core   0: 0x00001000 (0x00000297) auipc   t0, 0x0
core   0: 3 0x00001000 (0x00000297) x 5 0x00001000
core   0: 0x00001004 (0x02028593) addi    a1, t0, 32
core   0: 3 0x00001004 (0x02028593) x11 0x00001020
core   0: 0x00001008 (0xf1402573) csrr    a0, mhartid
core   0: 3 0x00001008 (0xf1402573) x10 0x00000000
core   0: 0x0000100c (0x0182a283) lw      t0, 24(t0)
core   0: 3 0x0000100c (0x0182a283) x 5 0x80000000 mem 0x00001018
core   0: 0x00001010 (0x00028067) jr      t0
core   0: 3 0x00001010 (0x00028067)
core   0: 0x80000000 (0xf14022f3) csrr    t0, mhartid
core   0: 3 0x80000000 (0xf14022f3) x 5 0x00000000
core   0: 0x80000004 (0x00000313) li      t1, 0
core   0: 3 0x80000004 (0x00000313) x 6 0x00000000
core   0: 0x80000008 (0x00628263) beq     t0, t1, pc + 4
core   0: 3 0x80000008 (0x00628263)
core   0: 0x8000000c (0x00000717) auipc   a4, 0x0
core   0: 3 0x8000000c (0x00000717) x14 0x8000000c
core   0: 0x80000010 (0x00c70713) addi    a4, a4, 12
core   0: 3 0x80000010 (0x00c70713) x14 0x80000018
core   0: 0x80000014 (0x00070067) jr      a4
core   0: 3 0x80000014 (0x00070067)
core   0: 0x80000018 (0x400019b7) lui     s3, 0x40001
core   0: 3 0x80000018 (0x400019b7) x19 0x40001000
core   0: 0x8000001c (0x10498993) addi    s3, s3, 260
core   0: 3 0x8000001c (0x10498993) x19 0x40001104
core   0: 0x80000020 (0x30199073) csrw    misa, s3
core   0: 3 0x80000020 (0x30199073) c769_misa 0x40141100
core   0: 0x80000024 (0x0002ad97) auipc   s11, 0x2a
core   0: 3 0x80000024 (0x0002ad97) x27 0x8002a024
core   0: 0x80000028 (0xcc0d8d93) addi    s11, s11, -832
core   0: 3 0x80000028 (0xcc0d8d93) x27 0x80029ce4
core   0: 0x8000002c (0x0000f997) auipc   s3, 0xf
core   0: 3 0x8000002c (0x0000f997) x19 0x8000f02c
core   0: 0x80000030 (0xbb498993) addi    s3, s3, -1100
core   0: 3 0x80000030 (0xbb498993) x19 0x8000ebe0
core   0: 0x80000034 (0x0019e993) ori     s3, s3, 1
core   0: 3 0x80000034 (0x0019e993) x19 0x8000ebe1
core   0: 0x80000038 (0x30599073) csrw    mtvec, s3
core   0: 3 0x80000038 (0x30599073) c773_mtvec 0x8000ebe1
core   0: 0x8000003c (0x00000997) auipc   s3, 0x0
core   0: 3 0x8000003c (0x00000997) x19 0x8000003c
core   0: 0x80000040 (0x02898993) addi    s3, s3, 40
core   0: 3 0x80000040 (0x02898993) x19 0x80000064
core   0: 0x80000044 (0x34199073) csrw    mepc, s3
core   0: 3 0x80000044 (0x34199073) c833_mepc 0x80000064
core   0: 0x80000048 (0x00000013) nop
core   0: 3 0x80000048 (0x00000013)
core   0: 0x8000004c (0x000029b7) lui     s3, 0x2
core   0: 3 0x8000004c (0x000029b7) x19 0x00002000
core   0: 0x80000050 (0x80098993) addi    s3, s3, -2048
core   0: 3 0x80000050 (0x80098993) x19 0x00001800
core   0: 0x80000054 (0x30099073) csrw    mstatus, s3
core   0: 3 0x80000054 (0x30099073) c768_mstatus 0x00001800
core   0: 0x80000058 (0x00000993) li      s3, 0
core   0: 3 0x80000058 (0x00000993) x19 0x00000000
core   0: 0x8000005c (0x30499073) csrw    mie, s3
core   0: 3 0x8000005c (0x30499073) c772_mie 0x00000000
core   0: 0x80000060 (0x30200073) mret
core   0: 3 0x80000060 (0x30200073) c768_mstatus 0x00000080
core   0: >>>>  init
core   0: 0x80000064 (0xd1485037) lui     zero, 0xd1485
core   0: 3 0x80000064 (0xd1485037)
core   0: 0x80000068 (0x6b200013) li      zero, 1714
core   0: 3 0x80000068 (0x6b200013)
core   0: 0x8000006c (0x9ed370b7) lui     ra, 0x9ed37
core   0: 3 0x8000006c (0x9ed370b7) x 1 0x9ed37000
core   0: 0x80000070 (0x04d08093) addi    ra, ra, 77
core   0: 3 0x80000070 (0x04d08093) x 1 0x9ed3704d
core   0: 0x80000074 (0x80000137) lui     sp, 0x80000
core   0: 3 0x80000074 (0x80000137) x 2 0x80000000
core   0: 0x80000078 (0x00000193) li      gp, 0
core   0: 3 0x80000078 (0x00000193) x 3 0x00000000
core   0: 0x8000007c (0x80000237) lui     tp, 0x80000
core   0: 3 0x8000007c (0x80000237) x 4 0x80000000
core   0: 0x80000080 (0x800002b7) lui     t0, 0x80000
core   0: 3 0x80000080 (0x800002b7) x 5 0x80000000
core   0: 0x80000084 (0x80000337) lui     t1, 0x80000
core   0: 3 0x80000084 (0x80000337) x 6 0x80000000
core   0: 0x80000088 (0x0f4d43b7) lui     t2, 0xf4d4
core   0: 3 0x80000088 (0x0f4d43b7) x 7 0x0f4d4000
core   0: 0x8000008c (0x11e38393) addi    t2, t2, 286
core   0: 3 0x8000008c (0x11e38393) x 7 0x0f4d411e
core   0: 0x80000090 (0xeb0db437) lui     s0, 0xeb0db
core   0: 3 0x80000090 (0xeb0db437) x 8 0xeb0db000
core   0: 0x80000094 (0x0e640413) addi    s0, s0, 230
core   0: 3 0x80000094 (0x0e640413) x 8 0xeb0db0e6
core   0: 0x80000098 (0xfeed84b7) lui     s1, 0xfeed8
core   0: 3 0x80000098 (0xfeed84b7) x 9 0xfeed8000
core   0: 0x8000009c (0x85d48493) addi    s1, s1, -1955
core   0: 3 0x8000009c (0x85d48493) x 9 0xfeed785d
core   0: 0x800000a0 (0x00000513) li      a0, 0
core   0: 3 0x800000a0 (0x00000513) x10 0x00000000
core   0: 0x800000a4 (0x800005b7) lui     a1, 0x80000
core   0: 3 0x800000a4 (0x800005b7) x11 0x80000000
core   0: 0x800000a8 (0x80000637) lui     a2, 0x80000
core   0: 3 0x800000a8 (0x80000637) x12 0x80000000
core   0: 0x800000ac (0xd7f6c6b7) lui     a3, 0xd7f6c
core   0: 3 0x800000ac (0xd7f6c6b7) x13 0xd7f6c000
core   0: 0x800000b0 (0xcbf68693) addi    a3, a3, -833
core   0: 3 0x800000b0 (0xcbf68693) x13 0xd7f6bcbf
core   0: 0x800000b4 (0xeb14e737) lui     a4, 0xeb14e
core   0: 3 0x800000b4 (0xeb14e737) x14 0xeb14e000
core   0: 0x800000b8 (0xae670713) addi    a4, a4, -1306
core   0: 3 0x800000b8 (0xae670713) x14 0xeb14dae6
core   0: 0x800000bc (0x2045d7b7) lui     a5, 0x2045d
core   0: 3 0x800000bc (0x2045d7b7) x15 0x2045d000
core   0: 0x800000c0 (0x15078793) addi    a5, a5, 336
core   0: 3 0x800000c0 (0x15078793) x15 0x2045d150
core   0: 0x800000c4 (0xfe667837) lui     a6, 0xfe667
core   0: 3 0x800000c4 (0xfe667837) x16 0xfe667000
core   0: 0x800000c8 (0x2bc80813) addi    a6, a6, 700
core   0: 3 0x800000c8 (0x2bc80813) x16 0xfe6672bc
core   0: 0x800000cc (0xfc51a8b7) lui     a7, 0xfc51a
core   0: 3 0x800000cc (0xfc51a8b7) x17 0xfc51a000
core   0: 0x800000d0 (0xf3888893) addi    a7, a7, -200
core   0: 3 0x800000d0 (0xf3888893) x17 0xfc519f38
core   0: 0x800000d4 (0xfa1a2937) lui     s2, 0xfa1a2
core   0: 3 0x800000d4 (0xfa1a2937) x18 0xfa1a2000
core   0: 0x800000d8 (0x13490913) addi    s2, s2, 308
core   0: 3 0x800000d8 (0x13490913) x18 0xfa1a2134
core   0: 0x800000dc (0x00f00993) li      s3, 15
core   0: 3 0x800000dc (0x00f00993) x19 0x0000000f
core   0: 0x800000e0 (0x00000a13) li      s4, 0
core   0: 3 0x800000e0 (0x00000a13) x20 0x00000000
core   0: 0x800000e4 (0x00d00a93) li      s5, 13
core   0: 3 0x800000e4 (0x00d00a93) x21 0x0000000d
core   0: 0x800000e8 (0x80000bb7) lui     s7, 0x80000
core   0: 3 0x800000e8 (0x80000bb7) x23 0x80000000
core   0: 0x800000ec (0x00000c13) li      s8, 0
core   0: 3 0x800000ec (0x00000c13) x24 0x00000000
core   0: 0x800000f0 (0xf9941cb7) lui     s9, 0xf9941
core   0: 3 0x800000f0 (0xf9941cb7) x25 0xf9941000
core   0: 0x800000f4 (0xb73c8c93) addi    s9, s9, -1165
core   0: 3 0x800000f4 (0xb73c8c93) x25 0xf9940b73
core   0: 0x800000f8 (0x00000d13) li      s10, 0
core   0: 3 0x800000f8 (0x00000d13) x26 0x00000000
core   0: 0x800000fc (0x00000e13) li      t3, 0
core   0: 3 0x800000fc (0x00000e13) x28 0x00000000
core   0: 0x80000100 (0x00000e93) li      t4, 0
core   0: 3 0x80000100 (0x00000e93) x29 0x00000000
core   0: 0x80000104 (0xf27bcf37) lui     t5, 0xf27bc
core   0: 3 0x80000104 (0xf27bcf37) x30 0xf27bc000
core   0: 0x80000108 (0xd24f0f13) addi    t5, t5, -732
core   0: 3 0x80000108 (0xd24f0f13) x30 0xf27bbd24
core   0: 0x8000010c (0x80000fb7) lui     t6, 0x80000
core   0: 3 0x8000010c (0x80000fb7) x31 0x80000000
core   0: 0x80000110 (0x00026b17) auipc   s6, 0x26
core   0: 3 0x80000110 (0x00026b17) x22 0x80026110
core   0: 0x80000114 (0xd54b0b13) addi    s6, s6, -684
core   0: 3 0x80000114 (0xd54b0b13) x22 0x80025e64
core   0: 0x80000118 (0x00600493) li      s1, 6
core   0: 3 0x80000118 (0x00600493) x 9 0x00000006
core   0: 0x8000011c (0x40060a33) sub     s4, a2, zero
core   0: 3 0x8000011c (0x40060a33) x20 0x80000000
core   0: 0x80000120 (0x7c9fcc97) auipc   s9, 0x7c9fc
core   0: 3 0x80000120 (0x7c9fcc97) x25 0xfc9fc120
core   0: 0x80000124 (0x00755593) srli    a1, a0, 7
core   0: 3 0x80000124 (0x00755593) x11 0x00000000
core   0: 0x80000128 (0x011cbbb3) sltu    s7, s9, a7
core   0: 3 0x80000128 (0x011cbbb3) x23 0x00000000
core   0: 0x8000012c (0xd883f393) andi    t2, t2, -632
core   0: 3 0x8000012c (0xd883f393) x 7 0x0f4d4108
core   0: 0x80000130 (0xff300a93) li      s5, -13
core   0: 3 0x80000130 (0xff300a93) x21 0xfffffff3
core   0: 0x80000134 (0x038c63b3) rem     t2, s8, s8
core   0: 3 0x80000134 (0x038c63b3) x 7 0x00000000
core   0: 0x80000138 (0x023ef7b3) remu    a5, t4, gp
core   0: 3 0x80000138 (0x023ef7b3) x15 0x00000000
core   0: 0x8000013c (0x03980033) mul     zero, a6, s9
core   0: 3 0x8000013c (0x03980033)
core   0: 0x80000140 (0xff748493) addi    s1, s1, -9
core   0: 3 0x80000140 (0xff748493) x 9 0xfffffffd
core   0: 0x80000144 (0x01151813) slli    a6, a0, 17
core   0: 3 0x80000144 (0x01151813) x16 0x00000000
core   0: 0x80000148 (0x01606833) or      a6, zero, s6
core   0: 3 0x80000148 (0x01606833) x16 0x80025e64
core   0: 0x8000014c (0x02b1ef33) rem     t5, gp, a1
core   0: 3 0x8000014c (0x02b1ef33) x30 0x00000000
core   0: 0x80000150 (0x8c44e893) ori     a7, s1, -1852
core   0: 3 0x80000150 (0x8c44e893) x17 0xfffffffd
core   0: 0x80000154 (0x258f4593) xori    a1, t5, 600
core   0: 3 0x80000154 (0x258f4593) x11 0x00000258
core   0: 0x80000158 (0x01a163b3) or      t2, sp, s10
core   0: 3 0x80000158 (0x01a163b3) x 7 0x80000000
core   0: 0x8000015c (0x00527fb3) and     t6, tp, t0
core   0: 3 0x8000015c (0x00527fb3) x31 0x80000000
core   0: 0x80000160 (0x004f9633) sll     a2, t6, tp
core   0: 3 0x80000160 (0x004f9633) x12 0x80000000
core   0: 0x80000164 (0x03039833) mulh    a6, t2, a6
core   0: 3 0x80000164 (0x03039833) x16 0x3ffed0ce
core   0: 0x80000168 (0x019f5833) srl     a6, t5, s9
core   0: 3 0x80000168 (0x019f5833) x16 0x00000000
core   0: 0x8000016c (0x014aae33) slt     t3, s5, s4
core   0: 3 0x8000016c (0x014aae33) x28 0x00000000
core   0: 0x80000170 (0x00c395b3) sll     a1, t2, a2
core   0: 3 0x80000170 (0x00c395b3) x11 0x80000000
core   0: 0x80000174 (0xfd54d0e3) bge     s1, s5, pc - 64
core   0: 3 0x80000174 (0xfd54d0e3)
core   0: 0x80000134 (0x038c63b3) rem     t2, s8, s8
core   0: 3 0x80000134 (0x038c63b3) x 7 0x00000000
core   0: 0x80000138 (0x023ef7b3) remu    a5, t4, gp
core   0: 3 0x80000138 (0x023ef7b3) x15 0x00000000
core   0: 0x8000013c (0x03980033) mul     zero, a6, s9
core   0: 3 0x8000013c (0x03980033)
core   0: 0x80000140 (0xff748493) addi    s1, s1, -9
core   0: 3 0x80000140 (0xff748493) x 9 0xfffffff4
core   0: 0x80000144 (0x01151813) slli    a6, a0, 17
core   0: 3 0x80000144 (0x01151813) x16 0x00000000
core   0: 0x80000148 (0x01606833) or      a6, zero, s6
core   0: 3 0x80000148 (0x01606833) x16 0x80025e64
core   0: 0x8000014c (0x02b1ef33) rem     t5, gp, a1
core   0: 3 0x8000014c (0x02b1ef33) x30 0x00000000
core   0: 0x80000150 (0x8c44e893) ori     a7, s1, -1852
core   0: 3 0x80000150 (0x8c44e893) x17 0xfffffff4
core   0: 0x80000154 (0x258f4593) xori    a1, t5, 600
core   0: 3 0x80000154 (0x258f4593) x11 0x00000258
core   0: 0x80000158 (0x01a163b3) or      t2, sp, s10
core   0: 3 0x80000158 (0x01a163b3) x 7 0x80000000
core   0: 0x8000015c (0x00527fb3) and     t6, tp, t0
core   0: 3 0x8000015c (0x00527fb3) x31 0x80000000
core   0: 0x80000160 (0x004f9633) sll     a2, t6, tp
core   0: 3 0x80000160 (0x004f9633) x12 0x80000000
core   0: 0x80000164 (0x03039833) mulh    a6, t2, a6
core   0: 3 0x80000164 (0x03039833) x16 0x3ffed0ce
core   0: 0x80000168 (0x019f5833) srl     a6, t5, s9
core   0: 3 0x80000168 (0x019f5833) x16 0x00000000
core   0: 0x8000016c (0x014aae33) slt     t3, s5, s4
core   0: 3 0x8000016c (0x014aae33) x28 0x00000000
core   0: 0x80000170 (0x00c395b3) sll     a1, t2, a2
core   0: 3 0x80000170 (0x00c395b3) x11 0x80000000
core   0: 0x80000174 (0xfd54d0e3) bge     s1, s5, pc - 64
core   0: 3 0x80000174 (0xfd54d0e3)
core   0: 0x80000134 (0x038c63b3) rem     t2, s8, s8
core   0: 3 0x80000134 (0x038c63b3) x 7 0x00000000
core   0: 0x80000138 (0x023ef7b3) remu    a5, t4, gp
core   0: 3 0x80000138 (0x023ef7b3) x15 0x00000000
core   0: 0x8000013c (0x03980033) mul     zero, a6, s9
core   0: 3 0x8000013c (0x03980033)
core   0: 0x80000140 (0xff748493) addi    s1, s1, -9
core   0: 3 0x80000140 (0xff748493) x 9 0xffffffeb
core   0: 0x80000144 (0x01151813) slli    a6, a0, 17
core   0: 3 0x80000144 (0x01151813) x16 0x00000000
core   0: 0x80000148 (0x01606833) or      a6, zero, s6
core   0: 3 0x80000148 (0x01606833) x16 0x80025e64
core   0: 0x8000014c (0x02b1ef33) rem     t5, gp, a1
core   0: 3 0x8000014c (0x02b1ef33) x30 0x00000000
core   0: 0x80000150 (0x8c44e893) ori     a7, s1, -1852
core   0: 3 0x80000150 (0x8c44e893) x17 0xffffffef
core   0: 0x80000154 (0x258f4593) xori    a1, t5, 600
core   0: 3 0x80000154 (0x258f4593) x11 0x00000258
core   0: 0x80000158 (0x01a163b3) or      t2, sp, s10
core   0: 3 0x80000158 (0x01a163b3) x 7 0x80000000
core   0: 0x8000015c (0x00527fb3) and     t6, tp, t0
core   0: 3 0x8000015c (0x00527fb3) x31 0x80000000
core   0: 0x80000160 (0x004f9633) sll     a2, t6, tp
core   0: 3 0x80000160 (0x004f9633) x12 0x80000000
core   0: 0x80000164 (0x03039833) mulh    a6, t2, a6
core   0: 3 0x80000164 (0x03039833) x16 0x3ffed0ce
core   0: 0x80000168 (0x019f5833) srl     a6, t5, s9
core   0: 3 0x80000168 (0x019f5833) x16 0x00000000
core   0: 0x8000016c (0x014aae33) slt     t3, s5, s4
core   0: 3 0x8000016c (0x014aae33) x28 0x00000000
core   0: 0x80000170 (0x00c395b3) sll     a1, t2, a2
core   0: 3 0x80000170 (0x00c395b3) x11 0x80000000
core   0: 0x80000174 (0xfd54d0e3) bge     s1, s5, pc - 64
core   0: 3 0x80000174 (0xfd54d0e3)
core   0: 0x80000178 (0xae427517) auipc   a0, 0xae427
core   0: 3 0x80000178 (0xae427517) x10 0x2e427178
core   0: 0x8000017c (0xff900793) li      a5, -7
core   0: 3 0x8000017c (0xff900793) x15 0xfffffff9
core   0: 0x80000180 (0x01edd333) srl     t1, s11, t5
core   0: 3 0x80000180 (0x01edd333) x 6 0x80029ce4
core   0: 0x80000184 (0xea6da393) slti    t2, s11, -346
core   0: 3 0x80000184 (0xea6da393) x 7 0x00000001
core   0: 0x80000188 (0x00e00193) li      gp, 14
core   0: 3 0x80000188 (0x00e00193) x 3 0x0000000e
core   0: 0x8000018c (0x11f3af93) slti    t6, t2, 287
core   0: 3 0x8000018c (0x11f3af93) x31 0x00000001
core   0: 0x80000190 (0x9e58b613) sltiu   a2, a7, -1563
core   0: 3 0x80000190 (0x9e58b613) x12 0x00000000
core   0: 0x80000194 (0x01c873b3) and     t2, a6, t3
core   0: 3 0x80000194 (0x01c873b3) x 7 0x00000000
core   0: 0x80000198 (0x4004d4b3) sra     s1, s1, zero
core   0: 3 0x80000198 (0x4004d4b3) x 9 0xffffffeb
core   0: 0x8000019c (0x000ddeb3) srl     t4, s11, zero
core   0: 3 0x8000019c (0x000ddeb3) x29 0x80029ce4
core   0: 0x800001a0 (0x00a78793) addi    a5, a5, 10
core   0: 3 0x800001a0 (0x00a78793) x15 0x00000003
core   0: 0x800001a4 (0x035959b3) divu    s3, s2, s5
core   0: 3 0x800001a4 (0x035959b3) x19 0x00000000
core   0: 0x800001a8 (0x93faa937) lui     s2, 0x93faa
core   0: 3 0x800001a8 (0x93faa937) x18 0x93faa000
core   0: 0x800001ac (0x0236d4b3) divu    s1, a3, gp
core   0: 3 0x800001ac (0x0236d4b3) x 9 0x0f6d0d7b
core   0: 0x800001b0 (0x0055a9b3) slt     s3, a1, t0
core   0: 3 0x800001b0 (0x0055a9b3) x19 0x00000000
core   0: 0x800001b4 (0x40afd693) srai    a3, t6, 10
core   0: 3 0x800001b4 (0x40afd693) x13 0x00000000
core   0: 0x800001b8 (0xfc37ece3) bltu    a5, gp, pc - 40
core   0: 3 0x800001b8 (0xfc37ece3)
core   0: 0x80000190 (0x9e58b613) sltiu   a2, a7, -1563
core   0: 3 0x80000190 (0x9e58b613) x12 0x00000000
core   0: 0x80000194 (0x01c873b3) and     t2, a6, t3
core   0: 3 0x80000194 (0x01c873b3) x 7 0x00000000
core   0: 0x80000198 (0x4004d4b3) sra     s1, s1, zero
core   0: 3 0x80000198 (0x4004d4b3) x 9 0x0f6d0d7b
core   0: 0x8000019c (0x000ddeb3) srl     t4, s11, zero
core   0: 3 0x8000019c (0x000ddeb3) x29 0x80029ce4
core   0: 0x800001a0 (0x00a78793) addi    a5, a5, 10
core   0: 3 0x800001a0 (0x00a78793) x15 0x0000000d
core   0: 0x800001a4 (0x035959b3) divu    s3, s2, s5
core   0: 3 0x800001a4 (0x035959b3) x19 0x00000000
core   0: 0x800001a8 (0x93faa937) lui     s2, 0x93faa
core   0: 3 0x800001a8 (0x93faa937) x18 0x93faa000
core   0: 0x800001ac (0x0236d4b3) divu    s1, a3, gp
core   0: 3 0x800001ac (0x0236d4b3) x 9 0x00000000
core   0: 0x800001b0 (0x0055a9b3) slt     s3, a1, t0
core   0: 3 0x800001b0 (0x0055a9b3) x19 0x00000000
core   0: 0x800001b4 (0x40afd693) srai    a3, t6, 10
core   0: 3 0x800001b4 (0x40afd693) x13 0x00000000
core   0: 0x800001b8 (0xfc37ece3) bltu    a5, gp, pc - 40
core   0: 3 0x800001b8 (0xfc37ece3)
core   0: 0x80000190 (0x9e58b613) sltiu   a2, a7, -1563
core   0: 3 0x80000190 (0x9e58b613) x12 0x00000000
core   0: 0x80000194 (0x01c873b3) and     t2, a6, t3
core   0: 3 0x80000194 (0x01c873b3) x 7 0x00000000
core   0: 0x80000198 (0x4004d4b3) sra     s1, s1, zero
core   0: 3 0x80000198 (0x4004d4b3) x 9 0x00000000
core   0: 0x8000019c (0x000ddeb3) srl     t4, s11, zero
core   0: 3 0x8000019c (0x000ddeb3) x29 0x80029ce4
core   0: 0x800001a0 (0x00a78793) addi    a5, a5, 10
core   0: 3 0x800001a0 (0x00a78793) x15 0x00000017
core   0: 0x800001a4 (0x035959b3) divu    s3, s2, s5
core   0: 3 0x800001a4 (0x035959b3) x19 0x00000000
core   0: 0x800001a8 (0x93faa937) lui     s2, 0x93faa
core   0: 3 0x800001a8 (0x93faa937) x18 0x93faa000
core   0: 0x800001ac (0x0236d4b3) divu    s1, a3, gp
core   0: 3 0x800001ac (0x0236d4b3) x 9 0x00000000
core   0: 0x800001b0 (0x0055a9b3) slt     s3, a1, t0
core   0: 3 0x800001b0 (0x0055a9b3) x19 0x00000000
core   0: 0x800001b4 (0x40afd693) srai    a3, t6, 10
core   0: 3 0x800001b4 (0x40afd693) x13 0x00000000
core   0: 0x800001b8 (0xfc37ece3) bltu    a5, gp, pc - 40
core   0: 3 0x800001b8 (0xfc37ece3)
core   0: 0x800001bc (0x030c99b3) mulh    s3, s9, a6
core   0: 3 0x800001bc (0x030c99b3) x19 0x00000000
core   0: 0x800001c0 (0x00700493) li      s1, 7
core   0: 3 0x800001c0 (0x00700493) x 9 0x00000007
core   0: 0x800001c4 (0x00cdb533) sltu    a0, s11, a2
core   0: 3 0x800001c4 (0x00cdb533) x10 0x00000000
core   0: 0x800001c8 (0xff600213) li      tp, -10
core   0: 3 0x800001c8 (0xff600213) x 4 0xfffffff6
core   0: 0x800001cc (0x00709d13) slli    s10, ra, 7
core   0: 3 0x800001cc (0x00709d13) x26 0x69b82680
core   0: 0x800001d0 (0x005689b3) add     s3, a3, t0
core   0: 3 0x800001d0 (0x005689b3) x19 0x80000000
core   0: 0x800001d4 (0x00000013) nop
core   0: 3 0x800001d4 (0x00000013)
core   0: 0x800001d8 (0x756e5c17) auipc   s8, 0x756e5
core   0: 3 0x800001d8 (0x756e5c17) x24 0xf56e51d8
core   0: 0x800001dc (0x016a4f33) xor     t5, s4, s6
core   0: 3 0x800001dc (0x016a4f33) x30 0x00025e64
core   0: 0x800001e0 (0xe27e2e97) auipc   t4, 0xe27e2
core   0: 3 0x800001e0 (0xe27e2e97) x29 0x627e21e0
core   0: 0x800001e4 (0x00ab6bb3) or      s7, s6, a0
core   0: 3 0x800001e4 (0x00ab6bb3) x23 0x80025e64
core   0: 0x800001e8 (0xff848493) addi    s1, s1, -8
core   0: 3 0x800001e8 (0xff848493) x 9 0xffffffff
core   0: 0x800001ec (0x417ed593) srai    a1, t4, 23
core   0: 3 0x800001ec (0x417ed593) x11 0x000000c4
core   0: 0x800001f0 (0x0340deb3) divu    t4, ra, s4
core   0: 3 0x800001f0 (0x0340deb3) x29 0x00000001
core   0: 0x800001f4 (0x00400793) li      a5, 4
core   0: 3 0x800001f4 (0x00400793) x15 0x00000004
core   0: 0x800001f8 (0x01c7e533) or      a0, a5, t3
core   0: 3 0x800001f8 (0x01c7e533) x10 0x00000004
core   0: 0x800001fc (0xe034fc13) andi    s8, s1, -509
core   0: 3 0x800001fc (0xe034fc13) x24 0xfffffe03
core   0: 0x80000200 (0x01d0d193) srli    gp, ra, 29
core   0: 3 0x80000200 (0x01d0d193) x 3 0x00000004
core   0: 0x80000204 (0x00400c93) li      s9, 4
core   0: 3 0x80000204 (0x00400c93) x25 0x00000004
core   0: 0x80000208 (0xa9983513) sltiu   a0, a6, -1383
core   0: 3 0x80000208 (0xa9983513) x10 0x00000001
core   0: 0x8000020c (0x036a05b3) mul     a1, s4, s6
core   0: 3 0x8000020c (0x036a05b3) x11 0x00000000
core   0: 0x80000210 (0x845bea13) ori     s4, s7, -1979
core   0: 3 0x80000210 (0x845bea13) x20 0xfffffe65
core   0: 0x80000214 (0x00b4aa33) slt     s4, s1, a1
core   0: 3 0x80000214 (0x00b4aa33) x20 0x00000001
core   0: 0x80000218 (0x00000013) nop
core   0: 3 0x80000218 (0x00000013)
core   0: 0x8000021c (0x00457d33) and     s10, a0, tp
core   0: 3 0x8000021c (0x00457d33) x26 0x00000000
core   0: 0x80000220 (0x03d64133) div     sp, a2, t4
core   0: 3 0x80000220 (0x03d64133) x 2 0x00000000
core   0: 0x80000224 (0x417805b3) sub     a1, a6, s7
core   0: 3 0x80000224 (0x417805b3) x11 0x7ffda19c
core   0: 0x80000228 (0xffd78793) addi    a5, a5, -3
core   0: 3 0x80000228 (0xffd78793) x15 0x00000001
core   0: 0x8000022c (0xff97f4e3) bgeu    a5, s9, pc - 24
core   0: 3 0x8000022c (0xff97f4e3)
core   0: 0x80000230 (0xec877e13) andi    t3, a4, -312
core   0: 3 0x80000230 (0xec877e13) x28 0xeb14dac0
core   0: 0x80000234 (0x409251b3) sra     gp, tp, s1
core   0: 3 0x80000234 (0x409251b3) x 3 0xffffffff
core   0: 0x80000238 (0x4d1f3f13) sltiu   t5, t5, 1233
core   0: 3 0x80000238 (0x4d1f3f13) x30 0x00000000
core   0: 0x8000023c (0x01599013) slli    zero, s3, 21
core   0: 3 0x8000023c (0x01599013)
core   0: 0x80000240 (0x02781033) mulh    zero, a6, t2
core   0: 3 0x80000240 (0x02781033)
core   0: 0x80000244 (0xf844d6e3) bge     s1, tp, pc - 116
core   0: 3 0x80000244 (0xf844d6e3)
core   0: 0x800001d0 (0x005689b3) add     s3, a3, t0
core   0: 3 0x800001d0 (0x005689b3) x19 0x80000000
core   0: 0x800001d4 (0x00000013) nop
core   0: 3 0x800001d4 (0x00000013)
core   0: 0x800001d8 (0x756e5c17) auipc   s8, 0x756e5
core   0: 3 0x800001d8 (0x756e5c17) x24 0xf56e51d8
core   0: 0x800001dc (0x016a4f33) xor     t5, s4, s6
core   0: 3 0x800001dc (0x016a4f33) x30 0x80025e65
core   0: 0x800001e0 (0xe27e2e97) auipc   t4, 0xe27e2
core   0: 3 0x800001e0 (0xe27e2e97) x29 0x627e21e0
core   0: 0x800001e4 (0x00ab6bb3) or      s7, s6, a0
core   0: 3 0x800001e4 (0x00ab6bb3) x23 0x80025e65
core   0: 0x800001e8 (0xff848493) addi    s1, s1, -8
core   0: 3 0x800001e8 (0xff848493) x 9 0xfffffff7
core   0: 0x800001ec (0x417ed593) srai    a1, t4, 23
core   0: 3 0x800001ec (0x417ed593) x11 0x000000c4
core   0: 0x800001f0 (0x0340deb3) divu    t4, ra, s4
core   0: 3 0x800001f0 (0x0340deb3) x29 0x9ed3704d
core   0: 0x800001f4 (0x00400793) li      a5, 4
core   0: 3 0x800001f4 (0x00400793) x15 0x00000004
core   0: 0x800001f8 (0x01c7e533) or      a0, a5, t3
core   0: 3 0x800001f8 (0x01c7e533) x10 0xeb14dac4
core   0: 0x800001fc (0xe034fc13) andi    s8, s1, -509
core   0: 3 0x800001fc (0xe034fc13) x24 0xfffffe03
core   0: 0x80000200 (0x01d0d193) srli    gp, ra, 29
core   0: 3 0x80000200 (0x01d0d193) x 3 0x00000004
core   0: 0x80000204 (0x00400c93) li      s9, 4
core   0: 3 0x80000204 (0x00400c93) x25 0x00000004
core   0: 0x80000208 (0xa9983513) sltiu   a0, a6, -1383
core   0: 3 0x80000208 (0xa9983513) x10 0x00000001
core   0: 0x8000020c (0x036a05b3) mul     a1, s4, s6
core   0: 3 0x8000020c (0x036a05b3) x11 0x80025e64
core   0: 0x80000210 (0x845bea13) ori     s4, s7, -1979
core   0: 3 0x80000210 (0x845bea13) x20 0xfffffe65
core   0: 0x80000214 (0x00b4aa33) slt     s4, s1, a1
core   0: 3 0x80000214 (0x00b4aa33) x20 0x00000000
core   0: 0x80000218 (0x00000013) nop
core   0: 3 0x80000218 (0x00000013)
core   0: 0x8000021c (0x00457d33) and     s10, a0, tp
core   0: 3 0x8000021c (0x00457d33) x26 0x00000000
core   0: 0x80000220 (0x03d64133) div     sp, a2, t4
core   0: 3 0x80000220 (0x03d64133) x 2 0x00000000
core   0: 0x80000224 (0x417805b3) sub     a1, a6, s7
core   0: 3 0x80000224 (0x417805b3) x11 0x7ffda19b
core   0: 0x80000228 (0xffd78793) addi    a5, a5, -3
core   0: 3 0x80000228 (0xffd78793) x15 0x00000001
core   0: 0x8000022c (0xff97f4e3) bgeu    a5, s9, pc - 24
core   0: 3 0x8000022c (0xff97f4e3)
core   0: 0x80000230 (0xec877e13) andi    t3, a4, -312
core   0: 3 0x80000230 (0xec877e13) x28 0xeb14dac0
core   0: 0x80000234 (0x409251b3) sra     gp, tp, s1
core   0: 3 0x80000234 (0x409251b3) x 3 0xffffffff
core   0: 0x80000238 (0x4d1f3f13) sltiu   t5, t5, 1233
core   0: 3 0x80000238 (0x4d1f3f13) x30 0x00000000
core   0: 0x8000023c (0x01599013) slli    zero, s3, 21
core   0: 3 0x8000023c (0x01599013)
core   0: 0x80000240 (0x02781033) mulh    zero, a6, t2
core   0: 3 0x80000240 (0x02781033)
core   0: 0x80000244 (0xf844d6e3) bge     s1, tp, pc - 116
core   0: 3 0x80000244 (0xf844d6e3)
core   0: 0x800001d0 (0x005689b3) add     s3, a3, t0
core   0: 3 0x800001d0 (0x005689b3) x19 0x80000000
core   0: 0x800001d4 (0x00000013) nop
core   0: 3 0x800001d4 (0x00000013)
core   0: 0x800001d8 (0x756e5c17) auipc   s8, 0x756e5
core   0: 3 0x800001d8 (0x756e5c17) x24 0xf56e51d8
core   0: 0x800001dc (0x016a4f33) xor     t5, s4, s6
core   0: 3 0x800001dc (0x016a4f33) x30 0x80025e64
core   0: 0x800001e0 (0xe27e2e97) auipc   t4, 0xe27e2
core   0: 3 0x800001e0 (0xe27e2e97) x29 0x627e21e0
core   0: 0x800001e4 (0x00ab6bb3) or      s7, s6, a0
core   0: 3 0x800001e4 (0x00ab6bb3) x23 0x80025e65
core   0: 0x800001e8 (0xff848493) addi    s1, s1, -8
core   0: 3 0x800001e8 (0xff848493) x 9 0xffffffef
core   0: 0x800001ec (0x417ed593) srai    a1, t4, 23
core   0: 3 0x800001ec (0x417ed593) x11 0x000000c4
core   0: 0x800001f0 (0x0340deb3) divu    t4, ra, s4
core   0: 3 0x800001f0 (0x0340deb3) x29 0xffffffff
core   0: 0x800001f4 (0x00400793) li      a5, 4
core   0: 3 0x800001f4 (0x00400793) x15 0x00000004
core   0: 0x800001f8 (0x01c7e533) or      a0, a5, t3
core   0: 3 0x800001f8 (0x01c7e533) x10 0xeb14dac4
core   0: 0x800001fc (0xe034fc13) andi    s8, s1, -509
core   0: 3 0x800001fc (0xe034fc13) x24 0xfffffe03
core   0: 0x80000200 (0x01d0d193) srli    gp, ra, 29
core   0: 3 0x80000200 (0x01d0d193) x 3 0x00000004
core   0: 0x80000204 (0x00400c93) li      s9, 4
core   0: 3 0x80000204 (0x00400c93) x25 0x00000004
core   0: 0x80000208 (0xa9983513) sltiu   a0, a6, -1383
core   0: 3 0x80000208 (0xa9983513) x10 0x00000001
core   0: 0x8000020c (0x036a05b3) mul     a1, s4, s6
core   0: 3 0x8000020c (0x036a05b3) x11 0x00000000
core   0: 0x80000210 (0x845bea13) ori     s4, s7, -1979
core   0: 3 0x80000210 (0x845bea13) x20 0xfffffe65
core   0: 0x80000214 (0x00b4aa33) slt     s4, s1, a1
core   0: 3 0x80000214 (0x00b4aa33) x20 0x00000001
core   0: 0x80000218 (0x00000013) nop
core   0: 3 0x80000218 (0x00000013)
core   0: 0x8000021c (0x00457d33) and     s10, a0, tp
core   0: 3 0x8000021c (0x00457d33) x26 0x00000000
core   0: 0x80000220 (0x03d64133) div     sp, a2, t4
core   0: 3 0x80000220 (0x03d64133) x 2 0x00000000
core   0: 0x80000224 (0x417805b3) sub     a1, a6, s7
core   0: 3 0x80000224 (0x417805b3) x11 0x7ffda19b
core   0: 0x80000228 (0xffd78793) addi    a5, a5, -3
core   0: 3 0x80000228 (0xffd78793) x15 0x00000001
core   0: 0x8000022c (0xff97f4e3) bgeu    a5, s9, pc - 24
core   0: 3 0x8000022c (0xff97f4e3)
core   0: 0x80000230 (0xec877e13) andi    t3, a4, -312
core   0: 3 0x80000230 (0xec877e13) x28 0xeb14dac0
core   0: 0x80000234 (0x409251b3) sra     gp, tp, s1
core   0: 3 0x80000234 (0x409251b3) x 3 0xffffffff
core   0: 0x80000238 (0x4d1f3f13) sltiu   t5, t5, 1233
core   0: 3 0x80000238 (0x4d1f3f13) x30 0x00000000
core   0: 0x8000023c (0x01599013) slli    zero, s3, 21
core   0: 3 0x8000023c (0x01599013)
core   0: 0x80000240 (0x02781033) mulh    zero, a6, t2
core   0: 3 0x80000240 (0x02781033)
core   0: 0x80000244 (0xf844d6e3) bge     s1, tp, pc - 116
core   0: 3 0x80000244 (0xf844d6e3)
core   0: 0x80000248 (0x02ae9433) mulh    s0, t4, a0
core   0: 3 0x80000248 (0x02ae9433) x 8 0xffffffff
core   0: 0x8000024c (0x00300d13) li      s10, 3
core   0: 3 0x8000024c (0x00300d13) x26 0x00000003
core   0: 0x80000250 (0x9ce6e413) ori     s0, a3, -1586
core   0: 3 0x80000250 (0x9ce6e413) x 8 0xfffff9ce
core   0: 0x80000254 (0x01d35313) srli    t1, t1, 29
core   0: 3 0x80000254 (0x01d35313) x 6 0x00000004
core   0: 0x80000258 (0x43174e93) xori    t4, a4, 1073
core   0: 3 0x80000258 (0x43174e93) x29 0xeb14ded7
core   0: 0x8000025c (0xed5de813) ori     a6, s11, -299
core   0: 3 0x8000025c (0xed5de813) x16 0xfffffef5
core   0: 0x80000260 (0x00000013) nop
core   0: 3 0x80000260 (0x00000013)
core   0: 0x80000264 (0xd021c693) xori    a3, gp, -766
core   0: 3 0x80000264 (0xd021c693) x13 0x000002fd
core   0: 0x80000268 (0x8478b593) sltiu   a1, a7, -1977
core   0: 3 0x80000268 (0x8478b593) x11 0x00000000
core   0: 0x8000026c (0x01200613) li      a2, 18
core   0: 3 0x8000026c (0x01200613) x12 0x00000012
core   0: 0x80000270 (0x9ff8a437) lui     s0, 0x9ff8a
core   0: 3 0x80000270 (0x9ff8a437) x 8 0x9ff8a000
core   0: 0x80000274 (0x00000013) nop
core   0: 3 0x80000274 (0x00000013)
core   0: 0x80000278 (0x01be7833) and     a6, t3, s11
core   0: 3 0x80000278 (0x01be7833) x16 0x800098c0
core   0: 0x8000027c (0xb5128593) addi    a1, t0, -1199
core   0: 3 0x8000027c (0xb5128593) x11 0x7ffffb51
core   0: 0x80000280 (0x0059f9b3) and     s3, s3, t0
core   0: 3 0x80000280 (0x0059f9b3) x19 0x80000000
core   0: 0x80000284 (0x019aee33) or      t3, s5, s9
core   0: 3 0x80000284 (0x019aee33) x28 0xfffffff7
core   0: 0x80000288 (0x401e08b3) sub     a7, t3, ra
core   0: 3 0x80000288 (0x401e08b3) x17 0x612c8faa
core   0: 0x8000028c (0x01d17433) and     s0, sp, t4
core   0: 3 0x8000028c (0x01d17433) x 8 0x00000000
core   0: 0x80000290 (0x03f2a0b3) mulhsu  ra, t0, t6
core   0: 3 0x80000290 (0x03f2a0b3) x 1 0xffffffff
core   0: 0x80000294 (0x405fd013) srai    zero, t6, 5
core   0: 3 0x80000294 (0x405fd013)
core   0: 0x80000298 (0x004d0d13) addi    s10, s10, 4
core   0: 3 0x80000298 (0x004d0d13) x26 0x00000007
core   0: 0x8000029c (0x56b5a213) slti    tp, a1, 1387
core   0: 3 0x8000029c (0x56b5a213) x 4 0x00000000
core   0: 0x800002a0 (0x01685f13) srli    t5, a6, 22
core   0: 3 0x800002a0 (0x01685f13) x30 0x00000200
core   0: 0x800002a4 (0x017a3933) sltu    s2, s4, s7
core   0: 3 0x800002a4 (0x017a3933) x18 0x00000001
core   0: 0x800002a8 (0xf41d7c93) andi    s9, s10, -191
core   0: 3 0x800002a8 (0xf41d7c93) x25 0x00000001
core   0: 0x800002ac (0x03a4eab3) rem     s5, s1, s10
core   0: 3 0x800002ac (0x03a4eab3) x21 0xfffffffd
core   0: 0x800002b0 (0x03cf6e33) rem     t3, t5, t3
core   0: 3 0x800002b0 (0x03cf6e33) x28 0x00000008
core   0: 0x800002b4 (0x01d21b93) slli    s7, tp, 29
core   0: 3 0x800002b4 (0x01d21b93) x23 0x00000000
core   0: 0x800002b8 (0xfacd4ee3) blt     s10, a2, pc - 68
core   0: 3 0x800002b8 (0xfacd4ee3)
core   0: 0x80000274 (0x00000013) nop
core   0: 3 0x80000274 (0x00000013)
core   0: 0x80000278 (0x01be7833) and     a6, t3, s11
core   0: 3 0x80000278 (0x01be7833) x16 0x00000000
core   0: 0x8000027c (0xb5128593) addi    a1, t0, -1199
core   0: 3 0x8000027c (0xb5128593) x11 0x7ffffb51
core   0: 0x80000280 (0x0059f9b3) and     s3, s3, t0
core   0: 3 0x80000280 (0x0059f9b3) x19 0x80000000
core   0: 0x80000284 (0x019aee33) or      t3, s5, s9
core   0: 3 0x80000284 (0x019aee33) x28 0xfffffffd
core   0: 0x80000288 (0x401e08b3) sub     a7, t3, ra
core   0: 3 0x80000288 (0x401e08b3) x17 0xfffffffe
core   0: 0x8000028c (0x01d17433) and     s0, sp, t4
core   0: 3 0x8000028c (0x01d17433) x 8 0x00000000
core   0: 0x80000290 (0x03f2a0b3) mulhsu  ra, t0, t6
core   0: 3 0x80000290 (0x03f2a0b3) x 1 0xffffffff
core   0: 0x80000294 (0x405fd013) srai    zero, t6, 5
core   0: 3 0x80000294 (0x405fd013)
core   0: 0x80000298 (0x004d0d13) addi    s10, s10, 4
core   0: 3 0x80000298 (0x004d0d13) x26 0x0000000b
core   0: 0x8000029c (0x56b5a213) slti    tp, a1, 1387
core   0: 3 0x8000029c (0x56b5a213) x 4 0x00000000
core   0: 0x800002a0 (0x01685f13) srli    t5, a6, 22
core   0: 3 0x800002a0 (0x01685f13) x30 0x00000000
core   0: 0x800002a4 (0x017a3933) sltu    s2, s4, s7
core   0: 3 0x800002a4 (0x017a3933) x18 0x00000000
core   0: 0x800002a8 (0xf41d7c93) andi    s9, s10, -191
core   0: 3 0x800002a8 (0xf41d7c93) x25 0x00000001
core   0: 0x800002ac (0x03a4eab3) rem     s5, s1, s10
core   0: 3 0x800002ac (0x03a4eab3) x21 0xfffffffa
core   0: 0x800002b0 (0x03cf6e33) rem     t3, t5, t3
core   0: 3 0x800002b0 (0x03cf6e33) x28 0x00000000
core   0: 0x800002b4 (0x01d21b93) slli    s7, tp, 29
core   0: 3 0x800002b4 (0x01d21b93) x23 0x00000000
core   0: 0x800002b8 (0xfacd4ee3) blt     s10, a2, pc - 68
core   0: 3 0x800002b8 (0xfacd4ee3)
core   0: 0x80000274 (0x00000013) nop
core   0: 3 0x80000274 (0x00000013)
core   0: 0x80000278 (0x01be7833) and     a6, t3, s11
core   0: 3 0x80000278 (0x01be7833) x16 0x00000000
core   0: 0x8000027c (0xb5128593) addi    a1, t0, -1199
core   0: 3 0x8000027c (0xb5128593) x11 0x7ffffb51
core   0: 0x80000280 (0x0059f9b3) and     s3, s3, t0
core   0: 3 0x80000280 (0x0059f9b3) x19 0x80000000
core   0: 0x80000284 (0x019aee33) or      t3, s5, s9
core   0: 3 0x80000284 (0x019aee33) x28 0xfffffffb
core   0: 0x80000288 (0x401e08b3) sub     a7, t3, ra
core   0: 3 0x80000288 (0x401e08b3) x17 0xfffffffc
core   0: 0x8000028c (0x01d17433) and     s0, sp, t4
core   0: 3 0x8000028c (0x01d17433) x 8 0x00000000
core   0: 0x80000290 (0x03f2a0b3) mulhsu  ra, t0, t6
core   0: 3 0x80000290 (0x03f2a0b3) x 1 0xffffffff
core   0: 0x80000294 (0x405fd013) srai    zero, t6, 5
core   0: 3 0x80000294 (0x405fd013)
core   0: 0x80000298 (0x004d0d13) addi    s10, s10, 4
core   0: 3 0x80000298 (0x004d0d13) x26 0x0000000f
core   0: 0x8000029c (0x56b5a213) slti    tp, a1, 1387
core   0: 3 0x8000029c (0x56b5a213) x 4 0x00000000
core   0: 0x800002a0 (0x01685f13) srli    t5, a6, 22
core   0: 3 0x800002a0 (0x01685f13) x30 0x00000000
core   0: 0x800002a4 (0x017a3933) sltu    s2, s4, s7
core   0: 3 0x800002a4 (0x017a3933) x18 0x00000000
core   0: 0x800002a8 (0xf41d7c93) andi    s9, s10, -191
core   0: 3 0x800002a8 (0xf41d7c93) x25 0x00000001
core   0: 0x800002ac (0x03a4eab3) rem     s5, s1, s10
core   0: 3 0x800002ac (0x03a4eab3) x21 0xfffffffe
core   0: 0x800002b0 (0x03cf6e33) rem     t3, t5, t3
core   0: 3 0x800002b0 (0x03cf6e33) x28 0x00000000
core   0: 0x800002b4 (0x01d21b93) slli    s7, tp, 29
core   0: 3 0x800002b4 (0x01d21b93) x23 0x00000000
core   0: 0x800002b8 (0xfacd4ee3) blt     s10, a2, pc - 68
core   0: 3 0x800002b8 (0xfacd4ee3)
core   0: 0x80000274 (0x00000013) nop
core   0: 3 0x80000274 (0x00000013)
core   0: 0x80000278 (0x01be7833) and     a6, t3, s11
core   0: 3 0x80000278 (0x01be7833) x16 0x00000000
core   0: 0x8000027c (0xb5128593) addi    a1, t0, -1199
core   0: 3 0x8000027c (0xb5128593) x11 0x7ffffb51
core   0: 0x80000280 (0x0059f9b3) and     s3, s3, t0
core   0: 3 0x80000280 (0x0059f9b3) x19 0x80000000
core   0: 0x80000284 (0x019aee33) or      t3, s5, s9
core   0: 3 0x80000284 (0x019aee33) x28 0xffffffff
core   0: 0x80000288 (0x401e08b3) sub     a7, t3, ra
core   0: 3 0x80000288 (0x401e08b3) x17 0x00000000
core   0: 0x8000028c (0x01d17433) and     s0, sp, t4
core   0: 3 0x8000028c (0x01d17433) x 8 0x00000000
core   0: 0x80000290 (0x03f2a0b3) mulhsu  ra, t0, t6
core   0: 3 0x80000290 (0x03f2a0b3) x 1 0xffffffff
core   0: 0x80000294 (0x405fd013) srai    zero, t6, 5
core   0: 3 0x80000294 (0x405fd013)
core   0: 0x80000298 (0x004d0d13) addi    s10, s10, 4
core   0: 3 0x80000298 (0x004d0d13) x26 0x00000013
core   0: 0x8000029c (0x56b5a213) slti    tp, a1, 1387
core   0: 3 0x8000029c (0x56b5a213) x 4 0x00000000
core   0: 0x800002a0 (0x01685f13) srli    t5, a6, 22
core   0: 3 0x800002a0 (0x01685f13) x30 0x00000000
core   0: 0x800002a4 (0x017a3933) sltu    s2, s4, s7
core   0: 3 0x800002a4 (0x017a3933) x18 0x00000000
core   0: 0x800002a8 (0xf41d7c93) andi    s9, s10, -191
core   0: 3 0x800002a8 (0xf41d7c93) x25 0x00000001
core   0: 0x800002ac (0x03a4eab3) rem     s5, s1, s10
core   0: 3 0x800002ac (0x03a4eab3) x21 0xffffffef
core   0: 0x800002b0 (0x03cf6e33) rem     t3, t5, t3
core   0: 3 0x800002b0 (0x03cf6e33) x28 0x00000000
core   0: 0x800002b4 (0x01d21b93) slli    s7, tp, 29
core   0: 3 0x800002b4 (0x01d21b93) x23 0x00000000
core   0: 0x800002b8 (0xfacd4ee3) blt     s10, a2, pc - 68
core   0: 3 0x800002b8 (0xfacd4ee3)
core   0: 0x800002bc (0x0017c233) xor     tp, a5, ra
core   0: 3 0x800002bc (0x0017c233) x 4 0xfffffffe
core   0: 0x800002c0 (0xff700593) li      a1, -9
core   0: 3 0x800002c0 (0xff700593) x11 0xfffffff7
core   0: 0x800002c4 (0x40f55ab3) sra     s5, a0, a5
core   0: 3 0x800002c4 (0x40f55ab3) x21 0x00000000
core   0: 0x800002c8 (0x01c21c33) sll     s8, tp, t3
core   0: 3 0x800002c8 (0x01c21c33) x24 0xfffffffe
core   0: 0x800002cc (0x98b9de97) auipc   t4, 0x98b9d
core   0: 3 0x800002cc (0x98b9de97) x29 0x18b9d2cc
core   0: 0x800002d0 (0x019c2333) slt     t1, s8, s9
core   0: 3 0x800002d0 (0x019c2333) x 6 0x00000001
core   0: 0x800002d4 (0x00d00293) li      t0, 13
core   0: 3 0x800002d4 (0x00d00293) x 5 0x0000000d
core   0: 0x800002d8 (0x028a1bb3) mulh    s7, s4, s0
core   0: 3 0x800002d8 (0x028a1bb3) x23 0x00000000
core   0: 0x800002dc (0x02ce41b3) div     gp, t3, a2
core   0: 3 0x800002dc (0x02ce41b3) x 3 0x00000000
core   0: 0x800002e0 (0x00558593) addi    a1, a1, 5
core   0: 3 0x800002e0 (0x00558593) x11 0xfffffffc
core   0: 0x800002e4 (0x75706313) ori     t1, zero, 1879
core   0: 3 0x800002e4 (0x75706313) x 6 0x00000757
core   0: 0x800002e8 (0x01cfde13) srli    t3, t6, 28
core   0: 3 0x800002e8 (0x01cfde13) x28 0x00000000
core   0: 0x800002ec (0xffa00493) li      s1, -6
core   0: 3 0x800002ec (0xffa00493) x 9 0xfffffffa
core   0: 0x800002f0 (0x01300d13) li      s10, 19
core   0: 3 0x800002f0 (0x01300d13) x26 0x00000013
core   0: 0x800002f4 (0xc89d7c13) andi    s8, s10, -887
core   0: 3 0x800002f4 (0xc89d7c13) x24 0x00000001
core   0: 0x800002f8 (0x7e958093) addi    ra, a1, 2025
core   0: 3 0x800002f8 (0x7e958093) x 1 0x000007e5
core   0: 0x800002fc (0xc507f397) auipc   t2, 0xc507f
core   0: 3 0x800002fc (0xc507f397) x 7 0x4507f2fc
core   0: 0x80000300 (0x03aaf133) remu    sp, s5, s10
core   0: 3 0x80000300 (0x03aaf133) x 2 0x00000000
core   0: 0x80000304 (0x00248493) addi    s1, s1, 2
core   0: 3 0x80000304 (0x00248493) x 9 0xfffffffc
core   0: 0x80000308 (0xffa4eae3) bltu    s1, s10, pc - 12
core   0: 3 0x80000308 (0xffa4eae3)
core   0: 0x8000030c (0xfc55e6e3) bltu    a1, t0, pc - 52
core   0: 3 0x8000030c (0xfc55e6e3)
core   0: 0x80000310 (0x003a81b3) add     gp, s5, gp
core   0: 3 0x80000310 (0x003a81b3) x 3 0x00000000
core   0: 0x80000314 (0x00900693) li      a3, 9
core   0: 3 0x80000314 (0x00900693) x13 0x00000009
core   0: 0x80000318 (0x00700893) li      a7, 7
core   0: 3 0x80000318 (0x00700893) x17 0x00000007
core   0: 0x8000031c (0x00eabab3) sltu    s5, s5, a4
core   0: 3 0x8000031c (0x00eabab3) x21 0x00000001
core   0: 0x80000320 (0xfff68693) addi    a3, a3, -1
core   0: 3 0x80000320 (0xfff68693) x13 0x00000008
core   0: 0x80000324 (0x0281cf33) div     t5, gp, s0
core   0: 3 0x80000324 (0x0281cf33) x30 0xffffffff
core   0: 0x80000328 (0x00c62333) slt     t1, a2, a2
core   0: 3 0x80000328 (0x00c62333) x 6 0x00000000
core   0: 0x8000032c (0x00100513) li      a0, 1
core   0: 3 0x8000032c (0x00100513) x10 0x00000001
core   0: 0x80000330 (0x01c41833) sll     a6, s0, t3
core   0: 3 0x80000330 (0x01c41833) x16 0x00000000
core   0: 0x80000334 (0x031a3d33) mulhu   s10, s4, a7
core   0: 3 0x80000334 (0x031a3d33) x26 0x00000000
core   0: 0x80000338 (0x00fe65b3) or      a1, t3, a5
core   0: 3 0x80000338 (0x00fe65b3) x11 0x00000001
core   0: 0x8000033c (0x011b3ab3) sltu    s5, s6, a7
core   0: 3 0x8000033c (0x011b3ab3) x21 0x00000000
core   0: 0x80000340 (0x3d1a4913) xori    s2, s4, 977
core   0: 3 0x80000340 (0x3d1a4913) x18 0x000003d0
core   0: 0x80000344 (0xff900993) li      s3, -7
core   0: 3 0x80000344 (0xff900993) x19 0xfffffff9
core   0: 0x80000348 (0x01b43bb3) sltu    s7, s0, s11
core   0: 3 0x80000348 (0x01b43bb3) x23 0x00000001
core   0: 0x8000034c (0x02d32333) mulhsu  t1, t1, a3
core   0: 3 0x8000034c (0x02d32333) x 6 0x00000000
core   0: 0x80000350 (0xffe50513) addi    a0, a0, -2
core   0: 3 0x80000350 (0xffe50513) x10 0xffffffff
core   0: 0x80000354 (0xff355ce3) bge     a0, s3, pc - 8
core   0: 3 0x80000354 (0xff355ce3)
core   0: 0x8000034c (0x02d32333) mulhsu  t1, t1, a3
core   0: 3 0x8000034c (0x02d32333) x 6 0x00000000
core   0: 0x80000350 (0xffe50513) addi    a0, a0, -2
core   0: 3 0x80000350 (0xffe50513) x10 0xfffffffd
core   0: 0x80000354 (0xff355ce3) bge     a0, s3, pc - 8
core   0: 3 0x80000354 (0xff355ce3)
core   0: 0x8000034c (0x02d32333) mulhsu  t1, t1, a3
core   0: 3 0x8000034c (0x02d32333) x 6 0x00000000
core   0: 0x80000350 (0xffe50513) addi    a0, a0, -2
core   0: 3 0x80000350 (0xffe50513) x10 0xfffffffb
core   0: 0x80000354 (0xff355ce3) bge     a0, s3, pc - 8
core   0: 3 0x80000354 (0xff355ce3)
core   0: 0x8000034c (0x02d32333) mulhsu  t1, t1, a3
core   0: 3 0x8000034c (0x02d32333) x 6 0x00000000
core   0: 0x80000350 (0xffe50513) addi    a0, a0, -2
core   0: 3 0x80000350 (0xffe50513) x10 0xfffffff9
core   0: 0x80000354 (0xff355ce3) bge     a0, s3, pc - 8
core   0: 3 0x80000354 (0xff355ce3)
core   0: 0x8000034c (0x02d32333) mulhsu  t1, t1, a3
core   0: 3 0x8000034c (0x02d32333) x 6 0x00000000
core   0: 0x80000350 (0xffe50513) addi    a0, a0, -2
core   0: 3 0x80000350 (0xffe50513) x10 0xfffffff7
core   0: 0x80000354 (0xff355ce3) bge     a0, s3, pc - 8
core   0: 3 0x80000354 (0xff355ce3)
core   0: 0x80000358 (0xfd16f2e3) bgeu    a3, a7, pc - 60
core   0: 3 0x80000358 (0xfd16f2e3)
core   0: 0x8000031c (0x00eabab3) sltu    s5, s5, a4
core   0: 3 0x8000031c (0x00eabab3) x21 0x00000001
core   0: 0x80000320 (0xfff68693) addi    a3, a3, -1
core   0: 3 0x80000320 (0xfff68693) x13 0x00000007
core   0: 0x80000324 (0x0281cf33) div     t5, gp, s0
core   0: 3 0x80000324 (0x0281cf33) x30 0xffffffff
core   0: 0x80000328 (0x00c62333) slt     t1, a2, a2
core   0: 3 0x80000328 (0x00c62333) x 6 0x00000000
core   0: 0x8000032c (0x00100513) li      a0, 1
core   0: 3 0x8000032c (0x00100513) x10 0x00000001
core   0: 0x80000330 (0x01c41833) sll     a6, s0, t3
core   0: 3 0x80000330 (0x01c41833) x16 0x00000000
core   0: 0x80000334 (0x031a3d33) mulhu   s10, s4, a7
core   0: 3 0x80000334 (0x031a3d33) x26 0x00000000
core   0: 0x80000338 (0x00fe65b3) or      a1, t3, a5
core   0: 3 0x80000338 (0x00fe65b3) x11 0x00000001
core   0: 0x8000033c (0x011b3ab3) sltu    s5, s6, a7
core   0: 3 0x8000033c (0x011b3ab3) x21 0x00000000
core   0: 0x80000340 (0x3d1a4913) xori    s2, s4, 977
core   0: 3 0x80000340 (0x3d1a4913) x18 0x000003d0
core   0: 0x80000344 (0xff900993) li      s3, -7
core   0: 3 0x80000344 (0xff900993) x19 0xfffffff9
core   0: 0x80000348 (0x01b43bb3) sltu    s7, s0, s11
core   0: 3 0x80000348 (0x01b43bb3) x23 0x00000001
core   0: 0x8000034c (0x02d32333) mulhsu  t1, t1, a3
core   0: 3 0x8000034c (0x02d32333) x 6 0x00000000
core   0: 0x80000350 (0xffe50513) addi    a0, a0, -2
core   0: 3 0x80000350 (0xffe50513) x10 0xffffffff
core   0: 0x80000354 (0xff355ce3) bge     a0, s3, pc - 8
core   0: 3 0x80000354 (0xff355ce3)
core   0: 0x8000034c (0x02d32333) mulhsu  t1, t1, a3
core   0: 3 0x8000034c (0x02d32333) x 6 0x00000000
core   0: 0x80000350 (0xffe50513) addi    a0, a0, -2
core   0: 3 0x80000350 (0xffe50513) x10 0xfffffffd
core   0: 0x80000354 (0xff355ce3) bge     a0, s3, pc - 8
core   0: 3 0x80000354 (0xff355ce3)
core   0: 0x8000034c (0x02d32333) mulhsu  t1, t1, a3
core   0: 3 0x8000034c (0x02d32333) x 6 0x00000000
core   0: 0x80000350 (0xffe50513) addi    a0, a0, -2
core   0: 3 0x80000350 (0xffe50513) x10 0xfffffffb
core   0: 0x80000354 (0xff355ce3) bge     a0, s3, pc - 8
core   0: 3 0x80000354 (0xff355ce3)
core   0: 0x8000034c (0x02d32333) mulhsu  t1, t1, a3
core   0: 3 0x8000034c (0x02d32333) x 6 0x00000000
core   0: 0x80000350 (0xffe50513) addi    a0, a0, -2
core   0: 3 0x80000350 (0xffe50513) x10 0xfffffff9
core   0: 0x80000354 (0xff355ce3) bge     a0, s3, pc - 8
core   0: 3 0x80000354 (0xff355ce3)
core   0: 0x8000034c (0x02d32333) mulhsu  t1, t1, a3
core   0: 3 0x8000034c (0x02d32333) x 6 0x00000000
core   0: 0x80000350 (0xffe50513) addi    a0, a0, -2
core   0: 3 0x80000350 (0xffe50513) x10 0xfffffff7
core   0: 0x80000354 (0xff355ce3) bge     a0, s3, pc - 8
core   0: 3 0x80000354 (0xff355ce3)
core   0: 0x80000358 (0xfd16f2e3) bgeu    a3, a7, pc - 60
core   0: 3 0x80000358 (0xfd16f2e3)
core   0: 0x8000031c (0x00eabab3) sltu    s5, s5, a4
core   0: 3 0x8000031c (0x00eabab3) x21 0x00000001
core   0: 0x80000320 (0xfff68693) addi    a3, a3, -1
core   0: 3 0x80000320 (0xfff68693) x13 0x00000006
core   0: 0x80000324 (0x0281cf33) div     t5, gp, s0
core   0: 3 0x80000324 (0x0281cf33) x30 0xffffffff
core   0: 0x80000328 (0x00c62333) slt     t1, a2, a2
core   0: 3 0x80000328 (0x00c62333) x 6 0x00000000
core   0: 0x8000032c (0x00100513) li      a0, 1
core   0: 3 0x8000032c (0x00100513) x10 0x00000001
core   0: 0x80000330 (0x01c41833) sll     a6, s0, t3
core   0: 3 0x80000330 (0x01c41833) x16 0x00000000
core   0: 0x80000334 (0x031a3d33) mulhu   s10, s4, a7
core   0: 3 0x80000334 (0x031a3d33) x26 0x00000000
core   0: 0x80000338 (0x00fe65b3) or      a1, t3, a5
core   0: 3 0x80000338 (0x00fe65b3) x11 0x00000001
core   0: 0x8000033c (0x011b3ab3) sltu    s5, s6, a7
core   0: 3 0x8000033c (0x011b3ab3) x21 0x00000000
core   0: 0x80000340 (0x3d1a4913) xori    s2, s4, 977
core   0: 3 0x80000340 (0x3d1a4913) x18 0x000003d0
core   0: 0x80000344 (0xff900993) li      s3, -7
core   0: 3 0x80000344 (0xff900993) x19 0xfffffff9
core   0: 0x80000348 (0x01b43bb3) sltu    s7, s0, s11
core   0: 3 0x80000348 (0x01b43bb3) x23 0x00000001
core   0: 0x8000034c (0x02d32333) mulhsu  t1, t1, a3
core   0: 3 0x8000034c (0x02d32333) x 6 0x00000000
core   0: 0x80000350 (0xffe50513) addi    a0, a0, -2
core   0: 3 0x80000350 (0xffe50513) x10 0xffffffff
core   0: 0x80000354 (0xff355ce3) bge     a0, s3, pc - 8
core   0: 3 0x80000354 (0xff355ce3)
core   0: 0x8000034c (0x02d32333) mulhsu  t1, t1, a3
core   0: 3 0x8000034c (0x02d32333) x 6 0x00000000
core   0: 0x80000350 (0xffe50513) addi    a0, a0, -2
core   0: 3 0x80000350 (0xffe50513) x10 0xfffffffd
core   0: 0x80000354 (0xff355ce3) bge     a0, s3, pc - 8
core   0: 3 0x80000354 (0xff355ce3)
core   0: 0x8000034c (0x02d32333) mulhsu  t1, t1, a3
core   0: 3 0x8000034c (0x02d32333) x 6 0x00000000
core   0: 0x80000350 (0xffe50513) addi    a0, a0, -2
core   0: 3 0x80000350 (0xffe50513) x10 0xfffffffb
core   0: 0x80000354 (0xff355ce3) bge     a0, s3, pc - 8
core   0: 3 0x80000354 (0xff355ce3)
core   0: 0x8000034c (0x02d32333) mulhsu  t1, t1, a3
core   0: 3 0x8000034c (0x02d32333) x 6 0x00000000
core   0: 0x80000350 (0xffe50513) addi    a0, a0, -2
core   0: 3 0x80000350 (0xffe50513) x10 0xfffffff9
core   0: 0x80000354 (0xff355ce3) bge     a0, s3, pc - 8
core   0: 3 0x80000354 (0xff355ce3)
core   0: 0x8000034c (0x02d32333) mulhsu  t1, t1, a3
core   0: 3 0x8000034c (0x02d32333) x 6 0x00000000
core   0: 0x80000350 (0xffe50513) addi    a0, a0, -2
core   0: 3 0x80000350 (0xffe50513) x10 0xfffffff7
core   0: 0x80000354 (0xff355ce3) bge     a0, s3, pc - 8
core   0: 3 0x80000354 (0xff355ce3)
core   0: 0x80000358 (0xfd16f2e3) bgeu    a3, a7, pc - 60
core   0: 3 0x80000358 (0xfd16f2e3)
core   0: 0x8000035c (0x034b2333) mulhsu  t1, s6, s4
core   0: 3 0x8000035c (0x034b2333) x 6 0xffffffff
core   0: 0x80000360 (0x00600613) li      a2, 6
core   0: 3 0x80000360 (0x00600613) x12 0x00000006
core   0: 0x80000364 (0x01000c13) li      s8, 16
core   0: 3 0x80000364 (0x01000c13) x24 0x00000010
core   0: 0x80000368 (0x010532b3) sltu    t0, a0, a6
core   0: 3 0x80000368 (0x010532b3) x 5 0x00000000
core   0: 0x8000036c (0xe84fa397) auipc   t2, 0xe84fa
core   0: 3 0x8000036c (0xe84fa397) x 7 0x684fa36c
core   0: 0x80000370 (0x7d57b693) sltiu   a3, a5, 2005
core   0: 3 0x80000370 (0x7d57b693) x13 0x00000001
core   0: 0x80000374 (0x00260613) addi    a2, a2, 2
core   0: 3 0x80000374 (0x00260613) x12 0x00000008
core   0: 0x80000378 (0x418abd13) sltiu   s10, s5, 1048
core   0: 3 0x80000378 (0x418abd13) x26 0x00000001
core   0: 0x8000037c (0x00200413) li      s0, 2
core   0: 3 0x8000037c (0x00200413) x 8 0x00000002
core   0: 0x80000380 (0xff900e13) li      t3, -7
core   0: 3 0x80000380 (0xff900e13) x28 0xfffffff9
core   0: 0x80000384 (0x00ff65b3) or      a1, t5, a5
core   0: 3 0x80000384 (0x00ff65b3) x11 0xffffffff
core   0: 0x80000388 (0x40d388b3) sub     a7, t2, a3
core   0: 3 0x80000388 (0x40d388b3) x17 0x684fa36b
core   0: 0x8000038c (0xf656bf93) sltiu   t6, a3, -155
core   0: 3 0x8000038c (0xf656bf93) x31 0x00000001
core   0: 0x80000390 (0x67658813) addi    a6, a1, 1654
core   0: 3 0x80000390 (0x67658813) x16 0x00000675
core   0: 0x80000394 (0x01289533) sll     a0, a7, s2
core   0: 3 0x80000394 (0x01289533) x10 0xa36b0000
core   0: 0x80000398 (0xff740413) addi    s0, s0, -9
core   0: 3 0x80000398 (0xff740413) x 8 0xfffffff9
core   0: 0x8000039c (0x033e3f33) mulhu   t5, t3, s3
core   0: 3 0x8000039c (0x033e3f33) x30 0xfffffff2
core   0: 0x800003a0 (0x0079f533) and     a0, s3, t2
core   0: 3 0x800003a0 (0x0079f533) x10 0x684fa368
core   0: 0x800003a4 (0x01b8abb3) slt     s7, a7, s11
core   0: 3 0x800003a4 (0x01b8abb3) x23 0x00000000
core   0: 0x800003a8 (0x6e5b6493) ori     s1, s6, 1765
core   0: 3 0x800003a8 (0x6e5b6493) x 9 0x80025ee5
core   0: 0x800003ac (0x00515193) srli    gp, sp, 5
core   0: 3 0x800003ac (0x00515193) x 3 0x00000000
core   0: 0x800003b0 (0xfdc40ee3) beq     s0, t3, pc - 36
core   0: 3 0x800003b0 (0xfdc40ee3)
core   0: 0x8000038c (0xf656bf93) sltiu   t6, a3, -155
core   0: 3 0x8000038c (0xf656bf93) x31 0x00000001
core   0: 0x80000390 (0x67658813) addi    a6, a1, 1654
core   0: 3 0x80000390 (0x67658813) x16 0x00000675
core   0: 0x80000394 (0x01289533) sll     a0, a7, s2
core   0: 3 0x80000394 (0x01289533) x10 0xa36b0000
core   0: 0x80000398 (0xff740413) addi    s0, s0, -9
core   0: 3 0x80000398 (0xff740413) x 8 0xfffffff0
core   0: 0x8000039c (0x033e3f33) mulhu   t5, t3, s3
core   0: 3 0x8000039c (0x033e3f33) x30 0xfffffff2
core   0: 0x800003a0 (0x0079f533) and     a0, s3, t2
core   0: 3 0x800003a0 (0x0079f533) x10 0x684fa368
core   0: 0x800003a4 (0x01b8abb3) slt     s7, a7, s11
core   0: 3 0x800003a4 (0x01b8abb3) x23 0x00000000
core   0: 0x800003a8 (0x6e5b6493) ori     s1, s6, 1765
core   0: 3 0x800003a8 (0x6e5b6493) x 9 0x80025ee5
core   0: 0x800003ac (0x00515193) srli    gp, sp, 5
core   0: 3 0x800003ac (0x00515193) x 3 0x00000000
core   0: 0x800003b0 (0xfdc40ee3) beq     s0, t3, pc - 36
core   0: 3 0x800003b0 (0xfdc40ee3)
core   0: 0x800003b4 (0xfb861ee3) bne     a2, s8, pc - 68
core   0: 3 0x800003b4 (0xfb861ee3)
core   0: 0x80000370 (0x7d57b693) sltiu   a3, a5, 2005
core   0: 3 0x80000370 (0x7d57b693) x13 0x00000001
core   0: 0x80000374 (0x00260613) addi    a2, a2, 2
core   0: 3 0x80000374 (0x00260613) x12 0x0000000a
core   0: 0x80000378 (0x418abd13) sltiu   s10, s5, 1048
core   0: 3 0x80000378 (0x418abd13) x26 0x00000001
core   0: 0x8000037c (0x00200413) li      s0, 2
core   0: 3 0x8000037c (0x00200413) x 8 0x00000002
core   0: 0x80000380 (0xff900e13) li      t3, -7
core   0: 3 0x80000380 (0xff900e13) x28 0xfffffff9
core   0: 0x80000384 (0x00ff65b3) or      a1, t5, a5
core   0: 3 0x80000384 (0x00ff65b3) x11 0xfffffff3
core   0: 0x80000388 (0x40d388b3) sub     a7, t2, a3
core   0: 3 0x80000388 (0x40d388b3) x17 0x684fa36b
core   0: 0x8000038c (0xf656bf93) sltiu   t6, a3, -155
core   0: 3 0x8000038c (0xf656bf93) x31 0x00000001
core   0: 0x80000390 (0x67658813) addi    a6, a1, 1654
core   0: 3 0x80000390 (0x67658813) x16 0x00000669
core   0: 0x80000394 (0x01289533) sll     a0, a7, s2
core   0: 3 0x80000394 (0x01289533) x10 0xa36b0000
core   0: 0x80000398 (0xff740413) addi    s0, s0, -9
core   0: 3 0x80000398 (0xff740413) x 8 0xfffffff9
core   0: 0x8000039c (0x033e3f33) mulhu   t5, t3, s3
core   0: 3 0x8000039c (0x033e3f33) x30 0xfffffff2
core   0: 0x800003a0 (0x0079f533) and     a0, s3, t2
core   0: 3 0x800003a0 (0x0079f533) x10 0x684fa368
core   0: 0x800003a4 (0x01b8abb3) slt     s7, a7, s11
core   0: 3 0x800003a4 (0x01b8abb3) x23 0x00000000
core   0: 0x800003a8 (0x6e5b6493) ori     s1, s6, 1765
core   0: 3 0x800003a8 (0x6e5b6493) x 9 0x80025ee5
core   0: 0x800003ac (0x00515193) srli    gp, sp, 5
core   0: 3 0x800003ac (0x00515193) x 3 0x00000000
core   0: 0x800003b0 (0xfdc40ee3) beq     s0, t3, pc - 36
core   0: 3 0x800003b0 (0xfdc40ee3)
core   0: 0x8000038c (0xf656bf93) sltiu   t6, a3, -155
core   0: 3 0x8000038c (0xf656bf93) x31 0x00000001
core   0: 0x80000390 (0x67658813) addi    a6, a1, 1654
core   0: 3 0x80000390 (0x67658813) x16 0x00000669
core   0: 0x80000394 (0x01289533) sll     a0, a7, s2
core   0: 3 0x80000394 (0x01289533) x10 0xa36b0000
core   0: 0x80000398 (0xff740413) addi    s0, s0, -9
core   0: 3 0x80000398 (0xff740413) x 8 0xfffffff0
core   0: 0x8000039c (0x033e3f33) mulhu   t5, t3, s3
core   0: 3 0x8000039c (0x033e3f33) x30 0xfffffff2
core   0: 0x800003a0 (0x0079f533) and     a0, s3, t2
core   0: 3 0x800003a0 (0x0079f533) x10 0x684fa368
core   0: 0x800003a4 (0x01b8abb3) slt     s7, a7, s11
core   0: 3 0x800003a4 (0x01b8abb3) x23 0x00000000
core   0: 0x800003a8 (0x6e5b6493) ori     s1, s6, 1765
core   0: 3 0x800003a8 (0x6e5b6493) x 9 0x80025ee5
core   0: 0x800003ac (0x00515193) srli    gp, sp, 5
core   0: 3 0x800003ac (0x00515193) x 3 0x00000000
core   0: 0x800003b0 (0xfdc40ee3) beq     s0, t3, pc - 36
core   0: 3 0x800003b0 (0xfdc40ee3)
core   0: 0x800003b4 (0xfb861ee3) bne     a2, s8, pc - 68
core   0: 3 0x800003b4 (0xfb861ee3)
core   0: 0x80000370 (0x7d57b693) sltiu   a3, a5, 2005
core   0: 3 0x80000370 (0x7d57b693) x13 0x00000001
core   0: 0x80000374 (0x00260613) addi    a2, a2, 2
core   0: 3 0x80000374 (0x00260613) x12 0x0000000c
core   0: 0x80000378 (0x418abd13) sltiu   s10, s5, 1048
core   0: 3 0x80000378 (0x418abd13) x26 0x00000001
core   0: 0x8000037c (0x00200413) li      s0, 2
core   0: 3 0x8000037c (0x00200413) x 8 0x00000002
core   0: 0x80000380 (0xff900e13) li      t3, -7
core   0: 3 0x80000380 (0xff900e13) x28 0xfffffff9
core   0: 0x80000384 (0x00ff65b3) or      a1, t5, a5
core   0: 3 0x80000384 (0x00ff65b3) x11 0xfffffff3
core   0: 0x80000388 (0x40d388b3) sub     a7, t2, a3
core   0: 3 0x80000388 (0x40d388b3) x17 0x684fa36b
core   0: 0x8000038c (0xf656bf93) sltiu   t6, a3, -155
core   0: 3 0x8000038c (0xf656bf93) x31 0x00000001
core   0: 0x80000390 (0x67658813) addi    a6, a1, 1654
core   0: 3 0x80000390 (0x67658813) x16 0x00000669
core   0: 0x80000394 (0x01289533) sll     a0, a7, s2
core   0: 3 0x80000394 (0x01289533) x10 0xa36b0000
core   0: 0x80000398 (0xff740413) addi    s0, s0, -9
core   0: 3 0x80000398 (0xff740413) x 8 0xfffffff9
core   0: 0x8000039c (0x033e3f33) mulhu   t5, t3, s3
core   0: 3 0x8000039c (0x033e3f33) x30 0xfffffff2
core   0: 0x800003a0 (0x0079f533) and     a0, s3, t2
core   0: 3 0x800003a0 (0x0079f533) x10 0x684fa368
core   0: 0x800003a4 (0x01b8abb3) slt     s7, a7, s11
core   0: 3 0x800003a4 (0x01b8abb3) x23 0x00000000
core   0: 0x800003a8 (0x6e5b6493) ori     s1, s6, 1765
core   0: 3 0x800003a8 (0x6e5b6493) x 9 0x80025ee5
core   0: 0x800003ac (0x00515193) srli    gp, sp, 5
core   0: 3 0x800003ac (0x00515193) x 3 0x00000000
core   0: 0x800003b0 (0xfdc40ee3) beq     s0, t3, pc - 36
core   0: 3 0x800003b0 (0xfdc40ee3)
core   0: 0x8000038c (0xf656bf93) sltiu   t6, a3, -155
core   0: 3 0x8000038c (0xf656bf93) x31 0x00000001
core   0: 0x80000390 (0x67658813) addi    a6, a1, 1654
core   0: 3 0x80000390 (0x67658813) x16 0x00000669
core   0: 0x80000394 (0x01289533) sll     a0, a7, s2
core   0: 3 0x80000394 (0x01289533) x10 0xa36b0000
core   0: 0x80000398 (0xff740413) addi    s0, s0, -9
core   0: 3 0x80000398 (0xff740413) x 8 0xfffffff0
core   0: 0x8000039c (0x033e3f33) mulhu   t5, t3, s3
core   0: 3 0x8000039c (0x033e3f33) x30 0xfffffff2
core   0: 0x800003a0 (0x0079f533) and     a0, s3, t2
core   0: 3 0x800003a0 (0x0079f533) x10 0x684fa368
core   0: 0x800003a4 (0x01b8abb3) slt     s7, a7, s11
core   0: 3 0x800003a4 (0x01b8abb3) x23 0x00000000
core   0: 0x800003a8 (0x6e5b6493) ori     s1, s6, 1765
core   0: 3 0x800003a8 (0x6e5b6493) x 9 0x80025ee5
core   0: 0x800003ac (0x00515193) srli    gp, sp, 5
core   0: 3 0x800003ac (0x00515193) x 3 0x00000000
core   0: 0x800003b0 (0xfdc40ee3) beq     s0, t3, pc - 36
core   0: 3 0x800003b0 (0xfdc40ee3)
core   0: 0x800003b4 (0xfb861ee3) bne     a2, s8, pc - 68
core   0: 3 0x800003b4 (0xfb861ee3)
core   0: 0x80000370 (0x7d57b693) sltiu   a3, a5, 2005
core   0: 3 0x80000370 (0x7d57b693) x13 0x00000001
core   0: 0x80000374 (0x00260613) addi    a2, a2, 2
core   0: 3 0x80000374 (0x00260613) x12 0x0000000e
core   0: 0x80000378 (0x418abd13) sltiu   s10, s5, 1048
core   0: 3 0x80000378 (0x418abd13) x26 0x00000001
core   0: 0x8000037c (0x00200413) li      s0, 2
core   0: 3 0x8000037c (0x00200413) x 8 0x00000002
core   0: 0x80000380 (0xff900e13) li      t3, -7
core   0: 3 0x80000380 (0xff900e13) x28 0xfffffff9
core   0: 0x80000384 (0x00ff65b3) or      a1, t5, a5
core   0: 3 0x80000384 (0x00ff65b3) x11 0xfffffff3
core   0: 0x80000388 (0x40d388b3) sub     a7, t2, a3
core   0: 3 0x80000388 (0x40d388b3) x17 0x684fa36b
core   0: 0x8000038c (0xf656bf93) sltiu   t6, a3, -155
core   0: 3 0x8000038c (0xf656bf93) x31 0x00000001
core   0: 0x80000390 (0x67658813) addi    a6, a1, 1654
core   0: 3 0x80000390 (0x67658813) x16 0x00000669
core   0: 0x80000394 (0x01289533) sll     a0, a7, s2
core   0: 3 0x80000394 (0x01289533) x10 0xa36b0000
core   0: 0x80000398 (0xff740413) addi    s0, s0, -9
core   0: 3 0x80000398 (0xff740413) x 8 0xfffffff9
core   0: 0x8000039c (0x033e3f33) mulhu   t5, t3, s3
core   0: 3 0x8000039c (0x033e3f33) x30 0xfffffff2
core   0: 0x800003a0 (0x0079f533) and     a0, s3, t2
core   0: 3 0x800003a0 (0x0079f533) x10 0x684fa368
core   0: 0x800003a4 (0x01b8abb3) slt     s7, a7, s11
core   0: 3 0x800003a4 (0x01b8abb3) x23 0x00000000
core   0: 0x800003a8 (0x6e5b6493) ori     s1, s6, 1765
core   0: 3 0x800003a8 (0x6e5b6493) x 9 0x80025ee5
core   0: 0x800003ac (0x00515193) srli    gp, sp, 5
core   0: 3 0x800003ac (0x00515193) x 3 0x00000000
core   0: 0x800003b0 (0xfdc40ee3) beq     s0, t3, pc - 36
core   0: 3 0x800003b0 (0xfdc40ee3)
core   0: 0x8000038c (0xf656bf93) sltiu   t6, a3, -155
core   0: 3 0x8000038c (0xf656bf93) x31 0x00000001
core   0: 0x80000390 (0x67658813) addi    a6, a1, 1654
core   0: 3 0x80000390 (0x67658813) x16 0x00000669
core   0: 0x80000394 (0x01289533) sll     a0, a7, s2
core   0: 3 0x80000394 (0x01289533) x10 0xa36b0000
core   0: 0x80000398 (0xff740413) addi    s0, s0, -9
core   0: 3 0x80000398 (0xff740413) x 8 0xfffffff0
core   0: 0x8000039c (0x033e3f33) mulhu   t5, t3, s3
core   0: 3 0x8000039c (0x033e3f33) x30 0xfffffff2
core   0: 0x800003a0 (0x0079f533) and     a0, s3, t2
core   0: 3 0x800003a0 (0x0079f533) x10 0x684fa368
core   0: 0x800003a4 (0x01b8abb3) slt     s7, a7, s11
core   0: 3 0x800003a4 (0x01b8abb3) x23 0x00000000
core   0: 0x800003a8 (0x6e5b6493) ori     s1, s6, 1765
core   0: 3 0x800003a8 (0x6e5b6493) x 9 0x80025ee5
core   0: 0x800003ac (0x00515193) srli    gp, sp, 5
core   0: 3 0x800003ac (0x00515193) x 3 0x00000000
core   0: 0x800003b0 (0xfdc40ee3) beq     s0, t3, pc - 36
core   0: 3 0x800003b0 (0xfdc40ee3)
core   0: 0x800003b4 (0xfb861ee3) bne     a2, s8, pc - 68
core   0: 3 0x800003b4 (0xfb861ee3)
core   0: 0x80000370 (0x7d57b693) sltiu   a3, a5, 2005
core   0: 3 0x80000370 (0x7d57b693) x13 0x00000001
core   0: 0x80000374 (0x00260613) addi    a2, a2, 2
core   0: 3 0x80000374 (0x00260613) x12 0x00000010
core   0: 0x80000378 (0x418abd13) sltiu   s10, s5, 1048
core   0: 3 0x80000378 (0x418abd13) x26 0x00000001
core   0: 0x8000037c (0x00200413) li      s0, 2
core   0: 3 0x8000037c (0x00200413) x 8 0x00000002
core   0: 0x80000380 (0xff900e13) li      t3, -7
core   0: 3 0x80000380 (0xff900e13) x28 0xfffffff9
core   0: 0x80000384 (0x00ff65b3) or      a1, t5, a5
core   0: 3 0x80000384 (0x00ff65b3) x11 0xfffffff3
core   0: 0x80000388 (0x40d388b3) sub     a7, t2, a3
core   0: 3 0x80000388 (0x40d388b3) x17 0x684fa36b
core   0: 0x8000038c (0xf656bf93) sltiu   t6, a3, -155
core   0: 3 0x8000038c (0xf656bf93) x31 0x00000001
core   0: 0x80000390 (0x67658813) addi    a6, a1, 1654
core   0: 3 0x80000390 (0x67658813) x16 0x00000669
core   0: 0x80000394 (0x01289533) sll     a0, a7, s2
core   0: 3 0x80000394 (0x01289533) x10 0xa36b0000
core   0: 0x80000398 (0xff740413) addi    s0, s0, -9
core   0: 3 0x80000398 (0xff740413) x 8 0xfffffff9
core   0: 0x8000039c (0x033e3f33) mulhu   t5, t3, s3
core   0: 3 0x8000039c (0x033e3f33) x30 0xfffffff2
core   0: 0x800003a0 (0x0079f533) and     a0, s3, t2
core   0: 3 0x800003a0 (0x0079f533) x10 0x684fa368
core   0: 0x800003a4 (0x01b8abb3) slt     s7, a7, s11
core   0: 3 0x800003a4 (0x01b8abb3) x23 0x00000000
core   0: 0x800003a8 (0x6e5b6493) ori     s1, s6, 1765
core   0: 3 0x800003a8 (0x6e5b6493) x 9 0x80025ee5
core   0: 0x800003ac (0x00515193) srli    gp, sp, 5
core   0: 3 0x800003ac (0x00515193) x 3 0x00000000
core   0: 0x800003b0 (0xfdc40ee3) beq     s0, t3, pc - 36
core   0: 3 0x800003b0 (0xfdc40ee3)
core   0: 0x8000038c (0xf656bf93) sltiu   t6, a3, -155
core   0: 3 0x8000038c (0xf656bf93) x31 0x00000001
core   0: 0x80000390 (0x67658813) addi    a6, a1, 1654
core   0: 3 0x80000390 (0x67658813) x16 0x00000669
core   0: 0x80000394 (0x01289533) sll     a0, a7, s2
core   0: 3 0x80000394 (0x01289533) x10 0xa36b0000
core   0: 0x80000398 (0xff740413) addi    s0, s0, -9
core   0: 3 0x80000398 (0xff740413) x 8 0xfffffff0
core   0: 0x8000039c (0x033e3f33) mulhu   t5, t3, s3
core   0: 3 0x8000039c (0x033e3f33) x30 0xfffffff2
core   0: 0x800003a0 (0x0079f533) and     a0, s3, t2
core   0: 3 0x800003a0 (0x0079f533) x10 0x684fa368
core   0: 0x800003a4 (0x01b8abb3) slt     s7, a7, s11
core   0: 3 0x800003a4 (0x01b8abb3) x23 0x00000000
core   0: 0x800003a8 (0x6e5b6493) ori     s1, s6, 1765
core   0: 3 0x800003a8 (0x6e5b6493) x 9 0x80025ee5
core   0: 0x800003ac (0x00515193) srli    gp, sp, 5
core   0: 3 0x800003ac (0x00515193) x 3 0x00000000
core   0: 0x800003b0 (0xfdc40ee3) beq     s0, t3, pc - 36
core   0: 3 0x800003b0 (0xfdc40ee3)
core   0: 0x800003b4 (0xfb861ee3) bne     a2, s8, pc - 68
core   0: 3 0x800003b4 (0xfb861ee3)
core   0: 0x800003b8 (0xd22be013) ori     zero, s7, -734
core   0: 3 0x800003b8 (0xd22be013)
core   0: 0x800003bc (0x00600e93) li      t4, 6
core   0: 3 0x800003bc (0x00600e93) x29 0x00000006
core   0: 0x800003c0 (0x010a6ab3) or      s5, s4, a6
core   0: 3 0x800003c0 (0x010a6ab3) x21 0x00000669
core   0: 0x800003c4 (0xfee00593) li      a1, -18
core   0: 3 0x800003c4 (0xfee00593) x11 0xffffffee
core   0: 0x800003c8 (0x01a97d33) and     s10, s2, s10
core   0: 3 0x800003c8 (0x01a97d33) x26 0x00000000
core   0: 0x800003cc (0x02900cb3) mul     s9, zero, s1
core   0: 3 0x800003cc (0x02900cb3) x25 0x00000000
core   0: 0x800003d0 (0x277fa513) slti    a0, t6, 631
core   0: 3 0x800003d0 (0x277fa513) x10 0x00000001
core   0: 0x800003d4 (0xffce8e93) addi    t4, t4, -4
core   0: 3 0x800003d4 (0xffce8e93) x29 0x00000002
core   0: 0x800003d8 (0x00600793) li      a5, 6
core   0: 3 0x800003d8 (0x00600793) x15 0x00000006
core   0: 0x800003dc (0x00a00f13) li      t5, 10
core   0: 3 0x800003dc (0x00a00f13) x30 0x0000000a
core   0: 0x800003e0 (0x00e09313) slli    t1, ra, 14
core   0: 3 0x800003e0 (0x00e09313) x 6 0x01f94000
core   0: 0x800003e4 (0x018b3e33) sltu    t3, s6, s8
core   0: 3 0x800003e4 (0x018b3e33) x28 0x00000000
core   0: 0x800003e8 (0x01bf9493) slli    s1, t6, 27
core   0: 3 0x800003e8 (0x01bf9493) x 9 0x08000000
core   0: 0x800003ec (0x01fb90b3) sll     ra, s7, t6
core   0: 3 0x800003ec (0x01fb90b3) x 1 0x00000000
core   0: 0x800003f0 (0x00478793) addi    a5, a5, 4
core   0: 3 0x800003f0 (0x00478793) x15 0x0000000a
core   0: 0x800003f4 (0xffe788e3) beq     a5, t5, pc - 16
core   0: 3 0x800003f4 (0xffe788e3)
core   0: 0x800003e4 (0x018b3e33) sltu    t3, s6, s8
core   0: 3 0x800003e4 (0x018b3e33) x28 0x00000000
core   0: 0x800003e8 (0x01bf9493) slli    s1, t6, 27
core   0: 3 0x800003e8 (0x01bf9493) x 9 0x08000000
core   0: 0x800003ec (0x01fb90b3) sll     ra, s7, t6
core   0: 3 0x800003ec (0x01fb90b3) x 1 0x00000000
core   0: 0x800003f0 (0x00478793) addi    a5, a5, 4
core   0: 3 0x800003f0 (0x00478793) x15 0x0000000e
core   0: 0x800003f4 (0xffe788e3) beq     a5, t5, pc - 16
core   0: 3 0x800003f4 (0xffe788e3)
core   0: 0x800003f8 (0x024228b3) mulhsu  a7, tp, tp
core   0: 3 0x800003f8 (0x024228b3) x17 0xfffffffe
core   0: 0x800003fc (0xfcbe88e3) beq     t4, a1, pc - 48
core   0: 3 0x800003fc (0xfcbe88e3)
core   0: 0x80000400 (0x40b45613) srai    a2, s0, 11
core   0: 3 0x80000400 (0x40b45613) x12 0xffffffff
core   0: 0x80000404 (0xff600813) li      a6, -10
core   0: 3 0x80000404 (0xff600813) x16 0xfffffff6
core   0: 0x80000408 (0x002e19b3) sll     s3, t3, sp
core   0: 3 0x80000408 (0x002e19b3) x19 0x00000000
core   0: 0x8000040c (0x017c58b3) srl     a7, s8, s7
core   0: 3 0x8000040c (0x017c58b3) x17 0x00000010
core   0: 0x80000410 (0x2928b637) lui     a2, 0x2928b
core   0: 3 0x80000410 (0x2928b637) x12 0x2928b000
core   0: 0x80000414 (0x14694593) xori    a1, s2, 326
core   0: 3 0x80000414 (0x14694593) x11 0x00000296
core   0: 0x80000418 (0x017365b3) or      a1, t1, s7
core   0: 3 0x80000418 (0x017365b3) x11 0x01f94000
core   0: 0x8000041c (0x020ebd33) mulhu   s10, t4, zero
core   0: 3 0x8000041c (0x020ebd33) x26 0x00000000
core   0: 0x80000420 (0x03170533) mul     a0, a4, a7
core   0: 3 0x80000420 (0x03170533) x10 0xb14dae60
core   0: 0x80000424 (0x03047a33) remu    s4, s0, a6
core   0: 3 0x80000424 (0x03047a33) x20 0xfffffff0
core   0: 0x80000428 (0x00ca6633) or      a2, s4, a2
core   0: 3 0x80000428 (0x00ca6633) x12 0xfffffff0
core   0: 0x8000042c (0x70992937) lui     s2, 0x70992
core   0: 3 0x8000042c (0x70992937) x18 0x70992000
core   0: 0x80000430 (0xfef00c13) li      s8, -17
core   0: 3 0x80000430 (0xfef00c13) x24 0xffffffef
core   0: 0x80000434 (0x00bb81b3) add     gp, s7, a1
core   0: 3 0x80000434 (0x00bb81b3) x 3 0x01f94000
core   0: 0x80000438 (0x3e84e013) ori     zero, s1, 1000
core   0: 3 0x80000438 (0x3e84e013)
core   0: 0x8000043c (0xff980813) addi    a6, a6, -7
core   0: 3 0x8000043c (0xff980813) x16 0xffffffef
core   0: 0x80000440 (0x01dd9d13) slli    s10, s11, 29
core   0: 3 0x80000440 (0x01dd9d13) x26 0x80000000
core   0: 0x80000444 (0x033b1ab3) mulh    s5, s6, s3
core   0: 3 0x80000444 (0x033b1ab3) x21 0x00000000
core   0: 0x80000448 (0xff8808e3) beq     a6, s8, pc - 16
core   0: 3 0x80000448 (0xff8808e3)
core   0: 0x80000438 (0x3e84e013) ori     zero, s1, 1000
core   0: 3 0x80000438 (0x3e84e013)
core   0: 0x8000043c (0xff980813) addi    a6, a6, -7
core   0: 3 0x8000043c (0xff980813) x16 0xffffffe8
core   0: 0x80000440 (0x01dd9d13) slli    s10, s11, 29
core   0: 3 0x80000440 (0x01dd9d13) x26 0x80000000
core   0: 0x80000444 (0x033b1ab3) mulh    s5, s6, s3
core   0: 3 0x80000444 (0x033b1ab3) x21 0x00000000
core   0: 0x80000448 (0xff8808e3) beq     a6, s8, pc - 16
core   0: 3 0x80000448 (0xff8808e3)
core   0: 0x8000044c (0x029d61b3) rem     gp, s10, s1
core   0: 3 0x8000044c (0x029d61b3) x 3 0x00000000
core   0: 0x80000450 (0x00200613) li      a2, 2
core   0: 3 0x80000450 (0x00200613) x12 0x00000002
core   0: 0x80000454 (0x01efd513) srli    a0, t6, 30
core   0: 3 0x80000454 (0x01efd513) x10 0x00000000
core   0: 0x80000458 (0x00200d13) li      s10, 2
core   0: 3 0x80000458 (0x00200d13) x26 0x00000002
core   0: 0x8000045c (0x00000013) nop
core   0: 3 0x8000045c (0x00000013)
core   0: 0x80000460 (0xcb963113) sltiu   sp, a2, -839
core   0: 3 0x80000460 (0xcb963113) x 2 0x00000001
core   0: 0x80000464 (0x02e7e1b3) rem     gp, a5, a4
core   0: 3 0x80000464 (0x02e7e1b3) x 3 0x0000000e
core   0: 0x80000468 (0x03949133) mulh    sp, s1, s9
core   0: 3 0x80000468 (0x03949133) x 2 0x00000000
core   0: 0x8000046c (0xfff60613) addi    a2, a2, -1
core   0: 3 0x8000046c (0xfff60613) x12 0x00000001
core   0: 0x80000470 (0x0126d793) srli    a5, a3, 18
core   0: 3 0x80000470 (0x0126d793) x15 0x00000000
core   0: 0x80000474 (0x01f61f13) slli    t5, a2, 31
core   0: 3 0x80000474 (0x01f61f13) x30 0x80000000
core   0: 0x80000478 (0x00200413) li      s0, 2
core   0: 3 0x80000478 (0x00200413) x 8 0x00000002
core   0: 0x8000047c (0xd8d10f13) addi    t5, sp, -627
core   0: 3 0x8000047c (0xd8d10f13) x30 0xfffffd8d
core   0: 0x80000480 (0x13d63013) sltiu   zero, a2, 317
core   0: 3 0x80000480 (0x13d63013)
core   0: 0x80000484 (0x01000f93) li      t6, 16
core   0: 3 0x80000484 (0x01000f93) x31 0x00000010
core   0: 0x80000488 (0x007f8eb3) add     t4, t6, t2
core   0: 3 0x80000488 (0x007f8eb3) x29 0x684fa37c
core   0: 0x8000048c (0x02e512b3) mulh    t0, a0, a4
core   0: 3 0x8000048c (0x02e512b3) x 5 0x00000000
core   0: 0x80000490 (0x01991e33) sll     t3, s2, s9
core   0: 3 0x80000490 (0x01991e33) x28 0x70992000
core   0: 0x80000494 (0x00140413) addi    s0, s0, 1
core   0: 3 0x80000494 (0x00140413) x 8 0x00000003
core   0: 0x80000498 (0x005380b3) add     ra, t2, t0
core   0: 3 0x80000498 (0x005380b3) x 1 0x684fa36c
core   0: 0x8000049c (0x01452eb3) slt     t4, a0, s4
core   0: 3 0x8000049c (0x01452eb3) x29 0x00000000
core   0: 0x800004a0 (0xfff406e3) beq     s0, t6, pc - 20
core   0: 3 0x800004a0 (0xfff406e3)
core   0: 0x800004a4 (0xe2142293) slti    t0, s0, -479
core   0: 3 0x800004a4 (0xe2142293) x 5 0x00000000
core   0: 0x800004a8 (0x0007ce33) xor     t3, a5, zero
core   0: 3 0x800004a8 (0x0007ce33) x28 0x00000000
core   0: 0x800004ac (0xfba67ee3) bgeu    a2, s10, pc - 68
core   0: 3 0x800004ac (0xfba67ee3)
core   0: 0x800004b0 (0x00cfaeb3) slt     t4, t6, a2
core   0: 3 0x800004b0 (0x00cfaeb3) x29 0x00000000
core   0: 0x800004b4 (0xffa00413) li      s0, -6
core   0: 3 0x800004b4 (0xffa00413) x 8 0xfffffffa
core   0: 0x800004b8 (0x0142df93) srli    t6, t0, 20
core   0: 3 0x800004b8 (0x0142df93) x31 0x00000000
core   0: 0x800004bc (0x00b00e13) li      t3, 11
core   0: 3 0x800004bc (0x00b00e13) x28 0x0000000b
core   0: 0x800004c0 (0x416a88b3) sub     a7, s5, s6
core   0: 3 0x800004c0 (0x416a88b3) x17 0x7ffda19c
core   0: 0x800004c4 (0x00fd8cb3) add     s9, s11, a5
core   0: 3 0x800004c4 (0x00fd8cb3) x25 0x80029ce4
core   0: 0x800004c8 (0x03553933) mulhu   s2, a0, s5
core   0: 3 0x800004c8 (0x03553933) x18 0x00000000
core   0: 0x800004cc (0x00740413) addi    s0, s0, 7
core   0: 3 0x800004cc (0x00740413) x 8 0x00000001
core   0: 0x800004d0 (0x028837b3) mulhu   a5, a6, s0
core   0: 3 0x800004d0 (0x028837b3) x15 0x00000000
core   0: 0x800004d4 (0x00d06f33) or      t5, zero, a3
core   0: 3 0x800004d4 (0x00d06f33) x30 0x00000001
core   0: 0x800004d8 (0x40935113) srai    sp, t1, 9
core   0: 3 0x800004d8 (0x40935113) x 2 0x0000fca0
core   0: 0x800004dc (0x60712313) slti    t1, sp, 1543
core   0: 3 0x800004dc (0x60712313) x 6 0x00000000
core   0: 0x800004e0 (0x019356b3) srl     a3, t1, s9
core   0: 3 0x800004e0 (0x019356b3) x13 0x00000000
core   0: 0x800004e4 (0x00dd1f93) slli    t6, s10, 13
core   0: 3 0x800004e4 (0x00dd1f93) x31 0x00004000
core   0: 0x800004e8 (0x00700493) li      s1, 7
core   0: 3 0x800004e8 (0x00700493) x 9 0x00000007
core   0: 0x800004ec (0x00000013) nop
core   0: 3 0x800004ec (0x00000013)
core   0: 0x800004f0 (0x00a00513) li      a0, 10
core   0: 3 0x800004f0 (0x00a00513) x10 0x0000000a
core   0: 0x800004f4 (0x0189b933) sltu    s2, s3, s8
core   0: 3 0x800004f4 (0x0189b933) x18 0x00000001
core   0: 0x800004f8 (0x03f66d33) rem     s10, a2, t6
core   0: 3 0x800004f8 (0x03f66d33) x26 0x00000001
core   0: 0x800004fc (0xae900813) li      a6, -1303
core   0: 3 0x800004fc (0xae900813) x16 0xfffffae9
core   0: 0x80000500 (0x011c6233) or      tp, s8, a7
core   0: 3 0x80000500 (0x011c6233) x 4 0xffffffff
core   0: 0x80000504 (0x40428d33) sub     s10, t0, tp
core   0: 3 0x80000504 (0x40428d33) x26 0x00000001
core   0: 0x80000508 (0x017350b3) srl     ra, t1, s7
core   0: 3 0x80000508 (0x017350b3) x 1 0x00000000
core   0: 0x8000050c (0x01509bb3) sll     s7, ra, s5
core   0: 3 0x8000050c (0x01509bb3) x23 0x00000000
core   0: 0x80000510 (0x03ea8ab3) mul     s5, s5, t5
core   0: 3 0x80000510 (0x03ea8ab3) x21 0x00000000
core   0: 0x80000514 (0x027d9f33) mulh    t5, s11, t2
core   0: 3 0x80000514 (0x027d9f33) x30 0xcbd93ed6
core   0: 0x80000518 (0x00548493) addi    s1, s1, 5
core   0: 3 0x80000518 (0x00548493) x 9 0x0000000c
core   0: 0x8000051c (0xfea4eae3) bltu    s1, a0, pc - 12
core   0: 3 0x8000051c (0xfea4eae3)
core   0: 0x80000520 (0x01fd7d33) and     s10, s10, t6
core   0: 3 0x80000520 (0x01fd7d33) x26 0x00000000
core   0: 0x80000524 (0x9e013e93) sltiu   t4, sp, -1568
core   0: 3 0x80000524 (0x9e013e93) x29 0x00000001
core   0: 0x80000528 (0x69080cb7) lui     s9, 0x69080
core   0: 3 0x80000528 (0x69080cb7) x25 0x69080000
core   0: 0x8000052c (0xf9c46ae3) bltu    s0, t3, pc - 108
core   0: 3 0x8000052c (0xf9c46ae3)
core   0: 0x800004c0 (0x416a88b3) sub     a7, s5, s6
core   0: 3 0x800004c0 (0x416a88b3) x17 0x7ffda19c
core   0: 0x800004c4 (0x00fd8cb3) add     s9, s11, a5
core   0: 3 0x800004c4 (0x00fd8cb3) x25 0x80029ce4
core   0: 0x800004c8 (0x03553933) mulhu   s2, a0, s5
core   0: 3 0x800004c8 (0x03553933) x18 0x00000000
core   0: 0x800004cc (0x00740413) addi    s0, s0, 7
core   0: 3 0x800004cc (0x00740413) x 8 0x00000008
core   0: 0x800004d0 (0x028837b3) mulhu   a5, a6, s0
core   0: 3 0x800004d0 (0x028837b3) x15 0x00000007
core   0: 0x800004d4 (0x00d06f33) or      t5, zero, a3
core   0: 3 0x800004d4 (0x00d06f33) x30 0x00000000
core   0: 0x800004d8 (0x40935113) srai    sp, t1, 9
core   0: 3 0x800004d8 (0x40935113) x 2 0x00000000
core   0: 0x800004dc (0x60712313) slti    t1, sp, 1543
core   0: 3 0x800004dc (0x60712313) x 6 0x00000001
core   0: 0x800004e0 (0x019356b3) srl     a3, t1, s9
core   0: 3 0x800004e0 (0x019356b3) x13 0x00000000
core   0: 0x800004e4 (0x00dd1f93) slli    t6, s10, 13
core   0: 3 0x800004e4 (0x00dd1f93) x31 0x00000000
core   0: 0x800004e8 (0x00700493) li      s1, 7
core   0: 3 0x800004e8 (0x00700493) x 9 0x00000007
core   0: 0x800004ec (0x00000013) nop
core   0: 3 0x800004ec (0x00000013)
core   0: 0x800004f0 (0x00a00513) li      a0, 10
core   0: 3 0x800004f0 (0x00a00513) x10 0x0000000a
core   0: 0x800004f4 (0x0189b933) sltu    s2, s3, s8
core   0: 3 0x800004f4 (0x0189b933) x18 0x00000001
core   0: 0x800004f8 (0x03f66d33) rem     s10, a2, t6
core   0: 3 0x800004f8 (0x03f66d33) x26 0x00000001
core   0: 0x800004fc (0xae900813) li      a6, -1303
core   0: 3 0x800004fc (0xae900813) x16 0xfffffae9
core   0: 0x80000500 (0x011c6233) or      tp, s8, a7
core   0: 3 0x80000500 (0x011c6233) x 4 0xffffffff
core   0: 0x80000504 (0x40428d33) sub     s10, t0, tp
core   0: 3 0x80000504 (0x40428d33) x26 0x00000001
core   0: 0x80000508 (0x017350b3) srl     ra, t1, s7
core   0: 3 0x80000508 (0x017350b3) x 1 0x00000001
core   0: 0x8000050c (0x01509bb3) sll     s7, ra, s5
core   0: 3 0x8000050c (0x01509bb3) x23 0x00000001
core   0: 0x80000510 (0x03ea8ab3) mul     s5, s5, t5
core   0: 3 0x80000510 (0x03ea8ab3) x21 0x00000000
core   0: 0x80000514 (0x027d9f33) mulh    t5, s11, t2
core   0: 3 0x80000514 (0x027d9f33) x30 0xcbd93ed6
core   0: 0x80000518 (0x00548493) addi    s1, s1, 5
core   0: 3 0x80000518 (0x00548493) x 9 0x0000000c
core   0: 0x8000051c (0xfea4eae3) bltu    s1, a0, pc - 12
core   0: 3 0x8000051c (0xfea4eae3)
core   0: 0x80000520 (0x01fd7d33) and     s10, s10, t6
core   0: 3 0x80000520 (0x01fd7d33) x26 0x00000000
core   0: 0x80000524 (0x9e013e93) sltiu   t4, sp, -1568
core   0: 3 0x80000524 (0x9e013e93) x29 0x00000001
core   0: 0x80000528 (0x69080cb7) lui     s9, 0x69080
core   0: 3 0x80000528 (0x69080cb7) x25 0x69080000
core   0: 0x8000052c (0xf9c46ae3) bltu    s0, t3, pc - 108
core   0: 3 0x8000052c (0xf9c46ae3)
core   0: 0x800004c0 (0x416a88b3) sub     a7, s5, s6
core   0: 3 0x800004c0 (0x416a88b3) x17 0x7ffda19c
core   0: 0x800004c4 (0x00fd8cb3) add     s9, s11, a5
core   0: 3 0x800004c4 (0x00fd8cb3) x25 0x80029ceb
core   0: 0x800004c8 (0x03553933) mulhu   s2, a0, s5
core   0: 3 0x800004c8 (0x03553933) x18 0x00000000
core   0: 0x800004cc (0x00740413) addi    s0, s0, 7
core   0: 3 0x800004cc (0x00740413) x 8 0x0000000f
core   0: 0x800004d0 (0x028837b3) mulhu   a5, a6, s0
core   0: 3 0x800004d0 (0x028837b3) x15 0x0000000e
core   0: 0x800004d4 (0x00d06f33) or      t5, zero, a3
core   0: 3 0x800004d4 (0x00d06f33) x30 0x00000000
core   0: 0x800004d8 (0x40935113) srai    sp, t1, 9
core   0: 3 0x800004d8 (0x40935113) x 2 0x00000000
core   0: 0x800004dc (0x60712313) slti    t1, sp, 1543
core   0: 3 0x800004dc (0x60712313) x 6 0x00000001
core   0: 0x800004e0 (0x019356b3) srl     a3, t1, s9
core   0: 3 0x800004e0 (0x019356b3) x13 0x00000000
core   0: 0x800004e4 (0x00dd1f93) slli    t6, s10, 13
core   0: 3 0x800004e4 (0x00dd1f93) x31 0x00000000
core   0: 0x800004e8 (0x00700493) li      s1, 7
core   0: 3 0x800004e8 (0x00700493) x 9 0x00000007
core   0: 0x800004ec (0x00000013) nop
core   0: 3 0x800004ec (0x00000013)
core   0: 0x800004f0 (0x00a00513) li      a0, 10
core   0: 3 0x800004f0 (0x00a00513) x10 0x0000000a
core   0: 0x800004f4 (0x0189b933) sltu    s2, s3, s8
core   0: 3 0x800004f4 (0x0189b933) x18 0x00000001
core   0: 0x800004f8 (0x03f66d33) rem     s10, a2, t6
core   0: 3 0x800004f8 (0x03f66d33) x26 0x00000001
core   0: 0x800004fc (0xae900813) li      a6, -1303
core   0: 3 0x800004fc (0xae900813) x16 0xfffffae9
core   0: 0x80000500 (0x011c6233) or      tp, s8, a7
core   0: 3 0x80000500 (0x011c6233) x 4 0xffffffff
core   0: 0x80000504 (0x40428d33) sub     s10, t0, tp
core   0: 3 0x80000504 (0x40428d33) x26 0x00000001
core   0: 0x80000508 (0x017350b3) srl     ra, t1, s7
core   0: 3 0x80000508 (0x017350b3) x 1 0x00000000
core   0: 0x8000050c (0x01509bb3) sll     s7, ra, s5
core   0: 3 0x8000050c (0x01509bb3) x23 0x00000000
core   0: 0x80000510 (0x03ea8ab3) mul     s5, s5, t5
core   0: 3 0x80000510 (0x03ea8ab3) x21 0x00000000
core   0: 0x80000514 (0x027d9f33) mulh    t5, s11, t2
core   0: 3 0x80000514 (0x027d9f33) x30 0xcbd93ed6
core   0: 0x80000518 (0x00548493) addi    s1, s1, 5
core   0: 3 0x80000518 (0x00548493) x 9 0x0000000c
core   0: 0x8000051c (0xfea4eae3) bltu    s1, a0, pc - 12
core   0: 3 0x8000051c (0xfea4eae3)
core   0: 0x80000520 (0x01fd7d33) and     s10, s10, t6
core   0: 3 0x80000520 (0x01fd7d33) x26 0x00000000
core   0: 0x80000524 (0x9e013e93) sltiu   t4, sp, -1568
core   0: 3 0x80000524 (0x9e013e93) x29 0x00000001
core   0: 0x80000528 (0x69080cb7) lui     s9, 0x69080
core   0: 3 0x80000528 (0x69080cb7) x25 0x69080000
core   0: 0x8000052c (0xf9c46ae3) bltu    s0, t3, pc - 108
core   0: 3 0x8000052c (0xf9c46ae3)
core   0: 0x80000530 (0x01eeaeb3) slt     t4, t4, t5
core   0: 3 0x80000530 (0x01eeaeb3) x29 0x00000000
core   0: 0x80000534 (0xfff00593) li      a1, -1
core   0: 3 0x80000534 (0xfff00593) x11 0xffffffff
core   0: 0x80000538 (0x01edaf33) slt     t5, s11, t5
core   0: 3 0x80000538 (0x01edaf33) x30 0x00000001
core   0: 0x8000053c (0x00000013) nop
core   0: 3 0x8000053c (0x00000013)
core   0: 0x80000540 (0x74bf4f93) xori    t6, t5, 1867
core   0: 3 0x80000540 (0x74bf4f93) x31 0x0000074a
core   0: 0x80000544 (0x028de333) rem     t1, s11, s0
core   0: 3 0x80000544 (0x028de333) x 6 0xfffffff4
core   0: 0x80000548 (0x020ac333) div     t1, s5, zero
core   0: 3 0x80000548 (0x020ac333) x 6 0xffffffff
core   0: 0x8000054c (0x418bd293) srai    t0, s7, 24
core   0: 3 0x8000054c (0x418bd293) x 5 0x00000000
core   0: 0x80000550 (0x41d70c33) sub     s8, a4, t4
core   0: 3 0x80000550 (0x41d70c33) x24 0xeb14dae6
core   0: 0x80000554 (0x0301c333) div     t1, gp, a6
core   0: 3 0x80000554 (0x0301c333) x 6 0x00000000
core   0: 0x80000558 (0x00000013) nop
core   0: 3 0x80000558 (0x00000013)
core   0: 0x8000055c (0x01300b93) li      s7, 19
core   0: 3 0x8000055c (0x01300b93) x23 0x00000013
core   0: 0x80000560 (0x56364393) xori    t2, a2, 1379
core   0: 3 0x80000560 (0x56364393) x 7 0x00000562
core   0: 0x80000564 (0xd8408493) addi    s1, ra, -636
core   0: 3 0x80000564 (0xd8408493) x 9 0xfffffd84
core   0: 0x80000568 (0x018fe633) or      a2, t6, s8
core   0: 3 0x80000568 (0x018fe633) x12 0xeb14dfee
core   0: 0x8000056c (0x00bdd293) srli    t0, s11, 11
core   0: 3 0x8000056c (0x00bdd293) x 5 0x00100053
core   0: 0x80000570 (0x009a63b3) or      t2, s4, s1
core   0: 3 0x80000570 (0x009a63b3) x 7 0xfffffff4
core   0: 0x80000574 (0x418e58b3) sra     a7, t3, s8
core   0: 3 0x80000574 (0x418e58b3) x17 0x00000000
core   0: 0x80000578 (0x030f4033) div     zero, t5, a6
core   0: 3 0x80000578 (0x030f4033)
core   0: 0x8000057c (0x03b65533) divu    a0, a2, s11
core   0: 3 0x8000057c (0x03b65533) x10 0x00000001
core   0: 0x80000580 (0x01ed5913) srli    s2, s10, 30
core   0: 3 0x80000580 (0x01ed5913) x18 0x00000000
core   0: 0x80000584 (0x412cdfb3) sra     t6, s9, s2
core   0: 3 0x80000584 (0x412cdfb3) x31 0x69080000
core   0: 0x80000588 (0x0379e7b3) rem     a5, s3, s7
core   0: 3 0x80000588 (0x0379e7b3) x15 0x00000000
core   0: 0x8000058c (0x025d9f33) mulh    t5, s11, t0
core   0: 3 0x8000058c (0x025d9f33) x30 0xfff80000
core   0: 0x80000590 (0x4035dc93) srai    s9, a1, 3
core   0: 3 0x80000590 (0x4035dc93) x25 0xffffffff
core   0: 0x80000594 (0x00758593) addi    a1, a1, 7
core   0: 3 0x80000594 (0x00758593) x11 0x00000006
core   0: 0x80000598 (0x00262333) slt     t1, a2, sp
core   0: 3 0x80000598 (0x00262333) x 6 0x00000001
core   0: 0x8000059c (0xff75c6e3) blt     a1, s7, pc - 20
core   0: 3 0x8000059c (0xff75c6e3)
core   0: 0x80000588 (0x0379e7b3) rem     a5, s3, s7
core   0: 3 0x80000588 (0x0379e7b3) x15 0x00000000
core   0: 0x8000058c (0x025d9f33) mulh    t5, s11, t0
core   0: 3 0x8000058c (0x025d9f33) x30 0xfff80000
core   0: 0x80000590 (0x4035dc93) srai    s9, a1, 3
core   0: 3 0x80000590 (0x4035dc93) x25 0x00000000
core   0: 0x80000594 (0x00758593) addi    a1, a1, 7
core   0: 3 0x80000594 (0x00758593) x11 0x0000000d
core   0: 0x80000598 (0x00262333) slt     t1, a2, sp
core   0: 3 0x80000598 (0x00262333) x 6 0x00000001
core   0: 0x8000059c (0xff75c6e3) blt     a1, s7, pc - 20
core   0: 3 0x8000059c (0xff75c6e3)
core   0: 0x80000588 (0x0379e7b3) rem     a5, s3, s7
core   0: 3 0x80000588 (0x0379e7b3) x15 0x00000000
core   0: 0x8000058c (0x025d9f33) mulh    t5, s11, t0
core   0: 3 0x8000058c (0x025d9f33) x30 0xfff80000
core   0: 0x80000590 (0x4035dc93) srai    s9, a1, 3
core   0: 3 0x80000590 (0x4035dc93) x25 0x00000001
core   0: 0x80000594 (0x00758593) addi    a1, a1, 7
core   0: 3 0x80000594 (0x00758593) x11 0x00000014
core   0: 0x80000598 (0x00262333) slt     t1, a2, sp
core   0: 3 0x80000598 (0x00262333) x 6 0x00000001
core   0: 0x8000059c (0xff75c6e3) blt     a1, s7, pc - 20
core   0: 3 0x8000059c (0xff75c6e3)
core   0: 0x800005a0 (0x00429f13) slli    t5, t0, 4
core   0: 3 0x800005a0 (0x00429f13) x30 0x01000530
core   0: 0x800005a4 (0x00a00893) li      a7, 10
core   0: 3 0x800005a4 (0x00a00893) x17 0x0000000a
core   0: 0x800005a8 (0x0179bc33) sltu    s8, s3, s7
core   0: 3 0x800005a8 (0x0179bc33) x24 0x00000001
core   0: 0x800005ac (0x00f00b93) li      s7, 15
core   0: 3 0x800005ac (0x00f00b93) x23 0x0000000f
core   0: 0x800005b0 (0x0cbcaf97) auipc   t6, 0xcbca
core   0: 3 0x800005b0 (0x0cbcaf97) x31 0x8cbca5b0
core   0: 0x800005b4 (0x0183a333) slt     t1, t2, s8
core   0: 3 0x800005b4 (0x0183a333) x 6 0x00000001
core   0: 0x800005b8 (0x008a91b3) sll     gp, s5, s0
core   0: 3 0x800005b8 (0x008a91b3) x 3 0x00000000
core   0: 0x800005bc (0x00188893) addi    a7, a7, 1
core   0: 3 0x800005bc (0x00188893) x17 0x0000000b
core   0: 0x800005c0 (0x39566797) auipc   a5, 0x39566
core   0: 3 0x800005c0 (0x39566797) x15 0xb95665c0
core   0: 0x800005c4 (0x00700a93) li      s5, 7
core   0: 3 0x800005c4 (0x00700a93) x21 0x00000007
core   0: 0x800005c8 (0x0260a833) mulhsu  a6, ra, t1
core   0: 3 0x800005c8 (0x0260a833) x16 0x00000000
core   0: 0x800005cc (0x00d00393) li      t2, 13
core   0: 3 0x800005cc (0x00d00393) x 7 0x0000000d
core   0: 0x800005d0 (0x033aa6b3) mulhsu  a3, s5, s3
core   0: 3 0x800005d0 (0x033aa6b3) x13 0x00000000
core   0: 0x800005d4 (0x00000013) nop
core   0: 3 0x800005d4 (0x00000013)
core   0: 0x800005d8 (0x002a8a93) addi    s5, s5, 2
core   0: 3 0x800005d8 (0x002a8a93) x21 0x00000009
core   0: 0x800005dc (0xfe7a9ae3) bne     s5, t2, pc - 12
core   0: 3 0x800005dc (0xfe7a9ae3)
core   0: 0x800005d0 (0x033aa6b3) mulhsu  a3, s5, s3
core   0: 3 0x800005d0 (0x033aa6b3) x13 0x00000000
core   0: 0x800005d4 (0x00000013) nop
core   0: 3 0x800005d4 (0x00000013)
core   0: 0x800005d8 (0x002a8a93) addi    s5, s5, 2
core   0: 3 0x800005d8 (0x002a8a93) x21 0x0000000b
core   0: 0x800005dc (0xfe7a9ae3) bne     s5, t2, pc - 12
core   0: 3 0x800005dc (0xfe7a9ae3)
core   0: 0x800005d0 (0x033aa6b3) mulhsu  a3, s5, s3
core   0: 3 0x800005d0 (0x033aa6b3) x13 0x00000000
core   0: 0x800005d4 (0x00000013) nop
core   0: 3 0x800005d4 (0x00000013)
core   0: 0x800005d8 (0x002a8a93) addi    s5, s5, 2
core   0: 3 0x800005d8 (0x002a8a93) x21 0x0000000d
core   0: 0x800005dc (0xfe7a9ae3) bne     s5, t2, pc - 12
core   0: 3 0x800005dc (0xfe7a9ae3)
core   0: 0x800005e0 (0x0004c333) xor     t1, s1, zero
core   0: 3 0x800005e0 (0x0004c333) x 6 0xfffffd84
core   0: 0x800005e4 (0x00f8d6b3) srl     a3, a7, a5
core   0: 3 0x800005e4 (0x00f8d6b3) x13 0x0000000b
core   0: 0x800005e8 (0x3b54a113) slti    sp, s1, 949
core   0: 3 0x800005e8 (0x3b54a113) x 2 0x00000001
core   0: 0x800005ec (0x0021cfb3) xor     t6, gp, sp
core   0: 3 0x800005ec (0x0021cfb3) x31 0x00000001
core   0: 0x800005f0 (0x0012f233) and     tp, t0, ra
core   0: 3 0x800005f0 (0x0012f233) x 4 0x00000000
core   0: 0x800005f4 (0xfd7880e3) beq     a7, s7, pc - 64
core   0: 3 0x800005f4 (0xfd7880e3)
core   0: 0x800005f8 (0xbee46997) auipc   s3, 0xbee46
core   0: 3 0x800005f8 (0xbee46997) x19 0x3ee465f8
core   0: 0x800005fc (0xff600613) li      a2, -10
core   0: 3 0x800005fc (0xff600613) x12 0xfffffff6
core   0: 0x80000600 (0x41bf0e33) sub     t3, t5, s11
core   0: 3 0x80000600 (0x41bf0e33) x28 0x80fd684c
core   0: 0x80000604 (0xff100813) li      a6, -15
core   0: 3 0x80000604 (0xff100813) x16 0xfffffff1
core   0: 0x80000608 (0xd7fb3e13) sltiu   t3, s6, -641
core   0: 3 0x80000608 (0xd7fb3e13) x28 0x00000001
core   0: 0x8000060c (0x02c5b5b3) mulhu   a1, a1, a2
core   0: 3 0x8000060c (0x02c5b5b3) x11 0x00000013
core   0: 0x80000610 (0x01122cb3) slt     s9, tp, a7
core   0: 3 0x80000610 (0x01122cb3) x25 0x00000001
core   0: 0x80000614 (0xffb60613) addi    a2, a2, -5
core   0: 3 0x80000614 (0xffb60613) x12 0xfffffff1
core   0: 0x80000618 (0x41e305b3) sub     a1, t1, t5
core   0: 3 0x80000618 (0x41e305b3) x11 0xfefff854
core   0: 0x8000061c (0x00c330b3) sltu    ra, t1, a2
core   0: 3 0x8000061c (0x00c330b3) x 1 0x00000001
core   0: 0x80000620 (0xff700413) li      s0, -9
core   0: 3 0x80000620 (0xff700413) x 8 0xfffffff7
core   0: 0x80000624 (0x03ac9933) mulh    s2, s9, s10
core   0: 3 0x80000624 (0x03ac9933) x18 0x00000000
core   0: 0x80000628 (0x01d4f1b3) and     gp, s1, t4
core   0: 3 0x80000628 (0x01d4f1b3) x 3 0x00000000
core   0: 0x8000062c (0x01a3dc93) srli    s9, t2, 26
core   0: 3 0x8000062c (0x01a3dc93) x25 0x00000000
core   0: 0x80000630 (0xff500693) li      a3, -11
core   0: 3 0x80000630 (0xff500693) x13 0xfffffff5
core   0: 0x80000634 (0x00fa51b3) srl     gp, s4, a5
core   0: 3 0x80000634 (0x00fa51b3) x 3 0xfffffff0
core   0: 0x80000638 (0xea01ea93) ori     s5, gp, -352
core   0: 3 0x80000638 (0xea01ea93) x21 0xfffffff0
core   0: 0x8000063c (0x0116f9b3) and     s3, a3, a7
core   0: 3 0x8000063c (0x0116f9b3) x19 0x00000001
core   0: 0x80000640 (0x3ad5ff93) andi    t6, a1, 941
core   0: 3 0x80000640 (0x3ad5ff93) x31 0x00000004
core   0: 0x80000644 (0xff740413) addi    s0, s0, -9
core   0: 3 0x80000644 (0xff740413) x 8 0xffffffee
core   0: 0x80000648 (0x6dd23293) sltiu   t0, tp, 1757
core   0: 3 0x80000648 (0x6dd23293) x 5 0x00000001
core   0: 0x8000064c (0xfed45ae3) bge     s0, a3, pc - 12
core   0: 3 0x8000064c (0xfed45ae3)
core   0: 0x80000650 (0xfb061ee3) bne     a2, a6, pc - 68
core   0: 3 0x80000650 (0xfb061ee3)
core   0: 0x80000654 (0x00690f33) add     t5, s2, t1
core   0: 3 0x80000654 (0x00690f33) x30 0xfffffd84
core   0: 0x80000658 (0xffe00693) li      a3, -2
core   0: 3 0x80000658 (0xffe00693) x13 0xfffffffe
core   0: 0x8000065c (0x00a199b3) sll     s3, gp, a0
core   0: 3 0x8000065c (0x00a199b3) x19 0xffffffe0
core   0: 0x80000660 (0x02dd15b3) mulh    a1, s10, a3
core   0: 3 0x80000660 (0x02dd15b3) x11 0x00000000
core   0: 0x80000664 (0x25520cb7) lui     s9, 0x25520
core   0: 3 0x80000664 (0x25520cb7) x25 0x25520000
core   0: 0x80000668 (0xff100f93) li      t6, -15
core   0: 3 0x80000668 (0xff100f93) x31 0xfffffff1
core   0: 0x8000066c (0x0053f233) and     tp, t2, t0
core   0: 3 0x8000066c (0x0053f233) x 4 0x00000001
core   0: 0x80000670 (0x00000013) nop
core   0: 3 0x80000670 (0x00000013)
core   0: 0x80000674 (0x02b85633) divu    a2, a6, a1
core   0: 3 0x80000674 (0x02b85633) x12 0xffffffff
core   0: 0x80000678 (0x02d44a33) div     s4, s0, a3
core   0: 3 0x80000678 (0x02d44a33) x20 0x00000009
core   0: 0x8000067c (0x021525b3) mulhsu  a1, a0, ra
core   0: 3 0x8000067c (0x021525b3) x11 0x00000000
core   0: 0x80000680 (0x29f2bc13) sltiu   s8, t0, 671
core   0: 3 0x80000680 (0x29f2bc13) x24 0x00000001
core   0: 0x80000684 (0xd6dec513) xori    a0, t4, -659
core   0: 3 0x80000684 (0xd6dec513) x10 0xfffffd6d
core   0: 0x80000688 (0x40a4de13) srai    t3, s1, 10
core   0: 3 0x80000688 (0x40a4de13) x28 0xffffffff
core   0: 0x8000068c (0x00000013) nop
core   0: 3 0x8000068c (0x00000013)
core   0: 0x80000690 (0xeee4af13) slti    t5, s1, -274
core   0: 3 0x80000690 (0xeee4af13) x30 0x00000001
core   0: 0x80000694 (0x01966f33) or      t5, a2, s9
core   0: 3 0x80000694 (0x01966f33) x30 0xffffffff
core   0: 0x80000698 (0x0171df33) srl     t5, gp, s7
core   0: 3 0x80000698 (0x0171df33) x30 0x0001ffff
core   0: 0x8000069c (0x021b29b3) mulhsu  s3, s6, ra
core   0: 3 0x8000069c (0x021b29b3) x19 0xffffffff
core   0: 0x800006a0 (0x03086e33) rem     t3, a6, a6
core   0: 3 0x800006a0 (0x03086e33) x28 0x00000000
core   0: 0x800006a4 (0xf668e613) ori     a2, a7, -154
core   0: 3 0x800006a4 (0xf668e613) x12 0xffffff6f
core   0: 0x800006a8 (0xd8e9c493) xori    s1, s3, -626
core   0: 3 0x800006a8 (0xd8e9c493) x 9 0x00000271
core   0: 0x800006ac (0xffc68693) addi    a3, a3, -4
core   0: 3 0x800006ac (0xffc68693) x13 0xfffffffa
core   0: 0x800006b0 (0x69369cb7) lui     s9, 0x69369
core   0: 3 0x800006b0 (0x69369cb7) x25 0x69369000
core   0: 0x800006b4 (0xfbf6dee3) bge     a3, t6, pc - 68
core   0: 3 0x800006b4 (0xfbf6dee3)
core   0: 0x80000670 (0x00000013) nop
core   0: 3 0x80000670 (0x00000013)
core   0: 0x80000674 (0x02b85633) divu    a2, a6, a1
core   0: 3 0x80000674 (0x02b85633) x12 0xffffffff
core   0: 0x80000678 (0x02d44a33) div     s4, s0, a3
core   0: 3 0x80000678 (0x02d44a33) x20 0x00000003
core   0: 0x8000067c (0x021525b3) mulhsu  a1, a0, ra
core   0: 3 0x8000067c (0x021525b3) x11 0xffffffff
core   0: 0x80000680 (0x29f2bc13) sltiu   s8, t0, 671
core   0: 3 0x80000680 (0x29f2bc13) x24 0x00000001
core   0: 0x80000684 (0xd6dec513) xori    a0, t4, -659
core   0: 3 0x80000684 (0xd6dec513) x10 0xfffffd6d
core   0: 0x80000688 (0x40a4de13) srai    t3, s1, 10
core   0: 3 0x80000688 (0x40a4de13) x28 0x00000000
core   0: 0x8000068c (0x00000013) nop
core   0: 3 0x8000068c (0x00000013)
core   0: 0x80000690 (0xeee4af13) slti    t5, s1, -274
core   0: 3 0x80000690 (0xeee4af13) x30 0x00000000
core   0: 0x80000694 (0x01966f33) or      t5, a2, s9
core   0: 3 0x80000694 (0x01966f33) x30 0xffffffff
core   0: 0x80000698 (0x0171df33) srl     t5, gp, s7
core   0: 3 0x80000698 (0x0171df33) x30 0x0001ffff
core   0: 0x8000069c (0x021b29b3) mulhsu  s3, s6, ra
core   0: 3 0x8000069c (0x021b29b3) x19 0xffffffff
core   0: 0x800006a0 (0x03086e33) rem     t3, a6, a6
core   0: 3 0x800006a0 (0x03086e33) x28 0x00000000
core   0: 0x800006a4 (0xf668e613) ori     a2, a7, -154
core   0: 3 0x800006a4 (0xf668e613) x12 0xffffff6f
core   0: 0x800006a8 (0xd8e9c493) xori    s1, s3, -626
core   0: 3 0x800006a8 (0xd8e9c493) x 9 0x00000271
core   0: 0x800006ac (0xffc68693) addi    a3, a3, -4
core   0: 3 0x800006ac (0xffc68693) x13 0xfffffff6
core   0: 0x800006b0 (0x69369cb7) lui     s9, 0x69369
core   0: 3 0x800006b0 (0x69369cb7) x25 0x69369000
core   0: 0x800006b4 (0xfbf6dee3) bge     a3, t6, pc - 68
core   0: 3 0x800006b4 (0xfbf6dee3)
core   0: 0x80000670 (0x00000013) nop
core   0: 3 0x80000670 (0x00000013)
core   0: 0x80000674 (0x02b85633) divu    a2, a6, a1
core   0: 3 0x80000674 (0x02b85633) x12 0x00000000
core   0: 0x80000678 (0x02d44a33) div     s4, s0, a3
core   0: 3 0x80000678 (0x02d44a33) x20 0x00000001
core   0: 0x8000067c (0x021525b3) mulhsu  a1, a0, ra
core   0: 3 0x8000067c (0x021525b3) x11 0xffffffff
core   0: 0x80000680 (0x29f2bc13) sltiu   s8, t0, 671
core   0: 3 0x80000680 (0x29f2bc13) x24 0x00000001
core   0: 0x80000684 (0xd6dec513) xori    a0, t4, -659
core   0: 3 0x80000684 (0xd6dec513) x10 0xfffffd6d
core   0: 0x80000688 (0x40a4de13) srai    t3, s1, 10
core   0: 3 0x80000688 (0x40a4de13) x28 0x00000000
core   0: 0x8000068c (0x00000013) nop
core   0: 3 0x8000068c (0x00000013)
core   0: 0x80000690 (0xeee4af13) slti    t5, s1, -274
core   0: 3 0x80000690 (0xeee4af13) x30 0x00000000
core   0: 0x80000694 (0x01966f33) or      t5, a2, s9
core   0: 3 0x80000694 (0x01966f33) x30 0x69369000
core   0: 0x80000698 (0x0171df33) srl     t5, gp, s7
core   0: 3 0x80000698 (0x0171df33) x30 0x0001ffff
core   0: 0x8000069c (0x021b29b3) mulhsu  s3, s6, ra
core   0: 3 0x8000069c (0x021b29b3) x19 0xffffffff
core   0: 0x800006a0 (0x03086e33) rem     t3, a6, a6
core   0: 3 0x800006a0 (0x03086e33) x28 0x00000000
core   0: 0x800006a4 (0xf668e613) ori     a2, a7, -154
core   0: 3 0x800006a4 (0xf668e613) x12 0xffffff6f
core   0: 0x800006a8 (0xd8e9c493) xori    s1, s3, -626
core   0: 3 0x800006a8 (0xd8e9c493) x 9 0x00000271
core   0: 0x800006ac (0xffc68693) addi    a3, a3, -4
core   0: 3 0x800006ac (0xffc68693) x13 0xfffffff2
core   0: 0x800006b0 (0x69369cb7) lui     s9, 0x69369
core   0: 3 0x800006b0 (0x69369cb7) x25 0x69369000
core   0: 0x800006b4 (0xfbf6dee3) bge     a3, t6, pc - 68
core   0: 3 0x800006b4 (0xfbf6dee3)
core   0: 0x80000670 (0x00000013) nop
core   0: 3 0x80000670 (0x00000013)
core   0: 0x80000674 (0x02b85633) divu    a2, a6, a1
core   0: 3 0x80000674 (0x02b85633) x12 0x00000000
core   0: 0x80000678 (0x02d44a33) div     s4, s0, a3
core   0: 3 0x80000678 (0x02d44a33) x20 0x00000001
core   0: 0x8000067c (0x021525b3) mulhsu  a1, a0, ra
core   0: 3 0x8000067c (0x021525b3) x11 0xffffffff
core   0: 0x80000680 (0x29f2bc13) sltiu   s8, t0, 671
core   0: 3 0x80000680 (0x29f2bc13) x24 0x00000001
core   0: 0x80000684 (0xd6dec513) xori    a0, t4, -659
core   0: 3 0x80000684 (0xd6dec513) x10 0xfffffd6d
core   0: 0x80000688 (0x40a4de13) srai    t3, s1, 10
core   0: 3 0x80000688 (0x40a4de13) x28 0x00000000
core   0: 0x8000068c (0x00000013) nop
core   0: 3 0x8000068c (0x00000013)
core   0: 0x80000690 (0xeee4af13) slti    t5, s1, -274
core   0: 3 0x80000690 (0xeee4af13) x30 0x00000000
core   0: 0x80000694 (0x01966f33) or      t5, a2, s9
core   0: 3 0x80000694 (0x01966f33) x30 0x69369000
core   0: 0x80000698 (0x0171df33) srl     t5, gp, s7
core   0: 3 0x80000698 (0x0171df33) x30 0x0001ffff
core   0: 0x8000069c (0x021b29b3) mulhsu  s3, s6, ra
core   0: 3 0x8000069c (0x021b29b3) x19 0xffffffff
core   0: 0x800006a0 (0x03086e33) rem     t3, a6, a6
core   0: 3 0x800006a0 (0x03086e33) x28 0x00000000
core   0: 0x800006a4 (0xf668e613) ori     a2, a7, -154
core   0: 3 0x800006a4 (0xf668e613) x12 0xffffff6f
core   0: 0x800006a8 (0xd8e9c493) xori    s1, s3, -626
core   0: 3 0x800006a8 (0xd8e9c493) x 9 0x00000271
core   0: 0x800006ac (0xffc68693) addi    a3, a3, -4
core   0: 3 0x800006ac (0xffc68693) x13 0xffffffee
core   0: 0x800006b0 (0x69369cb7) lui     s9, 0x69369
core   0: 3 0x800006b0 (0x69369cb7) x25 0x69369000
core   0: 0x800006b4 (0xfbf6dee3) bge     a3, t6, pc - 68
core   0: 3 0x800006b4 (0xfbf6dee3)
core   0: 0x800006b8 (0x0294a9b3) mulhsu  s3, s1, s1
core   0: 3 0x800006b8 (0x0294a9b3) x19 0x00000000
core   0: 0x800006bc (0x00400593) li      a1, 4
core   0: 3 0x800006bc (0x00400593) x11 0x00000004
core   0: 0x800006c0 (0x47012e13) slti    t3, sp, 1136
core   0: 3 0x800006c0 (0x47012e13) x28 0x00000001
core   0: 0x800006c4 (0xb019b893) sltiu   a7, s3, -1279
core   0: 3 0x800006c4 (0xb019b893) x17 0x00000001
core   0: 0x800006c8 (0x95397e93) andi    t4, s2, -1709
core   0: 3 0x800006c8 (0x95397e93) x29 0x00000000
core   0: 0x800006cc (0x816ce613) ori     a2, s9, -2026
core   0: 3 0x800006cc (0x816ce613) x12 0xfffff816
core   0: 0x800006d0 (0x010d5b93) srli    s7, s10, 16
core   0: 3 0x800006d0 (0x010d5b93) x23 0x00000000
core   0: 0x800006d4 (0x01ffd113) srli    sp, t6, 31
core   0: 3 0x800006d4 (0x01ffd113) x 2 0x00000001
core   0: 0x800006d8 (0x5fd5cfb7) lui     t6, 0x5fd5c
core   0: 3 0x800006d8 (0x5fd5cfb7) x31 0x5fd5c000
core   0: 0x800006dc (0x41cbde93) srai    t4, s7, 28
core   0: 3 0x800006dc (0x41cbde93) x29 0x00000000
core   0: 0x800006e0 (0x0246b433) mulhu   s0, a3, tp
core   0: 3 0x800006e0 (0x0246b433) x 8 0x00000000
core   0: 0x800006e4 (0x01d75513) srli    a0, a4, 29
core   0: 3 0x800006e4 (0x01d75513) x10 0x00000007
core   0: 0x800006e8 (0x02496833) rem     a6, s2, tp
core   0: 3 0x800006e8 (0x02496833) x16 0x00000000
core   0: 0x800006ec (0xf123c813) xori    a6, t2, -238
core   0: 3 0x800006ec (0xf123c813) x16 0xffffff1f
core   0: 0x800006f0 (0x90657e93) andi    t4, a0, -1786
core   0: 3 0x800006f0 (0x90657e93) x29 0x00000006
core   0: 0x800006f4 (0x029cf1b3) remu    gp, s9, s1
core   0: 3 0x800006f4 (0x029cf1b3) x 3 0x0000016b
core   0: 0x800006f8 (0x645bb6b7) lui     a3, 0x645bb
core   0: 3 0x800006f8 (0x645bb6b7) x13 0x645bb000
core   0: 0x800006fc (0x00700313) li      t1, 7
core   0: 3 0x800006fc (0x00700313) x 6 0x00000007
core   0: 0x80000700 (0x0113f533) and     a0, t2, a7
core   0: 3 0x80000700 (0x0113f533) x10 0x00000001
core   0: 0x80000704 (0x012f69b3) or      s3, t5, s2
core   0: 3 0x80000704 (0x012f69b3) x19 0x0001ffff
core   0: 0x80000708 (0x03424533) div     a0, tp, s4
core   0: 3 0x80000708 (0x03424533) x10 0x00000001
core   0: 0x8000070c (0x0227d1b3) divu    gp, a5, sp
core   0: 3 0x8000070c (0x0227d1b3) x 3 0xb95665c0
core   0: 0x80000710 (0x03f59433) mulh    s0, a1, t6
core   0: 3 0x80000710 (0x03f59433) x 8 0x00000001
core   0: 0x80000714 (0x001a5633) srl     a2, s4, ra
core   0: 3 0x80000714 (0x001a5633) x12 0x00000000
core   0: 0x80000718 (0x032502b3) mul     t0, a0, s2
core   0: 3 0x80000718 (0x032502b3) x 5 0x00000000
core   0: 0x8000071c (0x00358593) addi    a1, a1, 3
core   0: 3 0x8000071c (0x00358593) x11 0x00000007
core   0: 0x80000720 (0x525bf813) andi    a6, s7, 1317
core   0: 3 0x80000720 (0x525bf813) x16 0x00000000
core   0: 0x80000724 (0x48c03fb7) lui     t6, 0x48c03
core   0: 3 0x80000724 (0x48c03fb7) x31 0x48c03000
core   0: 0x80000728 (0x41c55d13) srai    s10, a0, 28
core   0: 3 0x80000728 (0x41c55d13) x26 0x00000000
core   0: 0x8000072c (0xfe6582e3) beq     a1, t1, pc - 28
core   0: 3 0x8000072c (0xfe6582e3)
core   0: 0x80000710 (0x03f59433) mulh    s0, a1, t6
core   0: 3 0x80000710 (0x03f59433) x 8 0x00000001
core   0: 0x80000714 (0x001a5633) srl     a2, s4, ra
core   0: 3 0x80000714 (0x001a5633) x12 0x00000000
core   0: 0x80000718 (0x032502b3) mul     t0, a0, s2
core   0: 3 0x80000718 (0x032502b3) x 5 0x00000000
core   0: 0x8000071c (0x00358593) addi    a1, a1, 3
core   0: 3 0x8000071c (0x00358593) x11 0x0000000a
core   0: 0x80000720 (0x525bf813) andi    a6, s7, 1317
core   0: 3 0x80000720 (0x525bf813) x16 0x00000000
core   0: 0x80000724 (0x48c03fb7) lui     t6, 0x48c03
core   0: 3 0x80000724 (0x48c03fb7) x31 0x48c03000
core   0: 0x80000728 (0x41c55d13) srai    s10, a0, 28
core   0: 3 0x80000728 (0x41c55d13) x26 0x00000000
core   0: 0x8000072c (0xfe6582e3) beq     a1, t1, pc - 28
core   0: 3 0x8000072c (0xfe6582e3)
core   0: 0x80000730 (0x004f5293) srli    t0, t5, 4
core   0: 3 0x80000730 (0x004f5293) x 5 0x00001fff
core   0: 0x80000734 (0xff900393) li      t2, -7
core   0: 3 0x80000734 (0xff900393) x 7 0xfffffff9
core   0: 0x80000738 (0x41235533) sra     a0, t1, s2
core   0: 3 0x80000738 (0x41235533) x10 0x00000007
core   0: 0x8000073c (0x01200613) li      a2, 18
core   0: 3 0x8000073c (0x01200613) x12 0x00000012
core   0: 0x80000740 (0x68953793) sltiu   a5, a0, 1673
core   0: 3 0x80000740 (0x68953793) x15 0x00000001
core   0: 0x80000744 (0x00838393) addi    t2, t2, 8
core   0: 3 0x80000744 (0x00838393) x 7 0x00000001
core   0: 0x80000748 (0xfec3ece3) bltu    t2, a2, pc - 8
core   0: 3 0x80000748 (0xfec3ece3)
core   0: 0x80000740 (0x68953793) sltiu   a5, a0, 1673
core   0: 3 0x80000740 (0x68953793) x15 0x00000001
core   0: 0x80000744 (0x00838393) addi    t2, t2, 8
core   0: 3 0x80000744 (0x00838393) x 7 0x00000009
core   0: 0x80000748 (0xfec3ece3) bltu    t2, a2, pc - 8
core   0: 3 0x80000748 (0xfec3ece3)
core   0: 0x80000740 (0x68953793) sltiu   a5, a0, 1673
core   0: 3 0x80000740 (0x68953793) x15 0x00000001
core   0: 0x80000744 (0x00838393) addi    t2, t2, 8
core   0: 3 0x80000744 (0x00838393) x 7 0x00000011
core   0: 0x80000748 (0xfec3ece3) bltu    t2, a2, pc - 8
core   0: 3 0x80000748 (0xfec3ece3)
core   0: 0x80000740 (0x68953793) sltiu   a5, a0, 1673
core   0: 3 0x80000740 (0x68953793) x15 0x00000001
core   0: 0x80000744 (0x00838393) addi    t2, t2, 8
core   0: 3 0x80000744 (0x00838393) x 7 0x00000019
core   0: 0x80000748 (0xfec3ece3) bltu    t2, a2, pc - 8
core   0: 3 0x80000748 (0xfec3ece3)
core   0: 0x8000074c (0x02af9433) mulh    s0, t6, a0
core   0: 3 0x8000074c (0x02af9433) x 8 0x00000001
core   0: 0x80000750 (0xffc00513) li      a0, -4
core   0: 3 0x80000750 (0xffc00513) x10 0xfffffffc
core   0: 0x80000754 (0xc13c0813) addi    a6, s8, -1005
core   0: 3 0x80000754 (0xc13c0813) x16 0xfffffc14
core   0: 0x80000758 (0xb54d3693) sltiu   a3, s10, -1196
core   0: 3 0x80000758 (0xb54d3693) x13 0x00000001
core   0: 0x8000075c (0x01636133) or      sp, t1, s6
core   0: 3 0x8000075c (0x01636133) x 2 0x80025e67
core   0: 0x80000760 (0x00000013) nop
core   0: 3 0x80000760 (0x00000013)
core   0: 0x80000764 (0x7cb16f93) ori     t6, sp, 1995
core   0: 3 0x80000764 (0x7cb16f93) x31 0x80025fef
core   0: 0x80000768 (0x0152a7b3) slt     a5, t0, s5
core   0: 3 0x80000768 (0x0152a7b3) x15 0x00000000
core   0: 0x8000076c (0x01544d33) xor     s10, s0, s5
core   0: 3 0x8000076c (0x01544d33) x26 0xfffffff1
core   0: 0x80000770 (0x02b36833) rem     a6, t1, a1
core   0: 3 0x80000770 (0x02b36833) x16 0x00000007
core   0: 0x80000774 (0xbb438117) auipc   sp, 0xbb438
core   0: 3 0x80000774 (0xbb438117) x 2 0x3b438774
core   0: 0x80000778 (0x0312d9b3) divu    s3, t0, a7
core   0: 3 0x80000778 (0x0312d9b3) x19 0x00001fff
core   0: 0x8000077c (0x03529333) mulh    t1, t0, s5
core   0: 3 0x8000077c (0x03529333) x 6 0xffffffff
core   0: 0x80000780 (0x00000293) li      t0, 0
core   0: 3 0x80000780 (0x00000293) x 5 0x00000000
core   0: 0x80000784 (0x00000013) nop
core   0: 3 0x80000784 (0x00000013)
core   0: 0x80000788 (0x002030b3) snez    ra, sp
core   0: 3 0x80000788 (0x002030b3) x 1 0x00000001
core   0: 0x8000078c (0x02fe0633) mul     a2, t3, a5
core   0: 3 0x8000078c (0x02fe0633) x12 0x00000000
core   0: 0x80000790 (0x030a99b3) mulh    s3, s5, a6
core   0: 3 0x80000790 (0x030a99b3) x19 0xffffffff
core   0: 0x80000794 (0x00950513) addi    a0, a0, 9
core   0: 3 0x80000794 (0x00950513) x10 0x00000005
core   0: 0x80000798 (0x36600437) lui     s0, 0x36600
core   0: 3 0x80000798 (0x36600437) x 8 0x36600000
core   0: 0x8000079c (0x40b989b3) sub     s3, s3, a1
core   0: 3 0x8000079c (0x40b989b3) x19 0xfffffff5
core   0: 0x800007a0 (0x0108df93) srli    t6, a7, 16
core   0: 3 0x800007a0 (0x0108df93) x31 0x00000000
core   0: 0x800007a4 (0x019f36b3) sltu    a3, t5, s9
core   0: 3 0x800007a4 (0x019f36b3) x13 0x00000001
core   0: 0x800007a8 (0x40cc55b3) sra     a1, s8, a2
core   0: 3 0x800007a8 (0x40cc55b3) x11 0x00000001
core   0: 0x800007ac (0x028b43b3) div     t2, s6, s0
core   0: 3 0x800007ac (0x028b43b3) x 7 0xfffffffe
core   0: 0x800007b0 (0xfe5540e3) blt     a0, t0, pc - 32
core   0: 3 0x800007b0 (0xfe5540e3)
core   0: 0x800007b4 (0x03a82e33) mulhsu  t3, a6, s10
core   0: 3 0x800007b4 (0x03a82e33) x28 0x00000006
core   0: 0x800007b8 (0x00a00413) li      s0, 10
core   0: 3 0x800007b8 (0x00a00413) x 8 0x0000000a
core   0: 0x800007bc (0x028169b3) rem     s3, sp, s0
core   0: 3 0x800007bc (0x028169b3) x19 0x00000002
core   0: 0x800007c0 (0x02b0d8b3) divu    a7, ra, a1
core   0: 3 0x800007c0 (0x02b0d8b3) x17 0x00000001
core   0: 0x800007c4 (0xb6297317) auipc   t1, 0xb6297
core   0: 3 0x800007c4 (0xb6297317) x 6 0x362977c4
core   0: 0x800007c8 (0x00800813) li      a6, 8
core   0: 3 0x800007c8 (0x00800813) x16 0x00000008
core   0: 0x800007cc (0xacfcb993) sltiu   s3, s9, -1329
core   0: 3 0x800007cc (0xacfcb993) x19 0x00000001
core   0: 0x800007d0 (0x14f0a013) slti    zero, ra, 335
core   0: 3 0x800007d0 (0x14f0a013)
core   0: 0x800007d4 (0xffa40413) addi    s0, s0, -6
core   0: 3 0x800007d4 (0xffa40413) x 8 0x00000004
core   0: 0x800007d8 (0x00700513) li      a0, 7
core   0: 3 0x800007d8 (0x00700513) x10 0x00000007
core   0: 0x800007dc (0x0214a6b3) mulhsu  a3, s1, ra
core   0: 3 0x800007dc (0x0214a6b3) x13 0x00000000
core   0: 0x800007e0 (0x00d00a93) li      s5, 13
core   0: 3 0x800007e0 (0x00d00a93) x21 0x0000000d
core   0: 0x800007e4 (0x404f8633) sub     a2, t6, tp
core   0: 3 0x800007e4 (0x404f8633) x12 0xffffffff
core   0: 0x800007e8 (0x01de47b3) xor     a5, t3, t4
core   0: 3 0x800007e8 (0x01de47b3) x15 0x00000000
core   0: 0x800007ec (0x0284b5b3) mulhu   a1, s1, s0
core   0: 3 0x800007ec (0x0284b5b3) x11 0x00000000
core   0: 0x800007f0 (0x00150513) addi    a0, a0, 1
core   0: 3 0x800007f0 (0x00150513) x10 0x00000008
core   0: 0x800007f4 (0xaff80397) auipc   t2, 0xaff80
core   0: 3 0x800007f4 (0xaff80397) x 7 0x2ff807f4
core   0: 0x800007f8 (0xff5516e3) bne     a0, s5, pc - 20
core   0: 3 0x800007f8 (0xff5516e3)
core   0: 0x800007e4 (0x404f8633) sub     a2, t6, tp
core   0: 3 0x800007e4 (0x404f8633) x12 0xffffffff
core   0: 0x800007e8 (0x01de47b3) xor     a5, t3, t4
core   0: 3 0x800007e8 (0x01de47b3) x15 0x00000000
core   0: 0x800007ec (0x0284b5b3) mulhu   a1, s1, s0
core   0: 3 0x800007ec (0x0284b5b3) x11 0x00000000
core   0: 0x800007f0 (0x00150513) addi    a0, a0, 1
core   0: 3 0x800007f0 (0x00150513) x10 0x00000009
core   0: 0x800007f4 (0xaff80397) auipc   t2, 0xaff80
core   0: 3 0x800007f4 (0xaff80397) x 7 0x2ff807f4
core   0: 0x800007f8 (0xff5516e3) bne     a0, s5, pc - 20
core   0: 3 0x800007f8 (0xff5516e3)
core   0: 0x800007e4 (0x404f8633) sub     a2, t6, tp
core   0: 3 0x800007e4 (0x404f8633) x12 0xffffffff
core   0: 0x800007e8 (0x01de47b3) xor     a5, t3, t4
core   0: 3 0x800007e8 (0x01de47b3) x15 0x00000000
core   0: 0x800007ec (0x0284b5b3) mulhu   a1, s1, s0
core   0: 3 0x800007ec (0x0284b5b3) x11 0x00000000
core   0: 0x800007f0 (0x00150513) addi    a0, a0, 1
core   0: 3 0x800007f0 (0x00150513) x10 0x0000000a
core   0: 0x800007f4 (0xaff80397) auipc   t2, 0xaff80
core   0: 3 0x800007f4 (0xaff80397) x 7 0x2ff807f4
core   0: 0x800007f8 (0xff5516e3) bne     a0, s5, pc - 20
core   0: 3 0x800007f8 (0xff5516e3)
core   0: 0x800007e4 (0x404f8633) sub     a2, t6, tp
core   0: 3 0x800007e4 (0x404f8633) x12 0xffffffff
core   0: 0x800007e8 (0x01de47b3) xor     a5, t3, t4
core   0: 3 0x800007e8 (0x01de47b3) x15 0x00000000
core   0: 0x800007ec (0x0284b5b3) mulhu   a1, s1, s0
core   0: 3 0x800007ec (0x0284b5b3) x11 0x00000000
core   0: 0x800007f0 (0x00150513) addi    a0, a0, 1
core   0: 3 0x800007f0 (0x00150513) x10 0x0000000b
core   0: 0x800007f4 (0xaff80397) auipc   t2, 0xaff80
core   0: 3 0x800007f4 (0xaff80397) x 7 0x2ff807f4
core   0: 0x800007f8 (0xff5516e3) bne     a0, s5, pc - 20
core   0: 3 0x800007f8 (0xff5516e3)
core   0: 0x800007e4 (0x404f8633) sub     a2, t6, tp
core   0: 3 0x800007e4 (0x404f8633) x12 0xffffffff
core   0: 0x800007e8 (0x01de47b3) xor     a5, t3, t4
core   0: 3 0x800007e8 (0x01de47b3) x15 0x00000000
core   0: 0x800007ec (0x0284b5b3) mulhu   a1, s1, s0
core   0: 3 0x800007ec (0x0284b5b3) x11 0x00000000
core   0: 0x800007f0 (0x00150513) addi    a0, a0, 1
core   0: 3 0x800007f0 (0x00150513) x10 0x0000000c
core   0: 0x800007f4 (0xaff80397) auipc   t2, 0xaff80
core   0: 3 0x800007f4 (0xaff80397) x 7 0x2ff807f4
core   0: 0x800007f8 (0xff5516e3) bne     a0, s5, pc - 20
core   0: 3 0x800007f8 (0xff5516e3)
core   0: 0x800007e4 (0x404f8633) sub     a2, t6, tp
core   0: 3 0x800007e4 (0x404f8633) x12 0xffffffff
core   0: 0x800007e8 (0x01de47b3) xor     a5, t3, t4
core   0: 3 0x800007e8 (0x01de47b3) x15 0x00000000
core   0: 0x800007ec (0x0284b5b3) mulhu   a1, s1, s0
core   0: 3 0x800007ec (0x0284b5b3) x11 0x00000000
core   0: 0x800007f0 (0x00150513) addi    a0, a0, 1
core   0: 3 0x800007f0 (0x00150513) x10 0x0000000d
core   0: 0x800007f4 (0xaff80397) auipc   t2, 0xaff80
core   0: 3 0x800007f4 (0xaff80397) x 7 0x2ff807f4
core   0: 0x800007f8 (0xff5516e3) bne     a0, s5, pc - 20
core   0: 3 0x800007f8 (0xff5516e3)
core   0: 0x800007fc (0xfd0478e3) bgeu    s0, a6, pc - 48
core   0: 3 0x800007fc (0xfd0478e3)
core   0: 0x80000800 (0x0123e9b3) or      s3, t2, s2
core   0: 3 0x80000800 (0x0123e9b3) x19 0x2ff807f4
core   0: 0x80000804 (0xffb00193) li      gp, -5
core   0: 3 0x80000804 (0xffb00193) x 3 0xfffffffb
core   0: 0x80000808 (0x0292d833) divu    a6, t0, s1
core   0: 3 0x80000808 (0x0292d833) x16 0x00000000
core   0: 0x8000080c (0xff200213) li      tp, -14
core   0: 3 0x8000080c (0xff200213) x 4 0xfffffff2
core   0: 0x80000810 (0x02de6f33) rem     t5, t3, a3
core   0: 3 0x80000810 (0x02de6f33) x30 0x00000006
core   0: 0x80000814 (0x02ec38b3) mulhu   a7, s8, a4
core   0: 3 0x80000814 (0x02ec38b3) x17 0x00000000
core   0: 0x80000818 (0x010a0eb3) add     t4, s4, a6
core   0: 3 0x80000818 (0x010a0eb3) x29 0x00000001
core   0: 0x8000081c (0xffd18193) addi    gp, gp, -3
core   0: 3 0x8000081c (0xffd18193) x 3 0xfffffff8
core   0: 0x80000820 (0xde0ba493) slti    s1, s7, -544
core   0: 3 0x80000820 (0xde0ba493) x 9 0x00000000
core   0: 0x80000824 (0x00900113) li      sp, 9
core   0: 3 0x80000824 (0x00900113) x 2 0x00000009
core   0: 0x80000828 (0x03315533) divu    a0, sp, s3
core   0: 3 0x80000828 (0x03315533) x10 0x00000000
core   0: 0x8000082c (0x02f475b3) remu    a1, s0, a5
core   0: 3 0x8000082c (0x02f475b3) x11 0x00000004
core   0: 0x80000830 (0x020cff33) remu    t5, s9, zero
core   0: 3 0x80000830 (0x020cff33) x30 0x69369000
core   0: 0x80000834 (0x02b2c5b3) div     a1, t0, a1
core   0: 3 0x80000834 (0x02b2c5b3) x11 0x00000000
core   0: 0x80000838 (0x017b9cb3) sll     s9, s7, s7
core   0: 3 0x80000838 (0x017b9cb3) x25 0x00000000
core   0: 0x8000083c (0x00600313) li      t1, 6
core   0: 3 0x8000083c (0x00600313) x 6 0x00000006
core   0: 0x80000840 (0x00b25013) srli    zero, tp, 11
core   0: 3 0x80000840 (0x00b25013)
core   0: 0x80000844 (0x0256cd33) div     s10, a3, t0
core   0: 3 0x80000844 (0x0256cd33) x26 0xffffffff
core   0: 0x80000848 (0x02528bb3) mul     s7, t0, t0
core   0: 3 0x80000848 (0x02528bb3) x23 0x00000000
core   0: 0x8000084c (0x0341eab3) rem     s5, gp, s4
core   0: 3 0x8000084c (0x0341eab3) x21 0x00000000
core   0: 0x80000850 (0x03157fb3) remu    t6, a0, a7
core   0: 3 0x80000850 (0x03157fb3) x31 0x00000000
core   0: 0x80000854 (0xffc10113) addi    sp, sp, -4
core   0: 3 0x80000854 (0xffc10113) x 2 0x00000005
core   0: 0x80000858 (0x02179eb3) mulh    t4, a5, ra
core   0: 3 0x80000858 (0x02179eb3) x29 0x00000000
core   0: 0x8000085c (0x02d2fc33) remu    s8, t0, a3
core   0: 3 0x8000085c (0x02d2fc33) x24 0x00000000
core   0: 0x80000860 (0xfe6174e3) bgeu    sp, t1, pc - 24
core   0: 3 0x80000860 (0xfe6174e3)
core   0: 0x80000864 (0x02e59bb3) mulh    s7, a1, a4
core   0: 3 0x80000864 (0x02e59bb3) x23 0x00000000
core   0: 0x80000868 (0x009925b3) slt     a1, s2, s1
core   0: 3 0x80000868 (0x009925b3) x11 0x00000000
core   0: 0x8000086c (0x9493be13) sltiu   t3, t2, -1719
core   0: 3 0x8000086c (0x9493be13) x28 0x00000001
core   0: 0x80000870 (0xfa41d2e3) bge     gp, tp, pc - 92
core   0: 3 0x80000870 (0xfa41d2e3)
core   0: 0x80000814 (0x02ec38b3) mulhu   a7, s8, a4
core   0: 3 0x80000814 (0x02ec38b3) x17 0x00000000
core   0: 0x80000818 (0x010a0eb3) add     t4, s4, a6
core   0: 3 0x80000818 (0x010a0eb3) x29 0x00000001
core   0: 0x8000081c (0xffd18193) addi    gp, gp, -3
core   0: 3 0x8000081c (0xffd18193) x 3 0xfffffff5
core   0: 0x80000820 (0xde0ba493) slti    s1, s7, -544
core   0: 3 0x80000820 (0xde0ba493) x 9 0x00000000
core   0: 0x80000824 (0x00900113) li      sp, 9
core   0: 3 0x80000824 (0x00900113) x 2 0x00000009
core   0: 0x80000828 (0x03315533) divu    a0, sp, s3
core   0: 3 0x80000828 (0x03315533) x10 0x00000000
core   0: 0x8000082c (0x02f475b3) remu    a1, s0, a5
core   0: 3 0x8000082c (0x02f475b3) x11 0x00000004
core   0: 0x80000830 (0x020cff33) remu    t5, s9, zero
core   0: 3 0x80000830 (0x020cff33) x30 0x00000000
core   0: 0x80000834 (0x02b2c5b3) div     a1, t0, a1
core   0: 3 0x80000834 (0x02b2c5b3) x11 0x00000000
core   0: 0x80000838 (0x017b9cb3) sll     s9, s7, s7
core   0: 3 0x80000838 (0x017b9cb3) x25 0x00000000
core   0: 0x8000083c (0x00600313) li      t1, 6
core   0: 3 0x8000083c (0x00600313) x 6 0x00000006
core   0: 0x80000840 (0x00b25013) srli    zero, tp, 11
core   0: 3 0x80000840 (0x00b25013)
core   0: 0x80000844 (0x0256cd33) div     s10, a3, t0
core   0: 3 0x80000844 (0x0256cd33) x26 0xffffffff
core   0: 0x80000848 (0x02528bb3) mul     s7, t0, t0
core   0: 3 0x80000848 (0x02528bb3) x23 0x00000000
core   0: 0x8000084c (0x0341eab3) rem     s5, gp, s4
core   0: 3 0x8000084c (0x0341eab3) x21 0x00000000
core   0: 0x80000850 (0x03157fb3) remu    t6, a0, a7
core   0: 3 0x80000850 (0x03157fb3) x31 0x00000000
core   0: 0x80000854 (0xffc10113) addi    sp, sp, -4
core   0: 3 0x80000854 (0xffc10113) x 2 0x00000005
core   0: 0x80000858 (0x02179eb3) mulh    t4, a5, ra
core   0: 3 0x80000858 (0x02179eb3) x29 0x00000000
core   0: 0x8000085c (0x02d2fc33) remu    s8, t0, a3
core   0: 3 0x8000085c (0x02d2fc33) x24 0x00000000
core   0: 0x80000860 (0xfe6174e3) bgeu    sp, t1, pc - 24
core   0: 3 0x80000860 (0xfe6174e3)
core   0: 0x80000864 (0x02e59bb3) mulh    s7, a1, a4
core   0: 3 0x80000864 (0x02e59bb3) x23 0x00000000
core   0: 0x80000868 (0x009925b3) slt     a1, s2, s1
core   0: 3 0x80000868 (0x009925b3) x11 0x00000000
core   0: 0x8000086c (0x9493be13) sltiu   t3, t2, -1719
core   0: 3 0x8000086c (0x9493be13) x28 0x00000001
core   0: 0x80000870 (0xfa41d2e3) bge     gp, tp, pc - 92
core   0: 3 0x80000870 (0xfa41d2e3)
core   0: 0x80000814 (0x02ec38b3) mulhu   a7, s8, a4
core   0: 3 0x80000814 (0x02ec38b3) x17 0x00000000
core   0: 0x80000818 (0x010a0eb3) add     t4, s4, a6
core   0: 3 0x80000818 (0x010a0eb3) x29 0x00000001
core   0: 0x8000081c (0xffd18193) addi    gp, gp, -3
core   0: 3 0x8000081c (0xffd18193) x 3 0xfffffff2
core   0: 0x80000820 (0xde0ba493) slti    s1, s7, -544
core   0: 3 0x80000820 (0xde0ba493) x 9 0x00000000
core   0: 0x80000824 (0x00900113) li      sp, 9
core   0: 3 0x80000824 (0x00900113) x 2 0x00000009
core   0: 0x80000828 (0x03315533) divu    a0, sp, s3
core   0: 3 0x80000828 (0x03315533) x10 0x00000000
core   0: 0x8000082c (0x02f475b3) remu    a1, s0, a5
core   0: 3 0x8000082c (0x02f475b3) x11 0x00000004
core   0: 0x80000830 (0x020cff33) remu    t5, s9, zero
core   0: 3 0x80000830 (0x020cff33) x30 0x00000000
core   0: 0x80000834 (0x02b2c5b3) div     a1, t0, a1
core   0: 3 0x80000834 (0x02b2c5b3) x11 0x00000000
core   0: 0x80000838 (0x017b9cb3) sll     s9, s7, s7
core   0: 3 0x80000838 (0x017b9cb3) x25 0x00000000
core   0: 0x8000083c (0x00600313) li      t1, 6
core   0: 3 0x8000083c (0x00600313) x 6 0x00000006
core   0: 0x80000840 (0x00b25013) srli    zero, tp, 11
core   0: 3 0x80000840 (0x00b25013)
core   0: 0x80000844 (0x0256cd33) div     s10, a3, t0
core   0: 3 0x80000844 (0x0256cd33) x26 0xffffffff
core   0: 0x80000848 (0x02528bb3) mul     s7, t0, t0
core   0: 3 0x80000848 (0x02528bb3) x23 0x00000000
core   0: 0x8000084c (0x0341eab3) rem     s5, gp, s4
core   0: 3 0x8000084c (0x0341eab3) x21 0x00000000
core   0: 0x80000850 (0x03157fb3) remu    t6, a0, a7
core   0: 3 0x80000850 (0x03157fb3) x31 0x00000000
core   0: 0x80000854 (0xffc10113) addi    sp, sp, -4
core   0: 3 0x80000854 (0xffc10113) x 2 0x00000005
core   0: 0x80000858 (0x02179eb3) mulh    t4, a5, ra
core   0: 3 0x80000858 (0x02179eb3) x29 0x00000000
core   0: 0x8000085c (0x02d2fc33) remu    s8, t0, a3
core   0: 3 0x8000085c (0x02d2fc33) x24 0x00000000
core   0: 0x80000860 (0xfe6174e3) bgeu    sp, t1, pc - 24
core   0: 3 0x80000860 (0xfe6174e3)
core   0: 0x80000864 (0x02e59bb3) mulh    s7, a1, a4
core   0: 3 0x80000864 (0x02e59bb3) x23 0x00000000
core   0: 0x80000868 (0x009925b3) slt     a1, s2, s1
core   0: 3 0x80000868 (0x009925b3) x11 0x00000000
core   0: 0x8000086c (0x9493be13) sltiu   t3, t2, -1719
core   0: 3 0x8000086c (0x9493be13) x28 0x00000001
core   0: 0x80000870 (0xfa41d2e3) bge     gp, tp, pc - 92
core   0: 3 0x80000870 (0xfa41d2e3)
core   0: 0x80000814 (0x02ec38b3) mulhu   a7, s8, a4
core   0: 3 0x80000814 (0x02ec38b3) x17 0x00000000
core   0: 0x80000818 (0x010a0eb3) add     t4, s4, a6
core   0: 3 0x80000818 (0x010a0eb3) x29 0x00000001
core   0: 0x8000081c (0xffd18193) addi    gp, gp, -3
core   0: 3 0x8000081c (0xffd18193) x 3 0xffffffef
core   0: 0x80000820 (0xde0ba493) slti    s1, s7, -544
core   0: 3 0x80000820 (0xde0ba493) x 9 0x00000000
core   0: 0x80000824 (0x00900113) li      sp, 9
core   0: 3 0x80000824 (0x00900113) x 2 0x00000009
core   0: 0x80000828 (0x03315533) divu    a0, sp, s3
core   0: 3 0x80000828 (0x03315533) x10 0x00000000
core   0: 0x8000082c (0x02f475b3) remu    a1, s0, a5
core   0: 3 0x8000082c (0x02f475b3) x11 0x00000004
core   0: 0x80000830 (0x020cff33) remu    t5, s9, zero
core   0: 3 0x80000830 (0x020cff33) x30 0x00000000
core   0: 0x80000834 (0x02b2c5b3) div     a1, t0, a1
core   0: 3 0x80000834 (0x02b2c5b3) x11 0x00000000
core   0: 0x80000838 (0x017b9cb3) sll     s9, s7, s7
core   0: 3 0x80000838 (0x017b9cb3) x25 0x00000000
core   0: 0x8000083c (0x00600313) li      t1, 6
core   0: 3 0x8000083c (0x00600313) x 6 0x00000006
core   0: 0x80000840 (0x00b25013) srli    zero, tp, 11
core   0: 3 0x80000840 (0x00b25013)
core   0: 0x80000844 (0x0256cd33) div     s10, a3, t0
core   0: 3 0x80000844 (0x0256cd33) x26 0xffffffff
core   0: 0x80000848 (0x02528bb3) mul     s7, t0, t0
core   0: 3 0x80000848 (0x02528bb3) x23 0x00000000
core   0: 0x8000084c (0x0341eab3) rem     s5, gp, s4
core   0: 3 0x8000084c (0x0341eab3) x21 0x00000000
core   0: 0x80000850 (0x03157fb3) remu    t6, a0, a7
core   0: 3 0x80000850 (0x03157fb3) x31 0x00000000
core   0: 0x80000854 (0xffc10113) addi    sp, sp, -4
core   0: 3 0x80000854 (0xffc10113) x 2 0x00000005
core   0: 0x80000858 (0x02179eb3) mulh    t4, a5, ra
core   0: 3 0x80000858 (0x02179eb3) x29 0x00000000
core   0: 0x8000085c (0x02d2fc33) remu    s8, t0, a3
core   0: 3 0x8000085c (0x02d2fc33) x24 0x00000000
core   0: 0x80000860 (0xfe6174e3) bgeu    sp, t1, pc - 24
core   0: 3 0x80000860 (0xfe6174e3)
core   0: 0x80000864 (0x02e59bb3) mulh    s7, a1, a4
core   0: 3 0x80000864 (0x02e59bb3) x23 0x00000000
core   0: 0x80000868 (0x009925b3) slt     a1, s2, s1
core   0: 3 0x80000868 (0x009925b3) x11 0x00000000
core   0: 0x8000086c (0x9493be13) sltiu   t3, t2, -1719
core   0: 3 0x8000086c (0x9493be13) x28 0x00000001
core   0: 0x80000870 (0xfa41d2e3) bge     gp, tp, pc - 92
core   0: 3 0x80000870 (0xfa41d2e3)
core   0: 0x80000874 (0x0104c033) xor     zero, s1, a6
core   0: 3 0x80000874 (0x0104c033)
core   0: 0x80000878 (0x00000093) li      ra, 0
core   0: 3 0x80000878 (0x00000093) x 1 0x00000000
core   0: 0x8000087c (0x82820893) addi    a7, tp, -2008
core   0: 3 0x8000087c (0x82820893) x17 0xfffff81a
core   0: 0x80000880 (0x02f1ed33) rem     s10, gp, a5
core   0: 3 0x80000880 (0x02f1ed33) x26 0xffffffef
core   0: 0x80000884 (0x730aa317) auipc   t1, 0x730aa
core   0: 3 0x80000884 (0x730aa317) x 6 0xf30aa884
core   0: 0x80000888 (0x024cb1b3) mulhu   gp, s9, tp
core   0: 3 0x80000888 (0x024cb1b3) x 3 0x00000000
core   0: 0x8000088c (0x031342b3) div     t0, t1, a7
core   0: 3 0x8000088c (0x031342b3) x 5 0x0001a3ff
core   0: 0x80000890 (0x01bd5633) srl     a2, s10, s11
core   0: 3 0x80000890 (0x01bd5633) x12 0x0ffffffe
core   0: 0x80000894 (0x65ad31b7) lui     gp, 0x65ad3
core   0: 3 0x80000894 (0x65ad31b7) x 3 0x65ad3000
core   0: 0x80000898 (0xffa00b93) li      s7, -6
core   0: 3 0x80000898 (0xffa00b93) x23 0xfffffffa
core   0: 0x8000089c (0x02b1d033) divu    zero, gp, a1
core   0: 3 0x8000089c (0x02b1d033)
core   0: 0x800008a0 (0x0142f9b3) and     s3, t0, s4
core   0: 3 0x800008a0 (0x0142f9b3) x19 0x00000001
core   0: 0x800008a4 (0x0173c8b3) xor     a7, t2, s7
core   0: 3 0x800008a4 (0x0173c8b3) x17 0xd007f80e
core   0: 0x800008a8 (0x031bd1b3) divu    gp, s7, a7
core   0: 3 0x800008a8 (0x031bd1b3) x 3 0x00000001
core   0: 0x800008ac (0x228d0793) addi    a5, s10, 552
core   0: 3 0x800008ac (0x228d0793) x15 0x00000217
core   0: 0x800008b0 (0xdbf28d13) addi    s10, t0, -577
core   0: 3 0x800008b0 (0xdbf28d13) x26 0x0001a1be
core   0: 0x800008b4 (0x00c60eb3) add     t4, a2, a2
core   0: 3 0x800008b4 (0x00c60eb3) x29 0x1ffffffc
core   0: 0x800008b8 (0x02c04c13) xori    s8, zero, 44
core   0: 3 0x800008b8 (0x02c04c13) x24 0x0000002c
core   0: 0x800008bc (0xffa08093) addi    ra, ra, -6
core   0: 3 0x800008bc (0xffa08093) x 1 0xfffffffa
core   0: 0x800008c0 (0x03392ab3) mulhsu  s5, s2, s3
core   0: 3 0x800008c0 (0x03392ab3) x21 0x00000000
core   0: 0x800008c4 (0xfff00913) li      s2, -1
core   0: 3 0x800008c4 (0xfff00913) x18 0xffffffff
core   0: 0x800008c8 (0x00d00213) li      tp, 13
core   0: 3 0x800008c8 (0x00d00213) x 4 0x0000000d
core   0: 0x800008cc (0x01684a33) xor     s4, a6, s6
core   0: 3 0x800008cc (0x01684a33) x20 0x80025e64
core   0: 0x800008d0 (0x00000013) nop
core   0: 3 0x800008d0 (0x00000013)
core   0: 0x800008d4 (0x00790913) addi    s2, s2, 7
core   0: 3 0x800008d4 (0x00790913) x18 0x00000006
core   0: 0x800008d8 (0x401a89b3) sub     s3, s5, ra
core   0: 3 0x800008d8 (0x401a89b3) x19 0x00000006
core   0: 0x800008dc (0x0001ec33) or      s8, gp, zero
core   0: 3 0x800008dc (0x0001ec33) x24 0x00000001
core   0: 0x800008e0 (0x001deab3) or      s5, s11, ra
core   0: 3 0x800008e0 (0x001deab3) x21 0xfffffffe
core   0: 0x800008e4 (0x5f6ba337) lui     t1, 0x5f6ba
core   0: 3 0x800008e4 (0x5f6ba337) x 6 0x5f6ba000
core   0: 0x800008e8 (0x023104b3) mul     s1, sp, gp
core   0: 3 0x800008e8 (0x023104b3) x 9 0x00000005
core   0: 0x800008ec (0xfe4962e3) bltu    s2, tp, pc - 28
core   0: 3 0x800008ec (0xfe4962e3)
core   0: 0x800008d0 (0x00000013) nop
core   0: 3 0x800008d0 (0x00000013)
core   0: 0x800008d4 (0x00790913) addi    s2, s2, 7
core   0: 3 0x800008d4 (0x00790913) x18 0x0000000d
core   0: 0x800008d8 (0x401a89b3) sub     s3, s5, ra
core   0: 3 0x800008d8 (0x401a89b3) x19 0x00000004
core   0: 0x800008dc (0x0001ec33) or      s8, gp, zero
core   0: 3 0x800008dc (0x0001ec33) x24 0x00000001
core   0: 0x800008e0 (0x001deab3) or      s5, s11, ra
core   0: 3 0x800008e0 (0x001deab3) x21 0xfffffffe
core   0: 0x800008e4 (0x5f6ba337) lui     t1, 0x5f6ba
core   0: 3 0x800008e4 (0x5f6ba337) x 6 0x5f6ba000
core   0: 0x800008e8 (0x023104b3) mul     s1, sp, gp
core   0: 3 0x800008e8 (0x023104b3) x 9 0x00000005
core   0: 0x800008ec (0xfe4962e3) bltu    s2, tp, pc - 28
core   0: 3 0x800008ec (0xfe4962e3)
core   0: 0x800008f0 (0x005ffcb3) and     s9, t6, t0
core   0: 3 0x800008f0 (0x005ffcb3) x25 0x00000000
core   0: 0x800008f4 (0x30f16a13) ori     s4, sp, 783
core   0: 3 0x800008f4 (0x30f16a13) x20 0x0000030f
core   0: 0x800008f8 (0xfb709ee3) bne     ra, s7, pc - 68
core   0: 3 0x800008f8 (0xfb709ee3)
core   0: 0x800008fc (0x03c3f433) remu    s0, t2, t3
core   0: 3 0x800008fc (0x03c3f433) x 8 0x00000000
core   0: 0x80000900 (0x00a00613) li      a2, 10
core   0: 3 0x80000900 (0x00a00613) x12 0x0000000a
core   0: 0x80000904 (0x01e4a333) slt     t1, s1, t5
core   0: 3 0x80000904 (0x01e4a333) x 6 0x00000000
core   0: 0x80000908 (0x0105c9b3) xor     s3, a1, a6
core   0: 3 0x80000908 (0x0105c9b3) x19 0x00000000
core   0: 0x8000090c (0x03f80d33) mul     s10, a6, t6
core   0: 3 0x8000090c (0x03f80d33) x26 0x00000000
core   0: 0x80000910 (0x508b7413) andi    s0, s6, 1288
core   0: 3 0x80000910 (0x508b7413) x 8 0x00000400
core   0: 0x80000914 (0xd142f413) andi    s0, t0, -748
core   0: 3 0x80000914 (0xd142f413) x 8 0x0001a114
core   0: 0x80000918 (0x9ba43313) sltiu   t1, s0, -1606
core   0: 3 0x80000918 (0x9ba43313) x 6 0x00000001
core   0: 0x8000091c (0x03f532b3) mulhu   t0, a0, t6
core   0: 3 0x8000091c (0x03f532b3) x 5 0x00000000
core   0: 0x80000920 (0xd01c6993) ori     s3, s8, -767
core   0: 3 0x80000920 (0xd01c6993) x19 0xfffffd01
core   0: 0x80000924 (0x96fae293) ori     t0, s5, -1681
core   0: 3 0x80000924 (0x96fae293) x 5 0xffffffff
core   0: 0x80000928 (0x00af8233) add     tp, t6, a0
core   0: 3 0x80000928 (0x00af8233) x 4 0x00000000
core   0: 0x8000092c (0x7a8f2a97) auipc   s5, 0x7a8f2
core   0: 3 0x8000092c (0x7a8f2a97) x21 0xfa8f292c
core   0: 0x80000930 (0x00a00e13) li      t3, 10
core   0: 3 0x80000930 (0x00a00e13) x28 0x0000000a
core   0: 0x80000934 (0x08ab6013) ori     zero, s6, 138
core   0: 3 0x80000934 (0x08ab6013)
core   0: 0x80000938 (0x00976a33) or      s4, a4, s1
core   0: 3 0x80000938 (0x00976a33) x20 0xeb14dae7
core   0: 0x8000093c (0x40a9d233) sra     tp, s3, a0
core   0: 3 0x8000093c (0x40a9d233) x 4 0xfffffd01
core   0: 0x80000940 (0xff760613) addi    a2, a2, -9
core   0: 3 0x80000940 (0xff760613) x12 0x00000001
core   0: 0x80000944 (0x0355a033) mulhsu  zero, a1, s5
core   0: 3 0x80000944 (0x0355a033)
core   0: 0x80000948 (0x00000013) nop
core   0: 3 0x80000948 (0x00000013)
core   0: 0x8000094c (0x03826f33) rem     t5, tp, s8
core   0: 3 0x8000094c (0x03826f33) x30 0x00000000
core   0: 0x80000950 (0x0053c5b3) xor     a1, t2, t0
core   0: 3 0x80000950 (0x0053c5b3) x11 0xd007f80b
core   0: 0x80000954 (0xffc672e3) bgeu    a2, t3, pc - 28
core   0: 3 0x80000954 (0xffc672e3)
core   0: 0x80000958 (0x000ae3b3) or      t2, s5, zero
core   0: 3 0x80000958 (0x000ae3b3) x 7 0xfa8f292c
core   0: 0x8000095c (0x00500413) li      s0, 5
core   0: 3 0x8000095c (0x00500413) x 8 0x00000005
core   0: 0x80000960 (0x00d00393) li      t2, 13
core   0: 3 0x80000960 (0x00d00393) x 7 0x0000000d
core   0: 0x80000964 (0x01db6ab3) or      s5, s6, t4
core   0: 3 0x80000964 (0x01db6ab3) x21 0x9ffffffc
core   0: 0x80000968 (0x00440413) addi    s0, s0, 4
core   0: 3 0x80000968 (0x00440413) x 8 0x00000009
core   0: 0x8000096c (0x00200893) li      a7, 2
core   0: 3 0x8000096c (0x00200893) x17 0x00000002
core   0: 0x80000970 (0x00800a13) li      s4, 8
core   0: 3 0x80000970 (0x00800a13) x20 0x00000008
core   0: 0x80000974 (0xf5fcc693) xori    a3, s9, -161
core   0: 3 0x80000974 (0xf5fcc693) x13 0xffffff5f
core   0: 0x80000978 (0x00188893) addi    a7, a7, 1
core   0: 3 0x80000978 (0x00188893) x17 0x00000003
core   0: 0x8000097c (0xff488ce3) beq     a7, s4, pc - 8
core   0: 3 0x8000097c (0xff488ce3)
core   0: 0x80000980 (0xfe7442e3) blt     s0, t2, pc - 28
core   0: 3 0x80000980 (0xfe7442e3)
core   0: 0x80000964 (0x01db6ab3) or      s5, s6, t4
core   0: 3 0x80000964 (0x01db6ab3) x21 0x9ffffffc
core   0: 0x80000968 (0x00440413) addi    s0, s0, 4
core   0: 3 0x80000968 (0x00440413) x 8 0x0000000d
core   0: 0x8000096c (0x00200893) li      a7, 2
core   0: 3 0x8000096c (0x00200893) x17 0x00000002
core   0: 0x80000970 (0x00800a13) li      s4, 8
core   0: 3 0x80000970 (0x00800a13) x20 0x00000008
core   0: 0x80000974 (0xf5fcc693) xori    a3, s9, -161
core   0: 3 0x80000974 (0xf5fcc693) x13 0xffffff5f
core   0: 0x80000978 (0x00188893) addi    a7, a7, 1
core   0: 3 0x80000978 (0x00188893) x17 0x00000003
core   0: 0x8000097c (0xff488ce3) beq     a7, s4, pc - 8
core   0: 3 0x8000097c (0xff488ce3)
core   0: 0x80000980 (0xfe7442e3) blt     s0, t2, pc - 28
core   0: 3 0x80000980 (0xfe7442e3)
core   0: 0x80000984 (0x03edcfb3) div     t6, s11, t5
core   0: 3 0x80000984 (0x03edcfb3) x31 0xffffffff
core   0: 0x80000988 (0xffd00793) li      a5, -3
core   0: 3 0x80000988 (0xffd00793) x15 0xfffffffd
core   0: 0x8000098c (0x034bd333) divu    t1, s7, s4
core   0: 3 0x8000098c (0x034bd333) x 6 0x1fffffff
core   0: 0x80000990 (0x00742f33) slt     t5, s0, t2
core   0: 3 0x80000990 (0x00742f33) x30 0x00000000
core   0: 0x80000994 (0x00519fb3) sll     t6, gp, t0
core   0: 3 0x80000994 (0x00519fb3) x31 0x80000000
core   0: 0x80000998 (0x003b2033) slt     zero, s6, gp
core   0: 3 0x80000998 (0x003b2033)
core   0: 0x8000099c (0x08cabe13) sltiu   t3, s5, 140
core   0: 3 0x8000099c (0x08cabe13) x28 0x00000000
core   0: 0x800009a0 (0x40515bb3) sra     s7, sp, t0
core   0: 3 0x800009a0 (0x40515bb3) x23 0x00000000
core   0: 0x800009a4 (0x00fcda93) srli    s5, s9, 15
core   0: 3 0x800009a4 (0x00fcda93) x21 0x00000000
core   0: 0x800009a8 (0xd9832293) slti    t0, t1, -616
core   0: 3 0x800009a8 (0xd9832293) x 5 0x00000000
core   0: 0x800009ac (0x0096e8b3) or      a7, a3, s1
core   0: 3 0x800009ac (0x0096e8b3) x17 0xffffff5f
core   0: 0x800009b0 (0xff900213) li      tp, -7
core   0: 3 0x800009b0 (0xff900213) x 4 0xfffffff9
core   0: 0x800009b4 (0x41a3dd13) srai    s10, t2, 26
core   0: 3 0x800009b4 (0x41a3dd13) x26 0x00000000
core   0: 0x800009b8 (0x03da52b3) divu    t0, s4, t4
core   0: 3 0x800009b8 (0x03da52b3) x 5 0x00000000
core   0: 0x800009bc (0x3c51fc97) auipc   s9, 0x3c51f
core   0: 3 0x800009bc (0x3c51fc97) x25 0xbc51f9bc
core   0: 0x800009c0 (0x01d1fd33) and     s10, gp, t4
core   0: 3 0x800009c0 (0x01d1fd33) x26 0x00000000
core   0: 0x800009c4 (0x40a90533) sub     a0, s2, a0
core   0: 3 0x800009c4 (0x40a90533) x10 0x0000000d
core   0: 0x800009c8 (0x02d3dc33) divu    s8, t2, a3
core   0: 3 0x800009c8 (0x02d3dc33) x24 0x00000000
core   0: 0x800009cc (0x0062b433) sltu    s0, t0, t1
core   0: 3 0x800009cc (0x0062b433) x 8 0x00000001
core   0: 0x800009d0 (0xa2ae0937) lui     s2, 0xa2ae0
core   0: 3 0x800009d0 (0xa2ae0937) x18 0xa2ae0000
core   0: 0x800009d4 (0x02b64933) div     s2, a2, a1
core   0: 3 0x800009d4 (0x02b64933) x18 0x00000000
core   0: 0x800009d8 (0x011b9e13) slli    t3, s7, 17
core   0: 3 0x800009d8 (0x011b9e13) x28 0x00000000
core   0: 0x800009dc (0x031b72b3) remu    t0, s6, a7
core   0: 3 0x800009dc (0x031b72b3) x 5 0x80025e64
core   0: 0x800009e0 (0xffc78793) addi    a5, a5, -4
core   0: 3 0x800009e0 (0xffc78793) x15 0xfffffff9
core   0: 0x800009e4 (0x039d79b3) remu    s3, s10, s9
core   0: 3 0x800009e4 (0x039d79b3) x19 0x00000000
core   0: 0x800009e8 (0x9518bc93) sltiu   s9, a7, -1711
core   0: 3 0x800009e8 (0x9518bc93) x25 0x00000000
core   0: 0x800009ec (0x00b55193) srli    gp, a0, 11
core   0: 3 0x800009ec (0x00b55193) x 3 0x00000000
core   0: 0x800009f0 (0x03a22cb3) mulhsu  s9, tp, s10
core   0: 3 0x800009f0 (0x03a22cb3) x25 0x00000000
core   0: 0x800009f4 (0xcd4e4617) auipc   a2, 0xcd4e4
core   0: 3 0x800009f4 (0xcd4e4617) x12 0x4d4e49f4
core   0: 0x800009f8 (0xfc478ae3) beq     a5, tp, pc - 44
core   0: 3 0x800009f8 (0xfc478ae3)
core   0: 0x800009cc (0x0062b433) sltu    s0, t0, t1
core   0: 3 0x800009cc (0x0062b433) x 8 0x00000000
core   0: 0x800009d0 (0xa2ae0937) lui     s2, 0xa2ae0
core   0: 3 0x800009d0 (0xa2ae0937) x18 0xa2ae0000
core   0: 0x800009d4 (0x02b64933) div     s2, a2, a1
core   0: 3 0x800009d4 (0x02b64933) x18 0xffffffff
core   0: 0x800009d8 (0x011b9e13) slli    t3, s7, 17
core   0: 3 0x800009d8 (0x011b9e13) x28 0x00000000
core   0: 0x800009dc (0x031b72b3) remu    t0, s6, a7
core   0: 3 0x800009dc (0x031b72b3) x 5 0x80025e64
core   0: 0x800009e0 (0xffc78793) addi    a5, a5, -4
core   0: 3 0x800009e0 (0xffc78793) x15 0xfffffff5
core   0: 0x800009e4 (0x039d79b3) remu    s3, s10, s9
core   0: 3 0x800009e4 (0x039d79b3) x19 0x00000000
core   0: 0x800009e8 (0x9518bc93) sltiu   s9, a7, -1711
core   0: 3 0x800009e8 (0x9518bc93) x25 0x00000000
core   0: 0x800009ec (0x00b55193) srli    gp, a0, 11
core   0: 3 0x800009ec (0x00b55193) x 3 0x00000000
core   0: 0x800009f0 (0x03a22cb3) mulhsu  s9, tp, s10
core   0: 3 0x800009f0 (0x03a22cb3) x25 0x00000000
core   0: 0x800009f4 (0xcd4e4617) auipc   a2, 0xcd4e4
core   0: 3 0x800009f4 (0xcd4e4617) x12 0x4d4e49f4
core   0: 0x800009f8 (0xfc478ae3) beq     a5, tp, pc - 44
core   0: 3 0x800009f8 (0xfc478ae3)
core   0: 0x800009fc (0x02faf5b3) remu    a1, s5, a5
core   0: 3 0x800009fc (0x02faf5b3) x11 0x00000000
core   0: 0x80000a00 (0x00a00593) li      a1, 10
core   0: 3 0x80000a00 (0x00a00593) x11 0x0000000a
core   0: 0x80000a04 (0x00a00093) li      ra, 10
core   0: 3 0x80000a04 (0x00a00093) x 1 0x0000000a
core   0: 0x80000a08 (0x0237aa33) mulhsu  s4, a5, gp
core   0: 3 0x80000a08 (0x0237aa33) x20 0x00000000
core   0: 0x80000a0c (0x41f3d4b3) sra     s1, t2, t6
core   0: 3 0x80000a0c (0x41f3d4b3) x 9 0x0000000d
core   0: 0x80000a10 (0x0088ef33) or      t5, a7, s0
core   0: 3 0x80000a10 (0x0088ef33) x30 0xffffff5f
core   0: 0x80000a14 (0x03872933) mulhsu  s2, a4, s8
core   0: 3 0x80000a14 (0x03872933) x18 0x00000000
core   0: 0x80000a18 (0xff758593) addi    a1, a1, -9
core   0: 3 0x80000a18 (0xff758593) x11 0x00000001
core   0: 0x80000a1c (0x02726533) rem     a0, tp, t2
core   0: 3 0x80000a1c (0x02726533) x10 0xfffffff9
core   0: 0x80000a20 (0x0039fe33) and     t3, s3, gp
core   0: 3 0x80000a20 (0x0039fe33) x28 0x00000000
core   0: 0x80000a24 (0xff700293) li      t0, -9
core   0: 3 0x80000a24 (0xff700293) x 5 0xfffffff7
core   0: 0x80000a28 (0x2c91a793) slti    a5, gp, 713
core   0: 3 0x80000a28 (0x2c91a793) x15 0x00000001
core   0: 0x80000a2c (0xff900313) li      t1, -7
core   0: 3 0x80000a2c (0xff900313) x 6 0xfffffff9
core   0: 0x80000a30 (0x002258b3) srl     a7, tp, sp
core   0: 3 0x80000a30 (0x002258b3) x17 0x07ffffff
core   0: 0x80000a34 (0x81678513) addi    a0, a5, -2026
core   0: 3 0x80000a34 (0x81678513) x10 0xfffff817
core   0: 0x80000a38 (0xc39dcc37) lui     s8, 0xc39dc
core   0: 3 0x80000a38 (0xc39dcc37) x24 0xc39dc000
core   0: 0x80000a3c (0x03ad0d33) mul     s10, s10, s10
core   0: 3 0x80000a3c (0x03ad0d33) x26 0x00000000
core   0: 0x80000a40 (0x01023f33) sltu    t5, tp, a6
core   0: 3 0x80000a40 (0x01023f33) x30 0x00000000
core   0: 0x80000a44 (0x03fb19b3) mulh    s3, s6, t6
core   0: 3 0x80000a44 (0x03fb19b3) x19 0x3ffed0ce
core   0: 0x80000a48 (0x01212d33) slt     s10, sp, s2
core   0: 3 0x80000a48 (0x01212d33) x26 0x00000000
core   0: 0x80000a4c (0x02cd9f33) mulh    t5, s11, a2
core   0: 3 0x80000a4c (0x02cd9f33) x30 0xd959a503
core   0: 0x80000a50 (0x005a5c33) srl     s8, s4, t0
core   0: 3 0x80000a50 (0x005a5c33) x24 0x00000000
core   0: 0x80000a54 (0x00128293) addi    t0, t0, 1
core   0: 3 0x80000a54 (0x00128293) x 5 0xfffffff8
core   0: 0x80000a58 (0x869da413) slti    s0, s11, -1943
core   0: 3 0x80000a58 (0x869da413) x 8 0x00000001
core   0: 0x80000a5c (0xfc628ee3) beq     t0, t1, pc - 36
core   0: 3 0x80000a5c (0xfc628ee3)
core   0: 0x80000a60 (0x40f60033) sub     zero, a2, a5
core   0: 3 0x80000a60 (0x40f60033)
core   0: 0x80000a64 (0xfa15f2e3) bgeu    a1, ra, pc - 92
core   0: 3 0x80000a64 (0xfa15f2e3)
core   0: 0x80000a68 (0x0107d133) srl     sp, a5, a6
core   0: 3 0x80000a68 (0x0107d133) x 2 0x00000001
core   0: 0x80000a6c (0x00000193) li      gp, 0
core   0: 3 0x80000a6c (0x00000193) x 3 0x00000000
core   0: 0x80000a70 (0x02e8bf33) mulhu   t5, a7, a4
core   0: 3 0x80000a70 (0x02e8bf33) x30 0x0758a6d6
core   0: 0x80000a74 (0x01200913) li      s2, 18
core   0: 3 0x80000a74 (0x01200913) x18 0x00000012
core   0: 0x80000a78 (0x01191833) sll     a6, s2, a7
core   0: 3 0x80000a78 (0x01191833) x16 0x00000000
core   0: 0x80000a7c (0x00ac55b3) srl     a1, s8, a0
core   0: 3 0x80000a7c (0x00ac55b3) x11 0x00000000
core   0: 0x80000a80 (0x00dd88b3) add     a7, s11, a3
core   0: 3 0x80000a80 (0x00dd88b3) x17 0x80029c43
core   0: 0x80000a84 (0x7e700e13) li      t3, 2023
core   0: 3 0x80000a84 (0x7e700e13) x28 0x000007e7
core   0: 0x80000a88 (0x0257d033) divu    zero, a5, t0
core   0: 3 0x80000a88 (0x0257d033)
core   0: 0x80000a8c (0x00a18193) addi    gp, gp, 10
core   0: 3 0x80000a8c (0x00a18193) x 3 0x0000000a
core   0: 0x80000a90 (0x01bdc033) xor     zero, s11, s11
core   0: 3 0x80000a90 (0x01bdc033)
core   0: 0x80000a94 (0x0207b133) mulhu   sp, a5, zero
core   0: 3 0x80000a94 (0x0207b133) x 2 0x00000000
core   0: 0x80000a98 (0x00a00993) li      s3, 10
core   0: 3 0x80000a98 (0x00a00993) x19 0x0000000a
core   0: 0x80000a9c (0x00a00e93) li      t4, 10
core   0: 3 0x80000a9c (0x00a00e93) x29 0x0000000a
core   0: 0x80000aa0 (0x01860cb3) add     s9, a2, s8
core   0: 3 0x80000aa0 (0x01860cb3) x25 0x4d4e49f4
core   0: 0x80000aa4 (0x7917fe13) andi    t3, a5, 1937
core   0: 3 0x80000aa4 (0x7917fe13) x28 0x00000001
core   0: 0x80000aa8 (0x44c0e793) ori     a5, ra, 1100
core   0: 3 0x80000aa8 (0x44c0e793) x15 0x0000044e
core   0: 0x80000aac (0x8d1fb513) sltiu   a0, t6, -1839
core   0: 3 0x80000aac (0x8d1fb513) x10 0x00000001
core   0: 0x80000ab0 (0x660ffc13) andi    s8, t6, 1632
core   0: 3 0x80000ab0 (0x660ffc13) x24 0x00000000
core   0: 0x80000ab4 (0xff798993) addi    s3, s3, -9
core   0: 3 0x80000ab4 (0xff798993) x19 0x00000001
core   0: 0x80000ab8 (0x02204e33) div     t3, zero, sp
core   0: 3 0x80000ab8 (0x02204e33) x28 0xffffffff
core   0: 0x80000abc (0x4055dd33) sra     s10, a1, t0
core   0: 3 0x80000abc (0x4055dd33) x26 0x00000000
core   0: 0x80000ac0 (0x030e5333) divu    t1, t3, a6
core   0: 3 0x80000ac0 (0x030e5333) x 6 0xffffffff
core   0: 0x80000ac4 (0xffd9f0e3) bgeu    s3, t4, pc - 32
core   0: 3 0x80000ac4 (0xffd9f0e3)
core   0: 0x80000ac8 (0xfd21c0e3) blt     gp, s2, pc - 64
core   0: 3 0x80000ac8 (0xfd21c0e3)
core   0: 0x80000a88 (0x0257d033) divu    zero, a5, t0
core   0: 3 0x80000a88 (0x0257d033)
core   0: 0x80000a8c (0x00a18193) addi    gp, gp, 10
core   0: 3 0x80000a8c (0x00a18193) x 3 0x00000014
core   0: 0x80000a90 (0x01bdc033) xor     zero, s11, s11
core   0: 3 0x80000a90 (0x01bdc033)
core   0: 0x80000a94 (0x0207b133) mulhu   sp, a5, zero
core   0: 3 0x80000a94 (0x0207b133) x 2 0x00000000
core   0: 0x80000a98 (0x00a00993) li      s3, 10
core   0: 3 0x80000a98 (0x00a00993) x19 0x0000000a
core   0: 0x80000a9c (0x00a00e93) li      t4, 10
core   0: 3 0x80000a9c (0x00a00e93) x29 0x0000000a
core   0: 0x80000aa0 (0x01860cb3) add     s9, a2, s8
core   0: 3 0x80000aa0 (0x01860cb3) x25 0x4d4e49f4
core   0: 0x80000aa4 (0x7917fe13) andi    t3, a5, 1937
core   0: 3 0x80000aa4 (0x7917fe13) x28 0x00000400
core   0: 0x80000aa8 (0x44c0e793) ori     a5, ra, 1100
core   0: 3 0x80000aa8 (0x44c0e793) x15 0x0000044e
core   0: 0x80000aac (0x8d1fb513) sltiu   a0, t6, -1839
core   0: 3 0x80000aac (0x8d1fb513) x10 0x00000001
core   0: 0x80000ab0 (0x660ffc13) andi    s8, t6, 1632
core   0: 3 0x80000ab0 (0x660ffc13) x24 0x00000000
core   0: 0x80000ab4 (0xff798993) addi    s3, s3, -9
core   0: 3 0x80000ab4 (0xff798993) x19 0x00000001
core   0: 0x80000ab8 (0x02204e33) div     t3, zero, sp
core   0: 3 0x80000ab8 (0x02204e33) x28 0xffffffff
core   0: 0x80000abc (0x4055dd33) sra     s10, a1, t0
core   0: 3 0x80000abc (0x4055dd33) x26 0x00000000
core   0: 0x80000ac0 (0x030e5333) divu    t1, t3, a6
core   0: 3 0x80000ac0 (0x030e5333) x 6 0xffffffff
core   0: 0x80000ac4 (0xffd9f0e3) bgeu    s3, t4, pc - 32
core   0: 3 0x80000ac4 (0xffd9f0e3)
core   0: 0x80000ac8 (0xfd21c0e3) blt     gp, s2, pc - 64
core   0: 3 0x80000ac8 (0xfd21c0e3)
core   0: 0x80000acc (0x007cb6b3) sltu    a3, s9, t2
core   0: 3 0x80000acc (0x007cb6b3) x13 0x00000000
core   0: 0x80000ad0 (0x00800413) li      s0, 8
core   0: 3 0x80000ad0 (0x00800413) x 8 0x00000008
core   0: 0x80000ad4 (0xff700793) li      a5, -9
core   0: 3 0x80000ad4 (0xff700793) x15 0xfffffff7
core   0: 0x80000ad8 (0x001d70b7) lui     ra, 0x1d7
core   0: 3 0x80000ad8 (0x001d70b7) x 1 0x001d7000
core   0: 0x80000adc (0x30f12997) auipc   s3, 0x30f12
core   0: 3 0x80000adc (0x30f12997) x19 0xb0f12adc
core   0: 0x80000ae0 (0x34a8ad17) auipc   s10, 0x34a8a
core   0: 3 0x80000ae0 (0x34a8ad17) x26 0xb4a8aae0
core   0: 0x80000ae4 (0x1e890913) addi    s2, s2, 488
core   0: 3 0x80000ae4 (0x1e890913) x18 0x000001fa
core   0: 0x80000ae8 (0xff840413) addi    s0, s0, -8
core   0: 3 0x80000ae8 (0xff840413) x 8 0x00000000
core   0: 0x80000aec (0x007b68b3) or      a7, s6, t2
core   0: 3 0x80000aec (0x007b68b3) x17 0x80025e6d
core   0: 0x80000af0 (0xff900e93) li      t4, -7
core   0: 3 0x80000af0 (0xff900e93) x29 0xfffffff9
core   0: 0x80000af4 (0x41de5293) srai    t0, t3, 29
core   0: 3 0x80000af4 (0x41de5293) x 5 0xffffffff
core   0: 0x80000af8 (0xffc00213) li      tp, -4
core   0: 3 0x80000af8 (0xffc00213) x 4 0xfffffffc
core   0: 0x80000afc (0x00bc1fb3) sll     t6, s8, a1
core   0: 3 0x80000afc (0x00bc1fb3) x31 0x00000000
core   0: 0x80000b00 (0x419b0ab3) sub     s5, s6, s9
core   0: 3 0x80000b00 (0x419b0ab3) x21 0x32b41470
core   0: 0x80000b04 (0x001e8e93) addi    t4, t4, 1
core   0: 3 0x80000b04 (0x001e8e93) x29 0xfffffffa
core   0: 0x80000b08 (0xfe4e8ce3) beq     t4, tp, pc - 8
core   0: 3 0x80000b08 (0xfe4e8ce3)
core   0: 0x80000b0c (0x01d02fb3) slt     t6, zero, t4
core   0: 3 0x80000b0c (0x01d02fb3) x31 0x00000000
core   0: 0x80000b10 (0x020709b3) mul     s3, a4, zero
core   0: 3 0x80000b10 (0x020709b3) x19 0x00000000
core   0: 0x80000b14 (0xfcf456e3) bge     s0, a5, pc - 52
core   0: 3 0x80000b14 (0xfcf456e3)
core   0: 0x80000ae0 (0x34a8ad17) auipc   s10, 0x34a8a
core   0: 3 0x80000ae0 (0x34a8ad17) x26 0xb4a8aae0
core   0: 0x80000ae4 (0x1e890913) addi    s2, s2, 488
core   0: 3 0x80000ae4 (0x1e890913) x18 0x000003e2
core   0: 0x80000ae8 (0xff840413) addi    s0, s0, -8
core   0: 3 0x80000ae8 (0xff840413) x 8 0xfffffff8
core   0: 0x80000aec (0x007b68b3) or      a7, s6, t2
core   0: 3 0x80000aec (0x007b68b3) x17 0x80025e6d
core   0: 0x80000af0 (0xff900e93) li      t4, -7
core   0: 3 0x80000af0 (0xff900e93) x29 0xfffffff9
core   0: 0x80000af4 (0x41de5293) srai    t0, t3, 29
core   0: 3 0x80000af4 (0x41de5293) x 5 0xffffffff
core   0: 0x80000af8 (0xffc00213) li      tp, -4
core   0: 3 0x80000af8 (0xffc00213) x 4 0xfffffffc
core   0: 0x80000afc (0x00bc1fb3) sll     t6, s8, a1
core   0: 3 0x80000afc (0x00bc1fb3) x31 0x00000000
core   0: 0x80000b00 (0x419b0ab3) sub     s5, s6, s9
core   0: 3 0x80000b00 (0x419b0ab3) x21 0x32b41470
core   0: 0x80000b04 (0x001e8e93) addi    t4, t4, 1
core   0: 3 0x80000b04 (0x001e8e93) x29 0xfffffffa
core   0: 0x80000b08 (0xfe4e8ce3) beq     t4, tp, pc - 8
core   0: 3 0x80000b08 (0xfe4e8ce3)
core   0: 0x80000b0c (0x01d02fb3) slt     t6, zero, t4
core   0: 3 0x80000b0c (0x01d02fb3) x31 0x00000000
core   0: 0x80000b10 (0x020709b3) mul     s3, a4, zero
core   0: 3 0x80000b10 (0x020709b3) x19 0x00000000
core   0: 0x80000b14 (0xfcf456e3) bge     s0, a5, pc - 52
core   0: 3 0x80000b14 (0xfcf456e3)
core   0: 0x80000ae0 (0x34a8ad17) auipc   s10, 0x34a8a
core   0: 3 0x80000ae0 (0x34a8ad17) x26 0xb4a8aae0
core   0: 0x80000ae4 (0x1e890913) addi    s2, s2, 488
core   0: 3 0x80000ae4 (0x1e890913) x18 0x000005ca
core   0: 0x80000ae8 (0xff840413) addi    s0, s0, -8
core   0: 3 0x80000ae8 (0xff840413) x 8 0xfffffff0
core   0: 0x80000aec (0x007b68b3) or      a7, s6, t2
core   0: 3 0x80000aec (0x007b68b3) x17 0x80025e6d
core   0: 0x80000af0 (0xff900e93) li      t4, -7
core   0: 3 0x80000af0 (0xff900e93) x29 0xfffffff9
core   0: 0x80000af4 (0x41de5293) srai    t0, t3, 29
core   0: 3 0x80000af4 (0x41de5293) x 5 0xffffffff
core   0: 0x80000af8 (0xffc00213) li      tp, -4
core   0: 3 0x80000af8 (0xffc00213) x 4 0xfffffffc
core   0: 0x80000afc (0x00bc1fb3) sll     t6, s8, a1
core   0: 3 0x80000afc (0x00bc1fb3) x31 0x00000000
core   0: 0x80000b00 (0x419b0ab3) sub     s5, s6, s9
core   0: 3 0x80000b00 (0x419b0ab3) x21 0x32b41470
core   0: 0x80000b04 (0x001e8e93) addi    t4, t4, 1
core   0: 3 0x80000b04 (0x001e8e93) x29 0xfffffffa
core   0: 0x80000b08 (0xfe4e8ce3) beq     t4, tp, pc - 8
core   0: 3 0x80000b08 (0xfe4e8ce3)
core   0: 0x80000b0c (0x01d02fb3) slt     t6, zero, t4
core   0: 3 0x80000b0c (0x01d02fb3) x31 0x00000000
core   0: 0x80000b10 (0x020709b3) mul     s3, a4, zero
core   0: 3 0x80000b10 (0x020709b3) x19 0x00000000
core   0: 0x80000b14 (0xfcf456e3) bge     s0, a5, pc - 52
core   0: 3 0x80000b14 (0xfcf456e3)
core   0: 0x80000b18 (0x024192b3) mulh    t0, gp, tp
core   0: 3 0x80000b18 (0x024192b3) x 5 0xffffffff
core   0: 0x80000b1c (0xffe00493) li      s1, -2
core   0: 3 0x80000b1c (0xffe00493) x 9 0xfffffffe
core   0: 0x80000b20 (0x0387d8b3) divu    a7, a5, s8
core   0: 3 0x80000b20 (0x0387d8b3) x17 0xffffffff
core   0: 0x80000b24 (0x404f5d13) srai    s10, t5, 4
core   0: 3 0x80000b24 (0x404f5d13) x26 0x00758a6d
core   0: 0x80000b28 (0xfec00a13) li      s4, -20
core   0: 3 0x80000b28 (0xfec00a13) x20 0xffffffec
core   0: 0x80000b2c (0x40cbd913) srai    s2, s7, 12
core   0: 3 0x80000b2c (0x40cbd913) x18 0x00000000
core   0: 0x80000b30 (0x00000013) nop
core   0: 3 0x80000b30 (0x00000013)
core   0: 0x80000b34 (0x018b5413) srli    s0, s6, 24
core   0: 3 0x80000b34 (0x018b5413) x 8 0x00000080
core   0: 0x80000b38 (0x5e706313) ori     t1, zero, 1511
core   0: 3 0x80000b38 (0x5e706313) x 6 0x000005e7
core   0: 0x80000b3c (0x403d5f93) srai    t6, s10, 3
core   0: 3 0x80000b3c (0x403d5f93) x31 0x000eb14d
core   0: 0x80000b40 (0x01534433) xor     s0, t1, s5
core   0: 3 0x80000b40 (0x01534433) x 8 0x32b41197
core   0: 0x80000b44 (0x03ab2fb3) mulhsu  t6, s6, s10
core   0: 3 0x80000b44 (0x03ab2fb3) x31 0xffc53bdf
core   0: 0x80000b48 (0xcba05617) auipc   a2, 0xcba05
core   0: 3 0x80000b48 (0xcba05617) x12 0x4ba05b48
core   0: 0x80000b4c (0xffa48493) addi    s1, s1, -6
core   0: 3 0x80000b4c (0xffa48493) x 9 0xfffffff8
core   0: 0x80000b50 (0x13726413) ori     s0, tp, 311
core   0: 3 0x80000b50 (0x13726413) x 8 0xffffffff
core   0: 0x80000b54 (0xff4496e3) bne     s1, s4, pc - 20
core   0: 3 0x80000b54 (0xff4496e3)
core   0: 0x80000b40 (0x01534433) xor     s0, t1, s5
core   0: 3 0x80000b40 (0x01534433) x 8 0x32b41197
core   0: 0x80000b44 (0x03ab2fb3) mulhsu  t6, s6, s10
core   0: 3 0x80000b44 (0x03ab2fb3) x31 0xffc53bdf
core   0: 0x80000b48 (0xcba05617) auipc   a2, 0xcba05
core   0: 3 0x80000b48 (0xcba05617) x12 0x4ba05b48
core   0: 0x80000b4c (0xffa48493) addi    s1, s1, -6
core   0: 3 0x80000b4c (0xffa48493) x 9 0xfffffff2
core   0: 0x80000b50 (0x13726413) ori     s0, tp, 311
core   0: 3 0x80000b50 (0x13726413) x 8 0xffffffff
core   0: 0x80000b54 (0xff4496e3) bne     s1, s4, pc - 20
core   0: 3 0x80000b54 (0xff4496e3)
core   0: 0x80000b40 (0x01534433) xor     s0, t1, s5
core   0: 3 0x80000b40 (0x01534433) x 8 0x32b41197
core   0: 0x80000b44 (0x03ab2fb3) mulhsu  t6, s6, s10
core   0: 3 0x80000b44 (0x03ab2fb3) x31 0xffc53bdf
core   0: 0x80000b48 (0xcba05617) auipc   a2, 0xcba05
core   0: 3 0x80000b48 (0xcba05617) x12 0x4ba05b48
core   0: 0x80000b4c (0xffa48493) addi    s1, s1, -6
core   0: 3 0x80000b4c (0xffa48493) x 9 0xffffffec
core   0: 0x80000b50 (0x13726413) ori     s0, tp, 311
core   0: 3 0x80000b50 (0x13726413) x 8 0xffffffff
core   0: 0x80000b54 (0xff4496e3) bne     s1, s4, pc - 20
core   0: 3 0x80000b54 (0xff4496e3)
core   0: 0x80000b58 (0x01743e33) sltu    t3, s0, s7
core   0: 3 0x80000b58 (0x01743e33) x28 0x00000000
core   0: 0x80000b5c (0xff700493) li      s1, -9
core   0: 3 0x80000b5c (0xff700493) x 9 0xfffffff7
core   0: 0x80000b60 (0x02802eb3) mulhsu  t4, zero, s0
core   0: 3 0x80000b60 (0x02802eb3) x29 0x00000000
core   0: 0x80000b64 (0x40355c93) srai    s9, a0, 3
core   0: 3 0x80000b64 (0x40355c93) x25 0x00000000
core   0: 0x80000b68 (0xa8894e13) xori    t3, s2, -1400
core   0: 3 0x80000b68 (0xa8894e13) x28 0xfffffa88
core   0: 0x80000b6c (0x037b4533) div     a0, s6, s7
core   0: 3 0x80000b6c (0x037b4533) x10 0xffffffff
core   0: 0x80000b70 (0x03a77cb3) remu    s9, a4, s10
core   0: 3 0x80000b70 (0x03a77cb3) x25 0x000000e6
core   0: 0x80000b74 (0x02550133) mul     sp, a0, t0
core   0: 3 0x80000b74 (0x02550133) x 2 0x00000001
core   0: 0x80000b78 (0x009f26b3) slt     a3, t5, s1
core   0: 3 0x80000b78 (0x009f26b3) x13 0x00000000
core   0: 0x80000b7c (0x0021ffb3) and     t6, gp, sp
core   0: 3 0x80000b7c (0x0021ffb3) x31 0x00000000
core   0: 0x80000b80 (0x1af90613) addi    a2, s2, 431
core   0: 3 0x80000b80 (0x1af90613) x12 0x000001af
core   0: 0x80000b84 (0x039c6d33) rem     s10, s8, s9
core   0: 3 0x80000b84 (0x039c6d33) x26 0x00000000
core   0: 0x80000b88 (0x00fa29b3) slt     s3, s4, a5
core   0: 3 0x80000b88 (0x00fa29b3) x19 0x00000001
core   0: 0x80000b8c (0x41d55a13) srai    s4, a0, 29
core   0: 3 0x80000b8c (0x41d55a13) x20 0xffffffff
core   0: 0x80000b90 (0x016c80b3) add     ra, s9, s6
core   0: 3 0x80000b90 (0x016c80b3) x 1 0x80025f4a
core   0: 0x80000b94 (0x0058feb3) and     t4, a7, t0
core   0: 3 0x80000b94 (0x0058feb3) x29 0xffffffff
core   0: 0x80000b98 (0xff800793) li      a5, -8
core   0: 3 0x80000b98 (0xff800793) x15 0xfffffff8
core   0: 0x80000b9c (0x00384bb3) xor     s7, a6, gp
core   0: 3 0x80000b9c (0x00384bb3) x23 0x00000014
core   0: 0x80000ba0 (0x030dd133) divu    sp, s11, a6
core   0: 3 0x80000ba0 (0x030dd133) x 2 0xffffffff
core   0: 0x80000ba4 (0x00148493) addi    s1, s1, 1
core   0: 3 0x80000ba4 (0x00148493) x 9 0xfffffff8
core   0: 0x80000ba8 (0x01128bb3) add     s7, t0, a7
core   0: 3 0x80000ba8 (0x01128bb3) x23 0xfffffffe
core   0: 0x80000bac (0x03885ab3) divu    s5, a6, s8
core   0: 3 0x80000bac (0x03885ab3) x21 0xffffffff
core   0: 0x80000bb0 (0xc4409297) auipc   t0, 0xc4409
core   0: 3 0x80000bb0 (0xc4409297) x 5 0x44409bb0
core   0: 0x80000bb4 (0xfef4c6e3) blt     s1, a5, pc - 20
core   0: 3 0x80000bb4 (0xfef4c6e3)
core   0: 0x80000bb8 (0x03d3c9b3) div     s3, t2, t4
core   0: 3 0x80000bb8 (0x03d3c9b3) x19 0xfffffff3
core   0: 0x80000bbc (0xff600e93) li      t4, -10
core   0: 3 0x80000bbc (0xff600e93) x29 0xfffffff6
core   0: 0x80000bc0 (0x039123b3) mulhsu  t2, sp, s9
core   0: 3 0x80000bc0 (0x039123b3) x 7 0xffffffff
core   0: 0x80000bc4 (0x413e8a33) sub     s4, t4, s3
core   0: 3 0x80000bc4 (0x413e8a33) x20 0x00000003
core   0: 0x80000bc8 (0x00300213) li      tp, 3
core   0: 3 0x80000bc8 (0x00300213) x 4 0x00000003
core   0: 0x80000bcc (0x035a13b3) mulh    t2, s4, s5
core   0: 3 0x80000bcc (0x035a13b3) x 7 0xffffffff
core   0: 0x80000bd0 (0x7cdc4093) xori    ra, s8, 1997
core   0: 3 0x80000bd0 (0x7cdc4093) x 1 0x000007cd
core   0: 0x80000bd4 (0x024d8f33) mul     t5, s11, tp
core   0: 3 0x80000bd4 (0x024d8f33) x30 0x8007d6ac
core   0: 0x80000bd8 (0x01c136b3) sltu    a3, sp, t3
core   0: 3 0x80000bd8 (0x01c136b3) x13 0x00000000
core   0: 0x80000bdc (0x03194a33) div     s4, s2, a7
core   0: 3 0x80000bdc (0x03194a33) x20 0x00000000
core   0: 0x80000be0 (0x006e8e93) addi    t4, t4, 6
core   0: 3 0x80000be0 (0x006e8e93) x29 0xfffffffc
core   0: 0x80000be4 (0x4e3da693) slti    a3, s11, 1251
core   0: 3 0x80000be4 (0x4e3da693) x13 0x00000001
core   0: 0x80000be8 (0x00100513) li      a0, 1
core   0: 3 0x80000be8 (0x00100513) x10 0x00000001
core   0: 0x80000bec (0x409b5893) srai    a7, s6, 9
core   0: 3 0x80000bec (0x409b5893) x17 0xffc0012f
core   0: 0x80000bf0 (0x820d3917) auipc   s2, 0x820d3
core   0: 3 0x80000bf0 (0x820d3917) x18 0x020d3bf0
core   0: 0x80000bf4 (0x00c00793) li      a5, 12
core   0: 3 0x80000bf4 (0x00c00793) x15 0x0000000c
core   0: 0x80000bf8 (0x03e973b3) remu    t2, s2, t5
core   0: 3 0x80000bf8 (0x03e973b3) x 7 0x020d3bf0
core   0: 0x80000bfc (0xb4362d13) slti    s10, a2, -1213
core   0: 3 0x80000bfc (0xb4362d13) x26 0x00000000
core   0: 0x80000c00 (0x00150513) addi    a0, a0, 1
core   0: 3 0x80000c00 (0x00150513) x10 0x00000002
core   0: 0x80000c04 (0x03321633) mulh    a2, tp, s3
core   0: 3 0x80000c04 (0x03321633) x12 0xffffffff
core   0: 0x80000c08 (0x033b4a33) div     s4, s6, s3
core   0: 3 0x80000c08 (0x033b4a33) x20 0x09d86ee4
core   0: 0x80000c0c (0xfef518e3) bne     a0, a5, pc - 16
core   0: 3 0x80000c0c (0xfef518e3)
core   0: 0x80000bfc (0xb4362d13) slti    s10, a2, -1213
core   0: 3 0x80000bfc (0xb4362d13) x26 0x00000000
core   0: 0x80000c00 (0x00150513) addi    a0, a0, 1
core   0: 3 0x80000c00 (0x00150513) x10 0x00000003
core   0: 0x80000c04 (0x03321633) mulh    a2, tp, s3
core   0: 3 0x80000c04 (0x03321633) x12 0xffffffff
core   0: 0x80000c08 (0x033b4a33) div     s4, s6, s3
core   0: 3 0x80000c08 (0x033b4a33) x20 0x09d86ee4
core   0: 0x80000c0c (0xfef518e3) bne     a0, a5, pc - 16
core   0: 3 0x80000c0c (0xfef518e3)
core   0: 0x80000bfc (0xb4362d13) slti    s10, a2, -1213
core   0: 3 0x80000bfc (0xb4362d13) x26 0x00000000
core   0: 0x80000c00 (0x00150513) addi    a0, a0, 1
core   0: 3 0x80000c00 (0x00150513) x10 0x00000004
core   0: 0x80000c04 (0x03321633) mulh    a2, tp, s3
core   0: 3 0x80000c04 (0x03321633) x12 0xffffffff
core   0: 0x80000c08 (0x033b4a33) div     s4, s6, s3
core   0: 3 0x80000c08 (0x033b4a33) x20 0x09d86ee4
core   0: 0x80000c0c (0xfef518e3) bne     a0, a5, pc - 16
core   0: 3 0x80000c0c (0xfef518e3)
core   0: 0x80000bfc (0xb4362d13) slti    s10, a2, -1213
core   0: 3 0x80000bfc (0xb4362d13) x26 0x00000000
core   0: 0x80000c00 (0x00150513) addi    a0, a0, 1
core   0: 3 0x80000c00 (0x00150513) x10 0x00000005
core   0: 0x80000c04 (0x03321633) mulh    a2, tp, s3
core   0: 3 0x80000c04 (0x03321633) x12 0xffffffff
core   0: 0x80000c08 (0x033b4a33) div     s4, s6, s3
core   0: 3 0x80000c08 (0x033b4a33) x20 0x09d86ee4
core   0: 0x80000c0c (0xfef518e3) bne     a0, a5, pc - 16
core   0: 3 0x80000c0c (0xfef518e3)
core   0: 0x80000bfc (0xb4362d13) slti    s10, a2, -1213
core   0: 3 0x80000bfc (0xb4362d13) x26 0x00000000
core   0: 0x80000c00 (0x00150513) addi    a0, a0, 1
core   0: 3 0x80000c00 (0x00150513) x10 0x00000006
core   0: 0x80000c04 (0x03321633) mulh    a2, tp, s3
core   0: 3 0x80000c04 (0x03321633) x12 0xffffffff
core   0: 0x80000c08 (0x033b4a33) div     s4, s6, s3
core   0: 3 0x80000c08 (0x033b4a33) x20 0x09d86ee4
core   0: 0x80000c0c (0xfef518e3) bne     a0, a5, pc - 16
core   0: 3 0x80000c0c (0xfef518e3)
core   0: 0x80000bfc (0xb4362d13) slti    s10, a2, -1213
core   0: 3 0x80000bfc (0xb4362d13) x26 0x00000000
core   0: 0x80000c00 (0x00150513) addi    a0, a0, 1
core   0: 3 0x80000c00 (0x00150513) x10 0x00000007
core   0: 0x80000c04 (0x03321633) mulh    a2, tp, s3
core   0: 3 0x80000c04 (0x03321633) x12 0xffffffff
core   0: 0x80000c08 (0x033b4a33) div     s4, s6, s3
core   0: 3 0x80000c08 (0x033b4a33) x20 0x09d86ee4
core   0: 0x80000c0c (0xfef518e3) bne     a0, a5, pc - 16
core   0: 3 0x80000c0c (0xfef518e3)
core   0: 0x80000bfc (0xb4362d13) slti    s10, a2, -1213
core   0: 3 0x80000bfc (0xb4362d13) x26 0x00000000
core   0: 0x80000c00 (0x00150513) addi    a0, a0, 1
core   0: 3 0x80000c00 (0x00150513) x10 0x00000008
core   0: 0x80000c04 (0x03321633) mulh    a2, tp, s3
core   0: 3 0x80000c04 (0x03321633) x12 0xffffffff
core   0: 0x80000c08 (0x033b4a33) div     s4, s6, s3
core   0: 3 0x80000c08 (0x033b4a33) x20 0x09d86ee4
core   0: 0x80000c0c (0xfef518e3) bne     a0, a5, pc - 16
core   0: 3 0x80000c0c (0xfef518e3)
core   0: 0x80000bfc (0xb4362d13) slti    s10, a2, -1213
core   0: 3 0x80000bfc (0xb4362d13) x26 0x00000000
core   0: 0x80000c00 (0x00150513) addi    a0, a0, 1
core   0: 3 0x80000c00 (0x00150513) x10 0x00000009
core   0: 0x80000c04 (0x03321633) mulh    a2, tp, s3
core   0: 3 0x80000c04 (0x03321633) x12 0xffffffff
core   0: 0x80000c08 (0x033b4a33) div     s4, s6, s3
core   0: 3 0x80000c08 (0x033b4a33) x20 0x09d86ee4
core   0: 0x80000c0c (0xfef518e3) bne     a0, a5, pc - 16
core   0: 3 0x80000c0c (0xfef518e3)
core   0: 0x80000bfc (0xb4362d13) slti    s10, a2, -1213
core   0: 3 0x80000bfc (0xb4362d13) x26 0x00000000
core   0: 0x80000c00 (0x00150513) addi    a0, a0, 1
core   0: 3 0x80000c00 (0x00150513) x10 0x0000000a
core   0: 0x80000c04 (0x03321633) mulh    a2, tp, s3
core   0: 3 0x80000c04 (0x03321633) x12 0xffffffff
core   0: 0x80000c08 (0x033b4a33) div     s4, s6, s3
core   0: 3 0x80000c08 (0x033b4a33) x20 0x09d86ee4
core   0: 0x80000c0c (0xfef518e3) bne     a0, a5, pc - 16
core   0: 3 0x80000c0c (0xfef518e3)
core   0: 0x80000bfc (0xb4362d13) slti    s10, a2, -1213
core   0: 3 0x80000bfc (0xb4362d13) x26 0x00000000
core   0: 0x80000c00 (0x00150513) addi    a0, a0, 1
core   0: 3 0x80000c00 (0x00150513) x10 0x0000000b
core   0: 0x80000c04 (0x03321633) mulh    a2, tp, s3
core   0: 3 0x80000c04 (0x03321633) x12 0xffffffff
core   0: 0x80000c08 (0x033b4a33) div     s4, s6, s3
core   0: 3 0x80000c08 (0x033b4a33) x20 0x09d86ee4
core   0: 0x80000c0c (0xfef518e3) bne     a0, a5, pc - 16
core   0: 3 0x80000c0c (0xfef518e3)
core   0: 0x80000bfc (0xb4362d13) slti    s10, a2, -1213
core   0: 3 0x80000bfc (0xb4362d13) x26 0x00000000
core   0: 0x80000c00 (0x00150513) addi    a0, a0, 1
core   0: 3 0x80000c00 (0x00150513) x10 0x0000000c
core   0: 0x80000c04 (0x03321633) mulh    a2, tp, s3
core   0: 3 0x80000c04 (0x03321633) x12 0xffffffff
core   0: 0x80000c08 (0x033b4a33) div     s4, s6, s3
core   0: 3 0x80000c08 (0x033b4a33) x20 0x09d86ee4
core   0: 0x80000c0c (0xfef518e3) bne     a0, a5, pc - 16
core   0: 3 0x80000c0c (0xfef518e3)
core   0: 0x80000c10 (0x234f4593) xori    a1, t5, 564
core   0: 3 0x80000c10 (0x234f4593) x11 0x8007d498
core   0: 0x80000c14 (0xbc068fb7) lui     t6, 0xbc068
core   0: 3 0x80000c14 (0xbc068fb7) x31 0xbc068000
core   0: 0x80000c18 (0xfa4ecae3) blt     t4, tp, pc - 76
core   0: 3 0x80000c18 (0xfa4ecae3)
core   0: 0x80000bcc (0x035a13b3) mulh    t2, s4, s5
core   0: 3 0x80000bcc (0x035a13b3) x 7 0xffffffff
core   0: 0x80000bd0 (0x7cdc4093) xori    ra, s8, 1997
core   0: 3 0x80000bd0 (0x7cdc4093) x 1 0x000007cd
core   0: 0x80000bd4 (0x024d8f33) mul     t5, s11, tp
core   0: 3 0x80000bd4 (0x024d8f33) x30 0x8007d6ac
core   0: 0x80000bd8 (0x01c136b3) sltu    a3, sp, t3
core   0: 3 0x80000bd8 (0x01c136b3) x13 0x00000000
core   0: 0x80000bdc (0x03194a33) div     s4, s2, a7
core   0: 3 0x80000bdc (0x03194a33) x20 0xfffffff8
core   0: 0x80000be0 (0x006e8e93) addi    t4, t4, 6
core   0: 3 0x80000be0 (0x006e8e93) x29 0x00000002
core   0: 0x80000be4 (0x4e3da693) slti    a3, s11, 1251
core   0: 3 0x80000be4 (0x4e3da693) x13 0x00000001
core   0: 0x80000be8 (0x00100513) li      a0, 1
core   0: 3 0x80000be8 (0x00100513) x10 0x00000001
core   0: 0x80000bec (0x409b5893) srai    a7, s6, 9
core   0: 3 0x80000bec (0x409b5893) x17 0xffc0012f
core   0: 0x80000bf0 (0x820d3917) auipc   s2, 0x820d3
core   0: 3 0x80000bf0 (0x820d3917) x18 0x020d3bf0
core   0: 0x80000bf4 (0x00c00793) li      a5, 12
core   0: 3 0x80000bf4 (0x00c00793) x15 0x0000000c
core   0: 0x80000bf8 (0x03e973b3) remu    t2, s2, t5
core   0: 3 0x80000bf8 (0x03e973b3) x 7 0x020d3bf0
core   0: 0x80000bfc (0xb4362d13) slti    s10, a2, -1213
core   0: 3 0x80000bfc (0xb4362d13) x26 0x00000000
core   0: 0x80000c00 (0x00150513) addi    a0, a0, 1
core   0: 3 0x80000c00 (0x00150513) x10 0x00000002
core   0: 0x80000c04 (0x03321633) mulh    a2, tp, s3
core   0: 3 0x80000c04 (0x03321633) x12 0xffffffff
core   0: 0x80000c08 (0x033b4a33) div     s4, s6, s3
core   0: 3 0x80000c08 (0x033b4a33) x20 0x09d86ee4
core   0: 0x80000c0c (0xfef518e3) bne     a0, a5, pc - 16
core   0: 3 0x80000c0c (0xfef518e3)
core   0: 0x80000bfc (0xb4362d13) slti    s10, a2, -1213
core   0: 3 0x80000bfc (0xb4362d13) x26 0x00000000
core   0: 0x80000c00 (0x00150513) addi    a0, a0, 1
core   0: 3 0x80000c00 (0x00150513) x10 0x00000003
core   0: 0x80000c04 (0x03321633) mulh    a2, tp, s3
core   0: 3 0x80000c04 (0x03321633) x12 0xffffffff
core   0: 0x80000c08 (0x033b4a33) div     s4, s6, s3
core   0: 3 0x80000c08 (0x033b4a33) x20 0x09d86ee4
core   0: 0x80000c0c (0xfef518e3) bne     a0, a5, pc - 16
core   0: 3 0x80000c0c (0xfef518e3)
core   0: 0x80000bfc (0xb4362d13) slti    s10, a2, -1213
core   0: 3 0x80000bfc (0xb4362d13) x26 0x00000000
core   0: 0x80000c00 (0x00150513) addi    a0, a0, 1
core   0: 3 0x80000c00 (0x00150513) x10 0x00000004
core   0: 0x80000c04 (0x03321633) mulh    a2, tp, s3
core   0: 3 0x80000c04 (0x03321633) x12 0xffffffff
core   0: 0x80000c08 (0x033b4a33) div     s4, s6, s3
core   0: 3 0x80000c08 (0x033b4a33) x20 0x09d86ee4
core   0: 0x80000c0c (0xfef518e3) bne     a0, a5, pc - 16
core   0: 3 0x80000c0c (0xfef518e3)
core   0: 0x80000bfc (0xb4362d13) slti    s10, a2, -1213
core   0: 3 0x80000bfc (0xb4362d13) x26 0x00000000
core   0: 0x80000c00 (0x00150513) addi    a0, a0, 1
core   0: 3 0x80000c00 (0x00150513) x10 0x00000005
core   0: 0x80000c04 (0x03321633) mulh    a2, tp, s3
core   0: 3 0x80000c04 (0x03321633) x12 0xffffffff
core   0: 0x80000c08 (0x033b4a33) div     s4, s6, s3
core   0: 3 0x80000c08 (0x033b4a33) x20 0x09d86ee4
core   0: 0x80000c0c (0xfef518e3) bne     a0, a5, pc - 16
core   0: 3 0x80000c0c (0xfef518e3)
core   0: 0x80000bfc (0xb4362d13) slti    s10, a2, -1213
core   0: 3 0x80000bfc (0xb4362d13) x26 0x00000000
core   0: 0x80000c00 (0x00150513) addi    a0, a0, 1
core   0: 3 0x80000c00 (0x00150513) x10 0x00000006
core   0: 0x80000c04 (0x03321633) mulh    a2, tp, s3
core   0: 3 0x80000c04 (0x03321633) x12 0xffffffff
core   0: 0x80000c08 (0x033b4a33) div     s4, s6, s3
core   0: 3 0x80000c08 (0x033b4a33) x20 0x09d86ee4
core   0: 0x80000c0c (0xfef518e3) bne     a0, a5, pc - 16
core   0: 3 0x80000c0c (0xfef518e3)
core   0: 0x80000bfc (0xb4362d13) slti    s10, a2, -1213
core   0: 3 0x80000bfc (0xb4362d13) x26 0x00000000
core   0: 0x80000c00 (0x00150513) addi    a0, a0, 1
core   0: 3 0x80000c00 (0x00150513) x10 0x00000007
core   0: 0x80000c04 (0x03321633) mulh    a2, tp, s3
core   0: 3 0x80000c04 (0x03321633) x12 0xffffffff
core   0: 0x80000c08 (0x033b4a33) div     s4, s6, s3
core   0: 3 0x80000c08 (0x033b4a33) x20 0x09d86ee4
core   0: 0x80000c0c (0xfef518e3) bne     a0, a5, pc - 16
core   0: 3 0x80000c0c (0xfef518e3)
core   0: 0x80000bfc (0xb4362d13) slti    s10, a2, -1213
core   0: 3 0x80000bfc (0xb4362d13) x26 0x00000000
core   0: 0x80000c00 (0x00150513) addi    a0, a0, 1
core   0: 3 0x80000c00 (0x00150513) x10 0x00000008
core   0: 0x80000c04 (0x03321633) mulh    a2, tp, s3
core   0: 3 0x80000c04 (0x03321633) x12 0xffffffff
core   0: 0x80000c08 (0x033b4a33) div     s4, s6, s3
core   0: 3 0x80000c08 (0x033b4a33) x20 0x09d86ee4
core   0: 0x80000c0c (0xfef518e3) bne     a0, a5, pc - 16
core   0: 3 0x80000c0c (0xfef518e3)
core   0: 0x80000bfc (0xb4362d13) slti    s10, a2, -1213
core   0: 3 0x80000bfc (0xb4362d13) x26 0x00000000
core   0: 0x80000c00 (0x00150513) addi    a0, a0, 1
core   0: 3 0x80000c00 (0x00150513) x10 0x00000009
core   0: 0x80000c04 (0x03321633) mulh    a2, tp, s3
core   0: 3 0x80000c04 (0x03321633) x12 0xffffffff
core   0: 0x80000c08 (0x033b4a33) div     s4, s6, s3
core   0: 3 0x80000c08 (0x033b4a33) x20 0x09d86ee4
core   0: 0x80000c0c (0xfef518e3) bne     a0, a5, pc - 16
core   0: 3 0x80000c0c (0xfef518e3)
core   0: 0x80000bfc (0xb4362d13) slti    s10, a2, -1213
core   0: 3 0x80000bfc (0xb4362d13) x26 0x00000000
core   0: 0x80000c00 (0x00150513) addi    a0, a0, 1
core   0: 3 0x80000c00 (0x00150513) x10 0x0000000a
core   0: 0x80000c04 (0x03321633) mulh    a2, tp, s3
core   0: 3 0x80000c04 (0x03321633) x12 0xffffffff
core   0: 0x80000c08 (0x033b4a33) div     s4, s6, s3
core   0: 3 0x80000c08 (0x033b4a33) x20 0x09d86ee4
core   0: 0x80000c0c (0xfef518e3) bne     a0, a5, pc - 16
core   0: 3 0x80000c0c (0xfef518e3)
core   0: 0x80000bfc (0xb4362d13) slti    s10, a2, -1213
core   0: 3 0x80000bfc (0xb4362d13) x26 0x00000000
core   0: 0x80000c00 (0x00150513) addi    a0, a0, 1
core   0: 3 0x80000c00 (0x00150513) x10 0x0000000b
core   0: 0x80000c04 (0x03321633) mulh    a2, tp, s3
core   0: 3 0x80000c04 (0x03321633) x12 0xffffffff
core   0: 0x80000c08 (0x033b4a33) div     s4, s6, s3
core   0: 3 0x80000c08 (0x033b4a33) x20 0x09d86ee4
core   0: 0x80000c0c (0xfef518e3) bne     a0, a5, pc - 16
core   0: 3 0x80000c0c (0xfef518e3)
core   0: 0x80000bfc (0xb4362d13) slti    s10, a2, -1213
core   0: 3 0x80000bfc (0xb4362d13) x26 0x00000000
core   0: 0x80000c00 (0x00150513) addi    a0, a0, 1
core   0: 3 0x80000c00 (0x00150513) x10 0x0000000c
core   0: 0x80000c04 (0x03321633) mulh    a2, tp, s3
core   0: 3 0x80000c04 (0x03321633) x12 0xffffffff
core   0: 0x80000c08 (0x033b4a33) div     s4, s6, s3
core   0: 3 0x80000c08 (0x033b4a33) x20 0x09d86ee4
core   0: 0x80000c0c (0xfef518e3) bne     a0, a5, pc - 16
core   0: 3 0x80000c0c (0xfef518e3)
core   0: 0x80000c10 (0x234f4593) xori    a1, t5, 564
core   0: 3 0x80000c10 (0x234f4593) x11 0x8007d498
core   0: 0x80000c14 (0xbc068fb7) lui     t6, 0xbc068
core   0: 3 0x80000c14 (0xbc068fb7) x31 0xbc068000
core   0: 0x80000c18 (0xfa4ecae3) blt     t4, tp, pc - 76
core   0: 3 0x80000c18 (0xfa4ecae3)
core   0: 0x80000bcc (0x035a13b3) mulh    t2, s4, s5
core   0: 3 0x80000bcc (0x035a13b3) x 7 0xffffffff
core   0: 0x80000bd0 (0x7cdc4093) xori    ra, s8, 1997
core   0: 3 0x80000bd0 (0x7cdc4093) x 1 0x000007cd
core   0: 0x80000bd4 (0x024d8f33) mul     t5, s11, tp
core   0: 3 0x80000bd4 (0x024d8f33) x30 0x8007d6ac
core   0: 0x80000bd8 (0x01c136b3) sltu    a3, sp, t3
core   0: 3 0x80000bd8 (0x01c136b3) x13 0x00000000
core   0: 0x80000bdc (0x03194a33) div     s4, s2, a7
core   0: 3 0x80000bdc (0x03194a33) x20 0xfffffff8
core   0: 0x80000be0 (0x006e8e93) addi    t4, t4, 6
core   0: 3 0x80000be0 (0x006e8e93) x29 0x00000008
core   0: 0x80000be4 (0x4e3da693) slti    a3, s11, 1251
core   0: 3 0x80000be4 (0x4e3da693) x13 0x00000001
core   0: 0x80000be8 (0x00100513) li      a0, 1
core   0: 3 0x80000be8 (0x00100513) x10 0x00000001
core   0: 0x80000bec (0x409b5893) srai    a7, s6, 9
core   0: 3 0x80000bec (0x409b5893) x17 0xffc0012f
core   0: 0x80000bf0 (0x820d3917) auipc   s2, 0x820d3
core   0: 3 0x80000bf0 (0x820d3917) x18 0x020d3bf0
core   0: 0x80000bf4 (0x00c00793) li      a5, 12
core   0: 3 0x80000bf4 (0x00c00793) x15 0x0000000c
core   0: 0x80000bf8 (0x03e973b3) remu    t2, s2, t5
core   0: 3 0x80000bf8 (0x03e973b3) x 7 0x020d3bf0
core   0: 0x80000bfc (0xb4362d13) slti    s10, a2, -1213
core   0: 3 0x80000bfc (0xb4362d13) x26 0x00000000
core   0: 0x80000c00 (0x00150513) addi    a0, a0, 1
core   0: 3 0x80000c00 (0x00150513) x10 0x00000002
core   0: 0x80000c04 (0x03321633) mulh    a2, tp, s3
core   0: 3 0x80000c04 (0x03321633) x12 0xffffffff
core   0: 0x80000c08 (0x033b4a33) div     s4, s6, s3
core   0: 3 0x80000c08 (0x033b4a33) x20 0x09d86ee4
core   0: 0x80000c0c (0xfef518e3) bne     a0, a5, pc - 16
core   0: 3 0x80000c0c (0xfef518e3)
core   0: 0x80000bfc (0xb4362d13) slti    s10, a2, -1213
core   0: 3 0x80000bfc (0xb4362d13) x26 0x00000000
core   0: 0x80000c00 (0x00150513) addi    a0, a0, 1
core   0: 3 0x80000c00 (0x00150513) x10 0x00000003
core   0: 0x80000c04 (0x03321633) mulh    a2, tp, s3
core   0: 3 0x80000c04 (0x03321633) x12 0xffffffff
core   0: 0x80000c08 (0x033b4a33) div     s4, s6, s3
core   0: 3 0x80000c08 (0x033b4a33) x20 0x09d86ee4
core   0: 0x80000c0c (0xfef518e3) bne     a0, a5, pc - 16
core   0: 3 0x80000c0c (0xfef518e3)
core   0: 0x80000bfc (0xb4362d13) slti    s10, a2, -1213
core   0: 3 0x80000bfc (0xb4362d13) x26 0x00000000
core   0: 0x80000c00 (0x00150513) addi    a0, a0, 1
core   0: 3 0x80000c00 (0x00150513) x10 0x00000004
core   0: 0x80000c04 (0x03321633) mulh    a2, tp, s3
core   0: 3 0x80000c04 (0x03321633) x12 0xffffffff
core   0: 0x80000c08 (0x033b4a33) div     s4, s6, s3
core   0: 3 0x80000c08 (0x033b4a33) x20 0x09d86ee4
core   0: 0x80000c0c (0xfef518e3) bne     a0, a5, pc - 16
core   0: 3 0x80000c0c (0xfef518e3)
core   0: 0x80000bfc (0xb4362d13) slti    s10, a2, -1213
core   0: 3 0x80000bfc (0xb4362d13) x26 0x00000000
core   0: 0x80000c00 (0x00150513) addi    a0, a0, 1
core   0: 3 0x80000c00 (0x00150513) x10 0x00000005
core   0: 0x80000c04 (0x03321633) mulh    a2, tp, s3
core   0: 3 0x80000c04 (0x03321633) x12 0xffffffff
core   0: 0x80000c08 (0x033b4a33) div     s4, s6, s3
core   0: 3 0x80000c08 (0x033b4a33) x20 0x09d86ee4
core   0: 0x80000c0c (0xfef518e3) bne     a0, a5, pc - 16
core   0: 3 0x80000c0c (0xfef518e3)
core   0: 0x80000bfc (0xb4362d13) slti    s10, a2, -1213
core   0: 3 0x80000bfc (0xb4362d13) x26 0x00000000
core   0: 0x80000c00 (0x00150513) addi    a0, a0, 1
core   0: 3 0x80000c00 (0x00150513) x10 0x00000006
core   0: 0x80000c04 (0x03321633) mulh    a2, tp, s3
core   0: 3 0x80000c04 (0x03321633) x12 0xffffffff
core   0: 0x80000c08 (0x033b4a33) div     s4, s6, s3
core   0: 3 0x80000c08 (0x033b4a33) x20 0x09d86ee4
core   0: 0x80000c0c (0xfef518e3) bne     a0, a5, pc - 16
core   0: 3 0x80000c0c (0xfef518e3)
core   0: 0x80000bfc (0xb4362d13) slti    s10, a2, -1213
core   0: 3 0x80000bfc (0xb4362d13) x26 0x00000000
core   0: 0x80000c00 (0x00150513) addi    a0, a0, 1
core   0: 3 0x80000c00 (0x00150513) x10 0x00000007
core   0: 0x80000c04 (0x03321633) mulh    a2, tp, s3
core   0: 3 0x80000c04 (0x03321633) x12 0xffffffff
core   0: 0x80000c08 (0x033b4a33) div     s4, s6, s3
core   0: 3 0x80000c08 (0x033b4a33) x20 0x09d86ee4
core   0: 0x80000c0c (0xfef518e3) bne     a0, a5, pc - 16
core   0: 3 0x80000c0c (0xfef518e3)
core   0: 0x80000bfc (0xb4362d13) slti    s10, a2, -1213
core   0: 3 0x80000bfc (0xb4362d13) x26 0x00000000
core   0: 0x80000c00 (0x00150513) addi    a0, a0, 1
core   0: 3 0x80000c00 (0x00150513) x10 0x00000008
core   0: 0x80000c04 (0x03321633) mulh    a2, tp, s3
core   0: 3 0x80000c04 (0x03321633) x12 0xffffffff
core   0: 0x80000c08 (0x033b4a33) div     s4, s6, s3
core   0: 3 0x80000c08 (0x033b4a33) x20 0x09d86ee4
core   0: 0x80000c0c (0xfef518e3) bne     a0, a5, pc - 16
core   0: 3 0x80000c0c (0xfef518e3)
core   0: 0x80000bfc (0xb4362d13) slti    s10, a2, -1213
core   0: 3 0x80000bfc (0xb4362d13) x26 0x00000000
core   0: 0x80000c00 (0x00150513) addi    a0, a0, 1
core   0: 3 0x80000c00 (0x00150513) x10 0x00000009
core   0: 0x80000c04 (0x03321633) mulh    a2, tp, s3
core   0: 3 0x80000c04 (0x03321633) x12 0xffffffff
core   0: 0x80000c08 (0x033b4a33) div     s4, s6, s3
core   0: 3 0x80000c08 (0x033b4a33) x20 0x09d86ee4
core   0: 0x80000c0c (0xfef518e3) bne     a0, a5, pc - 16
core   0: 3 0x80000c0c (0xfef518e3)
core   0: 0x80000bfc (0xb4362d13) slti    s10, a2, -1213
core   0: 3 0x80000bfc (0xb4362d13) x26 0x00000000
core   0: 0x80000c00 (0x00150513) addi    a0, a0, 1
core   0: 3 0x80000c00 (0x00150513) x10 0x0000000a
core   0: 0x80000c04 (0x03321633) mulh    a2, tp, s3
core   0: 3 0x80000c04 (0x03321633) x12 0xffffffff
core   0: 0x80000c08 (0x033b4a33) div     s4, s6, s3
core   0: 3 0x80000c08 (0x033b4a33) x20 0x09d86ee4
core   0: 0x80000c0c (0xfef518e3) bne     a0, a5, pc - 16
core   0: 3 0x80000c0c (0xfef518e3)
core   0: 0x80000bfc (0xb4362d13) slti    s10, a2, -1213
core   0: 3 0x80000bfc (0xb4362d13) x26 0x00000000
core   0: 0x80000c00 (0x00150513) addi    a0, a0, 1
core   0: 3 0x80000c00 (0x00150513) x10 0x0000000b
core   0: 0x80000c04 (0x03321633) mulh    a2, tp, s3
core   0: 3 0x80000c04 (0x03321633) x12 0xffffffff
core   0: 0x80000c08 (0x033b4a33) div     s4, s6, s3
core   0: 3 0x80000c08 (0x033b4a33) x20 0x09d86ee4
core   0: 0x80000c0c (0xfef518e3) bne     a0, a5, pc - 16
core   0: 3 0x80000c0c (0xfef518e3)
core   0: 0x80000bfc (0xb4362d13) slti    s10, a2, -1213
core   0: 3 0x80000bfc (0xb4362d13) x26 0x00000000
core   0: 0x80000c00 (0x00150513) addi    a0, a0, 1
core   0: 3 0x80000c00 (0x00150513) x10 0x0000000c
core   0: 0x80000c04 (0x03321633) mulh    a2, tp, s3
core   0: 3 0x80000c04 (0x03321633) x12 0xffffffff
core   0: 0x80000c08 (0x033b4a33) div     s4, s6, s3
core   0: 3 0x80000c08 (0x033b4a33) x20 0x09d86ee4
core   0: 0x80000c0c (0xfef518e3) bne     a0, a5, pc - 16
core   0: 3 0x80000c0c (0xfef518e3)
core   0: 0x80000c10 (0x234f4593) xori    a1, t5, 564
core   0: 3 0x80000c10 (0x234f4593) x11 0x8007d498
core   0: 0x80000c14 (0xbc068fb7) lui     t6, 0xbc068
core   0: 3 0x80000c14 (0xbc068fb7) x31 0xbc068000
core   0: 0x80000c18 (0xfa4ecae3) blt     t4, tp, pc - 76
core   0: 3 0x80000c18 (0xfa4ecae3)
core   0: 0x80000c1c (0x01cd2133) slt     sp, s10, t3
core   0: 3 0x80000c1c (0x01cd2133) x 2 0x00000000
core   0: 0x80000c20 (0xff800613) li      a2, -8
core   0: 3 0x80000c20 (0xff800613) x12 0xfffffff8
core   0: 0x80000c24 (0x8e646513) ori     a0, s0, -1818
core   0: 3 0x80000c24 (0x8e646513) x10 0xffffffff
core   0: 0x80000c28 (0x0248b3b3) mulhu   t2, a7, tp
core   0: 3 0x80000c28 (0x0248b3b3) x 7 0x00000002
core   0: 0x80000c2c (0x00400a93) li      s5, 4
core   0: 3 0x80000c2c (0x00400a93) x21 0x00000004
core   0: 0x80000c30 (0x003947b3) xor     a5, s2, gp
core   0: 3 0x80000c30 (0x003947b3) x15 0x020d3be4
core   0: 0x80000c34 (0x00360613) addi    a2, a2, 3
core   0: 3 0x80000c34 (0x00360613) x12 0xfffffffb
core   0: 0x80000c38 (0x03d9fa33) remu    s4, s3, t4
core   0: 3 0x80000c38 (0x03d9fa33) x20 0x00000003
core   0: 0x80000c3c (0x00800593) li      a1, 8
core   0: 3 0x80000c3c (0x00800593) x11 0x00000008
core   0: 0x80000c40 (0x404f5693) srai    a3, t5, 4
core   0: 3 0x80000c40 (0x404f5693) x13 0xf8007d6a
core   0: 0x80000c44 (0xff600d13) li      s10, -10
core   0: 3 0x80000c44 (0xff600d13) x26 0xfffffff6
core   0: 0x80000c48 (0x40a288b3) sub     a7, t0, a0
core   0: 3 0x80000c48 (0x40a288b3) x17 0x44409bb1
core   0: 0x80000c4c (0x2b77b293) sltiu   t0, a5, 695
core   0: 3 0x80000c4c (0x2b77b293) x 5 0x00000000
core   0: 0x80000c50 (0xff758593) addi    a1, a1, -9
core   0: 3 0x80000c50 (0xff758593) x11 0xffffffff
core   0: 0x80000c54 (0x00dd32b3) sltu    t0, s10, a3
core   0: 3 0x80000c54 (0x00dd32b3) x 5 0x00000000
core   0: 0x80000c58 (0xffa588e3) beq     a1, s10, pc - 16
core   0: 3 0x80000c58 (0xffa588e3)
core   0: 0x80000c5c (0x00a72133) slt     sp, a4, a0
core   0: 3 0x80000c5c (0x00a72133) x 2 0x00000001
core   0: 0x80000c60 (0x41b70833) sub     a6, a4, s11
core   0: 3 0x80000c60 (0x41b70833) x16 0x6b123e02
core   0: 0x80000c64 (0x03e10c33) mul     s8, sp, t5
core   0: 3 0x80000c64 (0x03e10c33) x24 0x8007d6ac
core   0: 0x80000c68 (0xf8162013) slti    zero, a2, -127
core   0: 3 0x80000c68 (0xf8162013)
core   0: 0x80000c6c (0xfd5662e3) bltu    a2, s5, pc - 60
core   0: 3 0x80000c6c (0xfd5662e3)
core   0: 0x80000c70 (0x89d8c793) xori    a5, a7, -1891
core   0: 3 0x80000c70 (0x89d8c793) x15 0xbbbf632c
core   0: 0x80000c74 (0x00700f13) li      t5, 7
core   0: 3 0x80000c74 (0x00700f13) x30 0x00000007
core   0: 0x80000c78 (0x00edd513) srli    a0, s11, 14
core   0: 3 0x80000c78 (0x00edd513) x10 0x0002000a
core   0: 0x80000c7c (0x01c970b3) and     ra, s2, t3
core   0: 3 0x80000c7c (0x01c970b3) x 1 0x020d3a80
core   0: 0x80000c80 (0x0241da33) divu    s4, gp, tp
core   0: 3 0x80000c80 (0x0241da33) x20 0x00000006
core   0: 0x80000c84 (0x4175d5b3) sra     a1, a1, s7
core   0: 3 0x80000c84 (0x4175d5b3) x11 0xffffffff
core   0: 0x80000c88 (0x03c603b3) mul     t2, a2, t3
core   0: 3 0x80000c88 (0x03c603b3) x 7 0x00001b58
core   0: 0x80000c8c (0xad81ec13) ori     s8, gp, -1320
core   0: 3 0x80000c8c (0xad81ec13) x24 0xfffffadc
core   0: 0x80000c90 (0x00000013) nop
core   0: 3 0x80000c90 (0x00000013)
core   0: 0x80000c94 (0x01e66133) or      sp, a2, t5
core   0: 3 0x80000c94 (0x01e66133) x 2 0xffffffff
core   0: 0x80000c98 (0x011546b3) xor     a3, a0, a7
core   0: 3 0x80000c98 (0x011546b3) x13 0x44429bbb
core   0: 0x80000c9c (0xff500313) li      t1, -11
core   0: 3 0x80000c9c (0xff500313) x 6 0xfffffff5
core   0: 0x80000ca0 (0x03b390b3) mulh    ra, t2, s11
core   0: 3 0x80000ca0 (0x03b390b3) x 1 0xfffff254
core   0: 0x80000ca4 (0x8674b413) sltiu   s0, s1, -1945
core   0: 3 0x80000ca4 (0x8674b413) x 8 0x00000000
core   0: 0x80000ca8 (0x40655933) sra     s2, a0, t1
core   0: 3 0x80000ca8 (0x40655933) x18 0x00000000
core   0: 0x80000cac (0x2ede3697) auipc   a3, 0x2ede3
core   0: 3 0x80000cac (0x2ede3697) x13 0xaede3cac
core   0: 0x80000cb0 (0x036a6c33) rem     s8, s4, s6
core   0: 3 0x80000cb0 (0x036a6c33) x24 0x00000006
core   0: 0x80000cb4 (0x01d384b3) add     s1, t2, t4
core   0: 3 0x80000cb4 (0x01d384b3) x 9 0x00001b60
core   0: 0x80000cb8 (0xff7f0f13) addi    t5, t5, -9
core   0: 3 0x80000cb8 (0xff7f0f13) x30 0xfffffffe
core   0: 0x80000cbc (0x03343133) mulhu   sp, s0, s3
core   0: 3 0x80000cbc (0x03343133) x 2 0x00000000
core   0: 0x80000cc0 (0x40290633) sub     a2, s2, sp
core   0: 3 0x80000cc0 (0x40290633) x12 0x00000000
core   0: 0x80000cc4 (0x00affbb3) and     s7, t6, a0
core   0: 3 0x80000cc4 (0x00affbb3) x23 0x00020000
core   0: 0x80000cc8 (0x038ad433) divu    s0, s5, s8
core   0: 3 0x80000cc8 (0x038ad433) x 8 0x00000000
core   0: 0x80000ccc (0xfe6f00e3) beq     t5, t1, pc - 32
core   0: 3 0x80000ccc (0xfe6f00e3)
core   0: 0x80000cd0 (0x02e6c433) div     s0, a3, a4
core   0: 3 0x80000cd0 (0x02e6c433) x 8 0x00000003
core   0: 0x80000cd4 (0xffa00113) li      sp, -6
core   0: 3 0x80000cd4 (0xffa00113) x 2 0xfffffffa
core   0: 0x80000cd8 (0x0261e933) rem     s2, gp, t1
core   0: 3 0x80000cd8 (0x0261e933) x18 0x00000009
core   0: 0x80000cdc (0x03bc9ab3) mulh    s5, s9, s11
core   0: 3 0x80000cdc (0x03bc9ab3) x21 0xffffff8d
core   0: 0x80000ce0 (0x8b09bb93) sltiu   s7, s3, -1872
core   0: 3 0x80000ce0 (0x8b09bb93) x23 0x00000000
core   0: 0x80000ce4 (0x00f00193) li      gp, 15
core   0: 3 0x80000ce4 (0x00f00193) x 3 0x0000000f
core   0: 0x80000ce8 (0x5732af13) slti    t5, t0, 1395
core   0: 3 0x80000ce8 (0x5732af13) x30 0x00000001
core   0: 0x80000cec (0x03de7533) remu    a0, t3, t4
core   0: 3 0x80000cec (0x03de7533) x10 0x00000000
core   0: 0x80000cf0 (0x01fdf933) and     s2, s11, t6
core   0: 3 0x80000cf0 (0x01fdf933) x18 0x80028000
core   0: 0x80000cf4 (0x88390993) addi    s3, s2, -1917
core   0: 3 0x80000cf4 (0x88390993) x19 0x80027883
core   0: 0x80000cf8 (0x024de533) rem     a0, s11, tp
core   0: 3 0x80000cf8 (0x024de533) x10 0x00000000
core   0: 0x80000cfc (0x03ce65b3) rem     a1, t3, t3
core   0: 3 0x80000cfc (0x03ce65b3) x11 0x00000000
core   0: 0x80000d00 (0x024179b3) remu    s3, sp, tp
core   0: 3 0x80000d00 (0x024179b3) x19 0x00000001
core   0: 0x80000d04 (0x038978b3) remu    a7, s2, s8
core   0: 3 0x80000d04 (0x038978b3) x17 0x00000000
core   0: 0x80000d08 (0x00110113) addi    sp, sp, 1
core   0: 3 0x80000d08 (0x00110113) x 2 0xfffffffb
core   0: 0x80000d0c (0xe4590e13) addi    t3, s2, -443
core   0: 3 0x80000d0c (0xe4590e13) x28 0x80027e45
core   0: 0x80000d10 (0xfe3118e3) bne     sp, gp, pc - 16
core   0: 3 0x80000d10 (0xfe3118e3)
core   0: 0x80000d00 (0x024179b3) remu    s3, sp, tp
core   0: 3 0x80000d00 (0x024179b3) x19 0x00000002
core   0: 0x80000d04 (0x038978b3) remu    a7, s2, s8
core   0: 3 0x80000d04 (0x038978b3) x17 0x00000000
core   0: 0x80000d08 (0x00110113) addi    sp, sp, 1
core   0: 3 0x80000d08 (0x00110113) x 2 0xfffffffc
core   0: 0x80000d0c (0xe4590e13) addi    t3, s2, -443
core   0: 3 0x80000d0c (0xe4590e13) x28 0x80027e45
core   0: 0x80000d10 (0xfe3118e3) bne     sp, gp, pc - 16
core   0: 3 0x80000d10 (0xfe3118e3)
core   0: 0x80000d00 (0x024179b3) remu    s3, sp, tp
core   0: 3 0x80000d00 (0x024179b3) x19 0x00000000
core   0: 0x80000d04 (0x038978b3) remu    a7, s2, s8
core   0: 3 0x80000d04 (0x038978b3) x17 0x00000000
core   0: 0x80000d08 (0x00110113) addi    sp, sp, 1
core   0: 3 0x80000d08 (0x00110113) x 2 0xfffffffd
core   0: 0x80000d0c (0xe4590e13) addi    t3, s2, -443
core   0: 3 0x80000d0c (0xe4590e13) x28 0x80027e45
core   0: 0x80000d10 (0xfe3118e3) bne     sp, gp, pc - 16
core   0: 3 0x80000d10 (0xfe3118e3)
core   0: 0x80000d00 (0x024179b3) remu    s3, sp, tp
core   0: 3 0x80000d00 (0x024179b3) x19 0x00000001
core   0: 0x80000d04 (0x038978b3) remu    a7, s2, s8
core   0: 3 0x80000d04 (0x038978b3) x17 0x00000000
core   0: 0x80000d08 (0x00110113) addi    sp, sp, 1
core   0: 3 0x80000d08 (0x00110113) x 2 0xfffffffe
core   0: 0x80000d0c (0xe4590e13) addi    t3, s2, -443
core   0: 3 0x80000d0c (0xe4590e13) x28 0x80027e45
core   0: 0x80000d10 (0xfe3118e3) bne     sp, gp, pc - 16
core   0: 3 0x80000d10 (0xfe3118e3)
core   0: 0x80000d00 (0x024179b3) remu    s3, sp, tp
core   0: 3 0x80000d00 (0x024179b3) x19 0x00000002
core   0: 0x80000d04 (0x038978b3) remu    a7, s2, s8
core   0: 3 0x80000d04 (0x038978b3) x17 0x00000000
core   0: 0x80000d08 (0x00110113) addi    sp, sp, 1
core   0: 3 0x80000d08 (0x00110113) x 2 0xffffffff
core   0: 0x80000d0c (0xe4590e13) addi    t3, s2, -443
core   0: 3 0x80000d0c (0xe4590e13) x28 0x80027e45
core   0: 0x80000d10 (0xfe3118e3) bne     sp, gp, pc - 16
core   0: 3 0x80000d10 (0xfe3118e3)
core   0: 0x80000d00 (0x024179b3) remu    s3, sp, tp
core   0: 3 0x80000d00 (0x024179b3) x19 0x00000000
core   0: 0x80000d04 (0x038978b3) remu    a7, s2, s8
core   0: 3 0x80000d04 (0x038978b3) x17 0x00000000
core   0: 0x80000d08 (0x00110113) addi    sp, sp, 1
core   0: 3 0x80000d08 (0x00110113) x 2 0x00000000
core   0: 0x80000d0c (0xe4590e13) addi    t3, s2, -443
core   0: 3 0x80000d0c (0xe4590e13) x28 0x80027e45
core   0: 0x80000d10 (0xfe3118e3) bne     sp, gp, pc - 16
core   0: 3 0x80000d10 (0xfe3118e3)
core   0: 0x80000d00 (0x024179b3) remu    s3, sp, tp
core   0: 3 0x80000d00 (0x024179b3) x19 0x00000000
core   0: 0x80000d04 (0x038978b3) remu    a7, s2, s8
core   0: 3 0x80000d04 (0x038978b3) x17 0x00000000
core   0: 0x80000d08 (0x00110113) addi    sp, sp, 1
core   0: 3 0x80000d08 (0x00110113) x 2 0x00000001
core   0: 0x80000d0c (0xe4590e13) addi    t3, s2, -443
core   0: 3 0x80000d0c (0xe4590e13) x28 0x80027e45
core   0: 0x80000d10 (0xfe3118e3) bne     sp, gp, pc - 16
core   0: 3 0x80000d10 (0xfe3118e3)
core   0: 0x80000d00 (0x024179b3) remu    s3, sp, tp
core   0: 3 0x80000d00 (0x024179b3) x19 0x00000001
core   0: 0x80000d04 (0x038978b3) remu    a7, s2, s8
core   0: 3 0x80000d04 (0x038978b3) x17 0x00000000
core   0: 0x80000d08 (0x00110113) addi    sp, sp, 1
core   0: 3 0x80000d08 (0x00110113) x 2 0x00000002
core   0: 0x80000d0c (0xe4590e13) addi    t3, s2, -443
core   0: 3 0x80000d0c (0xe4590e13) x28 0x80027e45
core   0: 0x80000d10 (0xfe3118e3) bne     sp, gp, pc - 16
core   0: 3 0x80000d10 (0xfe3118e3)
core   0: 0x80000d00 (0x024179b3) remu    s3, sp, tp
core   0: 3 0x80000d00 (0x024179b3) x19 0x00000002
core   0: 0x80000d04 (0x038978b3) remu    a7, s2, s8
core   0: 3 0x80000d04 (0x038978b3) x17 0x00000000
core   0: 0x80000d08 (0x00110113) addi    sp, sp, 1
core   0: 3 0x80000d08 (0x00110113) x 2 0x00000003
core   0: 0x80000d0c (0xe4590e13) addi    t3, s2, -443
core   0: 3 0x80000d0c (0xe4590e13) x28 0x80027e45
core   0: 0x80000d10 (0xfe3118e3) bne     sp, gp, pc - 16
core   0: 3 0x80000d10 (0xfe3118e3)
core   0: 0x80000d00 (0x024179b3) remu    s3, sp, tp
core   0: 3 0x80000d00 (0x024179b3) x19 0x00000000
core   0: 0x80000d04 (0x038978b3) remu    a7, s2, s8
core   0: 3 0x80000d04 (0x038978b3) x17 0x00000000
core   0: 0x80000d08 (0x00110113) addi    sp, sp, 1
core   0: 3 0x80000d08 (0x00110113) x 2 0x00000004
core   0: 0x80000d0c (0xe4590e13) addi    t3, s2, -443
core   0: 3 0x80000d0c (0xe4590e13) x28 0x80027e45
core   0: 0x80000d10 (0xfe3118e3) bne     sp, gp, pc - 16
core   0: 3 0x80000d10 (0xfe3118e3)
core   0: 0x80000d00 (0x024179b3) remu    s3, sp, tp
core   0: 3 0x80000d00 (0x024179b3) x19 0x00000001
core   0: 0x80000d04 (0x038978b3) remu    a7, s2, s8
core   0: 3 0x80000d04 (0x038978b3) x17 0x00000000
core   0: 0x80000d08 (0x00110113) addi    sp, sp, 1
core   0: 3 0x80000d08 (0x00110113) x 2 0x00000005
core   0: 0x80000d0c (0xe4590e13) addi    t3, s2, -443
core   0: 3 0x80000d0c (0xe4590e13) x28 0x80027e45
core   0: 0x80000d10 (0xfe3118e3) bne     sp, gp, pc - 16
core   0: 3 0x80000d10 (0xfe3118e3)
core   0: 0x80000d00 (0x024179b3) remu    s3, sp, tp
core   0: 3 0x80000d00 (0x024179b3) x19 0x00000002
core   0: 0x80000d04 (0x038978b3) remu    a7, s2, s8
core   0: 3 0x80000d04 (0x038978b3) x17 0x00000000
core   0: 0x80000d08 (0x00110113) addi    sp, sp, 1
core   0: 3 0x80000d08 (0x00110113) x 2 0x00000006
core   0: 0x80000d0c (0xe4590e13) addi    t3, s2, -443
core   0: 3 0x80000d0c (0xe4590e13) x28 0x80027e45
core   0: 0x80000d10 (0xfe3118e3) bne     sp, gp, pc - 16
core   0: 3 0x80000d10 (0xfe3118e3)
core   0: 0x80000d00 (0x024179b3) remu    s3, sp, tp
core   0: 3 0x80000d00 (0x024179b3) x19 0x00000000
core   0: 0x80000d04 (0x038978b3) remu    a7, s2, s8
core   0: 3 0x80000d04 (0x038978b3) x17 0x00000000
core   0: 0x80000d08 (0x00110113) addi    sp, sp, 1
core   0: 3 0x80000d08 (0x00110113) x 2 0x00000007
core   0: 0x80000d0c (0xe4590e13) addi    t3, s2, -443
core   0: 3 0x80000d0c (0xe4590e13) x28 0x80027e45
core   0: 0x80000d10 (0xfe3118e3) bne     sp, gp, pc - 16
core   0: 3 0x80000d10 (0xfe3118e3)
core   0: 0x80000d00 (0x024179b3) remu    s3, sp, tp
core   0: 3 0x80000d00 (0x024179b3) x19 0x00000001
core   0: 0x80000d04 (0x038978b3) remu    a7, s2, s8
core   0: 3 0x80000d04 (0x038978b3) x17 0x00000000
core   0: 0x80000d08 (0x00110113) addi    sp, sp, 1
core   0: 3 0x80000d08 (0x00110113) x 2 0x00000008
core   0: 0x80000d0c (0xe4590e13) addi    t3, s2, -443
core   0: 3 0x80000d0c (0xe4590e13) x28 0x80027e45
core   0: 0x80000d10 (0xfe3118e3) bne     sp, gp, pc - 16
core   0: 3 0x80000d10 (0xfe3118e3)
core   0: 0x80000d00 (0x024179b3) remu    s3, sp, tp
core   0: 3 0x80000d00 (0x024179b3) x19 0x00000002
core   0: 0x80000d04 (0x038978b3) remu    a7, s2, s8
core   0: 3 0x80000d04 (0x038978b3) x17 0x00000000
core   0: 0x80000d08 (0x00110113) addi    sp, sp, 1
core   0: 3 0x80000d08 (0x00110113) x 2 0x00000009
core   0: 0x80000d0c (0xe4590e13) addi    t3, s2, -443
core   0: 3 0x80000d0c (0xe4590e13) x28 0x80027e45
core   0: 0x80000d10 (0xfe3118e3) bne     sp, gp, pc - 16
core   0: 3 0x80000d10 (0xfe3118e3)
core   0: 0x80000d00 (0x024179b3) remu    s3, sp, tp
core   0: 3 0x80000d00 (0x024179b3) x19 0x00000000
core   0: 0x80000d04 (0x038978b3) remu    a7, s2, s8
core   0: 3 0x80000d04 (0x038978b3) x17 0x00000000
core   0: 0x80000d08 (0x00110113) addi    sp, sp, 1
core   0: 3 0x80000d08 (0x00110113) x 2 0x0000000a
core   0: 0x80000d0c (0xe4590e13) addi    t3, s2, -443
core   0: 3 0x80000d0c (0xe4590e13) x28 0x80027e45
core   0: 0x80000d10 (0xfe3118e3) bne     sp, gp, pc - 16
core   0: 3 0x80000d10 (0xfe3118e3)
core   0: 0x80000d00 (0x024179b3) remu    s3, sp, tp
core   0: 3 0x80000d00 (0x024179b3) x19 0x00000001
core   0: 0x80000d04 (0x038978b3) remu    a7, s2, s8
core   0: 3 0x80000d04 (0x038978b3) x17 0x00000000
core   0: 0x80000d08 (0x00110113) addi    sp, sp, 1
core   0: 3 0x80000d08 (0x00110113) x 2 0x0000000b
core   0: 0x80000d0c (0xe4590e13) addi    t3, s2, -443
core   0: 3 0x80000d0c (0xe4590e13) x28 0x80027e45
core   0: 0x80000d10 (0xfe3118e3) bne     sp, gp, pc - 16
core   0: 3 0x80000d10 (0xfe3118e3)
core   0: 0x80000d00 (0x024179b3) remu    s3, sp, tp
core   0: 3 0x80000d00 (0x024179b3) x19 0x00000002
core   0: 0x80000d04 (0x038978b3) remu    a7, s2, s8
core   0: 3 0x80000d04 (0x038978b3) x17 0x00000000
core   0: 0x80000d08 (0x00110113) addi    sp, sp, 1
core   0: 3 0x80000d08 (0x00110113) x 2 0x0000000c
core   0: 0x80000d0c (0xe4590e13) addi    t3, s2, -443
core   0: 3 0x80000d0c (0xe4590e13) x28 0x80027e45
core   0: 0x80000d10 (0xfe3118e3) bne     sp, gp, pc - 16
core   0: 3 0x80000d10 (0xfe3118e3)
core   0: 0x80000d00 (0x024179b3) remu    s3, sp, tp
core   0: 3 0x80000d00 (0x024179b3) x19 0x00000000
core   0: 0x80000d04 (0x038978b3) remu    a7, s2, s8
core   0: 3 0x80000d04 (0x038978b3) x17 0x00000000
core   0: 0x80000d08 (0x00110113) addi    sp, sp, 1
core   0: 3 0x80000d08 (0x00110113) x 2 0x0000000d
core   0: 0x80000d0c (0xe4590e13) addi    t3, s2, -443
core   0: 3 0x80000d0c (0xe4590e13) x28 0x80027e45
core   0: 0x80000d10 (0xfe3118e3) bne     sp, gp, pc - 16
core   0: 3 0x80000d10 (0xfe3118e3)
core   0: 0x80000d00 (0x024179b3) remu    s3, sp, tp
core   0: 3 0x80000d00 (0x024179b3) x19 0x00000001
core   0: 0x80000d04 (0x038978b3) remu    a7, s2, s8
core   0: 3 0x80000d04 (0x038978b3) x17 0x00000000
core   0: 0x80000d08 (0x00110113) addi    sp, sp, 1
core   0: 3 0x80000d08 (0x00110113) x 2 0x0000000e
core   0: 0x80000d0c (0xe4590e13) addi    t3, s2, -443
core   0: 3 0x80000d0c (0xe4590e13) x28 0x80027e45
core   0: 0x80000d10 (0xfe3118e3) bne     sp, gp, pc - 16
core   0: 3 0x80000d10 (0xfe3118e3)
core   0: 0x80000d00 (0x024179b3) remu    s3, sp, tp
core   0: 3 0x80000d00 (0x024179b3) x19 0x00000002
core   0: 0x80000d04 (0x038978b3) remu    a7, s2, s8
core   0: 3 0x80000d04 (0x038978b3) x17 0x00000000
core   0: 0x80000d08 (0x00110113) addi    sp, sp, 1
core   0: 3 0x80000d08 (0x00110113) x 2 0x0000000f
core   0: 0x80000d0c (0xe4590e13) addi    t3, s2, -443
core   0: 3 0x80000d0c (0xe4590e13) x28 0x80027e45
core   0: 0x80000d10 (0xfe3118e3) bne     sp, gp, pc - 16
core   0: 3 0x80000d10 (0xfe3118e3)
core   0: 0x80000d14 (0x018f8fb3) add     t6, t6, s8
core   0: 3 0x80000d14 (0x018f8fb3) x31 0xbc068006
core   0: 0x80000d18 (0xffa00b93) li      s7, -6
core   0: 3 0x80000d18 (0xffa00b93) x23 0xfffffffa
core   0: 0x80000d1c (0x31242c93) slti    s9, s0, 786
core   0: 3 0x80000d1c (0x31242c93) x25 0x00000001
core   0: 0x80000d20 (0x01c32833) slt     a6, t1, t3
core   0: 3 0x80000d20 (0x01c32833) x16 0x00000000
core   0: 0x80000d24 (0x03c27233) remu    tp, tp, t3
core   0: 3 0x80000d24 (0x03c27233) x 4 0x00000003
core   0: 0x80000d28 (0x02bbd9b3) divu    s3, s7, a1
core   0: 3 0x80000d28 (0x02bbd9b3) x19 0xffffffff
core   0: 0x80000d2c (0x4181dd13) srai    s10, gp, 24
core   0: 3 0x80000d2c (0x4181dd13) x26 0x00000000
core   0: 0x80000d30 (0x0202b833) mulhu   a6, t0, zero
core   0: 3 0x80000d30 (0x0202b833) x16 0x00000000
core   0: 0x80000d34 (0x357dad13) slti    s10, s11, 855
core   0: 3 0x80000d34 (0x357dad13) x26 0x00000001
core   0: 0x80000d38 (0x00f00a93) li      s5, 15
core   0: 3 0x80000d38 (0x00f00a93) x21 0x0000000f
core   0: 0x80000d3c (0x0066c8b3) xor     a7, a3, t1
core   0: 3 0x80000d3c (0x0066c8b3) x17 0x5121c359
core   0: 0x80000d40 (0x00000013) nop
core   0: 3 0x80000d40 (0x00000013)
core   0: 0x80000d44 (0x02bf48b3) div     a7, t5, a1
core   0: 3 0x80000d44 (0x02bf48b3) x17 0xffffffff
core   0: 0x80000d48 (0x00c8d913) srli    s2, a7, 12
core   0: 3 0x80000d48 (0x00c8d913) x18 0x000fffff
core   0: 0x80000d4c (0x63b06613) ori     a2, zero, 1595
core   0: 3 0x80000d4c (0x63b06613) x12 0x0000063b
core   0: 0x80000d50 (0x41cbd113) srai    sp, s7, 28
core   0: 3 0x80000d50 (0x41cbd113) x 2 0xffffffff
core   0: 0x80000d54 (0xbbd0bc13) sltiu   s8, ra, -1091
core   0: 3 0x80000d54 (0xbbd0bc13) x24 0x00000001
core   0: 0x80000d58 (0x0219d033) divu    zero, s3, ra
core   0: 3 0x80000d58 (0x0219d033)
core   0: 0x80000d5c (0x00f71213) slli    tp, a4, 15
core   0: 3 0x80000d5c (0x00f71213) x 4 0x6d730000
core   0: 0x80000d60 (0x007b8b93) addi    s7, s7, 7
core   0: 3 0x80000d60 (0x007b8b93) x23 0x00000001
core   0: 0x80000d64 (0xd274b913) sltiu   s2, s1, -729
core   0: 3 0x80000d64 (0xd274b913) x18 0x00000001
core   0: 0x80000d68 (0x019e7933) and     s2, t3, s9
core   0: 3 0x80000d68 (0x019e7933) x18 0x00000001
core   0: 0x80000d6c (0x02743e33) mulhu   t3, s0, t2
core   0: 3 0x80000d6c (0x02743e33) x28 0x00000000
core   0: 0x80000d70 (0x00605233) srl     tp, zero, t1
core   0: 3 0x80000d70 (0x00605233) x 4 0x00000000
core   0: 0x80000d74 (0x00df1813) slli    a6, t5, 13
core   0: 3 0x80000d74 (0x00df1813) x16 0x00002000
core   0: 0x80000d78 (0x0004c893) xori    a7, s1, 0
core   0: 3 0x80000d78 (0x0004c893) x17 0x00001b60
core   0: 0x80000d7c (0xfd5be2e3) bltu    s7, s5, pc - 60
core   0: 3 0x80000d7c (0xfd5be2e3)
core   0: 0x80000d40 (0x00000013) nop
core   0: 3 0x80000d40 (0x00000013)
core   0: 0x80000d44 (0x02bf48b3) div     a7, t5, a1
core   0: 3 0x80000d44 (0x02bf48b3) x17 0xffffffff
core   0: 0x80000d48 (0x00c8d913) srli    s2, a7, 12
core   0: 3 0x80000d48 (0x00c8d913) x18 0x000fffff
core   0: 0x80000d4c (0x63b06613) ori     a2, zero, 1595
core   0: 3 0x80000d4c (0x63b06613) x12 0x0000063b
core   0: 0x80000d50 (0x41cbd113) srai    sp, s7, 28
core   0: 3 0x80000d50 (0x41cbd113) x 2 0x00000000
core   0: 0x80000d54 (0xbbd0bc13) sltiu   s8, ra, -1091
core   0: 3 0x80000d54 (0xbbd0bc13) x24 0x00000001
core   0: 0x80000d58 (0x0219d033) divu    zero, s3, ra
core   0: 3 0x80000d58 (0x0219d033)
core   0: 0x80000d5c (0x00f71213) slli    tp, a4, 15
core   0: 3 0x80000d5c (0x00f71213) x 4 0x6d730000
core   0: 0x80000d60 (0x007b8b93) addi    s7, s7, 7
core   0: 3 0x80000d60 (0x007b8b93) x23 0x00000008
core   0: 0x80000d64 (0xd274b913) sltiu   s2, s1, -729
core   0: 3 0x80000d64 (0xd274b913) x18 0x00000001
core   0: 0x80000d68 (0x019e7933) and     s2, t3, s9
core   0: 3 0x80000d68 (0x019e7933) x18 0x00000000
core   0: 0x80000d6c (0x02743e33) mulhu   t3, s0, t2
core   0: 3 0x80000d6c (0x02743e33) x28 0x00000000
core   0: 0x80000d70 (0x00605233) srl     tp, zero, t1
core   0: 3 0x80000d70 (0x00605233) x 4 0x00000000
core   0: 0x80000d74 (0x00df1813) slli    a6, t5, 13
core   0: 3 0x80000d74 (0x00df1813) x16 0x00002000
core   0: 0x80000d78 (0x0004c893) xori    a7, s1, 0
core   0: 3 0x80000d78 (0x0004c893) x17 0x00001b60
core   0: 0x80000d7c (0xfd5be2e3) bltu    s7, s5, pc - 60
core   0: 3 0x80000d7c (0xfd5be2e3)
core   0: 0x80000d40 (0x00000013) nop
core   0: 3 0x80000d40 (0x00000013)
core   0: 0x80000d44 (0x02bf48b3) div     a7, t5, a1
core   0: 3 0x80000d44 (0x02bf48b3) x17 0xffffffff
core   0: 0x80000d48 (0x00c8d913) srli    s2, a7, 12
core   0: 3 0x80000d48 (0x00c8d913) x18 0x000fffff
core   0: 0x80000d4c (0x63b06613) ori     a2, zero, 1595
core   0: 3 0x80000d4c (0x63b06613) x12 0x0000063b
core   0: 0x80000d50 (0x41cbd113) srai    sp, s7, 28
core   0: 3 0x80000d50 (0x41cbd113) x 2 0x00000000
core   0: 0x80000d54 (0xbbd0bc13) sltiu   s8, ra, -1091
core   0: 3 0x80000d54 (0xbbd0bc13) x24 0x00000001
core   0: 0x80000d58 (0x0219d033) divu    zero, s3, ra
core   0: 3 0x80000d58 (0x0219d033)
core   0: 0x80000d5c (0x00f71213) slli    tp, a4, 15
core   0: 3 0x80000d5c (0x00f71213) x 4 0x6d730000
core   0: 0x80000d60 (0x007b8b93) addi    s7, s7, 7
core   0: 3 0x80000d60 (0x007b8b93) x23 0x0000000f
core   0: 0x80000d64 (0xd274b913) sltiu   s2, s1, -729
core   0: 3 0x80000d64 (0xd274b913) x18 0x00000001
core   0: 0x80000d68 (0x019e7933) and     s2, t3, s9
core   0: 3 0x80000d68 (0x019e7933) x18 0x00000000
core   0: 0x80000d6c (0x02743e33) mulhu   t3, s0, t2
core   0: 3 0x80000d6c (0x02743e33) x28 0x00000000
core   0: 0x80000d70 (0x00605233) srl     tp, zero, t1
core   0: 3 0x80000d70 (0x00605233) x 4 0x00000000
core   0: 0x80000d74 (0x00df1813) slli    a6, t5, 13
core   0: 3 0x80000d74 (0x00df1813) x16 0x00002000
core   0: 0x80000d78 (0x0004c893) xori    a7, s1, 0
core   0: 3 0x80000d78 (0x0004c893) x17 0x00001b60
core   0: 0x80000d7c (0xfd5be2e3) bltu    s7, s5, pc - 60
core   0: 3 0x80000d7c (0xfd5be2e3)
core   0: 0x80000d80 (0x028f64b3) rem     s1, t5, s0
core   0: 3 0x80000d80 (0x028f64b3) x 9 0x00000001
core   0: 0x80000d84 (0xff600393) li      t2, -10
core   0: 3 0x80000d84 (0xff600393) x 7 0xfffffff6
core   0: 0x80000d88 (0x029509b3) mul     s3, a0, s1
core   0: 3 0x80000d88 (0x029509b3) x19 0x00000000
core   0: 0x80000d8c (0x0b957793) andi    a5, a0, 185
core   0: 3 0x80000d8c (0x0b957793) x15 0x00000000
core   0: 0x80000d90 (0xfff00213) li      tp, -1
core   0: 3 0x80000d90 (0xfff00213) x 4 0xffffffff
core   0: 0x80000d94 (0x23deb013) sltiu   zero, t4, 573
core   0: 3 0x80000d94 (0x23deb013)
core   0: 0x80000d98 (0x02671833) mulh    a6, a4, t1
core   0: 3 0x80000d98 (0x02671833) x16 0x00000000
core   0: 0x80000d9c (0x02210433) mul     s0, sp, sp
core   0: 3 0x80000d9c (0x02210433) x 8 0x00000000
core   0: 0x80000da0 (0x00d99f33) sll     t5, s3, a3
core   0: 3 0x80000da0 (0x00d99f33) x30 0x00000000
core   0: 0x80000da4 (0x01117f33) and     t5, sp, a7
core   0: 3 0x80000da4 (0x01117f33) x30 0x00000000
core   0: 0x80000da8 (0x00619313) slli    t1, gp, 6
core   0: 3 0x80000da8 (0x00619313) x 6 0x000003c0
core   0: 0x80000dac (0x7d216e13) ori     t3, sp, 2002
core   0: 3 0x80000dac (0x7d216e13) x28 0x000007d2
core   0: 0x80000db0 (0x00000013) nop
core   0: 3 0x80000db0 (0x00000013)
core   0: 0x80000db4 (0x01101033) sll     zero, zero, a7
core   0: 3 0x80000db4 (0x01101033)
core   0: 0x80000db8 (0x40ead1b3) sra     gp, s5, a4
core   0: 3 0x80000db8 (0x40ead1b3) x 3 0x00000000
core   0: 0x80000dbc (0x0024d293) srli    t0, s1, 2
core   0: 3 0x80000dbc (0x0024d293) x 5 0x00000000
core   0: 0x80000dc0 (0x00138393) addi    t2, t2, 1
core   0: 3 0x80000dc0 (0x00138393) x 7 0xfffffff7
core   0: 0x80000dc4 (0x00161093) slli    ra, a2, 1
core   0: 3 0x80000dc4 (0x00161093) x 1 0x00000c76
core   0: 0x80000dc8 (0x0172f4b3) and     s1, t0, s7
core   0: 3 0x80000dc8 (0x0172f4b3) x 9 0x00000000
core   0: 0x80000dcc (0x01f038b3) snez    a7, t6
core   0: 3 0x80000dcc (0x01f038b3) x17 0x00000001
core   0: 0x80000dd0 (0x40595033) sra     zero, s2, t0
core   0: 3 0x80000dd0 (0x40595033)
core   0: 0x80000dd4 (0x0339d0b3) divu    ra, s3, s3
core   0: 3 0x80000dd4 (0x0339d0b3) x 1 0xffffffff
core   0: 0x80000dd8 (0x02b7acb3) mulhsu  s9, a5, a1
core   0: 3 0x80000dd8 (0x02b7acb3) x25 0x00000000
core   0: 0x80000ddc (0xfa438ce3) beq     t2, tp, pc - 72
core   0: 3 0x80000ddc (0xfa438ce3)
core   0: 0x80000de0 (0x000c1533) sll     a0, s8, zero
core   0: 3 0x80000de0 (0x000c1533) x10 0x00000001
core   0: 0x80000de4 (0x00500693) li      a3, 5
core   0: 3 0x80000de4 (0x00500693) x13 0x00000005
core   0: 0x80000de8 (0x02c8bd33) mulhu   s10, a7, a2
core   0: 3 0x80000de8 (0x02c8bd33) x26 0x00000000
core   0: 0x80000dec (0x00e9e633) or      a2, s3, a4
core   0: 3 0x80000dec (0x00e9e633) x12 0xeb14dae6
core   0: 0x80000df0 (0xffd00913) li      s2, -3
core   0: 3 0x80000df0 (0xffd00913) x18 0xfffffffd
core   0: 0x80000df4 (0x00615413) srli    s0, sp, 6
core   0: 3 0x80000df4 (0x00615413) x 8 0x00000000
core   0: 0x80000df8 (0x00f0bfb3) sltu    t6, ra, a5
core   0: 3 0x80000df8 (0x00f0bfb3) x31 0x00000000
core   0: 0x80000dfc (0x038d3cb3) mulhu   s9, s10, s8
core   0: 3 0x80000dfc (0x038d3cb3) x25 0x00000000
core   0: 0x80000e00 (0xffa68693) addi    a3, a3, -6
core   0: 3 0x80000e00 (0xffa68693) x13 0xffffffff
core   0: 0x80000e04 (0xffd00593) li      a1, -3
core   0: 3 0x80000e04 (0xffd00593) x11 0xfffffffd
core   0: 0x80000e08 (0x00d7b333) sltu    t1, a5, a3
core   0: 3 0x80000e08 (0x00d7b333) x 6 0x00000001
core   0: 0x80000e0c (0x218de393) ori     t2, s11, 536
core   0: 3 0x80000e0c (0x218de393) x 7 0x80029efc
core   0: 0x80000e10 (0x00d9cf33) xor     t5, s3, a3
core   0: 3 0x80000e10 (0x00d9cf33) x30 0xffffffff
core   0: 0x80000e14 (0x00600113) li      sp, 6
core   0: 3 0x80000e14 (0x00600113) x 2 0x00000006
core   0: 0x80000e18 (0x03703833) mulhu   a6, zero, s7
core   0: 3 0x80000e18 (0x03703833) x16 0x00000000
core   0: 0x80000e1c (0x01e51833) sll     a6, a0, t5
core   0: 3 0x80000e1c (0x01e51833) x16 0x80000000
core   0: 0x80000e20 (0x00958593) addi    a1, a1, 9
core   0: 3 0x80000e20 (0x00958593) x11 0x00000006
core   0: 0x80000e24 (0x03b542b3) div     t0, a0, s11
core   0: 3 0x80000e24 (0x03b542b3) x 5 0x00000000
core   0: 0x80000e28 (0xfe25e8e3) bltu    a1, sp, pc - 16
core   0: 3 0x80000e28 (0xfe25e8e3)
core   0: 0x80000e2c (0x398fafb7) lui     t6, 0x398fa
core   0: 3 0x80000e2c (0x398fafb7) x31 0x398fa000
core   0: 0x80000e30 (0xfd26d4e3) bge     a3, s2, pc - 56
core   0: 3 0x80000e30 (0xfd26d4e3)
core   0: 0x80000df8 (0x00f0bfb3) sltu    t6, ra, a5
core   0: 3 0x80000df8 (0x00f0bfb3) x31 0x00000000
core   0: 0x80000dfc (0x038d3cb3) mulhu   s9, s10, s8
core   0: 3 0x80000dfc (0x038d3cb3) x25 0x00000000
core   0: 0x80000e00 (0xffa68693) addi    a3, a3, -6
core   0: 3 0x80000e00 (0xffa68693) x13 0xfffffff9
core   0: 0x80000e04 (0xffd00593) li      a1, -3
core   0: 3 0x80000e04 (0xffd00593) x11 0xfffffffd
core   0: 0x80000e08 (0x00d7b333) sltu    t1, a5, a3
core   0: 3 0x80000e08 (0x00d7b333) x 6 0x00000001
core   0: 0x80000e0c (0x218de393) ori     t2, s11, 536
core   0: 3 0x80000e0c (0x218de393) x 7 0x80029efc
core   0: 0x80000e10 (0x00d9cf33) xor     t5, s3, a3
core   0: 3 0x80000e10 (0x00d9cf33) x30 0xfffffff9
core   0: 0x80000e14 (0x00600113) li      sp, 6
core   0: 3 0x80000e14 (0x00600113) x 2 0x00000006
core   0: 0x80000e18 (0x03703833) mulhu   a6, zero, s7
core   0: 3 0x80000e18 (0x03703833) x16 0x00000000
core   0: 0x80000e1c (0x01e51833) sll     a6, a0, t5
core   0: 3 0x80000e1c (0x01e51833) x16 0x02000000
core   0: 0x80000e20 (0x00958593) addi    a1, a1, 9
core   0: 3 0x80000e20 (0x00958593) x11 0x00000006
core   0: 0x80000e24 (0x03b542b3) div     t0, a0, s11
core   0: 3 0x80000e24 (0x03b542b3) x 5 0x00000000
core   0: 0x80000e28 (0xfe25e8e3) bltu    a1, sp, pc - 16
core   0: 3 0x80000e28 (0xfe25e8e3)
core   0: 0x80000e2c (0x398fafb7) lui     t6, 0x398fa
core   0: 3 0x80000e2c (0x398fafb7) x31 0x398fa000
core   0: 0x80000e30 (0xfd26d4e3) bge     a3, s2, pc - 56
core   0: 3 0x80000e30 (0xfd26d4e3)
core   0: 0x80000e34 (0x02705633) divu    a2, zero, t2
core   0: 3 0x80000e34 (0x02705633) x12 0x00000000
core   0: 0x80000e38 (0x00800d13) li      s10, 8
core   0: 3 0x80000e38 (0x00800d13) x26 0x00000008
core   0: 0x80000e3c (0x02822333) mulhsu  t1, tp, s0
core   0: 3 0x80000e3c (0x02822333) x 6 0x00000000
core   0: 0x80000e40 (0x001f0833) add     a6, t5, ra
core   0: 3 0x80000e40 (0x001f0833) x16 0xfffffff8
core   0: 0x80000e44 (0x027afc33) remu    s8, s5, t2
core   0: 3 0x80000e44 (0x027afc33) x24 0x0000000f
core   0: 0x80000e48 (0x02103433) mulhu   s0, zero, ra
core   0: 3 0x80000e48 (0x02103433) x 8 0x00000000
core   0: 0x80000e4c (0x01cad6b3) srl     a3, s5, t3
core   0: 3 0x80000e4c (0x01cad6b3) x13 0x00000000
core   0: 0x80000e50 (0x01bb5113) srli    sp, s6, 27
core   0: 3 0x80000e50 (0x01bb5113) x 2 0x00000010
core   0: 0x80000e54 (0xffb00093) li      ra, -5
core   0: 3 0x80000e54 (0xffb00093) x 1 0xfffffffb
core   0: 0x80000e58 (0x0025b4b3) sltu    s1, a1, sp
core   0: 3 0x80000e58 (0x0025b4b3) x 9 0x00000001
core   0: 0x80000e5c (0x02eaffb3) remu    t6, s5, a4
core   0: 3 0x80000e5c (0x02eaffb3) x31 0x0000000f
core   0: 0x80000e60 (0x9c277f93) andi    t6, a4, -1598
core   0: 3 0x80000e60 (0x9c277f93) x31 0xeb14d8c2
core   0: 0x80000e64 (0x036e33b3) mulhu   t2, t3, s6
core   0: 3 0x80000e64 (0x036e33b3) x 7 0x000003e9
core   0: 0x80000e68 (0x02bdb133) mulhu   sp, s11, a1
core   0: 3 0x80000e68 (0x02bdb133) x 2 0x00000003
core   0: 0x80000e6c (0x01ad5f93) srli    t6, s10, 26
core   0: 3 0x80000e6c (0x01ad5f93) x31 0x00000000
core   0: 0x80000e70 (0x40c0d113) srai    sp, ra, 12
core   0: 3 0x80000e70 (0x40c0d113) x 2 0xffffffff
core   0: 0x80000e74 (0x024f4a33) div     s4, t5, tp
core   0: 3 0x80000e74 (0x024f4a33) x20 0x00000007
core   0: 0x80000e78 (0xffcd0d13) addi    s10, s10, -4
core   0: 3 0x80000e78 (0xffcd0d13) x26 0x00000004
core   0: 0x80000e7c (0x00300e93) li      t4, 3
core   0: 3 0x80000e7c (0x00300e93) x29 0x00000003
core   0: 0x80000e80 (0x03779533) mulh    a0, a5, s7
core   0: 3 0x80000e80 (0x03779533) x10 0x00000000
core   0: 0x80000e84 (0x00d4cc33) xor     s8, s1, a3
core   0: 3 0x80000e84 (0x00d4cc33) x24 0x00000001
core   0: 0x80000e88 (0x00600b93) li      s7, 6
core   0: 3 0x80000e88 (0x00600b93) x23 0x00000006
core   0: 0x80000e8c (0x003d1793) slli    a5, s10, 3
core   0: 3 0x80000e8c (0x003d1793) x15 0x00000020
core   0: 0x80000e90 (0x2ad9f593) andi    a1, s3, 685
core   0: 3 0x80000e90 (0x2ad9f593) x11 0x00000000
core   0: 0x80000e94 (0x02b51333) mulh    t1, a0, a1
core   0: 3 0x80000e94 (0x02b51333) x 6 0x00000000
core   0: 0x80000e98 (0x7a1de837) lui     a6, 0x7a1de
core   0: 3 0x80000e98 (0x7a1de837) x16 0x7a1de000
core   0: 0x80000e9c (0x003e8e93) addi    t4, t4, 3
core   0: 3 0x80000e9c (0x003e8e93) x29 0x00000006
core   0: 0x80000ea0 (0xff7eece3) bltu    t4, s7, pc - 8
core   0: 3 0x80000ea0 (0xff7eece3)
core   0: 0x80000ea4 (0x02a87333) remu    t1, a6, a0
core   0: 3 0x80000ea4 (0x02a87333) x 6 0x7a1de000
core   0: 0x80000ea8 (0x73684793) xori    a5, a6, 1846
core   0: 3 0x80000ea8 (0x73684793) x15 0x7a1de736
core   0: 0x80000eac (0xfa1d58e3) bge     s10, ra, pc - 80
core   0: 3 0x80000eac (0xfa1d58e3)
core   0: 0x80000e5c (0x02eaffb3) remu    t6, s5, a4
core   0: 3 0x80000e5c (0x02eaffb3) x31 0x0000000f
core   0: 0x80000e60 (0x9c277f93) andi    t6, a4, -1598
core   0: 3 0x80000e60 (0x9c277f93) x31 0xeb14d8c2
core   0: 0x80000e64 (0x036e33b3) mulhu   t2, t3, s6
core   0: 3 0x80000e64 (0x036e33b3) x 7 0x000003e9
core   0: 0x80000e68 (0x02bdb133) mulhu   sp, s11, a1
core   0: 3 0x80000e68 (0x02bdb133) x 2 0x00000000
core   0: 0x80000e6c (0x01ad5f93) srli    t6, s10, 26
core   0: 3 0x80000e6c (0x01ad5f93) x31 0x00000000
core   0: 0x80000e70 (0x40c0d113) srai    sp, ra, 12
core   0: 3 0x80000e70 (0x40c0d113) x 2 0xffffffff
core   0: 0x80000e74 (0x024f4a33) div     s4, t5, tp
core   0: 3 0x80000e74 (0x024f4a33) x20 0x00000007
core   0: 0x80000e78 (0xffcd0d13) addi    s10, s10, -4
core   0: 3 0x80000e78 (0xffcd0d13) x26 0x00000000
core   0: 0x80000e7c (0x00300e93) li      t4, 3
core   0: 3 0x80000e7c (0x00300e93) x29 0x00000003
core   0: 0x80000e80 (0x03779533) mulh    a0, a5, s7
core   0: 3 0x80000e80 (0x03779533) x10 0x00000002
core   0: 0x80000e84 (0x00d4cc33) xor     s8, s1, a3
core   0: 3 0x80000e84 (0x00d4cc33) x24 0x00000001
core   0: 0x80000e88 (0x00600b93) li      s7, 6
core   0: 3 0x80000e88 (0x00600b93) x23 0x00000006
core   0: 0x80000e8c (0x003d1793) slli    a5, s10, 3
core   0: 3 0x80000e8c (0x003d1793) x15 0x00000000
core   0: 0x80000e90 (0x2ad9f593) andi    a1, s3, 685
core   0: 3 0x80000e90 (0x2ad9f593) x11 0x00000000
core   0: 0x80000e94 (0x02b51333) mulh    t1, a0, a1
core   0: 3 0x80000e94 (0x02b51333) x 6 0x00000000
core   0: 0x80000e98 (0x7a1de837) lui     a6, 0x7a1de
core   0: 3 0x80000e98 (0x7a1de837) x16 0x7a1de000
core   0: 0x80000e9c (0x003e8e93) addi    t4, t4, 3
core   0: 3 0x80000e9c (0x003e8e93) x29 0x00000006
core   0: 0x80000ea0 (0xff7eece3) bltu    t4, s7, pc - 8
core   0: 3 0x80000ea0 (0xff7eece3)
core   0: 0x80000ea4 (0x02a87333) remu    t1, a6, a0
core   0: 3 0x80000ea4 (0x02a87333) x 6 0x00000000
core   0: 0x80000ea8 (0x73684793) xori    a5, a6, 1846
core   0: 3 0x80000ea8 (0x73684793) x15 0x7a1de736
core   0: 0x80000eac (0xfa1d58e3) bge     s10, ra, pc - 80
core   0: 3 0x80000eac (0xfa1d58e3)
core   0: 0x80000e5c (0x02eaffb3) remu    t6, s5, a4
core   0: 3 0x80000e5c (0x02eaffb3) x31 0x0000000f
core   0: 0x80000e60 (0x9c277f93) andi    t6, a4, -1598
core   0: 3 0x80000e60 (0x9c277f93) x31 0xeb14d8c2
core   0: 0x80000e64 (0x036e33b3) mulhu   t2, t3, s6
core   0: 3 0x80000e64 (0x036e33b3) x 7 0x000003e9
core   0: 0x80000e68 (0x02bdb133) mulhu   sp, s11, a1
core   0: 3 0x80000e68 (0x02bdb133) x 2 0x00000000
core   0: 0x80000e6c (0x01ad5f93) srli    t6, s10, 26
core   0: 3 0x80000e6c (0x01ad5f93) x31 0x00000000
core   0: 0x80000e70 (0x40c0d113) srai    sp, ra, 12
core   0: 3 0x80000e70 (0x40c0d113) x 2 0xffffffff
core   0: 0x80000e74 (0x024f4a33) div     s4, t5, tp
core   0: 3 0x80000e74 (0x024f4a33) x20 0x00000007
core   0: 0x80000e78 (0xffcd0d13) addi    s10, s10, -4
core   0: 3 0x80000e78 (0xffcd0d13) x26 0xfffffffc
core   0: 0x80000e7c (0x00300e93) li      t4, 3
core   0: 3 0x80000e7c (0x00300e93) x29 0x00000003
core   0: 0x80000e80 (0x03779533) mulh    a0, a5, s7
core   0: 3 0x80000e80 (0x03779533) x10 0x00000002
core   0: 0x80000e84 (0x00d4cc33) xor     s8, s1, a3
core   0: 3 0x80000e84 (0x00d4cc33) x24 0x00000001
core   0: 0x80000e88 (0x00600b93) li      s7, 6
core   0: 3 0x80000e88 (0x00600b93) x23 0x00000006
core   0: 0x80000e8c (0x003d1793) slli    a5, s10, 3
core   0: 3 0x80000e8c (0x003d1793) x15 0xffffffe0
core   0: 0x80000e90 (0x2ad9f593) andi    a1, s3, 685
core   0: 3 0x80000e90 (0x2ad9f593) x11 0x00000000
core   0: 0x80000e94 (0x02b51333) mulh    t1, a0, a1
core   0: 3 0x80000e94 (0x02b51333) x 6 0x00000000
core   0: 0x80000e98 (0x7a1de837) lui     a6, 0x7a1de
core   0: 3 0x80000e98 (0x7a1de837) x16 0x7a1de000
core   0: 0x80000e9c (0x003e8e93) addi    t4, t4, 3
core   0: 3 0x80000e9c (0x003e8e93) x29 0x00000006
core   0: 0x80000ea0 (0xff7eece3) bltu    t4, s7, pc - 8
core   0: 3 0x80000ea0 (0xff7eece3)
core   0: 0x80000ea4 (0x02a87333) remu    t1, a6, a0
core   0: 3 0x80000ea4 (0x02a87333) x 6 0x00000000
core   0: 0x80000ea8 (0x73684793) xori    a5, a6, 1846
core   0: 3 0x80000ea8 (0x73684793) x15 0x7a1de736
core   0: 0x80000eac (0xfa1d58e3) bge     s10, ra, pc - 80
core   0: 3 0x80000eac (0xfa1d58e3)
core   0: 0x80000e5c (0x02eaffb3) remu    t6, s5, a4
core   0: 3 0x80000e5c (0x02eaffb3) x31 0x0000000f
core   0: 0x80000e60 (0x9c277f93) andi    t6, a4, -1598
core   0: 3 0x80000e60 (0x9c277f93) x31 0xeb14d8c2
core   0: 0x80000e64 (0x036e33b3) mulhu   t2, t3, s6
core   0: 3 0x80000e64 (0x036e33b3) x 7 0x000003e9
core   0: 0x80000e68 (0x02bdb133) mulhu   sp, s11, a1
core   0: 3 0x80000e68 (0x02bdb133) x 2 0x00000000
core   0: 0x80000e6c (0x01ad5f93) srli    t6, s10, 26
core   0: 3 0x80000e6c (0x01ad5f93) x31 0x0000003f
core   0: 0x80000e70 (0x40c0d113) srai    sp, ra, 12
core   0: 3 0x80000e70 (0x40c0d113) x 2 0xffffffff
core   0: 0x80000e74 (0x024f4a33) div     s4, t5, tp
core   0: 3 0x80000e74 (0x024f4a33) x20 0x00000007
core   0: 0x80000e78 (0xffcd0d13) addi    s10, s10, -4
core   0: 3 0x80000e78 (0xffcd0d13) x26 0xfffffff8
core   0: 0x80000e7c (0x00300e93) li      t4, 3
core   0: 3 0x80000e7c (0x00300e93) x29 0x00000003
core   0: 0x80000e80 (0x03779533) mulh    a0, a5, s7
core   0: 3 0x80000e80 (0x03779533) x10 0x00000002
core   0: 0x80000e84 (0x00d4cc33) xor     s8, s1, a3
core   0: 3 0x80000e84 (0x00d4cc33) x24 0x00000001
core   0: 0x80000e88 (0x00600b93) li      s7, 6
core   0: 3 0x80000e88 (0x00600b93) x23 0x00000006
core   0: 0x80000e8c (0x003d1793) slli    a5, s10, 3
core   0: 3 0x80000e8c (0x003d1793) x15 0xffffffc0
core   0: 0x80000e90 (0x2ad9f593) andi    a1, s3, 685
core   0: 3 0x80000e90 (0x2ad9f593) x11 0x00000000
core   0: 0x80000e94 (0x02b51333) mulh    t1, a0, a1
core   0: 3 0x80000e94 (0x02b51333) x 6 0x00000000
core   0: 0x80000e98 (0x7a1de837) lui     a6, 0x7a1de
core   0: 3 0x80000e98 (0x7a1de837) x16 0x7a1de000
core   0: 0x80000e9c (0x003e8e93) addi    t4, t4, 3
core   0: 3 0x80000e9c (0x003e8e93) x29 0x00000006
core   0: 0x80000ea0 (0xff7eece3) bltu    t4, s7, pc - 8
core   0: 3 0x80000ea0 (0xff7eece3)
core   0: 0x80000ea4 (0x02a87333) remu    t1, a6, a0
core   0: 3 0x80000ea4 (0x02a87333) x 6 0x00000000
core   0: 0x80000ea8 (0x73684793) xori    a5, a6, 1846
core   0: 3 0x80000ea8 (0x73684793) x15 0x7a1de736
core   0: 0x80000eac (0xfa1d58e3) bge     s10, ra, pc - 80
core   0: 3 0x80000eac (0xfa1d58e3)
core   0: 0x80000eb0 (0x00e227b3) slt     a5, tp, a4
core   0: 3 0x80000eb0 (0x00e227b3) x15 0x00000000
core   0: 0x80000eb4 (0xff600413) li      s0, -10
core   0: 3 0x80000eb4 (0xff600413) x 8 0xfffffff6
core   0: 0x80000eb8 (0x00abcbb3) xor     s7, s7, a0
core   0: 3 0x80000eb8 (0x00abcbb3) x23 0x00000004
core   0: 0x80000ebc (0x5b148813) addi    a6, s1, 1457
core   0: 3 0x80000ebc (0x5b148813) x16 0x000005b2
core   0: 0x80000ec0 (0x00eee233) or      tp, t4, a4
core   0: 3 0x80000ec0 (0x00eee233) x 4 0xeb14dae6
core   0: 0x80000ec4 (0xff100093) li      ra, -15
core   0: 3 0x80000ec4 (0xff100093) x 1 0xfffffff1
core   0: 0x80000ec8 (0x51b7aab7) lui     s5, 0x51b7a
core   0: 3 0x80000ec8 (0x51b7aab7) x21 0x51b7a000
core   0: 0x80000ecc (0x00fa77b3) and     a5, s4, a5
core   0: 3 0x80000ecc (0x00fa77b3) x15 0x00000000
core   0: 0x80000ed0 (0x006fb2b3) sltu    t0, t6, t1
core   0: 3 0x80000ed0 (0x006fb2b3) x 5 0x00000000
core   0: 0x80000ed4 (0xffb40413) addi    s0, s0, -5
core   0: 3 0x80000ed4 (0xffb40413) x 8 0xfffffff1
core   0: 0x80000ed8 (0x00800613) li      a2, 8
core   0: 3 0x80000ed8 (0x00800613) x12 0x00000008
core   0: 0x80000edc (0x01000c93) li      s9, 16
core   0: 3 0x80000edc (0x01000c93) x25 0x00000010
core   0: 0x80000ee0 (0x003b7fb3) and     t6, s6, gp
core   0: 3 0x80000ee0 (0x003b7fb3) x31 0x00000000
core   0: 0x80000ee4 (0x00035c33) srl     s8, t1, zero
core   0: 3 0x80000ee4 (0x00035c33) x24 0x00000000
core   0: 0x80000ee8 (0x27683937) lui     s2, 0x27683
core   0: 3 0x80000ee8 (0x27683937) x18 0x27683000
core   0: 0x80000eec (0x45070593) addi    a1, a4, 1104
core   0: 3 0x80000eec (0x45070593) x11 0xeb14df36
core   0: 0x80000ef0 (0x400085b3) sub     a1, ra, zero
core   0: 3 0x80000ef0 (0x400085b3) x11 0xfffffff1
core   0: 0x80000ef4 (0x00000013) nop
core   0: 3 0x80000ef4 (0x00000013)
core   0: 0x80000ef8 (0x00160613) addi    a2, a2, 1
core   0: 3 0x80000ef8 (0x00160613) x12 0x00000009
core   0: 0x80000efc (0xff9606e3) beq     a2, s9, pc - 20
core   0: 3 0x80000efc (0xff9606e3)
core   0: 0x80000f00 (0x15bdbf13) sltiu   t5, s11, 347
core   0: 3 0x80000f00 (0x15bdbf13) x30 0x00000000
core   0: 0x80000f04 (0x01231493) slli    s1, t1, 18
core   0: 3 0x80000f04 (0x01231493) x 9 0x00000000
core   0: 0x80000f08 (0x00000013) nop
core   0: 3 0x80000f08 (0x00000013)
core   0: 0x80000f0c (0xfc1410e3) bne     s0, ra, pc - 64
core   0: 3 0x80000f0c (0xfc1410e3)
core   0: 0x80000f10 (0x02de1333) mulh    t1, t3, a3
core   0: 3 0x80000f10 (0x02de1333) x 6 0x00000000
core   0: 0x80000f14 (0x00200413) li      s0, 2
core   0: 3 0x80000f14 (0x00200413) x 8 0x00000002
core   0: 0x80000f18 (0xfed00a13) li      s4, -19
core   0: 3 0x80000f18 (0xfed00a13) x20 0xffffffed
core   0: 0x80000f1c (0x00ae3933) sltu    s2, t3, a0
core   0: 3 0x80000f1c (0x00ae3933) x18 0x00000000
core   0: 0x80000f20 (0xad6d4d13) xori    s10, s10, -1322
core   0: 3 0x80000f20 (0xad6d4d13) x26 0x0000052e
core   0: 0x80000f24 (0x2329fab7) lui     s5, 0x2329f
core   0: 3 0x80000f24 (0x2329fab7) x21 0x2329f000
core   0: 0x80000f28 (0x415f5d33) sra     s10, t5, s5
core   0: 3 0x80000f28 (0x415f5d33) x26 0x00000000
core   0: 0x80000f2c (0x01bd5c93) srli    s9, s10, 27
core   0: 3 0x80000f2c (0x01bd5c93) x25 0x00000000
core   0: 0x80000f30 (0xff640413) addi    s0, s0, -10
core   0: 3 0x80000f30 (0xff640413) x 8 0xfffffff8
core   0: 0x80000f34 (0x376b0613) addi    a2, s6, 886
core   0: 3 0x80000f34 (0x376b0613) x12 0x800261da
core   0: 0x80000f38 (0xcaa96e93) ori     t4, s2, -854
core   0: 3 0x80000f38 (0xcaa96e93) x29 0xfffffcaa
core   0: 0x80000f3c (0x00500993) li      s3, 5
core   0: 3 0x80000f3c (0x00500993) x19 0x00000005
core   0: 0x80000f40 (0xeb0d7693) andi    a3, s10, -336
core   0: 3 0x80000f40 (0xeb0d7693) x13 0x00000000
core   0: 0x80000f44 (0x00500493) li      s1, 5
core   0: 3 0x80000f44 (0x00500493) x 9 0x00000005
core   0: 0x80000f48 (0x022a9833) mulh    a6, s5, sp
core   0: 3 0x80000f48 (0x022a9833) x16 0xffffffff
core   0: 0x80000f4c (0x03350033) mul     zero, a0, s3
core   0: 3 0x80000f4c (0x03350033)
core   0: 0x80000f50 (0x73576293) ori     t0, a4, 1845
core   0: 3 0x80000f50 (0x73576293) x 5 0xeb14dff7
core   0: 0x80000f54 (0x8ba14f93) xori    t6, sp, -1862
core   0: 3 0x80000f54 (0x8ba14f93) x31 0x00000745
core   0: 0x80000f58 (0x019c9e33) sll     t3, s9, s9
core   0: 3 0x80000f58 (0x019c9e33) x28 0x00000000
core   0: 0x80000f5c (0x010805b3) add     a1, a6, a6
core   0: 3 0x80000f5c (0x010805b3) x11 0xfffffffe
core   0: 0x80000f60 (0xb4842693) slti    a3, s0, -1208
core   0: 3 0x80000f60 (0xb4842693) x13 0x00000000
core   0: 0x80000f64 (0x89b48e93) addi    t4, s1, -1893
core   0: 3 0x80000f64 (0x89b48e93) x29 0xfffff8a0
core   0: 0x80000f68 (0x40ee5033) sra     zero, t3, a4
core   0: 3 0x80000f68 (0x40ee5033)
core   0: 0x80000f6c (0xffe98993) addi    s3, s3, -2
core   0: 3 0x80000f6c (0xffe98993) x19 0x00000003
core   0: 0x80000f70 (0x00c943b3) xor     t2, s2, a2
core   0: 3 0x80000f70 (0x00c943b3) x 7 0x800261da
core   0: 0x80000f74 (0x41b75693) srai    a3, a4, 27
core   0: 3 0x80000f74 (0x41b75693) x13 0xfffffffd
core   0: 0x80000f78 (0x0323b933) mulhu   s2, t2, s2
core   0: 3 0x80000f78 (0x0323b933) x18 0x00000000
core   0: 0x80000f7c (0xfc99fce3) bgeu    s3, s1, pc - 40
core   0: 3 0x80000f7c (0xfc99fce3)
core   0: 0x80000f80 (0xdf58a913) slti    s2, a7, -523
core   0: 3 0x80000f80 (0xdf58a913) x18 0x00000000
core   0: 0x80000f84 (0xf9445ee3) bge     s0, s4, pc - 100
core   0: 3 0x80000f84 (0xf9445ee3)
core   0: 0x80000f20 (0xad6d4d13) xori    s10, s10, -1322
core   0: 3 0x80000f20 (0xad6d4d13) x26 0xfffffad6
core   0: 0x80000f24 (0x2329fab7) lui     s5, 0x2329f
core   0: 3 0x80000f24 (0x2329fab7) x21 0x2329f000
core   0: 0x80000f28 (0x415f5d33) sra     s10, t5, s5
core   0: 3 0x80000f28 (0x415f5d33) x26 0x00000000
core   0: 0x80000f2c (0x01bd5c93) srli    s9, s10, 27
core   0: 3 0x80000f2c (0x01bd5c93) x25 0x00000000
core   0: 0x80000f30 (0xff640413) addi    s0, s0, -10
core   0: 3 0x80000f30 (0xff640413) x 8 0xffffffee
core   0: 0x80000f34 (0x376b0613) addi    a2, s6, 886
core   0: 3 0x80000f34 (0x376b0613) x12 0x800261da
core   0: 0x80000f38 (0xcaa96e93) ori     t4, s2, -854
core   0: 3 0x80000f38 (0xcaa96e93) x29 0xfffffcaa
core   0: 0x80000f3c (0x00500993) li      s3, 5
core   0: 3 0x80000f3c (0x00500993) x19 0x00000005
core   0: 0x80000f40 (0xeb0d7693) andi    a3, s10, -336
core   0: 3 0x80000f40 (0xeb0d7693) x13 0x00000000
core   0: 0x80000f44 (0x00500493) li      s1, 5
core   0: 3 0x80000f44 (0x00500493) x 9 0x00000005
core   0: 0x80000f48 (0x022a9833) mulh    a6, s5, sp
core   0: 3 0x80000f48 (0x022a9833) x16 0xffffffff
core   0: 0x80000f4c (0x03350033) mul     zero, a0, s3
core   0: 3 0x80000f4c (0x03350033)
core   0: 0x80000f50 (0x73576293) ori     t0, a4, 1845
core   0: 3 0x80000f50 (0x73576293) x 5 0xeb14dff7
core   0: 0x80000f54 (0x8ba14f93) xori    t6, sp, -1862
core   0: 3 0x80000f54 (0x8ba14f93) x31 0x00000745
core   0: 0x80000f58 (0x019c9e33) sll     t3, s9, s9
core   0: 3 0x80000f58 (0x019c9e33) x28 0x00000000
core   0: 0x80000f5c (0x010805b3) add     a1, a6, a6
core   0: 3 0x80000f5c (0x010805b3) x11 0xfffffffe
core   0: 0x80000f60 (0xb4842693) slti    a3, s0, -1208
core   0: 3 0x80000f60 (0xb4842693) x13 0x00000000
core   0: 0x80000f64 (0x89b48e93) addi    t4, s1, -1893
core   0: 3 0x80000f64 (0x89b48e93) x29 0xfffff8a0
core   0: 0x80000f68 (0x40ee5033) sra     zero, t3, a4
core   0: 3 0x80000f68 (0x40ee5033)
core   0: 0x80000f6c (0xffe98993) addi    s3, s3, -2
core   0: 3 0x80000f6c (0xffe98993) x19 0x00000003
core   0: 0x80000f70 (0x00c943b3) xor     t2, s2, a2
core   0: 3 0x80000f70 (0x00c943b3) x 7 0x800261da
core   0: 0x80000f74 (0x41b75693) srai    a3, a4, 27
core   0: 3 0x80000f74 (0x41b75693) x13 0xfffffffd
core   0: 0x80000f78 (0x0323b933) mulhu   s2, t2, s2
core   0: 3 0x80000f78 (0x0323b933) x18 0x00000000
core   0: 0x80000f7c (0xfc99fce3) bgeu    s3, s1, pc - 40
core   0: 3 0x80000f7c (0xfc99fce3)
core   0: 0x80000f80 (0xdf58a913) slti    s2, a7, -523
core   0: 3 0x80000f80 (0xdf58a913) x18 0x00000000
core   0: 0x80000f84 (0xf9445ee3) bge     s0, s4, pc - 100
core   0: 3 0x80000f84 (0xf9445ee3)
core   0: 0x80000f20 (0xad6d4d13) xori    s10, s10, -1322
core   0: 3 0x80000f20 (0xad6d4d13) x26 0xfffffad6
core   0: 0x80000f24 (0x2329fab7) lui     s5, 0x2329f
core   0: 3 0x80000f24 (0x2329fab7) x21 0x2329f000
core   0: 0x80000f28 (0x415f5d33) sra     s10, t5, s5
core   0: 3 0x80000f28 (0x415f5d33) x26 0x00000000
core   0: 0x80000f2c (0x01bd5c93) srli    s9, s10, 27
core   0: 3 0x80000f2c (0x01bd5c93) x25 0x00000000
core   0: 0x80000f30 (0xff640413) addi    s0, s0, -10
core   0: 3 0x80000f30 (0xff640413) x 8 0xffffffe4
core   0: 0x80000f34 (0x376b0613) addi    a2, s6, 886
core   0: 3 0x80000f34 (0x376b0613) x12 0x800261da
core   0: 0x80000f38 (0xcaa96e93) ori     t4, s2, -854
core   0: 3 0x80000f38 (0xcaa96e93) x29 0xfffffcaa
core   0: 0x80000f3c (0x00500993) li      s3, 5
core   0: 3 0x80000f3c (0x00500993) x19 0x00000005
core   0: 0x80000f40 (0xeb0d7693) andi    a3, s10, -336
core   0: 3 0x80000f40 (0xeb0d7693) x13 0x00000000
core   0: 0x80000f44 (0x00500493) li      s1, 5
core   0: 3 0x80000f44 (0x00500493) x 9 0x00000005
core   0: 0x80000f48 (0x022a9833) mulh    a6, s5, sp
core   0: 3 0x80000f48 (0x022a9833) x16 0xffffffff
core   0: 0x80000f4c (0x03350033) mul     zero, a0, s3
core   0: 3 0x80000f4c (0x03350033)
core   0: 0x80000f50 (0x73576293) ori     t0, a4, 1845
core   0: 3 0x80000f50 (0x73576293) x 5 0xeb14dff7
core   0: 0x80000f54 (0x8ba14f93) xori    t6, sp, -1862
core   0: 3 0x80000f54 (0x8ba14f93) x31 0x00000745
core   0: 0x80000f58 (0x019c9e33) sll     t3, s9, s9
core   0: 3 0x80000f58 (0x019c9e33) x28 0x00000000
core   0: 0x80000f5c (0x010805b3) add     a1, a6, a6
core   0: 3 0x80000f5c (0x010805b3) x11 0xfffffffe
core   0: 0x80000f60 (0xb4842693) slti    a3, s0, -1208
core   0: 3 0x80000f60 (0xb4842693) x13 0x00000000
core   0: 0x80000f64 (0x89b48e93) addi    t4, s1, -1893
core   0: 3 0x80000f64 (0x89b48e93) x29 0xfffff8a0
core   0: 0x80000f68 (0x40ee5033) sra     zero, t3, a4
core   0: 3 0x80000f68 (0x40ee5033)
core   0: 0x80000f6c (0xffe98993) addi    s3, s3, -2
core   0: 3 0x80000f6c (0xffe98993) x19 0x00000003
core   0: 0x80000f70 (0x00c943b3) xor     t2, s2, a2
core   0: 3 0x80000f70 (0x00c943b3) x 7 0x800261da
core   0: 0x80000f74 (0x41b75693) srai    a3, a4, 27
core   0: 3 0x80000f74 (0x41b75693) x13 0xfffffffd
core   0: 0x80000f78 (0x0323b933) mulhu   s2, t2, s2
core   0: 3 0x80000f78 (0x0323b933) x18 0x00000000
core   0: 0x80000f7c (0xfc99fce3) bgeu    s3, s1, pc - 40
core   0: 3 0x80000f7c (0xfc99fce3)
core   0: 0x80000f80 (0xdf58a913) slti    s2, a7, -523
core   0: 3 0x80000f80 (0xdf58a913) x18 0x00000000
core   0: 0x80000f84 (0xf9445ee3) bge     s0, s4, pc - 100
core   0: 3 0x80000f84 (0xf9445ee3)
core   0: 0x80000f88 (0x01b91513) slli    a0, s2, 27
core   0: 3 0x80000f88 (0x01b91513) x10 0x00000000
core   0: 0x80000f8c (0xff900193) li      gp, -7
core   0: 3 0x80000f8c (0xff900193) x 3 0xfffffff9
core   0: 0x80000f90 (0x00600113) li      sp, 6
core   0: 3 0x80000f90 (0x00600113) x 2 0x00000006
core   0: 0x80000f94 (0x0300b7b3) mulhu   a5, ra, a6
core   0: 3 0x80000f94 (0x0300b7b3) x15 0xfffffff0
core   0: 0x80000f98 (0x00618193) addi    gp, gp, 6
core   0: 3 0x80000f98 (0x00618193) x 3 0xffffffff
core   0: 0x80000f9c (0xffc00513) li      a0, -4
core   0: 3 0x80000f9c (0xffc00513) x10 0xfffffffc
core   0: 0x80000fa0 (0xfee00c13) li      s8, -18
core   0: 3 0x80000fa0 (0xfee00c13) x24 0xffffffee
core   0: 0x80000fa4 (0x025c1233) mulh    tp, s8, t0
core   0: 3 0x80000fa4 (0x025c1233) x 4 0x00000001
core   0: 0x80000fa8 (0xffe50513) addi    a0, a0, -2
core   0: 3 0x80000fa8 (0xffe50513) x10 0xfffffffa
core   0: 0x80000fac (0xff851ce3) bne     a0, s8, pc - 8
core   0: 3 0x80000fac (0xff851ce3)
core   0: 0x80000fa4 (0x025c1233) mulh    tp, s8, t0
core   0: 3 0x80000fa4 (0x025c1233) x 4 0x00000001
core   0: 0x80000fa8 (0xffe50513) addi    a0, a0, -2
core   0: 3 0x80000fa8 (0xffe50513) x10 0xfffffff8
core   0: 0x80000fac (0xff851ce3) bne     a0, s8, pc - 8
core   0: 3 0x80000fac (0xff851ce3)
core   0: 0x80000fa4 (0x025c1233) mulh    tp, s8, t0
core   0: 3 0x80000fa4 (0x025c1233) x 4 0x00000001
core   0: 0x80000fa8 (0xffe50513) addi    a0, a0, -2
core   0: 3 0x80000fa8 (0xffe50513) x10 0xfffffff6
core   0: 0x80000fac (0xff851ce3) bne     a0, s8, pc - 8
core   0: 3 0x80000fac (0xff851ce3)
core   0: 0x80000fa4 (0x025c1233) mulh    tp, s8, t0
core   0: 3 0x80000fa4 (0x025c1233) x 4 0x00000001
core   0: 0x80000fa8 (0xffe50513) addi    a0, a0, -2
core   0: 3 0x80000fa8 (0xffe50513) x10 0xfffffff4
core   0: 0x80000fac (0xff851ce3) bne     a0, s8, pc - 8
core   0: 3 0x80000fac (0xff851ce3)
core   0: 0x80000fa4 (0x025c1233) mulh    tp, s8, t0
core   0: 3 0x80000fa4 (0x025c1233) x 4 0x00000001
core   0: 0x80000fa8 (0xffe50513) addi    a0, a0, -2
core   0: 3 0x80000fa8 (0xffe50513) x10 0xfffffff2
core   0: 0x80000fac (0xff851ce3) bne     a0, s8, pc - 8
core   0: 3 0x80000fac (0xff851ce3)
core   0: 0x80000fa4 (0x025c1233) mulh    tp, s8, t0
core   0: 3 0x80000fa4 (0x025c1233) x 4 0x00000001
core   0: 0x80000fa8 (0xffe50513) addi    a0, a0, -2
core   0: 3 0x80000fa8 (0xffe50513) x10 0xfffffff0
core   0: 0x80000fac (0xff851ce3) bne     a0, s8, pc - 8
core   0: 3 0x80000fac (0xff851ce3)
core   0: 0x80000fa4 (0x025c1233) mulh    tp, s8, t0
core   0: 3 0x80000fa4 (0x025c1233) x 4 0x00000001
core   0: 0x80000fa8 (0xffe50513) addi    a0, a0, -2
core   0: 3 0x80000fa8 (0xffe50513) x10 0xffffffee
core   0: 0x80000fac (0xff851ce3) bne     a0, s8, pc - 8
core   0: 3 0x80000fac (0xff851ce3)
core   0: 0x80000fb0 (0xfe21e2e3) bltu    gp, sp, pc - 28
core   0: 3 0x80000fb0 (0xfe21e2e3)
core   0: 0x80000fb4 (0x018c23b3) slt     t2, s8, s8
core   0: 3 0x80000fb4 (0x018c23b3) x 7 0x00000000
core   0: 0x80000fb8 (0xc7a46993) ori     s3, s0, -902
core   0: 3 0x80000fb8 (0xc7a46993) x19 0xfffffffe
core   0: 0x80000fbc (0x02764063) blt     a2, t2, pc + 32
core   0: 3 0x80000fbc (0x02764063)
core   0: 0x80000fdc (0x00000013) nop
core   0: 3 0x80000fdc (0x00000013)
core   0: 0x80000fe0 (0x01485133) srl     sp, a6, s4
core   0: 3 0x80000fe0 (0x01485133) x 2 0x0007ffff
core   0: 0x80000fe4 (0x02645433) divu    s0, s0, t1
core   0: 3 0x80000fe4 (0x02645433) x 8 0xffffffff
core   0: 0x80000fe8 (0x59b02f13) slti    t5, zero, 1435
core   0: 3 0x80000fe8 (0x59b02f13) x30 0x00000001
core   0: 0x80000fec (0x026d0e63) beq     s10, t1, pc + 60
core   0: 3 0x80000fec (0x026d0e63)
core   0: 0x80001028 (0xc75b2513) slti    a0, s6, -907
core   0: 3 0x80001028 (0xc75b2513) x10 0x00000001
core   0: 0x8000102c (0x00000013) nop
core   0: 3 0x8000102c (0x00000013)
core   0: 0x80001030 (0xd46ebc13) sltiu   s8, t4, -698
core   0: 3 0x80001030 (0xd46ebc13) x24 0x00000001
core   0: 0x80001034 (0x030f2fb3) mulhsu  t6, t5, a6
core   0: 3 0x80001034 (0x030f2fb3) x31 0x00000000
core   0: 0x80001038 (0x00600593) li      a1, 6
core   0: 3 0x80001038 (0x00600593) x11 0x00000006
core   0: 0x8000103c (0x001a53b3) srl     t2, s4, ra
core   0: 3 0x8000103c (0x001a53b3) x 7 0x00007fff
core   0: 0x80001040 (0x00f06633) or      a2, zero, a5
core   0: 3 0x80001040 (0x00f06633) x12 0xfffffff0
core   0: 0x80001044 (0x00500e13) li      t3, 5
core   0: 3 0x80001044 (0x00500e13) x28 0x00000005
core   0: 0x80001048 (0x034f0bb3) mul     s7, t5, s4
core   0: 3 0x80001048 (0x034f0bb3) x23 0xffffffed
core   0: 0x8000104c (0x035287b3) mul     a5, t0, s5
core   0: 3 0x8000104c (0x035287b3) x15 0x35869000
core   0: 0x80001050 (0x02ffef33) rem     t5, t6, a5
core   0: 3 0x80001050 (0x02ffef33) x30 0x00000000
core   0: 0x80001054 (0x03530933) mul     s2, t1, s5
core   0: 3 0x80001054 (0x03530933) x18 0x00000000
core   0: 0x80001058 (0x4123d613) srai    a2, t2, 18
core   0: 3 0x80001058 (0x4123d613) x12 0x00000000
core   0: 0x8000105c (0x022c96b3) mulh    a3, s9, sp
core   0: 3 0x8000105c (0x022c96b3) x13 0x00000000
core   0: 0x80001060 (0xc0e8a913) slti    s2, a7, -1010
core   0: 3 0x80001060 (0xc0e8a913) x18 0x00000000
core   0: 0x80001064 (0x0190c6b3) xor     a3, ra, s9
core   0: 3 0x80001064 (0x0190c6b3) x13 0xfffffff1
core   0: 0x80001068 (0x0293a2b3) mulhsu  t0, t2, s1
core   0: 3 0x80001068 (0x0293a2b3) x 5 0x00000000
core   0: 0x8000106c (0xf6c70d13) addi    s10, a4, -148
core   0: 3 0x8000106c (0xf6c70d13) x26 0xeb14da52
core   0: 0x80001070 (0xffd58593) addi    a1, a1, -3
core   0: 3 0x80001070 (0xffd58593) x11 0x00000003
core   0: 0x80001074 (0xffb00413) li      s0, -5
core   0: 3 0x80001074 (0xffb00413) x 8 0xfffffffb
core   0: 0x80001078 (0x03ebbcb3) mulhu   s9, s7, t5
core   0: 3 0x80001078 (0x03ebbcb3) x25 0x00000000
core   0: 0x8000107c (0x01274533) xor     a0, a4, s2
core   0: 3 0x8000107c (0x01274533) x10 0xeb14dae6
core   0: 0x80001080 (0x73663f13) sltiu   t5, a2, 1846
core   0: 3 0x80001080 (0x73663f13) x30 0x00000001
core   0: 0x80001084 (0x24432913) slti    s2, t1, 580
core   0: 3 0x80001084 (0x24432913) x18 0x00000001
core   0: 0x80001088 (0x8ba94193) xori    gp, s2, -1862
core   0: 3 0x80001088 (0x8ba94193) x 3 0xfffff8bb
core   0: 0x8000108c (0xff800e93) li      t4, -8
core   0: 3 0x8000108c (0xff800e93) x29 0xfffffff8
core   0: 0x80001090 (0x00000013) nop
core   0: 3 0x80001090 (0x00000013)
core   0: 0x80001094 (0x0055a633) slt     a2, a1, t0
core   0: 3 0x80001094 (0x0055a633) x12 0x00000000
core   0: 0x80001098 (0xffd40413) addi    s0, s0, -3
core   0: 3 0x80001098 (0xffd40413) x 8 0xfffffff8
core   0: 0x8000109c (0x0356f933) remu    s2, a3, s5
core   0: 3 0x8000109c (0x0356f933) x18 0x09da6ff1
core   0: 0x800010a0 (0x45aadf97) auipc   t6, 0x45aad
core   0: 3 0x800010a0 (0x45aadf97) x31 0xc5aae0a0
core   0: 0x800010a4 (0x41445c93) srai    s9, s0, 20
core   0: 3 0x800010a4 (0x41445c93) x25 0xffffffff
core   0: 0x800010a8 (0xffd406e3) beq     s0, t4, pc - 20
core   0: 3 0x800010a8 (0xffd406e3)
core   0: 0x80001094 (0x0055a633) slt     a2, a1, t0
core   0: 3 0x80001094 (0x0055a633) x12 0x00000000
core   0: 0x80001098 (0xffd40413) addi    s0, s0, -3
core   0: 3 0x80001098 (0xffd40413) x 8 0xfffffff5
core   0: 0x8000109c (0x0356f933) remu    s2, a3, s5
core   0: 3 0x8000109c (0x0356f933) x18 0x09da6ff1
core   0: 0x800010a0 (0x45aadf97) auipc   t6, 0x45aad
core   0: 3 0x800010a0 (0x45aadf97) x31 0xc5aae0a0
core   0: 0x800010a4 (0x41445c93) srai    s9, s0, 20
core   0: 3 0x800010a4 (0x41445c93) x25 0xffffffff
core   0: 0x800010a8 (0xffd406e3) beq     s0, t4, pc - 20
core   0: 3 0x800010a8 (0xffd406e3)
core   0: 0x800010ac (0xfbc5f0e3) bgeu    a1, t3, pc - 96
core   0: 3 0x800010ac (0xfbc5f0e3)
core   0: 0x800010b0 (0x00324533) xor     a0, tp, gp
core   0: 3 0x800010b0 (0x00324533) x10 0xfffff8ba
core   0: 0x800010b4 (0x02514633) div     a2, sp, t0
core   0: 3 0x800010b4 (0x02514633) x12 0xffffffff
core   0: 0x800010b8 (0x04328463) beq     t0, gp, pc + 72
core   0: 3 0x800010b8 (0x04328463)
core   0: 0x800010bc (0x6b623c93) sltiu   s9, tp, 1718
core   0: 3 0x800010bc (0x6b623c93) x25 0x00000001
core   0: 0x800010c0 (0x0a74cb93) xori    s7, s1, 167
core   0: 3 0x800010c0 (0x0a74cb93) x23 0x000000a2
core   0: 0x800010c4 (0x00c03d33) snez    s10, a2
core   0: 3 0x800010c4 (0x00c03d33) x26 0x00000001
core   0: 0x800010c8 (0x05ffe463) bltu    t6, t6, pc + 72
core   0: 3 0x800010c8 (0x05ffe463)
core   0: 0x800010cc (0x00000013) nop
core   0: 3 0x800010cc (0x00000013)
core   0: 0x800010d0 (0x021fdcb3) divu    s9, t6, ra
core   0: 3 0x800010d0 (0x021fdcb3) x25 0x00000000
core   0: 0x800010d4 (0xfff00513) li      a0, -1
core   0: 3 0x800010d4 (0xfff00513) x10 0xffffffff
core   0: 0x800010d8 (0x00500093) li      ra, 5
core   0: 3 0x800010d8 (0x00500093) x 1 0x00000005
core   0: 0x800010dc (0x01098433) add     s0, s3, a6
core   0: 3 0x800010dc (0x01098433) x 8 0xfffffffd
core   0: 0x800010e0 (0x00350513) addi    a0, a0, 3
core   0: 3 0x800010e0 (0x00350513) x10 0x00000002
core   0: 0x800010e4 (0xfe151ce3) bne     a0, ra, pc - 8
core   0: 3 0x800010e4 (0xfe151ce3)
core   0: 0x800010dc (0x01098433) add     s0, s3, a6
core   0: 3 0x800010dc (0x01098433) x 8 0xfffffffd
core   0: 0x800010e0 (0x00350513) addi    a0, a0, 3
core   0: 3 0x800010e0 (0x00350513) x10 0x00000005
core   0: 0x800010e4 (0xfe151ce3) bne     a0, ra, pc - 8
core   0: 3 0x800010e4 (0xfe151ce3)
core   0: 0x800010e8 (0x6f238c93) addi    s9, t2, 1778
core   0: 3 0x800010e8 (0x6f238c93) x25 0x000086f1
core   0: 0x800010ec (0x01bb1393) slli    t2, s6, 27
core   0: 3 0x800010ec (0x01bb1393) x 7 0x20000000
core   0: 0x800010f0 (0x0214d463) bge     s1, ra, pc + 40
core   0: 3 0x800010f0 (0x0214d463)
core   0: 0x80001118 (0x144c6313) ori     t1, s8, 324
core   0: 3 0x80001118 (0x144c6313) x 6 0x00000145
core   0: 0x8000111c (0x024cb133) mulhu   sp, s9, tp
core   0: 3 0x8000111c (0x024cb133) x 2 0x00000000
core   0: 0x80001120 (0x00d28433) add     s0, t0, a3
core   0: 3 0x80001120 (0x00d28433) x 8 0xfffffff1
core   0: 0x80001124 (0x00700613) li      a2, 7
core   0: 3 0x80001124 (0x00700613) x12 0x00000007
core   0: 0x80001128 (0x03eed2b3) divu    t0, t4, t5
core   0: 3 0x80001128 (0x03eed2b3) x 5 0xfffffff8
core   0: 0x8000112c (0x014258b3) srl     a7, tp, s4
core   0: 3 0x8000112c (0x014258b3) x17 0x00000000
core   0: 0x80001130 (0x0282bfb3) mulhu   t6, t0, s0
core   0: 3 0x80001130 (0x0282bfb3) x31 0xffffffe9
core   0: 0x80001134 (0x01079193) slli    gp, a5, 16
core   0: 3 0x80001134 (0x01079193) x 3 0x90000000
core   0: 0x80001138 (0x022215b3) mulh    a1, tp, sp
core   0: 3 0x80001138 (0x022215b3) x11 0x00000000
core   0: 0x8000113c (0x00af5433) srl     s0, t5, a0
core   0: 3 0x8000113c (0x00af5433) x 8 0x00000000
core   0: 0x80001140 (0x01100313) li      t1, 17
core   0: 3 0x80001140 (0x01100313) x 6 0x00000011
core   0: 0x80001144 (0x00000013) nop
core   0: 3 0x80001144 (0x00000013)
core   0: 0x80001148 (0xb12aee93) ori     t4, s5, -1262
core   0: 3 0x80001148 (0xb12aee93) x29 0xfffffb12
core   0: 0x8000114c (0x00760613) addi    a2, a2, 7
core   0: 3 0x8000114c (0x00760613) x12 0x0000000e
core   0: 0x80001150 (0x00055233) srl     tp, a0, zero
core   0: 3 0x80001150 (0x00055233) x 4 0x00000005
core   0: 0x80001154 (0x017bd793) srli    a5, s7, 23
core   0: 3 0x80001154 (0x017bd793) x15 0x00000000
core   0: 0x80001158 (0x0086aa33) slt     s4, a3, s0
core   0: 3 0x80001158 (0x0086aa33) x20 0x00000001
core   0: 0x8000115c (0x00f88933) add     s2, a7, a5
core   0: 3 0x8000115c (0x00f88933) x18 0x00000000
core   0: 0x80001160 (0x496b2193) slti    gp, s6, 1174
core   0: 3 0x80001160 (0x496b2193) x 3 0x00000001
core   0: 0x80001164 (0x00000013) nop
core   0: 3 0x80001164 (0x00000013)
core   0: 0x80001168 (0x010ddf13) srli    t5, s11, 16
core   0: 3 0x80001168 (0x010ddf13) x30 0x00008002
core   0: 0x8000116c (0x57270c93) addi    s9, a4, 1394
core   0: 3 0x8000116c (0x57270c93) x25 0xeb14e058
core   0: 0x80001170 (0x01902533) slt     a0, zero, s9
core   0: 3 0x80001170 (0x01902533) x10 0x00000000
core   0: 0x80001174 (0x8a1ed2b7) lui     t0, 0x8a1ed
core   0: 3 0x80001174 (0x8a1ed2b7) x 5 0x8a1ed000
core   0: 0x80001178 (0x41bb5ab3) sra     s5, s6, s11
core   0: 3 0x80001178 (0x41bb5ab3) x21 0xf80025e6
core   0: 0x8000117c (0x75cf6793) ori     a5, t5, 1884
core   0: 3 0x8000117c (0x75cf6793) x15 0x0000875e
core   0: 0x80001180 (0x038c76b3) remu    a3, s8, s8
core   0: 3 0x80001180 (0x038c76b3) x13 0x00000000
core   0: 0x80001184 (0x019fd433) srl     s0, t6, s9
core   0: 3 0x80001184 (0x019fd433) x 8 0x000000ff
core   0: 0x80001188 (0x28d86f13) ori     t5, a6, 653
core   0: 3 0x80001188 (0x28d86f13) x30 0xffffffff
core   0: 0x8000118c (0x50296793) ori     a5, s2, 1282
core   0: 3 0x8000118c (0x50296793) x15 0x00000502
core   0: 0x80001190 (0xe5ef1fb7) lui     t6, 0xe5ef1
core   0: 3 0x80001190 (0xe5ef1fb7) x31 0xe5ef1000
core   0: 0x80001194 (0xfa664ae3) blt     a2, t1, pc - 76
core   0: 3 0x80001194 (0xfa664ae3)
core   0: 0x80001148 (0xb12aee93) ori     t4, s5, -1262
core   0: 3 0x80001148 (0xb12aee93) x29 0xfffffff6
core   0: 0x8000114c (0x00760613) addi    a2, a2, 7
core   0: 3 0x8000114c (0x00760613) x12 0x00000015
core   0: 0x80001150 (0x00055233) srl     tp, a0, zero
core   0: 3 0x80001150 (0x00055233) x 4 0x00000000
core   0: 0x80001154 (0x017bd793) srli    a5, s7, 23
core   0: 3 0x80001154 (0x017bd793) x15 0x00000000
core   0: 0x80001158 (0x0086aa33) slt     s4, a3, s0
core   0: 3 0x80001158 (0x0086aa33) x20 0x00000001
core   0: 0x8000115c (0x00f88933) add     s2, a7, a5
core   0: 3 0x8000115c (0x00f88933) x18 0x00000000
core   0: 0x80001160 (0x496b2193) slti    gp, s6, 1174
core   0: 3 0x80001160 (0x496b2193) x 3 0x00000001
core   0: 0x80001164 (0x00000013) nop
core   0: 3 0x80001164 (0x00000013)
core   0: 0x80001168 (0x010ddf13) srli    t5, s11, 16
core   0: 3 0x80001168 (0x010ddf13) x30 0x00008002
core   0: 0x8000116c (0x57270c93) addi    s9, a4, 1394
core   0: 3 0x8000116c (0x57270c93) x25 0xeb14e058
core   0: 0x80001170 (0x01902533) slt     a0, zero, s9
core   0: 3 0x80001170 (0x01902533) x10 0x00000000
core   0: 0x80001174 (0x8a1ed2b7) lui     t0, 0x8a1ed
core   0: 3 0x80001174 (0x8a1ed2b7) x 5 0x8a1ed000
core   0: 0x80001178 (0x41bb5ab3) sra     s5, s6, s11
core   0: 3 0x80001178 (0x41bb5ab3) x21 0xf80025e6
core   0: 0x8000117c (0x75cf6793) ori     a5, t5, 1884
core   0: 3 0x8000117c (0x75cf6793) x15 0x0000875e
core   0: 0x80001180 (0x038c76b3) remu    a3, s8, s8
core   0: 3 0x80001180 (0x038c76b3) x13 0x00000000
core   0: 0x80001184 (0x019fd433) srl     s0, t6, s9
core   0: 3 0x80001184 (0x019fd433) x 8 0x000000e5
core   0: 0x80001188 (0x28d86f13) ori     t5, a6, 653
core   0: 3 0x80001188 (0x28d86f13) x30 0xffffffff
core   0: 0x8000118c (0x50296793) ori     a5, s2, 1282
core   0: 3 0x8000118c (0x50296793) x15 0x00000502
core   0: 0x80001190 (0xe5ef1fb7) lui     t6, 0xe5ef1
core   0: 3 0x80001190 (0xe5ef1fb7) x31 0xe5ef1000
core   0: 0x80001194 (0xfa664ae3) blt     a2, t1, pc - 76
core   0: 3 0x80001194 (0xfa664ae3)
core   0: 0x80001198 (0x01c5f7b3) and     a5, a1, t3
core   0: 3 0x80001198 (0x01c5f7b3) x15 0x00000000
core   0: 0x8000119c (0xee2fc693) xori    a3, t6, -286
core   0: 3 0x8000119c (0xee2fc693) x13 0x1a10eee2
core   0: 0x800011a0 (0x001f1663) bne     t5, ra, pc + 12
core   0: 3 0x800011a0 (0x001f1663)
core   0: 0x800011ac (0x031add33) divu    s10, s5, a7
core   0: 3 0x800011ac (0x031add33) x26 0xffffffff
core   0: 0x800011b0 (0xf6823993) sltiu   s3, tp, -152
core   0: 3 0x800011b0 (0xf6823993) x19 0x00000001
core   0: 0x800011b4 (0x02560c63) beq     a2, t0, pc + 56
core   0: 3 0x800011b4 (0x02560c63)
core   0: 0x800011b8 (0xa8273093) sltiu   ra, a4, -1406
core   0: 3 0x800011b8 (0xa8273093) x 1 0x00000001
core   0: 0x800011bc (0x4085de13) srai    t3, a1, 8
core   0: 3 0x800011bc (0x4085de13) x28 0x00000000
core   0: 0x800011c0 (0x01adc533) xor     a0, s11, s10
core   0: 3 0x800011c0 (0x01adc533) x10 0x7ffd631b
core   0: 0x800011c4 (0x407955b3) sra     a1, s2, t2
core   0: 3 0x800011c4 (0x407955b3) x11 0x00000000
core   0: 0x800011c8 (0x545e4517) auipc   a0, 0x545e4
core   0: 3 0x800011c8 (0x545e4517) x10 0xd45e51c8
core   0: 0x800011cc (0x98fef193) andi    gp, t4, -1649
core   0: 3 0x800011cc (0x98fef193) x 3 0xfffff986
core   0: 0x800011d0 (0x01ffa633) slt     a2, t6, t6
core   0: 3 0x800011d0 (0x01ffa633) x12 0x00000000
core   0: 0x800011d4 (0x02aedf33) divu    t5, t4, a0
core   0: 3 0x800011d4 (0x02aedf33) x30 0x00000001
core   0: 0x800011d8 (0x009c09b3) add     s3, s8, s1
core   0: 3 0x800011d8 (0x009c09b3) x19 0x00000006
core   0: 0x800011dc (0x00000013) nop
core   0: 3 0x800011dc (0x00000013)
core   0: 0x800011e0 (0x03436a63) bltu    t1, s4, pc + 52
core   0: 3 0x800011e0 (0x03436a63)
core   0: 0x800011e4 (0x029f4433) div     s0, t5, s1
core   0: 3 0x800011e4 (0x029f4433) x 8 0x00000000
core   0: 0x800011e8 (0x033d5cb3) divu    s9, s10, s3
core   0: 3 0x800011e8 (0x033d5cb3) x25 0x2aaaaaaa
core   0: 0x800011ec (0x00572d33) slt     s10, a4, t0
core   0: 3 0x800011ec (0x00572d33) x26 0x00000000
core   0: 0x800011f0 (0x0159f7b3) and     a5, s3, s5
core   0: 3 0x800011f0 (0x0159f7b3) x15 0x00000006
core   0: 0x800011f4 (0x99a58813) addi    a6, a1, -1638
core   0: 3 0x800011f4 (0x99a58813) x16 0xfffff99a
core   0: 0x800011f8 (0x00000013) nop
core   0: 3 0x800011f8 (0x00000013)
core   0: 0x800011fc (0x02a1e633) rem     a2, gp, a0
core   0: 3 0x800011fc (0x02a1e633) x12 0xfffff986
core   0: 0x80001200 (0x405308b3) sub     a7, t1, t0
core   0: 3 0x80001200 (0x405308b3) x17 0x75e13011
core   0: 0x80001204 (0x051b7263) bgeu    s6, a7, pc + 68
core   0: 3 0x80001204 (0x051b7263)
core   0: 0x80001248 (0x02ff1933) mulh    s2, t5, a5
core   0: 3 0x80001248 (0x02ff1933) x18 0x00000000
core   0: 0x8000124c (0xda9b7613) andi    a2, s6, -599
core   0: 3 0x8000124c (0xda9b7613) x12 0x80025c20
core   0: 0x80001250 (0x00a20463) beq     tp, a0, pc + 8
core   0: 3 0x80001250 (0x00a20463)
core   0: 0x80001254 (0x011a2933) slt     s2, s4, a7
core   0: 3 0x80001254 (0x011a2933) x18 0x00000001
core   0: 0x80001258 (0x1fa08513) addi    a0, ra, 506
core   0: 3 0x80001258 (0x1fa08513) x10 0x000001fb
core   0: 0x8000125c (0x006d5f33) srl     t5, s10, t1
core   0: 3 0x8000125c (0x006d5f33) x30 0x00000000
core   0: 0x80001260 (0x013f9913) slli    s2, t6, 19
core   0: 3 0x80001260 (0x013f9913) x18 0x80000000
core   0: 0x80001264 (0x00f91493) slli    s1, s2, 15
core   0: 3 0x80001264 (0x00f91493) x 9 0x00000000
core   0: 0x80001268 (0x4126dd13) srai    s10, a3, 18
core   0: 3 0x80001268 (0x4126dd13) x26 0x00000684
core   0: 0x8000126c (0x03129063) bne     t0, a7, pc + 32
core   0: 3 0x8000126c (0x03129063)
core   0: 0x8000128c (0x41d35eb3) sra     t4, t1, t4
core   0: 3 0x8000128c (0x41d35eb3) x29 0x00000000
core   0: 0x80001290 (0x7130c413) xori    s0, ra, 1811
core   0: 3 0x80001290 (0x7130c413) x 8 0x00000712
core   0: 0x80001294 (0x020f84b3) mul     s1, t6, zero
core   0: 3 0x80001294 (0x020f84b3) x 9 0x00000000
core   0: 0x80001298 (0x3440d337) lui     t1, 0x3440d
core   0: 3 0x80001298 (0x3440d337) x 6 0x3440d000
core   0: 0x8000129c (0x00000013) nop
core   0: 3 0x8000129c (0x00000013)
core   0: 0x800012a0 (0x59776c93) ori     s9, a4, 1431
core   0: 3 0x800012a0 (0x59776c93) x25 0xeb14dff7
core   0: 0x800012a4 (0x41d5d213) srai    tp, a1, 29
core   0: 3 0x800012a4 (0x41d5d213) x 4 0x00000000
core   0: 0x800012a8 (0x01b0c233) xor     tp, ra, s11
core   0: 3 0x800012a8 (0x01b0c233) x 4 0x80029ce5
core   0: 0x800012ac (0x3d84a493) slti    s1, s1, 984
core   0: 3 0x800012ac (0x3d84a493) x 9 0x00000001
core   0: 0x800012b0 (0xf0558693) addi    a3, a1, -251
core   0: 3 0x800012b0 (0xf0558693) x13 0xffffff05
core   0: 0x800012b4 (0x04468663) beq     a3, tp, pc + 76
core   0: 3 0x800012b4 (0x04468663)
core   0: 0x800012b8 (0x031d8663) beq     s11, a7, pc + 44
core   0: 3 0x800012b8 (0x031d8663)
core   0: 0x800012bc (0x0007b333) sltu    t1, a5, zero
core   0: 3 0x800012bc (0x0007b333) x 6 0x00000000
core   0: 0x800012c0 (0x00000013) nop
core   0: 3 0x800012c0 (0x00000013)
core   0: 0x800012c4 (0x01d4c2b3) xor     t0, s1, t4
core   0: 3 0x800012c4 (0x01d4c2b3) x 5 0x00000001
core   0: 0x800012c8 (0x41da5c33) sra     s8, s4, t4
core   0: 3 0x800012c8 (0x41da5c33) x24 0x00000001
core   0: 0x800012cc (0x6c786413) ori     s0, a6, 1735
core   0: 3 0x800012cc (0x6c786413) x 8 0xffffffdf
core   0: 0x800012d0 (0xcb83a593) slti    a1, t2, -840
core   0: 3 0x800012d0 (0xcb83a593) x11 0x00000000
core   0: 0x800012d4 (0x41f45c93) srai    s9, s0, 31
core   0: 3 0x800012d4 (0x41f45c93) x25 0xffffffff
core   0: 0x800012d8 (0x027510b3) mulh    ra, a0, t2
core   0: 3 0x800012d8 (0x027510b3) x 1 0x0000003f
core   0: 0x800012dc (0x0248b0b3) mulhu   ra, a7, tp
core   0: 3 0x800012dc (0x0248b0b3) x 1 0x3af1cc09
core   0: 0x800012e0 (0x88913e13) sltiu   t3, sp, -1911
core   0: 3 0x800012e0 (0x88913e13) x28 0x00000001
core   0: 0x800012e4 (0x0025d693) srli    a3, a1, 2
core   0: 3 0x800012e4 (0x0025d693) x13 0x00000000
core   0: 0x800012e8 (0x01576233) or      tp, a4, s5
core   0: 3 0x800012e8 (0x01576233) x 4 0xfb14ffe6
core   0: 0x800012ec (0x4bbbc593) xori    a1, s7, 1211
core   0: 3 0x800012ec (0x4bbbc593) x11 0x00000419
core   0: 0x800012f0 (0x021c8a63) beq     s9, ra, pc + 52
core   0: 3 0x800012f0 (0x021c8a63)
core   0: 0x800012f4 (0x03b9e533) rem     a0, s3, s11
core   0: 3 0x800012f4 (0x03b9e533) x10 0x00000006
core   0: 0x800012f8 (0x41ce0d33) sub     s10, t3, t3
core   0: 3 0x800012f8 (0x41ce0d33) x26 0x00000000
core   0: 0x800012fc (0x051be913) ori     s2, s7, 81
core   0: 3 0x800012fc (0x051be913) x18 0x000000f3
core   0: 0x80001300 (0x002ef133) and     sp, t4, sp
core   0: 3 0x80001300 (0x002ef133) x 2 0x00000000
core   0: 0x80001304 (0x039d8463) beq     s11, s9, pc + 40
core   0: 3 0x80001304 (0x039d8463)
core   0: 0x80001308 (0x402dd2b3) sra     t0, s11, sp
core   0: 3 0x80001308 (0x402dd2b3) x 5 0x80029ce4
core   0: 0x8000130c (0x401389b3) sub     s3, t2, ra
core   0: 3 0x8000130c (0x401389b3) x19 0xe50e33f7
core   0: 0x80001310 (0x40a457b3) sra     a5, s0, a0
core   0: 3 0x80001310 (0x40a457b3) x15 0xffffffff
core   0: 0x80001314 (0x01bba9b3) slt     s3, s7, s11
core   0: 3 0x80001314 (0x01bba9b3) x19 0x00000000
core   0: 0x80001318 (0x00270e63) beq     a4, sp, pc + 28
core   0: 3 0x80001318 (0x00270e63)
core   0: 0x8000131c (0x00000013) nop
core   0: 3 0x8000131c (0x00000013)
core   0: 0x80001320 (0x22a9b193) sltiu   gp, s3, 554
core   0: 3 0x80001320 (0x22a9b193) x 3 0x00000001
core   0: 0x80001324 (0xab21e313) ori     t1, gp, -1358
core   0: 3 0x80001324 (0xab21e313) x 6 0xfffffab3
core   0: 0x80001328 (0x03247463) bgeu    s0, s2, pc + 40
core   0: 3 0x80001328 (0x03247463)
core   0: 0x80001350 (0x0176ee63) bltu    a3, s7, pc + 28
core   0: 3 0x80001350 (0x0176ee63)
core   0: 0x8000136c (0xefd70893) addi    a7, a4, -259
core   0: 3 0x8000136c (0xefd70893) x17 0xeb14d9e3
core   0: 0x80001370 (0x003bec63) bltu    s7, gp, pc + 24
core   0: 3 0x80001370 (0x003bec63)
core   0: 0x80001374 (0x01661893) slli    a7, a2, 22
core   0: 3 0x80001374 (0x01661893) x17 0x08000000
core   0: 0x80001378 (0x01589133) sll     sp, a7, s5
core   0: 3 0x80001378 (0x01589133) x 2 0x00000000
core   0: 0x8000137c (0x00000013) nop
core   0: 3 0x8000137c (0x00000013)
core   0: 0x80001380 (0x024a0e33) mul     t3, s4, tp
core   0: 3 0x80001380 (0x024a0e33) x28 0xfb14ffe6
core   0: 0x80001384 (0x053b7263) bgeu    s6, s3, pc + 68
core   0: 3 0x80001384 (0x053b7263)
core   0: 0x800013c8 (0x5176f513) andi    a0, a3, 1303
core   0: 3 0x800013c8 (0x5176f513) x10 0x00000000
core   0: 0x800013cc (0x4790bf13) sltiu   t5, ra, 1145
core   0: 3 0x800013cc (0x4790bf13) x30 0x00000000
core   0: 0x800013d0 (0x03a8d0b3) divu    ra, a7, s10
core   0: 3 0x800013d0 (0x03a8d0b3) x 1 0xffffffff
core   0: 0x800013d4 (0x005d1463) bne     s10, t0, pc + 8
core   0: 3 0x800013d4 (0x005d1463)
core   0: 0x800013dc (0x037c8f33) mul     t5, s9, s7
core   0: 3 0x800013dc (0x037c8f33) x30 0xffffff5e
core   0: 0x800013e0 (0xb0e3c113) xori    sp, t2, -1266
core   0: 3 0x800013e0 (0xb0e3c113) x 2 0xdffffb0e
core   0: 0x800013e4 (0x013a08b3) add     a7, s4, s3
core   0: 3 0x800013e4 (0x013a08b3) x17 0x00000001
core   0: 0x800013e8 (0x00e95c63) bge     s2, a4, pc + 24
core   0: 3 0x800013e8 (0x00e95c63)
core   0: 0x80001400 (0x41fb8433) sub     s0, s7, t6
core   0: 3 0x80001400 (0x41fb8433) x 8 0x1a10f0a2
core   0: 0x80001404 (0x026759b3) divu    s3, a4, t1
core   0: 3 0x80001404 (0x026759b3) x19 0x00000000
core   0: 0x80001408 (0x03055833) divu    a6, a0, a6
core   0: 3 0x80001408 (0x03055833) x16 0x00000000
core   0: 0x8000140c (0x030d45b3) div     a1, s10, a6
core   0: 3 0x8000140c (0x030d45b3) x11 0xffffffff
core   0: 0x80001410 (0x03684663) blt     a6, s6, pc + 44
core   0: 3 0x80001410 (0x03684663)
core   0: 0x80001414 (0x04bbe463) bltu    s7, a1, pc + 72
core   0: 3 0x80001414 (0x04bbe463)
core   0: 0x8000145c (0x02641ab3) mulh    s5, s0, t1
core   0: 3 0x8000145c (0x02641ab3) x21 0xffffff75
core   0: 0x80001460 (0xbc224f13) xori    t5, tp, -1086
core   0: 3 0x80001460 (0xbc224f13) x30 0x04eb0424
core   0: 0x80001464 (0x00000013) nop
core   0: 3 0x80001464 (0x00000013)
core   0: 0x80001468 (0xa340b113) sltiu   sp, ra, -1484
core   0: 3 0x80001468 (0xa340b113) x 2 0x00000000
core   0: 0x8000146c (0x40b151b3) sra     gp, sp, a1
core   0: 3 0x8000146c (0x40b151b3) x 3 0x00000000
core   0: 0x80001470 (0x0353b1b3) mulhu   gp, t2, s5
core   0: 3 0x80001470 (0x0353b1b3) x 3 0x1fffffee
core   0: 0x80001474 (0x8f04c997) auipc   s3, 0x8f04c
core   0: 3 0x80001474 (0x8f04c997) x19 0x0f04d474
core   0: 0x80001478 (0x009c9e63) bne     s9, s1, pc + 28
core   0: 3 0x80001478 (0x009c9e63)
core   0: 0x80001494 (0x01f34e63) blt     t1, t6, pc + 28
core   0: 3 0x80001494 (0x01f34e63)
core   0: 0x80001498 (0x00791fb3) sll     t6, s2, t2
core   0: 3 0x80001498 (0x00791fb3) x31 0x000000f3
core   0: 0x8000149c (0x01f46863) bltu    s0, t6, pc + 16
core   0: 3 0x8000149c (0x01f46863)
core   0: 0x800014a0 (0xf8af4f93) xori    t6, t5, -118
core   0: 3 0x800014a0 (0xf8af4f93) x31 0xfb14fbae
core   0: 0x800014a4 (0x00b3c9b3) xor     s3, t2, a1
core   0: 3 0x800014a4 (0x00b3c9b3) x19 0xdfffffff
core   0: 0x800014a8 (0x6339e493) ori     s1, s3, 1587
core   0: 3 0x800014a8 (0x6339e493) x 9 0xdfffffff
core   0: 0x800014ac (0x05e0f063) bgeu    ra, t5, pc + 64
core   0: 3 0x800014ac (0x05e0f063)
core   0: 0x800014ec (0x0276a3b3) mulhsu  t2, a3, t2
core   0: 3 0x800014ec (0x0276a3b3) x 7 0x00000000
core   0: 0x800014f0 (0x01f05e13) srli    t3, zero, 31
core   0: 3 0x800014f0 (0x01f05e13) x28 0x00000000
core   0: 0x800014f4 (0x02bf7833) remu    a6, t5, a1
core   0: 3 0x800014f4 (0x02bf7833) x16 0x04eb0424
core   0: 0x800014f8 (0x00a1ee33) or      t3, gp, a0
core   0: 3 0x800014f8 (0x00a1ee33) x28 0x1fffffee
core   0: 0x800014fc (0xff63a913) slti    s2, t2, -10
core   0: 3 0x800014fc (0xff63a913) x18 0x00000000
core   0: 0x80001500 (0x01af76b3) and     a3, t5, s10
core   0: 3 0x80001500 (0x01af76b3) x13 0x00000000
core   0: 0x80001504 (0x00ac2133) slt     sp, s8, a0
core   0: 3 0x80001504 (0x00ac2133) x 2 0x00000000
core   0: 0x80001508 (0x001ac9b3) xor     s3, s5, ra
core   0: 3 0x80001508 (0x001ac9b3) x19 0x0000008a
core   0: 0x8000150c (0x002f5133) srl     sp, t5, sp
core   0: 3 0x8000150c (0x002f5133) x 2 0x04eb0424
core   0: 0x80001510 (0xc88f8013) addi    zero, t6, -888
core   0: 3 0x80001510 (0xc88f8013)
core   0: 0x80001514 (0x03847a33) remu    s4, s0, s8
core   0: 3 0x80001514 (0x03847a33) x20 0x00000000
core   0: 0x80001518 (0x0183ce33) xor     t3, t2, s8
core   0: 3 0x80001518 (0x0183ce33) x28 0x00000001
core   0: 0x8000151c (0x04014f93) xori    t6, sp, 64
core   0: 3 0x8000151c (0x04014f93) x31 0x04eb0464
core   0: 0x80001520 (0x01985ab3) srl     s5, a6, s9
core   0: 3 0x80001520 (0x01985ab3) x21 0x00000000
core   0: 0x80001524 (0x0343e833) rem     a6, t2, s4
core   0: 3 0x80001524 (0x0343e833) x16 0x00000000
core   0: 0x80001528 (0x4032dc93) srai    s9, t0, 3
core   0: 3 0x80001528 (0x4032dc93) x25 0xf000539c
core   0: 0x8000152c (0x01a557b3) srl     a5, a0, s10
core   0: 3 0x8000152c (0x01a557b3) x15 0x00000000
core   0: 0x80001530 (0x03146033) rem     zero, s0, a7
core   0: 3 0x80001530 (0x03146033)
core   0: 0x80001534 (0x03e8c463) blt     a7, t5, pc + 40
core   0: 3 0x80001534 (0x03e8c463)
core   0: 0x8000155c (0x00621493) slli    s1, tp, 6
core   0: 3 0x8000155c (0x00621493) x 9 0xc53ff980
core   0: 0x80001560 (0x01f59633) sll     a2, a1, t6
core   0: 3 0x80001560 (0x01f59633) x12 0xfffffff0
core   0: 0x80001564 (0xb48cb213) sltiu   tp, s9, -1208
core   0: 3 0x80001564 (0xb48cb213) x 4 0x00000001
core   0: 0x80001568 (0x01de1463) bne     t3, t4, pc + 8
core   0: 3 0x80001568 (0x01de1463)
core   0: 0x80001570 (0xd9f62593) slti    a1, a2, -609
core   0: 3 0x80001570 (0xd9f62593) x11 0x00000000
core   0: 0x80001574 (0xcd8f0b97) auipc   s7, 0xcd8f0
core   0: 3 0x80001574 (0xcd8f0b97) x23 0x4d8f1574
core   0: 0x80001578 (0x01a3aa33) slt     s4, t2, s10
core   0: 3 0x80001578 (0x01a3aa33) x20 0x00000000
core   0: 0x8000157c (0x00785c13) srli    s8, a6, 7
core   0: 3 0x8000157c (0x00785c13) x24 0x00000000
core   0: 0x80001580 (0xf6874493) xori    s1, a4, -152
core   0: 3 0x80001580 (0xf6874493) x 9 0x14eb258e
core   0: 0x80001584 (0x03507463) bgeu    zero, s5, pc + 40
core   0: 3 0x80001584 (0x03507463)
core   0: 0x800015ac (0x02a6c9b3) div     s3, a3, a0
core   0: 3 0x800015ac (0x02a6c9b3) x19 0xffffffff
core   0: 0x800015b0 (0x020ece63) bltz    t4, pc + 60
core   0: 3 0x800015b0 (0x020ece63)
core   0: 0x800015b4 (0x02f2b933) mulhu   s2, t0, a5
core   0: 3 0x800015b4 (0x02f2b933) x18 0x00000000
core   0: 0x800015b8 (0x01277833) and     a6, a4, s2
core   0: 3 0x800015b8 (0x01277833) x16 0x00000000
core   0: 0x800015bc (0x026901b3) mul     gp, s2, t1
core   0: 3 0x800015bc (0x026901b3) x 3 0x00000000
core   0: 0x800015c0 (0x403cd693) srai    a3, s9, 3
core   0: 3 0x800015c0 (0x403cd693) x13 0xfe000a73
core   0: 0x800015c4 (0x0156a4b3) slt     s1, a3, s5
core   0: 3 0x800015c4 (0x0156a4b3) x 9 0x00000001
core   0: 0x800015c8 (0x00855a93) srli    s5, a0, 8
core   0: 3 0x800015c8 (0x00855a93) x21 0x00000000
core   0: 0x800015cc (0x01f68333) add     t1, a3, t6
core   0: 3 0x800015cc (0x01f68333) x 6 0x02eb0ed7
core   0: 0x800015d0 (0x2baba913) slti    s2, s7, 698
core   0: 3 0x800015d0 (0x2baba913) x18 0x00000000
core   0: 0x800015d4 (0x017372b3) and     t0, t1, s7
core   0: 3 0x800015d4 (0x017372b3) x 5 0x008b0454
core   0: 0x800015d8 (0x408f87b3) sub     a5, t6, s0
core   0: 3 0x800015d8 (0x408f87b3) x15 0xeada13c2
core   0: 0x800015dc (0x01183bb3) sltu    s7, a6, a7
core   0: 3 0x800015dc (0x01183bb3) x23 0x00000001
core   0: 0x800015e0 (0x03eb7863) bgeu    s6, t5, pc + 48
core   0: 3 0x800015e0 (0x03eb7863)
core   0: 0x80001610 (0x02e7cab3) div     s5, a5, a4
core   0: 3 0x80001610 (0x02e7cab3) x21 0x00000001
core   0: 0x80001614 (0x61678e13) addi    t3, a5, 1558
core   0: 3 0x80001614 (0x61678e13) x28 0xeada19d8
core   0: 0x80001618 (0x0004d513) srli    a0, s1, 0
core   0: 3 0x80001618 (0x0004d513) x10 0x00000001
core   0: 0x8000161c (0xdfab7e17) auipc   t3, 0xdfab7
core   0: 3 0x8000161c (0xdfab7e17) x28 0x5fab861c
core   0: 0x80001620 (0x40cbdc13) srai    s8, s7, 12
core   0: 3 0x80001620 (0x40cbdc13) x24 0x00000000
core   0: 0x80001624 (0x005cde33) srl     t3, s9, t0
core   0: 3 0x80001624 (0x005cde33) x28 0x00000f00
core   0: 0x80001628 (0xae2fea13) ori     s4, t6, -1310
core   0: 3 0x80001628 (0xae2fea13) x20 0xfffffee6
core   0: 0x8000162c (0x03389063) bne     a7, s3, pc + 32
core   0: 3 0x8000162c (0x03389063)
core   0: 0x8000164c (0x3c0df413) andi    s0, s11, 960
core   0: 3 0x8000164c (0x3c0df413) x 8 0x000000c0
core   0: 0x80001650 (0x403d57b3) sra     a5, s10, gp
core   0: 3 0x80001650 (0x403d57b3) x15 0x00000000
core   0: 0x80001654 (0x0174d0b3) srl     ra, s1, s7
core   0: 3 0x80001654 (0x0174d0b3) x 1 0x00000000
core   0: 0x80001658 (0x405f52b3) sra     t0, t5, t0
core   0: 3 0x80001658 (0x405f52b3) x 5 0x0000004e
core   0: 0x8000165c (0x03e29eb3) mulh    t4, t0, t5
core   0: 3 0x8000165c (0x03e29eb3) x29 0x00000001
core   0: 0x80001660 (0x4166d093) srai    ra, a3, 22
core   0: 3 0x80001660 (0x4166d093) x 1 0xfffffff8
core   0: 0x80001664 (0x03770a33) mul     s4, a4, s7
core   0: 3 0x80001664 (0x03770a33) x20 0xeb14dae6
core   0: 0x80001668 (0x0020bf13) sltiu   t5, ra, 2
core   0: 3 0x80001668 (0x0020bf13) x30 0x00000000
core   0: 0x8000166c (0x00ea5bb3) srl     s7, s4, a4
core   0: 3 0x8000166c (0x00ea5bb3) x23 0x03ac536b
core   0: 0x80001670 (0x00aac133) xor     sp, s5, a0
core   0: 3 0x80001670 (0x00aac133) x 2 0x00000000
core   0: 0x80001674 (0xae228f13) addi    t5, t0, -1310
core   0: 3 0x80001674 (0xae228f13) x30 0xfffffb30
core   0: 0x80001678 (0x005748b3) xor     a7, a4, t0
core   0: 3 0x80001678 (0x005748b3) x17 0xeb14daa8
core   0: 0x8000167c (0x03420063) beq     tp, s4, pc + 32
core   0: 3 0x8000167c (0x03420063)
core   0: 0x80001680 (0x01de0833) add     a6, t3, t4
core   0: 3 0x80001680 (0x01de0833) x16 0x00000f01
core   0: 0x80001684 (0x035be663) bltu    s7, s5, pc + 44
core   0: 3 0x80001684 (0x035be663)
core   0: 0x80001688 (0x45cc53b7) lui     t2, 0x45cc5
core   0: 3 0x80001688 (0x45cc53b7) x 7 0x45cc5000
core   0: 0x8000168c (0x02b8e063) bltu    a7, a1, pc + 32
core   0: 3 0x8000168c (0x02b8e063)
core   0: 0x80001690 (0x487e9f37) lui     t5, 0x487e9
core   0: 3 0x80001690 (0x487e9f37) x30 0x487e9000
core   0: 0x80001694 (0x02bf9463) bne     t6, a1, pc + 40
core   0: 3 0x80001694 (0x02bf9463)
core   0: 0x800016bc (0x022c6cb3) rem     s9, s8, sp
core   0: 3 0x800016bc (0x022c6cb3) x25 0x00000000
core   0: 0x800016c0 (0x0140f533) and     a0, ra, s4
core   0: 3 0x800016c0 (0x0140f533) x10 0xeb14dae0
core   0: 0x800016c4 (0x01c04c63) blt     zero, t3, pc + 24
core   0: 3 0x800016c4 (0x01c04c63)
core   0: 0x800016dc (0x01aabab3) sltu    s5, s5, s10
core   0: 3 0x800016dc (0x01aabab3) x21 0x00000000
core   0: 0x800016e0 (0x022a1933) mulh    s2, s4, sp
core   0: 3 0x800016e0 (0x022a1933) x18 0x00000000
core   0: 0x800016e4 (0x0014ea63) bltu    s1, ra, pc + 20
core   0: 3 0x800016e4 (0x0014ea63)
core   0: 0x800016f8 (0x01e01333) sll     t1, zero, t5
core   0: 3 0x800016f8 (0x01e01333) x 6 0x00000000
core   0: 0x800016fc (0x41540c33) sub     s8, s0, s5
core   0: 3 0x800016fc (0x41540c33) x24 0x000000c0
core   0: 0x80001700 (0x03121063) bne     tp, a7, pc + 32
core   0: 3 0x80001700 (0x03121063)
core   0: 0x80001720 (0x41897537) lui     a0, 0x41897
core   0: 3 0x80001720 (0x41897537) x10 0x41897000
core   0: 0x80001724 (0x344fc313) xori    t1, t6, 836
core   0: 3 0x80001724 (0x344fc313) x 6 0x04eb0720
core   0: 0x80001728 (0x020bdbb3) divu    s7, s7, zero
core   0: 3 0x80001728 (0x020bdbb3) x23 0xffffffff
core   0: 0x8000172c (0x9f8bbf93) sltiu   t6, s7, -1544
core   0: 3 0x8000172c (0x9f8bbf93) x31 0x00000000
core   0: 0x80001730 (0x048f8263) beq     t6, s0, pc + 68
core   0: 3 0x80001730 (0x048f8263)
core   0: 0x80001734 (0x41d5dab3) sra     s5, a1, t4
core   0: 3 0x80001734 (0x41d5dab3) x21 0x00000000
core   0: 0x80001738 (0x0082e433) or      s0, t0, s0
core   0: 3 0x80001738 (0x0082e433) x 8 0x000000ce
core   0: 0x8000173c (0x028b2eb3) mulhsu  t4, s6, s0
core   0: 3 0x8000173c (0x028b2eb3) x29 0xffffff99
core   0: 0x80001740 (0x01d91c93) slli    s9, s2, 29
core   0: 3 0x80001740 (0x01d91c93) x25 0x00000000
core   0: 0x80001744 (0x03f53bb3) mulhu   s7, a0, t6
core   0: 3 0x80001744 (0x03f53bb3) x23 0x00000000
core   0: 0x80001748 (0x02405663) bge     zero, tp, pc + 44
core   0: 3 0x80001748 (0x02405663)
core   0: 0x8000174c (0x5a8cbc17) auipc   s8, 0x5a8cb
core   0: 3 0x8000174c (0x5a8cbc17) x24 0xda8cc74c
core   0: 0x80001750 (0x00281213) slli    tp, a6, 2
core   0: 3 0x80001750 (0x00281213) x 4 0x00003c04
core   0: 0x80001754 (0xb2b23a13) sltiu   s4, tp, -1237
core   0: 3 0x80001754 (0xb2b23a13) x20 0x00000001
core   0: 0x80001758 (0x00be8f33) add     t5, t4, a1
core   0: 3 0x80001758 (0x00be8f33) x30 0xffffff99
core   0: 0x8000175c (0x017d9e93) slli    t4, s11, 23
core   0: 3 0x8000175c (0x017d9e93) x29 0x72000000
core   0: 0x80001760 (0x6e92e513) ori     a0, t0, 1769
core   0: 3 0x80001760 (0x6e92e513) x10 0x000006ef
core   0: 0x80001764 (0x0302e433) rem     s0, t0, a6
core   0: 3 0x80001764 (0x0302e433) x 8 0x0000004e
core   0: 0x80001768 (0xcc756113) ori     sp, a0, -825
core   0: 3 0x80001768 (0xcc756113) x 2 0xfffffeef
core   0: 0x8000176c (0x7f9f0193) addi    gp, t5, 2041
core   0: 3 0x8000176c (0x7f9f0193) x 3 0x00000792
core   0: 0x80001770 (0xabeef993) andi    s3, t4, -1346
core   0: 3 0x80001770 (0xabeef993) x19 0x72000000
core   0: 0x80001774 (0xde7090b7) lui     ra, 0xde709
core   0: 3 0x80001774 (0xde7090b7) x 1 0xde709000
core   0: 0x80001778 (0x40b55e33) sra     t3, a0, a1
core   0: 3 0x80001778 (0x40b55e33) x28 0x000006ef
core   0: 0x8000177c (0xbb07d5b7) lui     a1, 0xbb07d
core   0: 3 0x8000177c (0xbb07d5b7) x11 0xbb07d000
core   0: 0x80001780 (0x026b7133) remu    sp, s6, t1
core   0: 3 0x80001780 (0x026b7133) x 2 0x0023a524
core   0: 0x80001784 (0x02af8633) mul     a2, t6, a0
core   0: 3 0x80001784 (0x02af8633) x12 0x00000000
core   0: 0x80001788 (0xbd64c113) xori    sp, s1, -1066
core   0: 3 0x80001788 (0xbd64c113) x 2 0xfffffbd7
core   0: 0x8000178c (0xcb8c4613) xori    a2, s8, -840
core   0: 3 0x8000178c (0xcb8c4613) x12 0x25733bf4
core   0: 0x80001790 (0xe7f6d517) auipc   a0, 0xe7f6d
core   0: 3 0x80001790 (0xe7f6d517) x10 0x67f6e790
core   0: 0x80001794 (0x40cf5833) sra     a6, t5, a2
core   0: 3 0x80001794 (0x40cf5833) x16 0xffffffff
core   0: 0x80001798 (0x40a6dc13) srai    s8, a3, 10
core   0: 3 0x80001798 (0x40a6dc13) x24 0xffff8002
core   0: 0x8000179c (0x00000013) nop
core   0: 3 0x8000179c (0x00000013)
core   0: 0x800017a0 (0x02a0b633) mulhu   a2, ra, a0
core   0: 3 0x800017a0 (0x02a0b633) x12 0x5a55d34f
core   0: 0x800017a4 (0x00000013) nop
core   0: 3 0x800017a4 (0x00000013)
core   0: 0x800017a8 (0x24d36d13) ori     s10, t1, 589
core   0: 3 0x800017a8 (0x24d36d13) x26 0x04eb076d
core   0: 0x800017ac (0xf88d8513) addi    a0, s11, -120
core   0: 3 0x800017ac (0xf88d8513) x10 0x80029c6c
core   0: 0x800017b0 (0x573ab113) sltiu   sp, s5, 1395
core   0: 3 0x800017b0 (0x573ab113) x 2 0x00000001
core   0: 0x800017b4 (0x403bdab3) sra     s5, s7, gp
core   0: 3 0x800017b4 (0x403bdab3) x21 0x00000000
core   0: 0x800017b8 (0x03a11463) bne     sp, s10, pc + 40
core   0: 3 0x800017b8 (0x03a11463)
core   0: 0x800017e0 (0x01228933) add     s2, t0, s2
core   0: 3 0x800017e0 (0x01228933) x18 0x0000004e
core   0: 0x800017e4 (0x01424533) xor     a0, tp, s4
core   0: 3 0x800017e4 (0x01424533) x10 0x00003c05
core   0: 0x800017e8 (0x033e84b3) mul     s1, t4, s3
core   0: 3 0x800017e8 (0x033e84b3) x 9 0x00000000
core   0: 0x800017ec (0x01481513) slli    a0, a6, 20
core   0: 3 0x800017ec (0x01481513) x10 0xfff00000
core   0: 0x800017f0 (0x0077d033) srl     zero, a5, t2
core   0: 3 0x800017f0 (0x0077d033)
core   0: 0x800017f4 (0x05930063) beq     t1, s9, pc + 64
core   0: 3 0x800017f4 (0x05930063)
core   0: 0x800017f8 (0x02223ab3) mulhu   s5, tp, sp
core   0: 3 0x800017f8 (0x02223ab3) x21 0x00000000
core   0: 0x800017fc (0x01f2fa33) and     s4, t0, t6
core   0: 3 0x800017fc (0x01f2fa33) x20 0x00000000
core   0: 0x80001800 (0x06333a13) sltiu   s4, t1, 99
core   0: 3 0x80001800 (0x06333a13) x20 0x00000000
core   0: 0x80001804 (0x17ac3193) sltiu   gp, s8, 378
core   0: 3 0x80001804 (0x17ac3193) x 3 0x00000000
core   0: 0x80001808 (0x038239b3) mulhu   s3, tp, s8
core   0: 3 0x80001808 (0x038239b3) x19 0x00003c03
core   0: 0x8000180c (0xcd204693) xori    a3, zero, -814
core   0: 3 0x8000180c (0xcd204693) x13 0xfffffcd2
core   0: 0x80001810 (0x011962b3) or      t0, s2, a7
core   0: 3 0x80001810 (0x011962b3) x 5 0xeb14daee
core   0: 0x80001814 (0x03ff9f33) mulh    t5, t6, t6
core   0: 3 0x80001814 (0x03ff9f33) x30 0x00000000
core   0: 0x80001818 (0x014413b3) sll     t2, s0, s4
core   0: 3 0x80001818 (0x014413b3) x 7 0x0000004e
core   0: 0x8000181c (0x01b1d093) srli    ra, gp, 27
core   0: 3 0x8000181c (0x01b1d093) x 1 0x00000000
core   0: 0x80001820 (0x03ddacb3) mulhsu  s9, s11, t4
core   0: 3 0x80001820 (0x03ddacb3) x25 0xc70129dd
core   0: 0x80001824 (0x00000013) nop
core   0: 3 0x80001824 (0x00000013)
core   0: 0x80001828 (0x2683e017) auipc   zero, 0x2683e
core   0: 3 0x80001828 (0x2683e017)
core   0: 0x8000182c (0xfc94b393) sltiu   t2, s1, -55
core   0: 3 0x8000182c (0xfc94b393) x 7 0x00000001
core   0: 0x80001830 (0x0063ac33) slt     s8, t2, t1
core   0: 3 0x80001830 (0x0063ac33) x24 0x00000001
core   0: 0x80001834 (0x016c06b3) add     a3, s8, s6
core   0: 3 0x80001834 (0x016c06b3) x13 0x80025e65
core   0: 0x80001838 (0xb9063213) sltiu   tp, a2, -1136
core   0: 3 0x80001838 (0xb9063213) x 4 0x00000001
core   0: 0x8000183c (0x01078933) add     s2, a5, a6
core   0: 3 0x8000183c (0x01078933) x18 0xffffffff
core   0: 0x80001840 (0x014e0eb3) add     t4, t3, s4
core   0: 3 0x80001840 (0x014e0eb3) x29 0x000006ef
core   0: 0x80001844 (0x41075033) sra     zero, a4, a6
core   0: 3 0x80001844 (0x41075033)
core   0: 0x80001848 (0x03b0de63) bge     ra, s11, pc + 60
core   0: 3 0x80001848 (0x03b0de63)
core   0: 0x80001884 (0xc4d07793) andi    a5, zero, -947
core   0: 3 0x80001884 (0xc4d07793) x15 0x00000000
core   0: 0x80001888 (0x03c1f6b3) remu    a3, gp, t3
core   0: 3 0x80001888 (0x03c1f6b3) x13 0x00000000
core   0: 0x8000188c (0x00c05e93) srli    t4, zero, 12
core   0: 3 0x8000188c (0x00c05e93) x29 0x00000000
core   0: 0x80001890 (0x02442ab3) mulhsu  s5, s0, tp
core   0: 3 0x80001890 (0x02442ab3) x21 0x00000000
core   0: 0x80001894 (0x3187ae93) slti    t4, a5, 792
core   0: 3 0x80001894 (0x3187ae93) x29 0x00000001
core   0: 0x80001898 (0x4997c193) xori    gp, a5, 1177
core   0: 3 0x80001898 (0x4997c193) x 3 0x00000499
core   0: 0x8000189c (0x011f37b3) sltu    a5, t5, a7
core   0: 3 0x8000189c (0x011f37b3) x15 0x00000001
core   0: 0x800018a0 (0x02f79c63) bne     a5, a5, pc + 56
core   0: 3 0x800018a0 (0x02f79c63)
core   0: 0x800018a4 (0x0187d833) srl     a6, a5, s8
core   0: 3 0x800018a4 (0x0187d833) x16 0x00000000
core   0: 0x800018a8 (0x03670863) beq     a4, s6, pc + 48
core   0: 3 0x800018a8 (0x03670863)
core   0: 0x800018ac (0x0342da33) divu    s4, t0, s4
core   0: 3 0x800018ac (0x0342da33) x20 0xffffffff
core   0: 0x800018b0 (0xf9d3f313) andi    t1, t2, -99
core   0: 3 0x800018b0 (0xf9d3f313) x 6 0x00000001
core   0: 0x800018b4 (0x03c79333) mulh    t1, a5, t3
core   0: 3 0x800018b4 (0x03c79333) x 6 0x00000000
core   0: 0x800018b8 (0x01f49463) bne     s1, t6, pc + 8
core   0: 3 0x800018b8 (0x01f49463)
core   0: 0x800018bc (0x5f9e2f93) slti    t6, t3, 1529
core   0: 3 0x800018bc (0x5f9e2f93) x31 0x00000000
core   0: 0x800018c0 (0x41e05c93) srai    s9, zero, 30
core   0: 3 0x800018c0 (0x41e05c93) x25 0x00000000
core   0: 0x800018c4 (0x419f86b3) sub     a3, t6, s9
core   0: 3 0x800018c4 (0x419f86b3) x13 0x00000000
core   0: 0x800018c8 (0xf1e0b917) auipc   s2, 0xf1e0b
core   0: 3 0x800018c8 (0xf1e0b917) x18 0x71e0c8c8
core   0: 0x800018cc (0x03838663) beq     t2, s8, pc + 44
core   0: 3 0x800018cc (0x03838663)
core   0: 0x800018f8 (0x7f6c7493) andi    s1, s8, 2038
core   0: 3 0x800018f8 (0x7f6c7493) x 9 0x00000000
core   0: 0x800018fc (0x01ed9e63) bne     s11, t5, pc + 28
core   0: 3 0x800018fc (0x01ed9e63)
core   0: 0x80001918 (0x01f4f663) bgeu    s1, t6, pc + 12
core   0: 3 0x80001918 (0x01f4f663)
core   0: 0x80001924 (0x516ffe13) andi    t3, t6, 1302
core   0: 3 0x80001924 (0x516ffe13) x28 0x00000000
core   0: 0x80001928 (0x052ee263) bltu    t4, s2, pc + 68
core   0: 3 0x80001928 (0x052ee263)
core   0: 0x8000196c (0x0262d0b3) divu    ra, t0, t1
core   0: 3 0x8000196c (0x0262d0b3) x 1 0xffffffff
core   0: 0x80001970 (0x0282f833) remu    a6, t0, s0
core   0: 3 0x80001970 (0x0282f833) x16 0x0000000c
core   0: 0x80001974 (0x5a5ef613) andi    a2, t4, 1445
core   0: 3 0x80001974 (0x5a5ef613) x12 0x00000001
core   0: 0x80001978 (0x41c78fb3) sub     t6, a5, t3
core   0: 3 0x80001978 (0x41c78fb3) x31 0x00000001
core   0: 0x8000197c (0x036cafb3) mulhsu  t6, s9, s6
core   0: 3 0x8000197c (0x036cafb3) x31 0x00000000
core   0: 0x80001980 (0x00a01c93) slli    s9, zero, 10
core   0: 3 0x80001980 (0x00a01c93) x25 0x00000000
core   0: 0x80001984 (0x018a9ab3) sll     s5, s5, s8
core   0: 3 0x80001984 (0x018a9ab3) x21 0x00000000
core   0: 0x80001988 (0x00211a13) slli    s4, sp, 2
core   0: 3 0x80001988 (0x00211a13) x20 0x00000004
core   0: 0x8000198c (0x09de8863) beq     t4, t4, pc + 144
core   0: 3 0x8000198c (0x09de8863)
core   0: 0x80001a1c (0xdfbecf13) xori    t5, t4, -517
core   0: 3 0x80001a1c (0xdfbecf13) x30 0xfffffdfa
core   0: 0x80001a20 (0xc1f04e13) xori    t3, zero, -993
core   0: 3 0x80001a20 (0xc1f04e13) x28 0xfffffc1f
core   0: 0x80001a24 (0x40dd6a13) ori     s4, s10, 1037
core   0: 3 0x80001a24 (0x40dd6a13) x20 0x04eb076d
core   0: 0x80001a28 (0x033f4633) div     a2, t5, s3
core   0: 3 0x80001a28 (0x033f4633) x12 0x00000000
core   0: 0x80001a2c (0x05581663) bne     a6, s5, pc + 76
core   0: 3 0x80001a2c (0x05581663)
core   0: 0x80001a78 (0x03dabd33) mulhu   s10, s5, t4
core   0: 3 0x80001a78 (0x03dabd33) x26 0x00000000
core   0: 0x80001a7c (0x403286b3) sub     a3, t0, gp
core   0: 3 0x80001a7c (0x403286b3) x13 0xeb14d655
core   0: 0x80001a80 (0x91690293) addi    t0, s2, -1770
core   0: 3 0x80001a80 (0x91690293) x 5 0x71e0c1de
core   0: 0x80001a84 (0x00f18cb3) add     s9, gp, a5
core   0: 3 0x80001a84 (0x00f18cb3) x25 0x0000049a
core   0: 0x80001a88 (0x1e5cac93) slti    s9, s9, 485
core   0: 3 0x80001a88 (0x1e5cac93) x25 0x00000000
core   0: 0x80001a8c (0x02441533) mulh    a0, s0, tp
core   0: 3 0x80001a8c (0x02441533) x10 0x00000000
core   0: 0x80001a90 (0x0178a633) slt     a2, a7, s7
core   0: 3 0x80001a90 (0x0178a633) x12 0x00000001
core   0: 0x80001a94 (0x02187c63) bgeu    a6, ra, pc + 56
core   0: 3 0x80001a94 (0x02187c63)
core   0: 0x80001a98 (0x00a04663) blt     zero, a0, pc + 12
core   0: 3 0x80001a98 (0x00a04663)
core   0: 0x80001a9c (0x02717e33) remu    t3, sp, t2
core   0: 3 0x80001a9c (0x02717e33) x28 0x00000000
core   0: 0x80001aa0 (0x418254b3) sra     s1, tp, s8
core   0: 3 0x80001aa0 (0x418254b3) x 9 0x00000000
core   0: 0x80001aa4 (0x035104b3) mul     s1, sp, s5
core   0: 3 0x80001aa4 (0x035104b3) x 9 0x00000000
core   0: 0x80001aa8 (0x006390b3) sll     ra, t2, t1
core   0: 3 0x80001aa8 (0x006390b3) x 1 0x00000001
core   0: 0x80001aac (0xf89a3293) sltiu   t0, s4, -119
core   0: 3 0x80001aac (0xf89a3293) x 5 0x00000001
core   0: 0x80001ab0 (0x02b362b3) rem     t0, t1, a1
core   0: 3 0x80001ab0 (0x02b362b3) x 5 0x00000000
core   0: 0x80001ab4 (0xf9541c97) auipc   s9, 0xf9541
core   0: 3 0x80001ab4 (0xf9541c97) x25 0x79542ab4
core   0: 0x80001ab8 (0xd0c273b7) lui     t2, 0xd0c27
core   0: 3 0x80001ab8 (0xd0c273b7) x 7 0xd0c27000
core   0: 0x80001abc (0x2e64b093) sltiu   ra, s1, 742
core   0: 3 0x80001abc (0x2e64b093) x 1 0x00000001
core   0: 0x80001ac0 (0x0589e263) bltu    s3, s8, pc + 68
core   0: 3 0x80001ac0 (0x0589e263)
core   0: 0x80001ac4 (0xb47cd617) auipc   a2, 0xb47cd
core   0: 3 0x80001ac4 (0xb47cd617) x12 0x347ceac4
core   0: 0x80001ac8 (0x41ae58b3) sra     a7, t3, s10
core   0: 3 0x80001ac8 (0x41ae58b3) x17 0x00000000
core   0: 0x80001acc (0x2ad2a593) slti    a1, t0, 685
core   0: 3 0x80001acc (0x2ad2a593) x11 0x00000001
core   0: 0x80001ad0 (0x1a4d4a13) xori    s4, s10, 420
core   0: 3 0x80001ad0 (0x1a4d4a13) x20 0x000001a4
core   0: 0x80001ad4 (0x99b30593) addi    a1, t1, -1637
core   0: 3 0x80001ad4 (0x99b30593) x11 0xfffff99b
core   0: 0x80001ad8 (0x65062913) slti    s2, a2, 1616
core   0: 3 0x80001ad8 (0x65062913) x18 0x00000000
core   0: 0x80001adc (0x00681c63) bne     a6, t1, pc + 24
core   0: 3 0x80001adc (0x00681c63)
core   0: 0x80001af4 (0x019289b3) add     s3, t0, s9
core   0: 3 0x80001af4 (0x019289b3) x19 0x79542ab4
core   0: 0x80001af8 (0x009b3cb3) sltu    s9, s6, s1
core   0: 3 0x80001af8 (0x009b3cb3) x25 0x00000000
core   0: 0x80001afc (0x00fa8533) add     a0, s5, a5
core   0: 3 0x80001afc (0x00fa8533) x10 0x00000001
core   0: 0x80001b00 (0x02b86cb3) rem     s9, a6, a1
core   0: 3 0x80001b00 (0x02b86cb3) x25 0x0000000c
core   0: 0x80001b04 (0x028dae33) mulhsu  t3, s11, s0
core   0: 3 0x80001b04 (0x028dae33) x28 0xffffffd9
core   0: 0x80001b08 (0x41868333) sub     t1, a3, s8
core   0: 3 0x80001b08 (0x41868333) x 6 0xeb14d654
core   0: 0x80001b0c (0xfb894493) xori    s1, s2, -72
core   0: 3 0x80001b0c (0xfb894493) x 9 0xffffffb8
core   0: 0x80001b10 (0x4c359097) auipc   ra, 0x4c359
core   0: 3 0x80001b10 (0x4c359097) x 1 0xcc35ab10
core   0: 0x80001b14 (0x00f55433) srl     s0, a0, a5
core   0: 3 0x80001b14 (0x00f55433) x 8 0x00000000
core   0: 0x80001b18 (0x05fc5063) bge     s8, t6, pc + 64
core   0: 3 0x80001b18 (0x05fc5063)
core   0: 0x80001b58 (0x01360433) add     s0, a2, s3
core   0: 3 0x80001b58 (0x01360433) x 8 0xadd11578
core   0: 0x80001b5c (0x0305d333) divu    t1, a1, a6
core   0: 3 0x80001b5c (0x0305d333) x 6 0x155554cc
core   0: 0x80001b60 (0x3724d637) lui     a2, 0x3724d
core   0: 3 0x80001b60 (0x3724d637) x12 0x3724d000
core   0: 0x80001b64 (0x004450b3) srl     ra, s0, tp
core   0: 3 0x80001b64 (0x004450b3) x 1 0x56e88abc
core   0: 0x80001b68 (0x032841b3) div     gp, a6, s2
core   0: 3 0x80001b68 (0x032841b3) x 3 0xffffffff
core   0: 0x80001b6c (0x02c64133) div     sp, a2, a2
core   0: 3 0x80001b6c (0x02c64133) x 2 0x00000001
core   0: 0x80001b70 (0x00cf82b3) add     t0, t6, a2
core   0: 3 0x80001b70 (0x00cf82b3) x 5 0x3724d000
core   0: 0x80001b74 (0x41540033) sub     zero, s0, s5
core   0: 3 0x80001b74 (0x41540033)
core   0: 0x80001b78 (0x03e4e533) rem     a0, s1, t5
core   0: 3 0x80001b78 (0x03e4e533) x10 0xffffffb8
core   0: 0x80001b7c (0x003f9b93) slli    s7, t6, 3
core   0: 3 0x80001b7c (0x003f9b93) x23 0x00000000
core   0: 0x80001b80 (0x01d30d33) add     s10, t1, t4
core   0: 3 0x80001b80 (0x01d30d33) x26 0x155554cd
core   0: 0x80001b84 (0x03bf1cb3) mulh    s9, t5, s11
core   0: 3 0x80001b84 (0x03bf1cb3) x25 0x00000102
core   0: 0x80001b88 (0x022af033) remu    zero, s5, sp
core   0: 3 0x80001b88 (0x022af033)
core   0: 0x80001b8c (0x00b70eb3) add     t4, a4, a1
core   0: 3 0x80001b8c (0x00b70eb3) x29 0xeb14d481
core   0: 0x80001b90 (0x010f2a33) slt     s4, t5, a6
core   0: 3 0x80001b90 (0x010f2a33) x20 0x00000001
core   0: 0x80001b94 (0x01ed2433) slt     s0, s10, t5
core   0: 3 0x80001b94 (0x01ed2433) x 8 0x00000000
core   0: 0x80001b98 (0x02310863) beq     sp, gp, pc + 48
core   0: 3 0x80001b98 (0x02310863)
core   0: 0x80001b9c (0x00fb4133) xor     sp, s6, a5
core   0: 3 0x80001b9c (0x00fb4133) x 2 0x80025e65
core   0: 0x80001ba0 (0x02ff5033) divu    zero, t5, a5
core   0: 3 0x80001ba0 (0x02ff5033)
core   0: 0x80001ba4 (0x5cbd2f93) slti    t6, s10, 1483
core   0: 3 0x80001ba4 (0x5cbd2f93) x31 0x00000000
core   0: 0x80001ba8 (0x3ae78537) lui     a0, 0x3ae78
core   0: 3 0x80001ba8 (0x3ae78537) x10 0x3ae78000
core   0: 0x80001bac (0x00000013) nop
core   0: 3 0x80001bac (0x00000013)
core   0: 0x80001bb0 (0x01a24fb3) xor     t6, tp, s10
core   0: 3 0x80001bb0 (0x01a24fb3) x31 0x155554cc
core   0: 0x80001bb4 (0xf0706293) ori     t0, zero, -249
core   0: 3 0x80001bb4 (0xf0706293) x 5 0xffffff07
core   0: 0x80001bb8 (0x023c1e33) mulh    t3, s8, gp
core   0: 3 0x80001bb8 (0x023c1e33) x28 0xffffffff
core   0: 0x80001bbc (0xf847c797) auipc   a5, 0xf847c
core   0: 3 0x80001bbc (0xf847c797) x15 0x7847dbbc
core   0: 0x80001bc0 (0x00000013) nop
core   0: 3 0x80001bc0 (0x00000013)
core   0: 0x80001bc4 (0x00000013) nop
core   0: 3 0x80001bc4 (0x00000013)
core   0: 0x80001bc8 (0x019da333) slt     t1, s11, s9
core   0: 3 0x80001bc8 (0x019da333) x 6 0x00000001
core   0: 0x80001bcc (0x00000013) nop
core   0: 3 0x80001bcc (0x00000013)
core   0: 0x80001bd0 (0x4828ff93) andi    t6, a7, 1154
core   0: 3 0x80001bd0 (0x4828ff93) x31 0x00000000
core   0: 0x80001bd4 (0xc40b0493) addi    s1, s6, -960
core   0: 3 0x80001bd4 (0xc40b0493) x 9 0x80025aa4
core   0: 0x80001bd8 (0x40835313) srai    t1, t1, 8
core   0: 3 0x80001bd8 (0x40835313) x 6 0x00000000
core   0: 0x80001bdc (0x40aa8d33) sub     s10, s5, a0
core   0: 3 0x80001bdc (0x40aa8d33) x26 0xc5188000
core   0: 0x80001be0 (0x1ab56e93) ori     t4, a0, 427
core   0: 3 0x80001be0 (0x1ab56e93) x29 0x3ae781ab
core   0: 0x80001be4 (0x014b5863) bge     s6, s4, pc + 16
core   0: 3 0x80001be4 (0x014b5863)
core   0: 0x80001be8 (0x2464e093) ori     ra, s1, 582
core   0: 3 0x80001be8 (0x2464e093) x 1 0x80025ae6
core   0: 0x80001bec (0x00edbeb3) sltu    t4, s11, a4
core   0: 3 0x80001bec (0x00edbeb3) x29 0x00000001
core   0: 0x80001bf0 (0x038a67b3) rem     a5, s4, s8
core   0: 3 0x80001bf0 (0x038a67b3) x15 0x00000000
core   0: 0x80001bf4 (0xd09e96b7) lui     a3, 0xd09e9
core   0: 3 0x80001bf4 (0xd09e96b7) x13 0xd09e9000
core   0: 0x80001bf8 (0x03578793) addi    a5, a5, 53
core   0: 3 0x80001bf8 (0x03578793) x15 0x00000035
core   0: 0x80001bfc (0x03d6d633) divu    a2, a3, t4
core   0: 3 0x80001bfc (0x03d6d633) x12 0xd09e9000
core   0: 0x80001c00 (0xfc7d6913) ori     s2, s10, -57
core   0: 3 0x80001c00 (0xfc7d6913) x18 0xffffffc7
core   0: 0x80001c04 (0x02c44463) blt     s0, a2, pc + 40
core   0: 3 0x80001c04 (0x02c44463)
core   0: 0x80001c08 (0x03cee933) rem     s2, t4, t3
core   0: 3 0x80001c08 (0x03cee933) x18 0x00000000
core   0: 0x80001c0c (0x02ad22b3) mulhsu  t0, s10, a0
core   0: 3 0x80001c0c (0x02ad22b3) x 5 0xf27248a7
core   0: 0x80001c10 (0x01e1a6b3) slt     a3, gp, t5
core   0: 3 0x80001c10 (0x01e1a6b3) x13 0x00000000
core   0: 0x80001c14 (0xecbe2213) slti    tp, t3, -309
core   0: 3 0x80001c14 (0xecbe2213) x 4 0x00000000
core   0: 0x80001c18 (0x02de0c33) mul     s8, t3, a3
core   0: 3 0x80001c18 (0x02de0c33) x24 0x00000000
core   0: 0x80001c1c (0x0260e5b3) rem     a1, ra, t1
core   0: 3 0x80001c1c (0x0260e5b3) x11 0x80025ae6
core   0: 0x80001c20 (0x010ee533) or      a0, t4, a6
core   0: 3 0x80001c20 (0x010ee533) x10 0x0000000d
core   0: 0x80001c24 (0x009ee9b3) or      s3, t4, s1
core   0: 3 0x80001c24 (0x009ee9b3) x19 0x80025aa5
core   0: 0x80001c28 (0x9590c113) xori    sp, ra, -1703
core   0: 3 0x80001c28 (0x9590c113) x 2 0x7ffda3bf
core   0: 0x80001c2c (0x02ae7933) remu    s2, t3, a0
core   0: 3 0x80001c2c (0x02ae7933) x18 0x00000008
core   0: 0x80001c30 (0x419fdd13) srai    s10, t6, 25
core   0: 3 0x80001c30 (0x419fdd13) x26 0x00000000
core   0: 0x80001c34 (0x01d21463) bne     tp, t4, pc + 8
core   0: 3 0x80001c34 (0x01d21463)
core   0: 0x80001c3c (0x01ae22b3) slt     t0, t3, s10
core   0: 3 0x80001c3c (0x01ae22b3) x 5 0x00000001
core   0: 0x80001c40 (0x399e0213) addi    tp, t3, 921
core   0: 3 0x80001c40 (0x399e0213) x 4 0x00000398
core   0: 0x80001c44 (0x02390933) mul     s2, s2, gp
core   0: 3 0x80001c44 (0x02390933) x18 0xfffffff8
core   0: 0x80001c48 (0x29e86f13) ori     t5, a6, 670
core   0: 3 0x80001c48 (0x29e86f13) x30 0x0000029e
core   0: 0x80001c4c (0xdfed8013) addi    zero, s11, -514
core   0: 3 0x80001c4c (0xdfed8013)
core   0: 0x80001c50 (0x01fbc9b3) xor     s3, s7, t6
core   0: 3 0x80001c50 (0x01fbc9b3) x19 0x00000000
core   0: 0x80001c54 (0x002062b3) or      t0, zero, sp
core   0: 3 0x80001c54 (0x002062b3) x 5 0x7ffda3bf
core   0: 0x80001c58 (0x016f1a63) bne     t5, s6, pc + 20
core   0: 3 0x80001c58 (0x016f1a63)
core   0: 0x80001c6c (0x0ade1c97) auipc   s9, 0xade1
core   0: 3 0x80001c6c (0x0ade1c97) x25 0x8ade2c6c
core   0: 0x80001c70 (0x03d4e063) bltu    s1, t4, pc + 32
core   0: 3 0x80001c70 (0x03d4e063)
core   0: 0x80001c74 (0x03dd91b3) mulh    gp, s11, t4
core   0: 3 0x80001c74 (0x03dd91b3) x 3 0xffffffff
core   0: 0x80001c78 (0xa1e54593) xori    a1, a0, -1506
core   0: 3 0x80001c78 (0xa1e54593) x11 0xfffffa13
core   0: 0x80001c7c (0x00000013) nop
core   0: 3 0x80001c7c (0x00000013)
core   0: 0x80001c80 (0x008635b3) sltu    a1, a2, s0
core   0: 3 0x80001c80 (0x008635b3) x11 0x00000000
core   0: 0x80001c84 (0x04d51263) bne     a0, a3, pc + 68
core   0: 3 0x80001c84 (0x04d51263)
core   0: 0x80001cc8 (0x78032e13) slti    t3, t1, 1920
core   0: 3 0x80001cc8 (0x78032e13) x28 0x00000001
core   0: 0x80001ccc (0x031d8fb3) mul     t6, s11, a7
core   0: 3 0x80001ccc (0x031d8fb3) x31 0x00000000
core   0: 0x80001cd0 (0x405581b3) sub     gp, a1, t0
core   0: 3 0x80001cd0 (0x405581b3) x 3 0x80025c41
core   0: 0x80001cd4 (0xa57cec13) ori     s8, s9, -1449
core   0: 3 0x80001cd4 (0xa57cec13) x24 0xfffffe7f
core   0: 0x80001cd8 (0x03289663) bne     a7, s2, pc + 44
core   0: 3 0x80001cd8 (0x03289663)
core   0: 0x80001d04 (0x1a1bfa93) andi    s5, s7, 417
core   0: 3 0x80001d04 (0x1a1bfa93) x21 0x00000000
core   0: 0x80001d08 (0xfeabfb93) andi    s7, s7, -22
core   0: 3 0x80001d08 (0xfeabfb93) x23 0x00000000
core   0: 0x80001d0c (0x03be85b3) mul     a1, t4, s11
core   0: 3 0x80001d0c (0x03be85b3) x11 0x80029ce4
core   0: 0x80001d10 (0x02d81e63) bne     a6, a3, pc + 60
core   0: 3 0x80001d10 (0x02d81e63)
core   0: 0x80001d4c (0x00386e33) or      t3, a6, gp
core   0: 3 0x80001d4c (0x00386e33) x28 0x80025c4d
core   0: 0x80001d50 (0x0290c333) div     t1, ra, s1
core   0: 3 0x80001d50 (0x0290c333) x 6 0x00000000
core   0: 0x80001d54 (0x02d30a63) beq     t1, a3, pc + 52
core   0: 3 0x80001d54 (0x02d30a63)
core   0: 0x80001d88 (0x04cb4463) blt     s6, a2, pc + 72
core   0: 3 0x80001d88 (0x04cb4463)
core   0: 0x80001dd0 (0x022b3eb3) mulhu   t4, s6, sp
core   0: 3 0x80001dd0 (0x022b3eb3) x29 0x4000010b
core   0: 0x80001dd4 (0x01f523b3) slt     t2, a0, t6
core   0: 3 0x80001dd4 (0x01f523b3) x 7 0x00000000
core   0: 0x80001dd8 (0x183ff013) andi    zero, t6, 387
core   0: 3 0x80001dd8 (0x183ff013)
core   0: 0x80001ddc (0xd3ddf813) andi    a6, s11, -707
core   0: 3 0x80001ddc (0xd3ddf813) x16 0x80029c24
core   0: 0x80001de0 (0x00b9b1b3) sltu    gp, s3, a1
core   0: 3 0x80001de0 (0x00b9b1b3) x 3 0x00000001
core   0: 0x80001de4 (0x02a33fb3) mulhu   t6, t1, a0
core   0: 3 0x80001de4 (0x02a33fb3) x31 0x00000000
core   0: 0x80001de8 (0xf9ce7013) andi    zero, t3, -100
core   0: 3 0x80001de8 (0xf9ce7013)
core   0: 0x80001dec (0xa2808413) addi    s0, ra, -1496
core   0: 3 0x80001dec (0xa2808413) x 8 0x8002550e
core   0: 0x80001df0 (0x73fc0d13) addi    s10, s8, 1855
core   0: 3 0x80001df0 (0x73fc0d13) x26 0x000005be
core   0: 0x80001df4 (0x028a9663) bne     s5, s0, pc + 44
core   0: 3 0x80001df4 (0x028a9663)
core   0: 0x80001e20 (0x031ed463) bge     t4, a7, pc + 40
core   0: 3 0x80001e20 (0x031ed463)
core   0: 0x80001e48 (0x01c277b3) and     a5, tp, t3
core   0: 3 0x80001e48 (0x01c277b3) x15 0x00000008
core   0: 0x80001e4c (0x03b14bb3) div     s7, sp, s11
core   0: 3 0x80001e4c (0x03b14bb3) x23 0xffffffff
core   0: 0x80001e50 (0x00403cb3) snez    s9, tp
core   0: 3 0x80001e50 (0x00403cb3) x25 0x00000001
core   0: 0x80001e54 (0x03579833) mulh    a6, a5, s5
core   0: 3 0x80001e54 (0x03579833) x16 0x00000000
core   0: 0x80001e58 (0xa0905bb7) lui     s7, 0xa0905
core   0: 3 0x80001e58 (0xa0905bb7) x23 0xa0905000
core   0: 0x80001e5c (0x02e7e433) rem     s0, a5, a4
core   0: 3 0x80001e5c (0x02e7e433) x 8 0x00000008
core   0: 0x80001e60 (0x024ee063) bltu    t4, tp, pc + 32
core   0: 3 0x80001e60 (0x024ee063)
core   0: 0x80001e64 (0x050d8663) beq     s11, a6, pc + 76
core   0: 3 0x80001e64 (0x050d8663)
core   0: 0x80001e68 (0x03017333) remu    t1, sp, a6
core   0: 3 0x80001e68 (0x03017333) x 6 0x7ffda3bf
core   0: 0x80001e6c (0x026cfeb3) remu    t4, s9, t1
core   0: 3 0x80001e6c (0x026cfeb3) x29 0x00000001
core   0: 0x80001e70 (0xda044d13) xori    s10, s0, -608
core   0: 3 0x80001e70 (0xda044d13) x26 0xfffffda8
core   0: 0x80001e74 (0x4c327213) andi    tp, tp, 1219
core   0: 3 0x80001e74 (0x4c327213) x 4 0x00000080
core   0: 0x80001e78 (0xcd787393) andi    t2, a6, -809
core   0: 3 0x80001e78 (0xcd787393) x 7 0x00000000
core   0: 0x80001e7c (0x0286f4b3) remu    s1, a3, s0
core   0: 3 0x80001e7c (0x0286f4b3) x 9 0x00000000
core   0: 0x80001e80 (0x4143d233) sra     tp, t2, s4
core   0: 3 0x80001e80 (0x4143d233) x 4 0x00000000
core   0: 0x80001e84 (0x00000013) nop
core   0: 3 0x80001e84 (0x00000013)
core   0: 0x80001e88 (0x03c675b3) remu    a1, a2, t3
core   0: 3 0x80001e88 (0x03c675b3) x11 0x509c33b3
core   0: 0x80001e8c (0x4129d213) srai    tp, s3, 18
core   0: 3 0x80001e8c (0x4129d213) x 4 0x00000000
core   0: 0x80001e90 (0x0364b133) mulhu   sp, s1, s6
core   0: 3 0x80001e90 (0x0364b133) x 2 0x00000000
core   0: 0x80001e94 (0x91413e93) sltiu   t4, sp, -1772
core   0: 3 0x80001e94 (0x91413e93) x29 0x00000001
core   0: 0x80001e98 (0x0386bcb3) mulhu   s9, a3, s8
core   0: 3 0x80001e98 (0x0386bcb3) x25 0x00000000
core   0: 0x80001e9c (0x5e007f13) andi    t5, zero, 1504
core   0: 3 0x80001e9c (0x5e007f13) x30 0x00000000
core   0: 0x80001ea0 (0x41445a93) srai    s5, s0, 20
core   0: 3 0x80001ea0 (0x41445a93) x21 0x00000000
core   0: 0x80001ea4 (0x00005513) srli    a0, zero, 0
core   0: 3 0x80001ea4 (0x00005513) x10 0x00000000
core   0: 0x80001ea8 (0x036fabb3) mulhsu  s7, t6, s6
core   0: 3 0x80001ea8 (0x036fabb3) x23 0x00000000
core   0: 0x80001eac (0x017ca6b3) slt     a3, s9, s7
core   0: 3 0x80001eac (0x017ca6b3) x13 0x00000000
core   0: 0x80001eb0 (0x4d0ae837) lui     a6, 0x4d0ae
core   0: 3 0x80001eb0 (0x4d0ae837) x16 0x4d0ae000
core   0: 0x80001eb4 (0x2622b537) lui     a0, 0x2622b
core   0: 3 0x80001eb4 (0x2622b537) x10 0x2622b000
core   0: 0x80001eb8 (0x01678e33) add     t3, a5, s6
core   0: 3 0x80001eb8 (0x01678e33) x28 0x80025e6c
core   0: 0x80001ebc (0x416c8d33) sub     s10, s9, s6
core   0: 3 0x80001ebc (0x416c8d33) x26 0x7ffda19c
core   0: 0x80001ec0 (0x015d9413) slli    s0, s11, 21
core   0: 3 0x80001ec0 (0x015d9413) x 8 0x9c800000
core   0: 0x80001ec4 (0xe8697113) andi    sp, s2, -378
core   0: 3 0x80001ec4 (0xe8697113) x 2 0xfffffe80
core   0: 0x80001ec8 (0x0154b633) sltu    a2, s1, s5
core   0: 3 0x80001ec8 (0x0154b633) x12 0x00000000
core   0: 0x80001ecc (0x03897a33) remu    s4, s2, s8
core   0: 3 0x80001ecc (0x03897a33) x20 0x00000179
core   0: 0x80001ed0 (0x01fb4c33) xor     s8, s6, t6
core   0: 3 0x80001ed0 (0x01fb4c33) x24 0x80025e64
core   0: 0x80001ed4 (0x00d89f33) sll     t5, a7, a3
core   0: 3 0x80001ed4 (0x00d89f33) x30 0x00000000
core   0: 0x80001ed8 (0x02f8e433) rem     s0, a7, a5
core   0: 3 0x80001ed8 (0x02f8e433) x 8 0x00000000
core   0: 0x80001edc (0x01371463) bne     a4, s3, pc + 8
core   0: 3 0x80001edc (0x01371463)
core   0: 0x80001ee4 (0x03f55c63) bge     a0, t6, pc + 56
core   0: 3 0x80001ee4 (0x03f55c63)
core   0: 0x80001f1c (0x02e4f633) remu    a2, s1, a4
core   0: 3 0x80001f1c (0x02e4f633) x12 0x00000000
core   0: 0x80001f20 (0x41120d33) sub     s10, tp, a7
core   0: 3 0x80001f20 (0x41120d33) x26 0x00000000
core   0: 0x80001f24 (0x08b64a63) blt     a2, a1, pc + 148
core   0: 3 0x80001f24 (0x08b64a63)
core   0: 0x80001fb8 (0x0480f263) bgeu    ra, s0, pc + 68
core   0: 3 0x80001fb8 (0x0480f263)
core   0: 0x80001ffc (0x03ca23b3) mulhsu  t2, s4, t3
core   0: 3 0x80001ffc (0x03ca23b3) x 7 0x000000bc
core   0: 0x80002000 (0x40425f13) srai    t5, tp, 4
core   0: 3 0x80002000 (0x40425f13) x30 0x00000000
core   0: 0x80002004 (0x032b8033) mul     zero, s7, s2
core   0: 3 0x80002004 (0x032b8033)
core   0: 0x80002008 (0x022940b3) div     ra, s2, sp
core   0: 3 0x80002008 (0x022940b3) x 1 0x00000000
core   0: 0x8000200c (0x8948ed13) ori     s10, a7, -1900
core   0: 3 0x8000200c (0x8948ed13) x26 0xfffff894
core   0: 0x80002010 (0x03aea633) mulhsu  a2, t4, s10
core   0: 3 0x80002010 (0x03aea633) x12 0x00000000
core   0: 0x80002014 (0x018cb833) sltu    a6, s9, s8
core   0: 3 0x80002014 (0x018cb833) x16 0x00000001
core   0: 0x80002018 (0x02220bb3) mul     s7, tp, sp
core   0: 3 0x80002018 (0x02220bb3) x23 0x00000000
core   0: 0x8000201c (0x027350b3) divu    ra, t1, t2
core   0: 3 0x8000201c (0x027350b3) x 1 0x00ae490a
core   0: 0x80002020 (0x00000013) nop
core   0: 3 0x80002020 (0x00000013)
core   0: 0x80002024 (0x02a7d133) divu    sp, a5, a0
core   0: 3 0x80002024 (0x02a7d133) x 2 0x00000000
core   0: 0x80002028 (0x03d45eb3) divu    t4, s0, t4
core   0: 3 0x80002028 (0x03d45eb3) x29 0x00000000
core   0: 0x8000202c (0x02a88ab3) mul     s5, a7, a0
core   0: 3 0x8000202c (0x02a88ab3) x21 0x00000000
core   0: 0x80002030 (0x0056b3b3) sltu    t2, a3, t0
core   0: 3 0x80002030 (0x0056b3b3) x 7 0x00000001
core   0: 0x80002034 (0x037f4463) blt     t5, s7, pc + 40
core   0: 3 0x80002034 (0x037f4463)
core   0: 0x80002038 (0x028d7063) bgeu    s10, s0, pc + 32
core   0: 3 0x80002038 (0x028d7063)
core   0: 0x80002058 (0x02fd9fb3) mulh    t6, s11, a5
core   0: 3 0x80002058 (0x02fd9fb3) x31 0xfffffffc
core   0: 0x8000205c (0xf50b2897) auipc   a7, 0xf50b2
core   0: 3 0x8000205c (0xf50b2897) x17 0x750b405c
core   0: 0x80002060 (0x8a032337) lui     t1, 0x8a032
core   0: 3 0x80002060 (0x8a032337) x 6 0x8a032000
core   0: 0x80002064 (0x03e98133) mul     sp, s3, t5
core   0: 3 0x80002064 (0x03e98133) x 2 0x00000000
core   0: 0x80002068 (0x0020a113) slti    sp, ra, 2
core   0: 3 0x80002068 (0x0020a113) x 2 0x00000000
core   0: 0x8000206c (0x011e5913) srli    s2, t3, 17
core   0: 3 0x8000206c (0x011e5913) x18 0x00004001
core   0: 0x80002070 (0x33ee7393) andi    t2, t3, 830
core   0: 3 0x80002070 (0x33ee7393) x 7 0x0000022c
core   0: 0x80002074 (0x00b168b3) or      a7, sp, a1
core   0: 3 0x80002074 (0x00b168b3) x17 0x509c33b3
core   0: 0x80002078 (0x224d2613) slti    a2, s10, 548
core   0: 3 0x80002078 (0x224d2613) x12 0x00000001
core   0: 0x8000207c (0x024278b3) remu    a7, tp, tp
core   0: 3 0x8000207c (0x024278b3) x17 0x00000000
core   0: 0x80002080 (0x00083533) sltu    a0, a6, zero
core   0: 3 0x80002080 (0x00083533) x10 0x00000000
core   0: 0x80002084 (0x037fc663) blt     t6, s7, pc + 44
core   0: 3 0x80002084 (0x037fc663)
core   0: 0x800020b0 (0x03e901b3) mul     gp, s2, t5
core   0: 3 0x800020b0 (0x03e901b3) x 3 0x00000000
core   0: 0x800020b4 (0x4163d133) sra     sp, t2, s6
core   0: 3 0x800020b4 (0x4163d133) x 2 0x00000022
core   0: 0x800020b8 (0x00b19ab3) sll     s5, gp, a1
core   0: 3 0x800020b8 (0x00b19ab3) x21 0x00000000
core   0: 0x800020bc (0x2ab34f17) auipc   t5, 0x2ab34
core   0: 3 0x800020bc (0x2ab34f17) x30 0xaab360bc
core   0: 0x800020c0 (0x41b18333) sub     t1, gp, s11
core   0: 3 0x800020c0 (0x41b18333) x 6 0x7ffd631c
core   0: 0x800020c4 (0x404ddf33) sra     t5, s11, tp
core   0: 3 0x800020c4 (0x404ddf33) x30 0x80029ce4
core   0: 0x800020c8 (0x03977063) bgeu    a4, s9, pc + 32
core   0: 3 0x800020c8 (0x03977063)
core   0: 0x800020e8 (0x0388e5b3) rem     a1, a7, s8
core   0: 3 0x800020e8 (0x0388e5b3) x11 0x00000000
core   0: 0x800020ec (0x035c2433) mulhsu  s0, s8, s5
core   0: 3 0x800020ec (0x035c2433) x 8 0x00000000
core   0: 0x800020f0 (0x00ae5933) srl     s2, t3, a0
core   0: 3 0x800020f0 (0x00ae5933) x18 0x80025e6c
core   0: 0x800020f4 (0x01f88633) add     a2, a7, t6
core   0: 3 0x800020f4 (0x01f88633) x12 0xfffffffc
core   0: 0x800020f8 (0x019200b3) add     ra, tp, s9
core   0: 3 0x800020f8 (0x019200b3) x 1 0x00000000
core   0: 0x800020fc (0x00b616b3) sll     a3, a2, a1
core   0: 3 0x800020fc (0x00b616b3) x13 0xfffffffc
core   0: 0x80002100 (0x00f1d413) srli    s0, gp, 15
core   0: 3 0x80002100 (0x00f1d413) x 8 0x00000000
core   0: 0x80002104 (0x03f5e1b3) rem     gp, a1, t6
core   0: 3 0x80002104 (0x03f5e1b3) x 3 0x00000000
core   0: 0x80002108 (0x0111c863) blt     gp, a7, pc + 16
core   0: 3 0x80002108 (0x0111c863)
core   0: 0x8000210c (0x41918c33) sub     s8, gp, s9
core   0: 3 0x8000210c (0x41918c33) x24 0x00000000
core   0: 0x80002110 (0x000f5e63) bgez    t5, pc + 28
core   0: 3 0x80002110 (0x000f5e63)
core   0: 0x80002114 (0x0274c1b3) div     gp, s1, t2
core   0: 3 0x80002114 (0x0274c1b3) x 3 0x00000000
core   0: 0x80002118 (0x00135ab3) srl     s5, t1, ra
core   0: 3 0x80002118 (0x00135ab3) x21 0x7ffd631c
core   0: 0x8000211c (0x038ba633) mulhsu  a2, s7, s8
core   0: 3 0x8000211c (0x038ba633) x12 0x00000000
core   0: 0x80002120 (0xe196f693) andi    a3, a3, -487
core   0: 3 0x80002120 (0xe196f693) x13 0xfffffe18
core   0: 0x80002124 (0x50242e93) slti    t4, s0, 1282
core   0: 3 0x80002124 (0x50242e93) x29 0x00000001
core   0: 0x80002128 (0x011d8ab3) add     s5, s11, a7
core   0: 3 0x80002128 (0x011d8ab3) x21 0x80029ce4
core   0: 0x8000212c (0xbc9bfc93) andi    s9, s7, -1079
core   0: 3 0x8000212c (0xbc9bfc93) x25 0x00000000
core   0: 0x80002130 (0x40e7d593) srai    a1, a5, 14
core   0: 3 0x80002130 (0x40e7d593) x11 0x00000000
core   0: 0x80002134 (0x004dad33) slt     s10, s11, tp
core   0: 3 0x80002134 (0x004dad33) x26 0x00000001
core   0: 0x80002138 (0x005b3633) sltu    a2, s6, t0
core   0: 3 0x80002138 (0x005b3633) x12 0x00000000
core   0: 0x8000213c (0x005c8533) add     a0, s9, t0
core   0: 3 0x8000213c (0x005c8533) x10 0x7ffda3bf
core   0: 0x80002140 (0x00cad193) srli    gp, s5, 12
core   0: 3 0x80002140 (0x00cad193) x 3 0x00080029
core   0: 0x80002144 (0x0084c9b3) xor     s3, s1, s0
core   0: 3 0x80002144 (0x0084c9b3) x19 0x00000000
core   0: 0x80002148 (0x40d38a33) sub     s4, t2, a3
core   0: 3 0x80002148 (0x40d38a33) x20 0x00000414
core   0: 0x8000214c (0x358f3693) sltiu   a3, t5, 856
core   0: 3 0x8000214c (0x358f3693) x13 0x00000000
core   0: 0x80002150 (0x052a1463) bne     s4, s2, pc + 72
core   0: 3 0x80002150 (0x052a1463)
core   0: 0x80002198 (0x02a7ac33) mulhsu  s8, a5, a0
core   0: 3 0x80002198 (0x02a7ac33) x24 0x00000003
core   0: 0x8000219c (0x018064b3) or      s1, zero, s8
core   0: 3 0x8000219c (0x018064b3) x 9 0x00000003
core   0: 0x800021a0 (0x01ca1493) slli    s1, s4, 28
core   0: 3 0x800021a0 (0x01ca1493) x 9 0x40000000
core   0: 0x800021a4 (0x00000013) nop
core   0: 3 0x800021a4 (0x00000013)
core   0: 0x800021a8 (0x03402a33) mulhsu  s4, zero, s4
core   0: 3 0x800021a8 (0x03402a33) x20 0x00000000
core   0: 0x800021ac (0x020e8e63) beqz    t4, pc + 60
core   0: 3 0x800021ac (0x020e8e63)
core   0: 0x800021b0 (0xa65889b7) lui     s3, 0xa6588
core   0: 3 0x800021b0 (0xa65889b7) x19 0xa6588000
core   0: 0x800021b4 (0x0568f263) bgeu    a7, s6, pc + 68
core   0: 3 0x800021b4 (0x0568f263)
core   0: 0x800021b8 (0x038bf6b3) remu    a3, s7, s8
core   0: 3 0x800021b8 (0x038bf6b3) x13 0x00000000
core   0: 0x800021bc (0x03287463) bgeu    a6, s2, pc + 40
core   0: 3 0x800021bc (0x03287463)
core   0: 0x800021c0 (0xf9062897) auipc   a7, 0xf9062
core   0: 3 0x800021c0 (0xf9062897) x17 0x790641c0
core   0: 0x800021c4 (0x034fba33) mulhu   s4, t6, s4
core   0: 3 0x800021c4 (0x034fba33) x20 0x00000000
core   0: 0x800021c8 (0x5d693f13) sltiu   t5, s2, 1494
core   0: 3 0x800021c8 (0x5d693f13) x30 0x00000000
core   0: 0x800021cc (0x0150d213) srli    tp, ra, 21
core   0: 3 0x800021cc (0x0150d213) x 4 0x00000000
core   0: 0x800021d0 (0x004cceb3) xor     t4, s9, tp
core   0: 3 0x800021d0 (0x004cceb3) x29 0x00000000
core   0: 0x800021d4 (0x02d19f33) mulh    t5, gp, a3
core   0: 3 0x800021d4 (0x02d19f33) x30 0x00000000
core   0: 0x800021d8 (0x40e380b3) sub     ra, t2, a4
core   0: 3 0x800021d8 (0x40e380b3) x 1 0x14eb2746
core   0: 0x800021dc (0x99288913) addi    s2, a7, -1646
core   0: 3 0x800021dc (0x99288913) x18 0x79063b52
core   0: 0x800021e0 (0x03cf1c63) bne     t5, t3, pc + 56
core   0: 3 0x800021e0 (0x03cf1c63)
core   0: 0x80002218 (0xf61ba793) slti    a5, s7, -159
core   0: 3 0x80002218 (0xf61ba793) x15 0x00000000
core   0: 0x8000221c (0xfa12c113) xori    sp, t0, -95
core   0: 3 0x8000221c (0xfa12c113) x 2 0x80025c1e
core   0: 0x80002220 (0x029e8a33) mul     s4, t4, s1
core   0: 3 0x80002220 (0x029e8a33) x20 0x00000000
core   0: 0x80002224 (0x029b8d33) mul     s10, s7, s1
core   0: 3 0x80002224 (0x029b8d33) x26 0x00000000
core   0: 0x80002228 (0x40328833) sub     a6, t0, gp
core   0: 3 0x80002228 (0x40328833) x16 0x7ff5a396
core   0: 0x8000222c (0x039a6863) bltu    s4, s9, pc + 48
core   0: 3 0x8000222c (0x039a6863)
core   0: 0x80002230 (0x0364aa33) mulhsu  s4, s1, s6
core   0: 3 0x80002230 (0x0364aa33) x20 0x20009799
core   0: 0x80002234 (0xb6b0a393) slti    t2, ra, -1173
core   0: 3 0x80002234 (0xb6b0a393) x 7 0x00000000
core   0: 0x80002238 (0x012b01b3) add     gp, s6, s2
core   0: 3 0x80002238 (0x012b01b3) x 3 0xf90899b6
core   0: 0x8000223c (0x03c9a2b3) mulhsu  t0, s3, t3
core   0: 3 0x8000223c (0x03c9a2b3) x 5 0xd32b6b9f
core   0: 0x80002240 (0x03198663) beq     s3, a7, pc + 44
core   0: 3 0x80002240 (0x03198663)
core   0: 0x80002244 (0x03f849b3) div     s3, a6, t6
core   0: 3 0x80002244 (0x03f849b3) x19 0xe002971b
core   0: 0x80002248 (0x036b9063) bne     s7, s6, pc + 32
core   0: 3 0x80002248 (0x036b9063)
core   0: 0x80002268 (0x00efcfb3) xor     t6, t6, a4
core   0: 3 0x80002268 (0x00efcfb3) x31 0x14eb251a
core   0: 0x8000226c (0x020d7133) remu    sp, s10, zero
core   0: 3 0x8000226c (0x020d7133) x 2 0x00000000
core   0: 0x80002270 (0x402c54b3) sra     s1, s8, sp
core   0: 3 0x80002270 (0x402c54b3) x 9 0x00000003
core   0: 0x80002274 (0x039b1333) mulh    t1, s6, s9
core   0: 3 0x80002274 (0x039b1333) x 6 0x00000000
core   0: 0x80002278 (0x007c4e63) blt     s8, t2, pc + 28
core   0: 3 0x80002278 (0x007c4e63)
core   0: 0x8000227c (0x0246d0b3) divu    ra, a3, tp
core   0: 3 0x8000227c (0x0246d0b3) x 1 0xffffffff
core   0: 0x80002280 (0x003fa7b3) slt     a5, t6, gp
core   0: 3 0x80002280 (0x003fa7b3) x15 0x00000000
core   0: 0x80002284 (0x03d19533) mulh    a0, gp, t4
core   0: 3 0x80002284 (0x03d19533) x10 0x00000000
core   0: 0x80002288 (0x013c8533) add     a0, s9, s3
core   0: 3 0x80002288 (0x013c8533) x10 0xe002971b
core   0: 0x8000228c (0x01234a63) blt     t1, s2, pc + 20
core   0: 3 0x8000228c (0x01234a63)
core   0: 0x800022a0 (0x0177d1b3) srl     gp, a5, s7
core   0: 3 0x800022a0 (0x0177d1b3) x 3 0x00000000
core   0: 0x800022a4 (0x409d5033) sra     zero, s10, s1
core   0: 3 0x800022a4 (0x409d5033)
core   0: 0x800022a8 (0x0216b7b3) mulhu   a5, a3, ra
core   0: 3 0x800022a8 (0x0216b7b3) x15 0x00000000
core   0: 0x800022ac (0x012fbcb3) sltu    s9, t6, s2
core   0: 3 0x800022ac (0x012fbcb3) x25 0x00000001
core   0: 0x800022b0 (0xbf799d37) lui     s10, 0xbf799
core   0: 3 0x800022b0 (0xbf799d37) x26 0xbf799000
core   0: 0x800022b4 (0xbe22b593) sltiu   a1, t0, -1054
core   0: 3 0x800022b4 (0xbe22b593) x11 0x00000001
core   0: 0x800022b8 (0x0172a7b3) slt     a5, t0, s7
core   0: 3 0x800022b8 (0x0172a7b3) x15 0x00000001
core   0: 0x800022bc (0x411c5593) srai    a1, s8, 17
core   0: 3 0x800022bc (0x411c5593) x11 0x00000000
core   0: 0x800022c0 (0x08220863) beq     tp, sp, pc + 144
core   0: 3 0x800022c0 (0x08220863)
core   0: 0x80002350 (0x02994533) div     a0, s2, s1
core   0: 3 0x80002350 (0x02994533) x10 0x2857691b
core   0: 0x80002354 (0x01c2df93) srli    t6, t0, 28
core   0: 3 0x80002354 (0x01c2df93) x31 0x0000000d
core   0: 0x80002358 (0x004cdc13) srli    s8, s9, 4
core   0: 3 0x80002358 (0x004cdc13) x24 0x00000000
core   0: 0x8000235c (0x0218e463) bltu    a7, ra, pc + 40
core   0: 3 0x8000235c (0x0218e463)
core   0: 0x80002384 (0x826ba9b7) lui     s3, 0x826ba
core   0: 3 0x80002384 (0x826ba9b7) x19 0x826ba000
core   0: 0x80002388 (0x03a465b3) rem     a1, s0, s10
core   0: 3 0x80002388 (0x03a465b3) x11 0x00000000
core   0: 0x8000238c (0x0249e863) bltu    s3, tp, pc + 48
core   0: 3 0x8000238c (0x0249e863)
core   0: 0x80002390 (0xaaaa6bb7) lui     s7, 0xaaaa6
core   0: 3 0x80002390 (0xaaaa6bb7) x23 0xaaaa6000
core   0: 0x80002394 (0x036ef8b3) remu    a7, t4, s6
core   0: 3 0x80002394 (0x036ef8b3) x17 0x00000000
core   0: 0x80002398 (0x01be3a33) sltu    s4, t3, s11
core   0: 3 0x80002398 (0x01be3a33) x20 0x00000001
core   0: 0x8000239c (0x02eb4a33) div     s4, s6, a4
core   0: 3 0x8000239c (0x02eb4a33) x20 0x00000006
core   0: 0x800023a0 (0x0265b233) mulhu   tp, a1, t1
core   0: 3 0x800023a0 (0x0265b233) x 4 0x00000000
core   0: 0x800023a4 (0x009ccab3) xor     s5, s9, s1
core   0: 3 0x800023a4 (0x009ccab3) x21 0x00000002
core   0: 0x800023a8 (0x22b5f193) andi    gp, a1, 555
core   0: 3 0x800023a8 (0x22b5f193) x 3 0x00000000
core   0: 0x800023ac (0x03ff1463) bne     t5, t6, pc + 40
core   0: 3 0x800023ac (0x03ff1463)
core   0: 0x800023d4 (0x025206b3) mul     a3, tp, t0
core   0: 3 0x800023d4 (0x025206b3) x13 0x00000000
core   0: 0x800023d8 (0x05231063) bne     t1, s2, pc + 64
core   0: 3 0x800023d8 (0x05231063)
core   0: 0x80002418 (0x00935c63) bge     t1, s1, pc + 24
core   0: 3 0x80002418 (0x00935c63)
core   0: 0x8000241c (0x00a49113) slli    sp, s1, 10
core   0: 3 0x8000241c (0x00a49113) x 2 0x00000c00
core   0: 0x80002420 (0x0160aa33) slt     s4, ra, s6
core   0: 3 0x80002420 (0x0160aa33) x20 0x00000000
core   0: 0x80002424 (0x0082a133) slt     sp, t0, s0
core   0: 3 0x80002424 (0x0082a133) x 2 0x00000001
core   0: 0x80002428 (0x00be1e93) slli    t4, t3, 11
core   0: 3 0x80002428 (0x00be1e93) x29 0x12f36000
core   0: 0x8000242c (0x7f704a97) auipc   s5, 0x7f704
core   0: 3 0x8000242c (0x7f704a97) x21 0xff70642c
core   0: 0x80002430 (0x00ac6663) bltu    s8, a0, pc + 12
core   0: 3 0x80002430 (0x00ac6663)
core   0: 0x8000243c (0x034264b3) rem     s1, tp, s4
core   0: 3 0x8000243c (0x034264b3) x 9 0x00000000
core   0: 0x80002440 (0x03bace33) div     t3, s5, s11
core   0: 3 0x80002440 (0x03bace33) x28 0x00000000
core   0: 0x80002444 (0x0133de33) srl     t3, t2, s3
core   0: 3 0x80002444 (0x0133de33) x28 0x00000000
core   0: 0x80002448 (0x01061863) bne     a2, a6, pc + 16
core   0: 3 0x80002448 (0x01061863)
core   0: 0x80002458 (0x01239bb3) sll     s7, t2, s2
core   0: 3 0x80002458 (0x01239bb3) x23 0x00000000
core   0: 0x8000245c (0xeb0ffb93) andi    s7, t6, -336
core   0: 3 0x8000245c (0xeb0ffb93) x23 0x00000000
core   0: 0x80002460 (0x0c43ee93) ori     t4, t2, 196
core   0: 3 0x80002460 (0x0c43ee93) x29 0x000000c4
core   0: 0x80002464 (0x007136b3) sltu    a3, sp, t2
core   0: 3 0x80002464 (0x007136b3) x13 0x00000000
core   0: 0x80002468 (0x010af133) and     sp, s5, a6
core   0: 3 0x80002468 (0x010af133) x 2 0x7f702004
core   0: 0x8000246c (0x00000013) nop
core   0: 3 0x8000246c (0x00000013)
core   0: 0x80002470 (0x881c7e93) andi    t4, s8, -1919
core   0: 3 0x80002470 (0x881c7e93) x29 0x00000000
core   0: 0x80002474 (0x9bab6e13) ori     t3, s6, -1606
core   0: 3 0x80002474 (0x9bab6e13) x28 0xfffffffe
core   0: 0x80002478 (0xa13f0c93) addi    s9, t5, -1517
core   0: 3 0x80002478 (0xa13f0c93) x25 0xfffffa13
core   0: 0x8000247c (0x00a6d463) bge     a3, a0, pc + 8
core   0: 3 0x8000247c (0x00a6d463)
core   0: 0x80002480 (0x01e40333) add     t1, s0, t5
core   0: 3 0x80002480 (0x01e40333) x 6 0x00000000
core   0: 0x80002484 (0x00da7233) and     tp, s4, a3
core   0: 3 0x80002484 (0x00da7233) x 4 0x00000000
core   0: 0x80002488 (0xfee4cc13) xori    s8, s1, -18
core   0: 3 0x80002488 (0xfee4cc13) x24 0xffffffee
core   0: 0x8000248c (0x027fa5b3) mulhsu  a1, t6, t2
core   0: 3 0x8000248c (0x027fa5b3) x11 0x00000000
core   0: 0x80002490 (0x02374c33) div     s8, a4, gp
core   0: 3 0x80002490 (0x02374c33) x24 0xffffffff
core   0: 0x80002494 (0x03b21a33) mulh    s4, tp, s11
core   0: 3 0x80002494 (0x03b21a33) x20 0x00000000
core   0: 0x80002498 (0xace0ac93) slti    s9, ra, -1330
core   0: 3 0x80002498 (0xace0ac93) x25 0x00000000
core   0: 0x8000249c (0x03199a63) bne     s3, a7, pc + 52
core   0: 3 0x8000249c (0x03199a63)
core   0: 0x800024d0 (0x05ae1263) bne     t3, s10, pc + 68
core   0: 3 0x800024d0 (0x05ae1263)
core   0: 0x80002514 (0x20cc2917) auipc   s2, 0x20cc2
core   0: 3 0x80002514 (0x20cc2917) x18 0xa0cc4514
core   0: 0x80002518 (0xfa662513) slti    a0, a2, -90
core   0: 3 0x80002518 (0xfa662513) x10 0x00000000
core   0: 0x8000251c (0xf535c693) xori    a3, a1, -173
core   0: 3 0x8000251c (0xf535c693) x13 0xffffff53
core   0: 0x80002520 (0x00000013) nop
core   0: 3 0x80002520 (0x00000013)
core   0: 0x80002524 (0x00369f33) sll     t5, a3, gp
core   0: 3 0x80002524 (0x00369f33) x30 0xffffff53
core   0: 0x80002528 (0xa3dbfc37) lui     s8, 0xa3dbf
core   0: 3 0x80002528 (0xa3dbfc37) x24 0xa3dbf000
core   0: 0x8000252c (0x03da4663) blt     s4, t4, pc + 44
core   0: 3 0x8000252c (0x03da4663)
core   0: 0x80002530 (0x018f7e63) bgeu    t5, s8, pc + 28
core   0: 3 0x80002530 (0x018f7e63)
core   0: 0x8000254c (0xae26f317) auipc   t1, 0xae26f
core   0: 3 0x8000254c (0xae26f317) x 6 0x2e27154c
core   0: 0x80002550 (0x01a5aa33) slt     s4, a1, s10
core   0: 3 0x80002550 (0x01a5aa33) x20 0x00000000
core   0: 0x80002554 (0xddb6ac13) slti    s8, a3, -549
core   0: 3 0x80002554 (0xddb6ac13) x24 0x00000000
core   0: 0x80002558 (0x401d59b3) sra     s3, s10, ra
core   0: 3 0x80002558 (0x401d59b3) x19 0xffffffff
core   0: 0x8000255c (0xeadeb637) lui     a2, 0xeadeb
core   0: 3 0x8000255c (0xeadeb637) x12 0xeadeb000
core   0: 0x80002560 (0xc6821697) auipc   a3, 0xc6821
core   0: 3 0x80002560 (0xc6821697) x13 0x46823560
core   0: 0x80002564 (0x02190063) beq     s2, ra, pc + 32
core   0: 3 0x80002564 (0x02190063)
core   0: 0x80002568 (0x558c6013) ori     zero, s8, 1368
core   0: 3 0x80002568 (0x558c6013)
core   0: 0x8000256c (0x05928263) beq     t0, s9, pc + 68
core   0: 3 0x8000256c (0x05928263)
core   0: 0x80002570 (0x012fda63) bge     t6, s2, pc + 20
core   0: 3 0x80002570 (0x012fda63)
core   0: 0x80002584 (0x035ed933) divu    s2, t4, s5
core   0: 3 0x80002584 (0x035ed933) x18 0x00000000
core   0: 0x80002588 (0x4a1bb893) sltiu   a7, s7, 1185
core   0: 3 0x80002588 (0x4a1bb893) x17 0x00000001
core   0: 0x8000258c (0x00000013) nop
core   0: 3 0x8000258c (0x00000013)
core   0: 0x80002590 (0x00000013) nop
core   0: 3 0x80002590 (0x00000013)
core   0: 0x80002594 (0x03a97233) remu    tp, s2, s10
core   0: 3 0x80002594 (0x03a97233) x 4 0x00000000
core   0: 0x80002598 (0x005abcb3) sltu    s9, s5, t0
core   0: 3 0x80002598 (0x005abcb3) x25 0x00000000
core   0: 0x8000259c (0x01dab133) sltu    sp, s5, t4
core   0: 3 0x8000259c (0x01dab133) x 2 0x00000000
core   0: 0x800025a0 (0x00c969b3) or      s3, s2, a2
core   0: 3 0x800025a0 (0x00c969b3) x19 0xeadeb000
core   0: 0x800025a4 (0x0024f663) bgeu    s1, sp, pc + 12
core   0: 3 0x800025a4 (0x0024f663)
core   0: 0x800025b0 (0x62ec7293) andi    t0, s8, 1582
core   0: 3 0x800025b0 (0x62ec7293) x 5 0x00000000
core   0: 0x800025b4 (0x022db3b3) mulhu   t2, s11, sp
core   0: 3 0x800025b4 (0x022db3b3) x 7 0x00000000
core   0: 0x800025b8 (0x83bf2017) auipc   zero, 0x83bf2
core   0: 3 0x800025b8 (0x83bf2017)
core   0: 0x800025bc (0xfa5e3213) sltiu   tp, t3, -91
core   0: 3 0x800025bc (0xfa5e3213) x 4 0x00000000
core   0: 0x800025c0 (0x00a90433) add     s0, s2, a0
core   0: 3 0x800025c0 (0x00a90433) x 8 0x00000000
core   0: 0x800025c4 (0x03de8863) beq     t4, t4, pc + 48
core   0: 3 0x800025c4 (0x03de8863)
core   0: 0x800025f4 (0x018f7ab3) and     s5, t5, s8
core   0: 3 0x800025f4 (0x018f7ab3) x21 0x00000000
core   0: 0x800025f8 (0x6d4dfe37) lui     t3, 0x6d4df
core   0: 3 0x800025f8 (0x6d4dfe37) x28 0x6d4df000
core   0: 0x800025fc (0x04c69063) bne     a3, a2, pc + 64
core   0: 3 0x800025fc (0x04c69063)
core   0: 0x8000263c (0x02150463) beq     a0, ra, pc + 40
core   0: 3 0x8000263c (0x02150463)
core   0: 0x80002640 (0xae26f213) andi    tp, a3, -1310
core   0: 3 0x80002640 (0xae26f213) x 4 0x46823060
core   0: 0x80002644 (0xb95bee93) ori     t4, s7, -1131
core   0: 3 0x80002644 (0xb95bee93) x29 0xfffffb95
core   0: 0x80002648 (0x03d64233) div     tp, a2, t4
core   0: 3 0x80002648 (0x03d64233) x 4 0x0004c863
core   0: 0x8000264c (0x01836f33) or      t5, t1, s8
core   0: 3 0x8000264c (0x01836f33) x30 0x2e27154c
core   0: 0x80002650 (0x01f0cd33) xor     s10, ra, t6
core   0: 3 0x80002650 (0x01f0cd33) x26 0xfffffff2
core   0: 0x80002654 (0xbf12c993) xori    s3, t0, -1039
core   0: 3 0x80002654 (0xbf12c993) x19 0xfffffbf1
core   0: 0x80002658 (0x012f78b3) and     a7, t5, s2
core   0: 3 0x80002658 (0x012f78b3) x17 0x00000000
core   0: 0x8000265c (0x94bc0197) auipc   gp, 0x94bc0
core   0: 3 0x8000265c (0x94bc0197) x 3 0x14bc265c
core   0: 0x80002660 (0x01304c63) blt     zero, s3, pc + 24
core   0: 3 0x80002660 (0x01304c63)
core   0: 0x80002664 (0x006fceb3) xor     t4, t6, t1
core   0: 3 0x80002664 (0x006fceb3) x29 0x2e271541
core   0: 0x80002668 (0xa01ae093) ori     ra, s5, -1535
core   0: 3 0x80002668 (0xa01ae093) x 1 0xfffffa01
core   0: 0x8000266c (0x025adf33) divu    t5, s5, t0
core   0: 3 0x8000266c (0x025adf33) x30 0xffffffff
core   0: 0x80002670 (0x0060df93) srli    t6, ra, 6
core   0: 3 0x80002670 (0x0060df93) x31 0x03ffffe8
core   0: 0x80002674 (0x01eca1b3) slt     gp, s9, t5
core   0: 3 0x80002674 (0x01eca1b3) x 3 0x00000000
core   0: 0x80002678 (0x039b2d33) mulhsu  s10, s6, s9
core   0: 3 0x80002678 (0x039b2d33) x26 0x00000000
core   0: 0x8000267c (0x0067f933) and     s2, a5, t1
core   0: 3 0x8000267c (0x0067f933) x18 0x00000000
core   0: 0x80002680 (0x41dae217) auipc   tp, 0x41dae
core   0: 3 0x80002680 (0x41dae217) x 4 0xc1db0680
core   0: 0x80002684 (0x6ef37c13) andi    s8, t1, 1775
core   0: 3 0x80002684 (0x6ef37c13) x24 0x0000044c
core   0: 0x80002688 (0x0127c1b3) xor     gp, a5, s2
core   0: 3 0x80002688 (0x0127c1b3) x 3 0x00000001
core   0: 0x8000268c (0x00895113) srli    sp, s2, 8
core   0: 3 0x8000268c (0x00895113) x 2 0x00000000
core   0: 0x80002690 (0x3252fa13) andi    s4, t0, 805
core   0: 3 0x80002690 (0x3252fa13) x20 0x00000000
core   0: 0x80002694 (0x0254fa33) remu    s4, s1, t0
core   0: 3 0x80002694 (0x0254fa33) x20 0x00000000
core   0: 0x80002698 (0x02eedeb3) divu    t4, t4, a4
core   0: 3 0x80002698 (0x02eedeb3) x29 0x00000000
core   0: 0x8000269c (0x0383fab3) remu    s5, t2, s8
core   0: 3 0x8000269c (0x0383fab3) x21 0x00000000
core   0: 0x800026a0 (0x02b9ce63) blt     s3, a1, pc + 60
core   0: 3 0x800026a0 (0x02b9ce63)
core   0: 0x800026dc (0x49873d13) sltiu   s10, a4, 1176
core   0: 3 0x800026dc (0x49873d13) x26 0x00000000
core   0: 0x800026e0 (0x00e75093) srli    ra, a4, 14
core   0: 3 0x800026e0 (0x00e75093) x 1 0x0003ac53
core   0: 0x800026e4 (0x021bc533) div     a0, s7, ra
core   0: 3 0x800026e4 (0x021bc533) x10 0x00000000
core   0: 0x800026e8 (0x02a46333) rem     t1, s0, a0
core   0: 3 0x800026e8 (0x02a46333) x 6 0x00000000
core   0: 0x800026ec (0x002b1463) bne     s6, sp, pc + 8
core   0: 3 0x800026ec (0x002b1463)
core   0: 0x800026f4 (0x03d6e233) rem     tp, a3, t4
core   0: 3 0x800026f4 (0x03d6e233) x 4 0x46823560
core   0: 0x800026f8 (0x010a7233) and     tp, s4, a6
core   0: 3 0x800026f8 (0x010a7233) x 4 0x00000000
core   0: 0x800026fc (0x3bcd0497) auipc   s1, 0x3bcd0
core   0: 3 0x800026fc (0x3bcd0497) x 9 0xbbcd26fc
core   0: 0x80002700 (0x005ef633) and     a2, t4, t0
core   0: 3 0x80002700 (0x005ef633) x12 0x00000000
core   0: 0x80002704 (0x40b8dfb3) sra     t6, a7, a1
core   0: 3 0x80002704 (0x40b8dfb3) x31 0x00000000
core   0: 0x80002708 (0x01e4dc93) srli    s9, s1, 30
core   0: 3 0x80002708 (0x01e4dc93) x25 0x00000002
core   0: 0x8000270c (0x01ef6f33) or      t5, t5, t5
core   0: 3 0x8000270c (0x01ef6f33) x30 0xffffffff
core   0: 0x80002710 (0x9c8b8d13) addi    s10, s7, -1592
core   0: 3 0x80002710 (0x9c8b8d13) x26 0xfffff9c8
core   0: 0x80002714 (0x409b5513) srai    a0, s6, 9
core   0: 3 0x80002714 (0x409b5513) x10 0xffc0012f
core   0: 0x80002718 (0x035d1eb3) mulh    t4, s10, s5
core   0: 3 0x80002718 (0x035d1eb3) x29 0x00000000
core   0: 0x8000271c (0x00000013) nop
core   0: 3 0x8000271c (0x00000013)
core   0: 0x80002720 (0x9f1b7313) andi    t1, s6, -1551
core   0: 3 0x80002720 (0x9f1b7313) x 6 0x80025860
core   0: 0x80002724 (0x021064b3) rem     s1, zero, ra
core   0: 3 0x80002724 (0x021064b3) x 9 0x00000000
core   0: 0x80002728 (0x000938b3) sltu    a7, s2, zero
core   0: 3 0x80002728 (0x000938b3) x17 0x00000000
core   0: 0x8000272c (0x025eff33) remu    t5, t4, t0
core   0: 3 0x8000272c (0x025eff33) x30 0x00000000
core   0: 0x80002730 (0x0264a6b3) mulhsu  a3, s1, t1
core   0: 3 0x80002730 (0x0264a6b3) x13 0x00000000
core   0: 0x80002734 (0x409cd6b3) sra     a3, s9, s1
core   0: 3 0x80002734 (0x409cd6b3) x13 0x00000002
core   0: 0x80002738 (0x00ae9e33) sll     t3, t4, a0
core   0: 3 0x80002738 (0x00ae9e33) x28 0x00000000
core   0: 0x8000273c (0x02ad9e33) mulh    t3, s11, a0
core   0: 3 0x8000273c (0x02ad9e33) x28 0x001ffec1
core   0: 0x80002740 (0x05ab5663) bge     s6, s10, pc + 76
core   0: 3 0x80002740 (0x05ab5663)
core   0: 0x80002744 (0xe848cc93) xori    s9, a7, -380
core   0: 3 0x80002744 (0xe848cc93) x25 0xfffffe84
core   0: 0x80002748 (0x5dbb6493) ori     s1, s6, 1499
core   0: 3 0x80002748 (0x5dbb6493) x 9 0x80025fff
core   0: 0x8000274c (0x00000013) nop
core   0: 3 0x8000274c (0x00000013)
core   0: 0x80002750 (0xf7747913) andi    s2, s0, -137
core   0: 3 0x80002750 (0xf7747913) x18 0x00000000
core   0: 0x80002754 (0x02860063) beq     a2, s0, pc + 32
core   0: 3 0x80002754 (0x02860063)
core   0: 0x80002774 (0x01155e93) srli    t4, a0, 17
core   0: 3 0x80002774 (0x01155e93) x29 0x00007fe0
core   0: 0x80002778 (0x85c28113) addi    sp, t0, -1956
core   0: 3 0x80002778 (0x85c28113) x 2 0xfffff85c
core   0: 0x8000277c (0x74cc4193) xori    gp, s8, 1868
core   0: 3 0x8000277c (0x74cc4193) x 3 0x00000300
core   0: 0x80002780 (0x02ddebb3) rem     s7, s11, a3
core   0: 3 0x80002780 (0x02ddebb3) x23 0x00000000
core   0: 0x80002784 (0x0308e663) bltu    a7, a6, pc + 44
core   0: 3 0x80002784 (0x0308e663)
core   0: 0x800027b0 (0x354d6a13) ori     s4, s10, 852
core   0: 3 0x800027b0 (0x354d6a13) x20 0xfffffbdc
core   0: 0x800027b4 (0x00fc4ab3) xor     s5, s8, a5
core   0: 3 0x800027b4 (0x00fc4ab3) x21 0x0000044d
core   0: 0x800027b8 (0x02139a63) bne     t2, ra, pc + 52
core   0: 3 0x800027b8 (0x02139a63)
core   0: 0x800027ec (0x013a6463) bltu    s4, s3, pc + 8
core   0: 3 0x800027ec (0x013a6463)
core   0: 0x800027f4 (0xf805c513) xori    a0, a1, -128
core   0: 3 0x800027f4 (0xf805c513) x10 0xffffff80
core   0: 0x800027f8 (0x03ece863) bltu    s9, t5, pc + 48
core   0: 3 0x800027f8 (0x03ece863)
core   0: 0x800027fc (0xac6e6613) ori     a2, t3, -1338
core   0: 3 0x800027fc (0xac6e6613) x12 0xfffffec7
core   0: 0x80002800 (0x02aa5fb3) divu    t6, s4, a0
core   0: 3 0x80002800 (0x02aa5fb3) x31 0x00000000
core   0: 0x80002804 (0x007f5ab3) srl     s5, t5, t2
core   0: 3 0x80002804 (0x007f5ab3) x21 0x00000000
core   0: 0x80002808 (0x03c66663) bltu    a2, t3, pc + 44
core   0: 3 0x80002808 (0x03c66663)
core   0: 0x8000280c (0x412cd113) srai    sp, s9, 18
core   0: 3 0x8000280c (0x412cd113) x 2 0xffffffff
core   0: 0x80002810 (0x0194d493) srli    s1, s1, 25
core   0: 3 0x80002810 (0x0194d493) x 9 0x00000040
core   0: 0x80002814 (0xb6a65b97) auipc   s7, 0xb6a65
core   0: 3 0x80002814 (0xb6a65b97) x23 0x36a67814
core   0: 0x80002818 (0x08b27e13) andi    t3, tp, 139
core   0: 3 0x80002818 (0x08b27e13) x28 0x00000000
core   0: 0x8000281c (0xb52e7d13) andi    s10, t3, -1198
core   0: 3 0x8000281c (0xb52e7d13) x26 0x00000000
core   0: 0x80002820 (0xcf397493) andi    s1, s2, -781
core   0: 3 0x80002820 (0xcf397493) x 9 0x00000000
core   0: 0x80002824 (0x03d94eb3) div     t4, s2, t4
core   0: 3 0x80002824 (0x03d94eb3) x29 0x00000000
core   0: 0x80002828 (0x023fce63) blt     t6, gp, pc + 60
core   0: 3 0x80002828 (0x023fce63)
core   0: 0x80002864 (0x00000013) nop
core   0: 3 0x80002864 (0x00000013)
core   0: 0x80002868 (0x40988eb3) sub     t4, a7, s1
core   0: 3 0x80002868 (0x40988eb3) x29 0x00000000
core   0: 0x8000286c (0x7674e493) ori     s1, s1, 1895
core   0: 3 0x8000286c (0x7674e493) x 9 0x00000767
core   0: 0x80002870 (0x1f82ae37) lui     t3, 0x1f82a
core   0: 3 0x80002870 (0x1f82ae37) x28 0x1f82a000
core   0: 0x80002874 (0x03fc9333) mulh    t1, s9, t6
core   0: 3 0x80002874 (0x03fc9333) x 6 0x00000000
core   0: 0x80002878 (0x040e6663) bltu    t3, zero, pc + 76
core   0: 3 0x80002878 (0x040e6663)
core   0: 0x8000287c (0x00e0a0b3) slt     ra, ra, a4
core   0: 3 0x8000287c (0x00e0a0b3) x 1 0x00000000
core   0: 0x80002880 (0x01c2c433) xor     s0, t0, t3
core   0: 3 0x80002880 (0x01c2c433) x 8 0x1f82a000
core   0: 0x80002884 (0x009e5613) srli    a2, t3, 9
core   0: 3 0x80002884 (0x009e5613) x12 0x000fc150
core   0: 0x80002888 (0x82ad3513) sltiu   a0, s10, -2006
core   0: 3 0x80002888 (0x82ad3513) x10 0x00000001
core   0: 0x8000288c (0xe7f4e293) ori     t0, s1, -385
core   0: 3 0x8000288c (0xe7f4e293) x 5 0xffffff7f
core   0: 0x80002890 (0x01013a33) sltu    s4, sp, a6
core   0: 3 0x80002890 (0x01013a33) x20 0x00000000
core   0: 0x80002894 (0x02eada63) bge     s5, a4, pc + 52
core   0: 3 0x80002894 (0x02eada63)
core   0: 0x800028c8 (0x0130efb3) or      t6, ra, s3
core   0: 3 0x800028c8 (0x0130efb3) x31 0xfffffbf1
core   0: 0x800028cc (0x03e08eb3) mul     t4, ra, t5
core   0: 3 0x800028cc (0x03e08eb3) x29 0x00000000
core   0: 0x800028d0 (0x01c9c133) xor     sp, s3, t3
core   0: 3 0x800028d0 (0x01c9c133) x 2 0xe07d5bf1
core   0: 0x800028d4 (0x419e51b3) sra     gp, t3, s9
core   0: 3 0x800028d4 (0x419e51b3) x 3 0x01f82a00
core   0: 0x800028d8 (0x41cc5613) srai    a2, s8, 28
core   0: 3 0x800028d8 (0x41cc5613) x12 0x00000000
core   0: 0x800028dc (0x02f39bb3) mulh    s7, t2, a5
core   0: 3 0x800028dc (0x02f39bb3) x23 0x00000000
core   0: 0x800028e0 (0x41765933) sra     s2, a2, s7
core   0: 3 0x800028e0 (0x41765933) x18 0x00000000
core   0: 0x800028e4 (0x00384533) xor     a0, a6, gp
core   0: 3 0x800028e4 (0x00384533) x10 0x7e0d8996
core   0: 0x800028e8 (0x012b5793) srli    a5, s6, 18
core   0: 3 0x800028e8 (0x012b5793) x15 0x00002000
core   0: 0x800028ec (0x0344f063) bgeu    s1, s4, pc + 32
core   0: 3 0x800028ec (0x0344f063)
core   0: 0x8000290c (0x02063633) mulhu   a2, a2, zero
core   0: 3 0x8000290c (0x02063633) x12 0x00000000
core   0: 0x80002910 (0x40e45c33) sra     s8, s0, a4
core   0: 3 0x80002910 (0x40e45c33) x24 0x007e0a80
core   0: 0x80002914 (0x1e09ad13) slti    s10, s3, 480
core   0: 3 0x80002914 (0x1e09ad13) x26 0x00000001
core   0: 0x80002918 (0x018b1793) slli    a5, s6, 24
core   0: 3 0x80002918 (0x018b1793) x15 0x64000000
core   0: 0x8000291c (0x0396e133) rem     sp, a3, s9
core   0: 3 0x8000291c (0x0396e133) x 2 0x00000002
core   0: 0x80002920 (0x0485d263) bge     a1, s0, pc + 68
core   0: 3 0x80002920 (0x0485d263)
core   0: 0x80002924 (0x02eb1eb3) mulh    t4, s6, a4
core   0: 3 0x80002924 (0x02eb1eb3) x29 0x0a756100
core   0: 0x80002928 (0xea884e17) auipc   t3, 0xea884
core   0: 3 0x80002928 (0xea884e17) x28 0x6a886928
core   0: 0x8000292c (0x007b3cb3) sltu    s9, s6, t2
core   0: 3 0x8000292c (0x007b3cb3) x25 0x00000000
core   0: 0x80002930 (0x03671863) bne     a4, s6, pc + 48
core   0: 3 0x80002930 (0x03671863)
core   0: 0x80002960 (0x9e978797) auipc   a5, 0x9e978
core   0: 3 0x80002960 (0x9e978797) x15 0x1e97a960
core   0: 0x80002964 (0x00628463) beq     t0, t1, pc + 8
core   0: 3 0x80002964 (0x00628463)
core   0: 0x80002968 (0x03afec63) bltu    t6, s10, pc + 56
core   0: 3 0x80002968 (0x03afec63)
core   0: 0x8000296c (0x92ea7113) andi    sp, s4, -1746
core   0: 3 0x8000296c (0x92ea7113) x 2 0x00000000
core   0: 0x80002970 (0x693b0c93) addi    s9, s6, 1683
core   0: 3 0x80002970 (0x693b0c93) x25 0x800264f7
core   0: 0x80002974 (0x0366c463) blt     a3, s6, pc + 40
core   0: 3 0x80002974 (0x0366c463)
core   0: 0x80002978 (0x05918263) beq     gp, s9, pc + 68
core   0: 3 0x80002978 (0x05918263)
core   0: 0x8000297c (0x40c8d793) srai    a5, a7, 12
core   0: 3 0x8000297c (0x40c8d793) x15 0x00000000
core   0: 0x80002980 (0x0443f463) bgeu    t2, tp, pc + 72
core   0: 3 0x80002980 (0x0443f463)
core   0: 0x800029c8 (0x013c6eb3) or      t4, s8, s3
core   0: 3 0x800029c8 (0x013c6eb3) x29 0xfffffbf1
core   0: 0x800029cc (0x5b852837) lui     a6, 0x5b852
core   0: 3 0x800029cc (0x5b852837) x16 0x5b852000
core   0: 0x800029d0 (0xfd663813) sltiu   a6, a2, -42
core   0: 3 0x800029d0 (0xfd663813) x16 0x00000001
core   0: 0x800029d4 (0x038d42b3) div     t0, s10, s8
core   0: 3 0x800029d4 (0x038d42b3) x 5 0x00000000
core   0: 0x800029d8 (0x7ad9bd13) sltiu   s10, s3, 1965
core   0: 3 0x800029d8 (0x7ad9bd13) x26 0x00000000
core   0: 0x800029dc (0x0b4e8813) addi    a6, t4, 180
core   0: 3 0x800029dc (0x0b4e8813) x16 0xfffffca5
core   0: 0x800029e0 (0x0128fc33) and     s8, a7, s2
core   0: 3 0x800029e0 (0x0128fc33) x24 0x00000000
core   0: 0x800029e4 (0x00824933) xor     s2, tp, s0
core   0: 3 0x800029e4 (0x00824933) x18 0x1f82a000
core   0: 0x800029e8 (0x022555b3) divu    a1, a0, sp
core   0: 3 0x800029e8 (0x022555b3) x11 0xffffffff
core   0: 0x800029ec (0x03ec5433) divu    s0, s8, t5
core   0: 3 0x800029ec (0x03ec5433) x 8 0xffffffff
core   0: 0x800029f0 (0x41ffd933) sra     s2, t6, t6
core   0: 3 0x800029f0 (0x41ffd933) x18 0xffffffff
core   0: 0x800029f4 (0x03d7a333) mulhsu  t1, a5, t4
core   0: 3 0x800029f4 (0x03d7a333) x 6 0x00000000
core   0: 0x800029f8 (0x0a472d13) slti    s10, a4, 164
core   0: 3 0x800029f8 (0x0a472d13) x26 0x00000001
core   0: 0x800029fc (0x02606633) rem     a2, zero, t1
core   0: 3 0x800029fc (0x02606633) x12 0x00000000
core   0: 0x80002a00 (0x01277f33) and     t5, a4, s2
core   0: 3 0x80002a00 (0x01277f33) x30 0xeb14dae6
core   0: 0x80002a04 (0x1f75b913) sltiu   s2, a1, 503
core   0: 3 0x80002a04 (0x1f75b913) x18 0x00000000
core   0: 0x80002a08 (0x027ed663) bge     t4, t2, pc + 44
core   0: 3 0x80002a08 (0x027ed663)
core   0: 0x80002a0c (0x5962e613) ori     a2, t0, 1430
core   0: 3 0x80002a0c (0x5962e613) x12 0x00000596
core   0: 0x80002a10 (0x03fe7fb3) remu    t6, t3, t6
core   0: 3 0x80002a10 (0x03fe7fb3) x31 0x6a886928
core   0: 0x80002a14 (0x7f1b3093) sltiu   ra, s6, 2033
core   0: 3 0x80002a14 (0x7f1b3093) x 1 0x00000000
core   0: 0x80002a18 (0x002ad433) srl     s0, s5, sp
core   0: 3 0x80002a18 (0x002ad433) x 8 0x00000000
core   0: 0x80002a1c (0x00355e63) bge     a0, gp, pc + 28
core   0: 3 0x80002a1c (0x00355e63)
core   0: 0x80002a38 (0x033eb7b3) mulhu   a5, t4, s3
core   0: 3 0x80002a38 (0x033eb7b3) x15 0xfffff7e2
core   0: 0x80002a3c (0x04b5f063) bgeu    a1, a1, pc + 64
core   0: 3 0x80002a3c (0x04b5f063)
core   0: 0x80002a7c (0x01f69863) bne     a3, t6, pc + 16
core   0: 3 0x80002a7c (0x01f69863)
core   0: 0x80002a8c (0x00e8d2b3) srl     t0, a7, a4
core   0: 3 0x80002a8c (0x00e8d2b3) x 5 0x00000000
core   0: 0x80002a90 (0x0091d293) srli    t0, gp, 9
core   0: 3 0x80002a90 (0x0091d293) x 5 0x0000fc15
core   0: 0x80002a94 (0x0388d533) divu    a0, a7, s8
core   0: 3 0x80002a94 (0x0388d533) x10 0xffffffff
core   0: 0x80002a98 (0x03a1ef33) rem     t5, gp, s10
core   0: 3 0x80002a98 (0x03a1ef33) x30 0x00000000
core   0: 0x80002a9c (0x04d36663) bltu    t1, a3, pc + 76
core   0: 3 0x80002a9c (0x04d36663)
core   0: 0x80002ae8 (0x0141aeb3) slt     t4, gp, s4
core   0: 3 0x80002ae8 (0x0141aeb3) x29 0x00000000
core   0: 0x80002aec (0x32413b93) sltiu   s7, sp, 804
core   0: 3 0x80002aec (0x32413b93) x23 0x00000001
core   0: 0x80002af0 (0x04bf6063) bltu    t5, a1, pc + 64
core   0: 3 0x80002af0 (0x04bf6063)
core   0: 0x80002b30 (0x4187de13) srai    t3, a5, 24
core   0: 3 0x80002b30 (0x4187de13) x28 0xffffffff
core   0: 0x80002b34 (0x01a3ca63) blt     t2, s10, pc + 20
core   0: 3 0x80002b34 (0x01a3ca63)
core   0: 0x80002b48 (0x0232d333) divu    t1, t0, gp
core   0: 3 0x80002b48 (0x0232d333) x 6 0x00000000
core   0: 0x80002b4c (0x01e11e93) slli    t4, sp, 30
core   0: 3 0x80002b4c (0x01e11e93) x29 0x00000000
core   0: 0x80002b50 (0x01b1b533) sltu    a0, gp, s11
core   0: 3 0x80002b50 (0x01b1b533) x10 0x00000001
core   0: 0x80002b54 (0x41a605b3) sub     a1, a2, s10
core   0: 3 0x80002b54 (0x41a605b3) x11 0x00000595
core   0: 0x80002b58 (0xc0482113) slti    sp, a6, -1020
core   0: 3 0x80002b58 (0xc0482113) x 2 0x00000000
core   0: 0x80002b5c (0x0244e133) rem     sp, s1, tp
core   0: 3 0x80002b5c (0x0244e133) x 2 0x00000767
core   0: 0x80002b60 (0x03634333) div     t1, t1, s6
core   0: 3 0x80002b60 (0x03634333) x 6 0x00000000
core   0: 0x80002b64 (0x035f0033) mul     zero, t5, s5
core   0: 3 0x80002b64 (0x035f0033)
core   0: 0x80002b68 (0x40d6d533) sra     a0, a3, a3
core   0: 3 0x80002b68 (0x40d6d533) x10 0x00000000
core   0: 0x80002b6c (0xcf260197) auipc   gp, 0xcf260
core   0: 3 0x80002b6c (0xcf260197) x 3 0x4f262b6c
core   0: 0x80002b70 (0x6737f693) andi    a3, a5, 1651
core   0: 3 0x80002b70 (0x6737f693) x13 0x00000662
core   0: 0x80002b74 (0x40265393) srai    t2, a2, 2
core   0: 3 0x80002b74 (0x40265393) x 7 0x00000165
core   0: 0x80002b78 (0xf2aeaa93) slti    s5, t4, -214
core   0: 3 0x80002b78 (0xf2aeaa93) x21 0x00000000
core   0: 0x80002b7c (0x023bc6b3) div     a3, s7, gp
core   0: 3 0x80002b7c (0x023bc6b3) x13 0x00000000
core   0: 0x80002b80 (0xa1056c93) ori     s9, a0, -1520
core   0: 3 0x80002b80 (0xa1056c93) x25 0xfffffa10
core   0: 0x80002b84 (0x02d07863) bgeu    zero, a3, pc + 48
core   0: 3 0x80002b84 (0x02d07863)
core   0: 0x80002bb4 (0x02f4fc33) remu    s8, s1, a5
core   0: 3 0x80002bb4 (0x02f4fc33) x24 0x00000767
core   0: 0x80002bb8 (0xf2dd2113) slti    sp, s10, -211
core   0: 3 0x80002bb8 (0xf2dd2113) x 2 0x00000000
core   0: 0x80002bbc (0xd976d237) lui     tp, 0xd976d
core   0: 3 0x80002bbc (0xd976d237) x 4 0xd976d000
core   0: 0x80002bc0 (0x4151dc33) sra     s8, gp, s5
core   0: 3 0x80002bc0 (0x4151dc33) x24 0x4f262b6c
core   0: 0x80002bc4 (0x5ce12917) auipc   s2, 0x5ce12
core   0: 3 0x80002bc4 (0x5ce12917) x18 0xdce14bc4
core   0: 0x80002bc8 (0x01865493) srli    s1, a2, 24
core   0: 3 0x80002bc8 (0x01865493) x 9 0x00000000
core   0: 0x80002bcc (0x036409b3) mul     s3, s0, s6
core   0: 3 0x80002bcc (0x036409b3) x19 0x00000000
core   0: 0x80002bd0 (0xae6a4eb7) lui     t4, 0xae6a4
core   0: 3 0x80002bd0 (0xae6a4eb7) x29 0xae6a4000
core   0: 0x80002bd4 (0x00dbbe33) sltu    t3, s7, a3
core   0: 3 0x80002bd4 (0x00dbbe33) x28 0x00000000
core   0: 0x80002bd8 (0x00d21413) slli    s0, tp, 13
core   0: 3 0x80002bd8 (0x00d21413) x 8 0xda000000
core   0: 0x80002bdc (0x401c5c93) srai    s9, s8, 1
core   0: 3 0x80002bdc (0x401c5c93) x25 0x279315b6
core   0: 0x80002be0 (0x039ea433) mulhsu  s0, t4, s9
core   0: 3 0x80002be0 (0x039ea433) x 8 0xf3634fd7
core   0: 0x80002be4 (0x89a28a17) auipc   s4, 0x89a28
core   0: 3 0x80002be4 (0x89a28a17) x20 0x09a2abe4
core   0: 0x80002be8 (0xe0ab0a93) addi    s5, s6, -502
core   0: 3 0x80002be8 (0xe0ab0a93) x21 0x80025c6e
core   0: 0x80002bec (0x03a71063) bne     a4, s10, pc + 32
core   0: 3 0x80002bec (0x03a71063)
core   0: 0x80002c0c (0xf0ddba93) sltiu   s5, s11, -243
core   0: 3 0x80002c0c (0xf0ddba93) x21 0x00000001
core   0: 0x80002c10 (0x01dfd463) bge     t6, t4, pc + 8
core   0: 3 0x80002c10 (0x01dfd463)
core   0: 0x80002c18 (0x009e4533) xor     a0, t3, s1
core   0: 3 0x80002c18 (0x009e4533) x10 0x00000000
core   0: 0x80002c1c (0x05658263) beq     a1, s6, pc + 68
core   0: 3 0x80002c1c (0x05658263)
core   0: 0x80002c20 (0x17947617) auipc   a2, 0x17947
core   0: 3 0x80002c20 (0x17947617) x12 0x97949c20
core   0: 0x80002c24 (0xdd1c3793) sltiu   a5, s8, -559
core   0: 3 0x80002c24 (0xdd1c3793) x15 0x00000001
core   0: 0x80002c28 (0x0340da63) bge     ra, s4, pc + 52
core   0: 3 0x80002c28 (0x0340da63)
core   0: 0x80002c2c (0x03e609b3) mul     s3, a2, t5
core   0: 3 0x80002c2c (0x03e609b3) x19 0x00000000
core   0: 0x80002c30 (0x8964c113) xori    sp, s1, -1898
core   0: 3 0x80002c30 (0x8964c113) x 2 0xfffff896
core   0: 0x80002c34 (0x037ee6b3) rem     a3, t4, s7
core   0: 3 0x80002c34 (0x037ee6b3) x13 0x00000000
core   0: 0x80002c38 (0x0133de93) srli    t4, t2, 19
core   0: 3 0x80002c38 (0x0133de93) x29 0x00000000
core   0: 0x80002c3c (0x40555333) sra     t1, a0, t0
core   0: 3 0x80002c3c (0x40555333) x 6 0x00000000
core   0: 0x80002c40 (0x1a985a37) lui     s4, 0x1a985
core   0: 3 0x80002c40 (0x1a985a37) x20 0x1a985000
core   0: 0x80002c44 (0x0023de63) bge     t2, sp, pc + 28
core   0: 3 0x80002c44 (0x0023de63)
core   0: 0x80002c60 (0x0093f3b3) and     t2, t2, s1
core   0: 3 0x80002c60 (0x0093f3b3) x 7 0x00000000
core   0: 0x80002c64 (0x023de533) rem     a0, s11, gp
core   0: 3 0x80002c64 (0x023de533) x10 0xcf28c850
core   0: 0x80002c68 (0x819798b7) lui     a7, 0x81979
core   0: 3 0x80002c68 (0x819798b7) x17 0x81979000
core   0: 0x80002c6c (0x00100413) li      s0, 1
core   0: 3 0x80002c6c (0x00100413) x 8 0x00000001
core   0: 0x80002c70 (0xff400d13) li      s10, -12
core   0: 3 0x80002c70 (0xff400d13) x26 0xfffffff4
core   0: 0x80002c74 (0x06d7b913) sltiu   s2, a5, 109
core   0: 3 0x80002c74 (0x06d7b913) x18 0x00000001
core   0: 0x80002c78 (0xe85f7a13) andi    s4, t5, -379
core   0: 3 0x80002c78 (0xe85f7a13) x20 0x00000000
core   0: 0x80002c7c (0xff640413) addi    s0, s0, -10
core   0: 3 0x80002c7c (0xff640413) x 8 0xfffffff7
core   0: 0x80002c80 (0x00700493) li      s1, 7
core   0: 3 0x80002c80 (0x00700493) x 9 0x00000007
core   0: 0x80002c84 (0x00a00f93) li      t6, 10
core   0: 3 0x80002c84 (0x00a00f93) x31 0x0000000a
core   0: 0x80002c88 (0xb278e213) ori     tp, a7, -1241
core   0: 3 0x80002c88 (0xb278e213) x 4 0xfffffb27
core   0: 0x80002c8c (0x00148493) addi    s1, s1, 1
core   0: 3 0x80002c8c (0x00148493) x 9 0x00000008
core   0: 0x80002c90 (0x0057b633) sltu    a2, a5, t0
core   0: 3 0x80002c90 (0x0057b633) x12 0x00000001
core   0: 0x80002c94 (0xfff4eae3) bltu    s1, t6, pc - 12
core   0: 3 0x80002c94 (0xfff4eae3)
core   0: 0x80002c88 (0xb278e213) ori     tp, a7, -1241
core   0: 3 0x80002c88 (0xb278e213) x 4 0xfffffb27
core   0: 0x80002c8c (0x00148493) addi    s1, s1, 1
core   0: 3 0x80002c8c (0x00148493) x 9 0x00000009
core   0: 0x80002c90 (0x0057b633) sltu    a2, a5, t0
core   0: 3 0x80002c90 (0x0057b633) x12 0x00000001
core   0: 0x80002c94 (0xfff4eae3) bltu    s1, t6, pc - 12
core   0: 3 0x80002c94 (0xfff4eae3)
core   0: 0x80002c88 (0xb278e213) ori     tp, a7, -1241
core   0: 3 0x80002c88 (0xb278e213) x 4 0xfffffb27
core   0: 0x80002c8c (0x00148493) addi    s1, s1, 1
core   0: 3 0x80002c8c (0x00148493) x 9 0x0000000a
core   0: 0x80002c90 (0x0057b633) sltu    a2, a5, t0
core   0: 3 0x80002c90 (0x0057b633) x12 0x00000001
core   0: 0x80002c94 (0xfff4eae3) bltu    s1, t6, pc - 12
core   0: 3 0x80002c94 (0xfff4eae3)
core   0: 0x80002c98 (0xfda45ee3) bge     s0, s10, pc - 36
core   0: 3 0x80002c98 (0xfda45ee3)
core   0: 0x80002c74 (0x06d7b913) sltiu   s2, a5, 109
core   0: 3 0x80002c74 (0x06d7b913) x18 0x00000001
core   0: 0x80002c78 (0xe85f7a13) andi    s4, t5, -379
core   0: 3 0x80002c78 (0xe85f7a13) x20 0x00000000
core   0: 0x80002c7c (0xff640413) addi    s0, s0, -10
core   0: 3 0x80002c7c (0xff640413) x 8 0xffffffed
core   0: 0x80002c80 (0x00700493) li      s1, 7
core   0: 3 0x80002c80 (0x00700493) x 9 0x00000007
core   0: 0x80002c84 (0x00a00f93) li      t6, 10
core   0: 3 0x80002c84 (0x00a00f93) x31 0x0000000a
core   0: 0x80002c88 (0xb278e213) ori     tp, a7, -1241
core   0: 3 0x80002c88 (0xb278e213) x 4 0xfffffb27
core   0: 0x80002c8c (0x00148493) addi    s1, s1, 1
core   0: 3 0x80002c8c (0x00148493) x 9 0x00000008
core   0: 0x80002c90 (0x0057b633) sltu    a2, a5, t0
core   0: 3 0x80002c90 (0x0057b633) x12 0x00000001
core   0: 0x80002c94 (0xfff4eae3) bltu    s1, t6, pc - 12
core   0: 3 0x80002c94 (0xfff4eae3)
core   0: 0x80002c88 (0xb278e213) ori     tp, a7, -1241
core   0: 3 0x80002c88 (0xb278e213) x 4 0xfffffb27
core   0: 0x80002c8c (0x00148493) addi    s1, s1, 1
core   0: 3 0x80002c8c (0x00148493) x 9 0x00000009
core   0: 0x80002c90 (0x0057b633) sltu    a2, a5, t0
core   0: 3 0x80002c90 (0x0057b633) x12 0x00000001
core   0: 0x80002c94 (0xfff4eae3) bltu    s1, t6, pc - 12
core   0: 3 0x80002c94 (0xfff4eae3)
core   0: 0x80002c88 (0xb278e213) ori     tp, a7, -1241
core   0: 3 0x80002c88 (0xb278e213) x 4 0xfffffb27
core   0: 0x80002c8c (0x00148493) addi    s1, s1, 1
core   0: 3 0x80002c8c (0x00148493) x 9 0x0000000a
core   0: 0x80002c90 (0x0057b633) sltu    a2, a5, t0
core   0: 3 0x80002c90 (0x0057b633) x12 0x00000001
core   0: 0x80002c94 (0xfff4eae3) bltu    s1, t6, pc - 12
core   0: 3 0x80002c94 (0xfff4eae3)
core   0: 0x80002c98 (0xfda45ee3) bge     s0, s10, pc - 36
core   0: 3 0x80002c98 (0xfda45ee3)
core   0: 0x80002c9c (0x9b300813) li      a6, -1613
core   0: 3 0x80002c9c (0x9b300813) x16 0xfffff9b3
core   0: 0x80002ca0 (0x00af3f33) sltu    t5, t5, a0
core   0: 3 0x80002ca0 (0x00af3f33) x30 0x00000001
core   0: 0x80002ca4 (0x03cbdeb3) divu    t4, s7, t3
core   0: 3 0x80002ca4 (0x03cbdeb3) x29 0xffffffff
core   0: 0x80002ca8 (0x99c2a193) slti    gp, t0, -1636
core   0: 3 0x80002ca8 (0x99c2a193) x 3 0x00000000
core   0: 0x80002cac (0x008dfc63) bgeu    s11, s0, pc + 24
core   0: 3 0x80002cac (0x008dfc63)
core   0: 0x80002cb0 (0x01da79b3) and     s3, s4, t4
core   0: 3 0x80002cb0 (0x01da79b3) x19 0x00000000
core   0: 0x80002cb4 (0x0267a133) mulhsu  sp, a5, t1
core   0: 3 0x80002cb4 (0x0267a133) x 2 0x00000000
core   0: 0x80002cb8 (0x06d7dc63) bge     a5, a3, pc + 120
core   0: 3 0x80002cb8 (0x06d7dc63)
core   0: 0x80002d30 (0x03d03833) mulhu   a6, zero, t4
core   0: 3 0x80002d30 (0x03d03833) x16 0x00000000
core   0: 0x80002d34 (0x014a1033) sll     zero, s4, s4
core   0: 3 0x80002d34 (0x014a1033)
core   0: 0x80002d38 (0x454e0c13) addi    s8, t3, 1108
core   0: 3 0x80002d38 (0x454e0c13) x24 0x00000454
core   0: 0x80002d3c (0x8542ac13) slti    s8, t0, -1964
core   0: 3 0x80002d3c (0x8542ac13) x24 0x00000000
core   0: 0x80002d40 (0x0170be33) sltu    t3, ra, s7
core   0: 3 0x80002d40 (0x0170be33) x28 0x00000001
core   0: 0x80002d44 (0x03159f33) mulh    t5, a1, a7
core   0: 3 0x80002d44 (0x03159f33) x30 0xfffffd3e
core   0: 0x80002d48 (0x02f252b3) divu    t0, tp, a5
core   0: 3 0x80002d48 (0x02f252b3) x 5 0xfffffb27
core   0: 0x80002d4c (0x00e9ce33) xor     t3, s3, a4
core   0: 3 0x80002d4c (0x00e9ce33) x28 0xeb14dae6
core   0: 0x80002d50 (0x031d28b3) mulhsu  a7, s10, a7
core   0: 3 0x80002d50 (0x031d28b3) x17 0xfffffff9
core   0: 0x80002d54 (0x407b8833) sub     a6, s7, t2
core   0: 3 0x80002d54 (0x407b8833) x16 0x00000001
core   0: 0x80002d58 (0x00005797) auipc   a5, 0x5
core   0: 3 0x80002d58 (0x00005797) x15 0x80007d58
core   0: 0x80002d5c (0xff478793) addi    a5, a5, -12
core   0: 3 0x80002d5c (0xff478793) x15 0x80007d4c
core   0: 0x80002d60 (0x001658b3) srl     a7, a2, ra
core   0: 3 0x80002d60 (0x001658b3) x17 0x00000001
core   0: 0x80002d64 (0xfbe78793) addi    a5, a5, -66
core   0: 3 0x80002d64 (0xfbe78793) x15 0x80007d0a
core   0: 0x80002d68 (0x00a0c033) xor     zero, ra, a0
core   0: 3 0x80002d68 (0x00a0c033)
core   0: 0x80002d6c (0x01652eb3) slt     t4, a0, s6
core   0: 3 0x80002d6c (0x01652eb3) x29 0x00000000
core   0: 0x80002d70 (0x0054af33) slt     t5, s1, t0
core   0: 3 0x80002d70 (0x0054af33) x30 0x00000000
core   0: 0x80002d74 (0x0018e463) bltu    a7, ra, pc + 8
core   0: 3 0x80002d74 (0x0018e463)
core   0: 0x80002d78 (0x3e09b593) sltiu   a1, s3, 992
core   0: 3 0x80002d78 (0x3e09b593) x11 0x00000001
core   0: 0x80002d7c (0x043780e7) jalr    ra, a5, 67
core   0: 3 0x80002d7c (0x043780e7) x 1 0x80002d80
core   0: 0x80007d4c (0xc93b6893) ori     a7, s6, -877
core   0: 3 0x80007d4c (0xc93b6893) x17 0xfffffef7
core   0: 0x80007d50 (0x00d3dc33) srl     s8, t2, a3
core   0: 3 0x80007d50 (0x00d3dc33) x24 0x00000000
core   0: 0x80007d54 (0x0152d663) bge     t0, s5, pc + 12
core   0: 3 0x80007d54 (0x0152d663)
core   0: 0x80007d58 (0x03582cb3) mulhsu  s9, a6, s5
core   0: 3 0x80007d58 (0x03582cb3) x25 0x00000000
core   0: 0x80007d5c (0x41e0d913) srai    s2, ra, 30
core   0: 3 0x80007d5c (0x41e0d913) x18 0xfffffffe
core   0: 0x80007d60 (0xfc8b0b13) addi    s6, s6, -56
core   0: 3 0x80007d60 (0xfc8b0b13) x22 0x80025e2c
core   0: 0x80007d64 (0x6a04aa93) slti    s5, s1, 1696
core   0: 3 0x80007d64 (0x6a04aa93) x21 0x00000001
core   0: 0x80007d68 (0x005e0ab3) add     s5, t3, t0
core   0: 3 0x80007d68 (0x005e0ab3) x21 0xeb14d60d
core   0: 0x80007d6c (0x001b2223) sw      ra, 4(s6)
core   0: 3 0x80007d6c (0x001b2223) mem 0x80025e30 0x80002d80
core   0: 0x80007d70 (0x01df23b3) slt     t2, t5, t4
core   0: 3 0x80007d70 (0x01df23b3) x 7 0x00000000
core   0: 0x80007d74 (0x0380a2b3) mulhsu  t0, ra, s8
core   0: 3 0x80007d74 (0x0380a2b3) x 5 0x00000000
core   0: 0x80007d78 (0x031d0c33) mul     s8, s10, a7
core   0: 3 0x80007d78 (0x031d0c33) x24 0x00000c6c
core   0: 0x80007d7c (0x00600593) li      a1, 6
core   0: 3 0x80007d7c (0x00600593) x11 0x00000006
core   0: 0x80007d80 (0xdb235f17) auipc   t5, 0xdb235
core   0: 3 0x80007d80 (0xdb235f17) x30 0x5b23cd80
core   0: 0x80007d84 (0x0125f133) and     sp, a1, s2
core   0: 3 0x80007d84 (0x0125f133) x 2 0x00000006
core   0: 0x80007d88 (0x810dc793) xori    a5, s11, -2032
core   0: 3 0x80007d88 (0x810dc793) x15 0x7ffd64f4
core   0: 0x80007d8c (0x002cda93) srli    s5, s9, 2
core   0: 3 0x80007d8c (0x002cda93) x21 0x00000000
core   0: 0x80007d90 (0x00500b93) li      s7, 5
core   0: 3 0x80007d90 (0x00500b93) x23 0x00000005
core   0: 0x80007d94 (0x740cec13) ori     s8, s9, 1856
core   0: 3 0x80007d94 (0x740cec13) x24 0x00000740
core   0: 0x80007d98 (0x0184d2b3) srl     t0, s1, s8
core   0: 3 0x80007d98 (0x0184d2b3) x 5 0x0000000a
core   0: 0x80007d9c (0x007b5893) srli    a7, s6, 7
core   0: 3 0x80007d9c (0x007b5893) x17 0x010004bc
core   0: 0x80007da0 (0x0262dfb3) divu    t6, t0, t1
core   0: 3 0x80007da0 (0x0262dfb3) x31 0xffffffff
core   0: 0x80007da4 (0xdf785fb7) lui     t6, 0xdf785
core   0: 3 0x80007da4 (0xdf785fb7) x31 0xdf785000
core   0: 0x80007da8 (0x00e5f7b3) and     a5, a1, a4
core   0: 3 0x80007da8 (0x00e5f7b3) x15 0x00000006
core   0: 0x80007dac (0x02c3d633) divu    a2, t2, a2
core   0: 3 0x80007dac (0x02c3d633) x12 0x00000000
core   0: 0x80007db0 (0x004028b3) slt     a7, zero, tp
core   0: 3 0x80007db0 (0x004028b3) x17 0x00000000
core   0: 0x80007db4 (0x02ffdd33) divu    s10, t6, a5
core   0: 3 0x80007db4 (0x02ffdd33) x26 0x253eb800
core   0: 0x80007db8 (0xfe0bce13) xori    t3, s7, -32
core   0: 3 0x80007db8 (0xfe0bce13) x28 0xffffffe5
core   0: 0x80007dbc (0x03e9e3b3) rem     t2, s3, t5
core   0: 3 0x80007dbc (0x03e9e3b3) x 7 0x00000000
core   0: 0x80007dc0 (0xffe58593) addi    a1, a1, -2
core   0: 3 0x80007dc0 (0xffe58593) x11 0x00000004
core   0: 0x80007dc4 (0x00aee533) or      a0, t4, a0
core   0: 3 0x80007dc4 (0x00aee533) x10 0xcf28c850
core   0: 0x80007dc8 (0x416b0c33) sub     s8, s6, s6
core   0: 3 0x80007dc8 (0x416b0c33) x24 0x00000000
core   0: 0x80007dcc (0x41855f93) srai    t6, a0, 24
core   0: 3 0x80007dcc (0x41855f93) x31 0xffffffcf
core   0: 0x80007dd0 (0xfd75f2e3) bgeu    a1, s7, pc - 60
core   0: 3 0x80007dd0 (0xfd75f2e3)
core   0: 0x80007dd4 (0x00000013) nop
core   0: 3 0x80007dd4 (0x00000013)
core   0: 0x80007dd8 (0xff900513) li      a0, -7
core   0: 3 0x80007dd8 (0xff900513) x10 0xfffffff9
core   0: 0x80007ddc (0x41135d33) sra     s10, t1, a7
core   0: 3 0x80007ddc (0x41135d33) x26 0x00000000
core   0: 0x80007de0 (0x00700613) li      a2, 7
core   0: 3 0x80007de0 (0x00700613) x12 0x00000007
core   0: 0x80007de4 (0x01a48433) add     s0, s1, s10
core   0: 3 0x80007de4 (0x01a48433) x 8 0x0000000a
core   0: 0x80007de8 (0x037a74b3) remu    s1, s4, s7
core   0: 3 0x80007de8 (0x037a74b3) x 9 0x00000000
core   0: 0x80007dec (0x00de1413) slli    s0, t3, 13
core   0: 3 0x80007dec (0x00de1413) x 8 0xfffca000
core   0: 0x80007df0 (0x004bcfb3) xor     t6, s7, tp
core   0: 3 0x80007df0 (0x004bcfb3) x31 0xfffffb22
core   0: 0x80007df4 (0xb8bfe893) ori     a7, t6, -1141
core   0: 3 0x80007df4 (0xb8bfe893) x17 0xfffffbab
core   0: 0x80007df8 (0x00150513) addi    a0, a0, 1
core   0: 3 0x80007df8 (0x00150513) x10 0xfffffffa
core   0: 0x80007dfc (0x0385d5b3) divu    a1, a1, s8
core   0: 3 0x80007dfc (0x0385d5b3) x11 0xffffffff
core   0: 0x80007e00 (0x4177dbb3) sra     s7, a5, s7
core   0: 3 0x80007e00 (0x4177dbb3) x23 0x00000000
core   0: 0x80007e04 (0x00a72433) slt     s0, a4, a0
core   0: 3 0x80007e04 (0x00a72433) x 8 0x00000001
core   0: 0x80007e08 (0x00000013) nop
core   0: 3 0x80007e08 (0x00000013)
core   0: 0x80007e0c (0x01886433) or      s0, a6, s8
core   0: 3 0x80007e0c (0x01886433) x 8 0x00000001
core   0: 0x80007e10 (0x01c62433) slt     s0, a2, t3
core   0: 3 0x80007e10 (0x01c62433) x 8 0x00000000
core   0: 0x80007e14 (0xfcc56ae3) bltu    a0, a2, pc - 44
core   0: 3 0x80007e14 (0xfcc56ae3)
core   0: 0x80007e18 (0x01331233) sll     tp, t1, s3
core   0: 3 0x80007e18 (0x01331233) x 4 0x00000000
core   0: 0x80007e1c (0x00400593) li      a1, 4
core   0: 3 0x80007e1c (0x00400593) x11 0x00000004
core   0: 0x80007e20 (0x03343233) mulhu   tp, s0, s3
core   0: 3 0x80007e20 (0x03343233) x 4 0x00000000
core   0: 0x80007e24 (0x034f93b3) mulh    t2, t6, s4
core   0: 3 0x80007e24 (0x034f93b3) x 7 0x00000000
core   0: 0x80007e28 (0x03929933) mulh    s2, t0, s9
core   0: 3 0x80007e28 (0x03929933) x18 0x00000000
core   0: 0x80007e2c (0x00300293) li      t0, 3
core   0: 3 0x80007e2c (0x00300293) x 5 0x00000003
core   0: 0x80007e30 (0x037a94b3) mulh    s1, s5, s7
core   0: 3 0x80007e30 (0x037a94b3) x 9 0x00000000
core   0: 0x80007e34 (0x8feab913) sltiu   s2, s5, -1794
core   0: 3 0x80007e34 (0x8feab913) x18 0x00000001
core   0: 0x80007e38 (0xfff58593) addi    a1, a1, -1
core   0: 3 0x80007e38 (0xfff58593) x11 0x00000003
core   0: 0x80007e3c (0xc96ec493) xori    s1, t4, -874
core   0: 3 0x80007e3c (0xc96ec493) x 9 0xfffffc96
core   0: 0x80007e40 (0x40c55a13) srai    s4, a0, 12
core   0: 3 0x80007e40 (0x40c55a13) x20 0xffffffff
core   0: 0x80007e44 (0x00200f93) li      t6, 2
core   0: 3 0x80007e44 (0x00200f93) x31 0x00000002
core   0: 0x80007e48 (0x02db9833) mulh    a6, s7, a3
core   0: 3 0x80007e48 (0x02db9833) x16 0x00000000
core   0: 0x80007e4c (0xff400693) li      a3, -12
core   0: 3 0x80007e4c (0xff400693) x13 0xfffffff4
core   0: 0x80007e50 (0x030e1433) mulh    s0, t3, a6
core   0: 3 0x80007e50 (0x030e1433) x 8 0x00000000
core   0: 0x80007e54 (0x41e2d013) srai    zero, t0, 30
core   0: 3 0x80007e54 (0x41e2d013)
core   0: 0x80007e58 (0x02fd8bb3) mul     s7, s11, a5
core   0: 3 0x80007e58 (0x02fd8bb3) x23 0x000fad58
core   0: 0x80007e5c (0x03ea68b3) rem     a7, s4, t5
core   0: 3 0x80007e5c (0x03ea68b3) x17 0xffffffff
core   0: 0x80007e60 (0x01191993) slli    s3, s2, 17
core   0: 3 0x80007e60 (0x01191993) x19 0x00020000
core   0: 0x80007e64 (0x0196d533) srl     a0, a3, s9
core   0: 3 0x80007e64 (0x0196d533) x10 0xfffffff4
core   0: 0x80007e68 (0x01ad2e33) slt     t3, s10, s10
core   0: 3 0x80007e68 (0x01ad2e33) x28 0x00000000
core   0: 0x80007e6c (0xb03cc797) auipc   a5, 0xb03cc
core   0: 3 0x80007e6c (0xb03cc797) x15 0x303d3e6c
core   0: 0x80007e70 (0xff6f8f93) addi    t6, t6, -10
core   0: 3 0x80007e70 (0xff6f8f93) x31 0xfffffff8
core   0: 0x80007e74 (0x36421237) lui     tp, 0x36421
core   0: 3 0x80007e74 (0x36421237) x 4 0x36421000
core   0: 0x80007e78 (0xfedfd2e3) bge     t6, a3, pc - 28
core   0: 3 0x80007e78 (0xfedfd2e3)
core   0: 0x80007e5c (0x03ea68b3) rem     a7, s4, t5
core   0: 3 0x80007e5c (0x03ea68b3) x17 0xffffffff
core   0: 0x80007e60 (0x01191993) slli    s3, s2, 17
core   0: 3 0x80007e60 (0x01191993) x19 0x00020000
core   0: 0x80007e64 (0x0196d533) srl     a0, a3, s9
core   0: 3 0x80007e64 (0x0196d533) x10 0xfffffff4
core   0: 0x80007e68 (0x01ad2e33) slt     t3, s10, s10
core   0: 3 0x80007e68 (0x01ad2e33) x28 0x00000000
core   0: 0x80007e6c (0xb03cc797) auipc   a5, 0xb03cc
core   0: 3 0x80007e6c (0xb03cc797) x15 0x303d3e6c
core   0: 0x80007e70 (0xff6f8f93) addi    t6, t6, -10
core   0: 3 0x80007e70 (0xff6f8f93) x31 0xffffffee
core   0: 0x80007e74 (0x36421237) lui     tp, 0x36421
core   0: 3 0x80007e74 (0x36421237) x 4 0x36421000
core   0: 0x80007e78 (0xfedfd2e3) bge     t6, a3, pc - 28
core   0: 3 0x80007e78 (0xfedfd2e3)
core   0: 0x80007e7c (0x00bb9f13) slli    t5, s7, 11
core   0: 3 0x80007e7c (0x00bb9f13) x30 0x7d6ac000
core   0: 0x80007e80 (0x01679ab3) sll     s5, a5, s6
core   0: 3 0x80007e80 (0x01679ab3) x21 0xd3e6c000
core   0: 0x80007e84 (0xdd4d7993) andi    s3, s10, -556
core   0: 3 0x80007e84 (0xdd4d7993) x19 0x00000000
core   0: 0x80007e88 (0x8b082893) slti    a7, a6, -1872
core   0: 3 0x80007e88 (0x8b082893) x17 0x00000000
core   0: 0x80007e8c (0xfa55f4e3) bgeu    a1, t0, pc - 88
core   0: 3 0x80007e8c (0xfa55f4e3)
core   0: 0x80007e34 (0x8feab913) sltiu   s2, s5, -1794
core   0: 3 0x80007e34 (0x8feab913) x18 0x00000001
core   0: 0x80007e38 (0xfff58593) addi    a1, a1, -1
core   0: 3 0x80007e38 (0xfff58593) x11 0x00000002
core   0: 0x80007e3c (0xc96ec493) xori    s1, t4, -874
core   0: 3 0x80007e3c (0xc96ec493) x 9 0xfffffc96
core   0: 0x80007e40 (0x40c55a13) srai    s4, a0, 12
core   0: 3 0x80007e40 (0x40c55a13) x20 0xffffffff
core   0: 0x80007e44 (0x00200f93) li      t6, 2
core   0: 3 0x80007e44 (0x00200f93) x31 0x00000002
core   0: 0x80007e48 (0x02db9833) mulh    a6, s7, a3
core   0: 3 0x80007e48 (0x02db9833) x16 0xffffffff
core   0: 0x80007e4c (0xff400693) li      a3, -12
core   0: 3 0x80007e4c (0xff400693) x13 0xfffffff4
core   0: 0x80007e50 (0x030e1433) mulh    s0, t3, a6
core   0: 3 0x80007e50 (0x030e1433) x 8 0x00000000
core   0: 0x80007e54 (0x41e2d013) srai    zero, t0, 30
core   0: 3 0x80007e54 (0x41e2d013)
core   0: 0x80007e58 (0x02fd8bb3) mul     s7, s11, a5
core   0: 3 0x80007e58 (0x02fd8bb3) x23 0xc56d6830
core   0: 0x80007e5c (0x03ea68b3) rem     a7, s4, t5
core   0: 3 0x80007e5c (0x03ea68b3) x17 0xffffffff
core   0: 0x80007e60 (0x01191993) slli    s3, s2, 17
core   0: 3 0x80007e60 (0x01191993) x19 0x00020000
core   0: 0x80007e64 (0x0196d533) srl     a0, a3, s9
core   0: 3 0x80007e64 (0x0196d533) x10 0xfffffff4
core   0: 0x80007e68 (0x01ad2e33) slt     t3, s10, s10
core   0: 3 0x80007e68 (0x01ad2e33) x28 0x00000000
core   0: 0x80007e6c (0xb03cc797) auipc   a5, 0xb03cc
core   0: 3 0x80007e6c (0xb03cc797) x15 0x303d3e6c
core   0: 0x80007e70 (0xff6f8f93) addi    t6, t6, -10
core   0: 3 0x80007e70 (0xff6f8f93) x31 0xfffffff8
core   0: 0x80007e74 (0x36421237) lui     tp, 0x36421
core   0: 3 0x80007e74 (0x36421237) x 4 0x36421000
core   0: 0x80007e78 (0xfedfd2e3) bge     t6, a3, pc - 28
core   0: 3 0x80007e78 (0xfedfd2e3)
core   0: 0x80007e5c (0x03ea68b3) rem     a7, s4, t5
core   0: 3 0x80007e5c (0x03ea68b3) x17 0xffffffff
core   0: 0x80007e60 (0x01191993) slli    s3, s2, 17
core   0: 3 0x80007e60 (0x01191993) x19 0x00020000
core   0: 0x80007e64 (0x0196d533) srl     a0, a3, s9
core   0: 3 0x80007e64 (0x0196d533) x10 0xfffffff4
core   0: 0x80007e68 (0x01ad2e33) slt     t3, s10, s10
core   0: 3 0x80007e68 (0x01ad2e33) x28 0x00000000
core   0: 0x80007e6c (0xb03cc797) auipc   a5, 0xb03cc
core   0: 3 0x80007e6c (0xb03cc797) x15 0x303d3e6c
core   0: 0x80007e70 (0xff6f8f93) addi    t6, t6, -10
core   0: 3 0x80007e70 (0xff6f8f93) x31 0xffffffee
core   0: 0x80007e74 (0x36421237) lui     tp, 0x36421
core   0: 3 0x80007e74 (0x36421237) x 4 0x36421000
core   0: 0x80007e78 (0xfedfd2e3) bge     t6, a3, pc - 28
core   0: 3 0x80007e78 (0xfedfd2e3)
core   0: 0x80007e7c (0x00bb9f13) slli    t5, s7, 11
core   0: 3 0x80007e7c (0x00bb9f13) x30 0x6b418000
core   0: 0x80007e80 (0x01679ab3) sll     s5, a5, s6
core   0: 3 0x80007e80 (0x01679ab3) x21 0xd3e6c000
core   0: 0x80007e84 (0xdd4d7993) andi    s3, s10, -556
core   0: 3 0x80007e84 (0xdd4d7993) x19 0x00000000
core   0: 0x80007e88 (0x8b082893) slti    a7, a6, -1872
core   0: 3 0x80007e88 (0x8b082893) x17 0x00000000
core   0: 0x80007e8c (0xfa55f4e3) bgeu    a1, t0, pc - 88
core   0: 3 0x80007e8c (0xfa55f4e3)
core   0: 0x80007e90 (0x01c4aeb3) slt     t4, s1, t3
core   0: 3 0x80007e90 (0x01c4aeb3) x29 0x00000001
core   0: 0x80007e94 (0x00400413) li      s0, 4
core   0: 3 0x80007e94 (0x00400413) x 8 0x00000004
core   0: 0x80007e98 (0x26999137) lui     sp, 0x26999
core   0: 3 0x80007e98 (0x26999137) x 2 0x26999000
core   0: 0x80007e9c (0x00300e13) li      t3, 3
core   0: 3 0x80007e9c (0x00300e13) x28 0x00000003
core   0: 0x80007ea0 (0x4b4ac8b7) lui     a7, 0x4b4ac
core   0: 3 0x80007ea0 (0x4b4ac8b7) x17 0x4b4ac000
core   0: 0x80007ea4 (0x00de7f33) and     t5, t3, a3
core   0: 3 0x80007ea4 (0x00de7f33) x30 0x00000000
core   0: 0x80007ea8 (0xffe40413) addi    s0, s0, -2
core   0: 3 0x80007ea8 (0xffe40413) x 8 0x00000002
core   0: 0x80007eac (0x0d46f913) andi    s2, a3, 212
core   0: 3 0x80007eac (0x0d46f913) x18 0x000000d4
core   0: 0x80007eb0 (0x00000013) nop
core   0: 3 0x80007eb0 (0x00000013)
core   0: 0x80007eb4 (0xffc478e3) bgeu    s0, t3, pc - 16
core   0: 3 0x80007eb4 (0xffc478e3)
core   0: 0x80007eb8 (0x0397feb3) remu    t4, a5, s9
core   0: 3 0x80007eb8 (0x0397feb3) x29 0x303d3e6c
core   0: 0x80007ebc (0x00000f13) li      t5, 0
core   0: 3 0x80007ebc (0x00000f13) x30 0x00000000
core   0: 0x80007ec0 (0x0389e333) rem     t1, s3, s8
core   0: 3 0x80007ec0 (0x0389e333) x 6 0x00000000
core   0: 0x80007ec4 (0x40c6de13) srai    t3, a3, 12
core   0: 3 0x80007ec4 (0x40c6de13) x28 0xffffffff
core   0: 0x80007ec8 (0x417d5c33) sra     s8, s10, s7
core   0: 3 0x80007ec8 (0x417d5c33) x24 0x00000000
core   0: 0x80007ecc (0x00d00793) li      a5, 13
core   0: 3 0x80007ecc (0x00d00793) x15 0x0000000d
core   0: 0x80007ed0 (0x56315217) auipc   tp, 0x56315
core   0: 3 0x80007ed0 (0x56315217) x 4 0xd631ced0
core   0: 0x80007ed4 (0x01885913) srli    s2, a6, 24
core   0: 3 0x80007ed4 (0x01885913) x18 0x000000ff
core   0: 0x80007ed8 (0x20733313) sltiu   t1, t1, 519
core   0: 3 0x80007ed8 (0x20733313) x 6 0x00000001
core   0: 0x80007edc (0x41190e13) addi    t3, s2, 1041
core   0: 3 0x80007edc (0x41190e13) x28 0x00000510
core   0: 0x80007ee0 (0x40cd5a13) srai    s4, s10, 12
core   0: 3 0x80007ee0 (0x40cd5a13) x20 0x00000000
core   0: 0x80007ee4 (0x001f0f13) addi    t5, t5, 1
core   0: 3 0x80007ee4 (0x001f0f13) x30 0x00000001
core   0: 0x80007ee8 (0xfff00613) li      a2, -1
core   0: 3 0x80007ee8 (0xfff00613) x12 0xffffffff
core   0: 0x80007eec (0x03a28ab3) mul     s5, t0, s10
core   0: 3 0x80007eec (0x03a28ab3) x21 0x00000000
core   0: 0x80007ef0 (0x00400f93) li      t6, 4
core   0: 3 0x80007ef0 (0x00400f93) x31 0x00000004
core   0: 0x80007ef4 (0x40e851b3) sra     gp, a6, a4
core   0: 3 0x80007ef4 (0x40e851b3) x 3 0xffffffff
core   0: 0x80007ef8 (0x03866433) rem     s0, a2, s8
core   0: 3 0x80007ef8 (0x03866433) x 8 0xffffffff
core   0: 0x80007efc (0x03274933) div     s2, a4, s2
core   0: 3 0x80007efc (0x03274933) x18 0xffeaffdb
core   0: 0x80007f00 (0x00960613) addi    a2, a2, 9
core   0: 3 0x80007f00 (0x00960613) x12 0x00000008
core   0: 0x80007f04 (0x40335593) srai    a1, t1, 3
core   0: 3 0x80007f04 (0x40335593) x11 0x00000000
core   0: 0x80007f08 (0x41e1dd33) sra     s10, gp, t5
core   0: 3 0x80007f08 (0x41e1dd33) x26 0xffffffff
core   0: 0x80007f0c (0x40d80bb3) sub     s7, a6, a3
core   0: 3 0x80007f0c (0x40d80bb3) x23 0x0000000b
core   0: 0x80007f10 (0xfff664e3) bltu    a2, t6, pc - 24
core   0: 3 0x80007f10 (0xfff664e3)
core   0: 0x80007f14 (0x037dbd33) mulhu   s10, s11, s7
core   0: 3 0x80007f14 (0x037dbd33) x26 0x00000005
core   0: 0x80007f18 (0xfaff1ce3) bne     t5, a5, pc - 72
core   0: 3 0x80007f18 (0xfaff1ce3)
core   0: 0x80007ed0 (0x56315217) auipc   tp, 0x56315
core   0: 3 0x80007ed0 (0x56315217) x 4 0xd631ced0
core   0: 0x80007ed4 (0x01885913) srli    s2, a6, 24
core   0: 3 0x80007ed4 (0x01885913) x18 0x000000ff
core   0: 0x80007ed8 (0x20733313) sltiu   t1, t1, 519
core   0: 3 0x80007ed8 (0x20733313) x 6 0x00000001
core   0: 0x80007edc (0x41190e13) addi    t3, s2, 1041
core   0: 3 0x80007edc (0x41190e13) x28 0x00000510
core   0: 0x80007ee0 (0x40cd5a13) srai    s4, s10, 12
core   0: 3 0x80007ee0 (0x40cd5a13) x20 0x00000000
core   0: 0x80007ee4 (0x001f0f13) addi    t5, t5, 1
core   0: 3 0x80007ee4 (0x001f0f13) x30 0x00000002
core   0: 0x80007ee8 (0xfff00613) li      a2, -1
core   0: 3 0x80007ee8 (0xfff00613) x12 0xffffffff
core   0: 0x80007eec (0x03a28ab3) mul     s5, t0, s10
core   0: 3 0x80007eec (0x03a28ab3) x21 0x0000000f
core   0: 0x80007ef0 (0x00400f93) li      t6, 4
core   0: 3 0x80007ef0 (0x00400f93) x31 0x00000004
core   0: 0x80007ef4 (0x40e851b3) sra     gp, a6, a4
core   0: 3 0x80007ef4 (0x40e851b3) x 3 0xffffffff
core   0: 0x80007ef8 (0x03866433) rem     s0, a2, s8
core   0: 3 0x80007ef8 (0x03866433) x 8 0xffffffff
core   0: 0x80007efc (0x03274933) div     s2, a4, s2
core   0: 3 0x80007efc (0x03274933) x18 0xffeaffdb
core   0: 0x80007f00 (0x00960613) addi    a2, a2, 9
core   0: 3 0x80007f00 (0x00960613) x12 0x00000008
core   0: 0x80007f04 (0x40335593) srai    a1, t1, 3
core   0: 3 0x80007f04 (0x40335593) x11 0x00000000
core   0: 0x80007f08 (0x41e1dd33) sra     s10, gp, t5
core   0: 3 0x80007f08 (0x41e1dd33) x26 0xffffffff
core   0: 0x80007f0c (0x40d80bb3) sub     s7, a6, a3
core   0: 3 0x80007f0c (0x40d80bb3) x23 0x0000000b
core   0: 0x80007f10 (0xfff664e3) bltu    a2, t6, pc - 24
core   0: 3 0x80007f10 (0xfff664e3)
core   0: 0x80007f14 (0x037dbd33) mulhu   s10, s11, s7
core   0: 3 0x80007f14 (0x037dbd33) x26 0x00000005
core   0: 0x80007f18 (0xfaff1ce3) bne     t5, a5, pc - 72
core   0: 3 0x80007f18 (0xfaff1ce3)
core   0: 0x80007ed0 (0x56315217) auipc   tp, 0x56315
core   0: 3 0x80007ed0 (0x56315217) x 4 0xd631ced0
core   0: 0x80007ed4 (0x01885913) srli    s2, a6, 24
core   0: 3 0x80007ed4 (0x01885913) x18 0x000000ff
core   0: 0x80007ed8 (0x20733313) sltiu   t1, t1, 519
core   0: 3 0x80007ed8 (0x20733313) x 6 0x00000001
core   0: 0x80007edc (0x41190e13) addi    t3, s2, 1041
core   0: 3 0x80007edc (0x41190e13) x28 0x00000510
core   0: 0x80007ee0 (0x40cd5a13) srai    s4, s10, 12
core   0: 3 0x80007ee0 (0x40cd5a13) x20 0x00000000
core   0: 0x80007ee4 (0x001f0f13) addi    t5, t5, 1
core   0: 3 0x80007ee4 (0x001f0f13) x30 0x00000003
core   0: 0x80007ee8 (0xfff00613) li      a2, -1
core   0: 3 0x80007ee8 (0xfff00613) x12 0xffffffff
core   0: 0x80007eec (0x03a28ab3) mul     s5, t0, s10
core   0: 3 0x80007eec (0x03a28ab3) x21 0x0000000f
core   0: 0x80007ef0 (0x00400f93) li      t6, 4
core   0: 3 0x80007ef0 (0x00400f93) x31 0x00000004
core   0: 0x80007ef4 (0x40e851b3) sra     gp, a6, a4
core   0: 3 0x80007ef4 (0x40e851b3) x 3 0xffffffff
core   0: 0x80007ef8 (0x03866433) rem     s0, a2, s8
core   0: 3 0x80007ef8 (0x03866433) x 8 0xffffffff
core   0: 0x80007efc (0x03274933) div     s2, a4, s2
core   0: 3 0x80007efc (0x03274933) x18 0xffeaffdb
core   0: 0x80007f00 (0x00960613) addi    a2, a2, 9
core   0: 3 0x80007f00 (0x00960613) x12 0x00000008
core   0: 0x80007f04 (0x40335593) srai    a1, t1, 3
core   0: 3 0x80007f04 (0x40335593) x11 0x00000000
core   0: 0x80007f08 (0x41e1dd33) sra     s10, gp, t5
core   0: 3 0x80007f08 (0x41e1dd33) x26 0xffffffff
core   0: 0x80007f0c (0x40d80bb3) sub     s7, a6, a3
core   0: 3 0x80007f0c (0x40d80bb3) x23 0x0000000b
core   0: 0x80007f10 (0xfff664e3) bltu    a2, t6, pc - 24
core   0: 3 0x80007f10 (0xfff664e3)
core   0: 0x80007f14 (0x037dbd33) mulhu   s10, s11, s7
core   0: 3 0x80007f14 (0x037dbd33) x26 0x00000005
core   0: 0x80007f18 (0xfaff1ce3) bne     t5, a5, pc - 72
core   0: 3 0x80007f18 (0xfaff1ce3)
core   0: 0x80007ed0 (0x56315217) auipc   tp, 0x56315
core   0: 3 0x80007ed0 (0x56315217) x 4 0xd631ced0
core   0: 0x80007ed4 (0x01885913) srli    s2, a6, 24
core   0: 3 0x80007ed4 (0x01885913) x18 0x000000ff
core   0: 0x80007ed8 (0x20733313) sltiu   t1, t1, 519
core   0: 3 0x80007ed8 (0x20733313) x 6 0x00000001
core   0: 0x80007edc (0x41190e13) addi    t3, s2, 1041
core   0: 3 0x80007edc (0x41190e13) x28 0x00000510
core   0: 0x80007ee0 (0x40cd5a13) srai    s4, s10, 12
core   0: 3 0x80007ee0 (0x40cd5a13) x20 0x00000000
core   0: 0x80007ee4 (0x001f0f13) addi    t5, t5, 1
core   0: 3 0x80007ee4 (0x001f0f13) x30 0x00000004
core   0: 0x80007ee8 (0xfff00613) li      a2, -1
core   0: 3 0x80007ee8 (0xfff00613) x12 0xffffffff
core   0: 0x80007eec (0x03a28ab3) mul     s5, t0, s10
core   0: 3 0x80007eec (0x03a28ab3) x21 0x0000000f
core   0: 0x80007ef0 (0x00400f93) li      t6, 4
core   0: 3 0x80007ef0 (0x00400f93) x31 0x00000004
core   0: 0x80007ef4 (0x40e851b3) sra     gp, a6, a4
core   0: 3 0x80007ef4 (0x40e851b3) x 3 0xffffffff
core   0: 0x80007ef8 (0x03866433) rem     s0, a2, s8
core   0: 3 0x80007ef8 (0x03866433) x 8 0xffffffff
core   0: 0x80007efc (0x03274933) div     s2, a4, s2
core   0: 3 0x80007efc (0x03274933) x18 0xffeaffdb
core   0: 0x80007f00 (0x00960613) addi    a2, a2, 9
core   0: 3 0x80007f00 (0x00960613) x12 0x00000008
core   0: 0x80007f04 (0x40335593) srai    a1, t1, 3
core   0: 3 0x80007f04 (0x40335593) x11 0x00000000
core   0: 0x80007f08 (0x41e1dd33) sra     s10, gp, t5
core   0: 3 0x80007f08 (0x41e1dd33) x26 0xffffffff
core   0: 0x80007f0c (0x40d80bb3) sub     s7, a6, a3
core   0: 3 0x80007f0c (0x40d80bb3) x23 0x0000000b
core   0: 0x80007f10 (0xfff664e3) bltu    a2, t6, pc - 24
core   0: 3 0x80007f10 (0xfff664e3)
core   0: 0x80007f14 (0x037dbd33) mulhu   s10, s11, s7
core   0: 3 0x80007f14 (0x037dbd33) x26 0x00000005
core   0: 0x80007f18 (0xfaff1ce3) bne     t5, a5, pc - 72
core   0: 3 0x80007f18 (0xfaff1ce3)
core   0: 0x80007ed0 (0x56315217) auipc   tp, 0x56315
core   0: 3 0x80007ed0 (0x56315217) x 4 0xd631ced0
core   0: 0x80007ed4 (0x01885913) srli    s2, a6, 24
core   0: 3 0x80007ed4 (0x01885913) x18 0x000000ff
core   0: 0x80007ed8 (0x20733313) sltiu   t1, t1, 519
core   0: 3 0x80007ed8 (0x20733313) x 6 0x00000001
core   0: 0x80007edc (0x41190e13) addi    t3, s2, 1041
core   0: 3 0x80007edc (0x41190e13) x28 0x00000510
core   0: 0x80007ee0 (0x40cd5a13) srai    s4, s10, 12
core   0: 3 0x80007ee0 (0x40cd5a13) x20 0x00000000
core   0: 0x80007ee4 (0x001f0f13) addi    t5, t5, 1
core   0: 3 0x80007ee4 (0x001f0f13) x30 0x00000005
core   0: 0x80007ee8 (0xfff00613) li      a2, -1
core   0: 3 0x80007ee8 (0xfff00613) x12 0xffffffff
core   0: 0x80007eec (0x03a28ab3) mul     s5, t0, s10
core   0: 3 0x80007eec (0x03a28ab3) x21 0x0000000f
core   0: 0x80007ef0 (0x00400f93) li      t6, 4
core   0: 3 0x80007ef0 (0x00400f93) x31 0x00000004
core   0: 0x80007ef4 (0x40e851b3) sra     gp, a6, a4
core   0: 3 0x80007ef4 (0x40e851b3) x 3 0xffffffff
core   0: 0x80007ef8 (0x03866433) rem     s0, a2, s8
core   0: 3 0x80007ef8 (0x03866433) x 8 0xffffffff
core   0: 0x80007efc (0x03274933) div     s2, a4, s2
core   0: 3 0x80007efc (0x03274933) x18 0xffeaffdb
core   0: 0x80007f00 (0x00960613) addi    a2, a2, 9
core   0: 3 0x80007f00 (0x00960613) x12 0x00000008
core   0: 0x80007f04 (0x40335593) srai    a1, t1, 3
core   0: 3 0x80007f04 (0x40335593) x11 0x00000000
core   0: 0x80007f08 (0x41e1dd33) sra     s10, gp, t5
core   0: 3 0x80007f08 (0x41e1dd33) x26 0xffffffff
core   0: 0x80007f0c (0x40d80bb3) sub     s7, a6, a3
core   0: 3 0x80007f0c (0x40d80bb3) x23 0x0000000b
core   0: 0x80007f10 (0xfff664e3) bltu    a2, t6, pc - 24
core   0: 3 0x80007f10 (0xfff664e3)
core   0: 0x80007f14 (0x037dbd33) mulhu   s10, s11, s7
core   0: 3 0x80007f14 (0x037dbd33) x26 0x00000005
core   0: 0x80007f18 (0xfaff1ce3) bne     t5, a5, pc - 72
core   0: 3 0x80007f18 (0xfaff1ce3)
core   0: 0x80007ed0 (0x56315217) auipc   tp, 0x56315
core   0: 3 0x80007ed0 (0x56315217) x 4 0xd631ced0
core   0: 0x80007ed4 (0x01885913) srli    s2, a6, 24
core   0: 3 0x80007ed4 (0x01885913) x18 0x000000ff
core   0: 0x80007ed8 (0x20733313) sltiu   t1, t1, 519
core   0: 3 0x80007ed8 (0x20733313) x 6 0x00000001
core   0: 0x80007edc (0x41190e13) addi    t3, s2, 1041
core   0: 3 0x80007edc (0x41190e13) x28 0x00000510
core   0: 0x80007ee0 (0x40cd5a13) srai    s4, s10, 12
core   0: 3 0x80007ee0 (0x40cd5a13) x20 0x00000000
core   0: 0x80007ee4 (0x001f0f13) addi    t5, t5, 1
core   0: 3 0x80007ee4 (0x001f0f13) x30 0x00000006
core   0: 0x80007ee8 (0xfff00613) li      a2, -1
core   0: 3 0x80007ee8 (0xfff00613) x12 0xffffffff
core   0: 0x80007eec (0x03a28ab3) mul     s5, t0, s10
core   0: 3 0x80007eec (0x03a28ab3) x21 0x0000000f
core   0: 0x80007ef0 (0x00400f93) li      t6, 4
core   0: 3 0x80007ef0 (0x00400f93) x31 0x00000004
core   0: 0x80007ef4 (0x40e851b3) sra     gp, a6, a4
core   0: 3 0x80007ef4 (0x40e851b3) x 3 0xffffffff
core   0: 0x80007ef8 (0x03866433) rem     s0, a2, s8
core   0: 3 0x80007ef8 (0x03866433) x 8 0xffffffff
core   0: 0x80007efc (0x03274933) div     s2, a4, s2
core   0: 3 0x80007efc (0x03274933) x18 0xffeaffdb
core   0: 0x80007f00 (0x00960613) addi    a2, a2, 9
core   0: 3 0x80007f00 (0x00960613) x12 0x00000008
core   0: 0x80007f04 (0x40335593) srai    a1, t1, 3
core   0: 3 0x80007f04 (0x40335593) x11 0x00000000
core   0: 0x80007f08 (0x41e1dd33) sra     s10, gp, t5
core   0: 3 0x80007f08 (0x41e1dd33) x26 0xffffffff
core   0: 0x80007f0c (0x40d80bb3) sub     s7, a6, a3
core   0: 3 0x80007f0c (0x40d80bb3) x23 0x0000000b
core   0: 0x80007f10 (0xfff664e3) bltu    a2, t6, pc - 24
core   0: 3 0x80007f10 (0xfff664e3)
core   0: 0x80007f14 (0x037dbd33) mulhu   s10, s11, s7
core   0: 3 0x80007f14 (0x037dbd33) x26 0x00000005
core   0: 0x80007f18 (0xfaff1ce3) bne     t5, a5, pc - 72
core   0: 3 0x80007f18 (0xfaff1ce3)
core   0: 0x80007ed0 (0x56315217) auipc   tp, 0x56315
core   0: 3 0x80007ed0 (0x56315217) x 4 0xd631ced0
core   0: 0x80007ed4 (0x01885913) srli    s2, a6, 24
core   0: 3 0x80007ed4 (0x01885913) x18 0x000000ff
core   0: 0x80007ed8 (0x20733313) sltiu   t1, t1, 519
core   0: 3 0x80007ed8 (0x20733313) x 6 0x00000001
core   0: 0x80007edc (0x41190e13) addi    t3, s2, 1041
core   0: 3 0x80007edc (0x41190e13) x28 0x00000510
core   0: 0x80007ee0 (0x40cd5a13) srai    s4, s10, 12
core   0: 3 0x80007ee0 (0x40cd5a13) x20 0x00000000
core   0: 0x80007ee4 (0x001f0f13) addi    t5, t5, 1
core   0: 3 0x80007ee4 (0x001f0f13) x30 0x00000007
core   0: 0x80007ee8 (0xfff00613) li      a2, -1
core   0: 3 0x80007ee8 (0xfff00613) x12 0xffffffff
core   0: 0x80007eec (0x03a28ab3) mul     s5, t0, s10
core   0: 3 0x80007eec (0x03a28ab3) x21 0x0000000f
core   0: 0x80007ef0 (0x00400f93) li      t6, 4
core   0: 3 0x80007ef0 (0x00400f93) x31 0x00000004
core   0: 0x80007ef4 (0x40e851b3) sra     gp, a6, a4
core   0: 3 0x80007ef4 (0x40e851b3) x 3 0xffffffff
core   0: 0x80007ef8 (0x03866433) rem     s0, a2, s8
core   0: 3 0x80007ef8 (0x03866433) x 8 0xffffffff
core   0: 0x80007efc (0x03274933) div     s2, a4, s2
core   0: 3 0x80007efc (0x03274933) x18 0xffeaffdb
core   0: 0x80007f00 (0x00960613) addi    a2, a2, 9
core   0: 3 0x80007f00 (0x00960613) x12 0x00000008
core   0: 0x80007f04 (0x40335593) srai    a1, t1, 3
core   0: 3 0x80007f04 (0x40335593) x11 0x00000000
core   0: 0x80007f08 (0x41e1dd33) sra     s10, gp, t5
core   0: 3 0x80007f08 (0x41e1dd33) x26 0xffffffff
core   0: 0x80007f0c (0x40d80bb3) sub     s7, a6, a3
core   0: 3 0x80007f0c (0x40d80bb3) x23 0x0000000b
core   0: 0x80007f10 (0xfff664e3) bltu    a2, t6, pc - 24
core   0: 3 0x80007f10 (0xfff664e3)
core   0: 0x80007f14 (0x037dbd33) mulhu   s10, s11, s7
core   0: 3 0x80007f14 (0x037dbd33) x26 0x00000005
core   0: 0x80007f18 (0xfaff1ce3) bne     t5, a5, pc - 72
core   0: 3 0x80007f18 (0xfaff1ce3)
core   0: 0x80007ed0 (0x56315217) auipc   tp, 0x56315
core   0: 3 0x80007ed0 (0x56315217) x 4 0xd631ced0
core   0: 0x80007ed4 (0x01885913) srli    s2, a6, 24
core   0: 3 0x80007ed4 (0x01885913) x18 0x000000ff
core   0: 0x80007ed8 (0x20733313) sltiu   t1, t1, 519
core   0: 3 0x80007ed8 (0x20733313) x 6 0x00000001
core   0: 0x80007edc (0x41190e13) addi    t3, s2, 1041
core   0: 3 0x80007edc (0x41190e13) x28 0x00000510
core   0: 0x80007ee0 (0x40cd5a13) srai    s4, s10, 12
core   0: 3 0x80007ee0 (0x40cd5a13) x20 0x00000000
core   0: 0x80007ee4 (0x001f0f13) addi    t5, t5, 1
core   0: 3 0x80007ee4 (0x001f0f13) x30 0x00000008
core   0: 0x80007ee8 (0xfff00613) li      a2, -1
core   0: 3 0x80007ee8 (0xfff00613) x12 0xffffffff
core   0: 0x80007eec (0x03a28ab3) mul     s5, t0, s10
core   0: 3 0x80007eec (0x03a28ab3) x21 0x0000000f
core   0: 0x80007ef0 (0x00400f93) li      t6, 4
core   0: 3 0x80007ef0 (0x00400f93) x31 0x00000004
core   0: 0x80007ef4 (0x40e851b3) sra     gp, a6, a4
core   0: 3 0x80007ef4 (0x40e851b3) x 3 0xffffffff
core   0: 0x80007ef8 (0x03866433) rem     s0, a2, s8
core   0: 3 0x80007ef8 (0x03866433) x 8 0xffffffff
core   0: 0x80007efc (0x03274933) div     s2, a4, s2
core   0: 3 0x80007efc (0x03274933) x18 0xffeaffdb
core   0: 0x80007f00 (0x00960613) addi    a2, a2, 9
core   0: 3 0x80007f00 (0x00960613) x12 0x00000008
core   0: 0x80007f04 (0x40335593) srai    a1, t1, 3
core   0: 3 0x80007f04 (0x40335593) x11 0x00000000
core   0: 0x80007f08 (0x41e1dd33) sra     s10, gp, t5
core   0: 3 0x80007f08 (0x41e1dd33) x26 0xffffffff
core   0: 0x80007f0c (0x40d80bb3) sub     s7, a6, a3
core   0: 3 0x80007f0c (0x40d80bb3) x23 0x0000000b
core   0: 0x80007f10 (0xfff664e3) bltu    a2, t6, pc - 24
core   0: 3 0x80007f10 (0xfff664e3)
core   0: 0x80007f14 (0x037dbd33) mulhu   s10, s11, s7
core   0: 3 0x80007f14 (0x037dbd33) x26 0x00000005
core   0: 0x80007f18 (0xfaff1ce3) bne     t5, a5, pc - 72
core   0: 3 0x80007f18 (0xfaff1ce3)
core   0: 0x80007ed0 (0x56315217) auipc   tp, 0x56315
core   0: 3 0x80007ed0 (0x56315217) x 4 0xd631ced0
core   0: 0x80007ed4 (0x01885913) srli    s2, a6, 24
core   0: 3 0x80007ed4 (0x01885913) x18 0x000000ff
core   0: 0x80007ed8 (0x20733313) sltiu   t1, t1, 519
core   0: 3 0x80007ed8 (0x20733313) x 6 0x00000001
core   0: 0x80007edc (0x41190e13) addi    t3, s2, 1041
core   0: 3 0x80007edc (0x41190e13) x28 0x00000510
core   0: 0x80007ee0 (0x40cd5a13) srai    s4, s10, 12
core   0: 3 0x80007ee0 (0x40cd5a13) x20 0x00000000
core   0: 0x80007ee4 (0x001f0f13) addi    t5, t5, 1
core   0: 3 0x80007ee4 (0x001f0f13) x30 0x00000009
core   0: 0x80007ee8 (0xfff00613) li      a2, -1
core   0: 3 0x80007ee8 (0xfff00613) x12 0xffffffff
core   0: 0x80007eec (0x03a28ab3) mul     s5, t0, s10
core   0: 3 0x80007eec (0x03a28ab3) x21 0x0000000f
core   0: 0x80007ef0 (0x00400f93) li      t6, 4
core   0: 3 0x80007ef0 (0x00400f93) x31 0x00000004
core   0: 0x80007ef4 (0x40e851b3) sra     gp, a6, a4
core   0: 3 0x80007ef4 (0x40e851b3) x 3 0xffffffff
core   0: 0x80007ef8 (0x03866433) rem     s0, a2, s8
core   0: 3 0x80007ef8 (0x03866433) x 8 0xffffffff
core   0: 0x80007efc (0x03274933) div     s2, a4, s2
core   0: 3 0x80007efc (0x03274933) x18 0xffeaffdb
core   0: 0x80007f00 (0x00960613) addi    a2, a2, 9
core   0: 3 0x80007f00 (0x00960613) x12 0x00000008
core   0: 0x80007f04 (0x40335593) srai    a1, t1, 3
core   0: 3 0x80007f04 (0x40335593) x11 0x00000000
core   0: 0x80007f08 (0x41e1dd33) sra     s10, gp, t5
core   0: 3 0x80007f08 (0x41e1dd33) x26 0xffffffff
core   0: 0x80007f0c (0x40d80bb3) sub     s7, a6, a3
core   0: 3 0x80007f0c (0x40d80bb3) x23 0x0000000b
core   0: 0x80007f10 (0xfff664e3) bltu    a2, t6, pc - 24
core   0: 3 0x80007f10 (0xfff664e3)
core   0: 0x80007f14 (0x037dbd33) mulhu   s10, s11, s7
core   0: 3 0x80007f14 (0x037dbd33) x26 0x00000005
core   0: 0x80007f18 (0xfaff1ce3) bne     t5, a5, pc - 72
core   0: 3 0x80007f18 (0xfaff1ce3)
core   0: 0x80007ed0 (0x56315217) auipc   tp, 0x56315
core   0: 3 0x80007ed0 (0x56315217) x 4 0xd631ced0
core   0: 0x80007ed4 (0x01885913) srli    s2, a6, 24
core   0: 3 0x80007ed4 (0x01885913) x18 0x000000ff
core   0: 0x80007ed8 (0x20733313) sltiu   t1, t1, 519
core   0: 3 0x80007ed8 (0x20733313) x 6 0x00000001
core   0: 0x80007edc (0x41190e13) addi    t3, s2, 1041
core   0: 3 0x80007edc (0x41190e13) x28 0x00000510
core   0: 0x80007ee0 (0x40cd5a13) srai    s4, s10, 12
core   0: 3 0x80007ee0 (0x40cd5a13) x20 0x00000000
core   0: 0x80007ee4 (0x001f0f13) addi    t5, t5, 1
core   0: 3 0x80007ee4 (0x001f0f13) x30 0x0000000a
core   0: 0x80007ee8 (0xfff00613) li      a2, -1
core   0: 3 0x80007ee8 (0xfff00613) x12 0xffffffff
core   0: 0x80007eec (0x03a28ab3) mul     s5, t0, s10
core   0: 3 0x80007eec (0x03a28ab3) x21 0x0000000f
core   0: 0x80007ef0 (0x00400f93) li      t6, 4
core   0: 3 0x80007ef0 (0x00400f93) x31 0x00000004
core   0: 0x80007ef4 (0x40e851b3) sra     gp, a6, a4
core   0: 3 0x80007ef4 (0x40e851b3) x 3 0xffffffff
core   0: 0x80007ef8 (0x03866433) rem     s0, a2, s8
core   0: 3 0x80007ef8 (0x03866433) x 8 0xffffffff
core   0: 0x80007efc (0x03274933) div     s2, a4, s2
core   0: 3 0x80007efc (0x03274933) x18 0xffeaffdb
core   0: 0x80007f00 (0x00960613) addi    a2, a2, 9
core   0: 3 0x80007f00 (0x00960613) x12 0x00000008
core   0: 0x80007f04 (0x40335593) srai    a1, t1, 3
core   0: 3 0x80007f04 (0x40335593) x11 0x00000000
core   0: 0x80007f08 (0x41e1dd33) sra     s10, gp, t5
core   0: 3 0x80007f08 (0x41e1dd33) x26 0xffffffff
core   0: 0x80007f0c (0x40d80bb3) sub     s7, a6, a3
core   0: 3 0x80007f0c (0x40d80bb3) x23 0x0000000b
core   0: 0x80007f10 (0xfff664e3) bltu    a2, t6, pc - 24
core   0: 3 0x80007f10 (0xfff664e3)
core   0: 0x80007f14 (0x037dbd33) mulhu   s10, s11, s7
core   0: 3 0x80007f14 (0x037dbd33) x26 0x00000005
core   0: 0x80007f18 (0xfaff1ce3) bne     t5, a5, pc - 72
core   0: 3 0x80007f18 (0xfaff1ce3)
core   0: 0x80007ed0 (0x56315217) auipc   tp, 0x56315
core   0: 3 0x80007ed0 (0x56315217) x 4 0xd631ced0
core   0: 0x80007ed4 (0x01885913) srli    s2, a6, 24
core   0: 3 0x80007ed4 (0x01885913) x18 0x000000ff
core   0: 0x80007ed8 (0x20733313) sltiu   t1, t1, 519
core   0: 3 0x80007ed8 (0x20733313) x 6 0x00000001
core   0: 0x80007edc (0x41190e13) addi    t3, s2, 1041
core   0: 3 0x80007edc (0x41190e13) x28 0x00000510
core   0: 0x80007ee0 (0x40cd5a13) srai    s4, s10, 12
core   0: 3 0x80007ee0 (0x40cd5a13) x20 0x00000000
core   0: 0x80007ee4 (0x001f0f13) addi    t5, t5, 1
core   0: 3 0x80007ee4 (0x001f0f13) x30 0x0000000b
core   0: 0x80007ee8 (0xfff00613) li      a2, -1
core   0: 3 0x80007ee8 (0xfff00613) x12 0xffffffff
core   0: 0x80007eec (0x03a28ab3) mul     s5, t0, s10
core   0: 3 0x80007eec (0x03a28ab3) x21 0x0000000f
core   0: 0x80007ef0 (0x00400f93) li      t6, 4
core   0: 3 0x80007ef0 (0x00400f93) x31 0x00000004
core   0: 0x80007ef4 (0x40e851b3) sra     gp, a6, a4
core   0: 3 0x80007ef4 (0x40e851b3) x 3 0xffffffff
core   0: 0x80007ef8 (0x03866433) rem     s0, a2, s8
core   0: 3 0x80007ef8 (0x03866433) x 8 0xffffffff
core   0: 0x80007efc (0x03274933) div     s2, a4, s2
core   0: 3 0x80007efc (0x03274933) x18 0xffeaffdb
core   0: 0x80007f00 (0x00960613) addi    a2, a2, 9
core   0: 3 0x80007f00 (0x00960613) x12 0x00000008
core   0: 0x80007f04 (0x40335593) srai    a1, t1, 3
core   0: 3 0x80007f04 (0x40335593) x11 0x00000000
core   0: 0x80007f08 (0x41e1dd33) sra     s10, gp, t5
core   0: 3 0x80007f08 (0x41e1dd33) x26 0xffffffff
core   0: 0x80007f0c (0x40d80bb3) sub     s7, a6, a3
core   0: 3 0x80007f0c (0x40d80bb3) x23 0x0000000b
core   0: 0x80007f10 (0xfff664e3) bltu    a2, t6, pc - 24
core   0: 3 0x80007f10 (0xfff664e3)
core   0: 0x80007f14 (0x037dbd33) mulhu   s10, s11, s7
core   0: 3 0x80007f14 (0x037dbd33) x26 0x00000005
core   0: 0x80007f18 (0xfaff1ce3) bne     t5, a5, pc - 72
core   0: 3 0x80007f18 (0xfaff1ce3)
core   0: 0x80007ed0 (0x56315217) auipc   tp, 0x56315
core   0: 3 0x80007ed0 (0x56315217) x 4 0xd631ced0
core   0: 0x80007ed4 (0x01885913) srli    s2, a6, 24
core   0: 3 0x80007ed4 (0x01885913) x18 0x000000ff
core   0: 0x80007ed8 (0x20733313) sltiu   t1, t1, 519
core   0: 3 0x80007ed8 (0x20733313) x 6 0x00000001
core   0: 0x80007edc (0x41190e13) addi    t3, s2, 1041
core   0: 3 0x80007edc (0x41190e13) x28 0x00000510
core   0: 0x80007ee0 (0x40cd5a13) srai    s4, s10, 12
core   0: 3 0x80007ee0 (0x40cd5a13) x20 0x00000000
core   0: 0x80007ee4 (0x001f0f13) addi    t5, t5, 1
core   0: 3 0x80007ee4 (0x001f0f13) x30 0x0000000c
core   0: 0x80007ee8 (0xfff00613) li      a2, -1
core   0: 3 0x80007ee8 (0xfff00613) x12 0xffffffff
core   0: 0x80007eec (0x03a28ab3) mul     s5, t0, s10
core   0: 3 0x80007eec (0x03a28ab3) x21 0x0000000f
core   0: 0x80007ef0 (0x00400f93) li      t6, 4
core   0: 3 0x80007ef0 (0x00400f93) x31 0x00000004
core   0: 0x80007ef4 (0x40e851b3) sra     gp, a6, a4
core   0: 3 0x80007ef4 (0x40e851b3) x 3 0xffffffff
core   0: 0x80007ef8 (0x03866433) rem     s0, a2, s8
core   0: 3 0x80007ef8 (0x03866433) x 8 0xffffffff
core   0: 0x80007efc (0x03274933) div     s2, a4, s2
core   0: 3 0x80007efc (0x03274933) x18 0xffeaffdb
core   0: 0x80007f00 (0x00960613) addi    a2, a2, 9
core   0: 3 0x80007f00 (0x00960613) x12 0x00000008
core   0: 0x80007f04 (0x40335593) srai    a1, t1, 3
core   0: 3 0x80007f04 (0x40335593) x11 0x00000000
core   0: 0x80007f08 (0x41e1dd33) sra     s10, gp, t5
core   0: 3 0x80007f08 (0x41e1dd33) x26 0xffffffff
core   0: 0x80007f0c (0x40d80bb3) sub     s7, a6, a3
core   0: 3 0x80007f0c (0x40d80bb3) x23 0x0000000b
core   0: 0x80007f10 (0xfff664e3) bltu    a2, t6, pc - 24
core   0: 3 0x80007f10 (0xfff664e3)
core   0: 0x80007f14 (0x037dbd33) mulhu   s10, s11, s7
core   0: 3 0x80007f14 (0x037dbd33) x26 0x00000005
core   0: 0x80007f18 (0xfaff1ce3) bne     t5, a5, pc - 72
core   0: 3 0x80007f18 (0xfaff1ce3)
core   0: 0x80007ed0 (0x56315217) auipc   tp, 0x56315
core   0: 3 0x80007ed0 (0x56315217) x 4 0xd631ced0
core   0: 0x80007ed4 (0x01885913) srli    s2, a6, 24
core   0: 3 0x80007ed4 (0x01885913) x18 0x000000ff
core   0: 0x80007ed8 (0x20733313) sltiu   t1, t1, 519
core   0: 3 0x80007ed8 (0x20733313) x 6 0x00000001
core   0: 0x80007edc (0x41190e13) addi    t3, s2, 1041
core   0: 3 0x80007edc (0x41190e13) x28 0x00000510
core   0: 0x80007ee0 (0x40cd5a13) srai    s4, s10, 12
core   0: 3 0x80007ee0 (0x40cd5a13) x20 0x00000000
core   0: 0x80007ee4 (0x001f0f13) addi    t5, t5, 1
core   0: 3 0x80007ee4 (0x001f0f13) x30 0x0000000d
core   0: 0x80007ee8 (0xfff00613) li      a2, -1
core   0: 3 0x80007ee8 (0xfff00613) x12 0xffffffff
core   0: 0x80007eec (0x03a28ab3) mul     s5, t0, s10
core   0: 3 0x80007eec (0x03a28ab3) x21 0x0000000f
core   0: 0x80007ef0 (0x00400f93) li      t6, 4
core   0: 3 0x80007ef0 (0x00400f93) x31 0x00000004
core   0: 0x80007ef4 (0x40e851b3) sra     gp, a6, a4
core   0: 3 0x80007ef4 (0x40e851b3) x 3 0xffffffff
core   0: 0x80007ef8 (0x03866433) rem     s0, a2, s8
core   0: 3 0x80007ef8 (0x03866433) x 8 0xffffffff
core   0: 0x80007efc (0x03274933) div     s2, a4, s2
core   0: 3 0x80007efc (0x03274933) x18 0xffeaffdb
core   0: 0x80007f00 (0x00960613) addi    a2, a2, 9
core   0: 3 0x80007f00 (0x00960613) x12 0x00000008
core   0: 0x80007f04 (0x40335593) srai    a1, t1, 3
core   0: 3 0x80007f04 (0x40335593) x11 0x00000000
core   0: 0x80007f08 (0x41e1dd33) sra     s10, gp, t5
core   0: 3 0x80007f08 (0x41e1dd33) x26 0xffffffff
core   0: 0x80007f0c (0x40d80bb3) sub     s7, a6, a3
core   0: 3 0x80007f0c (0x40d80bb3) x23 0x0000000b
core   0: 0x80007f10 (0xfff664e3) bltu    a2, t6, pc - 24
core   0: 3 0x80007f10 (0xfff664e3)
core   0: 0x80007f14 (0x037dbd33) mulhu   s10, s11, s7
core   0: 3 0x80007f14 (0x037dbd33) x26 0x00000005
core   0: 0x80007f18 (0xfaff1ce3) bne     t5, a5, pc - 72
core   0: 3 0x80007f18 (0xfaff1ce3)
core   0: 0x80007f1c (0x00495cb3) srl     s9, s2, tp
core   0: 3 0x80007f1c (0x00495cb3) x25 0x0000ffea
core   0: 0x80007f20 (0x00600793) li      a5, 6
core   0: 3 0x80007f20 (0x00600793) x15 0x00000006
core   0: 0x80007f24 (0x016fad33) slt     s10, t6, s6
core   0: 3 0x80007f24 (0x016fad33) x26 0x00000000
core   0: 0x80007f28 (0x0329c833) div     a6, s3, s2
core   0: 3 0x80007f28 (0x0329c833) x16 0x00000000
core   0: 0x80007f2c (0x937e2193) slti    gp, t3, -1737
core   0: 3 0x80007f2c (0x937e2193) x 3 0x00000000
core   0: 0x80007f30 (0x408c5a93) srai    s5, s8, 8
core   0: 3 0x80007f30 (0x408c5a93) x21 0x00000000
core   0: 0x80007f34 (0x00800f93) li      t6, 8
core   0: 3 0x80007f34 (0x00800f93) x31 0x00000008
core   0: 0x80007f38 (0x00a9d1b3) srl     gp, s3, a0
core   0: 3 0x80007f38 (0x00a9d1b3) x 3 0x00000000
core   0: 0x80007f3c (0x0297b4b3) mulhu   s1, a5, s1
core   0: 3 0x80007f3c (0x0297b4b3) x 9 0x00000005
core   0: 0x80007f40 (0x7a6d7a93) andi    s5, s10, 1958
core   0: 3 0x80007f40 (0x7a6d7a93) x21 0x00000000
core   0: 0x80007f44 (0x4014d9b3) sra     s3, s1, ra
core   0: 3 0x80007f44 (0x4014d9b3) x19 0x00000005
core   0: 0x80007f48 (0x002a0533) add     a0, s4, sp
core   0: 3 0x80007f48 (0x002a0533) x10 0x26999000
core   0: 0x80007f4c (0x6262ff17) auipc   t5, 0x6262f
core   0: 3 0x80007f4c (0x6262ff17) x30 0xe2636f4c
core   0: 0x80007f50 (0xcccde893) ori     a7, s11, -820
core   0: 3 0x80007f50 (0xcccde893) x17 0xfffffcec
core   0: 0x80007f54 (0x18bdac13) slti    s8, s11, 395
core   0: 3 0x80007f54 (0x18bdac13) x24 0x00000001
core   0: 0x80007f58 (0x00000013) nop
core   0: 3 0x80007f58 (0x00000013)
core   0: 0x80007f5c (0x00a78793) addi    a5, a5, 10
core   0: 3 0x80007f5c (0x00a78793) x15 0x00000010
core   0: 0x80007f60 (0x032ee433) rem     s0, t4, s2
core   0: 3 0x80007f60 (0x032ee433) x 8 0x0000e970
core   0: 0x80007f64 (0x40d58633) sub     a2, a1, a3
core   0: 3 0x80007f64 (0x40d58633) x12 0x0000000c
core   0: 0x80007f68 (0x03b2aa17) auipc   s4, 0x3b2a
core   0: 3 0x80007f68 (0x03b2aa17) x20 0x83b31f68
core   0: 0x80007f6c (0x540ae513) ori     a0, s5, 1344
core   0: 3 0x80007f6c (0x540ae513) x10 0x00000540
core   0: 0x80007f70 (0x033012b3) mulh    t0, zero, s3
core   0: 3 0x80007f70 (0x033012b3) x 5 0x00000000
core   0: 0x80007f74 (0x417155b3) sra     a1, sp, s7
core   0: 3 0x80007f74 (0x417155b3) x11 0x0004d332
core   0: 0x80007f78 (0x020b2bb3) mulhsu  s7, s6, zero
core   0: 3 0x80007f78 (0x020b2bb3) x23 0x00000000
core   0: 0x80007f7c (0x02f1e0b3) rem     ra, gp, a5
core   0: 3 0x80007f7c (0x02f1e0b3) x 1 0x00000000
core   0: 0x80007f80 (0x0ffb4613) xori    a2, s6, 255
core   0: 3 0x80007f80 (0x0ffb4613) x12 0x80025ed3
core   0: 0x80007f84 (0x411c0833) sub     a6, s8, a7
core   0: 3 0x80007f84 (0x411c0833) x16 0x00000315
core   0: 0x80007f88 (0x40155a33) sra     s4, a0, ra
core   0: 3 0x80007f88 (0x40155a33) x20 0x00000540
core   0: 0x80007f8c (0x035f4333) div     t1, t5, s5
core   0: 3 0x80007f8c (0x035f4333) x 6 0xffffffff
core   0: 0x80007f90 (0xfbf7e8e3) bltu    a5, t6, pc - 80
core   0: 3 0x80007f90 (0xfbf7e8e3)
core   0: 0x80007f94 (0x031ec433) div     s0, t4, a7
core   0: 3 0x80007f94 (0x031ec433) x 8 0xfff05411
core   0: 0x80007f98 (0x00400493) li      s1, 4
core   0: 3 0x80007f98 (0x00400493) x 9 0x00000004
core   0: 0x80007f9c (0x02948eb3) mul     t4, s1, s1
core   0: 3 0x80007f9c (0x02948eb3) x29 0x00000010
core   0: 0x80007fa0 (0x02bd8eb3) mul     t4, s11, a1
core   0: 3 0x80007fa0 (0x02bd8eb3) x29 0x9b629088
core   0: 0x80007fa4 (0x00900413) li      s0, 9
core   0: 3 0x80007fa4 (0x00900413) x 8 0x00000009
core   0: 0x80007fa8 (0x015ab633) sltu    a2, s5, s5
core   0: 3 0x80007fa8 (0x015ab633) x12 0x00000000
core   0: 0x80007fac (0x3d1d7913) andi    s2, s10, 977
core   0: 3 0x80007fac (0x3d1d7913) x18 0x00000000
core   0: 0x80007fb0 (0x01e2df13) srli    t5, t0, 30
core   0: 3 0x80007fb0 (0x01e2df13) x30 0x00000000
core   0: 0x80007fb4 (0x01101b93) slli    s7, zero, 17
core   0: 3 0x80007fb4 (0x01101b93) x23 0x00000000
core   0: 0x80007fb8 (0xd2afce97) auipc   t4, 0xd2afc
core   0: 3 0x80007fb8 (0xd2afce97) x29 0x52b03fb8
core   0: 0x80007fbc (0x0197d2b3) srl     t0, a5, s9
core   0: 3 0x80007fbc (0x0197d2b3) x 5 0x00000000
core   0: 0x80007fc0 (0x018366b3) or      a3, t1, s8
core   0: 3 0x80007fc0 (0x018366b3) x13 0xffffffff
core   0: 0x80007fc4 (0x416e0ab3) sub     s5, t3, s6
core   0: 3 0x80007fc4 (0x416e0ab3) x21 0x7ffda6e4
core   0: 0x80007fc8 (0x03193f33) mulhu   t5, s2, a7
core   0: 3 0x80007fc8 (0x03193f33) x30 0x00000000
core   0: 0x80007fcc (0x41ec53b3) sra     t2, s8, t5
core   0: 3 0x80007fcc (0x41ec53b3) x 7 0x00000001
core   0: 0x80007fd0 (0x01b1cc33) xor     s8, gp, s11
core   0: 3 0x80007fd0 (0x01b1cc33) x24 0x80029ce4
core   0: 0x80007fd4 (0x036a38b3) mulhu   a7, s4, s6
core   0: 3 0x80007fd4 (0x036a38b3) x17 0x000002a0
core   0: 0x80007fd8 (0x00548493) addi    s1, s1, 5
core   0: 3 0x80007fd8 (0x00548493) x 9 0x00000009
core   0: 0x80007fdc (0xaa5b3c97) auipc   s9, 0xaa5b3
core   0: 3 0x80007fdc (0xaa5b3c97) x25 0x2a5bafdc
core   0: 0x80007fe0 (0x00a00813) li      a6, 10
core   0: 3 0x80007fe0 (0x00a00813) x16 0x0000000a
core   0: 0x80007fe4 (0x00a00093) li      ra, 10
core   0: 3 0x80007fe4 (0x00a00093) x 1 0x0000000a
core   0: 0x80007fe8 (0x013d1313) slli    t1, s10, 19
core   0: 3 0x80007fe8 (0x013d1313) x 6 0x00000000
core   0: 0x80007fec (0x02533cb3) mulhu   s9, t1, t0
core   0: 3 0x80007fec (0x02533cb3) x25 0x00000000
core   0: 0x80007ff0 (0x41680513) addi    a0, a6, 1046
core   0: 3 0x80007ff0 (0x41680513) x10 0x00000420
core   0: 0x80007ff4 (0x036f62b3) rem     t0, t5, s6
core   0: 3 0x80007ff4 (0x036f62b3) x 5 0x00000000
core   0: 0x80007ff8 (0x026c37b3) mulhu   a5, s8, t1
core   0: 3 0x80007ff8 (0x026c37b3) x15 0x00000000
core   0: 0x80007ffc (0x02418933) mul     s2, gp, tp
core   0: 3 0x80007ffc (0x02418933) x18 0x00000000
core   0: 0x80008000 (0xff680813) addi    a6, a6, -10
core   0: 3 0x80008000 (0xff680813) x16 0x00000000
core   0: 0x80008004 (0x01775893) srli    a7, a4, 23
core   0: 3 0x80008004 (0x01775893) x17 0x000001d6
core   0: 0x80008008 (0xfe1854e3) bge     a6, ra, pc - 24
core   0: 3 0x80008008 (0xfe1854e3)
core   0: 0x8000800c (0x76f23e93) sltiu   t4, tp, 1903
core   0: 3 0x8000800c (0x76f23e93) x29 0x00000000
core   0: 0x80008010 (0x40740033) sub     zero, s0, t2
core   0: 3 0x80008010 (0x40740033)
core   0: 0x80008014 (0xfa849ae3) bne     s1, s0, pc - 76
core   0: 3 0x80008014 (0xfa849ae3)
core   0: 0x80008018 (0x0338c3b3) div     t2, a7, s3
core   0: 3 0x80008018 (0x0338c3b3) x 7 0x0000005e
core   0: 0x8000801c (0x00200593) li      a1, 2
core   0: 3 0x8000801c (0x00200593) x11 0x00000002
core   0: 0x80008020 (0x00800113) li      sp, 8
core   0: 3 0x80008020 (0x00800113) x 2 0x00000008
core   0: 0x80008024 (0x00000013) nop
core   0: 3 0x80008024 (0x00000013)
core   0: 0x80008028 (0x00658593) addi    a1, a1, 6
core   0: 3 0x80008028 (0x00658593) x11 0x00000008
core   0: 0x8000802c (0x00200793) li      a5, 2
core   0: 3 0x8000802c (0x00200793) x15 0x00000002
core   0: 0x80008030 (0xd8c9b613) sltiu   a2, s3, -628
core   0: 3 0x80008030 (0xd8c9b613) x12 0x00000001
core   0: 0x80008034 (0x00800093) li      ra, 8
core   0: 3 0x80008034 (0x00800093) x 1 0x00000008
core   0: 0x80008038 (0x400d0a33) sub     s4, s10, zero
core   0: 3 0x80008038 (0x400d0a33) x20 0x00000000
core   0: 0x8000803c (0x00678793) addi    a5, a5, 6
core   0: 3 0x8000803c (0x00678793) x15 0x00000008
core   0: 0x80008040 (0xfe17ece3) bltu    a5, ra, pc - 8
core   0: 3 0x80008040 (0xfe17ece3)
core   0: 0x80008044 (0xfe25e0e3) bltu    a1, sp, pc - 32
core   0: 3 0x80008044 (0xfe25e0e3)
core   0: 0x80008048 (0x023cb833) mulhu   a6, s9, gp
core   0: 3 0x80008048 (0x023cb833) x16 0x00000000
core   0: 0x8000804c (0x00a00e93) li      t4, 10
core   0: 3 0x8000804c (0x00a00e93) x29 0x0000000a
core   0: 0x80008050 (0x00a00893) li      a7, 10
core   0: 3 0x80008050 (0x00a00893) x17 0x0000000a
core   0: 0x80008054 (0x0174b333) sltu    t1, s1, s7
core   0: 3 0x80008054 (0x0174b333) x 6 0x00000000
core   0: 0x80008058 (0x0138b333) sltu    t1, a7, s3
core   0: 3 0x80008058 (0x0138b333) x 6 0x00000000
core   0: 0x8000805c (0xff7e8e93) addi    t4, t4, -9
core   0: 3 0x8000805c (0xff7e8e93) x29 0x00000001
core   0: 0x80008060 (0xff1efae3) bgeu    t4, a7, pc - 12
core   0: 3 0x80008060 (0xff1efae3)
core   0: 0x80008064 (0x4fd00e17) auipc   t3, 0x4fd00
core   0: 3 0x80008064 (0x4fd00e17) x28 0xcfd08064
core   0: 0x80008068 (0xfff00593) li      a1, -1
core   0: 3 0x80008068 (0xfff00593) x11 0xffffffff
core   0: 0x8000806c (0x01400c93) li      s9, 20
core   0: 3 0x8000806c (0x01400c93) x25 0x00000014
core   0: 0x80008070 (0x402b81b3) sub     gp, s7, sp
core   0: 3 0x80008070 (0x402b81b3) x 3 0xfffffff8
core   0: 0x80008074 (0x01d69413) slli    s0, a3, 29
core   0: 3 0x80008074 (0x01d69413) x 8 0xe0000000
core   0: 0x80008078 (0x00558593) addi    a1, a1, 5
core   0: 3 0x80008078 (0x00558593) x11 0x00000004
core   0: 0x8000807c (0x00892e33) slt     t3, s2, s0
core   0: 3 0x8000807c (0x00892e33) x28 0x00000000
core   0: 0x80008080 (0xff95e8e3) bltu    a1, s9, pc - 16
core   0: 3 0x80008080 (0xff95e8e3)
core   0: 0x80008070 (0x402b81b3) sub     gp, s7, sp
core   0: 3 0x80008070 (0x402b81b3) x 3 0xfffffff8
core   0: 0x80008074 (0x01d69413) slli    s0, a3, 29
core   0: 3 0x80008074 (0x01d69413) x 8 0xe0000000
core   0: 0x80008078 (0x00558593) addi    a1, a1, 5
core   0: 3 0x80008078 (0x00558593) x11 0x00000009
core   0: 0x8000807c (0x00892e33) slt     t3, s2, s0
core   0: 3 0x8000807c (0x00892e33) x28 0x00000000
core   0: 0x80008080 (0xff95e8e3) bltu    a1, s9, pc - 16
core   0: 3 0x80008080 (0xff95e8e3)
core   0: 0x80008070 (0x402b81b3) sub     gp, s7, sp
core   0: 3 0x80008070 (0x402b81b3) x 3 0xfffffff8
core   0: 0x80008074 (0x01d69413) slli    s0, a3, 29
core   0: 3 0x80008074 (0x01d69413) x 8 0xe0000000
core   0: 0x80008078 (0x00558593) addi    a1, a1, 5
core   0: 3 0x80008078 (0x00558593) x11 0x0000000e
core   0: 0x8000807c (0x00892e33) slt     t3, s2, s0
core   0: 3 0x8000807c (0x00892e33) x28 0x00000000
core   0: 0x80008080 (0xff95e8e3) bltu    a1, s9, pc - 16
core   0: 3 0x80008080 (0xff95e8e3)
core   0: 0x80008070 (0x402b81b3) sub     gp, s7, sp
core   0: 3 0x80008070 (0x402b81b3) x 3 0xfffffff8
core   0: 0x80008074 (0x01d69413) slli    s0, a3, 29
core   0: 3 0x80008074 (0x01d69413) x 8 0xe0000000
core   0: 0x80008078 (0x00558593) addi    a1, a1, 5
core   0: 3 0x80008078 (0x00558593) x11 0x00000013
core   0: 0x8000807c (0x00892e33) slt     t3, s2, s0
core   0: 3 0x8000807c (0x00892e33) x28 0x00000000
core   0: 0x80008080 (0xff95e8e3) bltu    a1, s9, pc - 16
core   0: 3 0x80008080 (0xff95e8e3)
core   0: 0x80008070 (0x402b81b3) sub     gp, s7, sp
core   0: 3 0x80008070 (0x402b81b3) x 3 0xfffffff8
core   0: 0x80008074 (0x01d69413) slli    s0, a3, 29
core   0: 3 0x80008074 (0x01d69413) x 8 0xe0000000
core   0: 0x80008078 (0x00558593) addi    a1, a1, 5
core   0: 3 0x80008078 (0x00558593) x11 0x00000018
core   0: 0x8000807c (0x00892e33) slt     t3, s2, s0
core   0: 3 0x8000807c (0x00892e33) x28 0x00000000
core   0: 0x80008080 (0xff95e8e3) bltu    a1, s9, pc - 16
core   0: 3 0x80008080 (0xff95e8e3)
core   0: 0x80008084 (0x40bedf93) srai    t6, t4, 11
core   0: 3 0x80008084 (0x40bedf93) x31 0x00000000
core   0: 0x80008088 (0x00300813) li      a6, 3
core   0: 3 0x80008088 (0x00300813) x16 0x00000003
core   0: 0x8000808c (0xe7cbe793) ori     a5, s7, -388
core   0: 3 0x8000808c (0xe7cbe793) x15 0xfffffe7c
core   0: 0x80008090 (0x015fd7b3) srl     a5, t6, s5
core   0: 3 0x80008090 (0x015fd7b3) x15 0x00000000
core   0: 0x80008094 (0x01a64533) xor     a0, a2, s10
core   0: 3 0x80008094 (0x01a64533) x10 0x00000001
core   0: 0x80008098 (0x1c2c7013) andi    zero, s8, 450
core   0: 3 0x80008098 (0x1c2c7013)
core   0: 0x8000809c (0x00a89233) sll     tp, a7, a0
core   0: 3 0x8000809c (0x00a89233) x 4 0x00000014
core   0: 0x800080a0 (0x4289ef93) ori     t6, s3, 1064
core   0: 3 0x800080a0 (0x4289ef93) x31 0x0000042d
core   0: 0x800080a4 (0x00fcf633) and     a2, s9, a5
core   0: 3 0x800080a4 (0x00fcf633) x12 0x00000000
core   0: 0x800080a8 (0x3e61aa13) slti    s4, gp, 998
core   0: 3 0x800080a8 (0x3e61aa13) x20 0x00000001
core   0: 0x800080ac (0x41c20ab3) sub     s5, tp, t3
core   0: 3 0x800080ac (0x41c20ab3) x21 0x00000014
core   0: 0x800080b0 (0x03edb233) mulhu   tp, s11, t5
core   0: 3 0x800080b0 (0x03edb233) x 4 0x00000000
core   0: 0x800080b4 (0x018e9b93) slli    s7, t4, 24
core   0: 3 0x800080b4 (0x018e9b93) x23 0x01000000
core   0: 0x800080b8 (0x568c3893) sltiu   a7, s8, 1384
core   0: 3 0x800080b8 (0x568c3893) x17 0x00000000
core   0: 0x800080bc (0x01044cb3) xor     s9, s0, a6
core   0: 3 0x800080bc (0x01044cb3) x25 0xe0000003
core   0: 0x800080c0 (0xfbcf0c13) addi    s8, t5, -68
core   0: 3 0x800080c0 (0xfbcf0c13) x24 0xffffffbc
core   0: 0x800080c4 (0x01300113) li      sp, 19
core   0: 3 0x800080c4 (0x01300113) x 2 0x00000013
core   0: 0x800080c8 (0xb5932913) slti    s2, t1, -1191
core   0: 3 0x800080c8 (0xb5932913) x18 0x00000000
core   0: 0x800080cc (0x032ceeb3) rem     t4, s9, s2
core   0: 3 0x800080cc (0x032ceeb3) x29 0xe0000003
core   0: 0x800080d0 (0x02abeab3) rem     s5, s7, a0
core   0: 3 0x800080d0 (0x02abeab3) x21 0x00000000
core   0: 0x800080d4 (0x40f35033) sra     zero, t1, a5
core   0: 3 0x800080d4 (0x40f35033)
core   0: 0x800080d8 (0x0248b1b3) mulhu   gp, a7, tp
core   0: 3 0x800080d8 (0x0248b1b3) x 3 0x00000000
core   0: 0x800080dc (0x02681c33) mulh    s8, a6, t1
core   0: 3 0x800080dc (0x02681c33) x24 0x00000000
core   0: 0x800080e0 (0x00340a33) add     s4, s0, gp
core   0: 3 0x800080e0 (0x00340a33) x20 0xe0000000
core   0: 0x800080e4 (0x03dd8333) mul     t1, s11, t4
core   0: 3 0x800080e4 (0x03dd8333) x 6 0x0007d6ac
core   0: 0x800080e8 (0x02d0d033) divu    zero, ra, a3
core   0: 3 0x800080e8 (0x02d0d033)
core   0: 0x800080ec (0x00780813) addi    a6, a6, 7
core   0: 3 0x800080ec (0x00780813) x16 0x0000000a
core   0: 0x800080f0 (0x0074b3b3) sltu    t2, s1, t2
core   0: 3 0x800080f0 (0x0074b3b3) x 7 0x00000001
core   0: 0x800080f4 (0x03c5e033) rem     zero, a1, t3
core   0: 3 0x800080f4 (0x03c5e033)
core   0: 0x800080f8 (0xfc284ae3) blt     a6, sp, pc - 44
core   0: 3 0x800080f8 (0xfc284ae3)
core   0: 0x800080cc (0x032ceeb3) rem     t4, s9, s2
core   0: 3 0x800080cc (0x032ceeb3) x29 0xe0000003
core   0: 0x800080d0 (0x02abeab3) rem     s5, s7, a0
core   0: 3 0x800080d0 (0x02abeab3) x21 0x00000000
core   0: 0x800080d4 (0x40f35033) sra     zero, t1, a5
core   0: 3 0x800080d4 (0x40f35033)
core   0: 0x800080d8 (0x0248b1b3) mulhu   gp, a7, tp
core   0: 3 0x800080d8 (0x0248b1b3) x 3 0x00000000
core   0: 0x800080dc (0x02681c33) mulh    s8, a6, t1
core   0: 3 0x800080dc (0x02681c33) x24 0x00000000
core   0: 0x800080e0 (0x00340a33) add     s4, s0, gp
core   0: 3 0x800080e0 (0x00340a33) x20 0xe0000000
core   0: 0x800080e4 (0x03dd8333) mul     t1, s11, t4
core   0: 3 0x800080e4 (0x03dd8333) x 6 0x0007d6ac
core   0: 0x800080e8 (0x02d0d033) divu    zero, ra, a3
core   0: 3 0x800080e8 (0x02d0d033)
core   0: 0x800080ec (0x00780813) addi    a6, a6, 7
core   0: 3 0x800080ec (0x00780813) x16 0x00000011
core   0: 0x800080f0 (0x0074b3b3) sltu    t2, s1, t2
core   0: 3 0x800080f0 (0x0074b3b3) x 7 0x00000000
core   0: 0x800080f4 (0x03c5e033) rem     zero, a1, t3
core   0: 3 0x800080f4 (0x03c5e033)
core   0: 0x800080f8 (0xfc284ae3) blt     a6, sp, pc - 44
core   0: 3 0x800080f8 (0xfc284ae3)
core   0: 0x800080cc (0x032ceeb3) rem     t4, s9, s2
core   0: 3 0x800080cc (0x032ceeb3) x29 0xe0000003
core   0: 0x800080d0 (0x02abeab3) rem     s5, s7, a0
core   0: 3 0x800080d0 (0x02abeab3) x21 0x00000000
core   0: 0x800080d4 (0x40f35033) sra     zero, t1, a5
core   0: 3 0x800080d4 (0x40f35033)
core   0: 0x800080d8 (0x0248b1b3) mulhu   gp, a7, tp
core   0: 3 0x800080d8 (0x0248b1b3) x 3 0x00000000
core   0: 0x800080dc (0x02681c33) mulh    s8, a6, t1
core   0: 3 0x800080dc (0x02681c33) x24 0x00000000
core   0: 0x800080e0 (0x00340a33) add     s4, s0, gp
core   0: 3 0x800080e0 (0x00340a33) x20 0xe0000000
core   0: 0x800080e4 (0x03dd8333) mul     t1, s11, t4
core   0: 3 0x800080e4 (0x03dd8333) x 6 0x0007d6ac
core   0: 0x800080e8 (0x02d0d033) divu    zero, ra, a3
core   0: 3 0x800080e8 (0x02d0d033)
core   0: 0x800080ec (0x00780813) addi    a6, a6, 7
core   0: 3 0x800080ec (0x00780813) x16 0x00000018
core   0: 0x800080f0 (0x0074b3b3) sltu    t2, s1, t2
core   0: 3 0x800080f0 (0x0074b3b3) x 7 0x00000000
core   0: 0x800080f4 (0x03c5e033) rem     zero, a1, t3
core   0: 3 0x800080f4 (0x03c5e033)
core   0: 0x800080f8 (0xfc284ae3) blt     a6, sp, pc - 44
core   0: 3 0x800080f8 (0xfc284ae3)
core   0: 0x800080fc (0x024529b3) mulhsu  s3, a0, tp
core   0: 3 0x800080fc (0x024529b3) x19 0x00000000
core   0: 0x80008100 (0xff800593) li      a1, -8
core   0: 3 0x80008100 (0xff800593) x11 0xfffffff8
core   0: 0x80008104 (0xfee00813) li      a6, -18
core   0: 3 0x80008104 (0xfee00813) x16 0xffffffee
core   0: 0x80008108 (0x149f8113) addi    sp, t6, 329
core   0: 3 0x80008108 (0x149f8113) x 2 0x00000576
core   0: 0x8000810c (0x00000013) nop
core   0: 3 0x8000810c (0x00000013)
core   0: 0x80008110 (0x033a10b3) mulh    ra, s4, s3
core   0: 3 0x80008110 (0x033a10b3) x 1 0x00000000
core   0: 0x80008114 (0x00e811b3) sll     gp, a6, a4
core   0: 3 0x80008114 (0x00e811b3) x 3 0xfffffb80
core   0: 0x80008118 (0xffb58593) addi    a1, a1, -5
core   0: 3 0x80008118 (0xffb58593) x11 0xfffffff3
core   0: 0x8000811c (0xff800413) li      s0, -8
core   0: 3 0x8000811c (0xff800413) x 8 0xfffffff8
core   0: 0x80008120 (0xfee00893) li      a7, -18
core   0: 3 0x80008120 (0xfee00893) x17 0xffffffee
core   0: 0x80008124 (0x00789e33) sll     t3, a7, t2
core   0: 3 0x80008124 (0x00789e33) x28 0xffffffee
core   0: 0x80008128 (0x03b1e4b3) rem     s1, gp, s11
core   0: 3 0x80008128 (0x03b1e4b3) x 9 0xfffffb80
core   0: 0x8000812c (0x9bdb8913) addi    s2, s7, -1603
core   0: 3 0x8000812c (0x9bdb8913) x18 0x00fff9bd
core   0: 0x80008130 (0x00b6ae33) slt     t3, a3, a1
core   0: 3 0x80008130 (0x00b6ae33) x28 0x00000000
core   0: 0x80008134 (0xffb40413) addi    s0, s0, -5
core   0: 3 0x80008134 (0xffb40413) x 8 0xfffffff3
core   0: 0x80008138 (0x01f41913) slli    s2, s0, 31
core   0: 3 0x80008138 (0x01f41913) x18 0x80000000
core   0: 0x8000813c (0x00000013) nop
core   0: 3 0x8000813c (0x00000013)
core   0: 0x80008140 (0x00346f33) or      t5, s0, gp
core   0: 3 0x80008140 (0x00346f33) x30 0xfffffff3
core   0: 0x80008144 (0xff1452e3) bge     s0, a7, pc - 28
core   0: 3 0x80008144 (0xff1452e3)
core   0: 0x80008128 (0x03b1e4b3) rem     s1, gp, s11
core   0: 3 0x80008128 (0x03b1e4b3) x 9 0xfffffb80
core   0: 0x8000812c (0x9bdb8913) addi    s2, s7, -1603
core   0: 3 0x8000812c (0x9bdb8913) x18 0x00fff9bd
core   0: 0x80008130 (0x00b6ae33) slt     t3, a3, a1
core   0: 3 0x80008130 (0x00b6ae33) x28 0x00000000
core   0: 0x80008134 (0xffb40413) addi    s0, s0, -5
core   0: 3 0x80008134 (0xffb40413) x 8 0xffffffee
core   0: 0x80008138 (0x01f41913) slli    s2, s0, 31
core   0: 3 0x80008138 (0x01f41913) x18 0x00000000
core   0: 0x8000813c (0x00000013) nop
core   0: 3 0x8000813c (0x00000013)
core   0: 0x80008140 (0x00346f33) or      t5, s0, gp
core   0: 3 0x80008140 (0x00346f33) x30 0xffffffee
core   0: 0x80008144 (0xff1452e3) bge     s0, a7, pc - 28
core   0: 3 0x80008144 (0xff1452e3)
core   0: 0x80008128 (0x03b1e4b3) rem     s1, gp, s11
core   0: 3 0x80008128 (0x03b1e4b3) x 9 0xfffffb80
core   0: 0x8000812c (0x9bdb8913) addi    s2, s7, -1603
core   0: 3 0x8000812c (0x9bdb8913) x18 0x00fff9bd
core   0: 0x80008130 (0x00b6ae33) slt     t3, a3, a1
core   0: 3 0x80008130 (0x00b6ae33) x28 0x00000000
core   0: 0x80008134 (0xffb40413) addi    s0, s0, -5
core   0: 3 0x80008134 (0xffb40413) x 8 0xffffffe9
core   0: 0x80008138 (0x01f41913) slli    s2, s0, 31
core   0: 3 0x80008138 (0x01f41913) x18 0x80000000
core   0: 0x8000813c (0x00000013) nop
core   0: 3 0x8000813c (0x00000013)
core   0: 0x80008140 (0x00346f33) or      t5, s0, gp
core   0: 3 0x80008140 (0x00346f33) x30 0xffffffe9
core   0: 0x80008144 (0xff1452e3) bge     s0, a7, pc - 28
core   0: 3 0x80008144 (0xff1452e3)
core   0: 0x80008148 (0x00000013) nop
core   0: 3 0x80008148 (0x00000013)
core   0: 0x8000814c (0x018e0f33) add     t5, t3, s8
core   0: 3 0x8000814c (0x018e0f33) x30 0x00000000
core   0: 0x80008150 (0x47300497) auipc   s1, 0x47300
core   0: 3 0x80008150 (0x47300497) x 9 0xc7308150
core   0: 0x80008154 (0x037997b3) mulh    a5, s3, s7
core   0: 3 0x80008154 (0x037997b3) x15 0x00000000
core   0: 0x80008158 (0x0213a2b3) mulhsu  t0, t2, ra
core   0: 3 0x80008158 (0x0213a2b3) x 5 0x00000000
core   0: 0x8000815c (0x0096fe33) and     t3, a3, s1
core   0: 3 0x8000815c (0x0096fe33) x28 0xc7308150
core   0: 0x80008160 (0x3ff46c13) ori     s8, s0, 1023
core   0: 3 0x80008160 (0x3ff46c13) x24 0xffffffff
core   0: 0x80008164 (0xfb0584e3) beq     a1, a6, pc - 88
core   0: 3 0x80008164 (0xfb0584e3)
core   0: 0x80008168 (0x41c3d233) sra     tp, t2, t3
core   0: 3 0x80008168 (0x41c3d233) x 4 0x00000000
core   0: 0x8000816c (0xff600d13) li      s10, -10
core   0: 3 0x8000816c (0xff600d13) x26 0xfffffff6
core   0: 0x80008170 (0x0130b133) sltu    sp, ra, s3
core   0: 3 0x80008170 (0x0130b133) x 2 0x00000000
core   0: 0x80008174 (0x02d30fb3) mul     t6, t1, a3
core   0: 3 0x80008174 (0x02d30fb3) x31 0xfff82954
core   0: 0x80008178 (0x393ec913) xori    s2, t4, 915
core   0: 3 0x80008178 (0x393ec913) x18 0xe0000390
core   0: 0x8000817c (0xff700c93) li      s9, -9
core   0: 3 0x8000817c (0xff700c93) x25 0xfffffff7
core   0: 0x80008180 (0x036f8033) mul     zero, t6, s6
core   0: 3 0x80008180 (0x036f8033)
core   0: 0x80008184 (0x030bf6b3) remu    a3, s7, a6
core   0: 3 0x80008184 (0x030bf6b3) x13 0x01000000
core   0: 0x80008188 (0x002d0d13) addi    s10, s10, 2
core   0: 3 0x80008188 (0x002d0d13) x26 0xfffffff8
core   0: 0x8000818c (0x5d3fb493) sltiu   s1, t6, 1491
core   0: 3 0x8000818c (0x5d3fb493) x 9 0x00000000
core   0: 0x80008190 (0x40afd9b3) sra     s3, t6, a0
core   0: 3 0x80008190 (0x40afd9b3) x19 0xfffc14aa
core   0: 0x80008194 (0x015328b3) slt     a7, t1, s5
core   0: 3 0x80008194 (0x015328b3) x17 0x00000000
core   0: 0x80008198 (0x0174b3b3) sltu    t2, s1, s7
core   0: 3 0x80008198 (0x0174b3b3) x 7 0x00000001
core   0: 0x8000819c (0x0125c7b3) xor     a5, a1, s2
core   0: 3 0x8000819c (0x0125c7b3) x15 0x1ffffc63
core   0: 0x800081a0 (0xaf599f17) auipc   t5, 0xaf599
core   0: 3 0x800081a0 (0xaf599f17) x30 0x2f5a11a0
core   0: 0x800081a4 (0x68f174b7) lui     s1, 0x68f17
core   0: 3 0x800081a4 (0x68f174b7) x 9 0x68f17000
core   0: 0x800081a8 (0x0073f233) and     tp, t2, t2
core   0: 3 0x800081a8 (0x0073f233) x 4 0x00000001
core   0: 0x800081ac (0x03c446b3) div     a3, s0, t3
core   0: 3 0x800081ac (0x03c446b3) x13 0x00000000
core   0: 0x800081b0 (0x00000013) nop
core   0: 3 0x800081b0 (0x00000013)
core   0: 0x800081b4 (0x4077d5b3) sra     a1, a5, t2
core   0: 3 0x800081b4 (0x4077d5b3) x11 0x0ffffe31
core   0: 0x800081b8 (0xfd9d46e3) blt     s10, s9, pc - 52
core   0: 3 0x800081b8 (0xfd9d46e3)
core   0: 0x800081bc (0x02b0eeb3) rem     t4, ra, a1
core   0: 3 0x800081bc (0x02b0eeb3) x29 0x00000000
core   0: 0x800081c0 (0x00400313) li      t1, 4
core   0: 3 0x800081c0 (0x00400313) x 6 0x00000004
core   0: 0x800081c4 (0x02aa6633) rem     a2, s4, a0
core   0: 3 0x800081c4 (0x02aa6633) x12 0x00000000
core   0: 0x800081c8 (0x03ca2233) mulhsu  tp, s4, t3
core   0: 3 0x800081c8 (0x03ca2233) x 4 0xe719efd6
core   0: 0x800081cc (0x00f00b93) li      s7, 15
core   0: 3 0x800081cc (0x00f00b93) x23 0x0000000f
core   0: 0x800081d0 (0x40748433) sub     s0, s1, t2
core   0: 3 0x800081d0 (0x40748433) x 8 0x68f16fff
core   0: 0x800081d4 (0xf7f6e413) ori     s0, a3, -129
core   0: 3 0x800081d4 (0xf7f6e413) x 8 0xffffff7f
core   0: 0x800081d8 (0x00430313) addi    t1, t1, 4
core   0: 3 0x800081d8 (0x00430313) x 6 0x00000008
core   0: 0x800081dc (0x022bd633) divu    a2, s7, sp
core   0: 3 0x800081dc (0x022bd633) x12 0xffffffff
core   0: 0x800081e0 (0x029d9fb3) mulh    t6, s11, s1
core   0: 3 0x800081e0 (0x029d9fb3) x31 0xcb885a33
core   0: 0x800081e4 (0x00300a13) li      s4, 3
core   0: 3 0x800081e4 (0x00300a13) x20 0x00000003
core   0: 0x800081e8 (0x6ac3e513) ori     a0, t2, 1708
core   0: 3 0x800081e8 (0x6ac3e513) x10 0x000006ad
core   0: 0x800081ec (0x029a3f33) mulhu   t5, s4, s1
core   0: 3 0x800081ec (0x029a3f33) x30 0x00000001
core   0: 0x800081f0 (0x03b5bab3) mulhu   s5, a1, s11
core   0: 3 0x800081f0 (0x03b5bab3) x21 0x080028e6
core   0: 0x800081f4 (0xfef00813) li      a6, -17
core   0: 3 0x800081f4 (0xfef00813) x16 0xffffffef
core   0: 0x800081f8 (0x41d40ab3) sub     s5, s0, t4
core   0: 3 0x800081f8 (0x41d40ab3) x21 0xffffff7f
core   0: 0x800081fc (0x0260c6b3) div     a3, ra, t1
core   0: 3 0x800081fc (0x0260c6b3) x13 0x00000000
core   0: 0x80008200 (0xe586e693) ori     a3, a3, -424
core   0: 3 0x80008200 (0xe586e693) x13 0xfffffe58
core   0: 0x80008204 (0x6b057417) auipc   s0, 0x6b057
core   0: 3 0x80008204 (0x6b057417) x 8 0xeb05f204
core   0: 0x80008208 (0x004b82b3) add     t0, s7, tp
core   0: 3 0x80008208 (0x004b82b3) x 5 0xe719efe5
core   0: 0x8000820c (0x010cecb3) or      s9, s9, a6
core   0: 3 0x8000820c (0x010cecb3) x25 0xffffffff
core   0: 0x80008210 (0xffea0a13) addi    s4, s4, -2
core   0: 3 0x80008210 (0xffea0a13) x20 0x00000001
core   0: 0x80008214 (0x00959493) slli    s1, a1, 9
core   0: 3 0x80008214 (0x00959493) x 9 0xfffc6200
core   0: 0x80008218 (0xb7184913) xori    s2, a6, -1167
core   0: 3 0x80008218 (0xb7184913) x18 0x0000049e
core   0: 0x8000821c (0x3b4f7593) andi    a1, t5, 948
core   0: 3 0x8000821c (0x3b4f7593) x11 0x00000000
core   0: 0x80008220 (0xff0a12e3) bne     s4, a6, pc - 28
core   0: 3 0x80008220 (0xff0a12e3)
core   0: 0x80008204 (0x6b057417) auipc   s0, 0x6b057
core   0: 3 0x80008204 (0x6b057417) x 8 0xeb05f204
core   0: 0x80008208 (0x004b82b3) add     t0, s7, tp
core   0: 3 0x80008208 (0x004b82b3) x 5 0xe719efe5
core   0: 0x8000820c (0x010cecb3) or      s9, s9, a6
core   0: 3 0x8000820c (0x010cecb3) x25 0xffffffff
core   0: 0x80008210 (0xffea0a13) addi    s4, s4, -2
core   0: 3 0x80008210 (0xffea0a13) x20 0xffffffff
core   0: 0x80008214 (0x00959493) slli    s1, a1, 9
core   0: 3 0x80008214 (0x00959493) x 9 0x00000000
core   0: 0x80008218 (0xb7184913) xori    s2, a6, -1167
core   0: 3 0x80008218 (0xb7184913) x18 0x0000049e
core   0: 0x8000821c (0x3b4f7593) andi    a1, t5, 948
core   0: 3 0x8000821c (0x3b4f7593) x11 0x00000000
core   0: 0x80008220 (0xff0a12e3) bne     s4, a6, pc - 28
core   0: 3 0x80008220 (0xff0a12e3)
core   0: 0x80008204 (0x6b057417) auipc   s0, 0x6b057
core   0: 3 0x80008204 (0x6b057417) x 8 0xeb05f204
core   0: 0x80008208 (0x004b82b3) add     t0, s7, tp
core   0: 3 0x80008208 (0x004b82b3) x 5 0xe719efe5
core   0: 0x8000820c (0x010cecb3) or      s9, s9, a6
core   0: 3 0x8000820c (0x010cecb3) x25 0xffffffff
core   0: 0x80008210 (0xffea0a13) addi    s4, s4, -2
core   0: 3 0x80008210 (0xffea0a13) x20 0xfffffffd
core   0: 0x80008214 (0x00959493) slli    s1, a1, 9
core   0: 3 0x80008214 (0x00959493) x 9 0x00000000
core   0: 0x80008218 (0xb7184913) xori    s2, a6, -1167
core   0: 3 0x80008218 (0xb7184913) x18 0x0000049e
core   0: 0x8000821c (0x3b4f7593) andi    a1, t5, 948
core   0: 3 0x8000821c (0x3b4f7593) x11 0x00000000
core   0: 0x80008220 (0xff0a12e3) bne     s4, a6, pc - 28
core   0: 3 0x80008220 (0xff0a12e3)
core   0: 0x80008204 (0x6b057417) auipc   s0, 0x6b057
core   0: 3 0x80008204 (0x6b057417) x 8 0xeb05f204
core   0: 0x80008208 (0x004b82b3) add     t0, s7, tp
core   0: 3 0x80008208 (0x004b82b3) x 5 0xe719efe5
core   0: 0x8000820c (0x010cecb3) or      s9, s9, a6
core   0: 3 0x8000820c (0x010cecb3) x25 0xffffffff
core   0: 0x80008210 (0xffea0a13) addi    s4, s4, -2
core   0: 3 0x80008210 (0xffea0a13) x20 0xfffffffb
core   0: 0x80008214 (0x00959493) slli    s1, a1, 9
core   0: 3 0x80008214 (0x00959493) x 9 0x00000000
core   0: 0x80008218 (0xb7184913) xori    s2, a6, -1167
core   0: 3 0x80008218 (0xb7184913) x18 0x0000049e
core   0: 0x8000821c (0x3b4f7593) andi    a1, t5, 948
core   0: 3 0x8000821c (0x3b4f7593) x11 0x00000000
core   0: 0x80008220 (0xff0a12e3) bne     s4, a6, pc - 28
core   0: 3 0x80008220 (0xff0a12e3)
core   0: 0x80008204 (0x6b057417) auipc   s0, 0x6b057
core   0: 3 0x80008204 (0x6b057417) x 8 0xeb05f204
core   0: 0x80008208 (0x004b82b3) add     t0, s7, tp
core   0: 3 0x80008208 (0x004b82b3) x 5 0xe719efe5
core   0: 0x8000820c (0x010cecb3) or      s9, s9, a6
core   0: 3 0x8000820c (0x010cecb3) x25 0xffffffff
core   0: 0x80008210 (0xffea0a13) addi    s4, s4, -2
core   0: 3 0x80008210 (0xffea0a13) x20 0xfffffff9
core   0: 0x80008214 (0x00959493) slli    s1, a1, 9
core   0: 3 0x80008214 (0x00959493) x 9 0x00000000
core   0: 0x80008218 (0xb7184913) xori    s2, a6, -1167
core   0: 3 0x80008218 (0xb7184913) x18 0x0000049e
core   0: 0x8000821c (0x3b4f7593) andi    a1, t5, 948
core   0: 3 0x8000821c (0x3b4f7593) x11 0x00000000
core   0: 0x80008220 (0xff0a12e3) bne     s4, a6, pc - 28
core   0: 3 0x80008220 (0xff0a12e3)
core   0: 0x80008204 (0x6b057417) auipc   s0, 0x6b057
core   0: 3 0x80008204 (0x6b057417) x 8 0xeb05f204
core   0: 0x80008208 (0x004b82b3) add     t0, s7, tp
core   0: 3 0x80008208 (0x004b82b3) x 5 0xe719efe5
core   0: 0x8000820c (0x010cecb3) or      s9, s9, a6
core   0: 3 0x8000820c (0x010cecb3) x25 0xffffffff
core   0: 0x80008210 (0xffea0a13) addi    s4, s4, -2
core   0: 3 0x80008210 (0xffea0a13) x20 0xfffffff7
core   0: 0x80008214 (0x00959493) slli    s1, a1, 9
core   0: 3 0x80008214 (0x00959493) x 9 0x00000000
core   0: 0x80008218 (0xb7184913) xori    s2, a6, -1167
core   0: 3 0x80008218 (0xb7184913) x18 0x0000049e
core   0: 0x8000821c (0x3b4f7593) andi    a1, t5, 948
core   0: 3 0x8000821c (0x3b4f7593) x11 0x00000000
core   0: 0x80008220 (0xff0a12e3) bne     s4, a6, pc - 28
core   0: 3 0x80008220 (0xff0a12e3)
core   0: 0x80008204 (0x6b057417) auipc   s0, 0x6b057
core   0: 3 0x80008204 (0x6b057417) x 8 0xeb05f204
core   0: 0x80008208 (0x004b82b3) add     t0, s7, tp
core   0: 3 0x80008208 (0x004b82b3) x 5 0xe719efe5
core   0: 0x8000820c (0x010cecb3) or      s9, s9, a6
core   0: 3 0x8000820c (0x010cecb3) x25 0xffffffff
core   0: 0x80008210 (0xffea0a13) addi    s4, s4, -2
core   0: 3 0x80008210 (0xffea0a13) x20 0xfffffff5
core   0: 0x80008214 (0x00959493) slli    s1, a1, 9
core   0: 3 0x80008214 (0x00959493) x 9 0x00000000
core   0: 0x80008218 (0xb7184913) xori    s2, a6, -1167
core   0: 3 0x80008218 (0xb7184913) x18 0x0000049e
core   0: 0x8000821c (0x3b4f7593) andi    a1, t5, 948
core   0: 3 0x8000821c (0x3b4f7593) x11 0x00000000
core   0: 0x80008220 (0xff0a12e3) bne     s4, a6, pc - 28
core   0: 3 0x80008220 (0xff0a12e3)
core   0: 0x80008204 (0x6b057417) auipc   s0, 0x6b057
core   0: 3 0x80008204 (0x6b057417) x 8 0xeb05f204
core   0: 0x80008208 (0x004b82b3) add     t0, s7, tp
core   0: 3 0x80008208 (0x004b82b3) x 5 0xe719efe5
core   0: 0x8000820c (0x010cecb3) or      s9, s9, a6
core   0: 3 0x8000820c (0x010cecb3) x25 0xffffffff
core   0: 0x80008210 (0xffea0a13) addi    s4, s4, -2
core   0: 3 0x80008210 (0xffea0a13) x20 0xfffffff3
core   0: 0x80008214 (0x00959493) slli    s1, a1, 9
core   0: 3 0x80008214 (0x00959493) x 9 0x00000000
core   0: 0x80008218 (0xb7184913) xori    s2, a6, -1167
core   0: 3 0x80008218 (0xb7184913) x18 0x0000049e
core   0: 0x8000821c (0x3b4f7593) andi    a1, t5, 948
core   0: 3 0x8000821c (0x3b4f7593) x11 0x00000000
core   0: 0x80008220 (0xff0a12e3) bne     s4, a6, pc - 28
core   0: 3 0x80008220 (0xff0a12e3)
core   0: 0x80008204 (0x6b057417) auipc   s0, 0x6b057
core   0: 3 0x80008204 (0x6b057417) x 8 0xeb05f204
core   0: 0x80008208 (0x004b82b3) add     t0, s7, tp
core   0: 3 0x80008208 (0x004b82b3) x 5 0xe719efe5
core   0: 0x8000820c (0x010cecb3) or      s9, s9, a6
core   0: 3 0x8000820c (0x010cecb3) x25 0xffffffff
core   0: 0x80008210 (0xffea0a13) addi    s4, s4, -2
core   0: 3 0x80008210 (0xffea0a13) x20 0xfffffff1
core   0: 0x80008214 (0x00959493) slli    s1, a1, 9
core   0: 3 0x80008214 (0x00959493) x 9 0x00000000
core   0: 0x80008218 (0xb7184913) xori    s2, a6, -1167
core   0: 3 0x80008218 (0xb7184913) x18 0x0000049e
core   0: 0x8000821c (0x3b4f7593) andi    a1, t5, 948
core   0: 3 0x8000821c (0x3b4f7593) x11 0x00000000
core   0: 0x80008220 (0xff0a12e3) bne     s4, a6, pc - 28
core   0: 3 0x80008220 (0xff0a12e3)
core   0: 0x80008204 (0x6b057417) auipc   s0, 0x6b057
core   0: 3 0x80008204 (0x6b057417) x 8 0xeb05f204
core   0: 0x80008208 (0x004b82b3) add     t0, s7, tp
core   0: 3 0x80008208 (0x004b82b3) x 5 0xe719efe5
core   0: 0x8000820c (0x010cecb3) or      s9, s9, a6
core   0: 3 0x8000820c (0x010cecb3) x25 0xffffffff
core   0: 0x80008210 (0xffea0a13) addi    s4, s4, -2
core   0: 3 0x80008210 (0xffea0a13) x20 0xffffffef
core   0: 0x80008214 (0x00959493) slli    s1, a1, 9
core   0: 3 0x80008214 (0x00959493) x 9 0x00000000
core   0: 0x80008218 (0xb7184913) xori    s2, a6, -1167
core   0: 3 0x80008218 (0xb7184913) x18 0x0000049e
core   0: 0x8000821c (0x3b4f7593) andi    a1, t5, 948
core   0: 3 0x8000821c (0x3b4f7593) x11 0x00000000
core   0: 0x80008220 (0xff0a12e3) bne     s4, a6, pc - 28
core   0: 3 0x80008220 (0xff0a12e3)
core   0: 0x80008224 (0x034ff2b3) remu    t0, t6, s4
core   0: 3 0x80008224 (0x034ff2b3) x 5 0xcb885a33
core   0: 0x80008228 (0x90d30e13) addi    t3, t1, -1779
core   0: 3 0x80008228 (0x90d30e13) x28 0xfffff915
core   0: 0x8000822c (0xfb7364e3) bltu    t1, s7, pc - 88
core   0: 3 0x8000822c (0xfb7364e3)
core   0: 0x800081d4 (0xf7f6e413) ori     s0, a3, -129
core   0: 3 0x800081d4 (0xf7f6e413) x 8 0xffffff7f
core   0: 0x800081d8 (0x00430313) addi    t1, t1, 4
core   0: 3 0x800081d8 (0x00430313) x 6 0x0000000c
core   0: 0x800081dc (0x022bd633) divu    a2, s7, sp
core   0: 3 0x800081dc (0x022bd633) x12 0xffffffff
core   0: 0x800081e0 (0x029d9fb3) mulh    t6, s11, s1
core   0: 3 0x800081e0 (0x029d9fb3) x31 0x00000000
core   0: 0x800081e4 (0x00300a13) li      s4, 3
core   0: 3 0x800081e4 (0x00300a13) x20 0x00000003
core   0: 0x800081e8 (0x6ac3e513) ori     a0, t2, 1708
core   0: 3 0x800081e8 (0x6ac3e513) x10 0x000006ad
core   0: 0x800081ec (0x029a3f33) mulhu   t5, s4, s1
core   0: 3 0x800081ec (0x029a3f33) x30 0x00000000
core   0: 0x800081f0 (0x03b5bab3) mulhu   s5, a1, s11
core   0: 3 0x800081f0 (0x03b5bab3) x21 0x00000000
core   0: 0x800081f4 (0xfef00813) li      a6, -17
core   0: 3 0x800081f4 (0xfef00813) x16 0xffffffef
core   0: 0x800081f8 (0x41d40ab3) sub     s5, s0, t4
core   0: 3 0x800081f8 (0x41d40ab3) x21 0xffffff7f
core   0: 0x800081fc (0x0260c6b3) div     a3, ra, t1
core   0: 3 0x800081fc (0x0260c6b3) x13 0x00000000
core   0: 0x80008200 (0xe586e693) ori     a3, a3, -424
core   0: 3 0x80008200 (0xe586e693) x13 0xfffffe58
core   0: 0x80008204 (0x6b057417) auipc   s0, 0x6b057
core   0: 3 0x80008204 (0x6b057417) x 8 0xeb05f204
core   0: 0x80008208 (0x004b82b3) add     t0, s7, tp
core   0: 3 0x80008208 (0x004b82b3) x 5 0xe719efe5
core   0: 0x8000820c (0x010cecb3) or      s9, s9, a6
core   0: 3 0x8000820c (0x010cecb3) x25 0xffffffff
core   0: 0x80008210 (0xffea0a13) addi    s4, s4, -2
core   0: 3 0x80008210 (0xffea0a13) x20 0x00000001
core   0: 0x80008214 (0x00959493) slli    s1, a1, 9
core   0: 3 0x80008214 (0x00959493) x 9 0x00000000
core   0: 0x80008218 (0xb7184913) xori    s2, a6, -1167
core   0: 3 0x80008218 (0xb7184913) x18 0x0000049e
core   0: 0x8000821c (0x3b4f7593) andi    a1, t5, 948
core   0: 3 0x8000821c (0x3b4f7593) x11 0x00000000
core   0: 0x80008220 (0xff0a12e3) bne     s4, a6, pc - 28
core   0: 3 0x80008220 (0xff0a12e3)
core   0: 0x80008204 (0x6b057417) auipc   s0, 0x6b057
core   0: 3 0x80008204 (0x6b057417) x 8 0xeb05f204
core   0: 0x80008208 (0x004b82b3) add     t0, s7, tp
core   0: 3 0x80008208 (0x004b82b3) x 5 0xe719efe5
core   0: 0x8000820c (0x010cecb3) or      s9, s9, a6
core   0: 3 0x8000820c (0x010cecb3) x25 0xffffffff
core   0: 0x80008210 (0xffea0a13) addi    s4, s4, -2
core   0: 3 0x80008210 (0xffea0a13) x20 0xffffffff
core   0: 0x80008214 (0x00959493) slli    s1, a1, 9
core   0: 3 0x80008214 (0x00959493) x 9 0x00000000
core   0: 0x80008218 (0xb7184913) xori    s2, a6, -1167
core   0: 3 0x80008218 (0xb7184913) x18 0x0000049e
core   0: 0x8000821c (0x3b4f7593) andi    a1, t5, 948
core   0: 3 0x8000821c (0x3b4f7593) x11 0x00000000
core   0: 0x80008220 (0xff0a12e3) bne     s4, a6, pc - 28
core   0: 3 0x80008220 (0xff0a12e3)
core   0: 0x80008204 (0x6b057417) auipc   s0, 0x6b057
core   0: 3 0x80008204 (0x6b057417) x 8 0xeb05f204
core   0: 0x80008208 (0x004b82b3) add     t0, s7, tp
core   0: 3 0x80008208 (0x004b82b3) x 5 0xe719efe5
core   0: 0x8000820c (0x010cecb3) or      s9, s9, a6
core   0: 3 0x8000820c (0x010cecb3) x25 0xffffffff
core   0: 0x80008210 (0xffea0a13) addi    s4, s4, -2
core   0: 3 0x80008210 (0xffea0a13) x20 0xfffffffd
core   0: 0x80008214 (0x00959493) slli    s1, a1, 9
core   0: 3 0x80008214 (0x00959493) x 9 0x00000000
core   0: 0x80008218 (0xb7184913) xori    s2, a6, -1167
core   0: 3 0x80008218 (0xb7184913) x18 0x0000049e
core   0: 0x8000821c (0x3b4f7593) andi    a1, t5, 948
core   0: 3 0x8000821c (0x3b4f7593) x11 0x00000000
core   0: 0x80008220 (0xff0a12e3) bne     s4, a6, pc - 28
core   0: 3 0x80008220 (0xff0a12e3)
core   0: 0x80008204 (0x6b057417) auipc   s0, 0x6b057
core   0: 3 0x80008204 (0x6b057417) x 8 0xeb05f204
core   0: 0x80008208 (0x004b82b3) add     t0, s7, tp
core   0: 3 0x80008208 (0x004b82b3) x 5 0xe719efe5
core   0: 0x8000820c (0x010cecb3) or      s9, s9, a6
core   0: 3 0x8000820c (0x010cecb3) x25 0xffffffff
core   0: 0x80008210 (0xffea0a13) addi    s4, s4, -2
core   0: 3 0x80008210 (0xffea0a13) x20 0xfffffffb
core   0: 0x80008214 (0x00959493) slli    s1, a1, 9
core   0: 3 0x80008214 (0x00959493) x 9 0x00000000
core   0: 0x80008218 (0xb7184913) xori    s2, a6, -1167
core   0: 3 0x80008218 (0xb7184913) x18 0x0000049e
core   0: 0x8000821c (0x3b4f7593) andi    a1, t5, 948
core   0: 3 0x8000821c (0x3b4f7593) x11 0x00000000
core   0: 0x80008220 (0xff0a12e3) bne     s4, a6, pc - 28
core   0: 3 0x80008220 (0xff0a12e3)
core   0: 0x80008204 (0x6b057417) auipc   s0, 0x6b057
core   0: 3 0x80008204 (0x6b057417) x 8 0xeb05f204
core   0: 0x80008208 (0x004b82b3) add     t0, s7, tp
core   0: 3 0x80008208 (0x004b82b3) x 5 0xe719efe5
core   0: 0x8000820c (0x010cecb3) or      s9, s9, a6
core   0: 3 0x8000820c (0x010cecb3) x25 0xffffffff
core   0: 0x80008210 (0xffea0a13) addi    s4, s4, -2
core   0: 3 0x80008210 (0xffea0a13) x20 0xfffffff9
core   0: 0x80008214 (0x00959493) slli    s1, a1, 9
core   0: 3 0x80008214 (0x00959493) x 9 0x00000000
core   0: 0x80008218 (0xb7184913) xori    s2, a6, -1167
core   0: 3 0x80008218 (0xb7184913) x18 0x0000049e
core   0: 0x8000821c (0x3b4f7593) andi    a1, t5, 948
core   0: 3 0x8000821c (0x3b4f7593) x11 0x00000000
core   0: 0x80008220 (0xff0a12e3) bne     s4, a6, pc - 28
core   0: 3 0x80008220 (0xff0a12e3)
core   0: 0x80008204 (0x6b057417) auipc   s0, 0x6b057
core   0: 3 0x80008204 (0x6b057417) x 8 0xeb05f204
core   0: 0x80008208 (0x004b82b3) add     t0, s7, tp
core   0: 3 0x80008208 (0x004b82b3) x 5 0xe719efe5
core   0: 0x8000820c (0x010cecb3) or      s9, s9, a6
core   0: 3 0x8000820c (0x010cecb3) x25 0xffffffff
core   0: 0x80008210 (0xffea0a13) addi    s4, s4, -2
core   0: 3 0x80008210 (0xffea0a13) x20 0xfffffff7
core   0: 0x80008214 (0x00959493) slli    s1, a1, 9
core   0: 3 0x80008214 (0x00959493) x 9 0x00000000
core   0: 0x80008218 (0xb7184913) xori    s2, a6, -1167
core   0: 3 0x80008218 (0xb7184913) x18 0x0000049e
core   0: 0x8000821c (0x3b4f7593) andi    a1, t5, 948
core   0: 3 0x8000821c (0x3b4f7593) x11 0x00000000
core   0: 0x80008220 (0xff0a12e3) bne     s4, a6, pc - 28
core   0: 3 0x80008220 (0xff0a12e3)
core   0: 0x80008204 (0x6b057417) auipc   s0, 0x6b057
core   0: 3 0x80008204 (0x6b057417) x 8 0xeb05f204
core   0: 0x80008208 (0x004b82b3) add     t0, s7, tp
core   0: 3 0x80008208 (0x004b82b3) x 5 0xe719efe5
core   0: 0x8000820c (0x010cecb3) or      s9, s9, a6
core   0: 3 0x8000820c (0x010cecb3) x25 0xffffffff
core   0: 0x80008210 (0xffea0a13) addi    s4, s4, -2
core   0: 3 0x80008210 (0xffea0a13) x20 0xfffffff5
core   0: 0x80008214 (0x00959493) slli    s1, a1, 9
core   0: 3 0x80008214 (0x00959493) x 9 0x00000000
core   0: 0x80008218 (0xb7184913) xori    s2, a6, -1167
core   0: 3 0x80008218 (0xb7184913) x18 0x0000049e
core   0: 0x8000821c (0x3b4f7593) andi    a1, t5, 948
core   0: 3 0x8000821c (0x3b4f7593) x11 0x00000000
core   0: 0x80008220 (0xff0a12e3) bne     s4, a6, pc - 28
core   0: 3 0x80008220 (0xff0a12e3)
core   0: 0x80008204 (0x6b057417) auipc   s0, 0x6b057
core   0: 3 0x80008204 (0x6b057417) x 8 0xeb05f204
core   0: 0x80008208 (0x004b82b3) add     t0, s7, tp
core   0: 3 0x80008208 (0x004b82b3) x 5 0xe719efe5
core   0: 0x8000820c (0x010cecb3) or      s9, s9, a6
core   0: 3 0x8000820c (0x010cecb3) x25 0xffffffff
core   0: 0x80008210 (0xffea0a13) addi    s4, s4, -2
core   0: 3 0x80008210 (0xffea0a13) x20 0xfffffff3
core   0: 0x80008214 (0x00959493) slli    s1, a1, 9
core   0: 3 0x80008214 (0x00959493) x 9 0x00000000
core   0: 0x80008218 (0xb7184913) xori    s2, a6, -1167
core   0: 3 0x80008218 (0xb7184913) x18 0x0000049e
core   0: 0x8000821c (0x3b4f7593) andi    a1, t5, 948
core   0: 3 0x8000821c (0x3b4f7593) x11 0x00000000
core   0: 0x80008220 (0xff0a12e3) bne     s4, a6, pc - 28
core   0: 3 0x80008220 (0xff0a12e3)
core   0: 0x80008204 (0x6b057417) auipc   s0, 0x6b057
core   0: 3 0x80008204 (0x6b057417) x 8 0xeb05f204
core   0: 0x80008208 (0x004b82b3) add     t0, s7, tp
core   0: 3 0x80008208 (0x004b82b3) x 5 0xe719efe5
core   0: 0x8000820c (0x010cecb3) or      s9, s9, a6
core   0: 3 0x8000820c (0x010cecb3) x25 0xffffffff
core   0: 0x80008210 (0xffea0a13) addi    s4, s4, -2
core   0: 3 0x80008210 (0xffea0a13) x20 0xfffffff1
core   0: 0x80008214 (0x00959493) slli    s1, a1, 9
core   0: 3 0x80008214 (0x00959493) x 9 0x00000000
core   0: 0x80008218 (0xb7184913) xori    s2, a6, -1167
core   0: 3 0x80008218 (0xb7184913) x18 0x0000049e
core   0: 0x8000821c (0x3b4f7593) andi    a1, t5, 948
core   0: 3 0x8000821c (0x3b4f7593) x11 0x00000000
core   0: 0x80008220 (0xff0a12e3) bne     s4, a6, pc - 28
core   0: 3 0x80008220 (0xff0a12e3)
core   0: 0x80008204 (0x6b057417) auipc   s0, 0x6b057
core   0: 3 0x80008204 (0x6b057417) x 8 0xeb05f204
core   0: 0x80008208 (0x004b82b3) add     t0, s7, tp
core   0: 3 0x80008208 (0x004b82b3) x 5 0xe719efe5
core   0: 0x8000820c (0x010cecb3) or      s9, s9, a6
core   0: 3 0x8000820c (0x010cecb3) x25 0xffffffff
core   0: 0x80008210 (0xffea0a13) addi    s4, s4, -2
core   0: 3 0x80008210 (0xffea0a13) x20 0xffffffef
core   0: 0x80008214 (0x00959493) slli    s1, a1, 9
core   0: 3 0x80008214 (0x00959493) x 9 0x00000000
core   0: 0x80008218 (0xb7184913) xori    s2, a6, -1167
core   0: 3 0x80008218 (0xb7184913) x18 0x0000049e
core   0: 0x8000821c (0x3b4f7593) andi    a1, t5, 948
core   0: 3 0x8000821c (0x3b4f7593) x11 0x00000000
core   0: 0x80008220 (0xff0a12e3) bne     s4, a6, pc - 28
core   0: 3 0x80008220 (0xff0a12e3)
core   0: 0x80008224 (0x034ff2b3) remu    t0, t6, s4
core   0: 3 0x80008224 (0x034ff2b3) x 5 0x00000000
core   0: 0x80008228 (0x90d30e13) addi    t3, t1, -1779
core   0: 3 0x80008228 (0x90d30e13) x28 0xfffff919
core   0: 0x8000822c (0xfb7364e3) bltu    t1, s7, pc - 88
core   0: 3 0x8000822c (0xfb7364e3)
core   0: 0x800081d4 (0xf7f6e413) ori     s0, a3, -129
core   0: 3 0x800081d4 (0xf7f6e413) x 8 0xffffff7f
core   0: 0x800081d8 (0x00430313) addi    t1, t1, 4
core   0: 3 0x800081d8 (0x00430313) x 6 0x00000010
core   0: 0x800081dc (0x022bd633) divu    a2, s7, sp
core   0: 3 0x800081dc (0x022bd633) x12 0xffffffff
core   0: 0x800081e0 (0x029d9fb3) mulh    t6, s11, s1
core   0: 3 0x800081e0 (0x029d9fb3) x31 0x00000000
core   0: 0x800081e4 (0x00300a13) li      s4, 3
core   0: 3 0x800081e4 (0x00300a13) x20 0x00000003
core   0: 0x800081e8 (0x6ac3e513) ori     a0, t2, 1708
core   0: 3 0x800081e8 (0x6ac3e513) x10 0x000006ad
core   0: 0x800081ec (0x029a3f33) mulhu   t5, s4, s1
core   0: 3 0x800081ec (0x029a3f33) x30 0x00000000
core   0: 0x800081f0 (0x03b5bab3) mulhu   s5, a1, s11
core   0: 3 0x800081f0 (0x03b5bab3) x21 0x00000000
core   0: 0x800081f4 (0xfef00813) li      a6, -17
core   0: 3 0x800081f4 (0xfef00813) x16 0xffffffef
core   0: 0x800081f8 (0x41d40ab3) sub     s5, s0, t4
core   0: 3 0x800081f8 (0x41d40ab3) x21 0xffffff7f
core   0: 0x800081fc (0x0260c6b3) div     a3, ra, t1
core   0: 3 0x800081fc (0x0260c6b3) x13 0x00000000
core   0: 0x80008200 (0xe586e693) ori     a3, a3, -424
core   0: 3 0x80008200 (0xe586e693) x13 0xfffffe58
core   0: 0x80008204 (0x6b057417) auipc   s0, 0x6b057
core   0: 3 0x80008204 (0x6b057417) x 8 0xeb05f204
core   0: 0x80008208 (0x004b82b3) add     t0, s7, tp
core   0: 3 0x80008208 (0x004b82b3) x 5 0xe719efe5
core   0: 0x8000820c (0x010cecb3) or      s9, s9, a6
core   0: 3 0x8000820c (0x010cecb3) x25 0xffffffff
core   0: 0x80008210 (0xffea0a13) addi    s4, s4, -2
core   0: 3 0x80008210 (0xffea0a13) x20 0x00000001
core   0: 0x80008214 (0x00959493) slli    s1, a1, 9
core   0: 3 0x80008214 (0x00959493) x 9 0x00000000
core   0: 0x80008218 (0xb7184913) xori    s2, a6, -1167
core   0: 3 0x80008218 (0xb7184913) x18 0x0000049e
core   0: 0x8000821c (0x3b4f7593) andi    a1, t5, 948
core   0: 3 0x8000821c (0x3b4f7593) x11 0x00000000
core   0: 0x80008220 (0xff0a12e3) bne     s4, a6, pc - 28
core   0: 3 0x80008220 (0xff0a12e3)
core   0: 0x80008204 (0x6b057417) auipc   s0, 0x6b057
core   0: 3 0x80008204 (0x6b057417) x 8 0xeb05f204
core   0: 0x80008208 (0x004b82b3) add     t0, s7, tp
core   0: 3 0x80008208 (0x004b82b3) x 5 0xe719efe5
core   0: 0x8000820c (0x010cecb3) or      s9, s9, a6
core   0: 3 0x8000820c (0x010cecb3) x25 0xffffffff
core   0: 0x80008210 (0xffea0a13) addi    s4, s4, -2
core   0: 3 0x80008210 (0xffea0a13) x20 0xffffffff
core   0: 0x80008214 (0x00959493) slli    s1, a1, 9
core   0: 3 0x80008214 (0x00959493) x 9 0x00000000
core   0: 0x80008218 (0xb7184913) xori    s2, a6, -1167
core   0: 3 0x80008218 (0xb7184913) x18 0x0000049e
core   0: 0x8000821c (0x3b4f7593) andi    a1, t5, 948
core   0: 3 0x8000821c (0x3b4f7593) x11 0x00000000
core   0: 0x80008220 (0xff0a12e3) bne     s4, a6, pc - 28
core   0: 3 0x80008220 (0xff0a12e3)
core   0: 0x80008204 (0x6b057417) auipc   s0, 0x6b057
core   0: 3 0x80008204 (0x6b057417) x 8 0xeb05f204
core   0: 0x80008208 (0x004b82b3) add     t0, s7, tp
core   0: 3 0x80008208 (0x004b82b3) x 5 0xe719efe5
core   0: 0x8000820c (0x010cecb3) or      s9, s9, a6
core   0: 3 0x8000820c (0x010cecb3) x25 0xffffffff
core   0: 0x80008210 (0xffea0a13) addi    s4, s4, -2
core   0: 3 0x80008210 (0xffea0a13) x20 0xfffffffd
core   0: 0x80008214 (0x00959493) slli    s1, a1, 9
core   0: 3 0x80008214 (0x00959493) x 9 0x00000000
core   0: 0x80008218 (0xb7184913) xori    s2, a6, -1167
core   0: 3 0x80008218 (0xb7184913) x18 0x0000049e
core   0: 0x8000821c (0x3b4f7593) andi    a1, t5, 948
core   0: 3 0x8000821c (0x3b4f7593) x11 0x00000000
core   0: 0x80008220 (0xff0a12e3) bne     s4, a6, pc - 28
core   0: 3 0x80008220 (0xff0a12e3)
core   0: 0x80008204 (0x6b057417) auipc   s0, 0x6b057
core   0: 3 0x80008204 (0x6b057417) x 8 0xeb05f204
core   0: 0x80008208 (0x004b82b3) add     t0, s7, tp
core   0: 3 0x80008208 (0x004b82b3) x 5 0xe719efe5
core   0: 0x8000820c (0x010cecb3) or      s9, s9, a6
core   0: 3 0x8000820c (0x010cecb3) x25 0xffffffff
core   0: 0x80008210 (0xffea0a13) addi    s4, s4, -2
core   0: 3 0x80008210 (0xffea0a13) x20 0xfffffffb
core   0: 0x80008214 (0x00959493) slli    s1, a1, 9
core   0: 3 0x80008214 (0x00959493) x 9 0x00000000
core   0: 0x80008218 (0xb7184913) xori    s2, a6, -1167
core   0: 3 0x80008218 (0xb7184913) x18 0x0000049e
core   0: 0x8000821c (0x3b4f7593) andi    a1, t5, 948
core   0: 3 0x8000821c (0x3b4f7593) x11 0x00000000
core   0: 0x80008220 (0xff0a12e3) bne     s4, a6, pc - 28
core   0: 3 0x80008220 (0xff0a12e3)
core   0: 0x80008204 (0x6b057417) auipc   s0, 0x6b057
core   0: 3 0x80008204 (0x6b057417) x 8 0xeb05f204
core   0: 0x80008208 (0x004b82b3) add     t0, s7, tp
core   0: 3 0x80008208 (0x004b82b3) x 5 0xe719efe5
core   0: 0x8000820c (0x010cecb3) or      s9, s9, a6
core   0: 3 0x8000820c (0x010cecb3) x25 0xffffffff
core   0: 0x80008210 (0xffea0a13) addi    s4, s4, -2
core   0: 3 0x80008210 (0xffea0a13) x20 0xfffffff9
core   0: 0x80008214 (0x00959493) slli    s1, a1, 9
core   0: 3 0x80008214 (0x00959493) x 9 0x00000000
core   0: 0x80008218 (0xb7184913) xori    s2, a6, -1167
core   0: 3 0x80008218 (0xb7184913) x18 0x0000049e
core   0: 0x8000821c (0x3b4f7593) andi    a1, t5, 948
core   0: 3 0x8000821c (0x3b4f7593) x11 0x00000000
core   0: 0x80008220 (0xff0a12e3) bne     s4, a6, pc - 28
core   0: 3 0x80008220 (0xff0a12e3)
core   0: 0x80008204 (0x6b057417) auipc   s0, 0x6b057
core   0: 3 0x80008204 (0x6b057417) x 8 0xeb05f204
core   0: 0x80008208 (0x004b82b3) add     t0, s7, tp
core   0: 3 0x80008208 (0x004b82b3) x 5 0xe719efe5
core   0: 0x8000820c (0x010cecb3) or      s9, s9, a6
core   0: 3 0x8000820c (0x010cecb3) x25 0xffffffff
core   0: 0x80008210 (0xffea0a13) addi    s4, s4, -2
core   0: 3 0x80008210 (0xffea0a13) x20 0xfffffff7
core   0: 0x80008214 (0x00959493) slli    s1, a1, 9
core   0: 3 0x80008214 (0x00959493) x 9 0x00000000
core   0: 0x80008218 (0xb7184913) xori    s2, a6, -1167
core   0: 3 0x80008218 (0xb7184913) x18 0x0000049e
core   0: 0x8000821c (0x3b4f7593) andi    a1, t5, 948
core   0: 3 0x8000821c (0x3b4f7593) x11 0x00000000
core   0: 0x80008220 (0xff0a12e3) bne     s4, a6, pc - 28
core   0: 3 0x80008220 (0xff0a12e3)
core   0: 0x80008204 (0x6b057417) auipc   s0, 0x6b057
core   0: 3 0x80008204 (0x6b057417) x 8 0xeb05f204
core   0: 0x80008208 (0x004b82b3) add     t0, s7, tp
core   0: 3 0x80008208 (0x004b82b3) x 5 0xe719efe5
core   0: 0x8000820c (0x010cecb3) or      s9, s9, a6
core   0: 3 0x8000820c (0x010cecb3) x25 0xffffffff
core   0: 0x80008210 (0xffea0a13) addi    s4, s4, -2
core   0: 3 0x80008210 (0xffea0a13) x20 0xfffffff5
core   0: 0x80008214 (0x00959493) slli    s1, a1, 9
core   0: 3 0x80008214 (0x00959493) x 9 0x00000000
core   0: 0x80008218 (0xb7184913) xori    s2, a6, -1167
core   0: 3 0x80008218 (0xb7184913) x18 0x0000049e
core   0: 0x8000821c (0x3b4f7593) andi    a1, t5, 948
core   0: 3 0x8000821c (0x3b4f7593) x11 0x00000000
core   0: 0x80008220 (0xff0a12e3) bne     s4, a6, pc - 28
core   0: 3 0x80008220 (0xff0a12e3)
core   0: 0x80008204 (0x6b057417) auipc   s0, 0x6b057
core   0: 3 0x80008204 (0x6b057417) x 8 0xeb05f204
core   0: 0x80008208 (0x004b82b3) add     t0, s7, tp
core   0: 3 0x80008208 (0x004b82b3) x 5 0xe719efe5
core   0: 0x8000820c (0x010cecb3) or      s9, s9, a6
core   0: 3 0x8000820c (0x010cecb3) x25 0xffffffff
core   0: 0x80008210 (0xffea0a13) addi    s4, s4, -2
core   0: 3 0x80008210 (0xffea0a13) x20 0xfffffff3
core   0: 0x80008214 (0x00959493) slli    s1, a1, 9
core   0: 3 0x80008214 (0x00959493) x 9 0x00000000
core   0: 0x80008218 (0xb7184913) xori    s2, a6, -1167
core   0: 3 0x80008218 (0xb7184913) x18 0x0000049e
core   0: 0x8000821c (0x3b4f7593) andi    a1, t5, 948
core   0: 3 0x8000821c (0x3b4f7593) x11 0x00000000
core   0: 0x80008220 (0xff0a12e3) bne     s4, a6, pc - 28
core   0: 3 0x80008220 (0xff0a12e3)
core   0: 0x80008204 (0x6b057417) auipc   s0, 0x6b057
core   0: 3 0x80008204 (0x6b057417) x 8 0xeb05f204
core   0: 0x80008208 (0x004b82b3) add     t0, s7, tp
core   0: 3 0x80008208 (0x004b82b3) x 5 0xe719efe5
core   0: 0x8000820c (0x010cecb3) or      s9, s9, a6
core   0: 3 0x8000820c (0x010cecb3) x25 0xffffffff
core   0: 0x80008210 (0xffea0a13) addi    s4, s4, -2
core   0: 3 0x80008210 (0xffea0a13) x20 0xfffffff1
core   0: 0x80008214 (0x00959493) slli    s1, a1, 9
core   0: 3 0x80008214 (0x00959493) x 9 0x00000000
core   0: 0x80008218 (0xb7184913) xori    s2, a6, -1167
core   0: 3 0x80008218 (0xb7184913) x18 0x0000049e
core   0: 0x8000821c (0x3b4f7593) andi    a1, t5, 948
core   0: 3 0x8000821c (0x3b4f7593) x11 0x00000000
core   0: 0x80008220 (0xff0a12e3) bne     s4, a6, pc - 28
core   0: 3 0x80008220 (0xff0a12e3)
core   0: 0x80008204 (0x6b057417) auipc   s0, 0x6b057
core   0: 3 0x80008204 (0x6b057417) x 8 0xeb05f204
core   0: 0x80008208 (0x004b82b3) add     t0, s7, tp
core   0: 3 0x80008208 (0x004b82b3) x 5 0xe719efe5
core   0: 0x8000820c (0x010cecb3) or      s9, s9, a6
core   0: 3 0x8000820c (0x010cecb3) x25 0xffffffff
core   0: 0x80008210 (0xffea0a13) addi    s4, s4, -2
core   0: 3 0x80008210 (0xffea0a13) x20 0xffffffef
core   0: 0x80008214 (0x00959493) slli    s1, a1, 9
core   0: 3 0x80008214 (0x00959493) x 9 0x00000000
core   0: 0x80008218 (0xb7184913) xori    s2, a6, -1167
core   0: 3 0x80008218 (0xb7184913) x18 0x0000049e
core   0: 0x8000821c (0x3b4f7593) andi    a1, t5, 948
core   0: 3 0x8000821c (0x3b4f7593) x11 0x00000000
core   0: 0x80008220 (0xff0a12e3) bne     s4, a6, pc - 28
core   0: 3 0x80008220 (0xff0a12e3)
core   0: 0x80008224 (0x034ff2b3) remu    t0, t6, s4
core   0: 3 0x80008224 (0x034ff2b3) x 5 0x00000000
core   0: 0x80008228 (0x90d30e13) addi    t3, t1, -1779
core   0: 3 0x80008228 (0x90d30e13) x28 0xfffff91d
core   0: 0x8000822c (0xfb7364e3) bltu    t1, s7, pc - 88
core   0: 3 0x8000822c (0xfb7364e3)
core   0: 0x80008230 (0x01641ab3) sll     s5, s0, s6
core   0: 3 0x80008230 (0x01641ab3) x21 0x5f204000
core   0: 0x80008234 (0x00500c93) li      s9, 5
core   0: 3 0x80008234 (0x00500c93) x25 0x00000005
core   0: 0x80008238 (0x00fa6d33) or      s10, s4, a5
core   0: 3 0x80008238 (0x00fa6d33) x26 0xffffffef
core   0: 0x8000823c (0x5214ba17) auipc   s4, 0x5214b
core   0: 3 0x8000823c (0x5214ba17) x20 0xd215323c
core   0: 0x80008240 (0x4198d613) srai    a2, a7, 25
core   0: 3 0x80008240 (0x4198d613) x12 0x00000000
core   0: 0x80008244 (0x0238a633) mulhsu  a2, a7, gp
core   0: 3 0x80008244 (0x0238a633) x12 0x00000000
core   0: 0x80008248 (0x038f00b3) mul     ra, t5, s8
core   0: 3 0x80008248 (0x038f00b3) x 1 0x00000000
core   0: 0x8000824c (0xff300293) li      t0, -13
core   0: 3 0x8000824c (0xff300293) x 5 0xfffffff3
core   0: 0x80008250 (0x02984617) auipc   a2, 0x2984
core   0: 3 0x80008250 (0x02984617) x12 0x8298c250
core   0: 0x80008254 (0x02ef5533) divu    a0, t5, a4
core   0: 3 0x80008254 (0x02ef5533) x10 0x00000000
core   0: 0x80008258 (0xa9380793) addi    a5, a6, -1389
core   0: 3 0x80008258 (0xa9380793) x15 0xfffffa82
core   0: 0x8000825c (0x40c45a33) sra     s4, s0, a2
core   0: 3 0x8000825c (0x40c45a33) x20 0xffffeb05
core   0: 0x80008260 (0x02473333) mulhu   t1, a4, tp
core   0: 3 0x80008260 (0x02473333) x 6 0xd437a2cb
core   0: 0x80008264 (0xbd408813) addi    a6, ra, -1068
core   0: 3 0x80008264 (0xbd408813) x16 0xfffffbd4
core   0: 0x80008268 (0x00cc2933) slt     s2, s8, a2
core   0: 3 0x80008268 (0x00cc2933) x18 0x00000000
core   0: 0x8000826c (0x01051613) slli    a2, a0, 16
core   0: 3 0x8000826c (0x01051613) x12 0x00000000
core   0: 0x80008270 (0xbacb5ab7) lui     s5, 0xbacb5
core   0: 3 0x80008270 (0xbacb5ab7) x21 0xbacb5000
core   0: 0x80008274 (0xd992c693) xori    a3, t0, -615
core   0: 3 0x80008274 (0xd992c693) x13 0x0000026a
core   0: 0x80008278 (0x0099dfb3) srl     t6, s3, s1
core   0: 3 0x80008278 (0x0099dfb3) x31 0xfffc14aa
core   0: 0x8000827c (0xffdc8c93) addi    s9, s9, -3
core   0: 3 0x8000827c (0xffdc8c93) x25 0x00000002
core   0: 0x80008280 (0xfc5c98e3) bne     s9, t0, pc - 48
core   0: 3 0x80008280 (0xfc5c98e3)
core   0: 0x80008250 (0x02984617) auipc   a2, 0x2984
core   0: 3 0x80008250 (0x02984617) x12 0x8298c250
core   0: 0x80008254 (0x02ef5533) divu    a0, t5, a4
core   0: 3 0x80008254 (0x02ef5533) x10 0x00000000
core   0: 0x80008258 (0xa9380793) addi    a5, a6, -1389
core   0: 3 0x80008258 (0xa9380793) x15 0xfffff667
core   0: 0x8000825c (0x40c45a33) sra     s4, s0, a2
core   0: 3 0x8000825c (0x40c45a33) x20 0xffffeb05
core   0: 0x80008260 (0x02473333) mulhu   t1, a4, tp
core   0: 3 0x80008260 (0x02473333) x 6 0xd437a2cb
core   0: 0x80008264 (0xbd408813) addi    a6, ra, -1068
core   0: 3 0x80008264 (0xbd408813) x16 0xfffffbd4
core   0: 0x80008268 (0x00cc2933) slt     s2, s8, a2
core   0: 3 0x80008268 (0x00cc2933) x18 0x00000000
core   0: 0x8000826c (0x01051613) slli    a2, a0, 16
core   0: 3 0x8000826c (0x01051613) x12 0x00000000
core   0: 0x80008270 (0xbacb5ab7) lui     s5, 0xbacb5
core   0: 3 0x80008270 (0xbacb5ab7) x21 0xbacb5000
core   0: 0x80008274 (0xd992c693) xori    a3, t0, -615
core   0: 3 0x80008274 (0xd992c693) x13 0x0000026a
core   0: 0x80008278 (0x0099dfb3) srl     t6, s3, s1
core   0: 3 0x80008278 (0x0099dfb3) x31 0xfffc14aa
core   0: 0x8000827c (0xffdc8c93) addi    s9, s9, -3
core   0: 3 0x8000827c (0xffdc8c93) x25 0xffffffff
core   0: 0x80008280 (0xfc5c98e3) bne     s9, t0, pc - 48
core   0: 3 0x80008280 (0xfc5c98e3)
core   0: 0x80008250 (0x02984617) auipc   a2, 0x2984
core   0: 3 0x80008250 (0x02984617) x12 0x8298c250
core   0: 0x80008254 (0x02ef5533) divu    a0, t5, a4
core   0: 3 0x80008254 (0x02ef5533) x10 0x00000000
core   0: 0x80008258 (0xa9380793) addi    a5, a6, -1389
core   0: 3 0x80008258 (0xa9380793) x15 0xfffff667
core   0: 0x8000825c (0x40c45a33) sra     s4, s0, a2
core   0: 3 0x8000825c (0x40c45a33) x20 0xffffeb05
core   0: 0x80008260 (0x02473333) mulhu   t1, a4, tp
core   0: 3 0x80008260 (0x02473333) x 6 0xd437a2cb
core   0: 0x80008264 (0xbd408813) addi    a6, ra, -1068
core   0: 3 0x80008264 (0xbd408813) x16 0xfffffbd4
core   0: 0x80008268 (0x00cc2933) slt     s2, s8, a2
core   0: 3 0x80008268 (0x00cc2933) x18 0x00000000
core   0: 0x8000826c (0x01051613) slli    a2, a0, 16
core   0: 3 0x8000826c (0x01051613) x12 0x00000000
core   0: 0x80008270 (0xbacb5ab7) lui     s5, 0xbacb5
core   0: 3 0x80008270 (0xbacb5ab7) x21 0xbacb5000
core   0: 0x80008274 (0xd992c693) xori    a3, t0, -615
core   0: 3 0x80008274 (0xd992c693) x13 0x0000026a
core   0: 0x80008278 (0x0099dfb3) srl     t6, s3, s1
core   0: 3 0x80008278 (0x0099dfb3) x31 0xfffc14aa
core   0: 0x8000827c (0xffdc8c93) addi    s9, s9, -3
core   0: 3 0x8000827c (0xffdc8c93) x25 0xfffffffc
core   0: 0x80008280 (0xfc5c98e3) bne     s9, t0, pc - 48
core   0: 3 0x80008280 (0xfc5c98e3)
core   0: 0x80008250 (0x02984617) auipc   a2, 0x2984
core   0: 3 0x80008250 (0x02984617) x12 0x8298c250
core   0: 0x80008254 (0x02ef5533) divu    a0, t5, a4
core   0: 3 0x80008254 (0x02ef5533) x10 0x00000000
core   0: 0x80008258 (0xa9380793) addi    a5, a6, -1389
core   0: 3 0x80008258 (0xa9380793) x15 0xfffff667
core   0: 0x8000825c (0x40c45a33) sra     s4, s0, a2
core   0: 3 0x8000825c (0x40c45a33) x20 0xffffeb05
core   0: 0x80008260 (0x02473333) mulhu   t1, a4, tp
core   0: 3 0x80008260 (0x02473333) x 6 0xd437a2cb
core   0: 0x80008264 (0xbd408813) addi    a6, ra, -1068
core   0: 3 0x80008264 (0xbd408813) x16 0xfffffbd4
core   0: 0x80008268 (0x00cc2933) slt     s2, s8, a2
core   0: 3 0x80008268 (0x00cc2933) x18 0x00000000
core   0: 0x8000826c (0x01051613) slli    a2, a0, 16
core   0: 3 0x8000826c (0x01051613) x12 0x00000000
core   0: 0x80008270 (0xbacb5ab7) lui     s5, 0xbacb5
core   0: 3 0x80008270 (0xbacb5ab7) x21 0xbacb5000
core   0: 0x80008274 (0xd992c693) xori    a3, t0, -615
core   0: 3 0x80008274 (0xd992c693) x13 0x0000026a
core   0: 0x80008278 (0x0099dfb3) srl     t6, s3, s1
core   0: 3 0x80008278 (0x0099dfb3) x31 0xfffc14aa
core   0: 0x8000827c (0xffdc8c93) addi    s9, s9, -3
core   0: 3 0x8000827c (0xffdc8c93) x25 0xfffffff9
core   0: 0x80008280 (0xfc5c98e3) bne     s9, t0, pc - 48
core   0: 3 0x80008280 (0xfc5c98e3)
core   0: 0x80008250 (0x02984617) auipc   a2, 0x2984
core   0: 3 0x80008250 (0x02984617) x12 0x8298c250
core   0: 0x80008254 (0x02ef5533) divu    a0, t5, a4
core   0: 3 0x80008254 (0x02ef5533) x10 0x00000000
core   0: 0x80008258 (0xa9380793) addi    a5, a6, -1389
core   0: 3 0x80008258 (0xa9380793) x15 0xfffff667
core   0: 0x8000825c (0x40c45a33) sra     s4, s0, a2
core   0: 3 0x8000825c (0x40c45a33) x20 0xffffeb05
core   0: 0x80008260 (0x02473333) mulhu   t1, a4, tp
core   0: 3 0x80008260 (0x02473333) x 6 0xd437a2cb
core   0: 0x80008264 (0xbd408813) addi    a6, ra, -1068
core   0: 3 0x80008264 (0xbd408813) x16 0xfffffbd4
core   0: 0x80008268 (0x00cc2933) slt     s2, s8, a2
core   0: 3 0x80008268 (0x00cc2933) x18 0x00000000
core   0: 0x8000826c (0x01051613) slli    a2, a0, 16
core   0: 3 0x8000826c (0x01051613) x12 0x00000000
core   0: 0x80008270 (0xbacb5ab7) lui     s5, 0xbacb5
core   0: 3 0x80008270 (0xbacb5ab7) x21 0xbacb5000
core   0: 0x80008274 (0xd992c693) xori    a3, t0, -615
core   0: 3 0x80008274 (0xd992c693) x13 0x0000026a
core   0: 0x80008278 (0x0099dfb3) srl     t6, s3, s1
core   0: 3 0x80008278 (0x0099dfb3) x31 0xfffc14aa
core   0: 0x8000827c (0xffdc8c93) addi    s9, s9, -3
core   0: 3 0x8000827c (0xffdc8c93) x25 0xfffffff6
core   0: 0x80008280 (0xfc5c98e3) bne     s9, t0, pc - 48
core   0: 3 0x80008280 (0xfc5c98e3)
core   0: 0x80008250 (0x02984617) auipc   a2, 0x2984
core   0: 3 0x80008250 (0x02984617) x12 0x8298c250
core   0: 0x80008254 (0x02ef5533) divu    a0, t5, a4
core   0: 3 0x80008254 (0x02ef5533) x10 0x00000000
core   0: 0x80008258 (0xa9380793) addi    a5, a6, -1389
core   0: 3 0x80008258 (0xa9380793) x15 0xfffff667
core   0: 0x8000825c (0x40c45a33) sra     s4, s0, a2
core   0: 3 0x8000825c (0x40c45a33) x20 0xffffeb05
core   0: 0x80008260 (0x02473333) mulhu   t1, a4, tp
core   0: 3 0x80008260 (0x02473333) x 6 0xd437a2cb
core   0: 0x80008264 (0xbd408813) addi    a6, ra, -1068
core   0: 3 0x80008264 (0xbd408813) x16 0xfffffbd4
core   0: 0x80008268 (0x00cc2933) slt     s2, s8, a2
core   0: 3 0x80008268 (0x00cc2933) x18 0x00000000
core   0: 0x8000826c (0x01051613) slli    a2, a0, 16
core   0: 3 0x8000826c (0x01051613) x12 0x00000000
core   0: 0x80008270 (0xbacb5ab7) lui     s5, 0xbacb5
core   0: 3 0x80008270 (0xbacb5ab7) x21 0xbacb5000
core   0: 0x80008274 (0xd992c693) xori    a3, t0, -615
core   0: 3 0x80008274 (0xd992c693) x13 0x0000026a
core   0: 0x80008278 (0x0099dfb3) srl     t6, s3, s1
core   0: 3 0x80008278 (0x0099dfb3) x31 0xfffc14aa
core   0: 0x8000827c (0xffdc8c93) addi    s9, s9, -3
core   0: 3 0x8000827c (0xffdc8c93) x25 0xfffffff3
core   0: 0x80008280 (0xfc5c98e3) bne     s9, t0, pc - 48
core   0: 3 0x80008280 (0xfc5c98e3)
core   0: 0x80008284 (0x90e72893) slti    a7, a4, -1778
core   0: 3 0x80008284 (0x90e72893) x17 0x00000001
core   0: 0x80008288 (0x00800293) li      t0, 8
core   0: 3 0x80008288 (0x00800293) x 5 0x00000008
core   0: 0x8000828c (0xbfe5f313) andi    t1, a1, -1026
core   0: 3 0x8000828c (0xbfe5f313) x 6 0x00000000
core   0: 0x80008290 (0x01074033) xor     zero, a4, a6
core   0: 3 0x80008290 (0x01074033)
core   0: 0x80008294 (0x0299fab3) remu    s5, s3, s1
core   0: 3 0x80008294 (0x0299fab3) x21 0xfffc14aa
core   0: 0x80008298 (0x03435233) divu    tp, t1, s4
core   0: 3 0x80008298 (0x03435233) x 4 0x00000000
core   0: 0x8000829c (0x005b1513) slli    a0, s6, 5
core   0: 3 0x8000829c (0x005b1513) x10 0x004bc580
core   0: 0x800082a0 (0xff400c13) li      s8, -12
core   0: 3 0x800082a0 (0xff400c13) x24 0xfffffff4
core   0: 0x800082a4 (0x41b35613) srai    a2, t1, 27
core   0: 3 0x800082a4 (0x41b35613) x12 0x00000000
core   0: 0x800082a8 (0x42fe7413) andi    s0, t3, 1071
core   0: 3 0x800082a8 (0x42fe7413) x 8 0x0000000d
core   0: 0x800082ac (0x00b80133) add     sp, a6, a1
core   0: 3 0x800082ac (0x00b80133) x 2 0xfffffbd4
core   0: 0x800082b0 (0x026f7033) remu    zero, t5, t1
core   0: 3 0x800082b0 (0x026f7033)
core   0: 0x800082b4 (0x66db3e13) sltiu   t3, s6, 1645
core   0: 3 0x800082b4 (0x66db3e13) x28 0x00000000
core   0: 0x800082b8 (0xbc787813) andi    a6, a6, -1081
core   0: 3 0x800082b8 (0xbc787813) x16 0xfffffbc4
core   0: 0x800082bc (0xfdca8b93) addi    s7, s5, -36
core   0: 3 0x800082bc (0xfdca8b93) x23 0xfffc1486
core   0: 0x800082c0 (0x409c8033) sub     zero, s9, s1
core   0: 3 0x800082c0 (0x409c8033)
core   0: 0x800082c4 (0x0144a433) slt     s0, s1, s4
core   0: 3 0x800082c4 (0x0144a433) x 8 0x00000000
core   0: 0x800082c8 (0x4c1c7a93) andi    s5, s8, 1217
core   0: 3 0x800082c8 (0x4c1c7a93) x21 0x000004c0
core   0: 0x800082cc (0x7c8e8e13) addi    t3, t4, 1992
core   0: 3 0x800082cc (0x7c8e8e13) x28 0x000007c8
core   0: 0x800082d0 (0xff628293) addi    t0, t0, -10
core   0: 3 0x800082d0 (0xff628293) x 5 0xfffffffe
core   0: 0x800082d4 (0x307b6493) ori     s1, s6, 775
core   0: 3 0x800082d4 (0x307b6493) x 9 0x80025f2f
core   0: 0x800082d8 (0xff8282e3) beq     t0, s8, pc - 28
core   0: 3 0x800082d8 (0xff8282e3)
core   0: 0x800082dc (0x01ce0033) add     zero, t3, t3
core   0: 3 0x800082dc (0x01ce0033)
core   0: 0x800082e0 (0xffd00093) li      ra, -3
core   0: 3 0x800082e0 (0xffd00093) x 1 0xfffffffd
core   0: 0x800082e4 (0x023a3033) mulhu   zero, s4, gp
core   0: 3 0x800082e4 (0x023a3033)
core   0: 0x800082e8 (0x01d0d993) srli    s3, ra, 29
core   0: 3 0x800082e8 (0x01d0d993) x19 0x00000007
core   0: 0x800082ec (0x01400693) li      a3, 20
core   0: 3 0x800082ec (0x01400693) x13 0x00000014
core   0: 0x800082f0 (0x00fb5a93) srli    s5, s6, 15
core   0: 3 0x800082f0 (0x00fb5a93) x21 0x00010004
core   0: 0x800082f4 (0x00000013) nop
core   0: 3 0x800082f4 (0x00000013)
core   0: 0x800082f8 (0x00a08093) addi    ra, ra, 10
core   0: 3 0x800082f8 (0x00a08093) x 1 0x00000007
core   0: 0x800082fc (0xb7460a13) addi    s4, a2, -1164
core   0: 3 0x800082fc (0xb7460a13) x20 0xfffffb74
core   0: 0x80008300 (0xfed0cae3) blt     ra, a3, pc - 12
core   0: 3 0x80008300 (0xfed0cae3)
core   0: 0x800082f4 (0x00000013) nop
core   0: 3 0x800082f4 (0x00000013)
core   0: 0x800082f8 (0x00a08093) addi    ra, ra, 10
core   0: 3 0x800082f8 (0x00a08093) x 1 0x00000011
core   0: 0x800082fc (0xb7460a13) addi    s4, a2, -1164
core   0: 3 0x800082fc (0xb7460a13) x20 0xfffffb74
core   0: 0x80008300 (0xfed0cae3) blt     ra, a3, pc - 12
core   0: 3 0x80008300 (0xfed0cae3)
core   0: 0x800082f4 (0x00000013) nop
core   0: 3 0x800082f4 (0x00000013)
core   0: 0x800082f8 (0x00a08093) addi    ra, ra, 10
core   0: 3 0x800082f8 (0x00a08093) x 1 0x0000001b
core   0: 0x800082fc (0xb7460a13) addi    s4, a2, -1164
core   0: 3 0x800082fc (0xb7460a13) x20 0xfffffb74
core   0: 0x80008300 (0xfed0cae3) blt     ra, a3, pc - 12
core   0: 3 0x80008300 (0xfed0cae3)
core   0: 0x80008304 (0x01079613) slli    a2, a5, 16
core   0: 3 0x80008304 (0x01079613) x12 0xf6670000
core   0: 0x80008308 (0x00900413) li      s0, 9
core   0: 3 0x80008308 (0x00900413) x 8 0x00000009
core   0: 0x8000830c (0x030fc933) div     s2, t6, a6
core   0: 3 0x8000830c (0x030fc933) x18 0x000000ec
core   0: 0x80008310 (0x00000013) nop
core   0: 3 0x80008310 (0x00000013)
core   0: 0x80008314 (0x0105c1b3) xor     gp, a1, a6
core   0: 3 0x80008314 (0x0105c1b3) x 3 0xfffffbc4
core   0: 0x80008318 (0x00600f93) li      t6, 6
core   0: 3 0x80008318 (0x00600f93) x31 0x00000006
core   0: 0x8000831c (0xd15a6993) ori     s3, s4, -747
core   0: 3 0x8000831c (0xd15a6993) x19 0xffffff75
core   0: 0x80008320 (0x1039a517) auipc   a0, 0x1039a
core   0: 3 0x80008320 (0x1039a517) x10 0x903a2320
core   0: 0x80008324 (0x418d5113) srai    sp, s10, 24
core   0: 3 0x80008324 (0x418d5113) x 2 0xffffffff
core   0: 0x80008328 (0xf5e67113) andi    sp, a2, -162
core   0: 3 0x80008328 (0xf5e67113) x 2 0xf6670000
core   0: 0x8000832c (0x01a393b3) sll     t2, t2, s10
core   0: 3 0x8000832c (0x01a393b3) x 7 0x00008000
core   0: 0x80008330 (0x014a78b3) and     a7, s4, s4
core   0: 3 0x80008330 (0x014a78b3) x17 0xfffffb74
core   0: 0x80008334 (0x9e3fa993) slti    s3, t6, -1565
core   0: 3 0x80008334 (0x9e3fa993) x19 0x00000000
core   0: 0x80008338 (0xffb40413) addi    s0, s0, -5
core   0: 3 0x80008338 (0xffb40413) x 8 0x00000004
core   0: 0x8000833c (0x039ac333) div     t1, s5, s9
core   0: 3 0x8000833c (0x039ac333) x 6 0xffffec4f
core   0: 0x80008340 (0xec843f13) sltiu   t5, s0, -312
core   0: 3 0x80008340 (0xec843f13) x30 0x00000001
core   0: 0x80008344 (0x00300693) li      a3, 3
core   0: 3 0x80008344 (0x00300693) x13 0x00000003
core   0: 0x80008348 (0x02c64833) div     a6, a2, a2
core   0: 3 0x80008348 (0x02c64833) x16 0x00000001
core   0: 0x8000834c (0x01df65b3) or      a1, t5, t4
core   0: 3 0x8000834c (0x01df65b3) x11 0x00000001
core   0: 0x80008350 (0x00300293) li      t0, 3
core   0: 3 0x80008350 (0x00300293) x 5 0x00000003
core   0: 0x80008354 (0x072f7a17) auipc   s4, 0x72f7
core   0: 3 0x80008354 (0x072f7a17) x20 0x872ff354
core   0: 0x80008358 (0x03a30633) mul     a2, t1, s10
core   0: 3 0x80008358 (0x03a30633) x12 0x00014ec1
core   0: 0x8000835c (0xffe68693) addi    a3, a3, -2
core   0: 3 0x8000835c (0xffe68693) x13 0x00000001
core   0: 0x80008360 (0x027141b3) div     gp, sp, t2
core   0: 3 0x80008360 (0x027141b3) x 3 0xffffecce
core   0: 0x80008364 (0x03ec9f33) mulh    t5, s9, t5
core   0: 3 0x80008364 (0x03ec9f33) x30 0xffffffff
core   0: 0x80008368 (0xfe56f6e3) bgeu    a3, t0, pc - 20
core   0: 3 0x80008368 (0xfe56f6e3)
core   0: 0x8000836c (0x86002013) slti    zero, zero, -1952
core   0: 3 0x8000836c (0x86002013)
core   0: 0x80008370 (0x005d0533) add     a0, s10, t0
core   0: 3 0x80008370 (0x005d0533) x10 0xfffffff2
core   0: 0x80008374 (0x02dbe633) rem     a2, s7, a3
core   0: 3 0x80008374 (0x02dbe633) x12 0x00000000
core   0: 0x80008378 (0x0123e833) or      a6, t2, s2
core   0: 3 0x80008378 (0x0123e833) x16 0x000080ec
core   0: 0x8000837c (0xf93bee13) ori     t3, s7, -109
core   0: 3 0x8000837c (0xf93bee13) x28 0xffffff97
core   0: 0x80008380 (0x01660033) add     zero, a2, s6
core   0: 3 0x80008380 (0x01660033)
core   0: 0x80008384 (0xfbf472e3) bgeu    s0, t6, pc - 92
core   0: 3 0x80008384 (0xfbf472e3)
core   0: 0x80008388 (0x40be5d13) srai    s10, t3, 11
core   0: 3 0x80008388 (0x40be5d13) x26 0xffffffff
core   0: 0x8000838c (0xfff00593) li      a1, -1
core   0: 3 0x8000838c (0xfff00593) x11 0xffffffff
core   0: 0x80008390 (0x015637b3) sltu    a5, a2, s5
core   0: 3 0x80008390 (0x015637b3) x15 0x00000001
core   0: 0x80008394 (0x41f5dcb3) sra     s9, a1, t6
core   0: 3 0x80008394 (0x41f5dcb3) x25 0xffffffff
core   0: 0x80008398 (0x00000013) nop
core   0: 3 0x80008398 (0x00000013)
core   0: 0x8000839c (0x01b8ec33) or      s8, a7, s11
core   0: 3 0x8000839c (0x01b8ec33) x24 0xfffffff4
core   0: 0x800083a0 (0x01100d13) li      s10, 17
core   0: 3 0x800083a0 (0x01100d13) x26 0x00000011
core   0: 0x800083a4 (0xd774c013) xori    zero, s1, -649
core   0: 3 0x800083a4 (0xd774c013)
core   0: 0x800083a8 (0x4526fa37) lui     s4, 0x4526f
core   0: 3 0x800083a8 (0x4526fa37) x20 0x4526f000
core   0: 0x800083ac (0x00b431b3) sltu    gp, s0, a1
core   0: 3 0x800083ac (0x00b431b3) x 3 0x00000001
core   0: 0x800083b0 (0x7cfbb893) sltiu   a7, s7, 1999
core   0: 3 0x800083b0 (0x7cfbb893) x17 0x00000000
core   0: 0x800083b4 (0x00958593) addi    a1, a1, 9
core   0: 3 0x800083b4 (0x00958593) x11 0x00000008
core   0: 0x800083b8 (0x00a00493) li      s1, 10
core   0: 3 0x800083b8 (0x00a00493) x 9 0x0000000a
core   0: 0x800083bc (0x0138a3b3) slt     t2, a7, s3
core   0: 3 0x800083bc (0x0138a3b3) x 7 0x00000000
core   0: 0x800083c0 (0xff200313) li      t1, -14
core   0: 3 0x800083c0 (0xff200313) x 6 0xfffffff2
core   0: 0x800083c4 (0x0192c233) xor     tp, t0, s9
core   0: 3 0x800083c4 (0x0192c233) x 4 0xfffffffc
core   0: 0x800083c8 (0x8648e393) ori     t2, a7, -1948
core   0: 3 0x800083c8 (0x8648e393) x 7 0xfffff864
core   0: 0x800083cc (0x0106ccb3) xor     s9, a3, a6
core   0: 3 0x800083cc (0x0106ccb3) x25 0x000080ed
core   0: 0x800083d0 (0x035c4933) div     s2, s8, s5
core   0: 3 0x800083d0 (0x035c4933) x18 0x00000000
core   0: 0x800083d4 (0x01a5ef33) or      t5, a1, s10
core   0: 3 0x800083d4 (0x01a5ef33) x30 0x00000019
core   0: 0x800083d8 (0xffe48493) addi    s1, s1, -2
core   0: 3 0x800083d8 (0xffe48493) x 9 0x00000008
core   0: 0x800083dc (0xfe64d6e3) bge     s1, t1, pc - 20
core   0: 3 0x800083dc (0xfe64d6e3)
core   0: 0x800083c8 (0x8648e393) ori     t2, a7, -1948
core   0: 3 0x800083c8 (0x8648e393) x 7 0xfffff864
core   0: 0x800083cc (0x0106ccb3) xor     s9, a3, a6
core   0: 3 0x800083cc (0x0106ccb3) x25 0x000080ed
core   0: 0x800083d0 (0x035c4933) div     s2, s8, s5
core   0: 3 0x800083d0 (0x035c4933) x18 0x00000000
core   0: 0x800083d4 (0x01a5ef33) or      t5, a1, s10
core   0: 3 0x800083d4 (0x01a5ef33) x30 0x00000019
core   0: 0x800083d8 (0xffe48493) addi    s1, s1, -2
core   0: 3 0x800083d8 (0xffe48493) x 9 0x00000006
core   0: 0x800083dc (0xfe64d6e3) bge     s1, t1, pc - 20
core   0: 3 0x800083dc (0xfe64d6e3)
core   0: 0x800083c8 (0x8648e393) ori     t2, a7, -1948
core   0: 3 0x800083c8 (0x8648e393) x 7 0xfffff864
core   0: 0x800083cc (0x0106ccb3) xor     s9, a3, a6
core   0: 3 0x800083cc (0x0106ccb3) x25 0x000080ed
core   0: 0x800083d0 (0x035c4933) div     s2, s8, s5
core   0: 3 0x800083d0 (0x035c4933) x18 0x00000000
core   0: 0x800083d4 (0x01a5ef33) or      t5, a1, s10
core   0: 3 0x800083d4 (0x01a5ef33) x30 0x00000019
core   0: 0x800083d8 (0xffe48493) addi    s1, s1, -2
core   0: 3 0x800083d8 (0xffe48493) x 9 0x00000004
core   0: 0x800083dc (0xfe64d6e3) bge     s1, t1, pc - 20
core   0: 3 0x800083dc (0xfe64d6e3)
core   0: 0x800083c8 (0x8648e393) ori     t2, a7, -1948
core   0: 3 0x800083c8 (0x8648e393) x 7 0xfffff864
core   0: 0x800083cc (0x0106ccb3) xor     s9, a3, a6
core   0: 3 0x800083cc (0x0106ccb3) x25 0x000080ed
core   0: 0x800083d0 (0x035c4933) div     s2, s8, s5
core   0: 3 0x800083d0 (0x035c4933) x18 0x00000000
core   0: 0x800083d4 (0x01a5ef33) or      t5, a1, s10
core   0: 3 0x800083d4 (0x01a5ef33) x30 0x00000019
core   0: 0x800083d8 (0xffe48493) addi    s1, s1, -2
core   0: 3 0x800083d8 (0xffe48493) x 9 0x00000002
core   0: 0x800083dc (0xfe64d6e3) bge     s1, t1, pc - 20
core   0: 3 0x800083dc (0xfe64d6e3)
core   0: 0x800083c8 (0x8648e393) ori     t2, a7, -1948
core   0: 3 0x800083c8 (0x8648e393) x 7 0xfffff864
core   0: 0x800083cc (0x0106ccb3) xor     s9, a3, a6
core   0: 3 0x800083cc (0x0106ccb3) x25 0x000080ed
core   0: 0x800083d0 (0x035c4933) div     s2, s8, s5
core   0: 3 0x800083d0 (0x035c4933) x18 0x00000000
core   0: 0x800083d4 (0x01a5ef33) or      t5, a1, s10
core   0: 3 0x800083d4 (0x01a5ef33) x30 0x00000019
core   0: 0x800083d8 (0xffe48493) addi    s1, s1, -2
core   0: 3 0x800083d8 (0xffe48493) x 9 0x00000000
core   0: 0x800083dc (0xfe64d6e3) bge     s1, t1, pc - 20
core   0: 3 0x800083dc (0xfe64d6e3)
core   0: 0x800083c8 (0x8648e393) ori     t2, a7, -1948
core   0: 3 0x800083c8 (0x8648e393) x 7 0xfffff864
core   0: 0x800083cc (0x0106ccb3) xor     s9, a3, a6
core   0: 3 0x800083cc (0x0106ccb3) x25 0x000080ed
core   0: 0x800083d0 (0x035c4933) div     s2, s8, s5
core   0: 3 0x800083d0 (0x035c4933) x18 0x00000000
core   0: 0x800083d4 (0x01a5ef33) or      t5, a1, s10
core   0: 3 0x800083d4 (0x01a5ef33) x30 0x00000019
core   0: 0x800083d8 (0xffe48493) addi    s1, s1, -2
core   0: 3 0x800083d8 (0xffe48493) x 9 0xfffffffe
core   0: 0x800083dc (0xfe64d6e3) bge     s1, t1, pc - 20
core   0: 3 0x800083dc (0xfe64d6e3)
core   0: 0x800083c8 (0x8648e393) ori     t2, a7, -1948
core   0: 3 0x800083c8 (0x8648e393) x 7 0xfffff864
core   0: 0x800083cc (0x0106ccb3) xor     s9, a3, a6
core   0: 3 0x800083cc (0x0106ccb3) x25 0x000080ed
core   0: 0x800083d0 (0x035c4933) div     s2, s8, s5
core   0: 3 0x800083d0 (0x035c4933) x18 0x00000000
core   0: 0x800083d4 (0x01a5ef33) or      t5, a1, s10
core   0: 3 0x800083d4 (0x01a5ef33) x30 0x00000019
core   0: 0x800083d8 (0xffe48493) addi    s1, s1, -2
core   0: 3 0x800083d8 (0xffe48493) x 9 0xfffffffc
core   0: 0x800083dc (0xfe64d6e3) bge     s1, t1, pc - 20
core   0: 3 0x800083dc (0xfe64d6e3)
core   0: 0x800083c8 (0x8648e393) ori     t2, a7, -1948
core   0: 3 0x800083c8 (0x8648e393) x 7 0xfffff864
core   0: 0x800083cc (0x0106ccb3) xor     s9, a3, a6
core   0: 3 0x800083cc (0x0106ccb3) x25 0x000080ed
core   0: 0x800083d0 (0x035c4933) div     s2, s8, s5
core   0: 3 0x800083d0 (0x035c4933) x18 0x00000000
core   0: 0x800083d4 (0x01a5ef33) or      t5, a1, s10
core   0: 3 0x800083d4 (0x01a5ef33) x30 0x00000019
core   0: 0x800083d8 (0xffe48493) addi    s1, s1, -2
core   0: 3 0x800083d8 (0xffe48493) x 9 0xfffffffa
core   0: 0x800083dc (0xfe64d6e3) bge     s1, t1, pc - 20
core   0: 3 0x800083dc (0xfe64d6e3)
core   0: 0x800083c8 (0x8648e393) ori     t2, a7, -1948
core   0: 3 0x800083c8 (0x8648e393) x 7 0xfffff864
core   0: 0x800083cc (0x0106ccb3) xor     s9, a3, a6
core   0: 3 0x800083cc (0x0106ccb3) x25 0x000080ed
core   0: 0x800083d0 (0x035c4933) div     s2, s8, s5
core   0: 3 0x800083d0 (0x035c4933) x18 0x00000000
core   0: 0x800083d4 (0x01a5ef33) or      t5, a1, s10
core   0: 3 0x800083d4 (0x01a5ef33) x30 0x00000019
core   0: 0x800083d8 (0xffe48493) addi    s1, s1, -2
core   0: 3 0x800083d8 (0xffe48493) x 9 0xfffffff8
core   0: 0x800083dc (0xfe64d6e3) bge     s1, t1, pc - 20
core   0: 3 0x800083dc (0xfe64d6e3)
core   0: 0x800083c8 (0x8648e393) ori     t2, a7, -1948
core   0: 3 0x800083c8 (0x8648e393) x 7 0xfffff864
core   0: 0x800083cc (0x0106ccb3) xor     s9, a3, a6
core   0: 3 0x800083cc (0x0106ccb3) x25 0x000080ed
core   0: 0x800083d0 (0x035c4933) div     s2, s8, s5
core   0: 3 0x800083d0 (0x035c4933) x18 0x00000000
core   0: 0x800083d4 (0x01a5ef33) or      t5, a1, s10
core   0: 3 0x800083d4 (0x01a5ef33) x30 0x00000019
core   0: 0x800083d8 (0xffe48493) addi    s1, s1, -2
core   0: 3 0x800083d8 (0xffe48493) x 9 0xfffffff6
core   0: 0x800083dc (0xfe64d6e3) bge     s1, t1, pc - 20
core   0: 3 0x800083dc (0xfe64d6e3)
core   0: 0x800083c8 (0x8648e393) ori     t2, a7, -1948
core   0: 3 0x800083c8 (0x8648e393) x 7 0xfffff864
core   0: 0x800083cc (0x0106ccb3) xor     s9, a3, a6
core   0: 3 0x800083cc (0x0106ccb3) x25 0x000080ed
core   0: 0x800083d0 (0x035c4933) div     s2, s8, s5
core   0: 3 0x800083d0 (0x035c4933) x18 0x00000000
core   0: 0x800083d4 (0x01a5ef33) or      t5, a1, s10
core   0: 3 0x800083d4 (0x01a5ef33) x30 0x00000019
core   0: 0x800083d8 (0xffe48493) addi    s1, s1, -2
core   0: 3 0x800083d8 (0xffe48493) x 9 0xfffffff4
core   0: 0x800083dc (0xfe64d6e3) bge     s1, t1, pc - 20
core   0: 3 0x800083dc (0xfe64d6e3)
core   0: 0x800083c8 (0x8648e393) ori     t2, a7, -1948
core   0: 3 0x800083c8 (0x8648e393) x 7 0xfffff864
core   0: 0x800083cc (0x0106ccb3) xor     s9, a3, a6
core   0: 3 0x800083cc (0x0106ccb3) x25 0x000080ed
core   0: 0x800083d0 (0x035c4933) div     s2, s8, s5
core   0: 3 0x800083d0 (0x035c4933) x18 0x00000000
core   0: 0x800083d4 (0x01a5ef33) or      t5, a1, s10
core   0: 3 0x800083d4 (0x01a5ef33) x30 0x00000019
core   0: 0x800083d8 (0xffe48493) addi    s1, s1, -2
core   0: 3 0x800083d8 (0xffe48493) x 9 0xfffffff2
core   0: 0x800083dc (0xfe64d6e3) bge     s1, t1, pc - 20
core   0: 3 0x800083dc (0xfe64d6e3)
core   0: 0x800083c8 (0x8648e393) ori     t2, a7, -1948
core   0: 3 0x800083c8 (0x8648e393) x 7 0xfffff864
core   0: 0x800083cc (0x0106ccb3) xor     s9, a3, a6
core   0: 3 0x800083cc (0x0106ccb3) x25 0x000080ed
core   0: 0x800083d0 (0x035c4933) div     s2, s8, s5
core   0: 3 0x800083d0 (0x035c4933) x18 0x00000000
core   0: 0x800083d4 (0x01a5ef33) or      t5, a1, s10
core   0: 3 0x800083d4 (0x01a5ef33) x30 0x00000019
core   0: 0x800083d8 (0xffe48493) addi    s1, s1, -2
core   0: 3 0x800083d8 (0xffe48493) x 9 0xfffffff0
core   0: 0x800083dc (0xfe64d6e3) bge     s1, t1, pc - 20
core   0: 3 0x800083dc (0xfe64d6e3)
core   0: 0x800083e0 (0x5238f9b7) lui     s3, 0x5238f
core   0: 3 0x800083e0 (0x5238f9b7) x19 0x5238f000
core   0: 0x800083e4 (0xfda592e3) bne     a1, s10, pc - 60
core   0: 3 0x800083e4 (0xfda592e3)
core   0: 0x800083a8 (0x4526fa37) lui     s4, 0x4526f
core   0: 3 0x800083a8 (0x4526fa37) x20 0x4526f000
core   0: 0x800083ac (0x00b431b3) sltu    gp, s0, a1
core   0: 3 0x800083ac (0x00b431b3) x 3 0x00000001
core   0: 0x800083b0 (0x7cfbb893) sltiu   a7, s7, 1999
core   0: 3 0x800083b0 (0x7cfbb893) x17 0x00000000
core   0: 0x800083b4 (0x00958593) addi    a1, a1, 9
core   0: 3 0x800083b4 (0x00958593) x11 0x00000011
core   0: 0x800083b8 (0x00a00493) li      s1, 10
core   0: 3 0x800083b8 (0x00a00493) x 9 0x0000000a
core   0: 0x800083bc (0x0138a3b3) slt     t2, a7, s3
core   0: 3 0x800083bc (0x0138a3b3) x 7 0x00000001
core   0: 0x800083c0 (0xff200313) li      t1, -14
core   0: 3 0x800083c0 (0xff200313) x 6 0xfffffff2
core   0: 0x800083c4 (0x0192c233) xor     tp, t0, s9
core   0: 3 0x800083c4 (0x0192c233) x 4 0x000080ee
core   0: 0x800083c8 (0x8648e393) ori     t2, a7, -1948
core   0: 3 0x800083c8 (0x8648e393) x 7 0xfffff864
core   0: 0x800083cc (0x0106ccb3) xor     s9, a3, a6
core   0: 3 0x800083cc (0x0106ccb3) x25 0x000080ed
core   0: 0x800083d0 (0x035c4933) div     s2, s8, s5
core   0: 3 0x800083d0 (0x035c4933) x18 0x00000000
core   0: 0x800083d4 (0x01a5ef33) or      t5, a1, s10
core   0: 3 0x800083d4 (0x01a5ef33) x30 0x00000011
core   0: 0x800083d8 (0xffe48493) addi    s1, s1, -2
core   0: 3 0x800083d8 (0xffe48493) x 9 0x00000008
core   0: 0x800083dc (0xfe64d6e3) bge     s1, t1, pc - 20
core   0: 3 0x800083dc (0xfe64d6e3)
core   0: 0x800083c8 (0x8648e393) ori     t2, a7, -1948
core   0: 3 0x800083c8 (0x8648e393) x 7 0xfffff864
core   0: 0x800083cc (0x0106ccb3) xor     s9, a3, a6
core   0: 3 0x800083cc (0x0106ccb3) x25 0x000080ed
core   0: 0x800083d0 (0x035c4933) div     s2, s8, s5
core   0: 3 0x800083d0 (0x035c4933) x18 0x00000000
core   0: 0x800083d4 (0x01a5ef33) or      t5, a1, s10
core   0: 3 0x800083d4 (0x01a5ef33) x30 0x00000011
core   0: 0x800083d8 (0xffe48493) addi    s1, s1, -2
core   0: 3 0x800083d8 (0xffe48493) x 9 0x00000006
core   0: 0x800083dc (0xfe64d6e3) bge     s1, t1, pc - 20
core   0: 3 0x800083dc (0xfe64d6e3)
core   0: 0x800083c8 (0x8648e393) ori     t2, a7, -1948
core   0: 3 0x800083c8 (0x8648e393) x 7 0xfffff864
core   0: 0x800083cc (0x0106ccb3) xor     s9, a3, a6
core   0: 3 0x800083cc (0x0106ccb3) x25 0x000080ed
core   0: 0x800083d0 (0x035c4933) div     s2, s8, s5
core   0: 3 0x800083d0 (0x035c4933) x18 0x00000000
core   0: 0x800083d4 (0x01a5ef33) or      t5, a1, s10
core   0: 3 0x800083d4 (0x01a5ef33) x30 0x00000011
core   0: 0x800083d8 (0xffe48493) addi    s1, s1, -2
core   0: 3 0x800083d8 (0xffe48493) x 9 0x00000004
core   0: 0x800083dc (0xfe64d6e3) bge     s1, t1, pc - 20
core   0: 3 0x800083dc (0xfe64d6e3)
core   0: 0x800083c8 (0x8648e393) ori     t2, a7, -1948
core   0: 3 0x800083c8 (0x8648e393) x 7 0xfffff864
core   0: 0x800083cc (0x0106ccb3) xor     s9, a3, a6
core   0: 3 0x800083cc (0x0106ccb3) x25 0x000080ed
core   0: 0x800083d0 (0x035c4933) div     s2, s8, s5
core   0: 3 0x800083d0 (0x035c4933) x18 0x00000000
core   0: 0x800083d4 (0x01a5ef33) or      t5, a1, s10
core   0: 3 0x800083d4 (0x01a5ef33) x30 0x00000011
core   0: 0x800083d8 (0xffe48493) addi    s1, s1, -2
core   0: 3 0x800083d8 (0xffe48493) x 9 0x00000002
core   0: 0x800083dc (0xfe64d6e3) bge     s1, t1, pc - 20
core   0: 3 0x800083dc (0xfe64d6e3)
core   0: 0x800083c8 (0x8648e393) ori     t2, a7, -1948
core   0: 3 0x800083c8 (0x8648e393) x 7 0xfffff864
core   0: 0x800083cc (0x0106ccb3) xor     s9, a3, a6
core   0: 3 0x800083cc (0x0106ccb3) x25 0x000080ed
core   0: 0x800083d0 (0x035c4933) div     s2, s8, s5
core   0: 3 0x800083d0 (0x035c4933) x18 0x00000000
core   0: 0x800083d4 (0x01a5ef33) or      t5, a1, s10
core   0: 3 0x800083d4 (0x01a5ef33) x30 0x00000011
core   0: 0x800083d8 (0xffe48493) addi    s1, s1, -2
core   0: 3 0x800083d8 (0xffe48493) x 9 0x00000000
core   0: 0x800083dc (0xfe64d6e3) bge     s1, t1, pc - 20
core   0: 3 0x800083dc (0xfe64d6e3)
core   0: 0x800083c8 (0x8648e393) ori     t2, a7, -1948
core   0: 3 0x800083c8 (0x8648e393) x 7 0xfffff864
core   0: 0x800083cc (0x0106ccb3) xor     s9, a3, a6
core   0: 3 0x800083cc (0x0106ccb3) x25 0x000080ed
core   0: 0x800083d0 (0x035c4933) div     s2, s8, s5
core   0: 3 0x800083d0 (0x035c4933) x18 0x00000000
core   0: 0x800083d4 (0x01a5ef33) or      t5, a1, s10
core   0: 3 0x800083d4 (0x01a5ef33) x30 0x00000011
core   0: 0x800083d8 (0xffe48493) addi    s1, s1, -2
core   0: 3 0x800083d8 (0xffe48493) x 9 0xfffffffe
core   0: 0x800083dc (0xfe64d6e3) bge     s1, t1, pc - 20
core   0: 3 0x800083dc (0xfe64d6e3)
core   0: 0x800083c8 (0x8648e393) ori     t2, a7, -1948
core   0: 3 0x800083c8 (0x8648e393) x 7 0xfffff864
core   0: 0x800083cc (0x0106ccb3) xor     s9, a3, a6
core   0: 3 0x800083cc (0x0106ccb3) x25 0x000080ed
core   0: 0x800083d0 (0x035c4933) div     s2, s8, s5
core   0: 3 0x800083d0 (0x035c4933) x18 0x00000000
core   0: 0x800083d4 (0x01a5ef33) or      t5, a1, s10
core   0: 3 0x800083d4 (0x01a5ef33) x30 0x00000011
core   0: 0x800083d8 (0xffe48493) addi    s1, s1, -2
core   0: 3 0x800083d8 (0xffe48493) x 9 0xfffffffc
core   0: 0x800083dc (0xfe64d6e3) bge     s1, t1, pc - 20
core   0: 3 0x800083dc (0xfe64d6e3)
core   0: 0x800083c8 (0x8648e393) ori     t2, a7, -1948
core   0: 3 0x800083c8 (0x8648e393) x 7 0xfffff864
core   0: 0x800083cc (0x0106ccb3) xor     s9, a3, a6
core   0: 3 0x800083cc (0x0106ccb3) x25 0x000080ed
core   0: 0x800083d0 (0x035c4933) div     s2, s8, s5
core   0: 3 0x800083d0 (0x035c4933) x18 0x00000000
core   0: 0x800083d4 (0x01a5ef33) or      t5, a1, s10
core   0: 3 0x800083d4 (0x01a5ef33) x30 0x00000011
core   0: 0x800083d8 (0xffe48493) addi    s1, s1, -2
core   0: 3 0x800083d8 (0xffe48493) x 9 0xfffffffa
core   0: 0x800083dc (0xfe64d6e3) bge     s1, t1, pc - 20
core   0: 3 0x800083dc (0xfe64d6e3)
core   0: 0x800083c8 (0x8648e393) ori     t2, a7, -1948
core   0: 3 0x800083c8 (0x8648e393) x 7 0xfffff864
core   0: 0x800083cc (0x0106ccb3) xor     s9, a3, a6
core   0: 3 0x800083cc (0x0106ccb3) x25 0x000080ed
core   0: 0x800083d0 (0x035c4933) div     s2, s8, s5
core   0: 3 0x800083d0 (0x035c4933) x18 0x00000000
core   0: 0x800083d4 (0x01a5ef33) or      t5, a1, s10
core   0: 3 0x800083d4 (0x01a5ef33) x30 0x00000011
core   0: 0x800083d8 (0xffe48493) addi    s1, s1, -2
core   0: 3 0x800083d8 (0xffe48493) x 9 0xfffffff8
core   0: 0x800083dc (0xfe64d6e3) bge     s1, t1, pc - 20
core   0: 3 0x800083dc (0xfe64d6e3)
core   0: 0x800083c8 (0x8648e393) ori     t2, a7, -1948
core   0: 3 0x800083c8 (0x8648e393) x 7 0xfffff864
core   0: 0x800083cc (0x0106ccb3) xor     s9, a3, a6
core   0: 3 0x800083cc (0x0106ccb3) x25 0x000080ed
core   0: 0x800083d0 (0x035c4933) div     s2, s8, s5
core   0: 3 0x800083d0 (0x035c4933) x18 0x00000000
core   0: 0x800083d4 (0x01a5ef33) or      t5, a1, s10
core   0: 3 0x800083d4 (0x01a5ef33) x30 0x00000011
core   0: 0x800083d8 (0xffe48493) addi    s1, s1, -2
core   0: 3 0x800083d8 (0xffe48493) x 9 0xfffffff6
core   0: 0x800083dc (0xfe64d6e3) bge     s1, t1, pc - 20
core   0: 3 0x800083dc (0xfe64d6e3)
core   0: 0x800083c8 (0x8648e393) ori     t2, a7, -1948
core   0: 3 0x800083c8 (0x8648e393) x 7 0xfffff864
core   0: 0x800083cc (0x0106ccb3) xor     s9, a3, a6
core   0: 3 0x800083cc (0x0106ccb3) x25 0x000080ed
core   0: 0x800083d0 (0x035c4933) div     s2, s8, s5
core   0: 3 0x800083d0 (0x035c4933) x18 0x00000000
core   0: 0x800083d4 (0x01a5ef33) or      t5, a1, s10
core   0: 3 0x800083d4 (0x01a5ef33) x30 0x00000011
core   0: 0x800083d8 (0xffe48493) addi    s1, s1, -2
core   0: 3 0x800083d8 (0xffe48493) x 9 0xfffffff4
core   0: 0x800083dc (0xfe64d6e3) bge     s1, t1, pc - 20
core   0: 3 0x800083dc (0xfe64d6e3)
core   0: 0x800083c8 (0x8648e393) ori     t2, a7, -1948
core   0: 3 0x800083c8 (0x8648e393) x 7 0xfffff864
core   0: 0x800083cc (0x0106ccb3) xor     s9, a3, a6
core   0: 3 0x800083cc (0x0106ccb3) x25 0x000080ed
core   0: 0x800083d0 (0x035c4933) div     s2, s8, s5
core   0: 3 0x800083d0 (0x035c4933) x18 0x00000000
core   0: 0x800083d4 (0x01a5ef33) or      t5, a1, s10
core   0: 3 0x800083d4 (0x01a5ef33) x30 0x00000011
core   0: 0x800083d8 (0xffe48493) addi    s1, s1, -2
core   0: 3 0x800083d8 (0xffe48493) x 9 0xfffffff2
core   0: 0x800083dc (0xfe64d6e3) bge     s1, t1, pc - 20
core   0: 3 0x800083dc (0xfe64d6e3)
core   0: 0x800083c8 (0x8648e393) ori     t2, a7, -1948
core   0: 3 0x800083c8 (0x8648e393) x 7 0xfffff864
core   0: 0x800083cc (0x0106ccb3) xor     s9, a3, a6
core   0: 3 0x800083cc (0x0106ccb3) x25 0x000080ed
core   0: 0x800083d0 (0x035c4933) div     s2, s8, s5
core   0: 3 0x800083d0 (0x035c4933) x18 0x00000000
core   0: 0x800083d4 (0x01a5ef33) or      t5, a1, s10
core   0: 3 0x800083d4 (0x01a5ef33) x30 0x00000011
core   0: 0x800083d8 (0xffe48493) addi    s1, s1, -2
core   0: 3 0x800083d8 (0xffe48493) x 9 0xfffffff0
core   0: 0x800083dc (0xfe64d6e3) bge     s1, t1, pc - 20
core   0: 3 0x800083dc (0xfe64d6e3)
core   0: 0x800083e0 (0x5238f9b7) lui     s3, 0x5238f
core   0: 3 0x800083e0 (0x5238f9b7) x19 0x5238f000
core   0: 0x800083e4 (0xfda592e3) bne     a1, s10, pc - 60
core   0: 3 0x800083e4 (0xfda592e3)
core   0: 0x800083e8 (0x032143b3) div     t2, sp, s2
core   0: 3 0x800083e8 (0x032143b3) x 7 0xffffffff
core   0: 0x800083ec (0x00300613) li      a2, 3
core   0: 3 0x800083ec (0x00300613) x12 0x00000003
core   0: 0x800083f0 (0x01815913) srli    s2, sp, 24
core   0: 3 0x800083f0 (0x01815913) x18 0x000000f6
core   0: 0x800083f4 (0x01842eb3) slt     t4, s0, s8
core   0: 3 0x800083f4 (0x01842eb3) x29 0x00000000
core   0: 0x800083f8 (0x82ce8793) addi    a5, t4, -2004
core   0: 3 0x800083f8 (0x82ce8793) x15 0xfffff82c
core   0: 0x800083fc (0x00937e33) and     t3, t1, s1
core   0: 3 0x800083fc (0x00937e33) x28 0xfffffff0
core   0: 0x80008400 (0x0366da33) divu    s4, a3, s6
core   0: 3 0x80008400 (0x0366da33) x20 0x00000000
core   0: 0x80008404 (0x00300993) li      s3, 3
core   0: 3 0x80008404 (0x00300993) x19 0x00000003
core   0: 0x80008408 (0x008a70b3) and     ra, s4, s0
core   0: 3 0x80008408 (0x008a70b3) x 1 0x00000000
core   0: 0x8000840c (0x43af8593) addi    a1, t6, 1082
core   0: 3 0x8000840c (0x43af8593) x11 0x00000440
core   0: 0x80008410 (0x7349a493) slti    s1, s3, 1844
core   0: 3 0x80008410 (0x7349a493) x 9 0x00000001
core   0: 0x80008414 (0x001c7e33) and     t3, s8, ra
core   0: 3 0x80008414 (0x001c7e33) x28 0x00000000
core   0: 0x80008418 (0xbf92ad13) slti    s10, t0, -1031
core   0: 3 0x80008418 (0xbf92ad13) x26 0x00000000
core   0: 0x8000841c (0x013c7533) and     a0, s8, s3
core   0: 3 0x8000841c (0x013c7533) x10 0x00000000
core   0: 0x80008420 (0xfff60613) addi    a2, a2, -1
core   0: 3 0x80008420 (0xfff60613) x12 0x00000002
core   0: 0x80008424 (0x023c8533) mul     a0, s9, gp
core   0: 3 0x80008424 (0x023c8533) x10 0x000080ed
core   0: 0x80008428 (0x015fc133) xor     sp, t6, s5
core   0: 3 0x80008428 (0x015fc133) x 2 0x00010002
core   0: 0x8000842c (0x010ea7b3) slt     a5, t4, a6
core   0: 3 0x8000842c (0x010ea7b3) x15 0x00000001
core   0: 0x80008430 (0xfd98ba17) auipc   s4, 0xfd98b
core   0: 3 0x80008430 (0xfd98ba17) x20 0x7d993430
core   0: 0x80008434 (0x01323333) sltu    t1, tp, s3
core   0: 3 0x80008434 (0x01323333) x 6 0x00000000
core   0: 0x80008438 (0x40c0d413) srai    s0, ra, 12
core   0: 3 0x80008438 (0x40c0d413) x 8 0x00000000
core   0: 0x8000843c (0x018d6f33) or      t5, s10, s8
core   0: 3 0x8000843c (0x018d6f33) x30 0xfffffff4
core   0: 0x80008440 (0x02ad6533) rem     a0, s10, a0
core   0: 3 0x80008440 (0x02ad6533) x10 0x00000000
core   0: 0x80008444 (0x00ca38b3) sltu    a7, s4, a2
core   0: 3 0x80008444 (0x00ca38b3) x17 0x00000000
core   0: 0x80008448 (0xbb46a493) slti    s1, a3, -1100
core   0: 3 0x80008448 (0xbb46a493) x 9 0x00000000
core   0: 0x8000844c (0x035b3cb3) mulhu   s9, s6, s5
core   0: 3 0x8000844c (0x035b3cb3) x25 0x00008004
core   0: 0x80008450 (0xfb367ee3) bgeu    a2, s3, pc - 68
core   0: 3 0x80008450 (0xfb367ee3)
core   0: 0x80008454 (0x0095c2b3) xor     t0, a1, s1
core   0: 3 0x80008454 (0x0095c2b3) x 5 0x00000440
core   0: 0x80008458 (0x00300693) li      a3, 3
core   0: 3 0x80008458 (0x00300693) x13 0x00000003
core   0: 0x8000845c (0x0003b333) sltu    t1, t2, zero
core   0: 3 0x8000845c (0x0003b333) x 6 0x00000000
core   0: 0x80008460 (0x01829e13) slli    t3, t0, 24
core   0: 3 0x80008460 (0x01829e13) x28 0x40000000
core   0: 0x80008464 (0xffd00413) li      s0, -3
core   0: 3 0x80008464 (0xffd00413) x 8 0xfffffffd
core   0: 0x80008468 (0x00495313) srli    t1, s2, 4
core   0: 3 0x80008468 (0x00495313) x 6 0x0000000f
core   0: 0x8000846c (0x01329313) slli    t1, t0, 19
core   0: 3 0x8000846c (0x01329313) x 6 0x22000000
core   0: 0x80008470 (0x03334833) div     a6, t1, s3
core   0: 3 0x80008470 (0x03334833) x16 0x0b555555
core   0: 0x80008474 (0xffa68693) addi    a3, a3, -6
core   0: 3 0x80008474 (0xffa68693) x13 0xfffffffd
core   0: 0x80008478 (0x027cca33) div     s4, s9, t2
core   0: 3 0x80008478 (0x027cca33) x20 0xffff7ffc
core   0: 0x8000847c (0x00900593) li      a1, 9
core   0: 3 0x8000847c (0x00900593) x11 0x00000009
core   0: 0x80008480 (0x0005fe33) and     t3, a1, zero
core   0: 3 0x80008480 (0x0005fe33) x28 0x00000000
core   0: 0x80008484 (0x00d00c13) li      s8, 13
core   0: 3 0x80008484 (0x00d00c13) x24 0x0000000d
core   0: 0x80008488 (0x02030bb3) mul     s7, t1, zero
core   0: 3 0x80008488 (0x02030bb3) x23 0x00000000
core   0: 0x8000848c (0x0374a4b3) mulhsu  s1, s1, s7
core   0: 3 0x8000848c (0x0374a4b3) x 9 0x00000000
core   0: 0x80008490 (0x034ab533) mulhu   a0, s5, s4
core   0: 3 0x80008490 (0x034ab533) x10 0x00010003
core   0: 0x80008494 (0x00000013) nop
core   0: 3 0x80008494 (0x00000013)
core   0: 0x80008498 (0x5e29f793) andi    a5, s3, 1506
core   0: 3 0x80008498 (0x5e29f793) x15 0x00000002
core   0: 0x8000849c (0x01021513) slli    a0, tp, 16
core   0: 3 0x8000849c (0x01021513) x10 0x80ee0000
core   0: 0x800084a0 (0x00758593) addi    a1, a1, 7
core   0: 3 0x800084a0 (0x00758593) x11 0x00000010
core   0: 0x800084a4 (0x01862cb3) slt     s9, a2, s8
core   0: 3 0x800084a4 (0x01862cb3) x25 0x00000001
core   0: 0x800084a8 (0xff85c4e3) blt     a1, s8, pc - 24
core   0: 3 0x800084a8 (0xff85c4e3)
core   0: 0x800084ac (0x41d40fb3) sub     t6, s0, t4
core   0: 3 0x800084ac (0x41d40fb3) x31 0xfffffffd
core   0: 0x800084b0 (0xc9b5b193) sltiu   gp, a1, -869
core   0: 3 0x800084b0 (0xc9b5b193) x 3 0x00000001
core   0: 0x800084b4 (0x032e7bb3) remu    s7, t3, s2
core   0: 3 0x800084b4 (0x032e7bb3) x23 0x00000000
core   0: 0x800084b8 (0x003c84b3) add     s1, s9, gp
core   0: 3 0x800084b8 (0x003c84b3) x 9 0x00000002
core   0: 0x800084bc (0xfa869ae3) bne     a3, s0, pc - 76
core   0: 3 0x800084bc (0xfa869ae3)
core   0: 0x800084c0 (0x755d6493) ori     s1, s10, 1877
core   0: 3 0x800084c0 (0x755d6493) x 9 0x00000755
core   0: 0x800084c4 (0x00a00793) li      a5, 10
core   0: 3 0x800084c4 (0x00a00793) x15 0x0000000a
core   0: 0x800084c8 (0x00d45a33) srl     s4, s0, a3
core   0: 3 0x800084c8 (0x00d45a33) x20 0x00000007
core   0: 0x800084cc (0x0194e8b3) or      a7, s1, s9
core   0: 3 0x800084cc (0x0194e8b3) x17 0x00000755
core   0: 0x800084d0 (0x0353aeb3) mulhsu  t4, t2, s5
core   0: 3 0x800084d0 (0x0353aeb3) x29 0xffffffff
core   0: 0x800084d4 (0x00dee533) or      a0, t4, a3
core   0: 3 0x800084d4 (0x00dee533) x10 0xffffffff
core   0: 0x800084d8 (0x00d6deb3) srl     t4, a3, a3
core   0: 3 0x800084d8 (0x00d6deb3) x29 0x00000007
core   0: 0x800084dc (0x0096cc33) xor     s8, a3, s1
core   0: 3 0x800084dc (0x0096cc33) x24 0xfffff8a8
core   0: 0x800084e0 (0x01175393) srli    t2, a4, 17
core   0: 3 0x800084e0 (0x01175393) x 7 0x0000758a
core   0: 0x800084e4 (0x0298ec33) rem     s8, a7, s1
core   0: 3 0x800084e4 (0x0298ec33) x24 0x00000000
core   0: 0x800084e8 (0x00cd8c33) add     s8, s11, a2
core   0: 3 0x800084e8 (0x00cd8c33) x24 0x80029ce6
core   0: 0x800084ec (0x010d93b3) sll     t2, s11, a6
core   0: 3 0x800084ec (0x010d93b3) x 7 0x9c800000
core   0: 0x800084f0 (0x0109d933) srl     s2, s3, a6
core   0: 3 0x800084f0 (0x0109d933) x18 0x00000000
core   0: 0x800084f4 (0x02a04f33) div     t5, zero, a0
core   0: 3 0x800084f4 (0x02a04f33) x30 0x00000000
core   0: 0x800084f8 (0x6b1d6d13) ori     s10, s10, 1713
core   0: 3 0x800084f8 (0x6b1d6d13) x26 0x000006b1
core   0: 0x800084fc (0x00800593) li      a1, 8
core   0: 3 0x800084fc (0x00800593) x11 0x00000008
core   0: 0x80008500 (0x0347fa33) remu    s4, a5, s4
core   0: 3 0x80008500 (0x0347fa33) x20 0x00000003
core   0: 0x80008504 (0x02bb7033) remu    zero, s6, a1
core   0: 3 0x80008504 (0x02bb7033)
core   0: 0x80008508 (0x0055df33) srl     t5, a1, t0
core   0: 3 0x80008508 (0x0055df33) x30 0x00000008
core   0: 0x8000850c (0x1c71e113) ori     sp, gp, 455
core   0: 3 0x8000850c (0x1c71e113) x 2 0x000001c7
core   0: 0x80008510 (0x29156193) ori     gp, a0, 657
core   0: 3 0x80008510 (0x29156193) x 3 0xffffffff
core   0: 0x80008514 (0x27410813) addi    a6, sp, 628
core   0: 3 0x80008514 (0x27410813) x16 0x0000043b
core   0: 0x80008518 (0xd9f56893) ori     a7, a0, -609
core   0: 3 0x80008518 (0xd9f56893) x17 0xffffffff
core   0: 0x8000851c (0xffc78793) addi    a5, a5, -4
core   0: 3 0x8000851c (0xffc78793) x15 0x00000006
core   0: 0x80008520 (0x0216f433) remu    s0, a3, ra
core   0: 3 0x80008520 (0x0216f433) x 8 0xfffffffd
core   0: 0x80008524 (0x00f6cfb3) xor     t6, a3, a5
core   0: 3 0x80008524 (0x00f6cfb3) x31 0xfffffffb
core   0: 0x80008528 (0x01ea3533) sltu    a0, s4, t5
core   0: 3 0x80008528 (0x01ea3533) x10 0x00000001
core   0: 0x8000852c (0x02a899b3) mulh    s3, a7, a0
core   0: 3 0x8000852c (0x02a899b3) x19 0xffffffff
core   0: 0x80008530 (0xfcb7fae3) bgeu    a5, a1, pc - 44
core   0: 3 0x80008530 (0xfcb7fae3)
core   0: 0x80008534 (0x014fd233) srl     tp, t6, s4
core   0: 3 0x80008534 (0x014fd233) x 4 0x1fffffff
core   0: 0x80008538 (0xffe00c13) li      s8, -2
core   0: 3 0x80008538 (0xffe00c13) x24 0xfffffffe
core   0: 0x8000853c (0x01815e33) srl     t3, sp, s8
core   0: 3 0x8000853c (0x01815e33) x28 0x00000000
core   0: 0x80008540 (0x00a00393) li      t2, 10
core   0: 3 0x80008540 (0x00a00393) x 7 0x0000000a
core   0: 0x80008544 (0x0163df93) srli    t6, t2, 22
core   0: 3 0x80008544 (0x0163df93) x31 0x00000000
core   0: 0x80008548 (0x03b93ab3) mulhu   s5, s2, s11
core   0: 3 0x80008548 (0x03b93ab3) x21 0x00000000
core   0: 0x8000854c (0xaec4fb93) andi    s7, s1, -1300
core   0: 3 0x8000854c (0xaec4fb93) x23 0x00000244
core   0: 0x80008550 (0xf717a993) slti    s3, a5, -143
core   0: 3 0x80008550 (0xf717a993) x19 0x00000000
core   0: 0x80008554 (0x74aeea13) ori     s4, t4, 1866
core   0: 3 0x80008554 (0x74aeea13) x20 0x0000074f
core   0: 0x80008558 (0x006c0c13) addi    s8, s8, 6
core   0: 3 0x80008558 (0x006c0c13) x24 0x00000004
core   0: 0x8000855c (0xff700513) li      a0, -9
core   0: 3 0x8000855c (0xff700513) x10 0xfffffff7
core   0: 0x80008560 (0x00a80f33) add     t5, a6, a0
core   0: 3 0x80008560 (0x00a80f33) x30 0x00000432
core   0: 0x80008564 (0xff000913) li      s2, -16
core   0: 3 0x80008564 (0xff000913) x18 0xfffffff0
core   0: 0x80008568 (0x03fede33) divu    t3, t4, t6
core   0: 3 0x80008568 (0x03fede33) x28 0xffffffff
core   0: 0x8000856c (0x02aa78b3) remu    a7, s4, a0
core   0: 3 0x8000856c (0x02aa78b3) x17 0x0000074f
core   0: 0x80008570 (0x01728cb3) add     s9, t0, s7
core   0: 3 0x80008570 (0x01728cb3) x25 0x00000684
core   0: 0x80008574 (0x418c5433) sra     s0, s8, s8
core   0: 3 0x80008574 (0x418c5433) x 8 0x00000000
core   0: 0x80008578 (0x1b6fe8b7) lui     a7, 0x1b6fe
core   0: 3 0x80008578 (0x1b6fe8b7) x17 0x1b6fe000
core   0: 0x8000857c (0x00258633) add     a2, a1, sp
core   0: 3 0x8000857c (0x00258633) x12 0x000001cf
core   0: 0x80008580 (0xb7eb2213) slti    tp, s6, -1154
core   0: 3 0x80008580 (0xb7eb2213) x 4 0x00000001
core   0: 0x80008584 (0xfff50513) addi    a0, a0, -1
core   0: 3 0x80008584 (0xfff50513) x10 0xfffffff6
core   0: 0x80008588 (0x15062313) slti    t1, a2, 336
core   0: 3 0x80008588 (0x15062313) x 6 0x00000000
core   0: 0x8000858c (0xff2506e3) beq     a0, s2, pc - 20
core   0: 3 0x8000858c (0xff2506e3)
core   0: 0x80008590 (0x029755b3) divu    a1, a4, s1
core   0: 3 0x80008590 (0x029755b3) x11 0x00200ff0
core   0: 0x80008594 (0x40ac8ab3) sub     s5, s9, a0
core   0: 3 0x80008594 (0x40ac8ab3) x21 0x0000068e
core   0: 0x80008598 (0x02033d33) mulhu   s10, t1, zero
core   0: 3 0x80008598 (0x02033d33) x26 0x00000000
core   0: 0x8000859c (0xfa0d2c97) auipc   s9, 0xfa0d2
core   0: 3 0x8000859c (0xfa0d2c97) x25 0x7a0da59c
core   0: 0x800085a0 (0xfa7c1ae3) bne     s8, t2, pc - 76
core   0: 3 0x800085a0 (0xfa7c1ae3)
core   0: 0x80008554 (0x74aeea13) ori     s4, t4, 1866
core   0: 3 0x80008554 (0x74aeea13) x20 0x0000074f
core   0: 0x80008558 (0x006c0c13) addi    s8, s8, 6
core   0: 3 0x80008558 (0x006c0c13) x24 0x0000000a
core   0: 0x8000855c (0xff700513) li      a0, -9
core   0: 3 0x8000855c (0xff700513) x10 0xfffffff7
core   0: 0x80008560 (0x00a80f33) add     t5, a6, a0
core   0: 3 0x80008560 (0x00a80f33) x30 0x00000432
core   0: 0x80008564 (0xff000913) li      s2, -16
core   0: 3 0x80008564 (0xff000913) x18 0xfffffff0
core   0: 0x80008568 (0x03fede33) divu    t3, t4, t6
core   0: 3 0x80008568 (0x03fede33) x28 0xffffffff
core   0: 0x8000856c (0x02aa78b3) remu    a7, s4, a0
core   0: 3 0x8000856c (0x02aa78b3) x17 0x0000074f
core   0: 0x80008570 (0x01728cb3) add     s9, t0, s7
core   0: 3 0x80008570 (0x01728cb3) x25 0x00000684
core   0: 0x80008574 (0x418c5433) sra     s0, s8, s8
core   0: 3 0x80008574 (0x418c5433) x 8 0x00000000
core   0: 0x80008578 (0x1b6fe8b7) lui     a7, 0x1b6fe
core   0: 3 0x80008578 (0x1b6fe8b7) x17 0x1b6fe000
core   0: 0x8000857c (0x00258633) add     a2, a1, sp
core   0: 3 0x8000857c (0x00258633) x12 0x002011b7
core   0: 0x80008580 (0xb7eb2213) slti    tp, s6, -1154
core   0: 3 0x80008580 (0xb7eb2213) x 4 0x00000001
core   0: 0x80008584 (0xfff50513) addi    a0, a0, -1
core   0: 3 0x80008584 (0xfff50513) x10 0xfffffff6
core   0: 0x80008588 (0x15062313) slti    t1, a2, 336
core   0: 3 0x80008588 (0x15062313) x 6 0x00000000
core   0: 0x8000858c (0xff2506e3) beq     a0, s2, pc - 20
core   0: 3 0x8000858c (0xff2506e3)
core   0: 0x80008590 (0x029755b3) divu    a1, a4, s1
core   0: 3 0x80008590 (0x029755b3) x11 0x00200ff0
core   0: 0x80008594 (0x40ac8ab3) sub     s5, s9, a0
core   0: 3 0x80008594 (0x40ac8ab3) x21 0x0000068e
core   0: 0x80008598 (0x02033d33) mulhu   s10, t1, zero
core   0: 3 0x80008598 (0x02033d33) x26 0x00000000
core   0: 0x8000859c (0xfa0d2c97) auipc   s9, 0xfa0d2
core   0: 3 0x8000859c (0xfa0d2c97) x25 0x7a0da59c
core   0: 0x800085a0 (0xfa7c1ae3) bne     s8, t2, pc - 76
core   0: 3 0x800085a0 (0xfa7c1ae3)
core   0: 0x800085a4 (0x01619413) slli    s0, gp, 22
core   0: 3 0x800085a4 (0x01619413) x 8 0xffc00000
core   0: 0x800085a8 (0xffb00293) li      t0, -5
core   0: 3 0x800085a8 (0xffb00293) x 5 0xfffffffb
core   0: 0x800085ac (0xc42d2793) slti    a5, s10, -958
core   0: 3 0x800085ac (0xc42d2793) x15 0x00000000
core   0: 0x800085b0 (0x0144b433) sltu    s0, s1, s4
core   0: 3 0x800085b0 (0x0144b433) x 8 0x00000000
core   0: 0x800085b4 (0x02a634b3) mulhu   s1, a2, a0
core   0: 3 0x800085b4 (0x02a634b3) x 9 0x002011b6
core   0: 0x800085b8 (0x2fc84213) xori    tp, a6, 764
core   0: 3 0x800085b8 (0x2fc84213) x 4 0x000006c7
core   0: 0x800085bc (0x025cfeb3) remu    t4, s9, t0
core   0: 3 0x800085bc (0x025cfeb3) x29 0x7a0da59c
core   0: 0x800085c0 (0x02813833) mulhu   a6, sp, s0
core   0: 3 0x800085c0 (0x02813833) x16 0x00000000
core   0: 0x800085c4 (0xf3b69a37) lui     s4, 0xf3b69
core   0: 3 0x800085c4 (0xf3b69a37) x20 0xf3b69000
core   0: 0x800085c8 (0x034548b3) div     a7, a0, s4
core   0: 3 0x800085c8 (0x034548b3) x17 0x00000000
core   0: 0x800085cc (0x6298a093) slti    ra, a7, 1577
core   0: 3 0x800085cc (0x6298a093) x 1 0x00000001
core   0: 0x800085d0 (0x034769b3) rem     s3, a4, s4
core   0: 3 0x800085d0 (0x034769b3) x19 0xf75e4ae6
core   0: 0x800085d4 (0x57b68593) addi    a1, a3, 1403
core   0: 3 0x800085d4 (0x57b68593) x11 0x00000578
core   0: 0x800085d8 (0x02a79a33) mulh    s4, a5, a0
core   0: 3 0x800085d8 (0x02a79a33) x20 0x00000000
core   0: 0x800085dc (0x02bed0b3) divu    ra, t4, a1
core   0: 3 0x800085dc (0x02bed0b3) x 1 0x0016517d
core   0: 0x800085e0 (0x5aaa3213) sltiu   tp, s4, 1450
core   0: 3 0x800085e0 (0x5aaa3213) x 4 0x00000001
core   0: 0x800085e4 (0x0325a333) mulhsu  t1, a1, s2
core   0: 3 0x800085e4 (0x0325a333) x 6 0x00000577
core   0: 0x800085e8 (0x00f766b3) or      a3, a4, a5
core   0: 3 0x800085e8 (0x00f766b3) x13 0xeb14dae6
core   0: 0x800085ec (0x0172e3b3) or      t2, t0, s7
core   0: 3 0x800085ec (0x0172e3b3) x 7 0xffffffff
core   0: 0x800085f0 (0x01e89633) sll     a2, a7, t5
core   0: 3 0x800085f0 (0x01e89633) x12 0x00000000
core   0: 0x800085f4 (0xfec00a93) li      s5, -20
core   0: 3 0x800085f4 (0xfec00a93) x21 0xffffffec
core   0: 0x800085f8 (0x37eadc37) lui     s8, 0x37ead
core   0: 3 0x800085f8 (0x37eadc37) x24 0x37ead000
core   0: 0x800085fc (0x02a010b3) mulh    ra, zero, a0
core   0: 3 0x800085fc (0x02a010b3) x 1 0x00000000
core   0: 0x80008600 (0x7f21bf13) sltiu   t5, gp, 2034
core   0: 3 0x80008600 (0x7f21bf13) x30 0x00000000
core   0: 0x80008604 (0x03fea533) mulhsu  a0, t4, t6
core   0: 3 0x80008604 (0x03fea533) x10 0x00000000
core   0: 0x80008608 (0xffb28293) addi    t0, t0, -5
core   0: 3 0x80008608 (0xffb28293) x 5 0xfffffff6
core   0: 0x8000860c (0x031793b3) mulh    t2, a5, a7
core   0: 3 0x8000860c (0x031793b3) x 7 0x00000000
core   0: 0x80008610 (0xf6bf4397) auipc   t2, 0xf6bf4
core   0: 3 0x80008610 (0xf6bf4397) x 7 0x76bfc610
core   0: 0x80008614 (0xff52d6e3) bge     t0, s5, pc - 20
core   0: 3 0x80008614 (0xff52d6e3)
core   0: 0x80008600 (0x7f21bf13) sltiu   t5, gp, 2034
core   0: 3 0x80008600 (0x7f21bf13) x30 0x00000000
core   0: 0x80008604 (0x03fea533) mulhsu  a0, t4, t6
core   0: 3 0x80008604 (0x03fea533) x10 0x00000000
core   0: 0x80008608 (0xffb28293) addi    t0, t0, -5
core   0: 3 0x80008608 (0xffb28293) x 5 0xfffffff1
core   0: 0x8000860c (0x031793b3) mulh    t2, a5, a7
core   0: 3 0x8000860c (0x031793b3) x 7 0x00000000
core   0: 0x80008610 (0xf6bf4397) auipc   t2, 0xf6bf4
core   0: 3 0x80008610 (0xf6bf4397) x 7 0x76bfc610
core   0: 0x80008614 (0xff52d6e3) bge     t0, s5, pc - 20
core   0: 3 0x80008614 (0xff52d6e3)
core   0: 0x80008600 (0x7f21bf13) sltiu   t5, gp, 2034
core   0: 3 0x80008600 (0x7f21bf13) x30 0x00000000
core   0: 0x80008604 (0x03fea533) mulhsu  a0, t4, t6
core   0: 3 0x80008604 (0x03fea533) x10 0x00000000
core   0: 0x80008608 (0xffb28293) addi    t0, t0, -5
core   0: 3 0x80008608 (0xffb28293) x 5 0xffffffec
core   0: 0x8000860c (0x031793b3) mulh    t2, a5, a7
core   0: 3 0x8000860c (0x031793b3) x 7 0x00000000
core   0: 0x80008610 (0xf6bf4397) auipc   t2, 0xf6bf4
core   0: 3 0x80008610 (0xf6bf4397) x 7 0x76bfc610
core   0: 0x80008614 (0xff52d6e3) bge     t0, s5, pc - 20
core   0: 3 0x80008614 (0xff52d6e3)
core   0: 0x80008600 (0x7f21bf13) sltiu   t5, gp, 2034
core   0: 3 0x80008600 (0x7f21bf13) x30 0x00000000
core   0: 0x80008604 (0x03fea533) mulhsu  a0, t4, t6
core   0: 3 0x80008604 (0x03fea533) x10 0x00000000
core   0: 0x80008608 (0xffb28293) addi    t0, t0, -5
core   0: 3 0x80008608 (0xffb28293) x 5 0xffffffe7
core   0: 0x8000860c (0x031793b3) mulh    t2, a5, a7
core   0: 3 0x8000860c (0x031793b3) x 7 0x00000000
core   0: 0x80008610 (0xf6bf4397) auipc   t2, 0xf6bf4
core   0: 3 0x80008610 (0xf6bf4397) x 7 0x76bfc610
core   0: 0x80008614 (0xff52d6e3) bge     t0, s5, pc - 20
core   0: 3 0x80008614 (0xff52d6e3)
core   0: 0x80008618 (0x00e95b93) srli    s7, s2, 14
core   0: 3 0x80008618 (0x00e95b93) x23 0x0003ffff
core   0: 0x8000861c (0x00a00793) li      a5, 10
core   0: 3 0x8000861c (0x00a00793) x15 0x0000000a
core   0: 0x80008620 (0x019cc5b3) xor     a1, s9, s9
core   0: 3 0x80008620 (0x019cc5b3) x11 0x00000000
core   0: 0x80008624 (0xb164eb93) ori     s7, s1, -1258
core   0: 3 0x80008624 (0xb164eb93) x23 0xfffffbb6
core   0: 0x80008628 (0x0174c8b3) xor     a7, s1, s7
core   0: 3 0x80008628 (0x0174c8b3) x17 0xffdfea00
core   0: 0x8000862c (0x00000a13) li      s4, 0
core   0: 3 0x8000862c (0x00000a13) x20 0x00000000
core   0: 0x80008630 (0x01fd7cb3) and     s9, s10, t6
core   0: 3 0x80008630 (0x01fd7cb3) x25 0x00000000
core   0: 0x80008634 (0x00000013) nop
core   0: 3 0x80008634 (0x00000013)
core   0: 0x80008638 (0x03696033) rem     zero, s2, s6
core   0: 3 0x80008638 (0x03696033)
core   0: 0x8000863c (0x007abeb3) sltu    t4, s5, t2
core   0: 3 0x8000863c (0x007abeb3) x29 0x00000000
core   0: 0x80008640 (0xffa78793) addi    a5, a5, -6
core   0: 3 0x80008640 (0xffa78793) x15 0x00000004
core   0: 0x80008644 (0x0048fcb3) and     s9, a7, tp
core   0: 3 0x80008644 (0x0048fcb3) x25 0x00000000
core   0: 0x80008648 (0x01c23433) sltu    s0, tp, t3
core   0: 3 0x80008648 (0x01c23433) x 8 0x00000001
core   0: 0x8000864c (0x013c50b3) srl     ra, s8, s3
core   0: 3 0x8000864c (0x013c50b3) x 1 0x00dfab40
core   0: 0x80008650 (0x033cf533) remu    a0, s9, s3
core   0: 3 0x80008650 (0x033cf533) x10 0x00000000
core   0: 0x80008654 (0x01b29133) sll     sp, t0, s11
core   0: 3 0x80008654 (0x01b29133) x 2 0xfffffe70
core   0: 0x80008658 (0x00469533) sll     a0, a3, tp
core   0: 3 0x80008658 (0x00469533) x10 0xd629b5cc
core   0: 0x8000865c (0x40f08033) sub     zero, ra, a5
core   0: 3 0x8000865c (0x40f08033)
core   0: 0x80008660 (0x03ee7433) remu    s0, t3, t5
core   0: 3 0x80008660 (0x03ee7433) x 8 0xffffffff
core   0: 0x80008664 (0x00000013) nop
core   0: 3 0x80008664 (0x00000013)
core   0: 0x80008668 (0x00f268b3) or      a7, tp, a5
core   0: 3 0x80008668 (0x00f268b3) x17 0x00000005
core   0: 0x8000866c (0x03a0d1b3) divu    gp, ra, s10
core   0: 3 0x8000866c (0x03a0d1b3) x 3 0xffffffff
core   0: 0x80008670 (0xfd47d2e3) bge     a5, s4, pc - 60
core   0: 3 0x80008670 (0xfd47d2e3)
core   0: 0x80008634 (0x00000013) nop
core   0: 3 0x80008634 (0x00000013)
core   0: 0x80008638 (0x03696033) rem     zero, s2, s6
core   0: 3 0x80008638 (0x03696033)
core   0: 0x8000863c (0x007abeb3) sltu    t4, s5, t2
core   0: 3 0x8000863c (0x007abeb3) x29 0x00000000
core   0: 0x80008640 (0xffa78793) addi    a5, a5, -6
core   0: 3 0x80008640 (0xffa78793) x15 0xfffffffe
core   0: 0x80008644 (0x0048fcb3) and     s9, a7, tp
core   0: 3 0x80008644 (0x0048fcb3) x25 0x00000001
core   0: 0x80008648 (0x01c23433) sltu    s0, tp, t3
core   0: 3 0x80008648 (0x01c23433) x 8 0x00000001
core   0: 0x8000864c (0x013c50b3) srl     ra, s8, s3
core   0: 3 0x8000864c (0x013c50b3) x 1 0x00dfab40
core   0: 0x80008650 (0x033cf533) remu    a0, s9, s3
core   0: 3 0x80008650 (0x033cf533) x10 0x00000001
core   0: 0x80008654 (0x01b29133) sll     sp, t0, s11
core   0: 3 0x80008654 (0x01b29133) x 2 0xfffffe70
core   0: 0x80008658 (0x00469533) sll     a0, a3, tp
core   0: 3 0x80008658 (0x00469533) x10 0xd629b5cc
core   0: 0x8000865c (0x40f08033) sub     zero, ra, a5
core   0: 3 0x8000865c (0x40f08033)
core   0: 0x80008660 (0x03ee7433) remu    s0, t3, t5
core   0: 3 0x80008660 (0x03ee7433) x 8 0xffffffff
core   0: 0x80008664 (0x00000013) nop
core   0: 3 0x80008664 (0x00000013)
core   0: 0x80008668 (0x00f268b3) or      a7, tp, a5
core   0: 3 0x80008668 (0x00f268b3) x17 0xffffffff
core   0: 0x8000866c (0x03a0d1b3) divu    gp, ra, s10
core   0: 3 0x8000866c (0x03a0d1b3) x 3 0xffffffff
core   0: 0x80008670 (0xfd47d2e3) bge     a5, s4, pc - 60
core   0: 3 0x80008670 (0xfd47d2e3)
core   0: 0x80008674 (0x5067f317) auipc   t1, 0x5067f
core   0: 3 0x80008674 (0x5067f317) x 6 0xd0687674
core   0: 0x80008678 (0xffb00113) li      sp, -5
core   0: 3 0x80008678 (0xffb00113) x 2 0xfffffffb
core   0: 0x8000867c (0x00e00693) li      a3, 14
core   0: 3 0x8000867c (0x00e00693) x13 0x0000000e
core   0: 0x80008680 (0x036a6333) rem     t1, s4, s6
core   0: 3 0x80008680 (0x036a6333) x 6 0x00000000
core   0: 0x80008684 (0x69ff3997) auipc   s3, 0x69ff3
core   0: 3 0x80008684 (0x69ff3997) x19 0xe9ffb684
core   0: 0x80008688 (0x00910113) addi    sp, sp, 9
core   0: 3 0x80008688 (0x00910113) x 2 0x00000004
core   0: 0x8000868c (0x00a00f13) li      t5, 10
core   0: 3 0x8000868c (0x00a00f13) x30 0x0000000a
core   0: 0x80008690 (0x00c8cd33) xor     s10, a7, a2
core   0: 3 0x80008690 (0x00c8cd33) x26 0xffffffff
core   0: 0x80008694 (0x01200593) li      a1, 18
core   0: 3 0x80008694 (0x01200593) x11 0x00000012
core   0: 0x80008698 (0x039df3b3) remu    t2, s11, s9
core   0: 3 0x80008698 (0x039df3b3) x 7 0x00000000
core   0: 0x8000869c (0x00af0f13) addi    t5, t5, 10
core   0: 3 0x8000869c (0x00af0f13) x30 0x00000014
core   0: 0x800086a0 (0x4037d1b3) sra     gp, a5, gp
core   0: 3 0x800086a0 (0x4037d1b3) x 3 0xffffffff
core   0: 0x800086a4 (0xfebf4ae3) blt     t5, a1, pc - 12
core   0: 3 0x800086a4 (0xfebf4ae3)
core   0: 0x800086a8 (0xfcd14ee3) blt     sp, a3, pc - 36
core   0: 3 0x800086a8 (0xfcd14ee3)
core   0: 0x80008684 (0x69ff3997) auipc   s3, 0x69ff3
core   0: 3 0x80008684 (0x69ff3997) x19 0xe9ffb684
core   0: 0x80008688 (0x00910113) addi    sp, sp, 9
core   0: 3 0x80008688 (0x00910113) x 2 0x0000000d
core   0: 0x8000868c (0x00a00f13) li      t5, 10
core   0: 3 0x8000868c (0x00a00f13) x30 0x0000000a
core   0: 0x80008690 (0x00c8cd33) xor     s10, a7, a2
core   0: 3 0x80008690 (0x00c8cd33) x26 0xffffffff
core   0: 0x80008694 (0x01200593) li      a1, 18
core   0: 3 0x80008694 (0x01200593) x11 0x00000012
core   0: 0x80008698 (0x039df3b3) remu    t2, s11, s9
core   0: 3 0x80008698 (0x039df3b3) x 7 0x00000000
core   0: 0x8000869c (0x00af0f13) addi    t5, t5, 10
core   0: 3 0x8000869c (0x00af0f13) x30 0x00000014
core   0: 0x800086a0 (0x4037d1b3) sra     gp, a5, gp
core   0: 3 0x800086a0 (0x4037d1b3) x 3 0xffffffff
core   0: 0x800086a4 (0xfebf4ae3) blt     t5, a1, pc - 12
core   0: 3 0x800086a4 (0xfebf4ae3)
core   0: 0x800086a8 (0xfcd14ee3) blt     sp, a3, pc - 36
core   0: 3 0x800086a8 (0xfcd14ee3)
core   0: 0x80008684 (0x69ff3997) auipc   s3, 0x69ff3
core   0: 3 0x80008684 (0x69ff3997) x19 0xe9ffb684
core   0: 0x80008688 (0x00910113) addi    sp, sp, 9
core   0: 3 0x80008688 (0x00910113) x 2 0x00000016
core   0: 0x8000868c (0x00a00f13) li      t5, 10
core   0: 3 0x8000868c (0x00a00f13) x30 0x0000000a
core   0: 0x80008690 (0x00c8cd33) xor     s10, a7, a2
core   0: 3 0x80008690 (0x00c8cd33) x26 0xffffffff
core   0: 0x80008694 (0x01200593) li      a1, 18
core   0: 3 0x80008694 (0x01200593) x11 0x00000012
core   0: 0x80008698 (0x039df3b3) remu    t2, s11, s9
core   0: 3 0x80008698 (0x039df3b3) x 7 0x00000000
core   0: 0x8000869c (0x00af0f13) addi    t5, t5, 10
core   0: 3 0x8000869c (0x00af0f13) x30 0x00000014
core   0: 0x800086a0 (0x4037d1b3) sra     gp, a5, gp
core   0: 3 0x800086a0 (0x4037d1b3) x 3 0xffffffff
core   0: 0x800086a4 (0xfebf4ae3) blt     t5, a1, pc - 12
core   0: 3 0x800086a4 (0xfebf4ae3)
core   0: 0x800086a8 (0xfcd14ee3) blt     sp, a3, pc - 36
core   0: 3 0x800086a8 (0xfcd14ee3)
core   0: 0x800086ac (0x01e35bb3) srl     s7, t1, t5
core   0: 3 0x800086ac (0x01e35bb3) x23 0x00000000
core   0: 0x800086b0 (0xffb00513) li      a0, -5
core   0: 3 0x800086b0 (0xffb00513) x10 0xfffffffb
core   0: 0x800086b4 (0x00f95193) srli    gp, s2, 15
core   0: 3 0x800086b4 (0x00f95193) x 3 0x0001ffff
core   0: 0x800086b8 (0xffbe7193) andi    gp, t3, -5
core   0: 3 0x800086b8 (0xffbe7193) x 3 0xfffffffb
core   0: 0x800086bc (0x533d0993) addi    s3, s10, 1331
core   0: 3 0x800086bc (0x533d0993) x19 0x00000532
core   0: 0x800086c0 (0x03ef3033) mulhu   zero, t5, t5
core   0: 3 0x800086c0 (0x03ef3033)
core   0: 0x800086c4 (0x00500a13) li      s4, 5
core   0: 3 0x800086c4 (0x00500a13) x20 0x00000005
core   0: 0x800086c8 (0x013a45b3) xor     a1, s4, s3
core   0: 3 0x800086c8 (0x013a45b3) x11 0x00000537
core   0: 0x800086cc (0x00e346b3) xor     a3, t1, a4
core   0: 3 0x800086cc (0x00e346b3) x13 0xeb14dae6
core   0: 0x800086d0 (0x00250513) addi    a0, a0, 2
core   0: 3 0x800086d0 (0x00250513) x10 0xfffffffd
core   0: 0x800086d4 (0x8e8dad13) slti    s10, s11, -1816
core   0: 3 0x800086d4 (0x8e8dad13) x26 0x00000001
core   0: 0x800086d8 (0x00000013) nop
core   0: 3 0x800086d8 (0x00000013)
core   0: 0x800086dc (0x01ac7cb3) and     s9, s8, s10
core   0: 3 0x800086dc (0x01ac7cb3) x25 0x00000000
core   0: 0x800086e0 (0x010fff33) and     t5, t6, a6
core   0: 3 0x800086e0 (0x010fff33) x30 0x00000000
core   0: 0x800086e4 (0x0bedcf93) xori    t6, s11, 190
core   0: 3 0x800086e4 (0x0bedcf93) x31 0x80029c5a
core   0: 0x800086e8 (0xbb614697) auipc   a3, 0xbb614
core   0: 3 0x800086e8 (0xbb614697) x13 0x3b61c6e8
core   0: 0x800086ec (0x003e1493) slli    s1, t3, 3
core   0: 3 0x800086ec (0x003e1493) x 9 0xfffffff8
core   0: 0x800086f0 (0xfd454ee3) blt     a0, s4, pc - 36
core   0: 3 0x800086f0 (0xfd454ee3)
core   0: 0x800086cc (0x00e346b3) xor     a3, t1, a4
core   0: 3 0x800086cc (0x00e346b3) x13 0xeb14dae6
core   0: 0x800086d0 (0x00250513) addi    a0, a0, 2
core   0: 3 0x800086d0 (0x00250513) x10 0xffffffff
core   0: 0x800086d4 (0x8e8dad13) slti    s10, s11, -1816
core   0: 3 0x800086d4 (0x8e8dad13) x26 0x00000001
core   0: 0x800086d8 (0x00000013) nop
core   0: 3 0x800086d8 (0x00000013)
core   0: 0x800086dc (0x01ac7cb3) and     s9, s8, s10
core   0: 3 0x800086dc (0x01ac7cb3) x25 0x00000000
core   0: 0x800086e0 (0x010fff33) and     t5, t6, a6
core   0: 3 0x800086e0 (0x010fff33) x30 0x00000000
core   0: 0x800086e4 (0x0bedcf93) xori    t6, s11, 190
core   0: 3 0x800086e4 (0x0bedcf93) x31 0x80029c5a
core   0: 0x800086e8 (0xbb614697) auipc   a3, 0xbb614
core   0: 3 0x800086e8 (0xbb614697) x13 0x3b61c6e8
core   0: 0x800086ec (0x003e1493) slli    s1, t3, 3
core   0: 3 0x800086ec (0x003e1493) x 9 0xfffffff8
core   0: 0x800086f0 (0xfd454ee3) blt     a0, s4, pc - 36
core   0: 3 0x800086f0 (0xfd454ee3)
core   0: 0x800086cc (0x00e346b3) xor     a3, t1, a4
core   0: 3 0x800086cc (0x00e346b3) x13 0xeb14dae6
core   0: 0x800086d0 (0x00250513) addi    a0, a0, 2
core   0: 3 0x800086d0 (0x00250513) x10 0x00000001
core   0: 0x800086d4 (0x8e8dad13) slti    s10, s11, -1816
core   0: 3 0x800086d4 (0x8e8dad13) x26 0x00000001
core   0: 0x800086d8 (0x00000013) nop
core   0: 3 0x800086d8 (0x00000013)
core   0: 0x800086dc (0x01ac7cb3) and     s9, s8, s10
core   0: 3 0x800086dc (0x01ac7cb3) x25 0x00000000
core   0: 0x800086e0 (0x010fff33) and     t5, t6, a6
core   0: 3 0x800086e0 (0x010fff33) x30 0x00000000
core   0: 0x800086e4 (0x0bedcf93) xori    t6, s11, 190
core   0: 3 0x800086e4 (0x0bedcf93) x31 0x80029c5a
core   0: 0x800086e8 (0xbb614697) auipc   a3, 0xbb614
core   0: 3 0x800086e8 (0xbb614697) x13 0x3b61c6e8
core   0: 0x800086ec (0x003e1493) slli    s1, t3, 3
core   0: 3 0x800086ec (0x003e1493) x 9 0xfffffff8
core   0: 0x800086f0 (0xfd454ee3) blt     a0, s4, pc - 36
core   0: 3 0x800086f0 (0xfd454ee3)
core   0: 0x800086cc (0x00e346b3) xor     a3, t1, a4
core   0: 3 0x800086cc (0x00e346b3) x13 0xeb14dae6
core   0: 0x800086d0 (0x00250513) addi    a0, a0, 2
core   0: 3 0x800086d0 (0x00250513) x10 0x00000003
core   0: 0x800086d4 (0x8e8dad13) slti    s10, s11, -1816
core   0: 3 0x800086d4 (0x8e8dad13) x26 0x00000001
core   0: 0x800086d8 (0x00000013) nop
core   0: 3 0x800086d8 (0x00000013)
core   0: 0x800086dc (0x01ac7cb3) and     s9, s8, s10
core   0: 3 0x800086dc (0x01ac7cb3) x25 0x00000000
core   0: 0x800086e0 (0x010fff33) and     t5, t6, a6
core   0: 3 0x800086e0 (0x010fff33) x30 0x00000000
core   0: 0x800086e4 (0x0bedcf93) xori    t6, s11, 190
core   0: 3 0x800086e4 (0x0bedcf93) x31 0x80029c5a
core   0: 0x800086e8 (0xbb614697) auipc   a3, 0xbb614
core   0: 3 0x800086e8 (0xbb614697) x13 0x3b61c6e8
core   0: 0x800086ec (0x003e1493) slli    s1, t3, 3
core   0: 3 0x800086ec (0x003e1493) x 9 0xfffffff8
core   0: 0x800086f0 (0xfd454ee3) blt     a0, s4, pc - 36
core   0: 3 0x800086f0 (0xfd454ee3)
core   0: 0x800086cc (0x00e346b3) xor     a3, t1, a4
core   0: 3 0x800086cc (0x00e346b3) x13 0xeb14dae6
core   0: 0x800086d0 (0x00250513) addi    a0, a0, 2
core   0: 3 0x800086d0 (0x00250513) x10 0x00000005
core   0: 0x800086d4 (0x8e8dad13) slti    s10, s11, -1816
core   0: 3 0x800086d4 (0x8e8dad13) x26 0x00000001
core   0: 0x800086d8 (0x00000013) nop
core   0: 3 0x800086d8 (0x00000013)
core   0: 0x800086dc (0x01ac7cb3) and     s9, s8, s10
core   0: 3 0x800086dc (0x01ac7cb3) x25 0x00000000
core   0: 0x800086e0 (0x010fff33) and     t5, t6, a6
core   0: 3 0x800086e0 (0x010fff33) x30 0x00000000
core   0: 0x800086e4 (0x0bedcf93) xori    t6, s11, 190
core   0: 3 0x800086e4 (0x0bedcf93) x31 0x80029c5a
core   0: 0x800086e8 (0xbb614697) auipc   a3, 0xbb614
core   0: 3 0x800086e8 (0xbb614697) x13 0x3b61c6e8
core   0: 0x800086ec (0x003e1493) slli    s1, t3, 3
core   0: 3 0x800086ec (0x003e1493) x 9 0xfffffff8
core   0: 0x800086f0 (0xfd454ee3) blt     a0, s4, pc - 36
core   0: 3 0x800086f0 (0xfd454ee3)
core   0: 0x800086f4 (0x017c1293) slli    t0, s8, 23
core   0: 3 0x800086f4 (0x017c1293) x 5 0x00000000
core   0: 0x800086f8 (0x00900593) li      a1, 9
core   0: 3 0x800086f8 (0x00900593) x11 0x00000009
core   0: 0x800086fc (0xff300893) li      a7, -13
core   0: 3 0x800086fc (0xff300893) x17 0xfffffff3
core   0: 0x80008700 (0x02cb50b3) divu    ra, s6, a2
core   0: 3 0x80008700 (0x02cb50b3) x 1 0xffffffff
core   0: 0x80008704 (0xffc58593) addi    a1, a1, -4
core   0: 3 0x80008704 (0xffc58593) x11 0x00000005
core   0: 0x80008708 (0xa86caa13) slti    s4, s9, -1402
core   0: 3 0x80008708 (0xa86caa13) x20 0x00000000
core   0: 0x8000870c (0xff15dae3) bge     a1, a7, pc - 12
core   0: 3 0x8000870c (0xff15dae3)
core   0: 0x80008700 (0x02cb50b3) divu    ra, s6, a2
core   0: 3 0x80008700 (0x02cb50b3) x 1 0xffffffff
core   0: 0x80008704 (0xffc58593) addi    a1, a1, -4
core   0: 3 0x80008704 (0xffc58593) x11 0x00000001
core   0: 0x80008708 (0xa86caa13) slti    s4, s9, -1402
core   0: 3 0x80008708 (0xa86caa13) x20 0x00000000
core   0: 0x8000870c (0xff15dae3) bge     a1, a7, pc - 12
core   0: 3 0x8000870c (0xff15dae3)
core   0: 0x80008700 (0x02cb50b3) divu    ra, s6, a2
core   0: 3 0x80008700 (0x02cb50b3) x 1 0xffffffff
core   0: 0x80008704 (0xffc58593) addi    a1, a1, -4
core   0: 3 0x80008704 (0xffc58593) x11 0xfffffffd
core   0: 0x80008708 (0xa86caa13) slti    s4, s9, -1402
core   0: 3 0x80008708 (0xa86caa13) x20 0x00000000
core   0: 0x8000870c (0xff15dae3) bge     a1, a7, pc - 12
core   0: 3 0x8000870c (0xff15dae3)
core   0: 0x80008700 (0x02cb50b3) divu    ra, s6, a2
core   0: 3 0x80008700 (0x02cb50b3) x 1 0xffffffff
core   0: 0x80008704 (0xffc58593) addi    a1, a1, -4
core   0: 3 0x80008704 (0xffc58593) x11 0xfffffff9
core   0: 0x80008708 (0xa86caa13) slti    s4, s9, -1402
core   0: 3 0x80008708 (0xa86caa13) x20 0x00000000
core   0: 0x8000870c (0xff15dae3) bge     a1, a7, pc - 12
core   0: 3 0x8000870c (0xff15dae3)
core   0: 0x80008700 (0x02cb50b3) divu    ra, s6, a2
core   0: 3 0x80008700 (0x02cb50b3) x 1 0xffffffff
core   0: 0x80008704 (0xffc58593) addi    a1, a1, -4
core   0: 3 0x80008704 (0xffc58593) x11 0xfffffff5
core   0: 0x80008708 (0xa86caa13) slti    s4, s9, -1402
core   0: 3 0x80008708 (0xa86caa13) x20 0x00000000
core   0: 0x8000870c (0xff15dae3) bge     a1, a7, pc - 12
core   0: 3 0x8000870c (0xff15dae3)
core   0: 0x80008700 (0x02cb50b3) divu    ra, s6, a2
core   0: 3 0x80008700 (0x02cb50b3) x 1 0xffffffff
core   0: 0x80008704 (0xffc58593) addi    a1, a1, -4
core   0: 3 0x80008704 (0xffc58593) x11 0xfffffff1
core   0: 0x80008708 (0xa86caa13) slti    s4, s9, -1402
core   0: 3 0x80008708 (0xa86caa13) x20 0x00000000
core   0: 0x8000870c (0xff15dae3) bge     a1, a7, pc - 12
core   0: 3 0x8000870c (0xff15dae3)
core   0: 0x80008710 (0x037544b3) div     s1, a0, s7
core   0: 3 0x80008710 (0x037544b3) x 9 0xffffffff
core   0: 0x80008714 (0x00000513) li      a0, 0
core   0: 3 0x80008714 (0x00000513) x10 0x00000000
core   0: 0x80008718 (0x85bab993) sltiu   s3, s5, -1957
core   0: 3 0x80008718 (0x85bab993) x19 0x00000000
core   0: 0x8000871c (0x536f7193) andi    gp, t5, 1334
core   0: 3 0x8000871c (0x536f7193) x 3 0x00000000
core   0: 0x80008720 (0x207c3217) auipc   tp, 0x207c3
core   0: 3 0x80008720 (0x207c3217) x 4 0xa07cb720
core   0: 0x80008724 (0x018bd633) srl     a2, s7, s8
core   0: 3 0x80008724 (0x018bd633) x12 0x00000000
core   0: 0x80008728 (0x017606b3) add     a3, a2, s7
core   0: 3 0x80008728 (0x017606b3) x13 0x00000000
core   0: 0x8000872c (0xff800313) li      t1, -8
core   0: 3 0x8000872c (0xff800313) x 6 0xfffffff8
core   0: 0x80008730 (0xfc4a0f13) addi    t5, s4, -60
core   0: 3 0x80008730 (0xfc4a0f13) x30 0xffffffc4
core   0: 0x80008734 (0x03fcc4b3) div     s1, s9, t6
core   0: 3 0x80008734 (0x03fcc4b3) x 9 0x00000000
core   0: 0x80008738 (0xa8ebb937) lui     s2, 0xa8ebb
core   0: 3 0x80008738 (0xa8ebb937) x18 0xa8ebb000
core   0: 0x8000873c (0x01568f33) add     t5, a3, s5
core   0: 3 0x8000873c (0x01568f33) x30 0xffffffec
core   0: 0x80008740 (0xffc50513) addi    a0, a0, -4
core   0: 3 0x80008740 (0xffc50513) x10 0xfffffffc
core   0: 0x80008744 (0x024087b3) mul     a5, ra, tp
core   0: 3 0x80008744 (0x024087b3) x15 0x5f8348e0
core   0: 0x80008748 (0x030fd7b3) divu    a5, t6, a6
core   0: 3 0x80008748 (0x030fd7b3) x15 0xffffffff
core   0: 0x8000874c (0xec237113) andi    sp, t1, -318
core   0: 3 0x8000874c (0xec237113) x 2 0xfffffec0
core   0: 0x80008750 (0x8112f4b7) lui     s1, 0x8112f
core   0: 3 0x80008750 (0x8112f4b7) x 9 0x8112f000
core   0: 0x80008754 (0x6650e593) ori     a1, ra, 1637
core   0: 3 0x80008754 (0x6650e593) x11 0xffffffff
core   0: 0x80008758 (0xfe6510e3) bne     a0, t1, pc - 32
core   0: 3 0x80008758 (0xfe6510e3)
core   0: 0x80008738 (0xa8ebb937) lui     s2, 0xa8ebb
core   0: 3 0x80008738 (0xa8ebb937) x18 0xa8ebb000
core   0: 0x8000873c (0x01568f33) add     t5, a3, s5
core   0: 3 0x8000873c (0x01568f33) x30 0xffffffec
core   0: 0x80008740 (0xffc50513) addi    a0, a0, -4
core   0: 3 0x80008740 (0xffc50513) x10 0xfffffff8
core   0: 0x80008744 (0x024087b3) mul     a5, ra, tp
core   0: 3 0x80008744 (0x024087b3) x15 0x5f8348e0
core   0: 0x80008748 (0x030fd7b3) divu    a5, t6, a6
core   0: 3 0x80008748 (0x030fd7b3) x15 0xffffffff
core   0: 0x8000874c (0xec237113) andi    sp, t1, -318
core   0: 3 0x8000874c (0xec237113) x 2 0xfffffec0
core   0: 0x80008750 (0x8112f4b7) lui     s1, 0x8112f
core   0: 3 0x80008750 (0x8112f4b7) x 9 0x8112f000
core   0: 0x80008754 (0x6650e593) ori     a1, ra, 1637
core   0: 3 0x80008754 (0x6650e593) x11 0xffffffff
core   0: 0x80008758 (0xfe6510e3) bne     a0, t1, pc - 32
core   0: 3 0x80008758 (0xfe6510e3)
core   0: 0x8000875c (0x03a82cb3) mulhsu  s9, a6, s10
core   0: 3 0x8000875c (0x03a82cb3) x25 0x00000000
core   0: 0x80008760 (0x00700913) li      s2, 7
core   0: 3 0x80008760 (0x00700913) x18 0x00000007
core   0: 0x80008764 (0x00000013) nop
core   0: 3 0x80008764 (0x00000013)
core   0: 0x80008768 (0x006bdf13) srli    t5, s7, 6
core   0: 3 0x80008768 (0x006bdf13) x30 0x00000000
core   0: 0x8000876c (0x3f893213) sltiu   tp, s2, 1016
core   0: 3 0x8000876c (0x3f893213) x 4 0x00000001
core   0: 0x80008770 (0x4e712793) slti    a5, sp, 1255
core   0: 3 0x80008770 (0x4e712793) x15 0x00000001
core   0: 0x80008774 (0x90ff8e93) addi    t4, t6, -1777
core   0: 3 0x80008774 (0x90ff8e93) x29 0x80029569
core   0: 0x80008778 (0x00600693) li      a3, 6
core   0: 3 0x80008778 (0x00600693) x13 0x00000006
core   0: 0x8000877c (0x002771b3) and     gp, a4, sp
core   0: 3 0x8000877c (0x002771b3) x 3 0xeb14dac0
core   0: 0x80008780 (0x0210efb3) rem     t6, ra, ra
core   0: 3 0x80008780 (0x0210efb3) x31 0x00000000
core   0: 0x80008784 (0x03be9cb3) mulh    s9, t4, s11
core   0: 3 0x80008784 (0x03be9cb3) x25 0x3ffd66e0
core   0: 0x80008788 (0x021fa4b3) mulhsu  s1, t6, ra
core   0: 3 0x80008788 (0x021fa4b3) x 9 0x00000000
core   0: 0x8000878c (0x03fe6e33) rem     t3, t3, t6
core   0: 3 0x8000878c (0x03fe6e33) x28 0xffffffff
core   0: 0x80008790 (0xffd90913) addi    s2, s2, -3
core   0: 3 0x80008790 (0xffd90913) x18 0x00000004
core   0: 0x80008794 (0xb54f1617) auipc   a2, 0xb54f1
core   0: 3 0x80008794 (0xb54f1617) x12 0x354f9794
core   0: 0x80008798 (0x03cab633) mulhu   a2, s5, t3
core   0: 3 0x80008798 (0x03cab633) x12 0xffffffeb
core   0: 0x8000879c (0x01d03ab3) snez    s5, t4
core   0: 3 0x8000879c (0x01d03ab3) x21 0x00000001
core   0: 0x800087a0 (0x03211833) mulh    a6, sp, s2
core   0: 3 0x800087a0 (0x03211833) x16 0xffffffff
core   0: 0x800087a4 (0x0176d033) srl     zero, a3, s7
core   0: 3 0x800087a4 (0x0176d033)
core   0: 0x800087a8 (0x01644cb3) xor     s9, s0, s6
core   0: 3 0x800087a8 (0x01644cb3) x25 0x7ffda1d3
core   0: 0x800087ac (0xfcd97ee3) bgeu    s2, a3, pc - 36
core   0: 3 0x800087ac (0xfcd97ee3)
core   0: 0x800087b0 (0xa6f4a593) slti    a1, s1, -1425
core   0: 3 0x800087b0 (0xa6f4a593) x11 0x00000000
core   0: 0x800087b4 (0x00a00593) li      a1, 10
core   0: 3 0x800087b4 (0x00a00593) x11 0x0000000a
core   0: 0x800087b8 (0x00a00913) li      s2, 10
core   0: 3 0x800087b8 (0x00a00913) x18 0x0000000a
core   0: 0x800087bc (0x00d43f33) sltu    t5, s0, a3
core   0: 3 0x800087bc (0x00d43f33) x30 0x00000000
core   0: 0x800087c0 (0x0034bcb3) sltu    s9, s1, gp
core   0: 3 0x800087c0 (0x0034bcb3) x25 0x00000001
core   0: 0x800087c4 (0xff758593) addi    a1, a1, -9
core   0: 3 0x800087c4 (0xff758593) x11 0x00000001
core   0: 0x800087c8 (0x00a00493) li      s1, 10
core   0: 3 0x800087c8 (0x00a00493) x 9 0x0000000a
core   0: 0x800087cc (0x00a00b93) li      s7, 10
core   0: 3 0x800087cc (0x00a00b93) x23 0x0000000a
core   0: 0x800087d0 (0x38318513) addi    a0, gp, 899
core   0: 3 0x800087d0 (0x38318513) x10 0xeb14de43
core   0: 0x800087d4 (0xff748493) addi    s1, s1, -9
core   0: 3 0x800087d4 (0xff748493) x 9 0x00000001
core   0: 0x800087d8 (0xff74fce3) bgeu    s1, s7, pc - 8
core   0: 3 0x800087d8 (0xff74fce3)
core   0: 0x800087dc (0xff25f2e3) bgeu    a1, s2, pc - 28
core   0: 3 0x800087dc (0xff25f2e3)
core   0: 0x800087e0 (0x004252b3) srl     t0, tp, tp
core   0: 3 0x800087e0 (0x004252b3) x 5 0x00000000
core   0: 0x800087e4 (0x00100413) li      s0, 1
core   0: 3 0x800087e4 (0x00100413) x 8 0x00000001
core   0: 0x800087e8 (0x00800293) li      t0, 8
core   0: 3 0x800087e8 (0x00800293) x 5 0x00000008
core   0: 0x800087ec (0x02e351b3) divu    gp, t1, a4
core   0: 3 0x800087ec (0x02e351b3) x 3 0x00000001
core   0: 0x800087f0 (0x00840413) addi    s0, s0, 8
core   0: 3 0x800087f0 (0x00840413) x 8 0x00000009
core   0: 0x800087f4 (0xfe546ce3) bltu    s0, t0, pc - 8
core   0: 3 0x800087f4 (0xfe546ce3)
core   0: 0x800087f8 (0xfe24b493) sltiu   s1, s1, -30
core   0: 3 0x800087f8 (0xfe24b493) x 9 0x00000001
core   0: 0x800087fc (0xff800313) li      t1, -8
core   0: 3 0x800087fc (0xff800313) x 6 0xfffffff8
core   0: 0x80008800 (0x029fc0b3) div     ra, t6, s1
core   0: 3 0x80008800 (0x029fc0b3) x 1 0x00000000
core   0: 0x80008804 (0x2b2965b7) lui     a1, 0x2b296
core   0: 3 0x80008804 (0x2b2965b7) x11 0x2b296000
core   0: 0x80008808 (0x026a53b3) divu    t2, s4, t1
core   0: 3 0x80008808 (0x026a53b3) x 7 0x00000000
core   0: 0x8000880c (0x00cad093) srli    ra, s5, 12
core   0: 3 0x8000880c (0x00cad093) x 1 0x00000000
core   0: 0x80008810 (0xa3c9e193) ori     gp, s3, -1476
core   0: 3 0x80008810 (0xa3c9e193) x 3 0xfffffa3c
core   0: 0x80008814 (0x40978d33) sub     s10, a5, s1
core   0: 3 0x80008814 (0x40978d33) x26 0x00000000
core   0: 0x80008818 (0x00a411b3) sll     gp, s0, a0
core   0: 3 0x80008818 (0x00a411b3) x 3 0x00000048
core   0: 0x8000881c (0x01db66b3) or      a3, s6, t4
core   0: 3 0x8000881c (0x01db66b3) x13 0x8002df6d
core   0: 0x80008820 (0x01100893) li      a7, 17
core   0: 3 0x80008820 (0x01100893) x17 0x00000011
core   0: 0x80008824 (0x036befb3) rem     t6, s7, s6
core   0: 3 0x80008824 (0x036befb3) x31 0x0000000a
core   0: 0x80008828 (0x4042df33) sra     t5, t0, tp
core   0: 3 0x80008828 (0x4042df33) x30 0x00000004
core   0: 0x8000882c (0x22a202b7) lui     t0, 0x22a20
core   0: 3 0x8000882c (0x22a202b7) x 5 0x22a20000
core   0: 0x80008830 (0x00000013) nop
core   0: 3 0x80008830 (0x00000013)
core   0: 0x80008834 (0x00130313) addi    t1, t1, 1
core   0: 3 0x80008834 (0x00130313) x 6 0xfffffff9
core   0: 0x80008838 (0xf2ea4493) xori    s1, s4, -210
core   0: 3 0x80008838 (0xf2ea4493) x 9 0xffffff2e
core   0: 0x8000883c (0x0377c933) div     s2, a5, s7
core   0: 3 0x8000883c (0x0377c933) x18 0x00000000
core   0: 0x80008840 (0x020b46b3) div     a3, s6, zero
core   0: 3 0x80008840 (0x020b46b3) x13 0xffffffff
core   0: 0x80008844 (0x0024f133) and     sp, s1, sp
core   0: 3 0x80008844 (0x0024f133) x 2 0xfffffe00
core   0: 0x80008848 (0x004f75b3) and     a1, t5, tp
core   0: 3 0x80008848 (0x004f75b3) x11 0x00000000
core   0: 0x8000884c (0x50156d13) ori     s10, a0, 1281
core   0: 3 0x8000884c (0x50156d13) x26 0xeb14df43
core   0: 0x80008850 (0x022fd933) divu    s2, t6, sp
core   0: 3 0x80008850 (0x022fd933) x18 0x00000000
core   0: 0x80008854 (0x415d0ab3) sub     s5, s10, s5
core   0: 3 0x80008854 (0x415d0ab3) x21 0xeb14df42
core   0: 0x80008858 (0x0374f6b3) remu    a3, s1, s7
core   0: 3 0x80008858 (0x0374f6b3) x13 0x00000006
core   0: 0x8000885c (0x024689b3) mul     s3, a3, tp
core   0: 3 0x8000885c (0x024689b3) x19 0x00000006
core   0: 0x80008860 (0x00bc69b3) or      s3, s8, a1
core   0: 3 0x80008860 (0x00bc69b3) x19 0x37ead000
core   0: 0x80008864 (0xfd1306e3) beq     t1, a7, pc - 52
core   0: 3 0x80008864 (0xfd1306e3)
core   0: 0x80008868 (0x0275d3b3) divu    t2, a1, t2
core   0: 3 0x80008868 (0x0275d3b3) x 7 0xffffffff
core   0: 0x8000886c (0x00200593) li      a1, 2
core   0: 3 0x8000886c (0x00200593) x11 0x00000002
core   0: 0x80008870 (0xff000113) li      sp, -16
core   0: 3 0x80008870 (0xff000113) x 2 0xfffffff0
core   0: 0x80008874 (0x0228ee33) rem     t3, a7, sp
core   0: 3 0x80008874 (0x0228ee33) x28 0x00000001
core   0: 0x80008878 (0x03be3f33) mulhu   t5, t3, s11
core   0: 3 0x80008878 (0x03be3f33) x30 0x00000000
core   0: 0x8000887c (0xfff58593) addi    a1, a1, -1
core   0: 3 0x8000887c (0xfff58593) x11 0x00000001
core   0: 0x80008880 (0x033b2033) mulhsu  zero, s6, s3
core   0: 3 0x80008880 (0x033b2033)
core   0: 0x80008884 (0xfe258ae3) beq     a1, sp, pc - 12
core   0: 3 0x80008884 (0xfe258ae3)
core   0: 0x80008888 (0x005407b3) add     a5, s0, t0
core   0: 3 0x80008888 (0x005407b3) x15 0x22a20009
core   0: 0x8000888c (0x00a00e93) li      t4, 10
core   0: 3 0x8000888c (0x00a00e93) x29 0x0000000a
core   0: 0x80008890 (0x0261ef13) ori     t5, gp, 38
core   0: 3 0x80008890 (0x0261ef13) x30 0x0000006e
core   0: 0x80008894 (0x4060da93) srai    s5, ra, 6
core   0: 3 0x80008894 (0x4060da93) x21 0x00000000
core   0: 0x80008898 (0x023f5a33) divu    s4, t5, gp
core   0: 3 0x80008898 (0x023f5a33) x20 0x00000001
core   0: 0x8000889c (0x419986b3) sub     a3, s3, s9
core   0: 3 0x8000889c (0x419986b3) x13 0x37eacfff
core   0: 0x800088a0 (0x024682b3) mul     t0, a3, tp
core   0: 3 0x800088a0 (0x024682b3) x 5 0x37eacfff
core   0: 0x800088a4 (0x16a0bf13) sltiu   t5, ra, 362
core   0: 3 0x800088a4 (0x16a0bf13) x30 0x00000001
core   0: 0x800088a8 (0x00a00913) li      s2, 10
core   0: 3 0x800088a8 (0x00a00913) x18 0x0000000a
core   0: 0x800088ac (0x01c93833) sltu    a6, s2, t3
core   0: 3 0x800088ac (0x01c93833) x16 0x00000000
core   0: 0x800088b0 (0xab5f7117) auipc   sp, 0xab5f7
core   0: 3 0x800088b0 (0xab5f7117) x 2 0x2b5ff8b0
core   0: 0x800088b4 (0x00aca9b3) slt     s3, s9, a0
core   0: 3 0x800088b4 (0x00aca9b3) x19 0x00000000
core   0: 0x800088b8 (0x73c2b613) sltiu   a2, t0, 1852
core   0: 3 0x800088b8 (0x73c2b613) x12 0x00000000
core   0: 0x800088bc (0xff7e8e93) addi    t4, t4, -9
core   0: 3 0x800088bc (0xff7e8e93) x29 0x00000001
core   0: 0x800088c0 (0x0165ffb3) and     t6, a1, s6
core   0: 3 0x800088c0 (0x0165ffb3) x31 0x00000000
core   0: 0x800088c4 (0x0503c293) xori    t0, t2, 80
core   0: 3 0x800088c4 (0x0503c293) x 5 0xffffffaf
core   0: 0x800088c8 (0xff2ef2e3) bgeu    t4, s2, pc - 28
core   0: 3 0x800088c8 (0xff2ef2e3)
core   0: 0x800088cc (0x0178ac33) slt     s8, a7, s7
core   0: 3 0x800088cc (0x0178ac33) x24 0x00000000
core   0: 0x800088d0 (0x00700413) li      s0, 7
core   0: 3 0x800088d0 (0x00700413) x 8 0x00000007
core   0: 0x800088d4 (0x035fb5b3) mulhu   a1, t6, s5
core   0: 3 0x800088d4 (0x035fb5b3) x11 0x00000000
core   0: 0x800088d8 (0x00000013) nop
core   0: 3 0x800088d8 (0x00000013)
core   0: 0x800088dc (0x01cc8033) add     zero, s9, t3
core   0: 3 0x800088dc (0x01cc8033)
core   0: 0x800088e0 (0x0031d0b3) srl     ra, gp, gp
core   0: 3 0x800088e0 (0x0031d0b3) x 1 0x00000000
core   0: 0x800088e4 (0x01102ab3) slt     s5, zero, a7
core   0: 3 0x800088e4 (0x01102ab3) x21 0x00000001
core   0: 0x800088e8 (0x02adacb3) mulhsu  s9, s11, a0
core   0: 3 0x800088e8 (0x02adacb3) x25 0x8a77f71a
core   0: 0x800088ec (0x4099d4b3) sra     s1, s3, s1
core   0: 3 0x800088ec (0x4099d4b3) x 9 0x00000000
core   0: 0x800088f0 (0x00000013) nop
core   0: 3 0x800088f0 (0x00000013)
core   0: 0x800088f4 (0x00100893) li      a7, 1
core   0: 3 0x800088f4 (0x00100893) x17 0x00000001
core   0: 0x800088f8 (0x1c98fc13) andi    s8, a7, 457
core   0: 3 0x800088f8 (0x1c98fc13) x24 0x00000001
core   0: 0x800088fc (0x4084d833) sra     a6, s1, s0
core   0: 3 0x800088fc (0x4084d833) x16 0x00000000
core   0: 0x80008900 (0xffd40413) addi    s0, s0, -3
core   0: 3 0x80008900 (0xffd40413) x 8 0x00000004
core   0: 0x80008904 (0x0069df33) srl     t5, s3, t1
core   0: 3 0x80008904 (0x0069df33) x30 0x00000000
core   0: 0x80008908 (0x01847933) and     s2, s0, s8
core   0: 3 0x80008908 (0x01847933) x18 0x00000000
core   0: 0x8000890c (0xff600393) li      t2, -10
core   0: 3 0x8000890c (0xff600393) x 7 0xfffffff6
core   0: 0x80008910 (0x006a4eb3) xor     t4, s4, t1
core   0: 3 0x80008910 (0x006a4eb3) x29 0xfffffff8
core   0: 0x80008914 (0x00500e13) li      t3, 5
core   0: 3 0x80008914 (0x00500e13) x28 0x00000005
core   0: 0x80008918 (0x41a0d913) srai    s2, ra, 26
core   0: 3 0x80008918 (0x41a0d913) x18 0x00000000
core   0: 0x8000891c (0x63aa4993) xori    s3, s4, 1594
core   0: 3 0x8000891c (0x63aa4993) x19 0x0000063b
core   0: 0x80008920 (0x02ec3833) mulhu   a6, s8, a4
core   0: 3 0x80008920 (0x02ec3833) x16 0x00000000
core   0: 0x80008924 (0x02e0f633) remu    a2, ra, a4
core   0: 3 0x80008924 (0x02e0f633) x12 0x00000000
core   0: 0x80008928 (0x00938393) addi    t2, t2, 9
core   0: 3 0x80008928 (0x00938393) x 7 0xffffffff
core   0: 0x8000892c (0x03d079b3) remu    s3, zero, t4
core   0: 3 0x8000892c (0x03d079b3) x19 0x00000000
core   0: 0x80008930 (0x58637993) andi    s3, t1, 1414
core   0: 3 0x80008930 (0x58637993) x19 0x00000580
core   0: 0x80008934 (0x281db513) sltiu   a0, s11, 641
core   0: 3 0x80008934 (0x281db513) x10 0x00000000
core   0: 0x80008938 (0xffc3e2e3) bltu    t2, t3, pc - 28
core   0: 3 0x80008938 (0xffc3e2e3)
core   0: 0x8000893c (0x41400f33) sub     t5, zero, s4
core   0: 3 0x8000893c (0x41400f33) x30 0xffffffff
core   0: 0x80008940 (0x004ceab3) or      s5, s9, tp
core   0: 3 0x80008940 (0x004ceab3) x21 0x8a77f71b
core   0: 0x80008944 (0xfb141ae3) bne     s0, a7, pc - 76
core   0: 3 0x80008944 (0xfb141ae3)
core   0: 0x800088f8 (0x1c98fc13) andi    s8, a7, 457
core   0: 3 0x800088f8 (0x1c98fc13) x24 0x00000001
core   0: 0x800088fc (0x4084d833) sra     a6, s1, s0
core   0: 3 0x800088fc (0x4084d833) x16 0x00000000
core   0: 0x80008900 (0xffd40413) addi    s0, s0, -3
core   0: 3 0x80008900 (0xffd40413) x 8 0x00000001
core   0: 0x80008904 (0x0069df33) srl     t5, s3, t1
core   0: 3 0x80008904 (0x0069df33) x30 0x00000000
core   0: 0x80008908 (0x01847933) and     s2, s0, s8
core   0: 3 0x80008908 (0x01847933) x18 0x00000001
core   0: 0x8000890c (0xff600393) li      t2, -10
core   0: 3 0x8000890c (0xff600393) x 7 0xfffffff6
core   0: 0x80008910 (0x006a4eb3) xor     t4, s4, t1
core   0: 3 0x80008910 (0x006a4eb3) x29 0xfffffff8
core   0: 0x80008914 (0x00500e13) li      t3, 5
core   0: 3 0x80008914 (0x00500e13) x28 0x00000005
core   0: 0x80008918 (0x41a0d913) srai    s2, ra, 26
core   0: 3 0x80008918 (0x41a0d913) x18 0x00000000
core   0: 0x8000891c (0x63aa4993) xori    s3, s4, 1594
core   0: 3 0x8000891c (0x63aa4993) x19 0x0000063b
core   0: 0x80008920 (0x02ec3833) mulhu   a6, s8, a4
core   0: 3 0x80008920 (0x02ec3833) x16 0x00000000
core   0: 0x80008924 (0x02e0f633) remu    a2, ra, a4
core   0: 3 0x80008924 (0x02e0f633) x12 0x00000000
core   0: 0x80008928 (0x00938393) addi    t2, t2, 9
core   0: 3 0x80008928 (0x00938393) x 7 0xffffffff
core   0: 0x8000892c (0x03d079b3) remu    s3, zero, t4
core   0: 3 0x8000892c (0x03d079b3) x19 0x00000000
core   0: 0x80008930 (0x58637993) andi    s3, t1, 1414
core   0: 3 0x80008930 (0x58637993) x19 0x00000580
core   0: 0x80008934 (0x281db513) sltiu   a0, s11, 641
core   0: 3 0x80008934 (0x281db513) x10 0x00000000
core   0: 0x80008938 (0xffc3e2e3) bltu    t2, t3, pc - 28
core   0: 3 0x80008938 (0xffc3e2e3)
core   0: 0x8000893c (0x41400f33) sub     t5, zero, s4
core   0: 3 0x8000893c (0x41400f33) x30 0xffffffff
core   0: 0x80008940 (0x004ceab3) or      s5, s9, tp
core   0: 3 0x80008940 (0x004ceab3) x21 0x8a77f71b
core   0: 0x80008944 (0xfb141ae3) bne     s0, a7, pc - 76
core   0: 3 0x80008944 (0xfb141ae3)
core   0: 0x80008948 (0x41430633) sub     a2, t1, s4
core   0: 3 0x80008948 (0x41430633) x12 0xfffffff8
core   0: 0x8000894c (0x00600193) li      gp, 6
core   0: 3 0x8000894c (0x00600193) x 3 0x00000006
core   0: 0x80008950 (0xffe00813) li      a6, -2
core   0: 3 0x80008950 (0xffe00813) x16 0xfffffffe
core   0: 0x80008954 (0x029bb233) mulhu   tp, s7, s1
core   0: 3 0x80008954 (0x029bb233) x 4 0x00000000
core   0: 0x80008958 (0xff818193) addi    gp, gp, -8
core   0: 3 0x80008958 (0xff818193) x 3 0xfffffffe
core   0: 0x8000895c (0xff018ce3) beq     gp, a6, pc - 8
core   0: 3 0x8000895c (0xff018ce3)
core   0: 0x80008954 (0x029bb233) mulhu   tp, s7, s1
core   0: 3 0x80008954 (0x029bb233) x 4 0x00000000
core   0: 0x80008958 (0xff818193) addi    gp, gp, -8
core   0: 3 0x80008958 (0xff818193) x 3 0xfffffff6
core   0: 0x8000895c (0xff018ce3) beq     gp, a6, pc - 8
core   0: 3 0x8000895c (0xff018ce3)
core   0: 0x80008960 (0x0474ce13) xori    t3, s1, 71
core   0: 3 0x80008960 (0x0474ce13) x28 0x00000047
core   0: 0x80008964 (0x00300a13) li      s4, 3
core   0: 3 0x80008964 (0x00300a13) x20 0x00000003
core   0: 0x80008968 (0x41685e93) srai    t4, a6, 22
core   0: 3 0x80008968 (0x41685e93) x29 0xffffffff
core   0: 0x8000896c (0x75bc8e13) addi    t3, s9, 1883
core   0: 3 0x8000896c (0x75bc8e13) x28 0x8a77fe75
core   0: 0x80008970 (0x40fc8833) sub     a6, s9, a5
core   0: 3 0x80008970 (0x40fc8833) x16 0x67d5f711
core   0: 0x80008974 (0x0172dab3) srl     s5, t0, s7
core   0: 3 0x80008974 (0x0172dab3) x21 0x003fffff
core   0: 0x80008978 (0xff100f93) li      t6, -15
core   0: 3 0x80008978 (0xff100f93) x31 0xfffffff1
core   0: 0x8000897c (0x41ebd6b3) sra     a3, s7, t5
core   0: 3 0x8000897c (0x41ebd6b3) x13 0x00000000
core   0: 0x80008980 (0x02a36133) rem     sp, t1, a0
core   0: 3 0x80008980 (0x02a36133) x 2 0xfffffff9
core   0: 0x80008984 (0x414f5e13) srai    t3, t5, 20
core   0: 3 0x80008984 (0x414f5e13) x28 0xffffffff
core   0: 0x80008988 (0x03e90d33) mul     s10, s2, t5
core   0: 3 0x80008988 (0x03e90d33) x26 0x00000000
core   0: 0x8000898c (0x0405bb93) sltiu   s7, a1, 64
core   0: 3 0x8000898c (0x0405bb93) x23 0x00000001
core   0: 0x80008990 (0x009c14b3) sll     s1, s8, s1
core   0: 3 0x80008990 (0x009c14b3) x 9 0x00000001
core   0: 0x80008994 (0x017b9133) sll     sp, s7, s7
core   0: 3 0x80008994 (0x017b9133) x 2 0x00000002
core   0: 0x80008998 (0x9e1312b7) lui     t0, 0x9e131
core   0: 3 0x80008998 (0x9e1312b7) x 5 0x9e131000
core   0: 0x8000899c (0x9f59e693) ori     a3, s3, -1547
core   0: 3 0x8000899c (0x9f59e693) x13 0xfffffdf5
core   0: 0x800089a0 (0x00344eb3) xor     t4, s0, gp
core   0: 3 0x800089a0 (0x00344eb3) x29 0xfffffff7
core   0: 0x800089a4 (0xa69fbe93) sltiu   t4, t6, -1431
core   0: 3 0x800089a4 (0xa69fbe93) x29 0x00000000
core   0: 0x800089a8 (0xffaa0a13) addi    s4, s4, -6
core   0: 3 0x800089a8 (0xffaa0a13) x20 0xfffffffd
core   0: 0x800089ac (0x59f4f413) andi    s0, s1, 1439
core   0: 3 0x800089ac (0x59f4f413) x 8 0x00000001
core   0: 0x800089b0 (0x00000513) li      a0, 0
core   0: 3 0x800089b0 (0x00000513) x10 0x00000000
core   0: 0x800089b4 (0x031fd2b3) divu    t0, t6, a7
core   0: 3 0x800089b4 (0x031fd2b3) x 5 0xfffffff1
core   0: 0x800089b8 (0xff200c93) li      s9, -14
core   0: 3 0x800089b8 (0xff200c93) x25 0xfffffff2
core   0: 0x800089bc (0x41e8db93) srai    s7, a7, 30
core   0: 3 0x800089bc (0x41e8db93) x23 0x00000000
core   0: 0x800089c0 (0x03a81833) mulh    a6, a6, s10
core   0: 3 0x800089c0 (0x03a81833) x16 0x00000000
core   0: 0x800089c4 (0x02034bb3) div     s7, t1, zero
core   0: 3 0x800089c4 (0x02034bb3) x23 0xffffffff
core   0: 0x800089c8 (0x00add993) srli    s3, s11, 10
core   0: 3 0x800089c8 (0x00add993) x19 0x002000a7
core   0: 0x800089cc (0x02f9a4b3) mulhsu  s1, s3, a5
core   0: 3 0x800089cc (0x02f9a4b3) x 9 0x00045456
core   0: 0x800089d0 (0xff650513) addi    a0, a0, -10
core   0: 3 0x800089d0 (0xff650513) x10 0xfffffff6
core   0: 0x800089d4 (0xff9556e3) bge     a0, s9, pc - 20
core   0: 3 0x800089d4 (0xff9556e3)
core   0: 0x800089c0 (0x03a81833) mulh    a6, a6, s10
core   0: 3 0x800089c0 (0x03a81833) x16 0x00000000
core   0: 0x800089c4 (0x02034bb3) div     s7, t1, zero
core   0: 3 0x800089c4 (0x02034bb3) x23 0xffffffff
core   0: 0x800089c8 (0x00add993) srli    s3, s11, 10
core   0: 3 0x800089c8 (0x00add993) x19 0x002000a7
core   0: 0x800089cc (0x02f9a4b3) mulhsu  s1, s3, a5
core   0: 3 0x800089cc (0x02f9a4b3) x 9 0x00045456
core   0: 0x800089d0 (0xff650513) addi    a0, a0, -10
core   0: 3 0x800089d0 (0xff650513) x10 0xffffffec
core   0: 0x800089d4 (0xff9556e3) bge     a0, s9, pc - 20
core   0: 3 0x800089d4 (0xff9556e3)
core   0: 0x800089d8 (0x03dc37b3) mulhu   a5, s8, t4
core   0: 3 0x800089d8 (0x03dc37b3) x15 0x00000000
core   0: 0x800089dc (0x027580b3) mul     ra, a1, t2
core   0: 3 0x800089dc (0x027580b3) x 1 0x00000000
core   0: 0x800089e0 (0xfdfa00e3) beq     s4, t6, pc - 64
core   0: 3 0x800089e0 (0xfdfa00e3)
core   0: 0x800089e4 (0x0278f433) remu    s0, a7, t2
core   0: 3 0x800089e4 (0x0278f433) x 8 0x00000001
core   0: 0x800089e8 (0x00200d13) li      s10, 2
core   0: 3 0x800089e8 (0x00200d13) x26 0x00000002
core   0: 0x800089ec (0x83ad6c93) ori     s9, s10, -1990
core   0: 3 0x800089ec (0x83ad6c93) x25 0xfffff83a
core   0: 0x800089f0 (0xff600593) li      a1, -10
core   0: 3 0x800089f0 (0xff600593) x11 0xfffffff6
core   0: 0x800089f4 (0x00000013) nop
core   0: 3 0x800089f4 (0x00000013)
core   0: 0x800089f8 (0x00000013) nop
core   0: 3 0x800089f8 (0x00000013)
core   0: 0x800089fc (0x004ca533) slt     a0, s9, tp
core   0: 3 0x800089fc (0x004ca533) x10 0x00000001
core   0: 0x80008a00 (0x01436333) or      t1, t1, s4
core   0: 3 0x80008a00 (0x01436333) x 6 0xfffffffd
core   0: 0x80008a04 (0x02918233) mul     tp, gp, s1
core   0: 3 0x80008a04 (0x02918233) x 4 0xffd4b4a4
core   0: 0x80008a08 (0xffcd0d13) addi    s10, s10, -4
core   0: 3 0x80008a08 (0xffcd0d13) x26 0xfffffffe
core   0: 0x80008a0c (0x00300a93) li      s5, 3
core   0: 3 0x80008a0c (0x00300a93) x21 0x00000003
core   0: 0x80008a10 (0x037de2b3) rem     t0, s11, s7
core   0: 3 0x80008a10 (0x037de2b3) x 5 0x00000000
core   0: 0x80008a14 (0x00711e33) sll     t3, sp, t2
core   0: 3 0x80008a14 (0x00711e33) x28 0x00000000
core   0: 0x80008a18 (0x022d9e33) mulh    t3, s11, sp
core   0: 3 0x80008a18 (0x022d9e33) x28 0xffffffff
core   0: 0x80008a1c (0xff900b93) li      s7, -7
core   0: 3 0x80008a1c (0xff900b93) x23 0xfffffff9
core   0: 0x80008a20 (0xdf26b8b7) lui     a7, 0xdf26b
core   0: 3 0x80008a20 (0xdf26b8b7) x17 0xdf26b000
core   0: 0x80008a24 (0x69f52c13) slti    s8, a0, 1695
core   0: 3 0x80008a24 (0x69f52c13) x24 0x00000001
core   0: 0x80008a28 (0x03a092b3) mulh    t0, ra, s10
core   0: 3 0x80008a28 (0x03a092b3) x 5 0x00000000
core   0: 0x80008a2c (0x00245533) srl     a0, s0, sp
core   0: 3 0x80008a2c (0x00245533) x10 0x00000000
core   0: 0x80008a30 (0xff7a8a93) addi    s5, s5, -9
core   0: 3 0x80008a30 (0xff7a8a93) x21 0xfffffffa
core   0: 0x80008a34 (0x41b8df33) sra     t5, a7, s11
core   0: 3 0x80008a34 (0x41b8df33) x30 0xfdf26b00
core   0: 0x80008a38 (0xff7ad6e3) bge     s5, s7, pc - 20
core   0: 3 0x80008a38 (0xff7ad6e3)
core   0: 0x80008a24 (0x69f52c13) slti    s8, a0, 1695
core   0: 3 0x80008a24 (0x69f52c13) x24 0x00000001
core   0: 0x80008a28 (0x03a092b3) mulh    t0, ra, s10
core   0: 3 0x80008a28 (0x03a092b3) x 5 0x00000000
core   0: 0x80008a2c (0x00245533) srl     a0, s0, sp
core   0: 3 0x80008a2c (0x00245533) x10 0x00000000
core   0: 0x80008a30 (0xff7a8a93) addi    s5, s5, -9
core   0: 3 0x80008a30 (0xff7a8a93) x21 0xfffffff1
core   0: 0x80008a34 (0x41b8df33) sra     t5, a7, s11
core   0: 3 0x80008a34 (0x41b8df33) x30 0xfdf26b00
core   0: 0x80008a38 (0xff7ad6e3) bge     s5, s7, pc - 20
core   0: 3 0x80008a38 (0xff7ad6e3)
core   0: 0x80008a3c (0x001406b3) add     a3, s0, ra
core   0: 3 0x80008a3c (0x001406b3) x13 0x00000001
core   0: 0x80008a40 (0x008940b3) xor     ra, s2, s0
core   0: 3 0x80008a40 (0x008940b3) x 1 0x00000001
core   0: 0x80008a44 (0xfabd1ae3) bne     s10, a1, pc - 76
core   0: 3 0x80008a44 (0xfabd1ae3)
core   0: 0x800089f8 (0x00000013) nop
core   0: 3 0x800089f8 (0x00000013)
core   0: 0x800089fc (0x004ca533) slt     a0, s9, tp
core   0: 3 0x800089fc (0x004ca533) x10 0x00000000
core   0: 0x80008a00 (0x01436333) or      t1, t1, s4
core   0: 3 0x80008a00 (0x01436333) x 6 0xfffffffd
core   0: 0x80008a04 (0x02918233) mul     tp, gp, s1
core   0: 3 0x80008a04 (0x02918233) x 4 0xffd4b4a4
core   0: 0x80008a08 (0xffcd0d13) addi    s10, s10, -4
core   0: 3 0x80008a08 (0xffcd0d13) x26 0xfffffffa
core   0: 0x80008a0c (0x00300a93) li      s5, 3
core   0: 3 0x80008a0c (0x00300a93) x21 0x00000003
core   0: 0x80008a10 (0x037de2b3) rem     t0, s11, s7
core   0: 3 0x80008a10 (0x037de2b3) x 5 0x00000000
core   0: 0x80008a14 (0x00711e33) sll     t3, sp, t2
core   0: 3 0x80008a14 (0x00711e33) x28 0x00000000
core   0: 0x80008a18 (0x022d9e33) mulh    t3, s11, sp
core   0: 3 0x80008a18 (0x022d9e33) x28 0xffffffff
core   0: 0x80008a1c (0xff900b93) li      s7, -7
core   0: 3 0x80008a1c (0xff900b93) x23 0xfffffff9
core   0: 0x80008a20 (0xdf26b8b7) lui     a7, 0xdf26b
core   0: 3 0x80008a20 (0xdf26b8b7) x17 0xdf26b000
core   0: 0x80008a24 (0x69f52c13) slti    s8, a0, 1695
core   0: 3 0x80008a24 (0x69f52c13) x24 0x00000001
core   0: 0x80008a28 (0x03a092b3) mulh    t0, ra, s10
core   0: 3 0x80008a28 (0x03a092b3) x 5 0xffffffff
core   0: 0x80008a2c (0x00245533) srl     a0, s0, sp
core   0: 3 0x80008a2c (0x00245533) x10 0x00000000
core   0: 0x80008a30 (0xff7a8a93) addi    s5, s5, -9
core   0: 3 0x80008a30 (0xff7a8a93) x21 0xfffffffa
core   0: 0x80008a34 (0x41b8df33) sra     t5, a7, s11
core   0: 3 0x80008a34 (0x41b8df33) x30 0xfdf26b00
core   0: 0x80008a38 (0xff7ad6e3) bge     s5, s7, pc - 20
core   0: 3 0x80008a38 (0xff7ad6e3)
core   0: 0x80008a24 (0x69f52c13) slti    s8, a0, 1695
core   0: 3 0x80008a24 (0x69f52c13) x24 0x00000001
core   0: 0x80008a28 (0x03a092b3) mulh    t0, ra, s10
core   0: 3 0x80008a28 (0x03a092b3) x 5 0xffffffff
core   0: 0x80008a2c (0x00245533) srl     a0, s0, sp
core   0: 3 0x80008a2c (0x00245533) x10 0x00000000
core   0: 0x80008a30 (0xff7a8a93) addi    s5, s5, -9
core   0: 3 0x80008a30 (0xff7a8a93) x21 0xfffffff1
core   0: 0x80008a34 (0x41b8df33) sra     t5, a7, s11
core   0: 3 0x80008a34 (0x41b8df33) x30 0xfdf26b00
core   0: 0x80008a38 (0xff7ad6e3) bge     s5, s7, pc - 20
core   0: 3 0x80008a38 (0xff7ad6e3)
core   0: 0x80008a3c (0x001406b3) add     a3, s0, ra
core   0: 3 0x80008a3c (0x001406b3) x13 0x00000002
core   0: 0x80008a40 (0x008940b3) xor     ra, s2, s0
core   0: 3 0x80008a40 (0x008940b3) x 1 0x00000001
core   0: 0x80008a44 (0xfabd1ae3) bne     s10, a1, pc - 76
core   0: 3 0x80008a44 (0xfabd1ae3)
core   0: 0x800089f8 (0x00000013) nop
core   0: 3 0x800089f8 (0x00000013)
core   0: 0x800089fc (0x004ca533) slt     a0, s9, tp
core   0: 3 0x800089fc (0x004ca533) x10 0x00000000
core   0: 0x80008a00 (0x01436333) or      t1, t1, s4
core   0: 3 0x80008a00 (0x01436333) x 6 0xfffffffd
core   0: 0x80008a04 (0x02918233) mul     tp, gp, s1
core   0: 3 0x80008a04 (0x02918233) x 4 0xffd4b4a4
core   0: 0x80008a08 (0xffcd0d13) addi    s10, s10, -4
core   0: 3 0x80008a08 (0xffcd0d13) x26 0xfffffff6
core   0: 0x80008a0c (0x00300a93) li      s5, 3
core   0: 3 0x80008a0c (0x00300a93) x21 0x00000003
core   0: 0x80008a10 (0x037de2b3) rem     t0, s11, s7
core   0: 3 0x80008a10 (0x037de2b3) x 5 0x00000000
core   0: 0x80008a14 (0x00711e33) sll     t3, sp, t2
core   0: 3 0x80008a14 (0x00711e33) x28 0x00000000
core   0: 0x80008a18 (0x022d9e33) mulh    t3, s11, sp
core   0: 3 0x80008a18 (0x022d9e33) x28 0xffffffff
core   0: 0x80008a1c (0xff900b93) li      s7, -7
core   0: 3 0x80008a1c (0xff900b93) x23 0xfffffff9
core   0: 0x80008a20 (0xdf26b8b7) lui     a7, 0xdf26b
core   0: 3 0x80008a20 (0xdf26b8b7) x17 0xdf26b000
core   0: 0x80008a24 (0x69f52c13) slti    s8, a0, 1695
core   0: 3 0x80008a24 (0x69f52c13) x24 0x00000001
core   0: 0x80008a28 (0x03a092b3) mulh    t0, ra, s10
core   0: 3 0x80008a28 (0x03a092b3) x 5 0xffffffff
core   0: 0x80008a2c (0x00245533) srl     a0, s0, sp
core   0: 3 0x80008a2c (0x00245533) x10 0x00000000
core   0: 0x80008a30 (0xff7a8a93) addi    s5, s5, -9
core   0: 3 0x80008a30 (0xff7a8a93) x21 0xfffffffa
core   0: 0x80008a34 (0x41b8df33) sra     t5, a7, s11
core   0: 3 0x80008a34 (0x41b8df33) x30 0xfdf26b00
core   0: 0x80008a38 (0xff7ad6e3) bge     s5, s7, pc - 20
core   0: 3 0x80008a38 (0xff7ad6e3)
core   0: 0x80008a24 (0x69f52c13) slti    s8, a0, 1695
core   0: 3 0x80008a24 (0x69f52c13) x24 0x00000001
core   0: 0x80008a28 (0x03a092b3) mulh    t0, ra, s10
core   0: 3 0x80008a28 (0x03a092b3) x 5 0xffffffff
core   0: 0x80008a2c (0x00245533) srl     a0, s0, sp
core   0: 3 0x80008a2c (0x00245533) x10 0x00000000
core   0: 0x80008a30 (0xff7a8a93) addi    s5, s5, -9
core   0: 3 0x80008a30 (0xff7a8a93) x21 0xfffffff1
core   0: 0x80008a34 (0x41b8df33) sra     t5, a7, s11
core   0: 3 0x80008a34 (0x41b8df33) x30 0xfdf26b00
core   0: 0x80008a38 (0xff7ad6e3) bge     s5, s7, pc - 20
core   0: 3 0x80008a38 (0xff7ad6e3)
core   0: 0x80008a3c (0x001406b3) add     a3, s0, ra
core   0: 3 0x80008a3c (0x001406b3) x13 0x00000002
core   0: 0x80008a40 (0x008940b3) xor     ra, s2, s0
core   0: 3 0x80008a40 (0x008940b3) x 1 0x00000001
core   0: 0x80008a44 (0xfabd1ae3) bne     s10, a1, pc - 76
core   0: 3 0x80008a44 (0xfabd1ae3)
core   0: 0x80008a48 (0x024cf233) remu    tp, s9, tp
core   0: 3 0x80008a48 (0x024cf233) x 4 0x002b4396
core   0: 0x80008a4c (0x00500493) li      s1, 5
core   0: 3 0x80008a4c (0x00500493) x 9 0x00000005
core   0: 0x80008a50 (0x74b16f13) ori     t5, sp, 1867
core   0: 3 0x80008a50 (0x74b16f13) x30 0x0000074b
core   0: 0x80008a54 (0x035cc7b3) div     a5, s9, s5
core   0: 3 0x80008a54 (0x035cc7b3) x15 0x00000084
core   0: 0x80008a58 (0x01c25093) srli    ra, tp, 28
core   0: 3 0x80008a58 (0x01c25093) x 1 0x00000000
core   0: 0x80008a5c (0x00500d13) li      s10, 5
core   0: 3 0x80008a5c (0x00500d13) x26 0x00000005
core   0: 0x80008a60 (0xf83b0793) addi    a5, s6, -125
core   0: 3 0x80008a60 (0xf83b0793) x15 0x80025daf
core   0: 0x80008a64 (0x037e5f33) divu    t5, t3, s7
core   0: 3 0x80008a64 (0x037e5f33) x30 0x00000001
core   0: 0x80008a68 (0x01ef1cb3) sll     s9, t5, t5
core   0: 3 0x80008a68 (0x01ef1cb3) x25 0x00000002
core   0: 0x80008a6c (0x1ae0e513) ori     a0, ra, 430
core   0: 3 0x80008a6c (0x1ae0e513) x10 0x000001ae
core   0: 0x80008a70 (0x01d13e13) sltiu   t3, sp, 29
core   0: 3 0x80008a70 (0x01d13e13) x28 0x00000001
core   0: 0x80008a74 (0x00b278b3) and     a7, tp, a1
core   0: 3 0x80008a74 (0x00b278b3) x17 0x002b4396
core   0: 0x80008a78 (0x016243b3) xor     t2, tp, s6
core   0: 3 0x80008a78 (0x016243b3) x 7 0x80291dba
core   0: 0x80008a7c (0xeb636c13) ori     s8, t1, -330
core   0: 3 0x80008a7c (0xeb636c13) x24 0xffffffff
core   0: 0x80008a80 (0x40685533) sra     a0, a6, t1
core   0: 3 0x80008a80 (0x40685533) x10 0x00000000
core   0: 0x80008a84 (0x01bc05b3) add     a1, s8, s11
core   0: 3 0x80008a84 (0x01bc05b3) x11 0x80029ce3
core   0: 0x80008a88 (0xffe48493) addi    s1, s1, -2
core   0: 3 0x80008a88 (0xffe48493) x 9 0x00000003
core   0: 0x80008a8c (0x03967533) remu    a0, a2, s9
core   0: 3 0x80008a8c (0x03967533) x10 0x00000000
core   0: 0x80008a90 (0x4f98f837) lui     a6, 0x4f98f
core   0: 3 0x80008a90 (0x4f98f837) x16 0x4f98f000
core   0: 0x80008a94 (0x00f563b3) or      t2, a0, a5
core   0: 3 0x80008a94 (0x00f563b3) x 7 0x80025daf
core   0: 0x80008a98 (0xfda4fae3) bgeu    s1, s10, pc - 44
core   0: 3 0x80008a98 (0xfda4fae3)
core   0: 0x80008a9c (0xbf0bc513) xori    a0, s7, -1040
core   0: 3 0x80008a9c (0xbf0bc513) x10 0x00000409
core   0: 0x80008aa0 (0x00900513) li      a0, 9
core   0: 3 0x80008aa0 (0x00900513) x10 0x00000009
core   0: 0x80008aa4 (0x00700493) li      s1, 7
core   0: 3 0x80008aa4 (0x00700493) x 9 0x00000007
core   0: 0x80008aa8 (0x41cd8bb3) sub     s7, s11, t3
core   0: 3 0x80008aa8 (0x41cd8bb3) x23 0x80029ce3
core   0: 0x80008aac (0x02337033) remu    zero, t1, gp
core   0: 3 0x80008aac (0x02337033)
core   0: 0x80008ab0 (0xffb50513) addi    a0, a0, -5
core   0: 3 0x80008ab0 (0xffb50513) x10 0x00000004
core   0: 0x80008ab4 (0x00f3f933) and     s2, t2, a5
core   0: 3 0x80008ab4 (0x00f3f933) x18 0x80025daf
core   0: 0x80008ab8 (0x00100993) li      s3, 1
core   0: 3 0x80008ab8 (0x00100993) x19 0x00000001
core   0: 0x80008abc (0x0025b833) sltu    a6, a1, sp
core   0: 3 0x80008abc (0x0025b833) x16 0x00000000
core   0: 0x80008ac0 (0xffe00793) li      a5, -2
core   0: 3 0x80008ac0 (0xffe00793) x15 0xfffffffe
core   0: 0x80008ac4 (0x01eb7f33) and     t5, s6, t5
core   0: 3 0x80008ac4 (0x01eb7f33) x30 0x00000000
core   0: 0x80008ac8 (0x0329b3b3) mulhu   t2, s3, s2
core   0: 3 0x80008ac8 (0x0329b3b3) x 7 0x00000000
core   0: 0x80008acc (0x7f08ce13) xori    t3, a7, 2032
core   0: 3 0x80008acc (0x7f08ce13) x28 0x002b4466
core   0: 0x80008ad0 (0xff698993) addi    s3, s3, -10
core   0: 3 0x80008ad0 (0xff698993) x19 0xfffffff7
core   0: 0x80008ad4 (0x00d80eb3) add     t4, a6, a3
core   0: 3 0x80008ad4 (0x00d80eb3) x29 0x00000002
core   0: 0x80008ad8 (0xfef9dae3) bge     s3, a5, pc - 12
core   0: 3 0x80008ad8 (0xfef9dae3)
core   0: 0x80008adc (0x03c671b3) remu    gp, a2, t3
core   0: 3 0x80008adc (0x03c671b3) x 3 0x001d7cbc
core   0: 0x80008ae0 (0xfc9574e3) bgeu    a0, s1, pc - 56
core   0: 3 0x80008ae0 (0xfc9574e3)
core   0: 0x80008ae4 (0xf3215cb7) lui     s9, 0xf3215
core   0: 3 0x80008ae4 (0xf3215cb7) x25 0xf3215000
core   0: 0x80008ae8 (0xff700613) li      a2, -9
core   0: 3 0x80008ae8 (0xff700613) x12 0xfffffff7
core   0: 0x80008aec (0xb4f70893) addi    a7, a4, -1201
core   0: 3 0x80008aec (0xb4f70893) x17 0xeb14d635
core   0: 0x80008af0 (0x00300e13) li      t3, 3
core   0: 3 0x80008af0 (0x00300e13) x28 0x00000003
core   0: 0x80008af4 (0x03f921b3) mulhsu  gp, s2, t6
core   0: 3 0x80008af4 (0x03f921b3) x 3 0x80025db6
core   0: 0x80008af8 (0x0147ec33) or      s8, a5, s4
core   0: 3 0x80008af8 (0x0147ec33) x24 0xffffffff
core   0: 0x80008afc (0x02ac79b3) remu    s3, s8, a0
core   0: 3 0x80008afc (0x02ac79b3) x19 0x00000003
core   0: 0x80008b00 (0x00160613) addi    a2, a2, 1
core   0: 3 0x80008b00 (0x00160613) x12 0xfffffff8
core   0: 0x80008b04 (0x03ffc7b3) div     a5, t6, t6
core   0: 3 0x80008b04 (0x03ffc7b3) x15 0x00000001
core   0: 0x80008b08 (0x02ab6bb3) rem     s7, s6, a0
core   0: 3 0x80008b08 (0x02ab6bb3) x23 0x00000000
core   0: 0x80008b0c (0xffc668e3) bltu    a2, t3, pc - 16
core   0: 3 0x80008b0c (0xffc668e3)
core   0: 0x80008b10 (0x03ba98b3) mulh    a7, s5, s11
core   0: 3 0x80008b10 (0x03ba98b3) x17 0x00000007
core   0: 0x80008b14 (0xff600493) li      s1, -10
core   0: 3 0x80008b14 (0xff600493) x 9 0xfffffff6
core   0: 0x80008b18 (0x018c6eb3) or      t4, s8, s8
core   0: 3 0x80008b18 (0x018c6eb3) x29 0xffffffff
core   0: 0x80008b1c (0x00000013) nop
core   0: 3 0x80008b1c (0x00000013)
core   0: 0x80008b20 (0x0261e9b3) rem     s3, gp, t1
core   0: 3 0x80008b20 (0x0261e9b3) x19 0xffffffff
core   0: 0x80008b24 (0xc8d19c17) auipc   s8, 0xc8d19
core   0: 3 0x80008b24 (0xc8d19c17) x24 0x48d21b24
core   0: 0x80008b28 (0x00c28e33) add     t3, t0, a2
core   0: 3 0x80008b28 (0x00c28e33) x28 0xfffffff7
core   0: 0x80008b2c (0xff600913) li      s2, -10
core   0: 3 0x80008b2c (0xff600913) x18 0xfffffff6
core   0: 0x80008b30 (0x0121a1b3) slt     gp, gp, s2
core   0: 3 0x80008b30 (0x0121a1b3) x 3 0x00000001
core   0: 0x80008b34 (0x026d2833) mulhsu  a6, s10, t1
core   0: 3 0x80008b34 (0x026d2833) x16 0x00000004
core   0: 0x80008b38 (0x411d06b3) sub     a3, s10, a7
core   0: 3 0x80008b38 (0x411d06b3) x13 0xfffffffe
core   0: 0x80008b3c (0x00c6a233) slt     tp, a3, a2
core   0: 3 0x80008b3c (0x00c6a233) x 4 0x00000000
core   0: 0x80008b40 (0xdc1d6097) auipc   ra, 0xdc1d6
core   0: 3 0x80008b40 (0xdc1d6097) x 1 0x5c1deb40
core   0: 0x80008b44 (0xbe157213) andi    tp, a0, -1055
core   0: 3 0x80008b44 (0xbe157213) x 4 0x00000000
core   0: 0x80008b48 (0x00d55833) srl     a6, a0, a3
core   0: 3 0x80008b48 (0x00d55833) x16 0x00000000
core   0: 0x80008b4c (0x010169b3) or      s3, sp, a6
core   0: 3 0x80008b4c (0x010169b3) x19 0x00000002
core   0: 0x80008b50 (0x026ad5b3) divu    a1, s5, t1
core   0: 3 0x80008b50 (0x026ad5b3) x11 0x00000000
core   0: 0x80008b54 (0x035e66b3) rem     a3, t3, s5
core   0: 3 0x80008b54 (0x035e66b3) x13 0xfffffff7
core   0: 0x80008b58 (0xffa48493) addi    s1, s1, -6
core   0: 3 0x80008b58 (0xffa48493) x 9 0xfffffff0
core   0: 0x80008b5c (0x01066eb3) or      t4, a2, a6
core   0: 3 0x80008b5c (0x01066eb3) x29 0xfffffff8
core   0: 0x80008b60 (0x018a76b3) and     a3, s4, s8
core   0: 3 0x80008b60 (0x018a76b3) x13 0x48d21b24
core   0: 0x80008b64 (0x01681033) sll     zero, a6, s6
core   0: 3 0x80008b64 (0x01681033)
core   0: 0x80008b68 (0xc86b0d17) auipc   s10, 0xc86b0
core   0: 3 0x80008b68 (0xc86b0d17) x26 0x486b8b68
core   0: 0x80008b6c (0x42ea2f13) slti    t5, s4, 1070
core   0: 3 0x80008b6c (0x42ea2f13) x30 0x00000001
core   0: 0x80008b70 (0x02a29633) mulh    a2, t0, a0
core   0: 3 0x80008b70 (0x02a29633) x12 0xffffffff
core   0: 0x80008b74 (0xfd24d4e3) bge     s1, s2, pc - 56
core   0: 3 0x80008b74 (0xfd24d4e3)
core   0: 0x80008b78 (0x02a76ab3) rem     s5, a4, a0
core   0: 3 0x80008b78 (0x02a76ab3) x21 0xfffffffe
core   0: 0x80008b7c (0x00a00493) li      s1, 10
core   0: 3 0x80008b7c (0x00a00493) x 9 0x0000000a
core   0: 0x80008b80 (0x00a00a13) li      s4, 10
core   0: 3 0x80008b80 (0x00a00a13) x20 0x0000000a
core   0: 0x80008b84 (0x0324e933) rem     s2, s1, s2
core   0: 3 0x80008b84 (0x0324e933) x18 0x00000000
core   0: 0x80008b88 (0x015add33) srl     s10, s5, s5
core   0: 3 0x80008b88 (0x015add33) x26 0x00000003
core   0: 0x80008b8c (0x02454433) div     s0, a0, tp
core   0: 3 0x80008b8c (0x02454433) x 8 0xffffffff
core   0: 0x80008b90 (0xff748493) addi    s1, s1, -9
core   0: 3 0x80008b90 (0xff748493) x 9 0x00000001
core   0: 0x80008b94 (0xff44f8e3) bgeu    s1, s4, pc - 16
core   0: 3 0x80008b94 (0xff44f8e3)
core   0: 0x80008b98 (0x01aa6533) or      a0, s4, s10
core   0: 3 0x80008b98 (0x01aa6533) x10 0x0000000b
core   0: 0x80008b9c (0xff600813) li      a6, -10
core   0: 3 0x80008b9c (0xff600813) x16 0xfffffff6
core   0: 0x80008ba0 (0x00e6d113) srli    sp, a3, 14
core   0: 3 0x80008ba0 (0x00e6d113) x 2 0x00012348
core   0: 0x80008ba4 (0x11de8337) lui     t1, 0x11de8
core   0: 3 0x80008ba4 (0x11de8337) x 6 0x11de8000
core   0: 0x80008ba8 (0x00103933) snez    s2, ra
core   0: 3 0x80008ba8 (0x00103933) x18 0x00000001
core   0: 0x80008bac (0x028ff1b3) remu    gp, t6, s0
core   0: 3 0x80008bac (0x028ff1b3) x 3 0xfffffff1
core   0: 0x80008bb0 (0x002e1c13) slli    s8, t3, 2
core   0: 3 0x80008bb0 (0x002e1c13) x24 0xffffffdc
core   0: 0x80008bb4 (0x40460333) sub     t1, a2, tp
core   0: 3 0x80008bb4 (0x40460333) x 6 0xffffffff
core   0: 0x80008bb8 (0xc6312793) slti    a5, sp, -925
core   0: 3 0x80008bb8 (0xc6312793) x15 0x00000000
core   0: 0x80008bbc (0x03dcc4b3) div     s1, s9, t4
core   0: 3 0x80008bbc (0x03dcc4b3) x 9 0x019bd600
core   0: 0x80008bc0 (0x4658fa17) auipc   s4, 0x4658f
core   0: 3 0x80008bc0 (0x4658fa17) x20 0xc6597bc0
core   0: 0x80008bc4 (0x00000f93) li      t6, 0
core   0: 3 0x80008bc4 (0x00000f93) x31 0x00000000
core   0: 0x80008bc8 (0x005d3133) sltu    sp, s10, t0
core   0: 3 0x80008bc8 (0x005d3133) x 2 0x00000001
core   0: 0x80008bcc (0x40cf0c33) sub     s8, t5, a2
core   0: 3 0x80008bcc (0x40cf0c33) x24 0x00000002
core   0: 0x80008bd0 (0x541d2313) slti    t1, s10, 1345
core   0: 3 0x80008bd0 (0x541d2313) x 6 0x00000001
core   0: 0x80008bd4 (0x00a80813) addi    a6, a6, 10
core   0: 3 0x80008bd4 (0x00a80813) x16 0x00000000
core   0: 0x80008bd8 (0x5a8c0613) addi    a2, s8, 1448
core   0: 3 0x80008bd8 (0x5a8c0613) x12 0x000005aa
core   0: 0x80008bdc (0x03ffd633) divu    a2, t6, t6
core   0: 3 0x80008bdc (0x03ffd633) x12 0xffffffff
core   0: 0x80008be0 (0x10ba4893) xori    a7, s4, 267
core   0: 3 0x80008be0 (0x10ba4893) x17 0xc6597acb
core   0: 0x80008be4 (0x00752133) slt     sp, a0, t2
core   0: 3 0x80008be4 (0x00752133) x 2 0x00000000
core   0: 0x80008be8 (0xfff840e3) blt     a6, t6, pc - 32
core   0: 3 0x80008be8 (0xfff840e3)
core   0: 0x80008bec (0xe82a7117) auipc   sp, 0xe82a7
core   0: 3 0x80008bec (0xe82a7117) x 2 0x682afbec
core   0: 0x80008bf0 (0xff600413) li      s0, -10
core   0: 3 0x80008bf0 (0xff600413) x 8 0xfffffff6
core   0: 0x80008bf4 (0x00048fb3) add     t6, s1, zero
core   0: 3 0x80008bf4 (0x00048fb3) x31 0x019bd600
core   0: 0x80008bf8 (0x03377133) remu    sp, a4, s3
core   0: 3 0x80008bf8 (0x03377133) x 2 0x00000000
core   0: 0x80008bfc (0x00000013) nop
core   0: 3 0x80008bfc (0x00000013)
core   0: 0x80008c00 (0xff600b93) li      s7, -10
core   0: 3 0x80008c00 (0xff600b93) x23 0xfffffff6
core   0: 0x80008c04 (0xeea5e913) ori     s2, a1, -278
core   0: 3 0x80008c04 (0xeea5e913) x18 0xfffffeea
core   0: 0x80008c08 (0xff740413) addi    s0, s0, -9
core   0: 3 0x80008c08 (0xff740413) x 8 0xffffffed
core   0: 0x80008c0c (0x00000013) nop
core   0: 3 0x80008c0c (0x00000013)
core   0: 0x80008c10 (0x01ce9933) sll     s2, t4, t3
core   0: 3 0x80008c10 (0x01ce9933) x18 0xfc000000
core   0: 0x80008c14 (0xc58dd537) lui     a0, 0xc58dd
core   0: 3 0x80008c14 (0xc58dd537) x10 0xc58dd000
core   0: 0x80008c18 (0xfd3f8697) auipc   a3, 0xfd3f8
core   0: 3 0x80008c18 (0xfd3f8697) x13 0x7d400c18
core   0: 0x80008c1c (0x414bd4b3) sra     s1, s7, s4
core   0: 3 0x80008c1c (0x414bd4b3) x 9 0xfffffff6
core   0: 0x80008c20 (0xff800393) li      t2, -8
core   0: 3 0x80008c20 (0xff800393) x 7 0xfffffff8
core   0: 0x80008c24 (0xff700c13) li      s8, -9
core   0: 3 0x80008c24 (0xff700c13) x24 0xfffffff7
core   0: 0x80008c28 (0x0286a533) mulhsu  a0, a3, s0
core   0: 3 0x80008c28 (0x0286a533) x10 0x7d400c0e
core   0: 0x80008c2c (0x01bb4813) xori    a6, s6, 27
core   0: 3 0x80008c2c (0x01bb4813) x16 0x80025e37
core   0: 0x80008c30 (0x014a1d13) slli    s10, s4, 20
core   0: 3 0x80008c30 (0x014a1d13) x26 0xbc000000
core   0: 0x80008c34 (0x400c5913) srai    s2, s8, 0
core   0: 3 0x80008c34 (0x400c5913) x18 0xfffffff7
core   0: 0x80008c38 (0x000af833) and     a6, s5, zero
core   0: 3 0x80008c38 (0x000af833) x16 0x00000000
core   0: 0x80008c3c (0xff638393) addi    t2, t2, -10
core   0: 3 0x80008c3c (0xff638393) x 7 0xffffffee
core   0: 0x80008c40 (0x00765d13) srli    s10, a2, 7
core   0: 3 0x80008c40 (0x00765d13) x26 0x01ffffff
core   0: 0x80008c44 (0xff83d2e3) bge     t2, s8, pc - 28
core   0: 3 0x80008c44 (0xff83d2e3)
core   0: 0x80008c48 (0xd2d03493) sltiu   s1, zero, -723
core   0: 3 0x80008c48 (0xd2d03493) x 9 0x00000001
core   0: 0x80008c4c (0xfb745ce3) bge     s0, s7, pc - 72
core   0: 3 0x80008c4c (0xfb745ce3)
core   0: 0x80008c50 (0x0079fa33) and     s4, s3, t2
core   0: 3 0x80008c50 (0x0079fa33) x20 0x00000002
core   0: 0x80008c54 (0x00800e13) li      t3, 8
core   0: 3 0x80008c54 (0x00800e13) x28 0x00000008
core   0: 0x80008c58 (0xf0d80913) addi    s2, a6, -243
core   0: 3 0x80008c58 (0xf0d80913) x18 0xffffff0d
core   0: 0x80008c5c (0x8d5a3f13) sltiu   t5, s4, -1835
core   0: 3 0x80008c5c (0x8d5a3f13) x30 0x00000001
core   0: 0x80008c60 (0x0359c033) div     zero, s3, s5
core   0: 3 0x80008c60 (0x0359c033)
core   0: 0x80008c64 (0x00e00613) li      a2, 14
core   0: 3 0x80008c64 (0x00e00613) x12 0x0000000e
core   0: 0x80008c68 (0x62c62897) auipc   a7, 0x62c62
core   0: 3 0x80008c68 (0x62c62897) x17 0xe2c6ac68
core   0: 0x80008c6c (0x00797433) and     s0, s2, t2
core   0: 3 0x80008c6c (0x00797433) x 8 0xffffff0c
core   0: 0x80008c70 (0x022f3eb3) mulhu   t4, t5, sp
core   0: 3 0x80008c70 (0x022f3eb3) x29 0x00000000
core   0: 0x80008c74 (0x61d13893) sltiu   a7, sp, 1565
core   0: 3 0x80008c74 (0x61d13893) x17 0x00000001
core   0: 0x80008c78 (0x57d42413) slti    s0, s0, 1405
core   0: 3 0x80008c78 (0x57d42413) x 8 0x00000001
core   0: 0x80008c7c (0x53ccbb93) sltiu   s7, s9, 1340
core   0: 3 0x80008c7c (0x53ccbb93) x23 0x00000000
core   0: 0x80008c80 (0x6e552693) slti    a3, a0, 1765
core   0: 3 0x80008c80 (0x6e552693) x13 0x00000000
core   0: 0x80008c84 (0xc9548293) addi    t0, s1, -875
core   0: 3 0x80008c84 (0xc9548293) x 5 0xfffffc96
core   0: 0x80008c88 (0x002e0e13) addi    t3, t3, 2
core   0: 3 0x80008c88 (0x002e0e13) x28 0x0000000a
core   0: 0x80008c8c (0x01e3a3b3) slt     t2, t2, t5
core   0: 3 0x80008c8c (0x01e3a3b3) x 7 0x00000001
core   0: 0x80008c90 (0x00b65133) srl     sp, a2, a1
core   0: 3 0x80008c90 (0x00b65133) x 2 0x0000000e
core   0: 0x80008c94 (0x00669013) slli    zero, a3, 6
core   0: 3 0x80008c94 (0x00669013)
core   0: 0x80008c98 (0xc26cb293) sltiu   t0, s9, -986
core   0: 3 0x80008c98 (0xc26cb293) x 5 0x00000001
core   0: 0x80008c9c (0x00e986b3) add     a3, s3, a4
core   0: 3 0x80008c9c (0x00e986b3) x13 0xeb14dae8
core   0: 0x80008ca0 (0x8a0d0997) auipc   s3, 0x8a0d0
core   0: 3 0x80008ca0 (0x8a0d0997) x19 0x0a0d8ca0
core   0: 0x80008ca4 (0x02ed8933) mul     s2, s11, a4
core   0: 3 0x80008ca4 (0x02ed8933) x18 0xc9c31cd8
core   0: 0x80008ca8 (0x02777a33) remu    s4, a4, t2
core   0: 3 0x80008ca8 (0x02777a33) x20 0x00000000
core   0: 0x80008cac (0x01a86eb3) or      t4, a6, s10
core   0: 3 0x80008cac (0x01a86eb3) x29 0x01ffffff
core   0: 0x80008cb0 (0x01c3c833) xor     a6, t2, t3
core   0: 3 0x80008cb0 (0x01c3c833) x16 0x0000000b
core   0: 0x80008cb4 (0x019dbd33) sltu    s10, s11, s9
core   0: 3 0x80008cb4 (0x019dbd33) x26 0x00000001
core   0: 0x80008cb8 (0x012fc0b3) xor     ra, t6, s2
core   0: 3 0x80008cb8 (0x012fc0b3) x 1 0xc858cad8
core   0: 0x80008cbc (0xface46e3) blt     t3, a2, pc - 84
core   0: 3 0x80008cbc (0xface46e3)
core   0: 0x80008c68 (0x62c62897) auipc   a7, 0x62c62
core   0: 3 0x80008c68 (0x62c62897) x17 0xe2c6ac68
core   0: 0x80008c6c (0x00797433) and     s0, s2, t2
core   0: 3 0x80008c6c (0x00797433) x 8 0x00000000
core   0: 0x80008c70 (0x022f3eb3) mulhu   t4, t5, sp
core   0: 3 0x80008c70 (0x022f3eb3) x29 0x00000000
core   0: 0x80008c74 (0x61d13893) sltiu   a7, sp, 1565
core   0: 3 0x80008c74 (0x61d13893) x17 0x00000001
core   0: 0x80008c78 (0x57d42413) slti    s0, s0, 1405
core   0: 3 0x80008c78 (0x57d42413) x 8 0x00000001
core   0: 0x80008c7c (0x53ccbb93) sltiu   s7, s9, 1340
core   0: 3 0x80008c7c (0x53ccbb93) x23 0x00000000
core   0: 0x80008c80 (0x6e552693) slti    a3, a0, 1765
core   0: 3 0x80008c80 (0x6e552693) x13 0x00000000
core   0: 0x80008c84 (0xc9548293) addi    t0, s1, -875
core   0: 3 0x80008c84 (0xc9548293) x 5 0xfffffc96
core   0: 0x80008c88 (0x002e0e13) addi    t3, t3, 2
core   0: 3 0x80008c88 (0x002e0e13) x28 0x0000000c
core   0: 0x80008c8c (0x01e3a3b3) slt     t2, t2, t5
core   0: 3 0x80008c8c (0x01e3a3b3) x 7 0x00000000
core   0: 0x80008c90 (0x00b65133) srl     sp, a2, a1
core   0: 3 0x80008c90 (0x00b65133) x 2 0x0000000e
core   0: 0x80008c94 (0x00669013) slli    zero, a3, 6
core   0: 3 0x80008c94 (0x00669013)
core   0: 0x80008c98 (0xc26cb293) sltiu   t0, s9, -986
core   0: 3 0x80008c98 (0xc26cb293) x 5 0x00000001
core   0: 0x80008c9c (0x00e986b3) add     a3, s3, a4
core   0: 3 0x80008c9c (0x00e986b3) x13 0xf5226786
core   0: 0x80008ca0 (0x8a0d0997) auipc   s3, 0x8a0d0
core   0: 3 0x80008ca0 (0x8a0d0997) x19 0x0a0d8ca0
core   0: 0x80008ca4 (0x02ed8933) mul     s2, s11, a4
core   0: 3 0x80008ca4 (0x02ed8933) x18 0xc9c31cd8
core   0: 0x80008ca8 (0x02777a33) remu    s4, a4, t2
core   0: 3 0x80008ca8 (0x02777a33) x20 0xeb14dae6
core   0: 0x80008cac (0x01a86eb3) or      t4, a6, s10
core   0: 3 0x80008cac (0x01a86eb3) x29 0x0000000b
core   0: 0x80008cb0 (0x01c3c833) xor     a6, t2, t3
core   0: 3 0x80008cb0 (0x01c3c833) x16 0x0000000c
core   0: 0x80008cb4 (0x019dbd33) sltu    s10, s11, s9
core   0: 3 0x80008cb4 (0x019dbd33) x26 0x00000001
core   0: 0x80008cb8 (0x012fc0b3) xor     ra, t6, s2
core   0: 3 0x80008cb8 (0x012fc0b3) x 1 0xc858cad8
core   0: 0x80008cbc (0xface46e3) blt     t3, a2, pc - 84
core   0: 3 0x80008cbc (0xface46e3)
core   0: 0x80008c68 (0x62c62897) auipc   a7, 0x62c62
core   0: 3 0x80008c68 (0x62c62897) x17 0xe2c6ac68
core   0: 0x80008c6c (0x00797433) and     s0, s2, t2
core   0: 3 0x80008c6c (0x00797433) x 8 0x00000000
core   0: 0x80008c70 (0x022f3eb3) mulhu   t4, t5, sp
core   0: 3 0x80008c70 (0x022f3eb3) x29 0x00000000
core   0: 0x80008c74 (0x61d13893) sltiu   a7, sp, 1565
core   0: 3 0x80008c74 (0x61d13893) x17 0x00000001
core   0: 0x80008c78 (0x57d42413) slti    s0, s0, 1405
core   0: 3 0x80008c78 (0x57d42413) x 8 0x00000001
core   0: 0x80008c7c (0x53ccbb93) sltiu   s7, s9, 1340
core   0: 3 0x80008c7c (0x53ccbb93) x23 0x00000000
core   0: 0x80008c80 (0x6e552693) slti    a3, a0, 1765
core   0: 3 0x80008c80 (0x6e552693) x13 0x00000000
core   0: 0x80008c84 (0xc9548293) addi    t0, s1, -875
core   0: 3 0x80008c84 (0xc9548293) x 5 0xfffffc96
core   0: 0x80008c88 (0x002e0e13) addi    t3, t3, 2
core   0: 3 0x80008c88 (0x002e0e13) x28 0x0000000e
core   0: 0x80008c8c (0x01e3a3b3) slt     t2, t2, t5
core   0: 3 0x80008c8c (0x01e3a3b3) x 7 0x00000001
core   0: 0x80008c90 (0x00b65133) srl     sp, a2, a1
core   0: 3 0x80008c90 (0x00b65133) x 2 0x0000000e
core   0: 0x80008c94 (0x00669013) slli    zero, a3, 6
core   0: 3 0x80008c94 (0x00669013)
core   0: 0x80008c98 (0xc26cb293) sltiu   t0, s9, -986
core   0: 3 0x80008c98 (0xc26cb293) x 5 0x00000001
core   0: 0x80008c9c (0x00e986b3) add     a3, s3, a4
core   0: 3 0x80008c9c (0x00e986b3) x13 0xf5226786
core   0: 0x80008ca0 (0x8a0d0997) auipc   s3, 0x8a0d0
core   0: 3 0x80008ca0 (0x8a0d0997) x19 0x0a0d8ca0
core   0: 0x80008ca4 (0x02ed8933) mul     s2, s11, a4
core   0: 3 0x80008ca4 (0x02ed8933) x18 0xc9c31cd8
core   0: 0x80008ca8 (0x02777a33) remu    s4, a4, t2
core   0: 3 0x80008ca8 (0x02777a33) x20 0x00000000
core   0: 0x80008cac (0x01a86eb3) or      t4, a6, s10
core   0: 3 0x80008cac (0x01a86eb3) x29 0x0000000d
core   0: 0x80008cb0 (0x01c3c833) xor     a6, t2, t3
core   0: 3 0x80008cb0 (0x01c3c833) x16 0x0000000f
core   0: 0x80008cb4 (0x019dbd33) sltu    s10, s11, s9
core   0: 3 0x80008cb4 (0x019dbd33) x26 0x00000001
core   0: 0x80008cb8 (0x012fc0b3) xor     ra, t6, s2
core   0: 3 0x80008cb8 (0x012fc0b3) x 1 0xc858cad8
core   0: 0x80008cbc (0xface46e3) blt     t3, a2, pc - 84
core   0: 3 0x80008cbc (0xface46e3)
core   0: 0x80008cc0 (0xaae7ff93) andi    t6, a5, -1362
core   0: 3 0x80008cc0 (0xaae7ff93) x31 0x00000000
core   0: 0x80008cc4 (0x00a00693) li      a3, 10
core   0: 3 0x80008cc4 (0x00a00693) x13 0x0000000a
core   0: 0x80008cc8 (0x01425433) srl     s0, tp, s4
core   0: 3 0x80008cc8 (0x01425433) x 8 0x00000000
core   0: 0x80008ccc (0x00100113) li      sp, 1
core   0: 3 0x80008ccc (0x00100113) x 2 0x00000001
core   0: 0x80008cd0 (0x409ad413) srai    s0, s5, 9
core   0: 3 0x80008cd0 (0x409ad413) x 8 0xffffffff
core   0: 0x80008cd4 (0x012629b3) slt     s3, a2, s2
core   0: 3 0x80008cd4 (0x012629b3) x19 0x00000000
core   0: 0x80008cd8 (0x2021a013) slti    zero, gp, 514
core   0: 3 0x80008cd8 (0x2021a013)
core   0: 0x80008cdc (0x02336233) rem     tp, t1, gp
core   0: 3 0x80008cdc (0x02336233) x 4 0x00000001
core   0: 0x80008ce0 (0x02143c33) mulhu   s8, s0, ra
core   0: 3 0x80008ce0 (0x02143c33) x24 0xc858cad7
core   0: 0x80008ce4 (0x02a6c0b3) div     ra, a3, a0
core   0: 3 0x80008ce4 (0x02a6c0b3) x 1 0x00000000
core   0: 0x80008ce8 (0xc1a56d13) ori     s10, a0, -998
core   0: 3 0x80008ce8 (0xc1a56d13) x26 0xfffffc1e
core   0: 0x80008cec (0x008bb333) sltu    t1, s7, s0
core   0: 3 0x80008cec (0x008bb333) x 6 0x00000001
core   0: 0x80008cf0 (0xff768693) addi    a3, a3, -9
core   0: 3 0x80008cf0 (0xff768693) x13 0x00000001
core   0: 0x80008cf4 (0x005dd313) srli    t1, s11, 5
core   0: 3 0x80008cf4 (0x005dd313) x 6 0x040014e7
core   0: 0x80008cf8 (0x03d6c833) div     a6, a3, t4
core   0: 3 0x80008cf8 (0x03d6c833) x16 0x00000000
core   0: 0x80008cfc (0x41880233) sub     tp, a6, s8
core   0: 3 0x80008cfc (0x41880233) x 4 0x37a73529
core   0: 0x80008d00 (0x010a4eb3) xor     t4, s4, a6
core   0: 3 0x80008d00 (0x010a4eb3) x29 0x00000000
core   0: 0x80008d04 (0x6b322f13) slti    t5, tp, 1715
core   0: 3 0x80008d04 (0x6b322f13) x30 0x00000000
core   0: 0x80008d08 (0x006487b3) add     a5, s1, t1
core   0: 3 0x80008d08 (0x006487b3) x15 0x040014e8
core   0: 0x80008d0c (0x0076d793) srli    a5, a3, 7
core   0: 3 0x80008d0c (0x0076d793) x15 0x00000000
core   0: 0x80008d10 (0x00a00493) li      s1, 10
core   0: 3 0x80008d10 (0x00a00493) x 9 0x0000000a
core   0: 0x80008d14 (0x002a8c33) add     s8, s5, sp
core   0: 3 0x80008d14 (0x002a8c33) x24 0xffffffff
core   0: 0x80008d18 (0x00a11793) slli    a5, sp, 10
core   0: 3 0x80008d18 (0x00a11793) x15 0x00000400
core   0: 0x80008d1c (0x00a00c93) li      s9, 10
core   0: 3 0x80008d1c (0x00a00c93) x25 0x0000000a
core   0: 0x80008d20 (0x00395c33) srl     s8, s2, gp
core   0: 3 0x80008d20 (0x00395c33) x24 0x000064e1
core   0: 0x80008d24 (0x03a56433) rem     s0, a0, s10
core   0: 3 0x80008d24 (0x03a56433) x 8 0x0000024c
core   0: 0x80008d28 (0x0c428017) auipc   zero, 0xc428
core   0: 3 0x80008d28 (0x0c428017)
core   0: 0x80008d2c (0xffa48493) addi    s1, s1, -6
core   0: 3 0x80008d2c (0xffa48493) x 9 0x00000004
core   0: 0x80008d30 (0x33d6dfb7) lui     t6, 0x33d6d
core   0: 3 0x80008d30 (0x33d6dfb7) x31 0x33d6d000
core   0: 0x80008d34 (0x00253533) sltu    a0, a0, sp
core   0: 3 0x80008d34 (0x00253533) x10 0x00000000
core   0: 0x80008d38 (0xff94f6e3) bgeu    s1, s9, pc - 20
core   0: 3 0x80008d38 (0xff94f6e3)
core   0: 0x80008d3c (0x879e8393) addi    t2, t4, -1927
core   0: 3 0x80008d3c (0x879e8393) x 7 0xfffff879
core   0: 0x80008d40 (0x00d51313) slli    t1, a0, 13
core   0: 3 0x80008d40 (0x00d51313) x 6 0x00000000
core   0: 0x80008d44 (0xfa2690e3) bne     a3, sp, pc - 96
core   0: 3 0x80008d44 (0xfa2690e3)
core   0: 0x80008d48 (0x0211b2b3) mulhu   t0, gp, ra
core   0: 3 0x80008d48 (0x0211b2b3) x 5 0x00000000
core   0: 0x80008d4c (0xffd00613) li      a2, -3
core   0: 3 0x80008d4c (0xffd00613) x12 0xfffffffd
core   0: 0x80008d50 (0x019908b3) add     a7, s2, s9
core   0: 3 0x80008d50 (0x019908b3) x17 0xc9c31ce2
core   0: 0x80008d54 (0xf7070a93) addi    s5, a4, -144
core   0: 3 0x80008d54 (0xf7070a93) x21 0xeb14da56
core   0: 0x80008d58 (0x00e00a13) li      s4, 14
core   0: 3 0x80008d58 (0x00e00a13) x20 0x0000000e
core   0: 0x80008d5c (0x412285b3) sub     a1, t0, s2
core   0: 3 0x80008d5c (0x412285b3) x11 0x363ce328
core   0: 0x80008d60 (0xebe36013) ori     zero, t1, -322
core   0: 3 0x80008d60 (0xebe36013)
core   0: 0x80008d64 (0x4df33913) sltiu   s2, t1, 1247
core   0: 3 0x80008d64 (0x4df33913) x18 0x00000001
core   0: 0x80008d68 (0x00a60613) addi    a2, a2, 10
core   0: 3 0x80008d68 (0x00a60613) x12 0x00000007
core   0: 0x80008d6c (0xa73dcf13) xori    t5, s11, -1421
core   0: 3 0x80008d6c (0xa73dcf13) x30 0x7ffd6697
core   0: 0x80008d70 (0xf0f37d13) andi    s10, t1, -241
core   0: 3 0x80008d70 (0xf0f37d13) x26 0x00000000
core   0: 0x80008d74 (0xff4666e3) bltu    a2, s4, pc - 20
core   0: 3 0x80008d74 (0xff4666e3)
core   0: 0x80008d60 (0xebe36013) ori     zero, t1, -322
core   0: 3 0x80008d60 (0xebe36013)
core   0: 0x80008d64 (0x4df33913) sltiu   s2, t1, 1247
core   0: 3 0x80008d64 (0x4df33913) x18 0x00000001
core   0: 0x80008d68 (0x00a60613) addi    a2, a2, 10
core   0: 3 0x80008d68 (0x00a60613) x12 0x00000011
core   0: 0x80008d6c (0xa73dcf13) xori    t5, s11, -1421
core   0: 3 0x80008d6c (0xa73dcf13) x30 0x7ffd6697
core   0: 0x80008d70 (0xf0f37d13) andi    s10, t1, -241
core   0: 3 0x80008d70 (0xf0f37d13) x26 0x00000000
core   0: 0x80008d74 (0xff4666e3) bltu    a2, s4, pc - 20
core   0: 3 0x80008d74 (0xff4666e3)
core   0: 0x80008d78 (0x028e0ab3) mul     s5, t3, s0
core   0: 3 0x80008d78 (0x028e0ab3) x21 0x00002028
core   0: 0x80008d7c (0xe937cb93) xori    s7, a5, -365
core   0: 3 0x80008d7c (0xe937cb93) x23 0xfffffa93
core   0: 0x80008d80 (0x021d4333) div     t1, s10, ra
core   0: 3 0x80008d80 (0x021d4333) x 6 0xffffffff
core   0: 0x80008d84 (0xf505bc93) sltiu   s9, a1, -176
core   0: 3 0x80008d84 (0xf505bc93) x25 0x00000001
core   0: 0x80008d88 (0x32f76593) ori     a1, a4, 815
core   0: 3 0x80008d88 (0x32f76593) x11 0xeb14dbef
core   0: 0x80008d8c (0x00000013) nop
core   0: 3 0x80008d8c (0x00000013)
core   0: 0x80008d90 (0x0178f263) bgeu    a7, s7, pc + 4
core   0: 3 0x80008d90 (0x0178f263)
core   0: 0x80008d94 (0xbacbf293) andi    t0, s7, -1108
core   0: 3 0x80008d94 (0xbacbf293) x 5 0xfffffa80
core   0: 0x80008d98 (0x00d6ec63) bltu    a3, a3, pc + 24
core   0: 3 0x80008d98 (0x00d6ec63)
core   0: 0x80008d9c (0x015ba233) slt     tp, s7, s5
core   0: 3 0x80008d9c (0x015ba233) x 4 0x00000001
core   0: 0x80008da0 (0x0102f3b3) and     t2, t0, a6
core   0: 3 0x80008da0 (0x0102f3b3) x 7 0x00000000
core   0: 0x80008da4 (0x03b917b3) mulh    a5, s2, s11
core   0: 3 0x80008da4 (0x03b917b3) x15 0xffffffff
core   0: 0x80008da8 (0xdbf09417) auipc   s0, 0xdbf09
core   0: 3 0x80008da8 (0xdbf09417) x 8 0x5bf11da8
core   0: 0x80008dac (0x0090d413) srli    s0, ra, 9
core   0: 3 0x80008dac (0x0090d413) x 8 0x00000000
core   0: 0x80008db0 (0x00e4e863) bltu    s1, a4, pc + 16
core   0: 3 0x80008db0 (0x00e4e863)
core   0: 0x80008dc0 (0x41668333) sub     t1, a3, s6
core   0: 3 0x80008dc0 (0x41668333) x 6 0x7ffda1d5
core   0: 0x80008dc4 (0x00dd4863) blt     s10, a3, pc + 16
core   0: 3 0x80008dc4 (0x00dd4863)
core   0: 0x80008dd4 (0x00ba7d33) and     s10, s4, a1
core   0: 3 0x80008dd4 (0x00ba7d33) x26 0x0000000e
core   0: 0x80008dd8 (0x02ebe263) bltu    s7, a4, pc + 36
core   0: 3 0x80008dd8 (0x02ebe263)
core   0: 0x80008ddc (0x030a1ab3) mulh    s5, s4, a6
core   0: 3 0x80008ddc (0x030a1ab3) x21 0x00000000
core   0: 0x80008de0 (0x00a40cb3) add     s9, s0, a0
core   0: 3 0x80008de0 (0x00a40cb3) x25 0x00000000
core   0: 0x80008de4 (0x03c9ad33) mulhsu  s10, s3, t3
core   0: 3 0x80008de4 (0x03c9ad33) x26 0x00000000
core   0: 0x80008de8 (0x41415633) sra     a2, sp, s4
core   0: 3 0x80008de8 (0x41415633) x12 0x00000000
core   0: 0x80008dec (0x004375b3) and     a1, t1, tp
core   0: 3 0x80008dec (0x004375b3) x11 0x00000001
core   0: 0x80008df0 (0x06e96a63) bltu    s2, a4, pc + 116
core   0: 3 0x80008df0 (0x06e96a63)
core   0: 0x80008e64 (0x028b93b3) mulh    t2, s7, s0
core   0: 3 0x80008e64 (0x028b93b3) x 7 0x00000000
core   0: 0x80008e68 (0xd78b4e93) xori    t4, s6, -648
core   0: 3 0x80008e68 (0xd78b4e93) x29 0x7ffda354
core   0: 0x80008e6c (0x01cdde13) srli    t3, s11, 28
core   0: 3 0x80008e6c (0x01cdde13) x28 0x00000008
core   0: 0x80008e70 (0x01d6d263) bge     a3, t4, pc + 4
core   0: 3 0x80008e70 (0x01d6d263)
core   0: 0x80008e74 (0x03596063) bltu    s2, s5, pc + 32
core   0: 3 0x80008e74 (0x03596063)
core   0: 0x80008e78 (0x00e40d33) add     s10, s0, a4
core   0: 3 0x80008e78 (0x00e40d33) x26 0xeb14dae6
core   0: 0x80008e7c (0x0390fe33) remu    t3, ra, s9
core   0: 3 0x80008e7c (0x0390fe33) x28 0x00000000
core   0: 0x80008e80 (0x032caab3) mulhsu  s5, s9, s2
core   0: 3 0x80008e80 (0x032caab3) x21 0x00000000
core   0: 0x80008e84 (0x023e0c63) beq     t3, gp, pc + 56
core   0: 3 0x80008e84 (0x023e0c63)
core   0: 0x80008e88 (0x01a37833) and     a6, t1, s10
core   0: 3 0x80008e88 (0x01a37833) x16 0x6b1480c4
core   0: 0x80008e8c (0x01d045b3) xor     a1, zero, t4
core   0: 3 0x80008e8c (0x01d045b3) x11 0x7ffda354
core   0: 0x80008e90 (0x034a27b3) mulhsu  a5, s4, s4
core   0: 3 0x80008e90 (0x034a27b3) x15 0x00000000
core   0: 0x80008e94 (0x0382e233) rem     tp, t0, s8
core   0: 3 0x80008e94 (0x0382e233) x 4 0xfffffa80
core   0: 0x80008e98 (0x0031fa63) bgeu    gp, gp, pc + 20
core   0: 3 0x80008e98 (0x0031fa63)
core   0: 0x80008eac (0x0003d413) srli    s0, t2, 0
core   0: 3 0x80008eac (0x0003d413) x 8 0x00000000
core   0: 0x80008eb0 (0x049a8063) beq     s5, s1, pc + 64
core   0: 3 0x80008eb0 (0x049a8063)
core   0: 0x80008eb4 (0x00000013) nop
core   0: 3 0x80008eb4 (0x00000013)
core   0: 0x80008eb8 (0x00751a33) sll     s4, a0, t2
core   0: 3 0x80008eb8 (0x00751a33) x20 0x00000000
core   0: 0x80008ebc (0x0172d2b3) srl     t0, t0, s7
core   0: 3 0x80008ebc (0x0172d2b3) x 5 0x00001fff
core   0: 0x80008ec0 (0x161e4c97) auipc   s9, 0x161e4
core   0: 3 0x80008ec0 (0x161e4c97) x25 0x961ecec0
core   0: 0x80008ec4 (0x01ee5293) srli    t0, t3, 30
core   0: 3 0x80008ec4 (0x01ee5293) x 5 0x00000000
core   0: 0x80008ec8 (0x00638333) add     t1, t2, t1
core   0: 3 0x80008ec8 (0x00638333) x 6 0x7ffda1d5
core   0: 0x80008ecc (0x00addd13) srli    s10, s11, 10
core   0: 3 0x80008ecc (0x00addd13) x26 0x002000a7
core   0: 0x80008ed0 (0x0327dab3) divu    s5, a5, s2
core   0: 3 0x80008ed0 (0x0327dab3) x21 0x00000000
core   0: 0x80008ed4 (0x00000013) nop
core   0: 3 0x80008ed4 (0x00000013)
core   0: 0x80008ed8 (0xb6aa8193) addi    gp, s5, -1174
core   0: 3 0x80008ed8 (0xb6aa8193) x 3 0xfffffb6a
core   0: 0x80008edc (0x024b9263) bne     s7, tp, pc + 36
core   0: 3 0x80008edc (0x024b9263)
core   0: 0x80008f00 (0x03167463) bgeu    a2, a7, pc + 40
core   0: 3 0x80008f00 (0x03167463)
core   0: 0x80008f04 (0x0269be33) mulhu   t3, s3, t1
core   0: 3 0x80008f04 (0x0269be33) x28 0x00000000
core   0: 0x80008f08 (0x10d08463) beq     ra, a3, pc + 264
core   0: 3 0x80008f08 (0x10d08463)
core   0: 0x80008f0c (0x017dbeb3) sltu    t4, s11, s7
core   0: 3 0x80008f0c (0x017dbeb3) x29 0x00000001
core   0: 0x80008f10 (0x03e4bfb3) mulhu   t6, s1, t5
core   0: 3 0x80008f10 (0x03e4bfb3) x31 0x00000001
core   0: 0x80008f14 (0x001a7133) and     sp, s4, ra
core   0: 3 0x80008f14 (0x001a7133) x 2 0x00000000
core   0: 0x80008f18 (0x101a4463) blt     s4, ra, pc + 264
core   0: 3 0x80008f18 (0x101a4463)
core   0: 0x80008f1c (0x0ab80593) addi    a1, a6, 171
core   0: 3 0x80008f1c (0x0ab80593) x11 0x6b14816f
core   0: 0x80008f20 (0x292b3613) sltiu   a2, s6, 658
core   0: 3 0x80008f20 (0x292b3613) x12 0x00000000
core   0: 0x80008f24 (0x6764ad17) auipc   s10, 0x6764a
core   0: 3 0x80008f24 (0x6764ad17) x26 0xe7652f24
core   0: 0x80008f28 (0xefa0ea93) ori     s5, ra, -262
core   0: 3 0x80008f28 (0xefa0ea93) x21 0xfffffefa
core   0: 0x80008f2c (0x024d0a33) mul     s4, s10, tp
core   0: 3 0x80008f2c (0x024d0a33) x20 0x537cba00
core   0: 0x80008f30 (0x02ed4333) div     t1, s10, a4
core   0: 3 0x80008f30 (0x02ed4333) x 6 0x00000001
core   0: 0x80008f34 (0x00000013) nop
core   0: 3 0x80008f34 (0x00000013)
core   0: 0x80008f38 (0xffe00593) li      a1, -2
core   0: 3 0x80008f38 (0xffe00593) x11 0xfffffffe
core   0: 0x80008f3c (0x91588993) addi    s3, a7, -1771
core   0: 3 0x80008f3c (0x91588993) x19 0xc9c315f7
core   0: 0x80008f40 (0x0068c9b3) xor     s3, a7, t1
core   0: 3 0x80008f40 (0x0068c9b3) x19 0xc9c31ce3
core   0: 0x80008f44 (0x08d33813) sltiu   a6, t1, 141
core   0: 3 0x80008f44 (0x08d33813) x16 0x00000001
core   0: 0x80008f48 (0x00600d13) li      s10, 6
core   0: 3 0x80008f48 (0x00600d13) x26 0x00000006
core   0: 0x80008f4c (0x037b5a33) divu    s4, s6, s7
core   0: 3 0x80008f4c (0x037b5a33) x20 0x00000000
core   0: 0x80008f50 (0x14d99297) auipc   t0, 0x14d99
core   0: 3 0x80008f50 (0x14d99297) x 5 0x94da1f50
core   0: 0x80008f54 (0xc9093693) sltiu   a3, s2, -880
core   0: 3 0x80008f54 (0xc9093693) x13 0x00000001
core   0: 0x80008f58 (0x00458593) addi    a1, a1, 4
core   0: 3 0x80008f58 (0x00458593) x11 0x00000002
core   0: 0x80008f5c (0x01225233) srl     tp, tp, s2
core   0: 3 0x80008f5c (0x01225233) x 4 0x7ffffd40
core   0: 0x80008f60 (0x01f6acb3) slt     s9, a3, t6
core   0: 3 0x80008f60 (0x01f6acb3) x25 0x00000000
core   0: 0x80008f64 (0x027bbfb3) mulhu   t6, s7, t2
core   0: 3 0x80008f64 (0x027bbfb3) x31 0x00000000
core   0: 0x80008f68 (0x00100613) li      a2, 1
core   0: 3 0x80008f68 (0x00100613) x12 0x00000001
core   0: 0x80008f6c (0xfff00a93) li      s5, -1
core   0: 3 0x80008f6c (0xfff00a93) x21 0xffffffff
core   0: 0x80008f70 (0x029218b3) mulh    a7, tp, s1
core   0: 3 0x80008f70 (0x029218b3) x17 0x00000001
core   0: 0x80008f74 (0x0065a933) slt     s2, a1, t1
core   0: 3 0x80008f74 (0x0065a933) x18 0x00000000
core   0: 0x80008f78 (0x41df0fb3) sub     t6, t5, t4
core   0: 3 0x80008f78 (0x41df0fb3) x31 0x7ffd6696
core   0: 0x80008f7c (0x018f31b3) sltu    gp, t5, s8
core   0: 3 0x80008f7c (0x018f31b3) x 3 0x00000000
core   0: 0x80008f80 (0x000b1bb3) sll     s7, s6, zero
core   0: 3 0x80008f80 (0x000b1bb3) x23 0x80025e2c
core   0: 0x80008f84 (0x006db333) sltu    t1, s11, t1
core   0: 3 0x80008f84 (0x006db333) x 6 0x00000000
core   0: 0x80008f88 (0x020d5fb3) divu    t6, s10, zero
core   0: 3 0x80008f88 (0x020d5fb3) x31 0xffffffff
core   0: 0x80008f8c (0x022e76b3) remu    a3, t3, sp
core   0: 3 0x80008f8c (0x022e76b3) x13 0x00000000
core   0: 0x80008f90 (0x00a3df33) srl     t5, t2, a0
core   0: 3 0x80008f90 (0x00a3df33) x30 0x00000000
core   0: 0x80008f94 (0xffe60613) addi    a2, a2, -2
core   0: 3 0x80008f94 (0xffe60613) x12 0xffffffff
core   0: 0x80008f98 (0xfd561ee3) bne     a2, s5, pc - 36
core   0: 3 0x80008f98 (0xfd561ee3)
core   0: 0x80008f9c (0x01c03333) snez    t1, t3
core   0: 3 0x80008f9c (0x01c03333) x 6 0x00000000
core   0: 0x80008fa0 (0x038578b3) remu    a7, a0, s8
core   0: 3 0x80008fa0 (0x038578b3) x17 0x00000000
core   0: 0x80008fa4 (0xdc850e93) addi    t4, a0, -568
core   0: 3 0x80008fa4 (0xdc850e93) x29 0xfffffdc8
core   0: 0x80008fa8 (0xfba584e3) beq     a1, s10, pc - 88
core   0: 3 0x80008fa8 (0xfba584e3)
core   0: 0x80008fac (0x009c3533) sltu    a0, s8, s1
core   0: 3 0x80008fac (0x009c3533) x10 0x00000000
core   0: 0x80008fb0 (0x02c55eb3) divu    t4, a0, a2
core   0: 3 0x80008fb0 (0x02c55eb3) x29 0x00000000
core   0: 0x80008fb4 (0x00bb0f17) auipc   t5, 0xbb0
core   0: 3 0x80008fb4 (0x00bb0f17) x30 0x80bb8fb4
core   0: 0x80008fb8 (0x62572a37) lui     s4, 0x62572
core   0: 3 0x80008fb8 (0x62572a37) x20 0x62572000
core   0: 0x80008fbc (0x00a00193) li      gp, 10
core   0: 3 0x80008fbc (0x00a00193) x 3 0x0000000a
core   0: 0x80008fc0 (0x012fb3b3) sltu    t2, t6, s2
core   0: 3 0x80008fc0 (0x012fb3b3) x 7 0x00000000
core   0: 0x80008fc4 (0x00900493) li      s1, 9
core   0: 3 0x80008fc4 (0x00900493) x 9 0x00000009
core   0: 0x80008fc8 (0x02ebb033) mulhu   zero, s7, a4
core   0: 3 0x80008fc8 (0x02ebb033)
core   0: 0x80008fcc (0x02c3eeb3) rem     t4, t2, a2
core   0: 3 0x80008fcc (0x02c3eeb3) x29 0x00000000
core   0: 0x80008fd0 (0xff818193) addi    gp, gp, -8
core   0: 3 0x80008fd0 (0xff818193) x 3 0x00000002
core   0: 0x80008fd4 (0x01a5ccb3) xor     s9, a1, s10
core   0: 3 0x80008fd4 (0x01a5ccb3) x25 0x00000004
core   0: 0x80008fd8 (0xfa29abb7) lui     s7, 0xfa29a
core   0: 3 0x80008fd8 (0xfa29abb7) x23 0xfa29a000
core   0: 0x80008fdc (0x20cbef93) ori     t6, s7, 524
core   0: 3 0x80008fdc (0x20cbef93) x31 0xfa29a20c
core   0: 0x80008fe0 (0x00600913) li      s2, 6
core   0: 3 0x80008fe0 (0x00600913) x18 0x00000006
core   0: 0x80008fe4 (0x00c00a13) li      s4, 12
core   0: 3 0x80008fe4 (0x00c00a13) x20 0x0000000c
core   0: 0x80008fe8 (0x00000013) nop
core   0: 3 0x80008fe8 (0x00000013)
core   0: 0x80008fec (0x008b7133) and     sp, s6, s0
core   0: 3 0x80008fec (0x008b7133) x 2 0x00000000
core   0: 0x80008ff0 (0x031855b3) divu    a1, a6, a7
core   0: 3 0x80008ff0 (0x031855b3) x11 0xffffffff
core   0: 0x80008ff4 (0x00690913) addi    s2, s2, 6
core   0: 3 0x80008ff4 (0x00690913) x18 0x0000000c
core   0: 0x80008ff8 (0x026bd6b3) divu    a3, s7, t1
core   0: 3 0x80008ff8 (0x026bd6b3) x13 0xffffffff
core   0: 0x80008ffc (0x6f838a97) auipc   s5, 0x6f838
core   0: 3 0x80008ffc (0x6f838a97) x21 0xef840ffc
core   0: 0x80009000 (0xff4906e3) beq     s2, s4, pc - 20
core   0: 3 0x80009000 (0xff4906e3)
core   0: 0x80008fec (0x008b7133) and     sp, s6, s0
core   0: 3 0x80008fec (0x008b7133) x 2 0x00000000
core   0: 0x80008ff0 (0x031855b3) divu    a1, a6, a7
core   0: 3 0x80008ff0 (0x031855b3) x11 0xffffffff
core   0: 0x80008ff4 (0x00690913) addi    s2, s2, 6
core   0: 3 0x80008ff4 (0x00690913) x18 0x00000012
core   0: 0x80008ff8 (0x026bd6b3) divu    a3, s7, t1
core   0: 3 0x80008ff8 (0x026bd6b3) x13 0xffffffff
core   0: 0x80008ffc (0x6f838a97) auipc   s5, 0x6f838
core   0: 3 0x80008ffc (0x6f838a97) x21 0xef840ffc
core   0: 0x80009000 (0xff4906e3) beq     s2, s4, pc - 20
core   0: 3 0x80009000 (0xff4906e3)
core   0: 0x80009004 (0x55ce6fb7) lui     t6, 0x55ce6
core   0: 3 0x80009004 (0x55ce6fb7) x31 0x55ce6000
core   0: 0x80009008 (0xfc91f2e3) bgeu    gp, s1, pc - 60
core   0: 3 0x80009008 (0xfc91f2e3)
core   0: 0x8000900c (0x03b5acb3) mulhsu  s9, a1, s11
core   0: 3 0x8000900c (0x03b5acb3) x25 0xffffffff
core   0: 0x80009010 (0x0006cd33) xor     s10, a3, zero
core   0: 3 0x80009010 (0x0006cd33) x26 0xffffffff
core   0: 0x80009014 (0x03ce4cb3) div     s9, t3, t3
core   0: 3 0x80009014 (0x03ce4cb3) x25 0xffffffff
core   0: 0x80009018 (0x01ff5833) srl     a6, t5, t6
core   0: 3 0x80009018 (0x01ff5833) x16 0x80bb8fb4
core   0: 0x8000901c (0xfbfce513) ori     a0, s9, -65
core   0: 3 0x8000901c (0xfbfce513) x10 0xffffffff
core   0: 0x80009020 (0x3d24c413) xori    s0, s1, 978
core   0: 3 0x80009020 (0x3d24c413) x 8 0x000003db
core   0: 0x80009024 (0x03d16c63) bltu    sp, t4, pc + 56
core   0: 3 0x80009024 (0x03d16c63)
core   0: 0x80009028 (0x00000013) nop
core   0: 3 0x80009028 (0x00000013)
core   0: 0x8000902c (0x03f4e863) bltu    s1, t6, pc + 48
core   0: 3 0x8000902c (0x03f4e863)
core   0: 0x8000905c (0x00117bb3) and     s7, sp, ra
core   0: 3 0x8000905c (0x00117bb3) x23 0x00000000
core   0: 0x80009060 (0x00a25b93) srli    s7, tp, 10
core   0: 3 0x80009060 (0x00a25b93) x23 0x001fffff
core   0: 0x80009064 (0x0340d933) divu    s2, ra, s4
core   0: 3 0x80009064 (0x0340d933) x18 0x00000000
core   0: 0x80009068 (0x018ad013) srli    zero, s5, 24
core   0: 3 0x80009068 (0x018ad013)
core   0: 0x8000906c (0x007038b3) snez    a7, t2
core   0: 3 0x8000906c (0x007038b3) x17 0x00000000
core   0: 0x80009070 (0x020bd663) bgez    s7, pc + 44
core   0: 3 0x80009070 (0x020bd663)
core   0: 0x8000909c (0x01ba9c63) bne     s5, s11, pc + 24
core   0: 3 0x8000909c (0x01ba9c63)
core   0: 0x800090b4 (0x036e78b3) remu    a7, t3, s6
core   0: 3 0x800090b4 (0x036e78b3) x17 0x00000000
core   0: 0x800090b8 (0x02e77333) remu    t1, a4, a4
core   0: 3 0x800090b8 (0x02e77333) x 6 0x00000000
core   0: 0x800090bc (0x01024ab3) xor     s5, tp, a6
core   0: 3 0x800090bc (0x01024ab3) x21 0xff4472f4
core   0: 0x800090c0 (0x9defc593) xori    a1, t6, -1570
core   0: 3 0x800090c0 (0x9defc593) x11 0xaa3199de
core   0: 0x800090c4 (0x00000013) nop
core   0: 3 0x800090c4 (0x00000013)
core   0: 0x800090c8 (0x40875313) srai    t1, a4, 8
core   0: 3 0x800090c8 (0x40875313) x 6 0xffeb14da
core   0: 0x800090cc (0x031c8633) mul     a2, s9, a7
core   0: 3 0x800090cc (0x031c8633) x12 0x00000000
core   0: 0x800090d0 (0x007b6e63) bltu    s6, t2, pc + 28
core   0: 3 0x800090d0 (0x007b6e63)
core   0: 0x800090d4 (0x94dfcf13) xori    t5, t6, -1715
core   0: 3 0x800090d4 (0x94dfcf13) x30 0xaa31994d
core   0: 0x800090d8 (0x03a8d7b3) divu    a5, a7, s10
core   0: 3 0x800090d8 (0x03a8d7b3) x15 0x00000000
core   0: 0x800090dc (0x01cad533) srl     a0, s5, t3
core   0: 3 0x800090dc (0x01cad533) x10 0xff4472f4
core   0: 0x800090e0 (0x3bc5ab93) slti    s7, a1, 956
core   0: 3 0x800090e0 (0x3bc5ab93) x23 0x00000001
core   0: 0x800090e4 (0x7499a593) slti    a1, s3, 1865
core   0: 3 0x800090e4 (0x7499a593) x11 0x00000001
core   0: 0x800090e8 (0x00000013) nop
core   0: 3 0x800090e8 (0x00000013)
core   0: 0x800090ec (0x02ded533) divu    a0, t4, a3
core   0: 3 0x800090ec (0x02ded533) x10 0x00000000
core   0: 0x800090f0 (0x4ccf6093) ori     ra, t5, 1228
core   0: 3 0x800090f0 (0x4ccf6093) x 1 0xaa319dcd
core   0: 0x800090f4 (0x01a674b3) and     s1, a2, s10
core   0: 3 0x800090f4 (0x01a674b3) x 9 0x00000000
core   0: 0x800090f8 (0x005225b3) slt     a1, tp, t0
core   0: 3 0x800090f8 (0x005225b3) x11 0x00000000
core   0: 0x800090fc (0x031f9a33) mulh    s4, t6, a7
core   0: 3 0x800090fc (0x031f9a33) x20 0x00000000
core   0: 0x80009100 (0x03ddde33) divu    t3, s11, t4
core   0: 3 0x80009100 (0x03ddde33) x28 0xffffffff
core   0: 0x80009104 (0x02645833) divu    a6, s0, t1
core   0: 3 0x80009104 (0x02645833) x16 0x00000000
core   0: 0x80009108 (0x41aa5f93) srai    t6, s4, 26
core   0: 3 0x80009108 (0x41aa5f93) x31 0x00000000
core   0: 0x8000910c (0x02901663) bne     zero, s1, pc + 44
core   0: 3 0x8000910c (0x02901663)
core   0: 0x80009110 (0x015cd133) srl     sp, s9, s5
core   0: 3 0x80009110 (0x015cd133) x 2 0x00000fff
core   0: 0x80009114 (0x0e1d82b7) lui     t0, 0xe1d8
core   0: 3 0x80009114 (0x0e1d82b7) x 5 0x0e1d8000
core   0: 0x80009118 (0x66382e93) slti    t4, a6, 1635
core   0: 3 0x80009118 (0x66382e93) x29 0x00000001
core   0: 0x8000911c (0x02cf4d33) div     s10, t5, a2
core   0: 3 0x8000911c (0x02cf4d33) x26 0xffffffff
core   0: 0x80009120 (0x03855663) bge     a0, s8, pc + 44
core   0: 3 0x80009120 (0x03855663)
core   0: 0x80009124 (0x406b59b3) sra     s3, s6, t1
core   0: 3 0x80009124 (0x406b59b3) x19 0xffffffe0
core   0: 0x80009128 (0x021768b3) rem     a7, a4, ra
core   0: 3 0x80009128 (0x021768b3) x17 0xeb14dae6
core   0: 0x8000912c (0x002b5c63) bge     s6, sp, pc + 24
core   0: 3 0x8000912c (0x002b5c63)
core   0: 0x80009130 (0x01595fb3) srl     t6, s2, s5
core   0: 3 0x80009130 (0x01595fb3) x31 0x00000000
core   0: 0x80009134 (0xbe18aa13) slti    s4, a7, -1055
core   0: 3 0x80009134 (0xbe18aa13) x20 0x00000001
core   0: 0x80009138 (0x027fde63) bge     t6, t2, pc + 60
core   0: 3 0x80009138 (0x027fde63)
core   0: 0x80009174 (0x03284fb3) div     t6, a6, s2
core   0: 3 0x80009174 (0x03284fb3) x31 0xffffffff
core   0: 0x80009178 (0x002ad093) srli    ra, s5, 2
core   0: 3 0x80009178 (0x002ad093) x 1 0x3fd11cbd
core   0: 0x8000917c (0x036970b3) remu    ra, s2, s6
core   0: 3 0x8000917c (0x036970b3) x 1 0x00000000
core   0: 0x80009180 (0xf26b2013) slti    zero, s6, -218
core   0: 3 0x80009180 (0xf26b2013)
core   0: 0x80009184 (0x41b05a13) srai    s4, zero, 27
core   0: 3 0x80009184 (0x41b05a13) x20 0x00000000
core   0: 0x80009188 (0x82c4f513) andi    a0, s1, -2004
core   0: 3 0x80009188 (0x82c4f513) x10 0x00000000
core   0: 0x8000918c (0x01286533) or      a0, a6, s2
core   0: 3 0x8000918c (0x01286533) x10 0x00000000
core   0: 0x80009190 (0xc59d9937) lui     s2, 0xc59d9
core   0: 3 0x80009190 (0xc59d9937) x18 0xc59d9000
core   0: 0x80009194 (0x03c1eab3) rem     s5, gp, t3
core   0: 3 0x80009194 (0x03c1eab3) x21 0x00000000
core   0: 0x80009198 (0x40450bb3) sub     s7, a0, tp
core   0: 3 0x80009198 (0x40450bb3) x23 0x800002c0
core   0: 0x8000919c (0x03e55233) divu    tp, a0, t5
core   0: 3 0x8000919c (0x03e55233) x 4 0x00000000
core   0: 0x800091a0 (0x00000013) nop
core   0: 3 0x800091a0 (0x00000013)
core   0: 0x800091a4 (0x034f7ab3) remu    s5, t5, s4
core   0: 3 0x800091a4 (0x034f7ab3) x21 0xaa31994d
core   0: 0x800091a8 (0x004c12b3) sll     t0, s8, tp
core   0: 3 0x800091a8 (0x004c12b3) x 5 0x000064e1
core   0: 0x800091ac (0x012b5a33) srl     s4, s6, s2
core   0: 3 0x800091ac (0x012b5a33) x20 0x80025e2c
core   0: 0x800091b0 (0x014d5a63) bge     s10, s4, pc + 20
core   0: 3 0x800091b0 (0x014d5a63)
core   0: 0x800091c4 (0x018b6033) or      zero, s6, s8
core   0: 3 0x800091c4 (0x018b6033)
core   0: 0x800091c8 (0x41865f33) sra     t5, a2, s8
core   0: 3 0x800091c8 (0x41865f33) x30 0x00000000
core   0: 0x800091cc (0x01420133) add     sp, tp, s4
core   0: 3 0x800091cc (0x01420133) x 2 0x80025e2c
core   0: 0x800091d0 (0x00bbb433) sltu    s0, s7, a1
core   0: 3 0x800091d0 (0x00bbb433) x 8 0x00000000
core   0: 0x800091d4 (0xc07d2893) slti    a7, s10, -1017
core   0: 3 0x800091d4 (0xc07d2893) x17 0x00000000
core   0: 0x800091d8 (0x00000013) nop
core   0: 3 0x800091d8 (0x00000013)
core   0: 0x800091dc (0x011426b3) slt     a3, s0, a7
core   0: 3 0x800091dc (0x011426b3) x13 0x00000000
core   0: 0x800091e0 (0x0321f433) remu    s0, gp, s2
core   0: 3 0x800091e0 (0x0321f433) x 8 0x00000002
core   0: 0x800091e4 (0x027d8833) mul     a6, s11, t2
core   0: 3 0x800091e4 (0x027d8833) x16 0x00000000
core   0: 0x800091e8 (0x41150f33) sub     t5, a0, a7
core   0: 3 0x800091e8 (0x41150f33) x30 0x00000000
core   0: 0x800091ec (0x40005393) srai    t2, zero, 0
core   0: 3 0x800091ec (0x40005393) x 7 0x00000000
core   0: 0x800091f0 (0x0060ff33) and     t5, ra, t1
core   0: 3 0x800091f0 (0x0060ff33) x30 0x00000000
core   0: 0x800091f4 (0x626e7513) andi    a0, t3, 1574
core   0: 3 0x800091f4 (0x626e7513) x10 0x00000626
core   0: 0x800091f8 (0x0742fe63) bgeu    t0, s4, pc + 124
core   0: 3 0x800091f8 (0x0742fe63)
core   0: 0x800091fc (0x00d8c263) blt     a7, a3, pc + 4
core   0: 3 0x800091fc (0x00d8c263)
core   0: 0x80009200 (0x0015a8b3) slt     a7, a1, ra
core   0: 3 0x80009200 (0x0015a8b3) x17 0x00000000
core   0: 0x80009204 (0x00effbb3) and     s7, t6, a4
core   0: 3 0x80009204 (0x00effbb3) x23 0xeb14dae6
core   0: 0x80009208 (0x031ec633) div     a2, t4, a7
core   0: 3 0x80009208 (0x031ec633) x12 0xffffffff
core   0: 0x8000920c (0x00943a33) sltu    s4, s0, s1
core   0: 3 0x8000920c (0x00943a33) x20 0x00000000
core   0: 0x80009210 (0xef8f0417) auipc   s0, 0xef8f0
core   0: 3 0x80009210 (0xef8f0417) x 8 0x6f8f9210
core   0: 0x80009214 (0x03753333) mulhu   t1, a0, s7
core   0: 3 0x80009214 (0x03753333) x 6 0x000005a5
core   0: 0x80009218 (0x41935093) srai    ra, t1, 25
core   0: 3 0x80009218 (0x41935093) x 1 0x00000000
core   0: 0x8000921c (0x00c21613) slli    a2, tp, 12
core   0: 3 0x8000921c (0x00c21613) x12 0x00000000
core   0: 0x80009220 (0x008635b3) sltu    a1, a2, s0
core   0: 3 0x80009220 (0x008635b3) x11 0x00000001
core   0: 0x80009224 (0x4d4b0037) lui     zero, 0x4d4b0
core   0: 3 0x80009224 (0x4d4b0037)
core   0: 0x80009228 (0x035a4eb3) div     t4, s4, s5
core   0: 3 0x80009228 (0x035a4eb3) x29 0x00000000
core   0: 0x8000922c (0x02e5af33) mulhsu  t5, a1, a4
core   0: 3 0x8000922c (0x02e5af33) x30 0x00000000
core   0: 0x80009230 (0x349be313) ori     t1, s7, 841
core   0: 3 0x80009230 (0x349be313) x 6 0xeb14dbef
core   0: 0x80009234 (0x01813d33) sltu    s10, sp, s8
core   0: 3 0x80009234 (0x01813d33) x26 0x00000000
core   0: 0x80009238 (0xffffb297) auipc   t0, 0xffffb
core   0: 3 0x80009238 (0xffffb297) x 5 0x80004238
core   0: 0x8000923c (0xf3c28293) addi    t0, t0, -196
core   0: 3 0x8000923c (0xf3c28293) x 5 0x80004174
core   0: 0x80009240 (0xf2f28293) addi    t0, t0, -209
core   0: 3 0x80009240 (0xf2f28293) x 5 0x800040a3
core   0: 0x80009244 (0x024753b3) divu    t2, a4, tp
core   0: 3 0x80009244 (0x024753b3) x 7 0xffffffff
core   0: 0x80009248 (0x01497463) bgeu    s2, s4, pc + 8
core   0: 3 0x80009248 (0x01497463)
core   0: 0x80009250 (0x0d2280e7) jalr    ra, t0, 210
core   0: 3 0x80009250 (0x0d2280e7) x 1 0x80009254
core   0: 0x80004174 (0x000aafb3) slt     t6, s5, zero
core   0: 3 0x80004174 (0x000aafb3) x31 0x00000001
core   0: 0x80004178 (0x0f136c97) auipc   s9, 0xf136
core   0: 3 0x80004178 (0x0f136c97) x25 0x8f13a178
core   0: 0x8000417c (0x8b09e793) ori     a5, s3, -1872
core   0: 3 0x8000417c (0x8b09e793) x15 0xfffffff0
core   0: 0x80004180 (0x0021da13) srli    s4, gp, 2
core   0: 3 0x80004180 (0x0021da13) x20 0x00000000
core   0: 0x80004184 (0x0089f263) bgeu    s3, s0, pc + 4
core   0: 3 0x80004184 (0x0089f263)
core   0: 0x80004188 (0xfc0b0b13) addi    s6, s6, -64
core   0: 3 0x80004188 (0xfc0b0b13) x22 0x80025dec
core   0: 0x8000418c (0x3fab4593) xori    a1, s6, 1018
core   0: 3 0x8000418c (0x3fab4593) x11 0x80025e16
core   0: 0x80004190 (0x001b2223) sw      ra, 4(s6)
core   0: 3 0x80004190 (0x001b2223) mem 0x80025df0 0x80009254
core   0: 0x80004194 (0x01745393) srli    t2, s0, 23
core   0: 3 0x80004194 (0x01745393) x 7 0x000000df
core   0: 0x80004198 (0xffa00c93) li      s9, -6
core   0: 3 0x80004198 (0xffa00c93) x25 0xfffffffa
core   0: 0x8000419c (0x314c7393) andi    t2, s8, 788
core   0: 3 0x8000419c (0x314c7393) x 7 0x00000000
core   0: 0x800041a0 (0x03d7aa33) mulhsu  s4, a5, t4
core   0: 3 0x800041a0 (0x03d7aa33) x20 0x00000000
core   0: 0x800041a4 (0x1a8f0093) addi    ra, t5, 424
core   0: 3 0x800041a4 (0x1a8f0093) x 1 0x000001a8
core   0: 0x800041a8 (0x7c447313) andi    t1, s0, 1988
core   0: 3 0x800041a8 (0x7c447313) x 6 0x00000200
core   0: 0x800041ac (0x0300f433) remu    s0, ra, a6
core   0: 3 0x800041ac (0x0300f433) x 8 0x000001a8
core   0: 0x800041b0 (0xde926f13) ori     t5, tp, -535
core   0: 3 0x800041b0 (0xde926f13) x30 0xfffffde9
core   0: 0x800041b4 (0x1a4ee413) ori     s0, t4, 420
core   0: 3 0x800041b4 (0x1a4ee413) x 8 0x000001a4
core   0: 0x800041b8 (0x00000f93) li      t6, 0
core   0: 3 0x800041b8 (0x00000f93) x31 0x00000000
core   0: 0x800041bc (0x409ad693) srai    a3, s5, 9
core   0: 3 0x800041bc (0x409ad693) x13 0xffd518cc
core   0: 0x800041c0 (0x02213833) mulhu   a6, sp, sp
core   0: 3 0x800041c0 (0x02213833) x16 0x40025e31
core   0: 0x800041c4 (0x017c5613) srli    a2, s8, 23
core   0: 3 0x800041c4 (0x017c5613) x12 0x00000000
core   0: 0x800041c8 (0x00000013) nop
core   0: 3 0x800041c8 (0x00000013)
core   0: 0x800041cc (0x24d87393) andi    t2, a6, 589
core   0: 3 0x800041cc (0x24d87393) x 7 0x00000201
core   0: 0x800041d0 (0xa4d33793) sltiu   a5, t1, -1459
core   0: 3 0x800041d0 (0xa4d33793) x15 0x00000001
core   0: 0x800041d4 (0x002c8c93) addi    s9, s9, 2
core   0: 3 0x800041d4 (0x002c8c93) x25 0xfffffffc
core   0: 0x800041d8 (0x00e9fc33) and     s8, s3, a4
core   0: 3 0x800041d8 (0x00e9fc33) x24 0xeb14dae0
core   0: 0x800041dc (0x003437b3) sltu    a5, s0, gp
core   0: 3 0x800041dc (0x003437b3) x15 0x00000000
core   0: 0x800041e0 (0xfffc96e3) bne     s9, t6, pc - 20
core   0: 3 0x800041e0 (0xfffc96e3)
core   0: 0x800041cc (0x24d87393) andi    t2, a6, 589
core   0: 3 0x800041cc (0x24d87393) x 7 0x00000201
core   0: 0x800041d0 (0xa4d33793) sltiu   a5, t1, -1459
core   0: 3 0x800041d0 (0xa4d33793) x15 0x00000001
core   0: 0x800041d4 (0x002c8c93) addi    s9, s9, 2
core   0: 3 0x800041d4 (0x002c8c93) x25 0xfffffffe
core   0: 0x800041d8 (0x00e9fc33) and     s8, s3, a4
core   0: 3 0x800041d8 (0x00e9fc33) x24 0xeb14dae0
core   0: 0x800041dc (0x003437b3) sltu    a5, s0, gp
core   0: 3 0x800041dc (0x003437b3) x15 0x00000000
core   0: 0x800041e0 (0xfffc96e3) bne     s9, t6, pc - 20
core   0: 3 0x800041e0 (0xfffc96e3)
core   0: 0x800041cc (0x24d87393) andi    t2, a6, 589
core   0: 3 0x800041cc (0x24d87393) x 7 0x00000201
core   0: 0x800041d0 (0xa4d33793) sltiu   a5, t1, -1459
core   0: 3 0x800041d0 (0xa4d33793) x15 0x00000001
core   0: 0x800041d4 (0x002c8c93) addi    s9, s9, 2
core   0: 3 0x800041d4 (0x002c8c93) x25 0x00000000
core   0: 0x800041d8 (0x00e9fc33) and     s8, s3, a4
core   0: 3 0x800041d8 (0x00e9fc33) x24 0xeb14dae0
core   0: 0x800041dc (0x003437b3) sltu    a5, s0, gp
core   0: 3 0x800041dc (0x003437b3) x15 0x00000000
core   0: 0x800041e0 (0xfffc96e3) bne     s9, t6, pc - 20
core   0: 3 0x800041e0 (0xfffc96e3)
core   0: 0x800041e4 (0x0145c9b3) xor     s3, a1, s4
core   0: 3 0x800041e4 (0x0145c9b3) x19 0x80025e16
core   0: 0x800041e8 (0x00000a93) li      s5, 0
core   0: 3 0x800041e8 (0x00000a93) x21 0x00000000
core   0: 0x800041ec (0x03f1bd33) mulhu   s10, gp, t6
core   0: 3 0x800041ec (0x03f1bd33) x26 0x00000000
core   0: 0x800041f0 (0x00ac9793) slli    a5, s9, 10
core   0: 3 0x800041f0 (0x00ac9793) x15 0x00000000
core   0: 0x800041f4 (0xf59c2313) slti    t1, s8, -167
core   0: 3 0x800041f4 (0xf59c2313) x 6 0x00000001
core   0: 0x800041f8 (0x00019813) slli    a6, gp, 0
core   0: 3 0x800041f8 (0x00019813) x16 0x00000002
core   0: 0x800041fc (0x00e4d113) srli    sp, s1, 14
core   0: 3 0x800041fc (0x00e4d113) x 2 0x00000000
core   0: 0x80004200 (0x414d0833) sub     a6, s10, s4
core   0: 3 0x80004200 (0x414d0833) x16 0x00000000
core   0: 0x80004204 (0x40810e33) sub     t3, sp, s0
core   0: 3 0x80004204 (0x40810e33) x28 0xfffffe5c
core   0: 0x80004208 (0x666ee413) ori     s0, t4, 1638
core   0: 3 0x80004208 (0x666ee413) x 8 0x00000666
core   0: 0x8000420c (0x0346ea33) rem     s4, a3, s4
core   0: 3 0x8000420c (0x0346ea33) x20 0xffd518cc
core   0: 0x80004210 (0x00d319b3) sll     s3, t1, a3
core   0: 3 0x80004210 (0x00d319b3) x19 0x00001000
core   0: 0x80004214 (0x00c00093) li      ra, 12
core   0: 3 0x80004214 (0x00c00093) x 1 0x0000000c
core   0: 0x80004218 (0x46a47d13) andi    s10, s0, 1130
core   0: 3 0x80004218 (0x46a47d13) x26 0x00000462
core   0: 0x8000421c (0x005821b3) slt     gp, a6, t0
core   0: 3 0x8000421c (0x005821b3) x 3 0x00000000
core   0: 0x80004220 (0xc5bf2593) slti    a1, t5, -933
core   0: 3 0x80004220 (0xc5bf2593) x11 0x00000000
core   0: 0x80004224 (0x010b1f93) slli    t6, s6, 16
core   0: 3 0x80004224 (0x010b1f93) x31 0x5dec0000
core   0: 0x80004228 (0x012ccf33) xor     t5, s9, s2
core   0: 3 0x80004228 (0x012ccf33) x30 0xc59d9000
core   0: 0x8000422c (0x008a8a93) addi    s5, s5, 8
core   0: 3 0x8000422c (0x008a8a93) x21 0x00000008
core   0: 0x80004230 (0x033e7f33) remu    t5, t3, s3
core   0: 3 0x80004230 (0x033e7f33) x30 0x00000e5c
core   0: 0x80004234 (0x00526bb3) or      s7, tp, t0
core   0: 3 0x80004234 (0x00526bb3) x23 0x800040a3
core   0: 0x80004238 (0xf9a8c993) xori    s3, a7, -102
core   0: 3 0x80004238 (0xf9a8c993) x19 0xffffff9a
core   0: 0x8000423c (0x03d99833) mulh    a6, s3, t4
core   0: 3 0x8000423c (0x03d99833) x16 0x00000000
core   0: 0x80004240 (0xfc1aeee3) bltu    s5, ra, pc - 36
core   0: 3 0x80004240 (0xfc1aeee3)
core   0: 0x8000421c (0x005821b3) slt     gp, a6, t0
core   0: 3 0x8000421c (0x005821b3) x 3 0x00000000
core   0: 0x80004220 (0xc5bf2593) slti    a1, t5, -933
core   0: 3 0x80004220 (0xc5bf2593) x11 0x00000000
core   0: 0x80004224 (0x010b1f93) slli    t6, s6, 16
core   0: 3 0x80004224 (0x010b1f93) x31 0x5dec0000
core   0: 0x80004228 (0x012ccf33) xor     t5, s9, s2
core   0: 3 0x80004228 (0x012ccf33) x30 0xc59d9000
core   0: 0x8000422c (0x008a8a93) addi    s5, s5, 8
core   0: 3 0x8000422c (0x008a8a93) x21 0x00000010
core   0: 0x80004230 (0x033e7f33) remu    t5, t3, s3
core   0: 3 0x80004230 (0x033e7f33) x30 0xfffffe5c
core   0: 0x80004234 (0x00526bb3) or      s7, tp, t0
core   0: 3 0x80004234 (0x00526bb3) x23 0x800040a3
core   0: 0x80004238 (0xf9a8c993) xori    s3, a7, -102
core   0: 3 0x80004238 (0xf9a8c993) x19 0xffffff9a
core   0: 0x8000423c (0x03d99833) mulh    a6, s3, t4
core   0: 3 0x8000423c (0x03d99833) x16 0x00000000
core   0: 0x80004240 (0xfc1aeee3) bltu    s5, ra, pc - 36
core   0: 3 0x80004240 (0xfc1aeee3)
core   0: 0x80004244 (0x02d082b3) mul     t0, ra, a3
core   0: 3 0x80004244 (0x02d082b3) x 5 0xfdfd2990
core   0: 0x80004248 (0xff600493) li      s1, -10
core   0: 3 0x80004248 (0xff600493) x 9 0xfffffff6
core   0: 0x8000424c (0xc31fcc97) auipc   s9, 0xc31fc
core   0: 3 0x8000424c (0xc31fcc97) x25 0x4320024c
core   0: 0x80004250 (0x00a00093) li      ra, 10
core   0: 3 0x80004250 (0x00a00093) x 1 0x0000000a
core   0: 0x80004254 (0x80a9fb93) andi    s7, s3, -2038
core   0: 3 0x80004254 (0x80a9fb93) x23 0xfffff80a
core   0: 0x80004258 (0x0034a033) slt     zero, s1, gp
core   0: 3 0x80004258 (0x0034a033)
core   0: 0x8000425c (0x00a48493) addi    s1, s1, 10
core   0: 3 0x8000425c (0x00a48493) x 9 0x00000000
core   0: 0x80004260 (0xfe148ae3) beq     s1, ra, pc - 12
core   0: 3 0x80004260 (0xfe148ae3)
core   0: 0x80004264 (0x40d95e93) srai    t4, s2, 13
core   0: 3 0x80004264 (0x40d95e93) x29 0xfffe2cec
core   0: 0x80004268 (0x00800f93) li      t6, 8
core   0: 3 0x80004268 (0x00800f93) x31 0x00000008
core   0: 0x8000426c (0x00600193) li      gp, 6
core   0: 3 0x8000426c (0x00600193) x 3 0x00000006
core   0: 0x80004270 (0x99097393) andi    t2, s2, -1648
core   0: 3 0x80004270 (0x99097393) x 7 0xc59d9000
core   0: 0x80004274 (0xffcf8f93) addi    t6, t6, -4
core   0: 3 0x80004274 (0xffcf8f93) x31 0x00000004
core   0: 0x80004278 (0x01be1233) sll     tp, t3, s11
core   0: 3 0x80004278 (0x01be1233) x 4 0xffffe5c0
core   0: 0x8000427c (0x00900513) li      a0, 9
core   0: 3 0x8000427c (0x00900513) x10 0x00000009
core   0: 0x80004280 (0x00a00093) li      ra, 10
core   0: 3 0x80004280 (0x00a00093) x 1 0x0000000a
core   0: 0x80004284 (0x004d6bb3) or      s7, s10, tp
core   0: 3 0x80004284 (0x004d6bb3) x23 0xffffe5e2
core   0: 0x80004288 (0x00150513) addi    a0, a0, 1
core   0: 3 0x80004288 (0x00150513) x10 0x0000000a
core   0: 0x8000428c (0xfe151ce3) bne     a0, ra, pc - 8
core   0: 3 0x8000428c (0xfe151ce3)
core   0: 0x80004290 (0xeaa14493) xori    s1, sp, -342
core   0: 3 0x80004290 (0xeaa14493) x 9 0xfffffeaa
core   0: 0x80004294 (0xfc3ffee3) bgeu    t6, gp, pc - 36
core   0: 3 0x80004294 (0xfc3ffee3)
core   0: 0x80004298 (0x0129abb3) slt     s7, s3, s2
core   0: 3 0x80004298 (0x0129abb3) x23 0x00000000
core   0: 0x8000429c (0xffe00613) li      a2, -2
core   0: 3 0x8000429c (0xffe00613) x12 0xfffffffe
core   0: 0x800042a0 (0x4bdb6f97) auipc   t6, 0x4bdb6
core   0: 3 0x800042a0 (0x4bdb6f97) x31 0xcbdba2a0
core   0: 0x800042a4 (0x361aee13) ori     t3, s5, 865
core   0: 3 0x800042a4 (0x361aee13) x28 0x00000371
core   0: 0x800042a8 (0x12c5c813) xori    a6, a1, 300
core   0: 3 0x800042a8 (0x12c5c813) x16 0x0000012c
core   0: 0x800042ac (0xfff00f13) li      t5, -1
core   0: 3 0x800042ac (0xfff00f13) x30 0xffffffff
core   0: 0x800042b0 (0x747a2c13) slti    s8, s4, 1863
core   0: 3 0x800042b0 (0x747a2c13) x24 0x00000001
core   0: 0x800042b4 (0x01b481b3) add     gp, s1, s11
core   0: 3 0x800042b4 (0x01b481b3) x 3 0x80029b8e
core   0: 0x800042b8 (0x00860613) addi    a2, a2, 8
core   0: 3 0x800042b8 (0x00860613) x12 0x00000006
core   0: 0x800042bc (0x018fb233) sltu    tp, t6, s8
core   0: 3 0x800042bc (0x018fb233) x 4 0x00000000
core   0: 0x800042c0 (0x00a5ea33) or      s4, a1, a0
core   0: 3 0x800042c0 (0x00a5ea33) x20 0x0000000a
core   0: 0x800042c4 (0x00300e93) li      t4, 3
core   0: 3 0x800042c4 (0x00300e93) x29 0x00000003
core   0: 0x800042c8 (0x035710b3) mulh    ra, a4, s5
core   0: 3 0x800042c8 (0x035710b3) x 1 0xfffffffe
core   0: 0x800042cc (0x02c8e233) rem     tp, a7, a2
core   0: 3 0x800042cc (0x02c8e233) x 4 0x00000000
core   0: 0x800042d0 (0x01200513) li      a0, 18
core   0: 3 0x800042d0 (0x01200513) x10 0x00000012
core   0: 0x800042d4 (0x01112233) slt     tp, sp, a7
core   0: 3 0x800042d4 (0x01112233) x 4 0x00000000
core   0: 0x800042d8 (0x4127dab3) sra     s5, a5, s2
core   0: 3 0x800042d8 (0x4127dab3) x21 0x00000000
core   0: 0x800042dc (0x003e8e93) addi    t4, t4, 3
core   0: 3 0x800042dc (0x003e8e93) x29 0x00000006
core   0: 0x800042e0 (0x02d2d333) divu    t1, t0, a3
core   0: 3 0x800042e0 (0x02d2d333) x 6 0x00000000
core   0: 0x800042e4 (0x79883593) sltiu   a1, a6, 1944
core   0: 3 0x800042e4 (0x79883593) x11 0x00000001
core   0: 0x800042e8 (0x006c4e33) xor     t3, s8, t1
core   0: 3 0x800042e8 (0x006c4e33) x28 0x00000001
core   0: 0x800042ec (0x026644b3) div     s1, a2, t1
core   0: 3 0x800042ec (0x026644b3) x 9 0xffffffff
core   0: 0x800042f0 (0x017394b3) sll     s1, t2, s7
core   0: 3 0x800042f0 (0x017394b3) x 9 0xc59d9000
core   0: 0x800042f4 (0x9395c597) auipc   a1, 0x9395c
core   0: 3 0x800042f4 (0x9395c597) x11 0x139602f4
core   0: 0x800042f8 (0x02040333) mul     t1, s0, zero
core   0: 3 0x800042f8 (0x02040333) x 6 0x00000000
core   0: 0x800042fc (0x40fad693) srai    a3, s5, 15
core   0: 3 0x800042fc (0x40fad693) x13 0x00000000
core   0: 0x80004300 (0xfcae8ae3) beq     t4, a0, pc - 44
core   0: 3 0x80004300 (0xfcae8ae3)
core   0: 0x80004304 (0x025ad333) divu    t1, s5, t0
core   0: 3 0x80004304 (0x025ad333) x 6 0x00000000
core   0: 0x80004308 (0x919a8a93) addi    s5, s5, -1767
core   0: 3 0x80004308 (0x919a8a93) x21 0xfffff919
core   0: 0x8000430c (0xa80f0837) lui     a6, 0xa80f0
core   0: 3 0x8000430c (0xa80f0837) x16 0xa80f0000
core   0: 0x80004310 (0x021f37b3) mulhu   a5, t5, ra
core   0: 3 0x80004310 (0x021f37b3) x15 0xfffffffd
core   0: 0x80004314 (0xf9e64ee3) blt     a2, t5, pc - 100
core   0: 3 0x80004314 (0xf9e64ee3)
core   0: 0x80004318 (0x009955b3) srl     a1, s2, s1
core   0: 3 0x80004318 (0x009955b3) x11 0xc59d9000
core   0: 0x8000431c (0xfff00313) li      t1, -1
core   0: 3 0x8000431c (0xfff00313) x 6 0xffffffff
core   0: 0x80004320 (0xf8899c17) auipc   s8, 0xf8899
core   0: 3 0x80004320 (0xf8899c17) x24 0x7889d320
core   0: 0x80004324 (0xff300393) li      t2, -13
core   0: 3 0x80004324 (0xff300393) x 7 0xfffffff3
core   0: 0x80004328 (0x0027beb3) sltu    t4, a5, sp
core   0: 3 0x80004328 (0x0027beb3) x29 0x00000000
core   0: 0x8000432c (0x02fb5533) divu    a0, s6, a5
core   0: 3 0x8000432c (0x02fb5533) x10 0x00000000
core   0: 0x80004330 (0x525b2a13) slti    s4, s6, 1317
core   0: 3 0x80004330 (0x525b2a13) x20 0x00000001
core   0: 0x80004334 (0x012d4bb3) xor     s7, s10, s2
core   0: 3 0x80004334 (0x012d4bb3) x23 0xc59d9462
core   0: 0x80004338 (0x412e55b3) sra     a1, t3, s2
core   0: 3 0x80004338 (0x412e55b3) x11 0x00000001
core   0: 0x8000433c (0x01722c33) slt     s8, tp, s7
core   0: 3 0x8000433c (0x01722c33) x24 0x00000000
core   0: 0x80004340 (0x8378cfb7) lui     t6, 0x8378c
core   0: 3 0x80004340 (0x8378cfb7) x31 0x8378c000
core   0: 0x80004344 (0xffa30313) addi    t1, t1, -6
core   0: 3 0x80004344 (0xffa30313) x 6 0xfffffff9
core   0: 0x80004348 (0x72333a93) sltiu   s5, t1, 1827
core   0: 3 0x80004348 (0x72333a93) x21 0x00000000
core   0: 0x8000434c (0xffc00d13) li      s10, -4
core   0: 3 0x8000434c (0xffc00d13) x26 0xfffffffc
core   0: 0x80004350 (0x0168f6b3) and     a3, a7, s6
core   0: 3 0x80004350 (0x0168f6b3) x13 0x00000000
core   0: 0x80004354 (0x01200913) li      s2, 18
core   0: 3 0x80004354 (0x01200913) x18 0x00000012
core   0: 0x80004358 (0x010ce5b3) or      a1, s9, a6
core   0: 3 0x80004358 (0x010ce5b3) x11 0xeb2f024c
core   0: 0x8000435c (0x02f9f0b3) remu    ra, s3, a5
core   0: 3 0x8000435c (0x02f9f0b3) x 1 0xffffff9a
core   0: 0x80004360 (0x6ac94e93) xori    t4, s2, 1708
core   0: 3 0x80004360 (0x6ac94e93) x29 0x000006be
core   0: 0x80004364 (0x0320b133) mulhu   sp, ra, s2
core   0: 3 0x80004364 (0x0320b133) x 2 0x00000011
core   0: 0x80004368 (0xd1b0b413) sltiu   s0, ra, -741
core   0: 3 0x80004368 (0xd1b0b413) x 8 0x00000000
core   0: 0x8000436c (0x37e48f17) auipc   t5, 0x37e48
core   0: 3 0x8000436c (0x37e48f17) x30 0xb7e4c36c
core   0: 0x80004370 (0x03a3d4b3) divu    s1, t2, s10
core   0: 3 0x80004370 (0x03a3d4b3) x 9 0x00000000
core   0: 0x80004374 (0x009d0d13) addi    s10, s10, 9
core   0: 3 0x80004374 (0x009d0d13) x26 0x00000005
core   0: 0x80004378 (0xff2d64e3) bltu    s10, s2, pc - 24
core   0: 3 0x80004378 (0xff2d64e3)
core   0: 0x80004360 (0x6ac94e93) xori    t4, s2, 1708
core   0: 3 0x80004360 (0x6ac94e93) x29 0x000006be
core   0: 0x80004364 (0x0320b133) mulhu   sp, ra, s2
core   0: 3 0x80004364 (0x0320b133) x 2 0x00000011
core   0: 0x80004368 (0xd1b0b413) sltiu   s0, ra, -741
core   0: 3 0x80004368 (0xd1b0b413) x 8 0x00000000
core   0: 0x8000436c (0x37e48f17) auipc   t5, 0x37e48
core   0: 3 0x8000436c (0x37e48f17) x30 0xb7e4c36c
core   0: 0x80004370 (0x03a3d4b3) divu    s1, t2, s10
core   0: 3 0x80004370 (0x03a3d4b3) x 9 0x33333330
core   0: 0x80004374 (0x009d0d13) addi    s10, s10, 9
core   0: 3 0x80004374 (0x009d0d13) x26 0x0000000e
core   0: 0x80004378 (0xff2d64e3) bltu    s10, s2, pc - 24
core   0: 3 0x80004378 (0xff2d64e3)
core   0: 0x80004360 (0x6ac94e93) xori    t4, s2, 1708
core   0: 3 0x80004360 (0x6ac94e93) x29 0x000006be
core   0: 0x80004364 (0x0320b133) mulhu   sp, ra, s2
core   0: 3 0x80004364 (0x0320b133) x 2 0x00000011
core   0: 0x80004368 (0xd1b0b413) sltiu   s0, ra, -741
core   0: 3 0x80004368 (0xd1b0b413) x 8 0x00000000
core   0: 0x8000436c (0x37e48f17) auipc   t5, 0x37e48
core   0: 3 0x8000436c (0x37e48f17) x30 0xb7e4c36c
core   0: 0x80004370 (0x03a3d4b3) divu    s1, t2, s10
core   0: 3 0x80004370 (0x03a3d4b3) x 9 0x12492491
core   0: 0x80004374 (0x009d0d13) addi    s10, s10, 9
core   0: 3 0x80004374 (0x009d0d13) x26 0x00000017
core   0: 0x80004378 (0xff2d64e3) bltu    s10, s2, pc - 24
core   0: 3 0x80004378 (0xff2d64e3)
core   0: 0x8000437c (0xfa7358e3) bge     t1, t2, pc - 80
core   0: 3 0x8000437c (0xfa7358e3)
core   0: 0x8000432c (0x02fb5533) divu    a0, s6, a5
core   0: 3 0x8000432c (0x02fb5533) x10 0x00000000
core   0: 0x80004330 (0x525b2a13) slti    s4, s6, 1317
core   0: 3 0x80004330 (0x525b2a13) x20 0x00000001
core   0: 0x80004334 (0x012d4bb3) xor     s7, s10, s2
core   0: 3 0x80004334 (0x012d4bb3) x23 0x00000005
core   0: 0x80004338 (0x412e55b3) sra     a1, t3, s2
core   0: 3 0x80004338 (0x412e55b3) x11 0x00000000
core   0: 0x8000433c (0x01722c33) slt     s8, tp, s7
core   0: 3 0x8000433c (0x01722c33) x24 0x00000001
core   0: 0x80004340 (0x8378cfb7) lui     t6, 0x8378c
core   0: 3 0x80004340 (0x8378cfb7) x31 0x8378c000
core   0: 0x80004344 (0xffa30313) addi    t1, t1, -6
core   0: 3 0x80004344 (0xffa30313) x 6 0xfffffff3
core   0: 0x80004348 (0x72333a93) sltiu   s5, t1, 1827
core   0: 3 0x80004348 (0x72333a93) x21 0x00000000
core   0: 0x8000434c (0xffc00d13) li      s10, -4
core   0: 3 0x8000434c (0xffc00d13) x26 0xfffffffc
core   0: 0x80004350 (0x0168f6b3) and     a3, a7, s6
core   0: 3 0x80004350 (0x0168f6b3) x13 0x00000000
core   0: 0x80004354 (0x01200913) li      s2, 18
core   0: 3 0x80004354 (0x01200913) x18 0x00000012
core   0: 0x80004358 (0x010ce5b3) or      a1, s9, a6
core   0: 3 0x80004358 (0x010ce5b3) x11 0xeb2f024c
core   0: 0x8000435c (0x02f9f0b3) remu    ra, s3, a5
core   0: 3 0x8000435c (0x02f9f0b3) x 1 0xffffff9a
core   0: 0x80004360 (0x6ac94e93) xori    t4, s2, 1708
core   0: 3 0x80004360 (0x6ac94e93) x29 0x000006be
core   0: 0x80004364 (0x0320b133) mulhu   sp, ra, s2
core   0: 3 0x80004364 (0x0320b133) x 2 0x00000011
core   0: 0x80004368 (0xd1b0b413) sltiu   s0, ra, -741
core   0: 3 0x80004368 (0xd1b0b413) x 8 0x00000000
core   0: 0x8000436c (0x37e48f17) auipc   t5, 0x37e48
core   0: 3 0x8000436c (0x37e48f17) x30 0xb7e4c36c
core   0: 0x80004370 (0x03a3d4b3) divu    s1, t2, s10
core   0: 3 0x80004370 (0x03a3d4b3) x 9 0x00000000
core   0: 0x80004374 (0x009d0d13) addi    s10, s10, 9
core   0: 3 0x80004374 (0x009d0d13) x26 0x00000005
core   0: 0x80004378 (0xff2d64e3) bltu    s10, s2, pc - 24
core   0: 3 0x80004378 (0xff2d64e3)
core   0: 0x80004360 (0x6ac94e93) xori    t4, s2, 1708
core   0: 3 0x80004360 (0x6ac94e93) x29 0x000006be
core   0: 0x80004364 (0x0320b133) mulhu   sp, ra, s2
core   0: 3 0x80004364 (0x0320b133) x 2 0x00000011
core   0: 0x80004368 (0xd1b0b413) sltiu   s0, ra, -741
core   0: 3 0x80004368 (0xd1b0b413) x 8 0x00000000
core   0: 0x8000436c (0x37e48f17) auipc   t5, 0x37e48
core   0: 3 0x8000436c (0x37e48f17) x30 0xb7e4c36c
core   0: 0x80004370 (0x03a3d4b3) divu    s1, t2, s10
core   0: 3 0x80004370 (0x03a3d4b3) x 9 0x33333330
core   0: 0x80004374 (0x009d0d13) addi    s10, s10, 9
core   0: 3 0x80004374 (0x009d0d13) x26 0x0000000e
core   0: 0x80004378 (0xff2d64e3) bltu    s10, s2, pc - 24
core   0: 3 0x80004378 (0xff2d64e3)
core   0: 0x80004360 (0x6ac94e93) xori    t4, s2, 1708
core   0: 3 0x80004360 (0x6ac94e93) x29 0x000006be
core   0: 0x80004364 (0x0320b133) mulhu   sp, ra, s2
core   0: 3 0x80004364 (0x0320b133) x 2 0x00000011
core   0: 0x80004368 (0xd1b0b413) sltiu   s0, ra, -741
core   0: 3 0x80004368 (0xd1b0b413) x 8 0x00000000
core   0: 0x8000436c (0x37e48f17) auipc   t5, 0x37e48
core   0: 3 0x8000436c (0x37e48f17) x30 0xb7e4c36c
core   0: 0x80004370 (0x03a3d4b3) divu    s1, t2, s10
core   0: 3 0x80004370 (0x03a3d4b3) x 9 0x12492491
core   0: 0x80004374 (0x009d0d13) addi    s10, s10, 9
core   0: 3 0x80004374 (0x009d0d13) x26 0x00000017
core   0: 0x80004378 (0xff2d64e3) bltu    s10, s2, pc - 24
core   0: 3 0x80004378 (0xff2d64e3)
core   0: 0x8000437c (0xfa7358e3) bge     t1, t2, pc - 80
core   0: 3 0x8000437c (0xfa7358e3)
core   0: 0x8000432c (0x02fb5533) divu    a0, s6, a5
core   0: 3 0x8000432c (0x02fb5533) x10 0x00000000
core   0: 0x80004330 (0x525b2a13) slti    s4, s6, 1317
core   0: 3 0x80004330 (0x525b2a13) x20 0x00000001
core   0: 0x80004334 (0x012d4bb3) xor     s7, s10, s2
core   0: 3 0x80004334 (0x012d4bb3) x23 0x00000005
core   0: 0x80004338 (0x412e55b3) sra     a1, t3, s2
core   0: 3 0x80004338 (0x412e55b3) x11 0x00000000
core   0: 0x8000433c (0x01722c33) slt     s8, tp, s7
core   0: 3 0x8000433c (0x01722c33) x24 0x00000001
core   0: 0x80004340 (0x8378cfb7) lui     t6, 0x8378c
core   0: 3 0x80004340 (0x8378cfb7) x31 0x8378c000
core   0: 0x80004344 (0xffa30313) addi    t1, t1, -6
core   0: 3 0x80004344 (0xffa30313) x 6 0xffffffed
core   0: 0x80004348 (0x72333a93) sltiu   s5, t1, 1827
core   0: 3 0x80004348 (0x72333a93) x21 0x00000000
core   0: 0x8000434c (0xffc00d13) li      s10, -4
core   0: 3 0x8000434c (0xffc00d13) x26 0xfffffffc
core   0: 0x80004350 (0x0168f6b3) and     a3, a7, s6
core   0: 3 0x80004350 (0x0168f6b3) x13 0x00000000
core   0: 0x80004354 (0x01200913) li      s2, 18
core   0: 3 0x80004354 (0x01200913) x18 0x00000012
core   0: 0x80004358 (0x010ce5b3) or      a1, s9, a6
core   0: 3 0x80004358 (0x010ce5b3) x11 0xeb2f024c
core   0: 0x8000435c (0x02f9f0b3) remu    ra, s3, a5
core   0: 3 0x8000435c (0x02f9f0b3) x 1 0xffffff9a
core   0: 0x80004360 (0x6ac94e93) xori    t4, s2, 1708
core   0: 3 0x80004360 (0x6ac94e93) x29 0x000006be
core   0: 0x80004364 (0x0320b133) mulhu   sp, ra, s2
core   0: 3 0x80004364 (0x0320b133) x 2 0x00000011
core   0: 0x80004368 (0xd1b0b413) sltiu   s0, ra, -741
core   0: 3 0x80004368 (0xd1b0b413) x 8 0x00000000
core   0: 0x8000436c (0x37e48f17) auipc   t5, 0x37e48
core   0: 3 0x8000436c (0x37e48f17) x30 0xb7e4c36c
core   0: 0x80004370 (0x03a3d4b3) divu    s1, t2, s10
core   0: 3 0x80004370 (0x03a3d4b3) x 9 0x00000000
core   0: 0x80004374 (0x009d0d13) addi    s10, s10, 9
core   0: 3 0x80004374 (0x009d0d13) x26 0x00000005
core   0: 0x80004378 (0xff2d64e3) bltu    s10, s2, pc - 24
core   0: 3 0x80004378 (0xff2d64e3)
core   0: 0x80004360 (0x6ac94e93) xori    t4, s2, 1708
core   0: 3 0x80004360 (0x6ac94e93) x29 0x000006be
core   0: 0x80004364 (0x0320b133) mulhu   sp, ra, s2
core   0: 3 0x80004364 (0x0320b133) x 2 0x00000011
core   0: 0x80004368 (0xd1b0b413) sltiu   s0, ra, -741
core   0: 3 0x80004368 (0xd1b0b413) x 8 0x00000000
core   0: 0x8000436c (0x37e48f17) auipc   t5, 0x37e48
core   0: 3 0x8000436c (0x37e48f17) x30 0xb7e4c36c
core   0: 0x80004370 (0x03a3d4b3) divu    s1, t2, s10
core   0: 3 0x80004370 (0x03a3d4b3) x 9 0x33333330
core   0: 0x80004374 (0x009d0d13) addi    s10, s10, 9
core   0: 3 0x80004374 (0x009d0d13) x26 0x0000000e
core   0: 0x80004378 (0xff2d64e3) bltu    s10, s2, pc - 24
core   0: 3 0x80004378 (0xff2d64e3)
core   0: 0x80004360 (0x6ac94e93) xori    t4, s2, 1708
core   0: 3 0x80004360 (0x6ac94e93) x29 0x000006be
core   0: 0x80004364 (0x0320b133) mulhu   sp, ra, s2
core   0: 3 0x80004364 (0x0320b133) x 2 0x00000011
core   0: 0x80004368 (0xd1b0b413) sltiu   s0, ra, -741
core   0: 3 0x80004368 (0xd1b0b413) x 8 0x00000000
core   0: 0x8000436c (0x37e48f17) auipc   t5, 0x37e48
core   0: 3 0x8000436c (0x37e48f17) x30 0xb7e4c36c
core   0: 0x80004370 (0x03a3d4b3) divu    s1, t2, s10
core   0: 3 0x80004370 (0x03a3d4b3) x 9 0x12492491
core   0: 0x80004374 (0x009d0d13) addi    s10, s10, 9
core   0: 3 0x80004374 (0x009d0d13) x26 0x00000017
core   0: 0x80004378 (0xff2d64e3) bltu    s10, s2, pc - 24
core   0: 3 0x80004378 (0xff2d64e3)
core   0: 0x8000437c (0xfa7358e3) bge     t1, t2, pc - 80
core   0: 3 0x8000437c (0xfa7358e3)
core   0: 0x80004380 (0x40d1dc13) srai    s8, gp, 13
core   0: 3 0x80004380 (0x40d1dc13) x24 0xfffc0014
core   0: 0x80004384 (0x00900c13) li      s8, 9
core   0: 3 0x80004384 (0x00900c13) x24 0x00000009
core   0: 0x80004388 (0x01fff333) and     t1, t6, t6
core   0: 3 0x80004388 (0x01fff333) x 6 0x8378c000
core   0: 0x8000438c (0x00390133) add     sp, s2, gp
core   0: 3 0x8000438c (0x00390133) x 2 0x80029ba0
core   0: 0x80004390 (0x5e339d17) auipc   s10, 0x5e339
core   0: 3 0x80004390 (0x5e339d17) x26 0xde33d390
core   0: 0x80004394 (0x02c85cb3) divu    s9, a6, a2
core   0: 3 0x80004394 (0x02c85cb3) x25 0x1c028000
core   0: 0x80004398 (0x38ed3793) sltiu   a5, s10, 910
core   0: 3 0x80004398 (0x38ed3793) x15 0x00000000
core   0: 0x8000439c (0x0059e233) or      tp, s3, t0
core   0: 3 0x8000439c (0x0059e233) x 4 0xffffff9a
core   0: 0x800043a0 (0x00900a13) li      s4, 9
core   0: 3 0x800043a0 (0x00900a13) x20 0x00000009
core   0: 0x800043a4 (0x021f7eb3) remu    t4, t5, ra
core   0: 3 0x800043a4 (0x021f7eb3) x29 0xb7e4c36c
core   0: 0x800043a8 (0x014cf833) and     a6, s9, s4
core   0: 3 0x800043a8 (0x014cf833) x16 0x00000000
core   0: 0x800043ac (0x035e06b3) mul     a3, t3, s5
core   0: 3 0x800043ac (0x035e06b3) x13 0x00000000
core   0: 0x800043b0 (0x02ea7e33) remu    t3, s4, a4
core   0: 3 0x800043b0 (0x02ea7e33) x28 0x00000009
core   0: 0x800043b4 (0x9e133637) lui     a2, 0x9e133
core   0: 3 0x800043b4 (0x9e133637) x12 0x9e133000
core   0: 0x800043b8 (0xb7898437) lui     s0, 0xb7898
core   0: 3 0x800043b8 (0xb7898437) x 8 0xb7898000
core   0: 0x800043bc (0x41185313) srai    t1, a6, 17
core   0: 3 0x800043bc (0x41185313) x 6 0x00000000
core   0: 0x800043c0 (0x0cae0d37) lui     s10, 0xcae0
core   0: 3 0x800043c0 (0x0cae0d37) x26 0x0cae0000
core   0: 0x800043c4 (0xff8c0c13) addi    s8, s8, -8
core   0: 3 0x800043c4 (0xff8c0c13) x24 0x00000001
core   0: 0x800043c8 (0x29688593) addi    a1, a7, 662
core   0: 3 0x800043c8 (0x29688593) x11 0x00000296
core   0: 0x800043cc (0x020e0833) mul     a6, t3, zero
core   0: 3 0x800043cc (0x020e0833) x16 0x00000000
core   0: 0x800043d0 (0x01e130b3) sltu    ra, sp, t5
core   0: 3 0x800043d0 (0x01e130b3) x 1 0x00000001
core   0: 0x800043d4 (0xca43ff93) andi    t6, t2, -860
core   0: 3 0x800043d4 (0xca43ff93) x31 0xfffffca0
core   0: 0x800043d8 (0x0290b5b3) mulhu   a1, ra, s1
core   0: 3 0x800043d8 (0x0290b5b3) x11 0x00000000
core   0: 0x800043dc (0xa40b68b7) lui     a7, 0xa40b6
core   0: 3 0x800043dc (0xa40b68b7) x17 0xa40b6000
core   0: 0x800043e0 (0xfd4c7ce3) bgeu    s8, s4, pc - 40
core   0: 3 0x800043e0 (0xfd4c7ce3)
core   0: 0x800043e4 (0x40868eb3) sub     t4, a3, s0
core   0: 3 0x800043e4 (0x40868eb3) x29 0x48768000
core   0: 0x800043e8 (0xffe00e13) li      t3, -2
core   0: 3 0x800043e8 (0xffe00e13) x28 0xfffffffe
core   0: 0x800043ec (0x00500f93) li      t6, 5
core   0: 3 0x800043ec (0x00500f93) x31 0x00000005
core   0: 0x800043f0 (0x014ae8b3) or      a7, s5, s4
core   0: 3 0x800043f0 (0x014ae8b3) x17 0x00000009
core   0: 0x800043f4 (0x007e0e13) addi    t3, t3, 7
core   0: 3 0x800043f4 (0x007e0e13) x28 0x00000005
core   0: 0x800043f8 (0xfffe6ce3) bltu    t3, t6, pc - 8
core   0: 3 0x800043f8 (0xfffe6ce3)
core   0: 0x800043fc (0x03524f33) div     t5, tp, s5
core   0: 3 0x800043fc (0x03524f33) x30 0xffffffff
core   0: 0x80004400 (0xff800793) li      a5, -8
core   0: 3 0x80004400 (0xff800793) x15 0xfffffff8
core   0: 0x80004404 (0xff000893) li      a7, -16
core   0: 3 0x80004404 (0xff000893) x17 0xfffffff0
core   0: 0x80004408 (0xfcd18197) auipc   gp, 0xfcd18
core   0: 3 0x80004408 (0xfcd18197) x 3 0x7cd1c408
core   0: 0x8000440c (0xbdb18393) addi    t2, gp, -1061
core   0: 3 0x8000440c (0xbdb18393) x 7 0x7cd1bfe3
core   0: 0x80004410 (0x02981033) mulh    zero, a6, s1
core   0: 3 0x80004410 (0x02981033)
core   0: 0x80004414 (0xff878793) addi    a5, a5, -8
core   0: 3 0x80004414 (0xff878793) x15 0xfffffff0
core   0: 0x80004418 (0xfff00f93) li      t6, -1
core   0: 3 0x80004418 (0xfff00f93) x31 0xffffffff
core   0: 0x8000441c (0x03967c33) remu    s8, a2, s9
core   0: 3 0x8000441c (0x03967c33) x24 0x1206b000
core   0: 0x80004420 (0x00600c93) li      s9, 6
core   0: 3 0x80004420 (0x00600c93) x25 0x00000006
core   0: 0x80004424 (0x8a63e217) auipc   tp, 0x8a63e
core   0: 3 0x80004424 (0x8a63e217) x 4 0x0a642424
core   0: 0x80004428 (0x0286c0b3) div     ra, a3, s0
core   0: 3 0x80004428 (0x0286c0b3) x 1 0x00000000
core   0: 0x8000442c (0x001f8f93) addi    t6, t6, 1
core   0: 3 0x8000442c (0x001f8f93) x31 0x00000000
core   0: 0x80004430 (0x00a73a33) sltu    s4, a4, a0
core   0: 3 0x80004430 (0x00a73a33) x20 0x00000000
core   0: 0x80004434 (0x016c6a33) or      s4, s8, s6
core   0: 3 0x80004434 (0x016c6a33) x20 0x9206fdec
core   0: 0x80004438 (0xff9f98e3) bne     t6, s9, pc - 16
core   0: 3 0x80004438 (0xff9f98e3)
core   0: 0x80004428 (0x0286c0b3) div     ra, a3, s0
core   0: 3 0x80004428 (0x0286c0b3) x 1 0x00000000
core   0: 0x8000442c (0x001f8f93) addi    t6, t6, 1
core   0: 3 0x8000442c (0x001f8f93) x31 0x00000001
core   0: 0x80004430 (0x00a73a33) sltu    s4, a4, a0
core   0: 3 0x80004430 (0x00a73a33) x20 0x00000000
core   0: 0x80004434 (0x016c6a33) or      s4, s8, s6
core   0: 3 0x80004434 (0x016c6a33) x20 0x9206fdec
core   0: 0x80004438 (0xff9f98e3) bne     t6, s9, pc - 16
core   0: 3 0x80004438 (0xff9f98e3)
core   0: 0x80004428 (0x0286c0b3) div     ra, a3, s0
core   0: 3 0x80004428 (0x0286c0b3) x 1 0x00000000
core   0: 0x8000442c (0x001f8f93) addi    t6, t6, 1
core   0: 3 0x8000442c (0x001f8f93) x31 0x00000002
core   0: 0x80004430 (0x00a73a33) sltu    s4, a4, a0
core   0: 3 0x80004430 (0x00a73a33) x20 0x00000000
core   0: 0x80004434 (0x016c6a33) or      s4, s8, s6
core   0: 3 0x80004434 (0x016c6a33) x20 0x9206fdec
core   0: 0x80004438 (0xff9f98e3) bne     t6, s9, pc - 16
core   0: 3 0x80004438 (0xff9f98e3)
core   0: 0x80004428 (0x0286c0b3) div     ra, a3, s0
core   0: 3 0x80004428 (0x0286c0b3) x 1 0x00000000
core   0: 0x8000442c (0x001f8f93) addi    t6, t6, 1
core   0: 3 0x8000442c (0x001f8f93) x31 0x00000003
core   0: 0x80004430 (0x00a73a33) sltu    s4, a4, a0
core   0: 3 0x80004430 (0x00a73a33) x20 0x00000000
core   0: 0x80004434 (0x016c6a33) or      s4, s8, s6
core   0: 3 0x80004434 (0x016c6a33) x20 0x9206fdec
core   0: 0x80004438 (0xff9f98e3) bne     t6, s9, pc - 16
core   0: 3 0x80004438 (0xff9f98e3)
core   0: 0x80004428 (0x0286c0b3) div     ra, a3, s0
core   0: 3 0x80004428 (0x0286c0b3) x 1 0x00000000
core   0: 0x8000442c (0x001f8f93) addi    t6, t6, 1
core   0: 3 0x8000442c (0x001f8f93) x31 0x00000004
core   0: 0x80004430 (0x00a73a33) sltu    s4, a4, a0
core   0: 3 0x80004430 (0x00a73a33) x20 0x00000000
core   0: 0x80004434 (0x016c6a33) or      s4, s8, s6
core   0: 3 0x80004434 (0x016c6a33) x20 0x9206fdec
core   0: 0x80004438 (0xff9f98e3) bne     t6, s9, pc - 16
core   0: 3 0x80004438 (0xff9f98e3)
core   0: 0x80004428 (0x0286c0b3) div     ra, a3, s0
core   0: 3 0x80004428 (0x0286c0b3) x 1 0x00000000
core   0: 0x8000442c (0x001f8f93) addi    t6, t6, 1
core   0: 3 0x8000442c (0x001f8f93) x31 0x00000005
core   0: 0x80004430 (0x00a73a33) sltu    s4, a4, a0
core   0: 3 0x80004430 (0x00a73a33) x20 0x00000000
core   0: 0x80004434 (0x016c6a33) or      s4, s8, s6
core   0: 3 0x80004434 (0x016c6a33) x20 0x9206fdec
core   0: 0x80004438 (0xff9f98e3) bne     t6, s9, pc - 16
core   0: 3 0x80004438 (0xff9f98e3)
core   0: 0x80004428 (0x0286c0b3) div     ra, a3, s0
core   0: 3 0x80004428 (0x0286c0b3) x 1 0x00000000
core   0: 0x8000442c (0x001f8f93) addi    t6, t6, 1
core   0: 3 0x8000442c (0x001f8f93) x31 0x00000006
core   0: 0x80004430 (0x00a73a33) sltu    s4, a4, a0
core   0: 3 0x80004430 (0x00a73a33) x20 0x00000000
core   0: 0x80004434 (0x016c6a33) or      s4, s8, s6
core   0: 3 0x80004434 (0x016c6a33) x20 0x9206fdec
core   0: 0x80004438 (0xff9f98e3) bne     t6, s9, pc - 16
core   0: 3 0x80004438 (0xff9f98e3)
core   0: 0x8000443c (0xf638c593) xori    a1, a7, -157
core   0: 3 0x8000443c (0xf638c593) x11 0x00000093
core   0: 0x80004440 (0xfd1784e3) beq     a5, a7, pc - 56
core   0: 3 0x80004440 (0xfd1784e3)
core   0: 0x80004408 (0xfcd18197) auipc   gp, 0xfcd18
core   0: 3 0x80004408 (0xfcd18197) x 3 0x7cd1c408
core   0: 0x8000440c (0xbdb18393) addi    t2, gp, -1061
core   0: 3 0x8000440c (0xbdb18393) x 7 0x7cd1bfe3
core   0: 0x80004410 (0x02981033) mulh    zero, a6, s1
core   0: 3 0x80004410 (0x02981033)
core   0: 0x80004414 (0xff878793) addi    a5, a5, -8
core   0: 3 0x80004414 (0xff878793) x15 0xffffffe8
core   0: 0x80004418 (0xfff00f93) li      t6, -1
core   0: 3 0x80004418 (0xfff00f93) x31 0xffffffff
core   0: 0x8000441c (0x03967c33) remu    s8, a2, s9
core   0: 3 0x8000441c (0x03967c33) x24 0x00000000
core   0: 0x80004420 (0x00600c93) li      s9, 6
core   0: 3 0x80004420 (0x00600c93) x25 0x00000006
core   0: 0x80004424 (0x8a63e217) auipc   tp, 0x8a63e
core   0: 3 0x80004424 (0x8a63e217) x 4 0x0a642424
core   0: 0x80004428 (0x0286c0b3) div     ra, a3, s0
core   0: 3 0x80004428 (0x0286c0b3) x 1 0x00000000
core   0: 0x8000442c (0x001f8f93) addi    t6, t6, 1
core   0: 3 0x8000442c (0x001f8f93) x31 0x00000000
core   0: 0x80004430 (0x00a73a33) sltu    s4, a4, a0
core   0: 3 0x80004430 (0x00a73a33) x20 0x00000000
core   0: 0x80004434 (0x016c6a33) or      s4, s8, s6
core   0: 3 0x80004434 (0x016c6a33) x20 0x80025dec
core   0: 0x80004438 (0xff9f98e3) bne     t6, s9, pc - 16
core   0: 3 0x80004438 (0xff9f98e3)
core   0: 0x80004428 (0x0286c0b3) div     ra, a3, s0
core   0: 3 0x80004428 (0x0286c0b3) x 1 0x00000000
core   0: 0x8000442c (0x001f8f93) addi    t6, t6, 1
core   0: 3 0x8000442c (0x001f8f93) x31 0x00000001
core   0: 0x80004430 (0x00a73a33) sltu    s4, a4, a0
core   0: 3 0x80004430 (0x00a73a33) x20 0x00000000
core   0: 0x80004434 (0x016c6a33) or      s4, s8, s6
core   0: 3 0x80004434 (0x016c6a33) x20 0x80025dec
core   0: 0x80004438 (0xff9f98e3) bne     t6, s9, pc - 16
core   0: 3 0x80004438 (0xff9f98e3)
core   0: 0x80004428 (0x0286c0b3) div     ra, a3, s0
core   0: 3 0x80004428 (0x0286c0b3) x 1 0x00000000
core   0: 0x8000442c (0x001f8f93) addi    t6, t6, 1
core   0: 3 0x8000442c (0x001f8f93) x31 0x00000002
core   0: 0x80004430 (0x00a73a33) sltu    s4, a4, a0
core   0: 3 0x80004430 (0x00a73a33) x20 0x00000000
core   0: 0x80004434 (0x016c6a33) or      s4, s8, s6
core   0: 3 0x80004434 (0x016c6a33) x20 0x80025dec
core   0: 0x80004438 (0xff9f98e3) bne     t6, s9, pc - 16
core   0: 3 0x80004438 (0xff9f98e3)
core   0: 0x80004428 (0x0286c0b3) div     ra, a3, s0
core   0: 3 0x80004428 (0x0286c0b3) x 1 0x00000000
core   0: 0x8000442c (0x001f8f93) addi    t6, t6, 1
core   0: 3 0x8000442c (0x001f8f93) x31 0x00000003
core   0: 0x80004430 (0x00a73a33) sltu    s4, a4, a0
core   0: 3 0x80004430 (0x00a73a33) x20 0x00000000
core   0: 0x80004434 (0x016c6a33) or      s4, s8, s6
core   0: 3 0x80004434 (0x016c6a33) x20 0x80025dec
core   0: 0x80004438 (0xff9f98e3) bne     t6, s9, pc - 16
core   0: 3 0x80004438 (0xff9f98e3)
core   0: 0x80004428 (0x0286c0b3) div     ra, a3, s0
core   0: 3 0x80004428 (0x0286c0b3) x 1 0x00000000
core   0: 0x8000442c (0x001f8f93) addi    t6, t6, 1
core   0: 3 0x8000442c (0x001f8f93) x31 0x00000004
core   0: 0x80004430 (0x00a73a33) sltu    s4, a4, a0
core   0: 3 0x80004430 (0x00a73a33) x20 0x00000000
core   0: 0x80004434 (0x016c6a33) or      s4, s8, s6
core   0: 3 0x80004434 (0x016c6a33) x20 0x80025dec
core   0: 0x80004438 (0xff9f98e3) bne     t6, s9, pc - 16
core   0: 3 0x80004438 (0xff9f98e3)
core   0: 0x80004428 (0x0286c0b3) div     ra, a3, s0
core   0: 3 0x80004428 (0x0286c0b3) x 1 0x00000000
core   0: 0x8000442c (0x001f8f93) addi    t6, t6, 1
core   0: 3 0x8000442c (0x001f8f93) x31 0x00000005
core   0: 0x80004430 (0x00a73a33) sltu    s4, a4, a0
core   0: 3 0x80004430 (0x00a73a33) x20 0x00000000
core   0: 0x80004434 (0x016c6a33) or      s4, s8, s6
core   0: 3 0x80004434 (0x016c6a33) x20 0x80025dec
core   0: 0x80004438 (0xff9f98e3) bne     t6, s9, pc - 16
core   0: 3 0x80004438 (0xff9f98e3)
core   0: 0x80004428 (0x0286c0b3) div     ra, a3, s0
core   0: 3 0x80004428 (0x0286c0b3) x 1 0x00000000
core   0: 0x8000442c (0x001f8f93) addi    t6, t6, 1
core   0: 3 0x8000442c (0x001f8f93) x31 0x00000006
core   0: 0x80004430 (0x00a73a33) sltu    s4, a4, a0
core   0: 3 0x80004430 (0x00a73a33) x20 0x00000000
core   0: 0x80004434 (0x016c6a33) or      s4, s8, s6
core   0: 3 0x80004434 (0x016c6a33) x20 0x80025dec
core   0: 0x80004438 (0xff9f98e3) bne     t6, s9, pc - 16
core   0: 3 0x80004438 (0xff9f98e3)
core   0: 0x8000443c (0xf638c593) xori    a1, a7, -157
core   0: 3 0x8000443c (0xf638c593) x11 0x00000093
core   0: 0x80004440 (0xfd1784e3) beq     a5, a7, pc - 56
core   0: 3 0x80004440 (0xfd1784e3)
core   0: 0x80004444 (0xbabadb97) auipc   s7, 0xbabad
core   0: 3 0x80004444 (0xbabadb97) x23 0x3abb1444
core   0: 0x80004448 (0xff700a13) li      s4, -9
core   0: 3 0x80004448 (0xff700a13) x20 0xfffffff7
core   0: 0x8000444c (0x7174e213) ori     tp, s1, 1815
core   0: 3 0x8000444c (0x7174e213) x 4 0x12492797
core   0: 0x80004450 (0xdc040c93) addi    s9, s0, -576
core   0: 3 0x80004450 (0xdc040c93) x25 0xb7897dc0
core   0: 0x80004454 (0x0165db93) srli    s7, a1, 22
core   0: 3 0x80004454 (0x0165db93) x23 0x00000000
core   0: 0x80004458 (0x02e64cb3) div     s9, a2, a4
core   0: 3 0x80004458 (0x02e64cb3) x25 0x00000004
core   0: 0x8000445c (0x00900793) li      a5, 9
core   0: 3 0x8000445c (0x00900793) x15 0x00000009
core   0: 0x80004460 (0xcbd12393) slti    t2, sp, -835
core   0: 3 0x80004460 (0xcbd12393) x 7 0x00000001
core   0: 0x80004464 (0x003b1333) sll     t1, s6, gp
core   0: 3 0x80004464 (0x003b1333) x 6 0x025dec00
core   0: 0x80004468 (0x764062b7) lui     t0, 0x76406
core   0: 3 0x80004468 (0x764062b7) x 5 0x76406000
core   0: 0x8000446c (0x0058dab3) srl     s5, a7, t0
core   0: 3 0x8000446c (0x0058dab3) x21 0xfffffff0
core   0: 0x80004470 (0x02a1c6b3) div     a3, gp, a0
core   0: 3 0x80004470 (0x02a1c6b3) x13 0xffffffff
core   0: 0x80004474 (0x01e8fbb3) and     s7, a7, t5
core   0: 3 0x80004474 (0x01e8fbb3) x23 0xfffffff0
core   0: 0x80004478 (0x0237abb3) mulhsu  s7, a5, gp
core   0: 3 0x80004478 (0x0237abb3) x23 0x00000004
core   0: 0x8000447c (0x01a36fb3) or      t6, t1, s10
core   0: 3 0x8000447c (0x01a36fb3) x31 0x0effec00
core   0: 0x80004480 (0x014fa833) slt     a6, t6, s4
core   0: 3 0x80004480 (0x014fa833) x16 0x00000000
core   0: 0x80004484 (0x00ee9d13) slli    s10, t4, 14
core   0: 3 0x80004484 (0x00ee9d13) x26 0xa0000000
core   0: 0x80004488 (0x1504b093) sltiu   ra, s1, 336
core   0: 3 0x80004488 (0x1504b093) x 1 0x00000000
core   0: 0x8000448c (0x03095833) divu    a6, s2, a6
core   0: 3 0x8000448c (0x03095833) x16 0xffffffff
core   0: 0x80004490 (0x41c1d593) srai    a1, gp, 28
core   0: 3 0x80004490 (0x41c1d593) x11 0x00000007
core   0: 0x80004494 (0x0246a033) mulhsu  zero, a3, tp
core   0: 3 0x80004494 (0x0246a033)
core   0: 0x80004498 (0x418401b3) sub     gp, s0, s8
core   0: 3 0x80004498 (0x418401b3) x 3 0xb7898000
core   0: 0x8000449c (0x02e698b3) mulh    a7, a3, a4
core   0: 3 0x8000449c (0x02e698b3) x17 0x00000000
core   0: 0x800044a0 (0x004e4c33) xor     s8, t3, tp
core   0: 3 0x800044a0 (0x004e4c33) x24 0x12492792
core   0: 0x800044a4 (0x006a0a13) addi    s4, s4, 6
core   0: 3 0x800044a4 (0x006a0a13) x20 0xfffffffd
core   0: 0x800044a8 (0x0bb08e13) addi    t3, ra, 187
core   0: 3 0x800044a8 (0x0bb08e13) x28 0x000000bb
core   0: 0x800044ac (0x0197dc33) srl     s8, a5, s9
core   0: 3 0x800044ac (0x0197dc33) x24 0x00000000
core   0: 0x800044b0 (0x008d46b3) xor     a3, s10, s0
core   0: 3 0x800044b0 (0x008d46b3) x13 0x17898000
core   0: 0x800044b4 (0xfefa42e3) blt     s4, a5, pc - 28
core   0: 3 0x800044b4 (0xfefa42e3)
core   0: 0x80004498 (0x418401b3) sub     gp, s0, s8
core   0: 3 0x80004498 (0x418401b3) x 3 0xb7898000
core   0: 0x8000449c (0x02e698b3) mulh    a7, a3, a4
core   0: 3 0x8000449c (0x02e698b3) x17 0xfe13a35e
core   0: 0x800044a0 (0x004e4c33) xor     s8, t3, tp
core   0: 3 0x800044a0 (0x004e4c33) x24 0x1249272c
core   0: 0x800044a4 (0x006a0a13) addi    s4, s4, 6
core   0: 3 0x800044a4 (0x006a0a13) x20 0x00000003
core   0: 0x800044a8 (0x0bb08e13) addi    t3, ra, 187
core   0: 3 0x800044a8 (0x0bb08e13) x28 0x000000bb
core   0: 0x800044ac (0x0197dc33) srl     s8, a5, s9
core   0: 3 0x800044ac (0x0197dc33) x24 0x00000000
core   0: 0x800044b0 (0x008d46b3) xor     a3, s10, s0
core   0: 3 0x800044b0 (0x008d46b3) x13 0x17898000
core   0: 0x800044b4 (0xfefa42e3) blt     s4, a5, pc - 28
core   0: 3 0x800044b4 (0xfefa42e3)
core   0: 0x80004498 (0x418401b3) sub     gp, s0, s8
core   0: 3 0x80004498 (0x418401b3) x 3 0xb7898000
core   0: 0x8000449c (0x02e698b3) mulh    a7, a3, a4
core   0: 3 0x8000449c (0x02e698b3) x17 0xfe13a35e
core   0: 0x800044a0 (0x004e4c33) xor     s8, t3, tp
core   0: 3 0x800044a0 (0x004e4c33) x24 0x1249272c
core   0: 0x800044a4 (0x006a0a13) addi    s4, s4, 6
core   0: 3 0x800044a4 (0x006a0a13) x20 0x00000009
core   0: 0x800044a8 (0x0bb08e13) addi    t3, ra, 187
core   0: 3 0x800044a8 (0x0bb08e13) x28 0x000000bb
core   0: 0x800044ac (0x0197dc33) srl     s8, a5, s9
core   0: 3 0x800044ac (0x0197dc33) x24 0x00000000
core   0: 0x800044b0 (0x008d46b3) xor     a3, s10, s0
core   0: 3 0x800044b0 (0x008d46b3) x13 0x17898000
core   0: 0x800044b4 (0xfefa42e3) blt     s4, a5, pc - 28
core   0: 3 0x800044b4 (0xfefa42e3)
core   0: 0x800044b8 (0xa9578c93) addi    s9, a5, -1387
core   0: 3 0x800044b8 (0xa9578c93) x25 0xfffffa9e
core   0: 0x800044bc (0x00400e93) li      t4, 4
core   0: 3 0x800044bc (0x00400e93) x29 0x00000004
core   0: 0x800044c0 (0x03412233) mulhsu  tp, sp, s4
core   0: 3 0x800044c0 (0x03412233) x 4 0xfffffffb
core   0: 0x800044c4 (0x16bb0f13) addi    t5, s6, 363
core   0: 3 0x800044c4 (0x16bb0f13) x30 0x80025f57
core   0: 0x800044c8 (0x03c12d33) mulhsu  s10, sp, t3
core   0: 3 0x800044c8 (0x03c12d33) x26 0xffffffa2
core   0: 0x800044cc (0x0153dc13) srli    s8, t2, 21
core   0: 3 0x800044cc (0x0153dc13) x24 0x00000000
core   0: 0x800044d0 (0x03c043b3) div     t2, zero, t3
core   0: 3 0x800044d0 (0x03c043b3) x 7 0x00000000
core   0: 0x800044d4 (0x41475b93) srai    s7, a4, 20
core   0: 3 0x800044d4 (0x41475b93) x23 0xfffffeb1
core   0: 0x800044d8 (0x027806b3) mul     a3, a6, t2
core   0: 3 0x800044d8 (0x027806b3) x13 0x00000000
core   0: 0x800044dc (0x5250b4b7) lui     s1, 0x5250b
core   0: 3 0x800044dc (0x5250b4b7) x 9 0x5250b000
core   0: 0x800044e0 (0x00d00993) li      s3, 13
core   0: 3 0x800044e0 (0x00d00993) x19 0x0000000d
core   0: 0x800044e4 (0x00d55b93) srli    s7, a0, 13
core   0: 3 0x800044e4 (0x00d55b93) x23 0x00000000
core   0: 0x800044e8 (0x00822933) slt     s2, tp, s0
core   0: 3 0x800044e8 (0x00822933) x18 0x00000000
core   0: 0x800044ec (0x0196e593) ori     a1, a3, 25
core   0: 3 0x800044ec (0x0196e593) x11 0x00000019
core   0: 0x800044f0 (0x41c3da93) srai    s5, t2, 28
core   0: 3 0x800044f0 (0x41c3da93) x21 0x00000000
core   0: 0x800044f4 (0x00442ab3) slt     s5, s0, tp
core   0: 3 0x800044f4 (0x00442ab3) x21 0x00000001
core   0: 0x800044f8 (0x0221c133) div     sp, gp, sp
core   0: 3 0x800044f8 (0x0221c133) x 2 0x00000000
core   0: 0x800044fc (0x009e8e93) addi    t4, t4, 9
core   0: 3 0x800044fc (0x009e8e93) x29 0x0000000d
core   0: 0x80004500 (0x0021ad33) slt     s10, gp, sp
core   0: 3 0x80004500 (0x0021ad33) x26 0x00000001
core   0: 0x80004504 (0x00c86933) or      s2, a6, a2
core   0: 3 0x80004504 (0x00c86933) x18 0xffffffff
core   0: 0x80004508 (0x00b96cb3) or      s9, s2, a1
core   0: 3 0x80004508 (0x00b96cb3) x25 0xffffffff
core   0: 0x8000450c (0xff3ec4e3) blt     t4, s3, pc - 24
core   0: 3 0x8000450c (0xff3ec4e3)
core   0: 0x80004510 (0x037e2fb3) mulhsu  t6, t3, s7
core   0: 3 0x80004510 (0x037e2fb3) x31 0x00000000
core   0: 0x80004514 (0xffa00913) li      s2, -6
core   0: 3 0x80004514 (0xffa00913) x18 0xfffffffa
core   0: 0x80004518 (0x00576133) or      sp, a4, t0
core   0: 3 0x80004518 (0x00576133) x 2 0xff54fae6
core   0: 0x8000451c (0x01177eb3) and     t4, a4, a7
core   0: 3 0x8000451c (0x01177eb3) x29 0xea108246
core   0: 0x80004520 (0x02c90bb3) mul     s7, s2, a2
core   0: 3 0x80004520 (0x02c90bb3) x23 0x4b8ce000
core   0: 0x80004524 (0x01846f33) or      t5, s0, s8
core   0: 3 0x80004524 (0x01846f33) x30 0xb7898000
core   0: 0x80004528 (0x00e35593) srli    a1, t1, 14
core   0: 3 0x80004528 (0x00e35593) x11 0x00000977
core   0: 0x8000452c (0x0189ecb3) or      s9, s3, s8
core   0: 3 0x8000452c (0x0189ecb3) x25 0x0000000d
core   0: 0x80004530 (0x00900793) li      a5, 9
core   0: 3 0x80004530 (0x00900793) x15 0x00000009
core   0: 0x80004534 (0x0f2da313) slti    t1, s11, 242
core   0: 3 0x80004534 (0x0f2da313) x 6 0x00000001
core   0: 0x80004538 (0x00a70eb3) add     t4, a4, a0
core   0: 3 0x80004538 (0x00a70eb3) x29 0xeb14dae6
core   0: 0x8000453c (0x037645b3) div     a1, a2, s7
core   0: 3 0x8000453c (0x037645b3) x11 0xffffffff
core   0: 0x80004540 (0x00990913) addi    s2, s2, 9
core   0: 3 0x80004540 (0x00990913) x18 0x00000003
core   0: 0x80004544 (0x0aa0cf37) lui     t5, 0xaa0c
core   0: 3 0x80004544 (0x0aa0cf37) x30 0x0aa0c000
core   0: 0x80004548 (0xfef948e3) blt     s2, a5, pc - 16
core   0: 3 0x80004548 (0xfef948e3)
core   0: 0x80004538 (0x00a70eb3) add     t4, a4, a0
core   0: 3 0x80004538 (0x00a70eb3) x29 0xeb14dae6
core   0: 0x8000453c (0x037645b3) div     a1, a2, s7
core   0: 3 0x8000453c (0x037645b3) x11 0xffffffff
core   0: 0x80004540 (0x00990913) addi    s2, s2, 9
core   0: 3 0x80004540 (0x00990913) x18 0x0000000c
core   0: 0x80004544 (0x0aa0cf37) lui     t5, 0xaa0c
core   0: 3 0x80004544 (0x0aa0cf37) x30 0x0aa0c000
core   0: 0x80004548 (0xfef948e3) blt     s2, a5, pc - 16
core   0: 3 0x80004548 (0xfef948e3)
core   0: 0x8000454c (0x016aa833) slt     a6, s5, s6
core   0: 3 0x8000454c (0x016aa833) x16 0x00000000
core   0: 0x80004550 (0x00600413) li      s0, 6
core   0: 3 0x80004550 (0x00600413) x 8 0x00000006
core   0: 0x80004554 (0x010af7b3) and     a5, s5, a6
core   0: 3 0x80004554 (0x010af7b3) x15 0x00000000
core   0: 0x80004558 (0x00c00a13) li      s4, 12
core   0: 3 0x80004558 (0x00c00a13) x20 0x0000000c
core   0: 0x8000455c (0x00000013) nop
core   0: 3 0x8000455c (0x00000013)
core   0: 0x80004560 (0x00a40413) addi    s0, s0, 10
core   0: 3 0x80004560 (0x00a40413) x 8 0x00000010
core   0: 0x80004564 (0x00a00513) li      a0, 10
core   0: 3 0x80004564 (0x00a00513) x10 0x0000000a
core   0: 0x80004568 (0x00a00313) li      t1, 10
core   0: 3 0x80004568 (0x00a00313) x 6 0x0000000a
core   0: 0x8000456c (0x02b04c33) div     s8, zero, a1
core   0: 3 0x8000456c (0x02b04c33) x24 0x00000000
core   0: 0x80004570 (0x03c7c6b3) div     a3, a5, t3
core   0: 3 0x80004570 (0x03c7c6b3) x13 0x00000000
core   0: 0x80004574 (0xff750513) addi    a0, a0, -9
core   0: 3 0x80004574 (0xff750513) x10 0x00000001
core   0: 0x80004578 (0xfe657ce3) bgeu    a0, t1, pc - 8
core   0: 3 0x80004578 (0xfe657ce3)
core   0: 0x8000457c (0xff4440e3) blt     s0, s4, pc - 32
core   0: 3 0x8000457c (0xff4440e3)
core   0: 0x80004580 (0x00960933) add     s2, a2, s1
core   0: 3 0x80004580 (0x00960933) x18 0xf063e000
core   0: 0x80004584 (0x00a00393) li      t2, 10
core   0: 3 0x80004584 (0x00a00393) x 7 0x0000000a
core   0: 0x80004588 (0x03a5e9b7) lui     s3, 0x3a5e
core   0: 3 0x80004588 (0x03a5e9b7) x19 0x03a5e000
core   0: 0x8000458c (0x40390e33) sub     t3, s2, gp
core   0: 3 0x8000458c (0x40390e33) x28 0x38da6000
core   0: 0x80004590 (0x77733cb7) lui     s9, 0x77733
core   0: 3 0x80004590 (0x77733cb7) x25 0x77733000
core   0: 0x80004594 (0x00a00b93) li      s7, 10
core   0: 3 0x80004594 (0x00a00b93) x23 0x0000000a
core   0: 0x80004598 (0xa3f63a93) sltiu   s5, a2, -1473
core   0: 3 0x80004598 (0xa3f63a93) x21 0x00000001
core   0: 0x8000459c (0x402ade13) srai    t3, s5, 2
core   0: 3 0x8000459c (0x402ade13) x28 0x00000000
core   0: 0x800045a0 (0x01dc5433) srl     s0, s8, t4
core   0: 3 0x800045a0 (0x01dc5433) x 8 0x00000000
core   0: 0x800045a4 (0xac808413) addi    s0, ra, -1336
core   0: 3 0x800045a4 (0xac808413) x 8 0xfffffac8
core   0: 0x800045a8 (0xff738393) addi    t2, t2, -9
core   0: 3 0x800045a8 (0xff738393) x 7 0x00000001
core   0: 0x800045ac (0x02599833) mulh    a6, s3, t0
core   0: 3 0x800045ac (0x02599833) x16 0x01af6016
core   0: 0x800045b0 (0xff73f4e3) bgeu    t2, s7, pc - 24
core   0: 3 0x800045b0 (0xff73f4e3)
core   0: 0x800045b4 (0x01e85333) srl     t1, a6, t5
core   0: 3 0x800045b4 (0x01e85333) x 6 0x01af6016
core   0: 0x800045b8 (0x00a00d13) li      s10, 10
core   0: 3 0x800045b8 (0x00a00d13) x26 0x0000000a
core   0: 0x800045bc (0x71298313) addi    t1, s3, 1810
core   0: 3 0x800045bc (0x71298313) x 6 0x03a5e712
core   0: 0x800045c0 (0x01f07f33) and     t5, zero, t6
core   0: 3 0x800045c0 (0x01f07f33) x30 0x00000000
core   0: 0x800045c4 (0x00a00093) li      ra, 10
core   0: 3 0x800045c4 (0x00a00093) x 1 0x0000000a
core   0: 0x800045c8 (0x00a32633) slt     a2, t1, a0
core   0: 3 0x800045c8 (0x00a32633) x12 0x00000000
core   0: 0x800045cc (0x0282af33) mulhsu  t5, t0, s0
core   0: 3 0x800045cc (0x0282af33) x30 0x76405d96
core   0: 0x800045d0 (0xff7d0d13) addi    s10, s10, -9
core   0: 3 0x800045d0 (0xff7d0d13) x26 0x00000001
core   0: 0x800045d4 (0x01ef0a33) add     s4, t5, t5
core   0: 3 0x800045d4 (0x01ef0a33) x20 0xec80bb2c
core   0: 0x800045d8 (0x74b10a37) lui     s4, 0x74b10
core   0: 3 0x800045d8 (0x74b10a37) x20 0x74b10000
core   0: 0x800045dc (0x00900213) li      tp, 9
core   0: 3 0x800045dc (0x00900213) x 4 0x00000009
core   0: 0x800045e0 (0x03cbe633) rem     a2, s7, t3
core   0: 3 0x800045e0 (0x03cbe633) x12 0x0000000a
core   0: 0x800045e4 (0x0020d393) srli    t2, ra, 2
core   0: 3 0x800045e4 (0x0020d393) x 7 0x00000002
core   0: 0x800045e8 (0x01e1af33) slt     t5, gp, t5
core   0: 3 0x800045e8 (0x01e1af33) x30 0x00000001
core   0: 0x800045ec (0x7890ab93) slti    s7, ra, 1929
core   0: 3 0x800045ec (0x7890ab93) x23 0x00000001
core   0: 0x800045f0 (0xff500f93) li      t6, -11
core   0: 3 0x800045f0 (0xff500f93) x31 0xfffffff5
core   0: 0x800045f4 (0x005974b3) and     s1, s2, t0
core   0: 3 0x800045f4 (0x005974b3) x 9 0x70406000
core   0: 0x800045f8 (0x023ca8b3) mulhsu  a7, s9, gp
core   0: 3 0x800045f8 (0x023ca8b3) x17 0x55a37fae
core   0: 0x800045fc (0x01ff5f13) srli    t5, t5, 31
core   0: 3 0x800045fc (0x01ff5f13) x30 0x00000000
core   0: 0x80004600 (0x3030e493) ori     s1, ra, 771
core   0: 3 0x80004600 (0x3030e493) x 9 0x0000030b
core   0: 0x80004604 (0xe7780c93) addi    s9, a6, -393
core   0: 3 0x80004604 (0xe7780c93) x25 0x01af5e8d
core   0: 0x80004608 (0x40e3d8b3) sra     a7, t2, a4
core   0: 3 0x80004608 (0x40e3d8b3) x17 0x00000000
core   0: 0x8000460c (0x039d38b3) mulhu   a7, s10, s9
core   0: 3 0x8000460c (0x039d38b3) x17 0x00000000
core   0: 0x80004610 (0x01d69113) slli    sp, a3, 29
core   0: 3 0x80004610 (0x01d69113) x 2 0x00000000
core   0: 0x80004614 (0x03a63ab3) mulhu   s5, a2, s10
core   0: 3 0x80004614 (0x03a63ab3) x21 0x00000000
core   0: 0x80004618 (0x010298b3) sll     a7, t0, a6
core   0: 3 0x80004618 (0x010298b3) x17 0x00000000
core   0: 0x8000461c (0xcb700793) li      a5, -841
core   0: 3 0x8000461c (0xcb700793) x15 0xfffffcb7
core   0: 0x80004620 (0xffb20213) addi    tp, tp, -5
core   0: 3 0x80004620 (0xffb20213) x 4 0x00000004
core   0: 0x80004624 (0x028c1cb3) mulh    s9, s8, s0
core   0: 3 0x80004624 (0x028c1cb3) x25 0x00000000
core   0: 0x80004628 (0xfff206e3) beq     tp, t6, pc - 20
core   0: 3 0x80004628 (0xfff206e3)
core   0: 0x8000462c (0x02eedbb3) divu    s7, t4, a4
core   0: 3 0x8000462c (0x02eedbb3) x23 0x00000001
core   0: 0x80004630 (0x00bc53b3) srl     t2, s8, a1
core   0: 3 0x80004630 (0x00bc53b3) x 7 0x00000000
core   0: 0x80004634 (0xf81d7ae3) bgeu    s10, ra, pc - 108
core   0: 3 0x80004634 (0xf81d7ae3)
core   0: 0x80004638 (0x00cb9813) slli    a6, s7, 12
core   0: 3 0x80004638 (0x00cb9813) x16 0x00001000
core   0: 0x8000463c (0xff600593) li      a1, -10
core   0: 3 0x8000463c (0xff600593) x11 0xfffffff6
core   0: 0x80004640 (0x01f20533) add     a0, tp, t6
core   0: 3 0x80004640 (0x01f20533) x10 0xfffffff9
core   0: 0x80004644 (0x01100293) li      t0, 17
core   0: 3 0x80004644 (0x01100293) x 5 0x00000011
core   0: 0x80004648 (0x0319f1b3) remu    gp, s3, a7
core   0: 3 0x80004648 (0x0319f1b3) x 3 0x03a5e000
core   0: 0x8000464c (0x8f990337) lui     t1, 0x8f990
core   0: 3 0x8000464c (0x8f990337) x 6 0x8f990000
core   0: 0x80004650 (0x00a58593) addi    a1, a1, 10
core   0: 3 0x80004650 (0x00a58593) x11 0x00000000
core   0: 0x80004654 (0x00460333) add     t1, a2, tp
core   0: 3 0x80004654 (0x00460333) x 6 0x0000000e
core   0: 0x80004658 (0x9f09a113) slti    sp, s3, -1552
core   0: 3 0x80004658 (0x9f09a113) x 2 0x00000000
core   0: 0x8000465c (0x02a41533) mulh    a0, s0, a0
core   0: 3 0x8000465c (0x02a41533) x10 0x00000000
core   0: 0x80004660 (0xfe55e6e3) bltu    a1, t0, pc - 20
core   0: 3 0x80004660 (0xfe55e6e3)
core   0: 0x8000464c (0x8f990337) lui     t1, 0x8f990
core   0: 3 0x8000464c (0x8f990337) x 6 0x8f990000
core   0: 0x80004650 (0x00a58593) addi    a1, a1, 10
core   0: 3 0x80004650 (0x00a58593) x11 0x0000000a
core   0: 0x80004654 (0x00460333) add     t1, a2, tp
core   0: 3 0x80004654 (0x00460333) x 6 0x0000000e
core   0: 0x80004658 (0x9f09a113) slti    sp, s3, -1552
core   0: 3 0x80004658 (0x9f09a113) x 2 0x00000000
core   0: 0x8000465c (0x02a41533) mulh    a0, s0, a0
core   0: 3 0x8000465c (0x02a41533) x10 0x00000000
core   0: 0x80004660 (0xfe55e6e3) bltu    a1, t0, pc - 20
core   0: 3 0x80004660 (0xfe55e6e3)
core   0: 0x8000464c (0x8f990337) lui     t1, 0x8f990
core   0: 3 0x8000464c (0x8f990337) x 6 0x8f990000
core   0: 0x80004650 (0x00a58593) addi    a1, a1, 10
core   0: 3 0x80004650 (0x00a58593) x11 0x00000014
core   0: 0x80004654 (0x00460333) add     t1, a2, tp
core   0: 3 0x80004654 (0x00460333) x 6 0x0000000e
core   0: 0x80004658 (0x9f09a113) slti    sp, s3, -1552
core   0: 3 0x80004658 (0x9f09a113) x 2 0x00000000
core   0: 0x8000465c (0x02a41533) mulh    a0, s0, a0
core   0: 3 0x8000465c (0x02a41533) x10 0x00000000
core   0: 0x80004660 (0xfe55e6e3) bltu    a1, t0, pc - 20
core   0: 3 0x80004660 (0xfe55e6e3)
core   0: 0x80004664 (0x0389b233) mulhu   tp, s3, s8
core   0: 3 0x80004664 (0x0389b233) x 4 0x00000000
core   0: 0x80004668 (0x00200d13) li      s10, 2
core   0: 3 0x80004668 (0x00200d13) x26 0x00000002
core   0: 0x8000466c (0x74c98113) addi    sp, s3, 1868
core   0: 3 0x8000466c (0x74c98113) x 2 0x03a5e74c
core   0: 0x80004670 (0x01e41e93) slli    t4, s0, 30
core   0: 3 0x80004670 (0x01e41e93) x29 0x00000000
core   0: 0x80004674 (0x01245533) srl     a0, s0, s2
core   0: 3 0x80004674 (0x01245533) x10 0xfffffac8
core   0: 0x80004678 (0x012622b3) slt     t0, a2, s2
core   0: 3 0x80004678 (0x012622b3) x 5 0x00000000
core   0: 0x8000467c (0x0054b133) sltu    sp, s1, t0
core   0: 3 0x8000467c (0x0054b133) x 2 0x00000000
core   0: 0x80004680 (0x4150d533) sra     a0, ra, s5
core   0: 3 0x80004680 (0x4150d533) x10 0x0000000a
core   0: 0x80004684 (0x025b9f33) mulh    t5, s7, t0
core   0: 3 0x80004684 (0x025b9f33) x30 0x00000000
core   0: 0x80004688 (0xffa00a13) li      s4, -6
core   0: 3 0x80004688 (0xffa00a13) x20 0xfffffffa
core   0: 0x8000468c (0x01976fb3) or      t6, a4, s9
core   0: 3 0x8000468c (0x01976fb3) x31 0xeb14dae6
core   0: 0x80004690 (0x02404333) div     t1, zero, tp
core   0: 3 0x80004690 (0x02404333) x 6 0xffffffff
core   0: 0x80004694 (0x02b27bb3) remu    s7, tp, a1
core   0: 3 0x80004694 (0x02b27bb3) x23 0x00000000
core   0: 0x80004698 (0xffea0a93) addi    s5, s4, -2
core   0: 3 0x80004698 (0xffea0a93) x21 0xfffffff8
core   0: 0x8000469c (0x002ebfb3) sltu    t6, t4, sp
core   0: 3 0x8000469c (0x002ebfb3) x31 0x00000000
core   0: 0x800046a0 (0x00000013) nop
core   0: 3 0x800046a0 (0x00000013)
core   0: 0x800046a4 (0x019099b3) sll     s3, ra, s9
core   0: 3 0x800046a4 (0x019099b3) x19 0x0000000a
core   0: 0x800046a8 (0x026965b3) rem     a1, s2, t1
core   0: 3 0x800046a8 (0x026965b3) x11 0x00000000
core   0: 0x800046ac (0xffcd0d13) addi    s10, s10, -4
core   0: 3 0x800046ac (0xffcd0d13) x26 0xfffffffe
core   0: 0x800046b0 (0x01341e33) sll     t3, s0, s3
core   0: 3 0x800046b0 (0x01341e33) x28 0xffeb2000
core   0: 0x800046b4 (0x0020fbb3) and     s7, ra, sp
core   0: 3 0x800046b4 (0x0020fbb3) x23 0x00000000
core   0: 0x800046b8 (0x036629b3) mulhsu  s3, a2, s6
core   0: 3 0x800046b8 (0x036629b3) x19 0x00000005
core   0: 0x800046bc (0x013c70b3) and     ra, s8, s3
core   0: 3 0x800046bc (0x013c70b3) x 1 0x00000000
core   0: 0x800046c0 (0x03cb3433) mulhu   s0, s6, t3
core   0: 3 0x800046c0 (0x03cb3433) x 8 0x7ff7edba
core   0: 0x800046c4 (0x4b3bac93) slti    s9, s7, 1203
core   0: 3 0x800046c4 (0x4b3bac93) x25 0x00000001
core   0: 0x800046c8 (0xff4d50e3) bge     s10, s4, pc - 32
core   0: 3 0x800046c8 (0xff4d50e3)
core   0: 0x800046a8 (0x026965b3) rem     a1, s2, t1
core   0: 3 0x800046a8 (0x026965b3) x11 0x00000000
core   0: 0x800046ac (0xffcd0d13) addi    s10, s10, -4
core   0: 3 0x800046ac (0xffcd0d13) x26 0xfffffffa
core   0: 0x800046b0 (0x01341e33) sll     t3, s0, s3
core   0: 3 0x800046b0 (0x01341e33) x28 0xfefdb740
core   0: 0x800046b4 (0x0020fbb3) and     s7, ra, sp
core   0: 3 0x800046b4 (0x0020fbb3) x23 0x00000000
core   0: 0x800046b8 (0x036629b3) mulhsu  s3, a2, s6
core   0: 3 0x800046b8 (0x036629b3) x19 0x00000005
core   0: 0x800046bc (0x013c70b3) and     ra, s8, s3
core   0: 3 0x800046bc (0x013c70b3) x 1 0x00000000
core   0: 0x800046c0 (0x03cb3433) mulhu   s0, s6, t3
core   0: 3 0x800046c0 (0x03cb3433) x 8 0x7f813728
core   0: 0x800046c4 (0x4b3bac93) slti    s9, s7, 1203
core   0: 3 0x800046c4 (0x4b3bac93) x25 0x00000001
core   0: 0x800046c8 (0xff4d50e3) bge     s10, s4, pc - 32
core   0: 3 0x800046c8 (0xff4d50e3)
core   0: 0x800046a8 (0x026965b3) rem     a1, s2, t1
core   0: 3 0x800046a8 (0x026965b3) x11 0x00000000
core   0: 0x800046ac (0xffcd0d13) addi    s10, s10, -4
core   0: 3 0x800046ac (0xffcd0d13) x26 0xfffffff6
core   0: 0x800046b0 (0x01341e33) sll     t3, s0, s3
core   0: 3 0x800046b0 (0x01341e33) x28 0xf026e500
core   0: 0x800046b4 (0x0020fbb3) and     s7, ra, sp
core   0: 3 0x800046b4 (0x0020fbb3) x23 0x00000000
core   0: 0x800046b8 (0x036629b3) mulhsu  s3, a2, s6
core   0: 3 0x800046b8 (0x036629b3) x19 0x00000005
core   0: 0x800046bc (0x013c70b3) and     ra, s8, s3
core   0: 3 0x800046bc (0x013c70b3) x 1 0x00000000
core   0: 0x800046c0 (0x03cb3433) mulhu   s0, s6, t3
core   0: 3 0x800046c0 (0x03cb3433) x 8 0x7815aae9
core   0: 0x800046c4 (0x4b3bac93) slti    s9, s7, 1203
core   0: 3 0x800046c4 (0x4b3bac93) x25 0x00000001
core   0: 0x800046c8 (0xff4d50e3) bge     s10, s4, pc - 32
core   0: 3 0x800046c8 (0xff4d50e3)
core   0: 0x800046cc (0x01d7e5b3) or      a1, a5, t4
core   0: 3 0x800046cc (0x01d7e5b3) x11 0xfffffcb7
core   0: 0x800046d0 (0x00600f13) li      t5, 6
core   0: 3 0x800046d0 (0x00600f13) x30 0x00000006
core   0: 0x800046d4 (0x9df66193) ori     gp, a2, -1569
core   0: 3 0x800046d4 (0x9df66193) x 3 0xfffff9df
core   0: 0x800046d8 (0x000bf133) and     sp, s7, zero
core   0: 3 0x800046d8 (0x000bf133) x 2 0x00000000
core   0: 0x800046dc (0x404c0a33) sub     s4, s8, tp
core   0: 3 0x800046dc (0x404c0a33) x20 0x00000000
core   0: 0x800046e0 (0x00b3fab3) and     s5, t2, a1
core   0: 3 0x800046e0 (0x00b3fab3) x21 0x00000000
core   0: 0x800046e4 (0x03c251b3) divu    gp, tp, t3
core   0: 3 0x800046e4 (0x03c251b3) x 3 0x00000000
core   0: 0x800046e8 (0x00000013) nop
core   0: 3 0x800046e8 (0x00000013)
core   0: 0x800046ec (0x038de1b3) rem     gp, s11, s8
core   0: 3 0x800046ec (0x038de1b3) x 3 0x80029ce4
core   0: 0x800046f0 (0x01bad913) srli    s2, s5, 27
core   0: 3 0x800046f0 (0x01bad913) x18 0x00000000
core   0: 0x800046f4 (0x00400e93) li      t4, 4
core   0: 3 0x800046f4 (0x00400e93) x29 0x00000004
core   0: 0x800046f8 (0x025a3a33) mulhu   s4, s4, t0
core   0: 3 0x800046f8 (0x025a3a33) x20 0x00000000
core   0: 0x800046fc (0x0114cab3) xor     s5, s1, a7
core   0: 3 0x800046fc (0x0114cab3) x21 0x0000030b
core   0: 0x80004700 (0xc31e2693) slti    a3, t3, -975
core   0: 3 0x80004700 (0xc31e2693) x13 0x00000001
core   0: 0x80004704 (0x018b5c93) srli    s9, s6, 24
core   0: 3 0x80004704 (0x018b5c93) x25 0x00000080
core   0: 0x80004708 (0x02932033) mulhsu  zero, t1, s1
core   0: 3 0x80004708 (0x02932033)
core   0: 0x8000470c (0x00a8a3b3) slt     t2, a7, a0
core   0: 3 0x8000470c (0x00a8a3b3) x 7 0x00000001
core   0: 0x80004710 (0xffdf0f13) addi    t5, t5, -3
core   0: 3 0x80004710 (0xffdf0f13) x30 0x00000003
core   0: 0x80004714 (0x00013133) sltu    sp, sp, zero
core   0: 3 0x80004714 (0x00013133) x 2 0x00000000
core   0: 0x80004718 (0x00019013) slli    zero, gp, 0
core   0: 3 0x80004718 (0x00019013)
core   0: 0x8000471c (0x03f23ab3) mulhu   s5, tp, t6
core   0: 3 0x8000471c (0x03f23ab3) x21 0x00000000
core   0: 0x80004720 (0x009eb7b3) sltu    a5, t4, s1
core   0: 3 0x80004720 (0x009eb7b3) x15 0x00000001
core   0: 0x80004724 (0x01e530b3) sltu    ra, a0, t5
core   0: 3 0x80004724 (0x01e530b3) x 1 0x00000000
core   0: 0x80004728 (0x01664413) xori    s0, a2, 22
core   0: 3 0x80004728 (0x01664413) x 8 0x0000001c
core   0: 0x8000472c (0x52bba893) slti    a7, s7, 1323
core   0: 3 0x8000472c (0x52bba893) x17 0x00000001
core   0: 0x80004730 (0x025c7cb3) remu    s9, s8, t0
core   0: 3 0x80004730 (0x025c7cb3) x25 0x00000000
core   0: 0x80004734 (0x407d5433) sra     s0, s10, t2
core   0: 3 0x80004734 (0x407d5433) x 8 0xfffffffb
core   0: 0x80004738 (0xfddf72e3) bgeu    t5, t4, pc - 60
core   0: 3 0x80004738 (0xfddf72e3)
core   0: 0x8000473c (0x6d580913) addi    s2, a6, 1749
core   0: 3 0x8000473c (0x6d580913) x18 0x000016d5
core   0: 0x80004740 (0x00300e93) li      t4, 3
core   0: 3 0x80004740 (0x00300e93) x29 0x00000003
core   0: 0x80004744 (0xfef00093) li      ra, -17
core   0: 3 0x80004744 (0xfef00093) x 1 0xffffffef
core   0: 0x80004748 (0x026934b3) mulhu   s1, s2, t1
core   0: 3 0x80004748 (0x026934b3) x 9 0x000016d4
core   0: 0x8000474c (0x003a38b3) sltu    a7, s4, gp
core   0: 3 0x8000474c (0x003a38b3) x17 0x00000001
core   0: 0x80004750 (0xff7e8e93) addi    t4, t4, -9
core   0: 3 0x80004750 (0xff7e8e93) x29 0xfffffffa
core   0: 0x80004754 (0x00a20133) add     sp, tp, a0
core   0: 3 0x80004754 (0x00a20133) x 2 0x0000000a
core   0: 0x80004758 (0x00c9e2b3) or      t0, s3, a2
core   0: 3 0x80004758 (0x00c9e2b3) x 5 0x0000000f
core   0: 0x8000475c (0x004814b3) sll     s1, a6, tp
core   0: 3 0x8000475c (0x004814b3) x 9 0x00001000
core   0: 0x80004760 (0xfe1ed6e3) bge     t4, ra, pc - 20
core   0: 3 0x80004760 (0xfe1ed6e3)
core   0: 0x8000474c (0x003a38b3) sltu    a7, s4, gp
core   0: 3 0x8000474c (0x003a38b3) x17 0x00000001
core   0: 0x80004750 (0xff7e8e93) addi    t4, t4, -9
core   0: 3 0x80004750 (0xff7e8e93) x29 0xfffffff1
core   0: 0x80004754 (0x00a20133) add     sp, tp, a0
core   0: 3 0x80004754 (0x00a20133) x 2 0x0000000a
core   0: 0x80004758 (0x00c9e2b3) or      t0, s3, a2
core   0: 3 0x80004758 (0x00c9e2b3) x 5 0x0000000f
core   0: 0x8000475c (0x004814b3) sll     s1, a6, tp
core   0: 3 0x8000475c (0x004814b3) x 9 0x00001000
core   0: 0x80004760 (0xfe1ed6e3) bge     t4, ra, pc - 20
core   0: 3 0x80004760 (0xfe1ed6e3)
core   0: 0x8000474c (0x003a38b3) sltu    a7, s4, gp
core   0: 3 0x8000474c (0x003a38b3) x17 0x00000001
core   0: 0x80004750 (0xff7e8e93) addi    t4, t4, -9
core   0: 3 0x80004750 (0xff7e8e93) x29 0xffffffe8
core   0: 0x80004754 (0x00a20133) add     sp, tp, a0
core   0: 3 0x80004754 (0x00a20133) x 2 0x0000000a
core   0: 0x80004758 (0x00c9e2b3) or      t0, s3, a2
core   0: 3 0x80004758 (0x00c9e2b3) x 5 0x0000000f
core   0: 0x8000475c (0x004814b3) sll     s1, a6, tp
core   0: 3 0x8000475c (0x004814b3) x 9 0x00001000
core   0: 0x80004760 (0xfe1ed6e3) bge     t4, ra, pc - 20
core   0: 3 0x80004760 (0xfe1ed6e3)
core   0: 0x80004764 (0x008a9fb3) sll     t6, s5, s0
core   0: 3 0x80004764 (0x008a9fb3) x31 0x00000000
core   0: 0x80004768 (0x00700513) li      a0, 7
core   0: 3 0x80004768 (0x00700513) x10 0x00000007
core   0: 0x8000476c (0x02b262b3) rem     t0, tp, a1
core   0: 3 0x8000476c (0x02b262b3) x 5 0x00000000
core   0: 0x80004770 (0x3c3b8413) addi    s0, s7, 963
core   0: 3 0x80004770 (0x3c3b8413) x 8 0x000003c3
core   0: 0x80004774 (0xa02c4217) auipc   tp, 0xa02c4
core   0: 3 0x80004774 (0xa02c4217) x 4 0x202c8774
core   0: 0x80004778 (0x00500a13) li      s4, 5
core   0: 3 0x80004778 (0x00500a13) x20 0x00000005
core   0: 0x8000477c (0x00a7b833) sltu    a6, a5, a0
core   0: 3 0x8000477c (0x00a7b833) x16 0x00000001
core   0: 0x80004780 (0x007321b3) slt     gp, t1, t2
core   0: 3 0x80004780 (0x007321b3) x 3 0x00000001
core   0: 0x80004784 (0x4092d333) sra     t1, t0, s1
core   0: 3 0x80004784 (0x4092d333) x 6 0x00000000
core   0: 0x80004788 (0x03dbbbb3) mulhu   s7, s7, t4
core   0: 3 0x80004788 (0x03dbbbb3) x23 0x00000000
core   0: 0x8000478c (0x00761a93) slli    s5, a2, 7
core   0: 3 0x8000478c (0x00761a93) x21 0x00000500
core   0: 0x80004790 (0x01138833) add     a6, t2, a7
core   0: 3 0x80004790 (0x01138833) x16 0x00000002
core   0: 0x80004794 (0x02b5a433) mulhsu  s0, a1, a1
core   0: 3 0x80004794 (0x02b5a433) x 8 0xfffffcb7
core   0: 0x80004798 (0x00ddd033) srl     zero, s11, a3
core   0: 3 0x80004798 (0x00ddd033)
core   0: 0x8000479c (0x03a01bb3) mulh    s7, zero, s10
core   0: 3 0x8000479c (0x03a01bb3) x23 0x00000000
core   0: 0x800047a0 (0x01d85793) srli    a5, a6, 29
core   0: 3 0x800047a0 (0x01d85793) x15 0x00000000
core   0: 0x800047a4 (0x01ccdd33) srl     s10, s9, t3
core   0: 3 0x800047a4 (0x01ccdd33) x26 0x00000000
core   0: 0x800047a8 (0x41275f33) sra     t5, a4, s2
core   0: 3 0x800047a8 (0x41275f33) x30 0xffffff58
core   0: 0x800047ac (0x018129b3) slt     s3, sp, s8
core   0: 3 0x800047ac (0x018129b3) x19 0x00000000
core   0: 0x800047b0 (0xffe50513) addi    a0, a0, -2
core   0: 3 0x800047b0 (0xffe50513) x10 0x00000005
core   0: 0x800047b4 (0x013fa9b3) slt     s3, t6, s3
core   0: 3 0x800047b4 (0x013fa9b3) x19 0x00000000
core   0: 0x800047b8 (0x0a4ced13) ori     s10, s9, 164
core   0: 3 0x800047b8 (0x0a4ced13) x26 0x000000a4
core   0: 0x800047bc (0x000e32b3) sltu    t0, t3, zero
core   0: 3 0x800047bc (0x000e32b3) x 5 0x00000000
core   0: 0x800047c0 (0xfd4504e3) beq     a0, s4, pc - 56
core   0: 3 0x800047c0 (0xfd4504e3)
core   0: 0x80004788 (0x03dbbbb3) mulhu   s7, s7, t4
core   0: 3 0x80004788 (0x03dbbbb3) x23 0x00000000
core   0: 0x8000478c (0x00761a93) slli    s5, a2, 7
core   0: 3 0x8000478c (0x00761a93) x21 0x00000500
core   0: 0x80004790 (0x01138833) add     a6, t2, a7
core   0: 3 0x80004790 (0x01138833) x16 0x00000002
core   0: 0x80004794 (0x02b5a433) mulhsu  s0, a1, a1
core   0: 3 0x80004794 (0x02b5a433) x 8 0xfffffcb7
core   0: 0x80004798 (0x00ddd033) srl     zero, s11, a3
core   0: 3 0x80004798 (0x00ddd033)
core   0: 0x8000479c (0x03a01bb3) mulh    s7, zero, s10
core   0: 3 0x8000479c (0x03a01bb3) x23 0x00000000
core   0: 0x800047a0 (0x01d85793) srli    a5, a6, 29
core   0: 3 0x800047a0 (0x01d85793) x15 0x00000000
core   0: 0x800047a4 (0x01ccdd33) srl     s10, s9, t3
core   0: 3 0x800047a4 (0x01ccdd33) x26 0x00000000
core   0: 0x800047a8 (0x41275f33) sra     t5, a4, s2
core   0: 3 0x800047a8 (0x41275f33) x30 0xffffff58
core   0: 0x800047ac (0x018129b3) slt     s3, sp, s8
core   0: 3 0x800047ac (0x018129b3) x19 0x00000000
core   0: 0x800047b0 (0xffe50513) addi    a0, a0, -2
core   0: 3 0x800047b0 (0xffe50513) x10 0x00000003
core   0: 0x800047b4 (0x013fa9b3) slt     s3, t6, s3
core   0: 3 0x800047b4 (0x013fa9b3) x19 0x00000000
core   0: 0x800047b8 (0x0a4ced13) ori     s10, s9, 164
core   0: 3 0x800047b8 (0x0a4ced13) x26 0x000000a4
core   0: 0x800047bc (0x000e32b3) sltu    t0, t3, zero
core   0: 3 0x800047bc (0x000e32b3) x 5 0x00000000
core   0: 0x800047c0 (0xfd4504e3) beq     a0, s4, pc - 56
core   0: 3 0x800047c0 (0xfd4504e3)
core   0: 0x800047c4 (0x033e1e33) mulh    t3, t3, s3
core   0: 3 0x800047c4 (0x033e1e33) x28 0x00000000
core   0: 0x800047c8 (0x00900c13) li      s8, 9
core   0: 3 0x800047c8 (0x00900c13) x24 0x00000009
core   0: 0x800047cc (0x00700993) li      s3, 7
core   0: 3 0x800047cc (0x00700993) x19 0x00000007
core   0: 0x800047d0 (0x40880e33) sub     t3, a6, s0
core   0: 3 0x800047d0 (0x40880e33) x28 0x0000034b
core   0: 0x800047d4 (0x02f09fb3) mulh    t6, ra, a5
core   0: 3 0x800047d4 (0x02f09fb3) x31 0x00000000
core   0: 0x800047d8 (0xffcc0c13) addi    s8, s8, -4
core   0: 3 0x800047d8 (0xffcc0c13) x24 0x00000005
core   0: 0x800047dc (0x00700813) li      a6, 7
core   0: 3 0x800047dc (0x00700813) x16 0x00000007
core   0: 0x800047e0 (0x00000013) nop
core   0: 3 0x800047e0 (0x00000013)
core   0: 0x800047e4 (0x00a00393) li      t2, 10
core   0: 3 0x800047e4 (0x00a00393) x 7 0x0000000a
core   0: 0x800047e8 (0x4432b597) auipc   a1, 0x4432b
core   0: 3 0x800047e8 (0x4432b597) x11 0xc432f7e8
core   0: 0x800047ec (0x00180813) addi    a6, a6, 1
core   0: 3 0x800047ec (0x00180813) x16 0x00000008
core   0: 0x800047f0 (0x030ba6b3) mulhsu  a3, s7, a6
core   0: 3 0x800047f0 (0x030ba6b3) x13 0x00000000
core   0: 0x800047f4 (0xfe780ae3) beq     a6, t2, pc - 12
core   0: 3 0x800047f4 (0xfe780ae3)
core   0: 0x800047f8 (0xfd3c5ce3) bge     s8, s3, pc - 40
core   0: 3 0x800047f8 (0xfd3c5ce3)
core   0: 0x800047fc (0x00000013) nop
core   0: 3 0x800047fc (0x00000013)
core   0: 0x80004800 (0x00200793) li      a5, 2
core   0: 3 0x80004800 (0x00200793) x15 0x00000002
core   0: 0x80004804 (0x01e0c9b3) xor     s3, ra, t5
core   0: 3 0x80004804 (0x01e0c9b3) x19 0x000000b7
core   0: 0x80004808 (0x00200b93) li      s7, 2
core   0: 3 0x80004808 (0x00200b93) x23 0x00000002
core   0: 0x8000480c (0x41ded0b3) sra     ra, t4, t4
core   0: 3 0x8000480c (0x41ded0b3) x 1 0xffffffff
core   0: 0x80004810 (0x031a0633) mul     a2, s4, a7
core   0: 3 0x80004810 (0x031a0633) x12 0x00000005
core   0: 0x80004814 (0x005faeb3) slt     t4, t6, t0
core   0: 3 0x80004814 (0x005faeb3) x29 0x00000000
core   0: 0x80004818 (0x008eb6b3) sltu    a3, t4, s0
core   0: 3 0x80004818 (0x008eb6b3) x13 0x00000001
core   0: 0x8000481c (0x02f9d933) divu    s2, s3, a5
core   0: 3 0x8000481c (0x02f9d933) x18 0x0000005b
core   0: 0x80004820 (0x0285ae33) mulhsu  t3, a1, s0
core   0: 3 0x80004820 (0x0285ae33) x28 0xc432f8ac
core   0: 0x80004824 (0xe1f9ce93) xori    t4, s3, -481
core   0: 3 0x80004824 (0xe1f9ce93) x29 0xfffffea8
core   0: 0x80004828 (0x033a09b3) mul     s3, s4, s3
core   0: 3 0x80004828 (0x033a09b3) x19 0x00000393
core   0: 0x8000482c (0xe75f3093) sltiu   ra, t5, -395
core   0: 3 0x8000482c (0xe75f3093) x 1 0x00000000
core   0: 0x80004830 (0x01980333) add     t1, a6, s9
core   0: 3 0x80004830 (0x01980333) x 6 0x00000008
core   0: 0x80004834 (0x7a567093) andi    ra, a2, 1957
core   0: 3 0x80004834 (0x7a567093) x 1 0x00000005
core   0: 0x80004838 (0x415ad533) sra     a0, s5, s5
core   0: 3 0x80004838 (0x415ad533) x10 0x00000500
core   0: 0x8000483c (0xab97b593) sltiu   a1, a5, -1351
core   0: 3 0x8000483c (0xab97b593) x11 0x00000001
core   0: 0x80004840 (0xa64ab393) sltiu   t2, s5, -1436
core   0: 3 0x80004840 (0xa64ab393) x 7 0x00000001
core   0: 0x80004844 (0x00000013) nop
core   0: 3 0x80004844 (0x00000013)
core   0: 0x80004848 (0xfff78793) addi    a5, a5, -1
core   0: 3 0x80004848 (0xfff78793) x15 0x00000001
core   0: 0x8000484c (0x014e6133) or      sp, t3, s4
core   0: 3 0x8000484c (0x014e6133) x 2 0xc432f8ad
core   0: 0x80004850 (0x01765a33) srl     s4, a2, s7
core   0: 3 0x80004850 (0x01765a33) x20 0x00000001
core   0: 0x80004854 (0x01d45a13) srli    s4, s0, 29
core   0: 3 0x80004854 (0x01d45a13) x20 0x00000007
core   0: 0x80004858 (0x01179693) slli    a3, a5, 17
core   0: 3 0x80004858 (0x01179693) x13 0x00020000
core   0: 0x8000485c (0x41b00e33) sub     t3, zero, s11
core   0: 3 0x8000485c (0x41b00e33) x28 0x7ffd631c
core   0: 0x80004860 (0x0264a9b3) mulhsu  s3, s1, t1
core   0: 3 0x80004860 (0x0264a9b3) x19 0x00000000
core   0: 0x80004864 (0x02867833) remu    a6, a2, s0
core   0: 3 0x80004864 (0x02867833) x16 0x00000005
core   0: 0x80004868 (0x62c10013) addi    zero, sp, 1580
core   0: 3 0x80004868 (0x62c10013)
core   0: 0x8000486c (0xfb77fee3) bgeu    a5, s7, pc - 68
core   0: 3 0x8000486c (0xfb77fee3)
core   0: 0x80004870 (0x00000013) nop
core   0: 3 0x80004870 (0x00000013)
core   0: 0x80004874 (0x00200793) li      a5, 2
core   0: 3 0x80004874 (0x00200793) x15 0x00000002
core   0: 0x80004878 (0x01100393) li      t2, 17
core   0: 3 0x80004878 (0x01100393) x 7 0x00000011
core   0: 0x8000487c (0x4e11e413) ori     s0, gp, 1249
core   0: 3 0x8000487c (0x4e11e413) x 8 0x000004e1
core   0: 0x80004880 (0x00878793) addi    a5, a5, 8
core   0: 3 0x80004880 (0x00878793) x15 0x0000000a
core   0: 0x80004884 (0x018af8b3) and     a7, s5, s8
core   0: 3 0x80004884 (0x018af8b3) x17 0x00000000
core   0: 0x80004888 (0x41a90bb3) sub     s7, s2, s10
core   0: 3 0x80004888 (0x41a90bb3) x23 0xffffffb7
core   0: 0x8000488c (0x00a00593) li      a1, 10
core   0: 3 0x8000488c (0x00a00593) x11 0x0000000a
core   0: 0x80004890 (0x03fdabb3) mulhsu  s7, s11, t6
core   0: 3 0x80004890 (0x03fdabb3) x23 0x00000000
core   0: 0x80004894 (0x00a00293) li      t0, 10
core   0: 3 0x80004894 (0x00a00293) x 5 0x0000000a
core   0: 0x80004898 (0x00000013) nop
core   0: 3 0x80004898 (0x00000013)
core   0: 0x8000489c (0x00000013) nop
core   0: 3 0x8000489c (0x00000013)
core   0: 0x800048a0 (0x00a65c33) srl     s8, a2, a0
core   0: 3 0x800048a0 (0x00a65c33) x24 0x00000005
core   0: 0x800048a4 (0xff758593) addi    a1, a1, -9
core   0: 3 0x800048a4 (0xff758593) x11 0x00000001
core   0: 0x800048a8 (0xfe55fae3) bgeu    a1, t0, pc - 12
core   0: 3 0x800048a8 (0xfe55fae3)
core   0: 0x800048ac (0x2bbf6f93) ori     t6, t5, 699
core   0: 3 0x800048ac (0x2bbf6f93) x31 0xfffffffb
core   0: 0x800048b0 (0x9e1c4913) xori    s2, s8, -1567
core   0: 3 0x800048b0 (0x9e1c4913) x18 0xfffff9e4
core   0: 0x800048b4 (0xfc77e4e3) bltu    a5, t2, pc - 56
core   0: 3 0x800048b4 (0xfc77e4e3)
core   0: 0x8000487c (0x4e11e413) ori     s0, gp, 1249
core   0: 3 0x8000487c (0x4e11e413) x 8 0x000004e1
core   0: 0x80004880 (0x00878793) addi    a5, a5, 8
core   0: 3 0x80004880 (0x00878793) x15 0x00000012
core   0: 0x80004884 (0x018af8b3) and     a7, s5, s8
core   0: 3 0x80004884 (0x018af8b3) x17 0x00000000
core   0: 0x80004888 (0x41a90bb3) sub     s7, s2, s10
core   0: 3 0x80004888 (0x41a90bb3) x23 0xfffff940
core   0: 0x8000488c (0x00a00593) li      a1, 10
core   0: 3 0x8000488c (0x00a00593) x11 0x0000000a
core   0: 0x80004890 (0x03fdabb3) mulhsu  s7, s11, t6
core   0: 3 0x80004890 (0x03fdabb3) x23 0x80029ce6
core   0: 0x80004894 (0x00a00293) li      t0, 10
core   0: 3 0x80004894 (0x00a00293) x 5 0x0000000a
core   0: 0x80004898 (0x00000013) nop
core   0: 3 0x80004898 (0x00000013)
core   0: 0x8000489c (0x00000013) nop
core   0: 3 0x8000489c (0x00000013)
core   0: 0x800048a0 (0x00a65c33) srl     s8, a2, a0
core   0: 3 0x800048a0 (0x00a65c33) x24 0x00000005
core   0: 0x800048a4 (0xff758593) addi    a1, a1, -9
core   0: 3 0x800048a4 (0xff758593) x11 0x00000001
core   0: 0x800048a8 (0xfe55fae3) bgeu    a1, t0, pc - 12
core   0: 3 0x800048a8 (0xfe55fae3)
core   0: 0x800048ac (0x2bbf6f93) ori     t6, t5, 699
core   0: 3 0x800048ac (0x2bbf6f93) x31 0xfffffffb
core   0: 0x800048b0 (0x9e1c4913) xori    s2, s8, -1567
core   0: 3 0x800048b0 (0x9e1c4913) x18 0xfffff9e4
core   0: 0x800048b4 (0xfc77e4e3) bltu    a5, t2, pc - 56
core   0: 3 0x800048b4 (0xfc77e4e3)
core   0: 0x800048b8 (0x408108b3) sub     a7, sp, s0
core   0: 3 0x800048b8 (0x408108b3) x17 0xc432f3cc
core   0: 0x800048bc (0x01a51a13) slli    s4, a0, 26
core   0: 3 0x800048bc (0x01a51a13) x20 0x00000000
core   0: 0x800048c0 (0x02d9cc63) blt     s3, a3, pc + 56
core   0: 3 0x800048c0 (0x02d9cc63)
core   0: 0x800048f8 (0x0375fe63) bgeu    a1, s7, pc + 60
core   0: 3 0x800048f8 (0x0375fe63)
core   0: 0x800048fc (0x00915fb3) srl     t6, sp, s1
core   0: 3 0x800048fc (0x00915fb3) x31 0xc432f8ad
core   0: 0x80004900 (0x001ce933) or      s2, s9, ra
core   0: 3 0x80004900 (0x001ce933) x18 0x00000005
core   0: 0x80004904 (0x40b401b3) sub     gp, s0, a1
core   0: 3 0x80004904 (0x40b401b3) x 3 0x000004e0
core   0: 0x80004908 (0x407d5bb3) sra     s7, s10, t2
core   0: 3 0x80004908 (0x407d5bb3) x23 0x00000000
core   0: 0x8000490c (0xb6be3f13) sltiu   t5, t3, -1173
core   0: 3 0x8000490c (0xb6be3f13) x30 0x00000001
core   0: 0x80004910 (0x03544333) div     t1, s0, s5
core   0: 3 0x80004910 (0x03544333) x 6 0x00000000
core   0: 0x80004914 (0x02dbd663) bge     s7, a3, pc + 44
core   0: 3 0x80004914 (0x02dbd663)
core   0: 0x80004918 (0x00000013) nop
core   0: 3 0x80004918 (0x00000013)
core   0: 0x8000491c (0x002d6263) bltu    s10, sp, pc + 4
core   0: 3 0x8000491c (0x002d6263)
core   0: 0x80004920 (0x8d277a93) andi    s5, a4, -1838
core   0: 3 0x80004920 (0x8d277a93) x21 0xeb14d8c2
core   0: 0x80004924 (0x40e80133) sub     sp, a6, a4
core   0: 3 0x80004924 (0x40e80133) x 2 0x14eb251f
core   0: 0x80004928 (0x01a63533) sltu    a0, a2, s10
core   0: 3 0x80004928 (0x01a63533) x10 0x00000001
core   0: 0x8000492c (0xd7fd1d37) lui     s10, 0xd7fd1
core   0: 3 0x8000492c (0xd7fd1d37) x26 0xd7fd1000
core   0: 0x80004930 (0x02b6acb3) mulhsu  s9, a3, a1
core   0: 3 0x80004930 (0x02b6acb3) x25 0x00000000
core   0: 0x80004934 (0x02374863) blt     a4, gp, pc + 48
core   0: 3 0x80004934 (0x02374863)
core   0: 0x80004964 (0x01db0a63) beq     s6, t4, pc + 20
core   0: 3 0x80004964 (0x01db0a63)
core   0: 0x80004968 (0x0307b7b3) mulhu   a5, a5, a6
core   0: 3 0x80004968 (0x0307b7b3) x15 0x00000000
core   0: 0x8000496c (0x404adf13) srai    t5, s5, 4
core   0: 3 0x8000496c (0x404adf13) x30 0xfeb14d8c
core   0: 0x80004970 (0x03dd8cb3) mul     s9, s11, t4
core   0: 3 0x80004970 (0x03dd8cb3) x25 0xfc7d2da0
core   0: 0x80004974 (0x02338c33) mul     s8, t2, gp
core   0: 3 0x80004974 (0x02338c33) x24 0x000052e0
core   0: 0x80004978 (0x5ec442b7) lui     t0, 0x5ec44
core   0: 3 0x80004978 (0x5ec442b7) x 5 0x5ec44000
core   0: 0x8000497c (0x016efa63) bgeu    t4, s6, pc + 20
core   0: 3 0x8000497c (0x016efa63)
core   0: 0x80004990 (0x01f08bb3) add     s7, ra, t6
core   0: 3 0x80004990 (0x01f08bb3) x23 0xc432f8b2
core   0: 0x80004994 (0x00c4a533) slt     a0, s1, a2
core   0: 3 0x80004994 (0x00c4a533) x10 0x00000000
core   0: 0x80004998 (0x03eee833) rem     a6, t4, t5
core   0: 3 0x80004998 (0x03eee833) x16 0xfffffea8
core   0: 0x8000499c (0x028cf263) bgeu    s9, s0, pc + 36
core   0: 3 0x8000499c (0x028cf263)
core   0: 0x800049c0 (0x00eb9a63) bne     s7, a4, pc + 20
core   0: 3 0x800049c0 (0x00eb9a63)
core   0: 0x800049d4 (0x01f51b93) slli    s7, a0, 31
core   0: 3 0x800049d4 (0x01f51b93) x23 0x00000000
core   0: 0x800049d8 (0x3ebec897) auipc   a7, 0x3ebec
core   0: 3 0x800049d8 (0x3ebec897) x17 0xbebf09d8
core   0: 0x800049dc (0x008c9313) slli    t1, s9, 8
core   0: 3 0x800049dc (0x008c9313) x 6 0x7d2da000
core   0: 0x800049e0 (0x02ed4533) div     a0, s10, a4
core   0: 3 0x800049e0 (0x02ed4533) x10 0x00000001
core   0: 0x800049e4 (0x00000013) nop
core   0: 3 0x800049e4 (0x00000013)
core   0: 0x800049e8 (0x050bf863) bgeu    s7, a6, pc + 80
core   0: 3 0x800049e8 (0x050bf863)
core   0: 0x800049ec (0x01cdca33) xor     s4, s11, t3
core   0: 3 0x800049ec (0x01cdca33) x20 0xfffffff8
core   0: 0x800049f0 (0x4013d293) srai    t0, t2, 1
core   0: 3 0x800049f0 (0x4013d293) x 5 0x00000008
core   0: 0x800049f4 (0x028cafb3) mulhsu  t6, s9, s0
core   0: 3 0x800049f4 (0x028cafb3) x31 0xffffffee
core   0: 0x800049f8 (0x029964b3) rem     s1, s2, s1
core   0: 3 0x800049f8 (0x029964b3) x 9 0x00000005
core   0: 0x800049fc (0x001bd933) srl     s2, s7, ra
core   0: 3 0x800049fc (0x001bd933) x18 0x00000000
core   0: 0x80004a00 (0x02c59463) bne     a1, a2, pc + 40
core   0: 3 0x80004a00 (0x02c59463)
core   0: 0x80004a28 (0x05ff0263) beq     t5, t6, pc + 68
core   0: 3 0x80004a28 (0x05ff0263)
core   0: 0x80004a2c (0x03b29e63) bne     t0, s11, pc + 60
core   0: 3 0x80004a2c (0x03b29e63)
core   0: 0x80004a68 (0x02f957b3) divu    a5, s2, a5
core   0: 3 0x80004a68 (0x02f957b3) x15 0xffffffff
core   0: 0x80004a6c (0x028f1463) bne     t5, s0, pc + 40
core   0: 3 0x80004a6c (0x028f1463)
core   0: 0x80004a94 (0x01a74533) xor     a0, a4, s10
core   0: 3 0x80004a94 (0x01a74533) x10 0x3ce9cae6
core   0: 0x80004a98 (0x002d7333) and     t1, s10, sp
core   0: 3 0x80004a98 (0x002d7333) x 6 0x14e90000
core   0: 0x80004a9c (0x03b15f33) divu    t5, sp, s11
core   0: 3 0x80004a9c (0x03b15f33) x30 0x00000000
core   0: 0x80004aa0 (0x00ca5f33) srl     t5, s4, a2
core   0: 3 0x80004aa0 (0x00ca5f33) x30 0x07ffffff
core   0: 0x80004aa4 (0x03ae7633) remu    a2, t3, s10
core   0: 3 0x80004aa4 (0x03ae7633) x12 0x7ffd631c
core   0: 0x80004aa8 (0x405f8933) sub     s2, t6, t0
core   0: 3 0x80004aa8 (0x405f8933) x18 0xffffffe6
core   0: 0x80004aac (0xffd00193) li      gp, -3
core   0: 3 0x80004aac (0xffd00193) x 3 0xfffffffd
core   0: 0x80004ab0 (0x0049b133) sltu    sp, s3, tp
core   0: 3 0x80004ab0 (0x0049b133) x 2 0x00000001
core   0: 0x80004ab4 (0x18093e93) sltiu   t4, s2, 384
core   0: 3 0x80004ab4 (0x18093e93) x29 0x00000000
core   0: 0x80004ab8 (0x03c78f33) mul     t5, a5, t3
core   0: 3 0x80004ab8 (0x03c78f33) x30 0x80029ce4
core   0: 0x80004abc (0x4101d413) srai    s0, gp, 16
core   0: 3 0x80004abc (0x4101d413) x 8 0xffffffff
core   0: 0x80004ac0 (0x01100a93) li      s5, 17
core   0: 3 0x80004ac0 (0x01100a93) x21 0x00000011
core   0: 0x80004ac4 (0x552b0f93) addi    t6, s6, 1362
core   0: 3 0x80004ac4 (0x552b0f93) x31 0x8002633e
core   0: 0x80004ac8 (0x0273deb3) divu    t4, t2, t2
core   0: 3 0x80004ac8 (0x0273deb3) x29 0x00000001
core   0: 0x80004acc (0x40a48c33) sub     s8, s1, a0
core   0: 3 0x80004acc (0x40a48c33) x24 0xc316351f
core   0: 0x80004ad0 (0x00c38cb3) add     s9, t2, a2
core   0: 3 0x80004ad0 (0x00c38cb3) x25 0x7ffd632d
core   0: 0x80004ad4 (0x47289c37) lui     s8, 0x47289
core   0: 3 0x80004ad4 (0x47289c37) x24 0x47289000
core   0: 0x80004ad8 (0x007cb133) sltu    sp, s9, t2
core   0: 3 0x80004ad8 (0x007cb133) x 2 0x00000000
core   0: 0x80004adc (0x005b5313) srli    t1, s6, 5
core   0: 3 0x80004adc (0x005b5313) x 6 0x040012ef
core   0: 0x80004ae0 (0x00318193) addi    gp, gp, 3
core   0: 3 0x80004ae0 (0x00318193) x 3 0x00000000
core   0: 0x80004ae4 (0x007e9433) sll     s0, t4, t2
core   0: 3 0x80004ae4 (0x007e9433) x 8 0x00020000
core   0: 0x80004ae8 (0x03083533) mulhu   a0, a6, a6
core   0: 3 0x80004ae8 (0x03083533) x10 0xfffffd50
core   0: 0x80004aec (0x00000013) nop
core   0: 3 0x80004aec (0x00000013)
core   0: 0x80004af0 (0x5c394013) xori    zero, s2, 1475
core   0: 3 0x80004af0 (0x5c394013)
core   0: 0x80004af4 (0x000abcb3) sltu    s9, s5, zero
core   0: 3 0x80004af4 (0x000abcb3) x25 0x00000000
core   0: 0x80004af8 (0x007c3eb3) sltu    t4, s8, t2
core   0: 3 0x80004af8 (0x007c3eb3) x29 0x00000000
core   0: 0x80004afc (0x703d0793) addi    a5, s10, 1795
core   0: 3 0x80004afc (0x703d0793) x15 0xd7fd1703
core   0: 0x80004b00 (0xfd51e6e3) bltu    gp, s5, pc - 52
core   0: 3 0x80004b00 (0xfd51e6e3)
core   0: 0x80004acc (0x40a48c33) sub     s8, s1, a0
core   0: 3 0x80004acc (0x40a48c33) x24 0x000002b5
core   0: 0x80004ad0 (0x00c38cb3) add     s9, t2, a2
core   0: 3 0x80004ad0 (0x00c38cb3) x25 0x7ffd632d
core   0: 0x80004ad4 (0x47289c37) lui     s8, 0x47289
core   0: 3 0x80004ad4 (0x47289c37) x24 0x47289000
core   0: 0x80004ad8 (0x007cb133) sltu    sp, s9, t2
core   0: 3 0x80004ad8 (0x007cb133) x 2 0x00000000
core   0: 0x80004adc (0x005b5313) srli    t1, s6, 5
core   0: 3 0x80004adc (0x005b5313) x 6 0x040012ef
core   0: 0x80004ae0 (0x00318193) addi    gp, gp, 3
core   0: 3 0x80004ae0 (0x00318193) x 3 0x00000003
core   0: 0x80004ae4 (0x007e9433) sll     s0, t4, t2
core   0: 3 0x80004ae4 (0x007e9433) x 8 0x00000000
core   0: 0x80004ae8 (0x03083533) mulhu   a0, a6, a6
core   0: 3 0x80004ae8 (0x03083533) x10 0xfffffd50
core   0: 0x80004aec (0x00000013) nop
core   0: 3 0x80004aec (0x00000013)
core   0: 0x80004af0 (0x5c394013) xori    zero, s2, 1475
core   0: 3 0x80004af0 (0x5c394013)
core   0: 0x80004af4 (0x000abcb3) sltu    s9, s5, zero
core   0: 3 0x80004af4 (0x000abcb3) x25 0x00000000
core   0: 0x80004af8 (0x007c3eb3) sltu    t4, s8, t2
core   0: 3 0x80004af8 (0x007c3eb3) x29 0x00000000
core   0: 0x80004afc (0x703d0793) addi    a5, s10, 1795
core   0: 3 0x80004afc (0x703d0793) x15 0xd7fd1703
core   0: 0x80004b00 (0xfd51e6e3) bltu    gp, s5, pc - 52
core   0: 3 0x80004b00 (0xfd51e6e3)
core   0: 0x80004acc (0x40a48c33) sub     s8, s1, a0
core   0: 3 0x80004acc (0x40a48c33) x24 0x000002b5
core   0: 0x80004ad0 (0x00c38cb3) add     s9, t2, a2
core   0: 3 0x80004ad0 (0x00c38cb3) x25 0x7ffd632d
core   0: 0x80004ad4 (0x47289c37) lui     s8, 0x47289
core   0: 3 0x80004ad4 (0x47289c37) x24 0x47289000
core   0: 0x80004ad8 (0x007cb133) sltu    sp, s9, t2
core   0: 3 0x80004ad8 (0x007cb133) x 2 0x00000000
core   0: 0x80004adc (0x005b5313) srli    t1, s6, 5
core   0: 3 0x80004adc (0x005b5313) x 6 0x040012ef
core   0: 0x80004ae0 (0x00318193) addi    gp, gp, 3
core   0: 3 0x80004ae0 (0x00318193) x 3 0x00000006
core   0: 0x80004ae4 (0x007e9433) sll     s0, t4, t2
core   0: 3 0x80004ae4 (0x007e9433) x 8 0x00000000
core   0: 0x80004ae8 (0x03083533) mulhu   a0, a6, a6
core   0: 3 0x80004ae8 (0x03083533) x10 0xfffffd50
core   0: 0x80004aec (0x00000013) nop
core   0: 3 0x80004aec (0x00000013)
core   0: 0x80004af0 (0x5c394013) xori    zero, s2, 1475
core   0: 3 0x80004af0 (0x5c394013)
core   0: 0x80004af4 (0x000abcb3) sltu    s9, s5, zero
core   0: 3 0x80004af4 (0x000abcb3) x25 0x00000000
core   0: 0x80004af8 (0x007c3eb3) sltu    t4, s8, t2
core   0: 3 0x80004af8 (0x007c3eb3) x29 0x00000000
core   0: 0x80004afc (0x703d0793) addi    a5, s10, 1795
core   0: 3 0x80004afc (0x703d0793) x15 0xd7fd1703
core   0: 0x80004b00 (0xfd51e6e3) bltu    gp, s5, pc - 52
core   0: 3 0x80004b00 (0xfd51e6e3)
core   0: 0x80004acc (0x40a48c33) sub     s8, s1, a0
core   0: 3 0x80004acc (0x40a48c33) x24 0x000002b5
core   0: 0x80004ad0 (0x00c38cb3) add     s9, t2, a2
core   0: 3 0x80004ad0 (0x00c38cb3) x25 0x7ffd632d
core   0: 0x80004ad4 (0x47289c37) lui     s8, 0x47289
core   0: 3 0x80004ad4 (0x47289c37) x24 0x47289000
core   0: 0x80004ad8 (0x007cb133) sltu    sp, s9, t2
core   0: 3 0x80004ad8 (0x007cb133) x 2 0x00000000
core   0: 0x80004adc (0x005b5313) srli    t1, s6, 5
core   0: 3 0x80004adc (0x005b5313) x 6 0x040012ef
core   0: 0x80004ae0 (0x00318193) addi    gp, gp, 3
core   0: 3 0x80004ae0 (0x00318193) x 3 0x00000009
core   0: 0x80004ae4 (0x007e9433) sll     s0, t4, t2
core   0: 3 0x80004ae4 (0x007e9433) x 8 0x00000000
core   0: 0x80004ae8 (0x03083533) mulhu   a0, a6, a6
core   0: 3 0x80004ae8 (0x03083533) x10 0xfffffd50
core   0: 0x80004aec (0x00000013) nop
core   0: 3 0x80004aec (0x00000013)
core   0: 0x80004af0 (0x5c394013) xori    zero, s2, 1475
core   0: 3 0x80004af0 (0x5c394013)
core   0: 0x80004af4 (0x000abcb3) sltu    s9, s5, zero
core   0: 3 0x80004af4 (0x000abcb3) x25 0x00000000
core   0: 0x80004af8 (0x007c3eb3) sltu    t4, s8, t2
core   0: 3 0x80004af8 (0x007c3eb3) x29 0x00000000
core   0: 0x80004afc (0x703d0793) addi    a5, s10, 1795
core   0: 3 0x80004afc (0x703d0793) x15 0xd7fd1703
core   0: 0x80004b00 (0xfd51e6e3) bltu    gp, s5, pc - 52
core   0: 3 0x80004b00 (0xfd51e6e3)
core   0: 0x80004acc (0x40a48c33) sub     s8, s1, a0
core   0: 3 0x80004acc (0x40a48c33) x24 0x000002b5
core   0: 0x80004ad0 (0x00c38cb3) add     s9, t2, a2
core   0: 3 0x80004ad0 (0x00c38cb3) x25 0x7ffd632d
core   0: 0x80004ad4 (0x47289c37) lui     s8, 0x47289
core   0: 3 0x80004ad4 (0x47289c37) x24 0x47289000
core   0: 0x80004ad8 (0x007cb133) sltu    sp, s9, t2
core   0: 3 0x80004ad8 (0x007cb133) x 2 0x00000000
core   0: 0x80004adc (0x005b5313) srli    t1, s6, 5
core   0: 3 0x80004adc (0x005b5313) x 6 0x040012ef
core   0: 0x80004ae0 (0x00318193) addi    gp, gp, 3
core   0: 3 0x80004ae0 (0x00318193) x 3 0x0000000c
core   0: 0x80004ae4 (0x007e9433) sll     s0, t4, t2
core   0: 3 0x80004ae4 (0x007e9433) x 8 0x00000000
core   0: 0x80004ae8 (0x03083533) mulhu   a0, a6, a6
core   0: 3 0x80004ae8 (0x03083533) x10 0xfffffd50
core   0: 0x80004aec (0x00000013) nop
core   0: 3 0x80004aec (0x00000013)
core   0: 0x80004af0 (0x5c394013) xori    zero, s2, 1475
core   0: 3 0x80004af0 (0x5c394013)
core   0: 0x80004af4 (0x000abcb3) sltu    s9, s5, zero
core   0: 3 0x80004af4 (0x000abcb3) x25 0x00000000
core   0: 0x80004af8 (0x007c3eb3) sltu    t4, s8, t2
core   0: 3 0x80004af8 (0x007c3eb3) x29 0x00000000
core   0: 0x80004afc (0x703d0793) addi    a5, s10, 1795
core   0: 3 0x80004afc (0x703d0793) x15 0xd7fd1703
core   0: 0x80004b00 (0xfd51e6e3) bltu    gp, s5, pc - 52
core   0: 3 0x80004b00 (0xfd51e6e3)
core   0: 0x80004acc (0x40a48c33) sub     s8, s1, a0
core   0: 3 0x80004acc (0x40a48c33) x24 0x000002b5
core   0: 0x80004ad0 (0x00c38cb3) add     s9, t2, a2
core   0: 3 0x80004ad0 (0x00c38cb3) x25 0x7ffd632d
core   0: 0x80004ad4 (0x47289c37) lui     s8, 0x47289
core   0: 3 0x80004ad4 (0x47289c37) x24 0x47289000
core   0: 0x80004ad8 (0x007cb133) sltu    sp, s9, t2
core   0: 3 0x80004ad8 (0x007cb133) x 2 0x00000000
core   0: 0x80004adc (0x005b5313) srli    t1, s6, 5
core   0: 3 0x80004adc (0x005b5313) x 6 0x040012ef
core   0: 0x80004ae0 (0x00318193) addi    gp, gp, 3
core   0: 3 0x80004ae0 (0x00318193) x 3 0x0000000f
core   0: 0x80004ae4 (0x007e9433) sll     s0, t4, t2
core   0: 3 0x80004ae4 (0x007e9433) x 8 0x00000000
core   0: 0x80004ae8 (0x03083533) mulhu   a0, a6, a6
core   0: 3 0x80004ae8 (0x03083533) x10 0xfffffd50
core   0: 0x80004aec (0x00000013) nop
core   0: 3 0x80004aec (0x00000013)
core   0: 0x80004af0 (0x5c394013) xori    zero, s2, 1475
core   0: 3 0x80004af0 (0x5c394013)
core   0: 0x80004af4 (0x000abcb3) sltu    s9, s5, zero
core   0: 3 0x80004af4 (0x000abcb3) x25 0x00000000
core   0: 0x80004af8 (0x007c3eb3) sltu    t4, s8, t2
core   0: 3 0x80004af8 (0x007c3eb3) x29 0x00000000
core   0: 0x80004afc (0x703d0793) addi    a5, s10, 1795
core   0: 3 0x80004afc (0x703d0793) x15 0xd7fd1703
core   0: 0x80004b00 (0xfd51e6e3) bltu    gp, s5, pc - 52
core   0: 3 0x80004b00 (0xfd51e6e3)
core   0: 0x80004acc (0x40a48c33) sub     s8, s1, a0
core   0: 3 0x80004acc (0x40a48c33) x24 0x000002b5
core   0: 0x80004ad0 (0x00c38cb3) add     s9, t2, a2
core   0: 3 0x80004ad0 (0x00c38cb3) x25 0x7ffd632d
core   0: 0x80004ad4 (0x47289c37) lui     s8, 0x47289
core   0: 3 0x80004ad4 (0x47289c37) x24 0x47289000
core   0: 0x80004ad8 (0x007cb133) sltu    sp, s9, t2
core   0: 3 0x80004ad8 (0x007cb133) x 2 0x00000000
core   0: 0x80004adc (0x005b5313) srli    t1, s6, 5
core   0: 3 0x80004adc (0x005b5313) x 6 0x040012ef
core   0: 0x80004ae0 (0x00318193) addi    gp, gp, 3
core   0: 3 0x80004ae0 (0x00318193) x 3 0x00000012
core   0: 0x80004ae4 (0x007e9433) sll     s0, t4, t2
core   0: 3 0x80004ae4 (0x007e9433) x 8 0x00000000
core   0: 0x80004ae8 (0x03083533) mulhu   a0, a6, a6
core   0: 3 0x80004ae8 (0x03083533) x10 0xfffffd50
core   0: 0x80004aec (0x00000013) nop
core   0: 3 0x80004aec (0x00000013)
core   0: 0x80004af0 (0x5c394013) xori    zero, s2, 1475
core   0: 3 0x80004af0 (0x5c394013)
core   0: 0x80004af4 (0x000abcb3) sltu    s9, s5, zero
core   0: 3 0x80004af4 (0x000abcb3) x25 0x00000000
core   0: 0x80004af8 (0x007c3eb3) sltu    t4, s8, t2
core   0: 3 0x80004af8 (0x007c3eb3) x29 0x00000000
core   0: 0x80004afc (0x703d0793) addi    a5, s10, 1795
core   0: 3 0x80004afc (0x703d0793) x15 0xd7fd1703
core   0: 0x80004b00 (0xfd51e6e3) bltu    gp, s5, pc - 52
core   0: 3 0x80004b00 (0xfd51e6e3)
core   0: 0x80004b04 (0x034f72b3) remu    t0, t5, s4
core   0: 3 0x80004b04 (0x034f72b3) x 5 0x80029ce4
core   0: 0x80004b08 (0x0bd70493) addi    s1, a4, 189
core   0: 3 0x80004b08 (0x0bd70493) x 9 0xeb14dba3
core   0: 0x80004b0c (0x00269813) slli    a6, a3, 2
core   0: 3 0x80004b0c (0x00269813) x16 0x00080000
core   0: 0x80004b10 (0x056a7863) bgeu    s4, s6, pc + 80
core   0: 3 0x80004b10 (0x056a7863)
core   0: 0x80004b60 (0x01859333) sll     t1, a1, s8
core   0: 3 0x80004b60 (0x01859333) x 6 0x00000001
core   0: 0x80004b64 (0x008ce9b3) or      s3, s9, s0
core   0: 3 0x80004b64 (0x008ce9b3) x19 0x00000000
core   0: 0x80004b68 (0xbae6e097) auipc   ra, 0xbae6e
core   0: 3 0x80004b68 (0xbae6e097) x 1 0x3ae72b68
core   0: 0x80004b6c (0x0117dbb3) srl     s7, a5, a7
core   0: 3 0x80004b6c (0x0117dbb3) x23 0x000000d7
core   0: 0x80004b70 (0x0246e4b3) rem     s1, a3, tp
core   0: 3 0x80004b70 (0x0246e4b3) x 9 0x00020000
core   0: 0x80004b74 (0x1e8c2c93) slti    s9, s8, 488
core   0: 3 0x80004b74 (0x1e8c2c93) x25 0x00000000
core   0: 0x80004b78 (0x41e7d7b3) sra     a5, a5, t5
core   0: 3 0x80004b78 (0x41e7d7b3) x15 0xfd7fd170
core   0: 0x80004b7c (0x8dcca293) slti    t0, s9, -1828
core   0: 3 0x80004b7c (0x8dcca293) x 5 0x00000000
core   0: 0x80004b80 (0x0146b8b3) sltu    a7, a3, s4
core   0: 3 0x80004b80 (0x0146b8b3) x17 0x00000001
core   0: 0x80004b84 (0x881fba13) sltiu   s4, t6, -1919
core   0: 3 0x80004b84 (0x881fba13) x20 0x00000001
core   0: 0x80004b88 (0x0340f533) remu    a0, ra, s4
core   0: 3 0x80004b88 (0x0340f533) x10 0x00000000
core   0: 0x80004b8c (0x000899b3) sll     s3, a7, zero
core   0: 3 0x80004b8c (0x000899b3) x19 0x00000001
core   0: 0x80004b90 (0x0249f7b3) remu    a5, s3, tp
core   0: 3 0x80004b90 (0x0249f7b3) x15 0x00000001
core   0: 0x80004b94 (0x01c65c63) bge     a2, t3, pc + 24
core   0: 3 0x80004b94 (0x01c65c63)
core   0: 0x80004bac (0x007882b3) add     t0, a7, t2
core   0: 3 0x80004bac (0x007882b3) x 5 0x00000012
core   0: 0x80004bb0 (0xdf3cd797) auipc   a5, 0xdf3cd
core   0: 3 0x80004bb0 (0xdf3cd797) x15 0x5f3d1bb0
core   0: 0x80004bb4 (0x44a86e13) ori     t3, a6, 1098
core   0: 3 0x80004bb4 (0x44a86e13) x28 0x0008044a
core   0: 0x80004bb8 (0x01b63f33) sltu    t5, a2, s11
core   0: 3 0x80004bb8 (0x01b63f33) x30 0x00000001
core   0: 0x80004bbc (0xb735f113) andi    sp, a1, -1165
core   0: 3 0x80004bbc (0xb735f113) x 2 0x00000001
core   0: 0x80004bc0 (0x66058313) addi    t1, a1, 1632
core   0: 3 0x80004bc0 (0x66058313) x 6 0x00000661
core   0: 0x80004bc4 (0x02c75eb3) divu    t4, a4, a2
core   0: 3 0x80004bc4 (0x02c75eb3) x29 0x00000001
core   0: 0x80004bc8 (0x005f9293) slli    t0, t6, 5
core   0: 3 0x80004bc8 (0x005f9293) x 5 0x004c67c0
core   0: 0x80004bcc (0x00769893) slli    a7, a3, 7
core   0: 3 0x80004bcc (0x00769893) x17 0x01000000
core   0: 0x80004bd0 (0x02a18063) beq     gp, a0, pc + 32
core   0: 3 0x80004bd0 (0x02a18063)
core   0: 0x80004bd4 (0x013d5633) srl     a2, s10, s3
core   0: 3 0x80004bd4 (0x013d5633) x12 0x6bfe8800
core   0: 0x80004bd8 (0x0187b2b3) sltu    t0, a5, s8
core   0: 3 0x80004bd8 (0x0187b2b3) x 5 0x00000000
core   0: 0x80004bdc (0x01b80233) add     tp, a6, s11
core   0: 3 0x80004bdc (0x01b80233) x 4 0x800a9ce4
core   0: 0x80004be0 (0x202e7113) andi    sp, t3, 514
core   0: 3 0x80004be0 (0x202e7113) x 2 0x00000002
core   0: 0x80004be4 (0x716b6cb7) lui     s9, 0x716b6
core   0: 3 0x80004be4 (0x716b6cb7) x25 0x716b6000
core   0: 0x80004be8 (0x01e002b3) add     t0, zero, t5
core   0: 3 0x80004be8 (0x01e002b3) x 5 0x00000001
core   0: 0x80004bec (0x00a37e63) bgeu    t1, a0, pc + 28
core   0: 3 0x80004bec (0x00a37e63)
core   0: 0x80004c08 (0x2df2e193) ori     gp, t0, 735
core   0: 3 0x80004c08 (0x2df2e193) x 3 0x000002df
core   0: 0x80004c0c (0x41a6d833) sra     a6, a3, s10
core   0: 3 0x80004c0c (0x41a6d833) x16 0x00020000
core   0: 0x80004c10 (0xfc33ab93) slti    s7, t2, -61
core   0: 3 0x80004c10 (0xfc33ab93) x23 0x00000000
core   0: 0x80004c14 (0x27d78b93) addi    s7, a5, 637
core   0: 3 0x80004c14 (0x27d78b93) x23 0x5f3d1e2d
core   0: 0x80004c18 (0x12cb9c17) auipc   s8, 0x12cb9
core   0: 3 0x80004c18 (0x12cb9c17) x24 0x92cbdc18
core   0: 0x80004c1c (0x03f4de63) bge     s1, t6, pc + 60
core   0: 3 0x80004c1c (0x03f4de63)
core   0: 0x80004c58 (0x5dbaff13) andi    t5, s5, 1499
core   0: 3 0x80004c58 (0x5dbaff13) x30 0x00000011
core   0: 0x80004c5c (0x00d2fa63) bgeu    t0, a3, pc + 20
core   0: 3 0x80004c5c (0x00d2fa63)
core   0: 0x80004c60 (0xed4d1317) auipc   t1, 0xed4d1
core   0: 3 0x80004c60 (0xed4d1317) x 6 0x6d4d5c60
core   0: 0x80004c64 (0x04671263) bne     a4, t1, pc + 68
core   0: 3 0x80004c64 (0x04671263)
core   0: 0x80004ca8 (0x0164fcb3) and     s9, s1, s6
core   0: 3 0x80004ca8 (0x0164fcb3) x25 0x00020000
core   0: 0x80004cac (0x003ed013) srli    zero, t4, 3
core   0: 3 0x80004cac (0x003ed013)
core   0: 0x80004cb0 (0x00000013) nop
core   0: 3 0x80004cb0 (0x00000013)
core   0: 0x80004cb4 (0x030cd1b3) divu    gp, s9, a6
core   0: 3 0x80004cb4 (0x030cd1b3) x 3 0x00000001
core   0: 0x80004cb8 (0x010977b3) and     a5, s2, a6
core   0: 3 0x80004cb8 (0x010977b3) x15 0x00020000
core   0: 0x80004cbc (0x039de533) rem     a0, s11, s9
core   0: 3 0x80004cbc (0x039de533) x10 0xfffe9ce4
core   0: 0x80004cc0 (0x014e63b3) or      t2, t3, s4
core   0: 3 0x80004cc0 (0x014e63b3) x 7 0x0008044b
core   0: 0x80004cc4 (0x01fd4ab3) xor     s5, s10, t6
core   0: 3 0x80004cc4 (0x01fd4ab3) x21 0x57ff733e
core   0: 0x80004cc8 (0x037c8d33) mul     s10, s9, s7
core   0: 3 0x80004cc8 (0x037c8d33) x26 0x3c5a0000
core   0: 0x80004ccc (0x03a26e63) bltu    tp, s10, pc + 60
core   0: 3 0x80004ccc (0x03a26e63)
core   0: 0x80004cd0 (0x03ce9c63) bne     t4, t3, pc + 56
core   0: 3 0x80004cd0 (0x03ce9c63)
core   0: 0x80004d08 (0x20b08313) addi    t1, ra, 523
core   0: 3 0x80004d08 (0x20b08313) x 6 0x3ae72d73
core   0: 0x80004d0c (0x0094ee63) bltu    s1, s1, pc + 28
core   0: 3 0x80004d0c (0x0094ee63)
core   0: 0x80004d10 (0x003b9e63) bne     s7, gp, pc + 28
core   0: 3 0x80004d10 (0x003b9e63)
core   0: 0x80004d2c (0x001d4263) blt     s10, ra, pc + 4
core   0: 3 0x80004d2c (0x001d4263)
core   0: 0x80004d30 (0x00000013) nop
core   0: 3 0x80004d30 (0x00000013)
core   0: 0x80004d34 (0x00000013) nop
core   0: 3 0x80004d34 (0x00000013)
core   0: 0x80004d38 (0xd9102f13) slti    t5, zero, -623
core   0: 3 0x80004d38 (0xd9102f13) x30 0x00000000
core   0: 0x80004d3c (0x010b9513) slli    a0, s7, 16
core   0: 3 0x80004d3c (0x010b9513) x10 0x1e2d0000
core   0: 0x80004d40 (0x00000013) nop
core   0: 3 0x80004d40 (0x00000013)
core   0: 0x80004d44 (0xf04aff13) andi    t5, s5, -252
core   0: 3 0x80004d44 (0xf04aff13) x30 0x57ff7304
core   0: 0x80004d48 (0x419f5493) srai    s1, t5, 25
core   0: 3 0x80004d48 (0x419f5493) x 9 0x0000002b
core   0: 0x80004d4c (0x00000013) nop
core   0: 3 0x80004d4c (0x00000013)
core   0: 0x80004d50 (0x00b8dfb3) srl     t6, a7, a1
core   0: 3 0x80004d50 (0x00b8dfb3) x31 0x00800000
core   0: 0x80004d54 (0x2bf58813) addi    a6, a1, 703
core   0: 3 0x80004d54 (0x2bf58813) x16 0x000002c0
core   0: 0x80004d58 (0xb41ae413) ori     s0, s5, -1215
core   0: 3 0x80004d58 (0xb41ae413) x 8 0xfffffb7f
core   0: 0x80004d5c (0x03ef0e33) mul     t3, t5, t5
core   0: 3 0x80004d5c (0x03ef0e33) x28 0x0da49810
core   0: 0x80004d60 (0xb1b94613) xori    a2, s2, -1253
core   0: 3 0x80004d60 (0xb1b94613) x12 0x000004fd
core   0: 0x80004d64 (0x00ae5a93) srli    s5, t3, 10
core   0: 3 0x80004d64 (0x00ae5a93) x21 0x00036926
core   0: 0x80004d68 (0x013cc433) xor     s0, s9, s3
core   0: 3 0x80004d68 (0x013cc433) x 8 0x00020001
core   0: 0x80004d6c (0x40665333) sra     t1, a2, t1
core   0: 3 0x80004d6c (0x40665333) x 6 0x00000000
core   0: 0x80004d70 (0x1e023d13) sltiu   s10, tp, 480
core   0: 3 0x80004d70 (0x1e023d13) x26 0x00000000
core   0: 0x80004d74 (0xaa737297) auipc   t0, 0xaa737
core   0: 3 0x80004d74 (0xaa737297) x 5 0x2a73bd74
core   0: 0x80004d78 (0x028eb333) mulhu   t1, t4, s0
core   0: 3 0x80004d78 (0x028eb333) x 6 0x00000000
core   0: 0x80004d7c (0x01d824b3) slt     s1, a6, t4
core   0: 3 0x80004d7c (0x01d824b3) x 9 0x00000000
core   0: 0x80004d80 (0x01ce5c93) srli    s9, t3, 28
core   0: 3 0x80004d80 (0x01ce5c93) x25 0x00000000
core   0: 0x80004d84 (0x00449d33) sll     s10, s1, tp
core   0: 3 0x80004d84 (0x00449d33) x26 0x00000000
core   0: 0x80004d88 (0x1decc837) lui     a6, 0x1decc
core   0: 3 0x80004d88 (0x1decc837) x16 0x1decc000
core   0: 0x80004d8c (0x408b5093) srai    ra, s6, 8
core   0: 3 0x80004d8c (0x408b5093) x 1 0xff80025d
core   0: 0x80004d90 (0x019fa233) slt     tp, t6, s9
core   0: 3 0x80004d90 (0x019fa233) x 4 0x00000000
core   0: 0x80004d94 (0x00000013) nop
core   0: 3 0x80004d94 (0x00000013)
core   0: 0x80004d98 (0x41187837) lui     a6, 0x41187
core   0: 3 0x80004d98 (0x41187837) x16 0x41187000
core   0: 0x80004d9c (0x40ddda93) srai    s5, s11, 13
core   0: 3 0x80004d9c (0x40ddda93) x21 0xfffc0014
core   0: 0x80004da0 (0x442ab637) lui     a2, 0x442ab
core   0: 3 0x80004da0 (0x442ab637) x12 0x442ab000
core   0: 0x80004da4 (0x034443b3) div     t2, s0, s4
core   0: 3 0x80004da4 (0x034443b3) x 7 0x00020001
core   0: 0x80004da8 (0x02695333) divu    t1, s2, t1
core   0: 3 0x80004da8 (0x02695333) x 6 0xffffffff
core   0: 0x80004dac (0x01c69a63) bne     a3, t3, pc + 20
core   0: 3 0x80004dac (0x01c69a63)
core   0: 0x80004dc0 (0x0dfe7293) andi    t0, t3, 223
core   0: 3 0x80004dc0 (0x0dfe7293) x 5 0x00000010
core   0: 0x80004dc4 (0x0a20f263) bgeu    ra, sp, pc + 164
core   0: 3 0x80004dc4 (0x0a20f263)
core   0: 0x80004e68 (0x021aa233) mulhsu  tp, s5, ra
core   0: 3 0x80004e68 (0x021aa233) x 4 0xfffc0213
core   0: 0x80004e6c (0x02303fb3) mulhu   t6, zero, gp
core   0: 3 0x80004e6c (0x02303fb3) x31 0x00000000
core   0: 0x80004e70 (0x018ee433) or      s0, t4, s8
core   0: 3 0x80004e70 (0x018ee433) x 8 0x92cbdc19
core   0: 0x80004e74 (0x00b31a13) slli    s4, t1, 11
core   0: 3 0x80004e74 (0x00b31a13) x20 0xfffff800
core   0: 0x80004e78 (0x0271b333) mulhu   t1, gp, t2
core   0: 3 0x80004e78 (0x0271b333) x 6 0x00000000
core   0: 0x80004e7c (0x407b8d33) sub     s10, s7, t2
core   0: 3 0x80004e7c (0x407b8d33) x26 0x5f3b1e2c
core   0: 0x80004e80 (0x50e9f997) auipc   s3, 0x50e9f
core   0: 3 0x80004e80 (0x50e9f997) x19 0xd0ea3e80
core   0: 0x80004e84 (0xb914f117) auipc   sp, 0xb914f
core   0: 3 0x80004e84 (0xb914f117) x 2 0x39153e84
core   0: 0x80004e88 (0x00348eb3) add     t4, s1, gp
core   0: 3 0x80004e88 (0x00348eb3) x29 0x00000001
core   0: 0x80004e8c (0x02c50263) beq     a0, a2, pc + 36
core   0: 3 0x80004e8c (0x02c50263)
core   0: 0x80004e90 (0x00cef133) and     sp, t4, a2
core   0: 3 0x80004e90 (0x00cef133) x 2 0x00000000
core   0: 0x80004e94 (0x0143f7b3) and     a5, t2, s4
core   0: 3 0x80004e94 (0x0143f7b3) x15 0x00020000
core   0: 0x80004e98 (0x40e65813) srai    a6, a2, 14
core   0: 3 0x80004e98 (0x40e65813) x16 0x000110aa
core   0: 0x80004e9c (0x004a96b3) sll     a3, s5, tp
core   0: 3 0x80004e9c (0x004a96b3) x13 0x00a00000
core   0: 0x80004ea0 (0x00b64a63) blt     a2, a1, pc + 20
core   0: 3 0x80004ea0 (0x00b64a63)
core   0: 0x80004ea4 (0xe00fe013) ori     zero, t6, -512
core   0: 3 0x80004ea4 (0xe00fe013)
core   0: 0x80004ea8 (0x11891697) auipc   a3, 0x11891
core   0: 3 0x80004ea8 (0x11891697) x13 0x91895ea8
core   0: 0x80004eac (0x01b156b3) srl     a3, sp, s11
core   0: 3 0x80004eac (0x01b156b3) x13 0x00000000
core   0: 0x80004eb0 (0x5212c813) xori    a6, t0, 1313
core   0: 3 0x80004eb0 (0x5212c813) x16 0x00000531
core   0: 0x80004eb4 (0x018dfa33) and     s4, s11, s8
core   0: 3 0x80004eb4 (0x018dfa33) x20 0x80029c00
core   0: 0x80004eb8 (0x41675833) sra     a6, a4, s6
core   0: 3 0x80004eb8 (0x41675833) x16 0xfffeb14d
core   0: 0x80004ebc (0x00000013) nop
core   0: 3 0x80004ebc (0x00000013)
core   0: 0x80004ec0 (0x41d789b3) sub     s3, a5, t4
core   0: 3 0x80004ec0 (0x41d789b3) x19 0x0001ffff
core   0: 0x80004ec4 (0x0260a633) mulhsu  a2, ra, t1
core   0: 3 0x80004ec4 (0x0260a633) x12 0x00000000
core   0: 0x80004ec8 (0xf5173c97) auipc   s9, 0xf5173
core   0: 3 0x80004ec8 (0xf5173c97) x25 0x75177ec8
core   0: 0x80004ecc (0x00e24333) xor     t1, tp, a4
core   0: 3 0x80004ecc (0x00e24333) x 6 0x14e8d8f5
core   0: 0x80004ed0 (0x4135d4b3) sra     s1, a1, s3
core   0: 3 0x80004ed0 (0x4135d4b3) x 9 0x00000000
core   0: 0x80004ed4 (0xef762917) auipc   s2, 0xef762
core   0: 3 0x80004ed4 (0xef762917) x18 0x6f766ed4
core   0: 0x80004ed8 (0x00000013) nop
core   0: 3 0x80004ed8 (0x00000013)
core   0: 0x80004edc (0x02beee33) rem     t3, t4, a1
core   0: 3 0x80004edc (0x02beee33) x28 0x00000000
core   0: 0x80004ee0 (0x01991913) slli    s2, s2, 25
core   0: 3 0x80004ee0 (0x01991913) x18 0xa8000000
core   0: 0x80004ee4 (0x035f6463) bltu    t5, s5, pc + 40
core   0: 3 0x80004ee4 (0x035f6463)
core   0: 0x80004f0c (0x03f5fc63) bgeu    a1, t6, pc + 56
core   0: 3 0x80004f0c (0x03f5fc63)
core   0: 0x80004f44 (0x01285b93) srli    s7, a6, 18
core   0: 3 0x80004f44 (0x01285b93) x23 0x00003fff
core   0: 0x80004f48 (0x0303fd33) remu    s10, t2, a6
core   0: 3 0x80004f48 (0x0303fd33) x26 0x00020001
core   0: 0x80004f4c (0x02837463) bgeu    t1, s0, pc + 40
core   0: 3 0x80004f4c (0x02837463)
core   0: 0x80004f50 (0x43e9c817) auipc   a6, 0x43e9c
core   0: 3 0x80004f50 (0x43e9c817) x16 0xc3ea0f50
core   0: 0x80004f54 (0x412286b3) sub     a3, t0, s2
core   0: 3 0x80004f54 (0x412286b3) x13 0x58000010
core   0: 0x80004f58 (0x02603533) mulhu   a0, zero, t1
core   0: 3 0x80004f58 (0x02603533) x10 0x00000000
core   0: 0x80004f5c (0x010685b3) add     a1, a3, a6
core   0: 3 0x80004f5c (0x010685b3) x11 0x1bea0f60
core   0: 0x80004f60 (0x0044ea33) or      s4, s1, tp
core   0: 3 0x80004f60 (0x0044ea33) x20 0xfffc0213
core   0: 0x80004f64 (0x02c09263) bne     ra, a2, pc + 36
core   0: 3 0x80004f64 (0x02c09263)
core   0: 0x80004f88 (0x049cf863) bgeu    s9, s1, pc + 80
core   0: 3 0x80004f88 (0x049cf863)
core   0: 0x80004fd8 (0x3e046313) ori     t1, s0, 992
core   0: 3 0x80004fd8 (0x3e046313) x 6 0x92cbdff9
core   0: 0x80004fdc (0x286c3893) sltiu   a7, s8, 646
core   0: 3 0x80004fdc (0x286c3893) x17 0x00000000
core   0: 0x80004fe0 (0x02ac3033) mulhu   zero, s8, a0
core   0: 3 0x80004fe0 (0x02ac3033)
core   0: 0x80004fe4 (0xc564b337) lui     t1, 0xc564b
core   0: 3 0x80004fe4 (0xc564b337) x 6 0xc564b000
core   0: 0x80004fe8 (0x006e2fb3) slt     t6, t3, t1
core   0: 3 0x80004fe8 (0x006e2fb3) x31 0x00000000
core   0: 0x80004fec (0x2c1a8413) addi    s0, s5, 705
core   0: 3 0x80004fec (0x2c1a8413) x 8 0xfffc02d5
core   0: 0x80004ff0 (0x8ce5f413) andi    s0, a1, -1842
core   0: 3 0x80004ff0 (0x8ce5f413) x 8 0x1bea0840
core   0: 0x80004ff4 (0xb90b9cb7) lui     s9, 0xb90b9
core   0: 3 0x80004ff4 (0xb90b9cb7) x25 0xb90b9000
core   0: 0x80004ff8 (0x03abb133) mulhu   sp, s7, s10
core   0: 3 0x80004ff8 (0x03abb133) x 2 0x00000000
core   0: 0x80004ffc (0x02f24333) div     t1, tp, a5
core   0: 3 0x80004ffc (0x02f24333) x 6 0xffffffff
core   0: 0x80005000 (0x5bf56197) auipc   gp, 0x5bf56
core   0: 3 0x80005000 (0x5bf56197) x 3 0xdbf5b000
core   0: 0x80005004 (0x405f5193) srai    gp, t5, 5
core   0: 3 0x80005004 (0x405f5193) x 3 0x02bffb98
core   0: 0x80005008 (0x3df9e593) ori     a1, s3, 991
core   0: 3 0x80005008 (0x3df9e593) x11 0x0001ffff
core   0: 0x8000500c (0x027cd063) bge     s9, t2, pc + 32
core   0: 3 0x8000500c (0x027cd063)
core   0: 0x80005010 (0x00623433) sltu    s0, tp, t1
core   0: 3 0x80005010 (0x00623433) x 8 0x00000001
core   0: 0x80005014 (0x9709a793) slti    a5, s3, -1680
core   0: 3 0x80005014 (0x9709a793) x15 0x00000000
core   0: 0x80005018 (0x03a716b3) mulh    a3, a4, s10
core   0: 3 0x80005018 (0x03a716b3) x13 0xffffd629
core   0: 0x8000501c (0x01812c33) slt     s8, sp, s8
core   0: 3 0x8000501c (0x01812c33) x24 0x00000000
core   0: 0x80005020 (0x03269e63) bne     a3, s2, pc + 60
core   0: 3 0x80005020 (0x03269e63)
core   0: 0x8000505c (0x00627cb3) and     s9, tp, t1
core   0: 3 0x8000505c (0x00627cb3) x25 0xfffc0213
core   0: 0x80005060 (0x029efc63) bgeu    t4, s1, pc + 56
core   0: 3 0x80005060 (0x029efc63)
core   0: 0x80005098 (0x00000013) nop
core   0: 3 0x80005098 (0x00000013)
core   0: 0x8000509c (0x00388833) add     a6, a7, gp
core   0: 3 0x8000509c (0x00388833) x16 0x02bffb98
core   0: 0x800050a0 (0x02b22433) mulhsu  s0, tp, a1
core   0: 3 0x800050a0 (0x02b22433) x 8 0xfffffff8
core   0: 0x800050a4 (0x01361e33) sll     t3, a2, s3
core   0: 3 0x800050a4 (0x01361e33) x28 0x00000000
core   0: 0x800050a8 (0x0936e063) bltu    a3, s3, pc + 128
core   0: 3 0x800050a8 (0x0936e063)
core   0: 0x800050ac (0x810cf313) andi    t1, s9, -2032
core   0: 3 0x800050ac (0x810cf313) x 6 0xfffc0010
core   0: 0x800050b0 (0x00900593) li      a1, 9
core   0: 3 0x800050b0 (0x00900593) x11 0x00000009
core   0: 0x800050b4 (0x01ced2b3) srl     t0, t4, t3
core   0: 3 0x800050b4 (0x01ced2b3) x 5 0x00000001
core   0: 0x800050b8 (0x01d0f133) and     sp, ra, t4
core   0: 3 0x800050b8 (0x01d0f133) x 2 0x00000001
core   0: 0x800050bc (0x957db793) sltiu   a5, s11, -1705
core   0: 3 0x800050bc (0x957db793) x15 0x00000001
core   0: 0x800050c0 (0xfec00513) li      a0, -20
core   0: 3 0x800050c0 (0xfec00513) x10 0xffffffec
core   0: 0x800050c4 (0x72a66493) ori     s1, a2, 1834
core   0: 3 0x800050c4 (0x72a66493) x 9 0x0000072a
core   0: 0x800050c8 (0x99b20113) addi    sp, tp, -1637
core   0: 3 0x800050c8 (0x99b20113) x 2 0xfffbfbae
core   0: 0x800050cc (0x02f089b3) mul     s3, ra, a5
core   0: 3 0x800050cc (0x02f089b3) x19 0xff80025d
core   0: 0x800050d0 (0x50d544b7) lui     s1, 0x50d54
core   0: 3 0x800050d0 (0x50d544b7) x 9 0x50d54000
core   0: 0x800050d4 (0x03eb2d33) mulhsu  s10, s6, t5
core   0: 3 0x800050d4 (0x03eb2d33) x26 0xd40116c5
core   0: 0x800050d8 (0xff658593) addi    a1, a1, -10
core   0: 3 0x800050d8 (0xff658593) x11 0xffffffff
core   0: 0x800050dc (0x00641f93) slli    t6, s0, 6
core   0: 3 0x800050dc (0x00641f93) x31 0xfffffe00
core   0: 0x800050e0 (0xebe1ef93) ori     t6, gp, -322
core   0: 3 0x800050e0 (0xebe1ef93) x31 0xffffffbe
core   0: 0x800050e4 (0x78794b93) xori    s7, s2, 1927
core   0: 3 0x800050e4 (0x78794b93) x23 0xa8000787
core   0: 0x800050e8 (0x0342de33) divu    t3, t0, s4
core   0: 3 0x800050e8 (0x0342de33) x28 0x00000000
core   0: 0x800050ec (0x10db33b7) lui     t2, 0x10db3
core   0: 3 0x800050ec (0x10db33b7) x 7 0x10db3000
core   0: 0x800050f0 (0x00000013) nop
core   0: 3 0x800050f0 (0x00000013)
core   0: 0x800050f4 (0x02fe7813) andi    a6, t3, 47
core   0: 3 0x800050f4 (0x02fe7813) x16 0x00000000
core   0: 0x800050f8 (0x0114fe33) and     t3, s1, a7
core   0: 3 0x800050f8 (0x0114fe33) x28 0x00000000
core   0: 0x800050fc (0x021c0033) mul     zero, s8, ra
core   0: 3 0x800050fc (0x021c0033)
core   0: 0x80005100 (0x03a9d7b3) divu    a5, s3, s10
core   0: 3 0x80005100 (0x03a9d7b3) x15 0x00000001
core   0: 0x80005104 (0xd57d2913) slti    s2, s10, -681
core   0: 3 0x80005104 (0xd57d2913) x18 0x00000001
core   0: 0x80005108 (0xfca5d2e3) bge     a1, a0, pc - 60
core   0: 3 0x80005108 (0xfca5d2e3)
core   0: 0x800050cc (0x02f089b3) mul     s3, ra, a5
core   0: 3 0x800050cc (0x02f089b3) x19 0xff80025d
core   0: 0x800050d0 (0x50d544b7) lui     s1, 0x50d54
core   0: 3 0x800050d0 (0x50d544b7) x 9 0x50d54000
core   0: 0x800050d4 (0x03eb2d33) mulhsu  s10, s6, t5
core   0: 3 0x800050d4 (0x03eb2d33) x26 0xd40116c5
core   0: 0x800050d8 (0xff658593) addi    a1, a1, -10
core   0: 3 0x800050d8 (0xff658593) x11 0xfffffff5
core   0: 0x800050dc (0x00641f93) slli    t6, s0, 6
core   0: 3 0x800050dc (0x00641f93) x31 0xfffffe00
core   0: 0x800050e0 (0xebe1ef93) ori     t6, gp, -322
core   0: 3 0x800050e0 (0xebe1ef93) x31 0xffffffbe
core   0: 0x800050e4 (0x78794b93) xori    s7, s2, 1927
core   0: 3 0x800050e4 (0x78794b93) x23 0x00000786
core   0: 0x800050e8 (0x0342de33) divu    t3, t0, s4
core   0: 3 0x800050e8 (0x0342de33) x28 0x00000000
core   0: 0x800050ec (0x10db33b7) lui     t2, 0x10db3
core   0: 3 0x800050ec (0x10db33b7) x 7 0x10db3000
core   0: 0x800050f0 (0x00000013) nop
core   0: 3 0x800050f0 (0x00000013)
core   0: 0x800050f4 (0x02fe7813) andi    a6, t3, 47
core   0: 3 0x800050f4 (0x02fe7813) x16 0x00000000
core   0: 0x800050f8 (0x0114fe33) and     t3, s1, a7
core   0: 3 0x800050f8 (0x0114fe33) x28 0x00000000
core   0: 0x800050fc (0x021c0033) mul     zero, s8, ra
core   0: 3 0x800050fc (0x021c0033)
core   0: 0x80005100 (0x03a9d7b3) divu    a5, s3, s10
core   0: 3 0x80005100 (0x03a9d7b3) x15 0x00000001
core   0: 0x80005104 (0xd57d2913) slti    s2, s10, -681
core   0: 3 0x80005104 (0xd57d2913) x18 0x00000001
core   0: 0x80005108 (0xfca5d2e3) bge     a1, a0, pc - 60
core   0: 3 0x80005108 (0xfca5d2e3)
core   0: 0x800050cc (0x02f089b3) mul     s3, ra, a5
core   0: 3 0x800050cc (0x02f089b3) x19 0xff80025d
core   0: 0x800050d0 (0x50d544b7) lui     s1, 0x50d54
core   0: 3 0x800050d0 (0x50d544b7) x 9 0x50d54000
core   0: 0x800050d4 (0x03eb2d33) mulhsu  s10, s6, t5
core   0: 3 0x800050d4 (0x03eb2d33) x26 0xd40116c5
core   0: 0x800050d8 (0xff658593) addi    a1, a1, -10
core   0: 3 0x800050d8 (0xff658593) x11 0xffffffeb
core   0: 0x800050dc (0x00641f93) slli    t6, s0, 6
core   0: 3 0x800050dc (0x00641f93) x31 0xfffffe00
core   0: 0x800050e0 (0xebe1ef93) ori     t6, gp, -322
core   0: 3 0x800050e0 (0xebe1ef93) x31 0xffffffbe
core   0: 0x800050e4 (0x78794b93) xori    s7, s2, 1927
core   0: 3 0x800050e4 (0x78794b93) x23 0x00000786
core   0: 0x800050e8 (0x0342de33) divu    t3, t0, s4
core   0: 3 0x800050e8 (0x0342de33) x28 0x00000000
core   0: 0x800050ec (0x10db33b7) lui     t2, 0x10db3
core   0: 3 0x800050ec (0x10db33b7) x 7 0x10db3000
core   0: 0x800050f0 (0x00000013) nop
core   0: 3 0x800050f0 (0x00000013)
core   0: 0x800050f4 (0x02fe7813) andi    a6, t3, 47
core   0: 3 0x800050f4 (0x02fe7813) x16 0x00000000
core   0: 0x800050f8 (0x0114fe33) and     t3, s1, a7
core   0: 3 0x800050f8 (0x0114fe33) x28 0x00000000
core   0: 0x800050fc (0x021c0033) mul     zero, s8, ra
core   0: 3 0x800050fc (0x021c0033)
core   0: 0x80005100 (0x03a9d7b3) divu    a5, s3, s10
core   0: 3 0x80005100 (0x03a9d7b3) x15 0x00000001
core   0: 0x80005104 (0xd57d2913) slti    s2, s10, -681
core   0: 3 0x80005104 (0xd57d2913) x18 0x00000001
core   0: 0x80005108 (0xfca5d2e3) bge     a1, a0, pc - 60
core   0: 3 0x80005108 (0xfca5d2e3)
core   0: 0x8000510c (0x02556a33) rem     s4, a0, t0
core   0: 3 0x8000510c (0x02556a33) x20 0x00000000
core   0: 0x80005110 (0x01249593) slli    a1, s1, 18
core   0: 3 0x80005110 (0x01249593) x11 0x00000000
core   0: 0x80005114 (0x012a9493) slli    s1, s5, 18
core   0: 3 0x80005114 (0x012a9493) x 9 0x00500000
core   0: 0x80005118 (0x00626263) bltu    tp, t1, pc + 4
core   0: 3 0x80005118 (0x00626263)
core   0: 0x8000511c (0x44562e13) slti    t3, a2, 1093
core   0: 3 0x8000511c (0x44562e13) x28 0x00000001
core   0: 0x80005120 (0x4130d093) srai    ra, ra, 19
core   0: 3 0x80005120 (0x4130d093) x 1 0xfffffff0
core   0: 0x80005124 (0x00420a63) beq     tp, tp, pc + 20
core   0: 3 0x80005124 (0x00420a63)
core   0: 0x80005138 (0x04798863) beq     s3, t2, pc + 80
core   0: 3 0x80005138 (0x04798863)
core   0: 0x8000513c (0x03fd0bb3) mul     s7, s10, t6
core   0: 3 0x8000513c (0x03fd0bb3) x23 0x57b82136
core   0: 0x80005140 (0x02407cb3) remu    s9, zero, tp
core   0: 3 0x80005140 (0x02407cb3) x25 0x00000000
core   0: 0x80005144 (0x0121ff33) and     t5, gp, s2
core   0: 3 0x80005144 (0x0121ff33) x30 0x00000000
core   0: 0x80005148 (0x018ece63) blt     t4, s8, pc + 28
core   0: 3 0x80005148 (0x018ece63)
core   0: 0x8000514c (0xe862bfb7) lui     t6, 0xe862b
core   0: 3 0x8000514c (0xe862bfb7) x31 0xe862b000
core   0: 0x80005150 (0x006bd2b3) srl     t0, s7, t1
core   0: 3 0x80005150 (0x006bd2b3) x 5 0x000057b8
core   0: 0x80005154 (0xf62611b7) lui     gp, 0xf6261
core   0: 3 0x80005154 (0xf62611b7) x 3 0xf6261000
core   0: 0x80005158 (0x009f0e33) add     t3, t5, s1
core   0: 3 0x80005158 (0x009f0e33) x28 0x00500000
core   0: 0x8000515c (0x02cd3533) mulhu   a0, s10, a2
core   0: 3 0x8000515c (0x02cd3533) x10 0x00000000
core   0: 0x80005160 (0x02e20033) mul     zero, tp, a4
core   0: 3 0x80005160 (0x02e20033)
core   0: 0x80005164 (0x000efab3) and     s5, t4, zero
core   0: 3 0x80005164 (0x000efab3) x21 0x00000000
core   0: 0x80005168 (0xd24aae93) slti    t4, s5, -732
core   0: 3 0x80005168 (0xd24aae93) x29 0x00000000
core   0: 0x8000516c (0x02c6df33) divu    t5, a3, a2
core   0: 3 0x8000516c (0x02c6df33) x30 0xffffffff
core   0: 0x80005170 (0x038c43b3) div     t2, s8, s8
core   0: 3 0x80005170 (0x038c43b3) x 7 0xffffffff
core   0: 0x80005174 (0x00fc49b3) xor     s3, s8, a5
core   0: 3 0x80005174 (0x00fc49b3) x19 0x00000001
core   0: 0x80005178 (0x404dd513) srai    a0, s11, 4
core   0: 3 0x80005178 (0x404dd513) x10 0xf80029ce
core   0: 0x8000517c (0x033b56b3) divu    a3, s6, s3
core   0: 3 0x8000517c (0x033b56b3) x13 0x80025dec
core   0: 0x80005180 (0x02bbd0b3) divu    ra, s7, a1
core   0: 3 0x80005180 (0x02bbd0b3) x 1 0xffffffff
core   0: 0x80005184 (0x036998b3) mulh    a7, s3, s6
core   0: 3 0x80005184 (0x036998b3) x17 0xffffffff
core   0: 0x80005188 (0x01b7a933) slt     s2, a5, s11
core   0: 3 0x80005188 (0x01b7a933) x18 0x00000000
core   0: 0x8000518c (0x022a7263) bgeu    s4, sp, pc + 36
core   0: 3 0x8000518c (0x022a7263)
core   0: 0x80005190 (0x5d81e793) ori     a5, gp, 1496
core   0: 3 0x80005190 (0x5d81e793) x15 0xf62615d8
core   0: 0x80005194 (0x022141b3) div     gp, sp, sp
core   0: 3 0x80005194 (0x022141b3) x 3 0x00000001
core   0: 0x80005198 (0x203110b7) lui     ra, 0x20311
core   0: 3 0x80005198 (0x203110b7) x 1 0x20311000
core   0: 0x8000519c (0x01f6a5b3) slt     a1, a3, t6
core   0: 3 0x8000519c (0x01f6a5b3) x11 0x00000001
core   0: 0x800051a0 (0x03fdbeb3) mulhu   t4, s11, t6
core   0: 3 0x800051a0 (0x03fdbeb3) x29 0x7433b730
core   0: 0x800051a4 (0x037ac663) blt     s5, s7, pc + 44
core   0: 3 0x800051a4 (0x037ac663)
core   0: 0x800051d0 (0x05055863) bge     a0, a6, pc + 80
core   0: 3 0x800051d0 (0x05055863)
core   0: 0x800051d4 (0x01fbf463) bgeu    s7, t6, pc + 8
core   0: 3 0x800051d4 (0x01fbf463)
core   0: 0x800051d8 (0x00cd9693) slli    a3, s11, 12
core   0: 3 0x800051d8 (0x00cd9693) x13 0x29ce4000
core   0: 0x800051dc (0x0257aa33) mulhsu  s4, a5, t0
core   0: 3 0x800051dc (0x0257aa33) x20 0xfffffc9f
core   0: 0x800051e0 (0x409f5193) srai    gp, t5, 9
core   0: 3 0x800051e0 (0x409f5193) x 3 0xffffffff
core   0: 0x800051e4 (0x0231b1b3) mulhu   gp, gp, gp
core   0: 3 0x800051e4 (0x0231b1b3) x 3 0xfffffffe
core   0: 0x800051e8 (0x0066d263) bge     a3, t1, pc + 4
core   0: 3 0x800051e8 (0x0066d263)
core   0: 0x800051ec (0x00546a33) or      s4, s0, t0
core   0: 3 0x800051ec (0x00546a33) x20 0xfffffff8
core   0: 0x800051f0 (0x018ef033) and     zero, t4, s8
core   0: 3 0x800051f0 (0x018ef033)
core   0: 0x800051f4 (0x4017db93) srai    s7, a5, 1
core   0: 3 0x800051f4 (0x4017db93) x23 0xfb130aec
core   0: 0x800051f8 (0x400edd33) sra     s10, t4, zero
core   0: 3 0x800051f8 (0x400edd33) x26 0x7433b730
core   0: 0x800051fc (0x01c427b3) slt     a5, s0, t3
core   0: 3 0x800051fc (0x01c427b3) x15 0x00000001
core   0: 0x80005200 (0x000e8433) add     s0, t4, zero
core   0: 3 0x80005200 (0x000e8433) x 8 0x7433b730
core   0: 0x80005204 (0x0101a633) slt     a2, gp, a6
core   0: 3 0x80005204 (0x0101a633) x12 0x00000001
core   0: 0x80005208 (0x40cf5633) sra     a2, t5, a2
core   0: 3 0x80005208 (0x40cf5633) x12 0xffffffff
core   0: 0x8000520c (0x40795d13) srai    s10, s2, 7
core   0: 3 0x8000520c (0x40795d13) x26 0x00000000
core   0: 0x80005210 (0x1ba92c13) slti    s8, s2, 442
core   0: 3 0x80005210 (0x1ba92c13) x24 0x00000001
core   0: 0x80005214 (0x01ea0cb3) add     s9, s4, t5
core   0: 3 0x80005214 (0x01ea0cb3) x25 0xfffffff7
core   0: 0x80005218 (0x03d3e2b3) rem     t0, t2, t4
core   0: 3 0x80005218 (0x03d3e2b3) x 5 0xffffffff
core   0: 0x8000521c (0x02e82533) mulhsu  a0, a6, a4
core   0: 3 0x8000521c (0x02e82533) x10 0x00000000
core   0: 0x80005220 (0xc215f093) andi    ra, a1, -991
core   0: 3 0x80005220 (0xc215f093) x 1 0x00000001
core   0: 0x80005224 (0xfdad7e93) andi    t4, s10, -38
core   0: 3 0x80005224 (0xfdad7e93) x29 0x00000000
core   0: 0x80005228 (0x01fbd613) srli    a2, s7, 31
core   0: 3 0x80005228 (0x01fbd613) x12 0x00000001
core   0: 0x8000522c (0x03519263) bne     gp, s5, pc + 36
core   0: 3 0x8000522c (0x03519263)
core   0: 0x80005250 (0x02ef4a33) div     s4, t5, a4
core   0: 3 0x80005250 (0x02ef4a33) x20 0x00000000
core   0: 0x80005254 (0xd97c2897) auipc   a7, 0xd97c2
core   0: 3 0x80005254 (0xd97c2897) x17 0x597c7254
core   0: 0x80005258 (0x407fd233) sra     tp, t6, t2
core   0: 3 0x80005258 (0x407fd233) x 4 0xffffffff
core   0: 0x8000525c (0x01835693) srli    a3, t1, 24
core   0: 3 0x8000525c (0x01835693) x13 0x000000ff
core   0: 0x80005260 (0x00a31a93) slli    s5, t1, 10
core   0: 3 0x80005260 (0x00a31a93) x21 0xf0004000
core   0: 0x80005264 (0x03876133) rem     sp, a4, s8
core   0: 3 0x80005264 (0x03876133) x 2 0x00000000
core   0: 0x80005268 (0x0289e0b3) rem     ra, s3, s0
core   0: 3 0x80005268 (0x0289e0b3) x 1 0x00000001
core   0: 0x8000526c (0x033f5eb3) divu    t4, t5, s3
core   0: 3 0x8000526c (0x033f5eb3) x29 0xffffffff
core   0: 0x80005270 (0x4128d593) srai    a1, a7, 18
core   0: 3 0x80005270 (0x4128d593) x11 0x0000165f
core   0: 0x80005274 (0x02f826b3) mulhsu  a3, a6, a5
core   0: 3 0x80005274 (0x02f826b3) x13 0x00000000
core   0: 0x80005278 (0x02f69133) mulh    sp, a3, a5
core   0: 3 0x80005278 (0x02f69133) x 2 0x00000000
core   0: 0x8000527c (0x0141df93) srli    t6, gp, 20
core   0: 3 0x8000527c (0x0141df93) x31 0x00000fff
core   0: 0x80005280 (0x03bcbc33) mulhu   s8, s9, s11
core   0: 3 0x80005280 (0x03bcbc33) x24 0x80029cdf
core   0: 0x80005284 (0x00bd1263) bne     s10, a1, pc + 4
core   0: 3 0x80005284 (0x00bd1263)
core   0: 0x80005288 (0x03a59c63) bne     a1, s10, pc + 56
core   0: 3 0x80005288 (0x03a59c63)
core   0: 0x800052c0 (0x02716d33) rem     s10, sp, t2
core   0: 3 0x800052c0 (0x02716d33) x26 0x00000000
core   0: 0x800052c4 (0x05fe0863) beq     t3, t6, pc + 80
core   0: 3 0x800052c4 (0x05fe0863)
core   0: 0x800052c8 (0x039790b3) mulh    ra, a5, s9
core   0: 3 0x800052c8 (0x039790b3) x 1 0xffffffff
core   0: 0x800052cc (0x428a8a13) addi    s4, s5, 1064
core   0: 3 0x800052cc (0x428a8a13) x20 0xf0004428
core   0: 0x800052d0 (0x02589bb3) mulh    s7, a7, t0
core   0: 3 0x800052d0 (0x02589bb3) x23 0xffffffff
core   0: 0x800052d4 (0x01ee97b3) sll     a5, t4, t5
core   0: 3 0x800052d4 (0x01ee97b3) x15 0x80000000
core   0: 0x800052d8 (0x00000013) nop
core   0: 3 0x800052d8 (0x00000013)
core   0: 0x800052dc (0x036a5033) divu    zero, s4, s6
core   0: 3 0x800052dc (0x036a5033)
core   0: 0x800052e0 (0x00000013) nop
core   0: 3 0x800052e0 (0x00000013)
core   0: 0x800052e4 (0x01619f33) sll     t5, gp, s6
core   0: 3 0x800052e4 (0x01619f33) x30 0xffffe000
core   0: 0x800052e8 (0x51eec493) xori    s1, t4, 1310
core   0: 3 0x800052e8 (0x51eec493) x 9 0xfffffae1
core   0: 0x800052ec (0x5d998013) addi    zero, s3, 1497
core   0: 3 0x800052ec (0x5d998013)
core   0: 0x800052f0 (0x012fee63) bltu    t6, s2, pc + 28
core   0: 3 0x800052f0 (0x012fee63)
core   0: 0x800052f4 (0x01aba133) slt     sp, s7, s10
core   0: 3 0x800052f4 (0x01aba133) x 2 0x00000001
core   0: 0x800052f8 (0x00f5ea63) bltu    a1, a5, pc + 20
core   0: 3 0x800052f8 (0x00f5ea63)
core   0: 0x8000530c (0x025ace63) blt     s5, t0, pc + 60
core   0: 3 0x8000530c (0x025ace63)
core   0: 0x80005348 (0x865bc513) xori    a0, s7, -1947
core   0: 3 0x80005348 (0x865bc513) x10 0x0000079a
core   0: 0x8000534c (0x00be8e63) beq     t4, a1, pc + 28
core   0: 3 0x8000534c (0x00be8e63)
core   0: 0x80005350 (0x008c97b3) sll     a5, s9, s0
core   0: 3 0x80005350 (0x008c97b3) x15 0xfff70000
core   0: 0x80005354 (0x6e020193) addi    gp, tp, 1760
core   0: 3 0x80005354 (0x6e020193) x 3 0x000006df
core   0: 0x80005358 (0x006c5293) srli    t0, s8, 6
core   0: 3 0x80005358 (0x006c5293) x 5 0x02000a73
core   0: 0x8000535c (0x00eb29b3) slt     s3, s6, a4
core   0: 3 0x8000535c (0x00eb29b3) x19 0x00000001
core   0: 0x80005360 (0x41865113) srai    sp, a2, 24
core   0: 3 0x80005360 (0x41865113) x 2 0x00000000
core   0: 0x80005364 (0x00ea1d13) slli    s10, s4, 14
core   0: 3 0x80005364 (0x00ea1d13) x26 0x110a0000
core   0: 0x80005368 (0x036293b3) mulh    t2, t0, s6
core   0: 3 0x80005368 (0x036293b3) x 7 0xfeffff82
core   0: 0x8000536c (0xffc00693) li      a3, -4
core   0: 3 0x8000536c (0xffc00693) x13 0xfffffffc
core   0: 0x80005370 (0x00200113) li      sp, 2
core   0: 3 0x80005370 (0x00200113) x 2 0x00000002
core   0: 0x80005374 (0x3dbd2eb7) lui     t4, 0x3dbd2
core   0: 3 0x80005374 (0x3dbd2eb7) x29 0x3dbd2000
core   0: 0x80005378 (0xd070a493) slti    s1, ra, -761
core   0: 3 0x80005378 (0xd070a493) x 9 0x00000000
core   0: 0x8000537c (0x00996033) or      zero, s2, s1
core   0: 3 0x8000537c (0x00996033)
core   0: 0x80005380 (0x00a68693) addi    a3, a3, 10
core   0: 3 0x80005380 (0x00a68693) x13 0x00000006
core   0: 0x80005384 (0x0218be33) mulhu   t3, a7, ra
core   0: 3 0x80005384 (0x0218be33) x28 0x597c7253
core   0: 0x80005388 (0x00d65d13) srli    s10, a2, 13
core   0: 3 0x80005388 (0x00d65d13) x26 0x00000000
core   0: 0x8000538c (0x1162a193) slti    gp, t0, 278
core   0: 3 0x8000538c (0x1162a193) x 3 0x00000000
core   0: 0x80005390 (0xfe26e4e3) bltu    a3, sp, pc - 24
core   0: 3 0x80005390 (0xfe26e4e3)
core   0: 0x80005394 (0x6eddc613) xori    a2, s11, 1773
core   0: 3 0x80005394 (0x6eddc613) x12 0x80029a09
core   0: 0x80005398 (0x61fa4293) xori    t0, s4, 1567
core   0: 3 0x80005398 (0x61fa4293) x 5 0xf0004237
core   0: 0x8000539c (0x01911d13) slli    s10, sp, 25
core   0: 3 0x8000539c (0x01911d13) x26 0x04000000
core   0: 0x800053a0 (0x00000013) nop
core   0: 3 0x800053a0 (0x00000013)
core   0: 0x800053a4 (0x0261d033) divu    zero, gp, t1
core   0: 3 0x800053a4 (0x0261d033)
core   0: 0x800053a8 (0x03c1d5b3) divu    a1, gp, t3
core   0: 3 0x800053a8 (0x03c1d5b3) x11 0x00000000
core   0: 0x800053ac (0x014ede93) srli    t4, t4, 20
core   0: 3 0x800053ac (0x014ede93) x29 0x000003db
core   0: 0x800053b0 (0xf0d66c93) ori     s9, a2, -243
core   0: 3 0x800053b0 (0xf0d66c93) x25 0xffffff0d
core   0: 0x800053b4 (0x32d7b793) sltiu   a5, a5, 813
core   0: 3 0x800053b4 (0x32d7b793) x15 0x00000000
core   0: 0x800053b8 (0x0556d863) bge     a3, s5, pc + 80
core   0: 3 0x800053b8 (0x0556d863)
core   0: 0x80005408 (0xb2156097) auipc   ra, 0xb2156
core   0: 3 0x80005408 (0xb2156097) x 1 0x3215b408
core   0: 0x8000540c (0x012f81b3) add     gp, t6, s2
core   0: 3 0x8000540c (0x012f81b3) x 3 0x00000fff
core   0: 0x80005410 (0x0075a9b3) slt     s3, a1, t2
core   0: 3 0x80005410 (0x0075a9b3) x19 0x00000000
core   0: 0x80005414 (0x0759ae17) auipc   t3, 0x759a
core   0: 3 0x80005414 (0x0759ae17) x28 0x8759f414
core   0: 0x80005418 (0x032a5bb3) divu    s7, s4, s2
core   0: 3 0x80005418 (0x032a5bb3) x23 0xffffffff
core   0: 0x8000541c (0x4055dd33) sra     s10, a1, t0
core   0: 3 0x8000541c (0x4055dd33) x26 0x00000000
core   0: 0x80005420 (0x0243c263) blt     t2, tp, pc + 36
core   0: 3 0x80005420 (0x0243c263)
core   0: 0x80005444 (0x5a99f393) andi    t2, s3, 1449
core   0: 3 0x80005444 (0x5a99f393) x 7 0x00000000
core   0: 0x80005448 (0x419a5113) srai    sp, s4, 25
core   0: 3 0x80005448 (0x419a5113) x 2 0xfffffff8
core   0: 0x8000544c (0x02aa91b3) mulh    gp, s5, a0
core   0: 3 0x8000544c (0x02aa91b3) x 3 0xffffff86
core   0: 0x80005450 (0x03edebb3) rem     s7, s11, t5
core   0: 3 0x80005450 (0x03edebb3) x23 0xfffffce4
core   0: 0x80005454 (0xb4842297) auipc   t0, 0xb4842
core   0: 3 0x80005454 (0xb4842297) x 5 0x34847454
core   0: 0x80005458 (0x2fd14c13) xori    s8, sp, 765
core   0: 3 0x80005458 (0x2fd14c13) x24 0xfffffd05
core   0: 0x8000545c (0x02ac1463) bne     s8, a0, pc + 40
core   0: 3 0x8000545c (0x02ac1463)
core   0: 0x80005484 (0x00afe133) or      sp, t6, a0
core   0: 3 0x80005484 (0x00afe133) x 2 0x00000fff
core   0: 0x80005488 (0x00619e63) bne     gp, t1, pc + 28
core   0: 3 0x80005488 (0x00619e63)
core   0: 0x800054a4 (0x419f0833) sub     a6, t5, s9
core   0: 3 0x800054a4 (0x419f0833) x16 0xffffe0f3
core   0: 0x800054a8 (0x009b7133) and     sp, s6, s1
core   0: 3 0x800054a8 (0x009b7133) x 2 0x00000000
core   0: 0x800054ac (0x01380933) add     s2, a6, s3
core   0: 3 0x800054ac (0x01380933) x18 0xffffe0f3
core   0: 0x800054b0 (0x00cc4fb3) xor     t6, s8, a2
core   0: 3 0x800054b0 (0x00cc4fb3) x31 0x7ffd670c
core   0: 0x800054b4 (0x03662233) mulhsu  tp, a2, s6
core   0: 3 0x800054b4 (0x03662233) x 4 0xc0001e14
core   0: 0x800054b8 (0x02131e63) bne     t1, ra, pc + 60
core   0: 3 0x800054b8 (0x02131e63)
core   0: 0x800054f4 (0x03a7d063) bge     a5, s10, pc + 32
core   0: 3 0x800054f4 (0x03a7d063)
core   0: 0x80005514 (0x03f61463) bne     a2, t6, pc + 40
core   0: 3 0x80005514 (0x03f61463)
core   0: 0x8000553c (0x414e5313) srai    t1, t3, 20
core   0: 3 0x8000553c (0x414e5313) x 6 0xfffff875
core   0: 0x80005540 (0xc80e1337) lui     t1, 0xc80e1
core   0: 3 0x80005540 (0xc80e1337) x 6 0xc80e1000
core   0: 0x80005544 (0x02c25033) divu    zero, tp, a2
core   0: 3 0x80005544 (0x02c25033)
core   0: 0x80005548 (0x001a9463) bne     s5, ra, pc + 8
core   0: 3 0x80005548 (0x001a9463)
core   0: 0x80005550 (0x037cfd33) remu    s10, s9, s7
core   0: 3 0x80005550 (0x037cfd33) x26 0x00000229
core   0: 0x80005554 (0x0086eab3) or      s5, a3, s0
core   0: 3 0x80005554 (0x0086eab3) x21 0x7433b736
core   0: 0x80005558 (0x00000013) nop
core   0: 3 0x80005558 (0x00000013)
core   0: 0x8000555c (0x03ab9eb3) mulh    t4, s7, s10
core   0: 3 0x8000555c (0x03ab9eb3) x29 0xffffffff
core   0: 0x80005560 (0x002cc633) xor     a2, s9, sp
core   0: 3 0x80005560 (0x002cc633) x12 0xffffff0d
core   0: 0x80005564 (0x00244233) xor     tp, s0, sp
core   0: 3 0x80005564 (0x00244233) x 4 0x7433b730
core   0: 0x80005568 (0xf9613793) sltiu   a5, sp, -106
core   0: 3 0x80005568 (0xf9613793) x15 0x00000001
core   0: 0x8000556c (0x03ce4633) div     a2, t3, t3
core   0: 3 0x8000556c (0x03ce4633) x12 0x00000001
core   0: 0x80005570 (0x0302f097) auipc   ra, 0x302f
core   0: 3 0x80005570 (0x0302f097) x 1 0x83034570
core   0: 0x80005574 (0x026e2e33) mulhsu  t3, t3, t1
core   0: 3 0x80005574 (0x026e2e33) x28 0xa1b7a610
core   0: 0x80005578 (0x40e00833) sub     a6, zero, a4
core   0: 3 0x80005578 (0x40e00833) x16 0x14eb251a
core   0: 0x8000557c (0xb1052613) slti    a2, a0, -1264
core   0: 3 0x8000557c (0xb1052613) x12 0x00000000
core   0: 0x80005580 (0x029f6c63) bltu    t5, s1, pc + 56
core   0: 3 0x80005580 (0x029f6c63)
core   0: 0x80005584 (0x0330e6b3) rem     a3, ra, s3
core   0: 3 0x80005584 (0x0330e6b3) x13 0x83034570
core   0: 0x80005588 (0x407b0c33) sub     s8, s6, t2
core   0: 3 0x80005588 (0x407b0c33) x24 0x80025dec
core   0: 0x8000558c (0x4151d6b3) sra     a3, gp, s5
core   0: 3 0x8000558c (0x4151d6b3) x13 0xffffffff
core   0: 0x80005590 (0x4073d193) srai    gp, t2, 7
core   0: 3 0x80005590 (0x4073d193) x 3 0x00000000
core   0: 0x80005594 (0x01485263) bge     a6, s4, pc + 4
core   0: 3 0x80005594 (0x01485263)
core   0: 0x80005598 (0x02c228b3) mulhsu  a7, tp, a2
core   0: 3 0x80005598 (0x02c228b3) x17 0x00000000
core   0: 0x8000559c (0x02d996b3) mulh    a3, s3, a3
core   0: 3 0x8000559c (0x02d996b3) x13 0x00000000
core   0: 0x800055a0 (0x019247b3) xor     a5, tp, s9
core   0: 3 0x800055a0 (0x019247b3) x15 0x8bcc483d
core   0: 0x800055a4 (0x035874b3) remu    s1, a6, s5
core   0: 3 0x800055a4 (0x035874b3) x 9 0x14eb251a
core   0: 0x800055a8 (0xf57d3937) lui     s2, 0xf57d3
core   0: 3 0x800055a8 (0xf57d3937) x18 0xf57d3000
core   0: 0x800055ac (0x046f4463) blt     t5, t1, pc + 72
core   0: 3 0x800055ac (0x046f4463)
core   0: 0x800055b0 (0x05c0d863) bge     ra, t3, pc + 80
core   0: 3 0x800055b0 (0x05c0d863)
core   0: 0x800055b4 (0x0384d9b3) divu    s3, s1, s8
core   0: 3 0x800055b4 (0x0384d9b3) x19 0x00000000
core   0: 0x800055b8 (0x04c31263) bne     t1, a2, pc + 68
core   0: 3 0x800055b8 (0x04c31263)
core   0: 0x800055fc (0x8e8e8613) addi    a2, t4, -1816
core   0: 3 0x800055fc (0x8e8e8613) x12 0xfffff8e7
core   0: 0x80005600 (0x0027e233) or      tp, a5, sp
core   0: 3 0x80005600 (0x0027e233) x 4 0x8bcc483d
core   0: 0x80005604 (0xacfa5a97) auipc   s5, 0xacfa5
core   0: 3 0x80005604 (0xacfa5a97) x21 0x2cfaa604
core   0: 0x80005608 (0x0004e433) or      s0, s1, zero
core   0: 3 0x80005608 (0x0004e433) x 8 0x14eb251a
core   0: 0x8000560c (0xbc2e4a93) xori    s5, t3, -1086
core   0: 3 0x8000560c (0xbc2e4a93) x21 0x5e485dd2
core   0: 0x80005610 (0x0314ef33) rem     t5, s1, a7
core   0: 3 0x80005610 (0x0314ef33) x30 0x14eb251a
core   0: 0x80005614 (0x0312a433) mulhsu  s0, t0, a7
core   0: 3 0x80005614 (0x0312a433) x 8 0x00000000
core   0: 0x80005618 (0x02d15263) bge     sp, a3, pc + 36
core   0: 3 0x80005618 (0x02d15263)
core   0: 0x8000563c (0x95e46693) ori     a3, s0, -1698
core   0: 3 0x8000563c (0x95e46693) x13 0xfffff95e
core   0: 0x80005640 (0x40c5d533) sra     a0, a1, a2
core   0: 3 0x80005640 (0x40c5d533) x10 0x00000000
core   0: 0x80005644 (0x01a2e6b3) or      a3, t0, s10
core   0: 3 0x80005644 (0x01a2e6b3) x13 0x3484767d
core   0: 0x80005648 (0x03abc5b3) div     a1, s7, s10
core   0: 3 0x80005648 (0x03abc5b3) x11 0xffffffff
core   0: 0x8000564c (0x0264d833) divu    a6, s1, t1
core   0: 3 0x8000564c (0x0264d833) x16 0x00000000
core   0: 0x80005650 (0x4166d433) sra     s0, a3, s6
core   0: 3 0x80005650 (0x4166d433) x 8 0x00034847
core   0: 0x80005654 (0x035f5333) divu    t1, t5, s5
core   0: 3 0x80005654 (0x035f5333) x 6 0x00000000
core   0: 0x80005658 (0x01a26cb3) or      s9, tp, s10
core   0: 3 0x80005658 (0x01a26cb3) x25 0x8bcc4a3d
core   0: 0x8000565c (0x5ad0ae97) auipc   t4, 0x5ad0a
core   0: 3 0x8000565c (0x5ad0ae97) x29 0xdad0f65c
core   0: 0x80005660 (0x01c7b933) sltu    s2, a5, t3
core   0: 3 0x80005660 (0x01c7b933) x18 0x00000001
core   0: 0x80005664 (0x0029e533) or      a0, s3, sp
core   0: 3 0x80005664 (0x0029e533) x10 0x00000000
core   0: 0x80005668 (0x01c4ca63) blt     s1, t3, pc + 20
core   0: 3 0x80005668 (0x01c4ca63)
core   0: 0x8000566c (0xdfa27613) andi    a2, tp, -518
core   0: 3 0x8000566c (0xdfa27613) x12 0x8bcc4838
core   0: 0x80005670 (0x03707863) bgeu    zero, s7, pc + 48
core   0: 3 0x80005670 (0x03707863)
core   0: 0x80005674 (0x01d8be33) sltu    t3, a7, t4
core   0: 3 0x80005674 (0x01d8be33) x28 0x00000001
core   0: 0x80005678 (0xcd650193) addi    gp, a0, -810
core   0: 3 0x80005678 (0xcd650193) x 3 0xfffffcd6
core   0: 0x8000567c (0x021b9433) mulh    s0, s7, ra
core   0: 3 0x8000567c (0x021b9433) x 8 0x00000184
core   0: 0x80005680 (0x02a283b3) mul     t2, t0, a0
core   0: 3 0x80005680 (0x02a283b3) x 7 0x00000000
core   0: 0x80005684 (0xd4523b93) sltiu   s7, tp, -699
core   0: 3 0x80005684 (0xd4523b93) x23 0x00000001
core   0: 0x80005688 (0x01bbfab3) and     s5, s7, s11
core   0: 3 0x80005688 (0x01bbfab3) x21 0x00000000
core   0: 0x8000568c (0x18b84193) xori    gp, a6, 395
core   0: 3 0x8000568c (0x18b84193) x 3 0x0000018b
core   0: 0x80005690 (0x02cc9433) mulh    s0, s9, a2
core   0: 3 0x80005690 (0x02cc9433) x 8 0x34bee815
core   0: 0x80005694 (0xf5da8c13) addi    s8, s5, -163
core   0: 3 0x80005694 (0xf5da8c13) x24 0xffffff5d
core   0: 0x80005698 (0xe14c9c37) lui     s8, 0xe14c9
core   0: 3 0x80005698 (0xe14c9c37) x24 0xe14c9000
core   0: 0x8000569c (0x033c1833) mulh    a6, s8, s3
core   0: 3 0x8000569c (0x033c1833) x16 0x00000000
core   0: 0x800056a0 (0x02f352b3) divu    t0, t1, a5
core   0: 3 0x800056a0 (0x02f352b3) x 5 0x00000000
core   0: 0x800056a4 (0x3dbf7313) andi    t1, t5, 987
core   0: 3 0x800056a4 (0x3dbf7313) x 6 0x0000011a
core   0: 0x800056a8 (0x414401b3) sub     gp, s0, s4
core   0: 3 0x800056a8 (0x414401b3) x 3 0x44bea3ed
core   0: 0x800056ac (0x03b9e6b3) rem     a3, s3, s11
core   0: 3 0x800056ac (0x03b9e6b3) x13 0x00000000
core   0: 0x800056b0 (0x01db1813) slli    a6, s6, 29
core   0: 3 0x800056b0 (0x01db1813) x16 0x80000000
core   0: 0x800056b4 (0x028897b3) mulh    a5, a7, s0
core   0: 3 0x800056b4 (0x028897b3) x15 0x00000000
core   0: 0x800056b8 (0x03604663) blt     zero, s6, pc + 44
core   0: 3 0x800056b8 (0x03604663)
core   0: 0x800056bc (0x00e31f33) sll     t5, t1, a4
core   0: 3 0x800056bc (0x00e31f33) x30 0x00004680
core   0: 0x800056c0 (0x02756eb3) rem     t4, a0, t2
core   0: 3 0x800056c0 (0x02756eb3) x29 0x00000000
core   0: 0x800056c4 (0x00000013) nop
core   0: 3 0x800056c4 (0x00000013)
core   0: 0x800056c8 (0x02dd5063) bge     s10, a3, pc + 32
core   0: 3 0x800056c8 (0x02dd5063)
core   0: 0x800056e8 (0x0354e633) rem     a2, s1, s5
core   0: 3 0x800056e8 (0x0354e633) x12 0x14eb251a
core   0: 0x800056ec (0xffc00593) li      a1, -4
core   0: 3 0x800056ec (0xffc00593) x11 0xfffffffc
core   0: 0x800056f0 (0xfb0709b7) lui     s3, 0xfb070
core   0: 3 0x800056f0 (0xfb0709b7) x19 0xfb070000
core   0: 0x800056f4 (0x00705413) srli    s0, zero, 7
core   0: 3 0x800056f4 (0x00705413) x 8 0x00000000
core   0: 0x800056f8 (0x3b0da493) slti    s1, s11, 944
core   0: 3 0x800056f8 (0x3b0da493) x 9 0x00000001
core   0: 0x800056fc (0x03779533) mulh    a0, a5, s7
core   0: 3 0x800056fc (0x03779533) x10 0x00000000
core   0: 0x80005700 (0x012f1c93) slli    s9, t5, 18
core   0: 3 0x80005700 (0x012f1c93) x25 0x1a000000
core   0: 0x80005704 (0x00500893) li      a7, 5
core   0: 3 0x80005704 (0x00500893) x17 0x00000005
core   0: 0x80005708 (0x41500533) sub     a0, zero, s5
core   0: 3 0x80005708 (0x41500533) x10 0x00000000
core   0: 0x8000570c (0x014c9813) slli    a6, s9, 20
core   0: 3 0x8000570c (0x014c9813) x16 0x00000000
core   0: 0x80005710 (0x400e8033) sub     zero, t4, zero
core   0: 3 0x80005710 (0x400e8033)
core   0: 0x80005714 (0x7ad88017) auipc   zero, 0x7ad88
core   0: 3 0x80005714 (0x7ad88017)
core   0: 0x80005718 (0x013d0d33) add     s10, s10, s3
core   0: 3 0x80005718 (0x013d0d33) x26 0xfb070229
core   0: 0x8000571c (0x2701b037) lui     zero, 0x2701b
core   0: 3 0x8000571c (0x2701b037)
core   0: 0x80005720 (0x00258593) addi    a1, a1, 2
core   0: 3 0x80005720 (0x00258593) x11 0xfffffffe
core   0: 0x80005724 (0xfff00213) li      tp, -1
core   0: 3 0x80005724 (0xfff00213) x 4 0xffffffff
core   0: 0x80005728 (0x77732a13) slti    s4, t1, 1911
core   0: 3 0x80005728 (0x77732a13) x20 0x00000001
core   0: 0x8000572c (0x00700113) li      sp, 7
core   0: 3 0x8000572c (0x00700113) x 2 0x00000007
core   0: 0x80005730 (0x00000013) nop
core   0: 3 0x80005730 (0x00000013)
core   0: 0x80005734 (0x407b8bb3) sub     s7, s7, t2
core   0: 3 0x80005734 (0x407b8bb3) x23 0x00000001
core   0: 0x80005738 (0x022b1c33) mulh    s8, s6, sp
core   0: 3 0x80005738 (0x022b1c33) x24 0xfffffffc
core   0: 0x8000573c (0x021debb3) rem     s7, s11, ra
core   0: 3 0x8000573c (0x021debb3) x23 0xfcff5774
core   0: 0x80005740 (0x00000013) nop
core   0: 3 0x80005740 (0x00000013)
core   0: 0x80005744 (0x03098ab3) mul     s5, s3, a6
core   0: 3 0x80005744 (0x03098ab3) x21 0x00000000
core   0: 0x80005748 (0x011606b3) add     a3, a2, a7
core   0: 3 0x80005748 (0x011606b3) x13 0x14eb251f
core   0: 0x8000574c (0x41455193) srai    gp, a0, 20
core   0: 3 0x8000574c (0x41455193) x 3 0x00000000
core   0: 0x80005750 (0x0317f833) remu    a6, a5, a7
core   0: 3 0x80005750 (0x0317f833) x16 0x00000000
core   0: 0x80005754 (0x00220213) addi    tp, tp, 2
core   0: 3 0x80005754 (0x00220213) x 4 0x00000001
core   0: 0x80005758 (0x0357e9b3) rem     s3, a5, s5
core   0: 3 0x80005758 (0x0357e9b3) x19 0x00000000
core   0: 0x8000575c (0xfe2260e3) bltu    tp, sp, pc - 32
core   0: 3 0x8000575c (0xfe2260e3)
core   0: 0x8000573c (0x021debb3) rem     s7, s11, ra
core   0: 3 0x8000573c (0x021debb3) x23 0xfcff5774
core   0: 0x80005740 (0x00000013) nop
core   0: 3 0x80005740 (0x00000013)
core   0: 0x80005744 (0x03098ab3) mul     s5, s3, a6
core   0: 3 0x80005744 (0x03098ab3) x21 0x00000000
core   0: 0x80005748 (0x011606b3) add     a3, a2, a7
core   0: 3 0x80005748 (0x011606b3) x13 0x14eb251f
core   0: 0x8000574c (0x41455193) srai    gp, a0, 20
core   0: 3 0x8000574c (0x41455193) x 3 0x00000000
core   0: 0x80005750 (0x0317f833) remu    a6, a5, a7
core   0: 3 0x80005750 (0x0317f833) x16 0x00000000
core   0: 0x80005754 (0x00220213) addi    tp, tp, 2
core   0: 3 0x80005754 (0x00220213) x 4 0x00000003
core   0: 0x80005758 (0x0357e9b3) rem     s3, a5, s5
core   0: 3 0x80005758 (0x0357e9b3) x19 0x00000000
core   0: 0x8000575c (0xfe2260e3) bltu    tp, sp, pc - 32
core   0: 3 0x8000575c (0xfe2260e3)
core   0: 0x8000573c (0x021debb3) rem     s7, s11, ra
core   0: 3 0x8000573c (0x021debb3) x23 0xfcff5774
core   0: 0x80005740 (0x00000013) nop
core   0: 3 0x80005740 (0x00000013)
core   0: 0x80005744 (0x03098ab3) mul     s5, s3, a6
core   0: 3 0x80005744 (0x03098ab3) x21 0x00000000
core   0: 0x80005748 (0x011606b3) add     a3, a2, a7
core   0: 3 0x80005748 (0x011606b3) x13 0x14eb251f
core   0: 0x8000574c (0x41455193) srai    gp, a0, 20
core   0: 3 0x8000574c (0x41455193) x 3 0x00000000
core   0: 0x80005750 (0x0317f833) remu    a6, a5, a7
core   0: 3 0x80005750 (0x0317f833) x16 0x00000000
core   0: 0x80005754 (0x00220213) addi    tp, tp, 2
core   0: 3 0x80005754 (0x00220213) x 4 0x00000005
core   0: 0x80005758 (0x0357e9b3) rem     s3, a5, s5
core   0: 3 0x80005758 (0x0357e9b3) x19 0x00000000
core   0: 0x8000575c (0xfe2260e3) bltu    tp, sp, pc - 32
core   0: 3 0x8000575c (0xfe2260e3)
core   0: 0x8000573c (0x021debb3) rem     s7, s11, ra
core   0: 3 0x8000573c (0x021debb3) x23 0xfcff5774
core   0: 0x80005740 (0x00000013) nop
core   0: 3 0x80005740 (0x00000013)
core   0: 0x80005744 (0x03098ab3) mul     s5, s3, a6
core   0: 3 0x80005744 (0x03098ab3) x21 0x00000000
core   0: 0x80005748 (0x011606b3) add     a3, a2, a7
core   0: 3 0x80005748 (0x011606b3) x13 0x14eb251f
core   0: 0x8000574c (0x41455193) srai    gp, a0, 20
core   0: 3 0x8000574c (0x41455193) x 3 0x00000000
core   0: 0x80005750 (0x0317f833) remu    a6, a5, a7
core   0: 3 0x80005750 (0x0317f833) x16 0x00000000
core   0: 0x80005754 (0x00220213) addi    tp, tp, 2
core   0: 3 0x80005754 (0x00220213) x 4 0x00000007
core   0: 0x80005758 (0x0357e9b3) rem     s3, a5, s5
core   0: 3 0x80005758 (0x0357e9b3) x19 0x00000000
core   0: 0x8000575c (0xfe2260e3) bltu    tp, sp, pc - 32
core   0: 3 0x8000575c (0xfe2260e3)
core   0: 0x80005760 (0x0246fd33) remu    s10, a3, tp
core   0: 3 0x80005760 (0x0246fd33) x26 0x00000004
core   0: 0x80005764 (0x00fa1813) slli    a6, s4, 15
core   0: 3 0x80005764 (0x00fa1813) x16 0x00008000
core   0: 0x80005768 (0x016c1193) slli    gp, s8, 22
core   0: 3 0x80005768 (0x016c1193) x 3 0xff000000
core   0: 0x8000576c (0x03953cb3) mulhu   s9, a0, s9
core   0: 3 0x8000576c (0x03953cb3) x25 0x00000000
core   0: 0x80005770 (0xfb15c4e3) blt     a1, a7, pc - 88
core   0: 3 0x80005770 (0xfb15c4e3)
core   0: 0x80005718 (0x013d0d33) add     s10, s10, s3
core   0: 3 0x80005718 (0x013d0d33) x26 0x00000004
core   0: 0x8000571c (0x2701b037) lui     zero, 0x2701b
core   0: 3 0x8000571c (0x2701b037)
core   0: 0x80005720 (0x00258593) addi    a1, a1, 2
core   0: 3 0x80005720 (0x00258593) x11 0x00000000
core   0: 0x80005724 (0xfff00213) li      tp, -1
core   0: 3 0x80005724 (0xfff00213) x 4 0xffffffff
core   0: 0x80005728 (0x77732a13) slti    s4, t1, 1911
core   0: 3 0x80005728 (0x77732a13) x20 0x00000001
core   0: 0x8000572c (0x00700113) li      sp, 7
core   0: 3 0x8000572c (0x00700113) x 2 0x00000007
core   0: 0x80005730 (0x00000013) nop
core   0: 3 0x80005730 (0x00000013)
core   0: 0x80005734 (0x407b8bb3) sub     s7, s7, t2
core   0: 3 0x80005734 (0x407b8bb3) x23 0xfcff5774
core   0: 0x80005738 (0x022b1c33) mulh    s8, s6, sp
core   0: 3 0x80005738 (0x022b1c33) x24 0xfffffffc
core   0: 0x8000573c (0x021debb3) rem     s7, s11, ra
core   0: 3 0x8000573c (0x021debb3) x23 0xfcff5774
core   0: 0x80005740 (0x00000013) nop
core   0: 3 0x80005740 (0x00000013)
core   0: 0x80005744 (0x03098ab3) mul     s5, s3, a6
core   0: 3 0x80005744 (0x03098ab3) x21 0x00000000
core   0: 0x80005748 (0x011606b3) add     a3, a2, a7
core   0: 3 0x80005748 (0x011606b3) x13 0x14eb251f
core   0: 0x8000574c (0x41455193) srai    gp, a0, 20
core   0: 3 0x8000574c (0x41455193) x 3 0x00000000
core   0: 0x80005750 (0x0317f833) remu    a6, a5, a7
core   0: 3 0x80005750 (0x0317f833) x16 0x00000000
core   0: 0x80005754 (0x00220213) addi    tp, tp, 2
core   0: 3 0x80005754 (0x00220213) x 4 0x00000001
core   0: 0x80005758 (0x0357e9b3) rem     s3, a5, s5
core   0: 3 0x80005758 (0x0357e9b3) x19 0x00000000
core   0: 0x8000575c (0xfe2260e3) bltu    tp, sp, pc - 32
core   0: 3 0x8000575c (0xfe2260e3)
core   0: 0x8000573c (0x021debb3) rem     s7, s11, ra
core   0: 3 0x8000573c (0x021debb3) x23 0xfcff5774
core   0: 0x80005740 (0x00000013) nop
core   0: 3 0x80005740 (0x00000013)
core   0: 0x80005744 (0x03098ab3) mul     s5, s3, a6
core   0: 3 0x80005744 (0x03098ab3) x21 0x00000000
core   0: 0x80005748 (0x011606b3) add     a3, a2, a7
core   0: 3 0x80005748 (0x011606b3) x13 0x14eb251f
core   0: 0x8000574c (0x41455193) srai    gp, a0, 20
core   0: 3 0x8000574c (0x41455193) x 3 0x00000000
core   0: 0x80005750 (0x0317f833) remu    a6, a5, a7
core   0: 3 0x80005750 (0x0317f833) x16 0x00000000
core   0: 0x80005754 (0x00220213) addi    tp, tp, 2
core   0: 3 0x80005754 (0x00220213) x 4 0x00000003
core   0: 0x80005758 (0x0357e9b3) rem     s3, a5, s5
core   0: 3 0x80005758 (0x0357e9b3) x19 0x00000000
core   0: 0x8000575c (0xfe2260e3) bltu    tp, sp, pc - 32
core   0: 3 0x8000575c (0xfe2260e3)
core   0: 0x8000573c (0x021debb3) rem     s7, s11, ra
core   0: 3 0x8000573c (0x021debb3) x23 0xfcff5774
core   0: 0x80005740 (0x00000013) nop
core   0: 3 0x80005740 (0x00000013)
core   0: 0x80005744 (0x03098ab3) mul     s5, s3, a6
core   0: 3 0x80005744 (0x03098ab3) x21 0x00000000
core   0: 0x80005748 (0x011606b3) add     a3, a2, a7
core   0: 3 0x80005748 (0x011606b3) x13 0x14eb251f
core   0: 0x8000574c (0x41455193) srai    gp, a0, 20
core   0: 3 0x8000574c (0x41455193) x 3 0x00000000
core   0: 0x80005750 (0x0317f833) remu    a6, a5, a7
core   0: 3 0x80005750 (0x0317f833) x16 0x00000000
core   0: 0x80005754 (0x00220213) addi    tp, tp, 2
core   0: 3 0x80005754 (0x00220213) x 4 0x00000005
core   0: 0x80005758 (0x0357e9b3) rem     s3, a5, s5
core   0: 3 0x80005758 (0x0357e9b3) x19 0x00000000
core   0: 0x8000575c (0xfe2260e3) bltu    tp, sp, pc - 32
core   0: 3 0x8000575c (0xfe2260e3)
core   0: 0x8000573c (0x021debb3) rem     s7, s11, ra
core   0: 3 0x8000573c (0x021debb3) x23 0xfcff5774
core   0: 0x80005740 (0x00000013) nop
core   0: 3 0x80005740 (0x00000013)
core   0: 0x80005744 (0x03098ab3) mul     s5, s3, a6
core   0: 3 0x80005744 (0x03098ab3) x21 0x00000000
core   0: 0x80005748 (0x011606b3) add     a3, a2, a7
core   0: 3 0x80005748 (0x011606b3) x13 0x14eb251f
core   0: 0x8000574c (0x41455193) srai    gp, a0, 20
core   0: 3 0x8000574c (0x41455193) x 3 0x00000000
core   0: 0x80005750 (0x0317f833) remu    a6, a5, a7
core   0: 3 0x80005750 (0x0317f833) x16 0x00000000
core   0: 0x80005754 (0x00220213) addi    tp, tp, 2
core   0: 3 0x80005754 (0x00220213) x 4 0x00000007
core   0: 0x80005758 (0x0357e9b3) rem     s3, a5, s5
core   0: 3 0x80005758 (0x0357e9b3) x19 0x00000000
core   0: 0x8000575c (0xfe2260e3) bltu    tp, sp, pc - 32
core   0: 3 0x8000575c (0xfe2260e3)
core   0: 0x80005760 (0x0246fd33) remu    s10, a3, tp
core   0: 3 0x80005760 (0x0246fd33) x26 0x00000004
core   0: 0x80005764 (0x00fa1813) slli    a6, s4, 15
core   0: 3 0x80005764 (0x00fa1813) x16 0x00008000
core   0: 0x80005768 (0x016c1193) slli    gp, s8, 22
core   0: 3 0x80005768 (0x016c1193) x 3 0xff000000
core   0: 0x8000576c (0x03953cb3) mulhu   s9, a0, s9
core   0: 3 0x8000576c (0x03953cb3) x25 0x00000000
core   0: 0x80005770 (0xfb15c4e3) blt     a1, a7, pc - 88
core   0: 3 0x80005770 (0xfb15c4e3)
core   0: 0x80005718 (0x013d0d33) add     s10, s10, s3
core   0: 3 0x80005718 (0x013d0d33) x26 0x00000004
core   0: 0x8000571c (0x2701b037) lui     zero, 0x2701b
core   0: 3 0x8000571c (0x2701b037)
core   0: 0x80005720 (0x00258593) addi    a1, a1, 2
core   0: 3 0x80005720 (0x00258593) x11 0x00000002
core   0: 0x80005724 (0xfff00213) li      tp, -1
core   0: 3 0x80005724 (0xfff00213) x 4 0xffffffff
core   0: 0x80005728 (0x77732a13) slti    s4, t1, 1911
core   0: 3 0x80005728 (0x77732a13) x20 0x00000001
core   0: 0x8000572c (0x00700113) li      sp, 7
core   0: 3 0x8000572c (0x00700113) x 2 0x00000007
core   0: 0x80005730 (0x00000013) nop
core   0: 3 0x80005730 (0x00000013)
core   0: 0x80005734 (0x407b8bb3) sub     s7, s7, t2
core   0: 3 0x80005734 (0x407b8bb3) x23 0xfcff5774
core   0: 0x80005738 (0x022b1c33) mulh    s8, s6, sp
core   0: 3 0x80005738 (0x022b1c33) x24 0xfffffffc
core   0: 0x8000573c (0x021debb3) rem     s7, s11, ra
core   0: 3 0x8000573c (0x021debb3) x23 0xfcff5774
core   0: 0x80005740 (0x00000013) nop
core   0: 3 0x80005740 (0x00000013)
core   0: 0x80005744 (0x03098ab3) mul     s5, s3, a6
core   0: 3 0x80005744 (0x03098ab3) x21 0x00000000
core   0: 0x80005748 (0x011606b3) add     a3, a2, a7
core   0: 3 0x80005748 (0x011606b3) x13 0x14eb251f
core   0: 0x8000574c (0x41455193) srai    gp, a0, 20
core   0: 3 0x8000574c (0x41455193) x 3 0x00000000
core   0: 0x80005750 (0x0317f833) remu    a6, a5, a7
core   0: 3 0x80005750 (0x0317f833) x16 0x00000000
core   0: 0x80005754 (0x00220213) addi    tp, tp, 2
core   0: 3 0x80005754 (0x00220213) x 4 0x00000001
core   0: 0x80005758 (0x0357e9b3) rem     s3, a5, s5
core   0: 3 0x80005758 (0x0357e9b3) x19 0x00000000
core   0: 0x8000575c (0xfe2260e3) bltu    tp, sp, pc - 32
core   0: 3 0x8000575c (0xfe2260e3)
core   0: 0x8000573c (0x021debb3) rem     s7, s11, ra
core   0: 3 0x8000573c (0x021debb3) x23 0xfcff5774
core   0: 0x80005740 (0x00000013) nop
core   0: 3 0x80005740 (0x00000013)
core   0: 0x80005744 (0x03098ab3) mul     s5, s3, a6
core   0: 3 0x80005744 (0x03098ab3) x21 0x00000000
core   0: 0x80005748 (0x011606b3) add     a3, a2, a7
core   0: 3 0x80005748 (0x011606b3) x13 0x14eb251f
core   0: 0x8000574c (0x41455193) srai    gp, a0, 20
core   0: 3 0x8000574c (0x41455193) x 3 0x00000000
core   0: 0x80005750 (0x0317f833) remu    a6, a5, a7
core   0: 3 0x80005750 (0x0317f833) x16 0x00000000
core   0: 0x80005754 (0x00220213) addi    tp, tp, 2
core   0: 3 0x80005754 (0x00220213) x 4 0x00000003
core   0: 0x80005758 (0x0357e9b3) rem     s3, a5, s5
core   0: 3 0x80005758 (0x0357e9b3) x19 0x00000000
core   0: 0x8000575c (0xfe2260e3) bltu    tp, sp, pc - 32
core   0: 3 0x8000575c (0xfe2260e3)
core   0: 0x8000573c (0x021debb3) rem     s7, s11, ra
core   0: 3 0x8000573c (0x021debb3) x23 0xfcff5774
core   0: 0x80005740 (0x00000013) nop
core   0: 3 0x80005740 (0x00000013)
core   0: 0x80005744 (0x03098ab3) mul     s5, s3, a6
core   0: 3 0x80005744 (0x03098ab3) x21 0x00000000
core   0: 0x80005748 (0x011606b3) add     a3, a2, a7
core   0: 3 0x80005748 (0x011606b3) x13 0x14eb251f
core   0: 0x8000574c (0x41455193) srai    gp, a0, 20
core   0: 3 0x8000574c (0x41455193) x 3 0x00000000
core   0: 0x80005750 (0x0317f833) remu    a6, a5, a7
core   0: 3 0x80005750 (0x0317f833) x16 0x00000000
core   0: 0x80005754 (0x00220213) addi    tp, tp, 2
core   0: 3 0x80005754 (0x00220213) x 4 0x00000005
core   0: 0x80005758 (0x0357e9b3) rem     s3, a5, s5
core   0: 3 0x80005758 (0x0357e9b3) x19 0x00000000
core   0: 0x8000575c (0xfe2260e3) bltu    tp, sp, pc - 32
core   0: 3 0x8000575c (0xfe2260e3)
core   0: 0x8000573c (0x021debb3) rem     s7, s11, ra
core   0: 3 0x8000573c (0x021debb3) x23 0xfcff5774
core   0: 0x80005740 (0x00000013) nop
core   0: 3 0x80005740 (0x00000013)
core   0: 0x80005744 (0x03098ab3) mul     s5, s3, a6
core   0: 3 0x80005744 (0x03098ab3) x21 0x00000000
core   0: 0x80005748 (0x011606b3) add     a3, a2, a7
core   0: 3 0x80005748 (0x011606b3) x13 0x14eb251f
core   0: 0x8000574c (0x41455193) srai    gp, a0, 20
core   0: 3 0x8000574c (0x41455193) x 3 0x00000000
core   0: 0x80005750 (0x0317f833) remu    a6, a5, a7
core   0: 3 0x80005750 (0x0317f833) x16 0x00000000
core   0: 0x80005754 (0x00220213) addi    tp, tp, 2
core   0: 3 0x80005754 (0x00220213) x 4 0x00000007
core   0: 0x80005758 (0x0357e9b3) rem     s3, a5, s5
core   0: 3 0x80005758 (0x0357e9b3) x19 0x00000000
core   0: 0x8000575c (0xfe2260e3) bltu    tp, sp, pc - 32
core   0: 3 0x8000575c (0xfe2260e3)
core   0: 0x80005760 (0x0246fd33) remu    s10, a3, tp
core   0: 3 0x80005760 (0x0246fd33) x26 0x00000004
core   0: 0x80005764 (0x00fa1813) slli    a6, s4, 15
core   0: 3 0x80005764 (0x00fa1813) x16 0x00008000
core   0: 0x80005768 (0x016c1193) slli    gp, s8, 22
core   0: 3 0x80005768 (0x016c1193) x 3 0xff000000
core   0: 0x8000576c (0x03953cb3) mulhu   s9, a0, s9
core   0: 3 0x8000576c (0x03953cb3) x25 0x00000000
core   0: 0x80005770 (0xfb15c4e3) blt     a1, a7, pc - 88
core   0: 3 0x80005770 (0xfb15c4e3)
core   0: 0x80005718 (0x013d0d33) add     s10, s10, s3
core   0: 3 0x80005718 (0x013d0d33) x26 0x00000004
core   0: 0x8000571c (0x2701b037) lui     zero, 0x2701b
core   0: 3 0x8000571c (0x2701b037)
core   0: 0x80005720 (0x00258593) addi    a1, a1, 2
core   0: 3 0x80005720 (0x00258593) x11 0x00000004
core   0: 0x80005724 (0xfff00213) li      tp, -1
core   0: 3 0x80005724 (0xfff00213) x 4 0xffffffff
core   0: 0x80005728 (0x77732a13) slti    s4, t1, 1911
core   0: 3 0x80005728 (0x77732a13) x20 0x00000001
core   0: 0x8000572c (0x00700113) li      sp, 7
core   0: 3 0x8000572c (0x00700113) x 2 0x00000007
core   0: 0x80005730 (0x00000013) nop
core   0: 3 0x80005730 (0x00000013)
core   0: 0x80005734 (0x407b8bb3) sub     s7, s7, t2
core   0: 3 0x80005734 (0x407b8bb3) x23 0xfcff5774
core   0: 0x80005738 (0x022b1c33) mulh    s8, s6, sp
core   0: 3 0x80005738 (0x022b1c33) x24 0xfffffffc
core   0: 0x8000573c (0x021debb3) rem     s7, s11, ra
core   0: 3 0x8000573c (0x021debb3) x23 0xfcff5774
core   0: 0x80005740 (0x00000013) nop
core   0: 3 0x80005740 (0x00000013)
core   0: 0x80005744 (0x03098ab3) mul     s5, s3, a6
core   0: 3 0x80005744 (0x03098ab3) x21 0x00000000
core   0: 0x80005748 (0x011606b3) add     a3, a2, a7
core   0: 3 0x80005748 (0x011606b3) x13 0x14eb251f
core   0: 0x8000574c (0x41455193) srai    gp, a0, 20
core   0: 3 0x8000574c (0x41455193) x 3 0x00000000
core   0: 0x80005750 (0x0317f833) remu    a6, a5, a7
core   0: 3 0x80005750 (0x0317f833) x16 0x00000000
core   0: 0x80005754 (0x00220213) addi    tp, tp, 2
core   0: 3 0x80005754 (0x00220213) x 4 0x00000001
core   0: 0x80005758 (0x0357e9b3) rem     s3, a5, s5
core   0: 3 0x80005758 (0x0357e9b3) x19 0x00000000
core   0: 0x8000575c (0xfe2260e3) bltu    tp, sp, pc - 32
core   0: 3 0x8000575c (0xfe2260e3)
core   0: 0x8000573c (0x021debb3) rem     s7, s11, ra
core   0: 3 0x8000573c (0x021debb3) x23 0xfcff5774
core   0: 0x80005740 (0x00000013) nop
core   0: 3 0x80005740 (0x00000013)
core   0: 0x80005744 (0x03098ab3) mul     s5, s3, a6
core   0: 3 0x80005744 (0x03098ab3) x21 0x00000000
core   0: 0x80005748 (0x011606b3) add     a3, a2, a7
core   0: 3 0x80005748 (0x011606b3) x13 0x14eb251f
core   0: 0x8000574c (0x41455193) srai    gp, a0, 20
core   0: 3 0x8000574c (0x41455193) x 3 0x00000000
core   0: 0x80005750 (0x0317f833) remu    a6, a5, a7
core   0: 3 0x80005750 (0x0317f833) x16 0x00000000
core   0: 0x80005754 (0x00220213) addi    tp, tp, 2
core   0: 3 0x80005754 (0x00220213) x 4 0x00000003
core   0: 0x80005758 (0x0357e9b3) rem     s3, a5, s5
core   0: 3 0x80005758 (0x0357e9b3) x19 0x00000000
core   0: 0x8000575c (0xfe2260e3) bltu    tp, sp, pc - 32
core   0: 3 0x8000575c (0xfe2260e3)
core   0: 0x8000573c (0x021debb3) rem     s7, s11, ra
core   0: 3 0x8000573c (0x021debb3) x23 0xfcff5774
core   0: 0x80005740 (0x00000013) nop
core   0: 3 0x80005740 (0x00000013)
core   0: 0x80005744 (0x03098ab3) mul     s5, s3, a6
core   0: 3 0x80005744 (0x03098ab3) x21 0x00000000
core   0: 0x80005748 (0x011606b3) add     a3, a2, a7
core   0: 3 0x80005748 (0x011606b3) x13 0x14eb251f
core   0: 0x8000574c (0x41455193) srai    gp, a0, 20
core   0: 3 0x8000574c (0x41455193) x 3 0x00000000
core   0: 0x80005750 (0x0317f833) remu    a6, a5, a7
core   0: 3 0x80005750 (0x0317f833) x16 0x00000000
core   0: 0x80005754 (0x00220213) addi    tp, tp, 2
core   0: 3 0x80005754 (0x00220213) x 4 0x00000005
core   0: 0x80005758 (0x0357e9b3) rem     s3, a5, s5
core   0: 3 0x80005758 (0x0357e9b3) x19 0x00000000
core   0: 0x8000575c (0xfe2260e3) bltu    tp, sp, pc - 32
core   0: 3 0x8000575c (0xfe2260e3)
core   0: 0x8000573c (0x021debb3) rem     s7, s11, ra
core   0: 3 0x8000573c (0x021debb3) x23 0xfcff5774
core   0: 0x80005740 (0x00000013) nop
core   0: 3 0x80005740 (0x00000013)
core   0: 0x80005744 (0x03098ab3) mul     s5, s3, a6
core   0: 3 0x80005744 (0x03098ab3) x21 0x00000000
core   0: 0x80005748 (0x011606b3) add     a3, a2, a7
core   0: 3 0x80005748 (0x011606b3) x13 0x14eb251f
core   0: 0x8000574c (0x41455193) srai    gp, a0, 20
core   0: 3 0x8000574c (0x41455193) x 3 0x00000000
core   0: 0x80005750 (0x0317f833) remu    a6, a5, a7
core   0: 3 0x80005750 (0x0317f833) x16 0x00000000
core   0: 0x80005754 (0x00220213) addi    tp, tp, 2
core   0: 3 0x80005754 (0x00220213) x 4 0x00000007
core   0: 0x80005758 (0x0357e9b3) rem     s3, a5, s5
core   0: 3 0x80005758 (0x0357e9b3) x19 0x00000000
core   0: 0x8000575c (0xfe2260e3) bltu    tp, sp, pc - 32
core   0: 3 0x8000575c (0xfe2260e3)
core   0: 0x80005760 (0x0246fd33) remu    s10, a3, tp
core   0: 3 0x80005760 (0x0246fd33) x26 0x00000004
core   0: 0x80005764 (0x00fa1813) slli    a6, s4, 15
core   0: 3 0x80005764 (0x00fa1813) x16 0x00008000
core   0: 0x80005768 (0x016c1193) slli    gp, s8, 22
core   0: 3 0x80005768 (0x016c1193) x 3 0xff000000
core   0: 0x8000576c (0x03953cb3) mulhu   s9, a0, s9
core   0: 3 0x8000576c (0x03953cb3) x25 0x00000000
core   0: 0x80005770 (0xfb15c4e3) blt     a1, a7, pc - 88
core   0: 3 0x80005770 (0xfb15c4e3)
core   0: 0x80005718 (0x013d0d33) add     s10, s10, s3
core   0: 3 0x80005718 (0x013d0d33) x26 0x00000004
core   0: 0x8000571c (0x2701b037) lui     zero, 0x2701b
core   0: 3 0x8000571c (0x2701b037)
core   0: 0x80005720 (0x00258593) addi    a1, a1, 2
core   0: 3 0x80005720 (0x00258593) x11 0x00000006
core   0: 0x80005724 (0xfff00213) li      tp, -1
core   0: 3 0x80005724 (0xfff00213) x 4 0xffffffff
core   0: 0x80005728 (0x77732a13) slti    s4, t1, 1911
core   0: 3 0x80005728 (0x77732a13) x20 0x00000001
core   0: 0x8000572c (0x00700113) li      sp, 7
core   0: 3 0x8000572c (0x00700113) x 2 0x00000007
core   0: 0x80005730 (0x00000013) nop
core   0: 3 0x80005730 (0x00000013)
core   0: 0x80005734 (0x407b8bb3) sub     s7, s7, t2
core   0: 3 0x80005734 (0x407b8bb3) x23 0xfcff5774
core   0: 0x80005738 (0x022b1c33) mulh    s8, s6, sp
core   0: 3 0x80005738 (0x022b1c33) x24 0xfffffffc
core   0: 0x8000573c (0x021debb3) rem     s7, s11, ra
core   0: 3 0x8000573c (0x021debb3) x23 0xfcff5774
core   0: 0x80005740 (0x00000013) nop
core   0: 3 0x80005740 (0x00000013)
core   0: 0x80005744 (0x03098ab3) mul     s5, s3, a6
core   0: 3 0x80005744 (0x03098ab3) x21 0x00000000
core   0: 0x80005748 (0x011606b3) add     a3, a2, a7
core   0: 3 0x80005748 (0x011606b3) x13 0x14eb251f
core   0: 0x8000574c (0x41455193) srai    gp, a0, 20
core   0: 3 0x8000574c (0x41455193) x 3 0x00000000
core   0: 0x80005750 (0x0317f833) remu    a6, a5, a7
core   0: 3 0x80005750 (0x0317f833) x16 0x00000000
core   0: 0x80005754 (0x00220213) addi    tp, tp, 2
core   0: 3 0x80005754 (0x00220213) x 4 0x00000001
core   0: 0x80005758 (0x0357e9b3) rem     s3, a5, s5
core   0: 3 0x80005758 (0x0357e9b3) x19 0x00000000
core   0: 0x8000575c (0xfe2260e3) bltu    tp, sp, pc - 32
core   0: 3 0x8000575c (0xfe2260e3)
core   0: 0x8000573c (0x021debb3) rem     s7, s11, ra
core   0: 3 0x8000573c (0x021debb3) x23 0xfcff5774
core   0: 0x80005740 (0x00000013) nop
core   0: 3 0x80005740 (0x00000013)
core   0: 0x80005744 (0x03098ab3) mul     s5, s3, a6
core   0: 3 0x80005744 (0x03098ab3) x21 0x00000000
core   0: 0x80005748 (0x011606b3) add     a3, a2, a7
core   0: 3 0x80005748 (0x011606b3) x13 0x14eb251f
core   0: 0x8000574c (0x41455193) srai    gp, a0, 20
core   0: 3 0x8000574c (0x41455193) x 3 0x00000000
core   0: 0x80005750 (0x0317f833) remu    a6, a5, a7
core   0: 3 0x80005750 (0x0317f833) x16 0x00000000
core   0: 0x80005754 (0x00220213) addi    tp, tp, 2
core   0: 3 0x80005754 (0x00220213) x 4 0x00000003
core   0: 0x80005758 (0x0357e9b3) rem     s3, a5, s5
core   0: 3 0x80005758 (0x0357e9b3) x19 0x00000000
core   0: 0x8000575c (0xfe2260e3) bltu    tp, sp, pc - 32
core   0: 3 0x8000575c (0xfe2260e3)
core   0: 0x8000573c (0x021debb3) rem     s7, s11, ra
core   0: 3 0x8000573c (0x021debb3) x23 0xfcff5774
core   0: 0x80005740 (0x00000013) nop
core   0: 3 0x80005740 (0x00000013)
core   0: 0x80005744 (0x03098ab3) mul     s5, s3, a6
core   0: 3 0x80005744 (0x03098ab3) x21 0x00000000
core   0: 0x80005748 (0x011606b3) add     a3, a2, a7
core   0: 3 0x80005748 (0x011606b3) x13 0x14eb251f
core   0: 0x8000574c (0x41455193) srai    gp, a0, 20
core   0: 3 0x8000574c (0x41455193) x 3 0x00000000
core   0: 0x80005750 (0x0317f833) remu    a6, a5, a7
core   0: 3 0x80005750 (0x0317f833) x16 0x00000000
core   0: 0x80005754 (0x00220213) addi    tp, tp, 2
core   0: 3 0x80005754 (0x00220213) x 4 0x00000005
core   0: 0x80005758 (0x0357e9b3) rem     s3, a5, s5
core   0: 3 0x80005758 (0x0357e9b3) x19 0x00000000
core   0: 0x8000575c (0xfe2260e3) bltu    tp, sp, pc - 32
core   0: 3 0x8000575c (0xfe2260e3)
core   0: 0x8000573c (0x021debb3) rem     s7, s11, ra
core   0: 3 0x8000573c (0x021debb3) x23 0xfcff5774
core   0: 0x80005740 (0x00000013) nop
core   0: 3 0x80005740 (0x00000013)
core   0: 0x80005744 (0x03098ab3) mul     s5, s3, a6
core   0: 3 0x80005744 (0x03098ab3) x21 0x00000000
core   0: 0x80005748 (0x011606b3) add     a3, a2, a7
core   0: 3 0x80005748 (0x011606b3) x13 0x14eb251f
core   0: 0x8000574c (0x41455193) srai    gp, a0, 20
core   0: 3 0x8000574c (0x41455193) x 3 0x00000000
core   0: 0x80005750 (0x0317f833) remu    a6, a5, a7
core   0: 3 0x80005750 (0x0317f833) x16 0x00000000
core   0: 0x80005754 (0x00220213) addi    tp, tp, 2
core   0: 3 0x80005754 (0x00220213) x 4 0x00000007
core   0: 0x80005758 (0x0357e9b3) rem     s3, a5, s5
core   0: 3 0x80005758 (0x0357e9b3) x19 0x00000000
core   0: 0x8000575c (0xfe2260e3) bltu    tp, sp, pc - 32
core   0: 3 0x8000575c (0xfe2260e3)
core   0: 0x80005760 (0x0246fd33) remu    s10, a3, tp
core   0: 3 0x80005760 (0x0246fd33) x26 0x00000004
core   0: 0x80005764 (0x00fa1813) slli    a6, s4, 15
core   0: 3 0x80005764 (0x00fa1813) x16 0x00008000
core   0: 0x80005768 (0x016c1193) slli    gp, s8, 22
core   0: 3 0x80005768 (0x016c1193) x 3 0xff000000
core   0: 0x8000576c (0x03953cb3) mulhu   s9, a0, s9
core   0: 3 0x8000576c (0x03953cb3) x25 0x00000000
core   0: 0x80005770 (0xfb15c4e3) blt     a1, a7, pc - 88
core   0: 3 0x80005770 (0xfb15c4e3)
core   0: 0x80005774 (0x02c23033) mulhu   zero, tp, a2
core   0: 3 0x80005774 (0x02c23033)
core   0: 0x80005778 (0x412a8233) sub     tp, s5, s2
core   0: 3 0x80005778 (0x412a8233) x 4 0xffffffff
core   0: 0x8000577c (0x015c5cb3) srl     s9, s8, s5
core   0: 3 0x8000577c (0x015c5cb3) x25 0xfffffffc
core   0: 0x80005780 (0x01754e33) xor     t3, a0, s7
core   0: 3 0x80005780 (0x01754e33) x28 0xfcff5774
core   0: 0x80005784 (0x3f1d45b7) lui     a1, 0x3f1d4
core   0: 3 0x80005784 (0x3f1d45b7) x11 0x3f1d4000
core   0: 0x80005788 (0x595aa013) slti    zero, s5, 1429
core   0: 3 0x80005788 (0x595aa013)
core   0: 0x8000578c (0x021bdf33) divu    t5, s7, ra
core   0: 3 0x8000578c (0x021bdf33) x30 0x00000001
core   0: 0x80005790 (0x00536433) or      s0, t1, t0
core   0: 3 0x80005790 (0x00536433) x 8 0x0000011a
core   0: 0x80005794 (0x005c1e63) bne     s8, t0, pc + 28
core   0: 3 0x80005794 (0x005c1e63)
core   0: 0x800057b0 (0x03c455b3) divu    a1, s0, t3
core   0: 3 0x800057b0 (0x03c455b3) x11 0x00000000
core   0: 0x800057b4 (0x05aa1863) bne     s4, s10, pc + 80
core   0: 3 0x800057b4 (0x05aa1863)
core   0: 0x80005804 (0x00880a63) beq     a6, s0, pc + 20
core   0: 3 0x80005804 (0x00880a63)
core   0: 0x80005808 (0x6d02e513) ori     a0, t0, 1744
core   0: 3 0x80005808 (0x6d02e513) x10 0x000006d0
core   0: 0x8000580c (0x41fd5eb3) sra     t4, s10, t6
core   0: 3 0x8000580c (0x41fd5eb3) x29 0x00000000
core   0: 0x80005810 (0x03689333) mulh    t1, a7, s6
core   0: 3 0x80005810 (0x03689333) x 6 0xfffffffd
core   0: 0x80005814 (0x017544b3) xor     s1, a0, s7
core   0: 3 0x80005814 (0x017544b3) x 9 0xfcff51a4
core   0: 0x80005818 (0x00905d13) srli    s10, zero, 9
core   0: 3 0x80005818 (0x00905d13) x26 0x00000000
core   0: 0x8000581c (0x01bafc63) bgeu    s5, s11, pc + 24
core   0: 3 0x8000581c (0x01bafc63)
core   0: 0x80005820 (0x0299e463) bltu    s3, s1, pc + 40
core   0: 3 0x80005820 (0x0299e463)
core   0: 0x80005848 (0x00e71263) bne     a4, a4, pc + 4
core   0: 3 0x80005848 (0x00e71263)
core   0: 0x8000584c (0x0160cab3) xor     s5, ra, s6
core   0: 3 0x8000584c (0x0160cab3) x21 0x0301189c
core   0: 0x80005850 (0x01074a63) blt     a4, a6, pc + 20
core   0: 3 0x80005850 (0x01074a63)
core   0: 0x80005864 (0x01937c33) and     s8, t1, s9
core   0: 3 0x80005864 (0x01937c33) x24 0xfffffffc
core   0: 0x80005868 (0x01a59263) bne     a1, s10, pc + 4
core   0: 3 0x80005868 (0x01a59263)
core   0: 0x8000586c (0x019f5293) srli    t0, t5, 25
core   0: 3 0x8000586c (0x019f5293) x 5 0x00000000
core   0: 0x80005870 (0x02867233) remu    tp, a2, s0
core   0: 3 0x80005870 (0x02867233) x 4 0x0000008a
core   0: 0x80005874 (0x000cb833) sltu    a6, s9, zero
core   0: 3 0x80005874 (0x000cb833) x16 0x00000000
core   0: 0x80005878 (0x05581863) bne     a6, s5, pc + 80
core   0: 3 0x80005878 (0x05581863)
core   0: 0x800058c8 (0x014d75b3) and     a1, s10, s4
core   0: 3 0x800058c8 (0x014d75b3) x11 0x00000000
core   0: 0x800058cc (0x4c3bb113) sltiu   sp, s7, 1219
core   0: 3 0x800058cc (0x4c3bb113) x 2 0x00000000
core   0: 0x800058d0 (0x00bc1a63) bne     s8, a1, pc + 20
core   0: 3 0x800058d0 (0x00bc1a63)
core   0: 0x800058e4 (0x010fabb3) slt     s7, t6, a6
core   0: 3 0x800058e4 (0x010fabb3) x23 0x00000000
core   0: 0x800058e8 (0x029757b3) divu    a5, a4, s1
core   0: 3 0x800058e8 (0x029757b3) x15 0x00000000
core   0: 0x800058ec (0x038befb3) rem     t6, s7, s8
core   0: 3 0x800058ec (0x038befb3) x31 0x00000000
core   0: 0x800058f0 (0x009023b3) slt     t2, zero, s1
core   0: 3 0x800058f0 (0x009023b3) x 7 0x00000000
core   0: 0x800058f4 (0x01362433) slt     s0, a2, s3
core   0: 3 0x800058f4 (0x01362433) x 8 0x00000000
core   0: 0x800058f8 (0xff700c13) li      s8, -9
core   0: 3 0x800058f8 (0xff700c13) x24 0xfffffff7
core   0: 0x800058fc (0x7be5ee13) ori     t3, a1, 1982
core   0: 3 0x800058fc (0x7be5ee13) x28 0x000007be
core   0: 0x80005900 (0xf0f00d13) li      s10, -241
core   0: 3 0x80005900 (0xf0f00d13) x26 0xffffff0f
core   0: 0x80005904 (0xffd00093) li      ra, -3
core   0: 3 0x80005904 (0xffd00093) x 1 0xfffffffd
core   0: 0x80005908 (0x00c126b3) slt     a3, sp, a2
core   0: 3 0x80005908 (0x00c126b3) x13 0x00000001
core   0: 0x8000590c (0x03e6afb3) mulhsu  t6, a3, t5
core   0: 3 0x8000590c (0x03e6afb3) x31 0x00000000
core   0: 0x80005910 (0x013ba2b3) slt     t0, s7, s3
core   0: 3 0x80005910 (0x013ba2b3) x 5 0x00000000
core   0: 0x80005914 (0x40b05f13) srai    t5, zero, 11
core   0: 3 0x80005914 (0x40b05f13) x30 0x00000000
core   0: 0x80005918 (0x003c0c13) addi    s8, s8, 3
core   0: 3 0x80005918 (0x003c0c13) x24 0xfffffffa
core   0: 0x8000591c (0x026947b3) div     a5, s2, t1
core   0: 3 0x8000591c (0x026947b3) x15 0x00000000
core   0: 0x80005920 (0xfe1c16e3) bne     s8, ra, pc - 20
core   0: 3 0x80005920 (0xfe1c16e3)
core   0: 0x8000590c (0x03e6afb3) mulhsu  t6, a3, t5
core   0: 3 0x8000590c (0x03e6afb3) x31 0x00000000
core   0: 0x80005910 (0x013ba2b3) slt     t0, s7, s3
core   0: 3 0x80005910 (0x013ba2b3) x 5 0x00000000
core   0: 0x80005914 (0x40b05f13) srai    t5, zero, 11
core   0: 3 0x80005914 (0x40b05f13) x30 0x00000000
core   0: 0x80005918 (0x003c0c13) addi    s8, s8, 3
core   0: 3 0x80005918 (0x003c0c13) x24 0xfffffffd
core   0: 0x8000591c (0x026947b3) div     a5, s2, t1
core   0: 3 0x8000591c (0x026947b3) x15 0x00000000
core   0: 0x80005920 (0xfe1c16e3) bne     s8, ra, pc - 20
core   0: 3 0x80005920 (0xfe1c16e3)
core   0: 0x80005924 (0x02639f33) mulh    t5, t2, t1
core   0: 3 0x80005924 (0x02639f33) x30 0x00000000
core   0: 0x80005928 (0x009c85b3) add     a1, s9, s1
core   0: 3 0x80005928 (0x009c85b3) x11 0xfcff51a0
core   0: 0x8000592c (0x003a0bb3) add     s7, s4, gp
core   0: 3 0x8000592c (0x003a0bb3) x23 0xff000001
core   0: 0x80005930 (0x5d778f93) addi    t6, a5, 1495
core   0: 3 0x80005930 (0x5d778f93) x31 0x000005d7
core   0: 0x80005934 (0x03499033) mulh    zero, s3, s4
core   0: 3 0x80005934 (0x03499033)
core   0: 0x80005938 (0x031e7bb3) remu    s7, t3, a7
core   0: 3 0x80005938 (0x031e7bb3) x23 0x00000002
core   0: 0x8000593c (0x40f8d393) srai    t2, a7, 15
core   0: 3 0x8000593c (0x40f8d393) x 7 0x00000000
core   0: 0x80005940 (0x01d89033) sll     zero, a7, t4
core   0: 3 0x80005940 (0x01d89033)
core   0: 0x80005944 (0x40230bb3) sub     s7, t1, sp
core   0: 3 0x80005944 (0x40230bb3) x23 0xfffffffd
core   0: 0x80005948 (0x01455433) srl     s0, a0, s4
core   0: 3 0x80005948 (0x01455433) x 8 0x00000368
core   0: 0x8000594c (0x1b494997) auipc   s3, 0x1b494
core   0: 3 0x8000594c (0x1b494997) x19 0x9b49994c
core   0: 0x80005950 (0x015208b3) add     a7, tp, s5
core   0: 3 0x80005950 (0x015208b3) x17 0x03011926
core   0: 0x80005954 (0x15977693) andi    a3, a4, 345
core   0: 3 0x80005954 (0x15977693) x13 0x00000040
core   0: 0x80005958 (0x006c1013) slli    zero, s8, 6
core   0: 3 0x80005958 (0x006c1013)
core   0: 0x8000595c (0x00529213) slli    tp, t0, 5
core   0: 3 0x8000595c (0x00529213) x 4 0x00000000
core   0: 0x80005960 (0x00f7a1b3) slt     gp, a5, a5
core   0: 3 0x80005960 (0x00f7a1b3) x 3 0x00000000
core   0: 0x80005964 (0x020006b3) mul     a3, zero, zero
core   0: 3 0x80005964 (0x020006b3) x13 0x00000000
core   0: 0x80005968 (0x00000013) nop
core   0: 3 0x80005968 (0x00000013)
core   0: 0x8000596c (0x00d1da63) bge     gp, a3, pc + 20
core   0: 3 0x8000596c (0x00d1da63)
core   0: 0x80005980 (0x020722b3) mulhsu  t0, a4, zero
core   0: 3 0x80005980 (0x020722b3) x 5 0x00000000
core   0: 0x80005984 (0x01e4df33) srl     t5, s1, t5
core   0: 3 0x80005984 (0x01e4df33) x30 0xfcff51a4
core   0: 0x80005988 (0x03aad633) divu    a2, s5, s10
core   0: 3 0x80005988 (0x03aad633) x12 0x00000000
core   0: 0x8000598c (0xd7c74293) xori    t0, a4, -644
core   0: 3 0x8000598c (0xd7c74293) x 5 0x14eb279a
core   0: 0x80005990 (0xb2238893) addi    a7, t2, -1246
core   0: 3 0x80005990 (0xb2238893) x17 0xfffffb22
core   0: 0x80005994 (0x043c0463) beq     s8, gp, pc + 72
core   0: 3 0x80005994 (0x043c0463)
core   0: 0x80005998 (0x01069e93) slli    t4, a3, 16
core   0: 3 0x80005998 (0x01069e93) x29 0x00000000
core   0: 0x8000599c (0x03019463) bne     gp, a6, pc + 40
core   0: 3 0x8000599c (0x03019463)
core   0: 0x800059a0 (0x0043ce33) xor     t3, t2, tp
core   0: 3 0x800059a0 (0x0043ce33) x28 0x00000000
core   0: 0x800059a4 (0x00b871b3) and     gp, a6, a1
core   0: 3 0x800059a4 (0x00b871b3) x 3 0x00000000
core   0: 0x800059a8 (0x02e91c63) bne     s2, a4, pc + 56
core   0: 3 0x800059a8 (0x02e91c63)
core   0: 0x800059e0 (0x00000013) nop
core   0: 3 0x800059e0 (0x00000013)
core   0: 0x800059e4 (0x0084a0b3) slt     ra, s1, s0
core   0: 3 0x800059e4 (0x0084a0b3) x 1 0x00000001
core   0: 0x800059e8 (0x037b7ab3) remu    s5, s6, s7
core   0: 3 0x800059e8 (0x037b7ab3) x21 0x80025dec
core   0: 0x800059ec (0x006e82b3) add     t0, t4, t1
core   0: 3 0x800059ec (0x006e82b3) x 5 0xfffffffd
core   0: 0x800059f0 (0x01550e33) add     t3, a0, s5
core   0: 3 0x800059f0 (0x01550e33) x28 0x800264bc
core   0: 0x800059f4 (0x41a587b3) sub     a5, a1, s10
core   0: 3 0x800059f4 (0x41a587b3) x15 0xfcff5291
core   0: 0x800059f8 (0x0377ff33) remu    t5, a5, s7
core   0: 3 0x800059f8 (0x0377ff33) x30 0xfcff5291
core   0: 0x800059fc (0xe3e98f93) addi    t6, s3, -450
core   0: 3 0x800059fc (0xe3e98f93) x31 0x9b49978a
core   0: 0x80005a00 (0xf3555637) lui     a2, 0xf3555
core   0: 3 0x80005a00 (0xf3555637) x12 0xf3555000
core   0: 0x80005a04 (0x036dd633) divu    a2, s11, s6
core   0: 3 0x80005a04 (0x036dd633) x12 0x00000001
core   0: 0x80005a08 (0x02e188b3) mul     a7, gp, a4
core   0: 3 0x80005a08 (0x02e188b3) x17 0x00000000
core   0: 0x80005a0c (0xc9807f93) andi    t6, zero, -872
core   0: 3 0x80005a0c (0xc9807f93) x31 0x00000000
core   0: 0x80005a10 (0x041f9863) bne     t6, ra, pc + 80
core   0: 3 0x80005a10 (0x041f9863)
core   0: 0x80005a60 (0x02b96f33) rem     t5, s2, a1
core   0: 3 0x80005a60 (0x02b96f33) x30 0x00000001
core   0: 0x80005a64 (0x01bccf33) xor     t5, s9, s11
core   0: 3 0x80005a64 (0x01bccf33) x30 0x7ffd6318
core   0: 0x80005a68 (0x03c60a33) mul     s4, a2, t3
core   0: 3 0x80005a68 (0x03c60a33) x20 0x800264bc
core   0: 0x80005a6c (0xfbc52993) slti    s3, a0, -68
core   0: 3 0x80005a6c (0xfbc52993) x19 0x00000000
core   0: 0x80005a70 (0x0397fbb3) remu    s7, a5, s9
core   0: 3 0x80005a70 (0x0397fbb3) x23 0xfcff5291
core   0: 0x80005a74 (0x03de83b3) mul     t2, t4, t4
core   0: 3 0x80005a74 (0x03de83b3) x 7 0x00000000
core   0: 0x80005a78 (0x020766b3) rem     a3, a4, zero
core   0: 3 0x80005a78 (0x020766b3) x13 0xeb14dae6
core   0: 0x80005a7c (0x02873933) mulhu   s2, a4, s0
core   0: 3 0x80005a7c (0x02873933) x18 0x00000320
core   0: 0x80005a80 (0x0f792e13) slti    t3, s2, 247
core   0: 3 0x80005a80 (0x0f792e13) x28 0x00000000
core   0: 0x80005a84 (0x0381cbb3) div     s7, gp, s8
core   0: 3 0x80005a84 (0x0381cbb3) x23 0x00000000
core   0: 0x80005a88 (0x41d7deb3) sra     t4, a5, t4
core   0: 3 0x80005a88 (0x41d7deb3) x29 0xfcff5291
core   0: 0x80005a8c (0x02001f33) mulh    t5, zero, zero
core   0: 3 0x80005a8c (0x02001f33) x30 0x00000000
core   0: 0x80005a90 (0xdf182793) slti    a5, a6, -527
core   0: 3 0x80005a90 (0xdf182793) x15 0x00000000
core   0: 0x80005a94 (0x026fc6b3) div     a3, t6, t1
core   0: 3 0x80005a94 (0x026fc6b3) x13 0x00000000
core   0: 0x80005a98 (0x18e74c93) xori    s9, a4, 398
core   0: 3 0x80005a98 (0x18e74c93) x25 0xeb14db68
core   0: 0x80005a9c (0x00deb6b3) sltu    a3, t4, a3
core   0: 3 0x80005a9c (0x00deb6b3) x13 0x00000000
core   0: 0x80005aa0 (0x02c55933) divu    s2, a0, a2
core   0: 3 0x80005aa0 (0x02c55933) x18 0x000006d0
core   0: 0x80005aa4 (0x030f4663) blt     t5, a6, pc + 44
core   0: 3 0x80005aa4 (0x030f4663)
core   0: 0x80005aa8 (0x4047d893) srai    a7, a5, 4
core   0: 3 0x80005aa8 (0x4047d893) x17 0x00000000
core   0: 0x80005aac (0x0013d133) srl     sp, t2, ra
core   0: 3 0x80005aac (0x0013d133) x 2 0x00000000
core   0: 0x80005ab0 (0x0157b1b3) sltu    gp, a5, s5
core   0: 3 0x80005ab0 (0x0157b1b3) x 3 0x00000001
core   0: 0x80005ab4 (0x01e2d113) srli    sp, t0, 30
core   0: 3 0x80005ab4 (0x01e2d113) x 2 0x00000003
core   0: 0x80005ab8 (0x03833ab3) mulhu   s5, t1, s8
core   0: 3 0x80005ab8 (0x03833ab3) x21 0xfffffffa
core   0: 0x80005abc (0x0053ccb3) xor     s9, t2, t0
core   0: 3 0x80005abc (0x0053ccb3) x25 0xfffffffd
core   0: 0x80005ac0 (0x008381b3) add     gp, t2, s0
core   0: 3 0x80005ac0 (0x008381b3) x 3 0x00000368
core   0: 0x80005ac4 (0x01046a33) or      s4, s0, a6
core   0: 3 0x80005ac4 (0x01046a33) x20 0x00000368
core   0: 0x80005ac8 (0x0ffd2a37) lui     s4, 0xffd2
core   0: 3 0x80005ac8 (0x0ffd2a37) x20 0x0ffd2000
core   0: 0x80005acc (0x02add263) bge     s11, a0, pc + 36
core   0: 3 0x80005acc (0x02add263)
core   0: 0x80005ad0 (0x00581613) slli    a2, a6, 5
core   0: 3 0x80005ad0 (0x00581613) x12 0x00000000
core   0: 0x80005ad4 (0x411f81b3) sub     gp, t6, a7
core   0: 3 0x80005ad4 (0x411f81b3) x 3 0x00000000
core   0: 0x80005ad8 (0x00cd8233) add     tp, s11, a2
core   0: 3 0x80005ad8 (0x00cd8233) x 4 0x80029ce4
core   0: 0x80005adc (0x029492b3) mulh    t0, s1, s1
core   0: 3 0x80005adc (0x029492b3) x 5 0x00090416
core   0: 0x80005ae0 (0x0181c333) xor     t1, gp, s8
core   0: 3 0x80005ae0 (0x0181c333) x 6 0xfffffffd
core   0: 0x80005ae4 (0x04f3e863) bltu    t2, a5, pc + 80
core   0: 3 0x80005ae4 (0x04f3e863)
core   0: 0x80005ae8 (0x003dceb3) xor     t4, s11, gp
core   0: 3 0x80005ae8 (0x003dceb3) x29 0x80029ce4
core   0: 0x80005aec (0x02108333) mul     t1, ra, ra
core   0: 3 0x80005aec (0x02108333) x 6 0x00000001
core   0: 0x80005af0 (0x00e95263) bge     s2, a4, pc + 4
core   0: 3 0x80005af0 (0x00e95263)
core   0: 0x80005af4 (0x01d92833) slt     a6, s2, t4
core   0: 3 0x80005af4 (0x01d92833) x16 0x00000000
core   0: 0x80005af8 (0x01701c93) slli    s9, zero, 23
core   0: 3 0x80005af8 (0x01701c93) x25 0x00000000
core   0: 0x80005afc (0x1dbb6093) ori     ra, s6, 475
core   0: 3 0x80005afc (0x1dbb6093) x 1 0x80025dff
core   0: 0x80005b00 (0x026d3133) mulhu   sp, s10, t1
core   0: 3 0x80005b00 (0x026d3133) x 2 0x00000000
core   0: 0x80005b04 (0x027ef7b3) remu    a5, t4, t2
core   0: 3 0x80005b04 (0x027ef7b3) x15 0x80029ce4
core   0: 0x80005b08 (0x02876c33) rem     s8, a4, s0
core   0: 3 0x80005b08 (0x02876c33) x24 0xffffffbe
core   0: 0x80005b0c (0x024a4333) div     t1, s4, tp
core   0: 3 0x80005b0c (0x024a4333) x 6 0x00000000
core   0: 0x80005b10 (0x01b7f7b3) and     a5, a5, s11
core   0: 3 0x80005b10 (0x01b7f7b3) x15 0x80029ce4
core   0: 0x80005b14 (0x0370f5b3) remu    a1, ra, s7
core   0: 3 0x80005b14 (0x0370f5b3) x11 0x80025dff
core   0: 0x80005b18 (0x0342d233) divu    tp, t0, s4
core   0: 3 0x80005b18 (0x0342d233) x 4 0x00000000
core   0: 0x80005b1c (0x01416a63) bltu    sp, s4, pc + 20
core   0: 3 0x80005b1c (0x01416a63)
core   0: 0x80005b30 (0x03815d33) divu    s10, sp, s8
core   0: 3 0x80005b30 (0x03815d33) x26 0x00000000
core   0: 0x80005b34 (0x76cf8e93) addi    t4, t6, 1900
core   0: 3 0x80005b34 (0x76cf8e93) x29 0x0000076c
core   0: 0x80005b38 (0x6f698493) addi    s1, s3, 1782
core   0: 3 0x80005b38 (0x6f698493) x 9 0x000006f6
core   0: 0x80005b3c (0x00465293) srli    t0, a2, 4
core   0: 3 0x80005b3c (0x00465293) x 5 0x00000000
core   0: 0x80005b40 (0x02c1b333) mulhu   t1, gp, a2
core   0: 3 0x80005b40 (0x02c1b333) x 6 0x00000000
core   0: 0x80005b44 (0x02561f33) mulh    t5, a2, t0
core   0: 3 0x80005b44 (0x02561f33) x30 0x00000000
core   0: 0x80005b48 (0x40dc5413) srai    s0, s8, 13
core   0: 3 0x80005b48 (0x40dc5413) x 8 0xffffffff
core   0: 0x80005b4c (0xeee10913) addi    s2, sp, -274
core   0: 3 0x80005b4c (0xeee10913) x18 0xfffffeee
core   0: 0x80005b50 (0xe2d93a97) auipc   s5, 0xe2d93
core   0: 3 0x80005b50 (0xe2d93a97) x21 0x62d98b50
core   0: 0x80005b54 (0x55327d13) andi    s10, tp, 1363
core   0: 3 0x80005b54 (0x55327d13) x26 0x00000000
core   0: 0x80005b58 (0x0118f9b3) and     s3, a7, a7
core   0: 3 0x80005b58 (0x0118f9b3) x19 0x00000000
core   0: 0x80005b5c (0x004d49b3) xor     s3, s10, tp
core   0: 3 0x80005b5c (0x004d49b3) x19 0x00000000
core   0: 0x80005b60 (0x00000013) nop
core   0: 3 0x80005b60 (0x00000013)
core   0: 0x80005b64 (0x025802b3) mul     t0, a6, t0
core   0: 3 0x80005b64 (0x025802b3) x 5 0x00000000
core   0: 0x80005b68 (0x03321063) bne     tp, s3, pc + 32
core   0: 3 0x80005b68 (0x03321063)
core   0: 0x80005b6c (0x00000013) nop
core   0: 3 0x80005b6c (0x00000013)
core   0: 0x80005b70 (0x01a67a63) bgeu    a2, s10, pc + 20
core   0: 3 0x80005b70 (0x01a67a63)
core   0: 0x80005b84 (0x01cd0033) add     zero, s10, t3
core   0: 3 0x80005b84 (0x01cd0033)
core   0: 0x80005b88 (0x00fb5f93) srli    t6, s6, 15
core   0: 3 0x80005b88 (0x00fb5f93) x31 0x00010004
core   0: 0x80005b8c (0xc168e637) lui     a2, 0xc168e
core   0: 3 0x80005b8c (0xc168e637) x12 0xc168e000
core   0: 0x80005b90 (0x0345c463) blt     a1, s4, pc + 40
core   0: 3 0x80005b90 (0x0345c463)
core   0: 0x80005bb8 (0x40485c13) srai    s8, a6, 4
core   0: 3 0x80005bb8 (0x40485c13) x24 0x00000000
core   0: 0x80005bbc (0x00a22c33) slt     s8, tp, a0
core   0: 3 0x80005bbc (0x00a22c33) x24 0x00000001
core   0: 0x80005bc0 (0x00000013) nop
core   0: 3 0x80005bc0 (0x00000013)
core   0: 0x80005bc4 (0x02b563b3) rem     t2, a0, a1
core   0: 3 0x80005bc4 (0x02b563b3) x 7 0x000006d0
core   0: 0x80005bc8 (0x00d862b3) or      t0, a6, a3
core   0: 3 0x80005bc8 (0x00d862b3) x 5 0x00000000
core   0: 0x80005bcc (0x008d8463) beq     s11, s0, pc + 8
core   0: 3 0x80005bcc (0x008d8463)
core   0: 0x80005bd0 (0x03307cb3) remu    s9, zero, s3
core   0: 3 0x80005bd0 (0x03307cb3) x25 0x00000000
core   0: 0x80005bd4 (0x04afe863) bltu    t6, a0, pc + 80
core   0: 3 0x80005bd4 (0x04afe863)
core   0: 0x80005bd8 (0x01ff0cb3) add     s9, t5, t6
core   0: 3 0x80005bd8 (0x01ff0cb3) x25 0x00010004
core   0: 0x80005bdc (0x02942933) mulhsu  s2, s0, s1
core   0: 3 0x80005bdc (0x02942933) x18 0xffffffff
core   0: 0x80005be0 (0x023ddd33) divu    s10, s11, gp
core   0: 3 0x80005be0 (0x023ddd33) x26 0xffffffff
core   0: 0x80005be4 (0x05c15263) bge     sp, t3, pc + 68
core   0: 3 0x80005be4 (0x05c15263)
core   0: 0x80005c28 (0x02a97433) remu    s0, s2, a0
core   0: 3 0x80005c28 (0x02a97433) x 8 0x0000041f
core   0: 0x80005c2c (0x74543137) lui     sp, 0x74543
core   0: 3 0x80005c2c (0x74543137) x 2 0x74543000
core   0: 0x80005c30 (0x0205bf33) mulhu   t5, a1, zero
core   0: 3 0x80005c30 (0x0205bf33) x30 0x00000000
core   0: 0x80005c34 (0x00219a63) bne     gp, sp, pc + 20
core   0: 3 0x80005c34 (0x00219a63)
core   0: 0x80005c48 (0x01f23e33) sltu    t3, tp, t6
core   0: 3 0x80005c48 (0x01f23e33) x28 0x00000001
core   0: 0x80005c4c (0x039492b3) mulh    t0, s1, s9
core   0: 3 0x80005c4c (0x039492b3) x 5 0x00000000
core   0: 0x80005c50 (0x0336f463) bgeu    a3, s3, pc + 40
core   0: 3 0x80005c50 (0x0336f463)
core   0: 0x80005c78 (0x026d4a33) div     s4, s10, t1
core   0: 3 0x80005c78 (0x026d4a33) x20 0xffffffff
core   0: 0x80005c7c (0x0186bf33) sltu    t5, a3, s8
core   0: 3 0x80005c7c (0x0186bf33) x30 0x00000001
core   0: 0x80005c80 (0xdd5a8017) auipc   zero, 0xdd5a8
core   0: 3 0x80005c80 (0xdd5a8017)
core   0: 0x80005c84 (0xb9e55037) lui     zero, 0xb9e55
core   0: 3 0x80005c84 (0xb9e55037)
core   0: 0x80005c88 (0x054e0463) beq     t3, s4, pc + 72
core   0: 3 0x80005c88 (0x054e0463)
core   0: 0x80005c8c (0x00950017) auipc   zero, 0x950
core   0: 3 0x80005c8c (0x00950017)
core   0: 0x80005c90 (0x01a8cab3) xor     s5, a7, s10
core   0: 3 0x80005c90 (0x01a8cab3) x21 0xffffffff
core   0: 0x80005c94 (0x81aab897) auipc   a7, 0x81aab
core   0: 3 0x80005c94 (0x81aab897) x17 0x01ab0c94
core   0: 0x80005c98 (0x0254f263) bgeu    s1, t0, pc + 36
core   0: 3 0x80005c98 (0x0254f263)
core   0: 0x80005cbc (0x006c8333) add     t1, s9, t1
core   0: 3 0x80005cbc (0x006c8333) x 6 0x00010004
core   0: 0x80005cc0 (0x40ec0533) sub     a0, s8, a4
core   0: 3 0x80005cc0 (0x40ec0533) x10 0x14eb251b
core   0: 0x80005cc4 (0x38bfa613) slti    a2, t6, 907
core   0: 3 0x80005cc4 (0x38bfa613) x12 0x00000000
core   0: 0x80005cc8 (0x41a98333) sub     t1, s3, s10
core   0: 3 0x80005cc8 (0x41a98333) x 6 0x00000001
core   0: 0x80005ccc (0x00f5f263) bgeu    a1, a5, pc + 4
core   0: 3 0x80005ccc (0x00f5f263)
core   0: 0x80005cd0 (0x6174f493) andi    s1, s1, 1559
core   0: 3 0x80005cd0 (0x6174f493) x 9 0x00000616
core   0: 0x80005cd4 (0x03c0c933) div     s2, ra, t3
core   0: 3 0x80005cd4 (0x03c0c933) x18 0x80025dff
core   0: 0x80005cd8 (0x02eb7d33) remu    s10, s6, a4
core   0: 3 0x80005cd8 (0x02eb7d33) x26 0x80025dec
core   0: 0x80005cdc (0x02c62e33) mulhsu  t3, a2, a2
core   0: 3 0x80005cdc (0x02c62e33) x28 0x00000000
core   0: 0x80005ce0 (0x014120b3) slt     ra, sp, s4
core   0: 3 0x80005ce0 (0x014120b3) x 1 0x00000000
core   0: 0x80005ce4 (0x006659b3) srl     s3, a2, t1
core   0: 3 0x80005ce4 (0x006659b3) x19 0x00000000
core   0: 0x80005ce8 (0xe2814c13) xori    s8, sp, -472
core   0: 3 0x80005ce8 (0xe2814c13) x24 0x8babce28
core   0: 0x80005cec (0x4183deb3) sra     t4, t2, s8
core   0: 3 0x80005cec (0x4183deb3) x29 0x00000006
core   0: 0x80005cf0 (0x038215b3) mulh    a1, tp, s8
core   0: 3 0x80005cf0 (0x038215b3) x11 0x00000000
core   0: 0x80005cf4 (0x019267b3) or      a5, tp, s9
core   0: 3 0x80005cf4 (0x019267b3) x15 0x00010004
core   0: 0x80005cf8 (0x027fea33) rem     s4, t6, t2
core   0: 3 0x80005cf8 (0x027fea33) x20 0x000003f4
core   0: 0x80005cfc (0x0497d863) bge     a5, s1, pc + 80
core   0: 3 0x80005cfc (0x0497d863)
core   0: 0x80005d4c (0x00f96333) or      t1, s2, a5
core   0: 3 0x80005d4c (0x00f96333) x 6 0x80035dff
core   0: 0x80005d50 (0x00fbceb3) xor     t4, s7, a5
core   0: 3 0x80005d50 (0x00fbceb3) x29 0x00010004
core   0: 0x80005d54 (0x02770cb3) mul     s9, a4, t2
core   0: 3 0x80005d54 (0x02770cb3) x25 0x7e133ee0
core   0: 0x80005d58 (0x2cada013) slti    zero, s11, 714
core   0: 3 0x80005d58 (0x2cada013)
core   0: 0x80005d5c (0x02d27263) bgeu    tp, a3, pc + 36
core   0: 3 0x80005d5c (0x02d27263)
core   0: 0x80005d80 (0x01705a63) bge     zero, s7, pc + 20
core   0: 3 0x80005d80 (0x01705a63)
core   0: 0x80005d94 (0x66d2a393) slti    t2, t0, 1645
core   0: 3 0x80005d94 (0x66d2a393) x 7 0x00000001
core   0: 0x80005d98 (0xff600693) li      a3, -10
core   0: 3 0x80005d98 (0xff600693) x13 0xfffffff6
core   0: 0x80005d9c (0x26c57213) andi    tp, a0, 620
core   0: 3 0x80005d9c (0x26c57213) x 4 0x00000008
core   0: 0x80005da0 (0x00b1a2b3) slt     t0, gp, a1
core   0: 3 0x80005da0 (0x00b1a2b3) x 5 0x00000000
core   0: 0x80005da4 (0x6f8f5137) lui     sp, 0x6f8f5
core   0: 3 0x80005da4 (0x6f8f5137) x 2 0x6f8f5000
core   0: 0x80005da8 (0x03648a33) mul     s4, s1, s6
core   0: 3 0x80005da8 (0x03648a33) x20 0x0e679a48
core   0: 0x80005dac (0x028b2a33) mulhsu  s4, s6, s0
core   0: 3 0x80005dac (0x028b2a33) x20 0xfffffdf0
core   0: 0x80005db0 (0x568d3f17) auipc   t5, 0x568d3
core   0: 3 0x80005db0 (0x568d3f17) x30 0xd68d8db0
core   0: 0x80005db4 (0x00fe5a33) srl     s4, t3, a5
core   0: 3 0x80005db4 (0x00fe5a33) x20 0x00000000
core   0: 0x80005db8 (0x038e5533) divu    a0, t3, s8
core   0: 3 0x80005db8 (0x038e5533) x10 0x00000000
core   0: 0x80005dbc (0x01e40f33) add     t5, s0, t5
core   0: 3 0x80005dbc (0x01e40f33) x30 0xd68d91cf
core   0: 0x80005dc0 (0x02da5633) divu    a2, s4, a3
core   0: 3 0x80005dc0 (0x02da5633) x12 0x00000000
core   0: 0x80005dc4 (0xed4dc313) xori    t1, s11, -300
core   0: 3 0x80005dc4 (0xed4dc313) x 6 0x7ffd6230
core   0: 0x80005dc8 (0xfed00913) li      s2, -19
core   0: 3 0x80005dc8 (0xfed00913) x18 0xffffffed
core   0: 0x80005dcc (0x010c2ab3) slt     s5, s8, a6
core   0: 3 0x80005dcc (0x010c2ab3) x21 0x00000001
core   0: 0x80005dd0 (0x4bd9cc17) auipc   s8, 0x4bd9c
core   0: 3 0x80005dd0 (0x4bd9cc17) x24 0xcbda1dd0
core   0: 0x80005dd4 (0xf4c941b7) lui     gp, 0xf4c94
core   0: 3 0x80005dd4 (0xf4c941b7) x 3 0xf4c94000
core   0: 0x80005dd8 (0x00c57ab3) and     s5, a0, a2
core   0: 3 0x80005dd8 (0x00c57ab3) x21 0x00000000
core   0: 0x80005ddc (0xfff68693) addi    a3, a3, -1
core   0: 3 0x80005ddc (0xfff68693) x13 0xfffffff5
core   0: 0x80005de0 (0xb1c31f97) auipc   t6, 0xb1c31
core   0: 3 0x80005de0 (0xb1c31f97) x31 0x31c36de0
core   0: 0x80005de4 (0x00bdf833) and     a6, s11, a1
core   0: 3 0x80005de4 (0x00bdf833) x16 0x00000000
core   0: 0x80005de8 (0xd6cdf493) andi    s1, s11, -660
core   0: 3 0x80005de8 (0xd6cdf493) x 9 0x80029c64
core   0: 0x80005dec (0xb394b813) sltiu   a6, s1, -1223
core   0: 3 0x80005dec (0xb394b813) x16 0x00000001
core   0: 0x80005df0 (0x03904d33) div     s10, zero, s9
core   0: 3 0x80005df0 (0x03904d33) x26 0x00000000
core   0: 0x80005df4 (0x0321e433) rem     s0, gp, s2
core   0: 3 0x80005df4 (0x0321e433) x 8 0xfffffffc
core   0: 0x80005df8 (0x007a5293) srli    t0, s4, 7
core   0: 3 0x80005df8 (0x007a5293) x 5 0x00000000
core   0: 0x80005dfc (0x02dfd3b3) divu    t2, t6, a3
core   0: 3 0x80005dfc (0x02dfd3b3) x 7 0x00000000
core   0: 0x80005e00 (0x00425793) srli    a5, tp, 4
core   0: 3 0x80005e00 (0x00425793) x15 0x00000000
core   0: 0x80005e04 (0xfd2698e3) bne     a3, s2, pc - 48
core   0: 3 0x80005e04 (0xfd2698e3)
core   0: 0x80005dd4 (0xf4c941b7) lui     gp, 0xf4c94
core   0: 3 0x80005dd4 (0xf4c941b7) x 3 0xf4c94000
core   0: 0x80005dd8 (0x00c57ab3) and     s5, a0, a2
core   0: 3 0x80005dd8 (0x00c57ab3) x21 0x00000000
core   0: 0x80005ddc (0xfff68693) addi    a3, a3, -1
core   0: 3 0x80005ddc (0xfff68693) x13 0xfffffff4
core   0: 0x80005de0 (0xb1c31f97) auipc   t6, 0xb1c31
core   0: 3 0x80005de0 (0xb1c31f97) x31 0x31c36de0
core   0: 0x80005de4 (0x00bdf833) and     a6, s11, a1
core   0: 3 0x80005de4 (0x00bdf833) x16 0x00000000
core   0: 0x80005de8 (0xd6cdf493) andi    s1, s11, -660
core   0: 3 0x80005de8 (0xd6cdf493) x 9 0x80029c64
core   0: 0x80005dec (0xb394b813) sltiu   a6, s1, -1223
core   0: 3 0x80005dec (0xb394b813) x16 0x00000001
core   0: 0x80005df0 (0x03904d33) div     s10, zero, s9
core   0: 3 0x80005df0 (0x03904d33) x26 0x00000000
core   0: 0x80005df4 (0x0321e433) rem     s0, gp, s2
core   0: 3 0x80005df4 (0x0321e433) x 8 0xfffffffc
core   0: 0x80005df8 (0x007a5293) srli    t0, s4, 7
core   0: 3 0x80005df8 (0x007a5293) x 5 0x00000000
core   0: 0x80005dfc (0x02dfd3b3) divu    t2, t6, a3
core   0: 3 0x80005dfc (0x02dfd3b3) x 7 0x00000000
core   0: 0x80005e00 (0x00425793) srli    a5, tp, 4
core   0: 3 0x80005e00 (0x00425793) x15 0x00000000
core   0: 0x80005e04 (0xfd2698e3) bne     a3, s2, pc - 48
core   0: 3 0x80005e04 (0xfd2698e3)
core   0: 0x80005dd4 (0xf4c941b7) lui     gp, 0xf4c94
core   0: 3 0x80005dd4 (0xf4c941b7) x 3 0xf4c94000
core   0: 0x80005dd8 (0x00c57ab3) and     s5, a0, a2
core   0: 3 0x80005dd8 (0x00c57ab3) x21 0x00000000
core   0: 0x80005ddc (0xfff68693) addi    a3, a3, -1
core   0: 3 0x80005ddc (0xfff68693) x13 0xfffffff3
core   0: 0x80005de0 (0xb1c31f97) auipc   t6, 0xb1c31
core   0: 3 0x80005de0 (0xb1c31f97) x31 0x31c36de0
core   0: 0x80005de4 (0x00bdf833) and     a6, s11, a1
core   0: 3 0x80005de4 (0x00bdf833) x16 0x00000000
core   0: 0x80005de8 (0xd6cdf493) andi    s1, s11, -660
core   0: 3 0x80005de8 (0xd6cdf493) x 9 0x80029c64
core   0: 0x80005dec (0xb394b813) sltiu   a6, s1, -1223
core   0: 3 0x80005dec (0xb394b813) x16 0x00000001
core   0: 0x80005df0 (0x03904d33) div     s10, zero, s9
core   0: 3 0x80005df0 (0x03904d33) x26 0x00000000
core   0: 0x80005df4 (0x0321e433) rem     s0, gp, s2
core   0: 3 0x80005df4 (0x0321e433) x 8 0xfffffffc
core   0: 0x80005df8 (0x007a5293) srli    t0, s4, 7
core   0: 3 0x80005df8 (0x007a5293) x 5 0x00000000
core   0: 0x80005dfc (0x02dfd3b3) divu    t2, t6, a3
core   0: 3 0x80005dfc (0x02dfd3b3) x 7 0x00000000
core   0: 0x80005e00 (0x00425793) srli    a5, tp, 4
core   0: 3 0x80005e00 (0x00425793) x15 0x00000000
core   0: 0x80005e04 (0xfd2698e3) bne     a3, s2, pc - 48
core   0: 3 0x80005e04 (0xfd2698e3)
core   0: 0x80005dd4 (0xf4c941b7) lui     gp, 0xf4c94
core   0: 3 0x80005dd4 (0xf4c941b7) x 3 0xf4c94000
core   0: 0x80005dd8 (0x00c57ab3) and     s5, a0, a2
core   0: 3 0x80005dd8 (0x00c57ab3) x21 0x00000000
core   0: 0x80005ddc (0xfff68693) addi    a3, a3, -1
core   0: 3 0x80005ddc (0xfff68693) x13 0xfffffff2
core   0: 0x80005de0 (0xb1c31f97) auipc   t6, 0xb1c31
core   0: 3 0x80005de0 (0xb1c31f97) x31 0x31c36de0
core   0: 0x80005de4 (0x00bdf833) and     a6, s11, a1
core   0: 3 0x80005de4 (0x00bdf833) x16 0x00000000
core   0: 0x80005de8 (0xd6cdf493) andi    s1, s11, -660
core   0: 3 0x80005de8 (0xd6cdf493) x 9 0x80029c64
core   0: 0x80005dec (0xb394b813) sltiu   a6, s1, -1223
core   0: 3 0x80005dec (0xb394b813) x16 0x00000001
core   0: 0x80005df0 (0x03904d33) div     s10, zero, s9
core   0: 3 0x80005df0 (0x03904d33) x26 0x00000000
core   0: 0x80005df4 (0x0321e433) rem     s0, gp, s2
core   0: 3 0x80005df4 (0x0321e433) x 8 0xfffffffc
core   0: 0x80005df8 (0x007a5293) srli    t0, s4, 7
core   0: 3 0x80005df8 (0x007a5293) x 5 0x00000000
core   0: 0x80005dfc (0x02dfd3b3) divu    t2, t6, a3
core   0: 3 0x80005dfc (0x02dfd3b3) x 7 0x00000000
core   0: 0x80005e00 (0x00425793) srli    a5, tp, 4
core   0: 3 0x80005e00 (0x00425793) x15 0x00000000
core   0: 0x80005e04 (0xfd2698e3) bne     a3, s2, pc - 48
core   0: 3 0x80005e04 (0xfd2698e3)
core   0: 0x80005dd4 (0xf4c941b7) lui     gp, 0xf4c94
core   0: 3 0x80005dd4 (0xf4c941b7) x 3 0xf4c94000
core   0: 0x80005dd8 (0x00c57ab3) and     s5, a0, a2
core   0: 3 0x80005dd8 (0x00c57ab3) x21 0x00000000
core   0: 0x80005ddc (0xfff68693) addi    a3, a3, -1
core   0: 3 0x80005ddc (0xfff68693) x13 0xfffffff1
core   0: 0x80005de0 (0xb1c31f97) auipc   t6, 0xb1c31
core   0: 3 0x80005de0 (0xb1c31f97) x31 0x31c36de0
core   0: 0x80005de4 (0x00bdf833) and     a6, s11, a1
core   0: 3 0x80005de4 (0x00bdf833) x16 0x00000000
core   0: 0x80005de8 (0xd6cdf493) andi    s1, s11, -660
core   0: 3 0x80005de8 (0xd6cdf493) x 9 0x80029c64
core   0: 0x80005dec (0xb394b813) sltiu   a6, s1, -1223
core   0: 3 0x80005dec (0xb394b813) x16 0x00000001
core   0: 0x80005df0 (0x03904d33) div     s10, zero, s9
core   0: 3 0x80005df0 (0x03904d33) x26 0x00000000
core   0: 0x80005df4 (0x0321e433) rem     s0, gp, s2
core   0: 3 0x80005df4 (0x0321e433) x 8 0xfffffffc
core   0: 0x80005df8 (0x007a5293) srli    t0, s4, 7
core   0: 3 0x80005df8 (0x007a5293) x 5 0x00000000
core   0: 0x80005dfc (0x02dfd3b3) divu    t2, t6, a3
core   0: 3 0x80005dfc (0x02dfd3b3) x 7 0x00000000
core   0: 0x80005e00 (0x00425793) srli    a5, tp, 4
core   0: 3 0x80005e00 (0x00425793) x15 0x00000000
core   0: 0x80005e04 (0xfd2698e3) bne     a3, s2, pc - 48
core   0: 3 0x80005e04 (0xfd2698e3)
core   0: 0x80005dd4 (0xf4c941b7) lui     gp, 0xf4c94
core   0: 3 0x80005dd4 (0xf4c941b7) x 3 0xf4c94000
core   0: 0x80005dd8 (0x00c57ab3) and     s5, a0, a2
core   0: 3 0x80005dd8 (0x00c57ab3) x21 0x00000000
core   0: 0x80005ddc (0xfff68693) addi    a3, a3, -1
core   0: 3 0x80005ddc (0xfff68693) x13 0xfffffff0
core   0: 0x80005de0 (0xb1c31f97) auipc   t6, 0xb1c31
core   0: 3 0x80005de0 (0xb1c31f97) x31 0x31c36de0
core   0: 0x80005de4 (0x00bdf833) and     a6, s11, a1
core   0: 3 0x80005de4 (0x00bdf833) x16 0x00000000
core   0: 0x80005de8 (0xd6cdf493) andi    s1, s11, -660
core   0: 3 0x80005de8 (0xd6cdf493) x 9 0x80029c64
core   0: 0x80005dec (0xb394b813) sltiu   a6, s1, -1223
core   0: 3 0x80005dec (0xb394b813) x16 0x00000001
core   0: 0x80005df0 (0x03904d33) div     s10, zero, s9
core   0: 3 0x80005df0 (0x03904d33) x26 0x00000000
core   0: 0x80005df4 (0x0321e433) rem     s0, gp, s2
core   0: 3 0x80005df4 (0x0321e433) x 8 0xfffffffc
core   0: 0x80005df8 (0x007a5293) srli    t0, s4, 7
core   0: 3 0x80005df8 (0x007a5293) x 5 0x00000000
core   0: 0x80005dfc (0x02dfd3b3) divu    t2, t6, a3
core   0: 3 0x80005dfc (0x02dfd3b3) x 7 0x00000000
core   0: 0x80005e00 (0x00425793) srli    a5, tp, 4
core   0: 3 0x80005e00 (0x00425793) x15 0x00000000
core   0: 0x80005e04 (0xfd2698e3) bne     a3, s2, pc - 48
core   0: 3 0x80005e04 (0xfd2698e3)
core   0: 0x80005dd4 (0xf4c941b7) lui     gp, 0xf4c94
core   0: 3 0x80005dd4 (0xf4c941b7) x 3 0xf4c94000
core   0: 0x80005dd8 (0x00c57ab3) and     s5, a0, a2
core   0: 3 0x80005dd8 (0x00c57ab3) x21 0x00000000
core   0: 0x80005ddc (0xfff68693) addi    a3, a3, -1
core   0: 3 0x80005ddc (0xfff68693) x13 0xffffffef
core   0: 0x80005de0 (0xb1c31f97) auipc   t6, 0xb1c31
core   0: 3 0x80005de0 (0xb1c31f97) x31 0x31c36de0
core   0: 0x80005de4 (0x00bdf833) and     a6, s11, a1
core   0: 3 0x80005de4 (0x00bdf833) x16 0x00000000
core   0: 0x80005de8 (0xd6cdf493) andi    s1, s11, -660
core   0: 3 0x80005de8 (0xd6cdf493) x 9 0x80029c64
core   0: 0x80005dec (0xb394b813) sltiu   a6, s1, -1223
core   0: 3 0x80005dec (0xb394b813) x16 0x00000001
core   0: 0x80005df0 (0x03904d33) div     s10, zero, s9
core   0: 3 0x80005df0 (0x03904d33) x26 0x00000000
core   0: 0x80005df4 (0x0321e433) rem     s0, gp, s2
core   0: 3 0x80005df4 (0x0321e433) x 8 0xfffffffc
core   0: 0x80005df8 (0x007a5293) srli    t0, s4, 7
core   0: 3 0x80005df8 (0x007a5293) x 5 0x00000000
core   0: 0x80005dfc (0x02dfd3b3) divu    t2, t6, a3
core   0: 3 0x80005dfc (0x02dfd3b3) x 7 0x00000000
core   0: 0x80005e00 (0x00425793) srli    a5, tp, 4
core   0: 3 0x80005e00 (0x00425793) x15 0x00000000
core   0: 0x80005e04 (0xfd2698e3) bne     a3, s2, pc - 48
core   0: 3 0x80005e04 (0xfd2698e3)
core   0: 0x80005dd4 (0xf4c941b7) lui     gp, 0xf4c94
core   0: 3 0x80005dd4 (0xf4c941b7) x 3 0xf4c94000
core   0: 0x80005dd8 (0x00c57ab3) and     s5, a0, a2
core   0: 3 0x80005dd8 (0x00c57ab3) x21 0x00000000
core   0: 0x80005ddc (0xfff68693) addi    a3, a3, -1
core   0: 3 0x80005ddc (0xfff68693) x13 0xffffffee
core   0: 0x80005de0 (0xb1c31f97) auipc   t6, 0xb1c31
core   0: 3 0x80005de0 (0xb1c31f97) x31 0x31c36de0
core   0: 0x80005de4 (0x00bdf833) and     a6, s11, a1
core   0: 3 0x80005de4 (0x00bdf833) x16 0x00000000
core   0: 0x80005de8 (0xd6cdf493) andi    s1, s11, -660
core   0: 3 0x80005de8 (0xd6cdf493) x 9 0x80029c64
core   0: 0x80005dec (0xb394b813) sltiu   a6, s1, -1223
core   0: 3 0x80005dec (0xb394b813) x16 0x00000001
core   0: 0x80005df0 (0x03904d33) div     s10, zero, s9
core   0: 3 0x80005df0 (0x03904d33) x26 0x00000000
core   0: 0x80005df4 (0x0321e433) rem     s0, gp, s2
core   0: 3 0x80005df4 (0x0321e433) x 8 0xfffffffc
core   0: 0x80005df8 (0x007a5293) srli    t0, s4, 7
core   0: 3 0x80005df8 (0x007a5293) x 5 0x00000000
core   0: 0x80005dfc (0x02dfd3b3) divu    t2, t6, a3
core   0: 3 0x80005dfc (0x02dfd3b3) x 7 0x00000000
core   0: 0x80005e00 (0x00425793) srli    a5, tp, 4
core   0: 3 0x80005e00 (0x00425793) x15 0x00000000
core   0: 0x80005e04 (0xfd2698e3) bne     a3, s2, pc - 48
core   0: 3 0x80005e04 (0xfd2698e3)
core   0: 0x80005dd4 (0xf4c941b7) lui     gp, 0xf4c94
core   0: 3 0x80005dd4 (0xf4c941b7) x 3 0xf4c94000
core   0: 0x80005dd8 (0x00c57ab3) and     s5, a0, a2
core   0: 3 0x80005dd8 (0x00c57ab3) x21 0x00000000
core   0: 0x80005ddc (0xfff68693) addi    a3, a3, -1
core   0: 3 0x80005ddc (0xfff68693) x13 0xffffffed
core   0: 0x80005de0 (0xb1c31f97) auipc   t6, 0xb1c31
core   0: 3 0x80005de0 (0xb1c31f97) x31 0x31c36de0
core   0: 0x80005de4 (0x00bdf833) and     a6, s11, a1
core   0: 3 0x80005de4 (0x00bdf833) x16 0x00000000
core   0: 0x80005de8 (0xd6cdf493) andi    s1, s11, -660
core   0: 3 0x80005de8 (0xd6cdf493) x 9 0x80029c64
core   0: 0x80005dec (0xb394b813) sltiu   a6, s1, -1223
core   0: 3 0x80005dec (0xb394b813) x16 0x00000001
core   0: 0x80005df0 (0x03904d33) div     s10, zero, s9
core   0: 3 0x80005df0 (0x03904d33) x26 0x00000000
core   0: 0x80005df4 (0x0321e433) rem     s0, gp, s2
core   0: 3 0x80005df4 (0x0321e433) x 8 0xfffffffc
core   0: 0x80005df8 (0x007a5293) srli    t0, s4, 7
core   0: 3 0x80005df8 (0x007a5293) x 5 0x00000000
core   0: 0x80005dfc (0x02dfd3b3) divu    t2, t6, a3
core   0: 3 0x80005dfc (0x02dfd3b3) x 7 0x00000000
core   0: 0x80005e00 (0x00425793) srli    a5, tp, 4
core   0: 3 0x80005e00 (0x00425793) x15 0x00000000
core   0: 0x80005e04 (0xfd2698e3) bne     a3, s2, pc - 48
core   0: 3 0x80005e04 (0xfd2698e3)
core   0: 0x80005e08 (0x00374633) xor     a2, a4, gp
core   0: 3 0x80005e08 (0x00374633) x12 0x1fdd9ae6
core   0: 0x80005e0c (0x411d0533) sub     a0, s10, a7
core   0: 3 0x80005e0c (0x411d0533) x10 0xfe54f36c
core   0: 0x80005e10 (0x034e7fb3) remu    t6, t3, s4
core   0: 3 0x80005e10 (0x034e7fb3) x31 0x00000000
core   0: 0x80005e14 (0x00c7f633) and     a2, a5, a2
core   0: 3 0x80005e14 (0x00c7f633) x12 0x00000000
core   0: 0x80005e18 (0x002f15b3) sll     a1, t5, sp
core   0: 3 0x80005e18 (0x002f15b3) x11 0xd68d91cf
core   0: 0x80005e1c (0x00b1b633) sltu    a2, gp, a1
core   0: 3 0x80005e1c (0x00b1b633) x12 0x00000000
core   0: 0x80005e20 (0x04188863) beq     a7, ra, pc + 80
core   0: 3 0x80005e20 (0x04188863)
core   0: 0x80005e24 (0x03d35fb3) divu    t6, t1, t4
core   0: 3 0x80005e24 (0x03d35fb3) x31 0x00007ffb
core   0: 0x80005e28 (0x00ead033) srl     zero, s5, a4
core   0: 3 0x80005e28 (0x00ead033)
core   0: 0x80005e2c (0x019038b3) snez    a7, s9
core   0: 3 0x80005e2c (0x019038b3) x17 0x00000001
core   0: 0x80005e30 (0xdd1a66b7) lui     a3, 0xdd1a6
core   0: 3 0x80005e30 (0xdd1a66b7) x13 0xdd1a6000
core   0: 0x80005e34 (0x01e27533) and     a0, tp, t5
core   0: 3 0x80005e34 (0x01e27533) x10 0x00000008
core   0: 0x80005e38 (0x03a6e463) bltu    a3, s10, pc + 40
core   0: 3 0x80005e38 (0x03a6e463)
core   0: 0x80005e3c (0x024c99b3) mulh    s3, s9, tp
core   0: 3 0x80005e3c (0x024c99b3) x19 0x00000003
core   0: 0x80005e40 (0x02917663) bgeu    sp, s1, pc + 44
core   0: 3 0x80005e40 (0x02917663)
core   0: 0x80005e44 (0x020e81b3) mul     gp, t4, zero
core   0: 3 0x80005e44 (0x020e81b3) x 3 0x00000000
core   0: 0x80005e48 (0x1dc14993) xori    s3, sp, 476
core   0: 3 0x80005e48 (0x1dc14993) x19 0x6f8f51dc
core   0: 0x80005e4c (0x007b1f33) sll     t5, s6, t2
core   0: 3 0x80005e4c (0x007b1f33) x30 0x80025dec
core   0: 0x80005e50 (0xc3042793) slti    a5, s0, -976
core   0: 3 0x80005e50 (0xc3042793) x15 0x00000000
core   0: 0x80005e54 (0x039343b3) div     t2, t1, s9
core   0: 3 0x80005e54 (0x039343b3) x 7 0x00000001
core   0: 0x80005e58 (0xcf3d3f93) sltiu   t6, s10, -781
core   0: 3 0x80005e58 (0xcf3d3f93) x31 0x00000001
core   0: 0x80005e5c (0x0254a0b3) mulhsu  ra, s1, t0
core   0: 3 0x80005e5c (0x0254a0b3) x 1 0x00000000
core   0: 0x80005e60 (0x01b55f33) srl     t5, a0, s11
core   0: 3 0x80005e60 (0x01b55f33) x30 0x00000000
core   0: 0x80005e64 (0x014c5c13) srli    s8, s8, 20
core   0: 3 0x80005e64 (0x014c5c13) x24 0x00000cbd
core   0: 0x80005e68 (0x00c6db93) srli    s7, a3, 12
core   0: 3 0x80005e68 (0x00c6db93) x23 0x000dd1a6
core   0: 0x80005e6c (0x00c4b4b3) sltu    s1, s1, a2
core   0: 3 0x80005e6c (0x00c4b4b3) x 9 0x00000000
core   0: 0x80005e70 (0xbcb7ae13) slti    t3, a5, -1077
core   0: 3 0x80005e70 (0xbcb7ae13) x28 0x00000000
core   0: 0x80005e74 (0x01bfbd33) sltu    s10, t6, s11
core   0: 3 0x80005e74 (0x01bfbd33) x26 0x00000001
core   0: 0x80005e78 (0x0148e2b3) or      t0, a7, s4
core   0: 3 0x80005e78 (0x0148e2b3) x 5 0x00000001
core   0: 0x80005e7c (0x005aa6b3) slt     a3, s5, t0
core   0: 3 0x80005e7c (0x005aa6b3) x13 0x00000001
core   0: 0x80005e80 (0x0052e3b3) or      t2, t0, t0
core   0: 3 0x80005e80 (0x0052e3b3) x 7 0x00000001
core   0: 0x80005e84 (0x0255dab3) divu    s5, a1, t0
core   0: 3 0x80005e84 (0x0255dab3) x21 0xd68d91cf
core   0: 0x80005e88 (0x0371d463) bge     gp, s7, pc + 40
core   0: 3 0x80005e88 (0x0371d463)
core   0: 0x80005e8c (0x037e09b3) mul     s3, t3, s7
core   0: 3 0x80005e8c (0x037e09b3) x19 0x00000000
core   0: 0x80005e90 (0x034f79b3) remu    s3, t5, s4
core   0: 3 0x80005e90 (0x034f79b3) x19 0x00000000
core   0: 0x80005e94 (0x02edfeb3) remu    t4, s11, a4
core   0: 3 0x80005e94 (0x02edfeb3) x29 0x80029ce4
core   0: 0x80005e98 (0x001e3d33) sltu    s10, t3, ra
core   0: 3 0x80005e98 (0x001e3d33) x26 0x00000000
core   0: 0x80005e9c (0x031aca33) div     s4, s5, a7
core   0: 3 0x80005e9c (0x031aca33) x20 0xd68d91cf
core   0: 0x80005ea0 (0x37a33993) sltiu   s3, t1, 890
core   0: 3 0x80005ea0 (0x37a33993) x19 0x00000000
core   0: 0x80005ea4 (0x0200c033) div     zero, ra, zero
core   0: 3 0x80005ea4 (0x0200c033)
core   0: 0x80005ea8 (0x402ed633) sra     a2, t4, sp
core   0: 3 0x80005ea8 (0x402ed633) x12 0x80029ce4
core   0: 0x80005eac (0x008d38b3) sltu    a7, s10, s0
core   0: 3 0x80005eac (0x008d38b3) x17 0x00000001
core   0: 0x80005eb0 (0x01d2bbb3) sltu    s7, t0, t4
core   0: 3 0x80005eb0 (0x01d2bbb3) x23 0x00000001
core   0: 0x80005eb4 (0x016b6cb3) or      s9, s6, s6
core   0: 3 0x80005eb4 (0x016b6cb3) x25 0x80025dec
core   0: 0x80005eb8 (0x02786ab3) rem     s5, a6, t2
core   0: 3 0x80005eb8 (0x02786ab3) x21 0x00000000
core   0: 0x80005ebc (0x84bdce13) xori    t3, s11, -1973
core   0: 3 0x80005ebc (0x84bdce13) x28 0x7ffd64af
core   0: 0x80005ec0 (0x2c042fb7) lui     t6, 0x2c042
core   0: 3 0x80005ec0 (0x2c042fb7) x31 0x2c042000
core   0: 0x80005ec4 (0x40eed9b3) sra     s3, t4, a4
core   0: 3 0x80005ec4 (0x40eed9b3) x19 0xfe000a73
core   0: 0x80005ec8 (0x362abe93) sltiu   t4, s5, 866
core   0: 3 0x80005ec8 (0x362abe93) x29 0x00000001
core   0: 0x80005ecc (0x03979c63) bne     a5, s9, pc + 56
core   0: 3 0x80005ecc (0x03979c63)
core   0: 0x80005f04 (0xc89d4617) auipc   a2, 0xc89d4
core   0: 3 0x80005f04 (0xc89d4617) x12 0x489d9f04
core   0: 0x80005f08 (0xc91a4f93) xori    t6, s4, -879
core   0: 3 0x80005f08 (0xc91a4f93) x31 0x29726d5e
core   0: 0x80005f0c (0x03fe9e63) bne     t4, t6, pc + 60
core   0: 3 0x80005f0c (0x03fe9e63)
core   0: 0x80005f48 (0x017b3c33) sltu    s8, s6, s7
core   0: 3 0x80005f48 (0x017b3c33) x24 0x00000000
core   0: 0x80005f4c (0x6e75aa93) slti    s5, a1, 1767
core   0: 3 0x80005f4c (0x6e75aa93) x21 0x00000001
core   0: 0x80005f50 (0x00434433) xor     s0, t1, tp
core   0: 3 0x80005f50 (0x00434433) x 8 0x7ffd6238
core   0: 0x80005f54 (0x00557e63) bgeu    a0, t0, pc + 28
core   0: 3 0x80005f54 (0x00557e63)
core   0: 0x80005f70 (0x0158dfb3) srl     t6, a7, s5
core   0: 3 0x80005f70 (0x0158dfb3) x31 0x00000000
core   0: 0x80005f74 (0xa1f3cb93) xori    s7, t2, -1505
core   0: 3 0x80005f74 (0xa1f3cb93) x23 0xfffffa1e
core   0: 0x80005f78 (0x006ac2b3) xor     t0, s5, t1
core   0: 3 0x80005f78 (0x006ac2b3) x 5 0x7ffd6231
core   0: 0x80005f7c (0x005d1a13) slli    s4, s10, 5
core   0: 3 0x80005f7c (0x005d1a13) x20 0x00000000
core   0: 0x80005f80 (0x004b9c33) sll     s8, s7, tp
core   0: 3 0x80005f80 (0x004b9c33) x24 0xfffa1e00
core   0: 0x80005f84 (0xb14fcf13) xori    t5, t6, -1260
core   0: 3 0x80005f84 (0xb14fcf13) x30 0xfffffb14
core   0: 0x80005f88 (0x0344eeb3) rem     t4, s1, s4
core   0: 3 0x80005f88 (0x0344eeb3) x29 0x00000000
core   0: 0x80005f8c (0x006e39b3) sltu    s3, t3, t1
core   0: 3 0x80005f8c (0x006e39b3) x19 0x00000000
core   0: 0x80005f90 (0x00000013) nop
core   0: 3 0x80005f90 (0x00000013)
core   0: 0x80005f94 (0x00865093) srli    ra, a2, 8
core   0: 3 0x80005f94 (0x00865093) x 1 0x00489d9f
core   0: 0x80005f98 (0xa1c989b7) lui     s3, 0xa1c98
core   0: 3 0x80005f98 (0xa1c989b7) x19 0xa1c98000
core   0: 0x80005f9c (0x01c78633) add     a2, a5, t3
core   0: 3 0x80005f9c (0x01c78633) x12 0x7ffd64af
core   0: 0x80005fa0 (0x036e19b3) mulh    s3, t3, s6
core   0: 3 0x80005fa0 (0x036e19b3) x19 0xc0027c98
core   0: 0x80005fa4 (0xf74e2a93) slti    s5, t3, -140
core   0: 3 0x80005fa4 (0xf74e2a93) x21 0x00000000
core   0: 0x80005fa8 (0x0233ee93) ori     t4, t2, 35
core   0: 3 0x80005fa8 (0x0233ee93) x29 0x00000023
core   0: 0x80005fac (0x00000013) nop
core   0: 3 0x80005fac (0x00000013)
core   0: 0x80005fb0 (0x01161e63) bne     a2, a7, pc + 28
core   0: 3 0x80005fb0 (0x01161e63)
core   0: 0x80005fcc (0x03aa26b3) mulhsu  a3, s4, s10
core   0: 3 0x80005fcc (0x03aa26b3) x13 0x00000000
core   0: 0x80005fd0 (0x03ff7a33) remu    s4, t5, t6
core   0: 3 0x80005fd0 (0x03ff7a33) x20 0xfffffb14
core   0: 0x80005fd4 (0x00000013) nop
core   0: 3 0x80005fd4 (0x00000013)
core   0: 0x80005fd8 (0x8dcbd197) auipc   gp, 0x8dcbd
core   0: 3 0x80005fd8 (0x8dcbd197) x 3 0x0dcc2fd8
core   0: 0x80005fdc (0x03249e63) bne     s1, s2, pc + 60
core   0: 3 0x80005fdc (0x03249e63)
core   0: 0x80006018 (0x40f58fb3) sub     t6, a1, a5
core   0: 3 0x80006018 (0x40f58fb3) x31 0xd68d91cf
core   0: 0x8000601c (0x03fd5533) divu    a0, s10, t6
core   0: 3 0x8000601c (0x03fd5533) x10 0x00000000
core   0: 0x80006020 (0x5903ae93) slti    t4, t2, 1424
core   0: 3 0x80006020 (0x5903ae93) x29 0x00000001
core   0: 0x80006024 (0x02785eb3) divu    t4, a6, t2
core   0: 3 0x80006024 (0x02785eb3) x29 0x00000001
core   0: 0x80006028 (0x01abc633) xor     a2, s7, s10
core   0: 3 0x80006028 (0x01abc633) x12 0xfffffa1e
core   0: 0x8000602c (0x01acfc33) and     s8, s9, s10
core   0: 3 0x8000602c (0x01acfc33) x24 0x00000000
core   0: 0x80006030 (0x034aeab3) rem     s5, s5, s4
core   0: 3 0x80006030 (0x034aeab3) x21 0x00000000
core   0: 0x80006034 (0x015698b3) sll     a7, a3, s5
core   0: 3 0x80006034 (0x015698b3) x17 0x00000000
core   0: 0x80006038 (0x0334deb3) divu    t4, s1, s3
core   0: 3 0x80006038 (0x0334deb3) x29 0x00000000
core   0: 0x8000603c (0x026f7133) remu    sp, t5, t1
core   0: 3 0x8000603c (0x026f7133) x 2 0x000536b4
core   0: 0x80006040 (0x025e8263) beq     t4, t0, pc + 36
core   0: 3 0x80006040 (0x025e8263)
core   0: 0x80006044 (0x01213c33) sltu    s8, sp, s2
core   0: 3 0x80006044 (0x01213c33) x24 0x00000001
core   0: 0x80006048 (0x0298b533) mulhu   a0, a7, s1
core   0: 3 0x80006048 (0x0298b533) x10 0x00000000
core   0: 0x8000604c (0x0151f463) bgeu    gp, s5, pc + 8
core   0: 3 0x8000604c (0x0151f463)
core   0: 0x80006054 (0x00eef2b3) and     t0, t4, a4
core   0: 3 0x80006054 (0x00eef2b3) x 5 0x00000000
core   0: 0x80006058 (0x014abc33) sltu    s8, s5, s4
core   0: 3 0x80006058 (0x014abc33) x24 0x00000001
core   0: 0x8000605c (0x007757b3) srl     a5, a4, t2
core   0: 3 0x8000605c (0x007757b3) x15 0x758a6d73
core   0: 0x80006060 (0x0261bcb3) mulhu   s9, gp, t1
core   0: 3 0x80006060 (0x0261bcb3) x25 0x06e5f3d2
core   0: 0x80006064 (0x055ad863) bge     s5, s5, pc + 80
core   0: 3 0x80006064 (0x055ad863)
core   0: 0x800060b4 (0x032938b3) mulhu   a7, s2, s2
core   0: 3 0x800060b4 (0x032938b3) x17 0xffffffda
core   0: 0x800060b8 (0x0452d863) bge     t0, t0, pc + 80
core   0: 3 0x800060b8 (0x0452d863)
core   0: 0x80006108 (0x2c0bc097) auipc   ra, 0x2c0bc
core   0: 3 0x80006108 (0x2c0bc097) x 1 0xac0c2108
core   0: 0x8000610c (0x005e5a93) srli    s5, t3, 5
core   0: 3 0x8000610c (0x005e5a93) x21 0x03ffeb25
core   0: 0x80006110 (0x02c7cf33) div     t5, a5, a2
core   0: 3 0x80006110 (0x02c7cf33) x30 0xffec0507
core   0: 0x80006114 (0x01ec3233) sltu    tp, s8, t5
core   0: 3 0x80006114 (0x01ec3233) x 4 0x00000001
core   0: 0x80006118 (0x01d19033) sll     zero, gp, t4
core   0: 3 0x80006118 (0x01d19033)
core   0: 0x8000611c (0x034bbd33) mulhu   s10, s7, s4
core   0: 3 0x8000611c (0x034bbd33) x26 0xfffff532
core   0: 0x80006120 (0x00329693) slli    a3, t0, 3
core   0: 3 0x80006120 (0x00329693) x13 0x00000000
core   0: 0x80006124 (0x40da0c33) sub     s8, s4, a3
core   0: 3 0x80006124 (0x40da0c33) x24 0xfffffb14
core   0: 0x80006128 (0x704dea13) ori     s4, s11, 1796
core   0: 3 0x80006128 (0x704dea13) x20 0x80029fe4
core   0: 0x8000612c (0x00122033) slt     zero, tp, ra
core   0: 3 0x8000612c (0x00122033)
core   0: 0x80006130 (0x01654a63) blt     a0, s6, pc + 20
core   0: 3 0x80006130 (0x01654a63)
core   0: 0x80006134 (0x004e1313) slli    t1, t3, 4
core   0: 3 0x80006134 (0x004e1313) x 6 0xffd64af0
core   0: 0x80006138 (0xbb33a793) slti    a5, t2, -1101
core   0: 3 0x80006138 (0xbb33a793) x15 0x00000000
core   0: 0x8000613c (0xc1a8ef17) auipc   t5, 0xc1a8e
core   0: 3 0x8000613c (0xc1a8ef17) x30 0x41a9413c
core   0: 0x80006140 (0x01e4aeb3) slt     t4, s1, t5
core   0: 3 0x80006140 (0x01e4aeb3) x29 0x00000001
core   0: 0x80006144 (0x025fbd33) mulhu   s10, t6, t0
core   0: 3 0x80006144 (0x025fbd33) x26 0x00000000
core   0: 0x80006148 (0x036dd433) divu    s0, s11, s6
core   0: 3 0x80006148 (0x036dd433) x 8 0x00000001
core   0: 0x8000614c (0x018cd133) srl     sp, s9, s8
core   0: 3 0x8000614c (0x018cd133) x 2 0x0000006e
core   0: 0x80006150 (0x01576a33) or      s4, a4, s5
core   0: 3 0x80006150 (0x01576a33) x20 0xebfffbe7
core   0: 0x80006154 (0x0194fab3) and     s5, s1, s9
core   0: 3 0x80006154 (0x0194fab3) x21 0x00000000
core   0: 0x80006158 (0x02ac99b3) mulh    s3, s9, a0
core   0: 3 0x80006158 (0x02ac99b3) x19 0x00000000
core   0: 0x8000615c (0x03826eb3) rem     t4, tp, s8
core   0: 3 0x8000615c (0x03826eb3) x29 0x00000001
core   0: 0x80006160 (0x0268ed33) rem     s10, a7, t1
core   0: 3 0x80006160 (0x0268ed33) x26 0xffffffda
core   0: 0x80006164 (0x02bb6fb3) rem     t6, s6, a1
core   0: 3 0x80006164 (0x02bb6fb3) x31 0xfc59a87f
core   0: 0x80006168 (0x003a0933) add     s2, s4, gp
core   0: 3 0x80006168 (0x003a0933) x18 0xf9cc2bbf
core   0: 0x8000616c (0x41ad05b3) sub     a1, s10, s10
core   0: 3 0x8000616c (0x41ad05b3) x11 0x00000000
core   0: 0x80006170 (0x0380c6b3) div     a3, ra, s8
core   0: 3 0x80006170 (0x0380c6b3) x13 0x00110e9a
core   0: 0x80006174 (0x19e0fc93) andi    s9, ra, 414
core   0: 3 0x80006174 (0x19e0fc93) x25 0x00000108
core   0: 0x80006178 (0x01cec6b3) xor     a3, t4, t3
core   0: 3 0x80006178 (0x01cec6b3) x13 0x7ffd64ae
core   0: 0x8000617c (0x8f9f2593) slti    a1, t5, -1799
core   0: 3 0x8000617c (0x8f9f2593) x11 0x00000000
core   0: 0x80006180 (0x02d55463) bge     a0, a3, pc + 40
core   0: 3 0x80006180 (0x02d55463)
core   0: 0x80006184 (0x05e40263) beq     s0, t5, pc + 68
core   0: 3 0x80006184 (0x05e40263)
core   0: 0x80006188 (0x00299413) slli    s0, s3, 2
core   0: 3 0x80006188 (0x00299413) x 8 0x00000000
core   0: 0x8000618c (0xe670a993) slti    s3, ra, -409
core   0: 3 0x8000618c (0xe670a993) x19 0x00000001
core   0: 0x80006190 (0x03943633) mulhu   a2, s0, s9
core   0: 3 0x80006190 (0x03943633) x12 0x00000000
core   0: 0x80006194 (0x00451813) slli    a6, a0, 4
core   0: 3 0x80006194 (0x00451813) x16 0x00000000
core   0: 0x80006198 (0x2b494493) xori    s1, s2, 692
core   0: 3 0x80006198 (0x2b494493) x 9 0xf9cc290b
core   0: 0x8000619c (0x412d55b3) sra     a1, s10, s2
core   0: 3 0x8000619c (0x412d55b3) x11 0xffffffff
core   0: 0x800061a0 (0x01be49b3) xor     s3, t3, s11
core   0: 3 0x800061a0 (0x01be49b3) x19 0xfffff84b
core   0: 0x800061a4 (0x029e5c33) divu    s8, t3, s1
core   0: 3 0x800061a4 (0x029e5c33) x24 0x00000000
core   0: 0x800061a8 (0x02ca8463) beq     s5, a2, pc + 40
core   0: 3 0x800061a8 (0x02ca8463)
core   0: 0x800061d0 (0x01414a63) blt     sp, s4, pc + 20
core   0: 3 0x800061d0 (0x01414a63)
core   0: 0x800061d4 (0x76cdba13) sltiu   s4, s11, 1900
core   0: 3 0x800061d4 (0x76cdba13) x20 0x00000000
core   0: 0x800061d8 (0x00745a33) srl     s4, s0, t2
core   0: 3 0x800061d8 (0x00745a33) x20 0x00000000
core   0: 0x800061dc (0x008cceb3) xor     t4, s9, s0
core   0: 3 0x800061dc (0x008cceb3) x29 0x00000108
core   0: 0x800061e0 (0x02820063) beq     tp, s0, pc + 32
core   0: 3 0x800061e0 (0x02820063)
core   0: 0x800061e4 (0x01563f33) sltu    t5, a2, s5
core   0: 3 0x800061e4 (0x01563f33) x30 0x00000000
core   0: 0x800061e8 (0x02e819b3) mulh    s3, a6, a4
core   0: 3 0x800061e8 (0x02e819b3) x19 0x00000000
core   0: 0x800061ec (0x02d12e33) mulhsu  t3, sp, a3
core   0: 3 0x800061ec (0x02d12e33) x28 0x00000036
core   0: 0x800061f0 (0x00f8f6b3) and     a3, a7, a5
core   0: 3 0x800061f0 (0x00f8f6b3) x13 0x00000000
core   0: 0x800061f4 (0x03c5eeb3) rem     t4, a1, t3
core   0: 3 0x800061f4 (0x03c5eeb3) x29 0xffffffff
core   0: 0x800061f8 (0x031ce063) bltu    s9, a7, pc + 32
core   0: 3 0x800061f8 (0x031ce063)
core   0: 0x80006218 (0x02d1d233) divu    tp, gp, a3
core   0: 3 0x80006218 (0x02d1d233) x 4 0xffffffff
core   0: 0x8000621c (0x02dc6433) rem     s0, s8, a3
core   0: 3 0x8000621c (0x02dc6433) x 8 0x00000000
core   0: 0x80006220 (0x01a35193) srli    gp, t1, 26
core   0: 3 0x80006220 (0x01a35193) x 3 0x0000003f
core   0: 0x80006224 (0x021c4e63) blt     s8, ra, pc + 60
core   0: 3 0x80006224 (0x021c4e63)
core   0: 0x80006228 (0x008102b3) add     t0, sp, s0
core   0: 3 0x80006228 (0x008102b3) x 5 0x0000006e
core   0: 0x8000622c (0x1b3fd117) auipc   sp, 0x1b3fd
core   0: 3 0x8000622c (0x1b3fd117) x 2 0x9b40322c
core   0: 0x80006230 (0x7a1af793) andi    a5, s5, 1953
core   0: 3 0x80006230 (0x7a1af793) x15 0x00000000
core   0: 0x80006234 (0x72d30113) addi    sp, t1, 1837
core   0: 3 0x80006234 (0x72d30113) x 2 0xffd6521d
core   0: 0x80006238 (0x01299263) bne     s3, s2, pc + 4
core   0: 3 0x80006238 (0x01299263)
core   0: 0x8000623c (0xbd5c6013) ori     zero, s8, -1067
core   0: 3 0x8000623c (0xbd5c6013)
core   0: 0x80006240 (0x01ed67b3) or      a5, s10, t5
core   0: 3 0x80006240 (0x01ed67b3) x15 0xffffffda
core   0: 0x80006244 (0x03b96fb3) rem     t6, s2, s11
core   0: 3 0x80006244 (0x03b96fb3) x31 0xf9cc2bbf
core   0: 0x80006248 (0x008fe633) or      a2, t6, s0
core   0: 3 0x80006248 (0x008fe633) x12 0xf9cc2bbf
core   0: 0x8000624c (0xe05d8d13) addi    s10, s11, -507
core   0: 3 0x8000624c (0xe05d8d13) x26 0x80029ae9
core   0: 0x80006250 (0x05306863) bltu    zero, s3, pc + 80
core   0: 3 0x80006250 (0x05306863)
core   0: 0x80006254 (0x65d0bc93) sltiu   s9, ra, 1629
core   0: 3 0x80006254 (0x65d0bc93) x25 0x00000000
core   0: 0x80006258 (0xf3837413) andi    s0, t1, -200
core   0: 3 0x80006258 (0xf3837413) x 8 0xffd64a30
core   0: 0x8000625c (0xf0aab897) auipc   a7, 0xf0aab
core   0: 3 0x8000625c (0xf0aab897) x17 0x70ab125c
core   0: 0x80006260 (0x016cda63) bge     s9, s6, pc + 20
core   0: 3 0x80006260 (0x016cda63)
core   0: 0x80006274 (0x600e01b7) lui     gp, 0x600e0
core   0: 3 0x80006274 (0x600e01b7) x 3 0x600e0000
core   0: 0x80006278 (0x033eb133) mulhu   sp, t4, s3
core   0: 3 0x80006278 (0x033eb133) x 2 0x00000000
core   0: 0x8000627c (0xe4076117) auipc   sp, 0xe4076
core   0: 3 0x8000627c (0xe4076117) x 2 0x6407c27c
core   0: 0x80006280 (0x2f900113) li      sp, 761
core   0: 3 0x80006280 (0x2f900113) x 2 0x000002f9
core   0: 0x80006284 (0x00000013) nop
core   0: 3 0x80006284 (0x00000013)
core   0: 0x80006288 (0x002cd913) srli    s2, s9, 2
core   0: 3 0x80006288 (0x002cd913) x18 0x00000000
core   0: 0x8000628c (0x02a1a233) mulhsu  tp, gp, a0
core   0: 3 0x8000628c (0x02a1a233) x 4 0x00000000
core   0: 0x80006290 (0x012f0bb3) add     s7, t5, s2
core   0: 3 0x80006290 (0x012f0bb3) x23 0x00000000
core   0: 0x80006294 (0x00d98cb3) add     s9, s3, a3
core   0: 3 0x80006294 (0x00d98cb3) x25 0x00000000
core   0: 0x80006298 (0x3dd76513) ori     a0, a4, 989
core   0: 3 0x80006298 (0x3dd76513) x10 0xeb14dbff
core   0: 0x8000629c (0xa500cd37) lui     s10, 0xa500c
core   0: 3 0x8000629c (0xa500cd37) x26 0xa500c000
core   0: 0x800062a0 (0x02575463) bge     a4, t0, pc + 40
core   0: 3 0x800062a0 (0x02575463)
core   0: 0x800062a4 (0x00664033) xor     zero, a2, t1
core   0: 3 0x800062a4 (0x00664033)
core   0: 0x800062a8 (0x01475b93) srli    s7, a4, 20
core   0: 3 0x800062a8 (0x01475b93) x23 0x00000eb1
core   0: 0x800062ac (0x00295a63) bge     s2, sp, pc + 20
core   0: 3 0x800062ac (0x00295a63)
core   0: 0x800062b0 (0x01e2d613) srli    a2, t0, 30
core   0: 3 0x800062b0 (0x01e2d613) x12 0x00000000
core   0: 0x800062b4 (0xc4010493) addi    s1, sp, -960
core   0: 3 0x800062b4 (0xc4010493) x 9 0xffffff39
core   0: 0x800062b8 (0x00c79993) slli    s3, a5, 12
core   0: 3 0x800062b8 (0x00c79993) x19 0xfffda000
core   0: 0x800062bc (0x00b92e33) slt     t3, s2, a1
core   0: 3 0x800062bc (0x00b92e33) x28 0x00000000
core   0: 0x800062c0 (0x40ebdc93) srai    s9, s7, 14
core   0: 3 0x800062c0 (0x40ebdc93) x25 0x00000000
core   0: 0x800062c4 (0x0102b533) sltu    a0, t0, a6
core   0: 3 0x800062c4 (0x0102b533) x10 0x00000000
core   0: 0x800062c8 (0x00000013) nop
core   0: 3 0x800062c8 (0x00000013)
core   0: 0x800062cc (0x005f94b3) sll     s1, t6, t0
core   0: 3 0x800062cc (0x005f94b3) x 9 0x0aefc000
core   0: 0x800062d0 (0xaa323413) sltiu   s0, tp, -1373
core   0: 3 0x800062d0 (0xaa323413) x 8 0x00000001
core   0: 0x800062d4 (0x00000013) nop
core   0: 3 0x800062d4 (0x00000013)
core   0: 0x800062d8 (0x004b2083) lw      ra, 4(s6)
core   0: 3 0x800062d8 (0x004b2083) x 1 0x80009254 mem 0x80025df0
core   0: 0x800062dc (0x5374ff93) andi    t6, s1, 1335
core   0: 3 0x800062dc (0x5374ff93) x31 0x00000000
core   0: 0x800062e0 (0x4b778513) addi    a0, a5, 1207
core   0: 3 0x800062e0 (0x4b778513) x10 0x00000491
core   0: 0x800062e4 (0x040b0b13) addi    s6, s6, 64
core   0: 3 0x800062e4 (0x040b0b13) x22 0x80025e2c
core   0: 0x800062e8 (0x40888233) sub     tp, a7, s0
core   0: 3 0x800062e8 (0x40888233) x 4 0x70ab125b
core   0: 0x800062ec (0x01f25893) srli    a7, tp, 31
core   0: 3 0x800062ec (0x01f25893) x17 0x00000000
core   0: 0x800062f0 (0x00008613) mv      a2, ra
core   0: 3 0x800062f0 (0x00008613) x12 0x80009254
core   0: 0x800062f4 (0x00060667) jalr    a2, a2, 0
core   0: 3 0x800062f4 (0x00060667) x12 0x800062f8
core   0: 0x80009254 (0x03c10bb3) mul     s7, sp, t3
core   0: 3 0x80009254 (0x03c10bb3) x23 0x00000000
core   0: 0x80009258 (0x01398333) add     t1, s3, s3
core   0: 3 0x80009258 (0x01398333) x 6 0xfffb4000
core   0: 0x8000925c (0x00244fb3) xor     t6, s0, sp
core   0: 3 0x8000925c (0x00244fb3) x31 0x000002f8
core   0: 0x80009260 (0x031c4863) blt     s8, a7, pc + 48
core   0: 3 0x80009260 (0x031c4863)
core   0: 0x80009264 (0x01221c63) bne     tp, s2, pc + 24
core   0: 3 0x80009264 (0x01221c63)
core   0: 0x8000927c (0x0091d133) srl     sp, gp, s1
core   0: 3 0x8000927c (0x0091d133) x 2 0x600e0000
core   0: 0x80009280 (0x029ea233) mulhsu  tp, t4, s1
core   0: 3 0x80009280 (0x029ea233) x 4 0xffffffff
core   0: 0x80009284 (0x018c8c63) beq     s9, s8, pc + 24
core   0: 3 0x80009284 (0x018c8c63)
core   0: 0x8000929c (0x030ccc63) blt     s9, a6, pc + 56
core   0: 3 0x8000929c (0x030ccc63)
core   0: 0x800092a0 (0x00028d33) add     s10, t0, zero
core   0: 3 0x800092a0 (0x00028d33) x26 0x0000006e
core   0: 0x800092a4 (0x006bd913) srli    s2, s7, 6
core   0: 3 0x800092a4 (0x006bd913) x18 0x00000000
core   0: 0x800092a8 (0xf21d7c13) andi    s8, s10, -223
core   0: 3 0x800092a8 (0xf21d7c13) x24 0x00000020
core   0: 0x800092ac (0xea366693) ori     a3, a2, -349
core   0: 3 0x800092ac (0xea366693) x13 0xfffffefb
core   0: 0x800092b0 (0x03ee2cb3) mulhsu  s9, t3, t5
core   0: 3 0x800092b0 (0x03ee2cb3) x25 0x00000000
core   0: 0x800092b4 (0x023fcbb3) div     s7, t6, gp
core   0: 3 0x800092b4 (0x023fcbb3) x23 0x00000000
core   0: 0x800092b8 (0x0108ef33) or      t5, a7, a6
core   0: 3 0x800092b8 (0x0108ef33) x30 0x00000000
core   0: 0x800092bc (0x02fe4263) blt     t3, a5, pc + 36
core   0: 3 0x800092bc (0x02fe4263)
core   0: 0x800092c0 (0x033ec933) div     s2, t4, s3
core   0: 3 0x800092c0 (0x033ec933) x18 0x00000000
core   0: 0x800092c4 (0x013b0eb3) add     t4, s6, s3
core   0: 3 0x800092c4 (0x013b0eb3) x29 0x7ffffe2c
core   0: 0x800092c8 (0x412553b3) sra     t2, a0, s2
core   0: 3 0x800092c8 (0x412553b3) x 7 0x00000491
core   0: 0x800092cc (0x41a10bb3) sub     s7, sp, s10
core   0: 3 0x800092cc (0x41a10bb3) x23 0x600dff92
core   0: 0x800092d0 (0x032c87b3) mul     a5, s9, s2
core   0: 3 0x800092d0 (0x032c87b3) x15 0x00000000
core   0: 0x800092d4 (0x023fd863) bge     t6, gp, pc + 48
core   0: 3 0x800092d4 (0x023fd863)
core   0: 0x800092d8 (0x013d1013) slli    zero, s10, 19
core   0: 3 0x800092d8 (0x013d1013)
core   0: 0x800092dc (0x03fe8833) mul     a6, t4, t6
core   0: 3 0x800092dc (0x03fe8833) x16 0xfffa92a0
core   0: 0x800092e0 (0x0077c0b3) xor     ra, a5, t2
core   0: 3 0x800092e0 (0x0077c0b3) x 1 0x00000491
core   0: 0x800092e4 (0x00812ab3) slt     s5, sp, s0
core   0: 3 0x800092e4 (0x00812ab3) x21 0x00000000
core   0: 0x800092e8 (0xfb1805b7) lui     a1, 0xfb180
core   0: 3 0x800092e8 (0xfb1805b7) x11 0xfb180000
core   0: 0x800092ec (0x001a9f33) sll     t5, s5, ra
core   0: 3 0x800092ec (0x001a9f33) x30 0x00000000
core   0: 0x800092f0 (0x41cbd193) srai    gp, s7, 28
core   0: 3 0x800092f0 (0x41cbd193) x 3 0x00000006
core   0: 0x800092f4 (0x02857133) remu    sp, a0, s0
core   0: 3 0x800092f4 (0x02857133) x 2 0x00000000
core   0: 0x800092f8 (0x002d1d33) sll     s10, s10, sp
core   0: 3 0x800092f8 (0x002d1d33) x26 0x0000006e
core   0: 0x800092fc (0x0134cbb3) xor     s7, s1, s3
core   0: 3 0x800092fc (0x0134cbb3) x23 0xf5126000
core   0: 0x80009300 (0x18303c13) sltiu   s8, zero, 387
core   0: 3 0x80009300 (0x18303c13) x24 0x00000001
core   0: 0x80009304 (0x0247d663) bge     a5, tp, pc + 44
core   0: 3 0x80009304 (0x0247d663)
core   0: 0x80009330 (0xedffbc93) sltiu   s9, t6, -289
core   0: 3 0x80009330 (0xedffbc93) x25 0x00000001
core   0: 0x80009334 (0x41de8133) sub     sp, t4, t4
core   0: 3 0x80009334 (0x41de8133) x 2 0x00000000
core   0: 0x80009338 (0x033ba9b3) mulhsu  s3, s7, s3
core   0: 3 0x80009338 (0x033ba9b3) x19 0xf51279f4
core   0: 0x8000933c (0x000584b3) add     s1, a1, zero
core   0: 3 0x8000933c (0x000584b3) x 9 0xfb180000
core   0: 0x80009340 (0x01db9e93) slli    t4, s7, 29
core   0: 3 0x80009340 (0x01db9e93) x29 0x00000000
core   0: 0x80009344 (0x00b8fc63) bgeu    a7, a1, pc + 24
core   0: 3 0x80009344 (0x00b8fc63)
core   0: 0x80009348 (0x02fcda63) bge     s9, a5, pc + 52
core   0: 3 0x80009348 (0x02fcda63)
core   0: 0x8000937c (0x0384b8b3) mulhu   a7, s1, s8
core   0: 3 0x8000937c (0x0384b8b3) x17 0x00000000
core   0: 0x80009380 (0x01b44863) blt     s0, s11, pc + 16
core   0: 3 0x80009380 (0x01b44863)
core   0: 0x80009384 (0x045e4113) xori    sp, t3, 69
core   0: 3 0x80009384 (0x045e4113) x 2 0x00000045
core   0: 0x80009388 (0x02e81863) bne     a6, a4, pc + 48
core   0: 3 0x80009388 (0x02e81863)
core   0: 0x800093b8 (0x05120063) beq     tp, a7, pc + 64
core   0: 3 0x800093b8 (0x05120063)
core   0: 0x800093bc (0x0010a8b3) slt     a7, ra, ra
core   0: 3 0x800093bc (0x0010a8b3) x17 0x00000000
core   0: 0x800093c0 (0x00000013) nop
core   0: 3 0x800093c0 (0x00000013)
core   0: 0x800093c4 (0x02276cb3) rem     s9, a4, sp
core   0: 3 0x800093c4 (0x02276cb3) x25 0xfffffff7
core   0: 0x800093c8 (0x03b5a333) mulhsu  t1, a1, s11
core   0: 3 0x800093c8 (0x03b5a333) x 6 0xfd8bf32e
core   0: 0x800093cc (0x00616a33) or      s4, sp, t1
core   0: 3 0x800093cc (0x00616a33) x20 0xfd8bf36f
core   0: 0x800093d0 (0x01704cb3) xor     s9, zero, s7
core   0: 3 0x800093d0 (0x01704cb3) x25 0xf5126000
core   0: 0x800093d4 (0x2dea8a13) addi    s4, s5, 734
core   0: 3 0x800093d4 (0x2dea8a13) x20 0x000002de
core   0: 0x800093d8 (0x0053d633) srl     a2, t2, t0
core   0: 3 0x800093d8 (0x0053d633) x12 0x00000000
core   0: 0x800093dc (0x02ab3533) mulhu   a0, s6, a0
core   0: 3 0x800093dc (0x02ab3533) x10 0x00000248
core   0: 0x800093e0 (0x00e15133) srl     sp, sp, a4
core   0: 3 0x800093e0 (0x00e15133) x 2 0x00000001
core   0: 0x800093e4 (0x00ef9613) slli    a2, t6, 14
core   0: 3 0x800093e4 (0x00ef9613) x12 0x00be0000
core   0: 0x800093e8 (0x03cfcf33) div     t5, t6, t3
core   0: 3 0x800093e8 (0x03cfcf33) x30 0xffffffff
core   0: 0x800093ec (0x030a45b3) div     a1, s4, a6
core   0: 3 0x800093ec (0x030a45b3) x11 0x00000000
core   0: 0x800093f0 (0x0266acb3) mulhsu  s9, a3, t1
core   0: 3 0x800093f0 (0x0266acb3) x25 0xfffffefd
core   0: 0x800093f4 (0x01e16fb3) or      t6, sp, t5
core   0: 3 0x800093f4 (0x01e16fb3) x31 0xffffffff
core   0: 0x800093f8 (0x02bf7c63) bgeu    t5, a1, pc + 56
core   0: 3 0x800093f8 (0x02bf7c63)
core   0: 0x80009430 (0x001c1a13) slli    s4, s8, 1
core   0: 3 0x80009430 (0x001c1a13) x20 0x00000002
core   0: 0x80009434 (0xde020b93) addi    s7, tp, -544
core   0: 3 0x80009434 (0xde020b93) x23 0xfffffddf
core   0: 0x80009438 (0x864cfa13) andi    s4, s9, -1948
core   0: 3 0x80009438 (0x864cfa13) x20 0xfffff864
core   0: 0x8000943c (0x03049cb3) mulh    s9, s1, a6
core   0: 3 0x8000943c (0x03049cb3) x25 0x00001aa0
core   0: 0x80009440 (0x03f766b3) rem     a3, a4, t6
core   0: 3 0x80009440 (0x03f766b3) x13 0x00000000
core   0: 0x80009444 (0x40025e13) srai    t3, tp, 0
core   0: 3 0x80009444 (0x40025e13) x28 0xffffffff
core   0: 0x80009448 (0xc481e413) ori     s0, gp, -952
core   0: 3 0x80009448 (0xc481e413) x 8 0xfffffc4e
core   0: 0x8000944c (0xed8ff413) andi    s0, t6, -296
core   0: 3 0x8000944c (0xed8ff413) x 8 0xfffffed8
core   0: 0x80009450 (0x00a1a633) slt     a2, gp, a0
core   0: 3 0x80009450 (0x00a1a633) x12 0x00000001
core   0: 0x80009454 (0x0051f933) and     s2, gp, t0
core   0: 3 0x80009454 (0x0051f933) x18 0x00000006
core   0: 0x80009458 (0x0163d863) bge     t2, s6, pc + 16
core   0: 3 0x80009458 (0x0163d863)
core   0: 0x80009468 (0x01719c13) slli    s8, gp, 23
core   0: 3 0x80009468 (0x01719c13) x24 0x03000000
core   0: 0x8000946c (0x036b5863) bge     s6, s6, pc + 48
core   0: 3 0x8000946c (0x036b5863)
core   0: 0x8000949c (0x00ca76b3) and     a3, s4, a2
core   0: 3 0x8000949c (0x00ca76b3) x13 0x00000000
core   0: 0x800094a0 (0x00000013) nop
core   0: 3 0x800094a0 (0x00000013)
core   0: 0x800094a4 (0x41a7d213) srai    tp, a5, 26
core   0: 3 0x800094a4 (0x41a7d213) x 4 0x00000000
core   0: 0x800094a8 (0x010266b3) or      a3, tp, a6
core   0: 3 0x800094a8 (0x010266b3) x13 0xfffa92a0
core   0: 0x800094ac (0x00e76bb3) or      s7, a4, a4
core   0: 3 0x800094ac (0x00e76bb3) x23 0xeb14dae6
core   0: 0x800094b0 (0x75615137) lui     sp, 0x75615
core   0: 3 0x800094b0 (0x75615137) x 2 0x75615000
core   0: 0x800094b4 (0x003379b3) and     s3, t1, gp
core   0: 3 0x800094b4 (0x003379b3) x19 0x00000006
core   0: 0x800094b8 (0x00c418b3) sll     a7, s0, a2
core   0: 3 0x800094b8 (0x00c418b3) x17 0xfffffdb0
core   0: 0x800094bc (0x00000013) nop
core   0: 3 0x800094bc (0x00000013)
core   0: 0x800094c0 (0xcc97c113) xori    sp, a5, -823
core   0: 3 0x800094c0 (0xcc97c113) x 2 0xfffffcc9
core   0: 0x800094c4 (0x001e9c93) slli    s9, t4, 1
core   0: 3 0x800094c4 (0x001e9c93) x25 0x00000000
core   0: 0x800094c8 (0x03c0f133) remu    sp, ra, t3
core   0: 3 0x800094c8 (0x03c0f133) x 2 0x00000491
core   0: 0x800094cc (0x035e7233) remu    tp, t3, s5
core   0: 3 0x800094cc (0x035e7233) x 4 0xffffffff
core   0: 0x800094d0 (0x03732a33) mulhsu  s4, t1, s7
core   0: 3 0x800094d0 (0x03732a33) x20 0xfdbf4511
core   0: 0x800094d4 (0x01441c33) sll     s8, s0, s4
core   0: 3 0x800094d4 (0x01441c33) x24 0xfdb00000
core   0: 0x800094d8 (0x03a78433) mul     s0, a5, s10
core   0: 3 0x800094d8 (0x03a78433) x 8 0x00000000
core   0: 0x800094dc (0x01241313) slli    t1, s0, 18
core   0: 3 0x800094dc (0x01241313) x 6 0x00000000
core   0: 0x800094e0 (0xc317e137) lui     sp, 0xc317e
core   0: 3 0x800094e0 (0xc317e137) x 2 0xc317e000
core   0: 0x800094e4 (0x02e7d933) divu    s2, a5, a4
core   0: 3 0x800094e4 (0x02e7d933) x18 0x00000000
core   0: 0x800094e8 (0x01d6b2b3) sltu    t0, a3, t4
core   0: 3 0x800094e8 (0x01d6b2b3) x 5 0x00000000
core   0: 0x800094ec (0x03ea5e33) divu    t3, s4, t5
core   0: 3 0x800094ec (0x03ea5e33) x28 0x00000000
core   0: 0x800094f0 (0x00000013) nop
core   0: 3 0x800094f0 (0x00000013)
core   0: 0x800094f4 (0x004429b3) slt     s3, s0, tp
core   0: 3 0x800094f4 (0x004429b3) x19 0x00000000
core   0: 0x800094f8 (0x014dbbb3) sltu    s7, s11, s4
core   0: 3 0x800094f8 (0x014dbbb3) x23 0x00000001
core   0: 0x800094fc (0x00f4f833) and     a6, s1, a5
core   0: 3 0x800094fc (0x00f4f833) x16 0x00000000
core   0: 0x80009500 (0x00ea44b3) xor     s1, s4, a4
core   0: 3 0x80009500 (0x00ea44b3) x 9 0x16ab9ff7
core   0: 0x80009504 (0x02fed663) bge     t4, a5, pc + 44
core   0: 3 0x80009504 (0x02fed663)
core   0: 0x80009530 (0xe594c613) xori    a2, s1, -423
core   0: 3 0x80009530 (0xe594c613) x12 0xe95461ae
core   0: 0x80009534 (0xa617a993) slti    s3, a5, -1439
core   0: 3 0x80009534 (0xa617a993) x19 0x00000000
core   0: 0x80009538 (0x02e20533) mul     a0, tp, a4
core   0: 3 0x80009538 (0x02e20533) x10 0x14eb251a
core   0: 0x8000953c (0x021aa433) mulhsu  s0, s5, ra
core   0: 3 0x8000953c (0x021aa433) x 8 0x00000000
core   0: 0x80009540 (0x00000013) nop
core   0: 3 0x80009540 (0x00000013)
core   0: 0x80009544 (0x00a94cb3) xor     s9, s2, a0
core   0: 3 0x80009544 (0x00a94cb3) x25 0x14eb251a
core   0: 0x80009548 (0xbdf08c93) addi    s9, ra, -1057
core   0: 3 0x80009548 (0xbdf08c93) x25 0x00000070
core   0: 0x8000954c (0xa364ce93) xori    t4, s1, -1482
core   0: 3 0x8000954c (0xa364ce93) x29 0xe95465c1
core   0: 0x80009550 (0x01d40a33) add     s4, s0, t4
core   0: 3 0x80009550 (0x01d40a33) x20 0xe95465c1
core   0: 0x80009554 (0x0387e4b3) rem     s1, a5, s8
core   0: 3 0x80009554 (0x0387e4b3) x 9 0x00000000
core   0: 0x80009558 (0x01eddeb3) srl     t4, s11, t5
core   0: 3 0x80009558 (0x01eddeb3) x29 0x00000001
core   0: 0x8000955c (0x030a6e33) rem     t3, s4, a6
core   0: 3 0x8000955c (0x030a6e33) x28 0xe95465c1
core   0: 0x80009560 (0x7f25bb93) sltiu   s7, a1, 2034
core   0: 3 0x80009560 (0x7f25bb93) x23 0x00000001
core   0: 0x80009564 (0x88718193) addi    gp, gp, -1913
core   0: 3 0x80009564 (0x88718193) x 3 0xfffff88d
core   0: 0x80009568 (0x00f6c863) blt     a3, a5, pc + 16
core   0: 3 0x80009568 (0x00f6c863)
core   0: 0x80009578 (0x018c30b3) sltu    ra, s8, s8
core   0: 3 0x80009578 (0x018c30b3) x 1 0x00000000
core   0: 0x8000957c (0x009ddd13) srli    s10, s11, 9
core   0: 3 0x8000957c (0x009ddd13) x26 0x0040014e
core   0: 0x80009580 (0x00b71c63) bne     a4, a1, pc + 24
core   0: 3 0x80009580 (0x00b71c63)
core   0: 0x80009598 (0xc9413193) sltiu   gp, sp, -876
core   0: 3 0x80009598 (0xc9413193) x 3 0x00000001
core   0: 0x8000959c (0x03078eb3) mul     t4, a5, a6
core   0: 3 0x8000959c (0x03078eb3) x29 0x00000000
core   0: 0x800095a0 (0x012c2033) slt     zero, s8, s2
core   0: 3 0x800095a0 (0x012c2033)
core   0: 0x800095a4 (0x4b6c7993) andi    s3, s8, 1206
core   0: 3 0x800095a4 (0x4b6c7993) x19 0x00000000
core   0: 0x800095a8 (0x41dedb93) srai    s7, t4, 29
core   0: 3 0x800095a8 (0x41dedb93) x23 0x00000000
core   0: 0x800095ac (0x01de5393) srli    t2, t3, 29
core   0: 3 0x800095ac (0x01de5393) x 7 0x00000007
core   0: 0x800095b0 (0x01238a63) beq     t2, s2, pc + 20
core   0: 3 0x800095b0 (0x01238a63)
core   0: 0x800095b4 (0x05117063) bgeu    sp, a7, pc + 64
core   0: 3 0x800095b4 (0x05117063)
core   0: 0x800095b8 (0x59790537) lui     a0, 0x59790
core   0: 3 0x800095b8 (0x59790537) x10 0x59790000
core   0: 0x800095bc (0x6351a793) slti    a5, gp, 1589
core   0: 3 0x800095bc (0x6351a793) x15 0x00000001
core   0: 0x800095c0 (0x0274b6b3) mulhu   a3, s1, t2
core   0: 3 0x800095c0 (0x0274b6b3) x13 0x00000000
core   0: 0x800095c4 (0x03c1ca33) div     s4, gp, t3
core   0: 3 0x800095c4 (0x03c1ca33) x20 0x00000000
core   0: 0x800095c8 (0xa5e07c13) andi    s8, zero, -1442
core   0: 3 0x800095c8 (0xa5e07c13) x24 0x00000000
core   0: 0x800095cc (0xea44e613) ori     a2, s1, -348
core   0: 3 0x800095cc (0xea44e613) x12 0xfffffea4
core   0: 0x800095d0 (0x00890fb3) add     t6, s2, s0
core   0: 3 0x800095d0 (0x00890fb3) x31 0x00000000
core   0: 0x800095d4 (0x029f33b3) mulhu   t2, t5, s1
core   0: 3 0x800095d4 (0x029f33b3) x 7 0x00000000
core   0: 0x800095d8 (0x022809b3) mul     s3, a6, sp
core   0: 3 0x800095d8 (0x022809b3) x19 0x00000000
core   0: 0x800095dc (0x0125c0b3) xor     ra, a1, s2
core   0: 3 0x800095dc (0x0125c0b3) x 1 0x00000000
core   0: 0x800095e0 (0x01cc8eb3) add     t4, s9, t3
core   0: 3 0x800095e0 (0x01cc8eb3) x29 0xe9546631
core   0: 0x800095e4 (0x0246d033) divu    zero, a3, tp
core   0: 3 0x800095e4 (0x0246d033)
core   0: 0x800095e8 (0x007e2fb3) slt     t6, t3, t2
core   0: 3 0x800095e8 (0x007e2fb3) x31 0x00000001
core   0: 0x800095ec (0x015922b3) slt     t0, s2, s5
core   0: 3 0x800095ec (0x015922b3) x 5 0x00000000
core   0: 0x800095f0 (0x41460d33) sub     s10, a2, s4
core   0: 3 0x800095f0 (0x41460d33) x26 0xfffffea4
core   0: 0x800095f4 (0x00549263) bne     s1, t0, pc + 4
core   0: 3 0x800095f4 (0x00549263)
core   0: 0x800095f8 (0x3fa4cc97) auipc   s9, 0x3fa4c
core   0: 3 0x800095f8 (0x3fa4cc97) x25 0xbfa555f8
core   0: 0x800095fc (0x011a1a93) slli    s5, s4, 17
core   0: 3 0x800095fc (0x011a1a93) x21 0x00000000
core   0: 0x80009600 (0x01c55333) srl     t1, a0, t3
core   0: 3 0x80009600 (0x01c55333) x 6 0x2cbc8000
core   0: 0x80009604 (0x030c1cb3) mulh    s9, s8, a6
core   0: 3 0x80009604 (0x030c1cb3) x25 0x00000000
core   0: 0x80009608 (0x41fe5213) srai    tp, t3, 31
core   0: 3 0x80009608 (0x41fe5213) x 4 0xffffffff
core   0: 0x8000960c (0x0074f8b3) and     a7, s1, t2
core   0: 3 0x8000960c (0x0074f8b3) x17 0x00000000
core   0: 0x80009610 (0x027ae633) rem     a2, s5, t2
core   0: 3 0x80009610 (0x027ae633) x12 0x00000000
core   0: 0x80009614 (0x5e9ac393) xori    t2, s5, 1513
core   0: 3 0x80009614 (0x5e9ac393) x 7 0x000005e9
core   0: 0x80009618 (0x02f7d8b3) divu    a7, a5, a5
core   0: 3 0x80009618 (0x02f7d8b3) x17 0x00000001
core   0: 0x8000961c (0x02840663) beq     s0, s0, pc + 44
core   0: 3 0x8000961c (0x02840663)
core   0: 0x80009648 (0x93692893) slti    a7, s2, -1738
core   0: 3 0x80009648 (0x93692893) x17 0x00000000
core   0: 0x8000964c (0x4126dcb3) sra     s9, a3, s2
core   0: 3 0x8000964c (0x4126dcb3) x25 0x00000000
core   0: 0x80009650 (0x024c18b3) mulh    a7, s8, tp
core   0: 3 0x80009650 (0x024c18b3) x17 0x00000000
core   0: 0x80009654 (0x03f97633) remu    a2, s2, t6
core   0: 3 0x80009654 (0x03f97633) x12 0x00000000
core   0: 0x80009658 (0x409a8bb3) sub     s7, s5, s1
core   0: 3 0x80009658 (0x409a8bb3) x23 0x00000000
core   0: 0x8000965c (0x00becc63) blt     t4, a1, pc + 24
core   0: 3 0x8000965c (0x00becc63)
core   0: 0x80009674 (0x01a17d33) and     s10, sp, s10
core   0: 3 0x80009674 (0x01a17d33) x26 0xc317e000
core   0: 0x80009678 (0x69027893) andi    a7, tp, 1680
core   0: 3 0x80009678 (0x69027893) x17 0x00000690
core   0: 0x8000967c (0x40005d33) sra     s10, zero, zero
core   0: 3 0x8000967c (0x40005d33) x26 0x00000000
core   0: 0x80009680 (0x00cdc9b3) xor     s3, s11, a2
core   0: 3 0x80009680 (0x00cdc9b3) x19 0x80029ce4
core   0: 0x80009684 (0x00bb2f33) slt     t5, s6, a1
core   0: 3 0x80009684 (0x00bb2f33) x30 0x00000001
core   0: 0x80009688 (0xcb6d7613) andi    a2, s10, -842
core   0: 3 0x80009688 (0xcb6d7613) x12 0x00000000
core   0: 0x8000968c (0x039c80b3) mul     ra, s9, s9
core   0: 3 0x8000968c (0x039c80b3) x 1 0x00000000
core   0: 0x80009690 (0xd4a63413) sltiu   s0, a2, -694
core   0: 3 0x80009690 (0xd4a63413) x 8 0x00000001
core   0: 0x80009694 (0x02b6d263) bge     a3, a1, pc + 36
core   0: 3 0x80009694 (0x02b6d263)
core   0: 0x800096b8 (0x02f05fb3) divu    t6, zero, a5
core   0: 3 0x800096b8 (0x02f05fb3) x31 0x00000000
core   0: 0x800096bc (0x01f37e63) bgeu    t1, t6, pc + 28
core   0: 3 0x800096bc (0x01f37e63)
core   0: 0x800096d8 (0x02396c33) rem     s8, s2, gp
core   0: 3 0x800096d8 (0x02396c33) x24 0x00000000
core   0: 0x800096dc (0x014ae6b3) or      a3, s5, s4
core   0: 3 0x800096dc (0x014ae6b3) x13 0x00000000
core   0: 0x800096e0 (0x93cfc793) xori    a5, t6, -1732
core   0: 3 0x800096e0 (0x93cfc793) x15 0xfffff93c
core   0: 0x800096e4 (0x00f116b3) sll     a3, sp, a5
core   0: 3 0x800096e4 (0x00f116b3) x13 0x00000000
core   0: 0x800096e8 (0x00bc6f33) or      t5, s8, a1
core   0: 3 0x800096e8 (0x00bc6f33) x30 0x00000000
core   0: 0x800096ec (0x00f17333) and     t1, sp, a5
core   0: 3 0x800096ec (0x00f17333) x 6 0xc317e000
core   0: 0x800096f0 (0x03543333) mulhu   t1, s0, s5
core   0: 3 0x800096f0 (0x03543333) x 6 0x00000000
core   0: 0x800096f4 (0x01496433) or      s0, s2, s4
core   0: 3 0x800096f4 (0x01496433) x 8 0x00000000
core   0: 0x800096f8 (0x0385ecb3) rem     s9, a1, s8
core   0: 3 0x800096f8 (0x0385ecb3) x25 0x00000000
core   0: 0x800096fc (0x02a94233) div     tp, s2, a0
core   0: 3 0x800096fc (0x02a94233) x 4 0x00000000
core   0: 0x80009700 (0x02897f33) remu    t5, s2, s0
core   0: 3 0x80009700 (0x02897f33) x30 0x00000000
core   0: 0x80009704 (0xda19a613) slti    a2, s3, -607
core   0: 3 0x80009704 (0xda19a613) x12 0x00000001
core   0: 0x80009708 (0x01e4cd33) xor     s10, s1, t5
core   0: 3 0x80009708 (0x01e4cd33) x26 0x00000000
core   0: 0x8000970c (0x032fbe33) mulhu   t3, t6, s2
core   0: 3 0x8000970c (0x032fbe33) x28 0x00000000
core   0: 0x80009710 (0x00000013) nop
core   0: 3 0x80009710 (0x00000013)
core   0: 0x80009714 (0x40080833) sub     a6, a6, zero
core   0: 3 0x80009714 (0x40080833) x16 0x00000000
core   0: 0x80009718 (0x00b27533) and     a0, tp, a1
core   0: 3 0x80009718 (0x00b27533) x10 0x00000000
core   0: 0x8000971c (0x0083f933) and     s2, t2, s0
core   0: 3 0x8000971c (0x0083f933) x18 0x00000000
core   0: 0x80009720 (0x6bb53797) auipc   a5, 0x6bb53
core   0: 3 0x80009720 (0x6bb53797) x15 0xebb5c720
core   0: 0x80009724 (0x41ccdf93) srai    t6, s9, 28
core   0: 3 0x80009724 (0x41ccdf93) x31 0x00000000
core   0: 0x80009728 (0x014961b3) or      gp, s2, s4
core   0: 3 0x80009728 (0x014961b3) x 3 0x00000000
core   0: 0x8000972c (0x036d3bb3) mulhu   s7, s10, s6
core   0: 3 0x8000972c (0x036d3bb3) x23 0x00000000
core   0: 0x80009730 (0xde09aa13) slti    s4, s3, -544
core   0: 3 0x80009730 (0xde09aa13) x20 0x00000001
core   0: 0x80009734 (0xbb6eb693) sltiu   a3, t4, -1098
core   0: 3 0x80009734 (0xbb6eb693) x13 0x00000001
core   0: 0x80009738 (0x40a38bb3) sub     s7, t2, a0
core   0: 3 0x80009738 (0x40a38bb3) x23 0x000005e9
core   0: 0x8000973c (0x033d0d33) mul     s10, s10, s3
core   0: 3 0x8000973c (0x033d0d33) x26 0x00000000
core   0: 0x80009740 (0x03248e63) beq     s1, s2, pc + 60
core   0: 3 0x80009740 (0x03248e63)
core   0: 0x8000977c (0x40a50cb3) sub     s9, a0, a0
core   0: 3 0x8000977c (0x40a50cb3) x25 0x00000000
core   0: 0x80009780 (0x8cb0b493) sltiu   s1, ra, -1845
core   0: 3 0x80009780 (0x8cb0b493) x 9 0x00000001
core   0: 0x80009784 (0x02b1dab3) divu    s5, gp, a1
core   0: 3 0x80009784 (0x02b1dab3) x21 0xffffffff
core   0: 0x80009788 (0x02598a63) beq     s3, t0, pc + 52
core   0: 3 0x80009788 (0x02598a63)
core   0: 0x8000978c (0x02355c63) bge     a0, gp, pc + 56
core   0: 3 0x8000978c (0x02355c63)
core   0: 0x800097c4 (0x02295863) bge     s2, sp, pc + 48
core   0: 3 0x800097c4 (0x02295863)
core   0: 0x800097f4 (0x00216cb3) or      s9, sp, sp
core   0: 3 0x800097f4 (0x00216cb3) x25 0xc317e000
core   0: 0x800097f8 (0x021b5663) bge     s6, ra, pc + 44
core   0: 3 0x800097f8 (0x021b5663)
core   0: 0x800097fc (0x020a4233) div     tp, s4, zero
core   0: 3 0x800097fc (0x020a4233) x 4 0xffffffff
core   0: 0x80009800 (0x4020d893) srai    a7, ra, 2
core   0: 3 0x80009800 (0x4020d893) x17 0x00000000
core   0: 0x80009804 (0x02d1a5b3) mulhsu  a1, gp, a3
core   0: 3 0x80009804 (0x02d1a5b3) x11 0x00000000
core   0: 0x80009808 (0x03c71263) bne     a4, t3, pc + 36
core   0: 3 0x80009808 (0x03c71263)
core   0: 0x8000982c (0x01d64263) blt     a2, t4, pc + 4
core   0: 3 0x8000982c (0x01d64263)
core   0: 0x80009830 (0x40ae0f33) sub     t5, t3, a0
core   0: 3 0x80009830 (0x40ae0f33) x30 0x00000000
core   0: 0x80009834 (0x017ede63) bge     t4, s7, pc + 28
core   0: 3 0x80009834 (0x017ede63)
core   0: 0x80009838 (0x00059a63) bnez    a1, pc + 20
core   0: 3 0x80009838 (0x00059a63)
core   0: 0x8000983c (0x01cc7133) and     sp, s8, t3
core   0: 3 0x8000983c (0x01cc7133) x 2 0x00000000
core   0: 0x80009840 (0x053c7e63) bgeu    s8, s3, pc + 92
core   0: 3 0x80009840 (0x053c7e63)
core   0: 0x80009844 (0x4a970693) addi    a3, a4, 1193
core   0: 3 0x80009844 (0x4a970693) x13 0xeb14df8f
core   0: 0x80009848 (0x03220c63) beq     tp, s2, pc + 56
core   0: 3 0x80009848 (0x03220c63)
core   0: 0x8000984c (0xea237313) andi    t1, t1, -350
core   0: 3 0x8000984c (0xea237313) x 6 0x00000000
core   0: 0x80009850 (0x023be2b3) rem     t0, s7, gp
core   0: 3 0x80009850 (0x023be2b3) x 5 0x000005e9
core   0: 0x80009854 (0xff600093) li      ra, -10
core   0: 3 0x80009854 (0xff600093) x 1 0xfffffff6
core   0: 0x80009858 (0x40770233) sub     tp, a4, t2
core   0: 3 0x80009858 (0x40770233) x 4 0xeb14d4fd
core   0: 0x8000985c (0xffd00913) li      s2, -3
core   0: 3 0x8000985c (0xffd00913) x18 0xfffffffd
core   0: 0x80009860 (0x0384d3b3) divu    t2, s1, s8
core   0: 3 0x80009860 (0x0384d3b3) x 7 0xffffffff
core   0: 0x80009864 (0x5be70d13) addi    s10, a4, 1470
core   0: 3 0x80009864 (0x5be70d13) x26 0xeb14e0a4
core   0: 0x80009868 (0x00108093) addi    ra, ra, 1
core   0: 3 0x80009868 (0x00108093) x 1 0xfffffff7
core   0: 0x8000986c (0xff208ce3) beq     ra, s2, pc - 8
core   0: 3 0x8000986c (0xff208ce3)
core   0: 0x80009870 (0xc1666837) lui     a6, 0xc1666
core   0: 3 0x80009870 (0xc1666837) x16 0xc1666000
core   0: 0x80009874 (0x05c9e063) bltu    s3, t3, pc + 64
core   0: 3 0x80009874 (0x05c9e063)
core   0: 0x80009878 (0x13a1e313) ori     t1, gp, 314
core   0: 3 0x80009878 (0x13a1e313) x 6 0x0000013a
core   0: 0x8000987c (0x40f486b3) sub     a3, s1, a5
core   0: 3 0x8000987c (0x40f486b3) x13 0x144a38e1
core   0: 0x80009880 (0x407585b3) sub     a1, a1, t2
core   0: 3 0x80009880 (0x407585b3) x11 0x00000001
core   0: 0x80009884 (0x0296df33) divu    t5, a3, s1
core   0: 3 0x80009884 (0x0296df33) x30 0x144a38e1
core   0: 0x80009888 (0xc86bed13) ori     s10, s7, -890
core   0: 3 0x80009888 (0xc86bed13) x26 0xfffffdef
core   0: 0x8000988c (0x0528d063) bge     a7, s2, pc + 64
core   0: 3 0x8000988c (0x0528d063)
core   0: 0x800098cc (0x01b627b3) slt     a5, a2, s11
core   0: 3 0x800098cc (0x01b627b3) x15 0x00000000
core   0: 0x800098d0 (0x04c0c063) blt     ra, a2, pc + 64
core   0: 3 0x800098d0 (0x04c0c063)
core   0: 0x80009910 (0x13e92b93) slti    s7, s2, 318
core   0: 3 0x80009910 (0x13e92b93) x23 0x00000001
core   0: 0x80009914 (0x006395b3) sll     a1, t2, t1
core   0: 3 0x80009914 (0x006395b3) x11 0xfc000000
core   0: 0x80009918 (0x01de8533) add     a0, t4, t4
core   0: 3 0x80009918 (0x01de8533) x10 0xd2a8cc62
core   0: 0x8000991c (0xecf167b7) lui     a5, 0xecf16
core   0: 3 0x8000991c (0xecf167b7) x15 0xecf16000
core   0: 0x80009920 (0xd2597d13) andi    s10, s2, -731
core   0: 3 0x80009920 (0xd2597d13) x26 0xfffffd25
core   0: 0x80009924 (0x2d9be093) ori     ra, s7, 729
core   0: 3 0x80009924 (0x2d9be093) x 1 0x000002d9
core   0: 0x80009928 (0x0197ec63) bltu    a5, s9, pc + 24
core   0: 3 0x80009928 (0x0197ec63)
core   0: 0x8000992c (0x03abb6b3) mulhu   a3, s7, s10
core   0: 3 0x8000992c (0x03abb6b3) x13 0x00000000
core   0: 0x80009930 (0x03f68633) mul     a2, a3, t6
core   0: 3 0x80009930 (0x03f68633) x12 0x00000000
core   0: 0x80009934 (0x00000013) nop
core   0: 3 0x80009934 (0x00000013)
core   0: 0x80009938 (0x98f92e93) slti    t4, s2, -1649
core   0: 3 0x80009938 (0x98f92e93) x29 0x00000000
core   0: 0x8000993c (0x00069413) slli    s0, a3, 0
core   0: 3 0x8000993c (0x00069413) x 8 0x00000000
core   0: 0x80009940 (0xe25ca637) lui     a2, 0xe25ca
core   0: 3 0x80009940 (0xe25ca637) x12 0xe25ca000
core   0: 0x80009944 (0x33d26313) ori     t1, tp, 829
core   0: 3 0x80009944 (0x33d26313) x 6 0xeb14d7fd
core   0: 0x80009948 (0x03574233) div     tp, a4, s5
core   0: 3 0x80009948 (0x03574233) x 4 0x14eb251a
core   0: 0x8000994c (0x0017cf33) xor     t5, a5, ra
core   0: 3 0x8000994c (0x0017cf33) x30 0xecf162d9
core   0: 0x80009950 (0x019f9f33) sll     t5, t6, s9
core   0: 3 0x80009950 (0x019f9f33) x30 0x00000000
core   0: 0x80009954 (0x000c30b3) sltu    ra, s8, zero
core   0: 3 0x80009954 (0x000c30b3) x 1 0x00000000
core   0: 0x80009958 (0x2227ad13) slti    s10, a5, 546
core   0: 3 0x80009958 (0x2227ad13) x26 0x00000001
core   0: 0x8000995c (0x0396c463) blt     a3, s9, pc + 40
core   0: 3 0x8000995c (0x0396c463)
core   0: 0x80009960 (0x40078333) sub     t1, a5, zero
core   0: 3 0x80009960 (0x40078333) x 6 0xecf16000
core   0: 0x80009964 (0x00000013) nop
core   0: 3 0x80009964 (0x00000013)
core   0: 0x80009968 (0x40b95113) srai    sp, s2, 11
core   0: 3 0x80009968 (0x40b95113) x 2 0xffffffff
core   0: 0x8000996c (0x02ec6333) rem     t1, s8, a4
core   0: 3 0x8000996c (0x02ec6333) x 6 0x00000000
core   0: 0x80009970 (0x023cd8b3) divu    a7, s9, gp
core   0: 3 0x80009970 (0x023cd8b3) x17 0xffffffff
core   0: 0x80009974 (0x78867c93) andi    s9, a2, 1928
core   0: 3 0x80009974 (0x78867c93) x25 0x00000000
core   0: 0x80009978 (0x0310f333) remu    t1, ra, a7
core   0: 3 0x80009978 (0x0310f333) x 6 0x00000000
core   0: 0x8000997c (0x02947863) bgeu    s0, s1, pc + 48
core   0: 3 0x8000997c (0x02947863)
core   0: 0x80009980 (0x00000013) nop
core   0: 3 0x80009980 (0x00000013)
core   0: 0x80009984 (0x00000013) nop
core   0: 3 0x80009984 (0x00000013)
core   0: 0x80009988 (0x02ffd633) divu    a2, t6, a5
core   0: 3 0x80009988 (0x02ffd633) x12 0x00000000
core   0: 0x8000998c (0x0039f333) and     t1, s3, gp
core   0: 3 0x8000998c (0x0039f333) x 6 0x00000000
core   0: 0x80009990 (0x02338433) mul     s0, t2, gp
core   0: 3 0x80009990 (0x02338433) x 8 0x00000000
core   0: 0x80009994 (0x02bc8eb3) mul     t4, s9, a1
core   0: 3 0x80009994 (0x02bc8eb3) x29 0x00000000
core   0: 0x80009998 (0x01931c33) sll     s8, t1, s9
core   0: 3 0x80009998 (0x01931c33) x24 0x00000000
core   0: 0x8000999c (0x021dd133) divu    sp, s11, ra
core   0: 3 0x8000999c (0x021dd133) x 2 0xffffffff
core   0: 0x800099a0 (0x7dc5a013) slti    zero, a1, 2012
core   0: 3 0x800099a0 (0x7dc5a013)
core   0: 0x800099a4 (0x002ca033) slt     zero, s9, sp
core   0: 3 0x800099a4 (0x002ca033)
core   0: 0x800099a8 (0x41b686b3) sub     a3, a3, s11
core   0: 3 0x800099a8 (0x41b686b3) x13 0x7ffd631c
core   0: 0x800099ac (0x031d6533) rem     a0, s10, a7
core   0: 3 0x800099ac (0x031d6533) x10 0x00000000
core   0: 0x800099b0 (0xc4e79697) auipc   a3, 0xc4e79
core   0: 3 0x800099b0 (0xc4e79697) x13 0x44e829b0
core   0: 0x800099b4 (0x00973cb3) sltu    s9, a4, s1
core   0: 3 0x800099b4 (0x00973cb3) x25 0x00000000
core   0: 0x800099b8 (0x006f85b3) add     a1, t6, t1
core   0: 3 0x800099b8 (0x006f85b3) x11 0x00000000
core   0: 0x800099bc (0x00ed6c33) or      s8, s10, a4
core   0: 3 0x800099bc (0x00ed6c33) x24 0xeb14dae7
core   0: 0x800099c0 (0x65c28e13) addi    t3, t0, 1628
core   0: 3 0x800099c0 (0x65c28e13) x28 0x00000c45
core   0: 0x800099c4 (0xc677cb93) xori    s7, a5, -921
core   0: 3 0x800099c4 (0xc677cb93) x23 0x130e9c67
core   0: 0x800099c8 (0x0e718b97) auipc   s7, 0xe718
core   0: 3 0x800099c8 (0x0e718b97) x23 0x8e7219c8
core   0: 0x800099cc (0x03e59e63) bne     a1, t5, pc + 60
core   0: 3 0x800099cc (0x03e59e63)
core   0: 0x800099d0 (0x03b42e33) mulhsu  t3, s0, s11
core   0: 3 0x800099d0 (0x03b42e33) x28 0x00000000
core   0: 0x800099d4 (0x01264433) xor     s0, a2, s2
core   0: 3 0x800099d4 (0x01264433) x 8 0xfffffffd
core   0: 0x800099d8 (0x62016e93) ori     t4, sp, 1568
core   0: 3 0x800099d8 (0x62016e93) x29 0xffffffff
core   0: 0x800099dc (0x03aa1063) bne     s4, s10, pc + 32
core   0: 3 0x800099dc (0x03aa1063)
core   0: 0x800099e0 (0x033eb533) mulhu   a0, t4, s3
core   0: 3 0x800099e0 (0x033eb533) x10 0x80029ce3
core   0: 0x800099e4 (0x01b04933) xor     s2, zero, s11
core   0: 3 0x800099e4 (0x01b04933) x18 0x80029ce4
core   0: 0x800099e8 (0x00b024b3) slt     s1, zero, a1
core   0: 3 0x800099e8 (0x00b024b3) x 9 0x00000000
core   0: 0x800099ec (0x015f4263) blt     t5, s5, pc + 4
core   0: 3 0x800099ec (0x015f4263)
core   0: 0x800099f0 (0x83371b97) auipc   s7, 0x83371
core   0: 3 0x800099f0 (0x83371b97) x23 0x0337a9f0
core   0: 0x800099f4 (0x033d6a33) rem     s4, s10, s3
core   0: 3 0x800099f4 (0x033d6a33) x20 0x00000001
core   0: 0x800099f8 (0x1bc4e913) ori     s2, s1, 444
core   0: 3 0x800099f8 (0x1bc4e913) x18 0x000001bc
core   0: 0x800099fc (0x02cd56b3) divu    a3, s10, a2
core   0: 3 0x800099fc (0x02cd56b3) x13 0xffffffff
core   0: 0x80009a00 (0x05901863) bne     zero, s9, pc + 80
core   0: 3 0x80009a00 (0x05901863)
core   0: 0x80009a04 (0x02dbe333) rem     t1, s7, a3
core   0: 3 0x80009a04 (0x02dbe333) x 6 0x00000000
core   0: 0x80009a08 (0x55047013) andi    zero, s0, 1360
core   0: 3 0x80009a08 (0x55047013)
core   0: 0x80009a0c (0x1c658513) addi    a0, a1, 454
core   0: 3 0x80009a0c (0x1c658513) x10 0x000001c6
core   0: 0x80009a10 (0x0571e063) bltu    gp, s7, pc + 64
core   0: 3 0x80009a10 (0x0571e063)
core   0: 0x80009a50 (0x03fa6663) bltu    s4, t6, pc + 44
core   0: 3 0x80009a50 (0x03fa6663)
core   0: 0x80009a54 (0xfabaed13) ori     s10, s5, -85
core   0: 3 0x80009a54 (0xfabaed13) x26 0xffffffff
core   0: 0x80009a58 (0x02c7aa33) mulhsu  s4, a5, a2
core   0: 3 0x80009a58 (0x02c7aa33) x20 0x00000000
core   0: 0x80009a5c (0x037bfc33) remu    s8, s7, s7
core   0: 3 0x80009a5c (0x037bfc33) x24 0x00000000
core   0: 0x80009a60 (0x00b7b533) sltu    a0, a5, a1
core   0: 3 0x80009a60 (0x00b7b533) x10 0x00000000
core   0: 0x80009a64 (0x03ccc063) blt     s9, t3, pc + 32
core   0: 3 0x80009a64 (0x03ccc063)
core   0: 0x80009a68 (0x03349eb3) mulh    t4, s1, s3
core   0: 3 0x80009a68 (0x03349eb3) x29 0x00000000
core   0: 0x80009a6c (0x44d556b7) lui     a3, 0x44d55
core   0: 3 0x80009a6c (0x44d556b7) x13 0x44d55000
core   0: 0x80009a70 (0x03569263) bne     a3, s5, pc + 36
core   0: 3 0x80009a70 (0x03569263)
core   0: 0x80009a94 (0x03a4a7b3) mulhsu  a5, s1, s10
core   0: 3 0x80009a94 (0x03a4a7b3) x15 0x00000000
core   0: 0x80009a98 (0x00559eb3) sll     t4, a1, t0
core   0: 3 0x80009a98 (0x00559eb3) x29 0x00000000
core   0: 0x80009a9c (0x034f9333) mulh    t1, t6, s4
core   0: 3 0x80009a9c (0x034f9333) x 6 0x00000000
core   0: 0x80009aa0 (0x02d06463) bltu    zero, a3, pc + 40
core   0: 3 0x80009aa0 (0x02d06463)
core   0: 0x80009ac8 (0x02fd3c33) mulhu   s8, s10, a5
core   0: 3 0x80009ac8 (0x02fd3c33) x24 0x00000000
core   0: 0x80009acc (0x0068f333) and     t1, a7, t1
core   0: 3 0x80009acc (0x0068f333) x 6 0x00000000
core   0: 0x80009ad0 (0x02ebf833) remu    a6, s7, a4
core   0: 3 0x80009ad0 (0x02ebf833) x16 0x0337a9f0
core   0: 0x80009ad4 (0x40690233) sub     tp, s2, t1
core   0: 3 0x80009ad4 (0x40690233) x 4 0x000001bc
core   0: 0x80009ad8 (0x00000013) nop
core   0: 3 0x80009ad8 (0x00000013)
core   0: 0x80009adc (0x416a0433) sub     s0, s4, s6
core   0: 3 0x80009adc (0x416a0433) x 8 0x7ffda1d4
core   0: 0x80009ae0 (0x81dabd13) sltiu   s10, s5, -2019
core   0: 3 0x80009ae0 (0x81dabd13) x26 0x00000000
core   0: 0x80009ae4 (0x03397663) bgeu    s2, s3, pc + 44
core   0: 3 0x80009ae4 (0x03397663)
core   0: 0x80009ae8 (0x01f74f33) xor     t5, a4, t6
core   0: 3 0x80009ae8 (0x01f74f33) x30 0xeb14dae6
core   0: 0x80009aec (0x0080e263) bltu    ra, s0, pc + 4
core   0: 3 0x80009aec (0x0080e263)
core   0: 0x80009af0 (0x03b5bc33) mulhu   s8, a1, s11
core   0: 3 0x80009af0 (0x03b5bc33) x24 0x00000000
core   0: 0x80009af4 (0x0112a433) slt     s0, t0, a7
core   0: 3 0x80009af4 (0x0112a433) x 8 0x00000000
core   0: 0x80009af8 (0x01ddcbb3) xor     s7, s11, t4
core   0: 3 0x80009af8 (0x01ddcbb3) x23 0x80029ce4
core   0: 0x80009afc (0x01e50fb3) add     t6, a0, t5
core   0: 3 0x80009afc (0x01e50fb3) x31 0xeb14dae6
core   0: 0x80009b00 (0x02684263) blt     a6, t1, pc + 36
core   0: 3 0x80009b00 (0x02684263)
core   0: 0x80009b04 (0x7b9a6617) auipc   a2, 0x7b9a6
core   0: 3 0x80009b04 (0x7b9a6617) x12 0xfb9afb04
core   0: 0x80009b08 (0x00002933) slt     s2, zero, zero
core   0: 3 0x80009b08 (0x00002933) x18 0x00000000
core   0: 0x80009b0c (0x039a1c33) mulh    s8, s4, s9
core   0: 3 0x80009b0c (0x039a1c33) x24 0x00000000
core   0: 0x80009b10 (0x25e4c993) xori    s3, s1, 606
core   0: 3 0x80009b10 (0x25e4c993) x19 0x0000025e
core   0: 0x80009b14 (0x01dbec63) bltu    s7, t4, pc + 24
core   0: 3 0x80009b14 (0x01dbec63)
core   0: 0x80009b18 (0x018a1f33) sll     t5, s4, s8
core   0: 3 0x80009b18 (0x018a1f33) x30 0x00000000
core   0: 0x80009b1c (0x90e28393) addi    t2, t0, -1778
core   0: 3 0x80009b1c (0x90e28393) x 7 0xfffffef7
core   0: 0x80009b20 (0x00289133) sll     sp, a7, sp
core   0: 3 0x80009b20 (0x00289133) x 2 0x80000000
core   0: 0x80009b24 (0x016c2bb3) slt     s7, s8, s6
core   0: 3 0x80009b24 (0x016c2bb3) x23 0x00000000
core   0: 0x80009b28 (0x035d7933) remu    s2, s10, s5
core   0: 3 0x80009b28 (0x035d7933) x18 0x00000000
core   0: 0x80009b2c (0x0201d863) bgez    gp, pc + 48
core   0: 3 0x80009b2c (0x0201d863)
core   0: 0x80009b5c (0x04bdd063) bge     s11, a1, pc + 64
core   0: 3 0x80009b5c (0x04bdd063)
core   0: 0x80009b60 (0x02e3b4b3) mulhu   s1, t2, a4
core   0: 3 0x80009b60 (0x02e3b4b3) x 9 0xeb14d9f2
core   0: 0x80009b64 (0x0010b333) sltu    t1, ra, ra
core   0: 3 0x80009b64 (0x0010b333) x 6 0x00000000
core   0: 0x80009b68 (0x02d5b033) mulhu   zero, a1, a3
core   0: 3 0x80009b68 (0x02d5b033)
core   0: 0x80009b6c (0x0298d233) divu    tp, a7, s1
core   0: 3 0x80009b6c (0x0298d233) x 4 0x00000001
core   0: 0x80009b70 (0x00241213) slli    tp, s0, 2
core   0: 3 0x80009b70 (0x00241213) x 4 0x00000000
core   0: 0x80009b74 (0x00000013) nop
core   0: 3 0x80009b74 (0x00000013)
core   0: 0x80009b78 (0x01b6f033) and     zero, a3, s11
core   0: 3 0x80009b78 (0x01b6f033)
core   0: 0x80009b7c (0x00131f13) slli    t5, t1, 1
core   0: 3 0x80009b7c (0x00131f13) x30 0x00000000
core   0: 0x80009b80 (0x020f8833) mul     a6, t6, zero
core   0: 3 0x80009b80 (0x020f8833) x16 0x00000000
core   0: 0x80009b84 (0x0076e1b3) or      gp, a3, t2
core   0: 3 0x80009b84 (0x0076e1b3) x 3 0xfffffef7
core   0: 0x80009b88 (0x41fdde93) srai    t4, s11, 31
core   0: 3 0x80009b88 (0x41fdde93) x29 0xffffffff
core   0: 0x80009b8c (0x413e05b3) sub     a1, t3, s3
core   0: 3 0x80009b8c (0x413e05b3) x11 0xfffffda2
core   0: 0x80009b90 (0x011526b3) slt     a3, a0, a7
core   0: 3 0x80009b90 (0x011526b3) x13 0x00000000
core   0: 0x80009b94 (0x06c6ae13) slti    t3, a3, 108
core   0: 3 0x80009b94 (0x06c6ae13) x28 0x00000001
core   0: 0x80009b98 (0x6fbe29b7) lui     s3, 0x6fbe2
core   0: 3 0x80009b98 (0x6fbe29b7) x19 0x6fbe2000
core   0: 0x80009b9c (0x0425d863) bge     a1, sp, pc + 80
core   0: 3 0x80009b9c (0x0425d863)
core   0: 0x80009bec (0x0035cf33) xor     t5, a1, gp
core   0: 3 0x80009bec (0x0035cf33) x30 0x00000355
core   0: 0x80009bf0 (0xb5c13013) sltiu   zero, sp, -1188
core   0: 3 0x80009bf0 (0xb5c13013)
core   0: 0x80009bf4 (0x01af4cb3) xor     s9, t5, s10
core   0: 3 0x80009bf4 (0x01af4cb3) x25 0x00000355
core   0: 0x80009bf8 (0xbde61c97) auipc   s9, 0xbde61
core   0: 3 0x80009bf8 (0xbde61c97) x25 0x3de6abf8
core   0: 0x80009bfc (0x002c04b3) add     s1, s8, sp
core   0: 3 0x80009bfc (0x002c04b3) x 9 0x80000000
core   0: 0x80009c00 (0x00000013) nop
core   0: 3 0x80009c00 (0x00000013)
core   0: 0x80009c04 (0x015894b3) sll     s1, a7, s5
core   0: 3 0x80009c04 (0x015894b3) x 9 0x80000000
core   0: 0x80009c08 (0x02754333) div     t1, a0, t2
core   0: 3 0x80009c08 (0x02754333) x 6 0x00000000
core   0: 0x80009c0c (0xa9430a93) addi    s5, t1, -1388
core   0: 3 0x80009c0c (0xa9430a93) x21 0xfffffa94
core   0: 0x80009c10 (0x039149b3) div     s3, sp, s9
core   0: 3 0x80009c10 (0x039149b3) x19 0xfffffffe
core   0: 0x80009c14 (0xb9e4e293) ori     t0, s1, -1122
core   0: 3 0x80009c14 (0xb9e4e293) x 5 0xfffffb9e
core   0: 0x80009c18 (0x4115da13) srai    s4, a1, 17
core   0: 3 0x80009c18 (0x4115da13) x20 0xffffffff
core   0: 0x80009c1c (0x0049c2b3) xor     t0, s3, tp
core   0: 3 0x80009c1c (0x0049c2b3) x 5 0xfffffffe
core   0: 0x80009c20 (0xa5dbfb93) andi    s7, s7, -1443
core   0: 3 0x80009c20 (0xa5dbfb93) x23 0x00000000
core   0: 0x80009c24 (0x01629863) bne     t0, s6, pc + 16
core   0: 3 0x80009c24 (0x01629863)
core   0: 0x80009c34 (0x41dd5513) srai    a0, s10, 29
core   0: 3 0x80009c34 (0x41dd5513) x10 0x00000000
core   0: 0x80009c38 (0x038bfa33) remu    s4, s7, s8
core   0: 3 0x80009c38 (0x038bfa33) x20 0x00000000
core   0: 0x80009c3c (0x00fb0a63) beq     s6, a5, pc + 20
core   0: 3 0x80009c3c (0x00fb0a63)
core   0: 0x80009c40 (0x01bbc263) blt     s7, s11, pc + 4
core   0: 3 0x80009c40 (0x01bbc263)
core   0: 0x80009c44 (0x00c91613) slli    a2, s2, 12
core   0: 3 0x80009c44 (0x00c91613) x12 0x00000000
core   0: 0x80009c48 (0x0d448193) addi    gp, s1, 212
core   0: 3 0x80009c48 (0x0d448193) x 3 0x800000d4
core   0: 0x80009c4c (0x02d88033) mul     zero, a7, a3
core   0: 3 0x80009c4c (0x02d88033)
core   0: 0x80009c50 (0x00405f33) srl     t5, zero, tp
core   0: 3 0x80009c50 (0x00405f33) x30 0x00000000
core   0: 0x80009c54 (0x00000013) nop
core   0: 3 0x80009c54 (0x00000013)
core   0: 0x80009c58 (0x000004b3) add     s1, zero, zero
core   0: 3 0x80009c58 (0x000004b3) x 9 0x00000000
core   0: 0x80009c5c (0xd1520a17) auipc   s4, 0xd1520
core   0: 3 0x80009c5c (0xd1520a17) x20 0x51529c5c
core   0: 0x80009c60 (0x01326933) or      s2, tp, s3
core   0: 3 0x80009c60 (0x01326933) x18 0xfffffffe
core   0: 0x80009c64 (0x002fef33) or      t5, t6, sp
core   0: 3 0x80009c64 (0x002fef33) x30 0xeb14dae6
core   0: 0x80009c68 (0x00cdec33) or      s8, s11, a2
core   0: 3 0x80009c68 (0x00cdec33) x24 0x80029ce4
core   0: 0x80009c6c (0x40495893) srai    a7, s2, 4
core   0: 3 0x80009c6c (0x40495893) x17 0xffffffff
core   0: 0x80009c70 (0x03f5f663) bgeu    a1, t6, pc + 44
core   0: 3 0x80009c70 (0x03f5f663)
core   0: 0x80009c9c (0x03a46863) bltu    s0, s10, pc + 48
core   0: 3 0x80009c9c (0x03a46863)
core   0: 0x80009ca0 (0x22bc5a37) lui     s4, 0x22bc5
core   0: 3 0x80009ca0 (0x22bc5a37) x20 0x22bc5000
core   0: 0x80009ca4 (0x0035ec63) bltu    a1, gp, pc + 24
core   0: 3 0x80009ca4 (0x0035ec63)
core   0: 0x80009ca8 (0x0096fe63) bgeu    a3, s1, pc + 28
core   0: 3 0x80009ca8 (0x0096fe63)
core   0: 0x80009cc4 (0xf6332493) slti    s1, t1, -157
core   0: 3 0x80009cc4 (0xf6332493) x 9 0x00000000
core   0: 0x80009cc8 (0x54342c93) slti    s9, s0, 1347
core   0: 3 0x80009cc8 (0x54342c93) x25 0x00000001
core   0: 0x80009ccc (0x00c6dab3) srl     s5, a3, a2
core   0: 3 0x80009ccc (0x00c6dab3) x21 0x00000000
core   0: 0x80009cd0 (0x039d62b3) rem     t0, s10, s9
core   0: 3 0x80009cd0 (0x039d62b3) x 5 0x00000000
core   0: 0x80009cd4 (0x02262433) mulhsu  s0, a2, sp
core   0: 3 0x80009cd4 (0x02262433) x 8 0x00000000
core   0: 0x80009cd8 (0x03408863) beq     ra, s4, pc + 48
core   0: 3 0x80009cd8 (0x03408863)
core   0: 0x80009cdc (0x4d5b4f93) xori    t6, s6, 1237
core   0: 3 0x80009cdc (0x4d5b4f93) x31 0x80025af9
core   0: 0x80009ce0 (0x01ab1c63) bne     s6, s10, pc + 24
core   0: 3 0x80009ce0 (0x01ab1c63)
core   0: 0x80009cf8 (0xd43f47b7) lui     a5, 0xd43f4
core   0: 3 0x80009cf8 (0xd43f47b7) x15 0xd43f4000
core   0: 0x80009cfc (0x00000013) nop
core   0: 3 0x80009cfc (0x00000013)
core   0: 0x80009d00 (0x00deacb3) slt     s9, t4, a3
core   0: 3 0x80009d00 (0x00deacb3) x25 0x00000001
core   0: 0x80009d04 (0x01a0f0b3) and     ra, ra, s10
core   0: 3 0x80009d04 (0x01a0f0b3) x 1 0x00000000
core   0: 0x80009d08 (0x03df99b3) mulh    s3, t6, t4
core   0: 3 0x80009d08 (0x03df99b3) x19 0x00000000
core   0: 0x80009d0c (0x008c78b3) and     a7, s8, s0
core   0: 3 0x80009d0c (0x008c78b3) x17 0x00000000
core   0: 0x80009d10 (0x00000013) nop
core   0: 3 0x80009d10 (0x00000013)
core   0: 0x80009d14 (0x01a29333) sll     t1, t0, s10
core   0: 3 0x80009d14 (0x01a29333) x 6 0x00000000
core   0: 0x80009d18 (0x003adc93) srli    s9, s5, 3
core   0: 3 0x80009d18 (0x003adc93) x25 0x00000000
core   0: 0x80009d1c (0x02ed5263) bge     s10, a4, pc + 36
core   0: 3 0x80009d1c (0x02ed5263)
core   0: 0x80009d40 (0x00917a33) and     s4, sp, s1
core   0: 3 0x80009d40 (0x00917a33) x20 0x00000000
core   0: 0x80009d44 (0x03b44e63) blt     s0, s11, pc + 60
core   0: 3 0x80009d44 (0x03b44e63)
core   0: 0x80009d48 (0x02b2d5b3) divu    a1, t0, a1
core   0: 3 0x80009d48 (0x02b2d5b3) x11 0x00000000
core   0: 0x80009d4c (0x0047fd33) and     s10, a5, tp
core   0: 3 0x80009d4c (0x0047fd33) x26 0x00000000
core   0: 0x80009d50 (0x05199863) bne     s3, a7, pc + 80
core   0: 3 0x80009d50 (0x05199863)
core   0: 0x80009d54 (0x036a9eb3) mulh    t4, s5, s6
core   0: 3 0x80009d54 (0x036a9eb3) x29 0x00000000
core   0: 0x80009d58 (0x00000013) nop
core   0: 3 0x80009d58 (0x00000013)
core   0: 0x80009d5c (0x6efa0313) addi    t1, s4, 1775
core   0: 3 0x80009d5c (0x6efa0313) x 6 0x000006ef
core   0: 0x80009d60 (0x03985863) bge     a6, s9, pc + 48
core   0: 3 0x80009d60 (0x03985863)
core   0: 0x80009d90 (0x52db6c13) ori     s8, s6, 1325
core   0: 3 0x80009d90 (0x52db6c13) x24 0x80025f2d
core   0: 0x80009d94 (0x026b5533) divu    a0, s6, t1
core   0: 3 0x80009d94 (0x026b5533) x10 0x00127651
core   0: 0x80009d98 (0xcee80593) addi    a1, a6, -786
core   0: 3 0x80009d98 (0xcee80593) x11 0xfffffcee
core   0: 0x80009d9c (0x028b7463) bgeu    s6, s0, pc + 40
core   0: 3 0x80009d9c (0x028b7463)
core   0: 0x80009dc4 (0x00cf9793) slli    a5, t6, 12
core   0: 3 0x80009dc4 (0x00cf9793) x15 0x25af9000
core   0: 0x80009dc8 (0x00a78033) add     zero, a5, a0
core   0: 3 0x80009dc8 (0x00a78033)
core   0: 0x80009dcc (0x00f8be33) sltu    t3, a7, a5
core   0: 3 0x80009dcc (0x00f8be33) x28 0x00000001
core   0: 0x80009dd0 (0x02eaf1b3) remu    gp, s5, a4
core   0: 3 0x80009dd0 (0x02eaf1b3) x 3 0x00000000
core   0: 0x80009dd4 (0x01be4e33) xor     t3, t3, s11
core   0: 3 0x80009dd4 (0x01be4e33) x28 0x80029ce5
core   0: 0x80009dd8 (0x00af0bb3) add     s7, t5, a0
core   0: 3 0x80009dd8 (0x00af0bb3) x23 0xeb275137
core   0: 0x80009ddc (0x00a95d33) srl     s10, s2, a0
core   0: 3 0x80009ddc (0x00a95d33) x26 0x00007fff
core   0: 0x80009de0 (0x00000013) nop
core   0: 3 0x80009de0 (0x00000013)
core   0: 0x80009de4 (0x0273c663) blt     t2, t2, pc + 44
core   0: 3 0x80009de4 (0x0273c663)
core   0: 0x80009de8 (0x65d20213) addi    tp, tp, 1629
core   0: 3 0x80009de8 (0x65d20213) x 4 0x0000065d
core   0: 0x80009dec (0xde3bb613) sltiu   a2, s7, -541
core   0: 3 0x80009dec (0xde3bb613) x12 0x00000001
core   0: 0x80009df0 (0x7e05a8b7) lui     a7, 0x7e05a
core   0: 3 0x80009df0 (0x7e05a8b7) x17 0x7e05a000
core   0: 0x80009df4 (0x02ea98b3) mulh    a7, s5, a4
core   0: 3 0x80009df4 (0x02ea98b3) x17 0x00000000
core   0: 0x80009df8 (0x85429117) auipc   sp, 0x85429
core   0: 3 0x80009df8 (0x85429117) x 2 0x05432df8
core   0: 0x80009dfc (0x00bc9a13) slli    s4, s9, 11
core   0: 3 0x80009dfc (0x00bc9a13) x20 0x00000000
core   0: 0x80009e00 (0x0055abb3) slt     s7, a1, t0
core   0: 3 0x80009e00 (0x0055abb3) x23 0x00000001
core   0: 0x80009e04 (0x028018b3) mulh    a7, zero, s0
core   0: 3 0x80009e04 (0x028018b3) x17 0x00000000
core   0: 0x80009e08 (0x01ae1bb3) sll     s7, t3, s10
core   0: 3 0x80009e08 (0x01ae1bb3) x23 0x80000000
core   0: 0x80009e0c (0x03811033) mulh    zero, sp, s8
core   0: 3 0x80009e0c (0x03811033)
core   0: 0x80009e10 (0x0380fd33) remu    s10, ra, s8
core   0: 3 0x80009e10 (0x0380fd33) x26 0x00000000
core   0: 0x80009e14 (0x024449b3) div     s3, s0, tp
core   0: 3 0x80009e14 (0x024449b3) x19 0x00000000
core   0: 0x80009e18 (0x3999e413) ori     s0, s3, 921
core   0: 3 0x80009e18 (0x3999e413) x 8 0x00000399
core   0: 0x80009e1c (0x01471293) slli    t0, a4, 20
core   0: 3 0x80009e1c (0x01471293) x 5 0xae600000
core   0: 0x80009e20 (0x0077c433) xor     s0, a5, t2
core   0: 3 0x80009e20 (0x0077c433) x 8 0xda506ef7
core   0: 0x80009e24 (0x4d47bb93) sltiu   s7, a5, 1236
core   0: 3 0x80009e24 (0x4d47bb93) x23 0x00000000
core   0: 0x80009e28 (0x003e74b3) and     s1, t3, gp
core   0: 3 0x80009e28 (0x003e74b3) x 9 0x00000000
core   0: 0x80009e2c (0x0341f4b3) remu    s1, gp, s4
core   0: 3 0x80009e2c (0x0341f4b3) x 9 0x00000000
core   0: 0x80009e30 (0x00a41863) bne     s0, a0, pc + 16
core   0: 3 0x80009e30 (0x00a41863)
core   0: 0x80009e40 (0x9d378a93) addi    s5, a5, -1581
core   0: 3 0x80009e40 (0x9d378a93) x21 0x25af89d3
core   0: 0x80009e44 (0x0058dc13) srli    s8, a7, 5
core   0: 3 0x80009e44 (0x0058dc13) x24 0x00000000
core   0: 0x80009e48 (0x032d8833) mul     a6, s11, s2
core   0: 3 0x80009e48 (0x032d8833) x16 0xfffac638
core   0: 0x80009e4c (0x02ef2eb3) mulhsu  t4, t5, a4
core   0: 3 0x80009e4c (0x02ef2eb3) x29 0xecca70af
core   0: 0x80009e50 (0x03097913) andi    s2, s2, 48
core   0: 3 0x80009e50 (0x03097913) x18 0x00000030
core   0: 0x80009e54 (0x029a5a33) divu    s4, s4, s1
core   0: 3 0x80009e54 (0x029a5a33) x20 0xffffffff
core   0: 0x80009e58 (0x00e67a63) bgeu    a2, a4, pc + 20
core   0: 3 0x80009e58 (0x00e67a63)
core   0: 0x80009e5c (0x8fd06613) ori     a2, zero, -1795
core   0: 3 0x80009e5c (0x8fd06613) x12 0xfffff8fd
core   0: 0x80009e60 (0x414c0533) sub     a0, s8, s4
core   0: 3 0x80009e60 (0x414c0533) x10 0x00000001
core   0: 0x80009e64 (0x015e0fb3) add     t6, t3, s5
core   0: 3 0x80009e64 (0x015e0fb3) x31 0xa5b226b8
core   0: 0x80009e68 (0xc6f4e617) auipc   a2, 0xc6f4e
core   0: 3 0x80009e68 (0xc6f4e617) x12 0x46f57e68
core   0: 0x80009e6c (0x022bd7b3) divu    a5, s7, sp
core   0: 3 0x80009e6c (0x022bd7b3) x15 0x00000000
core   0: 0x80009e70 (0x027ed1b3) divu    gp, t4, t2
core   0: 3 0x80009e70 (0x027ed1b3) x 3 0x00000000
core   0: 0x80009e74 (0x41d5dc13) srai    s8, a1, 29
core   0: 3 0x80009e74 (0x41d5dc13) x24 0xffffffff
core   0: 0x80009e78 (0x40c55fb3) sra     t6, a0, a2
core   0: 3 0x80009e78 (0x40c55fb3) x31 0x00000000
core   0: 0x80009e7c (0x03a2dfb3) divu    t6, t0, s10
core   0: 3 0x80009e7c (0x03a2dfb3) x31 0xffffffff
core   0: 0x80009e80 (0x03d95e33) divu    t3, s2, t4
core   0: 3 0x80009e80 (0x03d95e33) x28 0x00000000
core   0: 0x80009e84 (0x00ec6f33) or      t5, s8, a4
core   0: 3 0x80009e84 (0x00ec6f33) x30 0xffffffff
core   0: 0x80009e88 (0x405c8bb3) sub     s7, s9, t0
core   0: 3 0x80009e88 (0x405c8bb3) x23 0x51a00000
core   0: 0x80009e8c (0x0c46f063) bgeu    a3, tp, pc + 192
core   0: 3 0x80009e8c (0x0c46f063)
core   0: 0x80009e90 (0xbea40613) addi    a2, s0, -1046
core   0: 3 0x80009e90 (0xbea40613) x12 0xda506ae1
core   0: 0x80009e94 (0x0a274663) blt     a4, sp, pc + 172
core   0: 3 0x80009e94 (0x0a274663)
core   0: 0x80009f40 (0x414ad333) sra     t1, s5, s4
core   0: 3 0x80009f40 (0x414ad333) x 6 0x00000000
core   0: 0x80009f44 (0x03616ab3) rem     s5, sp, s6
core   0: 3 0x80009f44 (0x03616ab3) x21 0x05432df8
core   0: 0x80009f48 (0x024e2ab3) mulhsu  s5, t3, tp
core   0: 3 0x80009f48 (0x024e2ab3) x21 0x00000000
core   0: 0x80009f4c (0x4b6ccf93) xori    t6, s9, 1206
core   0: 3 0x80009f4c (0x4b6ccf93) x31 0x000004b6
core   0: 0x80009f50 (0x02ddffb3) remu    t6, s11, a3
core   0: 3 0x80009f50 (0x02ddffb3) x31 0x80029ce4
core   0: 0x80009f54 (0x0211ee33) rem     t3, gp, ra
core   0: 3 0x80009f54 (0x0211ee33) x28 0x00000000
core   0: 0x80009f58 (0x00d4e2b3) or      t0, s1, a3
core   0: 3 0x80009f58 (0x00d4e2b3) x 5 0x00000000
core   0: 0x80009f5c (0x02f44663) blt     s0, a5, pc + 44
core   0: 3 0x80009f5c (0x02f44663)
core   0: 0x80009f88 (0x023255b3) divu    a1, tp, gp
core   0: 3 0x80009f88 (0x023255b3) x11 0xffffffff
core   0: 0x80009f8c (0xda7a4cb7) lui     s9, 0xda7a4
core   0: 3 0x80009f8c (0xda7a4cb7) x25 0xda7a4000
core   0: 0x80009f90 (0x04cb9063) bne     s7, a2, pc + 64
core   0: 3 0x80009f90 (0x04cb9063)
core   0: 0x80009fd0 (0x40655e13) srai    t3, a0, 6
core   0: 3 0x80009fd0 (0x40655e13) x28 0x00000000
core   0: 0x80009fd4 (0x02bd3ab3) mulhu   s5, s10, a1
core   0: 3 0x80009fd4 (0x02bd3ab3) x21 0x00000000
core   0: 0x80009fd8 (0x015d7263) bgeu    s10, s5, pc + 4
core   0: 3 0x80009fd8 (0x015d7263)
core   0: 0x80009fdc (0x01fdc1b3) xor     gp, s11, t6
core   0: 3 0x80009fdc (0x01fdc1b3) x 3 0x00000000
core   0: 0x80009fe0 (0x033ef333) remu    t1, t4, s3
core   0: 3 0x80009fe0 (0x033ef333) x 6 0xecca70af
core   0: 0x80009fe4 (0xbd21f913) andi    s2, gp, -1070
core   0: 3 0x80009fe4 (0xbd21f913) x18 0x00000000
core   0: 0x80009fe8 (0xc2364393) xori    t2, a2, -989
core   0: 3 0x80009fe8 (0xc2364393) x 7 0x25af96c2
core   0: 0x80009fec (0x03f5e063) bltu    a1, t6, pc + 32
core   0: 3 0x80009fec (0x03f5e063)
core   0: 0x80009ff0 (0x01429433) sll     s0, t0, s4
core   0: 3 0x80009ff0 (0x01429433) x 8 0x00000000
core   0: 0x80009ff4 (0x00000013) nop
core   0: 3 0x80009ff4 (0x00000013)
core   0: 0x80009ff8 (0x03a35663) bge     t1, s10, pc + 44
core   0: 3 0x80009ff8 (0x03a35663)
core   0: 0x80009ffc (0x72a36193) ori     gp, t1, 1834
core   0: 3 0x80009ffc (0x72a36193) x 3 0xecca77af
core   0: 0x8000a000 (0x03d69333) mulh    t1, a3, t4
core   0: 3 0x8000a000 (0x03d69333) x 6 0x00000000
core   0: 0x8000a004 (0x5faee893) ori     a7, t4, 1530
core   0: 3 0x8000a004 (0x5faee893) x17 0xecca75ff
core   0: 0x8000a008 (0x01820eb3) add     t4, tp, s8
core   0: 3 0x8000a008 (0x01820eb3) x29 0x0000065c
core   0: 0x8000a00c (0x02d5f533) remu    a0, a1, a3
core   0: 3 0x8000a00c (0x02d5f533) x10 0xffffffff
core   0: 0x8000a010 (0xdb5bfa13) andi    s4, s7, -587
core   0: 3 0x8000a010 (0xdb5bfa13) x20 0x51a00000
core   0: 0x8000a014 (0x02bdaab3) mulhsu  s5, s11, a1
core   0: 3 0x8000a014 (0x02bdaab3) x21 0x80029ce4
core   0: 0x8000a018 (0x013bde33) srl     t3, s7, s3
core   0: 3 0x8000a018 (0x013bde33) x28 0x51a00000
core   0: 0x8000a01c (0x027d7333) remu    t1, s10, t2
core   0: 3 0x8000a01c (0x027d7333) x 6 0x00000000
core   0: 0x8000a020 (0x030c81b3) mul     gp, s9, a6
core   0: 3 0x8000a020 (0x030c81b3) x 3 0xd83e0000
core   0: 0x8000a024 (0x00bce863) bltu    s9, a1, pc + 16
core   0: 3 0x8000a024 (0x00bce863)
core   0: 0x8000a034 (0xf2fb4c13) xori    s8, s6, -209
core   0: 3 0x8000a034 (0xf2fb4c13) x24 0x7ffda103
core   0: 0x8000a038 (0x415dd3b3) sra     t2, s11, s5
core   0: 3 0x8000a038 (0x415dd3b3) x 7 0xf80029ce
core   0: 0x8000a03c (0x028db7b3) mulhu   a5, s11, s0
core   0: 3 0x8000a03c (0x028db7b3) x15 0x00000000
core   0: 0x8000a040 (0x02697c63) bgeu    s2, t1, pc + 56
core   0: 3 0x8000a040 (0x02697c63)
core   0: 0x8000a078 (0x40325813) srai    a6, tp, 3
core   0: 3 0x8000a078 (0x40325813) x16 0x000000cb
core   0: 0x8000a07c (0x01953033) sltu    zero, a0, s9
core   0: 3 0x8000a07c (0x01953033)
core   0: 0x8000a080 (0x01870a63) beq     a4, s8, pc + 20
core   0: 3 0x8000a080 (0x01870a63)
core   0: 0x8000a084 (0x00000013) nop
core   0: 3 0x8000a084 (0x00000013)
core   0: 0x8000a088 (0x00cf2333) slt     t1, t5, a2
core   0: 3 0x8000a088 (0x00cf2333) x 6 0x00000000
core   0: 0x8000a08c (0x031d4263) blt     s10, a7, pc + 36
core   0: 3 0x8000a08c (0x031d4263)
core   0: 0x8000a090 (0x462bae13) slti    t3, s7, 1122
core   0: 3 0x8000a090 (0x462bae13) x28 0x00000000
core   0: 0x8000a094 (0xe6964a13) xori    s4, a2, -407
core   0: 3 0x8000a094 (0xe6964a13) x20 0x25af9488
core   0: 0x8000a098 (0x5eb94213) xori    tp, s2, 1515
core   0: 3 0x8000a098 (0x5eb94213) x 4 0x000005eb
core   0: 0x8000a09c (0x0335c7b3) div     a5, a1, s3
core   0: 3 0x8000a09c (0x0335c7b3) x15 0xffffffff
core   0: 0x8000a0a0 (0x0126a533) slt     a0, a3, s2
core   0: 3 0x8000a0a0 (0x0126a533) x10 0x00000000
core   0: 0x8000a0a4 (0x01c71113) slli    sp, a4, 28
core   0: 3 0x8000a0a4 (0x01c71113) x 2 0x60000000
core   0: 0x8000a0a8 (0xab59ac37) lui     s8, 0xab59a
core   0: 3 0x8000a0a8 (0xab59ac37) x24 0xab59a000
core   0: 0x8000a0ac (0x41e555b3) sra     a1, a0, t5
core   0: 3 0x8000a0ac (0x41e555b3) x11 0x00000000
core   0: 0x8000a0b0 (0xece65817) auipc   a6, 0xece65
core   0: 3 0x8000a0b0 (0xece65817) x16 0x6ce6f0b0
core   0: 0x8000a0b4 (0xe5417a17) auipc   s4, 0xe5417
core   0: 3 0x8000a0b4 (0xe5417a17) x20 0x654210b4
core   0: 0x8000a0b8 (0x02387b97) auipc   s7, 0x2387
core   0: 3 0x8000a0b8 (0x02387b97) x23 0x823910b8
core   0: 0x8000a0bc (0x0180b333) sltu    t1, ra, s8
core   0: 3 0x8000a0bc (0x0180b333) x 6 0x00000001
core   0: 0x8000a0c0 (0x02323933) mulhu   s2, tp, gp
core   0: 3 0x8000a0c0 (0x02323933) x18 0x000004ff
core   0: 0x8000a0c4 (0xa5131397) auipc   t2, 0xa5131
core   0: 3 0x8000a0c4 (0xa5131397) x 7 0x2513b0c4
core   0: 0x8000a0c8 (0x00689863) bne     a7, t1, pc + 16
core   0: 3 0x8000a0c8 (0x00689863)
core   0: 0x8000a0d8 (0x413b8633) sub     a2, s7, s3
core   0: 3 0x8000a0d8 (0x413b8633) x12 0x823910b8
core   0: 0x8000a0dc (0x0387e433) rem     s0, a5, s8
core   0: 3 0x8000a0dc (0x0387e433) x 8 0xffffffff
core   0: 0x8000a0e0 (0x00189f33) sll     t5, a7, ra
core   0: 3 0x8000a0e0 (0x00189f33) x30 0xecca75ff
core   0: 0x8000a0e4 (0x03f84cb3) div     s9, a6, t6
core   0: 3 0x8000a0e4 (0x03f84cb3) x25 0x00000000
core   0: 0x8000a0e8 (0x02979633) mulh    a2, a5, s1
core   0: 3 0x8000a0e8 (0x02979633) x12 0x00000000
core   0: 0x8000a0ec (0x0258ceb3) div     t4, a7, t0
core   0: 3 0x8000a0ec (0x0258ceb3) x29 0xffffffff
core   0: 0x8000a0f0 (0x020918b3) mulh    a7, s2, zero
core   0: 3 0x8000a0f0 (0x020918b3) x17 0x00000000
core   0: 0x8000a0f4 (0x8056cf13) xori    t5, a3, -2043
core   0: 3 0x8000a0f4 (0x8056cf13) x30 0xfffff805
core   0: 0x8000a0f8 (0x01edfa63) bgeu    s11, t5, pc + 20
core   0: 3 0x8000a0f8 (0x01edfa63)
core   0: 0x8000a0fc (0x56087817) auipc   a6, 0x56087
core   0: 3 0x8000a0fc (0x56087817) x16 0xd60910fc
core   0: 0x8000a100 (0x4a5be8b7) lui     a7, 0x4a5be
core   0: 3 0x8000a100 (0x4a5be8b7) x17 0x4a5be000
core   0: 0x8000a104 (0x0194a533) slt     a0, s1, s9
core   0: 3 0x8000a104 (0x0194a533) x10 0x00000000
core   0: 0x8000a108 (0x400001b3) sub     gp, zero, zero
core   0: 3 0x8000a108 (0x400001b3) x 3 0x00000000
core   0: 0x8000a10c (0x01c51313) slli    t1, a0, 28
core   0: 3 0x8000a10c (0x01c51313) x 6 0x00000000
core   0: 0x8000a110 (0x02595863) bge     s2, t0, pc + 48
core   0: 3 0x8000a110 (0x02595863)
core   0: 0x8000a140 (0x411d8333) sub     t1, s11, a7
core   0: 3 0x8000a140 (0x411d8333) x 6 0x35a6bce4
core   0: 0x8000a144 (0x00b973b3) and     t2, s2, a1
core   0: 3 0x8000a144 (0x00b973b3) x 7 0x00000000
core   0: 0x8000a148 (0x016abd33) sltu    s10, s5, s6
core   0: 3 0x8000a148 (0x016abd33) x26 0x00000000
core   0: 0x8000a14c (0x00af2f33) slt     t5, t5, a0
core   0: 3 0x8000a14c (0x00af2f33) x30 0x00000001
core   0: 0x8000a150 (0x03a049b3) div     s3, zero, s10
core   0: 3 0x8000a150 (0x03a049b3) x19 0xffffffff
core   0: 0x8000a154 (0x01e685b3) add     a1, a3, t5
core   0: 3 0x8000a154 (0x01e685b3) x11 0x00000001
core   0: 0x8000a158 (0x01e40863) beq     s0, t5, pc + 16
core   0: 3 0x8000a158 (0x01e40863)
core   0: 0x8000a15c (0x6dae83b7) lui     t2, 0x6dae8
core   0: 3 0x8000a15c (0x6dae83b7) x 7 0x6dae8000
core   0: 0x8000a160 (0xc517b013) sltiu   zero, a5, -943
core   0: 3 0x8000a160 (0xc517b013)
core   0: 0x8000a164 (0x02a4d233) divu    tp, s1, a0
core   0: 3 0x8000a164 (0x02a4d233) x 4 0xffffffff
core   0: 0x8000a168 (0x0385f863) bgeu    a1, s8, pc + 48
core   0: 3 0x8000a168 (0x0385f863)
core   0: 0x8000a16c (0x00be5d13) srli    s10, t3, 11
core   0: 3 0x8000a16c (0x00be5d13) x26 0x00000000
core   0: 0x8000a170 (0x009f27b3) slt     a5, t5, s1
core   0: 3 0x8000a170 (0x009f27b3) x15 0x00000000
core   0: 0x8000a174 (0x029c73b3) remu    t2, s8, s1
core   0: 3 0x8000a174 (0x029c73b3) x 7 0xab59a000
core   0: 0x8000a178 (0x011d1e13) slli    t3, s10, 17
core   0: 3 0x8000a178 (0x011d1e13) x28 0x00000000
core   0: 0x8000a17c (0x004940b3) xor     ra, s2, tp
core   0: 3 0x8000a17c (0x004940b3) x 1 0xfffffb00
core   0: 0x8000a180 (0x01db4593) xori    a1, s6, 29
core   0: 3 0x8000a180 (0x01db4593) x11 0x80025e31
core   0: 0x8000a184 (0x017d8c63) beq     s11, s7, pc + 24
core   0: 3 0x8000a184 (0x017d8c63)
core   0: 0x8000a188 (0x0314b6b3) mulhu   a3, s1, a7
core   0: 3 0x8000a188 (0x0314b6b3) x13 0x00000000
core   0: 0x8000a18c (0x01b85c33) srl     s8, a6, s11
core   0: 3 0x8000a18c (0x01b85c33) x24 0x0d60910f
core   0: 0x8000a190 (0x0201b0b3) mulhu   ra, gp, zero
core   0: 3 0x8000a190 (0x0201b0b3) x 1 0x00000000
core   0: 0x8000a194 (0x00aa13b3) sll     t2, s4, a0
core   0: 3 0x8000a194 (0x00aa13b3) x 7 0x654210b4
core   0: 0x8000a198 (0x0131dc63) bge     gp, s3, pc + 24
core   0: 3 0x8000a198 (0x0131dc63)
core   0: 0x8000a1b0 (0x00255c13) srli    s8, a0, 2
core   0: 3 0x8000a1b0 (0x00255c13) x24 0x00000000
core   0: 0x8000a1b4 (0x002b6f33) or      t5, s6, sp
core   0: 3 0x8000a1b4 (0x002b6f33) x30 0xe0025e2c
core   0: 0x8000a1b8 (0x00a35263) bge     t1, a0, pc + 4
core   0: 3 0x8000a1b8 (0x00a35263)
core   0: 0x8000a1bc (0xc1080f13) addi    t5, a6, -1008
core   0: 3 0x8000a1bc (0xc1080f13) x30 0xd6090d0c
core   0: 0x8000a1c0 (0x41ba58b3) sra     a7, s4, s11
core   0: 3 0x8000a1c0 (0x41ba58b3) x17 0x0654210b
core   0: 0x8000a1c4 (0x3b8d8993) addi    s3, s11, 952
core   0: 3 0x8000a1c4 (0x3b8d8993) x19 0x8002a09c
core   0: 0x8000a1c8 (0x02acc6b3) div     a3, s9, a0
core   0: 3 0x8000a1c8 (0x02acc6b3) x13 0xffffffff
core   0: 0x8000a1cc (0xd4370613) addi    a2, a4, -701
core   0: 3 0x8000a1cc (0xd4370613) x12 0xeb14d829
core   0: 0x8000a1d0 (0x637ec593) xori    a1, t4, 1591
core   0: 3 0x8000a1d0 (0x637ec593) x11 0xfffff9c8
core   0: 0x8000a1d4 (0x033a6133) rem     sp, s4, s3
core   0: 3 0x8000a1d4 (0x033a6133) x 2 0x654210b4
core   0: 0x8000a1d8 (0x01d57e33) and     t3, a0, t4
core   0: 3 0x8000a1d8 (0x01d57e33) x28 0x00000000
core   0: 0x8000a1dc (0x02cd45b3) div     a1, s10, a2
core   0: 3 0x8000a1dc (0x02cd45b3) x11 0x00000000
core   0: 0x8000a1e0 (0x021836b3) mulhu   a3, a6, ra
core   0: 3 0x8000a1e0 (0x021836b3) x13 0x00000000
core   0: 0x8000a1e4 (0x0288d663) bge     a7, s0, pc + 44
core   0: 3 0x8000a1e4 (0x0288d663)
core   0: 0x8000a210 (0x027d4e63) blt     s10, t2, pc + 60
core   0: 3 0x8000a210 (0x027d4e63)
core   0: 0x8000a24c (0x03056463) bltu    a0, a6, pc + 40
core   0: 3 0x8000a24c (0x03056463)
core   0: 0x8000a274 (0xf49f2613) slti    a2, t5, -183
core   0: 3 0x8000a274 (0xf49f2613) x12 0x00000001
core   0: 0x8000a278 (0x01901c93) slli    s9, zero, 25
core   0: 3 0x8000a278 (0x01901c93) x25 0x00000000
core   0: 0x8000a27c (0x0021da33) srl     s4, gp, sp
core   0: 3 0x8000a27c (0x0021da33) x20 0x00000000
core   0: 0x8000a280 (0x0242c1b3) div     gp, t0, tp
core   0: 3 0x8000a280 (0x0242c1b3) x 3 0x00000000
core   0: 0x8000a284 (0x99553e13) sltiu   t3, a0, -1643
core   0: 3 0x8000a284 (0x99553e13) x28 0x00000001
core   0: 0x8000a288 (0x01ee2033) slt     zero, t3, t5
core   0: 3 0x8000a288 (0x01ee2033)
core   0: 0x8000a28c (0x49ff0c37) lui     s8, 0x49ff0
core   0: 3 0x8000a28c (0x49ff0c37) x24 0x49ff0000
core   0: 0x8000a290 (0x03806ab3) rem     s5, zero, s8
core   0: 3 0x8000a290 (0x03806ab3) x21 0x00000000
core   0: 0x8000a294 (0x019623b3) slt     t2, a2, s9
core   0: 3 0x8000a294 (0x019623b3) x 7 0x00000000
core   0: 0x8000a298 (0x027b0a63) beq     s6, t2, pc + 52
core   0: 3 0x8000a298 (0x027b0a63)
core   0: 0x8000a29c (0x02fac3b3) div     t2, s5, a5
core   0: 3 0x8000a29c (0x02fac3b3) x 7 0xffffffff
core   0: 0x8000a2a0 (0x00a2fcb3) and     s9, t0, a0
core   0: 3 0x8000a2a0 (0x00a2fcb3) x25 0x00000000
core   0: 0x8000a2a4 (0x032be663) bltu    s7, s2, pc + 44
core   0: 3 0x8000a2a4 (0x032be663)
core   0: 0x8000a2a8 (0x034e33b3) mulhu   t2, t3, s4
core   0: 3 0x8000a2a8 (0x034e33b3) x 7 0x00000000
core   0: 0x8000a2ac (0x00c202b3) add     t0, tp, a2
core   0: 3 0x8000a2ac (0x00c202b3) x 5 0x00000000
core   0: 0x8000a2b0 (0x00b06c33) or      s8, zero, a1
core   0: 3 0x8000a2b0 (0x00b06c33) x24 0x00000000
core   0: 0x8000a2b4 (0x00000013) nop
core   0: 3 0x8000a2b4 (0x00000013)
core   0: 0x8000a2b8 (0x0190cc33) xor     s8, ra, s9
core   0: 3 0x8000a2b8 (0x0190cc33) x24 0x00000000
core   0: 0x8000a2bc (0x01a1b4b3) sltu    s1, gp, s10
core   0: 3 0x8000a2bc (0x01a1b4b3) x 9 0x00000000
core   0: 0x8000a2c0 (0x00000013) nop
core   0: 3 0x8000a2c0 (0x00000013)
core   0: 0x8000a2c4 (0x00fa9033) sll     zero, s5, a5
core   0: 3 0x8000a2c4 (0x00fa9033)
core   0: 0x8000a2c8 (0x00ed29b3) slt     s3, s10, a4
core   0: 3 0x8000a2c8 (0x00ed29b3) x19 0x00000000
core   0: 0x8000a2cc (0x02b115b3) mulh    a1, sp, a1
core   0: 3 0x8000a2cc (0x02b115b3) x11 0x00000000
core   0: 0x8000a2d0 (0x023efeb3) remu    t4, t4, gp
core   0: 3 0x8000a2d0 (0x023efeb3) x29 0xffffffff
core   0: 0x8000a2d4 (0x0242b1b3) mulhu   gp, t0, tp
core   0: 3 0x8000a2d4 (0x0242b1b3) x 3 0x00000000
core   0: 0x8000a2d8 (0x01b29113) slli    sp, t0, 27
core   0: 3 0x8000a2d8 (0x01b29113) x 2 0x00000000
core   0: 0x8000a2dc (0x00677eb3) and     t4, a4, t1
core   0: 3 0x8000a2dc (0x00677eb3) x29 0x210498e4
core   0: 0x8000a2e0 (0x014a59b3) srl     s3, s4, s4
core   0: 3 0x8000a2e0 (0x014a59b3) x19 0x00000000
core   0: 0x8000a2e4 (0x01f8ceb3) xor     t4, a7, t6
core   0: 3 0x8000a2e4 (0x01f8ceb3) x29 0x8656bdef
core   0: 0x8000a2e8 (0x001c6333) or      t1, s8, ra
core   0: 3 0x8000a2e8 (0x001c6333) x 6 0x00000000
core   0: 0x8000a2ec (0x00da1993) slli    s3, s4, 13
core   0: 3 0x8000a2ec (0x00da1993) x19 0x00000000
core   0: 0x8000a2f0 (0xe0226693) ori     a3, tp, -510
core   0: 3 0x8000a2f0 (0xe0226693) x13 0xffffffff
core   0: 0x8000a2f4 (0x8d966213) ori     tp, a2, -1831
core   0: 3 0x8000a2f4 (0x8d966213) x 4 0xfffff8d9
core   0: 0x8000a2f8 (0x41765893) srai    a7, a2, 23
core   0: 3 0x8000a2f8 (0x41765893) x17 0x00000000
core   0: 0x8000a2fc (0x4aeaca93) xori    s5, s5, 1198
core   0: 3 0x8000a2fc (0x4aeaca93) x21 0x000004ae
core   0: 0x8000a300 (0x190f7213) andi    tp, t5, 400
core   0: 3 0x8000a300 (0x190f7213) x 4 0x00000100
core   0: 0x8000a304 (0x0564f063) bgeu    s1, s6, pc + 64
core   0: 3 0x8000a304 (0x0564f063)
core   0: 0x8000a308 (0x017090b3) sll     ra, ra, s7
core   0: 3 0x8000a308 (0x017090b3) x 1 0x00000000
core   0: 0x8000a30c (0x032804b3) mul     s1, a6, s2
core   0: 3 0x8000a30c (0x032804b3) x 9 0x574bdb04
core   0: 0x8000a310 (0x004bcc63) blt     s7, tp, pc + 24
core   0: 3 0x8000a310 (0x004bcc63)
core   0: 0x8000a328 (0x019fde63) bge     t6, s9, pc + 28
core   0: 3 0x8000a328 (0x019fde63)
core   0: 0x8000a32c (0x0318f663) bgeu    a7, a7, pc + 44
core   0: 3 0x8000a32c (0x0318f663)
core   0: 0x8000a358 (0x05f94063) blt     s2, t6, pc + 64
core   0: 3 0x8000a358 (0x05f94063)
core   0: 0x8000a35c (0x01826633) or      a2, tp, s8
core   0: 3 0x8000a35c (0x01826633) x12 0x00000100
core   0: 0x8000a360 (0x01080d33) add     s10, a6, a6
core   0: 3 0x8000a360 (0x01080d33) x26 0xac1221f8
core   0: 0x8000a364 (0x9f6c3313) sltiu   t1, s8, -1546
core   0: 3 0x8000a364 (0x9f6c3313) x 6 0x00000001
core   0: 0x8000a368 (0x031bc933) div     s2, s7, a7
core   0: 3 0x8000a368 (0x031bc933) x18 0xffffffff
core   0: 0x8000a36c (0x00375e13) srli    t3, a4, 3
core   0: 3 0x8000a36c (0x00375e13) x28 0x1d629b5c
core   0: 0x8000a370 (0x0193ebb3) or      s7, t2, s9
core   0: 3 0x8000a370 (0x0193ebb3) x23 0x00000000
core   0: 0x8000a374 (0x03c95233) divu    tp, s2, t3
core   0: 3 0x8000a374 (0x03c95233) x 4 0x00000008
core   0: 0x8000a378 (0x02214033) div     zero, sp, sp
core   0: 3 0x8000a378 (0x02214033)
core   0: 0x8000a37c (0x01fa5a63) bge     s4, t6, pc + 20
core   0: 3 0x8000a37c (0x01fa5a63)
core   0: 0x8000a390 (0xbe1a3c97) auipc   s9, 0xbe1a3
core   0: 3 0x8000a390 (0xbe1a3c97) x25 0x3e1ad390
core   0: 0x8000a394 (0x0001d313) srli    t1, gp, 0
core   0: 3 0x8000a394 (0x0001d313) x 6 0x00000000
core   0: 0x8000a398 (0x026e5833) divu    a6, t3, t1
core   0: 3 0x8000a398 (0x026e5833) x16 0xffffffff
core   0: 0x8000a39c (0x41b8df33) sra     t5, a7, s11
core   0: 3 0x8000a39c (0x41b8df33) x30 0x00000000
core   0: 0x8000a3a0 (0x02ab6e63) bltu    s6, a0, pc + 60
core   0: 3 0x8000a3a0 (0x02ab6e63)
core   0: 0x8000a3a4 (0x01c35593) srli    a1, t1, 28
core   0: 3 0x8000a3a4 (0x01c35593) x11 0x00000000
core   0: 0x8000a3a8 (0x00d7a333) slt     t1, a5, a3
core   0: 3 0x8000a3a8 (0x00d7a333) x 6 0x00000000
core   0: 0x8000a3ac (0x02d86663) bltu    a6, a3, pc + 44
core   0: 3 0x8000a3ac (0x02d86663)
core   0: 0x8000a3b0 (0x00403933) snez    s2, tp
core   0: 3 0x8000a3b0 (0x00403933) x18 0x00000001
core   0: 0x8000a3b4 (0x00000013) nop
core   0: 3 0x8000a3b4 (0x00000013)
core   0: 0x8000a3b8 (0xd2d70513) addi    a0, a4, -723
core   0: 3 0x8000a3b8 (0xd2d70513) x10 0xeb14d813
core   0: 0x8000a3bc (0x02840433) mul     s0, s0, s0
core   0: 3 0x8000a3bc (0x02840433) x 8 0x00000001
core   0: 0x8000a3c0 (0x41750f33) sub     t5, a0, s7
core   0: 3 0x8000a3c0 (0x41750f33) x30 0xeb14d813
core   0: 0x8000a3c4 (0x03669e63) bne     a3, s6, pc + 60
core   0: 3 0x8000a3c4 (0x03669e63)
core   0: 0x8000a400 (0x0118d913) srli    s2, a7, 17
core   0: 3 0x8000a400 (0x0118d913) x18 0x00000000
core   0: 0x8000a404 (0x2e487613) andi    a2, a6, 740
core   0: 3 0x8000a404 (0x2e487613) x12 0x000002e4
core   0: 0x8000a408 (0x66250393) addi    t2, a0, 1634
core   0: 3 0x8000a408 (0x66250393) x 7 0xeb14de75
core   0: 0x8000a40c (0x00000013) nop
core   0: 3 0x8000a40c (0x00000013)
core   0: 0x8000a410 (0x00471233) sll     tp, a4, tp
core   0: 3 0x8000a410 (0x00471233) x 4 0x14dae600
core   0: 0x8000a414 (0x011b5533) srl     a0, s6, a7
core   0: 3 0x8000a414 (0x011b5533) x10 0x80025e2c
core   0: 0x8000a418 (0xcdf1a413) slti    s0, gp, -801
core   0: 3 0x8000a418 (0xcdf1a413) x 8 0x00000000
core   0: 0x8000a41c (0x0350fe63) bgeu    ra, s5, pc + 60
core   0: 3 0x8000a41c (0x0350fe63)
core   0: 0x8000a420 (0x03fa9c63) bne     s5, t6, pc + 56
core   0: 3 0x8000a420 (0x03fa9c63)
core   0: 0x8000a458 (0x008dea33) or      s4, s11, s0
core   0: 3 0x8000a458 (0x008dea33) x20 0x80029ce4
core   0: 0x8000a45c (0xfd315517) auipc   a0, 0xfd315
core   0: 3 0x8000a45c (0xfd315517) x10 0x7d31f45c
core   0: 0x8000a460 (0x400f80b3) sub     ra, t6, zero
core   0: 3 0x8000a460 (0x400f80b3) x 1 0x80029ce4
core   0: 0x8000a464 (0x937a8093) addi    ra, s5, -1737
core   0: 3 0x8000a464 (0x937a8093) x 1 0xfffffde5
core   0: 0x8000a468 (0x02141d33) mulh    s10, s0, ra
core   0: 3 0x8000a468 (0x02141d33) x26 0x00000000
core   0: 0x8000a46c (0xfc8df593) andi    a1, s11, -56
core   0: 3 0x8000a46c (0xfc8df593) x11 0x80029cc0
core   0: 0x8000a470 (0x0264d833) divu    a6, s1, t1
core   0: 3 0x8000a470 (0x0264d833) x16 0xffffffff
core   0: 0x8000a474 (0x01899e13) slli    t3, s3, 24
core   0: 3 0x8000a474 (0x01899e13) x28 0x00000000
core   0: 0x8000a478 (0xeb1aef13) ori     t5, s5, -335
core   0: 3 0x8000a478 (0xeb1aef13) x30 0xfffffebf
core   0: 0x8000a47c (0x02852833) mulhsu  a6, a0, s0
core   0: 3 0x8000a47c (0x02852833) x16 0x00000000
core   0: 0x8000a480 (0x00000013) nop
core   0: 3 0x8000a480 (0x00000013)
core   0: 0x8000a484 (0x0814da63) bge     s1, ra, pc + 148
core   0: 3 0x8000a484 (0x0814da63)
core   0: 0x8000a518 (0x4a466c93) ori     s9, a2, 1188
core   0: 3 0x8000a518 (0x4a466c93) x25 0x000006e4
core   0: 0x8000a51c (0x028b8533) mul     a0, s7, s0
core   0: 3 0x8000a51c (0x028b8533) x10 0x00000000
core   0: 0x8000a520 (0x01669b93) slli    s7, a3, 22
core   0: 3 0x8000a520 (0x01669b93) x23 0xffc00000
core   0: 0x8000a524 (0xcb057513) andi    a0, a0, -848
core   0: 3 0x8000a524 (0xcb057513) x10 0x00000000
core   0: 0x8000a528 (0x00000013) nop
core   0: 3 0x8000a528 (0x00000013)
core   0: 0x8000a52c (0x02eda6b3) mulhsu  a3, s11, a4
core   0: 3 0x8000a52c (0x02eda6b3) x13 0x8a77f8c8
core   0: 0x8000a530 (0x85e78337) lui     t1, 0x85e78
core   0: 3 0x8000a530 (0x85e78337) x 6 0x85e78000
core   0: 0x8000a534 (0x00500eb3) add     t4, zero, t0
core   0: 3 0x8000a534 (0x00500eb3) x29 0x00000000
core   0: 0x8000a538 (0x0287e863) bltu    a5, s0, pc + 48
core   0: 3 0x8000a538 (0x0287e863)
core   0: 0x8000a53c (0x00e07833) and     a6, zero, a4
core   0: 3 0x8000a53c (0x00e07833) x16 0x00000000
core   0: 0x8000a540 (0x02775463) bge     a4, t2, pc + 40
core   0: 3 0x8000a540 (0x02775463)
core   0: 0x8000a544 (0x41448933) sub     s2, s1, s4
core   0: 3 0x8000a544 (0x41448933) x18 0xd7493e20
core   0: 0x8000a548 (0x01fccd33) xor     s10, s9, t6
core   0: 3 0x8000a548 (0x01fccd33) x26 0x80029a00
core   0: 0x8000a54c (0x03dbe2b3) rem     t0, s7, t4
core   0: 3 0x8000a54c (0x03dbe2b3) x 5 0xffc00000
core   0: 0x8000a550 (0x00f9cfb3) xor     t6, s3, a5
core   0: 3 0x8000a550 (0x00f9cfb3) x31 0x00000000
core   0: 0x8000a554 (0x03457663) bgeu    a0, s4, pc + 44
core   0: 3 0x8000a554 (0x03457663)
core   0: 0x8000a558 (0x00174263) blt     a4, ra, pc + 4
core   0: 3 0x8000a558 (0x00174263)
core   0: 0x8000a55c (0x01b7ea33) or      s4, a5, s11
core   0: 3 0x8000a55c (0x01b7ea33) x20 0x80029ce4
core   0: 0x8000a560 (0x00ab80b3) add     ra, s7, a0
core   0: 3 0x8000a560 (0x00ab80b3) x 1 0xffc00000
core   0: 0x8000a564 (0x01e86933) or      s2, a6, t5
core   0: 3 0x8000a564 (0x01e86933) x18 0xfffffebf
core   0: 0x8000a568 (0x03118533) mul     a0, gp, a7
core   0: 3 0x8000a568 (0x03118533) x10 0x00000000
core   0: 0x8000a56c (0x026988b3) mul     a7, s3, t1
core   0: 3 0x8000a56c (0x026988b3) x17 0x00000000
core   0: 0x8000a570 (0x79dfaa93) slti    s5, t6, 1949
core   0: 3 0x8000a570 (0x79dfaa93) x21 0x00000001
core   0: 0x8000a574 (0x0083c7b3) xor     a5, t2, s0
core   0: 3 0x8000a574 (0x0083c7b3) x15 0xeb14de75
core   0: 0x8000a578 (0x03629e33) mulh    t3, t0, s6
core   0: 3 0x8000a578 (0x03629e33) x28 0x001fff68
core   0: 0x8000a57c (0xae5e8cb7) lui     s9, 0xae5e8
core   0: 3 0x8000a57c (0xae5e8cb7) x25 0xae5e8000
core   0: 0x8000a580 (0x03e084b3) mul     s1, ra, t5
core   0: 3 0x8000a580 (0x03e084b3) x 9 0x50400000
core   0: 0x8000a584 (0x0244a633) mulhsu  a2, s1, tp
core   0: 3 0x8000a584 (0x0244a633) x12 0x06899e99
core   0: 0x8000a588 (0x01a3fc63) bgeu    t2, s10, pc + 24
core   0: 3 0x8000a588 (0x01a3fc63)
core   0: 0x8000a5a0 (0x03513833) mulhu   a6, sp, s5
core   0: 3 0x8000a5a0 (0x03513833) x16 0x00000000
core   0: 0x8000a5a4 (0x730ff597) auipc   a1, 0x730ff
core   0: 3 0x8000a5a4 (0x730ff597) x11 0xf31095a4
core   0: 0x8000a5a8 (0x00528e63) beq     t0, t0, pc + 28
core   0: 3 0x8000a5a8 (0x00528e63)
core   0: 0x8000a5c4 (0x915d2c13) slti    s8, s10, -1771
core   0: 3 0x8000a5c4 (0x915d2c13) x24 0x00000001
core   0: 0x8000a5c8 (0x00b075b3) and     a1, zero, a1
core   0: 3 0x8000a5c8 (0x00b075b3) x11 0x00000000
core   0: 0x8000a5cc (0x0022f633) and     a2, t0, sp
core   0: 3 0x8000a5cc (0x0022f633) x12 0x00000000
core   0: 0x8000a5d0 (0x02fc5cb3) divu    s9, s8, a5
core   0: 3 0x8000a5d0 (0x02fc5cb3) x25 0x00000000
core   0: 0x8000a5d4 (0x01721513) slli    a0, tp, 23
core   0: 3 0x8000a5d4 (0x01721513) x10 0x00000000
core   0: 0x8000a5d8 (0x41c15133) sra     sp, sp, t3
core   0: 3 0x8000a5d8 (0x41c15133) x 2 0x00000000
core   0: 0x8000a5dc (0x00100413) li      s0, 1
core   0: 3 0x8000a5dc (0x00100413) x 8 0x00000001
core   0: 0x8000a5e0 (0x3d533f93) sltiu   t6, t1, 981
core   0: 3 0x8000a5e0 (0x3d533f93) x31 0x00000000
core   0: 0x8000a5e4 (0x02b8f4b3) remu    s1, a7, a1
core   0: 3 0x8000a5e4 (0x02b8f4b3) x 9 0x00000000
core   0: 0x8000a5e8 (0x00000993) li      s3, 0
core   0: 3 0x8000a5e8 (0x00000993) x19 0x00000000
core   0: 0x8000a5ec (0x0010b7b3) sltu    a5, ra, ra
core   0: 3 0x8000a5ec (0x0010b7b3) x15 0x00000000
core   0: 0x8000a5f0 (0xc6a37337) lui     t1, 0xc6a37
core   0: 3 0x8000a5f0 (0xc6a37337) x 6 0xc6a37000
core   0: 0x8000a5f4 (0x03661d33) mulh    s10, a2, s6
core   0: 3 0x8000a5f4 (0x03661d33) x26 0x00000000
core   0: 0x8000a5f8 (0xffd40413) addi    s0, s0, -3
core   0: 3 0x8000a5f8 (0xffd40413) x 8 0xfffffffe
core   0: 0x8000a5fc (0xff3458e3) bge     s0, s3, pc - 16
core   0: 3 0x8000a5fc (0xff3458e3)
core   0: 0x8000a600 (0x02ebc7b3) div     a5, s7, a4
core   0: 3 0x8000a600 (0x02ebc7b3) x15 0x00000000
core   0: 0x8000a604 (0x03a57863) bgeu    a0, s10, pc + 48
core   0: 3 0x8000a604 (0x03a57863)
core   0: 0x8000a634 (0x00000013) nop
core   0: 3 0x8000a634 (0x00000013)
core   0: 0x8000a638 (0x31f43e13) sltiu   t3, s0, 799
core   0: 3 0x8000a638 (0x31f43e13) x28 0x00000000
core   0: 0x8000a63c (0x03cb5cb3) divu    s9, s6, t3
core   0: 3 0x8000a63c (0x03cb5cb3) x25 0xffffffff
core   0: 0x8000a640 (0xe48bbf93) sltiu   t6, s7, -440
core   0: 3 0x8000a640 (0xe48bbf93) x31 0x00000001
core   0: 0x8000a644 (0x2d4cfa93) andi    s5, s9, 724
core   0: 3 0x8000a644 (0x2d4cfa93) x21 0x000002d4
core   0: 0x8000a648 (0x02d8c433) div     s0, a7, a3
core   0: 3 0x8000a648 (0x02d8c433) x 8 0x00000000
core   0: 0x8000a64c (0x01cd6863) bltu    s10, t3, pc + 16
core   0: 3 0x8000a64c (0x01cd6863)
core   0: 0x8000a650 (0x41720433) sub     s0, tp, s7
core   0: 3 0x8000a650 (0x41720433) x 8 0x151ae600
core   0: 0x8000a654 (0x00000013) nop
core   0: 3 0x8000a654 (0x00000013)
core   0: 0x8000a658 (0x009032b3) snez    t0, s1
core   0: 3 0x8000a658 (0x009032b3) x 5 0x00000000
core   0: 0x8000a65c (0x010c26b3) slt     a3, s8, a6
core   0: 3 0x8000a65c (0x010c26b3) x13 0x00000000
core   0: 0x8000a660 (0x40fc0833) sub     a6, s8, a5
core   0: 3 0x8000a660 (0x40fc0833) x16 0x00000001
core   0: 0x8000a664 (0x351e7493) andi    s1, t3, 849
core   0: 3 0x8000a664 (0x351e7493) x 9 0x00000000
core   0: 0x8000a668 (0x00385e13) srli    t3, a6, 3
core   0: 3 0x8000a668 (0x00385e13) x28 0x00000000
core   0: 0x8000a66c (0x4ae9c113) xori    sp, s3, 1198
core   0: 3 0x8000a66c (0x4ae9c113) x 2 0x000004ae
core   0: 0x8000a670 (0x021225b3) mulhsu  a1, tp, ra
core   0: 3 0x8000a670 (0x021225b3) x11 0x14d5af46
core   0: 0x8000a674 (0x09843437) lui     s0, 0x9843
core   0: 3 0x8000a674 (0x09843437) x 8 0x09843000
core   0: 0x8000a678 (0x033f19b3) mulh    s3, t5, s3
core   0: 3 0x8000a678 (0x033f19b3) x19 0x00000000
core   0: 0x8000a67c (0x4513c993) xori    s3, t2, 1105
core   0: 3 0x8000a67c (0x4513c993) x19 0xeb14da24
core   0: 0x8000a680 (0x03f942b3) div     t0, s2, t6
core   0: 3 0x8000a680 (0x03f942b3) x 5 0xfffffebf
core   0: 0x8000a684 (0x02149cb3) mulh    s9, s1, ra
core   0: 3 0x8000a684 (0x02149cb3) x25 0x00000000
core   0: 0x8000a688 (0xfd080ab7) lui     s5, 0xfd080
core   0: 3 0x8000a688 (0xfd080ab7) x21 0xfd080000
core   0: 0x8000a68c (0x01359a63) bne     a1, s3, pc + 20
core   0: 3 0x8000a68c (0x01359a63)
core   0: 0x8000a6a0 (0x00f0d193) srli    gp, ra, 15
core   0: 3 0x8000a6a0 (0x00f0d193) x 3 0x0001ff80
core   0: 0x8000a6a4 (0x01a58a63) beq     a1, s10, pc + 20
core   0: 3 0x8000a6a4 (0x01a58a63)
core   0: 0x8000a6a8 (0x00000013) nop
core   0: 3 0x8000a6a8 (0x00000013)
core   0: 0x8000a6ac (0x28f69217) auipc   tp, 0x28f69
core   0: 3 0x8000a6ac (0x28f69217) x 4 0xa8f736ac
core   0: 0x8000a6b0 (0x03dbebb3) rem     s7, s7, t4
core   0: 3 0x8000a6b0 (0x03dbebb3) x23 0xffc00000
core   0: 0x8000a6b4 (0x40c75833) sra     a6, a4, a2
core   0: 3 0x8000a6b4 (0x40c75833) x16 0xeb14dae6
core   0: 0x8000a6b8 (0x00000013) nop
core   0: 3 0x8000a6b8 (0x00000013)
core   0: 0x8000a6bc (0x70a04493) xori    s1, zero, 1802
core   0: 3 0x8000a6bc (0x70a04493) x 9 0x0000070a
core   0: 0x8000a6c0 (0x00c19913) slli    s2, gp, 12
core   0: 3 0x8000a6c0 (0x00c19913) x18 0x1ff80000
core   0: 0x8000a6c4 (0x02b58fb3) mul     t6, a1, a1
core   0: 3 0x8000a6c4 (0x02b58fb3) x31 0x127cc724
core   0: 0x8000a6c8 (0x008f8433) add     s0, t6, s0
core   0: 3 0x8000a6c8 (0x008f8433) x 8 0x1c00f724
core   0: 0x8000a6cc (0x002ae8b3) or      a7, s5, sp
core   0: 3 0x8000a6cc (0x002ae8b3) x17 0xfd0804ae
core   0: 0x8000a6d0 (0x3fabf997) auipc   s3, 0x3fabf
core   0: 3 0x8000a6d0 (0x3fabf997) x19 0xbfac96d0
core   0: 0x8000a6d4 (0x024b2eb3) mulhsu  t4, s6, tp
core   0: 3 0x8000a6d4 (0x024b2eb3) x29 0xab85f4c0
core   0: 0x8000a6d8 (0x02cac533) div     a0, s5, a2
core   0: 3 0x8000a6d8 (0x02cac533) x10 0xffffffff
core   0: 0x8000a6dc (0x02f5f0b3) remu    ra, a1, a5
core   0: 3 0x8000a6dc (0x02f5f0b3) x 1 0x14d5af46
core   0: 0x8000a6e0 (0x03260e33) mul     t3, a2, s2
core   0: 3 0x8000a6e0 (0x03260e33) x28 0x00000000
core   0: 0x8000a6e4 (0x038e68b3) rem     a7, t3, s8
core   0: 3 0x8000a6e4 (0x038e68b3) x17 0x00000000
core   0: 0x8000a6e8 (0x038a13b3) mulh    t2, s4, s8
core   0: 3 0x8000a6e8 (0x038a13b3) x 7 0xffffffff
core   0: 0x8000a6ec (0x00000013) nop
core   0: 3 0x8000a6ec (0x00000013)
core   0: 0x8000a6f0 (0x0508d063) bge     a7, a6, pc + 64
core   0: 3 0x8000a6f0 (0x0508d063)
core   0: 0x8000a730 (0x00366f33) or      t5, a2, gp
core   0: 3 0x8000a730 (0x00366f33) x30 0x0001ff80
core   0: 0x8000a734 (0x01ce5c13) srli    s8, t3, 28
core   0: 3 0x8000a734 (0x01ce5c13) x24 0x00000000
core   0: 0x8000a738 (0x013f37b3) sltu    a5, t5, s3
core   0: 3 0x8000a738 (0x013f37b3) x15 0x00000001
core   0: 0x8000a73c (0x0139e863) bltu    s3, s3, pc + 16
core   0: 3 0x8000a73c (0x0139e863)
core   0: 0x8000a740 (0x02da5863) bge     s4, a3, pc + 48
core   0: 3 0x8000a740 (0x02da5863)
core   0: 0x8000a744 (0x009265b3) or      a1, tp, s1
core   0: 3 0x8000a744 (0x009265b3) x11 0xa8f737ae
core   0: 0x8000a748 (0x011bd8b3) srl     a7, s7, a7
core   0: 3 0x8000a748 (0x011bd8b3) x17 0xffc00000
core   0: 0x8000a74c (0x01baaf33) slt     t5, s5, s11
core   0: 3 0x8000a74c (0x01baaf33) x30 0x00000000
core   0: 0x8000a750 (0x401109b3) sub     s3, sp, ra
core   0: 3 0x8000a750 (0x401109b3) x19 0xeb2a5568
core   0: 0x8000a754 (0xee39f397) auipc   t2, 0xee39f
core   0: 3 0x8000a754 (0xee39f397) x 7 0x6e3a9754
core   0: 0x8000a758 (0x0170b6b3) sltu    a3, ra, s7
core   0: 3 0x8000a758 (0x0170b6b3) x13 0x00000001
core   0: 0x8000a75c (0x01547433) and     s0, s0, s5
core   0: 3 0x8000a75c (0x01547433) x 8 0x1c000000
core   0: 0x8000a760 (0x03bf9fb3) mulh    t6, t6, s11
core   0: 3 0x8000a760 (0x03bf9fb3) x31 0xf6c1ccbc
core   0: 0x8000a764 (0x012d3e33) sltu    t3, s10, s2
core   0: 3 0x8000a764 (0x012d3e33) x28 0x00000001
core   0: 0x8000a768 (0x0344b833) mulhu   a6, s1, s4
core   0: 3 0x8000a768 (0x0344b833) x16 0x00000385
core   0: 0x8000a76c (0xefe47d13) andi    s10, s0, -258
core   0: 3 0x8000a76c (0xefe47d13) x26 0x1c000000
core   0: 0x8000a770 (0x01a89e13) slli    t3, a7, 26
core   0: 3 0x8000a770 (0x01a89e13) x28 0x00000000
core   0: 0x8000a774 (0x40300633) sub     a2, zero, gp
core   0: 3 0x8000a774 (0x40300633) x12 0xfffe0080
core   0: 0x8000a778 (0x24412397) auipc   t2, 0x24412
core   0: 3 0x8000a778 (0x24412397) x 7 0xa441c778
core   0: 0x8000a77c (0x418c8933) sub     s2, s9, s8
core   0: 3 0x8000a77c (0x418c8933) x18 0x00000000
core   0: 0x8000a780 (0x017d2f33) slt     t5, s10, s7
core   0: 3 0x8000a780 (0x017d2f33) x30 0x00000000
core   0: 0x8000a784 (0x2f8a8697) auipc   a3, 0x2f8a8
core   0: 3 0x8000a784 (0x2f8a8697) x13 0xaf8b2784
core   0: 0x8000a788 (0x00943933) sltu    s2, s0, s1
core   0: 3 0x8000a788 (0x00943933) x18 0x00000000
core   0: 0x8000a78c (0x002e11b3) sll     gp, t3, sp
core   0: 3 0x8000a78c (0x002e11b3) x 3 0x00000000
core   0: 0x8000a790 (0x022d27b3) mulhsu  a5, s10, sp
core   0: 3 0x8000a790 (0x022d27b3) x15 0x00000083
core   0: 0x8000a794 (0x013e7913) andi    s2, t3, 19
core   0: 3 0x8000a794 (0x013e7913) x18 0x00000000
core   0: 0x8000a798 (0x002abbb3) sltu    s7, s5, sp
core   0: 3 0x8000a798 (0x002abbb3) x23 0x00000000
core   0: 0x8000a79c (0x02658933) mul     s2, a1, t1
core   0: 3 0x8000a79c (0x02658933) x18 0x30262000
core   0: 0x8000a7a0 (0x32ba4393) xori    t2, s4, 811
core   0: 3 0x8000a7a0 (0x32ba4393) x 7 0x80029fcf
core   0: 0x8000a7a4 (0x000b9b93) slli    s7, s7, 0
core   0: 3 0x8000a7a4 (0x000b9b93) x23 0x00000000
core   0: 0x8000a7a8 (0x0376b133) mulhu   sp, a3, s7
core   0: 3 0x8000a7a8 (0x0376b133) x 2 0x00000000
core   0: 0x8000a7ac (0x0378d8b3) divu    a7, a7, s7
core   0: 3 0x8000a7ac (0x0378d8b3) x17 0xffffffff
core   0: 0x8000a7b0 (0x007a4bb3) xor     s7, s4, t2
core   0: 3 0x8000a7b0 (0x007a4bb3) x23 0x0000032b
core   0: 0x8000a7b4 (0x0b844813) xori    a6, s0, 184
core   0: 3 0x8000a7b4 (0x0b844813) x16 0x1c0000b8
core   0: 0x8000a7b8 (0x02b181b3) mul     gp, gp, a1
core   0: 3 0x8000a7b8 (0x02b181b3) x 3 0x00000000
core   0: 0x8000a7bc (0x01f0c7b3) xor     a5, ra, t6
core   0: 3 0x8000a7bc (0x01f0c7b3) x15 0xe21463fa
core   0: 0x8000a7c0 (0x76438a93) addi    s5, t2, 1892
core   0: 3 0x8000a7c0 (0x76438a93) x21 0x8002a733
core   0: 0x8000a7c4 (0x03c317b3) mulh    a5, t1, t3
core   0: 3 0x8000a7c4 (0x03c317b3) x15 0x00000000
core   0: 0x8000a7c8 (0x012809b3) add     s3, a6, s2
core   0: 3 0x8000a7c8 (0x012809b3) x19 0x4c2620b8
core   0: 0x8000a7cc (0x03a1a5b3) mulhsu  a1, gp, s10
core   0: 3 0x8000a7cc (0x03a1a5b3) x11 0x00000000
core   0: 0x8000a7d0 (0x00000013) nop
core   0: 3 0x8000a7d0 (0x00000013)
core   0: 0x8000a7d4 (0x03a9ce63) blt     s3, s10, pc + 60
core   0: 3 0x8000a7d4 (0x03a9ce63)
core   0: 0x8000a7d8 (0x0085df13) srli    t5, a1, 8
core   0: 3 0x8000a7d8 (0x0085df13) x30 0x00000000
core   0: 0x8000a7dc (0x032c6f33) rem     t5, s8, s2
core   0: 3 0x8000a7dc (0x032c6f33) x30 0x00000000
core   0: 0x8000a7e0 (0x00bc4c63) blt     s8, a1, pc + 24
core   0: 3 0x8000a7e0 (0x00bc4c63)
core   0: 0x8000a7e4 (0x02819263) bne     gp, s0, pc + 36
core   0: 3 0x8000a7e4 (0x02819263)
core   0: 0x8000a808 (0xd8ea1a37) lui     s4, 0xd8ea1
core   0: 3 0x8000a808 (0xd8ea1a37) x20 0xd8ea1000
core   0: 0x8000a80c (0x6f3cc513) xori    a0, s9, 1779
core   0: 3 0x8000a80c (0x6f3cc513) x10 0x000006f3
core   0: 0x8000a810 (0x02cd8e33) mul     t3, s11, a2
core   0: 3 0x8000a810 (0x02cd8e33) x28 0xc7867200
core   0: 0x8000a814 (0x0a458e13) addi    t3, a1, 164
core   0: 3 0x8000a814 (0x0a458e13) x28 0x000000a4
core   0: 0x8000a818 (0x003e8a63) beq     t4, gp, pc + 20
core   0: 3 0x8000a818 (0x003e8a63)
core   0: 0x8000a81c (0x40f235b7) lui     a1, 0x40f23
core   0: 3 0x8000a81c (0x40f235b7) x11 0x40f23000
core   0: 0x8000a820 (0xf059e993) ori     s3, s3, -251
core   0: 3 0x8000a820 (0xf059e993) x19 0xffffffbd
core   0: 0x8000a824 (0x000f6e63) bltu    t5, zero, pc + 28
core   0: 3 0x8000a824 (0x000f6e63)
core   0: 0x8000a828 (0x40bc5ab3) sra     s5, s8, a1
core   0: 3 0x8000a828 (0x40bc5ab3) x21 0x00000000
core   0: 0x8000a82c (0xd3078a17) auipc   s4, 0xd3078
core   0: 3 0x8000a82c (0xd3078a17) x20 0x5308282c
core   0: 0x8000a830 (0x01ed9863) bne     s11, t5, pc + 16
core   0: 3 0x8000a830 (0x01ed9863)
core   0: 0x8000a840 (0x03546233) rem     tp, s0, s5
core   0: 3 0x8000a840 (0x03546233) x 4 0x1c000000
core   0: 0x8000a844 (0x220a5437) lui     s0, 0x220a5
core   0: 3 0x8000a844 (0x220a5437) x 8 0x220a5000
core   0: 0x8000a848 (0x016a3eb3) sltu    t4, s4, s6
core   0: 3 0x8000a848 (0x016a3eb3) x29 0x00000001
core   0: 0x8000a84c (0x00800d13) li      s10, 8
core   0: 3 0x8000a84c (0x00800d13) x26 0x00000008
core   0: 0x8000a850 (0x00600493) li      s1, 6
core   0: 3 0x8000a850 (0x00600493) x 9 0x00000006
core   0: 0x8000a854 (0x00d91113) slli    sp, s2, 13
core   0: 3 0x8000a854 (0x00d91113) x 2 0xc4000000
core   0: 0x8000a858 (0x039b19b3) mulh    s3, s6, s9
core   0: 3 0x8000a858 (0x039b19b3) x19 0x00000000
core   0: 0x8000a85c (0x0272a7b3) mulhsu  a5, t0, t2
core   0: 3 0x8000a85c (0x0272a7b3) x15 0xffffff5f
core   0: 0x8000a860 (0x003becb3) or      s9, s7, gp
core   0: 3 0x8000a860 (0x003becb3) x25 0x0000032b
core   0: 0x8000a864 (0x0329e933) rem     s2, s3, s2
core   0: 3 0x8000a864 (0x0329e933) x18 0x00000000
core   0: 0x8000a868 (0x02495fb3) divu    t6, s2, tp
core   0: 3 0x8000a868 (0x02495fb3) x31 0x00000000
core   0: 0x8000a86c (0x05a06c93) ori     s9, zero, 90
core   0: 3 0x8000a86c (0x05a06c93) x25 0x0000005a
core   0: 0x8000a870 (0x02649ab3) mulh    s5, s1, t1
core   0: 3 0x8000a870 (0x02649ab3) x21 0xfffffffe
core   0: 0x8000a874 (0xffdd0d13) addi    s10, s10, -3
core   0: 3 0x8000a874 (0xffdd0d13) x26 0x00000005
core   0: 0x8000a878 (0xe5664513) xori    a0, a2, -426
core   0: 3 0x8000a878 (0xe5664513) x10 0x0001fed6
core   0: 0x8000a87c (0x03cfe8b3) rem     a7, t6, t3
core   0: 3 0x8000a87c (0x03cfe8b3) x17 0x00000000
core   0: 0x8000a880 (0x018e1633) sll     a2, t3, s8
core   0: 3 0x8000a880 (0x018e1633) x12 0x000000a4
core   0: 0x8000a884 (0xfc9d7ae3) bgeu    s10, s1, pc - 44
core   0: 3 0x8000a884 (0xfc9d7ae3)
core   0: 0x8000a888 (0x40b58133) sub     sp, a1, a1
core   0: 3 0x8000a888 (0x40b58133) x 2 0x00000000
core   0: 0x8000a88c (0x00000013) nop
core   0: 3 0x8000a88c (0x00000013)
core   0: 0x8000a890 (0xb3893897) auipc   a7, 0xb3893
core   0: 3 0x8000a890 (0xb3893897) x17 0x3389d890
core   0: 0x8000a894 (0x013a9863) bne     s5, s3, pc + 16
core   0: 3 0x8000a894 (0x013a9863)
core   0: 0x8000a8a4 (0x033fefb3) rem     t6, t6, s3
core   0: 3 0x8000a8a4 (0x033fefb3) x31 0x00000000
core   0: 0x8000a8a8 (0x00000013) nop
core   0: 3 0x8000a8a8 (0x00000013)
core   0: 0x8000a8ac (0x025e4e33) div     t3, t3, t0
core   0: 3 0x8000a8ac (0x025e4e33) x28 0x00000000
core   0: 0x8000a8b0 (0x008f9c33) sll     s8, t6, s0
core   0: 3 0x8000a8b0 (0x008f9c33) x24 0x00000000
core   0: 0x8000a8b4 (0x017dbcb3) sltu    s9, s11, s7
core   0: 3 0x8000a8b4 (0x017dbcb3) x25 0x00000000
core   0: 0x8000a8b8 (0x03d1da33) divu    s4, gp, t4
core   0: 3 0x8000a8b8 (0x03d1da33) x20 0x00000000
core   0: 0x8000a8bc (0x0245e3b3) rem     t2, a1, tp
core   0: 3 0x8000a8bc (0x0245e3b3) x 7 0x08f23000
core   0: 0x8000a8c0 (0x004a3c33) sltu    s8, s4, tp
core   0: 3 0x8000a8c0 (0x004a3c33) x24 0x00000001
core   0: 0x8000a8c4 (0x00711013) slli    zero, sp, 7
core   0: 3 0x8000a8c4 (0x00711013)
core   0: 0x8000a8c8 (0x000535b3) sltu    a1, a0, zero
core   0: 3 0x8000a8c8 (0x000535b3) x11 0x00000000
core   0: 0x8000a8cc (0x391c8513) addi    a0, s9, 913
core   0: 3 0x8000a8cc (0x391c8513) x10 0x00000391
core   0: 0x8000a8d0 (0x01989693) slli    a3, a7, 25
core   0: 3 0x8000a8d0 (0x01989693) x13 0x20000000
core   0: 0x8000a8d4 (0x03b75ab3) divu    s5, a4, s11
core   0: 3 0x8000a8d4 (0x03b75ab3) x21 0x00000001
core   0: 0x8000a8d8 (0x41875893) srai    a7, a4, 24
core   0: 3 0x8000a8d8 (0x41875893) x17 0xffffffeb
core   0: 0x8000a8dc (0x007f41b3) xor     gp, t5, t2
core   0: 3 0x8000a8dc (0x007f41b3) x 3 0x08f23000
core   0: 0x8000a8e0 (0x00a8d013) srli    zero, a7, 10
core   0: 3 0x8000a8e0 (0x00a8d013)
core   0: 0x8000a8e4 (0x005adcb3) srl     s9, s5, t0
core   0: 3 0x8000a8e4 (0x005adcb3) x25 0x00000000
core   0: 0x8000a8e8 (0x009da8b3) slt     a7, s11, s1
core   0: 3 0x8000a8e8 (0x009da8b3) x17 0x00000001
core   0: 0x8000a8ec (0x013f9b93) slli    s7, t6, 19
core   0: 3 0x8000a8ec (0x013f9b93) x23 0x00000000
core   0: 0x8000a8f0 (0x030e3cb3) mulhu   s9, t3, a6
core   0: 3 0x8000a8f0 (0x030e3cb3) x25 0x00000000
core   0: 0x8000a8f4 (0x00f05f33) srl     t5, zero, a5
core   0: 3 0x8000a8f4 (0x00f05f33) x30 0x00000000
core   0: 0x8000a8f8 (0x0294f663) bgeu    s1, s1, pc + 44
core   0: 3 0x8000a8f8 (0x0294f663)
core   0: 0x8000a924 (0x400adf33) sra     t5, s5, zero
core   0: 3 0x8000a924 (0x400adf33) x30 0x00000001
core   0: 0x8000a928 (0x0061c8b3) xor     a7, gp, t1
core   0: 3 0x8000a928 (0x0061c8b3) x17 0xce514000
core   0: 0x8000a92c (0x6e0df117) auipc   sp, 0x6e0df
core   0: 3 0x8000a92c (0x6e0df117) x 2 0xee0e992c
core   0: 0x8000a930 (0x01554533) xor     a0, a0, s5
core   0: 3 0x8000a930 (0x01554533) x10 0x00000390
core   0: 0x8000a934 (0x01351793) slli    a5, a0, 19
core   0: 3 0x8000a934 (0x01351793) x15 0x1c800000
core   0: 0x8000a938 (0x03de5c63) bge     t3, t4, pc + 56
core   0: 3 0x8000a938 (0x03de5c63)
core   0: 0x8000a93c (0x01495913) srli    s2, s2, 20
core   0: 3 0x8000a93c (0x01495913) x18 0x00000000
core   0: 0x8000a940 (0x02902033) mulhsu  zero, zero, s1
core   0: 3 0x8000a940 (0x02902033)
core   0: 0x8000a944 (0x0263ffb3) remu    t6, t2, t1
core   0: 3 0x8000a944 (0x0263ffb3) x31 0x08f23000
core   0: 0x8000a948 (0x65b6ef37) lui     t5, 0x65b6e
core   0: 3 0x8000a948 (0x65b6ef37) x30 0x65b6e000
core   0: 0x8000a94c (0x01c55633) srl     a2, a0, t3
core   0: 3 0x8000a94c (0x01c55633) x12 0x00000390
core   0: 0x8000a950 (0xe1ba8c97) auipc   s9, 0xe1ba8
core   0: 3 0x8000a950 (0xe1ba8c97) x25 0x61bb2950
core   0: 0x8000a954 (0x0375c8b3) div     a7, a1, s7
core   0: 3 0x8000a954 (0x0375c8b3) x17 0xffffffff
core   0: 0x8000a958 (0x02435a63) bge     t1, tp, pc + 52
core   0: 3 0x8000a958 (0x02435a63)
core   0: 0x8000a95c (0xd1f3e793) ori     a5, t2, -737
core   0: 3 0x8000a95c (0xd1f3e793) x15 0xfffffd1f
core   0: 0x8000a960 (0xa15a4393) xori    t2, s4, -1515
core   0: 3 0x8000a960 (0xa15a4393) x 7 0xfffffa15
core   0: 0x8000a964 (0x0313b433) mulhu   s0, t2, a7
core   0: 3 0x8000a964 (0x0313b433) x 8 0xfffffa14
core   0: 0x8000a968 (0x03f41033) mulh    zero, s0, t6
core   0: 3 0x8000a968 (0x03f41033)
core   0: 0x8000a96c (0x034af463) bgeu    s5, s4, pc + 40
core   0: 3 0x8000a96c (0x034af463)
core   0: 0x8000a994 (0x04c91063) bne     s2, a2, pc + 64
core   0: 3 0x8000a994 (0x04c91063)
core   0: 0x8000a9d4 (0x9bbdc213) xori    tp, s11, -1605
core   0: 3 0x8000a9d4 (0x9bbdc213) x 4 0x7ffd655f
core   0: 0x8000a9d8 (0x1e748017) auipc   zero, 0x1e748
core   0: 3 0x8000a9d8 (0x1e748017)
core   0: 0x8000a9dc (0x00964a33) xor     s4, a2, s1
core   0: 3 0x8000a9dc (0x00964a33) x20 0x00000396
core   0: 0x8000a9e0 (0xf0ff0013) addi    zero, t5, -241
core   0: 3 0x8000a9e0 (0xf0ff0013)
core   0: 0x8000a9e4 (0x03228433) mul     s0, t0, s2
core   0: 3 0x8000a9e4 (0x03228433) x 8 0x00000000
core   0: 0x8000a9e8 (0x00000013) nop
core   0: 3 0x8000a9e8 (0x00000013)
core   0: 0x8000a9ec (0x40810c33) sub     s8, sp, s0
core   0: 3 0x8000a9ec (0x40810c33) x24 0xee0e992c
core   0: 0x8000a9f0 (0x6b53fc93) andi    s9, t2, 1717
core   0: 3 0x8000a9f0 (0x6b53fc93) x25 0x00000215
core   0: 0x8000a9f4 (0x01d764b3) or      s1, a4, t4
core   0: 3 0x8000a9f4 (0x01d764b3) x 9 0xeb14dae7
core   0: 0x8000a9f8 (0x004682b3) add     t0, a3, tp
core   0: 3 0x8000a9f8 (0x004682b3) x 5 0x9ffd655f
core   0: 0x8000a9fc (0x85506e93) ori     t4, zero, -1963
core   0: 3 0x8000a9fc (0x85506e93) x29 0xfffff855
core   0: 0x8000aa00 (0x00f31113) slli    sp, t1, 15
core   0: 3 0x8000aa00 (0x00f31113) x 2 0xb8000000
core   0: 0x8000aa04 (0x052a0063) beq     s4, s2, pc + 64
core   0: 3 0x8000aa04 (0x052a0063)
core   0: 0x8000aa08 (0x03c59663) bne     a1, t3, pc + 44
core   0: 3 0x8000aa08 (0x03c59663)
core   0: 0x8000aa0c (0x0003feb3) and     t4, t2, zero
core   0: 3 0x8000aa0c (0x0003feb3) x29 0x00000000
core   0: 0x8000aa10 (0x60ace593) ori     a1, s9, 1546
core   0: 3 0x8000aa10 (0x60ace593) x11 0x0000061f
core   0: 0x8000aa14 (0x00e181b3) add     gp, gp, a4
core   0: 3 0x8000aa14 (0x00e181b3) x 3 0xf4070ae6
core   0: 0x8000aa18 (0x015bda93) srli    s5, s7, 21
core   0: 3 0x8000aa18 (0x015bda93) x21 0x00000000
core   0: 0x8000aa1c (0x039d9333) mulh    t1, s11, s9
core   0: 3 0x8000aa1c (0x039d9333) x 6 0xfffffef5
core   0: 0x8000aa20 (0x0132a1b3) slt     gp, t0, s3
core   0: 3 0x8000aa20 (0x0132a1b3) x 3 0x00000001
core   0: 0x8000aa24 (0xf185ad13) slti    s10, a1, -232
core   0: 3 0x8000aa24 (0xf185ad13) x26 0x00000000
core   0: 0x8000aa28 (0x01f64263) blt     a2, t6, pc + 4
core   0: 3 0x8000aa28 (0x01f64263)
core   0: 0x8000aa2c (0x016b53b3) srl     t2, s6, s6
core   0: 3 0x8000aa2c (0x016b53b3) x 7 0x00080025
core   0: 0x8000aa30 (0x01921c63) bne     tp, s9, pc + 24
core   0: 3 0x8000aa30 (0x01921c63)
core   0: 0x8000aa48 (0xa87c7213) andi    tp, s8, -1401
core   0: 3 0x8000aa48 (0xa87c7213) x 4 0xee0e9804
core   0: 0x8000aa4c (0x40bb5a33) sra     s4, s6, a1
core   0: 3 0x8000aa4c (0x40bb5a33) x20 0xffffffff
core   0: 0x8000aa50 (0x00ac1013) slli    zero, s8, 10
core   0: 3 0x8000aa50 (0x00ac1013)
core   0: 0x8000aa54 (0xa3fa4893) xori    a7, s4, -1473
core   0: 3 0x8000aa54 (0xa3fa4893) x17 0x000005c0
core   0: 0x8000aa58 (0x05d18063) beq     gp, t4, pc + 64
core   0: 3 0x8000aa58 (0x05d18063)
core   0: 0x8000aa5c (0x02fd32b3) mulhu   t0, s10, a5
core   0: 3 0x8000aa5c (0x02fd32b3) x 5 0x00000000
core   0: 0x8000aa60 (0x02950ab3) mul     s5, a0, s1
core   0: 3 0x8000aa60 (0x02950ab3) x21 0x7a4bd6f0
core   0: 0x8000aa64 (0x02754663) blt     a0, t2, pc + 44
core   0: 3 0x8000aa64 (0x02754663)
core   0: 0x8000aa90 (0x4193dd13) srai    s10, t2, 25
core   0: 3 0x8000aa90 (0x4193dd13) x26 0x00000000
core   0: 0x8000aa94 (0xeb8ee493) ori     s1, t4, -328
core   0: 3 0x8000aa94 (0xeb8ee493) x 9 0xfffffeb8
core   0: 0x8000aa98 (0x265a4b97) auipc   s7, 0x265a4
core   0: 3 0x8000aa98 (0x265a4b97) x23 0xa65aea98
core   0: 0x8000aa9c (0xfac8af93) slti    t6, a7, -84
core   0: 3 0x8000aa9c (0xfac8af93) x31 0x00000000
core   0: 0x8000aaa0 (0x002a9e13) slli    t3, s5, 2
core   0: 3 0x8000aaa0 (0x002a9e13) x28 0xe92f5bc0
core   0: 0x8000aaa4 (0xc6ad15b7) lui     a1, 0xc6ad1
core   0: 3 0x8000aaa4 (0xc6ad15b7) x11 0xc6ad1000
core   0: 0x8000aaa8 (0x3af7a217) auipc   tp, 0x3af7a
core   0: 3 0x8000aaa8 (0x3af7a217) x 4 0xbaf84aa8
core   0: 0x8000aaac (0x0254e0b3) rem     ra, s1, t0
core   0: 3 0x8000aaac (0x0254e0b3) x 1 0xfffffeb8
core   0: 0x8000aab0 (0x00f52d33) slt     s10, a0, a5
core   0: 3 0x8000aab0 (0x00f52d33) x26 0x00000000
core   0: 0x8000aab4 (0x021cf5b3) remu    a1, s9, ra
core   0: 3 0x8000aab4 (0x021cf5b3) x11 0x00000215
core   0: 0x8000aab8 (0x039ccc33) div     s8, s9, s9
core   0: 3 0x8000aab8 (0x039ccc33) x24 0x00000001
core   0: 0x8000aabc (0x00c56333) or      t1, a0, a2
core   0: 3 0x8000aabc (0x00c56333) x 6 0x00000390
core   0: 0x8000aac0 (0x03c0ea63) bltu    ra, t3, pc + 52
core   0: 3 0x8000aac0 (0x03c0ea63)
core   0: 0x8000aac4 (0x7da1f893) andi    a7, gp, 2010
core   0: 3 0x8000aac4 (0x7da1f893) x17 0x00000000
core   0: 0x8000aac8 (0x030643b3) div     t2, a2, a6
core   0: 3 0x8000aac8 (0x030643b3) x 7 0x00000000
core   0: 0x8000aacc (0x013c6433) or      s0, s8, s3
core   0: 3 0x8000aacc (0x013c6433) x 8 0x00000001
core   0: 0x8000aad0 (0x00042ab3) slt     s5, s0, zero
core   0: 3 0x8000aad0 (0x00042ab3) x21 0x00000000
core   0: 0x8000aad4 (0x03d43c33) mulhu   s8, s0, t4
core   0: 3 0x8000aad4 (0x03d43c33) x24 0x00000000
core   0: 0x8000aad8 (0x00c5d793) srli    a5, a1, 12
core   0: 3 0x8000aad8 (0x00c5d793) x15 0x00000000
core   0: 0x8000aadc (0x02d8df33) divu    t5, a7, a3
core   0: 3 0x8000aadc (0x02d8df33) x30 0x00000000
core   0: 0x8000aae0 (0x00b1f8b3) and     a7, gp, a1
core   0: 3 0x8000aae0 (0x00b1f8b3) x17 0x00000001
core   0: 0x8000aae4 (0x006bccb3) xor     s9, s7, t1
core   0: 3 0x8000aae4 (0x006bccb3) x25 0xa65ae908
core   0: 0x8000aae8 (0x0013cfb3) xor     t6, t2, ra
core   0: 3 0x8000aae8 (0x0013cfb3) x31 0xfffffeb8
core   0: 0x8000aaec (0x02d06f33) rem     t5, zero, a3
core   0: 3 0x8000aaec (0x02d06f33) x30 0x00000000
core   0: 0x8000aaf0 (0x00feac33) slt     s8, t4, a5
core   0: 3 0x8000aaf0 (0x00feac33) x24 0x00000000
core   0: 0x8000aaf4 (0x01462cb3) slt     s9, a2, s4
core   0: 3 0x8000aaf4 (0x01462cb3) x25 0x00000000
core   0: 0x8000aaf8 (0x01e44c63) blt     s0, t5, pc + 24
core   0: 3 0x8000aaf8 (0x01e44c63)
core   0: 0x8000aafc (0x0b10ac13) slti    s8, ra, 177
core   0: 3 0x8000aafc (0x0b10ac13) x24 0x00000001
core   0: 0x8000ab00 (0x021204b3) mul     s1, tp, ra
core   0: 3 0x8000ab00 (0x021204b3) x 9 0x71e058c0
core   0: 0x8000ab04 (0xef63f213) andi    tp, t2, -266
core   0: 3 0x8000ab04 (0xef63f213) x 4 0x00000000
core   0: 0x8000ab08 (0x05e67063) bgeu    a2, t5, pc + 64
core   0: 3 0x8000ab08 (0x05e67063)
core   0: 0x8000ab48 (0x03737833) remu    a6, t1, s7
core   0: 3 0x8000ab48 (0x03737833) x16 0x00000390
core   0: 0x8000ab4c (0x02721433) mulh    s0, tp, t2
core   0: 3 0x8000ab4c (0x02721433) x 8 0x00000000
core   0: 0x8000ab50 (0x03fbb3b3) mulhu   t2, s7, t6
core   0: 3 0x8000ab50 (0x03fbb3b3) x 7 0xa65ae9c2
core   0: 0x8000ab54 (0x02a65033) divu    zero, a2, a0
core   0: 3 0x8000ab54 (0x02a65033)
core   0: 0x8000ab58 (0xe0898693) addi    a3, s3, -504
core   0: 3 0x8000ab58 (0xe0898693) x13 0xfffffe08
core   0: 0x8000ab5c (0x01218433) add     s0, gp, s2
core   0: 3 0x8000ab5c (0x01218433) x 8 0x00000001
core   0: 0x8000ab60 (0x03308933) mul     s2, ra, s3
core   0: 3 0x8000ab60 (0x03308933) x18 0x00000000
core   0: 0x8000ab64 (0x011775b3) and     a1, a4, a7
core   0: 3 0x8000ab64 (0x011775b3) x11 0x00000000
core   0: 0x8000ab68 (0x03ad9a33) mulh    s4, s11, s10
core   0: 3 0x8000ab68 (0x03ad9a33) x20 0x00000000
core   0: 0x8000ab6c (0x00d37633) and     a2, t1, a3
core   0: 3 0x8000ab6c (0x00d37633) x12 0x00000200
core   0: 0x8000ab70 (0x03b88263) beq     a7, s11, pc + 36
core   0: 3 0x8000ab70 (0x03b88263)
core   0: 0x8000ab74 (0x34ec1297) auipc   t0, 0x34ec1
core   0: 3 0x8000ab74 (0x34ec1297) x 5 0xb4ecbb74
core   0: 0x8000ab78 (0xc93f8693) addi    a3, t6, -877
core   0: 3 0x8000ab78 (0xc93f8693) x13 0xfffffb4b
core   0: 0x8000ab7c (0x03c96933) rem     s2, s2, t3
core   0: 3 0x8000ab7c (0x03c96933) x18 0x00000000
core   0: 0x8000ab80 (0x01b51393) slli    t2, a0, 27
core   0: 3 0x8000ab80 (0x01b51393) x 7 0x80000000
core   0: 0x8000ab84 (0x004dd133) srl     sp, s11, tp
core   0: 3 0x8000ab84 (0x004dd133) x 2 0x80029ce4
core   0: 0x8000ab88 (0x0343b1b3) mulhu   gp, t2, s4
core   0: 3 0x8000ab88 (0x0343b1b3) x 3 0x00000000
core   0: 0x8000ab8c (0x030b40b3) div     ra, s6, a6
core   0: 3 0x8000ab8c (0x030b40b3) x 1 0xffdc12a2
core   0: 0x8000ab90 (0x02cf7833) remu    a6, t5, a2
core   0: 3 0x8000ab90 (0x02cf7833) x16 0x00000000
core   0: 0x8000ab94 (0x002dd293) srli    t0, s11, 2
core   0: 3 0x8000ab94 (0x002dd293) x 5 0x2000a739
core   0: 0x8000ab98 (0x01084533) xor     a0, a6, a6
core   0: 3 0x8000ab98 (0x01084533) x10 0x00000000
core   0: 0x8000ab9c (0x02428863) beq     t0, tp, pc + 48
core   0: 3 0x8000ab9c (0x02428863)
core   0: 0x8000aba0 (0x00dca333) slt     t1, s9, a3
core   0: 3 0x8000aba0 (0x00dca333) x 6 0x00000000
core   0: 0x8000aba4 (0x03913cb3) mulhu   s9, sp, s9
core   0: 3 0x8000aba4 (0x03913cb3) x25 0x00000000
core   0: 0x8000aba8 (0x024383b3) mul     t2, t2, tp
core   0: 3 0x8000aba8 (0x024383b3) x 7 0x00000000
core   0: 0x8000abac (0x7d1c4a13) xori    s4, s8, 2001
core   0: 3 0x8000abac (0x7d1c4a13) x20 0x000007d0
core   0: 0x8000abb0 (0x0245a8b3) mulhsu  a7, a1, tp
core   0: 3 0x8000abb0 (0x0245a8b3) x17 0x00000000
core   0: 0x8000abb4 (0x00000013) nop
core   0: 3 0x8000abb4 (0x00000013)
core   0: 0x8000abb8 (0x02965eb3) divu    t4, a2, s1
core   0: 3 0x8000abb8 (0x02965eb3) x29 0x00000000
core   0: 0x8000abbc (0x401dda13) srai    s4, s11, 1
core   0: 3 0x8000abbc (0x401dda13) x20 0xc0014e72
core   0: 0x8000abc0 (0x0381dd33) divu    s10, gp, s8
core   0: 3 0x8000abc0 (0x0381dd33) x26 0x00000000
core   0: 0x8000abc4 (0x01c8c863) blt     a7, t3, pc + 16
core   0: 3 0x8000abc4 (0x01c8c863)
core   0: 0x8000abc8 (0x0f07ccb7) lui     s9, 0xf07c
core   0: 3 0x8000abc8 (0x0f07ccb7) x25 0x0f07c000
core   0: 0x8000abcc (0x029ff933) remu    s2, t6, s1
core   0: 3 0x8000abcc (0x029ff933) x18 0x1c3f4d38
core   0: 0x8000abd0 (0x00000013) nop
core   0: 3 0x8000abd0 (0x00000013)
core   0: 0x8000abd4 (0x00000013) nop
core   0: 3 0x8000abd4 (0x00000013)
core   0: 0x8000abd8 (0x00bc55b3) srl     a1, s8, a1
core   0: 3 0x8000abd8 (0x00bc55b3) x11 0x00000001
core   0: 0x8000abdc (0x01f0da33) srl     s4, ra, t6
core   0: 3 0x8000abdc (0x01f0da33) x20 0x000000ff
core   0: 0x8000abe0 (0xa355b993) sltiu   s3, a1, -1483
core   0: 3 0x8000abe0 (0xa355b993) x19 0x00000001
core   0: 0x8000abe4 (0x009c75b3) and     a1, s8, s1
core   0: 3 0x8000abe4 (0x009c75b3) x11 0x00000000
core   0: 0x8000abe8 (0x2bc61597) auipc   a1, 0x2bc61
core   0: 3 0x8000abe8 (0x2bc61597) x11 0xabc6bbe8
core   0: 0x8000abec (0x0b79a893) slti    a7, s3, 183
core   0: 3 0x8000abec (0x0b79a893) x17 0x00000001
core   0: 0x8000abf0 (0x843b0f93) addi    t6, s6, -1981
core   0: 3 0x8000abf0 (0x843b0f93) x31 0x8002566f
core   0: 0x8000abf4 (0x00304263) blt     zero, gp, pc + 4
core   0: 3 0x8000abf4 (0x00304263)
core   0: 0x8000abf8 (0x02ea32b3) mulhu   t0, s4, a4
core   0: 3 0x8000abf8 (0x02ea32b3) x 5 0x000000ea
core   0: 0x8000abfc (0xeb14a537) lui     a0, 0xeb14a
core   0: 3 0x8000abfc (0xeb14a537) x10 0xeb14a000
core   0: 0x8000ac00 (0x00443533) sltu    a0, s0, tp
core   0: 3 0x8000ac00 (0x00443533) x10 0x00000000
core   0: 0x8000ac04 (0x025d66b3) rem     a3, s10, t0
core   0: 3 0x8000ac04 (0x025d66b3) x13 0x00000000
core   0: 0x8000ac08 (0x12bf0693) addi    a3, t5, 299
core   0: 3 0x8000ac08 (0x12bf0693) x13 0x0000012b
core   0: 0x8000ac0c (0x01d5b9b3) sltu    s3, a1, t4
core   0: 3 0x8000ac0c (0x01d5b9b3) x19 0x00000000
core   0: 0x8000ac10 (0x013aa8b3) slt     a7, s5, s3
core   0: 3 0x8000ac10 (0x013aa8b3) x17 0x00000000
core   0: 0x8000ac14 (0x0116ca63) blt     a3, a7, pc + 20
core   0: 3 0x8000ac14 (0x0116ca63)
core   0: 0x8000ac18 (0x33452d13) slti    s10, a0, 820
core   0: 3 0x8000ac18 (0x33452d13) x26 0x00000001
core   0: 0x8000ac1c (0x03de0e63) beq     t3, t4, pc + 60
core   0: 3 0x8000ac1c (0x03de0e63)
core   0: 0x8000ac20 (0xc3d4a893) slti    a7, s1, -963
core   0: 3 0x8000ac20 (0xc3d4a893) x17 0x00000000
core   0: 0x8000ac24 (0x03f2fc63) bgeu    t0, t6, pc + 56
core   0: 3 0x8000ac24 (0x03f2fc63)
core   0: 0x8000ac28 (0x0214d5b3) divu    a1, s1, ra
core   0: 3 0x8000ac28 (0x0214d5b3) x11 0x00000000
core   0: 0x8000ac2c (0x03c4ec33) rem     s8, s1, t3
core   0: 3 0x8000ac2c (0x03c4ec33) x24 0x169dc7c0
core   0: 0x8000ac30 (0x04bcf863) bgeu    s9, a1, pc + 80
core   0: 3 0x8000ac30 (0x04bcf863)
core   0: 0x8000ac80 (0x00928633) add     a2, t0, s1
core   0: 3 0x8000ac80 (0x00928633) x12 0x71e059aa
core   0: 0x8000ac84 (0x03ef5863) bge     t5, t5, pc + 48
core   0: 3 0x8000ac84 (0x03ef5863)
core   0: 0x8000acb4 (0x0177e133) or      sp, a5, s7
core   0: 3 0x8000acb4 (0x0177e133) x 2 0xa65aea98
core   0: 0x8000acb8 (0x32edbe93) sltiu   t4, s11, 814
core   0: 3 0x8000acb8 (0x32edbe93) x29 0x00000000
core   0: 0x8000acbc (0x03710663) beq     sp, s7, pc + 44
core   0: 3 0x8000acbc (0x03710663)
core   0: 0x8000ace8 (0x4199d193) srai    gp, s3, 25
core   0: 3 0x8000ace8 (0x4199d193) x 3 0x00000000
core   0: 0x8000acec (0x0147c533) xor     a0, a5, s4
core   0: 3 0x8000acec (0x0147c533) x10 0x000000ff
core   0: 0x8000acf0 (0x01a09c13) slli    s8, ra, 26
core   0: 3 0x8000acf0 (0x01a09c13) x24 0x88000000
core   0: 0x8000acf4 (0x010bd593) srli    a1, s7, 16
core   0: 3 0x8000acf4 (0x010bd593) x11 0x0000a65a
core   0: 0x8000acf8 (0x41045c13) srai    s8, s0, 16
core   0: 3 0x8000acf8 (0x41045c13) x24 0x00000000
core   0: 0x8000acfc (0x09cd5063) bge     s10, t3, pc + 128
core   0: 3 0x8000acfc (0x09cd5063)
core   0: 0x8000ad7c (0x02dad863) bge     s5, a3, pc + 48
core   0: 3 0x8000ad7c (0x02dad863)
core   0: 0x8000ad80 (0x018febb3) or      s7, t6, s8
core   0: 3 0x8000ad80 (0x018febb3) x23 0x8002566f
core   0: 0x8000ad84 (0x5308a293) slti    t0, a7, 1328
core   0: 3 0x8000ad84 (0x5308a293) x 5 0x00000001
core   0: 0x8000ad88 (0x0033a4b3) slt     s1, t2, gp
core   0: 3 0x8000ad88 (0x0033a4b3) x 9 0x00000000
core   0: 0x8000ad8c (0x41fe04b3) sub     s1, t3, t6
core   0: 3 0x8000ad8c (0x41fe04b3) x 9 0x692d0551
core   0: 0x8000ad90 (0x01e7f7b3) and     a5, a5, t5
core   0: 3 0x8000ad90 (0x01e7f7b3) x15 0x00000000
core   0: 0x8000ad94 (0x01a19493) slli    s1, gp, 26
core   0: 3 0x8000ad94 (0x01a19493) x 9 0x00000000
core   0: 0x8000ad98 (0x05e66063) bltu    a2, t5, pc + 64
core   0: 3 0x8000ad98 (0x05e66063)
core   0: 0x8000ad9c (0x02f4c863) blt     s1, a5, pc + 48
core   0: 3 0x8000ad9c (0x02f4c863)
core   0: 0x8000ada0 (0x0279ed33) rem     s10, s3, t2
core   0: 3 0x8000ada0 (0x0279ed33) x26 0x00000000
core   0: 0x8000ada4 (0xf46d8c93) addi    s9, s11, -186
core   0: 3 0x8000ada4 (0xf46d8c93) x25 0x80029c2a
core   0: 0x8000ada8 (0x02bb9bb3) mulh    s7, s7, a1
core   0: 3 0x8000ada8 (0x02bb9bb3) x23 0xffffacd4
core   0: 0x8000adac (0x5ee3f637) lui     a2, 0x5ee3f
core   0: 3 0x8000adac (0x5ee3f637) x12 0x5ee3f000
core   0: 0x8000adb0 (0x00b720b3) slt     ra, a4, a1
core   0: 3 0x8000adb0 (0x00b720b3) x 1 0x00000001
core   0: 0x8000adb4 (0x02ae57b3) divu    a5, t3, a0
core   0: 3 0x8000adb4 (0x02ae57b3) x15 0x00ea1975
core   0: 0x8000adb8 (0x00000013) nop
core   0: 3 0x8000adb8 (0x00000013)
core   0: 0x8000adbc (0x03b16863) bltu    sp, s11, pc + 48
core   0: 3 0x8000adbc (0x03b16863)
core   0: 0x8000adc0 (0xee84b017) auipc   zero, 0xee84b
core   0: 3 0x8000adc0 (0xee84b017)
core   0: 0x8000adc4 (0x3fd62f13) slti    t5, a2, 1021
core   0: 3 0x8000adc4 (0x3fd62f13) x30 0x00000000
core   0: 0x8000adc8 (0x02c0b6b3) mulhu   a3, ra, a2
core   0: 3 0x8000adc8 (0x02c0b6b3) x13 0x00000000
core   0: 0x8000adcc (0x03911bb3) mulh    s7, sp, s9
core   0: 3 0x8000adcc (0x03911bb3) x23 0x2cd1a0ba
core   0: 0x8000add0 (0x4062d893) srai    a7, t0, 6
core   0: 3 0x8000add0 (0x4062d893) x17 0x00000000
core   0: 0x8000add4 (0x02fd00b3) mul     ra, s10, a5
core   0: 3 0x8000add4 (0x02fd00b3) x 1 0x00000000
core   0: 0x8000add8 (0x033fa6b3) mulhsu  a3, t6, s3
core   0: 3 0x8000add8 (0x033fa6b3) x13 0x00000000
core   0: 0x8000addc (0x00a0c533) xor     a0, ra, a0
core   0: 3 0x8000addc (0x00a0c533) x10 0x000000ff
core   0: 0x8000ade0 (0x659db593) sltiu   a1, s11, 1625
core   0: 3 0x8000ade0 (0x659db593) x11 0x00000000
core   0: 0x8000ade4 (0x01305e63) bge     zero, s3, pc + 28
core   0: 3 0x8000ade4 (0x01305e63)
core   0: 0x8000ae00 (0x00d97bb3) and     s7, s2, a3
core   0: 3 0x8000ae00 (0x00d97bb3) x23 0x00000000
core   0: 0x8000ae04 (0x30dae593) ori     a1, s5, 781
core   0: 3 0x8000ae04 (0x30dae593) x11 0x0000030d
core   0: 0x8000ae08 (0x023a8263) beq     s5, gp, pc + 36
core   0: 3 0x8000ae08 (0x023a8263)
core   0: 0x8000ae2c (0x0a73b093) sltiu   ra, t2, 167
core   0: 3 0x8000ae2c (0x0a73b093) x 1 0x00000001
core   0: 0x8000ae30 (0x01fb1a63) bne     s6, t6, pc + 20
core   0: 3 0x8000ae30 (0x01fb1a63)
core   0: 0x8000ae44 (0x013b4533) xor     a0, s6, s3
core   0: 3 0x8000ae44 (0x013b4533) x10 0x80025e2c
core   0: 0x8000ae48 (0x40611597) auipc   a1, 0x40611
core   0: 3 0x8000ae48 (0x40611597) x11 0xc061be48
core   0: 0x8000ae4c (0x02d535b3) mulhu   a1, a0, a3
core   0: 3 0x8000ae4c (0x02d535b3) x11 0x00000000
core   0: 0x8000ae50 (0x0086fc63) bgeu    a3, s0, pc + 24
core   0: 3 0x8000ae50 (0x0086fc63)
core   0: 0x8000ae54 (0x02ef3a33) mulhu   s4, t5, a4
core   0: 3 0x8000ae54 (0x02ef3a33) x20 0x00000000
core   0: 0x8000ae58 (0x05069063) bne     a3, a6, pc + 64
core   0: 3 0x8000ae58 (0x05069063)
core   0: 0x8000ae5c (0x027bf663) bgeu    s7, t2, pc + 44
core   0: 3 0x8000ae5c (0x027bf663)
core   0: 0x8000ae88 (0x030c6663) bltu    s8, a6, pc + 44
core   0: 3 0x8000ae88 (0x030c6663)
core   0: 0x8000ae8c (0x402d8fb3) sub     t6, s11, sp
core   0: 3 0x8000ae8c (0x402d8fb3) x31 0xd9a7b24c
core   0: 0x8000ae90 (0x0195fcb3) and     s9, a1, s9
core   0: 3 0x8000ae90 (0x0195fcb3) x25 0x00000000
core   0: 0x8000ae94 (0x248d0537) lui     a0, 0x248d0
core   0: 3 0x8000ae94 (0x248d0537) x10 0x248d0000
core   0: 0x8000ae98 (0x03768fb3) mul     t6, a3, s7
core   0: 3 0x8000ae98 (0x03768fb3) x31 0x00000000
core   0: 0x8000ae9c (0xa91ff093) andi    ra, t6, -1391
core   0: 3 0x8000ae9c (0xa91ff093) x 1 0x00000000
core   0: 0x8000aea0 (0x40a70bb3) sub     s7, a4, a0
core   0: 3 0x8000aea0 (0x40a70bb3) x23 0xc687dae6
core   0: 0x8000aea4 (0x02481eb3) mulh    t4, a6, tp
core   0: 3 0x8000aea4 (0x02481eb3) x29 0x00000000
core   0: 0x8000aea8 (0x023d9cb3) mulh    s9, s11, gp
core   0: 3 0x8000aea8 (0x023d9cb3) x25 0x00000000
core   0: 0x8000aeac (0x855e03b7) lui     t2, 0x855e0
core   0: 3 0x8000aeac (0x855e03b7) x 7 0x855e0000
core   0: 0x8000aeb0 (0x017fda63) bge     t6, s7, pc + 20
core   0: 3 0x8000aeb0 (0x017fda63)
core   0: 0x8000aec4 (0x00bac433) xor     s0, s5, a1
core   0: 3 0x8000aec4 (0x00bac433) x 8 0x00000000
core   0: 0x8000aec8 (0x8aa4c413) xori    s0, s1, -1878
core   0: 3 0x8000aec8 (0x8aa4c413) x 8 0xfffff8aa
core   0: 0x8000aecc (0xacc84893) xori    a7, a6, -1332
core   0: 3 0x8000aecc (0xacc84893) x17 0xfffffacc
core   0: 0x8000aed0 (0x00579e33) sll     t3, a5, t0
core   0: 3 0x8000aed0 (0x00579e33) x28 0x01d432ea
core   0: 0x8000aed4 (0x419ed813) srai    a6, t4, 25
core   0: 3 0x8000aed4 (0x419ed813) x16 0x00000000
core   0: 0x8000aed8 (0x00d04633) xor     a2, zero, a3
core   0: 3 0x8000aed8 (0x00d04633) x12 0x00000000
core   0: 0x8000aedc (0x7b5ff513) andi    a0, t6, 1973
core   0: 3 0x8000aedc (0x7b5ff513) x10 0x00000000
core   0: 0x8000aee0 (0x037a4a33) div     s4, s4, s7
core   0: 3 0x8000aee0 (0x037a4a33) x20 0x00000000
core   0: 0x8000aee4 (0x012c6c63) bltu    s8, s2, pc + 24
core   0: 3 0x8000aee4 (0x012c6c63)
core   0: 0x8000aefc (0x05709063) bne     ra, s7, pc + 64
core   0: 3 0x8000aefc (0x05709063)
core   0: 0x8000af3c (0x01818333) add     t1, gp, s8
core   0: 3 0x8000af3c (0x01818333) x 6 0x00000000
core   0: 0x8000af40 (0x03178333) mul     t1, a5, a7
core   0: 3 0x8000af40 (0x03178333) x 6 0x3df38b3c
core   0: 0x8000af44 (0x9a5ae5b7) lui     a1, 0x9a5ae
core   0: 3 0x8000af44 (0x9a5ae5b7) x11 0x9a5ae000
core   0: 0x8000af48 (0x028ac4b3) div     s1, s5, s0
core   0: 3 0x8000af48 (0x028ac4b3) x 9 0x00000000
core   0: 0x8000af4c (0x03c90533) mul     a0, s2, t3
core   0: 3 0x8000af4c (0x03c90533) x10 0x59518530
core   0: 0x8000af50 (0xdf242293) slti    t0, s0, -526
core   0: 3 0x8000af50 (0xdf242293) x 5 0x00000001
core   0: 0x8000af54 (0x0218e5b3) rem     a1, a7, ra
core   0: 3 0x8000af54 (0x0218e5b3) x11 0xfffffacc
core   0: 0x8000af58 (0xdbc661b7) lui     gp, 0xdbc66
core   0: 3 0x8000af58 (0xdbc661b7) x 3 0xdbc66000
core   0: 0x8000af5c (0xcc797f93) andi    t6, s2, -825
core   0: 3 0x8000af5c (0xcc797f93) x31 0x1c3f4c00
core   0: 0x8000af60 (0x03b3f933) remu    s2, t2, s11
core   0: 3 0x8000af60 (0x03b3f933) x18 0x055b631c
core   0: 0x8000af64 (0xf9de7113) andi    sp, t3, -99
core   0: 3 0x8000af64 (0xf9de7113) x 2 0x01d43288
core   0: 0x8000af68 (0x03f45663) bge     s0, t6, pc + 44
core   0: 3 0x8000af68 (0x03f45663)
core   0: 0x8000af6c (0x01d99c93) slli    s9, s3, 29
core   0: 3 0x8000af6c (0x01d99c93) x25 0x00000000
core   0: 0x8000af70 (0x02e4b833) mulhu   a6, s1, a4
core   0: 3 0x8000af70 (0x02e4b833) x16 0x00000000
core   0: 0x8000af74 (0x4f49f493) andi    s1, s3, 1268
core   0: 3 0x8000af74 (0x4f49f493) x 9 0x00000000
core   0: 0x8000af78 (0x00894833) xor     a6, s2, s0
core   0: 3 0x8000af78 (0x00894833) x16 0xfaa49bb6
core   0: 0x8000af7c (0x01a478b3) and     a7, s0, s10
core   0: 3 0x8000af7c (0x01a478b3) x17 0x00000000
core   0: 0x8000af80 (0x04616063) bltu    sp, t1, pc + 64
core   0: 3 0x8000af80 (0x04616063)
core   0: 0x8000afc0 (0x02264033) div     zero, a2, sp
core   0: 3 0x8000afc0 (0x02264033)
core   0: 0x8000afc4 (0xe085f313) andi    t1, a1, -504
core   0: 3 0x8000afc4 (0xe085f313) x 6 0xfffffa08
core   0: 0x8000afc8 (0x03fe1663) bne     t3, t6, pc + 44
core   0: 3 0x8000afc8 (0x03fe1663)
core   0: 0x8000aff4 (0x03788a63) beq     a7, s7, pc + 52
core   0: 3 0x8000aff4 (0x03788a63)
core   0: 0x8000aff8 (0x00000013) nop
core   0: 3 0x8000aff8 (0x00000013)
core   0: 0x8000affc (0x029efa33) remu    s4, t4, s1
core   0: 3 0x8000affc (0x029efa33) x20 0x00000000
core   0: 0x8000b000 (0x02cee633) rem     a2, t4, a2
core   0: 3 0x8000b000 (0x02cee633) x12 0x00000000
core   0: 0x8000b004 (0xffa7f237) lui     tp, 0xffa7f
core   0: 3 0x8000b004 (0xffa7f237) x 4 0xffa7f000
core   0: 0x8000b008 (0x01a95693) srli    a3, s2, 26
core   0: 3 0x8000b008 (0x01a95693) x13 0x00000001
core   0: 0x8000b00c (0x02bbe633) rem     a2, s7, a1
core   0: 3 0x8000b00c (0x02bbe633) x12 0xfffffef2
core   0: 0x8000b010 (0xfe4e7f93) andi    t6, t3, -28
core   0: 3 0x8000b010 (0xfe4e7f93) x31 0x01d432e0
core   0: 0x8000b014 (0x014e6833) or      a6, t3, s4
core   0: 3 0x8000b014 (0x014e6833) x16 0x01d432ea
core   0: 0x8000b018 (0x018826b3) slt     a3, a6, s8
core   0: 3 0x8000b018 (0x018826b3) x13 0x00000000
core   0: 0x8000b01c (0x02695463) bge     s2, t1, pc + 40
core   0: 3 0x8000b01c (0x02695463)
core   0: 0x8000b044 (0x0240d133) divu    sp, ra, tp
core   0: 3 0x8000b044 (0x0240d133) x 2 0x00000000
core   0: 0x8000b048 (0xea62b793) sltiu   a5, t0, -346
core   0: 3 0x8000b048 (0xea62b793) x15 0x00000001
core   0: 0x8000b04c (0x19b6e317) auipc   t1, 0x19b6e
core   0: 3 0x8000b04c (0x19b6e317) x 6 0x99b7904c
core   0: 0x8000b050 (0x00000013) nop
core   0: 3 0x8000b050 (0x00000013)
core   0: 0x8000b054 (0x02966fb3) rem     t6, a2, s1
core   0: 3 0x8000b054 (0x02966fb3) x31 0xfffffef2
core   0: 0x8000b058 (0x00000013) nop
core   0: 3 0x8000b058 (0x00000013)
core   0: 0x8000b05c (0x04031863) bnez    t1, pc + 80
core   0: 3 0x8000b05c (0x04031863)
core   0: 0x8000b0ac (0x0056ca63) blt     a3, t0, pc + 20
core   0: 3 0x8000b0ac (0x0056ca63)
core   0: 0x8000b0c0 (0x02828263) beq     t0, s0, pc + 36
core   0: 3 0x8000b0c0 (0x02828263)
core   0: 0x8000b0c4 (0x40990433) sub     s0, s2, s1
core   0: 3 0x8000b0c4 (0x40990433) x 8 0x055b631c
core   0: 0x8000b0c8 (0x41765813) srai    a6, a2, 23
core   0: 3 0x8000b0c8 (0x41765813) x16 0xffffffff
core   0: 0x8000b0cc (0x00eff933) and     s2, t6, a4
core   0: 3 0x8000b0cc (0x00eff933) x18 0xeb14dae2
core   0: 0x8000b0d0 (0x0369d8b3) divu    a7, s3, s6
core   0: 3 0x8000b0d0 (0x0369d8b3) x17 0x00000000
core   0: 0x8000b0d4 (0x00ed1c33) sll     s8, s10, a4
core   0: 3 0x8000b0d4 (0x00ed1c33) x24 0x00000000
core   0: 0x8000b0d8 (0x03d17863) bgeu    sp, t4, pc + 48
core   0: 3 0x8000b0d8 (0x03d17863)
core   0: 0x8000b108 (0x034f5033) divu    zero, t5, s4
core   0: 3 0x8000b108 (0x034f5033)
core   0: 0x8000b10c (0x02a5e7b3) rem     a5, a1, a0
core   0: 3 0x8000b10c (0x02a5e7b3) x15 0xfffffacc
core   0: 0x8000b110 (0x19980517) auipc   a0, 0x19980
core   0: 3 0x8000b110 (0x19980517) x10 0x9998b110
core   0: 0x8000b114 (0x0391d663) bge     gp, s9, pc + 44
core   0: 3 0x8000b114 (0x0391d663)
core   0: 0x8000b118 (0x024794b3) mulh    s1, a5, tp
core   0: 3 0x8000b118 (0x024794b3) x 9 0x00000001
core   0: 0x8000b11c (0x0059d313) srli    t1, s3, 5
core   0: 3 0x8000b11c (0x0059d313) x 6 0x00000000
core   0: 0x8000b120 (0x030fb433) mulhu   s0, t6, a6
core   0: 3 0x8000b120 (0x030fb433) x 8 0xfffffef1
core   0: 0x8000b124 (0x02fddc63) bge     s11, a5, pc + 56
core   0: 3 0x8000b124 (0x02fddc63)
core   0: 0x8000b128 (0xf9803997) auipc   s3, 0xf9803
core   0: 3 0x8000b128 (0xf9803997) x19 0x7980e128
core   0: 0x8000b12c (0x565e4413) xori    s0, t3, 1381
core   0: 3 0x8000b12c (0x565e4413) x 8 0x01d4378f
core   0: 0x8000b130 (0x400f87b3) sub     a5, t6, zero
core   0: 3 0x8000b130 (0x400f87b3) x15 0xfffffef2
core   0: 0x8000b134 (0x01bcacb3) slt     s9, s9, s11
core   0: 3 0x8000b134 (0x01bcacb3) x25 0x00000000
core   0: 0x8000b138 (0x023eb2b3) mulhu   t0, t4, gp
core   0: 3 0x8000b138 (0x023eb2b3) x 5 0x00000000
core   0: 0x8000b13c (0x00fe9f33) sll     t5, t4, a5
core   0: 3 0x8000b13c (0x00fe9f33) x30 0x00000000
core   0: 0x8000b140 (0x0096c2b3) xor     t0, a3, s1
core   0: 3 0x8000b140 (0x0096c2b3) x 5 0x00000001
core   0: 0x8000b144 (0x011ae893) ori     a7, s5, 17
core   0: 3 0x8000b144 (0x011ae893) x17 0x00000011
core   0: 0x8000b148 (0xc7f0a593) slti    a1, ra, -897
core   0: 3 0x8000b148 (0xc7f0a593) x11 0x00000000
core   0: 0x8000b14c (0x09c57113) andi    sp, a0, 156
core   0: 3 0x8000b14c (0x09c57113) x 2 0x00000010
core   0: 0x8000b150 (0x030e6833) rem     a6, t3, a6
core   0: 3 0x8000b150 (0x030e6833) x16 0x00000000
core   0: 0x8000b154 (0xf8ab7993) andi    s3, s6, -118
core   0: 3 0x8000b154 (0xf8ab7993) x19 0x80025e08
core   0: 0x8000b158 (0x0281e033) rem     zero, gp, s0
core   0: 3 0x8000b158 (0x0281e033)
core   0: 0x8000b15c (0x403c5fb3) sra     t6, s8, gp
core   0: 3 0x8000b15c (0x403c5fb3) x31 0x00000000
core   0: 0x8000b160 (0xf32a7093) andi    ra, s4, -206
core   0: 3 0x8000b160 (0xf32a7093) x 1 0x00000000
core   0: 0x8000b164 (0x01be9f13) slli    t5, t4, 27
core   0: 3 0x8000b164 (0x01be9f13) x30 0x00000000
core   0: 0x8000b168 (0x014b7cb3) and     s9, s6, s4
core   0: 3 0x8000b168 (0x014b7cb3) x25 0x00000000
core   0: 0x8000b16c (0x41f8d3b3) sra     t2, a7, t6
core   0: 3 0x8000b16c (0x41f8d3b3) x 7 0x00000011
core   0: 0x8000b170 (0x33c92c93) slti    s9, s2, 828
core   0: 3 0x8000b170 (0x33c92c93) x25 0x00000001
core   0: 0x8000b174 (0x03e57663) bgeu    a0, t5, pc + 44
core   0: 3 0x8000b174 (0x03e57663)
core   0: 0x8000b1a0 (0x03f2c863) blt     t0, t6, pc + 48
core   0: 3 0x8000b1a0 (0x03f2c863)
core   0: 0x8000b1a4 (0x1f11a297) auipc   t0, 0x1f11a
core   0: 3 0x8000b1a4 (0x1f11a297) x 5 0x9f1251a4
core   0: 0x8000b1a8 (0x01bbce63) blt     s7, s11, pc + 28
core   0: 3 0x8000b1a8 (0x01bbce63)
core   0: 0x8000b1ac (0x00e01f33) sll     t5, zero, a4
core   0: 3 0x8000b1ac (0x00e01f33) x30 0x00000000
core   0: 0x8000b1b0 (0x259e0093) addi    ra, t3, 601
core   0: 3 0x8000b1b0 (0x259e0093) x 1 0x01d43543
core   0: 0x8000b1b4 (0x00408263) beq     ra, tp, pc + 4
core   0: 3 0x8000b1b4 (0x00408263)
core   0: 0x8000b1b8 (0x032483b3) mul     t2, s1, s2
core   0: 3 0x8000b1b8 (0x032483b3) x 7 0xeb14dae2
core   0: 0x8000b1bc (0x19213213) sltiu   tp, sp, 402
core   0: 3 0x8000b1bc (0x19213213) x 4 0x00000001
core   0: 0x8000b1c0 (0x000d9e93) slli    t4, s11, 0
core   0: 3 0x8000b1c0 (0x000d9e93) x29 0x80029ce4
core   0: 0x8000b1c4 (0x0172d893) srli    a7, t0, 23
core   0: 3 0x8000b1c4 (0x0172d893) x17 0x0000013e
core   0: 0x8000b1c8 (0x01d14bb3) xor     s7, sp, t4
core   0: 3 0x8000b1c8 (0x01d14bb3) x23 0x80029cf4
core   0: 0x8000b1cc (0x02050e63) beqz    a0, pc + 60
core   0: 3 0x8000b1cc (0x02050e63)
core   0: 0x8000b1d0 (0x00000013) nop
core   0: 3 0x8000b1d0 (0x00000013)
core   0: 0x8000b1d4 (0x0152b033) sltu    zero, t0, s5
core   0: 3 0x8000b1d4 (0x0152b033)
core   0: 0x8000b1d8 (0x022ae0b3) rem     ra, s5, sp
core   0: 3 0x8000b1d8 (0x022ae0b3) x 1 0x00000000
core   0: 0x8000b1dc (0x0074d033) srl     zero, s1, t2
core   0: 3 0x8000b1dc (0x0074d033)
core   0: 0x8000b1e0 (0x41125f13) srai    t5, tp, 17
core   0: 3 0x8000b1e0 (0x41125f13) x30 0x00000000
core   0: 0x8000b1e4 (0x03739233) mulh    tp, t2, s7
core   0: 3 0x8000b1e4 (0x03739233) x 4 0x0a755be5
core   0: 0x8000b1e8 (0x023d67b3) rem     a5, s10, gp
core   0: 3 0x8000b1e8 (0x023d67b3) x15 0x00000000
core   0: 0x8000b1ec (0x00000013) nop
core   0: 3 0x8000b1ec (0x00000013)
core   0: 0x8000b1f0 (0x03cb8063) beq     s7, t3, pc + 32
core   0: 3 0x8000b1f0 (0x03cb8063)
core   0: 0x8000b1f4 (0xf7440313) addi    t1, s0, -140
core   0: 3 0x8000b1f4 (0xf7440313) x 6 0x01d43703
core   0: 0x8000b1f8 (0x00a5d893) srli    a7, a1, 10
core   0: 3 0x8000b1f8 (0x00a5d893) x17 0x00000000
core   0: 0x8000b1fc (0x0091e863) bltu    gp, s1, pc + 16
core   0: 3 0x8000b1fc (0x0091e863)
core   0: 0x8000b200 (0x801f7813) andi    a6, t5, -2047
core   0: 3 0x8000b200 (0x801f7813) x16 0x00000000
core   0: 0x8000b204 (0x03302cb3) mulhsu  s9, zero, s3
core   0: 3 0x8000b204 (0x03302cb3) x25 0x00000000
core   0: 0x8000b208 (0x4e61afb7) lui     t6, 0x4e61a
core   0: 3 0x8000b208 (0x4e61afb7) x31 0x4e61a000
core   0: 0x8000b20c (0x415806b3) sub     a3, a6, s5
core   0: 3 0x8000b20c (0x415806b3) x13 0x00000000
core   0: 0x8000b210 (0x0169c533) xor     a0, s3, s6
core   0: 3 0x8000b210 (0x0169c533) x10 0x00000024
core   0: 0x8000b214 (0x8e2b4613) xori    a2, s6, -1822
core   0: 3 0x8000b214 (0x8e2b4613) x12 0x7ffda6ce
core   0: 0x8000b218 (0x00b3dfb3) srl     t6, t2, a1
core   0: 3 0x8000b218 (0x00b3dfb3) x31 0xeb14dae2
core   0: 0x8000b21c (0x03d819b3) mulh    s3, a6, t4
core   0: 3 0x8000b21c (0x03d819b3) x19 0x00000000
core   0: 0x8000b220 (0xf2fdea13) ori     s4, s11, -209
core   0: 3 0x8000b220 (0xf2fdea13) x20 0xffffffef
core   0: 0x8000b224 (0x01faec63) bltu    s5, t6, pc + 24
core   0: 3 0x8000b224 (0x01faec63)
core   0: 0x8000b23c (0x700d8f13) addi    t5, s11, 1792
core   0: 3 0x8000b23c (0x700d8f13) x30 0x8002a3e4
core   0: 0x8000b240 (0x00fe3cb3) sltu    s9, t3, a5
core   0: 3 0x8000b240 (0x00fe3cb3) x25 0x00000000
core   0: 0x8000b244 (0x40cb8ab3) sub     s5, s7, a2
core   0: 3 0x8000b244 (0x40cb8ab3) x21 0x0004f626
core   0: 0x8000b248 (0x96c9b593) sltiu   a1, s3, -1684
core   0: 3 0x8000b248 (0x96c9b593) x11 0x00000001
core   0: 0x8000b24c (0x011ac863) blt     s5, a7, pc + 16
core   0: 3 0x8000b24c (0x011ac863)
core   0: 0x8000b250 (0x02c20c63) beq     tp, a2, pc + 56
core   0: 3 0x8000b250 (0x02c20c63)
core   0: 0x8000b254 (0x7a44b213) sltiu   tp, s1, 1956
core   0: 3 0x8000b254 (0x7a44b213) x 4 0x00000001
core   0: 0x8000b258 (0x01c4a7b3) slt     a5, s1, t3
core   0: 3 0x8000b258 (0x01c4a7b3) x15 0x00000001
core   0: 0x8000b25c (0x02f6fbb3) remu    s7, a3, a5
core   0: 3 0x8000b25c (0x02f6fbb3) x23 0x00000000
core   0: 0x8000b260 (0x01eccfb3) xor     t6, s9, t5
core   0: 3 0x8000b260 (0x01eccfb3) x31 0x8002a3e4
core   0: 0x8000b264 (0x038ccf33) div     t5, s9, s8
core   0: 3 0x8000b264 (0x038ccf33) x30 0xffffffff
core   0: 0x8000b268 (0x0179ee33) or      t3, s3, s7
core   0: 3 0x8000b268 (0x0179ee33) x28 0x00000000
core   0: 0x8000b26c (0x03020263) beq     tp, a6, pc + 36
core   0: 3 0x8000b26c (0x03020263)
core   0: 0x8000b270 (0x0355ef33) rem     t5, a1, s5
core   0: 3 0x8000b270 (0x0355ef33) x30 0x00000001
core   0: 0x8000b274 (0x01db8a33) add     s4, s7, t4
core   0: 3 0x8000b274 (0x01db8a33) x20 0x80029ce4
core   0: 0x8000b278 (0x03847433) remu    s0, s0, s8
core   0: 3 0x8000b278 (0x03847433) x 8 0x01d4378f
core   0: 0x8000b27c (0x03a64e63) blt     a2, s10, pc + 60
core   0: 3 0x8000b27c (0x03a64e63)
core   0: 0x8000b280 (0x40a45833) sra     a6, s0, a0
core   0: 3 0x8000b280 (0x40a45833) x16 0x001d4378
core   0: 0x8000b284 (0x02c03533) mulhu   a0, zero, a2
core   0: 3 0x8000b284 (0x02c03533) x10 0x00000000
core   0: 0x8000b288 (0x02730633) mul     a2, t1, t2
core   0: 3 0x8000b288 (0x02730633) x12 0x616d1ea6
core   0: 0x8000b28c (0x03f7b933) mulhu   s2, a5, t6
core   0: 3 0x8000b28c (0x03f7b933) x18 0x00000000
core   0: 0x8000b290 (0x00000013) nop
core   0: 3 0x8000b290 (0x00000013)
core   0: 0x8000b294 (0x0c9af593) andi    a1, s5, 201
core   0: 3 0x8000b294 (0x0c9af593) x11 0x00000000
core   0: 0x8000b298 (0x3c98ca97) auipc   s5, 0x3c98c
core   0: 3 0x8000b298 (0x3c98ca97) x21 0xbc997298
core   0: 0x8000b29c (0x117c38b7) lui     a7, 0x117c3
core   0: 3 0x8000b29c (0x117c38b7) x17 0x117c3000
core   0: 0x8000b2a0 (0x7f98f313) andi    t1, a7, 2041
core   0: 3 0x8000b2a0 (0x7f98f313) x 6 0x00000000
core   0: 0x8000b2a4 (0x0111fc63) bgeu    gp, a7, pc + 24
core   0: 3 0x8000b2a4 (0x0111fc63)
core   0: 0x8000b2bc (0x02004433) div     s0, zero, zero
core   0: 3 0x8000b2bc (0x02004433) x 8 0xffffffff
core   0: 0x8000b2c0 (0x03639463) bne     t2, s6, pc + 40
core   0: 3 0x8000b2c0 (0x03639463)
core   0: 0x8000b2e8 (0x00f21863) bne     tp, a5, pc + 16
core   0: 3 0x8000b2e8 (0x00f21863)
core   0: 0x8000b2ec (0xfe925d17) auipc   s10, 0xfe925
core   0: 3 0x8000b2ec (0xfe925d17) x26 0x7e9302ec
core   0: 0x8000b2f0 (0x04c44863) blt     s0, a2, pc + 80
core   0: 3 0x8000b2f0 (0x04c44863)
core   0: 0x8000b340 (0x002c2fb3) slt     t6, s8, sp
core   0: 3 0x8000b340 (0x002c2fb3) x31 0x00000001
core   0: 0x8000b344 (0x008d94b3) sll     s1, s11, s0
core   0: 3 0x8000b344 (0x008d94b3) x 9 0x00000000
core   0: 0x8000b348 (0x02f7de63) bge     a5, a5, pc + 60
core   0: 3 0x8000b348 (0x02f7de63)
core   0: 0x8000b384 (0x32bf4317) auipc   t1, 0x32bf4
core   0: 3 0x8000b384 (0x32bf4317) x 6 0xb2bff384
core   0: 0x8000b388 (0x03c7f063) bgeu    a5, t3, pc + 32
core   0: 3 0x8000b388 (0x03c7f063)
core   0: 0x8000b3a8 (0x0198a933) slt     s2, a7, s9
core   0: 3 0x8000b3a8 (0x0198a933) x18 0x00000000
core   0: 0x8000b3ac (0x026c40b3) div     ra, s8, t1
core   0: 3 0x8000b3ac (0x026c40b3) x 1 0x00000000
core   0: 0x8000b3b0 (0x03aaba33) mulhu   s4, s5, s10
core   0: 3 0x8000b3b0 (0x03aaba33) x20 0x5d3fd4aa
core   0: 0x8000b3b4 (0x00746a33) or      s4, s0, t2
core   0: 3 0x8000b3b4 (0x00746a33) x20 0xffffffff
core   0: 0x8000b3b8 (0x02d91eb3) mulh    t4, s2, a3
core   0: 3 0x8000b3b8 (0x02d91eb3) x29 0x00000000
core   0: 0x8000b3bc (0xf2522813) slti    a6, tp, -219
core   0: 3 0x8000b3bc (0xf2522813) x16 0x00000000
core   0: 0x8000b3c0 (0x00611ab3) sll     s5, sp, t1
core   0: 3 0x8000b3c0 (0x00611ab3) x21 0x00000100
core   0: 0x8000b3c4 (0xc6560d13) addi    s10, a2, -923
core   0: 3 0x8000b3c4 (0xc6560d13) x26 0x616d1b0b
core   0: 0x8000b3c8 (0xbfa3a213) slti    tp, t2, -1030
core   0: 3 0x8000b3c8 (0xbfa3a213) x 4 0x00000001
core   0: 0x8000b3cc (0xa3a1ba93) sltiu   s5, gp, -1478
core   0: 3 0x8000b3cc (0xa3a1ba93) x21 0x00000001
core   0: 0x8000b3d0 (0x41648e33) sub     t3, s1, s6
core   0: 3 0x8000b3d0 (0x41648e33) x28 0x7ffda1d4
core   0: 0x8000b3d4 (0x00478fb3) add     t6, a5, tp
core   0: 3 0x8000b3d4 (0x00478fb3) x31 0x00000002
core   0: 0x8000b3d8 (0x03c6c633) div     a2, a3, t3
core   0: 3 0x8000b3d8 (0x03c6c633) x12 0x00000000
core   0: 0x8000b3dc (0x025fd863) bge     t6, t0, pc + 48
core   0: 3 0x8000b3dc (0x025fd863)
core   0: 0x8000b40c (0x0287f4b3) remu    s1, a5, s0
core   0: 3 0x8000b40c (0x0287f4b3) x 9 0x00000001
core   0: 0x8000b410 (0x01f91bb3) sll     s7, s2, t6
core   0: 3 0x8000b410 (0x01f91bb3) x23 0x00000000
core   0: 0x8000b414 (0x0061a833) slt     a6, gp, t1
core   0: 3 0x8000b414 (0x0061a833) x16 0x00000000
core   0: 0x8000b418 (0x4a601937) lui     s2, 0x4a601
core   0: 3 0x8000b418 (0x4a601937) x18 0x4a601000
core   0: 0x8000b41c (0x412e07b3) sub     a5, t3, s2
core   0: 3 0x8000b41c (0x412e07b3) x15 0x359d91d4
core   0: 0x8000b420 (0x03f06533) rem     a0, zero, t6
core   0: 3 0x8000b420 (0x03f06533) x10 0x00000000
core   0: 0x8000b424 (0x024357b3) divu    a5, t1, tp
core   0: 3 0x8000b424 (0x024357b3) x15 0xb2bff384
core   0: 0x8000b428 (0x003249b3) xor     s3, tp, gp
core   0: 3 0x8000b428 (0x003249b3) x19 0xdbc66001
core   0: 0x8000b42c (0x02c57863) bgeu    a0, a2, pc + 48
core   0: 3 0x8000b42c (0x02c57863)
core   0: 0x8000b45c (0x01f019b3) sll     s3, zero, t6
core   0: 3 0x8000b45c (0x01f019b3) x19 0x00000000
core   0: 0x8000b460 (0x05354613) xori    a2, a0, 83
core   0: 3 0x8000b460 (0x05354613) x12 0x00000053
core   0: 0x8000b464 (0x026a6cb3) rem     s9, s4, t1
core   0: 3 0x8000b464 (0x026a6cb3) x25 0xffffffff
core   0: 0x8000b468 (0xae9f3b93) sltiu   s7, t5, -1303
core   0: 3 0x8000b468 (0xae9f3b93) x23 0x00000001
core   0: 0x8000b46c (0x7f5625b7) lui     a1, 0x7f562
core   0: 3 0x8000b46c (0x7f5625b7) x11 0x7f562000
core   0: 0x8000b470 (0x01f108b3) add     a7, sp, t6
core   0: 3 0x8000b470 (0x01f108b3) x17 0x00000012
core   0: 0x8000b474 (0x0387f663) bgeu    a5, s8, pc + 44
core   0: 3 0x8000b474 (0x0387f663)
core   0: 0x8000b4a0 (0x027d1333) mulh    t1, s10, t2
core   0: 3 0x8000b4a0 (0x027d1333) x 6 0xf809fc9b
core   0: 0x8000b4a4 (0x015a57b3) srl     a5, s4, s5
core   0: 3 0x8000b4a4 (0x015a57b3) x15 0x7fffffff
core   0: 0x8000b4a8 (0x032df933) remu    s2, s11, s2
core   0: 3 0x8000b4a8 (0x032df933) x18 0x35a28ce4
core   0: 0x8000b4ac (0x58827b93) andi    s7, tp, 1416
core   0: 3 0x8000b4ac (0x58827b93) x23 0x00000000
core   0: 0x8000b4b0 (0xe353c813) xori    a6, t2, -459
core   0: 3 0x8000b4b0 (0xe353c813) x16 0x14eb24d7
core   0: 0x8000b4b4 (0x041d5063) bge     s10, ra, pc + 64
core   0: 3 0x8000b4b4 (0x041d5063)
core   0: 0x8000b4f4 (0x01d20fb3) add     t6, tp, t4
core   0: 3 0x8000b4f4 (0x01d20fb3) x31 0x00000001
core   0: 0x8000b4f8 (0x0371ceb3) div     t4, gp, s7
core   0: 3 0x8000b4f8 (0x0371ceb3) x29 0xffffffff
core   0: 0x8000b4fc (0x01cb1133) sll     sp, s6, t3
core   0: 3 0x8000b4fc (0x01cb1133) x 2 0xe2c00000
core   0: 0x8000b500 (0x01d40133) add     sp, s0, t4
core   0: 3 0x8000b500 (0x01d40133) x 2 0xfffffffe
core   0: 0x8000b504 (0x02ae9133) mulh    sp, t4, a0
core   0: 3 0x8000b504 (0x02ae9133) x 2 0x00000000
core   0: 0x8000b508 (0x400adf93) srai    t6, s5, 0
core   0: 3 0x8000b508 (0x400adf93) x31 0x00000001
core   0: 0x8000b50c (0x40c95393) srai    t2, s2, 12
core   0: 3 0x8000b50c (0x40c95393) x 7 0x00035a28
core   0: 0x8000b510 (0x008e1613) slli    a2, t3, 8
core   0: 3 0x8000b510 (0x008e1613) x12 0xfda1d400
core   0: 0x8000b514 (0x005c42b3) xor     t0, s8, t0
core   0: 3 0x8000b514 (0x005c42b3) x 5 0x9f1251a4
core   0: 0x8000b518 (0x405a0033) sub     zero, s4, t0
core   0: 3 0x8000b518 (0x405a0033)
core   0: 0x8000b51c (0x02d95f33) divu    t5, s2, a3
core   0: 3 0x8000b51c (0x02d95f33) x30 0xffffffff
core   0: 0x8000b520 (0x381b7213) andi    tp, s6, 897
core   0: 3 0x8000b520 (0x381b7213) x 4 0x00000200
core   0: 0x8000b524 (0x4187db93) srai    s7, a5, 24
core   0: 3 0x8000b524 (0x4187db93) x23 0x0000007f
core   0: 0x8000b528 (0x027e76b3) remu    a3, t3, t2
core   0: 3 0x8000b528 (0x027e76b3) x13 0x00017ea4
core   0: 0x8000b52c (0x022a8e33) mul     t3, s5, sp
core   0: 3 0x8000b52c (0x022a8e33) x28 0x00000000
core   0: 0x8000b530 (0x00761fb3) sll     t6, a2, t2
core   0: 3 0x8000b530 (0x00761fb3) x31 0xa1d40000
core   0: 0x8000b534 (0x03de3533) mulhu   a0, t3, t4
core   0: 3 0x8000b534 (0x03de3533) x10 0x00000000
core   0: 0x8000b538 (0x00000013) nop
core   0: 3 0x8000b538 (0x00000013)
core   0: 0x8000b53c (0x03373633) mulhu   a2, a4, s3
core   0: 3 0x8000b53c (0x03373633) x12 0x00000000
core   0: 0x8000b540 (0x01ab1393) slli    t2, s6, 26
core   0: 3 0x8000b540 (0x01ab1393) x 7 0xb0000000
core   0: 0x8000b544 (0x02b3fa63) bgeu    t2, a1, pc + 52
core   0: 3 0x8000b544 (0x02b3fa63)
core   0: 0x8000b578 (0x40ae5933) sra     s2, t3, a0
core   0: 3 0x8000b578 (0x40ae5933) x18 0x00000000
core   0: 0x8000b57c (0x01aa0133) add     sp, s4, s10
core   0: 3 0x8000b57c (0x01aa0133) x 2 0x616d1b0a
core   0: 0x8000b580 (0x010ed933) srl     s2, t4, a6
core   0: 3 0x8000b580 (0x010ed933) x18 0x000001ff
core   0: 0x8000b584 (0x5f830f93) addi    t6, t1, 1528
core   0: 3 0x8000b584 (0x5f830f93) x31 0xf80a0293
core   0: 0x8000b588 (0x02d1d863) bge     gp, a3, pc + 48
core   0: 3 0x8000b588 (0x02d1d863)
core   0: 0x8000b58c (0x03ec6463) bltu    s8, t5, pc + 40
core   0: 3 0x8000b58c (0x03ec6463)
core   0: 0x8000b5b4 (0x032cc433) div     s0, s9, s2
core   0: 3 0x8000b5b4 (0x032cc433) x 8 0x00000000
core   0: 0x8000b5b8 (0x02d5c6b3) div     a3, a1, a3
core   0: 3 0x8000b5b8 (0x02d5c6b3) x13 0x00005531
core   0: 0x8000b5bc (0x03b67fb3) remu    t6, a2, s11
core   0: 3 0x8000b5bc (0x03b67fb3) x31 0x00000000
core   0: 0x8000b5c0 (0x08e9d463) bge     s3, a4, pc + 136
core   0: 3 0x8000b5c0 (0x08e9d463)
core   0: 0x8000b648 (0x00b3fab3) and     s5, t2, a1
core   0: 3 0x8000b648 (0x00b3fab3) x21 0x30000000
core   0: 0x8000b64c (0x03ef60b3) rem     ra, t5, t5
core   0: 3 0x8000b64c (0x03ef60b3) x 1 0x00000000
core   0: 0x8000b650 (0x04ee3093) sltiu   ra, t3, 78
core   0: 3 0x8000b650 (0x04ee3093) x 1 0x00000001
core   0: 0x8000b654 (0x40e05c33) sra     s8, zero, a4
core   0: 3 0x8000b654 (0x40e05c33) x24 0x00000000
core   0: 0x8000b658 (0x53d20013) addi    zero, tp, 1341
core   0: 3 0x8000b658 (0x53d20013)
core   0: 0x8000b65c (0xd39a0813) addi    a6, s4, -711
core   0: 3 0x8000b65c (0xd39a0813) x16 0xfffffd38
core   0: 0x8000b660 (0x01c49213) slli    tp, s1, 28
core   0: 3 0x8000b660 (0x01c49213) x 4 0x10000000
core   0: 0x8000b664 (0x01798fb3) add     t6, s3, s7
core   0: 3 0x8000b664 (0x01798fb3) x31 0x0000007f
core   0: 0x8000b668 (0x9162be93) sltiu   t4, t0, -1770
core   0: 3 0x8000b668 (0x9162be93) x29 0x00000001
core   0: 0x8000b66c (0x406e0cb3) sub     s9, t3, t1
core   0: 3 0x8000b66c (0x406e0cb3) x25 0x07f60365
core   0: 0x8000b670 (0x67f26893) ori     a7, tp, 1663
core   0: 3 0x8000b670 (0x67f26893) x17 0x1000067f
core   0: 0x8000b674 (0x03254e63) blt     a0, s2, pc + 60
core   0: 3 0x8000b674 (0x03254e63)
core   0: 0x8000b6b0 (0x333ec613) xori    a2, t4, 819
core   0: 3 0x8000b6b0 (0x333ec613) x12 0x00000332
core   0: 0x8000b6b4 (0x03f10e63) beq     sp, t6, pc + 60
core   0: 3 0x8000b6b4 (0x03f10e63)
core   0: 0x8000b6b8 (0x00593cb3) sltu    s9, s2, t0
core   0: 3 0x8000b6b8 (0x00593cb3) x25 0x00000001
core   0: 0x8000b6bc (0x00467a33) and     s4, a2, tp
core   0: 3 0x8000b6bc (0x00467a33) x20 0x00000000
core   0: 0x8000b6c0 (0x01cd1393) slli    t2, s10, 28
core   0: 3 0x8000b6c0 (0x01cd1393) x 7 0xb0000000
core   0: 0x8000b6c4 (0x02de05b3) mul     a1, t3, a3
core   0: 3 0x8000b6c4 (0x02de05b3) x11 0x00000000
core   0: 0x8000b6c8 (0x4080d513) srai    a0, ra, 8
core   0: 3 0x8000b6c8 (0x4080d513) x10 0x00000000
core   0: 0x8000b6cc (0xbeb07813) andi    a6, zero, -1045
core   0: 3 0x8000b6cc (0xbeb07813) x16 0x00000000
core   0: 0x8000b6d0 (0x020f3bb3) mulhu   s7, t5, zero
core   0: 3 0x8000b6d0 (0x020f3bb3) x23 0x00000000
core   0: 0x8000b6d4 (0x00099813) slli    a6, s3, 0
core   0: 3 0x8000b6d4 (0x00099813) x16 0x00000000
core   0: 0x8000b6d8 (0x2cbe7993) andi    s3, t3, 715
core   0: 3 0x8000b6d8 (0x2cbe7993) x19 0x00000000
core   0: 0x8000b6dc (0x02580eb3) mul     t4, a6, t0
core   0: 3 0x8000b6dc (0x02580eb3) x29 0x00000000
core   0: 0x8000b6e0 (0x3a8f4d13) xori    s10, t5, 936
core   0: 3 0x8000b6e0 (0x3a8f4d13) x26 0xfffffc57
core   0: 0x8000b6e4 (0x00000013) nop
core   0: 3 0x8000b6e4 (0x00000013)
core   0: 0x8000b6e8 (0xbbfa4313) xori    t1, s4, -1089
core   0: 3 0x8000b6e8 (0xbbfa4313) x 6 0xfffffbbf
core   0: 0x8000b6ec (0x03396333) rem     t1, s2, s3
core   0: 3 0x8000b6ec (0x03396333) x 6 0x000001ff
core   0: 0x8000b6f0 (0x01b6e033) or      zero, a3, s11
core   0: 3 0x8000b6f0 (0x01b6e033)
core   0: 0x8000b6f4 (0x00666033) or      zero, a2, t1
core   0: 3 0x8000b6f4 (0x00666033)
core   0: 0x8000b6f8 (0x419ad293) srai    t0, s5, 25
core   0: 3 0x8000b6f8 (0x419ad293) x 5 0x00000018
core   0: 0x8000b6fc (0x0109d9b3) srl     s3, s3, a6
core   0: 3 0x8000b6fc (0x0109d9b3) x19 0x00000000
core   0: 0x8000b700 (0x224af793) andi    a5, s5, 548
core   0: 3 0x8000b700 (0x224af793) x15 0x00000000
core   0: 0x8000b704 (0x01e39f93) slli    t6, t2, 30
core   0: 3 0x8000b704 (0x01e39f93) x31 0x00000000
core   0: 0x8000b708 (0x008e64b3) or      s1, t3, s0
core   0: 3 0x8000b708 (0x008e64b3) x 9 0x00000000
core   0: 0x8000b70c (0x4d317413) andi    s0, sp, 1235
core   0: 3 0x8000b70c (0x4d317413) x 8 0x00000002
core   0: 0x8000b710 (0x7de89037) lui     zero, 0x7de89
core   0: 3 0x8000b710 (0x7de89037)
core   0: 0x8000b714 (0x01e138b3) sltu    a7, sp, t5
core   0: 3 0x8000b714 (0x01e138b3) x17 0x00000001
core   0: 0x8000b718 (0x01992e33) slt     t3, s2, s9
core   0: 3 0x8000b718 (0x01992e33) x28 0x00000000
core   0: 0x8000b71c (0x0319d1b3) divu    gp, s3, a7
core   0: 3 0x8000b71c (0x0319d1b3) x 3 0x00000000
core   0: 0x8000b720 (0x77d8c993) xori    s3, a7, 1917
core   0: 3 0x8000b720 (0x77d8c993) x19 0x0000077c
core   0: 0x8000b724 (0x02ad6333) rem     t1, s10, a0
core   0: 3 0x8000b724 (0x02ad6333) x 6 0xfffffc57
core   0: 0x8000b728 (0x011effb3) and     t6, t4, a7
core   0: 3 0x8000b728 (0x011effb3) x31 0x00000000
core   0: 0x8000b72c (0x0121cfb3) xor     t6, gp, s2
core   0: 3 0x8000b72c (0x0121cfb3) x31 0x000001ff
core   0: 0x8000b730 (0xca2b6793) ori     a5, s6, -862
core   0: 3 0x8000b730 (0xca2b6793) x15 0xfffffeae
core   0: 0x8000b734 (0x0188d1b3) srl     gp, a7, s8
core   0: 3 0x8000b734 (0x0188d1b3) x 3 0x00000001
core   0: 0x8000b738 (0x41cc5133) sra     sp, s8, t3
core   0: 3 0x8000b738 (0x41cc5133) x 2 0x00000000
core   0: 0x8000b73c (0x01b5d693) srli    a3, a1, 27
core   0: 3 0x8000b73c (0x01b5d693) x13 0x00000000
core   0: 0x8000b740 (0xbd158d17) auipc   s10, 0xbd158
core   0: 3 0x8000b740 (0xbd158d17) x26 0x3d163740
core   0: 0x8000b744 (0x03ab7263) bgeu    s6, s10, pc + 36
core   0: 3 0x8000b744 (0x03ab7263)
core   0: 0x8000b768 (0x014ee3b3) or      t2, t4, s4
core   0: 3 0x8000b768 (0x014ee3b3) x 7 0x00000000
core   0: 0x8000b76c (0x01174a33) xor     s4, a4, a7
core   0: 3 0x8000b76c (0x01174a33) x20 0xeb14dae7
core   0: 0x8000b770 (0x41195333) sra     t1, s2, a7
core   0: 3 0x8000b770 (0x41195333) x 6 0x000000ff
core   0: 0x8000b774 (0x03d46663) bltu    s0, t4, pc + 44
core   0: 3 0x8000b774 (0x03d46663)
core   0: 0x8000b778 (0x035319b3) mulh    s3, t1, s5
core   0: 3 0x8000b778 (0x035319b3) x19 0x0000002f
core   0: 0x8000b77c (0x018f5233) srl     tp, t5, s8
core   0: 3 0x8000b77c (0x018f5233) x 4 0xffffffff
core   0: 0x8000b780 (0x3dc84193) xori    gp, a6, 988
core   0: 3 0x8000b780 (0x3dc84193) x 3 0x000003dc
core   0: 0x8000b784 (0xc6542413) slti    s0, s0, -923
core   0: 3 0x8000b784 (0xc6542413) x 8 0x00000000
core   0: 0x8000b788 (0x014cb7b3) sltu    a5, s9, s4
core   0: 3 0x8000b788 (0x014cb7b3) x15 0x00000001
core   0: 0x8000b78c (0x00244fb3) xor     t6, s0, sp
core   0: 3 0x8000b78c (0x00244fb3) x31 0x00000000
core   0: 0x8000b790 (0x40e00f33) sub     t5, zero, a4
core   0: 3 0x8000b790 (0x40e00f33) x30 0x14eb251a
core   0: 0x8000b794 (0x05568063) beq     a3, s5, pc + 64
core   0: 3 0x8000b794 (0x05568063)
core   0: 0x8000b798 (0x70876437) lui     s0, 0x70876
core   0: 3 0x8000b798 (0x70876437) x 8 0x70876000
core   0: 0x8000b79c (0x00f92bb3) slt     s7, s2, a5
core   0: 3 0x8000b79c (0x00f92bb3) x23 0x00000000
core   0: 0x8000b7a0 (0x0078e9b3) or      s3, a7, t2
core   0: 3 0x8000b7a0 (0x0078e9b3) x19 0x00000001
core   0: 0x8000b7a4 (0x016a3c33) sltu    s8, s4, s6
core   0: 3 0x8000b7a4 (0x016a3c33) x24 0x00000000
core   0: 0x8000b7a8 (0x032cc6b3) div     a3, s9, s2
core   0: 3 0x8000b7a8 (0x032cc6b3) x13 0x00000000
core   0: 0x8000b7ac (0x091fe193) ori     gp, t6, 145
core   0: 3 0x8000b7ac (0x091fe193) x 3 0x00000091
core   0: 0x8000b7b0 (0x03c474b3) remu    s1, s0, t3
core   0: 3 0x8000b7b0 (0x03c474b3) x 9 0x70876000
core   0: 0x8000b7b4 (0x03e0d5b3) divu    a1, ra, t5
core   0: 3 0x8000b7b4 (0x03e0d5b3) x11 0x00000000
core   0: 0x8000b7b8 (0xd82cb113) sltiu   sp, s9, -638
core   0: 3 0x8000b7b8 (0xd82cb113) x 2 0x00000001
core   0: 0x8000b7bc (0x007f4333) xor     t1, t5, t2
core   0: 3 0x8000b7bc (0x007f4333) x 6 0x14eb251a
core   0: 0x8000b7c0 (0x05c95863) bge     s2, t3, pc + 80
core   0: 3 0x8000b7c0 (0x05c95863)
core   0: 0x8000b810 (0xe7d83693) sltiu   a3, a6, -387
core   0: 3 0x8000b810 (0xe7d83693) x13 0x00000001
core   0: 0x8000b814 (0x00b01a63) bne     zero, a1, pc + 20
core   0: 3 0x8000b814 (0x00b01a63)
core   0: 0x8000b818 (0xba64c313) xori    t1, s1, -1114
core   0: 3 0x8000b818 (0xba64c313) x 6 0x8f789ba6
core   0: 0x8000b81c (0x00166933) or      s2, a2, ra
core   0: 3 0x8000b81c (0x00166933) x18 0x00000333
core   0: 0x8000b820 (0x030fd933) divu    s2, t6, a6
core   0: 3 0x8000b820 (0x030fd933) x18 0xffffffff
core   0: 0x8000b824 (0x00c61f33) sll     t5, a2, a2
core   0: 3 0x8000b824 (0x00c61f33) x30 0x0cc80000
core   0: 0x8000b828 (0x0194c8b3) xor     a7, s1, s9
core   0: 3 0x8000b828 (0x0194c8b3) x17 0x70876001
core   0: 0x8000b82c (0x032ae2b3) rem     t0, s5, s2
core   0: 3 0x8000b82c (0x032ae2b3) x 5 0x00000000
core   0: 0x8000b830 (0x0257a413) slti    s0, a5, 37
core   0: 3 0x8000b830 (0x0257a413) x 8 0x00000001
core   0: 0x8000b834 (0x414a5593) srai    a1, s4, 20
core   0: 3 0x8000b834 (0x414a5593) x11 0xfffffeb1
core   0: 0x8000b838 (0x02119a33) mulh    s4, gp, ra
core   0: 3 0x8000b838 (0x02119a33) x20 0x00000000
core   0: 0x8000b83c (0x03d56e33) rem     t3, a0, t4
core   0: 3 0x8000b83c (0x03d56e33) x28 0x00000000
core   0: 0x8000b840 (0x02051cb3) mulh    s9, a0, zero
core   0: 3 0x8000b840 (0x02051cb3) x25 0x00000000
core   0: 0x8000b844 (0x01aca6b3) slt     a3, s9, s10
core   0: 3 0x8000b844 (0x01aca6b3) x13 0x00000001
core   0: 0x8000b848 (0x41fb5b93) srai    s7, s6, 31
core   0: 3 0x8000b848 (0x41fb5b93) x23 0xffffffff
core   0: 0x8000b84c (0x0167fc63) bgeu    a5, s6, pc + 24
core   0: 3 0x8000b84c (0x0167fc63)
core   0: 0x8000b850 (0x1d771f37) lui     t5, 0x1d771
core   0: 3 0x8000b850 (0x1d771f37) x30 0x1d771000
core   0: 0x8000b854 (0x0036b933) sltu    s2, a3, gp
core   0: 3 0x8000b854 (0x0036b933) x18 0x00000001
core   0: 0x8000b858 (0x02fe1fb3) mulh    t6, t3, a5
core   0: 3 0x8000b858 (0x02fe1fb3) x31 0x00000000
core   0: 0x8000b85c (0x03f07333) remu    t1, zero, t6
core   0: 3 0x8000b85c (0x03f07333) x 6 0x00000000
core   0: 0x8000b860 (0x03a0f663) bgeu    ra, s10, pc + 44
core   0: 3 0x8000b860 (0x03a0f663)
core   0: 0x8000b864 (0x188af813) andi    a6, s5, 392
core   0: 3 0x8000b864 (0x188af813) x16 0x00000000
core   0: 0x8000b868 (0x015c38b3) sltu    a7, s8, s5
core   0: 3 0x8000b868 (0x015c38b3) x17 0x00000001
core   0: 0x8000b86c (0x01ae3633) sltu    a2, t3, s10
core   0: 3 0x8000b86c (0x01ae3633) x12 0x00000001
core   0: 0x8000b870 (0x02456063) bltu    a0, tp, pc + 32
core   0: 3 0x8000b870 (0x02456063)
core   0: 0x8000b890 (0x0015e933) or      s2, a1, ra
core   0: 3 0x8000b890 (0x0015e933) x18 0xfffffeb1
core   0: 0x8000b894 (0x008ecf33) xor     t5, t4, s0
core   0: 3 0x8000b894 (0x008ecf33) x30 0x00000001
core   0: 0x8000b898 (0x032cfe63) bgeu    s9, s2, pc + 60
core   0: 3 0x8000b898 (0x032cfe63)
core   0: 0x8000b89c (0x0155d833) srl     a6, a1, s5
core   0: 3 0x8000b89c (0x0155d833) x16 0xfffffeb1
core   0: 0x8000b8a0 (0x409e0c33) sub     s8, t3, s1
core   0: 3 0x8000b8a0 (0x409e0c33) x24 0x8f78a000
core   0: 0x8000b8a4 (0x036ad9b3) divu    s3, s5, s6
core   0: 3 0x8000b8a4 (0x036ad9b3) x19 0x00000000
core   0: 0x8000b8a8 (0x034e6463) bltu    t3, s4, pc + 40
core   0: 3 0x8000b8a8 (0x034e6463)
core   0: 0x8000b8ac (0x02f34663) blt     t1, a5, pc + 44
core   0: 3 0x8000b8ac (0x02f34663)
core   0: 0x8000b8d8 (0x03705863) bge     zero, s7, pc + 48
core   0: 3 0x8000b8d8 (0x03705863)
core   0: 0x8000b908 (0x00429e13) slli    t3, t0, 4
core   0: 3 0x8000b908 (0x00429e13) x28 0x00000000
core   0: 0x8000b90c (0x90bd3193) sltiu   gp, s10, -1781
core   0: 3 0x8000b90c (0x90bd3193) x 3 0x00000001
core   0: 0x8000b910 (0x024dcbb3) div     s7, s11, tp
core   0: 3 0x8000b910 (0x024dcbb3) x23 0x7ffd631c
core   0: 0x8000b914 (0xfc70c393) xori    t2, ra, -57
core   0: 3 0x8000b914 (0xfc70c393) x 7 0xffffffc6
core   0: 0x8000b918 (0x02d5c263) blt     a1, a3, pc + 36
core   0: 3 0x8000b918 (0x02d5c263)
core   0: 0x8000b93c (0x017b94b3) sll     s1, s7, s7
core   0: 3 0x8000b93c (0x017b94b3) x 9 0xc0000000
core   0: 0x8000b940 (0x011ac933) xor     s2, s5, a7
core   0: 3 0x8000b940 (0x011ac933) x18 0x30000001
core   0: 0x8000b944 (0xaaf17313) andi    t1, sp, -1361
core   0: 3 0x8000b944 (0xaaf17313) x 6 0x00000001
core   0: 0x8000b948 (0x02ff51b3) divu    gp, t5, a5
core   0: 3 0x8000b948 (0x02ff51b3) x 3 0x00000001
core   0: 0x8000b94c (0x0145db93) srli    s7, a1, 20
core   0: 3 0x8000b94c (0x0145db93) x23 0x00000fff
core   0: 0x8000b950 (0x41f0d813) srai    a6, ra, 31
core   0: 3 0x8000b950 (0x41f0d813) x16 0x00000000
core   0: 0x8000b954 (0x01dea7b3) slt     a5, t4, t4
core   0: 3 0x8000b954 (0x01dea7b3) x15 0x00000000
core   0: 0x8000b958 (0x7abf4293) xori    t0, t5, 1963
core   0: 3 0x8000b958 (0x7abf4293) x 5 0x000007aa
core   0: 0x8000b95c (0x01e17933) and     s2, sp, t5
core   0: 3 0x8000b95c (0x01e17933) x18 0x00000001
core   0: 0x8000b960 (0x02355663) bge     a0, gp, pc + 44
core   0: 3 0x8000b960 (0x02355663)
core   0: 0x8000b964 (0x01b41d33) sll     s10, s0, s11
core   0: 3 0x8000b964 (0x01b41d33) x26 0x00000010
core   0: 0x8000b968 (0x020d63b3) rem     t2, s10, zero
core   0: 3 0x8000b968 (0x020d63b3) x 7 0x00000010
core   0: 0x8000b96c (0x40ddd8b3) sra     a7, s11, a3
core   0: 3 0x8000b96c (0x40ddd8b3) x17 0xc0014e72
core   0: 0x8000b970 (0x01569e63) bne     a3, s5, pc + 28
core   0: 3 0x8000b970 (0x01569e63)
core   0: 0x8000b98c (0xff849097) auipc   ra, 0xff849
core   0: 3 0x8000b98c (0xff849097) x 1 0x7f85498c
core   0: 0x8000b990 (0x0294d863) bge     s1, s1, pc + 48
core   0: 3 0x8000b990 (0x0294d863)
core   0: 0x8000b9c0 (0x03fea133) mulhsu  sp, t4, t6
core   0: 3 0x8000b9c0 (0x03fea133) x 2 0x00000000
core   0: 0x8000b9c4 (0x8a2b7397) auipc   t2, 0x8a2b7
core   0: 3 0x8000b9c4 (0x8a2b7397) x 7 0x0a2c29c4
core   0: 0x8000b9c8 (0x00000013) nop
core   0: 3 0x8000b9c8 (0x00000013)
core   0: 0x8000b9cc (0x00000013) nop
core   0: 3 0x8000b9cc (0x00000013)
core   0: 0x8000b9d0 (0x02d8e9b3) rem     s3, a7, a3
core   0: 3 0x8000b9d0 (0x02d8e9b3) x19 0x00000000
core   0: 0x8000b9d4 (0x00719433) sll     s0, gp, t2
core   0: 3 0x8000b9d4 (0x00719433) x 8 0x00000010
core   0: 0x8000b9d8 (0x41ce8e33) sub     t3, t4, t3
core   0: 3 0x8000b9d8 (0x41ce8e33) x28 0x00000000
core   0: 0x8000b9dc (0x032b5e63) bge     s6, s2, pc + 60
core   0: 3 0x8000b9dc (0x032b5e63)
core   0: 0x8000b9e0 (0x416ad693) srai    a3, s5, 22
core   0: 3 0x8000b9e0 (0x416ad693) x13 0x000000c0
core   0: 0x8000b9e4 (0x003122b3) slt     t0, sp, gp
core   0: 3 0x8000b9e4 (0x003122b3) x 5 0x00000001
core   0: 0x8000b9e8 (0x0015df13) srli    t5, a1, 1
core   0: 3 0x8000b9e8 (0x0015df13) x30 0x7fffff58
core   0: 0x8000b9ec (0x00e6b233) sltu    tp, a3, a4
core   0: 3 0x8000b9ec (0x00e6b233) x 4 0x00000001
core   0: 0x8000b9f0 (0x04fde863) bltu    s11, a5, pc + 80
core   0: 3 0x8000b9f0 (0x04fde863)
core   0: 0x8000b9f4 (0x003bc033) xor     zero, s7, gp
core   0: 3 0x8000b9f4 (0x003bc033)
core   0: 0x8000b9f8 (0x00e79333) sll     t1, a5, a4
core   0: 3 0x8000b9f8 (0x00e79333) x 6 0x00000000
core   0: 0x8000b9fc (0x1053c013) xori    zero, t2, 261
core   0: 3 0x8000b9fc (0x1053c013)
core   0: 0x8000ba00 (0x0ef6cc13) xori    s8, a3, 239
core   0: 3 0x8000ba00 (0x0ef6cc13) x24 0x0000002f
core   0: 0x8000ba04 (0x03a3c233) div     tp, t2, s10
core   0: 3 0x8000ba04 (0x03a3c233) x 4 0x00a2c29c
core   0: 0x8000ba08 (0x02f71c63) bne     a4, a5, pc + 56
core   0: 3 0x8000ba08 (0x02f71c63)
core   0: 0x8000ba40 (0x0106eeb3) or      t4, a3, a6
core   0: 3 0x8000ba40 (0x0106eeb3) x29 0x000000c0
core   0: 0x8000ba44 (0x01ba16b3) sll     a3, s4, s11
core   0: 3 0x8000ba44 (0x01ba16b3) x13 0x00000000
core   0: 0x8000ba48 (0x00000013) nop
core   0: 3 0x8000ba48 (0x00000013)
core   0: 0x8000ba4c (0x031a3133) mulhu   sp, s4, a7
core   0: 3 0x8000ba4c (0x031a3133) x 2 0x00000000
core   0: 0x8000ba50 (0x0074c5b3) xor     a1, s1, t2
core   0: 3 0x8000ba50 (0x0074c5b3) x11 0xca2c29c4
core   0: 0x8000ba54 (0x00000013) nop
core   0: 3 0x8000ba54 (0x00000013)
core   0: 0x8000ba58 (0x7293c893) xori    a7, t2, 1833
core   0: 3 0x8000ba58 (0x7293c893) x17 0x0a2c2eed
core   0: 0x8000ba5c (0x03278633) mul     a2, a5, s2
core   0: 3 0x8000ba5c (0x03278633) x12 0x00000000
core   0: 0x8000ba60 (0x025c22b3) mulhsu  t0, s8, t0
core   0: 3 0x8000ba60 (0x025c22b3) x 5 0x00000000
core   0: 0x8000ba64 (0x039a34b3) mulhu   s1, s4, s9
core   0: 3 0x8000ba64 (0x039a34b3) x 9 0x00000000
core   0: 0x8000ba68 (0x01efa633) slt     a2, t6, t5
core   0: 3 0x8000ba68 (0x01efa633) x12 0x00000001
core   0: 0x8000ba6c (0x00e377b3) and     a5, t1, a4
core   0: 3 0x8000ba6c (0x00e377b3) x15 0x00000000
core   0: 0x8000ba70 (0x021c5a33) divu    s4, s8, ra
core   0: 3 0x8000ba70 (0x021c5a33) x20 0x00000000
core   0: 0x8000ba74 (0x01061ab3) sll     s5, a2, a6
core   0: 3 0x8000ba74 (0x01061ab3) x21 0x00000001
core   0: 0x8000ba78 (0x03d13033) mulhu   zero, sp, t4
core   0: 3 0x8000ba78 (0x03d13033)
core   0: 0x8000ba7c (0x00900513) li      a0, 9
core   0: 3 0x8000ba7c (0x00900513) x10 0x00000009
core   0: 0x8000ba80 (0x00e39813) slli    a6, t2, 14
core   0: 3 0x8000ba80 (0x00e39813) x16 0x0a710000
core   0: 0x8000ba84 (0x40db0bb3) sub     s7, s6, a3
core   0: 3 0x8000ba84 (0x40db0bb3) x23 0x80025e2c
core   0: 0x8000ba88 (0x0168abb3) slt     s7, a7, s6
core   0: 3 0x8000ba88 (0x0168abb3) x23 0x00000000
core   0: 0x8000ba8c (0x019ef033) and     zero, t4, s9
core   0: 3 0x8000ba8c (0x019ef033)
core   0: 0x8000ba90 (0x01736b93) ori     s7, t1, 23
core   0: 3 0x8000ba90 (0x01736b93) x23 0x00000017
core   0: 0x8000ba94 (0xc1703e17) auipc   t3, 0xc1703
core   0: 3 0x8000ba94 (0xc1703e17) x28 0x4170ea94
core   0: 0x8000ba98 (0xff800c13) li      s8, -8
core   0: 3 0x8000ba98 (0xff800c13) x24 0xfffffff8
core   0: 0x8000ba9c (0xed329017) auipc   zero, 0xed329
core   0: 3 0x8000ba9c (0xed329017)
core   0: 0x8000baa0 (0x0215dbb3) divu    s7, a1, ra
core   0: 3 0x8000baa0 (0x0215dbb3) x23 0x00000001
core   0: 0x8000baa4 (0x027c75b3) remu    a1, s8, t2
core   0: 3 0x8000baa4 (0x027c75b3) x11 0x01afebd4
core   0: 0x8000baa8 (0x029ec0b3) div     ra, t4, s1
core   0: 3 0x8000baa8 (0x029ec0b3) x 1 0xffffffff
core   0: 0x8000baac (0x03473933) mulhu   s2, a4, s4
core   0: 3 0x8000baac (0x03473933) x18 0x00000000
core   0: 0x8000bab0 (0x72138993) addi    s3, t2, 1825
core   0: 3 0x8000bab0 (0x72138993) x19 0x0a2c30e5
core   0: 0x8000bab4 (0xff650513) addi    a0, a0, -10
core   0: 3 0x8000bab4 (0xff650513) x10 0xffffffff
core   0: 0x8000bab8 (0x004a2eb3) slt     t4, s4, tp
core   0: 3 0x8000bab8 (0x004a2eb3) x29 0x00000001
core   0: 0x8000babc (0x9b5b2017) auipc   zero, 0x9b5b2
core   0: 3 0x8000babc (0x9b5b2017)
core   0: 0x8000bac0 (0x00600413) li      s0, 6
core   0: 3 0x8000bac0 (0x00600413) x 8 0x00000006
core   0: 0x8000bac4 (0x407b5933) sra     s2, s6, t2
core   0: 3 0x8000bac4 (0x407b5933) x18 0xf80025e2
core   0: 0x8000bac8 (0x01e607b3) add     a5, a2, t5
core   0: 3 0x8000bac8 (0x01e607b3) x15 0x7fffff59
core   0: 0x8000bacc (0x43819297) auipc   t0, 0x43819
core   0: 3 0x8000bacc (0x43819297) x 5 0xc3824acc
core   0: 0x8000bad0 (0x036440b3) div     ra, s0, s6
core   0: 3 0x8000bad0 (0x036440b3) x 1 0x00000000
core   0: 0x8000bad4 (0x01100313) li      t1, 17
core   0: 3 0x8000bad4 (0x01100313) x 6 0x00000011
core   0: 0x8000bad8 (0x00d3c7b3) xor     a5, t2, a3
core   0: 3 0x8000bad8 (0x00d3c7b3) x15 0x0a2c29c4
core   0: 0x8000badc (0x00ce5a93) srli    s5, t3, 12
core   0: 3 0x8000badc (0x00ce5a93) x21 0x0004170e
core   0: 0x8000bae0 (0x0300a9b3) mulhsu  s3, ra, a6
core   0: 3 0x8000bae0 (0x0300a9b3) x19 0x00000000
core   0: 0x8000bae4 (0x022499b3) mulh    s3, s1, sp
core   0: 3 0x8000bae4 (0x022499b3) x19 0x00000000
core   0: 0x8000bae8 (0x00940413) addi    s0, s0, 9
core   0: 3 0x8000bae8 (0x00940413) x 8 0x0000000f
core   0: 0x8000baec (0xfe646ce3) bltu    s0, t1, pc - 8
core   0: 3 0x8000baec (0xfe646ce3)
core   0: 0x8000bae4 (0x022499b3) mulh    s3, s1, sp
core   0: 3 0x8000bae4 (0x022499b3) x19 0x00000000
core   0: 0x8000bae8 (0x00940413) addi    s0, s0, 9
core   0: 3 0x8000bae8 (0x00940413) x 8 0x00000018
core   0: 0x8000baec (0xfe646ce3) bltu    s0, t1, pc - 8
core   0: 3 0x8000baec (0xfe646ce3)
core   0: 0x8000baf0 (0x01879eb3) sll     t4, a5, s8
core   0: 3 0x8000baf0 (0x01879eb3) x29 0xc4000000
core   0: 0x8000baf4 (0x0389e3b3) rem     t2, s3, s8
core   0: 3 0x8000baf4 (0x0389e3b3) x 7 0x00000000
core   0: 0x8000baf8 (0xaa7e0f13) addi    t5, t3, -1369
core   0: 3 0x8000baf8 (0xaa7e0f13) x30 0x4170e53b
core   0: 0x8000bafc (0x009a99b3) sll     s3, s5, s1
core   0: 3 0x8000bafc (0x009a99b3) x19 0x0004170e
core   0: 0x8000bb00 (0xfb8554e3) bge     a0, s8, pc - 88
core   0: 3 0x8000bb00 (0xfb8554e3)
core   0: 0x8000baa8 (0x029ec0b3) div     ra, t4, s1
core   0: 3 0x8000baa8 (0x029ec0b3) x 1 0xffffffff
core   0: 0x8000baac (0x03473933) mulhu   s2, a4, s4
core   0: 3 0x8000baac (0x03473933) x18 0x00000000
core   0: 0x8000bab0 (0x72138993) addi    s3, t2, 1825
core   0: 3 0x8000bab0 (0x72138993) x19 0x00000721
core   0: 0x8000bab4 (0xff650513) addi    a0, a0, -10
core   0: 3 0x8000bab4 (0xff650513) x10 0xfffffff5
core   0: 0x8000bab8 (0x004a2eb3) slt     t4, s4, tp
core   0: 3 0x8000bab8 (0x004a2eb3) x29 0x00000001
core   0: 0x8000babc (0x9b5b2017) auipc   zero, 0x9b5b2
core   0: 3 0x8000babc (0x9b5b2017)
core   0: 0x8000bac0 (0x00600413) li      s0, 6
core   0: 3 0x8000bac0 (0x00600413) x 8 0x00000006
core   0: 0x8000bac4 (0x407b5933) sra     s2, s6, t2
core   0: 3 0x8000bac4 (0x407b5933) x18 0x80025e2c
core   0: 0x8000bac8 (0x01e607b3) add     a5, a2, t5
core   0: 3 0x8000bac8 (0x01e607b3) x15 0x4170e53c
core   0: 0x8000bacc (0x43819297) auipc   t0, 0x43819
core   0: 3 0x8000bacc (0x43819297) x 5 0xc3824acc
core   0: 0x8000bad0 (0x036440b3) div     ra, s0, s6
core   0: 3 0x8000bad0 (0x036440b3) x 1 0x00000000
core   0: 0x8000bad4 (0x01100313) li      t1, 17
core   0: 3 0x8000bad4 (0x01100313) x 6 0x00000011
core   0: 0x8000bad8 (0x00d3c7b3) xor     a5, t2, a3
core   0: 3 0x8000bad8 (0x00d3c7b3) x15 0x00000000
core   0: 0x8000badc (0x00ce5a93) srli    s5, t3, 12
core   0: 3 0x8000badc (0x00ce5a93) x21 0x0004170e
core   0: 0x8000bae0 (0x0300a9b3) mulhsu  s3, ra, a6
core   0: 3 0x8000bae0 (0x0300a9b3) x19 0x00000000
core   0: 0x8000bae4 (0x022499b3) mulh    s3, s1, sp
core   0: 3 0x8000bae4 (0x022499b3) x19 0x00000000
core   0: 0x8000bae8 (0x00940413) addi    s0, s0, 9
core   0: 3 0x8000bae8 (0x00940413) x 8 0x0000000f
core   0: 0x8000baec (0xfe646ce3) bltu    s0, t1, pc - 8
core   0: 3 0x8000baec (0xfe646ce3)
core   0: 0x8000bae4 (0x022499b3) mulh    s3, s1, sp
core   0: 3 0x8000bae4 (0x022499b3) x19 0x00000000
core   0: 0x8000bae8 (0x00940413) addi    s0, s0, 9
core   0: 3 0x8000bae8 (0x00940413) x 8 0x00000018
core   0: 0x8000baec (0xfe646ce3) bltu    s0, t1, pc - 8
core   0: 3 0x8000baec (0xfe646ce3)
core   0: 0x8000baf0 (0x01879eb3) sll     t4, a5, s8
core   0: 3 0x8000baf0 (0x01879eb3) x29 0x00000000
core   0: 0x8000baf4 (0x0389e3b3) rem     t2, s3, s8
core   0: 3 0x8000baf4 (0x0389e3b3) x 7 0x00000000
core   0: 0x8000baf8 (0xaa7e0f13) addi    t5, t3, -1369
core   0: 3 0x8000baf8 (0xaa7e0f13) x30 0x4170e53b
core   0: 0x8000bafc (0x009a99b3) sll     s3, s5, s1
core   0: 3 0x8000bafc (0x009a99b3) x19 0x0004170e
core   0: 0x8000bb00 (0xfb8554e3) bge     a0, s8, pc - 88
core   0: 3 0x8000bb00 (0xfb8554e3)
core   0: 0x8000bb04 (0x3c810c93) addi    s9, sp, 968
core   0: 3 0x8000bb04 (0x3c810c93) x25 0x000003c8
core   0: 0x8000bb08 (0x01c9d493) srli    s1, s3, 28
core   0: 3 0x8000bb08 (0x01c9d493) x 9 0x00000000
core   0: 0x8000bb0c (0x02dc8863) beq     s9, a3, pc + 48
core   0: 3 0x8000bb0c (0x02dc8863)
core   0: 0x8000bb10 (0x0043f533) and     a0, t2, tp
core   0: 3 0x8000bb10 (0x0043f533) x10 0x00000000
core   0: 0x8000bb14 (0x0225d033) divu    zero, a1, sp
core   0: 3 0x8000bb14 (0x0225d033)
core   0: 0x8000bb18 (0x036d4fb3) div     t6, s10, s6
core   0: 3 0x8000bb18 (0x036d4fb3) x31 0x00000000
core   0: 0x8000bb1c (0x02271263) bne     a4, sp, pc + 36
core   0: 3 0x8000bb1c (0x02271263)
core   0: 0x8000bb40 (0x03262a33) mulhsu  s4, a2, s2
core   0: 3 0x8000bb40 (0x03262a33) x20 0x00000000
core   0: 0x8000bb44 (0x0145fd33) and     s10, a1, s4
core   0: 3 0x8000bb44 (0x0145fd33) x26 0x00000000
core   0: 0x8000bb48 (0x0214a5b3) mulhsu  a1, s1, ra
core   0: 3 0x8000bb48 (0x0214a5b3) x11 0x00000000
core   0: 0x8000bb4c (0x4e240893) addi    a7, s0, 1250
core   0: 3 0x8000bb4c (0x4e240893) x17 0x000004fa
core   0: 0x8000bb50 (0xc1cd5fb7) lui     t6, 0xc1cd5
core   0: 3 0x8000bb50 (0xc1cd5fb7) x31 0xc1cd5000
core   0: 0x8000bb54 (0x0081da93) srli    s5, gp, 8
core   0: 3 0x8000bb54 (0x0081da93) x21 0x00000000
core   0: 0x8000bb58 (0x622a2613) slti    a2, s4, 1570
core   0: 3 0x8000bb58 (0x622a2613) x12 0x00000001
core   0: 0x8000bb5c (0x031f1a63) bne     t5, a7, pc + 52
core   0: 3 0x8000bb5c (0x031f1a63)
core   0: 0x8000bb90 (0x03331fb3) mulh    t6, t1, s3
core   0: 3 0x8000bb90 (0x03331fb3) x31 0x00000000
core   0: 0x8000bb94 (0x00c558b3) srl     a7, a0, a2
core   0: 3 0x8000bb94 (0x00c558b3) x17 0x00000000
core   0: 0x8000bb98 (0x88bcc093) xori    ra, s9, -1909
core   0: 3 0x8000bb98 (0x88bcc093) x 1 0xfffffb43
core   0: 0x8000bb9c (0x12222f13) slti    t5, tp, 290
core   0: 3 0x8000bb9c (0x12222f13) x30 0x00000000
core   0: 0x8000bba0 (0x01accc63) blt     s9, s10, pc + 24
core   0: 3 0x8000bba0 (0x01accc63)
core   0: 0x8000bba4 (0x403ed613) srai    a2, t4, 3
core   0: 3 0x8000bba4 (0x403ed613) x12 0x00000000
core   0: 0x8000bba8 (0x03777c63) bgeu    a4, s7, pc + 56
core   0: 3 0x8000bba8 (0x03777c63)
core   0: 0x8000bbe0 (0x00ea16b3) sll     a3, s4, a4
core   0: 3 0x8000bbe0 (0x00ea16b3) x13 0x00000000
core   0: 0x8000bbe4 (0x41acd493) srai    s1, s9, 26
core   0: 3 0x8000bbe4 (0x41acd493) x 9 0x00000000
core   0: 0x8000bbe8 (0x0148dc93) srli    s9, a7, 20
core   0: 3 0x8000bbe8 (0x0148dc93) x25 0x00000000
core   0: 0x8000bbec (0x03aad5b3) divu    a1, s5, s10
core   0: 3 0x8000bbec (0x03aad5b3) x11 0xffffffff
core   0: 0x8000bbf0 (0x017b9093) slli    ra, s7, 23
core   0: 3 0x8000bbf0 (0x017b9093) x 1 0x00800000
core   0: 0x8000bbf4 (0x03a4ca33) div     s4, s1, s10
core   0: 3 0x8000bbf4 (0x03a4ca33) x20 0xffffffff
core   0: 0x8000bbf8 (0x03b3acb3) mulhsu  s9, t2, s11
core   0: 3 0x8000bbf8 (0x03b3acb3) x25 0x00000000
core   0: 0x8000bbfc (0x40725a33) sra     s4, tp, t2
core   0: 3 0x8000bbfc (0x40725a33) x20 0x00a2c29c
core   0: 0x8000bc00 (0x0126ad33) slt     s10, a3, s2
core   0: 3 0x8000bc00 (0x0126ad33) x26 0x00000000
core   0: 0x8000bc04 (0x018f1133) sll     sp, t5, s8
core   0: 3 0x8000bc04 (0x018f1133) x 2 0x00000000
core   0: 0x8000bc08 (0x00633a33) sltu    s4, t1, t1
core   0: 3 0x8000bc08 (0x00633a33) x20 0x00000000
core   0: 0x8000bc0c (0x029c6c63) bltu    s8, s1, pc + 56
core   0: 3 0x8000bc0c (0x029c6c63)
core   0: 0x8000bc10 (0x0091e263) bltu    gp, s1, pc + 4
core   0: 3 0x8000bc10 (0x0091e263)
core   0: 0x8000bc14 (0x03ea5933) divu    s2, s4, t5
core   0: 3 0x8000bc14 (0x03ea5933) x18 0xffffffff
core   0: 0x8000bc18 (0x7d5c2f13) slti    t5, s8, 2005
core   0: 3 0x8000bc18 (0x7d5c2f13) x30 0x00000001
core   0: 0x8000bc1c (0x00e15a13) srli    s4, sp, 14
core   0: 3 0x8000bc1c (0x00e15a13) x20 0x00000000
core   0: 0x8000bc20 (0x022a9433) mulh    s0, s5, sp
core   0: 3 0x8000bc20 (0x022a9433) x 8 0x00000000
core   0: 0x8000bc24 (0x288a8493) addi    s1, s5, 648
core   0: 3 0x8000bc24 (0x288a8493) x 9 0x00000288
core   0: 0x8000bc28 (0x031cfa33) remu    s4, s9, a7
core   0: 3 0x8000bc28 (0x031cfa33) x20 0x00000000
core   0: 0x8000bc2c (0x00355513) srli    a0, a0, 3
core   0: 3 0x8000bc2c (0x00355513) x10 0x00000000
core   0: 0x8000bc30 (0x01065f13) srli    t5, a2, 16
core   0: 3 0x8000bc30 (0x01065f13) x30 0x00000000
core   0: 0x8000bc34 (0x00000013) nop
core   0: 3 0x8000bc34 (0x00000013)
core   0: 0x8000bc38 (0x033660b3) rem     ra, a2, s3
core   0: 3 0x8000bc38 (0x033660b3) x 1 0x00000000
core   0: 0x8000bc3c (0x02a80c33) mul     s8, a6, a0
core   0: 3 0x8000bc3c (0x02a80c33) x24 0x00000000
core   0: 0x8000bc40 (0x03220533) mul     a0, tp, s2
core   0: 3 0x8000bc40 (0x03220533) x10 0xff5d3d64
core   0: 0x8000bc44 (0x010603b3) add     t2, a2, a6
core   0: 3 0x8000bc44 (0x010603b3) x 7 0x0a710000
core   0: 0x8000bc48 (0x024cb5b3) mulhu   a1, s9, tp
core   0: 3 0x8000bc48 (0x024cb5b3) x11 0x00000000
core   0: 0x8000bc4c (0xe851c513) xori    a0, gp, -379
core   0: 3 0x8000bc4c (0xe851c513) x10 0xfffffe84
core   0: 0x8000bc50 (0xc7254493) xori    s1, a0, -910
core   0: 3 0x8000bc50 (0xc7254493) x 9 0x000002f6
core   0: 0x8000bc54 (0x00000013) nop
core   0: 3 0x8000bc54 (0x00000013)
core   0: 0x8000bc58 (0x80400113) li      sp, -2044
core   0: 3 0x8000bc58 (0x80400113) x 2 0xfffff804
core   0: 0x8000bc5c (0x002e0333) add     t1, t3, sp
core   0: 3 0x8000bc5c (0x002e0333) x 6 0x4170e298
core   0: 0x8000bc60 (0x409087b3) sub     a5, ra, s1
core   0: 3 0x8000bc60 (0x409087b3) x15 0xfffffd0a
core   0: 0x8000bc64 (0x0071cbb3) xor     s7, gp, t2
core   0: 3 0x8000bc64 (0x0071cbb3) x23 0x0a710001
core   0: 0x8000bc68 (0x034dc863) blt     s11, s4, pc + 48
core   0: 3 0x8000bc68 (0x034dc863)
core   0: 0x8000bc98 (0x01e41863) bne     s0, t5, pc + 16
core   0: 3 0x8000bc98 (0x01e41863)
core   0: 0x8000bc9c (0x023cbfb3) mulhu   t6, s9, gp
core   0: 3 0x8000bc9c (0x023cbfb3) x31 0x00000000
core   0: 0x8000bca0 (0x029828b3) mulhsu  a7, a6, s1
core   0: 3 0x8000bca0 (0x029828b3) x17 0x0000001e
core   0: 0x8000bca4 (0xbd242e37) lui     t3, 0xbd242
core   0: 3 0x8000bca4 (0xbd242e37) x28 0xbd242000
core   0: 0x8000bca8 (0x03587433) remu    s0, a6, s5
core   0: 3 0x8000bca8 (0x03587433) x 8 0x0a710000
core   0: 0x8000bcac (0x01f05d33) srl     s10, zero, t6
core   0: 3 0x8000bcac (0x01f05d33) x26 0x00000000
core   0: 0x8000bcb0 (0xff900093) li      ra, -7
core   0: 3 0x8000bcb0 (0xff900093) x 1 0xfffffff9
core   0: 0x8000bcb4 (0x4162d833) sra     a6, t0, s6
core   0: 3 0x8000bcb4 (0x4162d833) x16 0xfffc3824
core   0: 0x8000bcb8 (0x038194b3) mulh    s1, gp, s8
core   0: 3 0x8000bcb8 (0x038194b3) x 9 0x00000000
core   0: 0x8000bcbc (0x0cfc8913) addi    s2, s9, 207
core   0: 3 0x8000bcbc (0x0cfc8913) x18 0x000000cf
core   0: 0x8000bcc0 (0x00b00113) li      sp, 11
core   0: 3 0x8000bcc0 (0x00b00113) x 2 0x0000000b
core   0: 0x8000bcc4 (0x00000013) nop
core   0: 3 0x8000bcc4 (0x00000013)
core   0: 0x8000bcc8 (0x020685b3) mul     a1, a3, zero
core   0: 3 0x8000bcc8 (0x020685b3) x11 0x00000000
core   0: 0x8000bccc (0x026f8f33) mul     t5, t6, t1
core   0: 3 0x8000bccc (0x026f8f33) x30 0x00000000
core   0: 0x8000bcd0 (0x03f8ffb3) remu    t6, a7, t6
core   0: 3 0x8000bcd0 (0x03f8ffb3) x31 0x0000001e
core   0: 0x8000bcd4 (0x00908093) addi    ra, ra, 9
core   0: 3 0x8000bcd4 (0x00908093) x 1 0x00000002
core   0: 0x8000bcd8 (0x015c0933) add     s2, s8, s5
core   0: 3 0x8000bcd8 (0x015c0933) x18 0x00000000
core   0: 0x8000bcdc (0xfff00613) li      a2, -1
core   0: 3 0x8000bcdc (0xfff00613) x12 0xffffffff
core   0: 0x8000bce0 (0xfee00c13) li      s8, -18
core   0: 3 0x8000bce0 (0xfee00c13) x24 0xffffffee
core   0: 0x8000bce4 (0xbb6e7417) auipc   s0, 0xbb6e7
core   0: 3 0x8000bce4 (0xbb6e7417) x 8 0x3b6f2ce4
core   0: 0x8000bce8 (0xe96e5537) lui     a0, 0xe96e5
core   0: 3 0x8000bce8 (0xe96e5537) x10 0xe96e5000
core   0: 0x8000bcec (0x02210233) mul     tp, sp, sp
core   0: 3 0x8000bcec (0x02210233) x 4 0x00000079
core   0: 0x8000bcf0 (0x01498a33) add     s4, s3, s4
core   0: 3 0x8000bcf0 (0x01498a33) x20 0x0004170e
core   0: 0x8000bcf4 (0xffb60613) addi    a2, a2, -5
core   0: 3 0x8000bcf4 (0xffb60613) x12 0xfffffffa
core   0: 0x8000bcf8 (0xff865ae3) bge     a2, s8, pc - 12
core   0: 3 0x8000bcf8 (0xff865ae3)
core   0: 0x8000bcec (0x02210233) mul     tp, sp, sp
core   0: 3 0x8000bcec (0x02210233) x 4 0x00000079
core   0: 0x8000bcf0 (0x01498a33) add     s4, s3, s4
core   0: 3 0x8000bcf0 (0x01498a33) x20 0x00082e1c
core   0: 0x8000bcf4 (0xffb60613) addi    a2, a2, -5
core   0: 3 0x8000bcf4 (0xffb60613) x12 0xfffffff5
core   0: 0x8000bcf8 (0xff865ae3) bge     a2, s8, pc - 12
core   0: 3 0x8000bcf8 (0xff865ae3)
core   0: 0x8000bcec (0x02210233) mul     tp, sp, sp
core   0: 3 0x8000bcec (0x02210233) x 4 0x00000079
core   0: 0x8000bcf0 (0x01498a33) add     s4, s3, s4
core   0: 3 0x8000bcf0 (0x01498a33) x20 0x000c452a
core   0: 0x8000bcf4 (0xffb60613) addi    a2, a2, -5
core   0: 3 0x8000bcf4 (0xffb60613) x12 0xfffffff0
core   0: 0x8000bcf8 (0xff865ae3) bge     a2, s8, pc - 12
core   0: 3 0x8000bcf8 (0xff865ae3)
core   0: 0x8000bcec (0x02210233) mul     tp, sp, sp
core   0: 3 0x8000bcec (0x02210233) x 4 0x00000079
core   0: 0x8000bcf0 (0x01498a33) add     s4, s3, s4
core   0: 3 0x8000bcf0 (0x01498a33) x20 0x00105c38
core   0: 0x8000bcf4 (0xffb60613) addi    a2, a2, -5
core   0: 3 0x8000bcf4 (0xffb60613) x12 0xffffffeb
core   0: 0x8000bcf8 (0xff865ae3) bge     a2, s8, pc - 12
core   0: 3 0x8000bcf8 (0xff865ae3)
core   0: 0x8000bcfc (0x70af1cb7) lui     s9, 0x70af1
core   0: 3 0x8000bcfc (0x70af1cb7) x25 0x70af1000
core   0: 0x8000bd00 (0xfc20e8e3) bltu    ra, sp, pc - 48
core   0: 3 0x8000bd00 (0xfc20e8e3)
core   0: 0x8000bcd0 (0x03f8ffb3) remu    t6, a7, t6
core   0: 3 0x8000bcd0 (0x03f8ffb3) x31 0x00000000
core   0: 0x8000bcd4 (0x00908093) addi    ra, ra, 9
core   0: 3 0x8000bcd4 (0x00908093) x 1 0x0000000b
core   0: 0x8000bcd8 (0x015c0933) add     s2, s8, s5
core   0: 3 0x8000bcd8 (0x015c0933) x18 0xffffffee
core   0: 0x8000bcdc (0xfff00613) li      a2, -1
core   0: 3 0x8000bcdc (0xfff00613) x12 0xffffffff
core   0: 0x8000bce0 (0xfee00c13) li      s8, -18
core   0: 3 0x8000bce0 (0xfee00c13) x24 0xffffffee
core   0: 0x8000bce4 (0xbb6e7417) auipc   s0, 0xbb6e7
core   0: 3 0x8000bce4 (0xbb6e7417) x 8 0x3b6f2ce4
core   0: 0x8000bce8 (0xe96e5537) lui     a0, 0xe96e5
core   0: 3 0x8000bce8 (0xe96e5537) x10 0xe96e5000
core   0: 0x8000bcec (0x02210233) mul     tp, sp, sp
core   0: 3 0x8000bcec (0x02210233) x 4 0x00000079
core   0: 0x8000bcf0 (0x01498a33) add     s4, s3, s4
core   0: 3 0x8000bcf0 (0x01498a33) x20 0x00147346
core   0: 0x8000bcf4 (0xffb60613) addi    a2, a2, -5
core   0: 3 0x8000bcf4 (0xffb60613) x12 0xfffffffa
core   0: 0x8000bcf8 (0xff865ae3) bge     a2, s8, pc - 12
core   0: 3 0x8000bcf8 (0xff865ae3)
core   0: 0x8000bcec (0x02210233) mul     tp, sp, sp
core   0: 3 0x8000bcec (0x02210233) x 4 0x00000079
core   0: 0x8000bcf0 (0x01498a33) add     s4, s3, s4
core   0: 3 0x8000bcf0 (0x01498a33) x20 0x00188a54
core   0: 0x8000bcf4 (0xffb60613) addi    a2, a2, -5
core   0: 3 0x8000bcf4 (0xffb60613) x12 0xfffffff5
core   0: 0x8000bcf8 (0xff865ae3) bge     a2, s8, pc - 12
core   0: 3 0x8000bcf8 (0xff865ae3)
core   0: 0x8000bcec (0x02210233) mul     tp, sp, sp
core   0: 3 0x8000bcec (0x02210233) x 4 0x00000079
core   0: 0x8000bcf0 (0x01498a33) add     s4, s3, s4
core   0: 3 0x8000bcf0 (0x01498a33) x20 0x001ca162
core   0: 0x8000bcf4 (0xffb60613) addi    a2, a2, -5
core   0: 3 0x8000bcf4 (0xffb60613) x12 0xfffffff0
core   0: 0x8000bcf8 (0xff865ae3) bge     a2, s8, pc - 12
core   0: 3 0x8000bcf8 (0xff865ae3)
core   0: 0x8000bcec (0x02210233) mul     tp, sp, sp
core   0: 3 0x8000bcec (0x02210233) x 4 0x00000079
core   0: 0x8000bcf0 (0x01498a33) add     s4, s3, s4
core   0: 3 0x8000bcf0 (0x01498a33) x20 0x0020b870
core   0: 0x8000bcf4 (0xffb60613) addi    a2, a2, -5
core   0: 3 0x8000bcf4 (0xffb60613) x12 0xffffffeb
core   0: 0x8000bcf8 (0xff865ae3) bge     a2, s8, pc - 12
core   0: 3 0x8000bcf8 (0xff865ae3)
core   0: 0x8000bcfc (0x70af1cb7) lui     s9, 0x70af1
core   0: 3 0x8000bcfc (0x70af1cb7) x25 0x70af1000
core   0: 0x8000bd00 (0xfc20e8e3) bltu    ra, sp, pc - 48
core   0: 3 0x8000bd00 (0xfc20e8e3)
core   0: 0x8000bd04 (0x41efd933) sra     s2, t6, t5
core   0: 3 0x8000bd04 (0x41efd933) x18 0x00000000
core   0: 0x8000bd08 (0x02951433) mulh    s0, a0, s1
core   0: 3 0x8000bd08 (0x02951433) x 8 0x00000000
core   0: 0x8000bd0c (0x02fcfab3) remu    s5, s9, a5
core   0: 3 0x8000bd0c (0x02fcfab3) x21 0x70af1000
core   0: 0x8000bd10 (0x01dade33) srl     t3, s5, t4
core   0: 3 0x8000bd10 (0x01dade33) x28 0x70af1000
core   0: 0x8000bd14 (0x9f8743b7) lui     t2, 0x9f874
core   0: 3 0x8000bd14 (0x9f8743b7) x 7 0x9f874000
core   0: 0x8000bd18 (0x00fd5fb3) srl     t6, s10, a5
core   0: 3 0x8000bd18 (0x00fd5fb3) x31 0x00000000
core   0: 0x8000bd1c (0x00651d33) sll     s10, a0, t1
core   0: 3 0x8000bd1c (0x00651d33) x26 0x00000000
core   0: 0x8000bd20 (0x1198a193) slti    gp, a7, 281
core   0: 3 0x8000bd20 (0x1198a193) x 3 0x00000001
core   0: 0x8000bd24 (0x02db8333) mul     t1, s7, a3
core   0: 3 0x8000bd24 (0x02db8333) x 6 0x00000000
core   0: 0x8000bd28 (0x0151fa63) bgeu    gp, s5, pc + 20
core   0: 3 0x8000bd28 (0x0151fa63)
core   0: 0x8000bd2c (0x58f08693) addi    a3, ra, 1423
core   0: 3 0x8000bd2c (0x58f08693) x13 0x0000059a
core   0: 0x8000bd30 (0x01b58863) beq     a1, s11, pc + 16
core   0: 3 0x8000bd30 (0x01b58863)
core   0: 0x8000bd34 (0x007c1ab3) sll     s5, s8, t2
core   0: 3 0x8000bd34 (0x007c1ab3) x21 0xffffffee
core   0: 0x8000bd38 (0x0183ea33) or      s4, t2, s8
core   0: 3 0x8000bd38 (0x0183ea33) x20 0xffffffee
core   0: 0x8000bd3c (0x02a8e7b3) rem     a5, a7, a0
core   0: 3 0x8000bd3c (0x02a8e7b3) x15 0x0000001e
core   0: 0x8000bd40 (0x01ed9933) sll     s2, s11, t5
core   0: 3 0x8000bd40 (0x01ed9933) x18 0x80029ce4
core   0: 0x8000bd44 (0x40805013) srai    zero, zero, 8
core   0: 3 0x8000bd44 (0x40805013)
core   0: 0x8000bd48 (0x00469f93) slli    t6, a3, 4
core   0: 3 0x8000bd48 (0x00469f93) x31 0x000059a0
core   0: 0x8000bd4c (0x0031d6b3) srl     a3, gp, gp
core   0: 3 0x8000bd4c (0x0031d6b3) x13 0x00000000
core   0: 0x8000bd50 (0x0166a5b3) slt     a1, a3, s6
core   0: 3 0x8000bd50 (0x0166a5b3) x11 0x00000000
core   0: 0x8000bd54 (0x02b3e663) bltu    t2, a1, pc + 44
core   0: 3 0x8000bd54 (0x02b3e663)
core   0: 0x8000bd58 (0x01d29c13) slli    s8, t0, 29
core   0: 3 0x8000bd58 (0x01d29c13) x24 0x80000000
core   0: 0x8000bd5c (0x02c8ea33) rem     s4, a7, a2
core   0: 3 0x8000bd5c (0x02c8ea33) x20 0x00000009
core   0: 0x8000bd60 (0x01479833) sll     a6, a5, s4
core   0: 3 0x8000bd60 (0x01479833) x16 0x00003c00
core   0: 0x8000bd64 (0x033b5863) bge     s6, s3, pc + 48
core   0: 3 0x8000bd64 (0x033b5863)
core   0: 0x8000bd68 (0x037376b3) remu    a3, t1, s7
core   0: 3 0x8000bd68 (0x037376b3) x13 0x00000000
core   0: 0x8000bd6c (0x408b04b3) sub     s1, s6, s0
core   0: 3 0x8000bd6c (0x408b04b3) x 9 0x80025e2c
core   0: 0x8000bd70 (0x0593d863) bge     t2, s9, pc + 80
core   0: 3 0x8000bd70 (0x0593d863)
core   0: 0x8000bd74 (0x00be2bb3) slt     s7, t3, a1
core   0: 3 0x8000bd74 (0x00be2bb3) x23 0x00000000
core   0: 0x8000bd78 (0x404dd833) sra     a6, s11, tp
core   0: 3 0x8000bd78 (0x404dd833) x16 0xffffffc0
core   0: 0x8000bd7c (0x01b721b3) slt     gp, a4, s11
core   0: 3 0x8000bd7c (0x01b721b3) x 3 0x00000000
core   0: 0x8000bd80 (0x02340333) mul     t1, s0, gp
core   0: 3 0x8000bd80 (0x02340333) x 6 0x00000000
core   0: 0x8000bd84 (0x940e3193) sltiu   gp, t3, -1728
core   0: 3 0x8000bd84 (0x940e3193) x 3 0x00000001
core   0: 0x8000bd88 (0x02fbb933) mulhu   s2, s7, a5
core   0: 3 0x8000bd88 (0x02fbb933) x18 0x00000000
core   0: 0x8000bd8c (0xee9c6093) ori     ra, s8, -279
core   0: 3 0x8000bd8c (0xee9c6093) x 1 0xfffffee9
core   0: 0x8000bd90 (0xf0123413) sltiu   s0, tp, -255
core   0: 3 0x8000bd90 (0xf0123413) x 8 0x00000001
core   0: 0x8000bd94 (0x417f0833) sub     a6, t5, s7
core   0: 3 0x8000bd94 (0x417f0833) x16 0x00000000
core   0: 0x8000bd98 (0x034b5663) bge     s6, s4, pc + 44
core   0: 3 0x8000bd98 (0x034b5663)
core   0: 0x8000bd9c (0xa02f3213) sltiu   tp, t5, -1534
core   0: 3 0x8000bd9c (0xa02f3213) x 4 0x00000001
core   0: 0x8000bda0 (0x02f0e463) bltu    ra, a5, pc + 40
core   0: 3 0x8000bda0 (0x02f0e463)
core   0: 0x8000bda4 (0x03de2cb3) mulhsu  s9, t3, t4
core   0: 3 0x8000bda4 (0x03de2cb3) x25 0x00000000
core   0: 0x8000bda8 (0x003b22b3) slt     t0, s6, gp
core   0: 3 0x8000bda8 (0x003b22b3) x 5 0x00000001
core   0: 0x8000bdac (0x46ae7993) andi    s3, t3, 1130
core   0: 3 0x8000bdac (0x46ae7993) x19 0x00000000
core   0: 0x8000bdb0 (0x035cdd33) divu    s10, s9, s5
core   0: 3 0x8000bdb0 (0x035cdd33) x26 0x00000000
core   0: 0x8000bdb4 (0x024a24b3) mulhsu  s1, s4, tp
core   0: 3 0x8000bdb4 (0x024a24b3) x 9 0x00000000
core   0: 0x8000bdb8 (0x023835b3) mulhu   a1, a6, gp
core   0: 3 0x8000bdb8 (0x023835b3) x11 0x00000000
core   0: 0x8000bdbc (0x03897ab3) remu    s5, s2, s8
core   0: 3 0x8000bdbc (0x03897ab3) x21 0x00000000
core   0: 0x8000bdc0 (0x03b48433) mul     s0, s1, s11
core   0: 3 0x8000bdc0 (0x03b48433) x 8 0x00000000
core   0: 0x8000bdc4 (0x00c007b3) add     a5, zero, a2
core   0: 3 0x8000bdc4 (0x00c007b3) x15 0xffffffeb
core   0: 0x8000bdc8 (0x0263ce63) blt     t2, t1, pc + 60
core   0: 3 0x8000bdc8 (0x0263ce63)
core   0: 0x8000be04 (0xfa67ac13) slti    s8, a5, -90
core   0: 3 0x8000be04 (0xfa67ac13) x24 0x00000000
core   0: 0x8000be08 (0x027ed0b3) divu    ra, t4, t2
core   0: 3 0x8000be08 (0x027ed0b3) x 1 0x00000000
core   0: 0x8000be0c (0x00ffacb3) slt     s9, t6, a5
core   0: 3 0x8000be0c (0x00ffacb3) x25 0x00000000
core   0: 0x8000be10 (0xd61e3813) sltiu   a6, t3, -671
core   0: 3 0x8000be10 (0xd61e3813) x16 0x00000001
core   0: 0x8000be14 (0x01d7c3b3) xor     t2, a5, t4
core   0: 3 0x8000be14 (0x01d7c3b3) x 7 0xffffffeb
core   0: 0x8000be18 (0x0285a5b3) mulhsu  a1, a1, s0
core   0: 3 0x8000be18 (0x0285a5b3) x11 0x00000000
core   0: 0x8000be1c (0x011db7b3) sltu    a5, s11, a7
core   0: 3 0x8000be1c (0x011db7b3) x15 0x00000000
core   0: 0x8000be20 (0x01062433) slt     s0, a2, a6
core   0: 3 0x8000be20 (0x01062433) x 8 0x00000001
core   0: 0x8000be24 (0x03e4fa63) bgeu    s1, t5, pc + 52
core   0: 3 0x8000be24 (0x03e4fa63)
core   0: 0x8000be58 (0x7263c493) xori    s1, t2, 1830
core   0: 3 0x8000be58 (0x7263c493) x 9 0xfffff8cd
core   0: 0x8000be5c (0x03338f33) mul     t5, t2, s3
core   0: 3 0x8000be5c (0x03338f33) x30 0x00000000
core   0: 0x8000be60 (0x0147b1b3) sltu    gp, a5, s4
core   0: 3 0x8000be60 (0x0147b1b3) x 3 0x00000001
core   0: 0x8000be64 (0x018dd493) srli    s1, s11, 24
core   0: 3 0x8000be64 (0x018dd493) x 9 0x00000080
core   0: 0x8000be68 (0x02a428b3) mulhsu  a7, s0, a0
core   0: 3 0x8000be68 (0x02a428b3) x17 0x00000000
core   0: 0x8000be6c (0xc21cd297) auipc   t0, 0xc21cd
core   0: 3 0x8000be6c (0xc21cd297) x 5 0x421d8e6c
core   0: 0x8000be70 (0x64ea3613) sltiu   a2, s4, 1614
core   0: 3 0x8000be70 (0x64ea3613) x12 0x00000001
core   0: 0x8000be74 (0x0178d533) srl     a0, a7, s7
core   0: 3 0x8000be74 (0x0178d533) x10 0x00000000
core   0: 0x8000be78 (0x01ea56b3) srl     a3, s4, t5
core   0: 3 0x8000be78 (0x01ea56b3) x13 0x00000009
core   0: 0x8000be7c (0x037a7263) bgeu    s4, s7, pc + 36
core   0: 3 0x8000be7c (0x037a7263)
core   0: 0x8000bea0 (0x3a7ccd13) xori    s10, s9, 935
core   0: 3 0x8000bea0 (0x3a7ccd13) x26 0x000003a7
core   0: 0x8000bea4 (0x026cd233) divu    tp, s9, t1
core   0: 3 0x8000bea4 (0x026cd233) x 4 0xffffffff
core   0: 0x8000bea8 (0x40a35593) srai    a1, t1, 10
core   0: 3 0x8000bea8 (0x40a35593) x11 0x00000000
core   0: 0x8000beac (0xeaa74b97) auipc   s7, 0xeaa74
core   0: 3 0x8000beac (0xeaa74b97) x23 0x6aa7feac
core   0: 0x8000beb0 (0x05d91063) bne     s2, t4, pc + 64
core   0: 3 0x8000beb0 (0x05d91063)
core   0: 0x8000beb4 (0x02630863) beq     t1, t1, pc + 48
core   0: 3 0x8000beb4 (0x02630863)
core   0: 0x8000bee4 (0x008be9b3) or      s3, s7, s0
core   0: 3 0x8000bee4 (0x008be9b3) x19 0x6aa7fead
core   0: 0x8000bee8 (0xa2dc3293) sltiu   t0, s8, -1491
core   0: 3 0x8000bee8 (0xa2dc3293) x 5 0x00000001
core   0: 0x8000beec (0x00a6b633) sltu    a2, a3, a0
core   0: 3 0x8000beec (0x00a6b633) x12 0x00000000
core   0: 0x8000bef0 (0x020e5e63) bgez    t3, pc + 60
core   0: 3 0x8000bef0 (0x020e5e63)
core   0: 0x8000bf2c (0xcfd6f013) andi    zero, a3, -771
core   0: 3 0x8000bf2c (0xcfd6f013)
core   0: 0x8000bf30 (0x021d9bb3) mulh    s7, s11, ra
core   0: 3 0x8000bf30 (0x021d9bb3) x23 0x00000000
core   0: 0x8000bf34 (0x02bf6233) rem     tp, t5, a1
core   0: 3 0x8000bf34 (0x02bf6233) x 4 0x00000000
core   0: 0x8000bf38 (0x029f4e63) blt     t5, s1, pc + 60
core   0: 3 0x8000bf38 (0x029f4e63)
core   0: 0x8000bf74 (0x02464063) blt     a2, tp, pc + 32
core   0: 3 0x8000bf74 (0x02464063)
core   0: 0x8000bf78 (0x03a3e0b3) rem     ra, t2, s10
core   0: 3 0x8000bf78 (0x03a3e0b3) x 1 0xffffffeb
core   0: 0x8000bf7c (0x985cb413) sltiu   s0, s9, -1659
core   0: 3 0x8000bf7c (0x985cb413) x 8 0x00000001
core   0: 0x8000bf80 (0x064a0913) addi    s2, s4, 100
core   0: 3 0x8000bf80 (0x064a0913) x18 0x0000006d
core   0: 0x8000bf84 (0x017e5913) srli    s2, t3, 23
core   0: 3 0x8000bf84 (0x017e5913) x18 0x000000e1
core   0: 0x8000bf88 (0xcead4f13) xori    t5, s10, -790
core   0: 3 0x8000bf88 (0xcead4f13) x30 0xffffff4d
core   0: 0x8000bf8c (0x00f3b8b3) sltu    a7, t2, a5
core   0: 3 0x8000bf8c (0x00f3b8b3) x17 0x00000000
core   0: 0x8000bf90 (0x02f98863) beq     s3, a5, pc + 48
core   0: 3 0x8000bf90 (0x02f98863)
core   0: 0x8000bf94 (0x759eb213) sltiu   tp, t4, 1881
core   0: 3 0x8000bf94 (0x759eb213) x 4 0x00000001
core   0: 0x8000bf98 (0x0186fe63) bgeu    a3, s8, pc + 28
core   0: 3 0x8000bf98 (0x0186fe63)
core   0: 0x8000bfb4 (0x002daf33) slt     t5, s11, sp
core   0: 3 0x8000bfb4 (0x002daf33) x30 0x00000001
core   0: 0x8000bfb8 (0x00c71863) bne     a4, a2, pc + 16
core   0: 3 0x8000bfb8 (0x00c71863)
core   0: 0x8000bfc8 (0x85aaea93) ori     s5, s5, -1958
core   0: 3 0x8000bfc8 (0x85aaea93) x21 0xfffff85a
core   0: 0x8000bfcc (0x01927863) bgeu    tp, s9, pc + 16
core   0: 3 0x8000bfcc (0x01927863)
core   0: 0x8000bfdc (0x00db8263) beq     s7, a3, pc + 4
core   0: 3 0x8000bfdc (0x00db8263)
core   0: 0x8000bfe0 (0x0382b533) mulhu   a0, t0, s8
core   0: 3 0x8000bfe0 (0x0382b533) x10 0x00000000
core   0: 0x8000bfe4 (0x13aae193) ori     gp, s5, 314
core   0: 3 0x8000bfe4 (0x13aae193) x 3 0xfffff97a
core   0: 0x8000bfe8 (0x936d3213) sltiu   tp, s10, -1738
core   0: 3 0x8000bfe8 (0x936d3213) x 4 0x00000001
core   0: 0x8000bfec (0x057a8863) beq     s5, s7, pc + 80
core   0: 3 0x8000bfec (0x057a8863)
core   0: 0x8000bff0 (0x02aafe33) remu    t3, s5, a0
core   0: 3 0x8000bff0 (0x02aafe33) x28 0xfffff85a
core   0: 0x8000bff4 (0x00495fb3) srl     t6, s2, tp
core   0: 3 0x8000bff4 (0x00495fb3) x31 0x00000070
core   0: 0x8000bff8 (0x00000013) nop
core   0: 3 0x8000bff8 (0x00000013)
core   0: 0x8000bffc (0x418dd3b3) sra     t2, s11, s8
core   0: 3 0x8000bffc (0x418dd3b3) x 7 0x80029ce4
core   0: 0x8000c000 (0x00cba933) slt     s2, s7, a2
core   0: 3 0x8000c000 (0x00cba933) x18 0x00000000
core   0: 0x8000c004 (0x2c11a593) slti    a1, gp, 705
core   0: 3 0x8000c004 (0x2c11a593) x11 0x00000001
core   0: 0x8000c008 (0x02275633) divu    a2, a4, sp
core   0: 3 0x8000c008 (0x02275633) x12 0x155efca0
core   0: 0x8000c00c (0x00ae5c63) bge     t3, a0, pc + 24
core   0: 3 0x8000c00c (0x00ae5c63)
core   0: 0x8000c010 (0xcc688293) addi    t0, a7, -826
core   0: 3 0x8000c010 (0xcc688293) x 5 0xfffffcc6
core   0: 0x8000c014 (0x03c9d663) bge     s3, t3, pc + 44
core   0: 3 0x8000c014 (0x03c9d663)
core   0: 0x8000c040 (0x00d6e933) or      s2, a3, a3
core   0: 3 0x8000c040 (0x00d6e933) x18 0x00000009
core   0: 0x8000c044 (0x03b9ebb3) rem     s7, s3, s11
core   0: 3 0x8000c044 (0x03b9ebb3) x23 0x6aa7fead
core   0: 0x8000c048 (0x0010c5b3) xor     a1, ra, ra
core   0: 3 0x8000c048 (0x0010c5b3) x11 0x00000000
core   0: 0x8000c04c (0x0504e063) bltu    s1, a6, pc + 64
core   0: 3 0x8000c04c (0x0504e063)
core   0: 0x8000c050 (0x020cb133) mulhu   sp, s9, zero
core   0: 3 0x8000c050 (0x020cb133) x 2 0x00000000
core   0: 0x8000c054 (0x00000013) nop
core   0: 3 0x8000c054 (0x00000013)
core   0: 0x8000c058 (0x0355dc63) bge     a1, s5, pc + 56
core   0: 3 0x8000c058 (0x0355dc63)
core   0: 0x8000c090 (0x00f95893) srli    a7, s2, 15
core   0: 3 0x8000c090 (0x00f95893) x17 0x00000000
core   0: 0x8000c094 (0x0055d293) srli    t0, a1, 5
core   0: 3 0x8000c094 (0x0055d293) x 5 0x00000000
core   0: 0x8000c098 (0xf5be3513) sltiu   a0, t3, -165
core   0: 3 0x8000c098 (0xf5be3513) x10 0x00000001
core   0: 0x8000c09c (0xe3f52513) slti    a0, a0, -449
core   0: 3 0x8000c09c (0xe3f52513) x10 0x00000000
core   0: 0x8000c0a0 (0x40435f93) srai    t6, t1, 4
core   0: 3 0x8000c0a0 (0x40435f93) x31 0x00000000
core   0: 0x8000c0a4 (0x40a580b3) sub     ra, a1, a0
core   0: 3 0x8000c0a4 (0x40a580b3) x 1 0x00000000
core   0: 0x8000c0a8 (0x02f71433) mulh    s0, a4, a5
core   0: 3 0x8000c0a8 (0x02f71433) x 8 0x00000000
core   0: 0x8000c0ac (0x0105af33) slt     t5, a1, a6
core   0: 3 0x8000c0ac (0x0105af33) x30 0x00000001
core   0: 0x8000c0b0 (0x75078e93) addi    t4, a5, 1872
core   0: 3 0x8000c0b0 (0x75078e93) x29 0x00000750
core   0: 0x8000c0b4 (0x00978433) add     s0, a5, s1
core   0: 3 0x8000c0b4 (0x00978433) x 8 0x00000080
core   0: 0x8000c0b8 (0x00977cb3) and     s9, a4, s1
core   0: 3 0x8000c0b8 (0x00977cb3) x25 0x00000080
core   0: 0x8000c0bc (0x00000013) nop
core   0: 3 0x8000c0bc (0x00000013)
core   0: 0x8000c0c0 (0x01681b93) slli    s7, a6, 22
core   0: 3 0x8000c0c0 (0x01681b93) x23 0x00400000
core   0: 0x8000c0c4 (0x01805c63) bge     zero, s8, pc + 24
core   0: 3 0x8000c0c4 (0x01805c63)
core   0: 0x8000c0dc (0x00000013) nop
core   0: 3 0x8000c0dc (0x00000013)
core   0: 0x8000c0e0 (0x70c84f13) xori    t5, a6, 1804
core   0: 3 0x8000c0e0 (0x70c84f13) x30 0x0000070d
core   0: 0x8000c0e4 (0x01ba43b3) xor     t2, s4, s11
core   0: 3 0x8000c0e4 (0x01ba43b3) x 7 0x80029ced
core   0: 0x8000c0e8 (0x0336cc63) blt     a3, s3, pc + 56
core   0: 3 0x8000c0e8 (0x0336cc63)
core   0: 0x8000c120 (0x037af663) bgeu    s5, s7, pc + 44
core   0: 3 0x8000c120 (0x037af663)
core   0: 0x8000c14c (0x66140d13) addi    s10, s0, 1633
core   0: 3 0x8000c14c (0x66140d13) x26 0x000006e1
core   0: 0x8000c150 (0x01c76c33) or      s8, a4, t3
core   0: 3 0x8000c150 (0x01c76c33) x24 0xfffffafe
core   0: 0x8000c154 (0x1715cd13) xori    s10, a1, 369
core   0: 3 0x8000c154 (0x1715cd13) x26 0x00000171
core   0: 0x8000c158 (0x135005b7) lui     a1, 0x13500
core   0: 3 0x8000c158 (0x135005b7) x11 0x13500000
core   0: 0x8000c15c (0x02311933) mulh    s2, sp, gp
core   0: 3 0x8000c15c (0x02311933) x18 0x00000000
core   0: 0x8000c160 (0xa371b593) sltiu   a1, gp, -1481
core   0: 3 0x8000c160 (0xa371b593) x11 0x00000001
core   0: 0x8000c164 (0x02e21663) bne     tp, a4, pc + 44
core   0: 3 0x8000c164 (0x02e21663)
core   0: 0x8000c190 (0x008dbfb3) sltu    t6, s11, s0
core   0: 3 0x8000c190 (0x008dbfb3) x31 0x00000000
core   0: 0x8000c194 (0x03f16a33) rem     s4, sp, t6
core   0: 3 0x8000c194 (0x03f16a33) x20 0x00000000
core   0: 0x8000c198 (0x00eeb933) sltu    s2, t4, a4
core   0: 3 0x8000c198 (0x00eeb933) x18 0x00000001
core   0: 0x8000c19c (0x03cffd13) andi    s10, t6, 60
core   0: 3 0x8000c19c (0x03cffd13) x26 0x00000000
core   0: 0x8000c1a0 (0x0072dc63) bge     t0, t2, pc + 24
core   0: 3 0x8000c1a0 (0x0072dc63)
core   0: 0x8000c1b8 (0x00210a63) beq     sp, sp, pc + 20
core   0: 3 0x8000c1b8 (0x00210a63)
core   0: 0x8000c1cc (0x033e8a63) beq     t4, s3, pc + 52
core   0: 3 0x8000c1cc (0x033e8a63)
core   0: 0x8000c1d0 (0x01d25a33) srl     s4, tp, t4
core   0: 3 0x8000c1d0 (0x01d25a33) x20 0x00000000
core   0: 0x8000c1d4 (0x02701663) bne     zero, t2, pc + 44
core   0: 3 0x8000c1d4 (0x02701663)
core   0: 0x8000c200 (0x0197b633) sltu    a2, a5, s9
core   0: 3 0x8000c200 (0x0197b633) x12 0x00000001
core   0: 0x8000c204 (0x004b2083) lw      ra, 4(s6)
core   0: 3 0x8000c204 (0x004b2083) x 1 0x80002d80 mem 0x80025e30
core   0: 0x8000c208 (0x6561a413) slti    s0, gp, 1622
core   0: 3 0x8000c208 (0x6561a413) x 8 0x00000001
core   0: 0x8000c20c (0xa6b44f13) xori    t5, s0, -1429
core   0: 3 0x8000c20c (0xa6b44f13) x30 0xfffffa6a
core   0: 0x8000c210 (0x038b0b13) addi    s6, s6, 56
core   0: 3 0x8000c210 (0x038b0b13) x22 0x80025e64
core   0: 0x8000c214 (0x40d9d633) sra     a2, s3, a3
core   0: 3 0x8000c214 (0x40d9d633) x12 0x003553ff
core   0: 0x8000c218 (0x0319c633) div     a2, s3, a7
core   0: 3 0x8000c218 (0x0319c633) x12 0xffffffff
core   0: 0x8000c21c (0x00108b93) addi    s7, ra, 1
core   0: 3 0x8000c21c (0x00108b93) x23 0x80002d81
core   0: 0x8000c220 (0x000b8be7) jalr    s7, s7, 0
core   0: 3 0x8000c220 (0x000b8be7) x23 0x8000c224
core   0: 0x80002d80 (0x01b303b3) add     t2, t1, s11
core   0: 3 0x80002d80 (0x01b303b3) x 7 0x80029ce4
core   0: 0x80002d84 (0x025d1d33) mulh    s10, s10, t0
core   0: 3 0x80002d84 (0x025d1d33) x26 0x00000000
core   0: 0x80002d88 (0x2eacbd13) sltiu   s10, s9, 746
core   0: 3 0x80002d88 (0x2eacbd13) x26 0x00000001
core   0: 0x80002d8c (0x0070aa33) slt     s4, ra, t2
core   0: 3 0x80002d8c (0x0070aa33) x20 0x00000001
core   0: 0x80002d90 (0x0f944a13) xori    s4, s0, 249
core   0: 3 0x80002d90 (0x0f944a13) x20 0x000000f8
core   0: 0x80002d94 (0x0104efb3) or      t6, s1, a6
core   0: 3 0x80002d94 (0x0104efb3) x31 0x00000081
core   0: 0x80002d98 (0x5b0fe493) ori     s1, t6, 1456
core   0: 3 0x80002d98 (0x5b0fe493) x 9 0x000005b1
core   0: 0x80002d9c (0x03b6ffb3) remu    t6, a3, s11
core   0: 3 0x80002d9c (0x03b6ffb3) x31 0x00000009
core   0: 0x80002da0 (0x0588e463) bltu    a7, s8, pc + 72
core   0: 3 0x80002da0 (0x0588e463)
core   0: 0x80002de8 (0x7ee5e493) ori     s1, a1, 2030
core   0: 3 0x80002de8 (0x7ee5e493) x 9 0x000007ef
core   0: 0x80002dec (0x012c5d13) srli    s10, s8, 18
core   0: 3 0x80002dec (0x012c5d13) x26 0x00003fff
core   0: 0x80002df0 (0xcbaaaa93) slti    s5, s5, -838
core   0: 3 0x80002df0 (0xcbaaaa93) x21 0x00000001
core   0: 0x80002df4 (0x4155d393) srai    t2, a1, 21
core   0: 3 0x80002df4 (0x4155d393) x 7 0x00000000
core   0: 0x80002df8 (0x8c327993) andi    s3, tp, -1853
core   0: 3 0x80002df8 (0x8c327993) x19 0x00000001
core   0: 0x80002dfc (0x08154663) blt     a0, ra, pc + 140
core   0: 3 0x80002dfc (0x08154663)
core   0: 0x80002e00 (0x08857463) bgeu    a0, s0, pc + 136
core   0: 3 0x80002e00 (0x08857463)
core   0: 0x80002e04 (0x00e91193) slli    gp, s2, 14
core   0: 3 0x80002e04 (0x00e91193) x 3 0x00004000
core   0: 0x80002e08 (0x00000693) li      a3, 0
core   0: 3 0x80002e08 (0x00000693) x13 0x00000000
core   0: 0x80002e0c (0x03453833) mulhu   a6, a0, s4
core   0: 3 0x80002e0c (0x03453833) x16 0x00000000
core   0: 0x80002e10 (0x0185e933) or      s2, a1, s8
core   0: 3 0x80002e10 (0x0185e933) x18 0xfffffaff
core   0: 0x80002e14 (0x00000013) nop
core   0: 3 0x80002e14 (0x00000013)
core   0: 0x80002e18 (0xb9bcb193) sltiu   gp, s9, -1125
core   0: 3 0x80002e18 (0xb9bcb193) x 3 0x00000001
core   0: 0x80002e1c (0x0159a233) slt     tp, s3, s5
core   0: 3 0x80002e1c (0x0159a233) x 4 0x00000000
core   0: 0x80002e20 (0x01e72533) slt     a0, a4, t5
core   0: 3 0x80002e20 (0x01e72533) x10 0x00000001
core   0: 0x80002e24 (0x00900f13) li      t5, 9
core   0: 3 0x80002e24 (0x00900f13) x30 0x00000009
core   0: 0x80002e28 (0x091b81b7) lui     gp, 0x91b8
core   0: 3 0x80002e28 (0x091b81b7) x 3 0x091b8000
core   0: 0x80002e2c (0x03a757b3) divu    a5, a4, s10
core   0: 3 0x80002e2c (0x03a757b3) x15 0x0003ac62
core   0: 0x80002e30 (0x027f0633) mul     a2, t5, t2
core   0: 3 0x80002e30 (0x027f0633) x12 0x00000000
core   0: 0x80002e34 (0x00827bb3) and     s7, tp, s0
core   0: 3 0x80002e34 (0x00827bb3) x23 0x00000000
core   0: 0x80002e38 (0x030154b3) divu    s1, sp, a6
core   0: 3 0x80002e38 (0x030154b3) x 9 0xffffffff
core   0: 0x80002e3c (0x5999e037) lui     zero, 0x5999e
core   0: 3 0x80002e3c (0x5999e037)
core   0: 0x80002e40 (0x01fd1613) slli    a2, s10, 31
core   0: 3 0x80002e40 (0x01fd1613) x12 0x80000000
core   0: 0x80002e44 (0x41955613) srai    a2, a0, 25
core   0: 3 0x80002e44 (0x41955613) x12 0x00000000
core   0: 0x80002e48 (0x01555433) srl     s0, a0, s5
core   0: 3 0x80002e48 (0x01555433) x 8 0x00000000
core   0: 0x80002e4c (0x038588b3) mul     a7, a1, s8
core   0: 3 0x80002e4c (0x038588b3) x17 0xfffffafe
core   0: 0x80002e50 (0x01a94033) xor     zero, s2, s10
core   0: 3 0x80002e50 (0x01a94033)
core   0: 0x80002e54 (0x00255633) srl     a2, a0, sp
core   0: 3 0x80002e54 (0x00255633) x12 0x00000001
core   0: 0x80002e58 (0x0231fcb3) remu    s9, gp, gp
core   0: 3 0x80002e58 (0x0231fcb3) x25 0x00000000
core   0: 0x80002e5c (0x65263a13) sltiu   s4, a2, 1618
core   0: 3 0x80002e5c (0x65263a13) x20 0x00000001
core   0: 0x80002e60 (0x036bc133) div     sp, s7, s6
core   0: 3 0x80002e60 (0x036bc133) x 2 0x00000000
core   0: 0x80002e64 (0x00968693) addi    a3, a3, 9
core   0: 3 0x80002e64 (0x00968693) x13 0x00000009
core   0: 0x80002e68 (0x03e46bb3) rem     s7, s0, t5
core   0: 3 0x80002e68 (0x03e46bb3) x23 0x00000000
core   0: 0x80002e6c (0xffe688e3) beq     a3, t5, pc - 16
core   0: 3 0x80002e6c (0xffe688e3)
core   0: 0x80002e5c (0x65263a13) sltiu   s4, a2, 1618
core   0: 3 0x80002e5c (0x65263a13) x20 0x00000001
core   0: 0x80002e60 (0x036bc133) div     sp, s7, s6
core   0: 3 0x80002e60 (0x036bc133) x 2 0x00000000
core   0: 0x80002e64 (0x00968693) addi    a3, a3, 9
core   0: 3 0x80002e64 (0x00968693) x13 0x00000012
core   0: 0x80002e68 (0x03e46bb3) rem     s7, s0, t5
core   0: 3 0x80002e68 (0x03e46bb3) x23 0x00000000
core   0: 0x80002e6c (0xffe688e3) beq     a3, t5, pc - 16
core   0: 3 0x80002e6c (0xffe688e3)
core   0: 0x80002e70 (0x00000013) nop
core   0: 3 0x80002e70 (0x00000013)
core   0: 0x80002e74 (0x02100e33) mul     t3, zero, ra
core   0: 3 0x80002e74 (0x02100e33) x28 0x00000000
core   0: 0x80002e78 (0x00bc79b3) and     s3, s8, a1
core   0: 3 0x80002e78 (0x00bc79b3) x19 0x00000000
core   0: 0x80002e7c (0x01cefa63) bgeu    t4, t3, pc + 20
core   0: 3 0x80002e7c (0x01cefa63)
core   0: 0x80002e90 (0x02c742b3) div     t0, a4, a2
core   0: 3 0x80002e90 (0x02c742b3) x 5 0xeb14dae6
core   0: 0x80002e94 (0x014c21b3) slt     gp, s8, s4
core   0: 3 0x80002e94 (0x014c21b3) x 3 0x00000001
core   0: 0x80002e98 (0x0310d063) bge     ra, a7, pc + 32
core   0: 3 0x80002e98 (0x0310d063)
core   0: 0x80002e9c (0x00f71ab3) sll     s5, a4, a5
core   0: 3 0x80002e9c (0x00f71ab3) x21 0xac536b98
core   0: 0x80002ea0 (0x00135c33) srl     s8, t1, ra
core   0: 3 0x80002ea0 (0x00135c33) x24 0x00000000
core   0: 0x80002ea4 (0x409b8233) sub     tp, s7, s1
core   0: 3 0x80002ea4 (0x409b8233) x 4 0x00000001
core   0: 0x80002ea8 (0x01b629b3) slt     s3, a2, s11
core   0: 3 0x80002ea8 (0x01b629b3) x19 0x00000000
core   0: 0x80002eac (0x0311ec33) rem     s8, gp, a7
core   0: 3 0x80002eac (0x0311ec33) x24 0x00000001
core   0: 0x80002eb0 (0xfa8ea693) slti    a3, t4, -88
core   0: 3 0x80002eb0 (0xfa8ea693) x13 0x00000000
core   0: 0x80002eb4 (0x01035c33) srl     s8, t1, a6
core   0: 3 0x80002eb4 (0x01035c33) x24 0x00000000
core   0: 0x80002eb8 (0x012d1863) bne     s10, s2, pc + 16
core   0: 3 0x80002eb8 (0x012d1863)
core   0: 0x80002ec8 (0xa8d53c13) sltiu   s8, a0, -1395
core   0: 3 0x80002ec8 (0xa8d53c13) x24 0x00000001
core   0: 0x80002ecc (0x1c816f97) auipc   t6, 0x1c816
core   0: 3 0x80002ecc (0x1c816f97) x31 0x9c818ecc
core   0: 0x80002ed0 (0x0284da63) bge     s1, s0, pc + 52
core   0: 3 0x80002ed0 (0x0284da63)
core   0: 0x80002ed4 (0x7ed73a13) sltiu   s4, a4, 2029
core   0: 3 0x80002ed4 (0x7ed73a13) x20 0x00000000
core   0: 0x80002ed8 (0x03380463) beq     a6, s3, pc + 40
core   0: 3 0x80002ed8 (0x03380463)
core   0: 0x80002f00 (0x022eb933) mulhu   s2, t4, sp
core   0: 3 0x80002f00 (0x022eb933) x18 0x00000000
core   0: 0x80002f04 (0x0362ec63) bltu    t0, s6, pc + 56
core   0: 3 0x80002f04 (0x0362ec63)
core   0: 0x80002f08 (0x001bb633) sltu    a2, s7, ra
core   0: 3 0x80002f08 (0x001bb633) x12 0x00000001
core   0: 0x80002f0c (0x04d70263) beq     a4, a3, pc + 68
core   0: 3 0x80002f0c (0x04d70263)
core   0: 0x80002f10 (0x02f317b3) mulh    a5, t1, a5
core   0: 3 0x80002f10 (0x02f317b3) x15 0x00000000
core   0: 0x80002f14 (0x0547c063) blt     a5, s4, pc + 64
core   0: 3 0x80002f14 (0x0547c063)
core   0: 0x80002f18 (0xb2642993) slti    s3, s0, -1242
core   0: 3 0x80002f18 (0xb2642993) x19 0x00000000
core   0: 0x80002f1c (0x00c349b3) xor     s3, t1, a2
core   0: 3 0x80002f1c (0x00c349b3) x19 0x00000001
core   0: 0x80002f20 (0x40ecd4b3) sra     s1, s9, a4
core   0: 3 0x80002f20 (0x40ecd4b3) x 9 0x00000000
core   0: 0x80002f24 (0x032ac663) blt     s5, s2, pc + 44
core   0: 3 0x80002f24 (0x032ac663)
core   0: 0x80002f50 (0x01a2f9b3) and     s3, t0, s10
core   0: 3 0x80002f50 (0x01a2f9b3) x19 0x00001ae6
core   0: 0x80002f54 (0x0080a033) slt     zero, ra, s0
core   0: 3 0x80002f54 (0x0080a033)
core   0: 0x80002f58 (0x03e912b3) mulh    t0, s2, t5
core   0: 3 0x80002f58 (0x03e912b3) x 5 0x00000000
core   0: 0x80002f5c (0x021ab833) mulhu   a6, s5, ra
core   0: 3 0x80002f5c (0x021ab833) x16 0x5629d46c
core   0: 0x80002f60 (0x016d5c33) srl     s8, s10, s6
core   0: 3 0x80002f60 (0x016d5c33) x24 0x000003ff
core   0: 0x80002f64 (0x00c41693) slli    a3, s0, 12
core   0: 3 0x80002f64 (0x00c41693) x13 0x00000000
core   0: 0x80002f68 (0xc5044517) auipc   a0, 0xc5044
core   0: 3 0x80002f68 (0xc5044517) x10 0x45046f68
core   0: 0x80002f6c (0x0116df13) srli    t5, a3, 17
core   0: 3 0x80002f6c (0x0116df13) x30 0x00000000
core   0: 0x80002f70 (0x3bf7b413) sltiu   s0, a5, 959
core   0: 3 0x80002f70 (0x3bf7b413) x 8 0x00000001
core   0: 0x80002f74 (0x02de8463) beq     t4, a3, pc + 40
core   0: 3 0x80002f74 (0x02de8463)
core   0: 0x80002f78 (0x03273f33) mulhu   t5, a4, s2
core   0: 3 0x80002f78 (0x03273f33) x30 0x00000000
core   0: 0x80002f7c (0xb2566893) ori     a7, a2, -1243
core   0: 3 0x80002f7c (0xb2566893) x17 0xfffffb25
core   0: 0x80002f80 (0x018bd333) srl     t1, s7, s8
core   0: 3 0x80002f80 (0x018bd333) x 6 0x00000000
core   0: 0x80002f84 (0x01115c93) srli    s9, sp, 17
core   0: 3 0x80002f84 (0x01115c93) x25 0x00000000
core   0: 0x80002f88 (0x41bb0933) sub     s2, s6, s11
core   0: 3 0x80002f88 (0x41bb0933) x18 0xffffc180
core   0: 0x80002f8c (0x00235463) bge     t1, sp, pc + 8
core   0: 3 0x80002f8c (0x00235463)
core   0: 0x80002f94 (0x00104a33) xor     s4, zero, ra
core   0: 3 0x80002f94 (0x00104a33) x20 0x80002d80
core   0: 0x80002f98 (0x407a53b3) sra     t2, s4, t2
core   0: 3 0x80002f98 (0x407a53b3) x 7 0x80002d80
core   0: 0x80002f9c (0x03390933) mul     s2, s2, s3
core   0: 3 0x80002f9c (0x03390933) x18 0xf96ed900
core   0: 0x80002fa0 (0x02f636b3) mulhu   a3, a2, a5
core   0: 3 0x80002fa0 (0x02f636b3) x13 0x00000000
core   0: 0x80002fa4 (0x6efd4217) auipc   tp, 0x6efd4
core   0: 3 0x80002fa4 (0x6efd4217) x 4 0xeefd6fa4
core   0: 0x80002fa8 (0x01f0ffb3) and     t6, ra, t6
core   0: 3 0x80002fa8 (0x01f0ffb3) x31 0x80000c80
core   0: 0x80002fac (0x00f9f4b3) and     s1, s3, a5
core   0: 3 0x80002fac (0x00f9f4b3) x 9 0x00000000
core   0: 0x80002fb0 (0x4a8d3193) sltiu   gp, s10, 1192
core   0: 3 0x80002fb0 (0x4a8d3193) x 3 0x00000000
core   0: 0x80002fb4 (0x03b2b133) mulhu   sp, t0, s11
core   0: 3 0x80002fb4 (0x03b2b133) x 2 0x00000000
core   0: 0x80002fb8 (0x015729b3) slt     s3, a4, s5
core   0: 3 0x80002fb8 (0x015729b3) x19 0x00000000
core   0: 0x80002fbc (0x03fc7a63) bgeu    s8, t6, pc + 52
core   0: 3 0x80002fbc (0x03fc7a63)
core   0: 0x80002fc0 (0x35221d37) lui     s10, 0x35221
core   0: 3 0x80002fc0 (0x35221d37) x26 0x35221000
core   0: 0x80002fc4 (0x031276b3) remu    a3, tp, a7
core   0: 3 0x80002fc4 (0x031276b3) x13 0xeefd6fa4
core   0: 0x80002fc8 (0x99c6bf13) sltiu   t5, a3, -1636
core   0: 3 0x80002fc8 (0x99c6bf13) x30 0x00000001
core   0: 0x80002fcc (0x016f4633) xor     a2, t5, s6
core   0: 3 0x80002fcc (0x016f4633) x12 0x80025e65
core   0: 0x80002fd0 (0xf0b8a917) auipc   s2, 0xf0b8a
core   0: 3 0x80002fd0 (0xf0b8a917) x18 0x70b8cfd0
core   0: 0x80002fd4 (0x00cc9513) slli    a0, s9, 12
core   0: 3 0x80002fd4 (0x00cc9513) x10 0x00000000
core   0: 0x80002fd8 (0x0568f663) bgeu    a7, s6, pc + 76
core   0: 3 0x80002fd8 (0x0568f663)
core   0: 0x80003024 (0x00d0cfb3) xor     t6, ra, a3
core   0: 3 0x80003024 (0x00d0cfb3) x31 0x6efd4224
core   0: 0x80003028 (0x447ec693) xori    a3, t4, 1095
core   0: 3 0x80003028 (0x447ec693) x13 0x00000317
core   0: 0x8000302c (0x416bd2b3) sra     t0, s7, s6
core   0: 3 0x8000302c (0x416bd2b3) x 5 0x00000000
core   0: 0x80003030 (0x02bdd1b3) divu    gp, s11, a1
core   0: 3 0x80003030 (0x02bdd1b3) x 3 0x80029ce4
core   0: 0x80003034 (0x0023ebb3) or      s7, t2, sp
core   0: 3 0x80003034 (0x0023ebb3) x23 0x80002d80
core   0: 0x80003038 (0x034b94b3) mulh    s1, s7, s4
core   0: 3 0x80003038 (0x034b94b3) x 9 0x3fffd280
core   0: 0x8000303c (0x51e5f613) andi    a2, a1, 1310
core   0: 3 0x8000303c (0x51e5f613) x12 0x00000000
core   0: 0x80003040 (0x849b7613) andi    a2, s6, -1975
core   0: 3 0x80003040 (0x849b7613) x12 0x80025840
core   0: 0x80003044 (0x01709313) slli    t1, ra, 23
core   0: 3 0x80003044 (0x01709313) x 6 0xc0000000
core   0: 0x80003048 (0x41f8d793) srai    a5, a7, 31
core   0: 3 0x80003048 (0x41f8d793) x15 0xffffffff
core   0: 0x8000304c (0x00dfd513) srli    a0, t6, 13
core   0: 3 0x8000304c (0x00dfd513) x10 0x000377ea
core   0: 0x80003050 (0x6e2d7d13) andi    s10, s10, 1762
core   0: 3 0x80003050 (0x6e2d7d13) x26 0x00000000
core   0: 0x80003054 (0x000ddbb3) srl     s7, s11, zero
core   0: 3 0x80003054 (0x000ddbb3) x23 0x80029ce4
core   0: 0x80003058 (0x03ec1433) mulh    s0, s8, t5
core   0: 3 0x80003058 (0x03ec1433) x 8 0x00000000
core   0: 0x8000305c (0x005ab5b3) sltu    a1, s5, t0
core   0: 3 0x8000305c (0x005ab5b3) x11 0x00000000
core   0: 0x80003060 (0x002da0b3) slt     ra, s11, sp
core   0: 3 0x80003060 (0x002da0b3) x 1 0x00000001
core   0: 0x80003064 (0x02b61ab3) mulh    s5, a2, a1
core   0: 3 0x80003064 (0x02b61ab3) x21 0x00000000
core   0: 0x80003068 (0x02554933) div     s2, a0, t0
core   0: 3 0x80003068 (0x02554933) x18 0xffffffff
core   0: 0x8000306c (0x01a59e63) bne     a1, s10, pc + 28
core   0: 3 0x8000306c (0x01a59e63)
core   0: 0x80003070 (0x21b9aab7) lui     s5, 0x21b9a
core   0: 3 0x80003070 (0x21b9aab7) x21 0x21b9a000
core   0: 0x80003074 (0x00fbfbb3) and     s7, s7, a5
core   0: 3 0x80003074 (0x00fbfbb3) x23 0x80029ce4
core   0: 0x80003078 (0x01657833) and     a6, a0, s6
core   0: 3 0x80003078 (0x01657833) x16 0x00025660
core   0: 0x8000307c (0x00000013) nop
core   0: 3 0x8000307c (0x00000013)
core   0: 0x80003080 (0x00feee63) bltu    t4, a5, pc + 28
core   0: 3 0x80003080 (0x00feee63)
core   0: 0x8000309c (0x03c85633) divu    a2, a6, t3
core   0: 3 0x8000309c (0x03c85633) x12 0xffffffff
core   0: 0x800030a0 (0x00022eb3) slt     t4, tp, zero
core   0: 3 0x800030a0 (0x00022eb3) x29 0x00000001
core   0: 0x800030a4 (0x3d4b8693) addi    a3, s7, 980
core   0: 3 0x800030a4 (0x3d4b8693) x13 0x8002a0b8
core   0: 0x800030a8 (0x41735e13) srai    t3, t1, 23
core   0: 3 0x800030a8 (0x41735e13) x28 0xffffff80
core   0: 0x800030ac (0x528f8993) addi    s3, t6, 1320
core   0: 3 0x800030ac (0x528f8993) x19 0x6efd474c
core   0: 0x800030b0 (0x003e8bb3) add     s7, t4, gp
core   0: 3 0x800030b0 (0x003e8bb3) x23 0x80029ce5
core   0: 0x800030b4 (0x00000013) nop
core   0: 3 0x800030b4 (0x00000013)
core   0: 0x800030b8 (0x093fe663) bltu    t6, s3, pc + 140
core   0: 3 0x800030b8 (0x093fe663)
core   0: 0x80003144 (0x028ec133) div     sp, t4, s0
core   0: 3 0x80003144 (0x028ec133) x 2 0xffffffff
core   0: 0x80003148 (0x1f7e0e17) auipc   t3, 0x1f7e0
core   0: 3 0x80003148 (0x1f7e0e17) x28 0x9f7e3148
core   0: 0x8000314c (0x0241afb3) mulhsu  t6, gp, tp
core   0: 3 0x8000314c (0x0241afb3) x31 0x8883b8a0
core   0: 0x80003150 (0x01fe9393) slli    t2, t4, 31
core   0: 3 0x80003150 (0x01fe9393) x 7 0x80000000
core   0: 0x80003154 (0x9f7d4413) xori    s0, s10, -1545
core   0: 3 0x80003154 (0x9f7d4413) x 8 0xfffff9f7
core   0: 0x80003158 (0x02cacc33) div     s8, s5, a2
core   0: 3 0x80003158 (0x02cacc33) x24 0xde466000
core   0: 0x8000315c (0x02651ab3) mulh    s5, a0, t1
core   0: 3 0x8000315c (0x02651ab3) x21 0xffff2205
core   0: 0x80003160 (0xd821a217) auipc   tp, 0xd821a
core   0: 3 0x80003160 (0xd821a217) x 4 0x5821d160
core   0: 0x80003164 (0x0160e863) bltu    ra, s6, pc + 16
core   0: 3 0x80003164 (0x0160e863)
core   0: 0x80003174 (0xfa622fb7) lui     t6, 0xfa622
core   0: 3 0x80003174 (0xfa622fb7) x31 0xfa622000
core   0: 0x80003178 (0x00000013) nop
core   0: 3 0x80003178 (0x00000013)
core   0: 0x8000317c (0xd0582f37) lui     t5, 0xd0582
core   0: 3 0x8000317c (0xd0582f37) x30 0xd0582000
core   0: 0x80003180 (0x03d3ceb3) div     t4, t2, t4
core   0: 3 0x80003180 (0x03d3ceb3) x29 0x80000000
core   0: 0x80003184 (0x00000013) nop
core   0: 3 0x80003184 (0x00000013)
core   0: 0x80003188 (0x00000013) nop
core   0: 3 0x80003188 (0x00000013)
core   0: 0x8000318c (0x02898833) mul     a6, s3, s0
core   0: 3 0x8000318c (0x02898833) x16 0x296cb654
core   0: 0x80003190 (0x0013a233) slt     tp, t2, ra
core   0: 3 0x80003190 (0x0013a233) x 4 0x00000001
core   0: 0x80003194 (0x02b8b0b3) mulhu   ra, a7, a1
core   0: 3 0x80003194 (0x02b8b0b3) x 1 0x00000000
core   0: 0x80003198 (0x3d940513) addi    a0, s0, 985
core   0: 3 0x80003198 (0x3d940513) x10 0xfffffdd0
core   0: 0x8000319c (0x00101413) slli    s0, zero, 1
core   0: 3 0x8000319c (0x00101413) x 8 0x00000000
core   0: 0x800031a0 (0x0358d663) bge     a7, s5, pc + 44
core   0: 3 0x800031a0 (0x0358d663)
core   0: 0x800031cc (0x417957b3) sra     a5, s2, s7
core   0: 3 0x800031cc (0x417957b3) x15 0xffffffff
core   0: 0x800031d0 (0x02ce5333) divu    t1, t3, a2
core   0: 3 0x800031d0 (0x02ce5333) x 6 0x00000000
core   0: 0x800031d4 (0x00d7ccb3) xor     s9, a5, a3
core   0: 3 0x800031d4 (0x00d7ccb3) x25 0x7ffd5f47
core   0: 0x800031d8 (0xa33c4913) xori    s2, s8, -1485
core   0: 3 0x800031d8 (0xa33c4913) x18 0x21b99a33
core   0: 0x800031dc (0x03c62a33) mulhsu  s4, a2, t3
core   0: 3 0x800031dc (0x03c62a33) x20 0xffffffff
core   0: 0x800031e0 (0x887eba93) sltiu   s5, t4, -1913
core   0: 3 0x800031e0 (0x887eba93) x21 0x00000001
core   0: 0x800031e4 (0x92687e13) andi    t3, a6, -1754
core   0: 3 0x800031e4 (0x92687e13) x28 0x296cb004
core   0: 0x800031e8 (0x000f0633) add     a2, t5, zero
core   0: 3 0x800031e8 (0x000f0633) x12 0xd0582000
core   0: 0x800031ec (0x00000013) nop
core   0: 3 0x800031ec (0x00000013)
core   0: 0x800031f0 (0x02182233) mulhsu  tp, a6, ra
core   0: 3 0x800031f0 (0x02182233) x 4 0x00000000
core   0: 0x800031f4 (0x404e0a33) sub     s4, t3, tp
core   0: 3 0x800031f4 (0x404e0a33) x20 0x296cb004
core   0: 0x800031f8 (0xba846997) auipc   s3, 0xba846
core   0: 3 0x800031f8 (0xba846997) x19 0x3a8491f8
core   0: 0x800031fc (0xdd8e4493) xori    s1, t3, -552
core   0: 3 0x800031fc (0xdd8e4493) x 9 0xd6934ddc
core   0: 0x80003200 (0x02be1eb3) mulh    t4, t3, a1
core   0: 3 0x80003200 (0x02be1eb3) x29 0x00000000
core   0: 0x80003204 (0x05a11463) bne     sp, s10, pc + 72
core   0: 3 0x80003204 (0x05a11463)
core   0: 0x8000324c (0x404d89b3) sub     s3, s11, tp
core   0: 3 0x8000324c (0x404d89b3) x19 0x80029ce4
core   0: 0x80003250 (0x00801f93) slli    t6, zero, 8
core   0: 3 0x80003250 (0x00801f93) x31 0x00000000
core   0: 0x80003254 (0x005378b3) and     a7, t1, t0
core   0: 3 0x80003254 (0x005378b3) x17 0x00000000
core   0: 0x80003258 (0x02d5dbb3) divu    s7, a1, a3
core   0: 3 0x80003258 (0x02d5dbb3) x23 0x00000000
core   0: 0x8000325c (0x03868c63) beq     a3, s8, pc + 56
core   0: 3 0x8000325c (0x03868c63)
core   0: 0x80003260 (0x019dc463) blt     s11, s9, pc + 8
core   0: 3 0x80003260 (0x019dc463)
core   0: 0x80003268 (0x03ca3833) mulhu   a6, s4, t3
core   0: 3 0x80003268 (0x03ca3833) x16 0x06b3fe86
core   0: 0x8000326c (0x02f7b2b3) mulhu   t0, a5, a5
core   0: 3 0x8000326c (0x02f7b2b3) x 5 0xfffffffe
core   0: 0x80003270 (0x01d9f463) bgeu    s3, t4, pc + 8
core   0: 3 0x80003270 (0x01d9f463)
core   0: 0x80003278 (0x0085d3b3) srl     t2, a1, s0
core   0: 3 0x80003278 (0x0085d3b3) x 7 0x00000000
core   0: 0x8000327c (0x02b159b3) divu    s3, sp, a1
core   0: 3 0x8000327c (0x02b159b3) x19 0xffffffff
core   0: 0x80003280 (0x2d14ff13) andi    t5, s1, 721
core   0: 3 0x80003280 (0x2d14ff13) x30 0x000000d0
core   0: 0x80003284 (0x02500463) beq     zero, t0, pc + 40
core   0: 3 0x80003284 (0x02500463)
core   0: 0x80003288 (0x02cdfd33) remu    s10, s11, a2
core   0: 3 0x80003288 (0x02cdfd33) x26 0x80029ce4
core   0: 0x8000328c (0x03f31e33) mulh    t3, t1, t6
core   0: 3 0x8000328c (0x03f31e33) x28 0x00000000
core   0: 0x80003290 (0x005187b3) add     a5, gp, t0
core   0: 3 0x80003290 (0x005187b3) x15 0x80029ce2
core   0: 0x80003294 (0xb74a8a13) addi    s4, s5, -1164
core   0: 3 0x80003294 (0xb74a8a13) x20 0xfffffb75
core   0: 0x80003298 (0x1afc6993) ori     s3, s8, 431
core   0: 3 0x80003298 (0x1afc6993) x19 0xde4661af
core   0: 0x8000329c (0x030732b3) mulhu   t0, a4, a6
core   0: 3 0x8000329c (0x030732b3) x 5 0x0627c670
core   0: 0x800032a0 (0x3bcb0e93) addi    t4, s6, 956
core   0: 3 0x800032a0 (0x3bcb0e93) x29 0x80026220
core   0: 0x800032a4 (0x02860063) beq     a2, s0, pc + 32
core   0: 3 0x800032a4 (0x02860063)
core   0: 0x800032a8 (0x031c9663) bne     s9, a7, pc + 44
core   0: 3 0x800032a8 (0x031c9663)
core   0: 0x800032d4 (0x41db5eb3) sra     t4, s6, t4
core   0: 3 0x800032d4 (0x41db5eb3) x29 0x80025e64
core   0: 0x800032d8 (0x02d364b3) rem     s1, t1, a3
core   0: 3 0x800032d8 (0x02d364b3) x 9 0x00000000
core   0: 0x800032dc (0x032a1233) mulh    tp, s4, s2
core   0: 3 0x800032dc (0x032a1233) x 4 0xffffff66
core   0: 0x800032e0 (0x0322b813) sltiu   a6, t0, 50
core   0: 3 0x800032e0 (0x0322b813) x16 0x00000000
core   0: 0x800032e4 (0x40d207b3) sub     a5, tp, a3
core   0: 3 0x800032e4 (0x40d207b3) x15 0x7ffd5eae
core   0: 0x800032e8 (0x00dcfcb3) and     s9, s9, a3
core   0: 3 0x800032e8 (0x00dcfcb3) x25 0x00000000
core   0: 0x800032ec (0x00000013) nop
core   0: 3 0x800032ec (0x00000013)
core   0: 0x800032f0 (0x622d7117) auipc   sp, 0x622d7
core   0: 3 0x800032f0 (0x622d7117) x 2 0xe22da2f0
core   0: 0x800032f4 (0x0191d1b3) srl     gp, gp, s9
core   0: 3 0x800032f4 (0x0191d1b3) x 3 0x80029ce4
core   0: 0x800032f8 (0x41d75f13) srai    t5, a4, 29
core   0: 3 0x800032f8 (0x41d75f13) x30 0xffffffff
core   0: 0x800032fc (0x06281663) bne     a6, sp, pc + 108
core   0: 3 0x800032fc (0x06281663)
core   0: 0x80003368 (0x031b2533) mulhsu  a0, s6, a7
core   0: 3 0x80003368 (0x031b2533) x10 0x00000000
core   0: 0x8000336c (0x006cd913) srli    s2, s9, 6
core   0: 3 0x8000336c (0x006cd913) x18 0x00000000
core   0: 0x80003370 (0x02b55663) bge     a0, a1, pc + 44
core   0: 3 0x80003370 (0x02b55663)
core   0: 0x8000339c (0x015a9193) slli    gp, s5, 21
core   0: 3 0x8000339c (0x015a9193) x 3 0x00200000
core   0: 0x800033a0 (0x013a1613) slli    a2, s4, 19
core   0: 3 0x800033a0 (0x013a1613) x12 0xdba80000
core   0: 0x800033a4 (0x00ce9393) slli    t2, t4, 12
core   0: 3 0x800033a4 (0x00ce9393) x 7 0x25e64000
core   0: 0x800033a8 (0x02c68463) beq     a3, a2, pc + 40
core   0: 3 0x800033a8 (0x02c68463)
core   0: 0x800033ac (0x018adc13) srli    s8, s5, 24
core   0: 3 0x800033ac (0x018adc13) x24 0x00000000
core   0: 0x800033b0 (0x02330eb3) mul     t4, t1, gp
core   0: 3 0x800033b0 (0x02330eb3) x29 0x00000000
core   0: 0x800033b4 (0x0192a0b3) slt     ra, t0, s9
core   0: 3 0x800033b4 (0x0192a0b3) x 1 0x00000000
core   0: 0x800033b8 (0xd98aa793) slti    a5, s5, -616
core   0: 3 0x800033b8 (0xd98aa793) x15 0x00000000
core   0: 0x800033bc (0x0387e033) rem     zero, a5, s8
core   0: 3 0x800033bc (0x0387e033)
core   0: 0x800033c0 (0x03564063) blt     a2, s5, pc + 32
core   0: 3 0x800033c0 (0x03564063)
core   0: 0x800033e0 (0x02148c63) beq     s1, ra, pc + 56
core   0: 3 0x800033e0 (0x02148c63)
core   0: 0x80003418 (0x032f1333) mulh    t1, t5, s2
core   0: 3 0x80003418 (0x032f1333) x 6 0x00000000
core   0: 0x8000341c (0xf00d2913) slti    s2, s10, -256
core   0: 3 0x8000341c (0xf00d2913) x18 0x00000001
core   0: 0x80003420 (0x0045af33) slt     t5, a1, tp
core   0: 3 0x80003420 (0x0045af33) x30 0x00000000
core   0: 0x80003424 (0x025b95b3) mulh    a1, s7, t0
core   0: 3 0x80003424 (0x025b95b3) x11 0x00000000
core   0: 0x80003428 (0x40c409b3) sub     s3, s0, a2
core   0: 3 0x80003428 (0x40c409b3) x19 0x24580000
core   0: 0x8000342c (0x4ef6e793) ori     a5, a3, 1263
core   0: 3 0x8000342c (0x4ef6e793) x15 0x8002a4ff
core   0: 0x80003430 (0x2e223213) sltiu   tp, tp, 738
core   0: 3 0x80003430 (0x2e223213) x 4 0x00000000
core   0: 0x80003434 (0x02900933) mul     s2, zero, s1
core   0: 3 0x80003434 (0x02900933) x18 0x00000000
core   0: 0x80003438 (0x0379bc33) mulhu   s8, s3, s7
core   0: 3 0x80003438 (0x0379bc33) x24 0x00000000
core   0: 0x8000343c (0x01c32a33) slt     s4, t1, t3
core   0: 3 0x8000343c (0x01c32a33) x20 0x00000000
core   0: 0x80003440 (0x02c38463) beq     t2, a2, pc + 40
core   0: 3 0x80003440 (0x02c38463)
core   0: 0x80003444 (0xe716af17) auipc   t5, 0xe716a
core   0: 3 0x80003444 (0xe716af17) x30 0x6716d444
core   0: 0x80003448 (0x00af1c33) sll     s8, t5, a0
core   0: 3 0x80003448 (0x00af1c33) x24 0x6716d444
core   0: 0x8000344c (0x05ca0263) beq     s4, t3, pc + 68
core   0: 3 0x8000344c (0x05ca0263)
core   0: 0x80003490 (0x011fd3b3) srl     t2, t6, a7
core   0: 3 0x80003490 (0x011fd3b3) x 7 0x00000000
core   0: 0x80003494 (0x10797213) andi    tp, s2, 263
core   0: 3 0x80003494 (0x10797213) x 4 0x00000000
core   0: 0x80003498 (0x00000013) nop
core   0: 3 0x80003498 (0x00000013)
core   0: 0x8000349c (0xc7a23e13) sltiu   t3, tp, -902
core   0: 3 0x8000349c (0xc7a23e13) x28 0x00000001
core   0: 0x800034a0 (0x298233b7) lui     t2, 0x29823
core   0: 3 0x800034a0 (0x298233b7) x 7 0x29823000
core   0: 0x800034a4 (0x013b9663) bne     s7, s3, pc + 12
core   0: 3 0x800034a4 (0x013b9663)
core   0: 0x800034b0 (0x02674f33) div     t5, a4, t1
core   0: 3 0x800034b0 (0x02674f33) x30 0xffffffff
core   0: 0x800034b4 (0x02fac433) div     s0, s5, a5
core   0: 3 0x800034b4 (0x02fac433) x 8 0x00000000
core   0: 0x800034b8 (0xc5d3c893) xori    a7, t2, -931
core   0: 3 0x800034b8 (0xc5d3c893) x17 0xd67dcc5d
core   0: 0x800034bc (0x03176eb3) rem     t4, a4, a7
core   0: 3 0x800034bc (0x03176eb3) x29 0xeb14dae6
core   0: 0x800034c0 (0x015f85b3) add     a1, t6, s5
core   0: 3 0x800034c0 (0x015f85b3) x11 0x00000001
core   0: 0x800034c4 (0x0314f033) remu    zero, s1, a7
core   0: 3 0x800034c4 (0x0314f033)
core   0: 0x800034c8 (0x022c86b3) mul     a3, s9, sp
core   0: 3 0x800034c8 (0x022c86b3) x13 0x00000000
core   0: 0x800034cc (0x02389063) bne     a7, gp, pc + 32
core   0: 3 0x800034cc (0x02389063)
core   0: 0x800034ec (0x039699b3) mulh    s3, a3, s9
core   0: 3 0x800034ec (0x039699b3) x19 0x00000000
core   0: 0x800034f0 (0xfc3c0597) auipc   a1, 0xfc3c0
core   0: 3 0x800034f0 (0xfc3c0597) x11 0x7c3c34f0
core   0: 0x800034f4 (0x03bdeab3) rem     s5, s11, s11
core   0: 3 0x800034f4 (0x03bdeab3) x21 0x00000000
core   0: 0x800034f8 (0x0188fa33) and     s4, a7, s8
core   0: 3 0x800034f8 (0x0188fa33) x20 0x4614c444
core   0: 0x800034fc (0x0b411863) bne     sp, s4, pc + 176
core   0: 3 0x800034fc (0x0b411863)
core   0: 0x800035ac (0x011442b3) xor     t0, s0, a7
core   0: 3 0x800035ac (0x011442b3) x 5 0xd67dcc5d
core   0: 0x800035b0 (0x2889ad13) slti    s10, s3, 648
core   0: 3 0x800035b0 (0x2889ad13) x26 0x00000001
core   0: 0x800035b4 (0x71c45d37) lui     s10, 0x71c45
core   0: 3 0x800035b4 (0x71c45d37) x26 0x71c45000
core   0: 0x800035b8 (0x3ba8cc97) auipc   s9, 0x3ba8c
core   0: 3 0x800035b8 (0x3ba8cc97) x25 0xbba8f5b8
core   0: 0x800035bc (0x025845b3) div     a1, a6, t0
core   0: 3 0x800035bc (0x025845b3) x11 0x00000000
core   0: 0x800035c0 (0x41f95d33) sra     s10, s2, t6
core   0: 3 0x800035c0 (0x41f95d33) x26 0x00000000
core   0: 0x800035c4 (0x03233233) mulhu   tp, t1, s2
core   0: 3 0x800035c4 (0x03233233) x 4 0x00000000
core   0: 0x800035c8 (0x00000013) nop
core   0: 3 0x800035c8 (0x00000013)
core   0: 0x800035cc (0x012453b3) srl     t2, s0, s2
core   0: 3 0x800035cc (0x012453b3) x 7 0x00000000
core   0: 0x800035d0 (0x01c06cb3) or      s9, zero, t3
core   0: 3 0x800035d0 (0x01c06cb3) x25 0x00000001
core   0: 0x800035d4 (0x00375633) srl     a2, a4, gp
core   0: 3 0x800035d4 (0x00375633) x12 0xeb14dae6
core   0: 0x800035d8 (0x0334c633) div     a2, s1, s3
core   0: 3 0x800035d8 (0x0334c633) x12 0xffffffff
core   0: 0x800035dc (0x08b80663) beq     a6, a1, pc + 140
core   0: 3 0x800035dc (0x08b80663)
core   0: 0x80003668 (0x0033c433) xor     s0, t2, gp
core   0: 3 0x80003668 (0x0033c433) x 8 0x00200000
core   0: 0x8000366c (0x2f3be293) ori     t0, s7, 755
core   0: 3 0x8000366c (0x2f3be293) x 5 0x000002f3
core   0: 0x80003670 (0x01c4dc63) bge     s1, t3, pc + 24
core   0: 3 0x80003670 (0x01c4dc63)
core   0: 0x80003674 (0x02f47c33) remu    s8, s0, a5
core   0: 3 0x80003674 (0x02f47c33) x24 0x00200000
core   0: 0x80003678 (0x022c9e63) bne     s9, sp, pc + 60
core   0: 3 0x80003678 (0x022c9e63)
core   0: 0x800036b4 (0x00488333) add     t1, a7, tp
core   0: 3 0x800036b4 (0x00488333) x 6 0xd67dcc5d
core   0: 0x800036b8 (0x41068033) sub     zero, a3, a6
core   0: 3 0x800036b8 (0x41068033)
core   0: 0x800036bc (0x409c85b3) sub     a1, s9, s1
core   0: 3 0x800036bc (0x409c85b3) x11 0x00000001
core   0: 0x800036c0 (0x411c5193) srai    gp, s8, 17
core   0: 3 0x800036c0 (0x411c5193) x 3 0x00000010
core   0: 0x800036c4 (0x028f9a33) mulh    s4, t6, s0
core   0: 3 0x800036c4 (0x028f9a33) x20 0x00000000
core   0: 0x800036c8 (0x01e179b3) and     s3, sp, t5
core   0: 3 0x800036c8 (0x01e179b3) x19 0xe22da2f0
core   0: 0x800036cc (0x03cfe033) rem     zero, t6, t3
core   0: 3 0x800036cc (0x03cfe033)
core   0: 0x800036d0 (0x65e61017) auipc   zero, 0x65e61
core   0: 3 0x800036d0 (0x65e61017)
core   0: 0x800036d4 (0x00531813) slli    a6, t1, 5
core   0: 3 0x800036d4 (0x00531813) x16 0xcfb98ba0
core   0: 0x800036d8 (0x6e078813) addi    a6, a5, 1760
core   0: 3 0x800036d8 (0x6e078813) x16 0x8002abdf
core   0: 0x800036dc (0x024c6433) rem     s0, s8, tp
core   0: 3 0x800036dc (0x024c6433) x 8 0x00200000
core   0: 0x800036e0 (0x9c7a8313) addi    t1, s5, -1593
core   0: 3 0x800036e0 (0x9c7a8313) x 6 0xfffff9c7
core   0: 0x800036e4 (0x019777b3) and     a5, a4, s9
core   0: 3 0x800036e4 (0x019777b3) x15 0x00000000
core   0: 0x800036e8 (0x02bafab3) remu    s5, s5, a1
core   0: 3 0x800036e8 (0x02bafab3) x21 0x00000000
core   0: 0x800036ec (0x02ce2433) mulhsu  s0, t3, a2
core   0: 3 0x800036ec (0x02ce2433) x 8 0x00000000
core   0: 0x800036f0 (0xd6faae13) slti    t3, s5, -657
core   0: 3 0x800036f0 (0xd6faae13) x28 0x00000000
core   0: 0x800036f4 (0x043a0e63) beq     s4, gp, pc + 92
core   0: 3 0x800036f4 (0x043a0e63)
core   0: 0x800036f8 (0x00003617) auipc   a2, 0x3
core   0: 3 0x800036f8 (0x00003617) x12 0x800066f8
core   0: 0x800036fc (0xc0060613) addi    a2, a2, -1024
core   0: 3 0x800036fc (0xc0060613) x12 0x800062f8
core   0: 0x80003700 (0xfd65f593) andi    a1, a1, -42
core   0: 3 0x80003700 (0xfd65f593) x11 0x00000000
core   0: 0x80003704 (0x86916113) ori     sp, sp, -1943
core   0: 3 0x80003704 (0x86916113) x 2 0xfffffaf9
core   0: 0x80003708 (0xc4360613) addi    a2, a2, -957
core   0: 3 0x80003708 (0xc4360613) x12 0x80005f3b
core   0: 0x8000370c (0x008a5933) srl     s2, s4, s0
core   0: 3 0x8000370c (0x008a5933) x18 0x00000000
core   0: 0x80003710 (0x0030b433) sltu    s0, ra, gp
core   0: 3 0x80003710 (0x0030b433) x 8 0x00000001
core   0: 0x80003714 (0x036546b3) div     a3, a0, s6
core   0: 3 0x80003714 (0x036546b3) x13 0x00000000
core   0: 0x80003718 (0x01907cb3) and     s9, zero, s9
core   0: 3 0x80003718 (0x01907cb3) x25 0x00000000
core   0: 0x8000371c (0x0218a933) mulhsu  s2, a7, ra
core   0: 3 0x8000371c (0x0218a933) x18 0x00000000
core   0: 0x80003720 (0x01897863) bgeu    s2, s8, pc + 16
core   0: 3 0x80003720 (0x01897863)
core   0: 0x80003724 (0xf2442137) lui     sp, 0xf2442
core   0: 3 0x80003724 (0xf2442137) x 2 0xf2442000
core   0: 0x80003728 (0x00d8c133) xor     sp, a7, a3
core   0: 3 0x80003728 (0x00d8c133) x 2 0xd67dcc5d
core   0: 0x8000372c (0x03d23533) mulhu   a0, tp, t4
core   0: 3 0x8000372c (0x03d23533) x10 0x00000000
core   0: 0x80003730 (0x3bd600e7) jalr    ra, a2, 957
core   0: 3 0x80003730 (0x3bd600e7) x 1 0x80003734
core   0: 0x800062f8 (0x03a15533) divu    a0, sp, s10
core   0: 3 0x800062f8 (0x03a15533) x10 0xffffffff
core   0: 0x800062fc (0x0058c133) xor     sp, a7, t0
core   0: 3 0x800062fc (0x0058c133) x 2 0xd67dceae
core   0: 0x80006300 (0x03488cb3) mul     s9, a7, s4
core   0: 3 0x80006300 (0x03488cb3) x25 0x00000000
core   0: 0x80006304 (0xfc0b0b13) addi    s6, s6, -64
core   0: 3 0x80006304 (0xfc0b0b13) x22 0x80025e24
core   0: 0x80006308 (0x001b2223) sw      ra, 4(s6)
core   0: 3 0x80006308 (0x001b2223) mem 0x80025e28 0x80003734
core   0: 0x8000630c (0x0e3c8793) addi    a5, s9, 227
core   0: 3 0x8000630c (0x0e3c8793) x15 0x000000e3
core   0: 0x80006310 (0x027e8533) mul     a0, t4, t2
core   0: 3 0x80006310 (0x027e8533) x10 0x00000000
core   0: 0x80006314 (0x02d304b3) mul     s1, t1, a3
core   0: 3 0x80006314 (0x02d304b3) x 9 0x00000000
core   0: 0x80006318 (0x0197afb3) slt     t6, a5, s9
core   0: 3 0x80006318 (0x0197afb3) x31 0x00000000
core   0: 0x8000631c (0x0005d7b3) srl     a5, a1, zero
core   0: 3 0x8000631c (0x0005d7b3) x15 0x00000000
core   0: 0x80006320 (0xffa00113) li      sp, -6
core   0: 3 0x80006320 (0xffa00113) x 2 0xfffffffa
core   0: 0x80006324 (0xffa00613) li      a2, -6
core   0: 3 0x80006324 (0xffa00613) x12 0xfffffffa
core   0: 0x80006328 (0x02806833) rem     a6, zero, s0
core   0: 3 0x80006328 (0x02806833) x16 0x00000000
core   0: 0x8000632c (0xff610113) addi    sp, sp, -10
core   0: 3 0x8000632c (0xff610113) x 2 0xfffffff0
core   0: 0x80006330 (0xfec15ce3) bge     sp, a2, pc - 8
core   0: 3 0x80006330 (0xfec15ce3)
core   0: 0x80006334 (0x010679b3) and     s3, a2, a6
core   0: 3 0x80006334 (0x010679b3) x19 0x00000000
core   0: 0x80006338 (0x00a00693) li      a3, 10
core   0: 3 0x80006338 (0x00a00693) x13 0x0000000a
core   0: 0x8000633c (0x00a00293) li      t0, 10
core   0: 3 0x8000633c (0x00a00293) x 5 0x0000000a
core   0: 0x80006340 (0x00000013) nop
core   0: 3 0x80006340 (0x00000013)
core   0: 0x80006344 (0x7f6e3797) auipc   a5, 0x7f6e3
core   0: 3 0x80006344 (0x7f6e3797) x15 0xff6e9344
core   0: 0x80006348 (0x014ef7b3) and     a5, t4, s4
core   0: 3 0x80006348 (0x014ef7b3) x15 0x00000000
core   0: 0x8000634c (0x40be8cb3) sub     s9, t4, a1
core   0: 3 0x8000634c (0x40be8cb3) x25 0xeb14dae6
core   0: 0x80006350 (0xa9985bb7) lui     s7, 0xa9985
core   0: 3 0x80006350 (0xa9985bb7) x23 0xa9985000
core   0: 0x80006354 (0x01a06393) ori     t2, zero, 26
core   0: 3 0x80006354 (0x01a06393) x 7 0x0000001a
core   0: 0x80006358 (0xff768693) addi    a3, a3, -9
core   0: 3 0x80006358 (0xff768693) x13 0x00000001
core   0: 0x8000635c (0x00100a93) li      s5, 1
core   0: 3 0x8000635c (0x00100a93) x21 0x00000001
core   0: 0x80006360 (0x024269b3) rem     s3, tp, tp
core   0: 3 0x80006360 (0x024269b3) x19 0x00000000
core   0: 0x80006364 (0x028b5eb3) divu    t4, s6, s0
core   0: 3 0x80006364 (0x028b5eb3) x29 0x80025e24
core   0: 0x80006368 (0x4027d193) srai    gp, a5, 2
core   0: 3 0x80006368 (0x4027d193) x 3 0x00000000
core   0: 0x8000636c (0x40805e93) srai    t4, zero, 8
core   0: 3 0x8000636c (0x40805e93) x29 0x00000000
core   0: 0x80006370 (0x00200f93) li      t6, 2
core   0: 3 0x80006370 (0x00200f93) x31 0x00000002
core   0: 0x80006374 (0x4058d433) sra     s0, a7, t0
core   0: 3 0x80006374 (0x4058d433) x 8 0xfff59f73
core   0: 0x80006378 (0x2ab12cb7) lui     s9, 0x2ab12
core   0: 3 0x80006378 (0x2ab12cb7) x25 0x2ab12000
core   0: 0x8000637c (0x00aa8a93) addi    s5, s5, 10
core   0: 3 0x8000637c (0x00aa8a93) x21 0x0000000b
core   0: 0x80006380 (0x013268b3) or      a7, tp, s3
core   0: 3 0x80006380 (0x013268b3) x17 0x00000000
core   0: 0x80006384 (0x617dea17) auipc   s4, 0x617de
core   0: 3 0x80006384 (0x617dea17) x20 0xe17e4384
core   0: 0x80006388 (0x28837113) andi    sp, t1, 648
core   0: 3 0x80006388 (0x28837113) x 2 0x00000080
core   0: 0x8000638c (0xfffae6e3) bltu    s5, t6, pc - 20
core   0: 3 0x8000638c (0xfffae6e3)
core   0: 0x80006390 (0x004c5813) srli    a6, s8, 4
core   0: 3 0x80006390 (0x004c5813) x16 0x00020000
core   0: 0x80006394 (0x00f23a33) sltu    s4, tp, a5
core   0: 3 0x80006394 (0x00f23a33) x20 0x00000000
core   0: 0x80006398 (0x014ee4b3) or      s1, t4, s4
core   0: 3 0x80006398 (0x014ee4b3) x 9 0x00000000
core   0: 0x8000639c (0x00231e13) slli    t3, t1, 2
core   0: 3 0x8000639c (0x00231e13) x28 0xffffe71c
core   0: 0x800063a0 (0x00000013) nop
core   0: 3 0x800063a0 (0x00000013)
core   0: 0x800063a4 (0x321db393) sltiu   t2, s11, 801
core   0: 3 0x800063a4 (0x321db393) x 7 0x00000000
core   0: 0x800063a8 (0x018d51b3) srl     gp, s10, s8
core   0: 3 0x800063a8 (0x018d51b3) x 3 0x00000000
core   0: 0x800063ac (0xf856fce3) bgeu    a3, t0, pc - 104
core   0: 3 0x800063ac (0xf856fce3)
core   0: 0x800063b0 (0xf53fa113) slti    sp, t6, -173
core   0: 3 0x800063b0 (0xf53fa113) x 2 0x00000000
core   0: 0x800063b4 (0x00a00313) li      t1, 10
core   0: 3 0x800063b4 (0x00a00313) x 6 0x0000000a
core   0: 0x800063b8 (0x00e00593) li      a1, 14
core   0: 3 0x800063b8 (0x00e00593) x11 0x0000000e
core   0: 0x800063bc (0x02d84ab3) div     s5, a6, a3
core   0: 3 0x800063bc (0x02d84ab3) x21 0x00020000
core   0: 0x800063c0 (0x00130313) addi    t1, t1, 1
core   0: 3 0x800063c0 (0x00130313) x 6 0x0000000b
core   0: 0x800063c4 (0x00000013) nop
core   0: 3 0x800063c4 (0x00000013)
core   0: 0x800063c8 (0xff600413) li      s0, -10
core   0: 3 0x800063c8 (0xff600413) x 8 0xfffffff6
core   0: 0x800063cc (0xff800693) li      a3, -8
core   0: 3 0x800063cc (0xff800693) x13 0xfffffff8
core   0: 0x800063d0 (0x41805793) srai    a5, zero, 24
core   0: 3 0x800063d0 (0x41805793) x15 0x00000000
core   0: 0x800063d4 (0x012a9113) slli    sp, s5, 18
core   0: 3 0x800063d4 (0x012a9113) x 2 0x00000000
core   0: 0x800063d8 (0x4e31e193) ori     gp, gp, 1251
core   0: 3 0x800063d8 (0x4e31e193) x 3 0x000004e3
core   0: 0x800063dc (0x00940413) addi    s0, s0, 9
core   0: 3 0x800063dc (0x00940413) x 8 0xffffffff
core   0: 0x800063e0 (0xfed44ce3) blt     s0, a3, pc - 8
core   0: 3 0x800063e0 (0xfed44ce3)
core   0: 0x800063e4 (0x0155d393) srli    t2, a1, 21
core   0: 3 0x800063e4 (0x0155d393) x 7 0x00000000
core   0: 0x800063e8 (0x034982b3) mul     t0, s3, s4
core   0: 3 0x800063e8 (0x034982b3) x 5 0x00000000
core   0: 0x800063ec (0xfcb368e3) bltu    t1, a1, pc - 48
core   0: 3 0x800063ec (0xfcb368e3)
core   0: 0x800063bc (0x02d84ab3) div     s5, a6, a3
core   0: 3 0x800063bc (0x02d84ab3) x21 0xffffc000
core   0: 0x800063c0 (0x00130313) addi    t1, t1, 1
core   0: 3 0x800063c0 (0x00130313) x 6 0x0000000c
core   0: 0x800063c4 (0x00000013) nop
core   0: 3 0x800063c4 (0x00000013)
core   0: 0x800063c8 (0xff600413) li      s0, -10
core   0: 3 0x800063c8 (0xff600413) x 8 0xfffffff6
core   0: 0x800063cc (0xff800693) li      a3, -8
core   0: 3 0x800063cc (0xff800693) x13 0xfffffff8
core   0: 0x800063d0 (0x41805793) srai    a5, zero, 24
core   0: 3 0x800063d0 (0x41805793) x15 0x00000000
core   0: 0x800063d4 (0x012a9113) slli    sp, s5, 18
core   0: 3 0x800063d4 (0x012a9113) x 2 0x00000000
core   0: 0x800063d8 (0x4e31e193) ori     gp, gp, 1251
core   0: 3 0x800063d8 (0x4e31e193) x 3 0x000004e3
core   0: 0x800063dc (0x00940413) addi    s0, s0, 9
core   0: 3 0x800063dc (0x00940413) x 8 0xffffffff
core   0: 0x800063e0 (0xfed44ce3) blt     s0, a3, pc - 8
core   0: 3 0x800063e0 (0xfed44ce3)
core   0: 0x800063e4 (0x0155d393) srli    t2, a1, 21
core   0: 3 0x800063e4 (0x0155d393) x 7 0x00000000
core   0: 0x800063e8 (0x034982b3) mul     t0, s3, s4
core   0: 3 0x800063e8 (0x034982b3) x 5 0x00000000
core   0: 0x800063ec (0xfcb368e3) bltu    t1, a1, pc - 48
core   0: 3 0x800063ec (0xfcb368e3)
core   0: 0x800063bc (0x02d84ab3) div     s5, a6, a3
core   0: 3 0x800063bc (0x02d84ab3) x21 0xffffc000
core   0: 0x800063c0 (0x00130313) addi    t1, t1, 1
core   0: 3 0x800063c0 (0x00130313) x 6 0x0000000d
core   0: 0x800063c4 (0x00000013) nop
core   0: 3 0x800063c4 (0x00000013)
core   0: 0x800063c8 (0xff600413) li      s0, -10
core   0: 3 0x800063c8 (0xff600413) x 8 0xfffffff6
core   0: 0x800063cc (0xff800693) li      a3, -8
core   0: 3 0x800063cc (0xff800693) x13 0xfffffff8
core   0: 0x800063d0 (0x41805793) srai    a5, zero, 24
core   0: 3 0x800063d0 (0x41805793) x15 0x00000000
core   0: 0x800063d4 (0x012a9113) slli    sp, s5, 18
core   0: 3 0x800063d4 (0x012a9113) x 2 0x00000000
core   0: 0x800063d8 (0x4e31e193) ori     gp, gp, 1251
core   0: 3 0x800063d8 (0x4e31e193) x 3 0x000004e3
core   0: 0x800063dc (0x00940413) addi    s0, s0, 9
core   0: 3 0x800063dc (0x00940413) x 8 0xffffffff
core   0: 0x800063e0 (0xfed44ce3) blt     s0, a3, pc - 8
core   0: 3 0x800063e0 (0xfed44ce3)
core   0: 0x800063e4 (0x0155d393) srli    t2, a1, 21
core   0: 3 0x800063e4 (0x0155d393) x 7 0x00000000
core   0: 0x800063e8 (0x034982b3) mul     t0, s3, s4
core   0: 3 0x800063e8 (0x034982b3) x 5 0x00000000
core   0: 0x800063ec (0xfcb368e3) bltu    t1, a1, pc - 48
core   0: 3 0x800063ec (0xfcb368e3)
core   0: 0x800063bc (0x02d84ab3) div     s5, a6, a3
core   0: 3 0x800063bc (0x02d84ab3) x21 0xffffc000
core   0: 0x800063c0 (0x00130313) addi    t1, t1, 1
core   0: 3 0x800063c0 (0x00130313) x 6 0x0000000e
core   0: 0x800063c4 (0x00000013) nop
core   0: 3 0x800063c4 (0x00000013)
core   0: 0x800063c8 (0xff600413) li      s0, -10
core   0: 3 0x800063c8 (0xff600413) x 8 0xfffffff6
core   0: 0x800063cc (0xff800693) li      a3, -8
core   0: 3 0x800063cc (0xff800693) x13 0xfffffff8
core   0: 0x800063d0 (0x41805793) srai    a5, zero, 24
core   0: 3 0x800063d0 (0x41805793) x15 0x00000000
core   0: 0x800063d4 (0x012a9113) slli    sp, s5, 18
core   0: 3 0x800063d4 (0x012a9113) x 2 0x00000000
core   0: 0x800063d8 (0x4e31e193) ori     gp, gp, 1251
core   0: 3 0x800063d8 (0x4e31e193) x 3 0x000004e3
core   0: 0x800063dc (0x00940413) addi    s0, s0, 9
core   0: 3 0x800063dc (0x00940413) x 8 0xffffffff
core   0: 0x800063e0 (0xfed44ce3) blt     s0, a3, pc - 8
core   0: 3 0x800063e0 (0xfed44ce3)
core   0: 0x800063e4 (0x0155d393) srli    t2, a1, 21
core   0: 3 0x800063e4 (0x0155d393) x 7 0x00000000
core   0: 0x800063e8 (0x034982b3) mul     t0, s3, s4
core   0: 3 0x800063e8 (0x034982b3) x 5 0x00000000
core   0: 0x800063ec (0xfcb368e3) bltu    t1, a1, pc - 48
core   0: 3 0x800063ec (0xfcb368e3)
core   0: 0x800063f0 (0x00075493) srli    s1, a4, 0
core   0: 3 0x800063f0 (0x00075493) x 9 0xeb14dae6
core   0: 0x800063f4 (0x00800793) li      a5, 8
core   0: 3 0x800063f4 (0x00800793) x15 0x00000008
core   0: 0x800063f8 (0x00fd3cb3) sltu    s9, s10, a5
core   0: 3 0x800063f8 (0x00fd3cb3) x25 0x00000001
core   0: 0x800063fc (0x001326b3) slt     a3, t1, ra
core   0: 3 0x800063fc (0x001326b3) x13 0x00000000
core   0: 0x80006400 (0xfff00893) li      a7, -1
core   0: 3 0x80006400 (0xfff00893) x17 0xffffffff
core   0: 0x80006404 (0x03393033) mulhu   zero, s2, s3
core   0: 3 0x80006404 (0x03393033)
core   0: 0x80006408 (0xc270bf13) sltiu   t5, ra, -985
core   0: 3 0x80006408 (0xc270bf13) x30 0x00000001
core   0: 0x8000640c (0x022a6a33) rem     s4, s4, sp
core   0: 3 0x8000640c (0x022a6a33) x20 0x00000000
core   0: 0x80006410 (0xff678793) addi    a5, a5, -10
core   0: 3 0x80006410 (0xff678793) x15 0xfffffffe
core   0: 0x80006414 (0x0175af93) slti    t6, a1, 23
core   0: 3 0x80006414 (0x0175af93) x31 0x00000001
core   0: 0x80006418 (0xff900593) li      a1, -7
core   0: 3 0x80006418 (0xff900593) x11 0xfffffff9
core   0: 0x8000641c (0x00500e13) li      t3, 5
core   0: 3 0x8000641c (0x00500e13) x28 0x00000005
core   0: 0x80006420 (0x02f49d33) mulh    s10, s1, a5
core   0: 3 0x80006420 (0x02f49d33) x26 0x00000000
core   0: 0x80006424 (0x00258593) addi    a1, a1, 2
core   0: 3 0x80006424 (0x00258593) x11 0xfffffffb
core   0: 0x80006428 (0x012499b3) sll     s3, s1, s2
core   0: 3 0x80006428 (0x012499b3) x19 0xeb14dae6
core   0: 0x8000642c (0xffc58ae3) beq     a1, t3, pc - 12
core   0: 3 0x8000642c (0xffc58ae3)
core   0: 0x80006430 (0x025d7833) remu    a6, s10, t0
core   0: 3 0x80006430 (0x025d7833) x16 0x00000000
core   0: 0x80006434 (0x01c5bd33) sltu    s10, a1, t3
core   0: 3 0x80006434 (0x01c5bd33) x26 0x00000000
core   0: 0x80006438 (0xfd17d8e3) bge     a5, a7, pc - 48
core   0: 3 0x80006438 (0xfd17d8e3)
core   0: 0x8000643c (0x0379dbb3) divu    s7, s3, s7
core   0: 3 0x8000643c (0x0379dbb3) x23 0x00000001
core   0: 0x80006440 (0xffe00413) li      s0, -2
core   0: 3 0x80006440 (0xffe00413) x 8 0xfffffffe
core   0: 0x80006444 (0x8163c693) xori    a3, t2, -2026
core   0: 3 0x80006444 (0x8163c693) x13 0xfffff816
core   0: 0x80006448 (0x00069493) slli    s1, a3, 0
core   0: 3 0x80006448 (0x00069493) x 9 0xfffff816
core   0: 0x8000644c (0x00af6c33) or      s8, t5, a0
core   0: 3 0x8000644c (0x00af6c33) x24 0x00000001
core   0: 0x80006450 (0x00afa5b3) slt     a1, t6, a0
core   0: 3 0x80006450 (0x00afa5b3) x11 0x00000000
core   0: 0x80006454 (0xff000793) li      a5, -16
core   0: 3 0x80006454 (0xff000793) x15 0xfffffff0
core   0: 0x80006458 (0x017b33b3) sltu    t2, s6, s7
core   0: 3 0x80006458 (0x017b33b3) x 7 0x00000000
core   0: 0x8000645c (0x7603a393) slti    t2, t2, 1888
core   0: 3 0x8000645c (0x7603a393) x 7 0x00000001
core   0: 0x80006460 (0xfff40413) addi    s0, s0, -1
core   0: 3 0x80006460 (0xfff40413) x 8 0xfffffffd
core   0: 0x80006464 (0x22cb6c93) ori     s9, s6, 556
core   0: 3 0x80006464 (0x22cb6c93) x25 0x80025e2c
core   0: 0x80006468 (0x00310d33) add     s10, sp, gp
core   0: 3 0x80006468 (0x00310d33) x26 0x000004e3
core   0: 0x8000646c (0xfef418e3) bne     s0, a5, pc - 16
core   0: 3 0x8000646c (0xfef418e3)
core   0: 0x8000645c (0x7603a393) slti    t2, t2, 1888
core   0: 3 0x8000645c (0x7603a393) x 7 0x00000001
core   0: 0x80006460 (0xfff40413) addi    s0, s0, -1
core   0: 3 0x80006460 (0xfff40413) x 8 0xfffffffc
core   0: 0x80006464 (0x22cb6c93) ori     s9, s6, 556
core   0: 3 0x80006464 (0x22cb6c93) x25 0x80025e2c
core   0: 0x80006468 (0x00310d33) add     s10, sp, gp
core   0: 3 0x80006468 (0x00310d33) x26 0x000004e3
core   0: 0x8000646c (0xfef418e3) bne     s0, a5, pc - 16
core   0: 3 0x8000646c (0xfef418e3)
core   0: 0x8000645c (0x7603a393) slti    t2, t2, 1888
core   0: 3 0x8000645c (0x7603a393) x 7 0x00000001
core   0: 0x80006460 (0xfff40413) addi    s0, s0, -1
core   0: 3 0x80006460 (0xfff40413) x 8 0xfffffffb
core   0: 0x80006464 (0x22cb6c93) ori     s9, s6, 556
core   0: 3 0x80006464 (0x22cb6c93) x25 0x80025e2c
core   0: 0x80006468 (0x00310d33) add     s10, sp, gp
core   0: 3 0x80006468 (0x00310d33) x26 0x000004e3
core   0: 0x8000646c (0xfef418e3) bne     s0, a5, pc - 16
core   0: 3 0x8000646c (0xfef418e3)
core   0: 0x8000645c (0x7603a393) slti    t2, t2, 1888
core   0: 3 0x8000645c (0x7603a393) x 7 0x00000001
core   0: 0x80006460 (0xfff40413) addi    s0, s0, -1
core   0: 3 0x80006460 (0xfff40413) x 8 0xfffffffa
core   0: 0x80006464 (0x22cb6c93) ori     s9, s6, 556
core   0: 3 0x80006464 (0x22cb6c93) x25 0x80025e2c
core   0: 0x80006468 (0x00310d33) add     s10, sp, gp
core   0: 3 0x80006468 (0x00310d33) x26 0x000004e3
core   0: 0x8000646c (0xfef418e3) bne     s0, a5, pc - 16
core   0: 3 0x8000646c (0xfef418e3)
core   0: 0x8000645c (0x7603a393) slti    t2, t2, 1888
core   0: 3 0x8000645c (0x7603a393) x 7 0x00000001
core   0: 0x80006460 (0xfff40413) addi    s0, s0, -1
core   0: 3 0x80006460 (0xfff40413) x 8 0xfffffff9
core   0: 0x80006464 (0x22cb6c93) ori     s9, s6, 556
core   0: 3 0x80006464 (0x22cb6c93) x25 0x80025e2c
core   0: 0x80006468 (0x00310d33) add     s10, sp, gp
core   0: 3 0x80006468 (0x00310d33) x26 0x000004e3
core   0: 0x8000646c (0xfef418e3) bne     s0, a5, pc - 16
core   0: 3 0x8000646c (0xfef418e3)
core   0: 0x8000645c (0x7603a393) slti    t2, t2, 1888
core   0: 3 0x8000645c (0x7603a393) x 7 0x00000001
core   0: 0x80006460 (0xfff40413) addi    s0, s0, -1
core   0: 3 0x80006460 (0xfff40413) x 8 0xfffffff8
core   0: 0x80006464 (0x22cb6c93) ori     s9, s6, 556
core   0: 3 0x80006464 (0x22cb6c93) x25 0x80025e2c
core   0: 0x80006468 (0x00310d33) add     s10, sp, gp
core   0: 3 0x80006468 (0x00310d33) x26 0x000004e3
core   0: 0x8000646c (0xfef418e3) bne     s0, a5, pc - 16
core   0: 3 0x8000646c (0xfef418e3)
core   0: 0x8000645c (0x7603a393) slti    t2, t2, 1888
core   0: 3 0x8000645c (0x7603a393) x 7 0x00000001
core   0: 0x80006460 (0xfff40413) addi    s0, s0, -1
core   0: 3 0x80006460 (0xfff40413) x 8 0xfffffff7
core   0: 0x80006464 (0x22cb6c93) ori     s9, s6, 556
core   0: 3 0x80006464 (0x22cb6c93) x25 0x80025e2c
core   0: 0x80006468 (0x00310d33) add     s10, sp, gp
core   0: 3 0x80006468 (0x00310d33) x26 0x000004e3
core   0: 0x8000646c (0xfef418e3) bne     s0, a5, pc - 16
core   0: 3 0x8000646c (0xfef418e3)
core   0: 0x8000645c (0x7603a393) slti    t2, t2, 1888
core   0: 3 0x8000645c (0x7603a393) x 7 0x00000001
core   0: 0x80006460 (0xfff40413) addi    s0, s0, -1
core   0: 3 0x80006460 (0xfff40413) x 8 0xfffffff6
core   0: 0x80006464 (0x22cb6c93) ori     s9, s6, 556
core   0: 3 0x80006464 (0x22cb6c93) x25 0x80025e2c
core   0: 0x80006468 (0x00310d33) add     s10, sp, gp
core   0: 3 0x80006468 (0x00310d33) x26 0x000004e3
core   0: 0x8000646c (0xfef418e3) bne     s0, a5, pc - 16
core   0: 3 0x8000646c (0xfef418e3)
core   0: 0x8000645c (0x7603a393) slti    t2, t2, 1888
core   0: 3 0x8000645c (0x7603a393) x 7 0x00000001
core   0: 0x80006460 (0xfff40413) addi    s0, s0, -1
core   0: 3 0x80006460 (0xfff40413) x 8 0xfffffff5
core   0: 0x80006464 (0x22cb6c93) ori     s9, s6, 556
core   0: 3 0x80006464 (0x22cb6c93) x25 0x80025e2c
core   0: 0x80006468 (0x00310d33) add     s10, sp, gp
core   0: 3 0x80006468 (0x00310d33) x26 0x000004e3
core   0: 0x8000646c (0xfef418e3) bne     s0, a5, pc - 16
core   0: 3 0x8000646c (0xfef418e3)
core   0: 0x8000645c (0x7603a393) slti    t2, t2, 1888
core   0: 3 0x8000645c (0x7603a393) x 7 0x00000001
core   0: 0x80006460 (0xfff40413) addi    s0, s0, -1
core   0: 3 0x80006460 (0xfff40413) x 8 0xfffffff4
core   0: 0x80006464 (0x22cb6c93) ori     s9, s6, 556
core   0: 3 0x80006464 (0x22cb6c93) x25 0x80025e2c
core   0: 0x80006468 (0x00310d33) add     s10, sp, gp
core   0: 3 0x80006468 (0x00310d33) x26 0x000004e3
core   0: 0x8000646c (0xfef418e3) bne     s0, a5, pc - 16
core   0: 3 0x8000646c (0xfef418e3)
core   0: 0x8000645c (0x7603a393) slti    t2, t2, 1888
core   0: 3 0x8000645c (0x7603a393) x 7 0x00000001
core   0: 0x80006460 (0xfff40413) addi    s0, s0, -1
core   0: 3 0x80006460 (0xfff40413) x 8 0xfffffff3
core   0: 0x80006464 (0x22cb6c93) ori     s9, s6, 556
core   0: 3 0x80006464 (0x22cb6c93) x25 0x80025e2c
core   0: 0x80006468 (0x00310d33) add     s10, sp, gp
core   0: 3 0x80006468 (0x00310d33) x26 0x000004e3
core   0: 0x8000646c (0xfef418e3) bne     s0, a5, pc - 16
core   0: 3 0x8000646c (0xfef418e3)
core   0: 0x8000645c (0x7603a393) slti    t2, t2, 1888
core   0: 3 0x8000645c (0x7603a393) x 7 0x00000001
core   0: 0x80006460 (0xfff40413) addi    s0, s0, -1
core   0: 3 0x80006460 (0xfff40413) x 8 0xfffffff2
core   0: 0x80006464 (0x22cb6c93) ori     s9, s6, 556
core   0: 3 0x80006464 (0x22cb6c93) x25 0x80025e2c
core   0: 0x80006468 (0x00310d33) add     s10, sp, gp
core   0: 3 0x80006468 (0x00310d33) x26 0x000004e3
core   0: 0x8000646c (0xfef418e3) bne     s0, a5, pc - 16
core   0: 3 0x8000646c (0xfef418e3)
core   0: 0x8000645c (0x7603a393) slti    t2, t2, 1888
core   0: 3 0x8000645c (0x7603a393) x 7 0x00000001
core   0: 0x80006460 (0xfff40413) addi    s0, s0, -1
core   0: 3 0x80006460 (0xfff40413) x 8 0xfffffff1
core   0: 0x80006464 (0x22cb6c93) ori     s9, s6, 556
core   0: 3 0x80006464 (0x22cb6c93) x25 0x80025e2c
core   0: 0x80006468 (0x00310d33) add     s10, sp, gp
core   0: 3 0x80006468 (0x00310d33) x26 0x000004e3
core   0: 0x8000646c (0xfef418e3) bne     s0, a5, pc - 16
core   0: 3 0x8000646c (0xfef418e3)
core   0: 0x8000645c (0x7603a393) slti    t2, t2, 1888
core   0: 3 0x8000645c (0x7603a393) x 7 0x00000001
core   0: 0x80006460 (0xfff40413) addi    s0, s0, -1
core   0: 3 0x80006460 (0xfff40413) x 8 0xfffffff0
core   0: 0x80006464 (0x22cb6c93) ori     s9, s6, 556
core   0: 3 0x80006464 (0x22cb6c93) x25 0x80025e2c
core   0: 0x80006468 (0x00310d33) add     s10, sp, gp
core   0: 3 0x80006468 (0x00310d33) x26 0x000004e3
core   0: 0x8000646c (0xfef418e3) bne     s0, a5, pc - 16
core   0: 3 0x8000646c (0xfef418e3)
core   0: 0x80006470 (0xb936cf13) xori    t5, a3, -1133
core   0: 3 0x80006470 (0xb936cf13) x30 0x00000385
core   0: 0x80006474 (0xff700993) li      s3, -9
core   0: 3 0x80006474 (0xff700993) x19 0xfffffff7
core   0: 0x80006478 (0x03a7feb3) remu    t4, a5, s10
core   0: 3 0x80006478 (0x03a7feb3) x29 0x0000012f
core   0: 0x8000647c (0x00b00c13) li      s8, 11
core   0: 3 0x8000647c (0x00b00c13) x24 0x0000000b
core   0: 0x80006480 (0x81ac0313) addi    t1, s8, -2022
core   0: 3 0x80006480 (0x81ac0313) x 6 0xfffff825
core   0: 0x80006484 (0x014d1633) sll     a2, s10, s4
core   0: 3 0x80006484 (0x014d1633) x12 0x000004e3
core   0: 0x80006488 (0x02e897b3) mulh    a5, a7, a4
core   0: 3 0x80006488 (0x02e897b3) x15 0x00000000
core   0: 0x8000648c (0x5e136913) ori     s2, t1, 1505
core   0: 3 0x8000648c (0x5e136913) x18 0xfffffde5
core   0: 0x80006490 (0x00698993) addi    s3, s3, 6
core   0: 3 0x80006490 (0x00698993) x19 0xfffffffd
core   0: 0x80006494 (0x5b3fc313) xori    t1, t6, 1459
core   0: 3 0x80006494 (0x5b3fc313) x 6 0x000005b2
core   0: 0x80006498 (0xff700693) li      a3, -9
core   0: 3 0x80006498 (0xff700693) x13 0xfffffff7
core   0: 0x8000649c (0x01de1f13) slli    t5, t3, 29
core   0: 3 0x8000649c (0x01de1f13) x30 0xa0000000
core   0: 0x800064a0 (0xd9249237) lui     tp, 0xd9249
core   0: 3 0x800064a0 (0xd9249237) x 4 0xd9249000
core   0: 0x800064a4 (0xe97cbc93) sltiu   s9, s9, -361
core   0: 3 0x800064a4 (0xe97cbc93) x25 0x00000001
core   0: 0x800064a8 (0xfaa60093) addi    ra, a2, -86
core   0: 3 0x800064a8 (0xfaa60093) x 1 0x0000048d
core   0: 0x800064ac (0x01300f93) li      t6, 19
core   0: 3 0x800064ac (0x01300f93) x31 0x00000013
core   0: 0x800064b0 (0x02724533) div     a0, tp, t2
core   0: 3 0x800064b0 (0x02724533) x10 0xd9249000
core   0: 0x800064b4 (0x0144d413) srli    s0, s1, 20
core   0: 3 0x800064b4 (0x0144d413) x 8 0x00000fff
core   0: 0x800064b8 (0x0383f3b3) remu    t2, t2, s8
core   0: 3 0x800064b8 (0x0383f3b3) x 7 0x00000001
core   0: 0x800064bc (0x41ed5e33) sra     t3, s10, t5
core   0: 3 0x800064bc (0x41ed5e33) x28 0x000004e3
core   0: 0x800064c0 (0xd8aef213) andi    tp, t4, -630
core   0: 3 0x800064c0 (0xd8aef213) x 4 0x0000010a
core   0: 0x800064c4 (0x01a53333) sltu    t1, a0, s10
core   0: 3 0x800064c4 (0x01a53333) x 6 0x00000000
core   0: 0x800064c8 (0x014ed433) srl     s0, t4, s4
core   0: 3 0x800064c8 (0x014ed433) x 8 0x0000012f
core   0: 0x800064cc (0x00768693) addi    a3, a3, 7
core   0: 3 0x800064cc (0x00768693) x13 0xfffffffe
core   0: 0x800064d0 (0xda62e613) ori     a2, t0, -602
core   0: 3 0x800064d0 (0xda62e613) x12 0xfffffda6
core   0: 0x800064d4 (0x00704533) xor     a0, zero, t2
core   0: 3 0x800064d4 (0x00704533) x10 0x00000001
core   0: 0x800064d8 (0xfff680e3) beq     a3, t6, pc - 32
core   0: 3 0x800064d8 (0xfff680e3)
core   0: 0x800064dc (0x030bbab3) mulhu   s5, s7, a6
core   0: 3 0x800064dc (0x030bbab3) x21 0x00000000
core   0: 0x800064e0 (0x5f589397) auipc   t2, 0x5f589
core   0: 3 0x800064e0 (0x5f589397) x 7 0xdf58f4e0
core   0: 0x800064e4 (0xb830c813) xori    a6, ra, -1149
core   0: 3 0x800064e4 (0xb830c813) x16 0xffffff0e
core   0: 0x800064e8 (0x1852e613) ori     a2, t0, 389
core   0: 3 0x800064e8 (0x1852e613) x12 0x00000185
core   0: 0x800064ec (0xf989cae3) blt     s3, s8, pc - 108
core   0: 3 0x800064ec (0xf989cae3)
core   0: 0x80006480 (0x81ac0313) addi    t1, s8, -2022
core   0: 3 0x80006480 (0x81ac0313) x 6 0xfffff825
core   0: 0x80006484 (0x014d1633) sll     a2, s10, s4
core   0: 3 0x80006484 (0x014d1633) x12 0x000004e3
core   0: 0x80006488 (0x02e897b3) mulh    a5, a7, a4
core   0: 3 0x80006488 (0x02e897b3) x15 0x00000000
core   0: 0x8000648c (0x5e136913) ori     s2, t1, 1505
core   0: 3 0x8000648c (0x5e136913) x18 0xfffffde5
core   0: 0x80006490 (0x00698993) addi    s3, s3, 6
core   0: 3 0x80006490 (0x00698993) x19 0x00000003
core   0: 0x80006494 (0x5b3fc313) xori    t1, t6, 1459
core   0: 3 0x80006494 (0x5b3fc313) x 6 0x000005a0
core   0: 0x80006498 (0xff700693) li      a3, -9
core   0: 3 0x80006498 (0xff700693) x13 0xfffffff7
core   0: 0x8000649c (0x01de1f13) slli    t5, t3, 29
core   0: 3 0x8000649c (0x01de1f13) x30 0x60000000
core   0: 0x800064a0 (0xd9249237) lui     tp, 0xd9249
core   0: 3 0x800064a0 (0xd9249237) x 4 0xd9249000
core   0: 0x800064a4 (0xe97cbc93) sltiu   s9, s9, -361
core   0: 3 0x800064a4 (0xe97cbc93) x25 0x00000001
core   0: 0x800064a8 (0xfaa60093) addi    ra, a2, -86
core   0: 3 0x800064a8 (0xfaa60093) x 1 0x0000048d
core   0: 0x800064ac (0x01300f93) li      t6, 19
core   0: 3 0x800064ac (0x01300f93) x31 0x00000013
core   0: 0x800064b0 (0x02724533) div     a0, tp, t2
core   0: 3 0x800064b0 (0x02724533) x10 0x00000001
core   0: 0x800064b4 (0x0144d413) srli    s0, s1, 20
core   0: 3 0x800064b4 (0x0144d413) x 8 0x00000fff
core   0: 0x800064b8 (0x0383f3b3) remu    t2, t2, s8
core   0: 3 0x800064b8 (0x0383f3b3) x 7 0x00000003
core   0: 0x800064bc (0x41ed5e33) sra     t3, s10, t5
core   0: 3 0x800064bc (0x41ed5e33) x28 0x000004e3
core   0: 0x800064c0 (0xd8aef213) andi    tp, t4, -630
core   0: 3 0x800064c0 (0xd8aef213) x 4 0x0000010a
core   0: 0x800064c4 (0x01a53333) sltu    t1, a0, s10
core   0: 3 0x800064c4 (0x01a53333) x 6 0x00000001
core   0: 0x800064c8 (0x014ed433) srl     s0, t4, s4
core   0: 3 0x800064c8 (0x014ed433) x 8 0x0000012f
core   0: 0x800064cc (0x00768693) addi    a3, a3, 7
core   0: 3 0x800064cc (0x00768693) x13 0xfffffffe
core   0: 0x800064d0 (0xda62e613) ori     a2, t0, -602
core   0: 3 0x800064d0 (0xda62e613) x12 0xfffffda6
core   0: 0x800064d4 (0x00704533) xor     a0, zero, t2
core   0: 3 0x800064d4 (0x00704533) x10 0x00000003
core   0: 0x800064d8 (0xfff680e3) beq     a3, t6, pc - 32
core   0: 3 0x800064d8 (0xfff680e3)
core   0: 0x800064dc (0x030bbab3) mulhu   s5, s7, a6
core   0: 3 0x800064dc (0x030bbab3) x21 0x00000000
core   0: 0x800064e0 (0x5f589397) auipc   t2, 0x5f589
core   0: 3 0x800064e0 (0x5f589397) x 7 0xdf58f4e0
core   0: 0x800064e4 (0xb830c813) xori    a6, ra, -1149
core   0: 3 0x800064e4 (0xb830c813) x16 0xffffff0e
core   0: 0x800064e8 (0x1852e613) ori     a2, t0, 389
core   0: 3 0x800064e8 (0x1852e613) x12 0x00000185
core   0: 0x800064ec (0xf989cae3) blt     s3, s8, pc - 108
core   0: 3 0x800064ec (0xf989cae3)
core   0: 0x80006480 (0x81ac0313) addi    t1, s8, -2022
core   0: 3 0x80006480 (0x81ac0313) x 6 0xfffff825
core   0: 0x80006484 (0x014d1633) sll     a2, s10, s4
core   0: 3 0x80006484 (0x014d1633) x12 0x000004e3
core   0: 0x80006488 (0x02e897b3) mulh    a5, a7, a4
core   0: 3 0x80006488 (0x02e897b3) x15 0x00000000
core   0: 0x8000648c (0x5e136913) ori     s2, t1, 1505
core   0: 3 0x8000648c (0x5e136913) x18 0xfffffde5
core   0: 0x80006490 (0x00698993) addi    s3, s3, 6
core   0: 3 0x80006490 (0x00698993) x19 0x00000009
core   0: 0x80006494 (0x5b3fc313) xori    t1, t6, 1459
core   0: 3 0x80006494 (0x5b3fc313) x 6 0x000005a0
core   0: 0x80006498 (0xff700693) li      a3, -9
core   0: 3 0x80006498 (0xff700693) x13 0xfffffff7
core   0: 0x8000649c (0x01de1f13) slli    t5, t3, 29
core   0: 3 0x8000649c (0x01de1f13) x30 0x60000000
core   0: 0x800064a0 (0xd9249237) lui     tp, 0xd9249
core   0: 3 0x800064a0 (0xd9249237) x 4 0xd9249000
core   0: 0x800064a4 (0xe97cbc93) sltiu   s9, s9, -361
core   0: 3 0x800064a4 (0xe97cbc93) x25 0x00000001
core   0: 0x800064a8 (0xfaa60093) addi    ra, a2, -86
core   0: 3 0x800064a8 (0xfaa60093) x 1 0x0000048d
core   0: 0x800064ac (0x01300f93) li      t6, 19
core   0: 3 0x800064ac (0x01300f93) x31 0x00000013
core   0: 0x800064b0 (0x02724533) div     a0, tp, t2
core   0: 3 0x800064b0 (0x02724533) x10 0x00000001
core   0: 0x800064b4 (0x0144d413) srli    s0, s1, 20
core   0: 3 0x800064b4 (0x0144d413) x 8 0x00000fff
core   0: 0x800064b8 (0x0383f3b3) remu    t2, t2, s8
core   0: 3 0x800064b8 (0x0383f3b3) x 7 0x00000003
core   0: 0x800064bc (0x41ed5e33) sra     t3, s10, t5
core   0: 3 0x800064bc (0x41ed5e33) x28 0x000004e3
core   0: 0x800064c0 (0xd8aef213) andi    tp, t4, -630
core   0: 3 0x800064c0 (0xd8aef213) x 4 0x0000010a
core   0: 0x800064c4 (0x01a53333) sltu    t1, a0, s10
core   0: 3 0x800064c4 (0x01a53333) x 6 0x00000001
core   0: 0x800064c8 (0x014ed433) srl     s0, t4, s4
core   0: 3 0x800064c8 (0x014ed433) x 8 0x0000012f
core   0: 0x800064cc (0x00768693) addi    a3, a3, 7
core   0: 3 0x800064cc (0x00768693) x13 0xfffffffe
core   0: 0x800064d0 (0xda62e613) ori     a2, t0, -602
core   0: 3 0x800064d0 (0xda62e613) x12 0xfffffda6
core   0: 0x800064d4 (0x00704533) xor     a0, zero, t2
core   0: 3 0x800064d4 (0x00704533) x10 0x00000003
core   0: 0x800064d8 (0xfff680e3) beq     a3, t6, pc - 32
core   0: 3 0x800064d8 (0xfff680e3)
core   0: 0x800064dc (0x030bbab3) mulhu   s5, s7, a6
core   0: 3 0x800064dc (0x030bbab3) x21 0x00000000
core   0: 0x800064e0 (0x5f589397) auipc   t2, 0x5f589
core   0: 3 0x800064e0 (0x5f589397) x 7 0xdf58f4e0
core   0: 0x800064e4 (0xb830c813) xori    a6, ra, -1149
core   0: 3 0x800064e4 (0xb830c813) x16 0xffffff0e
core   0: 0x800064e8 (0x1852e613) ori     a2, t0, 389
core   0: 3 0x800064e8 (0x1852e613) x12 0x00000185
core   0: 0x800064ec (0xf989cae3) blt     s3, s8, pc - 108
core   0: 3 0x800064ec (0xf989cae3)
core   0: 0x80006480 (0x81ac0313) addi    t1, s8, -2022
core   0: 3 0x80006480 (0x81ac0313) x 6 0xfffff825
core   0: 0x80006484 (0x014d1633) sll     a2, s10, s4
core   0: 3 0x80006484 (0x014d1633) x12 0x000004e3
core   0: 0x80006488 (0x02e897b3) mulh    a5, a7, a4
core   0: 3 0x80006488 (0x02e897b3) x15 0x00000000
core   0: 0x8000648c (0x5e136913) ori     s2, t1, 1505
core   0: 3 0x8000648c (0x5e136913) x18 0xfffffde5
core   0: 0x80006490 (0x00698993) addi    s3, s3, 6
core   0: 3 0x80006490 (0x00698993) x19 0x0000000f
core   0: 0x80006494 (0x5b3fc313) xori    t1, t6, 1459
core   0: 3 0x80006494 (0x5b3fc313) x 6 0x000005a0
core   0: 0x80006498 (0xff700693) li      a3, -9
core   0: 3 0x80006498 (0xff700693) x13 0xfffffff7
core   0: 0x8000649c (0x01de1f13) slli    t5, t3, 29
core   0: 3 0x8000649c (0x01de1f13) x30 0x60000000
core   0: 0x800064a0 (0xd9249237) lui     tp, 0xd9249
core   0: 3 0x800064a0 (0xd9249237) x 4 0xd9249000
core   0: 0x800064a4 (0xe97cbc93) sltiu   s9, s9, -361
core   0: 3 0x800064a4 (0xe97cbc93) x25 0x00000001
core   0: 0x800064a8 (0xfaa60093) addi    ra, a2, -86
core   0: 3 0x800064a8 (0xfaa60093) x 1 0x0000048d
core   0: 0x800064ac (0x01300f93) li      t6, 19
core   0: 3 0x800064ac (0x01300f93) x31 0x00000013
core   0: 0x800064b0 (0x02724533) div     a0, tp, t2
core   0: 3 0x800064b0 (0x02724533) x10 0x00000001
core   0: 0x800064b4 (0x0144d413) srli    s0, s1, 20
core   0: 3 0x800064b4 (0x0144d413) x 8 0x00000fff
core   0: 0x800064b8 (0x0383f3b3) remu    t2, t2, s8
core   0: 3 0x800064b8 (0x0383f3b3) x 7 0x00000003
core   0: 0x800064bc (0x41ed5e33) sra     t3, s10, t5
core   0: 3 0x800064bc (0x41ed5e33) x28 0x000004e3
core   0: 0x800064c0 (0xd8aef213) andi    tp, t4, -630
core   0: 3 0x800064c0 (0xd8aef213) x 4 0x0000010a
core   0: 0x800064c4 (0x01a53333) sltu    t1, a0, s10
core   0: 3 0x800064c4 (0x01a53333) x 6 0x00000001
core   0: 0x800064c8 (0x014ed433) srl     s0, t4, s4
core   0: 3 0x800064c8 (0x014ed433) x 8 0x0000012f
core   0: 0x800064cc (0x00768693) addi    a3, a3, 7
core   0: 3 0x800064cc (0x00768693) x13 0xfffffffe
core   0: 0x800064d0 (0xda62e613) ori     a2, t0, -602
core   0: 3 0x800064d0 (0xda62e613) x12 0xfffffda6
core   0: 0x800064d4 (0x00704533) xor     a0, zero, t2
core   0: 3 0x800064d4 (0x00704533) x10 0x00000003
core   0: 0x800064d8 (0xfff680e3) beq     a3, t6, pc - 32
core   0: 3 0x800064d8 (0xfff680e3)
core   0: 0x800064dc (0x030bbab3) mulhu   s5, s7, a6
core   0: 3 0x800064dc (0x030bbab3) x21 0x00000000
core   0: 0x800064e0 (0x5f589397) auipc   t2, 0x5f589
core   0: 3 0x800064e0 (0x5f589397) x 7 0xdf58f4e0
core   0: 0x800064e4 (0xb830c813) xori    a6, ra, -1149
core   0: 3 0x800064e4 (0xb830c813) x16 0xffffff0e
core   0: 0x800064e8 (0x1852e613) ori     a2, t0, 389
core   0: 3 0x800064e8 (0x1852e613) x12 0x00000185
core   0: 0x800064ec (0xf989cae3) blt     s3, s8, pc - 108
core   0: 3 0x800064ec (0xf989cae3)
core   0: 0x800064f0 (0x01b118b3) sll     a7, sp, s11
core   0: 3 0x800064f0 (0x01b118b3) x17 0x00000000
core   0: 0x800064f4 (0x00700a13) li      s4, 7
core   0: 3 0x800064f4 (0x00700a13) x20 0x00000007
core   0: 0x800064f8 (0x027295b3) mulh    a1, t0, t2
core   0: 3 0x800064f8 (0x027295b3) x11 0x00000000
core   0: 0x800064fc (0x000b4333) xor     t1, s6, zero
core   0: 3 0x800064fc (0x000b4333) x 6 0x80025e24
core   0: 0x80006500 (0x006e8833) add     a6, t4, t1
core   0: 3 0x80006500 (0x006e8833) x16 0x80025f53
core   0: 0x80006504 (0x0170d2b3) srl     t0, ra, s7
core   0: 3 0x80006504 (0x0170d2b3) x 5 0x00000246
core   0: 0x80006508 (0x03f5cab3) div     s5, a1, t6
core   0: 3 0x80006508 (0x03f5cab3) x21 0x00000000
core   0: 0x8000650c (0x0138dbb3) srl     s7, a7, s3
core   0: 3 0x8000650c (0x0138dbb3) x23 0x00000000
core   0: 0x80006510 (0x4170d133) sra     sp, ra, s7
core   0: 3 0x80006510 (0x4170d133) x 2 0x0000048d
core   0: 0x80006514 (0xff900493) li      s1, -7
core   0: 3 0x80006514 (0xff900493) x 9 0xfffffff9
core   0: 0x80006518 (0x0050d433) srl     s0, ra, t0
core   0: 3 0x80006518 (0x0050d433) x 8 0x00000012
core   0: 0x8000651c (0x0039f3b3) and     t2, s3, gp
core   0: 3 0x8000651c (0x0039f3b3) x 7 0x00000003
core   0: 0x80006520 (0x01361b93) slli    s7, a2, 19
core   0: 3 0x80006520 (0x01361b93) x23 0x0c280000
core   0: 0x80006524 (0x419f5593) srai    a1, t5, 25
core   0: 3 0x80006524 (0x419f5593) x11 0x00000030
core   0: 0x80006528 (0x01bd4fb3) xor     t6, s10, s11
core   0: 3 0x80006528 (0x01bd4fb3) x31 0x80029807
core   0: 0x8000652c (0x4f23bf93) sltiu   t6, t2, 1266
core   0: 3 0x8000652c (0x4f23bf93) x31 0x00000001
core   0: 0x80006530 (0x00000013) nop
core   0: 3 0x80006530 (0x00000013)
core   0: 0x80006534 (0x5c6f59b7) lui     s3, 0x5c6f5
core   0: 3 0x80006534 (0x5c6f59b7) x19 0x5c6f5000
core   0: 0x80006538 (0x035468b3) rem     a7, s0, s5
core   0: 3 0x80006538 (0x035468b3) x17 0x00000012
core   0: 0x8000653c (0x531c0c93) addi    s9, s8, 1329
core   0: 3 0x8000653c (0x531c0c93) x25 0x0000053c
core   0: 0x80006540 (0x009d9193) slli    gp, s11, 9
core   0: 3 0x80006540 (0x009d9193) x 3 0x0539c800
core   0: 0x80006544 (0xff9a0a13) addi    s4, s4, -7
core   0: 3 0x80006544 (0xff9a0a13) x20 0x00000000
core   0: 0x80006548 (0x9a1d2313) slti    t1, s10, -1631
core   0: 3 0x80006548 (0x9a1d2313) x 6 0x00000000
core   0: 0x8000654c (0xfe9a16e3) bne     s4, s1, pc - 20
core   0: 3 0x8000654c (0xfe9a16e3)
core   0: 0x80006538 (0x035468b3) rem     a7, s0, s5
core   0: 3 0x80006538 (0x035468b3) x17 0x00000012
core   0: 0x8000653c (0x531c0c93) addi    s9, s8, 1329
core   0: 3 0x8000653c (0x531c0c93) x25 0x0000053c
core   0: 0x80006540 (0x009d9193) slli    gp, s11, 9
core   0: 3 0x80006540 (0x009d9193) x 3 0x0539c800
core   0: 0x80006544 (0xff9a0a13) addi    s4, s4, -7
core   0: 3 0x80006544 (0xff9a0a13) x20 0xfffffff9
core   0: 0x80006548 (0x9a1d2313) slti    t1, s10, -1631
core   0: 3 0x80006548 (0x9a1d2313) x 6 0x00000000
core   0: 0x8000654c (0xfe9a16e3) bne     s4, s1, pc - 20
core   0: 3 0x8000654c (0xfe9a16e3)
core   0: 0x80006550 (0xe3108393) addi    t2, ra, -463
core   0: 3 0x80006550 (0xe3108393) x 7 0x000002be
core   0: 0x80006554 (0xffd00593) li      a1, -3
core   0: 3 0x80006554 (0xffd00593) x11 0xfffffffd
core   0: 0x80006558 (0xff500413) li      s0, -11
core   0: 3 0x80006558 (0xff500413) x 8 0xfffffff5
core   0: 0x8000655c (0x948f3a13) sltiu   s4, t5, -1720
core   0: 3 0x8000655c (0x948f3a13) x20 0x00000001
core   0: 0x80006560 (0x028c34b3) mulhu   s1, s8, s0
core   0: 3 0x80006560 (0x028c34b3) x 9 0x0000000a
core   0: 0x80006564 (0xb580cf93) xori    t6, ra, -1192
core   0: 3 0x80006564 (0xb580cf93) x31 0xffffffd5
core   0: 0x80006568 (0xffd58593) addi    a1, a1, -3
core   0: 3 0x80006568 (0xffd58593) x11 0xfffffffa
core   0: 0x8000656c (0x01a04eb3) xor     t4, zero, s10
core   0: 3 0x8000656c (0x01a04eb3) x29 0x000004e3
core   0: 0x80006570 (0x00d1d033) srl     zero, gp, a3
core   0: 3 0x80006570 (0x00d1d033)
core   0: 0x80006574 (0xb8023c13) sltiu   s8, tp, -1152
core   0: 3 0x80006574 (0xb8023c13) x24 0x00000001
core   0: 0x80006578 (0xdfe90e13) addi    t3, s2, -514
core   0: 3 0x80006578 (0xdfe90e13) x28 0xfffffbe3
core   0: 0x8000657c (0xe898cc17) auipc   s8, 0xe898c
core   0: 3 0x8000657c (0xe898cc17) x24 0x6899257c
core   0: 0x80006580 (0xfc85dee3) bge     a1, s0, pc - 36
core   0: 3 0x80006580 (0xfc85dee3)
core   0: 0x8000655c (0x948f3a13) sltiu   s4, t5, -1720
core   0: 3 0x8000655c (0x948f3a13) x20 0x00000001
core   0: 0x80006560 (0x028c34b3) mulhu   s1, s8, s0
core   0: 3 0x80006560 (0x028c34b3) x 9 0x68992577
core   0: 0x80006564 (0xb580cf93) xori    t6, ra, -1192
core   0: 3 0x80006564 (0xb580cf93) x31 0xffffffd5
core   0: 0x80006568 (0xffd58593) addi    a1, a1, -3
core   0: 3 0x80006568 (0xffd58593) x11 0xfffffff7
core   0: 0x8000656c (0x01a04eb3) xor     t4, zero, s10
core   0: 3 0x8000656c (0x01a04eb3) x29 0x000004e3
core   0: 0x80006570 (0x00d1d033) srl     zero, gp, a3
core   0: 3 0x80006570 (0x00d1d033)
core   0: 0x80006574 (0xb8023c13) sltiu   s8, tp, -1152
core   0: 3 0x80006574 (0xb8023c13) x24 0x00000001
core   0: 0x80006578 (0xdfe90e13) addi    t3, s2, -514
core   0: 3 0x80006578 (0xdfe90e13) x28 0xfffffbe3
core   0: 0x8000657c (0xe898cc17) auipc   s8, 0xe898c
core   0: 3 0x8000657c (0xe898cc17) x24 0x6899257c
core   0: 0x80006580 (0xfc85dee3) bge     a1, s0, pc - 36
core   0: 3 0x80006580 (0xfc85dee3)
core   0: 0x8000655c (0x948f3a13) sltiu   s4, t5, -1720
core   0: 3 0x8000655c (0x948f3a13) x20 0x00000001
core   0: 0x80006560 (0x028c34b3) mulhu   s1, s8, s0
core   0: 3 0x80006560 (0x028c34b3) x 9 0x68992577
core   0: 0x80006564 (0xb580cf93) xori    t6, ra, -1192
core   0: 3 0x80006564 (0xb580cf93) x31 0xffffffd5
core   0: 0x80006568 (0xffd58593) addi    a1, a1, -3
core   0: 3 0x80006568 (0xffd58593) x11 0xfffffff4
core   0: 0x8000656c (0x01a04eb3) xor     t4, zero, s10
core   0: 3 0x8000656c (0x01a04eb3) x29 0x000004e3
core   0: 0x80006570 (0x00d1d033) srl     zero, gp, a3
core   0: 3 0x80006570 (0x00d1d033)
core   0: 0x80006574 (0xb8023c13) sltiu   s8, tp, -1152
core   0: 3 0x80006574 (0xb8023c13) x24 0x00000001
core   0: 0x80006578 (0xdfe90e13) addi    t3, s2, -514
core   0: 3 0x80006578 (0xdfe90e13) x28 0xfffffbe3
core   0: 0x8000657c (0xe898cc17) auipc   s8, 0xe898c
core   0: 3 0x8000657c (0xe898cc17) x24 0x6899257c
core   0: 0x80006580 (0xfc85dee3) bge     a1, s0, pc - 36
core   0: 3 0x80006580 (0xfc85dee3)
core   0: 0x80006584 (0x002b1a13) slli    s4, s6, 2
core   0: 3 0x80006584 (0x002b1a13) x20 0x00097890
core   0: 0x80006588 (0x00400513) li      a0, 4
core   0: 3 0x80006588 (0x00400513) x10 0x00000004
core   0: 0x8000658c (0x00973833) sltu    a6, a4, s1
core   0: 3 0x8000658c (0x00973833) x16 0x00000000
core   0: 0x80006590 (0x00586633) or      a2, a6, t0
core   0: 3 0x80006590 (0x00586633) x12 0x00000246
core   0: 0x80006594 (0x00400413) li      s0, 4
core   0: 3 0x80006594 (0x00400413) x 8 0x00000004
core   0: 0x80006598 (0x009ab3b3) sltu    t2, s5, s1
core   0: 3 0x80006598 (0x009ab3b3) x 7 0x00000001
core   0: 0x8000659c (0x00e6fab3) and     s5, a3, a4
core   0: 3 0x8000659c (0x00e6fab3) x21 0xeb14dae6
core   0: 0x800065a0 (0xffd50513) addi    a0, a0, -3
core   0: 3 0x800065a0 (0xffd50513) x10 0x00000001
core   0: 0x800065a4 (0x00900913) li      s2, 9
core   0: 3 0x800065a4 (0x00900913) x18 0x00000009
core   0: 0x800065a8 (0xab40e5b7) lui     a1, 0xab40e
core   0: 3 0x800065a8 (0xab40e5b7) x11 0xab40e000
core   0: 0x800065ac (0x00300c93) li      s9, 3
core   0: 3 0x800065ac (0x00300c93) x25 0x00000003
core   0: 0x800065b0 (0x036512b3) mulh    t0, a0, s6
core   0: 3 0x800065b0 (0x036512b3) x 5 0xffffffff
core   0: 0x800065b4 (0x41855a93) srai    s5, a0, 24
core   0: 3 0x800065b4 (0x41855a93) x21 0x00000000
core   0: 0x800065b8 (0x03b099b3) mulh    s3, ra, s11
core   0: 3 0x800065b8 (0x03b099b3) x19 0xfffffdb9
core   0: 0x800065bc (0xffe90913) addi    s2, s2, -2
core   0: 3 0x800065bc (0xffe90913) x18 0x00000007
core   0: 0x800065c0 (0xff9978e3) bgeu    s2, s9, pc - 16
core   0: 3 0x800065c0 (0xff9978e3)
core   0: 0x800065b0 (0x036512b3) mulh    t0, a0, s6
core   0: 3 0x800065b0 (0x036512b3) x 5 0xffffffff
core   0: 0x800065b4 (0x41855a93) srai    s5, a0, 24
core   0: 3 0x800065b4 (0x41855a93) x21 0x00000000
core   0: 0x800065b8 (0x03b099b3) mulh    s3, ra, s11
core   0: 3 0x800065b8 (0x03b099b3) x19 0xfffffdb9
core   0: 0x800065bc (0xffe90913) addi    s2, s2, -2
core   0: 3 0x800065bc (0xffe90913) x18 0x00000005
core   0: 0x800065c0 (0xff9978e3) bgeu    s2, s9, pc - 16
core   0: 3 0x800065c0 (0xff9978e3)
core   0: 0x800065b0 (0x036512b3) mulh    t0, a0, s6
core   0: 3 0x800065b0 (0x036512b3) x 5 0xffffffff
core   0: 0x800065b4 (0x41855a93) srai    s5, a0, 24
core   0: 3 0x800065b4 (0x41855a93) x21 0x00000000
core   0: 0x800065b8 (0x03b099b3) mulh    s3, ra, s11
core   0: 3 0x800065b8 (0x03b099b3) x19 0xfffffdb9
core   0: 0x800065bc (0xffe90913) addi    s2, s2, -2
core   0: 3 0x800065bc (0xffe90913) x18 0x00000003
core   0: 0x800065c0 (0xff9978e3) bgeu    s2, s9, pc - 16
core   0: 3 0x800065c0 (0xff9978e3)
core   0: 0x800065b0 (0x036512b3) mulh    t0, a0, s6
core   0: 3 0x800065b0 (0x036512b3) x 5 0xffffffff
core   0: 0x800065b4 (0x41855a93) srai    s5, a0, 24
core   0: 3 0x800065b4 (0x41855a93) x21 0x00000000
core   0: 0x800065b8 (0x03b099b3) mulh    s3, ra, s11
core   0: 3 0x800065b8 (0x03b099b3) x19 0xfffffdb9
core   0: 0x800065bc (0xffe90913) addi    s2, s2, -2
core   0: 3 0x800065bc (0xffe90913) x18 0x00000001
core   0: 0x800065c0 (0xff9978e3) bgeu    s2, s9, pc - 16
core   0: 3 0x800065c0 (0xff9978e3)
core   0: 0x800065c4 (0xfc857ae3) bgeu    a0, s0, pc - 44
core   0: 3 0x800065c4 (0xfc857ae3)
core   0: 0x800065c8 (0x0200e133) rem     sp, ra, zero
core   0: 3 0x800065c8 (0x0200e133) x 2 0x0000048d
core   0: 0x800065cc (0x022470b3) remu    ra, s0, sp
core   0: 3 0x800065cc (0x022470b3) x 1 0x00000004
core   0: 0x800065d0 (0x0bf57a93) andi    s5, a0, 191
core   0: 3 0x800065d0 (0x0bf57a93) x21 0x00000001
core   0: 0x800065d4 (0x3f54bc93) sltiu   s9, s1, 1013
core   0: 3 0x800065d4 (0x3f54bc93) x25 0x00000000
core   0: 0x800065d8 (0x5866b493) sltiu   s1, a3, 1414
core   0: 3 0x800065d8 (0x5866b493) x 9 0x00000000
core   0: 0x800065dc (0x006ee863) bltu    t4, t1, pc + 16
core   0: 3 0x800065dc (0x006ee863)
core   0: 0x800065e0 (0x02f19633) mulh    a2, gp, a5
core   0: 3 0x800065e0 (0x02f19633) x12 0x00000000
core   0: 0x800065e4 (0x033d47b3) div     a5, s10, s3
core   0: 3 0x800065e4 (0x033d47b3) x15 0xfffffffe
core   0: 0x800065e8 (0x018c74b3) and     s1, s8, s8
core   0: 3 0x800065e8 (0x018c74b3) x 9 0x6899257c
core   0: 0x800065ec (0xa0568513) addi    a0, a3, -1531
core   0: 3 0x800065ec (0xa0568513) x10 0xfffffa03
core   0: 0x800065f0 (0x00f0f2b3) and     t0, ra, a5
core   0: 3 0x800065f0 (0x00f0f2b3) x 5 0x00000004
core   0: 0x800065f4 (0x41805093) srai    ra, zero, 24
core   0: 3 0x800065f4 (0x41805093) x 1 0x00000000
core   0: 0x800065f8 (0x038562b3) rem     t0, a0, s8
core   0: 3 0x800065f8 (0x038562b3) x 5 0xfffffa03
core   0: 0x800065fc (0x4046d333) sra     t1, a3, tp
core   0: 3 0x800065fc (0x4046d333) x 6 0xffffffff
core   0: 0x80006600 (0xcf93b593) sltiu   a1, t2, -775
core   0: 3 0x80006600 (0xcf93b593) x11 0x00000001
core   0: 0x80006604 (0x3a152593) slti    a1, a0, 929
core   0: 3 0x80006604 (0x3a152593) x11 0x00000001
core   0: 0x80006608 (0x04098863) beqz    s3, pc + 80
core   0: 3 0x80006608 (0x04098863)
core   0: 0x8000660c (0x002405b3) add     a1, s0, sp
core   0: 3 0x8000660c (0x002405b3) x11 0x00000491
core   0: 0x80006610 (0x03cf9533) mulh    a0, t6, t3
core   0: 3 0x80006610 (0x03cf9533) x10 0x00000000
core   0: 0x80006614 (0x8acb8617) auipc   a2, 0x8acb8
core   0: 3 0x80006614 (0x8acb8617) x12 0x0acbe614
core   0: 0x80006618 (0x2e46f513) andi    a0, a3, 740
core   0: 3 0x80006618 (0x2e46f513) x10 0x000002e4
core   0: 0x8000661c (0x0140cf33) xor     t5, ra, s4
core   0: 3 0x8000661c (0x0140cf33) x30 0x00097890
core   0: 0x80006620 (0x03545d33) divu    s10, s0, s5
core   0: 3 0x80006620 (0x03545d33) x26 0x00000004
core   0: 0x80006624 (0x00f76533) or      a0, a4, a5
core   0: 3 0x80006624 (0x00f76533) x10 0xfffffffe
core   0: 0x80006628 (0x29ffaf13) slti    t5, t6, 671
core   0: 3 0x80006628 (0x29ffaf13) x30 0x00000001
core   0: 0x8000662c (0x01249593) slli    a1, s1, 18
core   0: 3 0x8000662c (0x01249593) x11 0x95f00000
core   0: 0x80006630 (0x02f33a33) mulhu   s4, t1, a5
core   0: 3 0x80006630 (0x02f33a33) x20 0xfffffffd
core   0: 0x80006634 (0x016e6f33) or      t5, t3, s6
core   0: 3 0x80006634 (0x016e6f33) x30 0xffffffe7
core   0: 0x80006638 (0x00000013) nop
core   0: 3 0x80006638 (0x00000013)
core   0: 0x8000663c (0xf8db4413) xori    s0, s6, -115
core   0: 3 0x8000663c (0xf8db4413) x 8 0x7ffda1a9
core   0: 0x80006640 (0x00d44c33) xor     s8, s0, a3
core   0: 3 0x80006640 (0x00d44c33) x24 0x80025e57
core   0: 0x80006644 (0x02d78833) mul     a6, a5, a3
core   0: 3 0x80006644 (0x02d78833) x16 0x00000004
core   0: 0x80006648 (0xc8528393) addi    t2, t0, -891
core   0: 3 0x80006648 (0xc8528393) x 7 0xfffff688
core   0: 0x8000664c (0x98abc537) lui     a0, 0x98abc
core   0: 3 0x8000664c (0x98abc537) x10 0x98abc000
core   0: 0x80006650 (0x00d0df93) srli    t6, ra, 13
core   0: 3 0x80006650 (0x00d0df93) x31 0x00000000
core   0: 0x80006654 (0x09158c13) addi    s8, a1, 145
core   0: 3 0x80006654 (0x09158c13) x24 0x95f00091
core   0: 0x80006658 (0x02656433) rem     s0, a0, t1
core   0: 3 0x80006658 (0x02656433) x 8 0x00000000
core   0: 0x8000665c (0x10246a17) auipc   s4, 0x10246
core   0: 3 0x8000665c (0x10246a17) x20 0x9024c65c
core   0: 0x80006660 (0x0355d463) bge     a1, s5, pc + 40
core   0: 3 0x80006660 (0x0355d463)
core   0: 0x80006664 (0x0daf4213) xori    tp, t5, 218
core   0: 3 0x80006664 (0x0daf4213) x 4 0xffffff3d
core   0: 0x80006668 (0x1429c0b7) lui     ra, 0x1429c
core   0: 3 0x80006668 (0x1429c0b7) x 1 0x1429c000
core   0: 0x8000666c (0x02425463) bge     tp, tp, pc + 40
core   0: 3 0x8000666c (0x02425463)
core   0: 0x80006694 (0x023a4533) div     a0, s4, gp
core   0: 3 0x80006694 (0x023a4533) x10 0xffffffeb
core   0: 0x80006698 (0x0ffc4493) xori    s1, s8, 255
core   0: 3 0x80006698 (0x0ffc4493) x 9 0x95f0006e
core   0: 0x8000669c (0x01bdd333) srl     t1, s11, s11
core   0: 3 0x8000669c (0x01bdd333) x 6 0x080029ce
core   0: 0x800066a0 (0x0078d633) srl     a2, a7, t2
core   0: 3 0x800066a0 (0x0078d633) x12 0x00000000
core   0: 0x800066a4 (0x00df1a93) slli    s5, t5, 13
core   0: 3 0x800066a4 (0x00df1a93) x21 0xfffce000
core   0: 0x800066a8 (0x41d68533) sub     a0, a3, t4
core   0: 3 0x800066a8 (0x41d68533) x10 0xfffffb1b
core   0: 0x800066ac (0x01cbdd33) srl     s10, s7, t3
core   0: 3 0x800066ac (0x01cbdd33) x26 0x01850000
core   0: 0x800066b0 (0x05fc4863) blt     s8, t6, pc + 80
core   0: 3 0x800066b0 (0x05fc4863)
core   0: 0x80006700 (0x7a3faa93) slti    s5, t6, 1955
core   0: 3 0x80006700 (0x7a3faa93) x21 0x00000001
core   0: 0x80006704 (0x36e00997) auipc   s3, 0x36e00
core   0: 3 0x80006704 (0x36e00997) x19 0xb6e06704
core   0: 0x80006708 (0x02d57863) bgeu    a0, a3, pc + 48
core   0: 3 0x80006708 (0x02d57863)
core   0: 0x8000670c (0x017fe533) or      a0, t6, s7
core   0: 3 0x8000670c (0x017fe533) x10 0x0c280000
core   0: 0x80006710 (0x02176633) rem     a2, a4, ra
core   0: 3 0x80006710 (0x02176633) x12 0xff3e9ae6
core   0: 0x80006714 (0x0250e863) bltu    ra, t0, pc + 48
core   0: 3 0x80006714 (0x0250e863)
core   0: 0x80006744 (0x0301d233) divu    tp, gp, a6
core   0: 3 0x80006744 (0x0301d233) x 4 0x014e7200
core   0: 0x80006748 (0x5033b413) sltiu   s0, t2, 1283
core   0: 3 0x80006748 (0x5033b413) x 8 0x00000000
core   0: 0x8000674c (0x03e341b3) div     gp, t1, t5
core   0: 3 0x8000674c (0x03e341b3) x 3 0xffae12cf
core   0: 0x80006750 (0x00cd8263) beq     s11, a2, pc + 4
core   0: 3 0x80006750 (0x00cd8263)
core   0: 0x80006754 (0x8dd56397) auipc   t2, 0x8dd56
core   0: 3 0x80006754 (0x8dd56397) x 7 0x0dd5c754
core   0: 0x80006758 (0x02857a63) bgeu    a0, s0, pc + 52
core   0: 3 0x80006758 (0x02857a63)
core   0: 0x8000678c (0xfd6eb693) sltiu   a3, t4, -42
core   0: 3 0x8000678c (0xfd6eb693) x13 0x00000001
core   0: 0x80006790 (0x00000013) nop
core   0: 3 0x80006790 (0x00000013)
core   0: 0x80006794 (0x41b78933) sub     s2, a5, s11
core   0: 3 0x80006794 (0x41b78933) x18 0x7ffd631a
core   0: 0x80006798 (0x007d1333) sll     t1, s10, t2
core   0: 3 0x80006798 (0x007d1333) x 6 0x00000000
core   0: 0x8000679c (0x01ac2f33) slt     t5, s8, s10
core   0: 3 0x8000679c (0x01ac2f33) x30 0x00000001
core   0: 0x800067a0 (0x0216d3b3) divu    t2, a3, ra
core   0: 3 0x800067a0 (0x0216d3b3) x 7 0x00000000
core   0: 0x800067a4 (0x40d0d8b3) sra     a7, ra, a3
core   0: 3 0x800067a4 (0x40d0d8b3) x17 0x0a14e000
core   0: 0x800067a8 (0x009a1463) bne     s4, s1, pc + 8
core   0: 3 0x800067a8 (0x009a1463)
core   0: 0x800067b0 (0x2405cb93) xori    s7, a1, 576
core   0: 3 0x800067b0 (0x2405cb93) x23 0x95f00240
core   0: 0x800067b4 (0x03f9bab3) mulhu   s5, s3, t6
core   0: 3 0x800067b4 (0x03f9bab3) x21 0x00000000
core   0: 0x800067b8 (0x02ccec33) rem     s8, s9, a2
core   0: 3 0x800067b8 (0x02ccec33) x24 0x00000000
core   0: 0x800067bc (0x78201997) auipc   s3, 0x78201
core   0: 3 0x800067bc (0x78201997) x19 0xf82077bc
core   0: 0x800067c0 (0x00de5333) srl     t1, t3, a3
core   0: 3 0x800067c0 (0x00de5333) x 6 0x7ffffdf1
core   0: 0x800067c4 (0x03497ab3) remu    s5, s2, s4
core   0: 3 0x800067c4 (0x03497ab3) x21 0x7ffd631a
core   0: 0x800067c8 (0x02034863) bltz    t1, pc + 48
core   0: 3 0x800067c8 (0x02034863)
core   0: 0x800067cc (0x016af8b3) and     a7, s5, s6
core   0: 3 0x800067cc (0x016af8b3) x17 0x00004200
core   0: 0x800067d0 (0x000dde93) srli    t4, s11, 0
core   0: 3 0x800067d0 (0x000dde93) x29 0x80029ce4
core   0: 0x800067d4 (0x0256af33) mulhsu  t5, a3, t0
core   0: 3 0x800067d4 (0x0256af33) x30 0x00000000
core   0: 0x800067d8 (0x36fd8393) addi    t2, s11, 879
core   0: 3 0x800067d8 (0x36fd8393) x 7 0x8002a053
core   0: 0x800067dc (0x403f50b3) sra     ra, t5, gp
core   0: 3 0x800067dc (0x403f50b3) x 1 0x00000000
core   0: 0x800067e0 (0x0376ff33) remu    t5, a3, s7
core   0: 3 0x800067e0 (0x0376ff33) x30 0x00000001
core   0: 0x800067e4 (0xaa453413) sltiu   s0, a0, -1372
core   0: 3 0x800067e4 (0xaa453413) x 8 0x00000001
core   0: 0x800067e8 (0x02b029b3) mulhsu  s3, zero, a1
core   0: 3 0x800067e8 (0x02b029b3) x19 0x00000000
core   0: 0x800067ec (0x06957863) bgeu    a0, s1, pc + 112
core   0: 3 0x800067ec (0x06957863)
core   0: 0x800067f0 (0x05969663) bne     a3, s9, pc + 76
core   0: 3 0x800067f0 (0x05969663)
core   0: 0x8000683c (0x0377ecb3) rem     s9, a5, s7
core   0: 3 0x8000683c (0x0377ecb3) x25 0xfffffffe
core   0: 0x80006840 (0x005894b3) sll     s1, a7, t0
core   0: 3 0x80006840 (0x005894b3) x 9 0x00021000
core   0: 0x80006844 (0x00d81f93) slli    t6, a6, 13
core   0: 3 0x80006844 (0x00d81f93) x31 0x00008000
core   0: 0x80006848 (0x030e1463) bne     t3, a6, pc + 40
core   0: 3 0x80006848 (0x030e1463)
core   0: 0x80006870 (0x01380f33) add     t5, a6, s3
core   0: 3 0x80006870 (0x01380f33) x30 0x00000004
core   0: 0x80006874 (0xd3e37793) andi    a5, t1, -706
core   0: 3 0x80006874 (0xd3e37793) x15 0x7ffffd30
core   0: 0x80006878 (0x012b8033) add     zero, s7, s2
core   0: 3 0x80006878 (0x012b8033)
core   0: 0x8000687c (0x4089d533) sra     a0, s3, s0
core   0: 3 0x8000687c (0x4089d533) x10 0x00000000
core   0: 0x80006880 (0x00fb1663) bne     s6, a5, pc + 12
core   0: 3 0x80006880 (0x00fb1663)
core   0: 0x8000688c (0x02aa42b3) div     t0, s4, a0
core   0: 3 0x8000688c (0x02aa42b3) x 5 0xffffffff
core   0: 0x80006890 (0x665df113) andi    sp, s11, 1637
core   0: 3 0x80006890 (0x665df113) x 2 0x00000464
core   0: 0x80006894 (0x00278933) add     s2, a5, sp
core   0: 3 0x80006894 (0x00278933) x18 0x80000194
core   0: 0x80006898 (0x00e5c5b3) xor     a1, a1, a4
core   0: 3 0x80006898 (0x00e5c5b3) x11 0x7ee4dae6
core   0: 0x8000689c (0x40905033) sra     zero, zero, s1
core   0: 3 0x8000689c (0x40905033)
core   0: 0x800068a0 (0x526b7293) andi    t0, s6, 1318
core   0: 3 0x800068a0 (0x526b7293) x 5 0x00000424
core   0: 0x800068a4 (0x028d2fb3) mulhsu  t6, s10, s0
core   0: 3 0x800068a4 (0x028d2fb3) x31 0x00000000
core   0: 0x800068a8 (0x05684063) blt     a6, s6, pc + 64
core   0: 3 0x800068a8 (0x05684063)
core   0: 0x800068ac (0x00a68ab3) add     s5, a3, a0
core   0: 3 0x800068ac (0x00a68ab3) x21 0x00000001
core   0: 0x800068b0 (0x029b8e63) beq     s7, s1, pc + 60
core   0: 3 0x800068b0 (0x029b8e63)
core   0: 0x800068b4 (0x40285bb3) sra     s7, a6, sp
core   0: 3 0x800068b4 (0x40285bb3) x23 0x00000000
core   0: 0x800068b8 (0x02c65863) bge     a2, a2, pc + 48
core   0: 3 0x800068b8 (0x02c65863)
core   0: 0x800068e8 (0x00000013) nop
core   0: 3 0x800068e8 (0x00000013)
core   0: 0x800068ec (0x0ddca793) slti    a5, s9, 221
core   0: 3 0x800068ec (0x0ddca793) x15 0x00000001
core   0: 0x800068f0 (0xea347313) andi    t1, s0, -349
core   0: 3 0x800068f0 (0xea347313) x 6 0x00000001
core   0: 0x800068f4 (0x03282fb3) mulhsu  t6, a6, s2
core   0: 3 0x800068f4 (0x03282fb3) x31 0x00000002
core   0: 0x800068f8 (0x404753b3) sra     t2, a4, tp
core   0: 3 0x800068f8 (0x404753b3) x 7 0xeb14dae6
core   0: 0x800068fc (0x79304613) xori    a2, zero, 1939
core   0: 3 0x800068fc (0x79304613) x12 0x00000793
core   0: 0x80006900 (0x00a00e93) li      t4, 10
core   0: 3 0x80006900 (0x00a00e93) x29 0x0000000a
core   0: 0x80006904 (0x00a00593) li      a1, 10
core   0: 3 0x80006904 (0x00a00593) x11 0x0000000a
core   0: 0x80006908 (0x99964013) xori    zero, a2, -1639
core   0: 3 0x80006908 (0x99964013)
core   0: 0x8000690c (0xff7e8e93) addi    t4, t4, -9
core   0: 3 0x8000690c (0xff7e8e93) x29 0x00000001
core   0: 0x80006910 (0x00300693) li      a3, 3
core   0: 3 0x80006910 (0x00300693) x13 0x00000003
core   0: 0x80006914 (0xfee00093) li      ra, -18
core   0: 3 0x80006914 (0xfee00093) x 1 0xffffffee
core   0: 0x80006918 (0x03e9a233) mulhsu  tp, s3, t5
core   0: 3 0x80006918 (0x03e9a233) x 4 0x00000000
core   0: 0x8000691c (0xff668693) addi    a3, a3, -10
core   0: 3 0x8000691c (0xff668693) x13 0xfffffff9
core   0: 0x80006920 (0xfe16dce3) bge     a3, ra, pc - 8
core   0: 3 0x80006920 (0xfe16dce3)
core   0: 0x80006918 (0x03e9a233) mulhsu  tp, s3, t5
core   0: 3 0x80006918 (0x03e9a233) x 4 0x00000000
core   0: 0x8000691c (0xff668693) addi    a3, a3, -10
core   0: 3 0x8000691c (0xff668693) x13 0xffffffef
core   0: 0x80006920 (0xfe16dce3) bge     a3, ra, pc - 8
core   0: 3 0x80006920 (0xfe16dce3)
core   0: 0x80006918 (0x03e9a233) mulhsu  tp, s3, t5
core   0: 3 0x80006918 (0x03e9a233) x 4 0x00000000
core   0: 0x8000691c (0xff668693) addi    a3, a3, -10
core   0: 3 0x8000691c (0xff668693) x13 0xffffffe5
core   0: 0x80006920 (0xfe16dce3) bge     a3, ra, pc - 8
core   0: 3 0x80006920 (0xfe16dce3)
core   0: 0x80006924 (0xfebef2e3) bgeu    t4, a1, pc - 28
core   0: 3 0x80006924 (0xfebef2e3)
core   0: 0x80006928 (0x40300133) sub     sp, zero, gp
core   0: 3 0x80006928 (0x40300133) x 2 0x0051ed31
core   0: 0x8000692c (0x024d91b3) mulh    gp, s11, tp
core   0: 3 0x8000692c (0x024d91b3) x 3 0x00000000
core   0: 0x80006930 (0x018a0bb3) add     s7, s4, s8
core   0: 3 0x80006930 (0x018a0bb3) x23 0x9024c65c
core   0: 0x80006934 (0x00000013) nop
core   0: 3 0x80006934 (0x00000013)
core   0: 0x80006938 (0x0105b633) sltu    a2, a1, a6
core   0: 3 0x80006938 (0x0105b633) x12 0x00000000
core   0: 0x8000693c (0x01acefb3) or      t6, s9, s10
core   0: 3 0x8000693c (0x01acefb3) x31 0xfffffffe
core   0: 0x80006940 (0x417c0c33) sub     s8, s8, s7
core   0: 3 0x80006940 (0x417c0c33) x24 0x6fdb39a4
core   0: 0x80006944 (0x008a5663) bge     s4, s0, pc + 12
core   0: 3 0x80006944 (0x008a5663)
core   0: 0x80006948 (0x6b8a6a13) ori     s4, s4, 1720
core   0: 3 0x80006948 (0x6b8a6a13) x20 0x9024c6fc
core   0: 0x8000694c (0x194da313) slti    t1, s11, 404
core   0: 3 0x8000694c (0x194da313) x 6 0x00000001
core   0: 0x80006950 (0x407e0933) sub     s2, t3, t2
core   0: 3 0x80006950 (0x407e0933) x18 0x14eb20fd
core   0: 0x80006954 (0x40035213) srai    tp, t1, 0
core   0: 3 0x80006954 (0x40035213) x 4 0x00000001
core   0: 0x80006958 (0x1edbba13) sltiu   s4, s7, 493
core   0: 3 0x80006958 (0x1edbba13) x20 0x00000000
core   0: 0x8000695c (0x0207a633) mulhsu  a2, a5, zero
core   0: 3 0x8000695c (0x0207a633) x12 0x00000000
core   0: 0x80006960 (0x03f517b3) mulh    a5, a0, t6
core   0: 3 0x80006960 (0x03f517b3) x15 0x00000000
core   0: 0x80006964 (0x02a67833) remu    a6, a2, a0
core   0: 3 0x80006964 (0x02a67833) x16 0x00000000
core   0: 0x80006968 (0x003aee33) or      t3, s5, gp
core   0: 3 0x80006968 (0x003aee33) x28 0x00000001
core   0: 0x8000696c (0x03c3f6b3) remu    a3, t2, t3
core   0: 3 0x8000696c (0x03c3f6b3) x13 0x00000000
core   0: 0x80006970 (0x058c7863) bgeu    s8, s8, pc + 80
core   0: 3 0x80006970 (0x058c7863)
core   0: 0x800069c0 (0x00000013) nop
core   0: 3 0x800069c0 (0x00000013)
core   0: 0x800069c4 (0x00c49613) slli    a2, s1, 12
core   0: 3 0x800069c4 (0x00c49613) x12 0x21000000
core   0: 0x800069c8 (0x02a76a63) bltu    a4, a0, pc + 52
core   0: 3 0x800069c8 (0x02a76a63)
core   0: 0x800069cc (0x3b6d4413) xori    s0, s10, 950
core   0: 3 0x800069cc (0x3b6d4413) x 8 0x018503b6
core   0: 0x800069d0 (0x01776c33) or      s8, a4, s7
core   0: 3 0x800069d0 (0x01776c33) x24 0xfb34defe
core   0: 0x800069d4 (0xb9ba3b93) sltiu   s7, s4, -1125
core   0: 3 0x800069d4 (0xb9ba3b93) x23 0x00000001
core   0: 0x800069d8 (0x0170abb3) slt     s7, ra, s7
core   0: 3 0x800069d8 (0x0170abb3) x23 0x00000001
core   0: 0x800069dc (0x02e34833) div     a6, t1, a4
core   0: 3 0x800069dc (0x02e34833) x16 0x00000000
core   0: 0x800069e0 (0x025656b3) divu    a3, a2, t0
core   0: 3 0x800069e0 (0x025656b3) x13 0x0007f845
core   0: 0x800069e4 (0x0373d7b3) divu    a5, t2, s7
core   0: 3 0x800069e4 (0x0373d7b3) x15 0xeb14dae6
core   0: 0x800069e8 (0x41a05513) srai    a0, zero, 26
core   0: 3 0x800069e8 (0x41a05513) x10 0x00000000
core   0: 0x800069ec (0x46942517) auipc   a0, 0x46942
core   0: 3 0x800069ec (0x46942517) x10 0xc69489ec
core   0: 0x800069f0 (0x01afbd33) sltu    s10, t6, s10
core   0: 3 0x800069f0 (0x01afbd33) x26 0x00000000
core   0: 0x800069f4 (0x00c55e63) bge     a0, a2, pc + 28
core   0: 3 0x800069f4 (0x00c55e63)
core   0: 0x800069f8 (0x029082b3) mul     t0, ra, s1
core   0: 3 0x800069f8 (0x029082b3) x 5 0xffdae000
core   0: 0x800069fc (0x020ad2b3) divu    t0, s5, zero
core   0: 3 0x800069fc (0x020ad2b3) x 5 0xffffffff
core   0: 0x80006a00 (0x01b09913) slli    s2, ra, 27
core   0: 3 0x80006a00 (0x01b09913) x18 0x70000000
core   0: 0x80006a04 (0x02f3e933) rem     s2, t2, a5
core   0: 3 0x80006a04 (0x02f3e933) x18 0x00000000
core   0: 0x80006a08 (0x419e85b3) sub     a1, t4, s9
core   0: 3 0x80006a08 (0x419e85b3) x11 0x00000003
core   0: 0x80006a0c (0x022fec63) bltu    t6, sp, pc + 56
core   0: 3 0x80006a0c (0x022fec63)
core   0: 0x80006a10 (0x410881b3) sub     gp, a7, a6
core   0: 3 0x80006a10 (0x410881b3) x 3 0x00004200
core   0: 0x80006a14 (0x4168dd33) sra     s10, a7, s6
core   0: 3 0x80006a14 (0x4168dd33) x26 0x00000420
core   0: 0x80006a18 (0xc6ba2593) slti    a1, s4, -917
core   0: 3 0x80006a18 (0xc6ba2593) x11 0x00000000
core   0: 0x80006a1c (0x02fc0333) mul     t1, s8, a5
core   0: 3 0x80006a1c (0x02fc0333) x 6 0x4d3ca434
core   0: 0x80006a20 (0x020b9463) bnez    s7, pc + 40
core   0: 3 0x80006a20 (0x020b9463)
core   0: 0x80006a48 (0x024b93b3) mulh    t2, s7, tp
core   0: 3 0x80006a48 (0x024b93b3) x 7 0x00000000
core   0: 0x80006a4c (0x01084d33) xor     s10, a6, a6
core   0: 3 0x80006a4c (0x01084d33) x26 0x00000000
core   0: 0x80006a50 (0x00000013) nop
core   0: 3 0x80006a50 (0x00000013)
core   0: 0x80006a54 (0xd0544113) xori    sp, s0, -763
core   0: 3 0x80006a54 (0xd0544113) x 2 0xfe7afeb3
core   0: 0x80006a58 (0x005b8033) add     zero, s7, t0
core   0: 3 0x80006a58 (0x005b8033)
core   0: 0x80006a5c (0x0ae47463) bgeu    s0, a4, pc + 168
core   0: 3 0x80006a5c (0x0ae47463)
core   0: 0x80006a60 (0x5a76c593) xori    a1, a3, 1447
core   0: 3 0x80006a60 (0x5a76c593) x11 0x0007fde2
core   0: 0x80006a64 (0x03f54033) div     zero, a0, t6
core   0: 3 0x80006a64 (0x03f54033)
core   0: 0x80006a68 (0x40615b93) srai    s7, sp, 6
core   0: 3 0x80006a68 (0x40615b93) x23 0xfff9ebfa
core   0: 0x80006a6c (0x02f6ac33) mulhsu  s8, a3, a5
core   0: 3 0x80006a6c (0x02f6ac33) x24 0x0007518d
core   0: 0x80006a70 (0x028eb033) mulhu   zero, t4, s0
core   0: 3 0x80006a70 (0x028eb033)
core   0: 0x80006a74 (0x0340b533) mulhu   a0, ra, s4
core   0: 3 0x80006a74 (0x0340b533) x10 0x00000000
core   0: 0x80006a78 (0x975fcd37) lui     s10, 0x975fc
core   0: 3 0x80006a78 (0x975fcd37) x26 0x975fc000
core   0: 0x80006a7c (0x41515393) srai    t2, sp, 21
core   0: 3 0x80006a7c (0x41515393) x 7 0xfffffff3
core   0: 0x80006a80 (0x00d7d5b3) srl     a1, a5, a3
core   0: 3 0x80006a80 (0x00d7d5b3) x11 0x0758a6d7
core   0: 0x80006a84 (0xffe00f93) li      t6, -2
core   0: 3 0x80006a84 (0xffe00f93) x31 0xfffffffe
core   0: 0x80006a88 (0x00295f33) srl     t5, s2, sp
core   0: 3 0x80006a88 (0x00295f33) x30 0x00000000
core   0: 0x80006a8c (0x2a7b6493) ori     s1, s6, 679
core   0: 3 0x80006a8c (0x2a7b6493) x 9 0x80025ea7
core   0: 0x80006a90 (0x00a00993) li      s3, 10
core   0: 3 0x80006a90 (0x00a00993) x19 0x0000000a
core   0: 0x80006a94 (0x75bb1137) lui     sp, 0x75bb1
core   0: 3 0x80006a94 (0x75bb1137) x 2 0x75bb1000
core   0: 0x80006a98 (0xe2637897) auipc   a7, 0xe2637
core   0: 3 0x80006a98 (0xe2637897) x17 0x6263da98
core   0: 0x80006a9c (0x02b07633) remu    a2, zero, a1
core   0: 3 0x80006a9c (0x02b07633) x12 0x00000000
core   0: 0x80006aa0 (0x009f8833) add     a6, t6, s1
core   0: 3 0x80006aa0 (0x009f8833) x16 0x80025ea5
core   0: 0x80006aa4 (0x4062d793) srai    a5, t0, 6
core   0: 3 0x80006aa4 (0x4062d793) x15 0xffffffff
core   0: 0x80006aa8 (0x003f8f93) addi    t6, t6, 3
core   0: 3 0x80006aa8 (0x003f8f93) x31 0x00000001
core   0: 0x80006aac (0x19f26f13) ori     t5, tp, 415
core   0: 3 0x80006aac (0x19f26f13) x30 0x0000019f
core   0: 0x80006ab0 (0x02962133) mulhsu  sp, a2, s1
core   0: 3 0x80006ab0 (0x02962133) x 2 0x00000000
core   0: 0x80006ab4 (0x5cc0da17) auipc   s4, 0x5cc0d
core   0: 3 0x80006ab4 (0x5cc0da17) x20 0xdcc13ab4
core   0: 0x80006ab8 (0x00116033) or      zero, sp, ra
core   0: 3 0x80006ab8 (0x00116033)
core   0: 0x80006abc (0x03c864b3) rem     s1, a6, t3
core   0: 3 0x80006abc (0x03c864b3) x 9 0x00000000
core   0: 0x80006ac0 (0x03da1633) mulh    a2, s4, t4
core   0: 3 0x80006ac0 (0x03da1633) x12 0xffffffff
core   0: 0x80006ac4 (0xa9280093) addi    ra, a6, -1390
core   0: 3 0x80006ac4 (0xa9280093) x 1 0x80025937
core   0: 0x80006ac8 (0xc40dbc93) sltiu   s9, s11, -960
core   0: 3 0x80006ac8 (0xc40dbc93) x25 0x00000001
core   0: 0x80006acc (0x01e35133) srl     sp, t1, t5
core   0: 3 0x80006acc (0x01e35133) x 2 0x00000000
core   0: 0x80006ad0 (0x4061d433) sra     s0, gp, t1
core   0: 3 0x80006ad0 (0x4061d433) x 8 0x00000000
core   0: 0x80006ad4 (0xfd3f94e3) bne     t6, s3, pc - 56
core   0: 3 0x80006ad4 (0xfd3f94e3)
core   0: 0x80006a9c (0x02b07633) remu    a2, zero, a1
core   0: 3 0x80006a9c (0x02b07633) x12 0x00000000
core   0: 0x80006aa0 (0x009f8833) add     a6, t6, s1
core   0: 3 0x80006aa0 (0x009f8833) x16 0x00000001
core   0: 0x80006aa4 (0x4062d793) srai    a5, t0, 6
core   0: 3 0x80006aa4 (0x4062d793) x15 0xffffffff
core   0: 0x80006aa8 (0x003f8f93) addi    t6, t6, 3
core   0: 3 0x80006aa8 (0x003f8f93) x31 0x00000004
core   0: 0x80006aac (0x19f26f13) ori     t5, tp, 415
core   0: 3 0x80006aac (0x19f26f13) x30 0x0000019f
core   0: 0x80006ab0 (0x02962133) mulhsu  sp, a2, s1
core   0: 3 0x80006ab0 (0x02962133) x 2 0x00000000
core   0: 0x80006ab4 (0x5cc0da17) auipc   s4, 0x5cc0d
core   0: 3 0x80006ab4 (0x5cc0da17) x20 0xdcc13ab4
core   0: 0x80006ab8 (0x00116033) or      zero, sp, ra
core   0: 3 0x80006ab8 (0x00116033)
core   0: 0x80006abc (0x03c864b3) rem     s1, a6, t3
core   0: 3 0x80006abc (0x03c864b3) x 9 0x00000000
core   0: 0x80006ac0 (0x03da1633) mulh    a2, s4, t4
core   0: 3 0x80006ac0 (0x03da1633) x12 0xffffffff
core   0: 0x80006ac4 (0xa9280093) addi    ra, a6, -1390
core   0: 3 0x80006ac4 (0xa9280093) x 1 0xfffffa93
core   0: 0x80006ac8 (0xc40dbc93) sltiu   s9, s11, -960
core   0: 3 0x80006ac8 (0xc40dbc93) x25 0x00000001
core   0: 0x80006acc (0x01e35133) srl     sp, t1, t5
core   0: 3 0x80006acc (0x01e35133) x 2 0x00000000
core   0: 0x80006ad0 (0x4061d433) sra     s0, gp, t1
core   0: 3 0x80006ad0 (0x4061d433) x 8 0x00000000
core   0: 0x80006ad4 (0xfd3f94e3) bne     t6, s3, pc - 56
core   0: 3 0x80006ad4 (0xfd3f94e3)
core   0: 0x80006a9c (0x02b07633) remu    a2, zero, a1
core   0: 3 0x80006a9c (0x02b07633) x12 0x00000000
core   0: 0x80006aa0 (0x009f8833) add     a6, t6, s1
core   0: 3 0x80006aa0 (0x009f8833) x16 0x00000004
core   0: 0x80006aa4 (0x4062d793) srai    a5, t0, 6
core   0: 3 0x80006aa4 (0x4062d793) x15 0xffffffff
core   0: 0x80006aa8 (0x003f8f93) addi    t6, t6, 3
core   0: 3 0x80006aa8 (0x003f8f93) x31 0x00000007
core   0: 0x80006aac (0x19f26f13) ori     t5, tp, 415
core   0: 3 0x80006aac (0x19f26f13) x30 0x0000019f
core   0: 0x80006ab0 (0x02962133) mulhsu  sp, a2, s1
core   0: 3 0x80006ab0 (0x02962133) x 2 0x00000000
core   0: 0x80006ab4 (0x5cc0da17) auipc   s4, 0x5cc0d
core   0: 3 0x80006ab4 (0x5cc0da17) x20 0xdcc13ab4
core   0: 0x80006ab8 (0x00116033) or      zero, sp, ra
core   0: 3 0x80006ab8 (0x00116033)
core   0: 0x80006abc (0x03c864b3) rem     s1, a6, t3
core   0: 3 0x80006abc (0x03c864b3) x 9 0x00000000
core   0: 0x80006ac0 (0x03da1633) mulh    a2, s4, t4
core   0: 3 0x80006ac0 (0x03da1633) x12 0xffffffff
core   0: 0x80006ac4 (0xa9280093) addi    ra, a6, -1390
core   0: 3 0x80006ac4 (0xa9280093) x 1 0xfffffa96
core   0: 0x80006ac8 (0xc40dbc93) sltiu   s9, s11, -960
core   0: 3 0x80006ac8 (0xc40dbc93) x25 0x00000001
core   0: 0x80006acc (0x01e35133) srl     sp, t1, t5
core   0: 3 0x80006acc (0x01e35133) x 2 0x00000000
core   0: 0x80006ad0 (0x4061d433) sra     s0, gp, t1
core   0: 3 0x80006ad0 (0x4061d433) x 8 0x00000000
core   0: 0x80006ad4 (0xfd3f94e3) bne     t6, s3, pc - 56
core   0: 3 0x80006ad4 (0xfd3f94e3)
core   0: 0x80006a9c (0x02b07633) remu    a2, zero, a1
core   0: 3 0x80006a9c (0x02b07633) x12 0x00000000
core   0: 0x80006aa0 (0x009f8833) add     a6, t6, s1
core   0: 3 0x80006aa0 (0x009f8833) x16 0x00000007
core   0: 0x80006aa4 (0x4062d793) srai    a5, t0, 6
core   0: 3 0x80006aa4 (0x4062d793) x15 0xffffffff
core   0: 0x80006aa8 (0x003f8f93) addi    t6, t6, 3
core   0: 3 0x80006aa8 (0x003f8f93) x31 0x0000000a
core   0: 0x80006aac (0x19f26f13) ori     t5, tp, 415
core   0: 3 0x80006aac (0x19f26f13) x30 0x0000019f
core   0: 0x80006ab0 (0x02962133) mulhsu  sp, a2, s1
core   0: 3 0x80006ab0 (0x02962133) x 2 0x00000000
core   0: 0x80006ab4 (0x5cc0da17) auipc   s4, 0x5cc0d
core   0: 3 0x80006ab4 (0x5cc0da17) x20 0xdcc13ab4
core   0: 0x80006ab8 (0x00116033) or      zero, sp, ra
core   0: 3 0x80006ab8 (0x00116033)
core   0: 0x80006abc (0x03c864b3) rem     s1, a6, t3
core   0: 3 0x80006abc (0x03c864b3) x 9 0x00000000
core   0: 0x80006ac0 (0x03da1633) mulh    a2, s4, t4
core   0: 3 0x80006ac0 (0x03da1633) x12 0xffffffff
core   0: 0x80006ac4 (0xa9280093) addi    ra, a6, -1390
core   0: 3 0x80006ac4 (0xa9280093) x 1 0xfffffa99
core   0: 0x80006ac8 (0xc40dbc93) sltiu   s9, s11, -960
core   0: 3 0x80006ac8 (0xc40dbc93) x25 0x00000001
core   0: 0x80006acc (0x01e35133) srl     sp, t1, t5
core   0: 3 0x80006acc (0x01e35133) x 2 0x00000000
core   0: 0x80006ad0 (0x4061d433) sra     s0, gp, t1
core   0: 3 0x80006ad0 (0x4061d433) x 8 0x00000000
core   0: 0x80006ad4 (0xfd3f94e3) bne     t6, s3, pc - 56
core   0: 3 0x80006ad4 (0xfd3f94e3)
core   0: 0x80006ad8 (0x02bb14b3) mulh    s1, s6, a1
core   0: 3 0x80006ad8 (0x02bb14b3) x 9 0xfc53bdf9
core   0: 0x80006adc (0x37598193) addi    gp, s3, 885
core   0: 3 0x80006adc (0x37598193) x 3 0x0000037f
core   0: 0x80006ae0 (0x0433c863) blt     t2, gp, pc + 80
core   0: 3 0x80006ae0 (0x0433c863)
core   0: 0x80006b30 (0x0080e433) or      s0, ra, s0
core   0: 3 0x80006b30 (0x0080e433) x 8 0xfffffa99
core   0: 0x80006b34 (0x035a42b3) div     t0, s4, s5
core   0: 3 0x80006b34 (0x035a42b3) x 5 0xdcc13ab4
core   0: 0x80006b38 (0x00e5a3b3) slt     t2, a1, a4
core   0: 3 0x80006b38 (0x00e5a3b3) x 7 0x00000000
core   0: 0x80006b3c (0x00827cb3) and     s9, tp, s0
core   0: 3 0x80006b3c (0x00827cb3) x25 0x00000001
core   0: 0x80006b40 (0x03f45033) divu    zero, s0, t6
core   0: 3 0x80006b40 (0x03f45033)
core   0: 0x80006b44 (0x9b439597) auipc   a1, 0x9b439
core   0: 3 0x80006b44 (0x9b439597) x11 0x1b43fb44
core   0: 0x80006b48 (0x990ef813) andi    a6, t4, -1648
core   0: 3 0x80006b48 (0x990ef813) x16 0x00000000
core   0: 0x80006b4c (0x051a9063) bne     s5, a7, pc + 64
core   0: 3 0x80006b4c (0x051a9063)
core   0: 0x80006b8c (0x0287ce63) blt     a5, s0, pc + 60
core   0: 3 0x80006b8c (0x0287ce63)
core   0: 0x80006b90 (0x03374863) blt     a4, s3, pc + 48
core   0: 3 0x80006b90 (0x03374863)
core   0: 0x80006bc0 (0x024e4a63) blt     t3, tp, pc + 52
core   0: 3 0x80006bc0 (0x024e4a63)
core   0: 0x80006bc4 (0x036a6933) rem     s2, s4, s6
core   0: 3 0x80006bc4 (0x036a6933) x18 0xdcc13ab4
core   0: 0x80006bc8 (0x0279d2b3) divu    t0, s3, t2
core   0: 3 0x80006bc8 (0x0279d2b3) x 5 0xffffffff
core   0: 0x80006bcc (0x00000013) nop
core   0: 3 0x80006bcc (0x00000013)
core   0: 0x80006bd0 (0x00d4f863) bgeu    s1, a3, pc + 16
core   0: 3 0x80006bd0 (0x00d4f863)
core   0: 0x80006be0 (0x8d60b893) sltiu   a7, ra, -1834
core   0: 3 0x80006be0 (0x8d60b893) x17 0x00000000
core   0: 0x80006be4 (0x021cbc33) mulhu   s8, s9, ra
core   0: 3 0x80006be4 (0x021cbc33) x24 0x00000000
core   0: 0x80006be8 (0x00051263) bnez    a0, pc + 4
core   0: 3 0x80006be8 (0x00051263)
core   0: 0x80006bec (0x00109213) slli    tp, ra, 1
core   0: 3 0x80006bec (0x00109213) x 4 0xfffff532
core   0: 0x80006bf0 (0x7ce33a97) auipc   s5, 0x7ce33
core   0: 3 0x80006bf0 (0x7ce33a97) x21 0xfce39bf0
core   0: 0x80006bf4 (0x01abb233) sltu    tp, s7, s10
core   0: 3 0x80006bf4 (0x01abb233) x 4 0x00000000
core   0: 0x80006bf8 (0xe1251517) auipc   a0, 0xe1251
core   0: 3 0x80006bf8 (0xe1251517) x10 0x61257bf8
core   0: 0x80006bfc (0x02b5e463) bltu    a1, a1, pc + 40
core   0: 3 0x80006bfc (0x02b5e463)
core   0: 0x80006c00 (0x41d3dd13) srai    s10, t2, 29
core   0: 3 0x80006c00 (0x41d3dd13) x26 0x00000000
core   0: 0x80006c04 (0x0051fab3) and     s5, gp, t0
core   0: 3 0x80006c04 (0x0051fab3) x21 0x0000037f
core   0: 0x80006c08 (0x03693bb3) mulhu   s7, s2, s6
core   0: 3 0x80006c08 (0x03693bb3) x23 0x6e62a80a
core   0: 0x80006c0c (0x01a49663) bne     s1, s10, pc + 12
core   0: 3 0x80006c0c (0x01a49663)
core   0: 0x80006c18 (0x41108fb3) sub     t6, ra, a7
core   0: 3 0x80006c18 (0x41108fb3) x31 0xfffffa99
core   0: 0x80006c1c (0x00fe9793) slli    a5, t4, 15
core   0: 3 0x80006c1c (0x00fe9793) x15 0x00008000
core   0: 0x80006c20 (0x4e514993) xori    s3, sp, 1253
core   0: 3 0x80006c20 (0x4e514993) x19 0x000004e5
core   0: 0x80006c24 (0xb994bc13) sltiu   s8, s1, -1127
core   0: 3 0x80006c24 (0xb994bc13) x24 0x00000001
core   0: 0x80006c28 (0xd2444817) auipc   a6, 0xd2444
core   0: 3 0x80006c28 (0xd2444817) x16 0x5244ac28
core   0: 0x80006c2c (0x032cd463) bge     s9, s2, pc + 40
core   0: 3 0x80006c2c (0x032cd463)
core   0: 0x80006c54 (0x41da02b3) sub     t0, s4, t4
core   0: 3 0x80006c54 (0x41da02b3) x 5 0xdcc13ab3
core   0: 0x80006c58 (0x0296d863) bge     a3, s1, pc + 48
core   0: 3 0x80006c58 (0x0296d863)
core   0: 0x80006c88 (0x012d35b3) sltu    a1, s10, s2
core   0: 3 0x80006c88 (0x012d35b3) x11 0x00000001
core   0: 0x80006c8c (0x22126493) ori     s1, tp, 545
core   0: 3 0x80006c8c (0x22126493) x 9 0x00000221
core   0: 0x80006c90 (0xe3fa8f13) addi    t5, s5, -449
core   0: 3 0x80006c90 (0xe3fa8f13) x30 0x000001be
core   0: 0x80006c94 (0x01e25093) srli    ra, tp, 30
core   0: 3 0x80006c94 (0x01e25093) x 1 0x00000000
core   0: 0x80006c98 (0x02451533) mulh    a0, a0, tp
core   0: 3 0x80006c98 (0x02451533) x10 0x00000000
core   0: 0x80006c9c (0x02fe9333) mulh    t1, t4, a5
core   0: 3 0x80006c9c (0x02fe9333) x 6 0x00000000
core   0: 0x80006ca0 (0x00000013) nop
core   0: 3 0x80006ca0 (0x00000013)
core   0: 0x80006ca4 (0x0267a433) mulhsu  s0, a5, t1
core   0: 3 0x80006ca4 (0x0267a433) x 8 0x00000000
core   0: 0x80006ca8 (0x00a75263) bge     a4, a0, pc + 4
core   0: 3 0x80006ca8 (0x00a75263)
core   0: 0x80006cac (0x016c5fb3) srl     t6, s8, s6
core   0: 3 0x80006cac (0x016c5fb3) x31 0x00000000
core   0: 0x80006cb0 (0x025c9a33) mulh    s4, s9, t0
core   0: 3 0x80006cb0 (0x025c9a33) x20 0xffffffff
core   0: 0x80006cb4 (0x029fdeb3) divu    t4, t6, s1
core   0: 3 0x80006cb4 (0x029fdeb3) x29 0x00000000
core   0: 0x80006cb8 (0x038a9863) bne     s5, s8, pc + 48
core   0: 3 0x80006cb8 (0x038a9863)
core   0: 0x80006ce8 (0x02a4c463) blt     s1, a0, pc + 40
core   0: 3 0x80006ce8 (0x02a4c463)
core   0: 0x80006cec (0x024a0e63) beq     s4, tp, pc + 60
core   0: 3 0x80006cec (0x024a0e63)
core   0: 0x80006cf0 (0x407b0133) sub     sp, s6, t2
core   0: 3 0x80006cf0 (0x407b0133) x 2 0x80025e24
core   0: 0x80006cf4 (0x027195b3) mulh    a1, gp, t2
core   0: 3 0x80006cf4 (0x027195b3) x11 0x00000000
core   0: 0x80006cf8 (0x010b9593) slli    a1, s7, 16
core   0: 3 0x80006cf8 (0x010b9593) x11 0xa80a0000
core   0: 0x80006cfc (0x01771913) slli    s2, a4, 23
core   0: 3 0x80006cfc (0x01771913) x18 0x73000000
core   0: 0x80006d00 (0x0052ca63) blt     t0, t0, pc + 20
core   0: 3 0x80006d00 (0x0052ca63)
core   0: 0x80006d04 (0x023f3bb3) mulhu   s7, t5, gp
core   0: 3 0x80006d04 (0x023f3bb3) x23 0x00000000
core   0: 0x80006d08 (0x01b75c33) srl     s8, a4, s11
core   0: 3 0x80006d08 (0x01b75c33) x24 0x0eb14dae
core   0: 0x80006d0c (0x01971013) slli    zero, a4, 25
core   0: 3 0x80006d0c (0x01971013)
core   0: 0x80006d10 (0x01b27ab3) and     s5, tp, s11
core   0: 3 0x80006d10 (0x01b27ab3) x21 0x00000000
core   0: 0x80006d14 (0x00000013) nop
core   0: 3 0x80006d14 (0x00000013)
core   0: 0x80006d18 (0x0169a6b3) slt     a3, s3, s6
core   0: 3 0x80006d18 (0x0169a6b3) x13 0x00000000
core   0: 0x80006d1c (0x01d3de93) srli    t4, t2, 29
core   0: 3 0x80006d1c (0x01d3de93) x29 0x00000000
core   0: 0x80006d20 (0xb288a2b7) lui     t0, 0xb288a
core   0: 3 0x80006d20 (0xb288a2b7) x 5 0xb288a000
core   0: 0x80006d24 (0x00000013) nop
core   0: 3 0x80006d24 (0x00000013)
core   0: 0x80006d28 (0xc591c593) xori    a1, gp, -935
core   0: 3 0x80006d28 (0xc591c593) x11 0xffffff26
core   0: 0x80006d2c (0x4113d0b3) sra     ra, t2, a7
core   0: 3 0x80006d2c (0x4113d0b3) x 1 0x00000000
core   0: 0x80006d30 (0x002250b3) srl     ra, tp, sp
core   0: 3 0x80006d30 (0x002250b3) x 1 0x00000000
core   0: 0x80006d34 (0x00abd913) srli    s2, s7, 10
core   0: 3 0x80006d34 (0x00abd913) x18 0x00000000
core   0: 0x80006d38 (0x00509a33) sll     s4, ra, t0
core   0: 3 0x80006d38 (0x00509a33) x20 0x00000000
core   0: 0x80006d3c (0x0001d633) srl     a2, gp, zero
core   0: 3 0x80006d3c (0x0001d633) x12 0x0000037f
core   0: 0x80006d40 (0x5c17f937) lui     s2, 0x5c17f
core   0: 3 0x80006d40 (0x5c17f937) x18 0x5c17f000
core   0: 0x80006d44 (0x50257f13) andi    t5, a0, 1282
core   0: 3 0x80006d44 (0x50257f13) x30 0x00000000
core   0: 0x80006d48 (0x68a11597) auipc   a1, 0x68a11
core   0: 3 0x80006d48 (0x68a11597) x11 0xe8a17d48
core   0: 0x80006d4c (0x0120a633) slt     a2, ra, s2
core   0: 3 0x80006d4c (0x0120a633) x12 0x00000001
core   0: 0x80006d50 (0x00905bb3) srl     s7, zero, s1
core   0: 3 0x80006d50 (0x00905bb3) x23 0x00000000
core   0: 0x80006d54 (0xd3a63793) sltiu   a5, a2, -710
core   0: 3 0x80006d54 (0xd3a63793) x15 0x00000001
core   0: 0x80006d58 (0x02df5f33) divu    t5, t5, a3
core   0: 3 0x80006d58 (0x02df5f33) x30 0xffffffff
core   0: 0x80006d5c (0x40ac0433) sub     s0, s8, a0
core   0: 3 0x80006d5c (0x40ac0433) x 8 0x0eb14dae
core   0: 0x80006d60 (0x940d7a13) andi    s4, s10, -1728
core   0: 3 0x80006d60 (0x940d7a13) x20 0x00000000
core   0: 0x80006d64 (0x01c4de33) srl     t3, s1, t3
core   0: 3 0x80006d64 (0x01c4de33) x28 0x00000110
core   0: 0x80006d68 (0x768c6313) ori     t1, s8, 1896
core   0: 3 0x80006d68 (0x768c6313) x 6 0x0eb14fee
core   0: 0x80006d6c (0x0348b433) mulhu   s0, a7, s4
core   0: 3 0x80006d6c (0x0348b433) x 8 0x00000000
core   0: 0x80006d70 (0x01a882b3) add     t0, a7, s10
core   0: 3 0x80006d70 (0x01a882b3) x 5 0x00000000
core   0: 0x80006d74 (0x41f6da93) srai    s5, a3, 31
core   0: 3 0x80006d74 (0x41f6da93) x21 0x00000000
core   0: 0x80006d78 (0x0357e633) rem     a2, a5, s5
core   0: 3 0x80006d78 (0x0357e633) x12 0x00000001
core   0: 0x80006d7c (0x02ed5a63) bge     s10, a4, pc + 52
core   0: 3 0x80006d7c (0x02ed5a63)
core   0: 0x80006db0 (0x03d40433) mul     s0, s0, t4
core   0: 3 0x80006db0 (0x03d40433) x 8 0x00000000
core   0: 0x80006db4 (0x408fd9b3) sra     s3, t6, s0
core   0: 3 0x80006db4 (0x408fd9b3) x19 0x00000000
core   0: 0x80006db8 (0x00827863) bgeu    tp, s0, pc + 16
core   0: 3 0x80006db8 (0x00827863)
core   0: 0x80006dc8 (0x05961863) bne     a2, s9, pc + 80
core   0: 3 0x80006dc8 (0x05961863)
core   0: 0x80006dcc (0x00dfca33) xor     s4, t6, a3
core   0: 3 0x80006dcc (0x00dfca33) x20 0x00000000
core   0: 0x80006dd0 (0x01f8e933) or      s2, a7, t6
core   0: 3 0x80006dd0 (0x01f8e933) x18 0x00000000
core   0: 0x80006dd4 (0x028c7463) bgeu    s8, s0, pc + 40
core   0: 3 0x80006dd4 (0x028c7463)
core   0: 0x80006dfc (0x001f7eb3) and     t4, t5, ra
core   0: 3 0x80006dfc (0x001f7eb3) x29 0x00000000
core   0: 0x80006e00 (0x2254c313) xori    t1, s1, 549
core   0: 3 0x80006e00 (0x2254c313) x 6 0x00000004
core   0: 0x80006e04 (0x01264833) xor     a6, a2, s2
core   0: 3 0x80006e04 (0x01264833) x16 0x00000001
core   0: 0x80006e08 (0x02d7dd33) divu    s10, a5, a3
core   0: 3 0x80006e08 (0x02d7dd33) x26 0xffffffff
core   0: 0x80006e0c (0x03adde63) bge     s11, s10, pc + 60
core   0: 3 0x80006e0c (0x03adde63)
core   0: 0x80006e10 (0x4020d213) srai    tp, ra, 2
core   0: 3 0x80006e10 (0x4020d213) x 4 0x00000000
core   0: 0x80006e14 (0xb4b5e113) ori     sp, a1, -1205
core   0: 3 0x80006e14 (0xb4b5e113) x 2 0xffffff4b
core   0: 0x80006e18 (0x68fd4e93) xori    t4, s10, 1679
core   0: 3 0x80006e18 (0x68fd4e93) x29 0xfffff970
core   0: 0x80006e1c (0x407100b3) sub     ra, sp, t2
core   0: 3 0x80006e1c (0x407100b3) x 1 0xffffff4b
core   0: 0x80006e20 (0x00955393) srli    t2, a0, 9
core   0: 3 0x80006e20 (0x00955393) x 7 0x00000000
core   0: 0x80006e24 (0x3606fd13) andi    s10, a3, 864
core   0: 3 0x80006e24 (0x3606fd13) x26 0x00000000
core   0: 0x80006e28 (0x00246fb3) or      t6, s0, sp
core   0: 3 0x80006e28 (0x00246fb3) x31 0xffffff4b
core   0: 0x80006e2c (0x001f8cb3) add     s9, t6, ra
core   0: 3 0x80006e2c (0x001f8cb3) x25 0xfffffe96
core   0: 0x80006e30 (0x0064a7b3) slt     a5, s1, t1
core   0: 3 0x80006e30 (0x0064a7b3) x15 0x00000000
core   0: 0x80006e34 (0x0c2f4e37) lui     t3, 0xc2f4
core   0: 3 0x80006e34 (0x0c2f4e37) x28 0x0c2f4000
core   0: 0x80006e38 (0x00f7a333) slt     t1, a5, a5
core   0: 3 0x80006e38 (0x00f7a333) x 6 0x00000000
core   0: 0x80006e3c (0x0023e933) or      s2, t2, sp
core   0: 3 0x80006e3c (0x0023e933) x18 0xffffff4b
core   0: 0x80006e40 (0x08dd6263) bltu    s10, a3, pc + 132
core   0: 3 0x80006e40 (0x08dd6263)
core   0: 0x80006e44 (0x013a28b3) slt     a7, s4, s3
core   0: 3 0x80006e44 (0x013a28b3) x17 0x00000000
core   0: 0x80006e48 (0x00000013) nop
core   0: 3 0x80006e48 (0x00000013)
core   0: 0x80006e4c (0x027b74b3) remu    s1, s6, t2
core   0: 3 0x80006e4c (0x027b74b3) x 9 0x80025e24
core   0: 0x80006e50 (0x007fa9b3) slt     s3, t6, t2
core   0: 3 0x80006e50 (0x007fa9b3) x19 0x00000001
core   0: 0x80006e54 (0x34f18693) addi    a3, gp, 847
core   0: 3 0x80006e54 (0x34f18693) x13 0x000006ce
core   0: 0x80006e58 (0x00400793) li      a5, 4
core   0: 3 0x80006e58 (0x00400793) x15 0x00000004
core   0: 0x80006e5c (0x013b9113) slli    sp, s7, 19
core   0: 3 0x80006e5c (0x013b9113) x 2 0x00000000
core   0: 0x80006e60 (0x008d21b3) slt     gp, s10, s0
core   0: 3 0x80006e60 (0x008d21b3) x 3 0x00000000
core   0: 0x80006e64 (0x00300f13) li      t5, 3
core   0: 3 0x80006e64 (0x00300f13) x30 0x00000003
core   0: 0x80006e68 (0x002de133) or      sp, s11, sp
core   0: 3 0x80006e68 (0x002de133) x 2 0x80029ce4
core   0: 0x80006e6c (0x40855813) srai    a6, a0, 8
core   0: 3 0x80006e6c (0x40855813) x16 0x00000000
core   0: 0x80006e70 (0x013ed013) srli    zero, t4, 19
core   0: 3 0x80006e70 (0x013ed013)
core   0: 0x80006e74 (0xc53290b7) lui     ra, 0xc5329
core   0: 3 0x80006e74 (0xc53290b7) x 1 0xc5329000
core   0: 0x80006e78 (0xf124cf93) xori    t6, s1, -238
core   0: 3 0x80006e78 (0xf124cf93) x31 0x7ffda136
core   0: 0x80006e7c (0x036d20b3) mulhsu  ra, s10, s6
core   0: 3 0x80006e7c (0x036d20b3) x 1 0x00000000
core   0: 0x80006e80 (0x039281b3) mul     gp, t0, s9
core   0: 3 0x80006e80 (0x039281b3) x 3 0x00000000
core   0: 0x80006e84 (0x0234dd33) divu    s10, s1, gp
core   0: 3 0x80006e84 (0x0234dd33) x26 0xffffffff
core   0: 0x80006e88 (0xffe78793) addi    a5, a5, -2
core   0: 3 0x80006e88 (0xffe78793) x15 0x00000002
core   0: 0x80006e8c (0x3d7486b7) lui     a3, 0x3d748
core   0: 3 0x80006e8c (0x3d7486b7) x13 0x3d748000
core   0: 0x80006e90 (0x00d53bb3) sltu    s7, a0, a3
core   0: 3 0x80006e90 (0x00d53bb3) x23 0x00000001
core   0: 0x80006e94 (0x02a8fa33) remu    s4, a7, a0
core   0: 3 0x80006e94 (0x02a8fa33) x20 0x00000000
core   0: 0x80006e98 (0x017a2933) slt     s2, s4, s7
core   0: 3 0x80006e98 (0x017a2933) x18 0x00000001
core   0: 0x80006e9c (0x008be9b3) or      s3, s7, s0
core   0: 3 0x80006e9c (0x008be9b3) x19 0x00000001
core   0: 0x80006ea0 (0x037732b3) mulhu   t0, a4, s7
core   0: 3 0x80006ea0 (0x037732b3) x 5 0x00000000
core   0: 0x80006ea4 (0xfde7fae3) bgeu    a5, t5, pc - 44
core   0: 3 0x80006ea4 (0xfde7fae3)
core   0: 0x80006ea8 (0x00b492b3) sll     t0, s1, a1
core   0: 3 0x80006ea8 (0x00b492b3) x 5 0x025e2400
core   0: 0x80006eac (0x02efe463) bltu    t6, a4, pc + 40
core   0: 3 0x80006eac (0x02efe463)
core   0: 0x80006ed4 (0x0336da63) bge     a3, s3, pc + 52
core   0: 3 0x80006ed4 (0x0336da63)
core   0: 0x80006f08 (0x05915863) bge     sp, s9, pc + 80
core   0: 3 0x80006f08 (0x05915863)
core   0: 0x80006f0c (0x0217d263) bge     a5, ra, pc + 36
core   0: 3 0x80006f0c (0x0217d263)
core   0: 0x80006f30 (0x05f41463) bne     s0, t6, pc + 72
core   0: 3 0x80006f30 (0x05f41463)
core   0: 0x80006f78 (0x45cb3297) auipc   t0, 0x45cb3
core   0: 3 0x80006f78 (0x45cb3297) x 5 0xc5cb9f78
core   0: 0x80006f7c (0x41bd5833) sra     a6, s10, s11
core   0: 3 0x80006f7c (0x41bd5833) x16 0xffffffff
core   0: 0x80006f80 (0x41185133) sra     sp, a6, a7
core   0: 3 0x80006f80 (0x41185133) x 2 0xffffffff
core   0: 0x80006f84 (0x01d68333) add     t1, a3, t4
core   0: 3 0x80006f84 (0x01d68333) x 6 0x3d747970
core   0: 0x80006f88 (0x00093233) sltu    tp, s2, zero
core   0: 3 0x80006f88 (0x00093233) x 4 0x00000000
core   0: 0x80006f8c (0x055af063) bgeu    s5, s5, pc + 64
core   0: 3 0x80006f8c (0x055af063)
core   0: 0x80006fcc (0x05896863) bltu    s2, s8, pc + 80
core   0: 3 0x80006fcc (0x05896863)
core   0: 0x8000701c (0x41a550b3) sra     ra, a0, s10
core   0: 3 0x8000701c (0x41a550b3) x 1 0x00000000
core   0: 0x80007020 (0x0362f0b3) remu    ra, t0, s6
core   0: 3 0x80007020 (0x0362f0b3) x 1 0x45c94154
core   0: 0x80007024 (0x4bbf7b93) andi    s7, t5, 1211
core   0: 3 0x80007024 (0x4bbf7b93) x23 0x00000003
core   0: 0x80007028 (0x5c372893) slti    a7, a4, 1475
core   0: 3 0x80007028 (0x5c372893) x17 0x00000001
core   0: 0x8000702c (0x00134233) xor     tp, t1, ra
core   0: 3 0x8000702c (0x00134233) x 4 0x78bd3824
core   0: 0x80007030 (0x00bee233) or      tp, t4, a1
core   0: 3 0x80007030 (0x00bee233) x 4 0xfffffd78
core   0: 0x80007034 (0x0276c8b3) div     a7, a3, t2
core   0: 3 0x80007034 (0x0276c8b3) x17 0xffffffff
core   0: 0x80007038 (0x0304bab3) mulhu   s5, s1, a6
core   0: 3 0x80007038 (0x0304bab3) x21 0x80025e23
core   0: 0x8000703c (0x00d4d913) srli    s2, s1, 13
core   0: 3 0x8000703c (0x00d4d913) x18 0x00040012
core   0: 0x80007040 (0x52cbfa13) andi    s4, s7, 1324
core   0: 3 0x80007040 (0x52cbfa13) x20 0x00000000
core   0: 0x80007044 (0x91194f13) xori    t5, s2, -1775
core   0: 3 0x80007044 (0x91194f13) x30 0xfffbf903
core   0: 0x80007048 (0x002f9133) sll     sp, t6, sp
core   0: 3 0x80007048 (0x002f9133) x 2 0x00000000
core   0: 0x8000704c (0x00000013) nop
core   0: 3 0x8000704c (0x00000013)
core   0: 0x80007050 (0x00417e63) bgeu    sp, tp, pc + 28
core   0: 3 0x80007050 (0x00417e63)
core   0: 0x80007054 (0x0372ce63) blt     t0, s7, pc + 60
core   0: 3 0x80007054 (0x0372ce63)
core   0: 0x80007090 (0x0232e133) rem     sp, t0, gp
core   0: 3 0x80007090 (0x0232e133) x 2 0xc5cb9f78
core   0: 0x80007094 (0x005c6133) or      sp, s8, t0
core   0: 3 0x80007094 (0x005c6133) x 2 0xcffbdffe
core   0: 0x80007098 (0x859944b7) lui     s1, 0x85994
core   0: 3 0x80007098 (0x859944b7) x 9 0x85994000
core   0: 0x8000709c (0x01c7d263) bge     a5, t3, pc + 4
core   0: 3 0x8000709c (0x01c7d263)
core   0: 0x800070a0 (0x020ced33) rem     s10, s9, zero
core   0: 3 0x800070a0 (0x020ced33) x26 0xfffffe96
core   0: 0x800070a4 (0x025b0a63) beq     s6, t0, pc + 52
core   0: 3 0x800070a4 (0x025b0a63)
core   0: 0x800070a8 (0x02e18f33) mul     t5, gp, a4
core   0: 3 0x800070a8 (0x02e18f33) x30 0x00000000
core   0: 0x800070ac (0x01794633) xor     a2, s2, s7
core   0: 3 0x800070ac (0x01794633) x12 0x00040011
core   0: 0x800070b0 (0x0098d393) srli    t2, a7, 9
core   0: 3 0x800070b0 (0x0098d393) x 7 0x007fffff
core   0: 0x800070b4 (0xd7c3b9b7) lui     s3, 0xd7c3b
core   0: 3 0x800070b4 (0xd7c3b9b7) x19 0xd7c3b000
core   0: 0x800070b8 (0x0002b5b3) sltu    a1, t0, zero
core   0: 3 0x800070b8 (0x0002b5b3) x11 0x00000000
core   0: 0x800070bc (0x59478513) addi    a0, a5, 1428
core   0: 3 0x800070bc (0x59478513) x10 0x00000596
core   0: 0x800070c0 (0x00000013) nop
core   0: 3 0x800070c0 (0x00000013)
core   0: 0x800070c4 (0x02f01463) bne     zero, a5, pc + 40
core   0: 3 0x800070c4 (0x02f01463)
core   0: 0x800070ec (0x27cc0a93) addi    s5, s8, 636
core   0: 3 0x800070ec (0x27cc0a93) x21 0x0eb1502a
core   0: 0x800070f0 (0x005572b3) and     t0, a0, t0
core   0: 3 0x800070f0 (0x005572b3) x 5 0x00000510
core   0: 0x800070f4 (0x02f04533) div     a0, zero, a5
core   0: 3 0x800070f4 (0x02f04533) x10 0x00000000
core   0: 0x800070f8 (0xb3cb4293) xori    t0, s6, -1220
core   0: 3 0x800070f8 (0xb3cb4293) x 5 0x7ffda518
core   0: 0x800070fc (0x02679d33) mulh    s10, a5, t1
core   0: 3 0x800070fc (0x02679d33) x26 0x00000000
core   0: 0x80007100 (0x00bb4fb3) xor     t6, s6, a1
core   0: 3 0x80007100 (0x00bb4fb3) x31 0x80025e24
core   0: 0x80007104 (0x01aee5b3) or      a1, t4, s10
core   0: 3 0x80007104 (0x01aee5b3) x11 0xfffff970
core   0: 0x80007108 (0x87b7e193) ori     gp, a5, -1925
core   0: 3 0x80007108 (0x87b7e193) x 3 0xfffff87b
core   0: 0x8000710c (0x04fc4663) blt     s8, a5, pc + 76
core   0: 3 0x8000710c (0x04fc4663)
core   0: 0x80007110 (0x039eb2b3) mulhu   t0, t4, s9
core   0: 3 0x80007110 (0x039eb2b3) x 5 0xfffff806
core   0: 0x80007114 (0x006f4433) xor     s0, t5, t1
core   0: 3 0x80007114 (0x006f4433) x 8 0x3d747970
core   0: 0x80007118 (0x00630c63) beq     t1, t1, pc + 24
core   0: 3 0x80007118 (0x00630c63)
core   0: 0x80007130 (0x0005cbb3) xor     s7, a1, zero
core   0: 3 0x80007130 (0x0005cbb3) x23 0xfffff970
core   0: 0x80007134 (0x00000013) nop
core   0: 3 0x80007134 (0x00000013)
core   0: 0x80007138 (0x2b45a013) slti    zero, a1, 692
core   0: 3 0x80007138 (0x2b45a013)
core   0: 0x8000713c (0x0086ee33) or      t3, a3, s0
core   0: 3 0x8000713c (0x0086ee33) x28 0x3d74f970
core   0: 0x80007140 (0x41cfd513) srai    a0, t6, 28
core   0: 3 0x80007140 (0x41cfd513) x10 0xfffffff8
core   0: 0x80007144 (0x60f1bf93) sltiu   t6, gp, 1551
core   0: 3 0x80007144 (0x60f1bf93) x31 0x00000000
core   0: 0x80007148 (0x00547bb3) and     s7, s0, t0
core   0: 3 0x80007148 (0x00547bb3) x23 0x3d747800
core   0: 0x8000714c (0x018d5e93) srli    t4, s10, 24
core   0: 3 0x8000714c (0x018d5e93) x29 0x00000000
core   0: 0x80007150 (0x00000013) nop
core   0: 3 0x80007150 (0x00000013)
core   0: 0x80007154 (0xbde98893) addi    a7, s3, -1058
core   0: 3 0x80007154 (0xbde98893) x17 0xd7c3abde
core   0: 0x80007158 (0x0094fcb3) and     s9, s1, s1
core   0: 3 0x80007158 (0x0094fcb3) x25 0x85994000
core   0: 0x8000715c (0x01bf1a13) slli    s4, t5, 27
core   0: 3 0x8000715c (0x01bf1a13) x20 0x00000000
core   0: 0x80007160 (0x00108e63) beq     ra, ra, pc + 28
core   0: 3 0x80007160 (0x00108e63)
core   0: 0x8000717c (0x03ecd3b3) divu    t2, s9, t5
core   0: 3 0x8000717c (0x03ecd3b3) x 7 0xffffffff
core   0: 0x80007180 (0x03ff6cb3) rem     s9, t5, t6
core   0: 3 0x80007180 (0x03ff6cb3) x25 0x00000000
core   0: 0x80007184 (0x0067b933) sltu    s2, a5, t1
core   0: 3 0x80007184 (0x0067b933) x18 0x00000001
core   0: 0x80007188 (0x0017bcb3) sltu    s9, a5, ra
core   0: 3 0x80007188 (0x0017bcb3) x25 0x00000001
core   0: 0x8000718c (0x05089663) bne     a7, a6, pc + 76
core   0: 3 0x8000718c (0x05089663)
core   0: 0x800071d8 (0x005343b3) xor     t2, t1, t0
core   0: 3 0x800071d8 (0x005343b3) x 7 0xc28b8176
core   0: 0x800071dc (0x0298ee33) rem     t3, a7, s1
core   0: 3 0x800071dc (0x0298ee33) x28 0xd7c3abde
core   0: 0x800071e0 (0x006f1293) slli    t0, t5, 6
core   0: 3 0x800071e0 (0x006f1293) x 5 0x00000000
core   0: 0x800071e4 (0x02729a63) bne     t0, t2, pc + 52
core   0: 3 0x800071e4 (0x02729a63)
core   0: 0x80007218 (0x0042fe63) bgeu    t0, tp, pc + 28
core   0: 3 0x80007218 (0x0042fe63)
core   0: 0x8000721c (0x01811893) slli    a7, sp, 24
core   0: 3 0x8000721c (0x01811893) x17 0xfe000000
core   0: 0x80007220 (0x41d55533) sra     a0, a0, t4
core   0: 3 0x80007220 (0x41d55533) x10 0xfffffff8
core   0: 0x80007224 (0x025d4bb3) div     s7, s10, t0
core   0: 3 0x80007224 (0x025d4bb3) x23 0xffffffff
core   0: 0x80007228 (0x021edf33) divu    t5, t4, ra
core   0: 3 0x80007228 (0x021edf33) x30 0x00000000
core   0: 0x8000722c (0x0010d463) bge     ra, ra, pc + 8
core   0: 3 0x8000722c (0x0010d463)
core   0: 0x80007234 (0xcf1dc093) xori    ra, s11, -783
core   0: 3 0x80007234 (0xcf1dc093) x 1 0x7ffd6015
core   0: 0x80007238 (0x47953297) auipc   t0, 0x47953
core   0: 3 0x80007238 (0x47953297) x 5 0xc795a238
core   0: 0x8000723c (0x9f0b7637) lui     a2, 0x9f0b7
core   0: 3 0x8000723c (0x9f0b7637) x12 0x9f0b7000
core   0: 0x80007240 (0xd74b3797) auipc   a5, 0xd74b3
core   0: 3 0x80007240 (0xd74b3797) x15 0x574ba240
core   0: 0x80007244 (0x0e26a917) auipc   s2, 0xe26a
core   0: 3 0x80007244 (0x0e26a917) x18 0x8e271244
core   0: 0x80007248 (0x004b2083) lw      ra, 4(s6)
core   0: 3 0x80007248 (0x004b2083) x 1 0x80003734 mem 0x80025e28
core   0: 0x8000724c (0x03deff33) remu    t5, t4, t4
core   0: 3 0x8000724c (0x03deff33) x30 0x00000000
core   0: 0x80007250 (0x040b0b13) addi    s6, s6, 64
core   0: 3 0x80007250 (0x040b0b13) x22 0x80025e64
core   0: 0x80007254 (0x8cd58a13) addi    s4, a1, -1843
core   0: 3 0x80007254 (0x8cd58a13) x20 0xfffff23d
core   0: 0x80007258 (0x00108993) addi    s3, ra, 1
core   0: 3 0x80007258 (0x00108993) x19 0x80003735
core   0: 0x8000725c (0x000989e7) jalr    s3, s3, 0
core   0: 3 0x8000725c (0x000989e7) x19 0x80007260
core   0: 0x80003734 (0x00000013) nop
core   0: 3 0x80003734 (0x00000013)
core   0: 0x80003738 (0x0085df93) srli    t6, a1, 8
core   0: 3 0x80003738 (0x0085df93) x31 0x00fffff9
core   0: 0x8000373c (0xfa623213) sltiu   tp, tp, -90
core   0: 3 0x8000373c (0xfa623213) x 4 0x00000001
core   0: 0x80003740 (0x00000013) nop
core   0: 3 0x80003740 (0x00000013)
core   0: 0x80003744 (0x0377be33) mulhu   t3, a5, s7
core   0: 3 0x80003744 (0x0377be33) x28 0x574ba23f
core   0: 0x80003748 (0x006702b3) add     t0, a4, t1
core   0: 3 0x80003748 (0x006702b3) x 5 0x28895456
core   0: 0x8000374c (0x035289b3) mul     s3, t0, s5
core   0: 3 0x8000374c (0x035289b3) x19 0x9458b61c
core   0: 0x80003750 (0x404f09b3) sub     s3, t5, tp
core   0: 3 0x80003750 (0x404f09b3) x19 0xffffffff
core   0: 0x80003754 (0x74f08217) auipc   tp, 0x74f08
core   0: 3 0x80003754 (0x74f08217) x 4 0xf4f0b754
core   0: 0x80003758 (0x06358c63) beq     a1, gp, pc + 120
core   0: 3 0x80003758 (0x06358c63)
core   0: 0x8000375c (0xe7f3ae17) auipc   t3, 0xe7f3a
core   0: 3 0x8000375c (0xe7f3ae17) x28 0x67f3d75c
core   0: 0x80003760 (0x00000013) nop
core   0: 3 0x80003760 (0x00000013)
core   0: 0x80003764 (0x019bbab3) sltu    s5, s7, s9
core   0: 3 0x80003764 (0x019bbab3) x21 0x00000000
core   0: 0x80003768 (0x41d28c33) sub     s8, t0, t4
core   0: 3 0x80003768 (0x41d28c33) x24 0x28895456
core   0: 0x8000376c (0x00fb1933) sll     s2, s6, a5
core   0: 3 0x8000376c (0x00fb1933) x18 0x80025e64
core   0: 0x80003770 (0x024da8b3) mulhsu  a7, s11, tp
core   0: 3 0x80003770 (0x024da8b3) x17 0x858a2454
core   0: 0x80003774 (0xc3cc3293) sltiu   t0, s8, -964
core   0: 3 0x80003774 (0xc3cc3293) x 5 0x00000001
core   0: 0x80003778 (0x02656033) rem     zero, a0, t1
core   0: 3 0x80003778 (0x02656033)
core   0: 0x8000377c (0x0257eeb3) rem     t4, a5, t0
core   0: 3 0x8000377c (0x0257eeb3) x29 0x00000000
core   0: 0x80003780 (0x00ecafb3) slt     t6, s9, a4
core   0: 3 0x80003780 (0x00ecafb3) x31 0x00000000
core   0: 0x80003784 (0x00f4ed33) or      s10, s1, a5
core   0: 3 0x80003784 (0x00f4ed33) x26 0xd7dbe240
core   0: 0x80003788 (0x018ff9b3) and     s3, t6, s8
core   0: 3 0x80003788 (0x018ff9b3) x19 0x00000000
core   0: 0x8000378c (0x00004a97) auipc   s5, 0x4
core   0: 3 0x8000378c (0x00004a97) x21 0x8000778c
core   0: 0x80003790 (0xad4a8a93) addi    s5, s5, -1324
core   0: 3 0x80003790 (0xad4a8a93) x21 0x80007260
core   0: 0x80003794 (0x039d60b3) rem     ra, s10, s9
core   0: 3 0x80003794 (0x039d60b3) x 1 0x00000000
core   0: 0x80003798 (0x00000013) nop
core   0: 3 0x80003798 (0x00000013)
core   0: 0x8000379c (0xd74a8a93) addi    s5, s5, -652
core   0: 3 0x8000379c (0xd74a8a93) x21 0x80006fd4
core   0: 0x800037a0 (0x013ab933) sltu    s2, s5, s3
core   0: 3 0x800037a0 (0x013ab933) x18 0x00000000
core   0: 0x800037a4 (0x0048d463) bge     a7, tp, pc + 8
core   0: 3 0x800037a4 (0x0048d463)
core   0: 0x800037a8 (0x00e41c33) sll     s8, s0, a4
core   0: 3 0x800037a8 (0x00e41c33) x24 0x5d1e5c00
core   0: 0x800037ac (0x28da80e7) jalr    ra, s5, 653
core   0: 3 0x800037ac (0x28da80e7) x 1 0x800037b0
core   0: 0x80007260 (0x017a0233) add     tp, s4, s7
core   0: 3 0x80007260 (0x017a0233) x 4 0xfffff23c
core   0: 0x80007264 (0x00a57663) bgeu    a0, a0, pc + 12
core   0: 3 0x80007264 (0x00a57663)
core   0: 0x80007270 (0xfd0b0b13) addi    s6, s6, -48
core   0: 3 0x80007270 (0xfd0b0b13) x22 0x80025e34
core   0: 0x80007274 (0x012dc3b3) xor     t2, s11, s2
core   0: 3 0x80007274 (0x012dc3b3) x 7 0x80029ce4
core   0: 0x80007278 (0xad23c693) xori    a3, t2, -1326
core   0: 3 0x80007278 (0xad23c693) x13 0x7ffd6636
core   0: 0x8000727c (0x026236b3) mulhu   a3, tp, t1
core   0: 3 0x8000727c (0x026236b3) x13 0x3d747622
core   0: 0x80007280 (0x001b2223) sw      ra, 4(s6)
core   0: 3 0x80007280 (0x001b2223) mem 0x80025e38 0x800037b0
core   0: 0x80007284 (0x01d5f133) and     sp, a1, t4
core   0: 3 0x80007284 (0x01d5f133) x 2 0x00000000
core   0: 0x80007288 (0xffb00793) li      a5, -5
core   0: 3 0x80007288 (0xffb00793) x15 0xfffffffb
core   0: 0x8000728c (0x40addeb3) sra     t4, s11, a0
core   0: 3 0x8000728c (0x40addeb3) x29 0xffffff80
core   0: 0x80007290 (0x00100f93) li      t6, 1
core   0: 3 0x80007290 (0x00100f93) x31 0x00000001
core   0: 0x80007294 (0x0314b033) mulhu   zero, s1, a7
core   0: 3 0x80007294 (0x0314b033)
core   0: 0x80007298 (0x00bd7eb3) and     t4, s10, a1
core   0: 3 0x80007298 (0x00bd7eb3) x29 0xd7dbe040
core   0: 0x8000729c (0x00378793) addi    a5, a5, 3
core   0: 3 0x8000729c (0x00378793) x15 0xfffffffe
core   0: 0x800072a0 (0xffd00313) li      t1, -3
core   0: 3 0x800072a0 (0xffd00313) x 6 0xfffffffd
core   0: 0x800072a4 (0x02721a33) mulh    s4, tp, t2
core   0: 3 0x800072a4 (0x02721a33) x20 0x000006e1
core   0: 0x800072a8 (0x0287ecb3) rem     s9, a5, s0
core   0: 3 0x800072a8 (0x0287ecb3) x25 0xfffffffe
core   0: 0x800072ac (0x02b27833) remu    a6, tp, a1
core   0: 3 0x800072ac (0x02b27833) x16 0xfffff23c
core   0: 0x800072b0 (0xfed00513) li      a0, -19
core   0: 3 0x800072b0 (0xfed00513) x10 0xffffffed
core   0: 0x800072b4 (0xea10c193) xori    gp, ra, -351
core   0: 3 0x800072b4 (0xea10c193) x 3 0x7fffc911
core   0: 0x800072b8 (0x02ebe6b3) rem     a3, s7, a4
core   0: 3 0x800072b8 (0x02ebe6b3) x13 0xffffffff
core   0: 0x800072bc (0x90397113) andi    sp, s2, -1789
core   0: 3 0x800072bc (0x90397113) x 2 0x00000000
core   0: 0x800072c0 (0xff630313) addi    t1, t1, -10
core   0: 3 0x800072c0 (0xff630313) x 6 0xfffffff3
core   0: 0x800072c4 (0xfea35ae3) bge     t1, a0, pc - 12
core   0: 3 0x800072c4 (0xfea35ae3)
core   0: 0x800072b8 (0x02ebe6b3) rem     a3, s7, a4
core   0: 3 0x800072b8 (0x02ebe6b3) x13 0xffffffff
core   0: 0x800072bc (0x90397113) andi    sp, s2, -1789
core   0: 3 0x800072bc (0x90397113) x 2 0x00000000
core   0: 0x800072c0 (0xff630313) addi    t1, t1, -10
core   0: 3 0x800072c0 (0xff630313) x 6 0xffffffe9
core   0: 0x800072c4 (0xfea35ae3) bge     t1, a0, pc - 12
core   0: 3 0x800072c4 (0xfea35ae3)
core   0: 0x800072c8 (0x404f5493) srai    s1, t5, 4
core   0: 3 0x800072c8 (0x404f5493) x 9 0x00000000
core   0: 0x800072cc (0xfdf7c4e3) blt     a5, t6, pc - 56
core   0: 3 0x800072cc (0xfdf7c4e3)
core   0: 0x80007294 (0x0314b033) mulhu   zero, s1, a7
core   0: 3 0x80007294 (0x0314b033)
core   0: 0x80007298 (0x00bd7eb3) and     t4, s10, a1
core   0: 3 0x80007298 (0x00bd7eb3) x29 0xd7dbe040
core   0: 0x8000729c (0x00378793) addi    a5, a5, 3
core   0: 3 0x8000729c (0x00378793) x15 0x00000001
core   0: 0x800072a0 (0xffd00313) li      t1, -3
core   0: 3 0x800072a0 (0xffd00313) x 6 0xfffffffd
core   0: 0x800072a4 (0x02721a33) mulh    s4, tp, t2
core   0: 3 0x800072a4 (0x02721a33) x20 0x000006e1
core   0: 0x800072a8 (0x0287ecb3) rem     s9, a5, s0
core   0: 3 0x800072a8 (0x0287ecb3) x25 0x00000001
core   0: 0x800072ac (0x02b27833) remu    a6, tp, a1
core   0: 3 0x800072ac (0x02b27833) x16 0xfffff23c
core   0: 0x800072b0 (0xfed00513) li      a0, -19
core   0: 3 0x800072b0 (0xfed00513) x10 0xffffffed
core   0: 0x800072b4 (0xea10c193) xori    gp, ra, -351
core   0: 3 0x800072b4 (0xea10c193) x 3 0x7fffc911
core   0: 0x800072b8 (0x02ebe6b3) rem     a3, s7, a4
core   0: 3 0x800072b8 (0x02ebe6b3) x13 0xffffffff
core   0: 0x800072bc (0x90397113) andi    sp, s2, -1789
core   0: 3 0x800072bc (0x90397113) x 2 0x00000000
core   0: 0x800072c0 (0xff630313) addi    t1, t1, -10
core   0: 3 0x800072c0 (0xff630313) x 6 0xfffffff3
core   0: 0x800072c4 (0xfea35ae3) bge     t1, a0, pc - 12
core   0: 3 0x800072c4 (0xfea35ae3)
core   0: 0x800072b8 (0x02ebe6b3) rem     a3, s7, a4
core   0: 3 0x800072b8 (0x02ebe6b3) x13 0xffffffff
core   0: 0x800072bc (0x90397113) andi    sp, s2, -1789
core   0: 3 0x800072bc (0x90397113) x 2 0x00000000
core   0: 0x800072c0 (0xff630313) addi    t1, t1, -10
core   0: 3 0x800072c0 (0xff630313) x 6 0xffffffe9
core   0: 0x800072c4 (0xfea35ae3) bge     t1, a0, pc - 12
core   0: 3 0x800072c4 (0xfea35ae3)
core   0: 0x800072c8 (0x404f5493) srai    s1, t5, 4
core   0: 3 0x800072c8 (0x404f5493) x 9 0x00000000
core   0: 0x800072cc (0xfdf7c4e3) blt     a5, t6, pc - 56
core   0: 3 0x800072cc (0xfdf7c4e3)
core   0: 0x800072d0 (0x03af8133) mul     sp, t6, s10
core   0: 3 0x800072d0 (0x03af8133) x 2 0xd7dbe240
core   0: 0x800072d4 (0xffb00c13) li      s8, -5
core   0: 3 0x800072d4 (0xffb00c13) x24 0xfffffffb
core   0: 0x800072d8 (0x41f2dd33) sra     s10, t0, t6
core   0: 3 0x800072d8 (0x41f2dd33) x26 0x00000000
core   0: 0x800072dc (0x00100193) li      gp, 1
core   0: 3 0x800072dc (0x00100193) x 3 0x00000001
core   0: 0x800072e0 (0x3fe25a97) auipc   s5, 0x3fe25
core   0: 3 0x800072e0 (0x3fe25a97) x21 0xbfe2c2e0
core   0: 0x800072e4 (0x003cc3b3) xor     t2, s9, gp
core   0: 3 0x800072e4 (0x003cc3b3) x 7 0x00000000
core   0: 0x800072e8 (0x02fd8eb3) mul     t4, s11, a5
core   0: 3 0x800072e8 (0x02fd8eb3) x29 0x80029ce4
core   0: 0x800072ec (0x001c0c13) addi    s8, s8, 1
core   0: 3 0x800072ec (0x001c0c13) x24 0xfffffffc
core   0: 0x800072f0 (0xffc00493) li      s1, -4
core   0: 3 0x800072f0 (0xffc00493) x 9 0xfffffffc
core   0: 0x800072f4 (0x001e9033) sll     zero, t4, ra
core   0: 3 0x800072f4 (0x001e9033)
core   0: 0x800072f8 (0x00200613) li      a2, 2
core   0: 3 0x800072f8 (0x00200613) x12 0x00000002
core   0: 0x800072fc (0x00000013) nop
core   0: 3 0x800072fc (0x00000013)
core   0: 0x80007300 (0x00989ab3) sll     s5, a7, s1
core   0: 3 0x80007300 (0x00989ab3) x21 0x40000000
core   0: 0x80007304 (0x50d8e693) ori     a3, a7, 1293
core   0: 3 0x80007304 (0x50d8e693) x13 0x858a255d
core   0: 0x80007308 (0x0019ad33) slt     s10, s3, ra
core   0: 3 0x80007308 (0x0019ad33) x26 0x00000000
core   0: 0x8000730c (0x002ea3b3) slt     t2, t4, sp
core   0: 3 0x8000730c (0x002ea3b3) x 7 0x00000001
core   0: 0x80007310 (0x100aff13) andi    t5, s5, 256
core   0: 3 0x80007310 (0x100aff13) x30 0x00000000
core   0: 0x80007314 (0x0b6ce413) ori     s0, s9, 182
core   0: 3 0x80007314 (0x0b6ce413) x 8 0x000000b7
core   0: 0x80007318 (0x29b9ea93) ori     s5, s3, 667
core   0: 3 0x80007318 (0x29b9ea93) x21 0x0000029b
core   0: 0x8000731c (0x7a59f313) andi    t1, s3, 1957
core   0: 3 0x8000731c (0x7a59f313) x 6 0x00000000
core   0: 0x80007320 (0x0137c9b3) xor     s3, a5, s3
core   0: 3 0x80007320 (0x0137c9b3) x19 0x00000001
core   0: 0x80007324 (0x41e58333) sub     t1, a1, t5
core   0: 3 0x80007324 (0x41e58333) x 6 0xfffff970
core   0: 0x80007328 (0x408085b3) sub     a1, ra, s0
core   0: 3 0x80007328 (0x408085b3) x11 0x800036f9
core   0: 0x8000732c (0x00548493) addi    s1, s1, 5
core   0: 3 0x8000732c (0x00548493) x 9 0x00000001
core   0: 0x80007330 (0xfcc4eee3) bltu    s1, a2, pc - 36
core   0: 3 0x80007330 (0xfcc4eee3)
core   0: 0x8000730c (0x002ea3b3) slt     t2, t4, sp
core   0: 3 0x8000730c (0x002ea3b3) x 7 0x00000001
core   0: 0x80007310 (0x100aff13) andi    t5, s5, 256
core   0: 3 0x80007310 (0x100aff13) x30 0x00000000
core   0: 0x80007314 (0x0b6ce413) ori     s0, s9, 182
core   0: 3 0x80007314 (0x0b6ce413) x 8 0x000000b7
core   0: 0x80007318 (0x29b9ea93) ori     s5, s3, 667
core   0: 3 0x80007318 (0x29b9ea93) x21 0x0000029b
core   0: 0x8000731c (0x7a59f313) andi    t1, s3, 1957
core   0: 3 0x8000731c (0x7a59f313) x 6 0x00000001
core   0: 0x80007320 (0x0137c9b3) xor     s3, a5, s3
core   0: 3 0x80007320 (0x0137c9b3) x19 0x00000000
core   0: 0x80007324 (0x41e58333) sub     t1, a1, t5
core   0: 3 0x80007324 (0x41e58333) x 6 0x800036f9
core   0: 0x80007328 (0x408085b3) sub     a1, ra, s0
core   0: 3 0x80007328 (0x408085b3) x11 0x800036f9
core   0: 0x8000732c (0x00548493) addi    s1, s1, 5
core   0: 3 0x8000732c (0x00548493) x 9 0x00000006
core   0: 0x80007330 (0xfcc4eee3) bltu    s1, a2, pc - 36
core   0: 3 0x80007330 (0xfcc4eee3)
core   0: 0x80007334 (0x020b9533) mulh    a0, s7, zero
core   0: 3 0x80007334 (0x020b9533) x10 0x00000000
core   0: 0x80007338 (0x03d0e833) rem     a6, ra, t4
core   0: 3 0x80007338 (0x03d0e833) x16 0xfffd9acc
core   0: 0x8000733c (0x029f5033) divu    zero, t5, s1
core   0: 3 0x8000733c (0x029f5033)
core   0: 0x80007340 (0x0187efb3) or      t6, a5, s8
core   0: 3 0x80007340 (0x0187efb3) x31 0xfffffffd
core   0: 0x80007344 (0x00595293) srli    t0, s2, 5
core   0: 3 0x80007344 (0x00595293) x 5 0x00000000
core   0: 0x80007348 (0x00f8f133) and     sp, a7, a5
core   0: 3 0x80007348 (0x00f8f133) x 2 0x00000000
core   0: 0x8000734c (0x00a4fa33) and     s4, s1, a0
core   0: 3 0x8000734c (0x00a4fa33) x20 0x00000000
core   0: 0x80007350 (0x759f3093) sltiu   ra, t5, 1881
core   0: 3 0x80007350 (0x759f3093) x 1 0x00000001
core   0: 0x80007354 (0xf83c08e3) beq     s8, gp, pc - 112
core   0: 3 0x80007354 (0xf83c08e3)
core   0: 0x80007358 (0x022c9bb3) mulh    s7, s9, sp
core   0: 3 0x80007358 (0x022c9bb3) x23 0x00000000
core   0: 0x8000735c (0x00a00193) li      gp, 10
core   0: 3 0x8000735c (0x00a00193) x 3 0x0000000a
core   0: 0x80007360 (0x3eda6793) ori     a5, s4, 1005
core   0: 3 0x80007360 (0x3eda6793) x15 0x000003ed
core   0: 0x80007364 (0x03a86033) rem     zero, a6, s10
core   0: 3 0x80007364 (0x03a86033)
core   0: 0x80007368 (0x2c533697) auipc   a3, 0x2c533
core   0: 3 0x80007368 (0x2c533697) x13 0xac53a368
core   0: 0x8000736c (0x00363033) sltu    zero, a2, gp
core   0: 3 0x8000736c (0x00363033)
core   0: 0x80007370 (0xbc42e913) ori     s2, t0, -1084
core   0: 3 0x80007370 (0xbc42e913) x18 0xfffffbc4
core   0: 0x80007374 (0x014d1133) sll     sp, s10, s4
core   0: 3 0x80007374 (0x014d1133) x 2 0x00000000
core   0: 0x80007378 (0x3a913993) sltiu   s3, sp, 937
core   0: 3 0x80007378 (0x3a913993) x19 0x00000001
core   0: 0x8000737c (0x00a00813) li      a6, 10
core   0: 3 0x8000737c (0x00a00813) x16 0x0000000a
core   0: 0x80007380 (0x037ee5b3) rem     a1, t4, s7
core   0: 3 0x80007380 (0x037ee5b3) x11 0x80029ce4
core   0: 0x80007384 (0x03c54fb3) div     t6, a0, t3
core   0: 3 0x80007384 (0x03c54fb3) x31 0x00000000
core   0: 0x80007388 (0xab78dc37) lui     s8, 0xab78d
core   0: 3 0x80007388 (0xab78dc37) x24 0xab78d000
core   0: 0x8000738c (0x161e0293) addi    t0, t3, 353
core   0: 3 0x8000738c (0x161e0293) x 5 0x67f3d8bd
core   0: 0x80007390 (0xff818193) addi    gp, gp, -8
core   0: 3 0x80007390 (0xff818193) x 3 0x00000002
core   0: 0x80007394 (0x03ab1d33) mulh    s10, s6, s10
core   0: 3 0x80007394 (0x03ab1d33) x26 0x00000000
core   0: 0x80007398 (0x01685d33) srl     s10, a6, s6
core   0: 3 0x80007398 (0x01685d33) x26 0x00000000
core   0: 0x8000739c (0x009568b3) or      a7, a0, s1
core   0: 3 0x8000739c (0x009568b3) x17 0x00000006
core   0: 0x800073a0 (0xff01f6e3) bgeu    gp, a6, pc - 20
core   0: 3 0x800073a0 (0xff01f6e3)
core   0: 0x800073a4 (0x0015e9b3) or      s3, a1, ra
core   0: 3 0x800073a4 (0x0015e9b3) x19 0x80029ce5
core   0: 0x800073a8 (0x00a00513) li      a0, 10
core   0: 3 0x800073a8 (0x00a00513) x10 0x0000000a
core   0: 0x800073ac (0x41e35f93) srai    t6, t1, 30
core   0: 3 0x800073ac (0x41e35f93) x31 0xfffffffe
core   0: 0x800073b0 (0x00cc0133) add     sp, s8, a2
core   0: 3 0x800073b0 (0x00cc0133) x 2 0xab78d002
core   0: 0x800073b4 (0x03a3fbb3) remu    s7, t2, s10
core   0: 3 0x800073b4 (0x03a3fbb3) x23 0x00000001
core   0: 0x800073b8 (0x00a00193) li      gp, 10
core   0: 3 0x800073b8 (0x00a00193) x 3 0x0000000a
core   0: 0x800073bc (0xc310aeb7) lui     t4, 0xc310a
core   0: 3 0x800073bc (0xc310aeb7) x29 0xc310a000
core   0: 0x800073c0 (0x011f5093) srli    ra, t5, 17
core   0: 3 0x800073c0 (0x011f5093) x 1 0x00000000
core   0: 0x800073c4 (0x020d3cb3) mulhu   s9, s10, zero
core   0: 3 0x800073c4 (0x020d3cb3) x25 0x00000000
core   0: 0x800073c8 (0x400587b3) sub     a5, a1, zero
core   0: 3 0x800073c8 (0x400587b3) x15 0x80029ce4
core   0: 0x800073cc (0xff750513) addi    a0, a0, -9
core   0: 3 0x800073cc (0xff750513) x10 0x00000001
core   0: 0x800073d0 (0xff800613) li      a2, -8
core   0: 3 0x800073d0 (0xff800613) x12 0xfffffff8
core   0: 0x800073d4 (0xb9112013) slti    zero, sp, -1135
core   0: 3 0x800073d4 (0xb9112013)
core   0: 0x800073d8 (0x00e00993) li      s3, 14
core   0: 3 0x800073d8 (0x00e00993) x19 0x0000000e
core   0: 0x800073dc (0x00618f33) add     t5, gp, t1
core   0: 3 0x800073dc (0x00618f33) x30 0x80003703
core   0: 0x800073e0 (0x00660613) addi    a2, a2, 6
core   0: 3 0x800073e0 (0x00660613) x12 0xfffffffe
core   0: 0x800073e4 (0x2ae1aa13) slti    s4, gp, 686
core   0: 3 0x800073e4 (0x2ae1aa13) x20 0x00000001
core   0: 0x800073e8 (0x03918033) mul     zero, gp, s9
core   0: 3 0x800073e8 (0x03918033)
core   0: 0x800073ec (0x00586233) or      tp, a6, t0
core   0: 3 0x800073ec (0x00586233) x 4 0x67f3d8bf
core   0: 0x800073f0 (0x7ed16313) ori     t1, sp, 2029
core   0: 3 0x800073f0 (0x7ed16313) x 6 0xab78d7ef
core   0: 0x800073f4 (0xff3644e3) blt     a2, s3, pc - 24
core   0: 3 0x800073f4 (0xff3644e3)
core   0: 0x800073dc (0x00618f33) add     t5, gp, t1
core   0: 3 0x800073dc (0x00618f33) x30 0xab78d7f9
core   0: 0x800073e0 (0x00660613) addi    a2, a2, 6
core   0: 3 0x800073e0 (0x00660613) x12 0x00000004
core   0: 0x800073e4 (0x2ae1aa13) slti    s4, gp, 686
core   0: 3 0x800073e4 (0x2ae1aa13) x20 0x00000001
core   0: 0x800073e8 (0x03918033) mul     zero, gp, s9
core   0: 3 0x800073e8 (0x03918033)
core   0: 0x800073ec (0x00586233) or      tp, a6, t0
core   0: 3 0x800073ec (0x00586233) x 4 0x67f3d8bf
core   0: 0x800073f0 (0x7ed16313) ori     t1, sp, 2029
core   0: 3 0x800073f0 (0x7ed16313) x 6 0xab78d7ef
core   0: 0x800073f4 (0xff3644e3) blt     a2, s3, pc - 24
core   0: 3 0x800073f4 (0xff3644e3)
core   0: 0x800073dc (0x00618f33) add     t5, gp, t1
core   0: 3 0x800073dc (0x00618f33) x30 0xab78d7f9
core   0: 0x800073e0 (0x00660613) addi    a2, a2, 6
core   0: 3 0x800073e0 (0x00660613) x12 0x0000000a
core   0: 0x800073e4 (0x2ae1aa13) slti    s4, gp, 686
core   0: 3 0x800073e4 (0x2ae1aa13) x20 0x00000001
core   0: 0x800073e8 (0x03918033) mul     zero, gp, s9
core   0: 3 0x800073e8 (0x03918033)
core   0: 0x800073ec (0x00586233) or      tp, a6, t0
core   0: 3 0x800073ec (0x00586233) x 4 0x67f3d8bf
core   0: 0x800073f0 (0x7ed16313) ori     t1, sp, 2029
core   0: 3 0x800073f0 (0x7ed16313) x 6 0xab78d7ef
core   0: 0x800073f4 (0xff3644e3) blt     a2, s3, pc - 24
core   0: 3 0x800073f4 (0xff3644e3)
core   0: 0x800073dc (0x00618f33) add     t5, gp, t1
core   0: 3 0x800073dc (0x00618f33) x30 0xab78d7f9
core   0: 0x800073e0 (0x00660613) addi    a2, a2, 6
core   0: 3 0x800073e0 (0x00660613) x12 0x00000010
core   0: 0x800073e4 (0x2ae1aa13) slti    s4, gp, 686
core   0: 3 0x800073e4 (0x2ae1aa13) x20 0x00000001
core   0: 0x800073e8 (0x03918033) mul     zero, gp, s9
core   0: 3 0x800073e8 (0x03918033)
core   0: 0x800073ec (0x00586233) or      tp, a6, t0
core   0: 3 0x800073ec (0x00586233) x 4 0x67f3d8bf
core   0: 0x800073f0 (0x7ed16313) ori     t1, sp, 2029
core   0: 3 0x800073f0 (0x7ed16313) x 6 0xab78d7ef
core   0: 0x800073f4 (0xff3644e3) blt     a2, s3, pc - 24
core   0: 3 0x800073f4 (0xff3644e3)
core   0: 0x800073f8 (0x013ddd13) srli    s10, s11, 19
core   0: 3 0x800073f8 (0x013ddd13) x26 0x00001000
core   0: 0x800073fc (0x05964313) xori    t1, a2, 89
core   0: 3 0x800073fc (0x05964313) x 6 0x00000049
core   0: 0x80007400 (0x83215137) lui     sp, 0x83215
core   0: 3 0x80007400 (0x83215137) x 2 0x83215000
core   0: 0x80007404 (0x00000013) nop
core   0: 3 0x80007404 (0x00000013)
core   0: 0x80007408 (0xfa357ee3) bgeu    a0, gp, pc - 68
core   0: 3 0x80007408 (0xfa357ee3)
core   0: 0x8000740c (0x73547313) andi    t1, s0, 1845
core   0: 3 0x8000740c (0x73547313) x 6 0x00000035
core   0: 0x80007410 (0xffc00b93) li      s7, -4
core   0: 3 0x80007410 (0xffc00b93) x23 0xfffffffc
core   0: 0x80007414 (0x00bed793) srli    a5, t4, 11
core   0: 3 0x80007414 (0x00bed793) x15 0x00186214
core   0: 0x80007418 (0x018cd1b3) srl     gp, s9, s8
core   0: 3 0x80007418 (0x018cd1b3) x 3 0x00000000
core   0: 0x8000741c (0x019496b3) sll     a3, s1, s9
core   0: 3 0x8000741c (0x019496b3) x13 0x00000006
core   0: 0x80007420 (0x25a77913) andi    s2, a4, 602
core   0: 3 0x80007420 (0x25a77913) x18 0x00000242
core   0: 0x80007424 (0x00527333) and     t1, tp, t0
core   0: 3 0x80007424 (0x00527333) x 6 0x67f3d8bd
core   0: 0x80007428 (0x00c00993) li      s3, 12
core   0: 3 0x80007428 (0x00c00993) x19 0x0000000c
core   0: 0x8000742c (0x0387b133) mulhu   sp, a5, s8
core   0: 3 0x8000742c (0x0387b133) x 2 0x00105505
core   0: 0x80007430 (0x03c6f8b3) remu    a7, a3, t3
core   0: 3 0x80007430 (0x03c6f8b3) x17 0x00000006
core   0: 0x80007434 (0x0c5b1cb7) lui     s9, 0xc5b1
core   0: 3 0x80007434 (0x0c5b1cb7) x25 0x0c5b1000
core   0: 0x80007438 (0x00000013) nop
core   0: 3 0x80007438 (0x00000013)
core   0: 0x8000743c (0x2e54b793) sltiu   a5, s1, 741
core   0: 3 0x8000743c (0x2e54b793) x15 0x00000001
core   0: 0x80007440 (0xae94b093) sltiu   ra, s1, -1303
core   0: 3 0x80007440 (0xae94b093) x 1 0x00000001
core   0: 0x80007444 (0xe7df8f93) addi    t6, t6, -387
core   0: 3 0x80007444 (0xe7df8f93) x31 0xfffffe7b
core   0: 0x80007448 (0x027681b3) mul     gp, a3, t2
core   0: 3 0x80007448 (0x027681b3) x 3 0x00000006
core   0: 0x8000744c (0x00000013) nop
core   0: 3 0x8000744c (0x00000013)
core   0: 0x80007450 (0x1e55ce13) xori    t3, a1, 485
core   0: 3 0x80007450 (0x1e55ce13) x28 0x80029d01
core   0: 0x80007454 (0x58f4bc97) auipc   s9, 0x58f4b
core   0: 3 0x80007454 (0x58f4bc97) x25 0xd8f52454
core   0: 0x80007458 (0x008b8b93) addi    s7, s7, 8
core   0: 3 0x80007458 (0x008b8b93) x23 0x00000004
core   0: 0x8000745c (0x00000013) nop
core   0: 3 0x8000745c (0x00000013)
core   0: 0x80007460 (0x008875b3) and     a1, a6, s0
core   0: 3 0x80007460 (0x008875b3) x11 0x00000002
core   0: 0x80007464 (0x00000013) nop
core   0: 3 0x80007464 (0x00000013)
core   0: 0x80007468 (0xff3b94e3) bne     s7, s3, pc - 24
core   0: 3 0x80007468 (0xff3b94e3)
core   0: 0x80007450 (0x1e55ce13) xori    t3, a1, 485
core   0: 3 0x80007450 (0x1e55ce13) x28 0x000001e7
core   0: 0x80007454 (0x58f4bc97) auipc   s9, 0x58f4b
core   0: 3 0x80007454 (0x58f4bc97) x25 0xd8f52454
core   0: 0x80007458 (0x008b8b93) addi    s7, s7, 8
core   0: 3 0x80007458 (0x008b8b93) x23 0x0000000c
core   0: 0x8000745c (0x00000013) nop
core   0: 3 0x8000745c (0x00000013)
core   0: 0x80007460 (0x008875b3) and     a1, a6, s0
core   0: 3 0x80007460 (0x008875b3) x11 0x00000002
core   0: 0x80007464 (0x00000013) nop
core   0: 3 0x80007464 (0x00000013)
core   0: 0x80007468 (0xff3b94e3) bne     s7, s3, pc - 24
core   0: 3 0x80007468 (0xff3b94e3)
core   0: 0x8000746c (0x77308e13) addi    t3, ra, 1907
core   0: 3 0x8000746c (0x77308e13) x28 0x00000774
core   0: 0x80007470 (0x00800213) li      tp, 8
core   0: 3 0x80007470 (0x00800213) x 4 0x00000008
core   0: 0x80007474 (0x00800e93) li      t4, 8
core   0: 3 0x80007474 (0x00800e93) x29 0x00000008
core   0: 0x80007478 (0x02b62633) mulhsu  a2, a2, a1
core   0: 3 0x80007478 (0x02b62633) x12 0x00000000
core   0: 0x8000747c (0xff920213) addi    tp, tp, -7
core   0: 3 0x8000747c (0xff920213) x 4 0x00000001
core   0: 0x80007480 (0xffa00193) li      gp, -6
core   0: 3 0x80007480 (0xffa00193) x 3 0xfffffffa
core   0: 0x80007484 (0xffe00313) li      t1, -2
core   0: 3 0x80007484 (0xffe00313) x 6 0xfffffffe
core   0: 0x80007488 (0x3a093793) sltiu   a5, s2, 928
core   0: 3 0x80007488 (0x3a093793) x15 0x00000001
core   0: 0x8000748c (0x00218193) addi    gp, gp, 2
core   0: 3 0x8000748c (0x00218193) x 3 0xfffffffc
core   0: 0x80007490 (0xfe61cce3) blt     gp, t1, pc - 8
core   0: 3 0x80007490 (0xfe61cce3)
core   0: 0x80007488 (0x3a093793) sltiu   a5, s2, 928
core   0: 3 0x80007488 (0x3a093793) x15 0x00000001
core   0: 0x8000748c (0x00218193) addi    gp, gp, 2
core   0: 3 0x8000748c (0x00218193) x 3 0xfffffffe
core   0: 0x80007490 (0xfe61cce3) blt     gp, t1, pc - 8
core   0: 3 0x80007490 (0xfe61cce3)
core   0: 0x80007494 (0xffd272e3) bgeu    tp, t4, pc - 28
core   0: 3 0x80007494 (0xffd272e3)
core   0: 0x80007498 (0x01b49f33) sll     t5, s1, s11
core   0: 3 0x80007498 (0x01b49f33) x30 0x00000060
core   0: 0x8000749c (0xffd00613) li      a2, -3
core   0: 3 0x8000749c (0xffd00613) x12 0xfffffffd
core   0: 0x800074a0 (0x9ed08c93) addi    s9, ra, -1555
core   0: 3 0x800074a0 (0x9ed08c93) x25 0xfffff9ee
core   0: 0x800074a4 (0x008073b3) and     t2, zero, s0
core   0: 3 0x800074a4 (0x008073b3) x 7 0x00000000
core   0: 0x800074a8 (0x0054cfb3) xor     t6, s1, t0
core   0: 3 0x800074a8 (0x0054cfb3) x31 0x67f3d8bb
core   0: 0x800074ac (0x03a7e033) rem     zero, a5, s10
core   0: 3 0x800074ac (0x03a7e033)
core   0: 0x800074b0 (0x01100213) li      tp, 17
core   0: 3 0x800074b0 (0x01100213) x 4 0x00000011
core   0: 0x800074b4 (0x41c05393) srai    t2, zero, 28
core   0: 3 0x800074b4 (0x41c05393) x 7 0x00000000
core   0: 0x800074b8 (0x0228d7b3) divu    a5, a7, sp
core   0: 3 0x800074b8 (0x0228d7b3) x15 0x00000000
core   0: 0x800074bc (0x00160613) addi    a2, a2, 1
core   0: 3 0x800074bc (0x00160613) x12 0xfffffffe
core   0: 0x800074c0 (0x032db7b3) mulhu   a5, s11, s2
core   0: 3 0x800074c0 (0x032db7b3) x15 0x00000121
core   0: 0x800074c4 (0x0333fab3) remu    s5, t2, s3
core   0: 3 0x800074c4 (0x0333fab3) x21 0x00000000
core   0: 0x800074c8 (0xfe4618e3) bne     a2, tp, pc - 16
core   0: 3 0x800074c8 (0xfe4618e3)
core   0: 0x800074b8 (0x0228d7b3) divu    a5, a7, sp
core   0: 3 0x800074b8 (0x0228d7b3) x15 0x00000000
core   0: 0x800074bc (0x00160613) addi    a2, a2, 1
core   0: 3 0x800074bc (0x00160613) x12 0xffffffff
core   0: 0x800074c0 (0x032db7b3) mulhu   a5, s11, s2
core   0: 3 0x800074c0 (0x032db7b3) x15 0x00000121
core   0: 0x800074c4 (0x0333fab3) remu    s5, t2, s3
core   0: 3 0x800074c4 (0x0333fab3) x21 0x00000000
core   0: 0x800074c8 (0xfe4618e3) bne     a2, tp, pc - 16
core   0: 3 0x800074c8 (0xfe4618e3)
core   0: 0x800074b8 (0x0228d7b3) divu    a5, a7, sp
core   0: 3 0x800074b8 (0x0228d7b3) x15 0x00000000
core   0: 0x800074bc (0x00160613) addi    a2, a2, 1
core   0: 3 0x800074bc (0x00160613) x12 0x00000000
core   0: 0x800074c0 (0x032db7b3) mulhu   a5, s11, s2
core   0: 3 0x800074c0 (0x032db7b3) x15 0x00000121
core   0: 0x800074c4 (0x0333fab3) remu    s5, t2, s3
core   0: 3 0x800074c4 (0x0333fab3) x21 0x00000000
core   0: 0x800074c8 (0xfe4618e3) bne     a2, tp, pc - 16
core   0: 3 0x800074c8 (0xfe4618e3)
core   0: 0x800074b8 (0x0228d7b3) divu    a5, a7, sp
core   0: 3 0x800074b8 (0x0228d7b3) x15 0x00000000
core   0: 0x800074bc (0x00160613) addi    a2, a2, 1
core   0: 3 0x800074bc (0x00160613) x12 0x00000001
core   0: 0x800074c0 (0x032db7b3) mulhu   a5, s11, s2
core   0: 3 0x800074c0 (0x032db7b3) x15 0x00000121
core   0: 0x800074c4 (0x0333fab3) remu    s5, t2, s3
core   0: 3 0x800074c4 (0x0333fab3) x21 0x00000000
core   0: 0x800074c8 (0xfe4618e3) bne     a2, tp, pc - 16
core   0: 3 0x800074c8 (0xfe4618e3)
core   0: 0x800074b8 (0x0228d7b3) divu    a5, a7, sp
core   0: 3 0x800074b8 (0x0228d7b3) x15 0x00000000
core   0: 0x800074bc (0x00160613) addi    a2, a2, 1
core   0: 3 0x800074bc (0x00160613) x12 0x00000002
core   0: 0x800074c0 (0x032db7b3) mulhu   a5, s11, s2
core   0: 3 0x800074c0 (0x032db7b3) x15 0x00000121
core   0: 0x800074c4 (0x0333fab3) remu    s5, t2, s3
core   0: 3 0x800074c4 (0x0333fab3) x21 0x00000000
core   0: 0x800074c8 (0xfe4618e3) bne     a2, tp, pc - 16
core   0: 3 0x800074c8 (0xfe4618e3)
core   0: 0x800074b8 (0x0228d7b3) divu    a5, a7, sp
core   0: 3 0x800074b8 (0x0228d7b3) x15 0x00000000
core   0: 0x800074bc (0x00160613) addi    a2, a2, 1
core   0: 3 0x800074bc (0x00160613) x12 0x00000003
core   0: 0x800074c0 (0x032db7b3) mulhu   a5, s11, s2
core   0: 3 0x800074c0 (0x032db7b3) x15 0x00000121
core   0: 0x800074c4 (0x0333fab3) remu    s5, t2, s3
core   0: 3 0x800074c4 (0x0333fab3) x21 0x00000000
core   0: 0x800074c8 (0xfe4618e3) bne     a2, tp, pc - 16
core   0: 3 0x800074c8 (0xfe4618e3)
core   0: 0x800074b8 (0x0228d7b3) divu    a5, a7, sp
core   0: 3 0x800074b8 (0x0228d7b3) x15 0x00000000
core   0: 0x800074bc (0x00160613) addi    a2, a2, 1
core   0: 3 0x800074bc (0x00160613) x12 0x00000004
core   0: 0x800074c0 (0x032db7b3) mulhu   a5, s11, s2
core   0: 3 0x800074c0 (0x032db7b3) x15 0x00000121
core   0: 0x800074c4 (0x0333fab3) remu    s5, t2, s3
core   0: 3 0x800074c4 (0x0333fab3) x21 0x00000000
core   0: 0x800074c8 (0xfe4618e3) bne     a2, tp, pc - 16
core   0: 3 0x800074c8 (0xfe4618e3)
core   0: 0x800074b8 (0x0228d7b3) divu    a5, a7, sp
core   0: 3 0x800074b8 (0x0228d7b3) x15 0x00000000
core   0: 0x800074bc (0x00160613) addi    a2, a2, 1
core   0: 3 0x800074bc (0x00160613) x12 0x00000005
core   0: 0x800074c0 (0x032db7b3) mulhu   a5, s11, s2
core   0: 3 0x800074c0 (0x032db7b3) x15 0x00000121
core   0: 0x800074c4 (0x0333fab3) remu    s5, t2, s3
core   0: 3 0x800074c4 (0x0333fab3) x21 0x00000000
core   0: 0x800074c8 (0xfe4618e3) bne     a2, tp, pc - 16
core   0: 3 0x800074c8 (0xfe4618e3)
core   0: 0x800074b8 (0x0228d7b3) divu    a5, a7, sp
core   0: 3 0x800074b8 (0x0228d7b3) x15 0x00000000
core   0: 0x800074bc (0x00160613) addi    a2, a2, 1
core   0: 3 0x800074bc (0x00160613) x12 0x00000006
core   0: 0x800074c0 (0x032db7b3) mulhu   a5, s11, s2
core   0: 3 0x800074c0 (0x032db7b3) x15 0x00000121
core   0: 0x800074c4 (0x0333fab3) remu    s5, t2, s3
core   0: 3 0x800074c4 (0x0333fab3) x21 0x00000000
core   0: 0x800074c8 (0xfe4618e3) bne     a2, tp, pc - 16
core   0: 3 0x800074c8 (0xfe4618e3)
core   0: 0x800074b8 (0x0228d7b3) divu    a5, a7, sp
core   0: 3 0x800074b8 (0x0228d7b3) x15 0x00000000
core   0: 0x800074bc (0x00160613) addi    a2, a2, 1
core   0: 3 0x800074bc (0x00160613) x12 0x00000007
core   0: 0x800074c0 (0x032db7b3) mulhu   a5, s11, s2
core   0: 3 0x800074c0 (0x032db7b3) x15 0x00000121
core   0: 0x800074c4 (0x0333fab3) remu    s5, t2, s3
core   0: 3 0x800074c4 (0x0333fab3) x21 0x00000000
core   0: 0x800074c8 (0xfe4618e3) bne     a2, tp, pc - 16
core   0: 3 0x800074c8 (0xfe4618e3)
core   0: 0x800074b8 (0x0228d7b3) divu    a5, a7, sp
core   0: 3 0x800074b8 (0x0228d7b3) x15 0x00000000
core   0: 0x800074bc (0x00160613) addi    a2, a2, 1
core   0: 3 0x800074bc (0x00160613) x12 0x00000008
core   0: 0x800074c0 (0x032db7b3) mulhu   a5, s11, s2
core   0: 3 0x800074c0 (0x032db7b3) x15 0x00000121
core   0: 0x800074c4 (0x0333fab3) remu    s5, t2, s3
core   0: 3 0x800074c4 (0x0333fab3) x21 0x00000000
core   0: 0x800074c8 (0xfe4618e3) bne     a2, tp, pc - 16
core   0: 3 0x800074c8 (0xfe4618e3)
core   0: 0x800074b8 (0x0228d7b3) divu    a5, a7, sp
core   0: 3 0x800074b8 (0x0228d7b3) x15 0x00000000
core   0: 0x800074bc (0x00160613) addi    a2, a2, 1
core   0: 3 0x800074bc (0x00160613) x12 0x00000009
core   0: 0x800074c0 (0x032db7b3) mulhu   a5, s11, s2
core   0: 3 0x800074c0 (0x032db7b3) x15 0x00000121
core   0: 0x800074c4 (0x0333fab3) remu    s5, t2, s3
core   0: 3 0x800074c4 (0x0333fab3) x21 0x00000000
core   0: 0x800074c8 (0xfe4618e3) bne     a2, tp, pc - 16
core   0: 3 0x800074c8 (0xfe4618e3)
core   0: 0x800074b8 (0x0228d7b3) divu    a5, a7, sp
core   0: 3 0x800074b8 (0x0228d7b3) x15 0x00000000
core   0: 0x800074bc (0x00160613) addi    a2, a2, 1
core   0: 3 0x800074bc (0x00160613) x12 0x0000000a
core   0: 0x800074c0 (0x032db7b3) mulhu   a5, s11, s2
core   0: 3 0x800074c0 (0x032db7b3) x15 0x00000121
core   0: 0x800074c4 (0x0333fab3) remu    s5, t2, s3
core   0: 3 0x800074c4 (0x0333fab3) x21 0x00000000
core   0: 0x800074c8 (0xfe4618e3) bne     a2, tp, pc - 16
core   0: 3 0x800074c8 (0xfe4618e3)
core   0: 0x800074b8 (0x0228d7b3) divu    a5, a7, sp
core   0: 3 0x800074b8 (0x0228d7b3) x15 0x00000000
core   0: 0x800074bc (0x00160613) addi    a2, a2, 1
core   0: 3 0x800074bc (0x00160613) x12 0x0000000b
core   0: 0x800074c0 (0x032db7b3) mulhu   a5, s11, s2
core   0: 3 0x800074c0 (0x032db7b3) x15 0x00000121
core   0: 0x800074c4 (0x0333fab3) remu    s5, t2, s3
core   0: 3 0x800074c4 (0x0333fab3) x21 0x00000000
core   0: 0x800074c8 (0xfe4618e3) bne     a2, tp, pc - 16
core   0: 3 0x800074c8 (0xfe4618e3)
core   0: 0x800074b8 (0x0228d7b3) divu    a5, a7, sp
core   0: 3 0x800074b8 (0x0228d7b3) x15 0x00000000
core   0: 0x800074bc (0x00160613) addi    a2, a2, 1
core   0: 3 0x800074bc (0x00160613) x12 0x0000000c
core   0: 0x800074c0 (0x032db7b3) mulhu   a5, s11, s2
core   0: 3 0x800074c0 (0x032db7b3) x15 0x00000121
core   0: 0x800074c4 (0x0333fab3) remu    s5, t2, s3
core   0: 3 0x800074c4 (0x0333fab3) x21 0x00000000
core   0: 0x800074c8 (0xfe4618e3) bne     a2, tp, pc - 16
core   0: 3 0x800074c8 (0xfe4618e3)
core   0: 0x800074b8 (0x0228d7b3) divu    a5, a7, sp
core   0: 3 0x800074b8 (0x0228d7b3) x15 0x00000000
core   0: 0x800074bc (0x00160613) addi    a2, a2, 1
core   0: 3 0x800074bc (0x00160613) x12 0x0000000d
core   0: 0x800074c0 (0x032db7b3) mulhu   a5, s11, s2
core   0: 3 0x800074c0 (0x032db7b3) x15 0x00000121
core   0: 0x800074c4 (0x0333fab3) remu    s5, t2, s3
core   0: 3 0x800074c4 (0x0333fab3) x21 0x00000000
core   0: 0x800074c8 (0xfe4618e3) bne     a2, tp, pc - 16
core   0: 3 0x800074c8 (0xfe4618e3)
core   0: 0x800074b8 (0x0228d7b3) divu    a5, a7, sp
core   0: 3 0x800074b8 (0x0228d7b3) x15 0x00000000
core   0: 0x800074bc (0x00160613) addi    a2, a2, 1
core   0: 3 0x800074bc (0x00160613) x12 0x0000000e
core   0: 0x800074c0 (0x032db7b3) mulhu   a5, s11, s2
core   0: 3 0x800074c0 (0x032db7b3) x15 0x00000121
core   0: 0x800074c4 (0x0333fab3) remu    s5, t2, s3
core   0: 3 0x800074c4 (0x0333fab3) x21 0x00000000
core   0: 0x800074c8 (0xfe4618e3) bne     a2, tp, pc - 16
core   0: 3 0x800074c8 (0xfe4618e3)
core   0: 0x800074b8 (0x0228d7b3) divu    a5, a7, sp
core   0: 3 0x800074b8 (0x0228d7b3) x15 0x00000000
core   0: 0x800074bc (0x00160613) addi    a2, a2, 1
core   0: 3 0x800074bc (0x00160613) x12 0x0000000f
core   0: 0x800074c0 (0x032db7b3) mulhu   a5, s11, s2
core   0: 3 0x800074c0 (0x032db7b3) x15 0x00000121
core   0: 0x800074c4 (0x0333fab3) remu    s5, t2, s3
core   0: 3 0x800074c4 (0x0333fab3) x21 0x00000000
core   0: 0x800074c8 (0xfe4618e3) bne     a2, tp, pc - 16
core   0: 3 0x800074c8 (0xfe4618e3)
core   0: 0x800074b8 (0x0228d7b3) divu    a5, a7, sp
core   0: 3 0x800074b8 (0x0228d7b3) x15 0x00000000
core   0: 0x800074bc (0x00160613) addi    a2, a2, 1
core   0: 3 0x800074bc (0x00160613) x12 0x00000010
core   0: 0x800074c0 (0x032db7b3) mulhu   a5, s11, s2
core   0: 3 0x800074c0 (0x032db7b3) x15 0x00000121
core   0: 0x800074c4 (0x0333fab3) remu    s5, t2, s3
core   0: 3 0x800074c4 (0x0333fab3) x21 0x00000000
core   0: 0x800074c8 (0xfe4618e3) bne     a2, tp, pc - 16
core   0: 3 0x800074c8 (0xfe4618e3)
core   0: 0x800074b8 (0x0228d7b3) divu    a5, a7, sp
core   0: 3 0x800074b8 (0x0228d7b3) x15 0x00000000
core   0: 0x800074bc (0x00160613) addi    a2, a2, 1
core   0: 3 0x800074bc (0x00160613) x12 0x00000011
core   0: 0x800074c0 (0x032db7b3) mulhu   a5, s11, s2
core   0: 3 0x800074c0 (0x032db7b3) x15 0x00000121
core   0: 0x800074c4 (0x0333fab3) remu    s5, t2, s3
core   0: 3 0x800074c4 (0x0333fab3) x21 0x00000000
core   0: 0x800074c8 (0xfe4618e3) bne     a2, tp, pc - 16
core   0: 3 0x800074c8 (0xfe4618e3)
core   0: 0x800074cc (0x838dce13) xori    t3, s11, -1992
core   0: 3 0x800074cc (0x838dce13) x28 0x7ffd64dc
core   0: 0x800074d0 (0xff600c93) li      s9, -10
core   0: 3 0x800074d0 (0xff600c93) x25 0xfffffff6
core   0: 0x800074d4 (0x026a84b3) mul     s1, s5, t1
core   0: 3 0x800074d4 (0x026a84b3) x 9 0x00000000
core   0: 0x800074d8 (0xff600313) li      t1, -10
core   0: 3 0x800074d8 (0xff600313) x 6 0xfffffff6
core   0: 0x800074dc (0x00465ab3) srl     s5, a2, tp
core   0: 3 0x800074dc (0x00465ab3) x21 0x00000000
core   0: 0x800074e0 (0x01aa29b3) slt     s3, s4, s10
core   0: 3 0x800074e0 (0x01aa29b3) x19 0x00000001
core   0: 0x800074e4 (0x01955f33) srl     t5, a0, s9
core   0: 3 0x800074e4 (0x01955f33) x30 0x00000000
core   0: 0x800074e8 (0x03122ab3) mulhsu  s5, tp, a7
core   0: 3 0x800074e8 (0x03122ab3) x21 0x00000000
core   0: 0x800074ec (0xffcc8c93) addi    s9, s9, -4
core   0: 3 0x800074ec (0xffcc8c93) x25 0xfffffff2
core   0: 0x800074f0 (0x00f394b3) sll     s1, t2, a5
core   0: 3 0x800074f0 (0x00f394b3) x 9 0x00000000
core   0: 0x800074f4 (0x0280b5b3) mulhu   a1, ra, s0
core   0: 3 0x800074f4 (0x0280b5b3) x11 0x00000000
core   0: 0x800074f8 (0x03c14633) div     a2, sp, t3
core   0: 3 0x800074f8 (0x03c14633) x12 0x00000000
core   0: 0x800074fc (0x0241dbb3) divu    s7, gp, tp
core   0: 3 0x800074fc (0x0241dbb3) x23 0x0f0f0f0e
core   0: 0x80007500 (0x00500913) li      s2, 5
core   0: 3 0x80007500 (0x00500913) x18 0x00000005
core   0: 0x80007504 (0x00d00a13) li      s4, 13
core   0: 3 0x80007504 (0x00d00a13) x20 0x0000000d
core   0: 0x80007508 (0x01791813) slli    a6, s2, 23
core   0: 3 0x80007508 (0x01791813) x16 0x02800000
core   0: 0x8000750c (0x84aae493) ori     s1, s5, -1974
core   0: 3 0x8000750c (0x84aae493) x 9 0xfffff84a
core   0: 0x80007510 (0xb0712593) slti    a1, sp, -1273
core   0: 3 0x80007510 (0xb0712593) x11 0x00000000
core   0: 0x80007514 (0x40538eb3) sub     t4, t2, t0
core   0: 3 0x80007514 (0x40538eb3) x29 0x980c2743
core   0: 0x80007518 (0x02302c33) mulhsu  s8, zero, gp
core   0: 3 0x80007518 (0x02302c33) x24 0x00000000
core   0: 0x8000751c (0x02d63533) mulhu   a0, a2, a3
core   0: 3 0x8000751c (0x02d63533) x10 0x00000000
core   0: 0x80007520 (0x00190913) addi    s2, s2, 1
core   0: 3 0x80007520 (0x00190913) x18 0x00000006
core   0: 0x80007524 (0x00000013) nop
core   0: 3 0x80007524 (0x00000013)
core   0: 0x80007528 (0xff4904e3) beq     s2, s4, pc - 24
core   0: 3 0x80007528 (0xff4904e3)
core   0: 0x8000752c (0xfa6cdee3) bge     s9, t1, pc - 68
core   0: 3 0x8000752c (0xfa6cdee3)
core   0: 0x80007530 (0x56c23e13) sltiu   t3, tp, 1388
core   0: 3 0x80007530 (0x56c23e13) x28 0x00000001
core   0: 0x80007534 (0x416e83b3) sub     t2, t4, s6
core   0: 3 0x80007534 (0x416e83b3) x 7 0x1809c90f
core   0: 0x80007538 (0x00db5393) srli    t2, s6, 13
core   0: 3 0x80007538 (0x00db5393) x 7 0x00040012
core   0: 0x8000753c (0x002467b3) or      a5, s0, sp
core   0: 3 0x8000753c (0x002467b3) x15 0x001055b7
core   0: 0x80007540 (0x009c88b3) add     a7, s9, s1
core   0: 3 0x80007540 (0x009c88b3) x17 0xfffff83c
core   0: 0x80007544 (0x03e95eb3) divu    t4, s2, t5
core   0: 3 0x80007544 (0x03e95eb3) x29 0xffffffff
core   0: 0x80007548 (0x024df263) bgeu    s11, tp, pc + 36
core   0: 3 0x80007548 (0x024df263)
core   0: 0x8000756c (0x033a2fb3) mulhsu  t6, s4, s3
core   0: 3 0x8000756c (0x033a2fb3) x31 0x00000000
core   0: 0x80007570 (0x01111833) sll     a6, sp, a7
core   0: 3 0x80007570 (0x01111833) x16 0x50000000
core   0: 0x80007574 (0x004824b3) slt     s1, a6, tp
core   0: 3 0x80007574 (0x004824b3) x 9 0x00000000
core   0: 0x80007578 (0xa81a7813) andi    a6, s4, -1407
core   0: 3 0x80007578 (0xa81a7813) x16 0x00000001
core   0: 0x8000757c (0x03d7bcb3) mulhu   s9, a5, t4
core   0: 3 0x8000757c (0x03d7bcb3) x25 0x001055b6
core   0: 0x80007580 (0x03ce7633) remu    a2, t3, t3
core   0: 3 0x80007580 (0x03ce7633) x12 0x00000000
core   0: 0x80007584 (0x86fc6893) ori     a7, s8, -1937
core   0: 3 0x80007584 (0x86fc6893) x17 0xfffff86f
core   0: 0x80007588 (0x7546ba13) sltiu   s4, a3, 1876
core   0: 3 0x80007588 (0x7546ba13) x20 0x00000001
core   0: 0x8000758c (0x0114f3b3) and     t2, s1, a7
core   0: 3 0x8000758c (0x0114f3b3) x 7 0x00000000
core   0: 0x80007590 (0x00c6b7b3) sltu    a5, a3, a2
core   0: 3 0x80007590 (0x00c6b7b3) x15 0x00000000
core   0: 0x80007594 (0x5c682893) slti    a7, a6, 1478
core   0: 3 0x80007594 (0x5c682893) x17 0x00000001
core   0: 0x80007598 (0x0129aa33) slt     s4, s3, s2
core   0: 3 0x80007598 (0x0129aa33) x20 0x00000001
core   0: 0x8000759c (0x022d8cb3) mul     s9, s11, sp
core   0: 3 0x8000759c (0x022d8cb3) x25 0x2c64c474
core   0: 0x800075a0 (0x0138d133) srl     sp, a7, s3
core   0: 3 0x800075a0 (0x0138d133) x 2 0x00000000
core   0: 0x800075a4 (0x014b7633) and     a2, s6, s4
core   0: 3 0x800075a4 (0x014b7633) x12 0x00000000
core   0: 0x800075a8 (0xc1022437) lui     s0, 0xc1022
core   0: 3 0x800075a8 (0xc1022437) x 8 0xc1022000
core   0: 0x800075ac (0x410c5433) sra     s0, s8, a6
core   0: 3 0x800075ac (0x410c5433) x 8 0x00000000
core   0: 0x800075b0 (0x0092f533) and     a0, t0, s1
core   0: 3 0x800075b0 (0x0092f533) x10 0x00000000
core   0: 0x800075b4 (0xbdd48d17) auipc   s10, 0xbdd48
core   0: 3 0x800075b4 (0xbdd48d17) x26 0x3dd4f5b4
core   0: 0x800075b8 (0x4641a313) slti    t1, gp, 1124
core   0: 3 0x800075b8 (0x4641a313) x 6 0x00000001
core   0: 0x800075bc (0x5351f093) andi    ra, gp, 1333
core   0: 3 0x800075bc (0x5351f093) x 1 0x00000534
core   0: 0x800075c0 (0x401dd193) srai    gp, s11, 1
core   0: 3 0x800075c0 (0x401dd193) x 3 0xc0014e72
core   0: 0x800075c4 (0x00000013) nop
core   0: 3 0x800075c4 (0x00000013)
core   0: 0x800075c8 (0x0421e863) bltu    gp, sp, pc + 80
core   0: 3 0x800075c8 (0x0421e863)
core   0: 0x800075cc (0x02c635b3) mulhu   a1, a2, a2
core   0: 3 0x800075cc (0x02c635b3) x11 0x00000000
core   0: 0x800075d0 (0x010f81b3) add     gp, t6, a6
core   0: 3 0x800075d0 (0x010f81b3) x 3 0x00000001
core   0: 0x800075d4 (0x00000013) nop
core   0: 3 0x800075d4 (0x00000013)
core   0: 0x800075d8 (0xb96fd417) auipc   s0, 0xb96fd
core   0: 3 0x800075d8 (0xb96fd417) x 8 0x397045d8
core   0: 0x800075dc (0x01896e63) bltu    s2, s8, pc + 28
core   0: 3 0x800075dc (0x01896e63)
core   0: 0x800075e0 (0x41e88133) sub     sp, a7, t5
core   0: 3 0x800075e0 (0x41e88133) x 2 0x00000001
core   0: 0x800075e4 (0xd6cb4797) auipc   a5, 0xd6cb4
core   0: 3 0x800075e4 (0xd6cb4797) x15 0x56cbb5e4
core   0: 0x800075e8 (0x408d5c13) srai    s8, s10, 8
core   0: 3 0x800075e8 (0x408d5c13) x24 0x003dd4f5
core   0: 0x800075ec (0x02ec0a63) beq     s8, a4, pc + 52
core   0: 3 0x800075ec (0x02ec0a63)
core   0: 0x800075f0 (0x0395c4b3) div     s1, a1, s9
core   0: 3 0x800075f0 (0x0395c4b3) x 9 0x00000000
core   0: 0x800075f4 (0x7985de17) auipc   t3, 0x7985d
core   0: 3 0x800075f4 (0x7985de17) x28 0xf98645f4
core   0: 0x800075f8 (0x03df6463) bltu    t5, t4, pc + 40
core   0: 3 0x800075f8 (0x03df6463)
core   0: 0x80007620 (0x03ad5c63) bge     s10, s10, pc + 56
core   0: 3 0x80007620 (0x03ad5c63)
core   0: 0x80007658 (0x9916f097) auipc   ra, 0x9916f
core   0: 3 0x80007658 (0x9916f097) x 1 0x19176658
core   0: 0x8000765c (0x02d859b3) divu    s3, a6, a3
core   0: 3 0x8000765c (0x02d859b3) x19 0x00000000
core   0: 0x80007660 (0x30b48893) addi    a7, s1, 779
core   0: 3 0x80007660 (0x30b48893) x17 0x0000030b
core   0: 0x80007664 (0x02a960b3) rem     ra, s2, a0
core   0: 3 0x80007664 (0x02a960b3) x 1 0x00000006
core   0: 0x80007668 (0x410b82b3) sub     t0, s7, a6
core   0: 3 0x80007668 (0x410b82b3) x 5 0x0f0f0f0d
core   0: 0x8000766c (0x00000013) nop
core   0: 3 0x8000766c (0x00000013)
core   0: 0x80007670 (0x00ab1013) slli    zero, s6, 10
core   0: 3 0x80007670 (0x00ab1013)
core   0: 0x80007674 (0x13f0b537) lui     a0, 0x13f0b
core   0: 3 0x80007674 (0x13f0b537) x10 0x13f0b000
core   0: 0x80007678 (0x02c85a63) bge     a6, a2, pc + 52
core   0: 3 0x80007678 (0x02c85a63)
core   0: 0x800076ac (0xc13a8313) addi    t1, s5, -1005
core   0: 3 0x800076ac (0xc13a8313) x 6 0xfffffc13
core   0: 0x800076b0 (0x66b98213) addi    tp, s3, 1643
core   0: 3 0x800076b0 (0x66b98213) x 4 0x0000066b
core   0: 0x800076b4 (0x03b44663) blt     s0, s11, pc + 44
core   0: 3 0x800076b4 (0x03b44663)
core   0: 0x800076b8 (0x405d86b3) sub     a3, s11, t0
core   0: 3 0x800076b8 (0x405d86b3) x13 0x70f38dd7
core   0: 0x800076bc (0x01b03913) sltiu   s2, zero, 27
core   0: 3 0x800076bc (0x01b03913) x18 0x00000001
core   0: 0x800076c0 (0x02a1c063) blt     gp, a0, pc + 32
core   0: 3 0x800076c0 (0x02a1c063)
core   0: 0x800076e0 (0x0330aab3) mulhsu  s5, ra, s3
core   0: 3 0x800076e0 (0x0330aab3) x21 0x00000000
core   0: 0x800076e4 (0x000385b3) add     a1, t2, zero
core   0: 3 0x800076e4 (0x000385b3) x11 0x00000000
core   0: 0x800076e8 (0x01a28863) beq     t0, s10, pc + 16
core   0: 3 0x800076e8 (0x01a28863)
core   0: 0x800076ec (0x009f6263) bltu    t5, s1, pc + 4
core   0: 3 0x800076ec (0x009f6263)
core   0: 0x800076f0 (0xd8e4c013) xori    zero, s1, -626
core   0: 3 0x800076f0 (0xd8e4c013)
core   0: 0x800076f4 (0x03cb0bb3) mul     s7, s6, t3
core   0: 3 0x800076f4 (0x03cb0bb3) x23 0x88ddcd90
core   0: 0x800076f8 (0x40f95433) sra     s0, s2, a5
core   0: 3 0x800076f8 (0x40f95433) x 8 0x00000000
core   0: 0x800076fc (0x01847933) and     s2, s0, s8
core   0: 3 0x800076fc (0x01847933) x18 0x00000000
core   0: 0x80007700 (0x00504f33) xor     t5, zero, t0
core   0: 3 0x80007700 (0x00504f33) x30 0x0f0f0f0d
core   0: 0x80007704 (0x00000013) nop
core   0: 3 0x80007704 (0x00000013)
core   0: 0x80007708 (0x02fc3933) mulhu   s2, s8, a5
core   0: 3 0x80007708 (0x02fc3933) x18 0x0014f6be
core   0: 0x8000770c (0x03eb73b3) remu    t2, s6, t5
core   0: 3 0x8000770c (0x03eb73b3) x 7 0x0789e5cc
core   0: 0x80007710 (0x03d3dc63) bge     t2, t4, pc + 56
core   0: 3 0x80007710 (0x03d3dc63)
core   0: 0x80007748 (0x011f9113) slli    sp, t6, 17
core   0: 3 0x80007748 (0x011f9113) x 2 0x00000000
core   0: 0x8000774c (0x0393b633) mulhu   a2, t2, s9
core   0: 3 0x8000774c (0x0393b633) x12 0x014eab25
core   0: 0x80007750 (0x01f11e93) slli    t4, sp, 31
core   0: 3 0x80007750 (0x01f11e93) x29 0x00000000
core   0: 0x80007754 (0x22e20a13) addi    s4, tp, 558
core   0: 3 0x80007754 (0x22e20a13) x20 0x00000899
core   0: 0x80007758 (0x00d7d513) srli    a0, a5, 13
core   0: 3 0x80007758 (0x00d7d513) x10 0x0002b65d
core   0: 0x8000775c (0xa1767b93) andi    s7, a2, -1513
core   0: 3 0x8000775c (0xa1767b93) x23 0x014eaa05
core   0: 0x80007760 (0x01201913) slli    s2, zero, 18
core   0: 3 0x80007760 (0x01201913) x18 0x00000000
core   0: 0x80007764 (0xe0850593) addi    a1, a0, -504
core   0: 3 0x80007764 (0xe0850593) x11 0x0002b465
core   0: 0x80007768 (0xf2cc0e13) addi    t3, s8, -212
core   0: 3 0x80007768 (0xf2cc0e13) x28 0x003dd421
core   0: 0x8000776c (0x403057b3) sra     a5, zero, gp
core   0: 3 0x8000776c (0x403057b3) x15 0x00000000
core   0: 0x80007770 (0x0371f663) bgeu    gp, s7, pc + 44
core   0: 3 0x80007770 (0x0371f663)
core   0: 0x80007774 (0x00c7f633) and     a2, a5, a2
core   0: 3 0x80007774 (0x00c7f633) x12 0x00000000
core   0: 0x80007778 (0x327b2d13) slti    s10, s6, 807
core   0: 3 0x80007778 (0x327b2d13) x26 0x00000001
core   0: 0x8000777c (0x026a9d33) mulh    s10, s5, t1
core   0: 3 0x8000777c (0x026a9d33) x26 0x00000000
core   0: 0x80007780 (0x416ad6b3) sra     a3, s5, s6
core   0: 3 0x80007780 (0x416ad6b3) x13 0x00000000
core   0: 0x80007784 (0x0101e633) or      a2, gp, a6
core   0: 3 0x80007784 (0x0101e633) x12 0x00000001
core   0: 0x80007788 (0x03491063) bne     s2, s4, pc + 32
core   0: 3 0x80007788 (0x03491063)
core   0: 0x800077a8 (0x01a95d13) srli    s10, s2, 26
core   0: 3 0x800077a8 (0x01a95d13) x26 0x00000000
core   0: 0x800077ac (0x03908633) mul     a2, ra, s9
core   0: 3 0x800077ac (0x03908633) x12 0x0a5c9ab8
core   0: 0x800077b0 (0x02f3ec63) bltu    t2, a5, pc + 56
core   0: 3 0x800077b0 (0x02f3ec63)
core   0: 0x800077b4 (0x03256633) rem     a2, a0, s2
core   0: 3 0x800077b4 (0x03256633) x12 0x0002b65d
core   0: 0x800077b8 (0x02991fb3) mulh    t6, s2, s1
core   0: 3 0x800077b8 (0x02991fb3) x31 0x00000000
core   0: 0x800077bc (0x01e953b3) srl     t2, s2, t5
core   0: 3 0x800077bc (0x01e953b3) x 7 0x00000000
core   0: 0x800077c0 (0x03d20bb3) mul     s7, tp, t4
core   0: 3 0x800077c0 (0x03d20bb3) x23 0x00000000
core   0: 0x800077c4 (0x02100e63) beq     zero, ra, pc + 60
core   0: 3 0x800077c4 (0x02100e63)
core   0: 0x800077c8 (0x001b0933) add     s2, s6, ra
core   0: 3 0x800077c8 (0x001b0933) x18 0x80025e3a
core   0: 0x800077cc (0x01c3f533) and     a0, t2, t3
core   0: 3 0x800077cc (0x01c3f533) x10 0x00000000
core   0: 0x800077d0 (0xd2dec037) lui     zero, 0xd2dec
core   0: 3 0x800077d0 (0xd2dec037)
core   0: 0x800077d4 (0x00b14c33) xor     s8, sp, a1
core   0: 3 0x800077d4 (0x00b14c33) x24 0x0002b465
core   0: 0x800077d8 (0x0032dc93) srli    s9, t0, 3
core   0: 3 0x800077d8 (0x0032dc93) x25 0x01e1e1e1
core   0: 0x800077dc (0x4174d213) srai    tp, s1, 23
core   0: 3 0x800077dc (0x4174d213) x 4 0x00000000
core   0: 0x800077e0 (0x03fa5063) bge     s4, t6, pc + 32
core   0: 3 0x800077e0 (0x03fa5063)
core   0: 0x80007800 (0x92934297) auipc   t0, 0x92934
core   0: 3 0x80007800 (0x92934297) x 5 0x1293b800
core   0: 0x80007804 (0x000b3133) sltu    sp, s6, zero
core   0: 3 0x80007804 (0x000b3133) x 2 0x00000000
core   0: 0x80007808 (0x0172a633) slt     a2, t0, s7
core   0: 3 0x80007808 (0x0172a633) x12 0x00000000
core   0: 0x8000780c (0x40785633) sra     a2, a6, t2
core   0: 3 0x8000780c (0x40785633) x12 0x00000001
core   0: 0x80007810 (0x0aec1663) bne     s8, a4, pc + 172
core   0: 3 0x80007810 (0x0aec1663)
core   0: 0x800078bc (0x40628e33) sub     t3, t0, t1
core   0: 3 0x800078bc (0x40628e33) x28 0x1293bbed
core   0: 0x800078c0 (0x40950493) addi    s1, a0, 1033
core   0: 3 0x800078c0 (0x40950493) x 9 0x00000409
core   0: 0x800078c4 (0xe219bf93) sltiu   t6, s3, -479
core   0: 3 0x800078c4 (0xe219bf93) x31 0x00000001
core   0: 0x800078c8 (0x039a47b3) div     a5, s4, s9
core   0: 3 0x800078c8 (0x039a47b3) x15 0x00000000
core   0: 0x800078cc (0x01835cb3) srl     s9, t1, s8
core   0: 3 0x800078cc (0x01835cb3) x25 0x07ffffe0
core   0: 0x800078d0 (0x00e21993) slli    s3, tp, 14
core   0: 3 0x800078d0 (0x00e21993) x19 0x00000000
core   0: 0x800078d4 (0xa3a36093) ori     ra, t1, -1478
core   0: 3 0x800078d4 (0xa3a36093) x 1 0xfffffe3b
core   0: 0x800078d8 (0xb6352313) slti    t1, a0, -1181
core   0: 3 0x800078d8 (0xb6352313) x 6 0x00000000
core   0: 0x800078dc (0x02061f33) mulh    t5, a2, zero
core   0: 3 0x800078dc (0x02061f33) x30 0x00000000
core   0: 0x800078e0 (0x00e123b3) slt     t2, sp, a4
core   0: 3 0x800078e0 (0x00e123b3) x 7 0x00000000
core   0: 0x800078e4 (0x01a13d33) sltu    s10, sp, s10
core   0: 3 0x800078e4 (0x01a13d33) x26 0x00000000
core   0: 0x800078e8 (0x10580417) auipc   s0, 0x10580
core   0: 3 0x800078e8 (0x10580417) x 8 0x905878e8
core   0: 0x800078ec (0xc96d4b93) xori    s7, s10, -874
core   0: 3 0x800078ec (0xc96d4b93) x23 0xfffffc96
core   0: 0x800078f0 (0x03f12fb3) mulhsu  t6, sp, t6
core   0: 3 0x800078f0 (0x03f12fb3) x31 0x00000000
core   0: 0x800078f4 (0x01e66533) or      a0, a2, t5
core   0: 3 0x800078f4 (0x01e66533) x10 0x00000001
core   0: 0x800078f8 (0x665c7eb7) lui     t4, 0x665c7
core   0: 3 0x800078f8 (0x665c7eb7) x29 0x665c7000
core   0: 0x800078fc (0x00000013) nop
core   0: 3 0x800078fc (0x00000013)
core   0: 0x80007900 (0x012d1263) bne     s10, s2, pc + 4
core   0: 3 0x80007900 (0x012d1263)
core   0: 0x80007904 (0x019e1033) sll     zero, t3, s9
core   0: 3 0x80007904 (0x019e1033)
core   0: 0x80007908 (0x026de463) bltu    s11, t1, pc + 40
core   0: 3 0x80007908 (0x026de463)
core   0: 0x8000790c (0x03bc8433) mul     s0, s9, s11
core   0: 3 0x8000790c (0x03bc8433) x 8 0x1fac6380
core   0: 0x80007910 (0xe7174893) xori    a7, a4, -399
core   0: 3 0x80007910 (0xe7174893) x17 0x14eb2497
core   0: 0x80007914 (0x407fd833) sra     a6, t6, t2
core   0: 3 0x80007914 (0x407fd833) x16 0x00000000
core   0: 0x80007918 (0x01e45eb3) srl     t4, s0, t5
core   0: 3 0x80007918 (0x01e45eb3) x29 0x1fac6380
core   0: 0x8000791c (0x037597b3) mulh    a5, a1, s7
core   0: 3 0x8000791c (0x037597b3) x15 0xffffffff
core   0: 0x80007920 (0x00000013) nop
core   0: 3 0x80007920 (0x00000013)
core   0: 0x80007924 (0x034eacb3) mulhsu  s9, t4, s4
core   0: 3 0x80007924 (0x034eacb3) x25 0x00000110
core   0: 0x80007928 (0x04a3a913) slti    s2, t2, 74
core   0: 3 0x80007928 (0x04a3a913) x18 0x00000001
core   0: 0x8000792c (0x01fa7c33) and     s8, s4, t6
core   0: 3 0x8000792c (0x01fa7c33) x24 0x00000000
core   0: 0x80007930 (0x02c37d33) remu    s10, t1, a2
core   0: 3 0x80007930 (0x02c37d33) x26 0x00000000
core   0: 0x80007934 (0x0329d1b3) divu    gp, s3, s2
core   0: 3 0x80007934 (0x0329d1b3) x 3 0x00000000
core   0: 0x80007938 (0x00000013) nop
core   0: 3 0x80007938 (0x00000013)
core   0: 0x8000793c (0x02dd5d33) divu    s10, s10, a3
core   0: 3 0x8000793c (0x02dd5d33) x26 0xffffffff
core   0: 0x80007940 (0x01808bb3) add     s7, ra, s8
core   0: 3 0x80007940 (0x01808bb3) x23 0xfffffe3b
core   0: 0x80007944 (0x5dc17797) auipc   a5, 0x5dc17
core   0: 3 0x80007944 (0x5dc17797) x15 0xddc1e944
core   0: 0x80007948 (0x00f363b3) or      t2, t1, a5
core   0: 3 0x80007948 (0x00f363b3) x 7 0xddc1e944
core   0: 0x8000794c (0x02082fb3) mulhsu  t6, a6, zero
core   0: 3 0x8000794c (0x02082fb3) x31 0x00000000
core   0: 0x80007950 (0xb7fb7a13) andi    s4, s6, -1153
core   0: 3 0x80007950 (0xb7fb7a13) x20 0x80025a34
core   0: 0x80007954 (0x40a253b3) sra     t2, tp, a0
core   0: 3 0x80007954 (0x40a253b3) x 7 0x00000000
core   0: 0x80007958 (0x34807d13) andi    s10, zero, 840
core   0: 3 0x80007958 (0x34807d13) x26 0x00000000
core   0: 0x8000795c (0x000a49b3) xor     s3, s4, zero
core   0: 3 0x8000795c (0x000a49b3) x19 0x80025a34
core   0: 0x80007960 (0x03cf27b3) mulhsu  a5, t5, t3
core   0: 3 0x80007960 (0x03cf27b3) x15 0x00000000
core   0: 0x80007964 (0x00918d33) add     s10, gp, s1
core   0: 3 0x80007964 (0x00918d33) x26 0x00000409
core   0: 0x80007968 (0x3d2c2e97) auipc   t4, 0x3d2c2
core   0: 3 0x80007968 (0x3d2c2e97) x29 0xbd2c9968
core   0: 0x8000796c (0x01cc1e63) bne     s8, t3, pc + 28
core   0: 3 0x8000796c (0x01cc1e63)
core   0: 0x80007988 (0x40f2d0b3) sra     ra, t0, a5
core   0: 3 0x80007988 (0x40f2d0b3) x 1 0x1293b800
core   0: 0x8000798c (0x03fcc2b3) div     t0, s9, t6
core   0: 3 0x8000798c (0x03fcc2b3) x 5 0xffffffff
core   0: 0x80007990 (0x40cbd8b3) sra     a7, s7, a2
core   0: 3 0x80007990 (0x40cbd8b3) x17 0xffffff1d
core   0: 0x80007994 (0xdc553a17) auipc   s4, 0xdc553
core   0: 3 0x80007994 (0xdc553a17) x20 0x5c55a994
core   0: 0x80007998 (0x0287c1b3) div     gp, a5, s0
core   0: 3 0x80007998 (0x0287c1b3) x 3 0x00000000
core   0: 0x8000799c (0x409257b3) sra     a5, tp, s1
core   0: 3 0x8000799c (0x409257b3) x15 0x00000000
core   0: 0x800079a0 (0x038267b3) rem     a5, tp, s8
core   0: 3 0x800079a0 (0x038267b3) x15 0x00000000
core   0: 0x800079a4 (0x0393cab3) div     s5, t2, s9
core   0: 3 0x800079a4 (0x0393cab3) x21 0x00000000
core   0: 0x800079a8 (0x028595b3) mulh    a1, a1, s0
core   0: 3 0x800079a8 (0x028595b3) x11 0x000055aa
core   0: 0x800079ac (0x039e36b3) mulhu   a3, t3, s9
core   0: 3 0x800079ac (0x039e36b3) x13 0x00000013
core   0: 0x800079b0 (0x008d0e33) add     t3, s10, s0
core   0: 3 0x800079b0 (0x008d0e33) x28 0x1fac6789
core   0: 0x800079b4 (0x22b3c613) xori    a2, t2, 555
core   0: 3 0x800079b4 (0x22b3c613) x12 0x0000022b
core   0: 0x800079b8 (0x40e70333) sub     t1, a4, a4
core   0: 3 0x800079b8 (0x40e70333) x 6 0x00000000
core   0: 0x800079bc (0x015be7b3) or      a5, s7, s5
core   0: 3 0x800079bc (0x015be7b3) x15 0xfffffe3b
core   0: 0x800079c0 (0x02d2ec33) rem     s8, t0, a3
core   0: 3 0x800079c0 (0x02d2ec33) x24 0xffffffff
core   0: 0x800079c4 (0x029b87b3) mul     a5, s7, s1
core   0: 3 0x800079c4 (0x029b87b3) x15 0xfff8dc13
core   0: 0x800079c8 (0xd9d88f93) addi    t6, a7, -611
core   0: 3 0x800079c8 (0xd9d88f93) x31 0xfffffcba
core   0: 0x800079cc (0x012edab3) srl     s5, t4, s2
core   0: 3 0x800079cc (0x012edab3) x21 0x5e964cb4
core   0: 0x800079d0 (0x00d34533) xor     a0, t1, a3
core   0: 3 0x800079d0 (0x00d34533) x10 0x00000013
core   0: 0x800079d4 (0x3fc64293) xori    t0, a2, 1020
core   0: 3 0x800079d4 (0x3fc64293) x 5 0x000001d7
core   0: 0x800079d8 (0x03a3c233) div     tp, t2, s10
core   0: 3 0x800079d8 (0x03a3c233) x 4 0x00000000
core   0: 0x800079dc (0x18938493) addi    s1, t2, 393
core   0: 3 0x800079dc (0x18938493) x 9 0x00000189
core   0: 0x800079e0 (0x013c6033) or      zero, s8, s3
core   0: 3 0x800079e0 (0x013c6033)
core   0: 0x800079e4 (0x01c314b3) sll     s1, t1, t3
core   0: 3 0x800079e4 (0x01c314b3) x 9 0x00000000
core   0: 0x800079e8 (0x03c2d333) divu    t1, t0, t3
core   0: 3 0x800079e8 (0x03c2d333) x 6 0x00000000
core   0: 0x800079ec (0x008336b3) sltu    a3, t1, s0
core   0: 3 0x800079ec (0x008336b3) x13 0x00000001
core   0: 0x800079f0 (0x41dcd893) srai    a7, s9, 29
core   0: 3 0x800079f0 (0x41dcd893) x17 0x00000000
core   0: 0x800079f4 (0x03aa1d33) mulh    s10, s4, s10
core   0: 3 0x800079f4 (0x03aa1d33) x26 0x00000174
core   0: 0x800079f8 (0x0153c7b3) xor     a5, t2, s5
core   0: 3 0x800079f8 (0x0153c7b3) x15 0x5e964cb4
core   0: 0x800079fc (0xa7b7b493) sltiu   s1, a5, -1413
core   0: 3 0x800079fc (0xa7b7b493) x 9 0x00000001
core   0: 0x80007a00 (0x00000013) nop
core   0: 3 0x80007a00 (0x00000013)
core   0: 0x80007a04 (0xcc0c8413) addi    s0, s9, -832
core   0: 3 0x80007a04 (0xcc0c8413) x 8 0xfffffdd0
core   0: 0x80007a08 (0x6b7b8693) addi    a3, s7, 1719
core   0: 3 0x80007a08 (0x6b7b8693) x13 0x000004f2
core   0: 0x80007a0c (0xf6993a13) sltiu   s4, s2, -151
core   0: 3 0x80007a0c (0xf6993a13) x20 0x00000001
core   0: 0x80007a10 (0x006a2cb3) slt     s9, s4, t1
core   0: 3 0x80007a10 (0x006a2cb3) x25 0x00000000
core   0: 0x80007a14 (0x002a1c93) slli    s9, s4, 2
core   0: 3 0x80007a14 (0x002a1c93) x25 0x00000004
core   0: 0x80007a18 (0x02d46c63) bltu    s0, a3, pc + 56
core   0: 3 0x80007a18 (0x02d46c63)
core   0: 0x80007a1c (0x003f9b93) slli    s7, t6, 3
core   0: 3 0x80007a1c (0x003f9b93) x23 0xffffe5d0
core   0: 0x80007a20 (0x40dd5e93) srai    t4, s10, 13
core   0: 3 0x80007a20 (0x40dd5e93) x29 0x00000000
core   0: 0x80007a24 (0x4083dd13) srai    s10, t2, 8
core   0: 3 0x80007a24 (0x4083dd13) x26 0x00000000
core   0: 0x80007a28 (0x40dfd833) sra     a6, t6, a3
core   0: 3 0x80007a28 (0x40dfd833) x16 0xffffffff
core   0: 0x80007a2c (0x02e64063) blt     a2, a4, pc + 32
core   0: 3 0x80007a2c (0x02e64063)
core   0: 0x80007a30 (0x4199d413) srai    s0, s3, 25
core   0: 3 0x80007a30 (0x4199d413) x 8 0xffffffc0
core   0: 0x80007a34 (0x036907b3) mul     a5, s2, s6
core   0: 3 0x80007a34 (0x036907b3) x15 0x80025e34
core   0: 0x80007a38 (0x02b3ceb3) div     t4, t2, a1
core   0: 3 0x80007a38 (0x02b3ceb3) x29 0x00000000
core   0: 0x80007a3c (0x00677fb3) and     t6, a4, t1
core   0: 3 0x80007a3c (0x00677fb3) x31 0x00000000
core   0: 0x80007a40 (0x0593c063) blt     t2, s9, pc + 64
core   0: 3 0x80007a40 (0x0593c063)
core   0: 0x80007a80 (0x01f2df13) srli    t5, t0, 31
core   0: 3 0x80007a80 (0x01f2df13) x30 0x00000000
core   0: 0x80007a84 (0x000d5d13) srli    s10, s10, 0
core   0: 3 0x80007a84 (0x000d5d13) x26 0x00000000
core   0: 0x80007a88 (0x038fa833) mulhsu  a6, t6, s8
core   0: 3 0x80007a88 (0x038fa833) x16 0x00000000
core   0: 0x80007a8c (0x03e86c63) bltu    a6, t5, pc + 56
core   0: 3 0x80007a8c (0x03e86c63)
core   0: 0x80007a90 (0xac40fa93) andi    s5, ra, -1340
core   0: 3 0x80007a90 (0xac40fa93) x21 0x1293b800
core   0: 0x80007a94 (0xee3a2893) slti    a7, s4, -285
core   0: 3 0x80007a94 (0xee3a2893) x17 0x00000000
core   0: 0x80007a98 (0x0189a7b3) slt     a5, s3, s8
core   0: 3 0x80007a98 (0x0189a7b3) x15 0x00000001
core   0: 0x80007a9c (0x00f914b3) sll     s1, s2, a5
core   0: 3 0x80007a9c (0x00f914b3) x 9 0x00000002
core   0: 0x80007aa0 (0x03cf0c33) mul     s8, t5, t3
core   0: 3 0x80007aa0 (0x03cf0c33) x24 0x00000000
core   0: 0x80007aa4 (0xe61aec13) ori     s8, s5, -415
core   0: 3 0x80007aa4 (0xe61aec13) x24 0xfffffe61
core   0: 0x80007aa8 (0x8e7b59b7) lui     s3, 0x8e7b5
core   0: 3 0x80007aa8 (0x8e7b59b7) x19 0x8e7b5000
core   0: 0x80007aac (0x031b0133) mul     sp, s6, a7
core   0: 3 0x80007aac (0x031b0133) x 2 0x00000000
core   0: 0x80007ab0 (0x022d0eb3) mul     t4, s10, sp
core   0: 3 0x80007ab0 (0x022d0eb3) x29 0x00000000
core   0: 0x80007ab4 (0x014d5663) bge     s10, s4, pc + 12
core   0: 3 0x80007ab4 (0x014d5663)
core   0: 0x80007ab8 (0x037bb2b3) mulhu   t0, s7, s7
core   0: 3 0x80007ab8 (0x037bb2b3) x 5 0xffffcba0
core   0: 0x80007abc (0x00981a13) slli    s4, a6, 9
core   0: 3 0x80007abc (0x00981a13) x20 0x00000000
core   0: 0x80007ac0 (0x97ff00b7) lui     ra, 0x97ff0
core   0: 3 0x80007ac0 (0x97ff00b7) x 1 0x97ff0000
core   0: 0x80007ac4 (0x001a43b3) xor     t2, s4, ra
core   0: 3 0x80007ac4 (0x001a43b3) x 7 0x97ff0000
core   0: 0x80007ac8 (0x00eaf833) and     a6, s5, a4
core   0: 3 0x80007ac8 (0x00eaf833) x16 0x02109800
core   0: 0x80007acc (0x40d4b113) sltiu   sp, s1, 1037
core   0: 3 0x80007acc (0x40d4b113) x 2 0x00000001
core   0: 0x80007ad0 (0x41de0ab3) sub     s5, t3, t4
core   0: 3 0x80007ad0 (0x41de0ab3) x21 0x1fac6789
core   0: 0x80007ad4 (0x02a78c33) mul     s8, a5, a0
core   0: 3 0x80007ad4 (0x02a78c33) x24 0x00000013
core   0: 0x80007ad8 (0x40cd5293) srai    t0, s10, 12
core   0: 3 0x80007ad8 (0x40cd5293) x 5 0x00000000
core   0: 0x80007adc (0x00c2b333) sltu    t1, t0, a2
core   0: 3 0x80007adc (0x00c2b333) x 6 0x00000001
core   0: 0x80007ae0 (0x026184b3) mul     s1, gp, t1
core   0: 3 0x80007ae0 (0x026184b3) x 9 0x00000000
core   0: 0x80007ae4 (0x02acbfb3) mulhu   t6, s9, a0
core   0: 3 0x80007ae4 (0x02acbfb3) x31 0x00000000
core   0: 0x80007ae8 (0x03d2e133) rem     sp, t0, t4
core   0: 3 0x80007ae8 (0x03d2e133) x 2 0x00000000
core   0: 0x80007aec (0xa4e76237) lui     tp, 0xa4e76
core   0: 3 0x80007aec (0xa4e76237) x 4 0xa4e76000
core   0: 0x80007af0 (0x12606413) ori     s0, zero, 294
core   0: 3 0x80007af0 (0x12606413) x 8 0x00000126
core   0: 0x80007af4 (0x00c0b7b3) sltu    a5, ra, a2
core   0: 3 0x80007af4 (0x00c0b7b3) x15 0x00000000
core   0: 0x80007af8 (0x00000013) nop
core   0: 3 0x80007af8 (0x00000013)
core   0: 0x80007afc (0xb4452e93) slti    t4, a0, -1212
core   0: 3 0x80007afc (0xb4452e93) x29 0x00000000
core   0: 0x80007b00 (0xa325a893) slti    a7, a1, -1486
core   0: 3 0x80007b00 (0xa325a893) x17 0x00000000
core   0: 0x80007b04 (0x00000013) nop
core   0: 3 0x80007b04 (0x00000013)
core   0: 0x80007b08 (0x41818d33) sub     s10, gp, s8
core   0: 3 0x80007b08 (0x41818d33) x26 0xffffffed
core   0: 0x80007b0c (0x1a3d6813) ori     a6, s10, 419
core   0: 3 0x80007b0c (0x1a3d6813) x16 0xffffffef
core   0: 0x80007b10 (0x00a47fb3) and     t6, s0, a0
core   0: 3 0x80007b10 (0x00a47fb3) x31 0x00000002
core   0: 0x80007b14 (0x0370af33) mulhsu  t5, ra, s7
core   0: 3 0x80007b14 (0x0370af33) x30 0x97ff0aa3
core   0: 0x80007b18 (0x019329b3) slt     s3, t1, s9
core   0: 3 0x80007b18 (0x019329b3) x19 0x00000001
core   0: 0x80007b1c (0x595c7013) andi    zero, s8, 1429
core   0: 3 0x80007b1c (0x595c7013)
core   0: 0x80007b20 (0x04ede863) bltu    s11, a4, pc + 80
core   0: 3 0x80007b20 (0x04ede863)
core   0: 0x80007b70 (0x0300e463) bltu    ra, a6, pc + 40
core   0: 3 0x80007b70 (0x0300e463)
core   0: 0x80007b98 (0x025f30b3) mulhu   ra, t5, t0
core   0: 3 0x80007b98 (0x025f30b3) x 1 0x00000000
core   0: 0x80007b9c (0x005d5863) bge     s10, t0, pc + 16
core   0: 3 0x80007b9c (0x005d5863)
core   0: 0x80007ba0 (0x0305ca63) blt     a1, a6, pc + 52
core   0: 3 0x80007ba0 (0x0305ca63)
core   0: 0x80007ba4 (0x03c78eb3) mul     t4, a5, t3
core   0: 3 0x80007ba4 (0x03c78eb3) x29 0x00000000
core   0: 0x80007ba8 (0x005399b3) sll     s3, t2, t0
core   0: 3 0x80007ba8 (0x005399b3) x19 0x97ff0000
core   0: 0x80007bac (0x01397c33) and     s8, s2, s3
core   0: 3 0x80007bac (0x01397c33) x24 0x00000000
core   0: 0x80007bb0 (0x009ffeb3) and     t4, t6, s1
core   0: 3 0x80007bb0 (0x009ffeb3) x29 0x00000000
core   0: 0x80007bb4 (0x78f67593) andi    a1, a2, 1935
core   0: 3 0x80007bb4 (0x78f67593) x11 0x0000020b
core   0: 0x80007bb8 (0x00000013) nop
core   0: 3 0x80007bb8 (0x00000013)
core   0: 0x80007bbc (0x039006b3) mul     a3, zero, s9
core   0: 3 0x80007bbc (0x039006b3) x13 0x00000000
core   0: 0x80007bc0 (0x036c04b3) mul     s1, s8, s6
core   0: 3 0x80007bc0 (0x036c04b3) x 9 0x00000000
core   0: 0x80007bc4 (0x03126a63) bltu    tp, a7, pc + 52
core   0: 3 0x80007bc4 (0x03126a63)
core   0: 0x80007bc8 (0x01d40463) beq     s0, t4, pc + 8
core   0: 3 0x80007bc8 (0x01d40463)
core   0: 0x80007bcc (0x00000013) nop
core   0: 3 0x80007bcc (0x00000013)
core   0: 0x80007bd0 (0x03504e63) blt     zero, s5, pc + 60
core   0: 3 0x80007bd0 (0x03504e63)
core   0: 0x80007c0c (0x2c974993) xori    s3, a4, 713
core   0: 3 0x80007c0c (0x2c974993) x19 0xeb14d82f
core   0: 0x80007c10 (0x027ed8b3) divu    a7, t4, t2
core   0: 3 0x80007c10 (0x027ed8b3) x17 0x00000000
core   0: 0x80007c14 (0x02618e63) beq     gp, t1, pc + 60
core   0: 3 0x80007c14 (0x02618e63)
core   0: 0x80007c18 (0x00dc9e63) bne     s9, a3, pc + 28
core   0: 3 0x80007c18 (0x00dc9e63)
core   0: 0x80007c34 (0x02c0b3b3) mulhu   t2, ra, a2
core   0: 3 0x80007c34 (0x02c0b3b3) x 7 0x00000000
core   0: 0x80007c38 (0x00000013) nop
core   0: 3 0x80007c38 (0x00000013)
core   0: 0x80007c3c (0x40cf0eb3) sub     t4, t5, a2
core   0: 3 0x80007c3c (0x40cf0eb3) x29 0x97ff0878
core   0: 0x80007c40 (0x000c7eb3) and     t4, s8, zero
core   0: 3 0x80007c40 (0x000c7eb3) x29 0x00000000
core   0: 0x80007c44 (0x019693b3) sll     t2, a3, s9
core   0: 3 0x80007c44 (0x019693b3) x 7 0x00000000
core   0: 0x80007c48 (0x87a56993) ori     s3, a0, -1926
core   0: 3 0x80007c48 (0x87a56993) x19 0xfffff87b
core   0: 0x80007c4c (0x05b1c063) blt     gp, s11, pc + 64
core   0: 3 0x80007c4c (0x05b1c063)
core   0: 0x80007c50 (0x01ab1e33) sll     t3, s6, s10
core   0: 3 0x80007c50 (0x01ab1e33) x28 0x4bc68000
core   0: 0x80007c54 (0xfb792b93) slti    s7, s2, -73
core   0: 3 0x80007c54 (0xfb792b93) x23 0x00000000
core   0: 0x80007c58 (0x00e92333) slt     t1, s2, a4
core   0: 3 0x80007c58 (0x00e92333) x 6 0x00000000
core   0: 0x80007c5c (0x019d9593) slli    a1, s11, 25
core   0: 3 0x80007c5c (0x019d9593) x11 0xc8000000
core   0: 0x80007c60 (0x00f41263) bne     s0, a5, pc + 4
core   0: 3 0x80007c60 (0x00f41263)
core   0: 0x80007c64 (0x026d0063) beq     s10, t1, pc + 32
core   0: 3 0x80007c64 (0x026d0063)
core   0: 0x80007c68 (0x007f5a93) srli    s5, t5, 7
core   0: 3 0x80007c68 (0x007f5a93) x21 0x012ffe15
core   0: 0x80007c6c (0x22cd8e17) auipc   t3, 0x22cd8
core   0: 3 0x80007c6c (0x22cd8e17) x28 0xa2cdfc6c
core   0: 0x80007c70 (0xc646ca93) xori    s5, a3, -924
core   0: 3 0x80007c70 (0xc646ca93) x21 0xfffffc64
core   0: 0x80007c74 (0x00339d33) sll     s10, t2, gp
core   0: 3 0x80007c74 (0x00339d33) x26 0x00000000
core   0: 0x80007c78 (0x05e3c863) blt     t2, t5, pc + 80
core   0: 3 0x80007c78 (0x05e3c863)
core   0: 0x80007c7c (0x01744663) blt     s0, s7, pc + 12
core   0: 3 0x80007c7c (0x01744663)
core   0: 0x80007c80 (0x871b1417) auipc   s0, 0x871b1
core   0: 3 0x80007c80 (0x871b1417) x 8 0x071b8c80
core   0: 0x80007c84 (0x02b3e663) bltu    t2, a1, pc + 44
core   0: 3 0x80007c84 (0x02b3e663)
core   0: 0x80007cb0 (0x02776233) rem     tp, a4, t2
core   0: 3 0x80007cb0 (0x02776233) x 4 0xeb14dae6
core   0: 0x80007cb4 (0x02f87333) remu    t1, a6, a5
core   0: 3 0x80007cb4 (0x02f87333) x 6 0xffffffef
core   0: 0x80007cb8 (0x034da833) mulhsu  a6, s11, s4
core   0: 3 0x80007cb8 (0x034da833) x16 0x00000000
core   0: 0x80007cbc (0x023fbf33) mulhu   t5, t6, gp
core   0: 3 0x80007cbc (0x023fbf33) x30 0x00000000
core   0: 0x80007cc0 (0x01a94e63) blt     s2, s10, pc + 28
core   0: 3 0x80007cc0 (0x01a94e63)
core   0: 0x80007cc4 (0x018a84b3) add     s1, s5, s8
core   0: 3 0x80007cc4 (0x018a84b3) x 9 0xfffffc64
core   0: 0x80007cc8 (0x0234d633) divu    a2, s1, gp
core   0: 3 0x80007cc8 (0x0234d633) x12 0xffffffff
core   0: 0x80007ccc (0x0147ba33) sltu    s4, a5, s4
core   0: 3 0x80007ccc (0x0147ba33) x20 0x00000000
core   0: 0x80007cd0 (0x40d58d33) sub     s10, a1, a3
core   0: 3 0x80007cd0 (0x40d58d33) x26 0xc8000000
core   0: 0x80007cd4 (0xe1f9fe13) andi    t3, s3, -481
core   0: 3 0x80007cd4 (0xe1f9fe13) x28 0xfffff81b
core   0: 0x80007cd8 (0x032a5663) bge     s4, s2, pc + 44
core   0: 3 0x80007cd8 (0x032a5663)
core   0: 0x80007cdc (0x0222d863) bge     t0, sp, pc + 48
core   0: 3 0x80007cdc (0x0222d863)
core   0: 0x80007d0c (0x411154b3) sra     s1, sp, a7
core   0: 3 0x80007d0c (0x411154b3) x 9 0x00000000
core   0: 0x80007d10 (0x017390b3) sll     ra, t2, s7
core   0: 3 0x80007d10 (0x017390b3) x 1 0x00000000
core   0: 0x80007d14 (0x0167ee33) or      t3, a5, s6
core   0: 3 0x80007d14 (0x0167ee33) x28 0x80025e34
core   0: 0x80007d18 (0x40100f33) sub     t5, zero, ra
core   0: 3 0x80007d18 (0x40100f33) x30 0x00000000
core   0: 0x80007d1c (0x02623633) mulhu   a2, tp, t1
core   0: 3 0x80007d1c (0x02623633) x12 0xeb14dad6
core   0: 0x80007d20 (0x01bd1693) slli    a3, s10, 27
core   0: 3 0x80007d20 (0x01bd1693) x13 0x00000000
core   0: 0x80007d24 (0x00fd9533) sll     a0, s11, a5
core   0: 3 0x80007d24 (0x00fd9533) x10 0x80029ce4
core   0: 0x80007d28 (0x004b2083) lw      ra, 4(s6)
core   0: 3 0x80007d28 (0x004b2083) x 1 0x800037b0 mem 0x80025e38
core   0: 0x80007d2c (0x51c24413) xori    s0, tp, 1308
core   0: 3 0x80007d2c (0x51c24413) x 8 0xeb14dffa
core   0: 0x80007d30 (0x030b0b13) addi    s6, s6, 48
core   0: 3 0x80007d30 (0x030b0b13) x22 0x80025e64
core   0: 0x80007d34 (0x9b96a993) slti    s3, a3, -1607
core   0: 3 0x80007d34 (0x9b96a993) x19 0x00000000
core   0: 0x80007d38 (0x01125f33) srl     t5, tp, a7
core   0: 3 0x80007d38 (0x01125f33) x30 0xeb14dae6
core   0: 0x80007d3c (0x03b15433) divu    s0, sp, s11
core   0: 3 0x80007d3c (0x03b15433) x 8 0x00000000
core   0: 0x80007d40 (0x41de0633) sub     a2, t3, t4
core   0: 3 0x80007d40 (0x41de0633) x12 0x80025e34
core   0: 0x80007d44 (0x00008793) mv      a5, ra
core   0: 3 0x80007d44 (0x00008793) x15 0x800037b0
core   0: 0x80007d48 (0x000787e7) jalr    a5, a5, 0
core   0: 3 0x80007d48 (0x000787e7) x15 0x80007d4c
core   0: 0x800037b0 (0x40225793) srai    a5, tp, 2
core   0: 3 0x800037b0 (0x40225793) x15 0xfac536b9
core   0: 0x800037b4 (0x404406b3) sub     a3, s0, tp
core   0: 3 0x800037b4 (0x404406b3) x13 0x14eb251a
core   0: 0x800037b8 (0x41745ab3) sra     s5, s0, s7
core   0: 3 0x800037b8 (0x41745ab3) x21 0x00000000
core   0: 0x800037bc (0x01daf633) and     a2, s5, t4
core   0: 3 0x800037bc (0x01daf633) x12 0x00000000
core   0: 0x800037c0 (0x02f843b3) div     t2, a6, a5
core   0: 3 0x800037c0 (0x02f843b3) x 7 0x00000000
core   0: 0x800037c4 (0x41810c33) sub     s8, sp, s8
core   0: 3 0x800037c4 (0x41810c33) x24 0x00000000
core   0: 0x800037c8 (0x84cc6913) ori     s2, s8, -1972
core   0: 3 0x800037c8 (0x84cc6913) x18 0xfffff84c
core   0: 0x800037cc (0x039a3eb3) mulhu   t4, s4, s9
core   0: 3 0x800037cc (0x039a3eb3) x29 0x00000000
core   0: 0x800037d0 (0x037a7fb3) remu    t6, s4, s7
core   0: 3 0x800037d0 (0x037a7fb3) x31 0x00000000
core   0: 0x800037d4 (0x6511c413) xori    s0, gp, 1617
core   0: 3 0x800037d4 (0x6511c413) x 8 0x00000651
core   0: 0x800037d8 (0x020648b3) div     a7, a2, zero
core   0: 3 0x800037d8 (0x020648b3) x17 0xffffffff
core   0: 0x800037dc (0x4105d5b3) sra     a1, a1, a6
core   0: 3 0x800037dc (0x4105d5b3) x11 0xc8000000
core   0: 0x800037e0 (0x00255f93) srli    t6, a0, 2
core   0: 3 0x800037e0 (0x00255f93) x31 0x2000a739
core   0: 0x800037e4 (0xc972aa13) slti    s4, t0, -873
core   0: 3 0x800037e4 (0xc972aa13) x20 0x00000000
core   0: 0x800037e8 (0x0148ae33) slt     t3, a7, s4
core   0: 3 0x800037e8 (0x0148ae33) x28 0x00000001
core   0: 0x800037ec (0x00b9f463) bgeu    s3, a1, pc + 8
core   0: 3 0x800037ec (0x00b9f463)
core   0: 0x800037f0 (0x05e21c63) bne     tp, t5, pc + 88
core   0: 3 0x800037f0 (0x05e21c63)
core   0: 0x800037f4 (0x2492f793) andi    a5, t0, 585
core   0: 3 0x800037f4 (0x2492f793) x15 0x00000000
core   0: 0x800037f8 (0x81c7a413) slti    s0, a5, -2020
core   0: 3 0x800037f8 (0x81c7a413) x 8 0x00000000
core   0: 0x800037fc (0x01ce37b3) sltu    a5, t3, t3
core   0: 3 0x800037fc (0x01ce37b3) x15 0x00000000
core   0: 0x80003800 (0x04f0e063) bltu    ra, a5, pc + 64
core   0: 3 0x80003800 (0x04f0e063)
core   0: 0x80003804 (0xd931b7b7) lui     a5, 0xd931b
core   0: 3 0x80003804 (0xd931b7b7) x15 0xd931b000
core   0: 0x80003808 (0x0015c133) xor     sp, a1, ra
core   0: 3 0x80003808 (0x0015c133) x 2 0x480037b0
core   0: 0x8000380c (0x99986bb7) lui     s7, 0x99986
core   0: 3 0x8000380c (0x99986bb7) x23 0x99986000
core   0: 0x80003810 (0x02247a63) bgeu    s0, sp, pc + 52
core   0: 3 0x80003810 (0x02247a63)
core   0: 0x80003814 (0x00009b97) auipc   s7, 0x9
core   0: 3 0x80003814 (0x00009b97) x23 0x8000c814
core   0: 0x80003818 (0xa10b8b93) addi    s7, s7, -1520
core   0: 3 0x80003818 (0xa10b8b93) x23 0x8000c224
core   0: 0x8000381c (0x01af3333) sltu    t1, t5, s10
core   0: 3 0x8000381c (0x01af3333) x 6 0x00000000
core   0: 0x80003820 (0x005968b3) or      a7, s2, t0
core   0: 3 0x80003820 (0x005968b3) x17 0xfffff84c
core   0: 0x80003824 (0x00b006b3) add     a3, zero, a1
core   0: 3 0x80003824 (0x00b006b3) x13 0xc8000000
core   0: 0x80003828 (0x94af3a13) sltiu   s4, t5, -1718
core   0: 3 0x80003828 (0x94af3a13) x20 0x00000001
core   0: 0x8000382c (0x101b8b93) addi    s7, s7, 257
core   0: 3 0x8000382c (0x101b8b93) x23 0x8000c325
core   0: 0x80003830 (0x40ee5a13) srai    s4, t3, 14
core   0: 3 0x80003830 (0x40ee5a13) x20 0x00000000
core   0: 0x80003834 (0xf00b80e7) jalr    ra, s7, -256
core   0: 3 0x80003834 (0xf00b80e7) x 1 0x80003838
core   0: 0x8000c224 (0xa27eb313) sltiu   t1, t4, -1497
core   0: 3 0x8000c224 (0xa27eb313) x 6 0x00000001
core   0: 0x8000c228 (0x80c7f593) andi    a1, a5, -2036
core   0: 3 0x8000c228 (0x80c7f593) x11 0xd931b000
core   0: 0x8000c22c (0x00d41463) bne     s0, a3, pc + 8
core   0: 3 0x8000c22c (0x00d41463)
core   0: 0x8000c234 (0xfc4b0b13) addi    s6, s6, -60
core   0: 3 0x8000c234 (0xfc4b0b13) x22 0x80025e28
core   0: 0x8000c238 (0x01cce533) or      a0, s9, t3
core   0: 3 0x8000c238 (0x01cce533) x10 0x00000005
core   0: 0x8000c23c (0x001b2223) sw      ra, 4(s6)
core   0: 3 0x8000c23c (0x001b2223) mem 0x80025e2c 0x80003838
core   0: 0x8000c240 (0x402084b3) sub     s1, ra, sp
core   0: 3 0x8000c240 (0x402084b3) x 9 0x38000088
core   0: 0x8000c244 (0x4084b793) sltiu   a5, s1, 1032
core   0: 3 0x8000c244 (0x4084b793) x15 0x00000000
core   0: 0x8000c248 (0x01108cb3) add     s9, ra, a7
core   0: 3 0x8000c248 (0x01108cb3) x25 0x80003084
core   0: 0x8000c24c (0x4b516693) ori     a3, sp, 1205
core   0: 3 0x8000c24c (0x4b516693) x13 0x480037b5
core   0: 0x8000c250 (0x02b322b3) mulhsu  t0, t1, a1
core   0: 3 0x8000c250 (0x02b322b3) x 5 0x00000000
core   0: 0x8000c254 (0x4195d833) sra     a6, a1, s9
core   0: 3 0x8000c254 (0x4195d833) x16 0xfd931b00
core   0: 0x8000c258 (0xffe00113) li      sp, -2
core   0: 3 0x8000c258 (0xffe00113) x 2 0xfffffffe
core   0: 0x8000c25c (0x02f814b3) mulh    s1, a6, a5
core   0: 3 0x8000c25c (0x02f814b3) x 9 0x00000000
core   0: 0x8000c260 (0x01200313) li      t1, 18
core   0: 3 0x8000c260 (0x01200313) x 6 0x00000012
core   0: 0x8000c264 (0x40960a33) sub     s4, a2, s1
core   0: 3 0x8000c264 (0x40960a33) x20 0x00000000
core   0: 0x8000c268 (0xbc2666b7) lui     a3, 0xbc266
core   0: 3 0x8000c268 (0xbc2666b7) x13 0xbc266000
core   0: 0x8000c26c (0x20c94993) xori    s3, s2, 524
core   0: 3 0x8000c26c (0x20c94993) x19 0xfffffa40
core   0: 0x8000c270 (0x00810113) addi    sp, sp, 8
core   0: 3 0x8000c270 (0x00810113) x 2 0x00000006
core   0: 0x8000c274 (0x00400593) li      a1, 4
core   0: 3 0x8000c274 (0x00400593) x11 0x00000004
core   0: 0x8000c278 (0xff200393) li      t2, -14
core   0: 3 0x8000c278 (0xff200393) x 7 0xfffffff2
core   0: 0x8000c27c (0x03a351b3) divu    gp, t1, s10
core   0: 3 0x8000c27c (0x03a351b3) x 3 0x00000000
core   0: 0x8000c280 (0xffa58593) addi    a1, a1, -6
core   0: 3 0x8000c280 (0xffa58593) x11 0xfffffffe
core   0: 0x8000c284 (0x0099dc13) srli    s8, s3, 9
core   0: 3 0x8000c284 (0x0099dc13) x24 0x007ffffd
core   0: 0x8000c288 (0xfe758ae3) beq     a1, t2, pc - 12
core   0: 3 0x8000c288 (0xfe758ae3)
core   0: 0x8000c28c (0xfc614ee3) blt     sp, t1, pc - 36
core   0: 3 0x8000c28c (0xfc614ee3)
core   0: 0x8000c268 (0xbc2666b7) lui     a3, 0xbc266
core   0: 3 0x8000c268 (0xbc2666b7) x13 0xbc266000
core   0: 0x8000c26c (0x20c94993) xori    s3, s2, 524
core   0: 3 0x8000c26c (0x20c94993) x19 0xfffffa40
core   0: 0x8000c270 (0x00810113) addi    sp, sp, 8
core   0: 3 0x8000c270 (0x00810113) x 2 0x0000000e
core   0: 0x8000c274 (0x00400593) li      a1, 4
core   0: 3 0x8000c274 (0x00400593) x11 0x00000004
core   0: 0x8000c278 (0xff200393) li      t2, -14
core   0: 3 0x8000c278 (0xff200393) x 7 0xfffffff2
core   0: 0x8000c27c (0x03a351b3) divu    gp, t1, s10
core   0: 3 0x8000c27c (0x03a351b3) x 3 0x00000000
core   0: 0x8000c280 (0xffa58593) addi    a1, a1, -6
core   0: 3 0x8000c280 (0xffa58593) x11 0xfffffffe
core   0: 0x8000c284 (0x0099dc13) srli    s8, s3, 9
core   0: 3 0x8000c284 (0x0099dc13) x24 0x007ffffd
core   0: 0x8000c288 (0xfe758ae3) beq     a1, t2, pc - 12
core   0: 3 0x8000c288 (0xfe758ae3)
core   0: 0x8000c28c (0xfc614ee3) blt     sp, t1, pc - 36
core   0: 3 0x8000c28c (0xfc614ee3)
core   0: 0x8000c268 (0xbc2666b7) lui     a3, 0xbc266
core   0: 3 0x8000c268 (0xbc2666b7) x13 0xbc266000
core   0: 0x8000c26c (0x20c94993) xori    s3, s2, 524
core   0: 3 0x8000c26c (0x20c94993) x19 0xfffffa40
core   0: 0x8000c270 (0x00810113) addi    sp, sp, 8
core   0: 3 0x8000c270 (0x00810113) x 2 0x00000016
core   0: 0x8000c274 (0x00400593) li      a1, 4
core   0: 3 0x8000c274 (0x00400593) x11 0x00000004
core   0: 0x8000c278 (0xff200393) li      t2, -14
core   0: 3 0x8000c278 (0xff200393) x 7 0xfffffff2
core   0: 0x8000c27c (0x03a351b3) divu    gp, t1, s10
core   0: 3 0x8000c27c (0x03a351b3) x 3 0x00000000
core   0: 0x8000c280 (0xffa58593) addi    a1, a1, -6
core   0: 3 0x8000c280 (0xffa58593) x11 0xfffffffe
core   0: 0x8000c284 (0x0099dc13) srli    s8, s3, 9
core   0: 3 0x8000c284 (0x0099dc13) x24 0x007ffffd
core   0: 0x8000c288 (0xfe758ae3) beq     a1, t2, pc - 12
core   0: 3 0x8000c288 (0xfe758ae3)
core   0: 0x8000c28c (0xfc614ee3) blt     sp, t1, pc - 36
core   0: 3 0x8000c28c (0xfc614ee3)
core   0: 0x8000c290 (0x036c8533) mul     a0, s9, s6
core   0: 3 0x8000c290 (0x036c8533) x10 0x72e00ca0
core   0: 0x8000c294 (0x00900793) li      a5, 9
core   0: 3 0x8000c294 (0x00900793) x15 0x00000009
core   0: 0x8000c298 (0x00400893) li      a7, 4
core   0: 3 0x8000c298 (0x00400893) x17 0x00000004
core   0: 0x8000c29c (0x022b7cb3) remu    s9, s6, sp
core   0: 3 0x8000c29c (0x022b7cb3) x25 0x0000000c
core   0: 0x8000c2a0 (0x004f84b3) add     s1, t6, tp
core   0: 3 0x8000c2a0 (0x004f84b3) x 9 0x0b15821f
core   0: 0x8000c2a4 (0xffb78793) addi    a5, a5, -5
core   0: 3 0x8000c2a4 (0xffb78793) x15 0x00000004
core   0: 0x8000c2a8 (0x01336d33) or      s10, t1, s3
core   0: 3 0x8000c2a8 (0x01336d33) x26 0xfffffa52
core   0: 0x8000c2ac (0xff179ae3) bne     a5, a7, pc - 12
core   0: 3 0x8000c2ac (0xff179ae3)
core   0: 0x8000c2b0 (0x01ed8eb3) add     t4, s11, t5
core   0: 3 0x8000c2b0 (0x01ed8eb3) x29 0x6b1777ca
core   0: 0x8000c2b4 (0x00300613) li      a2, 3
core   0: 3 0x8000c2b4 (0x00300613) x12 0x00000003
core   0: 0x8000c2b8 (0x0262b833) mulhu   a6, t0, t1
core   0: 3 0x8000c2b8 (0x0262b833) x16 0x00000000
core   0: 0x8000c2bc (0x40d5d6b3) sra     a3, a1, a3
core   0: 3 0x8000c2bc (0x40d5d6b3) x13 0xfffffffe
core   0: 0x8000c2c0 (0x01400313) li      t1, 20
core   0: 3 0x8000c2c0 (0x01400313) x 6 0x00000014
core   0: 0x8000c2c4 (0x00fa5f13) srli    t5, s4, 15
core   0: 3 0x8000c2c4 (0x00fa5f13) x30 0x00000000
core   0: 0x8000c2c8 (0x02d51fb3) mulh    t6, a0, a3
core   0: 3 0x8000c2c8 (0x02d51fb3) x31 0xffffffff
core   0: 0x8000c2cc (0x412c88b3) sub     a7, s9, s2
core   0: 3 0x8000c2cc (0x412c88b3) x17 0x000007c0
core   0: 0x8000c2d0 (0x00960613) addi    a2, a2, 9
core   0: 3 0x8000c2d0 (0x00960613) x12 0x0000000c
core   0: 0x8000c2d4 (0x0109b133) sltu    sp, s3, a6
core   0: 3 0x8000c2d4 (0x0109b133) x 2 0x00000000
core   0: 0x8000c2d8 (0x00f506b3) add     a3, a0, a5
core   0: 3 0x8000c2d8 (0x00f506b3) x13 0x72e00ca4
core   0: 0x8000c2dc (0x038601b3) mul     gp, a2, s8
core   0: 3 0x8000c2dc (0x038601b3) x 3 0x05ffffdc
core   0: 0x8000c2e0 (0x018461b3) or      gp, s0, s8
core   0: 3 0x8000c2e0 (0x018461b3) x 3 0x007ffffd
core   0: 0x8000c2e4 (0x4162dd33) sra     s10, t0, s6
core   0: 3 0x8000c2e4 (0x4162dd33) x26 0x00000000
core   0: 0x8000c2e8 (0x711df393) andi    t2, s11, 1809
core   0: 3 0x8000c2e8 (0x711df393) x 7 0x00000400
core   0: 0x8000c2ec (0x02eac533) div     a0, s5, a4
core   0: 3 0x8000c2ec (0x02eac533) x10 0x00000000
core   0: 0x8000c2f0 (0x40888c33) sub     s8, a7, s0
core   0: 3 0x8000c2f0 (0x40888c33) x24 0x000007c0
core   0: 0x8000c2f4 (0x014ff133) and     sp, t6, s4
core   0: 3 0x8000c2f4 (0x014ff133) x 2 0x00000000
core   0: 0x8000c2f8 (0xff800093) li      ra, -8
core   0: 3 0x8000c2f8 (0xff800093) x 1 0xfffffff8
core   0: 0x8000c2fc (0x01d1a433) slt     s0, gp, t4
core   0: 3 0x8000c2fc (0x01d1a433) x 8 0x00000001
core   0: 0x8000c300 (0xfef00213) li      tp, -17
core   0: 3 0x8000c300 (0xfef00213) x 4 0xffffffef
core   0: 0x8000c304 (0x0e89b593) sltiu   a1, s3, 232
core   0: 3 0x8000c304 (0x0e89b593) x11 0x00000000
core   0: 0x8000c308 (0x0054dfb3) srl     t6, s1, t0
core   0: 3 0x8000c308 (0x0054dfb3) x31 0x0b15821f
core   0: 0x8000c30c (0xe3ca2293) slti    t0, s4, -452
core   0: 3 0x8000c30c (0xe3ca2293) x 5 0x00000000
core   0: 0x8000c310 (0x0064f7b3) and     a5, s1, t1
core   0: 3 0x8000c310 (0x0064f7b3) x15 0x00000014
core   0: 0x8000c314 (0xff708093) addi    ra, ra, -9
core   0: 3 0x8000c314 (0xff708093) x 1 0xffffffef
core   0: 0x8000c318 (0x355a3793) sltiu   a5, s4, 853
core   0: 3 0x8000c318 (0x355a3793) x15 0x00000001
core   0: 0x8000c31c (0xfe4088e3) beq     ra, tp, pc - 16
core   0: 3 0x8000c31c (0xfe4088e3)
core   0: 0x8000c30c (0xe3ca2293) slti    t0, s4, -452
core   0: 3 0x8000c30c (0xe3ca2293) x 5 0x00000000
core   0: 0x8000c310 (0x0064f7b3) and     a5, s1, t1
core   0: 3 0x8000c310 (0x0064f7b3) x15 0x00000014
core   0: 0x8000c314 (0xff708093) addi    ra, ra, -9
core   0: 3 0x8000c314 (0xff708093) x 1 0xffffffe6
core   0: 0x8000c318 (0x355a3793) sltiu   a5, s4, 853
core   0: 3 0x8000c318 (0x355a3793) x15 0x00000001
core   0: 0x8000c31c (0xfe4088e3) beq     ra, tp, pc - 16
core   0: 3 0x8000c31c (0xfe4088e3)
core   0: 0x8000c320 (0x40ea0fb3) sub     t6, s4, a4
core   0: 3 0x8000c320 (0x40ea0fb3) x31 0x14eb251a
core   0: 0x8000c324 (0xfa6664e3) bltu    a2, t1, pc - 88
core   0: 3 0x8000c324 (0xfa6664e3)
core   0: 0x8000c2cc (0x412c88b3) sub     a7, s9, s2
core   0: 3 0x8000c2cc (0x412c88b3) x17 0x000007c0
core   0: 0x8000c2d0 (0x00960613) addi    a2, a2, 9
core   0: 3 0x8000c2d0 (0x00960613) x12 0x00000015
core   0: 0x8000c2d4 (0x0109b133) sltu    sp, s3, a6
core   0: 3 0x8000c2d4 (0x0109b133) x 2 0x00000000
core   0: 0x8000c2d8 (0x00f506b3) add     a3, a0, a5
core   0: 3 0x8000c2d8 (0x00f506b3) x13 0x00000001
core   0: 0x8000c2dc (0x038601b3) mul     gp, a2, s8
core   0: 3 0x8000c2dc (0x038601b3) x 3 0x0000a2c0
core   0: 0x8000c2e0 (0x018461b3) or      gp, s0, s8
core   0: 3 0x8000c2e0 (0x018461b3) x 3 0x000007c1
core   0: 0x8000c2e4 (0x4162dd33) sra     s10, t0, s6
core   0: 3 0x8000c2e4 (0x4162dd33) x26 0x00000000
core   0: 0x8000c2e8 (0x711df393) andi    t2, s11, 1809
core   0: 3 0x8000c2e8 (0x711df393) x 7 0x00000400
core   0: 0x8000c2ec (0x02eac533) div     a0, s5, a4
core   0: 3 0x8000c2ec (0x02eac533) x10 0x00000000
core   0: 0x8000c2f0 (0x40888c33) sub     s8, a7, s0
core   0: 3 0x8000c2f0 (0x40888c33) x24 0x000007bf
core   0: 0x8000c2f4 (0x014ff133) and     sp, t6, s4
core   0: 3 0x8000c2f4 (0x014ff133) x 2 0x00000000
core   0: 0x8000c2f8 (0xff800093) li      ra, -8
core   0: 3 0x8000c2f8 (0xff800093) x 1 0xfffffff8
core   0: 0x8000c2fc (0x01d1a433) slt     s0, gp, t4
core   0: 3 0x8000c2fc (0x01d1a433) x 8 0x00000001
core   0: 0x8000c300 (0xfef00213) li      tp, -17
core   0: 3 0x8000c300 (0xfef00213) x 4 0xffffffef
core   0: 0x8000c304 (0x0e89b593) sltiu   a1, s3, 232
core   0: 3 0x8000c304 (0x0e89b593) x11 0x00000000
core   0: 0x8000c308 (0x0054dfb3) srl     t6, s1, t0
core   0: 3 0x8000c308 (0x0054dfb3) x31 0x0b15821f
core   0: 0x8000c30c (0xe3ca2293) slti    t0, s4, -452
core   0: 3 0x8000c30c (0xe3ca2293) x 5 0x00000000
core   0: 0x8000c310 (0x0064f7b3) and     a5, s1, t1
core   0: 3 0x8000c310 (0x0064f7b3) x15 0x00000014
core   0: 0x8000c314 (0xff708093) addi    ra, ra, -9
core   0: 3 0x8000c314 (0xff708093) x 1 0xffffffef
core   0: 0x8000c318 (0x355a3793) sltiu   a5, s4, 853
core   0: 3 0x8000c318 (0x355a3793) x15 0x00000001
core   0: 0x8000c31c (0xfe4088e3) beq     ra, tp, pc - 16
core   0: 3 0x8000c31c (0xfe4088e3)
core   0: 0x8000c30c (0xe3ca2293) slti    t0, s4, -452
core   0: 3 0x8000c30c (0xe3ca2293) x 5 0x00000000
core   0: 0x8000c310 (0x0064f7b3) and     a5, s1, t1
core   0: 3 0x8000c310 (0x0064f7b3) x15 0x00000014
core   0: 0x8000c314 (0xff708093) addi    ra, ra, -9
core   0: 3 0x8000c314 (0xff708093) x 1 0xffffffe6
core   0: 0x8000c318 (0x355a3793) sltiu   a5, s4, 853
core   0: 3 0x8000c318 (0x355a3793) x15 0x00000001
core   0: 0x8000c31c (0xfe4088e3) beq     ra, tp, pc - 16
core   0: 3 0x8000c31c (0xfe4088e3)
core   0: 0x8000c320 (0x40ea0fb3) sub     t6, s4, a4
core   0: 3 0x8000c320 (0x40ea0fb3) x31 0x14eb251a
core   0: 0x8000c324 (0xfa6664e3) bltu    a2, t1, pc - 88
core   0: 3 0x8000c324 (0xfa6664e3)
core   0: 0x8000c328 (0x7c546113) ori     sp, s0, 1989
core   0: 3 0x8000c328 (0x7c546113) x 2 0x000007c5
core   0: 0x8000c32c (0x00300413) li      s0, 3
core   0: 3 0x8000c32c (0x00300413) x 8 0x00000003
core   0: 0x8000c330 (0x00000013) nop
core   0: 3 0x8000c330 (0x00000013)
core   0: 0x8000c334 (0x4b074593) xori    a1, a4, 1200
core   0: 3 0x8000c334 (0x4b074593) x11 0xeb14de56
core   0: 0x8000c338 (0x02f52f33) mulhsu  t5, a0, a5
core   0: 3 0x8000c338 (0x02f52f33) x30 0x00000000
core   0: 0x8000c33c (0x029f1fb3) mulh    t6, t5, s1
core   0: 3 0x8000c33c (0x029f1fb3) x31 0x00000000
core   0: 0x8000c340 (0x002d9e33) sll     t3, s11, sp
core   0: 3 0x8000c340 (0x002d9e33) x28 0x00539c80
core   0: 0x8000c344 (0x002ef033) and     zero, t4, sp
core   0: 3 0x8000c344 (0x002ef033)
core   0: 0x8000c348 (0x01a57833) and     a6, a0, s10
core   0: 3 0x8000c348 (0x01a57833) x16 0x00000000
core   0: 0x8000c34c (0xabd733b7) lui     t2, 0xabd73
core   0: 3 0x8000c34c (0xabd733b7) x 7 0xabd73000
core   0: 0x8000c350 (0x00f00093) li      ra, 15
core   0: 3 0x8000c350 (0x00f00093) x 1 0x0000000f
core   0: 0x8000c354 (0x00a4ec33) or      s8, s1, a0
core   0: 3 0x8000c354 (0x00a4ec33) x24 0x0b15821f
core   0: 0x8000c358 (0x00db72b3) and     t0, s6, a3
core   0: 3 0x8000c358 (0x00db72b3) x 5 0x00000000
core   0: 0x8000c35c (0x036504b3) mul     s1, a0, s6
core   0: 3 0x8000c35c (0x036504b3) x 9 0x00000000
core   0: 0x8000c360 (0x00940413) addi    s0, s0, 9
core   0: 3 0x8000c360 (0x00940413) x 8 0x0000000c
core   0: 0x8000c364 (0x414ed2b3) sra     t0, t4, s4
core   0: 3 0x8000c364 (0x414ed2b3) x 5 0x6b1777ca
core   0: 0x8000c368 (0x0171b833) sltu    a6, gp, s7
core   0: 3 0x8000c368 (0x0171b833) x16 0x00000001
core   0: 0x8000c36c (0x0119f933) and     s2, s3, a7
core   0: 3 0x8000c36c (0x0119f933) x18 0x00000240
core   0: 0x8000c370 (0xf8a32813) slti    a6, t1, -118
core   0: 3 0x8000c370 (0xf8a32813) x16 0x00000000
core   0: 0x8000c374 (0x40b759b3) sra     s3, a4, a1
core   0: 3 0x8000c374 (0x40b759b3) x19 0xffffffac
core   0: 0x8000c378 (0xfe1460e3) bltu    s0, ra, pc - 32
core   0: 3 0x8000c378 (0xfe1460e3)
core   0: 0x8000c358 (0x00db72b3) and     t0, s6, a3
core   0: 3 0x8000c358 (0x00db72b3) x 5 0x00000000
core   0: 0x8000c35c (0x036504b3) mul     s1, a0, s6
core   0: 3 0x8000c35c (0x036504b3) x 9 0x00000000
core   0: 0x8000c360 (0x00940413) addi    s0, s0, 9
core   0: 3 0x8000c360 (0x00940413) x 8 0x00000015
core   0: 0x8000c364 (0x414ed2b3) sra     t0, t4, s4
core   0: 3 0x8000c364 (0x414ed2b3) x 5 0x6b1777ca
core   0: 0x8000c368 (0x0171b833) sltu    a6, gp, s7
core   0: 3 0x8000c368 (0x0171b833) x16 0x00000001
core   0: 0x8000c36c (0x0119f933) and     s2, s3, a7
core   0: 3 0x8000c36c (0x0119f933) x18 0x00000780
core   0: 0x8000c370 (0xf8a32813) slti    a6, t1, -118
core   0: 3 0x8000c370 (0xf8a32813) x16 0x00000000
core   0: 0x8000c374 (0x40b759b3) sra     s3, a4, a1
core   0: 3 0x8000c374 (0x40b759b3) x19 0xffffffac
core   0: 0x8000c378 (0xfe1460e3) bltu    s0, ra, pc - 32
core   0: 3 0x8000c378 (0xfe1460e3)
core   0: 0x8000c37c (0x01d0f033) and     zero, ra, t4
core   0: 3 0x8000c37c (0x01d0f033)
core   0: 0x8000c380 (0x00800593) li      a1, 8
core   0: 3 0x8000c380 (0x00800593) x11 0x00000008
core   0: 0x8000c384 (0x41f2d433) sra     s0, t0, t6
core   0: 3 0x8000c384 (0x41f2d433) x 8 0x6b1777ca
core   0: 0x8000c388 (0x00d00e93) li      t4, 13
core   0: 3 0x8000c388 (0x00d00e93) x29 0x0000000d
core   0: 0x8000c38c (0x41d60fb3) sub     t6, a2, t4
core   0: 3 0x8000c38c (0x41d60fb3) x31 0x00000008
core   0: 0x8000c390 (0x61d374b7) lui     s1, 0x61d37
core   0: 3 0x8000c390 (0x61d374b7) x 9 0x61d37000
core   0: 0x8000c394 (0x57833093) sltiu   ra, t1, 1400
core   0: 3 0x8000c394 (0x57833093) x 1 0x00000001
core   0: 0x8000c398 (0x4a263313) sltiu   t1, a2, 1186
core   0: 3 0x8000c398 (0x4a263313) x 6 0x00000001
core   0: 0x8000c39c (0x415688b3) sub     a7, a3, s5
core   0: 3 0x8000c39c (0x415688b3) x17 0x00000001
core   0: 0x8000c3a0 (0x90868013) addi    zero, a3, -1784
core   0: 3 0x8000c3a0 (0x90868013)
core   0: 0x8000c3a4 (0xf2993293) sltiu   t0, s2, -215
core   0: 3 0x8000c3a4 (0xf2993293) x 5 0x00000001
core   0: 0x8000c3a8 (0x03401e33) mulh    t3, zero, s4
core   0: 3 0x8000c3a8 (0x03401e33) x28 0x00000000
core   0: 0x8000c3ac (0x01c08533) add     a0, ra, t3
core   0: 3 0x8000c3ac (0x01c08533) x10 0x00000001
core   0: 0x8000c3b0 (0x00000013) nop
core   0: 3 0x8000c3b0 (0x00000013)
core   0: 0x8000c3b4 (0x41175e13) srai    t3, a4, 17
core   0: 3 0x8000c3b4 (0x41175e13) x28 0xfffff58a
core   0: 0x8000c3b8 (0x00758593) addi    a1, a1, 7
core   0: 3 0x8000c3b8 (0x00758593) x11 0x0000000f
core   0: 0x8000c3bc (0x03ff4333) div     t1, t5, t6
core   0: 3 0x8000c3bc (0x03ff4333) x 6 0x00000000
core   0: 0x8000c3c0 (0xfdd5e8e3) bltu    a1, t4, pc - 48
core   0: 3 0x8000c3c0 (0xfdd5e8e3)
core   0: 0x8000c3c4 (0x0180bcb3) sltu    s9, ra, s8
core   0: 3 0x8000c3c4 (0x0180bcb3) x25 0x00000001
core   0: 0x8000c3c8 (0xffd00d13) li      s10, -3
core   0: 3 0x8000c3c8 (0xffd00d13) x26 0xfffffffd
core   0: 0x8000c3cc (0x40ac0a33) sub     s4, s8, a0
core   0: 3 0x8000c3cc (0x40ac0a33) x20 0x0b15821e
core   0: 0x8000c3d0 (0xd7d16693) ori     a3, sp, -643
core   0: 3 0x8000c3d0 (0xd7d16693) x13 0xfffffffd
core   0: 0x8000c3d4 (0x00900593) li      a1, 9
core   0: 3 0x8000c3d4 (0x00900593) x11 0x00000009
core   0: 0x8000c3d8 (0x0266b033) mulhu   zero, a3, t1
core   0: 3 0x8000c3d8 (0x0266b033)
core   0: 0x8000c3dc (0x01d06eb3) or      t4, zero, t4
core   0: 3 0x8000c3dc (0x01d06eb3) x29 0x0000000d
core   0: 0x8000c3e0 (0xf32d0a93) addi    s5, s10, -206
core   0: 3 0x8000c3e0 (0xf32d0a93) x21 0xffffff2f
core   0: 0x8000c3e4 (0xf88fe993) ori     s3, t6, -120
core   0: 3 0x8000c3e4 (0xf88fe993) x19 0xffffff88
core   0: 0x8000c3e8 (0x004d0d13) addi    s10, s10, 4
core   0: 3 0x8000c3e8 (0x004d0d13) x26 0x00000001
core   0: 0x8000c3ec (0x01599513) slli    a0, s3, 21
core   0: 3 0x8000c3ec (0x01599513) x10 0xf1000000
core   0: 0x8000c3f0 (0xfff00293) li      t0, -1
core   0: 3 0x8000c3f0 (0xfff00293) x 5 0xffffffff
core   0: 0x8000c3f4 (0x009bf633) and     a2, s7, s1
core   0: 3 0x8000c3f4 (0x009bf633) x12 0x00004000
core   0: 0x8000c3f8 (0x03d81eb3) mulh    t4, a6, t4
core   0: 3 0x8000c3f8 (0x03d81eb3) x29 0x00000000
core   0: 0x8000c3fc (0x40dbd333) sra     t1, s7, a3
core   0: 3 0x8000c3fc (0x40dbd333) x 6 0xfffffffc
core   0: 0x8000c400 (0x35c83893) sltiu   a7, a6, 860
core   0: 3 0x8000c400 (0x35c83893) x17 0x00000001
core   0: 0x8000c404 (0x03c00033) mul     zero, zero, t3
core   0: 3 0x8000c404 (0x03c00033)
core   0: 0x8000c408 (0xff000e13) li      t3, -16
core   0: 3 0x8000c408 (0xff000e13) x28 0xfffffff0
core   0: 0x8000c40c (0x01fca333) slt     t1, s9, t6
core   0: 3 0x8000c40c (0x01fca333) x 6 0x00000001
core   0: 0x8000c410 (0x00f60533) add     a0, a2, a5
core   0: 3 0x8000c410 (0x00f60533) x10 0x00004001
core   0: 0x8000c414 (0x005fe6b3) or      a3, t6, t0
core   0: 3 0x8000c414 (0x005fe6b3) x13 0xffffffff
core   0: 0x8000c418 (0xffb28293) addi    t0, t0, -5
core   0: 3 0x8000c418 (0xffb28293) x 5 0xfffffffa
core   0: 0x8000c41c (0xd19ea913) slti    s2, t4, -743
core   0: 3 0x8000c41c (0xd19ea913) x18 0x00000000
core   0: 0x8000c420 (0x01cafc13) andi    s8, s5, 28
core   0: 3 0x8000c420 (0x01cafc13) x24 0x0000000c
core   0: 0x8000c424 (0x05677a13) andi    s4, a4, 86
core   0: 3 0x8000c424 (0x05677a13) x20 0x00000046
core   0: 0x8000c428 (0xffc284e3) beq     t0, t3, pc - 24
core   0: 3 0x8000c428 (0xffc284e3)
core   0: 0x8000c42c (0x03d8b633) mulhu   a2, a7, t4
core   0: 3 0x8000c42c (0x03d8b633) x12 0x00000000
core   0: 0x8000c430 (0x40765413) srai    s0, a2, 7
core   0: 3 0x8000c430 (0x40765413) x 8 0x00000000
core   0: 0x8000c434 (0x4687bf13) sltiu   t5, a5, 1128
core   0: 3 0x8000c434 (0x4687bf13) x30 0x00000001
core   0: 0x8000c438 (0x32d6c517) auipc   a0, 0x32d6c
core   0: 3 0x8000c438 (0x32d6c517) x10 0xb2d78438
core   0: 0x8000c43c (0x40c9d1b3) sra     gp, s3, a2
core   0: 3 0x8000c43c (0x40c9d1b3) x 3 0xffffff88
core   0: 0x8000c440 (0x403f8f33) sub     t5, t6, gp
core   0: 3 0x8000c440 (0x403f8f33) x30 0x00000080
core   0: 0x8000c444 (0xf8bd1ce3) bne     s10, a1, pc - 104
core   0: 3 0x8000c444 (0xf8bd1ce3)
core   0: 0x8000c3dc (0x01d06eb3) or      t4, zero, t4
core   0: 3 0x8000c3dc (0x01d06eb3) x29 0x00000000
core   0: 0x8000c3e0 (0xf32d0a93) addi    s5, s10, -206
core   0: 3 0x8000c3e0 (0xf32d0a93) x21 0xffffff33
core   0: 0x8000c3e4 (0xf88fe993) ori     s3, t6, -120
core   0: 3 0x8000c3e4 (0xf88fe993) x19 0xffffff88
core   0: 0x8000c3e8 (0x004d0d13) addi    s10, s10, 4
core   0: 3 0x8000c3e8 (0x004d0d13) x26 0x00000005
core   0: 0x8000c3ec (0x01599513) slli    a0, s3, 21
core   0: 3 0x8000c3ec (0x01599513) x10 0xf1000000
core   0: 0x8000c3f0 (0xfff00293) li      t0, -1
core   0: 3 0x8000c3f0 (0xfff00293) x 5 0xffffffff
core   0: 0x8000c3f4 (0x009bf633) and     a2, s7, s1
core   0: 3 0x8000c3f4 (0x009bf633) x12 0x00004000
core   0: 0x8000c3f8 (0x03d81eb3) mulh    t4, a6, t4
core   0: 3 0x8000c3f8 (0x03d81eb3) x29 0x00000000
core   0: 0x8000c3fc (0x40dbd333) sra     t1, s7, a3
core   0: 3 0x8000c3fc (0x40dbd333) x 6 0xffffffff
core   0: 0x8000c400 (0x35c83893) sltiu   a7, a6, 860
core   0: 3 0x8000c400 (0x35c83893) x17 0x00000001
core   0: 0x8000c404 (0x03c00033) mul     zero, zero, t3
core   0: 3 0x8000c404 (0x03c00033)
core   0: 0x8000c408 (0xff000e13) li      t3, -16
core   0: 3 0x8000c408 (0xff000e13) x28 0xfffffff0
core   0: 0x8000c40c (0x01fca333) slt     t1, s9, t6
core   0: 3 0x8000c40c (0x01fca333) x 6 0x00000001
core   0: 0x8000c410 (0x00f60533) add     a0, a2, a5
core   0: 3 0x8000c410 (0x00f60533) x10 0x00004001
core   0: 0x8000c414 (0x005fe6b3) or      a3, t6, t0
core   0: 3 0x8000c414 (0x005fe6b3) x13 0xffffffff
core   0: 0x8000c418 (0xffb28293) addi    t0, t0, -5
core   0: 3 0x8000c418 (0xffb28293) x 5 0xfffffffa
core   0: 0x8000c41c (0xd19ea913) slti    s2, t4, -743
core   0: 3 0x8000c41c (0xd19ea913) x18 0x00000000
core   0: 0x8000c420 (0x01cafc13) andi    s8, s5, 28
core   0: 3 0x8000c420 (0x01cafc13) x24 0x00000010
core   0: 0x8000c424 (0x05677a13) andi    s4, a4, 86
core   0: 3 0x8000c424 (0x05677a13) x20 0x00000046
core   0: 0x8000c428 (0xffc284e3) beq     t0, t3, pc - 24
core   0: 3 0x8000c428 (0xffc284e3)
core   0: 0x8000c42c (0x03d8b633) mulhu   a2, a7, t4
core   0: 3 0x8000c42c (0x03d8b633) x12 0x00000000
core   0: 0x8000c430 (0x40765413) srai    s0, a2, 7
core   0: 3 0x8000c430 (0x40765413) x 8 0x00000000
core   0: 0x8000c434 (0x4687bf13) sltiu   t5, a5, 1128
core   0: 3 0x8000c434 (0x4687bf13) x30 0x00000001
core   0: 0x8000c438 (0x32d6c517) auipc   a0, 0x32d6c
core   0: 3 0x8000c438 (0x32d6c517) x10 0xb2d78438
core   0: 0x8000c43c (0x40c9d1b3) sra     gp, s3, a2
core   0: 3 0x8000c43c (0x40c9d1b3) x 3 0xffffff88
core   0: 0x8000c440 (0x403f8f33) sub     t5, t6, gp
core   0: 3 0x8000c440 (0x403f8f33) x30 0x00000080
core   0: 0x8000c444 (0xf8bd1ce3) bne     s10, a1, pc - 104
core   0: 3 0x8000c444 (0xf8bd1ce3)
core   0: 0x8000c3dc (0x01d06eb3) or      t4, zero, t4
core   0: 3 0x8000c3dc (0x01d06eb3) x29 0x00000000
core   0: 0x8000c3e0 (0xf32d0a93) addi    s5, s10, -206
core   0: 3 0x8000c3e0 (0xf32d0a93) x21 0xffffff37
core   0: 0x8000c3e4 (0xf88fe993) ori     s3, t6, -120
core   0: 3 0x8000c3e4 (0xf88fe993) x19 0xffffff88
core   0: 0x8000c3e8 (0x004d0d13) addi    s10, s10, 4
core   0: 3 0x8000c3e8 (0x004d0d13) x26 0x00000009
core   0: 0x8000c3ec (0x01599513) slli    a0, s3, 21
core   0: 3 0x8000c3ec (0x01599513) x10 0xf1000000
core   0: 0x8000c3f0 (0xfff00293) li      t0, -1
core   0: 3 0x8000c3f0 (0xfff00293) x 5 0xffffffff
core   0: 0x8000c3f4 (0x009bf633) and     a2, s7, s1
core   0: 3 0x8000c3f4 (0x009bf633) x12 0x00004000
core   0: 0x8000c3f8 (0x03d81eb3) mulh    t4, a6, t4
core   0: 3 0x8000c3f8 (0x03d81eb3) x29 0x00000000
core   0: 0x8000c3fc (0x40dbd333) sra     t1, s7, a3
core   0: 3 0x8000c3fc (0x40dbd333) x 6 0xffffffff
core   0: 0x8000c400 (0x35c83893) sltiu   a7, a6, 860
core   0: 3 0x8000c400 (0x35c83893) x17 0x00000001
core   0: 0x8000c404 (0x03c00033) mul     zero, zero, t3
core   0: 3 0x8000c404 (0x03c00033)
core   0: 0x8000c408 (0xff000e13) li      t3, -16
core   0: 3 0x8000c408 (0xff000e13) x28 0xfffffff0
core   0: 0x8000c40c (0x01fca333) slt     t1, s9, t6
core   0: 3 0x8000c40c (0x01fca333) x 6 0x00000001
core   0: 0x8000c410 (0x00f60533) add     a0, a2, a5
core   0: 3 0x8000c410 (0x00f60533) x10 0x00004001
core   0: 0x8000c414 (0x005fe6b3) or      a3, t6, t0
core   0: 3 0x8000c414 (0x005fe6b3) x13 0xffffffff
core   0: 0x8000c418 (0xffb28293) addi    t0, t0, -5
core   0: 3 0x8000c418 (0xffb28293) x 5 0xfffffffa
core   0: 0x8000c41c (0xd19ea913) slti    s2, t4, -743
core   0: 3 0x8000c41c (0xd19ea913) x18 0x00000000
core   0: 0x8000c420 (0x01cafc13) andi    s8, s5, 28
core   0: 3 0x8000c420 (0x01cafc13) x24 0x00000014
core   0: 0x8000c424 (0x05677a13) andi    s4, a4, 86
core   0: 3 0x8000c424 (0x05677a13) x20 0x00000046
core   0: 0x8000c428 (0xffc284e3) beq     t0, t3, pc - 24
core   0: 3 0x8000c428 (0xffc284e3)
core   0: 0x8000c42c (0x03d8b633) mulhu   a2, a7, t4
core   0: 3 0x8000c42c (0x03d8b633) x12 0x00000000
core   0: 0x8000c430 (0x40765413) srai    s0, a2, 7
core   0: 3 0x8000c430 (0x40765413) x 8 0x00000000
core   0: 0x8000c434 (0x4687bf13) sltiu   t5, a5, 1128
core   0: 3 0x8000c434 (0x4687bf13) x30 0x00000001
core   0: 0x8000c438 (0x32d6c517) auipc   a0, 0x32d6c
core   0: 3 0x8000c438 (0x32d6c517) x10 0xb2d78438
core   0: 0x8000c43c (0x40c9d1b3) sra     gp, s3, a2
core   0: 3 0x8000c43c (0x40c9d1b3) x 3 0xffffff88
core   0: 0x8000c440 (0x403f8f33) sub     t5, t6, gp
core   0: 3 0x8000c440 (0x403f8f33) x30 0x00000080
core   0: 0x8000c444 (0xf8bd1ce3) bne     s10, a1, pc - 104
core   0: 3 0x8000c444 (0xf8bd1ce3)
core   0: 0x8000c448 (0x017f36b3) sltu    a3, t5, s7
core   0: 3 0x8000c448 (0x017f36b3) x13 0x00000001
core   0: 0x8000c44c (0x00700c93) li      s9, 7
core   0: 3 0x8000c44c (0x00700c93) x25 0x00000007
core   0: 0x8000c450 (0x036efa33) remu    s4, t4, s6
core   0: 3 0x8000c450 (0x036efa33) x20 0x00000000
core   0: 0x8000c454 (0x00800913) li      s2, 8
core   0: 3 0x8000c454 (0x00800913) x18 0x00000008
core   0: 0x8000c458 (0x002e49b3) xor     s3, t3, sp
core   0: 3 0x8000c458 (0x002e49b3) x19 0xfffff835
core   0: 0x8000c45c (0x032f00b3) mul     ra, t5, s2
core   0: 3 0x8000c45c (0x032f00b3) x 1 0x00000400
core   0: 0x8000c460 (0x001c8c93) addi    s9, s9, 1
core   0: 3 0x8000c460 (0x001c8c93) x25 0x00000008
core   0: 0x8000c464 (0x63863293) sltiu   t0, a2, 1592
core   0: 3 0x8000c464 (0x63863293) x 5 0x00000001
core   0: 0x8000c468 (0x028244b3) div     s1, tp, s0
core   0: 3 0x8000c468 (0x028244b3) x 9 0xffffffff
core   0: 0x8000c46c (0xffa00693) li      a3, -6
core   0: 3 0x8000c46c (0xffa00693) x13 0xfffffffa
core   0: 0x8000c470 (0x0391f4b3) remu    s1, gp, s9
core   0: 3 0x8000c470 (0x0391f4b3) x 9 0x00000000
core   0: 0x8000c474 (0x01f18eb3) add     t4, gp, t6
core   0: 3 0x8000c474 (0x01f18eb3) x29 0xffffff90
core   0: 0x8000c478 (0x03113fb3) mulhu   t6, sp, a7
core   0: 3 0x8000c478 (0x03113fb3) x31 0x00000000
core   0: 0x8000c47c (0x01300413) li      s0, 19
core   0: 3 0x8000c47c (0x01300413) x 8 0x00000013
core   0: 0x8000c480 (0x41205133) sra     sp, zero, s2
core   0: 3 0x8000c480 (0x41205133) x 2 0x00000000
core   0: 0x8000c484 (0x033a84b3) mul     s1, s5, s3
core   0: 3 0x8000c484 (0x033a84b3) x 9 0x00061e63
core   0: 0x8000c488 (0xd34b0d17) auipc   s10, 0xd34b0
core   0: 3 0x8000c488 (0xd34b0d17) x26 0x534bc488
core   0: 0x8000c48c (0x00aed833) srl     a6, t4, a0
core   0: 3 0x8000c48c (0x00aed833) x16 0x000000ff
core   0: 0x8000c490 (0x00000013) nop
core   0: 3 0x8000c490 (0x00000013)
core   0: 0x8000c494 (0x01118a13) addi    s4, gp, 17
core   0: 3 0x8000c494 (0x01118a13) x20 0xffffff99
core   0: 0x8000c498 (0x014469b3) or      s3, s0, s4
core   0: 3 0x8000c498 (0x014469b3) x19 0xffffff9b
core   0: 0x8000c49c (0x00168693) addi    a3, a3, 1
core   0: 3 0x8000c49c (0x00168693) x13 0xfffffffb
core   0: 0x8000c4a0 (0xfe86cae3) blt     a3, s0, pc - 12
core   0: 3 0x8000c4a0 (0xfe86cae3)
core   0: 0x8000c494 (0x01118a13) addi    s4, gp, 17
core   0: 3 0x8000c494 (0x01118a13) x20 0xffffff99
core   0: 0x8000c498 (0x014469b3) or      s3, s0, s4
core   0: 3 0x8000c498 (0x014469b3) x19 0xffffff9b
core   0: 0x8000c49c (0x00168693) addi    a3, a3, 1
core   0: 3 0x8000c49c (0x00168693) x13 0xfffffffc
core   0: 0x8000c4a0 (0xfe86cae3) blt     a3, s0, pc - 12
core   0: 3 0x8000c4a0 (0xfe86cae3)
core   0: 0x8000c494 (0x01118a13) addi    s4, gp, 17
core   0: 3 0x8000c494 (0x01118a13) x20 0xffffff99
core   0: 0x8000c498 (0x014469b3) or      s3, s0, s4
core   0: 3 0x8000c498 (0x014469b3) x19 0xffffff9b
core   0: 0x8000c49c (0x00168693) addi    a3, a3, 1
core   0: 3 0x8000c49c (0x00168693) x13 0xfffffffd
core   0: 0x8000c4a0 (0xfe86cae3) blt     a3, s0, pc - 12
core   0: 3 0x8000c4a0 (0xfe86cae3)
core   0: 0x8000c494 (0x01118a13) addi    s4, gp, 17
core   0: 3 0x8000c494 (0x01118a13) x20 0xffffff99
core   0: 0x8000c498 (0x014469b3) or      s3, s0, s4
core   0: 3 0x8000c498 (0x014469b3) x19 0xffffff9b
core   0: 0x8000c49c (0x00168693) addi    a3, a3, 1
core   0: 3 0x8000c49c (0x00168693) x13 0xfffffffe
core   0: 0x8000c4a0 (0xfe86cae3) blt     a3, s0, pc - 12
core   0: 3 0x8000c4a0 (0xfe86cae3)
core   0: 0x8000c494 (0x01118a13) addi    s4, gp, 17
core   0: 3 0x8000c494 (0x01118a13) x20 0xffffff99
core   0: 0x8000c498 (0x014469b3) or      s3, s0, s4
core   0: 3 0x8000c498 (0x014469b3) x19 0xffffff9b
core   0: 0x8000c49c (0x00168693) addi    a3, a3, 1
core   0: 3 0x8000c49c (0x00168693) x13 0xffffffff
core   0: 0x8000c4a0 (0xfe86cae3) blt     a3, s0, pc - 12
core   0: 3 0x8000c4a0 (0xfe86cae3)
core   0: 0x8000c494 (0x01118a13) addi    s4, gp, 17
core   0: 3 0x8000c494 (0x01118a13) x20 0xffffff99
core   0: 0x8000c498 (0x014469b3) or      s3, s0, s4
core   0: 3 0x8000c498 (0x014469b3) x19 0xffffff9b
core   0: 0x8000c49c (0x00168693) addi    a3, a3, 1
core   0: 3 0x8000c49c (0x00168693) x13 0x00000000
core   0: 0x8000c4a0 (0xfe86cae3) blt     a3, s0, pc - 12
core   0: 3 0x8000c4a0 (0xfe86cae3)
core   0: 0x8000c494 (0x01118a13) addi    s4, gp, 17
core   0: 3 0x8000c494 (0x01118a13) x20 0xffffff99
core   0: 0x8000c498 (0x014469b3) or      s3, s0, s4
core   0: 3 0x8000c498 (0x014469b3) x19 0xffffff9b
core   0: 0x8000c49c (0x00168693) addi    a3, a3, 1
core   0: 3 0x8000c49c (0x00168693) x13 0x00000001
core   0: 0x8000c4a0 (0xfe86cae3) blt     a3, s0, pc - 12
core   0: 3 0x8000c4a0 (0xfe86cae3)
core   0: 0x8000c494 (0x01118a13) addi    s4, gp, 17
core   0: 3 0x8000c494 (0x01118a13) x20 0xffffff99
core   0: 0x8000c498 (0x014469b3) or      s3, s0, s4
core   0: 3 0x8000c498 (0x014469b3) x19 0xffffff9b
core   0: 0x8000c49c (0x00168693) addi    a3, a3, 1
core   0: 3 0x8000c49c (0x00168693) x13 0x00000002
core   0: 0x8000c4a0 (0xfe86cae3) blt     a3, s0, pc - 12
core   0: 3 0x8000c4a0 (0xfe86cae3)
core   0: 0x8000c494 (0x01118a13) addi    s4, gp, 17
core   0: 3 0x8000c494 (0x01118a13) x20 0xffffff99
core   0: 0x8000c498 (0x014469b3) or      s3, s0, s4
core   0: 3 0x8000c498 (0x014469b3) x19 0xffffff9b
core   0: 0x8000c49c (0x00168693) addi    a3, a3, 1
core   0: 3 0x8000c49c (0x00168693) x13 0x00000003
core   0: 0x8000c4a0 (0xfe86cae3) blt     a3, s0, pc - 12
core   0: 3 0x8000c4a0 (0xfe86cae3)
core   0: 0x8000c494 (0x01118a13) addi    s4, gp, 17
core   0: 3 0x8000c494 (0x01118a13) x20 0xffffff99
core   0: 0x8000c498 (0x014469b3) or      s3, s0, s4
core   0: 3 0x8000c498 (0x014469b3) x19 0xffffff9b
core   0: 0x8000c49c (0x00168693) addi    a3, a3, 1
core   0: 3 0x8000c49c (0x00168693) x13 0x00000004
core   0: 0x8000c4a0 (0xfe86cae3) blt     a3, s0, pc - 12
core   0: 3 0x8000c4a0 (0xfe86cae3)
core   0: 0x8000c494 (0x01118a13) addi    s4, gp, 17
core   0: 3 0x8000c494 (0x01118a13) x20 0xffffff99
core   0: 0x8000c498 (0x014469b3) or      s3, s0, s4
core   0: 3 0x8000c498 (0x014469b3) x19 0xffffff9b
core   0: 0x8000c49c (0x00168693) addi    a3, a3, 1
core   0: 3 0x8000c49c (0x00168693) x13 0x00000005
core   0: 0x8000c4a0 (0xfe86cae3) blt     a3, s0, pc - 12
core   0: 3 0x8000c4a0 (0xfe86cae3)
core   0: 0x8000c494 (0x01118a13) addi    s4, gp, 17
core   0: 3 0x8000c494 (0x01118a13) x20 0xffffff99
core   0: 0x8000c498 (0x014469b3) or      s3, s0, s4
core   0: 3 0x8000c498 (0x014469b3) x19 0xffffff9b
core   0: 0x8000c49c (0x00168693) addi    a3, a3, 1
core   0: 3 0x8000c49c (0x00168693) x13 0x00000006
core   0: 0x8000c4a0 (0xfe86cae3) blt     a3, s0, pc - 12
core   0: 3 0x8000c4a0 (0xfe86cae3)
core   0: 0x8000c494 (0x01118a13) addi    s4, gp, 17
core   0: 3 0x8000c494 (0x01118a13) x20 0xffffff99
core   0: 0x8000c498 (0x014469b3) or      s3, s0, s4
core   0: 3 0x8000c498 (0x014469b3) x19 0xffffff9b
core   0: 0x8000c49c (0x00168693) addi    a3, a3, 1
core   0: 3 0x8000c49c (0x00168693) x13 0x00000007
core   0: 0x8000c4a0 (0xfe86cae3) blt     a3, s0, pc - 12
core   0: 3 0x8000c4a0 (0xfe86cae3)
core   0: 0x8000c494 (0x01118a13) addi    s4, gp, 17
core   0: 3 0x8000c494 (0x01118a13) x20 0xffffff99
core   0: 0x8000c498 (0x014469b3) or      s3, s0, s4
core   0: 3 0x8000c498 (0x014469b3) x19 0xffffff9b
core   0: 0x8000c49c (0x00168693) addi    a3, a3, 1
core   0: 3 0x8000c49c (0x00168693) x13 0x00000008
core   0: 0x8000c4a0 (0xfe86cae3) blt     a3, s0, pc - 12
core   0: 3 0x8000c4a0 (0xfe86cae3)
core   0: 0x8000c494 (0x01118a13) addi    s4, gp, 17
core   0: 3 0x8000c494 (0x01118a13) x20 0xffffff99
core   0: 0x8000c498 (0x014469b3) or      s3, s0, s4
core   0: 3 0x8000c498 (0x014469b3) x19 0xffffff9b
core   0: 0x8000c49c (0x00168693) addi    a3, a3, 1
core   0: 3 0x8000c49c (0x00168693) x13 0x00000009
core   0: 0x8000c4a0 (0xfe86cae3) blt     a3, s0, pc - 12
core   0: 3 0x8000c4a0 (0xfe86cae3)
core   0: 0x8000c494 (0x01118a13) addi    s4, gp, 17
core   0: 3 0x8000c494 (0x01118a13) x20 0xffffff99
core   0: 0x8000c498 (0x014469b3) or      s3, s0, s4
core   0: 3 0x8000c498 (0x014469b3) x19 0xffffff9b
core   0: 0x8000c49c (0x00168693) addi    a3, a3, 1
core   0: 3 0x8000c49c (0x00168693) x13 0x0000000a
core   0: 0x8000c4a0 (0xfe86cae3) blt     a3, s0, pc - 12
core   0: 3 0x8000c4a0 (0xfe86cae3)
core   0: 0x8000c494 (0x01118a13) addi    s4, gp, 17
core   0: 3 0x8000c494 (0x01118a13) x20 0xffffff99
core   0: 0x8000c498 (0x014469b3) or      s3, s0, s4
core   0: 3 0x8000c498 (0x014469b3) x19 0xffffff9b
core   0: 0x8000c49c (0x00168693) addi    a3, a3, 1
core   0: 3 0x8000c49c (0x00168693) x13 0x0000000b
core   0: 0x8000c4a0 (0xfe86cae3) blt     a3, s0, pc - 12
core   0: 3 0x8000c4a0 (0xfe86cae3)
core   0: 0x8000c494 (0x01118a13) addi    s4, gp, 17
core   0: 3 0x8000c494 (0x01118a13) x20 0xffffff99
core   0: 0x8000c498 (0x014469b3) or      s3, s0, s4
core   0: 3 0x8000c498 (0x014469b3) x19 0xffffff9b
core   0: 0x8000c49c (0x00168693) addi    a3, a3, 1
core   0: 3 0x8000c49c (0x00168693) x13 0x0000000c
core   0: 0x8000c4a0 (0xfe86cae3) blt     a3, s0, pc - 12
core   0: 3 0x8000c4a0 (0xfe86cae3)
core   0: 0x8000c494 (0x01118a13) addi    s4, gp, 17
core   0: 3 0x8000c494 (0x01118a13) x20 0xffffff99
core   0: 0x8000c498 (0x014469b3) or      s3, s0, s4
core   0: 3 0x8000c498 (0x014469b3) x19 0xffffff9b
core   0: 0x8000c49c (0x00168693) addi    a3, a3, 1
core   0: 3 0x8000c49c (0x00168693) x13 0x0000000d
core   0: 0x8000c4a0 (0xfe86cae3) blt     a3, s0, pc - 12
core   0: 3 0x8000c4a0 (0xfe86cae3)
core   0: 0x8000c494 (0x01118a13) addi    s4, gp, 17
core   0: 3 0x8000c494 (0x01118a13) x20 0xffffff99
core   0: 0x8000c498 (0x014469b3) or      s3, s0, s4
core   0: 3 0x8000c498 (0x014469b3) x19 0xffffff9b
core   0: 0x8000c49c (0x00168693) addi    a3, a3, 1
core   0: 3 0x8000c49c (0x00168693) x13 0x0000000e
core   0: 0x8000c4a0 (0xfe86cae3) blt     a3, s0, pc - 12
core   0: 3 0x8000c4a0 (0xfe86cae3)
core   0: 0x8000c494 (0x01118a13) addi    s4, gp, 17
core   0: 3 0x8000c494 (0x01118a13) x20 0xffffff99
core   0: 0x8000c498 (0x014469b3) or      s3, s0, s4
core   0: 3 0x8000c498 (0x014469b3) x19 0xffffff9b
core   0: 0x8000c49c (0x00168693) addi    a3, a3, 1
core   0: 3 0x8000c49c (0x00168693) x13 0x0000000f
core   0: 0x8000c4a0 (0xfe86cae3) blt     a3, s0, pc - 12
core   0: 3 0x8000c4a0 (0xfe86cae3)
core   0: 0x8000c494 (0x01118a13) addi    s4, gp, 17
core   0: 3 0x8000c494 (0x01118a13) x20 0xffffff99
core   0: 0x8000c498 (0x014469b3) or      s3, s0, s4
core   0: 3 0x8000c498 (0x014469b3) x19 0xffffff9b
core   0: 0x8000c49c (0x00168693) addi    a3, a3, 1
core   0: 3 0x8000c49c (0x00168693) x13 0x00000010
core   0: 0x8000c4a0 (0xfe86cae3) blt     a3, s0, pc - 12
core   0: 3 0x8000c4a0 (0xfe86cae3)
core   0: 0x8000c494 (0x01118a13) addi    s4, gp, 17
core   0: 3 0x8000c494 (0x01118a13) x20 0xffffff99
core   0: 0x8000c498 (0x014469b3) or      s3, s0, s4
core   0: 3 0x8000c498 (0x014469b3) x19 0xffffff9b
core   0: 0x8000c49c (0x00168693) addi    a3, a3, 1
core   0: 3 0x8000c49c (0x00168693) x13 0x00000011
core   0: 0x8000c4a0 (0xfe86cae3) blt     a3, s0, pc - 12
core   0: 3 0x8000c4a0 (0xfe86cae3)
core   0: 0x8000c494 (0x01118a13) addi    s4, gp, 17
core   0: 3 0x8000c494 (0x01118a13) x20 0xffffff99
core   0: 0x8000c498 (0x014469b3) or      s3, s0, s4
core   0: 3 0x8000c498 (0x014469b3) x19 0xffffff9b
core   0: 0x8000c49c (0x00168693) addi    a3, a3, 1
core   0: 3 0x8000c49c (0x00168693) x13 0x00000012
core   0: 0x8000c4a0 (0xfe86cae3) blt     a3, s0, pc - 12
core   0: 3 0x8000c4a0 (0xfe86cae3)
core   0: 0x8000c494 (0x01118a13) addi    s4, gp, 17
core   0: 3 0x8000c494 (0x01118a13) x20 0xffffff99
core   0: 0x8000c498 (0x014469b3) or      s3, s0, s4
core   0: 3 0x8000c498 (0x014469b3) x19 0xffffff9b
core   0: 0x8000c49c (0x00168693) addi    a3, a3, 1
core   0: 3 0x8000c49c (0x00168693) x13 0x00000013
core   0: 0x8000c4a0 (0xfe86cae3) blt     a3, s0, pc - 12
core   0: 3 0x8000c4a0 (0xfe86cae3)
core   0: 0x8000c4a4 (0x01b3b533) sltu    a0, t2, s11
core   0: 3 0x8000c4a4 (0x01b3b533) x10 0x00000000
core   0: 0x8000c4a8 (0xfb2c8ae3) beq     s9, s2, pc - 76
core   0: 3 0x8000c4a8 (0xfb2c8ae3)
core   0: 0x8000c45c (0x032f00b3) mul     ra, t5, s2
core   0: 3 0x8000c45c (0x032f00b3) x 1 0x00000400
core   0: 0x8000c460 (0x001c8c93) addi    s9, s9, 1
core   0: 3 0x8000c460 (0x001c8c93) x25 0x00000009
core   0: 0x8000c464 (0x63863293) sltiu   t0, a2, 1592
core   0: 3 0x8000c464 (0x63863293) x 5 0x00000001
core   0: 0x8000c468 (0x028244b3) div     s1, tp, s0
core   0: 3 0x8000c468 (0x028244b3) x 9 0x00000000
core   0: 0x8000c46c (0xffa00693) li      a3, -6
core   0: 3 0x8000c46c (0xffa00693) x13 0xfffffffa
core   0: 0x8000c470 (0x0391f4b3) remu    s1, gp, s9
core   0: 3 0x8000c470 (0x0391f4b3) x 9 0x00000001
core   0: 0x8000c474 (0x01f18eb3) add     t4, gp, t6
core   0: 3 0x8000c474 (0x01f18eb3) x29 0xffffff88
core   0: 0x8000c478 (0x03113fb3) mulhu   t6, sp, a7
core   0: 3 0x8000c478 (0x03113fb3) x31 0x00000000
core   0: 0x8000c47c (0x01300413) li      s0, 19
core   0: 3 0x8000c47c (0x01300413) x 8 0x00000013
core   0: 0x8000c480 (0x41205133) sra     sp, zero, s2
core   0: 3 0x8000c480 (0x41205133) x 2 0x00000000
core   0: 0x8000c484 (0x033a84b3) mul     s1, s5, s3
core   0: 3 0x8000c484 (0x033a84b3) x 9 0x00004f4d
core   0: 0x8000c488 (0xd34b0d17) auipc   s10, 0xd34b0
core   0: 3 0x8000c488 (0xd34b0d17) x26 0x534bc488
core   0: 0x8000c48c (0x00aed833) srl     a6, t4, a0
core   0: 3 0x8000c48c (0x00aed833) x16 0xffffff88
core   0: 0x8000c490 (0x00000013) nop
core   0: 3 0x8000c490 (0x00000013)
core   0: 0x8000c494 (0x01118a13) addi    s4, gp, 17
core   0: 3 0x8000c494 (0x01118a13) x20 0xffffff99
core   0: 0x8000c498 (0x014469b3) or      s3, s0, s4
core   0: 3 0x8000c498 (0x014469b3) x19 0xffffff9b
core   0: 0x8000c49c (0x00168693) addi    a3, a3, 1
core   0: 3 0x8000c49c (0x00168693) x13 0xfffffffb
core   0: 0x8000c4a0 (0xfe86cae3) blt     a3, s0, pc - 12
core   0: 3 0x8000c4a0 (0xfe86cae3)
core   0: 0x8000c494 (0x01118a13) addi    s4, gp, 17
core   0: 3 0x8000c494 (0x01118a13) x20 0xffffff99
core   0: 0x8000c498 (0x014469b3) or      s3, s0, s4
core   0: 3 0x8000c498 (0x014469b3) x19 0xffffff9b
core   0: 0x8000c49c (0x00168693) addi    a3, a3, 1
core   0: 3 0x8000c49c (0x00168693) x13 0xfffffffc
core   0: 0x8000c4a0 (0xfe86cae3) blt     a3, s0, pc - 12
core   0: 3 0x8000c4a0 (0xfe86cae3)
core   0: 0x8000c494 (0x01118a13) addi    s4, gp, 17
core   0: 3 0x8000c494 (0x01118a13) x20 0xffffff99
core   0: 0x8000c498 (0x014469b3) or      s3, s0, s4
core   0: 3 0x8000c498 (0x014469b3) x19 0xffffff9b
core   0: 0x8000c49c (0x00168693) addi    a3, a3, 1
core   0: 3 0x8000c49c (0x00168693) x13 0xfffffffd
core   0: 0x8000c4a0 (0xfe86cae3) blt     a3, s0, pc - 12
core   0: 3 0x8000c4a0 (0xfe86cae3)
core   0: 0x8000c494 (0x01118a13) addi    s4, gp, 17
core   0: 3 0x8000c494 (0x01118a13) x20 0xffffff99
core   0: 0x8000c498 (0x014469b3) or      s3, s0, s4
core   0: 3 0x8000c498 (0x014469b3) x19 0xffffff9b
core   0: 0x8000c49c (0x00168693) addi    a3, a3, 1
core   0: 3 0x8000c49c (0x00168693) x13 0xfffffffe
core   0: 0x8000c4a0 (0xfe86cae3) blt     a3, s0, pc - 12
core   0: 3 0x8000c4a0 (0xfe86cae3)
core   0: 0x8000c494 (0x01118a13) addi    s4, gp, 17
core   0: 3 0x8000c494 (0x01118a13) x20 0xffffff99
core   0: 0x8000c498 (0x014469b3) or      s3, s0, s4
core   0: 3 0x8000c498 (0x014469b3) x19 0xffffff9b
core   0: 0x8000c49c (0x00168693) addi    a3, a3, 1
core   0: 3 0x8000c49c (0x00168693) x13 0xffffffff
core   0: 0x8000c4a0 (0xfe86cae3) blt     a3, s0, pc - 12
core   0: 3 0x8000c4a0 (0xfe86cae3)
core   0: 0x8000c494 (0x01118a13) addi    s4, gp, 17
core   0: 3 0x8000c494 (0x01118a13) x20 0xffffff99
core   0: 0x8000c498 (0x014469b3) or      s3, s0, s4
core   0: 3 0x8000c498 (0x014469b3) x19 0xffffff9b
core   0: 0x8000c49c (0x00168693) addi    a3, a3, 1
core   0: 3 0x8000c49c (0x00168693) x13 0x00000000
core   0: 0x8000c4a0 (0xfe86cae3) blt     a3, s0, pc - 12
core   0: 3 0x8000c4a0 (0xfe86cae3)
core   0: 0x8000c494 (0x01118a13) addi    s4, gp, 17
core   0: 3 0x8000c494 (0x01118a13) x20 0xffffff99
core   0: 0x8000c498 (0x014469b3) or      s3, s0, s4
core   0: 3 0x8000c498 (0x014469b3) x19 0xffffff9b
core   0: 0x8000c49c (0x00168693) addi    a3, a3, 1
core   0: 3 0x8000c49c (0x00168693) x13 0x00000001
core   0: 0x8000c4a0 (0xfe86cae3) blt     a3, s0, pc - 12
core   0: 3 0x8000c4a0 (0xfe86cae3)
core   0: 0x8000c494 (0x01118a13) addi    s4, gp, 17
core   0: 3 0x8000c494 (0x01118a13) x20 0xffffff99
core   0: 0x8000c498 (0x014469b3) or      s3, s0, s4
core   0: 3 0x8000c498 (0x014469b3) x19 0xffffff9b
core   0: 0x8000c49c (0x00168693) addi    a3, a3, 1
core   0: 3 0x8000c49c (0x00168693) x13 0x00000002
core   0: 0x8000c4a0 (0xfe86cae3) blt     a3, s0, pc - 12
core   0: 3 0x8000c4a0 (0xfe86cae3)
core   0: 0x8000c494 (0x01118a13) addi    s4, gp, 17
core   0: 3 0x8000c494 (0x01118a13) x20 0xffffff99
core   0: 0x8000c498 (0x014469b3) or      s3, s0, s4
core   0: 3 0x8000c498 (0x014469b3) x19 0xffffff9b
core   0: 0x8000c49c (0x00168693) addi    a3, a3, 1
core   0: 3 0x8000c49c (0x00168693) x13 0x00000003
core   0: 0x8000c4a0 (0xfe86cae3) blt     a3, s0, pc - 12
core   0: 3 0x8000c4a0 (0xfe86cae3)
core   0: 0x8000c494 (0x01118a13) addi    s4, gp, 17
core   0: 3 0x8000c494 (0x01118a13) x20 0xffffff99
core   0: 0x8000c498 (0x014469b3) or      s3, s0, s4
core   0: 3 0x8000c498 (0x014469b3) x19 0xffffff9b
core   0: 0x8000c49c (0x00168693) addi    a3, a3, 1
core   0: 3 0x8000c49c (0x00168693) x13 0x00000004
core   0: 0x8000c4a0 (0xfe86cae3) blt     a3, s0, pc - 12
core   0: 3 0x8000c4a0 (0xfe86cae3)
core   0: 0x8000c494 (0x01118a13) addi    s4, gp, 17
core   0: 3 0x8000c494 (0x01118a13) x20 0xffffff99
core   0: 0x8000c498 (0x014469b3) or      s3, s0, s4
core   0: 3 0x8000c498 (0x014469b3) x19 0xffffff9b
core   0: 0x8000c49c (0x00168693) addi    a3, a3, 1
core   0: 3 0x8000c49c (0x00168693) x13 0x00000005
core   0: 0x8000c4a0 (0xfe86cae3) blt     a3, s0, pc - 12
core   0: 3 0x8000c4a0 (0xfe86cae3)
core   0: 0x8000c494 (0x01118a13) addi    s4, gp, 17
core   0: 3 0x8000c494 (0x01118a13) x20 0xffffff99
core   0: 0x8000c498 (0x014469b3) or      s3, s0, s4
core   0: 3 0x8000c498 (0x014469b3) x19 0xffffff9b
core   0: 0x8000c49c (0x00168693) addi    a3, a3, 1
core   0: 3 0x8000c49c (0x00168693) x13 0x00000006
core   0: 0x8000c4a0 (0xfe86cae3) blt     a3, s0, pc - 12
core   0: 3 0x8000c4a0 (0xfe86cae3)
core   0: 0x8000c494 (0x01118a13) addi    s4, gp, 17
core   0: 3 0x8000c494 (0x01118a13) x20 0xffffff99
core   0: 0x8000c498 (0x014469b3) or      s3, s0, s4
core   0: 3 0x8000c498 (0x014469b3) x19 0xffffff9b
core   0: 0x8000c49c (0x00168693) addi    a3, a3, 1
core   0: 3 0x8000c49c (0x00168693) x13 0x00000007
core   0: 0x8000c4a0 (0xfe86cae3) blt     a3, s0, pc - 12
core   0: 3 0x8000c4a0 (0xfe86cae3)
core   0: 0x8000c494 (0x01118a13) addi    s4, gp, 17
core   0: 3 0x8000c494 (0x01118a13) x20 0xffffff99
core   0: 0x8000c498 (0x014469b3) or      s3, s0, s4
core   0: 3 0x8000c498 (0x014469b3) x19 0xffffff9b
core   0: 0x8000c49c (0x00168693) addi    a3, a3, 1
core   0: 3 0x8000c49c (0x00168693) x13 0x00000008
core   0: 0x8000c4a0 (0xfe86cae3) blt     a3, s0, pc - 12
core   0: 3 0x8000c4a0 (0xfe86cae3)
core   0: 0x8000c494 (0x01118a13) addi    s4, gp, 17
core   0: 3 0x8000c494 (0x01118a13) x20 0xffffff99
core   0: 0x8000c498 (0x014469b3) or      s3, s0, s4
core   0: 3 0x8000c498 (0x014469b3) x19 0xffffff9b
core   0: 0x8000c49c (0x00168693) addi    a3, a3, 1
core   0: 3 0x8000c49c (0x00168693) x13 0x00000009
core   0: 0x8000c4a0 (0xfe86cae3) blt     a3, s0, pc - 12
core   0: 3 0x8000c4a0 (0xfe86cae3)
core   0: 0x8000c494 (0x01118a13) addi    s4, gp, 17
core   0: 3 0x8000c494 (0x01118a13) x20 0xffffff99
core   0: 0x8000c498 (0x014469b3) or      s3, s0, s4
core   0: 3 0x8000c498 (0x014469b3) x19 0xffffff9b
core   0: 0x8000c49c (0x00168693) addi    a3, a3, 1
core   0: 3 0x8000c49c (0x00168693) x13 0x0000000a
core   0: 0x8000c4a0 (0xfe86cae3) blt     a3, s0, pc - 12
core   0: 3 0x8000c4a0 (0xfe86cae3)
core   0: 0x8000c494 (0x01118a13) addi    s4, gp, 17
core   0: 3 0x8000c494 (0x01118a13) x20 0xffffff99
core   0: 0x8000c498 (0x014469b3) or      s3, s0, s4
core   0: 3 0x8000c498 (0x014469b3) x19 0xffffff9b
core   0: 0x8000c49c (0x00168693) addi    a3, a3, 1
core   0: 3 0x8000c49c (0x00168693) x13 0x0000000b
core   0: 0x8000c4a0 (0xfe86cae3) blt     a3, s0, pc - 12
core   0: 3 0x8000c4a0 (0xfe86cae3)
core   0: 0x8000c494 (0x01118a13) addi    s4, gp, 17
core   0: 3 0x8000c494 (0x01118a13) x20 0xffffff99
core   0: 0x8000c498 (0x014469b3) or      s3, s0, s4
core   0: 3 0x8000c498 (0x014469b3) x19 0xffffff9b
core   0: 0x8000c49c (0x00168693) addi    a3, a3, 1
core   0: 3 0x8000c49c (0x00168693) x13 0x0000000c
core   0: 0x8000c4a0 (0xfe86cae3) blt     a3, s0, pc - 12
core   0: 3 0x8000c4a0 (0xfe86cae3)
core   0: 0x8000c494 (0x01118a13) addi    s4, gp, 17
core   0: 3 0x8000c494 (0x01118a13) x20 0xffffff99
core   0: 0x8000c498 (0x014469b3) or      s3, s0, s4
core   0: 3 0x8000c498 (0x014469b3) x19 0xffffff9b
core   0: 0x8000c49c (0x00168693) addi    a3, a3, 1
core   0: 3 0x8000c49c (0x00168693) x13 0x0000000d
core   0: 0x8000c4a0 (0xfe86cae3) blt     a3, s0, pc - 12
core   0: 3 0x8000c4a0 (0xfe86cae3)
core   0: 0x8000c494 (0x01118a13) addi    s4, gp, 17
core   0: 3 0x8000c494 (0x01118a13) x20 0xffffff99
core   0: 0x8000c498 (0x014469b3) or      s3, s0, s4
core   0: 3 0x8000c498 (0x014469b3) x19 0xffffff9b
core   0: 0x8000c49c (0x00168693) addi    a3, a3, 1
core   0: 3 0x8000c49c (0x00168693) x13 0x0000000e
core   0: 0x8000c4a0 (0xfe86cae3) blt     a3, s0, pc - 12
core   0: 3 0x8000c4a0 (0xfe86cae3)
core   0: 0x8000c494 (0x01118a13) addi    s4, gp, 17
core   0: 3 0x8000c494 (0x01118a13) x20 0xffffff99
core   0: 0x8000c498 (0x014469b3) or      s3, s0, s4
core   0: 3 0x8000c498 (0x014469b3) x19 0xffffff9b
core   0: 0x8000c49c (0x00168693) addi    a3, a3, 1
core   0: 3 0x8000c49c (0x00168693) x13 0x0000000f
core   0: 0x8000c4a0 (0xfe86cae3) blt     a3, s0, pc - 12
core   0: 3 0x8000c4a0 (0xfe86cae3)
core   0: 0x8000c494 (0x01118a13) addi    s4, gp, 17
core   0: 3 0x8000c494 (0x01118a13) x20 0xffffff99
core   0: 0x8000c498 (0x014469b3) or      s3, s0, s4
core   0: 3 0x8000c498 (0x014469b3) x19 0xffffff9b
core   0: 0x8000c49c (0x00168693) addi    a3, a3, 1
core   0: 3 0x8000c49c (0x00168693) x13 0x00000010
core   0: 0x8000c4a0 (0xfe86cae3) blt     a3, s0, pc - 12
core   0: 3 0x8000c4a0 (0xfe86cae3)
core   0: 0x8000c494 (0x01118a13) addi    s4, gp, 17
core   0: 3 0x8000c494 (0x01118a13) x20 0xffffff99
core   0: 0x8000c498 (0x014469b3) or      s3, s0, s4
core   0: 3 0x8000c498 (0x014469b3) x19 0xffffff9b
core   0: 0x8000c49c (0x00168693) addi    a3, a3, 1
core   0: 3 0x8000c49c (0x00168693) x13 0x00000011
core   0: 0x8000c4a0 (0xfe86cae3) blt     a3, s0, pc - 12
core   0: 3 0x8000c4a0 (0xfe86cae3)
core   0: 0x8000c494 (0x01118a13) addi    s4, gp, 17
core   0: 3 0x8000c494 (0x01118a13) x20 0xffffff99
core   0: 0x8000c498 (0x014469b3) or      s3, s0, s4
core   0: 3 0x8000c498 (0x014469b3) x19 0xffffff9b
core   0: 0x8000c49c (0x00168693) addi    a3, a3, 1
core   0: 3 0x8000c49c (0x00168693) x13 0x00000012
core   0: 0x8000c4a0 (0xfe86cae3) blt     a3, s0, pc - 12
core   0: 3 0x8000c4a0 (0xfe86cae3)
core   0: 0x8000c494 (0x01118a13) addi    s4, gp, 17
core   0: 3 0x8000c494 (0x01118a13) x20 0xffffff99
core   0: 0x8000c498 (0x014469b3) or      s3, s0, s4
core   0: 3 0x8000c498 (0x014469b3) x19 0xffffff9b
core   0: 0x8000c49c (0x00168693) addi    a3, a3, 1
core   0: 3 0x8000c49c (0x00168693) x13 0x00000013
core   0: 0x8000c4a0 (0xfe86cae3) blt     a3, s0, pc - 12
core   0: 3 0x8000c4a0 (0xfe86cae3)
core   0: 0x8000c4a4 (0x01b3b533) sltu    a0, t2, s11
core   0: 3 0x8000c4a4 (0x01b3b533) x10 0x00000000
core   0: 0x8000c4a8 (0xfb2c8ae3) beq     s9, s2, pc - 76
core   0: 3 0x8000c4a8 (0xfb2c8ae3)
core   0: 0x8000c4ac (0x021603b3) mul     t2, a2, ra
core   0: 3 0x8000c4ac (0x021603b3) x 7 0x00000000
core   0: 0x8000c4b0 (0x00700c93) li      s9, 7
core   0: 3 0x8000c4b0 (0x00700c93) x25 0x00000007
core   0: 0x8000c4b4 (0x000441b3) xor     gp, s0, zero
core   0: 3 0x8000c4b4 (0x000441b3) x 3 0x00000013
core   0: 0x8000c4b8 (0x00361793) slli    a5, a2, 3
core   0: 3 0x8000c4b8 (0x00361793) x15 0x00000000
core   0: 0x8000c4bc (0x01400593) li      a1, 20
core   0: 3 0x8000c4bc (0x01400593) x11 0x00000014
core   0: 0x8000c4c0 (0x0393e6b3) rem     a3, t2, s9
core   0: 3 0x8000c4c0 (0x0393e6b3) x13 0x00000000
core   0: 0x8000c4c4 (0x328df393) andi    t2, s11, 808
core   0: 3 0x8000c4c4 (0x328df393) x 7 0x00000020
core   0: 0x8000c4c8 (0x01934eb3) xor     t4, t1, s9
core   0: 3 0x8000c4c8 (0x01934eb3) x29 0x00000006
core   0: 0x8000c4cc (0x007c8c93) addi    s9, s9, 7
core   0: 3 0x8000c4cc (0x007c8c93) x25 0x0000000e
core   0: 0x8000c4d0 (0x02ebc7b3) div     a5, s7, a4
core   0: 3 0x8000c4d0 (0x02ebc7b3) x15 0x00000006
core   0: 0x8000c4d4 (0x033ae7b3) rem     a5, s5, s3
core   0: 3 0x8000c4d4 (0x033ae7b3) x15 0xffffff9c
core   0: 0x8000c4d8 (0xfebce6e3) bltu    s9, a1, pc - 20
core   0: 3 0x8000c4d8 (0xfebce6e3)
core   0: 0x8000c4c4 (0x328df393) andi    t2, s11, 808
core   0: 3 0x8000c4c4 (0x328df393) x 7 0x00000020
core   0: 0x8000c4c8 (0x01934eb3) xor     t4, t1, s9
core   0: 3 0x8000c4c8 (0x01934eb3) x29 0x0000000f
core   0: 0x8000c4cc (0x007c8c93) addi    s9, s9, 7
core   0: 3 0x8000c4cc (0x007c8c93) x25 0x00000015
core   0: 0x8000c4d0 (0x02ebc7b3) div     a5, s7, a4
core   0: 3 0x8000c4d0 (0x02ebc7b3) x15 0x00000006
core   0: 0x8000c4d4 (0x033ae7b3) rem     a5, s5, s3
core   0: 3 0x8000c4d4 (0x033ae7b3) x15 0xffffff9c
core   0: 0x8000c4d8 (0xfebce6e3) bltu    s9, a1, pc - 20
core   0: 3 0x8000c4d8 (0xfebce6e3)
core   0: 0x8000c4dc (0x005124b3) slt     s1, sp, t0
core   0: 3 0x8000c4dc (0x005124b3) x 9 0x00000001
core   0: 0x8000c4e0 (0x00300513) li      a0, 3
core   0: 3 0x8000c4e0 (0x00300513) x10 0x00000003
core   0: 0x8000c4e4 (0x3af2f893) andi    a7, t0, 943
core   0: 3 0x8000c4e4 (0x3af2f893) x17 0x00000001
core   0: 0x8000c4e8 (0x00105933) srl     s2, zero, ra
core   0: 3 0x8000c4e8 (0x00105933) x18 0x00000000
core   0: 0x8000c4ec (0x020dd5b3) divu    a1, s11, zero
core   0: 3 0x8000c4ec (0x020dd5b3) x11 0xffffffff
core   0: 0x8000c4f0 (0x00000013) nop
core   0: 3 0x8000c4f0 (0x00000013)
core   0: 0x8000c4f4 (0x41e7dcb3) sra     s9, a5, t5
core   0: 3 0x8000c4f4 (0x41e7dcb3) x25 0xffffff9c
core   0: 0x8000c4f8 (0x39f00037) lui     zero, 0x39f00
core   0: 3 0x8000c4f8 (0x39f00037)
core   0: 0x8000c4fc (0xea33f613) andi    a2, t2, -349
core   0: 3 0x8000c4fc (0xea33f613) x12 0x00000020
core   0: 0x8000c500 (0x00b09013) slli    zero, ra, 11
core   0: 3 0x8000c500 (0x00b09013)
core   0: 0x8000c504 (0xff200a13) li      s4, -14
core   0: 3 0x8000c504 (0xff200a13) x20 0xfffffff2
core   0: 0x8000c508 (0x00b29b93) slli    s7, t0, 11
core   0: 3 0x8000c508 (0x00b29b93) x23 0x00000800
core   0: 0x8000c50c (0x40b88d33) sub     s10, a7, a1
core   0: 3 0x8000c50c (0x40b88d33) x26 0x00000002
core   0: 0x8000c510 (0xd65aef13) ori     t5, s5, -667
core   0: 3 0x8000c510 (0xd65aef13) x30 0xffffff77
core   0: 0x8000c514 (0x41415d33) sra     s10, sp, s4
core   0: 3 0x8000c514 (0x41415d33) x26 0x00000000
core   0: 0x8000c518 (0x019e2433) slt     s0, t3, s9
core   0: 3 0x8000c518 (0x019e2433) x 8 0x00000000
core   0: 0x8000c51c (0x40975ab3) sra     s5, a4, s1
core   0: 3 0x8000c51c (0x40975ab3) x21 0xf58a6d73
core   0: 0x8000c520 (0x9000e993) ori     s3, ra, -1792
core   0: 3 0x8000c520 (0x9000e993) x19 0xfffffd00
core   0: 0x8000c524 (0x03d3d933) divu    s2, t2, t4
core   0: 3 0x8000c524 (0x03d3d933) x18 0x00000002
core   0: 0x8000c528 (0xffc50513) addi    a0, a0, -4
core   0: 3 0x8000c528 (0xffc50513) x10 0xffffffff
core   0: 0x8000c52c (0x40055c33) sra     s8, a0, zero
core   0: 3 0x8000c52c (0x40055c33) x24 0xffffffff
core   0: 0x8000c530 (0x03ac27b3) mulhsu  a5, s8, s10
core   0: 3 0x8000c530 (0x03ac27b3) x15 0x00000000
core   0: 0x8000c534 (0x00000013) nop
core   0: 3 0x8000c534 (0x00000013)
core   0: 0x8000c538 (0x03530333) mul     t1, t1, s5
core   0: 3 0x8000c538 (0x03530333) x 6 0xf58a6d73
core   0: 0x8000c53c (0x00cab833) sltu    a6, s5, a2
core   0: 3 0x8000c53c (0x00cab833) x16 0x00000000
core   0: 0x8000c540 (0xff4550e3) bge     a0, s4, pc - 32
core   0: 3 0x8000c540 (0xff4550e3)
core   0: 0x8000c520 (0x9000e993) ori     s3, ra, -1792
core   0: 3 0x8000c520 (0x9000e993) x19 0xfffffd00
core   0: 0x8000c524 (0x03d3d933) divu    s2, t2, t4
core   0: 3 0x8000c524 (0x03d3d933) x18 0x00000002
core   0: 0x8000c528 (0xffc50513) addi    a0, a0, -4
core   0: 3 0x8000c528 (0xffc50513) x10 0xfffffffb
core   0: 0x8000c52c (0x40055c33) sra     s8, a0, zero
core   0: 3 0x8000c52c (0x40055c33) x24 0xfffffffb
core   0: 0x8000c530 (0x03ac27b3) mulhsu  a5, s8, s10
core   0: 3 0x8000c530 (0x03ac27b3) x15 0x00000000
core   0: 0x8000c534 (0x00000013) nop
core   0: 3 0x8000c534 (0x00000013)
core   0: 0x8000c538 (0x03530333) mul     t1, t1, s5
core   0: 3 0x8000c538 (0x03530333) x 6 0x4cc721a9
core   0: 0x8000c53c (0x00cab833) sltu    a6, s5, a2
core   0: 3 0x8000c53c (0x00cab833) x16 0x00000000
core   0: 0x8000c540 (0xff4550e3) bge     a0, s4, pc - 32
core   0: 3 0x8000c540 (0xff4550e3)
core   0: 0x8000c520 (0x9000e993) ori     s3, ra, -1792
core   0: 3 0x8000c520 (0x9000e993) x19 0xfffffd00
core   0: 0x8000c524 (0x03d3d933) divu    s2, t2, t4
core   0: 3 0x8000c524 (0x03d3d933) x18 0x00000002
core   0: 0x8000c528 (0xffc50513) addi    a0, a0, -4
core   0: 3 0x8000c528 (0xffc50513) x10 0xfffffff7
core   0: 0x8000c52c (0x40055c33) sra     s8, a0, zero
core   0: 3 0x8000c52c (0x40055c33) x24 0xfffffff7
core   0: 0x8000c530 (0x03ac27b3) mulhsu  a5, s8, s10
core   0: 3 0x8000c530 (0x03ac27b3) x15 0x00000000
core   0: 0x8000c534 (0x00000013) nop
core   0: 3 0x8000c534 (0x00000013)
core   0: 0x8000c538 (0x03530333) mul     t1, t1, s5
core   0: 3 0x8000c538 (0x03530333) x 6 0x28e313eb
core   0: 0x8000c53c (0x00cab833) sltu    a6, s5, a2
core   0: 3 0x8000c53c (0x00cab833) x16 0x00000000
core   0: 0x8000c540 (0xff4550e3) bge     a0, s4, pc - 32
core   0: 3 0x8000c540 (0xff4550e3)
core   0: 0x8000c520 (0x9000e993) ori     s3, ra, -1792
core   0: 3 0x8000c520 (0x9000e993) x19 0xfffffd00
core   0: 0x8000c524 (0x03d3d933) divu    s2, t2, t4
core   0: 3 0x8000c524 (0x03d3d933) x18 0x00000002
core   0: 0x8000c528 (0xffc50513) addi    a0, a0, -4
core   0: 3 0x8000c528 (0xffc50513) x10 0xfffffff3
core   0: 0x8000c52c (0x40055c33) sra     s8, a0, zero
core   0: 3 0x8000c52c (0x40055c33) x24 0xfffffff3
core   0: 0x8000c530 (0x03ac27b3) mulhsu  a5, s8, s10
core   0: 3 0x8000c530 (0x03ac27b3) x15 0x00000000
core   0: 0x8000c534 (0x00000013) nop
core   0: 3 0x8000c534 (0x00000013)
core   0: 0x8000c538 (0x03530333) mul     t1, t1, s5
core   0: 3 0x8000c538 (0x03530333) x 6 0xb12b0191
core   0: 0x8000c53c (0x00cab833) sltu    a6, s5, a2
core   0: 3 0x8000c53c (0x00cab833) x16 0x00000000
core   0: 0x8000c540 (0xff4550e3) bge     a0, s4, pc - 32
core   0: 3 0x8000c540 (0xff4550e3)
core   0: 0x8000c520 (0x9000e993) ori     s3, ra, -1792
core   0: 3 0x8000c520 (0x9000e993) x19 0xfffffd00
core   0: 0x8000c524 (0x03d3d933) divu    s2, t2, t4
core   0: 3 0x8000c524 (0x03d3d933) x18 0x00000002
core   0: 0x8000c528 (0xffc50513) addi    a0, a0, -4
core   0: 3 0x8000c528 (0xffc50513) x10 0xffffffef
core   0: 0x8000c52c (0x40055c33) sra     s8, a0, zero
core   0: 3 0x8000c52c (0x40055c33) x24 0xffffffef
core   0: 0x8000c530 (0x03ac27b3) mulhsu  a5, s8, s10
core   0: 3 0x8000c530 (0x03ac27b3) x15 0x00000000
core   0: 0x8000c534 (0x00000013) nop
core   0: 3 0x8000c534 (0x00000013)
core   0: 0x8000c538 (0x03530333) mul     t1, t1, s5
core   0: 3 0x8000c538 (0x03530333) x 6 0x83267123
core   0: 0x8000c53c (0x00cab833) sltu    a6, s5, a2
core   0: 3 0x8000c53c (0x00cab833) x16 0x00000000
core   0: 0x8000c540 (0xff4550e3) bge     a0, s4, pc - 32
core   0: 3 0x8000c540 (0xff4550e3)
core   0: 0x8000c544 (0x41a80ab3) sub     s5, a6, s10
core   0: 3 0x8000c544 (0x41a80ab3) x21 0x00000000
core   0: 0x8000c548 (0x00900413) li      s0, 9
core   0: 3 0x8000c548 (0x00900413) x 8 0x00000009
core   0: 0x8000c54c (0x40ef5533) sra     a0, t5, a4
core   0: 3 0x8000c54c (0x40ef5533) x10 0xfffffffd
core   0: 0x8000c550 (0x03c73c33) mulhu   s8, a4, t3
core   0: 3 0x8000c550 (0x03c73c33) x24 0xeb14dad7
core   0: 0x8000c554 (0x00c7a7b3) slt     a5, a5, a2
core   0: 3 0x8000c554 (0x00c7a7b3) x15 0x00000001
core   0: 0x8000c558 (0xdc4f2813) slti    a6, t5, -572
core   0: 3 0x8000c558 (0xdc4f2813) x16 0x00000000
core   0: 0x8000c55c (0xffd00f13) li      t5, -3
core   0: 3 0x8000c55c (0xffd00f13) x30 0xfffffffd
core   0: 0x8000c560 (0x027575b3) remu    a1, a0, t2
core   0: 3 0x8000c560 (0x027575b3) x11 0x0000001d
core   0: 0x8000c564 (0x8af7ef93) ori     t6, a5, -1873
core   0: 3 0x8000c564 (0x8af7ef93) x31 0xfffff8af
core   0: 0x8000c568 (0x010fc133) xor     sp, t6, a6
core   0: 3 0x8000c568 (0x010fc133) x 2 0xfffff8af
core   0: 0x8000c56c (0x01e3e833) or      a6, t2, t5
core   0: 3 0x8000c56c (0x01e3e833) x16 0xfffffffd
core   0: 0x8000c570 (0x00ab6133) or      sp, s6, a0
core   0: 3 0x8000c570 (0x00ab6133) x 2 0xfffffffd
core   0: 0x8000c574 (0x376b4317) auipc   t1, 0x376b4
core   0: 3 0x8000c574 (0x376b4317) x 6 0xb76c0574
core   0: 0x8000c578 (0xae5b8097) auipc   ra, 0xae5b8
core   0: 3 0x8000c578 (0xae5b8097) x 1 0x2e5c4578
core   0: 0x8000c57c (0x03f97133) remu    sp, s2, t6
core   0: 3 0x8000c57c (0x03f97133) x 2 0x00000002
core   0: 0x8000c580 (0x0106ee33) or      t3, a3, a6
core   0: 3 0x8000c580 (0x0106ee33) x28 0xfffffffd
core   0: 0x8000c584 (0xf452fcb7) lui     s9, 0xf452f
core   0: 3 0x8000c584 (0xf452fcb7) x25 0xf452f000
core   0: 0x8000c588 (0xa9166013) ori     zero, a2, -1391
core   0: 3 0x8000c588 (0xa9166013)
core   0: 0x8000c58c (0xffe40413) addi    s0, s0, -2
core   0: 3 0x8000c58c (0xffe40413) x 8 0x00000007
core   0: 0x8000c590 (0x5b0ac613) xori    a2, s5, 1456
core   0: 3 0x8000c590 (0x5b0ac613) x12 0x000005b0
core   0: 0x8000c594 (0xc45ff513) andi    a0, t6, -955
core   0: 3 0x8000c594 (0xc45ff513) x10 0xfffff805
core   0: 0x8000c598 (0x7eecb993) sltiu   s3, s9, 2030
core   0: 3 0x8000c598 (0x7eecb993) x19 0x00000000
core   0: 0x8000c59c (0x031fc933) div     s2, t6, a7
core   0: 3 0x8000c59c (0x031fc933) x18 0xfffff8af
core   0: 0x8000c5a0 (0x005777b3) and     a5, a4, t0
core   0: 3 0x8000c5a0 (0x005777b3) x15 0x00000000
core   0: 0x8000c5a4 (0x40bd5593) srai    a1, s10, 11
core   0: 3 0x8000c5a4 (0x40bd5593) x11 0x00000000
core   0: 0x8000c5a8 (0x019bcab3) xor     s5, s7, s9
core   0: 3 0x8000c5a8 (0x019bcab3) x21 0xf452f800
core   0: 0x8000c5ac (0xfde41ee3) bne     s0, t5, pc - 36
core   0: 3 0x8000c5ac (0xfde41ee3)
core   0: 0x8000c588 (0xa9166013) ori     zero, a2, -1391
core   0: 3 0x8000c588 (0xa9166013)
core   0: 0x8000c58c (0xffe40413) addi    s0, s0, -2
core   0: 3 0x8000c58c (0xffe40413) x 8 0x00000005
core   0: 0x8000c590 (0x5b0ac613) xori    a2, s5, 1456
core   0: 3 0x8000c590 (0x5b0ac613) x12 0xf452fdb0
core   0: 0x8000c594 (0xc45ff513) andi    a0, t6, -955
core   0: 3 0x8000c594 (0xc45ff513) x10 0xfffff805
core   0: 0x8000c598 (0x7eecb993) sltiu   s3, s9, 2030
core   0: 3 0x8000c598 (0x7eecb993) x19 0x00000000
core   0: 0x8000c59c (0x031fc933) div     s2, t6, a7
core   0: 3 0x8000c59c (0x031fc933) x18 0xfffff8af
core   0: 0x8000c5a0 (0x005777b3) and     a5, a4, t0
core   0: 3 0x8000c5a0 (0x005777b3) x15 0x00000000
core   0: 0x8000c5a4 (0x40bd5593) srai    a1, s10, 11
core   0: 3 0x8000c5a4 (0x40bd5593) x11 0x00000000
core   0: 0x8000c5a8 (0x019bcab3) xor     s5, s7, s9
core   0: 3 0x8000c5a8 (0x019bcab3) x21 0xf452f800
core   0: 0x8000c5ac (0xfde41ee3) bne     s0, t5, pc - 36
core   0: 3 0x8000c5ac (0xfde41ee3)
core   0: 0x8000c588 (0xa9166013) ori     zero, a2, -1391
core   0: 3 0x8000c588 (0xa9166013)
core   0: 0x8000c58c (0xffe40413) addi    s0, s0, -2
core   0: 3 0x8000c58c (0xffe40413) x 8 0x00000003
core   0: 0x8000c590 (0x5b0ac613) xori    a2, s5, 1456
core   0: 3 0x8000c590 (0x5b0ac613) x12 0xf452fdb0
core   0: 0x8000c594 (0xc45ff513) andi    a0, t6, -955
core   0: 3 0x8000c594 (0xc45ff513) x10 0xfffff805
core   0: 0x8000c598 (0x7eecb993) sltiu   s3, s9, 2030
core   0: 3 0x8000c598 (0x7eecb993) x19 0x00000000
core   0: 0x8000c59c (0x031fc933) div     s2, t6, a7
core   0: 3 0x8000c59c (0x031fc933) x18 0xfffff8af
core   0: 0x8000c5a0 (0x005777b3) and     a5, a4, t0
core   0: 3 0x8000c5a0 (0x005777b3) x15 0x00000000
core   0: 0x8000c5a4 (0x40bd5593) srai    a1, s10, 11
core   0: 3 0x8000c5a4 (0x40bd5593) x11 0x00000000
core   0: 0x8000c5a8 (0x019bcab3) xor     s5, s7, s9
core   0: 3 0x8000c5a8 (0x019bcab3) x21 0xf452f800
core   0: 0x8000c5ac (0xfde41ee3) bne     s0, t5, pc - 36
core   0: 3 0x8000c5ac (0xfde41ee3)
core   0: 0x8000c588 (0xa9166013) ori     zero, a2, -1391
core   0: 3 0x8000c588 (0xa9166013)
core   0: 0x8000c58c (0xffe40413) addi    s0, s0, -2
core   0: 3 0x8000c58c (0xffe40413) x 8 0x00000001
core   0: 0x8000c590 (0x5b0ac613) xori    a2, s5, 1456
core   0: 3 0x8000c590 (0x5b0ac613) x12 0xf452fdb0
core   0: 0x8000c594 (0xc45ff513) andi    a0, t6, -955
core   0: 3 0x8000c594 (0xc45ff513) x10 0xfffff805
core   0: 0x8000c598 (0x7eecb993) sltiu   s3, s9, 2030
core   0: 3 0x8000c598 (0x7eecb993) x19 0x00000000
core   0: 0x8000c59c (0x031fc933) div     s2, t6, a7
core   0: 3 0x8000c59c (0x031fc933) x18 0xfffff8af
core   0: 0x8000c5a0 (0x005777b3) and     a5, a4, t0
core   0: 3 0x8000c5a0 (0x005777b3) x15 0x00000000
core   0: 0x8000c5a4 (0x40bd5593) srai    a1, s10, 11
core   0: 3 0x8000c5a4 (0x40bd5593) x11 0x00000000
core   0: 0x8000c5a8 (0x019bcab3) xor     s5, s7, s9
core   0: 3 0x8000c5a8 (0x019bcab3) x21 0xf452f800
core   0: 0x8000c5ac (0xfde41ee3) bne     s0, t5, pc - 36
core   0: 3 0x8000c5ac (0xfde41ee3)
core   0: 0x8000c588 (0xa9166013) ori     zero, a2, -1391
core   0: 3 0x8000c588 (0xa9166013)
core   0: 0x8000c58c (0xffe40413) addi    s0, s0, -2
core   0: 3 0x8000c58c (0xffe40413) x 8 0xffffffff
core   0: 0x8000c590 (0x5b0ac613) xori    a2, s5, 1456
core   0: 3 0x8000c590 (0x5b0ac613) x12 0xf452fdb0
core   0: 0x8000c594 (0xc45ff513) andi    a0, t6, -955
core   0: 3 0x8000c594 (0xc45ff513) x10 0xfffff805
core   0: 0x8000c598 (0x7eecb993) sltiu   s3, s9, 2030
core   0: 3 0x8000c598 (0x7eecb993) x19 0x00000000
core   0: 0x8000c59c (0x031fc933) div     s2, t6, a7
core   0: 3 0x8000c59c (0x031fc933) x18 0xfffff8af
core   0: 0x8000c5a0 (0x005777b3) and     a5, a4, t0
core   0: 3 0x8000c5a0 (0x005777b3) x15 0x00000000
core   0: 0x8000c5a4 (0x40bd5593) srai    a1, s10, 11
core   0: 3 0x8000c5a4 (0x40bd5593) x11 0x00000000
core   0: 0x8000c5a8 (0x019bcab3) xor     s5, s7, s9
core   0: 3 0x8000c5a8 (0x019bcab3) x21 0xf452f800
core   0: 0x8000c5ac (0xfde41ee3) bne     s0, t5, pc - 36
core   0: 3 0x8000c5ac (0xfde41ee3)
core   0: 0x8000c588 (0xa9166013) ori     zero, a2, -1391
core   0: 3 0x8000c588 (0xa9166013)
core   0: 0x8000c58c (0xffe40413) addi    s0, s0, -2
core   0: 3 0x8000c58c (0xffe40413) x 8 0xfffffffd
core   0: 0x8000c590 (0x5b0ac613) xori    a2, s5, 1456
core   0: 3 0x8000c590 (0x5b0ac613) x12 0xf452fdb0
core   0: 0x8000c594 (0xc45ff513) andi    a0, t6, -955
core   0: 3 0x8000c594 (0xc45ff513) x10 0xfffff805
core   0: 0x8000c598 (0x7eecb993) sltiu   s3, s9, 2030
core   0: 3 0x8000c598 (0x7eecb993) x19 0x00000000
core   0: 0x8000c59c (0x031fc933) div     s2, t6, a7
core   0: 3 0x8000c59c (0x031fc933) x18 0xfffff8af
core   0: 0x8000c5a0 (0x005777b3) and     a5, a4, t0
core   0: 3 0x8000c5a0 (0x005777b3) x15 0x00000000
core   0: 0x8000c5a4 (0x40bd5593) srai    a1, s10, 11
core   0: 3 0x8000c5a4 (0x40bd5593) x11 0x00000000
core   0: 0x8000c5a8 (0x019bcab3) xor     s5, s7, s9
core   0: 3 0x8000c5a8 (0x019bcab3) x21 0xf452f800
core   0: 0x8000c5ac (0xfde41ee3) bne     s0, t5, pc - 36
core   0: 3 0x8000c5ac (0xfde41ee3)
core   0: 0x8000c5b0 (0x0333aab3) mulhsu  s5, t2, s3
core   0: 3 0x8000c5b0 (0x0333aab3) x21 0x00000000
core   0: 0x8000c5b4 (0x00800993) li      s3, 8
core   0: 3 0x8000c5b4 (0x00800993) x19 0x00000008
core   0: 0x8000c5b8 (0x03e83233) mulhu   tp, a6, t5
core   0: 3 0x8000c5b8 (0x03e83233) x 4 0xfffffffa
core   0: 0x8000c5bc (0x00500a93) li      s5, 5
core   0: 3 0x8000c5bc (0x00500a93) x21 0x00000005
core   0: 0x8000c5c0 (0x8ee52693) slti    a3, a0, -1810
core   0: 3 0x8000c5c0 (0x8ee52693) x13 0x00000001
core   0: 0x8000c5c4 (0x01189793) slli    a5, a7, 17
core   0: 3 0x8000c5c4 (0x01189793) x15 0x00020000
core   0: 0x8000c5c8 (0xffb98993) addi    s3, s3, -5
core   0: 3 0x8000c5c8 (0xffb98993) x19 0x00000003
core   0: 0x8000c5cc (0x012ab0b3) sltu    ra, s5, s2
core   0: 3 0x8000c5cc (0x012ab0b3) x 1 0x00000001
core   0: 0x8000c5d0 (0xff59d8e3) bge     s3, s5, pc - 16
core   0: 3 0x8000c5d0 (0xff59d8e3)
core   0: 0x8000c5d4 (0x410fda13) srai    s4, t6, 16
core   0: 3 0x8000c5d4 (0x410fda13) x20 0xffffffff
core   0: 0x8000c5d8 (0xffb00a93) li      s5, -5
core   0: 3 0x8000c5d8 (0xffb00a93) x21 0xfffffffb
core   0: 0x8000c5dc (0x01100513) li      a0, 17
core   0: 3 0x8000c5dc (0x01100513) x10 0x00000011
core   0: 0x8000c5e0 (0x0366a433) mulhsu  s0, a3, s6
core   0: 3 0x8000c5e0 (0x0366a433) x 8 0x00000000
core   0: 0x8000c5e4 (0x009a8a93) addi    s5, s5, 9
core   0: 3 0x8000c5e4 (0x009a8a93) x21 0x00000004
core   0: 0x8000c5e8 (0xfeaaece3) bltu    s5, a0, pc - 8
core   0: 3 0x8000c5e8 (0xfeaaece3)
core   0: 0x8000c5e0 (0x0366a433) mulhsu  s0, a3, s6
core   0: 3 0x8000c5e0 (0x0366a433) x 8 0x00000000
core   0: 0x8000c5e4 (0x009a8a93) addi    s5, s5, 9
core   0: 3 0x8000c5e4 (0x009a8a93) x21 0x0000000d
core   0: 0x8000c5e8 (0xfeaaece3) bltu    s5, a0, pc - 8
core   0: 3 0x8000c5e8 (0xfeaaece3)
core   0: 0x8000c5e0 (0x0366a433) mulhsu  s0, a3, s6
core   0: 3 0x8000c5e0 (0x0366a433) x 8 0x00000000
core   0: 0x8000c5e4 (0x009a8a93) addi    s5, s5, 9
core   0: 3 0x8000c5e4 (0x009a8a93) x21 0x00000016
core   0: 0x8000c5e8 (0xfeaaece3) bltu    s5, a0, pc - 8
core   0: 3 0x8000c5e8 (0xfeaaece3)
core   0: 0x8000c5ec (0x001cf133) and     sp, s9, ra
core   0: 3 0x8000c5ec (0x001cf133) x 2 0x00000000
core   0: 0x8000c5f0 (0xffd00a13) li      s4, -3
core   0: 3 0x8000c5f0 (0xffd00a13) x20 0xfffffffd
core   0: 0x8000c5f4 (0x020dd9b3) divu    s3, s11, zero
core   0: 3 0x8000c5f4 (0x020dd9b3) x19 0xffffffff
core   0: 0x8000c5f8 (0x011c98b3) sll     a7, s9, a7
core   0: 3 0x8000c5f8 (0x011c98b3) x17 0xe8a5e000
core   0: 0x8000c5fc (0x00e00e93) li      t4, 14
core   0: 3 0x8000c5fc (0x00e00e93) x29 0x0000000e
core   0: 0x8000c600 (0x9db5c617) auipc   a2, 0x9db5c
core   0: 3 0x8000c600 (0x9db5c617) x12 0x1db68600
core   0: 0x8000c604 (0x022ae533) rem     a0, s5, sp
core   0: 3 0x8000c604 (0x022ae533) x10 0x00000016
core   0: 0x8000c608 (0x02342833) mulhsu  a6, s0, gp
core   0: 3 0x8000c608 (0x02342833) x16 0x00000000
core   0: 0x8000c60c (0x01d776b3) and     a3, a4, t4
core   0: 3 0x8000c60c (0x01d776b3) x13 0x00000006
core   0: 0x8000c610 (0x01052cb3) slt     s9, a0, a6
core   0: 3 0x8000c610 (0x01052cb3) x25 0x00000000
core   0: 0x8000c614 (0x037b4833) div     a6, s6, s7
core   0: 3 0x8000c614 (0x037b4833) x16 0xfff0004c
core   0: 0x8000c618 (0x00ec00b3) add     ra, s8, a4
core   0: 3 0x8000c618 (0x00ec00b3) x 1 0xd629b5bd
core   0: 0x8000c61c (0x03ff67b3) rem     a5, t5, t6
core   0: 3 0x8000c61c (0x03ff67b3) x15 0xfffffffd
core   0: 0x8000c620 (0x001a0a13) addi    s4, s4, 1
core   0: 3 0x8000c620 (0x001a0a13) x20 0xfffffffe
core   0: 0x8000c624 (0xfff00413) li      s0, -1
core   0: 3 0x8000c624 (0xfff00413) x 8 0xffffffff
core   0: 0x8000c628 (0x018d5813) srli    a6, s10, 24
core   0: 3 0x8000c628 (0x018d5813) x16 0x00000000
core   0: 0x8000c62c (0xfed00213) li      tp, -19
core   0: 3 0x8000c62c (0xfed00213) x 4 0xffffffed
core   0: 0x8000c630 (0x40f95493) srai    s1, s2, 15
core   0: 3 0x8000c630 (0x40f95493) x 9 0xffffffff
core   0: 0x8000c634 (0x026cde33) divu    t3, s9, t1
core   0: 3 0x8000c634 (0x026cde33) x28 0x00000000
core   0: 0x8000c638 (0x0355acb3) mulhsu  s9, a1, s5
core   0: 3 0x8000c638 (0x0355acb3) x25 0x00000000
core   0: 0x8000c63c (0xffe40413) addi    s0, s0, -2
core   0: 3 0x8000c63c (0xffe40413) x 8 0xfffffffd
core   0: 0x8000c640 (0x00f77f33) and     t5, a4, a5
core   0: 3 0x8000c640 (0x00f77f33) x30 0xeb14dae4
core   0: 0x8000c644 (0xfe4408e3) beq     s0, tp, pc - 16
core   0: 3 0x8000c644 (0xfe4408e3)
core   0: 0x8000c648 (0x0283bbb3) mulhu   s7, t2, s0
core   0: 3 0x8000c648 (0x0283bbb3) x23 0x0000001f
core   0: 0x8000c64c (0x009ecf33) xor     t5, t4, s1
core   0: 3 0x8000c64c (0x009ecf33) x30 0xfffffff1
core   0: 0x8000c650 (0x00fef933) and     s2, t4, a5
core   0: 3 0x8000c650 (0x00fef933) x18 0x0000000c
core   0: 0x8000c654 (0x034016b3) mulh    a3, zero, s4
core   0: 3 0x8000c654 (0x034016b3) x13 0x00000000
core   0: 0x8000c658 (0x01089313) slli    t1, a7, 16
core   0: 3 0x8000c658 (0x01089313) x 6 0xe0000000
core   0: 0x8000c65c (0x0087ccb3) xor     s9, a5, s0
core   0: 3 0x8000c65c (0x0087ccb3) x25 0x00000000
core   0: 0x8000c660 (0xfbda46e3) blt     s4, t4, pc - 84
core   0: 3 0x8000c660 (0xfbda46e3)
core   0: 0x8000c60c (0x01d776b3) and     a3, a4, t4
core   0: 3 0x8000c60c (0x01d776b3) x13 0x00000006
core   0: 0x8000c610 (0x01052cb3) slt     s9, a0, a6
core   0: 3 0x8000c610 (0x01052cb3) x25 0x00000000
core   0: 0x8000c614 (0x037b4833) div     a6, s6, s7
core   0: 3 0x8000c614 (0x037b4833) x16 0xfbdf0b4c
core   0: 0x8000c618 (0x00ec00b3) add     ra, s8, a4
core   0: 3 0x8000c618 (0x00ec00b3) x 1 0xd629b5bd
core   0: 0x8000c61c (0x03ff67b3) rem     a5, t5, t6
core   0: 3 0x8000c61c (0x03ff67b3) x15 0xfffffff1
core   0: 0x8000c620 (0x001a0a13) addi    s4, s4, 1
core   0: 3 0x8000c620 (0x001a0a13) x20 0xffffffff
core   0: 0x8000c624 (0xfff00413) li      s0, -1
core   0: 3 0x8000c624 (0xfff00413) x 8 0xffffffff
core   0: 0x8000c628 (0x018d5813) srli    a6, s10, 24
core   0: 3 0x8000c628 (0x018d5813) x16 0x00000000
core   0: 0x8000c62c (0xfed00213) li      tp, -19
core   0: 3 0x8000c62c (0xfed00213) x 4 0xffffffed
core   0: 0x8000c630 (0x40f95493) srai    s1, s2, 15
core   0: 3 0x8000c630 (0x40f95493) x 9 0x00000000
core   0: 0x8000c634 (0x026cde33) divu    t3, s9, t1
core   0: 3 0x8000c634 (0x026cde33) x28 0x00000000
core   0: 0x8000c638 (0x0355acb3) mulhsu  s9, a1, s5
core   0: 3 0x8000c638 (0x0355acb3) x25 0x00000000
core   0: 0x8000c63c (0xffe40413) addi    s0, s0, -2
core   0: 3 0x8000c63c (0xffe40413) x 8 0xfffffffd
core   0: 0x8000c640 (0x00f77f33) and     t5, a4, a5
core   0: 3 0x8000c640 (0x00f77f33) x30 0xeb14dae0
core   0: 0x8000c644 (0xfe4408e3) beq     s0, tp, pc - 16
core   0: 3 0x8000c644 (0xfe4408e3)
core   0: 0x8000c648 (0x0283bbb3) mulhu   s7, t2, s0
core   0: 3 0x8000c648 (0x0283bbb3) x23 0x0000001f
core   0: 0x8000c64c (0x009ecf33) xor     t5, t4, s1
core   0: 3 0x8000c64c (0x009ecf33) x30 0x0000000e
core   0: 0x8000c650 (0x00fef933) and     s2, t4, a5
core   0: 3 0x8000c650 (0x00fef933) x18 0x00000000
core   0: 0x8000c654 (0x034016b3) mulh    a3, zero, s4
core   0: 3 0x8000c654 (0x034016b3) x13 0x00000000
core   0: 0x8000c658 (0x01089313) slli    t1, a7, 16
core   0: 3 0x8000c658 (0x01089313) x 6 0xe0000000
core   0: 0x8000c65c (0x0087ccb3) xor     s9, a5, s0
core   0: 3 0x8000c65c (0x0087ccb3) x25 0x0000000c
core   0: 0x8000c660 (0xfbda46e3) blt     s4, t4, pc - 84
core   0: 3 0x8000c660 (0xfbda46e3)
core   0: 0x8000c60c (0x01d776b3) and     a3, a4, t4
core   0: 3 0x8000c60c (0x01d776b3) x13 0x00000006
core   0: 0x8000c610 (0x01052cb3) slt     s9, a0, a6
core   0: 3 0x8000c610 (0x01052cb3) x25 0x00000000
core   0: 0x8000c614 (0x037b4833) div     a6, s6, s7
core   0: 3 0x8000c614 (0x037b4833) x16 0xfbdf0b4c
core   0: 0x8000c618 (0x00ec00b3) add     ra, s8, a4
core   0: 3 0x8000c618 (0x00ec00b3) x 1 0xd629b5bd
core   0: 0x8000c61c (0x03ff67b3) rem     a5, t5, t6
core   0: 3 0x8000c61c (0x03ff67b3) x15 0x0000000e
core   0: 0x8000c620 (0x001a0a13) addi    s4, s4, 1
core   0: 3 0x8000c620 (0x001a0a13) x20 0x00000000
core   0: 0x8000c624 (0xfff00413) li      s0, -1
core   0: 3 0x8000c624 (0xfff00413) x 8 0xffffffff
core   0: 0x8000c628 (0x018d5813) srli    a6, s10, 24
core   0: 3 0x8000c628 (0x018d5813) x16 0x00000000
core   0: 0x8000c62c (0xfed00213) li      tp, -19
core   0: 3 0x8000c62c (0xfed00213) x 4 0xffffffed
core   0: 0x8000c630 (0x40f95493) srai    s1, s2, 15
core   0: 3 0x8000c630 (0x40f95493) x 9 0x00000000
core   0: 0x8000c634 (0x026cde33) divu    t3, s9, t1
core   0: 3 0x8000c634 (0x026cde33) x28 0x00000000
core   0: 0x8000c638 (0x0355acb3) mulhsu  s9, a1, s5
core   0: 3 0x8000c638 (0x0355acb3) x25 0x00000000
core   0: 0x8000c63c (0xffe40413) addi    s0, s0, -2
core   0: 3 0x8000c63c (0xffe40413) x 8 0xfffffffd
core   0: 0x8000c640 (0x00f77f33) and     t5, a4, a5
core   0: 3 0x8000c640 (0x00f77f33) x30 0x00000006
core   0: 0x8000c644 (0xfe4408e3) beq     s0, tp, pc - 16
core   0: 3 0x8000c644 (0xfe4408e3)
core   0: 0x8000c648 (0x0283bbb3) mulhu   s7, t2, s0
core   0: 3 0x8000c648 (0x0283bbb3) x23 0x0000001f
core   0: 0x8000c64c (0x009ecf33) xor     t5, t4, s1
core   0: 3 0x8000c64c (0x009ecf33) x30 0x0000000e
core   0: 0x8000c650 (0x00fef933) and     s2, t4, a5
core   0: 3 0x8000c650 (0x00fef933) x18 0x0000000e
core   0: 0x8000c654 (0x034016b3) mulh    a3, zero, s4
core   0: 3 0x8000c654 (0x034016b3) x13 0x00000000
core   0: 0x8000c658 (0x01089313) slli    t1, a7, 16
core   0: 3 0x8000c658 (0x01089313) x 6 0xe0000000
core   0: 0x8000c65c (0x0087ccb3) xor     s9, a5, s0
core   0: 3 0x8000c65c (0x0087ccb3) x25 0xfffffff3
core   0: 0x8000c660 (0xfbda46e3) blt     s4, t4, pc - 84
core   0: 3 0x8000c660 (0xfbda46e3)
core   0: 0x8000c60c (0x01d776b3) and     a3, a4, t4
core   0: 3 0x8000c60c (0x01d776b3) x13 0x00000006
core   0: 0x8000c610 (0x01052cb3) slt     s9, a0, a6
core   0: 3 0x8000c610 (0x01052cb3) x25 0x00000000
core   0: 0x8000c614 (0x037b4833) div     a6, s6, s7
core   0: 3 0x8000c614 (0x037b4833) x16 0xfbdf0b4c
core   0: 0x8000c618 (0x00ec00b3) add     ra, s8, a4
core   0: 3 0x8000c618 (0x00ec00b3) x 1 0xd629b5bd
core   0: 0x8000c61c (0x03ff67b3) rem     a5, t5, t6
core   0: 3 0x8000c61c (0x03ff67b3) x15 0x0000000e
core   0: 0x8000c620 (0x001a0a13) addi    s4, s4, 1
core   0: 3 0x8000c620 (0x001a0a13) x20 0x00000001
core   0: 0x8000c624 (0xfff00413) li      s0, -1
core   0: 3 0x8000c624 (0xfff00413) x 8 0xffffffff
core   0: 0x8000c628 (0x018d5813) srli    a6, s10, 24
core   0: 3 0x8000c628 (0x018d5813) x16 0x00000000
core   0: 0x8000c62c (0xfed00213) li      tp, -19
core   0: 3 0x8000c62c (0xfed00213) x 4 0xffffffed
core   0: 0x8000c630 (0x40f95493) srai    s1, s2, 15
core   0: 3 0x8000c630 (0x40f95493) x 9 0x00000000
core   0: 0x8000c634 (0x026cde33) divu    t3, s9, t1
core   0: 3 0x8000c634 (0x026cde33) x28 0x00000000
core   0: 0x8000c638 (0x0355acb3) mulhsu  s9, a1, s5
core   0: 3 0x8000c638 (0x0355acb3) x25 0x00000000
core   0: 0x8000c63c (0xffe40413) addi    s0, s0, -2
core   0: 3 0x8000c63c (0xffe40413) x 8 0xfffffffd
core   0: 0x8000c640 (0x00f77f33) and     t5, a4, a5
core   0: 3 0x8000c640 (0x00f77f33) x30 0x00000006
core   0: 0x8000c644 (0xfe4408e3) beq     s0, tp, pc - 16
core   0: 3 0x8000c644 (0xfe4408e3)
core   0: 0x8000c648 (0x0283bbb3) mulhu   s7, t2, s0
core   0: 3 0x8000c648 (0x0283bbb3) x23 0x0000001f
core   0: 0x8000c64c (0x009ecf33) xor     t5, t4, s1
core   0: 3 0x8000c64c (0x009ecf33) x30 0x0000000e
core   0: 0x8000c650 (0x00fef933) and     s2, t4, a5
core   0: 3 0x8000c650 (0x00fef933) x18 0x0000000e
core   0: 0x8000c654 (0x034016b3) mulh    a3, zero, s4
core   0: 3 0x8000c654 (0x034016b3) x13 0x00000000
core   0: 0x8000c658 (0x01089313) slli    t1, a7, 16
core   0: 3 0x8000c658 (0x01089313) x 6 0xe0000000
core   0: 0x8000c65c (0x0087ccb3) xor     s9, a5, s0
core   0: 3 0x8000c65c (0x0087ccb3) x25 0xfffffff3
core   0: 0x8000c660 (0xfbda46e3) blt     s4, t4, pc - 84
core   0: 3 0x8000c660 (0xfbda46e3)
core   0: 0x8000c60c (0x01d776b3) and     a3, a4, t4
core   0: 3 0x8000c60c (0x01d776b3) x13 0x00000006
core   0: 0x8000c610 (0x01052cb3) slt     s9, a0, a6
core   0: 3 0x8000c610 (0x01052cb3) x25 0x00000000
core   0: 0x8000c614 (0x037b4833) div     a6, s6, s7
core   0: 3 0x8000c614 (0x037b4833) x16 0xfbdf0b4c
core   0: 0x8000c618 (0x00ec00b3) add     ra, s8, a4
core   0: 3 0x8000c618 (0x00ec00b3) x 1 0xd629b5bd
core   0: 0x8000c61c (0x03ff67b3) rem     a5, t5, t6
core   0: 3 0x8000c61c (0x03ff67b3) x15 0x0000000e
core   0: 0x8000c620 (0x001a0a13) addi    s4, s4, 1
core   0: 3 0x8000c620 (0x001a0a13) x20 0x00000002
core   0: 0x8000c624 (0xfff00413) li      s0, -1
core   0: 3 0x8000c624 (0xfff00413) x 8 0xffffffff
core   0: 0x8000c628 (0x018d5813) srli    a6, s10, 24
core   0: 3 0x8000c628 (0x018d5813) x16 0x00000000
core   0: 0x8000c62c (0xfed00213) li      tp, -19
core   0: 3 0x8000c62c (0xfed00213) x 4 0xffffffed
core   0: 0x8000c630 (0x40f95493) srai    s1, s2, 15
core   0: 3 0x8000c630 (0x40f95493) x 9 0x00000000
core   0: 0x8000c634 (0x026cde33) divu    t3, s9, t1
core   0: 3 0x8000c634 (0x026cde33) x28 0x00000000
core   0: 0x8000c638 (0x0355acb3) mulhsu  s9, a1, s5
core   0: 3 0x8000c638 (0x0355acb3) x25 0x00000000
core   0: 0x8000c63c (0xffe40413) addi    s0, s0, -2
core   0: 3 0x8000c63c (0xffe40413) x 8 0xfffffffd
core   0: 0x8000c640 (0x00f77f33) and     t5, a4, a5
core   0: 3 0x8000c640 (0x00f77f33) x30 0x00000006
core   0: 0x8000c644 (0xfe4408e3) beq     s0, tp, pc - 16
core   0: 3 0x8000c644 (0xfe4408e3)
core   0: 0x8000c648 (0x0283bbb3) mulhu   s7, t2, s0
core   0: 3 0x8000c648 (0x0283bbb3) x23 0x0000001f
core   0: 0x8000c64c (0x009ecf33) xor     t5, t4, s1
core   0: 3 0x8000c64c (0x009ecf33) x30 0x0000000e
core   0: 0x8000c650 (0x00fef933) and     s2, t4, a5
core   0: 3 0x8000c650 (0x00fef933) x18 0x0000000e
core   0: 0x8000c654 (0x034016b3) mulh    a3, zero, s4
core   0: 3 0x8000c654 (0x034016b3) x13 0x00000000
core   0: 0x8000c658 (0x01089313) slli    t1, a7, 16
core   0: 3 0x8000c658 (0x01089313) x 6 0xe0000000
core   0: 0x8000c65c (0x0087ccb3) xor     s9, a5, s0
core   0: 3 0x8000c65c (0x0087ccb3) x25 0xfffffff3
core   0: 0x8000c660 (0xfbda46e3) blt     s4, t4, pc - 84
core   0: 3 0x8000c660 (0xfbda46e3)
core   0: 0x8000c60c (0x01d776b3) and     a3, a4, t4
core   0: 3 0x8000c60c (0x01d776b3) x13 0x00000006
core   0: 0x8000c610 (0x01052cb3) slt     s9, a0, a6
core   0: 3 0x8000c610 (0x01052cb3) x25 0x00000000
core   0: 0x8000c614 (0x037b4833) div     a6, s6, s7
core   0: 3 0x8000c614 (0x037b4833) x16 0xfbdf0b4c
core   0: 0x8000c618 (0x00ec00b3) add     ra, s8, a4
core   0: 3 0x8000c618 (0x00ec00b3) x 1 0xd629b5bd
core   0: 0x8000c61c (0x03ff67b3) rem     a5, t5, t6
core   0: 3 0x8000c61c (0x03ff67b3) x15 0x0000000e
core   0: 0x8000c620 (0x001a0a13) addi    s4, s4, 1
core   0: 3 0x8000c620 (0x001a0a13) x20 0x00000003
core   0: 0x8000c624 (0xfff00413) li      s0, -1
core   0: 3 0x8000c624 (0xfff00413) x 8 0xffffffff
core   0: 0x8000c628 (0x018d5813) srli    a6, s10, 24
core   0: 3 0x8000c628 (0x018d5813) x16 0x00000000
core   0: 0x8000c62c (0xfed00213) li      tp, -19
core   0: 3 0x8000c62c (0xfed00213) x 4 0xffffffed
core   0: 0x8000c630 (0x40f95493) srai    s1, s2, 15
core   0: 3 0x8000c630 (0x40f95493) x 9 0x00000000
core   0: 0x8000c634 (0x026cde33) divu    t3, s9, t1
core   0: 3 0x8000c634 (0x026cde33) x28 0x00000000
core   0: 0x8000c638 (0x0355acb3) mulhsu  s9, a1, s5
core   0: 3 0x8000c638 (0x0355acb3) x25 0x00000000
core   0: 0x8000c63c (0xffe40413) addi    s0, s0, -2
core   0: 3 0x8000c63c (0xffe40413) x 8 0xfffffffd
core   0: 0x8000c640 (0x00f77f33) and     t5, a4, a5
core   0: 3 0x8000c640 (0x00f77f33) x30 0x00000006
core   0: 0x8000c644 (0xfe4408e3) beq     s0, tp, pc - 16
core   0: 3 0x8000c644 (0xfe4408e3)
core   0: 0x8000c648 (0x0283bbb3) mulhu   s7, t2, s0
core   0: 3 0x8000c648 (0x0283bbb3) x23 0x0000001f
core   0: 0x8000c64c (0x009ecf33) xor     t5, t4, s1
core   0: 3 0x8000c64c (0x009ecf33) x30 0x0000000e
core   0: 0x8000c650 (0x00fef933) and     s2, t4, a5
core   0: 3 0x8000c650 (0x00fef933) x18 0x0000000e
core   0: 0x8000c654 (0x034016b3) mulh    a3, zero, s4
core   0: 3 0x8000c654 (0x034016b3) x13 0x00000000
core   0: 0x8000c658 (0x01089313) slli    t1, a7, 16
core   0: 3 0x8000c658 (0x01089313) x 6 0xe0000000
core   0: 0x8000c65c (0x0087ccb3) xor     s9, a5, s0
core   0: 3 0x8000c65c (0x0087ccb3) x25 0xfffffff3
core   0: 0x8000c660 (0xfbda46e3) blt     s4, t4, pc - 84
core   0: 3 0x8000c660 (0xfbda46e3)
core   0: 0x8000c60c (0x01d776b3) and     a3, a4, t4
core   0: 3 0x8000c60c (0x01d776b3) x13 0x00000006
core   0: 0x8000c610 (0x01052cb3) slt     s9, a0, a6
core   0: 3 0x8000c610 (0x01052cb3) x25 0x00000000
core   0: 0x8000c614 (0x037b4833) div     a6, s6, s7
core   0: 3 0x8000c614 (0x037b4833) x16 0xfbdf0b4c
core   0: 0x8000c618 (0x00ec00b3) add     ra, s8, a4
core   0: 3 0x8000c618 (0x00ec00b3) x 1 0xd629b5bd
core   0: 0x8000c61c (0x03ff67b3) rem     a5, t5, t6
core   0: 3 0x8000c61c (0x03ff67b3) x15 0x0000000e
core   0: 0x8000c620 (0x001a0a13) addi    s4, s4, 1
core   0: 3 0x8000c620 (0x001a0a13) x20 0x00000004
core   0: 0x8000c624 (0xfff00413) li      s0, -1
core   0: 3 0x8000c624 (0xfff00413) x 8 0xffffffff
core   0: 0x8000c628 (0x018d5813) srli    a6, s10, 24
core   0: 3 0x8000c628 (0x018d5813) x16 0x00000000
core   0: 0x8000c62c (0xfed00213) li      tp, -19
core   0: 3 0x8000c62c (0xfed00213) x 4 0xffffffed
core   0: 0x8000c630 (0x40f95493) srai    s1, s2, 15
core   0: 3 0x8000c630 (0x40f95493) x 9 0x00000000
core   0: 0x8000c634 (0x026cde33) divu    t3, s9, t1
core   0: 3 0x8000c634 (0x026cde33) x28 0x00000000
core   0: 0x8000c638 (0x0355acb3) mulhsu  s9, a1, s5
core   0: 3 0x8000c638 (0x0355acb3) x25 0x00000000
core   0: 0x8000c63c (0xffe40413) addi    s0, s0, -2
core   0: 3 0x8000c63c (0xffe40413) x 8 0xfffffffd
core   0: 0x8000c640 (0x00f77f33) and     t5, a4, a5
core   0: 3 0x8000c640 (0x00f77f33) x30 0x00000006
core   0: 0x8000c644 (0xfe4408e3) beq     s0, tp, pc - 16
core   0: 3 0x8000c644 (0xfe4408e3)
core   0: 0x8000c648 (0x0283bbb3) mulhu   s7, t2, s0
core   0: 3 0x8000c648 (0x0283bbb3) x23 0x0000001f
core   0: 0x8000c64c (0x009ecf33) xor     t5, t4, s1
core   0: 3 0x8000c64c (0x009ecf33) x30 0x0000000e
core   0: 0x8000c650 (0x00fef933) and     s2, t4, a5
core   0: 3 0x8000c650 (0x00fef933) x18 0x0000000e
core   0: 0x8000c654 (0x034016b3) mulh    a3, zero, s4
core   0: 3 0x8000c654 (0x034016b3) x13 0x00000000
core   0: 0x8000c658 (0x01089313) slli    t1, a7, 16
core   0: 3 0x8000c658 (0x01089313) x 6 0xe0000000
core   0: 0x8000c65c (0x0087ccb3) xor     s9, a5, s0
core   0: 3 0x8000c65c (0x0087ccb3) x25 0xfffffff3
core   0: 0x8000c660 (0xfbda46e3) blt     s4, t4, pc - 84
core   0: 3 0x8000c660 (0xfbda46e3)
core   0: 0x8000c60c (0x01d776b3) and     a3, a4, t4
core   0: 3 0x8000c60c (0x01d776b3) x13 0x00000006
core   0: 0x8000c610 (0x01052cb3) slt     s9, a0, a6
core   0: 3 0x8000c610 (0x01052cb3) x25 0x00000000
core   0: 0x8000c614 (0x037b4833) div     a6, s6, s7
core   0: 3 0x8000c614 (0x037b4833) x16 0xfbdf0b4c
core   0: 0x8000c618 (0x00ec00b3) add     ra, s8, a4
core   0: 3 0x8000c618 (0x00ec00b3) x 1 0xd629b5bd
core   0: 0x8000c61c (0x03ff67b3) rem     a5, t5, t6
core   0: 3 0x8000c61c (0x03ff67b3) x15 0x0000000e
core   0: 0x8000c620 (0x001a0a13) addi    s4, s4, 1
core   0: 3 0x8000c620 (0x001a0a13) x20 0x00000005
core   0: 0x8000c624 (0xfff00413) li      s0, -1
core   0: 3 0x8000c624 (0xfff00413) x 8 0xffffffff
core   0: 0x8000c628 (0x018d5813) srli    a6, s10, 24
core   0: 3 0x8000c628 (0x018d5813) x16 0x00000000
core   0: 0x8000c62c (0xfed00213) li      tp, -19
core   0: 3 0x8000c62c (0xfed00213) x 4 0xffffffed
core   0: 0x8000c630 (0x40f95493) srai    s1, s2, 15
core   0: 3 0x8000c630 (0x40f95493) x 9 0x00000000
core   0: 0x8000c634 (0x026cde33) divu    t3, s9, t1
core   0: 3 0x8000c634 (0x026cde33) x28 0x00000000
core   0: 0x8000c638 (0x0355acb3) mulhsu  s9, a1, s5
core   0: 3 0x8000c638 (0x0355acb3) x25 0x00000000
core   0: 0x8000c63c (0xffe40413) addi    s0, s0, -2
core   0: 3 0x8000c63c (0xffe40413) x 8 0xfffffffd
core   0: 0x8000c640 (0x00f77f33) and     t5, a4, a5
core   0: 3 0x8000c640 (0x00f77f33) x30 0x00000006
core   0: 0x8000c644 (0xfe4408e3) beq     s0, tp, pc - 16
core   0: 3 0x8000c644 (0xfe4408e3)
core   0: 0x8000c648 (0x0283bbb3) mulhu   s7, t2, s0
core   0: 3 0x8000c648 (0x0283bbb3) x23 0x0000001f
core   0: 0x8000c64c (0x009ecf33) xor     t5, t4, s1
core   0: 3 0x8000c64c (0x009ecf33) x30 0x0000000e
core   0: 0x8000c650 (0x00fef933) and     s2, t4, a5
core   0: 3 0x8000c650 (0x00fef933) x18 0x0000000e
core   0: 0x8000c654 (0x034016b3) mulh    a3, zero, s4
core   0: 3 0x8000c654 (0x034016b3) x13 0x00000000
core   0: 0x8000c658 (0x01089313) slli    t1, a7, 16
core   0: 3 0x8000c658 (0x01089313) x 6 0xe0000000
core   0: 0x8000c65c (0x0087ccb3) xor     s9, a5, s0
core   0: 3 0x8000c65c (0x0087ccb3) x25 0xfffffff3
core   0: 0x8000c660 (0xfbda46e3) blt     s4, t4, pc - 84
core   0: 3 0x8000c660 (0xfbda46e3)
core   0: 0x8000c60c (0x01d776b3) and     a3, a4, t4
core   0: 3 0x8000c60c (0x01d776b3) x13 0x00000006
core   0: 0x8000c610 (0x01052cb3) slt     s9, a0, a6
core   0: 3 0x8000c610 (0x01052cb3) x25 0x00000000
core   0: 0x8000c614 (0x037b4833) div     a6, s6, s7
core   0: 3 0x8000c614 (0x037b4833) x16 0xfbdf0b4c
core   0: 0x8000c618 (0x00ec00b3) add     ra, s8, a4
core   0: 3 0x8000c618 (0x00ec00b3) x 1 0xd629b5bd
core   0: 0x8000c61c (0x03ff67b3) rem     a5, t5, t6
core   0: 3 0x8000c61c (0x03ff67b3) x15 0x0000000e
core   0: 0x8000c620 (0x001a0a13) addi    s4, s4, 1
core   0: 3 0x8000c620 (0x001a0a13) x20 0x00000006
core   0: 0x8000c624 (0xfff00413) li      s0, -1
core   0: 3 0x8000c624 (0xfff00413) x 8 0xffffffff
core   0: 0x8000c628 (0x018d5813) srli    a6, s10, 24
core   0: 3 0x8000c628 (0x018d5813) x16 0x00000000
core   0: 0x8000c62c (0xfed00213) li      tp, -19
core   0: 3 0x8000c62c (0xfed00213) x 4 0xffffffed
core   0: 0x8000c630 (0x40f95493) srai    s1, s2, 15
core   0: 3 0x8000c630 (0x40f95493) x 9 0x00000000
core   0: 0x8000c634 (0x026cde33) divu    t3, s9, t1
core   0: 3 0x8000c634 (0x026cde33) x28 0x00000000
core   0: 0x8000c638 (0x0355acb3) mulhsu  s9, a1, s5
core   0: 3 0x8000c638 (0x0355acb3) x25 0x00000000
core   0: 0x8000c63c (0xffe40413) addi    s0, s0, -2
core   0: 3 0x8000c63c (0xffe40413) x 8 0xfffffffd
core   0: 0x8000c640 (0x00f77f33) and     t5, a4, a5
core   0: 3 0x8000c640 (0x00f77f33) x30 0x00000006
core   0: 0x8000c644 (0xfe4408e3) beq     s0, tp, pc - 16
core   0: 3 0x8000c644 (0xfe4408e3)
core   0: 0x8000c648 (0x0283bbb3) mulhu   s7, t2, s0
core   0: 3 0x8000c648 (0x0283bbb3) x23 0x0000001f
core   0: 0x8000c64c (0x009ecf33) xor     t5, t4, s1
core   0: 3 0x8000c64c (0x009ecf33) x30 0x0000000e
core   0: 0x8000c650 (0x00fef933) and     s2, t4, a5
core   0: 3 0x8000c650 (0x00fef933) x18 0x0000000e
core   0: 0x8000c654 (0x034016b3) mulh    a3, zero, s4
core   0: 3 0x8000c654 (0x034016b3) x13 0x00000000
core   0: 0x8000c658 (0x01089313) slli    t1, a7, 16
core   0: 3 0x8000c658 (0x01089313) x 6 0xe0000000
core   0: 0x8000c65c (0x0087ccb3) xor     s9, a5, s0
core   0: 3 0x8000c65c (0x0087ccb3) x25 0xfffffff3
core   0: 0x8000c660 (0xfbda46e3) blt     s4, t4, pc - 84
core   0: 3 0x8000c660 (0xfbda46e3)
core   0: 0x8000c60c (0x01d776b3) and     a3, a4, t4
core   0: 3 0x8000c60c (0x01d776b3) x13 0x00000006
core   0: 0x8000c610 (0x01052cb3) slt     s9, a0, a6
core   0: 3 0x8000c610 (0x01052cb3) x25 0x00000000
core   0: 0x8000c614 (0x037b4833) div     a6, s6, s7
core   0: 3 0x8000c614 (0x037b4833) x16 0xfbdf0b4c
core   0: 0x8000c618 (0x00ec00b3) add     ra, s8, a4
core   0: 3 0x8000c618 (0x00ec00b3) x 1 0xd629b5bd
core   0: 0x8000c61c (0x03ff67b3) rem     a5, t5, t6
core   0: 3 0x8000c61c (0x03ff67b3) x15 0x0000000e
core   0: 0x8000c620 (0x001a0a13) addi    s4, s4, 1
core   0: 3 0x8000c620 (0x001a0a13) x20 0x00000007
core   0: 0x8000c624 (0xfff00413) li      s0, -1
core   0: 3 0x8000c624 (0xfff00413) x 8 0xffffffff
core   0: 0x8000c628 (0x018d5813) srli    a6, s10, 24
core   0: 3 0x8000c628 (0x018d5813) x16 0x00000000
core   0: 0x8000c62c (0xfed00213) li      tp, -19
core   0: 3 0x8000c62c (0xfed00213) x 4 0xffffffed
core   0: 0x8000c630 (0x40f95493) srai    s1, s2, 15
core   0: 3 0x8000c630 (0x40f95493) x 9 0x00000000
core   0: 0x8000c634 (0x026cde33) divu    t3, s9, t1
core   0: 3 0x8000c634 (0x026cde33) x28 0x00000000
core   0: 0x8000c638 (0x0355acb3) mulhsu  s9, a1, s5
core   0: 3 0x8000c638 (0x0355acb3) x25 0x00000000
core   0: 0x8000c63c (0xffe40413) addi    s0, s0, -2
core   0: 3 0x8000c63c (0xffe40413) x 8 0xfffffffd
core   0: 0x8000c640 (0x00f77f33) and     t5, a4, a5
core   0: 3 0x8000c640 (0x00f77f33) x30 0x00000006
core   0: 0x8000c644 (0xfe4408e3) beq     s0, tp, pc - 16
core   0: 3 0x8000c644 (0xfe4408e3)
core   0: 0x8000c648 (0x0283bbb3) mulhu   s7, t2, s0
core   0: 3 0x8000c648 (0x0283bbb3) x23 0x0000001f
core   0: 0x8000c64c (0x009ecf33) xor     t5, t4, s1
core   0: 3 0x8000c64c (0x009ecf33) x30 0x0000000e
core   0: 0x8000c650 (0x00fef933) and     s2, t4, a5
core   0: 3 0x8000c650 (0x00fef933) x18 0x0000000e
core   0: 0x8000c654 (0x034016b3) mulh    a3, zero, s4
core   0: 3 0x8000c654 (0x034016b3) x13 0x00000000
core   0: 0x8000c658 (0x01089313) slli    t1, a7, 16
core   0: 3 0x8000c658 (0x01089313) x 6 0xe0000000
core   0: 0x8000c65c (0x0087ccb3) xor     s9, a5, s0
core   0: 3 0x8000c65c (0x0087ccb3) x25 0xfffffff3
core   0: 0x8000c660 (0xfbda46e3) blt     s4, t4, pc - 84
core   0: 3 0x8000c660 (0xfbda46e3)
core   0: 0x8000c60c (0x01d776b3) and     a3, a4, t4
core   0: 3 0x8000c60c (0x01d776b3) x13 0x00000006
core   0: 0x8000c610 (0x01052cb3) slt     s9, a0, a6
core   0: 3 0x8000c610 (0x01052cb3) x25 0x00000000
core   0: 0x8000c614 (0x037b4833) div     a6, s6, s7
core   0: 3 0x8000c614 (0x037b4833) x16 0xfbdf0b4c
core   0: 0x8000c618 (0x00ec00b3) add     ra, s8, a4
core   0: 3 0x8000c618 (0x00ec00b3) x 1 0xd629b5bd
core   0: 0x8000c61c (0x03ff67b3) rem     a5, t5, t6
core   0: 3 0x8000c61c (0x03ff67b3) x15 0x0000000e
core   0: 0x8000c620 (0x001a0a13) addi    s4, s4, 1
core   0: 3 0x8000c620 (0x001a0a13) x20 0x00000008
core   0: 0x8000c624 (0xfff00413) li      s0, -1
core   0: 3 0x8000c624 (0xfff00413) x 8 0xffffffff
core   0: 0x8000c628 (0x018d5813) srli    a6, s10, 24
core   0: 3 0x8000c628 (0x018d5813) x16 0x00000000
core   0: 0x8000c62c (0xfed00213) li      tp, -19
core   0: 3 0x8000c62c (0xfed00213) x 4 0xffffffed
core   0: 0x8000c630 (0x40f95493) srai    s1, s2, 15
core   0: 3 0x8000c630 (0x40f95493) x 9 0x00000000
core   0: 0x8000c634 (0x026cde33) divu    t3, s9, t1
core   0: 3 0x8000c634 (0x026cde33) x28 0x00000000
core   0: 0x8000c638 (0x0355acb3) mulhsu  s9, a1, s5
core   0: 3 0x8000c638 (0x0355acb3) x25 0x00000000
core   0: 0x8000c63c (0xffe40413) addi    s0, s0, -2
core   0: 3 0x8000c63c (0xffe40413) x 8 0xfffffffd
core   0: 0x8000c640 (0x00f77f33) and     t5, a4, a5
core   0: 3 0x8000c640 (0x00f77f33) x30 0x00000006
core   0: 0x8000c644 (0xfe4408e3) beq     s0, tp, pc - 16
core   0: 3 0x8000c644 (0xfe4408e3)
core   0: 0x8000c648 (0x0283bbb3) mulhu   s7, t2, s0
core   0: 3 0x8000c648 (0x0283bbb3) x23 0x0000001f
core   0: 0x8000c64c (0x009ecf33) xor     t5, t4, s1
core   0: 3 0x8000c64c (0x009ecf33) x30 0x0000000e
core   0: 0x8000c650 (0x00fef933) and     s2, t4, a5
core   0: 3 0x8000c650 (0x00fef933) x18 0x0000000e
core   0: 0x8000c654 (0x034016b3) mulh    a3, zero, s4
core   0: 3 0x8000c654 (0x034016b3) x13 0x00000000
core   0: 0x8000c658 (0x01089313) slli    t1, a7, 16
core   0: 3 0x8000c658 (0x01089313) x 6 0xe0000000
core   0: 0x8000c65c (0x0087ccb3) xor     s9, a5, s0
core   0: 3 0x8000c65c (0x0087ccb3) x25 0xfffffff3
core   0: 0x8000c660 (0xfbda46e3) blt     s4, t4, pc - 84
core   0: 3 0x8000c660 (0xfbda46e3)
core   0: 0x8000c60c (0x01d776b3) and     a3, a4, t4
core   0: 3 0x8000c60c (0x01d776b3) x13 0x00000006
core   0: 0x8000c610 (0x01052cb3) slt     s9, a0, a6
core   0: 3 0x8000c610 (0x01052cb3) x25 0x00000000
core   0: 0x8000c614 (0x037b4833) div     a6, s6, s7
core   0: 3 0x8000c614 (0x037b4833) x16 0xfbdf0b4c
core   0: 0x8000c618 (0x00ec00b3) add     ra, s8, a4
core   0: 3 0x8000c618 (0x00ec00b3) x 1 0xd629b5bd
core   0: 0x8000c61c (0x03ff67b3) rem     a5, t5, t6
core   0: 3 0x8000c61c (0x03ff67b3) x15 0x0000000e
core   0: 0x8000c620 (0x001a0a13) addi    s4, s4, 1
core   0: 3 0x8000c620 (0x001a0a13) x20 0x00000009
core   0: 0x8000c624 (0xfff00413) li      s0, -1
core   0: 3 0x8000c624 (0xfff00413) x 8 0xffffffff
core   0: 0x8000c628 (0x018d5813) srli    a6, s10, 24
core   0: 3 0x8000c628 (0x018d5813) x16 0x00000000
core   0: 0x8000c62c (0xfed00213) li      tp, -19
core   0: 3 0x8000c62c (0xfed00213) x 4 0xffffffed
core   0: 0x8000c630 (0x40f95493) srai    s1, s2, 15
core   0: 3 0x8000c630 (0x40f95493) x 9 0x00000000
core   0: 0x8000c634 (0x026cde33) divu    t3, s9, t1
core   0: 3 0x8000c634 (0x026cde33) x28 0x00000000
core   0: 0x8000c638 (0x0355acb3) mulhsu  s9, a1, s5
core   0: 3 0x8000c638 (0x0355acb3) x25 0x00000000
core   0: 0x8000c63c (0xffe40413) addi    s0, s0, -2
core   0: 3 0x8000c63c (0xffe40413) x 8 0xfffffffd
core   0: 0x8000c640 (0x00f77f33) and     t5, a4, a5
core   0: 3 0x8000c640 (0x00f77f33) x30 0x00000006
core   0: 0x8000c644 (0xfe4408e3) beq     s0, tp, pc - 16
core   0: 3 0x8000c644 (0xfe4408e3)
core   0: 0x8000c648 (0x0283bbb3) mulhu   s7, t2, s0
core   0: 3 0x8000c648 (0x0283bbb3) x23 0x0000001f
core   0: 0x8000c64c (0x009ecf33) xor     t5, t4, s1
core   0: 3 0x8000c64c (0x009ecf33) x30 0x0000000e
core   0: 0x8000c650 (0x00fef933) and     s2, t4, a5
core   0: 3 0x8000c650 (0x00fef933) x18 0x0000000e
core   0: 0x8000c654 (0x034016b3) mulh    a3, zero, s4
core   0: 3 0x8000c654 (0x034016b3) x13 0x00000000
core   0: 0x8000c658 (0x01089313) slli    t1, a7, 16
core   0: 3 0x8000c658 (0x01089313) x 6 0xe0000000
core   0: 0x8000c65c (0x0087ccb3) xor     s9, a5, s0
core   0: 3 0x8000c65c (0x0087ccb3) x25 0xfffffff3
core   0: 0x8000c660 (0xfbda46e3) blt     s4, t4, pc - 84
core   0: 3 0x8000c660 (0xfbda46e3)
core   0: 0x8000c60c (0x01d776b3) and     a3, a4, t4
core   0: 3 0x8000c60c (0x01d776b3) x13 0x00000006
core   0: 0x8000c610 (0x01052cb3) slt     s9, a0, a6
core   0: 3 0x8000c610 (0x01052cb3) x25 0x00000000
core   0: 0x8000c614 (0x037b4833) div     a6, s6, s7
core   0: 3 0x8000c614 (0x037b4833) x16 0xfbdf0b4c
core   0: 0x8000c618 (0x00ec00b3) add     ra, s8, a4
core   0: 3 0x8000c618 (0x00ec00b3) x 1 0xd629b5bd
core   0: 0x8000c61c (0x03ff67b3) rem     a5, t5, t6
core   0: 3 0x8000c61c (0x03ff67b3) x15 0x0000000e
core   0: 0x8000c620 (0x001a0a13) addi    s4, s4, 1
core   0: 3 0x8000c620 (0x001a0a13) x20 0x0000000a
core   0: 0x8000c624 (0xfff00413) li      s0, -1
core   0: 3 0x8000c624 (0xfff00413) x 8 0xffffffff
core   0: 0x8000c628 (0x018d5813) srli    a6, s10, 24
core   0: 3 0x8000c628 (0x018d5813) x16 0x00000000
core   0: 0x8000c62c (0xfed00213) li      tp, -19
core   0: 3 0x8000c62c (0xfed00213) x 4 0xffffffed
core   0: 0x8000c630 (0x40f95493) srai    s1, s2, 15
core   0: 3 0x8000c630 (0x40f95493) x 9 0x00000000
core   0: 0x8000c634 (0x026cde33) divu    t3, s9, t1
core   0: 3 0x8000c634 (0x026cde33) x28 0x00000000
core   0: 0x8000c638 (0x0355acb3) mulhsu  s9, a1, s5
core   0: 3 0x8000c638 (0x0355acb3) x25 0x00000000
core   0: 0x8000c63c (0xffe40413) addi    s0, s0, -2
core   0: 3 0x8000c63c (0xffe40413) x 8 0xfffffffd
core   0: 0x8000c640 (0x00f77f33) and     t5, a4, a5
core   0: 3 0x8000c640 (0x00f77f33) x30 0x00000006
core   0: 0x8000c644 (0xfe4408e3) beq     s0, tp, pc - 16
core   0: 3 0x8000c644 (0xfe4408e3)
core   0: 0x8000c648 (0x0283bbb3) mulhu   s7, t2, s0
core   0: 3 0x8000c648 (0x0283bbb3) x23 0x0000001f
core   0: 0x8000c64c (0x009ecf33) xor     t5, t4, s1
core   0: 3 0x8000c64c (0x009ecf33) x30 0x0000000e
core   0: 0x8000c650 (0x00fef933) and     s2, t4, a5
core   0: 3 0x8000c650 (0x00fef933) x18 0x0000000e
core   0: 0x8000c654 (0x034016b3) mulh    a3, zero, s4
core   0: 3 0x8000c654 (0x034016b3) x13 0x00000000
core   0: 0x8000c658 (0x01089313) slli    t1, a7, 16
core   0: 3 0x8000c658 (0x01089313) x 6 0xe0000000
core   0: 0x8000c65c (0x0087ccb3) xor     s9, a5, s0
core   0: 3 0x8000c65c (0x0087ccb3) x25 0xfffffff3
core   0: 0x8000c660 (0xfbda46e3) blt     s4, t4, pc - 84
core   0: 3 0x8000c660 (0xfbda46e3)
core   0: 0x8000c60c (0x01d776b3) and     a3, a4, t4
core   0: 3 0x8000c60c (0x01d776b3) x13 0x00000006
core   0: 0x8000c610 (0x01052cb3) slt     s9, a0, a6
core   0: 3 0x8000c610 (0x01052cb3) x25 0x00000000
core   0: 0x8000c614 (0x037b4833) div     a6, s6, s7
core   0: 3 0x8000c614 (0x037b4833) x16 0xfbdf0b4c
core   0: 0x8000c618 (0x00ec00b3) add     ra, s8, a4
core   0: 3 0x8000c618 (0x00ec00b3) x 1 0xd629b5bd
core   0: 0x8000c61c (0x03ff67b3) rem     a5, t5, t6
core   0: 3 0x8000c61c (0x03ff67b3) x15 0x0000000e
core   0: 0x8000c620 (0x001a0a13) addi    s4, s4, 1
core   0: 3 0x8000c620 (0x001a0a13) x20 0x0000000b
core   0: 0x8000c624 (0xfff00413) li      s0, -1
core   0: 3 0x8000c624 (0xfff00413) x 8 0xffffffff
core   0: 0x8000c628 (0x018d5813) srli    a6, s10, 24
core   0: 3 0x8000c628 (0x018d5813) x16 0x00000000
core   0: 0x8000c62c (0xfed00213) li      tp, -19
core   0: 3 0x8000c62c (0xfed00213) x 4 0xffffffed
core   0: 0x8000c630 (0x40f95493) srai    s1, s2, 15
core   0: 3 0x8000c630 (0x40f95493) x 9 0x00000000
core   0: 0x8000c634 (0x026cde33) divu    t3, s9, t1
core   0: 3 0x8000c634 (0x026cde33) x28 0x00000000
core   0: 0x8000c638 (0x0355acb3) mulhsu  s9, a1, s5
core   0: 3 0x8000c638 (0x0355acb3) x25 0x00000000
core   0: 0x8000c63c (0xffe40413) addi    s0, s0, -2
core   0: 3 0x8000c63c (0xffe40413) x 8 0xfffffffd
core   0: 0x8000c640 (0x00f77f33) and     t5, a4, a5
core   0: 3 0x8000c640 (0x00f77f33) x30 0x00000006
core   0: 0x8000c644 (0xfe4408e3) beq     s0, tp, pc - 16
core   0: 3 0x8000c644 (0xfe4408e3)
core   0: 0x8000c648 (0x0283bbb3) mulhu   s7, t2, s0
core   0: 3 0x8000c648 (0x0283bbb3) x23 0x0000001f
core   0: 0x8000c64c (0x009ecf33) xor     t5, t4, s1
core   0: 3 0x8000c64c (0x009ecf33) x30 0x0000000e
core   0: 0x8000c650 (0x00fef933) and     s2, t4, a5
core   0: 3 0x8000c650 (0x00fef933) x18 0x0000000e
core   0: 0x8000c654 (0x034016b3) mulh    a3, zero, s4
core   0: 3 0x8000c654 (0x034016b3) x13 0x00000000
core   0: 0x8000c658 (0x01089313) slli    t1, a7, 16
core   0: 3 0x8000c658 (0x01089313) x 6 0xe0000000
core   0: 0x8000c65c (0x0087ccb3) xor     s9, a5, s0
core   0: 3 0x8000c65c (0x0087ccb3) x25 0xfffffff3
core   0: 0x8000c660 (0xfbda46e3) blt     s4, t4, pc - 84
core   0: 3 0x8000c660 (0xfbda46e3)
core   0: 0x8000c60c (0x01d776b3) and     a3, a4, t4
core   0: 3 0x8000c60c (0x01d776b3) x13 0x00000006
core   0: 0x8000c610 (0x01052cb3) slt     s9, a0, a6
core   0: 3 0x8000c610 (0x01052cb3) x25 0x00000000
core   0: 0x8000c614 (0x037b4833) div     a6, s6, s7
core   0: 3 0x8000c614 (0x037b4833) x16 0xfbdf0b4c
core   0: 0x8000c618 (0x00ec00b3) add     ra, s8, a4
core   0: 3 0x8000c618 (0x00ec00b3) x 1 0xd629b5bd
core   0: 0x8000c61c (0x03ff67b3) rem     a5, t5, t6
core   0: 3 0x8000c61c (0x03ff67b3) x15 0x0000000e
core   0: 0x8000c620 (0x001a0a13) addi    s4, s4, 1
core   0: 3 0x8000c620 (0x001a0a13) x20 0x0000000c
core   0: 0x8000c624 (0xfff00413) li      s0, -1
core   0: 3 0x8000c624 (0xfff00413) x 8 0xffffffff
core   0: 0x8000c628 (0x018d5813) srli    a6, s10, 24
core   0: 3 0x8000c628 (0x018d5813) x16 0x00000000
core   0: 0x8000c62c (0xfed00213) li      tp, -19
core   0: 3 0x8000c62c (0xfed00213) x 4 0xffffffed
core   0: 0x8000c630 (0x40f95493) srai    s1, s2, 15
core   0: 3 0x8000c630 (0x40f95493) x 9 0x00000000
core   0: 0x8000c634 (0x026cde33) divu    t3, s9, t1
core   0: 3 0x8000c634 (0x026cde33) x28 0x00000000
core   0: 0x8000c638 (0x0355acb3) mulhsu  s9, a1, s5
core   0: 3 0x8000c638 (0x0355acb3) x25 0x00000000
core   0: 0x8000c63c (0xffe40413) addi    s0, s0, -2
core   0: 3 0x8000c63c (0xffe40413) x 8 0xfffffffd
core   0: 0x8000c640 (0x00f77f33) and     t5, a4, a5
core   0: 3 0x8000c640 (0x00f77f33) x30 0x00000006
core   0: 0x8000c644 (0xfe4408e3) beq     s0, tp, pc - 16
core   0: 3 0x8000c644 (0xfe4408e3)
core   0: 0x8000c648 (0x0283bbb3) mulhu   s7, t2, s0
core   0: 3 0x8000c648 (0x0283bbb3) x23 0x0000001f
core   0: 0x8000c64c (0x009ecf33) xor     t5, t4, s1
core   0: 3 0x8000c64c (0x009ecf33) x30 0x0000000e
core   0: 0x8000c650 (0x00fef933) and     s2, t4, a5
core   0: 3 0x8000c650 (0x00fef933) x18 0x0000000e
core   0: 0x8000c654 (0x034016b3) mulh    a3, zero, s4
core   0: 3 0x8000c654 (0x034016b3) x13 0x00000000
core   0: 0x8000c658 (0x01089313) slli    t1, a7, 16
core   0: 3 0x8000c658 (0x01089313) x 6 0xe0000000
core   0: 0x8000c65c (0x0087ccb3) xor     s9, a5, s0
core   0: 3 0x8000c65c (0x0087ccb3) x25 0xfffffff3
core   0: 0x8000c660 (0xfbda46e3) blt     s4, t4, pc - 84
core   0: 3 0x8000c660 (0xfbda46e3)
core   0: 0x8000c60c (0x01d776b3) and     a3, a4, t4
core   0: 3 0x8000c60c (0x01d776b3) x13 0x00000006
core   0: 0x8000c610 (0x01052cb3) slt     s9, a0, a6
core   0: 3 0x8000c610 (0x01052cb3) x25 0x00000000
core   0: 0x8000c614 (0x037b4833) div     a6, s6, s7
core   0: 3 0x8000c614 (0x037b4833) x16 0xfbdf0b4c
core   0: 0x8000c618 (0x00ec00b3) add     ra, s8, a4
core   0: 3 0x8000c618 (0x00ec00b3) x 1 0xd629b5bd
core   0: 0x8000c61c (0x03ff67b3) rem     a5, t5, t6
core   0: 3 0x8000c61c (0x03ff67b3) x15 0x0000000e
core   0: 0x8000c620 (0x001a0a13) addi    s4, s4, 1
core   0: 3 0x8000c620 (0x001a0a13) x20 0x0000000d
core   0: 0x8000c624 (0xfff00413) li      s0, -1
core   0: 3 0x8000c624 (0xfff00413) x 8 0xffffffff
core   0: 0x8000c628 (0x018d5813) srli    a6, s10, 24
core   0: 3 0x8000c628 (0x018d5813) x16 0x00000000
core   0: 0x8000c62c (0xfed00213) li      tp, -19
core   0: 3 0x8000c62c (0xfed00213) x 4 0xffffffed
core   0: 0x8000c630 (0x40f95493) srai    s1, s2, 15
core   0: 3 0x8000c630 (0x40f95493) x 9 0x00000000
core   0: 0x8000c634 (0x026cde33) divu    t3, s9, t1
core   0: 3 0x8000c634 (0x026cde33) x28 0x00000000
core   0: 0x8000c638 (0x0355acb3) mulhsu  s9, a1, s5
core   0: 3 0x8000c638 (0x0355acb3) x25 0x00000000
core   0: 0x8000c63c (0xffe40413) addi    s0, s0, -2
core   0: 3 0x8000c63c (0xffe40413) x 8 0xfffffffd
core   0: 0x8000c640 (0x00f77f33) and     t5, a4, a5
core   0: 3 0x8000c640 (0x00f77f33) x30 0x00000006
core   0: 0x8000c644 (0xfe4408e3) beq     s0, tp, pc - 16
core   0: 3 0x8000c644 (0xfe4408e3)
core   0: 0x8000c648 (0x0283bbb3) mulhu   s7, t2, s0
core   0: 3 0x8000c648 (0x0283bbb3) x23 0x0000001f
core   0: 0x8000c64c (0x009ecf33) xor     t5, t4, s1
core   0: 3 0x8000c64c (0x009ecf33) x30 0x0000000e
core   0: 0x8000c650 (0x00fef933) and     s2, t4, a5
core   0: 3 0x8000c650 (0x00fef933) x18 0x0000000e
core   0: 0x8000c654 (0x034016b3) mulh    a3, zero, s4
core   0: 3 0x8000c654 (0x034016b3) x13 0x00000000
core   0: 0x8000c658 (0x01089313) slli    t1, a7, 16
core   0: 3 0x8000c658 (0x01089313) x 6 0xe0000000
core   0: 0x8000c65c (0x0087ccb3) xor     s9, a5, s0
core   0: 3 0x8000c65c (0x0087ccb3) x25 0xfffffff3
core   0: 0x8000c660 (0xfbda46e3) blt     s4, t4, pc - 84
core   0: 3 0x8000c660 (0xfbda46e3)
core   0: 0x8000c60c (0x01d776b3) and     a3, a4, t4
core   0: 3 0x8000c60c (0x01d776b3) x13 0x00000006
core   0: 0x8000c610 (0x01052cb3) slt     s9, a0, a6
core   0: 3 0x8000c610 (0x01052cb3) x25 0x00000000
core   0: 0x8000c614 (0x037b4833) div     a6, s6, s7
core   0: 3 0x8000c614 (0x037b4833) x16 0xfbdf0b4c
core   0: 0x8000c618 (0x00ec00b3) add     ra, s8, a4
core   0: 3 0x8000c618 (0x00ec00b3) x 1 0xd629b5bd
core   0: 0x8000c61c (0x03ff67b3) rem     a5, t5, t6
core   0: 3 0x8000c61c (0x03ff67b3) x15 0x0000000e
core   0: 0x8000c620 (0x001a0a13) addi    s4, s4, 1
core   0: 3 0x8000c620 (0x001a0a13) x20 0x0000000e
core   0: 0x8000c624 (0xfff00413) li      s0, -1
core   0: 3 0x8000c624 (0xfff00413) x 8 0xffffffff
core   0: 0x8000c628 (0x018d5813) srli    a6, s10, 24
core   0: 3 0x8000c628 (0x018d5813) x16 0x00000000
core   0: 0x8000c62c (0xfed00213) li      tp, -19
core   0: 3 0x8000c62c (0xfed00213) x 4 0xffffffed
core   0: 0x8000c630 (0x40f95493) srai    s1, s2, 15
core   0: 3 0x8000c630 (0x40f95493) x 9 0x00000000
core   0: 0x8000c634 (0x026cde33) divu    t3, s9, t1
core   0: 3 0x8000c634 (0x026cde33) x28 0x00000000
core   0: 0x8000c638 (0x0355acb3) mulhsu  s9, a1, s5
core   0: 3 0x8000c638 (0x0355acb3) x25 0x00000000
core   0: 0x8000c63c (0xffe40413) addi    s0, s0, -2
core   0: 3 0x8000c63c (0xffe40413) x 8 0xfffffffd
core   0: 0x8000c640 (0x00f77f33) and     t5, a4, a5
core   0: 3 0x8000c640 (0x00f77f33) x30 0x00000006
core   0: 0x8000c644 (0xfe4408e3) beq     s0, tp, pc - 16
core   0: 3 0x8000c644 (0xfe4408e3)
core   0: 0x8000c648 (0x0283bbb3) mulhu   s7, t2, s0
core   0: 3 0x8000c648 (0x0283bbb3) x23 0x0000001f
core   0: 0x8000c64c (0x009ecf33) xor     t5, t4, s1
core   0: 3 0x8000c64c (0x009ecf33) x30 0x0000000e
core   0: 0x8000c650 (0x00fef933) and     s2, t4, a5
core   0: 3 0x8000c650 (0x00fef933) x18 0x0000000e
core   0: 0x8000c654 (0x034016b3) mulh    a3, zero, s4
core   0: 3 0x8000c654 (0x034016b3) x13 0x00000000
core   0: 0x8000c658 (0x01089313) slli    t1, a7, 16
core   0: 3 0x8000c658 (0x01089313) x 6 0xe0000000
core   0: 0x8000c65c (0x0087ccb3) xor     s9, a5, s0
core   0: 3 0x8000c65c (0x0087ccb3) x25 0xfffffff3
core   0: 0x8000c660 (0xfbda46e3) blt     s4, t4, pc - 84
core   0: 3 0x8000c660 (0xfbda46e3)
core   0: 0x8000c664 (0x792c8917) auipc   s2, 0x792c8
core   0: 3 0x8000c664 (0x792c8917) x18 0xf92d4664
core   0: 0x8000c668 (0xffa00493) li      s1, -6
core   0: 3 0x8000c668 (0xffa00493) x 9 0xfffffffa
core   0: 0x8000c66c (0x00377cb3) and     s9, a4, gp
core   0: 3 0x8000c66c (0x00377cb3) x25 0x00000002
core   0: 0x8000c670 (0x03f097b3) mulh    a5, ra, t6
core   0: 3 0x8000c670 (0x03f097b3) x15 0x00000132
core   0: 0x8000c674 (0x66e4c917) auipc   s2, 0x66e4c
core   0: 3 0x8000c674 (0x66e4c917) x18 0xe6e58674
core   0: 0x8000c678 (0x41cb5233) sra     tp, s6, t3
core   0: 3 0x8000c678 (0x41cb5233) x 4 0x80025e28
core   0: 0x8000c67c (0x03fb8433) mul     s0, s7, t6
core   0: 3 0x8000c67c (0x03fb8433) x 8 0xffff1d31
core   0: 0x8000c680 (0xffb00393) li      t2, -5
core   0: 3 0x8000c680 (0xffb00393) x 7 0xfffffffb
core   0: 0x8000c684 (0xa9d2a613) slti    a2, t0, -1379
core   0: 3 0x8000c684 (0xa9d2a613) x12 0x00000000
core   0: 0x8000c688 (0x02efa533) mulhsu  a0, t6, a4
core   0: 3 0x8000c688 (0x02efa533) x10 0xfffff948
core   0: 0x8000c68c (0x76e83413) sltiu   s0, a6, 1902
core   0: 3 0x8000c68c (0x76e83413) x 8 0x00000001
core   0: 0x8000c690 (0xdc63b937) lui     s2, 0xdc63b
core   0: 3 0x8000c690 (0xdc63b937) x18 0xdc63b000
core   0: 0x8000c694 (0x008e17b3) sll     a5, t3, s0
core   0: 3 0x8000c694 (0x008e17b3) x15 0x00000000
core   0: 0x8000c698 (0x030df0b3) remu    ra, s11, a6
core   0: 3 0x8000c698 (0x030df0b3) x 1 0x80029ce4
core   0: 0x8000c69c (0x00148493) addi    s1, s1, 1
core   0: 3 0x8000c69c (0x00148493) x 9 0xfffffffb
core   0: 0x8000c6a0 (0x411b8eb3) sub     t4, s7, a7
core   0: 3 0x8000c6a0 (0x411b8eb3) x29 0x175a201f
core   0: 0x8000c6a4 (0x0d6a7c93) andi    s9, s4, 214
core   0: 3 0x8000c6a4 (0x0d6a7c93) x25 0x00000006
core   0: 0x8000c6a8 (0x003ce933) or      s2, s9, gp
core   0: 3 0x8000c6a8 (0x003ce933) x18 0x00000017
core   0: 0x8000c6ac (0x417cdf93) srai    t6, s9, 23
core   0: 3 0x8000c6ac (0x417cdf93) x31 0x00000000
core   0: 0x8000c6b0 (0xfc748ee3) beq     s1, t2, pc - 36
core   0: 3 0x8000c6b0 (0xfc748ee3)
core   0: 0x8000c68c (0x76e83413) sltiu   s0, a6, 1902
core   0: 3 0x8000c68c (0x76e83413) x 8 0x00000001
core   0: 0x8000c690 (0xdc63b937) lui     s2, 0xdc63b
core   0: 3 0x8000c690 (0xdc63b937) x18 0xdc63b000
core   0: 0x8000c694 (0x008e17b3) sll     a5, t3, s0
core   0: 3 0x8000c694 (0x008e17b3) x15 0x00000000
core   0: 0x8000c698 (0x030df0b3) remu    ra, s11, a6
core   0: 3 0x8000c698 (0x030df0b3) x 1 0x80029ce4
core   0: 0x8000c69c (0x00148493) addi    s1, s1, 1
core   0: 3 0x8000c69c (0x00148493) x 9 0xfffffffc
core   0: 0x8000c6a0 (0x411b8eb3) sub     t4, s7, a7
core   0: 3 0x8000c6a0 (0x411b8eb3) x29 0x175a201f
core   0: 0x8000c6a4 (0x0d6a7c93) andi    s9, s4, 214
core   0: 3 0x8000c6a4 (0x0d6a7c93) x25 0x00000006
core   0: 0x8000c6a8 (0x003ce933) or      s2, s9, gp
core   0: 3 0x8000c6a8 (0x003ce933) x18 0x00000017
core   0: 0x8000c6ac (0x417cdf93) srai    t6, s9, 23
core   0: 3 0x8000c6ac (0x417cdf93) x31 0x00000000
core   0: 0x8000c6b0 (0xfc748ee3) beq     s1, t2, pc - 36
core   0: 3 0x8000c6b0 (0xfc748ee3)
core   0: 0x8000c6b4 (0x001d2a33) slt     s4, s10, ra
core   0: 3 0x8000c6b4 (0x001d2a33) x20 0x00000000
core   0: 0x8000c6b8 (0x00200f93) li      t6, 2
core   0: 3 0x8000c6b8 (0x00200f93) x31 0x00000002
core   0: 0x8000c6bc (0x00600113) li      sp, 6
core   0: 3 0x8000c6bc (0x00600113) x 2 0x00000006
core   0: 0x8000c6c0 (0x003c8433) add     s0, s9, gp
core   0: 3 0x8000c6c0 (0x003c8433) x 8 0x00000019
core   0: 0x8000c6c4 (0x0305c333) div     t1, a1, a6
core   0: 3 0x8000c6c4 (0x0305c333) x 6 0xffffffff
core   0: 0x8000c6c8 (0x006f8f93) addi    t6, t6, 6
core   0: 3 0x8000c6c8 (0x006f8f93) x31 0x00000008
core   0: 0x8000c6cc (0xff900593) li      a1, -7
core   0: 3 0x8000c6cc (0xff900593) x11 0xfffffff9
core   0: 0x8000c6d0 (0xff000213) li      tp, -16
core   0: 3 0x8000c6d0 (0xff000213) x 4 0xfffffff0
core   0: 0x8000c6d4 (0x22590893) addi    a7, s2, 549
core   0: 3 0x8000c6d4 (0x22590893) x17 0x0000023c
core   0: 0x8000c6d8 (0xff758593) addi    a1, a1, -9
core   0: 3 0x8000c6d8 (0xff758593) x11 0xfffffff0
core   0: 0x8000c6dc (0x01ac9933) sll     s2, s9, s10
core   0: 3 0x8000c6dc (0x01ac9933) x18 0x00000006
core   0: 0x8000c6e0 (0xfe45dae3) bge     a1, tp, pc - 12
core   0: 3 0x8000c6e0 (0xfe45dae3)
core   0: 0x8000c6d4 (0x22590893) addi    a7, s2, 549
core   0: 3 0x8000c6d4 (0x22590893) x17 0x0000022b
core   0: 0x8000c6d8 (0xff758593) addi    a1, a1, -9
core   0: 3 0x8000c6d8 (0xff758593) x11 0xffffffe7
core   0: 0x8000c6dc (0x01ac9933) sll     s2, s9, s10
core   0: 3 0x8000c6dc (0x01ac9933) x18 0x00000006
core   0: 0x8000c6e0 (0xfe45dae3) bge     a1, tp, pc - 12
core   0: 3 0x8000c6e0 (0xfe45dae3)
core   0: 0x8000c6e4 (0xfc2feee3) bltu    t6, sp, pc - 36
core   0: 3 0x8000c6e4 (0xfc2feee3)
core   0: 0x8000c6e8 (0x46dd4993) xori    s3, s10, 1133
core   0: 3 0x8000c6e8 (0x46dd4993) x19 0x0000046d
core   0: 0x8000c6ec (0x00800493) li      s1, 8
core   0: 3 0x8000c6ec (0x00800493) x 9 0x00000008
core   0: 0x8000c6f0 (0x1a860f93) addi    t6, a2, 424
core   0: 3 0x8000c6f0 (0x1a860f93) x31 0x000001a8
core   0: 0x8000c6f4 (0x00700113) li      sp, 7
core   0: 3 0x8000c6f4 (0x00700113) x 2 0x00000007
core   0: 0x8000c6f8 (0x00b9ed33) or      s10, s3, a1
core   0: 3 0x8000c6f8 (0x00b9ed33) x26 0xffffffef
core   0: 0x8000c6fc (0xffb48493) addi    s1, s1, -5
core   0: 3 0x8000c6fc (0xffb48493) x 9 0x00000003
core   0: 0x8000c700 (0xe58a7893) andi    a7, s4, -424
core   0: 3 0x8000c700 (0xe58a7893) x17 0x00000000
core   0: 0x8000c704 (0x00900693) li      a3, 9
core   0: 3 0x8000c704 (0x00900693) x13 0x00000009
core   0: 0x8000c708 (0x00900193) li      gp, 9
core   0: 3 0x8000c708 (0x00900193) x 3 0x00000009
core   0: 0x8000c70c (0xc7260e93) addi    t4, a2, -910
core   0: 3 0x8000c70c (0xc7260e93) x29 0xfffffc72
core   0: 0x8000c710 (0x02114233) div     tp, sp, ra
core   0: 3 0x8000c710 (0x02114233) x 4 0x00000000
core   0: 0x8000c714 (0xffe68693) addi    a3, a3, -2
core   0: 3 0x8000c714 (0xffe68693) x13 0x00000007
core   0: 0x8000c718 (0xfe36fce3) bgeu    a3, gp, pc - 8
core   0: 3 0x8000c718 (0xfe36fce3)
core   0: 0x8000c71c (0xfc24fee3) bgeu    s1, sp, pc - 36
core   0: 3 0x8000c71c (0xfc24fee3)
core   0: 0x8000c720 (0x01a4e833) or      a6, s1, s10
core   0: 3 0x8000c720 (0x01a4e833) x16 0xffffffef
core   0: 0x8000c724 (0x00a00413) li      s0, 10
core   0: 3 0x8000c724 (0x00a00413) x 8 0x0000000a
core   0: 0x8000c728 (0x025ffcb3) remu    s9, t6, t0
core   0: 3 0x8000c728 (0x025ffcb3) x25 0x00000000
core   0: 0x8000c72c (0x02858933) mul     s2, a1, s0
core   0: 3 0x8000c72c (0x02858933) x18 0xffffff06
core   0: 0x8000c730 (0x00291fb3) sll     t6, s2, sp
core   0: 3 0x8000c730 (0x00291fb3) x31 0xffff8300
core   0: 0x8000c734 (0x00e00213) li      tp, 14
core   0: 3 0x8000c734 (0x00e00213) x 4 0x0000000e
core   0: 0x8000c738 (0xbdac6893) ori     a7, s8, -1062
core   0: 3 0x8000c738 (0xbdac6893) x17 0xfffffbdf
core   0: 0x8000c73c (0x00177313) andi    t1, a4, 1
core   0: 3 0x8000c73c (0x00177313) x 6 0x00000000
core   0: 0x8000c740 (0x00088333) add     t1, a7, zero
core   0: 3 0x8000c740 (0x00088333) x 6 0xfffffbdf
core   0: 0x8000c744 (0x00d99593) slli    a1, s3, 13
core   0: 3 0x8000c744 (0x00d99593) x11 0x008da000
core   0: 0x8000c748 (0x02d40f33) mul     t5, s0, a3
core   0: 3 0x8000c748 (0x02d40f33) x30 0x00000046
core   0: 0x8000c74c (0x40ef0293) addi    t0, t5, 1038
core   0: 3 0x8000c74c (0x40ef0293) x 5 0x00000454
core   0: 0x8000c750 (0x00f0ccb3) xor     s9, ra, a5
core   0: 3 0x8000c750 (0x00f0ccb3) x25 0x80029ce4
core   0: 0x8000c754 (0x11e86613) ori     a2, a6, 286
core   0: 3 0x8000c754 (0x11e86613) x12 0xffffffff
core   0: 0x8000c758 (0x016c35b3) sltu    a1, s8, s6
core   0: 3 0x8000c758 (0x016c35b3) x11 0x00000000
core   0: 0x8000c75c (0x00140413) addi    s0, s0, 1
core   0: 3 0x8000c75c (0x00140413) x 8 0x0000000b
core   0: 0x8000c760 (0x03202333) mulhsu  t1, zero, s2
core   0: 3 0x8000c760 (0x03202333) x 6 0x00000000
core   0: 0x8000c764 (0x25e36017) auipc   zero, 0x25e36
core   0: 3 0x8000c764 (0x25e36017)
core   0: 0x8000c768 (0x006b54b3) srl     s1, s6, t1
core   0: 3 0x8000c768 (0x006b54b3) x 9 0x80025e28
core   0: 0x8000c76c (0x03041933) mulh    s2, s0, a6
core   0: 3 0x8000c76c (0x03041933) x18 0xffffffff
core   0: 0x8000c770 (0xff600513) li      a0, -10
core   0: 3 0x8000c770 (0xff600513) x10 0xfffffff6
core   0: 0x8000c774 (0x00800393) li      t2, 8
core   0: 3 0x8000c774 (0x00800393) x 7 0x00000008
core   0: 0x8000c778 (0x91003ab7) lui     s5, 0x91003
core   0: 3 0x8000c778 (0x91003ab7) x21 0x91003000
core   0: 0x8000c77c (0x016bd833) srl     a6, s7, s6
core   0: 3 0x8000c77c (0x016bd833) x16 0x00000000
core   0: 0x8000c780 (0x022c3333) mulhu   t1, s8, sp
core   0: 3 0x8000c780 (0x022c3333) x 6 0x00000006
core   0: 0x8000c784 (0x6858b9b7) lui     s3, 0x6858b
core   0: 3 0x8000c784 (0x6858b9b7) x19 0x6858b000
core   0: 0x8000c788 (0x00250513) addi    a0, a0, 2
core   0: 3 0x8000c788 (0x00250513) x10 0xfffffff8
core   0: 0x8000c78c (0x41dd5093) srai    ra, s10, 29
core   0: 3 0x8000c78c (0x41dd5093) x 1 0xffffffff
core   0: 0x8000c790 (0x020e37b3) mulhu   a5, t3, zero
core   0: 3 0x8000c790 (0x020e37b3) x15 0x00000000
core   0: 0x8000c794 (0x42a4a193) slti    gp, s1, 1066
core   0: 3 0x8000c794 (0x42a4a193) x 3 0x00000001
core   0: 0x8000c798 (0xfe7560e3) bltu    a0, t2, pc - 32
core   0: 3 0x8000c798 (0xfe7560e3)
core   0: 0x8000c79c (0x410789b3) sub     s3, a5, a6
core   0: 3 0x8000c79c (0x410789b3) x19 0x00000000
core   0: 0x8000c7a0 (0x01ce41b3) xor     gp, t3, t3
core   0: 3 0x8000c7a0 (0x01ce41b3) x 3 0x00000000
core   0: 0x8000c7a4 (0x41a10633) sub     a2, sp, s10
core   0: 3 0x8000c7a4 (0x41a10633) x12 0x00000018
core   0: 0x8000c7a8 (0xfa4464e3) bltu    s0, tp, pc - 88
core   0: 3 0x8000c7a8 (0xfa4464e3)
core   0: 0x8000c750 (0x00f0ccb3) xor     s9, ra, a5
core   0: 3 0x8000c750 (0x00f0ccb3) x25 0xffffffff
core   0: 0x8000c754 (0x11e86613) ori     a2, a6, 286
core   0: 3 0x8000c754 (0x11e86613) x12 0x0000011e
core   0: 0x8000c758 (0x016c35b3) sltu    a1, s8, s6
core   0: 3 0x8000c758 (0x016c35b3) x11 0x00000000
core   0: 0x8000c75c (0x00140413) addi    s0, s0, 1
core   0: 3 0x8000c75c (0x00140413) x 8 0x0000000c
core   0: 0x8000c760 (0x03202333) mulhsu  t1, zero, s2
core   0: 3 0x8000c760 (0x03202333) x 6 0x00000000
core   0: 0x8000c764 (0x25e36017) auipc   zero, 0x25e36
core   0: 3 0x8000c764 (0x25e36017)
core   0: 0x8000c768 (0x006b54b3) srl     s1, s6, t1
core   0: 3 0x8000c768 (0x006b54b3) x 9 0x80025e28
core   0: 0x8000c76c (0x03041933) mulh    s2, s0, a6
core   0: 3 0x8000c76c (0x03041933) x18 0x00000000
core   0: 0x8000c770 (0xff600513) li      a0, -10
core   0: 3 0x8000c770 (0xff600513) x10 0xfffffff6
core   0: 0x8000c774 (0x00800393) li      t2, 8
core   0: 3 0x8000c774 (0x00800393) x 7 0x00000008
core   0: 0x8000c778 (0x91003ab7) lui     s5, 0x91003
core   0: 3 0x8000c778 (0x91003ab7) x21 0x91003000
core   0: 0x8000c77c (0x016bd833) srl     a6, s7, s6
core   0: 3 0x8000c77c (0x016bd833) x16 0x00000000
core   0: 0x8000c780 (0x022c3333) mulhu   t1, s8, sp
core   0: 3 0x8000c780 (0x022c3333) x 6 0x00000006
core   0: 0x8000c784 (0x6858b9b7) lui     s3, 0x6858b
core   0: 3 0x8000c784 (0x6858b9b7) x19 0x6858b000
core   0: 0x8000c788 (0x00250513) addi    a0, a0, 2
core   0: 3 0x8000c788 (0x00250513) x10 0xfffffff8
core   0: 0x8000c78c (0x41dd5093) srai    ra, s10, 29
core   0: 3 0x8000c78c (0x41dd5093) x 1 0xffffffff
core   0: 0x8000c790 (0x020e37b3) mulhu   a5, t3, zero
core   0: 3 0x8000c790 (0x020e37b3) x15 0x00000000
core   0: 0x8000c794 (0x42a4a193) slti    gp, s1, 1066
core   0: 3 0x8000c794 (0x42a4a193) x 3 0x00000001
core   0: 0x8000c798 (0xfe7560e3) bltu    a0, t2, pc - 32
core   0: 3 0x8000c798 (0xfe7560e3)
core   0: 0x8000c79c (0x410789b3) sub     s3, a5, a6
core   0: 3 0x8000c79c (0x410789b3) x19 0x00000000
core   0: 0x8000c7a0 (0x01ce41b3) xor     gp, t3, t3
core   0: 3 0x8000c7a0 (0x01ce41b3) x 3 0x00000000
core   0: 0x8000c7a4 (0x41a10633) sub     a2, sp, s10
core   0: 3 0x8000c7a4 (0x41a10633) x12 0x00000018
core   0: 0x8000c7a8 (0xfa4464e3) bltu    s0, tp, pc - 88
core   0: 3 0x8000c7a8 (0xfa4464e3)
core   0: 0x8000c750 (0x00f0ccb3) xor     s9, ra, a5
core   0: 3 0x8000c750 (0x00f0ccb3) x25 0xffffffff
core   0: 0x8000c754 (0x11e86613) ori     a2, a6, 286
core   0: 3 0x8000c754 (0x11e86613) x12 0x0000011e
core   0: 0x8000c758 (0x016c35b3) sltu    a1, s8, s6
core   0: 3 0x8000c758 (0x016c35b3) x11 0x00000000
core   0: 0x8000c75c (0x00140413) addi    s0, s0, 1
core   0: 3 0x8000c75c (0x00140413) x 8 0x0000000d
core   0: 0x8000c760 (0x03202333) mulhsu  t1, zero, s2
core   0: 3 0x8000c760 (0x03202333) x 6 0x00000000
core   0: 0x8000c764 (0x25e36017) auipc   zero, 0x25e36
core   0: 3 0x8000c764 (0x25e36017)
core   0: 0x8000c768 (0x006b54b3) srl     s1, s6, t1
core   0: 3 0x8000c768 (0x006b54b3) x 9 0x80025e28
core   0: 0x8000c76c (0x03041933) mulh    s2, s0, a6
core   0: 3 0x8000c76c (0x03041933) x18 0x00000000
core   0: 0x8000c770 (0xff600513) li      a0, -10
core   0: 3 0x8000c770 (0xff600513) x10 0xfffffff6
core   0: 0x8000c774 (0x00800393) li      t2, 8
core   0: 3 0x8000c774 (0x00800393) x 7 0x00000008
core   0: 0x8000c778 (0x91003ab7) lui     s5, 0x91003
core   0: 3 0x8000c778 (0x91003ab7) x21 0x91003000
core   0: 0x8000c77c (0x016bd833) srl     a6, s7, s6
core   0: 3 0x8000c77c (0x016bd833) x16 0x00000000
core   0: 0x8000c780 (0x022c3333) mulhu   t1, s8, sp
core   0: 3 0x8000c780 (0x022c3333) x 6 0x00000006
core   0: 0x8000c784 (0x6858b9b7) lui     s3, 0x6858b
core   0: 3 0x8000c784 (0x6858b9b7) x19 0x6858b000
core   0: 0x8000c788 (0x00250513) addi    a0, a0, 2
core   0: 3 0x8000c788 (0x00250513) x10 0xfffffff8
core   0: 0x8000c78c (0x41dd5093) srai    ra, s10, 29
core   0: 3 0x8000c78c (0x41dd5093) x 1 0xffffffff
core   0: 0x8000c790 (0x020e37b3) mulhu   a5, t3, zero
core   0: 3 0x8000c790 (0x020e37b3) x15 0x00000000
core   0: 0x8000c794 (0x42a4a193) slti    gp, s1, 1066
core   0: 3 0x8000c794 (0x42a4a193) x 3 0x00000001
core   0: 0x8000c798 (0xfe7560e3) bltu    a0, t2, pc - 32
core   0: 3 0x8000c798 (0xfe7560e3)
core   0: 0x8000c79c (0x410789b3) sub     s3, a5, a6
core   0: 3 0x8000c79c (0x410789b3) x19 0x00000000
core   0: 0x8000c7a0 (0x01ce41b3) xor     gp, t3, t3
core   0: 3 0x8000c7a0 (0x01ce41b3) x 3 0x00000000
core   0: 0x8000c7a4 (0x41a10633) sub     a2, sp, s10
core   0: 3 0x8000c7a4 (0x41a10633) x12 0x00000018
core   0: 0x8000c7a8 (0xfa4464e3) bltu    s0, tp, pc - 88
core   0: 3 0x8000c7a8 (0xfa4464e3)
core   0: 0x8000c750 (0x00f0ccb3) xor     s9, ra, a5
core   0: 3 0x8000c750 (0x00f0ccb3) x25 0xffffffff
core   0: 0x8000c754 (0x11e86613) ori     a2, a6, 286
core   0: 3 0x8000c754 (0x11e86613) x12 0x0000011e
core   0: 0x8000c758 (0x016c35b3) sltu    a1, s8, s6
core   0: 3 0x8000c758 (0x016c35b3) x11 0x00000000
core   0: 0x8000c75c (0x00140413) addi    s0, s0, 1
core   0: 3 0x8000c75c (0x00140413) x 8 0x0000000e
core   0: 0x8000c760 (0x03202333) mulhsu  t1, zero, s2
core   0: 3 0x8000c760 (0x03202333) x 6 0x00000000
core   0: 0x8000c764 (0x25e36017) auipc   zero, 0x25e36
core   0: 3 0x8000c764 (0x25e36017)
core   0: 0x8000c768 (0x006b54b3) srl     s1, s6, t1
core   0: 3 0x8000c768 (0x006b54b3) x 9 0x80025e28
core   0: 0x8000c76c (0x03041933) mulh    s2, s0, a6
core   0: 3 0x8000c76c (0x03041933) x18 0x00000000
core   0: 0x8000c770 (0xff600513) li      a0, -10
core   0: 3 0x8000c770 (0xff600513) x10 0xfffffff6
core   0: 0x8000c774 (0x00800393) li      t2, 8
core   0: 3 0x8000c774 (0x00800393) x 7 0x00000008
core   0: 0x8000c778 (0x91003ab7) lui     s5, 0x91003
core   0: 3 0x8000c778 (0x91003ab7) x21 0x91003000
core   0: 0x8000c77c (0x016bd833) srl     a6, s7, s6
core   0: 3 0x8000c77c (0x016bd833) x16 0x00000000
core   0: 0x8000c780 (0x022c3333) mulhu   t1, s8, sp
core   0: 3 0x8000c780 (0x022c3333) x 6 0x00000006
core   0: 0x8000c784 (0x6858b9b7) lui     s3, 0x6858b
core   0: 3 0x8000c784 (0x6858b9b7) x19 0x6858b000
core   0: 0x8000c788 (0x00250513) addi    a0, a0, 2
core   0: 3 0x8000c788 (0x00250513) x10 0xfffffff8
core   0: 0x8000c78c (0x41dd5093) srai    ra, s10, 29
core   0: 3 0x8000c78c (0x41dd5093) x 1 0xffffffff
core   0: 0x8000c790 (0x020e37b3) mulhu   a5, t3, zero
core   0: 3 0x8000c790 (0x020e37b3) x15 0x00000000
core   0: 0x8000c794 (0x42a4a193) slti    gp, s1, 1066
core   0: 3 0x8000c794 (0x42a4a193) x 3 0x00000001
core   0: 0x8000c798 (0xfe7560e3) bltu    a0, t2, pc - 32
core   0: 3 0x8000c798 (0xfe7560e3)
core   0: 0x8000c79c (0x410789b3) sub     s3, a5, a6
core   0: 3 0x8000c79c (0x410789b3) x19 0x00000000
core   0: 0x8000c7a0 (0x01ce41b3) xor     gp, t3, t3
core   0: 3 0x8000c7a0 (0x01ce41b3) x 3 0x00000000
core   0: 0x8000c7a4 (0x41a10633) sub     a2, sp, s10
core   0: 3 0x8000c7a4 (0x41a10633) x12 0x00000018
core   0: 0x8000c7a8 (0xfa4464e3) bltu    s0, tp, pc - 88
core   0: 3 0x8000c7a8 (0xfa4464e3)
core   0: 0x8000c7ac (0x03bbfc33) remu    s8, s7, s11
core   0: 3 0x8000c7ac (0x03bbfc33) x24 0x0000001f
core   0: 0x8000c7b0 (0x00300513) li      a0, 3
core   0: 3 0x8000c7b0 (0x00300513) x10 0x00000003
core   0: 0x8000c7b4 (0x021b3833) mulhu   a6, s6, ra
core   0: 3 0x8000c7b4 (0x021b3833) x16 0x80025e27
core   0: 0x8000c7b8 (0x026b4bb3) div     s7, s6, t1
core   0: 3 0x8000c7b8 (0x026b4bb3) x23 0xeaab0fb2
core   0: 0x8000c7bc (0x018a8f33) add     t5, s5, s8
core   0: 3 0x8000c7bc (0x018a8f33) x30 0x9100301f
core   0: 0x8000c7c0 (0x006151b3) srl     gp, sp, t1
core   0: 3 0x8000c7c0 (0x006151b3) x 3 0x00000000
core   0: 0x8000c7c4 (0x36740c13) addi    s8, s0, 871
core   0: 3 0x8000c7c4 (0x36740c13) x24 0x00000375
core   0: 0x8000c7c8 (0x01300f93) li      t6, 19
core   0: 3 0x8000c7c8 (0x01300f93) x31 0x00000013
core   0: 0x8000c7cc (0x404fdc13) srai    s8, t6, 4
core   0: 3 0x8000c7cc (0x404fdc13) x24 0x00000001
core   0: 0x8000c7d0 (0x0017e233) or      tp, a5, ra
core   0: 3 0x8000c7d0 (0x0017e233) x 4 0xffffffff
core   0: 0x8000c7d4 (0x00850513) addi    a0, a0, 8
core   0: 3 0x8000c7d4 (0x00850513) x10 0x0000000b
core   0: 0x8000c7d8 (0x01a85d13) srli    s10, a6, 26
core   0: 3 0x8000c7d8 (0x01a85d13) x26 0x00000020
core   0: 0x8000c7dc (0x03d211b3) mulh    gp, tp, t4
core   0: 3 0x8000c7dc (0x03d211b3) x 3 0x00000000
core   0: 0x8000c7e0 (0xfff518e3) bne     a0, t6, pc - 16
core   0: 3 0x8000c7e0 (0xfff518e3)
core   0: 0x8000c7d0 (0x0017e233) or      tp, a5, ra
core   0: 3 0x8000c7d0 (0x0017e233) x 4 0xffffffff
core   0: 0x8000c7d4 (0x00850513) addi    a0, a0, 8
core   0: 3 0x8000c7d4 (0x00850513) x10 0x00000013
core   0: 0x8000c7d8 (0x01a85d13) srli    s10, a6, 26
core   0: 3 0x8000c7d8 (0x01a85d13) x26 0x00000020
core   0: 0x8000c7dc (0x03d211b3) mulh    gp, tp, t4
core   0: 3 0x8000c7dc (0x03d211b3) x 3 0x00000000
core   0: 0x8000c7e0 (0xfff518e3) bne     a0, t6, pc - 16
core   0: 3 0x8000c7e0 (0xfff518e3)
core   0: 0x8000c7e4 (0x1794c393) xori    t2, s1, 377
core   0: 3 0x8000c7e4 (0x1794c393) x 7 0x80025f51
core   0: 0x8000c7e8 (0x00a00513) li      a0, 10
core   0: 3 0x8000c7e8 (0x00a00513) x10 0x0000000a
core   0: 0x8000c7ec (0x03a7b133) mulhu   sp, a5, s10
core   0: 3 0x8000c7ec (0x03a7b133) x 2 0x00000000
core   0: 0x8000c7f0 (0x00a00813) li      a6, 10
core   0: 3 0x8000c7f0 (0x00a00813) x16 0x0000000a
core   0: 0x8000c7f4 (0x00000013) nop
core   0: 3 0x8000c7f4 (0x00000013)
core   0: 0x8000c7f8 (0x01f66a33) or      s4, a2, t6
core   0: 3 0x8000c7f8 (0x01f66a33) x20 0x0000001b
core   0: 0x8000c7fc (0x00eedf33) srl     t5, t4, a4
core   0: 3 0x8000c7fc (0x00eedf33) x30 0x03fffff1
core   0: 0x8000c800 (0xff750513) addi    a0, a0, -9
core   0: 3 0x8000c800 (0xff750513) x10 0x00000001
core   0: 0x8000c804 (0x00100313) li      t1, 1
core   0: 3 0x8000c804 (0x00100313) x 6 0x00000001
core   0: 0x8000c808 (0x4ae83993) sltiu   s3, a6, 1198
core   0: 3 0x8000c808 (0x4ae83993) x19 0x00000001
core   0: 0x8000c80c (0x033201b3) mul     gp, tp, s3
core   0: 3 0x8000c80c (0x033201b3) x 3 0xffffffff
core   0: 0x8000c810 (0xa6787113) andi    sp, a6, -1433
core   0: 3 0x8000c810 (0xa6787113) x 2 0x00000002
core   0: 0x8000c814 (0xa6222e13) slti    t3, tp, -1438
core   0: 3 0x8000c814 (0xa6222e13) x28 0x00000000
core   0: 0x8000c818 (0x01000393) li      t2, 16
core   0: 3 0x8000c818 (0x01000393) x 7 0x00000010
core   0: 0x8000c81c (0xed1b2f93) slti    t6, s6, -303
core   0: 3 0x8000c81c (0xed1b2f93) x31 0x00000001
core   0: 0x8000c820 (0x02add233) divu    tp, s11, a0
core   0: 3 0x8000c820 (0x02add233) x 4 0x80029ce4
core   0: 0x8000c824 (0x027cd2b3) divu    t0, s9, t2
core   0: 3 0x8000c824 (0x027cd2b3) x 5 0x0fffffff
core   0: 0x8000c828 (0x01ca8a33) add     s4, s5, t3
core   0: 3 0x8000c828 (0x01ca8a33) x20 0x91003000
core   0: 0x8000c82c (0x00230313) addi    t1, t1, 2
core   0: 3 0x8000c82c (0x00230313) x 6 0x00000003
core   0: 0x8000c830 (0x034cea33) rem     s4, s9, s4
core   0: 3 0x8000c830 (0x034cea33) x20 0xffffffff
core   0: 0x8000c834 (0x41b10e33) sub     t3, sp, s11
core   0: 3 0x8000c834 (0x41b10e33) x28 0x7ffd631e
core   0: 0x8000c838 (0x011988b3) add     a7, s3, a7
core   0: 3 0x8000c838 (0x011988b3) x17 0xfffffbe0
core   0: 0x8000c83c (0x01873fb3) sltu    t6, a4, s8
core   0: 3 0x8000c83c (0x01873fb3) x31 0x00000000
core   0: 0x8000c840 (0x01685a33) srl     s4, a6, s6
core   0: 3 0x8000c840 (0x01685a33) x20 0x00000000
core   0: 0x8000c844 (0xfc734ee3) blt     t1, t2, pc - 36
core   0: 3 0x8000c844 (0xfc734ee3)
core   0: 0x8000c820 (0x02add233) divu    tp, s11, a0
core   0: 3 0x8000c820 (0x02add233) x 4 0x80029ce4
core   0: 0x8000c824 (0x027cd2b3) divu    t0, s9, t2
core   0: 3 0x8000c824 (0x027cd2b3) x 5 0x0fffffff
core   0: 0x8000c828 (0x01ca8a33) add     s4, s5, t3
core   0: 3 0x8000c828 (0x01ca8a33) x20 0x10fd931e
core   0: 0x8000c82c (0x00230313) addi    t1, t1, 2
core   0: 3 0x8000c82c (0x00230313) x 6 0x00000005
core   0: 0x8000c830 (0x034cea33) rem     s4, s9, s4
core   0: 3 0x8000c830 (0x034cea33) x20 0xffffffff
core   0: 0x8000c834 (0x41b10e33) sub     t3, sp, s11
core   0: 3 0x8000c834 (0x41b10e33) x28 0x7ffd631e
core   0: 0x8000c838 (0x011988b3) add     a7, s3, a7
core   0: 3 0x8000c838 (0x011988b3) x17 0xfffffbe1
core   0: 0x8000c83c (0x01873fb3) sltu    t6, a4, s8
core   0: 3 0x8000c83c (0x01873fb3) x31 0x00000000
core   0: 0x8000c840 (0x01685a33) srl     s4, a6, s6
core   0: 3 0x8000c840 (0x01685a33) x20 0x00000000
core   0: 0x8000c844 (0xfc734ee3) blt     t1, t2, pc - 36
core   0: 3 0x8000c844 (0xfc734ee3)
core   0: 0x8000c820 (0x02add233) divu    tp, s11, a0
core   0: 3 0x8000c820 (0x02add233) x 4 0x80029ce4
core   0: 0x8000c824 (0x027cd2b3) divu    t0, s9, t2
core   0: 3 0x8000c824 (0x027cd2b3) x 5 0x0fffffff
core   0: 0x8000c828 (0x01ca8a33) add     s4, s5, t3
core   0: 3 0x8000c828 (0x01ca8a33) x20 0x10fd931e
core   0: 0x8000c82c (0x00230313) addi    t1, t1, 2
core   0: 3 0x8000c82c (0x00230313) x 6 0x00000007
core   0: 0x8000c830 (0x034cea33) rem     s4, s9, s4
core   0: 3 0x8000c830 (0x034cea33) x20 0xffffffff
core   0: 0x8000c834 (0x41b10e33) sub     t3, sp, s11
core   0: 3 0x8000c834 (0x41b10e33) x28 0x7ffd631e
core   0: 0x8000c838 (0x011988b3) add     a7, s3, a7
core   0: 3 0x8000c838 (0x011988b3) x17 0xfffffbe2
core   0: 0x8000c83c (0x01873fb3) sltu    t6, a4, s8
core   0: 3 0x8000c83c (0x01873fb3) x31 0x00000000
core   0: 0x8000c840 (0x01685a33) srl     s4, a6, s6
core   0: 3 0x8000c840 (0x01685a33) x20 0x00000000
core   0: 0x8000c844 (0xfc734ee3) blt     t1, t2, pc - 36
core   0: 3 0x8000c844 (0xfc734ee3)
core   0: 0x8000c820 (0x02add233) divu    tp, s11, a0
core   0: 3 0x8000c820 (0x02add233) x 4 0x80029ce4
core   0: 0x8000c824 (0x027cd2b3) divu    t0, s9, t2
core   0: 3 0x8000c824 (0x027cd2b3) x 5 0x0fffffff
core   0: 0x8000c828 (0x01ca8a33) add     s4, s5, t3
core   0: 3 0x8000c828 (0x01ca8a33) x20 0x10fd931e
core   0: 0x8000c82c (0x00230313) addi    t1, t1, 2
core   0: 3 0x8000c82c (0x00230313) x 6 0x00000009
core   0: 0x8000c830 (0x034cea33) rem     s4, s9, s4
core   0: 3 0x8000c830 (0x034cea33) x20 0xffffffff
core   0: 0x8000c834 (0x41b10e33) sub     t3, sp, s11
core   0: 3 0x8000c834 (0x41b10e33) x28 0x7ffd631e
core   0: 0x8000c838 (0x011988b3) add     a7, s3, a7
core   0: 3 0x8000c838 (0x011988b3) x17 0xfffffbe3
core   0: 0x8000c83c (0x01873fb3) sltu    t6, a4, s8
core   0: 3 0x8000c83c (0x01873fb3) x31 0x00000000
core   0: 0x8000c840 (0x01685a33) srl     s4, a6, s6
core   0: 3 0x8000c840 (0x01685a33) x20 0x00000000
core   0: 0x8000c844 (0xfc734ee3) blt     t1, t2, pc - 36
core   0: 3 0x8000c844 (0xfc734ee3)
core   0: 0x8000c820 (0x02add233) divu    tp, s11, a0
core   0: 3 0x8000c820 (0x02add233) x 4 0x80029ce4
core   0: 0x8000c824 (0x027cd2b3) divu    t0, s9, t2
core   0: 3 0x8000c824 (0x027cd2b3) x 5 0x0fffffff
core   0: 0x8000c828 (0x01ca8a33) add     s4, s5, t3
core   0: 3 0x8000c828 (0x01ca8a33) x20 0x10fd931e
core   0: 0x8000c82c (0x00230313) addi    t1, t1, 2
core   0: 3 0x8000c82c (0x00230313) x 6 0x0000000b
core   0: 0x8000c830 (0x034cea33) rem     s4, s9, s4
core   0: 3 0x8000c830 (0x034cea33) x20 0xffffffff
core   0: 0x8000c834 (0x41b10e33) sub     t3, sp, s11
core   0: 3 0x8000c834 (0x41b10e33) x28 0x7ffd631e
core   0: 0x8000c838 (0x011988b3) add     a7, s3, a7
core   0: 3 0x8000c838 (0x011988b3) x17 0xfffffbe4
core   0: 0x8000c83c (0x01873fb3) sltu    t6, a4, s8
core   0: 3 0x8000c83c (0x01873fb3) x31 0x00000000
core   0: 0x8000c840 (0x01685a33) srl     s4, a6, s6
core   0: 3 0x8000c840 (0x01685a33) x20 0x00000000
core   0: 0x8000c844 (0xfc734ee3) blt     t1, t2, pc - 36
core   0: 3 0x8000c844 (0xfc734ee3)
core   0: 0x8000c820 (0x02add233) divu    tp, s11, a0
core   0: 3 0x8000c820 (0x02add233) x 4 0x80029ce4
core   0: 0x8000c824 (0x027cd2b3) divu    t0, s9, t2
core   0: 3 0x8000c824 (0x027cd2b3) x 5 0x0fffffff
core   0: 0x8000c828 (0x01ca8a33) add     s4, s5, t3
core   0: 3 0x8000c828 (0x01ca8a33) x20 0x10fd931e
core   0: 0x8000c82c (0x00230313) addi    t1, t1, 2
core   0: 3 0x8000c82c (0x00230313) x 6 0x0000000d
core   0: 0x8000c830 (0x034cea33) rem     s4, s9, s4
core   0: 3 0x8000c830 (0x034cea33) x20 0xffffffff
core   0: 0x8000c834 (0x41b10e33) sub     t3, sp, s11
core   0: 3 0x8000c834 (0x41b10e33) x28 0x7ffd631e
core   0: 0x8000c838 (0x011988b3) add     a7, s3, a7
core   0: 3 0x8000c838 (0x011988b3) x17 0xfffffbe5
core   0: 0x8000c83c (0x01873fb3) sltu    t6, a4, s8
core   0: 3 0x8000c83c (0x01873fb3) x31 0x00000000
core   0: 0x8000c840 (0x01685a33) srl     s4, a6, s6
core   0: 3 0x8000c840 (0x01685a33) x20 0x00000000
core   0: 0x8000c844 (0xfc734ee3) blt     t1, t2, pc - 36
core   0: 3 0x8000c844 (0xfc734ee3)
core   0: 0x8000c820 (0x02add233) divu    tp, s11, a0
core   0: 3 0x8000c820 (0x02add233) x 4 0x80029ce4
core   0: 0x8000c824 (0x027cd2b3) divu    t0, s9, t2
core   0: 3 0x8000c824 (0x027cd2b3) x 5 0x0fffffff
core   0: 0x8000c828 (0x01ca8a33) add     s4, s5, t3
core   0: 3 0x8000c828 (0x01ca8a33) x20 0x10fd931e
core   0: 0x8000c82c (0x00230313) addi    t1, t1, 2
core   0: 3 0x8000c82c (0x00230313) x 6 0x0000000f
core   0: 0x8000c830 (0x034cea33) rem     s4, s9, s4
core   0: 3 0x8000c830 (0x034cea33) x20 0xffffffff
core   0: 0x8000c834 (0x41b10e33) sub     t3, sp, s11
core   0: 3 0x8000c834 (0x41b10e33) x28 0x7ffd631e
core   0: 0x8000c838 (0x011988b3) add     a7, s3, a7
core   0: 3 0x8000c838 (0x011988b3) x17 0xfffffbe6
core   0: 0x8000c83c (0x01873fb3) sltu    t6, a4, s8
core   0: 3 0x8000c83c (0x01873fb3) x31 0x00000000
core   0: 0x8000c840 (0x01685a33) srl     s4, a6, s6
core   0: 3 0x8000c840 (0x01685a33) x20 0x00000000
core   0: 0x8000c844 (0xfc734ee3) blt     t1, t2, pc - 36
core   0: 3 0x8000c844 (0xfc734ee3)
core   0: 0x8000c820 (0x02add233) divu    tp, s11, a0
core   0: 3 0x8000c820 (0x02add233) x 4 0x80029ce4
core   0: 0x8000c824 (0x027cd2b3) divu    t0, s9, t2
core   0: 3 0x8000c824 (0x027cd2b3) x 5 0x0fffffff
core   0: 0x8000c828 (0x01ca8a33) add     s4, s5, t3
core   0: 3 0x8000c828 (0x01ca8a33) x20 0x10fd931e
core   0: 0x8000c82c (0x00230313) addi    t1, t1, 2
core   0: 3 0x8000c82c (0x00230313) x 6 0x00000011
core   0: 0x8000c830 (0x034cea33) rem     s4, s9, s4
core   0: 3 0x8000c830 (0x034cea33) x20 0xffffffff
core   0: 0x8000c834 (0x41b10e33) sub     t3, sp, s11
core   0: 3 0x8000c834 (0x41b10e33) x28 0x7ffd631e
core   0: 0x8000c838 (0x011988b3) add     a7, s3, a7
core   0: 3 0x8000c838 (0x011988b3) x17 0xfffffbe7
core   0: 0x8000c83c (0x01873fb3) sltu    t6, a4, s8
core   0: 3 0x8000c83c (0x01873fb3) x31 0x00000000
core   0: 0x8000c840 (0x01685a33) srl     s4, a6, s6
core   0: 3 0x8000c840 (0x01685a33) x20 0x00000000
core   0: 0x8000c844 (0xfc734ee3) blt     t1, t2, pc - 36
core   0: 3 0x8000c844 (0xfc734ee3)
core   0: 0x8000c848 (0x0180e2b3) or      t0, ra, s8
core   0: 3 0x8000c848 (0x0180e2b3) x 5 0xffffffff
core   0: 0x8000c84c (0x03eb0d33) mul     s10, s6, t5
core   0: 3 0x8000c84c (0x03eb0d33) x26 0x1fdc7ba8
core   0: 0x8000c850 (0xfb0574e3) bgeu    a0, a6, pc - 88
core   0: 3 0x8000c850 (0xfb0574e3)
core   0: 0x8000c854 (0x01f3d2b3) srl     t0, t2, t6
core   0: 3 0x8000c854 (0x01f3d2b3) x 5 0x00000010
core   0: 0x8000c858 (0x00800e13) li      t3, 8
core   0: 3 0x8000c858 (0x00800e13) x28 0x00000008
core   0: 0x8000c85c (0x03ef94b3) mulh    s1, t6, t5
core   0: 3 0x8000c85c (0x03ef94b3) x 9 0x00000000
core   0: 0x8000c860 (0x01da1a93) slli    s5, s4, 29
core   0: 3 0x8000c860 (0x01da1a93) x21 0x00000000
core   0: 0x8000c864 (0x0481b093) sltiu   ra, gp, 72
core   0: 3 0x8000c864 (0x0481b093) x 1 0x00000000
core   0: 0x8000c868 (0x03830033) mul     zero, t1, s8
core   0: 3 0x8000c868 (0x03830033)
core   0: 0x8000c86c (0x00600893) li      a7, 6
core   0: 3 0x8000c86c (0x00600893) x17 0x00000006
core   0: 0x8000c870 (0x03d94cb3) div     s9, s2, t4
core   0: 3 0x8000c870 (0x03d94cb3) x25 0x00000000
core   0: 0x8000c874 (0xaf541917) auipc   s2, 0xaf541
core   0: 3 0x8000c874 (0xaf541917) x18 0x2f54d874
core   0: 0x8000c878 (0x0028ffb3) and     t6, a7, sp
core   0: 3 0x8000c878 (0x0028ffb3) x31 0x00000002
core   0: 0x8000c87c (0x00cafc33) and     s8, s5, a2
core   0: 3 0x8000c87c (0x00cafc33) x24 0x00000000
core   0: 0x8000c880 (0xf3b84093) xori    ra, a6, -197
core   0: 3 0x8000c880 (0xf3b84093) x 1 0xffffff31
core   0: 0x8000c884 (0x03f9a0b3) mulhsu  ra, s3, t6
core   0: 3 0x8000c884 (0x03f9a0b3) x 1 0x00000000
core   0: 0x8000c888 (0x3097a117) auipc   sp, 0x3097a
core   0: 3 0x8000c888 (0x3097a117) x 2 0xb0986888
core   0: 0x8000c88c (0x41c38cb3) sub     s9, t2, t3
core   0: 3 0x8000c88c (0x41c38cb3) x25 0x00000008
core   0: 0x8000c890 (0xffbe0e13) addi    t3, t3, -5
core   0: 3 0x8000c890 (0xffbe0e13) x28 0x00000003
core   0: 0x8000c894 (0x02093f33) mulhu   t5, s2, zero
core   0: 3 0x8000c894 (0x02093f33) x30 0x00000000
core   0: 0x8000c898 (0x4011d5b3) sra     a1, gp, ra
core   0: 3 0x8000c898 (0x4011d5b3) x11 0xffffffff
core   0: 0x8000c89c (0x40aed2b3) sra     t0, t4, a0
core   0: 3 0x8000c89c (0x40aed2b3) x 5 0xfffffe39
core   0: 0x8000c8a0 (0x0316cd33) div     s10, a3, a7
core   0: 3 0x8000c8a0 (0x0316cd33) x26 0x00000001
core   0: 0x8000c8a4 (0xfd1e7ee3) bgeu    t3, a7, pc - 36
core   0: 3 0x8000c8a4 (0xfd1e7ee3)
core   0: 0x8000c8a8 (0x02cf94b3) mulh    s1, t6, a2
core   0: 3 0x8000c8a8 (0x02cf94b3) x 9 0x00000000
core   0: 0x8000c8ac (0xffd00213) li      tp, -3
core   0: 3 0x8000c8ac (0xffd00213) x 4 0xfffffffd
core   0: 0x8000c8b0 (0x00b10133) add     sp, sp, a1
core   0: 3 0x8000c8b0 (0x00b10133) x 2 0xb0986887
core   0: 0x8000c8b4 (0xb5bbef93) ori     t6, s7, -1189
core   0: 3 0x8000c8b4 (0xb5bbef93) x31 0xfffffffb
core   0: 0x8000c8b8 (0xffc00b93) li      s7, -4
core   0: 3 0x8000c8b8 (0xffc00b93) x23 0xfffffffc
core   0: 0x8000c8bc (0xa674a393) slti    t2, s1, -1433
core   0: 3 0x8000c8bc (0xa674a393) x 7 0x00000000
core   0: 0x8000c8c0 (0x00000013) nop
core   0: 3 0x8000c8c0 (0x00000013)
core   0: 0x8000c8c4 (0xff820213) addi    tp, tp, -8
core   0: 3 0x8000c8c4 (0xff820213) x 4 0xfffffff5
core   0: 0x8000c8c8 (0x01debe33) sltu    t3, t4, t4
core   0: 3 0x8000c8c8 (0x01debe33) x28 0x00000000
core   0: 0x8000c8cc (0x4123dc93) srai    s9, t2, 18
core   0: 3 0x8000c8cc (0x4123dc93) x25 0x00000000
core   0: 0x8000c8d0 (0xffe00193) li      gp, -2
core   0: 3 0x8000c8d0 (0xffe00193) x 3 0xfffffffe
core   0: 0x8000c8d4 (0x0cf27993) andi    s3, tp, 207
core   0: 3 0x8000c8d4 (0x0cf27993) x19 0x000000c5
core   0: 0x8000c8d8 (0x00b00f13) li      t5, 11
core   0: 3 0x8000c8d8 (0x00b00f13) x30 0x0000000b
core   0: 0x8000c8dc (0x41b9d913) srai    s2, s3, 27
core   0: 3 0x8000c8dc (0x41b9d913) x18 0x00000000
core   0: 0x8000c8e0 (0x6cfb0393) addi    t2, s6, 1743
core   0: 3 0x8000c8e0 (0x6cfb0393) x 7 0x800264f7
core   0: 0x8000c8e4 (0x033db2b3) mulhu   t0, s11, s3
core   0: 3 0x8000c8e4 (0x033db2b3) x 5 0x00000062
core   0: 0x8000c8e8 (0x00fd77b3) and     a5, s10, a5
core   0: 3 0x8000c8e8 (0x00fd77b3) x15 0x00000000
core   0: 0x8000c8ec (0x004a9893) slli    a7, s5, 4
core   0: 3 0x8000c8ec (0x004a9893) x17 0x00000000
core   0: 0x8000c8f0 (0x00118193) addi    gp, gp, 1
core   0: 3 0x8000c8f0 (0x00118193) x 3 0xffffffff
core   0: 0x8000c8f4 (0xffe196e3) bne     gp, t5, pc - 20
core   0: 3 0x8000c8f4 (0xffe196e3)
core   0: 0x8000c8e0 (0x6cfb0393) addi    t2, s6, 1743
core   0: 3 0x8000c8e0 (0x6cfb0393) x 7 0x800264f7
core   0: 0x8000c8e4 (0x033db2b3) mulhu   t0, s11, s3
core   0: 3 0x8000c8e4 (0x033db2b3) x 5 0x00000062
core   0: 0x8000c8e8 (0x00fd77b3) and     a5, s10, a5
core   0: 3 0x8000c8e8 (0x00fd77b3) x15 0x00000000
core   0: 0x8000c8ec (0x004a9893) slli    a7, s5, 4
core   0: 3 0x8000c8ec (0x004a9893) x17 0x00000000
core   0: 0x8000c8f0 (0x00118193) addi    gp, gp, 1
core   0: 3 0x8000c8f0 (0x00118193) x 3 0x00000000
core   0: 0x8000c8f4 (0xffe196e3) bne     gp, t5, pc - 20
core   0: 3 0x8000c8f4 (0xffe196e3)
core   0: 0x8000c8e0 (0x6cfb0393) addi    t2, s6, 1743
core   0: 3 0x8000c8e0 (0x6cfb0393) x 7 0x800264f7
core   0: 0x8000c8e4 (0x033db2b3) mulhu   t0, s11, s3
core   0: 3 0x8000c8e4 (0x033db2b3) x 5 0x00000062
core   0: 0x8000c8e8 (0x00fd77b3) and     a5, s10, a5
core   0: 3 0x8000c8e8 (0x00fd77b3) x15 0x00000000
core   0: 0x8000c8ec (0x004a9893) slli    a7, s5, 4
core   0: 3 0x8000c8ec (0x004a9893) x17 0x00000000
core   0: 0x8000c8f0 (0x00118193) addi    gp, gp, 1
core   0: 3 0x8000c8f0 (0x00118193) x 3 0x00000001
core   0: 0x8000c8f4 (0xffe196e3) bne     gp, t5, pc - 20
core   0: 3 0x8000c8f4 (0xffe196e3)
core   0: 0x8000c8e0 (0x6cfb0393) addi    t2, s6, 1743
core   0: 3 0x8000c8e0 (0x6cfb0393) x 7 0x800264f7
core   0: 0x8000c8e4 (0x033db2b3) mulhu   t0, s11, s3
core   0: 3 0x8000c8e4 (0x033db2b3) x 5 0x00000062
core   0: 0x8000c8e8 (0x00fd77b3) and     a5, s10, a5
core   0: 3 0x8000c8e8 (0x00fd77b3) x15 0x00000000
core   0: 0x8000c8ec (0x004a9893) slli    a7, s5, 4
core   0: 3 0x8000c8ec (0x004a9893) x17 0x00000000
core   0: 0x8000c8f0 (0x00118193) addi    gp, gp, 1
core   0: 3 0x8000c8f0 (0x00118193) x 3 0x00000002
core   0: 0x8000c8f4 (0xffe196e3) bne     gp, t5, pc - 20
core   0: 3 0x8000c8f4 (0xffe196e3)
core   0: 0x8000c8e0 (0x6cfb0393) addi    t2, s6, 1743
core   0: 3 0x8000c8e0 (0x6cfb0393) x 7 0x800264f7
core   0: 0x8000c8e4 (0x033db2b3) mulhu   t0, s11, s3
core   0: 3 0x8000c8e4 (0x033db2b3) x 5 0x00000062
core   0: 0x8000c8e8 (0x00fd77b3) and     a5, s10, a5
core   0: 3 0x8000c8e8 (0x00fd77b3) x15 0x00000000
core   0: 0x8000c8ec (0x004a9893) slli    a7, s5, 4
core   0: 3 0x8000c8ec (0x004a9893) x17 0x00000000
core   0: 0x8000c8f0 (0x00118193) addi    gp, gp, 1
core   0: 3 0x8000c8f0 (0x00118193) x 3 0x00000003
core   0: 0x8000c8f4 (0xffe196e3) bne     gp, t5, pc - 20
core   0: 3 0x8000c8f4 (0xffe196e3)
core   0: 0x8000c8e0 (0x6cfb0393) addi    t2, s6, 1743
core   0: 3 0x8000c8e0 (0x6cfb0393) x 7 0x800264f7
core   0: 0x8000c8e4 (0x033db2b3) mulhu   t0, s11, s3
core   0: 3 0x8000c8e4 (0x033db2b3) x 5 0x00000062
core   0: 0x8000c8e8 (0x00fd77b3) and     a5, s10, a5
core   0: 3 0x8000c8e8 (0x00fd77b3) x15 0x00000000
core   0: 0x8000c8ec (0x004a9893) slli    a7, s5, 4
core   0: 3 0x8000c8ec (0x004a9893) x17 0x00000000
core   0: 0x8000c8f0 (0x00118193) addi    gp, gp, 1
core   0: 3 0x8000c8f0 (0x00118193) x 3 0x00000004
core   0: 0x8000c8f4 (0xffe196e3) bne     gp, t5, pc - 20
core   0: 3 0x8000c8f4 (0xffe196e3)
core   0: 0x8000c8e0 (0x6cfb0393) addi    t2, s6, 1743
core   0: 3 0x8000c8e0 (0x6cfb0393) x 7 0x800264f7
core   0: 0x8000c8e4 (0x033db2b3) mulhu   t0, s11, s3
core   0: 3 0x8000c8e4 (0x033db2b3) x 5 0x00000062
core   0: 0x8000c8e8 (0x00fd77b3) and     a5, s10, a5
core   0: 3 0x8000c8e8 (0x00fd77b3) x15 0x00000000
core   0: 0x8000c8ec (0x004a9893) slli    a7, s5, 4
core   0: 3 0x8000c8ec (0x004a9893) x17 0x00000000
core   0: 0x8000c8f0 (0x00118193) addi    gp, gp, 1
core   0: 3 0x8000c8f0 (0x00118193) x 3 0x00000005
core   0: 0x8000c8f4 (0xffe196e3) bne     gp, t5, pc - 20
core   0: 3 0x8000c8f4 (0xffe196e3)
core   0: 0x8000c8e0 (0x6cfb0393) addi    t2, s6, 1743
core   0: 3 0x8000c8e0 (0x6cfb0393) x 7 0x800264f7
core   0: 0x8000c8e4 (0x033db2b3) mulhu   t0, s11, s3
core   0: 3 0x8000c8e4 (0x033db2b3) x 5 0x00000062
core   0: 0x8000c8e8 (0x00fd77b3) and     a5, s10, a5
core   0: 3 0x8000c8e8 (0x00fd77b3) x15 0x00000000
core   0: 0x8000c8ec (0x004a9893) slli    a7, s5, 4
core   0: 3 0x8000c8ec (0x004a9893) x17 0x00000000
core   0: 0x8000c8f0 (0x00118193) addi    gp, gp, 1
core   0: 3 0x8000c8f0 (0x00118193) x 3 0x00000006
core   0: 0x8000c8f4 (0xffe196e3) bne     gp, t5, pc - 20
core   0: 3 0x8000c8f4 (0xffe196e3)
core   0: 0x8000c8e0 (0x6cfb0393) addi    t2, s6, 1743
core   0: 3 0x8000c8e0 (0x6cfb0393) x 7 0x800264f7
core   0: 0x8000c8e4 (0x033db2b3) mulhu   t0, s11, s3
core   0: 3 0x8000c8e4 (0x033db2b3) x 5 0x00000062
core   0: 0x8000c8e8 (0x00fd77b3) and     a5, s10, a5
core   0: 3 0x8000c8e8 (0x00fd77b3) x15 0x00000000
core   0: 0x8000c8ec (0x004a9893) slli    a7, s5, 4
core   0: 3 0x8000c8ec (0x004a9893) x17 0x00000000
core   0: 0x8000c8f0 (0x00118193) addi    gp, gp, 1
core   0: 3 0x8000c8f0 (0x00118193) x 3 0x00000007
core   0: 0x8000c8f4 (0xffe196e3) bne     gp, t5, pc - 20
core   0: 3 0x8000c8f4 (0xffe196e3)
core   0: 0x8000c8e0 (0x6cfb0393) addi    t2, s6, 1743
core   0: 3 0x8000c8e0 (0x6cfb0393) x 7 0x800264f7
core   0: 0x8000c8e4 (0x033db2b3) mulhu   t0, s11, s3
core   0: 3 0x8000c8e4 (0x033db2b3) x 5 0x00000062
core   0: 0x8000c8e8 (0x00fd77b3) and     a5, s10, a5
core   0: 3 0x8000c8e8 (0x00fd77b3) x15 0x00000000
core   0: 0x8000c8ec (0x004a9893) slli    a7, s5, 4
core   0: 3 0x8000c8ec (0x004a9893) x17 0x00000000
core   0: 0x8000c8f0 (0x00118193) addi    gp, gp, 1
core   0: 3 0x8000c8f0 (0x00118193) x 3 0x00000008
core   0: 0x8000c8f4 (0xffe196e3) bne     gp, t5, pc - 20
core   0: 3 0x8000c8f4 (0xffe196e3)
core   0: 0x8000c8e0 (0x6cfb0393) addi    t2, s6, 1743
core   0: 3 0x8000c8e0 (0x6cfb0393) x 7 0x800264f7
core   0: 0x8000c8e4 (0x033db2b3) mulhu   t0, s11, s3
core   0: 3 0x8000c8e4 (0x033db2b3) x 5 0x00000062
core   0: 0x8000c8e8 (0x00fd77b3) and     a5, s10, a5
core   0: 3 0x8000c8e8 (0x00fd77b3) x15 0x00000000
core   0: 0x8000c8ec (0x004a9893) slli    a7, s5, 4
core   0: 3 0x8000c8ec (0x004a9893) x17 0x00000000
core   0: 0x8000c8f0 (0x00118193) addi    gp, gp, 1
core   0: 3 0x8000c8f0 (0x00118193) x 3 0x00000009
core   0: 0x8000c8f4 (0xffe196e3) bne     gp, t5, pc - 20
core   0: 3 0x8000c8f4 (0xffe196e3)
core   0: 0x8000c8e0 (0x6cfb0393) addi    t2, s6, 1743
core   0: 3 0x8000c8e0 (0x6cfb0393) x 7 0x800264f7
core   0: 0x8000c8e4 (0x033db2b3) mulhu   t0, s11, s3
core   0: 3 0x8000c8e4 (0x033db2b3) x 5 0x00000062
core   0: 0x8000c8e8 (0x00fd77b3) and     a5, s10, a5
core   0: 3 0x8000c8e8 (0x00fd77b3) x15 0x00000000
core   0: 0x8000c8ec (0x004a9893) slli    a7, s5, 4
core   0: 3 0x8000c8ec (0x004a9893) x17 0x00000000
core   0: 0x8000c8f0 (0x00118193) addi    gp, gp, 1
core   0: 3 0x8000c8f0 (0x00118193) x 3 0x0000000a
core   0: 0x8000c8f4 (0xffe196e3) bne     gp, t5, pc - 20
core   0: 3 0x8000c8f4 (0xffe196e3)
core   0: 0x8000c8e0 (0x6cfb0393) addi    t2, s6, 1743
core   0: 3 0x8000c8e0 (0x6cfb0393) x 7 0x800264f7
core   0: 0x8000c8e4 (0x033db2b3) mulhu   t0, s11, s3
core   0: 3 0x8000c8e4 (0x033db2b3) x 5 0x00000062
core   0: 0x8000c8e8 (0x00fd77b3) and     a5, s10, a5
core   0: 3 0x8000c8e8 (0x00fd77b3) x15 0x00000000
core   0: 0x8000c8ec (0x004a9893) slli    a7, s5, 4
core   0: 3 0x8000c8ec (0x004a9893) x17 0x00000000
core   0: 0x8000c8f0 (0x00118193) addi    gp, gp, 1
core   0: 3 0x8000c8f0 (0x00118193) x 3 0x0000000b
core   0: 0x8000c8f4 (0xffe196e3) bne     gp, t5, pc - 20
core   0: 3 0x8000c8f4 (0xffe196e3)
core   0: 0x8000c8f8 (0x03d51633) mulh    a2, a0, t4
core   0: 3 0x8000c8f8 (0x03d51633) x12 0xffffffff
core   0: 0x8000c8fc (0x6d2a2513) slti    a0, s4, 1746
core   0: 3 0x8000c8fc (0x6d2a2513) x10 0x00000001
core   0: 0x8000c900 (0x02b0b333) mulhu   t1, ra, a1
core   0: 3 0x8000c900 (0x02b0b333) x 6 0x00000000
core   0: 0x8000c904 (0x005c6e33) or      t3, s8, t0
core   0: 3 0x8000c904 (0x005c6e33) x28 0x00000062
core   0: 0x8000c908 (0xd08df993) andi    s3, s11, -760
core   0: 3 0x8000c908 (0xd08df993) x19 0x80029c00
core   0: 0x8000c90c (0x005e8ab3) add     s5, t4, t0
core   0: 3 0x8000c90c (0x005e8ab3) x21 0xfffffcd4
core   0: 0x8000c910 (0xbbb4aeb7) lui     t4, 0xbbb4a
core   0: 3 0x8000c910 (0xbbb4aeb7) x29 0xbbb4a000
core   0: 0x8000c914 (0xfb7254e3) bge     tp, s7, pc - 88
core   0: 3 0x8000c914 (0xfb7254e3)
core   0: 0x8000c918 (0x09c43493) sltiu   s1, s0, 156
core   0: 3 0x8000c918 (0x09c43493) x 9 0x00000001
core   0: 0x8000c91c (0x6245c593) xori    a1, a1, 1572
core   0: 3 0x8000c91c (0x6245c593) x11 0xfffff9db
core   0: 0x8000c920 (0x41475613) srai    a2, a4, 20
core   0: 3 0x8000c920 (0x41475613) x12 0xfffffeb1
core   0: 0x8000c924 (0x00000013) nop
core   0: 3 0x8000c924 (0x00000013)
core   0: 0x8000c928 (0x020a0fb3) mul     t6, s4, zero
core   0: 3 0x8000c928 (0x020a0fb3) x31 0x00000000
core   0: 0x8000c92c (0x0174deb3) srl     t4, s1, s7
core   0: 3 0x8000c92c (0x0174deb3) x29 0x00000000
core   0: 0x8000c930 (0x9fd77a17) auipc   s4, 0x9fd77
core   0: 3 0x8000c930 (0x9fd77a17) x20 0x1fd83930
core   0: 0x8000c934 (0x040ef263) bgeu    t4, zero, pc + 68
core   0: 3 0x8000c934 (0x040ef263)
core   0: 0x8000c978 (0x50710313) addi    t1, sp, 1287
core   0: 3 0x8000c978 (0x50710313) x 6 0xb0986d8e
core   0: 0x8000c97c (0x4103d6b3) sra     a3, t2, a6
core   0: 3 0x8000c97c (0x4103d6b3) x13 0xffe00099
core   0: 0x8000c980 (0x0187b333) sltu    t1, a5, s8
core   0: 3 0x8000c980 (0x0187b333) x 6 0x00000000
core   0: 0x8000c984 (0x011c7c63) bgeu    s8, a7, pc + 24
core   0: 3 0x8000c984 (0x011c7c63)
core   0: 0x8000c99c (0x01c10263) beq     sp, t3, pc + 4
core   0: 3 0x8000c99c (0x01c10263)
core   0: 0x8000c9a0 (0x0006aeb3) slt     t4, a3, zero
core   0: 3 0x8000c9a0 (0x0006aeb3) x29 0x00000001
core   0: 0x8000c9a4 (0x32cd3f13) sltiu   t5, s10, 812
core   0: 3 0x8000c9a4 (0x32cd3f13) x30 0x00000001
core   0: 0x8000c9a8 (0x10047c63) bgeu    s0, zero, pc + 280
core   0: 3 0x8000c9a8 (0x10047c63)
core   0: 0x8000cac0 (0x005fd893) srli    a7, t6, 5
core   0: 3 0x8000cac0 (0x005fd893) x17 0x00000000
core   0: 0x8000cac4 (0xe2115237) lui     tp, 0xe2115
core   0: 3 0x8000cac4 (0xe2115237) x 4 0xe2115000
core   0: 0x8000cac8 (0x00e45e33) srl     t3, s0, a4
core   0: 3 0x8000cac8 (0x00e45e33) x28 0x00000000
core   0: 0x8000cacc (0x00059493) slli    s1, a1, 0
core   0: 3 0x8000cacc (0x00059493) x 9 0xfffff9db
core   0: 0x8000cad0 (0x02ca2333) mulhsu  t1, s4, a2
core   0: 3 0x8000cad0 (0x02ca2333) x 6 0x1fd83906
core   0: 0x8000cad4 (0x01cea333) slt     t1, t4, t3
core   0: 3 0x8000cad4 (0x01cea333) x 6 0x00000000
core   0: 0x8000cad8 (0x41f70433) sub     s0, a4, t6
core   0: 3 0x8000cad8 (0x41f70433) x 8 0xeb14dae6
core   0: 0x8000cadc (0x00588133) add     sp, a7, t0
core   0: 3 0x8000cadc (0x00588133) x 2 0x00000062
core   0: 0x8000cae0 (0x08718863) beq     gp, t2, pc + 144
core   0: 3 0x8000cae0 (0x08718863)
core   0: 0x8000cae4 (0x02e7a833) mulhsu  a6, a5, a4
core   0: 3 0x8000cae4 (0x02e7a833) x16 0x00000000
core   0: 0x8000cae8 (0x03a7d9b3) divu    s3, a5, s10
core   0: 3 0x8000cae8 (0x03a7d9b3) x19 0x00000000
core   0: 0x8000caec (0x00351a33) sll     s4, a0, gp
core   0: 3 0x8000caec (0x00351a33) x20 0x00000800
core   0: 0x8000caf0 (0x08dd8463) beq     s11, a3, pc + 136
core   0: 3 0x8000caf0 (0x08dd8463)
core   0: 0x8000caf4 (0x7279a593) slti    a1, s3, 1831
core   0: 3 0x8000caf4 (0x7279a593) x11 0x00000001
core   0: 0x8000caf8 (0x000cd1b3) srl     gp, s9, zero
core   0: 3 0x8000caf8 (0x000cd1b3) x 3 0x00000000
core   0: 0x8000cafc (0x016b6f33) or      t5, s6, s6
core   0: 3 0x8000cafc (0x016b6f33) x30 0x80025e28
core   0: 0x8000cb00 (0xce0f7f93) andi    t6, t5, -800
core   0: 3 0x8000cb00 (0xce0f7f93) x31 0x80025c20
core   0: 0x8000cb04 (0x015c5833) srl     a6, s8, s5
core   0: 3 0x8000cb04 (0x015c5833) x16 0x00000000
core   0: 0x8000cb08 (0x006b50b3) srl     ra, s6, t1
core   0: 3 0x8000cb08 (0x006b50b3) x 1 0x80025e28
core   0: 0x8000cb0c (0x00700413) li      s0, 7
core   0: 3 0x8000cb0c (0x00700413) x 8 0x00000007
core   0: 0x8000cb10 (0x00600613) li      a2, 6
core   0: 3 0x8000cb10 (0x00600613) x12 0x00000006
core   0: 0x8000cb14 (0x4ff5d397) auipc   t2, 0x4ff5d
core   0: 3 0x8000cb14 (0x4ff5d397) x 7 0xcff69b14
core   0: 0x8000cb18 (0x03f0d3b3) divu    t2, ra, t6
core   0: 3 0x8000cb18 (0x03f0d3b3) x 7 0x00000001
core   0: 0x8000cb1c (0xffb40413) addi    s0, s0, -5
core   0: 3 0x8000cb1c (0xffb40413) x 8 0x00000002
core   0: 0x8000cb20 (0xfec47ce3) bgeu    s0, a2, pc - 8
core   0: 3 0x8000cb20 (0xfec47ce3)
core   0: 0x8000cb24 (0x001428b3) slt     a7, s0, ra
core   0: 3 0x8000cb24 (0x001428b3) x17 0x00000000
core   0: 0x8000cb28 (0x026108b3) mul     a7, sp, t1
core   0: 3 0x8000cb28 (0x026108b3) x17 0x00000000
core   0: 0x8000cb2c (0x00ef21b3) slt     gp, t5, a4
core   0: 3 0x8000cb2c (0x00ef21b3) x 3 0x00000001
core   0: 0x8000cb30 (0x00fe28b3) slt     a7, t3, a5
core   0: 3 0x8000cb30 (0x00fe28b3) x17 0x00000000
core   0: 0x8000cb34 (0x1b536097) auipc   ra, 0x1b536
core   0: 3 0x8000cb34 (0x1b536097) x 1 0x9b542b34
core   0: 0x8000cb38 (0x00009a93) slli    s5, ra, 0
core   0: 3 0x8000cb38 (0x00009a93) x21 0x9b542b34
core   0: 0x8000cb3c (0x00500313) li      t1, 5
core   0: 3 0x8000cb3c (0x00500313) x 6 0x00000005
core   0: 0x8000cb40 (0xffb00493) li      s1, -5
core   0: 3 0x8000cb40 (0xffb00493) x 9 0xfffffffb
core   0: 0x8000cb44 (0x023a1d33) mulh    s10, s4, gp
core   0: 3 0x8000cb44 (0x023a1d33) x26 0x00000000
core   0: 0x8000cb48 (0xfff30313) addi    t1, t1, -1
core   0: 3 0x8000cb48 (0xfff30313) x 6 0x00000004
core   0: 0x8000cb4c (0x012abcb3) sltu    s9, s5, s2
core   0: 3 0x8000cb4c (0x012abcb3) x25 0x00000000
core   0: 0x8000cb50 (0x00300213) li      tp, 3
core   0: 3 0x8000cb50 (0x00300213) x 4 0x00000003
core   0: 0x8000cb54 (0xffd00093) li      ra, -3
core   0: 3 0x8000cb54 (0xffd00093) x 1 0xfffffffd
core   0: 0x8000cb58 (0x01b226b3) slt     a3, tp, s11
core   0: 3 0x8000cb58 (0x01b226b3) x13 0x00000000
core   0: 0x8000cb5c (0xffe20213) addi    tp, tp, -2
core   0: 3 0x8000cb5c (0xffe20213) x 4 0x00000001
core   0: 0x8000cb60 (0xfe121ce3) bne     tp, ra, pc - 8
core   0: 3 0x8000cb60 (0xfe121ce3)
core   0: 0x8000cb58 (0x01b226b3) slt     a3, tp, s11
core   0: 3 0x8000cb58 (0x01b226b3) x13 0x00000000
core   0: 0x8000cb5c (0xffe20213) addi    tp, tp, -2
core   0: 3 0x8000cb5c (0xffe20213) x 4 0xffffffff
core   0: 0x8000cb60 (0xfe121ce3) bne     tp, ra, pc - 8
core   0: 3 0x8000cb60 (0xfe121ce3)
core   0: 0x8000cb58 (0x01b226b3) slt     a3, tp, s11
core   0: 3 0x8000cb58 (0x01b226b3) x13 0x00000000
core   0: 0x8000cb5c (0xffe20213) addi    tp, tp, -2
core   0: 3 0x8000cb5c (0xffe20213) x 4 0xfffffffd
core   0: 0x8000cb60 (0xfe121ce3) bne     tp, ra, pc - 8
core   0: 3 0x8000cb60 (0xfe121ce3)
core   0: 0x8000cb64 (0xfe9350e3) bge     t1, s1, pc - 32
core   0: 3 0x8000cb64 (0xfe9350e3)
core   0: 0x8000cb44 (0x023a1d33) mulh    s10, s4, gp
core   0: 3 0x8000cb44 (0x023a1d33) x26 0x00000000
core   0: 0x8000cb48 (0xfff30313) addi    t1, t1, -1
core   0: 3 0x8000cb48 (0xfff30313) x 6 0x00000003
core   0: 0x8000cb4c (0x012abcb3) sltu    s9, s5, s2
core   0: 3 0x8000cb4c (0x012abcb3) x25 0x00000000
core   0: 0x8000cb50 (0x00300213) li      tp, 3
core   0: 3 0x8000cb50 (0x00300213) x 4 0x00000003
core   0: 0x8000cb54 (0xffd00093) li      ra, -3
core   0: 3 0x8000cb54 (0xffd00093) x 1 0xfffffffd
core   0: 0x8000cb58 (0x01b226b3) slt     a3, tp, s11
core   0: 3 0x8000cb58 (0x01b226b3) x13 0x00000000
core   0: 0x8000cb5c (0xffe20213) addi    tp, tp, -2
core   0: 3 0x8000cb5c (0xffe20213) x 4 0x00000001
core   0: 0x8000cb60 (0xfe121ce3) bne     tp, ra, pc - 8
core   0: 3 0x8000cb60 (0xfe121ce3)
core   0: 0x8000cb58 (0x01b226b3) slt     a3, tp, s11
core   0: 3 0x8000cb58 (0x01b226b3) x13 0x00000000
core   0: 0x8000cb5c (0xffe20213) addi    tp, tp, -2
core   0: 3 0x8000cb5c (0xffe20213) x 4 0xffffffff
core   0: 0x8000cb60 (0xfe121ce3) bne     tp, ra, pc - 8
core   0: 3 0x8000cb60 (0xfe121ce3)
core   0: 0x8000cb58 (0x01b226b3) slt     a3, tp, s11
core   0: 3 0x8000cb58 (0x01b226b3) x13 0x00000000
core   0: 0x8000cb5c (0xffe20213) addi    tp, tp, -2
core   0: 3 0x8000cb5c (0xffe20213) x 4 0xfffffffd
core   0: 0x8000cb60 (0xfe121ce3) bne     tp, ra, pc - 8
core   0: 3 0x8000cb60 (0xfe121ce3)
core   0: 0x8000cb64 (0xfe9350e3) bge     t1, s1, pc - 32
core   0: 3 0x8000cb64 (0xfe9350e3)
core   0: 0x8000cb44 (0x023a1d33) mulh    s10, s4, gp
core   0: 3 0x8000cb44 (0x023a1d33) x26 0x00000000
core   0: 0x8000cb48 (0xfff30313) addi    t1, t1, -1
core   0: 3 0x8000cb48 (0xfff30313) x 6 0x00000002
core   0: 0x8000cb4c (0x012abcb3) sltu    s9, s5, s2
core   0: 3 0x8000cb4c (0x012abcb3) x25 0x00000000
core   0: 0x8000cb50 (0x00300213) li      tp, 3
core   0: 3 0x8000cb50 (0x00300213) x 4 0x00000003
core   0: 0x8000cb54 (0xffd00093) li      ra, -3
core   0: 3 0x8000cb54 (0xffd00093) x 1 0xfffffffd
core   0: 0x8000cb58 (0x01b226b3) slt     a3, tp, s11
core   0: 3 0x8000cb58 (0x01b226b3) x13 0x00000000
core   0: 0x8000cb5c (0xffe20213) addi    tp, tp, -2
core   0: 3 0x8000cb5c (0xffe20213) x 4 0x00000001
core   0: 0x8000cb60 (0xfe121ce3) bne     tp, ra, pc - 8
core   0: 3 0x8000cb60 (0xfe121ce3)
core   0: 0x8000cb58 (0x01b226b3) slt     a3, tp, s11
core   0: 3 0x8000cb58 (0x01b226b3) x13 0x00000000
core   0: 0x8000cb5c (0xffe20213) addi    tp, tp, -2
core   0: 3 0x8000cb5c (0xffe20213) x 4 0xffffffff
core   0: 0x8000cb60 (0xfe121ce3) bne     tp, ra, pc - 8
core   0: 3 0x8000cb60 (0xfe121ce3)
core   0: 0x8000cb58 (0x01b226b3) slt     a3, tp, s11
core   0: 3 0x8000cb58 (0x01b226b3) x13 0x00000000
core   0: 0x8000cb5c (0xffe20213) addi    tp, tp, -2
core   0: 3 0x8000cb5c (0xffe20213) x 4 0xfffffffd
core   0: 0x8000cb60 (0xfe121ce3) bne     tp, ra, pc - 8
core   0: 3 0x8000cb60 (0xfe121ce3)
core   0: 0x8000cb64 (0xfe9350e3) bge     t1, s1, pc - 32
core   0: 3 0x8000cb64 (0xfe9350e3)
core   0: 0x8000cb44 (0x023a1d33) mulh    s10, s4, gp
core   0: 3 0x8000cb44 (0x023a1d33) x26 0x00000000
core   0: 0x8000cb48 (0xfff30313) addi    t1, t1, -1
core   0: 3 0x8000cb48 (0xfff30313) x 6 0x00000001
core   0: 0x8000cb4c (0x012abcb3) sltu    s9, s5, s2
core   0: 3 0x8000cb4c (0x012abcb3) x25 0x00000000
core   0: 0x8000cb50 (0x00300213) li      tp, 3
core   0: 3 0x8000cb50 (0x00300213) x 4 0x00000003
core   0: 0x8000cb54 (0xffd00093) li      ra, -3
core   0: 3 0x8000cb54 (0xffd00093) x 1 0xfffffffd
core   0: 0x8000cb58 (0x01b226b3) slt     a3, tp, s11
core   0: 3 0x8000cb58 (0x01b226b3) x13 0x00000000
core   0: 0x8000cb5c (0xffe20213) addi    tp, tp, -2
core   0: 3 0x8000cb5c (0xffe20213) x 4 0x00000001
core   0: 0x8000cb60 (0xfe121ce3) bne     tp, ra, pc - 8
core   0: 3 0x8000cb60 (0xfe121ce3)
core   0: 0x8000cb58 (0x01b226b3) slt     a3, tp, s11
core   0: 3 0x8000cb58 (0x01b226b3) x13 0x00000000
core   0: 0x8000cb5c (0xffe20213) addi    tp, tp, -2
core   0: 3 0x8000cb5c (0xffe20213) x 4 0xffffffff
core   0: 0x8000cb60 (0xfe121ce3) bne     tp, ra, pc - 8
core   0: 3 0x8000cb60 (0xfe121ce3)
core   0: 0x8000cb58 (0x01b226b3) slt     a3, tp, s11
core   0: 3 0x8000cb58 (0x01b226b3) x13 0x00000000
core   0: 0x8000cb5c (0xffe20213) addi    tp, tp, -2
core   0: 3 0x8000cb5c (0xffe20213) x 4 0xfffffffd
core   0: 0x8000cb60 (0xfe121ce3) bne     tp, ra, pc - 8
core   0: 3 0x8000cb60 (0xfe121ce3)
core   0: 0x8000cb64 (0xfe9350e3) bge     t1, s1, pc - 32
core   0: 3 0x8000cb64 (0xfe9350e3)
core   0: 0x8000cb44 (0x023a1d33) mulh    s10, s4, gp
core   0: 3 0x8000cb44 (0x023a1d33) x26 0x00000000
core   0: 0x8000cb48 (0xfff30313) addi    t1, t1, -1
core   0: 3 0x8000cb48 (0xfff30313) x 6 0x00000000
core   0: 0x8000cb4c (0x012abcb3) sltu    s9, s5, s2
core   0: 3 0x8000cb4c (0x012abcb3) x25 0x00000000
core   0: 0x8000cb50 (0x00300213) li      tp, 3
core   0: 3 0x8000cb50 (0x00300213) x 4 0x00000003
core   0: 0x8000cb54 (0xffd00093) li      ra, -3
core   0: 3 0x8000cb54 (0xffd00093) x 1 0xfffffffd
core   0: 0x8000cb58 (0x01b226b3) slt     a3, tp, s11
core   0: 3 0x8000cb58 (0x01b226b3) x13 0x00000000
core   0: 0x8000cb5c (0xffe20213) addi    tp, tp, -2
core   0: 3 0x8000cb5c (0xffe20213) x 4 0x00000001
core   0: 0x8000cb60 (0xfe121ce3) bne     tp, ra, pc - 8
core   0: 3 0x8000cb60 (0xfe121ce3)
core   0: 0x8000cb58 (0x01b226b3) slt     a3, tp, s11
core   0: 3 0x8000cb58 (0x01b226b3) x13 0x00000000
core   0: 0x8000cb5c (0xffe20213) addi    tp, tp, -2
core   0: 3 0x8000cb5c (0xffe20213) x 4 0xffffffff
core   0: 0x8000cb60 (0xfe121ce3) bne     tp, ra, pc - 8
core   0: 3 0x8000cb60 (0xfe121ce3)
core   0: 0x8000cb58 (0x01b226b3) slt     a3, tp, s11
core   0: 3 0x8000cb58 (0x01b226b3) x13 0x00000000
core   0: 0x8000cb5c (0xffe20213) addi    tp, tp, -2
core   0: 3 0x8000cb5c (0xffe20213) x 4 0xfffffffd
core   0: 0x8000cb60 (0xfe121ce3) bne     tp, ra, pc - 8
core   0: 3 0x8000cb60 (0xfe121ce3)
core   0: 0x8000cb64 (0xfe9350e3) bge     t1, s1, pc - 32
core   0: 3 0x8000cb64 (0xfe9350e3)
core   0: 0x8000cb44 (0x023a1d33) mulh    s10, s4, gp
core   0: 3 0x8000cb44 (0x023a1d33) x26 0x00000000
core   0: 0x8000cb48 (0xfff30313) addi    t1, t1, -1
core   0: 3 0x8000cb48 (0xfff30313) x 6 0xffffffff
core   0: 0x8000cb4c (0x012abcb3) sltu    s9, s5, s2
core   0: 3 0x8000cb4c (0x012abcb3) x25 0x00000000
core   0: 0x8000cb50 (0x00300213) li      tp, 3
core   0: 3 0x8000cb50 (0x00300213) x 4 0x00000003
core   0: 0x8000cb54 (0xffd00093) li      ra, -3
core   0: 3 0x8000cb54 (0xffd00093) x 1 0xfffffffd
core   0: 0x8000cb58 (0x01b226b3) slt     a3, tp, s11
core   0: 3 0x8000cb58 (0x01b226b3) x13 0x00000000
core   0: 0x8000cb5c (0xffe20213) addi    tp, tp, -2
core   0: 3 0x8000cb5c (0xffe20213) x 4 0x00000001
core   0: 0x8000cb60 (0xfe121ce3) bne     tp, ra, pc - 8
core   0: 3 0x8000cb60 (0xfe121ce3)
core   0: 0x8000cb58 (0x01b226b3) slt     a3, tp, s11
core   0: 3 0x8000cb58 (0x01b226b3) x13 0x00000000
core   0: 0x8000cb5c (0xffe20213) addi    tp, tp, -2
core   0: 3 0x8000cb5c (0xffe20213) x 4 0xffffffff
core   0: 0x8000cb60 (0xfe121ce3) bne     tp, ra, pc - 8
core   0: 3 0x8000cb60 (0xfe121ce3)
core   0: 0x8000cb58 (0x01b226b3) slt     a3, tp, s11
core   0: 3 0x8000cb58 (0x01b226b3) x13 0x00000000
core   0: 0x8000cb5c (0xffe20213) addi    tp, tp, -2
core   0: 3 0x8000cb5c (0xffe20213) x 4 0xfffffffd
core   0: 0x8000cb60 (0xfe121ce3) bne     tp, ra, pc - 8
core   0: 3 0x8000cb60 (0xfe121ce3)
core   0: 0x8000cb64 (0xfe9350e3) bge     t1, s1, pc - 32
core   0: 3 0x8000cb64 (0xfe9350e3)
core   0: 0x8000cb44 (0x023a1d33) mulh    s10, s4, gp
core   0: 3 0x8000cb44 (0x023a1d33) x26 0x00000000
core   0: 0x8000cb48 (0xfff30313) addi    t1, t1, -1
core   0: 3 0x8000cb48 (0xfff30313) x 6 0xfffffffe
core   0: 0x8000cb4c (0x012abcb3) sltu    s9, s5, s2
core   0: 3 0x8000cb4c (0x012abcb3) x25 0x00000000
core   0: 0x8000cb50 (0x00300213) li      tp, 3
core   0: 3 0x8000cb50 (0x00300213) x 4 0x00000003
core   0: 0x8000cb54 (0xffd00093) li      ra, -3
core   0: 3 0x8000cb54 (0xffd00093) x 1 0xfffffffd
core   0: 0x8000cb58 (0x01b226b3) slt     a3, tp, s11
core   0: 3 0x8000cb58 (0x01b226b3) x13 0x00000000
core   0: 0x8000cb5c (0xffe20213) addi    tp, tp, -2
core   0: 3 0x8000cb5c (0xffe20213) x 4 0x00000001
core   0: 0x8000cb60 (0xfe121ce3) bne     tp, ra, pc - 8
core   0: 3 0x8000cb60 (0xfe121ce3)
core   0: 0x8000cb58 (0x01b226b3) slt     a3, tp, s11
core   0: 3 0x8000cb58 (0x01b226b3) x13 0x00000000
core   0: 0x8000cb5c (0xffe20213) addi    tp, tp, -2
core   0: 3 0x8000cb5c (0xffe20213) x 4 0xffffffff
core   0: 0x8000cb60 (0xfe121ce3) bne     tp, ra, pc - 8
core   0: 3 0x8000cb60 (0xfe121ce3)
core   0: 0x8000cb58 (0x01b226b3) slt     a3, tp, s11
core   0: 3 0x8000cb58 (0x01b226b3) x13 0x00000000
core   0: 0x8000cb5c (0xffe20213) addi    tp, tp, -2
core   0: 3 0x8000cb5c (0xffe20213) x 4 0xfffffffd
core   0: 0x8000cb60 (0xfe121ce3) bne     tp, ra, pc - 8
core   0: 3 0x8000cb60 (0xfe121ce3)
core   0: 0x8000cb64 (0xfe9350e3) bge     t1, s1, pc - 32
core   0: 3 0x8000cb64 (0xfe9350e3)
core   0: 0x8000cb44 (0x023a1d33) mulh    s10, s4, gp
core   0: 3 0x8000cb44 (0x023a1d33) x26 0x00000000
core   0: 0x8000cb48 (0xfff30313) addi    t1, t1, -1
core   0: 3 0x8000cb48 (0xfff30313) x 6 0xfffffffd
core   0: 0x8000cb4c (0x012abcb3) sltu    s9, s5, s2
core   0: 3 0x8000cb4c (0x012abcb3) x25 0x00000000
core   0: 0x8000cb50 (0x00300213) li      tp, 3
core   0: 3 0x8000cb50 (0x00300213) x 4 0x00000003
core   0: 0x8000cb54 (0xffd00093) li      ra, -3
core   0: 3 0x8000cb54 (0xffd00093) x 1 0xfffffffd
core   0: 0x8000cb58 (0x01b226b3) slt     a3, tp, s11
core   0: 3 0x8000cb58 (0x01b226b3) x13 0x00000000
core   0: 0x8000cb5c (0xffe20213) addi    tp, tp, -2
core   0: 3 0x8000cb5c (0xffe20213) x 4 0x00000001
core   0: 0x8000cb60 (0xfe121ce3) bne     tp, ra, pc - 8
core   0: 3 0x8000cb60 (0xfe121ce3)
core   0: 0x8000cb58 (0x01b226b3) slt     a3, tp, s11
core   0: 3 0x8000cb58 (0x01b226b3) x13 0x00000000
core   0: 0x8000cb5c (0xffe20213) addi    tp, tp, -2
core   0: 3 0x8000cb5c (0xffe20213) x 4 0xffffffff
core   0: 0x8000cb60 (0xfe121ce3) bne     tp, ra, pc - 8
core   0: 3 0x8000cb60 (0xfe121ce3)
core   0: 0x8000cb58 (0x01b226b3) slt     a3, tp, s11
core   0: 3 0x8000cb58 (0x01b226b3) x13 0x00000000
core   0: 0x8000cb5c (0xffe20213) addi    tp, tp, -2
core   0: 3 0x8000cb5c (0xffe20213) x 4 0xfffffffd
core   0: 0x8000cb60 (0xfe121ce3) bne     tp, ra, pc - 8
core   0: 3 0x8000cb60 (0xfe121ce3)
core   0: 0x8000cb64 (0xfe9350e3) bge     t1, s1, pc - 32
core   0: 3 0x8000cb64 (0xfe9350e3)
core   0: 0x8000cb44 (0x023a1d33) mulh    s10, s4, gp
core   0: 3 0x8000cb44 (0x023a1d33) x26 0x00000000
core   0: 0x8000cb48 (0xfff30313) addi    t1, t1, -1
core   0: 3 0x8000cb48 (0xfff30313) x 6 0xfffffffc
core   0: 0x8000cb4c (0x012abcb3) sltu    s9, s5, s2
core   0: 3 0x8000cb4c (0x012abcb3) x25 0x00000000
core   0: 0x8000cb50 (0x00300213) li      tp, 3
core   0: 3 0x8000cb50 (0x00300213) x 4 0x00000003
core   0: 0x8000cb54 (0xffd00093) li      ra, -3
core   0: 3 0x8000cb54 (0xffd00093) x 1 0xfffffffd
core   0: 0x8000cb58 (0x01b226b3) slt     a3, tp, s11
core   0: 3 0x8000cb58 (0x01b226b3) x13 0x00000000
core   0: 0x8000cb5c (0xffe20213) addi    tp, tp, -2
core   0: 3 0x8000cb5c (0xffe20213) x 4 0x00000001
core   0: 0x8000cb60 (0xfe121ce3) bne     tp, ra, pc - 8
core   0: 3 0x8000cb60 (0xfe121ce3)
core   0: 0x8000cb58 (0x01b226b3) slt     a3, tp, s11
core   0: 3 0x8000cb58 (0x01b226b3) x13 0x00000000
core   0: 0x8000cb5c (0xffe20213) addi    tp, tp, -2
core   0: 3 0x8000cb5c (0xffe20213) x 4 0xffffffff
core   0: 0x8000cb60 (0xfe121ce3) bne     tp, ra, pc - 8
core   0: 3 0x8000cb60 (0xfe121ce3)
core   0: 0x8000cb58 (0x01b226b3) slt     a3, tp, s11
core   0: 3 0x8000cb58 (0x01b226b3) x13 0x00000000
core   0: 0x8000cb5c (0xffe20213) addi    tp, tp, -2
core   0: 3 0x8000cb5c (0xffe20213) x 4 0xfffffffd
core   0: 0x8000cb60 (0xfe121ce3) bne     tp, ra, pc - 8
core   0: 3 0x8000cb60 (0xfe121ce3)
core   0: 0x8000cb64 (0xfe9350e3) bge     t1, s1, pc - 32
core   0: 3 0x8000cb64 (0xfe9350e3)
core   0: 0x8000cb44 (0x023a1d33) mulh    s10, s4, gp
core   0: 3 0x8000cb44 (0x023a1d33) x26 0x00000000
core   0: 0x8000cb48 (0xfff30313) addi    t1, t1, -1
core   0: 3 0x8000cb48 (0xfff30313) x 6 0xfffffffb
core   0: 0x8000cb4c (0x012abcb3) sltu    s9, s5, s2
core   0: 3 0x8000cb4c (0x012abcb3) x25 0x00000000
core   0: 0x8000cb50 (0x00300213) li      tp, 3
core   0: 3 0x8000cb50 (0x00300213) x 4 0x00000003
core   0: 0x8000cb54 (0xffd00093) li      ra, -3
core   0: 3 0x8000cb54 (0xffd00093) x 1 0xfffffffd
core   0: 0x8000cb58 (0x01b226b3) slt     a3, tp, s11
core   0: 3 0x8000cb58 (0x01b226b3) x13 0x00000000
core   0: 0x8000cb5c (0xffe20213) addi    tp, tp, -2
core   0: 3 0x8000cb5c (0xffe20213) x 4 0x00000001
core   0: 0x8000cb60 (0xfe121ce3) bne     tp, ra, pc - 8
core   0: 3 0x8000cb60 (0xfe121ce3)
core   0: 0x8000cb58 (0x01b226b3) slt     a3, tp, s11
core   0: 3 0x8000cb58 (0x01b226b3) x13 0x00000000
core   0: 0x8000cb5c (0xffe20213) addi    tp, tp, -2
core   0: 3 0x8000cb5c (0xffe20213) x 4 0xffffffff
core   0: 0x8000cb60 (0xfe121ce3) bne     tp, ra, pc - 8
core   0: 3 0x8000cb60 (0xfe121ce3)
core   0: 0x8000cb58 (0x01b226b3) slt     a3, tp, s11
core   0: 3 0x8000cb58 (0x01b226b3) x13 0x00000000
core   0: 0x8000cb5c (0xffe20213) addi    tp, tp, -2
core   0: 3 0x8000cb5c (0xffe20213) x 4 0xfffffffd
core   0: 0x8000cb60 (0xfe121ce3) bne     tp, ra, pc - 8
core   0: 3 0x8000cb60 (0xfe121ce3)
core   0: 0x8000cb64 (0xfe9350e3) bge     t1, s1, pc - 32
core   0: 3 0x8000cb64 (0xfe9350e3)
core   0: 0x8000cb44 (0x023a1d33) mulh    s10, s4, gp
core   0: 3 0x8000cb44 (0x023a1d33) x26 0x00000000
core   0: 0x8000cb48 (0xfff30313) addi    t1, t1, -1
core   0: 3 0x8000cb48 (0xfff30313) x 6 0xfffffffa
core   0: 0x8000cb4c (0x012abcb3) sltu    s9, s5, s2
core   0: 3 0x8000cb4c (0x012abcb3) x25 0x00000000
core   0: 0x8000cb50 (0x00300213) li      tp, 3
core   0: 3 0x8000cb50 (0x00300213) x 4 0x00000003
core   0: 0x8000cb54 (0xffd00093) li      ra, -3
core   0: 3 0x8000cb54 (0xffd00093) x 1 0xfffffffd
core   0: 0x8000cb58 (0x01b226b3) slt     a3, tp, s11
core   0: 3 0x8000cb58 (0x01b226b3) x13 0x00000000
core   0: 0x8000cb5c (0xffe20213) addi    tp, tp, -2
core   0: 3 0x8000cb5c (0xffe20213) x 4 0x00000001
core   0: 0x8000cb60 (0xfe121ce3) bne     tp, ra, pc - 8
core   0: 3 0x8000cb60 (0xfe121ce3)
core   0: 0x8000cb58 (0x01b226b3) slt     a3, tp, s11
core   0: 3 0x8000cb58 (0x01b226b3) x13 0x00000000
core   0: 0x8000cb5c (0xffe20213) addi    tp, tp, -2
core   0: 3 0x8000cb5c (0xffe20213) x 4 0xffffffff
core   0: 0x8000cb60 (0xfe121ce3) bne     tp, ra, pc - 8
core   0: 3 0x8000cb60 (0xfe121ce3)
core   0: 0x8000cb58 (0x01b226b3) slt     a3, tp, s11
core   0: 3 0x8000cb58 (0x01b226b3) x13 0x00000000
core   0: 0x8000cb5c (0xffe20213) addi    tp, tp, -2
core   0: 3 0x8000cb5c (0xffe20213) x 4 0xfffffffd
core   0: 0x8000cb60 (0xfe121ce3) bne     tp, ra, pc - 8
core   0: 3 0x8000cb60 (0xfe121ce3)
core   0: 0x8000cb64 (0xfe9350e3) bge     t1, s1, pc - 32
core   0: 3 0x8000cb64 (0xfe9350e3)
core   0: 0x8000cb68 (0x02976633) rem     a2, a4, s1
core   0: 3 0x8000cb68 (0x02976633) x12 0xfffffffd
core   0: 0x8000cb6c (0x7b6ae837) lui     a6, 0x7b6ae
core   0: 3 0x8000cb6c (0x7b6ae837) x16 0x7b6ae000
core   0: 0x8000cb70 (0x02b3cd33) div     s10, t2, a1
core   0: 3 0x8000cb70 (0x02b3cd33) x26 0x00000001
core   0: 0x8000cb74 (0x024ace33) div     t3, s5, tp
core   0: 3 0x8000cb74 (0x024ace33) x28 0x218e9c44
core   0: 0x8000cb78 (0x08f8fa63) bgeu    a7, a5, pc + 148
core   0: 3 0x8000cb78 (0x08f8fa63)
core   0: 0x8000cc0c (0x00f68cb3) add     s9, a3, a5
core   0: 3 0x8000cc0c (0x00f68cb3) x25 0x00000000
core   0: 0x8000cc10 (0x41735f13) srai    t5, t1, 23
core   0: 3 0x8000cc10 (0x41735f13) x30 0xffffffff
core   0: 0x8000cc14 (0x00ae4a63) blt     t3, a0, pc + 20
core   0: 3 0x8000cc14 (0x00ae4a63)
core   0: 0x8000cc18 (0x00244533) xor     a0, s0, sp
core   0: 3 0x8000cc18 (0x00244533) x10 0x00000060
core   0: 0x8000cc1c (0x05409863) bne     ra, s4, pc + 80
core   0: 3 0x8000cc1c (0x05409863)
core   0: 0x8000cc6c (0x037adcb3) divu    s9, s5, s7
core   0: 3 0x8000cc6c (0x037adcb3) x25 0x00000000
core   0: 0x8000cc70 (0x00f62cb3) slt     s9, a2, a5
core   0: 3 0x8000cc70 (0x00f62cb3) x25 0x00000001
core   0: 0x8000cc74 (0x37e93793) sltiu   a5, s2, 894
core   0: 3 0x8000cc74 (0x37e93793) x15 0x00000001
core   0: 0x8000cc78 (0x343aae13) slti    t3, s5, 835
core   0: 3 0x8000cc78 (0x343aae13) x28 0x00000001
core   0: 0x8000cc7c (0x4518bc93) sltiu   s9, a7, 1105
core   0: 3 0x8000cc7c (0x4518bc93) x25 0x00000001
core   0: 0x8000cc80 (0x0046fbb3) and     s7, a3, tp
core   0: 3 0x8000cc80 (0x0046fbb3) x23 0x00000000
core   0: 0x8000cc84 (0x0078d113) srli    sp, a7, 7
core   0: 3 0x8000cc84 (0x0078d113) x 2 0x00000000
core   0: 0x8000cc88 (0xa0776c37) lui     s8, 0xa0776
core   0: 3 0x8000cc88 (0xa0776c37) x24 0xa0776000
core   0: 0x8000cc8c (0x01bea4b3) slt     s1, t4, s11
core   0: 3 0x8000cc8c (0x01bea4b3) x 9 0x00000000
core   0: 0x8000cc90 (0x40f382b3) sub     t0, t2, a5
core   0: 3 0x8000cc90 (0x40f382b3) x 5 0x00000000
core   0: 0x8000cc94 (0x0400d663) bgez    ra, pc + 76
core   0: 3 0x8000cc94 (0x0400d663)
core   0: 0x8000cc98 (0x02ddd3b3) divu    t2, s11, a3
core   0: 3 0x8000cc98 (0x02ddd3b3) x 7 0xffffffff
core   0: 0x8000cc9c (0x01937fb3) and     t6, t1, s9
core   0: 3 0x8000cc9c (0x01937fb3) x31 0x00000000
core   0: 0x8000cca0 (0x01ce5113) srli    sp, t3, 28
core   0: 3 0x8000cca0 (0x01ce5113) x 2 0x00000000
core   0: 0x8000cca4 (0x017a6863) bltu    s4, s7, pc + 16
core   0: 3 0x8000cca4 (0x017a6863)
core   0: 0x8000cca8 (0x0599e463) bltu    s3, s9, pc + 72
core   0: 3 0x8000cca8 (0x0599e463)
core   0: 0x8000ccf0 (0x03c25eb3) divu    t4, tp, t3
core   0: 3 0x8000ccf0 (0x03c25eb3) x29 0xfffffffd
core   0: 0x8000ccf4 (0x0153fc33) and     s8, t2, s5
core   0: 3 0x8000ccf4 (0x0153fc33) x24 0x9b542b34
core   0: 0x8000ccf8 (0x01c1ebb3) or      s7, gp, t3
core   0: 3 0x8000ccf8 (0x01c1ebb3) x23 0x00000001
core   0: 0x8000ccfc (0x030fc833) div     a6, t6, a6
core   0: 3 0x8000ccfc (0x030fc833) x16 0x00000000
core   0: 0x8000cd00 (0xe8c68c93) addi    s9, a3, -372
core   0: 3 0x8000cd00 (0xe8c68c93) x25 0xfffffe8c
core   0: 0x8000cd04 (0x0219ca63) blt     s3, ra, pc + 52
core   0: 3 0x8000cd04 (0x0219ca63)
core   0: 0x8000cd08 (0x06d1d237) lui     tp, 0x6d1d
core   0: 3 0x8000cd08 (0x06d1d237) x 4 0x06d1d000
core   0: 0x8000cd0c (0xf6d0f113) andi    sp, ra, -147
core   0: 3 0x8000cd0c (0xf6d0f113) x 2 0xffffff6d
core   0: 0x8000cd10 (0x0170b833) sltu    a6, ra, s7
core   0: 3 0x8000cd10 (0x0170b833) x16 0x00000000
core   0: 0x8000cd14 (0x00c3a7b3) slt     a5, t2, a2
core   0: 3 0x8000cd14 (0x00c3a7b3) x15 0x00000000
core   0: 0x8000cd18 (0x03aa7663) bgeu    s4, s10, pc + 44
core   0: 3 0x8000cd18 (0x03aa7663)
core   0: 0x8000cd44 (0xfe786897) auipc   a7, 0xfe786
core   0: 3 0x8000cd44 (0xfe786897) x17 0x7e792d44
core   0: 0x8000cd48 (0x6f460613) addi    a2, a2, 1780
core   0: 3 0x8000cd48 (0x6f460613) x12 0x000006f1
core   0: 0x8000cd4c (0x025036b3) mulhu   a3, zero, t0
core   0: 3 0x8000cd4c (0x025036b3) x13 0x00000000
core   0: 0x8000cd50 (0xae997093) andi    ra, s2, -1303
core   0: 3 0x8000cd50 (0xae997093) x 1 0x00000000
core   0: 0x8000cd54 (0x716b8793) addi    a5, s7, 1814
core   0: 3 0x8000cd54 (0x716b8793) x15 0x00000717
core   0: 0x8000cd58 (0x019a1513) slli    a0, s4, 25
core   0: 3 0x8000cd58 (0x019a1513) x10 0x00000000
core   0: 0x8000cd5c (0x03d682b3) mul     t0, a3, t4
core   0: 3 0x8000cd5c (0x03d682b3) x 5 0x00000000
core   0: 0x8000cd60 (0x023fcfb3) div     t6, t6, gp
core   0: 3 0x8000cd60 (0x023fcfb3) x31 0x00000000
core   0: 0x8000cd64 (0xc89dc513) xori    a0, s11, -887
core   0: 3 0x8000cd64 (0xc89dc513) x10 0x7ffd606d
core   0: 0x8000cd68 (0xa62eeb93) ori     s7, t4, -1438
core   0: 3 0x8000cd68 (0xa62eeb93) x23 0xffffffff
core   0: 0x8000cd6c (0x00f65693) srli    a3, a2, 15
core   0: 3 0x8000cd6c (0x00f65693) x13 0x00000000
core   0: 0x8000cd70 (0xfc512f17) auipc   t5, 0xfc512
core   0: 3 0x8000cd70 (0xfc512f17) x30 0x7c51ed70
core   0: 0x8000cd74 (0x047e6663) bltu    t3, t2, pc + 76
core   0: 3 0x8000cd74 (0x047e6663)
core   0: 0x8000cdc0 (0x00000013) nop
core   0: 3 0x8000cdc0 (0x00000013)
core   0: 0x8000cdc4 (0x003db8b3) sltu    a7, s11, gp
core   0: 3 0x8000cdc4 (0x003db8b3) x17 0x00000000
core   0: 0x8000cdc8 (0x01981613) slli    a2, a6, 25
core   0: 3 0x8000cdc8 (0x01981613) x12 0x00000000
core   0: 0x8000cdcc (0x028d8e63) beq     s11, s0, pc + 60
core   0: 3 0x8000cdcc (0x028d8e63)
core   0: 0x8000cdd0 (0x008a2d33) slt     s10, s4, s0
core   0: 3 0x8000cdd0 (0x008a2d33) x26 0x00000000
core   0: 0x8000cdd4 (0x0169d913) srli    s2, s3, 22
core   0: 3 0x8000cdd4 (0x0169d913) x18 0x00000000
core   0: 0x8000cdd8 (0x01b579b3) and     s3, a0, s11
core   0: 3 0x8000cdd8 (0x01b579b3) x19 0x00000064
core   0: 0x8000cddc (0x030479b3) remu    s3, s0, a6
core   0: 3 0x8000cddc (0x030479b3) x19 0x00000002
core   0: 0x8000cde0 (0x40d55313) srai    t1, a0, 13
core   0: 3 0x8000cde0 (0x40d55313) x 6 0x0003ffeb
core   0: 0x8000cde4 (0xc2e57597) auipc   a1, 0xc2e57
core   0: 3 0x8000cde4 (0xc2e57597) x11 0x42e63de4
core   0: 0x8000cde8 (0x0026fa63) bgeu    a3, sp, pc + 20
core   0: 3 0x8000cde8 (0x0026fa63)
core   0: 0x8000cdec (0x018d0433) add     s0, s10, s8
core   0: 3 0x8000cdec (0x018d0433) x 8 0x9b542b34
core   0: 0x8000cdf0 (0x03c6b233) mulhu   tp, a3, t3
core   0: 3 0x8000cdf0 (0x03c6b233) x 4 0x00000000
core   0: 0x8000cdf4 (0x03f775b3) remu    a1, a4, t6
core   0: 3 0x8000cdf4 (0x03f775b3) x11 0xeb14dae6
core   0: 0x8000cdf8 (0x88e83193) sltiu   gp, a6, -1906
core   0: 3 0x8000cdf8 (0x88e83193) x 3 0x00000001
core   0: 0x8000cdfc (0x0377fbb3) remu    s7, a5, s7
core   0: 3 0x8000cdfc (0x0377fbb3) x23 0x00000717
core   0: 0x8000ce00 (0x00115d33) srl     s10, sp, ra
core   0: 3 0x8000ce00 (0x00115d33) x26 0xffffff6d
core   0: 0x8000ce04 (0x00ddf463) bgeu    s11, a3, pc + 8
core   0: 3 0x8000ce04 (0x00ddf463)
core   0: 0x8000ce0c (0x41e05393) srai    t2, zero, 30
core   0: 3 0x8000ce0c (0x41e05393) x 7 0x00000000
core   0: 0x8000ce10 (0x048ef263) bgeu    t4, s0, pc + 68
core   0: 3 0x8000ce10 (0x048ef263)
core   0: 0x8000ce54 (0x02815eb3) divu    t4, sp, s0
core   0: 3 0x8000ce54 (0x02815eb3) x29 0x00000001
core   0: 0x8000ce58 (0x0298b2b3) mulhu   t0, a7, s1
core   0: 3 0x8000ce58 (0x0298b2b3) x 5 0x00000000
core   0: 0x8000ce5c (0x00bb0833) add     a6, s6, a1
core   0: 3 0x8000ce5c (0x00bb0833) x16 0x6b17390e
core   0: 0x8000ce60 (0xb5bdba17) auipc   s4, 0xb5bdb
core   0: 3 0x8000ce60 (0xb5bdba17) x20 0x35be7e60
core   0: 0x8000ce64 (0x41d084b3) sub     s1, ra, t4
core   0: 3 0x8000ce64 (0x41d084b3) x 9 0xffffffff
core   0: 0x8000ce68 (0x401dde33) sra     t3, s11, ra
core   0: 3 0x8000ce68 (0x401dde33) x28 0x80029ce4
core   0: 0x8000ce6c (0x00f87863) bgeu    a6, a5, pc + 16
core   0: 3 0x8000ce6c (0x00f87863)
core   0: 0x8000ce7c (0x41ac5433) sra     s0, s8, s10
core   0: 3 0x8000ce7c (0x41ac5433) x 8 0xfffcdaa1
core   0: 0x8000ce80 (0x00a86c33) or      s8, a6, a0
core   0: 3 0x8000ce80 (0x00a86c33) x24 0x7fff796f
core   0: 0x8000ce84 (0x01b5e8b3) or      a7, a1, s11
core   0: 3 0x8000ce84 (0x01b5e8b3) x17 0xeb16dee6
core   0: 0x8000ce88 (0x30db0013) addi    zero, s6, 781
core   0: 3 0x8000ce88 (0x30db0013)
core   0: 0x8000ce8c (0xe371c837) lui     a6, 0xe371c
core   0: 3 0x8000ce8c (0xe371c837) x16 0xe371c000
core   0: 0x8000ce90 (0x00ff8f33) add     t5, t6, a5
core   0: 3 0x8000ce90 (0x00ff8f33) x30 0x00000717
core   0: 0x8000ce94 (0x01f7ec33) or      s8, a5, t6
core   0: 3 0x8000ce94 (0x01f7ec33) x24 0x00000717
core   0: 0x8000ce98 (0x03ab6463) bltu    s6, s10, pc + 40
core   0: 3 0x8000ce98 (0x03ab6463)
core   0: 0x8000cec0 (0x0096c463) blt     a3, s1, pc + 8
core   0: 3 0x8000cec0 (0x0096c463)
core   0: 0x8000cec4 (0x00000013) nop
core   0: 3 0x8000cec4 (0x00000013)
core   0: 0x8000cec8 (0x02a98133) mul     sp, s3, a0
core   0: 3 0x8000cec8 (0x02a98133) x 2 0xfffac0da
core   0: 0x8000cecc (0x40125093) srai    ra, tp, 1
core   0: 3 0x8000cecc (0x40125093) x 1 0x00000000
core   0: 0x8000ced0 (0x41040633) sub     a2, s0, a6
core   0: 3 0x8000ced0 (0x41040633) x12 0x1c8b1aa1
core   0: 0x8000ced4 (0x01372933) slt     s2, a4, s3
core   0: 3 0x8000ced4 (0x01372933) x18 0x00000001
core   0: 0x8000ced8 (0xcc1ece13) xori    t3, t4, -831
core   0: 3 0x8000ced8 (0xcc1ece13) x28 0xfffffcc0
core   0: 0x8000cedc (0x007e9c33) sll     s8, t4, t2
core   0: 3 0x8000cedc (0x007e9c33) x24 0x00000001
core   0: 0x8000cee0 (0x04765263) bge     a2, t2, pc + 68
core   0: 3 0x8000cee0 (0x04765263)
core   0: 0x8000cf24 (0x013dee33) or      t3, s11, s3
core   0: 3 0x8000cf24 (0x013dee33) x28 0x80029ce6
core   0: 0x8000cf28 (0x013e9f33) sll     t5, t4, s3
core   0: 3 0x8000cf28 (0x013e9f33) x30 0x00000004
core   0: 0x8000cf2c (0x00d030b3) snez    ra, a3
core   0: 3 0x8000cf2c (0x00d030b3) x 1 0x00000000
core   0: 0x8000cf30 (0x00000013) nop
core   0: 3 0x8000cf30 (0x00000013)
core   0: 0x8000cf34 (0x03cf7063) bgeu    t5, t3, pc + 32
core   0: 3 0x8000cf34 (0x03cf7063)
core   0: 0x8000cf38 (0x56378437) lui     s0, 0x56378
core   0: 3 0x8000cf38 (0x56378437) x 8 0x56378000
core   0: 0x8000cf3c (0x02214233) div     tp, sp, sp
core   0: 3 0x8000cf3c (0x02214233) x 4 0x00000001
core   0: 0x8000cf40 (0x011d99b3) sll     s3, s11, a7
core   0: 3 0x8000cf40 (0x011d99b3) x19 0x00a73900
core   0: 0x8000cf44 (0x01bccbb3) xor     s7, s9, s11
core   0: 3 0x8000cf44 (0x01bccbb3) x23 0x7ffd6268
core   0: 0x8000cf48 (0x03b43033) mulhu   zero, s0, s11
core   0: 3 0x8000cf48 (0x03b43033)
core   0: 0x8000cf4c (0x006ac633) xor     a2, s5, t1
core   0: 3 0x8000cf4c (0x006ac633) x12 0x9b57d4df
core   0: 0x8000cf50 (0x419fd2b3) sra     t0, t6, s9
core   0: 3 0x8000cf50 (0x419fd2b3) x 5 0x00000000
core   0: 0x8000cf54 (0x02265263) bge     a2, sp, pc + 36
core   0: 3 0x8000cf54 (0x02265263)
core   0: 0x8000cf58 (0x05579263) bne     a5, s5, pc + 68
core   0: 3 0x8000cf58 (0x05579263)
core   0: 0x8000cf9c (0x021c5233) divu    tp, s8, ra
core   0: 3 0x8000cf9c (0x021c5233) x 4 0xffffffff
core   0: 0x8000cfa0 (0x00000013) nop
core   0: 3 0x8000cfa0 (0x00000013)
core   0: 0x8000cfa4 (0xee932913) slti    s2, t1, -279
core   0: 3 0x8000cfa4 (0xee932913) x18 0x00000000
core   0: 0x8000cfa8 (0x28cac813) xori    a6, s5, 652
core   0: 3 0x8000cfa8 (0x28cac813) x16 0x9b5429b8
core   0: 0x8000cfac (0x024d7cb3) remu    s9, s10, tp
core   0: 3 0x8000cfac (0x024d7cb3) x25 0xffffff6d
core   0: 0x8000cfb0 (0x41cf5ab3) sra     s5, t5, t3
core   0: 3 0x8000cfb0 (0x41cf5ab3) x21 0x00000000
core   0: 0x8000cfb4 (0x014d09b3) add     s3, s10, s4
core   0: 3 0x8000cfb4 (0x014d09b3) x19 0x35be7dcd
core   0: 0x8000cfb8 (0x00000013) nop
core   0: 3 0x8000cfb8 (0x00000013)
core   0: 0x8000cfbc (0x011ba4b3) slt     s1, s7, a7
core   0: 3 0x8000cfbc (0x011ba4b3) x 9 0x00000000
core   0: 0x8000cfc0 (0x00b37f33) and     t5, t1, a1
core   0: 3 0x8000cfc0 (0x00b37f33) x30 0x0000dae2
core   0: 0x8000cfc4 (0x05698263) beq     s3, s6, pc + 68
core   0: 3 0x8000cfc4 (0x05698263)
core   0: 0x8000cfc8 (0x0059d8b3) srl     a7, s3, t0
core   0: 3 0x8000cfc8 (0x0059d8b3) x17 0x35be7dcd
core   0: 0x8000cfcc (0x01f79fb3) sll     t6, a5, t6
core   0: 3 0x8000cfcc (0x01f79fb3) x31 0x00000717
core   0: 0x8000cfd0 (0x0260b433) mulhu   s0, ra, t1
core   0: 3 0x8000cfd0 (0x0260b433) x 8 0x00000000
core   0: 0x8000cfd4 (0x01d44a33) xor     s4, s0, t4
core   0: 3 0x8000cfd4 (0x01d44a33) x20 0x00000001
core   0: 0x8000cfd8 (0xc496cc93) xori    s9, a3, -951
core   0: 3 0x8000cfd8 (0xc496cc93) x25 0xfffffc49
core   0: 0x8000cfdc (0x41bfd493) srai    s1, t6, 27
core   0: 3 0x8000cfdc (0x41bfd493) x 9 0x00000000
core   0: 0x8000cfe0 (0x05719663) bne     gp, s7, pc + 76
core   0: 3 0x8000cfe0 (0x05719663)
core   0: 0x8000d02c (0xe7d2e293) ori     t0, t0, -387
core   0: 3 0x8000d02c (0xe7d2e293) x 5 0xfffffe7d
core   0: 0x8000d030 (0x00c34fb3) xor     t6, t1, a2
core   0: 3 0x8000d030 (0x00c34fb3) x31 0x9b542b34
core   0: 0x8000d034 (0x40e1d533) sra     a0, gp, a4
core   0: 3 0x8000d034 (0x40e1d533) x10 0x00000000
core   0: 0x8000d038 (0x05398663) beq     s3, s3, pc + 76
core   0: 3 0x8000d038 (0x05398663)
core   0: 0x8000d084 (0x03064ab3) div     s5, a2, a6
core   0: 3 0x8000d084 (0x03064ab3) x21 0x00000000
core   0: 0x8000d088 (0x68872a13) slti    s4, a4, 1672
core   0: 3 0x8000d088 (0x68872a13) x20 0x00000001
core   0: 0x8000d08c (0x00652133) slt     sp, a0, t1
core   0: 3 0x8000d08c (0x00652133) x 2 0x00000001
core   0: 0x8000d090 (0x008be633) or      a2, s7, s0
core   0: 3 0x8000d090 (0x008be633) x12 0x7ffd6268
core   0: 0x8000d094 (0x0287abb3) mulhsu  s7, a5, s0
core   0: 3 0x8000d094 (0x0287abb3) x23 0x00000000
core   0: 0x8000d098 (0x011069b3) or      s3, zero, a7
core   0: 3 0x8000d098 (0x011069b3) x19 0x35be7dcd
core   0: 0x8000d09c (0xa5518ab7) lui     s5, 0xa5518
core   0: 3 0x8000d09c (0xa5518ab7) x21 0xa5518000
core   0: 0x8000d0a0 (0x035c1063) bne     s8, s5, pc + 32
core   0: 3 0x8000d0a0 (0x035c1063)
core   0: 0x8000d0c0 (0x01e49263) bne     s1, t5, pc + 4
core   0: 3 0x8000d0c0 (0x01e49263)
core   0: 0x8000d0c4 (0x00ef7263) bgeu    t5, a4, pc + 4
core   0: 3 0x8000d0c4 (0x00ef7263)
core   0: 0x8000d0c8 (0x02140eb3) mul     t4, s0, ra
core   0: 3 0x8000d0c8 (0x02140eb3) x29 0x00000000
core   0: 0x8000d0cc (0x058df263) bgeu    s11, s8, pc + 68
core   0: 3 0x8000d0cc (0x058df263)
core   0: 0x8000d110 (0xb96ae693) ori     a3, s5, -1130
core   0: 3 0x8000d110 (0xb96ae693) x13 0xfffffb96
core   0: 0x8000d114 (0x03116533) rem     a0, sp, a7
core   0: 3 0x8000d114 (0x03116533) x10 0x00000001
core   0: 0x8000d118 (0x03223133) mulhu   sp, tp, s2
core   0: 3 0x8000d118 (0x03223133) x 2 0x00000000
core   0: 0x8000d11c (0x41a684b3) sub     s1, a3, s10
core   0: 3 0x8000d11c (0x41a684b3) x 9 0xfffffc29
core   0: 0x8000d120 (0x0356e133) rem     sp, a3, s5
core   0: 3 0x8000d120 (0x0356e133) x 2 0xfffffb96
core   0: 0x8000d124 (0x0184e133) or      sp, s1, s8
core   0: 3 0x8000d124 (0x0184e133) x 2 0xfffffc29
core   0: 0x8000d128 (0x05910263) beq     sp, s9, pc + 68
core   0: 3 0x8000d128 (0x05910263)
core   0: 0x8000d12c (0x004b4533) xor     a0, s6, tp
core   0: 3 0x8000d12c (0x004b4533) x10 0x7ffda1d7
core   0: 0x8000d130 (0x0180cfb3) xor     t6, ra, s8
core   0: 3 0x8000d130 (0x0180cfb3) x31 0x00000001
core   0: 0x8000d134 (0x17240213) addi    tp, s0, 370
core   0: 3 0x8000d134 (0x17240213) x 4 0x00000172
core   0: 0x8000d138 (0x033f1663) bne     t5, s3, pc + 44
core   0: 3 0x8000d138 (0x033f1663)
core   0: 0x8000d164 (0x00cbd463) bge     s7, a2, pc + 8
core   0: 3 0x8000d164 (0x00cbd463)
core   0: 0x8000d168 (0x03080bb3) mul     s7, a6, a6
core   0: 3 0x8000d168 (0x03080bb3) x23 0x378c7440
core   0: 0x8000d16c (0x00000013) nop
core   0: 3 0x8000d16c (0x00000013)
core   0: 0x8000d170 (0x034c9fb3) mulh    t6, s9, s4
core   0: 3 0x8000d170 (0x034c9fb3) x31 0xffffffff
core   0: 0x8000d174 (0x0355f933) remu    s2, a1, s5
core   0: 3 0x8000d174 (0x0355f933) x18 0x45c35ae6
core   0: 0x8000d178 (0x005b7f33) and     t5, s6, t0
core   0: 3 0x8000d178 (0x005b7f33) x30 0x80025e28
core   0: 0x8000d17c (0x0bcb1863) bne     s6, t3, pc + 176
core   0: 3 0x8000d17c (0x0bcb1863)
core   0: 0x8000d22c (0x4d79f113) andi    sp, s3, 1239
core   0: 3 0x8000d22c (0x4d79f113) x 2 0x000004c5
core   0: 0x8000d230 (0x02c82633) mulhsu  a2, a6, a2
core   0: 3 0x8000d230 (0x02c82633) x12 0xcdab1c2c
core   0: 0x8000d234 (0x021270b3) remu    ra, tp, ra
core   0: 3 0x8000d234 (0x021270b3) x 1 0x00000172
core   0: 0x8000d238 (0x02b61933) mulh    s2, a2, a1
core   0: 3 0x8000d238 (0x02b61933) x18 0x041cdd05
core   0: 0x8000d23c (0xa6e87593) andi    a1, a6, -1426
core   0: 3 0x8000d23c (0xa6e87593) x11 0x9b542828
core   0: 0x8000d240 (0x3353b393) sltiu   t2, t2, 821
core   0: 3 0x8000d240 (0x3353b393) x 7 0x00000001
core   0: 0x8000d244 (0x00f54833) xor     a6, a0, a5
core   0: 3 0x8000d244 (0x00f54833) x16 0x7ffda6c0
core   0: 0x8000d248 (0x4190da33) sra     s4, ra, s9
core   0: 3 0x8000d248 (0x4190da33) x20 0x00000000
core   0: 0x8000d24c (0x02b14263) blt     sp, a1, pc + 36
core   0: 3 0x8000d24c (0x02b14263)
core   0: 0x8000d250 (0x51f74b93) xori    s7, a4, 1311
core   0: 3 0x8000d250 (0x51f74b93) x23 0xeb14dff9
core   0: 0x8000d254 (0x031129b3) mulhsu  s3, sp, a7
core   0: 3 0x8000d254 (0x031129b3) x19 0x00000100
core   0: 0x8000d258 (0x033a5a63) bge     s4, s3, pc + 52
core   0: 3 0x8000d258 (0x033a5a63)
core   0: 0x8000d25c (0x0203a9b3) mulhsu  s3, t2, zero
core   0: 3 0x8000d25c (0x0203a9b3) x19 0x00000000
core   0: 0x8000d260 (0x032011b3) mulh    gp, zero, s2
core   0: 3 0x8000d260 (0x032011b3) x 3 0x00000000
core   0: 0x8000d264 (0x52ebbf13) sltiu   t5, s7, 1326
core   0: 3 0x8000d264 (0x52ebbf13) x30 0x00000000
core   0: 0x8000d268 (0x00141a93) slli    s5, s0, 1
core   0: 3 0x8000d268 (0x00141a93) x21 0x00000000
core   0: 0x8000d26c (0x01550033) add     zero, a0, s5
core   0: 3 0x8000d26c (0x01550033)
core   0: 0x8000d270 (0x02c181b3) mul     gp, gp, a2
core   0: 3 0x8000d270 (0x02c181b3) x 3 0x00000000
core   0: 0x8000d274 (0x0105a233) slt     tp, a1, a6
core   0: 3 0x8000d274 (0x0105a233) x 4 0x00000001
core   0: 0x8000d278 (0x5c282c13) slti    s8, a6, 1474
core   0: 3 0x8000d278 (0x5c282c13) x24 0x00000000
core   0: 0x8000d27c (0x03a1f833) remu    a6, gp, s10
core   0: 3 0x8000d27c (0x03a1f833) x16 0x00000000
core   0: 0x8000d280 (0x4198d8b3) sra     a7, a7, s9
core   0: 3 0x8000d280 (0x4198d8b3) x17 0x001adf3e
core   0: 0x8000d284 (0x01995513) srli    a0, s2, 25
core   0: 3 0x8000d284 (0x01995513) x10 0x00000002
core   0: 0x8000d288 (0x038be9b3) rem     s3, s7, s8
core   0: 3 0x8000d288 (0x038be9b3) x19 0xeb14dff9
core   0: 0x8000d28c (0x03661d33) mulh    s10, a2, s6
core   0: 3 0x8000d28c (0x03661d33) x26 0x1929fabd
core   0: 0x8000d290 (0x02901263) bne     zero, s1, pc + 36
core   0: 3 0x8000d290 (0x02901263)
core   0: 0x8000d2b4 (0x017f5f13) srli    t5, t5, 23
core   0: 3 0x8000d2b4 (0x017f5f13) x30 0x00000000
core   0: 0x8000d2b8 (0x0294cfb3) div     t6, s1, s1
core   0: 3 0x8000d2b8 (0x0294cfb3) x31 0x00000001
core   0: 0x8000d2bc (0x01ce3a33) sltu    s4, t3, t3
core   0: 3 0x8000d2bc (0x01ce3a33) x20 0x00000000
core   0: 0x8000d2c0 (0x02402033) mulhsu  zero, zero, tp
core   0: 3 0x8000d2c0 (0x02402033)
core   0: 0x8000d2c4 (0x039a9fb3) mulh    t6, s5, s9
core   0: 3 0x8000d2c4 (0x039a9fb3) x31 0x00000000
core   0: 0x8000d2c8 (0xdd2b2413) slti    s0, s6, -558
core   0: 3 0x8000d2c8 (0xdd2b2413) x 8 0x00000001
core   0: 0x8000d2cc (0x025d2cb3) mulhsu  s9, s10, t0
core   0: 3 0x8000d2cc (0x025d2cb3) x25 0x1929fa96
core   0: 0x8000d2d0 (0x0415c263) blt     a1, ra, pc + 68
core   0: 3 0x8000d2d0 (0x0415c263)
core   0: 0x8000d314 (0xce20ae13) slti    t3, ra, -798
core   0: 3 0x8000d314 (0xce20ae13) x28 0x00000000
core   0: 0x8000d318 (0x14593813) sltiu   a6, s2, 325
core   0: 3 0x8000d318 (0x14593813) x16 0x00000000
core   0: 0x8000d31c (0x00030333) add     t1, t1, zero
core   0: 3 0x8000d31c (0x00030333) x 6 0x0003ffeb
core   0: 0x8000d320 (0x05ef7a93) andi    s5, t5, 94
core   0: 3 0x8000d320 (0x05ef7a93) x21 0x00000000
core   0: 0x8000d324 (0x02d5e833) rem     a6, a1, a3
core   0: 3 0x8000d324 (0x02d5e833) x16 0xfffffd06
core   0: 0x8000d328 (0xd51c2517) auipc   a0, 0xd51c2
core   0: 3 0x8000d328 (0xd51c2517) x10 0x551cf328
core   0: 0x8000d32c (0x02eab9b3) mulhu   s3, s5, a4
core   0: 3 0x8000d32c (0x02eab9b3) x19 0x00000000
core   0: 0x8000d330 (0x04498663) beq     s3, tp, pc + 76
core   0: 3 0x8000d330 (0x04498663)
core   0: 0x8000d334 (0x023d94b3) mulh    s1, s11, gp
core   0: 3 0x8000d334 (0x023d94b3) x 9 0x00000000
core   0: 0x8000d338 (0x03628e63) beq     t0, s6, pc + 60
core   0: 3 0x8000d338 (0x03628e63)
core   0: 0x8000d33c (0x0325abb3) mulhsu  s7, a1, s2
core   0: 3 0x8000d33c (0x0325abb3) x23 0xfe61f6ea
core   0: 0x8000d340 (0x79ca8437) lui     s0, 0x79ca8
core   0: 3 0x8000d340 (0x79ca8437) x 8 0x79ca8000
core   0: 0x8000d344 (0x41945e33) sra     t3, s0, s9
core   0: 3 0x8000d344 (0x41945e33) x28 0x000001e7
core   0: 0x8000d348 (0x0515f663) bgeu    a1, a7, pc + 76
core   0: 3 0x8000d348 (0x0515f663)
core   0: 0x8000d394 (0x05630263) beq     t1, s6, pc + 68
core   0: 3 0x8000d394 (0x05630263)
core   0: 0x8000d398 (0x02f9bc33) mulhu   s8, s3, a5
core   0: 3 0x8000d398 (0x02f9bc33) x24 0x00000000
core   0: 0x8000d39c (0x03109463) bne     ra, a7, pc + 40
core   0: 3 0x8000d39c (0x03109463)
core   0: 0x8000d3c4 (0x15cf4313) xori    t1, t5, 348
core   0: 3 0x8000d3c4 (0x15cf4313) x 6 0x0000015c
core   0: 0x8000d3c8 (0x28300b93) li      s7, 643
core   0: 3 0x8000d3c8 (0x28300b93) x23 0x00000283
core   0: 0x8000d3cc (0x7a5cc393) xori    t2, s9, 1957
core   0: 3 0x8000d3cc (0x7a5cc393) x 7 0x1929fd33
core   0: 0x8000d3d0 (0x01686333) or      t1, a6, s6
core   0: 3 0x8000d3d0 (0x01686333) x 6 0xffffff2e
core   0: 0x8000d3d4 (0x032c3f33) mulhu   t5, s8, s2
core   0: 3 0x8000d3d4 (0x032c3f33) x30 0x00000000
core   0: 0x8000d3d8 (0xe4554a13) xori    s4, a0, -443
core   0: 3 0x8000d3d8 (0xe4554a13) x20 0xaae30d6d
core   0: 0x8000d3dc (0x00893533) sltu    a0, s2, s0
core   0: 3 0x8000d3dc (0x00893533) x10 0x00000001
core   0: 0x8000d3e0 (0x4086da93) srai    s5, a3, 8
core   0: 3 0x8000d3e0 (0x4086da93) x21 0xfffffffb
core   0: 0x8000d3e4 (0x014c85b3) add     a1, s9, s4
core   0: 3 0x8000d3e4 (0x014c85b3) x11 0xc40d0803
core   0: 0x8000d3e8 (0x027afe33) remu    t3, s5, t2
core   0: 3 0x8000d3e8 (0x027afe33) x28 0x045c1bfd
core   0: 0x8000d3ec (0x008524b3) slt     s1, a0, s0
core   0: 3 0x8000d3ec (0x008524b3) x 9 0x00000001
core   0: 0x8000d3f0 (0xc866ec93) ori     s9, a3, -890
core   0: 3 0x8000d3f0 (0xc866ec93) x25 0xffffff96
core   0: 0x8000d3f4 (0x01e04133) xor     sp, zero, t5
core   0: 3 0x8000d3f4 (0x01e04133) x 2 0x00000000
core   0: 0x8000d3f8 (0xaba43493) sltiu   s1, s0, -1350
core   0: 3 0x8000d3f8 (0xaba43493) x 9 0x00000001
core   0: 0x8000d3fc (0x01c7de93) srli    t4, a5, 28
core   0: 3 0x8000d3fc (0x01c7de93) x29 0x00000000
core   0: 0x8000d400 (0x00e822b3) slt     t0, a6, a4
core   0: 3 0x8000d400 (0x00e822b3) x 5 0x00000000
core   0: 0x8000d404 (0x0468e263) bltu    a7, t1, pc + 68
core   0: 3 0x8000d404 (0x0468e263)
core   0: 0x8000d448 (0x019967b3) or      a5, s2, s9
core   0: 3 0x8000d448 (0x019967b3) x15 0xffffff97
core   0: 0x8000d44c (0x412ad513) srai    a0, s5, 18
core   0: 3 0x8000d44c (0x412ad513) x10 0xffffffff
core   0: 0x8000d450 (0x01b18c63) beq     gp, s11, pc + 24
core   0: 3 0x8000d450 (0x01b18c63)
core   0: 0x8000d454 (0x414cd993) srai    s3, s9, 20
core   0: 3 0x8000d454 (0x414cd993) x19 0xffffffff
core   0: 0x8000d458 (0x00aa4033) xor     zero, s4, a0
core   0: 3 0x8000d458 (0x00aa4033)
core   0: 0x8000d45c (0x05c96663) bltu    s2, t3, pc + 76
core   0: 3 0x8000d45c (0x05c96663)
core   0: 0x8000d4a8 (0x020d98b3) mulh    a7, s11, zero
core   0: 3 0x8000d4a8 (0x020d98b3) x17 0x00000000
core   0: 0x8000d4ac (0x00000013) nop
core   0: 3 0x8000d4ac (0x00000013)
core   0: 0x8000d4b0 (0x408206b3) sub     a3, tp, s0
core   0: 3 0x8000d4b0 (0x408206b3) x13 0x86358001
core   0: 0x8000d4b4 (0xfc45b693) sltiu   a3, a1, -60
core   0: 3 0x8000d4b4 (0xfc45b693) x13 0x00000001
core   0: 0x8000d4b8 (0x41f7dd33) sra     s10, a5, t6
core   0: 3 0x8000d4b8 (0x41f7dd33) x26 0xffffff97
core   0: 0x8000d4bc (0x05657863) bgeu    a0, s6, pc + 80
core   0: 3 0x8000d4bc (0x05657863)
core   0: 0x8000d50c (0xd9a66213) ori     tp, a2, -614
core   0: 3 0x8000d50c (0xd9a66213) x 4 0xfffffdbe
core   0: 0x8000d510 (0x036c4933) div     s2, s8, s6
core   0: 3 0x8000d510 (0x036c4933) x18 0x00000000
core   0: 0x8000d514 (0x6394e2b7) lui     t0, 0x6394e
core   0: 3 0x8000d514 (0x6394e2b7) x 5 0x6394e000
core   0: 0x8000d518 (0x0239c5b3) div     a1, s3, gp
core   0: 3 0x8000d518 (0x0239c5b3) x11 0xffffffff
core   0: 0x8000d51c (0x0064f263) bgeu    s1, t1, pc + 4
core   0: 3 0x8000d51c (0x0064f263)
core   0: 0x8000d520 (0x030e4933) div     s2, t3, a6
core   0: 3 0x8000d520 (0x030e4933) x18 0xfffe8909
core   0: 0x8000d524 (0x00dbb833) sltu    a6, s7, a3
core   0: 3 0x8000d524 (0x00dbb833) x16 0x00000000
core   0: 0x8000d528 (0xfe927393) andi    t2, tp, -23
core   0: 3 0x8000d528 (0xfe927393) x 7 0xfffffda8
core   0: 0x8000d52c (0x41f15f13) srai    t5, sp, 31
core   0: 3 0x8000d52c (0x41f15f13) x30 0x00000000
core   0: 0x8000d530 (0x022cf5b3) remu    a1, s9, sp
core   0: 3 0x8000d530 (0x022cf5b3) x11 0xffffff96
core   0: 0x8000d534 (0xb934bf13) sltiu   t5, s1, -1133
core   0: 3 0x8000d534 (0xb934bf13) x30 0x00000001
core   0: 0x8000d538 (0x002ff4b3) and     s1, t6, sp
core   0: 3 0x8000d538 (0x002ff4b3) x 9 0x00000000
core   0: 0x8000d53c (0xb4f2bb93) sltiu   s7, t0, -1201
core   0: 3 0x8000d53c (0xb4f2bb93) x23 0x00000001
core   0: 0x8000d540 (0x0241deb3) divu    t4, gp, tp
core   0: 3 0x8000d540 (0x0241deb3) x29 0x00000000
core   0: 0x8000d544 (0x016c86b3) add     a3, s9, s6
core   0: 3 0x8000d544 (0x016c86b3) x13 0x80025dbe
core   0: 0x8000d548 (0x40de0e93) addi    t4, t3, 1037
core   0: 3 0x8000d548 (0x40de0e93) x29 0x045c200a
core   0: 0x8000d54c (0x419e5133) sra     sp, t3, s9
core   0: 3 0x8000d54c (0x419e5133) x 2 0x00000011
core   0: 0x8000d550 (0x01f83133) sltu    sp, a6, t6
core   0: 3 0x8000d550 (0x01f83133) x 2 0x00000000
core   0: 0x8000d554 (0x41225533) sra     a0, tp, s2
core   0: 3 0x8000d554 (0x41225533) x10 0xfffffffe
core   0: 0x8000d558 (0xec5ba237) lui     tp, 0xec5ba
core   0: 3 0x8000d558 (0xec5ba237) x 4 0xec5ba000
core   0: 0x8000d55c (0xd4c23793) sltiu   a5, tp, -692
core   0: 3 0x8000d55c (0xd4c23793) x15 0x00000001
core   0: 0x8000d560 (0x007814b3) sll     s1, a6, t2
core   0: 3 0x8000d560 (0x007814b3) x 9 0x00000000
core   0: 0x8000d564 (0x04bd1263) bne     s10, a1, pc + 68
core   0: 3 0x8000d564 (0x04bd1263)
core   0: 0x8000d5a8 (0x00b26133) or      sp, tp, a1
core   0: 3 0x8000d5a8 (0x00b26133) x 2 0xffffff96
core   0: 0x8000d5ac (0x274c6a93) ori     s5, s8, 628
core   0: 3 0x8000d5ac (0x274c6a93) x21 0x00000274
core   0: 0x8000d5b0 (0x01b5d463) bge     a1, s11, pc + 8
core   0: 3 0x8000d5b0 (0x01b5d463)
core   0: 0x8000d5b8 (0x00160cb3) add     s9, a2, ra
core   0: 3 0x8000d5b8 (0x00160cb3) x25 0xcdab1d9e
core   0: 0x8000d5bc (0x05071063) bne     a4, a6, pc + 64
core   0: 3 0x8000d5bc (0x05071063)
core   0: 0x8000d5fc (0x016c73b3) and     t2, s8, s6
core   0: 3 0x8000d5fc (0x016c73b3) x 7 0x00000000
core   0: 0x8000d600 (0x0031e6b3) or      a3, gp, gp
core   0: 3 0x8000d600 (0x0031e6b3) x13 0x00000000
core   0: 0x8000d604 (0x00b93233) sltu    tp, s2, a1
core   0: 3 0x8000d604 (0x00b93233) x 4 0x00000001
core   0: 0x8000d608 (0x0250d8b3) divu    a7, ra, t0
core   0: 3 0x8000d608 (0x0250d8b3) x17 0x00000000
core   0: 0x8000d60c (0x414fda13) srai    s4, t6, 20
core   0: 3 0x8000d60c (0x414fda13) x20 0x00000000
core   0: 0x8000d610 (0x021be863) bltu    s7, ra, pc + 48
core   0: 3 0x8000d610 (0x021be863)
core   0: 0x8000d640 (0x27d64593) xori    a1, a2, 637
core   0: 3 0x8000d640 (0x27d64593) x11 0xcdab1e51
core   0: 0x8000d644 (0x4038d993) srai    s3, a7, 3
core   0: 3 0x8000d644 (0x4038d993) x19 0x00000000
core   0: 0x8000d648 (0x02efc033) div     zero, t6, a4
core   0: 3 0x8000d648 (0x02efc033)
core   0: 0x8000d64c (0x017f1493) slli    s1, t5, 23
core   0: 3 0x8000d64c (0x017f1493) x 9 0x00800000
core   0: 0x8000d650 (0x03bf07b3) mul     a5, t5, s11
core   0: 3 0x8000d650 (0x03bf07b3) x15 0x80029ce4
core   0: 0x8000d654 (0x0186e8b3) or      a7, a3, s8
core   0: 3 0x8000d654 (0x0186e8b3) x17 0x00000000
core   0: 0x8000d658 (0x02495eb3) divu    t4, s2, tp
core   0: 3 0x8000d658 (0x02495eb3) x29 0xfffe8909
core   0: 0x8000d65c (0x007299b3) sll     s3, t0, t2
core   0: 3 0x8000d65c (0x007299b3) x19 0x6394e000
core   0: 0x8000d660 (0x00276eb3) or      t4, a4, sp
core   0: 3 0x8000d660 (0x00276eb3) x29 0xfffffff6
core   0: 0x8000d664 (0x03357ab3) remu    s5, a0, s3
core   0: 3 0x8000d664 (0x03357ab3) x21 0x38d63ffe
core   0: 0x8000d668 (0x000d8033) add     zero, s11, zero
core   0: 3 0x8000d668 (0x000d8033)
core   0: 0x8000d66c (0x03203a33) mulhu   s4, zero, s2
core   0: 3 0x8000d66c (0x03203a33) x20 0x00000000
core   0: 0x8000d670 (0x0250ce33) div     t3, ra, t0
core   0: 3 0x8000d670 (0x0250ce33) x28 0x00000000
core   0: 0x8000d674 (0x00011d13) slli    s10, sp, 0
core   0: 3 0x8000d674 (0x00011d13) x26 0xffffff96
core   0: 0x8000d678 (0x014c2d33) slt     s10, s8, s4
core   0: 3 0x8000d678 (0x014c2d33) x26 0x00000000
core   0: 0x8000d67c (0x027b8bb3) mul     s7, s7, t2
core   0: 3 0x8000d67c (0x027b8bb3) x23 0x00000000
core   0: 0x8000d680 (0x0592e663) bltu    t0, s9, pc + 76
core   0: 3 0x8000d680 (0x0592e663)
core   0: 0x8000d6cc (0x02d16633) rem     a2, sp, a3
core   0: 3 0x8000d6cc (0x02d16633) x12 0xffffff96
core   0: 0x8000d6d0 (0x031321b3) mulhsu  gp, t1, a7
core   0: 3 0x8000d6d0 (0x031321b3) x 3 0x00000000
core   0: 0x8000d6d4 (0x0132f263) bgeu    t0, s3, pc + 4
core   0: 3 0x8000d6d4 (0x0132f263)
core   0: 0x8000d6d8 (0x00dc1f33) sll     t5, s8, a3
core   0: 3 0x8000d6d8 (0x00dc1f33) x30 0x00000000
core   0: 0x8000d6dc (0x9c816413) ori     s0, sp, -1592
core   0: 3 0x8000d6dc (0x9c816413) x 8 0xffffffde
core   0: 0x8000d6e0 (0xc27f6c93) ori     s9, t5, -985
core   0: 3 0x8000d6e0 (0xc27f6c93) x25 0xfffffc27
core   0: 0x8000d6e4 (0x01cbf633) and     a2, s7, t3
core   0: 3 0x8000d6e4 (0x01cbf633) x12 0x00000000
core   0: 0x8000d6e8 (0x01a909b3) add     s3, s2, s10
core   0: 3 0x8000d6e8 (0x01a909b3) x19 0xfffe8909
core   0: 0x8000d6ec (0x00000013) nop
core   0: 3 0x8000d6ec (0x00000013)
core   0: 0x8000d6f0 (0x02c148b3) div     a7, sp, a2
core   0: 3 0x8000d6f0 (0x02c148b3) x17 0xffffffff
core   0: 0x8000d6f4 (0x02111933) mulh    s2, sp, ra
core   0: 3 0x8000d6f4 (0x02111933) x18 0xffffffff
core   0: 0x8000d6f8 (0x01541263) bne     s0, s5, pc + 4
core   0: 3 0x8000d6f8 (0x01541263)
core   0: 0x8000d6fc (0xf2e17813) andi    a6, sp, -210
core   0: 3 0x8000d6fc (0xf2e17813) x16 0xffffff06
core   0: 0x8000d700 (0x41a78433) sub     s0, a5, s10
core   0: 3 0x8000d700 (0x41a78433) x 8 0x80029ce4
core   0: 0x8000d704 (0x03769f33) mulh    t5, a3, s7
core   0: 3 0x8000d704 (0x03769f33) x30 0x00000000
core   0: 0x8000d708 (0x039f92b3) mulh    t0, t6, s9
core   0: 3 0x8000d708 (0x039f92b3) x 5 0x00000000
core   0: 0x8000d70c (0x037bd2b3) divu    t0, s7, s7
core   0: 3 0x8000d70c (0x037bd2b3) x 5 0xffffffff
core   0: 0x8000d710 (0x014f8333) add     t1, t6, s4
core   0: 3 0x8000d710 (0x014f8333) x 6 0x00000000
core   0: 0x8000d714 (0x4d0c2113) slti    sp, s8, 1232
core   0: 3 0x8000d714 (0x4d0c2113) x 2 0x00000001
core   0: 0x8000d718 (0x01e6db93) srli    s7, a3, 30
core   0: 3 0x8000d718 (0x01e6db93) x23 0x00000000
core   0: 0x8000d71c (0x4d39a593) slti    a1, s3, 1235
core   0: 3 0x8000d71c (0x4d39a593) x11 0x00000001
core   0: 0x8000d720 (0x01225f93) srli    t6, tp, 18
core   0: 3 0x8000d720 (0x01225f93) x31 0x00000000
core   0: 0x8000d724 (0x05a70263) beq     a4, s10, pc + 68
core   0: 3 0x8000d724 (0x05a70263)
core   0: 0x8000d728 (0x0503c663) blt     t2, a6, pc + 76
core   0: 3 0x8000d728 (0x0503c663)
core   0: 0x8000d72c (0x0157e0b3) or      ra, a5, s5
core   0: 3 0x8000d72c (0x0157e0b3) x 1 0xb8d6bffe
core   0: 0x8000d730 (0x0173ca63) blt     t2, s7, pc + 20
core   0: 3 0x8000d730 (0x0173ca63)
core   0: 0x8000d734 (0x6e556e13) ori     t3, a0, 1765
core   0: 3 0x8000d734 (0x6e556e13) x28 0xffffffff
core   0: 0x8000d738 (0x038cf5b3) remu    a1, s9, s8
core   0: 3 0x8000d738 (0x038cf5b3) x11 0xfffffc27
core   0: 0x8000d73c (0x01ca1c63) bne     s4, t3, pc + 24
core   0: 3 0x8000d73c (0x01ca1c63)
core   0: 0x8000d754 (0x013fd413) srli    s0, t6, 19
core   0: 3 0x8000d754 (0x013fd413) x 8 0x00000000
core   0: 0x8000d758 (0x01af41b3) xor     gp, t5, s10
core   0: 3 0x8000d758 (0x01af41b3) x 3 0x00000000
core   0: 0x8000d75c (0x019bd393) srli    t2, s7, 25
core   0: 3 0x8000d75c (0x019bd393) x 7 0x00000000
core   0: 0x8000d760 (0x019fd413) srli    s0, t6, 25
core   0: 3 0x8000d760 (0x019fd413) x 8 0x00000000
core   0: 0x8000d764 (0x01055933) srl     s2, a0, a6
core   0: 3 0x8000d764 (0x01055933) x18 0x03ffffff
core   0: 0x8000d768 (0x024c3133) mulhu   sp, s8, tp
core   0: 3 0x8000d768 (0x024c3133) x 2 0x00000000
core   0: 0x8000d76c (0x2c583e37) lui     t3, 0x2c583
core   0: 3 0x8000d76c (0x2c583e37) x28 0x2c583000
core   0: 0x8000d770 (0x01e81593) slli    a1, a6, 30
core   0: 3 0x8000d770 (0x01e81593) x11 0x80000000
core   0: 0x8000d774 (0x1890b393) sltiu   t2, ra, 393
core   0: 3 0x8000d774 (0x1890b393) x 7 0x00000000
core   0: 0x8000d778 (0x730ce913) ori     s2, s9, 1840
core   0: 3 0x8000d778 (0x730ce913) x18 0xffffff37
core   0: 0x8000d77c (0x1f7c6f13) ori     t5, s8, 503
core   0: 3 0x8000d77c (0x1f7c6f13) x30 0x000001f7
core   0: 0x8000d780 (0x01b163b3) or      t2, sp, s11
core   0: 3 0x8000d780 (0x01b163b3) x 7 0x80029ce4
core   0: 0x8000d784 (0xf88b3293) sltiu   t0, s6, -120
core   0: 3 0x8000d784 (0xf88b3293) x 5 0x00000001
core   0: 0x8000d788 (0x02c1f063) bgeu    gp, a2, pc + 32
core   0: 3 0x8000d788 (0x02c1f063)
core   0: 0x8000d7a8 (0x0045a833) slt     a6, a1, tp
core   0: 3 0x8000d7a8 (0x0045a833) x16 0x00000001
core   0: 0x8000d7ac (0x02567663) bgeu    a2, t0, pc + 44
core   0: 3 0x8000d7ac (0x02567663)
core   0: 0x8000d7b0 (0x01d4de13) srli    t3, s1, 29
core   0: 3 0x8000d7b0 (0x01d4de13) x28 0x00000000
core   0: 0x8000d7b4 (0x01c0d693) srli    a3, ra, 28
core   0: 3 0x8000d7b4 (0x01c0d693) x13 0x0000000b
core   0: 0x8000d7b8 (0x401ccd13) xori    s10, s9, 1025
core   0: 3 0x8000d7b8 (0x401ccd13) x26 0xfffff826
core   0: 0x8000d7bc (0x01749eb3) sll     t4, s1, s7
core   0: 3 0x8000d7bc (0x01749eb3) x29 0x00800000
core   0: 0x8000d7c0 (0x038067b3) rem     a5, zero, s8
core   0: 3 0x8000d7c0 (0x038067b3) x15 0x00000000
core   0: 0x8000d7c4 (0x019f8433) add     s0, t6, s9
core   0: 3 0x8000d7c4 (0x019f8433) x 8 0xfffffc27
core   0: 0x8000d7c8 (0x01015593) srli    a1, sp, 16
core   0: 3 0x8000d7c8 (0x01015593) x11 0x00000000
core   0: 0x8000d7cc (0x01a9cfb3) xor     t6, s3, s10
core   0: 3 0x8000d7cc (0x01a9cfb3) x31 0x0001712f
core   0: 0x8000d7d0 (0x01f7bf33) sltu    t5, a5, t6
core   0: 3 0x8000d7d0 (0x01f7bf33) x30 0x00000001
core   0: 0x8000d7d4 (0x0032d793) srli    a5, t0, 3
core   0: 3 0x8000d7d4 (0x0032d793) x15 0x00000000
core   0: 0x8000d7d8 (0xdc9de813) ori     a6, s11, -567
core   0: 3 0x8000d7d8 (0xdc9de813) x16 0xfffffded
core   0: 0x8000d7dc (0x03288e63) beq     a7, s2, pc + 60
core   0: 3 0x8000d7dc (0x03288e63)
core   0: 0x8000d7e0 (0xd8a92d13) slti    s10, s2, -630
core   0: 3 0x8000d7e0 (0xd8a92d13) x26 0x00000000
core   0: 0x8000d7e4 (0x04947463) bgeu    s0, s1, pc + 72
core   0: 3 0x8000d7e4 (0x04947463)
core   0: 0x8000d82c (0x323f3f93) sltiu   t6, t5, 803
core   0: 3 0x8000d82c (0x323f3f93) x31 0x00000001
core   0: 0x8000d830 (0x011e9c93) slli    s9, t4, 17
core   0: 3 0x8000d830 (0x011e9c93) x25 0x00000000
core   0: 0x8000d834 (0x024e5333) divu    t1, t3, tp
core   0: 3 0x8000d834 (0x024e5333) x 6 0x00000000
core   0: 0x8000d838 (0x02ed6633) rem     a2, s10, a4
core   0: 3 0x8000d838 (0x02ed6633) x12 0x00000000
core   0: 0x8000d83c (0x00805c33) srl     s8, zero, s0
core   0: 3 0x8000d83c (0x00805c33) x24 0x00000000
core   0: 0x8000d840 (0x0172d1b3) srl     gp, t0, s7
core   0: 3 0x8000d840 (0x0172d1b3) x 3 0x00000001
core   0: 0x8000d844 (0x3d522e17) auipc   t3, 0x3d522
core   0: 3 0x8000d844 (0x3d522e17) x28 0xbd52f844
core   0: 0x8000d848 (0x04cd5863) bge     s10, a2, pc + 80
core   0: 3 0x8000d848 (0x04cd5863)
core   0: 0x8000d898 (0x00cb9bb3) sll     s7, s7, a2
core   0: 3 0x8000d898 (0x00cb9bb3) x23 0x00000000
core   0: 0x8000d89c (0x0157b833) sltu    a6, a5, s5
core   0: 3 0x8000d89c (0x0157b833) x16 0x00000001
core   0: 0x8000d8a0 (0x01104233) xor     tp, zero, a7
core   0: 3 0x8000d8a0 (0x01104233) x 4 0xffffffff
core   0: 0x8000d8a4 (0x021ece63) blt     t4, ra, pc + 60
core   0: 3 0x8000d8a4 (0x021ece63)
core   0: 0x8000d8a8 (0x01368eb3) add     t4, a3, s3
core   0: 3 0x8000d8a8 (0x01368eb3) x29 0xfffe8914
core   0: 0x8000d8ac (0x025354b3) divu    s1, t1, t0
core   0: 3 0x8000d8ac (0x025354b3) x 9 0x00000000
core   0: 0x8000d8b0 (0x000e9f13) slli    t5, t4, 0
core   0: 3 0x8000d8b0 (0x000e9f13) x30 0xfffe8914
core   0: 0x8000d8b4 (0x025fcbb3) div     s7, t6, t0
core   0: 3 0x8000d8b4 (0x025fcbb3) x23 0x00000001
core   0: 0x8000d8b8 (0x01584833) xor     a6, a6, s5
core   0: 3 0x8000d8b8 (0x01584833) x16 0x38d63fff
core   0: 0x8000d8bc (0x02ba0933) mul     s2, s4, a1
core   0: 3 0x8000d8bc (0x02ba0933) x18 0x00000000
core   0: 0x8000d8c0 (0x00bcd8b3) srl     a7, s9, a1
core   0: 3 0x8000d8c0 (0x00bcd8b3) x17 0x00000000
core   0: 0x8000d8c4 (0x02bc7fb3) remu    t6, s8, a1
core   0: 3 0x8000d8c4 (0x02bc7fb3) x31 0x00000000
core   0: 0x8000d8c8 (0x00edf2b3) and     t0, s11, a4
core   0: 3 0x8000d8c8 (0x00edf2b3) x 5 0x800098e4
core   0: 0x8000d8cc (0x0210a533) mulhsu  a0, ra, ra
core   0: 3 0x8000d8cc (0x0210a533) x10 0xcc9ea824
core   0: 0x8000d8d0 (0x00785f33) srl     t5, a6, t2
core   0: 3 0x8000d8d0 (0x00785f33) x30 0x038d63ff
core   0: 0x8000d8d4 (0x015fc863) blt     t6, s5, pc + 16
core   0: 3 0x8000d8d4 (0x015fc863)
core   0: 0x8000d8e4 (0x0130a9b3) slt     s3, ra, s3
core   0: 3 0x8000d8e4 (0x0130a9b3) x19 0x00000001
core   0: 0x8000d8e8 (0x006f89b3) add     s3, t6, t1
core   0: 3 0x8000d8e8 (0x006f89b3) x19 0x00000000
core   0: 0x8000d8ec (0x00fd1c93) slli    s9, s10, 15
core   0: 3 0x8000d8ec (0x00fd1c93) x25 0x00000000
core   0: 0x8000d8f0 (0x02e348b3) div     a7, t1, a4
core   0: 3 0x8000d8f0 (0x02e348b3) x17 0x00000000
core   0: 0x8000d8f4 (0x02629ab3) mulh    s5, t0, t1
core   0: 3 0x8000d8f4 (0x02629ab3) x21 0x00000000
core   0: 0x8000d8f8 (0x052d5663) bge     s10, s2, pc + 76
core   0: 3 0x8000d8f8 (0x052d5663)
core   0: 0x8000d944 (0x01790333) add     t1, s2, s7
core   0: 3 0x8000d944 (0x01790333) x 6 0x00000001
core   0: 0x8000d948 (0x0284ecb3) rem     s9, s1, s0
core   0: 3 0x8000d948 (0x0284ecb3) x25 0x00000000
core   0: 0x8000d94c (0x0168fd33) and     s10, a7, s6
core   0: 3 0x8000d94c (0x0168fd33) x26 0x00000000
core   0: 0x8000d950 (0x00605533) srl     a0, zero, t1
core   0: 3 0x8000d950 (0x00605533) x10 0x00000000
core   0: 0x8000d954 (0x52fb7513) andi    a0, s6, 1327
core   0: 3 0x8000d954 (0x52fb7513) x10 0x00000428
core   0: 0x8000d958 (0x409cdfb3) sra     t6, s9, s1
core   0: 3 0x8000d958 (0x409cdfb3) x31 0x00000000
core   0: 0x8000d95c (0x15b33113) sltiu   sp, t1, 347
core   0: 3 0x8000d95c (0x15b33113) x 2 0x00000001
core   0: 0x8000d960 (0x02adf7b3) remu    a5, s11, a0
core   0: 3 0x8000d960 (0x02adf7b3) x15 0x000002a4
core   0: 0x8000d964 (0x026c4663) blt     s8, t1, pc + 44
core   0: 3 0x8000d964 (0x026c4663)
core   0: 0x8000d990 (0xf6402593) slti    a1, zero, -156
core   0: 3 0x8000d990 (0xf6402593) x11 0x00000000
core   0: 0x8000d994 (0x00711d13) slli    s10, sp, 7
core   0: 3 0x8000d994 (0x00711d13) x26 0x00000080
core   0: 0x8000d998 (0x014b8bb3) add     s7, s7, s4
core   0: 3 0x8000d998 (0x014b8bb3) x23 0x00000001
core   0: 0x8000d99c (0x4089de33) sra     t3, s3, s0
core   0: 3 0x8000d99c (0x4089de33) x28 0x00000000
core   0: 0x8000d9a0 (0x02824eb3) div     t4, tp, s0
core   0: 3 0x8000d9a0 (0x02824eb3) x29 0x00000000
core   0: 0x8000d9a4 (0x016f5263) bge     t5, s6, pc + 4
core   0: 3 0x8000d9a4 (0x016f5263)
core   0: 0x8000d9a8 (0xfcc2a313) slti    t1, t0, -52
core   0: 3 0x8000d9a8 (0xfcc2a313) x 6 0x00000001
core   0: 0x8000d9ac (0x00000013) nop
core   0: 3 0x8000d9ac (0x00000013)
core   0: 0x8000d9b0 (0x00d3aeb3) slt     t4, t2, a3
core   0: 3 0x8000d9b0 (0x00d3aeb3) x29 0x00000001
core   0: 0x8000d9b4 (0x011e0463) beq     t3, a7, pc + 8
core   0: 3 0x8000d9b4 (0x011e0463)
core   0: 0x8000d9bc (0x05845263) bge     s0, s8, pc + 68
core   0: 3 0x8000d9bc (0x05845263)
core   0: 0x8000d9c0 (0x033989b3) mul     s3, s3, s3
core   0: 3 0x8000d9c0 (0x033989b3) x19 0x00000000
core   0: 0x8000d9c4 (0x03666633) rem     a2, a2, s6
core   0: 3 0x8000d9c4 (0x03666633) x12 0x00000000
core   0: 0x8000d9c8 (0x0225acb3) mulhsu  s9, a1, sp
core   0: 3 0x8000d9c8 (0x0225acb3) x25 0x00000000
core   0: 0x8000d9cc (0x0379d263) bge     s3, s7, pc + 36
core   0: 3 0x8000d9cc (0x0379d263)
core   0: 0x8000d9d0 (0x00643f33) sltu    t5, s0, t1
core   0: 3 0x8000d9d0 (0x00643f33) x30 0x00000000
core   0: 0x8000d9d4 (0x03941063) bne     s0, s9, pc + 32
core   0: 3 0x8000d9d4 (0x03941063)
core   0: 0x8000d9f4 (0x02051263) bnez    a0, pc + 36
core   0: 3 0x8000d9f4 (0x02051263)
core   0: 0x8000da18 (0x008ac3b3) xor     t2, s5, s0
core   0: 3 0x8000da18 (0x008ac3b3) x 7 0xfffffc27
core   0: 0x8000da1c (0x03aa8463) beq     s5, s10, pc + 40
core   0: 3 0x8000da1c (0x03aa8463)
core   0: 0x8000da20 (0x019510b3) sll     ra, a0, s9
core   0: 3 0x8000da20 (0x019510b3) x 1 0x00000428
core   0: 0x8000da24 (0x02cb90b3) mulh    ra, s7, a2
core   0: 3 0x8000da24 (0x02cb90b3) x 1 0x00000000
core   0: 0x8000da28 (0x03372e33) mulhsu  t3, a4, s3
core   0: 3 0x8000da28 (0x03372e33) x28 0x00000000
core   0: 0x8000da2c (0xb31c8217) auipc   tp, 0xb31c8
core   0: 3 0x8000da2c (0xb31c8217) x 4 0x331d5a2c
core   0: 0x8000da30 (0x044cf063) bgeu    s9, tp, pc + 64
core   0: 3 0x8000da30 (0x044cf063)
core   0: 0x8000da34 (0x41180a33) sub     s4, a6, a7
core   0: 3 0x8000da34 (0x41180a33) x20 0x38d63fff
core   0: 0x8000da38 (0x00bf5093) srli    ra, t5, 11
core   0: 3 0x8000da38 (0x00bf5093) x 1 0x00000000
core   0: 0x8000da3c (0x00495e33) srl     t3, s2, tp
core   0: 3 0x8000da3c (0x00495e33) x28 0x00000000
core   0: 0x8000da40 (0x017923b3) slt     t2, s2, s7
core   0: 3 0x8000da40 (0x017923b3) x 7 0x00000001
core   0: 0x8000da44 (0x02250633) mul     a2, a0, sp
core   0: 3 0x8000da44 (0x02250633) x12 0x00000428
core   0: 0x8000da48 (0x02e0d533) divu    a0, ra, a4
core   0: 3 0x8000da48 (0x02e0d533) x10 0x00000000
core   0: 0x8000da4c (0x05314263) blt     sp, s3, pc + 68
core   0: 3 0x8000da4c (0x05314263)
core   0: 0x8000da50 (0x0233b333) mulhu   t1, t2, gp
core   0: 3 0x8000da50 (0x0233b333) x 6 0x00000000
core   0: 0x8000da54 (0x03e38333) mul     t1, t2, t5
core   0: 3 0x8000da54 (0x03e38333) x 6 0x00000000
core   0: 0x8000da58 (0x0311ec33) rem     s8, gp, a7
core   0: 3 0x8000da58 (0x0311ec33) x24 0x00000001
core   0: 0x8000da5c (0x020dbd33) mulhu   s10, s11, zero
core   0: 3 0x8000da5c (0x020dbd33) x26 0x00000000
core   0: 0x8000da60 (0x00000013) nop
core   0: 3 0x8000da60 (0x00000013)
core   0: 0x8000da64 (0x03b651b3) divu    gp, a2, s11
core   0: 3 0x8000da64 (0x03b651b3) x 3 0x00000000
core   0: 0x8000da68 (0x00759293) slli    t0, a1, 7
core   0: 3 0x8000da68 (0x00759293) x 5 0x00000000
core   0: 0x8000da6c (0x00661993) slli    s3, a2, 6
core   0: 3 0x8000da6c (0x00661993) x19 0x00010a00
core   0: 0x8000da70 (0x013001b3) add     gp, zero, s3
core   0: 3 0x8000da70 (0x013001b3) x 3 0x00010a00
core   0: 0x8000da74 (0xbf7bb193) sltiu   gp, s7, -1033
core   0: 3 0x8000da74 (0xbf7bb193) x 3 0x00000001
core   0: 0x8000da78 (0x00ca9263) bne     s5, a2, pc + 4
core   0: 3 0x8000da78 (0x00ca9263)
core   0: 0x8000da7c (0x03986c33) rem     s8, a6, s9
core   0: 3 0x8000da7c (0x03986c33) x24 0x38d63fff
core   0: 0x8000da80 (0x0384b033) mulhu   zero, s1, s8
core   0: 3 0x8000da80 (0x0384b033)
core   0: 0x8000da84 (0x014329b3) slt     s3, t1, s4
core   0: 3 0x8000da84 (0x014329b3) x19 0x00000001
core   0: 0x8000da88 (0x00379833) sll     a6, a5, gp
core   0: 3 0x8000da88 (0x00379833) x16 0x00000548
core   0: 0x8000da8c (0x005b4263) blt     s6, t0, pc + 4
core   0: 3 0x8000da8c (0x005b4263)
core   0: 0x8000da90 (0x01d3dc33) srl     s8, t2, t4
core   0: 3 0x8000da90 (0x01d3dc33) x24 0x00000000
core   0: 0x8000da94 (0x00554633) xor     a2, a0, t0
core   0: 3 0x8000da94 (0x00554633) x12 0x00000000
core   0: 0x8000da98 (0x0280e933) rem     s2, ra, s0
core   0: 3 0x8000da98 (0x0280e933) x18 0x00000000
core   0: 0x8000da9c (0x03a15863) bge     sp, s10, pc + 48
core   0: 3 0x8000da9c (0x03a15863)
core   0: 0x8000dacc (0x01f4dd33) srl     s10, s1, t6
core   0: 3 0x8000dacc (0x01f4dd33) x26 0x00000000
core   0: 0x8000dad0 (0x402188b3) sub     a7, gp, sp
core   0: 3 0x8000dad0 (0x402188b3) x17 0x00000000
core   0: 0x8000dad4 (0x007e6463) bltu    t3, t2, pc + 8
core   0: 3 0x8000dad4 (0x007e6463)
core   0: 0x8000dadc (0x02ff8bb3) mul     s7, t6, a5
core   0: 3 0x8000dadc (0x02ff8bb3) x23 0x00000000
core   0: 0x8000dae0 (0x02950e63) beq     a0, s1, pc + 60
core   0: 3 0x8000dae0 (0x02950e63)
core   0: 0x8000db1c (0x146d4213) xori    tp, s10, 326
core   0: 3 0x8000db1c (0x146d4213) x 4 0x00000146
core   0: 0x8000db20 (0x035702b3) mul     t0, a4, s5
core   0: 3 0x8000db20 (0x035702b3) x 5 0x00000000
core   0: 0x8000db24 (0x00129a13) slli    s4, t0, 1
core   0: 3 0x8000db24 (0x00129a13) x20 0x00000000
core   0: 0x8000db28 (0x2476b113) sltiu   sp, a3, 583
core   0: 3 0x8000db28 (0x2476b113) x 2 0x00000001
core   0: 0x8000db2c (0x3926f693) andi    a3, a3, 914
core   0: 3 0x8000db2c (0x3926f693) x13 0x00000002
core   0: 0x8000db30 (0x003f5c13) srli    s8, t5, 3
core   0: 3 0x8000db30 (0x003f5c13) x24 0x00000000
core   0: 0x8000db34 (0x006d1413) slli    s0, s10, 6
core   0: 3 0x8000db34 (0x006d1413) x 8 0x00000000
core   0: 0x8000db38 (0xa0eb0493) addi    s1, s6, -1522
core   0: 3 0x8000db38 (0xa0eb0493) x 9 0x80025836
core   0: 0x8000db3c (0x950a6413) ori     s0, s4, -1712
core   0: 3 0x8000db3c (0x950a6413) x 8 0xfffff950
core   0: 0x8000db40 (0x01a80bb3) add     s7, a6, s10
core   0: 3 0x8000db40 (0x01a80bb3) x23 0x00000548
core   0: 0x8000db44 (0x014769b3) or      s3, a4, s4
core   0: 3 0x8000db44 (0x014769b3) x19 0xeb14dae6
core   0: 0x8000db48 (0x02001fb3) mulh    t6, zero, zero
core   0: 3 0x8000db48 (0x02001fb3) x31 0x00000000
core   0: 0x8000db4c (0x38a6a513) slti    a0, a3, 906
core   0: 3 0x8000db4c (0x38a6a513) x10 0x00000001
core   0: 0x8000db50 (0x0174b6b3) sltu    a3, s1, s7
core   0: 3 0x8000db50 (0x0174b6b3) x13 0x00000000
core   0: 0x8000db54 (0x041a7263) bgeu    s4, ra, pc + 68
core   0: 3 0x8000db54 (0x041a7263)
core   0: 0x8000db98 (0x02915063) bge     sp, s1, pc + 32
core   0: 3 0x8000db98 (0x02915063)
core   0: 0x8000dbb8 (0x014c7033) and     zero, s8, s4
core   0: 3 0x8000dbb8 (0x014c7033)
core   0: 0x8000dbbc (0xaa598113) addi    sp, s3, -1371
core   0: 3 0x8000dbbc (0xaa598113) x 2 0xeb14d58b
core   0: 0x8000dbc0 (0x00e16eb3) or      t4, sp, a4
core   0: 3 0x8000dbc0 (0x00e16eb3) x29 0xeb14dfef
core   0: 0x8000dbc4 (0x01ab49b3) xor     s3, s6, s10
core   0: 3 0x8000dbc4 (0x01ab49b3) x19 0x80025e28
core   0: 0x8000dbc8 (0x40ed04b3) sub     s1, s10, a4
core   0: 3 0x8000dbc8 (0x40ed04b3) x 9 0x14eb251a
core   0: 0x8000dbcc (0x72837f13) andi    t5, t1, 1832
core   0: 3 0x8000dbcc (0x72837f13) x30 0x00000000
core   0: 0x8000dbd0 (0xbb03cd13) xori    s10, t2, -1104
core   0: 3 0x8000dbd0 (0xbb03cd13) x26 0xfffffbb1
core   0: 0x8000dbd4 (0x041fd263) bge     t6, ra, pc + 68
core   0: 3 0x8000dbd4 (0x041fd263)
core   0: 0x8000dc18 (0x00347933) and     s2, s0, gp
core   0: 3 0x8000dc18 (0x00347933) x18 0x00000000
core   0: 0x8000dc1c (0x05b86463) bltu    a6, s11, pc + 72
core   0: 3 0x8000dc1c (0x05b86463)
core   0: 0x8000dc64 (0x2e3992b7) lui     t0, 0x2e399
core   0: 3 0x8000dc64 (0x2e3992b7) x 5 0x2e399000
core   0: 0x8000dc68 (0x0400f063) bgeu    ra, zero, pc + 64
core   0: 3 0x8000dc68 (0x0400f063)
core   0: 0x8000dca8 (0x009325b3) slt     a1, t1, s1
core   0: 3 0x8000dca8 (0x009325b3) x11 0x00000001
core   0: 0x8000dcac (0x85d5ec37) lui     s8, 0x85d5e
core   0: 3 0x8000dcac (0x85d5ec37) x24 0x85d5e000
core   0: 0x8000dcb0 (0x04ff0663) beq     t5, a5, pc + 76
core   0: 3 0x8000dcb0 (0x04ff0663)
core   0: 0x8000dcb4 (0x016d9813) slli    a6, s11, 22
core   0: 3 0x8000dcb4 (0x016d9813) x16 0x39000000
core   0: 0x8000dcb8 (0xa2620f13) addi    t5, tp, -1498
core   0: 3 0x8000dcb8 (0xa2620f13) x30 0xfffffb6c
core   0: 0x8000dcbc (0x01284263) blt     a6, s2, pc + 4
core   0: 3 0x8000dcbc (0x01284263)
core   0: 0x8000dcc0 (0xd466a613) slti    a2, a3, -698
core   0: 3 0x8000dcc0 (0xd466a613) x12 0x00000000
core   0: 0x8000dcc4 (0x00852533) slt     a0, a0, s0
core   0: 3 0x8000dcc4 (0x00852533) x10 0x00000000
core   0: 0x8000dcc8 (0x01a217b3) sll     a5, tp, s10
core   0: 3 0x8000dcc8 (0x01a217b3) x15 0x028c0000
core   0: 0x8000dccc (0x01550263) beq     a0, s5, pc + 4
core   0: 3 0x8000dccc (0x01550263)
core   0: 0x8000dcd0 (0x0258e933) rem     s2, a7, t0
core   0: 3 0x8000dcd0 (0x0258e933) x18 0x00000000
core   0: 0x8000dcd4 (0x41b183b3) sub     t2, gp, s11
core   0: 3 0x8000dcd4 (0x41b183b3) x 7 0x7ffd631d
core   0: 0x8000dcd8 (0x81288193) addi    gp, a7, -2030
core   0: 3 0x8000dcd8 (0x81288193) x 3 0xfffff812
core   0: 0x8000dcdc (0x01b789b3) add     s3, a5, s11
core   0: 3 0x8000dcdc (0x01b789b3) x19 0x828e9ce4
core   0: 0x8000dce0 (0x011a55b3) srl     a1, s4, a7
core   0: 3 0x8000dce0 (0x011a55b3) x11 0x00000000
core   0: 0x8000dce4 (0x2a1b61b7) lui     gp, 0x2a1b6
core   0: 3 0x8000dce4 (0x2a1b61b7) x 3 0x2a1b6000
core   0: 0x8000dce8 (0x1e248793) addi    a5, s1, 482
core   0: 3 0x8000dce8 (0x1e248793) x15 0x14eb26fc
core   0: 0x8000dcec (0x009eb9b3) sltu    s3, t4, s1
core   0: 3 0x8000dcec (0x009eb9b3) x19 0x00000000
core   0: 0x8000dcf0 (0x01532cb3) slt     s9, t1, s5
core   0: 3 0x8000dcf0 (0x01532cb3) x25 0x00000000
core   0: 0x8000dcf4 (0x054a0663) beq     s4, s4, pc + 76
core   0: 3 0x8000dcf4 (0x054a0663)
core   0: 0x8000dd40 (0x03204e63) blt     zero, s2, pc + 60
core   0: 3 0x8000dd40 (0x03204e63)
core   0: 0x8000dd44 (0x014b79b3) and     s3, s6, s4
core   0: 3 0x8000dd44 (0x014b79b3) x19 0x00000000
core   0: 0x8000dd48 (0x02e66063) bltu    a2, a4, pc + 32
core   0: 3 0x8000dd48 (0x02e66063)
core   0: 0x8000dd68 (0x9eb83d37) lui     s10, 0x9eb83
core   0: 3 0x8000dd68 (0x9eb83d37) x26 0x9eb83000
core   0: 0x8000dd6c (0x03b806b3) mul     a3, a6, s11
core   0: 3 0x8000dd6c (0x03b806b3) x13 0xc4000000
core   0: 0x8000dd70 (0xa6143393) sltiu   t2, s0, -1439
core   0: 3 0x8000dd70 (0xa6143393) x 7 0x00000001
core   0: 0x8000dd74 (0x010487b3) add     a5, s1, a6
core   0: 3 0x8000dd74 (0x010487b3) x15 0x4deb251a
core   0: 0x8000dd78 (0x01a06333) or      t1, zero, s10
core   0: 3 0x8000dd78 (0x01a06333) x 6 0x9eb83000
core   0: 0x8000dd7c (0x0195df13) srli    t5, a1, 25
core   0: 3 0x8000dd7c (0x0195df13) x30 0x00000000
core   0: 0x8000dd80 (0x026be4b3) rem     s1, s7, t1
core   0: 3 0x8000dd80 (0x026be4b3) x 9 0x00000548
core   0: 0x8000dd84 (0x02790463) beq     s2, t2, pc + 40
core   0: 3 0x8000dd84 (0x02790463)
core   0: 0x8000dd88 (0x023df3b3) remu    t2, s11, gp
core   0: 3 0x8000dd88 (0x023df3b3) x 7 0x01b07ce4
core   0: 0x8000dd8c (0x0286c5b3) div     a1, a3, s0
core   0: 3 0x8000dd8c (0x0286c5b3) x11 0x0008f8d2
core   0: 0x8000dd90 (0x0102f463) bgeu    t0, a6, pc + 8
core   0: 3 0x8000dd90 (0x0102f463)
core   0: 0x8000dd94 (0x018d10b3) sll     ra, s10, s8
core   0: 3 0x8000dd94 (0x018d10b3) x 1 0x9eb83000
core   0: 0x8000dd98 (0x02c8d933) divu    s2, a7, a2
core   0: 3 0x8000dd98 (0x02c8d933) x18 0xffffffff
core   0: 0x8000dd9c (0x00000013) nop
core   0: 3 0x8000dd9c (0x00000013)
core   0: 0x8000dda0 (0x033189b3) mul     s3, gp, s3
core   0: 3 0x8000dda0 (0x033189b3) x19 0x00000000
core   0: 0x8000dda4 (0x40068433) sub     s0, a3, zero
core   0: 3 0x8000dda4 (0x40068433) x 8 0xc4000000
core   0: 0x8000dda8 (0x4442a593) slti    a1, t0, 1092
core   0: 3 0x8000dda8 (0x4442a593) x11 0x00000000
core   0: 0x8000ddac (0x03ef48b3) div     a7, t5, t5
core   0: 3 0x8000ddac (0x03ef48b3) x17 0xffffffff
core   0: 0x8000ddb0 (0x030745b3) div     a1, a4, a6
core   0: 3 0x8000ddb0 (0x030745b3) x11 0x00000000
core   0: 0x8000ddb4 (0x01d49ab3) sll     s5, s1, t4
core   0: 3 0x8000ddb4 (0x01d49ab3) x21 0x02a40000
core   0: 0x8000ddb8 (0x0194cf33) xor     t5, s1, s9
core   0: 3 0x8000ddb8 (0x0194cf33) x30 0x00000548
core   0: 0x8000ddbc (0x00b027b3) slt     a5, zero, a1
core   0: 3 0x8000ddbc (0x00b027b3) x15 0x00000000
core   0: 0x8000ddc0 (0x387a0f93) addi    t6, s4, 903
core   0: 3 0x8000ddc0 (0x387a0f93) x31 0x00000387
core   0: 0x8000ddc4 (0x02f8de33) divu    t3, a7, a5
core   0: 3 0x8000ddc4 (0x02f8de33) x28 0xffffffff
core   0: 0x8000ddc8 (0x00515933) srl     s2, sp, t0
core   0: 3 0x8000ddc8 (0x00515933) x18 0xeb14d58b
core   0: 0x8000ddcc (0x03624663) blt     tp, s6, pc + 44
core   0: 3 0x8000ddcc (0x03624663)
core   0: 0x8000ddd0 (0x01c2e2b3) or      t0, t0, t3
core   0: 3 0x8000ddd0 (0x01c2e2b3) x 5 0xffffffff
core   0: 0x8000ddd4 (0x00000013) nop
core   0: 3 0x8000ddd4 (0x00000013)
core   0: 0x8000ddd8 (0x00ba8263) beq     s5, a1, pc + 4
core   0: 3 0x8000ddd8 (0x00ba8263)
core   0: 0x8000dddc (0x04ef4263) blt     t5, a4, pc + 68
core   0: 3 0x8000dddc (0x04ef4263)
core   0: 0x8000dde0 (0x2b0e7613) andi    a2, t3, 688
core   0: 3 0x8000dde0 (0x2b0e7613) x12 0x000002b0
core   0: 0x8000dde4 (0x029c1063) bne     s8, s1, pc + 32
core   0: 3 0x8000dde4 (0x029c1063)
core   0: 0x8000de04 (0x00cbd4b3) srl     s1, s7, a2
core   0: 3 0x8000de04 (0x00cbd4b3) x 9 0x00000000
core   0: 0x8000de08 (0x01533f33) sltu    t5, t1, s5
core   0: 3 0x8000de08 (0x01533f33) x30 0x00000000
core   0: 0x8000de0c (0x0280f533) remu    a0, ra, s0
core   0: 3 0x8000de0c (0x0280f533) x10 0x9eb83000
core   0: 0x8000de10 (0x02697eb3) remu    t4, s2, t1
core   0: 3 0x8000de10 (0x02697eb3) x29 0x4c5ca58b
core   0: 0x8000de14 (0xb52de997) auipc   s3, 0xb52de
core   0: 3 0x8000de14 (0xb52de997) x19 0x352ebe14
core   0: 0x8000de18 (0x021be863) bltu    s7, ra, pc + 48
core   0: 3 0x8000de18 (0x021be863)
core   0: 0x8000de48 (0x0372e333) rem     t1, t0, s7
core   0: 3 0x8000de48 (0x0372e333) x 6 0xffffffff
core   0: 0x8000de4c (0x00dfd5b3) srl     a1, t6, a3
core   0: 3 0x8000de4c (0x00dfd5b3) x11 0x00000387
core   0: 0x8000de50 (0xf446f413) andi    s0, a3, -188
core   0: 3 0x8000de50 (0xf446f413) x 8 0xc4000000
core   0: 0x8000de54 (0x02ea4f33) div     t5, s4, a4
core   0: 3 0x8000de54 (0x02ea4f33) x30 0x00000000
core   0: 0x8000de58 (0x02339ab3) mulh    s5, t2, gp
core   0: 3 0x8000de58 (0x02339ab3) x21 0x004722bc
core   0: 0x8000de5c (0x04d96063) bltu    s2, a3, pc + 64
core   0: 3 0x8000de5c (0x04d96063)
core   0: 0x8000de60 (0x0098df13) srli    t5, a7, 9
core   0: 3 0x8000de60 (0x0098df13) x30 0x007fffff
core   0: 0x8000de64 (0x0016e5b3) or      a1, a3, ra
core   0: 3 0x8000de64 (0x0016e5b3) x11 0xdeb83000
core   0: 0x8000de68 (0x7c496293) ori     t0, s2, 1988
core   0: 3 0x8000de68 (0x7c496293) x 5 0xeb14d7cf
core   0: 0x8000de6c (0xe786e813) ori     a6, a3, -392
core   0: 3 0x8000de6c (0xe786e813) x16 0xfffffe78
core   0: 0x8000de70 (0x02fa66b3) rem     a3, s4, a5
core   0: 3 0x8000de70 (0x02fa66b3) x13 0x00000000
core   0: 0x8000de74 (0x41efd693) srai    a3, t6, 30
core   0: 3 0x8000de74 (0x41efd693) x13 0x00000000
core   0: 0x8000de78 (0x417a0533) sub     a0, s4, s7
core   0: 3 0x8000de78 (0x417a0533) x10 0xfffffab8
core   0: 0x8000de7c (0xf27ff293) andi    t0, t6, -217
core   0: 3 0x8000de7c (0xf27ff293) x 5 0x00000307
core   0: 0x8000de80 (0x02a51333) mulh    t1, a0, a0
core   0: 3 0x8000de80 (0x02a51333) x 6 0x00000000
core   0: 0x8000de84 (0x008a60b3) or      ra, s4, s0
core   0: 3 0x8000de84 (0x008a60b3) x 1 0xc4000000
core   0: 0x8000de88 (0x006e4133) xor     sp, t3, t1
core   0: 3 0x8000de88 (0x006e4133) x 2 0xffffffff
core   0: 0x8000de8c (0x02968d33) mul     s10, a3, s1
core   0: 3 0x8000de8c (0x02968d33) x26 0x00000000
core   0: 0x8000de90 (0x40180633) sub     a2, a6, ra
core   0: 3 0x8000de90 (0x40180633) x12 0x3bfffe78
core   0: 0x8000de94 (0x01506c33) or      s8, zero, s5
core   0: 3 0x8000de94 (0x01506c33) x24 0x004722bc
core   0: 0x8000de98 (0x030bfc33) remu    s8, s7, a6
core   0: 3 0x8000de98 (0x030bfc33) x24 0x00000548
core   0: 0x8000de9c (0x04287463) bgeu    a6, sp, pc + 72
core   0: 3 0x8000de9c (0x04287463)
core   0: 0x8000dea0 (0x04a7f663) bgeu    a5, a0, pc + 76
core   0: 3 0x8000dea0 (0x04a7f663)
core   0: 0x8000dea4 (0x907a7393) andi    t2, s4, -1785
core   0: 3 0x8000dea4 (0x907a7393) x 7 0x00000000
core   0: 0x8000dea8 (0x05cec617) auipc   a2, 0x5cec
core   0: 3 0x8000dea8 (0x05cec617) x12 0x85cf9ea8
core   0: 0x8000deac (0x05858263) beq     a1, s8, pc + 68
core   0: 3 0x8000deac (0x05858263)
core   0: 0x8000deb0 (0x029c44b3) div     s1, s8, s1
core   0: 3 0x8000deb0 (0x029c44b3) x 9 0xffffffff
core   0: 0x8000deb4 (0x40410a33) sub     s4, sp, tp
core   0: 3 0x8000deb4 (0x40410a33) x20 0xfffffeb9
core   0: 0x8000deb8 (0x411b86b3) sub     a3, s7, a7
core   0: 3 0x8000deb8 (0x411b86b3) x13 0x00000549
core   0: 0x8000debc (0x410c0e33) sub     t3, s8, a6
core   0: 3 0x8000debc (0x410c0e33) x28 0x000006d0
core   0: 0x8000dec0 (0x016d5913) srli    s2, s10, 22
core   0: 3 0x8000dec0 (0x016d5913) x18 0x00000000
core   0: 0x8000dec4 (0x3ccff913) andi    s2, t6, 972
core   0: 3 0x8000dec4 (0x3ccff913) x18 0x00000384
core   0: 0x8000dec8 (0x0102d613) srli    a2, t0, 16
core   0: 3 0x8000dec8 (0x0102d613) x12 0x00000000
core   0: 0x8000decc (0x81c62593) slti    a1, a2, -2020
core   0: 3 0x8000decc (0x81c62593) x11 0x00000000
core   0: 0x8000ded0 (0x02082833) mulhsu  a6, a6, zero
core   0: 3 0x8000ded0 (0x02082833) x16 0x00000000
core   0: 0x8000ded4 (0x00451013) slli    zero, a0, 4
core   0: 3 0x8000ded4 (0x00451013)
core   0: 0x8000ded8 (0x49ff7e93) andi    t4, t5, 1183
core   0: 3 0x8000ded8 (0x49ff7e93) x29 0x0000049f
core   0: 0x8000dedc (0x03fc06b3) mul     a3, s8, t6
core   0: 3 0x8000dedc (0x03fc06b3) x13 0x0012a0f8
core   0: 0x8000dee0 (0x18f5d937) lui     s2, 0x18f5d
core   0: 3 0x8000dee0 (0x18f5d937) x18 0x18f5d000
core   0: 0x8000dee4 (0x0325c333) div     t1, a1, s2
core   0: 3 0x8000dee4 (0x0325c333) x 6 0x00000000
core   0: 0x8000dee8 (0x3e55e593) ori     a1, a1, 997
core   0: 3 0x8000dee8 (0x3e55e593) x11 0x000003e5
core   0: 0x8000deec (0x008eb0b3) sltu    ra, t4, s0
core   0: 3 0x8000deec (0x008eb0b3) x 1 0x00000001
core   0: 0x8000def0 (0x007fac33) slt     s8, t6, t2
core   0: 3 0x8000def0 (0x007fac33) x24 0x00000000
core   0: 0x8000def4 (0x40c4d113) srai    sp, s1, 12
core   0: 3 0x8000def4 (0x40c4d113) x 2 0xffffffff
core   0: 0x8000def8 (0x00000013) nop
core   0: 3 0x8000def8 (0x00000013)
core   0: 0x8000defc (0x4109da93) srai    s5, s3, 16
core   0: 3 0x8000defc (0x4109da93) x21 0x0000352e
core   0: 0x8000df00 (0x03443f33) mulhu   t5, s0, s4
core   0: 3 0x8000df00 (0x03443f33) x30 0xc3ffff05
core   0: 0x8000df04 (0x009ba4b3) slt     s1, s7, s1
core   0: 3 0x8000df04 (0x009ba4b3) x 9 0x00000000
core   0: 0x8000df08 (0xaeaa2413) slti    s0, s4, -1302
core   0: 3 0x8000df08 (0xaeaa2413) x 8 0x00000000
core   0: 0x8000df0c (0x05ee1863) bne     t3, t5, pc + 80
core   0: 3 0x8000df0c (0x05ee1863)
core   0: 0x8000df5c (0x411289b3) sub     s3, t0, a7
core   0: 3 0x8000df5c (0x411289b3) x19 0x00000308
core   0: 0x8000df60 (0x1ca3cc37) lui     s8, 0x1ca3c
core   0: 3 0x8000df60 (0x1ca3cc37) x24 0x1ca3c000
core   0: 0x8000df64 (0x53a57013) andi    zero, a0, 1338
core   0: 3 0x8000df64 (0x53a57013)
core   0: 0x8000df68 (0x01a20133) add     sp, tp, s10
core   0: 3 0x8000df68 (0x01a20133) x 2 0x00000146
core   0: 0x8000df6c (0x005923b3) slt     t2, s2, t0
core   0: 3 0x8000df6c (0x005923b3) x 7 0x00000000
core   0: 0x8000df70 (0x017bfc63) bgeu    s7, s7, pc + 24
core   0: 3 0x8000df70 (0x017bfc63)
core   0: 0x8000df88 (0x1c9e2213) slti    tp, t3, 457
core   0: 3 0x8000df88 (0x1c9e2213) x 4 0x00000000
core   0: 0x8000df8c (0x55892513) slti    a0, s2, 1368
core   0: 3 0x8000df8c (0x55892513) x10 0x00000000
core   0: 0x8000df90 (0x02a276b3) remu    a3, tp, a0
core   0: 3 0x8000df90 (0x02a276b3) x13 0x00000000
core   0: 0x8000df94 (0x016abd33) sltu    s10, s5, s6
core   0: 3 0x8000df94 (0x016abd33) x26 0x00000001
core   0: 0x8000df98 (0x017fccb3) xor     s9, t6, s7
core   0: 3 0x8000df98 (0x017fccb3) x25 0x000006cf
core   0: 0x8000df9c (0x038f2f33) mulhsu  t5, t5, s8
core   0: 3 0x8000df9c (0x038f2f33) x30 0xf9499ee3
core   0: 0x8000dfa0 (0x03df5633) divu    a2, t5, t4
core   0: 3 0x8000dfa0 (0x03df5633) x12 0x0035f211
core   0: 0x8000dfa4 (0x026baeb3) mulhsu  t4, s7, t1
core   0: 3 0x8000dfa4 (0x026baeb3) x29 0x00000000
core   0: 0x8000dfa8 (0x0115dd33) srl     s10, a1, a7
core   0: 3 0x8000dfa8 (0x0115dd33) x26 0x00000000
core   0: 0x8000dfac (0x4115d7b3) sra     a5, a1, a7
core   0: 3 0x8000dfac (0x4115d7b3) x15 0x00000000
core   0: 0x8000dfb0 (0x0073dab3) srl     s5, t2, t2
core   0: 3 0x8000dfb0 (0x0073dab3) x21 0x00000000
core   0: 0x8000dfb4 (0x403c8cb3) sub     s9, s9, gp
core   0: 3 0x8000dfb4 (0x403c8cb3) x25 0xd5e4a6cf
core   0: 0x8000dfb8 (0xbdf20e97) auipc   t4, 0xbdf20
core   0: 3 0x8000dfb8 (0xbdf20e97) x29 0x3df2dfb8
core   0: 0x8000dfbc (0x0235c133) div     sp, a1, gp
core   0: 3 0x8000dfbc (0x0235c133) x 2 0x00000000
core   0: 0x8000dfc0 (0x4f37bc13) sltiu   s8, a5, 1267
core   0: 3 0x8000dfc0 (0x4f37bc13) x24 0x00000001
core   0: 0x8000dfc4 (0x96e83e13) sltiu   t3, a6, -1682
core   0: 3 0x8000dfc4 (0x96e83e13) x28 0x00000001
core   0: 0x8000dfc8 (0x416605b3) sub     a1, a2, s6
core   0: 3 0x8000dfc8 (0x416605b3) x11 0x803393e9
core   0: 0x8000dfcc (0x05ebf263) bgeu    s7, t5, pc + 68
core   0: 3 0x8000dfcc (0x05ebf263)
core   0: 0x8000dfd0 (0xcb922a13) slti    s4, tp, -839
core   0: 3 0x8000dfd0 (0xcb922a13) x20 0x00000000
core   0: 0x8000dfd4 (0x054658b7) lui     a7, 0x5465
core   0: 3 0x8000dfd4 (0x054658b7) x17 0x05465000
core   0: 0x8000dfd8 (0x03747bb3) remu    s7, s0, s7
core   0: 3 0x8000dfd8 (0x03747bb3) x23 0x00000000
core   0: 0x8000dfdc (0x00101813) slli    a6, zero, 1
core   0: 3 0x8000dfdc (0x00101813) x16 0x00000000
core   0: 0x8000dfe0 (0xb2c5e793) ori     a5, a1, -1236
core   0: 3 0x8000dfe0 (0xb2c5e793) x15 0xfffffbed
core   0: 0x8000dfe4 (0x00045133) srl     sp, s0, zero
core   0: 3 0x8000dfe4 (0x00045133) x 2 0x00000000
core   0: 0x8000dfe8 (0x59216393) ori     t2, sp, 1426
core   0: 3 0x8000dfe8 (0x59216393) x 7 0x00000592
core   0: 0x8000dfec (0x743557b7) lui     a5, 0x74355
core   0: 3 0x8000dfec (0x743557b7) x15 0x74355000
core   0: 0x8000dff0 (0x04534263) blt     t1, t0, pc + 68
core   0: 3 0x8000dff0 (0x04534263)
core   0: 0x8000e034 (0x03aa4bb3) div     s7, s4, s10
core   0: 3 0x8000e034 (0x03aa4bb3) x23 0xffffffff
core   0: 0x8000e038 (0xffb00693) li      a3, -5
core   0: 3 0x8000e038 (0xffb00693) x13 0xfffffffb
core   0: 0x8000e03c (0x01b0abb3) slt     s7, ra, s11
core   0: 3 0x8000e03c (0x01b0abb3) x23 0x00000000
core   0: 0x8000e040 (0xc93fb293) sltiu   t0, t6, -877
core   0: 3 0x8000e040 (0xc93fb293) x 5 0x00000001
core   0: 0x8000e044 (0x11ea3193) sltiu   gp, s4, 286
core   0: 3 0x8000e044 (0x11ea3193) x 3 0x00000001
core   0: 0x8000e048 (0x00b00113) li      sp, 11
core   0: 3 0x8000e048 (0x00b00113) x 2 0x0000000b
core   0: 0x8000e04c (0x02c315b3) mulh    a1, t1, a2
core   0: 3 0x8000e04c (0x02c315b3) x11 0x00000000
core   0: 0x8000e050 (0x03a81ab3) mulh    s5, a6, s10
core   0: 3 0x8000e050 (0x03a81ab3) x21 0x00000000
core   0: 0x8000e054 (0x003bb433) sltu    s0, s7, gp
core   0: 3 0x8000e054 (0x003bb433) x 8 0x00000001
core   0: 0x8000e058 (0x00368693) addi    a3, a3, 3
core   0: 3 0x8000e058 (0x00368693) x13 0xfffffffe
core   0: 0x8000e05c (0x01bed593) srli    a1, t4, 27
core   0: 3 0x8000e05c (0x01bed593) x11 0x00000007
core   0: 0x8000e060 (0x019d0ab3) add     s5, s10, s9
core   0: 3 0x8000e060 (0x019d0ab3) x21 0xd5e4a6cf
core   0: 0x8000e064 (0xffe00513) li      a0, -2
core   0: 3 0x8000e064 (0xffe00513) x10 0xfffffffe
core   0: 0x8000e068 (0x00400093) li      ra, 4
core   0: 3 0x8000e068 (0x00400093) x 1 0x00000004
core   0: 0x8000e06c (0x00000013) nop
core   0: 3 0x8000e06c (0x00000013)
core   0: 0x8000e070 (0x00d85c13) srli    s8, a6, 13
core   0: 3 0x8000e070 (0x00d85c13) x24 0x00000000
core   0: 0x8000e074 (0x03231eb3) mulh    t4, t1, s2
core   0: 3 0x8000e074 (0x03231eb3) x29 0x00000000
core   0: 0x8000e078 (0x00d9abb3) slt     s7, s3, a3
core   0: 3 0x8000e078 (0x00d9abb3) x23 0x00000000
core   0: 0x8000e07c (0x92696e93) ori     t4, s2, -1754
core   0: 3 0x8000e07c (0x92696e93) x29 0xfffff926
core   0: 0x8000e080 (0x034a34b3) mulhu   s1, s4, s4
core   0: 3 0x8000e080 (0x034a34b3) x 9 0x00000000
core   0: 0x8000e084 (0x02bb3f33) mulhu   t5, s6, a1
core   0: 3 0x8000e084 (0x02bb3f33) x30 0x00000003
core   0: 0x8000e088 (0x087e7493) andi    s1, t3, 135
core   0: 3 0x8000e088 (0x087e7493) x 9 0x00000001
core   0: 0x8000e08c (0x4076d333) sra     t1, a3, t2
core   0: 3 0x8000e08c (0x4076d333) x 6 0xffffffff
core   0: 0x8000e090 (0x00675393) srli    t2, a4, 6
core   0: 3 0x8000e090 (0x00675393) x 7 0x03ac536b
core   0: 0x8000e094 (0x40750c33) sub     s8, a0, t2
core   0: 3 0x8000e094 (0x40750c33) x24 0xfc53ac93
core   0: 0x8000e098 (0xac5e4793) xori    a5, t3, -1339
core   0: 3 0x8000e098 (0xac5e4793) x15 0xfffffac4
core   0: 0x8000e09c (0x401a8d33) sub     s10, s5, ra
core   0: 3 0x8000e09c (0x401a8d33) x26 0xd5e4a6cb
core   0: 0x8000e0a0 (0x00a50513) addi    a0, a0, 10
core   0: 3 0x8000e0a0 (0x00a50513) x10 0x00000008
core   0: 0x8000e0a4 (0x01a45633) srl     a2, s0, s10
core   0: 3 0x8000e0a4 (0x01a45633) x12 0x00000000
core   0: 0x8000e0a8 (0xfc154ee3) blt     a0, ra, pc - 36
core   0: 3 0x8000e0a8 (0xfc154ee3)
core   0: 0x8000e0ac (0x080dc913) xori    s2, s11, 128
core   0: 3 0x8000e0ac (0x080dc913) x18 0x80029c64
core   0: 0x8000e0b0 (0xf826eee3) bltu    a3, sp, pc - 100
core   0: 3 0x8000e0b0 (0xf826eee3)
core   0: 0x8000e0b4 (0xcd698d13) addi    s10, s3, -810
core   0: 3 0x8000e0b4 (0xcd698d13) x26 0xffffffde
core   0: 0x8000e0b8 (0x3d33c913) xori    s2, t2, 979
core   0: 3 0x8000e0b8 (0x3d33c913) x18 0x03ac50b8
core   0: 0x8000e0bc (0x009dd233) srl     tp, s11, s1
core   0: 3 0x8000e0bc (0x009dd233) x 4 0x40014e72
core   0: 0x8000e0c0 (0x02a53f33) mulhu   t5, a0, a0
core   0: 3 0x8000e0c0 (0x02a53f33) x30 0x00000000
core   0: 0x8000e0c4 (0x53b88413) addi    s0, a7, 1339
core   0: 3 0x8000e0c4 (0x53b88413) x 8 0x0546553b
core   0: 0x8000e0c8 (0x00f728b3) slt     a7, a4, a5
core   0: 3 0x8000e0c8 (0x00f728b3) x17 0x00000001
core   0: 0x8000e0cc (0xf1b82f13) slti    t5, a6, -229
core   0: 3 0x8000e0cc (0xf1b82f13) x30 0x00000000
core   0: 0x8000e0d0 (0x40810fb3) sub     t6, sp, s0
core   0: 3 0x8000e0d0 (0x40810fb3) x31 0xfab9aad0
core   0: 0x8000e0d4 (0x05429263) bne     t0, s4, pc + 68
core   0: 3 0x8000e0d4 (0x05429263)
core   0: 0x8000e118 (0x010267b3) or      a5, tp, a6
core   0: 3 0x8000e118 (0x010267b3) x15 0x40014e72
core   0: 0x8000e11c (0x4138d613) srai    a2, a7, 19
core   0: 3 0x8000e11c (0x4138d613) x12 0x00000000
core   0: 0x8000e120 (0x05b37063) bgeu    t1, s11, pc + 64
core   0: 3 0x8000e120 (0x05b37063)
core   0: 0x8000e160 (0x030c3cb3) mulhu   s9, s8, a6
core   0: 3 0x8000e160 (0x030c3cb3) x25 0x00000000
core   0: 0x8000e164 (0x01a8bd33) sltu    s10, a7, s10
core   0: 3 0x8000e164 (0x01a8bd33) x26 0x00000001
core   0: 0x8000e168 (0x02e528b3) mulhsu  a7, a0, a4
core   0: 3 0x8000e168 (0x02e528b3) x17 0x00000007
core   0: 0x8000e16c (0x0021bfb3) sltu    t6, gp, sp
core   0: 3 0x8000e16c (0x0021bfb3) x31 0x00000001
core   0: 0x8000e170 (0x01fe0263) beq     t3, t6, pc + 4
core   0: 3 0x8000e170 (0x01fe0263)
core   0: 0x8000e174 (0x0034a0b3) slt     ra, s1, gp
core   0: 3 0x8000e174 (0x0034a0b3) x 1 0x00000000
core   0: 0x8000e178 (0x02140533) mul     a0, s0, ra
core   0: 3 0x8000e178 (0x02140533) x10 0x00000000
core   0: 0x8000e17c (0x027e3e33) mulhu   t3, t3, t2
core   0: 3 0x8000e17c (0x027e3e33) x28 0x00000000
core   0: 0x8000e180 (0x002c5f13) srli    t5, s8, 2
core   0: 3 0x8000e180 (0x002c5f13) x30 0x3f14eb24
core   0: 0x8000e184 (0x0299fcb3) remu    s9, s3, s1
core   0: 3 0x8000e184 (0x0299fcb3) x25 0x00000000
core   0: 0x8000e188 (0x004b2083) lw      ra, 4(s6)
core   0: 3 0x8000e188 (0x004b2083) x 1 0x80003838 mem 0x80025e2c
core   0: 0x8000e18c (0x58bcbd13) sltiu   s10, s9, 1419
core   0: 3 0x8000e18c (0x58bcbd13) x26 0x00000001
core   0: 0x8000e190 (0x03cb0b13) addi    s6, s6, 60
core   0: 3 0x8000e190 (0x03cb0b13) x22 0x80025e64
core   0: 0x8000e194 (0x5182ac37) lui     s8, 0x5182a
core   0: 3 0x8000e194 (0x5182ac37) x24 0x5182a000
core   0: 0x8000e198 (0x67518393) addi    t2, gp, 1653
core   0: 3 0x8000e198 (0x67518393) x 7 0x00000676
core   0: 0x8000e19c (0x011eda33) srl     s4, t4, a7
core   0: 3 0x8000e19c (0x011eda33) x20 0x01fffff2
core   0: 0x8000e1a0 (0x00115293) srli    t0, sp, 1
core   0: 3 0x8000e1a0 (0x00115293) x 5 0x00000005
core   0: 0x8000e1a4 (0x03c5aa33) mulhsu  s4, a1, t3
core   0: 3 0x8000e1a4 (0x03c5aa33) x20 0x00000000
core   0: 0x8000e1a8 (0x00108493) addi    s1, ra, 1
core   0: 3 0x8000e1a8 (0x00108493) x 9 0x80003839
core   0: 0x8000e1ac (0x000484e7) jalr    s1, s1, 0
core   0: 3 0x8000e1ac (0x000484e7) x 9 0x8000e1b0
core   0: 0x80003838 (0x03d3d463) bge     t2, t4, pc + 40
core   0: 3 0x80003838 (0x03d3d463)
core   0: 0x80003860 (0x00949993) slli    s3, s1, 9
core   0: 3 0x80003860 (0x00949993) x19 0x01c36000
core   0: 0x80003864 (0x023ac3b3) div     t2, s5, gp
core   0: 3 0x80003864 (0x023ac3b3) x 7 0xd5e4a6cf
core   0: 0x80003868 (0xddadf093) andi    ra, s11, -550
core   0: 3 0x80003868 (0xddadf093) x 1 0x80029cc0
core   0: 0x8000386c (0x020702b3) mul     t0, a4, zero
core   0: 3 0x8000386c (0x020702b3) x 5 0x00000000
core   0: 0x80003870 (0x02b0e5b3) rem     a1, ra, a1
core   0: 3 0x80003870 (0x02b0e5b3) x11 0xffffffff
core   0: 0x80003874 (0x006bac33) slt     s8, s7, t1
core   0: 3 0x80003874 (0x006bac33) x24 0x00000000
core   0: 0x80003878 (0x41f25bb3) sra     s7, tp, t6
core   0: 3 0x80003878 (0x41f25bb3) x23 0x2000a739
core   0: 0x8000387c (0xb4a40693) addi    a3, s0, -1206
core   0: 3 0x8000387c (0xb4a40693) x13 0x05465085
core   0: 0x80003880 (0x03999d33) mulh    s10, s3, s9
core   0: 3 0x80003880 (0x03999d33) x26 0x00000000
core   0: 0x80003884 (0x41cc03b3) sub     t2, s8, t3
core   0: 3 0x80003884 (0x41cc03b3) x 7 0x00000000
core   0: 0x80003888 (0x027c2533) mulhsu  a0, s8, t2
core   0: 3 0x80003888 (0x027c2533) x10 0x00000000
core   0: 0x8000388c (0x410d0eb3) sub     t4, s10, a6
core   0: 3 0x8000388c (0x410d0eb3) x29 0x00000000
core   0: 0x80003890 (0x01287533) and     a0, a6, s2
core   0: 3 0x80003890 (0x01287533) x10 0x00000000
core   0: 0x80003894 (0x02c16c63) bltu    sp, a2, pc + 56
core   0: 3 0x80003894 (0x02c16c63)
core   0: 0x80003898 (0x02e7a333) mulhsu  t1, a5, a4
core   0: 3 0x80003898 (0x02e7a333) x 6 0x3ac669d7
core   0: 0x8000389c (0xc1b4fc97) auipc   s9, 0xc1b4f
core   0: 3 0x8000389c (0xc1b4fc97) x25 0x41b5289c
core   0: 0x800038a0 (0xc6e12213) slti    tp, sp, -914
core   0: 3 0x800038a0 (0xc6e12213) x 4 0x00000000
core   0: 0x800038a4 (0x02bc11b3) mulh    gp, s8, a1
core   0: 3 0x800038a4 (0x02bc11b3) x 3 0x00000000
core   0: 0x800038a8 (0xb50cfe93) andi    t4, s9, -1200
core   0: 3 0x800038a8 (0xb50cfe93) x29 0x41b52810
core   0: 0x800038ac (0x009125b3) slt     a1, sp, s1
core   0: 3 0x800038ac (0x009125b3) x11 0x00000000
core   0: 0x800038b0 (0x04bb8063) beq     s7, a1, pc + 64
core   0: 3 0x800038b0 (0x04bb8063)
core   0: 0x800038b4 (0x00000013) nop
core   0: 3 0x800038b4 (0x00000013)
core   0: 0x800038b8 (0x40a001b3) sub     gp, zero, a0
core   0: 3 0x800038b8 (0x40a001b3) x 3 0x00000000
core   0: 0x800038bc (0x03866ab3) rem     s5, a2, s8
core   0: 3 0x800038bc (0x03866ab3) x21 0x00000000
core   0: 0x800038c0 (0xefef3613) sltiu   a2, t5, -258
core   0: 3 0x800038c0 (0xefef3613) x12 0x00000001
core   0: 0x800038c4 (0x02e1a233) mulhsu  tp, gp, a4
core   0: 3 0x800038c4 (0x02e1a233) x 4 0x00000000
core   0: 0x800038c8 (0xcf54bc93) sltiu   s9, s1, -779
core   0: 3 0x800038c8 (0xcf54bc93) x25 0x00000001
core   0: 0x800038cc (0xe03dbc17) auipc   s8, 0xe03db
core   0: 3 0x800038cc (0xe03dbc17) x24 0x603de8cc
core   0: 0x800038d0 (0x01d9e1b3) or      gp, s3, t4
core   0: 3 0x800038d0 (0x01d9e1b3) x 3 0x41f76810
core   0: 0x800038d4 (0x24fc3f13) sltiu   t5, s8, 591
core   0: 3 0x800038d4 (0x24fc3f13) x30 0x00000000
core   0: 0x800038d8 (0x3747b613) sltiu   a2, a5, 884
core   0: 3 0x800038d8 (0x3747b613) x12 0x00000000
core   0: 0x800038dc (0x01c79333) sll     t1, a5, t3
core   0: 3 0x800038dc (0x01c79333) x 6 0x40014e72
core   0: 0x800038e0 (0x01615e63) bge     sp, s6, pc + 28
core   0: 3 0x800038e0 (0x01615e63)
core   0: 0x800038fc (0x00a6d513) srli    a0, a3, 10
core   0: 3 0x800038fc (0x00a6d513) x10 0x00015194
core   0: 0x80003900 (0x2f95e497) auipc   s1, 0x2f95e
core   0: 3 0x80003900 (0x2f95e497) x 9 0xaf961900
core   0: 0x80003904 (0x035b1533) mulh    a0, s6, s5
core   0: 3 0x80003904 (0x035b1533) x10 0x00000000
core   0: 0x80003908 (0x40e55633) sra     a2, a0, a4
core   0: 3 0x80003908 (0x40e55633) x12 0x00000000
core   0: 0x8000390c (0x412a8533) sub     a0, s5, s2
core   0: 3 0x8000390c (0x412a8533) x10 0xfc53af48
core   0: 0x80003910 (0x00500593) li      a1, 5
core   0: 3 0x80003910 (0x00500593) x11 0x00000005
core   0: 0x80003914 (0x02bb32b3) mulhu   t0, s6, a1
core   0: 3 0x80003914 (0x02bb32b3) x 5 0x00000002
core   0: 0x80003918 (0x40268233) sub     tp, a3, sp
core   0: 3 0x80003918 (0x40268233) x 4 0x0546507a
core   0: 0x8000391c (0xa527f513) andi    a0, a5, -1454
core   0: 3 0x8000391c (0xa527f513) x10 0x40014a52
core   0: 0x80003920 (0x036f8c33) mul     s8, t6, s6
core   0: 3 0x80003920 (0x036f8c33) x24 0x80025e64
core   0: 0x80003924 (0x01ca8833) add     a6, s5, t3
core   0: 3 0x80003924 (0x01ca8833) x16 0x00000000
core   0: 0x80003928 (0x00a00493) li      s1, 10
core   0: 3 0x80003928 (0x00a00493) x 9 0x0000000a
core   0: 0x8000392c (0x02405133) divu    sp, zero, tp
core   0: 3 0x8000392c (0x02405133) x 2 0x00000000
core   0: 0x80003930 (0x211c3e93) sltiu   t4, s8, 529
core   0: 3 0x80003930 (0x211c3e93) x29 0x00000000
core   0: 0x80003934 (0x03f11cb3) mulh    s9, sp, t6
core   0: 3 0x80003934 (0x03f11cb3) x25 0x00000000
core   0: 0x80003938 (0x00158593) addi    a1, a1, 1
core   0: 3 0x80003938 (0x00158593) x11 0x00000006
core   0: 0x8000393c (0x01ba5133) srl     sp, s4, s11
core   0: 3 0x8000393c (0x01ba5133) x 2 0x00000000
core   0: 0x80003940 (0x5bac4693) xori    a3, s8, 1466
core   0: 3 0x80003940 (0x5bac4693) x13 0x80025bde
core   0: 0x80003944 (0x14807413) andi    s0, zero, 328
core   0: 3 0x80003944 (0x14807413) x 8 0x00000000
core   0: 0x80003948 (0x02021633) mulh    a2, tp, zero
core   0: 3 0x80003948 (0x02021633) x12 0x00000000
core   0: 0x8000394c (0x13c4f113) andi    sp, s1, 316
core   0: 3 0x8000394c (0x13c4f113) x 2 0x00000008
core   0: 0x80003950 (0x00665193) srli    gp, a2, 6
core   0: 3 0x80003950 (0x00665193) x 3 0x00000000
core   0: 0x80003954 (0xf47ff093) andi    ra, t6, -185
core   0: 3 0x80003954 (0xf47ff093) x 1 0x00000001
core   0: 0x80003958 (0xfc95ece3) bltu    a1, s1, pc - 40
core   0: 3 0x80003958 (0xfc95ece3)
core   0: 0x80003930 (0x211c3e93) sltiu   t4, s8, 529
core   0: 3 0x80003930 (0x211c3e93) x29 0x00000000
core   0: 0x80003934 (0x03f11cb3) mulh    s9, sp, t6
core   0: 3 0x80003934 (0x03f11cb3) x25 0x00000000
core   0: 0x80003938 (0x00158593) addi    a1, a1, 1
core   0: 3 0x80003938 (0x00158593) x11 0x00000007
core   0: 0x8000393c (0x01ba5133) srl     sp, s4, s11
core   0: 3 0x8000393c (0x01ba5133) x 2 0x00000000
core   0: 0x80003940 (0x5bac4693) xori    a3, s8, 1466
core   0: 3 0x80003940 (0x5bac4693) x13 0x80025bde
core   0: 0x80003944 (0x14807413) andi    s0, zero, 328
core   0: 3 0x80003944 (0x14807413) x 8 0x00000000
core   0: 0x80003948 (0x02021633) mulh    a2, tp, zero
core   0: 3 0x80003948 (0x02021633) x12 0x00000000
core   0: 0x8000394c (0x13c4f113) andi    sp, s1, 316
core   0: 3 0x8000394c (0x13c4f113) x 2 0x00000008
core   0: 0x80003950 (0x00665193) srli    gp, a2, 6
core   0: 3 0x80003950 (0x00665193) x 3 0x00000000
core   0: 0x80003954 (0xf47ff093) andi    ra, t6, -185
core   0: 3 0x80003954 (0xf47ff093) x 1 0x00000001
core   0: 0x80003958 (0xfc95ece3) bltu    a1, s1, pc - 40
core   0: 3 0x80003958 (0xfc95ece3)
core   0: 0x80003930 (0x211c3e93) sltiu   t4, s8, 529
core   0: 3 0x80003930 (0x211c3e93) x29 0x00000000
core   0: 0x80003934 (0x03f11cb3) mulh    s9, sp, t6
core   0: 3 0x80003934 (0x03f11cb3) x25 0x00000000
core   0: 0x80003938 (0x00158593) addi    a1, a1, 1
core   0: 3 0x80003938 (0x00158593) x11 0x00000008
core   0: 0x8000393c (0x01ba5133) srl     sp, s4, s11
core   0: 3 0x8000393c (0x01ba5133) x 2 0x00000000
core   0: 0x80003940 (0x5bac4693) xori    a3, s8, 1466
core   0: 3 0x80003940 (0x5bac4693) x13 0x80025bde
core   0: 0x80003944 (0x14807413) andi    s0, zero, 328
core   0: 3 0x80003944 (0x14807413) x 8 0x00000000
core   0: 0x80003948 (0x02021633) mulh    a2, tp, zero
core   0: 3 0x80003948 (0x02021633) x12 0x00000000
core   0: 0x8000394c (0x13c4f113) andi    sp, s1, 316
core   0: 3 0x8000394c (0x13c4f113) x 2 0x00000008
core   0: 0x80003950 (0x00665193) srli    gp, a2, 6
core   0: 3 0x80003950 (0x00665193) x 3 0x00000000
core   0: 0x80003954 (0xf47ff093) andi    ra, t6, -185
core   0: 3 0x80003954 (0xf47ff093) x 1 0x00000001
core   0: 0x80003958 (0xfc95ece3) bltu    a1, s1, pc - 40
core   0: 3 0x80003958 (0xfc95ece3)
core   0: 0x80003930 (0x211c3e93) sltiu   t4, s8, 529
core   0: 3 0x80003930 (0x211c3e93) x29 0x00000000
core   0: 0x80003934 (0x03f11cb3) mulh    s9, sp, t6
core   0: 3 0x80003934 (0x03f11cb3) x25 0x00000000
core   0: 0x80003938 (0x00158593) addi    a1, a1, 1
core   0: 3 0x80003938 (0x00158593) x11 0x00000009
core   0: 0x8000393c (0x01ba5133) srl     sp, s4, s11
core   0: 3 0x8000393c (0x01ba5133) x 2 0x00000000
core   0: 0x80003940 (0x5bac4693) xori    a3, s8, 1466
core   0: 3 0x80003940 (0x5bac4693) x13 0x80025bde
core   0: 0x80003944 (0x14807413) andi    s0, zero, 328
core   0: 3 0x80003944 (0x14807413) x 8 0x00000000
core   0: 0x80003948 (0x02021633) mulh    a2, tp, zero
core   0: 3 0x80003948 (0x02021633) x12 0x00000000
core   0: 0x8000394c (0x13c4f113) andi    sp, s1, 316
core   0: 3 0x8000394c (0x13c4f113) x 2 0x00000008
core   0: 0x80003950 (0x00665193) srli    gp, a2, 6
core   0: 3 0x80003950 (0x00665193) x 3 0x00000000
core   0: 0x80003954 (0xf47ff093) andi    ra, t6, -185
core   0: 3 0x80003954 (0xf47ff093) x 1 0x00000001
core   0: 0x80003958 (0xfc95ece3) bltu    a1, s1, pc - 40
core   0: 3 0x80003958 (0xfc95ece3)
core   0: 0x80003930 (0x211c3e93) sltiu   t4, s8, 529
core   0: 3 0x80003930 (0x211c3e93) x29 0x00000000
core   0: 0x80003934 (0x03f11cb3) mulh    s9, sp, t6
core   0: 3 0x80003934 (0x03f11cb3) x25 0x00000000
core   0: 0x80003938 (0x00158593) addi    a1, a1, 1
core   0: 3 0x80003938 (0x00158593) x11 0x0000000a
core   0: 0x8000393c (0x01ba5133) srl     sp, s4, s11
core   0: 3 0x8000393c (0x01ba5133) x 2 0x00000000
core   0: 0x80003940 (0x5bac4693) xori    a3, s8, 1466
core   0: 3 0x80003940 (0x5bac4693) x13 0x80025bde
core   0: 0x80003944 (0x14807413) andi    s0, zero, 328
core   0: 3 0x80003944 (0x14807413) x 8 0x00000000
core   0: 0x80003948 (0x02021633) mulh    a2, tp, zero
core   0: 3 0x80003948 (0x02021633) x12 0x00000000
core   0: 0x8000394c (0x13c4f113) andi    sp, s1, 316
core   0: 3 0x8000394c (0x13c4f113) x 2 0x00000008
core   0: 0x80003950 (0x00665193) srli    gp, a2, 6
core   0: 3 0x80003950 (0x00665193) x 3 0x00000000
core   0: 0x80003954 (0xf47ff093) andi    ra, t6, -185
core   0: 3 0x80003954 (0xf47ff093) x 1 0x00000001
core   0: 0x80003958 (0xfc95ece3) bltu    a1, s1, pc - 40
core   0: 3 0x80003958 (0xfc95ece3)
core   0: 0x8000395c (0xfefba637) lui     a2, 0xfefba
core   0: 3 0x8000395c (0xfefba637) x12 0xfefba000
core   0: 0x80003960 (0x22dd8193) addi    gp, s11, 557
core   0: 3 0x80003960 (0x22dd8193) x 3 0x80029f11
core   0: 0x80003964 (0x76cb2613) slti    a2, s6, 1900
core   0: 3 0x80003964 (0x76cb2613) x12 0x00000001
core   0: 0x80003968 (0xc4390293) addi    t0, s2, -957
core   0: 3 0x80003968 (0xc4390293) x 5 0x03ac4cfb
core   0: 0x8000396c (0x03223633) mulhu   a2, tp, s2
core   0: 3 0x8000396c (0x03223633) x12 0x00135fd9
core   0: 0x80003970 (0xd530bb93) sltiu   s7, ra, -685
core   0: 3 0x80003970 (0xd530bb93) x23 0x00000001
core   0: 0x80003974 (0x0213de33) divu    t3, t2, ra
core   0: 3 0x80003974 (0x0213de33) x28 0x00000000
core   0: 0x80003978 (0x00241a63) bne     s0, sp, pc + 20
core   0: 3 0x80003978 (0x00241a63)
core   0: 0x8000398c (0x01390333) add     t1, s2, s3
core   0: 3 0x8000398c (0x01390333) x 6 0x056fb0b8
core   0: 0x80003990 (0x00000013) nop
core   0: 3 0x80003990 (0x00000013)
core   0: 0x80003994 (0xe42ba293) slti    t0, s7, -446
core   0: 3 0x80003994 (0xe42ba293) x 5 0x00000000
core   0: 0x80003998 (0xc70ab697) auipc   a3, 0xc70ab
core   0: 3 0x80003998 (0xc70ab697) x13 0x470ae998
core   0: 0x8000399c (0x0e572f93) slti    t6, a4, 229
core   0: 3 0x8000399c (0x0e572f93) x31 0x00000001
core   0: 0x800039a0 (0x7b488113) addi    sp, a7, 1972
core   0: 3 0x800039a0 (0x7b488113) x 2 0x000007bb
core   0: 0x800039a4 (0x03de8eb3) mul     t4, t4, t4
core   0: 3 0x800039a4 (0x03de8eb3) x29 0x00000000
core   0: 0x800039a8 (0x02660c63) beq     a2, t1, pc + 56
core   0: 3 0x800039a8 (0x02660c63)
core   0: 0x800039ac (0xc881e497) auipc   s1, 0xc881e
core   0: 3 0x800039ac (0xc881e497) x 9 0x488219ac
core   0: 0x800039b0 (0x0136d293) srli    t0, a3, 19
core   0: 3 0x800039b0 (0x0136d293) x 5 0x000008e1
core   0: 0x800039b4 (0x506d8613) addi    a2, s11, 1286
core   0: 3 0x800039b4 (0x506d8613) x12 0x8002a1ea
core   0: 0x800039b8 (0x010b3533) sltu    a0, s6, a6
core   0: 3 0x800039b8 (0x010b3533) x10 0x00000000
core   0: 0x800039bc (0x0379ec63) bltu    s3, s7, pc + 56
core   0: 3 0x800039bc (0x0379ec63)
core   0: 0x800039c0 (0x404adfb3) sra     t6, s5, tp
core   0: 3 0x800039c0 (0x404adfb3) x31 0x00000000
core   0: 0x800039c4 (0x1f127093) andi    ra, tp, 497
core   0: 3 0x800039c4 (0x1f127093) x 1 0x00000070
core   0: 0x800039c8 (0x02a3e633) rem     a2, t2, a0
core   0: 3 0x800039c8 (0x02a3e633) x12 0x00000000
core   0: 0x800039cc (0x03b707b3) mul     a5, a4, s11
core   0: 3 0x800039cc (0x03b707b3) x15 0xc9c31cd8
core   0: 0x800039d0 (0xf3920013) addi    zero, tp, -199
core   0: 3 0x800039d0 (0xf3920013)
core   0: 0x800039d4 (0x1a19aa13) slti    s4, s3, 417
core   0: 3 0x800039d4 (0x1a19aa13) x20 0x00000000
core   0: 0x800039d8 (0xded5ff93) andi    t6, a1, -531
core   0: 3 0x800039d8 (0xded5ff93) x31 0x00000008
core   0: 0x800039dc (0x05e36263) bltu    t1, t5, pc + 68
core   0: 3 0x800039dc (0x05e36263)
core   0: 0x800039e0 (0x03fbbfb3) mulhu   t6, s7, t6
core   0: 3 0x800039e0 (0x03fbbfb3) x31 0x00000000
core   0: 0x800039e4 (0x6583ef13) ori     t5, t2, 1624
core   0: 3 0x800039e4 (0x6583ef13) x30 0x00000658
core   0: 0x800039e8 (0x41ecd913) srai    s2, s9, 30
core   0: 3 0x800039e8 (0x41ecd913) x18 0x00000000
core   0: 0x800039ec (0x01933cb3) sltu    s9, t1, s9
core   0: 3 0x800039ec (0x01933cb3) x25 0x00000000
core   0: 0x800039f0 (0x01ce2433) slt     s0, t3, t3
core   0: 3 0x800039f0 (0x01ce2433) x 8 0x00000000
core   0: 0x800039f4 (0x01915bb3) srl     s7, sp, s9
core   0: 3 0x800039f4 (0x01915bb3) x23 0x000007bb
core   0: 0x800039f8 (0x04008463) beqz    ra, pc + 72
core   0: 3 0x800039f8 (0x04008463)
core   0: 0x800039fc (0x035a4bb3) div     s7, s4, s5
core   0: 3 0x800039fc (0x035a4bb3) x23 0xffffffff
core   0: 0x80003a00 (0xd667ac13) slti    s8, a5, -666
core   0: 3 0x80003a00 (0xd667ac13) x24 0x00000001
core   0: 0x80003a04 (0xf0532413) slti    s0, t1, -251
core   0: 3 0x80003a04 (0xf0532413) x 8 0x00000000
core   0: 0x80003a08 (0x41225013) srai    zero, tp, 18
core   0: 3 0x80003a08 (0x41225013)
core   0: 0x80003a0c (0x03eb4833) div     a6, s6, t5
core   0: 3 0x80003a0c (0x03eb4833) x16 0xffebd2fa
core   0: 0x80003a10 (0x00e75ab3) srl     s5, a4, a4
core   0: 3 0x80003a10 (0x00e75ab3) x21 0x03ac536b
core   0: 0x80003a14 (0x0bd03e17) auipc   t3, 0xbd03
core   0: 3 0x80003a14 (0x0bd03e17) x28 0x8bd06a14
core   0: 0x80003a18 (0x00000013) nop
core   0: 3 0x80003a18 (0x00000013)
core   0: 0x80003a1c (0x008c0e63) beq     s8, s0, pc + 28
core   0: 3 0x80003a1c (0x008c0e63)
core   0: 0x80003a20 (0x40815cb3) sra     s9, sp, s0
core   0: 3 0x80003a20 (0x40815cb3) x25 0x000007bb
core   0: 0x80003a24 (0x03649063) bne     s1, s6, pc + 32
core   0: 3 0x80003a24 (0x03649063)
core   0: 0x80003a44 (0x41f15013) srai    zero, sp, 31
core   0: 3 0x80003a44 (0x41f15013)
core   0: 0x80003a48 (0x03437fb3) remu    t6, t1, s4
core   0: 3 0x80003a48 (0x03437fb3) x31 0x056fb0b8
core   0: 0x80003a4c (0x00799bb3) sll     s7, s3, t2
core   0: 3 0x80003a4c (0x00799bb3) x23 0x01c36000
core   0: 0x80003a50 (0x008d6833) or      a6, s10, s0
core   0: 3 0x80003a50 (0x008d6833) x16 0x00000000
core   0: 0x80003a54 (0x01bb0bb3) add     s7, s6, s11
core   0: 3 0x80003a54 (0x01bb0bb3) x23 0x0004fb48
core   0: 0x80003a58 (0x0274cab3) div     s5, s1, t2
core   0: 3 0x80003a58 (0x0274cab3) x21 0xffffffff
core   0: 0x80003a5c (0x40e95e93) srai    t4, s2, 14
core   0: 3 0x80003a5c (0x40e95e93) x29 0x00000000
core   0: 0x80003a60 (0x00ee9463) bne     t4, a4, pc + 8
core   0: 3 0x80003a60 (0x00ee9463)
core   0: 0x80003a68 (0x01888fb3) add     t6, a7, s8
core   0: 3 0x80003a68 (0x01888fb3) x31 0x00000008
core   0: 0x80003a6c (0x01ffe133) or      sp, t6, t6
core   0: 3 0x80003a6c (0x01ffe133) x 2 0x00000008
core   0: 0x80003a70 (0x01eee433) or      s0, t4, t5
core   0: 3 0x80003a70 (0x01eee433) x 8 0x00000658
core   0: 0x80003a74 (0x00ac9633) sll     a2, s9, a0
core   0: 3 0x80003a74 (0x00ac9633) x12 0x000007bb
core   0: 0x80003a78 (0x4086d313) srai    t1, a3, 8
core   0: 3 0x80003a78 (0x4086d313) x 6 0x00470ae9
core   0: 0x80003a7c (0xa90f3a93) sltiu   s5, t5, -1392
core   0: 3 0x80003a7c (0xa90f3a93) x21 0x00000001
core   0: 0x80003a80 (0x032e4533) div     a0, t3, s2
core   0: 3 0x80003a80 (0x032e4533) x10 0xffffffff
core   0: 0x80003a84 (0x02af0633) mul     a2, t5, a0
core   0: 3 0x80003a84 (0x02af0633) x12 0xfffff9a8
core   0: 0x80003a88 (0x00ddd7b3) srl     a5, s11, a3
core   0: 3 0x80003a88 (0x00ddd7b3) x15 0x00000080
core   0: 0x80003a8c (0x02eba6b3) mulhsu  a3, s7, a4
core   0: 3 0x80003a8c (0x02eba6b3) x13 0x00049312
core   0: 0x80003a90 (0x000e8863) beqz    t4, pc + 16
core   0: 3 0x80003a90 (0x000e8863)
core   0: 0x80003aa0 (0xef032413) slti    s0, t1, -272
core   0: 3 0x80003aa0 (0xef032413) x 8 0x00000000
core   0: 0x80003aa4 (0x004ae4b3) or      s1, s5, tp
core   0: 3 0x80003aa4 (0x004ae4b3) x 9 0x0546507b
core   0: 0x80003aa8 (0x0216a333) mulhsu  t1, a3, ra
core   0: 3 0x80003aa8 (0x0216a333) x 6 0x00000000
core   0: 0x80003aac (0x00000013) nop
core   0: 3 0x80003aac (0x00000013)
core   0: 0x80003ab0 (0x9fd68493) addi    s1, a3, -1539
core   0: 3 0x80003ab0 (0x9fd68493) x 9 0x00048d0f
core   0: 0x80003ab4 (0x41178f93) addi    t6, a5, 1041
core   0: 3 0x80003ab4 (0x41178f93) x31 0x00000491
core   0: 0x80003ab8 (0x00e7a8b3) slt     a7, a5, a4
core   0: 3 0x80003ab8 (0x00e7a8b3) x17 0x00000000
core   0: 0x80003abc (0x0152e463) bltu    t0, s5, pc + 8
core   0: 3 0x80003abc (0x0152e463)
core   0: 0x80003ac0 (0xc0038393) addi    t2, t2, -1024
core   0: 3 0x80003ac0 (0xc0038393) x 7 0xfffffc00
core   0: 0x80003ac4 (0x41f95f33) sra     t5, s2, t6
core   0: 3 0x80003ac4 (0x41f95f33) x30 0x00000000
core   0: 0x80003ac8 (0x0188b4b3) sltu    s1, a7, s8
core   0: 3 0x80003ac8 (0x0188b4b3) x 9 0x00000001
core   0: 0x80003acc (0x02e155b3) divu    a1, sp, a4
core   0: 3 0x80003acc (0x02e155b3) x11 0x00000000
core   0: 0x80003ad0 (0xfeb78a93) addi    s5, a5, -21
core   0: 3 0x80003ad0 (0xfeb78a93) x21 0x0000006b
core   0: 0x80003ad4 (0x03d389b3) mul     s3, t2, t4
core   0: 3 0x80003ad4 (0x03d389b3) x19 0x00000000
core   0: 0x80003ad8 (0xe2e9ea13) ori     s4, s3, -466
core   0: 3 0x80003ad8 (0xe2e9ea13) x20 0xfffffe2e
core   0: 0x80003adc (0x04476c63) bltu    a4, tp, pc + 88
core   0: 3 0x80003adc (0x04476c63)
core   0: 0x80003ae0 (0x412ddc13) srai    s8, s11, 18
core   0: 3 0x80003ae0 (0x412ddc13) x24 0xffffe000
core   0: 0x80003ae4 (0x000c9113) slli    sp, s9, 0
core   0: 3 0x80003ae4 (0x000c9113) x 2 0x000007bb
core   0: 0x80003ae8 (0xcd6f7493) andi    s1, t5, -810
core   0: 3 0x80003ae8 (0xcd6f7493) x 9 0x00000000
core   0: 0x80003aec (0x415e56b3) sra     a3, t3, s5
core   0: 3 0x80003aec (0x415e56b3) x13 0xfff17a0d
core   0: 0x80003af0 (0x00000013) nop
core   0: 3 0x80003af0 (0x00000013)
core   0: 0x80003af4 (0x00500613) li      a2, 5
core   0: 3 0x80003af4 (0x00500613) x12 0x00000005
core   0: 0x80003af8 (0x03570fb3) mul     t6, a4, s5
core   0: 3 0x80003af8 (0x03570fb3) x31 0x41b77e22
core   0: 0x80003afc (0x03b85533) divu    a0, a6, s11
core   0: 3 0x80003afc (0x03b85533) x10 0x00000000
core   0: 0x80003b00 (0x00300a93) li      s5, 3
core   0: 3 0x80003b00 (0x00300a93) x21 0x00000003
core   0: 0x80003b04 (0xc3ad4693) xori    a3, s10, -966
core   0: 3 0x80003b04 (0xc3ad4693) x13 0xfffffc3a
core   0: 0x80003b08 (0x01298fb3) add     t6, s3, s2
core   0: 3 0x80003b08 (0x01298fb3) x31 0x00000000
core   0: 0x80003b0c (0xc6da7493) andi    s1, s4, -915
core   0: 3 0x80003b0c (0xc6da7493) x 9 0xfffffc2c
core   0: 0x80003b10 (0x41f48933) sub     s2, s1, t6
core   0: 3 0x80003b10 (0x41f48933) x18 0xfffffc2c
core   0: 0x80003b14 (0xa11b6313) ori     t1, s6, -1519
core   0: 3 0x80003b14 (0xa11b6313) x 6 0xfffffe75
core   0: 0x80003b18 (0xffe60613) addi    a2, a2, -2
core   0: 3 0x80003b18 (0xffe60613) x12 0x00000003
core   0: 0x80003b1c (0x0cd84493) xori    s1, a6, 205
core   0: 3 0x80003b1c (0x0cd84493) x 9 0x000000cd
core   0: 0x80003b20 (0x00140fb3) add     t6, s0, ra
core   0: 3 0x80003b20 (0x00140fb3) x31 0x00000070
core   0: 0x80003b24 (0xff5674e3) bgeu    a2, s5, pc - 24
core   0: 3 0x80003b24 (0xff5674e3)
core   0: 0x80003b0c (0xc6da7493) andi    s1, s4, -915
core   0: 3 0x80003b0c (0xc6da7493) x 9 0xfffffc2c
core   0: 0x80003b10 (0x41f48933) sub     s2, s1, t6
core   0: 3 0x80003b10 (0x41f48933) x18 0xfffffbbc
core   0: 0x80003b14 (0xa11b6313) ori     t1, s6, -1519
core   0: 3 0x80003b14 (0xa11b6313) x 6 0xfffffe75
core   0: 0x80003b18 (0xffe60613) addi    a2, a2, -2
core   0: 3 0x80003b18 (0xffe60613) x12 0x00000001
core   0: 0x80003b1c (0x0cd84493) xori    s1, a6, 205
core   0: 3 0x80003b1c (0x0cd84493) x 9 0x000000cd
core   0: 0x80003b20 (0x00140fb3) add     t6, s0, ra
core   0: 3 0x80003b20 (0x00140fb3) x31 0x00000070
core   0: 0x80003b24 (0xff5674e3) bgeu    a2, s5, pc - 24
core   0: 3 0x80003b24 (0xff5674e3)
core   0: 0x80003b28 (0x0130d593) srli    a1, ra, 19
core   0: 3 0x80003b28 (0x0130d593) x11 0x00000000
core   0: 0x80003b2c (0x00e887b3) add     a5, a7, a4
core   0: 3 0x80003b2c (0x00e887b3) x15 0xeb14dae6
core   0: 0x80003b30 (0x0131a133) slt     sp, gp, s3
core   0: 3 0x80003b30 (0x0131a133) x 2 0x00000001
core   0: 0x80003b34 (0x02495433) divu    s0, s2, tp
core   0: 3 0x80003b34 (0x02495433) x 8 0x00000030
core   0: 0x80003b38 (0x02f37bb3) remu    s7, t1, a5
core   0: 3 0x80003b38 (0x02f37bb3) x23 0x14eb238f
core   0: 0x80003b3c (0x017c7d33) and     s10, s8, s7
core   0: 3 0x80003b3c (0x017c7d33) x26 0x14eb2000
core   0: 0x80003b40 (0x00000013) nop
core   0: 3 0x80003b40 (0x00000013)
core   0: 0x80003b44 (0x1921a213) slti    tp, gp, 402
core   0: 3 0x80003b44 (0x1921a213) x 4 0x00000001
core   0: 0x80003b48 (0x96d1b093) sltiu   ra, gp, -1683
core   0: 3 0x80003b48 (0x96d1b093) x 1 0x00000001
core   0: 0x80003b4c (0x019b42b3) xor     t0, s6, s9
core   0: 3 0x80003b4c (0x019b42b3) x 5 0x800259df
core   0: 0x80003b50 (0x00543933) sltu    s2, s0, t0
core   0: 3 0x80003b50 (0x00543933) x18 0x00000001
core   0: 0x80003b54 (0x01177eb3) and     t4, a4, a7
core   0: 3 0x80003b54 (0x01177eb3) x29 0x00000000
core   0: 0x80003b58 (0x40e0d413) srai    s0, ra, 14
core   0: 3 0x80003b58 (0x40e0d413) x 8 0x00000000
core   0: 0x80003b5c (0x0033fc33) and     s8, t2, gp
core   0: 3 0x80003b5c (0x0033fc33) x24 0x80029c00
core   0: 0x80003b60 (0x02fbfa63) bgeu    s7, a5, pc + 52
core   0: 3 0x80003b60 (0x02fbfa63)
core   0: 0x80003b64 (0x40d9d893) srai    a7, s3, 13
core   0: 3 0x80003b64 (0x40d9d893) x17 0x00000000
core   0: 0x80003b68 (0x003979b3) and     s3, s2, gp
core   0: 3 0x80003b68 (0x003979b3) x19 0x00000001
core   0: 0x80003b6c (0x018d9e13) slli    t3, s11, 24
core   0: 3 0x80003b6c (0x018d9e13) x28 0xe4000000
core   0: 0x80003b70 (0x0073c933) xor     s2, t2, t2
core   0: 3 0x80003b70 (0x0073c933) x18 0x00000000
core   0: 0x80003b74 (0x00979133) sll     sp, a5, s1
core   0: 3 0x80003b74 (0x00979133) x 2 0x9b5cc000
core   0: 0x80003b78 (0x00a78833) add     a6, a5, a0
core   0: 3 0x80003b78 (0x00a78833) x16 0xeb14dae6
core   0: 0x80003b7c (0x01133233) sltu    tp, t1, a7
core   0: 3 0x80003b7c (0x01133233) x 4 0x00000000
core   0: 0x80003b80 (0x00748c33) add     s8, s1, t2
core   0: 3 0x80003b80 (0x00748c33) x24 0xfffffccd
core   0: 0x80003b84 (0x40a356b3) sra     a3, t1, a0
core   0: 3 0x80003b84 (0x40a356b3) x13 0xfffffe75
core   0: 0x80003b88 (0x9a619337) lui     t1, 0x9a619
core   0: 3 0x80003b88 (0x9a619337) x 6 0x9a619000
core   0: 0x80003b8c (0x00413233) sltu    tp, sp, tp
core   0: 3 0x80003b8c (0x00413233) x 4 0x00000000
core   0: 0x80003b90 (0x41835a93) srai    s5, t1, 24
core   0: 3 0x80003b90 (0x41835a93) x21 0xffffff9a
core   0: 0x80003b94 (0x68b96093) ori     ra, s2, 1675
core   0: 3 0x80003b94 (0x68b96093) x 1 0x0000068b
core   0: 0x80003b98 (0x7f8e0113) addi    sp, t3, 2040
core   0: 3 0x80003b98 (0x7f8e0113) x 2 0xe40007f8
core   0: 0x80003b9c (0x4136d793) srai    a5, a3, 19
core   0: 3 0x80003b9c (0x4136d793) x15 0xffffffff
core   0: 0x80003ba0 (0x02a6ac33) mulhsu  s8, a3, a0
core   0: 3 0x80003ba0 (0x02a6ac33) x24 0x00000000
core   0: 0x80003ba4 (0xbebeff97) auipc   t6, 0xbebef
core   0: 3 0x80003ba4 (0xbebeff97) x31 0x3ebf2ba4
core   0: 0x80003ba8 (0xb09ba413) slti    s0, s7, -1271
core   0: 3 0x80003ba8 (0xb09ba413) x 8 0x00000000
core   0: 0x80003bac (0x02480d33) mul     s10, a6, tp
core   0: 3 0x80003bac (0x02480d33) x26 0x00000000
core   0: 0x80003bb0 (0x04d1f063) bgeu    gp, a3, pc + 64
core   0: 3 0x80003bb0 (0x04d1f063)
core   0: 0x80003bb4 (0xf994b613) sltiu   a2, s1, -103
core   0: 3 0x80003bb4 (0xf994b613) x12 0x00000001
core   0: 0x80003bb8 (0x03115063) bge     sp, a7, pc + 32
core   0: 3 0x80003bb8 (0x03115063)
core   0: 0x80003bbc (0x00c84433) xor     s0, a6, a2
core   0: 3 0x80003bbc (0x00c84433) x 8 0xeb14dae7
core   0: 0x80003bc0 (0x52570c93) addi    s9, a4, 1317
core   0: 3 0x80003bc0 (0x52570c93) x25 0xeb14e00b
core   0: 0x80003bc4 (0x028bf933) remu    s2, s7, s0
core   0: 3 0x80003bc4 (0x028bf933) x18 0x14eb238f
core   0: 0x80003bc8 (0x00f04433) xor     s0, zero, a5
core   0: 3 0x80003bc8 (0x00f04433) x 8 0xffffffff
core   0: 0x80003bcc (0x037f8463) beq     t6, s7, pc + 40
core   0: 3 0x80003bcc (0x037f8463)
core   0: 0x80003bd0 (0x025d8463) beq     s11, t0, pc + 40
core   0: 3 0x80003bd0 (0x025d8463)
core   0: 0x80003bd4 (0x04704663) blt     zero, t2, pc + 76
core   0: 3 0x80003bd4 (0x04704663)
core   0: 0x80003bd8 (0x00fb9d13) slli    s10, s7, 15
core   0: 3 0x80003bd8 (0x00fb9d13) x26 0x91c78000
core   0: 0x80003bdc (0x00807a33) and     s4, zero, s0
core   0: 3 0x80003bdc (0x00807a33) x20 0x00000000
core   0: 0x80003be0 (0x00403933) snez    s2, tp
core   0: 3 0x80003be0 (0x00403933) x18 0x00000000
core   0: 0x80003be4 (0xdd3e8113) addi    sp, t4, -557
core   0: 3 0x80003be4 (0xdd3e8113) x 2 0xfffffdd3
core   0: 0x80003be8 (0x0192d413) srli    s0, t0, 25
core   0: 3 0x80003be8 (0x0192d413) x 8 0x00000040
core   0: 0x80003bec (0x02f1fa63) bgeu    gp, a5, pc + 52
core   0: 3 0x80003bec (0x02f1fa63)
core   0: 0x80003bf0 (0x0231e233) rem     tp, gp, gp
core   0: 3 0x80003bf0 (0x0231e233) x 4 0x00000000
core   0: 0x80003bf4 (0x0100ee63) bltu    ra, a6, pc + 28
core   0: 3 0x80003bf4 (0x0100ee63)
core   0: 0x80003c10 (0x41355fb3) sra     t6, a0, s3
core   0: 3 0x80003c10 (0x41355fb3) x31 0x00000000
core   0: 0x80003c14 (0x3c1a6a13) ori     s4, s4, 961
core   0: 3 0x80003c14 (0x3c1a6a13) x20 0x000003c1
core   0: 0x80003c18 (0x02899233) mulh    tp, s3, s0
core   0: 3 0x80003c18 (0x02899233) x 4 0x00000000
core   0: 0x80003c1c (0x00ff0833) add     a6, t5, a5
core   0: 3 0x80003c1c (0x00ff0833) x16 0xffffffff
core   0: 0x80003c20 (0xc4338c97) auipc   s9, 0xc4338
core   0: 3 0x80003c20 (0xc4338c97) x25 0x4433bc20
core   0: 0x80003c24 (0xaff4a193) slti    gp, s1, -1281
core   0: 3 0x80003c24 (0xaff4a193) x 3 0x00000000
core   0: 0x80003c28 (0x03695863) bge     s2, s6, pc + 48
core   0: 3 0x80003c28 (0x03695863)
core   0: 0x80003c58 (0x01320233) add     tp, tp, s3
core   0: 3 0x80003c58 (0x01320233) x 4 0x00000001
core   0: 0x80003c5c (0x7fef48b7) lui     a7, 0x7fef4
core   0: 3 0x80003c5c (0x7fef48b7) x17 0x7fef4000
core   0: 0x80003c60 (0x7b27c213) xori    tp, a5, 1970
core   0: 3 0x80003c60 (0x7b27c213) x 4 0xfffff84d
core   0: 0x80003c64 (0x03f9afb3) mulhsu  t6, s3, t6
core   0: 3 0x80003c64 (0x03f9afb3) x31 0x00000000
core   0: 0x80003c68 (0x014d5a13) srli    s4, s10, 20
core   0: 3 0x80003c68 (0x014d5a13) x20 0x0000091c
core   0: 0x80003c6c (0x005274b3) and     s1, tp, t0
core   0: 3 0x80003c6c (0x005274b3) x 9 0x8002584d
core   0: 0x80003c70 (0x011899b3) sll     s3, a7, a7
core   0: 3 0x80003c70 (0x011899b3) x19 0x7fef4000
core   0: 0x80003c74 (0x41aede33) sra     t3, t4, s10
core   0: 3 0x80003c74 (0x41aede33) x28 0x00000000
core   0: 0x80003c78 (0x00297133) and     sp, s2, sp
core   0: 3 0x80003c78 (0x00297133) x 2 0x00000000
core   0: 0x80003c7c (0x419f0e33) sub     t3, t5, s9
core   0: 3 0x80003c7c (0x419f0e33) x28 0xbbcc43e0
core   0: 0x80003c80 (0x00041233) sll     tp, s0, zero
core   0: 3 0x80003c80 (0x00041233) x 4 0x00000040
core   0: 0x80003c84 (0x023b30b3) mulhu   ra, s6, gp
core   0: 3 0x80003c84 (0x023b30b3) x 1 0x00000000
core   0: 0x80003c88 (0x00321933) sll     s2, tp, gp
core   0: 3 0x80003c88 (0x00321933) x18 0x00000040
core   0: 0x80003c8c (0x01e037b3) snez    a5, t5
core   0: 3 0x80003c8c (0x01e037b3) x15 0x00000000
core   0: 0x80003c90 (0xa8a6dd37) lui     s10, 0xa8a6d
core   0: 3 0x80003c90 (0xa8a6dd37) x26 0xa8a6d000
core   0: 0x80003c94 (0x0060d7b3) srl     a5, ra, t1
core   0: 3 0x80003c94 (0x0060d7b3) x15 0x00000000
core   0: 0x80003c98 (0x00000013) nop
core   0: 3 0x80003c98 (0x00000013)
core   0: 0x80003c9c (0x00f0e333) or      t1, ra, a5
core   0: 3 0x80003c9c (0x00f0e333) x 6 0x00000000
core   0: 0x80003ca0 (0x00639a33) sll     s4, t2, t1
core   0: 3 0x80003ca0 (0x00639a33) x20 0xfffffc00
core   0: 0x80003ca4 (0x0370cd33) div     s10, ra, s7
core   0: 3 0x80003ca4 (0x0370cd33) x26 0x00000000
core   0: 0x80003ca8 (0x01715c63) bge     sp, s7, pc + 24
core   0: 3 0x80003ca8 (0x01715c63)
core   0: 0x80003cac (0x02577f33) remu    t5, a4, t0
core   0: 3 0x80003cac (0x02577f33) x30 0x6b128107
core   0: 0x80003cb0 (0x01f561b3) or      gp, a0, t6
core   0: 3 0x80003cb0 (0x01f561b3) x 3 0x00000000
core   0: 0x80003cb4 (0x025ebbb3) mulhu   s7, t4, t0
core   0: 3 0x80003cb4 (0x025ebbb3) x23 0x00000000
core   0: 0x80003cb8 (0x000007b3) add     a5, zero, zero
core   0: 3 0x80003cb8 (0x000007b3) x15 0x00000000
core   0: 0x80003cbc (0x01cf6663) bltu    t5, t3, pc + 12
core   0: 3 0x80003cbc (0x01cf6663)
core   0: 0x80003cc8 (0x02790633) mul     a2, s2, t2
core   0: 3 0x80003cc8 (0x02790633) x12 0xffff0000
core   0: 0x80003ccc (0x02538ab3) mul     s5, t2, t0
core   0: 3 0x80003ccc (0x02538ab3) x21 0xf6988400
core   0: 0x80003cd0 (0x000a2833) slt     a6, s4, zero
core   0: 3 0x80003cd0 (0x000a2833) x16 0x00000001
core   0: 0x80003cd4 (0x006ddb93) srli    s7, s11, 6
core   0: 3 0x80003cd4 (0x006ddb93) x23 0x02000a73
core   0: 0x80003cd8 (0x408b0f33) sub     t5, s6, s0
core   0: 3 0x80003cd8 (0x408b0f33) x30 0x80025e24
core   0: 0x80003cdc (0x03830233) mul     tp, t1, s8
core   0: 3 0x80003cdc (0x03830233) x 4 0x00000000
core   0: 0x80003ce0 (0x619e8913) addi    s2, t4, 1561
core   0: 3 0x80003ce0 (0x619e8913) x18 0x00000619
core   0: 0x80003ce4 (0x039bd863) bge     s7, s9, pc + 48
core   0: 3 0x80003ce4 (0x039bd863)
core   0: 0x80003ce8 (0x95eac913) xori    s2, s5, -1698
core   0: 3 0x80003ce8 (0x95eac913) x18 0x09677d5e
core   0: 0x80003cec (0x0043f933) and     s2, t2, tp
core   0: 3 0x80003cec (0x0043f933) x18 0x00000000
core   0: 0x80003cf0 (0x0027f8b3) and     a7, a5, sp
core   0: 3 0x80003cf0 (0x0027f8b3) x17 0x00000000
core   0: 0x80003cf4 (0x03bda933) mulhsu  s2, s11, s11
core   0: 3 0x80003cf4 (0x03bda933) x18 0xc0000006
core   0: 0x80003cf8 (0x008236b3) sltu    a3, tp, s0
core   0: 3 0x80003cf8 (0x008236b3) x13 0x00000001
core   0: 0x80003cfc (0xe3e80993) addi    s3, a6, -450
core   0: 3 0x80003cfc (0xe3e80993) x19 0xfffffe3f
core   0: 0x80003d00 (0x022fee63) bltu    t6, sp, pc + 60
core   0: 3 0x80003d00 (0x022fee63)
core   0: 0x80003d04 (0x41275113) srai    sp, a4, 18
core   0: 3 0x80003d04 (0x41275113) x 2 0xfffffac5
core   0: 0x80003d08 (0x02970033) mul     zero, a4, s1
core   0: 3 0x80003d08 (0x02970033)
core   0: 0x80003d0c (0x033263b3) rem     t2, tp, s3
core   0: 3 0x80003d0c (0x033263b3) x 7 0x00000000
core   0: 0x80003d10 (0x01362a33) slt     s4, a2, s3
core   0: 3 0x80003d10 (0x01362a33) x20 0x00000001
core   0: 0x80003d14 (0x01599593) slli    a1, s3, 21
core   0: 3 0x80003d14 (0x01599593) x11 0xc7e00000
core   0: 0x80003d18 (0x014873b3) and     t2, a6, s4
core   0: 3 0x80003d18 (0x014873b3) x 7 0x00000001
core   0: 0x80003d1c (0x40ab55b3) sra     a1, s6, a0
core   0: 3 0x80003d1c (0x40ab55b3) x11 0x80025e64
core   0: 0x80003d20 (0xd9307893) andi    a7, zero, -621
core   0: 3 0x80003d20 (0xd9307893) x17 0x00000000
core   0: 0x80003d24 (0x032de463) bltu    s11, s2, pc + 40
core   0: 3 0x80003d24 (0x032de463)
core   0: 0x80003d4c (0x012aa6b3) slt     a3, s5, s2
core   0: 3 0x80003d4c (0x012aa6b3) x13 0x00000000
core   0: 0x80003d50 (0x020e1eb3) mulh    t4, t3, zero
core   0: 3 0x80003d50 (0x020e1eb3) x29 0x00000000
core   0: 0x80003d54 (0x40e8d193) srai    gp, a7, 14
core   0: 3 0x80003d54 (0x40e8d193) x 3 0x00000000
core   0: 0x80003d58 (0x03a70133) mul     sp, a4, s10
core   0: 3 0x80003d58 (0x03a70133) x 2 0x00000000
core   0: 0x80003d5c (0x0063dab3) srl     s5, t2, t1
core   0: 3 0x80003d5c (0x0063dab3) x21 0x00000001
core   0: 0x80003d60 (0x41b302b3) sub     t0, t1, s11
core   0: 3 0x80003d60 (0x41b302b3) x 5 0x7ffd631c
core   0: 0x80003d64 (0x0156d833) srl     a6, a3, s5
core   0: 3 0x80003d64 (0x0156d833) x16 0x00000000
core   0: 0x80003d68 (0x034256b3) divu    a3, tp, s4
core   0: 3 0x80003d68 (0x034256b3) x13 0x00000000
core   0: 0x80003d6c (0x03683fb3) mulhu   t6, a6, s6
core   0: 3 0x80003d6c (0x03683fb3) x31 0x00000000
core   0: 0x80003d70 (0x03151233) mulh    tp, a0, a7
core   0: 3 0x80003d70 (0x03151233) x 4 0x00000000
core   0: 0x80003d74 (0x032351b3) divu    gp, t1, s2
core   0: 3 0x80003d74 (0x032351b3) x 3 0x00000000
core   0: 0x80003d78 (0x03b8c0b3) div     ra, a7, s11
core   0: 3 0x80003d78 (0x03b8c0b3) x 1 0x00000000
core   0: 0x80003d7c (0x45accbb7) lui     s7, 0x45acc
core   0: 3 0x80003d7c (0x45accbb7) x23 0x45acc000
core   0: 0x80003d80 (0x02d0d063) bge     ra, a3, pc + 32
core   0: 3 0x80003d80 (0x02d0d063)
core   0: 0x80003da0 (0x01d44933) xor     s2, s0, t4
core   0: 3 0x80003da0 (0x01d44933) x18 0x00000040
core   0: 0x80003da4 (0x00b76bb3) or      s7, a4, a1
core   0: 3 0x80003da4 (0x00b76bb3) x23 0xeb16dee6
core   0: 0x80003da8 (0x03e6f063) bgeu    a3, t5, pc + 32
core   0: 3 0x80003da8 (0x03e6f063)
core   0: 0x80003dac (0x007fffb3) and     t6, t6, t2
core   0: 3 0x80003dac (0x007fffb3) x31 0x00000000
core   0: 0x80003db0 (0x03bf4663) blt     t5, s11, pc + 44
core   0: 3 0x80003db0 (0x03bf4663)
core   0: 0x80003ddc (0xa9cd0797) auipc   a5, 0xa9cd0
core   0: 3 0x80003ddc (0xa9cd0797) x15 0x29cd3ddc
core   0: 0x80003de0 (0x6f20c613) xori    a2, ra, 1778
core   0: 3 0x80003de0 (0x6f20c613) x12 0x000006f2
core   0: 0x80003de4 (0x01295893) srli    a7, s2, 18
core   0: 3 0x80003de4 (0x01295893) x17 0x00000000
core   0: 0x80003de8 (0x5174a613) slti    a2, s1, 1303
core   0: 3 0x80003de8 (0x5174a613) x12 0x00000001
core   0: 0x80003dec (0x02ac9033) mulh    zero, s9, a0
core   0: 3 0x80003dec (0x02ac9033)
core   0: 0x80003df0 (0x014928b3) slt     a7, s2, s4
core   0: 3 0x80003df0 (0x014928b3) x17 0x00000000
core   0: 0x80003df4 (0x023f9d33) mulh    s10, t6, gp
core   0: 3 0x80003df4 (0x023f9d33) x26 0x00000000
core   0: 0x80003df8 (0x7d6bac93) slti    s9, s7, 2006
core   0: 3 0x80003df8 (0x7d6bac93) x25 0x00000001
core   0: 0x80003dfc (0x019f88b3) add     a7, t6, s9
core   0: 3 0x80003dfc (0x019f88b3) x17 0x00000001
core   0: 0x80003e00 (0x44a0cd13) xori    s10, ra, 1098
core   0: 3 0x80003e00 (0x44a0cd13) x26 0x0000044a
core   0: 0x80003e04 (0x026eeab3) rem     s5, t4, t1
core   0: 3 0x80003e04 (0x026eeab3) x21 0x00000000
core   0: 0x80003e08 (0x01eefeb3) and     t4, t4, t5
core   0: 3 0x80003e08 (0x01eefeb3) x29 0x00000000
core   0: 0x80003e0c (0x5a818193) addi    gp, gp, 1448
core   0: 3 0x80003e0c (0x5a818193) x 3 0x000005a8
core   0: 0x80003e10 (0x004a1463) bne     s4, tp, pc + 8
core   0: 3 0x80003e10 (0x004a1463)
core   0: 0x80003e18 (0x018d8533) add     a0, s11, s8
core   0: 3 0x80003e18 (0x018d8533) x10 0x80029ce4
core   0: 0x80003e1c (0x01268833) add     a6, a3, s2
core   0: 3 0x80003e1c (0x01268833) x16 0x00000040
core   0: 0x80003e20 (0x02be6933) rem     s2, t3, a1
core   0: 3 0x80003e20 (0x02be6933) x18 0xbbcc43e0
core   0: 0x80003e24 (0x01de4c63) blt     t3, t4, pc + 24
core   0: 3 0x80003e24 (0x01de4c63)
core   0: 0x80003e3c (0x41e3dfb3) sra     t6, t2, t5
core   0: 3 0x80003e3c (0x41e3dfb3) x31 0x00000000
core   0: 0x80003e40 (0x759df4b7) lui     s1, 0x759df
core   0: 3 0x80003e40 (0x759df4b7) x 9 0x759df000
core   0: 0x80003e44 (0x03c8b6b3) mulhu   a3, a7, t3
core   0: 3 0x80003e44 (0x03c8b6b3) x13 0x00000000
core   0: 0x80003e48 (0x40b3d9b3) sra     s3, t2, a1
core   0: 3 0x80003e48 (0x40b3d9b3) x19 0x00000000
core   0: 0x80003e4c (0x03c1f7b3) remu    a5, gp, t3
core   0: 3 0x80003e4c (0x03c1f7b3) x15 0x000005a8
core   0: 0x80003e50 (0x006ee8b3) or      a7, t4, t1
core   0: 3 0x80003e50 (0x006ee8b3) x17 0x00000000
core   0: 0x80003e54 (0x024ea133) mulhsu  sp, t4, tp
core   0: 3 0x80003e54 (0x024ea133) x 2 0x00000000
core   0: 0x80003e58 (0x003e7533) and     a0, t3, gp
core   0: 3 0x80003e58 (0x003e7533) x10 0x000001a0
core   0: 0x80003e5c (0x01231e93) slli    t4, t1, 18
core   0: 3 0x80003e5c (0x01231e93) x29 0x00000000
core   0: 0x80003e60 (0x035531b3) mulhu   gp, a0, s5
core   0: 3 0x80003e60 (0x035531b3) x 3 0x00000000
core   0: 0x80003e64 (0x017af2b3) and     t0, s5, s7
core   0: 3 0x80003e64 (0x017af2b3) x 5 0x00000000
core   0: 0x80003e68 (0x00000013) nop
core   0: 3 0x80003e68 (0x00000013)
core   0: 0x80003e6c (0x00f81113) slli    sp, a6, 15
core   0: 3 0x80003e6c (0x00f81113) x 2 0x00200000
core   0: 0x80003e70 (0x033b0633) mul     a2, s6, s3
core   0: 3 0x80003e70 (0x033b0633) x12 0x00000000
core   0: 0x80003e74 (0xff700513) li      a0, -9
core   0: 3 0x80003e74 (0xff700513) x10 0xfffffff7
core   0: 0x80003e78 (0x00663fb3) sltu    t6, a2, t1
core   0: 3 0x80003e78 (0x00663fb3) x31 0x00000000
core   0: 0x80003e7c (0xfef00413) li      s0, -17
core   0: 3 0x80003e7c (0xfef00413) x 8 0xffffffef
core   0: 0x80003e80 (0x00000013) nop
core   0: 3 0x80003e80 (0x00000013)
core   0: 0x80003e84 (0xfcd66f13) ori     t5, a2, -51
core   0: 3 0x80003e84 (0xfcd66f13) x30 0xffffffcd
core   0: 0x80003e88 (0x00349ab3) sll     s5, s1, gp
core   0: 3 0x80003e88 (0x00349ab3) x21 0x759df000
core   0: 0x80003e8c (0xf3259a17) auipc   s4, 0xf3259
core   0: 3 0x80003e8c (0xf3259a17) x20 0x7325ce8c
core   0: 0x80003e90 (0xcc9cef13) ori     t5, s9, -823
core   0: 3 0x80003e90 (0xcc9cef13) x30 0xfffffcc9
core   0: 0x80003e94 (0xfff50513) addi    a0, a0, -1
core   0: 3 0x80003e94 (0xfff50513) x10 0xfffffff6
core   0: 0x80003e98 (0x00801913) slli    s2, zero, 8
core   0: 3 0x80003e98 (0x00801913) x18 0x00000000
core   0: 0x80003e9c (0x00000013) nop
core   0: 3 0x80003e9c (0x00000013)
core   0: 0x80003ea0 (0x00bf37b3) sltu    a5, t5, a1
core   0: 3 0x80003ea0 (0x00bf37b3) x15 0x00000000
core   0: 0x80003ea4 (0xf84f00b7) lui     ra, 0xf84f0
core   0: 3 0x80003ea4 (0xf84f00b7) x 1 0xf84f0000
core   0: 0x80003ea8 (0x01d8f7b3) and     a5, a7, t4
core   0: 3 0x80003ea8 (0x01d8f7b3) x15 0x00000000
core   0: 0x80003eac (0x0022b8b3) sltu    a7, t0, sp
core   0: 3 0x80003eac (0x0022b8b3) x17 0x00000001
core   0: 0x80003eb0 (0xd83c4393) xori    t2, s8, -637
core   0: 3 0x80003eb0 (0xd83c4393) x 7 0xfffffd83
core   0: 0x80003eb4 (0x01704a33) xor     s4, zero, s7
core   0: 3 0x80003eb4 (0x01704a33) x20 0xeb16dee6
core   0: 0x80003eb8 (0x022e6ab3) rem     s5, t3, sp
core   0: 3 0x80003eb8 (0x022e6ab3) x21 0xffec43e0
core   0: 0x80003ebc (0x40be5613) srai    a2, t3, 11
core   0: 3 0x80003ebc (0x40be5613) x12 0xfff77988
core   0: 0x80003ec0 (0x9b2e8997) auipc   s3, 0x9b2e8
core   0: 3 0x80003ec0 (0x9b2e8997) x19 0x1b2ebec0
core   0: 0x80003ec4 (0x00ed0d33) add     s10, s10, a4
core   0: 3 0x80003ec4 (0x00ed0d33) x26 0xeb14df30
core   0: 0x80003ec8 (0xe65c8893) addi    a7, s9, -411
core   0: 3 0x80003ec8 (0xe65c8893) x17 0xfffffe66
core   0: 0x80003ecc (0xf3e4a593) slti    a1, s1, -194
core   0: 3 0x80003ecc (0xf3e4a593) x11 0x00000000
core   0: 0x80003ed0 (0x028d86b3) mul     a3, s11, s0
core   0: 3 0x80003ed0 (0x028d86b3) x13 0x7fd394dc
core   0: 0x80003ed4 (0x01fc9bb3) sll     s7, s9, t6
core   0: 3 0x80003ed4 (0x01fc9bb3) x23 0x00000001
core   0: 0x80003ed8 (0x0297ef33) rem     t5, a5, s1
core   0: 3 0x80003ed8 (0x0297ef33) x30 0x00000000
core   0: 0x80003edc (0x02fdecb3) rem     s9, s11, a5
core   0: 3 0x80003edc (0x02fdecb3) x25 0x80029ce4
core   0: 0x80003ee0 (0x82ad3093) sltiu   ra, s10, -2006
core   0: 3 0x80003ee0 (0x82ad3093) x 1 0x00000001
core   0: 0x80003ee4 (0xfa8510e3) bne     a0, s0, pc - 96
core   0: 3 0x80003ee4 (0xfa8510e3)
core   0: 0x80003e84 (0xfcd66f13) ori     t5, a2, -51
core   0: 3 0x80003e84 (0xfcd66f13) x30 0xffffffcd
core   0: 0x80003e88 (0x00349ab3) sll     s5, s1, gp
core   0: 3 0x80003e88 (0x00349ab3) x21 0x759df000
core   0: 0x80003e8c (0xf3259a17) auipc   s4, 0xf3259
core   0: 3 0x80003e8c (0xf3259a17) x20 0x7325ce8c
core   0: 0x80003e90 (0xcc9cef13) ori     t5, s9, -823
core   0: 3 0x80003e90 (0xcc9cef13) x30 0xfffffced
core   0: 0x80003e94 (0xfff50513) addi    a0, a0, -1
core   0: 3 0x80003e94 (0xfff50513) x10 0xfffffff5
core   0: 0x80003e98 (0x00801913) slli    s2, zero, 8
core   0: 3 0x80003e98 (0x00801913) x18 0x00000000
core   0: 0x80003e9c (0x00000013) nop
core   0: 3 0x80003e9c (0x00000013)
core   0: 0x80003ea0 (0x00bf37b3) sltu    a5, t5, a1
core   0: 3 0x80003ea0 (0x00bf37b3) x15 0x00000000
core   0: 0x80003ea4 (0xf84f00b7) lui     ra, 0xf84f0
core   0: 3 0x80003ea4 (0xf84f00b7) x 1 0xf84f0000
core   0: 0x80003ea8 (0x01d8f7b3) and     a5, a7, t4
core   0: 3 0x80003ea8 (0x01d8f7b3) x15 0x00000000
core   0: 0x80003eac (0x0022b8b3) sltu    a7, t0, sp
core   0: 3 0x80003eac (0x0022b8b3) x17 0x00000001
core   0: 0x80003eb0 (0xd83c4393) xori    t2, s8, -637
core   0: 3 0x80003eb0 (0xd83c4393) x 7 0xfffffd83
core   0: 0x80003eb4 (0x01704a33) xor     s4, zero, s7
core   0: 3 0x80003eb4 (0x01704a33) x20 0x00000001
core   0: 0x80003eb8 (0x022e6ab3) rem     s5, t3, sp
core   0: 3 0x80003eb8 (0x022e6ab3) x21 0xffec43e0
core   0: 0x80003ebc (0x40be5613) srai    a2, t3, 11
core   0: 3 0x80003ebc (0x40be5613) x12 0xfff77988
core   0: 0x80003ec0 (0x9b2e8997) auipc   s3, 0x9b2e8
core   0: 3 0x80003ec0 (0x9b2e8997) x19 0x1b2ebec0
core   0: 0x80003ec4 (0x00ed0d33) add     s10, s10, a4
core   0: 3 0x80003ec4 (0x00ed0d33) x26 0xd629ba16
core   0: 0x80003ec8 (0xe65c8893) addi    a7, s9, -411
core   0: 3 0x80003ec8 (0xe65c8893) x17 0x80029b49
core   0: 0x80003ecc (0xf3e4a593) slti    a1, s1, -194
core   0: 3 0x80003ecc (0xf3e4a593) x11 0x00000000
core   0: 0x80003ed0 (0x028d86b3) mul     a3, s11, s0
core   0: 3 0x80003ed0 (0x028d86b3) x13 0x7fd394dc
core   0: 0x80003ed4 (0x01fc9bb3) sll     s7, s9, t6
core   0: 3 0x80003ed4 (0x01fc9bb3) x23 0x80029ce4
core   0: 0x80003ed8 (0x0297ef33) rem     t5, a5, s1
core   0: 3 0x80003ed8 (0x0297ef33) x30 0x00000000
core   0: 0x80003edc (0x02fdecb3) rem     s9, s11, a5
core   0: 3 0x80003edc (0x02fdecb3) x25 0x80029ce4
core   0: 0x80003ee0 (0x82ad3093) sltiu   ra, s10, -2006
core   0: 3 0x80003ee0 (0x82ad3093) x 1 0x00000001
core   0: 0x80003ee4 (0xfa8510e3) bne     a0, s0, pc - 96
core   0: 3 0x80003ee4 (0xfa8510e3)
core   0: 0x80003e84 (0xfcd66f13) ori     t5, a2, -51
core   0: 3 0x80003e84 (0xfcd66f13) x30 0xffffffcd
core   0: 0x80003e88 (0x00349ab3) sll     s5, s1, gp
core   0: 3 0x80003e88 (0x00349ab3) x21 0x759df000
core   0: 0x80003e8c (0xf3259a17) auipc   s4, 0xf3259
core   0: 3 0x80003e8c (0xf3259a17) x20 0x7325ce8c
core   0: 0x80003e90 (0xcc9cef13) ori     t5, s9, -823
core   0: 3 0x80003e90 (0xcc9cef13) x30 0xfffffced
core   0: 0x80003e94 (0xfff50513) addi    a0, a0, -1
core   0: 3 0x80003e94 (0xfff50513) x10 0xfffffff4
core   0: 0x80003e98 (0x00801913) slli    s2, zero, 8
core   0: 3 0x80003e98 (0x00801913) x18 0x00000000
core   0: 0x80003e9c (0x00000013) nop
core   0: 3 0x80003e9c (0x00000013)
core   0: 0x80003ea0 (0x00bf37b3) sltu    a5, t5, a1
core   0: 3 0x80003ea0 (0x00bf37b3) x15 0x00000000
core   0: 0x80003ea4 (0xf84f00b7) lui     ra, 0xf84f0
core   0: 3 0x80003ea4 (0xf84f00b7) x 1 0xf84f0000
core   0: 0x80003ea8 (0x01d8f7b3) and     a5, a7, t4
core   0: 3 0x80003ea8 (0x01d8f7b3) x15 0x00000000
core   0: 0x80003eac (0x0022b8b3) sltu    a7, t0, sp
core   0: 3 0x80003eac (0x0022b8b3) x17 0x00000001
core   0: 0x80003eb0 (0xd83c4393) xori    t2, s8, -637
core   0: 3 0x80003eb0 (0xd83c4393) x 7 0xfffffd83
core   0: 0x80003eb4 (0x01704a33) xor     s4, zero, s7
core   0: 3 0x80003eb4 (0x01704a33) x20 0x80029ce4
core   0: 0x80003eb8 (0x022e6ab3) rem     s5, t3, sp
core   0: 3 0x80003eb8 (0x022e6ab3) x21 0xffec43e0
core   0: 0x80003ebc (0x40be5613) srai    a2, t3, 11
core   0: 3 0x80003ebc (0x40be5613) x12 0xfff77988
core   0: 0x80003ec0 (0x9b2e8997) auipc   s3, 0x9b2e8
core   0: 3 0x80003ec0 (0x9b2e8997) x19 0x1b2ebec0
core   0: 0x80003ec4 (0x00ed0d33) add     s10, s10, a4
core   0: 3 0x80003ec4 (0x00ed0d33) x26 0xc13e94fc
core   0: 0x80003ec8 (0xe65c8893) addi    a7, s9, -411
core   0: 3 0x80003ec8 (0xe65c8893) x17 0x80029b49
core   0: 0x80003ecc (0xf3e4a593) slti    a1, s1, -194
core   0: 3 0x80003ecc (0xf3e4a593) x11 0x00000000
core   0: 0x80003ed0 (0x028d86b3) mul     a3, s11, s0
core   0: 3 0x80003ed0 (0x028d86b3) x13 0x7fd394dc
core   0: 0x80003ed4 (0x01fc9bb3) sll     s7, s9, t6
core   0: 3 0x80003ed4 (0x01fc9bb3) x23 0x80029ce4
core   0: 0x80003ed8 (0x0297ef33) rem     t5, a5, s1
core   0: 3 0x80003ed8 (0x0297ef33) x30 0x00000000
core   0: 0x80003edc (0x02fdecb3) rem     s9, s11, a5
core   0: 3 0x80003edc (0x02fdecb3) x25 0x80029ce4
core   0: 0x80003ee0 (0x82ad3093) sltiu   ra, s10, -2006
core   0: 3 0x80003ee0 (0x82ad3093) x 1 0x00000001
core   0: 0x80003ee4 (0xfa8510e3) bne     a0, s0, pc - 96
core   0: 3 0x80003ee4 (0xfa8510e3)
core   0: 0x80003e84 (0xfcd66f13) ori     t5, a2, -51
core   0: 3 0x80003e84 (0xfcd66f13) x30 0xffffffcd
core   0: 0x80003e88 (0x00349ab3) sll     s5, s1, gp
core   0: 3 0x80003e88 (0x00349ab3) x21 0x759df000
core   0: 0x80003e8c (0xf3259a17) auipc   s4, 0xf3259
core   0: 3 0x80003e8c (0xf3259a17) x20 0x7325ce8c
core   0: 0x80003e90 (0xcc9cef13) ori     t5, s9, -823
core   0: 3 0x80003e90 (0xcc9cef13) x30 0xfffffced
core   0: 0x80003e94 (0xfff50513) addi    a0, a0, -1
core   0: 3 0x80003e94 (0xfff50513) x10 0xfffffff3
core   0: 0x80003e98 (0x00801913) slli    s2, zero, 8
core   0: 3 0x80003e98 (0x00801913) x18 0x00000000
core   0: 0x80003e9c (0x00000013) nop
core   0: 3 0x80003e9c (0x00000013)
core   0: 0x80003ea0 (0x00bf37b3) sltu    a5, t5, a1
core   0: 3 0x80003ea0 (0x00bf37b3) x15 0x00000000
core   0: 0x80003ea4 (0xf84f00b7) lui     ra, 0xf84f0
core   0: 3 0x80003ea4 (0xf84f00b7) x 1 0xf84f0000
core   0: 0x80003ea8 (0x01d8f7b3) and     a5, a7, t4
core   0: 3 0x80003ea8 (0x01d8f7b3) x15 0x00000000
core   0: 0x80003eac (0x0022b8b3) sltu    a7, t0, sp
core   0: 3 0x80003eac (0x0022b8b3) x17 0x00000001
core   0: 0x80003eb0 (0xd83c4393) xori    t2, s8, -637
core   0: 3 0x80003eb0 (0xd83c4393) x 7 0xfffffd83
core   0: 0x80003eb4 (0x01704a33) xor     s4, zero, s7
core   0: 3 0x80003eb4 (0x01704a33) x20 0x80029ce4
core   0: 0x80003eb8 (0x022e6ab3) rem     s5, t3, sp
core   0: 3 0x80003eb8 (0x022e6ab3) x21 0xffec43e0
core   0: 0x80003ebc (0x40be5613) srai    a2, t3, 11
core   0: 3 0x80003ebc (0x40be5613) x12 0xfff77988
core   0: 0x80003ec0 (0x9b2e8997) auipc   s3, 0x9b2e8
core   0: 3 0x80003ec0 (0x9b2e8997) x19 0x1b2ebec0
core   0: 0x80003ec4 (0x00ed0d33) add     s10, s10, a4
core   0: 3 0x80003ec4 (0x00ed0d33) x26 0xac536fe2
core   0: 0x80003ec8 (0xe65c8893) addi    a7, s9, -411
core   0: 3 0x80003ec8 (0xe65c8893) x17 0x80029b49
core   0: 0x80003ecc (0xf3e4a593) slti    a1, s1, -194
core   0: 3 0x80003ecc (0xf3e4a593) x11 0x00000000
core   0: 0x80003ed0 (0x028d86b3) mul     a3, s11, s0
core   0: 3 0x80003ed0 (0x028d86b3) x13 0x7fd394dc
core   0: 0x80003ed4 (0x01fc9bb3) sll     s7, s9, t6
core   0: 3 0x80003ed4 (0x01fc9bb3) x23 0x80029ce4
core   0: 0x80003ed8 (0x0297ef33) rem     t5, a5, s1
core   0: 3 0x80003ed8 (0x0297ef33) x30 0x00000000
core   0: 0x80003edc (0x02fdecb3) rem     s9, s11, a5
core   0: 3 0x80003edc (0x02fdecb3) x25 0x80029ce4
core   0: 0x80003ee0 (0x82ad3093) sltiu   ra, s10, -2006
core   0: 3 0x80003ee0 (0x82ad3093) x 1 0x00000001
core   0: 0x80003ee4 (0xfa8510e3) bne     a0, s0, pc - 96
core   0: 3 0x80003ee4 (0xfa8510e3)
core   0: 0x80003e84 (0xfcd66f13) ori     t5, a2, -51
core   0: 3 0x80003e84 (0xfcd66f13) x30 0xffffffcd
core   0: 0x80003e88 (0x00349ab3) sll     s5, s1, gp
core   0: 3 0x80003e88 (0x00349ab3) x21 0x759df000
core   0: 0x80003e8c (0xf3259a17) auipc   s4, 0xf3259
core   0: 3 0x80003e8c (0xf3259a17) x20 0x7325ce8c
core   0: 0x80003e90 (0xcc9cef13) ori     t5, s9, -823
core   0: 3 0x80003e90 (0xcc9cef13) x30 0xfffffced
core   0: 0x80003e94 (0xfff50513) addi    a0, a0, -1
core   0: 3 0x80003e94 (0xfff50513) x10 0xfffffff2
core   0: 0x80003e98 (0x00801913) slli    s2, zero, 8
core   0: 3 0x80003e98 (0x00801913) x18 0x00000000
core   0: 0x80003e9c (0x00000013) nop
core   0: 3 0x80003e9c (0x00000013)
core   0: 0x80003ea0 (0x00bf37b3) sltu    a5, t5, a1
core   0: 3 0x80003ea0 (0x00bf37b3) x15 0x00000000
core   0: 0x80003ea4 (0xf84f00b7) lui     ra, 0xf84f0
core   0: 3 0x80003ea4 (0xf84f00b7) x 1 0xf84f0000
core   0: 0x80003ea8 (0x01d8f7b3) and     a5, a7, t4
core   0: 3 0x80003ea8 (0x01d8f7b3) x15 0x00000000
core   0: 0x80003eac (0x0022b8b3) sltu    a7, t0, sp
core   0: 3 0x80003eac (0x0022b8b3) x17 0x00000001
core   0: 0x80003eb0 (0xd83c4393) xori    t2, s8, -637
core   0: 3 0x80003eb0 (0xd83c4393) x 7 0xfffffd83
core   0: 0x80003eb4 (0x01704a33) xor     s4, zero, s7
core   0: 3 0x80003eb4 (0x01704a33) x20 0x80029ce4
core   0: 0x80003eb8 (0x022e6ab3) rem     s5, t3, sp
core   0: 3 0x80003eb8 (0x022e6ab3) x21 0xffec43e0
core   0: 0x80003ebc (0x40be5613) srai    a2, t3, 11
core   0: 3 0x80003ebc (0x40be5613) x12 0xfff77988
core   0: 0x80003ec0 (0x9b2e8997) auipc   s3, 0x9b2e8
core   0: 3 0x80003ec0 (0x9b2e8997) x19 0x1b2ebec0
core   0: 0x80003ec4 (0x00ed0d33) add     s10, s10, a4
core   0: 3 0x80003ec4 (0x00ed0d33) x26 0x97684ac8
core   0: 0x80003ec8 (0xe65c8893) addi    a7, s9, -411
core   0: 3 0x80003ec8 (0xe65c8893) x17 0x80029b49
core   0: 0x80003ecc (0xf3e4a593) slti    a1, s1, -194
core   0: 3 0x80003ecc (0xf3e4a593) x11 0x00000000
core   0: 0x80003ed0 (0x028d86b3) mul     a3, s11, s0
core   0: 3 0x80003ed0 (0x028d86b3) x13 0x7fd394dc
core   0: 0x80003ed4 (0x01fc9bb3) sll     s7, s9, t6
core   0: 3 0x80003ed4 (0x01fc9bb3) x23 0x80029ce4
core   0: 0x80003ed8 (0x0297ef33) rem     t5, a5, s1
core   0: 3 0x80003ed8 (0x0297ef33) x30 0x00000000
core   0: 0x80003edc (0x02fdecb3) rem     s9, s11, a5
core   0: 3 0x80003edc (0x02fdecb3) x25 0x80029ce4
core   0: 0x80003ee0 (0x82ad3093) sltiu   ra, s10, -2006
core   0: 3 0x80003ee0 (0x82ad3093) x 1 0x00000001
core   0: 0x80003ee4 (0xfa8510e3) bne     a0, s0, pc - 96
core   0: 3 0x80003ee4 (0xfa8510e3)
core   0: 0x80003e84 (0xfcd66f13) ori     t5, a2, -51
core   0: 3 0x80003e84 (0xfcd66f13) x30 0xffffffcd
core   0: 0x80003e88 (0x00349ab3) sll     s5, s1, gp
core   0: 3 0x80003e88 (0x00349ab3) x21 0x759df000
core   0: 0x80003e8c (0xf3259a17) auipc   s4, 0xf3259
core   0: 3 0x80003e8c (0xf3259a17) x20 0x7325ce8c
core   0: 0x80003e90 (0xcc9cef13) ori     t5, s9, -823
core   0: 3 0x80003e90 (0xcc9cef13) x30 0xfffffced
core   0: 0x80003e94 (0xfff50513) addi    a0, a0, -1
core   0: 3 0x80003e94 (0xfff50513) x10 0xfffffff1
core   0: 0x80003e98 (0x00801913) slli    s2, zero, 8
core   0: 3 0x80003e98 (0x00801913) x18 0x00000000
core   0: 0x80003e9c (0x00000013) nop
core   0: 3 0x80003e9c (0x00000013)
core   0: 0x80003ea0 (0x00bf37b3) sltu    a5, t5, a1
core   0: 3 0x80003ea0 (0x00bf37b3) x15 0x00000000
core   0: 0x80003ea4 (0xf84f00b7) lui     ra, 0xf84f0
core   0: 3 0x80003ea4 (0xf84f00b7) x 1 0xf84f0000
core   0: 0x80003ea8 (0x01d8f7b3) and     a5, a7, t4
core   0: 3 0x80003ea8 (0x01d8f7b3) x15 0x00000000
core   0: 0x80003eac (0x0022b8b3) sltu    a7, t0, sp
core   0: 3 0x80003eac (0x0022b8b3) x17 0x00000001
core   0: 0x80003eb0 (0xd83c4393) xori    t2, s8, -637
core   0: 3 0x80003eb0 (0xd83c4393) x 7 0xfffffd83
core   0: 0x80003eb4 (0x01704a33) xor     s4, zero, s7
core   0: 3 0x80003eb4 (0x01704a33) x20 0x80029ce4
core   0: 0x80003eb8 (0x022e6ab3) rem     s5, t3, sp
core   0: 3 0x80003eb8 (0x022e6ab3) x21 0xffec43e0
core   0: 0x80003ebc (0x40be5613) srai    a2, t3, 11
core   0: 3 0x80003ebc (0x40be5613) x12 0xfff77988
core   0: 0x80003ec0 (0x9b2e8997) auipc   s3, 0x9b2e8
core   0: 3 0x80003ec0 (0x9b2e8997) x19 0x1b2ebec0
core   0: 0x80003ec4 (0x00ed0d33) add     s10, s10, a4
core   0: 3 0x80003ec4 (0x00ed0d33) x26 0x827d25ae
core   0: 0x80003ec8 (0xe65c8893) addi    a7, s9, -411
core   0: 3 0x80003ec8 (0xe65c8893) x17 0x80029b49
core   0: 0x80003ecc (0xf3e4a593) slti    a1, s1, -194
core   0: 3 0x80003ecc (0xf3e4a593) x11 0x00000000
core   0: 0x80003ed0 (0x028d86b3) mul     a3, s11, s0
core   0: 3 0x80003ed0 (0x028d86b3) x13 0x7fd394dc
core   0: 0x80003ed4 (0x01fc9bb3) sll     s7, s9, t6
core   0: 3 0x80003ed4 (0x01fc9bb3) x23 0x80029ce4
core   0: 0x80003ed8 (0x0297ef33) rem     t5, a5, s1
core   0: 3 0x80003ed8 (0x0297ef33) x30 0x00000000
core   0: 0x80003edc (0x02fdecb3) rem     s9, s11, a5
core   0: 3 0x80003edc (0x02fdecb3) x25 0x80029ce4
core   0: 0x80003ee0 (0x82ad3093) sltiu   ra, s10, -2006
core   0: 3 0x80003ee0 (0x82ad3093) x 1 0x00000001
core   0: 0x80003ee4 (0xfa8510e3) bne     a0, s0, pc - 96
core   0: 3 0x80003ee4 (0xfa8510e3)
core   0: 0x80003e84 (0xfcd66f13) ori     t5, a2, -51
core   0: 3 0x80003e84 (0xfcd66f13) x30 0xffffffcd
core   0: 0x80003e88 (0x00349ab3) sll     s5, s1, gp
core   0: 3 0x80003e88 (0x00349ab3) x21 0x759df000
core   0: 0x80003e8c (0xf3259a17) auipc   s4, 0xf3259
core   0: 3 0x80003e8c (0xf3259a17) x20 0x7325ce8c
core   0: 0x80003e90 (0xcc9cef13) ori     t5, s9, -823
core   0: 3 0x80003e90 (0xcc9cef13) x30 0xfffffced
core   0: 0x80003e94 (0xfff50513) addi    a0, a0, -1
core   0: 3 0x80003e94 (0xfff50513) x10 0xfffffff0
core   0: 0x80003e98 (0x00801913) slli    s2, zero, 8
core   0: 3 0x80003e98 (0x00801913) x18 0x00000000
core   0: 0x80003e9c (0x00000013) nop
core   0: 3 0x80003e9c (0x00000013)
core   0: 0x80003ea0 (0x00bf37b3) sltu    a5, t5, a1
core   0: 3 0x80003ea0 (0x00bf37b3) x15 0x00000000
core   0: 0x80003ea4 (0xf84f00b7) lui     ra, 0xf84f0
core   0: 3 0x80003ea4 (0xf84f00b7) x 1 0xf84f0000
core   0: 0x80003ea8 (0x01d8f7b3) and     a5, a7, t4
core   0: 3 0x80003ea8 (0x01d8f7b3) x15 0x00000000
core   0: 0x80003eac (0x0022b8b3) sltu    a7, t0, sp
core   0: 3 0x80003eac (0x0022b8b3) x17 0x00000001
core   0: 0x80003eb0 (0xd83c4393) xori    t2, s8, -637
core   0: 3 0x80003eb0 (0xd83c4393) x 7 0xfffffd83
core   0: 0x80003eb4 (0x01704a33) xor     s4, zero, s7
core   0: 3 0x80003eb4 (0x01704a33) x20 0x80029ce4
core   0: 0x80003eb8 (0x022e6ab3) rem     s5, t3, sp
core   0: 3 0x80003eb8 (0x022e6ab3) x21 0xffec43e0
core   0: 0x80003ebc (0x40be5613) srai    a2, t3, 11
core   0: 3 0x80003ebc (0x40be5613) x12 0xfff77988
core   0: 0x80003ec0 (0x9b2e8997) auipc   s3, 0x9b2e8
core   0: 3 0x80003ec0 (0x9b2e8997) x19 0x1b2ebec0
core   0: 0x80003ec4 (0x00ed0d33) add     s10, s10, a4
core   0: 3 0x80003ec4 (0x00ed0d33) x26 0x6d920094
core   0: 0x80003ec8 (0xe65c8893) addi    a7, s9, -411
core   0: 3 0x80003ec8 (0xe65c8893) x17 0x80029b49
core   0: 0x80003ecc (0xf3e4a593) slti    a1, s1, -194
core   0: 3 0x80003ecc (0xf3e4a593) x11 0x00000000
core   0: 0x80003ed0 (0x028d86b3) mul     a3, s11, s0
core   0: 3 0x80003ed0 (0x028d86b3) x13 0x7fd394dc
core   0: 0x80003ed4 (0x01fc9bb3) sll     s7, s9, t6
core   0: 3 0x80003ed4 (0x01fc9bb3) x23 0x80029ce4
core   0: 0x80003ed8 (0x0297ef33) rem     t5, a5, s1
core   0: 3 0x80003ed8 (0x0297ef33) x30 0x00000000
core   0: 0x80003edc (0x02fdecb3) rem     s9, s11, a5
core   0: 3 0x80003edc (0x02fdecb3) x25 0x80029ce4
core   0: 0x80003ee0 (0x82ad3093) sltiu   ra, s10, -2006
core   0: 3 0x80003ee0 (0x82ad3093) x 1 0x00000001
core   0: 0x80003ee4 (0xfa8510e3) bne     a0, s0, pc - 96
core   0: 3 0x80003ee4 (0xfa8510e3)
core   0: 0x80003e84 (0xfcd66f13) ori     t5, a2, -51
core   0: 3 0x80003e84 (0xfcd66f13) x30 0xffffffcd
core   0: 0x80003e88 (0x00349ab3) sll     s5, s1, gp
core   0: 3 0x80003e88 (0x00349ab3) x21 0x759df000
core   0: 0x80003e8c (0xf3259a17) auipc   s4, 0xf3259
core   0: 3 0x80003e8c (0xf3259a17) x20 0x7325ce8c
core   0: 0x80003e90 (0xcc9cef13) ori     t5, s9, -823
core   0: 3 0x80003e90 (0xcc9cef13) x30 0xfffffced
core   0: 0x80003e94 (0xfff50513) addi    a0, a0, -1
core   0: 3 0x80003e94 (0xfff50513) x10 0xffffffef
core   0: 0x80003e98 (0x00801913) slli    s2, zero, 8
core   0: 3 0x80003e98 (0x00801913) x18 0x00000000
core   0: 0x80003e9c (0x00000013) nop
core   0: 3 0x80003e9c (0x00000013)
core   0: 0x80003ea0 (0x00bf37b3) sltu    a5, t5, a1
core   0: 3 0x80003ea0 (0x00bf37b3) x15 0x00000000
core   0: 0x80003ea4 (0xf84f00b7) lui     ra, 0xf84f0
core   0: 3 0x80003ea4 (0xf84f00b7) x 1 0xf84f0000
core   0: 0x80003ea8 (0x01d8f7b3) and     a5, a7, t4
core   0: 3 0x80003ea8 (0x01d8f7b3) x15 0x00000000
core   0: 0x80003eac (0x0022b8b3) sltu    a7, t0, sp
core   0: 3 0x80003eac (0x0022b8b3) x17 0x00000001
core   0: 0x80003eb0 (0xd83c4393) xori    t2, s8, -637
core   0: 3 0x80003eb0 (0xd83c4393) x 7 0xfffffd83
core   0: 0x80003eb4 (0x01704a33) xor     s4, zero, s7
core   0: 3 0x80003eb4 (0x01704a33) x20 0x80029ce4
core   0: 0x80003eb8 (0x022e6ab3) rem     s5, t3, sp
core   0: 3 0x80003eb8 (0x022e6ab3) x21 0xffec43e0
core   0: 0x80003ebc (0x40be5613) srai    a2, t3, 11
core   0: 3 0x80003ebc (0x40be5613) x12 0xfff77988
core   0: 0x80003ec0 (0x9b2e8997) auipc   s3, 0x9b2e8
core   0: 3 0x80003ec0 (0x9b2e8997) x19 0x1b2ebec0
core   0: 0x80003ec4 (0x00ed0d33) add     s10, s10, a4
core   0: 3 0x80003ec4 (0x00ed0d33) x26 0x58a6db7a
core   0: 0x80003ec8 (0xe65c8893) addi    a7, s9, -411
core   0: 3 0x80003ec8 (0xe65c8893) x17 0x80029b49
core   0: 0x80003ecc (0xf3e4a593) slti    a1, s1, -194
core   0: 3 0x80003ecc (0xf3e4a593) x11 0x00000000
core   0: 0x80003ed0 (0x028d86b3) mul     a3, s11, s0
core   0: 3 0x80003ed0 (0x028d86b3) x13 0x7fd394dc
core   0: 0x80003ed4 (0x01fc9bb3) sll     s7, s9, t6
core   0: 3 0x80003ed4 (0x01fc9bb3) x23 0x80029ce4
core   0: 0x80003ed8 (0x0297ef33) rem     t5, a5, s1
core   0: 3 0x80003ed8 (0x0297ef33) x30 0x00000000
core   0: 0x80003edc (0x02fdecb3) rem     s9, s11, a5
core   0: 3 0x80003edc (0x02fdecb3) x25 0x80029ce4
core   0: 0x80003ee0 (0x82ad3093) sltiu   ra, s10, -2006
core   0: 3 0x80003ee0 (0x82ad3093) x 1 0x00000001
core   0: 0x80003ee4 (0xfa8510e3) bne     a0, s0, pc - 96
core   0: 3 0x80003ee4 (0xfa8510e3)
core   0: 0x80003ee8 (0x030bf7b3) remu    a5, s7, a6
core   0: 3 0x80003ee8 (0x030bf7b3) x15 0x00000024
core   0: 0x80003eec (0x016491b3) sll     gp, s1, s6
core   0: 3 0x80003eec (0x016491b3) x 3 0x59df0000
core   0: 0x80003ef0 (0x00a27463) bgeu    tp, a0, pc + 8
core   0: 3 0x80003ef0 (0x00a27463)
core   0: 0x80003ef4 (0x010dee63) bltu    s11, a6, pc + 28
core   0: 3 0x80003ef4 (0x010dee63)
core   0: 0x80003ef8 (0x02c780b3) mul     ra, a5, a2
core   0: 3 0x80003ef8 (0x02c780b3) x 1 0xfecd1720
core   0: 0x80003efc (0x02f0c5b3) div     a1, ra, a5
core   0: 3 0x80003efc (0x02f0c5b3) x11 0xfff77988
core   0: 0x80003f00 (0x032d1a33) mulh    s4, s10, s2
core   0: 3 0x80003f00 (0x032d1a33) x20 0x00000000
core   0: 0x80003f04 (0x03f08bb3) mul     s7, ra, t6
core   0: 3 0x80003f04 (0x03f08bb3) x23 0x00000000
core   0: 0x80003f08 (0x03028bb3) mul     s7, t0, a6
core   0: 3 0x80003f08 (0x03028bb3) x23 0x00000000
core   0: 0x80003f0c (0x05f4c463) blt     s1, t6, pc + 72
core   0: 3 0x80003f0c (0x05f4c463)
core   0: 0x80003f10 (0x003a4c33) xor     s8, s4, gp
core   0: 3 0x80003f10 (0x003a4c33) x24 0x59df0000
core   0: 0x80003f14 (0x4e640e13) addi    t3, s0, 1254
core   0: 3 0x80003f14 (0x4e640e13) x28 0x000004d5
core   0: 0x80003f18 (0x01b06e63) bltu    zero, s11, pc + 28
core   0: 3 0x80003f18 (0x01b06e63)
core   0: 0x80003f34 (0x00c51e33) sll     t3, a0, a2
core   0: 3 0x80003f34 (0x00c51e33) x28 0xffffef00
core   0: 0x80003f38 (0x90482f93) slti    t6, a6, -1788
core   0: 3 0x80003f38 (0x90482f93) x31 0x00000000
core   0: 0x80003f3c (0x0099c9b3) xor     s3, s3, s1
core   0: 3 0x80003f3c (0x0099c9b3) x19 0x6eb34ec0
core   0: 0x80003f40 (0x039d87b3) mul     a5, s11, s9
core   0: 3 0x80003f40 (0x039d87b3) x15 0xd3b6ab10
core   0: 0x80003f44 (0x02811463) bne     sp, s0, pc + 40
core   0: 3 0x80003f44 (0x02811463)
core   0: 0x80003f6c (0x003db933) sltu    s2, s11, gp
core   0: 3 0x80003f6c (0x003db933) x18 0x00000000
core   0: 0x80003f70 (0x04fd5263) bge     s10, a5, pc + 68
core   0: 3 0x80003f70 (0x04fd5263)
core   0: 0x80003fb4 (0x016702b3) add     t0, a4, s6
core   0: 3 0x80003fb4 (0x016702b3) x 5 0x6b17394a
core   0: 0x80003fb8 (0x00000013) nop
core   0: 3 0x80003fb8 (0x00000013)
core   0: 0x80003fbc (0xe9497313) andi    t1, s2, -364
core   0: 3 0x80003fbc (0xe9497313) x 6 0x00000000
core   0: 0x80003fc0 (0x03e32a33) mulhsu  s4, t1, t5
core   0: 3 0x80003fc0 (0x03e32a33) x20 0x00000000
core   0: 0x80003fc4 (0x01639093) slli    ra, t2, 22
core   0: 3 0x80003fc4 (0x01639093) x 1 0x60c00000
core   0: 0x80003fc8 (0x03dc27b3) mulhsu  a5, s8, t4
core   0: 3 0x80003fc8 (0x03dc27b3) x15 0x00000000
core   0: 0x80003fcc (0x4b437593) andi    a1, t1, 1204
core   0: 3 0x80003fcc (0x4b437593) x11 0x00000000
core   0: 0x80003fd0 (0x02fb34b3) mulhu   s1, s6, a5
core   0: 3 0x80003fd0 (0x02fb34b3) x 9 0x00000000
core   0: 0x80003fd4 (0x01fdd633) srl     a2, s11, t6
core   0: 3 0x80003fd4 (0x01fdd633) x12 0x80029ce4
core   0: 0x80003fd8 (0x00de1e13) slli    t3, t3, 13
core   0: 3 0x80003fd8 (0x00de1e13) x28 0xfde00000
core   0: 0x80003fdc (0x0283c6b3) div     a3, t2, s0
core   0: 3 0x80003fdc (0x0283c6b3) x13 0x00000025
core   0: 0x80003fe0 (0x032f7ab3) remu    s5, t5, s2
core   0: 3 0x80003fe0 (0x032f7ab3) x21 0x00000000
core   0: 0x80003fe4 (0x0134dd13) srli    s10, s1, 19
core   0: 3 0x80003fe4 (0x0134dd13) x26 0x00000000
core   0: 0x80003fe8 (0x239fc693) xori    a3, t6, 569
core   0: 3 0x80003fe8 (0x239fc693) x13 0x00000239
core   0: 0x80003fec (0x6e14b513) sltiu   a0, s1, 1761
core   0: 3 0x80003fec (0x6e14b513) x10 0x00000001
core   0: 0x80003ff0 (0x03c8deb3) divu    t4, a7, t3
core   0: 3 0x80003ff0 (0x03c8deb3) x29 0x00000000
core   0: 0x80003ff4 (0x03080463) beq     a6, a6, pc + 40
core   0: 3 0x80003ff4 (0x03080463)
core   0: 0x8000401c (0xe92ac493) xori    s1, s5, -366
core   0: 3 0x8000401c (0xe92ac493) x 9 0xfffffe92
core   0: 0x80004020 (0x22390513) addi    a0, s2, 547
core   0: 3 0x80004020 (0x22390513) x10 0x00000223
core   0: 0x80004024 (0x051de063) bltu    s11, a7, pc + 64
core   0: 3 0x80004024 (0x051de063)
core   0: 0x80004028 (0x029b9e63) bne     s7, s1, pc + 60
core   0: 3 0x80004028 (0x029b9e63)
core   0: 0x80004064 (0x00000013) nop
core   0: 3 0x80004064 (0x00000013)
core   0: 0x80004068 (0x038e06b3) mul     a3, t3, s8
core   0: 3 0x80004068 (0x038e06b3) x13 0x00000000
core   0: 0x8000406c (0x41728f33) sub     t5, t0, s7
core   0: 3 0x8000406c (0x41728f33) x30 0x6b17394a
core   0: 0x80004070 (0x0237e463) bltu    a5, gp, pc + 40
core   0: 3 0x80004070 (0x0237e463)
core   0: 0x80004098 (0x0021bd33) sltu    s10, gp, sp
core   0: 3 0x80004098 (0x0021bd33) x26 0x00000000
core   0: 0x8000409c (0x40145193) srai    gp, s0, 1
core   0: 3 0x8000409c (0x40145193) x 3 0xfffffff7
core   0: 0x800040a0 (0x050c5463) bge     s8, a6, pc + 72
core   0: 3 0x800040a0 (0x050c5463)
core   0: 0x800040e8 (0x0297ae33) mulhsu  t3, a5, s1
core   0: 3 0x800040e8 (0x0297ae33) x28 0x00000000
core   0: 0x800040ec (0x037ee863) bltu    t4, s7, pc + 48
core   0: 3 0x800040ec (0x037ee863)
core   0: 0x800040f0 (0x02654663) blt     a0, t1, pc + 44
core   0: 3 0x800040f0 (0x02654663)
core   0: 0x800040f4 (0x039f8c63) beq     t6, s9, pc + 56
core   0: 3 0x800040f4 (0x039f8c63)
core   0: 0x800040f8 (0x024c08b3) mul     a7, s8, tp
core   0: 3 0x800040f8 (0x024c08b3) x17 0x00000000
core   0: 0x800040fc (0x968de337) lui     t1, 0x968de
core   0: 3 0x800040fc (0x968de337) x 6 0x968de000
core   0: 0x80004100 (0x6b79c313) xori    t1, s3, 1719
core   0: 3 0x80004100 (0x6b79c313) x 6 0x6eb34877
core   0: 0x80004104 (0x03045533) divu    a0, s0, a6
core   0: 3 0x80004104 (0x03045533) x10 0x03ffffff
core   0: 0x80004108 (0x0361afb3) mulhsu  t6, gp, s6
core   0: 3 0x80004108 (0x0361afb3) x31 0xfffffffb
core   0: 0x8000410c (0xb3877837) lui     a6, 0xb3877
core   0: 3 0x8000410c (0xb3877837) x16 0xb3877000
core   0: 0x80004110 (0x41f40f33) sub     t5, s0, t6
core   0: 3 0x80004110 (0x41f40f33) x30 0xfffffff4
core   0: 0x80004114 (0x0125ec63) bltu    a1, s2, pc + 24
core   0: 3 0x80004114 (0x0125ec63)
core   0: 0x80004118 (0x0049c0b3) xor     ra, s3, tp
core   0: 3 0x80004118 (0x0049c0b3) x 1 0x6eb34ec0
core   0: 0x8000411c (0x03884933) div     s2, a6, s8
core   0: 3 0x8000411c (0x03884933) x18 0x00000000
core   0: 0x80004120 (0x012d42b3) xor     t0, s10, s2
core   0: 3 0x80004120 (0x012d42b3) x 5 0x00000000
core   0: 0x80004124 (0x0366cc63) blt     a3, s6, pc + 56
core   0: 3 0x80004124 (0x0366cc63)
core   0: 0x80004128 (0x0123c463) blt     t2, s2, pc + 8
core   0: 3 0x80004128 (0x0123c463)
core   0: 0x80004130 (0x02ad5663) bge     s10, a0, pc + 44
core   0: 3 0x80004130 (0x02ad5663)
core   0: 0x80004134 (0x008d9c13) slli    s8, s11, 8
core   0: 3 0x80004134 (0x008d9c13) x24 0x029ce400
core   0: 0x80004138 (0x005287b3) add     a5, t0, t0
core   0: 3 0x80004138 (0x005287b3) x15 0x00000000
core   0: 0x8000413c (0x0000e433) or      s0, ra, zero
core   0: 3 0x8000413c (0x0000e433) x 8 0x6eb34ec0
core   0: 0x80004140 (0x402585b3) sub     a1, a1, sp
core   0: 3 0x80004140 (0x402585b3) x11 0xffe00000
core   0: 0x80004144 (0x01aefc63) bgeu    t4, s10, pc + 24
core   0: 3 0x80004144 (0x01aefc63)
core   0: 0x8000415c (0x0265ff33) remu    t5, a1, t1
core   0: 3 0x8000415c (0x0265ff33) x30 0x22796f12
core   0: 0x80004160 (0x00000717) auipc   a4, 0x0
core   0: 3 0x80004160 (0x00000717) x14 0x80004160
core   0: 0x80004164 (0x00c70713) addi    a4, a4, 12
core   0: 3 0x80004164 (0x00c70713) x14 0x8000416c
core   0: 0x80004168 (0x00070067) jr      a4
core   0: 3 0x80004168 (0x00070067)
core   0: 0x8000416c (0x00100193) li      gp, 1
core   0: 3 0x8000416c (0x00100193) x 3 0x00000001
core   0: 0x80004170 (0x00000073) ecall
core   0: exception trap_machine_ecall, epc 0x80004170
core   0: >>>>  mtvec_handler
core   0: 0x8000ebe0 (0x0400006f) j       pc + 0x40
core   0: 3 0x8000ebe0 (0x0400006f)
core   0: 0x8000ec20 (0xffcd8d93) addi    s11, s11, -4
core   0: 3 0x8000ec20 (0xffcd8d93) x27 0x80029ce0
core   0: 0x8000ec24 (0x016da023) sw      s6, 0(s11)
core   0: 3 0x8000ec24 (0x016da023) mem 0x80029ce0 0x80025e64
core   0: 0x8000ec28 (0x000d8b33) add     s6, s11, zero
core   0: 3 0x8000ec28 (0x000d8b33) x22 0x80029ce0
core   0: 0x8000ec2c (0xf80b0b13) addi    s6, s6, -128
core   0: 3 0x8000ec2c (0xf80b0b13) x22 0x80029c60
core   0: 0x8000ec30 (0x001b2223) sw      ra, 4(s6)
core   0: 3 0x8000ec30 (0x001b2223) mem 0x80029c64 0x6eb34ec0
core   0: 0x8000ec34 (0x002b2423) sw      sp, 8(s6)
core   0: 3 0x8000ec34 (0x002b2423) mem 0x80029c68 0x00200000
core   0: 0x8000ec38 (0x003b2623) sw      gp, 12(s6)
core   0: 3 0x8000ec38 (0x003b2623) mem 0x80029c6c 0x00000001
core   0: 0x8000ec3c (0x004b2823) sw      tp, 16(s6)
core   0: 3 0x8000ec3c (0x004b2823) mem 0x80029c70 0x00000000
core   0: 0x8000ec40 (0x005b2a23) sw      t0, 20(s6)
core   0: 3 0x8000ec40 (0x005b2a23) mem 0x80029c74 0x00000000
core   0: 0x8000ec44 (0x006b2c23) sw      t1, 24(s6)
core   0: 3 0x8000ec44 (0x006b2c23) mem 0x80029c78 0x6eb34877
core   0: 0x8000ec48 (0x007b2e23) sw      t2, 28(s6)
core   0: 3 0x8000ec48 (0x007b2e23) mem 0x80029c7c 0xfffffd83
core   0: 0x8000ec4c (0x028b2023) sw      s0, 32(s6)
core   0: 3 0x8000ec4c (0x028b2023) mem 0x80029c80 0x6eb34ec0
core   0: 0x8000ec50 (0x029b2223) sw      s1, 36(s6)
core   0: 3 0x8000ec50 (0x029b2223) mem 0x80029c84 0xfffffe92
core   0: 0x8000ec54 (0x02ab2423) sw      a0, 40(s6)
core   0: 3 0x8000ec54 (0x02ab2423) mem 0x80029c88 0x03ffffff
core   0: 0x8000ec58 (0x02bb2623) sw      a1, 44(s6)
core   0: 3 0x8000ec58 (0x02bb2623) mem 0x80029c8c 0xffe00000
core   0: 0x8000ec5c (0x02cb2823) sw      a2, 48(s6)
core   0: 3 0x8000ec5c (0x02cb2823) mem 0x80029c90 0x80029ce4
core   0: 0x8000ec60 (0x02db2a23) sw      a3, 52(s6)
core   0: 3 0x8000ec60 (0x02db2a23) mem 0x80029c94 0x00000000
core   0: 0x8000ec64 (0x02eb2c23) sw      a4, 56(s6)
core   0: 3 0x8000ec64 (0x02eb2c23) mem 0x80029c98 0x8000416c
core   0: 0x8000ec68 (0x02fb2e23) sw      a5, 60(s6)
core   0: 3 0x8000ec68 (0x02fb2e23) mem 0x80029c9c 0x00000000
core   0: 0x8000ec6c (0x050b2023) sw      a6, 64(s6)
core   0: 3 0x8000ec6c (0x050b2023) mem 0x80029ca0 0xb3877000
core   0: 0x8000ec70 (0x051b2223) sw      a7, 68(s6)
core   0: 3 0x8000ec70 (0x051b2223) mem 0x80029ca4 0x00000000
core   0: 0x8000ec74 (0x052b2423) sw      s2, 72(s6)
core   0: 3 0x8000ec74 (0x052b2423) mem 0x80029ca8 0x00000000
core   0: 0x8000ec78 (0x053b2623) sw      s3, 76(s6)
core   0: 3 0x8000ec78 (0x053b2623) mem 0x80029cac 0x6eb34ec0
core   0: 0x8000ec7c (0x054b2823) sw      s4, 80(s6)
core   0: 3 0x8000ec7c (0x054b2823) mem 0x80029cb0 0x00000000
core   0: 0x8000ec80 (0x055b2a23) sw      s5, 84(s6)
core   0: 3 0x8000ec80 (0x055b2a23) mem 0x80029cb4 0x00000000
core   0: 0x8000ec84 (0x056b2c23) sw      s6, 88(s6)
core   0: 3 0x8000ec84 (0x056b2c23) mem 0x80029cb8 0x80029c60
core   0: 0x8000ec88 (0x057b2e23) sw      s7, 92(s6)
core   0: 3 0x8000ec88 (0x057b2e23) mem 0x80029cbc 0x00000000
core   0: 0x8000ec8c (0x078b2023) sw      s8, 96(s6)
core   0: 3 0x8000ec8c (0x078b2023) mem 0x80029cc0 0x029ce400
core   0: 0x8000ec90 (0x079b2223) sw      s9, 100(s6)
core   0: 3 0x8000ec90 (0x079b2223) mem 0x80029cc4 0x80029ce4
core   0: 0x8000ec94 (0x07ab2423) sw      s10, 104(s6)
core   0: 3 0x8000ec94 (0x07ab2423) mem 0x80029cc8 0x00000000
core   0: 0x8000ec98 (0x07bb2623) sw      s11, 108(s6)
core   0: 3 0x8000ec98 (0x07bb2623) mem 0x80029ccc 0x80029ce0
core   0: 0x8000ec9c (0x07cb2823) sw      t3, 112(s6)
core   0: 3 0x8000ec9c (0x07cb2823) mem 0x80029cd0 0x00000000
core   0: 0x8000eca0 (0x07db2a23) sw      t4, 116(s6)
core   0: 3 0x8000eca0 (0x07db2a23) mem 0x80029cd4 0x00000000
core   0: 0x8000eca4 (0x07eb2c23) sw      t5, 120(s6)
core   0: 3 0x8000eca4 (0x07eb2c23) mem 0x80029cd8 0x22796f12
core   0: 0x8000eca8 (0x07fb2e23) sw      t6, 124(s6)
core   0: 3 0x8000eca8 (0x07fb2e23) mem 0x80029cdc 0xfffffffb
core   0: 0x8000ecac (0x000b0db3) add     s11, s6, zero
core   0: 3 0x8000ecac (0x000b0db3) x27 0x80029c60
core   0: 0x8000ecb0 (0x341029f3) csrr    s3, mepc
core   0: 3 0x8000ecb0 (0x341029f3) x19 0x80004170
core   0: 0x8000ecb4 (0x342029f3) csrr    s3, mcause
core   0: 3 0x8000ecb4 (0x342029f3) x19 0x0000000b
core   0: 0x8000ecb8 (0x00300693) li      a3, 3
core   0: 3 0x8000ecb8 (0x00300693) x13 0x00000003
core   0: 0x8000ecbc (0x2ad98a63) beq     s3, a3, pc + 692
core   0: 3 0x8000ecbc (0x2ad98a63)
core   0: 0x8000ecc0 (0x00800693) li      a3, 8
core   0: 3 0x8000ecc0 (0x00800693) x13 0x00000008
core   0: 0x8000ecc4 (0x04d98e63) beq     s3, a3, pc + 92
core   0: 3 0x8000ecc4 (0x04d98e63)
core   0: 0x8000ecc8 (0x00900693) li      a3, 9
core   0: 3 0x8000ecc8 (0x00900693) x13 0x00000009
core   0: 0x8000eccc (0x04d98a63) beq     s3, a3, pc + 84
core   0: 3 0x8000eccc (0x04d98a63)
core   0: 0x8000ecd0 (0x00b00693) li      a3, 11
core   0: 3 0x8000ecd0 (0x00b00693) x13 0x0000000b
core   0: 0x8000ecd4 (0x04d98663) beq     s3, a3, pc + 76
core   0: 3 0x8000ecd4 (0x04d98663)
core   0: 0x8000ed20 (0xffff1997) auipc   s3, 0xffff1
core   0: 3 0x8000ed20 (0xffff1997) x19 0x7ffffd20
core   0: 0x8000ed24 (0x2e098993) addi    s3, s3, 736
core   0: 3 0x8000ed24 (0x2e098993) x19 0x80000000
core   0: 0x8000ed28 (0x0009a023) sw      zero, 0(s3)
core   0: 3 0x8000ed28 (0x0009a023) mem 0x80000000 0x00000000
core   0: 0x8000ed2c (0x0019a223) sw      ra, 4(s3)
core   0: 3 0x8000ed2c (0x0019a223) mem 0x80000004 0x6eb34ec0
core   0: 0x8000ed30 (0x0029a423) sw      sp, 8(s3)
core   0: 3 0x8000ed30 (0x0029a423) mem 0x80000008 0x00200000
core   0: 0x8000ed34 (0x0039a623) sw      gp, 12(s3)
core   0: 3 0x8000ed34 (0x0039a623) mem 0x8000000c 0x00000001
core   0: 0x8000ed38 (0x0049a823) sw      tp, 16(s3)
core   0: 3 0x8000ed38 (0x0049a823) mem 0x80000010 0x00000000
core   0: 0x8000ed3c (0x0059aa23) sw      t0, 20(s3)
core   0: 3 0x8000ed3c (0x0059aa23) mem 0x80000014 0x00000000
core   0: 0x8000ed40 (0x0069ac23) sw      t1, 24(s3)
core   0: 3 0x8000ed40 (0x0069ac23) mem 0x80000018 0x6eb34877
core   0: 0x8000ed44 (0x0079ae23) sw      t2, 28(s3)
core   0: 3 0x8000ed44 (0x0079ae23) mem 0x8000001c 0xfffffd83
core   0: 0x8000ed48 (0x0289a023) sw      s0, 32(s3)
core   0: 3 0x8000ed48 (0x0289a023) mem 0x80000020 0x6eb34ec0
core   0: 0x8000ed4c (0x0299a223) sw      s1, 36(s3)
core   0: 3 0x8000ed4c (0x0299a223) mem 0x80000024 0xfffffe92
core   0: 0x8000ed50 (0x02a9a423) sw      a0, 40(s3)
core   0: 3 0x8000ed50 (0x02a9a423) mem 0x80000028 0x03ffffff
core   0: 0x8000ed54 (0x02b9a623) sw      a1, 44(s3)
core   0: 3 0x8000ed54 (0x02b9a623) mem 0x8000002c 0xffe00000
core   0: 0x8000ed58 (0x02c9a823) sw      a2, 48(s3)
core   0: 3 0x8000ed58 (0x02c9a823) mem 0x80000030 0x80029ce4
core   0: 0x8000ed5c (0x02d9aa23) sw      a3, 52(s3)
core   0: 3 0x8000ed5c (0x02d9aa23) mem 0x80000034 0x0000000b
core   0: 0x8000ed60 (0x02e9ac23) sw      a4, 56(s3)
core   0: 3 0x8000ed60 (0x02e9ac23) mem 0x80000038 0x8000416c
core   0: 0x8000ed64 (0x02f9ae23) sw      a5, 60(s3)
core   0: 3 0x8000ed64 (0x02f9ae23) mem 0x8000003c 0x00000000
core   0: 0x8000ed68 (0x0509a023) sw      a6, 64(s3)
core   0: 3 0x8000ed68 (0x0509a023) mem 0x80000040 0xb3877000
core   0: 0x8000ed6c (0x0519a223) sw      a7, 68(s3)
core   0: 3 0x8000ed6c (0x0519a223) mem 0x80000044 0x00000000
core   0: 0x8000ed70 (0x0529a423) sw      s2, 72(s3)
core   0: 3 0x8000ed70 (0x0529a423) mem 0x80000048 0x00000000
core   0: 0x8000ed74 (0x0539a623) sw      s3, 76(s3)
core   0: 3 0x8000ed74 (0x0539a623) mem 0x8000004c 0x80000000
core   0: 0x8000ed78 (0x0549a823) sw      s4, 80(s3)
core   0: 3 0x8000ed78 (0x0549a823) mem 0x80000050 0x00000000
core   0: 0x8000ed7c (0x0559aa23) sw      s5, 84(s3)
core   0: 3 0x8000ed7c (0x0559aa23) mem 0x80000054 0x00000000
core   0: 0x8000ed80 (0x0569ac23) sw      s6, 88(s3)
core   0: 3 0x8000ed80 (0x0569ac23) mem 0x80000058 0x80029c60
core   0: 0x8000ed84 (0x0579ae23) sw      s7, 92(s3)
core   0: 3 0x8000ed84 (0x0579ae23) mem 0x8000005c 0x00000000
core   0: 0x8000ed88 (0x0789a023) sw      s8, 96(s3)
core   0: 3 0x8000ed88 (0x0789a023) mem 0x80000060 0x029ce400
core   0: 0x8000ed8c (0x0799a223) sw      s9, 100(s3)
core   0: 3 0x8000ed8c (0x0799a223) mem 0x80000064 0x80029ce4
core   0: 0x8000ed90 (0x07a9a423) sw      s10, 104(s3)
core   0: 3 0x8000ed90 (0x07a9a423) mem 0x80000068 0x00000000
core   0: 0x8000ed94 (0x07b9a623) sw      s11, 108(s3)
core   0: 3 0x8000ed94 (0x07b9a623) mem 0x8000006c 0x80029c60
core   0: 0x8000ed98 (0x07c9a823) sw      t3, 112(s3)
core   0: 3 0x8000ed98 (0x07c9a823) mem 0x80000070 0x00000000
core   0: 0x8000ed9c (0x07d9aa23) sw      t4, 116(s3)
core   0: 3 0x8000ed9c (0x07d9aa23) mem 0x80000074 0x00000000
core   0: 0x8000eda0 (0x07e9ac23) sw      t5, 120(s3)
core   0: 3 0x8000eda0 (0x07e9ac23) mem 0x80000078 0x22796f12
core   0: 0x8000eda4 (0x07f9ae23) sw      t6, 124(s3)
core   0: 3 0x8000eda4 (0x07f9ae23) mem 0x8000007c 0xfffffffb
core   0: 0x8000eda8 (0xfffff717) auipc   a4, 0xfffff
core   0: 3 0x8000eda8 (0xfffff717) x14 0x8000dda8
core   0: 0x8000edac (0x40870713) addi    a4, a4, 1032
core   0: 3 0x8000edac (0x40870713) x14 0x8000e1b0
core   0: 0x8000edb0 (0x00070067) jr      a4
core   0: 3 0x8000edb0 (0x00070067)
core   0: 0x8000e1b0 (0x00002f17) auipc   t5, 0x2
core   0: 3 0x8000e1b0 (0x00002f17) x30 0x800101b0
core   0: 0x8000e1b4 (0xe43f2823) sw      gp, -432(t5)
core   0: 3 0x8000e1b4 (0xe43f2823) mem 0x80010000 0x00000001
core   0: 0x8000e1b8 (0xff9ff06f) j       pc - 0x8
core   0: 3 0x8000e1b8 (0xff9ff06f)
core   0: 0x8000e1b0 (0x00002f17) auipc   t5, 0x2
core   0: 3 0x8000e1b0 (0x00002f17) x30 0x800101b0
core   0: 0x8000e1b4 (0xe43f2823) sw      gp, -432(t5)
core   0: 3 0x8000e1b4 (0xe43f2823) mem 0x80010000 0x00000001
core   0: 0x8000e1b8 (0xff9ff06f) j       pc - 0x8
core   0: 3 0x8000e1b8 (0xff9ff06f)
core   0: 0x8000e1b0 (0x00002f17) auipc   t5, 0x2
core   0: 3 0x8000e1b0 (0x00002f17) x30 0x800101b0
core   0: 0x8000e1b4 (0xe43f2823) sw      gp, -432(t5)
core   0: 3 0x8000e1b4 (0xe43f2823) mem 0x80010000 0x00000001
core   0: 0x8000e1b8 (0xff9ff06f) j       pc - 0x8
core   0: 3 0x8000e1b8 (0xff9ff06f)
core   0: 0x8000e1b0 (0x00002f17) auipc   t5, 0x2
core   0: 3 0x8000e1b0 (0x00002f17) x30 0x800101b0
core   0: 0x8000e1b4 (0xe43f2823) sw      gp, -432(t5)
core   0: 3 0x8000e1b4 (0xe43f2823) mem 0x80010000 0x00000001
core   0: 0x8000e1b8 (0xff9ff06f) j       pc - 0x8
core   0: 3 0x8000e1b8 (0xff9ff06f)
core   0: 0x8000e1b0 (0x00002f17) auipc   t5, 0x2
core   0: 3 0x8000e1b0 (0x00002f17) x30 0x800101b0
core   0: 0x8000e1b4 (0xe43f2823) sw      gp, -432(t5)
core   0: 3 0x8000e1b4 (0xe43f2823) mem 0x80010000 0x00000001
core   0: 0x8000e1b8 (0xff9ff06f) j       pc - 0x8
core   0: 3 0x8000e1b8 (0xff9ff06f)
core   0: 0x8000e1b0 (0x00002f17) auipc   t5, 0x2
core   0: 3 0x8000e1b0 (0x00002f17) x30 0x800101b0
core   0: 0x8000e1b4 (0xe43f2823) sw      gp, -432(t5)
core   0: 3 0x8000e1b4 (0xe43f2823) mem 0x80010000 0x00000001
core   0: 0x8000e1b8 (0xff9ff06f) j       pc - 0x8
core   0: 3 0x8000e1b8 (0xff9ff06f)
core   0: 0x8000e1b0 (0x00002f17) auipc   t5, 0x2
core   0: 3 0x8000e1b0 (0x00002f17) x30 0x800101b0
core   0: 0x8000e1b4 (0xe43f2823) sw      gp, -432(t5)
core   0: 3 0x8000e1b4 (0xe43f2823) mem 0x80010000 0x00000001
core   0: 0x8000e1b8 (0xff9ff06f) j       pc - 0x8
core   0: 3 0x8000e1b8 (0xff9ff06f)
core   0: 0x8000e1b0 (0x00002f17) auipc   t5, 0x2
core   0: 3 0x8000e1b0 (0x00002f17) x30 0x800101b0
core   0: 0x8000e1b4 (0xe43f2823) sw      gp, -432(t5)
core   0: 3 0x8000e1b4 (0xe43f2823) mem 0x80010000 0x00000001
core   0: 0x8000e1b8 (0xff9ff06f) j       pc - 0x8
core   0: 3 0x8000e1b8 (0xff9ff06f)
core   0: 0x8000e1b0 (0x00002f17) auipc   t5, 0x2
core   0: 3 0x8000e1b0 (0x00002f17) x30 0x800101b0
core   0: 0x8000e1b4 (0xe43f2823) sw      gp, -432(t5)
core   0: 3 0x8000e1b4 (0xe43f2823) mem 0x80010000 0x00000001
core   0: 0x8000e1b8 (0xff9ff06f) j       pc - 0x8
core   0: 3 0x8000e1b8 (0xff9ff06f)
core   0: 0x8000e1b0 (0x00002f17) auipc   t5, 0x2
core   0: 3 0x8000e1b0 (0x00002f17) x30 0x800101b0
core   0: 0x8000e1b4 (0xe43f2823) sw      gp, -432(t5)
core   0: 3 0x8000e1b4 (0xe43f2823) mem 0x80010000 0x00000001
core   0: 0x8000e1b8 (0xff9ff06f) j       pc - 0x8
core   0: 3 0x8000e1b8 (0xff9ff06f)
core   0: 0x8000e1b0 (0x00002f17) auipc   t5, 0x2
core   0: 3 0x8000e1b0 (0x00002f17) x30 0x800101b0
core   0: 0x8000e1b4 (0xe43f2823) sw      gp, -432(t5)
core   0: 3 0x8000e1b4 (0xe43f2823) mem 0x80010000 0x00000001
core   0: 0x8000e1b8 (0xff9ff06f) j       pc - 0x8
core   0: 3 0x8000e1b8 (0xff9ff06f)
core   0: 0x8000e1b0 (0x00002f17) auipc   t5, 0x2
core   0: 3 0x8000e1b0 (0x00002f17) x30 0x800101b0
core   0: 0x8000e1b4 (0xe43f2823) sw      gp, -432(t5)
core   0: 3 0x8000e1b4 (0xe43f2823) mem 0x80010000 0x00000001
core   0: 0x8000e1b8 (0xff9ff06f) j       pc - 0x8
core   0: 3 0x8000e1b8 (0xff9ff06f)
core   0: 0x8000e1b0 (0x00002f17) auipc   t5, 0x2
core   0: 3 0x8000e1b0 (0x00002f17) x30 0x800101b0
core   0: 0x8000e1b4 (0xe43f2823) sw      gp, -432(t5)
core   0: 3 0x8000e1b4 (0xe43f2823) mem 0x80010000 0x00000001
core   0: 0x8000e1b8 (0xff9ff06f) j       pc - 0x8
core   0: 3 0x8000e1b8 (0xff9ff06f)
core   0: 0x8000e1b0 (0x00002f17) auipc   t5, 0x2
core   0: 3 0x8000e1b0 (0x00002f17) x30 0x800101b0
core   0: 0x8000e1b4 (0xe43f2823) sw      gp, -432(t5)
core   0: 3 0x8000e1b4 (0xe43f2823) mem 0x80010000 0x00000001
core   0: 0x8000e1b8 (0xff9ff06f) j       pc - 0x8
core   0: 3 0x8000e1b8 (0xff9ff06f)
core   0: 0x8000e1b0 (0x00002f17) auipc   t5, 0x2
core   0: 3 0x8000e1b0 (0x00002f17) x30 0x800101b0
core   0: 0x8000e1b4 (0xe43f2823) sw      gp, -432(t5)
core   0: 3 0x8000e1b4 (0xe43f2823) mem 0x80010000 0x00000001
core   0: 0x8000e1b8 (0xff9ff06f) j       pc - 0x8
core   0: 3 0x8000e1b8 (0xff9ff06f)
core   0: 0x8000e1b0 (0x00002f17) auipc   t5, 0x2
core   0: 3 0x8000e1b0 (0x00002f17) x30 0x800101b0
core   0: 0x8000e1b4 (0xe43f2823) sw      gp, -432(t5)
core   0: 3 0x8000e1b4 (0xe43f2823) mem 0x80010000 0x00000001
core   0: 0x8000e1b8 (0xff9ff06f) j       pc - 0x8
core   0: 3 0x8000e1b8 (0xff9ff06f)
core   0: 0x8000e1b0 (0x00002f17) auipc   t5, 0x2
core   0: 3 0x8000e1b0 (0x00002f17) x30 0x800101b0
core   0: 0x8000e1b4 (0xe43f2823) sw      gp, -432(t5)
core   0: 3 0x8000e1b4 (0xe43f2823) mem 0x80010000 0x00000001
core   0: 0x8000e1b8 (0xff9ff06f) j       pc - 0x8
core   0: 3 0x8000e1b8 (0xff9ff06f)
core   0: 0x8000e1b0 (0x00002f17) auipc   t5, 0x2
core   0: 3 0x8000e1b0 (0x00002f17) x30 0x800101b0
core   0: 0x8000e1b4 (0xe43f2823) sw      gp, -432(t5)
core   0: 3 0x8000e1b4 (0xe43f2823) mem 0x80010000 0x00000001
core   0: 0x8000e1b8 (0xff9ff06f) j       pc - 0x8
core   0: 3 0x8000e1b8 (0xff9ff06f)
core   0: 0x8000e1b0 (0x00002f17) auipc   t5, 0x2
core   0: 3 0x8000e1b0 (0x00002f17) x30 0x800101b0
core   0: 0x8000e1b4 (0xe43f2823) sw      gp, -432(t5)
core   0: 3 0x8000e1b4 (0xe43f2823) mem 0x80010000 0x00000001
core   0: 0x8000e1b8 (0xff9ff06f) j       pc - 0x8
core   0: 3 0x8000e1b8 (0xff9ff06f)
core   0: 0x8000e1b0 (0x00002f17) auipc   t5, 0x2
core   0: 3 0x8000e1b0 (0x00002f17) x30 0x800101b0
core   0: 0x8000e1b4 (0xe43f2823) sw      gp, -432(t5)
core   0: 3 0x8000e1b4 (0xe43f2823) mem 0x80010000 0x00000001
core   0: 0x8000e1b8 (0xff9ff06f) j       pc - 0x8
core   0: 3 0x8000e1b8 (0xff9ff06f)
core   0: 0x8000e1b0 (0x00002f17) auipc   t5, 0x2
core   0: 3 0x8000e1b0 (0x00002f17) x30 0x800101b0
core   0: 0x8000e1b4 (0xe43f2823) sw      gp, -432(t5)
core   0: 3 0x8000e1b4 (0xe43f2823) mem 0x80010000 0x00000001
core   0: 0x8000e1b8 (0xff9ff06f) j       pc - 0x8
core   0: 3 0x8000e1b8 (0xff9ff06f)
core   0: 0x8000e1b0 (0x00002f17) auipc   t5, 0x2
core   0: 3 0x8000e1b0 (0x00002f17) x30 0x800101b0
core   0: 0x8000e1b4 (0xe43f2823) sw      gp, -432(t5)
core   0: 3 0x8000e1b4 (0xe43f2823) mem 0x80010000 0x00000001
core   0: 0x8000e1b8 (0xff9ff06f) j       pc - 0x8
core   0: 3 0x8000e1b8 (0xff9ff06f)
core   0: 0x8000e1b0 (0x00002f17) auipc   t5, 0x2
core   0: 3 0x8000e1b0 (0x00002f17) x30 0x800101b0
core   0: 0x8000e1b4 (0xe43f2823) sw      gp, -432(t5)
core   0: 3 0x8000e1b4 (0xe43f2823) mem 0x80010000 0x00000001
core   0: 0x8000e1b8 (0xff9ff06f) j       pc - 0x8
core   0: 3 0x8000e1b8 (0xff9ff06f)
core   0: 0x8000e1b0 (0x00002f17) auipc   t5, 0x2
core   0: 3 0x8000e1b0 (0x00002f17) x30 0x800101b0
core   0: 0x8000e1b4 (0xe43f2823) sw      gp, -432(t5)
core   0: 3 0x8000e1b4 (0xe43f2823) mem 0x80010000 0x00000001
core   0: 0x8000e1b8 (0xff9ff06f) j       pc - 0x8
core   0: 3 0x8000e1b8 (0xff9ff06f)
core   0: 0x8000e1b0 (0x00002f17) auipc   t5, 0x2
core   0: 3 0x8000e1b0 (0x00002f17) x30 0x800101b0
core   0: 0x8000e1b4 (0xe43f2823) sw      gp, -432(t5)
core   0: 3 0x8000e1b4 (0xe43f2823) mem 0x80010000 0x00000001
core   0: 0x8000e1b8 (0xff9ff06f) j       pc - 0x8
core   0: 3 0x8000e1b8 (0xff9ff06f)
core   0: 0x8000e1b0 (0x00002f17) auipc   t5, 0x2
core   0: 3 0x8000e1b0 (0x00002f17) x30 0x800101b0
core   0: 0x8000e1b4 (0xe43f2823) sw      gp, -432(t5)
core   0: 3 0x8000e1b4 (0xe43f2823) mem 0x80010000 0x00000001
core   0: 0x8000e1b8 (0xff9ff06f) j       pc - 0x8
core   0: 3 0x8000e1b8 (0xff9ff06f)
core   0: 0x8000e1b0 (0x00002f17) auipc   t5, 0x2
core   0: 3 0x8000e1b0 (0x00002f17) x30 0x800101b0
core   0: 0x8000e1b4 (0xe43f2823) sw      gp, -432(t5)
core   0: 3 0x8000e1b4 (0xe43f2823) mem 0x80010000 0x00000001
core   0: 0x8000e1b8 (0xff9ff06f) j       pc - 0x8
core   0: 3 0x8000e1b8 (0xff9ff06f)
core   0: 0x8000e1b0 (0x00002f17) auipc   t5, 0x2
core   0: 3 0x8000e1b0 (0x00002f17) x30 0x800101b0
core   0: 0x8000e1b4 (0xe43f2823) sw      gp, -432(t5)
core   0: 3 0x8000e1b4 (0xe43f2823) mem 0x80010000 0x00000001
core   0: 0x8000e1b8 (0xff9ff06f) j       pc - 0x8
core   0: 3 0x8000e1b8 (0xff9ff06f)
core   0: 0x8000e1b0 (0x00002f17) auipc   t5, 0x2
core   0: 3 0x8000e1b0 (0x00002f17) x30 0x800101b0
core   0: 0x8000e1b4 (0xe43f2823) sw      gp, -432(t5)
core   0: 3 0x8000e1b4 (0xe43f2823) mem 0x80010000 0x00000001
core   0: 0x8000e1b8 (0xff9ff06f) j       pc - 0x8
core   0: 3 0x8000e1b8 (0xff9ff06f)
core   0: 0x8000e1b0 (0x00002f17) auipc   t5, 0x2
core   0: 3 0x8000e1b0 (0x00002f17) x30 0x800101b0
core   0: 0x8000e1b4 (0xe43f2823) sw      gp, -432(t5)
core   0: 3 0x8000e1b4 (0xe43f2823) mem 0x80010000 0x00000001
core   0: 0x8000e1b8 (0xff9ff06f) j       pc - 0x8
core   0: 3 0x8000e1b8 (0xff9ff06f)
core   0: 0x8000e1b0 (0x00002f17) auipc   t5, 0x2
core   0: 3 0x8000e1b0 (0x00002f17) x30 0x800101b0
core   0: 0x8000e1b4 (0xe43f2823) sw      gp, -432(t5)
core   0: 3 0x8000e1b4 (0xe43f2823) mem 0x80010000 0x00000001
core   0: 0x8000e1b8 (0xff9ff06f) j       pc - 0x8
core   0: 3 0x8000e1b8 (0xff9ff06f)
core   0: 0x8000e1b0 (0x00002f17) auipc   t5, 0x2
core   0: 3 0x8000e1b0 (0x00002f17) x30 0x800101b0
core   0: 0x8000e1b4 (0xe43f2823) sw      gp, -432(t5)
core   0: 3 0x8000e1b4 (0xe43f2823) mem 0x80010000 0x00000001
core   0: 0x8000e1b8 (0xff9ff06f) j       pc - 0x8
core   0: 3 0x8000e1b8 (0xff9ff06f)
core   0: 0x8000e1b0 (0x00002f17) auipc   t5, 0x2
core   0: 3 0x8000e1b0 (0x00002f17) x30 0x800101b0
core   0: 0x8000e1b4 (0xe43f2823) sw      gp, -432(t5)
core   0: 3 0x8000e1b4 (0xe43f2823) mem 0x80010000 0x00000001
core   0: 0x8000e1b8 (0xff9ff06f) j       pc - 0x8
core   0: 3 0x8000e1b8 (0xff9ff06f)
core   0: 0x8000e1b0 (0x00002f17) auipc   t5, 0x2
core   0: 3 0x8000e1b0 (0x00002f17) x30 0x800101b0
core   0: 0x8000e1b4 (0xe43f2823) sw      gp, -432(t5)
core   0: 3 0x8000e1b4 (0xe43f2823) mem 0x80010000 0x00000001
core   0: 0x8000e1b8 (0xff9ff06f) j       pc - 0x8
core   0: 3 0x8000e1b8 (0xff9ff06f)
core   0: 0x8000e1b0 (0x00002f17) auipc   t5, 0x2
core   0: 3 0x8000e1b0 (0x00002f17) x30 0x800101b0
core   0: 0x8000e1b4 (0xe43f2823) sw      gp, -432(t5)
core   0: 3 0x8000e1b4 (0xe43f2823) mem 0x80010000 0x00000001
core   0: 0x8000e1b8 (0xff9ff06f) j       pc - 0x8
core   0: 3 0x8000e1b8 (0xff9ff06f)
core   0: 0x8000e1b0 (0x00002f17) auipc   t5, 0x2
core   0: 3 0x8000e1b0 (0x00002f17) x30 0x800101b0
core   0: 0x8000e1b4 (0xe43f2823) sw      gp, -432(t5)
core   0: 3 0x8000e1b4 (0xe43f2823) mem 0x80010000 0x00000001
core   0: 0x8000e1b8 (0xff9ff06f) j       pc - 0x8
core   0: 3 0x8000e1b8 (0xff9ff06f)
core   0: 0x8000e1b0 (0x00002f17) auipc   t5, 0x2
core   0: 3 0x8000e1b0 (0x00002f17) x30 0x800101b0
core   0: 0x8000e1b4 (0xe43f2823) sw      gp, -432(t5)
core   0: 3 0x8000e1b4 (0xe43f2823) mem 0x80010000 0x00000001
core   0: 0x8000e1b8 (0xff9ff06f) j       pc - 0x8
core   0: 3 0x8000e1b8 (0xff9ff06f)
core   0: 0x8000e1b0 (0x00002f17) auipc   t5, 0x2
core   0: 3 0x8000e1b0 (0x00002f17) x30 0x800101b0
core   0: 0x8000e1b4 (0xe43f2823) sw      gp, -432(t5)
core   0: 3 0x8000e1b4 (0xe43f2823) mem 0x80010000 0x00000001
core   0: 0x8000e1b8 (0xff9ff06f) j       pc - 0x8
core   0: 3 0x8000e1b8 (0xff9ff06f)
core   0: 0x8000e1b0 (0x00002f17) auipc   t5, 0x2
core   0: 3 0x8000e1b0 (0x00002f17) x30 0x800101b0
core   0: 0x8000e1b4 (0xe43f2823) sw      gp, -432(t5)
core   0: 3 0x8000e1b4 (0xe43f2823) mem 0x80010000 0x00000001
core   0: 0x8000e1b8 (0xff9ff06f) j       pc - 0x8
core   0: 3 0x8000e1b8 (0xff9ff06f)
core   0: 0x8000e1b0 (0x00002f17) auipc   t5, 0x2
core   0: 3 0x8000e1b0 (0x00002f17) x30 0x800101b0
core   0: 0x8000e1b4 (0xe43f2823) sw      gp, -432(t5)
core   0: 3 0x8000e1b4 (0xe43f2823) mem 0x80010000 0x00000001
core   0: 0x8000e1b8 (0xff9ff06f) j       pc - 0x8
core   0: 3 0x8000e1b8 (0xff9ff06f)
core   0: 0x8000e1b0 (0x00002f17) auipc   t5, 0x2
core   0: 3 0x8000e1b0 (0x00002f17) x30 0x800101b0
core   0: 0x8000e1b4 (0xe43f2823) sw      gp, -432(t5)
core   0: 3 0x8000e1b4 (0xe43f2823) mem 0x80010000 0x00000001
core   0: 0x8000e1b8 (0xff9ff06f) j       pc - 0x8
core   0: 3 0x8000e1b8 (0xff9ff06f)
core   0: 0x8000e1b0 (0x00002f17) auipc   t5, 0x2
core   0: 3 0x8000e1b0 (0x00002f17) x30 0x800101b0
core   0: 0x8000e1b4 (0xe43f2823) sw      gp, -432(t5)
core   0: 3 0x8000e1b4 (0xe43f2823) mem 0x80010000 0x00000001
core   0: 0x8000e1b8 (0xff9ff06f) j       pc - 0x8
core   0: 3 0x8000e1b8 (0xff9ff06f)
core   0: 0x8000e1b0 (0x00002f17) auipc   t5, 0x2
core   0: 3 0x8000e1b0 (0x00002f17) x30 0x800101b0
core   0: 0x8000e1b4 (0xe43f2823) sw      gp, -432(t5)
core   0: 3 0x8000e1b4 (0xe43f2823) mem 0x80010000 0x00000001
core   0: 0x8000e1b8 (0xff9ff06f) j       pc - 0x8
core   0: 3 0x8000e1b8 (0xff9ff06f)
core   0: 0x8000e1b0 (0x00002f17) auipc   t5, 0x2
core   0: 3 0x8000e1b0 (0x00002f17) x30 0x800101b0
core   0: 0x8000e1b4 (0xe43f2823) sw      gp, -432(t5)
core   0: 3 0x8000e1b4 (0xe43f2823) mem 0x80010000 0x00000001
core   0: 0x8000e1b8 (0xff9ff06f) j       pc - 0x8
core   0: 3 0x8000e1b8 (0xff9ff06f)
core   0: 0x8000e1b0 (0x00002f17) auipc   t5, 0x2
core   0: 3 0x8000e1b0 (0x00002f17) x30 0x800101b0
core   0: 0x8000e1b4 (0xe43f2823) sw      gp, -432(t5)
core   0: 3 0x8000e1b4 (0xe43f2823) mem 0x80010000 0x00000001
core   0: 0x8000e1b8 (0xff9ff06f) j       pc - 0x8
core   0: 3 0x8000e1b8 (0xff9ff06f)
core   0: 0x8000e1b0 (0x00002f17) auipc   t5, 0x2
core   0: 3 0x8000e1b0 (0x00002f17) x30 0x800101b0
core   0: 0x8000e1b4 (0xe43f2823) sw      gp, -432(t5)
core   0: 3 0x8000e1b4 (0xe43f2823) mem 0x80010000 0x00000001
core   0: 0x8000e1b8 (0xff9ff06f) j       pc - 0x8
core   0: 3 0x8000e1b8 (0xff9ff06f)
core   0: 0x8000e1b0 (0x00002f17) auipc   t5, 0x2
core   0: 3 0x8000e1b0 (0x00002f17) x30 0x800101b0
core   0: 0x8000e1b4 (0xe43f2823) sw      gp, -432(t5)
core   0: 3 0x8000e1b4 (0xe43f2823) mem 0x80010000 0x00000001
core   0: 0x8000e1b8 (0xff9ff06f) j       pc - 0x8
core   0: 3 0x8000e1b8 (0xff9ff06f)
core   0: 0x8000e1b0 (0x00002f17) auipc   t5, 0x2
core   0: 3 0x8000e1b0 (0x00002f17) x30 0x800101b0
core   0: 0x8000e1b4 (0xe43f2823) sw      gp, -432(t5)
core   0: 3 0x8000e1b4 (0xe43f2823) mem 0x80010000 0x00000001
core   0: 0x8000e1b8 (0xff9ff06f) j       pc - 0x8
core   0: 3 0x8000e1b8 (0xff9ff06f)
core   0: 0x8000e1b0 (0x00002f17) auipc   t5, 0x2
core   0: 3 0x8000e1b0 (0x00002f17) x30 0x800101b0
core   0: 0x8000e1b4 (0xe43f2823) sw      gp, -432(t5)
core   0: 3 0x8000e1b4 (0xe43f2823) mem 0x80010000 0x00000001
core   0: 0x8000e1b8 (0xff9ff06f) j       pc - 0x8
core   0: 3 0x8000e1b8 (0xff9ff06f)
core   0: 0x8000e1b0 (0x00002f17) auipc   t5, 0x2
core   0: 3 0x8000e1b0 (0x00002f17) x30 0x800101b0
core   0: 0x8000e1b4 (0xe43f2823) sw      gp, -432(t5)
core   0: 3 0x8000e1b4 (0xe43f2823) mem 0x80010000 0x00000001
core   0: 0x8000e1b8 (0xff9ff06f) j       pc - 0x8
core   0: 3 0x8000e1b8 (0xff9ff06f)
core   0: 0x8000e1b0 (0x00002f17) auipc   t5, 0x2
core   0: 3 0x8000e1b0 (0x00002f17) x30 0x800101b0
core   0: 0x8000e1b4 (0xe43f2823) sw      gp, -432(t5)
core   0: 3 0x8000e1b4 (0xe43f2823) mem 0x80010000 0x00000001
core   0: 0x8000e1b8 (0xff9ff06f) j       pc - 0x8
core   0: 3 0x8000e1b8 (0xff9ff06f)
core   0: 0x8000e1b0 (0x00002f17) auipc   t5, 0x2
core   0: 3 0x8000e1b0 (0x00002f17) x30 0x800101b0
core   0: 0x8000e1b4 (0xe43f2823) sw      gp, -432(t5)
core   0: 3 0x8000e1b4 (0xe43f2823) mem 0x80010000 0x00000001
core   0: 0x8000e1b8 (0xff9ff06f) j       pc - 0x8
core   0: 3 0x8000e1b8 (0xff9ff06f)
core   0: 0x8000e1b0 (0x00002f17) auipc   t5, 0x2
core   0: 3 0x8000e1b0 (0x00002f17) x30 0x800101b0
core   0: 0x8000e1b4 (0xe43f2823) sw      gp, -432(t5)
core   0: 3 0x8000e1b4 (0xe43f2823) mem 0x80010000 0x00000001
core   0: 0x8000e1b8 (0xff9ff06f) j       pc - 0x8
core   0: 3 0x8000e1b8 (0xff9ff06f)
core   0: 0x8000e1b0 (0x00002f17) auipc   t5, 0x2
core   0: 3 0x8000e1b0 (0x00002f17) x30 0x800101b0
core   0: 0x8000e1b4 (0xe43f2823) sw      gp, -432(t5)
core   0: 3 0x8000e1b4 (0xe43f2823) mem 0x80010000 0x00000001
core   0: 0x8000e1b8 (0xff9ff06f) j       pc - 0x8
core   0: 3 0x8000e1b8 (0xff9ff06f)
core   0: 0x8000e1b0 (0x00002f17) auipc   t5, 0x2
core   0: 3 0x8000e1b0 (0x00002f17) x30 0x800101b0
core   0: 0x8000e1b4 (0xe43f2823) sw      gp, -432(t5)
core   0: 3 0x8000e1b4 (0xe43f2823) mem 0x80010000 0x00000001
core   0: 0x8000e1b8 (0xff9ff06f) j       pc - 0x8
core   0: 3 0x8000e1b8 (0xff9ff06f)
core   0: 0x8000e1b0 (0x00002f17) auipc   t5, 0x2
core   0: 3 0x8000e1b0 (0x00002f17) x30 0x800101b0
core   0: 0x8000e1b4 (0xe43f2823) sw      gp, -432(t5)
core   0: 3 0x8000e1b4 (0xe43f2823) mem 0x80010000 0x00000001
core   0: 0x8000e1b8 (0xff9ff06f) j       pc - 0x8
core   0: 3 0x8000e1b8 (0xff9ff06f)
core   0: 0x8000e1b0 (0x00002f17) auipc   t5, 0x2
core   0: 3 0x8000e1b0 (0x00002f17) x30 0x800101b0
core   0: 0x8000e1b4 (0xe43f2823) sw      gp, -432(t5)
core   0: 3 0x8000e1b4 (0xe43f2823) mem 0x80010000 0x00000001
core   0: 0x8000e1b8 (0xff9ff06f) j       pc - 0x8
core   0: 3 0x8000e1b8 (0xff9ff06f)
core   0: 0x8000e1b0 (0x00002f17) auipc   t5, 0x2
core   0: 3 0x8000e1b0 (0x00002f17) x30 0x800101b0
core   0: 0x8000e1b4 (0xe43f2823) sw      gp, -432(t5)
core   0: 3 0x8000e1b4 (0xe43f2823) mem 0x80010000 0x00000001
core   0: 0x8000e1b8 (0xff9ff06f) j       pc - 0x8
core   0: 3 0x8000e1b8 (0xff9ff06f)
core   0: 0x8000e1b0 (0x00002f17) auipc   t5, 0x2
core   0: 3 0x8000e1b0 (0x00002f17) x30 0x800101b0
core   0: 0x8000e1b4 (0xe43f2823) sw      gp, -432(t5)
core   0: 3 0x8000e1b4 (0xe43f2823) mem 0x80010000 0x00000001
core   0: 0x8000e1b8 (0xff9ff06f) j       pc - 0x8
core   0: 3 0x8000e1b8 (0xff9ff06f)
core   0: 0x8000e1b0 (0x00002f17) auipc   t5, 0x2
core   0: 3 0x8000e1b0 (0x00002f17) x30 0x800101b0
core   0: 0x8000e1b4 (0xe43f2823) sw      gp, -432(t5)
core   0: 3 0x8000e1b4 (0xe43f2823) mem 0x80010000 0x00000001
core   0: 0x8000e1b8 (0xff9ff06f) j       pc - 0x8
core   0: 3 0x8000e1b8 (0xff9ff06f)
core   0: 0x8000e1b0 (0x00002f17) auipc   t5, 0x2
core   0: 3 0x8000e1b0 (0x00002f17) x30 0x800101b0
core   0: 0x8000e1b4 (0xe43f2823) sw      gp, -432(t5)
core   0: 3 0x8000e1b4 (0xe43f2823) mem 0x80010000 0x00000001
core   0: 0x8000e1b8 (0xff9ff06f) j       pc - 0x8
core   0: 3 0x8000e1b8 (0xff9ff06f)
core   0: 0x8000e1b0 (0x00002f17) auipc   t5, 0x2
core   0: 3 0x8000e1b0 (0x00002f17) x30 0x800101b0
core   0: 0x8000e1b4 (0xe43f2823) sw      gp, -432(t5)
core   0: 3 0x8000e1b4 (0xe43f2823) mem 0x80010000 0x00000001
core   0: 0x8000e1b8 (0xff9ff06f) j       pc - 0x8
core   0: 3 0x8000e1b8 (0xff9ff06f)
core   0: 0x8000e1b0 (0x00002f17) auipc   t5, 0x2
core   0: 3 0x8000e1b0 (0x00002f17) x30 0x800101b0
core   0: 0x8000e1b4 (0xe43f2823) sw      gp, -432(t5)
core   0: 3 0x8000e1b4 (0xe43f2823) mem 0x80010000 0x00000001
core   0: 0x8000e1b8 (0xff9ff06f) j       pc - 0x8
core   0: 3 0x8000e1b8 (0xff9ff06f)
core   0: 0x8000e1b0 (0x00002f17) auipc   t5, 0x2
core   0: 3 0x8000e1b0 (0x00002f17) x30 0x800101b0
core   0: 0x8000e1b4 (0xe43f2823) sw      gp, -432(t5)
core   0: 3 0x8000e1b4 (0xe43f2823) mem 0x80010000 0x00000001
core   0: 0x8000e1b8 (0xff9ff06f) j       pc - 0x8
core   0: 3 0x8000e1b8 (0xff9ff06f)
core   0: 0x8000e1b0 (0x00002f17) auipc   t5, 0x2
core   0: 3 0x8000e1b0 (0x00002f17) x30 0x800101b0
core   0: 0x8000e1b4 (0xe43f2823) sw      gp, -432(t5)
core   0: 3 0x8000e1b4 (0xe43f2823) mem 0x80010000 0x00000001
core   0: 0x8000e1b8 (0xff9ff06f) j       pc - 0x8
core   0: 3 0x8000e1b8 (0xff9ff06f)
core   0: 0x8000e1b0 (0x00002f17) auipc   t5, 0x2
core   0: 3 0x8000e1b0 (0x00002f17) x30 0x800101b0
core   0: 0x8000e1b4 (0xe43f2823) sw      gp, -432(t5)
core   0: 3 0x8000e1b4 (0xe43f2823) mem 0x80010000 0x00000001
core   0: 0x8000e1b8 (0xff9ff06f) j       pc - 0x8
core   0: 3 0x8000e1b8 (0xff9ff06f)
core   0: 0x8000e1b0 (0x00002f17) auipc   t5, 0x2
core   0: 3 0x8000e1b0 (0x00002f17) x30 0x800101b0
core   0: 0x8000e1b4 (0xe43f2823) sw      gp, -432(t5)
core   0: 3 0x8000e1b4 (0xe43f2823) mem 0x80010000 0x00000001
core   0: 0x8000e1b8 (0xff9ff06f) j       pc - 0x8
core   0: 3 0x8000e1b8 (0xff9ff06f)
core   0: 0x8000e1b0 (0x00002f17) auipc   t5, 0x2
core   0: 3 0x8000e1b0 (0x00002f17) x30 0x800101b0
core   0: 0x8000e1b4 (0xe43f2823) sw      gp, -432(t5)
core   0: 3 0x8000e1b4 (0xe43f2823) mem 0x80010000 0x00000001
core   0: 0x8000e1b8 (0xff9ff06f) j       pc - 0x8
core   0: 3 0x8000e1b8 (0xff9ff06f)
core   0: 0x8000e1b0 (0x00002f17) auipc   t5, 0x2
core   0: 3 0x8000e1b0 (0x00002f17) x30 0x800101b0
core   0: 0x8000e1b4 (0xe43f2823) sw      gp, -432(t5)
core   0: 3 0x8000e1b4 (0xe43f2823) mem 0x80010000 0x00000001
core   0: 0x8000e1b8 (0xff9ff06f) j       pc - 0x8
core   0: 3 0x8000e1b8 (0xff9ff06f)
core   0: 0x8000e1b0 (0x00002f17) auipc   t5, 0x2
core   0: 3 0x8000e1b0 (0x00002f17) x30 0x800101b0
core   0: 0x8000e1b4 (0xe43f2823) sw      gp, -432(t5)
core   0: 3 0x8000e1b4 (0xe43f2823) mem 0x80010000 0x00000001
core   0: 0x8000e1b8 (0xff9ff06f) j       pc - 0x8
core   0: 3 0x8000e1b8 (0xff9ff06f)
core   0: 0x8000e1b0 (0x00002f17) auipc   t5, 0x2
core   0: 3 0x8000e1b0 (0x00002f17) x30 0x800101b0
core   0: 0x8000e1b4 (0xe43f2823) sw      gp, -432(t5)
core   0: 3 0x8000e1b4 (0xe43f2823) mem 0x80010000 0x00000001
core   0: 0x8000e1b8 (0xff9ff06f) j       pc - 0x8
core   0: 3 0x8000e1b8 (0xff9ff06f)
core   0: 0x8000e1b0 (0x00002f17) auipc   t5, 0x2
core   0: 3 0x8000e1b0 (0x00002f17) x30 0x800101b0
core   0: 0x8000e1b4 (0xe43f2823) sw      gp, -432(t5)
core   0: 3 0x8000e1b4 (0xe43f2823) mem 0x80010000 0x00000001
core   0: 0x8000e1b8 (0xff9ff06f) j       pc - 0x8
core   0: 3 0x8000e1b8 (0xff9ff06f)
core   0: 0x8000e1b0 (0x00002f17) auipc   t5, 0x2
core   0: 3 0x8000e1b0 (0x00002f17) x30 0x800101b0
core   0: 0x8000e1b4 (0xe43f2823) sw      gp, -432(t5)
core   0: 3 0x8000e1b4 (0xe43f2823) mem 0x80010000 0x00000001
core   0: 0x8000e1b8 (0xff9ff06f) j       pc - 0x8
core   0: 3 0x8000e1b8 (0xff9ff06f)
core   0: 0x8000e1b0 (0x00002f17) auipc   t5, 0x2
core   0: 3 0x8000e1b0 (0x00002f17) x30 0x800101b0
core   0: 0x8000e1b4 (0xe43f2823) sw      gp, -432(t5)
core   0: 3 0x8000e1b4 (0xe43f2823) mem 0x80010000 0x00000001
core   0: 0x8000e1b8 (0xff9ff06f) j       pc - 0x8
core   0: 3 0x8000e1b8 (0xff9ff06f)
core   0: 0x8000e1b0 (0x00002f17) auipc   t5, 0x2
core   0: 3 0x8000e1b0 (0x00002f17) x30 0x800101b0
core   0: 0x8000e1b4 (0xe43f2823) sw      gp, -432(t5)
core   0: 3 0x8000e1b4 (0xe43f2823) mem 0x80010000 0x00000001
core   0: 0x8000e1b8 (0xff9ff06f) j       pc - 0x8
core   0: 3 0x8000e1b8 (0xff9ff06f)
core   0: 0x8000e1b0 (0x00002f17) auipc   t5, 0x2
core   0: 3 0x8000e1b0 (0x00002f17) x30 0x800101b0
core   0: 0x8000e1b4 (0xe43f2823) sw      gp, -432(t5)
core   0: 3 0x8000e1b4 (0xe43f2823) mem 0x80010000 0x00000001
core   0: 0x8000e1b8 (0xff9ff06f) j       pc - 0x8
core   0: 3 0x8000e1b8 (0xff9ff06f)
core   0: 0x8000e1b0 (0x00002f17) auipc   t5, 0x2
core   0: 3 0x8000e1b0 (0x00002f17) x30 0x800101b0
core   0: 0x8000e1b4 (0xe43f2823) sw      gp, -432(t5)
core   0: 3 0x8000e1b4 (0xe43f2823) mem 0x80010000 0x00000001
core   0: 0x8000e1b8 (0xff9ff06f) j       pc - 0x8
core   0: 3 0x8000e1b8 (0xff9ff06f)
core   0: 0x8000e1b0 (0x00002f17) auipc   t5, 0x2
core   0: 3 0x8000e1b0 (0x00002f17) x30 0x800101b0
core   0: 0x8000e1b4 (0xe43f2823) sw      gp, -432(t5)
core   0: 3 0x8000e1b4 (0xe43f2823) mem 0x80010000 0x00000001
core   0: 0x8000e1b8 (0xff9ff06f) j       pc - 0x8
core   0: 3 0x8000e1b8 (0xff9ff06f)
core   0: 0x8000e1b0 (0x00002f17) auipc   t5, 0x2
core   0: 3 0x8000e1b0 (0x00002f17) x30 0x800101b0
core   0: 0x8000e1b4 (0xe43f2823) sw      gp, -432(t5)
core   0: 3 0x8000e1b4 (0xe43f2823) mem 0x80010000 0x00000001
core   0: 0x8000e1b8 (0xff9ff06f) j       pc - 0x8
core   0: 3 0x8000e1b8 (0xff9ff06f)
core   0: 0x8000e1b0 (0x00002f17) auipc   t5, 0x2
core   0: 3 0x8000e1b0 (0x00002f17) x30 0x800101b0
core   0: 0x8000e1b4 (0xe43f2823) sw      gp, -432(t5)
core   0: 3 0x8000e1b4 (0xe43f2823) mem 0x80010000 0x00000001
core   0: 0x8000e1b8 (0xff9ff06f) j       pc - 0x8
core   0: 3 0x8000e1b8 (0xff9ff06f)
core   0: 0x8000e1b0 (0x00002f17) auipc   t5, 0x2
core   0: 3 0x8000e1b0 (0x00002f17) x30 0x800101b0
core   0: 0x8000e1b4 (0xe43f2823) sw      gp, -432(t5)
core   0: 3 0x8000e1b4 (0xe43f2823) mem 0x80010000 0x00000001
core   0: 0x8000e1b8 (0xff9ff06f) j       pc - 0x8
core   0: 3 0x8000e1b8 (0xff9ff06f)
core   0: 0x8000e1b0 (0x00002f17) auipc   t5, 0x2
core   0: 3 0x8000e1b0 (0x00002f17) x30 0x800101b0
core   0: 0x8000e1b4 (0xe43f2823) sw      gp, -432(t5)
core   0: 3 0x8000e1b4 (0xe43f2823) mem 0x80010000 0x00000001
core   0: 0x8000e1b8 (0xff9ff06f) j       pc - 0x8
core   0: 3 0x8000e1b8 (0xff9ff06f)
core   0: 0x8000e1b0 (0x00002f17) auipc   t5, 0x2
core   0: 3 0x8000e1b0 (0x00002f17) x30 0x800101b0
core   0: 0x8000e1b4 (0xe43f2823) sw      gp, -432(t5)
core   0: 3 0x8000e1b4 (0xe43f2823) mem 0x80010000 0x00000001
core   0: 0x8000e1b8 (0xff9ff06f) j       pc - 0x8
core   0: 3 0x8000e1b8 (0xff9ff06f)
core   0: 0x8000e1b0 (0x00002f17) auipc   t5, 0x2
core   0: 3 0x8000e1b0 (0x00002f17) x30 0x800101b0
core   0: 0x8000e1b4 (0xe43f2823) sw      gp, -432(t5)
core   0: 3 0x8000e1b4 (0xe43f2823) mem 0x80010000 0x00000001
core   0: 0x8000e1b8 (0xff9ff06f) j       pc - 0x8
core   0: 3 0x8000e1b8 (0xff9ff06f)
core   0: 0x8000e1b0 (0x00002f17) auipc   t5, 0x2
core   0: 3 0x8000e1b0 (0x00002f17) x30 0x800101b0
core   0: 0x8000e1b4 (0xe43f2823) sw      gp, -432(t5)
core   0: 3 0x8000e1b4 (0xe43f2823) mem 0x80010000 0x00000001
core   0: 0x8000e1b8 (0xff9ff06f) j       pc - 0x8
core   0: 3 0x8000e1b8 (0xff9ff06f)
core   0: 0x8000e1b0 (0x00002f17) auipc   t5, 0x2
core   0: 3 0x8000e1b0 (0x00002f17) x30 0x800101b0
core   0: 0x8000e1b4 (0xe43f2823) sw      gp, -432(t5)
core   0: 3 0x8000e1b4 (0xe43f2823) mem 0x80010000 0x00000001
core   0: 0x8000e1b8 (0xff9ff06f) j       pc - 0x8
core   0: 3 0x8000e1b8 (0xff9ff06f)
core   0: 0x8000e1b0 (0x00002f17) auipc   t5, 0x2
core   0: 3 0x8000e1b0 (0x00002f17) x30 0x800101b0
core   0: 0x8000e1b4 (0xe43f2823) sw      gp, -432(t5)
core   0: 3 0x8000e1b4 (0xe43f2823) mem 0x80010000 0x00000001
core   0: 0x8000e1b8 (0xff9ff06f) j       pc - 0x8
core   0: 3 0x8000e1b8 (0xff9ff06f)
core   0: 0x8000e1b0 (0x00002f17) auipc   t5, 0x2
core   0: 3 0x8000e1b0 (0x00002f17) x30 0x800101b0
core   0: 0x8000e1b4 (0xe43f2823) sw      gp, -432(t5)
core   0: 3 0x8000e1b4 (0xe43f2823) mem 0x80010000 0x00000001
core   0: 0x8000e1b8 (0xff9ff06f) j       pc - 0x8
core   0: 3 0x8000e1b8 (0xff9ff06f)
core   0: 0x8000e1b0 (0x00002f17) auipc   t5, 0x2
core   0: 3 0x8000e1b0 (0x00002f17) x30 0x800101b0
core   0: 0x8000e1b4 (0xe43f2823) sw      gp, -432(t5)
core   0: 3 0x8000e1b4 (0xe43f2823) mem 0x80010000 0x00000001
core   0: 0x8000e1b8 (0xff9ff06f) j       pc - 0x8
core   0: 3 0x8000e1b8 (0xff9ff06f)
core   0: 0x8000e1b0 (0x00002f17) auipc   t5, 0x2
core   0: 3 0x8000e1b0 (0x00002f17) x30 0x800101b0
core   0: 0x8000e1b4 (0xe43f2823) sw      gp, -432(t5)
core   0: 3 0x8000e1b4 (0xe43f2823) mem 0x80010000 0x00000001
core   0: 0x8000e1b8 (0xff9ff06f) j       pc - 0x8
core   0: 3 0x8000e1b8 (0xff9ff06f)
core   0: 0x8000e1b0 (0x00002f17) auipc   t5, 0x2
core   0: 3 0x8000e1b0 (0x00002f17) x30 0x800101b0
core   0: 0x8000e1b4 (0xe43f2823) sw      gp, -432(t5)
core   0: 3 0x8000e1b4 (0xe43f2823) mem 0x80010000 0x00000001
core   0: 0x8000e1b8 (0xff9ff06f) j       pc - 0x8
core   0: 3 0x8000e1b8 (0xff9ff06f)
core   0: 0x8000e1b0 (0x00002f17) auipc   t5, 0x2
core   0: 3 0x8000e1b0 (0x00002f17) x30 0x800101b0
core   0: 0x8000e1b4 (0xe43f2823) sw      gp, -432(t5)
core   0: 3 0x8000e1b4 (0xe43f2823) mem 0x80010000 0x00000001
core   0: 0x8000e1b8 (0xff9ff06f) j       pc - 0x8
core   0: 3 0x8000e1b8 (0xff9ff06f)
core   0: 0x8000e1b0 (0x00002f17) auipc   t5, 0x2
core   0: 3 0x8000e1b0 (0x00002f17) x30 0x800101b0
core   0: 0x8000e1b4 (0xe43f2823) sw      gp, -432(t5)
core   0: 3 0x8000e1b4 (0xe43f2823) mem 0x80010000 0x00000001
core   0: 0x8000e1b8 (0xff9ff06f) j       pc - 0x8
core   0: 3 0x8000e1b8 (0xff9ff06f)
core   0: 0x8000e1b0 (0x00002f17) auipc   t5, 0x2
core   0: 3 0x8000e1b0 (0x00002f17) x30 0x800101b0
core   0: 0x8000e1b4 (0xe43f2823) sw      gp, -432(t5)
core   0: 3 0x8000e1b4 (0xe43f2823) mem 0x80010000 0x00000001
core   0: 0x8000e1b8 (0xff9ff06f) j       pc - 0x8
core   0: 3 0x8000e1b8 (0xff9ff06f)
core   0: 0x8000e1b0 (0x00002f17) auipc   t5, 0x2
core   0: 3 0x8000e1b0 (0x00002f17) x30 0x800101b0
core   0: 0x8000e1b4 (0xe43f2823) sw      gp, -432(t5)
core   0: 3 0x8000e1b4 (0xe43f2823) mem 0x80010000 0x00000001
core   0: 0x8000e1b8 (0xff9ff06f) j       pc - 0x8
core   0: 3 0x8000e1b8 (0xff9ff06f)
core   0: 0x8000e1b0 (0x00002f17) auipc   t5, 0x2
core   0: 3 0x8000e1b0 (0x00002f17) x30 0x800101b0
core   0: 0x8000e1b4 (0xe43f2823) sw      gp, -432(t5)
core   0: 3 0x8000e1b4 (0xe43f2823) mem 0x80010000 0x00000001
core   0: 0x8000e1b8 (0xff9ff06f) j       pc - 0x8
core   0: 3 0x8000e1b8 (0xff9ff06f)
core   0: 0x8000e1b0 (0x00002f17) auipc   t5, 0x2
core   0: 3 0x8000e1b0 (0x00002f17) x30 0x800101b0
core   0: 0x8000e1b4 (0xe43f2823) sw      gp, -432(t5)
core   0: 3 0x8000e1b4 (0xe43f2823) mem 0x80010000 0x00000001
core   0: 0x8000e1b8 (0xff9ff06f) j       pc - 0x8
core   0: 3 0x8000e1b8 (0xff9ff06f)
core   0: 0x8000e1b0 (0x00002f17) auipc   t5, 0x2
core   0: 3 0x8000e1b0 (0x00002f17) x30 0x800101b0
core   0: 0x8000e1b4 (0xe43f2823) sw      gp, -432(t5)
core   0: 3 0x8000e1b4 (0xe43f2823) mem 0x80010000 0x00000001
core   0: 0x8000e1b8 (0xff9ff06f) j       pc - 0x8
core   0: 3 0x8000e1b8 (0xff9ff06f)
core   0: 0x8000e1b0 (0x00002f17) auipc   t5, 0x2
core   0: 3 0x8000e1b0 (0x00002f17) x30 0x800101b0
core   0: 0x8000e1b4 (0xe43f2823) sw      gp, -432(t5)
core   0: 3 0x8000e1b4 (0xe43f2823) mem 0x80010000 0x00000001
core   0: 0x8000e1b8 (0xff9ff06f) j       pc - 0x8
core   0: 3 0x8000e1b8 (0xff9ff06f)
core   0: 0x8000e1b0 (0x00002f17) auipc   t5, 0x2
core   0: 3 0x8000e1b0 (0x00002f17) x30 0x800101b0
core   0: 0x8000e1b4 (0xe43f2823) sw      gp, -432(t5)
core   0: 3 0x8000e1b4 (0xe43f2823) mem 0x80010000 0x00000001
core   0: 0x8000e1b8 (0xff9ff06f) j       pc - 0x8
core   0: 3 0x8000e1b8 (0xff9ff06f)
core   0: 0x8000e1b0 (0x00002f17) auipc   t5, 0x2
core   0: 3 0x8000e1b0 (0x00002f17) x30 0x800101b0
core   0: 0x8000e1b4 (0xe43f2823) sw      gp, -432(t5)
core   0: 3 0x8000e1b4 (0xe43f2823) mem 0x80010000 0x00000001
core   0: 0x8000e1b8 (0xff9ff06f) j       pc - 0x8
core   0: 3 0x8000e1b8 (0xff9ff06f)
core   0: 0x8000e1b0 (0x00002f17) auipc   t5, 0x2
core   0: 3 0x8000e1b0 (0x00002f17) x30 0x800101b0
core   0: 0x8000e1b4 (0xe43f2823) sw      gp, -432(t5)
core   0: 3 0x8000e1b4 (0xe43f2823) mem 0x80010000 0x00000001
core   0: 0x8000e1b8 (0xff9ff06f) j       pc - 0x8
core   0: 3 0x8000e1b8 (0xff9ff06f)
core   0: 0x8000e1b0 (0x00002f17) auipc   t5, 0x2
core   0: 3 0x8000e1b0 (0x00002f17) x30 0x800101b0
core   0: 0x8000e1b4 (0xe43f2823) sw      gp, -432(t5)
core   0: 3 0x8000e1b4 (0xe43f2823) mem 0x80010000 0x00000001
core   0: 0x8000e1b8 (0xff9ff06f) j       pc - 0x8
core   0: 3 0x8000e1b8 (0xff9ff06f)
core   0: 0x8000e1b0 (0x00002f17) auipc   t5, 0x2
core   0: 3 0x8000e1b0 (0x00002f17) x30 0x800101b0
core   0: 0x8000e1b4 (0xe43f2823) sw      gp, -432(t5)
core   0: 3 0x8000e1b4 (0xe43f2823) mem 0x80010000 0x00000001
core   0: 0x8000e1b8 (0xff9ff06f) j       pc - 0x8
core   0: 3 0x8000e1b8 (0xff9ff06f)
core   0: 0x8000e1b0 (0x00002f17) auipc   t5, 0x2
core   0: 3 0x8000e1b0 (0x00002f17) x30 0x800101b0
core   0: 0x8000e1b4 (0xe43f2823) sw      gp, -432(t5)
core   0: 3 0x8000e1b4 (0xe43f2823) mem 0x80010000 0x00000001
core   0: 0x8000e1b8 (0xff9ff06f) j       pc - 0x8
core   0: 3 0x8000e1b8 (0xff9ff06f)
core   0: 0x8000e1b0 (0x00002f17) auipc   t5, 0x2
core   0: 3 0x8000e1b0 (0x00002f17) x30 0x800101b0
core   0: 0x8000e1b4 (0xe43f2823) sw      gp, -432(t5)
core   0: 3 0x8000e1b4 (0xe43f2823) mem 0x80010000 0x00000001
core   0: 0x8000e1b8 (0xff9ff06f) j       pc - 0x8
core   0: 3 0x8000e1b8 (0xff9ff06f)
core   0: 0x8000e1b0 (0x00002f17) auipc   t5, 0x2
core   0: 3 0x8000e1b0 (0x00002f17) x30 0x800101b0
core   0: 0x8000e1b4 (0xe43f2823) sw      gp, -432(t5)
core   0: 3 0x8000e1b4 (0xe43f2823) mem 0x80010000 0x00000001
core   0: 0x8000e1b8 (0xff9ff06f) j       pc - 0x8
core   0: 3 0x8000e1b8 (0xff9ff06f)
core   0: 0x8000e1b0 (0x00002f17) auipc   t5, 0x2
core   0: 3 0x8000e1b0 (0x00002f17) x30 0x800101b0
core   0: 0x8000e1b4 (0xe43f2823) sw      gp, -432(t5)
core   0: 3 0x8000e1b4 (0xe43f2823) mem 0x80010000 0x00000001
core   0: 0x8000e1b8 (0xff9ff06f) j       pc - 0x8
core   0: 3 0x8000e1b8 (0xff9ff06f)
core   0: 0x8000e1b0 (0x00002f17) auipc   t5, 0x2
core   0: 3 0x8000e1b0 (0x00002f17) x30 0x800101b0
core   0: 0x8000e1b4 (0xe43f2823) sw      gp, -432(t5)
core   0: 3 0x8000e1b4 (0xe43f2823) mem 0x80010000 0x00000001
core   0: 0x8000e1b8 (0xff9ff06f) j       pc - 0x8
core   0: 3 0x8000e1b8 (0xff9ff06f)
core   0: 0x8000e1b0 (0x00002f17) auipc   t5, 0x2
core   0: 3 0x8000e1b0 (0x00002f17) x30 0x800101b0
core   0: 0x8000e1b4 (0xe43f2823) sw      gp, -432(t5)
core   0: 3 0x8000e1b4 (0xe43f2823) mem 0x80010000 0x00000001
core   0: 0x8000e1b8 (0xff9ff06f) j       pc - 0x8
core   0: 3 0x8000e1b8 (0xff9ff06f)
core   0: 0x8000e1b0 (0x00002f17) auipc   t5, 0x2
core   0: 3 0x8000e1b0 (0x00002f17) x30 0x800101b0
core   0: 0x8000e1b4 (0xe43f2823) sw      gp, -432(t5)
core   0: 3 0x8000e1b4 (0xe43f2823) mem 0x80010000 0x00000001
core   0: 0x8000e1b8 (0xff9ff06f) j       pc - 0x8
core   0: 3 0x8000e1b8 (0xff9ff06f)
core   0: 0x8000e1b0 (0x00002f17) auipc   t5, 0x2
core   0: 3 0x8000e1b0 (0x00002f17) x30 0x800101b0
core   0: 0x8000e1b4 (0xe43f2823) sw      gp, -432(t5)
core   0: 3 0x8000e1b4 (0xe43f2823) mem 0x80010000 0x00000001
core   0: 0x8000e1b8 (0xff9ff06f) j       pc - 0x8
core   0: 3 0x8000e1b8 (0xff9ff06f)
core   0: 0x8000e1b0 (0x00002f17) auipc   t5, 0x2
core   0: 3 0x8000e1b0 (0x00002f17) x30 0x800101b0
core   0: 0x8000e1b4 (0xe43f2823) sw      gp, -432(t5)
core   0: 3 0x8000e1b4 (0xe43f2823) mem 0x80010000 0x00000001
core   0: 0x8000e1b8 (0xff9ff06f) j       pc - 0x8
core   0: 3 0x8000e1b8 (0xff9ff06f)
core   0: 0x8000e1b0 (0x00002f17) auipc   t5, 0x2
core   0: 3 0x8000e1b0 (0x00002f17) x30 0x800101b0
core   0: 0x8000e1b4 (0xe43f2823) sw      gp, -432(t5)
core   0: 3 0x8000e1b4 (0xe43f2823) mem 0x80010000 0x00000001
core   0: 0x8000e1b8 (0xff9ff06f) j       pc - 0x8
core   0: 3 0x8000e1b8 (0xff9ff06f)
core   0: 0x8000e1b0 (0x00002f17) auipc   t5, 0x2
core   0: 3 0x8000e1b0 (0x00002f17) x30 0x800101b0
core   0: 0x8000e1b4 (0xe43f2823) sw      gp, -432(t5)
core   0: 3 0x8000e1b4 (0xe43f2823) mem 0x80010000 0x00000001
core   0: 0x8000e1b8 (0xff9ff06f) j       pc - 0x8
core   0: 3 0x8000e1b8 (0xff9ff06f)
core   0: 0x8000e1b0 (0x00002f17) auipc   t5, 0x2
core   0: 3 0x8000e1b0 (0x00002f17) x30 0x800101b0
core   0: 0x8000e1b4 (0xe43f2823) sw      gp, -432(t5)
core   0: 3 0x8000e1b4 (0xe43f2823) mem 0x80010000 0x00000001
core   0: 0x8000e1b8 (0xff9ff06f) j       pc - 0x8
core   0: 3 0x8000e1b8 (0xff9ff06f)
core   0: 0x8000e1b0 (0x00002f17) auipc   t5, 0x2
core   0: 3 0x8000e1b0 (0x00002f17) x30 0x800101b0
core   0: 0x8000e1b4 (0xe43f2823) sw      gp, -432(t5)
core   0: 3 0x8000e1b4 (0xe43f2823) mem 0x80010000 0x00000001
core   0: 0x8000e1b8 (0xff9ff06f) j       pc - 0x8
core   0: 3 0x8000e1b8 (0xff9ff06f)
core   0: 0x8000e1b0 (0x00002f17) auipc   t5, 0x2
core   0: 3 0x8000e1b0 (0x00002f17) x30 0x800101b0
core   0: 0x8000e1b4 (0xe43f2823) sw      gp, -432(t5)
core   0: 3 0x8000e1b4 (0xe43f2823) mem 0x80010000 0x00000001
core   0: 0x8000e1b8 (0xff9ff06f) j       pc - 0x8
core   0: 3 0x8000e1b8 (0xff9ff06f)
core   0: 0x8000e1b0 (0x00002f17) auipc   t5, 0x2
core   0: 3 0x8000e1b0 (0x00002f17) x30 0x800101b0
core   0: 0x8000e1b4 (0xe43f2823) sw      gp, -432(t5)
core   0: 3 0x8000e1b4 (0xe43f2823) mem 0x80010000 0x00000001
core   0: 0x8000e1b8 (0xff9ff06f) j       pc - 0x8
core   0: 3 0x8000e1b8 (0xff9ff06f)
core   0: 0x8000e1b0 (0x00002f17) auipc   t5, 0x2
core   0: 3 0x8000e1b0 (0x00002f17) x30 0x800101b0
core   0: 0x8000e1b4 (0xe43f2823) sw      gp, -432(t5)
core   0: 3 0x8000e1b4 (0xe43f2823) mem 0x80010000 0x00000001
core   0: 0x8000e1b8 (0xff9ff06f) j       pc - 0x8
core   0: 3 0x8000e1b8 (0xff9ff06f)
core   0: 0x8000e1b0 (0x00002f17) auipc   t5, 0x2
core   0: 3 0x8000e1b0 (0x00002f17) x30 0x800101b0
core   0: 0x8000e1b4 (0xe43f2823) sw      gp, -432(t5)
core   0: 3 0x8000e1b4 (0xe43f2823) mem 0x80010000 0x00000001
core   0: 0x8000e1b8 (0xff9ff06f) j       pc - 0x8
core   0: 3 0x8000e1b8 (0xff9ff06f)
core   0: 0x8000e1b0 (0x00002f17) auipc   t5, 0x2
core   0: 3 0x8000e1b0 (0x00002f17) x30 0x800101b0
core   0: 0x8000e1b4 (0xe43f2823) sw      gp, -432(t5)
core   0: 3 0x8000e1b4 (0xe43f2823) mem 0x80010000 0x00000001
core   0: 0x8000e1b8 (0xff9ff06f) j       pc - 0x8
core   0: 3 0x8000e1b8 (0xff9ff06f)
core   0: 0x8000e1b0 (0x00002f17) auipc   t5, 0x2
core   0: 3 0x8000e1b0 (0x00002f17) x30 0x800101b0
core   0: 0x8000e1b4 (0xe43f2823) sw      gp, -432(t5)
core   0: 3 0x8000e1b4 (0xe43f2823) mem 0x80010000 0x00000001
core   0: 0x8000e1b8 (0xff9ff06f) j       pc - 0x8
core   0: 3 0x8000e1b8 (0xff9ff06f)
core   0: 0x8000e1b0 (0x00002f17) auipc   t5, 0x2
core   0: 3 0x8000e1b0 (0x00002f17) x30 0x800101b0
core   0: 0x8000e1b4 (0xe43f2823) sw      gp, -432(t5)
core   0: 3 0x8000e1b4 (0xe43f2823) mem 0x80010000 0x00000001
core   0: 0x8000e1b8 (0xff9ff06f) j       pc - 0x8
core   0: 3 0x8000e1b8 (0xff9ff06f)
core   0: 0x8000e1b0 (0x00002f17) auipc   t5, 0x2
core   0: 3 0x8000e1b0 (0x00002f17) x30 0x800101b0
core   0: 0x8000e1b4 (0xe43f2823) sw      gp, -432(t5)
core   0: 3 0x8000e1b4 (0xe43f2823) mem 0x80010000 0x00000001
core   0: 0x8000e1b8 (0xff9ff06f) j       pc - 0x8
core   0: 3 0x8000e1b8 (0xff9ff06f)
core   0: 0x8000e1b0 (0x00002f17) auipc   t5, 0x2
core   0: 3 0x8000e1b0 (0x00002f17) x30 0x800101b0
core   0: 0x8000e1b4 (0xe43f2823) sw      gp, -432(t5)
core   0: 3 0x8000e1b4 (0xe43f2823) mem 0x80010000 0x00000001
core   0: 0x8000e1b8 (0xff9ff06f) j       pc - 0x8
core   0: 3 0x8000e1b8 (0xff9ff06f)
core   0: 0x8000e1b0 (0x00002f17) auipc   t5, 0x2
core   0: 3 0x8000e1b0 (0x00002f17) x30 0x800101b0
core   0: 0x8000e1b4 (0xe43f2823) sw      gp, -432(t5)
core   0: 3 0x8000e1b4 (0xe43f2823) mem 0x80010000 0x00000001
core   0: 0x8000e1b8 (0xff9ff06f) j       pc - 0x8
core   0: 3 0x8000e1b8 (0xff9ff06f)
core   0: 0x8000e1b0 (0x00002f17) auipc   t5, 0x2
core   0: 3 0x8000e1b0 (0x00002f17) x30 0x800101b0
core   0: 0x8000e1b4 (0xe43f2823) sw      gp, -432(t5)
core   0: 3 0x8000e1b4 (0xe43f2823) mem 0x80010000 0x00000001
core   0: 0x8000e1b8 (0xff9ff06f) j       pc - 0x8
core   0: 3 0x8000e1b8 (0xff9ff06f)
core   0: 0x8000e1b0 (0x00002f17) auipc   t5, 0x2
core   0: 3 0x8000e1b0 (0x00002f17) x30 0x800101b0
core   0: 0x8000e1b4 (0xe43f2823) sw      gp, -432(t5)
core   0: 3 0x8000e1b4 (0xe43f2823) mem 0x80010000 0x00000001
core   0: 0x8000e1b8 (0xff9ff06f) j       pc - 0x8
core   0: 3 0x8000e1b8 (0xff9ff06f)
core   0: 0x8000e1b0 (0x00002f17) auipc   t5, 0x2
core   0: 3 0x8000e1b0 (0x00002f17) x30 0x800101b0
core   0: 0x8000e1b4 (0xe43f2823) sw      gp, -432(t5)
core   0: 3 0x8000e1b4 (0xe43f2823) mem 0x80010000 0x00000001
core   0: 0x8000e1b8 (0xff9ff06f) j       pc - 0x8
core   0: 3 0x8000e1b8 (0xff9ff06f)
core   0: 0x8000e1b0 (0x00002f17) auipc   t5, 0x2
core   0: 3 0x8000e1b0 (0x00002f17) x30 0x800101b0
core   0: 0x8000e1b4 (0xe43f2823) sw      gp, -432(t5)
core   0: 3 0x8000e1b4 (0xe43f2823) mem 0x80010000 0x00000001
core   0: 0x8000e1b8 (0xff9ff06f) j       pc - 0x8
core   0: 3 0x8000e1b8 (0xff9ff06f)
core   0: 0x8000e1b0 (0x00002f17) auipc   t5, 0x2
core   0: 3 0x8000e1b0 (0x00002f17) x30 0x800101b0
core   0: 0x8000e1b4 (0xe43f2823) sw      gp, -432(t5)
core   0: 3 0x8000e1b4 (0xe43f2823) mem 0x80010000 0x00000001
core   0: 0x8000e1b8 (0xff9ff06f) j       pc - 0x8
core   0: 3 0x8000e1b8 (0xff9ff06f)
core   0: 0x8000e1b0 (0x00002f17) auipc   t5, 0x2
core   0: 3 0x8000e1b0 (0x00002f17) x30 0x800101b0
core   0: 0x8000e1b4 (0xe43f2823) sw      gp, -432(t5)
core   0: 3 0x8000e1b4 (0xe43f2823) mem 0x80010000 0x00000001
core   0: 0x8000e1b8 (0xff9ff06f) j       pc - 0x8
core   0: 3 0x8000e1b8 (0xff9ff06f)
core   0: 0x8000e1b0 (0x00002f17) auipc   t5, 0x2
core   0: 3 0x8000e1b0 (0x00002f17) x30 0x800101b0
core   0: 0x8000e1b4 (0xe43f2823) sw      gp, -432(t5)
core   0: 3 0x8000e1b4 (0xe43f2823) mem 0x80010000 0x00000001
core   0: 0x8000e1b8 (0xff9ff06f) j       pc - 0x8
core   0: 3 0x8000e1b8 (0xff9ff06f)
core   0: 0x8000e1b0 (0x00002f17) auipc   t5, 0x2
core   0: 3 0x8000e1b0 (0x00002f17) x30 0x800101b0
core   0: 0x8000e1b4 (0xe43f2823) sw      gp, -432(t5)
core   0: 3 0x8000e1b4 (0xe43f2823) mem 0x80010000 0x00000001
core   0: 0x8000e1b8 (0xff9ff06f) j       pc - 0x8
core   0: 3 0x8000e1b8 (0xff9ff06f)
core   0: 0x8000e1b0 (0x00002f17) auipc   t5, 0x2
core   0: 3 0x8000e1b0 (0x00002f17) x30 0x800101b0
core   0: 0x8000e1b4 (0xe43f2823) sw      gp, -432(t5)
core   0: 3 0x8000e1b4 (0xe43f2823) mem 0x80010000 0x00000001
core   0: 0x8000e1b8 (0xff9ff06f) j       pc - 0x8
core   0: 3 0x8000e1b8 (0xff9ff06f)
core   0: 0x8000e1b0 (0x00002f17) auipc   t5, 0x2
core   0: 3 0x8000e1b0 (0x00002f17) x30 0x800101b0
core   0: 0x8000e1b4 (0xe43f2823) sw      gp, -432(t5)
core   0: 3 0x8000e1b4 (0xe43f2823) mem 0x80010000 0x00000001
core   0: 0x8000e1b8 (0xff9ff06f) j       pc - 0x8
core   0: 3 0x8000e1b8 (0xff9ff06f)
core   0: 0x8000e1b0 (0x00002f17) auipc   t5, 0x2
core   0: 3 0x8000e1b0 (0x00002f17) x30 0x800101b0
core   0: 0x8000e1b4 (0xe43f2823) sw      gp, -432(t5)
core   0: 3 0x8000e1b4 (0xe43f2823) mem 0x80010000 0x00000001
core   0: 0x8000e1b8 (0xff9ff06f) j       pc - 0x8
core   0: 3 0x8000e1b8 (0xff9ff06f)
core   0: 0x8000e1b0 (0x00002f17) auipc   t5, 0x2
core   0: 3 0x8000e1b0 (0x00002f17) x30 0x800101b0
core   0: 0x8000e1b4 (0xe43f2823) sw      gp, -432(t5)
core   0: 3 0x8000e1b4 (0xe43f2823) mem 0x80010000 0x00000001
core   0: 0x8000e1b8 (0xff9ff06f) j       pc - 0x8
core   0: 3 0x8000e1b8 (0xff9ff06f)
core   0: 0x8000e1b0 (0x00002f17) auipc   t5, 0x2
core   0: 3 0x8000e1b0 (0x00002f17) x30 0x800101b0
core   0: 0x8000e1b4 (0xe43f2823) sw      gp, -432(t5)
core   0: 3 0x8000e1b4 (0xe43f2823) mem 0x80010000 0x00000001
core   0: 0x8000e1b8 (0xff9ff06f) j       pc - 0x8
core   0: 3 0x8000e1b8 (0xff9ff06f)
core   0: 0x8000e1b0 (0x00002f17) auipc   t5, 0x2
core   0: 3 0x8000e1b0 (0x00002f17) x30 0x800101b0
core   0: 0x8000e1b4 (0xe43f2823) sw      gp, -432(t5)
core   0: 3 0x8000e1b4 (0xe43f2823) mem 0x80010000 0x00000001
core   0: 0x8000e1b8 (0xff9ff06f) j       pc - 0x8
core   0: 3 0x8000e1b8 (0xff9ff06f)
core   0: 0x8000e1b0 (0x00002f17) auipc   t5, 0x2
core   0: 3 0x8000e1b0 (0x00002f17) x30 0x800101b0
core   0: 0x8000e1b4 (0xe43f2823) sw      gp, -432(t5)
core   0: 3 0x8000e1b4 (0xe43f2823) mem 0x80010000 0x00000001
core   0: 0x8000e1b8 (0xff9ff06f) j       pc - 0x8
core   0: 3 0x8000e1b8 (0xff9ff06f)
core   0: 0x8000e1b0 (0x00002f17) auipc   t5, 0x2
core   0: 3 0x8000e1b0 (0x00002f17) x30 0x800101b0
core   0: 0x8000e1b4 (0xe43f2823) sw      gp, -432(t5)
core   0: 3 0x8000e1b4 (0xe43f2823) mem 0x80010000 0x00000001
core   0: 0x8000e1b8 (0xff9ff06f) j       pc - 0x8
core   0: 3 0x8000e1b8 (0xff9ff06f)
core   0: 0x8000e1b0 (0x00002f17) auipc   t5, 0x2
core   0: 3 0x8000e1b0 (0x00002f17) x30 0x800101b0
core   0: 0x8000e1b4 (0xe43f2823) sw      gp, -432(t5)
core   0: 3 0x8000e1b4 (0xe43f2823) mem 0x80010000 0x00000001
core   0: 0x8000e1b8 (0xff9ff06f) j       pc - 0x8
core   0: 3 0x8000e1b8 (0xff9ff06f)
core   0: 0x8000e1b0 (0x00002f17) auipc   t5, 0x2
core   0: 3 0x8000e1b0 (0x00002f17) x30 0x800101b0
core   0: 0x8000e1b4 (0xe43f2823) sw      gp, -432(t5)
core   0: 3 0x8000e1b4 (0xe43f2823) mem 0x80010000 0x00000001
core   0: 0x8000e1b8 (0xff9ff06f) j       pc - 0x8
core   0: 3 0x8000e1b8 (0xff9ff06f)
core   0: 0x8000e1b0 (0x00002f17) auipc   t5, 0x2
core   0: 3 0x8000e1b0 (0x00002f17) x30 0x800101b0
core   0: 0x8000e1b4 (0xe43f2823) sw      gp, -432(t5)
core   0: 3 0x8000e1b4 (0xe43f2823) mem 0x80010000 0x00000001
core   0: 0x8000e1b8 (0xff9ff06f) j       pc - 0x8
core   0: 3 0x8000e1b8 (0xff9ff06f)
core   0: 0x8000e1b0 (0x00002f17) auipc   t5, 0x2
core   0: 3 0x8000e1b0 (0x00002f17) x30 0x800101b0
core   0: 0x8000e1b4 (0xe43f2823) sw      gp, -432(t5)
core   0: 3 0x8000e1b4 (0xe43f2823) mem 0x80010000 0x00000001
core   0: 0x8000e1b8 (0xff9ff06f) j       pc - 0x8
core   0: 3 0x8000e1b8 (0xff9ff06f)
core   0: 0x8000e1b0 (0x00002f17) auipc   t5, 0x2
core   0: 3 0x8000e1b0 (0x00002f17) x30 0x800101b0
core   0: 0x8000e1b4 (0xe43f2823) sw      gp, -432(t5)
core   0: 3 0x8000e1b4 (0xe43f2823) mem 0x80010000 0x00000001
core   0: 0x8000e1b8 (0xff9ff06f) j       pc - 0x8
core   0: 3 0x8000e1b8 (0xff9ff06f)
core   0: 0x8000e1b0 (0x00002f17) auipc   t5, 0x2
core   0: 3 0x8000e1b0 (0x00002f17) x30 0x800101b0
core   0: 0x8000e1b4 (0xe43f2823) sw      gp, -432(t5)
core   0: 3 0x8000e1b4 (0xe43f2823) mem 0x80010000 0x00000001
core   0: 0x8000e1b8 (0xff9ff06f) j       pc - 0x8
core   0: 3 0x8000e1b8 (0xff9ff06f)
core   0: 0x8000e1b0 (0x00002f17) auipc   t5, 0x2
core   0: 3 0x8000e1b0 (0x00002f17) x30 0x800101b0
core   0: 0x8000e1b4 (0xe43f2823) sw      gp, -432(t5)
core   0: 3 0x8000e1b4 (0xe43f2823) mem 0x80010000 0x00000001
core   0: 0x8000e1b8 (0xff9ff06f) j       pc - 0x8
core   0: 3 0x8000e1b8 (0xff9ff06f)
core   0: 0x8000e1b0 (0x00002f17) auipc   t5, 0x2
core   0: 3 0x8000e1b0 (0x00002f17) x30 0x800101b0
core   0: 0x8000e1b4 (0xe43f2823) sw      gp, -432(t5)
core   0: 3 0x8000e1b4 (0xe43f2823) mem 0x80010000 0x00000001
core   0: 0x8000e1b8 (0xff9ff06f) j       pc - 0x8
core   0: 3 0x8000e1b8 (0xff9ff06f)
core   0: 0x8000e1b0 (0x00002f17) auipc   t5, 0x2
core   0: 3 0x8000e1b0 (0x00002f17) x30 0x800101b0
core   0: 0x8000e1b4 (0xe43f2823) sw      gp, -432(t5)
core   0: 3 0x8000e1b4 (0xe43f2823) mem 0x80010000 0x00000001
core   0: 0x8000e1b8 (0xff9ff06f) j       pc - 0x8
core   0: 3 0x8000e1b8 (0xff9ff06f)
core   0: 0x8000e1b0 (0x00002f17) auipc   t5, 0x2
core   0: 3 0x8000e1b0 (0x00002f17) x30 0x800101b0
core   0: 0x8000e1b4 (0xe43f2823) sw      gp, -432(t5)
core   0: 3 0x8000e1b4 (0xe43f2823) mem 0x80010000 0x00000001
core   0: 0x8000e1b8 (0xff9ff06f) j       pc - 0x8
core   0: 3 0x8000e1b8 (0xff9ff06f)
core   0: 0x8000e1b0 (0x00002f17) auipc   t5, 0x2
core   0: 3 0x8000e1b0 (0x00002f17) x30 0x800101b0
core   0: 0x8000e1b4 (0xe43f2823) sw      gp, -432(t5)
core   0: 3 0x8000e1b4 (0xe43f2823) mem 0x80010000 0x00000001
core   0: 0x8000e1b8 (0xff9ff06f) j       pc - 0x8
core   0: 3 0x8000e1b8 (0xff9ff06f)
core   0: 0x8000e1b0 (0x00002f17) auipc   t5, 0x2
core   0: 3 0x8000e1b0 (0x00002f17) x30 0x800101b0
core   0: 0x8000e1b4 (0xe43f2823) sw      gp, -432(t5)
core   0: 3 0x8000e1b4 (0xe43f2823) mem 0x80010000 0x00000001
core   0: 0x8000e1b8 (0xff9ff06f) j       pc - 0x8
core   0: 3 0x8000e1b8 (0xff9ff06f)
core   0: 0x8000e1b0 (0x00002f17) auipc   t5, 0x2
core   0: 3 0x8000e1b0 (0x00002f17) x30 0x800101b0
core   0: 0x8000e1b4 (0xe43f2823) sw      gp, -432(t5)
core   0: 3 0x8000e1b4 (0xe43f2823) mem 0x80010000 0x00000001
core   0: 0x8000e1b8 (0xff9ff06f) j       pc - 0x8
core   0: 3 0x8000e1b8 (0xff9ff06f)
core   0: 0x8000e1b0 (0x00002f17) auipc   t5, 0x2
core   0: 3 0x8000e1b0 (0x00002f17) x30 0x800101b0
core   0: 0x8000e1b4 (0xe43f2823) sw      gp, -432(t5)
core   0: 3 0x8000e1b4 (0xe43f2823) mem 0x80010000 0x00000001
core   0: 0x8000e1b8 (0xff9ff06f) j       pc - 0x8
core   0: 3 0x8000e1b8 (0xff9ff06f)
core   0: 0x8000e1b0 (0x00002f17) auipc   t5, 0x2
core   0: 3 0x8000e1b0 (0x00002f17) x30 0x800101b0
core   0: 0x8000e1b4 (0xe43f2823) sw      gp, -432(t5)
core   0: 3 0x8000e1b4 (0xe43f2823) mem 0x80010000 0x00000001
core   0: 0x8000e1b8 (0xff9ff06f) j       pc - 0x8
core   0: 3 0x8000e1b8 (0xff9ff06f)
core   0: 0x8000e1b0 (0x00002f17) auipc   t5, 0x2
core   0: 3 0x8000e1b0 (0x00002f17) x30 0x800101b0
core   0: 0x8000e1b4 (0xe43f2823) sw      gp, -432(t5)
core   0: 3 0x8000e1b4 (0xe43f2823) mem 0x80010000 0x00000001
core   0: 0x8000e1b8 (0xff9ff06f) j       pc - 0x8
core   0: 3 0x8000e1b8 (0xff9ff06f)
core   0: 0x8000e1b0 (0x00002f17) auipc   t5, 0x2
core   0: 3 0x8000e1b0 (0x00002f17) x30 0x800101b0
core   0: 0x8000e1b4 (0xe43f2823) sw      gp, -432(t5)
core   0: 3 0x8000e1b4 (0xe43f2823) mem 0x80010000 0x00000001
core   0: 0x8000e1b8 (0xff9ff06f) j       pc - 0x8
core   0: 3 0x8000e1b8 (0xff9ff06f)
core   0: 0x8000e1b0 (0x00002f17) auipc   t5, 0x2
core   0: 3 0x8000e1b0 (0x00002f17) x30 0x800101b0
core   0: 0x8000e1b4 (0xe43f2823) sw      gp, -432(t5)
core   0: 3 0x8000e1b4 (0xe43f2823) mem 0x80010000 0x00000001
core   0: 0x8000e1b8 (0xff9ff06f) j       pc - 0x8
core   0: 3 0x8000e1b8 (0xff9ff06f)
core   0: 0x8000e1b0 (0x00002f17) auipc   t5, 0x2
core   0: 3 0x8000e1b0 (0x00002f17) x30 0x800101b0
core   0: 0x8000e1b4 (0xe43f2823) sw      gp, -432(t5)
core   0: 3 0x8000e1b4 (0xe43f2823) mem 0x80010000 0x00000001
core   0: 0x8000e1b8 (0xff9ff06f) j       pc - 0x8
core   0: 3 0x8000e1b8 (0xff9ff06f)
core   0: 0x8000e1b0 (0x00002f17) auipc   t5, 0x2
core   0: 3 0x8000e1b0 (0x00002f17) x30 0x800101b0
core   0: 0x8000e1b4 (0xe43f2823) sw      gp, -432(t5)
core   0: 3 0x8000e1b4 (0xe43f2823) mem 0x80010000 0x00000001
core   0: 0x8000e1b8 (0xff9ff06f) j       pc - 0x8
core   0: 3 0x8000e1b8 (0xff9ff06f)
core   0: 0x8000e1b0 (0x00002f17) auipc   t5, 0x2
core   0: 3 0x8000e1b0 (0x00002f17) x30 0x800101b0
core   0: 0x8000e1b4 (0xe43f2823) sw      gp, -432(t5)
core   0: 3 0x8000e1b4 (0xe43f2823) mem 0x80010000 0x00000001
core   0: 0x8000e1b8 (0xff9ff06f) j       pc - 0x8
core   0: 3 0x8000e1b8 (0xff9ff06f)
core   0: 0x8000e1b0 (0x00002f17) auipc   t5, 0x2
core   0: 3 0x8000e1b0 (0x00002f17) x30 0x800101b0
core   0: 0x8000e1b4 (0xe43f2823) sw      gp, -432(t5)
core   0: 3 0x8000e1b4 (0xe43f2823) mem 0x80010000 0x00000001
core   0: 0x8000e1b8 (0xff9ff06f) j       pc - 0x8
core   0: 3 0x8000e1b8 (0xff9ff06f)
core   0: 0x8000e1b0 (0x00002f17) auipc   t5, 0x2
core   0: 3 0x8000e1b0 (0x00002f17) x30 0x800101b0
core   0: 0x8000e1b4 (0xe43f2823) sw      gp, -432(t5)
core   0: 3 0x8000e1b4 (0xe43f2823) mem 0x80010000 0x00000001
core   0: 0x8000e1b8 (0xff9ff06f) j       pc - 0x8
core   0: 3 0x8000e1b8 (0xff9ff06f)
core   0: 0x8000e1b0 (0x00002f17) auipc   t5, 0x2
core   0: 3 0x8000e1b0 (0x00002f17) x30 0x800101b0
core   0: 0x8000e1b4 (0xe43f2823) sw      gp, -432(t5)
core   0: 3 0x8000e1b4 (0xe43f2823) mem 0x80010000 0x00000001
core   0: 0x8000e1b8 (0xff9ff06f) j       pc - 0x8
core   0: 3 0x8000e1b8 (0xff9ff06f)
core   0: 0x8000e1b0 (0x00002f17) auipc   t5, 0x2
core   0: 3 0x8000e1b0 (0x00002f17) x30 0x800101b0
core   0: 0x8000e1b4 (0xe43f2823) sw      gp, -432(t5)
core   0: 3 0x8000e1b4 (0xe43f2823) mem 0x80010000 0x00000001
core   0: 0x8000e1b8 (0xff9ff06f) j       pc - 0x8
core   0: 3 0x8000e1b8 (0xff9ff06f)
core   0: 0x8000e1b0 (0x00002f17) auipc   t5, 0x2
core   0: 3 0x8000e1b0 (0x00002f17) x30 0x800101b0
core   0: 0x8000e1b4 (0xe43f2823) sw      gp, -432(t5)
core   0: 3 0x8000e1b4 (0xe43f2823) mem 0x80010000 0x00000001
core   0: 0x8000e1b8 (0xff9ff06f) j       pc - 0x8
core   0: 3 0x8000e1b8 (0xff9ff06f)
core   0: 0x8000e1b0 (0x00002f17) auipc   t5, 0x2
core   0: 3 0x8000e1b0 (0x00002f17) x30 0x800101b0
core   0: 0x8000e1b4 (0xe43f2823) sw      gp, -432(t5)
core   0: 3 0x8000e1b4 (0xe43f2823) mem 0x80010000 0x00000001
core   0: 0x8000e1b8 (0xff9ff06f) j       pc - 0x8
core   0: 3 0x8000e1b8 (0xff9ff06f)
core   0: 0x8000e1b0 (0x00002f17) auipc   t5, 0x2
core   0: 3 0x8000e1b0 (0x00002f17) x30 0x800101b0
core   0: 0x8000e1b4 (0xe43f2823) sw      gp, -432(t5)
core   0: 3 0x8000e1b4 (0xe43f2823) mem 0x80010000 0x00000001
core   0: 0x8000e1b8 (0xff9ff06f) j       pc - 0x8
core   0: 3 0x8000e1b8 (0xff9ff06f)
core   0: 0x8000e1b0 (0x00002f17) auipc   t5, 0x2
core   0: 3 0x8000e1b0 (0x00002f17) x30 0x800101b0
core   0: 0x8000e1b4 (0xe43f2823) sw      gp, -432(t5)
core   0: 3 0x8000e1b4 (0xe43f2823) mem 0x80010000 0x00000001
core   0: 0x8000e1b8 (0xff9ff06f) j       pc - 0x8
core   0: 3 0x8000e1b8 (0xff9ff06f)
core   0: 0x8000e1b0 (0x00002f17) auipc   t5, 0x2
core   0: 3 0x8000e1b0 (0x00002f17) x30 0x800101b0
core   0: 0x8000e1b4 (0xe43f2823) sw      gp, -432(t5)
core   0: 3 0x8000e1b4 (0xe43f2823) mem 0x80010000 0x00000001
core   0: 0x8000e1b8 (0xff9ff06f) j       pc - 0x8
core   0: 3 0x8000e1b8 (0xff9ff06f)
core   0: 0x8000e1b0 (0x00002f17) auipc   t5, 0x2
core   0: 3 0x8000e1b0 (0x00002f17) x30 0x800101b0
core   0: 0x8000e1b4 (0xe43f2823) sw      gp, -432(t5)
core   0: 3 0x8000e1b4 (0xe43f2823) mem 0x80010000 0x00000001
core   0: 0x8000e1b8 (0xff9ff06f) j       pc - 0x8
core   0: 3 0x8000e1b8 (0xff9ff06f)
core   0: 0x8000e1b0 (0x00002f17) auipc   t5, 0x2
core   0: 3 0x8000e1b0 (0x00002f17) x30 0x800101b0
core   0: 0x8000e1b4 (0xe43f2823) sw      gp, -432(t5)
core   0: 3 0x8000e1b4 (0xe43f2823) mem 0x80010000 0x00000001
core   0: 0x8000e1b8 (0xff9ff06f) j       pc - 0x8
core   0: 3 0x8000e1b8 (0xff9ff06f)
core   0: 0x8000e1b0 (0x00002f17) auipc   t5, 0x2
core   0: 3 0x8000e1b0 (0x00002f17) x30 0x800101b0
core   0: 0x8000e1b4 (0xe43f2823) sw      gp, -432(t5)
core   0: 3 0x8000e1b4 (0xe43f2823) mem 0x80010000 0x00000001
core   0: 0x8000e1b8 (0xff9ff06f) j       pc - 0x8
core   0: 3 0x8000e1b8 (0xff9ff06f)
core   0: 0x8000e1b0 (0x00002f17) auipc   t5, 0x2
core   0: 3 0x8000e1b0 (0x00002f17) x30 0x800101b0
core   0: 0x8000e1b4 (0xe43f2823) sw      gp, -432(t5)
core   0: 3 0x8000e1b4 (0xe43f2823) mem 0x80010000 0x00000001
core   0: 0x8000e1b8 (0xff9ff06f) j       pc - 0x8
core   0: 3 0x8000e1b8 (0xff9ff06f)
core   0: 0x8000e1b0 (0x00002f17) auipc   t5, 0x2
core   0: 3 0x8000e1b0 (0x00002f17) x30 0x800101b0
core   0: 0x8000e1b4 (0xe43f2823) sw      gp, -432(t5)
core   0: 3 0x8000e1b4 (0xe43f2823) mem 0x80010000 0x00000001
core   0: 0x8000e1b8 (0xff9ff06f) j       pc - 0x8
core   0: 3 0x8000e1b8 (0xff9ff06f)
core   0: 0x8000e1b0 (0x00002f17) auipc   t5, 0x2
core   0: 3 0x8000e1b0 (0x00002f17) x30 0x800101b0
core   0: 0x8000e1b4 (0xe43f2823) sw      gp, -432(t5)
core   0: 3 0x8000e1b4 (0xe43f2823) mem 0x80010000 0x00000001
core   0: 0x8000e1b8 (0xff9ff06f) j       pc - 0x8
core   0: 3 0x8000e1b8 (0xff9ff06f)
core   0: 0x8000e1b0 (0x00002f17) auipc   t5, 0x2
core   0: 3 0x8000e1b0 (0x00002f17) x30 0x800101b0
core   0: 0x8000e1b4 (0xe43f2823) sw      gp, -432(t5)
core   0: 3 0x8000e1b4 (0xe43f2823) mem 0x80010000 0x00000001
core   0: 0x8000e1b8 (0xff9ff06f) j       pc - 0x8
core   0: 3 0x8000e1b8 (0xff9ff06f)
core   0: 0x8000e1b0 (0x00002f17) auipc   t5, 0x2
core   0: 3 0x8000e1b0 (0x00002f17) x30 0x800101b0
core   0: 0x8000e1b4 (0xe43f2823) sw      gp, -432(t5)
core   0: 3 0x8000e1b4 (0xe43f2823) mem 0x80010000 0x00000001
core   0: 0x8000e1b8 (0xff9ff06f) j       pc - 0x8
core   0: 3 0x8000e1b8 (0xff9ff06f)
core   0: 0x8000e1b0 (0x00002f17) auipc   t5, 0x2
core   0: 3 0x8000e1b0 (0x00002f17) x30 0x800101b0
core   0: 0x8000e1b4 (0xe43f2823) sw      gp, -432(t5)
core   0: 3 0x8000e1b4 (0xe43f2823) mem 0x80010000 0x00000001
core   0: 0x8000e1b8 (0xff9ff06f) j       pc - 0x8
core   0: 3 0x8000e1b8 (0xff9ff06f)
core   0: 0x8000e1b0 (0x00002f17) auipc   t5, 0x2
core   0: 3 0x8000e1b0 (0x00002f17) x30 0x800101b0
core   0: 0x8000e1b4 (0xe43f2823) sw      gp, -432(t5)
core   0: 3 0x8000e1b4 (0xe43f2823) mem 0x80010000 0x00000001
core   0: 0x8000e1b8 (0xff9ff06f) j       pc - 0x8
core   0: 3 0x8000e1b8 (0xff9ff06f)
core   0: 0x8000e1b0 (0x00002f17) auipc   t5, 0x2
core   0: 3 0x8000e1b0 (0x00002f17) x30 0x800101b0
core   0: 0x8000e1b4 (0xe43f2823) sw      gp, -432(t5)
core   0: 3 0x8000e1b4 (0xe43f2823) mem 0x80010000 0x00000001
core   0: 0x8000e1b8 (0xff9ff06f) j       pc - 0x8
core   0: 3 0x8000e1b8 (0xff9ff06f)
core   0: 0x8000e1b0 (0x00002f17) auipc   t5, 0x2
core   0: 3 0x8000e1b0 (0x00002f17) x30 0x800101b0
core   0: 0x8000e1b4 (0xe43f2823) sw      gp, -432(t5)
core   0: 3 0x8000e1b4 (0xe43f2823) mem 0x80010000 0x00000001
core   0: 0x8000e1b8 (0xff9ff06f) j       pc - 0x8
core   0: 3 0x8000e1b8 (0xff9ff06f)
core   0: 0x8000e1b0 (0x00002f17) auipc   t5, 0x2
core   0: 3 0x8000e1b0 (0x00002f17) x30 0x800101b0
core   0: 0x8000e1b4 (0xe43f2823) sw      gp, -432(t5)
core   0: 3 0x8000e1b4 (0xe43f2823) mem 0x80010000 0x00000001
core   0: 0x8000e1b8 (0xff9ff06f) j       pc - 0x8
core   0: 3 0x8000e1b8 (0xff9ff06f)
core   0: 0x8000e1b0 (0x00002f17) auipc   t5, 0x2
core   0: 3 0x8000e1b0 (0x00002f17) x30 0x800101b0
core   0: 0x8000e1b4 (0xe43f2823) sw      gp, -432(t5)
core   0: 3 0x8000e1b4 (0xe43f2823) mem 0x80010000 0x00000001
core   0: 0x8000e1b8 (0xff9ff06f) j       pc - 0x8
core   0: 3 0x8000e1b8 (0xff9ff06f)
core   0: 0x8000e1b0 (0x00002f17) auipc   t5, 0x2
core   0: 3 0x8000e1b0 (0x00002f17) x30 0x800101b0
core   0: 0x8000e1b4 (0xe43f2823) sw      gp, -432(t5)
core   0: 3 0x8000e1b4 (0xe43f2823) mem 0x80010000 0x00000001
core   0: 0x8000e1b8 (0xff9ff06f) j       pc - 0x8
core   0: 3 0x8000e1b8 (0xff9ff06f)
core   0: 0x8000e1b0 (0x00002f17) auipc   t5, 0x2
core   0: 3 0x8000e1b0 (0x00002f17) x30 0x800101b0
core   0: 0x8000e1b4 (0xe43f2823) sw      gp, -432(t5)
core   0: 3 0x8000e1b4 (0xe43f2823) mem 0x80010000 0x00000001
core   0: 0x8000e1b8 (0xff9ff06f) j       pc - 0x8
core   0: 3 0x8000e1b8 (0xff9ff06f)
core   0: 0x8000e1b0 (0x00002f17) auipc   t5, 0x2
core   0: 3 0x8000e1b0 (0x00002f17) x30 0x800101b0
core   0: 0x8000e1b4 (0xe43f2823) sw      gp, -432(t5)
core   0: 3 0x8000e1b4 (0xe43f2823) mem 0x80010000 0x00000001
core   0: 0x8000e1b8 (0xff9ff06f) j       pc - 0x8
core   0: 3 0x8000e1b8 (0xff9ff06f)
core   0: 0x8000e1b0 (0x00002f17) auipc   t5, 0x2
core   0: 3 0x8000e1b0 (0x00002f17) x30 0x800101b0
core   0: 0x8000e1b4 (0xe43f2823) sw      gp, -432(t5)
core   0: 3 0x8000e1b4 (0xe43f2823) mem 0x80010000 0x00000001
core   0: 0x8000e1b8 (0xff9ff06f) j       pc - 0x8
core   0: 3 0x8000e1b8 (0xff9ff06f)
core   0: 0x8000e1b0 (0x00002f17) auipc   t5, 0x2
core   0: 3 0x8000e1b0 (0x00002f17) x30 0x800101b0
core   0: 0x8000e1b4 (0xe43f2823) sw      gp, -432(t5)
core   0: 3 0x8000e1b4 (0xe43f2823) mem 0x80010000 0x00000001
core   0: 0x8000e1b8 (0xff9ff06f) j       pc - 0x8
core   0: 3 0x8000e1b8 (0xff9ff06f)
core   0: 0x8000e1b0 (0x00002f17) auipc   t5, 0x2
core   0: 3 0x8000e1b0 (0x00002f17) x30 0x800101b0
core   0: 0x8000e1b4 (0xe43f2823) sw      gp, -432(t5)
core   0: 3 0x8000e1b4 (0xe43f2823) mem 0x80010000 0x00000001
core   0: 0x8000e1b8 (0xff9ff06f) j       pc - 0x8
core   0: 3 0x8000e1b8 (0xff9ff06f)
core   0: 0x8000e1b0 (0x00002f17) auipc   t5, 0x2
core   0: 3 0x8000e1b0 (0x00002f17) x30 0x800101b0
core   0: 0x8000e1b4 (0xe43f2823) sw      gp, -432(t5)
core   0: 3 0x8000e1b4 (0xe43f2823) mem 0x80010000 0x00000001
core   0: 0x8000e1b8 (0xff9ff06f) j       pc - 0x8
core   0: 3 0x8000e1b8 (0xff9ff06f)
core   0: 0x8000e1b0 (0x00002f17) auipc   t5, 0x2
core   0: 3 0x8000e1b0 (0x00002f17) x30 0x800101b0
core   0: 0x8000e1b4 (0xe43f2823) sw      gp, -432(t5)
core   0: 3 0x8000e1b4 (0xe43f2823) mem 0x80010000 0x00000001
core   0: 0x8000e1b8 (0xff9ff06f) j       pc - 0x8
core   0: 3 0x8000e1b8 (0xff9ff06f)
core   0: 0x8000e1b0 (0x00002f17) auipc   t5, 0x2
core   0: 3 0x8000e1b0 (0x00002f17) x30 0x800101b0
core   0: 0x8000e1b4 (0xe43f2823) sw      gp, -432(t5)
core   0: 3 0x8000e1b4 (0xe43f2823) mem 0x80010000 0x00000001
core   0: 0x8000e1b8 (0xff9ff06f) j       pc - 0x8
core   0: 3 0x8000e1b8 (0xff9ff06f)
core   0: 0x8000e1b0 (0x00002f17) auipc   t5, 0x2
core   0: 3 0x8000e1b0 (0x00002f17) x30 0x800101b0
core   0: 0x8000e1b4 (0xe43f2823) sw      gp, -432(t5)
core   0: 3 0x8000e1b4 (0xe43f2823) mem 0x80010000 0x00000001
core   0: 0x8000e1b8 (0xff9ff06f) j       pc - 0x8
core   0: 3 0x8000e1b8 (0xff9ff06f)
core   0: 0x8000e1b0 (0x00002f17) auipc   t5, 0x2
core   0: 3 0x8000e1b0 (0x00002f17) x30 0x800101b0
core   0: 0x8000e1b4 (0xe43f2823) sw      gp, -432(t5)
core   0: 3 0x8000e1b4 (0xe43f2823) mem 0x80010000 0x00000001
core   0: 0x8000e1b8 (0xff9ff06f) j       pc - 0x8
core   0: 3 0x8000e1b8 (0xff9ff06f)
core   0: 0x8000e1b0 (0x00002f17) auipc   t5, 0x2
core   0: 3 0x8000e1b0 (0x00002f17) x30 0x800101b0
core   0: 0x8000e1b4 (0xe43f2823) sw      gp, -432(t5)
core   0: 3 0x8000e1b4 (0xe43f2823) mem 0x80010000 0x00000001
core   0: 0x8000e1b8 (0xff9ff06f) j       pc - 0x8
core   0: 3 0x8000e1b8 (0xff9ff06f)
core   0: 0x8000e1b0 (0x00002f17) auipc   t5, 0x2
core   0: 3 0x8000e1b0 (0x00002f17) x30 0x800101b0
core   0: 0x8000e1b4 (0xe43f2823) sw      gp, -432(t5)
core   0: 3 0x8000e1b4 (0xe43f2823) mem 0x80010000 0x00000001
core   0: 0x8000e1b8 (0xff9ff06f) j       pc - 0x8
core   0: 3 0x8000e1b8 (0xff9ff06f)
core   0: 0x8000e1b0 (0x00002f17) auipc   t5, 0x2
core   0: 3 0x8000e1b0 (0x00002f17) x30 0x800101b0
core   0: 0x8000e1b4 (0xe43f2823) sw      gp, -432(t5)
core   0: 3 0x8000e1b4 (0xe43f2823) mem 0x80010000 0x00000001
core   0: 0x8000e1b8 (0xff9ff06f) j       pc - 0x8
core   0: 3 0x8000e1b8 (0xff9ff06f)
core   0: 0x8000e1b0 (0x00002f17) auipc   t5, 0x2
core   0: 3 0x8000e1b0 (0x00002f17) x30 0x800101b0
core   0: 0x8000e1b4 (0xe43f2823) sw      gp, -432(t5)
core   0: 3 0x8000e1b4 (0xe43f2823) mem 0x80010000 0x00000001
core   0: 0x8000e1b8 (0xff9ff06f) j       pc - 0x8
core   0: 3 0x8000e1b8 (0xff9ff06f)
core   0: 0x8000e1b0 (0x00002f17) auipc   t5, 0x2
core   0: 3 0x8000e1b0 (0x00002f17) x30 0x800101b0
core   0: 0x8000e1b4 (0xe43f2823) sw      gp, -432(t5)
core   0: 3 0x8000e1b4 (0xe43f2823) mem 0x80010000 0x00000001
core   0: 0x8000e1b8 (0xff9ff06f) j       pc - 0x8
core   0: 3 0x8000e1b8 (0xff9ff06f)
core   0: 0x8000e1b0 (0x00002f17) auipc   t5, 0x2
core   0: 3 0x8000e1b0 (0x00002f17) x30 0x800101b0
core   0: 0x8000e1b4 (0xe43f2823) sw      gp, -432(t5)
core   0: 3 0x8000e1b4 (0xe43f2823) mem 0x80010000 0x00000001
core   0: 0x8000e1b8 (0xff9ff06f) j       pc - 0x8
core   0: 3 0x8000e1b8 (0xff9ff06f)
core   0: 0x8000e1b0 (0x00002f17) auipc   t5, 0x2
core   0: 3 0x8000e1b0 (0x00002f17) x30 0x800101b0
core   0: 0x8000e1b4 (0xe43f2823) sw      gp, -432(t5)
core   0: 3 0x8000e1b4 (0xe43f2823) mem 0x80010000 0x00000001
core   0: 0x8000e1b8 (0xff9ff06f) j       pc - 0x8
core   0: 3 0x8000e1b8 (0xff9ff06f)
core   0: 0x8000e1b0 (0x00002f17) auipc   t5, 0x2
core   0: 3 0x8000e1b0 (0x00002f17) x30 0x800101b0
core   0: 0x8000e1b4 (0xe43f2823) sw      gp, -432(t5)
core   0: 3 0x8000e1b4 (0xe43f2823) mem 0x80010000 0x00000001
core   0: 0x8000e1b8 (0xff9ff06f) j       pc - 0x8
core   0: 3 0x8000e1b8 (0xff9ff06f)
core   0: 0x8000e1b0 (0x00002f17) auipc   t5, 0x2
core   0: 3 0x8000e1b0 (0x00002f17) x30 0x800101b0
core   0: 0x8000e1b4 (0xe43f2823) sw      gp, -432(t5)
core   0: 3 0x8000e1b4 (0xe43f2823) mem 0x80010000 0x00000001
core   0: 0x8000e1b8 (0xff9ff06f) j       pc - 0x8
core   0: 3 0x8000e1b8 (0xff9ff06f)
core   0: 0x8000e1b0 (0x00002f17) auipc   t5, 0x2
core   0: 3 0x8000e1b0 (0x00002f17) x30 0x800101b0
core   0: 0x8000e1b4 (0xe43f2823) sw      gp, -432(t5)
core   0: 3 0x8000e1b4 (0xe43f2823) mem 0x80010000 0x00000001
core   0: 0x8000e1b8 (0xff9ff06f) j       pc - 0x8
core   0: 3 0x8000e1b8 (0xff9ff06f)
core   0: 0x8000e1b0 (0x00002f17) auipc   t5, 0x2
core   0: 3 0x8000e1b0 (0x00002f17) x30 0x800101b0
core   0: 0x8000e1b4 (0xe43f2823) sw      gp, -432(t5)
core   0: 3 0x8000e1b4 (0xe43f2823) mem 0x80010000 0x00000001
core   0: 0x8000e1b8 (0xff9ff06f) j       pc - 0x8
core   0: 3 0x8000e1b8 (0xff9ff06f)
core   0: 0x8000e1b0 (0x00002f17) auipc   t5, 0x2
core   0: 3 0x8000e1b0 (0x00002f17) x30 0x800101b0
core   0: 0x8000e1b4 (0xe43f2823) sw      gp, -432(t5)
core   0: 3 0x8000e1b4 (0xe43f2823) mem 0x80010000 0x00000001
core   0: 0x8000e1b8 (0xff9ff06f) j       pc - 0x8
core   0: 3 0x8000e1b8 (0xff9ff06f)
core   0: 0x8000e1b0 (0x00002f17) auipc   t5, 0x2
core   0: 3 0x8000e1b0 (0x00002f17) x30 0x800101b0
core   0: 0x8000e1b4 (0xe43f2823) sw      gp, -432(t5)
core   0: 3 0x8000e1b4 (0xe43f2823) mem 0x80010000 0x00000001
core   0: 0x8000e1b8 (0xff9ff06f) j       pc - 0x8
core   0: 3 0x8000e1b8 (0xff9ff06f)
core   0: 0x8000e1b0 (0x00002f17) auipc   t5, 0x2
core   0: 3 0x8000e1b0 (0x00002f17) x30 0x800101b0
core   0: 0x8000e1b4 (0xe43f2823) sw      gp, -432(t5)
core   0: 3 0x8000e1b4 (0xe43f2823) mem 0x80010000 0x00000001
core   0: 0x8000e1b8 (0xff9ff06f) j       pc - 0x8
core   0: 3 0x8000e1b8 (0xff9ff06f)
core   0: 0x8000e1b0 (0x00002f17) auipc   t5, 0x2
core   0: 3 0x8000e1b0 (0x00002f17) x30 0x800101b0
core   0: 0x8000e1b4 (0xe43f2823) sw      gp, -432(t5)
core   0: 3 0x8000e1b4 (0xe43f2823) mem 0x80010000 0x00000001
core   0: 0x8000e1b8 (0xff9ff06f) j       pc - 0x8
core   0: 3 0x8000e1b8 (0xff9ff06f)
core   0: 0x8000e1b0 (0x00002f17) auipc   t5, 0x2
core   0: 3 0x8000e1b0 (0x00002f17) x30 0x800101b0
core   0: 0x8000e1b4 (0xe43f2823) sw      gp, -432(t5)
core   0: 3 0x8000e1b4 (0xe43f2823) mem 0x80010000 0x00000001
core   0: 0x8000e1b8 (0xff9ff06f) j       pc - 0x8
core   0: 3 0x8000e1b8 (0xff9ff06f)
core   0: 0x8000e1b0 (0x00002f17) auipc   t5, 0x2
core   0: 3 0x8000e1b0 (0x00002f17) x30 0x800101b0
core   0: 0x8000e1b4 (0xe43f2823) sw      gp, -432(t5)
core   0: 3 0x8000e1b4 (0xe43f2823) mem 0x80010000 0x00000001
core   0: 0x8000e1b8 (0xff9ff06f) j       pc - 0x8
core   0: 3 0x8000e1b8 (0xff9ff06f)
core   0: 0x8000e1b0 (0x00002f17) auipc   t5, 0x2
core   0: 3 0x8000e1b0 (0x00002f17) x30 0x800101b0
core   0: 0x8000e1b4 (0xe43f2823) sw      gp, -432(t5)
core   0: 3 0x8000e1b4 (0xe43f2823) mem 0x80010000 0x00000001
core   0: 0x8000e1b8 (0xff9ff06f) j       pc - 0x8
core   0: 3 0x8000e1b8 (0xff9ff06f)
core   0: 0x8000e1b0 (0x00002f17) auipc   t5, 0x2
core   0: 3 0x8000e1b0 (0x00002f17) x30 0x800101b0
core   0: 0x8000e1b4 (0xe43f2823) sw      gp, -432(t5)
core   0: 3 0x8000e1b4 (0xe43f2823) mem 0x80010000 0x00000001
core   0: 0x8000e1b8 (0xff9ff06f) j       pc - 0x8
core   0: 3 0x8000e1b8 (0xff9ff06f)
core   0: 0x8000e1b0 (0x00002f17) auipc   t5, 0x2
core   0: 3 0x8000e1b0 (0x00002f17) x30 0x800101b0
core   0: 0x8000e1b4 (0xe43f2823) sw      gp, -432(t5)
core   0: 3 0x8000e1b4 (0xe43f2823) mem 0x80010000 0x00000001
core   0: 0x8000e1b8 (0xff9ff06f) j       pc - 0x8
core   0: 3 0x8000e1b8 (0xff9ff06f)
core   0: 0x8000e1b0 (0x00002f17) auipc   t5, 0x2
core   0: 3 0x8000e1b0 (0x00002f17) x30 0x800101b0
core   0: 0x8000e1b4 (0xe43f2823) sw      gp, -432(t5)
core   0: 3 0x8000e1b4 (0xe43f2823) mem 0x80010000 0x00000001
core   0: 0x8000e1b8 (0xff9ff06f) j       pc - 0x8
core   0: 3 0x8000e1b8 (0xff9ff06f)
core   0: 0x8000e1b0 (0x00002f17) auipc   t5, 0x2
core   0: 3 0x8000e1b0 (0x00002f17) x30 0x800101b0
core   0: 0x8000e1b4 (0xe43f2823) sw      gp, -432(t5)
core   0: 3 0x8000e1b4 (0xe43f2823) mem 0x80010000 0x00000001
core   0: 0x8000e1b8 (0xff9ff06f) j       pc - 0x8
core   0: 3 0x8000e1b8 (0xff9ff06f)
core   0: 0x8000e1b0 (0x00002f17) auipc   t5, 0x2
core   0: 3 0x8000e1b0 (0x00002f17) x30 0x800101b0
core   0: 0x8000e1b4 (0xe43f2823) sw      gp, -432(t5)
core   0: 3 0x8000e1b4 (0xe43f2823) mem 0x80010000 0x00000001
core   0: 0x8000e1b8 (0xff9ff06f) j       pc - 0x8
core   0: 3 0x8000e1b8 (0xff9ff06f)
core   0: 0x8000e1b0 (0x00002f17) auipc   t5, 0x2
core   0: 3 0x8000e1b0 (0x00002f17) x30 0x800101b0
core   0: 0x8000e1b4 (0xe43f2823) sw      gp, -432(t5)
core   0: 3 0x8000e1b4 (0xe43f2823) mem 0x80010000 0x00000001
core   0: 0x8000e1b8 (0xff9ff06f) j       pc - 0x8
core   0: 3 0x8000e1b8 (0xff9ff06f)
core   0: 0x8000e1b0 (0x00002f17) auipc   t5, 0x2
core   0: 3 0x8000e1b0 (0x00002f17) x30 0x800101b0
core   0: 0x8000e1b4 (0xe43f2823) sw      gp, -432(t5)
core   0: 3 0x8000e1b4 (0xe43f2823) mem 0x80010000 0x00000001
core   0: 0x8000e1b8 (0xff9ff06f) j       pc - 0x8
core   0: 3 0x8000e1b8 (0xff9ff06f)
core   0: 0x8000e1b0 (0x00002f17) auipc   t5, 0x2
core   0: 3 0x8000e1b0 (0x00002f17) x30 0x800101b0
core   0: 0x8000e1b4 (0xe43f2823) sw      gp, -432(t5)
core   0: 3 0x8000e1b4 (0xe43f2823) mem 0x80010000 0x00000001
core   0: 0x8000e1b8 (0xff9ff06f) j       pc - 0x8
core   0: 3 0x8000e1b8 (0xff9ff06f)
core   0: 0x8000e1b0 (0x00002f17) auipc   t5, 0x2
core   0: 3 0x8000e1b0 (0x00002f17) x30 0x800101b0
core   0: 0x8000e1b4 (0xe43f2823) sw      gp, -432(t5)
core   0: 3 0x8000e1b4 (0xe43f2823) mem 0x80010000 0x00000001
core   0: 0x8000e1b8 (0xff9ff06f) j       pc - 0x8
core   0: 3 0x8000e1b8 (0xff9ff06f)
core   0: 0x8000e1b0 (0x00002f17) auipc   t5, 0x2
core   0: 3 0x8000e1b0 (0x00002f17) x30 0x800101b0
core   0: 0x8000e1b4 (0xe43f2823) sw      gp, -432(t5)
core   0: 3 0x8000e1b4 (0xe43f2823) mem 0x80010000 0x00000001
core   0: 0x8000e1b8 (0xff9ff06f) j       pc - 0x8
core   0: 3 0x8000e1b8 (0xff9ff06f)
core   0: 0x8000e1b0 (0x00002f17) auipc   t5, 0x2
core   0: 3 0x8000e1b0 (0x00002f17) x30 0x800101b0
core   0: 0x8000e1b4 (0xe43f2823) sw      gp, -432(t5)
core   0: 3 0x8000e1b4 (0xe43f2823) mem 0x80010000 0x00000001
core   0: 0x8000e1b8 (0xff9ff06f) j       pc - 0x8
core   0: 3 0x8000e1b8 (0xff9ff06f)
core   0: 0x8000e1b0 (0x00002f17) auipc   t5, 0x2
core   0: 3 0x8000e1b0 (0x00002f17) x30 0x800101b0
core   0: 0x8000e1b4 (0xe43f2823) sw      gp, -432(t5)
core   0: 3 0x8000e1b4 (0xe43f2823) mem 0x80010000 0x00000001
core   0: 0x8000e1b8 (0xff9ff06f) j       pc - 0x8
core   0: 3 0x8000e1b8 (0xff9ff06f)
core   0: 0x8000e1b0 (0x00002f17) auipc   t5, 0x2
core   0: 3 0x8000e1b0 (0x00002f17) x30 0x800101b0
core   0: 0x8000e1b4 (0xe43f2823) sw      gp, -432(t5)
core   0: 3 0x8000e1b4 (0xe43f2823) mem 0x80010000 0x00000001
core   0: 0x8000e1b8 (0xff9ff06f) j       pc - 0x8
core   0: 3 0x8000e1b8 (0xff9ff06f)
core   0: 0x8000e1b0 (0x00002f17) auipc   t5, 0x2
core   0: 3 0x8000e1b0 (0x00002f17) x30 0x800101b0
core   0: 0x8000e1b4 (0xe43f2823) sw      gp, -432(t5)
core   0: 3 0x8000e1b4 (0xe43f2823) mem 0x80010000 0x00000001
core   0: 0x8000e1b8 (0xff9ff06f) j       pc - 0x8
core   0: 3 0x8000e1b8 (0xff9ff06f)
core   0: 0x8000e1b0 (0x00002f17) auipc   t5, 0x2
core   0: 3 0x8000e1b0 (0x00002f17) x30 0x800101b0
core   0: 0x8000e1b4 (0xe43f2823) sw      gp, -432(t5)
core   0: 3 0x8000e1b4 (0xe43f2823) mem 0x80010000 0x00000001
core   0: 0x8000e1b8 (0xff9ff06f) j       pc - 0x8
core   0: 3 0x8000e1b8 (0xff9ff06f)
core   0: 0x8000e1b0 (0x00002f17) auipc   t5, 0x2
core   0: 3 0x8000e1b0 (0x00002f17) x30 0x800101b0
core   0: 0x8000e1b4 (0xe43f2823) sw      gp, -432(t5)
core   0: 3 0x8000e1b4 (0xe43f2823) mem 0x80010000 0x00000001
core   0: 0x8000e1b8 (0xff9ff06f) j       pc - 0x8
core   0: 3 0x8000e1b8 (0xff9ff06f)
core   0: 0x8000e1b0 (0x00002f17) auipc   t5, 0x2
core   0: 3 0x8000e1b0 (0x00002f17) x30 0x800101b0
core   0: 0x8000e1b4 (0xe43f2823) sw      gp, -432(t5)
core   0: 3 0x8000e1b4 (0xe43f2823) mem 0x80010000 0x00000001
core   0: 0x8000e1b8 (0xff9ff06f) j       pc - 0x8
core   0: 3 0x8000e1b8 (0xff9ff06f)
core   0: 0x8000e1b0 (0x00002f17) auipc   t5, 0x2
core   0: 3 0x8000e1b0 (0x00002f17) x30 0x800101b0
core   0: 0x8000e1b4 (0xe43f2823) sw      gp, -432(t5)
core   0: 3 0x8000e1b4 (0xe43f2823) mem 0x80010000 0x00000001
core   0: 0x8000e1b8 (0xff9ff06f) j       pc - 0x8
core   0: 3 0x8000e1b8 (0xff9ff06f)
core   0: 0x8000e1b0 (0x00002f17) auipc   t5, 0x2
core   0: 3 0x8000e1b0 (0x00002f17) x30 0x800101b0
core   0: 0x8000e1b4 (0xe43f2823) sw      gp, -432(t5)
core   0: 3 0x8000e1b4 (0xe43f2823) mem 0x80010000 0x00000001
core   0: 0x8000e1b8 (0xff9ff06f) j       pc - 0x8
core   0: 3 0x8000e1b8 (0xff9ff06f)
core   0: 0x8000e1b0 (0x00002f17) auipc   t5, 0x2
core   0: 3 0x8000e1b0 (0x00002f17) x30 0x800101b0
core   0: 0x8000e1b4 (0xe43f2823) sw      gp, -432(t5)
core   0: 3 0x8000e1b4 (0xe43f2823) mem 0x80010000 0x00000001
core   0: 0x8000e1b8 (0xff9ff06f) j       pc - 0x8
core   0: 3 0x8000e1b8 (0xff9ff06f)
core   0: 0x8000e1b0 (0x00002f17) auipc   t5, 0x2
core   0: 3 0x8000e1b0 (0x00002f17) x30 0x800101b0
core   0: 0x8000e1b4 (0xe43f2823) sw      gp, -432(t5)
core   0: 3 0x8000e1b4 (0xe43f2823) mem 0x80010000 0x00000001
core   0: 0x8000e1b8 (0xff9ff06f) j       pc - 0x8
core   0: 3 0x8000e1b8 (0xff9ff06f)
core   0: 0x8000e1b0 (0x00002f17) auipc   t5, 0x2
core   0: 3 0x8000e1b0 (0x00002f17) x30 0x800101b0
core   0: 0x8000e1b4 (0xe43f2823) sw      gp, -432(t5)
core   0: 3 0x8000e1b4 (0xe43f2823) mem 0x80010000 0x00000001
core   0: 0x8000e1b8 (0xff9ff06f) j       pc - 0x8
core   0: 3 0x8000e1b8 (0xff9ff06f)
core   0: 0x8000e1b0 (0x00002f17) auipc   t5, 0x2
core   0: 3 0x8000e1b0 (0x00002f17) x30 0x800101b0
core   0: 0x8000e1b4 (0xe43f2823) sw      gp, -432(t5)
core   0: 3 0x8000e1b4 (0xe43f2823) mem 0x80010000 0x00000001
core   0: 0x8000e1b8 (0xff9ff06f) j       pc - 0x8
core   0: 3 0x8000e1b8 (0xff9ff06f)
core   0: 0x8000e1b0 (0x00002f17) auipc   t5, 0x2
core   0: 3 0x8000e1b0 (0x00002f17) x30 0x800101b0
core   0: 0x8000e1b4 (0xe43f2823) sw      gp, -432(t5)
core   0: 3 0x8000e1b4 (0xe43f2823) mem 0x80010000 0x00000001
core   0: 0x8000e1b8 (0xff9ff06f) j       pc - 0x8
core   0: 3 0x8000e1b8 (0xff9ff06f)
core   0: 0x8000e1b0 (0x00002f17) auipc   t5, 0x2
core   0: 3 0x8000e1b0 (0x00002f17) x30 0x800101b0
core   0: 0x8000e1b4 (0xe43f2823) sw      gp, -432(t5)
core   0: 3 0x8000e1b4 (0xe43f2823) mem 0x80010000 0x00000001
core   0: 0x8000e1b8 (0xff9ff06f) j       pc - 0x8
core   0: 3 0x8000e1b8 (0xff9ff06f)
core   0: 0x8000e1b0 (0x00002f17) auipc   t5, 0x2
core   0: 3 0x8000e1b0 (0x00002f17) x30 0x800101b0
core   0: 0x8000e1b4 (0xe43f2823) sw      gp, -432(t5)
core   0: 3 0x8000e1b4 (0xe43f2823) mem 0x80010000 0x00000001
core   0: 0x8000e1b8 (0xff9ff06f) j       pc - 0x8
core   0: 3 0x8000e1b8 (0xff9ff06f)
core   0: 0x8000e1b0 (0x00002f17) auipc   t5, 0x2
core   0: 3 0x8000e1b0 (0x00002f17) x30 0x800101b0
core   0: 0x8000e1b4 (0xe43f2823) sw      gp, -432(t5)
core   0: 3 0x8000e1b4 (0xe43f2823) mem 0x80010000 0x00000001
core   0: 0x8000e1b8 (0xff9ff06f) j       pc - 0x8
core   0: 3 0x8000e1b8 (0xff9ff06f)
core   0: 0x8000e1b0 (0x00002f17) auipc   t5, 0x2
core   0: 3 0x8000e1b0 (0x00002f17) x30 0x800101b0
core   0: 0x8000e1b4 (0xe43f2823) sw      gp, -432(t5)
core   0: 3 0x8000e1b4 (0xe43f2823) mem 0x80010000 0x00000001
core   0: 0x8000e1b8 (0xff9ff06f) j       pc - 0x8
core   0: 3 0x8000e1b8 (0xff9ff06f)
core   0: 0x8000e1b0 (0x00002f17) auipc   t5, 0x2
core   0: 3 0x8000e1b0 (0x00002f17) x30 0x800101b0
core   0: 0x8000e1b4 (0xe43f2823) sw      gp, -432(t5)
core   0: 3 0x8000e1b4 (0xe43f2823) mem 0x80010000 0x00000001
core   0: 0x8000e1b8 (0xff9ff06f) j       pc - 0x8
core   0: 3 0x8000e1b8 (0xff9ff06f)
core   0: 0x8000e1b0 (0x00002f17) auipc   t5, 0x2
core   0: 3 0x8000e1b0 (0x00002f17) x30 0x800101b0
core   0: 0x8000e1b4 (0xe43f2823) sw      gp, -432(t5)
core   0: 3 0x8000e1b4 (0xe43f2823) mem 0x80010000 0x00000001
core   0: 0x8000e1b8 (0xff9ff06f) j       pc - 0x8
core   0: 3 0x8000e1b8 (0xff9ff06f)
core   0: 0x8000e1b0 (0x00002f17) auipc   t5, 0x2
core   0: 3 0x8000e1b0 (0x00002f17) x30 0x800101b0
core   0: 0x8000e1b4 (0xe43f2823) sw      gp, -432(t5)
core   0: 3 0x8000e1b4 (0xe43f2823) mem 0x80010000 0x00000001
core   0: 0x8000e1b8 (0xff9ff06f) j       pc - 0x8
core   0: 3 0x8000e1b8 (0xff9ff06f)
core   0: 0x8000e1b0 (0x00002f17) auipc   t5, 0x2
core   0: 3 0x8000e1b0 (0x00002f17) x30 0x800101b0
core   0: 0x8000e1b4 (0xe43f2823) sw      gp, -432(t5)
core   0: 3 0x8000e1b4 (0xe43f2823) mem 0x80010000 0x00000001
core   0: 0x8000e1b8 (0xff9ff06f) j       pc - 0x8
core   0: 3 0x8000e1b8 (0xff9ff06f)
core   0: 0x8000e1b0 (0x00002f17) auipc   t5, 0x2
core   0: 3 0x8000e1b0 (0x00002f17) x30 0x800101b0
core   0: 0x8000e1b4 (0xe43f2823) sw      gp, -432(t5)
core   0: 3 0x8000e1b4 (0xe43f2823) mem 0x80010000 0x00000001
core   0: 0x8000e1b8 (0xff9ff06f) j       pc - 0x8
core   0: 3 0x8000e1b8 (0xff9ff06f)
core   0: 0x8000e1b0 (0x00002f17) auipc   t5, 0x2
core   0: 3 0x8000e1b0 (0x00002f17) x30 0x800101b0
core   0: 0x8000e1b4 (0xe43f2823) sw      gp, -432(t5)
core   0: 3 0x8000e1b4 (0xe43f2823) mem 0x80010000 0x00000001
core   0: 0x8000e1b8 (0xff9ff06f) j       pc - 0x8
core   0: 3 0x8000e1b8 (0xff9ff06f)
core   0: 0x8000e1b0 (0x00002f17) auipc   t5, 0x2
core   0: 3 0x8000e1b0 (0x00002f17) x30 0x800101b0
core   0: 0x8000e1b4 (0xe43f2823) sw      gp, -432(t5)
core   0: 3 0x8000e1b4 (0xe43f2823) mem 0x80010000 0x00000001
core   0: 0x8000e1b8 (0xff9ff06f) j       pc - 0x8
core   0: 3 0x8000e1b8 (0xff9ff06f)
core   0: 0x8000e1b0 (0x00002f17) auipc   t5, 0x2
core   0: 3 0x8000e1b0 (0x00002f17) x30 0x800101b0
core   0: 0x8000e1b4 (0xe43f2823) sw      gp, -432(t5)
core   0: 3 0x8000e1b4 (0xe43f2823) mem 0x80010000 0x00000001
core   0: 0x8000e1b8 (0xff9ff06f) j       pc - 0x8
core   0: 3 0x8000e1b8 (0xff9ff06f)
core   0: 0x8000e1b0 (0x00002f17) auipc   t5, 0x2
core   0: 3 0x8000e1b0 (0x00002f17) x30 0x800101b0
core   0: 0x8000e1b4 (0xe43f2823) sw      gp, -432(t5)
core   0: 3 0x8000e1b4 (0xe43f2823) mem 0x80010000 0x00000001
core   0: 0x8000e1b8 (0xff9ff06f) j       pc - 0x8
core   0: 3 0x8000e1b8 (0xff9ff06f)
core   0: 0x8000e1b0 (0x00002f17) auipc   t5, 0x2
core   0: 3 0x8000e1b0 (0x00002f17) x30 0x800101b0
core   0: 0x8000e1b4 (0xe43f2823) sw      gp, -432(t5)
core   0: 3 0x8000e1b4 (0xe43f2823) mem 0x80010000 0x00000001
core   0: 0x8000e1b8 (0xff9ff06f) j       pc - 0x8
core   0: 3 0x8000e1b8 (0xff9ff06f)
core   0: 0x8000e1b0 (0x00002f17) auipc   t5, 0x2
core   0: 3 0x8000e1b0 (0x00002f17) x30 0x800101b0
core   0: 0x8000e1b4 (0xe43f2823) sw      gp, -432(t5)
core   0: 3 0x8000e1b4 (0xe43f2823) mem 0x80010000 0x00000001
core   0: 0x8000e1b8 (0xff9ff06f) j       pc - 0x8
core   0: 3 0x8000e1b8 (0xff9ff06f)
core   0: 0x8000e1b0 (0x00002f17) auipc   t5, 0x2
core   0: 3 0x8000e1b0 (0x00002f17) x30 0x800101b0
core   0: 0x8000e1b4 (0xe43f2823) sw      gp, -432(t5)
core   0: 3 0x8000e1b4 (0xe43f2823) mem 0x80010000 0x00000001
core   0: 0x8000e1b8 (0xff9ff06f) j       pc - 0x8
core   0: 3 0x8000e1b8 (0xff9ff06f)
core   0: 0x8000e1b0 (0x00002f17) auipc   t5, 0x2
core   0: 3 0x8000e1b0 (0x00002f17) x30 0x800101b0
core   0: 0x8000e1b4 (0xe43f2823) sw      gp, -432(t5)
core   0: 3 0x8000e1b4 (0xe43f2823) mem 0x80010000 0x00000001
core   0: 0x8000e1b8 (0xff9ff06f) j       pc - 0x8
core   0: 3 0x8000e1b8 (0xff9ff06f)
core   0: 0x8000e1b0 (0x00002f17) auipc   t5, 0x2
core   0: 3 0x8000e1b0 (0x00002f17) x30 0x800101b0
core   0: 0x8000e1b4 (0xe43f2823) sw      gp, -432(t5)
core   0: 3 0x8000e1b4 (0xe43f2823) mem 0x80010000 0x00000001
core   0: 0x8000e1b8 (0xff9ff06f) j       pc - 0x8
core   0: 3 0x8000e1b8 (0xff9ff06f)
core   0: 0x8000e1b0 (0x00002f17) auipc   t5, 0x2
core   0: 3 0x8000e1b0 (0x00002f17) x30 0x800101b0
core   0: 0x8000e1b4 (0xe43f2823) sw      gp, -432(t5)
core   0: 3 0x8000e1b4 (0xe43f2823) mem 0x80010000 0x00000001
core   0: 0x8000e1b8 (0xff9ff06f) j       pc - 0x8
core   0: 3 0x8000e1b8 (0xff9ff06f)
core   0: 0x8000e1b0 (0x00002f17) auipc   t5, 0x2
core   0: 3 0x8000e1b0 (0x00002f17) x30 0x800101b0
core   0: 0x8000e1b4 (0xe43f2823) sw      gp, -432(t5)
core   0: 3 0x8000e1b4 (0xe43f2823) mem 0x80010000 0x00000001
core   0: 0x8000e1b8 (0xff9ff06f) j       pc - 0x8
core   0: 3 0x8000e1b8 (0xff9ff06f)
core   0: 0x8000e1b0 (0x00002f17) auipc   t5, 0x2
core   0: 3 0x8000e1b0 (0x00002f17) x30 0x800101b0
core   0: 0x8000e1b4 (0xe43f2823) sw      gp, -432(t5)
core   0: 3 0x8000e1b4 (0xe43f2823) mem 0x80010000 0x00000001
core   0: 0x8000e1b8 (0xff9ff06f) j       pc - 0x8
core   0: 3 0x8000e1b8 (0xff9ff06f)
core   0: 0x8000e1b0 (0x00002f17) auipc   t5, 0x2
core   0: 3 0x8000e1b0 (0x00002f17) x30 0x800101b0
core   0: 0x8000e1b4 (0xe43f2823) sw      gp, -432(t5)
core   0: 3 0x8000e1b4 (0xe43f2823) mem 0x80010000 0x00000001
core   0: 0x8000e1b8 (0xff9ff06f) j       pc - 0x8
core   0: 3 0x8000e1b8 (0xff9ff06f)
core   0: 0x8000e1b0 (0x00002f17) auipc   t5, 0x2
core   0: 3 0x8000e1b0 (0x00002f17) x30 0x800101b0
core   0: 0x8000e1b4 (0xe43f2823) sw      gp, -432(t5)
core   0: 3 0x8000e1b4 (0xe43f2823) mem 0x80010000 0x00000001
core   0: 0x8000e1b8 (0xff9ff06f) j       pc - 0x8
core   0: 3 0x8000e1b8 (0xff9ff06f)
core   0: 0x8000e1b0 (0x00002f17) auipc   t5, 0x2
core   0: 3 0x8000e1b0 (0x00002f17) x30 0x800101b0
core   0: 0x8000e1b4 (0xe43f2823) sw      gp, -432(t5)
core   0: 3 0x8000e1b4 (0xe43f2823) mem 0x80010000 0x00000001
core   0: 0x8000e1b8 (0xff9ff06f) j       pc - 0x8
core   0: 3 0x8000e1b8 (0xff9ff06f)
core   0: 0x8000e1b0 (0x00002f17) auipc   t5, 0x2
core   0: 3 0x8000e1b0 (0x00002f17) x30 0x800101b0
core   0: 0x8000e1b4 (0xe43f2823) sw      gp, -432(t5)
core   0: 3 0x8000e1b4 (0xe43f2823) mem 0x80010000 0x00000001
core   0: 0x8000e1b8 (0xff9ff06f) j       pc - 0x8
core   0: 3 0x8000e1b8 (0xff9ff06f)
core   0: 0x8000e1b0 (0x00002f17) auipc   t5, 0x2
core   0: 3 0x8000e1b0 (0x00002f17) x30 0x800101b0
core   0: 0x8000e1b4 (0xe43f2823) sw      gp, -432(t5)
core   0: 3 0x8000e1b4 (0xe43f2823) mem 0x80010000 0x00000001
core   0: 0x8000e1b8 (0xff9ff06f) j       pc - 0x8
core   0: 3 0x8000e1b8 (0xff9ff06f)
core   0: 0x8000e1b0 (0x00002f17) auipc   t5, 0x2
core   0: 3 0x8000e1b0 (0x00002f17) x30 0x800101b0
core   0: 0x8000e1b4 (0xe43f2823) sw      gp, -432(t5)
core   0: 3 0x8000e1b4 (0xe43f2823) mem 0x80010000 0x00000001
core   0: 0x8000e1b8 (0xff9ff06f) j       pc - 0x8
core   0: 3 0x8000e1b8 (0xff9ff06f)
core   0: 0x8000e1b0 (0x00002f17) auipc   t5, 0x2
core   0: 3 0x8000e1b0 (0x00002f17) x30 0x800101b0
core   0: 0x8000e1b4 (0xe43f2823) sw      gp, -432(t5)
core   0: 3 0x8000e1b4 (0xe43f2823) mem 0x80010000 0x00000001
core   0: 0x8000e1b8 (0xff9ff06f) j       pc - 0x8
core   0: 3 0x8000e1b8 (0xff9ff06f)
core   0: 0x8000e1b0 (0x00002f17) auipc   t5, 0x2
core   0: 3 0x8000e1b0 (0x00002f17) x30 0x800101b0
core   0: 0x8000e1b4 (0xe43f2823) sw      gp, -432(t5)
core   0: 3 0x8000e1b4 (0xe43f2823) mem 0x80010000 0x00000001
core   0: 0x8000e1b8 (0xff9ff06f) j       pc - 0x8
core   0: 3 0x8000e1b8 (0xff9ff06f)
core   0: 0x8000e1b0 (0x00002f17) auipc   t5, 0x2
core   0: 3 0x8000e1b0 (0x00002f17) x30 0x800101b0
core   0: 0x8000e1b4 (0xe43f2823) sw      gp, -432(t5)
core   0: 3 0x8000e1b4 (0xe43f2823) mem 0x80010000 0x00000001
core   0: 0x8000e1b8 (0xff9ff06f) j       pc - 0x8
core   0: 3 0x8000e1b8 (0xff9ff06f)
core   0: 0x8000e1b0 (0x00002f17) auipc   t5, 0x2
core   0: 3 0x8000e1b0 (0x00002f17) x30 0x800101b0
core   0: 0x8000e1b4 (0xe43f2823) sw      gp, -432(t5)
core   0: 3 0x8000e1b4 (0xe43f2823) mem 0x80010000 0x00000001
core   0: 0x8000e1b8 (0xff9ff06f) j       pc - 0x8
core   0: 3 0x8000e1b8 (0xff9ff06f)
core   0: 0x8000e1b0 (0x00002f17) auipc   t5, 0x2
core   0: 3 0x8000e1b0 (0x00002f17) x30 0x800101b0
core   0: 0x8000e1b4 (0xe43f2823) sw      gp, -432(t5)
core   0: 3 0x8000e1b4 (0xe43f2823) mem 0x80010000 0x00000001
core   0: 0x8000e1b8 (0xff9ff06f) j       pc - 0x8
core   0: 3 0x8000e1b8 (0xff9ff06f)
core   0: 0x8000e1b0 (0x00002f17) auipc   t5, 0x2
core   0: 3 0x8000e1b0 (0x00002f17) x30 0x800101b0
core   0: 0x8000e1b4 (0xe43f2823) sw      gp, -432(t5)
core   0: 3 0x8000e1b4 (0xe43f2823) mem 0x80010000 0x00000001
core   0: 0x8000e1b8 (0xff9ff06f) j       pc - 0x8
core   0: 3 0x8000e1b8 (0xff9ff06f)
core   0: 0x8000e1b0 (0x00002f17) auipc   t5, 0x2
core   0: 3 0x8000e1b0 (0x00002f17) x30 0x800101b0
core   0: 0x8000e1b4 (0xe43f2823) sw      gp, -432(t5)
core   0: 3 0x8000e1b4 (0xe43f2823) mem 0x80010000 0x00000001
core   0: 0x8000e1b8 (0xff9ff06f) j       pc - 0x8
core   0: 3 0x8000e1b8 (0xff9ff06f)
core   0: 0x8000e1b0 (0x00002f17) auipc   t5, 0x2
core   0: 3 0x8000e1b0 (0x00002f17) x30 0x800101b0
core   0: 0x8000e1b4 (0xe43f2823) sw      gp, -432(t5)
core   0: 3 0x8000e1b4 (0xe43f2823) mem 0x80010000 0x00000001
core   0: 0x8000e1b8 (0xff9ff06f) j       pc - 0x8
core   0: 3 0x8000e1b8 (0xff9ff06f)
core   0: 0x8000e1b0 (0x00002f17) auipc   t5, 0x2
core   0: 3 0x8000e1b0 (0x00002f17) x30 0x800101b0
core   0: 0x8000e1b4 (0xe43f2823) sw      gp, -432(t5)
core   0: 3 0x8000e1b4 (0xe43f2823) mem 0x80010000 0x00000001
core   0: 0x8000e1b8 (0xff9ff06f) j       pc - 0x8
core   0: 3 0x8000e1b8 (0xff9ff06f)
core   0: 0x8000e1b0 (0x00002f17) auipc   t5, 0x2
core   0: 3 0x8000e1b0 (0x00002f17) x30 0x800101b0
core   0: 0x8000e1b4 (0xe43f2823) sw      gp, -432(t5)
core   0: 3 0x8000e1b4 (0xe43f2823) mem 0x80010000 0x00000001
core   0: 0x8000e1b8 (0xff9ff06f) j       pc - 0x8
core   0: 3 0x8000e1b8 (0xff9ff06f)
core   0: 0x8000e1b0 (0x00002f17) auipc   t5, 0x2
core   0: 3 0x8000e1b0 (0x00002f17) x30 0x800101b0
core   0: 0x8000e1b4 (0xe43f2823) sw      gp, -432(t5)
core   0: 3 0x8000e1b4 (0xe43f2823) mem 0x80010000 0x00000001
core   0: 0x8000e1b8 (0xff9ff06f) j       pc - 0x8
core   0: 3 0x8000e1b8 (0xff9ff06f)
core   0: 0x8000e1b0 (0x00002f17) auipc   t5, 0x2
core   0: 3 0x8000e1b0 (0x00002f17) x30 0x800101b0
core   0: 0x8000e1b4 (0xe43f2823) sw      gp, -432(t5)
core   0: 3 0x8000e1b4 (0xe43f2823) mem 0x80010000 0x00000001
core   0: 0x8000e1b8 (0xff9ff06f) j       pc - 0x8
core   0: 3 0x8000e1b8 (0xff9ff06f)
core   0: 0x8000e1b0 (0x00002f17) auipc   t5, 0x2
core   0: 3 0x8000e1b0 (0x00002f17) x30 0x800101b0
core   0: 0x8000e1b4 (0xe43f2823) sw      gp, -432(t5)
core   0: 3 0x8000e1b4 (0xe43f2823) mem 0x80010000 0x00000001
core   0: 0x8000e1b8 (0xff9ff06f) j       pc - 0x8
core   0: 3 0x8000e1b8 (0xff9ff06f)
core   0: 0x8000e1b0 (0x00002f17) auipc   t5, 0x2
core   0: 3 0x8000e1b0 (0x00002f17) x30 0x800101b0
core   0: 0x8000e1b4 (0xe43f2823) sw      gp, -432(t5)
core   0: 3 0x8000e1b4 (0xe43f2823) mem 0x80010000 0x00000001
core   0: 0x8000e1b8 (0xff9ff06f) j       pc - 0x8
core   0: 3 0x8000e1b8 (0xff9ff06f)
core   0: 0x8000e1b0 (0x00002f17) auipc   t5, 0x2
core   0: 3 0x8000e1b0 (0x00002f17) x30 0x800101b0
core   0: 0x8000e1b4 (0xe43f2823) sw      gp, -432(t5)
core   0: 3 0x8000e1b4 (0xe43f2823) mem 0x80010000 0x00000001
core   0: 0x8000e1b8 (0xff9ff06f) j       pc - 0x8
core   0: 3 0x8000e1b8 (0xff9ff06f)
core   0: 0x8000e1b0 (0x00002f17) auipc   t5, 0x2
core   0: 3 0x8000e1b0 (0x00002f17) x30 0x800101b0
core   0: 0x8000e1b4 (0xe43f2823) sw      gp, -432(t5)
core   0: 3 0x8000e1b4 (0xe43f2823) mem 0x80010000 0x00000001
core   0: 0x8000e1b8 (0xff9ff06f) j       pc - 0x8
core   0: 3 0x8000e1b8 (0xff9ff06f)
core   0: 0x8000e1b0 (0x00002f17) auipc   t5, 0x2
core   0: 3 0x8000e1b0 (0x00002f17) x30 0x800101b0
core   0: 0x8000e1b4 (0xe43f2823) sw      gp, -432(t5)
core   0: 3 0x8000e1b4 (0xe43f2823) mem 0x80010000 0x00000001
core   0: 0x8000e1b8 (0xff9ff06f) j       pc - 0x8
core   0: 3 0x8000e1b8 (0xff9ff06f)
core   0: 0x8000e1b0 (0x00002f17) auipc   t5, 0x2
core   0: 3 0x8000e1b0 (0x00002f17) x30 0x800101b0
core   0: 0x8000e1b4 (0xe43f2823) sw      gp, -432(t5)
core   0: 3 0x8000e1b4 (0xe43f2823) mem 0x80010000 0x00000001
core   0: 0x8000e1b8 (0xff9ff06f) j       pc - 0x8
core   0: 3 0x8000e1b8 (0xff9ff06f)
core   0: 0x8000e1b0 (0x00002f17) auipc   t5, 0x2
core   0: 3 0x8000e1b0 (0x00002f17) x30 0x800101b0
core   0: 0x8000e1b4 (0xe43f2823) sw      gp, -432(t5)
core   0: 3 0x8000e1b4 (0xe43f2823) mem 0x80010000 0x00000001
core   0: 0x8000e1b8 (0xff9ff06f) j       pc - 0x8
core   0: 3 0x8000e1b8 (0xff9ff06f)
core   0: 0x8000e1b0 (0x00002f17) auipc   t5, 0x2
core   0: 3 0x8000e1b0 (0x00002f17) x30 0x800101b0
core   0: 0x8000e1b4 (0xe43f2823) sw      gp, -432(t5)
core   0: 3 0x8000e1b4 (0xe43f2823) mem 0x80010000 0x00000001
core   0: 0x8000e1b8 (0xff9ff06f) j       pc - 0x8
core   0: 3 0x8000e1b8 (0xff9ff06f)
core   0: 0x8000e1b0 (0x00002f17) auipc   t5, 0x2
core   0: 3 0x8000e1b0 (0x00002f17) x30 0x800101b0
core   0: 0x8000e1b4 (0xe43f2823) sw      gp, -432(t5)
core   0: 3 0x8000e1b4 (0xe43f2823) mem 0x80010000 0x00000001
core   0: 0x8000e1b8 (0xff9ff06f) j       pc - 0x8
core   0: 3 0x8000e1b8 (0xff9ff06f)
core   0: 0x8000e1b0 (0x00002f17) auipc   t5, 0x2
core   0: 3 0x8000e1b0 (0x00002f17) x30 0x800101b0
core   0: 0x8000e1b4 (0xe43f2823) sw      gp, -432(t5)
core   0: 3 0x8000e1b4 (0xe43f2823) mem 0x80010000 0x00000001
core   0: 0x8000e1b8 (0xff9ff06f) j       pc - 0x8
core   0: 3 0x8000e1b8 (0xff9ff06f)
core   0: 0x8000e1b0 (0x00002f17) auipc   t5, 0x2
core   0: 3 0x8000e1b0 (0x00002f17) x30 0x800101b0
core   0: 0x8000e1b4 (0xe43f2823) sw      gp, -432(t5)
core   0: 3 0x8000e1b4 (0xe43f2823) mem 0x80010000 0x00000001
core   0: 0x8000e1b8 (0xff9ff06f) j       pc - 0x8
core   0: 3 0x8000e1b8 (0xff9ff06f)
core   0: 0x8000e1b0 (0x00002f17) auipc   t5, 0x2
core   0: 3 0x8000e1b0 (0x00002f17) x30 0x800101b0
core   0: 0x8000e1b4 (0xe43f2823) sw      gp, -432(t5)
core   0: 3 0x8000e1b4 (0xe43f2823) mem 0x80010000 0x00000001
core   0: 0x8000e1b8 (0xff9ff06f) j       pc - 0x8
core   0: 3 0x8000e1b8 (0xff9ff06f)
core   0: 0x8000e1b0 (0x00002f17) auipc   t5, 0x2
core   0: 3 0x8000e1b0 (0x00002f17) x30 0x800101b0
core   0: 0x8000e1b4 (0xe43f2823) sw      gp, -432(t5)
core   0: 3 0x8000e1b4 (0xe43f2823) mem 0x80010000 0x00000001
core   0: 0x8000e1b8 (0xff9ff06f) j       pc - 0x8
core   0: 3 0x8000e1b8 (0xff9ff06f)
core   0: 0x8000e1b0 (0x00002f17) auipc   t5, 0x2
core   0: 3 0x8000e1b0 (0x00002f17) x30 0x800101b0
core   0: 0x8000e1b4 (0xe43f2823) sw      gp, -432(t5)
core   0: 3 0x8000e1b4 (0xe43f2823) mem 0x80010000 0x00000001
core   0: 0x8000e1b8 (0xff9ff06f) j       pc - 0x8
core   0: 3 0x8000e1b8 (0xff9ff06f)
core   0: 0x8000e1b0 (0x00002f17) auipc   t5, 0x2
core   0: 3 0x8000e1b0 (0x00002f17) x30 0x800101b0
core   0: 0x8000e1b4 (0xe43f2823) sw      gp, -432(t5)
core   0: 3 0x8000e1b4 (0xe43f2823) mem 0x80010000 0x00000001
core   0: 0x8000e1b8 (0xff9ff06f) j       pc - 0x8
core   0: 3 0x8000e1b8 (0xff9ff06f)
core   0: 0x8000e1b0 (0x00002f17) auipc   t5, 0x2
core   0: 3 0x8000e1b0 (0x00002f17) x30 0x800101b0
core   0: 0x8000e1b4 (0xe43f2823) sw      gp, -432(t5)
core   0: 3 0x8000e1b4 (0xe43f2823) mem 0x80010000 0x00000001
core   0: 0x8000e1b8 (0xff9ff06f) j       pc - 0x8
core   0: 3 0x8000e1b8 (0xff9ff06f)
core   0: 0x8000e1b0 (0x00002f17) auipc   t5, 0x2
core   0: 3 0x8000e1b0 (0x00002f17) x30 0x800101b0
core   0: 0x8000e1b4 (0xe43f2823) sw      gp, -432(t5)
core   0: 3 0x8000e1b4 (0xe43f2823) mem 0x80010000 0x00000001
core   0: 0x8000e1b8 (0xff9ff06f) j       pc - 0x8
core   0: 3 0x8000e1b8 (0xff9ff06f)
core   0: 0x8000e1b0 (0x00002f17) auipc   t5, 0x2
core   0: 3 0x8000e1b0 (0x00002f17) x30 0x800101b0
core   0: 0x8000e1b4 (0xe43f2823) sw      gp, -432(t5)
core   0: 3 0x8000e1b4 (0xe43f2823) mem 0x80010000 0x00000001
core   0: 0x8000e1b8 (0xff9ff06f) j       pc - 0x8
core   0: 3 0x8000e1b8 (0xff9ff06f)
core   0: 0x8000e1b0 (0x00002f17) auipc   t5, 0x2
core   0: 3 0x8000e1b0 (0x00002f17) x30 0x800101b0
core   0: 0x8000e1b4 (0xe43f2823) sw      gp, -432(t5)
core   0: 3 0x8000e1b4 (0xe43f2823) mem 0x80010000 0x00000001
core   0: 0x8000e1b8 (0xff9ff06f) j       pc - 0x8
core   0: 3 0x8000e1b8 (0xff9ff06f)
core   0: 0x8000e1b0 (0x00002f17) auipc   t5, 0x2
core   0: 3 0x8000e1b0 (0x00002f17) x30 0x800101b0
core   0: 0x8000e1b4 (0xe43f2823) sw      gp, -432(t5)
core   0: 3 0x8000e1b4 (0xe43f2823) mem 0x80010000 0x00000001
core   0: 0x8000e1b8 (0xff9ff06f) j       pc - 0x8
core   0: 3 0x8000e1b8 (0xff9ff06f)
core   0: 0x8000e1b0 (0x00002f17) auipc   t5, 0x2
core   0: 3 0x8000e1b0 (0x00002f17) x30 0x800101b0
core   0: 0x8000e1b4 (0xe43f2823) sw      gp, -432(t5)
core   0: 3 0x8000e1b4 (0xe43f2823) mem 0x80010000 0x00000001
core   0: 0x8000e1b8 (0xff9ff06f) j       pc - 0x8
core   0: 3 0x8000e1b8 (0xff9ff06f)
core   0: 0x8000e1b0 (0x00002f17) auipc   t5, 0x2
core   0: 3 0x8000e1b0 (0x00002f17) x30 0x800101b0
core   0: 0x8000e1b4 (0xe43f2823) sw      gp, -432(t5)
core   0: 3 0x8000e1b4 (0xe43f2823) mem 0x80010000 0x00000001
core   0: 0x8000e1b8 (0xff9ff06f) j       pc - 0x8
core   0: 3 0x8000e1b8 (0xff9ff06f)
core   0: 0x8000e1b0 (0x00002f17) auipc   t5, 0x2
core   0: 3 0x8000e1b0 (0x00002f17) x30 0x800101b0
core   0: 0x8000e1b4 (0xe43f2823) sw      gp, -432(t5)
core   0: 3 0x8000e1b4 (0xe43f2823) mem 0x80010000 0x00000001
core   0: 0x8000e1b8 (0xff9ff06f) j       pc - 0x8
core   0: 3 0x8000e1b8 (0xff9ff06f)
core   0: 0x8000e1b0 (0x00002f17) auipc   t5, 0x2
core   0: 3 0x8000e1b0 (0x00002f17) x30 0x800101b0
core   0: 0x8000e1b4 (0xe43f2823) sw      gp, -432(t5)
core   0: 3 0x8000e1b4 (0xe43f2823) mem 0x80010000 0x00000001
core   0: 0x8000e1b8 (0xff9ff06f) j       pc - 0x8
core   0: 3 0x8000e1b8 (0xff9ff06f)
core   0: 0x8000e1b0 (0x00002f17) auipc   t5, 0x2
core   0: 3 0x8000e1b0 (0x00002f17) x30 0x800101b0
core   0: 0x8000e1b4 (0xe43f2823) sw      gp, -432(t5)
core   0: 3 0x8000e1b4 (0xe43f2823) mem 0x80010000 0x00000001
core   0: 0x8000e1b8 (0xff9ff06f) j       pc - 0x8
core   0: 3 0x8000e1b8 (0xff9ff06f)
core   0: 0x8000e1b0 (0x00002f17) auipc   t5, 0x2
core   0: 3 0x8000e1b0 (0x00002f17) x30 0x800101b0
core   0: 0x8000e1b4 (0xe43f2823) sw      gp, -432(t5)
core   0: 3 0x8000e1b4 (0xe43f2823) mem 0x80010000 0x00000001
core   0: 0x8000e1b8 (0xff9ff06f) j       pc - 0x8
core   0: 3 0x8000e1b8 (0xff9ff06f)
core   0: 0x8000e1b0 (0x00002f17) auipc   t5, 0x2
core   0: 3 0x8000e1b0 (0x00002f17) x30 0x800101b0
core   0: 0x8000e1b4 (0xe43f2823) sw      gp, -432(t5)
core   0: 3 0x8000e1b4 (0xe43f2823) mem 0x80010000 0x00000001
core   0: 0x8000e1b8 (0xff9ff06f) j       pc - 0x8
core   0: 3 0x8000e1b8 (0xff9ff06f)
core   0: 0x8000e1b0 (0x00002f17) auipc   t5, 0x2
core   0: 3 0x8000e1b0 (0x00002f17) x30 0x800101b0
core   0: 0x8000e1b4 (0xe43f2823) sw      gp, -432(t5)
core   0: 3 0x8000e1b4 (0xe43f2823) mem 0x80010000 0x00000001
core   0: 0x8000e1b8 (0xff9ff06f) j       pc - 0x8
core   0: 3 0x8000e1b8 (0xff9ff06f)
core   0: 0x8000e1b0 (0x00002f17) auipc   t5, 0x2
core   0: 3 0x8000e1b0 (0x00002f17) x30 0x800101b0
core   0: 0x8000e1b4 (0xe43f2823) sw      gp, -432(t5)
core   0: 3 0x8000e1b4 (0xe43f2823) mem 0x80010000 0x00000001
core   0: 0x8000e1b8 (0xff9ff06f) j       pc - 0x8
core   0: 3 0x8000e1b8 (0xff9ff06f)
core   0: 0x8000e1b0 (0x00002f17) auipc   t5, 0x2
core   0: 3 0x8000e1b0 (0x00002f17) x30 0x800101b0
core   0: 0x8000e1b4 (0xe43f2823) sw      gp, -432(t5)
core   0: 3 0x8000e1b4 (0xe43f2823) mem 0x80010000 0x00000001
core   0: 0x8000e1b8 (0xff9ff06f) j       pc - 0x8
core   0: 3 0x8000e1b8 (0xff9ff06f)
core   0: 0x8000e1b0 (0x00002f17) auipc   t5, 0x2
core   0: 3 0x8000e1b0 (0x00002f17) x30 0x800101b0
core   0: 0x8000e1b4 (0xe43f2823) sw      gp, -432(t5)
core   0: 3 0x8000e1b4 (0xe43f2823) mem 0x80010000 0x00000001
core   0: 0x8000e1b8 (0xff9ff06f) j       pc - 0x8
core   0: 3 0x8000e1b8 (0xff9ff06f)
core   0: 0x8000e1b0 (0x00002f17) auipc   t5, 0x2
core   0: 3 0x8000e1b0 (0x00002f17) x30 0x800101b0
core   0: 0x8000e1b4 (0xe43f2823) sw      gp, -432(t5)
core   0: 3 0x8000e1b4 (0xe43f2823) mem 0x80010000 0x00000001
core   0: 0x8000e1b8 (0xff9ff06f) j       pc - 0x8
core   0: 3 0x8000e1b8 (0xff9ff06f)
core   0: 0x8000e1b0 (0x00002f17) auipc   t5, 0x2
core   0: 3 0x8000e1b0 (0x00002f17) x30 0x800101b0
core   0: 0x8000e1b4 (0xe43f2823) sw      gp, -432(t5)
core   0: 3 0x8000e1b4 (0xe43f2823) mem 0x80010000 0x00000001
core   0: 0x8000e1b8 (0xff9ff06f) j       pc - 0x8
core   0: 3 0x8000e1b8 (0xff9ff06f)
core   0: 0x8000e1b0 (0x00002f17) auipc   t5, 0x2
core   0: 3 0x8000e1b0 (0x00002f17) x30 0x800101b0
core   0: 0x8000e1b4 (0xe43f2823) sw      gp, -432(t5)
core   0: 3 0x8000e1b4 (0xe43f2823) mem 0x80010000 0x00000001
core   0: 0x8000e1b8 (0xff9ff06f) j       pc - 0x8
core   0: 3 0x8000e1b8 (0xff9ff06f)
core   0: 0x8000e1b0 (0x00002f17) auipc   t5, 0x2
core   0: 3 0x8000e1b0 (0x00002f17) x30 0x800101b0
core   0: 0x8000e1b4 (0xe43f2823) sw      gp, -432(t5)
core   0: 3 0x8000e1b4 (0xe43f2823) mem 0x80010000 0x00000001
core   0: 0x8000e1b8 (0xff9ff06f) j       pc - 0x8
core   0: 3 0x8000e1b8 (0xff9ff06f)
core   0: 0x8000e1b0 (0x00002f17) auipc   t5, 0x2
core   0: 3 0x8000e1b0 (0x00002f17) x30 0x800101b0
core   0: 0x8000e1b4 (0xe43f2823) sw      gp, -432(t5)
core   0: 3 0x8000e1b4 (0xe43f2823) mem 0x80010000 0x00000001
core   0: 0x8000e1b8 (0xff9ff06f) j       pc - 0x8
core   0: 3 0x8000e1b8 (0xff9ff06f)
core   0: 0x8000e1b0 (0x00002f17) auipc   t5, 0x2
core   0: 3 0x8000e1b0 (0x00002f17) x30 0x800101b0
core   0: 0x8000e1b4 (0xe43f2823) sw      gp, -432(t5)
core   0: 3 0x8000e1b4 (0xe43f2823) mem 0x80010000 0x00000001
core   0: 0x8000e1b8 (0xff9ff06f) j       pc - 0x8
core   0: 3 0x8000e1b8 (0xff9ff06f)
core   0: 0x8000e1b0 (0x00002f17) auipc   t5, 0x2
core   0: 3 0x8000e1b0 (0x00002f17) x30 0x800101b0
core   0: 0x8000e1b4 (0xe43f2823) sw      gp, -432(t5)
core   0: 3 0x8000e1b4 (0xe43f2823) mem 0x80010000 0x00000001
core   0: 0x8000e1b8 (0xff9ff06f) j       pc - 0x8
core   0: 3 0x8000e1b8 (0xff9ff06f)
core   0: 0x8000e1b0 (0x00002f17) auipc   t5, 0x2
core   0: 3 0x8000e1b0 (0x00002f17) x30 0x800101b0
core   0: 0x8000e1b4 (0xe43f2823) sw      gp, -432(t5)
core   0: 3 0x8000e1b4 (0xe43f2823) mem 0x80010000 0x00000001
core   0: 0x8000e1b8 (0xff9ff06f) j       pc - 0x8
core   0: 3 0x8000e1b8 (0xff9ff06f)
core   0: 0x8000e1b0 (0x00002f17) auipc   t5, 0x2
core   0: 3 0x8000e1b0 (0x00002f17) x30 0x800101b0
core   0: 0x8000e1b4 (0xe43f2823) sw      gp, -432(t5)
core   0: 3 0x8000e1b4 (0xe43f2823) mem 0x80010000 0x00000001
core   0: 0x8000e1b8 (0xff9ff06f) j       pc - 0x8
core   0: 3 0x8000e1b8 (0xff9ff06f)
core   0: 0x8000e1b0 (0x00002f17) auipc   t5, 0x2
core   0: 3 0x8000e1b0 (0x00002f17) x30 0x800101b0
core   0: 0x8000e1b4 (0xe43f2823) sw      gp, -432(t5)
core   0: 3 0x8000e1b4 (0xe43f2823) mem 0x80010000 0x00000001
core   0: 0x8000e1b8 (0xff9ff06f) j       pc - 0x8
core   0: 3 0x8000e1b8 (0xff9ff06f)
core   0: 0x8000e1b0 (0x00002f17) auipc   t5, 0x2
core   0: 3 0x8000e1b0 (0x00002f17) x30 0x800101b0
core   0: 0x8000e1b4 (0xe43f2823) sw      gp, -432(t5)
core   0: 3 0x8000e1b4 (0xe43f2823) mem 0x80010000 0x00000001
core   0: 0x8000e1b8 (0xff9ff06f) j       pc - 0x8
core   0: 3 0x8000e1b8 (0xff9ff06f)
core   0: 0x8000e1b0 (0x00002f17) auipc   t5, 0x2
core   0: 3 0x8000e1b0 (0x00002f17) x30 0x800101b0
core   0: 0x8000e1b4 (0xe43f2823) sw      gp, -432(t5)
core   0: 3 0x8000e1b4 (0xe43f2823) mem 0x80010000 0x00000001
core   0: 0x8000e1b8 (0xff9ff06f) j       pc - 0x8
core   0: 3 0x8000e1b8 (0xff9ff06f)
core   0: 0x8000e1b0 (0x00002f17) auipc   t5, 0x2
core   0: 3 0x8000e1b0 (0x00002f17) x30 0x800101b0
core   0: 0x8000e1b4 (0xe43f2823) sw      gp, -432(t5)
core   0: 3 0x8000e1b4 (0xe43f2823) mem 0x80010000 0x00000001
core   0: 0x8000e1b8 (0xff9ff06f) j       pc - 0x8
core   0: 3 0x8000e1b8 (0xff9ff06f)
core   0: 0x8000e1b0 (0x00002f17) auipc   t5, 0x2
core   0: 3 0x8000e1b0 (0x00002f17) x30 0x800101b0
core   0: 0x8000e1b4 (0xe43f2823) sw      gp, -432(t5)
core   0: 3 0x8000e1b4 (0xe43f2823) mem 0x80010000 0x00000001
core   0: 0x8000e1b8 (0xff9ff06f) j       pc - 0x8
core   0: 3 0x8000e1b8 (0xff9ff06f)
core   0: 0x8000e1b0 (0x00002f17) auipc   t5, 0x2
core   0: 3 0x8000e1b0 (0x00002f17) x30 0x800101b0
core   0: 0x8000e1b4 (0xe43f2823) sw      gp, -432(t5)
core   0: 3 0x8000e1b4 (0xe43f2823) mem 0x80010000 0x00000001
core   0: 0x8000e1b8 (0xff9ff06f) j       pc - 0x8
core   0: 3 0x8000e1b8 (0xff9ff06f)
core   0: 0x8000e1b0 (0x00002f17) auipc   t5, 0x2
core   0: 3 0x8000e1b0 (0x00002f17) x30 0x800101b0
core   0: 0x8000e1b4 (0xe43f2823) sw      gp, -432(t5)
core   0: 3 0x8000e1b4 (0xe43f2823) mem 0x80010000 0x00000001
core   0: 0x8000e1b8 (0xff9ff06f) j       pc - 0x8
core   0: 3 0x8000e1b8 (0xff9ff06f)
core   0: 0x8000e1b0 (0x00002f17) auipc   t5, 0x2
core   0: 3 0x8000e1b0 (0x00002f17) x30 0x800101b0
core   0: 0x8000e1b4 (0xe43f2823) sw      gp, -432(t5)
core   0: 3 0x8000e1b4 (0xe43f2823) mem 0x80010000 0x00000001
core   0: 0x8000e1b8 (0xff9ff06f) j       pc - 0x8
core   0: 3 0x8000e1b8 (0xff9ff06f)
core   0: 0x8000e1b0 (0x00002f17) auipc   t5, 0x2
core   0: 3 0x8000e1b0 (0x00002f17) x30 0x800101b0
core   0: 0x8000e1b4 (0xe43f2823) sw      gp, -432(t5)
core   0: 3 0x8000e1b4 (0xe43f2823) mem 0x80010000 0x00000001
core   0: 0x8000e1b8 (0xff9ff06f) j       pc - 0x8
core   0: 3 0x8000e1b8 (0xff9ff06f)
core   0: 0x8000e1b0 (0x00002f17) auipc   t5, 0x2
core   0: 3 0x8000e1b0 (0x00002f17) x30 0x800101b0
core   0: 0x8000e1b4 (0xe43f2823) sw      gp, -432(t5)
core   0: 3 0x8000e1b4 (0xe43f2823) mem 0x80010000 0x00000001
core   0: 0x8000e1b8 (0xff9ff06f) j       pc - 0x8
core   0: 3 0x8000e1b8 (0xff9ff06f)
core   0: 0x8000e1b0 (0x00002f17) auipc   t5, 0x2
core   0: 3 0x8000e1b0 (0x00002f17) x30 0x800101b0
core   0: 0x8000e1b4 (0xe43f2823) sw      gp, -432(t5)
core   0: 3 0x8000e1b4 (0xe43f2823) mem 0x80010000 0x00000001
core   0: 0x8000e1b8 (0xff9ff06f) j       pc - 0x8
core   0: 3 0x8000e1b8 (0xff9ff06f)
core   0: 0x8000e1b0 (0x00002f17) auipc   t5, 0x2
core   0: 3 0x8000e1b0 (0x00002f17) x30 0x800101b0
core   0: 0x8000e1b4 (0xe43f2823) sw      gp, -432(t5)
core   0: 3 0x8000e1b4 (0xe43f2823) mem 0x80010000 0x00000001
core   0: 0x8000e1b8 (0xff9ff06f) j       pc - 0x8
core   0: 3 0x8000e1b8 (0xff9ff06f)
core   0: 0x8000e1b0 (0x00002f17) auipc   t5, 0x2
core   0: 3 0x8000e1b0 (0x00002f17) x30 0x800101b0
core   0: 0x8000e1b4 (0xe43f2823) sw      gp, -432(t5)
core   0: 3 0x8000e1b4 (0xe43f2823) mem 0x80010000 0x00000001
core   0: 0x8000e1b8 (0xff9ff06f) j       pc - 0x8
core   0: 3 0x8000e1b8 (0xff9ff06f)
core   0: 0x8000e1b0 (0x00002f17) auipc   t5, 0x2
core   0: 3 0x8000e1b0 (0x00002f17) x30 0x800101b0
core   0: 0x8000e1b4 (0xe43f2823) sw      gp, -432(t5)
core   0: 3 0x8000e1b4 (0xe43f2823) mem 0x80010000 0x00000001
core   0: 0x8000e1b8 (0xff9ff06f) j       pc - 0x8
core   0: 3 0x8000e1b8 (0xff9ff06f)
core   0: 0x8000e1b0 (0x00002f17) auipc   t5, 0x2
core   0: 3 0x8000e1b0 (0x00002f17) x30 0x800101b0
core   0: 0x8000e1b4 (0xe43f2823) sw      gp, -432(t5)
core   0: 3 0x8000e1b4 (0xe43f2823) mem 0x80010000 0x00000001
core   0: 0x8000e1b8 (0xff9ff06f) j       pc - 0x8
core   0: 3 0x8000e1b8 (0xff9ff06f)
core   0: 0x8000e1b0 (0x00002f17) auipc   t5, 0x2
core   0: 3 0x8000e1b0 (0x00002f17) x30 0x800101b0
core   0: 0x8000e1b4 (0xe43f2823) sw      gp, -432(t5)
core   0: 3 0x8000e1b4 (0xe43f2823) mem 0x80010000 0x00000001
core   0: 0x8000e1b8 (0xff9ff06f) j       pc - 0x8
core   0: 3 0x8000e1b8 (0xff9ff06f)
core   0: 0x8000e1b0 (0x00002f17) auipc   t5, 0x2
core   0: 3 0x8000e1b0 (0x00002f17) x30 0x800101b0
core   0: 0x8000e1b4 (0xe43f2823) sw      gp, -432(t5)
core   0: 3 0x8000e1b4 (0xe43f2823) mem 0x80010000 0x00000001
core   0: 0x8000e1b8 (0xff9ff06f) j       pc - 0x8
core   0: 3 0x8000e1b8 (0xff9ff06f)
core   0: 0x8000e1b0 (0x00002f17) auipc   t5, 0x2
core   0: 3 0x8000e1b0 (0x00002f17) x30 0x800101b0
core   0: 0x8000e1b4 (0xe43f2823) sw      gp, -432(t5)
core   0: 3 0x8000e1b4 (0xe43f2823) mem 0x80010000 0x00000001
core   0: 0x8000e1b8 (0xff9ff06f) j       pc - 0x8
core   0: 3 0x8000e1b8 (0xff9ff06f)
core   0: 0x8000e1b0 (0x00002f17) auipc   t5, 0x2
core   0: 3 0x8000e1b0 (0x00002f17) x30 0x800101b0
core   0: 0x8000e1b4 (0xe43f2823) sw      gp, -432(t5)
core   0: 3 0x8000e1b4 (0xe43f2823) mem 0x80010000 0x00000001
core   0: 0x8000e1b8 (0xff9ff06f) j       pc - 0x8
core   0: 3 0x8000e1b8 (0xff9ff06f)
core   0: 0x8000e1b0 (0x00002f17) auipc   t5, 0x2
core   0: 3 0x8000e1b0 (0x00002f17) x30 0x800101b0
core   0: 0x8000e1b4 (0xe43f2823) sw      gp, -432(t5)
core   0: 3 0x8000e1b4 (0xe43f2823) mem 0x80010000 0x00000001
core   0: 0x8000e1b8 (0xff9ff06f) j       pc - 0x8
core   0: 3 0x8000e1b8 (0xff9ff06f)
core   0: 0x8000e1b0 (0x00002f17) auipc   t5, 0x2
core   0: 3 0x8000e1b0 (0x00002f17) x30 0x800101b0
core   0: 0x8000e1b4 (0xe43f2823) sw      gp, -432(t5)
core   0: 3 0x8000e1b4 (0xe43f2823) mem 0x80010000 0x00000001
core   0: 0x8000e1b8 (0xff9ff06f) j       pc - 0x8
core   0: 3 0x8000e1b8 (0xff9ff06f)
core   0: 0x8000e1b0 (0x00002f17) auipc   t5, 0x2
core   0: 3 0x8000e1b0 (0x00002f17) x30 0x800101b0
core   0: 0x8000e1b4 (0xe43f2823) sw      gp, -432(t5)
core   0: 3 0x8000e1b4 (0xe43f2823) mem 0x80010000 0x00000001
core   0: 0x8000e1b8 (0xff9ff06f) j       pc - 0x8
core   0: 3 0x8000e1b8 (0xff9ff06f)
core   0: 0x8000e1b0 (0x00002f17) auipc   t5, 0x2
core   0: 3 0x8000e1b0 (0x00002f17) x30 0x800101b0
core   0: 0x8000e1b4 (0xe43f2823) sw      gp, -432(t5)
core   0: 3 0x8000e1b4 (0xe43f2823) mem 0x80010000 0x00000001
core   0: 0x8000e1b8 (0xff9ff06f) j       pc - 0x8
core   0: 3 0x8000e1b8 (0xff9ff06f)
core   0: 0x8000e1b0 (0x00002f17) auipc   t5, 0x2
core   0: 3 0x8000e1b0 (0x00002f17) x30 0x800101b0
core   0: 0x8000e1b4 (0xe43f2823) sw      gp, -432(t5)
core   0: 3 0x8000e1b4 (0xe43f2823) mem 0x80010000 0x00000001
core   0: 0x8000e1b8 (0xff9ff06f) j       pc - 0x8
core   0: 3 0x8000e1b8 (0xff9ff06f)
core   0: 0x8000e1b0 (0x00002f17) auipc   t5, 0x2
core   0: 3 0x8000e1b0 (0x00002f17) x30 0x800101b0
core   0: 0x8000e1b4 (0xe43f2823) sw      gp, -432(t5)
core   0: 3 0x8000e1b4 (0xe43f2823) mem 0x80010000 0x00000001
core   0: 0x8000e1b8 (0xff9ff06f) j       pc - 0x8
core   0: 3 0x8000e1b8 (0xff9ff06f)
core   0: 0x8000e1b0 (0x00002f17) auipc   t5, 0x2
core   0: 3 0x8000e1b0 (0x00002f17) x30 0x800101b0
core   0: 0x8000e1b4 (0xe43f2823) sw      gp, -432(t5)
core   0: 3 0x8000e1b4 (0xe43f2823) mem 0x80010000 0x00000001
core   0: 0x8000e1b8 (0xff9ff06f) j       pc - 0x8
core   0: 3 0x8000e1b8 (0xff9ff06f)
core   0: 0x8000e1b0 (0x00002f17) auipc   t5, 0x2
core   0: 3 0x8000e1b0 (0x00002f17) x30 0x800101b0
core   0: 0x8000e1b4 (0xe43f2823) sw      gp, -432(t5)
core   0: 3 0x8000e1b4 (0xe43f2823) mem 0x80010000 0x00000001
core   0: 0x8000e1b8 (0xff9ff06f) j       pc - 0x8
core   0: 3 0x8000e1b8 (0xff9ff06f)
core   0: 0x8000e1b0 (0x00002f17) auipc   t5, 0x2
core   0: 3 0x8000e1b0 (0x00002f17) x30 0x800101b0
core   0: 0x8000e1b4 (0xe43f2823) sw      gp, -432(t5)
core   0: 3 0x8000e1b4 (0xe43f2823) mem 0x80010000 0x00000001
core   0: 0x8000e1b8 (0xff9ff06f) j       pc - 0x8
core   0: 3 0x8000e1b8 (0xff9ff06f)
core   0: 0x8000e1b0 (0x00002f17) auipc   t5, 0x2
core   0: 3 0x8000e1b0 (0x00002f17) x30 0x800101b0
core   0: 0x8000e1b4 (0xe43f2823) sw      gp, -432(t5)
core   0: 3 0x8000e1b4 (0xe43f2823) mem 0x80010000 0x00000001
core   0: 0x8000e1b8 (0xff9ff06f) j       pc - 0x8
core   0: 3 0x8000e1b8 (0xff9ff06f)
core   0: 0x8000e1b0 (0x00002f17) auipc   t5, 0x2
core   0: 3 0x8000e1b0 (0x00002f17) x30 0x800101b0
core   0: 0x8000e1b4 (0xe43f2823) sw      gp, -432(t5)
core   0: 3 0x8000e1b4 (0xe43f2823) mem 0x80010000 0x00000001
core   0: 0x8000e1b8 (0xff9ff06f) j       pc - 0x8
core   0: 3 0x8000e1b8 (0xff9ff06f)
core   0: 0x8000e1b0 (0x00002f17) auipc   t5, 0x2
core   0: 3 0x8000e1b0 (0x00002f17) x30 0x800101b0
core   0: 0x8000e1b4 (0xe43f2823) sw      gp, -432(t5)
core   0: 3 0x8000e1b4 (0xe43f2823) mem 0x80010000 0x00000001
core   0: 0x8000e1b8 (0xff9ff06f) j       pc - 0x8
core   0: 3 0x8000e1b8 (0xff9ff06f)
core   0: 0x8000e1b0 (0x00002f17) auipc   t5, 0x2
core   0: 3 0x8000e1b0 (0x00002f17) x30 0x800101b0
core   0: 0x8000e1b4 (0xe43f2823) sw      gp, -432(t5)
core   0: 3 0x8000e1b4 (0xe43f2823) mem 0x80010000 0x00000001
core   0: 0x8000e1b8 (0xff9ff06f) j       pc - 0x8
core   0: 3 0x8000e1b8 (0xff9ff06f)
core   0: 0x8000e1b0 (0x00002f17) auipc   t5, 0x2
core   0: 3 0x8000e1b0 (0x00002f17) x30 0x800101b0
core   0: 0x8000e1b4 (0xe43f2823) sw      gp, -432(t5)
core   0: 3 0x8000e1b4 (0xe43f2823) mem 0x80010000 0x00000001
core   0: 0x8000e1b8 (0xff9ff06f) j       pc - 0x8
core   0: 3 0x8000e1b8 (0xff9ff06f)
core   0: 0x8000e1b0 (0x00002f17) auipc   t5, 0x2
core   0: 3 0x8000e1b0 (0x00002f17) x30 0x800101b0
core   0: 0x8000e1b4 (0xe43f2823) sw      gp, -432(t5)
core   0: 3 0x8000e1b4 (0xe43f2823) mem 0x80010000 0x00000001
core   0: 0x8000e1b8 (0xff9ff06f) j       pc - 0x8
core   0: 3 0x8000e1b8 (0xff9ff06f)
core   0: 0x8000e1b0 (0x00002f17) auipc   t5, 0x2
core   0: 3 0x8000e1b0 (0x00002f17) x30 0x800101b0
core   0: 0x8000e1b4 (0xe43f2823) sw      gp, -432(t5)
core   0: 3 0x8000e1b4 (0xe43f2823) mem 0x80010000 0x00000001
core   0: 0x8000e1b8 (0xff9ff06f) j       pc - 0x8
core   0: 3 0x8000e1b8 (0xff9ff06f)
core   0: 0x8000e1b0 (0x00002f17) auipc   t5, 0x2
core   0: 3 0x8000e1b0 (0x00002f17) x30 0x800101b0
core   0: 0x8000e1b4 (0xe43f2823) sw      gp, -432(t5)
core   0: 3 0x8000e1b4 (0xe43f2823) mem 0x80010000 0x00000001
core   0: 0x8000e1b8 (0xff9ff06f) j       pc - 0x8
core   0: 3 0x8000e1b8 (0xff9ff06f)
core   0: 0x8000e1b0 (0x00002f17) auipc   t5, 0x2
core   0: 3 0x8000e1b0 (0x00002f17) x30 0x800101b0
core   0: 0x8000e1b4 (0xe43f2823) sw      gp, -432(t5)
core   0: 3 0x8000e1b4 (0xe43f2823) mem 0x80010000 0x00000001
core   0: 0x8000e1b8 (0xff9ff06f) j       pc - 0x8
core   0: 3 0x8000e1b8 (0xff9ff06f)
core   0: 0x8000e1b0 (0x00002f17) auipc   t5, 0x2
core   0: 3 0x8000e1b0 (0x00002f17) x30 0x800101b0
core   0: 0x8000e1b4 (0xe43f2823) sw      gp, -432(t5)
core   0: 3 0x8000e1b4 (0xe43f2823) mem 0x80010000 0x00000001
core   0: 0x8000e1b8 (0xff9ff06f) j       pc - 0x8
core   0: 3 0x8000e1b8 (0xff9ff06f)
core   0: 0x8000e1b0 (0x00002f17) auipc   t5, 0x2
core   0: 3 0x8000e1b0 (0x00002f17) x30 0x800101b0
core   0: 0x8000e1b4 (0xe43f2823) sw      gp, -432(t5)
core   0: 3 0x8000e1b4 (0xe43f2823) mem 0x80010000 0x00000001
core   0: 0x8000e1b8 (0xff9ff06f) j       pc - 0x8
core   0: 3 0x8000e1b8 (0xff9ff06f)
core   0: 0x8000e1b0 (0x00002f17) auipc   t5, 0x2
core   0: 3 0x8000e1b0 (0x00002f17) x30 0x800101b0
core   0: 0x8000e1b4 (0xe43f2823) sw      gp, -432(t5)
core   0: 3 0x8000e1b4 (0xe43f2823) mem 0x80010000 0x00000001
core   0: 0x8000e1b8 (0xff9ff06f) j       pc - 0x8
core   0: 3 0x8000e1b8 (0xff9ff06f)
core   0: 0x8000e1b0 (0x00002f17) auipc   t5, 0x2
core   0: 3 0x8000e1b0 (0x00002f17) x30 0x800101b0
core   0: 0x8000e1b4 (0xe43f2823) sw      gp, -432(t5)
core   0: 3 0x8000e1b4 (0xe43f2823) mem 0x80010000 0x00000001
core   0: 0x8000e1b8 (0xff9ff06f) j       pc - 0x8
core   0: 3 0x8000e1b8 (0xff9ff06f)
core   0: 0x8000e1b0 (0x00002f17) auipc   t5, 0x2
core   0: 3 0x8000e1b0 (0x00002f17) x30 0x800101b0
core   0: 0x8000e1b4 (0xe43f2823) sw      gp, -432(t5)
core   0: 3 0x8000e1b4 (0xe43f2823) mem 0x80010000 0x00000001
core   0: 0x8000e1b8 (0xff9ff06f) j       pc - 0x8
core   0: 3 0x8000e1b8 (0xff9ff06f)
core   0: 0x8000e1b0 (0x00002f17) auipc   t5, 0x2
core   0: 3 0x8000e1b0 (0x00002f17) x30 0x800101b0
core   0: 0x8000e1b4 (0xe43f2823) sw      gp, -432(t5)
core   0: 3 0x8000e1b4 (0xe43f2823) mem 0x80010000 0x00000001
core   0: 0x8000e1b8 (0xff9ff06f) j       pc - 0x8
core   0: 3 0x8000e1b8 (0xff9ff06f)
core   0: 0x8000e1b0 (0x00002f17) auipc   t5, 0x2
core   0: 3 0x8000e1b0 (0x00002f17) x30 0x800101b0
core   0: 0x8000e1b4 (0xe43f2823) sw      gp, -432(t5)
core   0: 3 0x8000e1b4 (0xe43f2823) mem 0x80010000 0x00000001
core   0: 0x8000e1b8 (0xff9ff06f) j       pc - 0x8
core   0: 3 0x8000e1b8 (0xff9ff06f)
core   0: 0x8000e1b0 (0x00002f17) auipc   t5, 0x2
core   0: 3 0x8000e1b0 (0x00002f17) x30 0x800101b0
core   0: 0x8000e1b4 (0xe43f2823) sw      gp, -432(t5)
core   0: 3 0x8000e1b4 (0xe43f2823) mem 0x80010000 0x00000001
core   0: 0x8000e1b8 (0xff9ff06f) j       pc - 0x8
core   0: 3 0x8000e1b8 (0xff9ff06f)
core   0: 0x8000e1b0 (0x00002f17) auipc   t5, 0x2
core   0: 3 0x8000e1b0 (0x00002f17) x30 0x800101b0
core   0: 0x8000e1b4 (0xe43f2823) sw      gp, -432(t5)
core   0: 3 0x8000e1b4 (0xe43f2823) mem 0x80010000 0x00000001
core   0: 0x8000e1b8 (0xff9ff06f) j       pc - 0x8
core   0: 3 0x8000e1b8 (0xff9ff06f)
core   0: 0x8000e1b0 (0x00002f17) auipc   t5, 0x2
core   0: 3 0x8000e1b0 (0x00002f17) x30 0x800101b0
core   0: 0x8000e1b4 (0xe43f2823) sw      gp, -432(t5)
core   0: 3 0x8000e1b4 (0xe43f2823) mem 0x80010000 0x00000001
core   0: 0x8000e1b8 (0xff9ff06f) j       pc - 0x8
core   0: 3 0x8000e1b8 (0xff9ff06f)
core   0: 0x8000e1b0 (0x00002f17) auipc   t5, 0x2
core   0: 3 0x8000e1b0 (0x00002f17) x30 0x800101b0
core   0: 0x8000e1b4 (0xe43f2823) sw      gp, -432(t5)
core   0: 3 0x8000e1b4 (0xe43f2823) mem 0x80010000 0x00000001
core   0: 0x8000e1b8 (0xff9ff06f) j       pc - 0x8
core   0: 3 0x8000e1b8 (0xff9ff06f)
core   0: 0x8000e1b0 (0x00002f17) auipc   t5, 0x2
core   0: 3 0x8000e1b0 (0x00002f17) x30 0x800101b0
core   0: 0x8000e1b4 (0xe43f2823) sw      gp, -432(t5)
core   0: 3 0x8000e1b4 (0xe43f2823) mem 0x80010000 0x00000001
core   0: 0x8000e1b8 (0xff9ff06f) j       pc - 0x8
core   0: 3 0x8000e1b8 (0xff9ff06f)
core   0: 0x8000e1b0 (0x00002f17) auipc   t5, 0x2
core   0: 3 0x8000e1b0 (0x00002f17) x30 0x800101b0
core   0: 0x8000e1b4 (0xe43f2823) sw      gp, -432(t5)
core   0: 3 0x8000e1b4 (0xe43f2823) mem 0x80010000 0x00000001
core   0: 0x8000e1b8 (0xff9ff06f) j       pc - 0x8
core   0: 3 0x8000e1b8 (0xff9ff06f)
core   0: 0x8000e1b0 (0x00002f17) auipc   t5, 0x2
core   0: 3 0x8000e1b0 (0x00002f17) x30 0x800101b0
core   0: 0x8000e1b4 (0xe43f2823) sw      gp, -432(t5)
core   0: 3 0x8000e1b4 (0xe43f2823) mem 0x80010000 0x00000001
core   0: 0x8000e1b8 (0xff9ff06f) j       pc - 0x8
core   0: 3 0x8000e1b8 (0xff9ff06f)
core   0: 0x8000e1b0 (0x00002f17) auipc   t5, 0x2
core   0: 3 0x8000e1b0 (0x00002f17) x30 0x800101b0
core   0: 0x8000e1b4 (0xe43f2823) sw      gp, -432(t5)
core   0: 3 0x8000e1b4 (0xe43f2823) mem 0x80010000 0x00000001
core   0: 0x8000e1b8 (0xff9ff06f) j       pc - 0x8
core   0: 3 0x8000e1b8 (0xff9ff06f)
core   0: 0x8000e1b0 (0x00002f17) auipc   t5, 0x2
core   0: 3 0x8000e1b0 (0x00002f17) x30 0x800101b0
core   0: 0x8000e1b4 (0xe43f2823) sw      gp, -432(t5)
core   0: 3 0x8000e1b4 (0xe43f2823) mem 0x80010000 0x00000001
core   0: 0x8000e1b8 (0xff9ff06f) j       pc - 0x8
core   0: 3 0x8000e1b8 (0xff9ff06f)
core   0: 0x8000e1b0 (0x00002f17) auipc   t5, 0x2
core   0: 3 0x8000e1b0 (0x00002f17) x30 0x800101b0
core   0: 0x8000e1b4 (0xe43f2823) sw      gp, -432(t5)
core   0: 3 0x8000e1b4 (0xe43f2823) mem 0x80010000 0x00000001
core   0: 0x8000e1b8 (0xff9ff06f) j       pc - 0x8
core   0: 3 0x8000e1b8 (0xff9ff06f)
core   0: 0x8000e1b0 (0x00002f17) auipc   t5, 0x2
core   0: 3 0x8000e1b0 (0x00002f17) x30 0x800101b0
core   0: 0x8000e1b4 (0xe43f2823) sw      gp, -432(t5)
core   0: 3 0x8000e1b4 (0xe43f2823) mem 0x80010000 0x00000001
core   0: 0x8000e1b8 (0xff9ff06f) j       pc - 0x8
core   0: 3 0x8000e1b8 (0xff9ff06f)
core   0: 0x8000e1b0 (0x00002f17) auipc   t5, 0x2
core   0: 3 0x8000e1b0 (0x00002f17) x30 0x800101b0
core   0: 0x8000e1b4 (0xe43f2823) sw      gp, -432(t5)
core   0: 3 0x8000e1b4 (0xe43f2823) mem 0x80010000 0x00000001
core   0: 0x8000e1b8 (0xff9ff06f) j       pc - 0x8
core   0: 3 0x8000e1b8 (0xff9ff06f)
core   0: 0x8000e1b0 (0x00002f17) auipc   t5, 0x2
core   0: 3 0x8000e1b0 (0x00002f17) x30 0x800101b0
core   0: 0x8000e1b4 (0xe43f2823) sw      gp, -432(t5)
core   0: 3 0x8000e1b4 (0xe43f2823) mem 0x80010000 0x00000001
core   0: 0x8000e1b8 (0xff9ff06f) j       pc - 0x8
core   0: 3 0x8000e1b8 (0xff9ff06f)
core   0: 0x8000e1b0 (0x00002f17) auipc   t5, 0x2
core   0: 3 0x8000e1b0 (0x00002f17) x30 0x800101b0
core   0: 0x8000e1b4 (0xe43f2823) sw      gp, -432(t5)
core   0: 3 0x8000e1b4 (0xe43f2823) mem 0x80010000 0x00000001
core   0: 0x8000e1b8 (0xff9ff06f) j       pc - 0x8
core   0: 3 0x8000e1b8 (0xff9ff06f)
core   0: 0x8000e1b0 (0x00002f17) auipc   t5, 0x2
core   0: 3 0x8000e1b0 (0x00002f17) x30 0x800101b0
core   0: 0x8000e1b4 (0xe43f2823) sw      gp, -432(t5)
core   0: 3 0x8000e1b4 (0xe43f2823) mem 0x80010000 0x00000001
core   0: 0x8000e1b8 (0xff9ff06f) j       pc - 0x8
core   0: 3 0x8000e1b8 (0xff9ff06f)
core   0: 0x8000e1b0 (0x00002f17) auipc   t5, 0x2
core   0: 3 0x8000e1b0 (0x00002f17) x30 0x800101b0
core   0: 0x8000e1b4 (0xe43f2823) sw      gp, -432(t5)
core   0: 3 0x8000e1b4 (0xe43f2823) mem 0x80010000 0x00000001
core   0: 0x8000e1b8 (0xff9ff06f) j       pc - 0x8
core   0: 3 0x8000e1b8 (0xff9ff06f)
core   0: 0x8000e1b0 (0x00002f17) auipc   t5, 0x2
core   0: 3 0x8000e1b0 (0x00002f17) x30 0x800101b0
core   0: 0x8000e1b4 (0xe43f2823) sw      gp, -432(t5)
core   0: 3 0x8000e1b4 (0xe43f2823) mem 0x80010000 0x00000001
core   0: 0x8000e1b8 (0xff9ff06f) j       pc - 0x8
core   0: 3 0x8000e1b8 (0xff9ff06f)
core   0: 0x8000e1b0 (0x00002f17) auipc   t5, 0x2
core   0: 3 0x8000e1b0 (0x00002f17) x30 0x800101b0
core   0: 0x8000e1b4 (0xe43f2823) sw      gp, -432(t5)
core   0: 3 0x8000e1b4 (0xe43f2823) mem 0x80010000 0x00000001
core   0: 0x8000e1b8 (0xff9ff06f) j       pc - 0x8
core   0: 3 0x8000e1b8 (0xff9ff06f)
core   0: 0x8000e1b0 (0x00002f17) auipc   t5, 0x2
core   0: 3 0x8000e1b0 (0x00002f17) x30 0x800101b0
core   0: 0x8000e1b4 (0xe43f2823) sw      gp, -432(t5)
core   0: 3 0x8000e1b4 (0xe43f2823) mem 0x80010000 0x00000001
core   0: 0x8000e1b8 (0xff9ff06f) j       pc - 0x8
core   0: 3 0x8000e1b8 (0xff9ff06f)
core   0: 0x8000e1b0 (0x00002f17) auipc   t5, 0x2
core   0: 3 0x8000e1b0 (0x00002f17) x30 0x800101b0
core   0: 0x8000e1b4 (0xe43f2823) sw      gp, -432(t5)
core   0: 3 0x8000e1b4 (0xe43f2823) mem 0x80010000 0x00000001
core   0: 0x8000e1b8 (0xff9ff06f) j       pc - 0x8
core   0: 3 0x8000e1b8 (0xff9ff06f)
core   0: 0x8000e1b0 (0x00002f17) auipc   t5, 0x2
core   0: 3 0x8000e1b0 (0x00002f17) x30 0x800101b0
core   0: 0x8000e1b4 (0xe43f2823) sw      gp, -432(t5)
core   0: 3 0x8000e1b4 (0xe43f2823) mem 0x80010000 0x00000001
core   0: 0x8000e1b8 (0xff9ff06f) j       pc - 0x8
core   0: 3 0x8000e1b8 (0xff9ff06f)
core   0: 0x8000e1b0 (0x00002f17) auipc   t5, 0x2
core   0: 3 0x8000e1b0 (0x00002f17) x30 0x800101b0
core   0: 0x8000e1b4 (0xe43f2823) sw      gp, -432(t5)
core   0: 3 0x8000e1b4 (0xe43f2823) mem 0x80010000 0x00000001
core   0: 0x8000e1b8 (0xff9ff06f) j       pc - 0x8
core   0: 3 0x8000e1b8 (0xff9ff06f)
core   0: 0x8000e1b0 (0x00002f17) auipc   t5, 0x2
core   0: 3 0x8000e1b0 (0x00002f17) x30 0x800101b0
core   0: 0x8000e1b4 (0xe43f2823) sw      gp, -432(t5)
core   0: 3 0x8000e1b4 (0xe43f2823) mem 0x80010000 0x00000001
core   0: 0x8000e1b8 (0xff9ff06f) j       pc - 0x8
core   0: 3 0x8000e1b8 (0xff9ff06f)
core   0: 0x8000e1b0 (0x00002f17) auipc   t5, 0x2
core   0: 3 0x8000e1b0 (0x00002f17) x30 0x800101b0
core   0: 0x8000e1b4 (0xe43f2823) sw      gp, -432(t5)
core   0: 3 0x8000e1b4 (0xe43f2823) mem 0x80010000 0x00000001
core   0: 0x8000e1b8 (0xff9ff06f) j       pc - 0x8
core   0: 3 0x8000e1b8 (0xff9ff06f)
core   0: 0x8000e1b0 (0x00002f17) auipc   t5, 0x2
core   0: 3 0x8000e1b0 (0x00002f17) x30 0x800101b0
core   0: 0x8000e1b4 (0xe43f2823) sw      gp, -432(t5)
core   0: 3 0x8000e1b4 (0xe43f2823) mem 0x80010000 0x00000001
core   0: 0x8000e1b8 (0xff9ff06f) j       pc - 0x8
core   0: 3 0x8000e1b8 (0xff9ff06f)
core   0: 0x8000e1b0 (0x00002f17) auipc   t5, 0x2
core   0: 3 0x8000e1b0 (0x00002f17) x30 0x800101b0
core   0: 0x8000e1b4 (0xe43f2823) sw      gp, -432(t5)
core   0: 3 0x8000e1b4 (0xe43f2823) mem 0x80010000 0x00000001
core   0: 0x8000e1b8 (0xff9ff06f) j       pc - 0x8
core   0: 3 0x8000e1b8 (0xff9ff06f)
core   0: 0x8000e1b0 (0x00002f17) auipc   t5, 0x2
core   0: 3 0x8000e1b0 (0x00002f17) x30 0x800101b0
core   0: 0x8000e1b4 (0xe43f2823) sw      gp, -432(t5)
core   0: 3 0x8000e1b4 (0xe43f2823) mem 0x80010000 0x00000001
core   0: 0x8000e1b8 (0xff9ff06f) j       pc - 0x8
core   0: 3 0x8000e1b8 (0xff9ff06f)
core   0: 0x8000e1b0 (0x00002f17) auipc   t5, 0x2
core   0: 3 0x8000e1b0 (0x00002f17) x30 0x800101b0
core   0: 0x8000e1b4 (0xe43f2823) sw      gp, -432(t5)
core   0: 3 0x8000e1b4 (0xe43f2823) mem 0x80010000 0x00000001
core   0: 0x8000e1b8 (0xff9ff06f) j       pc - 0x8
core   0: 3 0x8000e1b8 (0xff9ff06f)
core   0: 0x8000e1b0 (0x00002f17) auipc   t5, 0x2
core   0: 3 0x8000e1b0 (0x00002f17) x30 0x800101b0
core   0: 0x8000e1b4 (0xe43f2823) sw      gp, -432(t5)
core   0: 3 0x8000e1b4 (0xe43f2823) mem 0x80010000 0x00000001
core   0: 0x8000e1b8 (0xff9ff06f) j       pc - 0x8
core   0: 3 0x8000e1b8 (0xff9ff06f)
core   0: 0x8000e1b0 (0x00002f17) auipc   t5, 0x2
core   0: 3 0x8000e1b0 (0x00002f17) x30 0x800101b0
core   0: 0x8000e1b4 (0xe43f2823) sw      gp, -432(t5)
core   0: 3 0x8000e1b4 (0xe43f2823) mem 0x80010000 0x00000001
core   0: 0x8000e1b8 (0xff9ff06f) j       pc - 0x8
core   0: 3 0x8000e1b8 (0xff9ff06f)
core   0: 0x8000e1b0 (0x00002f17) auipc   t5, 0x2
core   0: 3 0x8000e1b0 (0x00002f17) x30 0x800101b0
core   0: 0x8000e1b4 (0xe43f2823) sw      gp, -432(t5)
core   0: 3 0x8000e1b4 (0xe43f2823) mem 0x80010000 0x00000001
core   0: 0x8000e1b8 (0xff9ff06f) j       pc - 0x8
core   0: 3 0x8000e1b8 (0xff9ff06f)
core   0: 0x8000e1b0 (0x00002f17) auipc   t5, 0x2
core   0: 3 0x8000e1b0 (0x00002f17) x30 0x800101b0
core   0: 0x8000e1b4 (0xe43f2823) sw      gp, -432(t5)
core   0: 3 0x8000e1b4 (0xe43f2823) mem 0x80010000 0x00000001
core   0: 0x8000e1b8 (0xff9ff06f) j       pc - 0x8
core   0: 3 0x8000e1b8 (0xff9ff06f)
core   0: 0x8000e1b0 (0x00002f17) auipc   t5, 0x2
core   0: 3 0x8000e1b0 (0x00002f17) x30 0x800101b0
core   0: 0x8000e1b4 (0xe43f2823) sw      gp, -432(t5)
core   0: 3 0x8000e1b4 (0xe43f2823) mem 0x80010000 0x00000001
core   0: 0x8000e1b8 (0xff9ff06f) j       pc - 0x8
core   0: 3 0x8000e1b8 (0xff9ff06f)
core   0: 0x8000e1b0 (0x00002f17) auipc   t5, 0x2
core   0: 3 0x8000e1b0 (0x00002f17) x30 0x800101b0
core   0: 0x8000e1b4 (0xe43f2823) sw      gp, -432(t5)
core   0: 3 0x8000e1b4 (0xe43f2823) mem 0x80010000 0x00000001
core   0: 0x8000e1b8 (0xff9ff06f) j       pc - 0x8
core   0: 3 0x8000e1b8 (0xff9ff06f)
core   0: 0x8000e1b0 (0x00002f17) auipc   t5, 0x2
core   0: 3 0x8000e1b0 (0x00002f17) x30 0x800101b0
core   0: 0x8000e1b4 (0xe43f2823) sw      gp, -432(t5)
core   0: 3 0x8000e1b4 (0xe43f2823) mem 0x80010000 0x00000001
core   0: 0x8000e1b8 (0xff9ff06f) j       pc - 0x8
core   0: 3 0x8000e1b8 (0xff9ff06f)
core   0: 0x8000e1b0 (0x00002f17) auipc   t5, 0x2
core   0: 3 0x8000e1b0 (0x00002f17) x30 0x800101b0
core   0: 0x8000e1b4 (0xe43f2823) sw      gp, -432(t5)
core   0: 3 0x8000e1b4 (0xe43f2823) mem 0x80010000 0x00000001
core   0: 0x8000e1b8 (0xff9ff06f) j       pc - 0x8
core   0: 3 0x8000e1b8 (0xff9ff06f)
core   0: 0x8000e1b0 (0x00002f17) auipc   t5, 0x2
core   0: 3 0x8000e1b0 (0x00002f17) x30 0x800101b0
core   0: 0x8000e1b4 (0xe43f2823) sw      gp, -432(t5)
core   0: 3 0x8000e1b4 (0xe43f2823) mem 0x80010000 0x00000001
core   0: 0x8000e1b8 (0xff9ff06f) j       pc - 0x8
core   0: 3 0x8000e1b8 (0xff9ff06f)
core   0: 0x8000e1b0 (0x00002f17) auipc   t5, 0x2
core   0: 3 0x8000e1b0 (0x00002f17) x30 0x800101b0
core   0: 0x8000e1b4 (0xe43f2823) sw      gp, -432(t5)
core   0: 3 0x8000e1b4 (0xe43f2823) mem 0x80010000 0x00000001
core   0: 0x8000e1b8 (0xff9ff06f) j       pc - 0x8
core   0: 3 0x8000e1b8 (0xff9ff06f)
core   0: 0x8000e1b0 (0x00002f17) auipc   t5, 0x2
core   0: 3 0x8000e1b0 (0x00002f17) x30 0x800101b0
core   0: 0x8000e1b4 (0xe43f2823) sw      gp, -432(t5)
core   0: 3 0x8000e1b4 (0xe43f2823) mem 0x80010000 0x00000001
core   0: 0x8000e1b8 (0xff9ff06f) j       pc - 0x8
core   0: 3 0x8000e1b8 (0xff9ff06f)
core   0: 0x8000e1b0 (0x00002f17) auipc   t5, 0x2
core   0: 3 0x8000e1b0 (0x00002f17) x30 0x800101b0
core   0: 0x8000e1b4 (0xe43f2823) sw      gp, -432(t5)
core   0: 3 0x8000e1b4 (0xe43f2823) mem 0x80010000 0x00000001
core   0: 0x8000e1b8 (0xff9ff06f) j       pc - 0x8
core   0: 3 0x8000e1b8 (0xff9ff06f)
core   0: 0x8000e1b0 (0x00002f17) auipc   t5, 0x2
core   0: 3 0x8000e1b0 (0x00002f17) x30 0x800101b0
core   0: 0x8000e1b4 (0xe43f2823) sw      gp, -432(t5)
core   0: 3 0x8000e1b4 (0xe43f2823) mem 0x80010000 0x00000001
core   0: 0x8000e1b8 (0xff9ff06f) j       pc - 0x8
core   0: 3 0x8000e1b8 (0xff9ff06f)
core   0: 0x8000e1b0 (0x00002f17) auipc   t5, 0x2
core   0: 3 0x8000e1b0 (0x00002f17) x30 0x800101b0
core   0: 0x8000e1b4 (0xe43f2823) sw      gp, -432(t5)
core   0: 3 0x8000e1b4 (0xe43f2823) mem 0x80010000 0x00000001
core   0: 0x8000e1b8 (0xff9ff06f) j       pc - 0x8
core   0: 3 0x8000e1b8 (0xff9ff06f)
core   0: 0x8000e1b0 (0x00002f17) auipc   t5, 0x2
core   0: 3 0x8000e1b0 (0x00002f17) x30 0x800101b0
core   0: 0x8000e1b4 (0xe43f2823) sw      gp, -432(t5)
core   0: 3 0x8000e1b4 (0xe43f2823) mem 0x80010000 0x00000001
core   0: 0x8000e1b8 (0xff9ff06f) j       pc - 0x8
core   0: 3 0x8000e1b8 (0xff9ff06f)
core   0: 0x8000e1b0 (0x00002f17) auipc   t5, 0x2
core   0: 3 0x8000e1b0 (0x00002f17) x30 0x800101b0
core   0: 0x8000e1b4 (0xe43f2823) sw      gp, -432(t5)
core   0: 3 0x8000e1b4 (0xe43f2823) mem 0x80010000 0x00000001
core   0: 0x8000e1b8 (0xff9ff06f) j       pc - 0x8
core   0: 3 0x8000e1b8 (0xff9ff06f)
core   0: 0x8000e1b0 (0x00002f17) auipc   t5, 0x2
core   0: 3 0x8000e1b0 (0x00002f17) x30 0x800101b0
core   0: 0x8000e1b4 (0xe43f2823) sw      gp, -432(t5)
core   0: 3 0x8000e1b4 (0xe43f2823) mem 0x80010000 0x00000001
core   0: 0x8000e1b8 (0xff9ff06f) j       pc - 0x8
core   0: 3 0x8000e1b8 (0xff9ff06f)
core   0: 0x8000e1b0 (0x00002f17) auipc   t5, 0x2
core   0: 3 0x8000e1b0 (0x00002f17) x30 0x800101b0
core   0: 0x8000e1b4 (0xe43f2823) sw      gp, -432(t5)
core   0: 3 0x8000e1b4 (0xe43f2823) mem 0x80010000 0x00000001
core   0: 0x8000e1b8 (0xff9ff06f) j       pc - 0x8
core   0: 3 0x8000e1b8 (0xff9ff06f)
core   0: 0x8000e1b0 (0x00002f17) auipc   t5, 0x2
core   0: 3 0x8000e1b0 (0x00002f17) x30 0x800101b0
core   0: 0x8000e1b4 (0xe43f2823) sw      gp, -432(t5)
core   0: 3 0x8000e1b4 (0xe43f2823) mem 0x80010000 0x00000001
core   0: 0x8000e1b8 (0xff9ff06f) j       pc - 0x8
core   0: 3 0x8000e1b8 (0xff9ff06f)
core   0: 0x8000e1b0 (0x00002f17) auipc   t5, 0x2
core   0: 3 0x8000e1b0 (0x00002f17) x30 0x800101b0
core   0: 0x8000e1b4 (0xe43f2823) sw      gp, -432(t5)
core   0: 3 0x8000e1b4 (0xe43f2823) mem 0x80010000 0x00000001
core   0: 0x8000e1b8 (0xff9ff06f) j       pc - 0x8
core   0: 3 0x8000e1b8 (0xff9ff06f)
core   0: 0x8000e1b0 (0x00002f17) auipc   t5, 0x2
core   0: 3 0x8000e1b0 (0x00002f17) x30 0x800101b0
core   0: 0x8000e1b4 (0xe43f2823) sw      gp, -432(t5)
core   0: 3 0x8000e1b4 (0xe43f2823) mem 0x80010000 0x00000001
core   0: 0x8000e1b8 (0xff9ff06f) j       pc - 0x8
core   0: 3 0x8000e1b8 (0xff9ff06f)
core   0: 0x8000e1b0 (0x00002f17) auipc   t5, 0x2
core   0: 3 0x8000e1b0 (0x00002f17) x30 0x800101b0
core   0: 0x8000e1b4 (0xe43f2823) sw      gp, -432(t5)
core   0: 3 0x8000e1b4 (0xe43f2823) mem 0x80010000 0x00000001
core   0: 0x8000e1b8 (0xff9ff06f) j       pc - 0x8
core   0: 3 0x8000e1b8 (0xff9ff06f)
core   0: 0x8000e1b0 (0x00002f17) auipc   t5, 0x2
core   0: 3 0x8000e1b0 (0x00002f17) x30 0x800101b0
core   0: 0x8000e1b4 (0xe43f2823) sw      gp, -432(t5)
core   0: 3 0x8000e1b4 (0xe43f2823) mem 0x80010000 0x00000001
core   0: 0x8000e1b8 (0xff9ff06f) j       pc - 0x8
core   0: 3 0x8000e1b8 (0xff9ff06f)
core   0: 0x8000e1b0 (0x00002f17) auipc   t5, 0x2
core   0: 3 0x8000e1b0 (0x00002f17) x30 0x800101b0
core   0: 0x8000e1b4 (0xe43f2823) sw      gp, -432(t5)
core   0: 3 0x8000e1b4 (0xe43f2823) mem 0x80010000 0x00000001
core   0: 0x8000e1b8 (0xff9ff06f) j       pc - 0x8
core   0: 3 0x8000e1b8 (0xff9ff06f)
core   0: 0x8000e1b0 (0x00002f17) auipc   t5, 0x2
core   0: 3 0x8000e1b0 (0x00002f17) x30 0x800101b0
core   0: 0x8000e1b4 (0xe43f2823) sw      gp, -432(t5)
core   0: 3 0x8000e1b4 (0xe43f2823) mem 0x80010000 0x00000001
core   0: 0x8000e1b8 (0xff9ff06f) j       pc - 0x8
core   0: 3 0x8000e1b8 (0xff9ff06f)
core   0: 0x8000e1b0 (0x00002f17) auipc   t5, 0x2
core   0: 3 0x8000e1b0 (0x00002f17) x30 0x800101b0
core   0: 0x8000e1b4 (0xe43f2823) sw      gp, -432(t5)
core   0: 3 0x8000e1b4 (0xe43f2823) mem 0x80010000 0x00000001
core   0: 0x8000e1b8 (0xff9ff06f) j       pc - 0x8
core   0: 3 0x8000e1b8 (0xff9ff06f)
core   0: 0x8000e1b0 (0x00002f17) auipc   t5, 0x2
core   0: 3 0x8000e1b0 (0x00002f17) x30 0x800101b0
core   0: 0x8000e1b4 (0xe43f2823) sw      gp, -432(t5)
core   0: 3 0x8000e1b4 (0xe43f2823) mem 0x80010000 0x00000001
core   0: 0x8000e1b8 (0xff9ff06f) j       pc - 0x8
core   0: 3 0x8000e1b8 (0xff9ff06f)
core   0: 0x8000e1b0 (0x00002f17) auipc   t5, 0x2
core   0: 3 0x8000e1b0 (0x00002f17) x30 0x800101b0
core   0: 0x8000e1b4 (0xe43f2823) sw      gp, -432(t5)
core   0: 3 0x8000e1b4 (0xe43f2823) mem 0x80010000 0x00000001
core   0: 0x8000e1b8 (0xff9ff06f) j       pc - 0x8
core   0: 3 0x8000e1b8 (0xff9ff06f)
core   0: 0x8000e1b0 (0x00002f17) auipc   t5, 0x2
core   0: 3 0x8000e1b0 (0x00002f17) x30 0x800101b0
core   0: 0x8000e1b4 (0xe43f2823) sw      gp, -432(t5)
core   0: 3 0x8000e1b4 (0xe43f2823) mem 0x80010000 0x00000001
core   0: 0x8000e1b8 (0xff9ff06f) j       pc - 0x8
core   0: 3 0x8000e1b8 (0xff9ff06f)
core   0: 0x8000e1b0 (0x00002f17) auipc   t5, 0x2
core   0: 3 0x8000e1b0 (0x00002f17) x30 0x800101b0
core   0: 0x8000e1b4 (0xe43f2823) sw      gp, -432(t5)
core   0: 3 0x8000e1b4 (0xe43f2823) mem 0x80010000 0x00000001
core   0: 0x8000e1b8 (0xff9ff06f) j       pc - 0x8
core   0: 3 0x8000e1b8 (0xff9ff06f)
core   0: 0x8000e1b0 (0x00002f17) auipc   t5, 0x2
core   0: 3 0x8000e1b0 (0x00002f17) x30 0x800101b0
core   0: 0x8000e1b4 (0xe43f2823) sw      gp, -432(t5)
core   0: 3 0x8000e1b4 (0xe43f2823) mem 0x80010000 0x00000001
core   0: 0x8000e1b8 (0xff9ff06f) j       pc - 0x8
core   0: 3 0x8000e1b8 (0xff9ff06f)
core   0: 0x8000e1b0 (0x00002f17) auipc   t5, 0x2
core   0: 3 0x8000e1b0 (0x00002f17) x30 0x800101b0
core   0: 0x8000e1b4 (0xe43f2823) sw      gp, -432(t5)
core   0: 3 0x8000e1b4 (0xe43f2823) mem 0x80010000 0x00000001
core   0: 0x8000e1b8 (0xff9ff06f) j       pc - 0x8
core   0: 3 0x8000e1b8 (0xff9ff06f)
core   0: 0x8000e1b0 (0x00002f17) auipc   t5, 0x2
core   0: 3 0x8000e1b0 (0x00002f17) x30 0x800101b0
core   0: 0x8000e1b4 (0xe43f2823) sw      gp, -432(t5)
core   0: 3 0x8000e1b4 (0xe43f2823) mem 0x80010000 0x00000001
core   0: 0x8000e1b8 (0xff9ff06f) j       pc - 0x8
core   0: 3 0x8000e1b8 (0xff9ff06f)
core   0: 0x8000e1b0 (0x00002f17) auipc   t5, 0x2
core   0: 3 0x8000e1b0 (0x00002f17) x30 0x800101b0
core   0: 0x8000e1b4 (0xe43f2823) sw      gp, -432(t5)
core   0: 3 0x8000e1b4 (0xe43f2823) mem 0x80010000 0x00000001
core   0: 0x8000e1b8 (0xff9ff06f) j       pc - 0x8
core   0: 3 0x8000e1b8 (0xff9ff06f)
core   0: 0x8000e1b0 (0x00002f17) auipc   t5, 0x2
core   0: 3 0x8000e1b0 (0x00002f17) x30 0x800101b0
core   0: 0x8000e1b4 (0xe43f2823) sw      gp, -432(t5)
core   0: 3 0x8000e1b4 (0xe43f2823) mem 0x80010000 0x00000001
core   0: 0x8000e1b8 (0xff9ff06f) j       pc - 0x8
core   0: 3 0x8000e1b8 (0xff9ff06f)
core   0: 0x8000e1b0 (0x00002f17) auipc   t5, 0x2
core   0: 3 0x8000e1b0 (0x00002f17) x30 0x800101b0
core   0: 0x8000e1b4 (0xe43f2823) sw      gp, -432(t5)
core   0: 3 0x8000e1b4 (0xe43f2823) mem 0x80010000 0x00000001
core   0: 0x8000e1b8 (0xff9ff06f) j       pc - 0x8
core   0: 3 0x8000e1b8 (0xff9ff06f)
core   0: 0x8000e1b0 (0x00002f17) auipc   t5, 0x2
core   0: 3 0x8000e1b0 (0x00002f17) x30 0x800101b0
core   0: 0x8000e1b4 (0xe43f2823) sw      gp, -432(t5)
core   0: 3 0x8000e1b4 (0xe43f2823) mem 0x80010000 0x00000001
core   0: 0x8000e1b8 (0xff9ff06f) j       pc - 0x8
core   0: 3 0x8000e1b8 (0xff9ff06f)
core   0: 0x8000e1b0 (0x00002f17) auipc   t5, 0x2
core   0: 3 0x8000e1b0 (0x00002f17) x30 0x800101b0
core   0: 0x8000e1b4 (0xe43f2823) sw      gp, -432(t5)
core   0: 3 0x8000e1b4 (0xe43f2823) mem 0x80010000 0x00000001
core   0: 0x8000e1b8 (0xff9ff06f) j       pc - 0x8
core   0: 3 0x8000e1b8 (0xff9ff06f)
core   0: 0x8000e1b0 (0x00002f17) auipc   t5, 0x2
core   0: 3 0x8000e1b0 (0x00002f17) x30 0x800101b0
core   0: 0x8000e1b4 (0xe43f2823) sw      gp, -432(t5)
core   0: 3 0x8000e1b4 (0xe43f2823) mem 0x80010000 0x00000001
core   0: 0x8000e1b8 (0xff9ff06f) j       pc - 0x8
core   0: 3 0x8000e1b8 (0xff9ff06f)
core   0: 0x8000e1b0 (0x00002f17) auipc   t5, 0x2
core   0: 3 0x8000e1b0 (0x00002f17) x30 0x800101b0
core   0: 0x8000e1b4 (0xe43f2823) sw      gp, -432(t5)
core   0: 3 0x8000e1b4 (0xe43f2823) mem 0x80010000 0x00000001
core   0: 0x8000e1b8 (0xff9ff06f) j       pc - 0x8
core   0: 3 0x8000e1b8 (0xff9ff06f)
core   0: 0x8000e1b0 (0x00002f17) auipc   t5, 0x2
core   0: 3 0x8000e1b0 (0x00002f17) x30 0x800101b0
core   0: 0x8000e1b4 (0xe43f2823) sw      gp, -432(t5)
core   0: 3 0x8000e1b4 (0xe43f2823) mem 0x80010000 0x00000001
core   0: 0x8000e1b8 (0xff9ff06f) j       pc - 0x8
core   0: 3 0x8000e1b8 (0xff9ff06f)
core   0: 0x8000e1b0 (0x00002f17) auipc   t5, 0x2
core   0: 3 0x8000e1b0 (0x00002f17) x30 0x800101b0
core   0: 0x8000e1b4 (0xe43f2823) sw      gp, -432(t5)
core   0: 3 0x8000e1b4 (0xe43f2823) mem 0x80010000 0x00000001
core   0: 0x8000e1b8 (0xff9ff06f) j       pc - 0x8
core   0: 3 0x8000e1b8 (0xff9ff06f)
core   0: 0x8000e1b0 (0x00002f17) auipc   t5, 0x2
core   0: 3 0x8000e1b0 (0x00002f17) x30 0x800101b0
core   0: 0x8000e1b4 (0xe43f2823) sw      gp, -432(t5)
core   0: 3 0x8000e1b4 (0xe43f2823) mem 0x80010000 0x00000001
core   0: 0x8000e1b8 (0xff9ff06f) j       pc - 0x8
core   0: 3 0x8000e1b8 (0xff9ff06f)
core   0: 0x8000e1b0 (0x00002f17) auipc   t5, 0x2
core   0: 3 0x8000e1b0 (0x00002f17) x30 0x800101b0
core   0: 0x8000e1b4 (0xe43f2823) sw      gp, -432(t5)
core   0: 3 0x8000e1b4 (0xe43f2823) mem 0x80010000 0x00000001
core   0: 0x8000e1b8 (0xff9ff06f) j       pc - 0x8
core   0: 3 0x8000e1b8 (0xff9ff06f)
core   0: 0x8000e1b0 (0x00002f17) auipc   t5, 0x2
core   0: 3 0x8000e1b0 (0x00002f17) x30 0x800101b0
core   0: 0x8000e1b4 (0xe43f2823) sw      gp, -432(t5)
core   0: 3 0x8000e1b4 (0xe43f2823) mem 0x80010000 0x00000001
core   0: 0x8000e1b8 (0xff9ff06f) j       pc - 0x8
core   0: 3 0x8000e1b8 (0xff9ff06f)
core   0: 0x8000e1b0 (0x00002f17) auipc   t5, 0x2
core   0: 3 0x8000e1b0 (0x00002f17) x30 0x800101b0
core   0: 0x8000e1b4 (0xe43f2823) sw      gp, -432(t5)
core   0: 3 0x8000e1b4 (0xe43f2823) mem 0x80010000 0x00000001
core   0: 0x8000e1b8 (0xff9ff06f) j       pc - 0x8
core   0: 3 0x8000e1b8 (0xff9ff06f)
core   0: 0x8000e1b0 (0x00002f17) auipc   t5, 0x2
core   0: 3 0x8000e1b0 (0x00002f17) x30 0x800101b0
core   0: 0x8000e1b4 (0xe43f2823) sw      gp, -432(t5)
core   0: 3 0x8000e1b4 (0xe43f2823) mem 0x80010000 0x00000001
core   0: 0x8000e1b8 (0xff9ff06f) j       pc - 0x8
core   0: 3 0x8000e1b8 (0xff9ff06f)
core   0: 0x8000e1b0 (0x00002f17) auipc   t5, 0x2
core   0: 3 0x8000e1b0 (0x00002f17) x30 0x800101b0
core   0: 0x8000e1b4 (0xe43f2823) sw      gp, -432(t5)
core   0: 3 0x8000e1b4 (0xe43f2823) mem 0x80010000 0x00000001
core   0: 0x8000e1b8 (0xff9ff06f) j       pc - 0x8
core   0: 3 0x8000e1b8 (0xff9ff06f)
core   0: 0x8000e1b0 (0x00002f17) auipc   t5, 0x2
core   0: 3 0x8000e1b0 (0x00002f17) x30 0x800101b0
core   0: 0x8000e1b4 (0xe43f2823) sw      gp, -432(t5)
core   0: 3 0x8000e1b4 (0xe43f2823) mem 0x80010000 0x00000001
core   0: 0x8000e1b8 (0xff9ff06f) j       pc - 0x8
core   0: 3 0x8000e1b8 (0xff9ff06f)
core   0: 0x8000e1b0 (0x00002f17) auipc   t5, 0x2
core   0: 3 0x8000e1b0 (0x00002f17) x30 0x800101b0
core   0: 0x8000e1b4 (0xe43f2823) sw      gp, -432(t5)
core   0: 3 0x8000e1b4 (0xe43f2823) mem 0x80010000 0x00000001
core   0: 0x8000e1b8 (0xff9ff06f) j       pc - 0x8
core   0: 3 0x8000e1b8 (0xff9ff06f)
core   0: 0x8000e1b0 (0x00002f17) auipc   t5, 0x2
core   0: 3 0x8000e1b0 (0x00002f17) x30 0x800101b0
core   0: 0x8000e1b4 (0xe43f2823) sw      gp, -432(t5)
core   0: 3 0x8000e1b4 (0xe43f2823) mem 0x80010000 0x00000001
core   0: 0x8000e1b8 (0xff9ff06f) j       pc - 0x8
core   0: 3 0x8000e1b8 (0xff9ff06f)
core   0: 0x8000e1b0 (0x00002f17) auipc   t5, 0x2
core   0: 3 0x8000e1b0 (0x00002f17) x30 0x800101b0
core   0: 0x8000e1b4 (0xe43f2823) sw      gp, -432(t5)
core   0: 3 0x8000e1b4 (0xe43f2823) mem 0x80010000 0x00000001
core   0: 0x8000e1b8 (0xff9ff06f) j       pc - 0x8
core   0: 3 0x8000e1b8 (0xff9ff06f)
core   0: 0x8000e1b0 (0x00002f17) auipc   t5, 0x2
core   0: 3 0x8000e1b0 (0x00002f17) x30 0x800101b0
core   0: 0x8000e1b4 (0xe43f2823) sw      gp, -432(t5)
core   0: 3 0x8000e1b4 (0xe43f2823) mem 0x80010000 0x00000001
core   0: 0x8000e1b8 (0xff9ff06f) j       pc - 0x8
core   0: 3 0x8000e1b8 (0xff9ff06f)
core   0: 0x8000e1b0 (0x00002f17) auipc   t5, 0x2
core   0: 3 0x8000e1b0 (0x00002f17) x30 0x800101b0
core   0: 0x8000e1b4 (0xe43f2823) sw      gp, -432(t5)
core   0: 3 0x8000e1b4 (0xe43f2823) mem 0x80010000 0x00000001
core   0: 0x8000e1b8 (0xff9ff06f) j       pc - 0x8
core   0: 3 0x8000e1b8 (0xff9ff06f)
core   0: 0x8000e1b0 (0x00002f17) auipc   t5, 0x2
core   0: 3 0x8000e1b0 (0x00002f17) x30 0x800101b0
core   0: 0x8000e1b4 (0xe43f2823) sw      gp, -432(t5)
core   0: 3 0x8000e1b4 (0xe43f2823) mem 0x80010000 0x00000001
core   0: 0x8000e1b8 (0xff9ff06f) j       pc - 0x8
core   0: 3 0x8000e1b8 (0xff9ff06f)
core   0: 0x8000e1b0 (0x00002f17) auipc   t5, 0x2
core   0: 3 0x8000e1b0 (0x00002f17) x30 0x800101b0
core   0: 0x8000e1b4 (0xe43f2823) sw      gp, -432(t5)
core   0: 3 0x8000e1b4 (0xe43f2823) mem 0x80010000 0x00000001
core   0: 0x8000e1b8 (0xff9ff06f) j       pc - 0x8
core   0: 3 0x8000e1b8 (0xff9ff06f)
core   0: 0x8000e1b0 (0x00002f17) auipc   t5, 0x2
core   0: 3 0x8000e1b0 (0x00002f17) x30 0x800101b0
core   0: 0x8000e1b4 (0xe43f2823) sw      gp, -432(t5)
core   0: 3 0x8000e1b4 (0xe43f2823) mem 0x80010000 0x00000001
core   0: 0x8000e1b8 (0xff9ff06f) j       pc - 0x8
core   0: 3 0x8000e1b8 (0xff9ff06f)
core   0: 0x8000e1b0 (0x00002f17) auipc   t5, 0x2
core   0: 3 0x8000e1b0 (0x00002f17) x30 0x800101b0
core   0: 0x8000e1b4 (0xe43f2823) sw      gp, -432(t5)
core   0: 3 0x8000e1b4 (0xe43f2823) mem 0x80010000 0x00000001
core   0: 0x8000e1b8 (0xff9ff06f) j       pc - 0x8
core   0: 3 0x8000e1b8 (0xff9ff06f)
core   0: 0x8000e1b0 (0x00002f17) auipc   t5, 0x2
core   0: 3 0x8000e1b0 (0x00002f17) x30 0x800101b0
core   0: 0x8000e1b4 (0xe43f2823) sw      gp, -432(t5)
core   0: 3 0x8000e1b4 (0xe43f2823) mem 0x80010000 0x00000001
core   0: 0x8000e1b8 (0xff9ff06f) j       pc - 0x8
core   0: 3 0x8000e1b8 (0xff9ff06f)
core   0: 0x8000e1b0 (0x00002f17) auipc   t5, 0x2
core   0: 3 0x8000e1b0 (0x00002f17) x30 0x800101b0
core   0: 0x8000e1b4 (0xe43f2823) sw      gp, -432(t5)
core   0: 3 0x8000e1b4 (0xe43f2823) mem 0x80010000 0x00000001
core   0: 0x8000e1b8 (0xff9ff06f) j       pc - 0x8
core   0: 3 0x8000e1b8 (0xff9ff06f)
core   0: 0x8000e1b0 (0x00002f17) auipc   t5, 0x2
core   0: 3 0x8000e1b0 (0x00002f17) x30 0x800101b0
core   0: 0x8000e1b4 (0xe43f2823) sw      gp, -432(t5)
core   0: 3 0x8000e1b4 (0xe43f2823) mem 0x80010000 0x00000001
core   0: 0x8000e1b8 (0xff9ff06f) j       pc - 0x8
core   0: 3 0x8000e1b8 (0xff9ff06f)
core   0: 0x8000e1b0 (0x00002f17) auipc   t5, 0x2
core   0: 3 0x8000e1b0 (0x00002f17) x30 0x800101b0
core   0: 0x8000e1b4 (0xe43f2823) sw      gp, -432(t5)
core   0: 3 0x8000e1b4 (0xe43f2823) mem 0x80010000 0x00000001
core   0: 0x8000e1b8 (0xff9ff06f) j       pc - 0x8
core   0: 3 0x8000e1b8 (0xff9ff06f)
core   0: 0x8000e1b0 (0x00002f17) auipc   t5, 0x2
core   0: 3 0x8000e1b0 (0x00002f17) x30 0x800101b0
core   0: 0x8000e1b4 (0xe43f2823) sw      gp, -432(t5)
core   0: 3 0x8000e1b4 (0xe43f2823) mem 0x80010000 0x00000001
core   0: 0x8000e1b8 (0xff9ff06f) j       pc - 0x8
core   0: 3 0x8000e1b8 (0xff9ff06f)
core   0: 0x8000e1b0 (0x00002f17) auipc   t5, 0x2
core   0: 3 0x8000e1b0 (0x00002f17) x30 0x800101b0
core   0: 0x8000e1b4 (0xe43f2823) sw      gp, -432(t5)
core   0: 3 0x8000e1b4 (0xe43f2823) mem 0x80010000 0x00000001
core   0: 0x8000e1b8 (0xff9ff06f) j       pc - 0x8
core   0: 3 0x8000e1b8 (0xff9ff06f)
core   0: 0x8000e1b0 (0x00002f17) auipc   t5, 0x2
core   0: 3 0x8000e1b0 (0x00002f17) x30 0x800101b0
core   0: 0x8000e1b4 (0xe43f2823) sw      gp, -432(t5)
core   0: 3 0x8000e1b4 (0xe43f2823) mem 0x80010000 0x00000001
core   0: 0x8000e1b8 (0xff9ff06f) j       pc - 0x8
core   0: 3 0x8000e1b8 (0xff9ff06f)
core   0: 0x8000e1b0 (0x00002f17) auipc   t5, 0x2
core   0: 3 0x8000e1b0 (0x00002f17) x30 0x800101b0
core   0: 0x8000e1b4 (0xe43f2823) sw      gp, -432(t5)
core   0: 3 0x8000e1b4 (0xe43f2823) mem 0x80010000 0x00000001
core   0: 0x8000e1b8 (0xff9ff06f) j       pc - 0x8
core   0: 3 0x8000e1b8 (0xff9ff06f)
core   0: 0x8000e1b0 (0x00002f17) auipc   t5, 0x2
core   0: 3 0x8000e1b0 (0x00002f17) x30 0x800101b0
core   0: 0x8000e1b4 (0xe43f2823) sw      gp, -432(t5)
core   0: 3 0x8000e1b4 (0xe43f2823) mem 0x80010000 0x00000001
core   0: 0x8000e1b8 (0xff9ff06f) j       pc - 0x8
core   0: 3 0x8000e1b8 (0xff9ff06f)
core   0: 0x8000e1b0 (0x00002f17) auipc   t5, 0x2
core   0: 3 0x8000e1b0 (0x00002f17) x30 0x800101b0
core   0: 0x8000e1b4 (0xe43f2823) sw      gp, -432(t5)
core   0: 3 0x8000e1b4 (0xe43f2823) mem 0x80010000 0x00000001
core   0: 0x8000e1b8 (0xff9ff06f) j       pc - 0x8
core   0: 3 0x8000e1b8 (0xff9ff06f)
core   0: 0x8000e1b0 (0x00002f17) auipc   t5, 0x2
core   0: 3 0x8000e1b0 (0x00002f17) x30 0x800101b0
core   0: 0x8000e1b4 (0xe43f2823) sw      gp, -432(t5)
core   0: 3 0x8000e1b4 (0xe43f2823) mem 0x80010000 0x00000001
core   0: 0x8000e1b8 (0xff9ff06f) j       pc - 0x8
core   0: 3 0x8000e1b8 (0xff9ff06f)
core   0: 0x8000e1b0 (0x00002f17) auipc   t5, 0x2
core   0: 3 0x8000e1b0 (0x00002f17) x30 0x800101b0
core   0: 0x8000e1b4 (0xe43f2823) sw      gp, -432(t5)
core   0: 3 0x8000e1b4 (0xe43f2823) mem 0x80010000 0x00000001
core   0: 0x8000e1b8 (0xff9ff06f) j       pc - 0x8
core   0: 3 0x8000e1b8 (0xff9ff06f)
core   0: 0x8000e1b0 (0x00002f17) auipc   t5, 0x2
core   0: 3 0x8000e1b0 (0x00002f17) x30 0x800101b0
core   0: 0x8000e1b4 (0xe43f2823) sw      gp, -432(t5)
core   0: 3 0x8000e1b4 (0xe43f2823) mem 0x80010000 0x00000001
core   0: 0x8000e1b8 (0xff9ff06f) j       pc - 0x8
core   0: 3 0x8000e1b8 (0xff9ff06f)
core   0: 0x8000e1b0 (0x00002f17) auipc   t5, 0x2
core   0: 3 0x8000e1b0 (0x00002f17) x30 0x800101b0
core   0: 0x8000e1b4 (0xe43f2823) sw      gp, -432(t5)
core   0: 3 0x8000e1b4 (0xe43f2823) mem 0x80010000 0x00000001
core   0: 0x8000e1b8 (0xff9ff06f) j       pc - 0x8
core   0: 3 0x8000e1b8 (0xff9ff06f)
core   0: 0x8000e1b0 (0x00002f17) auipc   t5, 0x2
core   0: 3 0x8000e1b0 (0x00002f17) x30 0x800101b0
core   0: 0x8000e1b4 (0xe43f2823) sw      gp, -432(t5)
core   0: 3 0x8000e1b4 (0xe43f2823) mem 0x80010000 0x00000001
core   0: 0x8000e1b8 (0xff9ff06f) j       pc - 0x8
core   0: 3 0x8000e1b8 (0xff9ff06f)
core   0: 0x8000e1b0 (0x00002f17) auipc   t5, 0x2
core   0: 3 0x8000e1b0 (0x00002f17) x30 0x800101b0
core   0: 0x8000e1b4 (0xe43f2823) sw      gp, -432(t5)
core   0: 3 0x8000e1b4 (0xe43f2823) mem 0x80010000 0x00000001
core   0: 0x8000e1b8 (0xff9ff06f) j       pc - 0x8
core   0: 3 0x8000e1b8 (0xff9ff06f)
core   0: 0x8000e1b0 (0x00002f17) auipc   t5, 0x2
core   0: 3 0x8000e1b0 (0x00002f17) x30 0x800101b0
core   0: 0x8000e1b4 (0xe43f2823) sw      gp, -432(t5)
core   0: 3 0x8000e1b4 (0xe43f2823) mem 0x80010000 0x00000001
core   0: 0x8000e1b8 (0xff9ff06f) j       pc - 0x8
core   0: 3 0x8000e1b8 (0xff9ff06f)
core   0: 0x8000e1b0 (0x00002f17) auipc   t5, 0x2
core   0: 3 0x8000e1b0 (0x00002f17) x30 0x800101b0
core   0: 0x8000e1b4 (0xe43f2823) sw      gp, -432(t5)
core   0: 3 0x8000e1b4 (0xe43f2823) mem 0x80010000 0x00000001
core   0: 0x8000e1b8 (0xff9ff06f) j       pc - 0x8
core   0: 3 0x8000e1b8 (0xff9ff06f)
core   0: 0x8000e1b0 (0x00002f17) auipc   t5, 0x2
core   0: 3 0x8000e1b0 (0x00002f17) x30 0x800101b0
core   0: 0x8000e1b4 (0xe43f2823) sw      gp, -432(t5)
core   0: 3 0x8000e1b4 (0xe43f2823) mem 0x80010000 0x00000001
core   0: 0x8000e1b8 (0xff9ff06f) j       pc - 0x8
core   0: 3 0x8000e1b8 (0xff9ff06f)
core   0: 0x8000e1b0 (0x00002f17) auipc   t5, 0x2
core   0: 3 0x8000e1b0 (0x00002f17) x30 0x800101b0
core   0: 0x8000e1b4 (0xe43f2823) sw      gp, -432(t5)
core   0: 3 0x8000e1b4 (0xe43f2823) mem 0x80010000 0x00000001
core   0: 0x8000e1b8 (0xff9ff06f) j       pc - 0x8
core   0: 3 0x8000e1b8 (0xff9ff06f)
core   0: 0x8000e1b0 (0x00002f17) auipc   t5, 0x2
core   0: 3 0x8000e1b0 (0x00002f17) x30 0x800101b0
core   0: 0x8000e1b4 (0xe43f2823) sw      gp, -432(t5)
core   0: 3 0x8000e1b4 (0xe43f2823) mem 0x80010000 0x00000001
core   0: 0x8000e1b8 (0xff9ff06f) j       pc - 0x8
core   0: 3 0x8000e1b8 (0xff9ff06f)
core   0: 0x8000e1b0 (0x00002f17) auipc   t5, 0x2
core   0: 3 0x8000e1b0 (0x00002f17) x30 0x800101b0
core   0: 0x8000e1b4 (0xe43f2823) sw      gp, -432(t5)
core   0: 3 0x8000e1b4 (0xe43f2823) mem 0x80010000 0x00000001
core   0: 0x8000e1b8 (0xff9ff06f) j       pc - 0x8
core   0: 3 0x8000e1b8 (0xff9ff06f)
core   0: 0x8000e1b0 (0x00002f17) auipc   t5, 0x2
core   0: 3 0x8000e1b0 (0x00002f17) x30 0x800101b0
core   0: 0x8000e1b4 (0xe43f2823) sw      gp, -432(t5)
core   0: 3 0x8000e1b4 (0xe43f2823) mem 0x80010000 0x00000001
core   0: 0x8000e1b8 (0xff9ff06f) j       pc - 0x8
core   0: 3 0x8000e1b8 (0xff9ff06f)
core   0: 0x8000e1b0 (0x00002f17) auipc   t5, 0x2
core   0: 3 0x8000e1b0 (0x00002f17) x30 0x800101b0
core   0: 0x8000e1b4 (0xe43f2823) sw      gp, -432(t5)
core   0: 3 0x8000e1b4 (0xe43f2823) mem 0x80010000 0x00000001
core   0: 0x8000e1b8 (0xff9ff06f) j       pc - 0x8
core   0: 3 0x8000e1b8 (0xff9ff06f)
core   0: 0x8000e1b0 (0x00002f17) auipc   t5, 0x2
core   0: 3 0x8000e1b0 (0x00002f17) x30 0x800101b0
core   0: 0x8000e1b4 (0xe43f2823) sw      gp, -432(t5)
core   0: 3 0x8000e1b4 (0xe43f2823) mem 0x80010000 0x00000001
core   0: 0x8000e1b8 (0xff9ff06f) j       pc - 0x8
core   0: 3 0x8000e1b8 (0xff9ff06f)
core   0: 0x8000e1b0 (0x00002f17) auipc   t5, 0x2
core   0: 3 0x8000e1b0 (0x00002f17) x30 0x800101b0
core   0: 0x8000e1b4 (0xe43f2823) sw      gp, -432(t5)
core   0: 3 0x8000e1b4 (0xe43f2823) mem 0x80010000 0x00000001
core   0: 0x8000e1b8 (0xff9ff06f) j       pc - 0x8
core   0: 3 0x8000e1b8 (0xff9ff06f)
core   0: 0x8000e1b0 (0x00002f17) auipc   t5, 0x2
core   0: 3 0x8000e1b0 (0x00002f17) x30 0x800101b0
core   0: 0x8000e1b4 (0xe43f2823) sw      gp, -432(t5)
core   0: 3 0x8000e1b4 (0xe43f2823) mem 0x80010000 0x00000001
core   0: 0x8000e1b8 (0xff9ff06f) j       pc - 0x8
core   0: 3 0x8000e1b8 (0xff9ff06f)
core   0: 0x8000e1b0 (0x00002f17) auipc   t5, 0x2
core   0: 3 0x8000e1b0 (0x00002f17) x30 0x800101b0
core   0: 0x8000e1b4 (0xe43f2823) sw      gp, -432(t5)
core   0: 3 0x8000e1b4 (0xe43f2823) mem 0x80010000 0x00000001
core   0: 0x8000e1b8 (0xff9ff06f) j       pc - 0x8
core   0: 3 0x8000e1b8 (0xff9ff06f)
core   0: 0x8000e1b0 (0x00002f17) auipc   t5, 0x2
core   0: 3 0x8000e1b0 (0x00002f17) x30 0x800101b0
core   0: 0x8000e1b4 (0xe43f2823) sw      gp, -432(t5)
core   0: 3 0x8000e1b4 (0xe43f2823) mem 0x80010000 0x00000001
core   0: 0x8000e1b8 (0xff9ff06f) j       pc - 0x8
core   0: 3 0x8000e1b8 (0xff9ff06f)
core   0: 0x8000e1b0 (0x00002f17) auipc   t5, 0x2
core   0: 3 0x8000e1b0 (0x00002f17) x30 0x800101b0
core   0: 0x8000e1b4 (0xe43f2823) sw      gp, -432(t5)
core   0: 3 0x8000e1b4 (0xe43f2823) mem 0x80010000 0x00000001
core   0: 0x8000e1b8 (0xff9ff06f) j       pc - 0x8
core   0: 3 0x8000e1b8 (0xff9ff06f)
core   0: 0x8000e1b0 (0x00002f17) auipc   t5, 0x2
core   0: 3 0x8000e1b0 (0x00002f17) x30 0x800101b0
core   0: 0x8000e1b4 (0xe43f2823) sw      gp, -432(t5)
core   0: 3 0x8000e1b4 (0xe43f2823) mem 0x80010000 0x00000001
core   0: 0x8000e1b8 (0xff9ff06f) j       pc - 0x8
core   0: 3 0x8000e1b8 (0xff9ff06f)
core   0: 0x8000e1b0 (0x00002f17) auipc   t5, 0x2
core   0: 3 0x8000e1b0 (0x00002f17) x30 0x800101b0
core   0: 0x8000e1b4 (0xe43f2823) sw      gp, -432(t5)
core   0: 3 0x8000e1b4 (0xe43f2823) mem 0x80010000 0x00000001
core   0: 0x8000e1b8 (0xff9ff06f) j       pc - 0x8
core   0: 3 0x8000e1b8 (0xff9ff06f)
core   0: 0x8000e1b0 (0x00002f17) auipc   t5, 0x2
core   0: 3 0x8000e1b0 (0x00002f17) x30 0x800101b0
core   0: 0x8000e1b4 (0xe43f2823) sw      gp, -432(t5)
core   0: 3 0x8000e1b4 (0xe43f2823) mem 0x80010000 0x00000001
core   0: 0x8000e1b8 (0xff9ff06f) j       pc - 0x8
core   0: 3 0x8000e1b8 (0xff9ff06f)
core   0: 0x8000e1b0 (0x00002f17) auipc   t5, 0x2
core   0: 3 0x8000e1b0 (0x00002f17) x30 0x800101b0
core   0: 0x8000e1b4 (0xe43f2823) sw      gp, -432(t5)
core   0: 3 0x8000e1b4 (0xe43f2823) mem 0x80010000 0x00000001
core   0: 0x8000e1b8 (0xff9ff06f) j       pc - 0x8
core   0: 3 0x8000e1b8 (0xff9ff06f)
core   0: 0x8000e1b0 (0x00002f17) auipc   t5, 0x2
core   0: 3 0x8000e1b0 (0x00002f17) x30 0x800101b0
core   0: 0x8000e1b4 (0xe43f2823) sw      gp, -432(t5)
core   0: 3 0x8000e1b4 (0xe43f2823) mem 0x80010000 0x00000001
core   0: 0x8000e1b8 (0xff9ff06f) j       pc - 0x8
core   0: 3 0x8000e1b8 (0xff9ff06f)
core   0: 0x8000e1b0 (0x00002f17) auipc   t5, 0x2
core   0: 3 0x8000e1b0 (0x00002f17) x30 0x800101b0
core   0: 0x8000e1b4 (0xe43f2823) sw      gp, -432(t5)
core   0: 3 0x8000e1b4 (0xe43f2823) mem 0x80010000 0x00000001
core   0: 0x8000e1b8 (0xff9ff06f) j       pc - 0x8
core   0: 3 0x8000e1b8 (0xff9ff06f)
core   0: 0x8000e1b0 (0x00002f17) auipc   t5, 0x2
core   0: 3 0x8000e1b0 (0x00002f17) x30 0x800101b0
core   0: 0x8000e1b4 (0xe43f2823) sw      gp, -432(t5)
core   0: 3 0x8000e1b4 (0xe43f2823) mem 0x80010000 0x00000001
core   0: 0x8000e1b8 (0xff9ff06f) j       pc - 0x8
core   0: 3 0x8000e1b8 (0xff9ff06f)
core   0: 0x8000e1b0 (0x00002f17) auipc   t5, 0x2
core   0: 3 0x8000e1b0 (0x00002f17) x30 0x800101b0
core   0: 0x8000e1b4 (0xe43f2823) sw      gp, -432(t5)
core   0: 3 0x8000e1b4 (0xe43f2823) mem 0x80010000 0x00000001
core   0: 0x8000e1b8 (0xff9ff06f) j       pc - 0x8
core   0: 3 0x8000e1b8 (0xff9ff06f)
core   0: 0x8000e1b0 (0x00002f17) auipc   t5, 0x2
core   0: 3 0x8000e1b0 (0x00002f17) x30 0x800101b0
core   0: 0x8000e1b4 (0xe43f2823) sw      gp, -432(t5)
core   0: 3 0x8000e1b4 (0xe43f2823) mem 0x80010000 0x00000001
core   0: 0x8000e1b8 (0xff9ff06f) j       pc - 0x8
core   0: 3 0x8000e1b8 (0xff9ff06f)
core   0: 0x8000e1b0 (0x00002f17) auipc   t5, 0x2
core   0: 3 0x8000e1b0 (0x00002f17) x30 0x800101b0
core   0: 0x8000e1b4 (0xe43f2823) sw      gp, -432(t5)
core   0: 3 0x8000e1b4 (0xe43f2823) mem 0x80010000 0x00000001
core   0: 0x8000e1b8 (0xff9ff06f) j       pc - 0x8
core   0: 3 0x8000e1b8 (0xff9ff06f)
core   0: 0x8000e1b0 (0x00002f17) auipc   t5, 0x2
core   0: 3 0x8000e1b0 (0x00002f17) x30 0x800101b0
core   0: 0x8000e1b4 (0xe43f2823) sw      gp, -432(t5)
core   0: 3 0x8000e1b4 (0xe43f2823) mem 0x80010000 0x00000001
core   0: 0x8000e1b8 (0xff9ff06f) j       pc - 0x8
core   0: 3 0x8000e1b8 (0xff9ff06f)
core   0: 0x8000e1b0 (0x00002f17) auipc   t5, 0x2
core   0: 3 0x8000e1b0 (0x00002f17) x30 0x800101b0
core   0: 0x8000e1b4 (0xe43f2823) sw      gp, -432(t5)
core   0: 3 0x8000e1b4 (0xe43f2823) mem 0x80010000 0x00000001
core   0: 0x8000e1b8 (0xff9ff06f) j       pc - 0x8
core   0: 3 0x8000e1b8 (0xff9ff06f)
core   0: 0x8000e1b0 (0x00002f17) auipc   t5, 0x2
core   0: 3 0x8000e1b0 (0x00002f17) x30 0x800101b0
core   0: 0x8000e1b4 (0xe43f2823) sw      gp, -432(t5)
core   0: 3 0x8000e1b4 (0xe43f2823) mem 0x80010000 0x00000001
core   0: 0x8000e1b8 (0xff9ff06f) j       pc - 0x8
core   0: 3 0x8000e1b8 (0xff9ff06f)
core   0: 0x8000e1b0 (0x00002f17) auipc   t5, 0x2
core   0: 3 0x8000e1b0 (0x00002f17) x30 0x800101b0
core   0: 0x8000e1b4 (0xe43f2823) sw      gp, -432(t5)
core   0: 3 0x8000e1b4 (0xe43f2823) mem 0x80010000 0x00000001
core   0: 0x8000e1b8 (0xff9ff06f) j       pc - 0x8
core   0: 3 0x8000e1b8 (0xff9ff06f)
core   0: 0x8000e1b0 (0x00002f17) auipc   t5, 0x2
core   0: 3 0x8000e1b0 (0x00002f17) x30 0x800101b0
core   0: 0x8000e1b4 (0xe43f2823) sw      gp, -432(t5)
core   0: 3 0x8000e1b4 (0xe43f2823) mem 0x80010000 0x00000001
core   0: 0x8000e1b8 (0xff9ff06f) j       pc - 0x8
core   0: 3 0x8000e1b8 (0xff9ff06f)
core   0: 0x8000e1b0 (0x00002f17) auipc   t5, 0x2
core   0: 3 0x8000e1b0 (0x00002f17) x30 0x800101b0
core   0: 0x8000e1b4 (0xe43f2823) sw      gp, -432(t5)
core   0: 3 0x8000e1b4 (0xe43f2823) mem 0x80010000 0x00000001
core   0: 0x8000e1b8 (0xff9ff06f) j       pc - 0x8
core   0: 3 0x8000e1b8 (0xff9ff06f)
core   0: 0x8000e1b0 (0x00002f17) auipc   t5, 0x2
core   0: 3 0x8000e1b0 (0x00002f17) x30 0x800101b0
core   0: 0x8000e1b4 (0xe43f2823) sw      gp, -432(t5)
core   0: 3 0x8000e1b4 (0xe43f2823) mem 0x80010000 0x00000001
core   0: 0x8000e1b8 (0xff9ff06f) j       pc - 0x8
core   0: 3 0x8000e1b8 (0xff9ff06f)
core   0: 0x8000e1b0 (0x00002f17) auipc   t5, 0x2
core   0: 3 0x8000e1b0 (0x00002f17) x30 0x800101b0
core   0: 0x8000e1b4 (0xe43f2823) sw      gp, -432(t5)
core   0: 3 0x8000e1b4 (0xe43f2823) mem 0x80010000 0x00000001
core   0: 0x8000e1b8 (0xff9ff06f) j       pc - 0x8
core   0: 3 0x8000e1b8 (0xff9ff06f)
core   0: 0x8000e1b0 (0x00002f17) auipc   t5, 0x2
core   0: 3 0x8000e1b0 (0x00002f17) x30 0x800101b0
core   0: 0x8000e1b4 (0xe43f2823) sw      gp, -432(t5)
core   0: 3 0x8000e1b4 (0xe43f2823) mem 0x80010000 0x00000001
core   0: 0x8000e1b8 (0xff9ff06f) j       pc - 0x8
core   0: 3 0x8000e1b8 (0xff9ff06f)
core   0: 0x8000e1b0 (0x00002f17) auipc   t5, 0x2
core   0: 3 0x8000e1b0 (0x00002f17) x30 0x800101b0
core   0: 0x8000e1b4 (0xe43f2823) sw      gp, -432(t5)
core   0: 3 0x8000e1b4 (0xe43f2823) mem 0x80010000 0x00000001
core   0: 0x8000e1b8 (0xff9ff06f) j       pc - 0x8
core   0: 3 0x8000e1b8 (0xff9ff06f)
core   0: 0x8000e1b0 (0x00002f17) auipc   t5, 0x2
core   0: 3 0x8000e1b0 (0x00002f17) x30 0x800101b0
core   0: 0x8000e1b4 (0xe43f2823) sw      gp, -432(t5)
core   0: 3 0x8000e1b4 (0xe43f2823) mem 0x80010000 0x00000001
core   0: 0x8000e1b8 (0xff9ff06f) j       pc - 0x8
core   0: 3 0x8000e1b8 (0xff9ff06f)
core   0: 0x8000e1b0 (0x00002f17) auipc   t5, 0x2
core   0: 3 0x8000e1b0 (0x00002f17) x30 0x800101b0
core   0: 0x8000e1b4 (0xe43f2823) sw      gp, -432(t5)
core   0: 3 0x8000e1b4 (0xe43f2823) mem 0x80010000 0x00000001
core   0: 0x8000e1b8 (0xff9ff06f) j       pc - 0x8
core   0: 3 0x8000e1b8 (0xff9ff06f)
core   0: 0x8000e1b0 (0x00002f17) auipc   t5, 0x2
core   0: 3 0x8000e1b0 (0x00002f17) x30 0x800101b0
core   0: 0x8000e1b4 (0xe43f2823) sw      gp, -432(t5)
core   0: 3 0x8000e1b4 (0xe43f2823) mem 0x80010000 0x00000001
core   0: 0x8000e1b8 (0xff9ff06f) j       pc - 0x8
core   0: 3 0x8000e1b8 (0xff9ff06f)
core   0: 0x8000e1b0 (0x00002f17) auipc   t5, 0x2
core   0: 3 0x8000e1b0 (0x00002f17) x30 0x800101b0
core   0: 0x8000e1b4 (0xe43f2823) sw      gp, -432(t5)
core   0: 3 0x8000e1b4 (0xe43f2823) mem 0x80010000 0x00000001
core   0: 0x8000e1b8 (0xff9ff06f) j       pc - 0x8
core   0: 3 0x8000e1b8 (0xff9ff06f)
core   0: 0x8000e1b0 (0x00002f17) auipc   t5, 0x2
core   0: 3 0x8000e1b0 (0x00002f17) x30 0x800101b0
core   0: 0x8000e1b4 (0xe43f2823) sw      gp, -432(t5)
core   0: 3 0x8000e1b4 (0xe43f2823) mem 0x80010000 0x00000001
core   0: 0x8000e1b8 (0xff9ff06f) j       pc - 0x8
core   0: 3 0x8000e1b8 (0xff9ff06f)
core   0: 0x8000e1b0 (0x00002f17) auipc   t5, 0x2
core   0: 3 0x8000e1b0 (0x00002f17) x30 0x800101b0
core   0: 0x8000e1b4 (0xe43f2823) sw      gp, -432(t5)
core   0: 3 0x8000e1b4 (0xe43f2823) mem 0x80010000 0x00000001
core   0: 0x8000e1b8 (0xff9ff06f) j       pc - 0x8
core   0: 3 0x8000e1b8 (0xff9ff06f)
core   0: 0x8000e1b0 (0x00002f17) auipc   t5, 0x2
core   0: 3 0x8000e1b0 (0x00002f17) x30 0x800101b0
core   0: 0x8000e1b4 (0xe43f2823) sw      gp, -432(t5)
core   0: 3 0x8000e1b4 (0xe43f2823) mem 0x80010000 0x00000001
core   0: 0x8000e1b8 (0xff9ff06f) j       pc - 0x8
core   0: 3 0x8000e1b8 (0xff9ff06f)
core   0: 0x8000e1b0 (0x00002f17) auipc   t5, 0x2
core   0: 3 0x8000e1b0 (0x00002f17) x30 0x800101b0
core   0: 0x8000e1b4 (0xe43f2823) sw      gp, -432(t5)
core   0: 3 0x8000e1b4 (0xe43f2823) mem 0x80010000 0x00000001
core   0: 0x8000e1b8 (0xff9ff06f) j       pc - 0x8
core   0: 3 0x8000e1b8 (0xff9ff06f)
core   0: 0x8000e1b0 (0x00002f17) auipc   t5, 0x2
core   0: 3 0x8000e1b0 (0x00002f17) x30 0x800101b0
core   0: 0x8000e1b4 (0xe43f2823) sw      gp, -432(t5)
core   0: 3 0x8000e1b4 (0xe43f2823) mem 0x80010000 0x00000001
core   0: 0x8000e1b8 (0xff9ff06f) j       pc - 0x8
core   0: 3 0x8000e1b8 (0xff9ff06f)
core   0: 0x8000e1b0 (0x00002f17) auipc   t5, 0x2
core   0: 3 0x8000e1b0 (0x00002f17) x30 0x800101b0
core   0: 0x8000e1b4 (0xe43f2823) sw      gp, -432(t5)
core   0: 3 0x8000e1b4 (0xe43f2823) mem 0x80010000 0x00000001
core   0: 0x8000e1b8 (0xff9ff06f) j       pc - 0x8
core   0: 3 0x8000e1b8 (0xff9ff06f)
core   0: 0x8000e1b0 (0x00002f17) auipc   t5, 0x2
core   0: 3 0x8000e1b0 (0x00002f17) x30 0x800101b0
core   0: 0x8000e1b4 (0xe43f2823) sw      gp, -432(t5)
core   0: 3 0x8000e1b4 (0xe43f2823) mem 0x80010000 0x00000001
core   0: 0x8000e1b8 (0xff9ff06f) j       pc - 0x8
core   0: 3 0x8000e1b8 (0xff9ff06f)
core   0: 0x8000e1b0 (0x00002f17) auipc   t5, 0x2
core   0: 3 0x8000e1b0 (0x00002f17) x30 0x800101b0
core   0: 0x8000e1b4 (0xe43f2823) sw      gp, -432(t5)
core   0: 3 0x8000e1b4 (0xe43f2823) mem 0x80010000 0x00000001
core   0: 0x8000e1b8 (0xff9ff06f) j       pc - 0x8
core   0: 3 0x8000e1b8 (0xff9ff06f)
core   0: 0x8000e1b0 (0x00002f17) auipc   t5, 0x2
core   0: 3 0x8000e1b0 (0x00002f17) x30 0x800101b0
core   0: 0x8000e1b4 (0xe43f2823) sw      gp, -432(t5)
core   0: 3 0x8000e1b4 (0xe43f2823) mem 0x80010000 0x00000001
core   0: 0x8000e1b8 (0xff9ff06f) j       pc - 0x8
core   0: 3 0x8000e1b8 (0xff9ff06f)
core   0: 0x8000e1b0 (0x00002f17) auipc   t5, 0x2
core   0: 3 0x8000e1b0 (0x00002f17) x30 0x800101b0
core   0: 0x8000e1b4 (0xe43f2823) sw      gp, -432(t5)
core   0: 3 0x8000e1b4 (0xe43f2823) mem 0x80010000 0x00000001
core   0: 0x8000e1b8 (0xff9ff06f) j       pc - 0x8
core   0: 3 0x8000e1b8 (0xff9ff06f)
core   0: 0x8000e1b0 (0x00002f17) auipc   t5, 0x2
core   0: 3 0x8000e1b0 (0x00002f17) x30 0x800101b0
core   0: 0x8000e1b4 (0xe43f2823) sw      gp, -432(t5)
core   0: 3 0x8000e1b4 (0xe43f2823) mem 0x80010000 0x00000001
core   0: 0x8000e1b8 (0xff9ff06f) j       pc - 0x8
core   0: 3 0x8000e1b8 (0xff9ff06f)
core   0: 0x8000e1b0 (0x00002f17) auipc   t5, 0x2
core   0: 3 0x8000e1b0 (0x00002f17) x30 0x800101b0
core   0: 0x8000e1b4 (0xe43f2823) sw      gp, -432(t5)
core   0: 3 0x8000e1b4 (0xe43f2823) mem 0x80010000 0x00000001
core   0: 0x8000e1b8 (0xff9ff06f) j       pc - 0x8
core   0: 3 0x8000e1b8 (0xff9ff06f)
core   0: 0x8000e1b0 (0x00002f17) auipc   t5, 0x2
core   0: 3 0x8000e1b0 (0x00002f17) x30 0x800101b0
core   0: 0x8000e1b4 (0xe43f2823) sw      gp, -432(t5)
core   0: 3 0x8000e1b4 (0xe43f2823) mem 0x80010000 0x00000001
core   0: 0x8000e1b8 (0xff9ff06f) j       pc - 0x8
core   0: 3 0x8000e1b8 (0xff9ff06f)
core   0: 0x8000e1b0 (0x00002f17) auipc   t5, 0x2
core   0: 3 0x8000e1b0 (0x00002f17) x30 0x800101b0
core   0: 0x8000e1b4 (0xe43f2823) sw      gp, -432(t5)
core   0: 3 0x8000e1b4 (0xe43f2823) mem 0x80010000 0x00000001
core   0: 0x8000e1b8 (0xff9ff06f) j       pc - 0x8
core   0: 3 0x8000e1b8 (0xff9ff06f)
core   0: 0x8000e1b0 (0x00002f17) auipc   t5, 0x2
core   0: 3 0x8000e1b0 (0x00002f17) x30 0x800101b0
core   0: 0x8000e1b4 (0xe43f2823) sw      gp, -432(t5)
core   0: 3 0x8000e1b4 (0xe43f2823) mem 0x80010000 0x00000001
core   0: 0x8000e1b8 (0xff9ff06f) j       pc - 0x8
core   0: 3 0x8000e1b8 (0xff9ff06f)
core   0: 0x8000e1b0 (0x00002f17) auipc   t5, 0x2
core   0: 3 0x8000e1b0 (0x00002f17) x30 0x800101b0
core   0: 0x8000e1b4 (0xe43f2823) sw      gp, -432(t5)
core   0: 3 0x8000e1b4 (0xe43f2823) mem 0x80010000 0x00000001
core   0: 0x8000e1b8 (0xff9ff06f) j       pc - 0x8
core   0: 3 0x8000e1b8 (0xff9ff06f)
core   0: 0x8000e1b0 (0x00002f17) auipc   t5, 0x2
core   0: 3 0x8000e1b0 (0x00002f17) x30 0x800101b0
core   0: 0x8000e1b4 (0xe43f2823) sw      gp, -432(t5)
core   0: 3 0x8000e1b4 (0xe43f2823) mem 0x80010000 0x00000001
core   0: 0x8000e1b8 (0xff9ff06f) j       pc - 0x8
core   0: 3 0x8000e1b8 (0xff9ff06f)
core   0: 0x8000e1b0 (0x00002f17) auipc   t5, 0x2
core   0: 3 0x8000e1b0 (0x00002f17) x30 0x800101b0
core   0: 0x8000e1b4 (0xe43f2823) sw      gp, -432(t5)
core   0: 3 0x8000e1b4 (0xe43f2823) mem 0x80010000 0x00000001
core   0: 0x8000e1b8 (0xff9ff06f) j       pc - 0x8
core   0: 3 0x8000e1b8 (0xff9ff06f)
core   0: 0x8000e1b0 (0x00002f17) auipc   t5, 0x2
core   0: 3 0x8000e1b0 (0x00002f17) x30 0x800101b0
core   0: 0x8000e1b4 (0xe43f2823) sw      gp, -432(t5)
core   0: 3 0x8000e1b4 (0xe43f2823) mem 0x80010000 0x00000001
core   0: 0x8000e1b8 (0xff9ff06f) j       pc - 0x8
core   0: 3 0x8000e1b8 (0xff9ff06f)
core   0: 0x8000e1b0 (0x00002f17) auipc   t5, 0x2
core   0: 3 0x8000e1b0 (0x00002f17) x30 0x800101b0
core   0: 0x8000e1b4 (0xe43f2823) sw      gp, -432(t5)
core   0: 3 0x8000e1b4 (0xe43f2823) mem 0x80010000 0x00000001
core   0: 0x8000e1b8 (0xff9ff06f) j       pc - 0x8
core   0: 3 0x8000e1b8 (0xff9ff06f)
core   0: 0x8000e1b0 (0x00002f17) auipc   t5, 0x2
core   0: 3 0x8000e1b0 (0x00002f17) x30 0x800101b0
core   0: 0x8000e1b4 (0xe43f2823) sw      gp, -432(t5)
core   0: 3 0x8000e1b4 (0xe43f2823) mem 0x80010000 0x00000001
core   0: 0x8000e1b8 (0xff9ff06f) j       pc - 0x8
core   0: 3 0x8000e1b8 (0xff9ff06f)
core   0: 0x8000e1b0 (0x00002f17) auipc   t5, 0x2
core   0: 3 0x8000e1b0 (0x00002f17) x30 0x800101b0
core   0: 0x8000e1b4 (0xe43f2823) sw      gp, -432(t5)
core   0: 3 0x8000e1b4 (0xe43f2823) mem 0x80010000 0x00000001
core   0: 0x8000e1b8 (0xff9ff06f) j       pc - 0x8
core   0: 3 0x8000e1b8 (0xff9ff06f)
core   0: 0x8000e1b0 (0x00002f17) auipc   t5, 0x2
core   0: 3 0x8000e1b0 (0x00002f17) x30 0x800101b0
core   0: 0x8000e1b4 (0xe43f2823) sw      gp, -432(t5)
core   0: 3 0x8000e1b4 (0xe43f2823) mem 0x80010000 0x00000001
core   0: 0x8000e1b8 (0xff9ff06f) j       pc - 0x8
core   0: 3 0x8000e1b8 (0xff9ff06f)
core   0: 0x8000e1b0 (0x00002f17) auipc   t5, 0x2
core   0: 3 0x8000e1b0 (0x00002f17) x30 0x800101b0
core   0: 0x8000e1b4 (0xe43f2823) sw      gp, -432(t5)
core   0: 3 0x8000e1b4 (0xe43f2823) mem 0x80010000 0x00000001
core   0: 0x8000e1b8 (0xff9ff06f) j       pc - 0x8
core   0: 3 0x8000e1b8 (0xff9ff06f)
core   0: 0x8000e1b0 (0x00002f17) auipc   t5, 0x2
core   0: 3 0x8000e1b0 (0x00002f17) x30 0x800101b0
core   0: 0x8000e1b4 (0xe43f2823) sw      gp, -432(t5)
core   0: 3 0x8000e1b4 (0xe43f2823) mem 0x80010000 0x00000001
core   0: 0x8000e1b8 (0xff9ff06f) j       pc - 0x8
core   0: 3 0x8000e1b8 (0xff9ff06f)
core   0: 0x8000e1b0 (0x00002f17) auipc   t5, 0x2
core   0: 3 0x8000e1b0 (0x00002f17) x30 0x800101b0
core   0: 0x8000e1b4 (0xe43f2823) sw      gp, -432(t5)
core   0: 3 0x8000e1b4 (0xe43f2823) mem 0x80010000 0x00000001
core   0: 0x8000e1b8 (0xff9ff06f) j       pc - 0x8
core   0: 3 0x8000e1b8 (0xff9ff06f)
core   0: 0x8000e1b0 (0x00002f17) auipc   t5, 0x2
core   0: 3 0x8000e1b0 (0x00002f17) x30 0x800101b0
core   0: 0x8000e1b4 (0xe43f2823) sw      gp, -432(t5)
core   0: 3 0x8000e1b4 (0xe43f2823) mem 0x80010000 0x00000001
core   0: 0x8000e1b8 (0xff9ff06f) j       pc - 0x8
core   0: 3 0x8000e1b8 (0xff9ff06f)
core   0: 0x8000e1b0 (0x00002f17) auipc   t5, 0x2
core   0: 3 0x8000e1b0 (0x00002f17) x30 0x800101b0
core   0: 0x8000e1b4 (0xe43f2823) sw      gp, -432(t5)
core   0: 3 0x8000e1b4 (0xe43f2823) mem 0x80010000 0x00000001
core   0: 0x8000e1b8 (0xff9ff06f) j       pc - 0x8
core   0: 3 0x8000e1b8 (0xff9ff06f)
core   0: 0x8000e1b0 (0x00002f17) auipc   t5, 0x2
core   0: 3 0x8000e1b0 (0x00002f17) x30 0x800101b0
core   0: 0x8000e1b4 (0xe43f2823) sw      gp, -432(t5)
core   0: 3 0x8000e1b4 (0xe43f2823) mem 0x80010000 0x00000001
core   0: 0x8000e1b8 (0xff9ff06f) j       pc - 0x8
core   0: 3 0x8000e1b8 (0xff9ff06f)
core   0: 0x8000e1b0 (0x00002f17) auipc   t5, 0x2
core   0: 3 0x8000e1b0 (0x00002f17) x30 0x800101b0
core   0: 0x8000e1b4 (0xe43f2823) sw      gp, -432(t5)
core   0: 3 0x8000e1b4 (0xe43f2823) mem 0x80010000 0x00000001
core   0: 0x8000e1b8 (0xff9ff06f) j       pc - 0x8
core   0: 3 0x8000e1b8 (0xff9ff06f)
core   0: 0x8000e1b0 (0x00002f17) auipc   t5, 0x2
core   0: 3 0x8000e1b0 (0x00002f17) x30 0x800101b0
core   0: 0x8000e1b4 (0xe43f2823) sw      gp, -432(t5)
core   0: 3 0x8000e1b4 (0xe43f2823) mem 0x80010000 0x00000001
core   0: 0x8000e1b8 (0xff9ff06f) j       pc - 0x8
core   0: 3 0x8000e1b8 (0xff9ff06f)
core   0: 0x8000e1b0 (0x00002f17) auipc   t5, 0x2
core   0: 3 0x8000e1b0 (0x00002f17) x30 0x800101b0
core   0: 0x8000e1b4 (0xe43f2823) sw      gp, -432(t5)
core   0: 3 0x8000e1b4 (0xe43f2823) mem 0x80010000 0x00000001
core   0: 0x8000e1b8 (0xff9ff06f) j       pc - 0x8
core   0: 3 0x8000e1b8 (0xff9ff06f)
core   0: 0x8000e1b0 (0x00002f17) auipc   t5, 0x2
core   0: 3 0x8000e1b0 (0x00002f17) x30 0x800101b0
core   0: 0x8000e1b4 (0xe43f2823) sw      gp, -432(t5)
core   0: 3 0x8000e1b4 (0xe43f2823) mem 0x80010000 0x00000001
core   0: 0x8000e1b8 (0xff9ff06f) j       pc - 0x8
core   0: 3 0x8000e1b8 (0xff9ff06f)
core   0: 0x8000e1b0 (0x00002f17) auipc   t5, 0x2
core   0: 3 0x8000e1b0 (0x00002f17) x30 0x800101b0
core   0: 0x8000e1b4 (0xe43f2823) sw      gp, -432(t5)
core   0: 3 0x8000e1b4 (0xe43f2823) mem 0x80010000 0x00000001
core   0: 0x8000e1b8 (0xff9ff06f) j       pc - 0x8
core   0: 3 0x8000e1b8 (0xff9ff06f)
core   0: 0x8000e1b0 (0x00002f17) auipc   t5, 0x2
core   0: 3 0x8000e1b0 (0x00002f17) x30 0x800101b0
core   0: 0x8000e1b4 (0xe43f2823) sw      gp, -432(t5)
core   0: 3 0x8000e1b4 (0xe43f2823) mem 0x80010000 0x00000001
core   0: 0x8000e1b8 (0xff9ff06f) j       pc - 0x8
core   0: 3 0x8000e1b8 (0xff9ff06f)
core   0: 0x8000e1b0 (0x00002f17) auipc   t5, 0x2
core   0: 3 0x8000e1b0 (0x00002f17) x30 0x800101b0
core   0: 0x8000e1b4 (0xe43f2823) sw      gp, -432(t5)
core   0: 3 0x8000e1b4 (0xe43f2823) mem 0x80010000 0x00000001
core   0: 0x8000e1b8 (0xff9ff06f) j       pc - 0x8
core   0: 3 0x8000e1b8 (0xff9ff06f)
core   0: 0x8000e1b0 (0x00002f17) auipc   t5, 0x2
core   0: 3 0x8000e1b0 (0x00002f17) x30 0x800101b0
core   0: 0x8000e1b4 (0xe43f2823) sw      gp, -432(t5)
core   0: 3 0x8000e1b4 (0xe43f2823) mem 0x80010000 0x00000001
core   0: 0x8000e1b8 (0xff9ff06f) j       pc - 0x8
core   0: 3 0x8000e1b8 (0xff9ff06f)
core   0: 0x8000e1b0 (0x00002f17) auipc   t5, 0x2
core   0: 3 0x8000e1b0 (0x00002f17) x30 0x800101b0
core   0: 0x8000e1b4 (0xe43f2823) sw      gp, -432(t5)
core   0: 3 0x8000e1b4 (0xe43f2823) mem 0x80010000 0x00000001
core   0: 0x8000e1b8 (0xff9ff06f) j       pc - 0x8
core   0: 3 0x8000e1b8 (0xff9ff06f)
core   0: 0x8000e1b0 (0x00002f17) auipc   t5, 0x2
core   0: 3 0x8000e1b0 (0x00002f17) x30 0x800101b0
core   0: 0x8000e1b4 (0xe43f2823) sw      gp, -432(t5)
core   0: 3 0x8000e1b4 (0xe43f2823) mem 0x80010000 0x00000001
core   0: 0x8000e1b8 (0xff9ff06f) j       pc - 0x8
core   0: 3 0x8000e1b8 (0xff9ff06f)
core   0: 0x8000e1b0 (0x00002f17) auipc   t5, 0x2
core   0: 3 0x8000e1b0 (0x00002f17) x30 0x800101b0
core   0: 0x8000e1b4 (0xe43f2823) sw      gp, -432(t5)
core   0: 3 0x8000e1b4 (0xe43f2823) mem 0x80010000 0x00000001
core   0: 0x8000e1b8 (0xff9ff06f) j       pc - 0x8
core   0: 3 0x8000e1b8 (0xff9ff06f)
core   0: 0x8000e1b0 (0x00002f17) auipc   t5, 0x2
core   0: 3 0x8000e1b0 (0x00002f17) x30 0x800101b0
core   0: 0x8000e1b4 (0xe43f2823) sw      gp, -432(t5)
core   0: 3 0x8000e1b4 (0xe43f2823) mem 0x80010000 0x00000001
core   0: 0x8000e1b8 (0xff9ff06f) j       pc - 0x8
core   0: 3 0x8000e1b8 (0xff9ff06f)
core   0: 0x8000e1b0 (0x00002f17) auipc   t5, 0x2
core   0: 3 0x8000e1b0 (0x00002f17) x30 0x800101b0
core   0: 0x8000e1b4 (0xe43f2823) sw      gp, -432(t5)
core   0: 3 0x8000e1b4 (0xe43f2823) mem 0x80010000 0x00000001
core   0: 0x8000e1b8 (0xff9ff06f) j       pc - 0x8
core   0: 3 0x8000e1b8 (0xff9ff06f)
core   0: 0x8000e1b0 (0x00002f17) auipc   t5, 0x2
core   0: 3 0x8000e1b0 (0x00002f17) x30 0x800101b0
core   0: 0x8000e1b4 (0xe43f2823) sw      gp, -432(t5)
core   0: 3 0x8000e1b4 (0xe43f2823) mem 0x80010000 0x00000001
core   0: 0x8000e1b8 (0xff9ff06f) j       pc - 0x8
core   0: 3 0x8000e1b8 (0xff9ff06f)
core   0: 0x8000e1b0 (0x00002f17) auipc   t5, 0x2
core   0: 3 0x8000e1b0 (0x00002f17) x30 0x800101b0
core   0: 0x8000e1b4 (0xe43f2823) sw      gp, -432(t5)
core   0: 3 0x8000e1b4 (0xe43f2823) mem 0x80010000 0x00000001
core   0: 0x8000e1b8 (0xff9ff06f) j       pc - 0x8
core   0: 3 0x8000e1b8 (0xff9ff06f)
core   0: 0x8000e1b0 (0x00002f17) auipc   t5, 0x2
core   0: 3 0x8000e1b0 (0x00002f17) x30 0x800101b0
core   0: 0x8000e1b4 (0xe43f2823) sw      gp, -432(t5)
core   0: 3 0x8000e1b4 (0xe43f2823) mem 0x80010000 0x00000001
core   0: 0x8000e1b8 (0xff9ff06f) j       pc - 0x8
core   0: 3 0x8000e1b8 (0xff9ff06f)
core   0: 0x8000e1b0 (0x00002f17) auipc   t5, 0x2
core   0: 3 0x8000e1b0 (0x00002f17) x30 0x800101b0
core   0: 0x8000e1b4 (0xe43f2823) sw      gp, -432(t5)
core   0: 3 0x8000e1b4 (0xe43f2823) mem 0x80010000 0x00000001
core   0: 0x8000e1b8 (0xff9ff06f) j       pc - 0x8
core   0: 3 0x8000e1b8 (0xff9ff06f)
core   0: 0x8000e1b0 (0x00002f17) auipc   t5, 0x2
core   0: 3 0x8000e1b0 (0x00002f17) x30 0x800101b0
core   0: 0x8000e1b4 (0xe43f2823) sw      gp, -432(t5)
core   0: 3 0x8000e1b4 (0xe43f2823) mem 0x80010000 0x00000001
core   0: 0x8000e1b8 (0xff9ff06f) j       pc - 0x8
core   0: 3 0x8000e1b8 (0xff9ff06f)
core   0: 0x8000e1b0 (0x00002f17) auipc   t5, 0x2
core   0: 3 0x8000e1b0 (0x00002f17) x30 0x800101b0
core   0: 0x8000e1b4 (0xe43f2823) sw      gp, -432(t5)
core   0: 3 0x8000e1b4 (0xe43f2823) mem 0x80010000 0x00000001
core   0: 0x8000e1b8 (0xff9ff06f) j       pc - 0x8
core   0: 3 0x8000e1b8 (0xff9ff06f)
core   0: 0x8000e1b0 (0x00002f17) auipc   t5, 0x2
core   0: 3 0x8000e1b0 (0x00002f17) x30 0x800101b0
core   0: 0x8000e1b4 (0xe43f2823) sw      gp, -432(t5)
core   0: 3 0x8000e1b4 (0xe43f2823) mem 0x80010000 0x00000001
core   0: 0x8000e1b8 (0xff9ff06f) j       pc - 0x8
core   0: 3 0x8000e1b8 (0xff9ff06f)
core   0: 0x8000e1b0 (0x00002f17) auipc   t5, 0x2
core   0: 3 0x8000e1b0 (0x00002f17) x30 0x800101b0
core   0: 0x8000e1b4 (0xe43f2823) sw      gp, -432(t5)
core   0: 3 0x8000e1b4 (0xe43f2823) mem 0x80010000 0x00000001
core   0: 0x8000e1b8 (0xff9ff06f) j       pc - 0x8
core   0: 3 0x8000e1b8 (0xff9ff06f)
core   0: 0x8000e1b0 (0x00002f17) auipc   t5, 0x2
core   0: 3 0x8000e1b0 (0x00002f17) x30 0x800101b0
core   0: 0x8000e1b4 (0xe43f2823) sw      gp, -432(t5)
core   0: 3 0x8000e1b4 (0xe43f2823) mem 0x80010000 0x00000001
core   0: 0x8000e1b8 (0xff9ff06f) j       pc - 0x8
core   0: 3 0x8000e1b8 (0xff9ff06f)
core   0: 0x8000e1b0 (0x00002f17) auipc   t5, 0x2
core   0: 3 0x8000e1b0 (0x00002f17) x30 0x800101b0
core   0: 0x8000e1b4 (0xe43f2823) sw      gp, -432(t5)
core   0: 3 0x8000e1b4 (0xe43f2823) mem 0x80010000 0x00000001
core   0: 0x8000e1b8 (0xff9ff06f) j       pc - 0x8
core   0: 3 0x8000e1b8 (0xff9ff06f)
core   0: 0x8000e1b0 (0x00002f17) auipc   t5, 0x2
core   0: 3 0x8000e1b0 (0x00002f17) x30 0x800101b0
core   0: 0x8000e1b4 (0xe43f2823) sw      gp, -432(t5)
core   0: 3 0x8000e1b4 (0xe43f2823) mem 0x80010000 0x00000001
core   0: 0x8000e1b8 (0xff9ff06f) j       pc - 0x8
core   0: 3 0x8000e1b8 (0xff9ff06f)
core   0: 0x8000e1b0 (0x00002f17) auipc   t5, 0x2
core   0: 3 0x8000e1b0 (0x00002f17) x30 0x800101b0
core   0: 0x8000e1b4 (0xe43f2823) sw      gp, -432(t5)
core   0: 3 0x8000e1b4 (0xe43f2823) mem 0x80010000 0x00000001
core   0: 0x8000e1b8 (0xff9ff06f) j       pc - 0x8
core   0: 3 0x8000e1b8 (0xff9ff06f)
core   0: 0x8000e1b0 (0x00002f17) auipc   t5, 0x2
core   0: 3 0x8000e1b0 (0x00002f17) x30 0x800101b0
core   0: 0x8000e1b4 (0xe43f2823) sw      gp, -432(t5)
core   0: 3 0x8000e1b4 (0xe43f2823) mem 0x80010000 0x00000001
core   0: 0x8000e1b8 (0xff9ff06f) j       pc - 0x8
core   0: 3 0x8000e1b8 (0xff9ff06f)
core   0: 0x8000e1b0 (0x00002f17) auipc   t5, 0x2
core   0: 3 0x8000e1b0 (0x00002f17) x30 0x800101b0
core   0: 0x8000e1b4 (0xe43f2823) sw      gp, -432(t5)
core   0: 3 0x8000e1b4 (0xe43f2823) mem 0x80010000 0x00000001
core   0: 0x8000e1b8 (0xff9ff06f) j       pc - 0x8
core   0: 3 0x8000e1b8 (0xff9ff06f)
core   0: 0x8000e1b0 (0x00002f17) auipc   t5, 0x2
core   0: 3 0x8000e1b0 (0x00002f17) x30 0x800101b0
core   0: 0x8000e1b4 (0xe43f2823) sw      gp, -432(t5)
core   0: 3 0x8000e1b4 (0xe43f2823) mem 0x80010000 0x00000001
core   0: 0x8000e1b8 (0xff9ff06f) j       pc - 0x8
core   0: 3 0x8000e1b8 (0xff9ff06f)
core   0: 0x8000e1b0 (0x00002f17) auipc   t5, 0x2
core   0: 3 0x8000e1b0 (0x00002f17) x30 0x800101b0
core   0: 0x8000e1b4 (0xe43f2823) sw      gp, -432(t5)
core   0: 3 0x8000e1b4 (0xe43f2823) mem 0x80010000 0x00000001
core   0: 0x8000e1b8 (0xff9ff06f) j       pc - 0x8
core   0: 3 0x8000e1b8 (0xff9ff06f)
core   0: 0x8000e1b0 (0x00002f17) auipc   t5, 0x2
core   0: 3 0x8000e1b0 (0x00002f17) x30 0x800101b0
core   0: 0x8000e1b4 (0xe43f2823) sw      gp, -432(t5)
core   0: 3 0x8000e1b4 (0xe43f2823) mem 0x80010000 0x00000001
core   0: 0x8000e1b8 (0xff9ff06f) j       pc - 0x8
core   0: 3 0x8000e1b8 (0xff9ff06f)
core   0: 0x8000e1b0 (0x00002f17) auipc   t5, 0x2
core   0: 3 0x8000e1b0 (0x00002f17) x30 0x800101b0
core   0: 0x8000e1b4 (0xe43f2823) sw      gp, -432(t5)
core   0: 3 0x8000e1b4 (0xe43f2823) mem 0x80010000 0x00000001
core   0: 0x8000e1b8 (0xff9ff06f) j       pc - 0x8
core   0: 3 0x8000e1b8 (0xff9ff06f)
core   0: 0x8000e1b0 (0x00002f17) auipc   t5, 0x2
core   0: 3 0x8000e1b0 (0x00002f17) x30 0x800101b0
core   0: 0x8000e1b4 (0xe43f2823) sw      gp, -432(t5)
core   0: 3 0x8000e1b4 (0xe43f2823) mem 0x80010000 0x00000001
core   0: 0x8000e1b8 (0xff9ff06f) j       pc - 0x8
core   0: 3 0x8000e1b8 (0xff9ff06f)
core   0: 0x8000e1b0 (0x00002f17) auipc   t5, 0x2
core   0: 3 0x8000e1b0 (0x00002f17) x30 0x800101b0
core   0: 0x8000e1b4 (0xe43f2823) sw      gp, -432(t5)
core   0: 3 0x8000e1b4 (0xe43f2823) mem 0x80010000 0x00000001
core   0: 0x8000e1b8 (0xff9ff06f) j       pc - 0x8
core   0: 3 0x8000e1b8 (0xff9ff06f)
core   0: 0x8000e1b0 (0x00002f17) auipc   t5, 0x2
core   0: 3 0x8000e1b0 (0x00002f17) x30 0x800101b0
core   0: 0x8000e1b4 (0xe43f2823) sw      gp, -432(t5)
core   0: 3 0x8000e1b4 (0xe43f2823) mem 0x80010000 0x00000001
core   0: 0x8000e1b8 (0xff9ff06f) j       pc - 0x8
core   0: 3 0x8000e1b8 (0xff9ff06f)
core   0: 0x8000e1b0 (0x00002f17) auipc   t5, 0x2
core   0: 3 0x8000e1b0 (0x00002f17) x30 0x800101b0
core   0: 0x8000e1b4 (0xe43f2823) sw      gp, -432(t5)
core   0: 3 0x8000e1b4 (0xe43f2823) mem 0x80010000 0x00000001
core   0: 0x8000e1b8 (0xff9ff06f) j       pc - 0x8
core   0: 3 0x8000e1b8 (0xff9ff06f)
core   0: 0x8000e1b0 (0x00002f17) auipc   t5, 0x2
core   0: 3 0x8000e1b0 (0x00002f17) x30 0x800101b0
core   0: 0x8000e1b4 (0xe43f2823) sw      gp, -432(t5)
core   0: 3 0x8000e1b4 (0xe43f2823) mem 0x80010000 0x00000001
core   0: 0x8000e1b8 (0xff9ff06f) j       pc - 0x8
core   0: 3 0x8000e1b8 (0xff9ff06f)
core   0: 0x8000e1b0 (0x00002f17) auipc   t5, 0x2
core   0: 3 0x8000e1b0 (0x00002f17) x30 0x800101b0
core   0: 0x8000e1b4 (0xe43f2823) sw      gp, -432(t5)
core   0: 3 0x8000e1b4 (0xe43f2823) mem 0x80010000 0x00000001
core   0: 0x8000e1b8 (0xff9ff06f) j       pc - 0x8
core   0: 3 0x8000e1b8 (0xff9ff06f)
core   0: 0x8000e1b0 (0x00002f17) auipc   t5, 0x2
core   0: 3 0x8000e1b0 (0x00002f17) x30 0x800101b0
core   0: 0x8000e1b4 (0xe43f2823) sw      gp, -432(t5)
core   0: 3 0x8000e1b4 (0xe43f2823) mem 0x80010000 0x00000001
core   0: 0x8000e1b8 (0xff9ff06f) j       pc - 0x8
core   0: 3 0x8000e1b8 (0xff9ff06f)
core   0: 0x8000e1b0 (0x00002f17) auipc   t5, 0x2
core   0: 3 0x8000e1b0 (0x00002f17) x30 0x800101b0
core   0: 0x8000e1b4 (0xe43f2823) sw      gp, -432(t5)
core   0: 3 0x8000e1b4 (0xe43f2823) mem 0x80010000 0x00000001
core   0: 0x8000e1b8 (0xff9ff06f) j       pc - 0x8
core   0: 3 0x8000e1b8 (0xff9ff06f)
core   0: 0x8000e1b0 (0x00002f17) auipc   t5, 0x2
core   0: 3 0x8000e1b0 (0x00002f17) x30 0x800101b0
core   0: 0x8000e1b4 (0xe43f2823) sw      gp, -432(t5)
core   0: 3 0x8000e1b4 (0xe43f2823) mem 0x80010000 0x00000001
core   0: 0x8000e1b8 (0xff9ff06f) j       pc - 0x8
core   0: 3 0x8000e1b8 (0xff9ff06f)
core   0: 0x8000e1b0 (0x00002f17) auipc   t5, 0x2
core   0: 3 0x8000e1b0 (0x00002f17) x30 0x800101b0
core   0: 0x8000e1b4 (0xe43f2823) sw      gp, -432(t5)
core   0: 3 0x8000e1b4 (0xe43f2823) mem 0x80010000 0x00000001
core   0: 0x8000e1b8 (0xff9ff06f) j       pc - 0x8
core   0: 3 0x8000e1b8 (0xff9ff06f)
core   0: 0x8000e1b0 (0x00002f17) auipc   t5, 0x2
core   0: 3 0x8000e1b0 (0x00002f17) x30 0x800101b0
core   0: 0x8000e1b4 (0xe43f2823) sw      gp, -432(t5)
core   0: 3 0x8000e1b4 (0xe43f2823) mem 0x80010000 0x00000001
core   0: 0x8000e1b8 (0xff9ff06f) j       pc - 0x8
core   0: 3 0x8000e1b8 (0xff9ff06f)
core   0: 0x8000e1b0 (0x00002f17) auipc   t5, 0x2
core   0: 3 0x8000e1b0 (0x00002f17) x30 0x800101b0
core   0: 0x8000e1b4 (0xe43f2823) sw      gp, -432(t5)
core   0: 3 0x8000e1b4 (0xe43f2823) mem 0x80010000 0x00000001
core   0: 0x8000e1b8 (0xff9ff06f) j       pc - 0x8
core   0: 3 0x8000e1b8 (0xff9ff06f)
core   0: 0x8000e1b0 (0x00002f17) auipc   t5, 0x2
core   0: 3 0x8000e1b0 (0x00002f17) x30 0x800101b0
core   0: 0x8000e1b4 (0xe43f2823) sw      gp, -432(t5)
core   0: 3 0x8000e1b4 (0xe43f2823) mem 0x80010000 0x00000001
core   0: 0x8000e1b8 (0xff9ff06f) j       pc - 0x8
core   0: 3 0x8000e1b8 (0xff9ff06f)
core   0: 0x8000e1b0 (0x00002f17) auipc   t5, 0x2
core   0: 3 0x8000e1b0 (0x00002f17) x30 0x800101b0
core   0: 0x8000e1b4 (0xe43f2823) sw      gp, -432(t5)
core   0: 3 0x8000e1b4 (0xe43f2823) mem 0x80010000 0x00000001
core   0: 0x8000e1b8 (0xff9ff06f) j       pc - 0x8
core   0: 3 0x8000e1b8 (0xff9ff06f)
core   0: 0x8000e1b0 (0x00002f17) auipc   t5, 0x2
core   0: 3 0x8000e1b0 (0x00002f17) x30 0x800101b0
core   0: 0x8000e1b4 (0xe43f2823) sw      gp, -432(t5)
core   0: 3 0x8000e1b4 (0xe43f2823) mem 0x80010000 0x00000001
core   0: 0x8000e1b8 (0xff9ff06f) j       pc - 0x8
core   0: 3 0x8000e1b8 (0xff9ff06f)
core   0: 0x8000e1b0 (0x00002f17) auipc   t5, 0x2
core   0: 3 0x8000e1b0 (0x00002f17) x30 0x800101b0
core   0: 0x8000e1b4 (0xe43f2823) sw      gp, -432(t5)
core   0: 3 0x8000e1b4 (0xe43f2823) mem 0x80010000 0x00000001
core   0: 0x8000e1b8 (0xff9ff06f) j       pc - 0x8
core   0: 3 0x8000e1b8 (0xff9ff06f)
core   0: 0x8000e1b0 (0x00002f17) auipc   t5, 0x2
core   0: 3 0x8000e1b0 (0x00002f17) x30 0x800101b0
core   0: 0x8000e1b4 (0xe43f2823) sw      gp, -432(t5)
core   0: 3 0x8000e1b4 (0xe43f2823) mem 0x80010000 0x00000001
core   0: 0x8000e1b8 (0xff9ff06f) j       pc - 0x8
core   0: 3 0x8000e1b8 (0xff9ff06f)
core   0: 0x8000e1b0 (0x00002f17) auipc   t5, 0x2
core   0: 3 0x8000e1b0 (0x00002f17) x30 0x800101b0
core   0: 0x8000e1b4 (0xe43f2823) sw      gp, -432(t5)
core   0: 3 0x8000e1b4 (0xe43f2823) mem 0x80010000 0x00000001
core   0: 0x8000e1b8 (0xff9ff06f) j       pc - 0x8
core   0: 3 0x8000e1b8 (0xff9ff06f)
core   0: 0x8000e1b0 (0x00002f17) auipc   t5, 0x2
core   0: 3 0x8000e1b0 (0x00002f17) x30 0x800101b0
core   0: 0x8000e1b4 (0xe43f2823) sw      gp, -432(t5)
core   0: 3 0x8000e1b4 (0xe43f2823) mem 0x80010000 0x00000001
core   0: 0x8000e1b8 (0xff9ff06f) j       pc - 0x8
core   0: 3 0x8000e1b8 (0xff9ff06f)
core   0: 0x8000e1b0 (0x00002f17) auipc   t5, 0x2
core   0: 3 0x8000e1b0 (0x00002f17) x30 0x800101b0
core   0: 0x8000e1b4 (0xe43f2823) sw      gp, -432(t5)
core   0: 3 0x8000e1b4 (0xe43f2823) mem 0x80010000 0x00000001
core   0: 0x8000e1b8 (0xff9ff06f) j       pc - 0x8
core   0: 3 0x8000e1b8 (0xff9ff06f)
core   0: 0x8000e1b0 (0x00002f17) auipc   t5, 0x2
core   0: 3 0x8000e1b0 (0x00002f17) x30 0x800101b0
core   0: 0x8000e1b4 (0xe43f2823) sw      gp, -432(t5)
core   0: 3 0x8000e1b4 (0xe43f2823) mem 0x80010000 0x00000001
core   0: 0x8000e1b8 (0xff9ff06f) j       pc - 0x8
core   0: 3 0x8000e1b8 (0xff9ff06f)
core   0: 0x8000e1b0 (0x00002f17) auipc   t5, 0x2
core   0: 3 0x8000e1b0 (0x00002f17) x30 0x800101b0
core   0: 0x8000e1b4 (0xe43f2823) sw      gp, -432(t5)
core   0: 3 0x8000e1b4 (0xe43f2823) mem 0x80010000 0x00000001
core   0: 0x8000e1b8 (0xff9ff06f) j       pc - 0x8
core   0: 3 0x8000e1b8 (0xff9ff06f)
core   0: 0x8000e1b0 (0x00002f17) auipc   t5, 0x2
core   0: 3 0x8000e1b0 (0x00002f17) x30 0x800101b0
core   0: 0x8000e1b4 (0xe43f2823) sw      gp, -432(t5)
core   0: 3 0x8000e1b4 (0xe43f2823) mem 0x80010000 0x00000001
core   0: 0x8000e1b8 (0xff9ff06f) j       pc - 0x8
core   0: 3 0x8000e1b8 (0xff9ff06f)
core   0: 0x8000e1b0 (0x00002f17) auipc   t5, 0x2
core   0: 3 0x8000e1b0 (0x00002f17) x30 0x800101b0
core   0: 0x8000e1b4 (0xe43f2823) sw      gp, -432(t5)
core   0: 3 0x8000e1b4 (0xe43f2823) mem 0x80010000 0x00000001
core   0: 0x8000e1b8 (0xff9ff06f) j       pc - 0x8
core   0: 3 0x8000e1b8 (0xff9ff06f)
core   0: 0x8000e1b0 (0x00002f17) auipc   t5, 0x2
core   0: 3 0x8000e1b0 (0x00002f17) x30 0x800101b0
core   0: 0x8000e1b4 (0xe43f2823) sw      gp, -432(t5)
core   0: 3 0x8000e1b4 (0xe43f2823) mem 0x80010000 0x00000001
core   0: 0x8000e1b8 (0xff9ff06f) j       pc - 0x8
core   0: 3 0x8000e1b8 (0xff9ff06f)
core   0: 0x8000e1b0 (0x00002f17) auipc   t5, 0x2
core   0: 3 0x8000e1b0 (0x00002f17) x30 0x800101b0
core   0: 0x8000e1b4 (0xe43f2823) sw      gp, -432(t5)
core   0: 3 0x8000e1b4 (0xe43f2823) mem 0x80010000 0x00000001
core   0: 0x8000e1b8 (0xff9ff06f) j       pc - 0x8
core   0: 3 0x8000e1b8 (0xff9ff06f)
core   0: 0x8000e1b0 (0x00002f17) auipc   t5, 0x2
core   0: 3 0x8000e1b0 (0x00002f17) x30 0x800101b0
core   0: 0x8000e1b4 (0xe43f2823) sw      gp, -432(t5)
core   0: 3 0x8000e1b4 (0xe43f2823) mem 0x80010000 0x00000001
core   0: 0x8000e1b8 (0xff9ff06f) j       pc - 0x8
core   0: 3 0x8000e1b8 (0xff9ff06f)
core   0: 0x8000e1b0 (0x00002f17) auipc   t5, 0x2
core   0: 3 0x8000e1b0 (0x00002f17) x30 0x800101b0
core   0: 0x8000e1b4 (0xe43f2823) sw      gp, -432(t5)
core   0: 3 0x8000e1b4 (0xe43f2823) mem 0x80010000 0x00000001
core   0: 0x8000e1b8 (0xff9ff06f) j       pc - 0x8
core   0: 3 0x8000e1b8 (0xff9ff06f)
core   0: 0x8000e1b0 (0x00002f17) auipc   t5, 0x2
core   0: 3 0x8000e1b0 (0x00002f17) x30 0x800101b0
core   0: 0x8000e1b4 (0xe43f2823) sw      gp, -432(t5)
core   0: 3 0x8000e1b4 (0xe43f2823) mem 0x80010000 0x00000001
core   0: 0x8000e1b8 (0xff9ff06f) j       pc - 0x8
core   0: 3 0x8000e1b8 (0xff9ff06f)
core   0: 0x8000e1b0 (0x00002f17) auipc   t5, 0x2
core   0: 3 0x8000e1b0 (0x00002f17) x30 0x800101b0
core   0: 0x8000e1b4 (0xe43f2823) sw      gp, -432(t5)
core   0: 3 0x8000e1b4 (0xe43f2823) mem 0x80010000 0x00000001
core   0: 0x8000e1b8 (0xff9ff06f) j       pc - 0x8
core   0: 3 0x8000e1b8 (0xff9ff06f)
core   0: 0x8000e1b0 (0x00002f17) auipc   t5, 0x2
core   0: 3 0x8000e1b0 (0x00002f17) x30 0x800101b0
core   0: 0x8000e1b4 (0xe43f2823) sw      gp, -432(t5)
core   0: 3 0x8000e1b4 (0xe43f2823) mem 0x80010000 0x00000001
core   0: 0x8000e1b8 (0xff9ff06f) j       pc - 0x8
core   0: 3 0x8000e1b8 (0xff9ff06f)
core   0: 0x8000e1b0 (0x00002f17) auipc   t5, 0x2
core   0: 3 0x8000e1b0 (0x00002f17) x30 0x800101b0
core   0: 0x8000e1b4 (0xe43f2823) sw      gp, -432(t5)
core   0: 3 0x8000e1b4 (0xe43f2823) mem 0x80010000 0x00000001
core   0: 0x8000e1b8 (0xff9ff06f) j       pc - 0x8
core   0: 3 0x8000e1b8 (0xff9ff06f)
core   0: 0x8000e1b0 (0x00002f17) auipc   t5, 0x2
core   0: 3 0x8000e1b0 (0x00002f17) x30 0x800101b0
core   0: 0x8000e1b4 (0xe43f2823) sw      gp, -432(t5)
core   0: 3 0x8000e1b4 (0xe43f2823) mem 0x80010000 0x00000001
core   0: 0x8000e1b8 (0xff9ff06f) j       pc - 0x8
core   0: 3 0x8000e1b8 (0xff9ff06f)
core   0: 0x8000e1b0 (0x00002f17) auipc   t5, 0x2
core   0: 3 0x8000e1b0 (0x00002f17) x30 0x800101b0
core   0: 0x8000e1b4 (0xe43f2823) sw      gp, -432(t5)
core   0: 3 0x8000e1b4 (0xe43f2823) mem 0x80010000 0x00000001
core   0: 0x8000e1b8 (0xff9ff06f) j       pc - 0x8
core   0: 3 0x8000e1b8 (0xff9ff06f)
core   0: 0x8000e1b0 (0x00002f17) auipc   t5, 0x2
core   0: 3 0x8000e1b0 (0x00002f17) x30 0x800101b0
core   0: 0x8000e1b4 (0xe43f2823) sw      gp, -432(t5)
core   0: 3 0x8000e1b4 (0xe43f2823) mem 0x80010000 0x00000001
core   0: 0x8000e1b8 (0xff9ff06f) j       pc - 0x8
core   0: 3 0x8000e1b8 (0xff9ff06f)
core   0: 0x8000e1b0 (0x00002f17) auipc   t5, 0x2
core   0: 3 0x8000e1b0 (0x00002f17) x30 0x800101b0
core   0: 0x8000e1b4 (0xe43f2823) sw      gp, -432(t5)
core   0: 3 0x8000e1b4 (0xe43f2823) mem 0x80010000 0x00000001
core   0: 0x8000e1b8 (0xff9ff06f) j       pc - 0x8
core   0: 3 0x8000e1b8 (0xff9ff06f)
core   0: 0x8000e1b0 (0x00002f17) auipc   t5, 0x2
core   0: 3 0x8000e1b0 (0x00002f17) x30 0x800101b0
core   0: 0x8000e1b4 (0xe43f2823) sw      gp, -432(t5)
core   0: 3 0x8000e1b4 (0xe43f2823) mem 0x80010000 0x00000001
core   0: 0x8000e1b8 (0xff9ff06f) j       pc - 0x8
core   0: 3 0x8000e1b8 (0xff9ff06f)
core   0: 0x8000e1b0 (0x00002f17) auipc   t5, 0x2
core   0: 3 0x8000e1b0 (0x00002f17) x30 0x800101b0
core   0: 0x8000e1b4 (0xe43f2823) sw      gp, -432(t5)
core   0: 3 0x8000e1b4 (0xe43f2823) mem 0x80010000 0x00000001
core   0: 0x8000e1b8 (0xff9ff06f) j       pc - 0x8
core   0: 3 0x8000e1b8 (0xff9ff06f)
core   0: 0x8000e1b0 (0x00002f17) auipc   t5, 0x2
core   0: 3 0x8000e1b0 (0x00002f17) x30 0x800101b0
core   0: 0x8000e1b4 (0xe43f2823) sw      gp, -432(t5)
core   0: 3 0x8000e1b4 (0xe43f2823) mem 0x80010000 0x00000001
core   0: 0x8000e1b8 (0xff9ff06f) j       pc - 0x8
core   0: 3 0x8000e1b8 (0xff9ff06f)
core   0: 0x8000e1b0 (0x00002f17) auipc   t5, 0x2
core   0: 3 0x8000e1b0 (0x00002f17) x30 0x800101b0
core   0: 0x8000e1b4 (0xe43f2823) sw      gp, -432(t5)
core   0: 3 0x8000e1b4 (0xe43f2823) mem 0x80010000 0x00000001
core   0: 0x8000e1b8 (0xff9ff06f) j       pc - 0x8
core   0: 3 0x8000e1b8 (0xff9ff06f)
core   0: 0x8000e1b0 (0x00002f17) auipc   t5, 0x2
core   0: 3 0x8000e1b0 (0x00002f17) x30 0x800101b0
core   0: 0x8000e1b4 (0xe43f2823) sw      gp, -432(t5)
core   0: 3 0x8000e1b4 (0xe43f2823) mem 0x80010000 0x00000001
core   0: 0x8000e1b8 (0xff9ff06f) j       pc - 0x8
core   0: 3 0x8000e1b8 (0xff9ff06f)
core   0: 0x8000e1b0 (0x00002f17) auipc   t5, 0x2
core   0: 3 0x8000e1b0 (0x00002f17) x30 0x800101b0
core   0: 0x8000e1b4 (0xe43f2823) sw      gp, -432(t5)
core   0: 3 0x8000e1b4 (0xe43f2823) mem 0x80010000 0x00000001
core   0: 0x8000e1b8 (0xff9ff06f) j       pc - 0x8
core   0: 3 0x8000e1b8 (0xff9ff06f)
core   0: 0x8000e1b0 (0x00002f17) auipc   t5, 0x2
core   0: 3 0x8000e1b0 (0x00002f17) x30 0x800101b0
core   0: 0x8000e1b4 (0xe43f2823) sw      gp, -432(t5)
core   0: 3 0x8000e1b4 (0xe43f2823) mem 0x80010000 0x00000001
core   0: 0x8000e1b8 (0xff9ff06f) j       pc - 0x8
core   0: 3 0x8000e1b8 (0xff9ff06f)
core   0: 0x8000e1b0 (0x00002f17) auipc   t5, 0x2
core   0: 3 0x8000e1b0 (0x00002f17) x30 0x800101b0
core   0: 0x8000e1b4 (0xe43f2823) sw      gp, -432(t5)
core   0: 3 0x8000e1b4 (0xe43f2823) mem 0x80010000 0x00000001
core   0: 0x8000e1b8 (0xff9ff06f) j       pc - 0x8
core   0: 3 0x8000e1b8 (0xff9ff06f)
core   0: 0x8000e1b0 (0x00002f17) auipc   t5, 0x2
core   0: 3 0x8000e1b0 (0x00002f17) x30 0x800101b0
core   0: 0x8000e1b4 (0xe43f2823) sw      gp, -432(t5)
core   0: 3 0x8000e1b4 (0xe43f2823) mem 0x80010000 0x00000001
core   0: 0x8000e1b8 (0xff9ff06f) j       pc - 0x8
core   0: 3 0x8000e1b8 (0xff9ff06f)
core   0: 0x8000e1b0 (0x00002f17) auipc   t5, 0x2
core   0: 3 0x8000e1b0 (0x00002f17) x30 0x800101b0
core   0: 0x8000e1b4 (0xe43f2823) sw      gp, -432(t5)
core   0: 3 0x8000e1b4 (0xe43f2823) mem 0x80010000 0x00000001
core   0: 0x8000e1b8 (0xff9ff06f) j       pc - 0x8
core   0: 3 0x8000e1b8 (0xff9ff06f)
core   0: 0x8000e1b0 (0x00002f17) auipc   t5, 0x2
core   0: 3 0x8000e1b0 (0x00002f17) x30 0x800101b0
core   0: 0x8000e1b4 (0xe43f2823) sw      gp, -432(t5)
core   0: 3 0x8000e1b4 (0xe43f2823) mem 0x80010000 0x00000001
core   0: 0x8000e1b8 (0xff9ff06f) j       pc - 0x8
core   0: 3 0x8000e1b8 (0xff9ff06f)
core   0: 0x8000e1b0 (0x00002f17) auipc   t5, 0x2
core   0: 3 0x8000e1b0 (0x00002f17) x30 0x800101b0
core   0: 0x8000e1b4 (0xe43f2823) sw      gp, -432(t5)
core   0: 3 0x8000e1b4 (0xe43f2823) mem 0x80010000 0x00000001
core   0: 0x8000e1b8 (0xff9ff06f) j       pc - 0x8
core   0: 3 0x8000e1b8 (0xff9ff06f)
core   0: 0x8000e1b0 (0x00002f17) auipc   t5, 0x2
core   0: 3 0x8000e1b0 (0x00002f17) x30 0x800101b0
core   0: 0x8000e1b4 (0xe43f2823) sw      gp, -432(t5)
core   0: 3 0x8000e1b4 (0xe43f2823) mem 0x80010000 0x00000001
core   0: 0x8000e1b8 (0xff9ff06f) j       pc - 0x8
core   0: 3 0x8000e1b8 (0xff9ff06f)
core   0: 0x8000e1b0 (0x00002f17) auipc   t5, 0x2
core   0: 3 0x8000e1b0 (0x00002f17) x30 0x800101b0
core   0: 0x8000e1b4 (0xe43f2823) sw      gp, -432(t5)
core   0: 3 0x8000e1b4 (0xe43f2823) mem 0x80010000 0x00000001
core   0: 0x8000e1b8 (0xff9ff06f) j       pc - 0x8
core   0: 3 0x8000e1b8 (0xff9ff06f)
core   0: 0x8000e1b0 (0x00002f17) auipc   t5, 0x2
core   0: 3 0x8000e1b0 (0x00002f17) x30 0x800101b0
core   0: 0x8000e1b4 (0xe43f2823) sw      gp, -432(t5)
core   0: 3 0x8000e1b4 (0xe43f2823) mem 0x80010000 0x00000001
core   0: 0x8000e1b8 (0xff9ff06f) j       pc - 0x8
core   0: 3 0x8000e1b8 (0xff9ff06f)
core   0: 0x8000e1b0 (0x00002f17) auipc   t5, 0x2
core   0: 3 0x8000e1b0 (0x00002f17) x30 0x800101b0
core   0: 0x8000e1b4 (0xe43f2823) sw      gp, -432(t5)
core   0: 3 0x8000e1b4 (0xe43f2823) mem 0x80010000 0x00000001
core   0: 0x8000e1b8 (0xff9ff06f) j       pc - 0x8
core   0: 3 0x8000e1b8 (0xff9ff06f)
core   0: 0x8000e1b0 (0x00002f17) auipc   t5, 0x2
core   0: 3 0x8000e1b0 (0x00002f17) x30 0x800101b0
core   0: 0x8000e1b4 (0xe43f2823) sw      gp, -432(t5)
core   0: 3 0x8000e1b4 (0xe43f2823) mem 0x80010000 0x00000001
core   0: 0x8000e1b8 (0xff9ff06f) j       pc - 0x8
core   0: 3 0x8000e1b8 (0xff9ff06f)
core   0: 0x8000e1b0 (0x00002f17) auipc   t5, 0x2
core   0: 3 0x8000e1b0 (0x00002f17) x30 0x800101b0
core   0: 0x8000e1b4 (0xe43f2823) sw      gp, -432(t5)
core   0: 3 0x8000e1b4 (0xe43f2823) mem 0x80010000 0x00000001
core   0: 0x8000e1b8 (0xff9ff06f) j       pc - 0x8
core   0: 3 0x8000e1b8 (0xff9ff06f)
core   0: 0x8000e1b0 (0x00002f17) auipc   t5, 0x2
core   0: 3 0x8000e1b0 (0x00002f17) x30 0x800101b0
core   0: 0x8000e1b4 (0xe43f2823) sw      gp, -432(t5)
core   0: 3 0x8000e1b4 (0xe43f2823) mem 0x80010000 0x00000001
core   0: 0x8000e1b8 (0xff9ff06f) j       pc - 0x8
core   0: 3 0x8000e1b8 (0xff9ff06f)
core   0: 0x8000e1b0 (0x00002f17) auipc   t5, 0x2
core   0: 3 0x8000e1b0 (0x00002f17) x30 0x800101b0
core   0: 0x8000e1b4 (0xe43f2823) sw      gp, -432(t5)
core   0: 3 0x8000e1b4 (0xe43f2823) mem 0x80010000 0x00000001
core   0: 0x8000e1b8 (0xff9ff06f) j       pc - 0x8
core   0: 3 0x8000e1b8 (0xff9ff06f)
core   0: 0x8000e1b0 (0x00002f17) auipc   t5, 0x2
core   0: 3 0x8000e1b0 (0x00002f17) x30 0x800101b0
core   0: 0x8000e1b4 (0xe43f2823) sw      gp, -432(t5)
core   0: 3 0x8000e1b4 (0xe43f2823) mem 0x80010000 0x00000001
core   0: 0x8000e1b8 (0xff9ff06f) j       pc - 0x8
core   0: 3 0x8000e1b8 (0xff9ff06f)
core   0: 0x8000e1b0 (0x00002f17) auipc   t5, 0x2
core   0: 3 0x8000e1b0 (0x00002f17) x30 0x800101b0
core   0: 0x8000e1b4 (0xe43f2823) sw      gp, -432(t5)
core   0: 3 0x8000e1b4 (0xe43f2823) mem 0x80010000 0x00000001
core   0: 0x8000e1b8 (0xff9ff06f) j       pc - 0x8
core   0: 3 0x8000e1b8 (0xff9ff06f)
core   0: 0x8000e1b0 (0x00002f17) auipc   t5, 0x2
core   0: 3 0x8000e1b0 (0x00002f17) x30 0x800101b0
core   0: 0x8000e1b4 (0xe43f2823) sw      gp, -432(t5)
core   0: 3 0x8000e1b4 (0xe43f2823) mem 0x80010000 0x00000001
core   0: 0x8000e1b8 (0xff9ff06f) j       pc - 0x8
core   0: 3 0x8000e1b8 (0xff9ff06f)
core   0: 0x8000e1b0 (0x00002f17) auipc   t5, 0x2
core   0: 3 0x8000e1b0 (0x00002f17) x30 0x800101b0
core   0: 0x8000e1b4 (0xe43f2823) sw      gp, -432(t5)
core   0: 3 0x8000e1b4 (0xe43f2823) mem 0x80010000 0x00000001
core   0: 0x8000e1b8 (0xff9ff06f) j       pc - 0x8
core   0: 3 0x8000e1b8 (0xff9ff06f)
core   0: 0x8000e1b0 (0x00002f17) auipc   t5, 0x2
core   0: 3 0x8000e1b0 (0x00002f17) x30 0x800101b0
core   0: 0x8000e1b4 (0xe43f2823) sw      gp, -432(t5)
core   0: 3 0x8000e1b4 (0xe43f2823) mem 0x80010000 0x00000001
core   0: 0x8000e1b8 (0xff9ff06f) j       pc - 0x8
core   0: 3 0x8000e1b8 (0xff9ff06f)
core   0: 0x8000e1b0 (0x00002f17) auipc   t5, 0x2
core   0: 3 0x8000e1b0 (0x00002f17) x30 0x800101b0
core   0: 0x8000e1b4 (0xe43f2823) sw      gp, -432(t5)
core   0: 3 0x8000e1b4 (0xe43f2823) mem 0x80010000 0x00000001
core   0: 0x8000e1b8 (0xff9ff06f) j       pc - 0x8
core   0: 3 0x8000e1b8 (0xff9ff06f)
core   0: 0x8000e1b0 (0x00002f17) auipc   t5, 0x2
core   0: 3 0x8000e1b0 (0x00002f17) x30 0x800101b0
core   0: 0x8000e1b4 (0xe43f2823) sw      gp, -432(t5)
core   0: 3 0x8000e1b4 (0xe43f2823) mem 0x80010000 0x00000001
core   0: 0x8000e1b8 (0xff9ff06f) j       pc - 0x8
core   0: 3 0x8000e1b8 (0xff9ff06f)
core   0: 0x8000e1b0 (0x00002f17) auipc   t5, 0x2
core   0: 3 0x8000e1b0 (0x00002f17) x30 0x800101b0
core   0: 0x8000e1b4 (0xe43f2823) sw      gp, -432(t5)
core   0: 3 0x8000e1b4 (0xe43f2823) mem 0x80010000 0x00000001
core   0: 0x8000e1b8 (0xff9ff06f) j       pc - 0x8
core   0: 3 0x8000e1b8 (0xff9ff06f)
core   0: 0x8000e1b0 (0x00002f17) auipc   t5, 0x2
core   0: 3 0x8000e1b0 (0x00002f17) x30 0x800101b0
core   0: 0x8000e1b4 (0xe43f2823) sw      gp, -432(t5)
core   0: 3 0x8000e1b4 (0xe43f2823) mem 0x80010000 0x00000001
core   0: 0x8000e1b8 (0xff9ff06f) j       pc - 0x8
core   0: 3 0x8000e1b8 (0xff9ff06f)
core   0: 0x8000e1b0 (0x00002f17) auipc   t5, 0x2
core   0: 3 0x8000e1b0 (0x00002f17) x30 0x800101b0
core   0: 0x8000e1b4 (0xe43f2823) sw      gp, -432(t5)
core   0: 3 0x8000e1b4 (0xe43f2823) mem 0x80010000 0x00000001
core   0: 0x8000e1b8 (0xff9ff06f) j       pc - 0x8
core   0: 3 0x8000e1b8 (0xff9ff06f)
core   0: 0x8000e1b0 (0x00002f17) auipc   t5, 0x2
core   0: 3 0x8000e1b0 (0x00002f17) x30 0x800101b0
core   0: 0x8000e1b4 (0xe43f2823) sw      gp, -432(t5)
core   0: 3 0x8000e1b4 (0xe43f2823) mem 0x80010000 0x00000001
core   0: 0x8000e1b8 (0xff9ff06f) j       pc - 0x8
core   0: 3 0x8000e1b8 (0xff9ff06f)
core   0: 0x8000e1b0 (0x00002f17) auipc   t5, 0x2
core   0: 3 0x8000e1b0 (0x00002f17) x30 0x800101b0
core   0: 0x8000e1b4 (0xe43f2823) sw      gp, -432(t5)
core   0: 3 0x8000e1b4 (0xe43f2823) mem 0x80010000 0x00000001
core   0: 0x8000e1b8 (0xff9ff06f) j       pc - 0x8
core   0: 3 0x8000e1b8 (0xff9ff06f)
core   0: 0x8000e1b0 (0x00002f17) auipc   t5, 0x2
core   0: 3 0x8000e1b0 (0x00002f17) x30 0x800101b0
core   0: 0x8000e1b4 (0xe43f2823) sw      gp, -432(t5)
core   0: 3 0x8000e1b4 (0xe43f2823) mem 0x80010000 0x00000001
core   0: 0x8000e1b8 (0xff9ff06f) j       pc - 0x8
core   0: 3 0x8000e1b8 (0xff9ff06f)
core   0: 0x8000e1b0 (0x00002f17) auipc   t5, 0x2
core   0: 3 0x8000e1b0 (0x00002f17) x30 0x800101b0
core   0: 0x8000e1b4 (0xe43f2823) sw      gp, -432(t5)
core   0: 3 0x8000e1b4 (0xe43f2823) mem 0x80010000 0x00000001
core   0: 0x8000e1b8 (0xff9ff06f) j       pc - 0x8
core   0: 3 0x8000e1b8 (0xff9ff06f)
core   0: 0x8000e1b0 (0x00002f17) auipc   t5, 0x2
core   0: 3 0x8000e1b0 (0x00002f17) x30 0x800101b0
core   0: 0x8000e1b4 (0xe43f2823) sw      gp, -432(t5)
core   0: 3 0x8000e1b4 (0xe43f2823) mem 0x80010000 0x00000001
core   0: 0x8000e1b8 (0xff9ff06f) j       pc - 0x8
core   0: 3 0x8000e1b8 (0xff9ff06f)
core   0: 0x8000e1b0 (0x00002f17) auipc   t5, 0x2
core   0: 3 0x8000e1b0 (0x00002f17) x30 0x800101b0
core   0: 0x8000e1b4 (0xe43f2823) sw      gp, -432(t5)
core   0: 3 0x8000e1b4 (0xe43f2823) mem 0x80010000 0x00000001
core   0: 0x8000e1b8 (0xff9ff06f) j       pc - 0x8
core   0: 3 0x8000e1b8 (0xff9ff06f)
core   0: 0x8000e1b0 (0x00002f17) auipc   t5, 0x2
core   0: 3 0x8000e1b0 (0x00002f17) x30 0x800101b0
core   0: 0x8000e1b4 (0xe43f2823) sw      gp, -432(t5)
core   0: 3 0x8000e1b4 (0xe43f2823) mem 0x80010000 0x00000001
core   0: 0x8000e1b8 (0xff9ff06f) j       pc - 0x8
core   0: 3 0x8000e1b8 (0xff9ff06f)
core   0: 0x8000e1b0 (0x00002f17) auipc   t5, 0x2
core   0: 3 0x8000e1b0 (0x00002f17) x30 0x800101b0
core   0: 0x8000e1b4 (0xe43f2823) sw      gp, -432(t5)
core   0: 3 0x8000e1b4 (0xe43f2823) mem 0x80010000 0x00000001
core   0: 0x8000e1b8 (0xff9ff06f) j       pc - 0x8
core   0: 3 0x8000e1b8 (0xff9ff06f)
core   0: 0x8000e1b0 (0x00002f17) auipc   t5, 0x2
core   0: 3 0x8000e1b0 (0x00002f17) x30 0x800101b0
core   0: 0x8000e1b4 (0xe43f2823) sw      gp, -432(t5)
core   0: 3 0x8000e1b4 (0xe43f2823) mem 0x80010000 0x00000001
core   0: 0x8000e1b8 (0xff9ff06f) j       pc - 0x8
core   0: 3 0x8000e1b8 (0xff9ff06f)
core   0: 0x8000e1b0 (0x00002f17) auipc   t5, 0x2
core   0: 3 0x8000e1b0 (0x00002f17) x30 0x800101b0
core   0: 0x8000e1b4 (0xe43f2823) sw      gp, -432(t5)
core   0: 3 0x8000e1b4 (0xe43f2823) mem 0x80010000 0x00000001
core   0: 0x8000e1b8 (0xff9ff06f) j       pc - 0x8
core   0: 3 0x8000e1b8 (0xff9ff06f)
core   0: 0x8000e1b0 (0x00002f17) auipc   t5, 0x2
core   0: 3 0x8000e1b0 (0x00002f17) x30 0x800101b0
core   0: 0x8000e1b4 (0xe43f2823) sw      gp, -432(t5)
core   0: 3 0x8000e1b4 (0xe43f2823) mem 0x80010000 0x00000001
core   0: 0x8000e1b8 (0xff9ff06f) j       pc - 0x8
core   0: 3 0x8000e1b8 (0xff9ff06f)
core   0: 0x8000e1b0 (0x00002f17) auipc   t5, 0x2
core   0: 3 0x8000e1b0 (0x00002f17) x30 0x800101b0
core   0: 0x8000e1b4 (0xe43f2823) sw      gp, -432(t5)
core   0: 3 0x8000e1b4 (0xe43f2823) mem 0x80010000 0x00000001
core   0: 0x8000e1b8 (0xff9ff06f) j       pc - 0x8
core   0: 3 0x8000e1b8 (0xff9ff06f)
core   0: 0x8000e1b0 (0x00002f17) auipc   t5, 0x2
core   0: 3 0x8000e1b0 (0x00002f17) x30 0x800101b0
core   0: 0x8000e1b4 (0xe43f2823) sw      gp, -432(t5)
core   0: 3 0x8000e1b4 (0xe43f2823) mem 0x80010000 0x00000001
core   0: 0x8000e1b8 (0xff9ff06f) j       pc - 0x8
core   0: 3 0x8000e1b8 (0xff9ff06f)
core   0: 0x8000e1b0 (0x00002f17) auipc   t5, 0x2
core   0: 3 0x8000e1b0 (0x00002f17) x30 0x800101b0
core   0: 0x8000e1b4 (0xe43f2823) sw      gp, -432(t5)
core   0: 3 0x8000e1b4 (0xe43f2823) mem 0x80010000 0x00000001
core   0: 0x8000e1b8 (0xff9ff06f) j       pc - 0x8
core   0: 3 0x8000e1b8 (0xff9ff06f)
core   0: 0x8000e1b0 (0x00002f17) auipc   t5, 0x2
core   0: 3 0x8000e1b0 (0x00002f17) x30 0x800101b0
core   0: 0x8000e1b4 (0xe43f2823) sw      gp, -432(t5)
core   0: 3 0x8000e1b4 (0xe43f2823) mem 0x80010000 0x00000001
core   0: 0x8000e1b8 (0xff9ff06f) j       pc - 0x8
core   0: 3 0x8000e1b8 (0xff9ff06f)
core   0: 0x8000e1b0 (0x00002f17) auipc   t5, 0x2
core   0: 3 0x8000e1b0 (0x00002f17) x30 0x800101b0
core   0: 0x8000e1b4 (0xe43f2823) sw      gp, -432(t5)
core   0: 3 0x8000e1b4 (0xe43f2823) mem 0x80010000 0x00000001
core   0: 0x8000e1b8 (0xff9ff06f) j       pc - 0x8
core   0: 3 0x8000e1b8 (0xff9ff06f)
core   0: 0x8000e1b0 (0x00002f17) auipc   t5, 0x2
core   0: 3 0x8000e1b0 (0x00002f17) x30 0x800101b0
core   0: 0x8000e1b4 (0xe43f2823) sw      gp, -432(t5)
core   0: 3 0x8000e1b4 (0xe43f2823) mem 0x80010000 0x00000001
core   0: 0x8000e1b8 (0xff9ff06f) j       pc - 0x8
core   0: 3 0x8000e1b8 (0xff9ff06f)
core   0: 0x8000e1b0 (0x00002f17) auipc   t5, 0x2
core   0: 3 0x8000e1b0 (0x00002f17) x30 0x800101b0
core   0: 0x8000e1b4 (0xe43f2823) sw      gp, -432(t5)
core   0: 3 0x8000e1b4 (0xe43f2823) mem 0x80010000 0x00000001
core   0: 0x8000e1b8 (0xff9ff06f) j       pc - 0x8
core   0: 3 0x8000e1b8 (0xff9ff06f)
core   0: 0x8000e1b0 (0x00002f17) auipc   t5, 0x2
core   0: 3 0x8000e1b0 (0x00002f17) x30 0x800101b0
core   0: 0x8000e1b4 (0xe43f2823) sw      gp, -432(t5)
core   0: 3 0x8000e1b4 (0xe43f2823) mem 0x80010000 0x00000001
core   0: 0x8000e1b8 (0xff9ff06f) j       pc - 0x8
core   0: 3 0x8000e1b8 (0xff9ff06f)
core   0: 0x8000e1b0 (0x00002f17) auipc   t5, 0x2
core   0: 3 0x8000e1b0 (0x00002f17) x30 0x800101b0
core   0: 0x8000e1b4 (0xe43f2823) sw      gp, -432(t5)
core   0: 3 0x8000e1b4 (0xe43f2823) mem 0x80010000 0x00000001
core   0: 0x8000e1b8 (0xff9ff06f) j       pc - 0x8
core   0: 3 0x8000e1b8 (0xff9ff06f)
core   0: 0x8000e1b0 (0x00002f17) auipc   t5, 0x2
core   0: 3 0x8000e1b0 (0x00002f17) x30 0x800101b0
core   0: 0x8000e1b4 (0xe43f2823) sw      gp, -432(t5)
core   0: 3 0x8000e1b4 (0xe43f2823) mem 0x80010000 0x00000001
core   0: 0x8000e1b8 (0xff9ff06f) j       pc - 0x8
core   0: 3 0x8000e1b8 (0xff9ff06f)
core   0: 0x8000e1b0 (0x00002f17) auipc   t5, 0x2
core   0: 3 0x8000e1b0 (0x00002f17) x30 0x800101b0
core   0: 0x8000e1b4 (0xe43f2823) sw      gp, -432(t5)
core   0: 3 0x8000e1b4 (0xe43f2823) mem 0x80010000 0x00000001
core   0: 0x8000e1b8 (0xff9ff06f) j       pc - 0x8
core   0: 3 0x8000e1b8 (0xff9ff06f)
core   0: 0x8000e1b0 (0x00002f17) auipc   t5, 0x2
core   0: 3 0x8000e1b0 (0x00002f17) x30 0x800101b0
core   0: 0x8000e1b4 (0xe43f2823) sw      gp, -432(t5)
core   0: 3 0x8000e1b4 (0xe43f2823) mem 0x80010000 0x00000001
core   0: 0x8000e1b8 (0xff9ff06f) j       pc - 0x8
core   0: 3 0x8000e1b8 (0xff9ff06f)
core   0: 0x8000e1b0 (0x00002f17) auipc   t5, 0x2
core   0: 3 0x8000e1b0 (0x00002f17) x30 0x800101b0
core   0: 0x8000e1b4 (0xe43f2823) sw      gp, -432(t5)
core   0: 3 0x8000e1b4 (0xe43f2823) mem 0x80010000 0x00000001
core   0: 0x8000e1b8 (0xff9ff06f) j       pc - 0x8
core   0: 3 0x8000e1b8 (0xff9ff06f)
core   0: 0x8000e1b0 (0x00002f17) auipc   t5, 0x2
core   0: 3 0x8000e1b0 (0x00002f17) x30 0x800101b0
core   0: 0x8000e1b4 (0xe43f2823) sw      gp, -432(t5)
core   0: 3 0x8000e1b4 (0xe43f2823) mem 0x80010000 0x00000001
core   0: 0x8000e1b8 (0xff9ff06f) j       pc - 0x8
core   0: 3 0x8000e1b8 (0xff9ff06f)
core   0: 0x8000e1b0 (0x00002f17) auipc   t5, 0x2
core   0: 3 0x8000e1b0 (0x00002f17) x30 0x800101b0
core   0: 0x8000e1b4 (0xe43f2823) sw      gp, -432(t5)
core   0: 3 0x8000e1b4 (0xe43f2823) mem 0x80010000 0x00000001
core   0: 0x8000e1b8 (0xff9ff06f) j       pc - 0x8
core   0: 3 0x8000e1b8 (0xff9ff06f)
core   0: 0x8000e1b0 (0x00002f17) auipc   t5, 0x2
core   0: 3 0x8000e1b0 (0x00002f17) x30 0x800101b0
core   0: 0x8000e1b4 (0xe43f2823) sw      gp, -432(t5)
core   0: 3 0x8000e1b4 (0xe43f2823) mem 0x80010000 0x00000001
core   0: 0x8000e1b8 (0xff9ff06f) j       pc - 0x8
core   0: 3 0x8000e1b8 (0xff9ff06f)
core   0: 0x8000e1b0 (0x00002f17) auipc   t5, 0x2
core   0: 3 0x8000e1b0 (0x00002f17) x30 0x800101b0
core   0: 0x8000e1b4 (0xe43f2823) sw      gp, -432(t5)
core   0: 3 0x8000e1b4 (0xe43f2823) mem 0x80010000 0x00000001
core   0: 0x8000e1b8 (0xff9ff06f) j       pc - 0x8
core   0: 3 0x8000e1b8 (0xff9ff06f)
core   0: 0x8000e1b0 (0x00002f17) auipc   t5, 0x2
core   0: 3 0x8000e1b0 (0x00002f17) x30 0x800101b0
core   0: 0x8000e1b4 (0xe43f2823) sw      gp, -432(t5)
core   0: 3 0x8000e1b4 (0xe43f2823) mem 0x80010000 0x00000001
core   0: 0x8000e1b8 (0xff9ff06f) j       pc - 0x8
core   0: 3 0x8000e1b8 (0xff9ff06f)
core   0: 0x8000e1b0 (0x00002f17) auipc   t5, 0x2
core   0: 3 0x8000e1b0 (0x00002f17) x30 0x800101b0
core   0: 0x8000e1b4 (0xe43f2823) sw      gp, -432(t5)
core   0: 3 0x8000e1b4 (0xe43f2823) mem 0x80010000 0x00000001
core   0: 0x8000e1b8 (0xff9ff06f) j       pc - 0x8
core   0: 3 0x8000e1b8 (0xff9ff06f)
core   0: 0x8000e1b0 (0x00002f17) auipc   t5, 0x2
core   0: 3 0x8000e1b0 (0x00002f17) x30 0x800101b0
core   0: 0x8000e1b4 (0xe43f2823) sw      gp, -432(t5)
core   0: 3 0x8000e1b4 (0xe43f2823) mem 0x80010000 0x00000001
core   0: 0x8000e1b8 (0xff9ff06f) j       pc - 0x8
core   0: 3 0x8000e1b8 (0xff9ff06f)
core   0: 0x8000e1b0 (0x00002f17) auipc   t5, 0x2
core   0: 3 0x8000e1b0 (0x00002f17) x30 0x800101b0
core   0: 0x8000e1b4 (0xe43f2823) sw      gp, -432(t5)
core   0: 3 0x8000e1b4 (0xe43f2823) mem 0x80010000 0x00000001
core   0: 0x8000e1b8 (0xff9ff06f) j       pc - 0x8
core   0: 3 0x8000e1b8 (0xff9ff06f)
core   0: 0x8000e1b0 (0x00002f17) auipc   t5, 0x2
core   0: 3 0x8000e1b0 (0x00002f17) x30 0x800101b0
core   0: 0x8000e1b4 (0xe43f2823) sw      gp, -432(t5)
core   0: 3 0x8000e1b4 (0xe43f2823) mem 0x80010000 0x00000001
core   0: 0x8000e1b8 (0xff9ff06f) j       pc - 0x8
core   0: 3 0x8000e1b8 (0xff9ff06f)
core   0: 0x8000e1b0 (0x00002f17) auipc   t5, 0x2
core   0: 3 0x8000e1b0 (0x00002f17) x30 0x800101b0
core   0: 0x8000e1b4 (0xe43f2823) sw      gp, -432(t5)
core   0: 3 0x8000e1b4 (0xe43f2823) mem 0x80010000 0x00000001
core   0: 0x8000e1b8 (0xff9ff06f) j       pc - 0x8
core   0: 3 0x8000e1b8 (0xff9ff06f)
core   0: 0x8000e1b0 (0x00002f17) auipc   t5, 0x2
core   0: 3 0x8000e1b0 (0x00002f17) x30 0x800101b0
core   0: 0x8000e1b4 (0xe43f2823) sw      gp, -432(t5)
core   0: 3 0x8000e1b4 (0xe43f2823) mem 0x80010000 0x00000001
core   0: 0x8000e1b8 (0xff9ff06f) j       pc - 0x8
core   0: 3 0x8000e1b8 (0xff9ff06f)
core   0: 0x8000e1b0 (0x00002f17) auipc   t5, 0x2
core   0: 3 0x8000e1b0 (0x00002f17) x30 0x800101b0
core   0: 0x8000e1b4 (0xe43f2823) sw      gp, -432(t5)
core   0: 3 0x8000e1b4 (0xe43f2823) mem 0x80010000 0x00000001
core   0: 0x8000e1b8 (0xff9ff06f) j       pc - 0x8
core   0: 3 0x8000e1b8 (0xff9ff06f)
core   0: 0x8000e1b0 (0x00002f17) auipc   t5, 0x2
core   0: 3 0x8000e1b0 (0x00002f17) x30 0x800101b0
core   0: 0x8000e1b4 (0xe43f2823) sw      gp, -432(t5)
core   0: 3 0x8000e1b4 (0xe43f2823) mem 0x80010000 0x00000001
core   0: 0x8000e1b8 (0xff9ff06f) j       pc - 0x8
core   0: 3 0x8000e1b8 (0xff9ff06f)
core   0: 0x8000e1b0 (0x00002f17) auipc   t5, 0x2
core   0: 3 0x8000e1b0 (0x00002f17) x30 0x800101b0
core   0: 0x8000e1b4 (0xe43f2823) sw      gp, -432(t5)
core   0: 3 0x8000e1b4 (0xe43f2823) mem 0x80010000 0x00000001
core   0: 0x8000e1b8 (0xff9ff06f) j       pc - 0x8
core   0: 3 0x8000e1b8 (0xff9ff06f)
core   0: 0x8000e1b0 (0x00002f17) auipc   t5, 0x2
core   0: 3 0x8000e1b0 (0x00002f17) x30 0x800101b0
core   0: 0x8000e1b4 (0xe43f2823) sw      gp, -432(t5)
core   0: 3 0x8000e1b4 (0xe43f2823) mem 0x80010000 0x00000001
core   0: 0x8000e1b8 (0xff9ff06f) j       pc - 0x8
core   0: 3 0x8000e1b8 (0xff9ff06f)
core   0: 0x8000e1b0 (0x00002f17) auipc   t5, 0x2
core   0: 3 0x8000e1b0 (0x00002f17) x30 0x800101b0
core   0: 0x8000e1b4 (0xe43f2823) sw      gp, -432(t5)
core   0: 3 0x8000e1b4 (0xe43f2823) mem 0x80010000 0x00000001
core   0: 0x8000e1b8 (0xff9ff06f) j       pc - 0x8
core   0: 3 0x8000e1b8 (0xff9ff06f)
core   0: 0x8000e1b0 (0x00002f17) auipc   t5, 0x2
core   0: 3 0x8000e1b0 (0x00002f17) x30 0x800101b0
core   0: 0x8000e1b4 (0xe43f2823) sw      gp, -432(t5)
core   0: 3 0x8000e1b4 (0xe43f2823) mem 0x80010000 0x00000001
core   0: 0x8000e1b8 (0xff9ff06f) j       pc - 0x8
core   0: 3 0x8000e1b8 (0xff9ff06f)
core   0: 0x8000e1b0 (0x00002f17) auipc   t5, 0x2
core   0: 3 0x8000e1b0 (0x00002f17) x30 0x800101b0
core   0: 0x8000e1b4 (0xe43f2823) sw      gp, -432(t5)
core   0: 3 0x8000e1b4 (0xe43f2823) mem 0x80010000 0x00000001
core   0: 0x8000e1b8 (0xff9ff06f) j       pc - 0x8
core   0: 3 0x8000e1b8 (0xff9ff06f)
core   0: 0x8000e1b0 (0x00002f17) auipc   t5, 0x2
core   0: 3 0x8000e1b0 (0x00002f17) x30 0x800101b0
core   0: 0x8000e1b4 (0xe43f2823) sw      gp, -432(t5)
core   0: 3 0x8000e1b4 (0xe43f2823) mem 0x80010000 0x00000001
core   0: 0x8000e1b8 (0xff9ff06f) j       pc - 0x8
core   0: 3 0x8000e1b8 (0xff9ff06f)
core   0: 0x8000e1b0 (0x00002f17) auipc   t5, 0x2
core   0: 3 0x8000e1b0 (0x00002f17) x30 0x800101b0
core   0: 0x8000e1b4 (0xe43f2823) sw      gp, -432(t5)
core   0: 3 0x8000e1b4 (0xe43f2823) mem 0x80010000 0x00000001
core   0: 0x8000e1b8 (0xff9ff06f) j       pc - 0x8
core   0: 3 0x8000e1b8 (0xff9ff06f)
core   0: 0x8000e1b0 (0x00002f17) auipc   t5, 0x2
core   0: 3 0x8000e1b0 (0x00002f17) x30 0x800101b0
core   0: 0x8000e1b4 (0xe43f2823) sw      gp, -432(t5)
core   0: 3 0x8000e1b4 (0xe43f2823) mem 0x80010000 0x00000001
core   0: 0x8000e1b8 (0xff9ff06f) j       pc - 0x8
core   0: 3 0x8000e1b8 (0xff9ff06f)
core   0: 0x8000e1b0 (0x00002f17) auipc   t5, 0x2
core   0: 3 0x8000e1b0 (0x00002f17) x30 0x800101b0
core   0: 0x8000e1b4 (0xe43f2823) sw      gp, -432(t5)
core   0: 3 0x8000e1b4 (0xe43f2823) mem 0x80010000 0x00000001
core   0: 0x8000e1b8 (0xff9ff06f) j       pc - 0x8
core   0: 3 0x8000e1b8 (0xff9ff06f)
core   0: 0x8000e1b0 (0x00002f17) auipc   t5, 0x2
core   0: 3 0x8000e1b0 (0x00002f17) x30 0x800101b0
core   0: 0x8000e1b4 (0xe43f2823) sw      gp, -432(t5)
core   0: 3 0x8000e1b4 (0xe43f2823) mem 0x80010000 0x00000001
core   0: 0x8000e1b8 (0xff9ff06f) j       pc - 0x8
core   0: 3 0x8000e1b8 (0xff9ff06f)
core   0: 0x8000e1b0 (0x00002f17) auipc   t5, 0x2
core   0: 3 0x8000e1b0 (0x00002f17) x30 0x800101b0
core   0: 0x8000e1b4 (0xe43f2823) sw      gp, -432(t5)
core   0: 3 0x8000e1b4 (0xe43f2823) mem 0x80010000 0x00000001
core   0: 0x8000e1b8 (0xff9ff06f) j       pc - 0x8
core   0: 3 0x8000e1b8 (0xff9ff06f)
core   0: 0x8000e1b0 (0x00002f17) auipc   t5, 0x2
core   0: 3 0x8000e1b0 (0x00002f17) x30 0x800101b0
core   0: 0x8000e1b4 (0xe43f2823) sw      gp, -432(t5)
core   0: 3 0x8000e1b4 (0xe43f2823) mem 0x80010000 0x00000001
core   0: 0x8000e1b8 (0xff9ff06f) j       pc - 0x8
core   0: 3 0x8000e1b8 (0xff9ff06f)
core   0: 0x8000e1b0 (0x00002f17) auipc   t5, 0x2
core   0: 3 0x8000e1b0 (0x00002f17) x30 0x800101b0
core   0: 0x8000e1b4 (0xe43f2823) sw      gp, -432(t5)
core   0: 3 0x8000e1b4 (0xe43f2823) mem 0x80010000 0x00000001
core   0: 0x8000e1b8 (0xff9ff06f) j       pc - 0x8
core   0: 3 0x8000e1b8 (0xff9ff06f)
core   0: 0x8000e1b0 (0x00002f17) auipc   t5, 0x2
core   0: 3 0x8000e1b0 (0x00002f17) x30 0x800101b0
core   0: 0x8000e1b4 (0xe43f2823) sw      gp, -432(t5)
core   0: 3 0x8000e1b4 (0xe43f2823) mem 0x80010000 0x00000001
core   0: 0x8000e1b8 (0xff9ff06f) j       pc - 0x8
core   0: 3 0x8000e1b8 (0xff9ff06f)
core   0: 0x8000e1b0 (0x00002f17) auipc   t5, 0x2
core   0: 3 0x8000e1b0 (0x00002f17) x30 0x800101b0
core   0: 0x8000e1b4 (0xe43f2823) sw      gp, -432(t5)
core   0: 3 0x8000e1b4 (0xe43f2823) mem 0x80010000 0x00000001
core   0: 0x8000e1b8 (0xff9ff06f) j       pc - 0x8
core   0: 3 0x8000e1b8 (0xff9ff06f)
core   0: 0x8000e1b0 (0x00002f17) auipc   t5, 0x2
core   0: 3 0x8000e1b0 (0x00002f17) x30 0x800101b0
core   0: 0x8000e1b4 (0xe43f2823) sw      gp, -432(t5)
core   0: 3 0x8000e1b4 (0xe43f2823) mem 0x80010000 0x00000001
core   0: 0x8000e1b8 (0xff9ff06f) j       pc - 0x8
core   0: 3 0x8000e1b8 (0xff9ff06f)
core   0: 0x8000e1b0 (0x00002f17) auipc   t5, 0x2
core   0: 3 0x8000e1b0 (0x00002f17) x30 0x800101b0
core   0: 0x8000e1b4 (0xe43f2823) sw      gp, -432(t5)
core   0: 3 0x8000e1b4 (0xe43f2823) mem 0x80010000 0x00000001
core   0: 0x8000e1b8 (0xff9ff06f) j       pc - 0x8
core   0: 3 0x8000e1b8 (0xff9ff06f)
core   0: 0x8000e1b0 (0x00002f17) auipc   t5, 0x2
core   0: 3 0x8000e1b0 (0x00002f17) x30 0x800101b0
core   0: 0x8000e1b4 (0xe43f2823) sw      gp, -432(t5)
core   0: 3 0x8000e1b4 (0xe43f2823) mem 0x80010000 0x00000001
core   0: 0x8000e1b8 (0xff9ff06f) j       pc - 0x8
core   0: 3 0x8000e1b8 (0xff9ff06f)
core   0: 0x8000e1b0 (0x00002f17) auipc   t5, 0x2
core   0: 3 0x8000e1b0 (0x00002f17) x30 0x800101b0
core   0: 0x8000e1b4 (0xe43f2823) sw      gp, -432(t5)
core   0: 3 0x8000e1b4 (0xe43f2823) mem 0x80010000 0x00000001
core   0: 0x8000e1b8 (0xff9ff06f) j       pc - 0x8
core   0: 3 0x8000e1b8 (0xff9ff06f)
core   0: 0x8000e1b0 (0x00002f17) auipc   t5, 0x2
core   0: 3 0x8000e1b0 (0x00002f17) x30 0x800101b0
core   0: 0x8000e1b4 (0xe43f2823) sw      gp, -432(t5)
core   0: 3 0x8000e1b4 (0xe43f2823) mem 0x80010000 0x00000001
core   0: 0x8000e1b8 (0xff9ff06f) j       pc - 0x8
core   0: 3 0x8000e1b8 (0xff9ff06f)
core   0: 0x8000e1b0 (0x00002f17) auipc   t5, 0x2
core   0: 3 0x8000e1b0 (0x00002f17) x30 0x800101b0
core   0: 0x8000e1b4 (0xe43f2823) sw      gp, -432(t5)
core   0: 3 0x8000e1b4 (0xe43f2823) mem 0x80010000 0x00000001
core   0: 0x8000e1b8 (0xff9ff06f) j       pc - 0x8
core   0: 3 0x8000e1b8 (0xff9ff06f)
core   0: 0x8000e1b0 (0x00002f17) auipc   t5, 0x2
core   0: 3 0x8000e1b0 (0x00002f17) x30 0x800101b0
core   0: 0x8000e1b4 (0xe43f2823) sw      gp, -432(t5)
core   0: 3 0x8000e1b4 (0xe43f2823) mem 0x80010000 0x00000001
core   0: 0x8000e1b8 (0xff9ff06f) j       pc - 0x8
core   0: 3 0x8000e1b8 (0xff9ff06f)
core   0: 0x8000e1b0 (0x00002f17) auipc   t5, 0x2
core   0: 3 0x8000e1b0 (0x00002f17) x30 0x800101b0
core   0: 0x8000e1b4 (0xe43f2823) sw      gp, -432(t5)
core   0: 3 0x8000e1b4 (0xe43f2823) mem 0x80010000 0x00000001
core   0: 0x8000e1b8 (0xff9ff06f) j       pc - 0x8
core   0: 3 0x8000e1b8 (0xff9ff06f)
core   0: 0x8000e1b0 (0x00002f17) auipc   t5, 0x2
core   0: 3 0x8000e1b0 (0x00002f17) x30 0x800101b0
core   0: 0x8000e1b4 (0xe43f2823) sw      gp, -432(t5)
core   0: 3 0x8000e1b4 (0xe43f2823) mem 0x80010000 0x00000001
core   0: 0x8000e1b8 (0xff9ff06f) j       pc - 0x8
core   0: 3 0x8000e1b8 (0xff9ff06f)
core   0: 0x8000e1b0 (0x00002f17) auipc   t5, 0x2
core   0: 3 0x8000e1b0 (0x00002f17) x30 0x800101b0
core   0: 0x8000e1b4 (0xe43f2823) sw      gp, -432(t5)
core   0: 3 0x8000e1b4 (0xe43f2823) mem 0x80010000 0x00000001
core   0: 0x8000e1b8 (0xff9ff06f) j       pc - 0x8
core   0: 3 0x8000e1b8 (0xff9ff06f)
core   0: 0x8000e1b0 (0x00002f17) auipc   t5, 0x2
core   0: 3 0x8000e1b0 (0x00002f17) x30 0x800101b0
core   0: 0x8000e1b4 (0xe43f2823) sw      gp, -432(t5)
core   0: 3 0x8000e1b4 (0xe43f2823) mem 0x80010000 0x00000001
core   0: 0x8000e1b8 (0xff9ff06f) j       pc - 0x8
core   0: 3 0x8000e1b8 (0xff9ff06f)
core   0: 0x8000e1b0 (0x00002f17) auipc   t5, 0x2
core   0: 3 0x8000e1b0 (0x00002f17) x30 0x800101b0
core   0: 0x8000e1b4 (0xe43f2823) sw      gp, -432(t5)
core   0: 3 0x8000e1b4 (0xe43f2823) mem 0x80010000 0x00000001
core   0: 0x8000e1b8 (0xff9ff06f) j       pc - 0x8
core   0: 3 0x8000e1b8 (0xff9ff06f)
core   0: 0x8000e1b0 (0x00002f17) auipc   t5, 0x2
core   0: 3 0x8000e1b0 (0x00002f17) x30 0x800101b0
core   0: 0x8000e1b4 (0xe43f2823) sw      gp, -432(t5)
core   0: 3 0x8000e1b4 (0xe43f2823) mem 0x80010000 0x00000001
core   0: 0x8000e1b8 (0xff9ff06f) j       pc - 0x8
core   0: 3 0x8000e1b8 (0xff9ff06f)
core   0: 0x8000e1b0 (0x00002f17) auipc   t5, 0x2
core   0: 3 0x8000e1b0 (0x00002f17) x30 0x800101b0
core   0: 0x8000e1b4 (0xe43f2823) sw      gp, -432(t5)
core   0: 3 0x8000e1b4 (0xe43f2823) mem 0x80010000 0x00000001
core   0: 0x8000e1b8 (0xff9ff06f) j       pc - 0x8
core   0: 3 0x8000e1b8 (0xff9ff06f)
core   0: 0x8000e1b0 (0x00002f17) auipc   t5, 0x2
core   0: 3 0x8000e1b0 (0x00002f17) x30 0x800101b0
core   0: 0x8000e1b4 (0xe43f2823) sw      gp, -432(t5)
core   0: 3 0x8000e1b4 (0xe43f2823) mem 0x80010000 0x00000001
core   0: 0x8000e1b8 (0xff9ff06f) j       pc - 0x8
core   0: 3 0x8000e1b8 (0xff9ff06f)
core   0: 0x8000e1b0 (0x00002f17) auipc   t5, 0x2
core   0: 3 0x8000e1b0 (0x00002f17) x30 0x800101b0
core   0: 0x8000e1b4 (0xe43f2823) sw      gp, -432(t5)
core   0: 3 0x8000e1b4 (0xe43f2823) mem 0x80010000 0x00000001
core   0: 0x8000e1b8 (0xff9ff06f) j       pc - 0x8
core   0: 3 0x8000e1b8 (0xff9ff06f)
core   0: 0x8000e1b0 (0x00002f17) auipc   t5, 0x2
core   0: 3 0x8000e1b0 (0x00002f17) x30 0x800101b0
core   0: 0x8000e1b4 (0xe43f2823) sw      gp, -432(t5)
core   0: 3 0x8000e1b4 (0xe43f2823) mem 0x80010000 0x00000001
core   0: 0x8000e1b8 (0xff9ff06f) j       pc - 0x8
core   0: 3 0x8000e1b8 (0xff9ff06f)
core   0: 0x8000e1b0 (0x00002f17) auipc   t5, 0x2
core   0: 3 0x8000e1b0 (0x00002f17) x30 0x800101b0
core   0: 0x8000e1b4 (0xe43f2823) sw      gp, -432(t5)
core   0: 3 0x8000e1b4 (0xe43f2823) mem 0x80010000 0x00000001
core   0: 0x8000e1b8 (0xff9ff06f) j       pc - 0x8
core   0: 3 0x8000e1b8 (0xff9ff06f)
core   0: 0x8000e1b0 (0x00002f17) auipc   t5, 0x2
core   0: 3 0x8000e1b0 (0x00002f17) x30 0x800101b0
core   0: 0x8000e1b4 (0xe43f2823) sw      gp, -432(t5)
core   0: 3 0x8000e1b4 (0xe43f2823) mem 0x80010000 0x00000001
core   0: 0x8000e1b8 (0xff9ff06f) j       pc - 0x8
core   0: 3 0x8000e1b8 (0xff9ff06f)
core   0: 0x8000e1b0 (0x00002f17) auipc   t5, 0x2
core   0: 3 0x8000e1b0 (0x00002f17) x30 0x800101b0
core   0: 0x8000e1b4 (0xe43f2823) sw      gp, -432(t5)
core   0: 3 0x8000e1b4 (0xe43f2823) mem 0x80010000 0x00000001
core   0: 0x8000e1b8 (0xff9ff06f) j       pc - 0x8
core   0: 3 0x8000e1b8 (0xff9ff06f)
core   0: 0x8000e1b0 (0x00002f17) auipc   t5, 0x2
core   0: 3 0x8000e1b0 (0x00002f17) x30 0x800101b0
core   0: 0x8000e1b4 (0xe43f2823) sw      gp, -432(t5)
core   0: 3 0x8000e1b4 (0xe43f2823) mem 0x80010000 0x00000001
core   0: 0x8000e1b8 (0xff9ff06f) j       pc - 0x8
core   0: 3 0x8000e1b8 (0xff9ff06f)
core   0: 0x8000e1b0 (0x00002f17) auipc   t5, 0x2
core   0: 3 0x8000e1b0 (0x00002f17) x30 0x800101b0
core   0: 0x8000e1b4 (0xe43f2823) sw      gp, -432(t5)
core   0: 3 0x8000e1b4 (0xe43f2823) mem 0x80010000 0x00000001
core   0: 0x8000e1b8 (0xff9ff06f) j       pc - 0x8
core   0: 3 0x8000e1b8 (0xff9ff06f)
core   0: 0x8000e1b0 (0x00002f17) auipc   t5, 0x2
core   0: 3 0x8000e1b0 (0x00002f17) x30 0x800101b0
core   0: 0x8000e1b4 (0xe43f2823) sw      gp, -432(t5)
core   0: 3 0x8000e1b4 (0xe43f2823) mem 0x80010000 0x00000001
core   0: 0x8000e1b8 (0xff9ff06f) j       pc - 0x8
core   0: 3 0x8000e1b8 (0xff9ff06f)
core   0: 0x8000e1b0 (0x00002f17) auipc   t5, 0x2
core   0: 3 0x8000e1b0 (0x00002f17) x30 0x800101b0
core   0: 0x8000e1b4 (0xe43f2823) sw      gp, -432(t5)
core   0: 3 0x8000e1b4 (0xe43f2823) mem 0x80010000 0x00000001
core   0: 0x8000e1b8 (0xff9ff06f) j       pc - 0x8
core   0: 3 0x8000e1b8 (0xff9ff06f)
core   0: 0x8000e1b0 (0x00002f17) auipc   t5, 0x2
core   0: 3 0x8000e1b0 (0x00002f17) x30 0x800101b0
core   0: 0x8000e1b4 (0xe43f2823) sw      gp, -432(t5)
core   0: 3 0x8000e1b4 (0xe43f2823) mem 0x80010000 0x00000001
core   0: 0x8000e1b8 (0xff9ff06f) j       pc - 0x8
core   0: 3 0x8000e1b8 (0xff9ff06f)
core   0: 0x8000e1b0 (0x00002f17) auipc   t5, 0x2
core   0: 3 0x8000e1b0 (0x00002f17) x30 0x800101b0
core   0: 0x8000e1b4 (0xe43f2823) sw      gp, -432(t5)
core   0: 3 0x8000e1b4 (0xe43f2823) mem 0x80010000 0x00000001
core   0: 0x8000e1b8 (0xff9ff06f) j       pc - 0x8
core   0: 3 0x8000e1b8 (0xff9ff06f)
core   0: 0x8000e1b0 (0x00002f17) auipc   t5, 0x2
core   0: 3 0x8000e1b0 (0x00002f17) x30 0x800101b0
core   0: 0x8000e1b4 (0xe43f2823) sw      gp, -432(t5)
core   0: 3 0x8000e1b4 (0xe43f2823) mem 0x80010000 0x00000001
core   0: 0x8000e1b8 (0xff9ff06f) j       pc - 0x8
core   0: 3 0x8000e1b8 (0xff9ff06f)
core   0: 0x8000e1b0 (0x00002f17) auipc   t5, 0x2
core   0: 3 0x8000e1b0 (0x00002f17) x30 0x800101b0
core   0: 0x8000e1b4 (0xe43f2823) sw      gp, -432(t5)
core   0: 3 0x8000e1b4 (0xe43f2823) mem 0x80010000 0x00000001
core   0: 0x8000e1b8 (0xff9ff06f) j       pc - 0x8
core   0: 3 0x8000e1b8 (0xff9ff06f)
core   0: 0x8000e1b0 (0x00002f17) auipc   t5, 0x2
core   0: 3 0x8000e1b0 (0x00002f17) x30 0x800101b0
core   0: 0x8000e1b4 (0xe43f2823) sw      gp, -432(t5)
core   0: 3 0x8000e1b4 (0xe43f2823) mem 0x80010000 0x00000001
core   0: 0x8000e1b8 (0xff9ff06f) j       pc - 0x8
core   0: 3 0x8000e1b8 (0xff9ff06f)
core   0: 0x8000e1b0 (0x00002f17) auipc   t5, 0x2
core   0: 3 0x8000e1b0 (0x00002f17) x30 0x800101b0
core   0: 0x8000e1b4 (0xe43f2823) sw      gp, -432(t5)
core   0: 3 0x8000e1b4 (0xe43f2823) mem 0x80010000 0x00000001
core   0: 0x8000e1b8 (0xff9ff06f) j       pc - 0x8
core   0: 3 0x8000e1b8 (0xff9ff06f)
core   0: 0x8000e1b0 (0x00002f17) auipc   t5, 0x2
core   0: 3 0x8000e1b0 (0x00002f17) x30 0x800101b0
core   0: 0x8000e1b4 (0xe43f2823) sw      gp, -432(t5)
core   0: 3 0x8000e1b4 (0xe43f2823) mem 0x80010000 0x00000001
core   0: 0x8000e1b8 (0xff9ff06f) j       pc - 0x8
core   0: 3 0x8000e1b8 (0xff9ff06f)
core   0: 0x8000e1b0 (0x00002f17) auipc   t5, 0x2
core   0: 3 0x8000e1b0 (0x00002f17) x30 0x800101b0
core   0: 0x8000e1b4 (0xe43f2823) sw      gp, -432(t5)
core   0: 3 0x8000e1b4 (0xe43f2823) mem 0x80010000 0x00000001
core   0: 0x8000e1b8 (0xff9ff06f) j       pc - 0x8
core   0: 3 0x8000e1b8 (0xff9ff06f)
core   0: 0x8000e1b0 (0x00002f17) auipc   t5, 0x2
core   0: 3 0x8000e1b0 (0x00002f17) x30 0x800101b0
core   0: 0x8000e1b4 (0xe43f2823) sw      gp, -432(t5)
core   0: 3 0x8000e1b4 (0xe43f2823) mem 0x80010000 0x00000001
core   0: 0x8000e1b8 (0xff9ff06f) j       pc - 0x8
core   0: 3 0x8000e1b8 (0xff9ff06f)
core   0: 0x8000e1b0 (0x00002f17) auipc   t5, 0x2
core   0: 3 0x8000e1b0 (0x00002f17) x30 0x800101b0
core   0: 0x8000e1b4 (0xe43f2823) sw      gp, -432(t5)
core   0: 3 0x8000e1b4 (0xe43f2823) mem 0x80010000 0x00000001
core   0: 0x8000e1b8 (0xff9ff06f) j       pc - 0x8
core   0: 3 0x8000e1b8 (0xff9ff06f)
core   0: 0x8000e1b0 (0x00002f17) auipc   t5, 0x2
core   0: 3 0x8000e1b0 (0x00002f17) x30 0x800101b0
core   0: 0x8000e1b4 (0xe43f2823) sw      gp, -432(t5)
core   0: 3 0x8000e1b4 (0xe43f2823) mem 0x80010000 0x00000001
core   0: 0x8000e1b8 (0xff9ff06f) j       pc - 0x8
core   0: 3 0x8000e1b8 (0xff9ff06f)
core   0: 0x8000e1b0 (0x00002f17) auipc   t5, 0x2
core   0: 3 0x8000e1b0 (0x00002f17) x30 0x800101b0
core   0: 0x8000e1b4 (0xe43f2823) sw      gp, -432(t5)
core   0: 3 0x8000e1b4 (0xe43f2823) mem 0x80010000 0x00000001
core   0: 0x8000e1b8 (0xff9ff06f) j       pc - 0x8
core   0: 3 0x8000e1b8 (0xff9ff06f)
core   0: 0x8000e1b0 (0x00002f17) auipc   t5, 0x2
core   0: 3 0x8000e1b0 (0x00002f17) x30 0x800101b0
core   0: 0x8000e1b4 (0xe43f2823) sw      gp, -432(t5)
core   0: 3 0x8000e1b4 (0xe43f2823) mem 0x80010000 0x00000001
core   0: 0x8000e1b8 (0xff9ff06f) j       pc - 0x8
core   0: 3 0x8000e1b8 (0xff9ff06f)
core   0: 0x8000e1b0 (0x00002f17) auipc   t5, 0x2
core   0: 3 0x8000e1b0 (0x00002f17) x30 0x800101b0
core   0: 0x8000e1b4 (0xe43f2823) sw      gp, -432(t5)
core   0: 3 0x8000e1b4 (0xe43f2823) mem 0x80010000 0x00000001
core   0: 0x8000e1b8 (0xff9ff06f) j       pc - 0x8
core   0: 3 0x8000e1b8 (0xff9ff06f)
core   0: 0x8000e1b0 (0x00002f17) auipc   t5, 0x2
core   0: 3 0x8000e1b0 (0x00002f17) x30 0x800101b0
core   0: 0x8000e1b4 (0xe43f2823) sw      gp, -432(t5)
core   0: 3 0x8000e1b4 (0xe43f2823) mem 0x80010000 0x00000001
core   0: 0x8000e1b8 (0xff9ff06f) j       pc - 0x8
core   0: 3 0x8000e1b8 (0xff9ff06f)
core   0: 0x8000e1b0 (0x00002f17) auipc   t5, 0x2
core   0: 3 0x8000e1b0 (0x00002f17) x30 0x800101b0
core   0: 0x8000e1b4 (0xe43f2823) sw      gp, -432(t5)
core   0: 3 0x8000e1b4 (0xe43f2823) mem 0x80010000 0x00000001
core   0: 0x8000e1b8 (0xff9ff06f) j       pc - 0x8
core   0: 3 0x8000e1b8 (0xff9ff06f)
core   0: 0x8000e1b0 (0x00002f17) auipc   t5, 0x2
core   0: 3 0x8000e1b0 (0x00002f17) x30 0x800101b0
core   0: 0x8000e1b4 (0xe43f2823) sw      gp, -432(t5)
core   0: 3 0x8000e1b4 (0xe43f2823) mem 0x80010000 0x00000001
core   0: 0x8000e1b8 (0xff9ff06f) j       pc - 0x8
core   0: 3 0x8000e1b8 (0xff9ff06f)
core   0: 0x8000e1b0 (0x00002f17) auipc   t5, 0x2
core   0: 3 0x8000e1b0 (0x00002f17) x30 0x800101b0
core   0: 0x8000e1b4 (0xe43f2823) sw      gp, -432(t5)
core   0: 3 0x8000e1b4 (0xe43f2823) mem 0x80010000 0x00000001
core   0: 0x8000e1b8 (0xff9ff06f) j       pc - 0x8
core   0: 3 0x8000e1b8 (0xff9ff06f)
core   0: 0x8000e1b0 (0x00002f17) auipc   t5, 0x2
core   0: 3 0x8000e1b0 (0x00002f17) x30 0x800101b0
core   0: 0x8000e1b4 (0xe43f2823) sw      gp, -432(t5)
core   0: 3 0x8000e1b4 (0xe43f2823) mem 0x80010000 0x00000001
core   0: 0x8000e1b8 (0xff9ff06f) j       pc - 0x8
core   0: 3 0x8000e1b8 (0xff9ff06f)
core   0: 0x8000e1b0 (0x00002f17) auipc   t5, 0x2
core   0: 3 0x8000e1b0 (0x00002f17) x30 0x800101b0
core   0: 0x8000e1b4 (0xe43f2823) sw      gp, -432(t5)
core   0: 3 0x8000e1b4 (0xe43f2823) mem 0x80010000 0x00000001
core   0: 0x8000e1b8 (0xff9ff06f) j       pc - 0x8
core   0: 3 0x8000e1b8 (0xff9ff06f)
core   0: 0x8000e1b0 (0x00002f17) auipc   t5, 0x2
core   0: 3 0x8000e1b0 (0x00002f17) x30 0x800101b0
core   0: 0x8000e1b4 (0xe43f2823) sw      gp, -432(t5)
core   0: 3 0x8000e1b4 (0xe43f2823) mem 0x80010000 0x00000001
core   0: 0x8000e1b8 (0xff9ff06f) j       pc - 0x8
core   0: 3 0x8000e1b8 (0xff9ff06f)
core   0: 0x8000e1b0 (0x00002f17) auipc   t5, 0x2
core   0: 3 0x8000e1b0 (0x00002f17) x30 0x800101b0
core   0: 0x8000e1b4 (0xe43f2823) sw      gp, -432(t5)
core   0: 3 0x8000e1b4 (0xe43f2823) mem 0x80010000 0x00000001
core   0: 0x8000e1b8 (0xff9ff06f) j       pc - 0x8
core   0: 3 0x8000e1b8 (0xff9ff06f)
core   0: 0x8000e1b0 (0x00002f17) auipc   t5, 0x2
core   0: 3 0x8000e1b0 (0x00002f17) x30 0x800101b0
core   0: 0x8000e1b4 (0xe43f2823) sw      gp, -432(t5)
core   0: 3 0x8000e1b4 (0xe43f2823) mem 0x80010000 0x00000001
core   0: 0x8000e1b8 (0xff9ff06f) j       pc - 0x8
core   0: 3 0x8000e1b8 (0xff9ff06f)
core   0: 0x8000e1b0 (0x00002f17) auipc   t5, 0x2
core   0: 3 0x8000e1b0 (0x00002f17) x30 0x800101b0
core   0: 0x8000e1b4 (0xe43f2823) sw      gp, -432(t5)
core   0: 3 0x8000e1b4 (0xe43f2823) mem 0x80010000 0x00000001
core   0: 0x8000e1b8 (0xff9ff06f) j       pc - 0x8
core   0: 3 0x8000e1b8 (0xff9ff06f)
core   0: 0x8000e1b0 (0x00002f17) auipc   t5, 0x2
core   0: 3 0x8000e1b0 (0x00002f17) x30 0x800101b0
core   0: 0x8000e1b4 (0xe43f2823) sw      gp, -432(t5)
core   0: 3 0x8000e1b4 (0xe43f2823) mem 0x80010000 0x00000001
core   0: 0x8000e1b8 (0xff9ff06f) j       pc - 0x8
core   0: 3 0x8000e1b8 (0xff9ff06f)
core   0: 0x8000e1b0 (0x00002f17) auipc   t5, 0x2
core   0: 3 0x8000e1b0 (0x00002f17) x30 0x800101b0
core   0: 0x8000e1b4 (0xe43f2823) sw      gp, -432(t5)
core   0: 3 0x8000e1b4 (0xe43f2823) mem 0x80010000 0x00000001
core   0: 0x8000e1b8 (0xff9ff06f) j       pc - 0x8
core   0: 3 0x8000e1b8 (0xff9ff06f)
core   0: 0x8000e1b0 (0x00002f17) auipc   t5, 0x2
core   0: 3 0x8000e1b0 (0x00002f17) x30 0x800101b0
core   0: 0x8000e1b4 (0xe43f2823) sw      gp, -432(t5)
core   0: 3 0x8000e1b4 (0xe43f2823) mem 0x80010000 0x00000001
core   0: 0x8000e1b8 (0xff9ff06f) j       pc - 0x8
core   0: 3 0x8000e1b8 (0xff9ff06f)
core   0: 0x8000e1b0 (0x00002f17) auipc   t5, 0x2
core   0: 3 0x8000e1b0 (0x00002f17) x30 0x800101b0
core   0: 0x8000e1b4 (0xe43f2823) sw      gp, -432(t5)
core   0: 3 0x8000e1b4 (0xe43f2823) mem 0x80010000 0x00000001
core   0: 0x8000e1b8 (0xff9ff06f) j       pc - 0x8
core   0: 3 0x8000e1b8 (0xff9ff06f)
core   0: 0x8000e1b0 (0x00002f17) auipc   t5, 0x2
core   0: 3 0x8000e1b0 (0x00002f17) x30 0x800101b0
core   0: 0x8000e1b4 (0xe43f2823) sw      gp, -432(t5)
core   0: 3 0x8000e1b4 (0xe43f2823) mem 0x80010000 0x00000001
core   0: 0x8000e1b8 (0xff9ff06f) j       pc - 0x8
core   0: 3 0x8000e1b8 (0xff9ff06f)
core   0: 0x8000e1b0 (0x00002f17) auipc   t5, 0x2
core   0: 3 0x8000e1b0 (0x00002f17) x30 0x800101b0
core   0: 0x8000e1b4 (0xe43f2823) sw      gp, -432(t5)
core   0: 3 0x8000e1b4 (0xe43f2823) mem 0x80010000 0x00000001
core   0: 0x8000e1b8 (0xff9ff06f) j       pc - 0x8
core   0: 3 0x8000e1b8 (0xff9ff06f)
core   0: 0x8000e1b0 (0x00002f17) auipc   t5, 0x2
core   0: 3 0x8000e1b0 (0x00002f17) x30 0x800101b0
core   0: 0x8000e1b4 (0xe43f2823) sw      gp, -432(t5)
core   0: 3 0x8000e1b4 (0xe43f2823) mem 0x80010000 0x00000001
core   0: 0x8000e1b8 (0xff9ff06f) j       pc - 0x8
core   0: 3 0x8000e1b8 (0xff9ff06f)
core   0: 0x8000e1b0 (0x00002f17) auipc   t5, 0x2
core   0: 3 0x8000e1b0 (0x00002f17) x30 0x800101b0
core   0: 0x8000e1b4 (0xe43f2823) sw      gp, -432(t5)
core   0: 3 0x8000e1b4 (0xe43f2823) mem 0x80010000 0x00000001
core   0: 0x8000e1b8 (0xff9ff06f) j       pc - 0x8
core   0: 3 0x8000e1b8 (0xff9ff06f)
core   0: 0x8000e1b0 (0x00002f17) auipc   t5, 0x2
core   0: 3 0x8000e1b0 (0x00002f17) x30 0x800101b0
core   0: 0x8000e1b4 (0xe43f2823) sw      gp, -432(t5)
core   0: 3 0x8000e1b4 (0xe43f2823) mem 0x80010000 0x00000001
core   0: 0x8000e1b8 (0xff9ff06f) j       pc - 0x8
core   0: 3 0x8000e1b8 (0xff9ff06f)
core   0: 0x8000e1b0 (0x00002f17) auipc   t5, 0x2
core   0: 3 0x8000e1b0 (0x00002f17) x30 0x800101b0
core   0: 0x8000e1b4 (0xe43f2823) sw      gp, -432(t5)
core   0: 3 0x8000e1b4 (0xe43f2823) mem 0x80010000 0x00000001
core   0: 0x8000e1b8 (0xff9ff06f) j       pc - 0x8
core   0: 3 0x8000e1b8 (0xff9ff06f)
core   0: 0x8000e1b0 (0x00002f17) auipc   t5, 0x2
core   0: 3 0x8000e1b0 (0x00002f17) x30 0x800101b0
core   0: 0x8000e1b4 (0xe43f2823) sw      gp, -432(t5)
core   0: 3 0x8000e1b4 (0xe43f2823) mem 0x80010000 0x00000001
core   0: 0x8000e1b8 (0xff9ff06f) j       pc - 0x8
core   0: 3 0x8000e1b8 (0xff9ff06f)
core   0: 0x8000e1b0 (0x00002f17) auipc   t5, 0x2
core   0: 3 0x8000e1b0 (0x00002f17) x30 0x800101b0
core   0: 0x8000e1b4 (0xe43f2823) sw      gp, -432(t5)
core   0: 3 0x8000e1b4 (0xe43f2823) mem 0x80010000 0x00000001
core   0: 0x8000e1b8 (0xff9ff06f) j       pc - 0x8
core   0: 3 0x8000e1b8 (0xff9ff06f)
core   0: 0x8000e1b0 (0x00002f17) auipc   t5, 0x2
core   0: 3 0x8000e1b0 (0x00002f17) x30 0x800101b0
core   0: 0x8000e1b4 (0xe43f2823) sw      gp, -432(t5)
core   0: 3 0x8000e1b4 (0xe43f2823) mem 0x80010000 0x00000001
core   0: 0x8000e1b8 (0xff9ff06f) j       pc - 0x8
core   0: 3 0x8000e1b8 (0xff9ff06f)
core   0: 0x8000e1b0 (0x00002f17) auipc   t5, 0x2
core   0: 3 0x8000e1b0 (0x00002f17) x30 0x800101b0
core   0: 0x8000e1b4 (0xe43f2823) sw      gp, -432(t5)
core   0: 3 0x8000e1b4 (0xe43f2823) mem 0x80010000 0x00000001
core   0: 0x8000e1b8 (0xff9ff06f) j       pc - 0x8
core   0: 3 0x8000e1b8 (0xff9ff06f)
core   0: 0x8000e1b0 (0x00002f17) auipc   t5, 0x2
core   0: 3 0x8000e1b0 (0x00002f17) x30 0x800101b0
core   0: 0x8000e1b4 (0xe43f2823) sw      gp, -432(t5)
core   0: 3 0x8000e1b4 (0xe43f2823) mem 0x80010000 0x00000001
core   0: 0x8000e1b8 (0xff9ff06f) j       pc - 0x8
core   0: 3 0x8000e1b8 (0xff9ff06f)
core   0: 0x8000e1b0 (0x00002f17) auipc   t5, 0x2
core   0: 3 0x8000e1b0 (0x00002f17) x30 0x800101b0
core   0: 0x8000e1b4 (0xe43f2823) sw      gp, -432(t5)
core   0: 3 0x8000e1b4 (0xe43f2823) mem 0x80010000 0x00000001
core   0: 0x8000e1b8 (0xff9ff06f) j       pc - 0x8
core   0: 3 0x8000e1b8 (0xff9ff06f)
core   0: 0x8000e1b0 (0x00002f17) auipc   t5, 0x2
core   0: 3 0x8000e1b0 (0x00002f17) x30 0x800101b0
core   0: 0x8000e1b4 (0xe43f2823) sw      gp, -432(t5)
core   0: 3 0x8000e1b4 (0xe43f2823) mem 0x80010000 0x00000001
core   0: 0x8000e1b8 (0xff9ff06f) j       pc - 0x8
core   0: 3 0x8000e1b8 (0xff9ff06f)
core   0: 0x8000e1b0 (0x00002f17) auipc   t5, 0x2
core   0: 3 0x8000e1b0 (0x00002f17) x30 0x800101b0
core   0: 0x8000e1b4 (0xe43f2823) sw      gp, -432(t5)
core   0: 3 0x8000e1b4 (0xe43f2823) mem 0x80010000 0x00000001
core   0: 0x8000e1b8 (0xff9ff06f) j       pc - 0x8
core   0: 3 0x8000e1b8 (0xff9ff06f)
core   0: 0x8000e1b0 (0x00002f17) auipc   t5, 0x2
core   0: 3 0x8000e1b0 (0x00002f17) x30 0x800101b0
core   0: 0x8000e1b4 (0xe43f2823) sw      gp, -432(t5)
core   0: 3 0x8000e1b4 (0xe43f2823) mem 0x80010000 0x00000001
core   0: 0x8000e1b8 (0xff9ff06f) j       pc - 0x8
core   0: 3 0x8000e1b8 (0xff9ff06f)
core   0: 0x8000e1b0 (0x00002f17) auipc   t5, 0x2
core   0: 3 0x8000e1b0 (0x00002f17) x30 0x800101b0
core   0: 0x8000e1b4 (0xe43f2823) sw      gp, -432(t5)
core   0: 3 0x8000e1b4 (0xe43f2823) mem 0x80010000 0x00000001
core   0: 0x8000e1b8 (0xff9ff06f) j       pc - 0x8
core   0: 3 0x8000e1b8 (0xff9ff06f)
core   0: 0x8000e1b0 (0x00002f17) auipc   t5, 0x2
core   0: 3 0x8000e1b0 (0x00002f17) x30 0x800101b0
core   0: 0x8000e1b4 (0xe43f2823) sw      gp, -432(t5)
core   0: 3 0x8000e1b4 (0xe43f2823) mem 0x80010000 0x00000001
core   0: 0x8000e1b8 (0xff9ff06f) j       pc - 0x8
core   0: 3 0x8000e1b8 (0xff9ff06f)
core   0: 0x8000e1b0 (0x00002f17) auipc   t5, 0x2
core   0: 3 0x8000e1b0 (0x00002f17) x30 0x800101b0
core   0: 0x8000e1b4 (0xe43f2823) sw      gp, -432(t5)
core   0: 3 0x8000e1b4 (0xe43f2823) mem 0x80010000 0x00000001
core   0: 0x8000e1b8 (0xff9ff06f) j       pc - 0x8
core   0: 3 0x8000e1b8 (0xff9ff06f)
core   0: 0x8000e1b0 (0x00002f17) auipc   t5, 0x2
core   0: 3 0x8000e1b0 (0x00002f17) x30 0x800101b0
core   0: 0x8000e1b4 (0xe43f2823) sw      gp, -432(t5)
core   0: 3 0x8000e1b4 (0xe43f2823) mem 0x80010000 0x00000001
core   0: 0x8000e1b8 (0xff9ff06f) j       pc - 0x8
core   0: 3 0x8000e1b8 (0xff9ff06f)
core   0: 0x8000e1b0 (0x00002f17) auipc   t5, 0x2
core   0: 3 0x8000e1b0 (0x00002f17) x30 0x800101b0
core   0: 0x8000e1b4 (0xe43f2823) sw      gp, -432(t5)
core   0: 3 0x8000e1b4 (0xe43f2823) mem 0x80010000 0x00000001
core   0: 0x8000e1b8 (0xff9ff06f) j       pc - 0x8
core   0: 3 0x8000e1b8 (0xff9ff06f)
core   0: 0x8000e1b0 (0x00002f17) auipc   t5, 0x2
core   0: 3 0x8000e1b0 (0x00002f17) x30 0x800101b0
core   0: 0x8000e1b4 (0xe43f2823) sw      gp, -432(t5)
core   0: 3 0x8000e1b4 (0xe43f2823) mem 0x80010000 0x00000001
core   0: 0x8000e1b8 (0xff9ff06f) j       pc - 0x8
core   0: 3 0x8000e1b8 (0xff9ff06f)
core   0: 0x8000e1b0 (0x00002f17) auipc   t5, 0x2
core   0: 3 0x8000e1b0 (0x00002f17) x30 0x800101b0
core   0: 0x8000e1b4 (0xe43f2823) sw      gp, -432(t5)
core   0: 3 0x8000e1b4 (0xe43f2823) mem 0x80010000 0x00000001
core   0: 0x8000e1b8 (0xff9ff06f) j       pc - 0x8
core   0: 3 0x8000e1b8 (0xff9ff06f)
core   0: 0x8000e1b0 (0x00002f17) auipc   t5, 0x2
core   0: 3 0x8000e1b0 (0x00002f17) x30 0x800101b0
core   0: 0x8000e1b4 (0xe43f2823) sw      gp, -432(t5)
core   0: 3 0x8000e1b4 (0xe43f2823) mem 0x80010000 0x00000001
core   0: 0x8000e1b8 (0xff9ff06f) j       pc - 0x8
core   0: 3 0x8000e1b8 (0xff9ff06f)
core   0: 0x8000e1b0 (0x00002f17) auipc   t5, 0x2
core   0: 3 0x8000e1b0 (0x00002f17) x30 0x800101b0
core   0: 0x8000e1b4 (0xe43f2823) sw      gp, -432(t5)
core   0: 3 0x8000e1b4 (0xe43f2823) mem 0x80010000 0x00000001
core   0: 0x8000e1b8 (0xff9ff06f) j       pc - 0x8
core   0: 3 0x8000e1b8 (0xff9ff06f)
core   0: 0x8000e1b0 (0x00002f17) auipc   t5, 0x2
core   0: 3 0x8000e1b0 (0x00002f17) x30 0x800101b0
core   0: 0x8000e1b4 (0xe43f2823) sw      gp, -432(t5)
core   0: 3 0x8000e1b4 (0xe43f2823) mem 0x80010000 0x00000001
core   0: 0x8000e1b8 (0xff9ff06f) j       pc - 0x8
core   0: 3 0x8000e1b8 (0xff9ff06f)
core   0: 0x8000e1b0 (0x00002f17) auipc   t5, 0x2
core   0: 3 0x8000e1b0 (0x00002f17) x30 0x800101b0
core   0: 0x8000e1b4 (0xe43f2823) sw      gp, -432(t5)
core   0: 3 0x8000e1b4 (0xe43f2823) mem 0x80010000 0x00000001
core   0: 0x8000e1b8 (0xff9ff06f) j       pc - 0x8
core   0: 3 0x8000e1b8 (0xff9ff06f)
core   0: 0x8000e1b0 (0x00002f17) auipc   t5, 0x2
core   0: 3 0x8000e1b0 (0x00002f17) x30 0x800101b0
core   0: 0x8000e1b4 (0xe43f2823) sw      gp, -432(t5)
core   0: 3 0x8000e1b4 (0xe43f2823) mem 0x80010000 0x00000001
core   0: 0x8000e1b8 (0xff9ff06f) j       pc - 0x8
core   0: 3 0x8000e1b8 (0xff9ff06f)
core   0: 0x8000e1b0 (0x00002f17) auipc   t5, 0x2
core   0: 3 0x8000e1b0 (0x00002f17) x30 0x800101b0
core   0: 0x8000e1b4 (0xe43f2823) sw      gp, -432(t5)
core   0: 3 0x8000e1b4 (0xe43f2823) mem 0x80010000 0x00000001
core   0: 0x8000e1b8 (0xff9ff06f) j       pc - 0x8
core   0: 3 0x8000e1b8 (0xff9ff06f)
core   0: 0x8000e1b0 (0x00002f17) auipc   t5, 0x2
core   0: 3 0x8000e1b0 (0x00002f17) x30 0x800101b0
core   0: 0x8000e1b4 (0xe43f2823) sw      gp, -432(t5)
core   0: 3 0x8000e1b4 (0xe43f2823) mem 0x80010000 0x00000001
core   0: 0x8000e1b8 (0xff9ff06f) j       pc - 0x8
core   0: 3 0x8000e1b8 (0xff9ff06f)
core   0: 0x8000e1b0 (0x00002f17) auipc   t5, 0x2
core   0: 3 0x8000e1b0 (0x00002f17) x30 0x800101b0
core   0: 0x8000e1b4 (0xe43f2823) sw      gp, -432(t5)
core   0: 3 0x8000e1b4 (0xe43f2823) mem 0x80010000 0x00000001
core   0: 0x8000e1b8 (0xff9ff06f) j       pc - 0x8
core   0: 3 0x8000e1b8 (0xff9ff06f)
core   0: 0x8000e1b0 (0x00002f17) auipc   t5, 0x2
core   0: 3 0x8000e1b0 (0x00002f17) x30 0x800101b0
core   0: 0x8000e1b4 (0xe43f2823) sw      gp, -432(t5)
core   0: 3 0x8000e1b4 (0xe43f2823) mem 0x80010000 0x00000001
core   0: 0x8000e1b8 (0xff9ff06f) j       pc - 0x8
core   0: 3 0x8000e1b8 (0xff9ff06f)
core   0: 0x8000e1b0 (0x00002f17) auipc   t5, 0x2
core   0: 3 0x8000e1b0 (0x00002f17) x30 0x800101b0
core   0: 0x8000e1b4 (0xe43f2823) sw      gp, -432(t5)
core   0: 3 0x8000e1b4 (0xe43f2823) mem 0x80010000 0x00000001
core   0: 0x8000e1b8 (0xff9ff06f) j       pc - 0x8
core   0: 3 0x8000e1b8 (0xff9ff06f)
core   0: 0x8000e1b0 (0x00002f17) auipc   t5, 0x2
core   0: 3 0x8000e1b0 (0x00002f17) x30 0x800101b0
core   0: 0x8000e1b4 (0xe43f2823) sw      gp, -432(t5)
core   0: 3 0x8000e1b4 (0xe43f2823) mem 0x80010000 0x00000001
core   0: 0x8000e1b8 (0xff9ff06f) j       pc - 0x8
core   0: 3 0x8000e1b8 (0xff9ff06f)
core   0: 0x8000e1b0 (0x00002f17) auipc   t5, 0x2
core   0: 3 0x8000e1b0 (0x00002f17) x30 0x800101b0
core   0: 0x8000e1b4 (0xe43f2823) sw      gp, -432(t5)
core   0: 3 0x8000e1b4 (0xe43f2823) mem 0x80010000 0x00000001
core   0: 0x8000e1b8 (0xff9ff06f) j       pc - 0x8
core   0: 3 0x8000e1b8 (0xff9ff06f)
core   0: 0x8000e1b0 (0x00002f17) auipc   t5, 0x2
core   0: 3 0x8000e1b0 (0x00002f17) x30 0x800101b0
core   0: 0x8000e1b4 (0xe43f2823) sw      gp, -432(t5)
core   0: 3 0x8000e1b4 (0xe43f2823) mem 0x80010000 0x00000001
core   0: 0x8000e1b8 (0xff9ff06f) j       pc - 0x8
core   0: 3 0x8000e1b8 (0xff9ff06f)
core   0: 0x8000e1b0 (0x00002f17) auipc   t5, 0x2
core   0: 3 0x8000e1b0 (0x00002f17) x30 0x800101b0
core   0: 0x8000e1b4 (0xe43f2823) sw      gp, -432(t5)
core   0: 3 0x8000e1b4 (0xe43f2823) mem 0x80010000 0x00000001
core   0: 0x8000e1b8 (0xff9ff06f) j       pc - 0x8
core   0: 3 0x8000e1b8 (0xff9ff06f)
core   0: 0x8000e1b0 (0x00002f17) auipc   t5, 0x2
core   0: 3 0x8000e1b0 (0x00002f17) x30 0x800101b0
core   0: 0x8000e1b4 (0xe43f2823) sw      gp, -432(t5)
core   0: 3 0x8000e1b4 (0xe43f2823) mem 0x80010000 0x00000001
core   0: 0x8000e1b8 (0xff9ff06f) j       pc - 0x8
core   0: 3 0x8000e1b8 (0xff9ff06f)
core   0: 0x8000e1b0 (0x00002f17) auipc   t5, 0x2
core   0: 3 0x8000e1b0 (0x00002f17) x30 0x800101b0
core   0: 0x8000e1b4 (0xe43f2823) sw      gp, -432(t5)
core   0: 3 0x8000e1b4 (0xe43f2823) mem 0x80010000 0x00000001
core   0: 0x8000e1b8 (0xff9ff06f) j       pc - 0x8
core   0: 3 0x8000e1b8 (0xff9ff06f)
core   0: 0x8000e1b0 (0x00002f17) auipc   t5, 0x2
core   0: 3 0x8000e1b0 (0x00002f17) x30 0x800101b0
core   0: 0x8000e1b4 (0xe43f2823) sw      gp, -432(t5)
core   0: 3 0x8000e1b4 (0xe43f2823) mem 0x80010000 0x00000001
core   0: 0x8000e1b8 (0xff9ff06f) j       pc - 0x8
core   0: 3 0x8000e1b8 (0xff9ff06f)
core   0: 0x8000e1b0 (0x00002f17) auipc   t5, 0x2
core   0: 3 0x8000e1b0 (0x00002f17) x30 0x800101b0
core   0: 0x8000e1b4 (0xe43f2823) sw      gp, -432(t5)
core   0: 3 0x8000e1b4 (0xe43f2823) mem 0x80010000 0x00000001
core   0: 0x8000e1b8 (0xff9ff06f) j       pc - 0x8
core   0: 3 0x8000e1b8 (0xff9ff06f)
core   0: 0x8000e1b0 (0x00002f17) auipc   t5, 0x2
core   0: 3 0x8000e1b0 (0x00002f17) x30 0x800101b0
core   0: 0x8000e1b4 (0xe43f2823) sw      gp, -432(t5)
core   0: 3 0x8000e1b4 (0xe43f2823) mem 0x80010000 0x00000001
core   0: 0x8000e1b8 (0xff9ff06f) j       pc - 0x8
core   0: 3 0x8000e1b8 (0xff9ff06f)
core   0: 0x8000e1b0 (0x00002f17) auipc   t5, 0x2
core   0: 3 0x8000e1b0 (0x00002f17) x30 0x800101b0
core   0: 0x8000e1b4 (0xe43f2823) sw      gp, -432(t5)
core   0: 3 0x8000e1b4 (0xe43f2823) mem 0x80010000 0x00000001
core   0: 0x8000e1b8 (0xff9ff06f) j       pc - 0x8
core   0: 3 0x8000e1b8 (0xff9ff06f)
core   0: 0x8000e1b0 (0x00002f17) auipc   t5, 0x2
core   0: 3 0x8000e1b0 (0x00002f17) x30 0x800101b0
core   0: 0x8000e1b4 (0xe43f2823) sw      gp, -432(t5)
core   0: 3 0x8000e1b4 (0xe43f2823) mem 0x80010000 0x00000001
core   0: 0x8000e1b8 (0xff9ff06f) j       pc - 0x8
core   0: 3 0x8000e1b8 (0xff9ff06f)
core   0: 0x8000e1b0 (0x00002f17) auipc   t5, 0x2
core   0: 3 0x8000e1b0 (0x00002f17) x30 0x800101b0
core   0: 0x8000e1b4 (0xe43f2823) sw      gp, -432(t5)
core   0: 3 0x8000e1b4 (0xe43f2823) mem 0x80010000 0x00000001
core   0: 0x8000e1b8 (0xff9ff06f) j       pc - 0x8
core   0: 3 0x8000e1b8 (0xff9ff06f)
core   0: 0x8000e1b0 (0x00002f17) auipc   t5, 0x2
core   0: 3 0x8000e1b0 (0x00002f17) x30 0x800101b0
core   0: 0x8000e1b4 (0xe43f2823) sw      gp, -432(t5)
core   0: 3 0x8000e1b4 (0xe43f2823) mem 0x80010000 0x00000001
core   0: 0x8000e1b8 (0xff9ff06f) j       pc - 0x8
core   0: 3 0x8000e1b8 (0xff9ff06f)
core   0: 0x8000e1b0 (0x00002f17) auipc   t5, 0x2
core   0: 3 0x8000e1b0 (0x00002f17) x30 0x800101b0
core   0: 0x8000e1b4 (0xe43f2823) sw      gp, -432(t5)
core   0: 3 0x8000e1b4 (0xe43f2823) mem 0x80010000 0x00000001
core   0: 0x8000e1b8 (0xff9ff06f) j       pc - 0x8
core   0: 3 0x8000e1b8 (0xff9ff06f)
core   0: 0x8000e1b0 (0x00002f17) auipc   t5, 0x2
core   0: 3 0x8000e1b0 (0x00002f17) x30 0x800101b0
core   0: 0x8000e1b4 (0xe43f2823) sw      gp, -432(t5)
core   0: 3 0x8000e1b4 (0xe43f2823) mem 0x80010000 0x00000001
core   0: 0x8000e1b8 (0xff9ff06f) j       pc - 0x8
core   0: 3 0x8000e1b8 (0xff9ff06f)
core   0: 0x8000e1b0 (0x00002f17) auipc   t5, 0x2
core   0: 3 0x8000e1b0 (0x00002f17) x30 0x800101b0
core   0: 0x8000e1b4 (0xe43f2823) sw      gp, -432(t5)
core   0: 3 0x8000e1b4 (0xe43f2823) mem 0x80010000 0x00000001
core   0: 0x8000e1b8 (0xff9ff06f) j       pc - 0x8
core   0: 3 0x8000e1b8 (0xff9ff06f)
core   0: 0x8000e1b0 (0x00002f17) auipc   t5, 0x2
core   0: 3 0x8000e1b0 (0x00002f17) x30 0x800101b0
core   0: 0x8000e1b4 (0xe43f2823) sw      gp, -432(t5)
core   0: 3 0x8000e1b4 (0xe43f2823) mem 0x80010000 0x00000001
core   0: 0x8000e1b8 (0xff9ff06f) j       pc - 0x8
core   0: 3 0x8000e1b8 (0xff9ff06f)
core   0: 0x8000e1b0 (0x00002f17) auipc   t5, 0x2
core   0: 3 0x8000e1b0 (0x00002f17) x30 0x800101b0
core   0: 0x8000e1b4 (0xe43f2823) sw      gp, -432(t5)
core   0: 3 0x8000e1b4 (0xe43f2823) mem 0x80010000 0x00000001
core   0: 0x8000e1b8 (0xff9ff06f) j       pc - 0x8
core   0: 3 0x8000e1b8 (0xff9ff06f)
core   0: 0x8000e1b0 (0x00002f17) auipc   t5, 0x2
core   0: 3 0x8000e1b0 (0x00002f17) x30 0x800101b0
core   0: 0x8000e1b4 (0xe43f2823) sw      gp, -432(t5)
core   0: 3 0x8000e1b4 (0xe43f2823) mem 0x80010000 0x00000001
core   0: 0x8000e1b8 (0xff9ff06f) j       pc - 0x8
core   0: 3 0x8000e1b8 (0xff9ff06f)
core   0: 0x8000e1b0 (0x00002f17) auipc   t5, 0x2
core   0: 3 0x8000e1b0 (0x00002f17) x30 0x800101b0
core   0: 0x8000e1b4 (0xe43f2823) sw      gp, -432(t5)
core   0: 3 0x8000e1b4 (0xe43f2823) mem 0x80010000 0x00000001
core   0: 0x8000e1b8 (0xff9ff06f) j       pc - 0x8
core   0: 3 0x8000e1b8 (0xff9ff06f)
core   0: 0x8000e1b0 (0x00002f17) auipc   t5, 0x2
core   0: 3 0x8000e1b0 (0x00002f17) x30 0x800101b0
core   0: 0x8000e1b4 (0xe43f2823) sw      gp, -432(t5)
core   0: 3 0x8000e1b4 (0xe43f2823) mem 0x80010000 0x00000001
core   0: 0x8000e1b8 (0xff9ff06f) j       pc - 0x8
core   0: 3 0x8000e1b8 (0xff9ff06f)
core   0: 0x8000e1b0 (0x00002f17) auipc   t5, 0x2
core   0: 3 0x8000e1b0 (0x00002f17) x30 0x800101b0
core   0: 0x8000e1b4 (0xe43f2823) sw      gp, -432(t5)
core   0: 3 0x8000e1b4 (0xe43f2823) mem 0x80010000 0x00000001
core   0: 0x8000e1b8 (0xff9ff06f) j       pc - 0x8
core   0: 3 0x8000e1b8 (0xff9ff06f)
core   0: 0x8000e1b0 (0x00002f17) auipc   t5, 0x2
core   0: 3 0x8000e1b0 (0x00002f17) x30 0x800101b0
core   0: 0x8000e1b4 (0xe43f2823) sw      gp, -432(t5)
core   0: 3 0x8000e1b4 (0xe43f2823) mem 0x80010000 0x00000001
core   0: 0x8000e1b8 (0xff9ff06f) j       pc - 0x8
core   0: 3 0x8000e1b8 (0xff9ff06f)
core   0: 0x8000e1b0 (0x00002f17) auipc   t5, 0x2
core   0: 3 0x8000e1b0 (0x00002f17) x30 0x800101b0
core   0: 0x8000e1b4 (0xe43f2823) sw      gp, -432(t5)
core   0: 3 0x8000e1b4 (0xe43f2823) mem 0x80010000 0x00000001
core   0: 0x8000e1b8 (0xff9ff06f) j       pc - 0x8
core   0: 3 0x8000e1b8 (0xff9ff06f)
core   0: 0x8000e1b0 (0x00002f17) auipc   t5, 0x2
core   0: 3 0x8000e1b0 (0x00002f17) x30 0x800101b0
core   0: 0x8000e1b4 (0xe43f2823) sw      gp, -432(t5)
core   0: 3 0x8000e1b4 (0xe43f2823) mem 0x80010000 0x00000001
core   0: 0x8000e1b8 (0xff9ff06f) j       pc - 0x8
core   0: 3 0x8000e1b8 (0xff9ff06f)
core   0: 0x8000e1b0 (0x00002f17) auipc   t5, 0x2
core   0: 3 0x8000e1b0 (0x00002f17) x30 0x800101b0
core   0: 0x8000e1b4 (0xe43f2823) sw      gp, -432(t5)
core   0: 3 0x8000e1b4 (0xe43f2823) mem 0x80010000 0x00000001
core   0: 0x8000e1b8 (0xff9ff06f) j       pc - 0x8
core   0: 3 0x8000e1b8 (0xff9ff06f)
core   0: 0x8000e1b0 (0x00002f17) auipc   t5, 0x2
core   0: 3 0x8000e1b0 (0x00002f17) x30 0x800101b0
core   0: 0x8000e1b4 (0xe43f2823) sw      gp, -432(t5)
core   0: 3 0x8000e1b4 (0xe43f2823) mem 0x80010000 0x00000001
core   0: 0x8000e1b8 (0xff9ff06f) j       pc - 0x8
core   0: 3 0x8000e1b8 (0xff9ff06f)
core   0: 0x8000e1b0 (0x00002f17) auipc   t5, 0x2
core   0: 3 0x8000e1b0 (0x00002f17) x30 0x800101b0
core   0: 0x8000e1b4 (0xe43f2823) sw      gp, -432(t5)
core   0: 3 0x8000e1b4 (0xe43f2823) mem 0x80010000 0x00000001
core   0: 0x8000e1b8 (0xff9ff06f) j       pc - 0x8
core   0: 3 0x8000e1b8 (0xff9ff06f)
core   0: 0x8000e1b0 (0x00002f17) auipc   t5, 0x2
core   0: 3 0x8000e1b0 (0x00002f17) x30 0x800101b0
core   0: 0x8000e1b4 (0xe43f2823) sw      gp, -432(t5)
core   0: 3 0x8000e1b4 (0xe43f2823) mem 0x80010000 0x00000001
core   0: 0x8000e1b8 (0xff9ff06f) j       pc - 0x8
core   0: 3 0x8000e1b8 (0xff9ff06f)
core   0: 0x8000e1b0 (0x00002f17) auipc   t5, 0x2
core   0: 3 0x8000e1b0 (0x00002f17) x30 0x800101b0
core   0: 0x8000e1b4 (0xe43f2823) sw      gp, -432(t5)
core   0: 3 0x8000e1b4 (0xe43f2823) mem 0x80010000 0x00000001
core   0: 0x8000e1b8 (0xff9ff06f) j       pc - 0x8
core   0: 3 0x8000e1b8 (0xff9ff06f)
core   0: 0x8000e1b0 (0x00002f17) auipc   t5, 0x2
core   0: 3 0x8000e1b0 (0x00002f17) x30 0x800101b0
core   0: 0x8000e1b4 (0xe43f2823) sw      gp, -432(t5)
core   0: 3 0x8000e1b4 (0xe43f2823) mem 0x80010000 0x00000001
core   0: 0x8000e1b8 (0xff9ff06f) j       pc - 0x8
core   0: 3 0x8000e1b8 (0xff9ff06f)
core   0: 0x8000e1b0 (0x00002f17) auipc   t5, 0x2
core   0: 3 0x8000e1b0 (0x00002f17) x30 0x800101b0
core   0: 0x8000e1b4 (0xe43f2823) sw      gp, -432(t5)
core   0: 3 0x8000e1b4 (0xe43f2823) mem 0x80010000 0x00000001
core   0: 0x8000e1b8 (0xff9ff06f) j       pc - 0x8
core   0: 3 0x8000e1b8 (0xff9ff06f)
core   0: 0x8000e1b0 (0x00002f17) auipc   t5, 0x2
core   0: 3 0x8000e1b0 (0x00002f17) x30 0x800101b0
core   0: 0x8000e1b4 (0xe43f2823) sw      gp, -432(t5)
core   0: 3 0x8000e1b4 (0xe43f2823) mem 0x80010000 0x00000001
core   0: 0x8000e1b8 (0xff9ff06f) j       pc - 0x8
core   0: 3 0x8000e1b8 (0xff9ff06f)
core   0: 0x8000e1b0 (0x00002f17) auipc   t5, 0x2
core   0: 3 0x8000e1b0 (0x00002f17) x30 0x800101b0
core   0: 0x8000e1b4 (0xe43f2823) sw      gp, -432(t5)
core   0: 3 0x8000e1b4 (0xe43f2823) mem 0x80010000 0x00000001
core   0: 0x8000e1b8 (0xff9ff06f) j       pc - 0x8
core   0: 3 0x8000e1b8 (0xff9ff06f)
core   0: 0x8000e1b0 (0x00002f17) auipc   t5, 0x2
core   0: 3 0x8000e1b0 (0x00002f17) x30 0x800101b0
core   0: 0x8000e1b4 (0xe43f2823) sw      gp, -432(t5)
core   0: 3 0x8000e1b4 (0xe43f2823) mem 0x80010000 0x00000001
core   0: 0x8000e1b8 (0xff9ff06f) j       pc - 0x8
core   0: 3 0x8000e1b8 (0xff9ff06f)
core   0: 0x8000e1b0 (0x00002f17) auipc   t5, 0x2
core   0: 3 0x8000e1b0 (0x00002f17) x30 0x800101b0
core   0: 0x8000e1b4 (0xe43f2823) sw      gp, -432(t5)
core   0: 3 0x8000e1b4 (0xe43f2823) mem 0x80010000 0x00000001
core   0: 0x8000e1b8 (0xff9ff06f) j       pc - 0x8
core   0: 3 0x8000e1b8 (0xff9ff06f)
core   0: 0x8000e1b0 (0x00002f17) auipc   t5, 0x2
core   0: 3 0x8000e1b0 (0x00002f17) x30 0x800101b0
core   0: 0x8000e1b4 (0xe43f2823) sw      gp, -432(t5)
core   0: 3 0x8000e1b4 (0xe43f2823) mem 0x80010000 0x00000001
core   0: 0x8000e1b8 (0xff9ff06f) j       pc - 0x8
core   0: 3 0x8000e1b8 (0xff9ff06f)
core   0: 0x8000e1b0 (0x00002f17) auipc   t5, 0x2
core   0: 3 0x8000e1b0 (0x00002f17) x30 0x800101b0
core   0: 0x8000e1b4 (0xe43f2823) sw      gp, -432(t5)
core   0: 3 0x8000e1b4 (0xe43f2823) mem 0x80010000 0x00000001
core   0: 0x8000e1b8 (0xff9ff06f) j       pc - 0x8
core   0: 3 0x8000e1b8 (0xff9ff06f)
core   0: 0x8000e1b0 (0x00002f17) auipc   t5, 0x2
core   0: 3 0x8000e1b0 (0x00002f17) x30 0x800101b0
core   0: 0x8000e1b4 (0xe43f2823) sw      gp, -432(t5)
core   0: 3 0x8000e1b4 (0xe43f2823) mem 0x80010000 0x00000001
core   0: 0x8000e1b8 (0xff9ff06f) j       pc - 0x8
core   0: 3 0x8000e1b8 (0xff9ff06f)
core   0: 0x8000e1b0 (0x00002f17) auipc   t5, 0x2
core   0: 3 0x8000e1b0 (0x00002f17) x30 0x800101b0
core   0: 0x8000e1b4 (0xe43f2823) sw      gp, -432(t5)
core   0: 3 0x8000e1b4 (0xe43f2823) mem 0x80010000 0x00000001
core   0: 0x8000e1b8 (0xff9ff06f) j       pc - 0x8
core   0: 3 0x8000e1b8 (0xff9ff06f)
core   0: 0x8000e1b0 (0x00002f17) auipc   t5, 0x2
core   0: 3 0x8000e1b0 (0x00002f17) x30 0x800101b0
core   0: 0x8000e1b4 (0xe43f2823) sw      gp, -432(t5)
core   0: 3 0x8000e1b4 (0xe43f2823) mem 0x80010000 0x00000001
core   0: 0x8000e1b8 (0xff9ff06f) j       pc - 0x8
core   0: 3 0x8000e1b8 (0xff9ff06f)
core   0: 0x8000e1b0 (0x00002f17) auipc   t5, 0x2
core   0: 3 0x8000e1b0 (0x00002f17) x30 0x800101b0
core   0: 0x8000e1b4 (0xe43f2823) sw      gp, -432(t5)
core   0: 3 0x8000e1b4 (0xe43f2823) mem 0x80010000 0x00000001
core   0: 0x8000e1b8 (0xff9ff06f) j       pc - 0x8
core   0: 3 0x8000e1b8 (0xff9ff06f)
core   0: 0x8000e1b0 (0x00002f17) auipc   t5, 0x2
core   0: 3 0x8000e1b0 (0x00002f17) x30 0x800101b0
core   0: 0x8000e1b4 (0xe43f2823) sw      gp, -432(t5)
core   0: 3 0x8000e1b4 (0xe43f2823) mem 0x80010000 0x00000001
core   0: 0x8000e1b8 (0xff9ff06f) j       pc - 0x8
core   0: 3 0x8000e1b8 (0xff9ff06f)
core   0: 0x8000e1b0 (0x00002f17) auipc   t5, 0x2
core   0: 3 0x8000e1b0 (0x00002f17) x30 0x800101b0
core   0: 0x8000e1b4 (0xe43f2823) sw      gp, -432(t5)
core   0: 3 0x8000e1b4 (0xe43f2823) mem 0x80010000 0x00000001
core   0: 0x8000e1b8 (0xff9ff06f) j       pc - 0x8
core   0: 3 0x8000e1b8 (0xff9ff06f)
core   0: 0x8000e1b0 (0x00002f17) auipc   t5, 0x2
core   0: 3 0x8000e1b0 (0x00002f17) x30 0x800101b0
core   0: 0x8000e1b4 (0xe43f2823) sw      gp, -432(t5)
core   0: 3 0x8000e1b4 (0xe43f2823) mem 0x80010000 0x00000001
core   0: 0x8000e1b8 (0xff9ff06f) j       pc - 0x8
core   0: 3 0x8000e1b8 (0xff9ff06f)
core   0: 0x8000e1b0 (0x00002f17) auipc   t5, 0x2
core   0: 3 0x8000e1b0 (0x00002f17) x30 0x800101b0
core   0: 0x8000e1b4 (0xe43f2823) sw      gp, -432(t5)
core   0: 3 0x8000e1b4 (0xe43f2823) mem 0x80010000 0x00000001
core   0: 0x8000e1b8 (0xff9ff06f) j       pc - 0x8
core   0: 3 0x8000e1b8 (0xff9ff06f)
core   0: 0x8000e1b0 (0x00002f17) auipc   t5, 0x2
core   0: 3 0x8000e1b0 (0x00002f17) x30 0x800101b0
core   0: 0x8000e1b4 (0xe43f2823) sw      gp, -432(t5)
core   0: 3 0x8000e1b4 (0xe43f2823) mem 0x80010000 0x00000001
core   0: 0x8000e1b8 (0xff9ff06f) j       pc - 0x8
core   0: 3 0x8000e1b8 (0xff9ff06f)
core   0: 0x8000e1b0 (0x00002f17) auipc   t5, 0x2
core   0: 3 0x8000e1b0 (0x00002f17) x30 0x800101b0
core   0: 0x8000e1b4 (0xe43f2823) sw      gp, -432(t5)
core   0: 3 0x8000e1b4 (0xe43f2823) mem 0x80010000 0x00000001
core   0: 0x8000e1b8 (0xff9ff06f) j       pc - 0x8
core   0: 3 0x8000e1b8 (0xff9ff06f)
core   0: 0x8000e1b0 (0x00002f17) auipc   t5, 0x2
core   0: 3 0x8000e1b0 (0x00002f17) x30 0x800101b0
core   0: 0x8000e1b4 (0xe43f2823) sw      gp, -432(t5)
core   0: 3 0x8000e1b4 (0xe43f2823) mem 0x80010000 0x00000001
core   0: 0x8000e1b8 (0xff9ff06f) j       pc - 0x8
core   0: 3 0x8000e1b8 (0xff9ff06f)
core   0: 0x8000e1b0 (0x00002f17) auipc   t5, 0x2
core   0: 3 0x8000e1b0 (0x00002f17) x30 0x800101b0
core   0: 0x8000e1b4 (0xe43f2823) sw      gp, -432(t5)
core   0: 3 0x8000e1b4 (0xe43f2823) mem 0x80010000 0x00000001
core   0: 0x8000e1b8 (0xff9ff06f) j       pc - 0x8
core   0: 3 0x8000e1b8 (0xff9ff06f)
core   0: 0x8000e1b0 (0x00002f17) auipc   t5, 0x2
core   0: 3 0x8000e1b0 (0x00002f17) x30 0x800101b0
core   0: 0x8000e1b4 (0xe43f2823) sw      gp, -432(t5)
core   0: 3 0x8000e1b4 (0xe43f2823) mem 0x80010000 0x00000001
core   0: 0x8000e1b8 (0xff9ff06f) j       pc - 0x8
core   0: 3 0x8000e1b8 (0xff9ff06f)
core   0: 0x8000e1b0 (0x00002f17) auipc   t5, 0x2
core   0: 3 0x8000e1b0 (0x00002f17) x30 0x800101b0
core   0: 0x8000e1b4 (0xe43f2823) sw      gp, -432(t5)
core   0: 3 0x8000e1b4 (0xe43f2823) mem 0x80010000 0x00000001
core   0: 0x8000e1b8 (0xff9ff06f) j       pc - 0x8
core   0: 3 0x8000e1b8 (0xff9ff06f)
core   0: 0x8000e1b0 (0x00002f17) auipc   t5, 0x2
core   0: 3 0x8000e1b0 (0x00002f17) x30 0x800101b0
core   0: 0x8000e1b4 (0xe43f2823) sw      gp, -432(t5)
core   0: 3 0x8000e1b4 (0xe43f2823) mem 0x80010000 0x00000001
core   0: 0x8000e1b8 (0xff9ff06f) j       pc - 0x8
core   0: 3 0x8000e1b8 (0xff9ff06f)
core   0: 0x8000e1b0 (0x00002f17) auipc   t5, 0x2
core   0: 3 0x8000e1b0 (0x00002f17) x30 0x800101b0
core   0: 0x8000e1b4 (0xe43f2823) sw      gp, -432(t5)
core   0: 3 0x8000e1b4 (0xe43f2823) mem 0x80010000 0x00000001
core   0: 0x8000e1b8 (0xff9ff06f) j       pc - 0x8
core   0: 3 0x8000e1b8 (0xff9ff06f)
core   0: 0x8000e1b0 (0x00002f17) auipc   t5, 0x2
core   0: 3 0x8000e1b0 (0x00002f17) x30 0x800101b0
core   0: 0x8000e1b4 (0xe43f2823) sw      gp, -432(t5)
core   0: 3 0x8000e1b4 (0xe43f2823) mem 0x80010000 0x00000001
core   0: 0x8000e1b8 (0xff9ff06f) j       pc - 0x8
core   0: 3 0x8000e1b8 (0xff9ff06f)
core   0: 0x8000e1b0 (0x00002f17) auipc   t5, 0x2
core   0: 3 0x8000e1b0 (0x00002f17) x30 0x800101b0
core   0: 0x8000e1b4 (0xe43f2823) sw      gp, -432(t5)
core   0: 3 0x8000e1b4 (0xe43f2823) mem 0x80010000 0x00000001
core   0: 0x8000e1b8 (0xff9ff06f) j       pc - 0x8
core   0: 3 0x8000e1b8 (0xff9ff06f)
core   0: 0x8000e1b0 (0x00002f17) auipc   t5, 0x2
core   0: 3 0x8000e1b0 (0x00002f17) x30 0x800101b0
core   0: 0x8000e1b4 (0xe43f2823) sw      gp, -432(t5)
core   0: 3 0x8000e1b4 (0xe43f2823) mem 0x80010000 0x00000001
core   0: 0x8000e1b8 (0xff9ff06f) j       pc - 0x8
core   0: 3 0x8000e1b8 (0xff9ff06f)
core   0: 0x8000e1b0 (0x00002f17) auipc   t5, 0x2
core   0: 3 0x8000e1b0 (0x00002f17) x30 0x800101b0
core   0: 0x8000e1b4 (0xe43f2823) sw      gp, -432(t5)
core   0: 3 0x8000e1b4 (0xe43f2823) mem 0x80010000 0x00000001
core   0: 0x8000e1b8 (0xff9ff06f) j       pc - 0x8
core   0: 3 0x8000e1b8 (0xff9ff06f)
core   0: 0x8000e1b0 (0x00002f17) auipc   t5, 0x2
core   0: 3 0x8000e1b0 (0x00002f17) x30 0x800101b0
core   0: 0x8000e1b4 (0xe43f2823) sw      gp, -432(t5)
core   0: 3 0x8000e1b4 (0xe43f2823) mem 0x80010000 0x00000001
core   0: 0x8000e1b8 (0xff9ff06f) j       pc - 0x8
core   0: 3 0x8000e1b8 (0xff9ff06f)
core   0: 0x8000e1b0 (0x00002f17) auipc   t5, 0x2
core   0: 3 0x8000e1b0 (0x00002f17) x30 0x800101b0
core   0: 0x8000e1b4 (0xe43f2823) sw      gp, -432(t5)
core   0: 3 0x8000e1b4 (0xe43f2823) mem 0x80010000 0x00000001
core   0: 0x8000e1b8 (0xff9ff06f) j       pc - 0x8
core   0: 3 0x8000e1b8 (0xff9ff06f)
core   0: 0x8000e1b0 (0x00002f17) auipc   t5, 0x2
core   0: 3 0x8000e1b0 (0x00002f17) x30 0x800101b0
core   0: 0x8000e1b4 (0xe43f2823) sw      gp, -432(t5)
core   0: 3 0x8000e1b4 (0xe43f2823) mem 0x80010000 0x00000001
core   0: 0x8000e1b8 (0xff9ff06f) j       pc - 0x8
core   0: 3 0x8000e1b8 (0xff9ff06f)
core   0: 0x8000e1b0 (0x00002f17) auipc   t5, 0x2
core   0: 3 0x8000e1b0 (0x00002f17) x30 0x800101b0
core   0: 0x8000e1b4 (0xe43f2823) sw      gp, -432(t5)
core   0: 3 0x8000e1b4 (0xe43f2823) mem 0x80010000 0x00000001
core   0: 0x8000e1b8 (0xff9ff06f) j       pc - 0x8
core   0: 3 0x8000e1b8 (0xff9ff06f)
core   0: 0x8000e1b0 (0x00002f17) auipc   t5, 0x2
core   0: 3 0x8000e1b0 (0x00002f17) x30 0x800101b0
core   0: 0x8000e1b4 (0xe43f2823) sw      gp, -432(t5)
core   0: 3 0x8000e1b4 (0xe43f2823) mem 0x80010000 0x00000001
core   0: 0x8000e1b8 (0xff9ff06f) j       pc - 0x8
core   0: 3 0x8000e1b8 (0xff9ff06f)
core   0: 0x8000e1b0 (0x00002f17) auipc   t5, 0x2
core   0: 3 0x8000e1b0 (0x00002f17) x30 0x800101b0
core   0: 0x8000e1b4 (0xe43f2823) sw      gp, -432(t5)
core   0: 3 0x8000e1b4 (0xe43f2823) mem 0x80010000 0x00000001
core   0: 0x8000e1b8 (0xff9ff06f) j       pc - 0x8
core   0: 3 0x8000e1b8 (0xff9ff06f)
core   0: 0x8000e1b0 (0x00002f17) auipc   t5, 0x2
core   0: 3 0x8000e1b0 (0x00002f17) x30 0x800101b0
core   0: 0x8000e1b4 (0xe43f2823) sw      gp, -432(t5)
core   0: 3 0x8000e1b4 (0xe43f2823) mem 0x80010000 0x00000001
core   0: 0x8000e1b8 (0xff9ff06f) j       pc - 0x8
core   0: 3 0x8000e1b8 (0xff9ff06f)
core   0: 0x8000e1b0 (0x00002f17) auipc   t5, 0x2
core   0: 3 0x8000e1b0 (0x00002f17) x30 0x800101b0
core   0: 0x8000e1b4 (0xe43f2823) sw      gp, -432(t5)
core   0: 3 0x8000e1b4 (0xe43f2823) mem 0x80010000 0x00000001
core   0: 0x8000e1b8 (0xff9ff06f) j       pc - 0x8
core   0: 3 0x8000e1b8 (0xff9ff06f)
core   0: 0x8000e1b0 (0x00002f17) auipc   t5, 0x2
core   0: 3 0x8000e1b0 (0x00002f17) x30 0x800101b0
core   0: 0x8000e1b4 (0xe43f2823) sw      gp, -432(t5)
core   0: 3 0x8000e1b4 (0xe43f2823) mem 0x80010000 0x00000001
core   0: 0x8000e1b8 (0xff9ff06f) j       pc - 0x8
core   0: 3 0x8000e1b8 (0xff9ff06f)
core   0: 0x8000e1b0 (0x00002f17) auipc   t5, 0x2
core   0: 3 0x8000e1b0 (0x00002f17) x30 0x800101b0
core   0: 0x8000e1b4 (0xe43f2823) sw      gp, -432(t5)
core   0: 3 0x8000e1b4 (0xe43f2823) mem 0x80010000 0x00000001
core   0: 0x8000e1b8 (0xff9ff06f) j       pc - 0x8
core   0: 3 0x8000e1b8 (0xff9ff06f)
core   0: 0x8000e1b0 (0x00002f17) auipc   t5, 0x2
core   0: 3 0x8000e1b0 (0x00002f17) x30 0x800101b0
core   0: 0x8000e1b4 (0xe43f2823) sw      gp, -432(t5)
core   0: 3 0x8000e1b4 (0xe43f2823) mem 0x80010000 0x00000001
core   0: 0x8000e1b8 (0xff9ff06f) j       pc - 0x8
core   0: 3 0x8000e1b8 (0xff9ff06f)
core   0: 0x8000e1b0 (0x00002f17) auipc   t5, 0x2
core   0: 3 0x8000e1b0 (0x00002f17) x30 0x800101b0
core   0: 0x8000e1b4 (0xe43f2823) sw      gp, -432(t5)
core   0: 3 0x8000e1b4 (0xe43f2823) mem 0x80010000 0x00000001
core   0: 0x8000e1b8 (0xff9ff06f) j       pc - 0x8
core   0: 3 0x8000e1b8 (0xff9ff06f)
core   0: 0x8000e1b0 (0x00002f17) auipc   t5, 0x2
core   0: 3 0x8000e1b0 (0x00002f17) x30 0x800101b0
core   0: 0x8000e1b4 (0xe43f2823) sw      gp, -432(t5)
core   0: 3 0x8000e1b4 (0xe43f2823) mem 0x80010000 0x00000001
core   0: 0x8000e1b8 (0xff9ff06f) j       pc - 0x8
core   0: 3 0x8000e1b8 (0xff9ff06f)
core   0: 0x8000e1b0 (0x00002f17) auipc   t5, 0x2
core   0: 3 0x8000e1b0 (0x00002f17) x30 0x800101b0
core   0: 0x8000e1b4 (0xe43f2823) sw      gp, -432(t5)
core   0: 3 0x8000e1b4 (0xe43f2823) mem 0x80010000 0x00000001
core   0: 0x8000e1b8 (0xff9ff06f) j       pc - 0x8
core   0: 3 0x8000e1b8 (0xff9ff06f)
core   0: 0x8000e1b0 (0x00002f17) auipc   t5, 0x2
core   0: 3 0x8000e1b0 (0x00002f17) x30 0x800101b0
core   0: 0x8000e1b4 (0xe43f2823) sw      gp, -432(t5)
core   0: 3 0x8000e1b4 (0xe43f2823) mem 0x80010000 0x00000001
core   0: 0x8000e1b8 (0xff9ff06f) j       pc - 0x8
core   0: 3 0x8000e1b8 (0xff9ff06f)
core   0: 0x8000e1b0 (0x00002f17) auipc   t5, 0x2
core   0: 3 0x8000e1b0 (0x00002f17) x30 0x800101b0
core   0: 0x8000e1b4 (0xe43f2823) sw      gp, -432(t5)
core   0: 3 0x8000e1b4 (0xe43f2823) mem 0x80010000 0x00000001
core   0: 0x8000e1b8 (0xff9ff06f) j       pc - 0x8
core   0: 3 0x8000e1b8 (0xff9ff06f)
core   0: 0x8000e1b0 (0x00002f17) auipc   t5, 0x2
core   0: 3 0x8000e1b0 (0x00002f17) x30 0x800101b0
core   0: 0x8000e1b4 (0xe43f2823) sw      gp, -432(t5)
core   0: 3 0x8000e1b4 (0xe43f2823) mem 0x80010000 0x00000001
core   0: 0x8000e1b8 (0xff9ff06f) j       pc - 0x8
core   0: 3 0x8000e1b8 (0xff9ff06f)
core   0: 0x8000e1b0 (0x00002f17) auipc   t5, 0x2
core   0: 3 0x8000e1b0 (0x00002f17) x30 0x800101b0
core   0: 0x8000e1b4 (0xe43f2823) sw      gp, -432(t5)
core   0: 3 0x8000e1b4 (0xe43f2823) mem 0x80010000 0x00000001
core   0: 0x8000e1b8 (0xff9ff06f) j       pc - 0x8
core   0: 3 0x8000e1b8 (0xff9ff06f)
core   0: 0x8000e1b0 (0x00002f17) auipc   t5, 0x2
core   0: 3 0x8000e1b0 (0x00002f17) x30 0x800101b0
core   0: 0x8000e1b4 (0xe43f2823) sw      gp, -432(t5)
core   0: 3 0x8000e1b4 (0xe43f2823) mem 0x80010000 0x00000001
core   0: 0x8000e1b8 (0xff9ff06f) j       pc - 0x8
core   0: 3 0x8000e1b8 (0xff9ff06f)
core   0: 0x8000e1b0 (0x00002f17) auipc   t5, 0x2
core   0: 3 0x8000e1b0 (0x00002f17) x30 0x800101b0
core   0: 0x8000e1b4 (0xe43f2823) sw      gp, -432(t5)
core   0: 3 0x8000e1b4 (0xe43f2823) mem 0x80010000 0x00000001
core   0: 0x8000e1b8 (0xff9ff06f) j       pc - 0x8
core   0: 3 0x8000e1b8 (0xff9ff06f)
core   0: 0x8000e1b0 (0x00002f17) auipc   t5, 0x2
core   0: 3 0x8000e1b0 (0x00002f17) x30 0x800101b0
core   0: 0x8000e1b4 (0xe43f2823) sw      gp, -432(t5)
core   0: 3 0x8000e1b4 (0xe43f2823) mem 0x80010000 0x00000001
core   0: 0x8000e1b8 (0xff9ff06f) j       pc - 0x8
core   0: 3 0x8000e1b8 (0xff9ff06f)
core   0: 0x8000e1b0 (0x00002f17) auipc   t5, 0x2
core   0: 3 0x8000e1b0 (0x00002f17) x30 0x800101b0
core   0: 0x8000e1b4 (0xe43f2823) sw      gp, -432(t5)
core   0: 3 0x8000e1b4 (0xe43f2823) mem 0x80010000 0x00000001
core   0: 0x8000e1b8 (0xff9ff06f) j       pc - 0x8
core   0: 3 0x8000e1b8 (0xff9ff06f)
core   0: 0x8000e1b0 (0x00002f17) auipc   t5, 0x2
core   0: 3 0x8000e1b0 (0x00002f17) x30 0x800101b0
core   0: 0x8000e1b4 (0xe43f2823) sw      gp, -432(t5)
core   0: 3 0x8000e1b4 (0xe43f2823) mem 0x80010000 0x00000001
core   0: 0x8000e1b8 (0xff9ff06f) j       pc - 0x8
core   0: 3 0x8000e1b8 (0xff9ff06f)
core   0: 0x8000e1b0 (0x00002f17) auipc   t5, 0x2
core   0: 3 0x8000e1b0 (0x00002f17) x30 0x800101b0
core   0: 0x8000e1b4 (0xe43f2823) sw      gp, -432(t5)
core   0: 3 0x8000e1b4 (0xe43f2823) mem 0x80010000 0x00000001
core   0: 0x8000e1b8 (0xff9ff06f) j       pc - 0x8
core   0: 3 0x8000e1b8 (0xff9ff06f)
core   0: 0x8000e1b0 (0x00002f17) auipc   t5, 0x2
core   0: 3 0x8000e1b0 (0x00002f17) x30 0x800101b0
core   0: 0x8000e1b4 (0xe43f2823) sw      gp, -432(t5)
core   0: 3 0x8000e1b4 (0xe43f2823) mem 0x80010000 0x00000001
core   0: 0x8000e1b8 (0xff9ff06f) j       pc - 0x8
core   0: 3 0x8000e1b8 (0xff9ff06f)
core   0: 0x8000e1b0 (0x00002f17) auipc   t5, 0x2
core   0: 3 0x8000e1b0 (0x00002f17) x30 0x800101b0
core   0: 0x8000e1b4 (0xe43f2823) sw      gp, -432(t5)
core   0: 3 0x8000e1b4 (0xe43f2823) mem 0x80010000 0x00000001
core   0: 0x8000e1b8 (0xff9ff06f) j       pc - 0x8
core   0: 3 0x8000e1b8 (0xff9ff06f)
core   0: 0x8000e1b0 (0x00002f17) auipc   t5, 0x2
core   0: 3 0x8000e1b0 (0x00002f17) x30 0x800101b0
core   0: 0x8000e1b4 (0xe43f2823) sw      gp, -432(t5)
core   0: 3 0x8000e1b4 (0xe43f2823) mem 0x80010000 0x00000001
core   0: 0x8000e1b8 (0xff9ff06f) j       pc - 0x8
core   0: 3 0x8000e1b8 (0xff9ff06f)
core   0: 0x8000e1b0 (0x00002f17) auipc   t5, 0x2
core   0: 3 0x8000e1b0 (0x00002f17) x30 0x800101b0
core   0: 0x8000e1b4 (0xe43f2823) sw      gp, -432(t5)
core   0: 3 0x8000e1b4 (0xe43f2823) mem 0x80010000 0x00000001
core   0: 0x8000e1b8 (0xff9ff06f) j       pc - 0x8
core   0: 3 0x8000e1b8 (0xff9ff06f)
core   0: 0x8000e1b0 (0x00002f17) auipc   t5, 0x2
core   0: 3 0x8000e1b0 (0x00002f17) x30 0x800101b0
core   0: 0x8000e1b4 (0xe43f2823) sw      gp, -432(t5)
core   0: 3 0x8000e1b4 (0xe43f2823) mem 0x80010000 0x00000001
core   0: 0x8000e1b8 (0xff9ff06f) j       pc - 0x8
core   0: 3 0x8000e1b8 (0xff9ff06f)
core   0: 0x8000e1b0 (0x00002f17) auipc   t5, 0x2
core   0: 3 0x8000e1b0 (0x00002f17) x30 0x800101b0
core   0: 0x8000e1b4 (0xe43f2823) sw      gp, -432(t5)
core   0: 3 0x8000e1b4 (0xe43f2823) mem 0x80010000 0x00000001
core   0: 0x8000e1b8 (0xff9ff06f) j       pc - 0x8
core   0: 3 0x8000e1b8 (0xff9ff06f)
core   0: 0x8000e1b0 (0x00002f17) auipc   t5, 0x2
core   0: 3 0x8000e1b0 (0x00002f17) x30 0x800101b0
core   0: 0x8000e1b4 (0xe43f2823) sw      gp, -432(t5)
core   0: 3 0x8000e1b4 (0xe43f2823) mem 0x80010000 0x00000001
core   0: 0x8000e1b8 (0xff9ff06f) j       pc - 0x8
core   0: 3 0x8000e1b8 (0xff9ff06f)
core   0: 0x8000e1b0 (0x00002f17) auipc   t5, 0x2
core   0: 3 0x8000e1b0 (0x00002f17) x30 0x800101b0
core   0: 0x8000e1b4 (0xe43f2823) sw      gp, -432(t5)
core   0: 3 0x8000e1b4 (0xe43f2823) mem 0x80010000 0x00000001
core   0: 0x8000e1b8 (0xff9ff06f) j       pc - 0x8
core   0: 3 0x8000e1b8 (0xff9ff06f)
core   0: 0x8000e1b0 (0x00002f17) auipc   t5, 0x2
core   0: 3 0x8000e1b0 (0x00002f17) x30 0x800101b0
core   0: 0x8000e1b4 (0xe43f2823) sw      gp, -432(t5)
core   0: 3 0x8000e1b4 (0xe43f2823) mem 0x80010000 0x00000001
core   0: 0x8000e1b8 (0xff9ff06f) j       pc - 0x8
core   0: 3 0x8000e1b8 (0xff9ff06f)
core   0: 0x8000e1b0 (0x00002f17) auipc   t5, 0x2
core   0: 3 0x8000e1b0 (0x00002f17) x30 0x800101b0
core   0: 0x8000e1b4 (0xe43f2823) sw      gp, -432(t5)
core   0: 3 0x8000e1b4 (0xe43f2823) mem 0x80010000 0x00000001
core   0: 0x8000e1b8 (0xff9ff06f) j       pc - 0x8
core   0: 3 0x8000e1b8 (0xff9ff06f)
core   0: 0x8000e1b0 (0x00002f17) auipc   t5, 0x2
core   0: 3 0x8000e1b0 (0x00002f17) x30 0x800101b0
core   0: 0x8000e1b4 (0xe43f2823) sw      gp, -432(t5)
core   0: 3 0x8000e1b4 (0xe43f2823) mem 0x80010000 0x00000001
core   0: 0x8000e1b8 (0xff9ff06f) j       pc - 0x8
core   0: 3 0x8000e1b8 (0xff9ff06f)
core   0: 0x8000e1b0 (0x00002f17) auipc   t5, 0x2
core   0: 3 0x8000e1b0 (0x00002f17) x30 0x800101b0
core   0: 0x8000e1b4 (0xe43f2823) sw      gp, -432(t5)
core   0: 3 0x8000e1b4 (0xe43f2823) mem 0x80010000 0x00000001
core   0: 0x8000e1b8 (0xff9ff06f) j       pc - 0x8
core   0: 3 0x8000e1b8 (0xff9ff06f)
core   0: 0x8000e1b0 (0x00002f17) auipc   t5, 0x2
core   0: 3 0x8000e1b0 (0x00002f17) x30 0x800101b0
core   0: 0x8000e1b4 (0xe43f2823) sw      gp, -432(t5)
core   0: 3 0x8000e1b4 (0xe43f2823) mem 0x80010000 0x00000001
core   0: 0x8000e1b8 (0xff9ff06f) j       pc - 0x8
core   0: 3 0x8000e1b8 (0xff9ff06f)
core   0: 0x8000e1b0 (0x00002f17) auipc   t5, 0x2
core   0: 3 0x8000e1b0 (0x00002f17) x30 0x800101b0
core   0: 0x8000e1b4 (0xe43f2823) sw      gp, -432(t5)
core   0: 3 0x8000e1b4 (0xe43f2823) mem 0x80010000 0x00000001
core   0: 0x8000e1b8 (0xff9ff06f) j       pc - 0x8
core   0: 3 0x8000e1b8 (0xff9ff06f)
core   0: 0x8000e1b0 (0x00002f17) auipc   t5, 0x2
core   0: 3 0x8000e1b0 (0x00002f17) x30 0x800101b0
core   0: 0x8000e1b4 (0xe43f2823) sw      gp, -432(t5)
core   0: 3 0x8000e1b4 (0xe43f2823) mem 0x80010000 0x00000001
core   0: 0x8000e1b8 (0xff9ff06f) j       pc - 0x8
core   0: 3 0x8000e1b8 (0xff9ff06f)
core   0: 0x8000e1b0 (0x00002f17) auipc   t5, 0x2
core   0: 3 0x8000e1b0 (0x00002f17) x30 0x800101b0
core   0: 0x8000e1b4 (0xe43f2823) sw      gp, -432(t5)
core   0: 3 0x8000e1b4 (0xe43f2823) mem 0x80010000 0x00000001
core   0: 0x8000e1b8 (0xff9ff06f) j       pc - 0x8
core   0: 3 0x8000e1b8 (0xff9ff06f)
core   0: 0x8000e1b0 (0x00002f17) auipc   t5, 0x2
core   0: 3 0x8000e1b0 (0x00002f17) x30 0x800101b0
core   0: 0x8000e1b4 (0xe43f2823) sw      gp, -432(t5)
core   0: 3 0x8000e1b4 (0xe43f2823) mem 0x80010000 0x00000001
core   0: 0x8000e1b8 (0xff9ff06f) j       pc - 0x8
core   0: 3 0x8000e1b8 (0xff9ff06f)
core   0: 0x8000e1b0 (0x00002f17) auipc   t5, 0x2
core   0: 3 0x8000e1b0 (0x00002f17) x30 0x800101b0
core   0: 0x8000e1b4 (0xe43f2823) sw      gp, -432(t5)
core   0: 3 0x8000e1b4 (0xe43f2823) mem 0x80010000 0x00000001
core   0: 0x8000e1b8 (0xff9ff06f) j       pc - 0x8
core   0: 3 0x8000e1b8 (0xff9ff06f)
core   0: 0x8000e1b0 (0x00002f17) auipc   t5, 0x2
core   0: 3 0x8000e1b0 (0x00002f17) x30 0x800101b0
core   0: 0x8000e1b4 (0xe43f2823) sw      gp, -432(t5)
core   0: 3 0x8000e1b4 (0xe43f2823) mem 0x80010000 0x00000001
core   0: 0x8000e1b8 (0xff9ff06f) j       pc - 0x8
core   0: 3 0x8000e1b8 (0xff9ff06f)
core   0: 0x8000e1b0 (0x00002f17) auipc   t5, 0x2
core   0: 3 0x8000e1b0 (0x00002f17) x30 0x800101b0
core   0: 0x8000e1b4 (0xe43f2823) sw      gp, -432(t5)
core   0: 3 0x8000e1b4 (0xe43f2823) mem 0x80010000 0x00000001
core   0: 0x8000e1b8 (0xff9ff06f) j       pc - 0x8
core   0: 3 0x8000e1b8 (0xff9ff06f)
core   0: 0x8000e1b0 (0x00002f17) auipc   t5, 0x2
core   0: 3 0x8000e1b0 (0x00002f17) x30 0x800101b0
core   0: 0x8000e1b4 (0xe43f2823) sw      gp, -432(t5)
core   0: 3 0x8000e1b4 (0xe43f2823) mem 0x80010000 0x00000001
core   0: 0x8000e1b8 (0xff9ff06f) j       pc - 0x8
core   0: 3 0x8000e1b8 (0xff9ff06f)
core   0: 0x8000e1b0 (0x00002f17) auipc   t5, 0x2
core   0: 3 0x8000e1b0 (0x00002f17) x30 0x800101b0
core   0: 0x8000e1b4 (0xe43f2823) sw      gp, -432(t5)
core   0: 3 0x8000e1b4 (0xe43f2823) mem 0x80010000 0x00000001
core   0: 0x8000e1b8 (0xff9ff06f) j       pc - 0x8
core   0: 3 0x8000e1b8 (0xff9ff06f)
core   0: 0x8000e1b0 (0x00002f17) auipc   t5, 0x2
core   0: 3 0x8000e1b0 (0x00002f17) x30 0x800101b0
core   0: 0x8000e1b4 (0xe43f2823) sw      gp, -432(t5)
core   0: 3 0x8000e1b4 (0xe43f2823) mem 0x80010000 0x00000001
core   0: 0x8000e1b8 (0xff9ff06f) j       pc - 0x8
core   0: 3 0x8000e1b8 (0xff9ff06f)
core   0: 0x8000e1b0 (0x00002f17) auipc   t5, 0x2
core   0: 3 0x8000e1b0 (0x00002f17) x30 0x800101b0
core   0: 0x8000e1b4 (0xe43f2823) sw      gp, -432(t5)
core   0: 3 0x8000e1b4 (0xe43f2823) mem 0x80010000 0x00000001
core   0: 0x8000e1b8 (0xff9ff06f) j       pc - 0x8
core   0: 3 0x8000e1b8 (0xff9ff06f)
core   0: 0x8000e1b0 (0x00002f17) auipc   t5, 0x2
core   0: 3 0x8000e1b0 (0x00002f17) x30 0x800101b0
core   0: 0x8000e1b4 (0xe43f2823) sw      gp, -432(t5)
core   0: 3 0x8000e1b4 (0xe43f2823) mem 0x80010000 0x00000001
core   0: 0x8000e1b8 (0xff9ff06f) j       pc - 0x8
core   0: 3 0x8000e1b8 (0xff9ff06f)
core   0: 0x8000e1b0 (0x00002f17) auipc   t5, 0x2
core   0: 3 0x8000e1b0 (0x00002f17) x30 0x800101b0
core   0: 0x8000e1b4 (0xe43f2823) sw      gp, -432(t5)
core   0: 3 0x8000e1b4 (0xe43f2823) mem 0x80010000 0x00000001
core   0: 0x8000e1b8 (0xff9ff06f) j       pc - 0x8
core   0: 3 0x8000e1b8 (0xff9ff06f)
core   0: 0x8000e1b0 (0x00002f17) auipc   t5, 0x2
core   0: 3 0x8000e1b0 (0x00002f17) x30 0x800101b0
core   0: 0x8000e1b4 (0xe43f2823) sw      gp, -432(t5)
core   0: 3 0x8000e1b4 (0xe43f2823) mem 0x80010000 0x00000001
core   0: 0x8000e1b8 (0xff9ff06f) j       pc - 0x8
core   0: 3 0x8000e1b8 (0xff9ff06f)
core   0: 0x8000e1b0 (0x00002f17) auipc   t5, 0x2
core   0: 3 0x8000e1b0 (0x00002f17) x30 0x800101b0
core   0: 0x8000e1b4 (0xe43f2823) sw      gp, -432(t5)
core   0: 3 0x8000e1b4 (0xe43f2823) mem 0x80010000 0x00000001
core   0: 0x8000e1b8 (0xff9ff06f) j       pc - 0x8
core   0: 3 0x8000e1b8 (0xff9ff06f)
core   0: 0x8000e1b0 (0x00002f17) auipc   t5, 0x2
core   0: 3 0x8000e1b0 (0x00002f17) x30 0x800101b0
core   0: 0x8000e1b4 (0xe43f2823) sw      gp, -432(t5)
core   0: 3 0x8000e1b4 (0xe43f2823) mem 0x80010000 0x00000001
core   0: 0x8000e1b8 (0xff9ff06f) j       pc - 0x8
core   0: 3 0x8000e1b8 (0xff9ff06f)
core   0: 0x8000e1b0 (0x00002f17) auipc   t5, 0x2
core   0: 3 0x8000e1b0 (0x00002f17) x30 0x800101b0
core   0: 0x8000e1b4 (0xe43f2823) sw      gp, -432(t5)
core   0: 3 0x8000e1b4 (0xe43f2823) mem 0x80010000 0x00000001
core   0: 0x8000e1b8 (0xff9ff06f) j       pc - 0x8
core   0: 3 0x8000e1b8 (0xff9ff06f)
core   0: 0x8000e1b0 (0x00002f17) auipc   t5, 0x2
core   0: 3 0x8000e1b0 (0x00002f17) x30 0x800101b0
core   0: 0x8000e1b4 (0xe43f2823) sw      gp, -432(t5)
core   0: 3 0x8000e1b4 (0xe43f2823) mem 0x80010000 0x00000001
core   0: 0x8000e1b8 (0xff9ff06f) j       pc - 0x8
core   0: 3 0x8000e1b8 (0xff9ff06f)
core   0: 0x8000e1b0 (0x00002f17) auipc   t5, 0x2
core   0: 3 0x8000e1b0 (0x00002f17) x30 0x800101b0
core   0: 0x8000e1b4 (0xe43f2823) sw      gp, -432(t5)
core   0: 3 0x8000e1b4 (0xe43f2823) mem 0x80010000 0x00000001
core   0: 0x8000e1b8 (0xff9ff06f) j       pc - 0x8
core   0: 3 0x8000e1b8 (0xff9ff06f)
core   0: 0x8000e1b0 (0x00002f17) auipc   t5, 0x2
core   0: 3 0x8000e1b0 (0x00002f17) x30 0x800101b0
core   0: 0x8000e1b4 (0xe43f2823) sw      gp, -432(t5)
core   0: 3 0x8000e1b4 (0xe43f2823) mem 0x80010000 0x00000001
core   0: 0x8000e1b8 (0xff9ff06f) j       pc - 0x8
core   0: 3 0x8000e1b8 (0xff9ff06f)
core   0: 0x8000e1b0 (0x00002f17) auipc   t5, 0x2
core   0: 3 0x8000e1b0 (0x00002f17) x30 0x800101b0
core   0: 0x8000e1b4 (0xe43f2823) sw      gp, -432(t5)
core   0: 3 0x8000e1b4 (0xe43f2823) mem 0x80010000 0x00000001
core   0: 0x8000e1b8 (0xff9ff06f) j       pc - 0x8
core   0: 3 0x8000e1b8 (0xff9ff06f)
core   0: 0x8000e1b0 (0x00002f17) auipc   t5, 0x2
core   0: 3 0x8000e1b0 (0x00002f17) x30 0x800101b0
core   0: 0x8000e1b4 (0xe43f2823) sw      gp, -432(t5)
core   0: 3 0x8000e1b4 (0xe43f2823) mem 0x80010000 0x00000001
core   0: 0x8000e1b8 (0xff9ff06f) j       pc - 0x8
core   0: 3 0x8000e1b8 (0xff9ff06f)
core   0: 0x8000e1b0 (0x00002f17) auipc   t5, 0x2
core   0: 3 0x8000e1b0 (0x00002f17) x30 0x800101b0
core   0: 0x8000e1b4 (0xe43f2823) sw      gp, -432(t5)
core   0: 3 0x8000e1b4 (0xe43f2823) mem 0x80010000 0x00000001
core   0: 0x8000e1b8 (0xff9ff06f) j       pc - 0x8
core   0: 3 0x8000e1b8 (0xff9ff06f)
core   0: 0x8000e1b0 (0x00002f17) auipc   t5, 0x2
core   0: 3 0x8000e1b0 (0x00002f17) x30 0x800101b0
core   0: 0x8000e1b4 (0xe43f2823) sw      gp, -432(t5)
core   0: 3 0x8000e1b4 (0xe43f2823) mem 0x80010000 0x00000001
core   0: 0x8000e1b8 (0xff9ff06f) j       pc - 0x8
core   0: 3 0x8000e1b8 (0xff9ff06f)
core   0: 0x8000e1b0 (0x00002f17) auipc   t5, 0x2
core   0: 3 0x8000e1b0 (0x00002f17) x30 0x800101b0
core   0: 0x8000e1b4 (0xe43f2823) sw      gp, -432(t5)
core   0: 3 0x8000e1b4 (0xe43f2823) mem 0x80010000 0x00000001
core   0: 0x8000e1b8 (0xff9ff06f) j       pc - 0x8
core   0: 3 0x8000e1b8 (0xff9ff06f)
core   0: 0x8000e1b0 (0x00002f17) auipc   t5, 0x2
core   0: 3 0x8000e1b0 (0x00002f17) x30 0x800101b0
core   0: 0x8000e1b4 (0xe43f2823) sw      gp, -432(t5)
core   0: 3 0x8000e1b4 (0xe43f2823) mem 0x80010000 0x00000001
core   0: 0x8000e1b8 (0xff9ff06f) j       pc - 0x8
core   0: 3 0x8000e1b8 (0xff9ff06f)
core   0: 0x8000e1b0 (0x00002f17) auipc   t5, 0x2
core   0: 3 0x8000e1b0 (0x00002f17) x30 0x800101b0
core   0: 0x8000e1b4 (0xe43f2823) sw      gp, -432(t5)
core   0: 3 0x8000e1b4 (0xe43f2823) mem 0x80010000 0x00000001
core   0: 0x8000e1b8 (0xff9ff06f) j       pc - 0x8
core   0: 3 0x8000e1b8 (0xff9ff06f)
core   0: 0x8000e1b0 (0x00002f17) auipc   t5, 0x2
core   0: 3 0x8000e1b0 (0x00002f17) x30 0x800101b0
core   0: 0x8000e1b4 (0xe43f2823) sw      gp, -432(t5)
core   0: 3 0x8000e1b4 (0xe43f2823) mem 0x80010000 0x00000001
core   0: 0x8000e1b8 (0xff9ff06f) j       pc - 0x8
core   0: 3 0x8000e1b8 (0xff9ff06f)
core   0: 0x8000e1b0 (0x00002f17) auipc   t5, 0x2
core   0: 3 0x8000e1b0 (0x00002f17) x30 0x800101b0
core   0: 0x8000e1b4 (0xe43f2823) sw      gp, -432(t5)
core   0: 3 0x8000e1b4 (0xe43f2823) mem 0x80010000 0x00000001
core   0: 0x8000e1b8 (0xff9ff06f) j       pc - 0x8
core   0: 3 0x8000e1b8 (0xff9ff06f)
core   0: 0x8000e1b0 (0x00002f17) auipc   t5, 0x2
core   0: 3 0x8000e1b0 (0x00002f17) x30 0x800101b0
core   0: 0x8000e1b4 (0xe43f2823) sw      gp, -432(t5)
core   0: 3 0x8000e1b4 (0xe43f2823) mem 0x80010000 0x00000001
core   0: 0x8000e1b8 (0xff9ff06f) j       pc - 0x8
core   0: 3 0x8000e1b8 (0xff9ff06f)
core   0: 0x8000e1b0 (0x00002f17) auipc   t5, 0x2
core   0: 3 0x8000e1b0 (0x00002f17) x30 0x800101b0
core   0: 0x8000e1b4 (0xe43f2823) sw      gp, -432(t5)
core   0: 3 0x8000e1b4 (0xe43f2823) mem 0x80010000 0x00000001
core   0: 0x8000e1b8 (0xff9ff06f) j       pc - 0x8
core   0: 3 0x8000e1b8 (0xff9ff06f)
core   0: 0x8000e1b0 (0x00002f17) auipc   t5, 0x2
core   0: 3 0x8000e1b0 (0x00002f17) x30 0x800101b0
core   0: 0x8000e1b4 (0xe43f2823) sw      gp, -432(t5)
core   0: 3 0x8000e1b4 (0xe43f2823) mem 0x80010000 0x00000001
core   0: 0x8000e1b8 (0xff9ff06f) j       pc - 0x8
core   0: 3 0x8000e1b8 (0xff9ff06f)
core   0: 0x8000e1b0 (0x00002f17) auipc   t5, 0x2
core   0: 3 0x8000e1b0 (0x00002f17) x30 0x800101b0
core   0: 0x8000e1b4 (0xe43f2823) sw      gp, -432(t5)
core   0: 3 0x8000e1b4 (0xe43f2823) mem 0x80010000 0x00000001
core   0: 0x8000e1b8 (0xff9ff06f) j       pc - 0x8
core   0: 3 0x8000e1b8 (0xff9ff06f)
core   0: 0x8000e1b0 (0x00002f17) auipc   t5, 0x2
core   0: 3 0x8000e1b0 (0x00002f17) x30 0x800101b0
core   0: 0x8000e1b4 (0xe43f2823) sw      gp, -432(t5)
core   0: 3 0x8000e1b4 (0xe43f2823) mem 0x80010000 0x00000001
core   0: 0x8000e1b8 (0xff9ff06f) j       pc - 0x8
core   0: 3 0x8000e1b8 (0xff9ff06f)
core   0: 0x8000e1b0 (0x00002f17) auipc   t5, 0x2
core   0: 3 0x8000e1b0 (0x00002f17) x30 0x800101b0
core   0: 0x8000e1b4 (0xe43f2823) sw      gp, -432(t5)
core   0: 3 0x8000e1b4 (0xe43f2823) mem 0x80010000 0x00000001
core   0: 0x8000e1b8 (0xff9ff06f) j       pc - 0x8
core   0: 3 0x8000e1b8 (0xff9ff06f)
core   0: 0x8000e1b0 (0x00002f17) auipc   t5, 0x2
core   0: 3 0x8000e1b0 (0x00002f17) x30 0x800101b0
core   0: 0x8000e1b4 (0xe43f2823) sw      gp, -432(t5)
core   0: 3 0x8000e1b4 (0xe43f2823) mem 0x80010000 0x00000001
core   0: 0x8000e1b8 (0xff9ff06f) j       pc - 0x8
core   0: 3 0x8000e1b8 (0xff9ff06f)
core   0: 0x8000e1b0 (0x00002f17) auipc   t5, 0x2
core   0: 3 0x8000e1b0 (0x00002f17) x30 0x800101b0
core   0: 0x8000e1b4 (0xe43f2823) sw      gp, -432(t5)
core   0: 3 0x8000e1b4 (0xe43f2823) mem 0x80010000 0x00000001
core   0: 0x8000e1b8 (0xff9ff06f) j       pc - 0x8
core   0: 3 0x8000e1b8 (0xff9ff06f)
core   0: 0x8000e1b0 (0x00002f17) auipc   t5, 0x2
core   0: 3 0x8000e1b0 (0x00002f17) x30 0x800101b0
core   0: 0x8000e1b4 (0xe43f2823) sw      gp, -432(t5)
core   0: 3 0x8000e1b4 (0xe43f2823) mem 0x80010000 0x00000001
core   0: 0x8000e1b8 (0xff9ff06f) j       pc - 0x8
core   0: 3 0x8000e1b8 (0xff9ff06f)
core   0: 0x8000e1b0 (0x00002f17) auipc   t5, 0x2
core   0: 3 0x8000e1b0 (0x00002f17) x30 0x800101b0
core   0: 0x8000e1b4 (0xe43f2823) sw      gp, -432(t5)
core   0: 3 0x8000e1b4 (0xe43f2823) mem 0x80010000 0x00000001
core   0: 0x8000e1b8 (0xff9ff06f) j       pc - 0x8
core   0: 3 0x8000e1b8 (0xff9ff06f)
core   0: 0x8000e1b0 (0x00002f17) auipc   t5, 0x2
core   0: 3 0x8000e1b0 (0x00002f17) x30 0x800101b0
core   0: 0x8000e1b4 (0xe43f2823) sw      gp, -432(t5)
core   0: 3 0x8000e1b4 (0xe43f2823) mem 0x80010000 0x00000001
core   0: 0x8000e1b8 (0xff9ff06f) j       pc - 0x8
core   0: 3 0x8000e1b8 (0xff9ff06f)
core   0: 0x8000e1b0 (0x00002f17) auipc   t5, 0x2
core   0: 3 0x8000e1b0 (0x00002f17) x30 0x800101b0
core   0: 0x8000e1b4 (0xe43f2823) sw      gp, -432(t5)
core   0: 3 0x8000e1b4 (0xe43f2823) mem 0x80010000 0x00000001
core   0: 0x8000e1b8 (0xff9ff06f) j       pc - 0x8
core   0: 3 0x8000e1b8 (0xff9ff06f)
core   0: 0x8000e1b0 (0x00002f17) auipc   t5, 0x2
core   0: 3 0x8000e1b0 (0x00002f17) x30 0x800101b0
core   0: 0x8000e1b4 (0xe43f2823) sw      gp, -432(t5)
core   0: 3 0x8000e1b4 (0xe43f2823) mem 0x80010000 0x00000001
core   0: 0x8000e1b8 (0xff9ff06f) j       pc - 0x8
core   0: 3 0x8000e1b8 (0xff9ff06f)
core   0: 0x8000e1b0 (0x00002f17) auipc   t5, 0x2
core   0: 3 0x8000e1b0 (0x00002f17) x30 0x800101b0
core   0: 0x8000e1b4 (0xe43f2823) sw      gp, -432(t5)
core   0: 3 0x8000e1b4 (0xe43f2823) mem 0x80010000 0x00000001
core   0: 0x8000e1b8 (0xff9ff06f) j       pc - 0x8
core   0: 3 0x8000e1b8 (0xff9ff06f)
core   0: 0x8000e1b0 (0x00002f17) auipc   t5, 0x2
core   0: 3 0x8000e1b0 (0x00002f17) x30 0x800101b0
core   0: 0x8000e1b4 (0xe43f2823) sw      gp, -432(t5)
core   0: 3 0x8000e1b4 (0xe43f2823) mem 0x80010000 0x00000001
core   0: 0x8000e1b8 (0xff9ff06f) j       pc - 0x8
core   0: 3 0x8000e1b8 (0xff9ff06f)
core   0: 0x8000e1b0 (0x00002f17) auipc   t5, 0x2
core   0: 3 0x8000e1b0 (0x00002f17) x30 0x800101b0
core   0: 0x8000e1b4 (0xe43f2823) sw      gp, -432(t5)
core   0: 3 0x8000e1b4 (0xe43f2823) mem 0x80010000 0x00000001
core   0: 0x8000e1b8 (0xff9ff06f) j       pc - 0x8
core   0: 3 0x8000e1b8 (0xff9ff06f)
core   0: 0x8000e1b0 (0x00002f17) auipc   t5, 0x2
core   0: 3 0x8000e1b0 (0x00002f17) x30 0x800101b0
core   0: 0x8000e1b4 (0xe43f2823) sw      gp, -432(t5)
core   0: 3 0x8000e1b4 (0xe43f2823) mem 0x80010000 0x00000001
core   0: 0x8000e1b8 (0xff9ff06f) j       pc - 0x8
core   0: 3 0x8000e1b8 (0xff9ff06f)
core   0: 0x8000e1b0 (0x00002f17) auipc   t5, 0x2
core   0: 3 0x8000e1b0 (0x00002f17) x30 0x800101b0
core   0: 0x8000e1b4 (0xe43f2823) sw      gp, -432(t5)
core   0: 3 0x8000e1b4 (0xe43f2823) mem 0x80010000 0x00000001
core   0: 0x8000e1b8 (0xff9ff06f) j       pc - 0x8
core   0: 3 0x8000e1b8 (0xff9ff06f)
core   0: 0x8000e1b0 (0x00002f17) auipc   t5, 0x2
core   0: 3 0x8000e1b0 (0x00002f17) x30 0x800101b0
core   0: 0x8000e1b4 (0xe43f2823) sw      gp, -432(t5)
core   0: 3 0x8000e1b4 (0xe43f2823) mem 0x80010000 0x00000001
core   0: 0x8000e1b8 (0xff9ff06f) j       pc - 0x8
core   0: 3 0x8000e1b8 (0xff9ff06f)
core   0: 0x8000e1b0 (0x00002f17) auipc   t5, 0x2
core   0: 3 0x8000e1b0 (0x00002f17) x30 0x800101b0
core   0: 0x8000e1b4 (0xe43f2823) sw      gp, -432(t5)
core   0: 3 0x8000e1b4 (0xe43f2823) mem 0x80010000 0x00000001
core   0: 0x8000e1b8 (0xff9ff06f) j       pc - 0x8
core   0: 3 0x8000e1b8 (0xff9ff06f)
core   0: 0x8000e1b0 (0x00002f17) auipc   t5, 0x2
core   0: 3 0x8000e1b0 (0x00002f17) x30 0x800101b0
core   0: 0x8000e1b4 (0xe43f2823) sw      gp, -432(t5)
core   0: 3 0x8000e1b4 (0xe43f2823) mem 0x80010000 0x00000001
core   0: 0x8000e1b8 (0xff9ff06f) j       pc - 0x8
core   0: 3 0x8000e1b8 (0xff9ff06f)
core   0: 0x8000e1b0 (0x00002f17) auipc   t5, 0x2
core   0: 3 0x8000e1b0 (0x00002f17) x30 0x800101b0
core   0: 0x8000e1b4 (0xe43f2823) sw      gp, -432(t5)
core   0: 3 0x8000e1b4 (0xe43f2823) mem 0x80010000 0x00000001
core   0: 0x8000e1b8 (0xff9ff06f) j       pc - 0x8
core   0: 3 0x8000e1b8 (0xff9ff06f)
core   0: 0x8000e1b0 (0x00002f17) auipc   t5, 0x2
core   0: 3 0x8000e1b0 (0x00002f17) x30 0x800101b0
core   0: 0x8000e1b4 (0xe43f2823) sw      gp, -432(t5)
core   0: 3 0x8000e1b4 (0xe43f2823) mem 0x80010000 0x00000001
core   0: 0x8000e1b8 (0xff9ff06f) j       pc - 0x8
core   0: 3 0x8000e1b8 (0xff9ff06f)
core   0: 0x8000e1b0 (0x00002f17) auipc   t5, 0x2
core   0: 3 0x8000e1b0 (0x00002f17) x30 0x800101b0
core   0: 0x8000e1b4 (0xe43f2823) sw      gp, -432(t5)
core   0: 3 0x8000e1b4 (0xe43f2823) mem 0x80010000 0x00000001
core   0: 0x8000e1b8 (0xff9ff06f) j       pc - 0x8
core   0: 3 0x8000e1b8 (0xff9ff06f)
core   0: 0x8000e1b0 (0x00002f17) auipc   t5, 0x2
core   0: 3 0x8000e1b0 (0x00002f17) x30 0x800101b0
core   0: 0x8000e1b4 (0xe43f2823) sw      gp, -432(t5)
core   0: 3 0x8000e1b4 (0xe43f2823) mem 0x80010000 0x00000001
core   0: 0x8000e1b8 (0xff9ff06f) j       pc - 0x8
core   0: 3 0x8000e1b8 (0xff9ff06f)
core   0: 0x8000e1b0 (0x00002f17) auipc   t5, 0x2
core   0: 3 0x8000e1b0 (0x00002f17) x30 0x800101b0
core   0: 0x8000e1b4 (0xe43f2823) sw      gp, -432(t5)
core   0: 3 0x8000e1b4 (0xe43f2823) mem 0x80010000 0x00000001
core   0: 0x8000e1b8 (0xff9ff06f) j       pc - 0x8
core   0: 3 0x8000e1b8 (0xff9ff06f)
core   0: 0x8000e1b0 (0x00002f17) auipc   t5, 0x2
core   0: 3 0x8000e1b0 (0x00002f17) x30 0x800101b0
core   0: 0x8000e1b4 (0xe43f2823) sw      gp, -432(t5)
core   0: 3 0x8000e1b4 (0xe43f2823) mem 0x80010000 0x00000001
core   0: 0x8000e1b8 (0xff9ff06f) j       pc - 0x8
core   0: 3 0x8000e1b8 (0xff9ff06f)
core   0: 0x8000e1b0 (0x00002f17) auipc   t5, 0x2
core   0: 3 0x8000e1b0 (0x00002f17) x30 0x800101b0
core   0: 0x8000e1b4 (0xe43f2823) sw      gp, -432(t5)
core   0: 3 0x8000e1b4 (0xe43f2823) mem 0x80010000 0x00000001
core   0: 0x8000e1b8 (0xff9ff06f) j       pc - 0x8
core   0: 3 0x8000e1b8 (0xff9ff06f)
core   0: 0x8000e1b0 (0x00002f17) auipc   t5, 0x2
core   0: 3 0x8000e1b0 (0x00002f17) x30 0x800101b0
core   0: 0x8000e1b4 (0xe43f2823) sw      gp, -432(t5)
core   0: 3 0x8000e1b4 (0xe43f2823) mem 0x80010000 0x00000001
core   0: 0x8000e1b8 (0xff9ff06f) j       pc - 0x8
core   0: 3 0x8000e1b8 (0xff9ff06f)
core   0: 0x8000e1b0 (0x00002f17) auipc   t5, 0x2
core   0: 3 0x8000e1b0 (0x00002f17) x30 0x800101b0
core   0: 0x8000e1b4 (0xe43f2823) sw      gp, -432(t5)
core   0: 3 0x8000e1b4 (0xe43f2823) mem 0x80010000 0x00000001
core   0: 0x8000e1b8 (0xff9ff06f) j       pc - 0x8
core   0: 3 0x8000e1b8 (0xff9ff06f)
core   0: 0x8000e1b0 (0x00002f17) auipc   t5, 0x2
core   0: 3 0x8000e1b0 (0x00002f17) x30 0x800101b0
core   0: 0x8000e1b4 (0xe43f2823) sw      gp, -432(t5)
core   0: 3 0x8000e1b4 (0xe43f2823) mem 0x80010000 0x00000001
core   0: 0x8000e1b8 (0xff9ff06f) j       pc - 0x8
core   0: 3 0x8000e1b8 (0xff9ff06f)
core   0: 0x8000e1b0 (0x00002f17) auipc   t5, 0x2
core   0: 3 0x8000e1b0 (0x00002f17) x30 0x800101b0
core   0: 0x8000e1b4 (0xe43f2823) sw      gp, -432(t5)
core   0: 3 0x8000e1b4 (0xe43f2823) mem 0x80010000 0x00000001
core   0: 0x8000e1b8 (0xff9ff06f) j       pc - 0x8
core   0: 3 0x8000e1b8 (0xff9ff06f)
core   0: 0x8000e1b0 (0x00002f17) auipc   t5, 0x2
core   0: 3 0x8000e1b0 (0x00002f17) x30 0x800101b0
core   0: 0x8000e1b4 (0xe43f2823) sw      gp, -432(t5)
core   0: 3 0x8000e1b4 (0xe43f2823) mem 0x80010000 0x00000001
core   0: 0x8000e1b8 (0xff9ff06f) j       pc - 0x8
core   0: 3 0x8000e1b8 (0xff9ff06f)
core   0: 0x8000e1b0 (0x00002f17) auipc   t5, 0x2
core   0: 3 0x8000e1b0 (0x00002f17) x30 0x800101b0
core   0: 0x8000e1b4 (0xe43f2823) sw      gp, -432(t5)
core   0: 3 0x8000e1b4 (0xe43f2823) mem 0x80010000 0x00000001
core   0: 0x8000e1b8 (0xff9ff06f) j       pc - 0x8
core   0: 3 0x8000e1b8 (0xff9ff06f)
core   0: 0x8000e1b0 (0x00002f17) auipc   t5, 0x2
core   0: 3 0x8000e1b0 (0x00002f17) x30 0x800101b0
core   0: 0x8000e1b4 (0xe43f2823) sw      gp, -432(t5)
core   0: 3 0x8000e1b4 (0xe43f2823) mem 0x80010000 0x00000001
core   0: 0x8000e1b8 (0xff9ff06f) j       pc - 0x8
core   0: 3 0x8000e1b8 (0xff9ff06f)
core   0: 0x8000e1b0 (0x00002f17) auipc   t5, 0x2
core   0: 3 0x8000e1b0 (0x00002f17) x30 0x800101b0
core   0: 0x8000e1b4 (0xe43f2823) sw      gp, -432(t5)
core   0: 3 0x8000e1b4 (0xe43f2823) mem 0x80010000 0x00000001
core   0: 0x8000e1b8 (0xff9ff06f) j       pc - 0x8
core   0: 3 0x8000e1b8 (0xff9ff06f)
core   0: 0x8000e1b0 (0x00002f17) auipc   t5, 0x2
core   0: 3 0x8000e1b0 (0x00002f17) x30 0x800101b0
core   0: 0x8000e1b4 (0xe43f2823) sw      gp, -432(t5)
core   0: 3 0x8000e1b4 (0xe43f2823) mem 0x80010000 0x00000001
core   0: 0x8000e1b8 (0xff9ff06f) j       pc - 0x8
core   0: 3 0x8000e1b8 (0xff9ff06f)
core   0: 0x8000e1b0 (0x00002f17) auipc   t5, 0x2
core   0: 3 0x8000e1b0 (0x00002f17) x30 0x800101b0
core   0: 0x8000e1b4 (0xe43f2823) sw      gp, -432(t5)
core   0: 3 0x8000e1b4 (0xe43f2823) mem 0x80010000 0x00000001
core   0: 0x8000e1b8 (0xff9ff06f) j       pc - 0x8
core   0: 3 0x8000e1b8 (0xff9ff06f)
core   0: 0x8000e1b0 (0x00002f17) auipc   t5, 0x2
core   0: 3 0x8000e1b0 (0x00002f17) x30 0x800101b0
core   0: 0x8000e1b4 (0xe43f2823) sw      gp, -432(t5)
core   0: 3 0x8000e1b4 (0xe43f2823) mem 0x80010000 0x00000001
core   0: 0x8000e1b8 (0xff9ff06f) j       pc - 0x8
core   0: 3 0x8000e1b8 (0xff9ff06f)
core   0: 0x8000e1b0 (0x00002f17) auipc   t5, 0x2
core   0: 3 0x8000e1b0 (0x00002f17) x30 0x800101b0
core   0: 0x8000e1b4 (0xe43f2823) sw      gp, -432(t5)
core   0: 3 0x8000e1b4 (0xe43f2823) mem 0x80010000 0x00000001
core   0: 0x8000e1b8 (0xff9ff06f) j       pc - 0x8
core   0: 3 0x8000e1b8 (0xff9ff06f)
core   0: 0x8000e1b0 (0x00002f17) auipc   t5, 0x2
core   0: 3 0x8000e1b0 (0x00002f17) x30 0x800101b0
core   0: 0x8000e1b4 (0xe43f2823) sw      gp, -432(t5)
core   0: 3 0x8000e1b4 (0xe43f2823) mem 0x80010000 0x00000001
core   0: 0x8000e1b8 (0xff9ff06f) j       pc - 0x8
core   0: 3 0x8000e1b8 (0xff9ff06f)
core   0: 0x8000e1b0 (0x00002f17) auipc   t5, 0x2
core   0: 3 0x8000e1b0 (0x00002f17) x30 0x800101b0
core   0: 0x8000e1b4 (0xe43f2823) sw      gp, -432(t5)
core   0: 3 0x8000e1b4 (0xe43f2823) mem 0x80010000 0x00000001
core   0: 0x8000e1b8 (0xff9ff06f) j       pc - 0x8
core   0: 3 0x8000e1b8 (0xff9ff06f)
core   0: 0x8000e1b0 (0x00002f17) auipc   t5, 0x2
core   0: 3 0x8000e1b0 (0x00002f17) x30 0x800101b0
core   0: 0x8000e1b4 (0xe43f2823) sw      gp, -432(t5)
core   0: 3 0x8000e1b4 (0xe43f2823) mem 0x80010000 0x00000001
core   0: 0x8000e1b8 (0xff9ff06f) j       pc - 0x8
core   0: 3 0x8000e1b8 (0xff9ff06f)
core   0: 0x8000e1b0 (0x00002f17) auipc   t5, 0x2
core   0: 3 0x8000e1b0 (0x00002f17) x30 0x800101b0
core   0: 0x8000e1b4 (0xe43f2823) sw      gp, -432(t5)
core   0: 3 0x8000e1b4 (0xe43f2823) mem 0x80010000 0x00000001
core   0: 0x8000e1b8 (0xff9ff06f) j       pc - 0x8
core   0: 3 0x8000e1b8 (0xff9ff06f)
core   0: 0x8000e1b0 (0x00002f17) auipc   t5, 0x2
core   0: 3 0x8000e1b0 (0x00002f17) x30 0x800101b0
core   0: 0x8000e1b4 (0xe43f2823) sw      gp, -432(t5)
core   0: 3 0x8000e1b4 (0xe43f2823) mem 0x80010000 0x00000001
core   0: 0x8000e1b8 (0xff9ff06f) j       pc - 0x8
core   0: 3 0x8000e1b8 (0xff9ff06f)
core   0: 0x8000e1b0 (0x00002f17) auipc   t5, 0x2
core   0: 3 0x8000e1b0 (0x00002f17) x30 0x800101b0
core   0: 0x8000e1b4 (0xe43f2823) sw      gp, -432(t5)
core   0: 3 0x8000e1b4 (0xe43f2823) mem 0x80010000 0x00000001
core   0: 0x8000e1b8 (0xff9ff06f) j       pc - 0x8
core   0: 3 0x8000e1b8 (0xff9ff06f)
core   0: 0x8000e1b0 (0x00002f17) auipc   t5, 0x2
core   0: 3 0x8000e1b0 (0x00002f17) x30 0x800101b0
core   0: 0x8000e1b4 (0xe43f2823) sw      gp, -432(t5)
core   0: 3 0x8000e1b4 (0xe43f2823) mem 0x80010000 0x00000001
core   0: 0x8000e1b8 (0xff9ff06f) j       pc - 0x8
core   0: 3 0x8000e1b8 (0xff9ff06f)
core   0: 0x8000e1b0 (0x00002f17) auipc   t5, 0x2
core   0: 3 0x8000e1b0 (0x00002f17) x30 0x800101b0
core   0: 0x8000e1b4 (0xe43f2823) sw      gp, -432(t5)
core   0: 3 0x8000e1b4 (0xe43f2823) mem 0x80010000 0x00000001
core   0: 0x8000e1b8 (0xff9ff06f) j       pc - 0x8
core   0: 3 0x8000e1b8 (0xff9ff06f)
core   0: 0x8000e1b0 (0x00002f17) auipc   t5, 0x2
core   0: 3 0x8000e1b0 (0x00002f17) x30 0x800101b0
core   0: 0x8000e1b4 (0xe43f2823) sw      gp, -432(t5)
core   0: 3 0x8000e1b4 (0xe43f2823) mem 0x80010000 0x00000001
core   0: 0x8000e1b8 (0xff9ff06f) j       pc - 0x8
core   0: 3 0x8000e1b8 (0xff9ff06f)
core   0: 0x8000e1b0 (0x00002f17) auipc   t5, 0x2
core   0: 3 0x8000e1b0 (0x00002f17) x30 0x800101b0
core   0: 0x8000e1b4 (0xe43f2823) sw      gp, -432(t5)
core   0: 3 0x8000e1b4 (0xe43f2823) mem 0x80010000 0x00000001
core   0: 0x8000e1b8 (0xff9ff06f) j       pc - 0x8
core   0: 3 0x8000e1b8 (0xff9ff06f)
core   0: 0x8000e1b0 (0x00002f17) auipc   t5, 0x2
core   0: 3 0x8000e1b0 (0x00002f17) x30 0x800101b0
core   0: 0x8000e1b4 (0xe43f2823) sw      gp, -432(t5)
core   0: 3 0x8000e1b4 (0xe43f2823) mem 0x80010000 0x00000001
core   0: 0x8000e1b8 (0xff9ff06f) j       pc - 0x8
core   0: 3 0x8000e1b8 (0xff9ff06f)
core   0: 0x8000e1b0 (0x00002f17) auipc   t5, 0x2
core   0: 3 0x8000e1b0 (0x00002f17) x30 0x800101b0
core   0: 0x8000e1b4 (0xe43f2823) sw      gp, -432(t5)
core   0: 3 0x8000e1b4 (0xe43f2823) mem 0x80010000 0x00000001
core   0: 0x8000e1b8 (0xff9ff06f) j       pc - 0x8
core   0: 3 0x8000e1b8 (0xff9ff06f)
core   0: 0x8000e1b0 (0x00002f17) auipc   t5, 0x2
core   0: 3 0x8000e1b0 (0x00002f17) x30 0x800101b0
core   0: 0x8000e1b4 (0xe43f2823) sw      gp, -432(t5)
core   0: 3 0x8000e1b4 (0xe43f2823) mem 0x80010000 0x00000001
core   0: 0x8000e1b8 (0xff9ff06f) j       pc - 0x8
core   0: 3 0x8000e1b8 (0xff9ff06f)
core   0: 0x8000e1b0 (0x00002f17) auipc   t5, 0x2
core   0: 3 0x8000e1b0 (0x00002f17) x30 0x800101b0
core   0: 0x8000e1b4 (0xe43f2823) sw      gp, -432(t5)
core   0: 3 0x8000e1b4 (0xe43f2823) mem 0x80010000 0x00000001
core   0: 0x8000e1b8 (0xff9ff06f) j       pc - 0x8
core   0: 3 0x8000e1b8 (0xff9ff06f)
core   0: 0x8000e1b0 (0x00002f17) auipc   t5, 0x2
core   0: 3 0x8000e1b0 (0x00002f17) x30 0x800101b0
core   0: 0x8000e1b4 (0xe43f2823) sw      gp, -432(t5)
core   0: 3 0x8000e1b4 (0xe43f2823) mem 0x80010000 0x00000001
core   0: 0x8000e1b8 (0xff9ff06f) j       pc - 0x8
core   0: 3 0x8000e1b8 (0xff9ff06f)
core   0: 0x8000e1b0 (0x00002f17) auipc   t5, 0x2
core   0: 3 0x8000e1b0 (0x00002f17) x30 0x800101b0
core   0: 0x8000e1b4 (0xe43f2823) sw      gp, -432(t5)
core   0: 3 0x8000e1b4 (0xe43f2823) mem 0x80010000 0x00000001
core   0: 0x8000e1b8 (0xff9ff06f) j       pc - 0x8
core   0: 3 0x8000e1b8 (0xff9ff06f)
core   0: 0x8000e1b0 (0x00002f17) auipc   t5, 0x2
core   0: 3 0x8000e1b0 (0x00002f17) x30 0x800101b0
core   0: 0x8000e1b4 (0xe43f2823) sw      gp, -432(t5)
core   0: 3 0x8000e1b4 (0xe43f2823) mem 0x80010000 0x00000001
core   0: 0x8000e1b8 (0xff9ff06f) j       pc - 0x8
core   0: 3 0x8000e1b8 (0xff9ff06f)
core   0: 0x8000e1b0 (0x00002f17) auipc   t5, 0x2
core   0: 3 0x8000e1b0 (0x00002f17) x30 0x800101b0
core   0: 0x8000e1b4 (0xe43f2823) sw      gp, -432(t5)
core   0: 3 0x8000e1b4 (0xe43f2823) mem 0x80010000 0x00000001
core   0: 0x8000e1b8 (0xff9ff06f) j       pc - 0x8
core   0: 3 0x8000e1b8 (0xff9ff06f)
core   0: 0x8000e1b0 (0x00002f17) auipc   t5, 0x2
core   0: 3 0x8000e1b0 (0x00002f17) x30 0x800101b0
core   0: 0x8000e1b4 (0xe43f2823) sw      gp, -432(t5)
core   0: 3 0x8000e1b4 (0xe43f2823) mem 0x80010000 0x00000001
core   0: 0x8000e1b8 (0xff9ff06f) j       pc - 0x8
core   0: 3 0x8000e1b8 (0xff9ff06f)
core   0: 0x8000e1b0 (0x00002f17) auipc   t5, 0x2
core   0: 3 0x8000e1b0 (0x00002f17) x30 0x800101b0
core   0: 0x8000e1b4 (0xe43f2823) sw      gp, -432(t5)
core   0: 3 0x8000e1b4 (0xe43f2823) mem 0x80010000 0x00000001
core   0: 0x8000e1b8 (0xff9ff06f) j       pc - 0x8
core   0: 3 0x8000e1b8 (0xff9ff06f)
core   0: 0x8000e1b0 (0x00002f17) auipc   t5, 0x2
core   0: 3 0x8000e1b0 (0x00002f17) x30 0x800101b0
core   0: 0x8000e1b4 (0xe43f2823) sw      gp, -432(t5)
core   0: 3 0x8000e1b4 (0xe43f2823) mem 0x80010000 0x00000001
core   0: 0x8000e1b8 (0xff9ff06f) j       pc - 0x8
core   0: 3 0x8000e1b8 (0xff9ff06f)
core   0: 0x8000e1b0 (0x00002f17) auipc   t5, 0x2
core   0: 3 0x8000e1b0 (0x00002f17) x30 0x800101b0
core   0: 0x8000e1b4 (0xe43f2823) sw      gp, -432(t5)
core   0: 3 0x8000e1b4 (0xe43f2823) mem 0x80010000 0x00000001
core   0: 0x8000e1b8 (0xff9ff06f) j       pc - 0x8
core   0: 3 0x8000e1b8 (0xff9ff06f)
core   0: 0x8000e1b0 (0x00002f17) auipc   t5, 0x2
core   0: 3 0x8000e1b0 (0x00002f17) x30 0x800101b0
core   0: 0x8000e1b4 (0xe43f2823) sw      gp, -432(t5)
core   0: 3 0x8000e1b4 (0xe43f2823) mem 0x80010000 0x00000001
core   0: 0x8000e1b8 (0xff9ff06f) j       pc - 0x8
core   0: 3 0x8000e1b8 (0xff9ff06f)
core   0: 0x8000e1b0 (0x00002f17) auipc   t5, 0x2
core   0: 3 0x8000e1b0 (0x00002f17) x30 0x800101b0
core   0: 0x8000e1b4 (0xe43f2823) sw      gp, -432(t5)
core   0: 3 0x8000e1b4 (0xe43f2823) mem 0x80010000 0x00000001
core   0: 0x8000e1b8 (0xff9ff06f) j       pc - 0x8
core   0: 3 0x8000e1b8 (0xff9ff06f)
core   0: 0x8000e1b0 (0x00002f17) auipc   t5, 0x2
core   0: 3 0x8000e1b0 (0x00002f17) x30 0x800101b0
core   0: 0x8000e1b4 (0xe43f2823) sw      gp, -432(t5)
core   0: 3 0x8000e1b4 (0xe43f2823) mem 0x80010000 0x00000001
core   0: 0x8000e1b8 (0xff9ff06f) j       pc - 0x8
core   0: 3 0x8000e1b8 (0xff9ff06f)
core   0: 0x8000e1b0 (0x00002f17) auipc   t5, 0x2
core   0: 3 0x8000e1b0 (0x00002f17) x30 0x800101b0
core   0: 0x8000e1b4 (0xe43f2823) sw      gp, -432(t5)
core   0: 3 0x8000e1b4 (0xe43f2823) mem 0x80010000 0x00000001
core   0: 0x8000e1b8 (0xff9ff06f) j       pc - 0x8
core   0: 3 0x8000e1b8 (0xff9ff06f)
core   0: 0x8000e1b0 (0x00002f17) auipc   t5, 0x2
core   0: 3 0x8000e1b0 (0x00002f17) x30 0x800101b0
core   0: 0x8000e1b4 (0xe43f2823) sw      gp, -432(t5)
core   0: 3 0x8000e1b4 (0xe43f2823) mem 0x80010000 0x00000001
core   0: 0x8000e1b8 (0xff9ff06f) j       pc - 0x8
core   0: 3 0x8000e1b8 (0xff9ff06f)
core   0: 0x8000e1b0 (0x00002f17) auipc   t5, 0x2
core   0: 3 0x8000e1b0 (0x00002f17) x30 0x800101b0
core   0: 0x8000e1b4 (0xe43f2823) sw      gp, -432(t5)
core   0: 3 0x8000e1b4 (0xe43f2823) mem 0x80010000 0x00000001
core   0: 0x8000e1b8 (0xff9ff06f) j       pc - 0x8
core   0: 3 0x8000e1b8 (0xff9ff06f)
core   0: 0x8000e1b0 (0x00002f17) auipc   t5, 0x2
core   0: 3 0x8000e1b0 (0x00002f17) x30 0x800101b0
core   0: 0x8000e1b4 (0xe43f2823) sw      gp, -432(t5)
core   0: 3 0x8000e1b4 (0xe43f2823) mem 0x80010000 0x00000001
core   0: 0x8000e1b8 (0xff9ff06f) j       pc - 0x8
core   0: 3 0x8000e1b8 (0xff9ff06f)
core   0: 0x8000e1b0 (0x00002f17) auipc   t5, 0x2
core   0: 3 0x8000e1b0 (0x00002f17) x30 0x800101b0
core   0: 0x8000e1b4 (0xe43f2823) sw      gp, -432(t5)
core   0: 3 0x8000e1b4 (0xe43f2823) mem 0x80010000 0x00000001
core   0: 0x8000e1b8 (0xff9ff06f) j       pc - 0x8
core   0: 3 0x8000e1b8 (0xff9ff06f)
core   0: 0x8000e1b0 (0x00002f17) auipc   t5, 0x2
core   0: 3 0x8000e1b0 (0x00002f17) x30 0x800101b0
core   0: 0x8000e1b4 (0xe43f2823) sw      gp, -432(t5)
core   0: 3 0x8000e1b4 (0xe43f2823) mem 0x80010000 0x00000001
core   0: 0x8000e1b8 (0xff9ff06f) j       pc - 0x8
core   0: 3 0x8000e1b8 (0xff9ff06f)
core   0: 0x8000e1b0 (0x00002f17) auipc   t5, 0x2
core   0: 3 0x8000e1b0 (0x00002f17) x30 0x800101b0
core   0: 0x8000e1b4 (0xe43f2823) sw      gp, -432(t5)
core   0: 3 0x8000e1b4 (0xe43f2823) mem 0x80010000 0x00000001
core   0: 0x8000e1b8 (0xff9ff06f) j       pc - 0x8
core   0: 3 0x8000e1b8 (0xff9ff06f)
core   0: 0x8000e1b0 (0x00002f17) auipc   t5, 0x2
core   0: 3 0x8000e1b0 (0x00002f17) x30 0x800101b0
core   0: 0x8000e1b4 (0xe43f2823) sw      gp, -432(t5)
core   0: 3 0x8000e1b4 (0xe43f2823) mem 0x80010000 0x00000001
core   0: 0x8000e1b8 (0xff9ff06f) j       pc - 0x8
core   0: 3 0x8000e1b8 (0xff9ff06f)
core   0: 0x8000e1b0 (0x00002f17) auipc   t5, 0x2
core   0: 3 0x8000e1b0 (0x00002f17) x30 0x800101b0
core   0: 0x8000e1b4 (0xe43f2823) sw      gp, -432(t5)
core   0: 3 0x8000e1b4 (0xe43f2823) mem 0x80010000 0x00000001
core   0: 0x8000e1b8 (0xff9ff06f) j       pc - 0x8
core   0: 3 0x8000e1b8 (0xff9ff06f)
core   0: 0x8000e1b0 (0x00002f17) auipc   t5, 0x2
core   0: 3 0x8000e1b0 (0x00002f17) x30 0x800101b0
core   0: 0x8000e1b4 (0xe43f2823) sw      gp, -432(t5)
core   0: 3 0x8000e1b4 (0xe43f2823) mem 0x80010000 0x00000001
core   0: 0x8000e1b8 (0xff9ff06f) j       pc - 0x8
core   0: 3 0x8000e1b8 (0xff9ff06f)
core   0: 0x8000e1b0 (0x00002f17) auipc   t5, 0x2
core   0: 3 0x8000e1b0 (0x00002f17) x30 0x800101b0
core   0: 0x8000e1b4 (0xe43f2823) sw      gp, -432(t5)
core   0: 3 0x8000e1b4 (0xe43f2823) mem 0x80010000 0x00000001
core   0: 0x8000e1b8 (0xff9ff06f) j       pc - 0x8
core   0: 3 0x8000e1b8 (0xff9ff06f)
core   0: 0x8000e1b0 (0x00002f17) auipc   t5, 0x2
core   0: 3 0x8000e1b0 (0x00002f17) x30 0x800101b0
core   0: 0x8000e1b4 (0xe43f2823) sw      gp, -432(t5)
core   0: 3 0x8000e1b4 (0xe43f2823) mem 0x80010000 0x00000001
core   0: 0x8000e1b8 (0xff9ff06f) j       pc - 0x8
core   0: 3 0x8000e1b8 (0xff9ff06f)
core   0: 0x8000e1b0 (0x00002f17) auipc   t5, 0x2
core   0: 3 0x8000e1b0 (0x00002f17) x30 0x800101b0
core   0: 0x8000e1b4 (0xe43f2823) sw      gp, -432(t5)
core   0: 3 0x8000e1b4 (0xe43f2823) mem 0x80010000 0x00000001
core   0: 0x8000e1b8 (0xff9ff06f) j       pc - 0x8
core   0: 3 0x8000e1b8 (0xff9ff06f)
core   0: 0x8000e1b0 (0x00002f17) auipc   t5, 0x2
core   0: 3 0x8000e1b0 (0x00002f17) x30 0x800101b0
core   0: 0x8000e1b4 (0xe43f2823) sw      gp, -432(t5)
core   0: 3 0x8000e1b4 (0xe43f2823) mem 0x80010000 0x00000001
core   0: 0x8000e1b8 (0xff9ff06f) j       pc - 0x8
core   0: 3 0x8000e1b8 (0xff9ff06f)
core   0: 0x8000e1b0 (0x00002f17) auipc   t5, 0x2
core   0: 3 0x8000e1b0 (0x00002f17) x30 0x800101b0
core   0: 0x8000e1b4 (0xe43f2823) sw      gp, -432(t5)
core   0: 3 0x8000e1b4 (0xe43f2823) mem 0x80010000 0x00000001
core   0: 0x8000e1b8 (0xff9ff06f) j       pc - 0x8
core   0: 3 0x8000e1b8 (0xff9ff06f)
core   0: 0x8000e1b0 (0x00002f17) auipc   t5, 0x2
core   0: 3 0x8000e1b0 (0x00002f17) x30 0x800101b0
core   0: 0x8000e1b4 (0xe43f2823) sw      gp, -432(t5)
core   0: 3 0x8000e1b4 (0xe43f2823) mem 0x80010000 0x00000001
core   0: 0x8000e1b8 (0xff9ff06f) j       pc - 0x8
core   0: 3 0x8000e1b8 (0xff9ff06f)
core   0: 0x8000e1b0 (0x00002f17) auipc   t5, 0x2
core   0: 3 0x8000e1b0 (0x00002f17) x30 0x800101b0
core   0: 0x8000e1b4 (0xe43f2823) sw      gp, -432(t5)
core   0: 3 0x8000e1b4 (0xe43f2823) mem 0x80010000 0x00000001
core   0: 0x8000e1b8 (0xff9ff06f) j       pc - 0x8
core   0: 3 0x8000e1b8 (0xff9ff06f)
core   0: 0x8000e1b0 (0x00002f17) auipc   t5, 0x2
core   0: 3 0x8000e1b0 (0x00002f17) x30 0x800101b0
core   0: 0x8000e1b4 (0xe43f2823) sw      gp, -432(t5)
core   0: 3 0x8000e1b4 (0xe43f2823) mem 0x80010000 0x00000001
core   0: 0x8000e1b8 (0xff9ff06f) j       pc - 0x8
core   0: 3 0x8000e1b8 (0xff9ff06f)
core   0: 0x8000e1b0 (0x00002f17) auipc   t5, 0x2
core   0: 3 0x8000e1b0 (0x00002f17) x30 0x800101b0
core   0: 0x8000e1b4 (0xe43f2823) sw      gp, -432(t5)
core   0: 3 0x8000e1b4 (0xe43f2823) mem 0x80010000 0x00000001
core   0: 0x8000e1b8 (0xff9ff06f) j       pc - 0x8
core   0: 3 0x8000e1b8 (0xff9ff06f)
core   0: 0x8000e1b0 (0x00002f17) auipc   t5, 0x2
core   0: 3 0x8000e1b0 (0x00002f17) x30 0x800101b0
core   0: 0x8000e1b4 (0xe43f2823) sw      gp, -432(t5)
core   0: 3 0x8000e1b4 (0xe43f2823) mem 0x80010000 0x00000001
core   0: 0x8000e1b8 (0xff9ff06f) j       pc - 0x8
core   0: 3 0x8000e1b8 (0xff9ff06f)
core   0: 0x8000e1b0 (0x00002f17) auipc   t5, 0x2
core   0: 3 0x8000e1b0 (0x00002f17) x30 0x800101b0
core   0: 0x8000e1b4 (0xe43f2823) sw      gp, -432(t5)
core   0: 3 0x8000e1b4 (0xe43f2823) mem 0x80010000 0x00000001
core   0: 0x8000e1b8 (0xff9ff06f) j       pc - 0x8
core   0: 3 0x8000e1b8 (0xff9ff06f)
core   0: 0x8000e1b0 (0x00002f17) auipc   t5, 0x2
core   0: 3 0x8000e1b0 (0x00002f17) x30 0x800101b0
core   0: 0x8000e1b4 (0xe43f2823) sw      gp, -432(t5)
core   0: 3 0x8000e1b4 (0xe43f2823) mem 0x80010000 0x00000001
core   0: 0x8000e1b8 (0xff9ff06f) j       pc - 0x8
core   0: 3 0x8000e1b8 (0xff9ff06f)
core   0: 0x8000e1b0 (0x00002f17) auipc   t5, 0x2
core   0: 3 0x8000e1b0 (0x00002f17) x30 0x800101b0
core   0: 0x8000e1b4 (0xe43f2823) sw      gp, -432(t5)
core   0: 3 0x8000e1b4 (0xe43f2823) mem 0x80010000 0x00000001
core   0: 0x8000e1b8 (0xff9ff06f) j       pc - 0x8
core   0: 3 0x8000e1b8 (0xff9ff06f)
core   0: 0x8000e1b0 (0x00002f17) auipc   t5, 0x2
core   0: 3 0x8000e1b0 (0x00002f17) x30 0x800101b0
core   0: 0x8000e1b4 (0xe43f2823) sw      gp, -432(t5)
core   0: 3 0x8000e1b4 (0xe43f2823) mem 0x80010000 0x00000001
core   0: 0x8000e1b8 (0xff9ff06f) j       pc - 0x8
core   0: 3 0x8000e1b8 (0xff9ff06f)
core   0: 0x8000e1b0 (0x00002f17) auipc   t5, 0x2
core   0: 3 0x8000e1b0 (0x00002f17) x30 0x800101b0
core   0: 0x8000e1b4 (0xe43f2823) sw      gp, -432(t5)
core   0: 3 0x8000e1b4 (0xe43f2823) mem 0x80010000 0x00000001
core   0: 0x8000e1b8 (0xff9ff06f) j       pc - 0x8
core   0: 3 0x8000e1b8 (0xff9ff06f)
core   0: 0x8000e1b0 (0x00002f17) auipc   t5, 0x2
core   0: 3 0x8000e1b0 (0x00002f17) x30 0x800101b0
core   0: 0x8000e1b4 (0xe43f2823) sw      gp, -432(t5)
core   0: 3 0x8000e1b4 (0xe43f2823) mem 0x80010000 0x00000001
core   0: 0x8000e1b8 (0xff9ff06f) j       pc - 0x8
core   0: 3 0x8000e1b8 (0xff9ff06f)
core   0: 0x8000e1b0 (0x00002f17) auipc   t5, 0x2
core   0: 3 0x8000e1b0 (0x00002f17) x30 0x800101b0
core   0: 0x8000e1b4 (0xe43f2823) sw      gp, -432(t5)
core   0: 3 0x8000e1b4 (0xe43f2823) mem 0x80010000 0x00000001
core   0: 0x8000e1b8 (0xff9ff06f) j       pc - 0x8
core   0: 3 0x8000e1b8 (0xff9ff06f)
core   0: 0x8000e1b0 (0x00002f17) auipc   t5, 0x2
core   0: 3 0x8000e1b0 (0x00002f17) x30 0x800101b0
core   0: 0x8000e1b4 (0xe43f2823) sw      gp, -432(t5)
core   0: 3 0x8000e1b4 (0xe43f2823) mem 0x80010000 0x00000001
core   0: 0x8000e1b8 (0xff9ff06f) j       pc - 0x8
core   0: 3 0x8000e1b8 (0xff9ff06f)
core   0: 0x8000e1b0 (0x00002f17) auipc   t5, 0x2
core   0: 3 0x8000e1b0 (0x00002f17) x30 0x800101b0
core   0: 0x8000e1b4 (0xe43f2823) sw      gp, -432(t5)
core   0: 3 0x8000e1b4 (0xe43f2823) mem 0x80010000 0x00000001
core   0: 0x8000e1b8 (0xff9ff06f) j       pc - 0x8
core   0: 3 0x8000e1b8 (0xff9ff06f)
core   0: 0x8000e1b0 (0x00002f17) auipc   t5, 0x2
core   0: 3 0x8000e1b0 (0x00002f17) x30 0x800101b0
core   0: 0x8000e1b4 (0xe43f2823) sw      gp, -432(t5)
core   0: 3 0x8000e1b4 (0xe43f2823) mem 0x80010000 0x00000001
core   0: 0x8000e1b8 (0xff9ff06f) j       pc - 0x8
core   0: 3 0x8000e1b8 (0xff9ff06f)
core   0: 0x8000e1b0 (0x00002f17) auipc   t5, 0x2
core   0: 3 0x8000e1b0 (0x00002f17) x30 0x800101b0
core   0: 0x8000e1b4 (0xe43f2823) sw      gp, -432(t5)
core   0: 3 0x8000e1b4 (0xe43f2823) mem 0x80010000 0x00000001
core   0: 0x8000e1b8 (0xff9ff06f) j       pc - 0x8
core   0: 3 0x8000e1b8 (0xff9ff06f)
core   0: 0x8000e1b0 (0x00002f17) auipc   t5, 0x2
core   0: 3 0x8000e1b0 (0x00002f17) x30 0x800101b0
core   0: 0x8000e1b4 (0xe43f2823) sw      gp, -432(t5)
core   0: 3 0x8000e1b4 (0xe43f2823) mem 0x80010000 0x00000001
core   0: 0x8000e1b8 (0xff9ff06f) j       pc - 0x8
core   0: 3 0x8000e1b8 (0xff9ff06f)
core   0: 0x8000e1b0 (0x00002f17) auipc   t5, 0x2
core   0: 3 0x8000e1b0 (0x00002f17) x30 0x800101b0
core   0: 0x8000e1b4 (0xe43f2823) sw      gp, -432(t5)
core   0: 3 0x8000e1b4 (0xe43f2823) mem 0x80010000 0x00000001
core   0: 0x8000e1b8 (0xff9ff06f) j       pc - 0x8
core   0: 3 0x8000e1b8 (0xff9ff06f)
core   0: 0x8000e1b0 (0x00002f17) auipc   t5, 0x2
core   0: 3 0x8000e1b0 (0x00002f17) x30 0x800101b0
core   0: 0x8000e1b4 (0xe43f2823) sw      gp, -432(t5)
core   0: 3 0x8000e1b4 (0xe43f2823) mem 0x80010000 0x00000001
core   0: 0x8000e1b8 (0xff9ff06f) j       pc - 0x8
core   0: 3 0x8000e1b8 (0xff9ff06f)
core   0: 0x8000e1b0 (0x00002f17) auipc   t5, 0x2
core   0: 3 0x8000e1b0 (0x00002f17) x30 0x800101b0
core   0: 0x8000e1b4 (0xe43f2823) sw      gp, -432(t5)
core   0: 3 0x8000e1b4 (0xe43f2823) mem 0x80010000 0x00000001
core   0: 0x8000e1b8 (0xff9ff06f) j       pc - 0x8
core   0: 3 0x8000e1b8 (0xff9ff06f)
core   0: 0x8000e1b0 (0x00002f17) auipc   t5, 0x2
core   0: 3 0x8000e1b0 (0x00002f17) x30 0x800101b0
core   0: 0x8000e1b4 (0xe43f2823) sw      gp, -432(t5)
core   0: 3 0x8000e1b4 (0xe43f2823) mem 0x80010000 0x00000001
core   0: 0x8000e1b8 (0xff9ff06f) j       pc - 0x8
core   0: 3 0x8000e1b8 (0xff9ff06f)
core   0: 0x8000e1b0 (0x00002f17) auipc   t5, 0x2
core   0: 3 0x8000e1b0 (0x00002f17) x30 0x800101b0
core   0: 0x8000e1b4 (0xe43f2823) sw      gp, -432(t5)
core   0: 3 0x8000e1b4 (0xe43f2823) mem 0x80010000 0x00000001
core   0: 0x8000e1b8 (0xff9ff06f) j       pc - 0x8
core   0: 3 0x8000e1b8 (0xff9ff06f)
core   0: 0x8000e1b0 (0x00002f17) auipc   t5, 0x2
core   0: 3 0x8000e1b0 (0x00002f17) x30 0x800101b0
core   0: 0x8000e1b4 (0xe43f2823) sw      gp, -432(t5)
core   0: 3 0x8000e1b4 (0xe43f2823) mem 0x80010000 0x00000001
core   0: 0x8000e1b8 (0xff9ff06f) j       pc - 0x8
core   0: 3 0x8000e1b8 (0xff9ff06f)
core   0: 0x8000e1b0 (0x00002f17) auipc   t5, 0x2
core   0: 3 0x8000e1b0 (0x00002f17) x30 0x800101b0
core   0: 0x8000e1b4 (0xe43f2823) sw      gp, -432(t5)
core   0: 3 0x8000e1b4 (0xe43f2823) mem 0x80010000 0x00000001
core   0: 0x8000e1b8 (0xff9ff06f) j       pc - 0x8
core   0: 3 0x8000e1b8 (0xff9ff06f)
core   0: 0x8000e1b0 (0x00002f17) auipc   t5, 0x2
core   0: 3 0x8000e1b0 (0x00002f17) x30 0x800101b0
core   0: 0x8000e1b4 (0xe43f2823) sw      gp, -432(t5)
core   0: 3 0x8000e1b4 (0xe43f2823) mem 0x80010000 0x00000001
core   0: 0x8000e1b8 (0xff9ff06f) j       pc - 0x8
core   0: 3 0x8000e1b8 (0xff9ff06f)
core   0: 0x8000e1b0 (0x00002f17) auipc   t5, 0x2
core   0: 3 0x8000e1b0 (0x00002f17) x30 0x800101b0
core   0: 0x8000e1b4 (0xe43f2823) sw      gp, -432(t5)
core   0: 3 0x8000e1b4 (0xe43f2823) mem 0x80010000 0x00000001
core   0: 0x8000e1b8 (0xff9ff06f) j       pc - 0x8
core   0: 3 0x8000e1b8 (0xff9ff06f)
core   0: 0x8000e1b0 (0x00002f17) auipc   t5, 0x2
core   0: 3 0x8000e1b0 (0x00002f17) x30 0x800101b0
core   0: 0x8000e1b4 (0xe43f2823) sw      gp, -432(t5)
core   0: 3 0x8000e1b4 (0xe43f2823) mem 0x80010000 0x00000001
core   0: 0x8000e1b8 (0xff9ff06f) j       pc - 0x8
core   0: 3 0x8000e1b8 (0xff9ff06f)
core   0: 0x8000e1b0 (0x00002f17) auipc   t5, 0x2
core   0: 3 0x8000e1b0 (0x00002f17) x30 0x800101b0
core   0: 0x8000e1b4 (0xe43f2823) sw      gp, -432(t5)
core   0: 3 0x8000e1b4 (0xe43f2823) mem 0x80010000 0x00000001
core   0: 0x8000e1b8 (0xff9ff06f) j       pc - 0x8
core   0: 3 0x8000e1b8 (0xff9ff06f)
core   0: 0x8000e1b0 (0x00002f17) auipc   t5, 0x2
core   0: 3 0x8000e1b0 (0x00002f17) x30 0x800101b0
core   0: 0x8000e1b4 (0xe43f2823) sw      gp, -432(t5)
core   0: 3 0x8000e1b4 (0xe43f2823) mem 0x80010000 0x00000001
core   0: 0x8000e1b8 (0xff9ff06f) j       pc - 0x8
core   0: 3 0x8000e1b8 (0xff9ff06f)
core   0: 0x8000e1b0 (0x00002f17) auipc   t5, 0x2
core   0: 3 0x8000e1b0 (0x00002f17) x30 0x800101b0
core   0: 0x8000e1b4 (0xe43f2823) sw      gp, -432(t5)
core   0: 3 0x8000e1b4 (0xe43f2823) mem 0x80010000 0x00000001
core   0: 0x8000e1b8 (0xff9ff06f) j       pc - 0x8
core   0: 3 0x8000e1b8 (0xff9ff06f)
core   0: 0x8000e1b0 (0x00002f17) auipc   t5, 0x2
core   0: 3 0x8000e1b0 (0x00002f17) x30 0x800101b0
core   0: 0x8000e1b4 (0xe43f2823) sw      gp, -432(t5)
core   0: 3 0x8000e1b4 (0xe43f2823) mem 0x80010000 0x00000001
core   0: 0x8000e1b8 (0xff9ff06f) j       pc - 0x8
core   0: 3 0x8000e1b8 (0xff9ff06f)
core   0: 0x8000e1b0 (0x00002f17) auipc   t5, 0x2
core   0: 3 0x8000e1b0 (0x00002f17) x30 0x800101b0
core   0: 0x8000e1b4 (0xe43f2823) sw      gp, -432(t5)
core   0: 3 0x8000e1b4 (0xe43f2823) mem 0x80010000 0x00000001
core   0: 0x8000e1b8 (0xff9ff06f) j       pc - 0x8
core   0: 3 0x8000e1b8 (0xff9ff06f)
core   0: 0x8000e1b0 (0x00002f17) auipc   t5, 0x2
core   0: 3 0x8000e1b0 (0x00002f17) x30 0x800101b0
core   0: 0x8000e1b4 (0xe43f2823) sw      gp, -432(t5)
core   0: 3 0x8000e1b4 (0xe43f2823) mem 0x80010000 0x00000001
core   0: 0x8000e1b8 (0xff9ff06f) j       pc - 0x8
core   0: 3 0x8000e1b8 (0xff9ff06f)
core   0: 0x8000e1b0 (0x00002f17) auipc   t5, 0x2
core   0: 3 0x8000e1b0 (0x00002f17) x30 0x800101b0
core   0: 0x8000e1b4 (0xe43f2823) sw      gp, -432(t5)
core   0: 3 0x8000e1b4 (0xe43f2823) mem 0x80010000 0x00000001
core   0: 0x8000e1b8 (0xff9ff06f) j       pc - 0x8
core   0: 3 0x8000e1b8 (0xff9ff06f)
core   0: 0x8000e1b0 (0x00002f17) auipc   t5, 0x2
core   0: 3 0x8000e1b0 (0x00002f17) x30 0x800101b0
core   0: 0x8000e1b4 (0xe43f2823) sw      gp, -432(t5)
core   0: 3 0x8000e1b4 (0xe43f2823) mem 0x80010000 0x00000001
core   0: 0x8000e1b8 (0xff9ff06f) j       pc - 0x8
core   0: 3 0x8000e1b8 (0xff9ff06f)
core   0: 0x8000e1b0 (0x00002f17) auipc   t5, 0x2
core   0: 3 0x8000e1b0 (0x00002f17) x30 0x800101b0
core   0: 0x8000e1b4 (0xe43f2823) sw      gp, -432(t5)
core   0: 3 0x8000e1b4 (0xe43f2823) mem 0x80010000 0x00000001
core   0: 0x8000e1b8 (0xff9ff06f) j       pc - 0x8
core   0: 3 0x8000e1b8 (0xff9ff06f)
core   0: 0x8000e1b0 (0x00002f17) auipc   t5, 0x2
core   0: 3 0x8000e1b0 (0x00002f17) x30 0x800101b0
core   0: 0x8000e1b4 (0xe43f2823) sw      gp, -432(t5)
core   0: 3 0x8000e1b4 (0xe43f2823) mem 0x80010000 0x00000001
core   0: 0x8000e1b8 (0xff9ff06f) j       pc - 0x8
core   0: 3 0x8000e1b8 (0xff9ff06f)
core   0: 0x8000e1b0 (0x00002f17) auipc   t5, 0x2
core   0: 3 0x8000e1b0 (0x00002f17) x30 0x800101b0
core   0: 0x8000e1b4 (0xe43f2823) sw      gp, -432(t5)
core   0: 3 0x8000e1b4 (0xe43f2823) mem 0x80010000 0x00000001
core   0: 0x8000e1b8 (0xff9ff06f) j       pc - 0x8
core   0: 3 0x8000e1b8 (0xff9ff06f)
core   0: 0x8000e1b0 (0x00002f17) auipc   t5, 0x2
core   0: 3 0x8000e1b0 (0x00002f17) x30 0x800101b0
core   0: 0x8000e1b4 (0xe43f2823) sw      gp, -432(t5)
core   0: 3 0x8000e1b4 (0xe43f2823) mem 0x80010000 0x00000001
core   0: 0x8000e1b8 (0xff9ff06f) j       pc - 0x8
core   0: 3 0x8000e1b8 (0xff9ff06f)
core   0: 0x8000e1b0 (0x00002f17) auipc   t5, 0x2
core   0: 3 0x8000e1b0 (0x00002f17) x30 0x800101b0
core   0: 0x8000e1b4 (0xe43f2823) sw      gp, -432(t5)
core   0: 3 0x8000e1b4 (0xe43f2823) mem 0x80010000 0x00000001
core   0: 0x8000e1b8 (0xff9ff06f) j       pc - 0x8
core   0: 3 0x8000e1b8 (0xff9ff06f)
core   0: 0x8000e1b0 (0x00002f17) auipc   t5, 0x2
core   0: 3 0x8000e1b0 (0x00002f17) x30 0x800101b0
core   0: 0x8000e1b4 (0xe43f2823) sw      gp, -432(t5)
core   0: 3 0x8000e1b4 (0xe43f2823) mem 0x80010000 0x00000001
core   0: 0x8000e1b8 (0xff9ff06f) j       pc - 0x8
core   0: 3 0x8000e1b8 (0xff9ff06f)
core   0: 0x8000e1b0 (0x00002f17) auipc   t5, 0x2
core   0: 3 0x8000e1b0 (0x00002f17) x30 0x800101b0
core   0: 0x8000e1b4 (0xe43f2823) sw      gp, -432(t5)
core   0: 3 0x8000e1b4 (0xe43f2823) mem 0x80010000 0x00000001
core   0: 0x8000e1b8 (0xff9ff06f) j       pc - 0x8
core   0: 3 0x8000e1b8 (0xff9ff06f)
core   0: 0x8000e1b0 (0x00002f17) auipc   t5, 0x2
core   0: 3 0x8000e1b0 (0x00002f17) x30 0x800101b0
core   0: 0x8000e1b4 (0xe43f2823) sw      gp, -432(t5)
core   0: 3 0x8000e1b4 (0xe43f2823) mem 0x80010000 0x00000001
core   0: 0x8000e1b8 (0xff9ff06f) j       pc - 0x8
core   0: 3 0x8000e1b8 (0xff9ff06f)
core   0: 0x8000e1b0 (0x00002f17) auipc   t5, 0x2
core   0: 3 0x8000e1b0 (0x00002f17) x30 0x800101b0
core   0: 0x8000e1b4 (0xe43f2823) sw      gp, -432(t5)
core   0: 3 0x8000e1b4 (0xe43f2823) mem 0x80010000 0x00000001
core   0: 0x8000e1b8 (0xff9ff06f) j       pc - 0x8
core   0: 3 0x8000e1b8 (0xff9ff06f)
core   0: 0x8000e1b0 (0x00002f17) auipc   t5, 0x2
core   0: 3 0x8000e1b0 (0x00002f17) x30 0x800101b0
core   0: 0x8000e1b4 (0xe43f2823) sw      gp, -432(t5)
core   0: 3 0x8000e1b4 (0xe43f2823) mem 0x80010000 0x00000001
core   0: 0x8000e1b8 (0xff9ff06f) j       pc - 0x8
core   0: 3 0x8000e1b8 (0xff9ff06f)
core   0: 0x8000e1b0 (0x00002f17) auipc   t5, 0x2
core   0: 3 0x8000e1b0 (0x00002f17) x30 0x800101b0
core   0: 0x8000e1b4 (0xe43f2823) sw      gp, -432(t5)
core   0: 3 0x8000e1b4 (0xe43f2823) mem 0x80010000 0x00000001
core   0: 0x8000e1b8 (0xff9ff06f) j       pc - 0x8
core   0: 3 0x8000e1b8 (0xff9ff06f)
core   0: 0x8000e1b0 (0x00002f17) auipc   t5, 0x2
core   0: 3 0x8000e1b0 (0x00002f17) x30 0x800101b0
core   0: 0x8000e1b4 (0xe43f2823) sw      gp, -432(t5)
core   0: 3 0x8000e1b4 (0xe43f2823) mem 0x80010000 0x00000001
core   0: 0x8000e1b8 (0xff9ff06f) j       pc - 0x8
core   0: 3 0x8000e1b8 (0xff9ff06f)
core   0: 0x8000e1b0 (0x00002f17) auipc   t5, 0x2
core   0: 3 0x8000e1b0 (0x00002f17) x30 0x800101b0
core   0: 0x8000e1b4 (0xe43f2823) sw      gp, -432(t5)
core   0: 3 0x8000e1b4 (0xe43f2823) mem 0x80010000 0x00000001
core   0: 0x8000e1b8 (0xff9ff06f) j       pc - 0x8
core   0: 3 0x8000e1b8 (0xff9ff06f)
core   0: 0x8000e1b0 (0x00002f17) auipc   t5, 0x2
core   0: 3 0x8000e1b0 (0x00002f17) x30 0x800101b0
core   0: 0x8000e1b4 (0xe43f2823) sw      gp, -432(t5)
core   0: 3 0x8000e1b4 (0xe43f2823) mem 0x80010000 0x00000001
core   0: 0x8000e1b8 (0xff9ff06f) j       pc - 0x8
core   0: 3 0x8000e1b8 (0xff9ff06f)
core   0: 0x8000e1b0 (0x00002f17) auipc   t5, 0x2
core   0: 3 0x8000e1b0 (0x00002f17) x30 0x800101b0
core   0: 0x8000e1b4 (0xe43f2823) sw      gp, -432(t5)
core   0: 3 0x8000e1b4 (0xe43f2823) mem 0x80010000 0x00000001
core   0: 0x8000e1b8 (0xff9ff06f) j       pc - 0x8
core   0: 3 0x8000e1b8 (0xff9ff06f)
core   0: 0x8000e1b0 (0x00002f17) auipc   t5, 0x2
core   0: 3 0x8000e1b0 (0x00002f17) x30 0x800101b0
core   0: 0x8000e1b4 (0xe43f2823) sw      gp, -432(t5)
core   0: 3 0x8000e1b4 (0xe43f2823) mem 0x80010000 0x00000001
core   0: 0x8000e1b8 (0xff9ff06f) j       pc - 0x8
core   0: 3 0x8000e1b8 (0xff9ff06f)
core   0: 0x8000e1b0 (0x00002f17) auipc   t5, 0x2
core   0: 3 0x8000e1b0 (0x00002f17) x30 0x800101b0
core   0: 0x8000e1b4 (0xe43f2823) sw      gp, -432(t5)
core   0: 3 0x8000e1b4 (0xe43f2823) mem 0x80010000 0x00000001
core   0: 0x8000e1b8 (0xff9ff06f) j       pc - 0x8
core   0: 3 0x8000e1b8 (0xff9ff06f)
core   0: 0x8000e1b0 (0x00002f17) auipc   t5, 0x2
core   0: 3 0x8000e1b0 (0x00002f17) x30 0x800101b0
core   0: 0x8000e1b4 (0xe43f2823) sw      gp, -432(t5)
core   0: 3 0x8000e1b4 (0xe43f2823) mem 0x80010000 0x00000001
core   0: 0x8000e1b8 (0xff9ff06f) j       pc - 0x8
core   0: 3 0x8000e1b8 (0xff9ff06f)
core   0: 0x8000e1b0 (0x00002f17) auipc   t5, 0x2
core   0: 3 0x8000e1b0 (0x00002f17) x30 0x800101b0
core   0: 0x8000e1b4 (0xe43f2823) sw      gp, -432(t5)
core   0: 3 0x8000e1b4 (0xe43f2823) mem 0x80010000 0x00000001
core   0: 0x8000e1b8 (0xff9ff06f) j       pc - 0x8
core   0: 3 0x8000e1b8 (0xff9ff06f)
core   0: 0x8000e1b0 (0x00002f17) auipc   t5, 0x2
core   0: 3 0x8000e1b0 (0x00002f17) x30 0x800101b0
core   0: 0x8000e1b4 (0xe43f2823) sw      gp, -432(t5)
core   0: 3 0x8000e1b4 (0xe43f2823) mem 0x80010000 0x00000001
core   0: 0x8000e1b8 (0xff9ff06f) j       pc - 0x8
core   0: 3 0x8000e1b8 (0xff9ff06f)
core   0: 0x8000e1b0 (0x00002f17) auipc   t5, 0x2
core   0: 3 0x8000e1b0 (0x00002f17) x30 0x800101b0
core   0: 0x8000e1b4 (0xe43f2823) sw      gp, -432(t5)
core   0: 3 0x8000e1b4 (0xe43f2823) mem 0x80010000 0x00000001
core   0: 0x8000e1b8 (0xff9ff06f) j       pc - 0x8
core   0: 3 0x8000e1b8 (0xff9ff06f)
core   0: 0x8000e1b0 (0x00002f17) auipc   t5, 0x2
core   0: 3 0x8000e1b0 (0x00002f17) x30 0x800101b0
core   0: 0x8000e1b4 (0xe43f2823) sw      gp, -432(t5)
core   0: 3 0x8000e1b4 (0xe43f2823) mem 0x80010000 0x00000001
core   0: 0x8000e1b8 (0xff9ff06f) j       pc - 0x8
core   0: 3 0x8000e1b8 (0xff9ff06f)
core   0: 0x8000e1b0 (0x00002f17) auipc   t5, 0x2
core   0: 3 0x8000e1b0 (0x00002f17) x30 0x800101b0
core   0: 0x8000e1b4 (0xe43f2823) sw      gp, -432(t5)
core   0: 3 0x8000e1b4 (0xe43f2823) mem 0x80010000 0x00000001
core   0: 0x8000e1b8 (0xff9ff06f) j       pc - 0x8
core   0: 3 0x8000e1b8 (0xff9ff06f)
core   0: 0x8000e1b0 (0x00002f17) auipc   t5, 0x2
core   0: 3 0x8000e1b0 (0x00002f17) x30 0x800101b0
core   0: 0x8000e1b4 (0xe43f2823) sw      gp, -432(t5)
core   0: 3 0x8000e1b4 (0xe43f2823) mem 0x80010000 0x00000001
core   0: 0x8000e1b8 (0xff9ff06f) j       pc - 0x8
core   0: 3 0x8000e1b8 (0xff9ff06f)
core   0: 0x8000e1b0 (0x00002f17) auipc   t5, 0x2
core   0: 3 0x8000e1b0 (0x00002f17) x30 0x800101b0
core   0: 0x8000e1b4 (0xe43f2823) sw      gp, -432(t5)
core   0: 3 0x8000e1b4 (0xe43f2823) mem 0x80010000 0x00000001
core   0: 0x8000e1b8 (0xff9ff06f) j       pc - 0x8
core   0: 3 0x8000e1b8 (0xff9ff06f)
core   0: 0x8000e1b0 (0x00002f17) auipc   t5, 0x2
core   0: 3 0x8000e1b0 (0x00002f17) x30 0x800101b0
core   0: 0x8000e1b4 (0xe43f2823) sw      gp, -432(t5)
core   0: 3 0x8000e1b4 (0xe43f2823) mem 0x80010000 0x00000001
core   0: 0x8000e1b8 (0xff9ff06f) j       pc - 0x8
core   0: 3 0x8000e1b8 (0xff9ff06f)
core   0: 0x8000e1b0 (0x00002f17) auipc   t5, 0x2
core   0: 3 0x8000e1b0 (0x00002f17) x30 0x800101b0
core   0: 0x8000e1b4 (0xe43f2823) sw      gp, -432(t5)
core   0: 3 0x8000e1b4 (0xe43f2823) mem 0x80010000 0x00000001
core   0: 0x8000e1b8 (0xff9ff06f) j       pc - 0x8
core   0: 3 0x8000e1b8 (0xff9ff06f)
core   0: 0x8000e1b0 (0x00002f17) auipc   t5, 0x2
core   0: 3 0x8000e1b0 (0x00002f17) x30 0x800101b0
core   0: 0x8000e1b4 (0xe43f2823) sw      gp, -432(t5)
core   0: 3 0x8000e1b4 (0xe43f2823) mem 0x80010000 0x00000001
core   0: 0x8000e1b8 (0xff9ff06f) j       pc - 0x8
core   0: 3 0x8000e1b8 (0xff9ff06f)
core   0: 0x8000e1b0 (0x00002f17) auipc   t5, 0x2
core   0: 3 0x8000e1b0 (0x00002f17) x30 0x800101b0
core   0: 0x8000e1b4 (0xe43f2823) sw      gp, -432(t5)
core   0: 3 0x8000e1b4 (0xe43f2823) mem 0x80010000 0x00000001
core   0: 0x8000e1b8 (0xff9ff06f) j       pc - 0x8
core   0: 3 0x8000e1b8 (0xff9ff06f)
core   0: 0x8000e1b0 (0x00002f17) auipc   t5, 0x2
core   0: 3 0x8000e1b0 (0x00002f17) x30 0x800101b0
core   0: 0x8000e1b4 (0xe43f2823) sw      gp, -432(t5)
core   0: 3 0x8000e1b4 (0xe43f2823) mem 0x80010000 0x00000001
core   0: 0x8000e1b8 (0xff9ff06f) j       pc - 0x8
core   0: 3 0x8000e1b8 (0xff9ff06f)
core   0: 0x8000e1b0 (0x00002f17) auipc   t5, 0x2
core   0: 3 0x8000e1b0 (0x00002f17) x30 0x800101b0
core   0: 0x8000e1b4 (0xe43f2823) sw      gp, -432(t5)
core   0: 3 0x8000e1b4 (0xe43f2823) mem 0x80010000 0x00000001
core   0: 0x8000e1b8 (0xff9ff06f) j       pc - 0x8
core   0: 3 0x8000e1b8 (0xff9ff06f)
core   0: 0x8000e1b0 (0x00002f17) auipc   t5, 0x2
core   0: 3 0x8000e1b0 (0x00002f17) x30 0x800101b0
core   0: 0x8000e1b4 (0xe43f2823) sw      gp, -432(t5)
core   0: 3 0x8000e1b4 (0xe43f2823) mem 0x80010000 0x00000001
core   0: 0x8000e1b8 (0xff9ff06f) j       pc - 0x8
core   0: 3 0x8000e1b8 (0xff9ff06f)
core   0: 0x8000e1b0 (0x00002f17) auipc   t5, 0x2
core   0: 3 0x8000e1b0 (0x00002f17) x30 0x800101b0
core   0: 0x8000e1b4 (0xe43f2823) sw      gp, -432(t5)
core   0: 3 0x8000e1b4 (0xe43f2823) mem 0x80010000 0x00000001
core   0: 0x8000e1b8 (0xff9ff06f) j       pc - 0x8
core   0: 3 0x8000e1b8 (0xff9ff06f)
core   0: 0x8000e1b0 (0x00002f17) auipc   t5, 0x2
core   0: 3 0x8000e1b0 (0x00002f17) x30 0x800101b0
core   0: 0x8000e1b4 (0xe43f2823) sw      gp, -432(t5)
core   0: 3 0x8000e1b4 (0xe43f2823) mem 0x80010000 0x00000001
core   0: 0x8000e1b8 (0xff9ff06f) j       pc - 0x8
core   0: 3 0x8000e1b8 (0xff9ff06f)
core   0: 0x8000e1b0 (0x00002f17) auipc   t5, 0x2
core   0: 3 0x8000e1b0 (0x00002f17) x30 0x800101b0
core   0: 0x8000e1b4 (0xe43f2823) sw      gp, -432(t5)
core   0: 3 0x8000e1b4 (0xe43f2823) mem 0x80010000 0x00000001
core   0: 0x8000e1b8 (0xff9ff06f) j       pc - 0x8
core   0: 3 0x8000e1b8 (0xff9ff06f)
core   0: 0x8000e1b0 (0x00002f17) auipc   t5, 0x2
core   0: 3 0x8000e1b0 (0x00002f17) x30 0x800101b0
core   0: 0x8000e1b4 (0xe43f2823) sw      gp, -432(t5)
core   0: 3 0x8000e1b4 (0xe43f2823) mem 0x80010000 0x00000001
core   0: 0x8000e1b8 (0xff9ff06f) j       pc - 0x8
core   0: 3 0x8000e1b8 (0xff9ff06f)
core   0: 0x8000e1b0 (0x00002f17) auipc   t5, 0x2
core   0: 3 0x8000e1b0 (0x00002f17) x30 0x800101b0
core   0: 0x8000e1b4 (0xe43f2823) sw      gp, -432(t5)
core   0: 3 0x8000e1b4 (0xe43f2823) mem 0x80010000 0x00000001
core   0: 0x8000e1b8 (0xff9ff06f) j       pc - 0x8
core   0: 3 0x8000e1b8 (0xff9ff06f)
core   0: 0x8000e1b0 (0x00002f17) auipc   t5, 0x2
core   0: 3 0x8000e1b0 (0x00002f17) x30 0x800101b0
core   0: 0x8000e1b4 (0xe43f2823) sw      gp, -432(t5)
core   0: 3 0x8000e1b4 (0xe43f2823) mem 0x80010000 0x00000001
core   0: 0x8000e1b8 (0xff9ff06f) j       pc - 0x8
core   0: 3 0x8000e1b8 (0xff9ff06f)
core   0: 0x8000e1b0 (0x00002f17) auipc   t5, 0x2
core   0: 3 0x8000e1b0 (0x00002f17) x30 0x800101b0
core   0: 0x8000e1b4 (0xe43f2823) sw      gp, -432(t5)
core   0: 3 0x8000e1b4 (0xe43f2823) mem 0x80010000 0x00000001
core   0: 0x8000e1b8 (0xff9ff06f) j       pc - 0x8
core   0: 3 0x8000e1b8 (0xff9ff06f)
core   0: 0x8000e1b0 (0x00002f17) auipc   t5, 0x2
core   0: 3 0x8000e1b0 (0x00002f17) x30 0x800101b0
core   0: 0x8000e1b4 (0xe43f2823) sw      gp, -432(t5)
core   0: 3 0x8000e1b4 (0xe43f2823) mem 0x80010000 0x00000001
core   0: 0x8000e1b8 (0xff9ff06f) j       pc - 0x8
core   0: 3 0x8000e1b8 (0xff9ff06f)
core   0: 0x8000e1b0 (0x00002f17) auipc   t5, 0x2
core   0: 3 0x8000e1b0 (0x00002f17) x30 0x800101b0
core   0: 0x8000e1b4 (0xe43f2823) sw      gp, -432(t5)
core   0: 3 0x8000e1b4 (0xe43f2823) mem 0x80010000 0x00000001
core   0: 0x8000e1b8 (0xff9ff06f) j       pc - 0x8
core   0: 3 0x8000e1b8 (0xff9ff06f)
core   0: 0x8000e1b0 (0x00002f17) auipc   t5, 0x2
core   0: 3 0x8000e1b0 (0x00002f17) x30 0x800101b0
core   0: 0x8000e1b4 (0xe43f2823) sw      gp, -432(t5)
core   0: 3 0x8000e1b4 (0xe43f2823) mem 0x80010000 0x00000001
core   0: 0x8000e1b8 (0xff9ff06f) j       pc - 0x8
core   0: 3 0x8000e1b8 (0xff9ff06f)
core   0: 0x8000e1b0 (0x00002f17) auipc   t5, 0x2
core   0: 3 0x8000e1b0 (0x00002f17) x30 0x800101b0
core   0: 0x8000e1b4 (0xe43f2823) sw      gp, -432(t5)
core   0: 3 0x8000e1b4 (0xe43f2823) mem 0x80010000 0x00000001
core   0: 0x8000e1b8 (0xff9ff06f) j       pc - 0x8
core   0: 3 0x8000e1b8 (0xff9ff06f)
core   0: 0x8000e1b0 (0x00002f17) auipc   t5, 0x2
core   0: 3 0x8000e1b0 (0x00002f17) x30 0x800101b0
core   0: 0x8000e1b4 (0xe43f2823) sw      gp, -432(t5)
core   0: 3 0x8000e1b4 (0xe43f2823) mem 0x80010000 0x00000001
core   0: 0x8000e1b8 (0xff9ff06f) j       pc - 0x8
core   0: 3 0x8000e1b8 (0xff9ff06f)
core   0: 0x8000e1b0 (0x00002f17) auipc   t5, 0x2
core   0: 3 0x8000e1b0 (0x00002f17) x30 0x800101b0
core   0: 0x8000e1b4 (0xe43f2823) sw      gp, -432(t5)
core   0: 3 0x8000e1b4 (0xe43f2823) mem 0x80010000 0x00000001
core   0: 0x8000e1b8 (0xff9ff06f) j       pc - 0x8
core   0: 3 0x8000e1b8 (0xff9ff06f)
core   0: 0x8000e1b0 (0x00002f17) auipc   t5, 0x2
core   0: 3 0x8000e1b0 (0x00002f17) x30 0x800101b0
core   0: 0x8000e1b4 (0xe43f2823) sw      gp, -432(t5)
core   0: 3 0x8000e1b4 (0xe43f2823) mem 0x80010000 0x00000001
core   0: 0x8000e1b8 (0xff9ff06f) j       pc - 0x8
core   0: 3 0x8000e1b8 (0xff9ff06f)
core   0: 0x8000e1b0 (0x00002f17) auipc   t5, 0x2
core   0: 3 0x8000e1b0 (0x00002f17) x30 0x800101b0
core   0: 0x8000e1b4 (0xe43f2823) sw      gp, -432(t5)
core   0: 3 0x8000e1b4 (0xe43f2823) mem 0x80010000 0x00000001
core   0: 0x8000e1b8 (0xff9ff06f) j       pc - 0x8
core   0: 3 0x8000e1b8 (0xff9ff06f)
core   0: 0x8000e1b0 (0x00002f17) auipc   t5, 0x2
core   0: 3 0x8000e1b0 (0x00002f17) x30 0x800101b0
core   0: 0x8000e1b4 (0xe43f2823) sw      gp, -432(t5)
core   0: 3 0x8000e1b4 (0xe43f2823) mem 0x80010000 0x00000001
core   0: 0x8000e1b8 (0xff9ff06f) j       pc - 0x8
core   0: 3 0x8000e1b8 (0xff9ff06f)
core   0: 0x8000e1b0 (0x00002f17) auipc   t5, 0x2
core   0: 3 0x8000e1b0 (0x00002f17) x30 0x800101b0
core   0: 0x8000e1b4 (0xe43f2823) sw      gp, -432(t5)
core   0: 3 0x8000e1b4 (0xe43f2823) mem 0x80010000 0x00000001
core   0: 0x8000e1b8 (0xff9ff06f) j       pc - 0x8
core   0: 3 0x8000e1b8 (0xff9ff06f)
core   0: 0x8000e1b0 (0x00002f17) auipc   t5, 0x2
core   0: 3 0x8000e1b0 (0x00002f17) x30 0x800101b0
core   0: 0x8000e1b4 (0xe43f2823) sw      gp, -432(t5)
core   0: 3 0x8000e1b4 (0xe43f2823) mem 0x80010000 0x00000001
core   0: 0x8000e1b8 (0xff9ff06f) j       pc - 0x8
core   0: 3 0x8000e1b8 (0xff9ff06f)
core   0: 0x8000e1b0 (0x00002f17) auipc   t5, 0x2
core   0: 3 0x8000e1b0 (0x00002f17) x30 0x800101b0
core   0: 0x8000e1b4 (0xe43f2823) sw      gp, -432(t5)
core   0: 3 0x8000e1b4 (0xe43f2823) mem 0x80010000 0x00000001
core   0: 0x8000e1b8 (0xff9ff06f) j       pc - 0x8
core   0: 3 0x8000e1b8 (0xff9ff06f)
core   0: 0x8000e1b0 (0x00002f17) auipc   t5, 0x2
core   0: 3 0x8000e1b0 (0x00002f17) x30 0x800101b0
core   0: 0x8000e1b4 (0xe43f2823) sw      gp, -432(t5)
core   0: 3 0x8000e1b4 (0xe43f2823) mem 0x80010000 0x00000001
core   0: 0x8000e1b8 (0xff9ff06f) j       pc - 0x8
core   0: 3 0x8000e1b8 (0xff9ff06f)
core   0: 0x8000e1b0 (0x00002f17) auipc   t5, 0x2
core   0: 3 0x8000e1b0 (0x00002f17) x30 0x800101b0
core   0: 0x8000e1b4 (0xe43f2823) sw      gp, -432(t5)
core   0: 3 0x8000e1b4 (0xe43f2823) mem 0x80010000 0x00000001
core   0: 0x8000e1b8 (0xff9ff06f) j       pc - 0x8
core   0: 3 0x8000e1b8 (0xff9ff06f)
core   0: 0x8000e1b0 (0x00002f17) auipc   t5, 0x2
core   0: 3 0x8000e1b0 (0x00002f17) x30 0x800101b0
core   0: 0x8000e1b4 (0xe43f2823) sw      gp, -432(t5)
core   0: 3 0x8000e1b4 (0xe43f2823) mem 0x80010000 0x00000001
core   0: 0x8000e1b8 (0xff9ff06f) j       pc - 0x8
core   0: 3 0x8000e1b8 (0xff9ff06f)
core   0: 0x8000e1b0 (0x00002f17) auipc   t5, 0x2
core   0: 3 0x8000e1b0 (0x00002f17) x30 0x800101b0
core   0: 0x8000e1b4 (0xe43f2823) sw      gp, -432(t5)
core   0: 3 0x8000e1b4 (0xe43f2823) mem 0x80010000 0x00000001
core   0: 0x8000e1b8 (0xff9ff06f) j       pc - 0x8
core   0: 3 0x8000e1b8 (0xff9ff06f)
core   0: 0x8000e1b0 (0x00002f17) auipc   t5, 0x2
core   0: 3 0x8000e1b0 (0x00002f17) x30 0x800101b0
core   0: 0x8000e1b4 (0xe43f2823) sw      gp, -432(t5)
core   0: 3 0x8000e1b4 (0xe43f2823) mem 0x80010000 0x00000001
core   0: 0x8000e1b8 (0xff9ff06f) j       pc - 0x8
core   0: 3 0x8000e1b8 (0xff9ff06f)
core   0: 0x8000e1b0 (0x00002f17) auipc   t5, 0x2
core   0: 3 0x8000e1b0 (0x00002f17) x30 0x800101b0
core   0: 0x8000e1b4 (0xe43f2823) sw      gp, -432(t5)
core   0: 3 0x8000e1b4 (0xe43f2823) mem 0x80010000 0x00000001
core   0: 0x8000e1b8 (0xff9ff06f) j       pc - 0x8
core   0: 3 0x8000e1b8 (0xff9ff06f)
core   0: 0x8000e1b0 (0x00002f17) auipc   t5, 0x2
core   0: 3 0x8000e1b0 (0x00002f17) x30 0x800101b0
core   0: 0x8000e1b4 (0xe43f2823) sw      gp, -432(t5)
core   0: 3 0x8000e1b4 (0xe43f2823) mem 0x80010000 0x00000001
core   0: 0x8000e1b8 (0xff9ff06f) j       pc - 0x8
core   0: 3 0x8000e1b8 (0xff9ff06f)
core   0: 0x8000e1b0 (0x00002f17) auipc   t5, 0x2
core   0: 3 0x8000e1b0 (0x00002f17) x30 0x800101b0
core   0: 0x8000e1b4 (0xe43f2823) sw      gp, -432(t5)
core   0: 3 0x8000e1b4 (0xe43f2823) mem 0x80010000 0x00000001
core   0: 0x8000e1b8 (0xff9ff06f) j       pc - 0x8
core   0: 3 0x8000e1b8 (0xff9ff06f)
core   0: 0x8000e1b0 (0x00002f17) auipc   t5, 0x2
core   0: 3 0x8000e1b0 (0x00002f17) x30 0x800101b0
core   0: 0x8000e1b4 (0xe43f2823) sw      gp, -432(t5)
core   0: 3 0x8000e1b4 (0xe43f2823) mem 0x80010000 0x00000001
core   0: 0x8000e1b8 (0xff9ff06f) j       pc - 0x8
core   0: 3 0x8000e1b8 (0xff9ff06f)
core   0: 0x8000e1b0 (0x00002f17) auipc   t5, 0x2
core   0: 3 0x8000e1b0 (0x00002f17) x30 0x800101b0
core   0: 0x8000e1b4 (0xe43f2823) sw      gp, -432(t5)
core   0: 3 0x8000e1b4 (0xe43f2823) mem 0x80010000 0x00000001
core   0: 0x8000e1b8 (0xff9ff06f) j       pc - 0x8
core   0: 3 0x8000e1b8 (0xff9ff06f)
core   0: 0x8000e1b0 (0x00002f17) auipc   t5, 0x2
core   0: 3 0x8000e1b0 (0x00002f17) x30 0x800101b0
core   0: 0x8000e1b4 (0xe43f2823) sw      gp, -432(t5)
core   0: 3 0x8000e1b4 (0xe43f2823) mem 0x80010000 0x00000001
core   0: 0x8000e1b8 (0xff9ff06f) j       pc - 0x8
core   0: 3 0x8000e1b8 (0xff9ff06f)
core   0: 0x8000e1b0 (0x00002f17) auipc   t5, 0x2
core   0: 3 0x8000e1b0 (0x00002f17) x30 0x800101b0
core   0: 0x8000e1b4 (0xe43f2823) sw      gp, -432(t5)
core   0: 3 0x8000e1b4 (0xe43f2823) mem 0x80010000 0x00000001
core   0: 0x8000e1b8 (0xff9ff06f) j       pc - 0x8
core   0: 3 0x8000e1b8 (0xff9ff06f)
core   0: 0x8000e1b0 (0x00002f17) auipc   t5, 0x2
core   0: 3 0x8000e1b0 (0x00002f17) x30 0x800101b0
core   0: 0x8000e1b4 (0xe43f2823) sw      gp, -432(t5)
core   0: 3 0x8000e1b4 (0xe43f2823) mem 0x80010000 0x00000001
core   0: 0x8000e1b8 (0xff9ff06f) j       pc - 0x8
core   0: 3 0x8000e1b8 (0xff9ff06f)
core   0: 0x8000e1b0 (0x00002f17) auipc   t5, 0x2
core   0: 3 0x8000e1b0 (0x00002f17) x30 0x800101b0
core   0: 0x8000e1b4 (0xe43f2823) sw      gp, -432(t5)
core   0: 3 0x8000e1b4 (0xe43f2823) mem 0x80010000 0x00000001
core   0: 0x8000e1b8 (0xff9ff06f) j       pc - 0x8
core   0: 3 0x8000e1b8 (0xff9ff06f)
core   0: 0x8000e1b0 (0x00002f17) auipc   t5, 0x2
core   0: 3 0x8000e1b0 (0x00002f17) x30 0x800101b0
core   0: 0x8000e1b4 (0xe43f2823) sw      gp, -432(t5)
core   0: 3 0x8000e1b4 (0xe43f2823) mem 0x80010000 0x00000001
core   0: 0x8000e1b8 (0xff9ff06f) j       pc - 0x8
core   0: 3 0x8000e1b8 (0xff9ff06f)
core   0: 0x8000e1b0 (0x00002f17) auipc   t5, 0x2
core   0: 3 0x8000e1b0 (0x00002f17) x30 0x800101b0
core   0: 0x8000e1b4 (0xe43f2823) sw      gp, -432(t5)
core   0: 3 0x8000e1b4 (0xe43f2823) mem 0x80010000 0x00000001
core   0: 0x8000e1b8 (0xff9ff06f) j       pc - 0x8
core   0: 3 0x8000e1b8 (0xff9ff06f)
core   0: 0x8000e1b0 (0x00002f17) auipc   t5, 0x2
core   0: 3 0x8000e1b0 (0x00002f17) x30 0x800101b0
core   0: 0x8000e1b4 (0xe43f2823) sw      gp, -432(t5)
core   0: 3 0x8000e1b4 (0xe43f2823) mem 0x80010000 0x00000001
core   0: 0x8000e1b8 (0xff9ff06f) j       pc - 0x8
core   0: 3 0x8000e1b8 (0xff9ff06f)
core   0: 0x8000e1b0 (0x00002f17) auipc   t5, 0x2
core   0: 3 0x8000e1b0 (0x00002f17) x30 0x800101b0
core   0: 0x8000e1b4 (0xe43f2823) sw      gp, -432(t5)
core   0: 3 0x8000e1b4 (0xe43f2823) mem 0x80010000 0x00000001
core   0: 0x8000e1b8 (0xff9ff06f) j       pc - 0x8
core   0: 3 0x8000e1b8 (0xff9ff06f)
core   0: 0x8000e1b0 (0x00002f17) auipc   t5, 0x2
core   0: 3 0x8000e1b0 (0x00002f17) x30 0x800101b0
core   0: 0x8000e1b4 (0xe43f2823) sw      gp, -432(t5)
core   0: 3 0x8000e1b4 (0xe43f2823) mem 0x80010000 0x00000001
core   0: 0x8000e1b8 (0xff9ff06f) j       pc - 0x8
core   0: 3 0x8000e1b8 (0xff9ff06f)
core   0: 0x8000e1b0 (0x00002f17) auipc   t5, 0x2
core   0: 3 0x8000e1b0 (0x00002f17) x30 0x800101b0
core   0: 0x8000e1b4 (0xe43f2823) sw      gp, -432(t5)
core   0: 3 0x8000e1b4 (0xe43f2823) mem 0x80010000 0x00000001
core   0: 0x8000e1b8 (0xff9ff06f) j       pc - 0x8
core   0: 3 0x8000e1b8 (0xff9ff06f)
core   0: 0x8000e1b0 (0x00002f17) auipc   t5, 0x2
core   0: 3 0x8000e1b0 (0x00002f17) x30 0x800101b0
core   0: 0x8000e1b4 (0xe43f2823) sw      gp, -432(t5)
core   0: 3 0x8000e1b4 (0xe43f2823) mem 0x80010000 0x00000001
core   0: 0x8000e1b8 (0xff9ff06f) j       pc - 0x8
core   0: 3 0x8000e1b8 (0xff9ff06f)
core   0: 0x8000e1b0 (0x00002f17) auipc   t5, 0x2
core   0: 3 0x8000e1b0 (0x00002f17) x30 0x800101b0
core   0: 0x8000e1b4 (0xe43f2823) sw      gp, -432(t5)
core   0: 3 0x8000e1b4 (0xe43f2823) mem 0x80010000 0x00000001
core   0: 0x8000e1b8 (0xff9ff06f) j       pc - 0x8
core   0: 3 0x8000e1b8 (0xff9ff06f)
core   0: 0x8000e1b0 (0x00002f17) auipc   t5, 0x2
core   0: 3 0x8000e1b0 (0x00002f17) x30 0x800101b0
core   0: 0x8000e1b4 (0xe43f2823) sw      gp, -432(t5)
core   0: 3 0x8000e1b4 (0xe43f2823) mem 0x80010000 0x00000001
core   0: 0x8000e1b8 (0xff9ff06f) j       pc - 0x8
core   0: 3 0x8000e1b8 (0xff9ff06f)
core   0: 0x8000e1b0 (0x00002f17) auipc   t5, 0x2
core   0: 3 0x8000e1b0 (0x00002f17) x30 0x800101b0
core   0: 0x8000e1b4 (0xe43f2823) sw      gp, -432(t5)
core   0: 3 0x8000e1b4 (0xe43f2823) mem 0x80010000 0x00000001
core   0: 0x8000e1b8 (0xff9ff06f) j       pc - 0x8
core   0: 3 0x8000e1b8 (0xff9ff06f)
core   0: 0x8000e1b0 (0x00002f17) auipc   t5, 0x2
core   0: 3 0x8000e1b0 (0x00002f17) x30 0x800101b0
core   0: 0x8000e1b4 (0xe43f2823) sw      gp, -432(t5)
core   0: 3 0x8000e1b4 (0xe43f2823) mem 0x80010000 0x00000001
core   0: 0x8000e1b8 (0xff9ff06f) j       pc - 0x8
core   0: 3 0x8000e1b8 (0xff9ff06f)
core   0: 0x8000e1b0 (0x00002f17) auipc   t5, 0x2
core   0: 3 0x8000e1b0 (0x00002f17) x30 0x800101b0
core   0: 0x8000e1b4 (0xe43f2823) sw      gp, -432(t5)
core   0: 3 0x8000e1b4 (0xe43f2823) mem 0x80010000 0x00000001
core   0: 0x8000e1b8 (0xff9ff06f) j       pc - 0x8
core   0: 3 0x8000e1b8 (0xff9ff06f)
core   0: 0x8000e1b0 (0x00002f17) auipc   t5, 0x2
core   0: 3 0x8000e1b0 (0x00002f17) x30 0x800101b0
core   0: 0x8000e1b4 (0xe43f2823) sw      gp, -432(t5)
core   0: 3 0x8000e1b4 (0xe43f2823) mem 0x80010000 0x00000001
core   0: 0x8000e1b8 (0xff9ff06f) j       pc - 0x8
core   0: 3 0x8000e1b8 (0xff9ff06f)
core   0: 0x8000e1b0 (0x00002f17) auipc   t5, 0x2
core   0: 3 0x8000e1b0 (0x00002f17) x30 0x800101b0
core   0: 0x8000e1b4 (0xe43f2823) sw      gp, -432(t5)
core   0: 3 0x8000e1b4 (0xe43f2823) mem 0x80010000 0x00000001
core   0: 0x8000e1b8 (0xff9ff06f) j       pc - 0x8
core   0: 3 0x8000e1b8 (0xff9ff06f)
core   0: 0x8000e1b0 (0x00002f17) auipc   t5, 0x2
core   0: 3 0x8000e1b0 (0x00002f17) x30 0x800101b0
core   0: 0x8000e1b4 (0xe43f2823) sw      gp, -432(t5)
core   0: 3 0x8000e1b4 (0xe43f2823) mem 0x80010000 0x00000001
core   0: 0x8000e1b8 (0xff9ff06f) j       pc - 0x8
core   0: 3 0x8000e1b8 (0xff9ff06f)
core   0: 0x8000e1b0 (0x00002f17) auipc   t5, 0x2
core   0: 3 0x8000e1b0 (0x00002f17) x30 0x800101b0
core   0: 0x8000e1b4 (0xe43f2823) sw      gp, -432(t5)
core   0: 3 0x8000e1b4 (0xe43f2823) mem 0x80010000 0x00000001
core   0: 0x8000e1b8 (0xff9ff06f) j       pc - 0x8
core   0: 3 0x8000e1b8 (0xff9ff06f)
core   0: 0x8000e1b0 (0x00002f17) auipc   t5, 0x2
core   0: 3 0x8000e1b0 (0x00002f17) x30 0x800101b0
core   0: 0x8000e1b4 (0xe43f2823) sw      gp, -432(t5)
core   0: 3 0x8000e1b4 (0xe43f2823) mem 0x80010000 0x00000001
core   0: 0x8000e1b8 (0xff9ff06f) j       pc - 0x8
core   0: 3 0x8000e1b8 (0xff9ff06f)
core   0: 0x8000e1b0 (0x00002f17) auipc   t5, 0x2
core   0: 3 0x8000e1b0 (0x00002f17) x30 0x800101b0
core   0: 0x8000e1b4 (0xe43f2823) sw      gp, -432(t5)
core   0: 3 0x8000e1b4 (0xe43f2823) mem 0x80010000 0x00000001
core   0: 0x8000e1b8 (0xff9ff06f) j       pc - 0x8
core   0: 3 0x8000e1b8 (0xff9ff06f)
core   0: 0x8000e1b0 (0x00002f17) auipc   t5, 0x2
core   0: 3 0x8000e1b0 (0x00002f17) x30 0x800101b0
core   0: 0x8000e1b4 (0xe43f2823) sw      gp, -432(t5)
core   0: 3 0x8000e1b4 (0xe43f2823) mem 0x80010000 0x00000001
core   0: 0x8000e1b8 (0xff9ff06f) j       pc - 0x8
core   0: 3 0x8000e1b8 (0xff9ff06f)
core   0: 0x8000e1b0 (0x00002f17) auipc   t5, 0x2
core   0: 3 0x8000e1b0 (0x00002f17) x30 0x800101b0
core   0: 0x8000e1b4 (0xe43f2823) sw      gp, -432(t5)
core   0: 3 0x8000e1b4 (0xe43f2823) mem 0x80010000 0x00000001
core   0: 0x8000e1b8 (0xff9ff06f) j       pc - 0x8
core   0: 3 0x8000e1b8 (0xff9ff06f)
core   0: 0x8000e1b0 (0x00002f17) auipc   t5, 0x2
core   0: 3 0x8000e1b0 (0x00002f17) x30 0x800101b0
core   0: 0x8000e1b4 (0xe43f2823) sw      gp, -432(t5)
core   0: 3 0x8000e1b4 (0xe43f2823) mem 0x80010000 0x00000001
core   0: 0x8000e1b8 (0xff9ff06f) j       pc - 0x8
core   0: 3 0x8000e1b8 (0xff9ff06f)
core   0: 0x8000e1b0 (0x00002f17) auipc   t5, 0x2
core   0: 3 0x8000e1b0 (0x00002f17) x30 0x800101b0
core   0: 0x8000e1b4 (0xe43f2823) sw      gp, -432(t5)
core   0: 3 0x8000e1b4 (0xe43f2823) mem 0x80010000 0x00000001
core   0: 0x8000e1b8 (0xff9ff06f) j       pc - 0x8
core   0: 3 0x8000e1b8 (0xff9ff06f)
core   0: 0x8000e1b0 (0x00002f17) auipc   t5, 0x2
core   0: 3 0x8000e1b0 (0x00002f17) x30 0x800101b0
core   0: 0x8000e1b4 (0xe43f2823) sw      gp, -432(t5)
core   0: 3 0x8000e1b4 (0xe43f2823) mem 0x80010000 0x00000001
core   0: 0x8000e1b8 (0xff9ff06f) j       pc - 0x8
core   0: 3 0x8000e1b8 (0xff9ff06f)
core   0: 0x8000e1b0 (0x00002f17) auipc   t5, 0x2
core   0: 3 0x8000e1b0 (0x00002f17) x30 0x800101b0
core   0: 0x8000e1b4 (0xe43f2823) sw      gp, -432(t5)
core   0: 3 0x8000e1b4 (0xe43f2823) mem 0x80010000 0x00000001
core   0: 0x8000e1b8 (0xff9ff06f) j       pc - 0x8
core   0: 3 0x8000e1b8 (0xff9ff06f)
core   0: 0x8000e1b0 (0x00002f17) auipc   t5, 0x2
core   0: 3 0x8000e1b0 (0x00002f17) x30 0x800101b0
core   0: 0x8000e1b4 (0xe43f2823) sw      gp, -432(t5)
core   0: 3 0x8000e1b4 (0xe43f2823) mem 0x80010000 0x00000001
core   0: 0x8000e1b8 (0xff9ff06f) j       pc - 0x8
core   0: 3 0x8000e1b8 (0xff9ff06f)
core   0: 0x8000e1b0 (0x00002f17) auipc   t5, 0x2
core   0: 3 0x8000e1b0 (0x00002f17) x30 0x800101b0
core   0: 0x8000e1b4 (0xe43f2823) sw      gp, -432(t5)
core   0: 3 0x8000e1b4 (0xe43f2823) mem 0x80010000 0x00000001
core   0: 0x8000e1b8 (0xff9ff06f) j       pc - 0x8
core   0: 3 0x8000e1b8 (0xff9ff06f)
core   0: 0x8000e1b0 (0x00002f17) auipc   t5, 0x2
core   0: 3 0x8000e1b0 (0x00002f17) x30 0x800101b0
core   0: 0x8000e1b4 (0xe43f2823) sw      gp, -432(t5)
core   0: 3 0x8000e1b4 (0xe43f2823) mem 0x80010000 0x00000001
core   0: 0x8000e1b8 (0xff9ff06f) j       pc - 0x8
core   0: 3 0x8000e1b8 (0xff9ff06f)
core   0: 0x8000e1b0 (0x00002f17) auipc   t5, 0x2
core   0: 3 0x8000e1b0 (0x00002f17) x30 0x800101b0
core   0: 0x8000e1b4 (0xe43f2823) sw      gp, -432(t5)
core   0: 3 0x8000e1b4 (0xe43f2823) mem 0x80010000 0x00000001
core   0: 0x8000e1b8 (0xff9ff06f) j       pc - 0x8
core   0: 3 0x8000e1b8 (0xff9ff06f)
core   0: 0x8000e1b0 (0x00002f17) auipc   t5, 0x2
core   0: 3 0x8000e1b0 (0x00002f17) x30 0x800101b0
core   0: 0x8000e1b4 (0xe43f2823) sw      gp, -432(t5)
core   0: 3 0x8000e1b4 (0xe43f2823) mem 0x80010000 0x00000001
core   0: 0x8000e1b8 (0xff9ff06f) j       pc - 0x8
core   0: 3 0x8000e1b8 (0xff9ff06f)
core   0: 0x8000e1b0 (0x00002f17) auipc   t5, 0x2
core   0: 3 0x8000e1b0 (0x00002f17) x30 0x800101b0
core   0: 0x8000e1b4 (0xe43f2823) sw      gp, -432(t5)
core   0: 3 0x8000e1b4 (0xe43f2823) mem 0x80010000 0x00000001
core   0: 0x8000e1b8 (0xff9ff06f) j       pc - 0x8
core   0: 3 0x8000e1b8 (0xff9ff06f)
core   0: 0x8000e1b0 (0x00002f17) auipc   t5, 0x2
core   0: 3 0x8000e1b0 (0x00002f17) x30 0x800101b0
core   0: 0x8000e1b4 (0xe43f2823) sw      gp, -432(t5)
core   0: 3 0x8000e1b4 (0xe43f2823) mem 0x80010000 0x00000001
core   0: 0x8000e1b8 (0xff9ff06f) j       pc - 0x8
core   0: 3 0x8000e1b8 (0xff9ff06f)
core   0: 0x8000e1b0 (0x00002f17) auipc   t5, 0x2
core   0: 3 0x8000e1b0 (0x00002f17) x30 0x800101b0
core   0: 0x8000e1b4 (0xe43f2823) sw      gp, -432(t5)
core   0: 3 0x8000e1b4 (0xe43f2823) mem 0x80010000 0x00000001
core   0: 0x8000e1b8 (0xff9ff06f) j       pc - 0x8
core   0: 3 0x8000e1b8 (0xff9ff06f)
core   0: 0x8000e1b0 (0x00002f17) auipc   t5, 0x2
core   0: 3 0x8000e1b0 (0x00002f17) x30 0x800101b0
core   0: 0x8000e1b4 (0xe43f2823) sw      gp, -432(t5)
core   0: 3 0x8000e1b4 (0xe43f2823) mem 0x80010000 0x00000001
core   0: 0x8000e1b8 (0xff9ff06f) j       pc - 0x8
core   0: 3 0x8000e1b8 (0xff9ff06f)
core   0: 0x8000e1b0 (0x00002f17) auipc   t5, 0x2
core   0: 3 0x8000e1b0 (0x00002f17) x30 0x800101b0
core   0: 0x8000e1b4 (0xe43f2823) sw      gp, -432(t5)
core   0: 3 0x8000e1b4 (0xe43f2823) mem 0x80010000 0x00000001
core   0: 0x8000e1b8 (0xff9ff06f) j       pc - 0x8
core   0: 3 0x8000e1b8 (0xff9ff06f)
core   0: 0x8000e1b0 (0x00002f17) auipc   t5, 0x2
core   0: 3 0x8000e1b0 (0x00002f17) x30 0x800101b0
core   0: 0x8000e1b4 (0xe43f2823) sw      gp, -432(t5)
core   0: 3 0x8000e1b4 (0xe43f2823) mem 0x80010000 0x00000001
core   0: 0x8000e1b8 (0xff9ff06f) j       pc - 0x8
core   0: 3 0x8000e1b8 (0xff9ff06f)
core   0: 0x8000e1b0 (0x00002f17) auipc   t5, 0x2
core   0: 3 0x8000e1b0 (0x00002f17) x30 0x800101b0
core   0: 0x8000e1b4 (0xe43f2823) sw      gp, -432(t5)
core   0: 3 0x8000e1b4 (0xe43f2823) mem 0x80010000 0x00000001
core   0: 0x8000e1b8 (0xff9ff06f) j       pc - 0x8
core   0: 3 0x8000e1b8 (0xff9ff06f)
core   0: 0x8000e1b0 (0x00002f17) auipc   t5, 0x2
core   0: 3 0x8000e1b0 (0x00002f17) x30 0x800101b0
core   0: 0x8000e1b4 (0xe43f2823) sw      gp, -432(t5)
core   0: 3 0x8000e1b4 (0xe43f2823) mem 0x80010000 0x00000001
core   0: 0x8000e1b8 (0xff9ff06f) j       pc - 0x8
core   0: 3 0x8000e1b8 (0xff9ff06f)
core   0: 0x8000e1b0 (0x00002f17) auipc   t5, 0x2
core   0: 3 0x8000e1b0 (0x00002f17) x30 0x800101b0
core   0: 0x8000e1b4 (0xe43f2823) sw      gp, -432(t5)
core   0: 3 0x8000e1b4 (0xe43f2823) mem 0x80010000 0x00000001
core   0: 0x8000e1b8 (0xff9ff06f) j       pc - 0x8
core   0: 3 0x8000e1b8 (0xff9ff06f)
core   0: 0x8000e1b0 (0x00002f17) auipc   t5, 0x2
core   0: 3 0x8000e1b0 (0x00002f17) x30 0x800101b0
core   0: 0x8000e1b4 (0xe43f2823) sw      gp, -432(t5)
core   0: 3 0x8000e1b4 (0xe43f2823) mem 0x80010000 0x00000001
core   0: 0x8000e1b8 (0xff9ff06f) j       pc - 0x8
core   0: 3 0x8000e1b8 (0xff9ff06f)
core   0: 0x8000e1b0 (0x00002f17) auipc   t5, 0x2
core   0: 3 0x8000e1b0 (0x00002f17) x30 0x800101b0
core   0: 0x8000e1b4 (0xe43f2823) sw      gp, -432(t5)
core   0: 3 0x8000e1b4 (0xe43f2823) mem 0x80010000 0x00000001
core   0: 0x8000e1b8 (0xff9ff06f) j       pc - 0x8
core   0: 3 0x8000e1b8 (0xff9ff06f)
core   0: 0x8000e1b0 (0x00002f17) auipc   t5, 0x2
core   0: 3 0x8000e1b0 (0x00002f17) x30 0x800101b0
core   0: 0x8000e1b4 (0xe43f2823) sw      gp, -432(t5)
core   0: 3 0x8000e1b4 (0xe43f2823) mem 0x80010000 0x00000001
core   0: 0x8000e1b8 (0xff9ff06f) j       pc - 0x8
core   0: 3 0x8000e1b8 (0xff9ff06f)
core   0: 0x8000e1b0 (0x00002f17) auipc   t5, 0x2
core   0: 3 0x8000e1b0 (0x00002f17) x30 0x800101b0
core   0: 0x8000e1b4 (0xe43f2823) sw      gp, -432(t5)
core   0: 3 0x8000e1b4 (0xe43f2823) mem 0x80010000 0x00000001
core   0: 0x8000e1b8 (0xff9ff06f) j       pc - 0x8
core   0: 3 0x8000e1b8 (0xff9ff06f)
core   0: 0x8000e1b0 (0x00002f17) auipc   t5, 0x2
core   0: 3 0x8000e1b0 (0x00002f17) x30 0x800101b0
core   0: 0x8000e1b4 (0xe43f2823) sw      gp, -432(t5)
core   0: 3 0x8000e1b4 (0xe43f2823) mem 0x80010000 0x00000001
core   0: 0x8000e1b8 (0xff9ff06f) j       pc - 0x8
core   0: 3 0x8000e1b8 (0xff9ff06f)
core   0: 0x8000e1b0 (0x00002f17) auipc   t5, 0x2
core   0: 3 0x8000e1b0 (0x00002f17) x30 0x800101b0
core   0: 0x8000e1b4 (0xe43f2823) sw      gp, -432(t5)
core   0: 3 0x8000e1b4 (0xe43f2823) mem 0x80010000 0x00000001
core   0: 0x8000e1b8 (0xff9ff06f) j       pc - 0x8
core   0: 3 0x8000e1b8 (0xff9ff06f)
core   0: 0x8000e1b0 (0x00002f17) auipc   t5, 0x2
core   0: 3 0x8000e1b0 (0x00002f17) x30 0x800101b0
core   0: 0x8000e1b4 (0xe43f2823) sw      gp, -432(t5)
core   0: 3 0x8000e1b4 (0xe43f2823) mem 0x80010000 0x00000001
core   0: 0x8000e1b8 (0xff9ff06f) j       pc - 0x8
core   0: 3 0x8000e1b8 (0xff9ff06f)
core   0: 0x8000e1b0 (0x00002f17) auipc   t5, 0x2
core   0: 3 0x8000e1b0 (0x00002f17) x30 0x800101b0
core   0: 0x8000e1b4 (0xe43f2823) sw      gp, -432(t5)
core   0: 3 0x8000e1b4 (0xe43f2823) mem 0x80010000 0x00000001
core   0: 0x8000e1b8 (0xff9ff06f) j       pc - 0x8
core   0: 3 0x8000e1b8 (0xff9ff06f)
core   0: 0x8000e1b0 (0x00002f17) auipc   t5, 0x2
core   0: 3 0x8000e1b0 (0x00002f17) x30 0x800101b0
core   0: 0x8000e1b4 (0xe43f2823) sw      gp, -432(t5)
core   0: 3 0x8000e1b4 (0xe43f2823) mem 0x80010000 0x00000001
core   0: 0x8000e1b8 (0xff9ff06f) j       pc - 0x8
core   0: 3 0x8000e1b8 (0xff9ff06f)
core   0: 0x8000e1b0 (0x00002f17) auipc   t5, 0x2
core   0: 3 0x8000e1b0 (0x00002f17) x30 0x800101b0
core   0: 0x8000e1b4 (0xe43f2823) sw      gp, -432(t5)
core   0: 3 0x8000e1b4 (0xe43f2823) mem 0x80010000 0x00000001
core   0: 0x8000e1b8 (0xff9ff06f) j       pc - 0x8
core   0: 3 0x8000e1b8 (0xff9ff06f)
core   0: 0x8000e1b0 (0x00002f17) auipc   t5, 0x2
core   0: 3 0x8000e1b0 (0x00002f17) x30 0x800101b0
core   0: 0x8000e1b4 (0xe43f2823) sw      gp, -432(t5)
core   0: 3 0x8000e1b4 (0xe43f2823) mem 0x80010000 0x00000001
core   0: 0x8000e1b8 (0xff9ff06f) j       pc - 0x8
core   0: 3 0x8000e1b8 (0xff9ff06f)
core   0: 0x8000e1b0 (0x00002f17) auipc   t5, 0x2
core   0: 3 0x8000e1b0 (0x00002f17) x30 0x800101b0
core   0: 0x8000e1b4 (0xe43f2823) sw      gp, -432(t5)
core   0: 3 0x8000e1b4 (0xe43f2823) mem 0x80010000 0x00000001
core   0: 0x8000e1b8 (0xff9ff06f) j       pc - 0x8
core   0: 3 0x8000e1b8 (0xff9ff06f)
core   0: 0x8000e1b0 (0x00002f17) auipc   t5, 0x2
core   0: 3 0x8000e1b0 (0x00002f17) x30 0x800101b0
core   0: 0x8000e1b4 (0xe43f2823) sw      gp, -432(t5)
core   0: 3 0x8000e1b4 (0xe43f2823) mem 0x80010000 0x00000001
core   0: 0x8000e1b8 (0xff9ff06f) j       pc - 0x8
core   0: 3 0x8000e1b8 (0xff9ff06f)
core   0: 0x8000e1b0 (0x00002f17) auipc   t5, 0x2
core   0: 3 0x8000e1b0 (0x00002f17) x30 0x800101b0
core   0: 0x8000e1b4 (0xe43f2823) sw      gp, -432(t5)
core   0: 3 0x8000e1b4 (0xe43f2823) mem 0x80010000 0x00000001
core   0: 0x8000e1b8 (0xff9ff06f) j       pc - 0x8
core   0: 3 0x8000e1b8 (0xff9ff06f)
core   0: 0x8000e1b0 (0x00002f17) auipc   t5, 0x2
core   0: 3 0x8000e1b0 (0x00002f17) x30 0x800101b0
core   0: 0x8000e1b4 (0xe43f2823) sw      gp, -432(t5)
core   0: 3 0x8000e1b4 (0xe43f2823) mem 0x80010000 0x00000001
core   0: 0x8000e1b8 (0xff9ff06f) j       pc - 0x8
core   0: 3 0x8000e1b8 (0xff9ff06f)
core   0: 0x8000e1b0 (0x00002f17) auipc   t5, 0x2
core   0: 3 0x8000e1b0 (0x00002f17) x30 0x800101b0
core   0: 0x8000e1b4 (0xe43f2823) sw      gp, -432(t5)
core   0: 3 0x8000e1b4 (0xe43f2823) mem 0x80010000 0x00000001
core   0: 0x8000e1b8 (0xff9ff06f) j       pc - 0x8
core   0: 3 0x8000e1b8 (0xff9ff06f)
core   0: 0x8000e1b0 (0x00002f17) auipc   t5, 0x2
core   0: 3 0x8000e1b0 (0x00002f17) x30 0x800101b0
core   0: 0x8000e1b4 (0xe43f2823) sw      gp, -432(t5)
core   0: 3 0x8000e1b4 (0xe43f2823) mem 0x80010000 0x00000001
core   0: 0x8000e1b8 (0xff9ff06f) j       pc - 0x8
core   0: 3 0x8000e1b8 (0xff9ff06f)
core   0: 0x8000e1b0 (0x00002f17) auipc   t5, 0x2
core   0: 3 0x8000e1b0 (0x00002f17) x30 0x800101b0
core   0: 0x8000e1b4 (0xe43f2823) sw      gp, -432(t5)
core   0: 3 0x8000e1b4 (0xe43f2823) mem 0x80010000 0x00000001
core   0: 0x8000e1b8 (0xff9ff06f) j       pc - 0x8
core   0: 3 0x8000e1b8 (0xff9ff06f)
core   0: 0x8000e1b0 (0x00002f17) auipc   t5, 0x2
core   0: 3 0x8000e1b0 (0x00002f17) x30 0x800101b0
core   0: 0x8000e1b4 (0xe43f2823) sw      gp, -432(t5)
core   0: 3 0x8000e1b4 (0xe43f2823) mem 0x80010000 0x00000001
core   0: 0x8000e1b8 (0xff9ff06f) j       pc - 0x8
core   0: 3 0x8000e1b8 (0xff9ff06f)
core   0: 0x8000e1b0 (0x00002f17) auipc   t5, 0x2
core   0: 3 0x8000e1b0 (0x00002f17) x30 0x800101b0
core   0: 0x8000e1b4 (0xe43f2823) sw      gp, -432(t5)
core   0: 3 0x8000e1b4 (0xe43f2823) mem 0x80010000 0x00000001
core   0: 0x8000e1b8 (0xff9ff06f) j       pc - 0x8
core   0: 3 0x8000e1b8 (0xff9ff06f)
core   0: 0x8000e1b0 (0x00002f17) auipc   t5, 0x2
core   0: 3 0x8000e1b0 (0x00002f17) x30 0x800101b0
core   0: 0x8000e1b4 (0xe43f2823) sw      gp, -432(t5)
core   0: 3 0x8000e1b4 (0xe43f2823) mem 0x80010000 0x00000001
core   0: 0x8000e1b8 (0xff9ff06f) j       pc - 0x8
core   0: 3 0x8000e1b8 (0xff9ff06f)
core   0: 0x8000e1b0 (0x00002f17) auipc   t5, 0x2
core   0: 3 0x8000e1b0 (0x00002f17) x30 0x800101b0
core   0: 0x8000e1b4 (0xe43f2823) sw      gp, -432(t5)
core   0: 3 0x8000e1b4 (0xe43f2823) mem 0x80010000 0x00000001
core   0: 0x8000e1b8 (0xff9ff06f) j       pc - 0x8
core   0: 3 0x8000e1b8 (0xff9ff06f)
core   0: 0x8000e1b0 (0x00002f17) auipc   t5, 0x2
core   0: 3 0x8000e1b0 (0x00002f17) x30 0x800101b0
core   0: 0x8000e1b4 (0xe43f2823) sw      gp, -432(t5)
core   0: 3 0x8000e1b4 (0xe43f2823) mem 0x80010000 0x00000001
core   0: 0x8000e1b8 (0xff9ff06f) j       pc - 0x8
core   0: 3 0x8000e1b8 (0xff9ff06f)
core   0: 0x8000e1b0 (0x00002f17) auipc   t5, 0x2
core   0: 3 0x8000e1b0 (0x00002f17) x30 0x800101b0
core   0: 0x8000e1b4 (0xe43f2823) sw      gp, -432(t5)
core   0: 3 0x8000e1b4 (0xe43f2823) mem 0x80010000 0x00000001
core   0: 0x8000e1b8 (0xff9ff06f) j       pc - 0x8
core   0: 3 0x8000e1b8 (0xff9ff06f)
core   0: 0x8000e1b0 (0x00002f17) auipc   t5, 0x2
core   0: 3 0x8000e1b0 (0x00002f17) x30 0x800101b0
core   0: 0x8000e1b4 (0xe43f2823) sw      gp, -432(t5)
core   0: 3 0x8000e1b4 (0xe43f2823) mem 0x80010000 0x00000001
core   0: 0x8000e1b8 (0xff9ff06f) j       pc - 0x8
core   0: 3 0x8000e1b8 (0xff9ff06f)
core   0: 0x8000e1b0 (0x00002f17) auipc   t5, 0x2
core   0: 3 0x8000e1b0 (0x00002f17) x30 0x800101b0
core   0: 0x8000e1b4 (0xe43f2823) sw      gp, -432(t5)
core   0: 3 0x8000e1b4 (0xe43f2823) mem 0x80010000 0x00000001
core   0: 0x8000e1b8 (0xff9ff06f) j       pc - 0x8
core   0: 3 0x8000e1b8 (0xff9ff06f)
core   0: 0x8000e1b0 (0x00002f17) auipc   t5, 0x2
core   0: 3 0x8000e1b0 (0x00002f17) x30 0x800101b0
core   0: 0x8000e1b4 (0xe43f2823) sw      gp, -432(t5)
core   0: 3 0x8000e1b4 (0xe43f2823) mem 0x80010000 0x00000001
core   0: 0x8000e1b8 (0xff9ff06f) j       pc - 0x8
core   0: 3 0x8000e1b8 (0xff9ff06f)
core   0: 0x8000e1b0 (0x00002f17) auipc   t5, 0x2
core   0: 3 0x8000e1b0 (0x00002f17) x30 0x800101b0
core   0: 0x8000e1b4 (0xe43f2823) sw      gp, -432(t5)
core   0: 3 0x8000e1b4 (0xe43f2823) mem 0x80010000 0x00000001
core   0: 0x8000e1b8 (0xff9ff06f) j       pc - 0x8
core   0: 3 0x8000e1b8 (0xff9ff06f)
core   0: 0x8000e1b0 (0x00002f17) auipc   t5, 0x2
core   0: 3 0x8000e1b0 (0x00002f17) x30 0x800101b0
core   0: 0x8000e1b4 (0xe43f2823) sw      gp, -432(t5)
core   0: 3 0x8000e1b4 (0xe43f2823) mem 0x80010000 0x00000001
core   0: 0x8000e1b8 (0xff9ff06f) j       pc - 0x8
core   0: 3 0x8000e1b8 (0xff9ff06f)
core   0: 0x8000e1b0 (0x00002f17) auipc   t5, 0x2
core   0: 3 0x8000e1b0 (0x00002f17) x30 0x800101b0
core   0: 0x8000e1b4 (0xe43f2823) sw      gp, -432(t5)
core   0: 3 0x8000e1b4 (0xe43f2823) mem 0x80010000 0x00000001
core   0: 0x8000e1b8 (0xff9ff06f) j       pc - 0x8
core   0: 3 0x8000e1b8 (0xff9ff06f)
core   0: 0x8000e1b0 (0x00002f17) auipc   t5, 0x2
core   0: 3 0x8000e1b0 (0x00002f17) x30 0x800101b0
core   0: 0x8000e1b4 (0xe43f2823) sw      gp, -432(t5)
core   0: 3 0x8000e1b4 (0xe43f2823) mem 0x80010000 0x00000001
core   0: 0x8000e1b8 (0xff9ff06f) j       pc - 0x8
core   0: 3 0x8000e1b8 (0xff9ff06f)
core   0: 0x8000e1b0 (0x00002f17) auipc   t5, 0x2
core   0: 3 0x8000e1b0 (0x00002f17) x30 0x800101b0
core   0: 0x8000e1b4 (0xe43f2823) sw      gp, -432(t5)
core   0: 3 0x8000e1b4 (0xe43f2823) mem 0x80010000 0x00000001
core   0: 0x8000e1b8 (0xff9ff06f) j       pc - 0x8
core   0: 3 0x8000e1b8 (0xff9ff06f)
core   0: 0x8000e1b0 (0x00002f17) auipc   t5, 0x2
core   0: 3 0x8000e1b0 (0x00002f17) x30 0x800101b0
core   0: 0x8000e1b4 (0xe43f2823) sw      gp, -432(t5)
core   0: 3 0x8000e1b4 (0xe43f2823) mem 0x80010000 0x00000001
core   0: 0x8000e1b8 (0xff9ff06f) j       pc - 0x8
core   0: 3 0x8000e1b8 (0xff9ff06f)
core   0: 0x8000e1b0 (0x00002f17) auipc   t5, 0x2
core   0: 3 0x8000e1b0 (0x00002f17) x30 0x800101b0
core   0: 0x8000e1b4 (0xe43f2823) sw      gp, -432(t5)
core   0: 3 0x8000e1b4 (0xe43f2823) mem 0x80010000 0x00000001
core   0: 0x8000e1b8 (0xff9ff06f) j       pc - 0x8
core   0: 3 0x8000e1b8 (0xff9ff06f)
core   0: 0x8000e1b0 (0x00002f17) auipc   t5, 0x2
core   0: 3 0x8000e1b0 (0x00002f17) x30 0x800101b0
core   0: 0x8000e1b4 (0xe43f2823) sw      gp, -432(t5)
core   0: 3 0x8000e1b4 (0xe43f2823) mem 0x80010000 0x00000001
core   0: 0x8000e1b8 (0xff9ff06f) j       pc - 0x8
core   0: 3 0x8000e1b8 (0xff9ff06f)
core   0: 0x8000e1b0 (0x00002f17) auipc   t5, 0x2
core   0: 3 0x8000e1b0 (0x00002f17) x30 0x800101b0
core   0: 0x8000e1b4 (0xe43f2823) sw      gp, -432(t5)
core   0: 3 0x8000e1b4 (0xe43f2823) mem 0x80010000 0x00000001
core   0: 0x8000e1b8 (0xff9ff06f) j       pc - 0x8
core   0: 3 0x8000e1b8 (0xff9ff06f)
core   0: 0x8000e1b0 (0x00002f17) auipc   t5, 0x2
core   0: 3 0x8000e1b0 (0x00002f17) x30 0x800101b0
core   0: 0x8000e1b4 (0xe43f2823) sw      gp, -432(t5)
core   0: 3 0x8000e1b4 (0xe43f2823) mem 0x80010000 0x00000001
core   0: 0x8000e1b8 (0xff9ff06f) j       pc - 0x8
core   0: 3 0x8000e1b8 (0xff9ff06f)
core   0: 0x8000e1b0 (0x00002f17) auipc   t5, 0x2
core   0: 3 0x8000e1b0 (0x00002f17) x30 0x800101b0
core   0: 0x8000e1b4 (0xe43f2823) sw      gp, -432(t5)
core   0: 3 0x8000e1b4 (0xe43f2823) mem 0x80010000 0x00000001
core   0: 0x8000e1b8 (0xff9ff06f) j       pc - 0x8
core   0: 3 0x8000e1b8 (0xff9ff06f)
core   0: 0x8000e1b0 (0x00002f17) auipc   t5, 0x2
core   0: 3 0x8000e1b0 (0x00002f17) x30 0x800101b0
core   0: 0x8000e1b4 (0xe43f2823) sw      gp, -432(t5)
core   0: 3 0x8000e1b4 (0xe43f2823) mem 0x80010000 0x00000001
core   0: 0x8000e1b8 (0xff9ff06f) j       pc - 0x8
core   0: 3 0x8000e1b8 (0xff9ff06f)
core   0: 0x8000e1b0 (0x00002f17) auipc   t5, 0x2
core   0: 3 0x8000e1b0 (0x00002f17) x30 0x800101b0
core   0: 0x8000e1b4 (0xe43f2823) sw      gp, -432(t5)
core   0: 3 0x8000e1b4 (0xe43f2823) mem 0x80010000 0x00000001
core   0: 0x8000e1b8 (0xff9ff06f) j       pc - 0x8
core   0: 3 0x8000e1b8 (0xff9ff06f)
core   0: 0x8000e1b0 (0x00002f17) auipc   t5, 0x2
core   0: 3 0x8000e1b0 (0x00002f17) x30 0x800101b0
core   0: 0x8000e1b4 (0xe43f2823) sw      gp, -432(t5)
core   0: 3 0x8000e1b4 (0xe43f2823) mem 0x80010000 0x00000001
core   0: 0x8000e1b8 (0xff9ff06f) j       pc - 0x8
core   0: 3 0x8000e1b8 (0xff9ff06f)
core   0: 0x8000e1b0 (0x00002f17) auipc   t5, 0x2
core   0: 3 0x8000e1b0 (0x00002f17) x30 0x800101b0
core   0: 0x8000e1b4 (0xe43f2823) sw      gp, -432(t5)
core   0: 3 0x8000e1b4 (0xe43f2823) mem 0x80010000 0x00000001
core   0: 0x8000e1b8 (0xff9ff06f) j       pc - 0x8
core   0: 3 0x8000e1b8 (0xff9ff06f)
core   0: 0x8000e1b0 (0x00002f17) auipc   t5, 0x2
core   0: 3 0x8000e1b0 (0x00002f17) x30 0x800101b0
core   0: 0x8000e1b4 (0xe43f2823) sw      gp, -432(t5)
core   0: 3 0x8000e1b4 (0xe43f2823) mem 0x80010000 0x00000001
core   0: 0x8000e1b8 (0xff9ff06f) j       pc - 0x8
core   0: 3 0x8000e1b8 (0xff9ff06f)
core   0: 0x8000e1b0 (0x00002f17) auipc   t5, 0x2
core   0: 3 0x8000e1b0 (0x00002f17) x30 0x800101b0
core   0: 0x8000e1b4 (0xe43f2823) sw      gp, -432(t5)
core   0: 3 0x8000e1b4 (0xe43f2823) mem 0x80010000 0x00000001
core   0: 0x8000e1b8 (0xff9ff06f) j       pc - 0x8
core   0: 3 0x8000e1b8 (0xff9ff06f)
core   0: 0x8000e1b0 (0x00002f17) auipc   t5, 0x2
core   0: 3 0x8000e1b0 (0x00002f17) x30 0x800101b0
core   0: 0x8000e1b4 (0xe43f2823) sw      gp, -432(t5)
core   0: 3 0x8000e1b4 (0xe43f2823) mem 0x80010000 0x00000001
core   0: 0x8000e1b8 (0xff9ff06f) j       pc - 0x8
core   0: 3 0x8000e1b8 (0xff9ff06f)
core   0: 0x8000e1b0 (0x00002f17) auipc   t5, 0x2
core   0: 3 0x8000e1b0 (0x00002f17) x30 0x800101b0
core   0: 0x8000e1b4 (0xe43f2823) sw      gp, -432(t5)
core   0: 3 0x8000e1b4 (0xe43f2823) mem 0x80010000 0x00000001
core   0: 0x8000e1b8 (0xff9ff06f) j       pc - 0x8
core   0: 3 0x8000e1b8 (0xff9ff06f)
core   0: 0x8000e1b0 (0x00002f17) auipc   t5, 0x2
core   0: 3 0x8000e1b0 (0x00002f17) x30 0x800101b0
core   0: 0x8000e1b4 (0xe43f2823) sw      gp, -432(t5)
core   0: 3 0x8000e1b4 (0xe43f2823) mem 0x80010000 0x00000001
core   0: 0x8000e1b8 (0xff9ff06f) j       pc - 0x8
core   0: 3 0x8000e1b8 (0xff9ff06f)
core   0: 0x8000e1b0 (0x00002f17) auipc   t5, 0x2
core   0: 3 0x8000e1b0 (0x00002f17) x30 0x800101b0
core   0: 0x8000e1b4 (0xe43f2823) sw      gp, -432(t5)
core   0: 3 0x8000e1b4 (0xe43f2823) mem 0x80010000 0x00000001
core   0: 0x8000e1b8 (0xff9ff06f) j       pc - 0x8
core   0: 3 0x8000e1b8 (0xff9ff06f)
core   0: 0x8000e1b0 (0x00002f17) auipc   t5, 0x2
core   0: 3 0x8000e1b0 (0x00002f17) x30 0x800101b0
core   0: 0x8000e1b4 (0xe43f2823) sw      gp, -432(t5)
core   0: 3 0x8000e1b4 (0xe43f2823) mem 0x80010000 0x00000001
core   0: 0x8000e1b8 (0xff9ff06f) j       pc - 0x8
core   0: 3 0x8000e1b8 (0xff9ff06f)
core   0: 0x8000e1b0 (0x00002f17) auipc   t5, 0x2
core   0: 3 0x8000e1b0 (0x00002f17) x30 0x800101b0
core   0: 0x8000e1b4 (0xe43f2823) sw      gp, -432(t5)
core   0: 3 0x8000e1b4 (0xe43f2823) mem 0x80010000 0x00000001
core   0: 0x8000e1b8 (0xff9ff06f) j       pc - 0x8
core   0: 3 0x8000e1b8 (0xff9ff06f)
core   0: 0x8000e1b0 (0x00002f17) auipc   t5, 0x2
core   0: 3 0x8000e1b0 (0x00002f17) x30 0x800101b0
core   0: 0x8000e1b4 (0xe43f2823) sw      gp, -432(t5)
core   0: 3 0x8000e1b4 (0xe43f2823) mem 0x80010000 0x00000001
core   0: 0x8000e1b8 (0xff9ff06f) j       pc - 0x8
core   0: 3 0x8000e1b8 (0xff9ff06f)
core   0: 0x8000e1b0 (0x00002f17) auipc   t5, 0x2
core   0: 3 0x8000e1b0 (0x00002f17) x30 0x800101b0
core   0: 0x8000e1b4 (0xe43f2823) sw      gp, -432(t5)
core   0: 3 0x8000e1b4 (0xe43f2823) mem 0x80010000 0x00000001
core   0: 0x8000e1b8 (0xff9ff06f) j       pc - 0x8
core   0: 3 0x8000e1b8 (0xff9ff06f)
core   0: 0x8000e1b0 (0x00002f17) auipc   t5, 0x2
core   0: 3 0x8000e1b0 (0x00002f17) x30 0x800101b0
core   0: 0x8000e1b4 (0xe43f2823) sw      gp, -432(t5)
core   0: 3 0x8000e1b4 (0xe43f2823) mem 0x80010000 0x00000001
core   0: 0x8000e1b8 (0xff9ff06f) j       pc - 0x8
core   0: 3 0x8000e1b8 (0xff9ff06f)
core   0: 0x8000e1b0 (0x00002f17) auipc   t5, 0x2
core   0: 3 0x8000e1b0 (0x00002f17) x30 0x800101b0
core   0: 0x8000e1b4 (0xe43f2823) sw      gp, -432(t5)
core   0: 3 0x8000e1b4 (0xe43f2823) mem 0x80010000 0x00000001
core   0: 0x8000e1b8 (0xff9ff06f) j       pc - 0x8
core   0: 3 0x8000e1b8 (0xff9ff06f)
core   0: 0x8000e1b0 (0x00002f17) auipc   t5, 0x2
core   0: 3 0x8000e1b0 (0x00002f17) x30 0x800101b0
core   0: 0x8000e1b4 (0xe43f2823) sw      gp, -432(t5)
core   0: 3 0x8000e1b4 (0xe43f2823) mem 0x80010000 0x00000001
core   0: 0x8000e1b8 (0xff9ff06f) j       pc - 0x8
core   0: 3 0x8000e1b8 (0xff9ff06f)
core   0: 0x8000e1b0 (0x00002f17) auipc   t5, 0x2
core   0: 3 0x8000e1b0 (0x00002f17) x30 0x800101b0
core   0: 0x8000e1b4 (0xe43f2823) sw      gp, -432(t5)
core   0: 3 0x8000e1b4 (0xe43f2823) mem 0x80010000 0x00000001
core   0: 0x8000e1b8 (0xff9ff06f) j       pc - 0x8
core   0: 3 0x8000e1b8 (0xff9ff06f)
core   0: 0x8000e1b0 (0x00002f17) auipc   t5, 0x2
core   0: 3 0x8000e1b0 (0x00002f17) x30 0x800101b0
core   0: 0x8000e1b4 (0xe43f2823) sw      gp, -432(t5)
core   0: 3 0x8000e1b4 (0xe43f2823) mem 0x80010000 0x00000001
core   0: 0x8000e1b8 (0xff9ff06f) j       pc - 0x8
core   0: 3 0x8000e1b8 (0xff9ff06f)
core   0: 0x8000e1b0 (0x00002f17) auipc   t5, 0x2
core   0: 3 0x8000e1b0 (0x00002f17) x30 0x800101b0
core   0: 0x8000e1b4 (0xe43f2823) sw      gp, -432(t5)
core   0: 3 0x8000e1b4 (0xe43f2823) mem 0x80010000 0x00000001
core   0: 0x8000e1b8 (0xff9ff06f) j       pc - 0x8
core   0: 3 0x8000e1b8 (0xff9ff06f)
core   0: 0x8000e1b0 (0x00002f17) auipc   t5, 0x2
core   0: 3 0x8000e1b0 (0x00002f17) x30 0x800101b0
core   0: 0x8000e1b4 (0xe43f2823) sw      gp, -432(t5)
core   0: 3 0x8000e1b4 (0xe43f2823) mem 0x80010000 0x00000001
core   0: 0x8000e1b8 (0xff9ff06f) j       pc - 0x8
core   0: 3 0x8000e1b8 (0xff9ff06f)
core   0: 0x8000e1b0 (0x00002f17) auipc   t5, 0x2
core   0: 3 0x8000e1b0 (0x00002f17) x30 0x800101b0
core   0: 0x8000e1b4 (0xe43f2823) sw      gp, -432(t5)
core   0: 3 0x8000e1b4 (0xe43f2823) mem 0x80010000 0x00000001
core   0: 0x8000e1b8 (0xff9ff06f) j       pc - 0x8
core   0: 3 0x8000e1b8 (0xff9ff06f)
core   0: 0x8000e1b0 (0x00002f17) auipc   t5, 0x2
core   0: 3 0x8000e1b0 (0x00002f17) x30 0x800101b0
core   0: 0x8000e1b4 (0xe43f2823) sw      gp, -432(t5)
core   0: 3 0x8000e1b4 (0xe43f2823) mem 0x80010000 0x00000001
core   0: 0x8000e1b8 (0xff9ff06f) j       pc - 0x8
core   0: 3 0x8000e1b8 (0xff9ff06f)
core   0: 0x8000e1b0 (0x00002f17) auipc   t5, 0x2
core   0: 3 0x8000e1b0 (0x00002f17) x30 0x800101b0
core   0: 0x8000e1b4 (0xe43f2823) sw      gp, -432(t5)
core   0: 3 0x8000e1b4 (0xe43f2823) mem 0x80010000 0x00000001
core   0: 0x8000e1b8 (0xff9ff06f) j       pc - 0x8
core   0: 3 0x8000e1b8 (0xff9ff06f)
core   0: 0x8000e1b0 (0x00002f17) auipc   t5, 0x2
core   0: 3 0x8000e1b0 (0x00002f17) x30 0x800101b0
core   0: 0x8000e1b4 (0xe43f2823) sw      gp, -432(t5)
core   0: 3 0x8000e1b4 (0xe43f2823) mem 0x80010000 0x00000001
core   0: 0x8000e1b8 (0xff9ff06f) j       pc - 0x8
core   0: 3 0x8000e1b8 (0xff9ff06f)
core   0: 0x8000e1b0 (0x00002f17) auipc   t5, 0x2
core   0: 3 0x8000e1b0 (0x00002f17) x30 0x800101b0
core   0: 0x8000e1b4 (0xe43f2823) sw      gp, -432(t5)
core   0: 3 0x8000e1b4 (0xe43f2823) mem 0x80010000 0x00000001
core   0: 0x8000e1b8 (0xff9ff06f) j       pc - 0x8
core   0: 3 0x8000e1b8 (0xff9ff06f)
core   0: 0x8000e1b0 (0x00002f17) auipc   t5, 0x2
core   0: 3 0x8000e1b0 (0x00002f17) x30 0x800101b0
core   0: 0x8000e1b4 (0xe43f2823) sw      gp, -432(t5)
core   0: 3 0x8000e1b4 (0xe43f2823) mem 0x80010000 0x00000001
core   0: 0x8000e1b8 (0xff9ff06f) j       pc - 0x8
core   0: 3 0x8000e1b8 (0xff9ff06f)
core   0: 0x8000e1b0 (0x00002f17) auipc   t5, 0x2
core   0: 3 0x8000e1b0 (0x00002f17) x30 0x800101b0
core   0: 0x8000e1b4 (0xe43f2823) sw      gp, -432(t5)
core   0: 3 0x8000e1b4 (0xe43f2823) mem 0x80010000 0x00000001
core   0: 0x8000e1b8 (0xff9ff06f) j       pc - 0x8
core   0: 3 0x8000e1b8 (0xff9ff06f)
core   0: 0x8000e1b0 (0x00002f17) auipc   t5, 0x2
core   0: 3 0x8000e1b0 (0x00002f17) x30 0x800101b0
core   0: 0x8000e1b4 (0xe43f2823) sw      gp, -432(t5)
core   0: 3 0x8000e1b4 (0xe43f2823) mem 0x80010000 0x00000001
core   0: 0x8000e1b8 (0xff9ff06f) j       pc - 0x8
core   0: 3 0x8000e1b8 (0xff9ff06f)
core   0: 0x8000e1b0 (0x00002f17) auipc   t5, 0x2
core   0: 3 0x8000e1b0 (0x00002f17) x30 0x800101b0
core   0: 0x8000e1b4 (0xe43f2823) sw      gp, -432(t5)
core   0: 3 0x8000e1b4 (0xe43f2823) mem 0x80010000 0x00000001
core   0: 0x8000e1b8 (0xff9ff06f) j       pc - 0x8
core   0: 3 0x8000e1b8 (0xff9ff06f)
core   0: 0x8000e1b0 (0x00002f17) auipc   t5, 0x2
core   0: 3 0x8000e1b0 (0x00002f17) x30 0x800101b0
core   0: 0x8000e1b4 (0xe43f2823) sw      gp, -432(t5)
core   0: 3 0x8000e1b4 (0xe43f2823) mem 0x80010000 0x00000001
core   0: 0x8000e1b8 (0xff9ff06f) j       pc - 0x8
core   0: 3 0x8000e1b8 (0xff9ff06f)
core   0: 0x8000e1b0 (0x00002f17) auipc   t5, 0x2
core   0: 3 0x8000e1b0 (0x00002f17) x30 0x800101b0
core   0: 0x8000e1b4 (0xe43f2823) sw      gp, -432(t5)
core   0: 3 0x8000e1b4 (0xe43f2823) mem 0x80010000 0x00000001
core   0: 0x8000e1b8 (0xff9ff06f) j       pc - 0x8
core   0: 3 0x8000e1b8 (0xff9ff06f)
core   0: 0x8000e1b0 (0x00002f17) auipc   t5, 0x2
core   0: 3 0x8000e1b0 (0x00002f17) x30 0x800101b0
core   0: 0x8000e1b4 (0xe43f2823) sw      gp, -432(t5)
core   0: 3 0x8000e1b4 (0xe43f2823) mem 0x80010000 0x00000001
core   0: 0x8000e1b8 (0xff9ff06f) j       pc - 0x8
core   0: 3 0x8000e1b8 (0xff9ff06f)
core   0: 0x8000e1b0 (0x00002f17) auipc   t5, 0x2
core   0: 3 0x8000e1b0 (0x00002f17) x30 0x800101b0
core   0: 0x8000e1b4 (0xe43f2823) sw      gp, -432(t5)
core   0: 3 0x8000e1b4 (0xe43f2823) mem 0x80010000 0x00000001
core   0: 0x8000e1b8 (0xff9ff06f) j       pc - 0x8
core   0: 3 0x8000e1b8 (0xff9ff06f)
core   0: 0x8000e1b0 (0x00002f17) auipc   t5, 0x2
core   0: 3 0x8000e1b0 (0x00002f17) x30 0x800101b0
core   0: 0x8000e1b4 (0xe43f2823) sw      gp, -432(t5)
core   0: 3 0x8000e1b4 (0xe43f2823) mem 0x80010000 0x00000001
core   0: 0x8000e1b8 (0xff9ff06f) j       pc - 0x8
core   0: 3 0x8000e1b8 (0xff9ff06f)
core   0: 0x8000e1b0 (0x00002f17) auipc   t5, 0x2
core   0: 3 0x8000e1b0 (0x00002f17) x30 0x800101b0
core   0: 0x8000e1b4 (0xe43f2823) sw      gp, -432(t5)
core   0: 3 0x8000e1b4 (0xe43f2823) mem 0x80010000 0x00000001
core   0: 0x8000e1b8 (0xff9ff06f) j       pc - 0x8
core   0: 3 0x8000e1b8 (0xff9ff06f)
core   0: 0x8000e1b0 (0x00002f17) auipc   t5, 0x2
core   0: 3 0x8000e1b0 (0x00002f17) x30 0x800101b0
core   0: 0x8000e1b4 (0xe43f2823) sw      gp, -432(t5)
core   0: 3 0x8000e1b4 (0xe43f2823) mem 0x80010000 0x00000001
core   0: 0x8000e1b8 (0xff9ff06f) j       pc - 0x8
core   0: 3 0x8000e1b8 (0xff9ff06f)
core   0: 0x8000e1b0 (0x00002f17) auipc   t5, 0x2
core   0: 3 0x8000e1b0 (0x00002f17) x30 0x800101b0
core   0: 0x8000e1b4 (0xe43f2823) sw      gp, -432(t5)
core   0: 3 0x8000e1b4 (0xe43f2823) mem 0x80010000 0x00000001
core   0: 0x8000e1b8 (0xff9ff06f) j       pc - 0x8
core   0: 3 0x8000e1b8 (0xff9ff06f)
core   0: 0x8000e1b0 (0x00002f17) auipc   t5, 0x2
core   0: 3 0x8000e1b0 (0x00002f17) x30 0x800101b0
core   0: 0x8000e1b4 (0xe43f2823) sw      gp, -432(t5)
core   0: 3 0x8000e1b4 (0xe43f2823) mem 0x80010000 0x00000001
core   0: 0x8000e1b8 (0xff9ff06f) j       pc - 0x8
core   0: 3 0x8000e1b8 (0xff9ff06f)
core   0: 0x8000e1b0 (0x00002f17) auipc   t5, 0x2
core   0: 3 0x8000e1b0 (0x00002f17) x30 0x800101b0
core   0: 0x8000e1b4 (0xe43f2823) sw      gp, -432(t5)
core   0: 3 0x8000e1b4 (0xe43f2823) mem 0x80010000 0x00000001
core   0: 0x8000e1b8 (0xff9ff06f) j       pc - 0x8
core   0: 3 0x8000e1b8 (0xff9ff06f)
core   0: 0x8000e1b0 (0x00002f17) auipc   t5, 0x2
core   0: 3 0x8000e1b0 (0x00002f17) x30 0x800101b0
core   0: 0x8000e1b4 (0xe43f2823) sw      gp, -432(t5)
core   0: 3 0x8000e1b4 (0xe43f2823) mem 0x80010000 0x00000001
core   0: 0x8000e1b8 (0xff9ff06f) j       pc - 0x8
core   0: 3 0x8000e1b8 (0xff9ff06f)
core   0: 0x8000e1b0 (0x00002f17) auipc   t5, 0x2
core   0: 3 0x8000e1b0 (0x00002f17) x30 0x800101b0
core   0: 0x8000e1b4 (0xe43f2823) sw      gp, -432(t5)
core   0: 3 0x8000e1b4 (0xe43f2823) mem 0x80010000 0x00000001
core   0: 0x8000e1b8 (0xff9ff06f) j       pc - 0x8
core   0: 3 0x8000e1b8 (0xff9ff06f)
core   0: 0x8000e1b0 (0x00002f17) auipc   t5, 0x2
core   0: 3 0x8000e1b0 (0x00002f17) x30 0x800101b0
core   0: 0x8000e1b4 (0xe43f2823) sw      gp, -432(t5)
core   0: 3 0x8000e1b4 (0xe43f2823) mem 0x80010000 0x00000001
core   0: 0x8000e1b8 (0xff9ff06f) j       pc - 0x8
core   0: 3 0x8000e1b8 (0xff9ff06f)
core   0: 0x8000e1b0 (0x00002f17) auipc   t5, 0x2
core   0: 3 0x8000e1b0 (0x00002f17) x30 0x800101b0
core   0: 0x8000e1b4 (0xe43f2823) sw      gp, -432(t5)
core   0: 3 0x8000e1b4 (0xe43f2823) mem 0x80010000 0x00000001
core   0: 0x8000e1b8 (0xff9ff06f) j       pc - 0x8
core   0: 3 0x8000e1b8 (0xff9ff06f)
core   0: 0x8000e1b0 (0x00002f17) auipc   t5, 0x2
core   0: 3 0x8000e1b0 (0x00002f17) x30 0x800101b0
core   0: 0x8000e1b4 (0xe43f2823) sw      gp, -432(t5)
core   0: 3 0x8000e1b4 (0xe43f2823) mem 0x80010000 0x00000001
core   0: 0x8000e1b8 (0xff9ff06f) j       pc - 0x8
core   0: 3 0x8000e1b8 (0xff9ff06f)
core   0: 0x8000e1b0 (0x00002f17) auipc   t5, 0x2
core   0: 3 0x8000e1b0 (0x00002f17) x30 0x800101b0
core   0: 0x8000e1b4 (0xe43f2823) sw      gp, -432(t5)
core   0: 3 0x8000e1b4 (0xe43f2823) mem 0x80010000 0x00000001
core   0: 0x8000e1b8 (0xff9ff06f) j       pc - 0x8
core   0: 3 0x8000e1b8 (0xff9ff06f)
core   0: 0x8000e1b0 (0x00002f17) auipc   t5, 0x2
core   0: 3 0x8000e1b0 (0x00002f17) x30 0x800101b0
core   0: 0x8000e1b4 (0xe43f2823) sw      gp, -432(t5)
core   0: 3 0x8000e1b4 (0xe43f2823) mem 0x80010000 0x00000001
core   0: 0x8000e1b8 (0xff9ff06f) j       pc - 0x8
core   0: 3 0x8000e1b8 (0xff9ff06f)
core   0: 0x8000e1b0 (0x00002f17) auipc   t5, 0x2
core   0: 3 0x8000e1b0 (0x00002f17) x30 0x800101b0
core   0: 0x8000e1b4 (0xe43f2823) sw      gp, -432(t5)
core   0: 3 0x8000e1b4 (0xe43f2823) mem 0x80010000 0x00000001
core   0: 0x8000e1b8 (0xff9ff06f) j       pc - 0x8
core   0: 3 0x8000e1b8 (0xff9ff06f)
core   0: 0x8000e1b0 (0x00002f17) auipc   t5, 0x2
core   0: 3 0x8000e1b0 (0x00002f17) x30 0x800101b0
core   0: 0x8000e1b4 (0xe43f2823) sw      gp, -432(t5)
core   0: 3 0x8000e1b4 (0xe43f2823) mem 0x80010000 0x00000001
core   0: 0x8000e1b8 (0xff9ff06f) j       pc - 0x8
core   0: 3 0x8000e1b8 (0xff9ff06f)
core   0: 0x8000e1b0 (0x00002f17) auipc   t5, 0x2
core   0: 3 0x8000e1b0 (0x00002f17) x30 0x800101b0
core   0: 0x8000e1b4 (0xe43f2823) sw      gp, -432(t5)
core   0: 3 0x8000e1b4 (0xe43f2823) mem 0x80010000 0x00000001
core   0: 0x8000e1b8 (0xff9ff06f) j       pc - 0x8
core   0: 3 0x8000e1b8 (0xff9ff06f)
core   0: 0x8000e1b0 (0x00002f17) auipc   t5, 0x2
core   0: 3 0x8000e1b0 (0x00002f17) x30 0x800101b0
core   0: 0x8000e1b4 (0xe43f2823) sw      gp, -432(t5)
core   0: 3 0x8000e1b4 (0xe43f2823) mem 0x80010000 0x00000001
core   0: 0x8000e1b8 (0xff9ff06f) j       pc - 0x8
core   0: 3 0x8000e1b8 (0xff9ff06f)
core   0: 0x8000e1b0 (0x00002f17) auipc   t5, 0x2
core   0: 3 0x8000e1b0 (0x00002f17) x30 0x800101b0
core   0: 0x8000e1b4 (0xe43f2823) sw      gp, -432(t5)
core   0: 3 0x8000e1b4 (0xe43f2823) mem 0x80010000 0x00000001
core   0: 0x8000e1b8 (0xff9ff06f) j       pc - 0x8
core   0: 3 0x8000e1b8 (0xff9ff06f)
core   0: 0x8000e1b0 (0x00002f17) auipc   t5, 0x2
core   0: 3 0x8000e1b0 (0x00002f17) x30 0x800101b0
core   0: 0x8000e1b4 (0xe43f2823) sw      gp, -432(t5)
core   0: 3 0x8000e1b4 (0xe43f2823) mem 0x80010000 0x00000001
core   0: 0x8000e1b8 (0xff9ff06f) j       pc - 0x8
core   0: 3 0x8000e1b8 (0xff9ff06f)
core   0: 0x8000e1b0 (0x00002f17) auipc   t5, 0x2
core   0: 3 0x8000e1b0 (0x00002f17) x30 0x800101b0
core   0: 0x8000e1b4 (0xe43f2823) sw      gp, -432(t5)
core   0: 3 0x8000e1b4 (0xe43f2823) mem 0x80010000 0x00000001
core   0: 0x8000e1b8 (0xff9ff06f) j       pc - 0x8
core   0: 3 0x8000e1b8 (0xff9ff06f)
core   0: 0x8000e1b0 (0x00002f17) auipc   t5, 0x2
core   0: 3 0x8000e1b0 (0x00002f17) x30 0x800101b0
core   0: 0x8000e1b4 (0xe43f2823) sw      gp, -432(t5)
core   0: 3 0x8000e1b4 (0xe43f2823) mem 0x80010000 0x00000001
core   0: 0x8000e1b8 (0xff9ff06f) j       pc - 0x8
core   0: 3 0x8000e1b8 (0xff9ff06f)
core   0: 0x8000e1b0 (0x00002f17) auipc   t5, 0x2
core   0: 3 0x8000e1b0 (0x00002f17) x30 0x800101b0
core   0: 0x8000e1b4 (0xe43f2823) sw      gp, -432(t5)
core   0: 3 0x8000e1b4 (0xe43f2823) mem 0x80010000 0x00000001
core   0: 0x8000e1b8 (0xff9ff06f) j       pc - 0x8
core   0: 3 0x8000e1b8 (0xff9ff06f)
core   0: 0x8000e1b0 (0x00002f17) auipc   t5, 0x2
core   0: 3 0x8000e1b0 (0x00002f17) x30 0x800101b0
core   0: 0x8000e1b4 (0xe43f2823) sw      gp, -432(t5)
core   0: 3 0x8000e1b4 (0xe43f2823) mem 0x80010000 0x00000001
core   0: 0x8000e1b8 (0xff9ff06f) j       pc - 0x8
core   0: 3 0x8000e1b8 (0xff9ff06f)
core   0: 0x8000e1b0 (0x00002f17) auipc   t5, 0x2
core   0: 3 0x8000e1b0 (0x00002f17) x30 0x800101b0
core   0: 0x8000e1b4 (0xe43f2823) sw      gp, -432(t5)
core   0: 3 0x8000e1b4 (0xe43f2823) mem 0x80010000 0x00000001
core   0: 0x8000e1b8 (0xff9ff06f) j       pc - 0x8
core   0: 3 0x8000e1b8 (0xff9ff06f)
core   0: 0x8000e1b0 (0x00002f17) auipc   t5, 0x2
core   0: 3 0x8000e1b0 (0x00002f17) x30 0x800101b0
core   0: 0x8000e1b4 (0xe43f2823) sw      gp, -432(t5)
core   0: 3 0x8000e1b4 (0xe43f2823) mem 0x80010000 0x00000001
core   0: 0x8000e1b8 (0xff9ff06f) j       pc - 0x8
core   0: 3 0x8000e1b8 (0xff9ff06f)
core   0: 0x8000e1b0 (0x00002f17) auipc   t5, 0x2
core   0: 3 0x8000e1b0 (0x00002f17) x30 0x800101b0
core   0: 0x8000e1b4 (0xe43f2823) sw      gp, -432(t5)
core   0: 3 0x8000e1b4 (0xe43f2823) mem 0x80010000 0x00000001
core   0: 0x8000e1b8 (0xff9ff06f) j       pc - 0x8
core   0: 3 0x8000e1b8 (0xff9ff06f)
core   0: 0x8000e1b0 (0x00002f17) auipc   t5, 0x2
core   0: 3 0x8000e1b0 (0x00002f17) x30 0x800101b0
core   0: 0x8000e1b4 (0xe43f2823) sw      gp, -432(t5)
core   0: 3 0x8000e1b4 (0xe43f2823) mem 0x80010000 0x00000001
core   0: 0x8000e1b8 (0xff9ff06f) j       pc - 0x8
core   0: 3 0x8000e1b8 (0xff9ff06f)
core   0: 0x8000e1b0 (0x00002f17) auipc   t5, 0x2
core   0: 3 0x8000e1b0 (0x00002f17) x30 0x800101b0
core   0: 0x8000e1b4 (0xe43f2823) sw      gp, -432(t5)
core   0: 3 0x8000e1b4 (0xe43f2823) mem 0x80010000 0x00000001
core   0: 0x8000e1b8 (0xff9ff06f) j       pc - 0x8
core   0: 3 0x8000e1b8 (0xff9ff06f)
core   0: 0x8000e1b0 (0x00002f17) auipc   t5, 0x2
core   0: 3 0x8000e1b0 (0x00002f17) x30 0x800101b0
core   0: 0x8000e1b4 (0xe43f2823) sw      gp, -432(t5)
core   0: 3 0x8000e1b4 (0xe43f2823) mem 0x80010000 0x00000001
core   0: 0x8000e1b8 (0xff9ff06f) j       pc - 0x8
core   0: 3 0x8000e1b8 (0xff9ff06f)
core   0: 0x8000e1b0 (0x00002f17) auipc   t5, 0x2
core   0: 3 0x8000e1b0 (0x00002f17) x30 0x800101b0
core   0: 0x8000e1b4 (0xe43f2823) sw      gp, -432(t5)
core   0: 3 0x8000e1b4 (0xe43f2823) mem 0x80010000 0x00000001
core   0: 0x8000e1b8 (0xff9ff06f) j       pc - 0x8
core   0: 3 0x8000e1b8 (0xff9ff06f)
core   0: 0x8000e1b0 (0x00002f17) auipc   t5, 0x2
core   0: 3 0x8000e1b0 (0x00002f17) x30 0x800101b0
core   0: 0x8000e1b4 (0xe43f2823) sw      gp, -432(t5)
core   0: 3 0x8000e1b4 (0xe43f2823) mem 0x80010000 0x00000001
core   0: 0x8000e1b8 (0xff9ff06f) j       pc - 0x8
core   0: 3 0x8000e1b8 (0xff9ff06f)
core   0: 0x8000e1b0 (0x00002f17) auipc   t5, 0x2
core   0: 3 0x8000e1b0 (0x00002f17) x30 0x800101b0
core   0: 0x8000e1b4 (0xe43f2823) sw      gp, -432(t5)
core   0: 3 0x8000e1b4 (0xe43f2823) mem 0x80010000 0x00000001
core   0: 0x8000e1b8 (0xff9ff06f) j       pc - 0x8
core   0: 3 0x8000e1b8 (0xff9ff06f)
core   0: 0x8000e1b0 (0x00002f17) auipc   t5, 0x2
core   0: 3 0x8000e1b0 (0x00002f17) x30 0x800101b0
core   0: 0x8000e1b4 (0xe43f2823) sw      gp, -432(t5)
core   0: 3 0x8000e1b4 (0xe43f2823) mem 0x80010000 0x00000001
core   0: 0x8000e1b8 (0xff9ff06f) j       pc - 0x8
core   0: 3 0x8000e1b8 (0xff9ff06f)
core   0: 0x8000e1b0 (0x00002f17) auipc   t5, 0x2
core   0: 3 0x8000e1b0 (0x00002f17) x30 0x800101b0
core   0: 0x8000e1b4 (0xe43f2823) sw      gp, -432(t5)
core   0: 3 0x8000e1b4 (0xe43f2823) mem 0x80010000 0x00000001
core   0: 0x8000e1b8 (0xff9ff06f) j       pc - 0x8
core   0: 3 0x8000e1b8 (0xff9ff06f)
core   0: 0x8000e1b0 (0x00002f17) auipc   t5, 0x2
core   0: 3 0x8000e1b0 (0x00002f17) x30 0x800101b0
core   0: 0x8000e1b4 (0xe43f2823) sw      gp, -432(t5)
core   0: 3 0x8000e1b4 (0xe43f2823) mem 0x80010000 0x00000001
core   0: 0x8000e1b8 (0xff9ff06f) j       pc - 0x8
core   0: 3 0x8000e1b8 (0xff9ff06f)
core   0: 0x8000e1b0 (0x00002f17) auipc   t5, 0x2
core   0: 3 0x8000e1b0 (0x00002f17) x30 0x800101b0
core   0: 0x8000e1b4 (0xe43f2823) sw      gp, -432(t5)
core   0: 3 0x8000e1b4 (0xe43f2823) mem 0x80010000 0x00000001
core   0: 0x8000e1b8 (0xff9ff06f) j       pc - 0x8
core   0: 3 0x8000e1b8 (0xff9ff06f)
core   0: 0x8000e1b0 (0x00002f17) auipc   t5, 0x2
core   0: 3 0x8000e1b0 (0x00002f17) x30 0x800101b0
core   0: 0x8000e1b4 (0xe43f2823) sw      gp, -432(t5)
core   0: 3 0x8000e1b4 (0xe43f2823) mem 0x80010000 0x00000001
core   0: 0x8000e1b8 (0xff9ff06f) j       pc - 0x8
core   0: 3 0x8000e1b8 (0xff9ff06f)
core   0: 0x8000e1b0 (0x00002f17) auipc   t5, 0x2
core   0: 3 0x8000e1b0 (0x00002f17) x30 0x800101b0
core   0: 0x8000e1b4 (0xe43f2823) sw      gp, -432(t5)
core   0: 3 0x8000e1b4 (0xe43f2823) mem 0x80010000 0x00000001
core   0: 0x8000e1b8 (0xff9ff06f) j       pc - 0x8
core   0: 3 0x8000e1b8 (0xff9ff06f)
core   0: 0x8000e1b0 (0x00002f17) auipc   t5, 0x2
core   0: 3 0x8000e1b0 (0x00002f17) x30 0x800101b0
core   0: 0x8000e1b4 (0xe43f2823) sw      gp, -432(t5)
core   0: 3 0x8000e1b4 (0xe43f2823) mem 0x80010000 0x00000001
core   0: 0x8000e1b8 (0xff9ff06f) j       pc - 0x8
core   0: 3 0x8000e1b8 (0xff9ff06f)
core   0: 0x8000e1b0 (0x00002f17) auipc   t5, 0x2
core   0: 3 0x8000e1b0 (0x00002f17) x30 0x800101b0
core   0: 0x8000e1b4 (0xe43f2823) sw      gp, -432(t5)
core   0: 3 0x8000e1b4 (0xe43f2823) mem 0x80010000 0x00000001
core   0: 0x8000e1b8 (0xff9ff06f) j       pc - 0x8
core   0: 3 0x8000e1b8 (0xff9ff06f)
core   0: 0x8000e1b0 (0x00002f17) auipc   t5, 0x2
core   0: 3 0x8000e1b0 (0x00002f17) x30 0x800101b0
core   0: 0x8000e1b4 (0xe43f2823) sw      gp, -432(t5)
core   0: 3 0x8000e1b4 (0xe43f2823) mem 0x80010000 0x00000001
core   0: 0x8000e1b8 (0xff9ff06f) j       pc - 0x8
core   0: 3 0x8000e1b8 (0xff9ff06f)
core   0: 0x8000e1b0 (0x00002f17) auipc   t5, 0x2
core   0: 3 0x8000e1b0 (0x00002f17) x30 0x800101b0
core   0: 0x8000e1b4 (0xe43f2823) sw      gp, -432(t5)
core   0: 3 0x8000e1b4 (0xe43f2823) mem 0x80010000 0x00000001
core   0: 0x8000e1b8 (0xff9ff06f) j       pc - 0x8
core   0: 3 0x8000e1b8 (0xff9ff06f)
core   0: 0x8000e1b0 (0x00002f17) auipc   t5, 0x2
core   0: 3 0x8000e1b0 (0x00002f17) x30 0x800101b0
core   0: 0x8000e1b4 (0xe43f2823) sw      gp, -432(t5)
core   0: 3 0x8000e1b4 (0xe43f2823) mem 0x80010000 0x00000001
core   0: 0x8000e1b8 (0xff9ff06f) j       pc - 0x8
core   0: 3 0x8000e1b8 (0xff9ff06f)
core   0: 0x8000e1b0 (0x00002f17) auipc   t5, 0x2
core   0: 3 0x8000e1b0 (0x00002f17) x30 0x800101b0
core   0: 0x8000e1b4 (0xe43f2823) sw      gp, -432(t5)
core   0: 3 0x8000e1b4 (0xe43f2823) mem 0x80010000 0x00000001
core   0: 0x8000e1b8 (0xff9ff06f) j       pc - 0x8
core   0: 3 0x8000e1b8 (0xff9ff06f)
core   0: 0x8000e1b0 (0x00002f17) auipc   t5, 0x2
core   0: 3 0x8000e1b0 (0x00002f17) x30 0x800101b0
core   0: 0x8000e1b4 (0xe43f2823) sw      gp, -432(t5)
core   0: 3 0x8000e1b4 (0xe43f2823) mem 0x80010000 0x00000001
core   0: 0x8000e1b8 (0xff9ff06f) j       pc - 0x8
core   0: 3 0x8000e1b8 (0xff9ff06f)
core   0: 0x8000e1b0 (0x00002f17) auipc   t5, 0x2
core   0: 3 0x8000e1b0 (0x00002f17) x30 0x800101b0
core   0: 0x8000e1b4 (0xe43f2823) sw      gp, -432(t5)
core   0: 3 0x8000e1b4 (0xe43f2823) mem 0x80010000 0x00000001
core   0: 0x8000e1b8 (0xff9ff06f) j       pc - 0x8
core   0: 3 0x8000e1b8 (0xff9ff06f)
core   0: 0x8000e1b0 (0x00002f17) auipc   t5, 0x2
core   0: 3 0x8000e1b0 (0x00002f17) x30 0x800101b0
core   0: 0x8000e1b4 (0xe43f2823) sw      gp, -432(t5)
core   0: 3 0x8000e1b4 (0xe43f2823) mem 0x80010000 0x00000001
core   0: 0x8000e1b8 (0xff9ff06f) j       pc - 0x8
core   0: 3 0x8000e1b8 (0xff9ff06f)
core   0: 0x8000e1b0 (0x00002f17) auipc   t5, 0x2
core   0: 3 0x8000e1b0 (0x00002f17) x30 0x800101b0
core   0: 0x8000e1b4 (0xe43f2823) sw      gp, -432(t5)
core   0: 3 0x8000e1b4 (0xe43f2823) mem 0x80010000 0x00000001
core   0: 0x8000e1b8 (0xff9ff06f) j       pc - 0x8
core   0: 3 0x8000e1b8 (0xff9ff06f)
core   0: 0x8000e1b0 (0x00002f17) auipc   t5, 0x2
core   0: 3 0x8000e1b0 (0x00002f17) x30 0x800101b0
core   0: 0x8000e1b4 (0xe43f2823) sw      gp, -432(t5)
core   0: 3 0x8000e1b4 (0xe43f2823) mem 0x80010000 0x00000001
core   0: 0x8000e1b8 (0xff9ff06f) j       pc - 0x8
core   0: 3 0x8000e1b8 (0xff9ff06f)
core   0: 0x8000e1b0 (0x00002f17) auipc   t5, 0x2
core   0: 3 0x8000e1b0 (0x00002f17) x30 0x800101b0
core   0: 0x8000e1b4 (0xe43f2823) sw      gp, -432(t5)
core   0: 3 0x8000e1b4 (0xe43f2823) mem 0x80010000 0x00000001
core   0: 0x8000e1b8 (0xff9ff06f) j       pc - 0x8
core   0: 3 0x8000e1b8 (0xff9ff06f)
core   0: 0x8000e1b0 (0x00002f17) auipc   t5, 0x2
core   0: 3 0x8000e1b0 (0x00002f17) x30 0x800101b0
core   0: 0x8000e1b4 (0xe43f2823) sw      gp, -432(t5)
core   0: 3 0x8000e1b4 (0xe43f2823) mem 0x80010000 0x00000001
core   0: 0x8000e1b8 (0xff9ff06f) j       pc - 0x8
core   0: 3 0x8000e1b8 (0xff9ff06f)
core   0: 0x8000e1b0 (0x00002f17) auipc   t5, 0x2
core   0: 3 0x8000e1b0 (0x00002f17) x30 0x800101b0
core   0: 0x8000e1b4 (0xe43f2823) sw      gp, -432(t5)
core   0: 3 0x8000e1b4 (0xe43f2823) mem 0x80010000 0x00000001
core   0: 0x8000e1b8 (0xff9ff06f) j       pc - 0x8
core   0: 3 0x8000e1b8 (0xff9ff06f)
core   0: 0x8000e1b0 (0x00002f17) auipc   t5, 0x2
core   0: 3 0x8000e1b0 (0x00002f17) x30 0x800101b0
core   0: 0x8000e1b4 (0xe43f2823) sw      gp, -432(t5)
core   0: 3 0x8000e1b4 (0xe43f2823) mem 0x80010000 0x00000001
core   0: 0x8000e1b8 (0xff9ff06f) j       pc - 0x8
core   0: 3 0x8000e1b8 (0xff9ff06f)
core   0: 0x8000e1b0 (0x00002f17) auipc   t5, 0x2
core   0: 3 0x8000e1b0 (0x00002f17) x30 0x800101b0
core   0: 0x8000e1b4 (0xe43f2823) sw      gp, -432(t5)
core   0: 3 0x8000e1b4 (0xe43f2823) mem 0x80010000 0x00000001
core   0: 0x8000e1b8 (0xff9ff06f) j       pc - 0x8
core   0: 3 0x8000e1b8 (0xff9ff06f)
core   0: 0x8000e1b0 (0x00002f17) auipc   t5, 0x2
core   0: 3 0x8000e1b0 (0x00002f17) x30 0x800101b0
core   0: 0x8000e1b4 (0xe43f2823) sw      gp, -432(t5)
core   0: 3 0x8000e1b4 (0xe43f2823) mem 0x80010000 0x00000001
core   0: 0x8000e1b8 (0xff9ff06f) j       pc - 0x8
core   0: 3 0x8000e1b8 (0xff9ff06f)
core   0: 0x8000e1b0 (0x00002f17) auipc   t5, 0x2
core   0: 3 0x8000e1b0 (0x00002f17) x30 0x800101b0
core   0: 0x8000e1b4 (0xe43f2823) sw      gp, -432(t5)
core   0: 3 0x8000e1b4 (0xe43f2823) mem 0x80010000 0x00000001
core   0: 0x8000e1b8 (0xff9ff06f) j       pc - 0x8
core   0: 3 0x8000e1b8 (0xff9ff06f)
core   0: 0x8000e1b0 (0x00002f17) auipc   t5, 0x2
core   0: 3 0x8000e1b0 (0x00002f17) x30 0x800101b0
core   0: 0x8000e1b4 (0xe43f2823) sw      gp, -432(t5)
core   0: 3 0x8000e1b4 (0xe43f2823) mem 0x80010000 0x00000001
core   0: 0x8000e1b8 (0xff9ff06f) j       pc - 0x8
core   0: 3 0x8000e1b8 (0xff9ff06f)
core   0: 0x8000e1b0 (0x00002f17) auipc   t5, 0x2
core   0: 3 0x8000e1b0 (0x00002f17) x30 0x800101b0
core   0: 0x8000e1b4 (0xe43f2823) sw      gp, -432(t5)
core   0: 3 0x8000e1b4 (0xe43f2823) mem 0x80010000 0x00000001
core   0: 0x8000e1b8 (0xff9ff06f) j       pc - 0x8
core   0: 3 0x8000e1b8 (0xff9ff06f)
core   0: 0x8000e1b0 (0x00002f17) auipc   t5, 0x2
core   0: 3 0x8000e1b0 (0x00002f17) x30 0x800101b0
core   0: 0x8000e1b4 (0xe43f2823) sw      gp, -432(t5)
core   0: 3 0x8000e1b4 (0xe43f2823) mem 0x80010000 0x00000001
core   0: 0x8000e1b8 (0xff9ff06f) j       pc - 0x8
core   0: 3 0x8000e1b8 (0xff9ff06f)
core   0: 0x8000e1b0 (0x00002f17) auipc   t5, 0x2
core   0: 3 0x8000e1b0 (0x00002f17) x30 0x800101b0
core   0: 0x8000e1b4 (0xe43f2823) sw      gp, -432(t5)
core   0: 3 0x8000e1b4 (0xe43f2823) mem 0x80010000 0x00000001
core   0: 0x8000e1b8 (0xff9ff06f) j       pc - 0x8
core   0: 3 0x8000e1b8 (0xff9ff06f)
core   0: 0x8000e1b0 (0x00002f17) auipc   t5, 0x2
core   0: 3 0x8000e1b0 (0x00002f17) x30 0x800101b0
core   0: 0x8000e1b4 (0xe43f2823) sw      gp, -432(t5)
core   0: 3 0x8000e1b4 (0xe43f2823) mem 0x80010000 0x00000001
core   0: 0x8000e1b8 (0xff9ff06f) j       pc - 0x8
core   0: 3 0x8000e1b8 (0xff9ff06f)
core   0: 0x8000e1b0 (0x00002f17) auipc   t5, 0x2
core   0: 3 0x8000e1b0 (0x00002f17) x30 0x800101b0
core   0: 0x8000e1b4 (0xe43f2823) sw      gp, -432(t5)
core   0: 3 0x8000e1b4 (0xe43f2823) mem 0x80010000 0x00000001
core   0: 0x8000e1b8 (0xff9ff06f) j       pc - 0x8
core   0: 3 0x8000e1b8 (0xff9ff06f)
core   0: 0x8000e1b0 (0x00002f17) auipc   t5, 0x2
core   0: 3 0x8000e1b0 (0x00002f17) x30 0x800101b0
core   0: 0x8000e1b4 (0xe43f2823) sw      gp, -432(t5)
core   0: 3 0x8000e1b4 (0xe43f2823) mem 0x80010000 0x00000001
core   0: 0x8000e1b8 (0xff9ff06f) j       pc - 0x8
core   0: 3 0x8000e1b8 (0xff9ff06f)
core   0: 0x8000e1b0 (0x00002f17) auipc   t5, 0x2
core   0: 3 0x8000e1b0 (0x00002f17) x30 0x800101b0
core   0: 0x8000e1b4 (0xe43f2823) sw      gp, -432(t5)
core   0: 3 0x8000e1b4 (0xe43f2823) mem 0x80010000 0x00000001
core   0: 0x8000e1b8 (0xff9ff06f) j       pc - 0x8
core   0: 3 0x8000e1b8 (0xff9ff06f)
core   0: 0x8000e1b0 (0x00002f17) auipc   t5, 0x2
core   0: 3 0x8000e1b0 (0x00002f17) x30 0x800101b0
core   0: 0x8000e1b4 (0xe43f2823) sw      gp, -432(t5)
core   0: 3 0x8000e1b4 (0xe43f2823) mem 0x80010000 0x00000001
core   0: 0x8000e1b8 (0xff9ff06f) j       pc - 0x8
core   0: 3 0x8000e1b8 (0xff9ff06f)
core   0: 0x8000e1b0 (0x00002f17) auipc   t5, 0x2
core   0: 3 0x8000e1b0 (0x00002f17) x30 0x800101b0
core   0: 0x8000e1b4 (0xe43f2823) sw      gp, -432(t5)
core   0: 3 0x8000e1b4 (0xe43f2823) mem 0x80010000 0x00000001
core   0: 0x8000e1b8 (0xff9ff06f) j       pc - 0x8
core   0: 3 0x8000e1b8 (0xff9ff06f)
core   0: 0x8000e1b0 (0x00002f17) auipc   t5, 0x2
core   0: 3 0x8000e1b0 (0x00002f17) x30 0x800101b0
core   0: 0x8000e1b4 (0xe43f2823) sw      gp, -432(t5)
core   0: 3 0x8000e1b4 (0xe43f2823) mem 0x80010000 0x00000001
core   0: 0x8000e1b8 (0xff9ff06f) j       pc - 0x8
core   0: 3 0x8000e1b8 (0xff9ff06f)
core   0: 0x8000e1b0 (0x00002f17) auipc   t5, 0x2
core   0: 3 0x8000e1b0 (0x00002f17) x30 0x800101b0
core   0: 0x8000e1b4 (0xe43f2823) sw      gp, -432(t5)
core   0: 3 0x8000e1b4 (0xe43f2823) mem 0x80010000 0x00000001
core   0: 0x8000e1b8 (0xff9ff06f) j       pc - 0x8
core   0: 3 0x8000e1b8 (0xff9ff06f)
core   0: 0x8000e1b0 (0x00002f17) auipc   t5, 0x2
core   0: 3 0x8000e1b0 (0x00002f17) x30 0x800101b0
core   0: 0x8000e1b4 (0xe43f2823) sw      gp, -432(t5)
core   0: 3 0x8000e1b4 (0xe43f2823) mem 0x80010000 0x00000001
core   0: 0x8000e1b8 (0xff9ff06f) j       pc - 0x8
core   0: 3 0x8000e1b8 (0xff9ff06f)
core   0: 0x8000e1b0 (0x00002f17) auipc   t5, 0x2
core   0: 3 0x8000e1b0 (0x00002f17) x30 0x800101b0
core   0: 0x8000e1b4 (0xe43f2823) sw      gp, -432(t5)
core   0: 3 0x8000e1b4 (0xe43f2823) mem 0x80010000 0x00000001
core   0: 0x8000e1b8 (0xff9ff06f) j       pc - 0x8
core   0: 3 0x8000e1b8 (0xff9ff06f)
core   0: 0x8000e1b0 (0x00002f17) auipc   t5, 0x2
core   0: 3 0x8000e1b0 (0x00002f17) x30 0x800101b0
core   0: 0x8000e1b4 (0xe43f2823) sw      gp, -432(t5)
core   0: 3 0x8000e1b4 (0xe43f2823) mem 0x80010000 0x00000001
core   0: 0x8000e1b8 (0xff9ff06f) j       pc - 0x8
core   0: 3 0x8000e1b8 (0xff9ff06f)
core   0: 0x8000e1b0 (0x00002f17) auipc   t5, 0x2
core   0: 3 0x8000e1b0 (0x00002f17) x30 0x800101b0
core   0: 0x8000e1b4 (0xe43f2823) sw      gp, -432(t5)
core   0: 3 0x8000e1b4 (0xe43f2823) mem 0x80010000 0x00000001
core   0: 0x8000e1b8 (0xff9ff06f) j       pc - 0x8
core   0: 3 0x8000e1b8 (0xff9ff06f)
core   0: 0x8000e1b0 (0x00002f17) auipc   t5, 0x2
core   0: 3 0x8000e1b0 (0x00002f17) x30 0x800101b0
core   0: 0x8000e1b4 (0xe43f2823) sw      gp, -432(t5)
core   0: 3 0x8000e1b4 (0xe43f2823) mem 0x80010000 0x00000001
core   0: 0x8000e1b8 (0xff9ff06f) j       pc - 0x8
core   0: 3 0x8000e1b8 (0xff9ff06f)
core   0: 0x8000e1b0 (0x00002f17) auipc   t5, 0x2
core   0: 3 0x8000e1b0 (0x00002f17) x30 0x800101b0
core   0: 0x8000e1b4 (0xe43f2823) sw      gp, -432(t5)
core   0: 3 0x8000e1b4 (0xe43f2823) mem 0x80010000 0x00000001
core   0: 0x8000e1b8 (0xff9ff06f) j       pc - 0x8
core   0: 3 0x8000e1b8 (0xff9ff06f)
core   0: 0x8000e1b0 (0x00002f17) auipc   t5, 0x2
core   0: 3 0x8000e1b0 (0x00002f17) x30 0x800101b0
core   0: 0x8000e1b4 (0xe43f2823) sw      gp, -432(t5)
core   0: 3 0x8000e1b4 (0xe43f2823) mem 0x80010000 0x00000001
core   0: 0x8000e1b8 (0xff9ff06f) j       pc - 0x8
core   0: 3 0x8000e1b8 (0xff9ff06f)
core   0: 0x8000e1b0 (0x00002f17) auipc   t5, 0x2
core   0: 3 0x8000e1b0 (0x00002f17) x30 0x800101b0
core   0: 0x8000e1b4 (0xe43f2823) sw      gp, -432(t5)
core   0: 3 0x8000e1b4 (0xe43f2823) mem 0x80010000 0x00000001
core   0: 0x8000e1b8 (0xff9ff06f) j       pc - 0x8
core   0: 3 0x8000e1b8 (0xff9ff06f)
core   0: 0x8000e1b0 (0x00002f17) auipc   t5, 0x2
core   0: 3 0x8000e1b0 (0x00002f17) x30 0x800101b0
core   0: 0x8000e1b4 (0xe43f2823) sw      gp, -432(t5)
core   0: 3 0x8000e1b4 (0xe43f2823) mem 0x80010000 0x00000001
core   0: 0x8000e1b8 (0xff9ff06f) j       pc - 0x8
core   0: 3 0x8000e1b8 (0xff9ff06f)
core   0: 0x8000e1b0 (0x00002f17) auipc   t5, 0x2
core   0: 3 0x8000e1b0 (0x00002f17) x30 0x800101b0
core   0: 0x8000e1b4 (0xe43f2823) sw      gp, -432(t5)
core   0: 3 0x8000e1b4 (0xe43f2823) mem 0x80010000 0x00000001
core   0: 0x8000e1b8 (0xff9ff06f) j       pc - 0x8
core   0: 3 0x8000e1b8 (0xff9ff06f)
core   0: 0x8000e1b0 (0x00002f17) auipc   t5, 0x2
core   0: 3 0x8000e1b0 (0x00002f17) x30 0x800101b0
core   0: 0x8000e1b4 (0xe43f2823) sw      gp, -432(t5)
core   0: 3 0x8000e1b4 (0xe43f2823) mem 0x80010000 0x00000001
core   0: 0x8000e1b8 (0xff9ff06f) j       pc - 0x8
core   0: 3 0x8000e1b8 (0xff9ff06f)
core   0: 0x8000e1b0 (0x00002f17) auipc   t5, 0x2
core   0: 3 0x8000e1b0 (0x00002f17) x30 0x800101b0
core   0: 0x8000e1b4 (0xe43f2823) sw      gp, -432(t5)
core   0: 3 0x8000e1b4 (0xe43f2823) mem 0x80010000 0x00000001
core   0: 0x8000e1b8 (0xff9ff06f) j       pc - 0x8
core   0: 3 0x8000e1b8 (0xff9ff06f)
core   0: 0x8000e1b0 (0x00002f17) auipc   t5, 0x2
core   0: 3 0x8000e1b0 (0x00002f17) x30 0x800101b0
core   0: 0x8000e1b4 (0xe43f2823) sw      gp, -432(t5)
core   0: 3 0x8000e1b4 (0xe43f2823) mem 0x80010000 0x00000001
core   0: 0x8000e1b8 (0xff9ff06f) j       pc - 0x8
core   0: 3 0x8000e1b8 (0xff9ff06f)
core   0: 0x8000e1b0 (0x00002f17) auipc   t5, 0x2
core   0: 3 0x8000e1b0 (0x00002f17) x30 0x800101b0
core   0: 0x8000e1b4 (0xe43f2823) sw      gp, -432(t5)
core   0: 3 0x8000e1b4 (0xe43f2823) mem 0x80010000 0x00000001
core   0: 0x8000e1b8 (0xff9ff06f) j       pc - 0x8
core   0: 3 0x8000e1b8 (0xff9ff06f)
core   0: 0x8000e1b0 (0x00002f17) auipc   t5, 0x2
core   0: 3 0x8000e1b0 (0x00002f17) x30 0x800101b0
core   0: 0x8000e1b4 (0xe43f2823) sw      gp, -432(t5)
core   0: 3 0x8000e1b4 (0xe43f2823) mem 0x80010000 0x00000001
core   0: 0x8000e1b8 (0xff9ff06f) j       pc - 0x8
core   0: 3 0x8000e1b8 (0xff9ff06f)
core   0: 0x8000e1b0 (0x00002f17) auipc   t5, 0x2
core   0: 3 0x8000e1b0 (0x00002f17) x30 0x800101b0
core   0: 0x8000e1b4 (0xe43f2823) sw      gp, -432(t5)
core   0: 3 0x8000e1b4 (0xe43f2823) mem 0x80010000 0x00000001
core   0: 0x8000e1b8 (0xff9ff06f) j       pc - 0x8
core   0: 3 0x8000e1b8 (0xff9ff06f)
core   0: 0x8000e1b0 (0x00002f17) auipc   t5, 0x2
core   0: 3 0x8000e1b0 (0x00002f17) x30 0x800101b0
core   0: 0x8000e1b4 (0xe43f2823) sw      gp, -432(t5)
core   0: 3 0x8000e1b4 (0xe43f2823) mem 0x80010000 0x00000001
core   0: 0x8000e1b8 (0xff9ff06f) j       pc - 0x8
core   0: 3 0x8000e1b8 (0xff9ff06f)
core   0: 0x8000e1b0 (0x00002f17) auipc   t5, 0x2
core   0: 3 0x8000e1b0 (0x00002f17) x30 0x800101b0
core   0: 0x8000e1b4 (0xe43f2823) sw      gp, -432(t5)
core   0: 3 0x8000e1b4 (0xe43f2823) mem 0x80010000 0x00000001
core   0: 0x8000e1b8 (0xff9ff06f) j       pc - 0x8
core   0: 3 0x8000e1b8 (0xff9ff06f)
core   0: 0x8000e1b0 (0x00002f17) auipc   t5, 0x2
core   0: 3 0x8000e1b0 (0x00002f17) x30 0x800101b0
core   0: 0x8000e1b4 (0xe43f2823) sw      gp, -432(t5)
core   0: 3 0x8000e1b4 (0xe43f2823) mem 0x80010000 0x00000001
core   0: 0x8000e1b8 (0xff9ff06f) j       pc - 0x8
core   0: 3 0x8000e1b8 (0xff9ff06f)
core   0: 0x8000e1b0 (0x00002f17) auipc   t5, 0x2
core   0: 3 0x8000e1b0 (0x00002f17) x30 0x800101b0
core   0: 0x8000e1b4 (0xe43f2823) sw      gp, -432(t5)
core   0: 3 0x8000e1b4 (0xe43f2823) mem 0x80010000 0x00000001
core   0: 0x8000e1b8 (0xff9ff06f) j       pc - 0x8
core   0: 3 0x8000e1b8 (0xff9ff06f)
core   0: 0x8000e1b0 (0x00002f17) auipc   t5, 0x2
core   0: 3 0x8000e1b0 (0x00002f17) x30 0x800101b0
core   0: 0x8000e1b4 (0xe43f2823) sw      gp, -432(t5)
core   0: 3 0x8000e1b4 (0xe43f2823) mem 0x80010000 0x00000001
core   0: 0x8000e1b8 (0xff9ff06f) j       pc - 0x8
core   0: 3 0x8000e1b8 (0xff9ff06f)
core   0: 0x8000e1b0 (0x00002f17) auipc   t5, 0x2
core   0: 3 0x8000e1b0 (0x00002f17) x30 0x800101b0
core   0: 0x8000e1b4 (0xe43f2823) sw      gp, -432(t5)
core   0: 3 0x8000e1b4 (0xe43f2823) mem 0x80010000 0x00000001
core   0: 0x8000e1b8 (0xff9ff06f) j       pc - 0x8
core   0: 3 0x8000e1b8 (0xff9ff06f)
core   0: 0x8000e1b0 (0x00002f17) auipc   t5, 0x2
core   0: 3 0x8000e1b0 (0x00002f17) x30 0x800101b0
core   0: 0x8000e1b4 (0xe43f2823) sw      gp, -432(t5)
core   0: 3 0x8000e1b4 (0xe43f2823) mem 0x80010000 0x00000001
core   0: 0x8000e1b8 (0xff9ff06f) j       pc - 0x8
core   0: 3 0x8000e1b8 (0xff9ff06f)
core   0: 0x8000e1b0 (0x00002f17) auipc   t5, 0x2
core   0: 3 0x8000e1b0 (0x00002f17) x30 0x800101b0
core   0: 0x8000e1b4 (0xe43f2823) sw      gp, -432(t5)
core   0: 3 0x8000e1b4 (0xe43f2823) mem 0x80010000 0x00000001
core   0: 0x8000e1b8 (0xff9ff06f) j       pc - 0x8
core   0: 3 0x8000e1b8 (0xff9ff06f)
core   0: 0x8000e1b0 (0x00002f17) auipc   t5, 0x2
core   0: 3 0x8000e1b0 (0x00002f17) x30 0x800101b0
core   0: 0x8000e1b4 (0xe43f2823) sw      gp, -432(t5)
core   0: 3 0x8000e1b4 (0xe43f2823) mem 0x80010000 0x00000001
core   0: 0x8000e1b8 (0xff9ff06f) j       pc - 0x8
core   0: 3 0x8000e1b8 (0xff9ff06f)
core   0: 0x8000e1b0 (0x00002f17) auipc   t5, 0x2
core   0: 3 0x8000e1b0 (0x00002f17) x30 0x800101b0
core   0: 0x8000e1b4 (0xe43f2823) sw      gp, -432(t5)
core   0: 3 0x8000e1b4 (0xe43f2823) mem 0x80010000 0x00000001
core   0: 0x8000e1b8 (0xff9ff06f) j       pc - 0x8
core   0: 3 0x8000e1b8 (0xff9ff06f)
core   0: 0x8000e1b0 (0x00002f17) auipc   t5, 0x2
core   0: 3 0x8000e1b0 (0x00002f17) x30 0x800101b0
core   0: 0x8000e1b4 (0xe43f2823) sw      gp, -432(t5)
core   0: 3 0x8000e1b4 (0xe43f2823) mem 0x80010000 0x00000001
core   0: 0x8000e1b8 (0xff9ff06f) j       pc - 0x8
core   0: 3 0x8000e1b8 (0xff9ff06f)
core   0: 0x8000e1b0 (0x00002f17) auipc   t5, 0x2
core   0: 3 0x8000e1b0 (0x00002f17) x30 0x800101b0
core   0: 0x8000e1b4 (0xe43f2823) sw      gp, -432(t5)
core   0: 3 0x8000e1b4 (0xe43f2823) mem 0x80010000 0x00000001
core   0: 0x8000e1b8 (0xff9ff06f) j       pc - 0x8
core   0: 3 0x8000e1b8 (0xff9ff06f)
core   0: 0x8000e1b0 (0x00002f17) auipc   t5, 0x2
core   0: 3 0x8000e1b0 (0x00002f17) x30 0x800101b0
core   0: 0x8000e1b4 (0xe43f2823) sw      gp, -432(t5)
core   0: 3 0x8000e1b4 (0xe43f2823) mem 0x80010000 0x00000001
core   0: 0x8000e1b8 (0xff9ff06f) j       pc - 0x8
core   0: 3 0x8000e1b8 (0xff9ff06f)
core   0: 0x8000e1b0 (0x00002f17) auipc   t5, 0x2
core   0: 3 0x8000e1b0 (0x00002f17) x30 0x800101b0
core   0: 0x8000e1b4 (0xe43f2823) sw      gp, -432(t5)
core   0: 3 0x8000e1b4 (0xe43f2823) mem 0x80010000 0x00000001
core   0: 0x8000e1b8 (0xff9ff06f) j       pc - 0x8
core   0: 3 0x8000e1b8 (0xff9ff06f)
core   0: 0x8000e1b0 (0x00002f17) auipc   t5, 0x2
core   0: 3 0x8000e1b0 (0x00002f17) x30 0x800101b0
core   0: 0x8000e1b4 (0xe43f2823) sw      gp, -432(t5)
core   0: 3 0x8000e1b4 (0xe43f2823) mem 0x80010000 0x00000001
core   0: 0x8000e1b8 (0xff9ff06f) j       pc - 0x8
core   0: 3 0x8000e1b8 (0xff9ff06f)
core   0: 0x8000e1b0 (0x00002f17) auipc   t5, 0x2
core   0: 3 0x8000e1b0 (0x00002f17) x30 0x800101b0
core   0: 0x8000e1b4 (0xe43f2823) sw      gp, -432(t5)
core   0: 3 0x8000e1b4 (0xe43f2823) mem 0x80010000 0x00000001
core   0: 0x8000e1b8 (0xff9ff06f) j       pc - 0x8
core   0: 3 0x8000e1b8 (0xff9ff06f)
core   0: 0x8000e1b0 (0x00002f17) auipc   t5, 0x2
core   0: 3 0x8000e1b0 (0x00002f17) x30 0x800101b0
core   0: 0x8000e1b4 (0xe43f2823) sw      gp, -432(t5)
core   0: 3 0x8000e1b4 (0xe43f2823) mem 0x80010000 0x00000001
core   0: 0x8000e1b8 (0xff9ff06f) j       pc - 0x8
core   0: 3 0x8000e1b8 (0xff9ff06f)
core   0: 0x8000e1b0 (0x00002f17) auipc   t5, 0x2
core   0: 3 0x8000e1b0 (0x00002f17) x30 0x800101b0
core   0: 0x8000e1b4 (0xe43f2823) sw      gp, -432(t5)
core   0: 3 0x8000e1b4 (0xe43f2823) mem 0x80010000 0x00000001
core   0: 0x8000e1b8 (0xff9ff06f) j       pc - 0x8
core   0: 3 0x8000e1b8 (0xff9ff06f)
core   0: 0x8000e1b0 (0x00002f17) auipc   t5, 0x2
core   0: 3 0x8000e1b0 (0x00002f17) x30 0x800101b0
core   0: 0x8000e1b4 (0xe43f2823) sw      gp, -432(t5)
core   0: 3 0x8000e1b4 (0xe43f2823) mem 0x80010000 0x00000001
core   0: 0x8000e1b8 (0xff9ff06f) j       pc - 0x8
core   0: 3 0x8000e1b8 (0xff9ff06f)
core   0: 0x8000e1b0 (0x00002f17) auipc   t5, 0x2
core   0: 3 0x8000e1b0 (0x00002f17) x30 0x800101b0
core   0: 0x8000e1b4 (0xe43f2823) sw      gp, -432(t5)
core   0: 3 0x8000e1b4 (0xe43f2823) mem 0x80010000 0x00000001
core   0: 0x8000e1b8 (0xff9ff06f) j       pc - 0x8
core   0: 3 0x8000e1b8 (0xff9ff06f)
core   0: 0x8000e1b0 (0x00002f17) auipc   t5, 0x2
core   0: 3 0x8000e1b0 (0x00002f17) x30 0x800101b0
core   0: 0x8000e1b4 (0xe43f2823) sw      gp, -432(t5)
core   0: 3 0x8000e1b4 (0xe43f2823) mem 0x80010000 0x00000001
core   0: 0x8000e1b8 (0xff9ff06f) j       pc - 0x8
core   0: 3 0x8000e1b8 (0xff9ff06f)
core   0: 0x8000e1b0 (0x00002f17) auipc   t5, 0x2
core   0: 3 0x8000e1b0 (0x00002f17) x30 0x800101b0
core   0: 0x8000e1b4 (0xe43f2823) sw      gp, -432(t5)
core   0: 3 0x8000e1b4 (0xe43f2823) mem 0x80010000 0x00000001
core   0: 0x8000e1b8 (0xff9ff06f) j       pc - 0x8
core   0: 3 0x8000e1b8 (0xff9ff06f)
core   0: 0x8000e1b0 (0x00002f17) auipc   t5, 0x2
core   0: 3 0x8000e1b0 (0x00002f17) x30 0x800101b0
core   0: 0x8000e1b4 (0xe43f2823) sw      gp, -432(t5)
core   0: 3 0x8000e1b4 (0xe43f2823) mem 0x80010000 0x00000001
core   0: 0x8000e1b8 (0xff9ff06f) j       pc - 0x8
core   0: 3 0x8000e1b8 (0xff9ff06f)
core   0: 0x8000e1b0 (0x00002f17) auipc   t5, 0x2
core   0: 3 0x8000e1b0 (0x00002f17) x30 0x800101b0
core   0: 0x8000e1b4 (0xe43f2823) sw      gp, -432(t5)
core   0: 3 0x8000e1b4 (0xe43f2823) mem 0x80010000 0x00000001
core   0: 0x8000e1b8 (0xff9ff06f) j       pc - 0x8
core   0: 3 0x8000e1b8 (0xff9ff06f)
core   0: 0x8000e1b0 (0x00002f17) auipc   t5, 0x2
core   0: 3 0x8000e1b0 (0x00002f17) x30 0x800101b0
core   0: 0x8000e1b4 (0xe43f2823) sw      gp, -432(t5)
core   0: 3 0x8000e1b4 (0xe43f2823) mem 0x80010000 0x00000001
core   0: 0x8000e1b8 (0xff9ff06f) j       pc - 0x8
core   0: 3 0x8000e1b8 (0xff9ff06f)
core   0: 0x8000e1b0 (0x00002f17) auipc   t5, 0x2
core   0: 3 0x8000e1b0 (0x00002f17) x30 0x800101b0
core   0: 0x8000e1b4 (0xe43f2823) sw      gp, -432(t5)
core   0: 3 0x8000e1b4 (0xe43f2823) mem 0x80010000 0x00000001
core   0: 0x8000e1b8 (0xff9ff06f) j       pc - 0x8
core   0: 3 0x8000e1b8 (0xff9ff06f)
core   0: 0x8000e1b0 (0x00002f17) auipc   t5, 0x2
core   0: 3 0x8000e1b0 (0x00002f17) x30 0x800101b0
core   0: 0x8000e1b4 (0xe43f2823) sw      gp, -432(t5)
core   0: 3 0x8000e1b4 (0xe43f2823) mem 0x80010000 0x00000001
core   0: 0x8000e1b8 (0xff9ff06f) j       pc - 0x8
core   0: 3 0x8000e1b8 (0xff9ff06f)
core   0: 0x8000e1b0 (0x00002f17) auipc   t5, 0x2
core   0: 3 0x8000e1b0 (0x00002f17) x30 0x800101b0
core   0: 0x8000e1b4 (0xe43f2823) sw      gp, -432(t5)
core   0: 3 0x8000e1b4 (0xe43f2823) mem 0x80010000 0x00000001
core   0: 0x8000e1b8 (0xff9ff06f) j       pc - 0x8
core   0: 3 0x8000e1b8 (0xff9ff06f)
core   0: 0x8000e1b0 (0x00002f17) auipc   t5, 0x2
core   0: 3 0x8000e1b0 (0x00002f17) x30 0x800101b0
core   0: 0x8000e1b4 (0xe43f2823) sw      gp, -432(t5)
core   0: 3 0x8000e1b4 (0xe43f2823) mem 0x80010000 0x00000001
core   0: 0x8000e1b8 (0xff9ff06f) j       pc - 0x8
core   0: 3 0x8000e1b8 (0xff9ff06f)
core   0: 0x8000e1b0 (0x00002f17) auipc   t5, 0x2
core   0: 3 0x8000e1b0 (0x00002f17) x30 0x800101b0
core   0: 0x8000e1b4 (0xe43f2823) sw      gp, -432(t5)
core   0: 3 0x8000e1b4 (0xe43f2823) mem 0x80010000 0x00000001
core   0: 0x8000e1b8 (0xff9ff06f) j       pc - 0x8
core   0: 3 0x8000e1b8 (0xff9ff06f)
core   0: 0x8000e1b0 (0x00002f17) auipc   t5, 0x2
core   0: 3 0x8000e1b0 (0x00002f17) x30 0x800101b0
core   0: 0x8000e1b4 (0xe43f2823) sw      gp, -432(t5)
core   0: 3 0x8000e1b4 (0xe43f2823) mem 0x80010000 0x00000001
core   0: 0x8000e1b8 (0xff9ff06f) j       pc - 0x8
core   0: 3 0x8000e1b8 (0xff9ff06f)
core   0: 0x8000e1b0 (0x00002f17) auipc   t5, 0x2
core   0: 3 0x8000e1b0 (0x00002f17) x30 0x800101b0
core   0: 0x8000e1b4 (0xe43f2823) sw      gp, -432(t5)
core   0: 3 0x8000e1b4 (0xe43f2823) mem 0x80010000 0x00000001
core   0: 0x8000e1b8 (0xff9ff06f) j       pc - 0x8
core   0: 3 0x8000e1b8 (0xff9ff06f)
core   0: 0x8000e1b0 (0x00002f17) auipc   t5, 0x2
core   0: 3 0x8000e1b0 (0x00002f17) x30 0x800101b0
core   0: 0x8000e1b4 (0xe43f2823) sw      gp, -432(t5)
core   0: 3 0x8000e1b4 (0xe43f2823) mem 0x80010000 0x00000001
core   0: 0x8000e1b8 (0xff9ff06f) j       pc - 0x8
core   0: 3 0x8000e1b8 (0xff9ff06f)
core   0: 0x8000e1b0 (0x00002f17) auipc   t5, 0x2
core   0: 3 0x8000e1b0 (0x00002f17) x30 0x800101b0
core   0: 0x8000e1b4 (0xe43f2823) sw      gp, -432(t5)
core   0: 3 0x8000e1b4 (0xe43f2823) mem 0x80010000 0x00000001
core   0: 0x8000e1b8 (0xff9ff06f) j       pc - 0x8
core   0: 3 0x8000e1b8 (0xff9ff06f)
core   0: 0x8000e1b0 (0x00002f17) auipc   t5, 0x2
core   0: 3 0x8000e1b0 (0x00002f17) x30 0x800101b0
core   0: 0x8000e1b4 (0xe43f2823) sw      gp, -432(t5)
core   0: 3 0x8000e1b4 (0xe43f2823) mem 0x80010000 0x00000001
core   0: 0x8000e1b8 (0xff9ff06f) j       pc - 0x8
core   0: 3 0x8000e1b8 (0xff9ff06f)
core   0: 0x8000e1b0 (0x00002f17) auipc   t5, 0x2
core   0: 3 0x8000e1b0 (0x00002f17) x30 0x800101b0
core   0: 0x8000e1b4 (0xe43f2823) sw      gp, -432(t5)
core   0: 3 0x8000e1b4 (0xe43f2823) mem 0x80010000 0x00000001
core   0: 0x8000e1b8 (0xff9ff06f) j       pc - 0x8
core   0: 3 0x8000e1b8 (0xff9ff06f)
core   0: 0x8000e1b0 (0x00002f17) auipc   t5, 0x2
core   0: 3 0x8000e1b0 (0x00002f17) x30 0x800101b0
core   0: 0x8000e1b4 (0xe43f2823) sw      gp, -432(t5)
core   0: 3 0x8000e1b4 (0xe43f2823) mem 0x80010000 0x00000001
core   0: 0x8000e1b8 (0xff9ff06f) j       pc - 0x8
core   0: 3 0x8000e1b8 (0xff9ff06f)
core   0: 0x8000e1b0 (0x00002f17) auipc   t5, 0x2
core   0: 3 0x8000e1b0 (0x00002f17) x30 0x800101b0
core   0: 0x8000e1b4 (0xe43f2823) sw      gp, -432(t5)
core   0: 3 0x8000e1b4 (0xe43f2823) mem 0x80010000 0x00000001
core   0: 0x8000e1b8 (0xff9ff06f) j       pc - 0x8
core   0: 3 0x8000e1b8 (0xff9ff06f)
core   0: 0x8000e1b0 (0x00002f17) auipc   t5, 0x2
core   0: 3 0x8000e1b0 (0x00002f17) x30 0x800101b0
core   0: 0x8000e1b4 (0xe43f2823) sw      gp, -432(t5)
core   0: 3 0x8000e1b4 (0xe43f2823) mem 0x80010000 0x00000001
core   0: 0x8000e1b8 (0xff9ff06f) j       pc - 0x8
core   0: 3 0x8000e1b8 (0xff9ff06f)
core   0: 0x8000e1b0 (0x00002f17) auipc   t5, 0x2
core   0: 3 0x8000e1b0 (0x00002f17) x30 0x800101b0
core   0: 0x8000e1b4 (0xe43f2823) sw      gp, -432(t5)
core   0: 3 0x8000e1b4 (0xe43f2823) mem 0x80010000 0x00000001
core   0: 0x8000e1b8 (0xff9ff06f) j       pc - 0x8
core   0: 3 0x8000e1b8 (0xff9ff06f)
core   0: 0x8000e1b0 (0x00002f17) auipc   t5, 0x2
core   0: 3 0x8000e1b0 (0x00002f17) x30 0x800101b0
core   0: 0x8000e1b4 (0xe43f2823) sw      gp, -432(t5)
core   0: 3 0x8000e1b4 (0xe43f2823) mem 0x80010000 0x00000001
core   0: 0x8000e1b8 (0xff9ff06f) j       pc - 0x8
core   0: 3 0x8000e1b8 (0xff9ff06f)
core   0: 0x8000e1b0 (0x00002f17) auipc   t5, 0x2
core   0: 3 0x8000e1b0 (0x00002f17) x30 0x800101b0
core   0: 0x8000e1b4 (0xe43f2823) sw      gp, -432(t5)
core   0: 3 0x8000e1b4 (0xe43f2823) mem 0x80010000 0x00000001
core   0: 0x8000e1b8 (0xff9ff06f) j       pc - 0x8
core   0: 3 0x8000e1b8 (0xff9ff06f)
core   0: 0x8000e1b0 (0x00002f17) auipc   t5, 0x2
core   0: 3 0x8000e1b0 (0x00002f17) x30 0x800101b0
core   0: 0x8000e1b4 (0xe43f2823) sw      gp, -432(t5)
core   0: 3 0x8000e1b4 (0xe43f2823) mem 0x80010000 0x00000001
core   0: 0x8000e1b8 (0xff9ff06f) j       pc - 0x8
core   0: 3 0x8000e1b8 (0xff9ff06f)
core   0: 0x8000e1b0 (0x00002f17) auipc   t5, 0x2
core   0: 3 0x8000e1b0 (0x00002f17) x30 0x800101b0
core   0: 0x8000e1b4 (0xe43f2823) sw      gp, -432(t5)
core   0: 3 0x8000e1b4 (0xe43f2823) mem 0x80010000 0x00000001
core   0: 0x8000e1b8 (0xff9ff06f) j       pc - 0x8
core   0: 3 0x8000e1b8 (0xff9ff06f)
core   0: 0x8000e1b0 (0x00002f17) auipc   t5, 0x2
core   0: 3 0x8000e1b0 (0x00002f17) x30 0x800101b0
core   0: 0x8000e1b4 (0xe43f2823) sw      gp, -432(t5)
core   0: 3 0x8000e1b4 (0xe43f2823) mem 0x80010000 0x00000001
core   0: 0x8000e1b8 (0xff9ff06f) j       pc - 0x8
core   0: 3 0x8000e1b8 (0xff9ff06f)
core   0: 0x8000e1b0 (0x00002f17) auipc   t5, 0x2
core   0: 3 0x8000e1b0 (0x00002f17) x30 0x800101b0
core   0: 0x8000e1b4 (0xe43f2823) sw      gp, -432(t5)
core   0: 3 0x8000e1b4 (0xe43f2823) mem 0x80010000 0x00000001
core   0: 0x8000e1b8 (0xff9ff06f) j       pc - 0x8
core   0: 3 0x8000e1b8 (0xff9ff06f)
core   0: 0x8000e1b0 (0x00002f17) auipc   t5, 0x2
core   0: 3 0x8000e1b0 (0x00002f17) x30 0x800101b0
core   0: 0x8000e1b4 (0xe43f2823) sw      gp, -432(t5)
core   0: 3 0x8000e1b4 (0xe43f2823) mem 0x80010000 0x00000001
core   0: 0x8000e1b8 (0xff9ff06f) j       pc - 0x8
core   0: 3 0x8000e1b8 (0xff9ff06f)
core   0: 0x8000e1b0 (0x00002f17) auipc   t5, 0x2
core   0: 3 0x8000e1b0 (0x00002f17) x30 0x800101b0
core   0: 0x8000e1b4 (0xe43f2823) sw      gp, -432(t5)
core   0: 3 0x8000e1b4 (0xe43f2823) mem 0x80010000 0x00000001
core   0: 0x8000e1b8 (0xff9ff06f) j       pc - 0x8
core   0: 3 0x8000e1b8 (0xff9ff06f)
core   0: 0x8000e1b0 (0x00002f17) auipc   t5, 0x2
core   0: 3 0x8000e1b0 (0x00002f17) x30 0x800101b0
core   0: 0x8000e1b4 (0xe43f2823) sw      gp, -432(t5)
core   0: 3 0x8000e1b4 (0xe43f2823) mem 0x80010000 0x00000001
core   0: 0x8000e1b8 (0xff9ff06f) j       pc - 0x8
core   0: 3 0x8000e1b8 (0xff9ff06f)
core   0: 0x8000e1b0 (0x00002f17) auipc   t5, 0x2
core   0: 3 0x8000e1b0 (0x00002f17) x30 0x800101b0
core   0: 0x8000e1b4 (0xe43f2823) sw      gp, -432(t5)
core   0: 3 0x8000e1b4 (0xe43f2823) mem 0x80010000 0x00000001
core   0: 0x8000e1b8 (0xff9ff06f) j       pc - 0x8
core   0: 3 0x8000e1b8 (0xff9ff06f)
core   0: 0x8000e1b0 (0x00002f17) auipc   t5, 0x2
core   0: 3 0x8000e1b0 (0x00002f17) x30 0x800101b0
core   0: 0x8000e1b4 (0xe43f2823) sw      gp, -432(t5)
core   0: 3 0x8000e1b4 (0xe43f2823) mem 0x80010000 0x00000001
core   0: 0x8000e1b8 (0xff9ff06f) j       pc - 0x8
core   0: 3 0x8000e1b8 (0xff9ff06f)
core   0: 0x8000e1b0 (0x00002f17) auipc   t5, 0x2
core   0: 3 0x8000e1b0 (0x00002f17) x30 0x800101b0
core   0: 0x8000e1b4 (0xe43f2823) sw      gp, -432(t5)
core   0: 3 0x8000e1b4 (0xe43f2823) mem 0x80010000 0x00000001
core   0: 0x8000e1b8 (0xff9ff06f) j       pc - 0x8
core   0: 3 0x8000e1b8 (0xff9ff06f)
core   0: 0x8000e1b0 (0x00002f17) auipc   t5, 0x2
core   0: 3 0x8000e1b0 (0x00002f17) x30 0x800101b0
core   0: 0x8000e1b4 (0xe43f2823) sw      gp, -432(t5)
core   0: 3 0x8000e1b4 (0xe43f2823) mem 0x80010000 0x00000001
core   0: 0x8000e1b8 (0xff9ff06f) j       pc - 0x8
core   0: 3 0x8000e1b8 (0xff9ff06f)
core   0: 0x8000e1b0 (0x00002f17) auipc   t5, 0x2
core   0: 3 0x8000e1b0 (0x00002f17) x30 0x800101b0
core   0: 0x8000e1b4 (0xe43f2823) sw      gp, -432(t5)
core   0: 3 0x8000e1b4 (0xe43f2823) mem 0x80010000 0x00000001
core   0: 0x8000e1b8 (0xff9ff06f) j       pc - 0x8
core   0: 3 0x8000e1b8 (0xff9ff06f)
core   0: 0x8000e1b0 (0x00002f17) auipc   t5, 0x2
core   0: 3 0x8000e1b0 (0x00002f17) x30 0x800101b0
core   0: 0x8000e1b4 (0xe43f2823) sw      gp, -432(t5)
core   0: 3 0x8000e1b4 (0xe43f2823) mem 0x80010000 0x00000001
core   0: 0x8000e1b8 (0xff9ff06f) j       pc - 0x8
core   0: 3 0x8000e1b8 (0xff9ff06f)
core   0: 0x8000e1b0 (0x00002f17) auipc   t5, 0x2
core   0: 3 0x8000e1b0 (0x00002f17) x30 0x800101b0
core   0: 0x8000e1b4 (0xe43f2823) sw      gp, -432(t5)
core   0: 3 0x8000e1b4 (0xe43f2823) mem 0x80010000 0x00000001
core   0: 0x8000e1b8 (0xff9ff06f) j       pc - 0x8
core   0: 3 0x8000e1b8 (0xff9ff06f)
core   0: 0x8000e1b0 (0x00002f17) auipc   t5, 0x2
core   0: 3 0x8000e1b0 (0x00002f17) x30 0x800101b0
core   0: 0x8000e1b4 (0xe43f2823) sw      gp, -432(t5)
core   0: 3 0x8000e1b4 (0xe43f2823) mem 0x80010000 0x00000001
core   0: 0x8000e1b8 (0xff9ff06f) j       pc - 0x8
core   0: 3 0x8000e1b8 (0xff9ff06f)
core   0: 0x8000e1b0 (0x00002f17) auipc   t5, 0x2
core   0: 3 0x8000e1b0 (0x00002f17) x30 0x800101b0
core   0: 0x8000e1b4 (0xe43f2823) sw      gp, -432(t5)
core   0: 3 0x8000e1b4 (0xe43f2823) mem 0x80010000 0x00000001
core   0: 0x8000e1b8 (0xff9ff06f) j       pc - 0x8
core   0: 3 0x8000e1b8 (0xff9ff06f)
core   0: 0x8000e1b0 (0x00002f17) auipc   t5, 0x2
core   0: 3 0x8000e1b0 (0x00002f17) x30 0x800101b0
core   0: 0x8000e1b4 (0xe43f2823) sw      gp, -432(t5)
core   0: 3 0x8000e1b4 (0xe43f2823) mem 0x80010000 0x00000001
core   0: 0x8000e1b8 (0xff9ff06f) j       pc - 0x8
core   0: 3 0x8000e1b8 (0xff9ff06f)
core   0: 0x8000e1b0 (0x00002f17) auipc   t5, 0x2
core   0: 3 0x8000e1b0 (0x00002f17) x30 0x800101b0
core   0: 0x8000e1b4 (0xe43f2823) sw      gp, -432(t5)
core   0: 3 0x8000e1b4 (0xe43f2823) mem 0x80010000 0x00000001
core   0: 0x8000e1b8 (0xff9ff06f) j       pc - 0x8
core   0: 3 0x8000e1b8 (0xff9ff06f)
core   0: 0x8000e1b0 (0x00002f17) auipc   t5, 0x2
core   0: 3 0x8000e1b0 (0x00002f17) x30 0x800101b0
core   0: 0x8000e1b4 (0xe43f2823) sw      gp, -432(t5)
core   0: 3 0x8000e1b4 (0xe43f2823) mem 0x80010000 0x00000001
core   0: 0x8000e1b8 (0xff9ff06f) j       pc - 0x8
core   0: 3 0x8000e1b8 (0xff9ff06f)
core   0: 0x8000e1b0 (0x00002f17) auipc   t5, 0x2
core   0: 3 0x8000e1b0 (0x00002f17) x30 0x800101b0
core   0: 0x8000e1b4 (0xe43f2823) sw      gp, -432(t5)
core   0: 3 0x8000e1b4 (0xe43f2823) mem 0x80010000 0x00000001
core   0: 0x8000e1b8 (0xff9ff06f) j       pc - 0x8
core   0: 3 0x8000e1b8 (0xff9ff06f)
core   0: 0x8000e1b0 (0x00002f17) auipc   t5, 0x2
core   0: 3 0x8000e1b0 (0x00002f17) x30 0x800101b0
core   0: 0x8000e1b4 (0xe43f2823) sw      gp, -432(t5)
core   0: 3 0x8000e1b4 (0xe43f2823) mem 0x80010000 0x00000001
core   0: 0x8000e1b8 (0xff9ff06f) j       pc - 0x8
core   0: 3 0x8000e1b8 (0xff9ff06f)
core   0: 0x8000e1b0 (0x00002f17) auipc   t5, 0x2
core   0: 3 0x8000e1b0 (0x00002f17) x30 0x800101b0
core   0: 0x8000e1b4 (0xe43f2823) sw      gp, -432(t5)
core   0: 3 0x8000e1b4 (0xe43f2823) mem 0x80010000 0x00000001
core   0: 0x8000e1b8 (0xff9ff06f) j       pc - 0x8
core   0: 3 0x8000e1b8 (0xff9ff06f)
core   0: 0x8000e1b0 (0x00002f17) auipc   t5, 0x2
core   0: 3 0x8000e1b0 (0x00002f17) x30 0x800101b0
core   0: 0x8000e1b4 (0xe43f2823) sw      gp, -432(t5)
core   0: 3 0x8000e1b4 (0xe43f2823) mem 0x80010000 0x00000001
core   0: 0x8000e1b8 (0xff9ff06f) j       pc - 0x8
core   0: 3 0x8000e1b8 (0xff9ff06f)
core   0: 0x8000e1b0 (0x00002f17) auipc   t5, 0x2
core   0: 3 0x8000e1b0 (0x00002f17) x30 0x800101b0
core   0: 0x8000e1b4 (0xe43f2823) sw      gp, -432(t5)
core   0: 3 0x8000e1b4 (0xe43f2823) mem 0x80010000 0x00000001
core   0: 0x8000e1b8 (0xff9ff06f) j       pc - 0x8
core   0: 3 0x8000e1b8 (0xff9ff06f)
core   0: 0x8000e1b0 (0x00002f17) auipc   t5, 0x2
core   0: 3 0x8000e1b0 (0x00002f17) x30 0x800101b0
core   0: 0x8000e1b4 (0xe43f2823) sw      gp, -432(t5)
core   0: 3 0x8000e1b4 (0xe43f2823) mem 0x80010000 0x00000001
core   0: 0x8000e1b8 (0xff9ff06f) j       pc - 0x8
core   0: 3 0x8000e1b8 (0xff9ff06f)
core   0: 0x8000e1b0 (0x00002f17) auipc   t5, 0x2
core   0: 3 0x8000e1b0 (0x00002f17) x30 0x800101b0
core   0: 0x8000e1b4 (0xe43f2823) sw      gp, -432(t5)
core   0: 3 0x8000e1b4 (0xe43f2823) mem 0x80010000 0x00000001
core   0: 0x8000e1b8 (0xff9ff06f) j       pc - 0x8
core   0: 3 0x8000e1b8 (0xff9ff06f)
core   0: 0x8000e1b0 (0x00002f17) auipc   t5, 0x2
core   0: 3 0x8000e1b0 (0x00002f17) x30 0x800101b0
core   0: 0x8000e1b4 (0xe43f2823) sw      gp, -432(t5)
core   0: 3 0x8000e1b4 (0xe43f2823) mem 0x80010000 0x00000001
core   0: 0x8000e1b8 (0xff9ff06f) j       pc - 0x8
core   0: 3 0x8000e1b8 (0xff9ff06f)
core   0: 0x8000e1b0 (0x00002f17) auipc   t5, 0x2
core   0: 3 0x8000e1b0 (0x00002f17) x30 0x800101b0
core   0: 0x8000e1b4 (0xe43f2823) sw      gp, -432(t5)
core   0: 3 0x8000e1b4 (0xe43f2823) mem 0x80010000 0x00000001
core   0: 0x8000e1b8 (0xff9ff06f) j       pc - 0x8
core   0: 3 0x8000e1b8 (0xff9ff06f)
core   0: 0x8000e1b0 (0x00002f17) auipc   t5, 0x2
core   0: 3 0x8000e1b0 (0x00002f17) x30 0x800101b0
core   0: 0x8000e1b4 (0xe43f2823) sw      gp, -432(t5)
core   0: 3 0x8000e1b4 (0xe43f2823) mem 0x80010000 0x00000001
core   0: 0x8000e1b8 (0xff9ff06f) j       pc - 0x8
core   0: 3 0x8000e1b8 (0xff9ff06f)
core   0: 0x8000e1b0 (0x00002f17) auipc   t5, 0x2
core   0: 3 0x8000e1b0 (0x00002f17) x30 0x800101b0
core   0: 0x8000e1b4 (0xe43f2823) sw      gp, -432(t5)
core   0: 3 0x8000e1b4 (0xe43f2823) mem 0x80010000 0x00000001
core   0: 0x8000e1b8 (0xff9ff06f) j       pc - 0x8
core   0: 3 0x8000e1b8 (0xff9ff06f)
core   0: 0x8000e1b0 (0x00002f17) auipc   t5, 0x2
core   0: 3 0x8000e1b0 (0x00002f17) x30 0x800101b0
core   0: 0x8000e1b4 (0xe43f2823) sw      gp, -432(t5)
core   0: 3 0x8000e1b4 (0xe43f2823) mem 0x80010000 0x00000001
core   0: 0x8000e1b8 (0xff9ff06f) j       pc - 0x8
core   0: 3 0x8000e1b8 (0xff9ff06f)
core   0: 0x8000e1b0 (0x00002f17) auipc   t5, 0x2
core   0: 3 0x8000e1b0 (0x00002f17) x30 0x800101b0
core   0: 0x8000e1b4 (0xe43f2823) sw      gp, -432(t5)
core   0: 3 0x8000e1b4 (0xe43f2823) mem 0x80010000 0x00000001
core   0: 0x8000e1b8 (0xff9ff06f) j       pc - 0x8
core   0: 3 0x8000e1b8 (0xff9ff06f)
core   0: 0x8000e1b0 (0x00002f17) auipc   t5, 0x2
core   0: 3 0x8000e1b0 (0x00002f17) x30 0x800101b0
core   0: 0x8000e1b4 (0xe43f2823) sw      gp, -432(t5)
core   0: 3 0x8000e1b4 (0xe43f2823) mem 0x80010000 0x00000001
core   0: 0x8000e1b8 (0xff9ff06f) j       pc - 0x8
core   0: 3 0x8000e1b8 (0xff9ff06f)
core   0: 0x8000e1b0 (0x00002f17) auipc   t5, 0x2
core   0: 3 0x8000e1b0 (0x00002f17) x30 0x800101b0
core   0: 0x8000e1b4 (0xe43f2823) sw      gp, -432(t5)
core   0: 3 0x8000e1b4 (0xe43f2823) mem 0x80010000 0x00000001
core   0: 0x8000e1b8 (0xff9ff06f) j       pc - 0x8
core   0: 3 0x8000e1b8 (0xff9ff06f)
core   0: 0x8000e1b0 (0x00002f17) auipc   t5, 0x2
core   0: 3 0x8000e1b0 (0x00002f17) x30 0x800101b0
core   0: 0x8000e1b4 (0xe43f2823) sw      gp, -432(t5)
core   0: 3 0x8000e1b4 (0xe43f2823) mem 0x80010000 0x00000001
core   0: 0x8000e1b8 (0xff9ff06f) j       pc - 0x8
core   0: 3 0x8000e1b8 (0xff9ff06f)
core   0: 0x8000e1b0 (0x00002f17) auipc   t5, 0x2
core   0: 3 0x8000e1b0 (0x00002f17) x30 0x800101b0
core   0: 0x8000e1b4 (0xe43f2823) sw      gp, -432(t5)
core   0: 3 0x8000e1b4 (0xe43f2823) mem 0x80010000 0x00000001
core   0: 0x8000e1b8 (0xff9ff06f) j       pc - 0x8
core   0: 3 0x8000e1b8 (0xff9ff06f)
core   0: 0x8000e1b0 (0x00002f17) auipc   t5, 0x2
core   0: 3 0x8000e1b0 (0x00002f17) x30 0x800101b0
core   0: 0x8000e1b4 (0xe43f2823) sw      gp, -432(t5)
core   0: 3 0x8000e1b4 (0xe43f2823) mem 0x80010000 0x00000001
core   0: 0x8000e1b8 (0xff9ff06f) j       pc - 0x8
core   0: 3 0x8000e1b8 (0xff9ff06f)
core   0: 0x8000e1b0 (0x00002f17) auipc   t5, 0x2
core   0: 3 0x8000e1b0 (0x00002f17) x30 0x800101b0
core   0: 0x8000e1b4 (0xe43f2823) sw      gp, -432(t5)
core   0: 3 0x8000e1b4 (0xe43f2823) mem 0x80010000 0x00000001
core   0: 0x8000e1b8 (0xff9ff06f) j       pc - 0x8
core   0: 3 0x8000e1b8 (0xff9ff06f)
core   0: 0x8000e1b0 (0x00002f17) auipc   t5, 0x2
core   0: 3 0x8000e1b0 (0x00002f17) x30 0x800101b0
core   0: 0x8000e1b4 (0xe43f2823) sw      gp, -432(t5)
core   0: 3 0x8000e1b4 (0xe43f2823) mem 0x80010000 0x00000001
core   0: 0x8000e1b8 (0xff9ff06f) j       pc - 0x8
core   0: 3 0x8000e1b8 (0xff9ff06f)
core   0: 0x8000e1b0 (0x00002f17) auipc   t5, 0x2
core   0: 3 0x8000e1b0 (0x00002f17) x30 0x800101b0
core   0: 0x8000e1b4 (0xe43f2823) sw      gp, -432(t5)
core   0: 3 0x8000e1b4 (0xe43f2823) mem 0x80010000 0x00000001
core   0: 0x8000e1b8 (0xff9ff06f) j       pc - 0x8
core   0: 3 0x8000e1b8 (0xff9ff06f)
core   0: 0x8000e1b0 (0x00002f17) auipc   t5, 0x2
core   0: 3 0x8000e1b0 (0x00002f17) x30 0x800101b0
core   0: 0x8000e1b4 (0xe43f2823) sw      gp, -432(t5)
core   0: 3 0x8000e1b4 (0xe43f2823) mem 0x80010000 0x00000001
core   0: 0x8000e1b8 (0xff9ff06f) j       pc - 0x8
core   0: 3 0x8000e1b8 (0xff9ff06f)
core   0: 0x8000e1b0 (0x00002f17) auipc   t5, 0x2
core   0: 3 0x8000e1b0 (0x00002f17) x30 0x800101b0
core   0: 0x8000e1b4 (0xe43f2823) sw      gp, -432(t5)
core   0: 3 0x8000e1b4 (0xe43f2823) mem 0x80010000 0x00000001
core   0: 0x8000e1b8 (0xff9ff06f) j       pc - 0x8
core   0: 3 0x8000e1b8 (0xff9ff06f)
core   0: 0x8000e1b0 (0x00002f17) auipc   t5, 0x2
core   0: 3 0x8000e1b0 (0x00002f17) x30 0x800101b0
core   0: 0x8000e1b4 (0xe43f2823) sw      gp, -432(t5)
core   0: 3 0x8000e1b4 (0xe43f2823) mem 0x80010000 0x00000001
core   0: 0x8000e1b8 (0xff9ff06f) j       pc - 0x8
core   0: 3 0x8000e1b8 (0xff9ff06f)
core   0: 0x8000e1b0 (0x00002f17) auipc   t5, 0x2
core   0: 3 0x8000e1b0 (0x00002f17) x30 0x800101b0
core   0: 0x8000e1b4 (0xe43f2823) sw      gp, -432(t5)
core   0: 3 0x8000e1b4 (0xe43f2823) mem 0x80010000 0x00000001
core   0: 0x8000e1b8 (0xff9ff06f) j       pc - 0x8
core   0: 3 0x8000e1b8 (0xff9ff06f)
core   0: 0x8000e1b0 (0x00002f17) auipc   t5, 0x2
core   0: 3 0x8000e1b0 (0x00002f17) x30 0x800101b0
core   0: 0x8000e1b4 (0xe43f2823) sw      gp, -432(t5)
core   0: 3 0x8000e1b4 (0xe43f2823) mem 0x80010000 0x00000001
core   0: 0x8000e1b8 (0xff9ff06f) j       pc - 0x8
core   0: 3 0x8000e1b8 (0xff9ff06f)
core   0: 0x8000e1b0 (0x00002f17) auipc   t5, 0x2
core   0: 3 0x8000e1b0 (0x00002f17) x30 0x800101b0
core   0: 0x8000e1b4 (0xe43f2823) sw      gp, -432(t5)
core   0: 3 0x8000e1b4 (0xe43f2823) mem 0x80010000 0x00000001
core   0: 0x8000e1b8 (0xff9ff06f) j       pc - 0x8
core   0: 3 0x8000e1b8 (0xff9ff06f)
core   0: 0x8000e1b0 (0x00002f17) auipc   t5, 0x2
core   0: 3 0x8000e1b0 (0x00002f17) x30 0x800101b0
core   0: 0x8000e1b4 (0xe43f2823) sw      gp, -432(t5)
core   0: 3 0x8000e1b4 (0xe43f2823) mem 0x80010000 0x00000001
core   0: 0x8000e1b8 (0xff9ff06f) j       pc - 0x8
core   0: 3 0x8000e1b8 (0xff9ff06f)
core   0: 0x8000e1b0 (0x00002f17) auipc   t5, 0x2
core   0: 3 0x8000e1b0 (0x00002f17) x30 0x800101b0
core   0: 0x8000e1b4 (0xe43f2823) sw      gp, -432(t5)
core   0: 3 0x8000e1b4 (0xe43f2823) mem 0x80010000 0x00000001
core   0: 0x8000e1b8 (0xff9ff06f) j       pc - 0x8
core   0: 3 0x8000e1b8 (0xff9ff06f)
core   0: 0x8000e1b0 (0x00002f17) auipc   t5, 0x2
core   0: 3 0x8000e1b0 (0x00002f17) x30 0x800101b0
core   0: 0x8000e1b4 (0xe43f2823) sw      gp, -432(t5)
core   0: 3 0x8000e1b4 (0xe43f2823) mem 0x80010000 0x00000001
core   0: 0x8000e1b8 (0xff9ff06f) j       pc - 0x8
core   0: 3 0x8000e1b8 (0xff9ff06f)
core   0: 0x8000e1b0 (0x00002f17) auipc   t5, 0x2
core   0: 3 0x8000e1b0 (0x00002f17) x30 0x800101b0
core   0: 0x8000e1b4 (0xe43f2823) sw      gp, -432(t5)
core   0: 3 0x8000e1b4 (0xe43f2823) mem 0x80010000 0x00000001
core   0: 0x8000e1b8 (0xff9ff06f) j       pc - 0x8
core   0: 3 0x8000e1b8 (0xff9ff06f)
core   0: 0x8000e1b0 (0x00002f17) auipc   t5, 0x2
core   0: 3 0x8000e1b0 (0x00002f17) x30 0x800101b0
core   0: 0x8000e1b4 (0xe43f2823) sw      gp, -432(t5)
core   0: 3 0x8000e1b4 (0xe43f2823) mem 0x80010000 0x00000001
core   0: 0x8000e1b8 (0xff9ff06f) j       pc - 0x8
core   0: 3 0x8000e1b8 (0xff9ff06f)
core   0: 0x8000e1b0 (0x00002f17) auipc   t5, 0x2
core   0: 3 0x8000e1b0 (0x00002f17) x30 0x800101b0
core   0: 0x8000e1b4 (0xe43f2823) sw      gp, -432(t5)
core   0: 3 0x8000e1b4 (0xe43f2823) mem 0x80010000 0x00000001
core   0: 0x8000e1b8 (0xff9ff06f) j       pc - 0x8
core   0: 3 0x8000e1b8 (0xff9ff06f)
core   0: 0x8000e1b0 (0x00002f17) auipc   t5, 0x2
core   0: 3 0x8000e1b0 (0x00002f17) x30 0x800101b0
core   0: 0x8000e1b4 (0xe43f2823) sw      gp, -432(t5)
core   0: 3 0x8000e1b4 (0xe43f2823) mem 0x80010000 0x00000001
core   0: 0x8000e1b8 (0xff9ff06f) j       pc - 0x8
core   0: 3 0x8000e1b8 (0xff9ff06f)
core   0: 0x8000e1b0 (0x00002f17) auipc   t5, 0x2
core   0: 3 0x8000e1b0 (0x00002f17) x30 0x800101b0
core   0: 0x8000e1b4 (0xe43f2823) sw      gp, -432(t5)
core   0: 3 0x8000e1b4 (0xe43f2823) mem 0x80010000 0x00000001
core   0: 0x8000e1b8 (0xff9ff06f) j       pc - 0x8
core   0: 3 0x8000e1b8 (0xff9ff06f)
core   0: 0x8000e1b0 (0x00002f17) auipc   t5, 0x2
core   0: 3 0x8000e1b0 (0x00002f17) x30 0x800101b0
core   0: 0x8000e1b4 (0xe43f2823) sw      gp, -432(t5)
core   0: 3 0x8000e1b4 (0xe43f2823) mem 0x80010000 0x00000001
core   0: 0x8000e1b8 (0xff9ff06f) j       pc - 0x8
core   0: 3 0x8000e1b8 (0xff9ff06f)
core   0: 0x8000e1b0 (0x00002f17) auipc   t5, 0x2
core   0: 3 0x8000e1b0 (0x00002f17) x30 0x800101b0
core   0: 0x8000e1b4 (0xe43f2823) sw      gp, -432(t5)
core   0: 3 0x8000e1b4 (0xe43f2823) mem 0x80010000 0x00000001
core   0: 0x8000e1b8 (0xff9ff06f) j       pc - 0x8
core   0: 3 0x8000e1b8 (0xff9ff06f)
core   0: 0x8000e1b0 (0x00002f17) auipc   t5, 0x2
core   0: 3 0x8000e1b0 (0x00002f17) x30 0x800101b0
core   0: 0x8000e1b4 (0xe43f2823) sw      gp, -432(t5)
core   0: 3 0x8000e1b4 (0xe43f2823) mem 0x80010000 0x00000001
core   0: 0x8000e1b8 (0xff9ff06f) j       pc - 0x8
core   0: 3 0x8000e1b8 (0xff9ff06f)
core   0: 0x8000e1b0 (0x00002f17) auipc   t5, 0x2
core   0: 3 0x8000e1b0 (0x00002f17) x30 0x800101b0
core   0: 0x8000e1b4 (0xe43f2823) sw      gp, -432(t5)
core   0: 3 0x8000e1b4 (0xe43f2823) mem 0x80010000 0x00000001
core   0: 0x8000e1b8 (0xff9ff06f) j       pc - 0x8
core   0: 3 0x8000e1b8 (0xff9ff06f)
core   0: 0x8000e1b0 (0x00002f17) auipc   t5, 0x2
core   0: 3 0x8000e1b0 (0x00002f17) x30 0x800101b0
core   0: 0x8000e1b4 (0xe43f2823) sw      gp, -432(t5)
core   0: 3 0x8000e1b4 (0xe43f2823) mem 0x80010000 0x00000001
core   0: 0x8000e1b8 (0xff9ff06f) j       pc - 0x8
core   0: 3 0x8000e1b8 (0xff9ff06f)
core   0: 0x8000e1b0 (0x00002f17) auipc   t5, 0x2
core   0: 3 0x8000e1b0 (0x00002f17) x30 0x800101b0
core   0: 0x8000e1b4 (0xe43f2823) sw      gp, -432(t5)
core   0: 3 0x8000e1b4 (0xe43f2823) mem 0x80010000 0x00000001
core   0: 0x8000e1b8 (0xff9ff06f) j       pc - 0x8
core   0: 3 0x8000e1b8 (0xff9ff06f)
core   0: 0x8000e1b0 (0x00002f17) auipc   t5, 0x2
core   0: 3 0x8000e1b0 (0x00002f17) x30 0x800101b0
core   0: 0x8000e1b4 (0xe43f2823) sw      gp, -432(t5)
core   0: 3 0x8000e1b4 (0xe43f2823) mem 0x80010000 0x00000001
core   0: 0x8000e1b8 (0xff9ff06f) j       pc - 0x8
core   0: 3 0x8000e1b8 (0xff9ff06f)
core   0: 0x8000e1b0 (0x00002f17) auipc   t5, 0x2
core   0: 3 0x8000e1b0 (0x00002f17) x30 0x800101b0
core   0: 0x8000e1b4 (0xe43f2823) sw      gp, -432(t5)
core   0: 3 0x8000e1b4 (0xe43f2823) mem 0x80010000 0x00000001
core   0: 0x8000e1b8 (0xff9ff06f) j       pc - 0x8
core   0: 3 0x8000e1b8 (0xff9ff06f)
core   0: 0x8000e1b0 (0x00002f17) auipc   t5, 0x2
core   0: 3 0x8000e1b0 (0x00002f17) x30 0x800101b0
core   0: 0x8000e1b4 (0xe43f2823) sw      gp, -432(t5)
core   0: 3 0x8000e1b4 (0xe43f2823) mem 0x80010000 0x00000001
core   0: 0x8000e1b8 (0xff9ff06f) j       pc - 0x8
core   0: 3 0x8000e1b8 (0xff9ff06f)
core   0: 0x8000e1b0 (0x00002f17) auipc   t5, 0x2
core   0: 3 0x8000e1b0 (0x00002f17) x30 0x800101b0
core   0: 0x8000e1b4 (0xe43f2823) sw      gp, -432(t5)
core   0: 3 0x8000e1b4 (0xe43f2823) mem 0x80010000 0x00000001
core   0: 0x8000e1b8 (0xff9ff06f) j       pc - 0x8
core   0: 3 0x8000e1b8 (0xff9ff06f)
core   0: 0x8000e1b0 (0x00002f17) auipc   t5, 0x2
core   0: 3 0x8000e1b0 (0x00002f17) x30 0x800101b0
core   0: 0x8000e1b4 (0xe43f2823) sw      gp, -432(t5)
core   0: 3 0x8000e1b4 (0xe43f2823) mem 0x80010000 0x00000001
core   0: 0x8000e1b8 (0xff9ff06f) j       pc - 0x8
core   0: 3 0x8000e1b8 (0xff9ff06f)
core   0: 0x8000e1b0 (0x00002f17) auipc   t5, 0x2
core   0: 3 0x8000e1b0 (0x00002f17) x30 0x800101b0
core   0: 0x8000e1b4 (0xe43f2823) sw      gp, -432(t5)
core   0: 3 0x8000e1b4 (0xe43f2823) mem 0x80010000 0x00000001
core   0: 0x8000e1b8 (0xff9ff06f) j       pc - 0x8
core   0: 3 0x8000e1b8 (0xff9ff06f)
core   0: 0x8000e1b0 (0x00002f17) auipc   t5, 0x2
core   0: 3 0x8000e1b0 (0x00002f17) x30 0x800101b0
core   0: 0x8000e1b4 (0xe43f2823) sw      gp, -432(t5)
core   0: 3 0x8000e1b4 (0xe43f2823) mem 0x80010000 0x00000001
core   0: 0x8000e1b8 (0xff9ff06f) j       pc - 0x8
core   0: 3 0x8000e1b8 (0xff9ff06f)
core   0: 0x8000e1b0 (0x00002f17) auipc   t5, 0x2
core   0: 3 0x8000e1b0 (0x00002f17) x30 0x800101b0
core   0: 0x8000e1b4 (0xe43f2823) sw      gp, -432(t5)
core   0: 3 0x8000e1b4 (0xe43f2823) mem 0x80010000 0x00000001
core   0: 0x8000e1b8 (0xff9ff06f) j       pc - 0x8
core   0: 3 0x8000e1b8 (0xff9ff06f)
core   0: 0x8000e1b0 (0x00002f17) auipc   t5, 0x2
core   0: 3 0x8000e1b0 (0x00002f17) x30 0x800101b0
core   0: 0x8000e1b4 (0xe43f2823) sw      gp, -432(t5)
core   0: 3 0x8000e1b4 (0xe43f2823) mem 0x80010000 0x00000001
core   0: 0x8000e1b8 (0xff9ff06f) j       pc - 0x8
core   0: 3 0x8000e1b8 (0xff9ff06f)
core   0: 0x8000e1b0 (0x00002f17) auipc   t5, 0x2
core   0: 3 0x8000e1b0 (0x00002f17) x30 0x800101b0
core   0: 0x8000e1b4 (0xe43f2823) sw      gp, -432(t5)
core   0: 3 0x8000e1b4 (0xe43f2823) mem 0x80010000 0x00000001
core   0: 0x8000e1b8 (0xff9ff06f) j       pc - 0x8
core   0: 3 0x8000e1b8 (0xff9ff06f)
core   0: 0x8000e1b0 (0x00002f17) auipc   t5, 0x2
core   0: 3 0x8000e1b0 (0x00002f17) x30 0x800101b0
core   0: 0x8000e1b4 (0xe43f2823) sw      gp, -432(t5)
core   0: 3 0x8000e1b4 (0xe43f2823) mem 0x80010000 0x00000001
core   0: 0x8000e1b8 (0xff9ff06f) j       pc - 0x8
core   0: 3 0x8000e1b8 (0xff9ff06f)
core   0: 0x8000e1b0 (0x00002f17) auipc   t5, 0x2
core   0: 3 0x8000e1b0 (0x00002f17) x30 0x800101b0
core   0: 0x8000e1b4 (0xe43f2823) sw      gp, -432(t5)
core   0: 3 0x8000e1b4 (0xe43f2823) mem 0x80010000 0x00000001
core   0: 0x8000e1b8 (0xff9ff06f) j       pc - 0x8
core   0: 3 0x8000e1b8 (0xff9ff06f)
core   0: 0x8000e1b0 (0x00002f17) auipc   t5, 0x2
core   0: 3 0x8000e1b0 (0x00002f17) x30 0x800101b0
core   0: 0x8000e1b4 (0xe43f2823) sw      gp, -432(t5)
core   0: 3 0x8000e1b4 (0xe43f2823) mem 0x80010000 0x00000001
core   0: 0x8000e1b8 (0xff9ff06f) j       pc - 0x8
core   0: 3 0x8000e1b8 (0xff9ff06f)
core   0: 0x8000e1b0 (0x00002f17) auipc   t5, 0x2
core   0: 3 0x8000e1b0 (0x00002f17) x30 0x800101b0
core   0: 0x8000e1b4 (0xe43f2823) sw      gp, -432(t5)
core   0: 3 0x8000e1b4 (0xe43f2823) mem 0x80010000 0x00000001
core   0: 0x8000e1b8 (0xff9ff06f) j       pc - 0x8
core   0: 3 0x8000e1b8 (0xff9ff06f)
core   0: 0x8000e1b0 (0x00002f17) auipc   t5, 0x2
core   0: 3 0x8000e1b0 (0x00002f17) x30 0x800101b0
core   0: 0x8000e1b4 (0xe43f2823) sw      gp, -432(t5)
core   0: 3 0x8000e1b4 (0xe43f2823) mem 0x80010000 0x00000001
core   0: 0x8000e1b8 (0xff9ff06f) j       pc - 0x8
core   0: 3 0x8000e1b8 (0xff9ff06f)
core   0: 0x8000e1b0 (0x00002f17) auipc   t5, 0x2
core   0: 3 0x8000e1b0 (0x00002f17) x30 0x800101b0
core   0: 0x8000e1b4 (0xe43f2823) sw      gp, -432(t5)
core   0: 3 0x8000e1b4 (0xe43f2823) mem 0x80010000 0x00000001
core   0: 0x8000e1b8 (0xff9ff06f) j       pc - 0x8
core   0: 3 0x8000e1b8 (0xff9ff06f)
core   0: 0x8000e1b0 (0x00002f17) auipc   t5, 0x2
core   0: 3 0x8000e1b0 (0x00002f17) x30 0x800101b0
core   0: 0x8000e1b4 (0xe43f2823) sw      gp, -432(t5)
core   0: 3 0x8000e1b4 (0xe43f2823) mem 0x80010000 0x00000001
core   0: 0x8000e1b8 (0xff9ff06f) j       pc - 0x8
core   0: 3 0x8000e1b8 (0xff9ff06f)
core   0: 0x8000e1b0 (0x00002f17) auipc   t5, 0x2
core   0: 3 0x8000e1b0 (0x00002f17) x30 0x800101b0
core   0: 0x8000e1b4 (0xe43f2823) sw      gp, -432(t5)
core   0: 3 0x8000e1b4 (0xe43f2823) mem 0x80010000 0x00000001
core   0: 0x8000e1b8 (0xff9ff06f) j       pc - 0x8
core   0: 3 0x8000e1b8 (0xff9ff06f)
core   0: 0x8000e1b0 (0x00002f17) auipc   t5, 0x2
core   0: 3 0x8000e1b0 (0x00002f17) x30 0x800101b0
core   0: 0x8000e1b4 (0xe43f2823) sw      gp, -432(t5)
core   0: 3 0x8000e1b4 (0xe43f2823) mem 0x80010000 0x00000001
core   0: 0x8000e1b8 (0xff9ff06f) j       pc - 0x8
core   0: 3 0x8000e1b8 (0xff9ff06f)
core   0: 0x8000e1b0 (0x00002f17) auipc   t5, 0x2
core   0: 3 0x8000e1b0 (0x00002f17) x30 0x800101b0
core   0: 0x8000e1b4 (0xe43f2823) sw      gp, -432(t5)
core   0: 3 0x8000e1b4 (0xe43f2823) mem 0x80010000 0x00000001
core   0: 0x8000e1b8 (0xff9ff06f) j       pc - 0x8
core   0: 3 0x8000e1b8 (0xff9ff06f)
core   0: 0x8000e1b0 (0x00002f17) auipc   t5, 0x2
core   0: 3 0x8000e1b0 (0x00002f17) x30 0x800101b0
core   0: 0x8000e1b4 (0xe43f2823) sw      gp, -432(t5)
core   0: 3 0x8000e1b4 (0xe43f2823) mem 0x80010000 0x00000001
core   0: 0x8000e1b8 (0xff9ff06f) j       pc - 0x8
core   0: 3 0x8000e1b8 (0xff9ff06f)
core   0: 0x8000e1b0 (0x00002f17) auipc   t5, 0x2
core   0: 3 0x8000e1b0 (0x00002f17) x30 0x800101b0
core   0: 0x8000e1b4 (0xe43f2823) sw      gp, -432(t5)
core   0: 3 0x8000e1b4 (0xe43f2823) mem 0x80010000 0x00000001
core   0: 0x8000e1b8 (0xff9ff06f) j       pc - 0x8
core   0: 3 0x8000e1b8 (0xff9ff06f)
core   0: 0x8000e1b0 (0x00002f17) auipc   t5, 0x2
core   0: 3 0x8000e1b0 (0x00002f17) x30 0x800101b0
core   0: 0x8000e1b4 (0xe43f2823) sw      gp, -432(t5)
core   0: 3 0x8000e1b4 (0xe43f2823) mem 0x80010000 0x00000001
core   0: 0x8000e1b8 (0xff9ff06f) j       pc - 0x8
core   0: 3 0x8000e1b8 (0xff9ff06f)
core   0: 0x8000e1b0 (0x00002f17) auipc   t5, 0x2
core   0: 3 0x8000e1b0 (0x00002f17) x30 0x800101b0
core   0: 0x8000e1b4 (0xe43f2823) sw      gp, -432(t5)
core   0: 3 0x8000e1b4 (0xe43f2823) mem 0x80010000 0x00000001
core   0: 0x8000e1b8 (0xff9ff06f) j       pc - 0x8
core   0: 3 0x8000e1b8 (0xff9ff06f)
core   0: 0x8000e1b0 (0x00002f17) auipc   t5, 0x2
core   0: 3 0x8000e1b0 (0x00002f17) x30 0x800101b0
core   0: 0x8000e1b4 (0xe43f2823) sw      gp, -432(t5)
core   0: 3 0x8000e1b4 (0xe43f2823) mem 0x80010000 0x00000001
core   0: 0x8000e1b8 (0xff9ff06f) j       pc - 0x8
core   0: 3 0x8000e1b8 (0xff9ff06f)
core   0: 0x8000e1b0 (0x00002f17) auipc   t5, 0x2
core   0: 3 0x8000e1b0 (0x00002f17) x30 0x800101b0
core   0: 0x8000e1b4 (0xe43f2823) sw      gp, -432(t5)
core   0: 3 0x8000e1b4 (0xe43f2823) mem 0x80010000 0x00000001
core   0: 0x8000e1b8 (0xff9ff06f) j       pc - 0x8
core   0: 3 0x8000e1b8 (0xff9ff06f)
core   0: 0x8000e1b0 (0x00002f17) auipc   t5, 0x2
core   0: 3 0x8000e1b0 (0x00002f17) x30 0x800101b0
core   0: 0x8000e1b4 (0xe43f2823) sw      gp, -432(t5)
core   0: 3 0x8000e1b4 (0xe43f2823) mem 0x80010000 0x00000001
core   0: 0x8000e1b8 (0xff9ff06f) j       pc - 0x8
core   0: 3 0x8000e1b8 (0xff9ff06f)
core   0: 0x8000e1b0 (0x00002f17) auipc   t5, 0x2
core   0: 3 0x8000e1b0 (0x00002f17) x30 0x800101b0
core   0: 0x8000e1b4 (0xe43f2823) sw      gp, -432(t5)
core   0: 3 0x8000e1b4 (0xe43f2823) mem 0x80010000 0x00000001
core   0: 0x8000e1b8 (0xff9ff06f) j       pc - 0x8
core   0: 3 0x8000e1b8 (0xff9ff06f)
core   0: 0x8000e1b0 (0x00002f17) auipc   t5, 0x2
core   0: 3 0x8000e1b0 (0x00002f17) x30 0x800101b0
core   0: 0x8000e1b4 (0xe43f2823) sw      gp, -432(t5)
core   0: 3 0x8000e1b4 (0xe43f2823) mem 0x80010000 0x00000001
core   0: 0x8000e1b8 (0xff9ff06f) j       pc - 0x8
core   0: 3 0x8000e1b8 (0xff9ff06f)
core   0: 0x8000e1b0 (0x00002f17) auipc   t5, 0x2
core   0: 3 0x8000e1b0 (0x00002f17) x30 0x800101b0
core   0: 0x8000e1b4 (0xe43f2823) sw      gp, -432(t5)
core   0: 3 0x8000e1b4 (0xe43f2823) mem 0x80010000 0x00000001
core   0: 0x8000e1b8 (0xff9ff06f) j       pc - 0x8
core   0: 3 0x8000e1b8 (0xff9ff06f)
core   0: 0x8000e1b0 (0x00002f17) auipc   t5, 0x2
core   0: 3 0x8000e1b0 (0x00002f17) x30 0x800101b0
core   0: 0x8000e1b4 (0xe43f2823) sw      gp, -432(t5)
core   0: 3 0x8000e1b4 (0xe43f2823) mem 0x80010000 0x00000001
core   0: 0x8000e1b8 (0xff9ff06f) j       pc - 0x8
core   0: 3 0x8000e1b8 (0xff9ff06f)
core   0: 0x8000e1b0 (0x00002f17) auipc   t5, 0x2
core   0: 3 0x8000e1b0 (0x00002f17) x30 0x800101b0
core   0: 0x8000e1b4 (0xe43f2823) sw      gp, -432(t5)
core   0: 3 0x8000e1b4 (0xe43f2823) mem 0x80010000 0x00000001
core   0: 0x8000e1b8 (0xff9ff06f) j       pc - 0x8
core   0: 3 0x8000e1b8 (0xff9ff06f)
core   0: 0x8000e1b0 (0x00002f17) auipc   t5, 0x2
core   0: 3 0x8000e1b0 (0x00002f17) x30 0x800101b0
core   0: 0x8000e1b4 (0xe43f2823) sw      gp, -432(t5)
core   0: 3 0x8000e1b4 (0xe43f2823) mem 0x80010000 0x00000001
core   0: 0x8000e1b8 (0xff9ff06f) j       pc - 0x8
core   0: 3 0x8000e1b8 (0xff9ff06f)
core   0: 0x8000e1b0 (0x00002f17) auipc   t5, 0x2
core   0: 3 0x8000e1b0 (0x00002f17) x30 0x800101b0
core   0: 0x8000e1b4 (0xe43f2823) sw      gp, -432(t5)
core   0: 3 0x8000e1b4 (0xe43f2823) mem 0x80010000 0x00000001
core   0: 0x8000e1b8 (0xff9ff06f) j       pc - 0x8
core   0: 3 0x8000e1b8 (0xff9ff06f)
core   0: 0x8000e1b0 (0x00002f17) auipc   t5, 0x2
core   0: 3 0x8000e1b0 (0x00002f17) x30 0x800101b0
core   0: 0x8000e1b4 (0xe43f2823) sw      gp, -432(t5)
core   0: 3 0x8000e1b4 (0xe43f2823) mem 0x80010000 0x00000001
core   0: 0x8000e1b8 (0xff9ff06f) j       pc - 0x8
core   0: 3 0x8000e1b8 (0xff9ff06f)
core   0: 0x8000e1b0 (0x00002f17) auipc   t5, 0x2
core   0: 3 0x8000e1b0 (0x00002f17) x30 0x800101b0
core   0: 0x8000e1b4 (0xe43f2823) sw      gp, -432(t5)
core   0: 3 0x8000e1b4 (0xe43f2823) mem 0x80010000 0x00000001
core   0: 0x8000e1b8 (0xff9ff06f) j       pc - 0x8
core   0: 3 0x8000e1b8 (0xff9ff06f)
core   0: 0x8000e1b0 (0x00002f17) auipc   t5, 0x2
core   0: 3 0x8000e1b0 (0x00002f17) x30 0x800101b0
core   0: 0x8000e1b4 (0xe43f2823) sw      gp, -432(t5)
core   0: 3 0x8000e1b4 (0xe43f2823) mem 0x80010000 0x00000001
core   0: 0x8000e1b8 (0xff9ff06f) j       pc - 0x8
core   0: 3 0x8000e1b8 (0xff9ff06f)
core   0: 0x8000e1b0 (0x00002f17) auipc   t5, 0x2
core   0: 3 0x8000e1b0 (0x00002f17) x30 0x800101b0
core   0: 0x8000e1b4 (0xe43f2823) sw      gp, -432(t5)
core   0: 3 0x8000e1b4 (0xe43f2823) mem 0x80010000 0x00000001
core   0: 0x8000e1b8 (0xff9ff06f) j       pc - 0x8
core   0: 3 0x8000e1b8 (0xff9ff06f)
core   0: 0x8000e1b0 (0x00002f17) auipc   t5, 0x2
core   0: 3 0x8000e1b0 (0x00002f17) x30 0x800101b0
core   0: 0x8000e1b4 (0xe43f2823) sw      gp, -432(t5)
core   0: 3 0x8000e1b4 (0xe43f2823) mem 0x80010000 0x00000001
core   0: 0x8000e1b8 (0xff9ff06f) j       pc - 0x8
core   0: 3 0x8000e1b8 (0xff9ff06f)
core   0: 0x8000e1b0 (0x00002f17) auipc   t5, 0x2
core   0: 3 0x8000e1b0 (0x00002f17) x30 0x800101b0
core   0: 0x8000e1b4 (0xe43f2823) sw      gp, -432(t5)
core   0: 3 0x8000e1b4 (0xe43f2823) mem 0x80010000 0x00000001
core   0: 0x8000e1b8 (0xff9ff06f) j       pc - 0x8
core   0: 3 0x8000e1b8 (0xff9ff06f)
core   0: 0x8000e1b0 (0x00002f17) auipc   t5, 0x2
core   0: 3 0x8000e1b0 (0x00002f17) x30 0x800101b0
core   0: 0x8000e1b4 (0xe43f2823) sw      gp, -432(t5)
core   0: 3 0x8000e1b4 (0xe43f2823) mem 0x80010000 0x00000001
core   0: 0x8000e1b8 (0xff9ff06f) j       pc - 0x8
core   0: 3 0x8000e1b8 (0xff9ff06f)
core   0: 0x8000e1b0 (0x00002f17) auipc   t5, 0x2
core   0: 3 0x8000e1b0 (0x00002f17) x30 0x800101b0
core   0: 0x8000e1b4 (0xe43f2823) sw      gp, -432(t5)
core   0: 3 0x8000e1b4 (0xe43f2823) mem 0x80010000 0x00000001
core   0: 0x8000e1b8 (0xff9ff06f) j       pc - 0x8
core   0: 3 0x8000e1b8 (0xff9ff06f)
core   0: 0x8000e1b0 (0x00002f17) auipc   t5, 0x2
core   0: 3 0x8000e1b0 (0x00002f17) x30 0x800101b0
core   0: 0x8000e1b4 (0xe43f2823) sw      gp, -432(t5)
core   0: 3 0x8000e1b4 (0xe43f2823) mem 0x80010000 0x00000001
core   0: 0x8000e1b8 (0xff9ff06f) j       pc - 0x8
core   0: 3 0x8000e1b8 (0xff9ff06f)
core   0: 0x8000e1b0 (0x00002f17) auipc   t5, 0x2
core   0: 3 0x8000e1b0 (0x00002f17) x30 0x800101b0
core   0: 0x8000e1b4 (0xe43f2823) sw      gp, -432(t5)
core   0: 3 0x8000e1b4 (0xe43f2823) mem 0x80010000 0x00000001
core   0: 0x8000e1b8 (0xff9ff06f) j       pc - 0x8
core   0: 3 0x8000e1b8 (0xff9ff06f)
core   0: 0x8000e1b0 (0x00002f17) auipc   t5, 0x2
core   0: 3 0x8000e1b0 (0x00002f17) x30 0x800101b0
core   0: 0x8000e1b4 (0xe43f2823) sw      gp, -432(t5)
core   0: 3 0x8000e1b4 (0xe43f2823) mem 0x80010000 0x00000001
core   0: 0x8000e1b8 (0xff9ff06f) j       pc - 0x8
core   0: 3 0x8000e1b8 (0xff9ff06f)
core   0: 0x8000e1b0 (0x00002f17) auipc   t5, 0x2
core   0: 3 0x8000e1b0 (0x00002f17) x30 0x800101b0
core   0: 0x8000e1b4 (0xe43f2823) sw      gp, -432(t5)
core   0: 3 0x8000e1b4 (0xe43f2823) mem 0x80010000 0x00000001
core   0: 0x8000e1b8 (0xff9ff06f) j       pc - 0x8
core   0: 3 0x8000e1b8 (0xff9ff06f)
core   0: 0x8000e1b0 (0x00002f17) auipc   t5, 0x2
core   0: 3 0x8000e1b0 (0x00002f17) x30 0x800101b0
core   0: 0x8000e1b4 (0xe43f2823) sw      gp, -432(t5)
core   0: 3 0x8000e1b4 (0xe43f2823) mem 0x80010000 0x00000001
core   0: 0x8000e1b8 (0xff9ff06f) j       pc - 0x8
core   0: 3 0x8000e1b8 (0xff9ff06f)
core   0: 0x8000e1b0 (0x00002f17) auipc   t5, 0x2
core   0: 3 0x8000e1b0 (0x00002f17) x30 0x800101b0
core   0: 0x8000e1b4 (0xe43f2823) sw      gp, -432(t5)
core   0: 3 0x8000e1b4 (0xe43f2823) mem 0x80010000 0x00000001
core   0: 0x8000e1b8 (0xff9ff06f) j       pc - 0x8
core   0: 3 0x8000e1b8 (0xff9ff06f)
core   0: 0x8000e1b0 (0x00002f17) auipc   t5, 0x2
core   0: 3 0x8000e1b0 (0x00002f17) x30 0x800101b0
core   0: 0x8000e1b4 (0xe43f2823) sw      gp, -432(t5)
core   0: 3 0x8000e1b4 (0xe43f2823) mem 0x80010000 0x00000001
core   0: 0x8000e1b8 (0xff9ff06f) j       pc - 0x8
core   0: 3 0x8000e1b8 (0xff9ff06f)
core   0: 0x8000e1b0 (0x00002f17) auipc   t5, 0x2
core   0: 3 0x8000e1b0 (0x00002f17) x30 0x800101b0
core   0: 0x8000e1b4 (0xe43f2823) sw      gp, -432(t5)
core   0: 3 0x8000e1b4 (0xe43f2823) mem 0x80010000 0x00000001
core   0: 0x8000e1b8 (0xff9ff06f) j       pc - 0x8
core   0: 3 0x8000e1b8 (0xff9ff06f)
core   0: 0x8000e1b0 (0x00002f17) auipc   t5, 0x2
core   0: 3 0x8000e1b0 (0x00002f17) x30 0x800101b0
core   0: 0x8000e1b4 (0xe43f2823) sw      gp, -432(t5)
core   0: 3 0x8000e1b4 (0xe43f2823) mem 0x80010000 0x00000001
core   0: 0x8000e1b8 (0xff9ff06f) j       pc - 0x8
core   0: 3 0x8000e1b8 (0xff9ff06f)
core   0: 0x8000e1b0 (0x00002f17) auipc   t5, 0x2
core   0: 3 0x8000e1b0 (0x00002f17) x30 0x800101b0
core   0: 0x8000e1b4 (0xe43f2823) sw      gp, -432(t5)
core   0: 3 0x8000e1b4 (0xe43f2823) mem 0x80010000 0x00000001
core   0: 0x8000e1b8 (0xff9ff06f) j       pc - 0x8
core   0: 3 0x8000e1b8 (0xff9ff06f)
core   0: 0x8000e1b0 (0x00002f17) auipc   t5, 0x2
core   0: 3 0x8000e1b0 (0x00002f17) x30 0x800101b0
core   0: 0x8000e1b4 (0xe43f2823) sw      gp, -432(t5)
core   0: 3 0x8000e1b4 (0xe43f2823) mem 0x80010000 0x00000001
core   0: 0x8000e1b8 (0xff9ff06f) j       pc - 0x8
core   0: 3 0x8000e1b8 (0xff9ff06f)
core   0: 0x8000e1b0 (0x00002f17) auipc   t5, 0x2
core   0: 3 0x8000e1b0 (0x00002f17) x30 0x800101b0
core   0: 0x8000e1b4 (0xe43f2823) sw      gp, -432(t5)
core   0: 3 0x8000e1b4 (0xe43f2823) mem 0x80010000 0x00000001
core   0: 0x8000e1b8 (0xff9ff06f) j       pc - 0x8
core   0: 3 0x8000e1b8 (0xff9ff06f)
core   0: 0x8000e1b0 (0x00002f17) auipc   t5, 0x2
core   0: 3 0x8000e1b0 (0x00002f17) x30 0x800101b0
core   0: 0x8000e1b4 (0xe43f2823) sw      gp, -432(t5)
core   0: 3 0x8000e1b4 (0xe43f2823) mem 0x80010000 0x00000001
core   0: 0x8000e1b8 (0xff9ff06f) j       pc - 0x8
core   0: 3 0x8000e1b8 (0xff9ff06f)
core   0: 0x8000e1b0 (0x00002f17) auipc   t5, 0x2
core   0: 3 0x8000e1b0 (0x00002f17) x30 0x800101b0
core   0: 0x8000e1b4 (0xe43f2823) sw      gp, -432(t5)
core   0: 3 0x8000e1b4 (0xe43f2823) mem 0x80010000 0x00000001
core   0: 0x8000e1b8 (0xff9ff06f) j       pc - 0x8
core   0: 3 0x8000e1b8 (0xff9ff06f)
core   0: 0x8000e1b0 (0x00002f17) auipc   t5, 0x2
core   0: 3 0x8000e1b0 (0x00002f17) x30 0x800101b0
core   0: 0x8000e1b4 (0xe43f2823) sw      gp, -432(t5)
core   0: 3 0x8000e1b4 (0xe43f2823) mem 0x80010000 0x00000001
core   0: 0x8000e1b8 (0xff9ff06f) j       pc - 0x8
core   0: 3 0x8000e1b8 (0xff9ff06f)
core   0: 0x8000e1b0 (0x00002f17) auipc   t5, 0x2
core   0: 3 0x8000e1b0 (0x00002f17) x30 0x800101b0
core   0: 0x8000e1b4 (0xe43f2823) sw      gp, -432(t5)
core   0: 3 0x8000e1b4 (0xe43f2823) mem 0x80010000 0x00000001
core   0: 0x8000e1b8 (0xff9ff06f) j       pc - 0x8
core   0: 3 0x8000e1b8 (0xff9ff06f)
core   0: 0x8000e1b0 (0x00002f17) auipc   t5, 0x2
core   0: 3 0x8000e1b0 (0x00002f17) x30 0x800101b0
core   0: 0x8000e1b4 (0xe43f2823) sw      gp, -432(t5)
core   0: 3 0x8000e1b4 (0xe43f2823) mem 0x80010000 0x00000001
core   0: 0x8000e1b8 (0xff9ff06f) j       pc - 0x8
core   0: 3 0x8000e1b8 (0xff9ff06f)
core   0: 0x8000e1b0 (0x00002f17) auipc   t5, 0x2
core   0: 3 0x8000e1b0 (0x00002f17) x30 0x800101b0
core   0: 0x8000e1b4 (0xe43f2823) sw      gp, -432(t5)
core   0: 3 0x8000e1b4 (0xe43f2823) mem 0x80010000 0x00000001
core   0: 0x8000e1b8 (0xff9ff06f) j       pc - 0x8
core   0: 3 0x8000e1b8 (0xff9ff06f)
core   0: 0x8000e1b0 (0x00002f17) auipc   t5, 0x2
core   0: 3 0x8000e1b0 (0x00002f17) x30 0x800101b0
core   0: 0x8000e1b4 (0xe43f2823) sw      gp, -432(t5)
core   0: 3 0x8000e1b4 (0xe43f2823) mem 0x80010000 0x00000001
core   0: 0x8000e1b8 (0xff9ff06f) j       pc - 0x8
core   0: 3 0x8000e1b8 (0xff9ff06f)
core   0: 0x8000e1b0 (0x00002f17) auipc   t5, 0x2
core   0: 3 0x8000e1b0 (0x00002f17) x30 0x800101b0
core   0: 0x8000e1b4 (0xe43f2823) sw      gp, -432(t5)
core   0: 3 0x8000e1b4 (0xe43f2823) mem 0x80010000 0x00000001
core   0: 0x8000e1b8 (0xff9ff06f) j       pc - 0x8
core   0: 3 0x8000e1b8 (0xff9ff06f)
core   0: 0x8000e1b0 (0x00002f17) auipc   t5, 0x2
core   0: 3 0x8000e1b0 (0x00002f17) x30 0x800101b0
core   0: 0x8000e1b4 (0xe43f2823) sw      gp, -432(t5)
core   0: 3 0x8000e1b4 (0xe43f2823) mem 0x80010000 0x00000001
core   0: 0x8000e1b8 (0xff9ff06f) j       pc - 0x8
core   0: 3 0x8000e1b8 (0xff9ff06f)
core   0: 0x8000e1b0 (0x00002f17) auipc   t5, 0x2
core   0: 3 0x8000e1b0 (0x00002f17) x30 0x800101b0
core   0: 0x8000e1b4 (0xe43f2823) sw      gp, -432(t5)
core   0: 3 0x8000e1b4 (0xe43f2823) mem 0x80010000 0x00000001
core   0: 0x8000e1b8 (0xff9ff06f) j       pc - 0x8
core   0: 3 0x8000e1b8 (0xff9ff06f)
core   0: 0x8000e1b0 (0x00002f17) auipc   t5, 0x2
core   0: 3 0x8000e1b0 (0x00002f17) x30 0x800101b0
core   0: 0x8000e1b4 (0xe43f2823) sw      gp, -432(t5)
core   0: 3 0x8000e1b4 (0xe43f2823) mem 0x80010000 0x00000001
core   0: 0x8000e1b8 (0xff9ff06f) j       pc - 0x8
core   0: 3 0x8000e1b8 (0xff9ff06f)
core   0: 0x8000e1b0 (0x00002f17) auipc   t5, 0x2
core   0: 3 0x8000e1b0 (0x00002f17) x30 0x800101b0
core   0: 0x8000e1b4 (0xe43f2823) sw      gp, -432(t5)
core   0: 3 0x8000e1b4 (0xe43f2823) mem 0x80010000 0x00000001
core   0: 0x8000e1b8 (0xff9ff06f) j       pc - 0x8
core   0: 3 0x8000e1b8 (0xff9ff06f)
core   0: 0x8000e1b0 (0x00002f17) auipc   t5, 0x2
core   0: 3 0x8000e1b0 (0x00002f17) x30 0x800101b0
core   0: 0x8000e1b4 (0xe43f2823) sw      gp, -432(t5)
core   0: 3 0x8000e1b4 (0xe43f2823) mem 0x80010000 0x00000001
core   0: 0x8000e1b8 (0xff9ff06f) j       pc - 0x8
core   0: 3 0x8000e1b8 (0xff9ff06f)
core   0: 0x8000e1b0 (0x00002f17) auipc   t5, 0x2
core   0: 3 0x8000e1b0 (0x00002f17) x30 0x800101b0
core   0: 0x8000e1b4 (0xe43f2823) sw      gp, -432(t5)
core   0: 3 0x8000e1b4 (0xe43f2823) mem 0x80010000 0x00000001
core   0: 0x8000e1b8 (0xff9ff06f) j       pc - 0x8
core   0: 3 0x8000e1b8 (0xff9ff06f)
core   0: 0x8000e1b0 (0x00002f17) auipc   t5, 0x2
core   0: 3 0x8000e1b0 (0x00002f17) x30 0x800101b0
core   0: 0x8000e1b4 (0xe43f2823) sw      gp, -432(t5)
core   0: 3 0x8000e1b4 (0xe43f2823) mem 0x80010000 0x00000001
core   0: 0x8000e1b8 (0xff9ff06f) j       pc - 0x8
core   0: 3 0x8000e1b8 (0xff9ff06f)
core   0: 0x8000e1b0 (0x00002f17) auipc   t5, 0x2
core   0: 3 0x8000e1b0 (0x00002f17) x30 0x800101b0
core   0: 0x8000e1b4 (0xe43f2823) sw      gp, -432(t5)
core   0: 3 0x8000e1b4 (0xe43f2823) mem 0x80010000 0x00000001
core   0: 0x8000e1b8 (0xff9ff06f) j       pc - 0x8
core   0: 3 0x8000e1b8 (0xff9ff06f)
core   0: 0x8000e1b0 (0x00002f17) auipc   t5, 0x2
core   0: 3 0x8000e1b0 (0x00002f17) x30 0x800101b0
core   0: 0x8000e1b4 (0xe43f2823) sw      gp, -432(t5)
core   0: 3 0x8000e1b4 (0xe43f2823) mem 0x80010000 0x00000001
core   0: 0x8000e1b8 (0xff9ff06f) j       pc - 0x8
core   0: 3 0x8000e1b8 (0xff9ff06f)
core   0: 0x8000e1b0 (0x00002f17) auipc   t5, 0x2
core   0: 3 0x8000e1b0 (0x00002f17) x30 0x800101b0
core   0: 0x8000e1b4 (0xe43f2823) sw      gp, -432(t5)
core   0: 3 0x8000e1b4 (0xe43f2823) mem 0x80010000 0x00000001
core   0: 0x8000e1b8 (0xff9ff06f) j       pc - 0x8
core   0: 3 0x8000e1b8 (0xff9ff06f)
core   0: 0x8000e1b0 (0x00002f17) auipc   t5, 0x2
core   0: 3 0x8000e1b0 (0x00002f17) x30 0x800101b0
core   0: 0x8000e1b4 (0xe43f2823) sw      gp, -432(t5)
core   0: 3 0x8000e1b4 (0xe43f2823) mem 0x80010000 0x00000001
core   0: 0x8000e1b8 (0xff9ff06f) j       pc - 0x8
core   0: 3 0x8000e1b8 (0xff9ff06f)
core   0: 0x8000e1b0 (0x00002f17) auipc   t5, 0x2
core   0: 3 0x8000e1b0 (0x00002f17) x30 0x800101b0
core   0: 0x8000e1b4 (0xe43f2823) sw      gp, -432(t5)
core   0: 3 0x8000e1b4 (0xe43f2823) mem 0x80010000 0x00000001
core   0: 0x8000e1b8 (0xff9ff06f) j       pc - 0x8
core   0: 3 0x8000e1b8 (0xff9ff06f)
core   0: 0x8000e1b0 (0x00002f17) auipc   t5, 0x2
core   0: 3 0x8000e1b0 (0x00002f17) x30 0x800101b0
core   0: 0x8000e1b4 (0xe43f2823) sw      gp, -432(t5)
core   0: 3 0x8000e1b4 (0xe43f2823) mem 0x80010000 0x00000001
core   0: 0x8000e1b8 (0xff9ff06f) j       pc - 0x8
core   0: 3 0x8000e1b8 (0xff9ff06f)
core   0: 0x8000e1b0 (0x00002f17) auipc   t5, 0x2
core   0: 3 0x8000e1b0 (0x00002f17) x30 0x800101b0
core   0: 0x8000e1b4 (0xe43f2823) sw      gp, -432(t5)
core   0: 3 0x8000e1b4 (0xe43f2823) mem 0x80010000 0x00000001
core   0: 0x8000e1b8 (0xff9ff06f) j       pc - 0x8
core   0: 3 0x8000e1b8 (0xff9ff06f)
core   0: 0x8000e1b0 (0x00002f17) auipc   t5, 0x2
core   0: 3 0x8000e1b0 (0x00002f17) x30 0x800101b0
core   0: 0x8000e1b4 (0xe43f2823) sw      gp, -432(t5)
core   0: 3 0x8000e1b4 (0xe43f2823) mem 0x80010000 0x00000001
core   0: 0x8000e1b8 (0xff9ff06f) j       pc - 0x8
core   0: 3 0x8000e1b8 (0xff9ff06f)
core   0: 0x8000e1b0 (0x00002f17) auipc   t5, 0x2
core   0: 3 0x8000e1b0 (0x00002f17) x30 0x800101b0
core   0: 0x8000e1b4 (0xe43f2823) sw      gp, -432(t5)
core   0: 3 0x8000e1b4 (0xe43f2823) mem 0x80010000 0x00000001
core   0: 0x8000e1b8 (0xff9ff06f) j       pc - 0x8
core   0: 3 0x8000e1b8 (0xff9ff06f)
core   0: 0x8000e1b0 (0x00002f17) auipc   t5, 0x2
core   0: 3 0x8000e1b0 (0x00002f17) x30 0x800101b0
core   0: 0x8000e1b4 (0xe43f2823) sw      gp, -432(t5)
core   0: 3 0x8000e1b4 (0xe43f2823) mem 0x80010000 0x00000001
core   0: 0x8000e1b8 (0xff9ff06f) j       pc - 0x8
core   0: 3 0x8000e1b8 (0xff9ff06f)
core   0: 0x8000e1b0 (0x00002f17) auipc   t5, 0x2
core   0: 3 0x8000e1b0 (0x00002f17) x30 0x800101b0
core   0: 0x8000e1b4 (0xe43f2823) sw      gp, -432(t5)
core   0: 3 0x8000e1b4 (0xe43f2823) mem 0x80010000 0x00000001
core   0: 0x8000e1b8 (0xff9ff06f) j       pc - 0x8
core   0: 3 0x8000e1b8 (0xff9ff06f)
core   0: 0x8000e1b0 (0x00002f17) auipc   t5, 0x2
core   0: 3 0x8000e1b0 (0x00002f17) x30 0x800101b0
core   0: 0x8000e1b4 (0xe43f2823) sw      gp, -432(t5)
core   0: 3 0x8000e1b4 (0xe43f2823) mem 0x80010000 0x00000001
core   0: 0x8000e1b8 (0xff9ff06f) j       pc - 0x8
core   0: 3 0x8000e1b8 (0xff9ff06f)
core   0: 0x8000e1b0 (0x00002f17) auipc   t5, 0x2
core   0: 3 0x8000e1b0 (0x00002f17) x30 0x800101b0
core   0: 0x8000e1b4 (0xe43f2823) sw      gp, -432(t5)
core   0: 3 0x8000e1b4 (0xe43f2823) mem 0x80010000 0x00000001
core   0: 0x8000e1b8 (0xff9ff06f) j       pc - 0x8
core   0: 3 0x8000e1b8 (0xff9ff06f)
core   0: 0x8000e1b0 (0x00002f17) auipc   t5, 0x2
core   0: 3 0x8000e1b0 (0x00002f17) x30 0x800101b0
core   0: 0x8000e1b4 (0xe43f2823) sw      gp, -432(t5)
core   0: 3 0x8000e1b4 (0xe43f2823) mem 0x80010000 0x00000001
core   0: 0x8000e1b8 (0xff9ff06f) j       pc - 0x8
core   0: 3 0x8000e1b8 (0xff9ff06f)
core   0: 0x8000e1b0 (0x00002f17) auipc   t5, 0x2
core   0: 3 0x8000e1b0 (0x00002f17) x30 0x800101b0
core   0: 0x8000e1b4 (0xe43f2823) sw      gp, -432(t5)
core   0: 3 0x8000e1b4 (0xe43f2823) mem 0x80010000 0x00000001
core   0: 0x8000e1b8 (0xff9ff06f) j       pc - 0x8
core   0: 3 0x8000e1b8 (0xff9ff06f)
core   0: 0x8000e1b0 (0x00002f17) auipc   t5, 0x2
core   0: 3 0x8000e1b0 (0x00002f17) x30 0x800101b0
core   0: 0x8000e1b4 (0xe43f2823) sw      gp, -432(t5)
core   0: 3 0x8000e1b4 (0xe43f2823) mem 0x80010000 0x00000001
core   0: 0x8000e1b8 (0xff9ff06f) j       pc - 0x8
core   0: 3 0x8000e1b8 (0xff9ff06f)
core   0: 0x8000e1b0 (0x00002f17) auipc   t5, 0x2
core   0: 3 0x8000e1b0 (0x00002f17) x30 0x800101b0
core   0: 0x8000e1b4 (0xe43f2823) sw      gp, -432(t5)
core   0: 3 0x8000e1b4 (0xe43f2823) mem 0x80010000 0x00000001
core   0: 0x8000e1b8 (0xff9ff06f) j       pc - 0x8
core   0: 3 0x8000e1b8 (0xff9ff06f)
core   0: 0x8000e1b0 (0x00002f17) auipc   t5, 0x2
core   0: 3 0x8000e1b0 (0x00002f17) x30 0x800101b0
core   0: 0x8000e1b4 (0xe43f2823) sw      gp, -432(t5)
core   0: 3 0x8000e1b4 (0xe43f2823) mem 0x80010000 0x00000001
core   0: 0x8000e1b8 (0xff9ff06f) j       pc - 0x8
core   0: 3 0x8000e1b8 (0xff9ff06f)
core   0: 0x8000e1b0 (0x00002f17) auipc   t5, 0x2
core   0: 3 0x8000e1b0 (0x00002f17) x30 0x800101b0
core   0: 0x8000e1b4 (0xe43f2823) sw      gp, -432(t5)
core   0: 3 0x8000e1b4 (0xe43f2823) mem 0x80010000 0x00000001
core   0: 0x8000e1b8 (0xff9ff06f) j       pc - 0x8
core   0: 3 0x8000e1b8 (0xff9ff06f)
core   0: 0x8000e1b0 (0x00002f17) auipc   t5, 0x2
core   0: 3 0x8000e1b0 (0x00002f17) x30 0x800101b0
core   0: 0x8000e1b4 (0xe43f2823) sw      gp, -432(t5)
core   0: 3 0x8000e1b4 (0xe43f2823) mem 0x80010000 0x00000001
core   0: 0x8000e1b8 (0xff9ff06f) j       pc - 0x8
core   0: 3 0x8000e1b8 (0xff9ff06f)
core   0: 0x8000e1b0 (0x00002f17) auipc   t5, 0x2
core   0: 3 0x8000e1b0 (0x00002f17) x30 0x800101b0
core   0: 0x8000e1b4 (0xe43f2823) sw      gp, -432(t5)
core   0: 3 0x8000e1b4 (0xe43f2823) mem 0x80010000 0x00000001
core   0: 0x8000e1b8 (0xff9ff06f) j       pc - 0x8
core   0: 3 0x8000e1b8 (0xff9ff06f)
core   0: 0x8000e1b0 (0x00002f17) auipc   t5, 0x2
core   0: 3 0x8000e1b0 (0x00002f17) x30 0x800101b0
core   0: 0x8000e1b4 (0xe43f2823) sw      gp, -432(t5)
core   0: 3 0x8000e1b4 (0xe43f2823) mem 0x80010000 0x00000001
core   0: 0x8000e1b8 (0xff9ff06f) j       pc - 0x8
core   0: 3 0x8000e1b8 (0xff9ff06f)
core   0: 0x8000e1b0 (0x00002f17) auipc   t5, 0x2
core   0: 3 0x8000e1b0 (0x00002f17) x30 0x800101b0
core   0: 0x8000e1b4 (0xe43f2823) sw      gp, -432(t5)
core   0: 3 0x8000e1b4 (0xe43f2823) mem 0x80010000 0x00000001
core   0: 0x8000e1b8 (0xff9ff06f) j       pc - 0x8
core   0: 3 0x8000e1b8 (0xff9ff06f)
core   0: 0x8000e1b0 (0x00002f17) auipc   t5, 0x2
core   0: 3 0x8000e1b0 (0x00002f17) x30 0x800101b0
core   0: 0x8000e1b4 (0xe43f2823) sw      gp, -432(t5)
core   0: 3 0x8000e1b4 (0xe43f2823) mem 0x80010000 0x00000001
core   0: 0x8000e1b8 (0xff9ff06f) j       pc - 0x8
core   0: 3 0x8000e1b8 (0xff9ff06f)
core   0: 0x8000e1b0 (0x00002f17) auipc   t5, 0x2
core   0: 3 0x8000e1b0 (0x00002f17) x30 0x800101b0
core   0: 0x8000e1b4 (0xe43f2823) sw      gp, -432(t5)
core   0: 3 0x8000e1b4 (0xe43f2823) mem 0x80010000 0x00000001
core   0: 0x8000e1b8 (0xff9ff06f) j       pc - 0x8
core   0: 3 0x8000e1b8 (0xff9ff06f)
core   0: 0x8000e1b0 (0x00002f17) auipc   t5, 0x2
core   0: 3 0x8000e1b0 (0x00002f17) x30 0x800101b0
core   0: 0x8000e1b4 (0xe43f2823) sw      gp, -432(t5)
core   0: 3 0x8000e1b4 (0xe43f2823) mem 0x80010000 0x00000001
core   0: 0x8000e1b8 (0xff9ff06f) j       pc - 0x8
core   0: 3 0x8000e1b8 (0xff9ff06f)
core   0: 0x8000e1b0 (0x00002f17) auipc   t5, 0x2
core   0: 3 0x8000e1b0 (0x00002f17) x30 0x800101b0
core   0: 0x8000e1b4 (0xe43f2823) sw      gp, -432(t5)
core   0: 3 0x8000e1b4 (0xe43f2823) mem 0x80010000 0x00000001
core   0: 0x8000e1b8 (0xff9ff06f) j       pc - 0x8
core   0: 3 0x8000e1b8 (0xff9ff06f)
core   0: 0x8000e1b0 (0x00002f17) auipc   t5, 0x2
core   0: 3 0x8000e1b0 (0x00002f17) x30 0x800101b0
core   0: 0x8000e1b4 (0xe43f2823) sw      gp, -432(t5)
core   0: 3 0x8000e1b4 (0xe43f2823) mem 0x80010000 0x00000001
core   0: 0x8000e1b8 (0xff9ff06f) j       pc - 0x8
core   0: 3 0x8000e1b8 (0xff9ff06f)
core   0: 0x8000e1b0 (0x00002f17) auipc   t5, 0x2
core   0: 3 0x8000e1b0 (0x00002f17) x30 0x800101b0
core   0: 0x8000e1b4 (0xe43f2823) sw      gp, -432(t5)
core   0: 3 0x8000e1b4 (0xe43f2823) mem 0x80010000 0x00000001
core   0: 0x8000e1b8 (0xff9ff06f) j       pc - 0x8
core   0: 3 0x8000e1b8 (0xff9ff06f)
core   0: 0x8000e1b0 (0x00002f17) auipc   t5, 0x2
core   0: 3 0x8000e1b0 (0x00002f17) x30 0x800101b0
core   0: 0x8000e1b4 (0xe43f2823) sw      gp, -432(t5)
core   0: 3 0x8000e1b4 (0xe43f2823) mem 0x80010000 0x00000001
core   0: 0x8000e1b8 (0xff9ff06f) j       pc - 0x8
core   0: 3 0x8000e1b8 (0xff9ff06f)
core   0: 0x8000e1b0 (0x00002f17) auipc   t5, 0x2
core   0: 3 0x8000e1b0 (0x00002f17) x30 0x800101b0
core   0: 0x8000e1b4 (0xe43f2823) sw      gp, -432(t5)
core   0: 3 0x8000e1b4 (0xe43f2823) mem 0x80010000 0x00000001
core   0: 0x8000e1b8 (0xff9ff06f) j       pc - 0x8
core   0: 3 0x8000e1b8 (0xff9ff06f)
core   0: 0x8000e1b0 (0x00002f17) auipc   t5, 0x2
core   0: 3 0x8000e1b0 (0x00002f17) x30 0x800101b0
core   0: 0x8000e1b4 (0xe43f2823) sw      gp, -432(t5)
core   0: 3 0x8000e1b4 (0xe43f2823) mem 0x80010000 0x00000001
core   0: 0x8000e1b8 (0xff9ff06f) j       pc - 0x8
core   0: 3 0x8000e1b8 (0xff9ff06f)
core   0: 0x8000e1b0 (0x00002f17) auipc   t5, 0x2
core   0: 3 0x8000e1b0 (0x00002f17) x30 0x800101b0
core   0: 0x8000e1b4 (0xe43f2823) sw      gp, -432(t5)
core   0: 3 0x8000e1b4 (0xe43f2823) mem 0x80010000 0x00000001
core   0: 0x8000e1b8 (0xff9ff06f) j       pc - 0x8
core   0: 3 0x8000e1b8 (0xff9ff06f)
core   0: 0x8000e1b0 (0x00002f17) auipc   t5, 0x2
core   0: 3 0x8000e1b0 (0x00002f17) x30 0x800101b0
core   0: 0x8000e1b4 (0xe43f2823) sw      gp, -432(t5)
core   0: 3 0x8000e1b4 (0xe43f2823) mem 0x80010000 0x00000001
core   0: 0x8000e1b8 (0xff9ff06f) j       pc - 0x8
core   0: 3 0x8000e1b8 (0xff9ff06f)
core   0: 0x8000e1b0 (0x00002f17) auipc   t5, 0x2
core   0: 3 0x8000e1b0 (0x00002f17) x30 0x800101b0
core   0: 0x8000e1b4 (0xe43f2823) sw      gp, -432(t5)
core   0: 3 0x8000e1b4 (0xe43f2823) mem 0x80010000 0x00000001
core   0: 0x8000e1b8 (0xff9ff06f) j       pc - 0x8
core   0: 3 0x8000e1b8 (0xff9ff06f)
core   0: 0x8000e1b0 (0x00002f17) auipc   t5, 0x2
core   0: 3 0x8000e1b0 (0x00002f17) x30 0x800101b0
core   0: 0x8000e1b4 (0xe43f2823) sw      gp, -432(t5)
core   0: 3 0x8000e1b4 (0xe43f2823) mem 0x80010000 0x00000001
core   0: 0x8000e1b8 (0xff9ff06f) j       pc - 0x8
core   0: 3 0x8000e1b8 (0xff9ff06f)
core   0: 0x8000e1b0 (0x00002f17) auipc   t5, 0x2
core   0: 3 0x8000e1b0 (0x00002f17) x30 0x800101b0
core   0: 0x8000e1b4 (0xe43f2823) sw      gp, -432(t5)
core   0: 3 0x8000e1b4 (0xe43f2823) mem 0x80010000 0x00000001
core   0: 0x8000e1b8 (0xff9ff06f) j       pc - 0x8
core   0: 3 0x8000e1b8 (0xff9ff06f)
core   0: 0x8000e1b0 (0x00002f17) auipc   t5, 0x2
core   0: 3 0x8000e1b0 (0x00002f17) x30 0x800101b0
core   0: 0x8000e1b4 (0xe43f2823) sw      gp, -432(t5)
core   0: 3 0x8000e1b4 (0xe43f2823) mem 0x80010000 0x00000001
core   0: 0x8000e1b8 (0xff9ff06f) j       pc - 0x8
core   0: 3 0x8000e1b8 (0xff9ff06f)
core   0: 0x8000e1b0 (0x00002f17) auipc   t5, 0x2
core   0: 3 0x8000e1b0 (0x00002f17) x30 0x800101b0
core   0: 0x8000e1b4 (0xe43f2823) sw      gp, -432(t5)
core   0: 3 0x8000e1b4 (0xe43f2823) mem 0x80010000 0x00000001
core   0: 0x8000e1b8 (0xff9ff06f) j       pc - 0x8
core   0: 3 0x8000e1b8 (0xff9ff06f)
core   0: 0x8000e1b0 (0x00002f17) auipc   t5, 0x2
core   0: 3 0x8000e1b0 (0x00002f17) x30 0x800101b0
core   0: 0x8000e1b4 (0xe43f2823) sw      gp, -432(t5)
core   0: 3 0x8000e1b4 (0xe43f2823) mem 0x80010000 0x00000001
core   0: 0x8000e1b8 (0xff9ff06f) j       pc - 0x8
core   0: 3 0x8000e1b8 (0xff9ff06f)
core   0: 0x8000e1b0 (0x00002f17) auipc   t5, 0x2
core   0: 3 0x8000e1b0 (0x00002f17) x30 0x800101b0
core   0: 0x8000e1b4 (0xe43f2823) sw      gp, -432(t5)
core   0: 3 0x8000e1b4 (0xe43f2823) mem 0x80010000 0x00000001
core   0: 0x8000e1b8 (0xff9ff06f) j       pc - 0x8
core   0: 3 0x8000e1b8 (0xff9ff06f)
core   0: 0x8000e1b0 (0x00002f17) auipc   t5, 0x2
core   0: 3 0x8000e1b0 (0x00002f17) x30 0x800101b0
core   0: 0x8000e1b4 (0xe43f2823) sw      gp, -432(t5)
core   0: 3 0x8000e1b4 (0xe43f2823) mem 0x80010000 0x00000001
core   0: 0x8000e1b8 (0xff9ff06f) j       pc - 0x8
core   0: 3 0x8000e1b8 (0xff9ff06f)
core   0: 0x8000e1b0 (0x00002f17) auipc   t5, 0x2
core   0: 3 0x8000e1b0 (0x00002f17) x30 0x800101b0
core   0: 0x8000e1b4 (0xe43f2823) sw      gp, -432(t5)
core   0: 3 0x8000e1b4 (0xe43f2823) mem 0x80010000 0x00000001
core   0: 0x8000e1b8 (0xff9ff06f) j       pc - 0x8
core   0: 3 0x8000e1b8 (0xff9ff06f)
core   0: 0x8000e1b0 (0x00002f17) auipc   t5, 0x2
core   0: 3 0x8000e1b0 (0x00002f17) x30 0x800101b0
core   0: 0x8000e1b4 (0xe43f2823) sw      gp, -432(t5)
core   0: 3 0x8000e1b4 (0xe43f2823) mem 0x80010000 0x00000001
core   0: 0x8000e1b8 (0xff9ff06f) j       pc - 0x8
core   0: 3 0x8000e1b8 (0xff9ff06f)
core   0: 0x8000e1b0 (0x00002f17) auipc   t5, 0x2
core   0: 3 0x8000e1b0 (0x00002f17) x30 0x800101b0
core   0: 0x8000e1b4 (0xe43f2823) sw      gp, -432(t5)
core   0: 3 0x8000e1b4 (0xe43f2823) mem 0x80010000 0x00000001
core   0: 0x8000e1b8 (0xff9ff06f) j       pc - 0x8
core   0: 3 0x8000e1b8 (0xff9ff06f)
core   0: 0x8000e1b0 (0x00002f17) auipc   t5, 0x2
core   0: 3 0x8000e1b0 (0x00002f17) x30 0x800101b0
core   0: 0x8000e1b4 (0xe43f2823) sw      gp, -432(t5)
core   0: 3 0x8000e1b4 (0xe43f2823) mem 0x80010000 0x00000001
core   0: 0x8000e1b8 (0xff9ff06f) j       pc - 0x8
core   0: 3 0x8000e1b8 (0xff9ff06f)
core   0: 0x8000e1b0 (0x00002f17) auipc   t5, 0x2
core   0: 3 0x8000e1b0 (0x00002f17) x30 0x800101b0
core   0: 0x8000e1b4 (0xe43f2823) sw      gp, -432(t5)
core   0: 3 0x8000e1b4 (0xe43f2823) mem 0x80010000 0x00000001
core   0: 0x8000e1b8 (0xff9ff06f) j       pc - 0x8
core   0: 3 0x8000e1b8 (0xff9ff06f)
core   0: 0x8000e1b0 (0x00002f17) auipc   t5, 0x2
core   0: 3 0x8000e1b0 (0x00002f17) x30 0x800101b0
core   0: 0x8000e1b4 (0xe43f2823) sw      gp, -432(t5)
core   0: 3 0x8000e1b4 (0xe43f2823) mem 0x80010000 0x00000001
core   0: 0x8000e1b8 (0xff9ff06f) j       pc - 0x8
core   0: 3 0x8000e1b8 (0xff9ff06f)
core   0: 0x8000e1b0 (0x00002f17) auipc   t5, 0x2
core   0: 3 0x8000e1b0 (0x00002f17) x30 0x800101b0
core   0: 0x8000e1b4 (0xe43f2823) sw      gp, -432(t5)
core   0: 3 0x8000e1b4 (0xe43f2823) mem 0x80010000 0x00000001
core   0: 0x8000e1b8 (0xff9ff06f) j       pc - 0x8
core   0: 3 0x8000e1b8 (0xff9ff06f)
core   0: 0x8000e1b0 (0x00002f17) auipc   t5, 0x2
core   0: 3 0x8000e1b0 (0x00002f17) x30 0x800101b0
core   0: 0x8000e1b4 (0xe43f2823) sw      gp, -432(t5)
core   0: 3 0x8000e1b4 (0xe43f2823) mem 0x80010000 0x00000001
core   0: 0x8000e1b8 (0xff9ff06f) j       pc - 0x8
core   0: 3 0x8000e1b8 (0xff9ff06f)
core   0: 0x8000e1b0 (0x00002f17) auipc   t5, 0x2
core   0: 3 0x8000e1b0 (0x00002f17) x30 0x800101b0
core   0: 0x8000e1b4 (0xe43f2823) sw      gp, -432(t5)
core   0: 3 0x8000e1b4 (0xe43f2823) mem 0x80010000 0x00000001
core   0: 0x8000e1b8 (0xff9ff06f) j       pc - 0x8
core   0: 3 0x8000e1b8 (0xff9ff06f)
core   0: 0x8000e1b0 (0x00002f17) auipc   t5, 0x2
core   0: 3 0x8000e1b0 (0x00002f17) x30 0x800101b0
core   0: 0x8000e1b4 (0xe43f2823) sw      gp, -432(t5)
core   0: 3 0x8000e1b4 (0xe43f2823) mem 0x80010000 0x00000001
core   0: 0x8000e1b8 (0xff9ff06f) j       pc - 0x8
core   0: 3 0x8000e1b8 (0xff9ff06f)
core   0: 0x8000e1b0 (0x00002f17) auipc   t5, 0x2
core   0: 3 0x8000e1b0 (0x00002f17) x30 0x800101b0
core   0: 0x8000e1b4 (0xe43f2823) sw      gp, -432(t5)
core   0: 3 0x8000e1b4 (0xe43f2823) mem 0x80010000 0x00000001
core   0: 0x8000e1b8 (0xff9ff06f) j       pc - 0x8
core   0: 3 0x8000e1b8 (0xff9ff06f)
core   0: 0x8000e1b0 (0x00002f17) auipc   t5, 0x2
core   0: 3 0x8000e1b0 (0x00002f17) x30 0x800101b0
core   0: 0x8000e1b4 (0xe43f2823) sw      gp, -432(t5)
core   0: 3 0x8000e1b4 (0xe43f2823) mem 0x80010000 0x00000001
core   0: 0x8000e1b8 (0xff9ff06f) j       pc - 0x8
core   0: 3 0x8000e1b8 (0xff9ff06f)
core   0: 0x8000e1b0 (0x00002f17) auipc   t5, 0x2
core   0: 3 0x8000e1b0 (0x00002f17) x30 0x800101b0
core   0: 0x8000e1b4 (0xe43f2823) sw      gp, -432(t5)
core   0: 3 0x8000e1b4 (0xe43f2823) mem 0x80010000 0x00000001
core   0: 0x8000e1b8 (0xff9ff06f) j       pc - 0x8
core   0: 3 0x8000e1b8 (0xff9ff06f)
core   0: 0x8000e1b0 (0x00002f17) auipc   t5, 0x2
core   0: 3 0x8000e1b0 (0x00002f17) x30 0x800101b0
core   0: 0x8000e1b4 (0xe43f2823) sw      gp, -432(t5)
core   0: 3 0x8000e1b4 (0xe43f2823) mem 0x80010000 0x00000001
core   0: 0x8000e1b8 (0xff9ff06f) j       pc - 0x8
core   0: 3 0x8000e1b8 (0xff9ff06f)
core   0: 0x8000e1b0 (0x00002f17) auipc   t5, 0x2
core   0: 3 0x8000e1b0 (0x00002f17) x30 0x800101b0
core   0: 0x8000e1b4 (0xe43f2823) sw      gp, -432(t5)
core   0: 3 0x8000e1b4 (0xe43f2823) mem 0x80010000 0x00000001
core   0: 0x8000e1b8 (0xff9ff06f) j       pc - 0x8
core   0: 3 0x8000e1b8 (0xff9ff06f)
core   0: 0x8000e1b0 (0x00002f17) auipc   t5, 0x2
core   0: 3 0x8000e1b0 (0x00002f17) x30 0x800101b0
core   0: 0x8000e1b4 (0xe43f2823) sw      gp, -432(t5)
core   0: 3 0x8000e1b4 (0xe43f2823) mem 0x80010000 0x00000001
core   0: 0x8000e1b8 (0xff9ff06f) j       pc - 0x8
core   0: 3 0x8000e1b8 (0xff9ff06f)
core   0: 0x8000e1b0 (0x00002f17) auipc   t5, 0x2
core   0: 3 0x8000e1b0 (0x00002f17) x30 0x800101b0
core   0: 0x8000e1b4 (0xe43f2823) sw      gp, -432(t5)
core   0: 3 0x8000e1b4 (0xe43f2823) mem 0x80010000 0x00000001
core   0: 0x8000e1b8 (0xff9ff06f) j       pc - 0x8
core   0: 3 0x8000e1b8 (0xff9ff06f)
core   0: 0x8000e1b0 (0x00002f17) auipc   t5, 0x2
core   0: 3 0x8000e1b0 (0x00002f17) x30 0x800101b0
core   0: 0x8000e1b4 (0xe43f2823) sw      gp, -432(t5)
core   0: 3 0x8000e1b4 (0xe43f2823) mem 0x80010000 0x00000001
core   0: 0x8000e1b8 (0xff9ff06f) j       pc - 0x8
core   0: 3 0x8000e1b8 (0xff9ff06f)
core   0: 0x8000e1b0 (0x00002f17) auipc   t5, 0x2
core   0: 3 0x8000e1b0 (0x00002f17) x30 0x800101b0
core   0: 0x8000e1b4 (0xe43f2823) sw      gp, -432(t5)
core   0: 3 0x8000e1b4 (0xe43f2823) mem 0x80010000 0x00000001
core   0: 0x8000e1b8 (0xff9ff06f) j       pc - 0x8
core   0: 3 0x8000e1b8 (0xff9ff06f)
core   0: 0x8000e1b0 (0x00002f17) auipc   t5, 0x2
core   0: 3 0x8000e1b0 (0x00002f17) x30 0x800101b0
core   0: 0x8000e1b4 (0xe43f2823) sw      gp, -432(t5)
core   0: 3 0x8000e1b4 (0xe43f2823) mem 0x80010000 0x00000001
core   0: 0x8000e1b8 (0xff9ff06f) j       pc - 0x8
core   0: 3 0x8000e1b8 (0xff9ff06f)
core   0: 0x8000e1b0 (0x00002f17) auipc   t5, 0x2
core   0: 3 0x8000e1b0 (0x00002f17) x30 0x800101b0
core   0: 0x8000e1b4 (0xe43f2823) sw      gp, -432(t5)
core   0: 3 0x8000e1b4 (0xe43f2823) mem 0x80010000 0x00000001
core   0: 0x8000e1b8 (0xff9ff06f) j       pc - 0x8
core   0: 3 0x8000e1b8 (0xff9ff06f)
core   0: 0x8000e1b0 (0x00002f17) auipc   t5, 0x2
core   0: 3 0x8000e1b0 (0x00002f17) x30 0x800101b0
core   0: 0x8000e1b4 (0xe43f2823) sw      gp, -432(t5)
core   0: 3 0x8000e1b4 (0xe43f2823) mem 0x80010000 0x00000001
core   0: 0x8000e1b8 (0xff9ff06f) j       pc - 0x8
core   0: 3 0x8000e1b8 (0xff9ff06f)
core   0: 0x8000e1b0 (0x00002f17) auipc   t5, 0x2
core   0: 3 0x8000e1b0 (0x00002f17) x30 0x800101b0
core   0: 0x8000e1b4 (0xe43f2823) sw      gp, -432(t5)
core   0: 3 0x8000e1b4 (0xe43f2823) mem 0x80010000 0x00000001
core   0: 0x8000e1b8 (0xff9ff06f) j       pc - 0x8
core   0: 3 0x8000e1b8 (0xff9ff06f)
core   0: 0x8000e1b0 (0x00002f17) auipc   t5, 0x2
core   0: 3 0x8000e1b0 (0x00002f17) x30 0x800101b0
core   0: 0x8000e1b4 (0xe43f2823) sw      gp, -432(t5)
core   0: 3 0x8000e1b4 (0xe43f2823) mem 0x80010000 0x00000001
core   0: 0x8000e1b8 (0xff9ff06f) j       pc - 0x8
core   0: 3 0x8000e1b8 (0xff9ff06f)
core   0: 0x8000e1b0 (0x00002f17) auipc   t5, 0x2
core   0: 3 0x8000e1b0 (0x00002f17) x30 0x800101b0
core   0: 0x8000e1b4 (0xe43f2823) sw      gp, -432(t5)
core   0: 3 0x8000e1b4 (0xe43f2823) mem 0x80010000 0x00000001
core   0: 0x8000e1b8 (0xff9ff06f) j       pc - 0x8
core   0: 3 0x8000e1b8 (0xff9ff06f)
core   0: 0x8000e1b0 (0x00002f17) auipc   t5, 0x2
core   0: 3 0x8000e1b0 (0x00002f17) x30 0x800101b0
core   0: 0x8000e1b4 (0xe43f2823) sw      gp, -432(t5)
core   0: 3 0x8000e1b4 (0xe43f2823) mem 0x80010000 0x00000001
core   0: 0x8000e1b8 (0xff9ff06f) j       pc - 0x8
core   0: 3 0x8000e1b8 (0xff9ff06f)
core   0: 0x8000e1b0 (0x00002f17) auipc   t5, 0x2
core   0: 3 0x8000e1b0 (0x00002f17) x30 0x800101b0
core   0: 0x8000e1b4 (0xe43f2823) sw      gp, -432(t5)
core   0: 3 0x8000e1b4 (0xe43f2823) mem 0x80010000 0x00000001
core   0: 0x8000e1b8 (0xff9ff06f) j       pc - 0x8
core   0: 3 0x8000e1b8 (0xff9ff06f)
core   0: 0x8000e1b0 (0x00002f17) auipc   t5, 0x2
core   0: 3 0x8000e1b0 (0x00002f17) x30 0x800101b0
core   0: 0x8000e1b4 (0xe43f2823) sw      gp, -432(t5)
core   0: 3 0x8000e1b4 (0xe43f2823) mem 0x80010000 0x00000001
core   0: 0x8000e1b8 (0xff9ff06f) j       pc - 0x8
core   0: 3 0x8000e1b8 (0xff9ff06f)
core   0: 0x8000e1b0 (0x00002f17) auipc   t5, 0x2
core   0: 3 0x8000e1b0 (0x00002f17) x30 0x800101b0
core   0: 0x8000e1b4 (0xe43f2823) sw      gp, -432(t5)
core   0: 3 0x8000e1b4 (0xe43f2823) mem 0x80010000 0x00000001
core   0: 0x8000e1b8 (0xff9ff06f) j       pc - 0x8
core   0: 3 0x8000e1b8 (0xff9ff06f)
core   0: 0x8000e1b0 (0x00002f17) auipc   t5, 0x2
core   0: 3 0x8000e1b0 (0x00002f17) x30 0x800101b0
core   0: 0x8000e1b4 (0xe43f2823) sw      gp, -432(t5)
core   0: 3 0x8000e1b4 (0xe43f2823) mem 0x80010000 0x00000001
core   0: 0x8000e1b8 (0xff9ff06f) j       pc - 0x8
core   0: 3 0x8000e1b8 (0xff9ff06f)
core   0: 0x8000e1b0 (0x00002f17) auipc   t5, 0x2
core   0: 3 0x8000e1b0 (0x00002f17) x30 0x800101b0
core   0: 0x8000e1b4 (0xe43f2823) sw      gp, -432(t5)
core   0: 3 0x8000e1b4 (0xe43f2823) mem 0x80010000 0x00000001
core   0: 0x8000e1b8 (0xff9ff06f) j       pc - 0x8
core   0: 3 0x8000e1b8 (0xff9ff06f)
core   0: 0x8000e1b0 (0x00002f17) auipc   t5, 0x2
core   0: 3 0x8000e1b0 (0x00002f17) x30 0x800101b0
core   0: 0x8000e1b4 (0xe43f2823) sw      gp, -432(t5)
core   0: 3 0x8000e1b4 (0xe43f2823) mem 0x80010000 0x00000001
core   0: 0x8000e1b8 (0xff9ff06f) j       pc - 0x8
core   0: 3 0x8000e1b8 (0xff9ff06f)
core   0: 0x8000e1b0 (0x00002f17) auipc   t5, 0x2
core   0: 3 0x8000e1b0 (0x00002f17) x30 0x800101b0
core   0: 0x8000e1b4 (0xe43f2823) sw      gp, -432(t5)
core   0: 3 0x8000e1b4 (0xe43f2823) mem 0x80010000 0x00000001
core   0: 0x8000e1b8 (0xff9ff06f) j       pc - 0x8
core   0: 3 0x8000e1b8 (0xff9ff06f)
core   0: 0x8000e1b0 (0x00002f17) auipc   t5, 0x2
core   0: 3 0x8000e1b0 (0x00002f17) x30 0x800101b0
core   0: 0x8000e1b4 (0xe43f2823) sw      gp, -432(t5)
core   0: 3 0x8000e1b4 (0xe43f2823) mem 0x80010000 0x00000001
core   0: 0x8000e1b8 (0xff9ff06f) j       pc - 0x8
core   0: 3 0x8000e1b8 (0xff9ff06f)
core   0: 0x8000e1b0 (0x00002f17) auipc   t5, 0x2
core   0: 3 0x8000e1b0 (0x00002f17) x30 0x800101b0
core   0: 0x8000e1b4 (0xe43f2823) sw      gp, -432(t5)
core   0: 3 0x8000e1b4 (0xe43f2823) mem 0x80010000 0x00000001
core   0: 0x8000e1b8 (0xff9ff06f) j       pc - 0x8
core   0: 3 0x8000e1b8 (0xff9ff06f)
core   0: 0x8000e1b0 (0x00002f17) auipc   t5, 0x2
core   0: 3 0x8000e1b0 (0x00002f17) x30 0x800101b0
core   0: 0x8000e1b4 (0xe43f2823) sw      gp, -432(t5)
core   0: 3 0x8000e1b4 (0xe43f2823) mem 0x80010000 0x00000001
core   0: 0x8000e1b8 (0xff9ff06f) j       pc - 0x8
core   0: 3 0x8000e1b8 (0xff9ff06f)
core   0: 0x8000e1b0 (0x00002f17) auipc   t5, 0x2
core   0: 3 0x8000e1b0 (0x00002f17) x30 0x800101b0
core   0: 0x8000e1b4 (0xe43f2823) sw      gp, -432(t5)
core   0: 3 0x8000e1b4 (0xe43f2823) mem 0x80010000 0x00000001
core   0: 0x8000e1b8 (0xff9ff06f) j       pc - 0x8
core   0: 3 0x8000e1b8 (0xff9ff06f)
core   0: 0x8000e1b0 (0x00002f17) auipc   t5, 0x2
core   0: 3 0x8000e1b0 (0x00002f17) x30 0x800101b0
core   0: 0x8000e1b4 (0xe43f2823) sw      gp, -432(t5)
core   0: 3 0x8000e1b4 (0xe43f2823) mem 0x80010000 0x00000001
core   0: 0x8000e1b8 (0xff9ff06f) j       pc - 0x8
core   0: 3 0x8000e1b8 (0xff9ff06f)
core   0: 0x8000e1b0 (0x00002f17) auipc   t5, 0x2
core   0: 3 0x8000e1b0 (0x00002f17) x30 0x800101b0
core   0: 0x8000e1b4 (0xe43f2823) sw      gp, -432(t5)
core   0: 3 0x8000e1b4 (0xe43f2823) mem 0x80010000 0x00000001
core   0: 0x8000e1b8 (0xff9ff06f) j       pc - 0x8
core   0: 3 0x8000e1b8 (0xff9ff06f)
core   0: 0x8000e1b0 (0x00002f17) auipc   t5, 0x2
core   0: 3 0x8000e1b0 (0x00002f17) x30 0x800101b0
core   0: 0x8000e1b4 (0xe43f2823) sw      gp, -432(t5)
core   0: 3 0x8000e1b4 (0xe43f2823) mem 0x80010000 0x00000001
core   0: 0x8000e1b8 (0xff9ff06f) j       pc - 0x8
core   0: 3 0x8000e1b8 (0xff9ff06f)
core   0: 0x8000e1b0 (0x00002f17) auipc   t5, 0x2
core   0: 3 0x8000e1b0 (0x00002f17) x30 0x800101b0
core   0: 0x8000e1b4 (0xe43f2823) sw      gp, -432(t5)
core   0: 3 0x8000e1b4 (0xe43f2823) mem 0x80010000 0x00000001
core   0: 0x8000e1b8 (0xff9ff06f) j       pc - 0x8
core   0: 3 0x8000e1b8 (0xff9ff06f)
core   0: 0x8000e1b0 (0x00002f17) auipc   t5, 0x2
core   0: 3 0x8000e1b0 (0x00002f17) x30 0x800101b0
core   0: 0x8000e1b4 (0xe43f2823) sw      gp, -432(t5)
core   0: 3 0x8000e1b4 (0xe43f2823) mem 0x80010000 0x00000001
core   0: 0x8000e1b8 (0xff9ff06f) j       pc - 0x8
core   0: 3 0x8000e1b8 (0xff9ff06f)
core   0: 0x8000e1b0 (0x00002f17) auipc   t5, 0x2
core   0: 3 0x8000e1b0 (0x00002f17) x30 0x800101b0
core   0: 0x8000e1b4 (0xe43f2823) sw      gp, -432(t5)
core   0: 3 0x8000e1b4 (0xe43f2823) mem 0x80010000 0x00000001
core   0: 0x8000e1b8 (0xff9ff06f) j       pc - 0x8
core   0: 3 0x8000e1b8 (0xff9ff06f)
core   0: 0x8000e1b0 (0x00002f17) auipc   t5, 0x2
core   0: 3 0x8000e1b0 (0x00002f17) x30 0x800101b0
core   0: 0x8000e1b4 (0xe43f2823) sw      gp, -432(t5)
core   0: 3 0x8000e1b4 (0xe43f2823) mem 0x80010000 0x00000001
core   0: 0x8000e1b8 (0xff9ff06f) j       pc - 0x8
core   0: 3 0x8000e1b8 (0xff9ff06f)
core   0: 0x8000e1b0 (0x00002f17) auipc   t5, 0x2
core   0: 3 0x8000e1b0 (0x00002f17) x30 0x800101b0
core   0: 0x8000e1b4 (0xe43f2823) sw      gp, -432(t5)
core   0: 3 0x8000e1b4 (0xe43f2823) mem 0x80010000 0x00000001
core   0: 0x8000e1b8 (0xff9ff06f) j       pc - 0x8
core   0: 3 0x8000e1b8 (0xff9ff06f)
core   0: 0x8000e1b0 (0x00002f17) auipc   t5, 0x2
core   0: 3 0x8000e1b0 (0x00002f17) x30 0x800101b0
core   0: 0x8000e1b4 (0xe43f2823) sw      gp, -432(t5)
core   0: 3 0x8000e1b4 (0xe43f2823) mem 0x80010000 0x00000001
core   0: 0x8000e1b8 (0xff9ff06f) j       pc - 0x8
core   0: 3 0x8000e1b8 (0xff9ff06f)
core   0: 0x8000e1b0 (0x00002f17) auipc   t5, 0x2
core   0: 3 0x8000e1b0 (0x00002f17) x30 0x800101b0
core   0: 0x8000e1b4 (0xe43f2823) sw      gp, -432(t5)
core   0: 3 0x8000e1b4 (0xe43f2823) mem 0x80010000 0x00000001
core   0: 0x8000e1b8 (0xff9ff06f) j       pc - 0x8
core   0: 3 0x8000e1b8 (0xff9ff06f)
core   0: 0x8000e1b0 (0x00002f17) auipc   t5, 0x2
core   0: 3 0x8000e1b0 (0x00002f17) x30 0x800101b0
core   0: 0x8000e1b4 (0xe43f2823) sw      gp, -432(t5)
core   0: 3 0x8000e1b4 (0xe43f2823) mem 0x80010000 0x00000001
core   0: 0x8000e1b8 (0xff9ff06f) j       pc - 0x8
core   0: 3 0x8000e1b8 (0xff9ff06f)
core   0: 0x8000e1b0 (0x00002f17) auipc   t5, 0x2
core   0: 3 0x8000e1b0 (0x00002f17) x30 0x800101b0
core   0: 0x8000e1b4 (0xe43f2823) sw      gp, -432(t5)
core   0: 3 0x8000e1b4 (0xe43f2823) mem 0x80010000 0x00000001
core   0: 0x8000e1b8 (0xff9ff06f) j       pc - 0x8
core   0: 3 0x8000e1b8 (0xff9ff06f)
core   0: 0x8000e1b0 (0x00002f17) auipc   t5, 0x2
core   0: 3 0x8000e1b0 (0x00002f17) x30 0x800101b0
core   0: 0x8000e1b4 (0xe43f2823) sw      gp, -432(t5)
core   0: 3 0x8000e1b4 (0xe43f2823) mem 0x80010000 0x00000001
core   0: 0x8000e1b8 (0xff9ff06f) j       pc - 0x8
core   0: 3 0x8000e1b8 (0xff9ff06f)
core   0: 0x8000e1b0 (0x00002f17) auipc   t5, 0x2
core   0: 3 0x8000e1b0 (0x00002f17) x30 0x800101b0
core   0: 0x8000e1b4 (0xe43f2823) sw      gp, -432(t5)
core   0: 3 0x8000e1b4 (0xe43f2823) mem 0x80010000 0x00000001
core   0: 0x8000e1b8 (0xff9ff06f) j       pc - 0x8
core   0: 3 0x8000e1b8 (0xff9ff06f)
core   0: 0x8000e1b0 (0x00002f17) auipc   t5, 0x2
core   0: 3 0x8000e1b0 (0x00002f17) x30 0x800101b0
core   0: 0x8000e1b4 (0xe43f2823) sw      gp, -432(t5)
core   0: 3 0x8000e1b4 (0xe43f2823) mem 0x80010000 0x00000001
core   0: 0x8000e1b8 (0xff9ff06f) j       pc - 0x8
core   0: 3 0x8000e1b8 (0xff9ff06f)
core   0: 0x8000e1b0 (0x00002f17) auipc   t5, 0x2
core   0: 3 0x8000e1b0 (0x00002f17) x30 0x800101b0
core   0: 0x8000e1b4 (0xe43f2823) sw      gp, -432(t5)
core   0: 3 0x8000e1b4 (0xe43f2823) mem 0x80010000 0x00000001
core   0: 0x8000e1b8 (0xff9ff06f) j       pc - 0x8
core   0: 3 0x8000e1b8 (0xff9ff06f)
core   0: 0x8000e1b0 (0x00002f17) auipc   t5, 0x2
core   0: 3 0x8000e1b0 (0x00002f17) x30 0x800101b0
core   0: 0x8000e1b4 (0xe43f2823) sw      gp, -432(t5)
core   0: 3 0x8000e1b4 (0xe43f2823) mem 0x80010000 0x00000001
core   0: 0x8000e1b8 (0xff9ff06f) j       pc - 0x8
core   0: 3 0x8000e1b8 (0xff9ff06f)
core   0: 0x8000e1b0 (0x00002f17) auipc   t5, 0x2
core   0: 3 0x8000e1b0 (0x00002f17) x30 0x800101b0
core   0: 0x8000e1b4 (0xe43f2823) sw      gp, -432(t5)
core   0: 3 0x8000e1b4 (0xe43f2823) mem 0x80010000 0x00000001
core   0: 0x8000e1b8 (0xff9ff06f) j       pc - 0x8
core   0: 3 0x8000e1b8 (0xff9ff06f)
core   0: 0x8000e1b0 (0x00002f17) auipc   t5, 0x2
core   0: 3 0x8000e1b0 (0x00002f17) x30 0x800101b0
core   0: 0x8000e1b4 (0xe43f2823) sw      gp, -432(t5)
core   0: 3 0x8000e1b4 (0xe43f2823) mem 0x80010000 0x00000001
core   0: 0x8000e1b8 (0xff9ff06f) j       pc - 0x8
core   0: 3 0x8000e1b8 (0xff9ff06f)
core   0: 0x8000e1b0 (0x00002f17) auipc   t5, 0x2
core   0: 3 0x8000e1b0 (0x00002f17) x30 0x800101b0
core   0: 0x8000e1b4 (0xe43f2823) sw      gp, -432(t5)
core   0: 3 0x8000e1b4 (0xe43f2823) mem 0x80010000 0x00000001
core   0: 0x8000e1b8 (0xff9ff06f) j       pc - 0x8
core   0: 3 0x8000e1b8 (0xff9ff06f)
core   0: 0x8000e1b0 (0x00002f17) auipc   t5, 0x2
core   0: 3 0x8000e1b0 (0x00002f17) x30 0x800101b0
core   0: 0x8000e1b4 (0xe43f2823) sw      gp, -432(t5)
core   0: 3 0x8000e1b4 (0xe43f2823) mem 0x80010000 0x00000001
core   0: 0x8000e1b8 (0xff9ff06f) j       pc - 0x8
core   0: 3 0x8000e1b8 (0xff9ff06f)
core   0: 0x8000e1b0 (0x00002f17) auipc   t5, 0x2
core   0: 3 0x8000e1b0 (0x00002f17) x30 0x800101b0
core   0: 0x8000e1b4 (0xe43f2823) sw      gp, -432(t5)
core   0: 3 0x8000e1b4 (0xe43f2823) mem 0x80010000 0x00000001
core   0: 0x8000e1b8 (0xff9ff06f) j       pc - 0x8
core   0: 3 0x8000e1b8 (0xff9ff06f)
core   0: 0x8000e1b0 (0x00002f17) auipc   t5, 0x2
core   0: 3 0x8000e1b0 (0x00002f17) x30 0x800101b0
core   0: 0x8000e1b4 (0xe43f2823) sw      gp, -432(t5)
core   0: 3 0x8000e1b4 (0xe43f2823) mem 0x80010000 0x00000001
core   0: 0x8000e1b8 (0xff9ff06f) j       pc - 0x8
core   0: 3 0x8000e1b8 (0xff9ff06f)
core   0: 0x8000e1b0 (0x00002f17) auipc   t5, 0x2
core   0: 3 0x8000e1b0 (0x00002f17) x30 0x800101b0
core   0: 0x8000e1b4 (0xe43f2823) sw      gp, -432(t5)
core   0: 3 0x8000e1b4 (0xe43f2823) mem 0x80010000 0x00000001
core   0: 0x8000e1b8 (0xff9ff06f) j       pc - 0x8
core   0: 3 0x8000e1b8 (0xff9ff06f)
core   0: 0x8000e1b0 (0x00002f17) auipc   t5, 0x2
core   0: 3 0x8000e1b0 (0x00002f17) x30 0x800101b0
core   0: 0x8000e1b4 (0xe43f2823) sw      gp, -432(t5)
core   0: 3 0x8000e1b4 (0xe43f2823) mem 0x80010000 0x00000001
core   0: 0x8000e1b8 (0xff9ff06f) j       pc - 0x8
core   0: 3 0x8000e1b8 (0xff9ff06f)
core   0: 0x8000e1b0 (0x00002f17) auipc   t5, 0x2
core   0: 3 0x8000e1b0 (0x00002f17) x30 0x800101b0
core   0: 0x8000e1b4 (0xe43f2823) sw      gp, -432(t5)
core   0: 3 0x8000e1b4 (0xe43f2823) mem 0x80010000 0x00000001
core   0: 0x8000e1b8 (0xff9ff06f) j       pc - 0x8
core   0: 3 0x8000e1b8 (0xff9ff06f)
core   0: 0x8000e1b0 (0x00002f17) auipc   t5, 0x2
core   0: 3 0x8000e1b0 (0x00002f17) x30 0x800101b0
core   0: 0x8000e1b4 (0xe43f2823) sw      gp, -432(t5)
core   0: 3 0x8000e1b4 (0xe43f2823) mem 0x80010000 0x00000001
core   0: 0x8000e1b8 (0xff9ff06f) j       pc - 0x8
core   0: 3 0x8000e1b8 (0xff9ff06f)
core   0: 0x8000e1b0 (0x00002f17) auipc   t5, 0x2
core   0: 3 0x8000e1b0 (0x00002f17) x30 0x800101b0
core   0: 0x8000e1b4 (0xe43f2823) sw      gp, -432(t5)
core   0: 3 0x8000e1b4 (0xe43f2823) mem 0x80010000 0x00000001
core   0: 0x8000e1b8 (0xff9ff06f) j       pc - 0x8
core   0: 3 0x8000e1b8 (0xff9ff06f)
core   0: 0x8000e1b0 (0x00002f17) auipc   t5, 0x2
core   0: 3 0x8000e1b0 (0x00002f17) x30 0x800101b0
core   0: 0x8000e1b4 (0xe43f2823) sw      gp, -432(t5)
core   0: 3 0x8000e1b4 (0xe43f2823) mem 0x80010000 0x00000001
core   0: 0x8000e1b8 (0xff9ff06f) j       pc - 0x8
core   0: 3 0x8000e1b8 (0xff9ff06f)
core   0: 0x8000e1b0 (0x00002f17) auipc   t5, 0x2
core   0: 3 0x8000e1b0 (0x00002f17) x30 0x800101b0
core   0: 0x8000e1b4 (0xe43f2823) sw      gp, -432(t5)
core   0: 3 0x8000e1b4 (0xe43f2823) mem 0x80010000 0x00000001
core   0: 0x8000e1b8 (0xff9ff06f) j       pc - 0x8
core   0: 3 0x8000e1b8 (0xff9ff06f)
core   0: 0x8000e1b0 (0x00002f17) auipc   t5, 0x2
core   0: 3 0x8000e1b0 (0x00002f17) x30 0x800101b0
core   0: 0x8000e1b4 (0xe43f2823) sw      gp, -432(t5)
core   0: 3 0x8000e1b4 (0xe43f2823) mem 0x80010000 0x00000001
core   0: 0x8000e1b8 (0xff9ff06f) j       pc - 0x8
core   0: 3 0x8000e1b8 (0xff9ff06f)
core   0: 0x8000e1b0 (0x00002f17) auipc   t5, 0x2
core   0: 3 0x8000e1b0 (0x00002f17) x30 0x800101b0
core   0: 0x8000e1b4 (0xe43f2823) sw      gp, -432(t5)
core   0: 3 0x8000e1b4 (0xe43f2823) mem 0x80010000 0x00000001
core   0: 0x8000e1b8 (0xff9ff06f) j       pc - 0x8
core   0: 3 0x8000e1b8 (0xff9ff06f)
core   0: 0x8000e1b0 (0x00002f17) auipc   t5, 0x2
core   0: 3 0x8000e1b0 (0x00002f17) x30 0x800101b0
core   0: 0x8000e1b4 (0xe43f2823) sw      gp, -432(t5)
core   0: 3 0x8000e1b4 (0xe43f2823) mem 0x80010000 0x00000001
core   0: 0x8000e1b8 (0xff9ff06f) j       pc - 0x8
core   0: 3 0x8000e1b8 (0xff9ff06f)
core   0: 0x8000e1b0 (0x00002f17) auipc   t5, 0x2
core   0: 3 0x8000e1b0 (0x00002f17) x30 0x800101b0
core   0: 0x8000e1b4 (0xe43f2823) sw      gp, -432(t5)
core   0: 3 0x8000e1b4 (0xe43f2823) mem 0x80010000 0x00000001
core   0: 0x8000e1b8 (0xff9ff06f) j       pc - 0x8
core   0: 3 0x8000e1b8 (0xff9ff06f)
core   0: 0x8000e1b0 (0x00002f17) auipc   t5, 0x2
core   0: 3 0x8000e1b0 (0x00002f17) x30 0x800101b0
core   0: 0x8000e1b4 (0xe43f2823) sw      gp, -432(t5)
core   0: 3 0x8000e1b4 (0xe43f2823) mem 0x80010000 0x00000001
core   0: 0x8000e1b8 (0xff9ff06f) j       pc - 0x8
core   0: 3 0x8000e1b8 (0xff9ff06f)
core   0: 0x8000e1b0 (0x00002f17) auipc   t5, 0x2
core   0: 3 0x8000e1b0 (0x00002f17) x30 0x800101b0
core   0: 0x8000e1b4 (0xe43f2823) sw      gp, -432(t5)
core   0: 3 0x8000e1b4 (0xe43f2823) mem 0x80010000 0x00000001
core   0: 0x8000e1b8 (0xff9ff06f) j       pc - 0x8
core   0: 3 0x8000e1b8 (0xff9ff06f)
core   0: 0x8000e1b0 (0x00002f17) auipc   t5, 0x2
core   0: 3 0x8000e1b0 (0x00002f17) x30 0x800101b0
core   0: 0x8000e1b4 (0xe43f2823) sw      gp, -432(t5)
core   0: 3 0x8000e1b4 (0xe43f2823) mem 0x80010000 0x00000001
core   0: 0x8000e1b8 (0xff9ff06f) j       pc - 0x8
core   0: 3 0x8000e1b8 (0xff9ff06f)
core   0: 0x8000e1b0 (0x00002f17) auipc   t5, 0x2
core   0: 3 0x8000e1b0 (0x00002f17) x30 0x800101b0
core   0: 0x8000e1b4 (0xe43f2823) sw      gp, -432(t5)
core   0: 3 0x8000e1b4 (0xe43f2823) mem 0x80010000 0x00000001
core   0: 0x8000e1b8 (0xff9ff06f) j       pc - 0x8
core   0: 3 0x8000e1b8 (0xff9ff06f)
core   0: 0x8000e1b0 (0x00002f17) auipc   t5, 0x2
core   0: 3 0x8000e1b0 (0x00002f17) x30 0x800101b0
core   0: 0x8000e1b4 (0xe43f2823) sw      gp, -432(t5)
core   0: 3 0x8000e1b4 (0xe43f2823) mem 0x80010000 0x00000001
core   0: 0x8000e1b8 (0xff9ff06f) j       pc - 0x8
core   0: 3 0x8000e1b8 (0xff9ff06f)
core   0: 0x8000e1b0 (0x00002f17) auipc   t5, 0x2
core   0: 3 0x8000e1b0 (0x00002f17) x30 0x800101b0
core   0: 0x8000e1b4 (0xe43f2823) sw      gp, -432(t5)
core   0: 3 0x8000e1b4 (0xe43f2823) mem 0x80010000 0x00000001
core   0: 0x8000e1b8 (0xff9ff06f) j       pc - 0x8
core   0: 3 0x8000e1b8 (0xff9ff06f)
core   0: 0x8000e1b0 (0x00002f17) auipc   t5, 0x2
core   0: 3 0x8000e1b0 (0x00002f17) x30 0x800101b0
core   0: 0x8000e1b4 (0xe43f2823) sw      gp, -432(t5)
core   0: 3 0x8000e1b4 (0xe43f2823) mem 0x80010000 0x00000001
core   0: 0x8000e1b8 (0xff9ff06f) j       pc - 0x8
core   0: 3 0x8000e1b8 (0xff9ff06f)
core   0: 0x8000e1b0 (0x00002f17) auipc   t5, 0x2
core   0: 3 0x8000e1b0 (0x00002f17) x30 0x800101b0
core   0: 0x8000e1b4 (0xe43f2823) sw      gp, -432(t5)
core   0: 3 0x8000e1b4 (0xe43f2823) mem 0x80010000 0x00000001
core   0: 0x8000e1b8 (0xff9ff06f) j       pc - 0x8
core   0: 3 0x8000e1b8 (0xff9ff06f)
core   0: 0x8000e1b0 (0x00002f17) auipc   t5, 0x2
core   0: 3 0x8000e1b0 (0x00002f17) x30 0x800101b0
core   0: 0x8000e1b4 (0xe43f2823) sw      gp, -432(t5)
core   0: 3 0x8000e1b4 (0xe43f2823) mem 0x80010000 0x00000001
core   0: 0x8000e1b8 (0xff9ff06f) j       pc - 0x8
core   0: 3 0x8000e1b8 (0xff9ff06f)
core   0: 0x8000e1b0 (0x00002f17) auipc   t5, 0x2
core   0: 3 0x8000e1b0 (0x00002f17) x30 0x800101b0
core   0: 0x8000e1b4 (0xe43f2823) sw      gp, -432(t5)
core   0: 3 0x8000e1b4 (0xe43f2823) mem 0x80010000 0x00000001
core   0: 0x8000e1b8 (0xff9ff06f) j       pc - 0x8
core   0: 3 0x8000e1b8 (0xff9ff06f)
core   0: 0x8000e1b0 (0x00002f17) auipc   t5, 0x2
core   0: 3 0x8000e1b0 (0x00002f17) x30 0x800101b0
core   0: 0x8000e1b4 (0xe43f2823) sw      gp, -432(t5)
core   0: 3 0x8000e1b4 (0xe43f2823) mem 0x80010000 0x00000001
core   0: 0x8000e1b8 (0xff9ff06f) j       pc - 0x8
core   0: 3 0x8000e1b8 (0xff9ff06f)
core   0: 0x8000e1b0 (0x00002f17) auipc   t5, 0x2
core   0: 3 0x8000e1b0 (0x00002f17) x30 0x800101b0
core   0: 0x8000e1b4 (0xe43f2823) sw      gp, -432(t5)
core   0: 3 0x8000e1b4 (0xe43f2823) mem 0x80010000 0x00000001
core   0: 0x8000e1b8 (0xff9ff06f) j       pc - 0x8
core   0: 3 0x8000e1b8 (0xff9ff06f)
core   0: 0x8000e1b0 (0x00002f17) auipc   t5, 0x2
core   0: 3 0x8000e1b0 (0x00002f17) x30 0x800101b0
core   0: 0x8000e1b4 (0xe43f2823) sw      gp, -432(t5)
core   0: 3 0x8000e1b4 (0xe43f2823) mem 0x80010000 0x00000001
core   0: 0x8000e1b8 (0xff9ff06f) j       pc - 0x8
core   0: 3 0x8000e1b8 (0xff9ff06f)
core   0: 0x8000e1b0 (0x00002f17) auipc   t5, 0x2
core   0: 3 0x8000e1b0 (0x00002f17) x30 0x800101b0
core   0: 0x8000e1b4 (0xe43f2823) sw      gp, -432(t5)
core   0: 3 0x8000e1b4 (0xe43f2823) mem 0x80010000 0x00000001
core   0: 0x8000e1b8 (0xff9ff06f) j       pc - 0x8
core   0: 3 0x8000e1b8 (0xff9ff06f)
core   0: 0x8000e1b0 (0x00002f17) auipc   t5, 0x2
core   0: 3 0x8000e1b0 (0x00002f17) x30 0x800101b0
core   0: 0x8000e1b4 (0xe43f2823) sw      gp, -432(t5)
core   0: 3 0x8000e1b4 (0xe43f2823) mem 0x80010000 0x00000001
core   0: 0x8000e1b8 (0xff9ff06f) j       pc - 0x8
core   0: 3 0x8000e1b8 (0xff9ff06f)
core   0: 0x8000e1b0 (0x00002f17) auipc   t5, 0x2
core   0: 3 0x8000e1b0 (0x00002f17) x30 0x800101b0
core   0: 0x8000e1b4 (0xe43f2823) sw      gp, -432(t5)
core   0: 3 0x8000e1b4 (0xe43f2823) mem 0x80010000 0x00000001
core   0: 0x8000e1b8 (0xff9ff06f) j       pc - 0x8
core   0: 3 0x8000e1b8 (0xff9ff06f)
core   0: 0x8000e1b0 (0x00002f17) auipc   t5, 0x2
core   0: 3 0x8000e1b0 (0x00002f17) x30 0x800101b0
core   0: 0x8000e1b4 (0xe43f2823) sw      gp, -432(t5)
core   0: 3 0x8000e1b4 (0xe43f2823) mem 0x80010000 0x00000001
core   0: 0x8000e1b8 (0xff9ff06f) j       pc - 0x8
core   0: 3 0x8000e1b8 (0xff9ff06f)
core   0: 0x8000e1b0 (0x00002f17) auipc   t5, 0x2
core   0: 3 0x8000e1b0 (0x00002f17) x30 0x800101b0
core   0: 0x8000e1b4 (0xe43f2823) sw      gp, -432(t5)
core   0: 3 0x8000e1b4 (0xe43f2823) mem 0x80010000 0x00000001
core   0: 0x8000e1b8 (0xff9ff06f) j       pc - 0x8
core   0: 3 0x8000e1b8 (0xff9ff06f)
core   0: 0x8000e1b0 (0x00002f17) auipc   t5, 0x2
core   0: 3 0x8000e1b0 (0x00002f17) x30 0x800101b0
core   0: 0x8000e1b4 (0xe43f2823) sw      gp, -432(t5)
core   0: 3 0x8000e1b4 (0xe43f2823) mem 0x80010000 0x00000001
core   0: 0x8000e1b8 (0xff9ff06f) j       pc - 0x8
core   0: 3 0x8000e1b8 (0xff9ff06f)
core   0: 0x8000e1b0 (0x00002f17) auipc   t5, 0x2
core   0: 3 0x8000e1b0 (0x00002f17) x30 0x800101b0
core   0: 0x8000e1b4 (0xe43f2823) sw      gp, -432(t5)
core   0: 3 0x8000e1b4 (0xe43f2823) mem 0x80010000 0x00000001
core   0: 0x8000e1b8 (0xff9ff06f) j       pc - 0x8
core   0: 3 0x8000e1b8 (0xff9ff06f)
core   0: 0x8000e1b0 (0x00002f17) auipc   t5, 0x2
core   0: 3 0x8000e1b0 (0x00002f17) x30 0x800101b0
core   0: 0x8000e1b4 (0xe43f2823) sw      gp, -432(t5)
core   0: 3 0x8000e1b4 (0xe43f2823) mem 0x80010000 0x00000001
core   0: 0x8000e1b8 (0xff9ff06f) j       pc - 0x8
core   0: 3 0x8000e1b8 (0xff9ff06f)
core   0: 0x8000e1b0 (0x00002f17) auipc   t5, 0x2
core   0: 3 0x8000e1b0 (0x00002f17) x30 0x800101b0
core   0: 0x8000e1b4 (0xe43f2823) sw      gp, -432(t5)
core   0: 3 0x8000e1b4 (0xe43f2823) mem 0x80010000 0x00000001
core   0: 0x8000e1b8 (0xff9ff06f) j       pc - 0x8
core   0: 3 0x8000e1b8 (0xff9ff06f)
core   0: 0x8000e1b0 (0x00002f17) auipc   t5, 0x2
core   0: 3 0x8000e1b0 (0x00002f17) x30 0x800101b0
core   0: 0x8000e1b4 (0xe43f2823) sw      gp, -432(t5)
core   0: 3 0x8000e1b4 (0xe43f2823) mem 0x80010000 0x00000001
core   0: 0x8000e1b8 (0xff9ff06f) j       pc - 0x8
core   0: 3 0x8000e1b8 (0xff9ff06f)
core   0: 0x8000e1b0 (0x00002f17) auipc   t5, 0x2
core   0: 3 0x8000e1b0 (0x00002f17) x30 0x800101b0
core   0: 0x8000e1b4 (0xe43f2823) sw      gp, -432(t5)
core   0: 3 0x8000e1b4 (0xe43f2823) mem 0x80010000 0x00000001
core   0: 0x8000e1b8 (0xff9ff06f) j       pc - 0x8
core   0: 3 0x8000e1b8 (0xff9ff06f)
core   0: 0x8000e1b0 (0x00002f17) auipc   t5, 0x2
core   0: 3 0x8000e1b0 (0x00002f17) x30 0x800101b0
core   0: 0x8000e1b4 (0xe43f2823) sw      gp, -432(t5)
core   0: 3 0x8000e1b4 (0xe43f2823) mem 0x80010000 0x00000001
core   0: 0x8000e1b8 (0xff9ff06f) j       pc - 0x8
core   0: 3 0x8000e1b8 (0xff9ff06f)
core   0: 0x8000e1b0 (0x00002f17) auipc   t5, 0x2
core   0: 3 0x8000e1b0 (0x00002f17) x30 0x800101b0
core   0: 0x8000e1b4 (0xe43f2823) sw      gp, -432(t5)
core   0: 3 0x8000e1b4 (0xe43f2823) mem 0x80010000 0x00000001
core   0: 0x8000e1b8 (0xff9ff06f) j       pc - 0x8
core   0: 3 0x8000e1b8 (0xff9ff06f)
core   0: 0x8000e1b0 (0x00002f17) auipc   t5, 0x2
core   0: 3 0x8000e1b0 (0x00002f17) x30 0x800101b0
core   0: 0x8000e1b4 (0xe43f2823) sw      gp, -432(t5)
core   0: 3 0x8000e1b4 (0xe43f2823) mem 0x80010000 0x00000001
core   0: 0x8000e1b8 (0xff9ff06f) j       pc - 0x8
core   0: 3 0x8000e1b8 (0xff9ff06f)
core   0: 0x8000e1b0 (0x00002f17) auipc   t5, 0x2
core   0: 3 0x8000e1b0 (0x00002f17) x30 0x800101b0
core   0: 0x8000e1b4 (0xe43f2823) sw      gp, -432(t5)
core   0: 3 0x8000e1b4 (0xe43f2823) mem 0x80010000 0x00000001
core   0: 0x8000e1b8 (0xff9ff06f) j       pc - 0x8
core   0: 3 0x8000e1b8 (0xff9ff06f)
core   0: 0x8000e1b0 (0x00002f17) auipc   t5, 0x2
core   0: 3 0x8000e1b0 (0x00002f17) x30 0x800101b0
core   0: 0x8000e1b4 (0xe43f2823) sw      gp, -432(t5)
core   0: 3 0x8000e1b4 (0xe43f2823) mem 0x80010000 0x00000001
core   0: 0x8000e1b8 (0xff9ff06f) j       pc - 0x8
core   0: 3 0x8000e1b8 (0xff9ff06f)
core   0: 0x8000e1b0 (0x00002f17) auipc   t5, 0x2
core   0: 3 0x8000e1b0 (0x00002f17) x30 0x800101b0
core   0: 0x8000e1b4 (0xe43f2823) sw      gp, -432(t5)
core   0: 3 0x8000e1b4 (0xe43f2823) mem 0x80010000 0x00000001
core   0: 0x8000e1b8 (0xff9ff06f) j       pc - 0x8
core   0: 3 0x8000e1b8 (0xff9ff06f)
core   0: 0x8000e1b0 (0x00002f17) auipc   t5, 0x2
core   0: 3 0x8000e1b0 (0x00002f17) x30 0x800101b0
core   0: 0x8000e1b4 (0xe43f2823) sw      gp, -432(t5)
core   0: 3 0x8000e1b4 (0xe43f2823) mem 0x80010000 0x00000001
core   0: 0x8000e1b8 (0xff9ff06f) j       pc - 0x8
core   0: 3 0x8000e1b8 (0xff9ff06f)
core   0: 0x8000e1b0 (0x00002f17) auipc   t5, 0x2
core   0: 3 0x8000e1b0 (0x00002f17) x30 0x800101b0
core   0: 0x8000e1b4 (0xe43f2823) sw      gp, -432(t5)
core   0: 3 0x8000e1b4 (0xe43f2823) mem 0x80010000 0x00000001
core   0: 0x8000e1b8 (0xff9ff06f) j       pc - 0x8
core   0: 3 0x8000e1b8 (0xff9ff06f)
core   0: 0x8000e1b0 (0x00002f17) auipc   t5, 0x2
core   0: 3 0x8000e1b0 (0x00002f17) x30 0x800101b0
core   0: 0x8000e1b4 (0xe43f2823) sw      gp, -432(t5)
core   0: 3 0x8000e1b4 (0xe43f2823) mem 0x80010000 0x00000001
core   0: 0x8000e1b8 (0xff9ff06f) j       pc - 0x8
core   0: 3 0x8000e1b8 (0xff9ff06f)
core   0: 0x8000e1b0 (0x00002f17) auipc   t5, 0x2
core   0: 3 0x8000e1b0 (0x00002f17) x30 0x800101b0
core   0: 0x8000e1b4 (0xe43f2823) sw      gp, -432(t5)
core   0: 3 0x8000e1b4 (0xe43f2823) mem 0x80010000 0x00000001
core   0: 0x8000e1b8 (0xff9ff06f) j       pc - 0x8
core   0: 3 0x8000e1b8 (0xff9ff06f)
core   0: 0x8000e1b0 (0x00002f17) auipc   t5, 0x2
core   0: 3 0x8000e1b0 (0x00002f17) x30 0x800101b0
core   0: 0x8000e1b4 (0xe43f2823) sw      gp, -432(t5)
core   0: 3 0x8000e1b4 (0xe43f2823) mem 0x80010000 0x00000001
core   0: 0x8000e1b8 (0xff9ff06f) j       pc - 0x8
core   0: 3 0x8000e1b8 (0xff9ff06f)
core   0: 0x8000e1b0 (0x00002f17) auipc   t5, 0x2
core   0: 3 0x8000e1b0 (0x00002f17) x30 0x800101b0
core   0: 0x8000e1b4 (0xe43f2823) sw      gp, -432(t5)
core   0: 3 0x8000e1b4 (0xe43f2823) mem 0x80010000 0x00000001
core   0: 0x8000e1b8 (0xff9ff06f) j       pc - 0x8
core   0: 3 0x8000e1b8 (0xff9ff06f)
core   0: 0x8000e1b0 (0x00002f17) auipc   t5, 0x2
core   0: 3 0x8000e1b0 (0x00002f17) x30 0x800101b0
core   0: 0x8000e1b4 (0xe43f2823) sw      gp, -432(t5)
core   0: 3 0x8000e1b4 (0xe43f2823) mem 0x80010000 0x00000001
core   0: 0x8000e1b8 (0xff9ff06f) j       pc - 0x8
core   0: 3 0x8000e1b8 (0xff9ff06f)
core   0: 0x8000e1b0 (0x00002f17) auipc   t5, 0x2
core   0: 3 0x8000e1b0 (0x00002f17) x30 0x800101b0
core   0: 0x8000e1b4 (0xe43f2823) sw      gp, -432(t5)
core   0: 3 0x8000e1b4 (0xe43f2823) mem 0x80010000 0x00000001
core   0: 0x8000e1b8 (0xff9ff06f) j       pc - 0x8
core   0: 3 0x8000e1b8 (0xff9ff06f)
core   0: 0x8000e1b0 (0x00002f17) auipc   t5, 0x2
core   0: 3 0x8000e1b0 (0x00002f17) x30 0x800101b0
core   0: 0x8000e1b4 (0xe43f2823) sw      gp, -432(t5)
core   0: 3 0x8000e1b4 (0xe43f2823) mem 0x80010000 0x00000001
core   0: 0x8000e1b8 (0xff9ff06f) j       pc - 0x8
core   0: 3 0x8000e1b8 (0xff9ff06f)
core   0: 0x8000e1b0 (0x00002f17) auipc   t5, 0x2
core   0: 3 0x8000e1b0 (0x00002f17) x30 0x800101b0
core   0: 0x8000e1b4 (0xe43f2823) sw      gp, -432(t5)
core   0: 3 0x8000e1b4 (0xe43f2823) mem 0x80010000 0x00000001
core   0: 0x8000e1b8 (0xff9ff06f) j       pc - 0x8
core   0: 3 0x8000e1b8 (0xff9ff06f)
core   0: 0x8000e1b0 (0x00002f17) auipc   t5, 0x2
core   0: 3 0x8000e1b0 (0x00002f17) x30 0x800101b0
core   0: 0x8000e1b4 (0xe43f2823) sw      gp, -432(t5)
core   0: 3 0x8000e1b4 (0xe43f2823) mem 0x80010000 0x00000001
core   0: 0x8000e1b8 (0xff9ff06f) j       pc - 0x8
core   0: 3 0x8000e1b8 (0xff9ff06f)
core   0: 0x8000e1b0 (0x00002f17) auipc   t5, 0x2
core   0: 3 0x8000e1b0 (0x00002f17) x30 0x800101b0
core   0: 0x8000e1b4 (0xe43f2823) sw      gp, -432(t5)
core   0: 3 0x8000e1b4 (0xe43f2823) mem 0x80010000 0x00000001
core   0: 0x8000e1b8 (0xff9ff06f) j       pc - 0x8
core   0: 3 0x8000e1b8 (0xff9ff06f)
core   0: 0x8000e1b0 (0x00002f17) auipc   t5, 0x2
core   0: 3 0x8000e1b0 (0x00002f17) x30 0x800101b0
core   0: 0x8000e1b4 (0xe43f2823) sw      gp, -432(t5)
core   0: 3 0x8000e1b4 (0xe43f2823) mem 0x80010000 0x00000001
core   0: 0x8000e1b8 (0xff9ff06f) j       pc - 0x8
core   0: 3 0x8000e1b8 (0xff9ff06f)
core   0: 0x8000e1b0 (0x00002f17) auipc   t5, 0x2
core   0: 3 0x8000e1b0 (0x00002f17) x30 0x800101b0
core   0: 0x8000e1b4 (0xe43f2823) sw      gp, -432(t5)
core   0: 3 0x8000e1b4 (0xe43f2823) mem 0x80010000 0x00000001
core   0: 0x8000e1b8 (0xff9ff06f) j       pc - 0x8
core   0: 3 0x8000e1b8 (0xff9ff06f)
core   0: 0x8000e1b0 (0x00002f17) auipc   t5, 0x2
core   0: 3 0x8000e1b0 (0x00002f17) x30 0x800101b0
core   0: 0x8000e1b4 (0xe43f2823) sw      gp, -432(t5)
core   0: 3 0x8000e1b4 (0xe43f2823) mem 0x80010000 0x00000001
core   0: 0x8000e1b8 (0xff9ff06f) j       pc - 0x8
core   0: 3 0x8000e1b8 (0xff9ff06f)
core   0: 0x8000e1b0 (0x00002f17) auipc   t5, 0x2
core   0: 3 0x8000e1b0 (0x00002f17) x30 0x800101b0
core   0: 0x8000e1b4 (0xe43f2823) sw      gp, -432(t5)
core   0: 3 0x8000e1b4 (0xe43f2823) mem 0x80010000 0x00000001
core   0: 0x8000e1b8 (0xff9ff06f) j       pc - 0x8
core   0: 3 0x8000e1b8 (0xff9ff06f)
core   0: 0x8000e1b0 (0x00002f17) auipc   t5, 0x2
core   0: 3 0x8000e1b0 (0x00002f17) x30 0x800101b0
core   0: 0x8000e1b4 (0xe43f2823) sw      gp, -432(t5)
core   0: 3 0x8000e1b4 (0xe43f2823) mem 0x80010000 0x00000001
core   0: 0x8000e1b8 (0xff9ff06f) j       pc - 0x8
core   0: 3 0x8000e1b8 (0xff9ff06f)
core   0: 0x8000e1b0 (0x00002f17) auipc   t5, 0x2
core   0: 3 0x8000e1b0 (0x00002f17) x30 0x800101b0
core   0: 0x8000e1b4 (0xe43f2823) sw      gp, -432(t5)
core   0: 3 0x8000e1b4 (0xe43f2823) mem 0x80010000 0x00000001
core   0: 0x8000e1b8 (0xff9ff06f) j       pc - 0x8
core   0: 3 0x8000e1b8 (0xff9ff06f)
core   0: 0x8000e1b0 (0x00002f17) auipc   t5, 0x2
core   0: 3 0x8000e1b0 (0x00002f17) x30 0x800101b0
core   0: 0x8000e1b4 (0xe43f2823) sw      gp, -432(t5)
core   0: 3 0x8000e1b4 (0xe43f2823) mem 0x80010000 0x00000001
core   0: 0x8000e1b8 (0xff9ff06f) j       pc - 0x8
core   0: 3 0x8000e1b8 (0xff9ff06f)
core   0: 0x8000e1b0 (0x00002f17) auipc   t5, 0x2
core   0: 3 0x8000e1b0 (0x00002f17) x30 0x800101b0
core   0: 0x8000e1b4 (0xe43f2823) sw      gp, -432(t5)
core   0: 3 0x8000e1b4 (0xe43f2823) mem 0x80010000 0x00000001
core   0: 0x8000e1b8 (0xff9ff06f) j       pc - 0x8
core   0: 3 0x8000e1b8 (0xff9ff06f)
core   0: 0x8000e1b0 (0x00002f17) auipc   t5, 0x2
core   0: 3 0x8000e1b0 (0x00002f17) x30 0x800101b0
core   0: 0x8000e1b4 (0xe43f2823) sw      gp, -432(t5)
core   0: 3 0x8000e1b4 (0xe43f2823) mem 0x80010000 0x00000001
core   0: 0x8000e1b8 (0xff9ff06f) j       pc - 0x8
core   0: 3 0x8000e1b8 (0xff9ff06f)
core   0: 0x8000e1b0 (0x00002f17) auipc   t5, 0x2
core   0: 3 0x8000e1b0 (0x00002f17) x30 0x800101b0
core   0: 0x8000e1b4 (0xe43f2823) sw      gp, -432(t5)
core   0: 3 0x8000e1b4 (0xe43f2823) mem 0x80010000 0x00000001
core   0: 0x8000e1b8 (0xff9ff06f) j       pc - 0x8
core   0: 3 0x8000e1b8 (0xff9ff06f)
core   0: 0x8000e1b0 (0x00002f17) auipc   t5, 0x2
core   0: 3 0x8000e1b0 (0x00002f17) x30 0x800101b0
core   0: 0x8000e1b4 (0xe43f2823) sw      gp, -432(t5)
core   0: 3 0x8000e1b4 (0xe43f2823) mem 0x80010000 0x00000001
core   0: 0x8000e1b8 (0xff9ff06f) j       pc - 0x8
core   0: 3 0x8000e1b8 (0xff9ff06f)
core   0: 0x8000e1b0 (0x00002f17) auipc   t5, 0x2
core   0: 3 0x8000e1b0 (0x00002f17) x30 0x800101b0
core   0: 0x8000e1b4 (0xe43f2823) sw      gp, -432(t5)
core   0: 3 0x8000e1b4 (0xe43f2823) mem 0x80010000 0x00000001
core   0: 0x8000e1b8 (0xff9ff06f) j       pc - 0x8
core   0: 3 0x8000e1b8 (0xff9ff06f)
core   0: 0x8000e1b0 (0x00002f17) auipc   t5, 0x2
core   0: 3 0x8000e1b0 (0x00002f17) x30 0x800101b0
core   0: 0x8000e1b4 (0xe43f2823) sw      gp, -432(t5)
core   0: 3 0x8000e1b4 (0xe43f2823) mem 0x80010000 0x00000001
core   0: 0x8000e1b8 (0xff9ff06f) j       pc - 0x8
core   0: 3 0x8000e1b8 (0xff9ff06f)
core   0: 0x8000e1b0 (0x00002f17) auipc   t5, 0x2
core   0: 3 0x8000e1b0 (0x00002f17) x30 0x800101b0
core   0: 0x8000e1b4 (0xe43f2823) sw      gp, -432(t5)
core   0: 3 0x8000e1b4 (0xe43f2823) mem 0x80010000 0x00000001
core   0: 0x8000e1b8 (0xff9ff06f) j       pc - 0x8
core   0: 3 0x8000e1b8 (0xff9ff06f)
core   0: 0x8000e1b0 (0x00002f17) auipc   t5, 0x2
core   0: 3 0x8000e1b0 (0x00002f17) x30 0x800101b0
core   0: 0x8000e1b4 (0xe43f2823) sw      gp, -432(t5)
core   0: 3 0x8000e1b4 (0xe43f2823) mem 0x80010000 0x00000001
core   0: 0x8000e1b8 (0xff9ff06f) j       pc - 0x8
core   0: 3 0x8000e1b8 (0xff9ff06f)
core   0: 0x8000e1b0 (0x00002f17) auipc   t5, 0x2
core   0: 3 0x8000e1b0 (0x00002f17) x30 0x800101b0
core   0: 0x8000e1b4 (0xe43f2823) sw      gp, -432(t5)
core   0: 3 0x8000e1b4 (0xe43f2823) mem 0x80010000 0x00000001
core   0: 0x8000e1b8 (0xff9ff06f) j       pc - 0x8
core   0: 3 0x8000e1b8 (0xff9ff06f)
core   0: 0x8000e1b0 (0x00002f17) auipc   t5, 0x2
core   0: 3 0x8000e1b0 (0x00002f17) x30 0x800101b0
core   0: 0x8000e1b4 (0xe43f2823) sw      gp, -432(t5)
core   0: 3 0x8000e1b4 (0xe43f2823) mem 0x80010000 0x00000001
core   0: 0x8000e1b8 (0xff9ff06f) j       pc - 0x8
core   0: 3 0x8000e1b8 (0xff9ff06f)
core   0: 0x8000e1b0 (0x00002f17) auipc   t5, 0x2
core   0: 3 0x8000e1b0 (0x00002f17) x30 0x800101b0
core   0: 0x8000e1b4 (0xe43f2823) sw      gp, -432(t5)
core   0: 3 0x8000e1b4 (0xe43f2823) mem 0x80010000 0x00000001
core   0: 0x8000e1b8 (0xff9ff06f) j       pc - 0x8
core   0: 3 0x8000e1b8 (0xff9ff06f)
core   0: 0x8000e1b0 (0x00002f17) auipc   t5, 0x2
core   0: 3 0x8000e1b0 (0x00002f17) x30 0x800101b0
core   0: 0x8000e1b4 (0xe43f2823) sw      gp, -432(t5)
core   0: 3 0x8000e1b4 (0xe43f2823) mem 0x80010000 0x00000001
core   0: 0x8000e1b8 (0xff9ff06f) j       pc - 0x8
core   0: 3 0x8000e1b8 (0xff9ff06f)
core   0: 0x8000e1b0 (0x00002f17) auipc   t5, 0x2
core   0: 3 0x8000e1b0 (0x00002f17) x30 0x800101b0
core   0: 0x8000e1b4 (0xe43f2823) sw      gp, -432(t5)
core   0: 3 0x8000e1b4 (0xe43f2823) mem 0x80010000 0x00000001
core   0: 0x8000e1b8 (0xff9ff06f) j       pc - 0x8
core   0: 3 0x8000e1b8 (0xff9ff06f)
core   0: 0x8000e1b0 (0x00002f17) auipc   t5, 0x2
core   0: 3 0x8000e1b0 (0x00002f17) x30 0x800101b0
core   0: 0x8000e1b4 (0xe43f2823) sw      gp, -432(t5)
core   0: 3 0x8000e1b4 (0xe43f2823) mem 0x80010000 0x00000001
core   0: 0x8000e1b8 (0xff9ff06f) j       pc - 0x8
core   0: 3 0x8000e1b8 (0xff9ff06f)
core   0: 0x8000e1b0 (0x00002f17) auipc   t5, 0x2
core   0: 3 0x8000e1b0 (0x00002f17) x30 0x800101b0
core   0: 0x8000e1b4 (0xe43f2823) sw      gp, -432(t5)
core   0: 3 0x8000e1b4 (0xe43f2823) mem 0x80010000 0x00000001
core   0: 0x8000e1b8 (0xff9ff06f) j       pc - 0x8
core   0: 3 0x8000e1b8 (0xff9ff06f)
core   0: 0x8000e1b0 (0x00002f17) auipc   t5, 0x2
core   0: 3 0x8000e1b0 (0x00002f17) x30 0x800101b0
core   0: 0x8000e1b4 (0xe43f2823) sw      gp, -432(t5)
core   0: 3 0x8000e1b4 (0xe43f2823) mem 0x80010000 0x00000001
core   0: 0x8000e1b8 (0xff9ff06f) j       pc - 0x8
core   0: 3 0x8000e1b8 (0xff9ff06f)
core   0: 0x8000e1b0 (0x00002f17) auipc   t5, 0x2
core   0: 3 0x8000e1b0 (0x00002f17) x30 0x800101b0
core   0: 0x8000e1b4 (0xe43f2823) sw      gp, -432(t5)
core   0: 3 0x8000e1b4 (0xe43f2823) mem 0x80010000 0x00000001
core   0: 0x8000e1b8 (0xff9ff06f) j       pc - 0x8
core   0: 3 0x8000e1b8 (0xff9ff06f)
core   0: 0x8000e1b0 (0x00002f17) auipc   t5, 0x2
core   0: 3 0x8000e1b0 (0x00002f17) x30 0x800101b0
core   0: 0x8000e1b4 (0xe43f2823) sw      gp, -432(t5)
core   0: 3 0x8000e1b4 (0xe43f2823) mem 0x80010000 0x00000001
core   0: 0x8000e1b8 (0xff9ff06f) j       pc - 0x8
core   0: 3 0x8000e1b8 (0xff9ff06f)
core   0: 0x8000e1b0 (0x00002f17) auipc   t5, 0x2
core   0: 3 0x8000e1b0 (0x00002f17) x30 0x800101b0
core   0: 0x8000e1b4 (0xe43f2823) sw      gp, -432(t5)
core   0: 3 0x8000e1b4 (0xe43f2823) mem 0x80010000 0x00000001
core   0: 0x8000e1b8 (0xff9ff06f) j       pc - 0x8
core   0: 3 0x8000e1b8 (0xff9ff06f)
core   0: 0x8000e1b0 (0x00002f17) auipc   t5, 0x2
core   0: 3 0x8000e1b0 (0x00002f17) x30 0x800101b0
core   0: 0x8000e1b4 (0xe43f2823) sw      gp, -432(t5)
core   0: 3 0x8000e1b4 (0xe43f2823) mem 0x80010000 0x00000001
core   0: 0x8000e1b8 (0xff9ff06f) j       pc - 0x8
core   0: 3 0x8000e1b8 (0xff9ff06f)
core   0: 0x8000e1b0 (0x00002f17) auipc   t5, 0x2
core   0: 3 0x8000e1b0 (0x00002f17) x30 0x800101b0
core   0: 0x8000e1b4 (0xe43f2823) sw      gp, -432(t5)
core   0: 3 0x8000e1b4 (0xe43f2823) mem 0x80010000 0x00000001
core   0: 0x8000e1b8 (0xff9ff06f) j       pc - 0x8
core   0: 3 0x8000e1b8 (0xff9ff06f)
core   0: 0x8000e1b0 (0x00002f17) auipc   t5, 0x2
core   0: 3 0x8000e1b0 (0x00002f17) x30 0x800101b0
core   0: 0x8000e1b4 (0xe43f2823) sw      gp, -432(t5)
core   0: 3 0x8000e1b4 (0xe43f2823) mem 0x80010000 0x00000001
core   0: 0x8000e1b8 (0xff9ff06f) j       pc - 0x8
core   0: 3 0x8000e1b8 (0xff9ff06f)
core   0: 0x8000e1b0 (0x00002f17) auipc   t5, 0x2
core   0: 3 0x8000e1b0 (0x00002f17) x30 0x800101b0
core   0: 0x8000e1b4 (0xe43f2823) sw      gp, -432(t5)
core   0: 3 0x8000e1b4 (0xe43f2823) mem 0x80010000 0x00000001
core   0: 0x8000e1b8 (0xff9ff06f) j       pc - 0x8
core   0: 3 0x8000e1b8 (0xff9ff06f)
core   0: 0x8000e1b0 (0x00002f17) auipc   t5, 0x2
core   0: 3 0x8000e1b0 (0x00002f17) x30 0x800101b0
core   0: 0x8000e1b4 (0xe43f2823) sw      gp, -432(t5)
core   0: 3 0x8000e1b4 (0xe43f2823) mem 0x80010000 0x00000001
core   0: 0x8000e1b8 (0xff9ff06f) j       pc - 0x8
core   0: 3 0x8000e1b8 (0xff9ff06f)
core   0: 0x8000e1b0 (0x00002f17) auipc   t5, 0x2
core   0: 3 0x8000e1b0 (0x00002f17) x30 0x800101b0
core   0: 0x8000e1b4 (0xe43f2823) sw      gp, -432(t5)
core   0: 3 0x8000e1b4 (0xe43f2823) mem 0x80010000 0x00000001
core   0: 0x8000e1b8 (0xff9ff06f) j       pc - 0x8
core   0: 3 0x8000e1b8 (0xff9ff06f)
core   0: 0x8000e1b0 (0x00002f17) auipc   t5, 0x2
core   0: 3 0x8000e1b0 (0x00002f17) x30 0x800101b0
core   0: 0x8000e1b4 (0xe43f2823) sw      gp, -432(t5)
core   0: 3 0x8000e1b4 (0xe43f2823) mem 0x80010000 0x00000001
core   0: 0x8000e1b8 (0xff9ff06f) j       pc - 0x8
core   0: 3 0x8000e1b8 (0xff9ff06f)
core   0: 0x8000e1b0 (0x00002f17) auipc   t5, 0x2
core   0: 3 0x8000e1b0 (0x00002f17) x30 0x800101b0
core   0: 0x8000e1b4 (0xe43f2823) sw      gp, -432(t5)
core   0: 3 0x8000e1b4 (0xe43f2823) mem 0x80010000 0x00000001
core   0: 0x8000e1b8 (0xff9ff06f) j       pc - 0x8
core   0: 3 0x8000e1b8 (0xff9ff06f)
core   0: 0x8000e1b0 (0x00002f17) auipc   t5, 0x2
core   0: 3 0x8000e1b0 (0x00002f17) x30 0x800101b0
core   0: 0x8000e1b4 (0xe43f2823) sw      gp, -432(t5)
core   0: 3 0x8000e1b4 (0xe43f2823) mem 0x80010000 0x00000001
core   0: 0x8000e1b8 (0xff9ff06f) j       pc - 0x8
core   0: 3 0x8000e1b8 (0xff9ff06f)
core   0: 0x8000e1b0 (0x00002f17) auipc   t5, 0x2
core   0: 3 0x8000e1b0 (0x00002f17) x30 0x800101b0
core   0: 0x8000e1b4 (0xe43f2823) sw      gp, -432(t5)
core   0: 3 0x8000e1b4 (0xe43f2823) mem 0x80010000 0x00000001
core   0: 0x8000e1b8 (0xff9ff06f) j       pc - 0x8
core   0: 3 0x8000e1b8 (0xff9ff06f)
core   0: 0x8000e1b0 (0x00002f17) auipc   t5, 0x2
core   0: 3 0x8000e1b0 (0x00002f17) x30 0x800101b0
core   0: 0x8000e1b4 (0xe43f2823) sw      gp, -432(t5)
core   0: 3 0x8000e1b4 (0xe43f2823) mem 0x80010000 0x00000001
core   0: 0x8000e1b8 (0xff9ff06f) j       pc - 0x8
core   0: 3 0x8000e1b8 (0xff9ff06f)
core   0: 0x8000e1b0 (0x00002f17) auipc   t5, 0x2
core   0: 3 0x8000e1b0 (0x00002f17) x30 0x800101b0
core   0: 0x8000e1b4 (0xe43f2823) sw      gp, -432(t5)
core   0: 3 0x8000e1b4 (0xe43f2823) mem 0x80010000 0x00000001
core   0: 0x8000e1b8 (0xff9ff06f) j       pc - 0x8
core   0: 3 0x8000e1b8 (0xff9ff06f)
core   0: 0x8000e1b0 (0x00002f17) auipc   t5, 0x2
core   0: 3 0x8000e1b0 (0x00002f17) x30 0x800101b0
core   0: 0x8000e1b4 (0xe43f2823) sw      gp, -432(t5)
core   0: 3 0x8000e1b4 (0xe43f2823) mem 0x80010000 0x00000001
core   0: 0x8000e1b8 (0xff9ff06f) j       pc - 0x8
core   0: 3 0x8000e1b8 (0xff9ff06f)
core   0: 0x8000e1b0 (0x00002f17) auipc   t5, 0x2
core   0: 3 0x8000e1b0 (0x00002f17) x30 0x800101b0
core   0: 0x8000e1b4 (0xe43f2823) sw      gp, -432(t5)
core   0: 3 0x8000e1b4 (0xe43f2823) mem 0x80010000 0x00000001
core   0: 0x8000e1b8 (0xff9ff06f) j       pc - 0x8
core   0: 3 0x8000e1b8 (0xff9ff06f)
core   0: 0x8000e1b0 (0x00002f17) auipc   t5, 0x2
core   0: 3 0x8000e1b0 (0x00002f17) x30 0x800101b0
core   0: 0x8000e1b4 (0xe43f2823) sw      gp, -432(t5)
core   0: 3 0x8000e1b4 (0xe43f2823) mem 0x80010000 0x00000001
core   0: 0x8000e1b8 (0xff9ff06f) j       pc - 0x8
core   0: 3 0x8000e1b8 (0xff9ff06f)
core   0: 0x8000e1b0 (0x00002f17) auipc   t5, 0x2
core   0: 3 0x8000e1b0 (0x00002f17) x30 0x800101b0
core   0: 0x8000e1b4 (0xe43f2823) sw      gp, -432(t5)
core   0: 3 0x8000e1b4 (0xe43f2823) mem 0x80010000 0x00000001
core   0: 0x8000e1b8 (0xff9ff06f) j       pc - 0x8
core   0: 3 0x8000e1b8 (0xff9ff06f)
core   0: 0x8000e1b0 (0x00002f17) auipc   t5, 0x2
core   0: 3 0x8000e1b0 (0x00002f17) x30 0x800101b0
core   0: 0x8000e1b4 (0xe43f2823) sw      gp, -432(t5)
core   0: 3 0x8000e1b4 (0xe43f2823) mem 0x80010000 0x00000001
core   0: 0x8000e1b8 (0xff9ff06f) j       pc - 0x8
core   0: 3 0x8000e1b8 (0xff9ff06f)
core   0: 0x8000e1b0 (0x00002f17) auipc   t5, 0x2
core   0: 3 0x8000e1b0 (0x00002f17) x30 0x800101b0
core   0: 0x8000e1b4 (0xe43f2823) sw      gp, -432(t5)
core   0: 3 0x8000e1b4 (0xe43f2823) mem 0x80010000 0x00000001
core   0: 0x8000e1b8 (0xff9ff06f) j       pc - 0x8
core   0: 3 0x8000e1b8 (0xff9ff06f)
core   0: 0x8000e1b0 (0x00002f17) auipc   t5, 0x2
core   0: 3 0x8000e1b0 (0x00002f17) x30 0x800101b0
core   0: 0x8000e1b4 (0xe43f2823) sw      gp, -432(t5)
core   0: 3 0x8000e1b4 (0xe43f2823) mem 0x80010000 0x00000001
core   0: 0x8000e1b8 (0xff9ff06f) j       pc - 0x8
core   0: 3 0x8000e1b8 (0xff9ff06f)
core   0: 0x8000e1b0 (0x00002f17) auipc   t5, 0x2
core   0: 3 0x8000e1b0 (0x00002f17) x30 0x800101b0
core   0: 0x8000e1b4 (0xe43f2823) sw      gp, -432(t5)
core   0: 3 0x8000e1b4 (0xe43f2823) mem 0x80010000 0x00000001
core   0: 0x8000e1b8 (0xff9ff06f) j       pc - 0x8
core   0: 3 0x8000e1b8 (0xff9ff06f)
core   0: 0x8000e1b0 (0x00002f17) auipc   t5, 0x2
core   0: 3 0x8000e1b0 (0x00002f17) x30 0x800101b0
core   0: 0x8000e1b4 (0xe43f2823) sw      gp, -432(t5)
core   0: 3 0x8000e1b4 (0xe43f2823) mem 0x80010000 0x00000001
core   0: 0x8000e1b8 (0xff9ff06f) j       pc - 0x8
core   0: 3 0x8000e1b8 (0xff9ff06f)
core   0: 0x8000e1b0 (0x00002f17) auipc   t5, 0x2
core   0: 3 0x8000e1b0 (0x00002f17) x30 0x800101b0
core   0: 0x8000e1b4 (0xe43f2823) sw      gp, -432(t5)
core   0: 3 0x8000e1b4 (0xe43f2823) mem 0x80010000 0x00000001
core   0: 0x8000e1b8 (0xff9ff06f) j       pc - 0x8
core   0: 3 0x8000e1b8 (0xff9ff06f)
core   0: 0x8000e1b0 (0x00002f17) auipc   t5, 0x2
core   0: 3 0x8000e1b0 (0x00002f17) x30 0x800101b0
core   0: 0x8000e1b4 (0xe43f2823) sw      gp, -432(t5)
core   0: 3 0x8000e1b4 (0xe43f2823) mem 0x80010000 0x00000001
core   0: 0x8000e1b8 (0xff9ff06f) j       pc - 0x8
core   0: 3 0x8000e1b8 (0xff9ff06f)
core   0: 0x8000e1b0 (0x00002f17) auipc   t5, 0x2
core   0: 3 0x8000e1b0 (0x00002f17) x30 0x800101b0
core   0: 0x8000e1b4 (0xe43f2823) sw      gp, -432(t5)
core   0: 3 0x8000e1b4 (0xe43f2823) mem 0x80010000 0x00000001
