core   0: 0x00001000 (0x00000297) auipc   t0, 0x0
core   0: 3 0x00001000 (0x00000297) x 5 0x00001000
core   0: 0x00001004 (0x02028593) addi    a1, t0, 32
core   0: 3 0x00001004 (0x02028593) x11 0x00001020
core   0: 0x00001008 (0xf1402573) csrr    a0, mhartid
core   0: 3 0x00001008 (0xf1402573) x10 0x00000000
core   0: 0x0000100c (0x0182a283) lw      t0, 24(t0)
core   0: 3 0x0000100c (0x0182a283) x 5 0x80000000 mem 0x00001018
core   0: 0x00001010 (0x00028067) jr      t0
core   0: 3 0x00001010 (0x00028067)
core   0: 0x80000000 (0xf14022f3) csrr    t0, mhartid
core   0: 3 0x80000000 (0xf14022f3) x 5 0x00000000
core   0: 0x80000004 (0x00000313) li      t1, 0
core   0: 3 0x80000004 (0x00000313) x 6 0x00000000
core   0: 0x80000008 (0x00628263) beq     t0, t1, pc + 4
core   0: 3 0x80000008 (0x00628263)
core   0: 0x8000000c (0x00000617) auipc   a2, 0x0
core   0: 3 0x8000000c (0x00000617) x12 0x8000000c
core   0: 0x80000010 (0x00c60613) addi    a2, a2, 12
core   0: 3 0x80000010 (0x00c60613) x12 0x80000018
core   0: 0x80000014 (0x00060067) jr      a2
core   0: 3 0x80000014 (0x00060067)
core   0: 0x80000018 (0x40001437) lui     s0, 0x40001
core   0: 3 0x80000018 (0x40001437) x 8 0x40001000
core   0: 0x8000001c (0x10440413) addi    s0, s0, 260
core   0: 3 0x8000001c (0x10440413) x 8 0x40001104
core   0: 0x80000020 (0x30141073) csrw    misa, s0
core   0: 3 0x80000020 (0x30141073) c769_misa 0x40141100
core   0: 0x80000024 (0x0002ac17) auipc   s8, 0x2a
core   0: 3 0x80000024 (0x0002ac17) x24 0x8002a024
core   0: 0x80000028 (0xcc0c0c13) addi    s8, s8, -832
core   0: 3 0x80000028 (0xcc0c0c13) x24 0x80029ce4
core   0: 0x8000002c (0x0000d417) auipc   s0, 0xd
core   0: 3 0x8000002c (0x0000d417) x 8 0x8000d02c
core   0: 0x80000030 (0x47040413) addi    s0, s0, 1136
core   0: 3 0x80000030 (0x47040413) x 8 0x8000d49c
core   0: 0x80000034 (0x00046413) ori     s0, s0, 0
core   0: 3 0x80000034 (0x00046413) x 8 0x8000d49c
core   0: 0x80000038 (0x30541073) csrw    mtvec, s0
core   0: 3 0x80000038 (0x30541073) c773_mtvec 0x8000d49c
core   0: 0x8000003c (0x00000417) auipc   s0, 0x0
core   0: 3 0x8000003c (0x00000417) x 8 0x8000003c
core   0: 0x80000040 (0x02840413) addi    s0, s0, 40
core   0: 3 0x80000040 (0x02840413) x 8 0x80000064
core   0: 0x80000044 (0x34141073) csrw    mepc, s0
core   0: 3 0x80000044 (0x34141073) c833_mepc 0x80000064
core   0: 0x80000048 (0x00000013) nop
core   0: 3 0x80000048 (0x00000013)
core   0: 0x8000004c (0x00002437) lui     s0, 0x2
core   0: 3 0x8000004c (0x00002437) x 8 0x00002000
core   0: 0x80000050 (0x80040413) addi    s0, s0, -2048
core   0: 3 0x80000050 (0x80040413) x 8 0x00001800
core   0: 0x80000054 (0x30041073) csrw    mstatus, s0
core   0: 3 0x80000054 (0x30041073) c768_mstatus 0x00001800
core   0: 0x80000058 (0x00000413) li      s0, 0
core   0: 3 0x80000058 (0x00000413) x 8 0x00000000
core   0: 0x8000005c (0x30441073) csrw    mie, s0
core   0: 3 0x8000005c (0x30441073) c772_mie 0x00000000
core   0: 0x80000060 (0x30200073) mret
core   0: 3 0x80000060 (0x30200073) c768_mstatus 0x00000080
core   0: >>>>  init
core   0: 0x80000064 (0x00b00013) li      zero, 11
core   0: 3 0x80000064 (0x00b00013)
core   0: 0x80000068 (0x00100093) li      ra, 1
core   0: 3 0x80000068 (0x00100093) x 1 0x00000001
core   0: 0x8000006c (0xf10b5137) lui     sp, 0xf10b5
core   0: 3 0x8000006c (0xf10b5137) x 2 0xf10b5000
core   0: 0x80000070 (0x1a210113) addi    sp, sp, 418
core   0: 3 0x80000070 (0x1a210113) x 2 0xf10b51a2
core   0: 0x80000074 (0xf91d51b7) lui     gp, 0xf91d5
core   0: 3 0x80000074 (0xf91d51b7) x 3 0xf91d5000
core   0: 0x80000078 (0x5d218193) addi    gp, gp, 1490
core   0: 3 0x80000078 (0x5d218193) x 3 0xf91d55d2
core   0: 0x8000007c (0x80000237) lui     tp, 0x80000
core   0: 3 0x8000007c (0x80000237) x 4 0x80000000
core   0: 0x80000080 (0x00000293) li      t0, 0
core   0: 3 0x80000080 (0x00000293) x 5 0x00000000
core   0: 0x80000084 (0xc2e6b337) lui     t1, 0xc2e6b
core   0: 3 0x80000084 (0xc2e6b337) x 6 0xc2e6b000
core   0: 0x80000088 (0xa9530313) addi    t1, t1, -1387
core   0: 3 0x80000088 (0xa9530313) x 6 0xc2e6aa95
core   0: 0x8000008c (0x00a00393) li      t2, 10
core   0: 3 0x8000008c (0x00a00393) x 7 0x0000000a
core   0: 0x80000090 (0x80000437) lui     s0, 0x80000
core   0: 3 0x80000090 (0x80000437) x 8 0x80000000
core   0: 0x80000094 (0x00800493) li      s1, 8
core   0: 3 0x80000094 (0x00800493) x 9 0x00000008
core   0: 0x80000098 (0x00b00513) li      a0, 11
core   0: 3 0x80000098 (0x00b00513) x10 0x0000000b
core   0: 0x8000009c (0xff5e75b7) lui     a1, 0xff5e7
core   0: 3 0x8000009c (0xff5e75b7) x11 0xff5e7000
core   0: 0x800000a0 (0xfbe58593) addi    a1, a1, -66
core   0: 3 0x800000a0 (0xfbe58593) x11 0xff5e6fbe
core   0: 0x800000a4 (0x80000637) lui     a2, 0x80000
core   0: 3 0x800000a4 (0x80000637) x12 0x80000000
core   0: 0x800000a8 (0x00000693) li      a3, 0
core   0: 3 0x800000a8 (0x00000693) x13 0x00000000
core   0: 0x800000ac (0x80000737) lui     a4, 0x80000
core   0: 3 0x800000ac (0x80000737) x14 0x80000000
core   0: 0x800000b0 (0x800007b7) lui     a5, 0x80000
core   0: 3 0x800000b0 (0x800007b7) x15 0x80000000
core   0: 0x800000b4 (0x00400893) li      a7, 4
core   0: 3 0x800000b4 (0x00400893) x17 0x00000004
core   0: 0x800000b8 (0x00000913) li      s2, 0
core   0: 3 0x800000b8 (0x00000913) x18 0x00000000
core   0: 0x800000bc (0x800009b7) lui     s3, 0x80000
core   0: 3 0x800000bc (0x800009b7) x19 0x80000000
core   0: 0x800000c0 (0xa9ec5a37) lui     s4, 0xa9ec5
core   0: 3 0x800000c0 (0xa9ec5a37) x20 0xa9ec5000
core   0: 0x800000c4 (0x863a0a13) addi    s4, s4, -1949
core   0: 3 0x800000c4 (0x863a0a13) x20 0xa9ec4863
core   0: 0x800000c8 (0x00400a93) li      s5, 4
core   0: 3 0x800000c8 (0x00400a93) x21 0x00000004
core   0: 0x800000cc (0x26f8db37) lui     s6, 0x26f8d
core   0: 3 0x800000cc (0x26f8db37) x22 0x26f8d000
core   0: 0x800000d0 (0xb5db0b13) addi    s6, s6, -1187
core   0: 3 0x800000d0 (0xb5db0b13) x22 0x26f8cb5d
core   0: 0x800000d4 (0x80000bb7) lui     s7, 0x80000
core   0: 3 0x800000d4 (0x80000bb7) x23 0x80000000
core   0: 0x800000d8 (0xfcf47cb7) lui     s9, 0xfcf47
core   0: 3 0x800000d8 (0xfcf47cb7) x25 0xfcf47000
core   0: 0x800000dc (0xd59c8c93) addi    s9, s9, -679
core   0: 3 0x800000dc (0xd59c8c93) x25 0xfcf46d59
core   0: 0x800000e0 (0x80000d37) lui     s10, 0x80000
core   0: 3 0x800000e0 (0x80000d37) x26 0x80000000
core   0: 0x800000e4 (0x08b77db7) lui     s11, 0x8b77
core   0: 3 0x800000e4 (0x08b77db7) x27 0x08b77000
core   0: 0x800000e8 (0x511d8d93) addi    s11, s11, 1297
core   0: 3 0x800000e8 (0x511d8d93) x27 0x08b77511
core   0: 0x800000ec (0x80000e37) lui     t3, 0x80000
core   0: 3 0x800000ec (0x80000e37) x28 0x80000000
core   0: 0x800000f0 (0x2db0ceb7) lui     t4, 0x2db0c
core   0: 3 0x800000f0 (0x2db0ceb7) x29 0x2db0c000
core   0: 0x800000f4 (0x76be8e93) addi    t4, t4, 1899
core   0: 3 0x800000f4 (0x76be8e93) x29 0x2db0c76b
core   0: 0x800000f8 (0x00200f13) li      t5, 2
core   0: 3 0x800000f8 (0x00200f13) x30 0x00000002
core   0: 0x800000fc (0xf1f04fb7) lui     t6, 0xf1f04
core   0: 3 0x800000fc (0xf1f04fb7) x31 0xf1f04000
core   0: 0x80000100 (0xb43f8f93) addi    t6, t6, -1213
core   0: 3 0x80000100 (0xb43f8f93) x31 0xf1f03b43
core   0: 0x80000104 (0x00026817) auipc   a6, 0x26
core   0: 3 0x80000104 (0x00026817) x16 0x80026104
core   0: 0x80000108 (0xd6080813) addi    a6, a6, -672
core   0: 3 0x80000108 (0xd6080813) x16 0x80025e64
core   0: 0x8000010c (0x00011997) auipc   s3, 0x11
core   0: 3 0x8000010c (0x00011997) x19 0x8001110c
core   0: 0x80000110 (0x8cc98993) addi    s3, s3, -1844
core   0: 3 0x80000110 (0x8cc98993) x19 0x800109d8
core   0: 0x80000114 (0x01a470b3) and     ra, s0, s10
core   0: 3 0x80000114 (0x01a470b3) x 1 0x80000000
core   0: 0x80000118 (0x40a4d6b3) sra     a3, s1, a0
core   0: 3 0x80000118 (0x40a4d6b3) x13 0x00000000
core   0: 0x8000011c (0x0079c183) lbu     gp, 7(s3)
core   0: 3 0x8000011c (0x0079c183) x 3 0x0000005d mem 0x800109df
core   0: 0x80000120 (0x00f27eb3) and     t4, tp, a5
core   0: 3 0x80000120 (0x00f27eb3) x29 0x80000000
core   0: 0x80000124 (0xff198b83) lb      s7, -15(s3)
core   0: 3 0x80000124 (0xff198b83) x23 0xffffffde mem 0x800109c9
core   0: 0x80000128 (0x00f8d233) srl     tp, a7, a5
core   0: 3 0x80000128 (0x00f8d233) x 4 0x00000004
core   0: 0x8000012c (0xff699c83) lh      s9, -10(s3)
core   0: 3 0x8000012c (0xff699c83) x25 0x00005401 mem 0x800109ce
core   0: 0x80000130 (0x0170d413) srli    s0, ra, 23
core   0: 3 0x80000130 (0x0170d413) x 8 0x00000100
core   0: 0x80000134 (0x00000013) nop
core   0: 3 0x80000134 (0x00000013)
core   0: 0x80000138 (0x0167aab3) slt     s5, a5, s6
core   0: 3 0x80000138 (0x0167aab3) x21 0x00000001
core   0: 0x8000013c (0xb4e40e97) auipc   t4, 0xb4e40
core   0: 3 0x8000013c (0xb4e40e97) x29 0x34e4013c
core   0: 0x80000140 (0xff998303) lb      t1, -7(s3)
core   0: 3 0x80000140 (0xff998303) x 6 0xffffffe4 mem 0x800109d1
core   0: 0x80000144 (0x01bd6b93) ori     s7, s10, 27
core   0: 3 0x80000144 (0x01bd6b93) x23 0x8000001b
core   0: 0x80000148 (0xff699003) lh      zero, -10(s3)
core   0: 3 0x80000148 (0xff699003) mem 0x800109ce
core   0: 0x8000014c (0x00798d03) lb      s10, 7(s3)
core   0: 3 0x8000014c (0x00798d03) x26 0x0000005d mem 0x800109df
core   0: 0x80000150 (0xe5d9ed13) ori     s10, s3, -419
core   0: 3 0x80000150 (0xe5d9ed13) x26 0xffffffdd
core   0: 0x80000154 (0x0127d713) srli    a4, a5, 18
core   0: 3 0x80000154 (0x0127d713) x14 0x00002000
core   0: 0x80000158 (0x03f56ab3) rem     s5, a0, t6
core   0: 3 0x80000158 (0x03f56ab3) x21 0x0000000b
core   0: 0x8000015c (0xea527217) auipc   tp, 0xea527
core   0: 3 0x8000015c (0xea527217) x 4 0x6a52715c
core   0: 0x80000160 (0x50328713) addi    a4, t0, 1283
core   0: 3 0x80000160 (0x50328713) x14 0x00000503
core   0: 0x80000164 (0xffb98583) lb      a1, -5(s3)
core   0: 3 0x80000164 (0xffb98583) x11 0xffffffb8 mem 0x800109d3
core   0: 0x80000168 (0x0089c383) lbu     t2, 8(s3)
core   0: 3 0x80000168 (0x0089c383) x 7 0x000000d6 mem 0x800109e0
core   0: 0x8000016c (0x00f9a623) sw      a5, 12(s3)
core   0: 3 0x8000016c (0x00f9a623) mem 0x800109e4 0x80000000
core   0: 0x80000170 (0xff299c23) sh      s2, -8(s3)
core   0: 3 0x80000170 (0xff299c23) mem 0x800109d0 0x0000
core   0: 0x80000174 (0xffb98f83) lb      t6, -5(s3)
core   0: 3 0x80000174 (0xffb98f83) x31 0xffffffb8 mem 0x800109d3
core   0: 0x80000178 (0xfe798da3) sb      t2, -5(s3)
core   0: 3 0x80000178 (0xfe798da3) mem 0x800109d3 0xd6
core   0: 0x8000017c (0x00399323) sh      gp, 6(s3)
core   0: 3 0x8000017c (0x00399323) mem 0x800109de 0x005d
core   0: 0x80000180 (0x00b98e03) lb      t3, 11(s3)
core   0: 3 0x80000180 (0x00b98e03) x28 0xffffff95 mem 0x800109e3
core   0: 0x80000184 (0x00f005b3) add     a1, zero, a5
core   0: 3 0x80000184 (0x00f005b3) x11 0x80000000
core   0: 0x80000188 (0x00798483) lb      s1, 7(s3)
core   0: 3 0x80000188 (0x00798483) x 9 0x00000000 mem 0x800109df
core   0: 0x8000018c (0x01e75a33) srl     s4, a4, t5
core   0: 3 0x8000018c (0x01e75a33) x20 0x00000140
core   0: 0x80000190 (0x01903233) snez    tp, s9
core   0: 3 0x80000190 (0x01903233) x 4 0x00000001
core   0: 0x80000194 (0x02f5b033) mulhu   zero, a1, a5
core   0: 3 0x80000194 (0x02f5b033)
core   0: 0x80000198 (0x00798283) lb      t0, 7(s3)
core   0: 3 0x80000198 (0x00798283) x 5 0x00000000 mem 0x800109df
core   0: 0x8000019c (0x00b9cd03) lbu     s10, 11(s3)
core   0: 3 0x8000019c (0x00b9cd03) x26 0x00000095 mem 0x800109e3
core   0: 0x800001a0 (0x004b22b3) slt     t0, s6, tp
core   0: 3 0x800001a0 (0x004b22b3) x 5 0x00000000
core   0: 0x800001a4 (0xff398aa3) sb      s3, -11(s3)
core   0: 3 0x800001a4 (0xff398aa3) mem 0x800109cd 0xd8
core   0: 0x800001a8 (0x006712b3) sll     t0, a4, t1
core   0: 3 0x800001a8 (0x006712b3) x 5 0x00005030
core   0: 0x800001ac (0x00dfee33) or      t3, t6, a3
core   0: 3 0x800001ac (0x00dfee33) x28 0xffffffb8
core   0: 0x800001b0 (0xff09c903) lbu     s2, -16(s3)
core   0: 3 0x800001b0 (0xff09c903) x18 0x000000bd mem 0x800109c8
core   0: 0x800001b4 (0x00013b17) auipc   s6, 0x13
core   0: 3 0x800001b4 (0x00013b17) x22 0x800131b4
core   0: 0x800001b8 (0x7e9b0b13) addi    s6, s6, 2025
core   0: 3 0x800001b8 (0x7e9b0b13) x22 0x8001399d
core   0: 0x800001bc (0x030b0323) sb      a6, 38(s6)
core   0: 3 0x800001bc (0x030b0323) mem 0x800139c3 0x64
core   0: 0x800001c0 (0x0feb0f83) lb      t6, 254(s6)
core   0: 3 0x800001c0 (0x0feb0f83) x31 0xffffffc2 mem 0x80013a9b
core   0: 0x800001c4 (0x027341b3) div     gp, t1, t2
core   0: 3 0x800001c4 (0x027341b3) x 3 0x00000000
core   0: 0x800001c8 (0xf06b0f03) lb      t5, -250(s6)
core   0: 3 0x800001c8 (0xf06b0f03) x30 0xffffffc5 mem 0x800138a3
core   0: 0x800001cc (0x027b0623) sb      t2, 44(s6)
core   0: 3 0x800001cc (0x027b0623) mem 0x800139c9 0xd6
core   0: 0x800001d0 (0x5ef1cc93) xori    s9, gp, 1519
core   0: 3 0x800001d0 (0x5ef1cc93) x25 0x000005ef
core   0: 0x800001d4 (0x419f5e33) sra     t3, t5, s9
core   0: 3 0x800001d4 (0x419f5e33) x28 0xffffffff
core   0: 0x800001d8 (0xf09b1f83) lh      t6, -247(s6)
core   0: 3 0x800001d8 (0xf09b1f83) x31 0x00005171 mem 0x800138a6
core   0: 0x800001dc (0xbc406f13) ori     t5, zero, -1084
core   0: 3 0x800001dc (0xbc406f13) x30 0xfffffbc4
core   0: 0x800001e0 (0xf33b0ca3) sb      s3, -199(s6)
core   0: 3 0x800001e0 (0xf33b0ca3) mem 0x800138d6 0xd8
core   0: 0x800001e4 (0x02b525b3) mulhsu  a1, a0, a1
core   0: 3 0x800001e4 (0x02b525b3) x11 0x00000005
core   0: 0x800001e8 (0x01db0823) sb      t4, 16(s6)
core   0: 3 0x800001e8 (0x01db0823) mem 0x800139ad 0x3c
core   0: 0x800001ec (0x01557bb3) and     s7, a0, s5
core   0: 3 0x800001ec (0x01557bb3) x23 0x0000000b
core   0: 0x800001f0 (0x02993033) mulhu   zero, s2, s1
core   0: 3 0x800001f0 (0x02993033)
core   0: 0x800001f4 (0x00000013) nop
core   0: 3 0x800001f4 (0x00000013)
core   0: 0x800001f8 (0x02b386b3) mul     a3, t2, a1
core   0: 3 0x800001f8 (0x02b386b3) x13 0x0000042e
core   0: 0x800001fc (0x03e5d5b3) divu    a1, a1, t5
core   0: 3 0x800001fc (0x03e5d5b3) x11 0x00000000
core   0: 0x80000200 (0x41ba5f13) srai    t5, s4, 27
core   0: 3 0x80000200 (0x41ba5f13) x30 0x00000000
core   0: 0x80000204 (0x038d14b3) mulh    s1, s10, s8
core   0: 3 0x80000204 (0x038d14b3) x 9 0xffffffb5
core   0: 0x80000208 (0xfafb0503) lb      a0, -81(s6)
core   0: 3 0x80000208 (0xfafb0503) x10 0x0000005f mem 0x8001394c
core   0: 0x8000020c (0xa4709537) lui     a0, 0xa4709
core   0: 3 0x8000020c (0xa4709537) x10 0xa4709000
core   0: 0x80000210 (0x001d5e93) srli    t4, s10, 1
core   0: 3 0x80000210 (0x001d5e93) x29 0x0000004a
core   0: 0x80000214 (0x41145e13) srai    t3, s0, 17
core   0: 3 0x80000214 (0x41145e13) x28 0x00000000
core   0: 0x80000218 (0x0dfb10a3) sh      t6, 193(s6)
core   0: 3 0x80000218 (0x0dfb10a3) mem 0x80013a5e 0x5171
core   0: 0x8000021c (0xce88ae37) lui     t3, 0xce88a
core   0: 3 0x8000021c (0xce88ae37) x28 0xce88a000
core   0: 0x80000220 (0x004b0d03) lb      s10, 4(s6)
core   0: 3 0x80000220 (0x004b0d03) x26 0xffffff95 mem 0x800139a1
core   0: 0x80000224 (0xf0eb0403) lb      s0, -242(s6)
core   0: 3 0x80000224 (0xf0eb0403) x 8 0xffffffad mem 0x800138ab
core   0: 0x80000228 (0x0250a1b3) mulhsu  gp, ra, t0
core   0: 3 0x80000228 (0x0250a1b3) x 3 0xffffd7e8
core   0: 0x8000022c (0x409d8933) sub     s2, s11, s1
core   0: 3 0x8000022c (0x409d8933) x18 0x08b7755c
core   0: 0x80000230 (0xf07b4483) lbu     s1, -249(s6)
core   0: 3 0x80000230 (0xf07b4483) x 9 0x00000076 mem 0x800138a4
core   0: 0x80000234 (0x2db66313) ori     t1, a2, 731
core   0: 3 0x80000234 (0x2db66313) x 6 0x800002db
core   0: 0x80000238 (0x0cfb2503) lw      a0, 207(s6)
core   0: 3 0x80000238 (0x0cfb2503) x10 0x18c0a113 mem 0x80013a6c
core   0: 0x8000023c (0x0ccb4783) lbu     a5, 204(s6)
core   0: 3 0x8000023c (0x0ccb4783) x15 0x000000a6 mem 0x80013a69
core   0: 0x80000240 (0x016b0ea3) sb      s6, 29(s6)
core   0: 3 0x80000240 (0x016b0ea3) mem 0x800139ba 0x9d
core   0: 0x80000244 (0x00011b17) auipc   s6, 0x11
core   0: 3 0x80000244 (0x00011b17) x22 0x80011244
core   0: 0x80000248 (0xc27b0b13) addi    s6, s6, -985
core   0: 3 0x80000248 (0xc27b0b13) x22 0x80010e6b
core   0: 0x8000024c (0x197b19a3) sh      s7, 403(s6)
core   0: 3 0x8000024c (0x197b19a3) mem 0x80010ffe 0x000b
core   0: 0x80000250 (0xbf972a17) auipc   s4, 0xbf972
core   0: 3 0x80000250 (0xbf972a17) x20 0x3f972250
core   0: 0x80000254 (0x01559013) slli    zero, a1, 21
core   0: 3 0x80000254 (0x01559013)
core   0: 0x80000258 (0xf3372e93) slti    t4, a4, -205
core   0: 3 0x80000258 (0xf3372e93) x29 0x00000000
core   0: 0x8000025c (0x6155df17) auipc   t5, 0x6155d
core   0: 3 0x8000025c (0x6155df17) x30 0xe155d25c
core   0: 0x80000260 (0xe64b0103) lb      sp, -412(s6)
core   0: 3 0x80000260 (0xe64b0103) x 2 0xffffffc0 mem 0x80010ccf
core   0: 0x80000264 (0x00d4e533) or      a0, s1, a3
core   0: 3 0x80000264 (0x00d4e533) x10 0x0000047e
core   0: 0x80000268 (0xd8fb5983) lhu     s3, -625(s6)
core   0: 3 0x80000268 (0xd8fb5983) x19 0x0000b2f3 mem 0x80010bfa
core   0: 0x8000026c (0x03c61533) mulh    a0, a2, t3
core   0: 3 0x8000026c (0x03c61533) x10 0x18bbb000
core   0: 0x80000270 (0xeacb0e03) lb      t3, -340(s6)
core   0: 3 0x80000270 (0xeacb0e03) x28 0xffffffe9 mem 0x80010d17
core   0: 0x80000274 (0x01fad113) srli    sp, s5, 31
core   0: 3 0x80000274 (0x01fad113) x 2 0x00000000
core   0: 0x80000278 (0x028358b3) divu    a7, t1, s0
core   0: 3 0x80000278 (0x028358b3) x17 0x00000000
core   0: 0x8000027c (0x933b5f83) lhu     t6, -1741(s6)
core   0: 3 0x8000027c (0x933b5f83) x31 0x000018a2 mem 0x8001079e
core   0: 0x80000280 (0x157b4d03) lbu     s10, 343(s6)
core   0: 3 0x80000280 (0x157b4d03) x26 0x0000003f mem 0x80010fc2
core   0: 0x80000284 (0x7c4ce093) ori     ra, s9, 1988
core   0: 3 0x80000284 (0x7c4ce093) x 1 0x000007ef
core   0: 0x80000288 (0x7ceb6d93) ori     s11, s6, 1998
core   0: 3 0x80000288 (0x7ceb6d93) x27 0x80010fef
core   0: 0x8000028c (0x01ff4fb3) xor     t6, t5, t6
core   0: 3 0x8000028c (0x01ff4fb3) x31 0xe155cafe
core   0: 0x80000290 (0x81e3d537) lui     a0, 0x81e3d
core   0: 3 0x80000290 (0x81e3d537) x10 0x81e3d000
core   0: 0x80000294 (0x0d0b4683) lbu     a3, 208(s6)
core   0: 3 0x80000294 (0x0d0b4683) x13 0x000000ef mem 0x80010f3b
core   0: 0x80000298 (0x00eb7533) and     a0, s6, a4
core   0: 3 0x80000298 (0x00eb7533) x10 0x00000403
core   0: 0x8000029c (0x416d5013) srai    zero, s10, 22
core   0: 3 0x8000029c (0x416d5013)
core   0: 0x800002a0 (0x18cb20a3) sw      a2, 385(s6)
core   0: 3 0x800002a0 (0x18cb20a3) mem 0x80010fec 0x80000000
core   0: 0x800002a4 (0x067b0523) sb      t2, 106(s6)
core   0: 3 0x800002a4 (0x067b0523) mem 0x80010ed5 0xd6
core   0: 0x800002a8 (0x02b44033) div     zero, s0, a1
core   0: 3 0x800002a8 (0x02b44033)
core   0: 0x800002ac (0x00406a33) or      s4, zero, tp
core   0: 3 0x800002ac (0x00406a33) x20 0x00000001
core   0: 0x800002b0 (0x01c3d513) srli    a0, t2, 28
core   0: 3 0x800002b0 (0x01c3d513) x10 0x00000000
core   0: 0x800002b4 (0xfc67a6b7) lui     a3, 0xfc67a
core   0: 3 0x800002b4 (0xfc67a6b7) x13 0xfc67a000
core   0: 0x800002b8 (0x03affbb3) remu    s7, t6, s10
core   0: 3 0x800002b8 (0x03affbb3) x23 0x00000001
core   0: 0x800002bc (0x860b0e03) lb      t3, -1952(s6)
core   0: 3 0x800002bc (0x860b0e03) x28 0xfffffffa mem 0x800106cb
core   0: 0x800002c0 (0xc1fb1683) lh      a3, -993(s6)
core   0: 3 0x800002c0 (0xc1fb1683) x13 0x00002e04 mem 0x80010a8a
core   0: 0x800002c4 (0x9a2b0d23) sb      sp, -1606(s6)
core   0: 3 0x800002c4 (0x9a2b0d23) mem 0x80010825 0x0
core   0: 0x800002c8 (0x00011b97) auipc   s7, 0x11
core   0: 3 0x800002c8 (0x00011b97) x23 0x800112c8
core   0: 0x800002cc (0xa9bb8b93) addi    s7, s7, -1381
core   0: 3 0x800002cc (0xa9bb8b93) x23 0x80010d63
core   0: 0x800002d0 (0xffcb8203) lb      tp, -4(s7)
core   0: 3 0x800002d0 (0xffcb8203) x 4 0x00000077 mem 0x80010d5f
core   0: 0x800002d4 (0xff3bc703) lbu     a4, -13(s7)
core   0: 3 0x800002d4 (0xff3bc703) x14 0x000000e8 mem 0x80010d56
core   0: 0x800002d8 (0x02a88733) mul     a4, a7, a0
core   0: 3 0x800002d8 (0x02a88733) x14 0x00000000
core   0: 0x800002dc (0x01100d33) add     s10, zero, a7
core   0: 3 0x800002dc (0x01100d33) x26 0x00000000
core   0: 0x800002e0 (0xff7b9403) lh      s0, -9(s7)
core   0: 3 0x800002e0 (0xff7b9403) x 8 0x000053f1 mem 0x80010d5a
core   0: 0x800002e4 (0x76ae0913) addi    s2, t3, 1898
core   0: 3 0x800002e4 (0x76ae0913) x18 0x00000764
core   0: 0x800002e8 (0x03ddc133) div     sp, s11, t4
core   0: 3 0x800002e8 (0x03ddc133) x 2 0xffffffff
core   0: 0x800002ec (0x013b94a3) sh      s3, 9(s7)
core   0: 3 0x800002ec (0x013b94a3) mem 0x80010d6c 0xb2f3
core   0: 0x800002f0 (0x008210b3) sll     ra, tp, s0
core   0: 3 0x800002f0 (0x008210b3) x 1 0x00ee0000
core   0: 0x800002f4 (0x3ff97793) andi    a5, s2, 1023
core   0: 3 0x800002f4 (0x3ff97793) x15 0x00000364
core   0: 0x800002f8 (0x0274f3b3) remu    t2, s1, t2
core   0: 3 0x800002f8 (0x0274f3b3) x 7 0x00000076
core   0: 0x800002fc (0x00a05e33) srl     t3, zero, a0
core   0: 3 0x800002fc (0x00a05e33) x28 0x00000000
core   0: 0x80000300 (0x03f08033) mul     zero, ra, t6
core   0: 3 0x80000300 (0x03f08033)
core   0: 0x80000304 (0x00ab8703) lb      a4, 10(s7)
core   0: 3 0x80000304 (0x00ab8703) x14 0xffffffb2 mem 0x80010d6d
core   0: 0x80000308 (0x02e93e33) mulhu   t3, s2, a4
core   0: 3 0x80000308 (0x02e93e33) x28 0x00000763
core   0: 0x8000030c (0x000d71b3) and     gp, s10, zero
core   0: 3 0x8000030c (0x000d71b3) x 3 0x00000000
core   0: 0x80000310 (0x0162bcb3) sltu    s9, t0, s6
core   0: 3 0x80000310 (0x0162bcb3) x25 0x00000001
core   0: 0x80000314 (0x005b9483) lh      s1, 5(s7)
core   0: 3 0x80000314 (0x005b9483) x 9 0x00006dff mem 0x80010d68
core   0: 0x80000318 (0x02273133) mulhu   sp, a4, sp
core   0: 3 0x80000318 (0x02273133) x 2 0xffffffb1
core   0: 0x8000031c (0xff1b9da3) sh      a7, -5(s7)
core   0: 3 0x8000031c (0xff1b9da3) mem 0x80010d5e 0x0000
core   0: 0x80000320 (0x025ebeb3) mulhu   t4, t4, t0
core   0: 3 0x80000320 (0x025ebeb3) x29 0x00000000
core   0: 0x80000324 (0x02f1aeb3) mulhsu  t4, gp, a5
core   0: 3 0x80000324 (0x02f1aeb3) x29 0x00000000
core   0: 0x80000328 (0xbd7da317) auipc   t1, 0xbd7da
core   0: 3 0x80000328 (0xbd7da317) x 6 0x3d7da328
core   0: 0x8000032c (0x00cced33) or      s10, s9, a2
core   0: 3 0x8000032c (0x00cced33) x26 0x80000001
core   0: 0x80000330 (0xffabc783) lbu     a5, -6(s7)
core   0: 3 0x80000330 (0xffabc783) x15 0x00000052 mem 0x80010d5d
core   0: 0x80000334 (0x01ab8823) sb      s10, 16(s7)
core   0: 3 0x80000334 (0x01ab8823) mem 0x80010d73 0x1
core   0: 0x80000338 (0x00fbce83) lbu     t4, 15(s7)
core   0: 3 0x80000338 (0x00fbce83) x29 0x000000a8 mem 0x80010d72
core   0: 0x8000033c (0x0149d733) srl     a4, s3, s4
core   0: 3 0x8000033c (0x0149d733) x14 0x00005979
core   0: 0x80000340 (0xe6a0f513) andi    a0, ra, -406
core   0: 3 0x80000340 (0xe6a0f513) x10 0x00ee0000
core   0: 0x80000344 (0xb3a50597) auipc   a1, 0xb3a50
core   0: 3 0x80000344 (0xb3a50597) x11 0x33a50344
core   0: 0x80000348 (0x01785313) srli    t1, a6, 23
core   0: 3 0x80000348 (0x01785313) x 6 0x00000100
core   0: 0x8000034c (0x001b9183) lh      gp, 1(s7)
core   0: 3 0x8000034c (0x001b9183) x 3 0x00005d21 mem 0x80010d64
core   0: 0x80000350 (0x57c1a793) slti    a5, gp, 1404
core   0: 3 0x80000350 (0x57c1a793) x15 0x00000000
core   0: 0x80000354 (0xefd82293) slti    t0, a6, -259
core   0: 3 0x80000354 (0xefd82293) x 5 0x00000001
core   0: 0x80000358 (0xff5ba783) lw      a5, -11(s7)
core   0: 3 0x80000358 (0xff5ba783) x15 0x53f1bbd7 mem 0x80010d58
core   0: 0x8000035c (0x01f4d193) srli    gp, s1, 31
core   0: 3 0x8000035c (0x01f4d193) x 3 0x00000000
core   0: 0x80000360 (0xf7d24193) xori    gp, tp, -131
core   0: 3 0x80000360 (0xf7d24193) x 3 0xffffff0a
core   0: 0x80000364 (0x00000013) nop
core   0: 3 0x80000364 (0x00000013)
core   0: 0x80000368 (0x01ab82a3) sb      s10, 5(s7)
core   0: 3 0x80000368 (0x01ab82a3) mem 0x80010d68 0x1
core   0: 0x8000036c (0x02406233) rem     tp, zero, tp
core   0: 3 0x8000036c (0x02406233) x 4 0x00000000
core   0: 0x80000370 (0x01b7bb33) sltu    s6, a5, s11
core   0: 3 0x80000370 (0x01b7bb33) x22 0x00000001
core   0: 0x80000374 (0x017fa733) slt     a4, t6, s7
core   0: 3 0x80000374 (0x017fa733) x14 0x00000000
core   0: 0x80000378 (0x00eb85a3) sb      a4, 11(s7)
core   0: 3 0x80000378 (0x00eb85a3) mem 0x80010d6e 0x0
core   0: 0x8000037c (0xfffbd383) lhu     t2, -1(s7)
core   0: 3 0x8000037c (0xfffbd383) x 7 0x000054ac mem 0x80010d62
core   0: 0x80000380 (0x00010117) auipc   sp, 0x10
core   0: 3 0x80000380 (0x00010117) x 2 0x80010380
core   0: 0x80000384 (0xf0510113) addi    sp, sp, -251
core   0: 3 0x80000384 (0xf0510113) x 2 0x80010285
core   0: 0x80000388 (0xe4614183) lbu     gp, -442(sp)
core   0: 3 0x80000388 (0xe4614183) x 3 0x00000032 mem 0x800100cb
core   0: 0x8000038c (0x0217c6b3) div     a3, a5, ra
core   0: 3 0x8000038c (0x0217c6b3) x13 0x0000005a
core   0: 0x80000390 (0xdfa14703) lbu     a4, -518(sp)
core   0: 3 0x80000390 (0xdfa14703) x14 0x000000c2 mem 0x8001007f
core   0: 0x80000394 (0x018791b3) sll     gp, a5, s8
core   0: 3 0x80000394 (0x018791b3) x 3 0x3f1bbd70
core   0: 0x80000398 (0x01acb333) sltu    t1, s9, s10
core   0: 3 0x80000398 (0x01acb333) x 6 0x00000001
core   0: 0x8000039c (0x76701237) lui     tp, 0x76701
core   0: 3 0x8000039c (0x76701237) x 4 0x76701000
core   0: 0x800003a0 (0x004c76b3) and     a3, s8, tp
core   0: 3 0x800003a0 (0x004c76b3) x13 0x00001000
core   0: 0x800003a4 (0x03d189b3) mul     s3, gp, t4
core   0: 3 0x800003a4 (0x03d189b3) x19 0x6a345180
core   0: 0x800003a8 (0x00dbdcb3) srl     s9, s7, a3
core   0: 3 0x800003a8 (0x00dbdcb3) x25 0x80010d63
core   0: 0x800003ac (0x417d8a13) addi    s4, s11, 1047
core   0: 3 0x800003ac (0x417d8a13) x20 0x80011406
core   0: 0x800003b0 (0xcb14a493) slti    s1, s1, -847
core   0: 3 0x800003b0 (0xcb14a493) x 9 0x00000000
core   0: 0x800003b4 (0x06010123) sb      zero, 98(sp)
core   0: 3 0x800003b4 (0x06010123) mem 0x800102e7 0x0
core   0: 0x800003b8 (0x0181d893) srli    a7, gp, 24
core   0: 3 0x800003b8 (0x0181d893) x17 0x0000003f
core   0: 0x800003bc (0x6b714503) lbu     a0, 1719(sp)
core   0: 3 0x800003bc (0x6b714503) x10 0x00000065 mem 0x8001093c
core   0: 0x800003c0 (0x41cb58b3) sra     a7, s6, t3
core   0: 3 0x800003c0 (0x41cb58b3) x17 0x00000000
core   0: 0x800003c4 (0x0d9ff437) lui     s0, 0xd9ff
core   0: 3 0x800003c4 (0x0d9ff437) x 8 0x0d9ff000
core   0: 0x800003c8 (0xe2c14583) lbu     a1, -468(sp)
core   0: 3 0x800003c8 (0xe2c14583) x11 0x00000080 mem 0x800100b1
core   0: 0x800003cc (0x0fa10823) sb      s10, 240(sp)
core   0: 3 0x800003cc (0x0fa10823) mem 0x80010375 0x1
core   0: 0x800003d0 (0x005e1333) sll     t1, t3, t0
core   0: 3 0x800003d0 (0x005e1333) x 6 0x00000ec6
core   0: 0x800003d4 (0x04a10f03) lb      t5, 74(sp)
core   0: 3 0x800003d4 (0x04a10f03) x30 0xffffffa4 mem 0x800102cf
core   0: 0x800003d8 (0x02a7d333) divu    t1, a5, a0
core   0: 3 0x800003d8 (0x02a7d333) x 6 0x00d4c507
core   0: 0x800003dc (0x00000013) nop
core   0: 3 0x800003dc (0x00000013)
core   0: 0x800003e0 (0x402fdb33) sra     s6, t6, sp
core   0: 3 0x800003e0 (0x402fdb33) x22 0xff0aae57
core   0: 0x800003e4 (0xe6814683) lbu     a3, -408(sp)
core   0: 3 0x800003e4 (0xe6814683) x13 0x00000074 mem 0x800100ed
core   0: 0x800003e8 (0x2ad10723) sb      a3, 686(sp)
core   0: 3 0x800003e8 (0x2ad10723) mem 0x80010533 0x74
core   0: 0x800003ec (0xfef116a3) sh      a5, -19(sp)
core   0: 3 0x800003ec (0xfef116a3) mem 0x80010272 0xbbd7
core   0: 0x800003f0 (0x04914403) lbu     s0, 73(sp)
core   0: 3 0x800003f0 (0x04914403) x 8 0x000000c9 mem 0x800102ce
core   0: 0x800003f4 (0x436f2d13) slti    s10, t5, 1078
core   0: 3 0x800003f4 (0x436f2d13) x26 0x00000001
core   0: 0x800003f8 (0x36810b23) sb      s0, 886(sp)
core   0: 3 0x800003f8 (0x36810b23) mem 0x800105fb 0xc9
core   0: 0x800003fc (0x6de10583) lb      a1, 1758(sp)
core   0: 3 0x800003fc (0x6de10583) x11 0x00000009 mem 0x80010963
core   0: 0x80000400 (0x22714483) lbu     s1, 551(sp)
core   0: 3 0x80000400 (0x22714483) x 9 0x000000b2 mem 0x800104ac
core   0: 0x80000404 (0x1ee10903) lb      s2, 494(sp)
core   0: 3 0x80000404 (0x1ee10903) x18 0xffffffb7 mem 0x80010473
core   0: 0x80000408 (0x16810203) lb      tp, 360(sp)
core   0: 3 0x80000408 (0x16810203) x 4 0x00000052 mem 0x800103ed
core   0: 0x8000040c (0x00021e97) auipc   t4, 0x21
core   0: 3 0x8000040c (0x00021e97) x29 0x8002140c
core   0: 0x80000410 (0x88be8e93) addi    t4, t4, -1909
core   0: 3 0x80000410 (0x88be8e93) x29 0x80020c97
core   0: 0x80000414 (0x03579a33) mulh    s4, a5, s5
core   0: 3 0x80000414 (0x03579a33) x20 0x00000003
core   0: 0x80000418 (0x3e078e37) lui     t3, 0x3e078
core   0: 3 0x80000418 (0x3e078e37) x28 0x3e078000
core   0: 0x8000041c (0x0efec203) lbu     tp, 239(t4)
core   0: 3 0x8000041c (0x0efec203) x 4 0x0000005e mem 0x80020d86
core   0: 0x80000420 (0x041eae03) lw      t3, 65(t4)
core   0: 3 0x80000420 (0x041eae03) x28 0x9daccdde mem 0x80020cd8
core   0: 0x80000424 (0x03ca20b3) mulhsu  ra, s4, t3
core   0: 3 0x80000424 (0x03ca20b3) x 1 0x00000001
core   0: 0x80000428 (0xf47ede03) lhu     t3, -185(t4)
core   0: 3 0x80000428 (0xf47ede03) x28 0x0000b015 mem 0x80020bde
core   0: 0x8000042c (0x0a0ecd03) lbu     s10, 160(t4)
core   0: 3 0x8000042c (0x0a0ecd03) x26 0x000000dc mem 0x80020d37
core   0: 0x80000430 (0x0198c933) xor     s2, a7, s9
core   0: 3 0x80000430 (0x0198c933) x18 0x80010d63
core   0: 0x80000434 (0xfd6e8683) lb      a3, -42(t4)
core   0: 3 0x80000434 (0xfd6e8683) x13 0xffffff85 mem 0x80020c6d
core   0: 0x80000438 (0x00000013) nop
core   0: 3 0x80000438 (0x00000013)
core   0: 0x8000043c (0x004ec583) lbu     a1, 4(t4)
core   0: 3 0x8000043c (0x004ec583) x11 0x000000c1 mem 0x80020c9b
core   0: 0x80000440 (0xfc8ec583) lbu     a1, -56(t4)
core   0: 3 0x80000440 (0xfc8ec583) x11 0x000000a9 mem 0x80020c5f
core   0: 0x80000444 (0xf00ec283) lbu     t0, -256(t4)
core   0: 3 0x80000444 (0xf00ec283) x 5 0x000000b5 mem 0x80020b97
core   0: 0x80000448 (0x79808493) addi    s1, ra, 1944
core   0: 3 0x80000448 (0x79808493) x 9 0x00000799
core   0: 0x8000044c (0x4b63bc97) auipc   s9, 0x4b63b
core   0: 3 0x8000044c (0x4b63bc97) x25 0xcb63b44c
core   0: 0x80000450 (0x027d7b33) remu    s6, s10, t2
core   0: 3 0x80000450 (0x027d7b33) x22 0x000000dc
core   0: 0x80000454 (0x01399e33) sll     t3, s3, s3
core   0: 3 0x80000454 (0x01399e33) x28 0x6a345180
core   0: 0x80000458 (0xffeec103) lbu     sp, -2(t4)
core   0: 3 0x80000458 (0xffeec103) x 2 0x00000097 mem 0x80020c95
core   0: 0x8000045c (0xf9ebb013) sltiu   zero, s7, -98
core   0: 3 0x8000045c (0xf9ebb013)
core   0: 0x80000460 (0x40748fb3) sub     t6, s1, t2
core   0: 3 0x80000460 (0x40748fb3) x31 0xffffb2ed
core   0: 0x80000464 (0x020e90a3) sh      zero, 33(t4)
core   0: 3 0x80000464 (0x020e90a3) mem 0x80020cb8 0x0000
core   0: 0x80000468 (0x011cf313) andi    t1, s9, 17
core   0: 3 0x80000468 (0x011cf313) x 6 0x00000000
core   0: 0x8000046c (0x6bef0893) addi    a7, t5, 1726
core   0: 3 0x8000046c (0x6bef0893) x17 0x00000662
core   0: 0x80000470 (0x091e8083) lb      ra, 145(t4)
core   0: 3 0x80000470 (0x091e8083) x 1 0x00000065 mem 0x80020d28
core   0: 0x80000474 (0x0e9e98a3) sh      s1, 241(t4)
core   0: 3 0x80000474 (0x0e9e98a3) mem 0x80020d88 0x0799
core   0: 0x80000478 (0x00000013) nop
core   0: 3 0x80000478 (0x00000013)
core   0: 0x8000047c (0x00b81ab3) sll     s5, a6, a1
core   0: 3 0x8000047c (0x00b81ab3) x21 0x04bcc800
core   0: 0x80000480 (0x094e8d83) lb      s11, 148(t4)
core   0: 3 0x80000480 (0x094e8d83) x27 0x0000001a mem 0x80020d2b
core   0: 0x80000484 (0x00de8703) lb      a4, 13(t4)
core   0: 3 0x80000484 (0x00de8703) x14 0xffffffa5 mem 0x80020ca4
core   0: 0x80000488 (0x01ad5693) srli    a3, s10, 26
core   0: 3 0x80000488 (0x01ad5693) x13 0x00000000
core   0: 0x8000048c (0xf1de8c83) lb      s9, -227(t4)
core   0: 3 0x8000048c (0xf1de8c83) x25 0x00000047 mem 0x80020bb4
core   0: 0x80000490 (0xfafe9e03) lh      t3, -81(t4)
core   0: 3 0x80000490 (0xfafe9e03) x28 0x00006cf8 mem 0x80020c46
core   0: 0x80000494 (0x03884033) div     zero, a6, s8
core   0: 3 0x80000494 (0x03884033)
core   0: 0x80000498 (0x014cfb33) and     s6, s9, s4
core   0: 3 0x80000498 (0x014cfb33) x22 0x00000003
core   0: 0x8000049c (0x69a46693) ori     a3, s0, 1690
core   0: 3 0x8000049c (0x69a46693) x13 0x000006db
core   0: 0x800004a0 (0x41685b33) sra     s6, a6, s6
core   0: 3 0x800004a0 (0x41685b33) x22 0xf0004bcc
core   0: 0x800004a4 (0x4b6e6713) ori     a4, t3, 1206
core   0: 3 0x800004a4 (0x4b6e6713) x14 0x00006cfe
core   0: 0x800004a8 (0x00d266b3) or      a3, tp, a3
core   0: 3 0x800004a8 (0x00d266b3) x13 0x000006df
core   0: 0x800004ac (0x01405093) srli    ra, zero, 20
core   0: 3 0x800004ac (0x01405093) x 1 0x00000000
core   0: 0x800004b0 (0x0dce8f03) lb      t5, 220(t4)
core   0: 3 0x800004b0 (0x0dce8f03) x30 0xffffffa0 mem 0x80020d73
core   0: 0x800004b4 (0xf4cec683) lbu     a3, -180(t4)
core   0: 3 0x800004b4 (0xf4cec683) x13 0x0000009f mem 0x80020be3
core   0: 0x800004b8 (0x0349ad33) mulhsu  s10, s3, s4
core   0: 3 0x800004b8 (0x0349ad33) x26 0x00000001
core   0: 0x800004bc (0xf94ec203) lbu     tp, -108(t4)
core   0: 3 0x800004bc (0xf94ec203) x 4 0x00000019 mem 0x80020c2b
core   0: 0x800004c0 (0x00011517) auipc   a0, 0x11
core   0: 3 0x800004c0 (0x00011517) x10 0x800114c0
core   0: 0x800004c4 (0xb2550513) addi    a0, a0, -1243
core   0: 3 0x800004c4 (0xb2550513) x10 0x80010fe5
core   0: 0x800004c8 (0xc1354a03) lbu     s4, -1005(a0)
core   0: 3 0x800004c8 (0xc1354a03) x20 0x0000007e mem 0x80010bf8
core   0: 0x800004cc (0x40220133) sub     sp, tp, sp
core   0: 3 0x800004cc (0x40220133) x 2 0xffffff82
core   0: 0x800004d0 (0x0016f433) and     s0, a3, ra
core   0: 3 0x800004d0 (0x0016f433) x 8 0x00000000
core   0: 0x800004d4 (0x009116b3) sll     a3, sp, s1
core   0: 3 0x800004d4 (0x009116b3) x13 0x04000000
core   0: 0x800004d8 (0x00259433) sll     s0, a1, sp
core   0: 3 0x800004d8 (0x00259433) x 8 0x000002a4
core   0: 0x800004dc (0xba350123) sb      gp, -1118(a0)
core   0: 3 0x800004dc (0xba350123) mem 0x80010b87 0x70
core   0: 0x800004e0 (0x01e16433) or      s0, sp, t5
core   0: 3 0x800004e0 (0x01e16433) x 8 0xffffffa2
core   0: 0x800004e4 (0x81e54783) lbu     a5, -2018(a0)
core   0: 3 0x800004e4 (0x81e54783) x15 0x000000d7 mem 0x80010803
core   0: 0x800004e8 (0xe43529a3) sw      gp, -429(a0)
core   0: 3 0x800004e8 (0xe43529a3) mem 0x80010e38 0x3f1bbd70
core   0: 0x800004ec (0x03f4b6b3) mulhu   a3, s1, t6
core   0: 3 0x800004ec (0x03f4b6b3) x13 0x00000798
core   0: 0x800004f0 (0x889505a3) sb      s1, -1909(a0)
core   0: 3 0x800004f0 (0x889505a3) mem 0x80010870 0x99
core   0: 0x800004f4 (0x90f55a03) lhu     s4, -1777(a0)
core   0: 3 0x800004f4 (0x90f55a03) x20 0x00007060 mem 0x800108f4
core   0: 0x800004f8 (0x00cb3db3) sltu    s11, s6, a2
core   0: 3 0x800004f8 (0x00cb3db3) x27 0x00000000
core   0: 0x800004fc (0x8b450e23) sb      s4, -1860(a0)
core   0: 3 0x800004fc (0x8b450e23) mem 0x800108a1 0x60
core   0: 0x80000500 (0xdb352903) lw      s2, -589(a0)
core   0: 3 0x80000500 (0xdb352903) x18 0x04e715c7 mem 0x80010d98
core   0: 0x80000504 (0x87755003) lhu     zero, -1929(a0)
core   0: 3 0x80000504 (0x87755003) mem 0x8001085c
core   0: 0x80000508 (0xe1150a03) lb      s4, -495(a0)
core   0: 3 0x80000508 (0xe1150a03) x20 0x0000007e mem 0x80010df6
core   0: 0x8000050c (0x9ec54f83) lbu     t6, -1556(a0)
core   0: 3 0x8000050c (0x9ec54f83) x31 0x00000000 mem 0x800109d1
core   0: 0x80000510 (0x9e850723) sb      s0, -1554(a0)
core   0: 3 0x80000510 (0x9e850723) mem 0x800109d3 0xa2
core   0: 0x80000514 (0x00000013) nop
core   0: 3 0x80000514 (0x00000013)
core   0: 0x80000518 (0x6f85e093) ori     ra, a1, 1784
core   0: 3 0x80000518 (0x6f85e093) x 1 0x000006f9
core   0: 0x8000051c (0xb2350883) lb      a7, -1245(a0)
core   0: 3 0x8000051c (0xb2350883) x17 0x00000066 mem 0x80010b08
core   0: 0x80000520 (0x90050123) sb      zero, -1790(a0)
core   0: 3 0x80000520 (0x90050123) mem 0x800108e7 0x0
core   0: 0x80000524 (0x00e54e83) lbu     t4, 14(a0)
core   0: 3 0x80000524 (0x00e54e83) x29 0x00000054 mem 0x80010ff3
core   0: 0x80000528 (0x1eb6cd93) xori    s11, a3, 491
core   0: 3 0x80000528 (0x1eb6cd93) x27 0x00000673
core   0: 0x8000052c (0x00870cb3) add     s9, a4, s0
core   0: 3 0x8000052c (0x00870cb3) x25 0x00006ca0
core   0: 0x80000530 (0xe2650fa3) sb      t1, -449(a0)
core   0: 3 0x80000530 (0xe2650fa3) mem 0x80010e24 0x0
core   0: 0x80000534 (0x02a62233) mulhsu  tp, a2, a0
core   0: 3 0x80000534 (0x02a62233) x 4 0xbfff780d
core   0: 0x80000538 (0xf0d50103) lb      sp, -243(a0)
core   0: 3 0x80000538 (0xf0d50103) x 2 0xffffffe5 mem 0x80010ef2
core   0: 0x8000053c (0xf53506a3) sb      s3, -179(a0)
core   0: 3 0x8000053c (0xf53506a3) mem 0x80010f32 0x80
core   0: 0x80000540 (0xb4850d23) sb      s0, -1190(a0)
core   0: 3 0x80000540 (0xb4850d23) mem 0x80010b3f 0xa2
core   0: 0x80000544 (0xd2a54183) lbu     gp, -726(a0)
core   0: 3 0x80000544 (0xd2a54183) x 3 0x0000001d mem 0x80010d0f
core   0: 0x80000548 (0xbad51683) lh      a3, -1107(a0)
core   0: 3 0x80000548 (0xbad51683) x13 0xffffbb06 mem 0x80010b92
core   0: 0x8000054c (0x00010117) auipc   sp, 0x10
core   0: 3 0x8000054c (0x00010117) x 2 0x8001054c
core   0: 0x80000550 (0x28310113) addi    sp, sp, 643
core   0: 3 0x80000550 (0x28310113) x 2 0x800107cf
core   0: 0x80000554 (0xfd167a13) andi    s4, a2, -47
core   0: 3 0x80000554 (0xfd167a13) x20 0x80000000
core   0: 0x80000558 (0x0009ae33) slt     t3, s3, zero
core   0: 3 0x80000558 (0x0009ae33) x28 0x00000000
core   0: 0x8000055c (0x00e14a03) lbu     s4, 14(sp)
core   0: 3 0x8000055c (0x00e14a03) x20 0x000000c9 mem 0x800107dd
core   0: 0x80000560 (0x01ba29b3) slt     s3, s4, s11
core   0: 3 0x80000560 (0x01ba29b3) x19 0x00000001
core   0: 0x80000564 (0x00a10d83) lb      s11, 10(sp)
core   0: 3 0x80000564 (0x00a10d83) x27 0x00000029 mem 0x800107d9
core   0: 0x80000568 (0x411b0533) sub     a0, s6, a7
core   0: 3 0x80000568 (0x411b0533) x10 0xf0004b66
core   0: 0x8000056c (0xff814003) lbu     zero, -8(sp)
core   0: 3 0x8000056c (0xff814003) mem 0x800107c7
core   0: 0x80000570 (0xff611fa3) sh      s6, -1(sp)
core   0: 3 0x80000570 (0xff611fa3) mem 0x800107ce 0x4bcc
core   0: 0x80000574 (0x01010683) lb      a3, 16(sp)
core   0: 3 0x80000574 (0x01010683) x13 0xffffff8a mem 0x800107df
core   0: 0x80000578 (0x00000013) nop
core   0: 3 0x80000578 (0x00000013)
core   0: 0x8000057c (0xff910a03) lb      s4, -7(sp)
core   0: 3 0x8000057c (0xff910a03) x20 0x00000069 mem 0x800107c8
core   0: 0x80000580 (0x00f99433) sll     s0, s3, a5
core   0: 3 0x80000580 (0x00f99433) x 8 0x00800000
core   0: 0x80000584 (0xffa10203) lb      tp, -6(sp)
core   0: 3 0x80000584 (0xffa10203) x 4 0x00000023 mem 0x800107c9
core   0: 0x80000588 (0xffe10d83) lb      s11, -2(sp)
core   0: 3 0x80000588 (0xffe10d83) x27 0xffffff8a mem 0x800107cd
core   0: 0x8000058c (0x00000013) nop
core   0: 3 0x8000058c (0x00000013)
core   0: 0x80000590 (0x00e14483) lbu     s1, 14(sp)
core   0: 3 0x80000590 (0x00e14483) x 9 0x000000c9 mem 0x800107dd
core   0: 0x80000594 (0x03110a33) mul     s4, sp, a7
core   0: 3 0x80000594 (0x03110a33) x20 0x00691c7a
core   0: 0x80000598 (0x02326933) rem     s2, tp, gp
core   0: 3 0x80000598 (0x02326933) x18 0x00000006
core   0: 0x8000059c (0xff814c83) lbu     s9, -8(sp)
core   0: 3 0x8000059c (0xff814c83) x25 0x000000c7 mem 0x800107c7
core   0: 0x800005a0 (0x00810003) lb      zero, 8(sp)
core   0: 3 0x800005a0 (0x00810003) mem 0x800107d7
core   0: 0x800005a4 (0x00d50433) add     s0, a0, a3
core   0: 3 0x800005a4 (0x00d50433) x 8 0xf0004af0
core   0: 0x800005a8 (0x00210223) sb      sp, 4(sp)
core   0: 3 0x800005a8 (0x00210223) mem 0x800107d3 0xcf
core   0: 0x800005ac (0x00e10c83) lb      s9, 14(sp)
core   0: 3 0x800005ac (0x00e10c83) x25 0xffffffc9 mem 0x800107dd
core   0: 0x800005b0 (0x0003d693) srli    a3, t2, 0
core   0: 3 0x800005b0 (0x0003d693) x13 0x000054ac
core   0: 0x800005b4 (0x00000013) nop
core   0: 3 0x800005b4 (0x00000013)
core   0: 0x800005b8 (0x00a14303) lbu     t1, 10(sp)
core   0: 3 0x800005b8 (0x00a14303) x 6 0x00000029 mem 0x800107d9
core   0: 0x800005bc (0x03a8f9b3) remu    s3, a7, s10
core   0: 3 0x800005bc (0x03a8f9b3) x19 0x00000000
core   0: 0x800005c0 (0x00000013) nop
core   0: 3 0x800005c0 (0x00000013)
core   0: 0x800005c4 (0xff214683) lbu     a3, -14(sp)
core   0: 3 0x800005c4 (0xff214683) x13 0x0000008a mem 0x800107c1
core   0: 0x800005c8 (0xfff10883) lb      a7, -1(sp)
core   0: 3 0x800005c8 (0xfff10883) x17 0xffffffcc mem 0x800107ce
core   0: 0x800005cc (0x0336b533) mulhu   a0, a3, s3
core   0: 3 0x800005cc (0x0336b533) x10 0x00000000
core   0: 0x800005d0 (0x41a082b3) sub     t0, ra, s10
core   0: 3 0x800005d0 (0x41a082b3) x 5 0x000006f8
core   0: 0x800005d4 (0xff214b03) lbu     s6, -14(sp)
core   0: 3 0x800005d4 (0xff214b03) x22 0x0000008a mem 0x800107c1
core   0: 0x800005d8 (0x00e14483) lbu     s1, 14(sp)
core   0: 3 0x800005d8 (0x00e14483) x 9 0x000000c9 mem 0x800107dd
core   0: 0x800005dc (0x0001a917) auipc   s2, 0x1a
core   0: 3 0x800005dc (0x0001a917) x18 0x8001a5dc
core   0: 0x800005e0 (0xb7690913) addi    s2, s2, -1162
core   0: 3 0x800005e0 (0xb7690913) x18 0x8001a152
core   0: 0x800005e4 (0x00257e33) and     t3, a0, sp
core   0: 3 0x800005e4 (0x00257e33) x28 0x00000000
core   0: 0x800005e8 (0x00000013) nop
core   0: 3 0x800005e8 (0x00000013)
core   0: 0x800005ec (0x8ebd0d13) addi    s10, s10, -1813
core   0: 3 0x800005ec (0x8ebd0d13) x26 0xfffff8ec
core   0: 0x800005f0 (0xcb5c4b17) auipc   s6, 0xcb5c4
core   0: 3 0x800005f0 (0xcb5c4b17) x22 0x4b5c45f0
core   0: 0x800005f4 (0xf3786993) ori     s3, a6, -201
core   0: 3 0x800005f4 (0xf3786993) x19 0xffffff77
core   0: 0x800005f8 (0x09792f23) sw      s7, 158(s2)
core   0: 3 0x800005f8 (0x09792f23) mem 0x8001a1f0 0x80010d63
core   0: 0x800005fc (0x06490ca3) sb      tp, 121(s2)
core   0: 3 0x800005fc (0x06490ca3) mem 0x8001a1cb 0x23
core   0: 0x80000600 (0xf6c91c23) sh      a2, -136(s2)
core   0: 3 0x80000600 (0xf6c91c23) mem 0x8001a0ca 0x0000
core   0: 0x80000604 (0x4b1d15b7) lui     a1, 0x4b1d1
core   0: 3 0x80000604 (0x4b1d15b7) x11 0x4b1d1000
core   0: 0x80000608 (0x0c4906a3) sb      tp, 205(s2)
core   0: 3 0x80000608 (0x0c4906a3) mem 0x8001a21f 0x23
core   0: 0x8000060c (0x00dd3e33) sltu    t3, s10, a3
core   0: 3 0x8000060c (0x00dd3e33) x28 0x00000000
core   0: 0x80000610 (0x8ec03513) sltiu   a0, zero, -1812
core   0: 3 0x80000610 (0x8ec03513) x10 0x00000001
core   0: 0x80000614 (0xf1890fa3) sb      s8, -225(s2)
core   0: 3 0x80000614 (0xf1890fa3) mem 0x8001a071 0xe4
core   0: 0x80000618 (0x03b996b3) mulh    a3, s3, s11
core   0: 3 0x80000618 (0x03b996b3) x13 0x00000000
core   0: 0x8000061c (0x0f290ca3) sb      s2, 249(s2)
core   0: 3 0x8000061c (0x0f290ca3) mem 0x8001a24b 0x52
core   0: 0x80000620 (0x40850b33) sub     s6, a0, s0
core   0: 3 0x80000620 (0x40850b33) x22 0x0fffb511
core   0: 0x80000624 (0x03394983) lbu     s3, 51(s2)
core   0: 3 0x80000624 (0x03394983) x19 0x000000bf mem 0x8001a185
core   0: 0x80000628 (0x13103897) auipc   a7, 0x13103
core   0: 3 0x80000628 (0x13103897) x17 0x93103628
core   0: 0x8000062c (0x03438cb3) mul     s9, t2, s4
core   0: 3 0x8000062c (0x03438cb3) x25 0xc3f729f8
core   0: 0x80000630 (0x41b7da33) sra     s4, a5, s11
core   0: 3 0x80000630 (0x41b7da33) x20 0x00000000
core   0: 0x80000634 (0x00892723) sw      s0, 14(s2)
core   0: 3 0x80000634 (0x00892723) mem 0x8001a160 0xf0004af0
core   0: 0x80000638 (0x007b92b3) sll     t0, s7, t2
core   0: 3 0x80000638 (0x007b92b3) x 5 0x10d63000
core   0: 0x8000063c (0x0181d533) srl     a0, gp, s8
core   0: 3 0x8000063c (0x0181d533) x10 0x00000001
core   0: 0x80000640 (0xfb990a03) lb      s4, -71(s2)
core   0: 3 0x80000640 (0xfb990a03) x20 0xffffffa3 mem 0x8001a10b
core   0: 0x80000644 (0x06c91a83) lh      s5, 108(s2)
core   0: 3 0x80000644 (0x06c91a83) x21 0xffffeef5 mem 0x8001a1be
core   0: 0x80000648 (0xf2895703) lhu     a4, -216(s2)
core   0: 3 0x80000648 (0xf2895703) x14 0x0000eb85 mem 0x8001a07a
core   0: 0x8000064c (0x6c90dcb7) lui     s9, 0x6c90d
core   0: 3 0x8000064c (0x6c90dcb7) x25 0x6c90d000
core   0: 0x80000650 (0x00dd9d13) slli    s10, s11, 13
core   0: 3 0x80000650 (0x00dd9d13) x26 0xfff14000
core   0: 0x80000654 (0x03460333) mul     t1, a2, s4
core   0: 3 0x80000654 (0x03460333) x 6 0x80000000
core   0: 0x80000658 (0xfca92983) lw      s3, -54(s2)
core   0: 3 0x80000658 (0xfca92983) x19 0xdd006613 mem 0x8001a11c
core   0: 0x8000065c (0x0213a9b3) mulhsu  s3, t2, ra
core   0: 3 0x8000065c (0x0213a9b3) x19 0x00000000
core   0: 0x80000660 (0xf0190823) sb      ra, -240(s2)
core   0: 3 0x80000660 (0xf0190823) mem 0x8001a062 0xf9
core   0: 0x80000664 (0x647a0413) addi    s0, s4, 1607
core   0: 3 0x80000664 (0x647a0413) x 8 0x000005ea
core   0: 0x80000668 (0xf0490f83) lb      t6, -252(s2)
core   0: 3 0x80000668 (0xf0490f83) x31 0xffffffb6 mem 0x8001a056
core   0: 0x8000066c (0xf5394a03) lbu     s4, -173(s2)
core   0: 3 0x8000066c (0xf5394a03) x20 0x0000004f mem 0x8001a0a5
core   0: 0x80000670 (0x00010597) auipc   a1, 0x10
core   0: 3 0x80000670 (0x00010597) x11 0x80010670
core   0: 0x80000674 (0xdcc58593) addi    a1, a1, -564
core   0: 3 0x80000674 (0xdcc58593) x11 0x8001043c
core   0: 0x80000678 (0x0069d533) srl     a0, s3, t1
core   0: 3 0x80000678 (0x0069d533) x10 0x00000000
core   0: 0x8000067c (0x01005c93) srli    s9, zero, 16
core   0: 3 0x8000067c (0x01005c93) x25 0x00000000
core   0: 0x80000680 (0x00eb3e33) sltu    t3, s6, a4
core   0: 3 0x80000680 (0x00eb3e33) x28 0x00000000
core   0: 0x80000684 (0x08b58103) lb      sp, 139(a1)
core   0: 3 0x80000684 (0x08b58103) x 2 0x00000073 mem 0x800104c7
core   0: 0x80000688 (0xdf658323) sb      s6, -538(a1)
core   0: 3 0x80000688 (0xdf658323) mem 0x80010222 0x11
core   0: 0x8000068c (0x01ddf9b3) and     s3, s11, t4
core   0: 3 0x8000068c (0x01ddf9b3) x19 0x00000000
core   0: 0x80000690 (0x6dadf1b7) lui     gp, 0x6dadf
core   0: 3 0x80000690 (0x6dadf1b7) x 3 0x6dadf000
core   0: 0x80000694 (0x02549233) mulh    tp, s1, t0
core   0: 3 0x80000694 (0x02549233) x 4 0x0000000d
core   0: 0x80000698 (0x00ababb3) slt     s7, s7, a0
core   0: 3 0x80000698 (0x00ababb3) x23 0x00000001
core   0: 0x8000069c (0x09a5c403) lbu     s0, 154(a1)
core   0: 3 0x8000069c (0x09a5c403) x 8 0x0000007a mem 0x800104d6
core   0: 0x800006a0 (0x00b39233) sll     tp, t2, a1
core   0: 3 0x800006a0 (0x00b39233) x 4 0xc0000000
core   0: 0x800006a4 (0x24359723) sh      gp, 590(a1)
core   0: 3 0x800006a4 (0x24359723) mem 0x8001068a 0xf000
core   0: 0x800006a8 (0x02faad33) mulhsu  s10, s5, a5
core   0: 3 0x800006a8 (0x02faad33) x26 0xffffffff
core   0: 0x800006ac (0x02ea3033) mulhu   zero, s4, a4
core   0: 3 0x800006ac (0x02ea3033)
core   0: 0x800006b0 (0x6fdeb513) sltiu   a0, t4, 1789
core   0: 3 0x800006b0 (0x6fdeb513) x10 0x00000001
core   0: 0x800006b4 (0xc535c103) lbu     sp, -941(a1)
core   0: 3 0x800006b4 (0xc535c103) x 2 0x00000037 mem 0x8001008f
core   0: 0x800006b8 (0x41c0de13) srai    t3, ra, 28
core   0: 3 0x800006b8 (0x41c0de13) x28 0x00000000
core   0: 0x800006bc (0x00000013) nop
core   0: 3 0x800006bc (0x00000013)
core   0: 0x800006c0 (0x03c964b3) rem     s1, s2, t3
core   0: 3 0x800006c0 (0x03c964b3) x 9 0x8001a152
core   0: 0x800006c4 (0x42f58323) sb      a5, 1062(a1)
core   0: 3 0x800006c4 (0x42f58323) mem 0x80010862 0xd7
core   0: 0x800006c8 (0x4345d083) lhu     ra, 1076(a1)
core   0: 3 0x800006c8 (0x4345d083) x 1 0x00007099 mem 0x80010870
core   0: 0x800006cc (0xcd55c483) lbu     s1, -811(a1)
core   0: 3 0x800006cc (0xcd55c483) x 9 0x0000008c mem 0x80010111
core   0: 0x800006d0 (0x60158da3) sb      ra, 1563(a1)
core   0: 3 0x800006d0 (0x60158da3) mem 0x80010a57 0x99
core   0: 0x800006d4 (0x038a3333) mulhu   t1, s4, s8
core   0: 3 0x800006d4 (0x038a3333) x 6 0x00000027
core   0: 0x800006d8 (0x7201a413) slti    s0, gp, 1824
core   0: 3 0x800006d8 (0x7201a413) x 8 0x00000000
core   0: 0x800006dc (0x51b58223) sb      s11, 1284(a1)
core   0: 3 0x800006dc (0x51b58223) mem 0x80010940 0x8a
core   0: 0x800006e0 (0x032ba4b3) mulhsu  s1, s7, s2
core   0: 3 0x800006e0 (0x032ba4b3) x 9 0x00000000
core   0: 0x800006e4 (0x015fb1b3) sltu    gp, t6, s5
core   0: 3 0x800006e4 (0x015fb1b3) x 3 0x00000000
core   0: 0x800006e8 (0x02833a33) mulhu   s4, t1, s0
core   0: 3 0x800006e8 (0x02833a33) x20 0x00000000
core   0: 0x800006ec (0x009bbb33) sltu    s6, s7, s1
core   0: 3 0x800006ec (0x009bbb33) x22 0x00000000
core   0: 0x800006f0 (0x0344a133) mulhsu  sp, s1, s4
core   0: 3 0x800006f0 (0x0344a133) x 2 0x00000000
core   0: 0x800006f4 (0x00b04f33) xor     t5, zero, a1
core   0: 3 0x800006f4 (0x00b04f33) x30 0x8001043c
core   0: 0x800006f8 (0x40e7dc93) srai    s9, a5, 14
core   0: 3 0x800006f8 (0x40e7dc93) x25 0x00000000
core   0: 0x800006fc (0x27d45f17) auipc   t5, 0x27d45
core   0: 3 0x800006fc (0x27d45f17) x30 0xa7d456fc
core   0: 0x80000700 (0x2dd5c903) lbu     s2, 733(a1)
core   0: 3 0x80000700 (0x2dd5c903) x18 0x000000cb mem 0x80010719
core   0: 0x80000704 (0xfc158483) lb      s1, -63(a1)
core   0: 3 0x80000704 (0xfc158483) x 9 0x00000053 mem 0x800103fd
core   0: 0x80000708 (0x00013117) auipc   sp, 0x13
core   0: 3 0x80000708 (0x00013117) x 2 0x80013708
core   0: 0x8000070c (0xb0f10113) addi    sp, sp, -1265
core   0: 3 0x8000070c (0xb0f10113) x 2 0x80013217
core   0: 0x80000710 (0x00000013) nop
core   0: 3 0x80000710 (0x00000013)
core   0: 0x80000714 (0x41b3dcb3) sra     s9, t2, s11
core   0: 3 0x80000714 (0x41b3dcb3) x25 0x00000015
core   0: 0x80000718 (0xff610383) lb      t2, -10(sp)
core   0: 3 0x80000718 (0xff610383) x 7 0x00000027 mem 0x8001320d
core   0: 0x8000071c (0x01c19693) slli    a3, gp, 28
core   0: 3 0x8000071c (0x01c19693) x13 0x00000000
core   0: 0x80000720 (0xff714f03) lbu     t5, -9(sp)
core   0: 3 0x80000720 (0xff714f03) x30 0x00000032 mem 0x8001320e
core   0: 0x80000724 (0x03393433) mulhu   s0, s2, s3
core   0: 3 0x80000724 (0x03393433) x 8 0x00000000
core   0: 0x80000728 (0x00210b03) lb      s6, 2(sp)
core   0: 3 0x80000728 (0x00210b03) x22 0x00000062 mem 0x80013219
core   0: 0x8000072c (0x00910123) sb      s1, 2(sp)
core   0: 3 0x8000072c (0x00910123) mem 0x80013219 0x53
core   0: 0x80000730 (0x02296097) auipc   ra, 0x2296
core   0: 3 0x80000730 (0x02296097) x 1 0x82296730
core   0: 0x80000734 (0x00914983) lbu     s3, 9(sp)
core   0: 3 0x80000734 (0x00914983) x19 0x000000e3 mem 0x80013220
core   0: 0x80000738 (0x026795b3) mulh    a1, a5, t1
core   0: 3 0x80000738 (0x026795b3) x11 0x00000000
core   0: 0x8000073c (0x01010303) lb      t1, 16(sp)
core   0: 3 0x8000073c (0x01010303) x 6 0x00000015 mem 0x80013227
core   0: 0x80000740 (0xffd12203) lw      tp, -3(sp)
core   0: 3 0x80000740 (0xffd12203) x 4 0x6cfcebe6 mem 0x80013214
core   0: 0x80000744 (0x03234333) div     t1, t1, s2
core   0: 3 0x80000744 (0x03234333) x 6 0x00000000
core   0: 0x80000748 (0x0129d013) srli    zero, s3, 18
core   0: 3 0x80000748 (0x0129d013)
core   0: 0x8000074c (0x00911303) lh      t1, 9(sp)
core   0: 3 0x8000074c (0x00911303) x 6 0x00007ee3 mem 0x80013220
core   0: 0x80000750 (0xff515d03) lhu     s10, -11(sp)
core   0: 3 0x80000750 (0xff515d03) x26 0x00002726 mem 0x8001320c
core   0: 0x80000754 (0x00e14203) lbu     tp, 14(sp)
core   0: 3 0x80000754 (0x00e14203) x 4 0x000000fa mem 0x80013225
core   0: 0x80000758 (0x00b10e03) lb      t3, 11(sp)
core   0: 3 0x80000758 (0x00b10e03) x28 0x00000072 mem 0x80013222
core   0: 0x8000075c (0xff814003) lbu     zero, -8(sp)
core   0: 3 0x8000075c (0xff814003) mem 0x8001320f
core   0: 0x80000760 (0xec07c513) xori    a0, a5, -320
core   0: 3 0x80000760 (0xec07c513) x10 0xfffffe17
core   0: 0x80000764 (0x00e103a3) sb      a4, 7(sp)
core   0: 3 0x80000764 (0x00e103a3) mem 0x8001321e 0x85
core   0: 0x80000768 (0x01a10623) sb      s10, 12(sp)
core   0: 3 0x80000768 (0x01a10623) mem 0x80013223 0x26
core   0: 0x8000076c (0x0111de13) srli    t3, gp, 17
core   0: 3 0x8000076c (0x0111de13) x28 0x00000000
core   0: 0x80000770 (0x00410683) lb      a3, 4(sp)
core   0: 3 0x80000770 (0x00410683) x13 0xffffffff mem 0x8001321b
core   0: 0x80000774 (0x01a126a3) sw      s10, 13(sp)
core   0: 3 0x80000774 (0x01a126a3) mem 0x80013224 0x00002726
core   0: 0x80000778 (0xd8184f93) xori    t6, a6, -639
core   0: 3 0x80000778 (0xd8184f93) x31 0x7ffda3e5
core   0: 0x8000077c (0x00814483) lbu     s1, 8(sp)
core   0: 3 0x8000077c (0x00814483) x 9 0x00000090 mem 0x8001321f
core   0: 0x80000780 (0xff515503) lhu     a0, -11(sp)
core   0: 3 0x80000780 (0xff515503) x10 0x00002726 mem 0x8001320c
core   0: 0x80000784 (0x01ec9913) slli    s2, s9, 30
core   0: 3 0x80000784 (0x01ec9913) x18 0x40000000
core   0: 0x80000788 (0x00711a83) lh      s5, 7(sp)
core   0: 3 0x80000788 (0x00711a83) x21 0xffff9085 mem 0x8001321e
core   0: 0x8000078c (0x00a14a03) lbu     s4, 10(sp)
core   0: 3 0x8000078c (0x00a14a03) x20 0x0000007e mem 0x80013221
core   0: 0x80000790 (0x00711b83) lh      s7, 7(sp)
core   0: 3 0x80000790 (0x00711b83) x23 0xffff9085 mem 0x8001321e
core   0: 0x80000794 (0x012643b3) xor     t2, a2, s2
core   0: 3 0x80000794 (0x012643b3) x 7 0xc0000000
core   0: 0x80000798 (0xff810b83) lb      s7, -8(sp)
core   0: 3 0x80000798 (0xff810b83) x23 0xffffff88 mem 0x8001320f
core   0: 0x8000079c (0x01b20933) add     s2, tp, s11
core   0: 3 0x8000079c (0x01b20933) x18 0x00000084
core   0: 0x800007a0 (0x024f96b3) mulh    a3, t6, tp
core   0: 3 0x800007a0 (0x024f96b3) x13 0x0000007c
core   0: 0x800007a4 (0x00814403) lbu     s0, 8(sp)
core   0: 3 0x800007a4 (0x00814403) x 8 0x00000090 mem 0x8001321f
core   0: 0x800007a8 (0x00e14403) lbu     s0, 14(sp)
core   0: 3 0x800007a8 (0x00e14403) x 8 0x00000027 mem 0x80013225
core   0: 0x800007ac (0x00210d03) lb      s10, 2(sp)
core   0: 3 0x800007ac (0x00210d03) x26 0x00000053 mem 0x80013219
core   0: 0x800007b0 (0x404c5913) srai    s2, s8, 4
core   0: 3 0x800007b0 (0x404c5913) x18 0xf80029ce
core   0: 0x800007b4 (0xffc10d23) sb      t3, -6(sp)
core   0: 3 0x800007b4 (0xffc10d23) mem 0x80013211 0x0
core   0: 0x800007b8 (0xffc10e23) sb      t3, -4(sp)
core   0: 3 0x800007b8 (0xffc10e23) mem 0x80013213 0x0
core   0: 0x800007bc (0x00010117) auipc   sp, 0x10
core   0: 3 0x800007bc (0x00010117) x 2 0x800107bc
core   0: 0x800007c0 (0x1c310113) addi    sp, sp, 451
core   0: 3 0x800007c0 (0x1c310113) x 2 0x8001097f
core   0: 0x800007c4 (0x039ab233) mulhu   tp, s5, s9
core   0: 3 0x800007c4 (0x039ab233) x 4 0x00000014
core   0: 0x800007c8 (0xfd512a03) lw      s4, -43(sp)
core   0: 3 0x800007c8 (0xfd512a03) x20 0x35f25c3c mem 0x80010954
core   0: 0x800007cc (0x01cd9a13) slli    s4, s11, 28
core   0: 3 0x800007cc (0x01cd9a13) x20 0xa0000000
core   0: 0x800007d0 (0x6d8e0e93) addi    t4, t3, 1752
core   0: 3 0x800007d0 (0x6d8e0e93) x29 0x000006d8
core   0: 0x800007d4 (0x00195293) srli    t0, s2, 1
core   0: 3 0x800007d4 (0x00195293) x 5 0x7c0014e7
core   0: 0x800007d8 (0x03410883) lb      a7, 52(sp)
core   0: 3 0x800007d8 (0x03410883) x17 0x0000006b mem 0x800109b3
core   0: 0x800007dc (0x30c67d93) andi    s11, a2, 780
core   0: 3 0x800007dc (0x30c67d93) x27 0x00000000
core   0: 0x800007e0 (0x01915e03) lhu     t3, 25(sp)
core   0: 3 0x800007e0 (0x01915e03) x28 0x000091dd mem 0x80010998
core   0: 0x800007e4 (0x02d25b33) divu    s6, tp, a3
core   0: 3 0x800007e4 (0x02d25b33) x22 0x00000000
core   0: 0x800007e8 (0xfd211ea3) sh      s2, -35(sp)
core   0: 3 0x800007e8 (0xfd211ea3) mem 0x8001095c 0x29ce
core   0: 0x800007ec (0x01999013) slli    zero, s3, 25
core   0: 3 0x800007ec (0x01999013)
core   0: 0x800007f0 (0xfe510d83) lb      s11, -27(sp)
core   0: 3 0x800007f0 (0xfe510d83) x27 0x0000004b mem 0x80010964
core   0: 0x800007f4 (0xfc614783) lbu     a5, -58(sp)
core   0: 3 0x800007f4 (0xfc614783) x15 0x00000035 mem 0x80010945
core   0: 0x800007f8 (0x00545233) srl     tp, s0, t0
core   0: 3 0x800007f8 (0x00545233) x 4 0x00000000
core   0: 0x800007fc (0x017db9b3) sltu    s3, s11, s7
core   0: 3 0x800007fc (0x017db9b3) x19 0x00000001
core   0: 0x80000800 (0x41be5c93) srai    s9, t3, 27
core   0: 3 0x80000800 (0x41be5c93) x25 0x00000000
core   0: 0x80000804 (0x00d114a3) sh      a3, 9(sp)
core   0: 3 0x80000804 (0x00d114a3) mem 0x80010988 0x007c
core   0: 0x80000808 (0x03310403) lb      s0, 51(sp)
core   0: 3 0x80000808 (0x03310403) x 8 0xffffff80 mem 0x800109b2
core   0: 0x8000080c (0x00010a03) lb      s4, 0(sp)
core   0: 3 0x8000080c (0x00010a03) x20 0xffffffc0 mem 0x8001097f
core   0: 0x80000810 (0x00a10303) lb      t1, 10(sp)
core   0: 3 0x80000810 (0x00a10303) x 6 0x00000000 mem 0x80010989
core   0: 0x80000814 (0x01101a13) slli    s4, zero, 17
core   0: 3 0x80000814 (0x01101a13) x20 0x00000000
core   0: 0x80000818 (0x00d55013) srli    zero, a0, 13
core   0: 3 0x80000818 (0x00d55013)
core   0: 0x8000081c (0xfda10f83) lb      t6, -38(sp)
core   0: 3 0x8000081c (0xfda10f83) x31 0x00000030 mem 0x80010959
core   0: 0x80000820 (0x02f8f733) remu    a4, a7, a5
core   0: 3 0x80000820 (0x02f8f733) x14 0x00000001
core   0: 0x80000824 (0xfc614503) lbu     a0, -58(sp)
core   0: 3 0x80000824 (0xfc614503) x10 0x00000035 mem 0x80010945
core   0: 0x80000828 (0x006dfdb3) and     s11, s11, t1
core   0: 3 0x80000828 (0x006dfdb3) x27 0x00000000
core   0: 0x8000082c (0x00d864b3) or      s1, a6, a3
core   0: 3 0x8000082c (0x00d864b3) x 9 0x80025e7c
core   0: 0x80000830 (0xfdf10703) lb      a4, -33(sp)
core   0: 3 0x80000830 (0xfdf10703) x14 0xffffffbf mem 0x8001095e
core   0: 0x80000834 (0xfe910c23) sb      s1, -8(sp)
core   0: 3 0x80000834 (0xfe910c23) mem 0x80010977 0x7c
core   0: 0x80000838 (0x02734fb3) div     t6, t1, t2
core   0: 3 0x80000838 (0x02734fb3) x31 0x00000000
core   0: 0x8000083c (0x0170d893) srli    a7, ra, 23
core   0: 3 0x8000083c (0x0170d893) x17 0x00000104
core   0: 0x80000840 (0xfd4114a3) sh      s4, -55(sp)
core   0: 3 0x80000840 (0xfd4114a3) mem 0x80010948 0x0000
core   0: 0x80000844 (0x40875713) srai    a4, a4, 8
core   0: 3 0x80000844 (0x40875713) x14 0xffffffff
core   0: 0x80000848 (0x0c7e6913) ori     s2, t3, 199
core   0: 3 0x80000848 (0x0c7e6913) x18 0x000091df
core   0: 0x8000084c (0x0147ab33) slt     s6, a5, s4
core   0: 3 0x8000084c (0x0147ab33) x22 0x00000000
core   0: 0x80000850 (0x0263bb33) mulhu   s6, t2, t1
core   0: 3 0x80000850 (0x0263bb33) x22 0x00000000
core   0: 0x80000854 (0xfe010d23) sb      zero, -6(sp)
core   0: 3 0x80000854 (0xfe010d23) mem 0x80010979 0x0
core   0: 0x80000858 (0x00a14a03) lbu     s4, 10(sp)
core   0: 3 0x80000858 (0x00a14a03) x20 0x00000000 mem 0x80010989
core   0: 0x8000085c (0x03f15c83) lhu     s9, 63(sp)
core   0: 3 0x8000085c (0x03f15c83) x25 0x0000c268 mem 0x800109be
core   0: 0x80000860 (0x0340bfb3) mulhu   t6, ra, s4
core   0: 3 0x80000860 (0x0340bfb3) x31 0x00000000
core   0: 0x80000864 (0x4d2cb293) sltiu   t0, s9, 1234
core   0: 3 0x80000864 (0x4d2cb293) x 5 0x00000000
core   0: 0x80000868 (0x01fb6533) or      a0, s6, t6
core   0: 3 0x80000868 (0x01fb6533) x10 0x00000000
core   0: 0x8000086c (0x01f85fb3) srl     t6, a6, t6
core   0: 3 0x8000086c (0x01f85fb3) x31 0x80025e64
core   0: 0x80000870 (0x012dc1b3) xor     gp, s11, s2
core   0: 3 0x80000870 (0x012dc1b3) x 3 0x000091df
core   0: 0x80000874 (0xb5534993) xori    s3, t1, -1195
core   0: 3 0x80000874 (0xb5534993) x19 0xfffffb55
core   0: 0x80000878 (0x00b108a3) sb      a1, 17(sp)
core   0: 3 0x80000878 (0x00b108a3) mem 0x80010990 0x0
core   0: 0x8000087c (0x0255acb3) mulhsu  s9, a1, t0
core   0: 3 0x8000087c (0x0255acb3) x25 0x00000000
core   0: 0x80000880 (0x40a6df33) sra     t5, a3, a0
core   0: 3 0x80000880 (0x40a6df33) x30 0x0000007c
core   0: 0x80000884 (0x00cfda93) srli    s5, t6, 12
core   0: 3 0x80000884 (0x00cfda93) x21 0x00080025
core   0: 0x80000888 (0x03a10d03) lb      s10, 58(sp)
core   0: 3 0x80000888 (0x03a10d03) x26 0x00000010 mem 0x800109b9
core   0: 0x8000088c (0x038115a3) sh      s8, 43(sp)
core   0: 3 0x8000088c (0x038115a3) mem 0x800109aa 0x9ce4
core   0: 0x80000890 (0x00010097) auipc   ra, 0x10
core   0: 3 0x80000890 (0x00010097) x 1 0x80010890
core   0: 0x80000894 (0x42108093) addi    ra, ra, 1057
core   0: 3 0x80000894 (0x42108093) x 1 0x80010cb1
core   0: 0x80000898 (0x03d2a5b3) mulhsu  a1, t0, t4
core   0: 3 0x80000898 (0x03d2a5b3) x11 0x00000000
core   0: 0x8000089c (0x03908003) lb      zero, 57(ra)
core   0: 3 0x8000089c (0x03908003) mem 0x80010cea
core   0: 0x800008a0 (0xfe508223) sb      t0, -28(ra)
core   0: 3 0x800008a0 (0xfe508223) mem 0x80010c95 0x0
core   0: 0x800008a4 (0xce78d9b7) lui     s3, 0xce78d
core   0: 3 0x800008a4 (0xce78d9b7) x19 0xce78d000
core   0: 0x800008a8 (0x41375913) srai    s2, a4, 19
core   0: 3 0x800008a8 (0x41375913) x18 0xffffffff
core   0: 0x800008ac (0x0228b533) mulhu   a0, a7, sp
core   0: 3 0x800008ac (0x0228b533) x10 0x00000082
core   0: 0x800008b0 (0xff70d003) lhu     zero, -9(ra)
core   0: 3 0x800008b0 (0xff70d003) mem 0x80010ca8
core   0: 0x800008b4 (0xff00c983) lbu     s3, -16(ra)
core   0: 3 0x800008b4 (0xff00c983) x19 0x0000008b mem 0x80010ca1
core   0: 0x800008b8 (0x00b0cb03) lbu     s6, 11(ra)
core   0: 3 0x800008b8 (0x00b0cb03) x22 0x0000000c mem 0x80010cbc
core   0: 0x800008bc (0x02fa8e33) mul     t3, s5, a5
core   0: 3 0x800008bc (0x02fa8e33) x28 0x01a807a9
core   0: 0x800008c0 (0x0199bdb3) sltu    s11, s3, s9
core   0: 3 0x800008c0 (0x0199bdb3) x27 0x00000000
core   0: 0x800008c4 (0x00000013) nop
core   0: 3 0x800008c4 (0x00000013)
core   0: 0x800008c8 (0x01f8d193) srli    gp, a7, 31
core   0: 3 0x800008c8 (0x01f8d193) x 3 0x00000000
core   0: 0x800008cc (0xfe1092a3) sh      ra, -27(ra)
core   0: 3 0x800008cc (0xfe1092a3) mem 0x80010c96 0x0cb1
core   0: 0x800008d0 (0xff90db83) lhu     s7, -7(ra)
core   0: 3 0x800008d0 (0xff90db83) x23 0x00006c97 mem 0x80010caa
core   0: 0x800008d4 (0xf19c6b13) ori     s6, s8, -231
core   0: 3 0x800008d4 (0xf19c6b13) x22 0xfffffffd
core   0: 0x800008d8 (0x02808823) sb      s0, 48(ra)
core   0: 3 0x800008d8 (0x02808823) mem 0x80010ce1 0x80
core   0: 0x800008dc (0x44f1a993) slti    s3, gp, 1103
core   0: 3 0x800008dc (0x44f1a993) x19 0x00000001
core   0: 0x800008e0 (0xfe30a683) lw      a3, -29(ra)
core   0: 3 0x800008e0 (0xfe30a683) x13 0x0cb10031 mem 0x80010c94
core   0: 0x800008e4 (0x03108a23) sb      a7, 52(ra)
core   0: 3 0x800008e4 (0x03108a23) mem 0x80010ce5 0x4
core   0: 0x800008e8 (0x0240cb83) lbu     s7, 36(ra)
core   0: 3 0x800008e8 (0x0240cb83) x23 0x000000d7 mem 0x80010cd5
core   0: 0x800008ec (0xfe408903) lb      s2, -28(ra)
core   0: 3 0x800008ec (0xfe408903) x18 0x00000000 mem 0x80010c95
core   0: 0x800008f0 (0x891cfc97) auipc   s9, 0x891cf
core   0: 3 0x800008f0 (0x891cfc97) x25 0x091cf8f0
core   0: 0x800008f4 (0xfc108023) sb      ra, -64(ra)
core   0: 3 0x800008f4 (0xfc108023) mem 0x80010c71 0xb1
core   0: 0x800008f8 (0xd05cf993) andi    s3, s9, -763
core   0: 3 0x800008f8 (0xd05cf993) x19 0x091cf800
core   0: 0x800008fc (0x36536e93) ori     t4, t1, 869
core   0: 3 0x800008fc (0x36536e93) x29 0x00000365
core   0: 0x80000900 (0xff60cb03) lbu     s6, -10(ra)
core   0: 3 0x80000900 (0xff60cb03) x22 0x000000c1 mem 0x80010ca7
core   0: 0x80000904 (0x03c08e83) lb      t4, 60(ra)
core   0: 3 0x80000904 (0x03c08e83) x29 0x0000004b mem 0x80010ced
core   0: 0x80000908 (0xfd0096a3) sh      a6, -51(ra)
core   0: 3 0x80000908 (0xfd0096a3) mem 0x80010c7e 0x5e64
core   0: 0x8000090c (0x5a4da893) slti    a7, s11, 1444
core   0: 3 0x8000090c (0x5a4da893) x17 0x00000001
core   0: 0x80000910 (0x38630c93) addi    s9, t1, 902
core   0: 3 0x80000910 (0x38630c93) x25 0x00000386
core   0: 0x80000914 (0xfea08b03) lb      s6, -22(ra)
core   0: 3 0x80000914 (0xfea08b03) x22 0xffffffed mem 0x80010c9b
core   0: 0x80000918 (0xfc408e23) sb      tp, -36(ra)
core   0: 3 0x80000918 (0xfc408e23) mem 0x80010c8d 0x0
core   0: 0x8000091c (0x00fa71b3) and     gp, s4, a5
core   0: 3 0x8000091c (0x00fa71b3) x 3 0x00000000
core   0: 0x80000920 (0x0230ac83) lw      s9, 35(ra)
core   0: 3 0x80000920 (0x0230ac83) x25 0x01b5d714 mem 0x80010cd4
core   0: 0x80000924 (0x37a2aa93) slti    s5, t0, 890
core   0: 3 0x80000924 (0x37a2aa93) x21 0x00000001
core   0: 0x80000928 (0xfc408703) lb      a4, -60(ra)
core   0: 3 0x80000928 (0xfc408703) x14 0xffffffa2 mem 0x80010c75
core   0: 0x8000092c (0x03a09ea3) sh      s10, 61(ra)
core   0: 3 0x8000092c (0x03a09ea3) mem 0x80010cee 0x0010
core   0: 0x80000930 (0x01708db3) add     s11, ra, s7
core   0: 3 0x80000930 (0x01708db3) x27 0x80010d88
core   0: 0x80000934 (0xfd208703) lb      a4, -46(ra)
core   0: 3 0x80000934 (0xfd208703) x14 0x0000005e mem 0x80010c83
core   0: 0x80000938 (0x018096a3) sh      s8, 13(ra)
core   0: 3 0x80000938 (0x018096a3) mem 0x80010cbe 0x9ce4
core   0: 0x8000093c (0x02808b83) lb      s7, 40(ra)
core   0: 3 0x8000093c (0x02808b83) x23 0xffffff9a mem 0x80010cd9
core   0: 0x80000940 (0xfca08823) sb      a0, -48(ra)
core   0: 3 0x80000940 (0xfca08823) mem 0x80010c81 0x82
core   0: 0x80000944 (0x0050c583) lbu     a1, 5(ra)
core   0: 3 0x80000944 (0x0050c583) x11 0x00000074 mem 0x80010cb6
core   0: 0x80000948 (0x02e08303) lb      t1, 46(ra)
core   0: 3 0x80000948 (0x02e08303) x 6 0xffffffa4 mem 0x80010cdf
core   0: 0x8000094c (0x02a08723) sb      a0, 46(ra)
core   0: 3 0x8000094c (0x02a08723) mem 0x80010cdf 0x82
core   0: 0x80000950 (0xfe508423) sb      t0, -24(ra)
core   0: 3 0x80000950 (0xfe508423) mem 0x80010c99 0x0
core   0: 0x80000954 (0x007d05b3) add     a1, s10, t2
core   0: 3 0x80000954 (0x007d05b3) x11 0xc0000010
core   0: 0x80000958 (0xff509d03) lh      s10, -11(ra)
core   0: 3 0x80000958 (0xff509d03) x26 0xffffc1f5 mem 0x80010ca6
core   0: 0x8000095c (0x00019117) auipc   sp, 0x19
core   0: 3 0x8000095c (0x00019117) x 2 0x8001995c
core   0: 0x80000960 (0x95810113) addi    sp, sp, -1704
core   0: 3 0x80000960 (0x95810113) x 2 0x800192b4
core   0: 0x80000964 (0x17f408b7) lui     a7, 0x17f40
core   0: 3 0x80000964 (0x17f408b7) x17 0x17f40000
core   0: 0x80000968 (0xf7314683) lbu     a3, -141(sp)
core   0: 3 0x80000968 (0xf7314683) x13 0x0000008d mem 0x80019227
core   0: 0x8000096c (0x0e110e03) lb      t3, 225(sp)
core   0: 3 0x8000096c (0x0e110e03) x28 0x00000004 mem 0x80019395
core   0: 0x80000970 (0x01314003) lbu     zero, 19(sp)
core   0: 3 0x80000970 (0x01314003) mem 0x800192c7
core   0: 0x80000974 (0xfbd10d03) lb      s10, -67(sp)
core   0: 3 0x80000974 (0xfbd10d03) x26 0x00000057 mem 0x80019271
core   0: 0x80000978 (0x0396b733) mulhu   a4, a3, s9
core   0: 3 0x80000978 (0x0396b733) x14 0x00000000
core   0: 0x8000097c (0x01e7f1b3) and     gp, a5, t5
core   0: 3 0x8000097c (0x01e7f1b3) x 3 0x00000034
core   0: 0x80000980 (0x033d17b3) mulh    a5, s10, s3
core   0: 3 0x80000980 (0x033d17b3) x15 0x00000003
core   0: 0x80000984 (0xfbb10003) lb      zero, -69(sp)
core   0: 3 0x80000984 (0xfbb10003) mem 0x8001926f
core   0: 0x80000988 (0x0365e033) rem     zero, a1, s6
core   0: 3 0x80000988 (0x0365e033)
core   0: 0x8000098c (0xf6b10ca3) sb      a1, -135(sp)
core   0: 3 0x8000098c (0xf6b10ca3) mem 0x8001922d 0x10
core   0: 0x80000990 (0x0ee11b03) lh      s6, 238(sp)
core   0: 3 0x80000990 (0x0ee11b03) x22 0x000060fd mem 0x800193a2
core   0: 0x80000994 (0x06114583) lbu     a1, 97(sp)
core   0: 3 0x80000994 (0x06114583) x11 0x00000019 mem 0x80019315
core   0: 0x80000998 (0xf9d14703) lbu     a4, -99(sp)
core   0: 3 0x80000998 (0xf9d14703) x14 0x00000063 mem 0x80019251
core   0: 0x8000099c (0x02fe6f33) rem     t5, t3, a5
core   0: 3 0x8000099c (0x02fe6f33) x30 0x00000001
core   0: 0x800009a0 (0xf1110d03) lb      s10, -239(sp)
core   0: 3 0x800009a0 (0xf1110d03) x26 0xfffffff9 mem 0x800191c5
core   0: 0x800009a4 (0x01310f83) lb      t6, 19(sp)
core   0: 3 0x800009a4 (0x01310f83) x31 0xfffffff5 mem 0x800192c7
core   0: 0x800009a8 (0xfcc12283) lw      t0, -52(sp)
core   0: 3 0x800009a8 (0xfcc12283) x 5 0xe9e30f34 mem 0x80019280
core   0: 0x800009ac (0xf58105a3) sb      s8, -181(sp)
core   0: 3 0x800009ac (0xf58105a3) mem 0x800191ff 0xe4
core   0: 0x800009b0 (0x07e10da3) sb      t5, 123(sp)
core   0: 3 0x800009b0 (0x07e10da3) mem 0x8001932f 0x1
core   0: 0x800009b4 (0x0e015903) lhu     s2, 224(sp)
core   0: 3 0x800009b4 (0x0e015903) x18 0x0000043f mem 0x80019394
core   0: 0x800009b8 (0x010be433) or      s0, s7, a6
core   0: 3 0x800009b8 (0x010be433) x 8 0xfffffffe
core   0: 0x800009bc (0xfdd10e03) lb      t3, -35(sp)
core   0: 3 0x800009bc (0xfdd10e03) x28 0xffffffbf mem 0x80019291
core   0: 0x800009c0 (0x09e10883) lb      a7, 158(sp)
core   0: 3 0x800009c0 (0x09e10883) x17 0x0000002b mem 0x80019352
core   0: 0x800009c4 (0xf7914583) lbu     a1, -135(sp)
core   0: 3 0x800009c4 (0xf7914583) x11 0x00000010 mem 0x8001922d
core   0: 0x800009c8 (0xaf47f193) andi    gp, a5, -1292
core   0: 3 0x800009c8 (0xaf47f193) x 3 0x00000000
core   0: 0x800009cc (0x41d45393) srai    t2, s0, 29
core   0: 3 0x800009cc (0x41d45393) x 7 0xffffffff
core   0: 0x800009d0 (0x0085a233) slt     tp, a1, s0
core   0: 3 0x800009d0 (0x0085a233) x 4 0x00000000
core   0: 0x800009d4 (0xfb912e23) sw      s9, -68(sp)
core   0: 3 0x800009d4 (0xfb912e23) mem 0x80019270 0x01b5d714
core   0: 0x800009d8 (0xfdd14e83) lbu     t4, -35(sp)
core   0: 3 0x800009d8 (0xfdd14e83) x29 0x000000bf mem 0x80019291
core   0: 0x800009dc (0x0001d417) auipc   s0, 0x1d
core   0: 3 0x800009dc (0x0001d417) x 8 0x8001d9dc
core   0: 0x800009e0 (0x16740413) addi    s0, s0, 359
core   0: 3 0x800009e0 (0x16740413) x 8 0x8001db43
core   0: 0x800009e4 (0x00b41183) lh      gp, 11(s0)
core   0: 3 0x800009e4 (0x00b41183) x 3 0x0000281d mem 0x8001db4e
core   0: 0x800009e8 (0xffd40903) lb      s2, -3(s0)
core   0: 3 0x800009e8 (0xffd40903) x18 0x0000004d mem 0x8001db40
core   0: 0x800009ec (0xffa42aa3) sw      s10, -11(s0)
core   0: 3 0x800009ec (0xffa42aa3) mem 0x8001db38 0xfffffff9
core   0: 0x800009f0 (0x035d71b3) remu    gp, s10, s5
core   0: 3 0x800009f0 (0x035d71b3) x 3 0x00000000
core   0: 0x800009f4 (0xff145f83) lhu     t6, -15(s0)
core   0: 3 0x800009f4 (0xff145f83) x31 0x0000d2fb mem 0x8001db34
core   0: 0x800009f8 (0x01dabf33) sltu    t5, s5, t4
core   0: 3 0x800009f8 (0x01dabf33) x30 0x00000001
core   0: 0x800009fc (0x01afd6b3) srl     a3, t6, s10
core   0: 3 0x800009fc (0x01afd6b3) x13 0x00000000
core   0: 0x80000a00 (0x01d40223) sb      t4, 4(s0)
core   0: 3 0x80000a00 (0x01d40223) mem 0x8001db47 0xbf
core   0: 0x80000a04 (0x029082b3) mul     t0, ra, s1
core   0: 3 0x80000a04 (0x029082b3) x 5 0xfc8d23bc
core   0: 0x80000a08 (0x00b45b03) lhu     s6, 11(s0)
core   0: 3 0x80000a08 (0x00b45b03) x22 0x0000281d mem 0x8001db4e
core   0: 0x80000a0c (0x00644203) lbu     tp, 6(s0)
core   0: 3 0x80000a0c (0x00644203) x 4 0x0000007d mem 0x8001db49
core   0: 0x80000a10 (0xff542183) lw      gp, -11(s0)
core   0: 3 0x80000a10 (0xff542183) x 3 0xfffffff9 mem 0x8001db38
core   0: 0x80000a14 (0xff044083) lbu     ra, -16(s0)
core   0: 3 0x80000a14 (0xff044083) x 1 0x000000ad mem 0x8001db33
core   0: 0x80000a18 (0x251a0593) addi    a1, s4, 593
core   0: 3 0x80000a18 (0x251a0593) x11 0x00000251
core   0: 0x80000a1c (0xd2f69237) lui     tp, 0xd2f69
core   0: 3 0x80000a1c (0xd2f69237) x 4 0xd2f69000
core   0: 0x80000a20 (0xff840103) lb      sp, -8(s0)
core   0: 3 0x80000a20 (0xff840103) x 2 0xffffffff mem 0x8001db3b
core   0: 0x80000a24 (0xfff41583) lh      a1, -1(s0)
core   0: 3 0x80000a24 (0xfff41583) x11 0xffff9991 mem 0x8001db42
core   0: 0x80000a28 (0xfe041da3) sh      zero, -5(s0)
core   0: 3 0x80000a28 (0xfe041da3) mem 0x8001db3e 0x0000
core   0: 0x80000a2c (0xff540e03) lb      t3, -11(s0)
core   0: 3 0x80000a2c (0xff540e03) x28 0xfffffff9 mem 0x8001db38
core   0: 0x80000a30 (0x019401a3) sb      s9, 3(s0)
core   0: 3 0x80000a30 (0x019401a3) mem 0x8001db46 0x14
core   0: 0x80000a34 (0xb9b70493) addi    s1, a4, -1125
core   0: 3 0x80000a34 (0xb9b70493) x 9 0xfffffbfe
core   0: 0x80000a38 (0xfee41ea3) sh      a4, -3(s0)
core   0: 3 0x80000a38 (0xfee41ea3) mem 0x8001db40 0x0063
core   0: 0x80000a3c (0x65f43d13) sltiu   s10, s0, 1631
core   0: 3 0x80000a3c (0x65f43d13) x26 0x00000000
core   0: 0x80000a40 (0x011f7b33) and     s6, t5, a7
core   0: 3 0x80000a40 (0x011f7b33) x22 0x00000001
core   0: 0x80000a44 (0xffc40f23) sb      t3, -2(s0)
core   0: 3 0x80000a44 (0xffc40f23) mem 0x8001db41 0xf9
core   0: 0x80000a48 (0xff640103) lb      sp, -10(s0)
core   0: 3 0x80000a48 (0xff640103) x 2 0xffffffff mem 0x8001db39
core   0: 0x80000a4c (0x01840723) sb      s8, 14(s0)
core   0: 3 0x80000a4c (0x01840723) mem 0x8001db51 0xe4
core   0: 0x80000a50 (0xff440e03) lb      t3, -12(s0)
core   0: 3 0x80000a50 (0xff440e03) x28 0x0000001d mem 0x8001db37
core   0: 0x80000a54 (0x01044783) lbu     a5, 16(s0)
core   0: 3 0x80000a54 (0x01044783) x15 0x00000097 mem 0x8001db53
core   0: 0x80000a58 (0x42798d93) addi    s11, s3, 1063
core   0: 3 0x80000a58 (0x42798d93) x27 0x091cfc27
core   0: 0x80000a5c (0x01a417a3) sh      s10, 15(s0)
core   0: 3 0x80000a5c (0x01a417a3) mem 0x8001db52 0x0000
core   0: 0x80000a60 (0x013404a3) sb      s3, 9(s0)
core   0: 3 0x80000a60 (0x013404a3) mem 0x8001db4c 0x0
core   0: 0x80000a64 (0x0044f533) and     a0, s1, tp
core   0: 3 0x80000a64 (0x0044f533) x10 0xd2f69000
core   0: 0x80000a68 (0x41e65e13) srai    t3, a2, 30
core   0: 3 0x80000a68 (0x41e65e13) x28 0xfffffffe
core   0: 0x80000a6c (0x028f4db3) div     s11, t5, s0
core   0: 3 0x80000a6c (0x028f4db3) x27 0x00000000
core   0: 0x80000a70 (0x0092dd33) srl     s10, t0, s1
core   0: 3 0x80000a70 (0x0092dd33) x26 0x00000003
core   0: 0x80000a74 (0x00c44703) lbu     a4, 12(s0)
core   0: 3 0x80000a74 (0x00c44703) x14 0x00000028 mem 0x8001db4f
core   0: 0x80000a78 (0x00c40f03) lb      t5, 12(s0)
core   0: 3 0x80000a78 (0x00c40f03) x30 0x00000028 mem 0x8001db4f
core   0: 0x80000a7c (0xff741da3) sh      s7, -5(s0)
core   0: 3 0x80000a7c (0xff741da3) mem 0x8001db3e 0xff9a
core   0: 0x80000a80 (0x020b76b3) remu    a3, s6, zero
core   0: 3 0x80000a80 (0x020b76b3) x13 0x00000001
core   0: 0x80000a84 (0xffb40c23) sb      s11, -8(s0)
core   0: 3 0x80000a84 (0xffb40c23) mem 0x8001db3b 0x0
core   0: 0x80000a88 (0x00d40823) sb      a3, 16(s0)
core   0: 3 0x80000a88 (0x00d40823) mem 0x8001db53 0x1
core   0: 0x80000a8c (0x03f63933) mulhu   s2, a2, t6
core   0: 3 0x80000a8c (0x03f63933) x18 0x0000697d
core   0: 0x80000a90 (0x00d39033) sll     zero, t2, a3
core   0: 3 0x80000a90 (0x00d39033)
core   0: 0x80000a94 (0x00000013) nop
core   0: 3 0x80000a94 (0x00000013)
core   0: 0x80000a98 (0x01d40423) sb      t4, 8(s0)
core   0: 3 0x80000a98 (0x01d40423) mem 0x8001db4b 0xbf
core   0: 0x80000a9c (0x01ce8f33) add     t5, t4, t3
core   0: 3 0x80000a9c (0x01ce8f33) x30 0x000000bd
core   0: 0x80000aa0 (0x02a384b3) mul     s1, t2, a0
core   0: 3 0x80000aa0 (0x02a384b3) x 9 0x2d097000
core   0: 0x80000aa4 (0xa51c7a13) andi    s4, s8, -1455
core   0: 3 0x80000aa4 (0xa51c7a13) x20 0x80029840
core   0: 0x80000aa8 (0x01bf71b3) and     gp, t5, s11
core   0: 3 0x80000aa8 (0x01bf71b3) x 3 0x00000000
core   0: 0x80000aac (0x01797333) and     t1, s2, s7
core   0: 3 0x80000aac (0x01797333) x 6 0x00006918
core   0: 0x80000ab0 (0xff444003) lbu     zero, -12(s0)
core   0: 3 0x80000ab0 (0xff444003) mem 0x8001db37
core   0: 0x80000ab4 (0x0001fe97) auipc   t4, 0x1f
core   0: 3 0x80000ab4 (0x0001fe97) x29 0x8001fab4
core   0: 0x80000ab8 (0xdb0e8e93) addi    t4, t4, -592
core   0: 3 0x80000ab8 (0xdb0e8e93) x29 0x8001f864
core   0: 0x80000abc (0x021c5e33) divu    t3, s8, ra
core   0: 3 0x80000abc (0x021c5e33) x28 0x00bd6cee
core   0: 0x80000ac0 (0xffcec503) lbu     a0, -4(t4)
core   0: 3 0x80000ac0 (0xffcec503) x10 0x0000001e mem 0x8001f860
core   0: 0x80000ac4 (0x1425b237) lui     tp, 0x1425b
core   0: 3 0x80000ac4 (0x1425b237) x 4 0x1425b000
core   0: 0x80000ac8 (0x00de8103) lb      sp, 13(t4)
core   0: 3 0x80000ac8 (0x00de8103) x 2 0xffffff97 mem 0x8001f871
core   0: 0x80000acc (0x005e8023) sb      t0, 0(t4)
core   0: 3 0x80000acc (0x005e8023) mem 0x8001f864 0xbc
core   0: 0x80000ad0 (0x00e864b3) or      s1, a6, a4
core   0: 3 0x80000ad0 (0x00e864b3) x 9 0x80025e6c
core   0: 0x80000ad4 (0x002ed883) lhu     a7, 2(t4)
core   0: 3 0x80000ad4 (0x002ed883) x17 0x0000eafa mem 0x8001f866
core   0: 0x80000ad8 (0x005e8783) lb      a5, 5(t4)
core   0: 3 0x80000ad8 (0x005e8783) x15 0x00000039 mem 0x8001f869
core   0: 0x80000adc (0xffaecf83) lbu     t6, -6(t4)
core   0: 3 0x80000adc (0xffaecf83) x31 0x0000008d mem 0x8001f85e
core   0: 0x80000ae0 (0x01ee87a3) sb      t5, 15(t4)
core   0: 3 0x80000ae0 (0x01ee87a3) mem 0x8001f873 0xbd
core   0: 0x80000ae4 (0x012e83a3) sb      s2, 7(t4)
core   0: 3 0x80000ae4 (0x012e83a3) mem 0x8001f86b 0x7d
core   0: 0x80000ae8 (0x639c8093) addi    ra, s9, 1593
core   0: 3 0x80000ae8 (0x639c8093) x 1 0x01b5dd4d
core   0: 0x80000aec (0x2bb44693) xori    a3, s0, 699
core   0: 3 0x80000aec (0x2bb44693) x13 0x8001d9f8
core   0: 0x80000af0 (0xfe1ea823) sw      ra, -16(t4)
core   0: 3 0x80000af0 (0xfe1ea823) mem 0x8001f854 0x01b5dd4d
core   0: 0x80000af4 (0x34907993) andi    s3, zero, 841
core   0: 3 0x80000af4 (0x34907993) x19 0x00000000
core   0: 0x80000af8 (0x0225e533) rem     a0, a1, sp
core   0: 3 0x80000af8 (0x0225e533) x10 0xffffffb2
core   0: 0x80000afc (0x03b5e133) rem     sp, a1, s11
core   0: 3 0x80000afc (0x03b5e133) x 2 0xffff9991
core   0: 0x80000b00 (0xff6edf83) lhu     t6, -10(t4)
core   0: 3 0x80000b00 (0xff6edf83) x31 0x00009bc1 mem 0x8001f85a
core   0: 0x80000b04 (0x00ed6cb3) or      s9, s10, a4
core   0: 3 0x80000b04 (0x00ed6cb3) x25 0x0000002b
core   0: 0x80000b08 (0x001ec683) lbu     a3, 1(t4)
core   0: 3 0x80000b08 (0x001ec683) x13 0x00000041 mem 0x8001f865
core   0: 0x80000b0c (0x036e17b3) mulh    a5, t3, s6
core   0: 3 0x80000b0c (0x036e17b3) x15 0x00000000
core   0: 0x80000b10 (0xffbabb13) sltiu   s6, s5, -5
core   0: 3 0x80000b10 (0xffbabb13) x22 0x00000001
core   0: 0x80000b14 (0x00dd8cb3) add     s9, s11, a3
core   0: 3 0x80000b14 (0x00dd8cb3) x25 0x00000041
core   0: 0x80000b18 (0x014e87a3) sb      s4, 15(t4)
core   0: 3 0x80000b18 (0x014e87a3) mem 0x8001f873 0x40
core   0: 0x80000b1c (0xff5ece03) lbu     t3, -11(t4)
core   0: 3 0x80000b1c (0xff5ece03) x28 0x0000002b mem 0x8001f859
core   0: 0x80000b20 (0xff1e9c23) sh      a7, -8(t4)
core   0: 3 0x80000b20 (0xff1e9c23) mem 0x8001f85c 0xeafa
core   0: 0x80000b24 (0xff2e9383) lh      t2, -14(t4)
core   0: 3 0x80000b24 (0xff2e9383) x 7 0x000001b5 mem 0x8001f856
core   0: 0x80000b28 (0x0001f117) auipc   sp, 0x1f
core   0: 3 0x80000b28 (0x0001f117) x 2 0x8001fb28
core   0: 0x80000b2c (0xeaf10113) addi    sp, sp, -337
core   0: 3 0x80000b2c (0xeaf10113) x 2 0x8001f9d7
core   0: 0x80000b30 (0xfef15403) lhu     s0, -17(sp)
core   0: 3 0x80000b30 (0xfef15403) x 8 0x00001367 mem 0x8001f9c6
core   0: 0x80000b34 (0x037fd7b3) divu    a5, t6, s7
core   0: 3 0x80000b34 (0x037fd7b3) x15 0x00000000
core   0: 0x80000b38 (0x09840d93) addi    s11, s0, 152
core   0: 3 0x80000b38 (0x09840d93) x27 0x000013ff
core   0: 0x80000b3c (0xfc512c83) lw      s9, -59(sp)
core   0: 3 0x80000b3c (0xfc512c83) x25 0x8538e663 mem 0x8001f99c
core   0: 0x80000b40 (0x02afd533) divu    a0, t6, a0
core   0: 3 0x80000b40 (0x02afd533) x10 0x00000000
core   0: 0x80000b44 (0xff515703) lhu     a4, -11(sp)
core   0: 3 0x80000b44 (0xff515703) x14 0x00002d43 mem 0x8001f9cc
core   0: 0x80000b48 (0x00310083) lb      ra, 3(sp)
core   0: 3 0x80000b48 (0x00310083) x 1 0xfffffff0 mem 0x8001f9da
core   0: 0x80000b4c (0x00bd5233) srl     tp, s10, a1
core   0: 3 0x80000b4c (0x00bd5233) x 4 0x00000000
core   0: 0x80000b50 (0x00f4de33) srl     t3, s1, a5
core   0: 3 0x80000b50 (0x00f4de33) x28 0x80025e6c
core   0: 0x80000b54 (0x02010023) sb      zero, 32(sp)
core   0: 3 0x80000b54 (0x02010023) mem 0x8001f9f7 0x0
core   0: 0x80000b58 (0xff912983) lw      s3, -7(sp)
core   0: 3 0x80000b58 (0xff912983) x19 0x2eaf89c7 mem 0x8001f9d0
core   0: 0x80000b5c (0x00b10783) lb      a5, 11(sp)
core   0: 3 0x80000b5c (0x00b10783) x15 0x0000000a mem 0x8001f9e2
core   0: 0x80000b60 (0x038119a3) sh      s8, 51(sp)
core   0: 3 0x80000b60 (0x038119a3) mem 0x8001fa0a 0x9ce4
core   0: 0x80000b64 (0x014db2b3) sltu    t0, s11, s4
core   0: 3 0x80000b64 (0x014db2b3) x 5 0x00000001
core   0: 0x80000b68 (0xfd814483) lbu     s1, -40(sp)
core   0: 3 0x80000b68 (0xfd814483) x 9 0x000000c9 mem 0x8001f9af
core   0: 0x80000b6c (0xd4627e13) andi    t3, tp, -698
core   0: 3 0x80000b6c (0xd4627e13) x28 0x00000000
core   0: 0x80000b70 (0xfc110ea3) sb      ra, -35(sp)
core   0: 3 0x80000b70 (0xfc110ea3) mem 0x8001f9b4 0xf0
core   0: 0x80000b74 (0x00a10923) sb      a0, 18(sp)
core   0: 3 0x80000b74 (0x00a10923) mem 0x8001f9e9 0x0
core   0: 0x80000b78 (0xfc014403) lbu     s0, -64(sp)
core   0: 3 0x80000b78 (0xfc014403) x 8 0x000000d4 mem 0x8001f997
core   0: 0x80000b7c (0xedc3bfb7) lui     t6, 0xedc3b
core   0: 3 0x80000b7c (0xedc3bfb7) x31 0xedc3b000
core   0: 0x80000b80 (0x00014903) lbu     s2, 0(sp)
core   0: 3 0x80000b80 (0x00014903) x18 0x0000005f mem 0x8001f9d7
core   0: 0x80000b84 (0xfe810923) sb      s0, -14(sp)
core   0: 3 0x80000b84 (0xfe810923) mem 0x8001f9c9 0xd4
core   0: 0x80000b88 (0x405706b3) sub     a3, a4, t0
core   0: 3 0x80000b88 (0x405706b3) x13 0x00002d42
core   0: 0x80000b8c (0x03214483) lbu     s1, 50(sp)
core   0: 3 0x80000b8c (0x03214483) x 9 0x00000028 mem 0x8001fa09
core   0: 0x80000b90 (0x00514e03) lbu     t3, 5(sp)
core   0: 3 0x80000b90 (0x00514e03) x28 0x00000002 mem 0x8001f9dc
core   0: 0x80000b94 (0x03a106a3) sb      s10, 45(sp)
core   0: 3 0x80000b94 (0x03a106a3) mem 0x8001fa04 0x3
core   0: 0x80000b98 (0xff010e83) lb      t4, -16(sp)
core   0: 3 0x80000b98 (0xff010e83) x29 0x00000013 mem 0x8001f9c7
core   0: 0x80000b9c (0xfc010b23) sb      zero, -42(sp)
core   0: 3 0x80000b9c (0xfc010b23) mem 0x8001f9ad 0x0
core   0: 0x80000ba0 (0x00a14783) lbu     a5, 10(sp)
core   0: 3 0x80000ba0 (0x00a14783) x15 0x0000009b mem 0x8001f9e1
core   0: 0x80000ba4 (0x00f115a3) sh      a5, 11(sp)
core   0: 3 0x80000ba4 (0x00f115a3) mem 0x8001f9e2 0x009b
core   0: 0x80000ba8 (0x00531db3) sll     s11, t1, t0
core   0: 3 0x80000ba8 (0x00531db3) x27 0x0000d230
core   0: 0x80000bac (0x01e7e8b3) or      a7, a5, t5
core   0: 3 0x80000bac (0x01e7e8b3) x17 0x000000bf
core   0: 0x80000bb0 (0x00114503) lbu     a0, 1(sp)
core   0: 3 0x80000bb0 (0x00114503) x10 0x0000002f mem 0x8001f9d8
core   0: 0x80000bb4 (0xc8a5a393) slti    t2, a1, -886
core   0: 3 0x80000bb4 (0xc8a5a393) x 7 0x00000001
core   0: 0x80000bb8 (0xffd104a3) sb      t4, -23(sp)
core   0: 3 0x80000bb8 (0xffd104a3) mem 0x8001f9c0 0x13
core   0: 0x80000bbc (0x0197f033) and     zero, a5, s9
core   0: 3 0x80000bbc (0x0197f033)
core   0: 0x80000bc0 (0x01779533) sll     a0, a5, s7
core   0: 3 0x80000bc0 (0x01779533) x10 0x6c000000
core   0: 0x80000bc4 (0x00510923) sb      t0, 18(sp)
core   0: 3 0x80000bc4 (0x00510923) mem 0x8001f9e9 0x1
core   0: 0x80000bc8 (0xfda10683) lb      a3, -38(sp)
core   0: 3 0x80000bc8 (0xfda10683) x13 0xffffff99 mem 0x8001f9b1
core   0: 0x80000bcc (0x02710e23) sb      t2, 60(sp)
core   0: 3 0x80000bcc (0x02710e23) mem 0x8001fa13 0x1
core   0: 0x80000bd0 (0x01014383) lbu     t2, 16(sp)
core   0: 3 0x80000bd0 (0x01014383) x 7 0x0000002f mem 0x8001f9e7
core   0: 0x80000bd4 (0x00016417) auipc   s0, 0x16
core   0: 3 0x80000bd4 (0x00016417) x 8 0x80016bd4
core   0: 0x80000bd8 (0x14240413) addi    s0, s0, 322
core   0: 3 0x80000bd8 (0x14240413) x 8 0x80016d16
core   0: 0x80000bdc (0x41ba0033) sub     zero, s4, s11
core   0: 3 0x80000bdc (0x41ba0033)
core   0: 0x80000be0 (0x00744c83) lbu     s9, 7(s0)
core   0: 3 0x80000be0 (0x00744c83) x25 0x00000090 mem 0x80016d1d
core   0: 0x80000be4 (0xffc41b03) lh      s6, -4(s0)
core   0: 3 0x80000be4 (0xffc41b03) x22 0xffff9bc6 mem 0x80016d12
core   0: 0x80000be8 (0x00f40103) lb      sp, 15(s0)
core   0: 3 0x80000be8 (0x00f40103) x 2 0xffffffb4 mem 0x80016d25
core   0: 0x80000bec (0xff744183) lbu     gp, -9(s0)
core   0: 3 0x80000bec (0xff744183) x 3 0x000000f8 mem 0x80016d0d
core   0: 0x80000bf0 (0x02a50eb3) mul     t4, a0, a0
core   0: 3 0x80000bf0 (0x02a50eb3) x29 0x00000000
core   0: 0x80000bf4 (0x41d75933) sra     s2, a4, t4
core   0: 3 0x80000bf4 (0x41d75933) x18 0x00002d43
core   0: 0x80000bf8 (0xffd44b83) lbu     s7, -3(s0)
core   0: 3 0x80000bf8 (0xffd44b83) x23 0x0000009b mem 0x80016d13
core   0: 0x80000bfc (0xfe240823) sb      sp, -16(s0)
core   0: 3 0x80000bfc (0xfe240823) mem 0x80016d06 0xb4
core   0: 0x80000c00 (0x02eee0b3) rem     ra, t4, a4
core   0: 3 0x80000c00 (0x02eee0b3) x 1 0x00000000
core   0: 0x80000c04 (0xffc40003) lb      zero, -4(s0)
core   0: 3 0x80000c04 (0xffc40003) mem 0x80016d12
core   0: 0x80000c08 (0x01341723) sh      s3, 14(s0)
core   0: 3 0x80000c08 (0x01341723) mem 0x80016d24 0x89c7
core   0: 0x80000c0c (0x4043d233) sra     tp, t2, tp
core   0: 3 0x80000c0c (0x4043d233) x 4 0x0000002f
core   0: 0x80000c10 (0xfe440aa3) sb      tp, -11(s0)
core   0: 3 0x80000c10 (0xfe440aa3) mem 0x80016d0b 0x2f
core   0: 0x80000c14 (0x00c452b3) srl     t0, s0, a2
core   0: 3 0x80000c14 (0x00c452b3) x 5 0x80016d16
core   0: 0x80000c18 (0xe542fa37) lui     s4, 0xe542f
core   0: 3 0x80000c18 (0xe542fa37) x20 0xe542f000
core   0: 0x80000c1c (0x00311093) slli    ra, sp, 3
core   0: 3 0x80000c1c (0x00311093) x 1 0xfffffda0
core   0: 0x80000c20 (0x00440083) lb      ra, 4(s0)
core   0: 3 0x80000c20 (0x00440083) x 1 0x00000038 mem 0x80016d1a
core   0: 0x80000c24 (0x029b0d33) mul     s10, s6, s1
core   0: 3 0x80000c24 (0x029b0d33) x26 0xfff056f0
core   0: 0x80000c28 (0x03b84033) div     zero, a6, s11
core   0: 3 0x80000c28 (0x03b84033)
core   0: 0x80000c2c (0xfff40983) lb      s3, -1(s0)
core   0: 3 0x80000c2c (0xfff40983) x19 0x00000033 mem 0x80016d15
core   0: 0x80000c30 (0xfff40883) lb      a7, -1(s0)
core   0: 3 0x80000c30 (0xfff40883) x17 0x00000033 mem 0x80016d15
core   0: 0x80000c34 (0xffe41003) lh      zero, -2(s0)
core   0: 3 0x80000c34 (0xffe41003) mem 0x80016d14
core   0: 0x80000c38 (0xff841903) lh      s2, -8(s0)
core   0: 3 0x80000c38 (0xff841903) x18 0x00007ac7 mem 0x80016d0e
core   0: 0x80000c3c (0x00844b83) lbu     s7, 8(s0)
core   0: 3 0x80000c3c (0x00844b83) x23 0x0000006b mem 0x80016d1e
core   0: 0x80000c40 (0x037789b3) mul     s3, a5, s7
core   0: 3 0x80000c40 (0x037789b3) x19 0x000040c9
core   0: 0x80000c44 (0x00c44483) lbu     s1, 12(s0)
core   0: 3 0x80000c44 (0x00c44483) x 9 0x00000064 mem 0x80016d22
core   0: 0x80000c48 (0x00e40783) lb      a5, 14(s0)
core   0: 3 0x80000c48 (0x00e40783) x15 0xffffffc7 mem 0x80016d24
core   0: 0x80000c4c (0xfcc0fa13) andi    s4, ra, -52
core   0: 3 0x80000c4c (0xfcc0fa13) x20 0x00000008
core   0: 0x80000c50 (0x02e5de33) divu    t3, a1, a4
core   0: 3 0x80000c50 (0x02e5de33) x28 0x0005a7ec
core   0: 0x80000c54 (0xff944e03) lbu     t3, -7(s0)
core   0: 3 0x80000c54 (0xff944e03) x28 0x0000007a mem 0x80016d0f
core   0: 0x80000c58 (0xfe0409a3) sb      zero, -13(s0)
core   0: 3 0x80000c58 (0xfe0409a3) mem 0x80016d09 0x0
core   0: 0x80000c5c (0x00e42d03) lw      s10, 14(s0)
core   0: 3 0x80000c5c (0x00e42d03) x26 0x847b89c7 mem 0x80016d24
core   0: 0x80000c60 (0x00844583) lbu     a1, 8(s0)
core   0: 3 0x80000c60 (0x00844583) x11 0x0000006b mem 0x80016d1e
core   0: 0x80000c64 (0xffc41503) lh      a0, -4(s0)
core   0: 3 0x80000c64 (0xffc41503) x10 0xffff9bc6 mem 0x80016d12
core   0: 0x80000c68 (0x00040f83) lb      t6, 0(s0)
core   0: 3 0x80000c68 (0x00040f83) x31 0x00000055 mem 0x80016d16
core   0: 0x80000c6c (0x00244583) lbu     a1, 2(s0)
core   0: 3 0x80000c6c (0x00244583) x11 0x00000054 mem 0x80016d18
core   0: 0x80000c70 (0x00e42703) lw      a4, 14(s0)
core   0: 3 0x80000c70 (0x00e42703) x14 0x847b89c7 mem 0x80016d24
core   0: 0x80000c74 (0x00cf22b3) slt     t0, t5, a2
core   0: 3 0x80000c74 (0x00cf22b3) x 5 0x00000000
core   0: 0x80000c78 (0x9d1227b7) lui     a5, 0x9d122
core   0: 3 0x80000c78 (0x9d1227b7) x15 0x9d122000
core   0: 0x80000c7c (0xff944e03) lbu     t3, -7(s0)
core   0: 3 0x80000c7c (0xff944e03) x28 0x0000007a mem 0x80016d0f
core   0: 0x80000c80 (0x00b400a3) sb      a1, 1(s0)
core   0: 3 0x80000c80 (0x00b400a3) mem 0x80016d17 0x54
core   0: 0x80000c84 (0xffe42e03) lw      t3, -2(s0)
core   0: 3 0x80000c84 (0xffe42e03) x28 0x545533e9 mem 0x80016d14
core   0: 0x80000c88 (0x01440123) sb      s4, 2(s0)
core   0: 3 0x80000c88 (0x01440123) mem 0x80016d18 0x8
core   0: 0x80000c8c (0x00011197) auipc   gp, 0x11
core   0: 3 0x80000c8c (0x00011197) x 3 0x80011c8c
core   0: 0x80000c90 (0xdc618193) addi    gp, gp, -570
core   0: 3 0x80000c90 (0xdc618193) x 3 0x80011a52
core   0: 0x80000c94 (0x015b8133) add     sp, s7, s5
core   0: 3 0x80000c94 (0x015b8133) x 2 0x0000006c
core   0: 0x80000c98 (0x08b1c983) lbu     s3, 139(gp)
core   0: 3 0x80000c98 (0x08b1c983) x19 0x0000007d mem 0x80011add
core   0: 0x80000c9c (0x0a518583) lb      a1, 165(gp)
core   0: 3 0x80000c9c (0x0a518583) x11 0x00000023 mem 0x80011af7
core   0: 0x80000ca0 (0xf0018f03) lb      t5, -256(gp)
core   0: 3 0x80000ca0 (0xf0018f03) x30 0x0000004a mem 0x80011952
core   0: 0x80000ca4 (0x03db5533) divu    a0, s6, t4
core   0: 3 0x80000ca4 (0x03db5533) x10 0xffffffff
core   0: 0x80000ca8 (0xf001a523) sw      zero, -246(gp)
core   0: 3 0x80000ca8 (0xf001a523) mem 0x8001195c 0x00000000
core   0: 0x80000cac (0x0151ff33) and     t5, gp, s5
core   0: 3 0x80000cac (0x0151ff33) x30 0x00000000
core   0: 0x80000cb0 (0xfb719c23) sh      s7, -72(gp)
core   0: 3 0x80000cb0 (0xfb719c23) mem 0x80011a0a 0x006b
core   0: 0x80000cb4 (0x03bc93b3) mulh    t2, s9, s11
core   0: 3 0x80000cb4 (0x03bc93b3) x 7 0x00000000
core   0: 0x80000cb8 (0xf1019b03) lh      s6, -240(gp)
core   0: 3 0x80000cb8 (0xf1019b03) x22 0x00006bbf mem 0x80011962
core   0: 0x80000cbc (0x00749f33) sll     t5, s1, t2
core   0: 3 0x80000cbc (0x00749f33) x30 0x00000064
core   0: 0x80000cc0 (0x0d419223) sh      s4, 196(gp)
core   0: 3 0x80000cc0 (0x0d419223) mem 0x80011b16 0x0008
core   0: 0x80000cc4 (0x0281cb83) lbu     s7, 40(gp)
core   0: 3 0x80000cc4 (0x0281cb83) x23 0x000000c4 mem 0x80011a7a
core   0: 0x80000cc8 (0xff218f03) lb      t5, -14(gp)
core   0: 3 0x80000cc8 (0xff218f03) x30 0xfffffffc mem 0x80011a44
core   0: 0x80000ccc (0xf0718403) lb      s0, -249(gp)
core   0: 3 0x80000ccc (0xf0718403) x 8 0x00000039 mem 0x80011959
core   0: 0x80000cd0 (0x04f1c403) lbu     s0, 79(gp)
core   0: 3 0x80000cd0 (0x04f1c403) x 8 0x00000064 mem 0x80011aa1
core   0: 0x80000cd4 (0x01118b03) lb      s6, 17(gp)
core   0: 3 0x80000cd4 (0x01118b03) x22 0x00000058 mem 0x80011a63
core   0: 0x80000cd8 (0x12464413) xori    s0, a2, 292
core   0: 3 0x80000cd8 (0x12464413) x 8 0x80000124
core   0: 0x80000cdc (0xf9b18003) lb      zero, -101(gp)
core   0: 3 0x80000cdc (0xf9b18003) mem 0x800119ed
core   0: 0x80000ce0 (0x030a6e33) rem     t3, s4, a6
core   0: 3 0x80000ce0 (0x030a6e33) x28 0x00000008
core   0: 0x80000ce4 (0x04b19c23) sh      a1, 88(gp)
core   0: 3 0x80000ce4 (0x04b19c23) mem 0x80011aaa 0x0023
core   0: 0x80000ce8 (0x2a848b93) addi    s7, s1, 680
core   0: 3 0x80000ce8 (0x2a848b93) x23 0x0000030c
core   0: 0x80000cec (0x0231cf83) lbu     t6, 35(gp)
core   0: 3 0x80000cec (0x0231cf83) x31 0x0000003a mem 0x80011a75
core   0: 0x80000cf0 (0xf4e18aa3) sb      a4, -171(gp)
core   0: 3 0x80000cf0 (0xf4e18aa3) mem 0x800119a7 0xc7
core   0: 0x80000cf4 (0xfde182a3) sb      t5, -59(gp)
core   0: 3 0x80000cf4 (0xfde182a3) mem 0x80011a17 0xfc
core   0: 0x80000cf8 (0x0b61a903) lw      s2, 182(gp)
core   0: 3 0x80000cf8 (0x0b61a903) x18 0x2f9ede67 mem 0x80011b08
core   0: 0x80000cfc (0xf6f18023) sb      a5, -160(gp)
core   0: 3 0x80000cfc (0xf6f18023) mem 0x800119b2 0x0
core   0: 0x80000d00 (0x8bf9ed17) auipc   s10, 0x8bf9e
core   0: 3 0x80000d00 (0x8bf9ed17) x26 0x0bf9ed00
core   0: 0x80000d04 (0xf6118103) lb      sp, -159(gp)
core   0: 3 0x80000d04 (0xf6118103) x 2 0x00000004 mem 0x800119b3
core   0: 0x80000d08 (0xff418aa3) sb      s4, -11(gp)
core   0: 3 0x80000d08 (0xff418aa3) mem 0x80011a47 0x8
core   0: 0x80000d0c (0x0421ad23) sw      sp, 90(gp)
core   0: 3 0x80000d0c (0x0421ad23) mem 0x80011aac 0x00000004
core   0: 0x80000d10 (0xf281d483) lhu     s1, -216(gp)
core   0: 3 0x80000d10 (0xf281d483) x 9 0x0000923a mem 0x8001197a
core   0: 0x80000d14 (0x03e20433) mul     s0, tp, t5
core   0: 3 0x80000d14 (0x03e20433) x 8 0xffffff44
core   0: 0x80000d18 (0xfac185a3) sb      a2, -85(gp)
core   0: 3 0x80000d18 (0xfac185a3) mem 0x800119fd 0x0
core   0: 0x80000d1c (0x0a918323) sb      s1, 166(gp)
core   0: 3 0x80000d1c (0x0a918323) mem 0x80011af8 0x3a
core   0: 0x80000d20 (0x03c57733) remu    a4, a0, t3
core   0: 3 0x80000d20 (0x03c57733) x14 0x00000007
core   0: 0x80000d24 (0x0087c9b3) xor     s3, a5, s0
core   0: 3 0x80000d24 (0x0087c9b3) x19 0x62eddf44
core   0: 0x80000d28 (0x03f18aa3) sb      t6, 53(gp)
core   0: 3 0x80000d28 (0x03f18aa3) mem 0x80011a87 0x3a
core   0: 0x80000d2c (0x00010117) auipc   sp, 0x10
core   0: 3 0x80000d2c (0x00010117) x 2 0x80010d2c
core   0: 0x80000d30 (0x6fa10113) addi    sp, sp, 1786
core   0: 3 0x80000d30 (0x6fa10113) x 2 0x80011426
core   0: 0x80000d34 (0x8ebc43b7) lui     t2, 0x8ebc4
core   0: 3 0x80000d34 (0x8ebc43b7) x 7 0x8ebc4000
core   0: 0x80000d38 (0xfd811423) sh      s8, -56(sp)
core   0: 3 0x80000d38 (0xfd811423) mem 0x800113ee 0x9ce4
core   0: 0x80000d3c (0x03510183) lb      gp, 53(sp)
core   0: 3 0x80000d3c (0x03510183) x 3 0xffffffa5 mem 0x8001145b
core   0: 0x80000d40 (0x01889013) slli    zero, a7, 24
core   0: 3 0x80000d40 (0x01889013)
core   0: 0x80000d44 (0x038108a3) sb      s8, 49(sp)
core   0: 3 0x80000d44 (0x038108a3) mem 0x80011457 0xe4
core   0: 0x80000d48 (0x87f7cb13) xori    s6, a5, -1921
core   0: 3 0x80000d48 (0x87f7cb13) x22 0x62edd87f
core   0: 0x80000d4c (0x02481fb3) mulh    t6, a6, tp
core   0: 3 0x80000d4c (0x02481fb3) x31 0xffffffe8
core   0: 0x80000d50 (0xd37f2493) slti    s1, t5, -713
core   0: 3 0x80000d50 (0xd37f2493) x 9 0x00000000
core   0: 0x80000d54 (0xff310083) lb      ra, -13(sp)
core   0: 3 0x80000d54 (0xff310083) x 1 0xfffffffd mem 0x80011419
core   0: 0x80000d58 (0xfc710203) lb      tp, -57(sp)
core   0: 3 0x80000d58 (0xfc710203) x 4 0x00000022 mem 0x800113ed
core   0: 0x80000d5c (0xfe710623) sb      t2, -20(sp)
core   0: 3 0x80000d5c (0xfe710623) mem 0x80011412 0x0
core   0: 0x80000d60 (0x006130b3) sltu    ra, sp, t1
core   0: 3 0x80000d60 (0x006130b3) x 1 0x00000000
core   0: 0x80000d64 (0x005af933) and     s2, s5, t0
core   0: 3 0x80000d64 (0x005af933) x18 0x00000000
core   0: 0x80000d68 (0x02210a83) lb      s5, 34(sp)
core   0: 3 0x80000d68 (0x02210a83) x21 0x00000003 mem 0x80011448
core   0: 0x80000d6c (0xfcf14083) lbu     ra, -49(sp)
core   0: 3 0x80000d6c (0xfcf14083) x 1 0x00000098 mem 0x800113f5
core   0: 0x80000d70 (0xf11b8b93) addi    s7, s7, -239
core   0: 3 0x80000d70 (0xf11b8b93) x23 0x0000021d
core   0: 0x80000d74 (0x00c10d03) lb      s10, 12(sp)
core   0: 3 0x80000d74 (0x00c10d03) x26 0x00000043 mem 0x80011432
core   0: 0x80000d78 (0xfeb10a83) lb      s5, -21(sp)
core   0: 3 0x80000d78 (0xfeb10a83) x21 0x00000028 mem 0x80011411
core   0: 0x80000d7c (0x02916cb3) rem     s9, sp, s1
core   0: 3 0x80000d7c (0x02916cb3) x25 0x80011426
core   0: 0x80000d80 (0xd41f6d37) lui     s10, 0xd41f6
core   0: 3 0x80000d80 (0xd41f6d37) x26 0xd41f6000
core   0: 0x80000d84 (0x00745d93) srli    s11, s0, 7
core   0: 3 0x80000d84 (0x00745d93) x27 0x01fffffe
core   0: 0x80000d88 (0x02e12d83) lw      s11, 46(sp)
core   0: 3 0x80000d88 (0x02e12d83) x27 0xe4f37141 mem 0x80011454
core   0: 0x80000d8c (0x1f747897) auipc   a7, 0x1f747
core   0: 3 0x80000d8c (0x1f747897) x17 0x9f747d8c
core   0: 0x80000d90 (0x00714203) lbu     tp, 7(sp)
core   0: 3 0x80000d90 (0x00714203) x 4 0x000000c5 mem 0x8001142d
core   0: 0x80000d94 (0x027293b3) mulh    t2, t0, t2
core   0: 3 0x80000d94 (0x027293b3) x 7 0x00000000
core   0: 0x80000d98 (0xfd711423) sh      s7, -56(sp)
core   0: 3 0x80000d98 (0xfd711423) mem 0x800113ee 0x021d
core   0: 0x80000d9c (0x00b61d93) slli    s11, a2, 11
core   0: 3 0x80000d9c (0x00b61d93) x27 0x00000000
core   0: 0x80000da0 (0x41fb5e13) srai    t3, s6, 31
core   0: 3 0x80000da0 (0x41fb5e13) x28 0x00000000
core   0: 0x80000da4 (0xd941b313) sltiu   t1, gp, -620
core   0: 3 0x80000da4 (0xd941b313) x 6 0x00000000
core   0: 0x80000da8 (0xff911923) sh      s9, -14(sp)
core   0: 3 0x80000da8 (0xff911923) mem 0x80011418 0x1426
core   0: 0x80000dac (0xfd611283) lh      t0, -42(sp)
core   0: 3 0x80000dac (0xfd611283) x 5 0xffffd7dd mem 0x800113fc
core   0: 0x80000db0 (0xff815f03) lhu     t5, -8(sp)
core   0: 3 0x80000db0 (0xff815f03) x30 0x00004720 mem 0x8001141e
core   0: 0x80000db4 (0xda022b93) slti    s7, tp, -608
core   0: 3 0x80000db4 (0xda022b93) x23 0x00000000
core   0: 0x80000db8 (0xfd710483) lb      s1, -41(sp)
core   0: 3 0x80000db8 (0xfd710483) x 9 0xffffffd7 mem 0x800113fd
core   0: 0x80000dbc (0x419ddc93) srai    s9, s11, 25
core   0: 3 0x80000dbc (0x419ddc93) x25 0x00000000
core   0: 0x80000dc0 (0x02710883) lb      a7, 39(sp)
core   0: 3 0x80000dc0 (0x02710883) x17 0x00000061 mem 0x8001144d
core   0: 0x80000dc4 (0x2bd88e13) addi    t3, a7, 701
core   0: 3 0x80000dc4 (0x2bd88e13) x28 0x0000031e
core   0: 0x80000dc8 (0xfd6103a3) sb      s6, -57(sp)
core   0: 3 0x80000dc8 (0xfd6103a3) mem 0x800113ed 0x7f
core   0: 0x80000dcc (0x037875b3) remu    a1, a6, s7
core   0: 3 0x80000dcc (0x037875b3) x11 0x80025e64
core   0: 0x80000dd0 (0x0252a4b3) mulhsu  s1, t0, t0
core   0: 3 0x80000dd0 (0x0252a4b3) x 9 0xffffd7dd
core   0: 0x80000dd4 (0xfeb12723) sw      a1, -18(sp)
core   0: 3 0x80000dd4 (0xfeb12723) mem 0x80011414 0x80025e64
core   0: 0x80000dd8 (0x74e53b93) sltiu   s7, a0, 1870
core   0: 3 0x80000dd8 (0x74e53b93) x23 0x00000000
core   0: 0x80000ddc (0xfe914b83) lbu     s7, -23(sp)
core   0: 3 0x80000ddc (0xfe914b83) x23 0x00000038 mem 0x8001140f
core   0: 0x80000de0 (0xfe015983) lhu     s3, -32(sp)
core   0: 3 0x80000de0 (0xfe015983) x19 0x00005013 mem 0x80011406
core   0: 0x80000de4 (0x01a10403) lb      s0, 26(sp)
core   0: 3 0x80000de4 (0x01a10403) x 8 0xfffffffc mem 0x80011440
core   0: 0x80000de8 (0x020ae0b3) rem     ra, s5, zero
core   0: 3 0x80000de8 (0x020ae0b3) x 1 0x00000028
core   0: 0x80000dec (0xfd811983) lh      s3, -40(sp)
core   0: 3 0x80000dec (0xfd811983) x19 0xffffa9fb mem 0x800113fe
core   0: 0x80000df0 (0x00010317) auipc   t1, 0x10
core   0: 3 0x80000df0 (0x00010317) x 6 0x80010df0
core   0: 0x80000df4 (0xa6030313) addi    t1, t1, -1440
core   0: 3 0x80000df4 (0xa6030313) x 6 0x80010850
core   0: 0x80000df8 (0xfff34c83) lbu     s9, -1(t1)
core   0: 3 0x80000df8 (0xfff34c83) x25 0x00000091 mem 0x8001084f
core   0: 0x80000dfc (0x037f1a33) mulh    s4, t5, s7
core   0: 3 0x80000dfc (0x037f1a33) x20 0x00000000
core   0: 0x80000e00 (0x01231823) sh      s2, 16(t1)
core   0: 3 0x80000e00 (0x01231823) mem 0x80010860 0x0000
core   0: 0x80000e04 (0xa7da0b13) addi    s6, s4, -1411
core   0: 3 0x80000e04 (0xa7da0b13) x22 0xfffffa7d
core   0: 0x80000e08 (0xfed30d23) sb      a3, -6(t1)
core   0: 3 0x80000e08 (0xfed30d23) mem 0x8001084a 0x99
core   0: 0x80000e0c (0xffb31a23) sh      s11, -12(t1)
core   0: 3 0x80000e0c (0xffb31a23) mem 0x80010844 0x0000
core   0: 0x80000e10 (0x03d727b3) mulhsu  a5, a4, t4
core   0: 3 0x80000e10 (0x03d727b3) x15 0x00000000
core   0: 0x80000e14 (0x032be1b3) rem     gp, s7, s2
core   0: 3 0x80000e14 (0x032be1b3) x 3 0x00000038
core   0: 0x80000e18 (0xff635003) lhu     zero, -10(t1)
core   0: 3 0x80000e18 (0xff635003) mem 0x80010846
core   0: 0x80000e1c (0x41e3d5b3) sra     a1, t2, t5
core   0: 3 0x80000e1c (0x41e3d5b3) x11 0x00000000
core   0: 0x80000e20 (0xffe31f83) lh      t6, -2(t1)
core   0: 3 0x80000e20 (0xffe31f83) x31 0xffff9165 mem 0x8001084e
core   0: 0x80000e24 (0x00030403) lb      s0, 0(t1)
core   0: 3 0x80000e24 (0x00030403) x 8 0xffffffe3 mem 0x80010850
core   0: 0x80000e28 (0x015d5d93) srli    s11, s10, 21
core   0: 3 0x80000e28 (0x015d5d93) x27 0x000006a0
core   0: 0x80000e2c (0x036b9033) mulh    zero, s7, s6
core   0: 3 0x80000e2c (0x036b9033)
core   0: 0x80000e30 (0x2b8fc717) auipc   a4, 0x2b8fc
core   0: 3 0x80000e30 (0x2b8fc717) x14 0xab8fce30
core   0: 0x80000e34 (0x01791b33) sll     s6, s2, s7
core   0: 3 0x80000e34 (0x01791b33) x22 0x00000000
core   0: 0x80000e38 (0x400cd913) srai    s2, s9, 0
core   0: 3 0x80000e38 (0x400cd913) x18 0x00000091
core   0: 0x80000e3c (0xd90de497) auipc   s1, 0xd90de
core   0: 3 0x80000e3c (0xd90de497) x 9 0x590dee3c
core   0: 0x80000e40 (0x00e31823) sh      a4, 16(t1)
core   0: 3 0x80000e40 (0x00e31823) mem 0x80010860 0xce30
core   0: 0x80000e44 (0x01b32223) sw      s11, 4(t1)
core   0: 3 0x80000e44 (0x01b32223) mem 0x80010854 0x000006a0
core   0: 0x80000e48 (0x905a2193) slti    gp, s4, -1787
core   0: 3 0x80000e48 (0x905a2193) x 3 0x00000000
core   0: 0x80000e4c (0x00634983) lbu     s3, 6(t1)
core   0: 3 0x80000e4c (0x00634983) x19 0x00000000 mem 0x80010856
core   0: 0x80000e50 (0x0137b9b3) sltu    s3, a5, s3
core   0: 3 0x80000e50 (0x0137b9b3) x19 0x00000000
core   0: 0x80000e54 (0xe38fa493) slti    s1, t6, -456
core   0: 3 0x80000e54 (0xe38fa493) x 9 0x00000001
core   0: 0x80000e58 (0x00b34a03) lbu     s4, 11(t1)
core   0: 3 0x80000e58 (0x00b34a03) x20 0x00000097 mem 0x8001085b
core   0: 0x80000e5c (0xff530d83) lb      s11, -11(t1)
core   0: 3 0x80000e5c (0xff530d83) x27 0x00000000 mem 0x80010845
core   0: 0x80000e60 (0x00770933) add     s2, a4, t2
core   0: 3 0x80000e60 (0x00770933) x18 0xab8fce30
core   0: 0x80000e64 (0x036e77b3) remu    a5, t3, s6
core   0: 3 0x80000e64 (0x036e77b3) x15 0x0000031e
core   0: 0x80000e68 (0x85f4e493) ori     s1, s1, -1953
core   0: 3 0x80000e68 (0x85f4e493) x 9 0xfffff85f
core   0: 0x80000e6c (0xf4d38793) addi    a5, t2, -179
core   0: 3 0x80000e6c (0xf4d38793) x15 0xffffff4d
core   0: 0x80000e70 (0x01c31123) sh      t3, 2(t1)
core   0: 3 0x80000e70 (0x01c31123) mem 0x80010852 0x031e
core   0: 0x80000e74 (0x0000f117) auipc   sp, 0xf
core   0: 3 0x80000e74 (0x0000f117) x 2 0x8000fe74
core   0: 0x80000e78 (0x44f10113) addi    sp, sp, 1103
core   0: 3 0x80000e78 (0x44f10113) x 2 0x800102c3
core   0: 0x80000e7c (0x0347f6b3) remu    a3, a5, s4
core   0: 3 0x80000e7c (0x0347f6b3) x13 0x0000007f
core   0: 0x80000e80 (0x03db2933) mulhsu  s2, s6, t4
core   0: 3 0x80000e80 (0x03db2933) x18 0x00000000
core   0: 0x80000e84 (0xf6f11283) lh      t0, -145(sp)
core   0: 3 0x80000e84 (0xf6f11283) x 5 0xffffddc0 mem 0x80010232
core   0: 0x80000e88 (0x00e13333) sltu    t1, sp, a4
core   0: 3 0x80000e88 (0x00e13333) x 6 0x00000001
core   0: 0x80000e8c (0x5f128293) addi    t0, t0, 1521
core   0: 3 0x80000e8c (0x5f128293) x 5 0xffffe3b1
core   0: 0x80000e90 (0x00fcecb3) or      s9, s9, a5
core   0: 3 0x80000e90 (0x00fcecb3) x25 0xffffffdd
core   0: 0x80000e94 (0x09314503) lbu     a0, 147(sp)
core   0: 3 0x80000e94 (0x09314503) x10 0x0000009c mem 0x80010356
core   0: 0x80000e98 (0x01cb79b3) and     s3, s6, t3
core   0: 3 0x80000e98 (0x01cb79b3) x19 0x00000000
core   0: 0x80000e9c (0x00c94533) xor     a0, s2, a2
core   0: 3 0x80000e9c (0x00c94533) x10 0x80000000
core   0: 0x80000ea0 (0x09e10503) lb      a0, 158(sp)
core   0: 3 0x80000ea0 (0x09e10503) x10 0xffffff8f mem 0x80010361
core   0: 0x80000ea4 (0x00215933) srl     s2, sp, sp
core   0: 3 0x80000ea4 (0x00215933) x18 0x10002058
core   0: 0x80000ea8 (0x0004d4b3) srl     s1, s1, zero
core   0: 3 0x80000ea8 (0x0004d4b3) x 9 0xfffff85f
core   0: 0x80000eac (0x02ecfa33) remu    s4, s9, a4
core   0: 3 0x80000eac (0x02ecfa33) x20 0x547031ad
core   0: 0x80000eb0 (0x09fb2213) slti    tp, s6, 159
core   0: 3 0x80000eb0 (0x09fb2213) x 4 0x00000001
core   0: 0x80000eb4 (0x0284c3b3) div     t2, s1, s0
core   0: 3 0x80000eb4 (0x0284c3b3) x 7 0x00000043
core   0: 0x80000eb8 (0x01313b33) sltu    s6, sp, s3
core   0: 3 0x80000eb8 (0x01313b33) x22 0x00000000
core   0: 0x80000ebc (0x01765d13) srli    s10, a2, 23
core   0: 3 0x80000ebc (0x01765d13) x26 0x00000100
core   0: 0x80000ec0 (0x05810a03) lb      s4, 88(sp)
core   0: 3 0x80000ec0 (0x05810a03) x20 0xfffffffc mem 0x8001031b
core   0: 0x80000ec4 (0xfb110403) lb      s0, -79(sp)
core   0: 3 0x80000ec4 (0xfb110403) x 8 0x0000001c mem 0x80010274
core   0: 0x80000ec8 (0x8b8e1fb7) lui     t6, 0x8b8e1
core   0: 3 0x80000ec8 (0x8b8e1fb7) x31 0x8b8e1000
core   0: 0x80000ecc (0xfca14a83) lbu     s5, -54(sp)
core   0: 3 0x80000ecc (0xfca14a83) x21 0x000000aa mem 0x8001028d
core   0: 0x80000ed0 (0x004c92b3) sll     t0, s9, tp
core   0: 3 0x80000ed0 (0x004c92b3) x 5 0xffffffba
core   0: 0x80000ed4 (0x03a8cb33) div     s6, a7, s10
core   0: 3 0x80000ed4 (0x03a8cb33) x22 0x00000000
core   0: 0x80000ed8 (0xbb2d6793) ori     a5, s10, -1102
core   0: 3 0x80000ed8 (0xbb2d6793) x15 0xfffffbb2
core   0: 0x80000edc (0x07510a23) sb      s5, 116(sp)
core   0: 3 0x80000edc (0x07510a23) mem 0x80010337 0xaa
core   0: 0x80000ee0 (0x02f14d03) lbu     s10, 47(sp)
core   0: 3 0x80000ee0 (0x02f14d03) x26 0x000000fc mem 0x800102f2
core   0: 0x80000ee4 (0xf9a14083) lbu     ra, -102(sp)
core   0: 3 0x80000ee4 (0xf9a14083) x 1 0x00000049 mem 0x8001025d
core   0: 0x80000ee8 (0x71f6ef13) ori     t5, a3, 1823
core   0: 3 0x80000ee8 (0x71f6ef13) x30 0x0000077f
core   0: 0x80000eec (0x41edd513) srai    a0, s11, 30
core   0: 3 0x80000eec (0x41edd513) x10 0x00000000
core   0: 0x80000ef0 (0x033d1533) mulh    a0, s10, s3
core   0: 3 0x80000ef0 (0x033d1533) x10 0x00000000
core   0: 0x80000ef4 (0xd9418993) addi    s3, gp, -620
core   0: 3 0x80000ef4 (0xd9418993) x19 0xfffffd94
core   0: 0x80000ef8 (0x02e29e33) mulh    t3, t0, a4
core   0: 3 0x80000ef8 (0x02e29e33) x28 0x00000017
core   0: 0x80000efc (0x91daae13) slti    t3, s5, -1763
core   0: 3 0x80000efc (0x91daae13) x28 0x00000000
core   0: 0x80000f00 (0x5e3c3b17) auipc   s6, 0x5e3c3
core   0: 3 0x80000f00 (0x5e3c3b17) x22 0xde3c3f00
core   0: 0x80000f04 (0xf33113a3) sh      s3, -217(sp)
core   0: 3 0x80000f04 (0xf33113a3) mem 0x800101ea 0xfd94
core   0: 0x80000f08 (0xf3c10323) sb      t3, -218(sp)
core   0: 3 0x80000f08 (0xf3c10323) mem 0x800101e9 0x0
core   0: 0x80000f0c (0x01b42b33) slt     s6, s0, s11
core   0: 3 0x80000f0c (0x01b42b33) x22 0x00000000
core   0: 0x80000f10 (0x2b2b4013) xori    zero, s6, 690
core   0: 3 0x80000f10 (0x2b2b4013)
core   0: 0x80000f14 (0x0cd15e83) lhu     t4, 205(sp)
core   0: 3 0x80000f14 (0x0cd15e83) x29 0x0000597f mem 0x80010390
core   0: 0x80000f18 (0x022c51b3) divu    gp, s8, sp
core   0: 3 0x80000f18 (0x022c51b3) x 3 0x00000001
core   0: 0x80000f1c (0x07715e03) lhu     t3, 119(sp)
core   0: 3 0x80000f1c (0x07715e03) x28 0x00008f73 mem 0x8001033a
core   0: 0x80000f20 (0xffa10003) lb      zero, -6(sp)
core   0: 3 0x80000f20 (0xffa10003) mem 0x800102bd
core   0: 0x80000f24 (0x0000f997) auipc   s3, 0xf
core   0: 3 0x80000f24 (0x0000f997) x19 0x8000ff24
core   0: 0x80000f28 (0x7b198993) addi    s3, s3, 1969
core   0: 3 0x80000f28 (0x7b198993) x19 0x800106d5
core   0: 0x80000f2c (0x01e95db3) srl     s11, s2, t5
core   0: 3 0x80000f2c (0x01e95db3) x27 0x00000000
core   0: 0x80000f30 (0x00e98f83) lb      t6, 14(s3)
core   0: 3 0x80000f30 (0x00e98f83) x31 0xffffff85 mem 0x800106e3
core   0: 0x80000f34 (0xffd9d183) lhu     gp, -3(s3)
core   0: 3 0x80000f34 (0xffd9d183) x 3 0x0000fb6a mem 0x800106d2
core   0: 0x80000f38 (0x00599b83) lh      s7, 5(s3)
core   0: 3 0x80000f38 (0x00599b83) x23 0x00007ec2 mem 0x800106da
core   0: 0x80000f3c (0x0326de33) divu    t3, a3, s2
core   0: 3 0x80000f3c (0x0326de33) x28 0x00000000
core   0: 0x80000f40 (0x091b0913) addi    s2, s6, 145
core   0: 3 0x80000f40 (0x091b0913) x18 0x00000091
core   0: 0x80000f44 (0x007980a3) sb      t2, 1(s3)
core   0: 3 0x80000f44 (0x007980a3) mem 0x800106d6 0x43
core   0: 0x80000f48 (0x00f9c783) lbu     a5, 15(s3)
core   0: 3 0x80000f48 (0x00f9c783) x15 0x00000088 mem 0x800106e4
core   0: 0x80000f4c (0x010cd513) srli    a0, s9, 16
core   0: 3 0x80000f4c (0x010cd513) x10 0x0000ffff
core   0: 0x80000f50 (0x001990a3) sh      ra, 1(s3)
core   0: 3 0x80000f50 (0x001990a3) mem 0x800106d6 0x0049
core   0: 0x80000f54 (0xdf290f13) addi    t5, s2, -526
core   0: 3 0x80000f54 (0xdf290f13) x30 0xfffffe83
core   0: 0x80000f58 (0x6cd63b93) sltiu   s7, a2, 1741
core   0: 3 0x80000f58 (0x6cd63b93) x23 0x00000000
core   0: 0x80000f5c (0x41a90db3) sub     s11, s2, s10
core   0: 3 0x80000f5c (0x41a90db3) x27 0xffffff95
core   0: 0x80000f60 (0x02c34233) div     tp, t1, a2
core   0: 3 0x80000f60 (0x02c34233) x 4 0x00000000
core   0: 0x80000f64 (0xff69c183) lbu     gp, -10(s3)
core   0: 3 0x80000f64 (0xff69c183) x 3 0x000000fa mem 0x800106cb
core   0: 0x80000f68 (0xff29cb83) lbu     s7, -14(s3)
core   0: 3 0x80000f68 (0xff29cb83) x23 0x000000fc mem 0x800106c7
core   0: 0x80000f6c (0xf09bc013) xori    zero, s7, -247
core   0: 3 0x80000f6c (0xf09bc013)
core   0: 0x80000f70 (0xcd70a293) slti    t0, ra, -809
core   0: 3 0x80000f70 (0xcd70a293) x 5 0x00000000
core   0: 0x80000f74 (0xff49c883) lbu     a7, -12(s3)
core   0: 3 0x80000f74 (0xff49c883) x17 0x0000007c mem 0x800106c9
core   0: 0x80000f78 (0x01e983a3) sb      t5, 7(s3)
core   0: 3 0x80000f78 (0x01e983a3) mem 0x800106dc 0x83
core   0: 0x80000f7c (0x0001e397) auipc   t2, 0x1e
core   0: 3 0x80000f7c (0x0001e397) x 7 0x8001ef7c
core   0: 0x80000f80 (0xc4938393) addi    t2, t2, -951
core   0: 3 0x80000f80 (0xc4938393) x 7 0x8001ebc5
core   0: 0x80000f84 (0x034039b3) mulhu   s3, zero, s4
core   0: 3 0x80000f84 (0x034039b3) x19 0x00000000
core   0: 0x80000f88 (0x00f3cc83) lbu     s9, 15(t2)
core   0: 3 0x80000f88 (0x00f3cc83) x25 0x0000001a mem 0x8001ebd4
core   0: 0x80000f8c (0xff93d883) lhu     a7, -7(t2)
core   0: 3 0x80000f8c (0xff93d883) x17 0x00002aa2 mem 0x8001ebbe
core   0: 0x80000f90 (0x00d39583) lh      a1, 13(t2)
core   0: 3 0x80000f90 (0x00d39583) x11 0xffffae32 mem 0x8001ebd2
core   0: 0x80000f94 (0x4174d1b3) sra     gp, s1, s7
core   0: 3 0x80000f94 (0x4174d1b3) x 3 0xffffffff
core   0: 0x80000f98 (0xffb3d403) lhu     s0, -5(t2)
core   0: 3 0x80000f98 (0xffb3d403) x 8 0x0000ab63 mem 0x8001ebc0
core   0: 0x80000f9c (0x0399c7b3) div     a5, s3, s9
core   0: 3 0x80000f9c (0x0399c7b3) x15 0x00000000
core   0: 0x80000fa0 (0x005e2233) slt     tp, t3, t0
core   0: 3 0x80000fa0 (0x005e2233) x 4 0x00000000
core   0: 0x80000fa4 (0x71ebca93) xori    s5, s7, 1822
core   0: 3 0x80000fa4 (0x71ebca93) x21 0x000007e2
core   0: 0x80000fa8 (0xffb3a083) lw      ra, -5(t2)
core   0: 3 0x80000fa8 (0xffb3a083) x 1 0x6f8bab63 mem 0x8001ebc0
core   0: 0x80000fac (0x03373e33) mulhu   t3, a4, s3
core   0: 3 0x80000fac (0x03373e33) x28 0x00000000
core   0: 0x80000fb0 (0x01638623) sb      s6, 12(t2)
core   0: 3 0x80000fb0 (0x01638623) mem 0x8001ebd1 0x0
core   0: 0x80000fb4 (0x02f54b33) div     s6, a0, a5
core   0: 3 0x80000fb4 (0x02f54b33) x22 0xffffffff
core   0: 0x80000fb8 (0x03b7f9b3) remu    s3, a5, s11
core   0: 3 0x80000fb8 (0x03b7f9b3) x19 0x00000000
core   0: 0x80000fbc (0xfed399a3) sh      a3, -13(t2)
core   0: 3 0x80000fbc (0xfed399a3) mem 0x8001ebb8 0x007f
core   0: 0x80000fc0 (0xff738303) lb      t1, -9(t2)
core   0: 3 0x80000fc0 (0xff738303) x 6 0x00000058 mem 0x8001ebbc
core   0: 0x80000fc4 (0x0093c583) lbu     a1, 9(t2)
core   0: 3 0x80000fc4 (0x0093c583) x11 0x0000005c mem 0x8001ebce
core   0: 0x80000fc8 (0x0103ce03) lbu     t3, 16(t2)
core   0: 3 0x80000fc8 (0x0103ce03) x28 0x00000007 mem 0x8001ebd5
core   0: 0x80000fcc (0xffd3d703) lhu     a4, -3(t2)
core   0: 3 0x80000fcc (0xffd3d703) x14 0x00006f8b mem 0x8001ebc2
core   0: 0x80000fd0 (0x00611e33) sll     t3, sp, t1
core   0: 3 0x80000fd0 (0x00611e33) x28 0xc3000000
core   0: 0x80000fd4 (0xd3aa4d17) auipc   s10, 0xd3aa4
core   0: 3 0x80000fd4 (0xd3aa4d17) x26 0x53aa4fd4
core   0: 0x80000fd8 (0x00438f03) lb      t5, 4(t2)
core   0: 3 0x80000fd8 (0x00438f03) x30 0x00000054 mem 0x8001ebc9
core   0: 0x80000fdc (0x00c3c203) lbu     tp, 12(t2)
core   0: 3 0x80000fdc (0x00c3c203) x 4 0x00000000 mem 0x8001ebd1
core   0: 0x80000fe0 (0x008bd8b3) srl     a7, s7, s0
core   0: 3 0x80000fe0 (0x008bd8b3) x17 0x0000001f
core   0: 0x80000fe4 (0xff13d583) lhu     a1, -15(t2)
core   0: 3 0x80000fe4 (0xff13d583) x11 0x0000fc7e mem 0x8001ebb6
core   0: 0x80000fe8 (0x00010897) auipc   a7, 0x10
core   0: 3 0x80000fe8 (0x00010897) x17 0x80010fe8
core   0: 0x80000fec (0x36588893) addi    a7, a7, 869
core   0: 3 0x80000fec (0x36588893) x17 0x8001134d
core   0: 0x80000ff0 (0x002d1f33) sll     t5, s10, sp
core   0: 3 0x80000ff0 (0x002d1f33) x30 0x9d527ea0
core   0: 0x80000ff4 (0xfe288f23) sb      sp, -2(a7)
core   0: 3 0x80000ff4 (0xfe288f23) mem 0x8001134b 0xc3
core   0: 0x80000ff8 (0x00589003) lh      zero, 5(a7)
core   0: 3 0x80000ff8 (0x00589003) mem 0x80011352
core   0: 0x80000ffc (0xff48c983) lbu     s3, -12(a7)
core   0: 3 0x80000ffc (0xff48c983) x19 0x0000000d mem 0x80011341
core   0: 0x80001000 (0x00000013) nop
core   0: 3 0x80001000 (0x00000013)
core   0: 0x80001004 (0xff58d503) lhu     a0, -11(a7)
core   0: 3 0x80001004 (0xff58d503) x10 0x00005fe3 mem 0x80011342
core   0: 0x80001008 (0x00989313) slli    t1, a7, 9
core   0: 3 0x80001008 (0x00989313) x 6 0x02269a00
core   0: 0x8000100c (0xfe3898a3) sh      gp, -15(a7)
core   0: 3 0x8000100c (0xfe3898a3) mem 0x8001133e 0xffff
core   0: 0x80001010 (0x00d8d583) lhu     a1, 13(a7)
core   0: 3 0x80001010 (0x00d8d583) x11 0x00006d2d mem 0x8001135a
core   0: 0x80001014 (0x03a6ef33) rem     t5, a3, s10
core   0: 3 0x80001014 (0x03a6ef33) x30 0x0000007f
core   0: 0x80001018 (0xff488c23) sb      s4, -8(a7)
core   0: 3 0x80001018 (0xff488c23) mem 0x80011345 0xfc
core   0: 0x8000101c (0xfff88183) lb      gp, -1(a7)
core   0: 3 0x8000101c (0xfff88183) x 3 0xffffffa7 mem 0x8001134c
core   0: 0x80001020 (0xff388f23) sb      s3, -2(a7)
core   0: 3 0x80001020 (0xff388f23) mem 0x8001134b 0xd
core   0: 0x80001024 (0xe9db2313) slti    t1, s6, -355
core   0: 3 0x80001024 (0xe9db2313) x 6 0x00000000
core   0: 0x80001028 (0xff288c83) lb      s9, -14(a7)
core   0: 3 0x80001028 (0xff288c83) x25 0xffffffff mem 0x8001133f
core   0: 0x8000102c (0x0344bab3) mulhu   s5, s1, s4
core   0: 3 0x8000102c (0x0344bab3) x21 0xfffff85b
core   0: 0x80001030 (0xa92c6f93) ori     t6, s8, -1390
core   0: 3 0x80001030 (0xa92c6f93) x31 0xfffffef6
core   0: 0x80001034 (0xf0c54a93) xori    s5, a0, -244
core   0: 3 0x80001034 (0xf0c54a93) x21 0xffffa0ef
core   0: 0x80001038 (0x03a06933) rem     s2, zero, s10
core   0: 3 0x80001038 (0x03a06933) x18 0x00000000
core   0: 0x8000103c (0x01d70ab3) add     s5, a4, t4
core   0: 3 0x8000103c (0x01d70ab3) x21 0x0000c90a
core   0: 0x80001040 (0x00e34933) xor     s2, t1, a4
core   0: 3 0x80001040 (0x00e34933) x18 0x00006f8b
core   0: 0x80001044 (0x00e88a03) lb      s4, 14(a7)
core   0: 3 0x80001044 (0x00e88a03) x20 0x0000006d mem 0x8001135b
core   0: 0x80001048 (0x55e93393) sltiu   t2, s2, 1374
core   0: 3 0x80001048 (0x55e93393) x 7 0x00000000
core   0: 0x8000104c (0x02898e33) mul     t3, s3, s0
core   0: 3 0x8000104c (0x02898e33) x28 0x0008b407
core   0: 0x80001050 (0xff08cf83) lbu     t6, -16(a7)
core   0: 3 0x80001050 (0xff08cf83) x31 0x000000d1 mem 0x8001133d
core   0: 0x80001054 (0x00d24f33) xor     t5, tp, a3
core   0: 3 0x80001054 (0x00d24f33) x30 0x0000007f
core   0: 0x80001058 (0x0c530413) addi    s0, t1, 197
core   0: 3 0x80001058 (0x0c530413) x 8 0x000000c5
core   0: 0x8000105c (0x00488d03) lb      s10, 4(a7)
core   0: 3 0x8000105c (0x00488d03) x26 0x0000004a mem 0x80011351
core   0: 0x80001060 (0xff088903) lb      s2, -16(a7)
core   0: 3 0x80001060 (0xff088903) x18 0xffffffd1 mem 0x8001133d
core   0: 0x80001064 (0x01b529b3) slt     s3, a0, s11
core   0: 3 0x80001064 (0x01b529b3) x19 0x00000000
core   0: 0x80001068 (0x00088003) lb      zero, 0(a7)
core   0: 3 0x80001068 (0x00088003) mem 0x8001134d
core   0: 0x8000106c (0x018ec1b3) xor     gp, t4, s8
core   0: 3 0x8000106c (0x018ec1b3) x 3 0x8002c59b
core   0: 0x80001070 (0xff188d23) sb      a7, -6(a7)
core   0: 3 0x80001070 (0xff188d23) mem 0x80011347 0x4d
core   0: 0x80001074 (0x00188903) lb      s2, 1(a7)
core   0: 3 0x80001074 (0x00188903) x18 0x00000059 mem 0x8001134e
core   0: 0x80001078 (0x00f880a3) sb      a5, 1(a7)
core   0: 3 0x80001078 (0x00f880a3) mem 0x8001134e 0x0
core   0: 0x8000107c (0xff28c903) lbu     s2, -14(a7)
core   0: 3 0x8000107c (0xff28c903) x18 0x000000ff mem 0x8001133f
core   0: 0x80001080 (0x0018d103) lhu     sp, 1(a7)
core   0: 3 0x80001080 (0x0018d103) x 2 0x0000b500 mem 0x8001134e
core   0: 0x80001084 (0xffd8dc83) lhu     s9, -3(a7)
core   0: 3 0x80001084 (0xffd8dc83) x25 0x00000d3d mem 0x8001134a
core   0: 0x80001088 (0xcd6f6593) ori     a1, t5, -810
core   0: 3 0x80001088 (0xcd6f6593) x11 0xfffffcff
core   0: 0x8000108c (0x000892a3) sh      zero, 5(a7)
core   0: 3 0x8000108c (0x000892a3) mem 0x80011352 0x0000
core   0: 0x80001090 (0xff78d083) lhu     ra, -9(a7)
core   0: 3 0x80001090 (0xff78d083) x 1 0x0000fc83 mem 0x80011344
core   0: 0x80001094 (0x03be0033) mul     zero, t3, s11
core   0: 3 0x80001094 (0x03be0033)
core   0: 0x80001098 (0x00d8c703) lbu     a4, 13(a7)
core   0: 3 0x80001098 (0x00d8c703) x14 0x0000002d mem 0x8001135a
core   0: 0x8000109c (0x03c12bb3) mulhsu  s7, sp, t3
core   0: 3 0x8000109c (0x03c12bb3) x23 0x00000006
core   0: 0x800010a0 (0x01188523) sb      a7, 10(a7)
core   0: 3 0x800010a0 (0x01188523) mem 0x80011357 0x4d
core   0: 0x800010a4 (0x0001bf17) auipc   t5, 0x1b
core   0: 3 0x800010a4 (0x0001bf17) x30 0x8001c0a4
core   0: 0x800010a8 (0xf46f0f13) addi    t5, t5, -186
core   0: 3 0x800010a8 (0xf46f0f13) x30 0x8001bfea
core   0: 0x800010ac (0xf44f1303) lh      t1, -188(t5)
core   0: 3 0x800010ac (0xf44f1303) x 6 0x00002f31 mem 0x8001bf2e
core   0: 0x800010b0 (0xff2f2d03) lw      s10, -14(t5)
core   0: 3 0x800010b0 (0xff2f2d03) x26 0x72c0528a mem 0x8001bfdc
core   0: 0x800010b4 (0x01961333) sll     t1, a2, s9
core   0: 3 0x800010b4 (0x01961333) x 6 0x00000000
core   0: 0x800010b8 (0x030f4e03) lbu     t3, 48(t5)
core   0: 3 0x800010b8 (0x030f4e03) x28 0x0000006a mem 0x8001c01a
core   0: 0x800010bc (0x70332193) slti    gp, t1, 1795
core   0: 3 0x800010bc (0x70332193) x 3 0x00000001
core   0: 0x800010c0 (0x054f1923) sh      s4, 82(t5)
core   0: 3 0x800010c0 (0x054f1923) mem 0x8001c03c 0x006d
core   0: 0x800010c4 (0x0366e733) rem     a4, a3, s6
core   0: 3 0x800010c4 (0x0366e733) x14 0x00000000
core   0: 0x800010c8 (0x080f5e03) lhu     t3, 128(t5)
core   0: 3 0x800010c8 (0x080f5e03) x28 0x00008e4c mem 0x8001c06a
core   0: 0x800010cc (0xfe1f0123) sb      ra, -30(t5)
core   0: 3 0x800010cc (0xfe1f0123) mem 0x8001bfcc 0x83
core   0: 0x800010d0 (0x01ff9ab3) sll     s5, t6, t6
core   0: 3 0x800010d0 (0x01ff9ab3) x21 0x01a20000
core   0: 0x800010d4 (0x031f00a3) sb      a7, 33(t5)
core   0: 3 0x800010d4 (0x031f00a3) mem 0x8001c00b 0x4d
core   0: 0x800010d8 (0x07672e93) slti    t4, a4, 118
core   0: 3 0x800010d8 (0x07672e93) x29 0x00000001
core   0: 0x800010dc (0x96b2bb97) auipc   s7, 0x96b2b
core   0: 3 0x800010dc (0x96b2bb97) x23 0x16b2c0dc
core   0: 0x800010e0 (0x039ac533) div     a0, s5, s9
core   0: 3 0x800010e0 (0x039ac533) x10 0x00001f93
core   0: 0x800010e4 (0x00000013) nop
core   0: 3 0x800010e4 (0x00000013)
core   0: 0x800010e8 (0xfe9f02a3) sb      s1, -27(t5)
core   0: 3 0x800010e8 (0xfe9f02a3) mem 0x8001bfcf 0x5f
core   0: 0x800010ec (0xf87f0ba3) sb      t2, -105(t5)
core   0: 3 0x800010ec (0xf87f0ba3) mem 0x8001bf81 0x0
core   0: 0x800010f0 (0x08bf0b03) lb      s6, 139(t5)
core   0: 3 0x800010f0 (0x08bf0b03) x22 0xffffffdf mem 0x8001c075
core   0: 0x800010f4 (0x0ecf0ba3) sb      a2, 247(t5)
core   0: 3 0x800010f4 (0x0ecf0ba3) mem 0x8001c0e1 0x0
core   0: 0x800010f8 (0xf16f0583) lb      a1, -234(t5)
core   0: 3 0x800010f8 (0xf16f0583) x11 0x00000037 mem 0x8001bf00
core   0: 0x800010fc (0x01b6e033) or      zero, a3, s11
core   0: 3 0x800010fc (0x01b6e033)
core   0: 0x80001100 (0x0e6f1f23) sh      t1, 254(t5)
core   0: 3 0x80001100 (0x0e6f1f23) mem 0x8001c0e8 0x0000
core   0: 0x80001104 (0x018f0a83) lb      s5, 24(t5)
core   0: 3 0x80001104 (0x018f0a83) x21 0x00000072 mem 0x8001c002
core   0: 0x80001108 (0x00df4003) lbu     zero, 13(t5)
core   0: 3 0x80001108 (0x00df4003) mem 0x8001bff7
core   0: 0x8000110c (0x000f0783) lb      a5, 0(t5)
core   0: 3 0x8000110c (0x000f0783) x15 0x0000003e mem 0x8001bfea
core   0: 0x80001110 (0x40128133) sub     sp, t0, ra
core   0: 3 0x80001110 (0x40128133) x 2 0xffff037d
core   0: 0x80001114 (0x051f0aa3) sb      a7, 85(t5)
core   0: 3 0x80001114 (0x051f0aa3) mem 0x8001c03f 0x4d
core   0: 0x80001118 (0x0000fc97) auipc   s9, 0xf
core   0: 3 0x80001118 (0x0000fc97) x25 0x80010118
core   0: 0x8000111c (0x579c8c93) addi    s9, s9, 1401
core   0: 3 0x8000111c (0x579c8c93) x25 0x80010691
core   0: 0x80001120 (0x038e8f33) mul     t5, t4, s8
core   0: 3 0x80001120 (0x038e8f33) x30 0x80029ce4
core   0: 0x80001124 (0x00ce65b3) or      a1, t3, a2
core   0: 3 0x80001124 (0x00ce65b3) x11 0x80008e4c
core   0: 0x80001128 (0x03146133) rem     sp, s0, a7
core   0: 3 0x80001128 (0x03146133) x 2 0x000000c5
core   0: 0x8000112c (0x41a8ddb3) sra     s11, a7, s10
core   0: 3 0x8000112c (0x41a8ddb3) x27 0xffe00044
core   0: 0x80001130 (0x2fbcd103) lhu     sp, 763(s9)
core   0: 3 0x80001130 (0x2fbcd103) x 2 0x000099a6 mem 0x8001098c
core   0: 0x80001134 (0x473cce03) lbu     t3, 1139(s9)
core   0: 3 0x80001134 (0x473cce03) x28 0x00000034 mem 0x80010b04
core   0: 0x80001138 (0x6f0a7a13) andi    s4, s4, 1776
core   0: 3 0x80001138 (0x6f0a7a13) x20 0x00000060
core   0: 0x8000113c (0xb72c8903) lb      s2, -1166(s9)
core   0: 3 0x8000113c (0xb72c8903) x18 0x00000079 mem 0x80010203
core   0: 0x80001140 (0x01804133) xor     sp, zero, s8
core   0: 3 0x80001140 (0x01804133) x 2 0x80029ce4
core   0: 0x80001144 (0x0125c8b3) xor     a7, a1, s2
core   0: 3 0x80001144 (0x0125c8b3) x17 0x80008e35
core   0: 0x80001148 (0x304c8f03) lb      t5, 772(s9)
core   0: 3 0x80001148 (0x304c8f03) x30 0x0000004f mem 0x80010995
core   0: 0x8000114c (0x097cde83) lhu     t4, 151(s9)
core   0: 3 0x8000114c (0x097cde83) x29 0x0000f203 mem 0x80010728
core   0: 0x80001150 (0xa66cc703) lbu     a4, -1434(s9)
core   0: 3 0x80001150 (0xa66cc703) x14 0x0000007f mem 0x800100f7
core   0: 0x80001154 (0x037355b3) divu    a1, t1, s7
core   0: 3 0x80001154 (0x037355b3) x11 0x00000000
core   0: 0x80001158 (0x35ccc883) lbu     a7, 860(s9)
core   0: 3 0x80001158 (0x35ccc883) x17 0x0000001e mem 0x800109ed
core   0: 0x8000115c (0xa0dcce83) lbu     t4, -1523(s9)
core   0: 3 0x8000115c (0xa0dcce83) x29 0x00000068 mem 0x8001009e
core   0: 0x80001160 (0x035fc0b3) div     ra, t6, s5
core   0: 3 0x80001160 (0x035fc0b3) x 1 0x00000001
core   0: 0x80001164 (0x591ccf03) lbu     t5, 1425(s9)
core   0: 3 0x80001164 (0x591ccf03) x30 0x000000c7 mem 0x80010c22
core   0: 0x80001168 (0x00c98fb3) add     t6, s3, a2
core   0: 3 0x80001168 (0x00c98fb3) x31 0x80000000
core   0: 0x8000116c (0x40d60ab3) sub     s5, a2, a3
core   0: 3 0x8000116c (0x40d60ab3) x21 0x7fffff81
core   0: 0x80001170 (0x00527a33) and     s4, tp, t0
core   0: 3 0x80001170 (0x00527a33) x20 0x00000000
core   0: 0x80001174 (0x2c9c8a83) lb      s5, 713(s9)
core   0: 3 0x80001174 (0x2c9c8a83) x21 0x00000039 mem 0x8001095a
core   0: 0x80001178 (0x28a8a313) slti    t1, a7, 650
core   0: 3 0x80001178 (0x28a8a313) x 6 0x00000001
core   0: 0x8000117c (0xfb6e2713) slti    a4, t3, -74
core   0: 3 0x8000117c (0xfb6e2713) x14 0x00000000
core   0: 0x80001180 (0x160cc003) lbu     zero, 352(s9)
core   0: 3 0x80001180 (0x160cc003) mem 0x800107f1
core   0: 0x80001184 (0x40770533) sub     a0, a4, t2
core   0: 3 0x80001184 (0x40770533) x10 0x00000000
core   0: 0x80001188 (0x043cc883) lbu     a7, 67(s9)
core   0: 3 0x80001188 (0x043cc883) x17 0x00000084 mem 0x800106d4
core   0: 0x8000118c (0x71bcdb83) lhu     s7, 1819(s9)
core   0: 3 0x8000118c (0x71bcdb83) x23 0x0000d2ba mem 0x80010dac
core   0: 0x80001190 (0x002417b3) sll     a5, s0, sp
core   0: 3 0x80001190 (0x002417b3) x15 0x00000c50
core   0: 0x80001194 (0x615c8883) lb      a7, 1557(s9)
core   0: 3 0x80001194 (0x615c8883) x17 0xfffffff5 mem 0x80010ca6
core   0: 0x80001198 (0x413f08b3) sub     a7, t5, s3
core   0: 3 0x80001198 (0x413f08b3) x17 0x000000c7
core   0: 0x8000119c (0x038585b3) mul     a1, a1, s8
core   0: 3 0x8000119c (0x038585b3) x11 0x00000000
core   0: 0x800011a0 (0xe3ecc383) lbu     t2, -450(s9)
core   0: 3 0x800011a0 (0xe3ecc383) x 7 0x000000fc mem 0x800104cf
core   0: 0x800011a4 (0x0000f117) auipc   sp, 0xf
core   0: 3 0x800011a4 (0x0000f117) x 2 0x800101a4
core   0: 0x800011a8 (0x56410113) addi    sp, sp, 1380
core   0: 3 0x800011a8 (0x56410113) x 2 0x80010708
core   0: 0x800011ac (0x02f14e03) lbu     t3, 47(sp)
core   0: 3 0x800011ac (0x02f14e03) x28 0x00000065 mem 0x80010737
core   0: 0x800011b0 (0xfa615083) lhu     ra, -90(sp)
core   0: 3 0x800011b0 (0xfa615083) x 1 0x00002148 mem 0x800106ae
core   0: 0x800011b4 (0x01c11d83) lh      s11, 28(sp)
core   0: 3 0x800011b4 (0x01c11d83) x27 0x000053da mem 0x80010724
core   0: 0x800011b8 (0x07812003) lw      zero, 120(sp)
core   0: 3 0x800011b8 (0x07812003) mem 0x80010780
core   0: 0x800011bc (0xf3f14f83) lbu     t6, -193(sp)
core   0: 3 0x800011bc (0xf3f14f83) x31 0x000000e3 mem 0x80010647
core   0: 0x800011c0 (0x03e10003) lb      zero, 62(sp)
core   0: 3 0x800011c0 (0x03e10003) mem 0x80010746
core   0: 0x800011c4 (0xffd10503) lb      a0, -3(sp)
core   0: 3 0x800011c4 (0xffd10503) x10 0xffffff9c mem 0x80010705
core   0: 0x800011c8 (0x010797b3) sll     a5, a5, a6
core   0: 3 0x800011c8 (0x010797b3) x15 0x0000c500
core   0: 0x800011cc (0x00115013) srli    zero, sp, 1
core   0: 3 0x800011cc (0x00115013)
core   0: 0x800011d0 (0x02012d03) lw      s10, 32(sp)
core   0: 3 0x800011d0 (0x02012d03) x26 0xa902f203 mem 0x80010728
core   0: 0x800011d4 (0xfe811e03) lh      t3, -24(sp)
core   0: 3 0x800011d4 (0xfe811e03) x28 0x00007f93 mem 0x800106f0
core   0: 0x800011d8 (0xfc8101a3) sb      s0, -61(sp)
core   0: 3 0x800011d8 (0xfc8101a3) mem 0x800106cb 0xc5
core   0: 0x800011dc (0x02ffd233) divu    tp, t6, a5
core   0: 3 0x800011dc (0x02ffd233) x 4 0x00000000
core   0: 0x800011e0 (0x05c14403) lbu     s0, 92(sp)
core   0: 3 0x800011e0 (0x05c14403) x 8 0x00000032 mem 0x80010764
core   0: 0x800011e4 (0xfc214203) lbu     tp, -62(sp)
core   0: 3 0x800011e4 (0xfc214203) x 4 0x00000046 mem 0x800106ca
core   0: 0x800011e8 (0x09e11a03) lh      s4, 158(sp)
core   0: 3 0x800011e8 (0x09e11a03) x20 0x000026c9 mem 0x800107a6
core   0: 0x800011ec (0x41095993) srai    s3, s2, 16
core   0: 3 0x800011ec (0x41095993) x19 0x00000000
core   0: 0x800011f0 (0x4088d933) sra     s2, a7, s0
core   0: 3 0x800011f0 (0x4088d933) x18 0x00000000
core   0: 0x800011f4 (0x85288213) addi    tp, a7, -1966
core   0: 3 0x800011f4 (0x85288213) x 4 0xfffff919
core   0: 0x800011f8 (0x03c6e2b3) rem     t0, a3, t3
core   0: 3 0x800011f8 (0x03c6e2b3) x 5 0x0000007f
core   0: 0x800011fc (0x00310783) lb      a5, 3(sp)
core   0: 3 0x800011fc (0x00310783) x15 0xffffff81 mem 0x8001070b
core   0: 0x80001200 (0x037700b3) mul     ra, a4, s7
core   0: 3 0x80001200 (0x037700b3) x 1 0x00000000
core   0: 0x80001204 (0x0148fb33) and     s6, a7, s4
core   0: 3 0x80001204 (0x0148fb33) x22 0x000000c1
core   0: 0x80001208 (0x00000013) nop
core   0: 3 0x80001208 (0x00000013)
core   0: 0x8000120c (0xf4210ea3) sb      sp, -163(sp)
core   0: 3 0x8000120c (0xf4210ea3) mem 0x80010665 0x8
core   0: 0x80001210 (0x40603e13) sltiu   t3, zero, 1030
core   0: 3 0x80001210 (0x40603e13) x28 0x00000001
core   0: 0x80001214 (0x0bc101a3) sb      t3, 163(sp)
core   0: 3 0x80001214 (0x0bc101a3) mem 0x800107ab 0x1
core   0: 0x80001218 (0x00014117) auipc   sp, 0x14
core   0: 3 0x80001218 (0x00014117) x 2 0x80015218
core   0: 0x8000121c (0x43a10113) addi    sp, sp, 1082
core   0: 3 0x8000121c (0x43a10113) x 2 0x80015652
core   0: 0x80001220 (0x03009ab3) mulh    s5, ra, a6
core   0: 3 0x80001220 (0x03009ab3) x21 0x00000000
core   0: 0x80001224 (0x0004dc93) srli    s9, s1, 0
core   0: 3 0x80001224 (0x0004dc93) x25 0xfffff85f
core   0: 0x80001228 (0x04c10003) lb      zero, 76(sp)
core   0: 3 0x80001228 (0x04c10003) mem 0x8001569e
core   0: 0x8000122c (0x0cd10303) lb      t1, 205(sp)
core   0: 3 0x8000122c (0x0cd10303) x 6 0x00000024 mem 0x8001571f
core   0: 0x80001230 (0x030680b3) mul     ra, a3, a6
core   0: 3 0x80001230 (0x030680b3) x 1 0x812cd39c
core   0: 0x80001234 (0x04514083) lbu     ra, 69(sp)
core   0: 3 0x80001234 (0x04514083) x 1 0x000000e0 mem 0x80015697
core   0: 0x80001238 (0x02ad4933) div     s2, s10, a0
core   0: 3 0x80001238 (0x02ad4933) x18 0x00deb0c7
core   0: 0x8000123c (0x2bab6b37) lui     s6, 0x2bab6
core   0: 3 0x8000123c (0x2bab6b37) x22 0x2bab6000
core   0: 0x80001240 (0x036e96b3) mulh    a3, t4, s6
core   0: 3 0x80001240 (0x036e96b3) x13 0x00000011
core   0: 0x80001244 (0xf5011f03) lh      t5, -176(sp)
core   0: 3 0x80001244 (0xf5011f03) x30 0x00002102 mem 0x800155a2
core   0: 0x80001248 (0x0ba10623) sb      s10, 172(sp)
core   0: 3 0x80001248 (0x0ba10623) mem 0x800156fe 0x3
core   0: 0x8000124c (0x01399b33) sll     s6, s3, s3
core   0: 3 0x8000124c (0x01399b33) x22 0x00000000
core   0: 0x80001250 (0x02ed0eb3) mul     t4, s10, a4
core   0: 3 0x80001250 (0x02ed0eb3) x29 0x00000000
core   0: 0x80001254 (0x05510ca3) sb      s5, 89(sp)
core   0: 3 0x80001254 (0x05510ca3) mem 0x800156ab 0x0
core   0: 0x80001258 (0xee223d37) lui     s10, 0xee223
core   0: 3 0x80001258 (0xee223d37) x26 0xee223000
core   0: 0x8000125c (0x019f0e33) add     t3, t5, s9
core   0: 3 0x8000125c (0x019f0e33) x28 0x00001961
core   0: 0x80001260 (0x06611023) sh      t1, 96(sp)
core   0: 3 0x80001260 (0x06611023) mem 0x800156b2 0x0024
core   0: 0x80001264 (0x40985493) srai    s1, a6, 9
core   0: 3 0x80001264 (0x40985493) x 9 0xffc0012f
core   0: 0x80001268 (0xdd9cf913) andi    s2, s9, -551
core   0: 3 0x80001268 (0xdd9cf913) x18 0xfffff859
core   0: 0x8000126c (0x4140d533) sra     a0, ra, s4
core   0: 3 0x8000126c (0x4140d533) x10 0x00000000
core   0: 0x80001270 (0x02ef8bb3) mul     s7, t6, a4
core   0: 3 0x80001270 (0x02ef8bb3) x23 0x00000000
core   0: 0x80001274 (0x8c2e4037) lui     zero, 0x8c2e4
core   0: 3 0x80001274 (0x8c2e4037)
core   0: 0x80001278 (0x04610423) sb      t1, 72(sp)
core   0: 3 0x80001278 (0x04610423) mem 0x8001569a 0x24
core   0: 0x8000127c (0x03edefb3) rem     t6, s11, t5
core   0: 3 0x8000127c (0x03edefb3) x31 0x000011d6
core   0: 0x80001280 (0x0f810023) sb      s8, 224(sp)
core   0: 3 0x80001280 (0x0f810023) mem 0x80015732 0xe4
core   0: 0x80001284 (0x41445d33) sra     s10, s0, s4
core   0: 3 0x80001284 (0x41445d33) x26 0x00000000
core   0: 0x80001288 (0x05014883) lbu     a7, 80(sp)
core   0: 3 0x80001288 (0x05014883) x17 0x000000c8 mem 0x800156a2
core   0: 0x8000128c (0x00000013) nop
core   0: 3 0x8000128c (0x00000013)
core   0: 0x80001290 (0x41ff51b3) sra     gp, t5, t6
core   0: 3 0x80001290 (0x41ff51b3) x 3 0x00000000
core   0: 0x80001294 (0xf1214283) lbu     t0, -238(sp)
core   0: 3 0x80001294 (0xf1214283) x 5 0x0000004a mem 0x80015564
core   0: 0x80001298 (0x00016b17) auipc   s6, 0x16
core   0: 3 0x80001298 (0x00016b17) x22 0x80017298
core   0: 0x8000129c (0x16fb0b13) addi    s6, s6, 367
core   0: 3 0x8000129c (0x16fb0b13) x22 0x80017407
core   0: 0x800012a0 (0x3fcb4583) lbu     a1, 1020(s6)
core   0: 3 0x800012a0 (0x3fcb4583) x11 0x00000060 mem 0x80017803
core   0: 0x800012a4 (0x5213b193) sltiu   gp, t2, 1313
core   0: 3 0x800012a4 (0x5213b193) x 3 0x00000001
core   0: 0x800012a8 (0x01b670b3) and     ra, a2, s11
core   0: 3 0x800012a8 (0x01b670b3) x 1 0x00000000
core   0: 0x800012ac (0xa6db0203) lb      tp, -1427(s6)
core   0: 3 0x800012ac (0xa6db0203) x 4 0xffffff95 mem 0x80016e74
core   0: 0x800012b0 (0x030b35b3) mulhu   a1, s6, a6
core   0: 3 0x800012b0 (0x030b35b3) x11 0x4001e938
core   0: 0x800012b4 (0xa9eb11a3) sh      t5, -1405(s6)
core   0: 3 0x800012b4 (0xa9eb11a3) mem 0x80016e8a 0x2102
core   0: 0x800012b8 (0x00a066b3) or      a3, zero, a0
core   0: 3 0x800012b8 (0x00a066b3) x13 0x00000000
core   0: 0x800012bc (0x011cbfb3) sltu    t6, s9, a7
core   0: 3 0x800012bc (0x011cbfb3) x31 0x00000000
core   0: 0x800012c0 (0x00506733) or      a4, zero, t0
core   0: 3 0x800012c0 (0x00506733) x14 0x0000004a
core   0: 0x800012c4 (0x01ca9133) sll     sp, s5, t3
core   0: 3 0x800012c4 (0x01ca9133) x 2 0x00000000
core   0: 0x800012c8 (0x03bebab3) mulhu   s5, t4, s11
core   0: 3 0x800012c8 (0x03bebab3) x21 0x00000000
core   0: 0x800012cc (0xebb9c013) xori    zero, s3, -325
core   0: 3 0x800012cc (0xebb9c013)
core   0: 0x800012d0 (0x00916433) or      s0, sp, s1
core   0: 3 0x800012d0 (0x00916433) x 8 0xffc0012f
core   0: 0x800012d4 (0xa1cb4583) lbu     a1, -1508(s6)
core   0: 3 0x800012d4 (0xa1cb4583) x11 0x0000008d mem 0x80016e23
core   0: 0x800012d8 (0xfbbb0503) lb      a0, -69(s6)
core   0: 3 0x800012d8 (0xfbbb0503) x10 0xffffffba mem 0x800173c2
core   0: 0x800012dc (0x41d15b93) srai    s7, sp, 29
core   0: 3 0x800012dc (0x41d15b93) x23 0x00000000
core   0: 0x800012e0 (0x03f84e33) div     t3, a6, t6
core   0: 3 0x800012e0 (0x03f84e33) x28 0xffffffff
core   0: 0x800012e4 (0x02d3f733) remu    a4, t2, a3
core   0: 3 0x800012e4 (0x02d3f733) x14 0x000000fc
core   0: 0x800012e8 (0x474b2ea3) sw      s4, 1149(s6)
core   0: 3 0x800012e8 (0x474b2ea3) mem 0x80017884 0x000026c9
core   0: 0x800012ec (0x4b5b07a3) sb      s5, 1199(s6)
core   0: 3 0x800012ec (0x4b5b07a3) mem 0x800178b6 0x0
core   0: 0x800012f0 (0x45786593) ori     a1, a6, 1111
core   0: 3 0x800012f0 (0x45786593) x11 0x80025e77
core   0: 0x800012f4 (0x2fbb4483) lbu     s1, 763(s6)
core   0: 3 0x800012f4 (0x2fbb4483) x 9 0x000000ec mem 0x80017702
core   0: 0x800012f8 (0x0190a533) slt     a0, ra, s9
core   0: 3 0x800012f8 (0x0190a533) x10 0x00000000
core   0: 0x800012fc (0x026e34b3) mulhu   s1, t3, t1
core   0: 3 0x800012fc (0x026e34b3) x 9 0x00000023
core   0: 0x80001300 (0x469b3e13) sltiu   t3, s6, 1129
core   0: 3 0x80001300 (0x469b3e13) x28 0x00000000
core   0: 0x80001304 (0x16db0c23) sb      a3, 376(s6)
core   0: 3 0x80001304 (0x16db0c23) mem 0x8001757f 0x0
core   0: 0x80001308 (0x0233e9b3) rem     s3, t2, gp
core   0: 3 0x80001308 (0x0233e9b3) x19 0x00000000
core   0: 0x8000130c (0xbc4b4a83) lbu     s5, -1084(s6)
core   0: 3 0x8000130c (0xbc4b4a83) x21 0x0000000f mem 0x80016fcb
core   0: 0x80001310 (0x0000f497) auipc   s1, 0xf
core   0: 3 0x80001310 (0x0000f497) x 9 0x80010310
core   0: 0x80001314 (0x6c848493) addi    s1, s1, 1736
core   0: 3 0x80001314 (0x6c848493) x 9 0x800109d8
core   0: 0x80001318 (0xc3c60e17) auipc   t3, 0xc3c60
core   0: 3 0x80001318 (0xc3c60e17) x28 0x43c61318
core   0: 0x8000131c (0x416ad433) sra     s0, s5, s6
core   0: 3 0x8000131c (0x416ad433) x 8 0x00000000
core   0: 0x80001320 (0x0054c883) lbu     a7, 5(s1)
core   0: 3 0x80001320 (0x0054c883) x17 0x00000086 mem 0x800109dd
core   0: 0x80001324 (0x010fa533) slt     a0, t6, a6
core   0: 3 0x80001324 (0x010fa533) x10 0x00000000
core   0: 0x80001328 (0xe170ad97) auipc   s11, 0xe170a
core   0: 3 0x80001328 (0xe170ad97) x27 0x6170b328
core   0: 0x8000132c (0x59f84417) auipc   s0, 0x59f84
core   0: 3 0x8000132c (0x59f84417) x 8 0xd9f8532c
core   0: 0x80001330 (0xff648a83) lb      s5, -10(s1)
core   0: 3 0x80001330 (0xff648a83) x21 0x00000001 mem 0x800109ce
core   0: 0x80001334 (0x0004f233) and     tp, s1, zero
core   0: 3 0x80001334 (0x0004f233) x 4 0x00000000
core   0: 0x80001338 (0xfe148fa3) sb      ra, -1(s1)
core   0: 3 0x80001338 (0xfe148fa3) mem 0x800109d7 0x0
core   0: 0x8000133c (0x00a7e7b3) or      a5, a5, a0
core   0: 3 0x8000133c (0x00a7e7b3) x15 0xffffff81
core   0: 0x80001340 (0x00b7ab33) slt     s6, a5, a1
core   0: 3 0x80001340 (0x00b7ab33) x22 0x00000000
core   0: 0x80001344 (0x00b48703) lb      a4, 11(s1)
core   0: 3 0x80001344 (0x00b48703) x14 0xffffff95 mem 0x800109e3
core   0: 0x80001348 (0x00249523) sh      sp, 10(s1)
core   0: 3 0x80001348 (0x00249523) mem 0x800109e2 0x0000
core   0: 0x8000134c (0x03bc25b3) mulhsu  a1, s8, s11
core   0: 3 0x8000134c (0x03bc25b3) x11 0xcf48a504
core   0: 0x80001350 (0xffe48ea3) sb      t5, -3(s1)
core   0: 3 0x80001350 (0xffe48ea3) mem 0x800109d5 0x2
core   0: 0x80001354 (0x02b70b33) mul     s6, a4, a1
core   0: 3 0x80001354 (0x02b70b33) x22 0x5ca30754
core   0: 0x80001358 (0x409702b3) sub     t0, a4, s1
core   0: 3 0x80001358 (0x409702b3) x 5 0x7ffef5bd
core   0: 0x8000135c (0x6cabce37) lui     t3, 0x6cabc
core   0: 3 0x8000135c (0x6cabce37) x28 0x6cabc000
core   0: 0x80001360 (0x0044de03) lhu     t3, 4(s1)
core   0: 3 0x80001360 (0x0044de03) x28 0x0000862b mem 0x800109dc
core   0: 0x80001364 (0x027e8a33) mul     s4, t4, t2
core   0: 3 0x80001364 (0x027e8a33) x20 0x00000000
core   0: 0x80001368 (0xfee48ca3) sb      a4, -7(s1)
core   0: 3 0x80001368 (0xfee48ca3) mem 0x800109d1 0x95
core   0: 0x8000136c (0x229b0a13) addi    s4, s6, 553
core   0: 3 0x8000136c (0x229b0a13) x20 0x5ca3097d
core   0: 0x80001370 (0x01e4a223) sw      t5, 4(s1)
core   0: 3 0x80001370 (0x01e4a223) mem 0x800109dc 0x00002102
core   0: 0x80001374 (0x02869a33) mulh    s4, a3, s0
core   0: 3 0x80001374 (0x02869a33) x20 0x00000000
core   0: 0x80001378 (0x0343d733) divu    a4, t2, s4
core   0: 3 0x80001378 (0x0343d733) x14 0xffffffff
core   0: 0x8000137c (0xfef48ba3) sb      a5, -9(s1)
core   0: 3 0x8000137c (0xfef48ba3) mem 0x800109cf 0x81
core   0: 0x80001380 (0xff84d003) lhu     zero, -8(s1)
core   0: 3 0x80001380 (0xff84d003) mem 0x800109d0
core   0: 0x80001384 (0xffd48d03) lb      s10, -3(s1)
core   0: 3 0x80001384 (0xffd48d03) x26 0x00000002 mem 0x800109d5
core   0: 0x80001388 (0x00000013) nop
core   0: 3 0x80001388 (0x00000013)
core   0: 0x8000138c (0x021b48b3) div     a7, s6, ra
core   0: 3 0x8000138c (0x021b48b3) x17 0xffffffff
core   0: 0x80001390 (0xffc4ca83) lbu     s5, -4(s1)
core   0: 3 0x80001390 (0xffc4ca83) x21 0x00000051 mem 0x800109d4
core   0: 0x80001394 (0x008481a3) sb      s0, 3(s1)
core   0: 3 0x80001394 (0x008481a3) mem 0x800109db 0x2c
core   0: 0x80001398 (0xff548383) lb      t2, -11(s1)
core   0: 3 0x80001398 (0xff548383) x 7 0xffffffd8 mem 0x800109cd
core   0: 0x8000139c (0x00010b97) auipc   s7, 0x10
core   0: 3 0x8000139c (0x00010b97) x23 0x8001139c
core   0: 0x800013a0 (0xc8db8b93) addi    s7, s7, -883
core   0: 3 0x800013a0 (0xc8db8b93) x23 0x80011029
core   0: 0x800013a4 (0xf98bcc83) lbu     s9, -104(s7)
core   0: 3 0x800013a4 (0xf98bcc83) x25 0x00000005 mem 0x80010fc1
core   0: 0x800013a8 (0x0325da33) divu    s4, a1, s2
core   0: 3 0x800013a8 (0x0325da33) x20 0x00000000
core   0: 0x800013ac (0xfb2b8683) lb      a3, -78(s7)
core   0: 3 0x800013ac (0xfb2b8683) x13 0xffffffbb mem 0x80010fdb
core   0: 0x800013b0 (0x40715d33) sra     s10, sp, t2
core   0: 3 0x800013b0 (0x40715d33) x26 0x00000000
core   0: 0x800013b4 (0x419656b3) sra     a3, a2, s9
core   0: 3 0x800013b4 (0x419656b3) x13 0xfc000000
core   0: 0x800013b8 (0xf9dbdf03) lhu     t5, -99(s7)
core   0: 3 0x800013b8 (0xf9dbdf03) x30 0x00002e14 mem 0x80010fc6
core   0: 0x800013bc (0x007bde83) lhu     t4, 7(s7)
core   0: 3 0x800013bc (0x007bde83) x29 0x0000139a mem 0x80011030
core   0: 0x800013c0 (0xf0fbca83) lbu     s5, -241(s7)
core   0: 3 0x800013c0 (0xf0fbca83) x21 0x0000000b mem 0x80010f38
core   0: 0x800013c4 (0xf4cbc703) lbu     a4, -180(s7)
core   0: 3 0x800013c4 (0xf4cbc703) x14 0x0000005e mem 0x80010f75
core   0: 0x800013c8 (0xf3eb8083) lb      ra, -194(s7)
core   0: 3 0x800013c8 (0xf3eb8083) x 1 0x00000034 mem 0x80010f67
core   0: 0x800013cc (0xf00b9fa3) sh      zero, -225(s7)
core   0: 3 0x800013cc (0xf00b9fa3) mem 0x80010f48 0x0000
core   0: 0x800013d0 (0xf9db92a3) sh      t4, -123(s7)
core   0: 3 0x800013d0 (0xf9db92a3) mem 0x80010fae 0x139a
core   0: 0x800013d4 (0xf7cb8b03) lb      s6, -132(s7)
core   0: 3 0x800013d4 (0xf7cb8b03) x22 0x0000004d mem 0x80010fa5
core   0: 0x800013d8 (0xf6eb83a3) sb      a4, -153(s7)
core   0: 3 0x800013d8 (0xf6eb83a3) mem 0x80010f90 0x5e
core   0: 0x800013dc (0x40c50733) sub     a4, a0, a2
core   0: 3 0x800013dc (0x40c50733) x14 0x80000000
core   0: 0x800013e0 (0xfdcb8503) lb      a0, -36(s7)
core   0: 3 0x800013e0 (0xfdcb8503) x10 0x0000006f mem 0x80011005
core   0: 0x800013e4 (0xf3abc903) lbu     s2, -198(s7)
core   0: 3 0x800013e4 (0xf3abc903) x18 0x0000009d mem 0x80010f63
core   0: 0x800013e8 (0xf17bdb03) lhu     s6, -233(s7)
core   0: 3 0x800013e8 (0xf17bdb03) x22 0x0000a0a8 mem 0x80010f40
core   0: 0x800013ec (0xa1f0a517) auipc   a0, 0xa1f0a
core   0: 3 0x800013ec (0xa1f0a517) x10 0x21f0b3ec
core   0: 0x800013f0 (0xa0c51797) auipc   a5, 0xa0c51
core   0: 3 0x800013f0 (0xa0c51797) x15 0x20c523f0
core   0: 0x800013f4 (0x00956b33) or      s6, a0, s1
core   0: 3 0x800013f4 (0x00956b33) x22 0xa1f1bbfc
core   0: 0x800013f8 (0x41f450b3) sra     ra, s0, t6
core   0: 3 0x800013f8 (0x41f450b3) x 1 0xd9f8532c
core   0: 0x800013fc (0xf1dbcb03) lbu     s6, -227(s7)
core   0: 3 0x800013fc (0xf1dbcb03) x22 0x000000d6 mem 0x80010f46
core   0: 0x80001400 (0x031e4f33) div     t5, t3, a7
core   0: 3 0x80001400 (0x031e4f33) x30 0xffff79d5
core   0: 0x80001404 (0x41a60b33) sub     s6, a2, s10
core   0: 3 0x80001404 (0x41a60b33) x22 0x80000000
core   0: 0x80001408 (0x01b11ab3) sll     s5, sp, s11
core   0: 3 0x80001408 (0x01b11ab3) x21 0x00000000
core   0: 0x8000140c (0xf860af13) slti    t5, ra, -122
core   0: 3 0x8000140c (0xf860af13) x30 0x00000001
core   0: 0x80001410 (0xf53b9f83) lh      t6, -173(s7)
core   0: 3 0x80001410 (0xf53b9f83) x31 0x000041b0 mem 0x80010f7c
core   0: 0x80001414 (0xf82ba7a3) sw      sp, -113(s7)
core   0: 3 0x80001414 (0xf82ba7a3) mem 0x80010fb8 0x00000000
core   0: 0x80001418 (0xfe0bc303) lbu     t1, -32(s7)
core   0: 3 0x80001418 (0xfe0bc303) x 6 0x000000de mem 0x80011009
core   0: 0x8000141c (0xfebbca83) lbu     s5, -21(s7)
core   0: 3 0x8000141c (0xfebbca83) x21 0x00000071 mem 0x80011014
core   0: 0x80001420 (0xf8dbd103) lhu     sp, -115(s7)
core   0: 3 0x80001420 (0xf8dbd103) x 2 0x0000e950 mem 0x80010fb6
core   0: 0x80001424 (0xf68b8703) lb      a4, -152(s7)
core   0: 3 0x80001424 (0xf68b8703) x14 0x0000001b mem 0x80010f91
core   0: 0x80001428 (0x4dd0f713) andi    a4, ra, 1245
core   0: 3 0x80001428 (0x4dd0f713) x14 0x0000000c
core   0: 0x8000142c (0x41ccd4b3) sra     s1, s9, t3
core   0: 3 0x8000142c (0x41ccd4b3) x 9 0x00000000
core   0: 0x80001430 (0x0d9af793) andi    a5, s5, 217
core   0: 3 0x80001430 (0x0d9af793) x15 0x00000051
core   0: 0x80001434 (0xfbbb9a83) lh      s5, -69(s7)
core   0: 3 0x80001434 (0xfbbb9a83) x21 0xfffffd8f mem 0x80010fe4
core   0: 0x80001438 (0xf5bb8883) lb      a7, -165(s7)
core   0: 3 0x80001438 (0xf5bb8883) x17 0xffffffcd mem 0x80010f84
core   0: 0x8000143c (0x0000f117) auipc   sp, 0xf
core   0: 3 0x8000143c (0x0000f117) x 2 0x8001043c
core   0: 0x80001440 (0x3f310113) addi    sp, sp, 1011
core   0: 3 0x80001440 (0x3f310113) x 2 0x8001082f
core   0: 0x80001444 (0x00610a03) lb      s4, 6(sp)
core   0: 3 0x80001444 (0x00610a03) x20 0x0000007e mem 0x80010835
core   0: 0x80001448 (0x00ba9493) slli    s1, s5, 11
core   0: 3 0x80001448 (0x00ba9493) x 9 0xffec7800
core   0: 0x8000144c (0xc5cb3413) sltiu   s0, s6, -932
core   0: 3 0x8000144c (0xc5cb3413) x 8 0x00000001
core   0: 0x80001450 (0x01e45db3) srl     s11, s0, t5
core   0: 3 0x80001450 (0x01e45db3) x27 0x00000000
core   0: 0x80001454 (0xffc10183) lb      gp, -4(sp)
core   0: 3 0x80001454 (0xffc10183) x 3 0xffffff8f mem 0x8001082b
core   0: 0x80001458 (0x00885733) srl     a4, a6, s0
core   0: 3 0x80001458 (0x00885733) x14 0x40012f32
core   0: 0x8000145c (0x00b10183) lb      gp, 11(sp)
core   0: 3 0x8000145c (0x00b10183) x 3 0x0000002e mem 0x8001083a
core   0: 0x80001460 (0xff810a23) sb      s8, -12(sp)
core   0: 3 0x80001460 (0xff810a23) mem 0x80010823 0xe4
core   0: 0x80001464 (0x01d655b3) srl     a1, a2, t4
core   0: 3 0x80001464 (0x01d655b3) x11 0x00000020
core   0: 0x80001468 (0x02002933) mulhsu  s2, zero, zero
core   0: 3 0x80001468 (0x02002933) x18 0x00000000
core   0: 0x8000146c (0x013107a3) sb      s3, 15(sp)
core   0: 3 0x8000146c (0x013107a3) mem 0x8001083e 0x0
core   0: 0x80001470 (0xfea10b23) sb      a0, -10(sp)
core   0: 3 0x80001470 (0xfea10b23) mem 0x80010825 0xec
core   0: 0x80001474 (0x0ccd6b97) auipc   s7, 0xccd6
core   0: 3 0x80001474 (0x0ccd6b97) x23 0x8ccd7474
core   0: 0x80001478 (0xffa11da3) sh      s10, -5(sp)
core   0: 3 0x80001478 (0xffa11da3) mem 0x8001082a 0x0000
core   0: 0x8000147c (0x0334fd33) remu    s10, s1, s3
core   0: 3 0x8000147c (0x0334fd33) x26 0xffec7800
core   0: 0x80001480 (0x84f254b7) lui     s1, 0x84f25
core   0: 3 0x80001480 (0x84f254b7) x 9 0x84f25000
core   0: 0x80001484 (0xffc10503) lb      a0, -4(sp)
core   0: 3 0x80001484 (0xffc10503) x10 0x00000000 mem 0x8001082b
core   0: 0x80001488 (0xfec10ba3) sb      a2, -9(sp)
core   0: 3 0x80001488 (0xfec10ba3) mem 0x80010826 0x0
core   0: 0x8000148c (0x01312733) slt     a4, sp, s3
core   0: 3 0x8000148c (0x01312733) x14 0x00000001
core   0: 0x80001490 (0xaa087e13) andi    t3, a6, -1376
core   0: 3 0x80001490 (0xaa087e13) x28 0x80025a20
core   0: 0x80001494 (0x00110523) sb      ra, 10(sp)
core   0: 3 0x80001494 (0x00110523) mem 0x80010839 0x2c
core   0: 0x80001498 (0x00b14883) lbu     a7, 11(sp)
core   0: 3 0x80001498 (0x00b14883) x17 0x0000002e mem 0x8001083a
core   0: 0x8000149c (0x00912203) lw      tp, 9(sp)
core   0: 3 0x8000149c (0x00912203) x 4 0x122e2c92 mem 0x80010838
core   0: 0x800014a0 (0x41a45033) sra     zero, s0, s10
core   0: 3 0x800014a0 (0x41a45033)
core   0: 0x800014a4 (0xfe611ba3) sh      t1, -9(sp)
core   0: 3 0x800014a4 (0xfe611ba3) mem 0x80010826 0x00de
core   0: 0x800014a8 (0xff614903) lbu     s2, -10(sp)
core   0: 3 0x800014a8 (0xff614903) x18 0x000000ec mem 0x80010825
core   0: 0x800014ac (0x00d11383) lh      t2, 13(sp)
core   0: 3 0x800014ac (0x00d11383) x 7 0xffff9789 mem 0x8001083c
core   0: 0x800014b0 (0x414d06b3) sub     a3, s10, s4
core   0: 3 0x800014b0 (0x414d06b3) x13 0xffec7782
core   0: 0x800014b4 (0x4046dd13) srai    s10, a3, 4
core   0: 3 0x800014b4 (0x4046dd13) x26 0xfffec778
core   0: 0x800014b8 (0x03ef2ab3) mulhsu  s5, t5, t5
core   0: 3 0x800014b8 (0x03ef2ab3) x21 0x00000000
core   0: 0x800014bc (0x00b10523) sb      a1, 10(sp)
core   0: 3 0x800014bc (0x00b10523) mem 0x80010839 0x20
core   0: 0x800014c0 (0xff915483) lhu     s1, -7(sp)
core   0: 3 0x800014c0 (0xff915483) x 9 0x00001e32 mem 0x80010828
core   0: 0x800014c4 (0x00911383) lh      t2, 9(sp)
core   0: 3 0x800014c4 (0x00911383) x 7 0x00002092 mem 0x80010838
core   0: 0x800014c8 (0x00012117) auipc   sp, 0x12
core   0: 3 0x800014c8 (0x00012117) x 2 0x800134c8
core   0: 0x800014cc (0xaa210113) addi    sp, sp, -1374
core   0: 3 0x800014cc (0xaa210113) x 2 0x80012f6a
core   0: 0x800014d0 (0xf0b11e23) sh      a1, -228(sp)
core   0: 3 0x800014d0 (0xf0b11e23) mem 0x80012e86 0x0020
core   0: 0x800014d4 (0x02ad7a33) remu    s4, s10, a0
core   0: 3 0x800014d4 (0x02ad7a33) x20 0xfffec778
core   0: 0x800014d8 (0x01f735b3) sltu    a1, a4, t6
core   0: 3 0x800014d8 (0x01f735b3) x11 0x00000001
core   0: 0x800014dc (0x67a10b23) sb      s10, 1654(sp)
core   0: 3 0x800014dc (0x67a10b23) mem 0x800135e0 0x78
core   0: 0x800014e0 (0xd5610ea3) sb      s6, -675(sp)
core   0: 3 0x800014e0 (0xd5610ea3) mem 0x80012cc7 0x0
core   0: 0x800014e4 (0xc0e100a3) sb      a4, -1023(sp)
core   0: 3 0x800014e4 (0xc0e100a3) mem 0x80012b6b 0x1
core   0: 0x800014e8 (0x27e15983) lhu     s3, 638(sp)
core   0: 3 0x800014e8 (0x27e15983) x19 0x0000b6b1 mem 0x800131e8
core   0: 0x800014ec (0x00d291b3) sll     gp, t0, a3
core   0: 3 0x800014ec (0x00d291b3) x 3 0xfffbd6f4
core   0: 0x800014f0 (0x01043233) sltu    tp, s0, a6
core   0: 3 0x800014f0 (0x01043233) x 4 0x00000001
core   0: 0x800014f4 (0x40605a93) srai    s5, zero, 6
core   0: 3 0x800014f4 (0x40605a93) x21 0x00000000
core   0: 0x800014f8 (0xd5f08213) addi    tp, ra, -673
core   0: 3 0x800014f8 (0xd5f08213) x 4 0xd9f8508b
core   0: 0x800014fc (0x40c204b3) sub     s1, tp, a2
core   0: 3 0x800014fc (0x40c204b3) x 9 0x59f8508b
core   0: 0x80001500 (0x5db109a3) sb      s11, 1491(sp)
core   0: 3 0x80001500 (0x5db109a3) mem 0x8001353d 0x0
core   0: 0x80001504 (0x01630433) add     s0, t1, s6
core   0: 3 0x80001504 (0x01630433) x 8 0x800000de
core   0: 0x80001508 (0x0217f8b3) remu    a7, a5, ra
core   0: 3 0x80001508 (0x0217f8b3) x17 0x00000051
core   0: 0x8000150c (0x02359eb3) mulh    t4, a1, gp
core   0: 3 0x8000150c (0x02359eb3) x29 0xffffffff
core   0: 0x80001510 (0x01eec233) xor     tp, t4, t5
core   0: 3 0x80001510 (0x01eec233) x 4 0xfffffffe
core   0: 0x80001514 (0x406d5e93) srai    t4, s10, 6
core   0: 3 0x80001514 (0x406d5e93) x29 0xfffffb1d
core   0: 0x80001518 (0x032e4db3) div     s11, t3, s2
core   0: 3 0x80001518 (0x032e4db3) x27 0xff75299b
core   0: 0x8000151c (0x00e61fb3) sll     t6, a2, a4
core   0: 3 0x8000151c (0x00e61fb3) x31 0x00000000
core   0: 0x80001520 (0x402489b3) sub     s3, s1, sp
core   0: 3 0x80001520 (0x402489b3) x19 0xd9f72121
core   0: 0x80001524 (0x016d1933) sll     s2, s10, s6
core   0: 3 0x80001524 (0x016d1933) x18 0xfffec778
core   0: 0x80001528 (0xf5a11f23) sh      s10, -162(sp)
core   0: 3 0x80001528 (0xf5a11f23) mem 0x80012ec8 0xc778
core   0: 0x8000152c (0xb0be2b93) slti    s7, t3, -1269
core   0: 3 0x8000152c (0xb0be2b93) x23 0x00000001
core   0: 0x80001530 (0x01b630b3) sltu    ra, a2, s11
core   0: 3 0x80001530 (0x01b630b3) x 1 0x00000001
core   0: 0x80001534 (0xb3a14783) lbu     a5, -1222(sp)
core   0: 3 0x80001534 (0xb3a14783) x15 0x00000094 mem 0x80012aa4
core   0: 0x80001538 (0x00753bb3) sltu    s7, a0, t2
core   0: 3 0x80001538 (0x00753bb3) x23 0x00000001
core   0: 0x8000153c (0x32610ea3) sb      t1, 829(sp)
core   0: 3 0x8000153c (0x32610ea3) mem 0x800132a7 0xde
core   0: 0x80001540 (0x005b6033) or      zero, s6, t0
core   0: 3 0x80001540 (0x005b6033)
core   0: 0x80001544 (0x2fd1f993) andi    s3, gp, 765
core   0: 3 0x80001544 (0x2fd1f993) x19 0x000002f4
core   0: 0x80001548 (0xa86fa893) slti    a7, t6, -1402
core   0: 3 0x80001548 (0xa86fa893) x17 0x00000000
core   0: 0x8000154c (0x44f14b03) lbu     s6, 1103(sp)
core   0: 3 0x8000154c (0x44f14b03) x22 0x0000009a mem 0x800133b9
core   0: 0x80001550 (0x0000f917) auipc   s2, 0xf
core   0: 3 0x80001550 (0x0000f917) x18 0x80010550
core   0: 0x80001554 (0x44490913) addi    s2, s2, 1092
core   0: 3 0x80001554 (0x44490913) x18 0x80010994
core   0: 0x80001558 (0xf7b90423) sb      s11, -152(s2)
core   0: 3 0x80001558 (0xf7b90423) mem 0x800108fc 0x9b
core   0: 0x8000155c (0x03a55eb3) divu    t4, a0, s10
core   0: 3 0x8000155c (0x03a55eb3) x29 0x00000000
core   0: 0x80001560 (0x00a52d33) slt     s10, a0, a0
core   0: 3 0x80001560 (0x00a52d33) x26 0x00000000
core   0: 0x80001564 (0x01aad033) srl     zero, s5, s10
core   0: 3 0x80001564 (0x01aad033)
core   0: 0x80001568 (0x00ea0433) add     s0, s4, a4
core   0: 3 0x80001568 (0x00ea0433) x 8 0xfffec779
core   0: 0x8000156c (0x03b35e33) divu    t3, t1, s11
core   0: 3 0x8000156c (0x03b35e33) x28 0x00000000
core   0: 0x80001570 (0x01079993) slli    s3, a5, 16
core   0: 3 0x80001570 (0x01079993) x19 0x00940000
core   0: 0x80001574 (0x03571233) mulh    tp, a4, s5
core   0: 3 0x80001574 (0x03571233) x 4 0x00000000
core   0: 0x80001578 (0x00000013) nop
core   0: 3 0x80001578 (0x00000013)
core   0: 0x8000157c (0x01355793) srli    a5, a0, 19
core   0: 3 0x8000157c (0x01355793) x15 0x00000000
core   0: 0x80001580 (0x04490d23) sb      tp, 90(s2)
core   0: 3 0x80001580 (0x04490d23) mem 0x800109ee 0x0
core   0: 0x80001584 (0xf4f907a3) sb      a5, -177(s2)
core   0: 3 0x80001584 (0xf4f907a3) mem 0x800108e3 0x0
core   0: 0x80001588 (0x24a0ca13) xori    s4, ra, 586
core   0: 3 0x80001588 (0x24a0ca13) x20 0x0000024b
core   0: 0x8000158c (0x037e85b3) mul     a1, t4, s7
core   0: 3 0x8000158c (0x037e85b3) x11 0x00000000
core   0: 0x80001590 (0x0a091483) lh      s1, 160(s2)
core   0: 3 0x80001590 (0x0a091483) x 9 0xfffff3e2 mem 0x80010a34
core   0: 0x80001594 (0x02f94383) lbu     t2, 47(s2)
core   0: 3 0x80001594 (0x02f94383) x 7 0x0000006b mem 0x800109c3
core   0: 0x80001598 (0xf2994783) lbu     a5, -215(s2)
core   0: 3 0x80001598 (0xf2994783) x15 0x0000000b mem 0x800108bd
core   0: 0x8000159c (0x40b85e13) srai    t3, a6, 11
core   0: 3 0x8000159c (0x40b85e13) x28 0xfff0004b
core   0: 0x800015a0 (0x41c00fb3) sub     t6, zero, t3
core   0: 3 0x800015a0 (0x41c00fb3) x31 0x000fffb5
core   0: 0x800015a4 (0xf1c909a3) sb      t3, -237(s2)
core   0: 3 0x800015a4 (0xf1c909a3) mem 0x800108a7 0x4b
core   0: 0x800015a8 (0x01492e23) sw      s4, 28(s2)
core   0: 3 0x800015a8 (0x01492e23) mem 0x800109b0 0x0000024b
core   0: 0x800015ac (0x03823033) mulhu   zero, tp, s8
core   0: 3 0x800015ac (0x03823033)
core   0: 0x800015b0 (0x00000013) nop
core   0: 3 0x800015b0 (0x00000013)
core   0: 0x800015b4 (0x41e85713) srai    a4, a6, 30
core   0: 3 0x800015b4 (0x41e85713) x14 0xfffffffe
core   0: 0x800015b8 (0xf6491523) sh      tp, -150(s2)
core   0: 3 0x800015b8 (0xf6491523) mem 0x800108fe 0x0000
core   0: 0x800015bc (0x09690e03) lb      t3, 150(s2)
core   0: 3 0x800015bc (0x09690e03) x28 0x0000001c mem 0x80010a2a
core   0: 0x800015c0 (0x29690c93) addi    s9, s2, 662
core   0: 3 0x800015c0 (0x29690c93) x25 0x80010c2a
core   0: 0x800015c4 (0x02ca9f33) mulh    t5, s5, a2
core   0: 3 0x800015c4 (0x02ca9f33) x30 0x00000000
core   0: 0x800015c8 (0x41bddcb3) sra     s9, s11, s11
core   0: 3 0x800015c8 (0x41bddcb3) x25 0xffffffff
core   0: 0x800015cc (0x00000013) nop
core   0: 3 0x800015cc (0x00000013)
core   0: 0x800015d0 (0x02f19e33) mulh    t3, gp, a5
core   0: 3 0x800015d0 (0x02f19e33) x28 0xffffffff
core   0: 0x800015d4 (0x03f94283) lbu     t0, 63(s2)
core   0: 3 0x800015d4 (0x03f94283) x 5 0x000000a2 mem 0x800109d3
core   0: 0x800015d8 (0xed5e0793) addi    a5, t3, -299
core   0: 3 0x800015d8 (0xed5e0793) x15 0xfffffed4
core   0: 0x800015dc (0x0370d233) divu    tp, ra, s7
core   0: 3 0x800015dc (0x0370d233) x 4 0x00000001
core   0: 0x800015e0 (0x018d51b3) srl     gp, s10, s8
core   0: 3 0x800015e0 (0x018d51b3) x 3 0x00000000
core   0: 0x800015e4 (0xfcf94083) lbu     ra, -49(s2)
core   0: 3 0x800015e4 (0xfcf94083) x 1 0x00000009 mem 0x80010963
core   0: 0x800015e8 (0xf01905a3) sb      ra, -245(s2)
core   0: 3 0x800015e8 (0xf01905a3) mem 0x8001089f 0x9
core   0: 0x800015ec (0x014ed1b3) srl     gp, t4, s4
core   0: 3 0x800015ec (0x014ed1b3) x 3 0x00000000
core   0: 0x800015f0 (0x02b94cb3) div     s9, s2, a1
core   0: 3 0x800015f0 (0x02b94cb3) x25 0xffffffff
core   0: 0x800015f4 (0x40f107b3) sub     a5, sp, a5
core   0: 3 0x800015f4 (0x40f107b3) x15 0x80013096
core   0: 0x800015f8 (0xdd41c693) xori    a3, gp, -556
core   0: 3 0x800015f8 (0xdd41c693) x13 0xfffffdd4
core   0: 0x800015fc (0x03056db3) rem     s11, a0, a6
core   0: 3 0x800015fc (0x03056db3) x27 0x00000000
core   0: 0x80001600 (0xf4894783) lbu     a5, -184(s2)
core   0: 3 0x80001600 (0xf4894783) x15 0x00000070 mem 0x800108dc
core   0: 0x80001604 (0x92211737) lui     a4, 0x92211
core   0: 3 0x80001604 (0x92211737) x14 0x92211000
core   0: 0x80001608 (0xf4c90b03) lb      s6, -180(s2)
core   0: 3 0x80001608 (0xf4c90b03) x22 0xffffffea mem 0x800108e0
core   0: 0x8000160c (0x00a950b3) srl     ra, s2, a0
core   0: 3 0x8000160c (0x00a950b3) x 1 0x80010994
core   0: 0x80001610 (0x00d579b3) and     s3, a0, a3
core   0: 3 0x80001610 (0x00d579b3) x19 0x00000000
core   0: 0x80001614 (0x039ea9b3) mulhsu  s3, t4, s9
core   0: 3 0x80001614 (0x039ea9b3) x19 0x00000000
core   0: 0x80001618 (0x00090263) beqz    s2, pc + 4
core   0: 3 0x80001618 (0x00090263)
core   0: 0x8000161c (0x41bf5913) srai    s2, t5, 27
core   0: 3 0x8000161c (0x41bf5913) x18 0x00000000
core   0: 0x80001620 (0x038a7c63) bgeu    s4, s8, pc + 56
core   0: 3 0x80001620 (0x038a7c63)
core   0: 0x80001624 (0x00ca26b3) slt     a3, s4, a2
core   0: 3 0x80001624 (0x00ca26b3) x13 0x00000000
core   0: 0x80001628 (0x013d33b3) sltu    t2, s10, s3
core   0: 3 0x80001628 (0x013d33b3) x 7 0x00000000
core   0: 0x8000162c (0xc78fc493) xori    s1, t6, -904
core   0: 3 0x8000162c (0xc78fc493) x 9 0xfff003cd
core   0: 0x80001630 (0x04975063) bge     a4, s1, pc + 64
core   0: 3 0x80001630 (0x04975063)
core   0: 0x80001634 (0x0420d663) bge     ra, sp, pc + 76
core   0: 3 0x80001634 (0x0420d663)
core   0: 0x80001638 (0x032618b3) mulh    a7, a2, s2
core   0: 3 0x80001638 (0x032618b3) x17 0x00000000
core   0: 0x8000163c (0x012501b3) add     gp, a0, s2
core   0: 3 0x8000163c (0x012501b3) x 3 0x00000000
core   0: 0x80001640 (0x00000013) nop
core   0: 3 0x80001640 (0x00000013)
core   0: 0x80001644 (0x87bccd13) xori    s10, s9, -1925
core   0: 3 0x80001644 (0x87bccd13) x26 0x00000784
core   0: 0x80001648 (0x008dbb33) sltu    s6, s11, s0
core   0: 3 0x80001648 (0x008dbb33) x22 0x00000001
core   0: 0x8000164c (0x02b55e63) bge     a0, a1, pc + 60
core   0: 3 0x8000164c (0x02b55e63)
core   0: 0x80001688 (0xb3466293) ori     t0, a2, -1228
core   0: 3 0x80001688 (0xb3466293) x 5 0xfffffb34
core   0: 0x8000168c (0x025d16b3) mulh    a3, s10, t0
core   0: 3 0x8000168c (0x025d16b3) x13 0xffffffff
core   0: 0x80001690 (0x010ec233) xor     tp, t4, a6
core   0: 3 0x80001690 (0x010ec233) x 4 0x80025e64
core   0: 0x80001694 (0x025dc133) div     sp, s11, t0
core   0: 3 0x80001694 (0x025dc133) x 2 0x00000000
core   0: 0x80001698 (0x41b55313) srai    t1, a0, 27
core   0: 3 0x80001698 (0x41b55313) x 6 0x00000000
core   0: 0x8000169c (0xf5d26e37) lui     t3, 0xf5d26
core   0: 3 0x8000169c (0xf5d26e37) x28 0xf5d26000
core   0: 0x800016a0 (0x02aa80b3) mul     ra, s5, a0
core   0: 3 0x800016a0 (0x02aa80b3) x 1 0x00000000
core   0: 0x800016a4 (0xae0cfcb7) lui     s9, 0xae0cf
core   0: 3 0x800016a4 (0xae0cfcb7) x25 0xae0cf000
core   0: 0x800016a8 (0x0017d463) bge     a5, ra, pc + 8
core   0: 3 0x800016a8 (0x0017d463)
core   0: 0x800016b0 (0x03ac2533) mulhsu  a0, s8, s10
core   0: 3 0x800016b0 (0x03ac2533) x10 0xfffffc3e
core   0: 0x800016b4 (0x001f98b3) sll     a7, t6, ra
core   0: 3 0x800016b4 (0x001f98b3) x17 0x000fffb5
core   0: 0x800016b8 (0x408f5013) srai    zero, t5, 8
core   0: 3 0x800016b8 (0x408f5013)
core   0: 0x800016bc (0x0312c8b3) div     a7, t0, a7
core   0: 3 0x800016bc (0x0312c8b3) x17 0x00000000
core   0: 0x800016c0 (0x00080cb3) add     s9, a6, zero
core   0: 3 0x800016c0 (0x00080cb3) x25 0x80025e64
core   0: 0x800016c4 (0x01310ab3) add     s5, sp, s3
core   0: 3 0x800016c4 (0x01310ab3) x21 0x00000000
core   0: 0x800016c8 (0x007c1313) slli    t1, s8, 7
core   0: 3 0x800016c8 (0x007c1313) x 6 0x014e7200
core   0: 0x800016cc (0x01caeeb3) or      t4, s5, t3
core   0: 3 0x800016cc (0x01caeeb3) x29 0xf5d26000
core   0: 0x800016d0 (0x03a637b3) mulhu   a5, a2, s10
core   0: 3 0x800016d0 (0x03a637b3) x15 0x000003c2
core   0: 0x800016d4 (0x00759713) slli    a4, a1, 7
core   0: 3 0x800016d4 (0x00759713) x14 0x00000000
core   0: 0x800016d8 (0x00e202b3) add     t0, tp, a4
core   0: 3 0x800016d8 (0x00e202b3) x 5 0x80025e64
core   0: 0x800016dc (0x6d4ce293) ori     t0, s9, 1748
core   0: 3 0x800016dc (0x6d4ce293) x 5 0x80025ef4
core   0: 0x800016e0 (0x016e2433) slt     s0, t3, s6
core   0: 3 0x800016e0 (0x016e2433) x 8 0x00000001
core   0: 0x800016e4 (0x00b90433) add     s0, s2, a1
core   0: 3 0x800016e4 (0x00b90433) x 8 0x00000000
core   0: 0x800016e8 (0x003720b3) slt     ra, a4, gp
core   0: 3 0x800016e8 (0x003720b3) x 1 0x00000000
core   0: 0x800016ec (0x001418b3) sll     a7, s0, ra
core   0: 3 0x800016ec (0x001418b3) x17 0x00000000
core   0: 0x800016f0 (0x03975033) divu    zero, a4, s9
core   0: 3 0x800016f0 (0x03975033)
core   0: 0x800016f4 (0x276b2a93) slti    s5, s6, 630
core   0: 3 0x800016f4 (0x276b2a93) x21 0x00000001
core   0: 0x800016f8 (0x0229d063) bge     s3, sp, pc + 32
core   0: 3 0x800016f8 (0x0229d063)
core   0: 0x80001718 (0x2d6cb713) sltiu   a4, s9, 726
core   0: 3 0x80001718 (0x2d6cb713) x14 0x00000000
core   0: 0x8000171c (0x0224a433) mulhsu  s0, s1, sp
core   0: 3 0x8000171c (0x0224a433) x 8 0x00000000
core   0: 0x80001720 (0x59502713) slti    a4, zero, 1429
core   0: 3 0x80001720 (0x59502713) x14 0x00000001
core   0: 0x80001724 (0x025042b3) div     t0, zero, t0
core   0: 3 0x80001724 (0x025042b3) x 5 0x00000000
core   0: 0x80001728 (0xc1ce0f97) auipc   t6, 0xc1ce0
core   0: 3 0x80001728 (0xc1ce0f97) x31 0x41ce1728
core   0: 0x8000172c (0x00af8933) add     s2, t6, a0
core   0: 3 0x8000172c (0x00af8933) x18 0x41ce1366
core   0: 0x80001730 (0x009f5033) srl     zero, t5, s1
core   0: 3 0x80001730 (0x009f5033)
core   0: 0x80001734 (0x032c8463) beq     s9, s2, pc + 40
core   0: 3 0x80001734 (0x032c8463)
core   0: 0x80001738 (0x00000013) nop
core   0: 3 0x80001738 (0x00000013)
core   0: 0x8000173c (0x041d1863) bne     s10, ra, pc + 80
core   0: 3 0x8000173c (0x041d1863)
core   0: 0x8000178c (0x007f5663) bge     t5, t2, pc + 12
core   0: 3 0x8000178c (0x007f5663)
core   0: 0x80001798 (0x004d5793) srli    a5, s10, 4
core   0: 3 0x80001798 (0x004d5793) x15 0x00000078
core   0: 0x8000179c (0x01939d33) sll     s10, t2, s9
core   0: 3 0x8000179c (0x01939d33) x26 0x00000000
core   0: 0x800017a0 (0x00d65463) bge     a2, a3, pc + 8
core   0: 3 0x800017a0 (0x00d65463)
core   0: 0x800017a4 (0x0270b533) mulhu   a0, ra, t2
core   0: 3 0x800017a4 (0x0270b533) x10 0x00000000
core   0: 0x800017a8 (0x03056b33) rem     s6, a0, a6
core   0: 3 0x800017a8 (0x03056b33) x22 0x00000000
core   0: 0x800017ac (0x03cf3037) lui     zero, 0x3cf3
core   0: 3 0x800017ac (0x03cf3037)
core   0: 0x800017b0 (0x84dc0d93) addi    s11, s8, -1971
core   0: 3 0x800017b0 (0x84dc0d93) x27 0x80029531
core   0: 0x800017b4 (0x62b01217) auipc   tp, 0x62b01
core   0: 3 0x800017b4 (0x62b01217) x 4 0xe2b027b4
core   0: 0x800017b8 (0x852f0913) addi    s2, t5, -1966
core   0: 3 0x800017b8 (0x852f0913) x18 0xfffff852
core   0: 0x800017bc (0x40d502b3) sub     t0, a0, a3
core   0: 3 0x800017bc (0x40d502b3) x 5 0x00000001
core   0: 0x800017c0 (0x5092f493) andi    s1, t0, 1289
core   0: 3 0x800017c0 (0x5092f493) x 9 0x00000001
core   0: 0x800017c4 (0x01a268b3) or      a7, tp, s10
core   0: 3 0x800017c4 (0x01a268b3) x17 0xe2b027b4
core   0: 0x800017c8 (0x00899433) sll     s0, s3, s0
core   0: 3 0x800017c8 (0x00899433) x 8 0x00000000
core   0: 0x800017cc (0x006d8263) beq     s11, t1, pc + 4
core   0: 3 0x800017cc (0x006d8263)
core   0: 0x800017d0 (0xca97dd37) lui     s10, 0xca97d
core   0: 3 0x800017d0 (0xca97dd37) x26 0xca97d000
core   0: 0x800017d4 (0x5da9b693) sltiu   a3, s3, 1498
core   0: 3 0x800017d4 (0x5da9b693) x13 0x00000001
core   0: 0x800017d8 (0x03d40e63) beq     s0, t4, pc + 60
core   0: 3 0x800017d8 (0x03d40e63)
core   0: 0x800017dc (0x418f5a93) srai    s5, t5, 24
core   0: 3 0x800017dc (0x418f5a93) x21 0x00000000
core   0: 0x800017e0 (0x40868bb3) sub     s7, a3, s0
core   0: 3 0x800017e0 (0x40868bb3) x23 0x00000001
core   0: 0x800017e4 (0xada2b9b7) lui     s3, 0xada2b
core   0: 3 0x800017e4 (0xada2b9b7) x19 0xada2b000
core   0: 0x800017e8 (0x01777eb3) and     t4, a4, s7
core   0: 3 0x800017e8 (0x01777eb3) x29 0x00000001
core   0: 0x800017ec (0x024a0db3) mul     s11, s4, tp
core   0: 3 0x800017ec (0x024a0db3) x27 0xc9eb09bc
core   0: 0x800017f0 (0x01bc8a33) add     s4, s9, s11
core   0: 3 0x800017f0 (0x01bc8a33) x20 0x49ed6820
core   0: 0x800017f4 (0xc35c6313) ori     t1, s8, -971
core   0: 3 0x800017f4 (0xc35c6313) x 6 0xfffffcf5
core   0: 0x800017f8 (0x0020f1b3) and     gp, ra, sp
core   0: 3 0x800017f8 (0x0020f1b3) x 3 0x00000000
core   0: 0x800017fc (0xa2615737) lui     a4, 0xa2615
core   0: 3 0x800017fc (0xa2615737) x14 0xa2615000
core   0: 0x80001800 (0x026b4a63) blt     s6, t1, pc + 52
core   0: 3 0x80001800 (0x026b4a63)
core   0: 0x80001804 (0x026390b3) mulh    ra, t2, t1
core   0: 3 0x80001804 (0x026390b3) x 1 0x00000000
core   0: 0x80001808 (0x8521bd93) sltiu   s11, gp, -1966
core   0: 3 0x80001808 (0x8521bd93) x27 0x00000001
core   0: 0x8000180c (0xc7e09b17) auipc   s6, 0xc7e09
core   0: 3 0x8000180c (0xc7e09b17) x22 0x47e0a80c
core   0: 0x80001810 (0x00000013) nop
core   0: 3 0x80001810 (0x00000013)
core   0: 0x80001814 (0x01124663) blt     tp, a7, pc + 12
core   0: 3 0x80001814 (0x01124663)
core   0: 0x80001818 (0x01a6dbb3) srl     s7, a3, s10
core   0: 3 0x80001818 (0x01a6dbb3) x23 0x00000001
core   0: 0x8000181c (0x349413b7) lui     t2, 0x34941
core   0: 3 0x8000181c (0x349413b7) x 7 0x34941000
core   0: 0x80001820 (0x02a060b3) rem     ra, zero, a0
core   0: 3 0x80001820 (0x02a060b3) x 1 0x00000000
core   0: 0x80001824 (0x6d4ee213) ori     tp, t4, 1748
core   0: 3 0x80001824 (0x6d4ee213) x 4 0x000006d5
core   0: 0x80001828 (0x01d855b3) srl     a1, a6, t4
core   0: 3 0x80001828 (0x01d855b3) x11 0x40012f32
core   0: 0x8000182c (0x03226c63) bltu    tp, s2, pc + 56
core   0: 3 0x8000182c (0x03226c63)
core   0: 0x80001864 (0x0312fd33) remu    s10, t0, a7
core   0: 3 0x80001864 (0x0312fd33) x26 0x00000001
core   0: 0x80001868 (0x02ce75b3) remu    a1, t3, a2
core   0: 3 0x80001868 (0x02ce75b3) x11 0x75d26000
core   0: 0x8000186c (0x2ed925b7) lui     a1, 0x2ed92
core   0: 3 0x8000186c (0x2ed925b7) x11 0x2ed92000
core   0: 0x80001870 (0x01d491b3) sll     gp, s1, t4
core   0: 3 0x80001870 (0x01d491b3) x 3 0x00000002
core   0: 0x80001874 (0x4a0b2493) slti    s1, s6, 1184
core   0: 3 0x80001874 (0x4a0b2493) x 9 0x00000000
core   0: 0x80001878 (0x00714db3) xor     s11, sp, t2
core   0: 3 0x80001878 (0x00714db3) x27 0x34941000
core   0: 0x8000187c (0x00d4efb3) or      t6, s1, a3
core   0: 3 0x8000187c (0x00d4efb3) x31 0x00000001
core   0: 0x80001880 (0x003e74b3) and     s1, t3, gp
core   0: 3 0x80001880 (0x003e74b3) x 9 0x00000000
core   0: 0x80001884 (0x01599463) bne     s3, s5, pc + 8
core   0: 3 0x80001884 (0x01599463)
core   0: 0x8000188c (0x039b3433) mulhu   s0, s6, s9
core   0: 3 0x8000188c (0x039b3433) x 8 0x23f0fe47
core   0: 0x80001890 (0x0409f663) bgeu    s3, zero, pc + 76
core   0: 3 0x80001890 (0x0409f663)
core   0: 0x800018dc (0x039e1f33) mulh    t5, t3, s9
core   0: 3 0x800018dc (0x039e1f33) x30 0x0516b7e4
core   0: 0x800018e0 (0x009a1713) slli    a4, s4, 9
core   0: 3 0x800018e0 (0x009a1713) x14 0xdad04000
core   0: 0x800018e4 (0xa64daa93) slti    s5, s11, -1436
core   0: 3 0x800018e4 (0xa64daa93) x21 0x00000000
core   0: 0x800018e8 (0x02a98133) mul     sp, s3, a0
core   0: 3 0x800018e8 (0x02a98133) x 2 0x00000000
core   0: 0x800018ec (0x00000013) nop
core   0: 3 0x800018ec (0x00000013)
core   0: 0x800018f0 (0x0011d463) bge     gp, ra, pc + 8
core   0: 3 0x800018f0 (0x0011d463)
core   0: 0x800018f8 (0x02741063) bne     s0, t2, pc + 32
core   0: 3 0x800018f8 (0x02741063)
core   0: 0x80001918 (0x039d93b3) mulh    t2, s11, s9
core   0: 3 0x80001918 (0x039d93b3) x 7 0xe5b6748b
core   0: 0x8000191c (0x008fd133) srl     sp, t6, s0
core   0: 3 0x8000191c (0x008fd133) x 2 0x00000000
core   0: 0x80001920 (0x589a5cb7) lui     s9, 0x589a5
core   0: 3 0x80001920 (0x589a5cb7) x25 0x589a5000
core   0: 0x80001924 (0x8ead7b97) auipc   s7, 0x8ead7
core   0: 3 0x80001924 (0x8ead7b97) x23 0x0ead8924
core   0: 0x80001928 (0x027c84b3) mul     s1, s9, t2
core   0: 3 0x80001928 (0x027c84b3) x 9 0xe8097000
core   0: 0x8000192c (0x822cf393) andi    t2, s9, -2014
core   0: 3 0x8000192c (0x822cf393) x 7 0x589a5000
core   0: 0x80001930 (0x4bc68513) addi    a0, a3, 1212
core   0: 3 0x80001930 (0x4bc68513) x10 0x000004bd
core   0: 0x80001934 (0x01fc63b3) or      t2, s8, t6
core   0: 3 0x80001934 (0x01fc63b3) x 7 0x80029ce5
core   0: 0x80001938 (0x004d2933) slt     s2, s10, tp
core   0: 3 0x80001938 (0x004d2933) x18 0x00000001
core   0: 0x8000193c (0x41b45593) srai    a1, s0, 27
core   0: 3 0x8000193c (0x41b45593) x11 0x00000004
core   0: 0x80001940 (0x02ef1e63) bne     t5, a4, pc + 60
core   0: 3 0x80001940 (0x02ef1e63)
core   0: 0x8000197c (0x025f64b3) rem     s1, t5, t0
core   0: 3 0x8000197c (0x025f64b3) x 9 0x00000000
core   0: 0x80001980 (0x039916b3) mulh    a3, s2, s9
core   0: 3 0x80001980 (0x039916b3) x13 0x00000000
core   0: 0x80001984 (0x000c09b3) add     s3, s8, zero
core   0: 3 0x80001984 (0x000c09b3) x19 0x80029ce4
core   0: 0x80001988 (0xd78eb393) sltiu   t2, t4, -648
core   0: 3 0x80001988 (0xd78eb393) x 7 0x00000001
core   0: 0x8000198c (0x03507433) remu    s0, zero, s5
core   0: 3 0x8000198c (0x03507433) x 8 0x00000000
core   0: 0x80001990 (0xd02f2037) lui     zero, 0xd02f2
core   0: 3 0x80001990 (0xd02f2037)
core   0: 0x80001994 (0x68a0ff93) andi    t6, ra, 1674
core   0: 3 0x80001994 (0x68a0ff93) x31 0x00000000
core   0: 0x80001998 (0x03c24263) blt     tp, t3, pc + 36
core   0: 3 0x80001998 (0x03c24263)
core   0: 0x8000199c (0x00b3c463) blt     t2, a1, pc + 8
core   0: 3 0x8000199c (0x00b3c463)
core   0: 0x800019a4 (0x025988b3) mul     a7, s3, t0
core   0: 3 0x800019a4 (0x025988b3) x17 0x80029ce4
core   0: 0x800019a8 (0x23b5f213) andi    tp, a1, 571
core   0: 3 0x800019a8 (0x23b5f213) x 4 0x00000000
core   0: 0x800019ac (0x03ebda33) divu    s4, s7, t5
core   0: 3 0x800019ac (0x03ebda33) x20 0x00000002
core   0: 0x800019b0 (0x039dbdb3) mulhu   s11, s11, s9
core   0: 3 0x800019b0 (0x039dbdb3) x27 0x123296ff
core   0: 0x800019b4 (0x003ad913) srli    s2, s5, 3
core   0: 3 0x800019b4 (0x003ad913) x18 0x00000000
core   0: 0x800019b8 (0x03f65eb3) divu    t4, a2, t6
core   0: 3 0x800019b8 (0x03f65eb3) x29 0xffffffff
core   0: 0x800019bc (0x03755e33) divu    t3, a0, s7
core   0: 3 0x800019bc (0x03755e33) x28 0x00000000
core   0: 0x800019c0 (0x415ed733) sra     a4, t4, s5
core   0: 3 0x800019c0 (0x415ed733) x14 0xffffffff
core   0: 0x800019c4 (0x029d7e33) remu    t3, s10, s1
core   0: 3 0x800019c4 (0x029d7e33) x28 0x00000001
core   0: 0x800019c8 (0x02e2e233) rem     tp, t0, a4
core   0: 3 0x800019c8 (0x02e2e233) x 4 0x00000000
core   0: 0x800019cc (0x012804b3) add     s1, a6, s2
core   0: 3 0x800019cc (0x012804b3) x 9 0x80025e64
core   0: 0x800019d0 (0x03d5de63) bge     a1, t4, pc + 60
core   0: 3 0x800019d0 (0x03d5de63)
core   0: 0x80001a0c (0x00000013) nop
core   0: 3 0x80001a0c (0x00000013)
core   0: 0x80001a10 (0x41715a13) srai    s4, sp, 23
core   0: 3 0x80001a10 (0x41715a13) x20 0x00000000
core   0: 0x80001a14 (0x02406233) rem     tp, zero, tp
core   0: 3 0x80001a14 (0x02406233) x 4 0x00000000
core   0: 0x80001a18 (0x005abf33) sltu    t5, s5, t0
core   0: 3 0x80001a18 (0x005abf33) x30 0x00000001
core   0: 0x80001a1c (0x0160bf33) sltu    t5, ra, s6
core   0: 3 0x80001a1c (0x0160bf33) x30 0x00000001
core   0: 0x80001a20 (0x03179e33) mulh    t3, a5, a7
core   0: 3 0x80001a20 (0x03179e33) x28 0xffffffc4
core   0: 0x80001a24 (0x41c95213) srai    tp, s2, 28
core   0: 3 0x80001a24 (0x41c95213) x 4 0x00000000
core   0: 0x80001a28 (0x02ebc4b3) div     s1, s7, a4
core   0: 3 0x80001a28 (0x02ebc4b3) x 9 0xf15276dc
core   0: 0x80001a2c (0x00059133) sll     sp, a1, zero
core   0: 3 0x80001a2c (0x00059133) x 2 0x00000004
core   0: 0x80001a30 (0x03064433) div     s0, a2, a6
core   0: 3 0x80001a30 (0x03064433) x 8 0x00000001
core   0: 0x80001a34 (0x00c158b3) srl     a7, sp, a2
core   0: 3 0x80001a34 (0x00c158b3) x17 0x00000004
core   0: 0x80001a38 (0xf3e9ae13) slti    t3, s3, -194
core   0: 3 0x80001a38 (0xf3e9ae13) x28 0x00000001
core   0: 0x80001a3c (0x027bb7b3) mulhu   a5, s7, t2
core   0: 3 0x80001a3c (0x027bb7b3) x15 0x00000000
core   0: 0x80001a40 (0x7c462c97) auipc   s9, 0x7c462
core   0: 3 0x80001a40 (0x7c462c97) x25 0xfc463a40
core   0: 0x80001a44 (0x623bea13) ori     s4, s7, 1571
core   0: 3 0x80001a44 (0x623bea13) x20 0x0ead8f27
core   0: 0x80001a48 (0x019317b3) sll     a5, t1, s9
core   0: 3 0x80001a48 (0x019317b3) x15 0xfffffcf5
core   0: 0x80001a4c (0x01cbe533) or      a0, s7, t3
core   0: 3 0x80001a4c (0x01cbe533) x10 0x0ead8925
core   0: 0x80001a50 (0x68173e93) sltiu   t4, a4, 1665
core   0: 3 0x80001a50 (0x68173e93) x29 0x00000000
core   0: 0x80001a54 (0x01baa2b3) slt     t0, s5, s11
core   0: 3 0x80001a54 (0x01baa2b3) x 5 0x00000001
core   0: 0x80001a58 (0x00000013) nop
core   0: 3 0x80001a58 (0x00000013)
core   0: 0x80001a5c (0x008192b3) sll     t0, gp, s0
core   0: 3 0x80001a5c (0x008192b3) x 5 0x00000004
core   0: 0x80001a60 (0x406507b3) sub     a5, a0, t1
core   0: 3 0x80001a60 (0x406507b3) x15 0x0ead8c30
core   0: 0x80001a64 (0x02304263) blt     zero, gp, pc + 36
core   0: 3 0x80001a64 (0x02304263)
core   0: 0x80001a88 (0xa94e7313) andi    t1, t3, -1388
core   0: 3 0x80001a88 (0xa94e7313) x 6 0x00000000
core   0: 0x80001a8c (0x01aefeb3) and     t4, t4, s10
core   0: 3 0x80001a8c (0x01aefeb3) x29 0x00000000
core   0: 0x80001a90 (0x01156c63) bltu    a0, a7, pc + 24
core   0: 3 0x80001a90 (0x01156c63)
core   0: 0x80001a94 (0x006433b3) sltu    t2, s0, t1
core   0: 3 0x80001a94 (0x006433b3) x 7 0x00000000
core   0: 0x80001a98 (0x9d288413) addi    s0, a7, -1582
core   0: 3 0x80001a98 (0x9d288413) x 8 0xfffff9d6
core   0: 0x80001a9c (0x01188263) beq     a7, a7, pc + 4
core   0: 3 0x80001a9c (0x01188263)
core   0: 0x80001aa0 (0xdde64993) xori    s3, a2, -546
core   0: 3 0x80001aa0 (0xdde64993) x19 0x7ffffdde
core   0: 0x80001aa4 (0x03a8e933) rem     s2, a7, s10
core   0: 3 0x80001aa4 (0x03a8e933) x18 0x00000000
core   0: 0x80001aa8 (0xd2b99b17) auipc   s6, 0xd2b99
core   0: 3 0x80001aa8 (0xd2b99b17) x22 0x52b9aaa8
core   0: 0x80001aac (0x40edd413) srai    s0, s11, 14
core   0: 3 0x80001aac (0x40edd413) x 8 0x000048ca
core   0: 0x80001ab0 (0x01e7b3b3) sltu    t2, a5, t5
core   0: 3 0x80001ab0 (0x01e7b3b3) x 7 0x00000000
core   0: 0x80001ab4 (0x05516063) bltu    sp, s5, pc + 64
core   0: 3 0x80001ab4 (0x05516063)
core   0: 0x80001ab8 (0x35982693) slti    a3, a6, 857
core   0: 3 0x80001ab8 (0x35982693) x13 0x00000001
core   0: 0x80001abc (0x02aa01b3) mul     gp, s4, a0
core   0: 3 0x80001abc (0x02aa01b3) x 3 0xe00c8fa3
core   0: 0x80001ac0 (0x011a6433) or      s0, s4, a7
core   0: 3 0x80001ac0 (0x011a6433) x 8 0x0ead8f27
core   0: 0x80001ac4 (0x02042033) mulhsu  zero, s0, zero
core   0: 3 0x80001ac4 (0x02042033)
core   0: 0x80001ac8 (0xb321f713) andi    a4, gp, -1230
core   0: 3 0x80001ac8 (0xb321f713) x14 0xe00c8b22
core   0: 0x80001acc (0x02f8dfb3) divu    t6, a7, a5
core   0: 3 0x80001acc (0x02f8dfb3) x31 0x00000000
core   0: 0x80001ad0 (0x419d52b3) sra     t0, s10, s9
core   0: 3 0x80001ad0 (0x419d52b3) x 5 0x00000001
core   0: 0x80001ad4 (0x03749eb3) mulh    t4, s1, s7
core   0: 3 0x80001ad4 (0x03749eb3) x29 0xff288f5d
core   0: 0x80001ad8 (0x00f7a433) slt     s0, a5, a5
core   0: 3 0x80001ad8 (0x00f7a433) x 8 0x00000000
core   0: 0x80001adc (0x00794d33) xor     s10, s2, t2
core   0: 3 0x80001adc (0x00794d33) x26 0x00000000
core   0: 0x80001ae0 (0x1f8ff313) andi    t1, t6, 504
core   0: 3 0x80001ae0 (0x1f8ff313) x 6 0x00000000
core   0: 0x80001ae4 (0x01257133) and     sp, a0, s2
core   0: 3 0x80001ae4 (0x01257133) x 2 0x00000000
core   0: 0x80001ae8 (0x001b5413) srli    s0, s6, 1
core   0: 3 0x80001ae8 (0x001b5413) x 8 0x295cd554
core   0: 0x80001aec (0x038949b3) div     s3, s2, s8
core   0: 3 0x80001aec (0x038949b3) x19 0x00000000
core   0: 0x80001af0 (0x011157b3) srl     a5, sp, a7
core   0: 3 0x80001af0 (0x011157b3) x15 0x00000000
core   0: 0x80001af4 (0x030c0263) beq     s8, a6, pc + 36
core   0: 3 0x80001af4 (0x030c0263)
core   0: 0x80001af8 (0x011e2433) slt     s0, t3, a7
core   0: 3 0x80001af8 (0x011e2433) x 8 0x00000001
core   0: 0x80001afc (0x01a9ca93) xori    s5, s3, 26
core   0: 3 0x80001afc (0x01a9ca93) x21 0x0000001a
core   0: 0x80001b00 (0x057b8263) beq     s7, s7, pc + 68
core   0: 3 0x80001b00 (0x057b8263)
core   0: 0x80001b44 (0x007a8463) beq     s5, t2, pc + 8
core   0: 3 0x80001b44 (0x007a8463)
core   0: 0x80001b48 (0x0189da33) srl     s4, s3, s8
core   0: 3 0x80001b48 (0x0189da33) x20 0x00000000
core   0: 0x80001b4c (0x056f6e63) bltu    t5, s6, pc + 92
core   0: 3 0x80001b4c (0x056f6e63)
core   0: 0x80001ba8 (0x5e5b2e13) slti    t3, s6, 1509
core   0: 3 0x80001ba8 (0x5e5b2e13) x28 0x00000000
core   0: 0x80001bac (0x00000013) nop
core   0: 3 0x80001bac (0x00000013)
core   0: 0x80001bb0 (0x2d27fc93) andi    s9, a5, 722
core   0: 3 0x80001bb0 (0x2d27fc93) x25 0x00000000
core   0: 0x80001bb4 (0xab73ca17) auipc   s4, 0xab73c
core   0: 3 0x80001bb4 (0xab73ca17) x20 0x2b73dbb4
core   0: 0x80001bb8 (0x01ff6db3) or      s11, t5, t6
core   0: 3 0x80001bb8 (0x01ff6db3) x27 0x00000001
core   0: 0x80001bbc (0x01c01463) bne     zero, t3, pc + 8
core   0: 3 0x80001bbc (0x01c01463)
core   0: 0x80001bc0 (0x033bb8b3) mulhu   a7, s7, s3
core   0: 3 0x80001bc0 (0x033bb8b3) x17 0x00000000
core   0: 0x80001bc4 (0x00dcb733) sltu    a4, s9, a3
core   0: 3 0x80001bc4 (0x00dcb733) x14 0x00000001
core   0: 0x80001bc8 (0x01bc5a33) srl     s4, s8, s11
core   0: 3 0x80001bc8 (0x01bc5a33) x20 0x40014e72
core   0: 0x80001bcc (0x00000013) nop
core   0: 3 0x80001bcc (0x00000013)
core   0: 0x80001bd0 (0xecbe0d13) addi    s10, t3, -309
core   0: 3 0x80001bd0 (0xecbe0d13) x26 0xfffffecb
core   0: 0x80001bd4 (0x7fa6b993) sltiu   s3, a3, 2042
core   0: 3 0x80001bd4 (0x7fa6b993) x19 0x00000001
core   0: 0x80001bd8 (0x41c0d7b3) sra     a5, ra, t3
core   0: 3 0x80001bd8 (0x41c0d7b3) x15 0x00000000
core   0: 0x80001bdc (0x0103d993) srli    s3, t2, 16
core   0: 3 0x80001bdc (0x0103d993) x19 0x00000000
core   0: 0x80001be0 (0x0197d0b3) srl     ra, a5, s9
core   0: 3 0x80001be0 (0x0197d0b3) x 1 0x00000000
core   0: 0x80001be4 (0x01c1d0b3) srl     ra, gp, t3
core   0: 3 0x80001be4 (0x01c1d0b3) x 1 0xe00c8fa3
core   0: 0x80001be8 (0x03b98463) beq     s3, s11, pc + 40
core   0: 3 0x80001be8 (0x03b98463)
core   0: 0x80001bec (0x03049eb3) mulh    t4, s1, a6
core   0: 3 0x80001bec (0x03049eb3) x29 0x0756a1cd
core   0: 0x80001bf0 (0xc680ff13) andi    t5, ra, -920
core   0: 3 0x80001bf0 (0xc680ff13) x30 0xe00c8c20
core   0: 0x80001bf4 (0x01a19233) sll     tp, gp, s10
core   0: 3 0x80001bf4 (0x01a19233) x 4 0x647d1800
core   0: 0x80001bf8 (0x00000013) nop
core   0: 3 0x80001bf8 (0x00000013)
core   0: 0x80001bfc (0x5cd76693) ori     a3, a4, 1485
core   0: 3 0x80001bfc (0x5cd76693) x13 0x000005cd
core   0: 0x80001c00 (0x00e816b3) sll     a3, a6, a4
core   0: 3 0x80001c00 (0x00e816b3) x13 0x0004bcc8
core   0: 0x80001c04 (0x039e4033) div     zero, t3, s9
core   0: 3 0x80001c04 (0x039e4033)
core   0: 0x80001c08 (0x0158e3b3) or      t2, a7, s5
core   0: 3 0x80001c08 (0x0158e3b3) x 7 0x0000001a
core   0: 0x80001c0c (0x030502b3) mul     t0, a0, a6
core   0: 3 0x80001c0c (0x030502b3) x 5 0x066f2874
core   0: 0x80001c10 (0x0174c663) blt     s1, s7, pc + 12
core   0: 3 0x80001c10 (0x0174c663)
core   0: 0x80001c1c (0x619de713) ori     a4, s11, 1561
core   0: 3 0x80001c1c (0x619de713) x14 0x00000619
core   0: 0x80001c20 (0x407f5d13) srai    s10, t5, 7
core   0: 3 0x80001c20 (0x407f5d13) x26 0xffc01918
core   0: 0x80001c24 (0x01289f13) slli    t5, a7, 18
core   0: 3 0x80001c24 (0x01289f13) x30 0x00000000
core   0: 0x80001c28 (0x663ccc93) xori    s9, s9, 1635
core   0: 3 0x80001c28 (0x663ccc93) x25 0x00000663
core   0: 0x80001c2c (0x4ef0ec93) ori     s9, ra, 1263
core   0: 3 0x80001c2c (0x4ef0ec93) x25 0xe00c8fef
core   0: 0x80001c30 (0x57a40493) addi    s1, s0, 1402
core   0: 3 0x80001c30 (0x57a40493) x 9 0x0000057b
core   0: 0x80001c34 (0x03aef533) remu    a0, t4, s10
core   0: 3 0x80001c34 (0x03aef533) x10 0x0756a1cd
core   0: 0x80001c38 (0xb1afd497) auipc   s1, 0xb1afd
core   0: 3 0x80001c38 (0xb1afd497) x 9 0x31afec38
core   0: 0x80001c3c (0x020677b3) remu    a5, a2, zero
core   0: 3 0x80001c3c (0x020677b3) x15 0x80000000
core   0: 0x80001c40 (0x0252b933) mulhu   s2, t0, t0
core   0: 3 0x80001c40 (0x0252b933) x18 0x00296629
core   0: 0x80001c44 (0x01661c93) slli    s9, a2, 22
core   0: 3 0x80001c44 (0x01661c93) x25 0x00000000
core   0: 0x80001c48 (0x03fb1063) bne     s6, t6, pc + 32
core   0: 3 0x80001c48 (0x03fb1063)
core   0: 0x80001c68 (0xfc950913) addi    s2, a0, -55
core   0: 3 0x80001c68 (0xfc950913) x18 0x0756a196
core   0: 0x80001c6c (0x01f46033) or      zero, s0, t6
core   0: 3 0x80001c6c (0x01f46033)
core   0: 0x80001c70 (0x038404b3) mul     s1, s0, s8
core   0: 3 0x80001c70 (0x038404b3) x 9 0x80029ce4
core   0: 0x80001c74 (0xd8788e37) lui     t3, 0xd8788
core   0: 3 0x80001c74 (0xd8788e37) x28 0xd8788000
core   0: 0x80001c78 (0x00972bb3) slt     s7, a4, s1
core   0: 3 0x80001c78 (0x00972bb3) x23 0x00000000
core   0: 0x80001c7c (0x01f9e333) or      t1, s3, t6
core   0: 3 0x80001c7c (0x01f9e333) x 6 0x00000000
core   0: 0x80001c80 (0x036ce4b3) rem     s1, s9, s6
core   0: 3 0x80001c80 (0x036ce4b3) x 9 0x00000000
core   0: 0x80001c84 (0x027eaab3) mulhsu  s5, t4, t2
core   0: 3 0x80001c84 (0x027eaab3) x21 0x00000000
core   0: 0x80001c88 (0xe748f713) andi    a4, a7, -396
core   0: 3 0x80001c88 (0xe748f713) x14 0x00000000
core   0: 0x80001c8c (0x00485663) bge     a6, tp, pc + 12
core   0: 3 0x80001c8c (0x00485663)
core   0: 0x80001c90 (0x00180463) beq     a6, ra, pc + 8
core   0: 3 0x80001c90 (0x00180463)
core   0: 0x80001c94 (0xf5413537) lui     a0, 0xf5413
core   0: 3 0x80001c94 (0xf5413537) x10 0xf5413000
core   0: 0x80001c98 (0x01801f33) sll     t5, zero, s8
core   0: 3 0x80001c98 (0x01801f33) x30 0x00000000
core   0: 0x80001c9c (0x0124c3b3) xor     t2, s1, s2
core   0: 3 0x80001c9c (0x0124c3b3) x 7 0x0756a196
core   0: 0x80001ca0 (0x04d08263) beq     ra, a3, pc + 68
core   0: 3 0x80001ca0 (0x04d08263)
core   0: 0x80001ca4 (0x866ee237) lui     tp, 0x866ee
core   0: 3 0x80001ca4 (0x866ee237) x 4 0x866ee000
core   0: 0x80001ca8 (0x02460933) mul     s2, a2, tp
core   0: 3 0x80001ca8 (0x02460933) x18 0x00000000
core   0: 0x80001cac (0x01c13b33) sltu    s6, sp, t3
core   0: 3 0x80001cac (0x01c13b33) x22 0x00000001
core   0: 0x80001cb0 (0x02121263) bne     tp, ra, pc + 36
core   0: 3 0x80001cb0 (0x02121263)
core   0: 0x80001cd4 (0x9d176a93) ori     s5, a4, -1583
core   0: 3 0x80001cd4 (0x9d176a93) x21 0xfffff9d1
core   0: 0x80001cd8 (0x0105f333) and     t1, a1, a6
core   0: 3 0x80001cd8 (0x0105f333) x 6 0x00000004
core   0: 0x80001cdc (0x00000013) nop
core   0: 3 0x80001cdc (0x00000013)
core   0: 0x80001ce0 (0xed708793) addi    a5, ra, -297
core   0: 3 0x80001ce0 (0xed708793) x15 0xe00c8e7a
core   0: 0x80001ce4 (0x00052fb3) slt     t6, a0, zero
core   0: 3 0x80001ce4 (0x00052fb3) x31 0x00000001
core   0: 0x80001ce8 (0x01e95693) srli    a3, s2, 30
core   0: 3 0x80001ce8 (0x01e95693) x13 0x00000000
core   0: 0x80001cec (0x02435b33) divu    s6, t1, tp
core   0: 3 0x80001cec (0x02435b33) x22 0x00000000
core   0: 0x80001cf0 (0x036e7333) remu    t1, t3, s6
core   0: 3 0x80001cf0 (0x036e7333) x 6 0xd8788000
core   0: 0x80001cf4 (0x021860b3) rem     ra, a6, ra
core   0: 3 0x80001cf4 (0x021860b3) x 1 0xffd01fd8
core   0: 0x80001cf8 (0x01dd5c93) srli    s9, s10, 29
core   0: 3 0x80001cf8 (0x01dd5c93) x25 0x00000007
core   0: 0x80001cfc (0x026d4533) div     a0, s10, t1
core   0: 3 0x80001cfc (0x026d4533) x10 0x00000000
core   0: 0x80001d00 (0x6c422893) slti    a7, tp, 1732
core   0: 3 0x80001d00 (0x6c422893) x17 0x00000001
core   0: 0x80001d04 (0x001d74b3) and     s1, s10, ra
core   0: 3 0x80001d04 (0x001d74b3) x 9 0xffc01918
core   0: 0x80001d08 (0x41c8dfb3) sra     t6, a7, t3
core   0: 3 0x80001d08 (0x41c8dfb3) x31 0x00000001
core   0: 0x80001d0c (0x031f7fb3) remu    t6, t5, a7
core   0: 3 0x80001d0c (0x031f7fb3) x31 0x00000000
core   0: 0x80001d10 (0x02b41133) mulh    sp, s0, a1
core   0: 3 0x80001d10 (0x02b41133) x 2 0x00000000
core   0: 0x80001d14 (0x82552993) slti    s3, a0, -2011
core   0: 3 0x80001d14 (0x82552993) x19 0x00000000
core   0: 0x80001d18 (0x00000013) nop
core   0: 3 0x80001d18 (0x00000013)
core   0: 0x80001d1c (0x00471013) slli    zero, a4, 4
core   0: 3 0x80001d1c (0x00471013)
core   0: 0x80001d20 (0x0134b933) sltu    s2, s1, s3
core   0: 3 0x80001d20 (0x0134b933) x18 0x00000000
core   0: 0x80001d24 (0x0042c0b3) xor     ra, t0, tp
core   0: 3 0x80001d24 (0x0042c0b3) x 1 0x8001c874
core   0: 0x80001d28 (0x00d48533) add     a0, s1, a3
core   0: 3 0x80001d28 (0x00d48533) x10 0xffc01918
core   0: 0x80001d2c (0x042c9063) bne     s9, sp, pc + 64
core   0: 3 0x80001d2c (0x042c9063)
core   0: 0x80001d6c (0x02df58b3) divu    a7, t5, a3
core   0: 3 0x80001d6c (0x02df58b3) x17 0xffffffff
core   0: 0x80001d70 (0x004d99b3) sll     s3, s11, tp
core   0: 3 0x80001d70 (0x004d99b3) x19 0x00000001
core   0: 0x80001d74 (0xa2cef493) andi    s1, t4, -1492
core   0: 3 0x80001d74 (0xa2cef493) x 9 0x0756a00c
core   0: 0x80001d78 (0x01705893) srli    a7, zero, 23
core   0: 3 0x80001d78 (0x01705893) x17 0x00000000
core   0: 0x80001d7c (0x00ccf463) bgeu    s9, a2, pc + 8
core   0: 3 0x80001d7c (0x00ccf463)
core   0: 0x80001d80 (0x43926d13) ori     s10, tp, 1081
core   0: 3 0x80001d80 (0x43926d13) x26 0x866ee439
core   0: 0x80001d84 (0x00b65a13) srli    s4, a2, 11
core   0: 3 0x80001d84 (0x00b65a13) x20 0x00100000
core   0: 0x80001d88 (0x00f86263) bltu    a6, a5, pc + 4
core   0: 3 0x80001d88 (0x00f86263)
core   0: 0x80001d8c (0x02e8ccb3) div     s9, a7, a4
core   0: 3 0x80001d8c (0x02e8ccb3) x25 0xffffffff
core   0: 0x80001d90 (0x982c2013) slti    zero, s8, -1662
core   0: 3 0x80001d90 (0x982c2013)
core   0: 0x80001d94 (0x01743533) sltu    a0, s0, s7
core   0: 3 0x80001d94 (0x01743533) x10 0x00000000
core   0: 0x80001d98 (0x02491db3) mulh    s11, s2, tp
core   0: 3 0x80001d98 (0x02491db3) x27 0x00000000
core   0: 0x80001d9c (0x02301db3) mulh    s11, zero, gp
core   0: 3 0x80001d9c (0x02301db3) x27 0x00000000
core   0: 0x80001da0 (0x03949cb3) mulh    s9, s1, s9
core   0: 3 0x80001da0 (0x03949cb3) x25 0xffffffff
core   0: 0x80001da4 (0x03112d33) mulhsu  s10, sp, a7
core   0: 3 0x80001da4 (0x03112d33) x26 0x00000000
core   0: 0x80001da8 (0x03a743b3) div     t2, a4, s10
core   0: 3 0x80001da8 (0x03a743b3) x 7 0xffffffff
core   0: 0x80001dac (0x00bcffb3) and     t6, s9, a1
core   0: 3 0x80001dac (0x00bcffb3) x31 0x00000004
core   0: 0x80001db0 (0x00603133) snez    sp, t1
core   0: 3 0x80001db0 (0x00603133) x 2 0x00000001
core   0: 0x80001db4 (0x031d8333) mul     t1, s11, a7
core   0: 3 0x80001db4 (0x031d8333) x 6 0x00000000
core   0: 0x80001db8 (0x00000013) nop
core   0: 3 0x80001db8 (0x00000013)
core   0: 0x80001dbc (0x5dd74893) xori    a7, a4, 1501
core   0: 3 0x80001dbc (0x5dd74893) x17 0x000005dd
core   0: 0x80001dc0 (0xc9df6f13) ori     t5, t5, -867
core   0: 3 0x80001dc0 (0xc9df6f13) x30 0xfffffc9d
core   0: 0x80001dc4 (0x01d555b3) srl     a1, a0, t4
core   0: 3 0x80001dc4 (0x01d555b3) x11 0x00000000
core   0: 0x80001dc8 (0xf0f95e37) lui     t3, 0xf0f95
core   0: 3 0x80001dc8 (0xf0f95e37) x28 0xf0f95000
core   0: 0x80001dcc (0x02398e63) beq     s3, gp, pc + 60
core   0: 3 0x80001dcc (0x02398e63)
core   0: 0x80001dd0 (0x50c17a13) andi    s4, sp, 1292
core   0: 3 0x80001dd0 (0x50c17a13) x20 0x00000000
core   0: 0x80001dd4 (0x96757b13) andi    s6, a0, -1689
core   0: 3 0x80001dd4 (0x96757b13) x22 0x00000000
core   0: 0x80001dd8 (0x831e3237) lui     tp, 0x831e3
core   0: 3 0x80001dd8 (0x831e3237) x 4 0x831e3000
core   0: 0x80001ddc (0x0167c533) xor     a0, a5, s6
core   0: 3 0x80001ddc (0x0167c533) x10 0xe00c8e7a
core   0: 0x80001de0 (0x1944b213) sltiu   tp, s1, 404
core   0: 3 0x80001de0 (0x1944b213) x 4 0x00000000
core   0: 0x80001de4 (0x02a38f33) mul     t5, t2, a0
core   0: 3 0x80001de4 (0x02a38f33) x30 0x1ff37186
core   0: 0x80001de8 (0x033f58b3) divu    a7, t5, s3
core   0: 3 0x80001de8 (0x033f58b3) x17 0x1ff37186
core   0: 0x80001dec (0x03cd8433) mul     s0, s11, t3
core   0: 3 0x80001dec (0x03cd8433) x 8 0x00000000
core   0: 0x80001df0 (0x0490d663) bge     ra, s1, pc + 76
core   0: 3 0x80001df0 (0x0490d663)
core   0: 0x80001df4 (0xcea02693) slti    a3, zero, -790
core   0: 3 0x80001df4 (0xcea02693) x13 0x00000000
core   0: 0x80001df8 (0x011ecc63) blt     t4, a7, pc + 24
core   0: 3 0x80001df8 (0x011ecc63)
core   0: 0x80001e10 (0xcf22cf13) xori    t5, t0, -782
core   0: 3 0x80001e10 (0xcf22cf13) x30 0xf990d486
core   0: 0x80001e14 (0x04fec863) blt     t4, a5, pc + 80
core   0: 3 0x80001e14 (0x04fec863)
core   0: 0x80001e18 (0x03952733) mulhsu  a4, a0, s9
core   0: 3 0x80001e18 (0x03952733) x14 0xe00c8e7a
core   0: 0x80001e1c (0x003c03b3) add     t2, s8, gp
core   0: 3 0x80001e1c (0x003c03b3) x 7 0x600f2c87
core   0: 0x80001e20 (0x7f1ab893) sltiu   a7, s5, 2033
core   0: 3 0x80001e20 (0x7f1ab893) x17 0x00000000
core   0: 0x80001e24 (0x00bb24b3) slt     s1, s6, a1
core   0: 3 0x80001e24 (0x00bb24b3) x 9 0x00000000
core   0: 0x80001e28 (0x02cb1863) bne     s6, a2, pc + 48
core   0: 3 0x80001e28 (0x02cb1863)
core   0: 0x80001e58 (0xcc601d17) auipc   s10, 0xcc601
core   0: 3 0x80001e58 (0xcc601d17) x26 0x4c602e58
core   0: 0x80001e5c (0xc8536593) ori     a1, t1, -891
core   0: 3 0x80001e5c (0xc8536593) x11 0xfffffc85
core   0: 0x80001e60 (0x3db00b93) li      s7, 987
core   0: 3 0x80001e60 (0x3db00b93) x23 0x000003db
core   0: 0x80001e64 (0x03b16ab3) rem     s5, sp, s11
core   0: 3 0x80001e64 (0x03b16ab3) x21 0x00000001
core   0: 0x80001e68 (0x9f714913) xori    s2, sp, -1545
core   0: 3 0x80001e68 (0x9f714913) x18 0xfffff9f6
core   0: 0x80001e6c (0x02491263) bne     s2, tp, pc + 36
core   0: 3 0x80001e6c (0x02491263)
core   0: 0x80001e90 (0x0060df93) srli    t6, ra, 6
core   0: 3 0x80001e90 (0x0060df93) x31 0x02000721
core   0: 0x80001e94 (0xf618e713) ori     a4, a7, -159
core   0: 3 0x80001e94 (0xf618e713) x14 0xffffff61
core   0: 0x80001e98 (0xb66e0693) addi    a3, t3, -1178
core   0: 3 0x80001e98 (0xb66e0693) x13 0xf0f94b66
core   0: 0x80001e9c (0x04766063) bltu    a2, t2, pc + 64
core   0: 3 0x80001e9c (0x04766063)
core   0: 0x80001ea0 (0x04d75463) bge     a4, a3, pc + 72
core   0: 3 0x80001ea0 (0x04d75463)
core   0: 0x80001ee8 (0x0329ce63) blt     s3, s2, pc + 60
core   0: 3 0x80001ee8 (0x0329ce63)
core   0: 0x80001eec (0x03398a63) beq     s3, s3, pc + 52
core   0: 3 0x80001eec (0x03398a63)
core   0: 0x80001f20 (0x02a16033) rem     zero, sp, a0
core   0: 3 0x80001f20 (0x02a16033)
core   0: 0x80001f24 (0x01055f13) srli    t5, a0, 16
core   0: 3 0x80001f24 (0x01055f13) x30 0x0000e00c
core   0: 0x80001f28 (0x03a4dbb3) divu    s7, s1, s10
core   0: 3 0x80001f28 (0x03a4dbb3) x23 0x00000000
core   0: 0x80001f2c (0x021dc263) blt     s11, ra, pc + 36
core   0: 3 0x80001f2c (0x021dc263)
core   0: 0x80001f30 (0x008c00b3) add     ra, s8, s0
core   0: 3 0x80001f30 (0x008c00b3) x 1 0x80029ce4
core   0: 0x80001f34 (0x216a6b97) auipc   s7, 0x216a6
core   0: 3 0x80001f34 (0x216a6b97) x23 0xa16a7f34
core   0: 0x80001f38 (0x00e13d33) sltu    s10, sp, a4
core   0: 3 0x80001f38 (0x00e13d33) x26 0x00000001
core   0: 0x80001f3c (0x026de533) rem     a0, s11, t1
core   0: 3 0x80001f3c (0x026de533) x10 0x00000000
core   0: 0x80001f40 (0x039138b3) mulhu   a7, sp, s9
core   0: 3 0x80001f40 (0x039138b3) x17 0x00000000
core   0: 0x80001f44 (0x01bffa33) and     s4, t6, s11
core   0: 3 0x80001f44 (0x01bffa33) x20 0x00000000
core   0: 0x80001f48 (0x02c7f063) bgeu    a5, a2, pc + 32
core   0: 3 0x80001f48 (0x02c7f063)
core   0: 0x80001f68 (0x04249463) bne     s1, sp, pc + 72
core   0: 3 0x80001f68 (0x04249463)
core   0: 0x80001fb0 (0x019cf7b3) and     a5, s9, s9
core   0: 3 0x80001fb0 (0x019cf7b3) x15 0xffffffff
core   0: 0x80001fb4 (0x4d5bba93) sltiu   s5, s7, 1237
core   0: 3 0x80001fb4 (0x4d5bba93) x21 0x00000000
core   0: 0x80001fb8 (0x02167e63) bgeu    a2, ra, pc + 60
core   0: 3 0x80001fb8 (0x02167e63)
core   0: 0x80001fbc (0x00eacbb3) xor     s7, s5, a4
core   0: 3 0x80001fbc (0x00eacbb3) x23 0xffffff61
core   0: 0x80001fc0 (0x00aad913) srli    s2, s5, 10
core   0: 3 0x80001fc0 (0x00aad913) x18 0x00000000
core   0: 0x80001fc4 (0x00000013) nop
core   0: 3 0x80001fc4 (0x00000013)
core   0: 0x80001fc8 (0x0104df33) srl     t5, s1, a6
core   0: 3 0x80001fc8 (0x0104df33) x30 0x00000000
core   0: 0x80001fcc (0x00000013) nop
core   0: 3 0x80001fcc (0x00000013)
core   0: 0x80001fd0 (0x008f4463) blt     t5, s0, pc + 8
core   0: 3 0x80001fd0 (0x008f4463)
core   0: 0x80001fd4 (0x02302eb3) mulhsu  t4, zero, gp
core   0: 3 0x80001fd4 (0x02302eb3) x29 0x00000000
core   0: 0x80001fd8 (0x023a03b3) mul     t2, s4, gp
core   0: 3 0x80001fd8 (0x023a03b3) x 7 0x00000000
core   0: 0x80001fdc (0x40ca53b3) sra     t2, s4, a2
core   0: 3 0x80001fdc (0x40ca53b3) x 7 0x00000000
core   0: 0x80001fe0 (0x025e0a33) mul     s4, t3, t0
core   0: 3 0x80001fe0 (0x025e0a33) x20 0xd5784000
core   0: 0x80001fe4 (0xebeffa13) andi    s4, t6, -322
core   0: 3 0x80001fe4 (0xebeffa13) x20 0x02000620
core   0: 0x80001fe8 (0x01af48b3) xor     a7, t5, s10
core   0: 3 0x80001fe8 (0x01af48b3) x17 0x00000001
core   0: 0x80001fec (0xe4577513) andi    a0, a4, -443
core   0: 3 0x80001fec (0xe4577513) x10 0xfffffe41
core   0: 0x80001ff0 (0x01553cb3) sltu    s9, a0, s5
core   0: 3 0x80001ff0 (0x01553cb3) x25 0x00000000
core   0: 0x80001ff4 (0x4083d133) sra     sp, t2, s0
core   0: 3 0x80001ff4 (0x4083d133) x 2 0x00000000
core   0: 0x80001ff8 (0x00000013) nop
core   0: 3 0x80001ff8 (0x00000013)
core   0: 0x80001ffc (0x001d9263) bne     s11, ra, pc + 4
core   0: 3 0x80001ffc (0x001d9263)
core   0: 0x80002000 (0x0313e933) rem     s2, t2, a7
core   0: 3 0x80002000 (0x0313e933) x18 0x00000000
core   0: 0x80002004 (0x00399b33) sll     s6, s3, gp
core   0: 3 0x80002004 (0x00399b33) x22 0x00000008
core   0: 0x80002008 (0x038bb1b3) mulhu   gp, s7, s8
core   0: 3 0x80002008 (0x038bb1b3) x 3 0x80029c94
core   0: 0x8000200c (0x00000013) nop
core   0: 3 0x8000200c (0x00000013)
core   0: 0x80002010 (0x030be8b3) rem     a7, s7, a6
core   0: 3 0x80002010 (0x030be8b3) x17 0xffffff61
core   0: 0x80002014 (0x748af217) auipc   tp, 0x748af
core   0: 3 0x80002014 (0x748af217) x 4 0xf48b1014
core   0: 0x80002018 (0x027319b3) mulh    s3, t1, t2
core   0: 3 0x80002018 (0x027319b3) x19 0x00000000
core   0: 0x8000201c (0x61cf3e93) sltiu   t4, t5, 1564
core   0: 3 0x8000201c (0x61cf3e93) x29 0x00000001
core   0: 0x80002020 (0x02c01233) mulh    tp, zero, a2
core   0: 3 0x80002020 (0x02c01233) x 4 0x00000000
core   0: 0x80002024 (0x9489ae13) slti    t3, s3, -1720
core   0: 3 0x80002024 (0x9489ae13) x28 0x00000000
core   0: 0x80002028 (0x03e0d263) bge     ra, t5, pc + 36
core   0: 3 0x80002028 (0x03e0d263)
core   0: 0x8000202c (0x12b2f513) andi    a0, t0, 299
core   0: 3 0x8000202c (0x12b2f513) x10 0x00000020
core   0: 0x80002030 (0x04dae063) bltu    s5, a3, pc + 64
core   0: 3 0x80002030 (0x04dae063)
core   0: 0x80002070 (0xcb07c293) xori    t0, a5, -848
core   0: 3 0x80002070 (0xcb07c293) x 5 0x0000034f
core   0: 0x80002074 (0x01c55bb3) srl     s7, a0, t3
core   0: 3 0x80002074 (0x01c55bb3) x23 0x00000020
core   0: 0x80002078 (0x02ace233) rem     tp, s9, a0
core   0: 3 0x80002078 (0x02ace233) x 4 0x00000000
core   0: 0x8000207c (0x00af9463) bne     t6, a0, pc + 8
core   0: 3 0x8000207c (0x00af9463)
core   0: 0x80002084 (0x585f3293) sltiu   t0, t5, 1413
core   0: 3 0x80002084 (0x585f3293) x 5 0x00000001
core   0: 0x80002088 (0x036af033) remu    zero, s5, s6
core   0: 3 0x80002088 (0x036af033)
core   0: 0x8000208c (0xd2512013) slti    zero, sp, -731
core   0: 3 0x8000208c (0xd2512013)
core   0: 0x80002090 (0x40775893) srai    a7, a4, 7
core   0: 3 0x80002090 (0x40775893) x17 0xfffffffe
core   0: 0x80002094 (0x01489213) slli    tp, a7, 20
core   0: 3 0x80002094 (0x01489213) x 4 0xffe00000
core   0: 0x80002098 (0x03341eb3) mulh    t4, s0, s3
core   0: 3 0x80002098 (0x03341eb3) x29 0x00000000
core   0: 0x8000209c (0x03627cb3) remu    s9, tp, s6
core   0: 3 0x8000209c (0x03627cb3) x25 0x00000000
core   0: 0x800020a0 (0x004542b3) xor     t0, a0, tp
core   0: 3 0x800020a0 (0x004542b3) x 5 0xffe00020
core   0: 0x800020a4 (0x0302f2b3) remu    t0, t0, a6
core   0: 3 0x800020a4 (0x0302f2b3) x 5 0x7fdda1bc
core   0: 0x800020a8 (0x04e81263) bne     a6, a4, pc + 68
core   0: 3 0x800020a8 (0x04e81263)
core   0: 0x800020ec (0x01bcd7b3) srl     a5, s9, s11
core   0: 3 0x800020ec (0x01bcd7b3) x15 0x00000000
core   0: 0x800020f0 (0xddeb4013) xori    zero, s6, -546
core   0: 3 0x800020f0 (0xddeb4013)
core   0: 0x800020f4 (0x0399f033) remu    zero, s3, s9
core   0: 3 0x800020f4 (0x0399f033)
core   0: 0x800020f8 (0x03e4aeb3) mulhsu  t4, s1, t5
core   0: 3 0x800020f8 (0x03e4aeb3) x29 0x00000000
core   0: 0x800020fc (0x03b619b3) mulh    s3, a2, s11
core   0: 3 0x800020fc (0x03b619b3) x19 0x00000000
core   0: 0x80002100 (0x00ce9463) bne     t4, a2, pc + 8
core   0: 3 0x80002100 (0x00ce9463)
core   0: 0x80002108 (0x005e0263) beq     t3, t0, pc + 4
core   0: 3 0x80002108 (0x005e0263)
core   0: 0x8000210c (0x022649b3) div     s3, a2, sp
core   0: 3 0x8000210c (0x022649b3) x19 0xffffffff
core   0: 0x80002110 (0x02114bb3) div     s7, sp, ra
core   0: 3 0x80002110 (0x02114bb3) x23 0x00000000
core   0: 0x80002114 (0x29352cb7) lui     s9, 0x29352
core   0: 3 0x80002114 (0x29352cb7) x25 0x29352000
core   0: 0x80002118 (0x47f04517) auipc   a0, 0x47f04
core   0: 3 0x80002118 (0x47f04517) x10 0xc7f06118
core   0: 0x8000211c (0x4bc56a13) ori     s4, a0, 1212
core   0: 3 0x8000211c (0x4bc56a13) x20 0xc7f065bc
core   0: 0x80002120 (0x0277adb3) mulhsu  s11, a5, t2
core   0: 3 0x80002120 (0x0277adb3) x27 0x00000000
core   0: 0x80002124 (0x01391713) slli    a4, s2, 19
core   0: 3 0x80002124 (0x01391713) x14 0x00000000
core   0: 0x80002128 (0x00673233) sltu    tp, a4, t1
core   0: 3 0x80002128 (0x00673233) x 4 0x00000000
core   0: 0x8000212c (0x005df663) bgeu    s11, t0, pc + 12
core   0: 3 0x8000212c (0x005df663)
core   0: 0x80002130 (0x03016263) bltu    sp, a6, pc + 36
core   0: 3 0x80002130 (0x03016263)
core   0: 0x80002154 (0x022257b3) divu    a5, tp, sp
core   0: 3 0x80002154 (0x022257b3) x15 0xffffffff
core   0: 0x80002158 (0xa1303213) sltiu   tp, zero, -1517
core   0: 3 0x80002158 (0xa1303213) x 4 0x00000001
core   0: 0x8000215c (0x0294f6b3) remu    a3, s1, s1
core   0: 3 0x8000215c (0x0294f6b3) x13 0x00000000
core   0: 0x80002160 (0x00f96d33) or      s10, s2, a5
core   0: 3 0x80002160 (0x00f96d33) x26 0xffffffff
core   0: 0x80002164 (0x014293b3) sll     t2, t0, s4
core   0: 3 0x80002164 (0x014293b3) x 7 0xc0000000
core   0: 0x80002168 (0x00fa9bb3) sll     s7, s5, a5
core   0: 3 0x80002168 (0x00fa9bb3) x23 0x00000000
core   0: 0x8000216c (0x41005ab3) sra     s5, zero, a6
core   0: 3 0x8000216c (0x41005ab3) x21 0x00000000
core   0: 0x80002170 (0x02eae4b3) rem     s1, s5, a4
core   0: 3 0x80002170 (0x02eae4b3) x 9 0x00000000
core   0: 0x80002174 (0x41a10733) sub     a4, sp, s10
core   0: 3 0x80002174 (0x41a10733) x14 0x00000001
core   0: 0x80002178 (0x01caa033) slt     zero, s5, t3
core   0: 3 0x80002178 (0x01caa033)
core   0: 0x8000217c (0x01440663) beq     s0, s4, pc + 12
core   0: 3 0x8000217c (0x01440663)
core   0: 0x80002180 (0x0354e8b3) rem     a7, s1, s5
core   0: 3 0x80002180 (0x0354e8b3) x17 0x00000000
core   0: 0x80002184 (0x5751a417) auipc   s0, 0x5751a
core   0: 3 0x80002184 (0x5751a417) x 8 0xd751c184
core   0: 0x80002188 (0x02a0d263) bge     ra, a0, pc + 36
core   0: 3 0x80002188 (0x02a0d263)
core   0: 0x8000218c (0x009451b3) srl     gp, s0, s1
core   0: 3 0x8000218c (0x009451b3) x 3 0xd751c184
core   0: 0x80002190 (0x010a7e33) and     t3, s4, a6
core   0: 3 0x80002190 (0x010a7e33) x28 0x80004424
core   0: 0x80002194 (0x400a8533) sub     a0, s5, zero
core   0: 3 0x80002194 (0x400a8533) x10 0x00000000
core   0: 0x80002198 (0x03d40733) mul     a4, s0, t4
core   0: 3 0x80002198 (0x03d40733) x14 0x00000000
core   0: 0x8000219c (0x05e45263) bge     s0, t5, pc + 68
core   0: 3 0x8000219c (0x05e45263)
core   0: 0x800021a0 (0x05f1e063) bltu    gp, t6, pc + 64
core   0: 3 0x800021a0 (0x05f1e063)
core   0: 0x800021a4 (0x03115433) divu    s0, sp, a7
core   0: 3 0x800021a4 (0x03115433) x 8 0xffffffff
core   0: 0x800021a8 (0x33002e13) slti    t3, zero, 816
core   0: 3 0x800021a8 (0x33002e13) x28 0x00000001
core   0: 0x800021ac (0x022a6533) rem     a0, s4, sp
core   0: 3 0x800021ac (0x022a6533) x10 0xc7f065bc
core   0: 0x800021b0 (0x3914b393) sltiu   t2, s1, 913
core   0: 3 0x800021b0 (0x3914b393) x 7 0x00000001
core   0: 0x800021b4 (0x400d7f93) andi    t6, s10, 1024
core   0: 3 0x800021b4 (0x400d7f93) x31 0x00000400
core   0: 0x800021b8 (0x00000013) nop
core   0: 3 0x800021b8 (0x00000013)
core   0: 0x800021bc (0xc8c68417) auipc   s0, 0xc8c68
core   0: 3 0x800021bc (0xc8c68417) x 8 0x48c6a1bc
core   0: 0x800021c0 (0x40095393) srai    t2, s2, 0
core   0: 3 0x800021c0 (0x40095393) x 7 0x00000000
core   0: 0x800021c4 (0x02ca4463) blt     s4, a2, pc + 40
core   0: 3 0x800021c4 (0x02ca4463)
core   0: 0x800021c8 (0x03f1e033) rem     zero, gp, t6
core   0: 3 0x800021c8 (0x03f1e033)
core   0: 0x800021cc (0x17fa0393) addi    t2, s4, 383
core   0: 3 0x800021cc (0x17fa0393) x 7 0xc7f0673b
core   0: 0x800021d0 (0x418b8233) sub     tp, s7, s8
core   0: 3 0x800021d0 (0x418b8233) x 4 0x7ffd631c
core   0: 0x800021d4 (0x01ffdb13) srli    s6, t6, 31
core   0: 3 0x800021d4 (0x01ffdb13) x22 0x00000000
core   0: 0x800021d8 (0x00e9d413) srli    s0, s3, 14
core   0: 3 0x800021d8 (0x00e9d413) x 8 0x0003ffff
core   0: 0x800021dc (0x03353d33) mulhu   s10, a0, s3
core   0: 3 0x800021dc (0x03353d33) x26 0xc7f065bb
core   0: 0x800021e0 (0x00501463) bne     zero, t0, pc + 8
core   0: 3 0x800021e0 (0x00501463)
core   0: 0x800021e8 (0x02d37fb3) remu    t6, t1, a3
core   0: 3 0x800021e8 (0x02d37fb3) x31 0x00000000
core   0: 0x800021ec (0x02f84733) div     a4, a6, a5
core   0: 3 0x800021ec (0x02f84733) x14 0x7ffda19c
core   0: 0x800021f0 (0xce910d93) addi    s11, sp, -791
core   0: 3 0x800021f0 (0xce910d93) x27 0xfffffce9
core   0: 0x800021f4 (0x01bdd113) srli    sp, s11, 27
core   0: 3 0x800021f4 (0x01bdd113) x 2 0x0000001f
core   0: 0x800021f8 (0x005be433) or      s0, s7, t0
core   0: 3 0x800021f8 (0x005be433) x 8 0x7fdda1bc
core   0: 0x800021fc (0x01307263) bgeu    zero, s3, pc + 4
core   0: 3 0x800021fc (0x01307263)
core   0: 0x80002200 (0x0313ee63) bltu    t2, a7, pc + 60
core   0: 3 0x80002200 (0x0313ee63)
core   0: 0x80002204 (0x0131e463) bltu    gp, s3, pc + 8
core   0: 3 0x80002204 (0x0131e463)
core   0: 0x8000220c (0x02500863) beq     zero, t0, pc + 48
core   0: 3 0x8000220c (0x02500863)
core   0: 0x80002210 (0x037eacb3) mulhsu  s9, t4, s7
core   0: 3 0x80002210 (0x037eacb3) x25 0x00000000
core   0: 0x80002214 (0xc94ddf37) lui     t5, 0xc94dd
core   0: 3 0x80002214 (0xc94ddf37) x30 0xc94dd000
core   0: 0x80002218 (0x00c78663) beq     a5, a2, pc + 12
core   0: 3 0x80002218 (0x00c78663)
core   0: 0x8000221c (0x02d04f33) div     t5, zero, a3
core   0: 3 0x8000221c (0x02d04f33) x30 0xffffffff
core   0: 0x80002220 (0x02afaab3) mulhsu  s5, t6, a0
core   0: 3 0x80002220 (0x02afaab3) x21 0x00000000
core   0: 0x80002224 (0x00db6533) or      a0, s6, a3
core   0: 3 0x80002224 (0x00db6533) x10 0x00000000
core   0: 0x80002228 (0x02d0c533) div     a0, ra, a3
core   0: 3 0x80002228 (0x02d0c533) x10 0xffffffff
core   0: 0x8000222c (0x024c9bb3) mulh    s7, s9, tp
core   0: 3 0x8000222c (0x024c9bb3) x23 0x00000000
core   0: 0x80002230 (0x0222ab33) mulhsu  s6, t0, sp
core   0: 3 0x80002230 (0x0222ab33) x22 0x0000000f
core   0: 0x80002234 (0x02229063) bne     t0, sp, pc + 32
core   0: 3 0x80002234 (0x02229063)
core   0: 0x80002254 (0x01e49393) slli    t2, s1, 30
core   0: 3 0x80002254 (0x01e49393) x 7 0x00000000
core   0: 0x80002258 (0x01621213) slli    tp, tp, 22
core   0: 3 0x80002258 (0x01621213) x 4 0xc7000000
core   0: 0x8000225c (0x4bc22093) slti    ra, tp, 1212
core   0: 3 0x8000225c (0x4bc22093) x 1 0x00000001
core   0: 0x80002260 (0x58afff93) andi    t6, t6, 1418
core   0: 3 0x80002260 (0x58afff93) x31 0x00000000
core   0: 0x80002264 (0x03ffee33) rem     t3, t6, t6
core   0: 3 0x80002264 (0x03ffee33) x28 0x00000000
core   0: 0x80002268 (0x00f232b3) sltu    t0, tp, a5
core   0: 3 0x80002268 (0x00f232b3) x 5 0x00000001
core   0: 0x8000226c (0x55016117) auipc   sp, 0x55016
core   0: 3 0x8000226c (0x55016117) x 2 0xd501826c
core   0: 0x80002270 (0x0387bab3) mulhu   s5, a5, s8
core   0: 3 0x80002270 (0x0387bab3) x21 0x80029ce3
core   0: 0x80002274 (0x0094fc63) bgeu    s1, s1, pc + 24
core   0: 3 0x80002274 (0x0094fc63)
core   0: 0x8000228c (0x025fa433) mulhsu  s0, t6, t0
core   0: 3 0x8000228c (0x025fa433) x 8 0x00000000
core   0: 0x80002290 (0x576c6213) ori     tp, s8, 1398
core   0: 3 0x80002290 (0x576c6213) x 4 0x80029df6
core   0: 0x80002294 (0x020f1e63) bnez    t5, pc + 60
core   0: 3 0x80002294 (0x020f1e63)
core   0: 0x800022d0 (0x02b84063) blt     a6, a1, pc + 32
core   0: 3 0x800022d0 (0x02b84063)
core   0: 0x800022f0 (0x031c8c63) beq     s9, a7, pc + 56
core   0: 3 0x800022f0 (0x031c8c63)
core   0: 0x80002328 (0x04aff863) bgeu    t6, a0, pc + 80
core   0: 3 0x80002328 (0x04aff863)
core   0: 0x8000232c (0x03609263) bne     ra, s6, pc + 36
core   0: 3 0x8000232c (0x03609263)
core   0: 0x80002350 (0x00fb41b3) xor     gp, s6, a5
core   0: 3 0x80002350 (0x00fb41b3) x 3 0xfffffff0
core   0: 0x80002354 (0x01864cb3) xor     s9, a2, s8
core   0: 3 0x80002354 (0x01864cb3) x25 0x00029ce4
core   0: 0x80002358 (0x0017c033) xor     zero, a5, ra
core   0: 3 0x80002358 (0x0017c033)
core   0: 0x8000235c (0x00c0e3b3) or      t2, ra, a2
core   0: 3 0x8000235c (0x00c0e3b3) x 7 0x80000001
core   0: 0x80002360 (0x036319b3) mulh    s3, t1, s6
core   0: 3 0x80002360 (0x036319b3) x19 0x00000000
core   0: 0x80002364 (0x030121b3) mulhsu  gp, sp, a6
core   0: 3 0x80002364 (0x030121b3) x 3 0xea805b5e
core   0: 0x80002368 (0x01fd9533) sll     a0, s11, t6
core   0: 3 0x80002368 (0x01fd9533) x10 0xfffffce9
core   0: 0x8000236c (0x3c24bf13) sltiu   t5, s1, 962
core   0: 3 0x8000236c (0x3c24bf13) x30 0x00000001
core   0: 0x80002370 (0x41555333) sra     t1, a0, s5
core   0: 3 0x80002370 (0x41555333) x 6 0xffffff9d
core   0: 0x80002374 (0x402b5a13) srai    s4, s6, 2
core   0: 3 0x80002374 (0x402b5a13) x20 0x00000003
core   0: 0x80002378 (0x02aa4d33) div     s10, s4, a0
core   0: 3 0x80002378 (0x02aa4d33) x26 0x00000000
core   0: 0x8000237c (0x03da8333) mul     t1, s5, t4
core   0: 3 0x8000237c (0x03da8333) x 6 0x00000000
core   0: 0x80002380 (0x00888cb3) add     s9, a7, s0
core   0: 3 0x80002380 (0x00888cb3) x25 0x00000000
core   0: 0x80002384 (0xc4706693) ori     a3, zero, -953
core   0: 3 0x80002384 (0xc4706693) x13 0xfffffc47
core   0: 0x80002388 (0x018a9663) bne     s5, s8, pc + 12
core   0: 3 0x80002388 (0x018a9663)
core   0: 0x80002394 (0x03c175b3) remu    a1, sp, t3
core   0: 3 0x80002394 (0x03c175b3) x11 0xd501826c
core   0: 0x80002398 (0x41275413) srai    s0, a4, 18
core   0: 3 0x80002398 (0x41275413) x 8 0x00001fff
core   0: 0x8000239c (0x010c8c63) beq     s9, a6, pc + 24
core   0: 3 0x8000239c (0x010c8c63)
core   0: 0x800023a0 (0x030e5463) bge     t3, a6, pc + 40
core   0: 3 0x800023a0 (0x030e5463)
core   0: 0x800023c8 (0x6a67b013) sltiu   zero, a5, 1702
core   0: 3 0x800023c8 (0x6a67b013)
core   0: 0x800023cc (0x41e1da93) srai    s5, gp, 30
core   0: 3 0x800023cc (0x41e1da93) x21 0xffffffff
core   0: 0x800023d0 (0x005fc663) blt     t6, t0, pc + 12
core   0: 3 0x800023d0 (0x005fc663)
core   0: 0x800023dc (0x02518ab3) mul     s5, gp, t0
core   0: 3 0x800023dc (0x02518ab3) x21 0xea805b5e
core   0: 0x800023e0 (0x033d2433) mulhsu  s0, s10, s3
core   0: 3 0x800023e0 (0x033d2433) x 8 0x00000000
core   0: 0x800023e4 (0x0311f233) remu    tp, gp, a7
core   0: 3 0x800023e4 (0x0311f233) x 4 0xea805b5e
core   0: 0x800023e8 (0x035ca3b3) mulhsu  t2, s9, s5
core   0: 3 0x800023e8 (0x035ca3b3) x 7 0x00000000
core   0: 0x800023ec (0x019697b3) sll     a5, a3, s9
core   0: 3 0x800023ec (0x019697b3) x15 0xfffffc47
core   0: 0x800023f0 (0x018214b3) sll     s1, tp, s8
core   0: 3 0x800023f0 (0x018214b3) x 9 0xa805b5e0
core   0: 0x800023f4 (0x004ad993) srli    s3, s5, 4
core   0: 3 0x800023f4 (0x004ad993) x19 0x0ea805b5
core   0: 0x800023f8 (0x00b79e33) sll     t3, a5, a1
core   0: 3 0x800023f8 (0x00b79e33) x28 0xffc47000
core   0: 0x800023fc (0x0356fd33) remu    s10, a3, s5
core   0: 3 0x800023fc (0x0356fd33) x26 0x157fa0e9
core   0: 0x80002400 (0x5d090413) addi    s0, s2, 1488
core   0: 3 0x80002400 (0x5d090413) x 8 0x000005d0
core   0: 0x80002404 (0x59376a93) ori     s5, a4, 1427
core   0: 3 0x80002404 (0x59376a93) x21 0x7ffda59f
core   0: 0x80002408 (0x001e4463) blt     t3, ra, pc + 8
core   0: 3 0x80002408 (0x001e4463)
core   0: 0x80002410 (0x023ac863) blt     s5, gp, pc + 48
core   0: 3 0x80002410 (0x023ac863)
core   0: 0x80002414 (0x00000013) nop
core   0: 3 0x80002414 (0x00000013)
core   0: 0x80002418 (0x00c6c433) xor     s0, a3, a2
core   0: 3 0x80002418 (0x00c6c433) x 8 0x7ffffc47
core   0: 0x8000241c (0x00812b33) slt     s6, sp, s0
core   0: 3 0x8000241c (0x00812b33) x22 0x00000001
core   0: 0x80002420 (0x02e8a133) mulhsu  sp, a7, a4
core   0: 3 0x80002420 (0x02e8a133) x 2 0x00000000
core   0: 0x80002424 (0x037e3d33) mulhu   s10, t3, s7
core   0: 3 0x80002424 (0x037e3d33) x26 0x00000000
core   0: 0x80002428 (0xa70a4897) auipc   a7, 0xa70a4
core   0: 3 0x80002428 (0xa70a4897) x17 0x270a6428
core   0: 0x8000242c (0x00000013) nop
core   0: 3 0x8000242c (0x00000013)
core   0: 0x80002430 (0x00235233) srl     tp, t1, sp
core   0: 3 0x80002430 (0x00235233) x 4 0x00000000
core   0: 0x80002434 (0x013e7e33) and     t3, t3, s3
core   0: 3 0x80002434 (0x013e7e33) x28 0x0e800000
core   0: 0x80002438 (0x009aaa33) slt     s4, s5, s1
core   0: 3 0x80002438 (0x009aaa33) x20 0x00000000
core   0: 0x8000243c (0x034336b3) mulhu   a3, t1, s4
core   0: 3 0x8000243c (0x034336b3) x13 0x00000000
core   0: 0x80002440 (0x3d444197) auipc   gp, 0x3d444
core   0: 3 0x80002440 (0x3d444197) x 3 0xbd446440
core   0: 0x80002444 (0x0163f7b3) and     a5, t2, s6
core   0: 3 0x80002444 (0x0163f7b3) x15 0x00000000
core   0: 0x80002448 (0x00000013) nop
core   0: 3 0x80002448 (0x00000013)
core   0: 0x8000244c (0x004d9a13) slli    s4, s11, 4
core   0: 3 0x8000244c (0x004d9a13) x20 0xffffce90
core   0: 0x80002450 (0x01b6cfb3) xor     t6, a3, s11
core   0: 3 0x80002450 (0x01b6cfb3) x31 0xfffffce9
core   0: 0x80002454 (0x41aa58b3) sra     a7, s4, s10
core   0: 3 0x80002454 (0x41aa58b3) x17 0xffffce90
core   0: 0x80002458 (0x015b7933) and     s2, s6, s5
core   0: 3 0x80002458 (0x015b7933) x18 0x00000001
core   0: 0x8000245c (0x03b15d33) divu    s10, sp, s11
core   0: 3 0x8000245c (0x03b15d33) x26 0x00000000
core   0: 0x80002460 (0x4072d533) sra     a0, t0, t2
core   0: 3 0x80002460 (0x4072d533) x10 0x00000001
core   0: 0x80002464 (0x01b73433) sltu    s0, a4, s11
core   0: 3 0x80002464 (0x01b73433) x 8 0x00000001
core   0: 0x80002468 (0x2cf8e237) lui     tp, 0x2cf8e
core   0: 3 0x80002468 (0x2cf8e237) x 4 0x2cf8e000
core   0: 0x8000246c (0x03201e63) bne     zero, s2, pc + 60
core   0: 3 0x8000246c (0x03201e63)
core   0: 0x800024a8 (0xd1174f93) xori    t6, a4, -751
core   0: 3 0x800024a8 (0xd1174f93) x31 0x80025c8d
core   0: 0x800024ac (0x41e0df93) srai    t6, ra, 30
core   0: 3 0x800024ac (0x41e0df93) x31 0x00000000
core   0: 0x800024b0 (0x03e7fa33) remu    s4, a5, t5
core   0: 3 0x800024b0 (0x03e7fa33) x20 0x00000000
core   0: 0x800024b4 (0x0148d593) srli    a1, a7, 20
core   0: 3 0x800024b4 (0x0148d593) x11 0x00000fff
core   0: 0x800024b8 (0x029ced33) rem     s10, s9, s1
core   0: 3 0x800024b8 (0x029ced33) x26 0x00000000
core   0: 0x800024bc (0x00dc8433) add     s0, s9, a3
core   0: 3 0x800024bc (0x00dc8433) x 8 0x00000000
core   0: 0x800024c0 (0x6daa6513) ori     a0, s4, 1754
core   0: 3 0x800024c0 (0x6daa6513) x10 0x000006da
core   0: 0x800024c4 (0x002c74b3) and     s1, s8, sp
core   0: 3 0x800024c4 (0x002c74b3) x 9 0x00000000
core   0: 0x800024c8 (0x02ce1cb3) mulh    s9, t3, a2
core   0: 3 0x800024c8 (0x02ce1cb3) x25 0xf8c00000
core   0: 0x800024cc (0x034b4733) div     a4, s6, s4
core   0: 3 0x800024cc (0x034b4733) x14 0xffffffff
core   0: 0x800024d0 (0x03140133) mul     sp, s0, a7
core   0: 3 0x800024d0 (0x03140133) x 2 0x00000000
core   0: 0x800024d4 (0x41315913) srai    s2, sp, 19
core   0: 3 0x800024d4 (0x41315913) x18 0x00000000
core   0: 0x800024d8 (0x007384b3) add     s1, t2, t2
core   0: 3 0x800024d8 (0x007384b3) x 9 0x00000000
core   0: 0x800024dc (0x4b59f013) andi    zero, s3, 1205
core   0: 3 0x800024dc (0x4b59f013)
core   0: 0x800024e0 (0x02c7cfb3) div     t6, a5, a2
core   0: 3 0x800024e0 (0x02c7cfb3) x31 0x00000000
core   0: 0x800024e4 (0x41b35a93) srai    s5, t1, 27
core   0: 3 0x800024e4 (0x41b35a93) x21 0x00000000
core   0: 0x800024e8 (0xbdf459b7) lui     s3, 0xbdf45
core   0: 3 0x800024e8 (0xbdf459b7) x19 0xbdf45000
core   0: 0x800024ec (0x03dc45b3) div     a1, s8, t4
core   0: 3 0x800024ec (0x03dc45b3) x11 0xffffffff
core   0: 0x800024f0 (0x0386e933) rem     s2, a3, s8
core   0: 3 0x800024f0 (0x0386e933) x18 0x00000000
core   0: 0x800024f4 (0xfeba2d13) slti    s10, s4, -21
core   0: 3 0x800024f4 (0xfeba2d13) x26 0x00000000
core   0: 0x800024f8 (0x52bbb913) sltiu   s2, s7, 1323
core   0: 3 0x800024f8 (0x52bbb913) x18 0x00000001
core   0: 0x800024fc (0x01505263) bge     zero, s5, pc + 4
core   0: 3 0x800024fc (0x01505263)
core   0: 0x80002500 (0x0330de63) bge     ra, s3, pc + 60
core   0: 3 0x80002500 (0x0330de63)
core   0: 0x8000253c (0x01683733) sltu    a4, a6, s6
core   0: 3 0x8000253c (0x01683733) x14 0x00000000
core   0: 0x80002540 (0x02481eb3) mulh    t4, a6, tp
core   0: 3 0x80002540 (0x02481eb3) x29 0xe983fa86
core   0: 0x80002544 (0x013b41b3) xor     gp, s6, s3
core   0: 3 0x80002544 (0x013b41b3) x 3 0xbdf45001
core   0: 0x80002548 (0x0275b533) mulhu   a0, a1, t2
core   0: 3 0x80002548 (0x0275b533) x10 0x00000000
core   0: 0x8000254c (0x025b27b3) mulhsu  a5, s6, t0
core   0: 3 0x8000254c (0x025b27b3) x15 0x00000000
core   0: 0x80002550 (0x015be463) bltu    s7, s5, pc + 8
core   0: 3 0x80002550 (0x015be463)
core   0: 0x80002554 (0x03697c63) bgeu    s2, s6, pc + 56
core   0: 3 0x80002554 (0x03697c63)
core   0: 0x8000258c (0x4151d233) sra     tp, gp, s5
core   0: 3 0x8000258c (0x4151d233) x 4 0xbdf45001
core   0: 0x80002590 (0x1e2ce263) bltu    s9, sp, pc + 484
core   0: 3 0x80002590 (0x1e2ce263)
core   0: 0x80002594 (0x02fe2ab3) mulhsu  s5, t3, a5
core   0: 3 0x80002594 (0x02fe2ab3) x21 0x00000000
core   0: 0x80002598 (0x03f52cb3) mulhsu  s9, a0, t6
core   0: 3 0x80002598 (0x03f52cb3) x25 0x00000000
core   0: 0x8000259c (0x01a2dc93) srli    s9, t0, 26
core   0: 3 0x8000259c (0x01a2dc93) x25 0x00000000
core   0: 0x800025a0 (0x020291b3) mulh    gp, t0, zero
core   0: 3 0x800025a0 (0x020291b3) x 3 0x00000000
core   0: 0x800025a4 (0x0000e097) auipc   ra, 0xe
core   0: 3 0x800025a4 (0x0000e097) x 1 0x800105a4
core   0: 0x800025a8 (0xbcf08093) addi    ra, ra, -1073
core   0: 3 0x800025a8 (0xbcf08093) x 1 0x80010173
core   0: 0x800025ac (0x022ca3b3) mulhsu  t2, s9, sp
core   0: 3 0x800025ac (0x022ca3b3) x 7 0x00000000
core   0: 0x800025b0 (0x0d408f03) lb      t5, 212(ra)
core   0: 3 0x800025b0 (0x0d408f03) x30 0xffffffb9 mem 0x80010247
core   0: 0x800025b4 (0xf3108e83) lb      t4, -207(ra)
core   0: 3 0x800025b4 (0xf3108e83) x29 0x00000064 mem 0x800100a4
core   0: 0x800025b8 (0x41c78d33) sub     s10, a5, t3
core   0: 3 0x800025b8 (0x41c78d33) x26 0xf1800000
core   0: 0x800025bc (0x03fb37b3) mulhu   a5, s6, t6
core   0: 3 0x800025bc (0x03fb37b3) x15 0x00000000
core   0: 0x800025c0 (0x0262c533) div     a0, t0, t1
core   0: 3 0x800025c0 (0x0262c533) x10 0xffffffff
core   0: 0x800025c4 (0xb0507e93) andi    t4, zero, -1275
core   0: 3 0x800025c4 (0xb0507e93) x29 0x00000000
core   0: 0x800025c8 (0x01a2de13) srli    t3, t0, 26
core   0: 3 0x800025c8 (0x01a2de13) x28 0x00000000
core   0: 0x800025cc (0x00000013) nop
core   0: 3 0x800025cc (0x00000013)
core   0: 0x800025d0 (0x09908b23) sb      s9, 150(ra)
core   0: 3 0x800025d0 (0x09908b23) mem 0x80010209 0x0
core   0: 0x800025d4 (0x03808523) sb      s8, 42(ra)
core   0: 3 0x800025d4 (0x03808523) mem 0x8001019d 0xe4
core   0: 0x800025d8 (0x04309883) lh      a7, 67(ra)
core   0: 3 0x800025d8 (0x04309883) x17 0xffffb5f4 mem 0x800101b6
core   0: 0x800025dc (0x0147d4b3) srl     s1, a5, s4
core   0: 3 0x800025dc (0x0147d4b3) x 9 0x00000000
core   0: 0x800025e0 (0xdcdf4713) xori    a4, t5, -563
core   0: 3 0x800025e0 (0xdcdf4713) x14 0x00000274
core   0: 0x800025e4 (0xe7820d13) addi    s10, tp, -392
core   0: 3 0x800025e4 (0xe7820d13) x26 0xbdf44e79
core   0: 0x800025e8 (0x0fc0c183) lbu     gp, 252(ra)
core   0: 3 0x800025e8 (0x0fc0c183) x 3 0x0000000d mem 0x8001026f
core   0: 0x800025ec (0x4160d9b3) sra     s3, ra, s6
core   0: 3 0x800025ec (0x4160d9b3) x19 0xc00080b9
core   0: 0x800025f0 (0xf4e08923) sb      a4, -174(ra)
core   0: 3 0x800025f0 (0xf4e08923) mem 0x800100c5 0x74
core   0: 0x800025f4 (0x05b0df03) lhu     t5, 91(ra)
core   0: 3 0x800025f4 (0x05b0df03) x30 0x00001957 mem 0x800101ce
core   0: 0x800025f8 (0xf4b09b03) lh      s6, -181(ra)
core   0: 3 0x800025f8 (0xf4b09b03) x22 0x000056d7 mem 0x800100be
core   0: 0x800025fc (0xf400c283) lbu     t0, -192(ra)
core   0: 3 0x800025fc (0xf400c283) x 5 0x0000005e mem 0x800100b3
core   0: 0x80002600 (0x22583b93) sltiu   s7, a6, 549
core   0: 3 0x80002600 (0x22583b93) x23 0x00000000
core   0: 0x80002604 (0x01897133) and     sp, s2, s8
core   0: 3 0x80002604 (0x01897133) x 2 0x00000000
core   0: 0x80002608 (0x02f82433) mulhsu  s0, a6, a5
core   0: 3 0x80002608 (0x02f82433) x 8 0x00000000
core   0: 0x8000260c (0x029af4b3) remu    s1, s5, s1
core   0: 3 0x8000260c (0x029af4b3) x 9 0x00000000
core   0: 0x80002610 (0x05509203) lh      tp, 85(ra)
core   0: 3 0x80002610 (0x05509203) x 4 0x00005a5c mem 0x800101c8
core   0: 0x80002614 (0x005adb93) srli    s7, s5, 5
core   0: 3 0x80002614 (0x005adb93) x23 0x00000000
core   0: 0x80002618 (0x01808d83) lb      s11, 24(ra)
core   0: 3 0x80002618 (0x01808d83) x27 0x00000078 mem 0x8001018b
core   0: 0x8000261c (0x03432233) mulhsu  tp, t1, s4
core   0: 3 0x8000261c (0x03432233) x 4 0x00000000
core   0: 0x80002620 (0x004322b3) slt     t0, t1, tp
core   0: 3 0x80002620 (0x004322b3) x 5 0x00000000
core   0: 0x80002624 (0x0ed0c483) lbu     s1, 237(ra)
core   0: 3 0x80002624 (0x0ed0c483) x 9 0x000000a9 mem 0x80010260
core   0: 0x80002628 (0xfd208723) sb      s2, -50(ra)
core   0: 3 0x80002628 (0xfd208723) mem 0x80010141 0x1
core   0: 0x8000262c (0x07a08b23) sb      s10, 118(ra)
core   0: 3 0x8000262c (0x07a08b23) mem 0x800101e9 0x79
core   0: 0x80002630 (0x01771793) slli    a5, a4, 23
core   0: 3 0x80002630 (0x01771793) x15 0x3a000000
core   0: 0x80002634 (0x0fe0c003) lbu     zero, 254(ra)
core   0: 3 0x80002634 (0x0fe0c003) mem 0x80010271
core   0: 0x80002638 (0x7c6c14b7) lui     s1, 0x7c6c1
core   0: 3 0x80002638 (0x7c6c14b7) x 9 0x7c6c1000
core   0: 0x8000263c (0xf4d09e03) lh      t3, -179(ra)
core   0: 3 0x8000263c (0xf4d09e03) x28 0xfffffdb9 mem 0x800100c0
core   0: 0x80002640 (0xf51092a3) sh      a7, -187(ra)
core   0: 3 0x80002640 (0xf51092a3) mem 0x800100b8 0xb5f4
core   0: 0x80002644 (0x03b09c83) lh      s9, 59(ra)
core   0: 3 0x80002644 (0x03b09c83) x25 0xffffee58 mem 0x800101ae
core   0: 0x80002648 (0x00219f93) slli    t6, gp, 2
core   0: 3 0x80002648 (0x00219f93) x31 0x00000034
core   0: 0x8000264c (0x242f2013) slti    zero, t5, 578
core   0: 3 0x8000264c (0x242f2013)
core   0: 0x80002650 (0x02aa9033) mulh    zero, s5, a0
core   0: 3 0x80002650 (0x02aa9033)
core   0: 0x80002654 (0x40bfdb13) srai    s6, t6, 11
core   0: 3 0x80002654 (0x40bfdb13) x22 0x00000000
core   0: 0x80002658 (0xf8a085a3) sb      a0, -117(ra)
core   0: 3 0x80002658 (0xf8a085a3) mem 0x800100fe 0xff
core   0: 0x8000265c (0xf0208b23) sb      sp, -234(ra)
core   0: 3 0x8000265c (0xf0208b23) mem 0x80010089 0x0
core   0: 0x80002660 (0x0156bf33) sltu    t5, a3, s5
core   0: 3 0x80002660 (0x0156bf33) x30 0x00000000
core   0: 0x80002664 (0xf5c0ca03) lbu     s4, -164(ra)
core   0: 3 0x80002664 (0xf5c0ca03) x20 0x00000024 mem 0x800100cf
core   0: 0x80002668 (0x003e94b3) sll     s1, t4, gp
core   0: 3 0x80002668 (0x003e94b3) x 9 0x00000000
core   0: 0x8000266c (0x033c6cb3) rem     s9, s8, s3
core   0: 3 0x8000266c (0x033c6cb3) x25 0xc0021c2b
core   0: 0x80002670 (0x00000013) nop
core   0: 3 0x80002670 (0x00000013)
core   0: 0x80002674 (0xfe1099a3) sh      ra, -13(ra)
core   0: 3 0x80002674 (0xfe1099a3) mem 0x80010166 0x0173
core   0: 0x80002678 (0x037fd9b3) divu    s3, t6, s7
core   0: 3 0x80002678 (0x037fd9b3) x19 0xffffffff
core   0: 0x8000267c (0xb1b0f593) andi    a1, ra, -1253
core   0: 3 0x8000267c (0xb1b0f593) x11 0x80010113
core   0: 0x80002680 (0x0129a1b3) slt     gp, s3, s2
core   0: 3 0x80002680 (0x0129a1b3) x 3 0x00000001
core   0: 0x80002684 (0x0000e997) auipc   s3, 0xe
core   0: 3 0x80002684 (0x0000e997) x19 0x80010684
core   0: 0x80002688 (0x70198993) addi    s3, s3, 1793
core   0: 3 0x80002688 (0x70198993) x19 0x80010d85
core   0: 0x8000268c (0x039b6eb3) rem     t4, s6, s9
core   0: 3 0x8000268c (0x039b6eb3) x29 0x00000000
core   0: 0x80002690 (0xae39db83) lhu     s7, -1309(s3)
core   0: 3 0x80002690 (0xae39db83) x23 0x00000036 mem 0x80010868
core   0: 0x80002694 (0xa5bf0893) addi    a7, t5, -1445
core   0: 3 0x80002694 (0xa5bf0893) x17 0xfffffa5b
core   0: 0x80002698 (0x031bbf33) mulhu   t5, s7, a7
core   0: 3 0x80002698 (0x031bbf33) x30 0x00000035
core   0: 0x8000269c (0x01d932b3) sltu    t0, s2, t4
core   0: 3 0x8000269c (0x01d932b3) x 5 0x00000000
core   0: 0x800026a0 (0xff898b23) sb      s8, -10(s3)
core   0: 3 0x800026a0 (0xff898b23) mem 0x80010d7b 0xe4
core   0: 0x800026a4 (0x00205433) srl     s0, zero, sp
core   0: 3 0x800026a4 (0x00205433) x 8 0x00000000
core   0: 0x800026a8 (0xc476f413) andi    s0, a3, -953
core   0: 3 0x800026a8 (0xc476f413) x 8 0x00000000
core   0: 0x800026ac (0x28c9cd83) lbu     s11, 652(s3)
core   0: 3 0x800026ac (0x28c9cd83) x27 0x00000042 mem 0x80011011
core   0: 0x800026b0 (0xe9598223) sb      s5, -380(s3)
core   0: 3 0x800026b0 (0xe9598223) mem 0x80010c09 0x0
core   0: 0x800026b4 (0x3361f393) andi    t2, gp, 822
core   0: 3 0x800026b4 (0x3361f393) x 7 0x00000000
core   0: 0x800026b8 (0x0368ba33) mulhu   s4, a7, s6
core   0: 3 0x800026b8 (0x0368ba33) x20 0x00000000
core   0: 0x800026bc (0x02b21cb3) mulh    s9, tp, a1
core   0: 3 0x800026bc (0x02b21cb3) x25 0x00000000
core   0: 0x800026c0 (0x0b49aba3) sw      s4, 183(s3)
core   0: 3 0x800026c0 (0x0b49aba3) mem 0x80010e3c 0x00000000
core   0: 0x800026c4 (0x69b42e13) slti    t3, s0, 1691
core   0: 3 0x800026c4 (0x69b42e13) x28 0x00000001
core   0: 0x800026c8 (0xc6d9d703) lhu     a4, -915(s3)
core   0: 3 0x800026c8 (0xc6d9d703) x14 0x00007357 mem 0x800109f2
core   0: 0x800026cc (0xeeed6413) ori     s0, s10, -274
core   0: 3 0x800026cc (0xeeed6413) x 8 0xfffffeff
core   0: 0x800026d0 (0x00a6cd33) xor     s10, a3, a0
core   0: 3 0x800026d0 (0x00a6cd33) x26 0xffffffff
core   0: 0x800026d4 (0x01088733) add     a4, a7, a6
core   0: 3 0x800026d4 (0x01088733) x14 0x800258bf
core   0: 0x800026d8 (0xec99ce03) lbu     t3, -311(s3)
core   0: 3 0x800026d8 (0xec99ce03) x28 0x00000028 mem 0x80010c4e
core   0: 0x800026dc (0x13798923) sb      s7, 306(s3)
core   0: 3 0x800026dc (0x13798923) mem 0x80010eb7 0x36
core   0: 0x800026e0 (0x0176f1b3) and     gp, a3, s7
core   0: 3 0x800026e0 (0x0176f1b3) x 3 0x00000000
core   0: 0x800026e4 (0x8639cd83) lbu     s11, -1949(s3)
core   0: 3 0x800026e4 (0x8639cd83) x27 0x000000e8 mem 0x800105e8
core   0: 0x800026e8 (0xeb298c83) lb      s9, -334(s3)
core   0: 3 0x800026e8 (0xeb298c83) x25 0xffffffe9 mem 0x80010c37
core   0: 0x800026ec (0xd1698d03) lb      s10, -746(s3)
core   0: 3 0x800026ec (0xd1698d03) x26 0xffffffb4 mem 0x80010a9b
core   0: 0x800026f0 (0x85898423) sb      s8, -1976(s3)
core   0: 3 0x800026f0 (0x85898423) mem 0x800105cd 0xe4
core   0: 0x800026f4 (0xec400597) auipc   a1, 0xec400
core   0: 3 0x800026f4 (0xec400597) x11 0x6c4026f4
core   0: 0x800026f8 (0x1199c903) lbu     s2, 281(s3)
core   0: 3 0x800026f8 (0x1199c903) x18 0x00000088 mem 0x80010e9e
core   0: 0x800026fc (0x0d098823) sb      a6, 208(s3)
core   0: 3 0x800026fc (0x0d098823) mem 0x80010e55 0x64
core   0: 0x80002700 (0x012e1fb3) sll     t6, t3, s2
core   0: 3 0x80002700 (0x012e1fb3) x31 0x00002800
core   0: 0x80002704 (0xac19c703) lbu     a4, -1343(s3)
core   0: 3 0x80002704 (0xac19c703) x14 0x000000f9 mem 0x80010846
core   0: 0x80002708 (0xbec7ad93) slti    s11, a5, -1044
core   0: 3 0x80002708 (0xbec7ad93) x27 0x00000000
core   0: 0x8000270c (0x98b0dc97) auipc   s9, 0x98b0d
core   0: 3 0x8000270c (0x98b0dc97) x25 0x18b0f70c
core   0: 0x80002710 (0xefb4f193) andi    gp, s1, -261
core   0: 3 0x80002710 (0xefb4f193) x 3 0x00000000
core   0: 0x80002714 (0x8f298183) lb      gp, -1806(s3)
core   0: 3 0x80002714 (0x8f298183) x 3 0xffffff8b mem 0x80010677
core   0: 0x80002718 (0x00f381b3) add     gp, t2, a5
core   0: 3 0x80002718 (0x00f381b3) x 3 0x3a000000
core   0: 0x8000271c (0x40445e13) srai    t3, s0, 4
core   0: 3 0x8000271c (0x40445e13) x28 0xffffffef
core   0: 0x80002720 (0xa8e97893) andi    a7, s2, -1394
core   0: 3 0x80002720 (0xa8e97893) x17 0x00000088
core   0: 0x80002724 (0xd809cb03) lbu     s6, -640(s3)
core   0: 3 0x80002724 (0xd809cb03) x22 0x00000049 mem 0x80010b05
core   0: 0x80002728 (0x059988a3) sb      s9, 81(s3)
core   0: 3 0x80002728 (0x059988a3) mem 0x80010dd6 0xc
core   0: 0x8000272c (0x82f9ca03) lbu     s4, -2001(s3)
core   0: 3 0x8000272c (0x82f9ca03) x20 0x000000f0 mem 0x800105b4
core   0: 0x80002730 (0x00a9a6b3) slt     a3, s3, a0
core   0: 3 0x80002730 (0x00a9a6b3) x13 0x00000001
core   0: 0x80002734 (0x0314f0b3) remu    ra, s1, a7
core   0: 3 0x80002734 (0x0314f0b3) x 1 0x00000000
core   0: 0x80002738 (0x860992a3) sh      zero, -1947(s3)
core   0: 3 0x80002738 (0x860992a3) mem 0x800105ea 0x0000
core   0: 0x8000273c (0x0250c1b3) div     gp, ra, t0
core   0: 3 0x8000273c (0x0250c1b3) x 3 0xffffffff
core   0: 0x80002740 (0x02cbd333) divu    t1, s7, a2
core   0: 3 0x80002740 (0x02cbd333) x 6 0x00000000
core   0: 0x80002744 (0x238c7793) andi    a5, s8, 568
core   0: 3 0x80002744 (0x238c7793) x15 0x00000020
core   0: 0x80002748 (0x004f28b3) slt     a7, t5, tp
core   0: 3 0x80002748 (0x004f28b3) x17 0x00000000
core   0: 0x8000274c (0x0a987b93) andi    s7, a6, 169
core   0: 3 0x8000274c (0x0a987b93) x23 0x00000020
core   0: 0x80002750 (0xee098083) lb      ra, -288(s3)
core   0: 3 0x80002750 (0xee098083) x 1 0x00000061 mem 0x80010c65
core   0: 0x80002754 (0xae69c003) lbu     zero, -1306(s3)
core   0: 3 0x80002754 (0xae69c003) mem 0x8001086b
core   0: 0x80002758 (0x1e698303) lb      t1, 486(s3)
core   0: 3 0x80002758 (0x1e698303) x 6 0x00000063 mem 0x80010f6b
core   0: 0x8000275c (0x029f1263) bne     t5, s1, pc + 36
core   0: 3 0x8000275c (0x029f1263)
core   0: 0x80002780 (0x41f12493) slti    s1, sp, 1055
core   0: 3 0x80002780 (0x41f12493) x 9 0x00000001
core   0: 0x80002784 (0x00c98133) add     sp, s3, a2
core   0: 3 0x80002784 (0x00c98133) x 2 0x00010d85
core   0: 0x80002788 (0x00383233) sltu    tp, a6, gp
core   0: 3 0x80002788 (0x00383233) x 4 0x00000001
core   0: 0x8000278c (0x02b3fe63) bgeu    t2, a1, pc + 60
core   0: 3 0x8000278c (0x02b3fe63)
core   0: 0x80002790 (0x0135b6b3) sltu    a3, a1, s3
core   0: 3 0x80002790 (0x0135b6b3) x13 0x00000001
core   0: 0x80002794 (0x02384cb3) div     s9, a6, gp
core   0: 3 0x80002794 (0x02384cb3) x25 0x7ffda19c
core   0: 0x80002798 (0x00f520b3) slt     ra, a0, a5
core   0: 3 0x80002798 (0x00f520b3) x 1 0x00000001
core   0: 0x8000279c (0x40d48933) sub     s2, s1, a3
core   0: 3 0x8000279c (0x40d48933) x18 0x00000000
core   0: 0x800027a0 (0x044cc063) blt     s9, tp, pc + 64
core   0: 3 0x800027a0 (0x044cc063)
core   0: 0x800027a4 (0x0153c533) xor     a0, t2, s5
core   0: 3 0x800027a4 (0x0153c533) x10 0x00000000
core   0: 0x800027a8 (0xf0320013) addi    zero, tp, -253
core   0: 3 0x800027a8 (0xf0320013)
core   0: 0x800027ac (0xc61cfe17) auipc   t3, 0xc61cf
core   0: 3 0x800027ac (0xc61cfe17) x28 0x461d17ac
core   0: 0x800027b0 (0x013817b3) sll     a5, a6, s3
core   0: 3 0x800027b0 (0x013817b3) x15 0x004bcc80
core   0: 0x800027b4 (0x0033f463) bgeu    t2, gp, pc + 8
core   0: 3 0x800027b4 (0x0033f463)
core   0: 0x800027b8 (0x0139db33) srl     s6, s3, s3
core   0: 3 0x800027b8 (0x0139db33) x22 0x0400086c
core   0: 0x800027bc (0x01e76fb3) or      t6, a4, t5
core   0: 3 0x800027bc (0x01e76fb3) x31 0x000000fd
core   0: 0x800027c0 (0x4172d393) srai    t2, t0, 23
core   0: 3 0x800027c0 (0x4172d393) x 7 0x00000000
core   0: 0x800027c4 (0x00e67cb3) and     s9, a2, a4
core   0: 3 0x800027c4 (0x00e67cb3) x25 0x00000000
core   0: 0x800027c8 (0x01409533) sll     a0, ra, s4
core   0: 3 0x800027c8 (0x01409533) x10 0x00010000
core   0: 0x800027cc (0x01f25463) bge     tp, t6, pc + 8
core   0: 3 0x800027cc (0x01f25463)
core   0: 0x800027d0 (0x012930b3) sltu    ra, s2, s2
core   0: 3 0x800027d0 (0x012930b3) x 1 0x00000000
core   0: 0x800027d4 (0x02374063) blt     a4, gp, pc + 32
core   0: 3 0x800027d4 (0x02374063)
core   0: 0x800027d8 (0x71e8bd97) auipc   s11, 0x71e8b
core   0: 3 0x800027d8 (0x71e8bd97) x27 0xf1e8d7d8
core   0: 0x800027dc (0x02016cb3) rem     s9, sp, zero
core   0: 3 0x800027dc (0x02016cb3) x25 0x00010d85
core   0: 0x800027e0 (0x4198da13) srai    s4, a7, 25
core   0: 3 0x800027e0 (0x4198da13) x20 0x00000000
core   0: 0x800027e4 (0x20d87213) andi    tp, a6, 525
core   0: 3 0x800027e4 (0x20d87213) x 4 0x00000204
core   0: 0x800027e8 (0x29ae8597) auipc   a1, 0x29ae8
core   0: 3 0x800027e8 (0x29ae8597) x11 0xa9aea7e8
core   0: 0x800027ec (0x8f1261b7) lui     gp, 0x8f126
core   0: 3 0x800027ec (0x8f1261b7) x 3 0x8f126000
core   0: 0x800027f0 (0x00282fb3) slt     t6, a6, sp
core   0: 3 0x800027f0 (0x00282fb3) x31 0x00000001
core   0: 0x800027f4 (0x02d71033) mulh    zero, a4, a3
core   0: 3 0x800027f4 (0x02d71033)
core   0: 0x800027f8 (0x031b1b33) mulh    s6, s6, a7
core   0: 3 0x800027f8 (0x031b1b33) x22 0x00000000
core   0: 0x800027fc (0xb45b8f13) addi    t5, s7, -1211
core   0: 3 0x800027fc (0xb45b8f13) x30 0xfffffb65
core   0: 0x80002800 (0x03882bb3) mulhsu  s7, a6, s8
core   0: 3 0x80002800 (0x03882bb3) x23 0xbfffe0c6
core   0: 0x80002804 (0x41595c93) srai    s9, s2, 21
core   0: 3 0x80002804 (0x41595c93) x25 0x00000000
core   0: 0x80002808 (0x00979463) bne     a5, s1, pc + 8
core   0: 3 0x80002808 (0x00979463)
core   0: 0x80002810 (0x41b75593) srai    a1, a4, 27
core   0: 3 0x80002810 (0x41b75593) x11 0x00000000
core   0: 0x80002814 (0x000ec733) xor     a4, t4, zero
core   0: 3 0x80002814 (0x000ec733) x14 0x00000000
core   0: 0x80002818 (0x0301fb33) remu    s6, gp, a6
core   0: 3 0x80002818 (0x0301fb33) x22 0x0f10019c
core   0: 0x8000281c (0x411ed933) sra     s2, t4, a7
core   0: 3 0x8000281c (0x411ed933) x18 0x00000000
core   0: 0x80002820 (0x00c51793) slli    a5, a0, 12
core   0: 3 0x80002820 (0x00c51793) x15 0x10000000
core   0: 0x80002824 (0x989d8c93) addi    s9, s11, -1655
core   0: 3 0x80002824 (0x989d8c93) x25 0xf1e8d161
core   0: 0x80002828 (0x01b6fb33) and     s6, a3, s11
core   0: 3 0x80002828 (0x01b6fb33) x22 0x00000000
core   0: 0x8000282c (0x011aa3b3) slt     t2, s5, a7
core   0: 3 0x8000282c (0x011aa3b3) x 7 0x00000000
core   0: 0x80002830 (0x2507fd93) andi    s11, a5, 592
core   0: 3 0x80002830 (0x2507fd93) x27 0x00000000
core   0: 0x80002834 (0x00ef95b3) sll     a1, t6, a4
core   0: 3 0x80002834 (0x00ef95b3) x11 0x00000001
core   0: 0x80002838 (0x415f85b3) sub     a1, t6, s5
core   0: 3 0x80002838 (0x415f85b3) x11 0x00000001
core   0: 0x8000283c (0xc82cb493) sltiu   s1, s9, -894
core   0: 3 0x8000283c (0xc82cb493) x 9 0x00000001
core   0: 0x80002840 (0x0141f333) and     t1, gp, s4
core   0: 3 0x80002840 (0x0141f333) x 6 0x00000000
core   0: 0x80002844 (0xd48c8d13) addi    s10, s9, -696
core   0: 3 0x80002844 (0xd48c8d13) x26 0xf1e8cea9
core   0: 0x80002848 (0x4106df93) srai    t6, a3, 16
core   0: 3 0x80002848 (0x4106df93) x31 0x00000000
core   0: 0x8000284c (0x00565a33) srl     s4, a2, t0
core   0: 3 0x8000284c (0x00565a33) x20 0x80000000
core   0: 0x80002850 (0x022f7033) remu    zero, t5, sp
core   0: 3 0x80002850 (0x022f7033)
core   0: 0x80002854 (0x4056d5b3) sra     a1, a3, t0
core   0: 3 0x80002854 (0x4056d5b3) x11 0x00000001
core   0: 0x80002858 (0x036c9a33) mulh    s4, s9, s6
core   0: 3 0x80002858 (0x036c9a33) x20 0x00000000
core   0: 0x8000285c (0x025806b3) mul     a3, a6, t0
core   0: 3 0x8000285c (0x025806b3) x13 0x00000000
core   0: 0x80002860 (0x40110433) sub     s0, sp, ra
core   0: 3 0x80002860 (0x40110433) x 8 0x00010d85
core   0: 0x80002864 (0x00291db3) sll     s11, s2, sp
core   0: 3 0x80002864 (0x00291db3) x27 0x00000000
core   0: 0x80002868 (0x02469933) mulh    s2, a3, tp
core   0: 3 0x80002868 (0x02469933) x18 0x00000000
core   0: 0x8000286c (0x01393b33) sltu    s6, s2, s3
core   0: 3 0x8000286c (0x01393b33) x22 0x00000001
core   0: 0x80002870 (0x035f7263) bgeu    t5, s5, pc + 36
core   0: 3 0x80002870 (0x035f7263)
core   0: 0x80002894 (0x05e14663) blt     sp, t5, pc + 76
core   0: 3 0x80002894 (0x05e14663)
core   0: 0x80002898 (0x01175113) srli    sp, a4, 17
core   0: 3 0x80002898 (0x01175113) x 2 0x00000000
core   0: 0x8000289c (0x0243d533) divu    a0, t2, tp
core   0: 3 0x8000289c (0x0243d533) x10 0x00000000
core   0: 0x800028a0 (0x002a1393) slli    t2, s4, 2
core   0: 3 0x800028a0 (0x002a1393) x 7 0x00000000
core   0: 0x800028a4 (0x0059d663) bge     s3, t0, pc + 12
core   0: 3 0x800028a4 (0x0059d663)
core   0: 0x800028a8 (0x03f9f6b3) remu    a3, s3, t6
core   0: 3 0x800028a8 (0x03f9f6b3) x13 0x80010d85
core   0: 0x800028ac (0x01aa42b3) xor     t0, s4, s10
core   0: 3 0x800028ac (0x01aa42b3) x 5 0xf1e8cea9
core   0: 0x800028b0 (0x012f62b3) or      t0, t5, s2
core   0: 3 0x800028b0 (0x012f62b3) x 5 0xfffffb65
core   0: 0x800028b4 (0x0185f463) bgeu    a1, s8, pc + 8
core   0: 3 0x800028b4 (0x0185f463)
core   0: 0x800028b8 (0x00978133) add     sp, a5, s1
core   0: 3 0x800028b8 (0x00978133) x 2 0x10000001
core   0: 0x800028bc (0x0215f2b3) remu    t0, a1, ra
core   0: 3 0x800028bc (0x0215f2b3) x 5 0x00000001
core   0: 0x800028c0 (0x02c84c63) blt     a6, a2, pc + 56
core   0: 3 0x800028c0 (0x02c84c63)
core   0: 0x800028c4 (0x402857b3) sra     a5, a6, sp
core   0: 3 0x800028c4 (0x402857b3) x15 0xc0012f32
core   0: 0x800028c8 (0x22ffbf93) sltiu   t6, t6, 559
core   0: 3 0x800028c8 (0x22ffbf93) x31 0x00000001
core   0: 0x800028cc (0x03a22ab3) mulhsu  s5, tp, s10
core   0: 3 0x800028cc (0x03a22ab3) x21 0x000001e7
core   0: 0x800028d0 (0x18206893) ori     a7, zero, 386
core   0: 3 0x800028d0 (0x18206893) x17 0x00000182
core   0: 0x800028d4 (0x004ca433) slt     s0, s9, tp
core   0: 3 0x800028d4 (0x004ca433) x 8 0x00000001
core   0: 0x800028d8 (0x019d9bb3) sll     s7, s11, s9
core   0: 3 0x800028d8 (0x019d9bb3) x23 0x00000000
core   0: 0x800028dc (0x409cd2b3) sra     t0, s9, s1
core   0: 3 0x800028dc (0x409cd2b3) x 5 0xf8f468b0
core   0: 0x800028e0 (0x00f95e93) srli    t4, s2, 15
core   0: 3 0x800028e0 (0x00f95e93) x29 0x00000000
core   0: 0x800028e4 (0x015cc733) xor     a4, s9, s5
core   0: 3 0x800028e4 (0x015cc733) x14 0xf1e8d086
core   0: 0x800028e8 (0x033f1063) bne     t5, s3, pc + 32
core   0: 3 0x800028e8 (0x033f1063)
core   0: 0x80002908 (0x03e7bbb3) mulhu   s7, a5, t5
core   0: 3 0x80002908 (0x03e7bbb3) x23 0xc0012bbd
core   0: 0x8000290c (0x03dadeb3) divu    t4, s5, t4
core   0: 3 0x8000290c (0x03dadeb3) x29 0xffffffff
core   0: 0x80002910 (0xf1532013) slti    zero, t1, -235
core   0: 3 0x80002910 (0xf1532013)
core   0: 0x80002914 (0x022c07b3) mul     a5, s8, sp
core   0: 3 0x80002914 (0x022c07b3) x15 0xc0029ce4
core   0: 0x80002918 (0x020a5e63) bgez    s4, pc + 60
core   0: 3 0x80002918 (0x020a5e63)
core   0: 0x80002954 (0x010a59b3) srl     s3, s4, a6
core   0: 3 0x80002954 (0x010a59b3) x19 0x00000000
core   0: 0x80002958 (0x00198333) add     t1, s3, ra
core   0: 3 0x80002958 (0x00198333) x 6 0x00000000
core   0: 0x8000295c (0x54503a93) sltiu   s5, zero, 1349
core   0: 3 0x8000295c (0x54503a93) x21 0x00000001
core   0: 0x80002960 (0x04c85063) bge     a6, a2, pc + 64
core   0: 3 0x80002960 (0x04c85063)
core   0: 0x800029a0 (0x40d10fb3) sub     t6, sp, a3
core   0: 3 0x800029a0 (0x40d10fb3) x31 0x8ffef27c
core   0: 0x800029a4 (0x02ff4133) div     sp, t5, a5
core   0: 3 0x800029a4 (0x02ff4133) x 2 0x00000000
core   0: 0x800029a8 (0x017a6cb3) or      s9, s4, s7
core   0: 3 0x800029a8 (0x017a6cb3) x25 0xc0012bbd
core   0: 0x800029ac (0xf9eef493) andi    s1, t4, -98
core   0: 3 0x800029ac (0xf9eef493) x 9 0xffffff9e
core   0: 0x800029b0 (0x02e0fab3) remu    s5, ra, a4
core   0: 3 0x800029b0 (0x02e0fab3) x21 0x00000000
core   0: 0x800029b4 (0x02cf4263) blt     t5, a2, pc + 36
core   0: 3 0x800029b4 (0x02cf4263)
core   0: 0x800029b8 (0x01b31663) bne     t1, s11, pc + 12
core   0: 3 0x800029b8 (0x01b31663)
core   0: 0x800029bc (0x0393a5b3) mulhsu  a1, t2, s9
core   0: 3 0x800029bc (0x0393a5b3) x11 0x00000000
core   0: 0x800029c0 (0x005e0c63) beq     t3, t0, pc + 24
core   0: 3 0x800029c0 (0x005e0c63)
core   0: 0x800029c4 (0x01a2a233) slt     tp, t0, s10
core   0: 3 0x800029c4 (0x01a2a233) x 4 0x00000000
core   0: 0x800029c8 (0x2c75b013) sltiu   zero, a1, 711
core   0: 3 0x800029c8 (0x2c75b013)
core   0: 0x800029cc (0x02cfe433) rem     s0, t6, a2
core   0: 3 0x800029cc (0x02cfe433) x 8 0x8ffef27c
core   0: 0x800029d0 (0x01cb49b3) xor     s3, s6, t3
core   0: 3 0x800029d0 (0x01cb49b3) x19 0x461d17ad
core   0: 0x800029d4 (0x01f402b3) add     t0, s0, t6
core   0: 3 0x800029d4 (0x01f402b3) x 5 0x1ffde4f8
core   0: 0x800029d8 (0x0069b4b3) sltu    s1, s3, t1
core   0: 3 0x800029d8 (0x0069b4b3) x 9 0x00000000
core   0: 0x800029dc (0x00e01f93) slli    t6, zero, 14
core   0: 3 0x800029dc (0x00e01f93) x31 0x00000000
core   0: 0x800029e0 (0x4069da33) sra     s4, s3, t1
core   0: 3 0x800029e0 (0x4069da33) x20 0x461d17ad
core   0: 0x800029e4 (0x02d76e63) bltu    a4, a3, pc + 60
core   0: 3 0x800029e4 (0x02d76e63)
core   0: 0x800029e8 (0x01c928b3) slt     a7, s2, t3
core   0: 3 0x800029e8 (0x01c928b3) x17 0x00000001
core   0: 0x800029ec (0x03c9eb33) rem     s6, s3, t3
core   0: 3 0x800029ec (0x03c9eb33) x22 0x00000001
core   0: 0x800029f0 (0x01a50933) add     s2, a0, s10
core   0: 3 0x800029f0 (0x01a50933) x18 0xf1e8cea9
core   0: 0x800029f4 (0x65eeba93) sltiu   s5, t4, 1630
core   0: 3 0x800029f4 (0x65eeba93) x21 0x00000000
core   0: 0x800029f8 (0x031fb8b3) mulhu   a7, t6, a7
core   0: 3 0x800029f8 (0x031fb8b3) x17 0x00000000
core   0: 0x800029fc (0x016b92b3) sll     t0, s7, s6
core   0: 3 0x800029fc (0x016b92b3) x 5 0x8002577a
core   0: 0x80002a00 (0x0129f733) and     a4, s3, s2
core   0: 3 0x80002a00 (0x0129f733) x14 0x400806a9
core   0: 0x80002a04 (0x02123a33) mulhu   s4, tp, ra
core   0: 3 0x80002a04 (0x02123a33) x20 0x00000000
core   0: 0x80002a08 (0x017d26b3) slt     a3, s10, s7
core   0: 3 0x80002a08 (0x017d26b3) x13 0x00000000
core   0: 0x80002a0c (0x02e6ec63) bltu    a3, a4, pc + 56
core   0: 3 0x80002a0c (0x02e6ec63)
core   0: 0x80002a44 (0x03850063) beq     a0, s8, pc + 32
core   0: 3 0x80002a44 (0x03850063)
core   0: 0x80002a48 (0x1a552e93) slti    t4, a0, 421
core   0: 3 0x80002a48 (0x1a552e93) x29 0x00000001
core   0: 0x80002a4c (0x036f1a63) bne     t5, s6, pc + 52
core   0: 3 0x80002a4c (0x036f1a63)
core   0: 0x80002a80 (0x021ba1b3) mulhsu  gp, s7, ra
core   0: 3 0x80002a80 (0x021ba1b3) x 3 0x00000000
core   0: 0x80002a84 (0x000a1463) bnez    s4, pc + 8
core   0: 3 0x80002a84 (0x000a1463)
core   0: 0x80002a88 (0xf073ee93) ori     t4, t2, -249
core   0: 3 0x80002a88 (0xf073ee93) x29 0xffffff07
core   0: 0x80002a8c (0x006501b3) add     gp, a0, t1
core   0: 3 0x80002a8c (0x006501b3) x 3 0x00000000
core   0: 0x80002a90 (0x027e98b3) mulh    a7, t4, t2
core   0: 3 0x80002a90 (0x027e98b3) x17 0x00000000
core   0: 0x80002a94 (0x00abe1b3) or      gp, s7, a0
core   0: 3 0x80002a94 (0x00abe1b3) x 3 0xc0012bbd
core   0: 0x80002a98 (0x6fcbef93) ori     t6, s7, 1788
core   0: 3 0x80002a98 (0x6fcbef93) x31 0xc0012ffd
core   0: 0x80002a9c (0x01b86d33) or      s10, a6, s11
core   0: 3 0x80002a9c (0x01b86d33) x26 0x80025e64
core   0: 0x80002aa0 (0x01fcfbb3) and     s7, s9, t6
core   0: 3 0x80002aa0 (0x01fcfbb3) x23 0xc0012bbd
core   0: 0x80002aa4 (0x00ffcc63) blt     t6, a5, pc + 24
core   0: 3 0x80002aa4 (0x00ffcc63)
core   0: 0x80002abc (0x52358c93) addi    s9, a1, 1315
core   0: 3 0x80002abc (0x52358c93) x25 0x00000523
core   0: 0x80002ac0 (0xf5192693) slti    a3, s2, -175
core   0: 3 0x80002ac0 (0xf5192693) x13 0x00000001
core   0: 0x80002ac4 (0x013ff663) bgeu    t6, s3, pc + 12
core   0: 3 0x80002ac4 (0x013ff663)
core   0: 0x80002ad0 (0x009695b3) sll     a1, a3, s1
core   0: 3 0x80002ad0 (0x009695b3) x11 0x00000001
core   0: 0x80002ad4 (0x05c51463) bne     a0, t3, pc + 72
core   0: 3 0x80002ad4 (0x05c51463)
core   0: 0x80002b1c (0x00ebebb3) or      s7, s7, a4
core   0: 3 0x80002b1c (0x00ebebb3) x23 0xc0092fbd
core   0: 0x80002b20 (0x030e17b3) mulh    a5, t3, a6
core   0: 3 0x80002b20 (0x030e17b3) x15 0xdcf21a3e
core   0: 0x80002b24 (0x03d64e63) blt     a2, t4, pc + 60
core   0: 3 0x80002b24 (0x03d64e63)
core   0: 0x80002b60 (0x4a42c193) xori    gp, t0, 1188
core   0: 3 0x80002b60 (0x4a42c193) x 3 0x800253de
core   0: 0x80002b64 (0xa1237b17) auipc   s6, 0xa1237
core   0: 3 0x80002b64 (0xa1237b17) x22 0x21239b64
core   0: 0x80002b68 (0x01d15663) bge     sp, t4, pc + 12
core   0: 3 0x80002b68 (0x01d15663)
core   0: 0x80002b74 (0x03387e33) remu    t3, a6, s3
core   0: 3 0x80002b74 (0x03387e33) x28 0x39e546b7
core   0: 0x80002b78 (0x00000013) nop
core   0: 3 0x80002b78 (0x00000013)
core   0: 0x80002b7c (0x01aa4463) blt     s4, s10, pc + 8
core   0: 3 0x80002b7c (0x01aa4463)
core   0: 0x80002b80 (0x85f10893) addi    a7, sp, -1953
core   0: 3 0x80002b80 (0x85f10893) x17 0xfffff85f
core   0: 0x80002b84 (0x004afd33) and     s10, s5, tp
core   0: 3 0x80002b84 (0x004afd33) x26 0x00000000
core   0: 0x80002b88 (0x00ce8663) beq     t4, a2, pc + 12
core   0: 3 0x80002b88 (0x00ce8663)
core   0: 0x80002b8c (0x032e25b3) mulhsu  a1, t3, s2
core   0: 3 0x80002b8c (0x032e25b3) x11 0x36b57e17
core   0: 0x80002b90 (0x01ca6f33) or      t5, s4, t3
core   0: 3 0x80002b90 (0x01ca6f33) x30 0x39e546b7
core   0: 0x80002b94 (0x013edf93) srli    t6, t4, 19
core   0: 3 0x80002b94 (0x013edf93) x31 0x00001fff
core   0: 0x80002b98 (0x03afc6b3) div     a3, t6, s10
core   0: 3 0x80002b98 (0x03afc6b3) x13 0xffffffff
core   0: 0x80002b9c (0x0240bab3) mulhu   s5, ra, tp
core   0: 3 0x80002b9c (0x0240bab3) x21 0x00000000
core   0: 0x80002ba0 (0x02e35063) bge     t1, a4, pc + 32
core   0: 3 0x80002ba0 (0x02e35063)
core   0: 0x80002ba4 (0xbbca7593) andi    a1, s4, -1092
core   0: 3 0x80002ba4 (0xbbca7593) x11 0x00000000
core   0: 0x80002ba8 (0x039d5033) divu    zero, s10, s9
core   0: 3 0x80002ba8 (0x039d5033)
core   0: 0x80002bac (0x014289b3) add     s3, t0, s4
core   0: 3 0x80002bac (0x014289b3) x19 0x8002577a
core   0: 0x80002bb0 (0x02ebe263) bltu    s7, a4, pc + 36
core   0: 3 0x80002bb0 (0x02ebe263)
core   0: 0x80002bb4 (0x01067d33) and     s10, a2, a6
core   0: 3 0x80002bb4 (0x01067d33) x26 0x80000000
core   0: 0x80002bb8 (0x02849233) mulh    tp, s1, s0
core   0: 3 0x80002bb8 (0x02849233) x 4 0x00000000
core   0: 0x80002bbc (0xc7be2c93) slti    s9, t3, -901
core   0: 3 0x80002bbc (0xc7be2c93) x25 0x00000000
core   0: 0x80002bc0 (0x0008d533) srl     a0, a7, zero
core   0: 3 0x80002bc0 (0x0008d533) x10 0xfffff85f
core   0: 0x80002bc4 (0x01692233) slt     tp, s2, s6
core   0: 3 0x80002bc4 (0x01692233) x 4 0x00000001
core   0: 0x80002bc8 (0x42398997) auipc   s3, 0x42398
core   0: 3 0x80002bc8 (0x42398997) x19 0xc239abc8
core   0: 0x80002bcc (0x006f64b3) or      s1, t5, t1
core   0: 3 0x80002bcc (0x006f64b3) x 9 0x39e546b7
core   0: 0x80002bd0 (0xa773bb93) sltiu   s7, t2, -1417
core   0: 3 0x80002bd0 (0xa773bb93) x23 0x00000001
core   0: 0x80002bd4 (0x00269293) slli    t0, a3, 2
core   0: 3 0x80002bd4 (0x00269293) x 5 0xfffffffc
core   0: 0x80002bd8 (0x01c21263) bne     tp, t3, pc + 4
core   0: 3 0x80002bd8 (0x01c21263)
core   0: 0x80002bdc (0x00265093) srli    ra, a2, 2
core   0: 3 0x80002bdc (0x00265093) x 1 0x20000000
core   0: 0x80002be0 (0x41865fb3) sra     t6, a2, s8
core   0: 3 0x80002be0 (0x41865fb3) x31 0xf8000000
core   0: 0x80002be4 (0x03f21233) mulh    tp, tp, t6
core   0: 3 0x80002be4 (0x03f21233) x 4 0xffffffff
core   0: 0x80002be8 (0x411b8fb3) sub     t6, s7, a7
core   0: 3 0x80002be8 (0x411b8fb3) x31 0x000007a2
core   0: 0x80002bec (0xf34fc493) xori    s1, t6, -204
core   0: 3 0x80002bec (0xf34fc493) x 9 0xfffff896
core   0: 0x80002bf0 (0x00d972b3) and     t0, s2, a3
core   0: 3 0x80002bf0 (0x00d972b3) x 5 0xf1e8cea9
core   0: 0x80002bf4 (0x0250dc63) bge     ra, t0, pc + 56
core   0: 3 0x80002bf4 (0x0250dc63)
core   0: 0x80002c2c (0x00ed82b3) add     t0, s11, a4
core   0: 3 0x80002c2c (0x00ed82b3) x 5 0x400806a9
core   0: 0x80002c30 (0x4ceb6e13) ori     t3, s6, 1230
core   0: 3 0x80002c30 (0x4ceb6e13) x28 0x21239fee
core   0: 0x80002c34 (0x0049e5b3) or      a1, s3, tp
core   0: 3 0x80002c34 (0x0049e5b3) x11 0xffffffff
core   0: 0x80002c38 (0x01a74d33) xor     s10, a4, s10
core   0: 3 0x80002c38 (0x01a74d33) x26 0xc00806a9
core   0: 0x80002c3c (0x014336b3) sltu    a3, t1, s4
core   0: 3 0x80002c3c (0x014336b3) x13 0x00000000
core   0: 0x80002c40 (0x00804433) xor     s0, zero, s0
core   0: 3 0x80002c40 (0x00804433) x 8 0x8ffef27c
core   0: 0x80002c44 (0x399c2b93) slti    s7, s8, 921
core   0: 3 0x80002c44 (0x399c2b93) x23 0x00000001
core   0: 0x80002c48 (0xe2a3f393) andi    t2, t2, -470
core   0: 3 0x80002c48 (0xe2a3f393) x 7 0x00000000
core   0: 0x80002c4c (0x13b66063) bltu    a2, s11, pc + 288
core   0: 3 0x80002c4c (0x13b66063)
core   0: 0x80002c50 (0x03f033b3) mulhu   t2, zero, t6
core   0: 3 0x80002c50 (0x03f033b3) x 7 0x00000000
core   0: 0x80002c54 (0x03cc6333) rem     t1, s8, t3
core   0: 3 0x80002c54 (0x03cc6333) x 6 0xe36d7cae
core   0: 0x80002c58 (0x01472ab3) slt     s5, a4, s4
core   0: 3 0x80002c58 (0x01472ab3) x21 0x00000000
core   0: 0x80002c5c (0x4149d193) srai    gp, s3, 20
core   0: 3 0x80002c5c (0x4149d193) x 3 0xfffffc23
core   0: 0x80002c60 (0x025ca333) mulhsu  t1, s9, t0
core   0: 3 0x80002c60 (0x025ca333) x 6 0x00000000
core   0: 0x80002c64 (0x00e96bb3) or      s7, s2, a4
core   0: 3 0x80002c64 (0x00e96bb3) x23 0xf1e8cea9
core   0: 0x80002c68 (0x0106da93) srli    s5, a3, 16
core   0: 3 0x80002c68 (0x0106da93) x21 0x00000000
core   0: 0x80002c6c (0x01adb333) sltu    t1, s11, s10
core   0: 3 0x80002c6c (0x01adb333) x 6 0x00000001
core   0: 0x80002c70 (0x0000ef97) auipc   t6, 0xe
core   0: 3 0x80002c70 (0x0000ef97) x31 0x80010c70
core   0: 0x80002c74 (0x9eaf8f93) addi    t6, t6, -1558
core   0: 3 0x80002c74 (0x9eaf8f93) x31 0x8001065a
core   0: 0x80002c78 (0x00159b93) slli    s7, a1, 1
core   0: 3 0x80002c78 (0x00159b93) x23 0xfffffffe
core   0: 0x80002c7c (0x019f8403) lb      s0, 25(t6)
core   0: 3 0x80002c7c (0x019f8403) x 8 0xffffffcb mem 0x80010673
core   0: 0x80002c80 (0x9a987d13) andi    s10, a6, -1623
core   0: 3 0x80002c80 (0x9a987d13) x26 0x80025820
core   0: 0x80002c84 (0x021796b3) mulh    a3, a5, ra
core   0: 3 0x80002c84 (0x021796b3) x13 0xfb9e4347
core   0: 0x80002c88 (0x001fc583) lbu     a1, 1(t6)
core   0: 3 0x80002c88 (0x001fc583) x11 0x0000000f mem 0x8001065b
core   0: 0x80002c8c (0x41130133) sub     sp, t1, a7
core   0: 3 0x80002c8c (0x41130133) x 2 0x000007a2
core   0: 0x80002c90 (0x01dfcf03) lbu     t5, 29(t6)
core   0: 3 0x80002c90 (0x01dfcf03) x30 0x0000008b mem 0x80010677
core   0: 0x80002c94 (0x03254033) div     zero, a0, s2
core   0: 3 0x80002c94 (0x03254033)
core   0: 0x80002c98 (0x035cb6b3) mulhu   a3, s9, s5
core   0: 3 0x80002c98 (0x035cb6b3) x13 0x00000000
core   0: 0x80002c9c (0x0108d993) srli    s3, a7, 16
core   0: 3 0x80002c9c (0x0108d993) x19 0x0000ffff
core   0: 0x80002ca0 (0xfc8f88a3) sb      s0, -47(t6)
core   0: 3 0x80002ca0 (0xfc8f88a3) mem 0x8001062b 0xcb
core   0: 0x80002ca4 (0x01102bb3) slt     s7, zero, a7
core   0: 3 0x80002ca4 (0x01102bb3) x23 0x00000000
core   0: 0x80002ca8 (0xfd6f8f03) lb      t5, -42(t6)
core   0: 3 0x80002ca8 (0xfd6f8f03) x30 0x0000003d mem 0x80010630
core   0: 0x80002cac (0x00fb5913) srli    s2, s6, 15
core   0: 3 0x80002cac (0x00fb5913) x18 0x00004247
core   0: 0x80002cb0 (0xffcfd203) lhu     tp, -4(t6)
core   0: 3 0x80002cb0 (0xffcfd203) x 4 0x0000f466 mem 0x80010656
core   0: 0x80002cb4 (0xfc6f8d83) lb      s11, -58(t6)
core   0: 3 0x80002cb4 (0xfc6f8d83) x27 0x00000040 mem 0x80010620
core   0: 0x80002cb8 (0x037a85b3) mul     a1, s5, s7
core   0: 3 0x80002cb8 (0x037a85b3) x11 0x00000000
core   0: 0x80002cbc (0x0034eab3) or      s5, s1, gp
core   0: 3 0x80002cbc (0x0034eab3) x21 0xfffffcb7
core   0: 0x80002cc0 (0x026199b3) mulh    s3, gp, t1
core   0: 3 0x80002cc0 (0x026199b3) x19 0xffffffff
core   0: 0x80002cc4 (0x40938233) sub     tp, t2, s1
core   0: 3 0x80002cc4 (0x40938233) x 4 0x0000076a
core   0: 0x80002cc8 (0xff1f8283) lb      t0, -15(t6)
core   0: 3 0x80002cc8 (0xff1f8283) x 5 0xffffffc2 mem 0x8001064b
core   0: 0x80002ccc (0xfc6f9023) sh      t1, -64(t6)
core   0: 3 0x80002ccc (0xfc6f9023) mem 0x8001061a 0x0001
core   0: 0x80002cd0 (0x002650b3) srl     ra, a2, sp
core   0: 3 0x80002cd0 (0x002650b3) x 1 0x20000000
core   0: 0x80002cd4 (0x034fdf03) lhu     t5, 52(t6)
core   0: 3 0x80002cd4 (0x034fdf03) x30 0x000048ff mem 0x8001068e
core   0: 0x80002cd8 (0xfd9f8123) sb      s9, -62(t6)
core   0: 3 0x80002cd8 (0xfd9f8123) mem 0x8001061c 0x0
core   0: 0x80002cdc (0xfd0fda03) lhu     s4, -48(t6)
core   0: 3 0x80002cdc (0xfd0fda03) x20 0x0000cbfc mem 0x8001062a
core   0: 0x80002ce0 (0x01d89533) sll     a0, a7, t4
core   0: 3 0x80002ce0 (0x01d89533) x10 0xfffc2f80
core   0: 0x80002ce4 (0x17ea8b93) addi    s7, s5, 382
core   0: 3 0x80002ce4 (0x17ea8b93) x23 0xfffffe35
core   0: 0x80002ce8 (0x01ef8e03) lb      t3, 30(t6)
core   0: 3 0x80002ce8 (0x01ef8e03) x28 0x00000075 mem 0x80010678
core   0: 0x80002cec (0x020574b3) remu    s1, a0, zero
core   0: 3 0x80002cec (0x020574b3) x 9 0xfffc2f80
core   0: 0x80002cf0 (0x0381a9b3) mulhsu  s3, gp, s8
core   0: 3 0x80002cf0 (0x0381a9b3) x19 0xfffffe11
core   0: 0x80002cf4 (0x00a20eb3) add     t4, tp, a0
core   0: 3 0x80002cf4 (0x00a20eb3) x29 0xfffc36ea
core   0: 0x80002cf8 (0xfe9fcf03) lbu     t5, -23(t6)
core   0: 3 0x80002cf8 (0xfe9fcf03) x30 0x000000a8 mem 0x80010643
core   0: 0x80002cfc (0x47fa7993) andi    s3, s4, 1151
core   0: 3 0x80002cfc (0x47fa7993) x19 0x0000007c
core   0: 0x80002d00 (0x31148693) addi    a3, s1, 785
core   0: 3 0x80002d00 (0x31148693) x13 0xfffc3291
core   0: 0x80002d04 (0x411c8b33) sub     s6, s9, a7
core   0: 3 0x80002d04 (0x411c8b33) x22 0x000007a1
core   0: 0x80002d08 (0x002f8ea3) sb      sp, 29(t6)
core   0: 3 0x80002d08 (0x002f8ea3) mem 0x80010677 0xa2
core   0: 0x80002d0c (0xfcff8883) lb      a7, -49(t6)
core   0: 3 0x80002d0c (0xfcff8883) x17 0x00000009 mem 0x80010629
core   0: 0x80002d10 (0x01af8b23) sb      s10, 22(t6)
core   0: 3 0x80002d10 (0x01af8b23) mem 0x80010670 0x20
core   0: 0x80002d14 (0xfd7f8423) sb      s7, -56(t6)
core   0: 3 0x80002d14 (0xfd7f8423) mem 0x80010622 0x35
core   0: 0x80002d18 (0x00df9c23) sh      a3, 24(t6)
core   0: 3 0x80002d18 (0x00df9c23) mem 0x80010672 0x3291
core   0: 0x80002d1c (0x03824233) div     tp, tp, s8
core   0: 3 0x80002d1c (0x03824233) x 4 0x00000000
core   0: 0x80002d20 (0x00af8383) lb      t2, 10(t6)
core   0: 3 0x80002d20 (0x00af8383) x 7 0xffffffea mem 0x80010664
core   0: 0x80002d24 (0x015f8903) lb      s2, 21(t6)
core   0: 3 0x80002d24 (0x015f8903) x18 0x00000012 mem 0x8001066f
core   0: 0x80002d28 (0xfeffa523) sw      a5, -22(t6)
core   0: 3 0x80002d28 (0xfeffa523) mem 0x80010644 0xdcf21a3e
core   0: 0x80002d2c (0x41285233) sra     tp, a6, s2
core   0: 3 0x80002d2c (0x41285233) x 4 0xffffe000
core   0: 0x80002d30 (0x402bdb93) srai    s7, s7, 2
core   0: 3 0x80002d30 (0x402bdb93) x23 0xffffff8d
core   0: 0x80002d34 (0xff4fcb83) lbu     s7, -12(t6)
core   0: 3 0x80002d34 (0xff4fcb83) x23 0x0000008d mem 0x8001064e
core   0: 0x80002d38 (0xfe9f8423) sb      s1, -24(t6)
core   0: 3 0x80002d38 (0xfe9f8423) mem 0x80010642 0x80
core   0: 0x80002d3c (0xc683fa13) andi    s4, t2, -920
core   0: 3 0x80002d3c (0xc683fa13) x20 0xfffffc68
core   0: 0x80002d40 (0xfe6f9e03) lh      t3, -26(t6)
core   0: 3 0x80002d40 (0xfe6f9e03) x28 0xffffb133 mem 0x80010640
core   0: 0x80002d44 (0x03f711b3) mulh    gp, a4, t6
core   0: 3 0x80002d44 (0x03f711b3) x 3 0xdffc3e4a
core   0: 0x80002d48 (0x01eb7133) and     sp, s6, t5
core   0: 3 0x80002d48 (0x01eb7133) x 2 0x000000a0
core   0: 0x80002d4c (0x024a8733) mul     a4, s5, tp
core   0: 3 0x80002d4c (0x024a8733) x14 0x00692000
core   0: 0x80002d50 (0x01d90ab3) add     s5, s2, t4
core   0: 3 0x80002d50 (0x01d90ab3) x21 0xfffc36fc
core   0: 0x80002d54 (0x005526b3) slt     a3, a0, t0
core   0: 3 0x80002d54 (0x005526b3) x13 0x00000001
core   0: 0x80002d58 (0x02c91333) mulh    t1, s2, a2
core   0: 3 0x80002d58 (0x02c91333) x 6 0xfffffff7
core   0: 0x80002d5c (0x027f5b33) divu    s6, t5, t2
core   0: 3 0x80002d5c (0x027f5b33) x22 0x00000000
core   0: 0x80002d60 (0x4bc17693) andi    a3, sp, 1212
core   0: 3 0x80002d60 (0x4bc17693) x13 0x000000a0
core   0: 0x80002d64 (0x40ce0e33) sub     t3, t3, a2
core   0: 3 0x80002d64 (0x40ce0e33) x28 0x7fffb133
core   0: 0x80002d68 (0x00457033) and     zero, a0, tp
core   0: 3 0x80002d68 (0x00457033)
core   0: 0x80002d6c (0x03038d33) mul     s10, t2, a6
core   0: 3 0x80002d6c (0x03038d33) x26 0xffcbe368
core   0: 0x80002d70 (0x00db1293) slli    t0, s6, 13
core   0: 3 0x80002d70 (0x00db1293) x 5 0x00000000
core   0: 0x80002d74 (0x022648b3) div     a7, a2, sp
core   0: 3 0x80002d74 (0x022648b3) x17 0xff333334
core   0: 0x80002d78 (0x01cb29b3) slt     s3, s6, t3
core   0: 3 0x80002d78 (0x01cb29b3) x19 0x00000001
core   0: 0x80002d7c (0xd1794b93) xori    s7, s2, -745
core   0: 3 0x80002d7c (0xd1794b93) x23 0xfffffd05
core   0: 0x80002d80 (0x03c4aa33) mulhsu  s4, s1, t3
core   0: 3 0x80002d80 (0x03c4aa33) x20 0xfffe17c1
core   0: 0x80002d84 (0x004e0033) add     zero, t3, tp
core   0: 3 0x80002d84 (0x004e0033)
core   0: 0x80002d88 (0x023b7233) remu    tp, s6, gp
core   0: 3 0x80002d88 (0x023b7233) x 4 0x00000000
core   0: 0x80002d8c (0x034d58b3) divu    a7, s10, s4
core   0: 3 0x80002d8c (0x034d58b3) x17 0x00000000
core   0: 0x80002d90 (0x02841233) mulh    tp, s0, s0
core   0: 3 0x80002d90 (0x02841233) x 4 0x00000000
core   0: 0x80002d94 (0x401c05b3) sub     a1, s8, ra
core   0: 3 0x80002d94 (0x401c05b3) x11 0x60029ce4
core   0: 0x80002d98 (0x00125f33) srl     t5, tp, ra
core   0: 3 0x80002d98 (0x00125f33) x30 0x00000000
core   0: 0x80002d9c (0xc6e00e13) li      t3, -914
core   0: 3 0x80002d9c (0xc6e00e13) x28 0xfffffc6e
core   0: 0x80002da0 (0x00341fb3) sll     t6, s0, gp
core   0: 3 0x80002da0 (0x00341fb3) x31 0xffff2c00
core   0: 0x80002da4 (0x00cf8e33) add     t3, t6, a2
core   0: 3 0x80002da4 (0x00cf8e33) x28 0x7fff2c00
core   0: 0x80002da8 (0xabb7a593) slti    a1, a5, -1349
core   0: 3 0x80002da8 (0xabb7a593) x11 0x00000001
core   0: 0x80002dac (0x0084c6b3) xor     a3, s1, s0
core   0: 3 0x80002dac (0x0084c6b3) x13 0x0003d04b
core   0: 0x80002db0 (0x01d503b3) add     t2, a0, t4
core   0: 3 0x80002db0 (0x01d503b3) x 7 0xfff8666a
core   0: 0x80002db4 (0x1c89c513) xori    a0, s3, 456
core   0: 3 0x80002db4 (0x1c89c513) x10 0x000001c9
core   0: 0x80002db8 (0x03151c63) bne     a0, a7, pc + 56
core   0: 3 0x80002db8 (0x03151c63)
core   0: 0x80002df0 (0x010e28b3) slt     a7, t3, a6
core   0: 3 0x80002df0 (0x010e28b3) x17 0x00000000
core   0: 0x80002df4 (0x02f65bb3) divu    s7, a2, a5
core   0: 3 0x80002df4 (0x02f65bb3) x23 0x00000000
core   0: 0x80002df8 (0xac471db7) lui     s11, 0xac471
core   0: 3 0x80002df8 (0xac471db7) x27 0xac471000
core   0: 0x80002dfc (0xda2a4693) xori    a3, s4, -606
core   0: 3 0x80002dfc (0xda2a4693) x13 0x0001ea63
core   0: 0x80002e00 (0x41845193) srai    gp, s0, 24
core   0: 3 0x80002e00 (0x41845193) x 3 0xffffffff
core   0: 0x80002e04 (0x02393333) mulhu   t1, s2, gp
core   0: 3 0x80002e04 (0x02393333) x 6 0x00000011
core   0: 0x80002e08 (0x003ede13) srli    t3, t4, 3
core   0: 3 0x80002e08 (0x003ede13) x28 0x1fff86dd
core   0: 0x80002e0c (0x03e94433) div     s0, s2, t5
core   0: 3 0x80002e0c (0x03e94433) x 8 0xffffffff
core   0: 0x80002e10 (0x00f152b3) srl     t0, sp, a5
core   0: 3 0x80002e10 (0x00f152b3) x 5 0x00000000
core   0: 0x80002e14 (0x01f51733) sll     a4, a0, t6
core   0: 3 0x80002e14 (0x01f51733) x14 0x000001c9
core   0: 0x80002e18 (0x013661b3) or      gp, a2, s3
core   0: 3 0x80002e18 (0x013661b3) x 3 0x80000001
core   0: 0x80002e1c (0x01311793) slli    a5, sp, 19
core   0: 3 0x80002e1c (0x01311793) x15 0x05000000
core   0: 0x80002e20 (0xa458fa97) auipc   s5, 0xa458f
core   0: 3 0x80002e20 (0xa458fa97) x21 0x24591e20
core   0: 0x80002e24 (0x013ed693) srli    a3, t4, 19
core   0: 3 0x80002e24 (0x013ed693) x13 0x00001fff
core   0: 0x80002e28 (0x00338463) beq     t2, gp, pc + 8
core   0: 3 0x80002e28 (0x00338463)
core   0: 0x80002e2c (0x00a7c2b3) xor     t0, a5, a0
core   0: 3 0x80002e2c (0x00a7c2b3) x 5 0x050001c9
core   0: 0x80002e30 (0x03c88eb3) mul     t4, a7, t3
core   0: 3 0x80002e30 (0x03c88eb3) x29 0x00000000
core   0: 0x80002e34 (0x00c1c733) xor     a4, gp, a2
core   0: 3 0x80002e34 (0x00c1c733) x14 0x00000001
core   0: 0x80002e38 (0x009835b3) sltu    a1, a6, s1
core   0: 3 0x80002e38 (0x009835b3) x11 0x00000001
core   0: 0x80002e3c (0x026d4263) blt     s10, t1, pc + 36
core   0: 3 0x80002e3c (0x026d4263)
core   0: 0x80002e60 (0x00000013) nop
core   0: 3 0x80002e60 (0x00000013)
core   0: 0x80002e64 (0x02a1c263) blt     gp, a0, pc + 36
core   0: 3 0x80002e64 (0x02a1c263)
core   0: 0x80002e88 (0x41ae80b3) sub     ra, t4, s10
core   0: 3 0x80002e88 (0x41ae80b3) x 1 0x00341c98
core   0: 0x80002e8c (0x876cf213) andi    tp, s9, -1930
core   0: 3 0x80002e8c (0x876cf213) x 4 0x00000000
core   0: 0x80002e90 (0x00000013) nop
core   0: 3 0x80002e90 (0x00000013)
core   0: 0x80002e94 (0x00000013) nop
core   0: 3 0x80002e94 (0x00000013)
core   0: 0x80002e98 (0x6e2bc313) xori    t1, s7, 1762
core   0: 3 0x80002e98 (0x6e2bc313) x 6 0x000006e2
core   0: 0x80002e9c (0xd420b713) sltiu   a4, ra, -702
core   0: 3 0x80002e9c (0xd420b713) x14 0x00000001
core   0: 0x80002ea0 (0x04bae263) bltu    s5, a1, pc + 68
core   0: 3 0x80002ea0 (0x04bae263)
core   0: 0x80002ea4 (0x028dee63) bltu    s11, s0, pc + 60
core   0: 3 0x80002ea4 (0x028dee63)
core   0: 0x80002ee0 (0x01d5a233) slt     tp, a1, t4
core   0: 3 0x80002ee0 (0x01d5a233) x 4 0x00000000
core   0: 0x80002ee4 (0x2b682d93) slti    s11, a6, 694
core   0: 3 0x80002ee4 (0x2b682d93) x27 0x00000001
core   0: 0x80002ee8 (0x007f18b3) sll     a7, t5, t2
core   0: 3 0x80002ee8 (0x007f18b3) x17 0x00000000
core   0: 0x80002eec (0x415151b3) sra     gp, sp, s5
core   0: 3 0x80002eec (0x415151b3) x 3 0x000000a0
core   0: 0x80002ef0 (0x162bc393) xori    t2, s7, 354
core   0: 3 0x80002ef0 (0x162bc393) x 7 0x00000162
core   0: 0x80002ef4 (0x59739017) auipc   zero, 0x59739
core   0: 3 0x80002ef4 (0x59739017)
core   0: 0x80002ef8 (0x40b60133) sub     sp, a2, a1
core   0: 3 0x80002ef8 (0x40b60133) x 2 0x7fffffff
core   0: 0x80002efc (0x00d422b3) slt     t0, s0, a3
core   0: 3 0x80002efc (0x00d422b3) x 5 0x00000001
core   0: 0x80002f00 (0x05521063) bne     tp, s5, pc + 64
core   0: 3 0x80002f00 (0x05521063)
core   0: 0x80002f40 (0x176629b7) lui     s3, 0x17662
core   0: 3 0x80002f40 (0x176629b7) x19 0x17662000
core   0: 0x80002f44 (0x57567d13) andi    s10, a2, 1397
core   0: 3 0x80002f44 (0x57567d13) x26 0x00000000
core   0: 0x80002f48 (0x8593cb13) xori    s6, t2, -1959
core   0: 3 0x80002f48 (0x8593cb13) x22 0xfffff93b
core   0: 0x80002f4c (0x01861cb3) sll     s9, a2, s8
core   0: 3 0x80002f4c (0x01861cb3) x25 0x00000000
core   0: 0x80002f50 (0x014ccfb3) xor     t6, s9, s4
core   0: 3 0x80002f50 (0x014ccfb3) x31 0xfffe17c1
core   0: 0x80002f54 (0x55f18893) addi    a7, gp, 1375
core   0: 3 0x80002f54 (0x55f18893) x17 0x000005ff
core   0: 0x80002f58 (0x01753133) sltu    sp, a0, s7
core   0: 3 0x80002f58 (0x01753133) x 2 0x00000000
core   0: 0x80002f5c (0x0397e433) rem     s0, a5, s9
core   0: 3 0x80002f5c (0x0397e433) x 8 0x05000000
core   0: 0x80002f60 (0xb883fd13) andi    s10, t2, -1144
core   0: 3 0x80002f60 (0xb883fd13) x26 0x00000100
core   0: 0x80002f64 (0x03981863) bne     a6, s9, pc + 48
core   0: 3 0x80002f64 (0x03981863)
core   0: 0x80002f94 (0x00d11093) slli    ra, sp, 13
core   0: 3 0x80002f94 (0x00d11093) x 1 0x00000000
core   0: 0x80002f98 (0x0338d433) divu    s0, a7, s3
core   0: 3 0x80002f98 (0x0338d433) x 8 0x00000000
core   0: 0x80002f9c (0x03006133) rem     sp, zero, a6
core   0: 3 0x80002f9c (0x03006133) x 2 0x00000000
core   0: 0x80002fa0 (0x41ec0fb3) sub     t6, s8, t5
core   0: 3 0x80002fa0 (0x41ec0fb3) x31 0x80029ce4
core   0: 0x80002fa4 (0x02bd5063) bge     s10, a1, pc + 32
core   0: 3 0x80002fa4 (0x02bd5063)
core   0: 0x80002fc4 (0x03239e63) bne     t2, s2, pc + 60
core   0: 3 0x80002fc4 (0x03239e63)
core   0: 0x80003000 (0x00f14233) xor     tp, sp, a5
core   0: 3 0x80003000 (0x00f14233) x 4 0x05000000
core   0: 0x80003004 (0x00000013) nop
core   0: 3 0x80003004 (0x00000013)
core   0: 0x80003008 (0x4073da13) srai    s4, t2, 7
core   0: 3 0x80003008 (0x4073da13) x20 0x00000002
core   0: 0x8000300c (0x48517693) andi    a3, sp, 1157
core   0: 3 0x8000300c (0x48517693) x13 0x00000000
core   0: 0x80003010 (0x5d41c893) xori    a7, gp, 1492
core   0: 3 0x80003010 (0x5d41c893) x17 0x00000574
core   0: 0x80003014 (0x001c8463) beq     s9, ra, pc + 8
core   0: 3 0x80003014 (0x001c8463)
core   0: 0x8000301c (0x40e0d593) srai    a1, ra, 14
core   0: 3 0x8000301c (0x40e0d593) x11 0x00000000
core   0: 0x80003020 (0x41b3de13) srai    t3, t2, 27
core   0: 3 0x80003020 (0x41b3de13) x28 0x00000000
core   0: 0x80003024 (0x02845533) divu    a0, s0, s0
core   0: 3 0x80003024 (0x02845533) x10 0xffffffff
core   0: 0x80003028 (0x0220ef33) rem     t5, ra, sp
core   0: 3 0x80003028 (0x0220ef33) x30 0x00000000
core   0: 0x8000302c (0x00f29433) sll     s0, t0, a5
core   0: 3 0x8000302c (0x00f29433) x 8 0x00000001
core   0: 0x80003030 (0x000e3cb3) sltu    s9, t3, zero
core   0: 3 0x80003030 (0x000e3cb3) x25 0x00000000
core   0: 0x80003034 (0x026a9233) mulh    tp, s5, t1
core   0: 3 0x80003034 (0x026a9233) x 4 0x000000fa
core   0: 0x80003038 (0x01bb7eb3) and     t4, s6, s11
core   0: 3 0x80003038 (0x01bb7eb3) x29 0x00000001
core   0: 0x8000303c (0x26acabb7) lui     s7, 0x26aca
core   0: 3 0x8000303c (0x26acabb7) x23 0x26aca000
core   0: 0x80003040 (0x02a45533) divu    a0, s0, a0
core   0: 3 0x80003040 (0x02a45533) x10 0x00000000
core   0: 0x80003044 (0x00011897) auipc   a7, 0x11
core   0: 3 0x80003044 (0x00011897) x17 0x80014044
core   0: 0x80003048 (0x2b288893) addi    a7, a7, 690
core   0: 3 0x80003048 (0x2b288893) x17 0x800142f6
core   0: 0x8000304c (0x7b18ce83) lbu     t4, 1969(a7)
core   0: 3 0x8000304c (0x7b18ce83) x29 0x00000099 mem 0x80014aa7
core   0: 0x80003050 (0x0036bcb3) sltu    s9, a3, gp
core   0: 3 0x80003050 (0x0036bcb3) x25 0x00000001
core   0: 0x80003054 (0xda5de593) ori     a1, s11, -603
core   0: 3 0x80003054 (0xda5de593) x11 0xfffffda5
core   0: 0x80003058 (0x8fd8cf83) lbu     t6, -1795(a7)
core   0: 3 0x80003058 (0x8fd8cf83) x31 0x000000ca mem 0x80013bf3
core   0: 0x8000305c (0xf4688c23) sb      t1, -168(a7)
core   0: 3 0x8000305c (0xf4688c23) mem 0x8001424e 0xe2
core   0: 0x80003060 (0xcbe8a703) lw      a4, -834(a7)
core   0: 3 0x80003060 (0xcbe8a703) x14 0xf05829e0 mem 0x80013fb4
core   0: 0x80003064 (0x5188df03) lhu     t5, 1304(a7)
core   0: 3 0x80003064 (0x5188df03) x30 0x0000f32b mem 0x8001480e
core   0: 0x80003068 (0x017fdf13) srli    t5, t6, 23
core   0: 3 0x80003068 (0x017fdf13) x30 0x00000000
core   0: 0x8000306c (0x02f40fb3) mul     t6, s0, a5
core   0: 3 0x8000306c (0x02f40fb3) x31 0x05000000
core   0: 0x80003070 (0x000ef3b3) and     t2, t4, zero
core   0: 3 0x80003070 (0x000ef3b3) x 7 0x00000000
core   0: 0x80003074 (0x012f6b33) or      s6, t5, s2
core   0: 3 0x80003074 (0x012f6b33) x22 0x00000012
core   0: 0x80003078 (0x86a8d683) lhu     a3, -1942(a7)
core   0: 3 0x80003078 (0x86a8d683) x13 0x00002cca mem 0x80013b60
core   0: 0x8000307c (0x1968a983) lw      s3, 406(a7)
core   0: 3 0x8000307c (0x1968a983) x19 0x82719bef mem 0x8001448c
core   0: 0x80003080 (0x70d885a3) sb      a3, 1803(a7)
core   0: 3 0x80003080 (0x70d885a3) mem 0x80014a01 0xca
core   0: 0x80003084 (0xf3588e83) lb      t4, -203(a7)
core   0: 3 0x80003084 (0xf3588e83) x29 0x00000024 mem 0x8001422b
core   0: 0x80003088 (0x2918c703) lbu     a4, 657(a7)
core   0: 3 0x80003088 (0x2918c703) x14 0x000000f5 mem 0x80014587
core   0: 0x8000308c (0x13488023) sb      s4, 288(a7)
core   0: 3 0x8000308c (0x13488023) mem 0x80014416 0x2
core   0: 0x80003090 (0x00d09a33) sll     s4, ra, a3
core   0: 3 0x80003090 (0x00d09a33) x20 0x00000000
core   0: 0x80003094 (0x00a45513) srli    a0, s0, 10
core   0: 3 0x80003094 (0x00a45513) x10 0x00000000
core   0: 0x80003098 (0x17e3ea13) ori     s4, t2, 382
core   0: 3 0x80003098 (0x17e3ea13) x20 0x0000017e
core   0: 0x8000309c (0x023c35b3) mulhu   a1, s8, gp
core   0: 3 0x8000309c (0x023c35b3) x11 0x00000050
core   0: 0x800030a0 (0xf851ce93) xori    t4, gp, -123
core   0: 3 0x800030a0 (0xf851ce93) x29 0xffffff25
core   0: 0x800030a4 (0x913880a3) sb      s3, -1791(a7)
core   0: 3 0x800030a4 (0x913880a3) mem 0x80013bf7 0xef
core   0: 0x800030a8 (0x4b288d03) lb      s10, 1202(a7)
core   0: 3 0x800030a8 (0x4b288d03) x26 0xffffff92 mem 0x800147a8
core   0: 0x800030ac (0x6bf8c003) lbu     zero, 1727(a7)
core   0: 3 0x800030ac (0x6bf8c003) mem 0x800149b5
core   0: 0x800030b0 (0x019ded33) or      s10, s11, s9
core   0: 3 0x800030b0 (0x019ded33) x26 0x00000001
core   0: 0x800030b4 (0x18b52213) slti    tp, a0, 395
core   0: 3 0x800030b4 (0x18b52213) x 4 0x00000001
core   0: 0x800030b8 (0x27888103) lb      sp, 632(a7)
core   0: 3 0x800030b8 (0x27888103) x 2 0xffffffab mem 0x8001456e
core   0: 0x800030bc (0x0138ca03) lbu     s4, 19(a7)
core   0: 3 0x800030bc (0x0138ca03) x20 0x000000c7 mem 0x80014309
core   0: 0x800030c0 (0x58188f03) lb      t5, 1409(a7)
core   0: 3 0x800030c0 (0x58188f03) x30 0x00000056 mem 0x80014877
core   0: 0x800030c4 (0x02f38e33) mul     t3, t2, a5
core   0: 3 0x800030c4 (0x02f38e33) x28 0x00000000
core   0: 0x800030c8 (0x03d21063) bne     tp, t4, pc + 32
core   0: 3 0x800030c8 (0x03d21063)
core   0: 0x800030e8 (0x009a53b3) srl     t2, s4, s1
core   0: 3 0x800030e8 (0x009a53b3) x 7 0x000000c7
core   0: 0x800030ec (0x029b4eb3) div     t4, s6, s1
core   0: 3 0x800030ec (0x029b4eb3) x29 0x00000000
core   0: 0x800030f0 (0x02ce5463) bge     t3, a2, pc + 40
core   0: 3 0x800030f0 (0x02ce5463)
core   0: 0x80003118 (0x03c5fe63) bgeu    a1, t3, pc + 60
core   0: 3 0x80003118 (0x03c5fe63)
core   0: 0x80003154 (0x028f5e33) divu    t3, t5, s0
core   0: 3 0x80003154 (0x028f5e33) x28 0x00000056
core   0: 0x80003158 (0x00ca1f33) sll     t5, s4, a2
core   0: 3 0x80003158 (0x00ca1f33) x30 0x000000c7
core   0: 0x8000315c (0x03a11433) mulh    s0, sp, s10
core   0: 3 0x8000315c (0x03a11433) x 8 0xffffffff
core   0: 0x80003160 (0x00000013) nop
core   0: 3 0x80003160 (0x00000013)
core   0: 0x80003164 (0x02d0f463) bgeu    ra, a3, pc + 40
core   0: 3 0x80003164 (0x02d0f463)
core   0: 0x80003168 (0x039106b3) mul     a3, sp, s9
core   0: 3 0x80003168 (0x039106b3) x13 0xffffffab
core   0: 0x8000316c (0x0396b2b3) mulhu   t0, a3, s9
core   0: 3 0x8000316c (0x0396b2b3) x 5 0x00000000
core   0: 0x80003170 (0x024c9433) mulh    s0, s9, tp
core   0: 3 0x80003170 (0x024c9433) x 8 0x00000000
core   0: 0x80003174 (0x000464b3) or      s1, s0, zero
core   0: 3 0x80003174 (0x000464b3) x 9 0x00000000
core   0: 0x80003178 (0x01869233) sll     tp, a3, s8
core   0: 3 0x80003178 (0x01869233) x 4 0xfffffab0
core   0: 0x8000317c (0x01953333) sltu    t1, a0, s9
core   0: 3 0x8000317c (0x01953333) x 6 0x00000001
core   0: 0x80003180 (0x016edeb3) srl     t4, t4, s6
core   0: 3 0x80003180 (0x016edeb3) x29 0x00000000
core   0: 0x80003184 (0x0274a733) mulhsu  a4, s1, t2
core   0: 3 0x80003184 (0x0274a733) x14 0x00000000
core   0: 0x80003188 (0x04837063) bgeu    t1, s0, pc + 64
core   0: 3 0x80003188 (0x04837063)
core   0: 0x800031c8 (0x03dd30b3) mulhu   ra, s10, t4
core   0: 3 0x800031c8 (0x03dd30b3) x 1 0x00000000
core   0: 0x800031cc (0x4da24413) xori    s0, tp, 1242
core   0: 3 0x800031cc (0x4da24413) x 8 0xfffffe6a
core   0: 0x800031d0 (0x4a5e7337) lui     t1, 0x4a5e7
core   0: 3 0x800031d0 (0x4a5e7337) x 6 0x4a5e7000
core   0: 0x800031d4 (0x01e97733) and     a4, s2, t5
core   0: 3 0x800031d4 (0x01e97733) x14 0x00000002
core   0: 0x800031d8 (0x02826933) rem     s2, tp, s0
core   0: 3 0x800031d8 (0x02826933) x18 0xffffff72
core   0: 0x800031dc (0x02adf3b3) remu    t2, s11, a0
core   0: 3 0x800031dc (0x02adf3b3) x 7 0x00000001
core   0: 0x800031e0 (0x034d8933) mul     s2, s11, s4
core   0: 3 0x800031e0 (0x034d8933) x18 0x000000c7
core   0: 0x800031e4 (0x03e516b3) mulh    a3, a0, t5
core   0: 3 0x800031e4 (0x03e516b3) x13 0x00000000
core   0: 0x800031e8 (0x02d5bab3) mulhu   s5, a1, a3
core   0: 3 0x800031e8 (0x02d5bab3) x21 0x00000000
core   0: 0x800031ec (0x03f7e133) rem     sp, a5, t6
core   0: 3 0x800031ec (0x03f7e133) x 2 0x00000000
core   0: 0x800031f0 (0x942aa193) slti    gp, s5, -1726
core   0: 3 0x800031f0 (0x942aa193) x 3 0x00000000
core   0: 0x800031f4 (0x02517263) bgeu    sp, t0, pc + 36
core   0: 3 0x800031f4 (0x02517263)
core   0: 0x80003218 (0x02dc9e63) bne     s9, a3, pc + 60
core   0: 3 0x80003218 (0x02dc9e63)
core   0: 0x80003254 (0x03ef9263) bne     t6, t5, pc + 36
core   0: 3 0x80003254 (0x03ef9263)
core   0: 0x80003278 (0x0139dc93) srli    s9, s3, 19
core   0: 3 0x80003278 (0x0139dc93) x25 0x0000104e
core   0: 0x8000327c (0x002b20b3) slt     ra, s6, sp
core   0: 3 0x8000327c (0x002b20b3) x 1 0x00000000
core   0: 0x80003280 (0xfdc6b093) sltiu   ra, a3, -36
core   0: 3 0x80003280 (0xfdc6b093) x 1 0x00000001
core   0: 0x80003284 (0x0319e033) rem     zero, s3, a7
core   0: 3 0x80003284 (0x0319e033)
core   0: 0x80003288 (0x00038733) add     a4, t2, zero
core   0: 3 0x80003288 (0x00038733) x14 0x00000001
core   0: 0x8000328c (0xf9448b13) addi    s6, s1, -108
core   0: 3 0x8000328c (0xf9448b13) x22 0xffffff94
core   0: 0x80003290 (0x009437b3) sltu    a5, s0, s1
core   0: 3 0x80003290 (0x009437b3) x15 0x00000000
core   0: 0x80003294 (0x0325b5b3) mulhu   a1, a1, s2
core   0: 3 0x80003294 (0x0325b5b3) x11 0x00000000
core   0: 0x80003298 (0x01828e33) add     t3, t0, s8
core   0: 3 0x80003298 (0x01828e33) x28 0x80029ce4
core   0: 0x8000329c (0x02d08ab3) mul     s5, ra, a3
core   0: 3 0x8000329c (0x02d08ab3) x21 0x00000000
core   0: 0x800032a0 (0x0118d9b3) srl     s3, a7, a7
core   0: 3 0x800032a0 (0x0118d9b3) x19 0x00000200
core   0: 0x800032a4 (0x41105293) srai    t0, zero, 17
core   0: 3 0x800032a4 (0x41105293) x 5 0x00000000
core   0: 0x800032a8 (0x017ef7b3) and     a5, t4, s7
core   0: 3 0x800032a8 (0x017ef7b3) x15 0x00000000
core   0: 0x800032ac (0x01736eb3) or      t4, t1, s7
core   0: 3 0x800032ac (0x01736eb3) x29 0x6efef000
core   0: 0x800032b0 (0x03c88e33) mul     t3, a7, t3
core   0: 3 0x800032b0 (0x03c88e33) x28 0x4bd98b18
core   0: 0x800032b4 (0x0447c663) blt     a5, tp, pc + 76
core   0: 3 0x800032b4 (0x0447c663)
core   0: 0x800032b8 (0x03f7b2b3) mulhu   t0, a5, t6
core   0: 3 0x800032b8 (0x03f7b2b3) x 5 0x00000000
core   0: 0x800032bc (0x00108663) beq     ra, ra, pc + 12
core   0: 3 0x800032bc (0x00108663)
core   0: 0x800032c8 (0x033bb7b3) mulhu   a5, s7, s3
core   0: 3 0x800032c8 (0x033bb7b3) x15 0x0000004d
core   0: 0x800032cc (0x00000013) nop
core   0: 3 0x800032cc (0x00000013)
core   0: 0x800032d0 (0x00ae5713) srli    a4, t3, 10
core   0: 3 0x800032d0 (0x00ae5713) x14 0x0012f662
core   0: 0x800032d4 (0x00000013) nop
core   0: 3 0x800032d4 (0x00000013)
core   0: 0x800032d8 (0x0082dcb3) srl     s9, t0, s0
core   0: 3 0x800032d8 (0x0082dcb3) x25 0x00000000
core   0: 0x800032dc (0x01b99193) slli    gp, s3, 27
core   0: 3 0x800032dc (0x01b99193) x 3 0x00000000
core   0: 0x800032e0 (0x011225b3) slt     a1, tp, a7
core   0: 3 0x800032e0 (0x011225b3) x11 0x00000000
core   0: 0x800032e4 (0x03eeccb3) div     s9, t4, t5
core   0: 3 0x800032e4 (0x03eeccb3) x25 0x008ec9e3
core   0: 0x800032e8 (0x03f97fb3) remu    t6, s2, t6
core   0: 3 0x800032e8 (0x03f97fb3) x31 0x000000c7
core   0: 0x800032ec (0x03801cb3) mulh    s9, zero, s8
core   0: 3 0x800032ec (0x03801cb3) x25 0x00000000
core   0: 0x800032f0 (0xf9696d13) ori     s10, s2, -106
core   0: 3 0x800032f0 (0xf9696d13) x26 0xffffffd7
core   0: 0x800032f4 (0x419456b3) sra     a3, s0, s9
core   0: 3 0x800032f4 (0x419456b3) x13 0xfffffe6a
core   0: 0x800032f8 (0x00d506b3) add     a3, a0, a3
core   0: 3 0x800032f8 (0x00d506b3) x13 0xfffffe6a
core   0: 0x800032fc (0x029565b3) rem     a1, a0, s1
core   0: 3 0x800032fc (0x029565b3) x11 0x00000000
core   0: 0x80003300 (0x025d6f33) rem     t5, s10, t0
core   0: 3 0x80003300 (0x025d6f33) x30 0xffffffd7
core   0: 0x80003304 (0x02a31e63) bne     t1, a0, pc + 60
core   0: 3 0x80003304 (0x02a31e63)
core   0: 0x80003340 (0x001842b3) xor     t0, a6, ra
core   0: 3 0x80003340 (0x001842b3) x 5 0x80025e65
core   0: 0x80003344 (0xe995eb93) ori     s7, a1, -359
core   0: 3 0x80003344 (0xe995eb93) x23 0xfffffe99
core   0: 0x80003348 (0x411b5013) srai    zero, s6, 17
core   0: 3 0x80003348 (0x411b5013)
core   0: 0x8000334c (0x01606263) bltu    zero, s6, pc + 4
core   0: 3 0x8000334c (0x01606263)
core   0: 0x80003350 (0x402edf33) sra     t5, t4, sp
core   0: 3 0x80003350 (0x402edf33) x30 0x6efef000
core   0: 0x80003354 (0x03e3e733) rem     a4, t2, t5
core   0: 3 0x80003354 (0x03e3e733) x14 0x00000001
core   0: 0x80003358 (0x01b35793) srli    a5, t1, 27
core   0: 3 0x80003358 (0x01b35793) x15 0x00000009
core   0: 0x8000335c (0x41715ab3) sra     s5, sp, s7
core   0: 3 0x8000335c (0x41715ab3) x21 0x00000000
core   0: 0x80003360 (0x002cec63) bltu    s9, sp, pc + 24
core   0: 3 0x80003360 (0x002cec63)
core   0: 0x80003364 (0x01303f33) snez    t5, s3
core   0: 3 0x80003364 (0x01303f33) x30 0x00000001
core   0: 0x80003368 (0x0057b433) sltu    s0, a5, t0
core   0: 3 0x80003368 (0x0057b433) x 8 0x00000001
core   0: 0x8000336c (0x01531e93) slli    t4, t1, 21
core   0: 3 0x8000336c (0x01531e93) x29 0x00000000
core   0: 0x80003370 (0x00b4e6b3) or      a3, s1, a1
core   0: 3 0x80003370 (0x00b4e6b3) x13 0x00000000
core   0: 0x80003374 (0x02bd6133) rem     sp, s10, a1
core   0: 3 0x80003374 (0x02bd6133) x 2 0xffffffd7
core   0: 0x80003378 (0x02124ab3) div     s5, tp, ra
core   0: 3 0x80003378 (0x02124ab3) x21 0xfffffab0
core   0: 0x8000337c (0x02c43a33) mulhu   s4, s0, a2
core   0: 3 0x8000337c (0x02c43a33) x20 0x00000000
core   0: 0x80003380 (0x0111a933) slt     s2, gp, a7
core   0: 3 0x80003380 (0x0111a933) x18 0x00000000
core   0: 0x80003384 (0x010a5013) srli    zero, s4, 16
core   0: 3 0x80003384 (0x010a5013)
core   0: 0x80003388 (0x03e79bb3) mulh    s7, a5, t5
core   0: 3 0x80003388 (0x03e79bb3) x23 0x00000000
core   0: 0x8000338c (0x00000013) nop
core   0: 3 0x8000338c (0x00000013)
core   0: 0x80003390 (0x0022ce33) xor     t3, t0, sp
core   0: 3 0x80003390 (0x0022ce33) x28 0x7ffda1b2
core   0: 0x80003394 (0x00f77333) and     t1, a4, a5
core   0: 3 0x80003394 (0x00f77333) x 6 0x00000001
core   0: 0x80003398 (0x03249533) mulh    a0, s1, s2
core   0: 3 0x80003398 (0x03249533) x10 0x00000000
core   0: 0x8000339c (0x0345e733) rem     a4, a1, s4
core   0: 3 0x8000339c (0x0345e733) x14 0x00000000
core   0: 0x800033a0 (0x013cedb3) or      s11, s9, s3
core   0: 3 0x800033a0 (0x013cedb3) x27 0x00000200
core   0: 0x800033a4 (0x03f74733) div     a4, a4, t6
core   0: 3 0x800033a4 (0x03f74733) x14 0x00000000
core   0: 0x800033a8 (0x8f223293) sltiu   t0, tp, -1806
core   0: 3 0x800033a8 (0x8f223293) x 5 0x00000000
core   0: 0x800033ac (0x00000013) nop
core   0: 3 0x800033ac (0x00000013)
core   0: 0x800033b0 (0xfd9bcb17) auipc   s6, 0xfd9bc
core   0: 3 0x800033b0 (0xfd9bcb17) x22 0x7d9bf3b0
core   0: 0x800033b4 (0x03bd6db3) rem     s11, s10, s11
core   0: 3 0x800033b4 (0x03bd6db3) x27 0xffffffd7
core   0: 0x800033b8 (0x04287063) bgeu    a6, sp, pc + 64
core   0: 3 0x800033b8 (0x04287063)
core   0: 0x800033bc (0x414705b3) sub     a1, a4, s4
core   0: 3 0x800033bc (0x414705b3) x11 0x00000000
core   0: 0x800033c0 (0x0198dd13) srli    s10, a7, 25
core   0: 3 0x800033c0 (0x0198dd13) x26 0x00000040
core   0: 0x800033c4 (0x41c55113) srai    sp, a0, 28
core   0: 3 0x800033c4 (0x41c55113) x 2 0x00000000
core   0: 0x800033c8 (0xcbae3913) sltiu   s2, t3, -838
core   0: 3 0x800033c8 (0xcbae3913) x18 0x00000001
core   0: 0x800033cc (0x414e0eb3) sub     t4, t3, s4
core   0: 3 0x800033cc (0x414e0eb3) x29 0x7ffda1b2
core   0: 0x800033d0 (0x012cd393) srli    t2, s9, 18
core   0: 3 0x800033d0 (0x012cd393) x 7 0x00000000
core   0: 0x800033d4 (0x000451b3) srl     gp, s0, zero
core   0: 3 0x800033d4 (0x000451b3) x 3 0x00000001
core   0: 0x800033d8 (0x05af8063) beq     t6, s10, pc + 64
core   0: 3 0x800033d8 (0x05af8063)
core   0: 0x800033dc (0x03db4db3) div     s11, s6, t4
core   0: 3 0x800033dc (0x03db4db3) x27 0x00000000
core   0: 0x800033e0 (0x03448263) beq     s1, s4, pc + 36
core   0: 3 0x800033e0 (0x03448263)
core   0: 0x80003404 (0x8528ea13) ori     s4, a7, -1966
core   0: 3 0x80003404 (0x8528ea13) x20 0xfffffaf6
core   0: 0x80003408 (0x97856c93) ori     s9, a0, -1672
core   0: 3 0x80003408 (0x97856c93) x25 0xfffff978
core   0: 0x8000340c (0x02f975b3) remu    a1, s2, a5
core   0: 3 0x8000340c (0x02f975b3) x11 0x00000001
core   0: 0x80003410 (0x01f1f263) bgeu    gp, t6, pc + 4
core   0: 3 0x80003410 (0x01f1f263)
core   0: 0x80003414 (0x0076c0b3) xor     ra, a3, t2
core   0: 3 0x80003414 (0x0076c0b3) x 1 0x00000000
core   0: 0x80003418 (0x90b0d9b7) lui     s3, 0x90b0d
core   0: 3 0x80003418 (0x90b0d9b7) x19 0x90b0d000
core   0: 0x8000341c (0x41975593) srai    a1, a4, 25
core   0: 3 0x8000341c (0x41975593) x11 0x00000000
core   0: 0x80003420 (0x002f9593) slli    a1, t6, 2
core   0: 3 0x80003420 (0x002f9593) x11 0x0000031c
core   0: 0x80003424 (0x016c9533) sll     a0, s9, s6
core   0: 3 0x80003424 (0x016c9533) x10 0xf9780000
core   0: 0x80003428 (0x00805793) srli    a5, zero, 8
core   0: 3 0x80003428 (0x00805793) x15 0x00000000
core   0: 0x8000342c (0x00000013) nop
core   0: 3 0x8000342c (0x00000013)
core   0: 0x80003430 (0x00667cb3) and     s9, a2, t1
core   0: 3 0x80003430 (0x00667cb3) x25 0x00000000
core   0: 0x80003434 (0x41d258b3) sra     a7, tp, t4
core   0: 3 0x80003434 (0x41d258b3) x17 0xffffffff
core   0: 0x80003438 (0x0116db33) srl     s6, a3, a7
core   0: 3 0x80003438 (0x0116db33) x22 0x00000000
core   0: 0x8000343c (0x980bf193) andi    gp, s7, -1664
core   0: 3 0x8000343c (0x980bf193) x 3 0x00000000
core   0: 0x80003440 (0x00336bb3) or      s7, t1, gp
core   0: 3 0x80003440 (0x00336bb3) x23 0x00000001
core   0: 0x80003444 (0xa37a6d13) ori     s10, s4, -1481
core   0: 3 0x80003444 (0xa37a6d13) x26 0xfffffaf7
core   0: 0x80003448 (0xee2b7b93) andi    s7, s6, -286
core   0: 3 0x80003448 (0xee2b7b93) x23 0x00000000
core   0: 0x8000344c (0x02af2db3) mulhsu  s11, t5, a0
core   0: 3 0x8000344c (0x02af2db3) x27 0x00000000
core   0: 0x80003450 (0x41c20133) sub     sp, tp, t3
core   0: 3 0x80003450 (0x41c20133) x 2 0x800258fe
core   0: 0x80003454 (0x00d75263) bge     a4, a3, pc + 4
core   0: 3 0x80003454 (0x00d75263)
core   0: 0x80003458 (0x0580f263) bgeu    ra, s8, pc + 68
core   0: 3 0x80003458 (0x0580f263)
core   0: 0x8000345c (0x02d82433) mulhsu  s0, a6, a3
core   0: 3 0x8000345c (0x02d82433) x 8 0x00000000
core   0: 0x80003460 (0x00146b33) or      s6, s0, ra
core   0: 3 0x80003460 (0x00146b33) x22 0x00000000
core   0: 0x80003464 (0xc9892f13) slti    t5, s2, -872
core   0: 3 0x80003464 (0xc9892f13) x30 0x00000000
core   0: 0x80003468 (0x00801a33) sll     s4, zero, s0
core   0: 3 0x80003468 (0x00801a33) x20 0x00000000
core   0: 0x8000346c (0x0b898797) auipc   a5, 0xb898
core   0: 3 0x8000346c (0x0b898797) x15 0x8b89b46c
core   0: 0x80003470 (0x01d0ef33) or      t5, ra, t4
core   0: 3 0x80003470 (0x01d0ef33) x30 0x7ffda1b2
core   0: 0x80003474 (0x032a6233) rem     tp, s4, s2
core   0: 3 0x80003474 (0x032a6233) x 4 0x00000000
core   0: 0x80003478 (0x02948263) beq     s1, s1, pc + 36
core   0: 3 0x80003478 (0x02948263)
core   0: 0x8000349c (0x40cd52b3) sra     t0, s10, a2
core   0: 3 0x8000349c (0x40cd52b3) x 5 0xfffffaf7
core   0: 0x800034a0 (0x00b9d463) bge     s3, a1, pc + 8
core   0: 3 0x800034a0 (0x00b9d463)
core   0: 0x800034a4 (0xf0c87893) andi    a7, a6, -244
core   0: 3 0x800034a4 (0xf0c87893) x17 0x80025e04
core   0: 0x800034a8 (0x416ed433) sra     s0, t4, s6
core   0: 3 0x800034a8 (0x416ed433) x 8 0x7ffda1b2
core   0: 0x800034ac (0x001c8597) auipc   a1, 0x1c8
core   0: 3 0x800034ac (0x001c8597) x11 0x801cb4ac
core   0: 0x800034b0 (0x417783b3) sub     t2, a5, s7
core   0: 3 0x800034b0 (0x417783b3) x 7 0x8b89b46c
core   0: 0x800034b4 (0x03295cb3) divu    s9, s2, s2
core   0: 3 0x800034b4 (0x03295cb3) x25 0x00000001
core   0: 0x800034b8 (0x0010c133) xor     sp, ra, ra
core   0: 3 0x800034b8 (0x0010c133) x 2 0x00000000
core   0: 0x800034bc (0x41a4db93) srai    s7, s1, 26
core   0: 3 0x800034bc (0x41a4db93) x23 0x00000000
core   0: 0x800034c0 (0x00884cb3) xor     s9, a6, s0
core   0: 3 0x800034c0 (0x00884cb3) x25 0xffffffd6
core   0: 0x800034c4 (0x02a428b3) mulhsu  a7, s0, a0
core   0: 3 0x800034c4 (0x02a428b3) x17 0x7cb9b129
core   0: 0x800034c8 (0xc9eab437) lui     s0, 0xc9eab
core   0: 3 0x800034c8 (0xc9eab437) x 8 0xc9eab000
core   0: 0x800034cc (0x0111f663) bgeu    gp, a7, pc + 12
core   0: 3 0x800034cc (0x0111f663)
core   0: 0x800034d0 (0x0448f663) bgeu    a7, tp, pc + 76
core   0: 3 0x800034d0 (0x0448f663)
core   0: 0x8000351c (0x011057b3) srl     a5, zero, a7
core   0: 3 0x8000351c (0x011057b3) x15 0x00000000
core   0: 0x80003520 (0x00131d93) slli    s11, t1, 1
core   0: 3 0x80003520 (0x00131d93) x27 0x00000002
core   0: 0x80003524 (0x00000013) nop
core   0: 3 0x80003524 (0x00000013)
core   0: 0x80003528 (0x03043f33) mulhu   t5, s0, a6
core   0: 3 0x80003528 (0x03043f33) x30 0x64f73648
core   0: 0x8000352c (0x01d9b233) sltu    tp, s3, t4
core   0: 3 0x8000352c (0x01d9b233) x 4 0x00000000
core   0: 0x80003530 (0x02cec233) div     tp, t4, a2
core   0: 3 0x80003530 (0x02cec233) x 4 0x00000000
core   0: 0x80003534 (0x409750b3) sra     ra, a4, s1
core   0: 3 0x80003534 (0x409750b3) x 1 0x00000000
core   0: 0x80003538 (0x02e59e63) bne     a1, a4, pc + 60
core   0: 3 0x80003538 (0x02e59e63)
core   0: 0x80003574 (0x02eab1b3) mulhu   gp, s5, a4
core   0: 3 0x80003574 (0x02eab1b3) x 3 0x00000000
core   0: 0x80003578 (0x03bdd9b3) divu    s3, s11, s11
core   0: 3 0x80003578 (0x03bdd9b3) x19 0x00000001
core   0: 0x8000357c (0x16bb8d17) auipc   s10, 0x16bb8
core   0: 3 0x8000357c (0x16bb8d17) x26 0x96bbb57c
core   0: 0x80003580 (0x00ece333) or      t1, s9, a4
core   0: 3 0x80003580 (0x00ece333) x 6 0xffffffd6
core   0: 0x80003584 (0x04af6593) ori     a1, t5, 74
core   0: 3 0x80003584 (0x04af6593) x11 0x64f7364a
core   0: 0x80003588 (0x00f00663) beq     zero, a5, pc + 12
core   0: 3 0x80003588 (0x00f00663)
core   0: 0x80003594 (0x4069d433) sra     s0, s3, t1
core   0: 3 0x80003594 (0x4069d433) x 8 0x00000000
core   0: 0x80003598 (0xc5f4bc93) sltiu   s9, s1, -929
core   0: 3 0x80003598 (0xc5f4bc93) x25 0x00000001
core   0: 0x8000359c (0x01ee57b3) srl     a5, t3, t5
core   0: 3 0x8000359c (0x01ee57b3) x15 0x007ffda1
core   0: 0x800035a0 (0xdb71cd13) xori    s10, gp, -585
core   0: 3 0x800035a0 (0xdb71cd13) x26 0xfffffdb7
core   0: 0x800035a4 (0x012eb4b3) sltu    s1, t4, s2
core   0: 3 0x800035a4 (0x012eb4b3) x 9 0x00000000
core   0: 0x800035a8 (0x01f09933) sll     s2, ra, t6
core   0: 3 0x800035a8 (0x01f09933) x18 0x00000000
core   0: 0x800035ac (0x40075d93) srai    s11, a4, 0
core   0: 3 0x800035ac (0x40075d93) x27 0x00000000
core   0: 0x800035b0 (0x01deeb33) or      s6, t4, t4
core   0: 3 0x800035b0 (0x01deeb33) x22 0x7ffda1b2
core   0: 0x800035b4 (0x02957eb3) remu    t4, a0, s1
core   0: 3 0x800035b4 (0x02957eb3) x29 0xf9780000
core   0: 0x800035b8 (0x4187d4b3) sra     s1, a5, s8
core   0: 3 0x800035b8 (0x4187d4b3) x 9 0x0007ffda
core   0: 0x800035bc (0x01829b33) sll     s6, t0, s8
core   0: 3 0x800035bc (0x01829b33) x22 0xffffaf70
core   0: 0x800035c0 (0x01b75f33) srl     t5, a4, s11
core   0: 3 0x800035c0 (0x01b75f33) x30 0x00000000
core   0: 0x800035c4 (0x02bfbe33) mulhu   t3, t6, a1
core   0: 3 0x800035c4 (0x02bfbe33) x28 0x0000004e
core   0: 0x800035c8 (0x4078d993) srai    s3, a7, 7
core   0: 3 0x800035c8 (0x4078d993) x19 0x00f97362
core   0: 0x800035cc (0xa1aa2a13) slti    s4, s4, -1510
core   0: 3 0x800035cc (0xa1aa2a13) x20 0x00000000
core   0: 0x800035d0 (0x03c31bb3) mulh    s7, t1, t3
core   0: 3 0x800035d0 (0x03c31bb3) x23 0xffffffff
core   0: 0x800035d4 (0x03074033) div     zero, a4, a6
core   0: 3 0x800035d4 (0x03074033)
core   0: 0x800035d8 (0xc0637db7) lui     s11, 0xc0637
core   0: 3 0x800035d8 (0xc0637db7) x27 0xc0637000
core   0: 0x800035dc (0x40205233) sra     tp, zero, sp
core   0: 3 0x800035dc (0x40205233) x 4 0x00000000
core   0: 0x800035e0 (0x0000d917) auipc   s2, 0xd
core   0: 3 0x800035e0 (0x0000d917) x18 0x800105e0
core   0: 0x800035e4 (0xbe790913) addi    s2, s2, -1049
core   0: 3 0x800035e4 (0xbe790913) x18 0x800101c7
core   0: 0x800035e8 (0x02cdfbb3) remu    s7, s11, a2
core   0: 3 0x800035e8 (0x02cdfbb3) x23 0x40637000
core   0: 0x800035ec (0xb4574217) auipc   tp, 0xb4574
core   0: 3 0x800035ec (0xb4574217) x 4 0x345775ec
core   0: 0x800035f0 (0x05592f83) lw      t6, 85(s2)
core   0: 3 0x800035f0 (0x05592f83) x31 0x7bf1190b mem 0x8001021c
core   0: 0x800035f4 (0x08a90e83) lb      t4, 138(s2)
core   0: 3 0x800035f4 (0x08a90e83) x29 0x0000006f mem 0x80010251
core   0: 0x800035f8 (0x0a160093) addi    ra, a2, 161
core   0: 3 0x800035f8 (0x0a160093) x 1 0x800000a1
core   0: 0x800035fc (0xb5fe3237) lui     tp, 0xb5fe3
core   0: 3 0x800035fc (0xb5fe3237) x 4 0xb5fe3000
core   0: 0x80003600 (0x09490323) sb      s4, 134(s2)
core   0: 3 0x80003600 (0x09490323) mem 0x8001024d 0x0
core   0: 0x80003604 (0x03ac0db3) mul     s11, s8, s10
core   0: 3 0x80003604 (0x03ac0db3) x27 0x7a077afc
core   0: 0x80003608 (0x00a3aeb3) slt     t4, t2, a0
core   0: 3 0x80003608 (0x00a3aeb3) x29 0x00000001
core   0: 0x8000360c (0x407d5ab3) sra     s5, s10, t2
core   0: 3 0x8000360c (0x407d5ab3) x21 0xffffffff
core   0: 0x80003610 (0x015fe513) ori     a0, t6, 21
core   0: 3 0x80003610 (0x015fe513) x10 0x7bf1191f
core   0: 0x80003614 (0xf2094d03) lbu     s10, -224(s2)
core   0: 3 0x80003614 (0xf2094d03) x26 0x00000076 mem 0x800100e7
core   0: 0x80003618 (0x0229de33) divu    t3, s3, sp
core   0: 3 0x80003618 (0x0229de33) x28 0xffffffff
core   0: 0x8000361c (0x0ea90583) lb      a1, 234(s2)
core   0: 3 0x8000361c (0x0ea90583) x11 0xffffff90 mem 0x800102b1
core   0: 0x80003620 (0x0aa94e03) lbu     t3, 170(s2)
core   0: 3 0x80003620 (0x0aa94e03) x28 0x0000000c mem 0x80010271
core   0: 0x80003624 (0x06191883) lh      a7, 97(s2)
core   0: 3 0x80003624 (0x06191883) x17 0xffff81e6 mem 0x80010228
core   0: 0x80003628 (0x09a90fa3) sb      s10, 159(s2)
core   0: 3 0x80003628 (0x09a90fa3) mem 0x80010266 0x76
core   0: 0x8000362c (0x03790523) sb      s7, 42(s2)
core   0: 3 0x8000362c (0x03790523) mem 0x800101f1 0x0
core   0: 0x80003630 (0x40d4d9b3) sra     s3, s1, a3
core   0: 3 0x80003630 (0x40d4d9b3) x19 0x0007ffda
core   0: 0x80003634 (0x01d5b233) sltu    tp, a1, t4
core   0: 3 0x80003634 (0x01d5b233) x 4 0x00000000
core   0: 0x80003638 (0xd449cd37) lui     s10, 0xd449c
core   0: 3 0x80003638 (0xd449cd37) x26 0xd449c000
core   0: 0x8000363c (0x019ec033) xor     zero, t4, s9
core   0: 3 0x8000363c (0x019ec033)
core   0: 0x80003640 (0xf3690523) sb      s6, -214(s2)
core   0: 3 0x80003640 (0xf3690523) mem 0x800100f1 0x70
core   0: 0x80003644 (0xf7b90683) lb      a3, -133(s2)
core   0: 3 0x80003644 (0xf7b90683) x13 0xffffffe5 mem 0x80010142
core   0: 0x80003648 (0xf4f94a83) lbu     s5, -177(s2)
core   0: 3 0x80003648 (0xf4f94a83) x21 0x000000be mem 0x80010116
core   0: 0x8000364c (0xf4795483) lhu     s1, -185(s2)
core   0: 3 0x8000364c (0xf4795483) x 9 0x00008b84 mem 0x8001010e
core   0: 0x80003650 (0x034b5333) divu    t1, s6, s4
core   0: 3 0x80003650 (0x034b5333) x 6 0xffffffff
core   0: 0x80003654 (0x06791203) lh      tp, 103(s2)
core   0: 3 0x80003654 (0x06791203) x 4 0xffffb1d7 mem 0x8001022e
core   0: 0x80003658 (0x030ff6b3) remu    a3, t6, a6
core   0: 3 0x80003658 (0x030ff6b3) x13 0x7bf1190b
core   0: 0x8000365c (0x40598db3) sub     s11, s3, t0
core   0: 3 0x8000365c (0x40598db3) x27 0x000804e3
core   0: 0x80003660 (0x02e30bb3) mul     s7, t1, a4
core   0: 3 0x80003660 (0x02e30bb3) x23 0x00000000
core   0: 0x80003664 (0x0024cfb3) xor     t6, s1, sp
core   0: 3 0x80003664 (0x0024cfb3) x31 0x00008b84
core   0: 0x80003668 (0x0bf95d83) lhu     s11, 191(s2)
core   0: 3 0x80003668 (0x0bf95d83) x27 0x0000167b mem 0x80010286
core   0: 0x8000366c (0xf6b900a3) sb      a1, -159(s2)
core   0: 3 0x8000366c (0xf6b900a3) mem 0x80010128 0x90
core   0: 0x80003670 (0x0354ab33) mulhsu  s6, s1, s5
core   0: 3 0x80003670 (0x0354ab33) x22 0x00000000
core   0: 0x80003674 (0xfc390623) sb      gp, -52(s2)
core   0: 3 0x80003674 (0xfc390623) mem 0x80010193 0x0
core   0: 0x80003678 (0x010f4e33) xor     t3, t5, a6
core   0: 3 0x80003678 (0x010f4e33) x28 0x80025e64
core   0: 0x8000367c (0xfb890323) sb      s8, -90(s2)
core   0: 3 0x8000367c (0xfb890323) mem 0x8001016d 0xe4
core   0: 0x80003680 (0x02290c23) sb      sp, 56(s2)
core   0: 3 0x80003680 (0x02290c23) mem 0x800101ff 0x0
core   0: 0x80003684 (0x08294103) lbu     sp, 130(s2)
core   0: 3 0x80003684 (0x08294103) x 2 0x000000ac mem 0x80010249
core   0: 0x80003688 (0x00762433) slt     s0, a2, t2
core   0: 3 0x80003688 (0x00762433) x 8 0x00000001
core   0: 0x8000368c (0xf6090783) lb      a5, -160(s2)
core   0: 3 0x8000368c (0xf6090783) x15 0x0000002f mem 0x80010127
core   0: 0x80003690 (0x0048e333) or      t1, a7, tp
core   0: 3 0x80003690 (0x0048e333) x 6 0xffffb1f7
core   0: 0x80003694 (0x40365a33) sra     s4, a2, gp
core   0: 3 0x80003694 (0x40365a33) x20 0x80000000
core   0: 0x80003698 (0x01521e93) slli    t4, tp, 21
core   0: 3 0x80003698 (0x01521e93) x29 0x3ae00000
core   0: 0x8000369c (0x00000013) nop
core   0: 3 0x8000369c (0x00000013)
core   0: 0x800036a0 (0x004cfa33) and     s4, s9, tp
core   0: 3 0x800036a0 (0x004cfa33) x20 0x00000001
core   0: 0x800036a4 (0xcd980d93) addi    s11, a6, -807
core   0: 3 0x800036a4 (0xcd980d93) x27 0x80025b3d
core   0: 0x800036a8 (0x01a636b3) sltu    a3, a2, s10
core   0: 3 0x800036a8 (0x01a636b3) x13 0x00000001
core   0: 0x800036ac (0xfec90623) sb      a2, -20(s2)
core   0: 3 0x800036ac (0xfec90623) mem 0x800101b3 0x0
core   0: 0x800036b0 (0x07490b03) lb      s6, 116(s2)
core   0: 3 0x800036b0 (0x07490b03) x22 0x00000047 mem 0x8001023b
core   0: 0x800036b4 (0x0db90223) sb      s11, 196(s2)
core   0: 3 0x800036b4 (0x0db90223) mem 0x8001028b 0x3d
core   0: 0x800036b8 (0xf8691aa3) sh      t1, -107(s2)
core   0: 3 0x800036b8 (0xf8691aa3) mem 0x8001015c 0xb1f7
core   0: 0x800036bc (0x0140d0b3) srl     ra, ra, s4
core   0: 3 0x800036bc (0x0140d0b3) x 1 0x40000050
core   0: 0x800036c0 (0x02244eb3) div     t4, s0, sp
core   0: 3 0x800036c0 (0x02244eb3) x29 0x00000000
core   0: 0x800036c4 (0x02604863) blt     zero, t1, pc + 48
core   0: 3 0x800036c4 (0x02604863)
core   0: 0x800036c8 (0x4dab7013) andi    zero, s6, 1242
core   0: 3 0x800036c8 (0x4dab7013)
core   0: 0x800036cc (0x02d9f063) bgeu    s3, a3, pc + 32
core   0: 3 0x800036cc (0x02d9f063)
core   0: 0x800036ec (0x0276de33) divu    t3, a3, t2
core   0: 3 0x800036ec (0x0276de33) x28 0x00000000
core   0: 0x800036f0 (0x0275e8b3) rem     a7, a1, t2
core   0: 3 0x800036f0 (0x0275e8b3) x17 0xffffff90
core   0: 0x800036f4 (0x29e27d97) auipc   s11, 0x29e27
core   0: 3 0x800036f4 (0x29e27d97) x27 0xa9e2a6f4
core   0: 0x800036f8 (0x4017d1b3) sra     gp, a5, ra
core   0: 3 0x800036f8 (0x4017d1b3) x 3 0x00000000
core   0: 0x800036fc (0xcb0bf013) andi    zero, s7, -848
core   0: 3 0x800036fc (0xcb0bf013)
core   0: 0x80003700 (0xaf965197) auipc   gp, 0xaf965
core   0: 3 0x80003700 (0xaf965197) x 3 0x2f968700
core   0: 0x80003704 (0x40455fb3) sra     t6, a0, tp
core   0: 3 0x80003704 (0x40455fb3) x31 0x000000f7
core   0: 0x80003708 (0x038ed063) bge     t4, s8, pc + 32
core   0: 3 0x80003708 (0x038ed063)
core   0: 0x80003728 (0x015ee463) bltu    t4, s5, pc + 8
core   0: 3 0x80003728 (0x015ee463)
core   0: 0x80003730 (0x4932bb13) sltiu   s6, t0, 1171
core   0: 3 0x80003730 (0x4932bb13) x22 0x00000000
core   0: 0x80003734 (0x0cf8c713) xori    a4, a7, 207
core   0: 3 0x80003734 (0x0cf8c713) x14 0xffffff5f
core   0: 0x80003738 (0x01de2333) slt     t1, t3, t4
core   0: 3 0x80003738 (0x01de2333) x 6 0x00000000
core   0: 0x8000373c (0x00feebb3) or      s7, t4, a5
core   0: 3 0x8000373c (0x00feebb3) x23 0x0000002f
core   0: 0x80003740 (0x030e1b33) mulh    s6, t3, a6
core   0: 3 0x80003740 (0x030e1b33) x22 0x00000000
core   0: 0x80003744 (0x024661b3) rem     gp, a2, tp
core   0: 3 0x80003744 (0x024661b3) x 3 0xffffbac5
core   0: 0x80003748 (0x40025d93) srai    s11, tp, 0
core   0: 3 0x80003748 (0x40025d93) x27 0xffffb1d7
core   0: 0x8000374c (0x02e99263) bne     s3, a4, pc + 36
core   0: 3 0x8000374c (0x02e99263)
core   0: 0x80003770 (0x01acc463) blt     s9, s10, pc + 8
core   0: 3 0x80003770 (0x01acc463)
core   0: 0x80003774 (0x7ae23e93) sltiu   t4, tp, 1966
core   0: 3 0x80003774 (0x7ae23e93) x29 0x00000000
core   0: 0x80003778 (0x052ed263) bge     t4, s2, pc + 68
core   0: 3 0x80003778 (0x052ed263)
core   0: 0x800037bc (0x02248e33) mul     t3, s1, sp
core   0: 3 0x800037bc (0x02248e33) x28 0x005dbcb0
core   0: 0x800037c0 (0x97acaa13) slti    s4, s9, -1670
core   0: 3 0x800037c0 (0x97acaa13) x20 0x00000000
core   0: 0x800037c4 (0x81268a93) addi    s5, a3, -2030
core   0: 3 0x800037c4 (0x81268a93) x21 0xfffff813
core   0: 0x800037c8 (0x40bc0733) sub     a4, s8, a1
core   0: 3 0x800037c8 (0x40bc0733) x14 0x80029d54
core   0: 0x800037cc (0x02750033) mul     zero, a0, t2
core   0: 3 0x800037cc (0x02750033)
core   0: 0x800037d0 (0x05c54863) blt     a0, t3, pc + 80
core   0: 3 0x800037d0 (0x05c54863)
core   0: 0x800037d4 (0x00000013) nop
core   0: 3 0x800037d4 (0x00000013)
core   0: 0x800037d8 (0x03b387b3) mul     a5, t2, s11
core   0: 3 0x800037d8 (0x03b387b3) x15 0xb1f932b4
core   0: 0x800037dc (0x0032c3b3) xor     t2, t0, gp
core   0: 3 0x800037dc (0x0032c3b3) x 7 0x00004032
core   0: 0x800037e0 (0x032c38b3) mulhu   a7, s8, s2
core   0: 3 0x800037e0 (0x032c38b3) x17 0x4001cf58
core   0: 0x800037e4 (0x03b98733) mul     a4, s3, s11
core   0: 3 0x800037e4 (0x03b98733) x14 0x8ec39a16
core   0: 0x800037e8 (0x41ff85b3) sub     a1, t6, t6
core   0: 3 0x800037e8 (0x41ff85b3) x11 0x00000000
core   0: 0x800037ec (0x0000c933) xor     s2, ra, zero
core   0: 3 0x800037ec (0x0000c933) x18 0x40000050
core   0: 0x800037f0 (0x02a901b3) mul     gp, s2, a0
core   0: 3 0x800037f0 (0x02a901b3) x 3 0x7b57d9b0
core   0: 0x800037f4 (0x03d892b3) mulh    t0, a7, t4
core   0: 3 0x800037f4 (0x03d892b3) x 5 0x00000000
core   0: 0x800037f8 (0x40ecdf13) srai    t5, s9, 14
core   0: 3 0x800037f8 (0x40ecdf13) x30 0x00000000
core   0: 0x800037fc (0xe38e3597) auipc   a1, 0xe38e3
core   0: 3 0x800037fc (0xe38e3597) x11 0x638e67fc
core   0: 0x80003800 (0x01371433) sll     s0, a4, s3
core   0: 3 0x80003800 (0x01371433) x 8 0x58000000
core   0: 0x80003804 (0x01ec5c93) srli    s9, s8, 30
core   0: 3 0x80003804 (0x01ec5c93) x25 0x00000002
core   0: 0x80003808 (0x0340fab3) remu    s5, ra, s4
core   0: 3 0x80003808 (0x0340fab3) x21 0x40000050
core   0: 0x8000380c (0x48718193) addi    gp, gp, 1159
core   0: 3 0x8000380c (0x48718193) x 3 0x7b57de37
core   0: 0x80003810 (0x00ac40b3) xor     ra, s8, a0
core   0: 3 0x80003810 (0x00ac40b3) x 1 0xfbf385fb
core   0: 0x80003814 (0x51e82913) slti    s2, a6, 1310
core   0: 3 0x80003814 (0x51e82913) x18 0x00000001
core   0: 0x80003818 (0x02419933) mulh    s2, gp, tp
core   0: 3 0x80003818 (0x02419933) x18 0xffffda57
core   0: 0x8000381c (0x41e7db93) srai    s7, a5, 30
core   0: 3 0x8000381c (0x41e7db93) x23 0xfffffffe
core   0: 0x80003820 (0x03ffe533) rem     a0, t6, t6
core   0: 3 0x80003820 (0x03ffe533) x10 0x00000000
core   0: 0x80003824 (0xc22cef13) ori     t5, s9, -990
core   0: 3 0x80003824 (0xc22cef13) x30 0xfffffc22
core   0: 0x80003828 (0xd3ad86b7) lui     a3, 0xd3ad8
core   0: 3 0x80003828 (0xd3ad86b7) x13 0xd3ad8000
core   0: 0x8000382c (0x03e99f33) mulh    t5, s3, t5
core   0: 3 0x8000382c (0x03e99f33) x30 0xffffffff
core   0: 0x80003830 (0x02a0c463) blt     ra, a0, pc + 40
core   0: 3 0x80003830 (0x02a0c463)
core   0: 0x80003858 (0x01eb30b3) sltu    ra, s6, t5
core   0: 3 0x80003858 (0x01eb30b3) x 1 0x00000001
core   0: 0x8000385c (0x7684e793) ori     a5, s1, 1896
core   0: 3 0x8000385c (0x7684e793) x15 0x00008fec
core   0: 0x80003860 (0x4054d2b3) sra     t0, s1, t0
core   0: 3 0x80003860 (0x4054d2b3) x 5 0x00008b84
core   0: 0x80003864 (0x03313d33) mulhu   s10, sp, s3
core   0: 3 0x80003864 (0x03313d33) x26 0x00000000
core   0: 0x80003868 (0xd4a17293) andi    t0, sp, -694
core   0: 3 0x80003868 (0xd4a17293) x 5 0x00000008
core   0: 0x8000386c (0x010826b3) slt     a3, a6, a6
core   0: 3 0x8000386c (0x010826b3) x13 0x00000000
core   0: 0x80003870 (0x01f29913) slli    s2, t0, 31
core   0: 3 0x80003870 (0x01f29913) x18 0x00000000
core   0: 0x80003874 (0x015346b3) xor     a3, t1, s5
core   0: 3 0x80003874 (0x015346b3) x13 0x40000050
core   0: 0x80003878 (0x04401663) bne     zero, tp, pc + 76
core   0: 3 0x80003878 (0x04401663)
core   0: 0x800038c4 (0x2d75e293) ori     t0, a1, 727
core   0: 3 0x800038c4 (0x2d75e293) x 5 0x638e67ff
core   0: 0x800038c8 (0x407808b3) sub     a7, a6, t2
core   0: 3 0x800038c8 (0x407808b3) x17 0x80021e32
core   0: 0x800038cc (0x0131f4b3) and     s1, gp, s3
core   0: 3 0x800038cc (0x0131f4b3) x 9 0x0007de12
core   0: 0x800038d0 (0x4644b413) sltiu   s0, s1, 1124
core   0: 3 0x800038d0 (0x4644b413) x 8 0x00000000
core   0: 0x800038d4 (0x41d40033) sub     zero, s0, t4
core   0: 3 0x800038d4 (0x41d40033)
core   0: 0x800038d8 (0x0290d063) bge     ra, s1, pc + 32
core   0: 3 0x800038d8 (0x0290d063)
core   0: 0x800038dc (0x027b26b3) mulhsu  a3, s6, t2
core   0: 3 0x800038dc (0x027b26b3) x13 0x00000000
core   0: 0x800038e0 (0x00fc0233) add     tp, s8, a5
core   0: 3 0x800038e0 (0x00fc0233) x 4 0x80032cd0
core   0: 0x800038e4 (0x01413033) sltu    zero, sp, s4
core   0: 3 0x800038e4 (0x01413033)
core   0: 0x800038e8 (0x030359b3) divu    s3, t1, a6
core   0: 3 0x800038e8 (0x030359b3) x19 0x00000000
core   0: 0x800038ec (0xc2543393) sltiu   t2, s0, -987
core   0: 3 0x800038ec (0xc2543393) x 7 0x00000001
core   0: 0x800038f0 (0x41b701b3) sub     gp, a4, s11
core   0: 3 0x800038f0 (0x41b701b3) x 3 0x8ec3e83f
core   0: 0x800038f4 (0x00ce0663) beq     t3, a2, pc + 12
core   0: 3 0x800038f4 (0x00ce0663)
core   0: 0x800038f8 (0x51d5c593) xori    a1, a1, 1309
core   0: 3 0x800038f8 (0x51d5c593) x11 0x638e62e1
core   0: 0x800038fc (0x01c63ab3) sltu    s5, a2, t3
core   0: 3 0x800038fc (0x01c63ab3) x21 0x00000000
core   0: 0x80003900 (0x014494b3) sll     s1, s1, s4
core   0: 3 0x80003900 (0x014494b3) x 9 0x0007de12
core   0: 0x80003904 (0x001f6a33) or      s4, t5, ra
core   0: 3 0x80003904 (0x001f6a33) x20 0xffffffff
core   0: 0x80003908 (0x3e9677b7) lui     a5, 0x3e967
core   0: 3 0x80003908 (0x3e9677b7) x15 0x3e967000
core   0: 0x8000390c (0x03cf93b3) mulh    t2, t6, t3
core   0: 3 0x8000390c (0x03cf93b3) x 7 0x00000000
core   0: 0x80003910 (0x008ce133) or      sp, s9, s0
core   0: 3 0x80003910 (0x008ce133) x 2 0x00000002
core   0: 0x80003914 (0xa88b4c97) auipc   s9, 0xa88b4
core   0: 3 0x80003914 (0xa88b4c97) x25 0x288b7914
core   0: 0x80003918 (0x0059e733) or      a4, s3, t0
core   0: 3 0x80003918 (0x0059e733) x14 0x638e67ff
core   0: 0x8000391c (0x03c1feb3) remu    t4, gp, t3
core   0: 3 0x8000391c (0x03c1feb3) x29 0x005430cf
core   0: 0x80003920 (0x038d4033) div     zero, s10, s8
core   0: 3 0x80003920 (0x038d4033)
core   0: 0x80003924 (0xb4450997) auipc   s3, 0xb4450
core   0: 3 0x80003924 (0xb4450997) x19 0x34453924
core   0: 0x80003928 (0x00a51f13) slli    t5, a0, 10
core   0: 3 0x80003928 (0x00a51f13) x30 0x00000000
core   0: 0x8000392c (0x0002a433) slt     s0, t0, zero
core   0: 3 0x8000392c (0x0002a433) x 8 0x00000000
core   0: 0x80003930 (0x40278cb3) sub     s9, a5, sp
core   0: 3 0x80003930 (0x40278cb3) x25 0x3e966ffe
core   0: 0x80003934 (0x0293c1b3) div     gp, t2, s1
core   0: 3 0x80003934 (0x0293c1b3) x 3 0x00000000
core   0: 0x80003938 (0x03a3a0b3) mulhsu  ra, t2, s10
core   0: 3 0x80003938 (0x03a3a0b3) x 1 0x00000000
core   0: 0x8000393c (0x02585e63) bge     a6, t0, pc + 60
core   0: 3 0x8000393c (0x02585e63)
core   0: 0x80003940 (0x03540433) mul     s0, s0, s5
core   0: 3 0x80003940 (0x03540433) x 8 0x00000000
core   0: 0x80003944 (0x8a693f13) sltiu   t5, s2, -1882
core   0: 3 0x80003944 (0x8a693f13) x30 0x00000001
core   0: 0x80003948 (0x03ac9063) bne     s9, s10, pc + 32
core   0: 3 0x80003948 (0x03ac9063)
core   0: 0x80003968 (0x0275b7b3) mulhu   a5, a1, t2
core   0: 3 0x80003968 (0x0275b7b3) x15 0x00000000
core   0: 0x8000396c (0x00905293) srli    t0, zero, 9
core   0: 3 0x8000396c (0x00905293) x 5 0x00000000
core   0: 0x80003970 (0x00cdecb3) or      s9, s11, a2
core   0: 3 0x80003970 (0x00cdecb3) x25 0xffffb1d7
core   0: 0x80003974 (0x59a52d13) slti    s10, a0, 1434
core   0: 3 0x80003974 (0x59a52d13) x26 0x00000001
core   0: 0x80003978 (0x01ae5693) srli    a3, t3, 26
core   0: 3 0x80003978 (0x01ae5693) x13 0x00000000
core   0: 0x8000397c (0x0081c263) blt     gp, s0, pc + 4
core   0: 3 0x8000397c (0x0081c263)
core   0: 0x80003980 (0x013aec63) bltu    s5, s3, pc + 24
core   0: 3 0x80003980 (0x013aec63)
core   0: 0x80003998 (0x00f7fcb3) and     s9, a5, a5
core   0: 3 0x80003998 (0x00f7fcb3) x25 0x00000000
core   0: 0x8000399c (0x63834d13) xori    s10, t1, 1592
core   0: 3 0x8000399c (0x63834d13) x26 0x00000638
core   0: 0x800039a0 (0x01df63b3) or      t2, t5, t4
core   0: 3 0x800039a0 (0x01df63b3) x 7 0x005430cf
core   0: 0x800039a4 (0x236a8393) addi    t2, s5, 566
core   0: 3 0x800039a4 (0x236a8393) x 7 0x00000236
core   0: 0x800039a8 (0x013f2db3) slt     s11, t5, s3
core   0: 3 0x800039a8 (0x013f2db3) x27 0x00000001
core   0: 0x800039ac (0x00b9f3b3) and     t2, s3, a1
core   0: 3 0x800039ac (0x00b9f3b3) x 7 0x20042020
core   0: 0x800039b0 (0x405583b3) sub     t2, a1, t0
core   0: 3 0x800039b0 (0x405583b3) x 7 0x638e62e1
core   0: 0x800039b4 (0x00000013) nop
core   0: 3 0x800039b4 (0x00000013)
core   0: 0x800039b8 (0xdc6b7213) andi    tp, s6, -570
core   0: 3 0x800039b8 (0xdc6b7213) x 4 0x00000000
core   0: 0x800039bc (0x01ec4eb3) xor     t4, s8, t5
core   0: 3 0x800039bc (0x01ec4eb3) x29 0x80029ce5
core   0: 0x800039c0 (0x03eef133) remu    sp, t4, t5
core   0: 3 0x800039c0 (0x03eef133) x 2 0x00000000
core   0: 0x800039c4 (0x028e6c63) bltu    t3, s0, pc + 56
core   0: 3 0x800039c4 (0x028e6c63)
core   0: 0x800039c8 (0x015527b3) slt     a5, a0, s5
core   0: 3 0x800039c8 (0x015527b3) x15 0x00000000
core   0: 0x800039cc (0x01050db3) add     s11, a0, a6
core   0: 3 0x800039cc (0x01050db3) x27 0x80025e64
core   0: 0x800039d0 (0x038de433) rem     s0, s11, s8
core   0: 3 0x800039d0 (0x038de433) x 8 0xffffc180
core   0: 0x800039d4 (0xe613a313) slti    t1, t2, -415
core   0: 3 0x800039d4 (0xe613a313) x 6 0x00000000
core   0: 0x800039d8 (0x012d7fb3) and     t6, s10, s2
core   0: 3 0x800039d8 (0x012d7fb3) x31 0x00000000
core   0: 0x800039dc (0x40838eb3) sub     t4, t2, s0
core   0: 3 0x800039dc (0x40838eb3) x29 0x638ea161
core   0: 0x800039e0 (0x40850eb3) sub     t4, a0, s0
core   0: 3 0x800039e0 (0x40850eb3) x29 0x00003e80
core   0: 0x800039e4 (0x018bcfb3) xor     t6, s7, s8
core   0: 3 0x800039e4 (0x018bcfb3) x31 0x7ffd631a
core   0: 0x800039e8 (0x037cbf33) mulhu   t5, s9, s7
core   0: 3 0x800039e8 (0x037cbf33) x30 0x00000000
core   0: 0x800039ec (0x032e7133) remu    sp, t3, s2
core   0: 3 0x800039ec (0x032e7133) x 2 0x005dbcb0
core   0: 0x800039f0 (0x01e24663) blt     tp, t5, pc + 12
core   0: 3 0x800039f0 (0x01e24663)
core   0: 0x800039f4 (0x157baf13) slti    t5, s7, 343
core   0: 3 0x800039f4 (0x157baf13) x30 0x00000001
core   0: 0x800039f8 (0x01715d93) srli    s11, sp, 23
core   0: 3 0x800039f8 (0x01715d93) x27 0x00000000
core   0: 0x800039fc (0x36ee0e13) addi    t3, t3, 878
core   0: 3 0x800039fc (0x36ee0e13) x28 0x005dc01e
core   0: 0x80003a00 (0x40875293) srai    t0, a4, 8
core   0: 3 0x80003a00 (0x40875293) x 5 0x00638e67
core   0: 0x80003a04 (0x03bca433) mulhsu  s0, s9, s11
core   0: 3 0x80003a04 (0x03bca433) x 8 0x00000000
core   0: 0x80003a08 (0xb8440013) addi    zero, s0, -1148
core   0: 3 0x80003a08 (0xb8440013)
core   0: 0x80003a0c (0x006b9d13) slli    s10, s7, 6
core   0: 3 0x80003a0c (0x006b9d13) x26 0xffffff80
core   0: 0x80003a10 (0xfdaca517) auipc   a0, 0xfdaca
core   0: 3 0x80003a10 (0xfdaca517) x10 0x7dacda10
core   0: 0x80003a14 (0x011d83b3) add     t2, s11, a7
core   0: 3 0x80003a14 (0x011d83b3) x 7 0x80021e32
core   0: 0x80003a18 (0xdf590d13) addi    s10, s2, -523
core   0: 3 0x80003a18 (0xdf590d13) x26 0xfffffdf5
core   0: 0x80003a1c (0xd1f10d93) addi    s11, sp, -737
core   0: 3 0x80003a1c (0xd1f10d93) x27 0x005db9cf
core   0: 0x80003a20 (0x85d3bd93) sltiu   s11, t2, -1955
core   0: 3 0x80003a20 (0x85d3bd93) x27 0x00000001
core   0: 0x80003a24 (0x2d026713) ori     a4, tp, 720
core   0: 3 0x80003a24 (0x2d026713) x14 0x000002d0
core   0: 0x80003a28 (0x02d33933) mulhu   s2, t1, a3
core   0: 3 0x80003a28 (0x02d33933) x18 0x00000000
core   0: 0x80003a2c (0x028e6cb3) rem     s9, t3, s0
core   0: 3 0x80003a2c (0x028e6cb3) x25 0x005dc01e
core   0: 0x80003a30 (0x41c4dcb3) sra     s9, s1, t3
core   0: 3 0x80003a30 (0x41c4dcb3) x25 0x00000000
core   0: 0x80003a34 (0x00cb0463) beq     s6, a2, pc + 8
core   0: 3 0x80003a34 (0x00cb0463)
core   0: 0x80003a38 (0x028b7933) remu    s2, s6, s0
core   0: 3 0x80003a38 (0x028b7933) x18 0x00000000
core   0: 0x80003a3c (0x03676263) bltu    a4, s6, pc + 36
core   0: 3 0x80003a3c (0x03676263)
core   0: 0x80003a40 (0x0165af33) slt     t5, a1, s6
core   0: 3 0x80003a40 (0x0165af33) x30 0x00000000
core   0: 0x80003a44 (0x000998b3) sll     a7, s3, zero
core   0: 3 0x80003a44 (0x000998b3) x17 0x34453924
core   0: 0x80003a48 (0x4085dd13) srai    s10, a1, 8
core   0: 3 0x80003a48 (0x4085dd13) x26 0x00638e62
core   0: 0x80003a4c (0x0107e263) bltu    a5, a6, pc + 4
core   0: 3 0x80003a4c (0x0107e263)
core   0: 0x80003a50 (0x0abec497) auipc   s1, 0xabec
core   0: 3 0x80003a50 (0x0abec497) x 9 0x8abefa50
core   0: 0x80003a54 (0x0308c263) blt     a7, a6, pc + 36
core   0: 3 0x80003a54 (0x0308c263)
core   0: 0x80003a58 (0x04124463) blt     tp, ra, pc + 72
core   0: 3 0x80003a58 (0x04124463)
core   0: 0x80003a5c (0x01d188b3) add     a7, gp, t4
core   0: 3 0x80003a5c (0x01d188b3) x17 0x00003e80
core   0: 0x80003a60 (0xdf402e13) slti    t3, zero, -524
core   0: 3 0x80003a60 (0xdf402e13) x28 0x00000000
core   0: 0x80003a64 (0x40505393) srai    t2, zero, 5
core   0: 3 0x80003a64 (0x40505393) x 7 0x00000000
core   0: 0x80003a68 (0x414f54b3) sra     s1, t5, s4
core   0: 3 0x80003a68 (0x414f54b3) x 9 0x00000000
core   0: 0x80003a6c (0x006379b3) and     s3, t1, t1
core   0: 3 0x80003a6c (0x006379b3) x19 0x00000000
core   0: 0x80003a70 (0x00982e33) slt     t3, a6, s1
core   0: 3 0x80003a70 (0x00982e33) x28 0x00000001
core   0: 0x80003a74 (0x0069dc63) bge     s3, t1, pc + 24
core   0: 3 0x80003a74 (0x0069dc63)
core   0: 0x80003a8c (0x4bfbf737) lui     a4, 0x4bfbf
core   0: 3 0x80003a8c (0x4bfbf737) x14 0x4bfbf000
core   0: 0x80003a90 (0x620c2013) slti    zero, s8, 1568
core   0: 3 0x80003a90 (0x620c2013)
core   0: 0x80003a94 (0x0063e4b3) or      s1, t2, t1
core   0: 3 0x80003a94 (0x0063e4b3) x 9 0x00000000
core   0: 0x80003a98 (0x68bac693) xori    a3, s5, 1675
core   0: 3 0x80003a98 (0x68bac693) x13 0x0000068b
core   0: 0x80003a9c (0x4049dd13) srai    s10, s3, 4
core   0: 3 0x80003a9c (0x4049dd13) x26 0x00000000
core   0: 0x80003aa0 (0x7ae1f197) auipc   gp, 0x7ae1f
core   0: 3 0x80003aa0 (0x7ae1f197) x 3 0xfae22aa0
core   0: 0x80003aa4 (0x03efa433) mulhsu  s0, t6, t5
core   0: 3 0x80003aa4 (0x03efa433) x 8 0x00000000
core   0: 0x80003aa8 (0x03be6463) bltu    t3, s11, pc + 40
core   0: 3 0x80003aa8 (0x03be6463)
core   0: 0x80003aac (0x010951b3) srl     gp, s2, a6
core   0: 3 0x80003aac (0x010951b3) x 3 0x00000000
core   0: 0x80003ab0 (0x4c65e313) ori     t1, a1, 1222
core   0: 3 0x80003ab0 (0x4c65e313) x 6 0x638e66e7
core   0: 0x80003ab4 (0xcea3fd37) lui     s10, 0xcea3f
core   0: 3 0x80003ab4 (0xcea3fd37) x26 0xcea3f000
core   0: 0x80003ab8 (0x020f25b3) mulhsu  a1, t5, zero
core   0: 3 0x80003ab8 (0x020f25b3) x11 0x00000000
core   0: 0x80003abc (0xfcdc1d97) auipc   s11, 0xfcdc1
core   0: 3 0x80003abc (0xfcdc1d97) x27 0x7cdc4abc
core   0: 0x80003ac0 (0x40b35eb3) sra     t4, t1, a1
core   0: 3 0x80003ac0 (0x40b35eb3) x29 0x638e66e7
core   0: 0x80003ac4 (0x056cd863) bge     s9, s6, pc + 80
core   0: 3 0x80003ac4 (0x056cd863)
core   0: 0x80003b14 (0x03224e33) div     t3, tp, s2
core   0: 3 0x80003b14 (0x03224e33) x28 0xffffffff
core   0: 0x80003b18 (0x411b0fb3) sub     t6, s6, a7
core   0: 3 0x80003b18 (0x411b0fb3) x31 0xffffc180
core   0: 0x80003b1c (0x016de3b3) or      t2, s11, s6
core   0: 3 0x80003b1c (0x016de3b3) x 7 0x7cdc4abc
core   0: 0x80003b20 (0x03409933) mulh    s2, ra, s4
core   0: 3 0x80003b20 (0x03409933) x18 0x00000000
core   0: 0x80003b24 (0x00b31b33) sll     s6, t1, a1
core   0: 3 0x80003b24 (0x00b31b33) x22 0x638e66e7
core   0: 0x80003b28 (0x4044d313) srai    t1, s1, 4
core   0: 3 0x80003b28 (0x4044d313) x 6 0x00000000
core   0: 0x80003b2c (0x0303dc63) bge     t2, a6, pc + 56
core   0: 3 0x80003b2c (0x0303dc63)
core   0: 0x80003b64 (0x013b1a93) slli    s5, s6, 19
core   0: 3 0x80003b64 (0x013b1a93) x21 0x37380000
core   0: 0x80003b68 (0x0007cdb3) xor     s11, a5, zero
core   0: 3 0x80003b68 (0x0007cdb3) x27 0x00000000
core   0: 0x80003b6c (0x40f75433) sra     s0, a4, a5
core   0: 3 0x80003b6c (0x40f75433) x 8 0x4bfbf000
core   0: 0x80003b70 (0x41aa5e13) srai    t3, s4, 26
core   0: 3 0x80003b70 (0x41aa5e13) x28 0xffffffff
core   0: 0x80003b74 (0x02e07063) bgeu    zero, a4, pc + 32
core   0: 3 0x80003b74 (0x02e07063)
core   0: 0x80003b78 (0x054e8263) beq     t4, s4, pc + 68
core   0: 3 0x80003b78 (0x054e8263)
core   0: 0x80003b7c (0x40dad233) sra     tp, s5, a3
core   0: 3 0x80003b7c (0x40dad233) x 4 0x0006e700
core   0: 0x80003b80 (0x02c00eb3) mul     t4, zero, a2
core   0: 3 0x80003b80 (0x02c00eb3) x29 0x00000000
core   0: 0x80003b84 (0x7cfbcdb7) lui     s11, 0x7cfbc
core   0: 3 0x80003b84 (0x7cfbcdb7) x27 0x7cfbc000
core   0: 0x80003b88 (0x00cec463) blt     t4, a2, pc + 8
core   0: 3 0x80003b88 (0x00cec463)
core   0: 0x80003b8c (0x014fe463) bltu    t6, s4, pc + 8
core   0: 3 0x80003b8c (0x014fe463)
core   0: 0x80003b94 (0x418cd793) srai    a5, s9, 24
core   0: 3 0x80003b94 (0x418cd793) x15 0x00000000
core   0: 0x80003b98 (0x03b595b3) mulh    a1, a1, s11
core   0: 3 0x80003b98 (0x03b595b3) x11 0x00000000
core   0: 0x80003b9c (0x0242fe63) bgeu    t0, tp, pc + 60
core   0: 3 0x80003b9c (0x0242fe63)
core   0: 0x80003bd8 (0x02cb4e63) blt     s6, a2, pc + 60
core   0: 3 0x80003bd8 (0x02cb4e63)
core   0: 0x80003bdc (0x01b0ee33) or      t3, ra, s11
core   0: 3 0x80003bdc (0x01b0ee33) x28 0x7cfbc000
core   0: 0x80003be0 (0x7981fd93) andi    s11, gp, 1944
core   0: 3 0x80003be0 (0x7981fd93) x27 0x00000000
core   0: 0x80003be4 (0x011ecd33) xor     s10, t4, a7
core   0: 3 0x80003be4 (0x011ecd33) x26 0x00003e80
core   0: 0x80003be8 (0x02471033) mulh    zero, a4, tp
core   0: 3 0x80003be8 (0x02471033)
core   0: 0x80003bec (0x008464b3) or      s1, s0, s0
core   0: 3 0x80003bec (0x008464b3) x 9 0x4bfbf000
core   0: 0x80003bf0 (0x00fa5693) srli    a3, s4, 15
core   0: 3 0x80003bf0 (0x00fa5693) x13 0x0001ffff
core   0: 0x80003bf4 (0x03b87263) bgeu    a6, s11, pc + 36
core   0: 3 0x80003bf4 (0x03b87263)
core   0: 0x80003c18 (0x011b5463) bge     s6, a7, pc + 8
core   0: 3 0x80003c18 (0x011b5463)
core   0: 0x80003c20 (0x00d11c93) slli    s9, sp, 13
core   0: 3 0x80003c20 (0x00d11c93) x25 0xb7960000
core   0: 0x80003c24 (0xf67d3113) sltiu   sp, s10, -153
core   0: 3 0x80003c24 (0xf67d3113) x 2 0x00000001
core   0: 0x80003c28 (0x038eb033) mulhu   zero, t4, s8
core   0: 3 0x80003c28 (0x038eb033)
core   0: 0x80003c2c (0x2ed98a37) lui     s4, 0x2ed98
core   0: 3 0x80003c2c (0x2ed98a37) x20 0x2ed98000
core   0: 0x80003c30 (0x017fd713) srli    a4, t6, 23
core   0: 3 0x80003c30 (0x017fd713) x14 0x000001ff
core   0: 0x80003c34 (0x01b8e463) bltu    a7, s11, pc + 8
core   0: 3 0x80003c34 (0x01b8e463)
core   0: 0x80003c38 (0x00000013) nop
core   0: 3 0x80003c38 (0x00000013)
core   0: 0x80003c3c (0x028ed033) divu    zero, t4, s0
core   0: 3 0x80003c3c (0x028ed033)
core   0: 0x80003c40 (0x0102d093) srli    ra, t0, 16
core   0: 3 0x80003c40 (0x0102d093) x 1 0x00000063
core   0: 0x80003c44 (0x020a4263) bltz    s4, pc + 36
core   0: 3 0x80003c44 (0x020a4263)
core   0: 0x80003c48 (0x028029b3) mulhsu  s3, zero, s0
core   0: 3 0x80003c48 (0x028029b3) x19 0x00000000
core   0: 0x80003c4c (0x0279ef33) rem     t5, s3, t2
core   0: 3 0x80003c4c (0x0279ef33) x30 0x00000000
core   0: 0x80003c50 (0x02a9c1b3) div     gp, s3, a0
core   0: 3 0x80003c50 (0x02a9c1b3) x 3 0x00000000
core   0: 0x80003c54 (0x02876233) rem     tp, a4, s0
core   0: 3 0x80003c54 (0x02876233) x 4 0x000001ff
core   0: 0x80003c58 (0x010ddc93) srli    s9, s11, 16
core   0: 3 0x80003c58 (0x010ddc93) x25 0x00000000
core   0: 0x80003c5c (0x023bf2b3) remu    t0, s7, gp
core   0: 3 0x80003c5c (0x023bf2b3) x 5 0xfffffffe
core   0: 0x80003c60 (0x0382da33) divu    s4, t0, s8
core   0: 3 0x80003c60 (0x0382da33) x20 0x00000001
core   0: 0x80003c64 (0x3e29be13) sltiu   t3, s3, 994
core   0: 3 0x80003c64 (0x3e29be13) x28 0x00000001
core   0: 0x80003c68 (0x4705e313) ori     t1, a1, 1136
core   0: 3 0x80003c68 (0x4705e313) x 6 0x00000470
core   0: 0x80003c6c (0x03453a33) mulhu   s4, a0, s4
core   0: 3 0x80003c6c (0x03453a33) x20 0x00000000
core   0: 0x80003c70 (0x03045a63) bge     s0, a6, pc + 52
core   0: 3 0x80003c70 (0x03045a63)
core   0: 0x80003ca4 (0x02ca34b3) mulhu   s1, s4, a2
core   0: 3 0x80003ca4 (0x02ca34b3) x 9 0x00000000
core   0: 0x80003ca8 (0x01277233) and     tp, a4, s2
core   0: 3 0x80003ca8 (0x01277233) x 4 0x00000000
core   0: 0x80003cac (0x0c3c8c63) beq     s9, gp, pc + 216
core   0: 3 0x80003cac (0x0c3c8c63)
core   0: 0x80003d84 (0x19237e13) andi    t3, t1, 402
core   0: 3 0x80003d84 (0x19237e13) x28 0x00000010
core   0: 0x80003d88 (0xfbb82293) slti    t0, a6, -69
core   0: 3 0x80003d88 (0xfbb82293) x 5 0x00000001
core   0: 0x80003d8c (0x00fe20b3) slt     ra, t3, a5
core   0: 3 0x80003d8c (0x00fe20b3) x 1 0x00000000
core   0: 0x80003d90 (0xc6177c93) andi    s9, a4, -927
core   0: 3 0x80003d90 (0xc6177c93) x25 0x00000061
core   0: 0x80003d94 (0x4ae92197) auipc   gp, 0x4ae92
core   0: 3 0x80003d94 (0x4ae92197) x 3 0xcae95d94
core   0: 0x80003d98 (0x035fcb33) div     s6, t6, s5
core   0: 3 0x80003d98 (0x035fcb33) x22 0x00000000
core   0: 0x80003d9c (0x00000013) nop
core   0: 3 0x80003d9c (0x00000013)
core   0: 0x80003da0 (0x01ce9593) slli    a1, t4, 28
core   0: 3 0x80003da0 (0x01ce9593) x11 0x00000000
core   0: 0x80003da4 (0x019bf663) bgeu    s7, s9, pc + 12
core   0: 3 0x80003da4 (0x019bf663)
core   0: 0x80003db0 (0x24c0e593) ori     a1, ra, 588
core   0: 3 0x80003db0 (0x24c0e593) x11 0x0000024c
core   0: 0x80003db4 (0x003a0263) beq     s4, gp, pc + 4
core   0: 3 0x80003db4 (0x003a0263)
core   0: 0x80003db8 (0x02835c63) bge     t1, s0, pc + 56
core   0: 3 0x80003db8 (0x02835c63)
core   0: 0x80003dbc (0x41d88733) sub     a4, a7, t4
core   0: 3 0x80003dbc (0x41d88733) x14 0x00003e80
core   0: 0x80003dc0 (0x01481463) bne     a6, s4, pc + 8
core   0: 3 0x80003dc0 (0x01481463)
core   0: 0x80003dc8 (0x41c05c93) srai    s9, zero, 28
core   0: 3 0x80003dc8 (0x41c05c93) x25 0x00000000
core   0: 0x80003dcc (0x03da26b3) mulhsu  a3, s4, t4
core   0: 3 0x80003dcc (0x03da26b3) x13 0x00000000
core   0: 0x80003dd0 (0x0042e5b3) or      a1, t0, tp
core   0: 3 0x80003dd0 (0x0042e5b3) x11 0x00000001
core   0: 0x80003dd4 (0xc6c8cdb7) lui     s11, 0xc6c8c
core   0: 3 0x80003dd4 (0xc6c8cdb7) x27 0xc6c8c000
core   0: 0x80003dd8 (0x40680133) sub     sp, a6, t1
core   0: 3 0x80003dd8 (0x40680133) x 2 0x800259f4
core   0: 0x80003ddc (0x0262f8b3) remu    a7, t0, t1
core   0: 3 0x80003ddc (0x0262f8b3) x17 0x00000001
core   0: 0x80003de0 (0x049d5263) bge     s10, s1, pc + 68
core   0: 3 0x80003de0 (0x049d5263)
core   0: 0x80003e24 (0x00000013) nop
core   0: 3 0x80003e24 (0x00000013)
core   0: 0x80003e28 (0x01c31693) slli    a3, t1, 28
core   0: 3 0x80003e28 (0x01c31693) x13 0x00000000
core   0: 0x80003e2c (0x02860263) beq     a2, s0, pc + 36
core   0: 3 0x80003e2c (0x02860263)
core   0: 0x80003e30 (0x000f7333) and     t1, t5, zero
core   0: 3 0x80003e30 (0x000f7333) x 6 0x00000000
core   0: 0x80003e34 (0x01b23fb3) sltu    t6, tp, s11
core   0: 3 0x80003e34 (0x01b23fb3) x31 0x00000001
core   0: 0x80003e38 (0x01898663) beq     s3, s8, pc + 12
core   0: 3 0x80003e38 (0x01898663)
core   0: 0x80003e3c (0x405e5933) sra     s2, t3, t0
core   0: 3 0x80003e3c (0x405e5933) x18 0x00000008
core   0: 0x80003e40 (0x00349233) sll     tp, s1, gp
core   0: 3 0x80003e40 (0x00349233) x 4 0x00000000
core   0: 0x80003e44 (0x035bc933) div     s2, s7, s5
core   0: 3 0x80003e44 (0x035bc933) x18 0x00000000
core   0: 0x80003e48 (0x48162e93) slti    t4, a2, 1153
core   0: 3 0x80003e48 (0x48162e93) x29 0x00000001
core   0: 0x80003e4c (0x00e91263) bne     s2, a4, pc + 4
core   0: 3 0x80003e4c (0x00e91263)
core   0: 0x80003e50 (0x017e7233) and     tp, t3, s7
core   0: 3 0x80003e50 (0x017e7233) x 4 0x00000010
core   0: 0x80003e54 (0x00db7263) bgeu    s6, a3, pc + 4
core   0: 3 0x80003e54 (0x00db7263)
core   0: 0x80003e58 (0x00527033) and     zero, tp, t0
core   0: 3 0x80003e58 (0x00527033)
core   0: 0x80003e5c (0x007cc2b3) xor     t0, s9, t2
core   0: 3 0x80003e5c (0x007cc2b3) x 5 0x7cdc4abc
core   0: 0x80003e60 (0x04fa6863) bltu    s4, a5, pc + 80
core   0: 3 0x80003e60 (0x04fa6863)
core   0: 0x80003e64 (0x037237b3) mulhu   a5, tp, s7
core   0: 3 0x80003e64 (0x037237b3) x15 0x0000000f
core   0: 0x80003e68 (0x0096deb3) srl     t4, a3, s1
core   0: 3 0x80003e68 (0x0096deb3) x29 0x00000000
core   0: 0x80003e6c (0x034a0033) mul     zero, s4, s4
core   0: 3 0x80003e6c (0x034a0033)
core   0: 0x80003e70 (0x01060933) add     s2, a2, a6
core   0: 3 0x80003e70 (0x01060933) x18 0x00025e64
core   0: 0x80003e74 (0xb87b3913) sltiu   s2, s6, -1145
core   0: 3 0x80003e74 (0xb87b3913) x18 0x00000001
core   0: 0x80003e78 (0x32a93e93) sltiu   t4, s2, 810
core   0: 3 0x80003e78 (0x32a93e93) x29 0x00000001
core   0: 0x80003e7c (0x04b08063) beq     ra, a1, pc + 64
core   0: 3 0x80003e7c (0x04b08063)
core   0: 0x80003e80 (0x02f46533) rem     a0, s0, a5
core   0: 3 0x80003e80 (0x02f46533) x10 0x0000000b
core   0: 0x80003e84 (0x64d97393) andi    t2, s2, 1613
core   0: 3 0x80003e84 (0x64d97393) x 7 0x00000001
core   0: 0x80003e88 (0x0210f733) remu    a4, ra, ra
core   0: 3 0x80003e88 (0x0210f733) x14 0x00000000
core   0: 0x80003e8c (0x40180db3) sub     s11, a6, ra
core   0: 3 0x80003e8c (0x40180db3) x27 0x80025e64
core   0: 0x80003e90 (0x00215db3) srl     s11, sp, sp
core   0: 3 0x80003e90 (0x00215db3) x27 0x00000800
core   0: 0x80003e94 (0x1594aa93) slti    s5, s1, 345
core   0: 3 0x80003e94 (0x1594aa93) x21 0x00000001
core   0: 0x80003e98 (0x88230393) addi    t2, t1, -1918
core   0: 3 0x80003e98 (0x88230393) x 7 0xfffff882
core   0: 0x80003e9c (0x0cd27e63) bgeu    tp, a3, pc + 220
core   0: 3 0x80003e9c (0x0cd27e63)
core   0: 0x80003f78 (0x56142513) slti    a0, s0, 1377
core   0: 3 0x80003f78 (0x56142513) x10 0x00000000
core   0: 0x80003f7c (0x82afce93) xori    t4, t6, -2006
core   0: 3 0x80003f7c (0x82afce93) x29 0xfffff82b
core   0: 0x80003f80 (0x027151b3) divu    gp, sp, t2
core   0: 3 0x80003f80 (0x027151b3) x 3 0x00000000
core   0: 0x80003f84 (0x00010f33) add     t5, sp, zero
core   0: 3 0x80003f84 (0x00010f33) x30 0x800259f4
core   0: 0x80003f88 (0xab2cc213) xori    tp, s9, -1358
core   0: 3 0x80003f88 (0xab2cc213) x 4 0xfffffab2
core   0: 0x80003f8c (0x41e206b3) sub     a3, tp, t5
core   0: 3 0x80003f8c (0x41e206b3) x13 0x7ffda0be
core   0: 0x80003f90 (0x022c34b3) mulhu   s1, s8, sp
core   0: 3 0x80003f90 (0x022c34b3) x 9 0x40027b72
core   0: 0x80003f94 (0x41c3dd13) srai    s10, t2, 28
core   0: 3 0x80003f94 (0x41c3dd13) x26 0xffffffff
core   0: 0x80003f98 (0x0000d697) auipc   a3, 0xd
core   0: 3 0x80003f98 (0x0000d697) x13 0x80010f98
core   0: 0x80003f9c (0xd4268693) addi    a3, a3, -702
core   0: 3 0x80003f9c (0xd4268693) x13 0x80010cda
core   0: 0x80003fa0 (0x9cc68c83) lb      s9, -1588(a3)
core   0: 3 0x80003fa0 (0x9cc68c83) x25 0xffffff9a mem 0x800106a6
core   0: 0x80003fa4 (0xc5c6a523) sw      t3, -950(a3)
core   0: 3 0x80003fa4 (0xc5c6a523) mem 0x80010924 0x00000010
core   0: 0x80003fa8 (0x34e6a723) sw      a4, 846(a3)
core   0: 3 0x80003fa8 (0x34e6a723) mem 0x80011028 0x00000000
core   0: 0x80003fac (0x1256c403) lbu     s0, 293(a3)
core   0: 3 0x80003fac (0x1256c403) x 8 0x000000c2 mem 0x80010dff
core   0: 0x80003fb0 (0x22d68da3) sb      a3, 571(a3)
core   0: 3 0x80003fb0 (0x22d68da3) mem 0x80010f15 0xda
core   0: 0x80003fb4 (0x7d60c113) xori    sp, ra, 2006
core   0: 3 0x80003fb4 (0x7d60c113) x 2 0x000007d6
core   0: 0x80003fb8 (0xf5c688a3) sb      t3, -175(a3)
core   0: 3 0x80003fb8 (0xf5c688a3) mem 0x80010c2b 0x10
core   0: 0x80003fbc (0x90668a23) sb      t1, -1772(a3)
core   0: 3 0x80003fbc (0x90668a23) mem 0x800105ee 0x0
core   0: 0x80003fc0 (0xb34684a3) sb      s4, -1239(a3)
core   0: 3 0x80003fc0 (0xb34684a3) mem 0x80010803 0x0
core   0: 0x80003fc4 (0xf896a923) sw      s1, -110(a3)
core   0: 3 0x80003fc4 (0xf896a923) mem 0x80010c6c 0x40027b72
core   0: 0x80003fc8 (0xaf36a723) sw      s3, -1298(a3)
core   0: 3 0x80003fc8 (0xaf36a723) mem 0x800107c8 0x00000000
core   0: 0x80003fcc (0xd046a523) sw      tp, -758(a3)
core   0: 3 0x80003fcc (0xd046a523) mem 0x800109e4 0xfffffab2
core   0: 0x80003fd0 (0x05b6c583) lbu     a1, 91(a3)
core   0: 3 0x80003fd0 (0x05b6c583) x11 0x0000002f mem 0x80010d35
core   0: 0x80003fd4 (0xe6e4a893) slti    a7, s1, -402
core   0: 3 0x80003fd4 (0xe6e4a893) x17 0x00000000
core   0: 0x80003fd8 (0x6304c537) lui     a0, 0x6304c
core   0: 3 0x80003fd8 (0x6304c537) x10 0x6304c000
core   0: 0x80003fdc (0xbaa6d483) lhu     s1, -1110(a3)
core   0: 3 0x80003fdc (0xbaa6d483) x 9 0x000060e5 mem 0x80010884
core   0: 0x80003fe0 (0x006851b3) srl     gp, a6, t1
core   0: 3 0x80003fe0 (0x006851b3) x 3 0x80025e64
core   0: 0x80003fe4 (0x024d2eb3) mulhsu  t4, s10, tp
core   0: 3 0x80003fe4 (0x024d2eb3) x29 0xffffffff
core   0: 0x80003fe8 (0x0776a923) sw      s7, 114(a3)
core   0: 3 0x80003fe8 (0x0776a923) mem 0x80010d4c 0xfffffffe
core   0: 0x80003fec (0x3576cb83) lbu     s7, 855(a3)
core   0: 3 0x80003fec (0x3576cb83) x23 0x00000013 mem 0x80011031
core   0: 0x80003ff0 (0xfac6c703) lbu     a4, -84(a3)
core   0: 3 0x80003ff0 (0xfac6c703) x14 0x0000009e mem 0x80010c86
core   0: 0x80003ff4 (0xf102ac93) slti    s9, t0, -240
core   0: 3 0x80003ff4 (0xf102ac93) x25 0x00000000
core   0: 0x80003ff8 (0x00db89b3) add     s3, s7, a3
core   0: 3 0x80003ff8 (0x00db89b3) x19 0x80010ced
core   0: 0x80003ffc (0xc746c903) lbu     s2, -908(a3)
core   0: 3 0x80003ffc (0xc746c903) x18 0x00000063 mem 0x8001094e
core   0: 0x80004000 (0xea06d083) lhu     ra, -352(a3)
core   0: 3 0x80004000 (0xea06d083) x 1 0x00006deb mem 0x80010b7a
core   0: 0x80004004 (0xd7069b83) lh      s7, -656(a3)
core   0: 3 0x80004004 (0xd7069b83) x23 0x00005265 mem 0x80010a4a
core   0: 0x80004008 (0x97169323) sh      a7, -1690(a3)
core   0: 3 0x80004008 (0x97169323) mem 0x80010640 0x0000
core   0: 0x8000400c (0x029308b3) mul     a7, t1, s1
core   0: 3 0x8000400c (0x029308b3) x17 0x00000000
core   0: 0x80004010 (0x09d68323) sb      t4, 134(a3)
core   0: 3 0x80004010 (0x09d68323) mem 0x80010d60 0xff
core   0: 0x80004014 (0x1136ce03) lbu     t3, 275(a3)
core   0: 3 0x80004014 (0x1136ce03) x28 0x000000d2 mem 0x80010ded
core   0: 0x80004018 (0x002d5993) srli    s3, s10, 2
core   0: 3 0x80004018 (0x002d5993) x19 0x3fffffff
core   0: 0x8000401c (0x0dd6cb03) lbu     s6, 221(a3)
core   0: 3 0x8000401c (0x0dd6cb03) x22 0x00000022 mem 0x80010db7
core   0: 0x80004020 (0x30b68ba3) sb      a1, 791(a3)
core   0: 3 0x80004020 (0x30b68ba3) mem 0x80010ff1 0x2f
core   0: 0x80004024 (0x0a168e03) lb      t3, 161(a3)
core   0: 3 0x80004024 (0x0a168e03) x28 0xffffffe4 mem 0x80010d7b
core   0: 0x80004028 (0x021c3f33) mulhu   t5, s8, ra
core   0: 3 0x80004028 (0x021c3f33) x30 0x000036f6
core   0: 0x8000402c (0xe1a688a3) sb      s10, -495(a3)
core   0: 3 0x8000402c (0xe1a688a3) mem 0x80010aeb 0xff
core   0: 0x80004030 (0x00000013) nop
core   0: 3 0x80004030 (0x00000013)
core   0: 0x80004034 (0xe5937237) lui     tp, 0xe5937
core   0: 3 0x80004034 (0xe5937237) x 4 0xe5937000
core   0: 0x80004038 (0x2c414f93) xori    t6, sp, 708
core   0: 3 0x80004038 (0x2c414f93) x31 0x00000512
core   0: 0x8000403c (0x4416e037) lui     zero, 0x4416e
core   0: 3 0x8000403c (0x4416e037)
core   0: 0x80004040 (0x033bde63) bge     s7, s3, pc + 60
core   0: 3 0x80004040 (0x033bde63)
core   0: 0x80004044 (0xaa286bb7) lui     s7, 0xaa286
core   0: 3 0x80004044 (0xaa286bb7) x23 0xaa286000
core   0: 0x80004048 (0x02bb2a33) mulhsu  s4, s6, a1
core   0: 3 0x80004048 (0x02bb2a33) x20 0x00000000
core   0: 0x8000404c (0x02924033) div     zero, tp, s1
core   0: 3 0x8000404c (0x02924033)
core   0: 0x80004050 (0x01837663) bgeu    t1, s8, pc + 12
core   0: 3 0x80004050 (0x01837663)
core   0: 0x80004054 (0x0a9b6b13) ori     s6, s6, 169
core   0: 3 0x80004054 (0x0a9b6b13) x22 0x000000ab
core   0: 0x80004058 (0x0090b033) sltu    zero, ra, s1
core   0: 3 0x80004058 (0x0090b033)
core   0: 0x8000405c (0x01a7e663) bltu    a5, s10, pc + 12
core   0: 3 0x8000405c (0x01a7e663)
core   0: 0x80004068 (0x03bbc4b3) div     s1, s7, s11
core   0: 3 0x80004068 (0x03bbc4b3) x 9 0xfff5450c
core   0: 0x8000406c (0x04767063) bgeu    a2, t2, pc + 64
core   0: 3 0x8000406c (0x04767063)
core   0: 0x80004070 (0x03d608b3) mul     a7, a2, t4
core   0: 3 0x80004070 (0x03d608b3) x17 0x80000000
core   0: 0x80004074 (0x00f60233) add     tp, a2, a5
core   0: 3 0x80004074 (0x00f60233) x 4 0x8000000f
core   0: 0x80004078 (0x002ffb33) and     s6, t6, sp
core   0: 3 0x80004078 (0x002ffb33) x22 0x00000512
core   0: 0x8000407c (0x03bee433) rem     s0, t4, s11
core   0: 3 0x8000407c (0x03bee433) x 8 0xffffffff
core   0: 0x80004080 (0x018d11b3) sll     gp, s10, s8
core   0: 3 0x80004080 (0x018d11b3) x 3 0xfffffff0
core   0: 0x80004084 (0x7f4dea93) ori     s5, s11, 2036
core   0: 3 0x80004084 (0x7f4dea93) x21 0x00000ff4
core   0: 0x80004088 (0x03f9e263) bltu    s3, t6, pc + 36
core   0: 3 0x80004088 (0x03f9e263)
core   0: 0x8000408c (0x00000013) nop
core   0: 3 0x8000408c (0x00000013)
core   0: 0x80004090 (0x00688333) add     t1, a7, t1
core   0: 3 0x80004090 (0x00688333) x 6 0x80000000
core   0: 0x80004094 (0xe97caf13) slti    t5, s9, -361
core   0: 3 0x80004094 (0xe97caf13) x30 0x00000000
core   0: 0x80004098 (0x007bfd33) and     s10, s7, t2
core   0: 3 0x80004098 (0x007bfd33) x26 0xaa286000
core   0: 0x8000409c (0x00000013) nop
core   0: 3 0x8000409c (0x00000013)
core   0: 0x800040a0 (0x00000013) nop
core   0: 3 0x800040a0 (0x00000013)
core   0: 0x800040a4 (0x033fd063) bge     t6, s3, pc + 32
core   0: 3 0x800040a4 (0x033fd063)
core   0: 0x800040a8 (0x01479a93) slli    s5, a5, 20
core   0: 3 0x800040a8 (0x01479a93) x21 0x00f00000
core   0: 0x800040ac (0x03c68fb3) mul     t6, a3, t3
core   0: 3 0x800040ac (0x03c68fb3) x31 0xffe29828
core   0: 0x800040b0 (0x03154463) blt     a0, a7, pc + 40
core   0: 3 0x800040b0 (0x03154463)
core   0: 0x800040b4 (0x005604b3) add     s1, a2, t0
core   0: 3 0x800040b4 (0x005604b3) x 9 0xfcdc4abc
core   0: 0x800040b8 (0x0196bb33) sltu    s6, a3, s9
core   0: 3 0x800040b8 (0x0196bb33) x22 0x00000000
core   0: 0x800040bc (0x037efe33) remu    t3, t4, s7
core   0: 3 0x800040bc (0x037efe33) x28 0x55d79fff
core   0: 0x800040c0 (0x03572fb3) mulhsu  t6, a4, s5
core   0: 3 0x800040c0 (0x03572fb3) x31 0x00000000
core   0: 0x800040c4 (0x418782b3) sub     t0, a5, s8
core   0: 3 0x800040c4 (0x418782b3) x 5 0x7ffd632b
core   0: 0x800040c8 (0x00000013) nop
core   0: 3 0x800040c8 (0x00000013)
core   0: 0x800040cc (0x00f49b93) slli    s7, s1, 15
core   0: 3 0x800040cc (0x00f49b93) x23 0x255e0000
core   0: 0x800040d0 (0x0325a233) mulhsu  tp, a1, s2
core   0: 3 0x800040d0 (0x0325a233) x 4 0x00000000
core   0: 0x800040d4 (0x00beffb3) and     t6, t4, a1
core   0: 3 0x800040d4 (0x00beffb3) x31 0x0000002f
core   0: 0x800040d8 (0x00117733) and     a4, sp, ra
core   0: 3 0x800040d8 (0x00117733) x14 0x000005c2
core   0: 0x800040dc (0x032e8e63) beq     t4, s2, pc + 60
core   0: 3 0x800040dc (0x032e8e63)
core   0: 0x800040e0 (0x001424b3) slt     s1, s0, ra
core   0: 3 0x800040e0 (0x001424b3) x 9 0x00000001
core   0: 0x800040e4 (0x00bad993) srli    s3, s5, 11
core   0: 3 0x800040e4 (0x00bad993) x19 0x00001e00
core   0: 0x800040e8 (0x006ae9b3) or      s3, s5, t1
core   0: 3 0x800040e8 (0x006ae9b3) x19 0x80f00000
core   0: 0x800040ec (0x0140b233) sltu    tp, ra, s4
core   0: 3 0x800040ec (0x0140b233) x 4 0x00000000
core   0: 0x800040f0 (0x01d50d33) add     s10, a0, t4
core   0: 3 0x800040f0 (0x01d50d33) x26 0x6304bfff
core   0: 0x800040f4 (0xb823aab7) lui     s5, 0xb823a
core   0: 3 0x800040f4 (0xb823aab7) x21 0xb823a000
core   0: 0x800040f8 (0xb4f8ed93) ori     s11, a7, -1201
core   0: 3 0x800040f8 (0xb4f8ed93) x27 0xfffffb4f
core   0: 0x800040fc (0x02ec8a33) mul     s4, s9, a4
core   0: 3 0x800040fc (0x02ec8a33) x20 0x00000000
core   0: 0x80004100 (0x027ed733) divu    a4, t4, t2
core   0: 3 0x80004100 (0x027ed733) x14 0x00000001
core   0: 0x80004104 (0x3f76b193) sltiu   gp, a3, 1015
core   0: 3 0x80004104 (0x3f76b193) x 3 0x00000000
core   0: 0x80004108 (0x00b35e13) srli    t3, t1, 11
core   0: 3 0x80004108 (0x00b35e13) x28 0x00100000
core   0: 0x8000410c (0x02c16b33) rem     s6, sp, a2
core   0: 3 0x8000410c (0x02c16b33) x22 0x000007d6
core   0: 0x80004110 (0x00000013) nop
core   0: 3 0x80004110 (0x00000013)
core   0: 0x80004114 (0xb8d7ae13) slti    t3, a5, -1139
core   0: 3 0x80004114 (0xb8d7ae13) x28 0x00000000
core   0: 0x80004118 (0x4ca47d13) andi    s10, s0, 1226
core   0: 3 0x80004118 (0x4ca47d13) x26 0x000004ca
core   0: 0x8000411c (0x02c337b3) mulhu   a5, t1, a2
core   0: 3 0x8000411c (0x02c337b3) x15 0x40000000
core   0: 0x80004120 (0xccd06893) ori     a7, zero, -819
core   0: 3 0x80004120 (0xccd06893) x17 0xfffffccd
core   0: 0x80004124 (0x41d00d33) sub     s10, zero, t4
core   0: 3 0x80004124 (0x41d00d33) x26 0x00000001
core   0: 0x80004128 (0x009c4933) xor     s2, s8, s1
core   0: 3 0x80004128 (0x009c4933) x18 0x80029ce5
core   0: 0x8000412c (0x00dcf233) and     tp, s9, a3
core   0: 3 0x8000412c (0x00dcf233) x 4 0x00000000
core   0: 0x80004130 (0x0346fe33) remu    t3, a3, s4
core   0: 3 0x80004130 (0x0346fe33) x28 0x80010cda
core   0: 0x80004134 (0x03fed863) bge     t4, t6, pc + 48
core   0: 3 0x80004134 (0x03fed863)
core   0: 0x80004138 (0x031e9eb3) mulh    t4, t4, a7
core   0: 3 0x80004138 (0x031e9eb3) x29 0x00000000
core   0: 0x8000413c (0x02da76b3) remu    a3, s4, a3
core   0: 3 0x8000413c (0x02da76b3) x13 0x00000000
core   0: 0x80004140 (0x6e7ab213) sltiu   tp, s5, 1767
core   0: 3 0x80004140 (0x6e7ab213) x 4 0x00000000
core   0: 0x80004144 (0x00c33f33) sltu    t5, t1, a2
core   0: 3 0x80004144 (0x00c33f33) x30 0x00000000
core   0: 0x80004148 (0x01bf8133) add     sp, t6, s11
core   0: 3 0x80004148 (0x01bf8133) x 2 0xfffffb7e
core   0: 0x8000414c (0x40f15ab3) sra     s5, sp, a5
core   0: 3 0x8000414c (0x40f15ab3) x21 0xfffffb7e
core   0: 0x80004150 (0x02ee4a33) div     s4, t3, a4
core   0: 3 0x80004150 (0x02ee4a33) x20 0x80010cda
core   0: 0x80004154 (0x02c42bb3) mulhsu  s7, s0, a2
core   0: 3 0x80004154 (0x02c42bb3) x23 0xffffffff
core   0: 0x80004158 (0x035ad5b3) divu    a1, s5, s5
core   0: 3 0x80004158 (0x035ad5b3) x11 0x00000001
core   0: 0x8000415c (0x0048ad33) slt     s10, a7, tp
core   0: 3 0x8000415c (0x0048ad33) x26 0x00000001
core   0: 0x80004160 (0x00f7ddb3) srl     s11, a5, a5
core   0: 3 0x80004160 (0x00f7ddb3) x27 0x40000000
core   0: 0x80004164 (0x05259663) bne     a1, s2, pc + 76
core   0: 3 0x80004164 (0x05259663)
core   0: 0x800041b0 (0x2b1ea693) slti    a3, t4, 689
core   0: 3 0x800041b0 (0x2b1ea693) x13 0x00000001
core   0: 0x800041b4 (0x40a75133) sra     sp, a4, a0
core   0: 3 0x800041b4 (0x40a75133) x 2 0x00000001
core   0: 0x800041b8 (0x005224b3) slt     s1, tp, t0
core   0: 3 0x800041b8 (0x005224b3) x 9 0x00000001
core   0: 0x800041bc (0x287c3893) sltiu   a7, s8, 647
core   0: 3 0x800041bc (0x287c3893) x17 0x00000000
core   0: 0x800041c0 (0x93683017) auipc   zero, 0x93683
core   0: 3 0x800041c0 (0x93683017)
core   0: 0x800041c4 (0x03ba5e63) bge     s4, s11, pc + 60
core   0: 3 0x800041c4 (0x03ba5e63)
core   0: 0x800041c8 (0x4131d193) srai    gp, gp, 19
core   0: 3 0x800041c8 (0x4131d193) x 3 0x00000000
core   0: 0x800041cc (0x819eca93) xori    s5, t4, -2023
core   0: 3 0x800041cc (0x819eca93) x21 0xfffff819
core   0: 0x800041d0 (0x005cf7b3) and     a5, s9, t0
core   0: 3 0x800041d0 (0x005cf7b3) x15 0x00000000
core   0: 0x800041d4 (0x03a495b3) mulh    a1, s1, s10
core   0: 3 0x800041d4 (0x03a495b3) x11 0x00000000
core   0: 0x800041d8 (0x040bd463) bgez    s7, pc + 72
core   0: 3 0x800041d8 (0x040bd463)
core   0: 0x800041dc (0x025bffb3) remu    t6, s7, t0
core   0: 3 0x800041dc (0x025bffb3) x31 0x000539a9
core   0: 0x800041e0 (0x41e0d133) sra     sp, ra, t5
core   0: 3 0x800041e0 (0x41e0d133) x 2 0x00006deb
core   0: 0x800041e4 (0x0140e9b3) or      s3, ra, s4
core   0: 3 0x800041e4 (0x0140e9b3) x19 0x80016dfb
core   0: 0x800041e8 (0x00000013) nop
core   0: 3 0x800041e8 (0x00000013)
core   0: 0x800041ec (0x1eed8d93) addi    s11, s11, 494
core   0: 3 0x800041ec (0x1eed8d93) x27 0x400001ee
core   0: 0x800041f0 (0x00739793) slli    a5, t2, 7
core   0: 3 0x800041f0 (0x00739793) x15 0xfffc4100
core   0: 0x800041f4 (0x03ae4e33) div     t3, t3, s10
core   0: 3 0x800041f4 (0x03ae4e33) x28 0x80010cda
core   0: 0x800041f8 (0x03d6a533) mulhsu  a0, a3, t4
core   0: 3 0x800041f8 (0x03d6a533) x10 0x00000000
core   0: 0x800041fc (0x01791733) sll     a4, s2, s7
core   0: 3 0x800041fc (0x01791733) x14 0x80000000
core   0: 0x80004200 (0x037dbdb3) mulhu   s11, s11, s7
core   0: 3 0x80004200 (0x037dbdb3) x27 0x400001ed
core   0: 0x80004204 (0x312da737) lui     a4, 0x312da
core   0: 3 0x80004204 (0x312da737) x14 0x312da000
core   0: 0x80004208 (0xeb097693) andi    a3, s2, -336
core   0: 3 0x80004208 (0xeb097693) x13 0x80029ca0
core   0: 0x8000420c (0x033ba7b3) mulhsu  a5, s7, s3
core   0: 3 0x8000420c (0x033ba7b3) x15 0xffffffff
core   0: 0x80004210 (0x001733b3) sltu    t2, a4, ra
core   0: 3 0x80004210 (0x001733b3) x 7 0x00000000
core   0: 0x80004214 (0x02090263) beqz    s2, pc + 36
core   0: 3 0x80004214 (0x02090263)
core   0: 0x80004218 (0x02f5c1b3) div     gp, a1, a5
core   0: 3 0x80004218 (0x02f5c1b3) x 3 0x00000000
core   0: 0x8000421c (0x01b31bb3) sll     s7, t1, s11
core   0: 3 0x8000421c (0x01b31bb3) x23 0x00000000
core   0: 0x80004220 (0x01fbdb33) srl     s6, s7, t6
core   0: 3 0x80004220 (0x01fbdb33) x22 0x00000000
core   0: 0x80004224 (0x02e6c8b3) div     a7, a3, a4
core   0: 3 0x80004224 (0x02e6c8b3) x17 0xfffffffe
core   0: 0x80004228 (0x00000013) nop
core   0: 3 0x80004228 (0x00000013)
core   0: 0x8000422c (0x01f18463) beq     gp, t6, pc + 8
core   0: 3 0x8000422c (0x01f18463)
core   0: 0x80004230 (0x41fadc93) srai    s9, s5, 31
core   0: 3 0x80004230 (0x41fadc93) x25 0xffffffff
core   0: 0x80004234 (0x03ad0a63) beq     s10, s10, pc + 52
core   0: 3 0x80004234 (0x03ad0a63)
core   0: 0x80004268 (0x024071b3) remu    gp, zero, tp
core   0: 3 0x80004268 (0x024071b3) x 3 0x00000000
core   0: 0x8000426c (0x9e402693) slti    a3, zero, -1564
core   0: 3 0x8000426c (0x9e402693) x13 0x00000000
core   0: 0x80004270 (0x03586233) rem     tp, a6, s5
core   0: 3 0x80004270 (0x03586233) x 4 0xfffffc7b
core   0: 0x80004274 (0x41605eb3) sra     t4, zero, s6
core   0: 3 0x80004274 (0x41605eb3) x29 0x00000000
core   0: 0x80004278 (0x005904b3) add     s1, s2, t0
core   0: 3 0x80004278 (0x005904b3) x 9 0x00000010
core   0: 0x8000427c (0x00bf9493) slli    s1, t6, 11
core   0: 3 0x8000427c (0x00bf9493) x 9 0x29cd4800
core   0: 0x80004280 (0x032c4b33) div     s6, s8, s2
core   0: 3 0x80004280 (0x032c4b33) x22 0x00000001
core   0: 0x80004284 (0x0180ebb3) or      s7, ra, s8
core   0: 3 0x80004284 (0x0180ebb3) x23 0x8002fdef
core   0: 0x80004288 (0x3fe8fa97) auipc   s5, 0x3fe8f
core   0: 3 0x80004288 (0x3fe8fa97) x21 0xbfe93288
core   0: 0x8000428c (0x02d86533) rem     a0, a6, a3
core   0: 3 0x8000428c (0x02d86533) x10 0x80025e64
core   0: 0x80004290 (0x016f9133) sll     sp, t6, s6
core   0: 3 0x80004290 (0x016f9133) x 2 0x000a7352
core   0: 0x80004294 (0x0332c863) blt     t0, s3, pc + 48
core   0: 3 0x80004294 (0x0332c863)
core   0: 0x80004298 (0x1a202093) slti    ra, zero, 418
core   0: 3 0x80004298 (0x1a202093) x 1 0x00000001
core   0: 0x8000429c (0x00698663) beq     s3, t1, pc + 12
core   0: 3 0x8000429c (0x00698663)
core   0: 0x800042a0 (0x01fd9433) sll     s0, s11, t6
core   0: 3 0x800042a0 (0x01fd9433) x 8 0x0003da00
core   0: 0x800042a4 (0xff45ba13) sltiu   s4, a1, -12
core   0: 3 0x800042a4 (0xff45ba13) x20 0x00000001
core   0: 0x800042a8 (0x415ad693) srai    a3, s5, 21
core   0: 3 0x800042a8 (0x415ad693) x13 0xfffffdff
core   0: 0x800042ac (0x02e11463) bne     sp, a4, pc + 40
core   0: 3 0x800042ac (0x02e11463)
core   0: 0x800042d4 (0x00014db3) xor     s11, sp, zero
core   0: 3 0x800042d4 (0x00014db3) x27 0x000a7352
core   0: 0x800042d8 (0x011b6233) or      tp, s6, a7
core   0: 3 0x800042d8 (0x011b6233) x 4 0xffffffff
core   0: 0x800042dc (0x02aa97b3) mulh    a5, s5, a0
core   0: 3 0x800042dc (0x02aa97b3) x15 0x200aceec
core   0: 0x800042e0 (0x0300dbb3) divu    s7, ra, a6
core   0: 3 0x800042e0 (0x0300dbb3) x23 0x00000000
core   0: 0x800042e4 (0x05380263) beq     a6, s3, pc + 68
core   0: 3 0x800042e4 (0x05380263)
core   0: 0x800042e8 (0x03b3c263) blt     t2, s11, pc + 36
core   0: 3 0x800042e8 (0x03b3c263)
core   0: 0x8000430c (0x03b7fc63) bgeu    a5, s11, pc + 56
core   0: 3 0x8000430c (0x03b7fc63)
core   0: 0x80004344 (0xddcfa893) slti    a7, t6, -548
core   0: 3 0x80004344 (0xddcfa893) x17 0x00000000
core   0: 0x80004348 (0xf3ed7993) andi    s3, s10, -194
core   0: 3 0x80004348 (0xf3ed7993) x19 0x00000000
core   0: 0x8000434c (0x56d02393) slti    t2, zero, 1389
core   0: 3 0x8000434c (0x56d02393) x 7 0x00000001
core   0: 0x80004350 (0x00729493) slli    s1, t0, 7
core   0: 3 0x80004350 (0x00729493) x 9 0xfeb19580
core   0: 0x80004354 (0x05301863) bne     zero, s3, pc + 80
core   0: 3 0x80004354 (0x05301863)
core   0: 0x80004358 (0x02d3a6b3) mulhsu  a3, t2, a3
core   0: 3 0x80004358 (0x02d3a6b3) x13 0x00000000
core   0: 0x8000435c (0x01a8db13) srli    s6, a7, 26
core   0: 3 0x8000435c (0x01a8db13) x22 0x00000000
core   0: 0x80004360 (0x030e9ab3) mulh    s5, t4, a6
core   0: 3 0x80004360 (0x030e9ab3) x21 0x00000000
core   0: 0x80004364 (0x02f9bcb3) mulhu   s9, s3, a5
core   0: 3 0x80004364 (0x02f9bcb3) x25 0x00000000
core   0: 0x80004368 (0x025998b3) mulh    a7, s3, t0
core   0: 3 0x80004368 (0x025998b3) x17 0x00000000
core   0: 0x8000436c (0x02f16133) rem     sp, sp, a5
core   0: 3 0x8000436c (0x02f16133) x 2 0x000a7352
core   0: 0x80004370 (0x639bb917) auipc   s2, 0x639bb
core   0: 3 0x80004370 (0x639bb917) x18 0xe39bf370
core   0: 0x80004374 (0x03df59b3) divu    s3, t5, t4
core   0: 3 0x80004374 (0x03df59b3) x19 0xffffffff
core   0: 0x80004378 (0xe10a0013) addi    zero, s4, -496
core   0: 3 0x80004378 (0xe10a0013)
core   0: 0x8000437c (0x03130ab3) mul     s5, t1, a7
core   0: 3 0x8000437c (0x03130ab3) x21 0x00000000
core   0: 0x80004380 (0x03a79533) mulh    a0, a5, s10
core   0: 3 0x80004380 (0x03a79533) x10 0x00000000
core   0: 0x80004384 (0x01487433) and     s0, a6, s4
core   0: 3 0x80004384 (0x01487433) x 8 0x00000000
core   0: 0x80004388 (0x41bdd033) sra     zero, s11, s11
core   0: 3 0x80004388 (0x41bdd033)
core   0: 0x8000438c (0x01455663) bge     a0, s4, pc + 12
core   0: 3 0x8000438c (0x01455663)
core   0: 0x80004390 (0x1deaaa93) slti    s5, s5, 478
core   0: 3 0x80004390 (0x1deaaa93) x21 0x00000001
core   0: 0x80004394 (0x016ad1b3) srl     gp, s5, s6
core   0: 3 0x80004394 (0x016ad1b3) x 3 0x00000001
core   0: 0x80004398 (0xfc5c2f93) slti    t6, s8, -59
core   0: 3 0x80004398 (0xfc5c2f93) x31 0x00000001
core   0: 0x8000439c (0x00f60933) add     s2, a2, a5
core   0: 3 0x8000439c (0x00f60933) x18 0xa00aceec
core   0: 0x800043a0 (0x01a10cb3) add     s9, sp, s10
core   0: 3 0x800043a0 (0x01a10cb3) x25 0x000a7353
core   0: 0x800043a4 (0x01ba9eb3) sll     t4, s5, s11
core   0: 3 0x800043a4 (0x01ba9eb3) x29 0x00040000
core   0: 0x800043a8 (0x01c6a5b3) slt     a1, a3, t3
core   0: 3 0x800043a8 (0x01c6a5b3) x11 0x00000000
core   0: 0x800043ac (0x0325d433) divu    s0, a1, s2
core   0: 3 0x800043ac (0x0325d433) x 8 0x00000000
core   0: 0x800043b0 (0x02288933) mul     s2, a7, sp
core   0: 3 0x800043b0 (0x02288933) x18 0x00000000
core   0: 0x800043b4 (0x04f61463) bne     a2, a5, pc + 72
core   0: 3 0x800043b4 (0x04f61463)
core   0: 0x800043fc (0x02f6b1b3) mulhu   gp, a3, a5
core   0: 3 0x800043fc (0x02f6b1b3) x 3 0x00000000
core   0: 0x80004400 (0x02676f33) rem     t5, a4, t1
core   0: 3 0x80004400 (0x02676f33) x30 0x312da000
core   0: 0x80004404 (0x03f3ce63) blt     t2, t6, pc + 60
core   0: 3 0x80004404 (0x03f3ce63)
core   0: 0x80004408 (0x40a356b3) sra     a3, t1, a0
core   0: 3 0x80004408 (0x40a356b3) x13 0x80000000
core   0: 0x8000440c (0x03a48263) beq     s1, s10, pc + 36
core   0: 3 0x8000440c (0x03a48263)
core   0: 0x80004410 (0xd7da8097) auipc   ra, 0xd7da8
core   0: 3 0x80004410 (0xd7da8097) x 1 0x57dac410
core   0: 0x80004414 (0xea7213b7) lui     t2, 0xea721
core   0: 3 0x80004414 (0xea7213b7) x 7 0xea721000
core   0: 0x80004418 (0x02369e63) bne     a3, gp, pc + 60
core   0: 3 0x80004418 (0x02369e63)
core   0: 0x80004454 (0x02846063) bltu    s0, s0, pc + 32
core   0: 3 0x80004454 (0x02846063)
core   0: 0x80004458 (0x7c093e13) sltiu   t3, s2, 1984
core   0: 3 0x80004458 (0x7c093e13) x28 0x00000001
core   0: 0x8000445c (0x41a47793) andi    a5, s0, 1050
core   0: 3 0x8000445c (0x41a47793) x15 0x00000000
core   0: 0x80004460 (0x40c2db33) sra     s6, t0, a2
core   0: 3 0x80004460 (0x40c2db33) x22 0x7ffd632b
core   0: 0x80004464 (0x01574933) xor     s2, a4, s5
core   0: 3 0x80004464 (0x01574933) x18 0x312da001
core   0: 0x80004468 (0x03f4bf33) mulhu   t5, s1, t6
core   0: 3 0x80004468 (0x03f4bf33) x30 0x00000000
core   0: 0x8000446c (0x0159e463) bltu    s3, s5, pc + 8
core   0: 3 0x8000446c (0x0159e463)
core   0: 0x80004470 (0x019c1a13) slli    s4, s8, 25
core   0: 3 0x80004470 (0x019c1a13) x20 0xc8000000
core   0: 0x80004474 (0xca627e37) lui     t3, 0xca627
core   0: 3 0x80004474 (0xca627e37) x28 0xca627000
core   0: 0x80004478 (0x01f89cb3) sll     s9, a7, t6
core   0: 3 0x80004478 (0x01f89cb3) x25 0x00000000
core   0: 0x8000447c (0x02d6a333) mulhsu  t1, a3, a3
core   0: 3 0x8000447c (0x02d6a333) x 6 0xc0000000
core   0: 0x80004480 (0x4b30a213) slti    tp, ra, 1203
core   0: 3 0x80004480 (0x4b30a213) x 4 0x00000000
core   0: 0x80004484 (0x0143d093) srli    ra, t2, 20
core   0: 3 0x80004484 (0x0143d093) x 1 0x00000ea7
core   0: 0x80004488 (0x4023dd33) sra     s10, t2, sp
core   0: 3 0x80004488 (0x4023dd33) x26 0xfffffa9c
core   0: 0x8000448c (0x020ff033) remu    zero, t6, zero
core   0: 3 0x8000448c (0x020ff033)
core   0: 0x80004490 (0x5d572593) slti    a1, a4, 1493
core   0: 3 0x80004490 (0x5d572593) x11 0x00000000
core   0: 0x80004494 (0x02d17933) remu    s2, sp, a3
core   0: 3 0x80004494 (0x02d17933) x18 0x000a7352
core   0: 0x80004498 (0x00000013) nop
core   0: 3 0x80004498 (0x00000013)
core   0: 0x8000449c (0x026cc5b3) div     a1, s9, t1
core   0: 3 0x8000449c (0x026cc5b3) x11 0x00000000
core   0: 0x800044a0 (0x03427c63) bgeu    tp, s4, pc + 56
core   0: 3 0x800044a0 (0x03427c63)
core   0: 0x800044a4 (0xdc1af313) andi    t1, s5, -575
core   0: 3 0x800044a4 (0xdc1af313) x 6 0x00000001
core   0: 0x800044a8 (0xd3f86f13) ori     t5, a6, -705
core   0: 3 0x800044a8 (0xd3f86f13) x30 0xffffff7f
core   0: 0x800044ac (0x01fce463) bltu    s9, t6, pc + 8
core   0: 3 0x800044ac (0x01fce463)
core   0: 0x800044b4 (0x01034c63) blt     t1, a6, pc + 24
core   0: 3 0x800044b4 (0x01034c63)
core   0: 0x800044b8 (0x03d72033) mulhsu  zero, a4, t4
core   0: 3 0x800044b8 (0x03d72033)
core   0: 0x800044bc (0x60affb13) andi    s6, t6, 1546
core   0: 3 0x800044bc (0x60affb13) x22 0x00000000
core   0: 0x800044c0 (0xf6386913) ori     s2, a6, -157
core   0: 3 0x800044c0 (0xf6386913) x18 0xffffff67
core   0: 0x800044c4 (0x0373f433) remu    s0, t2, s7
core   0: 3 0x800044c4 (0x0373f433) x 8 0xea721000
core   0: 0x800044c8 (0xdf994893) xori    a7, s2, -519
core   0: 3 0x800044c8 (0xdf994893) x17 0x0000029e
core   0: 0x800044cc (0x15bc2513) slti    a0, s8, 347
core   0: 3 0x800044cc (0x15bc2513) x10 0x00000001
core   0: 0x800044d0 (0x0212cbb3) div     s7, t0, ra
core   0: 3 0x800044d0 (0x0212cbb3) x23 0x0008bc2f
core   0: 0x800044d4 (0x00a3c033) xor     zero, t2, a0
core   0: 3 0x800044d4 (0x00a3c033)
core   0: 0x800044d8 (0x00ddb033) sltu    zero, s11, a3
core   0: 3 0x800044d8 (0x00ddb033)
core   0: 0x800044dc (0x0015a033) slt     zero, a1, ra
core   0: 3 0x800044dc (0x0015a033)
core   0: 0x800044e0 (0x02e3b0b3) mulhu   ra, t2, a4
core   0: 3 0x800044e0 (0x02e3b0b3) x 1 0x2d099da4
core   0: 0x800044e4 (0x038d9e63) bne     s11, s8, pc + 60
core   0: 3 0x800044e4 (0x038d9e63)
core   0: 0x80004520 (0x403355b3) sra     a1, t1, gp
core   0: 3 0x80004520 (0x403355b3) x11 0x00000001
core   0: 0x80004524 (0x0131ebb3) or      s7, gp, s3
core   0: 3 0x80004524 (0x0131ebb3) x23 0xffffffff
core   0: 0x80004528 (0x01763133) sltu    sp, a2, s7
core   0: 3 0x80004528 (0x01763133) x 2 0x00000001
core   0: 0x8000452c (0x00be80b3) add     ra, t4, a1
core   0: 3 0x8000452c (0x00be80b3) x 1 0x00040001
core   0: 0x80004530 (0x402c5413) srai    s0, s8, 2
core   0: 3 0x80004530 (0x402c5413) x 8 0xe000a739
core   0: 0x80004534 (0x019e96b3) sll     a3, t4, s9
core   0: 3 0x80004534 (0x019e96b3) x13 0x00040000
core   0: 0x80004538 (0x40205c93) srai    s9, zero, 2
core   0: 3 0x80004538 (0x40205c93) x25 0x00000000
core   0: 0x8000453c (0x00d51713) slli    a4, a0, 13
core   0: 3 0x8000453c (0x00d51713) x14 0x00002000
core   0: 0x80004540 (0x02221cb3) mulh    s9, tp, sp
core   0: 3 0x80004540 (0x02221cb3) x25 0x00000000
core   0: 0x80004544 (0x0329e5b3) rem     a1, s3, s2
core   0: 3 0x80004544 (0x0329e5b3) x11 0xffffffff
core   0: 0x80004548 (0x013c0463) beq     s8, s3, pc + 8
core   0: 3 0x80004548 (0x013c0463)
core   0: 0x8000454c (0x00c304b3) add     s1, t1, a2
core   0: 3 0x8000454c (0x00c304b3) x 9 0x80000001
core   0: 0x80004550 (0x01349293) slli    t0, s1, 19
core   0: 3 0x80004550 (0x01349293) x 5 0x00080000
core   0: 0x80004554 (0x033a4233) div     tp, s4, s3
core   0: 3 0x80004554 (0x033a4233) x 4 0x38000000
core   0: 0x80004558 (0x00847933) and     s2, s0, s0
core   0: 3 0x80004558 (0x00847933) x18 0xe000a739
core   0: 0x8000455c (0x00ce6663) bltu    t3, a2, pc + 12
core   0: 3 0x8000455c (0x00ce6663)
core   0: 0x80004560 (0x03b21863) bne     tp, s11, pc + 48
core   0: 3 0x80004560 (0x03b21863)
core   0: 0x80004590 (0x008c91b3) sll     gp, s9, s0
core   0: 3 0x80004590 (0x008c91b3) x 3 0x00000000
core   0: 0x80004594 (0x03d53433) mulhu   s0, a0, t4
core   0: 3 0x80004594 (0x03d53433) x 8 0x00000000
core   0: 0x80004598 (0x01741463) bne     s0, s7, pc + 8
core   0: 3 0x80004598 (0x01741463)
core   0: 0x800045a0 (0x045f7263) bgeu    t5, t0, pc + 68
core   0: 3 0x800045a0 (0x045f7263)
core   0: 0x800045e4 (0xa100f413) andi    s0, ra, -1520
core   0: 3 0x800045e4 (0xa100f413) x 8 0x00040000
core   0: 0x800045e8 (0x021be8b3) rem     a7, s7, ra
core   0: 3 0x800045e8 (0x021be8b3) x17 0xffffffff
core   0: 0x800045ec (0x025e9e63) bne     t4, t0, pc + 60
core   0: 3 0x800045ec (0x025e9e63)
core   0: 0x80004628 (0x3a033693) sltiu   a3, t1, 928
core   0: 3 0x80004628 (0x3a033693) x13 0x00000001
core   0: 0x8000462c (0xd10ca2b7) lui     t0, 0xd10ca
core   0: 3 0x8000462c (0xd10ca2b7) x 5 0xd10ca000
core   0: 0x80004630 (0x00dc55b3) srl     a1, s8, a3
core   0: 3 0x80004630 (0x00dc55b3) x11 0x40014e72
core   0: 0x80004634 (0x03b09263) bne     ra, s11, pc + 36
core   0: 3 0x80004634 (0x03b09263)
core   0: 0x80004658 (0x00b3f233) and     tp, t2, a1
core   0: 3 0x80004658 (0x00b3f233) x 4 0x40000000
core   0: 0x8000465c (0x02abdeb3) divu    t4, s7, a0
core   0: 3 0x8000465c (0x02abdeb3) x29 0xffffffff
core   0: 0x80004660 (0x00f42f33) slt     t5, s0, a5
core   0: 3 0x80004660 (0x00f42f33) x30 0x00000000
core   0: 0x80004664 (0x404e5b33) sra     s6, t3, tp
core   0: 3 0x80004664 (0x404e5b33) x22 0xca627000
core   0: 0x80004668 (0x03615463) bge     sp, s6, pc + 40
core   0: 3 0x80004668 (0x03615463)
core   0: 0x80004690 (0x007bc9b3) xor     s3, s7, t2
core   0: 3 0x80004690 (0x007bc9b3) x19 0x158defff
core   0: 0x80004694 (0x0148be33) sltu    t3, a7, s4
core   0: 3 0x80004694 (0x0148be33) x28 0x00000000
core   0: 0x80004698 (0x02ed4133) div     sp, s10, a4
core   0: 3 0x80004698 (0x02ed4133) x 2 0x00000000
core   0: 0x8000469c (0x0372d333) divu    t1, t0, s7
core   0: 3 0x8000469c (0x0372d333) x 6 0x00000000
core   0: 0x800046a0 (0x01f1a4b3) slt     s1, gp, t6
core   0: 3 0x800046a0 (0x01f1a4b3) x 9 0x00000001
core   0: 0x800046a4 (0x02a6fcb3) remu    s9, a3, a0
core   0: 3 0x800046a4 (0x02a6fcb3) x25 0x00000000
core   0: 0x800046a8 (0x0535f863) bgeu    a1, s3, pc + 80
core   0: 3 0x800046a8 (0x0535f863)
core   0: 0x800046f8 (0x026f4063) blt     t5, t1, pc + 32
core   0: 3 0x800046f8 (0x026f4063)
core   0: 0x800046fc (0x01eecd33) xor     s10, t4, t5
core   0: 3 0x800046fc (0x01eecd33) x26 0xffffffff
core   0: 0x80004700 (0x01f0f663) bgeu    ra, t6, pc + 12
core   0: 3 0x80004700 (0x01f0f663)
core   0: 0x8000470c (0x0010b8b3) sltu    a7, ra, ra
core   0: 3 0x8000470c (0x0010b8b3) x17 0x00000000
core   0: 0x80004710 (0x03fbdeb3) divu    t4, s7, t6
core   0: 3 0x80004710 (0x03fbdeb3) x29 0xffffffff
core   0: 0x80004714 (0x00741463) bne     s0, t2, pc + 8
core   0: 3 0x80004714 (0x00741463)
core   0: 0x8000471c (0xdff4a413) slti    s0, s1, -513
core   0: 3 0x8000471c (0xdff4a413) x 8 0x00000000
core   0: 0x80004720 (0x01b8be33) sltu    t3, a7, s11
core   0: 3 0x80004720 (0x01b8be33) x28 0x00000001
core   0: 0x80004724 (0x018b5093) srli    ra, s6, 24
core   0: 3 0x80004724 (0x018b5093) x 1 0x000000ca
core   0: 0x80004728 (0x00fa4433) xor     s0, s4, a5
core   0: 3 0x80004728 (0x00fa4433) x 8 0xc8000000
core   0: 0x8000472c (0xa915f797) auipc   a5, 0xa915f
core   0: 3 0x8000472c (0xa915f797) x15 0x2916372c
core   0: 0x80004730 (0x025b5263) bge     s6, t0, pc + 36
core   0: 3 0x80004730 (0x025b5263)
core   0: 0x80004734 (0x4020db33) sra     s6, ra, sp
core   0: 3 0x80004734 (0x4020db33) x22 0x000000ca
core   0: 0x80004738 (0x0260fc63) bgeu    ra, t1, pc + 56
core   0: 3 0x80004738 (0x0260fc63)
core   0: 0x80004770 (0x96ab7493) andi    s1, s6, -1686
core   0: 3 0x80004770 (0x96ab7493) x 9 0x0000004a
core   0: 0x80004774 (0x030b57b3) divu    a5, s6, a6
core   0: 3 0x80004774 (0x030b57b3) x15 0x00000000
core   0: 0x80004778 (0x4007dcb3) sra     s9, a5, zero
core   0: 3 0x80004778 (0x4007dcb3) x25 0x00000000
core   0: 0x8000477c (0x42eb8493) addi    s1, s7, 1070
core   0: 3 0x8000477c (0x42eb8493) x 9 0x0000042d
core   0: 0x80004780 (0x58d9c513) xori    a0, s3, 1421
core   0: 3 0x80004780 (0x58d9c513) x10 0x158dea72
core   0: 0x80004784 (0xad936413) ori     s0, t1, -1319
core   0: 3 0x80004784 (0xad936413) x 8 0xfffffad9
core   0: 0x80004788 (0x0213df33) divu    t5, t2, ra
core   0: 3 0x80004788 (0x0213df33) x30 0x01291e7e
core   0: 0x8000478c (0x9368b237) lui     tp, 0x9368b
core   0: 3 0x8000478c (0x9368b237) x 4 0x9368b000
core   0: 0x80004790 (0x021e7863) bgeu    t3, ra, pc + 48
core   0: 3 0x80004790 (0x021e7863)
core   0: 0x80004794 (0x0255c7b3) div     a5, a1, t0
core   0: 3 0x80004794 (0x0255c7b3) x15 0xffffffff
core   0: 0x80004798 (0x0215fe63) bgeu    a1, ra, pc + 60
core   0: 3 0x80004798 (0x0215fe63)
core   0: 0x800047d4 (0x0391a033) mulhsu  zero, gp, s9
core   0: 3 0x800047d4 (0x0391a033)
core   0: 0x800047d8 (0x0375bcb3) mulhu   s9, a1, s7
core   0: 3 0x800047d8 (0x0375bcb3) x25 0x40014e71
core   0: 0x800047dc (0xc7e757b7) lui     a5, 0xc7e75
core   0: 3 0x800047dc (0xc7e757b7) x15 0xc7e75000
core   0: 0x800047e0 (0x020a5cb3) divu    s9, s4, zero
core   0: 3 0x800047e0 (0x020a5cb3) x25 0xffffffff
core   0: 0x800047e4 (0x01b3d663) bge     t2, s11, pc + 12
core   0: 3 0x800047e4 (0x01b3d663)
core   0: 0x800047e8 (0x011d1663) bne     s10, a7, pc + 12
core   0: 3 0x800047e8 (0x011d1663)
core   0: 0x800047f4 (0x742d3513) sltiu   a0, s10, 1858
core   0: 3 0x800047f4 (0x742d3513) x10 0x00000000
core   0: 0x800047f8 (0x028e98b3) mulh    a7, t4, s0
core   0: 3 0x800047f8 (0x028e98b3) x17 0x00000000
core   0: 0x800047fc (0x00d03533) snez    a0, a3
core   0: 3 0x800047fc (0x00d03533) x10 0x00000001
core   0: 0x80004800 (0x0186d463) bge     a3, s8, pc + 8
core   0: 3 0x80004800 (0x0186d463)
core   0: 0x80004808 (0x03b6f4b3) remu    s1, a3, s11
core   0: 3 0x80004808 (0x03b6f4b3) x 9 0x00000001
core   0: 0x8000480c (0x00000013) nop
core   0: 3 0x8000480c (0x00000013)
core   0: 0x80004810 (0x01444263) blt     s0, s4, pc + 4
core   0: 3 0x80004810 (0x01444263)
core   0: 0x80004814 (0xebd86193) ori     gp, a6, -323
core   0: 3 0x80004814 (0xebd86193) x 3 0xfffffefd
core   0: 0x80004818 (0x0043d463) bge     t2, tp, pc + 8
core   0: 3 0x80004818 (0x0043d463)
core   0: 0x80004820 (0x0072fbb3) and     s7, t0, t2
core   0: 3 0x80004820 (0x0072fbb3) x23 0xc0000000
core   0: 0x80004824 (0x03bd5333) divu    t1, s10, s11
core   0: 3 0x80004824 (0x03bd5333) x 6 0x0000187f
core   0: 0x80004828 (0x01f49013) slli    zero, s1, 31
core   0: 3 0x80004828 (0x01f49013)
core   0: 0x8000482c (0x41205b33) sra     s6, zero, s2
core   0: 3 0x8000482c (0x41205b33) x22 0x00000000
core   0: 0x80004830 (0x05776263) bltu    a4, s7, pc + 68
core   0: 3 0x80004830 (0x05776263)
core   0: 0x80004874 (0x402a0533) sub     a0, s4, sp
core   0: 3 0x80004874 (0x402a0533) x10 0xc8000000
core   0: 0x80004878 (0x0237a2b3) mulhsu  t0, a5, gp
core   0: 3 0x80004878 (0x0237a2b3) x 5 0xc7e75038
core   0: 0x8000487c (0x3fc00893) li      a7, 1020
core   0: 3 0x8000487c (0x3fc00893) x17 0x000003fc
core   0: 0x80004880 (0xed3ec293) xori    t0, t4, -301
core   0: 3 0x80004880 (0xed3ec293) x 5 0x0000012c
core   0: 0x80004884 (0x011cfab3) and     s5, s9, a7
core   0: 3 0x80004884 (0x011cfab3) x21 0x000003fc
core   0: 0x80004888 (0x023cbeb3) mulhu   t4, s9, gp
core   0: 3 0x80004888 (0x023cbeb3) x29 0xfffffefc
core   0: 0x8000488c (0x0503e663) bltu    t2, a6, pc + 76
core   0: 3 0x8000488c (0x0503e663)
core   0: 0x80004890 (0x03722733) mulhsu  a4, tp, s7
core   0: 3 0x80004890 (0x03722733) x14 0xae8e8400
core   0: 0x80004894 (0x03cf9e63) bne     t6, t3, pc + 60
core   0: 3 0x80004894 (0x03cf9e63)
core   0: 0x80004898 (0x01aed713) srli    a4, t4, 26
core   0: 3 0x80004898 (0x01aed713) x14 0x0000003f
core   0: 0x8000489c (0x037a8d33) mul     s10, s5, s7
core   0: 3 0x8000489c (0x037a8d33) x26 0x00000000
core   0: 0x800048a0 (0x0276bdb3) mulhu   s11, a3, t2
core   0: 3 0x800048a0 (0x0276bdb3) x27 0x00000000
core   0: 0x800048a4 (0xa563c913) xori    s2, t2, -1450
core   0: 3 0x800048a4 (0xa563c913) x18 0x158dea56
core   0: 0x800048a8 (0x0249d1b3) divu    gp, s3, tp
core   0: 3 0x800048a8 (0x0249d1b3) x 3 0x00000000
core   0: 0x800048ac (0x024c7db3) remu    s11, s8, tp
core   0: 3 0x800048ac (0x024c7db3) x27 0x80029ce4
core   0: 0x800048b0 (0x00377733) and     a4, a4, gp
core   0: 3 0x800048b0 (0x00377733) x14 0x00000000
core   0: 0x800048b4 (0x00000013) nop
core   0: 3 0x800048b4 (0x00000013)
core   0: 0x800048b8 (0x00199463) bne     s3, ra, pc + 8
core   0: 3 0x800048b8 (0x00199463)
core   0: 0x800048c0 (0x02da2eb3) mulhsu  t4, s4, a3
core   0: 3 0x800048c0 (0x02da2eb3) x29 0xffffffff
core   0: 0x800048c4 (0x40505b13) srai    s6, zero, 5
core   0: 3 0x800048c4 (0x40505b13) x22 0x00000000
core   0: 0x800048c8 (0x01721513) slli    a0, tp, 23
core   0: 3 0x800048c8 (0x01721513) x10 0x00000000
core   0: 0x800048cc (0xd63cb913) sltiu   s2, s9, -669
core   0: 3 0x800048cc (0xd63cb913) x18 0x00000000
core   0: 0x800048d0 (0x013e8263) beq     t4, s3, pc + 4
core   0: 3 0x800048d0 (0x013e8263)
core   0: 0x800048d4 (0x0329e3b3) rem     t2, s3, s2
core   0: 3 0x800048d4 (0x0329e3b3) x 7 0x158defff
core   0: 0x800048d8 (0x03502233) mulhsu  tp, zero, s5
core   0: 3 0x800048d8 (0x03502233) x 4 0x00000000
core   0: 0x800048dc (0x03eefd33) remu    s10, t4, t5
core   0: 3 0x800048dc (0x03eefd33) x26 0x00a9cbb7
core   0: 0x800048e0 (0x01a96b33) or      s6, s2, s10
core   0: 3 0x800048e0 (0x01a96b33) x22 0x00a9cbb7
core   0: 0x800048e4 (0x02730c63) beq     t1, t2, pc + 56
core   0: 3 0x800048e4 (0x02730c63)
core   0: 0x800048e8 (0x4e9c8517) auipc   a0, 0x4e9c8
core   0: 3 0x800048e8 (0x4e9c8517) x10 0xce9cc8e8
core   0: 0x800048ec (0x4087d9b3) sra     s3, a5, s0
core   0: 3 0x800048ec (0x4087d9b3) x19 0xffffffe3
core   0: 0x800048f0 (0x00099cb3) sll     s9, s3, zero
core   0: 3 0x800048f0 (0x00099cb3) x25 0xffffffe3
core   0: 0x800048f4 (0x40535b93) srai    s7, t1, 5
core   0: 3 0x800048f4 (0x40535b93) x23 0x000000c3
core   0: 0x800048f8 (0x017b2bb3) slt     s7, s6, s7
core   0: 3 0x800048f8 (0x017b2bb3) x23 0x00000000
core   0: 0x800048fc (0x03596d33) rem     s10, s2, s5
core   0: 3 0x800048fc (0x03596d33) x26 0x00000000
core   0: 0x80004900 (0x00f5dd33) srl     s10, a1, a5
core   0: 3 0x80004900 (0x00f5dd33) x26 0x40014e72
core   0: 0x80004904 (0x00000013) nop
core   0: 3 0x80004904 (0x00000013)
core   0: 0x80004908 (0xcbcd7f13) andi    t5, s10, -836
core   0: 3 0x80004908 (0xcbcd7f13) x30 0x40014c30
core   0: 0x8000490c (0x4159d0b3) sra     ra, s3, s5
core   0: 3 0x8000490c (0x4159d0b3) x 1 0xffffffff
core   0: 0x80004910 (0x00000013) nop
core   0: 3 0x80004910 (0x00000013)
core   0: 0x80004914 (0x00de8e33) add     t3, t4, a3
core   0: 3 0x80004914 (0x00de8e33) x28 0x00000000
core   0: 0x80004918 (0x03e586b3) mul     a3, a1, t5
core   0: 3 0x80004918 (0x03e586b3) x13 0x31fa8d60
core   0: 0x8000491c (0x03ba7a33) remu    s4, s4, s11
core   0: 3 0x8000491c (0x03ba7a33) x20 0x47fd631c
core   0: 0x80004920 (0x00a4c463) blt     s1, a0, pc + 8
core   0: 3 0x80004920 (0x00a4c463)
core   0: 0x80004924 (0x02179e63) bne     a5, ra, pc + 60
core   0: 3 0x80004924 (0x02179e63)
core   0: 0x80004960 (0x005f1f33) sll     t5, t5, t0
core   0: 3 0x80004960 (0x005f1f33) x30 0x14c30000
core   0: 0x80004964 (0x41db8db3) sub     s11, s7, t4
core   0: 3 0x80004964 (0x41db8db3) x27 0x00000001
core   0: 0x80004968 (0x01f8b133) sltu    sp, a7, t6
core   0: 3 0x80004968 (0x01f8b133) x 2 0x00000000
core   0: 0x8000496c (0x00b53fb3) sltu    t6, a0, a1
core   0: 3 0x8000496c (0x00b53fb3) x31 0x00000000
core   0: 0x80004970 (0xbfa9c293) xori    t0, s3, -1030
core   0: 3 0x80004970 (0xbfa9c293) x 5 0x00000419
core   0: 0x80004974 (0x00f05793) srli    a5, zero, 15
core   0: 3 0x80004974 (0x00f05793) x15 0x00000000
core   0: 0x80004978 (0x012af8b3) and     a7, s5, s2
core   0: 3 0x80004978 (0x012af8b3) x17 0x00000000
core   0: 0x8000497c (0x0169f3b3) and     t2, s3, s6
core   0: 3 0x8000497c (0x0169f3b3) x 7 0x00a9cba3
core   0: 0x80004980 (0x0033fdb3) and     s11, t2, gp
core   0: 3 0x80004980 (0x0033fdb3) x27 0x00000000
core   0: 0x80004984 (0x2eec7c93) andi    s9, s8, 750
core   0: 3 0x80004984 (0x2eec7c93) x25 0x000000e4
core   0: 0x80004988 (0x02727fb3) remu    t6, tp, t2
core   0: 3 0x80004988 (0x02727fb3) x31 0x00000000
core   0: 0x8000498c (0x02f08533) mul     a0, ra, a5
core   0: 3 0x8000498c (0x02f08533) x10 0x00000000
core   0: 0x80004990 (0x0368e063) bltu    a7, s6, pc + 32
core   0: 3 0x80004990 (0x0368e063)
core   0: 0x800049b0 (0xbee33d13) sltiu   s10, t1, -1042
core   0: 3 0x800049b0 (0xbee33d13) x26 0x00000001
core   0: 0x800049b4 (0x40d15893) srai    a7, sp, 13
core   0: 3 0x800049b4 (0x40d15893) x17 0x00000000
core   0: 0x800049b8 (0x00814a33) xor     s4, sp, s0
core   0: 3 0x800049b8 (0x00814a33) x20 0xfffffad9
core   0: 0x800049bc (0x0149d3b3) srl     t2, s3, s4
core   0: 3 0x800049bc (0x0149d3b3) x 7 0x0000007f
core   0: 0x800049c0 (0x03df0b33) mul     s6, t5, t4
core   0: 3 0x800049c0 (0x03df0b33) x22 0xeb3d0000
core   0: 0x800049c4 (0xd8474317) auipc   t1, 0xd8474
core   0: 3 0x800049c4 (0xd8474317) x 6 0x584789c4
core   0: 0x800049c8 (0x04164063) blt     a2, ra, pc + 64
core   0: 3 0x800049c8 (0x04164063)
core   0: 0x80004a08 (0x025af733) remu    a4, s5, t0
core   0: 3 0x80004a08 (0x025af733) x14 0x000003fc
core   0: 0x80004a0c (0x00000013) nop
core   0: 3 0x80004a0c (0x00000013)
core   0: 0x80004a10 (0x59976e17) auipc   t3, 0x59976
core   0: 3 0x80004a10 (0x59976e17) x28 0xd997aa10
core   0: 0x80004a14 (0x00b3d013) srli    zero, t2, 11
core   0: 3 0x80004a14 (0x00b3d013)
core   0: 0x80004a18 (0x022fbd33) mulhu   s10, t6, sp
core   0: 3 0x80004a18 (0x022fbd33) x26 0x00000000
core   0: 0x80004a1c (0x004afcb3) and     s9, s5, tp
core   0: 3 0x80004a1c (0x004afcb3) x25 0x00000000
core   0: 0x80004a20 (0x0370ddb3) divu    s11, ra, s7
core   0: 3 0x80004a20 (0x0370ddb3) x27 0xffffffff
core   0: 0x80004a24 (0x02b3cbb3) div     s7, t2, a1
core   0: 3 0x80004a24 (0x02b3cbb3) x23 0x00000000
core   0: 0x80004a28 (0x00a7f463) bgeu    a5, a0, pc + 8
core   0: 3 0x80004a28 (0x00a7f463)
core   0: 0x80004a30 (0x0061e7b3) or      a5, gp, t1
core   0: 3 0x80004a30 (0x0061e7b3) x15 0x584789c4
core   0: 0x80004a34 (0x036e4263) blt     t3, s6, pc + 36
core   0: 3 0x80004a34 (0x036e4263)
core   0: 0x80004a58 (0x00f0fcb3) and     s9, ra, a5
core   0: 3 0x80004a58 (0x00f0fcb3) x25 0x584789c4
core   0: 0x80004a5c (0x03eab3b3) mulhu   t2, s5, t5
core   0: 3 0x80004a5c (0x03eab3b3) x 7 0x00000052
core   0: 0x80004a60 (0x033d9463) bne     s11, s3, pc + 40
core   0: 3 0x80004a60 (0x033d9463)
core   0: 0x80004a88 (0x00399663) bne     s3, gp, pc + 12
core   0: 3 0x80004a88 (0x00399663)
core   0: 0x80004a94 (0x00ee1463) bne     t3, a4, pc + 8
core   0: 3 0x80004a94 (0x00ee1463)
core   0: 0x80004a9c (0x00000013) nop
core   0: 3 0x80004a9c (0x00000013)
core   0: 0x80004aa0 (0x004f3d33) sltu    s10, t5, tp
core   0: 3 0x80004aa0 (0x004f3d33) x26 0x00000000
core   0: 0x80004aa4 (0x197fa393) slti    t2, t6, 407
core   0: 3 0x80004aa4 (0x197fa393) x 7 0x00000001
core   0: 0x80004aa8 (0x023cc0b3) div     ra, s9, gp
core   0: 3 0x80004aa8 (0x023cc0b3) x 1 0xffffffff
core   0: 0x80004aac (0x030bf433) remu    s0, s7, a6
core   0: 3 0x80004aac (0x030bf433) x 8 0x00000000
core   0: 0x80004ab0 (0x00a441b3) xor     gp, s0, a0
core   0: 3 0x80004ab0 (0x00a441b3) x 3 0x00000000
core   0: 0x80004ab4 (0xdd1bee13) ori     t3, s7, -559
core   0: 3 0x80004ab4 (0xdd1bee13) x28 0xfffffdd1
core   0: 0x80004ab8 (0x020fe263) bltu    t6, zero, pc + 36
core   0: 3 0x80004ab8 (0x020fe263)
core   0: 0x80004abc (0x00fbe2b3) or      t0, s7, a5
core   0: 3 0x80004abc (0x00fbe2b3) x 5 0x584789c4
core   0: 0x80004ac0 (0x028112b3) mulh    t0, sp, s0
core   0: 3 0x80004ac0 (0x028112b3) x 5 0x00000000
core   0: 0x80004ac4 (0x01228333) add     t1, t0, s2
core   0: 3 0x80004ac4 (0x01228333) x 6 0x00000000
core   0: 0x80004ac8 (0xe059ef93) ori     t6, s3, -507
core   0: 3 0x80004ac8 (0xe059ef93) x31 0xffffffe7
core   0: 0x80004acc (0x00000013) nop
core   0: 3 0x80004acc (0x00000013)
core   0: 0x80004ad0 (0x007f21b3) slt     gp, t5, t2
core   0: 3 0x80004ad0 (0x007f21b3) x 3 0x00000000
core   0: 0x80004ad4 (0x47f72a93) slti    s5, a4, 1151
core   0: 3 0x80004ad4 (0x47f72a93) x21 0x00000001
core   0: 0x80004ad8 (0x00046333) or      t1, s0, zero
core   0: 3 0x80004ad8 (0x00046333) x 6 0x00000000
core   0: 0x80004adc (0xed85e393) ori     t2, a1, -296
core   0: 3 0x80004adc (0xed85e393) x 7 0xfffffefa
core   0: 0x80004ae0 (0x38c6ba93) sltiu   s5, a3, 908
core   0: 3 0x80004ae0 (0x38c6ba93) x21 0x00000000
core   0: 0x80004ae4 (0x0b5c9663) bne     s9, s5, pc + 172
core   0: 3 0x80004ae4 (0x0b5c9663)
core   0: 0x80004b90 (0x1b926093) ori     ra, tp, 441
core   0: 3 0x80004b90 (0x1b926093) x 1 0x000001b9
core   0: 0x80004b94 (0x0336deb3) divu    t4, a3, s3
core   0: 3 0x80004b94 (0x0336deb3) x29 0x00000000
core   0: 0x80004b98 (0x41590ab3) sub     s5, s2, s5
core   0: 3 0x80004b98 (0x41590ab3) x21 0x00000000
core   0: 0x80004b9c (0x8bcf0013) addi    zero, t5, -1860
core   0: 3 0x80004b9c (0x8bcf0013)
core   0: 0x80004ba0 (0x0394c933) div     s2, s1, s9
core   0: 3 0x80004ba0 (0x0394c933) x18 0x00000000
core   0: 0x80004ba4 (0x03d07033) remu    zero, zero, t4
core   0: 3 0x80004ba4 (0x03d07033)
core   0: 0x80004ba8 (0x411c5233) sra     tp, s8, a7
core   0: 3 0x80004ba8 (0x411c5233) x 4 0x80029ce4
core   0: 0x80004bac (0x006630b3) sltu    ra, a2, t1
core   0: 3 0x80004bac (0x006630b3) x 1 0x00000000
core   0: 0x80004bb0 (0x0335b733) mulhu   a4, a1, s3
core   0: 3 0x80004bb0 (0x0335b733) x14 0x40014e6a
core   0: 0x80004bb4 (0x01436bb3) or      s7, t1, s4
core   0: 3 0x80004bb4 (0x01436bb3) x23 0xfffffad9
core   0: 0x80004bb8 (0x1cb2f737) lui     a4, 0x1cb2f
core   0: 3 0x80004bb8 (0x1cb2f737) x14 0x1cb2f000
core   0: 0x80004bbc (0x0139a033) slt     zero, s3, s3
core   0: 3 0x80004bbc (0x0139a033)
core   0: 0x80004bc0 (0x0326f5b3) remu    a1, a3, s2
core   0: 3 0x80004bc0 (0x0326f5b3) x11 0x31fa8d60
core   0: 0x80004bc4 (0x02ab10b3) mulh    ra, s6, a0
core   0: 3 0x80004bc4 (0x02ab10b3) x 1 0x00000000
core   0: 0x80004bc8 (0x00bf4263) blt     t5, a1, pc + 4
core   0: 3 0x80004bc8 (0x00bf4263)
core   0: 0x80004bcc (0x0c49c793) xori    a5, s3, 196
core   0: 3 0x80004bcc (0x0c49c793) x15 0xffffff27
core   0: 0x80004bd0 (0x03d8eab3) rem     s5, a7, t4
core   0: 3 0x80004bd0 (0x03d8eab3) x21 0x00000000
core   0: 0x80004bd4 (0x02ee2f33) mulhsu  t5, t3, a4
core   0: 3 0x80004bd4 (0x02ee2f33) x30 0xffffffc1
core   0: 0x80004bd8 (0xc8d37b93) andi    s7, t1, -883
core   0: 3 0x80004bd8 (0xc8d37b93) x23 0x00000000
core   0: 0x80004bdc (0x001ed6b3) srl     a3, t4, ra
core   0: 3 0x80004bdc (0x001ed6b3) x13 0x00000000
core   0: 0x80004be0 (0x2c198e13) addi    t3, s3, 705
core   0: 3 0x80004be0 (0x2c198e13) x28 0x000002a4
core   0: 0x80004be4 (0x712ef193) andi    gp, t4, 1810
core   0: 3 0x80004be4 (0x712ef193) x 3 0x00000000
core   0: 0x80004be8 (0x00385c93) srli    s9, a6, 3
core   0: 3 0x80004be8 (0x00385c93) x25 0x10004bcc
core   0: 0x80004bec (0x40f3de33) sra     t3, t2, a5
core   0: 3 0x80004bec (0x40f3de33) x28 0xfffffffd
core   0: 0x80004bf0 (0x71b8f897) auipc   a7, 0x71b8f
core   0: 3 0x80004bf0 (0x71b8f897) x17 0xf1b93bf0
core   0: 0x80004bf4 (0x015e4eb3) xor     t4, t3, s5
core   0: 3 0x80004bf4 (0x015e4eb3) x29 0xfffffffd
core   0: 0x80004bf8 (0x01fdf6b3) and     a3, s11, t6
core   0: 3 0x80004bf8 (0x01fdf6b3) x13 0xffffffe7
core   0: 0x80004bfc (0x02644e33) div     t3, s0, t1
core   0: 3 0x80004bfc (0x02644e33) x28 0xffffffff
core   0: 0x80004c00 (0x41348933) sub     s2, s1, s3
core   0: 3 0x80004c00 (0x41348933) x18 0x0000001e
core   0: 0x80004c04 (0x03904433) div     s0, zero, s9
core   0: 3 0x80004c04 (0x03904433) x 8 0x00000000
core   0: 0x80004c08 (0x024ae6b3) rem     a3, s5, tp
core   0: 3 0x80004c08 (0x024ae6b3) x13 0x00000000
core   0: 0x80004c0c (0x006b0a33) add     s4, s6, t1
core   0: 3 0x80004c0c (0x006b0a33) x20 0xeb3d0000
core   0: 0x80004c10 (0x03daec63) bltu    s5, t4, pc + 56
core   0: 3 0x80004c10 (0x03daec63)
core   0: 0x80004c48 (0x40ebd413) srai    s0, s7, 14
core   0: 3 0x80004c48 (0x40ebd413) x 8 0x00000000
core   0: 0x80004c4c (0x0294d033) divu    zero, s1, s1
core   0: 3 0x80004c4c (0x0294d033)
core   0: 0x80004c50 (0x02ddae33) mulhsu  t3, s11, a3
core   0: 3 0x80004c50 (0x02ddae33) x28 0x00000000
core   0: 0x80004c54 (0x00dc2bb3) slt     s7, s8, a3
core   0: 3 0x80004c54 (0x00dc2bb3) x23 0x00000001
core   0: 0x80004c58 (0x6cd3a513) slti    a0, t2, 1741
core   0: 3 0x80004c58 (0x6cd3a513) x10 0x00000001
core   0: 0x80004c5c (0x01288263) beq     a7, s2, pc + 4
core   0: 3 0x80004c5c (0x01288263)
core   0: 0x80004c60 (0x47058b93) addi    s7, a1, 1136
core   0: 3 0x80004c60 (0x47058b93) x23 0x31fa91d0
core   0: 0x80004c64 (0x03e5c233) div     tp, a1, t5
core   0: 3 0x80004c64 (0x03e5c233) x 4 0xff34e971
core   0: 0x80004c68 (0x01f6deb3) srl     t4, a3, t6
core   0: 3 0x80004c68 (0x01f6deb3) x29 0x00000000
core   0: 0x80004c6c (0x9ed3b713) sltiu   a4, t2, -1555
core   0: 3 0x80004c6c (0x9ed3b713) x14 0x00000000
core   0: 0x80004c70 (0x00000013) nop
core   0: 3 0x80004c70 (0x00000013)
core   0: 0x80004c74 (0x005db233) sltu    tp, s11, t0
core   0: 3 0x80004c74 (0x005db233) x 4 0x00000000
core   0: 0x80004c78 (0x0509f063) bgeu    s3, a6, pc + 64
core   0: 3 0x80004c78 (0x0509f063)
core   0: 0x80004cb8 (0x00d81463) bne     a6, a3, pc + 8
core   0: 3 0x80004cb8 (0x00d81463)
core   0: 0x80004cc0 (0x01e858b3) srl     a7, a6, t5
core   0: 3 0x80004cc0 (0x01e858b3) x17 0x40012f32
core   0: 0x80004cc4 (0x01e4b7b3) sltu    a5, s1, t5
core   0: 3 0x80004cc4 (0x01e4b7b3) x15 0x00000001
core   0: 0x80004cc8 (0x0249c333) div     t1, s3, tp
core   0: 3 0x80004cc8 (0x0249c333) x 6 0xffffffff
core   0: 0x80004ccc (0x02e01033) mulh    zero, zero, a4
core   0: 3 0x80004ccc (0x02e01033)
core   0: 0x80004cd0 (0x0192e7b3) or      a5, t0, s9
core   0: 3 0x80004cd0 (0x0192e7b3) x15 0x10004bcc
core   0: 0x80004cd4 (0xa3510993) addi    s3, sp, -1483
core   0: 3 0x80004cd4 (0xa3510993) x19 0xfffffa35
core   0: 0x80004cd8 (0x002fdd33) srl     s10, t6, sp
core   0: 3 0x80004cd8 (0x002fdd33) x26 0xffffffe7
core   0: 0x80004cdc (0x0124ad33) slt     s10, s1, s2
core   0: 3 0x80004cdc (0x0124ad33) x26 0x00000001
core   0: 0x80004ce0 (0x02ca32b3) mulhu   t0, s4, a2
core   0: 3 0x80004ce0 (0x02ca32b3) x 5 0x759e8000
core   0: 0x80004ce4 (0x0444f663) bgeu    s1, tp, pc + 76
core   0: 3 0x80004ce4 (0x0444f663)
core   0: 0x80004d30 (0x03e28e63) beq     t0, t5, pc + 60
core   0: 3 0x80004d30 (0x03e28e63)
core   0: 0x80004d34 (0x03a11263) bne     sp, s10, pc + 36
core   0: 3 0x80004d34 (0x03a11263)
core   0: 0x80004d58 (0x4ce3fb13) andi    s6, t2, 1230
core   0: 3 0x80004d58 (0x4ce3fb13) x22 0x000004ca
core   0: 0x80004d5c (0x00000013) nop
core   0: 3 0x80004d5c (0x00000013)
core   0: 0x80004d60 (0x768c3f93) sltiu   t6, s8, 1896
core   0: 3 0x80004d60 (0x768c3f93) x31 0x00000000
core   0: 0x80004d64 (0x02e67f13) andi    t5, a2, 46
core   0: 3 0x80004d64 (0x02e67f13) x30 0x00000000
core   0: 0x80004d68 (0xf62af913) andi    s2, s5, -158
core   0: 3 0x80004d68 (0xf62af913) x18 0x00000000
core   0: 0x80004d6c (0x0316d6b3) divu    a3, a3, a7
core   0: 3 0x80004d6c (0x0316d6b3) x13 0x00000000
core   0: 0x80004d70 (0x02e64263) blt     a2, a4, pc + 36
core   0: 3 0x80004d70 (0x02e64263)
core   0: 0x80004d94 (0x02271e63) bne     a4, sp, pc + 60
core   0: 3 0x80004d94 (0x02271e63)
core   0: 0x80004d98 (0x054f4263) blt     t5, s4, pc + 68
core   0: 3 0x80004d98 (0x054f4263)
core   0: 0x80004d9c (0x570eaab7) lui     s5, 0x570ea
core   0: 3 0x80004d9c (0x570eaab7) x21 0x570ea000
core   0: 0x80004da0 (0x00c3df13) srli    t5, t2, 12
core   0: 3 0x80004da0 (0x00c3df13) x30 0x000fffff
core   0: 0x80004da4 (0x027a1d33) mulh    s10, s4, t2
core   0: 3 0x80004da4 (0x027a1d33) x26 0x00000015
core   0: 0x80004da8 (0x00bf9513) slli    a0, t6, 11
core   0: 3 0x80004da8 (0x00bf9513) x10 0x00000000
core   0: 0x80004dac (0x00f98a33) add     s4, s3, a5
core   0: 3 0x80004dac (0x00f98a33) x20 0x10004601
core   0: 0x80004db0 (0x032b8f33) mul     t5, s7, s2
core   0: 3 0x80004db0 (0x032b8f33) x30 0x00000000
core   0: 0x80004db4 (0x00939663) bne     t2, s1, pc + 12
core   0: 3 0x80004db4 (0x00939663)
core   0: 0x80004dc0 (0x0411f863) bgeu    gp, ra, pc + 80
core   0: 3 0x80004dc0 (0x0411f863)
core   0: 0x80004e10 (0x38b1a293) slti    t0, gp, 907
core   0: 3 0x80004e10 (0x38b1a293) x 5 0x00000001
core   0: 0x80004e14 (0x03461cb3) mulh    s9, a2, s4
core   0: 3 0x80004e14 (0x03461cb3) x25 0xf7ffdcff
core   0: 0x80004e18 (0x015b41b3) xor     gp, s6, s5
core   0: 3 0x80004e18 (0x015b41b3) x 3 0x570ea4ca
core   0: 0x80004e1c (0x0313efb3) rem     t6, t2, a7
core   0: 3 0x80004e1c (0x0313efb3) x31 0xfffffefa
core   0: 0x80004e20 (0x01a8c463) blt     a7, s10, pc + 8
core   0: 3 0x80004e20 (0x01a8c463)
core   0: 0x80004e24 (0xe429d0b7) lui     ra, 0xe429d
core   0: 3 0x80004e24 (0xe429d0b7) x 1 0xe429d000
core   0: 0x80004e28 (0x02e91e63) bne     s2, a4, pc + 60
core   0: 3 0x80004e28 (0x02e91e63)
core   0: 0x80004e2c (0xfba89697) auipc   a3, 0xfba89
core   0: 3 0x80004e2c (0xfba89697) x13 0x7ba8de2c
core   0: 0x80004e30 (0x00ca9f33) sll     t5, s5, a2
core   0: 3 0x80004e30 (0x00ca9f33) x30 0x570ea000
core   0: 0x80004e34 (0x0383e0b3) rem     ra, t2, s8
core   0: 3 0x80004e34 (0x0383e0b3) x 1 0xfffffefa
core   0: 0x80004e38 (0x402d8733) sub     a4, s11, sp
core   0: 3 0x80004e38 (0x402d8733) x14 0xffffffff
core   0: 0x80004e3c (0x02f4c463) blt     s1, a5, pc + 40
core   0: 3 0x80004e3c (0x02f4c463)
core   0: 0x80004e64 (0x006c0bb3) add     s7, s8, t1
core   0: 3 0x80004e64 (0x006c0bb3) x23 0x80029ce3
core   0: 0x80004e68 (0x01739093) slli    ra, t2, 23
core   0: 3 0x80004e68 (0x01739093) x 1 0x7d000000
core   0: 0x80004e6c (0x00785333) srl     t1, a6, t2
core   0: 3 0x80004e6c (0x00785333) x 6 0x00000020
core   0: 0x80004e70 (0x029a3d33) mulhu   s10, s4, s1
core   0: 3 0x80004e70 (0x029a3d33) x26 0x00000000
core   0: 0x80004e74 (0x013ee933) or      s2, t4, s3
core   0: 3 0x80004e74 (0x013ee933) x18 0xfffffa35
core   0: 0x80004e78 (0x00000013) nop
core   0: 3 0x80004e78 (0x00000013)
core   0: 0x80004e7c (0x85cba897) auipc   a7, 0x85cba
core   0: 3 0x80004e7c (0x85cba897) x17 0x05cbee7c
core   0: 0x80004e80 (0x0245ec63) bltu    a1, tp, pc + 56
core   0: 3 0x80004e80 (0x0245ec63)
core   0: 0x80004e84 (0x76fb8b13) addi    s6, s7, 1903
core   0: 3 0x80004e84 (0x76fb8b13) x22 0x8002a452
core   0: 0x80004e88 (0x00000013) nop
core   0: 3 0x80004e88 (0x00000013)
core   0: 0x80004e8c (0xd9260cb7) lui     s9, 0xd9260
core   0: 3 0x80004e8c (0xd9260cb7) x25 0xd9260000
core   0: 0x80004e90 (0x005a1f33) sll     t5, s4, t0
core   0: 3 0x80004e90 (0x005a1f33) x30 0x20008c02
core   0: 0x80004e94 (0x0188b533) sltu    a0, a7, s8
core   0: 3 0x80004e94 (0x0188b533) x10 0x00000001
core   0: 0x80004e98 (0x404cddb3) sra     s11, s9, tp
core   0: 3 0x80004e98 (0x404cddb3) x27 0xd9260000
core   0: 0x80004e9c (0x018b13b3) sll     t2, s6, s8
core   0: 3 0x80004e9c (0x018b13b3) x 7 0x002a4520
core   0: 0x80004ea0 (0x032be1b3) rem     gp, s7, s2
core   0: 3 0x80004ea0 (0x032be1b3) x 3 0xfffffbc8
core   0: 0x80004ea4 (0x2d7671b7) lui     gp, 0x2d767
core   0: 3 0x80004ea4 (0x2d7671b7) x 3 0x2d767000
core   0: 0x80004ea8 (0x1e4ca793) slti    a5, s9, 484
core   0: 3 0x80004ea8 (0x1e4ca793) x15 0x00000001
core   0: 0x80004eac (0xfe8f0893) addi    a7, t5, -24
core   0: 3 0x80004eac (0xfe8f0893) x17 0x20008bea
core   0: 0x80004eb0 (0x02ae1533) mulh    a0, t3, a0
core   0: 3 0x80004eb0 (0x02ae1533) x10 0x00000000
core   0: 0x80004eb4 (0x6c8f0313) addi    t1, t5, 1736
core   0: 3 0x80004eb4 (0x6c8f0313) x 6 0x200092ca
core   0: 0x80004eb8 (0x28ad4b13) xori    s6, s10, 650
core   0: 3 0x80004eb8 (0x28ad4b13) x22 0x0000028a
core   0: 0x80004ebc (0x030d9133) mulh    sp, s11, a6
core   0: 3 0x80004ebc (0x030d9133) x 2 0x136ca3f8
core   0: 0x80004ec0 (0x03d43033) mulhu   zero, s0, t4
core   0: 3 0x80004ec0 (0x03d43033)
core   0: 0x80004ec4 (0x01d91213) slli    tp, s2, 29
core   0: 3 0x80004ec4 (0x01d91213) x 4 0xa0000000
core   0: 0x80004ec8 (0x3e3c7313) andi    t1, s8, 995
core   0: 3 0x80004ec8 (0x3e3c7313) x 6 0x000000e0
core   0: 0x80004ecc (0x03b88733) mul     a4, a7, s11
core   0: 3 0x80004ecc (0x03b88733) x14 0x1ebc0000
core   0: 0x80004ed0 (0x02d9f033) remu    zero, s3, a3
core   0: 3 0x80004ed0 (0x02d9f033)
core   0: 0x80004ed4 (0x40c9dc93) srai    s9, s3, 12
core   0: 3 0x80004ed4 (0x40c9dc93) x25 0xffffffff
core   0: 0x80004ed8 (0x00000013) nop
core   0: 3 0x80004ed8 (0x00000013)
core   0: 0x80004edc (0x011fb733) sltu    a4, t6, a7
core   0: 3 0x80004edc (0x011fb733) x14 0x00000000
core   0: 0x80004ee0 (0x017240b3) xor     ra, tp, s7
core   0: 3 0x80004ee0 (0x017240b3) x 1 0x20029ce3
core   0: 0x80004ee4 (0x02c12d33) mulhsu  s10, sp, a2
core   0: 3 0x80004ee4 (0x02c12d33) x26 0x09b651fc
core   0: 0x80004ee8 (0x02458233) mul     tp, a1, tp
core   0: 3 0x80004ee8 (0x02458233) x 4 0x00000000
core   0: 0x80004eec (0x01fd3033) sltu    zero, s10, t6
core   0: 3 0x80004eec (0x01fd3033)
core   0: 0x80004ef0 (0x027246b3) div     a3, tp, t2
core   0: 3 0x80004ef0 (0x027246b3) x13 0x00000000
core   0: 0x80004ef4 (0xc6154913) xori    s2, a0, -927
core   0: 3 0x80004ef4 (0xc6154913) x18 0xfffffc61
core   0: 0x80004ef8 (0x02d74433) div     s0, a4, a3
core   0: 3 0x80004ef8 (0x02d74433) x 8 0xffffffff
core   0: 0x80004efc (0x02d15063) bge     sp, a3, pc + 32
core   0: 3 0x80004efc (0x02d15063)
core   0: 0x80004f1c (0x01d26f33) or      t5, tp, t4
core   0: 3 0x80004f1c (0x01d26f33) x30 0x00000000
core   0: 0x80004f20 (0x40f9d693) srai    a3, s3, 15
core   0: 3 0x80004f20 (0x40f9d693) x13 0xffffffff
core   0: 0x80004f24 (0x005dd293) srli    t0, s11, 5
core   0: 3 0x80004f24 (0x005dd293) x 5 0x06c93000
core   0: 0x80004f28 (0x00000013) nop
core   0: 3 0x80004f28 (0x00000013)
core   0: 0x80004f2c (0x01f21263) bne     tp, t6, pc + 4
core   0: 3 0x80004f2c (0x01f21263)
core   0: 0x80004f30 (0x64bf8693) addi    a3, t6, 1611
core   0: 3 0x80004f30 (0x64bf8693) x13 0x00000545
core   0: 0x80004f34 (0x0368d233) divu    tp, a7, s6
core   0: 3 0x80004f34 (0x0368d233) x 4 0x000c9a9a
core   0: 0x80004f38 (0x07e07d93) andi    s11, zero, 126
core   0: 3 0x80004f38 (0x07e07d93) x27 0x00000000
core   0: 0x80004f3c (0x0218c0b3) div     ra, a7, ra
core   0: 3 0x80004f3c (0x0218c0b3) x 1 0x00000000
core   0: 0x80004f40 (0x01aed463) bge     t4, s10, pc + 8
core   0: 3 0x80004f40 (0x01aed463)
core   0: 0x80004f44 (0x035c2933) mulhsu  s2, s8, s5
core   0: 3 0x80004f44 (0x035c2933) x18 0xd4799377
core   0: 0x80004f48 (0x00000013) nop
core   0: 3 0x80004f48 (0x00000013)
core   0: 0x80004f4c (0x009b9993) slli    s3, s7, 9
core   0: 3 0x80004f4c (0x009b9993) x19 0x0539c600
core   0: 0x80004f50 (0x12cace93) xori    t4, s5, 300
core   0: 3 0x80004f50 (0x12cace93) x29 0x570ea12c
core   0: 0x80004f54 (0x03f593b3) mulh    t2, a1, t6
core   0: 3 0x80004f54 (0x03f593b3) x 7 0xffffffcc
core   0: 0x80004f58 (0x01506e33) or      t3, zero, s5
core   0: 3 0x80004f58 (0x01506e33) x28 0x570ea000
core   0: 0x80004f5c (0x005a69b3) or      s3, s4, t0
core   0: 3 0x80004f5c (0x005a69b3) x19 0x16c97601
core   0: 0x80004f60 (0x46a4fe13) andi    t3, s1, 1130
core   0: 3 0x80004f60 (0x46a4fe13) x28 0x00000000
core   0: 0x80004f64 (0x05bce063) bltu    s9, s11, pc + 64
core   0: 3 0x80004f64 (0x05bce063)
core   0: 0x80004f68 (0x00ea34b3) sltu    s1, s4, a4
core   0: 3 0x80004f68 (0x00ea34b3) x 9 0x00000000
core   0: 0x80004f6c (0x01f8dbb3) srl     s7, a7, t6
core   0: 3 0x80004f6c (0x01f8dbb3) x23 0x00000008
core   0: 0x80004f70 (0x02cc7a33) remu    s4, s8, a2
core   0: 3 0x80004f70 (0x02cc7a33) x20 0x00029ce4
core   0: 0x80004f74 (0x01fc62b3) or      t0, s8, t6
core   0: 3 0x80004f74 (0x01fc62b3) x 5 0xfffffefe
core   0: 0x80004f78 (0x025f4d33) div     s10, t5, t0
core   0: 3 0x80004f78 (0x025f4d33) x26 0x00000000
core   0: 0x80004f7c (0x5da7ed13) ori     s10, a5, 1498
core   0: 3 0x80004f7c (0x5da7ed13) x26 0x000005db
core   0: 0x80004f80 (0x01de8663) beq     t4, t4, pc + 12
core   0: 3 0x80004f80 (0x01de8663)
core   0: 0x80004f8c (0x00be8463) beq     t4, a1, pc + 8
core   0: 3 0x80004f8c (0x00be8463)
core   0: 0x80004f90 (0x011e7cb3) and     s9, t3, a7
core   0: 3 0x80004f90 (0x011e7cb3) x25 0x00000000
core   0: 0x80004f94 (0x41115413) srai    s0, sp, 17
core   0: 3 0x80004f94 (0x41115413) x 8 0x000009b6
core   0: 0x80004f98 (0x505acf13) xori    t5, s5, 1285
core   0: 3 0x80004f98 (0x505acf13) x30 0x570ea505
core   0: 0x80004f9c (0xa1ef2493) slti    s1, t5, -1506
core   0: 3 0x80004f9c (0xa1ef2493) x 9 0x00000000
core   0: 0x80004fa0 (0xb7eacf17) auipc   t5, 0xb7eac
core   0: 3 0x80004fa0 (0xb7eacf17) x30 0x37eb0fa0
core   0: 0x80004fa4 (0x00000013) nop
core   0: 3 0x80004fa4 (0x00000013)
core   0: 0x80004fa8 (0x03ee25b3) mulhsu  a1, t3, t5
core   0: 3 0x80004fa8 (0x03ee25b3) x11 0x00000000
core   0: 0x80004fac (0x00d84db3) xor     s11, a6, a3
core   0: 3 0x80004fac (0x00d84db3) x27 0x80025b21
core   0: 0x80004fb0 (0x02ec8ab3) mul     s5, s9, a4
core   0: 3 0x80004fb0 (0x02ec8ab3) x21 0x00000000
core   0: 0x80004fb4 (0x02a64263) blt     a2, a0, pc + 36
core   0: 3 0x80004fb4 (0x02a64263)
core   0: 0x80004fd8 (0x034180b3) mul     ra, gp, s4
core   0: 3 0x80004fd8 (0x034180b3) x 1 0x89bbc000
core   0: 0x80004fdc (0x00000013) nop
core   0: 3 0x80004fdc (0x00000013)
core   0: 0x80004fe0 (0x041c9663) bne     s9, ra, pc + 76
core   0: 3 0x80004fe0 (0x041c9663)
core   0: 0x8000502c (0x0063d493) srli    s1, t2, 6
core   0: 3 0x8000502c (0x0063d493) x 9 0x03ffffff
core   0: 0x80005030 (0x00d19793) slli    a5, gp, 13
core   0: 3 0x80005030 (0x00d19793) x15 0xce000000
core   0: 0x80005034 (0x41f650b3) sra     ra, a2, t6
core   0: 3 0x80005034 (0x41f650b3) x 1 0xffffffe0
core   0: 0x80005038 (0x48f38917) auipc   s2, 0x48f38
core   0: 3 0x80005038 (0x48f38917) x18 0xc8f3d038
core   0: 0x8000503c (0x00a1ccb3) xor     s9, gp, a0
core   0: 3 0x8000503c (0x00a1ccb3) x25 0x2d767000
core   0: 0x80005040 (0x409d8db3) sub     s11, s11, s1
core   0: 3 0x80005040 (0x409d8db3) x27 0x7c025b22
core   0: 0x80005044 (0x00b0dc93) srli    s9, ra, 11
core   0: 3 0x80005044 (0x00b0dc93) x25 0x001fffff
core   0: 0x80005048 (0x784d0e93) addi    t4, s10, 1924
core   0: 3 0x80005048 (0x784d0e93) x29 0x00000d5f
core   0: 0x8000504c (0x000f3db3) sltu    s11, t5, zero
core   0: 3 0x8000504c (0x000f3db3) x27 0x00000000
core   0: 0x80005050 (0x006d1793) slli    a5, s10, 6
core   0: 3 0x80005050 (0x006d1793) x15 0x000176c0
core   0: 0x80005054 (0x01ded933) srl     s2, t4, t4
core   0: 3 0x80005054 (0x01ded933) x18 0x00000000
core   0: 0x80005058 (0x02015263) bgez    sp, pc + 36
core   0: 3 0x80005058 (0x02015263)
core   0: 0x8000507c (0x02ac3333) mulhu   t1, s8, a0
core   0: 3 0x8000507c (0x02ac3333) x 6 0x00000000
core   0: 0x80005080 (0x03b8eb33) rem     s6, a7, s11
core   0: 3 0x80005080 (0x03b8eb33) x22 0x20008bea
core   0: 0x80005084 (0x010e1033) sll     zero, t3, a6
core   0: 3 0x80005084 (0x010e1033)
core   0: 0x80005088 (0x41a0d933) sra     s2, ra, s10
core   0: 3 0x80005088 (0x41a0d933) x18 0xffffffff
core   0: 0x8000508c (0xa9430d13) addi    s10, t1, -1388
core   0: 3 0x8000508c (0xa9430d13) x26 0xfffffa94
core   0: 0x80005090 (0xbe1b7cb7) lui     s9, 0xbe1b7
core   0: 3 0x80005090 (0xbe1b7cb7) x25 0xbe1b7000
core   0: 0x80005094 (0x21181ab7) lui     s5, 0x21181
core   0: 3 0x80005094 (0x21181ab7) x21 0x21181000
core   0: 0x80005098 (0x017a3533) sltu    a0, s4, s7
core   0: 3 0x80005098 (0x017a3533) x10 0x00000000
core   0: 0x8000509c (0x012db533) sltu    a0, s11, s2
core   0: 3 0x8000509c (0x012db533) x10 0x00000001
core   0: 0x800050a0 (0x015d69b3) or      s3, s10, s5
core   0: 3 0x800050a0 (0x015d69b3) x19 0xfffffa94
core   0: 0x800050a4 (0x0653ef93) ori     t6, t2, 101
core   0: 3 0x800050a4 (0x0653ef93) x31 0xffffffed
core   0: 0x800050a8 (0xf6b6e493) ori     s1, a3, -149
core   0: 3 0x800050a8 (0xf6b6e493) x 9 0xffffff6f
core   0: 0x800050ac (0x3ed3ca13) xori    s4, t2, 1005
core   0: 3 0x800050ac (0x3ed3ca13) x20 0xfffffc21
core   0: 0x800050b0 (0x404c03b3) sub     t2, s8, tp
core   0: 3 0x800050b0 (0x404c03b3) x 7 0x7ff6024a
core   0: 0x800050b4 (0x019691b3) sll     gp, a3, s9
core   0: 3 0x800050b4 (0x019691b3) x 3 0x00000545
core   0: 0x800050b8 (0x00711793) slli    a5, sp, 7
core   0: 3 0x800050b8 (0x00711793) x15 0xb651fc00
core   0: 0x800050bc (0x034da5b3) mulhsu  a1, s11, s4
core   0: 3 0x800050bc (0x034da5b3) x11 0x00000000
core   0: 0x800050c0 (0x03515e33) divu    t3, sp, s5
core   0: 3 0x800050c0 (0x03515e33) x28 0x00000000
core   0: 0x800050c4 (0x0190d193) srli    gp, ra, 25
core   0: 3 0x800050c4 (0x0190d193) x 3 0x0000007f
core   0: 0x800050c8 (0x01e5a533) slt     a0, a1, t5
core   0: 3 0x800050c8 (0x01e5a533) x10 0x00000001
core   0: 0x800050cc (0x4054d693) srai    a3, s1, 5
core   0: 3 0x800050cc (0x4054d693) x13 0xfffffffb
core   0: 0x800050d0 (0x864b3e13) sltiu   t3, s6, -1948
core   0: 3 0x800050d0 (0x864b3e13) x28 0x00000001
core   0: 0x800050d4 (0x015ea8b3) slt     a7, t4, s5
core   0: 3 0x800050d4 (0x015ea8b3) x17 0x00000001
core   0: 0x800050d8 (0x038b8e63) beq     s7, s8, pc + 60
core   0: 3 0x800050d8 (0x038b8e63)
core   0: 0x800050dc (0x00cf3cb3) sltu    s9, t5, a2
core   0: 3 0x800050dc (0x00cf3cb3) x25 0x00000001
core   0: 0x800050e0 (0xe677ed13) ori     s10, a5, -409
core   0: 3 0x800050e0 (0xe677ed13) x26 0xfffffe67
core   0: 0x800050e4 (0x01534cb3) xor     s9, t1, s5
core   0: 3 0x800050e4 (0x01534cb3) x25 0x21181000
core   0: 0x800050e8 (0x02451263) bne     a0, tp, pc + 36
core   0: 3 0x800050e8 (0x02451263)
core   0: 0x8000510c (0x000781b3) add     gp, a5, zero
core   0: 3 0x8000510c (0x000781b3) x 3 0xb651fc00
core   0: 0x80005110 (0x03507a63) bgeu    zero, s5, pc + 52
core   0: 3 0x80005110 (0x03507a63)
core   0: 0x80005114 (0x0028f3b3) and     t2, a7, sp
core   0: 3 0x80005114 (0x0028f3b3) x 7 0x00000000
core   0: 0x80005118 (0x00b65413) srli    s0, a2, 11
core   0: 3 0x80005118 (0x00b65413) x 8 0x00100000
core   0: 0x8000511c (0x024f6ab3) rem     s5, t5, tp
core   0: 3 0x8000511c (0x024f6ab3) x21 0x00099eda
core   0: 0x80005120 (0x02ab9f33) mulh    t5, s7, a0
core   0: 3 0x80005120 (0x02ab9f33) x30 0x00000000
core   0: 0x80005124 (0x023c7263) bgeu    s8, gp, pc + 36
core   0: 3 0x80005124 (0x023c7263)
core   0: 0x80005128 (0x02396433) rem     s0, s2, gp
core   0: 3 0x80005128 (0x02396433) x 8 0xffffffff
core   0: 0x8000512c (0x00f573b3) and     t2, a0, a5
core   0: 3 0x8000512c (0x00f573b3) x 7 0x00000000
core   0: 0x80005130 (0x01de8463) beq     t4, t4, pc + 8
core   0: 3 0x80005130 (0x01de8463)
core   0: 0x80005138 (0x4028d8b3) sra     a7, a7, sp
core   0: 3 0x80005138 (0x4028d8b3) x17 0x00000000
core   0: 0x8000513c (0x41085793) srai    a5, a6, 16
core   0: 3 0x8000513c (0x41085793) x15 0xffff8002
core   0: 0x80005140 (0x00d0aeb3) slt     t4, ra, a3
core   0: 3 0x80005140 (0x00d0aeb3) x29 0x00000001
core   0: 0x80005144 (0x00351463) bne     a0, gp, pc + 8
core   0: 3 0x80005144 (0x00351463)
core   0: 0x8000514c (0x02be3cb3) mulhu   s9, t3, a1
core   0: 3 0x8000514c (0x02be3cb3) x25 0x00000000
core   0: 0x80005150 (0x00a75113) srli    sp, a4, 10
core   0: 3 0x80005150 (0x00a75113) x 2 0x00000000
core   0: 0x80005154 (0x00322e33) slt     t3, tp, gp
core   0: 3 0x80005154 (0x00322e33) x28 0x00000000
core   0: 0x80005158 (0x00000013) nop
core   0: 3 0x80005158 (0x00000013)
core   0: 0x8000515c (0x02db72b3) remu    t0, s6, a3
core   0: 3 0x8000515c (0x02db72b3) x 5 0x20008bea
core   0: 0x80005160 (0x41cf03b3) sub     t2, t5, t3
core   0: 3 0x80005160 (0x41cf03b3) x 7 0x00000000
core   0: 0x80005164 (0x011fffb3) and     t6, t6, a7
core   0: 3 0x80005164 (0x011fffb3) x31 0x00000000
core   0: 0x80005168 (0x02a17263) bgeu    sp, a0, pc + 36
core   0: 3 0x80005168 (0x02a17263)
core   0: 0x8000516c (0x37356013) ori     zero, a0, 883
core   0: 3 0x8000516c (0x37356013)
core   0: 0x80005170 (0x01552ab3) slt     s5, a0, s5
core   0: 3 0x80005170 (0x01552ab3) x21 0x00000001
core   0: 0x80005174 (0x00e36463) bltu    t1, a4, pc + 8
core   0: 3 0x80005174 (0x00e36463)
core   0: 0x80005178 (0x40958db3) sub     s11, a1, s1
core   0: 3 0x80005178 (0x40958db3) x27 0x00000091
core   0: 0x8000517c (0xecd77e17) auipc   t3, 0xecd77
core   0: 3 0x8000517c (0xecd77e17) x28 0x6cd7c17c
core   0: 0x80005180 (0x0032d463) bge     t0, gp, pc + 8
core   0: 3 0x80005180 (0x0032d463)
core   0: 0x80005188 (0x0355d0b3) divu    ra, a1, s5
core   0: 3 0x80005188 (0x0355d0b3) x 1 0x00000000
core   0: 0x8000518c (0x00f97fb3) and     t6, s2, a5
core   0: 3 0x8000518c (0x00f97fb3) x31 0xffff8002
core   0: 0x80005190 (0x036f4233) div     tp, t5, s6
core   0: 3 0x80005190 (0x036f4233) x 4 0x00000000
core   0: 0x80005194 (0x035930b3) mulhu   ra, s2, s5
core   0: 3 0x80005194 (0x035930b3) x 1 0x00000000
core   0: 0x80005198 (0xe739c717) auipc   a4, 0xe739c
core   0: 3 0x80005198 (0xe739c717) x14 0x673a1198
core   0: 0x8000519c (0x020acc63) bltz    s5, pc + 56
core   0: 3 0x8000519c (0x020acc63)
core   0: 0x800051a0 (0x377a0893) addi    a7, s4, 887
core   0: 3 0x800051a0 (0x377a0893) x17 0xffffff98
core   0: 0x800051a4 (0xda58ca13) xori    s4, a7, -603
core   0: 3 0x800051a4 (0xda58ca13) x20 0x0000023d
core   0: 0x800051a8 (0x65a06513) ori     a0, zero, 1626
core   0: 3 0x800051a8 (0x65a06513) x10 0x0000065a
core   0: 0x800051ac (0x011dcc63) blt     s11, a7, pc + 24
core   0: 3 0x800051ac (0x011dcc63)
core   0: 0x800051b0 (0x41d4df93) srai    t6, s1, 29
core   0: 3 0x800051b0 (0x41d4df93) x31 0xffffffff
core   0: 0x800051b4 (0x03560e63) beq     a2, s5, pc + 60
core   0: 3 0x800051b4 (0x03560e63)
core   0: 0x800051b8 (0x013d9693) slli    a3, s11, 19
core   0: 3 0x800051b8 (0x013d9693) x13 0x04880000
core   0: 0x800051bc (0x410c5b93) srai    s7, s8, 16
core   0: 3 0x800051bc (0x410c5b93) x23 0xffff8002
core   0: 0x800051c0 (0xbdb3f593) andi    a1, t2, -1061
core   0: 3 0x800051c0 (0xbdb3f593) x11 0x00000000
core   0: 0x800051c4 (0x00000013) nop
core   0: 3 0x800051c4 (0x00000013)
core   0: 0x800051c8 (0x4199d333) sra     t1, s3, s9
core   0: 3 0x800051c8 (0x4199d333) x 6 0xfffffa94
core   0: 0x800051cc (0x008fc933) xor     s2, t6, s0
core   0: 3 0x800051cc (0x008fc933) x18 0x00000000
core   0: 0x800051d0 (0x055fd463) bge     t6, s5, pc + 72
core   0: 3 0x800051d0 (0x055fd463)
core   0: 0x800051d4 (0x01ccb793) sltiu   a5, s9, 28
core   0: 3 0x800051d4 (0x01ccb793) x15 0x00000001
core   0: 0x800051d8 (0x03d88033) mul     zero, a7, t4
core   0: 3 0x800051d8 (0x03d88033)
core   0: 0x800051dc (0x264f3f13) sltiu   t5, t5, 612
core   0: 3 0x800051dc (0x264f3f13) x30 0x00000001
core   0: 0x800051e0 (0x1e80af93) slti    t6, ra, 488
core   0: 3 0x800051e0 (0x1e80af93) x31 0x00000001
core   0: 0x800051e4 (0x03920f33) mul     t5, tp, s9
core   0: 3 0x800051e4 (0x03920f33) x30 0x00000000
core   0: 0x800051e8 (0x01ab1213) slli    tp, s6, 26
core   0: 3 0x800051e8 (0x01ab1213) x 4 0xa8000000
core   0: 0x800051ec (0x411cd133) sra     sp, s9, a7
core   0: 3 0x800051ec (0x411cd133) x 2 0x00000000
core   0: 0x800051f0 (0x037ffab3) remu    s5, t6, s7
core   0: 3 0x800051f0 (0x037ffab3) x21 0x00000001
core   0: 0x800051f4 (0x02ea1433) mulh    s0, s4, a4
core   0: 3 0x800051f4 (0x02ea1433) x 8 0x000000e7
core   0: 0x800051f8 (0x03f48a33) mul     s4, s1, t6
core   0: 3 0x800051f8 (0x03f48a33) x20 0xffffff6f
core   0: 0x800051fc (0x02cb4433) div     s0, s6, a2
core   0: 3 0x800051fc (0x02cb4433) x 8 0x00000000
core   0: 0x80005200 (0x02ff8d33) mul     s10, t6, a5
core   0: 3 0x80005200 (0x02ff8d33) x26 0x00000001
core   0: 0x80005204 (0x025cecb3) rem     s9, s9, t0
core   0: 3 0x80005204 (0x025cecb3) x25 0x00000000
core   0: 0x80005208 (0x01f0e6b3) or      a3, ra, t6
core   0: 3 0x80005208 (0x01f0e6b3) x13 0x00000001
core   0: 0x8000520c (0x01b01263) bne     zero, s11, pc + 4
core   0: 3 0x8000520c (0x01b01263)
core   0: 0x80005210 (0x034570b3) remu    ra, a0, s4
core   0: 3 0x80005210 (0x034570b3) x 1 0x0000065a
core   0: 0x80005214 (0x41d2d713) srai    a4, t0, 29
core   0: 3 0x80005214 (0x41d2d713) x14 0x00000001
core   0: 0x80005218 (0x00171593) slli    a1, a4, 1
core   0: 3 0x80005218 (0x00171593) x11 0x00000002
core   0: 0x8000521c (0x20c91e37) lui     t3, 0x20c91
core   0: 3 0x8000521c (0x20c91e37) x28 0x20c91000
core   0: 0x80005220 (0x00f1d393) srli    t2, gp, 15
core   0: 3 0x80005220 (0x00f1d393) x 7 0x00016ca3
core   0: 0x80005224 (0x4162d333) sra     t1, t0, s6
core   0: 3 0x80005224 (0x4162d333) x 6 0x00080022
core   0: 0x80005228 (0x04540263) beq     s0, t0, pc + 68
core   0: 3 0x80005228 (0x04540263)
core   0: 0x8000522c (0xdeb36e13) ori     t3, t1, -533
core   0: 3 0x8000522c (0xdeb36e13) x28 0xfffffdeb
core   0: 0x80005230 (0x0177f463) bgeu    a5, s7, pc + 8
core   0: 3 0x80005230 (0x0177f463)
core   0: 0x80005234 (0x03b00e63) beq     zero, s11, pc + 60
core   0: 3 0x80005234 (0x03b00e63)
core   0: 0x80005238 (0x00d80b33) add     s6, a6, a3
core   0: 3 0x80005238 (0x00d80b33) x22 0x80025e65
core   0: 0x8000523c (0x00d75093) srli    ra, a4, 13
core   0: 3 0x8000523c (0x00d75093) x 1 0x00000000
core   0: 0x80005240 (0x028e15b3) mulh    a1, t3, s0
core   0: 3 0x80005240 (0x028e15b3) x11 0x00000000
core   0: 0x80005244 (0x036bd333) divu    t1, s7, s6
core   0: 3 0x80005244 (0x036bd333) x 6 0x00000001
core   0: 0x80005248 (0x97aaf313) andi    t1, s5, -1670
core   0: 3 0x80005248 (0x97aaf313) x 6 0x00000000
core   0: 0x8000524c (0x016d9213) slli    tp, s11, 22
core   0: 3 0x8000524c (0x016d9213) x 4 0x24400000
core   0: 0x80005250 (0x0002fd33) and     s10, t0, zero
core   0: 3 0x80005250 (0x0002fd33) x26 0x00000000
core   0: 0x80005254 (0x0153e263) bltu    t2, s5, pc + 4
core   0: 3 0x80005254 (0x0153e263)
core   0: 0x80005258 (0x26fdbf93) sltiu   t6, s11, 623
core   0: 3 0x80005258 (0x26fdbf93) x31 0x00000001
core   0: 0x8000525c (0x47d71cb7) lui     s9, 0x47d71
core   0: 3 0x8000525c (0x47d71cb7) x25 0x47d71000
core   0: 0x80005260 (0x403b50b3) sra     ra, s6, gp
core   0: 3 0x80005260 (0x403b50b3) x 1 0x80025e65
core   0: 0x80005264 (0x00a84333) xor     t1, a6, a0
core   0: 3 0x80005264 (0x00a84333) x 6 0x8002583e
core   0: 0x80005268 (0x2b348a93) addi    s5, s1, 691
core   0: 3 0x80005268 (0x2b348a93) x21 0x00000222
core   0: 0x8000526c (0x0024fcb3) and     s9, s1, sp
core   0: 3 0x8000526c (0x0024fcb3) x25 0x00000000
core   0: 0x80005270 (0x00df1293) slli    t0, t5, 13
core   0: 3 0x80005270 (0x00df1293) x 5 0x00000000
core   0: 0x80005274 (0x012fd8b3) srl     a7, t6, s2
core   0: 3 0x80005274 (0x012fd8b3) x17 0x00000001
core   0: 0x80005278 (0x00680fb3) add     t6, a6, t1
core   0: 3 0x80005278 (0x00680fb3) x31 0x0004b6a2
core   0: 0x8000527c (0x1c410113) addi    sp, sp, 452
core   0: 3 0x8000527c (0x1c410113) x 2 0x000001c4
core   0: 0x80005280 (0xe6bcba93) sltiu   s5, s9, -405
core   0: 3 0x80005280 (0xe6bcba93) x21 0x00000001
core   0: 0x80005284 (0x00159663) bne     a1, ra, pc + 12
core   0: 3 0x80005284 (0x00159663)
core   0: 0x80005290 (0x00000013) nop
core   0: 3 0x80005290 (0x00000013)
core   0: 0x80005294 (0x05351063) bne     a0, s3, pc + 64
core   0: 3 0x80005294 (0x05351063)
core   0: 0x800052d4 (0xc6588d93) addi    s11, a7, -923
core   0: 3 0x800052d4 (0xc6588d93) x27 0xfffffc66
core   0: 0x800052d8 (0x010759b3) srl     s3, a4, a6
core   0: 3 0x800052d8 (0x010759b3) x19 0x00000000
core   0: 0x800052dc (0x00000013) nop
core   0: 3 0x800052dc (0x00000013)
core   0: 0x800052e0 (0x40585c93) srai    s9, a6, 5
core   0: 3 0x800052e0 (0x40585c93) x25 0xfc0012f3
core   0: 0x800052e4 (0x02ce42b3) div     t0, t3, a2
core   0: 3 0x800052e4 (0x02ce42b3) x 5 0x00000000
core   0: 0x800052e8 (0x4007d113) srai    sp, a5, 0
core   0: 3 0x800052e8 (0x4007d113) x 2 0x00000001
core   0: 0x800052ec (0x02891e63) bne     s2, s0, pc + 60
core   0: 3 0x800052ec (0x02891e63)
core   0: 0x800052f0 (0x02df4cb3) div     s9, t5, a3
core   0: 3 0x800052f0 (0x02df4cb3) x25 0x00000000
core   0: 0x800052f4 (0xde806e97) auipc   t4, 0xde806
core   0: 3 0x800052f4 (0xde806e97) x29 0x5e80b2f4
core   0: 0x800052f8 (0x02331cb3) mulh    s9, t1, gp
core   0: 3 0x800052f8 (0x02331cb3) x25 0x24d6553e
core   0: 0x800052fc (0x007a09b3) add     s3, s4, t2
core   0: 3 0x800052fc (0x007a09b3) x19 0x00016c12
core   0: 0x80005300 (0x41b4de33) sra     t3, s1, s11
core   0: 3 0x80005300 (0x41b4de33) x28 0xfffffffd
core   0: 0x80005304 (0xbfa84093) xori    ra, a6, -1030
core   0: 3 0x80005304 (0xbfa84093) x 1 0x7ffda59e
core   0: 0x80005308 (0x01b8df33) srl     t5, a7, s11
core   0: 3 0x80005308 (0x01b8df33) x30 0x00000000
core   0: 0x8000530c (0x010cf2b3) and     t0, s9, a6
core   0: 3 0x8000530c (0x010cf2b3) x 5 0x00025424
core   0: 0x80005310 (0x41bed193) srai    gp, t4, 27
core   0: 3 0x80005310 (0x41bed193) x 3 0x0000000b
core   0: 0x80005314 (0x009921b3) slt     gp, s2, s1
core   0: 3 0x80005314 (0x009921b3) x 3 0x00000000
core   0: 0x80005318 (0x010d1cb3) sll     s9, s10, a6
core   0: 3 0x80005318 (0x010d1cb3) x25 0x00000000
core   0: 0x8000531c (0x01db4033) xor     zero, s6, t4
core   0: 3 0x8000531c (0x01db4033)
core   0: 0x80005320 (0x0277aa33) mulhsu  s4, a5, t2
core   0: 3 0x80005320 (0x0277aa33) x20 0x00000000
core   0: 0x80005324 (0x40805413) srai    s0, zero, 8
core   0: 3 0x80005324 (0x40805413) x 8 0x00000000
core   0: 0x80005328 (0x00000013) nop
core   0: 3 0x80005328 (0x00000013)
core   0: 0x8000532c (0xb9ab8337) lui     t1, 0xb9ab8
core   0: 3 0x8000532c (0xb9ab8337) x 6 0xb9ab8000
core   0: 0x80005330 (0x03470d33) mul     s10, a4, s4
core   0: 3 0x80005330 (0x03470d33) x26 0x00000000
core   0: 0x80005334 (0x02b2b533) mulhu   a0, t0, a1
core   0: 3 0x80005334 (0x02b2b533) x10 0x00000000
core   0: 0x80005338 (0x400c5133) sra     sp, s8, zero
core   0: 3 0x80005338 (0x400c5133) x 2 0x80029ce4
core   0: 0x8000533c (0x0000f0b3) and     ra, ra, zero
core   0: 3 0x8000533c (0x0000f0b3) x 1 0x00000000
core   0: 0x80005340 (0x02561063) bne     a2, t0, pc + 32
core   0: 3 0x80005340 (0x02561063)
core   0: 0x80005360 (0xf3bd4493) xori    s1, s10, -197
core   0: 3 0x80005360 (0xf3bd4493) x 9 0xffffff3b
core   0: 0x80005364 (0x0220f5b3) remu    a1, ra, sp
core   0: 3 0x80005364 (0x0220f5b3) x11 0x00000000
core   0: 0x80005368 (0x05eb8063) beq     s7, t5, pc + 64
core   0: 3 0x80005368 (0x05eb8063)
core   0: 0x8000536c (0x02b70db3) mul     s11, a4, a1
core   0: 3 0x8000536c (0x02b70db3) x27 0x00000000
core   0: 0x80005370 (0x01999263) bne     s3, s9, pc + 4
core   0: 3 0x80005370 (0x01999263)
core   0: 0x80005374 (0x00b83233) sltu    tp, a6, a1
core   0: 3 0x80005374 (0x00b83233) x 4 0x00000000
core   0: 0x80005378 (0x02531333) mulh    t1, t1, t0
core   0: 3 0x80005378 (0x02531333) x 6 0xffff5c39
core   0: 0x8000537c (0x03acfe33) remu    t3, s9, s10
core   0: 3 0x8000537c (0x03acfe33) x28 0x00000000
core   0: 0x80005380 (0x0260ceb3) div     t4, ra, t1
core   0: 3 0x80005380 (0x0260ceb3) x29 0x00000000
core   0: 0x80005384 (0x03b08263) beq     ra, s11, pc + 36
core   0: 3 0x80005384 (0x03b08263)
core   0: 0x800053a8 (0x01a0a8b3) slt     a7, ra, s10
core   0: 3 0x800053a8 (0x01a0a8b3) x17 0x00000000
core   0: 0x800053ac (0x03c74c63) blt     a4, t3, pc + 56
core   0: 3 0x800053ac (0x03c74c63)
core   0: 0x800053b0 (0x1d958693) addi    a3, a1, 473
core   0: 3 0x800053b0 (0x1d958693) x13 0x000001d9
core   0: 0x800053b4 (0x00c737b3) sltu    a5, a4, a2
core   0: 3 0x800053b4 (0x00c737b3) x15 0x00000001
core   0: 0x800053b8 (0xbc4c6e93) ori     t4, s8, -1084
core   0: 3 0x800053b8 (0xbc4c6e93) x29 0xffffffe4
core   0: 0x800053bc (0x00378263) beq     a5, gp, pc + 4
core   0: 3 0x800053bc (0x00378263)
core   0: 0x800053c0 (0x0259e463) bltu    s3, t0, pc + 40
core   0: 3 0x800053c0 (0x0259e463)
core   0: 0x800053e8 (0x0064df13) srli    t5, s1, 6
core   0: 3 0x800053e8 (0x0064df13) x30 0x03fffffc
core   0: 0x800053ec (0xd9833d13) sltiu   s10, t1, -616
core   0: 3 0x800053ec (0xd9833d13) x26 0x00000001
core   0: 0x800053f0 (0x00eb4463) blt     s6, a4, pc + 8
core   0: 3 0x800053f0 (0x00eb4463)
core   0: 0x800053f8 (0xb0473a17) auipc   s4, 0xb0473
core   0: 3 0x800053f8 (0xb0473a17) x20 0x304783f8
core   0: 0x800053fc (0x014f8333) add     t1, t6, s4
core   0: 3 0x800053fc (0x014f8333) x 6 0x304c3a9a
core   0: 0x80005400 (0x3b5b4413) xori    s0, s6, 949
core   0: 3 0x80005400 (0x3b5b4413) x 8 0x80025dd0
core   0: 0x80005404 (0x00000013) nop
core   0: 3 0x80005404 (0x00000013)
core   0: 0x80005408 (0x5c8d6b13) ori     s6, s10, 1480
core   0: 3 0x80005408 (0x5c8d6b13) x22 0x000005c9
core   0: 0x8000540c (0xd24ace93) xori    t4, s5, -732
core   0: 3 0x8000540c (0xd24ace93) x29 0xfffffd25
core   0: 0x80005410 (0x03b0ce33) div     t3, ra, s11
core   0: 3 0x80005410 (0x03b0ce33) x28 0xffffffff
core   0: 0x80005414 (0xf03fce13) xori    t3, t6, -253
core   0: 3 0x80005414 (0xf03fce13) x28 0xfffb49a1
core   0: 0x80005418 (0x0391f733) remu    a4, gp, s9
core   0: 3 0x80005418 (0x0391f733) x14 0x00000000
core   0: 0x8000541c (0x0ea82513) slti    a0, a6, 234
core   0: 3 0x8000541c (0x0ea82513) x10 0x00000001
core   0: 0x80005420 (0xe1f0c693) xori    a3, ra, -481
core   0: 3 0x80005420 (0xe1f0c693) x13 0xfffffe1f
core   0: 0x80005424 (0x5dc77293) andi    t0, a4, 1500
core   0: 3 0x80005424 (0x5dc77293) x 5 0x00000000
core   0: 0x80005428 (0x014d5093) srli    ra, s10, 20
core   0: 3 0x80005428 (0x014d5093) x 1 0x00000000
core   0: 0x8000542c (0x5efc3c93) sltiu   s9, s8, 1519
core   0: 3 0x8000542c (0x5efc3c93) x25 0x00000000
core   0: 0x80005430 (0x0166e933) or      s2, a3, s6
core   0: 3 0x80005430 (0x0166e933) x18 0xffffffdf
core   0: 0x80005434 (0x4d32a093) slti    ra, t0, 1235
core   0: 3 0x80005434 (0x4d32a093) x 1 0x00000001
core   0: 0x80005438 (0x00a497b3) sll     a5, s1, a0
core   0: 3 0x80005438 (0x00a497b3) x15 0xfffffe76
core   0: 0x8000543c (0x01f31663) bne     t1, t6, pc + 12
core   0: 3 0x8000543c (0x01f31663)
core   0: 0x80005448 (0x0271cc63) blt     gp, t2, pc + 56
core   0: 3 0x80005448 (0x0271cc63)
core   0: 0x80005480 (0xab1d8a13) addi    s4, s11, -1359
core   0: 3 0x80005480 (0xab1d8a13) x20 0xfffffab1
core   0: 0x80005484 (0x00151713) slli    a4, a0, 1
core   0: 3 0x80005484 (0x00151713) x14 0x00000002
core   0: 0x80005488 (0x00958463) beq     a1, s1, pc + 8
core   0: 3 0x80005488 (0x00958463)
core   0: 0x8000548c (0x005c5213) srli    tp, s8, 5
core   0: 3 0x8000548c (0x005c5213) x 4 0x040014e7
core   0: 0x80005490 (0x0395e933) rem     s2, a1, s9
core   0: 3 0x80005490 (0x0395e933) x18 0x00000000
core   0: 0x80005494 (0x00b10933) add     s2, sp, a1
core   0: 3 0x80005494 (0x00b10933) x18 0x80029ce4
core   0: 0x80005498 (0x011e88b3) add     a7, t4, a7
core   0: 3 0x80005498 (0x011e88b3) x17 0xfffffd25
core   0: 0x8000549c (0x03dc8933) mul     s2, s9, t4
core   0: 3 0x8000549c (0x03dc8933) x18 0x00000000
core   0: 0x800054a0 (0x0344d8b3) divu    a7, s1, s4
core   0: 3 0x800054a0 (0x0344d8b3) x17 0x00000001
core   0: 0x800054a4 (0x0276f863) bgeu    a3, t2, pc + 48
core   0: 3 0x800054a4 (0x0276f863)
core   0: 0x800054d4 (0x34ef0013) addi    zero, t5, 846
core   0: 3 0x800054d4 (0x34ef0013)
core   0: 0x800054d8 (0x03496db3) rem     s11, s2, s4
core   0: 3 0x800054d8 (0x03496db3) x27 0x00000000
core   0: 0x800054dc (0x0375ce63) blt     a1, s7, pc + 60
core   0: 3 0x800054dc (0x0375ce63)
core   0: 0x800054e0 (0x01da5463) bge     s4, t4, pc + 8
core   0: 3 0x800054e0 (0x01da5463)
core   0: 0x800054e4 (0x030dfbb3) remu    s7, s11, a6
core   0: 3 0x800054e4 (0x030dfbb3) x23 0x00000000
core   0: 0x800054e8 (0x0075e8b3) or      a7, a1, t2
core   0: 3 0x800054e8 (0x0075e8b3) x17 0x00016ca3
core   0: 0x800054ec (0x03930263) beq     t1, s9, pc + 36
core   0: 3 0x800054ec (0x03930263)
core   0: 0x800054f0 (0x01cb46b3) xor     a3, s6, t3
core   0: 3 0x800054f0 (0x01cb46b3) x13 0xfffb4c68
core   0: 0x800054f4 (0x004c0233) add     tp, s8, tp
core   0: 3 0x800054f4 (0x004c0233) x 4 0x8402b1cb
core   0: 0x800054f8 (0xe441a413) slti    s0, gp, -444
core   0: 3 0x800054f8 (0xe441a413) x 8 0x00000000
core   0: 0x800054fc (0x4090d433) sra     s0, ra, s1
core   0: 3 0x800054fc (0x4090d433) x 8 0x00000000
core   0: 0x80005500 (0x0eff9d37) lui     s10, 0xeff9
core   0: 3 0x80005500 (0x0eff9d37) x26 0x0eff9000
core   0: 0x80005504 (0x01b08ab3) add     s5, ra, s11
core   0: 3 0x80005504 (0x01b08ab3) x21 0x00000001
core   0: 0x80005508 (0x02d02eb3) mulhsu  t4, zero, a3
core   0: 3 0x80005508 (0x02d02eb3) x29 0x00000000
core   0: 0x8000550c (0x05656863) bltu    a0, s6, pc + 80
core   0: 3 0x8000550c (0x05656863)
core   0: 0x8000555c (0x00f29663) bne     t0, a5, pc + 12
core   0: 3 0x8000555c (0x00f29663)
core   0: 0x80005568 (0x07e75e17) auipc   t3, 0x7e75
core   0: 3 0x80005568 (0x07e75e17) x28 0x87e7a568
core   0: 0x8000556c (0x2205b393) sltiu   t2, a1, 544
core   0: 3 0x8000556c (0x2205b393) x 7 0x00000001
core   0: 0x80005570 (0x00a69b13) slli    s6, a3, 10
core   0: 3 0x80005570 (0x00a69b13) x22 0xed31a000
core   0: 0x80005574 (0x0003d663) bgez    t2, pc + 12
core   0: 3 0x80005574 (0x0003d663)
core   0: 0x80005580 (0x00981413) slli    s0, a6, 9
core   0: 3 0x80005580 (0x00981413) x 8 0x04bcc800
core   0: 0x80005584 (0xd389ab93) slti    s7, s3, -712
core   0: 3 0x80005584 (0xd389ab93) x23 0x00000000
core   0: 0x80005588 (0x2ae1acb7) lui     s9, 0x2ae1a
core   0: 3 0x80005588 (0x2ae1acb7) x25 0x2ae1a000
core   0: 0x8000558c (0x03065263) bge     a2, a6, pc + 36
core   0: 3 0x8000558c (0x03065263)
core   0: 0x80005590 (0x40dad893) srai    a7, s5, 13
core   0: 3 0x80005590 (0x40dad893) x17 0x00000000
core   0: 0x80005594 (0x41f35913) srai    s2, t1, 31
core   0: 3 0x80005594 (0x41f35913) x18 0x00000000
core   0: 0x80005598 (0x0396c463) blt     a3, s9, pc + 40
core   0: 3 0x80005598 (0x0396c463)
core   0: 0x800055c0 (0x4b7a2b93) slti    s7, s4, 1207
core   0: 3 0x800055c0 (0x4b7a2b93) x23 0x00000001
core   0: 0x800055c4 (0x40d20a33) sub     s4, tp, a3
core   0: 3 0x800055c4 (0x40d20a33) x20 0x84076563
core   0: 0x800055c8 (0x033467b3) rem     a5, s0, s3
core   0: 3 0x800055c8 (0x033467b3) x15 0x00011c18
core   0: 0x800055cc (0x01991fb3) sll     t6, s2, s9
core   0: 3 0x800055cc (0x01991fb3) x31 0x00000000
core   0: 0x800055d0 (0x4001d413) srai    s0, gp, 0
core   0: 3 0x800055d0 (0x4001d413) x 8 0x00000000
core   0: 0x800055d4 (0x03a86333) rem     t1, a6, s10
core   0: 3 0x800055d4 (0x03a86333) x 6 0xf7fede64
core   0: 0x800055d8 (0x035dd4b3) divu    s1, s11, s5
core   0: 3 0x800055d8 (0x035dd4b3) x 9 0x00000000
core   0: 0x800055dc (0x01949193) slli    gp, s1, 25
core   0: 3 0x800055dc (0x01949193) x 3 0x00000000
core   0: 0x800055e0 (0x0164e233) or      tp, s1, s6
core   0: 3 0x800055e0 (0x0164e233) x 4 0xed31a000
core   0: 0x800055e4 (0x01f071b3) and     gp, zero, t6
core   0: 3 0x800055e4 (0x01f071b3) x 3 0x00000000
core   0: 0x800055e8 (0x0351a233) mulhsu  tp, gp, s5
core   0: 3 0x800055e8 (0x0351a233) x 4 0x00000000
core   0: 0x800055ec (0x009bf663) bgeu    s7, s1, pc + 12
core   0: 3 0x800055ec (0x009bf663)
core   0: 0x800055f8 (0x646f6a13) ori     s4, t5, 1606
core   0: 3 0x800055f8 (0x646f6a13) x20 0x03fffffe
core   0: 0x800055fc (0x00000013) nop
core   0: 3 0x800055fc (0x00000013)
core   0: 0x80005600 (0x418a8733) sub     a4, s5, s8
core   0: 3 0x80005600 (0x418a8733) x14 0x7ffd631d
core   0: 0x80005604 (0x028a60b3) rem     ra, s4, s0
core   0: 3 0x80005604 (0x028a60b3) x 1 0x03fffffe
core   0: 0x80005608 (0x9aed7713) andi    a4, s10, -1618
core   0: 3 0x80005608 (0x9aed7713) x14 0x0eff9000
core   0: 0x8000560c (0x01115cb3) srl     s9, sp, a7
core   0: 3 0x8000560c (0x01115cb3) x25 0x80029ce4
core   0: 0x80005610 (0x01f69993) slli    s3, a3, 31
core   0: 3 0x80005610 (0x01f69993) x19 0x00000000
core   0: 0x80005614 (0x00df4e33) xor     t3, t5, a3
core   0: 3 0x80005614 (0x00df4e33) x28 0xfc04b394
core   0: 0x80005618 (0x01175d33) srl     s10, a4, a7
core   0: 3 0x80005618 (0x01175d33) x26 0x0eff9000
core   0: 0x8000561c (0x41e25433) sra     s0, tp, t5
core   0: 3 0x8000561c (0x41e25433) x 8 0x00000000
core   0: 0x80005620 (0x014336b3) sltu    a3, t1, s4
core   0: 3 0x80005620 (0x014336b3) x13 0x00000000
core   0: 0x80005624 (0x003e9113) slli    sp, t4, 3
core   0: 3 0x80005624 (0x003e9113) x 2 0x00000000
core   0: 0x80005628 (0x00dafeb3) and     t4, s5, a3
core   0: 3 0x80005628 (0x00dafeb3) x29 0x00000000
core   0: 0x8000562c (0x0298deb3) divu    t4, a7, s1
core   0: 3 0x8000562c (0x0298deb3) x29 0xffffffff
core   0: 0x80005630 (0x015a8463) beq     s5, s5, pc + 8
core   0: 3 0x80005630 (0x015a8463)
core   0: 0x80005638 (0x00000013) nop
core   0: 3 0x80005638 (0x00000013)
core   0: 0x8000563c (0x04e8e263) bltu    a7, a4, pc + 68
core   0: 3 0x8000563c (0x04e8e263)
core   0: 0x80005680 (0x026feb33) rem     s6, t6, t1
core   0: 3 0x80005680 (0x026feb33) x22 0x00000000
core   0: 0x80005684 (0x00535c93) srli    s9, t1, 5
core   0: 3 0x80005684 (0x00535c93) x25 0x07bff6f3
core   0: 0x80005688 (0xed5d2d93) slti    s11, s10, -299
core   0: 3 0x80005688 (0xed5d2d93) x27 0x00000000
core   0: 0x8000568c (0x41c35133) sra     sp, t1, t3
core   0: 3 0x8000568c (0x41c35133) x 2 0xffffff7f
core   0: 0x80005690 (0x01214e33) xor     t3, sp, s2
core   0: 3 0x80005690 (0x01214e33) x28 0xffffff7f
core   0: 0x80005694 (0x01f77d33) and     s10, a4, t6
core   0: 3 0x80005694 (0x01f77d33) x26 0x00000000
core   0: 0x80005698 (0x0187a133) slt     sp, a5, s8
core   0: 3 0x80005698 (0x0187a133) x 2 0x00000000
core   0: 0x8000569c (0x866b2d37) lui     s10, 0x866b2
core   0: 3 0x8000569c (0x866b2d37) x26 0x866b2000
core   0: 0x800056a0 (0xc323ae13) slti    t3, t2, -974
core   0: 3 0x800056a0 (0xc323ae13) x28 0x00000000
core   0: 0x800056a4 (0x027a1533) mulh    a0, s4, t2
core   0: 3 0x800056a4 (0x027a1533) x10 0x00000000
core   0: 0x800056a8 (0x01ce6433) or      s0, t3, t3
core   0: 3 0x800056a8 (0x01ce6433) x 8 0x00000000
core   0: 0x800056ac (0x012bdab3) srl     s5, s7, s2
core   0: 3 0x800056ac (0x012bdab3) x21 0x00000001
core   0: 0x800056b0 (0x02a505b3) mul     a1, a0, a0
core   0: 3 0x800056b0 (0x02a505b3) x11 0x00000000
core   0: 0x800056b4 (0x027d5c63) bge     s10, t2, pc + 56
core   0: 3 0x800056b4 (0x027d5c63)
core   0: 0x800056b8 (0x0246bf33) mulhu   t5, a3, tp
core   0: 3 0x800056b8 (0x0246bf33) x30 0x00000000
core   0: 0x800056bc (0x033b48b3) div     a7, s6, s3
core   0: 3 0x800056bc (0x033b48b3) x17 0xffffffff
core   0: 0x800056c0 (0x01e6e463) bltu    a3, t5, pc + 8
core   0: 3 0x800056c0 (0x01e6e463)
core   0: 0x800056c4 (0x02e00263) beq     zero, a4, pc + 36
core   0: 3 0x800056c4 (0x02e00263)
core   0: 0x800056c8 (0x03750db3) mul     s11, a0, s7
core   0: 3 0x800056c8 (0x03750db3) x27 0x00000000
core   0: 0x800056cc (0x035e62b3) rem     t0, t3, s5
core   0: 3 0x800056cc (0x035e62b3) x 5 0x00000000
core   0: 0x800056d0 (0x00be7263) bgeu    t3, a1, pc + 4
core   0: 3 0x800056d0 (0x00be7263)
core   0: 0x800056d4 (0x01a97933) and     s2, s2, s10
core   0: 3 0x800056d4 (0x01a97933) x18 0x00000000
core   0: 0x800056d8 (0x02c8bbb3) mulhu   s7, a7, a2
core   0: 3 0x800056d8 (0x02c8bbb3) x23 0x7fffffff
core   0: 0x800056dc (0x414e5413) srai    s0, t3, 20
core   0: 3 0x800056dc (0x414e5413) x 8 0x00000000
core   0: 0x800056e0 (0x01927463) bgeu    tp, s9, pc + 8
core   0: 3 0x800056e0 (0x01927463)
core   0: 0x800056e4 (0x1edcf493) andi    s1, s9, 493
core   0: 3 0x800056e4 (0x1edcf493) x 9 0x000000e1
core   0: 0x800056e8 (0x02d8b233) mulhu   tp, a7, a3
core   0: 3 0x800056e8 (0x02d8b233) x 4 0x00000000
core   0: 0x800056ec (0x00727933) and     s2, tp, t2
core   0: 3 0x800056ec (0x00727933) x18 0x00000000
core   0: 0x800056f0 (0x04701063) bne     zero, t2, pc + 64
core   0: 3 0x800056f0 (0x04701063)
core   0: 0x80005730 (0x05a50863) beq     a0, s10, pc + 80
core   0: 3 0x80005730 (0x05a50863)
core   0: 0x80005734 (0x409d8533) sub     a0, s11, s1
core   0: 3 0x80005734 (0x409d8533) x10 0xffffff1f
core   0: 0x80005738 (0x00c37463) bgeu    t1, a2, pc + 8
core   0: 3 0x80005738 (0x00c37463)
core   0: 0x80005740 (0x03e07e63) bgeu    zero, t5, pc + 60
core   0: 3 0x80005740 (0x03e07e63)
core   0: 0x8000577c (0xcb8f6313) ori     t1, t5, -840
core   0: 3 0x8000577c (0xcb8f6313) x 6 0xfffffcb8
core   0: 0x80005780 (0x4162d233) sra     tp, t0, s6
core   0: 3 0x80005780 (0x4162d233) x 4 0x00000000
core   0: 0x80005784 (0x76912d93) slti    s11, sp, 1897
core   0: 3 0x80005784 (0x76912d93) x27 0x00000001
core   0: 0x80005788 (0x01df63b3) or      t2, t5, t4
core   0: 3 0x80005788 (0x01df63b3) x 7 0xffffffff
core   0: 0x8000578c (0x337cf793) andi    a5, s9, 823
core   0: 3 0x8000578c (0x337cf793) x15 0x00000233
core   0: 0x80005790 (0x003c2bb3) slt     s7, s8, gp
core   0: 3 0x80005790 (0x003c2bb3) x23 0x00000001
core   0: 0x80005794 (0x011e5793) srli    a5, t3, 17
core   0: 3 0x80005794 (0x011e5793) x15 0x00000000
core   0: 0x80005798 (0x86dba013) slti    zero, s7, -1939
core   0: 3 0x80005798 (0x86dba013)
core   0: 0x8000579c (0xd825bd13) sltiu   s10, a1, -638
core   0: 3 0x8000579c (0xd825bd13) x26 0x00000001
core   0: 0x800057a0 (0x006c3eb3) sltu    t4, s8, t1
core   0: 3 0x800057a0 (0x006c3eb3) x29 0x00000001
core   0: 0x800057a4 (0x03efc133) div     sp, t6, t5
core   0: 3 0x800057a4 (0x03efc133) x 2 0xffffffff
core   0: 0x800057a8 (0x00000013) nop
core   0: 3 0x800057a8 (0x00000013)
core   0: 0x800057ac (0x038c6063) bltu    s8, s8, pc + 32
core   0: 3 0x800057ac (0x038c6063)
core   0: 0x800057b0 (0x946ea893) slti    a7, t4, -1722
core   0: 3 0x800057b0 (0x946ea893) x17 0x00000000
core   0: 0x800057b4 (0x414c8e33) sub     t3, s9, s4
core   0: 3 0x800057b4 (0x414c8e33) x28 0x03bff6f5
core   0: 0x800057b8 (0x05526263) bltu    tp, s5, pc + 68
core   0: 3 0x800057b8 (0x05526263)
core   0: 0x800057fc (0x011c9263) bne     s9, a7, pc + 4
core   0: 3 0x800057fc (0x011c9263)
core   0: 0x80005800 (0x4035dcb3) sra     s9, a1, gp
core   0: 3 0x80005800 (0x4035dcb3) x25 0x00000000
core   0: 0x80005804 (0x037df033) remu    zero, s11, s7
core   0: 3 0x80005804 (0x037df033)
core   0: 0x80005808 (0x01b986b3) add     a3, s3, s11
core   0: 3 0x80005808 (0x01b986b3) x13 0x00000001
core   0: 0x8000580c (0x01fbfbb3) and     s7, s7, t6
core   0: 3 0x8000580c (0x01fbfbb3) x23 0x00000000
core   0: 0x80005810 (0x017990b3) sll     ra, s3, s7
core   0: 3 0x80005810 (0x017990b3) x 1 0x00000000
core   0: 0x80005814 (0x00a64f33) xor     t5, a2, a0
core   0: 3 0x80005814 (0x00a64f33) x30 0x7fffff1f
core   0: 0x80005818 (0x006a6eb3) or      t4, s4, t1
core   0: 3 0x80005818 (0x006a6eb3) x29 0xfffffffe
core   0: 0x8000581c (0x0268d8b3) divu    a7, a7, t1
core   0: 3 0x8000581c (0x0268d8b3) x17 0x00000000
core   0: 0x80005820 (0x00ae93b3) sll     t2, t4, a0
core   0: 3 0x80005820 (0x00ae93b3) x 7 0x00000000
core   0: 0x80005824 (0x58c06213) ori     tp, zero, 1420
core   0: 3 0x80005824 (0x58c06213) x 4 0x0000058c
core   0: 0x80005828 (0x018bda33) srl     s4, s7, s8
core   0: 3 0x80005828 (0x018bda33) x20 0x00000000
core   0: 0x8000582c (0x0088c4b3) xor     s1, a7, s0
core   0: 3 0x8000582c (0x0088c4b3) x 9 0x00000000
core   0: 0x80005830 (0x41f2de33) sra     t3, t0, t6
core   0: 3 0x80005830 (0x41f2de33) x28 0x00000000
core   0: 0x80005834 (0x02844433) div     s0, s0, s0
core   0: 3 0x80005834 (0x02844433) x 8 0xffffffff
core   0: 0x80005838 (0xa4afc593) xori    a1, t6, -1462
core   0: 3 0x80005838 (0xa4afc593) x11 0xfffffa4a
core   0: 0x8000583c (0x00e9df13) srli    t5, s3, 14
core   0: 3 0x8000583c (0x00e9df13) x30 0x00000000
core   0: 0x80005840 (0x037ad933) divu    s2, s5, s7
core   0: 3 0x80005840 (0x037ad933) x18 0xffffffff
core   0: 0x80005844 (0xa5cc8f93) addi    t6, s9, -1444
core   0: 3 0x80005844 (0xa5cc8f93) x31 0xfffffa5c
core   0: 0x80005848 (0x416c5733) sra     a4, s8, s6
core   0: 3 0x80005848 (0x416c5733) x14 0x80029ce4
core   0: 0x8000584c (0x024b7ab3) remu    s5, s6, tp
core   0: 3 0x8000584c (0x024b7ab3) x21 0x00000000
core   0: 0x80005850 (0x034ef733) remu    a4, t4, s4
core   0: 3 0x80005850 (0x034ef733) x14 0xfffffffe
core   0: 0x80005854 (0x00000013) nop
core   0: 3 0x80005854 (0x00000013)
core   0: 0x80005858 (0xaa404e13) xori    t3, zero, -1372
core   0: 3 0x80005858 (0xaa404e13) x28 0xfffffaa4
core   0: 0x8000585c (0x418e5933) sra     s2, t3, s8
core   0: 3 0x8000585c (0x418e5933) x18 0xffffffaa
core   0: 0x80005860 (0x02e4aa33) mulhsu  s4, s1, a4
core   0: 3 0x80005860 (0x02e4aa33) x20 0x00000000
core   0: 0x80005864 (0x407bdd93) srai    s11, s7, 7
core   0: 3 0x80005864 (0x407bdd93) x27 0x00000000
core   0: 0x80005868 (0x01d58fb3) add     t6, a1, t4
core   0: 3 0x80005868 (0x01d58fb3) x31 0xfffffa48
core   0: 0x8000586c (0x00000013) nop
core   0: 3 0x8000586c (0x00000013)
core   0: 0x80005870 (0x38e5cf93) xori    t6, a1, 910
core   0: 3 0x80005870 (0x38e5cf93) x31 0xfffff9c4
core   0: 0x80005874 (0x86f3fd93) andi    s11, t2, -1937
core   0: 3 0x80005874 (0x86f3fd93) x27 0x00000000
core   0: 0x80005878 (0x03c718b3) mulh    a7, a4, t3
core   0: 3 0x80005878 (0x03c718b3) x17 0x00000000
core   0: 0x8000587c (0x01cb19b3) sll     s3, s6, t3
core   0: 3 0x8000587c (0x01cb19b3) x19 0x00000000
core   0: 0x80005880 (0x795c76b7) lui     a3, 0x795c7
core   0: 3 0x80005880 (0x795c76b7) x13 0x795c7000
core   0: 0x80005884 (0x02561533) mulh    a0, a2, t0
core   0: 3 0x80005884 (0x02561533) x10 0x00000000
core   0: 0x80005888 (0x04d0f463) bgeu    ra, a3, pc + 72
core   0: 3 0x80005888 (0x04d0f463)
core   0: 0x8000588c (0x00a9e663) bltu    s3, a0, pc + 12
core   0: 3 0x8000588c (0x00a9e663)
core   0: 0x80005890 (0xcd8a2e93) slti    t4, s4, -808
core   0: 3 0x80005890 (0xcd8a2e93) x29 0x00000000
core   0: 0x80005894 (0x03b5fbb3) remu    s7, a1, s11
core   0: 3 0x80005894 (0x03b5fbb3) x23 0xfffffa4a
core   0: 0x80005898 (0x02731333) mulh    t1, t1, t2
core   0: 3 0x80005898 (0x02731333) x 6 0x00000000
core   0: 0x8000589c (0x015e34b3) sltu    s1, t3, s5
core   0: 3 0x8000589c (0x015e34b3) x 9 0x00000000
core   0: 0x800058a0 (0x012e9e93) slli    t4, t4, 18
core   0: 3 0x800058a0 (0x012e9e93) x29 0x00000000
core   0: 0x800058a4 (0x05c84063) blt     a6, t3, pc + 64
core   0: 3 0x800058a4 (0x05c84063)
core   0: 0x800058e4 (0x0334b433) mulhu   s0, s1, s3
core   0: 3 0x800058e4 (0x0334b433) x 8 0x00000000
core   0: 0x800058e8 (0x406fd033) sra     zero, t6, t1
core   0: 3 0x800058e8 (0x406fd033)
core   0: 0x800058ec (0x0164bb33) sltu    s6, s1, s6
core   0: 3 0x800058ec (0x0164bb33) x22 0x00000000
core   0: 0x800058f0 (0x02849f33) mulh    t5, s1, s0
core   0: 3 0x800058f0 (0x02849f33) x30 0x00000000
core   0: 0x800058f4 (0x00bc0663) beq     s8, a1, pc + 12
core   0: 3 0x800058f4 (0x00bc0663)
core   0: 0x800058f8 (0x019ac263) blt     s5, s9, pc + 4
core   0: 3 0x800058f8 (0x019ac263)
core   0: 0x800058fc (0x00030463) beqz    t1, pc + 8
core   0: 3 0x800058fc (0x00030463)
core   0: 0x80005904 (0x030d3233) mulhu   tp, s10, a6
core   0: 3 0x80005904 (0x030d3233) x 4 0x00000000
core   0: 0x80005908 (0x4b4ced93) ori     s11, s9, 1204
core   0: 3 0x80005908 (0x4b4ced93) x27 0x000004b4
core   0: 0x8000590c (0x032cafb3) mulhsu  t6, s9, s2
core   0: 3 0x8000590c (0x032cafb3) x31 0x00000000
core   0: 0x80005910 (0x00489893) slli    a7, a7, 4
core   0: 3 0x80005910 (0x00489893) x17 0x00000000
core   0: 0x80005914 (0x030d4e63) blt     s10, a6, pc + 60
core   0: 3 0x80005914 (0x030d4e63)
core   0: 0x80005918 (0xc9b87113) andi    sp, a6, -869
core   0: 3 0x80005918 (0xc9b87113) x 2 0x80025c00
core   0: 0x8000591c (0x01818cb3) add     s9, gp, s8
core   0: 3 0x8000591c (0x01818cb3) x25 0x80029ce4
core   0: 0x80005920 (0x41d0d033) sra     zero, ra, t4
core   0: 3 0x80005920 (0x41d0d033)
core   0: 0x80005924 (0x2edda0b7) lui     ra, 0x2edda
core   0: 3 0x80005924 (0x2edda0b7) x 1 0x2edda000
core   0: 0x80005928 (0x01913e33) sltu    t3, sp, s9
core   0: 3 0x80005928 (0x01913e33) x28 0x00000001
core   0: 0x8000592c (0x03671063) bne     a4, s6, pc + 32
core   0: 3 0x8000592c (0x03671063)
core   0: 0x8000594c (0x01edc463) blt     s11, t5, pc + 8
core   0: 3 0x8000594c (0x01edc463)
core   0: 0x80005950 (0x78bd7337) lui     t1, 0x78bd7
core   0: 3 0x80005950 (0x78bd7337) x 6 0x78bd7000
core   0: 0x80005954 (0x002f92b3) sll     t0, t6, sp
core   0: 3 0x80005954 (0x002f92b3) x 5 0x00000000
core   0: 0x80005958 (0xfab31597) auipc   a1, 0xfab31
core   0: 3 0x80005958 (0xfab31597) x11 0x7ab36958
core   0: 0x8000595c (0xb90af893) andi    a7, s5, -1136
core   0: 3 0x8000595c (0xb90af893) x17 0x00000000
core   0: 0x80005960 (0x0360ab33) mulhsu  s6, ra, s6
core   0: 3 0x80005960 (0x0360ab33) x22 0x00000000
core   0: 0x80005964 (0x035e6e63) bltu    t3, s5, pc + 60
core   0: 3 0x80005964 (0x035e6e63)
core   0: 0x80005968 (0x03821733) mulh    a4, tp, s8
core   0: 3 0x80005968 (0x03821733) x14 0x00000000
core   0: 0x8000596c (0x016a81b3) add     gp, s5, s6
core   0: 3 0x8000596c (0x016a81b3) x 3 0x00000000
core   0: 0x80005970 (0x01b69ab3) sll     s5, a3, s11
core   0: 3 0x80005970 (0x01b69ab3) x21 0x00000000
core   0: 0x80005974 (0x0ddb2b37) lui     s6, 0xddb2
core   0: 3 0x80005974 (0x0ddb2b37) x22 0x0ddb2000
core   0: 0x80005978 (0x030d3ab3) mulhu   s5, s10, a6
core   0: 3 0x80005978 (0x030d3ab3) x21 0x00000000
core   0: 0x8000597c (0x00149463) bne     s1, ra, pc + 8
core   0: 3 0x8000597c (0x00149463)
core   0: 0x80005984 (0x416080b3) sub     ra, ra, s6
core   0: 3 0x80005984 (0x416080b3) x 1 0x21028000
core   0: 0x80005988 (0x00000013) nop
core   0: 3 0x80005988 (0x00000013)
core   0: 0x8000598c (0x0c824893) xori    a7, tp, 200
core   0: 3 0x8000598c (0x0c824893) x17 0x000000c8
core   0: 0x80005990 (0x03c032b3) mulhu   t0, zero, t3
core   0: 3 0x80005990 (0x03c032b3) x 5 0x00000000
core   0: 0x80005994 (0x3ee8c493) xori    s1, a7, 1006
core   0: 3 0x80005994 (0x3ee8c493) x 9 0x00000326
core   0: 0x80005998 (0x00545313) srli    t1, s0, 5
core   0: 3 0x80005998 (0x00545313) x 6 0x00000000
core   0: 0x8000599c (0x02765263) bge     a2, t2, pc + 36
core   0: 3 0x8000599c (0x02765263)
core   0: 0x800059a0 (0x85d94713) xori    a4, s2, -1955
core   0: 3 0x800059a0 (0x85d94713) x14 0x000007f7
core   0: 0x800059a4 (0x6ec80513) addi    a0, a6, 1772
core   0: 3 0x800059a4 (0x6ec80513) x10 0x80026550
core   0: 0x800059a8 (0x11f18a37) lui     s4, 0x11f18
core   0: 3 0x800059a8 (0x11f18a37) x20 0x11f18000
core   0: 0x800059ac (0x0125a0b3) slt     ra, a1, s2
core   0: 3 0x800059ac (0x0125a0b3) x 1 0x00000000
core   0: 0x800059b0 (0x02cc4733) div     a4, s8, a2
core   0: 3 0x800059b0 (0x02cc4733) x14 0x00000000
core   0: 0x800059b4 (0x027f7863) bgeu    t5, t2, pc + 48
core   0: 3 0x800059b4 (0x027f7863)
core   0: 0x800059e4 (0x030eee33) rem     t3, t4, a6
core   0: 3 0x800059e4 (0x030eee33) x28 0x00000000
core   0: 0x800059e8 (0x00617463) bgeu    sp, t1, pc + 8
core   0: 3 0x800059e8 (0x00617463)
core   0: 0x800059f0 (0x03c6df33) divu    t5, a3, t3
core   0: 3 0x800059f0 (0x03c6df33) x30 0xffffffff
core   0: 0x800059f4 (0x00018233) add     tp, gp, zero
core   0: 3 0x800059f4 (0x00018233) x 4 0x00000000
core   0: 0x800059f8 (0x0337f8b3) remu    a7, a5, s3
core   0: 3 0x800059f8 (0x0337f8b3) x17 0x00000000
core   0: 0x800059fc (0x08d80d93) addi    s11, a6, 141
core   0: 3 0x800059fc (0x08d80d93) x27 0x80025ef1
core   0: 0x80005a00 (0x01c87433) and     s0, a6, t3
core   0: 3 0x80005a00 (0x01c87433) x 8 0x00000000
core   0: 0x80005a04 (0x0314c263) blt     s1, a7, pc + 36
core   0: 3 0x80005a04 (0x0314c263)
core   0: 0x80005a08 (0x412eda13) srai    s4, t4, 18
core   0: 3 0x80005a08 (0x412eda13) x20 0x00000000
core   0: 0x80005a0c (0x03dd5e33) divu    t3, s10, t4
core   0: 3 0x80005a0c (0x03dd5e33) x28 0xffffffff
core   0: 0x80005a10 (0x00cbffb3) and     t6, s7, a2
core   0: 3 0x80005a10 (0x00cbffb3) x31 0x80000000
core   0: 0x80005a14 (0x02c06e63) bltu    zero, a2, pc + 60
core   0: 3 0x80005a14 (0x02c06e63)
core   0: 0x80005a50 (0x02cd4063) blt     s10, a2, pc + 32
core   0: 3 0x80005a50 (0x02cd4063)
core   0: 0x80005a54 (0x67a50a93) addi    s5, a0, 1658
core   0: 3 0x80005a54 (0x67a50a93) x21 0x80026bca
core   0: 0x80005a58 (0x00fd0cb3) add     s9, s10, a5
core   0: 3 0x80005a58 (0x00fd0cb3) x25 0x00000001
core   0: 0x80005a5c (0x216c8193) addi    gp, s9, 534
core   0: 3 0x80005a5c (0x216c8193) x 3 0x00000217
core   0: 0x80005a60 (0x0052feb3) and     t4, t0, t0
core   0: 3 0x80005a60 (0x0052feb3) x29 0x00000000
core   0: 0x80005a64 (0x055b1863) bne     s6, s5, pc + 80
core   0: 3 0x80005a64 (0x055b1863)
core   0: 0x80005ab4 (0x41f45793) srai    a5, s0, 31
core   0: 3 0x80005ab4 (0x41f45793) x15 0x00000000
core   0: 0x80005ab8 (0xc2a80913) addi    s2, a6, -982
core   0: 3 0x80005ab8 (0xc2a80913) x18 0x80025a8e
core   0: 0x80005abc (0x038395b3) mulh    a1, t2, s8
core   0: 3 0x80005abc (0x038395b3) x11 0x00000000
core   0: 0x80005ac0 (0x0126fe33) and     t3, a3, s2
core   0: 3 0x80005ac0 (0x0126fe33) x28 0x00005000
core   0: 0x80005ac4 (0x00aab933) sltu    s2, s5, a0
core   0: 3 0x80005ac4 (0x00aab933) x18 0x00000000
core   0: 0x80005ac8 (0x032e9863) bne     t4, s2, pc + 48
core   0: 3 0x80005ac8 (0x032e9863)
core   0: 0x80005acc (0x037d5433) divu    s0, s10, s7
core   0: 3 0x80005acc (0x037d5433) x 8 0x00000000
core   0: 0x80005ad0 (0x004a7ab3) and     s5, s4, tp
core   0: 3 0x80005ad0 (0x004a7ab3) x21 0x00000000
core   0: 0x80005ad4 (0x41250233) sub     tp, a0, s2
core   0: 3 0x80005ad4 (0x41250233) x 4 0x80026550
core   0: 0x80005ad8 (0x16faa917) auipc   s2, 0x16faa
core   0: 3 0x80005ad8 (0x16faa917) x18 0x96fafad8
core   0: 0x80005adc (0x00000013) nop
core   0: 3 0x80005adc (0x00000013)
core   0: 0x80005ae0 (0x05c7d063) bge     a5, t3, pc + 64
core   0: 3 0x80005ae0 (0x05c7d063)
core   0: 0x80005ae4 (0x00dc7bb3) and     s7, s8, a3
core   0: 3 0x80005ae4 (0x00dc7bb3) x23 0x00001000
core   0: 0x80005ae8 (0x0232e9b3) rem     s3, t0, gp
core   0: 3 0x80005ae8 (0x0232e9b3) x19 0x00000000
core   0: 0x80005aec (0x5ece7e13) andi    t3, t3, 1516
core   0: 3 0x80005aec (0x5ece7e13) x28 0x00000000
core   0: 0x80005af0 (0x40778fb3) sub     t6, a5, t2
core   0: 3 0x80005af0 (0x40778fb3) x31 0x00000000
core   0: 0x80005af4 (0x0b7c4693) xori    a3, s8, 183
core   0: 3 0x80005af4 (0x0b7c4693) x13 0x80029c53
core   0: 0x80005af8 (0x027af063) bgeu    s5, t2, pc + 32
core   0: 3 0x80005af8 (0x027af063)
core   0: 0x80005b18 (0x02f46333) rem     t1, s0, a5
core   0: 3 0x80005b18 (0x02f46333) x 6 0x00000000
core   0: 0x80005b1c (0x03b3fe63) bgeu    t2, s11, pc + 60
core   0: 3 0x80005b1c (0x03b3fe63)
core   0: 0x80005b20 (0x033a8133) mul     sp, s5, s3
core   0: 3 0x80005b20 (0x033a8133) x 2 0x00000000
core   0: 0x80005b24 (0x00986463) bltu    a6, s1, pc + 8
core   0: 3 0x80005b24 (0x00986463)
core   0: 0x80005b28 (0x77754013) xori    zero, a0, 1911
core   0: 3 0x80005b28 (0x77754013)
core   0: 0x80005b2c (0xc2427697) auipc   a3, 0xc2427
core   0: 3 0x80005b2c (0xc2427697) x13 0x4242cb2c
core   0: 0x80005b30 (0x406603b3) sub     t2, a2, t1
core   0: 3 0x80005b30 (0x406603b3) x 7 0x80000000
core   0: 0x80005b34 (0x05e99263) bne     s3, t5, pc + 68
core   0: 3 0x80005b34 (0x05e99263)
core   0: 0x80005b78 (0x04f10463) beq     sp, a5, pc + 72
core   0: 3 0x80005b78 (0x04f10463)
core   0: 0x80005bc0 (0x03cf9033) mulh    zero, t6, t3
core   0: 3 0x80005bc0 (0x03cf9033)
core   0: 0x80005bc4 (0x04e30063) beq     t1, a4, pc + 64
core   0: 3 0x80005bc4 (0x04e30063)
core   0: 0x80005c04 (0x00a95213) srli    tp, s2, 10
core   0: 3 0x80005c04 (0x00a95213) x 4 0x0025bebe
core   0: 0x80005c08 (0x033ad033) divu    zero, s5, s3
core   0: 3 0x80005c08 (0x033ad033)
core   0: 0x80005c0c (0xe025e593) ori     a1, a1, -510
core   0: 3 0x80005c0c (0xe025e593) x11 0xfffffe02
core   0: 0x80005c10 (0x5af03f93) sltiu   t6, zero, 1455
core   0: 3 0x80005c10 (0x5af03f93) x31 0x00000001
core   0: 0x80005c14 (0x0116c663) blt     a3, a7, pc + 12
core   0: 3 0x80005c14 (0x0116c663)
core   0: 0x80005c18 (0xdff290b7) lui     ra, 0xdff29
core   0: 3 0x80005c18 (0xdff290b7) x 1 0xdff29000
core   0: 0x80005c1c (0x02016a63) bltu    sp, zero, pc + 52
core   0: 3 0x80005c1c (0x02016a63)
core   0: 0x80005c20 (0x00b09733) sll     a4, ra, a1
core   0: 3 0x80005c20 (0x00b09733) x14 0x7fca4000
core   0: 0x80005c24 (0x6bb32a97) auipc   s5, 0x6bb32
core   0: 3 0x80005c24 (0x6bb32a97) x21 0xebb37c24
core   0: 0x80005c28 (0x3c749cb7) lui     s9, 0x3c749
core   0: 3 0x80005c28 (0x3c749cb7) x25 0x3c749000
core   0: 0x80005c2c (0x40e25413) srai    s0, tp, 14
core   0: 3 0x80005c2c (0x40e25413) x 8 0x00000096
core   0: 0x80005c30 (0x01ab5463) bge     s6, s10, pc + 8
core   0: 3 0x80005c30 (0x01ab5463)
core   0: 0x80005c38 (0x77e6a913) slti    s2, a3, 1918
core   0: 3 0x80005c38 (0x77e6a913) x18 0x00000000
core   0: 0x80005c3c (0x030d2533) mulhsu  a0, s10, a6
core   0: 3 0x80005c3c (0x030d2533) x10 0x00000000
core   0: 0x80005c40 (0x013454b3) srl     s1, s0, s3
core   0: 3 0x80005c40 (0x013454b3) x 9 0x00000096
core   0: 0x80005c44 (0x021fd133) divu    sp, t6, ra
core   0: 3 0x80005c44 (0x021fd133) x 2 0x00000000
core   0: 0x80005c48 (0x01485d93) srli    s11, a6, 20
core   0: 3 0x80005c48 (0x01485d93) x27 0x00000800
core   0: 0x80005c4c (0x03617133) remu    sp, sp, s6
core   0: 3 0x80005c4c (0x03617133) x 2 0x00000000
core   0: 0x80005c50 (0x5be44513) xori    a0, s0, 1470
core   0: 3 0x80005c50 (0x5be44513) x10 0x00000528
core   0: 0x80005c54 (0x00872f33) slt     t5, a4, s0
core   0: 3 0x80005c54 (0x00872f33) x30 0x00000000
core   0: 0x80005c58 (0x00d35bb3) srl     s7, t1, a3
core   0: 3 0x80005c58 (0x00d35bb3) x23 0x00000000
core   0: 0x80005c5c (0x5b7a3d13) sltiu   s10, s4, 1463
core   0: 3 0x80005c5c (0x5b7a3d13) x26 0x00000001
core   0: 0x80005c60 (0x025509b3) mul     s3, a0, t0
core   0: 3 0x80005c60 (0x025509b3) x19 0x00000000
core   0: 0x80005c64 (0x41f65293) srai    t0, a2, 31
core   0: 3 0x80005c64 (0x41f65293) x 5 0xffffffff
core   0: 0x80005c68 (0x00d39663) bne     t2, a3, pc + 12
core   0: 3 0x80005c68 (0x00d39663)
core   0: 0x80005c74 (0xe3310b13) addi    s6, sp, -461
core   0: 3 0x80005c74 (0xe3310b13) x22 0xfffffe33
core   0: 0x80005c78 (0x022cda33) divu    s4, s9, sp
core   0: 3 0x80005c78 (0x022cda33) x20 0xffffffff
core   0: 0x80005c7c (0x41ee02b3) sub     t0, t3, t5
core   0: 3 0x80005c7c (0x41ee02b3) x 5 0x00000000
core   0: 0x80005c80 (0x0280c263) blt     ra, s0, pc + 36
core   0: 3 0x80005c80 (0x0280c263)
core   0: 0x80005ca4 (0x007ad533) srl     a0, s5, t2
core   0: 3 0x80005ca4 (0x007ad533) x10 0xebb37c24
core   0: 0x80005ca8 (0x00b61463) bne     a2, a1, pc + 8
core   0: 3 0x80005ca8 (0x00b61463)
core   0: 0x80005cb0 (0x00bcdd33) srl     s10, s9, a1
core   0: 3 0x80005cb0 (0x00bcdd33) x26 0x0f1d2400
core   0: 0x80005cb4 (0x02720233) mul     tp, tp, t2
core   0: 3 0x80005cb4 (0x02720233) x 4 0x00000000
core   0: 0x80005cb8 (0x00beea33) or      s4, t4, a1
core   0: 3 0x80005cb8 (0x00beea33) x20 0xfffffe02
core   0: 0x80005cbc (0x41885113) srai    sp, a6, 24
core   0: 3 0x80005cbc (0x41885113) x 2 0xffffff80
core   0: 0x80005cc0 (0x003c3db3) sltu    s11, s8, gp
core   0: 3 0x80005cc0 (0x003c3db3) x27 0x00000000
core   0: 0x80005cc4 (0x03a60cb3) mul     s9, a2, s10
core   0: 3 0x80005cc4 (0x03a60cb3) x25 0x00000000
core   0: 0x80005cc8 (0x5a9ba917) auipc   s2, 0x5a9ba
core   0: 3 0x80005cc8 (0x5a9ba917) x18 0xda9bfcc8
core   0: 0x80005ccc (0x01c02e33) slt     t3, zero, t3
core   0: 3 0x80005ccc (0x01c02e33) x28 0x00000000
core   0: 0x80005cd0 (0x033918b3) mulh    a7, s2, s3
core   0: 3 0x80005cd0 (0x033918b3) x17 0x00000000
core   0: 0x80005cd4 (0x40335333) sra     t1, t1, gp
core   0: 3 0x80005cd4 (0x40335333) x 6 0x00000000
core   0: 0x80005cd8 (0x02c44c63) blt     s0, a2, pc + 56
core   0: 3 0x80005cd8 (0x02c44c63)
core   0: 0x80005cdc (0x02b4d0b3) divu    ra, s1, a1
core   0: 3 0x80005cdc (0x02b4d0b3) x 1 0x00000000
core   0: 0x80005ce0 (0x02ddd033) divu    zero, s11, a3
core   0: 3 0x80005ce0 (0x02ddd033)
core   0: 0x80005ce4 (0x4119d4b3) sra     s1, s3, a7
core   0: 3 0x80005ce4 (0x4119d4b3) x 9 0x00000000
core   0: 0x80005ce8 (0x02b202b3) mul     t0, tp, a1
core   0: 3 0x80005ce8 (0x02b202b3) x 5 0x00000000
core   0: 0x80005cec (0x0353e6b3) rem     a3, t2, s5
core   0: 3 0x80005cec (0x0353e6b3) x13 0xf9cb1728
core   0: 0x80005cf0 (0x028e0263) beq     t3, s0, pc + 36
core   0: 3 0x80005cf0 (0x028e0263)
core   0: 0x80005cf4 (0x039d90b3) mulh    ra, s11, s9
core   0: 3 0x80005cf4 (0x039d90b3) x 1 0x00000000
core   0: 0x80005cf8 (0xf577c893) xori    a7, a5, -169
core   0: 3 0x80005cf8 (0xf577c893) x17 0xffffff57
core   0: 0x80005cfc (0x00000013) nop
core   0: 3 0x80005cfc (0x00000013)
core   0: 0x80005d00 (0x486f8193) addi    gp, t6, 1158
core   0: 3 0x80005d00 (0x486f8193) x 3 0x00000487
core   0: 0x80005d04 (0x00ec3fb3) sltu    t6, s8, a4
core   0: 3 0x80005d04 (0x00ec3fb3) x31 0x00000000
core   0: 0x80005d08 (0x40658fb3) sub     t6, a1, t1
core   0: 3 0x80005d08 (0x40658fb3) x31 0xfffffe02
core   0: 0x80005d0c (0x02c45e63) bge     s0, a2, pc + 60
core   0: 3 0x80005d0c (0x02c45e63)
core   0: 0x80005d48 (0x581e3fb7) lui     t6, 0x581e3
core   0: 3 0x80005d48 (0x581e3fb7) x31 0x581e3000
core   0: 0x80005d4c (0x01450133) add     sp, a0, s4
core   0: 3 0x80005d4c (0x01450133) x 2 0xebb37a26
core   0: 0x80005d50 (0x021e0033) mul     zero, t3, ra
core   0: 3 0x80005d50 (0x021e0033)
core   0: 0x80005d54 (0x94a07737) lui     a4, 0x94a07
core   0: 3 0x80005d54 (0x94a07737) x14 0x94a07000
core   0: 0x80005d58 (0x03f767b3) rem     a5, a4, t6
core   0: 3 0x80005d58 (0x03f767b3) x15 0xecbea000
core   0: 0x80005d5c (0x01149ab3) sll     s5, s1, a7
core   0: 3 0x80005d5c (0x01149ab3) x21 0x00000000
core   0: 0x80005d60 (0x41a758b3) sra     a7, a4, s10
core   0: 3 0x80005d60 (0x41a758b3) x17 0x94a07000
core   0: 0x80005d64 (0x6d72ae13) slti    t3, t0, 1751
core   0: 3 0x80005d64 (0x6d72ae13) x28 0x00000001
core   0: 0x80005d68 (0x87dbcf93) xori    t6, s7, -1923
core   0: 3 0x80005d68 (0x87dbcf93) x31 0xfffff87d
core   0: 0x80005d6c (0x03592db3) mulhsu  s11, s2, s5
core   0: 3 0x80005d6c (0x03592db3) x27 0x00000000
core   0: 0x80005d70 (0x01d54033) xor     zero, a0, t4
core   0: 3 0x80005d70 (0x01d54033)
core   0: 0x80005d74 (0x028a50b3) divu    ra, s4, s0
core   0: 3 0x80005d74 (0x028a50b3) x 1 0x01b4e817
core   0: 0x80005d78 (0xbf61f1b7) lui     gp, 0xbf61f
core   0: 3 0x80005d78 (0xbf61f1b7) x 3 0xbf61f000
core   0: 0x80005d7c (0x025d3fb3) mulhu   t6, s10, t0
core   0: 3 0x80005d7c (0x025d3fb3) x31 0x00000000
core   0: 0x80005d80 (0x0eff9e63) bne     t6, a5, pc + 252
core   0: 3 0x80005d80 (0x0eff9e63)
core   0: 0x80005e7c (0x1a8c2013) slti    zero, s8, 424
core   0: 3 0x80005e7c (0x1a8c2013)
core   0: 0x80005e80 (0x00c6d1b3) srl     gp, a3, a2
core   0: 3 0x80005e80 (0x00c6d1b3) x 3 0xf9cb1728
core   0: 0x80005e84 (0x4092da13) srai    s4, t0, 9
core   0: 3 0x80005e84 (0x4092da13) x20 0x00000000
core   0: 0x80005e88 (0x8f708093) addi    ra, ra, -1801
core   0: 3 0x80005e88 (0x8f708093) x 1 0x01b4e10e
core   0: 0x80005e8c (0x01100933) add     s2, zero, a7
core   0: 3 0x80005e8c (0x01100933) x18 0x94a07000
core   0: 0x80005e90 (0xe4966e13) ori     t3, a2, -439
core   0: 3 0x80005e90 (0xe4966e13) x28 0xfffffe49
core   0: 0x80005e94 (0x023e0e63) beq     t3, gp, pc + 60
core   0: 3 0x80005e94 (0x023e0e63)
core   0: 0x80005e98 (0xcb9aa413) slti    s0, s5, -839
core   0: 3 0x80005e98 (0xcb9aa413) x 8 0x00000000
core   0: 0x80005e9c (0x03ce1063) bne     t3, t3, pc + 32
core   0: 3 0x80005e9c (0x03ce1063)
core   0: 0x80005ea0 (0x00705d93) srli    s11, zero, 7
core   0: 3 0x80005ea0 (0x00705d93) x27 0x00000000
core   0: 0x80005ea4 (0x54998e93) addi    t4, s3, 1353
core   0: 3 0x80005ea4 (0x54998e93) x29 0x00000549
core   0: 0x80005ea8 (0x02a0e2b3) rem     t0, ra, a0
core   0: 3 0x80005ea8 (0x02a0e2b3) x 5 0x01b4e10e
core   0: 0x80005eac (0x00d79333) sll     t1, a5, a3
core   0: 3 0x80005eac (0x00d79333) x 6 0xbea00000
core   0: 0x80005eb0 (0x03aa3db3) mulhu   s11, s4, s10
core   0: 3 0x80005eb0 (0x03aa3db3) x27 0x00000000
core   0: 0x80005eb4 (0x01435213) srli    tp, t1, 20
core   0: 3 0x80005eb4 (0x01435213) x 4 0x00000bea
core   0: 0x80005eb8 (0x615f6417) auipc   s0, 0x615f6
core   0: 3 0x80005eb8 (0x615f6417) x 8 0xe15fbeb8
core   0: 0x80005ebc (0xacf00537) lui     a0, 0xacf00
core   0: 3 0x80005ebc (0xacf00537) x10 0xacf00000
core   0: 0x80005ec0 (0x0191ba33) sltu    s4, gp, s9
core   0: 3 0x80005ec0 (0x0191ba33) x20 0x00000000
core   0: 0x80005ec4 (0x030b9a63) bne     s7, a6, pc + 52
core   0: 3 0x80005ec4 (0x030b9a63)
core   0: 0x80005ef8 (0x01419693) slli    a3, gp, 20
core   0: 3 0x80005ef8 (0x01419693) x13 0x72800000
core   0: 0x80005efc (0x04a25063) bge     tp, a0, pc + 64
core   0: 3 0x80005efc (0x04a25063)
core   0: 0x80005f3c (0x03c64263) blt     a2, t3, pc + 36
core   0: 3 0x80005f3c (0x03c64263)
core   0: 0x80005f60 (0xfb9d84b7) lui     s1, 0xfb9d8
core   0: 3 0x80005f60 (0xfb9d84b7) x 9 0xfb9d8000
core   0: 0x80005f64 (0x035c90b3) mulh    ra, s9, s5
core   0: 3 0x80005f64 (0x035c90b3) x 1 0x00000000
core   0: 0x80005f68 (0x0095f463) bgeu    a1, s1, pc + 8
core   0: 3 0x80005f68 (0x0095f463)
core   0: 0x80005f70 (0x0328f5b3) remu    a1, a7, s2
core   0: 3 0x80005f70 (0x0328f5b3) x11 0x00000000
core   0: 0x80005f74 (0xfb89c593) xori    a1, s3, -72
core   0: 3 0x80005f74 (0xfb89c593) x11 0xffffffb8
core   0: 0x80005f78 (0x03ee51b3) divu    gp, t3, t5
core   0: 3 0x80005f78 (0x03ee51b3) x 3 0xffffffff
core   0: 0x80005f7c (0x030addb3) divu    s11, s5, a6
core   0: 3 0x80005f7c (0x030addb3) x27 0x00000000
core   0: 0x80005f80 (0x02448263) beq     s1, tp, pc + 36
core   0: 3 0x80005f80 (0x02448263)
core   0: 0x80005f84 (0x4c7cee93) ori     t4, s9, 1223
core   0: 3 0x80005f84 (0x4c7cee93) x29 0x000004c7
core   0: 0x80005f88 (0x024fbdb3) mulhu   s11, t6, tp
core   0: 3 0x80005f88 (0x024fbdb3) x27 0x00000000
core   0: 0x80005f8c (0x0329dcb3) divu    s9, s3, s2
core   0: 3 0x80005f8c (0x0329dcb3) x25 0x00000000
core   0: 0x80005f90 (0x027fe533) rem     a0, t6, t2
core   0: 3 0x80005f90 (0x027fe533) x10 0x00000000
core   0: 0x80005f94 (0x02642933) mulhsu  s2, s0, t1
core   0: 3 0x80005f94 (0x02642933) x18 0xe931eb63
core   0: 0x80005f98 (0x02b85e63) bge     a6, a1, pc + 60
core   0: 3 0x80005f98 (0x02b85e63)
core   0: 0x80005f9c (0x0495db17) auipc   s6, 0x495d
core   0: 3 0x80005f9c (0x0495db17) x22 0x84962f9c
core   0: 0x80005fa0 (0x00fd4463) blt     s10, a5, pc + 8
core   0: 3 0x80005fa0 (0x00fd4463)
core   0: 0x80005fa4 (0x00f9a333) slt     t1, s3, a5
core   0: 3 0x80005fa4 (0x00f9a333) x 6 0x00000000
core   0: 0x80005fa8 (0x02b6b6b3) mulhu   a3, a3, a1
core   0: 3 0x80005fa8 (0x02b6b6b3) x13 0x727fffdf
core   0: 0x80005fac (0x005513b3) sll     t2, a0, t0
core   0: 3 0x80005fac (0x005513b3) x 7 0x00000000
core   0: 0x80005fb0 (0x011eaeb3) slt     t4, t4, a7
core   0: 3 0x80005fb0 (0x011eaeb3) x29 0x00000000
core   0: 0x80005fb4 (0x02866db3) rem     s11, a2, s0
core   0: 3 0x80005fb4 (0x02866db3) x27 0xfa810520
core   0: 0x80005fb8 (0x03c7dab3) divu    s5, a5, t3
core   0: 3 0x80005fb8 (0x03c7dab3) x21 0x00000000
core   0: 0x80005fbc (0x005279b3) and     s3, tp, t0
core   0: 3 0x80005fbc (0x005279b3) x19 0x0000010a
core   0: 0x80005fc0 (0x0024e3b3) or      t2, s1, sp
core   0: 3 0x80005fc0 (0x0024e3b3) x 7 0xfbbffa26
core   0: 0x80005fc4 (0x41035ab3) sra     s5, t1, a6
core   0: 3 0x80005fc4 (0x41035ab3) x21 0x00000000
core   0: 0x80005fc8 (0x041cf263) bgeu    s9, ra, pc + 68
core   0: 3 0x80005fc8 (0x041cf263)
core   0: 0x8000600c (0x02aeb033) mulhu   zero, t4, a0
core   0: 3 0x8000600c (0x02aeb033)
core   0: 0x80006010 (0x03ebda33) divu    s4, s7, t5
core   0: 3 0x80006010 (0x03ebda33) x20 0xffffffff
core   0: 0x80006014 (0x00bcecb3) or      s9, s9, a1
core   0: 3 0x80006014 (0x00bcecb3) x25 0xffffffb8
core   0: 0x80006018 (0x03cd26b3) mulhsu  a3, s10, t3
core   0: 3 0x80006018 (0x03cd26b3) x13 0x0f1d23e6
core   0: 0x8000601c (0x00dd38b3) sltu    a7, s10, a3
core   0: 3 0x8000601c (0x00dd38b3) x17 0x00000000
core   0: 0x80006020 (0x0134ed33) or      s10, s1, s3
core   0: 3 0x80006020 (0x0134ed33) x26 0xfb9d810a
core   0: 0x80006024 (0x039e7eb3) remu    t4, t3, s9
core   0: 3 0x80006024 (0x039e7eb3) x29 0xfffffe49
core   0: 0x80006028 (0x014705b3) add     a1, a4, s4
core   0: 3 0x80006028 (0x014705b3) x11 0x94a06fff
core   0: 0x8000602c (0x007a1e33) sll     t3, s4, t2
core   0: 3 0x8000602c (0x007a1e33) x28 0xffffffc0
core   0: 0x80006030 (0xdff21f37) lui     t5, 0xdff21
core   0: 3 0x80006030 (0xdff21f37) x30 0xdff21000
core   0: 0x80006034 (0x00591cb3) sll     s9, s2, t0
core   0: 3 0x80006034 (0x00591cb3) x25 0x7ad8c000
core   0: 0x80006038 (0x00adeab3) or      s5, s11, a0
core   0: 3 0x80006038 (0x00adeab3) x21 0xfa810520
core   0: 0x8000603c (0x01455a33) srl     s4, a0, s4
core   0: 3 0x8000603c (0x01455a33) x20 0x00000000
core   0: 0x80006040 (0x00c9d0b3) srl     ra, s3, a2
core   0: 3 0x80006040 (0x00c9d0b3) x 1 0x0000010a
core   0: 0x80006044 (0x7efd3f93) sltiu   t6, s10, 2031
core   0: 3 0x80006044 (0x7efd3f93) x31 0x00000000
core   0: 0x80006048 (0x69427d13) andi    s10, tp, 1684
core   0: 3 0x80006048 (0x69427d13) x26 0x00000280
core   0: 0x8000604c (0x02e97c63) bgeu    s2, a4, pc + 56
core   0: 3 0x8000604c (0x02e97c63)
core   0: 0x80006084 (0xc6db4413) xori    s0, s6, -915
core   0: 3 0x80006084 (0xc6db4413) x 8 0x7b69d3f1
core   0: 0x80006088 (0x00d2f663) bgeu    t0, a3, pc + 12
core   0: 3 0x80006088 (0x00d2f663)
core   0: 0x8000608c (0x113bcb13) xori    s6, s7, 275
core   0: 3 0x8000608c (0x113bcb13) x22 0x00000113
core   0: 0x80006090 (0x02f43033) mulhu   zero, s0, a5
core   0: 3 0x80006090 (0x02f43033)
core   0: 0x80006094 (0x009d1a13) slli    s4, s10, 9
core   0: 3 0x80006094 (0x009d1a13) x20 0x00050000
core   0: 0x80006098 (0x0226b9b3) mulhu   s3, a3, sp
core   0: 3 0x80006098 (0x0226b9b3) x19 0x0dea588a
core   0: 0x8000609c (0x00d71463) bne     a4, a3, pc + 8
core   0: 3 0x8000609c (0x00d71463)
core   0: 0x800060a4 (0x00000013) nop
core   0: 3 0x800060a4 (0x00000013)
core   0: 0x800060a8 (0x00f59993) slli    s3, a1, 15
core   0: 3 0x800060a8 (0x00f59993) x19 0x37ff8000
core   0: 0x800060ac (0x010b15b3) sll     a1, s6, a6
core   0: 3 0x800060ac (0x010b15b3) x11 0x00001130
core   0: 0x800060b0 (0xf0f66293) ori     t0, a2, -241
core   0: 3 0x800060b0 (0xf0f66293) x 5 0xffffff0f
core   0: 0x800060b4 (0x00cc8db3) add     s11, s9, a2
core   0: 3 0x800060b4 (0x00cc8db3) x27 0xfad8c000
core   0: 0x800060b8 (0x02156cb3) rem     s9, a0, ra
core   0: 3 0x800060b8 (0x02156cb3) x25 0x00000000
core   0: 0x800060bc (0x02e4e063) bltu    s1, a4, pc + 32
core   0: 3 0x800060bc (0x02e4e063)
core   0: 0x800060c0 (0x005a1133) sll     sp, s4, t0
core   0: 3 0x800060c0 (0x005a1133) x 2 0x80000000
core   0: 0x800060c4 (0x403dd913) srai    s2, s11, 3
core   0: 3 0x800060c4 (0x403dd913) x18 0xff5b1800
core   0: 0x800060c8 (0x02875733) divu    a4, a4, s0
core   0: 3 0x800060c8 (0x02875733) x14 0x00000001
core   0: 0x800060cc (0x00885133) srl     sp, a6, s0
core   0: 3 0x800060cc (0x00885133) x 2 0x00004001
core   0: 0x800060d0 (0xaccb8d13) addi    s10, s7, -1332
core   0: 3 0x800060d0 (0xaccb8d13) x26 0xfffffacc
core   0: 0x800060d4 (0x400f83b3) sub     t2, t6, zero
core   0: 3 0x800060d4 (0x400f83b3) x 7 0x00000000
core   0: 0x800060d8 (0x01d78533) add     a0, a5, t4
core   0: 3 0x800060d8 (0x01d78533) x10 0xecbe9e49
core   0: 0x800060dc (0x08db7993) andi    s3, s6, 141
core   0: 3 0x800060dc (0x08db7993) x19 0x00000001
core   0: 0x800060e0 (0x0269e433) rem     s0, s3, t1
core   0: 3 0x800060e0 (0x0269e433) x 8 0x00000001
core   0: 0x800060e4 (0x5d396393) ori     t2, s2, 1491
core   0: 3 0x800060e4 (0x5d396393) x 7 0xff5b1dd3
core   0: 0x800060e8 (0x00000013) nop
core   0: 3 0x800060e8 (0x00000013)
core   0: 0x800060ec (0xa1e40017) auipc   zero, 0xa1e40
core   0: 3 0x800060ec (0xa1e40017)
core   0: 0x800060f0 (0x03b06863) bltu    zero, s11, pc + 48
core   0: 3 0x800060f0 (0x03b06863)
core   0: 0x80006120 (0x02796db3) rem     s11, s2, t2
core   0: 3 0x80006120 (0x02796db3) x27 0xfffffa2d
core   0: 0x80006124 (0x03f867b3) rem     a5, a6, t6
core   0: 3 0x80006124 (0x03f867b3) x15 0x80025e64
core   0: 0x80006128 (0x00772333) slt     t1, a4, t2
core   0: 3 0x80006128 (0x00772333) x 6 0x00000000
core   0: 0x8000612c (0x01019a93) slli    s5, gp, 16
core   0: 3 0x8000612c (0x01019a93) x21 0xffff0000
core   0: 0x80006130 (0x919a7093) andi    ra, s4, -1767
core   0: 3 0x80006130 (0x919a7093) x 1 0x00050000
core   0: 0x80006134 (0x02e65263) bge     a2, a4, pc + 36
core   0: 3 0x80006134 (0x02e65263)
core   0: 0x80006138 (0x40960fb3) sub     t6, a2, s1
core   0: 3 0x80006138 (0x40960fb3) x31 0x84628000
core   0: 0x8000613c (0x00699e33) sll     t3, s3, t1
core   0: 3 0x8000613c (0x00699e33) x28 0x00000001
core   0: 0x80006140 (0x050b9063) bne     s7, a6, pc + 64
core   0: 3 0x80006140 (0x050b9063)
core   0: 0x80006180 (0xcc8c0513) addi    a0, s8, -824
core   0: 3 0x80006180 (0xcc8c0513) x10 0x800299ac
core   0: 0x80006184 (0x070fa413) slti    s0, t6, 112
core   0: 3 0x80006184 (0x070fa413) x 8 0x00000001
core   0: 0x80006188 (0xe3497493) andi    s1, s2, -460
core   0: 3 0x80006188 (0xe3497493) x 9 0xff5b1800
core   0: 0x8000618c (0x90523f13) sltiu   t5, tp, -1787
core   0: 3 0x8000618c (0x90523f13) x30 0x00000001
core   0: 0x80006190 (0x035fe233) rem     tp, t6, s5
core   0: 3 0x80006190 (0x035fe233) x 4 0xffff8000
core   0: 0x80006194 (0x028520b3) mulhsu  ra, a0, s0
core   0: 3 0x80006194 (0x028520b3) x 1 0xffffffff
core   0: 0x80006198 (0x41df8bb3) sub     s7, t6, t4
core   0: 3 0x80006198 (0x41df8bb3) x23 0x846281b7
core   0: 0x8000619c (0x27937893) andi    a7, t1, 633
core   0: 3 0x8000619c (0x27937893) x17 0x00000000
core   0: 0x800061a0 (0x001f7233) and     tp, t5, ra
core   0: 3 0x800061a0 (0x001f7233) x 4 0x00000001
core   0: 0x800061a4 (0xc7a83213) sltiu   tp, a6, -902
core   0: 3 0x800061a4 (0xc7a83213) x 4 0x00000001
core   0: 0x800061a8 (0x05ed9063) bne     s11, t5, pc + 64
core   0: 3 0x800061a8 (0x05ed9063)
core   0: 0x800061e8 (0xc3cd2d93) slti    s11, s10, -964
core   0: 3 0x800061e8 (0xc3cd2d93) x27 0x00000001
core   0: 0x800061ec (0x0111c933) xor     s2, gp, a7
core   0: 3 0x800061ec (0x0111c933) x18 0xffffffff
core   0: 0x800061f0 (0x014354b3) srl     s1, t1, s4
core   0: 3 0x800061f0 (0x014354b3) x 9 0x00000000
core   0: 0x800061f4 (0x0001e663) bltu    gp, zero, pc + 12
core   0: 3 0x800061f4 (0x0001e663)
core   0: 0x800061f8 (0x022cd1b3) divu    gp, s9, sp
core   0: 3 0x800061f8 (0x022cd1b3) x 3 0x00000000
core   0: 0x800061fc (0x00000013) nop
core   0: 3 0x800061fc (0x00000013)
core   0: 0x80006200 (0x000ae663) bltu    s5, zero, pc + 12
core   0: 3 0x80006200 (0x000ae663)
core   0: 0x80006204 (0x00a93cb3) sltu    s9, s2, a0
core   0: 3 0x80006204 (0x00a93cb3) x25 0x00000000
core   0: 0x80006208 (0x0ca36113) ori     sp, t1, 202
core   0: 3 0x80006208 (0x0ca36113) x 2 0x000000ca
core   0: 0x8000620c (0x003a1f33) sll     t5, s4, gp
core   0: 3 0x8000620c (0x003a1f33) x30 0x00050000
core   0: 0x80006210 (0x02ef2333) mulhsu  t1, t5, a4
core   0: 3 0x80006210 (0x02ef2333) x 6 0x00000000
core   0: 0x80006214 (0x016aa233) slt     tp, s5, s6
core   0: 3 0x80006214 (0x016aa233) x 4 0x00000001
core   0: 0x80006218 (0x026c79b3) remu    s3, s8, t1
core   0: 3 0x80006218 (0x026c79b3) x19 0x80029ce4
core   0: 0x8000621c (0xe80b3397) auipc   t2, 0xe80b3
core   0: 3 0x8000621c (0xe80b3397) x 7 0x680b921c
core   0: 0x80006220 (0x01196db3) or      s11, s2, a7
core   0: 3 0x80006220 (0x01196db3) x27 0xffffffff
core   0: 0x80006224 (0x00099cb3) sll     s9, s3, zero
core   0: 3 0x80006224 (0x00099cb3) x25 0x80029ce4
core   0: 0x80006228 (0x02350a63) beq     a0, gp, pc + 52
core   0: 3 0x80006228 (0x02350a63)
core   0: 0x8000622c (0x5beab013) sltiu   zero, s5, 1470
core   0: 3 0x8000622c (0x5beab013)
core   0: 0x80006230 (0x01b5b033) sltu    zero, a1, s11
core   0: 3 0x80006230 (0x01b5b033)
core   0: 0x80006234 (0x00000013) nop
core   0: 3 0x80006234 (0x00000013)
core   0: 0x80006238 (0x03c70733) mul     a4, a4, t3
core   0: 3 0x80006238 (0x03c70733) x14 0x00000001
core   0: 0x8000623c (0x000ca2b3) slt     t0, s9, zero
core   0: 3 0x8000623c (0x000ca2b3) x 5 0x00000001
core   0: 0x80006240 (0x02a6dcb3) divu    s9, a3, a0
core   0: 3 0x80006240 (0x02a6dcb3) x25 0x00000000
core   0: 0x80006244 (0x03001e63) bne     zero, a6, pc + 60
core   0: 3 0x80006244 (0x03001e63)
core   0: 0x80006280 (0x55126e93) ori     t4, tp, 1361
core   0: 3 0x80006280 (0x55126e93) x29 0x00000551
core   0: 0x80006284 (0x019e4533) xor     a0, t3, s9
core   0: 3 0x80006284 (0x019e4533) x10 0x00000001
core   0: 0x80006288 (0x002c2a33) slt     s4, s8, sp
core   0: 3 0x80006288 (0x002c2a33) x20 0x00000001
core   0: 0x8000628c (0x41335e13) srai    t3, t1, 19
core   0: 3 0x8000628c (0x41335e13) x28 0x00000000
core   0: 0x80006290 (0xf95a3413) sltiu   s0, s4, -107
core   0: 3 0x80006290 (0xf95a3413) x 8 0x00000001
core   0: 0x80006294 (0x00681493) slli    s1, a6, 6
core   0: 3 0x80006294 (0x00681493) x 9 0x00979900
core   0: 0x80006298 (0x00968cb3) add     s9, a3, s1
core   0: 3 0x80006298 (0x00968cb3) x25 0x0fb4bce6
core   0: 0x8000629c (0x05937663) bgeu    t1, s9, pc + 76
core   0: 3 0x8000629c (0x05937663)
core   0: 0x800062a0 (0x01aab233) sltu    tp, s5, s10
core   0: 3 0x800062a0 (0x01aab233) x 4 0x00000001
core   0: 0x800062a4 (0x4e763e13) sltiu   t3, a2, 1255
core   0: 3 0x800062a4 (0x4e763e13) x28 0x00000000
core   0: 0x800062a8 (0x0368c733) div     a4, a7, s6
core   0: 3 0x800062a8 (0x0368c733) x14 0x00000000
core   0: 0x800062ac (0x40d1db13) srai    s6, gp, 13
core   0: 3 0x800062ac (0x40d1db13) x22 0x00000000
core   0: 0x800062b0 (0x05137263) bgeu    t1, a7, pc + 68
core   0: 3 0x800062b0 (0x05137263)
core   0: 0x800062f4 (0x02e805b3) mul     a1, a6, a4
core   0: 3 0x800062f4 (0x02e805b3) x11 0x00000000
core   0: 0x800062f8 (0x5bed8e13) addi    t3, s11, 1470
core   0: 3 0x800062f8 (0x5bed8e13) x28 0x000005bd
core   0: 0x800062fc (0x00afc8b3) xor     a7, t6, a0
core   0: 3 0x800062fc (0x00afc8b3) x17 0x84628001
core   0: 0x80006300 (0x01149463) bne     s1, a7, pc + 8
core   0: 3 0x80006300 (0x01149463)
core   0: 0x80006308 (0x035c53b3) divu    t2, s8, s5
core   0: 3 0x80006308 (0x035c53b3) x 7 0x00000000
core   0: 0x8000630c (0x0263a933) mulhsu  s2, t2, t1
core   0: 3 0x8000630c (0x0263a933) x18 0x00000000
core   0: 0x80006310 (0x015e59b3) srl     s3, t3, s5
core   0: 3 0x80006310 (0x015e59b3) x19 0x000005bd
core   0: 0x80006314 (0x015f0463) beq     t5, s5, pc + 8
core   0: 3 0x80006314 (0x015f0463)
core   0: 0x80006318 (0x01c7f433) and     s0, a5, t3
core   0: 3 0x80006318 (0x01c7f433) x 8 0x00000424
core   0: 0x8000631c (0x408fda13) srai    s4, t6, 8
core   0: 3 0x8000631c (0x408fda13) x20 0xff846280
core   0: 0x80006320 (0x02277eb3) remu    t4, a4, sp
core   0: 3 0x80006320 (0x02277eb3) x29 0x00000000
core   0: 0x80006324 (0x00000013) nop
core   0: 3 0x80006324 (0x00000013)
core   0: 0x80006328 (0x1934a293) slti    t0, s1, 403
core   0: 3 0x80006328 (0x1934a293) x 5 0x00000000
core   0: 0x8000632c (0x004898b3) sll     a7, a7, tp
core   0: 3 0x8000632c (0x004898b3) x17 0x08c50002
core   0: 0x80006330 (0x008bbd33) sltu    s10, s7, s0
core   0: 3 0x80006330 (0x008bbd33) x26 0x00000000
core   0: 0x80006334 (0x01fee0b3) or      ra, t4, t6
core   0: 3 0x80006334 (0x01fee0b3) x 1 0x84628000
core   0: 0x80006338 (0x01b2fc63) bgeu    t0, s11, pc + 24
core   0: 3 0x80006338 (0x01b2fc63)
core   0: 0x8000633c (0x021cde63) bge     s9, ra, pc + 60
core   0: 3 0x8000633c (0x021cde63)
core   0: 0x80006378 (0x0170b2b3) sltu    t0, ra, s7
core   0: 3 0x80006378 (0x0170b2b3) x 5 0x00000001
core   0: 0x8000637c (0x02f2da63) bge     t0, a5, pc + 52
core   0: 3 0x8000637c (0x02f2da63)
core   0: 0x800063b0 (0x01b96bb3) or      s7, s2, s11
core   0: 3 0x800063b0 (0x01b96bb3) x23 0xffffffff
core   0: 0x800063b4 (0x405156b3) sra     a3, sp, t0
core   0: 3 0x800063b4 (0x405156b3) x13 0x00000065
core   0: 0x800063b8 (0x41edda93) srai    s5, s11, 30
core   0: 3 0x800063b8 (0x41edda93) x21 0xffffffff
core   0: 0x800063bc (0x41a20933) sub     s2, tp, s10
core   0: 3 0x800063bc (0x41a20933) x18 0x00000001
core   0: 0x800063c0 (0x014e4fb3) xor     t6, t3, s4
core   0: 3 0x800063c0 (0x014e4fb3) x31 0xff84673d
core   0: 0x800063c4 (0x0317d033) divu    zero, a5, a7
core   0: 3 0x800063c4 (0x0317d033)
core   0: 0x800063c8 (0x001080b3) add     ra, ra, ra
core   0: 3 0x800063c8 (0x001080b3) x 1 0x08c50000
core   0: 0x800063cc (0x01fa0463) beq     s4, t6, pc + 8
core   0: 3 0x800063cc (0x01fa0463)
core   0: 0x800063d0 (0x7a912413) slti    s0, sp, 1961
core   0: 3 0x800063d0 (0x7a912413) x 8 0x00000001
core   0: 0x800063d4 (0x05f7f463) bgeu    a5, t6, pc + 72
core   0: 3 0x800063d4 (0x05f7f463)
core   0: 0x800063d8 (0x0185d233) srl     tp, a1, s8
core   0: 3 0x800063d8 (0x0185d233) x 4 0x00000000
core   0: 0x800063dc (0xd4f88593) addi    a1, a7, -689
core   0: 3 0x800063dc (0xd4f88593) x11 0x08c4fd51
core   0: 0x800063e0 (0x0229f2b3) remu    t0, s3, sp
core   0: 3 0x800063e0 (0x0229f2b3) x 5 0x00000037
core   0: 0x800063e4 (0x70568013) addi    zero, a3, 1797
core   0: 3 0x800063e4 (0x70568013)
core   0: 0x800063e8 (0x40755ab3) sra     s5, a0, t2
core   0: 3 0x800063e8 (0x40755ab3) x21 0x00000001
core   0: 0x800063ec (0x40addf93) srai    t6, s11, 10
core   0: 3 0x800063ec (0x40addf93) x31 0xffffffff
core   0: 0x800063f0 (0x002fd933) srl     s2, t6, sp
core   0: 3 0x800063f0 (0x002fd933) x18 0x003fffff
core   0: 0x800063f4 (0x865e3413) sltiu   s0, t3, -1947
core   0: 3 0x800063f4 (0x865e3413) x 8 0x00000001
core   0: 0x800063f8 (0x416189b3) sub     s3, gp, s6
core   0: 3 0x800063f8 (0x416189b3) x19 0x00000000
core   0: 0x800063fc (0x03358733) mul     a4, a1, s3
core   0: 3 0x800063fc (0x03358733) x14 0x00000000
core   0: 0x80006400 (0x02c51733) mulh    a4, a0, a2
core   0: 3 0x80006400 (0x02c51733) x14 0xffffffff
core   0: 0x80006404 (0x00e6ab33) slt     s6, a3, a4
core   0: 3 0x80006404 (0x00e6ab33) x22 0x00000000
core   0: 0x80006408 (0x008697b3) sll     a5, a3, s0
core   0: 3 0x80006408 (0x008697b3) x15 0x000000ca
core   0: 0x8000640c (0x01b9d463) bge     s3, s11, pc + 8
core   0: 3 0x8000640c (0x01b9d463)
core   0: 0x80006414 (0x944caf93) slti    t6, s9, -1724
core   0: 3 0x80006414 (0x944caf93) x31 0x00000000
core   0: 0x80006418 (0xbe438a93) addi    s5, t2, -1052
core   0: 3 0x80006418 (0xbe438a93) x21 0xfffffbe4
core   0: 0x8000641c (0x027c7263) bgeu    s8, t2, pc + 36
core   0: 3 0x8000641c (0x027c7263)
core   0: 0x80006440 (0x41aa52b3) sra     t0, s4, s10
core   0: 3 0x80006440 (0x41aa52b3) x 5 0xff846280
core   0: 0x80006444 (0x01cfc463) blt     t6, t3, pc + 8
core   0: 3 0x80006444 (0x01cfc463)
core   0: 0x8000644c (0x04bde863) bltu    s11, a1, pc + 80
core   0: 3 0x8000644c (0x04bde863)
core   0: 0x80006450 (0x00000013) nop
core   0: 3 0x80006450 (0x00000013)
core   0: 0x80006454 (0x039dfab3) remu    s5, s11, s9
core   0: 3 0x80006454 (0x039dfab3) x21 0x04b4319f
core   0: 0x80006458 (0x014032b3) snez    t0, s4
core   0: 3 0x80006458 (0x014032b3) x 5 0x00000001
core   0: 0x8000645c (0x00000013) nop
core   0: 3 0x8000645c (0x00000013)
core   0: 0x80006460 (0x014ef263) bgeu    t4, s4, pc + 4
core   0: 3 0x80006460 (0x014ef263)
core   0: 0x80006464 (0xf4cac493) xori    s1, s5, -180
core   0: 3 0x80006464 (0xf4cac493) x 9 0xfb4bced3
core   0: 0x80006468 (0x04a6f663) bgeu    a3, a0, pc + 76
core   0: 3 0x80006468 (0x04a6f663)
core   0: 0x800064b4 (0x01476b33) or      s6, a4, s4
core   0: 3 0x800064b4 (0x01476b33) x22 0xffffffff
core   0: 0x800064b8 (0x01f0a5b3) slt     a1, ra, t6
core   0: 3 0x800064b8 (0x01f0a5b3) x11 0x00000000
core   0: 0x800064bc (0x00000013) nop
core   0: 3 0x800064bc (0x00000013)
core   0: 0x800064c0 (0x01565f13) srli    t5, a2, 21
core   0: 3 0x800064c0 (0x01565f13) x30 0x00000400
core   0: 0x800064c4 (0x02564e33) div     t3, a2, t0
core   0: 3 0x800064c4 (0x02564e33) x28 0x80000000
core   0: 0x800064c8 (0x02f7a133) mulhsu  sp, a5, a5
core   0: 3 0x800064c8 (0x02f7a133) x 2 0x00000000
core   0: 0x800064cc (0xd1d7a493) slti    s1, a5, -739
core   0: 3 0x800064cc (0xd1d7a493) x 9 0x00000000
core   0: 0x800064d0 (0x02bad1b3) divu    gp, s5, a1
core   0: 3 0x800064d0 (0x02bad1b3) x 3 0xffffffff
core   0: 0x800064d4 (0x0279e1b3) rem     gp, s3, t2
core   0: 3 0x800064d4 (0x0279e1b3) x 3 0x00000000
core   0: 0x800064d8 (0x5d89e493) ori     s1, s3, 1496
core   0: 3 0x800064d8 (0x5d89e493) x 9 0x000005d8
core   0: 0x800064dc (0x008527b3) slt     a5, a0, s0
core   0: 3 0x800064dc (0x008527b3) x15 0x00000000
core   0: 0x800064e0 (0x0216e533) rem     a0, a3, ra
core   0: 3 0x800064e0 (0x0216e533) x10 0x00000065
core   0: 0x800064e4 (0x40128033) sub     zero, t0, ra
core   0: 3 0x800064e4 (0x40128033)
core   0: 0x800064e8 (0x01471433) sll     s0, a4, s4
core   0: 3 0x800064e8 (0x01471433) x 8 0xffffffff
core   0: 0x800064ec (0x00000013) nop
core   0: 3 0x800064ec (0x00000013)
core   0: 0x800064f0 (0x0289b1b3) mulhu   gp, s3, s0
core   0: 3 0x800064f0 (0x0289b1b3) x 3 0x00000000
core   0: 0x800064f4 (0x014d1e13) slli    t3, s10, 20
core   0: 3 0x800064f4 (0x014d1e13) x28 0x00000000
core   0: 0x800064f8 (0x026f0f33) mul     t5, t5, t1
core   0: 3 0x800064f8 (0x026f0f33) x30 0x00000000
core   0: 0x800064fc (0x02c9c063) blt     s3, a2, pc + 32
core   0: 3 0x800064fc (0x02c9c063)
core   0: 0x80006500 (0x02e9fe33) remu    t3, s3, a4
core   0: 3 0x80006500 (0x02e9fe33) x28 0x00000000
core   0: 0x80006504 (0x01ff6463) bltu    t5, t6, pc + 8
core   0: 3 0x80006504 (0x01ff6463)
core   0: 0x80006508 (0x79086e17) auipc   t3, 0x79086
core   0: 3 0x80006508 (0x79086e17) x28 0xf908c508
core   0: 0x8000650c (0x03b76eb3) rem     t4, a4, s11
core   0: 3 0x8000650c (0x03b76eb3) x29 0x00000000
core   0: 0x80006510 (0x00691b33) sll     s6, s2, t1
core   0: 3 0x80006510 (0x00691b33) x22 0x003fffff
core   0: 0x80006514 (0x012db333) sltu    t1, s11, s2
core   0: 3 0x80006514 (0x012db333) x 6 0x00000000
core   0: 0x80006518 (0x020f01b3) mul     gp, t5, zero
core   0: 3 0x80006518 (0x020f01b3) x 3 0x00000000
core   0: 0x8000651c (0x02989a33) mulh    s4, a7, s1
core   0: 3 0x8000651c (0x02989a33) x20 0x00000033
core   0: 0x80006520 (0x407d08b3) sub     a7, s10, t2
core   0: 3 0x80006520 (0x407d08b3) x17 0x00000000
core   0: 0x80006524 (0x0343e133) rem     sp, t2, s4
core   0: 3 0x80006524 (0x0343e133) x 2 0x00000000
core   0: 0x80006528 (0x0279cc63) blt     s3, t2, pc + 56
core   0: 3 0x80006528 (0x0279cc63)
core   0: 0x8000652c (0x01271293) slli    t0, a4, 18
core   0: 3 0x8000652c (0x01271293) x 5 0xfffc0000
core   0: 0x80006530 (0x530dd737) lui     a4, 0x530dd
core   0: 3 0x80006530 (0x530dd737) x14 0x530dd000
core   0: 0x80006534 (0x00e98463) beq     s3, a4, pc + 8
core   0: 3 0x80006534 (0x00e98463)
core   0: 0x80006538 (0x02a70f33) mul     t5, a4, a0
core   0: 3 0x80006538 (0x02a70f33) x30 0xc4731000
core   0: 0x8000653c (0x03b016b3) mulh    a3, zero, s11
core   0: 3 0x8000653c (0x03b016b3) x13 0x00000000
core   0: 0x80006540 (0xfddccc93) xori    s9, s9, -35
core   0: 3 0x80006540 (0xfddccc93) x25 0xf04b433b
core   0: 0x80006544 (0x031e0033) mul     zero, t3, a7
core   0: 3 0x80006544 (0x031e0033)
core   0: 0x80006548 (0x013e0e33) add     t3, t3, s3
core   0: 3 0x80006548 (0x013e0e33) x28 0xf908c508
core   0: 0x8000654c (0x021c5933) divu    s2, s8, ra
core   0: 3 0x8000654c (0x021c5933) x18 0x0000000e
core   0: 0x80006550 (0x02cf1263) bne     t5, a2, pc + 36
core   0: 3 0x80006550 (0x02cf1263)
core   0: 0x80006574 (0x00b45e33) srl     t3, s0, a1
core   0: 3 0x80006574 (0x00b45e33) x28 0xffffffff
core   0: 0x80006578 (0x45f5bd13) sltiu   s10, a1, 1119
core   0: 3 0x80006578 (0x45f5bd13) x26 0x00000001
core   0: 0x8000657c (0x00cad3b3) srl     t2, s5, a2
core   0: 3 0x8000657c (0x00cad3b3) x 7 0x04b4319f
core   0: 0x80006580 (0x031540b3) div     ra, a0, a7
core   0: 3 0x80006580 (0x031540b3) x 1 0xffffffff
core   0: 0x80006584 (0xd77dad13) slti    s10, s11, -649
core   0: 3 0x80006584 (0xd77dad13) x26 0x00000000
core   0: 0x80006588 (0x41225013) srai    zero, tp, 18
core   0: 3 0x80006588 (0x41225013)
core   0: 0x8000658c (0x03f66333) rem     t1, a2, t6
core   0: 3 0x8000658c (0x03f66333) x 6 0x80000000
core   0: 0x80006590 (0x00000013) nop
core   0: 3 0x80006590 (0x00000013)
core   0: 0x80006594 (0x410884b3) sub     s1, a7, a6
core   0: 3 0x80006594 (0x410884b3) x 9 0x7ffda19c
core   0: 0x80006598 (0x0356abb3) mulhsu  s7, a3, s5
core   0: 3 0x80006598 (0x0356abb3) x23 0x00000000
core   0: 0x8000659c (0x40cc85b3) sub     a1, s9, a2
core   0: 3 0x8000659c (0x40cc85b3) x11 0x704b433b
core   0: 0x800065a0 (0x22edf213) andi    tp, s11, 558
core   0: 3 0x800065a0 (0x22edf213) x 4 0x0000022e
core   0: 0x800065a4 (0xbec4e793) ori     a5, s1, -1044
core   0: 3 0x800065a4 (0xbec4e793) x15 0xfffffbfc
core   0: 0x800065a8 (0x05151263) bne     a0, a7, pc + 68
core   0: 3 0x800065a8 (0x05151263)
core   0: 0x800065ec (0x035e0233) mul     tp, t3, s5
core   0: 3 0x800065ec (0x035e0233) x 4 0xfb4bce61
core   0: 0x800065f0 (0x00b039b3) snez    s3, a1
core   0: 3 0x800065f0 (0x00b039b3) x19 0x00000001
core   0: 0x800065f4 (0x02b079b3) remu    s3, zero, a1
core   0: 3 0x800065f4 (0x02b079b3) x19 0x00000000
core   0: 0x800065f8 (0x009fb333) sltu    t1, t6, s1
core   0: 3 0x800065f8 (0x009fb333) x 6 0x00000001
core   0: 0x800065fc (0x00acca33) xor     s4, s9, a0
core   0: 3 0x800065fc (0x00acca33) x20 0xf04b435e
core   0: 0x80006600 (0x00b486b3) add     a3, s1, a1
core   0: 3 0x80006600 (0x00b486b3) x13 0xf048e4d7
core   0: 0x80006604 (0x1780f6b7) lui     a3, 0x1780f
core   0: 3 0x80006604 (0x1780f6b7) x13 0x1780f000
core   0: 0x80006608 (0x03cdcf33) div     t5, s11, t3
core   0: 3 0x80006608 (0x03cdcf33) x30 0x00000001
core   0: 0x8000660c (0x01b8a5b3) slt     a1, a7, s11
core   0: 3 0x8000660c (0x01b8a5b3) x11 0x00000000
core   0: 0x80006610 (0x54a62693) slti    a3, a2, 1354
core   0: 3 0x80006610 (0x54a62693) x13 0x00000001
core   0: 0x80006614 (0xd810ceb7) lui     t4, 0xd810c
core   0: 3 0x80006614 (0xd810ceb7) x29 0xd810c000
core   0: 0x80006618 (0x0079d663) bge     s3, t2, pc + 12
core   0: 3 0x80006618 (0x0079d663)
core   0: 0x8000661c (0x023d84b3) mul     s1, s11, gp
core   0: 3 0x8000661c (0x023d84b3) x 9 0x00000000
core   0: 0x80006620 (0x536ec013) xori    zero, t4, 1334
core   0: 3 0x80006620 (0x536ec013)
core   0: 0x80006624 (0x01b00f33) add     t5, zero, s11
core   0: 3 0x80006624 (0x01b00f33) x30 0xffffffff
core   0: 0x80006628 (0x02a0dd33) divu    s10, ra, a0
core   0: 3 0x80006628 (0x02a0dd33) x26 0x0288df0c
core   0: 0x8000662c (0x5271a213) slti    tp, gp, 1319
core   0: 3 0x8000662c (0x5271a213) x 4 0x00000001
core   0: 0x80006630 (0x03afbd33) mulhu   s10, t6, s10
core   0: 3 0x80006630 (0x03afbd33) x26 0x00000000
core   0: 0x80006634 (0x41a802b3) sub     t0, a6, s10
core   0: 3 0x80006634 (0x41a802b3) x 5 0x80025e64
core   0: 0x80006638 (0x007058b3) srl     a7, zero, t2
core   0: 3 0x80006638 (0x007058b3) x17 0x00000000
core   0: 0x8000663c (0x035a9c63) bne     s5, s5, pc + 56
core   0: 3 0x8000663c (0x035a9c63)
core   0: 0x80006640 (0x029e51b3) divu    gp, t3, s1
core   0: 3 0x80006640 (0x029e51b3) x 3 0xffffffff
core   0: 0x80006644 (0x006cfd33) and     s10, s9, t1
core   0: 3 0x80006644 (0x006cfd33) x26 0x00000001
core   0: 0x80006648 (0x01e2e263) bltu    t0, t5, pc + 4
core   0: 3 0x80006648 (0x01e2e263)
core   0: 0x8000664c (0x0295a6b3) mulhsu  a3, a1, s1
core   0: 3 0x8000664c (0x0295a6b3) x13 0x00000000
core   0: 0x80006650 (0xce94c937) lui     s2, 0xce94c
core   0: 3 0x80006650 (0xce94c937) x18 0xce94c000
core   0: 0x80006654 (0x014a48b3) xor     a7, s4, s4
core   0: 3 0x80006654 (0x014a48b3) x17 0x00000000
core   0: 0x80006658 (0x007a7263) bgeu    s4, t2, pc + 4
core   0: 3 0x80006658 (0x007a7263)
core   0: 0x8000665c (0x031a0a63) beq     s4, a7, pc + 52
core   0: 3 0x8000665c (0x031a0a63)
core   0: 0x80006660 (0x015336b3) sltu    a3, t1, s5
core   0: 3 0x80006660 (0x015336b3) x13 0x00000001
core   0: 0x80006664 (0x7e762993) slti    s3, a2, 2023
core   0: 3 0x80006664 (0x7e762993) x19 0x00000001
core   0: 0x80006668 (0x0b964093) xori    ra, a2, 185
core   0: 3 0x80006668 (0x0b964093) x 1 0x800000b9
core   0: 0x8000666c (0x0018da33) srl     s4, a7, ra
core   0: 3 0x8000666c (0x0018da33) x20 0x00000000
core   0: 0x80006670 (0x02318bb3) mul     s7, gp, gp
core   0: 3 0x80006670 (0x02318bb3) x23 0x00000001
core   0: 0x80006674 (0x002475b3) and     a1, s0, sp
core   0: 3 0x80006674 (0x002475b3) x11 0x00000000
core   0: 0x80006678 (0x00a46e33) or      t3, s0, a0
core   0: 3 0x80006678 (0x00a46e33) x28 0xffffffff
core   0: 0x8000667c (0x02a6c033) div     zero, a3, a0
core   0: 3 0x8000667c (0x02a6c033)
core   0: 0x80006680 (0x00c8e463) bltu    a7, a2, pc + 8
core   0: 3 0x80006680 (0x00c8e463)
core   0: 0x80006688 (0x1ac6a013) slti    zero, a3, 428
core   0: 3 0x80006688 (0x1ac6a013)
core   0: 0x8000668c (0x03386463) bltu    a6, s3, pc + 40
core   0: 3 0x8000668c (0x03386463)
core   0: 0x80006690 (0x013d8463) beq     s11, s3, pc + 8
core   0: 3 0x80006690 (0x013d8463)
core   0: 0x80006694 (0xf19ce693) ori     a3, s9, -231
core   0: 3 0x80006694 (0xf19ce693) x13 0xffffff3b
core   0: 0x80006698 (0x00f01d93) slli    s11, zero, 15
core   0: 3 0x80006698 (0x00f01d93) x27 0x00000000
core   0: 0x8000669c (0x036493b3) mulh    t2, s1, s6
core   0: 3 0x8000669c (0x036493b3) x 7 0x00000000
core   0: 0x800066a0 (0x03b296b3) mulh    a3, t0, s11
core   0: 3 0x800066a0 (0x03b296b3) x13 0x00000000
core   0: 0x800066a4 (0x409856b3) sra     a3, a6, s1
core   0: 3 0x800066a4 (0x409856b3) x13 0x80025e64
core   0: 0x800066a8 (0x0256a6b3) mulhsu  a3, a3, t0
core   0: 3 0x800066a8 (0x0256a6b3) x13 0xc0000005
core   0: 0x800066ac (0x4074d533) sra     a0, s1, t2
core   0: 3 0x800066ac (0x4074d533) x10 0x00000000
core   0: 0x800066b0 (0x00000013) nop
core   0: 3 0x800066b0 (0x00000013)
core   0: 0x800066b4 (0x02e1cc63) blt     gp, a4, pc + 56
core   0: 3 0x800066b4 (0x02e1cc63)
core   0: 0x800066ec (0x4005dcb3) sra     s9, a1, zero
core   0: 3 0x800066ec (0x4005dcb3) x25 0x00000000
core   0: 0x800066f0 (0x02b3f263) bgeu    t2, a1, pc + 36
core   0: 3 0x800066f0 (0x02b3f263)
core   0: 0x80006714 (0x01f3fbb3) and     s7, t2, t6
core   0: 3 0x80006714 (0x01f3fbb3) x23 0x00000000
core   0: 0x80006718 (0x0063ecb3) or      s9, t2, t1
core   0: 3 0x80006718 (0x0063ecb3) x25 0x00000001
core   0: 0x8000671c (0x02be8e63) beq     t4, a1, pc + 60
core   0: 3 0x8000671c (0x02be8e63)
core   0: 0x80006720 (0x030f84b3) mul     s1, t6, a6
core   0: 3 0x80006720 (0x030f84b3) x 9 0x00000000
core   0: 0x80006724 (0x5083e297) auipc   t0, 0x5083e
core   0: 3 0x80006724 (0x5083e297) x 5 0xd0844724
core   0: 0x80006728 (0x0374f733) remu    a4, s1, s7
core   0: 3 0x80006728 (0x0374f733) x14 0x00000000
core   0: 0x8000672c (0x40c08fb3) sub     t6, ra, a2
core   0: 3 0x8000672c (0x40c08fb3) x31 0x000000b9
core   0: 0x80006730 (0xe0add717) auipc   a4, 0xe0add
core   0: 3 0x80006730 (0xe0add717) x14 0x60ae3730
core   0: 0x80006734 (0x01e76663) bltu    a4, t5, pc + 12
core   0: 3 0x80006734 (0x01e76663)
core   0: 0x80006740 (0x00421413) slli    s0, tp, 4
core   0: 3 0x80006740 (0x00421413) x 8 0x00000010
core   0: 0x80006744 (0x007d9f13) slli    t5, s11, 7
core   0: 3 0x80006744 (0x007d9f13) x30 0x00000000
core   0: 0x80006748 (0x031b5333) divu    t1, s6, a7
core   0: 3 0x80006748 (0x031b5333) x 6 0xffffffff
core   0: 0x8000674c (0x0177f1b3) and     gp, a5, s7
core   0: 3 0x8000674c (0x0177f1b3) x 3 0x00000000
core   0: 0x80006750 (0x03295333) divu    t1, s2, s2
core   0: 3 0x80006750 (0x03295333) x 6 0x00000001
core   0: 0x80006754 (0x01f9ccb3) xor     s9, s3, t6
core   0: 3 0x80006754 (0x01f9ccb3) x25 0x000000b8
core   0: 0x80006758 (0x03a4c3b3) div     t2, s1, s10
core   0: 3 0x80006758 (0x03a4c3b3) x 7 0x00000000
core   0: 0x8000675c (0x01daa4b3) slt     s1, s5, t4
core   0: 3 0x8000675c (0x01daa4b3) x 9 0x00000000
core   0: 0x80006760 (0x02c959b3) divu    s3, s2, a2
core   0: 3 0x80006760 (0x02c959b3) x19 0x00000001
core   0: 0x80006764 (0x05b3ca63) blt     t2, s11, pc + 84
core   0: 3 0x80006764 (0x05b3ca63)
core   0: 0x80006768 (0x03f339b3) mulhu   s3, t1, t6
core   0: 3 0x80006768 (0x03f339b3) x19 0x00000000
core   0: 0x8000676c (0x8500ba13) sltiu   s4, ra, -1968
core   0: 3 0x8000676c (0x8500ba13) x20 0x00000001
core   0: 0x80006770 (0x00007697) auipc   a3, 0x7
core   0: 3 0x80006770 (0x00007697) x13 0x8000d770
core   0: 0x80006774 (0xbbc68693) addi    a3, a3, -1092
core   0: 3 0x80006774 (0xbbc68693) x13 0x8000d32c
core   0: 0x80006778 (0x03777bb3) remu    s7, a4, s7
core   0: 3 0x80006778 (0x03777bb3) x23 0x60ae3730
core   0: 0x8000677c (0x01448ab3) add     s5, s1, s4
core   0: 3 0x8000677c (0x01448ab3) x21 0x00000001
core   0: 0x80006780 (0x032e9e33) mulh    t3, t4, s2
core   0: 3 0x80006780 (0x032e9e33) x28 0x07b5863b
core   0: 0x80006784 (0xf4a68693) addi    a3, a3, -182
core   0: 3 0x80006784 (0xf4a68693) x13 0x8000d276
core   0: 0x80006788 (0x00eb3fb3) sltu    t6, s6, a4
core   0: 3 0x80006788 (0x00eb3fb3) x31 0x00000001
core   0: 0x8000678c (0x027b3233) mulhu   tp, s6, t2
core   0: 3 0x8000678c (0x027b3233) x 4 0x00000000
core   0: 0x80006790 (0x026283b3) mul     t2, t0, t1
core   0: 3 0x80006790 (0x026283b3) x 7 0xd0844724
core   0: 0x80006794 (0xa4fbf0b7) lui     ra, 0xa4fbf
core   0: 3 0x80006794 (0xa4fbf0b7) x 1 0xa4fbf000
core   0: 0x80006798 (0x03128733) mul     a4, t0, a7
core   0: 3 0x80006798 (0x03128733) x14 0x00000000
core   0: 0x8000679c (0x0b668be7) jalr    s7, a3, 182
core   0: 3 0x8000679c (0x0b668be7) x23 0x800067a0
core   0: 0x8000d32c (0x004bbeb3) sltu    t4, s7, tp
core   0: 3 0x8000d32c (0x004bbeb3) x29 0x00000000
core   0: 0x8000d330 (0x00cb8863) beq     s7, a2, pc + 16
core   0: 3 0x8000d330 (0x00cb8863)
core   0: 0x8000d334 (0x00b24733) xor     a4, tp, a1
core   0: 3 0x8000d334 (0x00b24733) x14 0x00000000
core   0: 0x8000d338 (0x025b5ab3) divu    s5, s6, t0
core   0: 3 0x8000d338 (0x025b5ab3) x21 0x00000000
core   0: 0x8000d33c (0x035256b3) divu    a3, tp, s5
core   0: 3 0x8000d33c (0x035256b3) x13 0xffffffff
core   0: 0x8000d340 (0xff880813) addi    a6, a6, -8
core   0: 3 0x8000d340 (0xff880813) x16 0x80025e5c
core   0: 0x8000d344 (0x003a7533) and     a0, s4, gp
core   0: 3 0x8000d344 (0x003a7533) x10 0x00000000
core   0: 0x8000d348 (0x01fcf0b3) and     ra, s9, t6
core   0: 3 0x8000d348 (0x01fcf0b3) x 1 0x00000000
core   0: 0x8000d34c (0x7b37e313) ori     t1, a5, 1971
core   0: 3 0x8000d34c (0x7b37e313) x 6 0xffffffff
core   0: 0x8000d350 (0x00595493) srli    s1, s2, 5
core   0: 3 0x8000d350 (0x00595493) x 9 0x0674a600
core   0: 0x8000d354 (0x01782223) sw      s7, 4(a6)
core   0: 3 0x8000d354 (0x01782223) mem 0x80025e60 0x800067a0
core   0: 0x8000d358 (0xa37db713) sltiu   a4, s11, -1481
core   0: 3 0x8000d358 (0xa37db713) x14 0x00000001
core   0: 0x8000d35c (0x00d6b933) sltu    s2, a3, a3
core   0: 3 0x8000d35c (0x00d6b933) x18 0x00000000
core   0: 0x8000d360 (0x405d01b3) sub     gp, s10, t0
core   0: 3 0x8000d360 (0x405d01b3) x 3 0x2f7bb8dd
core   0: 0x8000d364 (0x01cabcb3) sltu    s9, s5, t3
core   0: 3 0x8000d364 (0x01cabcb3) x25 0x00000001
core   0: 0x8000d368 (0x40090233) sub     tp, s2, zero
core   0: 3 0x8000d368 (0x40090233) x 4 0x00000000
core   0: 0x8000d36c (0x00008a33) add     s4, ra, zero
core   0: 3 0x8000d36c (0x00008a33) x20 0x00000000
core   0: 0x8000d370 (0x0106fb33) and     s6, a3, a6
core   0: 3 0x8000d370 (0x0106fb33) x22 0x80025e5c
core   0: 0x8000d374 (0x01c956b3) srl     a3, s2, t3
core   0: 3 0x8000d374 (0x01c956b3) x13 0x00000000
core   0: 0x8000d378 (0x01e97863) bgeu    s2, t5, pc + 16
core   0: 3 0x8000d378 (0x01e97863)
core   0: 0x8000d388 (0xb04febef) jal     s7, pc - 0x1cfc
core   0: 3 0x8000d388 (0xb04febef) x23 0x8000d38c
core   0: 0x8000b68c (0x018f4413) xori    s0, t5, 24
core   0: 3 0x8000b68c (0x018f4413) x 8 0x00000018
core   0: 0x8000b690 (0xff480813) addi    a6, a6, -12
core   0: 3 0x8000b690 (0xff480813) x16 0x80025e50
core   0: 0x8000b694 (0x01782223) sw      s7, 4(a6)
core   0: 3 0x8000b694 (0x01782223) mem 0x80025e54 0x8000d38c
core   0: 0x8000b698 (0x25d9f413) andi    s0, s3, 605
core   0: 3 0x8000b698 (0x25d9f413) x 8 0x00000000
core   0: 0x8000b69c (0x16394a93) xori    s5, s2, 355
core   0: 3 0x8000b69c (0x16394a93) x21 0x00000163
core   0: 0x8000b6a0 (0x01ffc1b3) xor     gp, t6, t6
core   0: 3 0x8000b6a0 (0x01ffc1b3) x 3 0x00000000
core   0: 0x8000b6a4 (0x00005097) auipc   ra, 0x5
core   0: 3 0x8000b6a4 (0x00005097) x 1 0x800106a4
core   0: 0x8000b6a8 (0x57508093) addi    ra, ra, 1397
core   0: 3 0x8000b6a8 (0x57508093) x 1 0x80010c19
core   0: 0x8000b6ac (0x02aa8133) mul     sp, s5, a0
core   0: 3 0x8000b6ac (0x02aa8133) x 2 0x00000000
core   0: 0x8000b6b0 (0x0219d8b3) divu    a7, s3, ra
core   0: 3 0x8000b6b0 (0x0219d8b3) x17 0x00000000
core   0: 0x8000b6b4 (0xfdd08823) sb      t4, -48(ra)
core   0: 3 0x8000b6b4 (0xfdd08823) mem 0x80010be9 0x0
core   0: 0x8000b6b8 (0x0600c303) lbu     t1, 96(ra)
core   0: 3 0x8000b6b8 (0x0600c303) x 6 0x000000ce mem 0x80010c79
core   0: 0x8000b6bc (0xf2708623) sb      t2, -212(ra)
core   0: 3 0x8000b6bc (0xf2708623) mem 0x80010b45 0x24
core   0: 0x8000b6c0 (0x8d1dc6b7) lui     a3, 0x8d1dc
core   0: 3 0x8000b6c0 (0x8d1dc6b7) x13 0x8d1dc000
core   0: 0x8000b6c4 (0xf3509483) lh      s1, -203(ra)
core   0: 3 0x8000b6c4 (0xf3509483) x 9 0x00002864 mem 0x80010b4e
core   0: 0x8000b6c8 (0xf5de4993) xori    s3, t3, -163
core   0: 3 0x8000b6c8 (0xf5de4993) x19 0xf84a7966
core   0: 0x8000b6cc (0x01ce6233) or      tp, t3, t3
core   0: 3 0x8000b6cc (0x01ce6233) x 4 0x07b5863b
core   0: 0x8000b6d0 (0x020a31b3) mulhu   gp, s4, zero
core   0: 3 0x8000b6d0 (0x020a31b3) x 3 0x00000000
core   0: 0x8000b6d4 (0xf8b08a23) sb      a1, -108(ra)
core   0: 3 0x8000b6d4 (0xf8b08a23) mem 0x80010bad 0x0
core   0: 0x8000b6d8 (0x090082a3) sb      a6, 133(ra)
core   0: 3 0x8000b6d8 (0x090082a3) mem 0x80010c9e 0x50
core   0: 0x8000b6dc (0x01b61913) slli    s2, a2, 27
core   0: 3 0x8000b6dc (0x01b61913) x18 0x00000000
core   0: 0x8000b6e0 (0x03908383) lb      t2, 57(ra)
core   0: 3 0x8000b6e0 (0x03908383) x 7 0xffffff86 mem 0x80010c52
core   0: 0x8000b6e4 (0x0254cfb3) div     t6, s1, t0
core   0: 3 0x8000b6e4 (0x0254cfb3) x31 0x00000000
core   0: 0x8000b6e8 (0xf2f0af83) lw      t6, -209(ra)
core   0: 3 0x8000b6e8 (0xf2f0af83) x31 0x3df28b34 mem 0x80010b48
core   0: 0x8000b6ec (0x02e0e3b3) rem     t2, ra, a4
core   0: 3 0x8000b6ec (0x02e0e3b3) x 7 0x00000000
core   0: 0x8000b6f0 (0xf7d082a3) sb      t4, -155(ra)
core   0: 3 0x8000b6f0 (0xf7d082a3) mem 0x80010b7e 0x0
core   0: 0x8000b6f4 (0x04408a03) lb      s4, 68(ra)
core   0: 3 0x8000b6f4 (0x04408a03) x20 0xffffff8f mem 0x80010c5d
core   0: 0x8000b6f8 (0xf6a084a3) sb      a0, -151(ra)
core   0: 3 0x8000b6f8 (0xf6a084a3) mem 0x80010b82 0x0
core   0: 0x8000b6fc (0x0ed09683) lh      a3, 237(ra)
core   0: 3 0x8000b6fc (0x0ed09683) x13 0xffffaf65 mem 0x80010d06
core   0: 0x8000b700 (0xf0a08223) sb      a0, -252(ra)
core   0: 3 0x8000b700 (0xf0a08223) mem 0x80010b1d 0x0
core   0: 0x8000b704 (0x02340cb3) mul     s9, s0, gp
core   0: 3 0x8000b704 (0x02340cb3) x25 0x00000000
core   0: 0x8000b708 (0xd4a74a97) auipc   s5, 0xd4a74
core   0: 3 0x8000b708 (0xd4a74a97) x21 0x54a7f708
core   0: 0x8000b70c (0xf2608203) lb      tp, -218(ra)
core   0: 3 0x8000b70c (0xf2608203) x 4 0xffffffa2 mem 0x80010b3f
core   0: 0x8000b710 (0x0080c483) lbu     s1, 8(ra)
core   0: 3 0x8000b710 (0x0080c483) x 9 0x00000092 mem 0x80010c21
core   0: 0x8000b714 (0xfa00ca03) lbu     s4, -96(ra)
core   0: 3 0x8000b714 (0xfa00ca03) x20 0x000000ad mem 0x80010bb9
core   0: 0x8000b718 (0x0251bf33) mulhu   t5, gp, t0
core   0: 3 0x8000b718 (0x0251bf33) x30 0x00000000
core   0: 0x8000b71c (0x027f6333) rem     t1, t5, t2
core   0: 3 0x8000b71c (0x027f6333) x 6 0x00000000
core   0: 0x8000b720 (0x01dccd33) xor     s10, s9, t4
core   0: 3 0x8000b720 (0x01dccd33) x26 0x00000000
core   0: 0x8000b724 (0x807c8d13) addi    s10, s9, -2041
core   0: 3 0x8000b724 (0x807c8d13) x26 0xfffff807
core   0: 0x8000b728 (0xfb9089a3) sb      s9, -77(ra)
core   0: 3 0x8000b728 (0xfb9089a3) mem 0x80010bcc 0x0
core   0: 0x8000b72c (0x037128b3) mulhsu  a7, sp, s7
core   0: 3 0x8000b72c (0x037128b3) x17 0x00000000
core   0: 0x8000b730 (0x024c94b3) mulh    s1, s9, tp
core   0: 3 0x8000b730 (0x024c94b3) x 9 0x00000000
core   0: 0x8000b734 (0x02c6bab3) mulhu   s5, a3, a2
core   0: 3 0x8000b734 (0x02c6bab3) x21 0x7fffd7b2
core   0: 0x8000b738 (0x034ec133) div     sp, t4, s4
core   0: 3 0x8000b738 (0x034ec133) x 2 0x00000000
core   0: 0x8000b73c (0x01408f83) lb      t6, 20(ra)
core   0: 3 0x8000b73c (0x01408f83) x31 0xffffff8a mem 0x80010c2d
core   0: 0x8000b740 (0x160fab93) slti    s7, t6, 352
core   0: 3 0x8000b740 (0x160fab93) x23 0x00000001
core   0: 0x8000b744 (0x038fa8b3) mulhsu  a7, t6, s8
core   0: 3 0x8000b744 (0x038fa8b3) x17 0xffffffc4
core   0: 0x8000b748 (0xfbc0cf03) lbu     t5, -68(ra)
core   0: 3 0x8000b748 (0xfbc0cf03) x30 0x000000d1 mem 0x80010bd5
core   0: 0x8000b74c (0x020296b3) mulh    a3, t0, zero
core   0: 3 0x8000b74c (0x020296b3) x13 0x00000000
core   0: 0x8000b750 (0x02408323) sb      tp, 38(ra)
core   0: 3 0x8000b750 (0x02408323) mem 0x80010c3f 0xa2
core   0: 0x8000b754 (0x416a52b3) sra     t0, s4, s6
core   0: 3 0x8000b754 (0x416a52b3) x 5 0x00000000
core   0: 0x8000b758 (0xf2a08e23) sb      a0, -196(ra)
core   0: 3 0x8000b758 (0xf2a08e23) mem 0x80010b55 0x0
core   0: 0x8000b75c (0x4006dd33) sra     s10, a3, zero
core   0: 3 0x8000b75c (0x4006dd33) x26 0x00000000
core   0: 0x8000b760 (0x029b6233) rem     tp, s6, s1
core   0: 3 0x8000b760 (0x029b6233) x 4 0x80025e5c
core   0: 0x8000b764 (0x00075cb3) srl     s9, a4, zero
core   0: 3 0x8000b764 (0x00075cb3) x25 0x00000001
core   0: 0x8000b768 (0xf0c0c403) lbu     s0, -244(ra)
core   0: 3 0x8000b768 (0xf0c0c403) x 8 0x00000021 mem 0x80010b25
core   0: 0x8000b76c (0x02c63d33) mulhu   s10, a2, a2
core   0: 3 0x8000b76c (0x02c63d33) x26 0x40000000
core   0: 0x8000b770 (0xf280c103) lbu     sp, -216(ra)
core   0: 3 0x8000b770 (0xf280c103) x 2 0x00000032 mem 0x80010b41
core   0: 0x8000b774 (0x03e5e4b3) rem     s1, a1, t5
core   0: 3 0x8000b774 (0x03e5e4b3) x 9 0x00000000
core   0: 0x8000b778 (0x0379a033) mulhsu  zero, s3, s7
core   0: 3 0x8000b778 (0x0379a033)
core   0: 0x8000b77c (0xfd908b23) sb      s9, -42(ra)
core   0: 3 0x8000b77c (0xfd908b23) mem 0x80010bef 0x1
core   0: 0x8000b780 (0x00007997) auipc   s3, 0x7
core   0: 3 0x8000b780 (0x00007997) x19 0x80012780
core   0: 0x8000b784 (0xadb98993) addi    s3, s3, -1317
core   0: 3 0x8000b784 (0xadb98993) x19 0x8001225b
core   0: 0x8000b788 (0x01a19693) slli    a3, gp, 26
core   0: 3 0x8000b788 (0x01a19693) x13 0x00000000
core   0: 0x8000b78c (0xffc98a83) lb      s5, -4(s3)
core   0: 3 0x8000b78c (0xffc98a83) x21 0xffffffa0 mem 0x80012257
core   0: 0x8000b790 (0x41615fb3) sra     t6, sp, s6
core   0: 3 0x8000b790 (0x41615fb3) x31 0x00000000
core   0: 0x8000b794 (0x8adcf293) andi    t0, s9, -1875
core   0: 3 0x8000b794 (0x8adcf293) x 5 0x00000001
core   0: 0x8000b798 (0xee5b4913) xori    s2, s6, -283
core   0: 3 0x8000b798 (0xee5b4913) x18 0x7ffda0b9
core   0: 0x8000b79c (0x02e303b3) mul     t2, t1, a4
core   0: 3 0x8000b79c (0x02e303b3) x 7 0x00000000
core   0: 0x8000b7a0 (0x00161093) slli    ra, a2, 1
core   0: 3 0x8000b7a0 (0x00161093) x 1 0x00000000
core   0: 0x8000b7a4 (0xb6302f93) slti    t6, zero, -1181
core   0: 3 0x8000b7a4 (0xb6302f93) x31 0x00000000
core   0: 0x8000b7a8 (0x40140cb3) sub     s9, s0, ra
core   0: 3 0x8000b7a8 (0x40140cb3) x25 0x00000021
core   0: 0x8000b7ac (0xf679d583) lhu     a1, -153(s3)
core   0: 3 0x8000b7ac (0xf679d583) x11 0x00002164 mem 0x800121c2
core   0: 0x8000b7b0 (0x20b6aa13) slti    s4, a3, 523
core   0: 3 0x8000b7b0 (0x20b6aa13) x20 0x00000001
core   0: 0x8000b7b4 (0xf8698183) lb      gp, -122(s3)
core   0: 3 0x8000b7b4 (0xf8698183) x 3 0xffffffa7 mem 0x800121e1
core   0: 0x8000b7b8 (0x097996a3) sh      s7, 141(s3)
core   0: 3 0x8000b7b8 (0x097996a3) mem 0x800122e8 0x0001
core   0: 0x8000b7bc (0x0689c003) lbu     zero, 104(s3)
core   0: 3 0x8000b7bc (0x0689c003) mem 0x800122c3
core   0: 0x8000b7c0 (0x0109c283) lbu     t0, 16(s3)
core   0: 3 0x8000b7c0 (0x0109c283) x 5 0x00000016 mem 0x8001226b
core   0: 0x8000b7c4 (0x035b0cb3) mul     s9, s6, s5
core   0: 3 0x8000b7c4 (0x035b0cb3) x25 0xff1c9d80
core   0: 0x8000b7c8 (0x09798e23) sb      s7, 156(s3)
core   0: 3 0x8000b7c8 (0x09798e23) mem 0x800122f7 0x1
core   0: 0x8000b7cc (0x0af99e83) lh      t4, 175(s3)
core   0: 3 0x8000b7cc (0x0af99e83) x29 0x00001327 mem 0x8001230a
core   0: 0x8000b7d0 (0x00b79413) slli    s0, a5, 11
core   0: 3 0x8000b7d0 (0x00b79413) x 8 0xffdfe000
core   0: 0x8000b7d4 (0xfae98183) lb      gp, -82(s3)
core   0: 3 0x8000b7d4 (0xfae98183) x 3 0xfffffff9 mem 0x80012209
core   0: 0x8000b7d8 (0xf149cc83) lbu     s9, -236(s3)
core   0: 3 0x8000b7d8 (0xf149cc83) x25 0x000000e2 mem 0x8001216f
core   0: 0x8000b7dc (0x0f098b03) lb      s6, 240(s3)
core   0: 3 0x8000b7dc (0x0f098b03) x22 0x0000005e mem 0x8001234b
core   0: 0x8000b7e0 (0x02f20a33) mul     s4, tp, a5
core   0: 3 0x8000b7e0 (0x02f20a33) x20 0xf67d1690
core   0: 0x8000b7e4 (0xfa898123) sb      s0, -94(s3)
core   0: 3 0x8000b7e4 (0xfa898123) mem 0x800121fd 0x0
core   0: 0x8000b7e8 (0xf119ce83) lbu     t4, -239(s3)
core   0: 3 0x8000b7e8 (0xf119ce83) x29 0x000000a6 mem 0x8001216c
core   0: 0x8000b7ec (0x0033cd33) xor     s10, t2, gp
core   0: 3 0x8000b7ec (0x0033cd33) x26 0xfffffff9
core   0: 0x8000b7f0 (0x002f5913) srli    s2, t5, 2
core   0: 3 0x8000b7f0 (0x002f5913) x18 0x00000034
core   0: 0x8000b7f4 (0x02202fb3) mulhsu  t6, zero, sp
core   0: 3 0x8000b7f4 (0x02202fb3) x31 0x00000000
core   0: 0x8000b7f8 (0xf3298083) lb      ra, -206(s3)
core   0: 3 0x8000b7f8 (0xf3298083) x 1 0xffffff90 mem 0x8001218d
core   0: 0x8000b7fc (0x03734133) div     sp, t1, s7
core   0: 3 0x8000b7fc (0x03734133) x 2 0x00000000
core   0: 0x8000b800 (0xa117f413) andi    s0, a5, -1519
core   0: 3 0x8000b800 (0xa117f413) x 8 0xfffffa10
core   0: 0x8000b804 (0x04098c83) lb      s9, 64(s3)
core   0: 3 0x8000b804 (0x04098c83) x25 0x0000007c mem 0x8001229b
core   0: 0x8000b808 (0x022fb333) mulhu   t1, t6, sp
core   0: 3 0x8000b808 (0x022fb333) x 6 0x00000000
core   0: 0x8000b80c (0x033fa8b3) mulhsu  a7, t6, s3
core   0: 3 0x8000b80c (0x033fa8b3) x17 0x00000000
core   0: 0x8000b810 (0x8545e193) ori     gp, a1, -1964
core   0: 3 0x8000b810 (0x8545e193) x 3 0xfffff974
core   0: 0x8000b814 (0x3a59ab13) slti    s6, s3, 933
core   0: 3 0x8000b814 (0x3a59ab13) x22 0x00000001
core   0: 0x8000b818 (0x00d162b3) or      t0, sp, a3
core   0: 3 0x8000b818 (0x00d162b3) x 5 0x00000000
core   0: 0x8000b81c (0xf9c991a3) sh      t3, -125(s3)
core   0: 3 0x8000b81c (0xf9c991a3) mem 0x800121de 0x863b
core   0: 0x8000b820 (0x00005197) auipc   gp, 0x5
core   0: 3 0x8000b820 (0x00005197) x 3 0x80010820
core   0: 0x8000b824 (0x2fd18193) addi    gp, gp, 765
core   0: 3 0x8000b824 (0x2fd18193) x 3 0x80010b1d
core   0: 0x8000b828 (0x00818403) lb      s0, 8(gp)
core   0: 3 0x8000b828 (0x00818403) x 8 0x00000021 mem 0x80010b25
core   0: 0x8000b82c (0x0053a9b3) slt     s3, t2, t0
core   0: 3 0x8000b82c (0x0053a9b3) x19 0x00000000
core   0: 0x8000b830 (0xff118f83) lb      t6, -15(gp)
core   0: 3 0x8000b830 (0xff118f83) x31 0xffffffbd mem 0x80010b0e
core   0: 0x8000b834 (0x02ceb233) mulhu   tp, t4, a2
core   0: 3 0x8000b834 (0x02ceb233) x 4 0x00000053
core   0: 0x8000b838 (0x00318a83) lb      s5, 3(gp)
core   0: 3 0x8000b838 (0x00318a83) x21 0x00000011 mem 0x80010b20
core   0: 0x8000b83c (0x01618423) sb      s6, 8(gp)
core   0: 3 0x8000b83c (0x01618423) mem 0x80010b25 0x1
core   0: 0x8000b840 (0x6c272d13) slti    s10, a4, 1730
core   0: 3 0x8000b840 (0x6c272d13) x26 0x00000001
core   0: 0x8000b844 (0x41708fb3) sub     t6, ra, s7
core   0: 3 0x8000b844 (0x41708fb3) x31 0xffffff8f
core   0: 0x8000b848 (0x407da0b7) lui     ra, 0x407da
core   0: 3 0x8000b848 (0x407da0b7) x 1 0x407da000
core   0: 0x8000b84c (0xffa18983) lb      s3, -6(gp)
core   0: 3 0x8000b84c (0xffa18983) x19 0xffffffae mem 0x80010b17
core   0: 0x8000b850 (0x0061cb83) lbu     s7, 6(gp)
core   0: 3 0x8000b850 (0x0061cb83) x23 0x000000a7 mem 0x80010b23
core   0: 0x8000b854 (0xff618e23) sb      s6, -4(gp)
core   0: 3 0x8000b854 (0xff618e23) mem 0x80010b19 0x1
core   0: 0x8000b858 (0xff519e83) lh      t4, -11(gp)
core   0: 3 0x8000b858 (0xff519e83) x29 0x00007e38 mem 0x80010b12
core   0: 0x8000b85c (0xff21c283) lbu     t0, -14(gp)
core   0: 3 0x8000b85c (0xff21c283) x 5 0x00000091 mem 0x80010b0f
core   0: 0x8000b860 (0xfee18d23) sb      a4, -6(gp)
core   0: 3 0x8000b860 (0xfee18d23) mem 0x80010b17 0x1
core   0: 0x8000b864 (0xd9257013) andi    zero, a0, -622
core   0: 3 0x8000b864 (0xd9257013)
core   0: 0x8000b868 (0x00618903) lb      s2, 6(gp)
core   0: 3 0x8000b868 (0x00618903) x18 0xffffffa7 mem 0x80010b23
core   0: 0x8000b86c (0xffb1d103) lhu     sp, -5(gp)
core   0: 3 0x8000b86c (0xffb1d103) x 2 0x000001c6 mem 0x80010b18
core   0: 0x8000b870 (0x02ad2d33) mulhsu  s10, s10, a0
core   0: 3 0x8000b870 (0x02ad2d33) x26 0x00000000
core   0: 0x8000b874 (0x01c1a3a3) sw      t3, 7(gp)
core   0: 3 0x8000b874 (0x01c1a3a3) mem 0x80010b24 0x07b5863b
core   0: 0x8000b878 (0xffc18b23) sb      t3, -10(gp)
core   0: 3 0x8000b878 (0xffc18b23) mem 0x80010b13 0x3b
core   0: 0x8000b87c (0xffb18e23) sb      s11, -4(gp)
core   0: 3 0x8000b87c (0xffb18e23) mem 0x80010b19 0x0
core   0: 0x8000b880 (0x00018f03) lb      t5, 0(gp)
core   0: 3 0x8000b880 (0x00018f03) x30 0x00000000 mem 0x80010b1d
core   0: 0x8000b884 (0xfff19203) lh      tp, -1(gp)
core   0: 3 0x8000b884 (0xfff19203) x 4 0x00000072 mem 0x80010b1c
core   0: 0x8000b888 (0xffd18503) lb      a0, -3(gp)
core   0: 3 0x8000b888 (0xffd18503) x10 0xffffffab mem 0x80010b1a
core   0: 0x8000b88c (0x03ba4d33) div     s10, s4, s11
core   0: 3 0x8000b88c (0x03ba4d33) x26 0xffffffff
core   0: 0x8000b890 (0xfe21ada3) sw      sp, -5(gp)
core   0: 3 0x8000b890 (0xfe21ada3) mem 0x80010b18 0x000001c6
core   0: 0x8000b894 (0x0071d083) lhu     ra, 7(gp)
core   0: 3 0x8000b894 (0x0071d083) x 1 0x0000863b mem 0x80010b24
core   0: 0x8000b898 (0x03ff8e33) mul     t3, t6, t6
core   0: 3 0x8000b898 (0x03ff8e33) x28 0x000031e1
core   0: 0x8000b89c (0x029ecab3) div     s5, t4, s1
core   0: 3 0x8000b89c (0x029ecab3) x21 0xffffffff
core   0: 0x8000b8a0 (0xffc198a3) sh      t3, -15(gp)
core   0: 3 0x8000b8a0 (0xffc198a3) mem 0x80010b0e 0x31e1
core   0: 0x8000b8a4 (0x40405293) srai    t0, zero, 4
core   0: 3 0x8000b8a4 (0x40405293) x 5 0x00000000
core   0: 0x8000b8a8 (0x016190a3) sh      s6, 1(gp)
core   0: 3 0x8000b8a8 (0x016190a3) mem 0x80010b1e 0x0001
core   0: 0x8000b8ac (0x016181a3) sb      s6, 3(gp)
core   0: 3 0x8000b8ac (0x016181a3) mem 0x80010b20 0x1
core   0: 0x8000b8b0 (0x41900333) sub     t1, zero, s9
core   0: 3 0x8000b8b0 (0x41900333) x 6 0xffffff84
core   0: 0x8000b8b4 (0xffa18683) lb      a3, -6(gp)
core   0: 3 0x8000b8b4 (0xffa18683) x13 0x00000001 mem 0x80010b17
core   0: 0x8000b8b8 (0x00a18703) lb      a4, 10(gp)
core   0: 3 0x8000b8b8 (0x00a18703) x14 0x00000007 mem 0x80010b27
core   0: 0x8000b8bc (0x035710b3) mulh    ra, a4, s5
core   0: 3 0x8000b8bc (0x035710b3) x 1 0xffffffff
core   0: 0x8000b8c0 (0x0177bf33) sltu    t5, a5, s7
core   0: 3 0x8000b8c0 (0x0177bf33) x30 0x00000000
core   0: 0x8000b8c4 (0x033dd663) bge     s11, s3, pc + 44
core   0: 3 0x8000b8c4 (0x033dd663)
core   0: 0x8000b8f0 (0x02603a33) mulhu   s4, zero, t1
core   0: 3 0x8000b8f0 (0x02603a33) x20 0x00000000
core   0: 0x8000b8f4 (0x02e59463) bne     a1, a4, pc + 40
core   0: 3 0x8000b8f4 (0x02e59463)
core   0: 0x8000b91c (0x037cf533) remu    a0, s9, s7
core   0: 3 0x8000b91c (0x037cf533) x10 0x0000007c
core   0: 0x8000b920 (0xe2a2f993) andi    s3, t0, -470
core   0: 3 0x8000b920 (0xe2a2f993) x19 0x00000000
core   0: 0x8000b924 (0x036ed863) bge     t4, s6, pc + 48
core   0: 3 0x8000b924 (0x036ed863)
core   0: 0x8000b954 (0x00b597b3) sll     a5, a1, a1
core   0: 3 0x8000b954 (0x00b597b3) x15 0x00021640
core   0: 0x8000b958 (0x33d38693) addi    a3, t2, 829
core   0: 3 0x8000b958 (0x33d38693) x13 0x0000033d
core   0: 0x8000b95c (0x02243bb3) mulhu   s7, s0, sp
core   0: 3 0x8000b95c (0x02243bb3) x23 0x00000000
core   0: 0x8000b960 (0x00a7f9b3) and     s3, a5, a0
core   0: 3 0x8000b960 (0x00a7f9b3) x19 0x00000040
core   0: 0x8000b964 (0x417e8433) sub     s0, t4, s7
core   0: 3 0x8000b964 (0x417e8433) x 8 0x00007e38
core   0: 0x8000b968 (0x41e78bb3) sub     s7, a5, t5
core   0: 3 0x8000b968 (0x41e78bb3) x23 0x00021640
core   0: 0x8000b96c (0x03a5d6b3) divu    a3, a1, s10
core   0: 3 0x8000b96c (0x03a5d6b3) x13 0x00000000
core   0: 0x8000b970 (0x00cbb133) sltu    sp, s7, a2
core   0: 3 0x8000b970 (0x00cbb133) x 2 0x00000001
core   0: 0x8000b974 (0x010b1593) slli    a1, s6, 16
core   0: 3 0x8000b974 (0x010b1593) x11 0x00010000
core   0: 0x8000b978 (0x0386f0b3) remu    ra, a3, s8
core   0: 3 0x8000b978 (0x0386f0b3) x 1 0x00000000
core   0: 0x8000b97c (0x0004d0b3) srl     ra, s1, zero
core   0: 3 0x8000b97c (0x0004d0b3) x 1 0x00000000
core   0: 0x8000b980 (0x0010ec63) bltu    ra, ra, pc + 24
core   0: 3 0x8000b980 (0x0010ec63)
core   0: 0x8000b984 (0x03b8d433) divu    s0, a7, s11
core   0: 3 0x8000b984 (0x03b8d433) x 8 0xffffffff
core   0: 0x8000b988 (0x41e0dcb3) sra     s9, ra, t5
core   0: 3 0x8000b988 (0x41e0dcb3) x25 0x00000000
core   0: 0x8000b98c (0x02df6863) bltu    t5, a3, pc + 48
core   0: 3 0x8000b98c (0x02df6863)
core   0: 0x8000b990 (0x010f47b3) xor     a5, t5, a6
core   0: 3 0x8000b990 (0x010f47b3) x15 0x80025e50
core   0: 0x8000b994 (0x02579333) mulh    t1, a5, t0
core   0: 3 0x8000b994 (0x02579333) x 6 0x00000000
core   0: 0x8000b998 (0x0267aeb3) mulhsu  t4, a5, t1
core   0: 3 0x8000b998 (0x0267aeb3) x29 0x00000000
core   0: 0x8000b99c (0x03ac1c63) bne     s8, s10, pc + 56
core   0: 3 0x8000b99c (0x03ac1c63)
core   0: 0x8000b9d4 (0x40d5da93) srai    s5, a1, 13
core   0: 3 0x8000b9d4 (0x40d5da93) x21 0x00000008
core   0: 0x8000b9d8 (0x001789b3) add     s3, a5, ra
core   0: 3 0x8000b9d8 (0x001789b3) x19 0x80025e50
core   0: 0x8000b9dc (0x00e30ab3) add     s5, t1, a4
core   0: 3 0x8000b9dc (0x00e30ab3) x21 0x00000007
core   0: 0x8000b9e0 (0x0386a1b3) mulhsu  gp, a3, s8
core   0: 3 0x8000b9e0 (0x0386a1b3) x 3 0x00000000
core   0: 0x8000b9e4 (0x00897c63) bgeu    s2, s0, pc + 24
core   0: 3 0x8000b9e4 (0x00897c63)
core   0: 0x8000b9e8 (0x00db9863) bne     s7, a3, pc + 16
core   0: 3 0x8000b9e8 (0x00db9863)
core   0: 0x8000b9f8 (0x0045d233) srl     tp, a1, tp
core   0: 3 0x8000b9f8 (0x0045d233) x 4 0x00000000
core   0: 0x8000b9fc (0x41dd5393) srai    t2, s10, 29
core   0: 3 0x8000b9fc (0x41dd5393) x 7 0xffffffff
core   0: 0x8000ba00 (0x15beae93) slti    t4, t4, 347
core   0: 3 0x8000ba00 (0x15beae93) x29 0x00000001
core   0: 0x8000ba04 (0x03a47863) bgeu    s0, s10, pc + 48
core   0: 3 0x8000ba04 (0x03a47863)
core   0: 0x8000ba34 (0x7251af93) slti    t6, gp, 1829
core   0: 3 0x8000ba34 (0x7251af93) x31 0x00000001
core   0: 0x8000ba38 (0x03745733) divu    a4, s0, s7
core   0: 3 0x8000ba38 (0x03745733) x14 0x00007aab
core   0: 0x8000ba3c (0x00e71033) sll     zero, a4, a4
core   0: 3 0x8000ba3c (0x00e71033)
core   0: 0x8000ba40 (0x0029e233) or      tp, s3, sp
core   0: 3 0x8000ba40 (0x0029e233) x 4 0x80025e51
core   0: 0x8000ba44 (0x034dfa63) bgeu    s11, s4, pc + 52
core   0: 3 0x8000ba44 (0x034dfa63)
core   0: 0x8000ba78 (0x011e1eb3) sll     t4, t3, a7
core   0: 3 0x8000ba78 (0x011e1eb3) x29 0x000031e1
core   0: 0x8000ba7c (0x02084db3) div     s11, a6, zero
core   0: 3 0x8000ba7c (0x02084db3) x27 0xffffffff
core   0: 0x8000ba80 (0x03eae663) bltu    s5, t5, pc + 44
core   0: 3 0x8000ba80 (0x03eae663)
core   0: 0x8000ba84 (0x01c243b3) xor     t2, tp, t3
core   0: 3 0x8000ba84 (0x01c243b3) x 7 0x80026fb0
core   0: 0x8000ba88 (0x026d51b3) divu    gp, s10, t1
core   0: 3 0x8000ba88 (0x026d51b3) x 3 0xffffffff
core   0: 0x8000ba8c (0x038bad33) mulhsu  s10, s7, s8
core   0: 3 0x8000ba8c (0x038bad33) x26 0x00010b25
core   0: 0x8000ba90 (0x03ca8433) mul     s0, s5, t3
core   0: 3 0x8000ba90 (0x03ca8433) x 8 0x00015d27
core   0: 0x8000ba94 (0x0064de93) srli    t4, s1, 6
core   0: 3 0x8000ba94 (0x0064de93) x29 0x00000000
core   0: 0x8000ba98 (0x013e26b3) slt     a3, t3, s3
core   0: 3 0x8000ba98 (0x013e26b3) x13 0x00000000
core   0: 0x8000ba9c (0x028b1463) bne     s6, s0, pc + 40
core   0: 3 0x8000ba9c (0x028b1463)
core   0: 0x8000bac4 (0x01e35493) srli    s1, t1, 30
core   0: 3 0x8000bac4 (0x01e35493) x 9 0x00000000
core   0: 0x8000bac8 (0x03594933) div     s2, s2, s5
core   0: 3 0x8000bac8 (0x03594933) x18 0xfffffff4
core   0: 0x8000bacc (0x004d3cb3) sltu    s9, s10, tp
core   0: 3 0x8000bacc (0x004d3cb3) x25 0x00000001
core   0: 0x8000bad0 (0x027b6933) rem     s2, s6, t2
core   0: 3 0x8000bad0 (0x027b6933) x18 0x00000001
core   0: 0x8000bad4 (0x40ee5533) sra     a0, t3, a4
core   0: 3 0x8000bad4 (0x40ee5533) x10 0x00000006
core   0: 0x8000bad8 (0x024a57b3) divu    a5, s4, tp
core   0: 3 0x8000bad8 (0x024a57b3) x15 0x00000000
core   0: 0x8000badc (0x01679263) bne     a5, s6, pc + 4
core   0: 3 0x8000badc (0x01679263)
core   0: 0x8000bae0 (0x7ce23117) auipc   sp, 0x7ce23
core   0: 3 0x8000bae0 (0x7ce23117) x 2 0xfce2eae0
core   0: 0x8000bae4 (0x419ed2b3) sra     t0, t4, s9
core   0: 3 0x8000bae4 (0x419ed2b3) x 5 0x00000000
core   0: 0x8000bae8 (0x41cadeb3) sra     t4, s5, t3
core   0: 3 0x8000bae8 (0x41cadeb3) x29 0x00000003
core   0: 0x8000baec (0x004b9b93) slli    s7, s7, 4
core   0: 3 0x8000baec (0x004b9b93) x23 0x00216400
core   0: 0x8000baf0 (0x1e23a713) slti    a4, t2, 482
core   0: 3 0x8000baf0 (0x1e23a713) x14 0x00000001
core   0: 0x8000baf4 (0x02e100b3) mul     ra, sp, a4
core   0: 3 0x8000baf4 (0x02e100b3) x 1 0xfce2eae0
core   0: 0x8000baf8 (0x4daf1497) auipc   s1, 0x4daf1
core   0: 3 0x8000baf8 (0x4daf1497) x 9 0xcdafcaf8
core   0: 0x8000bafc (0x03b633b3) mulhu   t2, a2, s11
core   0: 3 0x8000bafc (0x03b633b3) x 7 0x7fffffff
core   0: 0x8000bb00 (0x02dac133) div     sp, s5, a3
core   0: 3 0x8000bb00 (0x02dac133) x 2 0xffffffff
core   0: 0x8000bb04 (0x022fecb3) rem     s9, t6, sp
core   0: 3 0x8000bb04 (0x022fecb3) x25 0x00000000
core   0: 0x8000bb08 (0x02bbe7b3) rem     a5, s7, a1
core   0: 3 0x8000bb08 (0x02bbe7b3) x15 0x00006400
core   0: 0x8000bb0c (0x000d9f13) slli    t5, s11, 0
core   0: 3 0x8000bb0c (0x000d9f13) x30 0xffffffff
core   0: 0x8000bb10 (0x03ce6db3) rem     s11, t3, t3
core   0: 3 0x8000bb10 (0x03ce6db3) x27 0x00000000
core   0: 0x8000bb14 (0x00fe9533) sll     a0, t4, a5
core   0: 3 0x8000bb14 (0x00fe9533) x10 0x00000003
core   0: 0x8000bb18 (0x017c22b3) slt     t0, s8, s7
core   0: 3 0x8000bb18 (0x017c22b3) x 5 0x00000001
core   0: 0x8000bb1c (0x03ee89b3) mul     s3, t4, t5
core   0: 3 0x8000bb1c (0x03ee89b3) x19 0xfffffffd
core   0: 0x8000bb20 (0x9287e393) ori     t2, a5, -1752
core   0: 3 0x8000bb20 (0x9287e393) x 7 0xfffffd28
core   0: 0x8000bb24 (0x01fd5433) srl     s0, s10, t6
core   0: 3 0x8000bb24 (0x01fd5433) x 8 0x00008592
core   0: 0x8000bb28 (0x41e25913) srai    s2, tp, 30
core   0: 3 0x8000bb28 (0x41e25913) x18 0xfffffffe
core   0: 0x8000bb2c (0x03fca0b3) mulhsu  ra, s9, t6
core   0: 3 0x8000bb2c (0x03fca0b3) x 1 0x00000000
core   0: 0x8000bb30 (0x9c053b93) sltiu   s7, a0, -1600
core   0: 3 0x8000bb30 (0x9c053b93) x23 0x00000001
core   0: 0x8000bb34 (0x0396e6b3) rem     a3, a3, s9
core   0: 3 0x8000bb34 (0x0396e6b3) x13 0x00000000
core   0: 0x8000bb38 (0x02837a63) bgeu    t1, s0, pc + 52
core   0: 3 0x8000bb38 (0x02837a63)
core   0: 0x8000bb3c (0xe18a6913) ori     s2, s4, -488
core   0: 3 0x8000bb3c (0xe18a6913) x18 0xfffffe18
core   0: 0x8000bb40 (0x029662b3) rem     t0, a2, s1
core   0: 3 0x8000bb40 (0x029662b3) x 5 0xe4a06a10
core   0: 0x8000bb44 (0x00d68863) beq     a3, a3, pc + 16
core   0: 3 0x8000bb44 (0x00d68863)
core   0: 0x8000bb54 (0x011ee263) bltu    t4, a7, pc + 4
core   0: 3 0x8000bb54 (0x011ee263)
core   0: 0x8000bb58 (0x2a10b093) sltiu   ra, ra, 673
core   0: 3 0x8000bb58 (0x2a10b093) x 1 0x00000001
core   0: 0x8000bb5c (0x04253013) sltiu   zero, a0, 66
core   0: 3 0x8000bb5c (0x04253013)
core   0: 0x8000bb60 (0x0077ee33) or      t3, a5, t2
core   0: 3 0x8000bb60 (0x0077ee33) x28 0xfffffd28
core   0: 0x8000bb64 (0x01eee8b3) or      a7, t4, t5
core   0: 3 0x8000bb64 (0x01eee8b3) x17 0xffffffff
core   0: 0x8000bb68 (0x0235f263) bgeu    a1, gp, pc + 36
core   0: 3 0x8000bb68 (0x0235f263)
core   0: 0x8000bb6c (0x00761693) slli    a3, a2, 7
core   0: 3 0x8000bb6c (0x00761693) x13 0x00000000
core   0: 0x8000bb70 (0x022560b3) rem     ra, a0, sp
core   0: 3 0x8000bb70 (0x022560b3) x 1 0x00000000
core   0: 0x8000bb74 (0xc58a2713) slti    a4, s4, -936
core   0: 3 0x8000bb74 (0xc58a2713) x14 0x00000000
core   0: 0x8000bb78 (0x699d8713) addi    a4, s11, 1689
core   0: 3 0x8000bb78 (0x699d8713) x14 0x00000699
core   0: 0x8000bb7c (0x02123233) mulhu   tp, tp, ra
core   0: 3 0x8000bb7c (0x02123233) x 4 0x00000000
core   0: 0x8000bb80 (0x00b98bb3) add     s7, s3, a1
core   0: 3 0x8000bb80 (0x00b98bb3) x23 0x0000fffd
core   0: 0x8000bb84 (0x029b2a33) mulhsu  s4, s6, s1
core   0: 3 0x8000bb84 (0x029b2a33) x20 0x00000000
core   0: 0x8000bb88 (0x00c2e6b3) or      a3, t0, a2
core   0: 3 0x8000bb88 (0x00c2e6b3) x13 0xe4a06a10
core   0: 0x8000bb8c (0xdfe8cf13) xori    t5, a7, -514
core   0: 3 0x8000bb8c (0xdfe8cf13) x30 0x00000201
core   0: 0x8000bb90 (0x00000013) nop
core   0: 3 0x8000bb90 (0x00000013)
core   0: 0x8000bb94 (0x04ee6663) bltu    t3, a4, pc + 76
core   0: 3 0x8000bb94 (0x04ee6663)
core   0: 0x8000bb98 (0x01e4e0b3) or      ra, s1, t5
core   0: 3 0x8000bb98 (0x01e4e0b3) x 1 0xcdafcaf9
core   0: 0x8000bb9c (0x00244733) xor     a4, s0, sp
core   0: 3 0x8000bb9c (0x00244733) x14 0xffff7a6d
core   0: 0x8000bba0 (0x00434fb3) xor     t6, t1, tp
core   0: 3 0x8000bba0 (0x00434fb3) x31 0x00000000
core   0: 0x8000bba4 (0x021ad063) bge     s5, ra, pc + 32
core   0: 3 0x8000bba4 (0x021ad063)
core   0: 0x8000bbc4 (0xf51fcbef) jal     s7, pc - 0x30b0
core   0: 3 0x8000bbc4 (0xf51fcbef) x23 0x8000bbc8
core   0: 0x80008b14 (0x001049b3) xor     s3, zero, ra
core   0: 3 0x80008b14 (0x001049b3) x19 0xcdafcaf9
core   0: 0x80008b18 (0x4057d113) srai    sp, a5, 5
core   0: 3 0x80008b18 (0x4057d113) x 2 0x00000320
core   0: 0x80008b1c (0xfd4ee993) ori     s3, t4, -44
core   0: 3 0x80008b1c (0xfd4ee993) x19 0xffffffd7
core   0: 0x80008b20 (0x483f8a93) addi    s5, t6, 1155
core   0: 3 0x80008b20 (0x483f8a93) x21 0x00000483
core   0: 0x80008b24 (0xfe480813) addi    a6, a6, -28
core   0: 3 0x80008b24 (0xfe480813) x16 0x80025e34
core   0: 0x80008b28 (0x00e36233) or      tp, t1, a4
core   0: 3 0x80008b28 (0x00e36233) x 4 0xffff7a6d
core   0: 0x80008b2c (0x01d276b3) and     a3, tp, t4
core   0: 3 0x80008b2c (0x01d276b3) x13 0x00000001
core   0: 0x80008b30 (0x033bf1b3) remu    gp, s7, s3
core   0: 3 0x80008b30 (0x033bf1b3) x 3 0x8000bbc8
core   0: 0x80008b34 (0x0337a8b3) mulhsu  a7, a5, s3
core   0: 3 0x80008b34 (0x0337a8b3) x17 0x000063ff
core   0: 0x80008b38 (0x01b5a333) slt     t1, a1, s11
core   0: 3 0x80008b38 (0x01b5a333) x 6 0x00000000
core   0: 0x80008b3c (0x01782223) sw      s7, 4(a6)
core   0: 3 0x80008b3c (0x01782223) mem 0x80025e38 0x8000bbc8
core   0: 0x80008b40 (0xdff24e93) xori    t4, tp, -513
core   0: 3 0x80008b40 (0xdff24e93) x29 0x00008792
core   0: 0x80008b44 (0x01712333) slt     t1, sp, s7
core   0: 3 0x80008b44 (0x01712333) x 6 0x00000000
core   0: 0x80008b48 (0x035ad463) bge     s5, s5, pc + 40
core   0: 3 0x80008b48 (0x035ad463)
core   0: 0x80008b70 (0xe8dfebef) jal     s7, pc - 0x1174
core   0: 3 0x80008b70 (0xe8dfebef) x23 0x80008b74
core   0: 0x800079fc (0xe7620793) addi    a5, tp, -394
core   0: 3 0x800079fc (0xe7620793) x15 0xffff78e3
core   0: 0x80007a00 (0x03241433) mulh    s0, s0, s2
core   0: 3 0x80007a00 (0x03241433) x 8 0xffffffff
core   0: 0x80007a04 (0x0083eeb3) or      t4, t2, s0
core   0: 3 0x80007a04 (0x0083eeb3) x29 0xffffffff
core   0: 0x80007a08 (0xa964e513) ori     a0, s1, -1386
core   0: 3 0x80007a08 (0xa964e513) x10 0xfffffafe
core   0: 0x80007a0c (0x679b0513) addi    a0, s6, 1657
core   0: 3 0x80007a0c (0x679b0513) x10 0x0000067a
core   0: 0x80007a10 (0xfe480813) addi    a6, a6, -28
core   0: 3 0x80007a10 (0xfe480813) x16 0x80025e18
core   0: 0x80007a14 (0x00000013) nop
core   0: 3 0x80007a14 (0x00000013)
core   0: 0x80007a18 (0x01ead533) srl     a0, s5, t5
core   0: 3 0x80007a18 (0x01ead533) x10 0x00000241
core   0: 0x80007a1c (0x01782223) sw      s7, 4(a6)
core   0: 3 0x80007a1c (0x01782223) mem 0x80025e1c 0x80008b74
core   0: 0x80007a20 (0x003f5593) srli    a1, t5, 3
core   0: 3 0x80007a20 (0x003f5593) x11 0x00000040
core   0: 0x80007a24 (0x025b49b3) div     s3, s6, t0
core   0: 3 0x80007a24 (0x025b49b3) x19 0x00000000
core   0: 0x80007a28 (0x036fc533) div     a0, t6, s6
core   0: 3 0x80007a28 (0x036fc533) x10 0x00000000
core   0: 0x80007a2c (0x01598333) add     t1, s3, s5
core   0: 3 0x80007a2c (0x01598333) x 6 0x00000483
core   0: 0x80007a30 (0x0079f463) bgeu    s3, t2, pc + 8
core   0: 3 0x80007a30 (0x0079f463)
core   0: 0x80007a34 (0x000b1263) bnez    s6, pc + 4
core   0: 3 0x80007a34 (0x000b1263)
core   0: 0x80007a38 (0x01b957b3) srl     a5, s2, s11
core   0: 3 0x80007a38 (0x01b957b3) x15 0xfffffe18
core   0: 0x80007a3c (0x96e32893) slti    a7, t1, -1682
core   0: 3 0x80007a3c (0x96e32893) x17 0x00000000
core   0: 0x80007a40 (0x418bd693) srai    a3, s7, 24
core   0: 3 0x80007a40 (0x418bd693) x13 0xffffff80
core   0: 0x80007a44 (0x034be6b3) rem     a3, s7, s4
core   0: 3 0x80007a44 (0x034be6b3) x13 0x80008b74
core   0: 0x80007a48 (0x03fde463) bltu    s11, t6, pc + 40
core   0: 3 0x80007a48 (0x03fde463)
core   0: 0x80007a4c (0x00d1de63) bge     gp, a3, pc + 28
core   0: 3 0x80007a4c (0x00d1de63)
core   0: 0x80007a68 (0x014390b3) sll     ra, t2, s4
core   0: 3 0x80007a68 (0x014390b3) x 1 0xfffffd28
core   0: 0x80007a6c (0x411fd233) sra     tp, t6, a7
core   0: 3 0x80007a6c (0x411fd233) x 4 0x00000000
core   0: 0x80007a70 (0xa592a713) slti    a4, t0, -1447
core   0: 3 0x80007a70 (0xa592a713) x14 0x00000001
core   0: 0x80007a74 (0x045bf463) bgeu    s7, t0, pc + 72
core   0: 3 0x80007a74 (0x045bf463)
core   0: 0x80007a78 (0x9e24c713) xori    a4, s1, -1566
core   0: 3 0x80007a78 (0x9e24c713) x14 0x3250331a
core   0: 0x80007a7c (0x405dd533) sra     a0, s11, t0
core   0: 3 0x80007a7c (0x405dd533) x10 0x00000000
core   0: 0x80007a80 (0x00961863) bne     a2, s1, pc + 16
core   0: 3 0x80007a80 (0x00961863)
core   0: 0x80007a90 (0x02153e33) mulhu   t3, a0, ra
core   0: 3 0x80007a90 (0x02153e33) x28 0x00000000
core   0: 0x80007a94 (0x03d24fb3) div     t6, tp, t4
core   0: 3 0x80007a94 (0x03d24fb3) x31 0x00000000
core   0: 0x80007a98 (0x001fd213) srli    tp, t6, 1
core   0: 3 0x80007a98 (0x001fd213) x 4 0x00000000
core   0: 0x80007a9c (0x026060b3) rem     ra, zero, t1
core   0: 3 0x80007a9c (0x026060b3) x 1 0x00000000
core   0: 0x80007aa0 (0x010a1e93) slli    t4, s4, 16
core   0: 3 0x80007aa0 (0x010a1e93) x29 0x00000000
core   0: 0x80007aa4 (0x01bf57b3) srl     a5, t5, s11
core   0: 3 0x80007aa4 (0x01bf57b3) x15 0x00000201
core   0: 0x80007aa8 (0x41eed0b3) sra     ra, t4, t5
core   0: 3 0x80007aa8 (0x41eed0b3) x 1 0x00000000
core   0: 0x80007aac (0x52950393) addi    t2, a0, 1321
core   0: 3 0x80007aac (0x52950393) x 7 0x00000529
core   0: 0x80007ab0 (0x00000013) nop
core   0: 3 0x80007ab0 (0x00000013)
core   0: 0x80007ab4 (0x01cb7db3) and     s11, s6, t3
core   0: 3 0x80007ab4 (0x01cb7db3) x27 0x00000000
core   0: 0x80007ab8 (0x021e80b3) mul     ra, t4, ra
core   0: 3 0x80007ab8 (0x021e80b3) x 1 0x00000000
core   0: 0x80007abc (0x035ede63) bge     t4, s5, pc + 60
core   0: 3 0x80007abc (0x035ede63)
core   0: 0x80007ac0 (0x1a46fa13) andi    s4, a3, 420
core   0: 3 0x80007ac0 (0x1a46fa13) x20 0x00000124
core   0: 0x80007ac4 (0x008916b3) sll     a3, s2, s0
core   0: 3 0x80007ac4 (0x008916b3) x13 0x00000000
core   0: 0x80007ac8 (0x024e23b3) mulhsu  t2, t3, tp
core   0: 3 0x80007ac8 (0x024e23b3) x 7 0x00000000
core   0: 0x80007acc (0x0176de33) srl     t3, a3, s7
core   0: 3 0x80007acc (0x0176de33) x28 0x00000000
core   0: 0x80007ad0 (0x000c4fb3) xor     t6, s8, zero
core   0: 3 0x80007ad0 (0x000c4fb3) x31 0x80029ce4
core   0: 0x80007ad4 (0x03c54263) blt     a0, t3, pc + 36
core   0: 3 0x80007ad4 (0x03c54263)
core   0: 0x80007ad8 (0x011aa7b3) slt     a5, s5, a7
core   0: 3 0x80007ad8 (0x011aa7b3) x15 0x00000000
core   0: 0x80007adc (0x03759eb3) mulh    t4, a1, s7
core   0: 3 0x80007adc (0x03759eb3) x29 0xffffffe0
core   0: 0x80007ae0 (0x013ddb13) srli    s6, s11, 19
core   0: 3 0x80007ae0 (0x013ddb13) x22 0x00000000
core   0: 0x80007ae4 (0x0109da63) bge     s3, a6, pc + 20
core   0: 3 0x80007ae4 (0x0109da63)
core   0: 0x80007af8 (0x02068fb3) mul     t6, a3, zero
core   0: 3 0x80007af8 (0x02068fb3) x31 0x00000000
core   0: 0x80007afc (0x400e84b3) sub     s1, t4, zero
core   0: 3 0x80007afc (0x400e84b3) x 9 0xffffffe0
core   0: 0x80007b00 (0x03d11533) mulh    a0, sp, t4
core   0: 3 0x80007b00 (0x03d11533) x10 0xffffffff
core   0: 0x80007b04 (0x01df9eb3) sll     t4, t6, t4
core   0: 3 0x80007b04 (0x01df9eb3) x29 0x00000000
core   0: 0x80007b08 (0x320cf093) andi    ra, s9, 800
core   0: 3 0x80007b08 (0x320cf093) x 1 0x00000000
core   0: 0x80007b0c (0x00a73233) sltu    tp, a4, a0
core   0: 3 0x80007b0c (0x00a73233) x 4 0x00000001
core   0: 0x80007b10 (0x00482b83) lw      s7, 4(a6)
core   0: 3 0x80007b10 (0x00482b83) x23 0x80008b74 mem 0x80025e1c
core   0: 0x80007b14 (0x01481713) slli    a4, a6, 20
core   0: 3 0x80007b14 (0x01481713) x14 0xe1800000
core   0: 0x80007b18 (0x01c80813) addi    a6, a6, 28
core   0: 3 0x80007b18 (0x01c80813) x16 0x80025e34
core   0: 0x80007b1c (0x403088b3) sub     a7, ra, gp
core   0: 3 0x80007b1c (0x403088b3) x17 0x7fff4438
core   0: 0x80007b20 (0x026797b3) mulh    a5, a5, t1
core   0: 3 0x80007b20 (0x026797b3) x15 0x00000000
core   0: 0x80007b24 (0x000b8393) mv      t2, s7
core   0: 3 0x80007b24 (0x000b8393) x 7 0x80008b74
core   0: 0x80007b28 (0x000383e7) jalr    t2, t2, 0
core   0: 3 0x80007b28 (0x000383e7) x 7 0x80007b2c
core   0: 0x80008b74 (0xfffffc97) auipc   s9, 0xfffff
core   0: 3 0x80008b74 (0xfffffc97) x25 0x80007b74
core   0: 0x80008b78 (0xfb8c8c93) addi    s9, s9, -72
core   0: 3 0x80008b78 (0xfb8c8c93) x25 0x80007b2c
core   0: 0x80008b7c (0x65b9a993) slti    s3, s3, 1627
core   0: 3 0x80008b7c (0x65b9a993) x19 0x00000001
core   0: 0x80008b80 (0x34211d97) auipc   s11, 0x34211
core   0: 3 0x80008b80 (0x34211d97) x27 0xb4219b80
core   0: 0x80008b84 (0xd3cc8c93) addi    s9, s9, -708
core   0: 3 0x80008b84 (0xd3cc8c93) x25 0x80007868
core   0: 0x80008b88 (0x00000013) nop
core   0: 3 0x80008b88 (0x00000013)
core   0: 0x80008b8c (0x00038933) add     s2, t2, zero
core   0: 3 0x80008b8c (0x00038933) x18 0x80007b2c
core   0: 0x80008b90 (0x12a2ba13) sltiu   s4, t0, 298
core   0: 3 0x80008b90 (0x12a2ba13) x20 0x00000000
core   0: 0x80008b94 (0x008c1ab3) sll     s5, s8, s0
core   0: 3 0x80008b94 (0x008c1ab3) x21 0x00000000
core   0: 0x80008b98 (0x2c5c8be7) jalr    s7, s9, 709
core   0: 3 0x80008b98 (0x2c5c8be7) x23 0x80008b9c
core   0: 0x80007b2c (0x41dd5133) sra     sp, s10, t4
core   0: 3 0x80007b2c (0x41dd5133) x 2 0x00010b25
core   0: 0x80007b30 (0xfcc80813) addi    a6, a6, -52
core   0: 3 0x80007b30 (0xfcc80813) x16 0x80025e00
core   0: 0x80007b34 (0xe4c14513) xori    a0, sp, -436
core   0: 3 0x80007b34 (0xe4c14513) x10 0xfffef569
core   0: 0x80007b38 (0x01831733) sll     a4, t1, s8
core   0: 3 0x80007b38 (0x01831733) x14 0x00004830
core   0: 0x80007b3c (0x00000013) nop
core   0: 3 0x80007b3c (0x00000013)
core   0: 0x80007b40 (0x01782223) sw      s7, 4(a6)
core   0: 3 0x80007b40 (0x01782223) mem 0x80025e04 0x80008b9c
core   0: 0x80007b44 (0x0124dcb3) srl     s9, s1, s2
core   0: 3 0x80007b44 (0x0124dcb3) x25 0x000fffff
core   0: 0x80007b48 (0x400f5fb3) sra     t6, t5, zero
core   0: 3 0x80007b48 (0x400f5fb3) x31 0x00000201
core   0: 0x80007b4c (0xd63d0e93) addi    t4, s10, -669
core   0: 3 0x80007b4c (0xd63d0e93) x29 0x00010888
core   0: 0x80007b50 (0x415b5a93) srai    s5, s6, 21
core   0: 3 0x80007b50 (0x415b5a93) x21 0x00000000
core   0: 0x80007b54 (0x0241c433) div     s0, gp, tp
core   0: 3 0x80007b54 (0x0241c433) x 8 0x8000bbc8
core   0: 0x80007b58 (0x03692e33) mulhsu  t3, s2, s6
core   0: 3 0x80007b58 (0x03692e33) x28 0x00000000
core   0: 0x80007b5c (0x026048b3) div     a7, zero, t1
core   0: 3 0x80007b5c (0x026048b3) x17 0x00000000
core   0: 0x80007b60 (0x00000013) nop
core   0: 3 0x80007b60 (0x00000013)
core   0: 0x80007b64 (0xf7388993) addi    s3, a7, -141
core   0: 3 0x80007b64 (0xf7388993) x19 0xffffff73
core   0: 0x80007b68 (0x00b15713) srli    a4, sp, 11
core   0: 3 0x80007b68 (0x00b15713) x14 0x00000021
core   0: 0x80007b6c (0x01356b33) or      s6, a0, s3
core   0: 3 0x80007b6c (0x01356b33) x22 0xffffff7b
core   0: 0x80007b70 (0x00000013) nop
core   0: 3 0x80007b70 (0x00000013)
core   0: 0x80007b74 (0x413808b3) sub     a7, a6, s3
core   0: 3 0x80007b74 (0x413808b3) x17 0x80025e8d
core   0: 0x80007b78 (0x00e8b033) sltu    zero, a7, a4
core   0: 3 0x80007b78 (0x00e8b033)
core   0: 0x80007b7c (0x0381da33) divu    s4, gp, s8
core   0: 3 0x80007b7c (0x0381da33) x20 0x00000000
core   0: 0x80007b80 (0x00000013) nop
core   0: 3 0x80007b80 (0x00000013)
core   0: 0x80007b84 (0x014b8733) add     a4, s7, s4
core   0: 3 0x80007b84 (0x014b8733) x14 0x80008b9c
core   0: 0x80007b88 (0x41aa0cb3) sub     s9, s4, s10
core   0: 3 0x80007b88 (0x41aa0cb3) x25 0xfffef4db
core   0: 0x80007b8c (0x00c888b3) add     a7, a7, a2
core   0: 3 0x80007b8c (0x00c888b3) x17 0x00025e8d
core   0: 0x80007b90 (0x00000013) nop
core   0: 3 0x80007b90 (0x00000013)
core   0: 0x80007b94 (0x000547b3) xor     a5, a0, zero
core   0: 3 0x80007b94 (0x000547b3) x15 0xfffef569
core   0: 0x80007b98 (0x02faf463) bgeu    s5, a5, pc + 40
core   0: 3 0x80007b98 (0x02faf463)
core   0: 0x80007b9c (0x03dd2033) mulhsu  zero, s10, t4
core   0: 3 0x80007b9c (0x03dd2033)
core   0: 0x80007ba0 (0x02afe733) rem     a4, t6, a0
core   0: 3 0x80007ba0 (0x02afe733) x14 0x00000201
core   0: 0x80007ba4 (0x00709bb3) sll     s7, ra, t2
core   0: 3 0x80007ba4 (0x00709bb3) x23 0x00000000
core   0: 0x80007ba8 (0x00a2c863) blt     t0, a0, pc + 16
core   0: 3 0x80007ba8 (0x00a2c863)
core   0: 0x80007bb8 (0x9b526a13) ori     s4, tp, -1611
core   0: 3 0x80007bb8 (0x9b526a13) x20 0xfffff9b5
core   0: 0x80007bbc (0x05889863) bne     a7, s8, pc + 80
core   0: 3 0x80007bbc (0x05889863)
core   0: 0x80007c0c (0x02d84063) blt     a6, a3, pc + 32
core   0: 3 0x80007c0c (0x02d84063)
core   0: 0x80007c2c (0x02b8de63) bge     a7, a1, pc + 60
core   0: 3 0x80007c2c (0x02b8de63)
core   0: 0x80007c68 (0x03336463) bltu    t1, s3, pc + 40
core   0: 3 0x80007c68 (0x03336463)
core   0: 0x80007c90 (0xa42fb093) sltiu   ra, t6, -1470
core   0: 3 0x80007c90 (0xa42fb093) x 1 0x00000001
core   0: 0x80007c94 (0x02117533) remu    a0, sp, ra
core   0: 3 0x80007c94 (0x02117533) x10 0x00000000
core   0: 0x80007c98 (0x05159063) bne     a1, a7, pc + 64
core   0: 3 0x80007c98 (0x05159063)
core   0: 0x80007cd8 (0x01ac9263) bne     s9, s10, pc + 4
core   0: 3 0x80007cd8 (0x01ac9263)
core   0: 0x80007cdc (0x8b37b793) sltiu   a5, a5, -1869
core   0: 3 0x80007cdc (0x8b37b793) x15 0x00000001
core   0: 0x80007ce0 (0x00482b83) lw      s7, 4(a6)
core   0: 3 0x80007ce0 (0x00482b83) x23 0x80008b9c mem 0x80025e04
core   0: 0x80007ce4 (0x02d99233) mulh    tp, s3, a3
core   0: 3 0x80007ce4 (0x02d99233) x 4 0x00000000
core   0: 0x80007ce8 (0x03480813) addi    a6, a6, 52
core   0: 3 0x80007ce8 (0x03480813) x16 0x80025e34
core   0: 0x80007cec (0x00000013) nop
core   0: 3 0x80007cec (0x00000013)
core   0: 0x80007cf0 (0xa6926a93) ori     s5, tp, -1431
core   0: 3 0x80007cf0 (0xa6926a93) x21 0xfffffa69
core   0: 0x80007cf4 (0x00b05013) srli    zero, zero, 11
core   0: 3 0x80007cf4 (0x00b05013)
core   0: 0x80007cf8 (0x03c362b3) rem     t0, t1, t3
core   0: 3 0x80007cf8 (0x03c362b3) x 5 0x00000483
core   0: 0x80007cfc (0x03a65cb3) divu    s9, a2, s10
core   0: 3 0x80007cfc (0x03a65cb3) x25 0x00007aa9
core   0: 0x80007d00 (0x7b1af293) andi    t0, s5, 1969
core   0: 3 0x80007d00 (0x7b1af293) x 5 0x00000221
core   0: 0x80007d04 (0x001b8493) addi    s1, s7, 1
core   0: 3 0x80007d04 (0x001b8493) x 9 0x80008b9d
core   0: 0x80007d08 (0x000484e7) jalr    s1, s1, 0
core   0: 3 0x80007d08 (0x000484e7) x 9 0x80007d0c
core   0: 0x80008b9c (0x00008d97) auipc   s11, 0x8
core   0: 3 0x80008b9c (0x00008d97) x27 0x80010b9c
core   0: 0x80008ba0 (0x9f2d8d93) addi    s11, s11, -1550
core   0: 3 0x80008ba0 (0x9f2d8d93) x27 0x8001058e
core   0: 0x80008ba4 (0x00579f93) slli    t6, a5, 5
core   0: 3 0x80008ba4 (0x00579f93) x31 0x00000020
core   0: 0x80008ba8 (0x03590d33) mul     s10, s2, s5
core   0: 3 0x80008ba8 (0x03590d33) x26 0x7d4f7d0c
core   0: 0x80008bac (0xfedd8d23) sb      a3, -6(s11)
core   0: 3 0x80008bac (0xfedd8d23) mem 0x80010588 0x0
core   0: 0x80008bb0 (0xff2dcf83) lbu     t6, -14(s11)
core   0: 3 0x80008bb0 (0xff2dcf83) x31 0x00000035 mem 0x80010580
core   0: 0x80008bb4 (0xc530b597) auipc   a1, 0xc530b
core   0: 3 0x80008bb4 (0xc530b597) x11 0x45313bb4
core   0: 0x80008bb8 (0x008d8583) lb      a1, 8(s11)
core   0: 3 0x80008bb8 (0x008d8583) x11 0xffffffc4 mem 0x80010596
core   0: 0x80008bbc (0x3cd9ea17) auipc   s4, 0x3cd9e
core   0: 3 0x80008bbc (0x3cd9ea17) x20 0xbcda6bbc
core   0: 0x80008bc0 (0xfe5d8a23) sb      t0, -12(s11)
core   0: 3 0x80008bc0 (0xfe5d8a23) mem 0x80010582 0x21
core   0: 0x80008bc4 (0x039744b3) div     s1, a4, s9
core   0: 3 0x80008bc4 (0x039744b3) x 9 0x00000000
core   0: 0x80008bc8 (0x03e82cb3) mulhsu  s9, a6, t5
core   0: 3 0x80008bc8 (0x03e82cb3) x25 0xfffffeff
core   0: 0x80008bcc (0x00dd8303) lb      t1, 13(s11)
core   0: 3 0x80008bcc (0x00dd8303) x 6 0x00000062 mem 0x8001059b
core   0: 0x80008bd0 (0x006d9383) lh      t2, 6(s11)
core   0: 3 0x80008bd0 (0x006d9383) x 7 0xffffce05 mem 0x80010594
core   0: 0x80008bd4 (0x3a9c6513) ori     a0, s8, 937
core   0: 3 0x80008bd4 (0x3a9c6513) x10 0x80029fed
core   0: 0x80008bd8 (0xadc8bd13) sltiu   s10, a7, -1316
core   0: 3 0x80008bd8 (0xadc8bd13) x26 0x00000001
core   0: 0x80008bdc (0x008d9003) lh      zero, 8(s11)
core   0: 3 0x80008bdc (0x008d9003) mem 0x80010596
core   0: 0x80008be0 (0xffdd8e23) sb      t4, -4(s11)
core   0: 3 0x80008be0 (0xffdd8e23) mem 0x8001058a 0x88
core   0: 0x80008be4 (0xd02a7397) auipc   t2, 0xd02a7
core   0: 3 0x80008be4 (0xd02a7397) x 7 0x502afbe4
core   0: 0x80008be8 (0x00bdcf83) lbu     t6, 11(s11)
core   0: 3 0x80008be8 (0x00bdcf83) x31 0x0000005d mem 0x80010599
core   0: 0x80008bec (0x0c74f393) andi    t2, s1, 199
core   0: 3 0x80008bec (0x0c74f393) x 7 0x00000000
core   0: 0x80008bf0 (0x012d82a3) sb      s2, 5(s11)
core   0: 3 0x80008bf0 (0x012d82a3) mem 0x80010593 0x2c
core   0: 0x80008bf4 (0x000d9383) lh      t2, 0(s11)
core   0: 3 0x80008bf4 (0x000d9383) x 7 0xfffff00b mem 0x8001058e
core   0: 0x80008bf8 (0xfffdc103) lbu     sp, -1(s11)
core   0: 3 0x80008bf8 (0xfffdc103) x 2 0x000000d0 mem 0x8001058d
core   0: 0x80008bfc (0xff1dc783) lbu     a5, -15(s11)
core   0: 3 0x80008bfc (0xff1dc783) x15 0x000000c0 mem 0x8001057f
core   0: 0x80008c00 (0x009d8e03) lb      t3, 9(s11)
core   0: 3 0x80008c00 (0x009d8e03) x28 0xffffff8e mem 0x80010597
core   0: 0x80008c04 (0x40e79e17) auipc   t3, 0x40e79
core   0: 3 0x80008c04 (0x40e79e17) x28 0xc0e81c04
core   0: 0x80008c08 (0xfe9d8ba3) sb      s1, -9(s11)
core   0: 3 0x80008c08 (0xfe9d8ba3) mem 0x80010585 0x0
core   0: 0x80008c0c (0xff4d8f83) lb      t6, -12(s11)
core   0: 3 0x80008c0c (0xff4d8f83) x31 0x00000021 mem 0x80010582
core   0: 0x80008c10 (0x002ca233) slt     tp, s9, sp
core   0: 3 0x80008c10 (0x002ca233) x 4 0x00000001
core   0: 0x80008c14 (0xcab86093) ori     ra, a6, -853
core   0: 3 0x80008c14 (0xcab86093) x 1 0xfffffebf
core   0: 0x80008c18 (0x00fdc003) lbu     zero, 15(s11)
core   0: 3 0x80008c18 (0x00fdc003) mem 0x8001059d
core   0: 0x80008c1c (0x41825b13) srai    s6, tp, 24
core   0: 3 0x80008c1c (0x41825b13) x22 0x00000000
core   0: 0x80008c20 (0x01cda323) sw      t3, 6(s11)
core   0: 3 0x80008c20 (0x01cda323) mem 0x80010594 0xc0e81c04
core   0: 0x80008c24 (0xfe1d89a3) sb      ra, -13(s11)
core   0: 3 0x80008c24 (0xfe1d89a3) mem 0x80010581 0xbf
core   0: 0x80008c28 (0x004da323) sw      tp, 6(s11)
core   0: 3 0x80008c28 (0x004da323) mem 0x80010594 0x00000001
core   0: 0x80008c2c (0x024e49b3) div     s3, t3, tp
core   0: 3 0x80008c2c (0x024e49b3) x19 0xc0e81c04
core   0: 0x80008c30 (0xff7dc983) lbu     s3, -9(s11)
core   0: 3 0x80008c30 (0xff7dc983) x19 0x00000000 mem 0x80010585
core   0: 0x80008c34 (0xff5d8303) lb      t1, -11(s11)
core   0: 3 0x80008c34 (0xff5d8303) x 6 0x00000055 mem 0x80010583
core   0: 0x80008c38 (0xffedd303) lhu     t1, -2(s11)
core   0: 3 0x80008c38 (0xffedd303) x 6 0x0000d0a0 mem 0x8001058c
core   0: 0x80008c3c (0xfffd8b83) lb      s7, -1(s11)
core   0: 3 0x80008c3c (0xfffd8b83) x23 0xffffffd0 mem 0x8001058d
core   0: 0x80008c40 (0x40cbde33) sra     t3, s7, a2
core   0: 3 0x80008c40 (0x40cbde33) x28 0xffffffd0
core   0: 0x80008c44 (0x03b614b3) mulh    s1, a2, s11
core   0: 3 0x80008c44 (0x03b614b3) x 9 0x3fff7d39
core   0: 0x80008c48 (0x00edcf83) lbu     t6, 14(s11)
core   0: 3 0x80008c48 (0x00edcf83) x31 0x0000008b mem 0x8001059c
core   0: 0x80008c4c (0x01dd8023) sb      t4, 0(s11)
core   0: 3 0x80008c4c (0x01dd8023) mem 0x8001058e 0x88
core   0: 0x80008c50 (0x00017117) auipc   sp, 0x17
core   0: 3 0x80008c50 (0x00017117) x 2 0x8001fc50
core   0: 0x80008c54 (0x16810113) addi    sp, sp, 360
core   0: 3 0x80008c54 (0x16810113) x 2 0x8001fdb8
core   0: 0x80008c58 (0xfe810e23) sb      s0, -4(sp)
core   0: 3 0x80008c58 (0xfe810e23) mem 0x8001fdb4 0xc8
core   0: 0x80008c5c (0x416a88b3) sub     a7, s5, s6
core   0: 3 0x80008c5c (0x416a88b3) x17 0xfffffa69
core   0: 0x80008c60 (0x00dfbe33) sltu    t3, t6, a3
core   0: 3 0x80008c60 (0x00dfbe33) x28 0x00000000
core   0: 0x80008c64 (0x002d1233) sll     tp, s10, sp
core   0: 3 0x80008c64 (0x002d1233) x 4 0x01000000
core   0: 0x80008c68 (0x000115b3) sll     a1, sp, zero
core   0: 3 0x80008c68 (0x000115b3) x11 0x8001fdb8
core   0: 0x80008c6c (0x019141b3) xor     gp, sp, s9
core   0: 3 0x80008c6c (0x019141b3) x 3 0x7ffe0347
core   0: 0x80008c70 (0x00710703) lb      a4, 7(sp)
core   0: 3 0x80008c70 (0x00710703) x14 0xffffffbe mem 0x8001fdbf
core   0: 0x80008c74 (0x0032be33) sltu    t3, t0, gp
core   0: 3 0x80008c74 (0x0032be33) x28 0x00000001
core   0: 0x80008c78 (0x41615693) srai    a3, sp, 22
core   0: 3 0x80008c78 (0x41615693) x13 0xfffffe00
core   0: 0x80008c7c (0x00c426b3) slt     a3, s0, a2
core   0: 3 0x80008c7c (0x00c426b3) x13 0x00000000
core   0: 0x80008c80 (0x032d3db3) mulhu   s11, s10, s2
core   0: 3 0x80008c80 (0x032d3db3) x27 0x00000000
core   0: 0x80008c84 (0x01992f33) slt     t5, s2, s9
core   0: 3 0x80008c84 (0x01992f33) x30 0x00000001
core   0: 0x80008c88 (0xd2c72013) slti    zero, a4, -724
core   0: 3 0x80008c88 (0xd2c72013)
core   0: 0x80008c8c (0xffb10a03) lb      s4, -5(sp)
core   0: 3 0x80008c8c (0xffb10a03) x20 0xfffffff3 mem 0x8001fdb3
core   0: 0x80008c90 (0x40abd713) srai    a4, s7, 10
core   0: 3 0x80008c90 (0x40abd713) x14 0xffffffff
core   0: 0x80008c94 (0x32915537) lui     a0, 0x32915
core   0: 3 0x80008c94 (0x32915537) x10 0x32915000
core   0: 0x80008c98 (0x00f10583) lb      a1, 15(sp)
core   0: 3 0x80008c98 (0x00f10583) x11 0x00000078 mem 0x8001fdc7
core   0: 0x80008c9c (0x01012c83) lw      s9, 16(sp)
core   0: 3 0x80008c9c (0x01012c83) x25 0x98f24a8c mem 0x8001fdc8
core   0: 0x80008ca0 (0x00c11323) sh      a2, 6(sp)
core   0: 3 0x80008ca0 (0x00c11323) mem 0x8001fdbe 0x0000
core   0: 0x80008ca4 (0x01b6d333) srl     t1, a3, s11
core   0: 3 0x80008ca4 (0x01b6d333) x 6 0x00000000
core   0: 0x80008ca8 (0x006e7933) and     s2, t3, t1
core   0: 3 0x80008ca8 (0x006e7933) x18 0x00000000
core   0: 0x80008cac (0x022417b3) mulh    a5, s0, sp
core   0: 3 0x80008cac (0x022417b3) x15 0x3ffea341
core   0: 0x80008cb0 (0x005462b3) or      t0, s0, t0
core   0: 3 0x80008cb0 (0x005462b3) x 5 0x8000bbe9
core   0: 0x80008cb4 (0x20f33293) sltiu   t0, t1, 527
core   0: 3 0x80008cb4 (0x20f33293) x 5 0x00000001
core   0: 0x80008cb8 (0x00000013) nop
core   0: 3 0x80008cb8 (0x00000013)
core   0: 0x80008cbc (0x00723a33) sltu    s4, tp, t2
core   0: 3 0x80008cbc (0x00723a33) x20 0x00000001
core   0: 0x80008cc0 (0x01410523) sb      s4, 10(sp)
core   0: 3 0x80008cc0 (0x01410523) mem 0x8001fdc2 0x1
core   0: 0x80008cc4 (0x00415903) lhu     s2, 4(sp)
core   0: 3 0x80008cc4 (0x00415903) x18 0x00004c10 mem 0x8001fdbc
core   0: 0x80008cc8 (0xfff10a83) lb      s5, -1(sp)
core   0: 3 0x80008cc8 (0xfff10a83) x21 0xffffff9b mem 0x8001fdb7
core   0: 0x80008ccc (0x003c6e33) or      t3, s8, gp
core   0: 3 0x80008ccc (0x003c6e33) x28 0xfffe9fe7
core   0: 0x80008cd0 (0x00611b83) lh      s7, 6(sp)
core   0: 3 0x80008cd0 (0x00611b83) x23 0x00000000 mem 0x8001fdbe
core   0: 0x80008cd4 (0x01bf6033) or      zero, t5, s11
core   0: 3 0x80008cd4 (0x01bf6033)
core   0: 0x80008cd8 (0xff814a03) lbu     s4, -8(sp)
core   0: 3 0x80008cd8 (0xff814a03) x20 0x000000dc mem 0x8001fdb0
core   0: 0x80008cdc (0x01d100a3) sb      t4, 1(sp)
core   0: 3 0x80008cdc (0x01d100a3) mem 0x8001fdb9 0x88
core   0: 0x80008ce0 (0x0069ecb3) or      s9, s3, t1
core   0: 3 0x80008ce0 (0x0069ecb3) x25 0x00000000
core   0: 0x80008ce4 (0x02de2933) mulhsu  s2, t3, a3
core   0: 3 0x80008ce4 (0x02de2933) x18 0x00000000
core   0: 0x80008ce8 (0xffd12c23) sw      t4, -8(sp)
core   0: 3 0x80008ce8 (0xffd12c23) mem 0x8001fdb0 0x00010888
core   0: 0x80008cec (0x016105a3) sb      s6, 11(sp)
core   0: 3 0x80008cec (0x016105a3) mem 0x8001fdc3 0x0
core   0: 0x80008cf0 (0x00008f17) auipc   t5, 0x8
core   0: 3 0x80008cf0 (0x00008f17) x30 0x80010cf0
core   0: 0x80008cf4 (0x811f0f13) addi    t5, t5, -2031
core   0: 3 0x80008cf4 (0x811f0f13) x30 0x80010501
core   0: 0x80008cf8 (0xb0a73713) sltiu   a4, a4, -1270
core   0: 3 0x80008cf8 (0xb0a73713) x14 0x00000000
core   0: 0x80008cfc (0x01d51d13) slli    s10, a0, 29
core   0: 3 0x80008cfc (0x01d51d13) x26 0x00000000
core   0: 0x80008d00 (0x000fad33) slt     s10, t6, zero
core   0: 3 0x80008d00 (0x000fad33) x26 0x00000000
core   0: 0x80008d04 (0xf3bf14a3) sh      s11, -215(t5)
core   0: 3 0x80008d04 (0xf3bf14a3) mem 0x8001042a 0x0000
core   0: 0x80008d08 (0x00a03a33) snez    s4, a0
core   0: 3 0x80008d08 (0x00a03a33) x20 0x00000001
core   0: 0x80008d0c (0x5a1f00a3) sb      ra, 1441(t5)
core   0: 3 0x80008d0c (0x5a1f00a3) mem 0x80010aa2 0xbf
core   0: 0x80008d10 (0xe78f0403) lb      s0, -392(t5)
core   0: 3 0x80008d10 (0xe78f0403) x 8 0x0000004e mem 0x80010379
core   0: 0x80008d14 (0x03350133) mul     sp, a0, s3
core   0: 3 0x80008d14 (0x03350133) x 2 0x00000000
core   0: 0x80008d18 (0x566f0c83) lb      s9, 1382(t5)
core   0: 3 0x80008d18 (0x566f0c83) x25 0x00000018 mem 0x80010a67
core   0: 0x80008d1c (0x00541333) sll     t1, s0, t0
core   0: 3 0x80008d1c (0x00541333) x 6 0x0000009c
core   0: 0x80008d20 (0x1d5f0d03) lb      s10, 469(t5)
core   0: 3 0x80008d20 (0x1d5f0d03) x26 0x00000049 mem 0x800106d6
core   0: 0x80008d24 (0xeada6393) ori     t2, s4, -339
core   0: 3 0x80008d24 (0xeada6393) x 7 0xfffffead
core   0: 0x80008d28 (0x006b8db3) add     s11, s7, t1
core   0: 3 0x80008d28 (0x006b8db3) x27 0x0000009c
core   0: 0x80008d2c (0x3b7a6b13) ori     s6, s4, 951
core   0: 3 0x80008d2c (0x3b7a6b13) x22 0x000003b7
core   0: 0x80008d30 (0xb8c37297) auipc   t0, 0xb8c37
core   0: 3 0x80008d30 (0xb8c37297) x 5 0x38c3fd30
core   0: 0x80008d34 (0x02cd0533) mul     a0, s10, a2
core   0: 3 0x80008d34 (0x02cd0533) x10 0x80000000
core   0: 0x80008d38 (0x41c2d933) sra     s2, t0, t3
core   0: 3 0x80008d38 (0x41c2d933) x18 0x007187fa
core   0: 0x80008d3c (0x016d6e33) or      t3, s10, s6
core   0: 3 0x80008d3c (0x016d6e33) x28 0x000003ff
core   0: 0x80008d40 (0xf20ab693) sltiu   a3, s5, -224
core   0: 3 0x80008d40 (0xf20ab693) x13 0x00000000
core   0: 0x80008d44 (0x40098533) sub     a0, s3, zero
core   0: 3 0x80008d44 (0x40098533) x10 0x00000000
core   0: 0x80008d48 (0x4cef29a3) sw      a4, 1235(t5)
core   0: 3 0x80008d48 (0x4cef29a3) mem 0x800109d4 0x00000000
core   0: 0x80008d4c (0xcb9f0aa3) sb      s9, -843(t5)
core   0: 3 0x80008d4c (0xcb9f0aa3) mem 0x800101b6 0x18
core   0: 0x80008d50 (0xd22f0c83) lb      s9, -734(t5)
core   0: 3 0x80008d50 (0xd22f0c83) x25 0xffffffef mem 0x80010223
core   0: 0x80008d54 (0x007802b3) add     t0, a6, t2
core   0: 3 0x80008d54 (0x007802b3) x 5 0x80025ce1
core   0: 0x80008d58 (0xc34f4183) lbu     gp, -972(t5)
core   0: 3 0x80008d58 (0xc34f4183) x 3 0x000000f6 mem 0x80010135
core   0: 0x80008d5c (0x03cc13b3) mulh    t2, s8, t3
core   0: 3 0x80008d5c (0x03cc13b3) x 7 0xfffffe00
core   0: 0x80008d60 (0xca802713) slti    a4, zero, -856
core   0: 3 0x80008d60 (0xca802713) x14 0x00000000
core   0: 0x80008d64 (0x1e0f4403) lbu     s0, 480(t5)
core   0: 3 0x80008d64 (0x1e0f4403) x 8 0x000000df mem 0x800106e1
core   0: 0x80008d68 (0x0000a117) auipc   sp, 0xa
core   0: 3 0x80008d68 (0x0000a117) x 2 0x80012d68
core   0: 0x80008d6c (0x51810113) addi    sp, sp, 1304
core   0: 3 0x80008d6c (0x51810113) x 2 0x80013280
core   0: 0x80008d70 (0xfec101a3) sb      a2, -29(sp)
core   0: 3 0x80008d70 (0xfec101a3) mem 0x80013263 0x0
core   0: 0x80008d74 (0x03510583) lb      a1, 53(sp)
core   0: 3 0x80008d74 (0x03510583) x11 0xffffffca mem 0x800132b5
core   0: 0x80008d78 (0xfc314483) lbu     s1, -61(sp)
core   0: 3 0x80008d78 (0xfc314483) x 9 0x000000b2 mem 0x80013243
core   0: 0x80008d7c (0x8ab82293) slti    t0, a6, -1877
core   0: 3 0x80008d7c (0x8ab82293) x 5 0x00000001
core   0: 0x80008d80 (0x0261ef33) rem     t5, gp, t1
core   0: 3 0x80008d80 (0x0261ef33) x30 0x0000005a
core   0: 0x80008d84 (0xfe810ba3) sb      s0, -9(sp)
core   0: 3 0x80008d84 (0xfe810ba3) mem 0x80013277 0xdf
core   0: 0x80008d88 (0x01d85b13) srli    s6, a6, 29
core   0: 3 0x80008d88 (0x01d85b13) x22 0x00000004
core   0: 0x80008d8c (0x02814703) lbu     a4, 40(sp)
core   0: 3 0x80008d8c (0x02814703) x14 0x000000e8 mem 0x800132a8
core   0: 0x80008d90 (0x01812383) lw      t2, 24(sp)
core   0: 3 0x80008d90 (0x01812383) x 7 0xf2d6dbbe mem 0x80013298
core   0: 0x80008d94 (0x01c14f03) lbu     t5, 28(sp)
core   0: 3 0x80008d94 (0x01c14f03) x30 0x000000c1 mem 0x8001329c
core   0: 0x80008d98 (0xfca11d03) lh      s10, -54(sp)
core   0: 3 0x80008d98 (0xfca11d03) x26 0x00005509 mem 0x8001324a
core   0: 0x80008d9c (0x00e11203) lh      tp, 14(sp)
core   0: 3 0x80008d9c (0x00e11203) x 4 0x00004b5e mem 0x8001328e
core   0: 0x80008da0 (0x016cca33) xor     s4, s9, s6
core   0: 3 0x80008da0 (0x016cca33) x20 0xffffffeb
core   0: 0x80008da4 (0x023b4433) div     s0, s6, gp
core   0: 3 0x80008da4 (0x023b4433) x 8 0x00000000
core   0: 0x80008da8 (0x01f5b433) sltu    s0, a1, t6
core   0: 3 0x80008da8 (0x01f5b433) x 8 0x00000000
core   0: 0x80008dac (0x40e95193) srai    gp, s2, 14
core   0: 3 0x80008dac (0x40e95193) x 3 0x000001c6
core   0: 0x80008db0 (0xff714a03) lbu     s4, -9(sp)
core   0: 3 0x80008db0 (0xff714a03) x20 0x000000df mem 0x80013277
core   0: 0x80008db4 (0x03d10ab3) mul     s5, sp, t4
core   0: 3 0x80008db4 (0x03d10ab3) x21 0x3cb6d400
core   0: 0x80008db8 (0x03810023) sb      s8, 32(sp)
core   0: 3 0x80008db8 (0x03810023) mem 0x800132a0 0xe4
core   0: 0x80008dbc (0x0224c4b3) div     s1, s1, sp
core   0: 3 0x80008dbc (0x0224c4b3) x 9 0x00000000
core   0: 0x80008dc0 (0xfda102a3) sb      s10, -59(sp)
core   0: 3 0x80008dc0 (0xfda102a3) mem 0x80013245 0x9
core   0: 0x80008dc4 (0x0a086293) ori     t0, a6, 160
core   0: 3 0x80008dc4 (0x0a086293) x 5 0x80025eb4
core   0: 0x80008dc8 (0x023dcb33) div     s6, s11, gp
core   0: 3 0x80008dc8 (0x023dcb33) x22 0x00000000
core   0: 0x80008dcc (0xfdb12a23) sw      s11, -44(sp)
core   0: 3 0x80008dcc (0xfdb12a23) mem 0x80013254 0x0000009c
core   0: 0x80008dd0 (0x020105a3) sb      zero, 43(sp)
core   0: 3 0x80008dd0 (0x020105a3) mem 0x800132ab 0x0
core   0: 0x80008dd4 (0x03c17cb3) remu    s9, sp, t3
core   0: 3 0x80008dd4 (0x03c17cb3) x25 0x000002ce
core   0: 0x80008dd8 (0x02b10d03) lb      s10, 43(sp)
core   0: 3 0x80008dd8 (0x02b10d03) x26 0x00000000 mem 0x800132ab
core   0: 0x80008ddc (0x02310083) lb      ra, 35(sp)
core   0: 3 0x80008ddc (0x02310083) x 1 0x00000016 mem 0x800132a3
core   0: 0x80008de0 (0x01a10ca3) sb      s10, 25(sp)
core   0: 3 0x80008de0 (0x01a10ca3) mem 0x80013299 0x0
core   0: 0x80008de4 (0x00015117) auipc   sp, 0x15
core   0: 3 0x80008de4 (0x00015117) x 2 0x8001dde4
core   0: 0x80008de8 (0x15310113) addi    sp, sp, 339
core   0: 3 0x80008de8 (0x15310113) x 2 0x8001df37
core   0: 0x80008dec (0x00034533) xor     a0, t1, zero
core   0: 3 0x80008dec (0x00034533) x10 0x0000009c
core   0: 0x80008df0 (0x00311903) lh      s2, 3(sp)
core   0: 3 0x80008df0 (0x00311903) x18 0x000053d0 mem 0x8001df3a
core   0: 0x80008df4 (0xeaef8b93) addi    s7, t6, -338
core   0: 3 0x80008df4 (0xeaef8b93) x23 0xffffff39
core   0: 0x80008df8 (0x00a5ee33) or      t3, a1, a0
core   0: 3 0x80008df8 (0x00a5ee33) x28 0xffffffde
core   0: 0x80008dfc (0xff610e23) sb      s6, -4(sp)
core   0: 3 0x80008dfc (0xff610e23) mem 0x8001df33 0x0
core   0: 0x80008e00 (0x0164b433) sltu    s0, s1, s6
core   0: 3 0x80008e00 (0x0164b433) x 8 0x00000000
core   0: 0x80008e04 (0x00514483) lbu     s1, 5(sp)
core   0: 3 0x80008e04 (0x00514483) x 9 0x0000007d mem 0x8001df3c
core   0: 0x80008e08 (0x4eabeb17) auipc   s6, 0x4eabe
core   0: 3 0x80008e08 (0x4eabeb17) x22 0xceac6e08
core   0: 0x80008e0c (0x00429e33) sll     t3, t0, tp
core   0: 3 0x80008e0c (0x00429e33) x28 0x00000000
core   0: 0x80008e10 (0xff614c83) lbu     s9, -10(sp)
core   0: 3 0x80008e10 (0xff614c83) x25 0x00000083 mem 0x8001df2d
core   0: 0x80008e14 (0x000107a3) sb      zero, 15(sp)
core   0: 3 0x80008e14 (0x000107a3) mem 0x8001df46 0x0
core   0: 0x80008e18 (0x01225f33) srl     t5, tp, s2
core   0: 3 0x80008e18 (0x01225f33) x30 0x00000000
core   0: 0x80008e1c (0x00910983) lb      s3, 9(sp)
core   0: 3 0x80008e1c (0x00910983) x19 0xffffffe2 mem 0x8001df40
core   0: 0x80008e20 (0x01610823) sb      s6, 16(sp)
core   0: 3 0x80008e20 (0x01610823) mem 0x8001df47 0x8
core   0: 0x80008e24 (0x05d22793) slti    a5, tp, 93
core   0: 3 0x80008e24 (0x05d22793) x15 0x00000000
core   0: 0x80008e28 (0x2db862b7) lui     t0, 0x2db86
core   0: 3 0x80008e28 (0x2db862b7) x 5 0x2db86000
core   0: 0x80008e2c (0xffb10403) lb      s0, -5(sp)
core   0: 3 0x80008e2c (0xffb10403) x 8 0xfffffffb mem 0x8001df32
core   0: 0x80008e30 (0x760a02b7) lui     t0, 0x760a0
core   0: 3 0x80008e30 (0x760a02b7) x 5 0x760a0000
core   0: 0x80008e34 (0x012122a3) sw      s2, 5(sp)
core   0: 3 0x80008e34 (0x012122a3) mem 0x8001df3c 0x000053d0
core   0: 0x80008e38 (0x00914303) lbu     t1, 9(sp)
core   0: 3 0x80008e38 (0x00914303) x 6 0x000000e2 mem 0x8001df40
core   0: 0x80008e3c (0xfee10d23) sb      a4, -6(sp)
core   0: 3 0x80008e3c (0xfee10d23) mem 0x8001df31 0xe8
core   0: 0x80008e40 (0x00f11b03) lh      s6, 15(sp)
core   0: 3 0x80008e40 (0x00f11b03) x22 0x00000800 mem 0x8001df46
core   0: 0x80008e44 (0x00a14903) lbu     s2, 10(sp)
core   0: 3 0x80008e44 (0x00a14903) x18 0x00000022 mem 0x8001df41
core   0: 0x80008e48 (0x023188b3) mul     a7, gp, gp
core   0: 3 0x80008e48 (0x023188b3) x17 0x00032524
core   0: 0x80008e4c (0x00a14703) lbu     a4, 10(sp)
core   0: 3 0x80008e4c (0x00a14703) x14 0x00000022 mem 0x8001df41
core   0: 0x80008e50 (0xff410483) lb      s1, -12(sp)
core   0: 3 0x80008e50 (0xff410483) x 9 0x0000004b mem 0x8001df2b
core   0: 0x80008e54 (0x404487b3) sub     a5, s1, tp
core   0: 3 0x80008e54 (0x404487b3) x15 0xffffb4ed
core   0: 0x80008e58 (0x035403b3) mul     t2, s0, s5
core   0: 3 0x80008e58 (0x035403b3) x 7 0xd06ddc00
core   0: 0x80008e5c (0x02c27a33) remu    s4, tp, a2
core   0: 3 0x80008e5c (0x02c27a33) x20 0x00004b5e
core   0: 0x80008e60 (0x00000013) nop
core   0: 3 0x80008e60 (0x00000013)
core   0: 0x80008e64 (0xfff11a03) lh      s4, -1(sp)
core   0: 3 0x80008e64 (0xfff11a03) x20 0xffffeda6 mem 0x8001df36
core   0: 0x80008e68 (0xae30ba93) sltiu   s5, ra, -1309
core   0: 3 0x80008e68 (0xae30ba93) x21 0x00000001
core   0: 0x80008e6c (0x02a9da33) divu    s4, s3, a0
core   0: 3 0x80008e6c (0x02a9da33) x20 0x01a41a41
core   0: 0x80008e70 (0x010d1193) slli    gp, s10, 16
core   0: 3 0x80008e70 (0x010d1193) x 3 0x00000000
core   0: 0x80008e74 (0x00714a03) lbu     s4, 7(sp)
core   0: 3 0x80008e74 (0x00714a03) x20 0x00000000 mem 0x8001df3e
core   0: 0x80008e78 (0x02383233) mulhu   tp, a6, gp
core   0: 3 0x80008e78 (0x02383233) x 4 0x00000000
core   0: 0x80008e7c (0x01510523) sb      s5, 10(sp)
core   0: 3 0x80008e7c (0x01510523) mem 0x8001df41 0x1
core   0: 0x80008e80 (0xff414003) lbu     zero, -12(sp)
core   0: 3 0x80008e80 (0xff414003) mem 0x8001df2b
core   0: 0x80008e84 (0xff715683) lhu     a3, -9(sp)
core   0: 3 0x80008e84 (0xff715683) x13 0x0000c569 mem 0x8001df2e
core   0: 0x80008e88 (0x41fc03b3) sub     t2, s8, t6
core   0: 3 0x80008e88 (0x41fc03b3) x 7 0x80029c59
core   0: 0x80008e8c (0xff512183) lw      gp, -11(sp)
core   0: 3 0x80008e8c (0xff512183) x 3 0xc5698373 mem 0x8001df2c
core   0: 0x80008e90 (0x000989b3) add     s3, s3, zero
core   0: 3 0x80008e90 (0x000989b3) x19 0xffffffe2
core   0: 0x80008e94 (0x00710c83) lb      s9, 7(sp)
core   0: 3 0x80008e94 (0x00710c83) x25 0x00000000 mem 0x8001df3e
core   0: 0x80008e98 (0x019c8e33) add     t3, s9, s9
core   0: 3 0x80008e98 (0x019c8e33) x28 0x00000000
core   0: 0x80008e9c (0xff610403) lb      s0, -10(sp)
core   0: 3 0x80008e9c (0xff610403) x 8 0xffffff83 mem 0x8001df2d
core   0: 0x80008ea0 (0x40088533) sub     a0, a7, zero
core   0: 3 0x80008ea0 (0x40088533) x10 0x00032524
core   0: 0x80008ea4 (0x01d66533) or      a0, a2, t4
core   0: 3 0x80008ea4 (0x01d66533) x10 0x80010888
core   0: 0x80008ea8 (0xfe810ba3) sb      s0, -9(sp)
core   0: 3 0x80008ea8 (0xfe810ba3) mem 0x8001df2e 0x83
core   0: 0x80008eac (0xffc14703) lbu     a4, -4(sp)
core   0: 3 0x80008eac (0xffc14703) x14 0x00000000 mem 0x8001df33
core   0: 0x80008eb0 (0x02fac1b3) div     gp, s5, a5
core   0: 3 0x80008eb0 (0x02fac1b3) x 3 0x00000000
core   0: 0x80008eb4 (0xfe710ca3) sb      t2, -7(sp)
core   0: 3 0x80008eb4 (0xfe710ca3) mem 0x8001df30 0x59
core   0: 0x80008eb8 (0x00c538b3) sltu    a7, a0, a2
core   0: 3 0x80008eb8 (0x00c538b3) x17 0x00000000
core   0: 0x80008ebc (0x03674733) div     a4, a4, s6
core   0: 3 0x80008ebc (0x03674733) x14 0x00000000
core   0: 0x80008ec0 (0xff711a03) lh      s4, -9(sp)
core   0: 3 0x80008ec0 (0xff711a03) x20 0xffffc583 mem 0x8001df2e
core   0: 0x80008ec4 (0xff010683) lb      a3, -16(sp)
core   0: 3 0x80008ec4 (0xff010683) x13 0xffffffd6 mem 0x8001df27
core   0: 0x80008ec8 (0xff814e03) lbu     t3, -8(sp)
core   0: 3 0x80008ec8 (0xff814e03) x28 0x000000c5 mem 0x8001df2f
core   0: 0x80008ecc (0x00007e17) auipc   t3, 0x7
core   0: 3 0x80008ecc (0x00007e17) x28 0x8000fecc
core   0: 0x80008ed0 (0x441e0e13) addi    t3, t3, 1089
core   0: 3 0x80008ed0 (0x441e0e13) x28 0x8001030d
core   0: 0x80008ed4 (0x039f0cb3) mul     s9, t5, s9
core   0: 3 0x80008ed4 (0x039f0cb3) x25 0x00000000
core   0: 0x80008ed8 (0x014694b3) sll     s1, a3, s4
core   0: 3 0x80008ed8 (0x014694b3) x 9 0xfffffeb0
core   0: 0x80008edc (0x417854b3) sra     s1, a6, s7
core   0: 3 0x80008edc (0x417854b3) x 9 0xffffffc0
core   0: 0x80008ee0 (0x01a51a93) slli    s5, a0, 26
core   0: 3 0x80008ee0 (0x01a51a93) x21 0x20000000
core   0: 0x80008ee4 (0xff2e0c83) lb      s9, -14(t3)
core   0: 3 0x80008ee4 (0xff2e0c83) x25 0xffffff8a mem 0x800102ff
core   0: 0x80008ee8 (0x230cb213) sltiu   tp, s9, 560
core   0: 3 0x80008ee8 (0x230cb213) x 4 0x00000000
core   0: 0x80008eec (0x0364c5b3) div     a1, s1, s6
core   0: 3 0x80008eec (0x0364c5b3) x11 0x00000000
core   0: 0x80008ef0 (0xff4e0e83) lb      t4, -12(t3)
core   0: 3 0x80008ef0 (0xff4e0e83) x29 0x0000006e mem 0x80010301
core   0: 0x80008ef4 (0x00fe2d03) lw      s10, 15(t3)
core   0: 3 0x80008ef4 (0x00fe2d03) x26 0x70f9c644 mem 0x8001031c
core   0: 0x80008ef8 (0x0294e933) rem     s2, s1, s1
core   0: 3 0x80008ef8 (0x0294e933) x18 0x00000000
core   0: 0x80008efc (0x0148c9b3) xor     s3, a7, s4
core   0: 3 0x80008efc (0x0148c9b3) x19 0xffffc583
core   0: 0x80008f00 (0x98500d13) li      s10, -1659
core   0: 3 0x80008f00 (0x98500d13) x26 0xfffff985
core   0: 0x80008f04 (0x005e1483) lh      s1, 5(t3)
core   0: 3 0x80008f04 (0x005e1483) x 9 0xffff9b5a mem 0x80010312
core   0: 0x80008f08 (0x0232e0b3) rem     ra, t0, gp
core   0: 3 0x80008f08 (0x0232e0b3) x 1 0x760a0000
core   0: 0x80008f0c (0xee3faf13) slti    t5, t6, -285
core   0: 3 0x80008f0c (0xee3faf13) x30 0x00000000
core   0: 0x80008f10 (0x00fe0523) sb      a5, 10(t3)
core   0: 3 0x80008f10 (0x00fe0523) mem 0x80010317 0xed
core   0: 0x80008f14 (0x25175517) auipc   a0, 0x25175
core   0: 3 0x80008f14 (0x25175517) x10 0xa517df14
core   0: 0x80008f18 (0xff6e4503) lbu     a0, -10(t3)
core   0: 3 0x80008f18 (0xff6e4503) x10 0x000000cc mem 0x80010303
core   0: 0x80008f1c (0xf245a193) slti    gp, a1, -220
core   0: 3 0x80008f1c (0xf245a193) x 3 0x00000000
core   0: 0x80008f20 (0xff4e0203) lb      tp, -12(t3)
core   0: 3 0x80008f20 (0xff4e0203) x 4 0x0000006e mem 0x80010301
core   0: 0x80008f24 (0xff4e4703) lbu     a4, -12(t3)
core   0: 3 0x80008f24 (0xff4e4703) x14 0x0000006e mem 0x80010301
core   0: 0x80008f28 (0x00ce4303) lbu     t1, 12(t3)
core   0: 3 0x80008f28 (0x00ce4303) x 6 0x000000b9 mem 0x80010319
core   0: 0x80008f2c (0xff9e5103) lhu     sp, -7(t3)
core   0: 3 0x80008f2c (0xff9e5103) x 2 0x0000c17c mem 0x80010306
core   0: 0x80008f30 (0x01ae0623) sb      s10, 12(t3)
core   0: 3 0x80008f30 (0x01ae0623) mem 0x80010319 0x85
core   0: 0x80008f34 (0x03a70bb3) mul     s7, a4, s10
core   0: 3 0x80008f34 (0x03a70bb3) x23 0xfffd3726
core   0: 0x80008f38 (0x0a65b013) sltiu   zero, a1, 166
core   0: 3 0x80008f38 (0x0a65b013)
core   0: 0x80008f3c (0xebb50417) auipc   s0, 0xebb50
core   0: 3 0x80008f3c (0xebb50417) x 8 0x6bb58f3c
core   0: 0x80008f40 (0x01f3cb33) xor     s6, t2, t6
core   0: 3 0x80008f40 (0x01f3cb33) x22 0x80029cd2
core   0: 0x80008f44 (0xff9e09a3) sb      s9, -13(t3)
core   0: 3 0x80008f44 (0xff9e09a3) mem 0x80010300 0x8a
core   0: 0x80008f48 (0x033f7bb3) remu    s7, t5, s3
core   0: 3 0x80008f48 (0x033f7bb3) x23 0x00000000
core   0: 0x80008f4c (0xfeae1ca3) sh      a0, -7(t3)
core   0: 3 0x80008f4c (0xfeae1ca3) mem 0x80010306 0x00cc
core   0: 0x80008f50 (0x000e0033) add     zero, t3, zero
core   0: 3 0x80008f50 (0x000e0033)
core   0: 0x80008f54 (0x03b9bd33) mulhu   s10, s3, s11
core   0: 3 0x80008f54 (0x03b9bd33) x26 0x0000009b
core   0: 0x80008f58 (0x01e3a4b3) slt     s1, t2, t5
core   0: 3 0x80008f58 (0x01e3a4b3) x 9 0x00000001
core   0: 0x80008f5c (0x53e03b13) sltiu   s6, zero, 1342
core   0: 3 0x80008f5c (0x53e03b13) x22 0x00000001
core   0: 0x80008f60 (0x40fb5013) srai    zero, s6, 15
core   0: 3 0x80008f60 (0x40fb5013)
core   0: 0x80008f64 (0xff0e4903) lbu     s2, -16(t3)
core   0: 3 0x80008f64 (0xff0e4903) x18 0x00000030 mem 0x800102fd
core   0: 0x80008f68 (0x01be0223) sb      s11, 4(t3)
core   0: 3 0x80008f68 (0x01be0223) mem 0x80010311 0x9c
core   0: 0x80008f6c (0x0c34a893) slti    a7, s1, 195
core   0: 3 0x80008f6c (0x0c34a893) x17 0x00000001
core   0: 0x80008f70 (0x0166a233) slt     tp, a3, s6
core   0: 3 0x80008f70 (0x0166a233) x 4 0x00000001
core   0: 0x80008f74 (0xff8e4383) lbu     t2, -8(t3)
core   0: 3 0x80008f74 (0xff8e4383) x 7 0x00000026 mem 0x80010305
core   0: 0x80008f78 (0x00be1183) lh      gp, 11(t3)
core   0: 3 0x80008f78 (0x00be1183) x 3 0xffff85ee mem 0x80010318
core   0: 0x80008f7c (0x00ce0d83) lb      s11, 12(t3)
core   0: 3 0x80008f7c (0x00ce0d83) x27 0xffffff85 mem 0x80010319
core   0: 0x80008f80 (0xffae4d83) lbu     s11, -6(t3)
core   0: 3 0x80008f80 (0xffae4d83) x27 0x00000000 mem 0x80010307
core   0: 0x80008f84 (0xff9e0383) lb      t2, -7(t3)
core   0: 3 0x80008f84 (0xff9e0383) x 7 0xffffffcc mem 0x80010306
core   0: 0x80008f88 (0x03579ab3) mulh    s5, a5, s5
core   0: 3 0x80008f88 (0x03579ab3) x21 0xfffff69d
core   0: 0x80008f8c (0x00ce0103) lb      sp, 12(t3)
core   0: 3 0x80008f8c (0x00ce0103) x 2 0xffffff85 mem 0x80010319
core   0: 0x80008f90 (0x00007417) auipc   s0, 0x7
core   0: 3 0x80008f90 (0x00007417) x 8 0x8000ff90
core   0: 0x80008f94 (0x25a40413) addi    s0, s0, 602
core   0: 3 0x80008f94 (0x25a40413) x 8 0x800101ea
core   0: 0x80008f98 (0x03f615b3) mulh    a1, a2, t6
core   0: 3 0x80008f98 (0x03f615b3) x11 0xffffffba
core   0: 0x80008f9c (0x402a0db3) sub     s11, s4, sp
core   0: 3 0x80008f9c (0x402a0db3) x27 0xffffc5fe
core   0: 0x80008fa0 (0x01094bb3) xor     s7, s2, a6
core   0: 3 0x80008fa0 (0x01094bb3) x23 0x80025e04
core   0: 0x80008fa4 (0xd6d37e93) andi    t4, t1, -659
core   0: 3 0x80008fa4 (0xd6d37e93) x29 0x00000029
core   0: 0x80008fa8 (0x02f40303) lb      t1, 47(s0)
core   0: 3 0x80008fa8 (0x02f40303) x 6 0xfffffff0 mem 0x80010219
core   0: 0x80008fac (0xa0a8e513) ori     a0, a7, -1526
core   0: 3 0x80008fac (0xa0a8e513) x10 0xfffffa0b
core   0: 0x80008fb0 (0x12b40003) lb      zero, 299(s0)
core   0: 3 0x80008fb0 (0x12b40003) mem 0x80010315
core   0: 0x80008fb4 (0x01c39513) slli    a0, t2, 28
core   0: 3 0x80008fb4 (0x01c39513) x10 0xc0000000
core   0: 0x80008fb8 (0x2cd40903) lb      s2, 717(s0)
core   0: 3 0x80008fb8 (0x2cd40903) x18 0xffffffd6 mem 0x800104b7
core   0: 0x80008fbc (0x6ed40223) sb      a3, 1764(s0)
core   0: 3 0x80008fbc (0x6ed40223) mem 0x800108ce 0xd6
core   0: 0x80008fc0 (0x42940ca3) sb      s1, 1081(s0)
core   0: 3 0x80008fc0 (0x42940ca3) mem 0x80010623 0x1
core   0: 0x80008fc4 (0x16f40183) lb      gp, 367(s0)
core   0: 3 0x80008fc4 (0x16f40183) x 3 0xffffff85 mem 0x80010359
core   0: 0x80008fc8 (0x5d040583) lb      a1, 1488(s0)
core   0: 3 0x80008fc8 (0x5d040583) x11 0x00000002 mem 0x800107ba
core   0: 0x80008fcc (0x0b845683) lhu     a3, 184(s0)
core   0: 3 0x80008fcc (0x0b845683) x13 0x0000ec93 mem 0x800102a2
core   0: 0x80008fd0 (0x413e0eb3) sub     t4, t3, s3
core   0: 3 0x80008fd0 (0x413e0eb3) x29 0x80013d8a
core   0: 0x80008fd4 (0x6b544e83) lbu     t4, 1717(s0)
core   0: 3 0x80008fd4 (0x6b544e83) x29 0x00000009 mem 0x8001089f
core   0: 0x80008fd8 (0x0a540f23) sb      t0, 190(s0)
core   0: 3 0x80008fd8 (0x0a540f23) mem 0x800102a8 0x0
core   0: 0x80008fdc (0x2e841503) lh      a0, 744(s0)
core   0: 3 0x80008fdc (0x2e841503) x10 0xffffd9c3 mem 0x800104d2
core   0: 0x80008fe0 (0x3f441c23) sh      s4, 1016(s0)
core   0: 3 0x80008fe0 (0x3f441c23) mem 0x800105e2 0xc583
core   0: 0x80008fe4 (0x48b40003) lb      zero, 1163(s0)
core   0: 3 0x80008fe4 (0x48b40003) mem 0x80010675
core   0: 0x80008fe8 (0x01535e13) srli    t3, t1, 21
core   0: 3 0x80008fe8 (0x01535e13) x28 0x000007ff
core   0: 0x80008fec (0x40845b13) srai    s6, s0, 8
core   0: 3 0x80008fec (0x40845b13) x22 0xff800101
core   0: 0x80008ff0 (0x01debeb3) sltu    t4, t4, t4
core   0: 3 0x80008ff0 (0x01debeb3) x29 0x00000000
core   0: 0x80008ff4 (0x1fc44583) lbu     a1, 508(s0)
core   0: 3 0x80008ff4 (0x1fc44583) x11 0x00000031 mem 0x800103e6
core   0: 0x80008ff8 (0x01a370b3) and     ra, t1, s10
core   0: 3 0x80008ff8 (0x01a370b3) x 1 0x00000090
core   0: 0x80008ffc (0x02224a33) div     s4, tp, sp
core   0: 3 0x80008ffc (0x02224a33) x20 0x00000000
core   0: 0x80009000 (0x137406a3) sb      s7, 301(s0)
core   0: 3 0x80009000 (0x137406a3) mem 0x80010317 0x4
core   0: 0x80009004 (0x01624d33) xor     s10, tp, s6
core   0: 3 0x80009004 (0x01624d33) x26 0xff800100
core   0: 0x80009008 (0x16f40503) lb      a0, 367(s0)
core   0: 3 0x80009008 (0x16f40503) x10 0xffffff85 mem 0x80010359
core   0: 0x8000900c (0x03f8e2b3) rem     t0, a7, t6
core   0: 3 0x8000900c (0x03f8e2b3) x 5 0x00000001
core   0: 0x80009010 (0x00192d33) slt     s10, s2, ra
core   0: 3 0x80009010 (0x00192d33) x26 0x00000001
core   0: 0x80009014 (0x411dd8b3) sra     a7, s11, a7
core   0: 3 0x80009014 (0x411dd8b3) x17 0xffffe2ff
core   0: 0x80009018 (0xb7001d37) lui     s10, 0xb7001
core   0: 3 0x80009018 (0xb7001d37) x26 0xb7001000
core   0: 0x8000901c (0x459401a3) sb      s9, 1091(s0)
core   0: 3 0x8000901c (0x459401a3) mem 0x8001062d 0x8a
core   0: 0x80009020 (0xee641c23) sh      t1, -264(s0)
core   0: 3 0x80009020 (0xee641c23) mem 0x800100e2 0xfff0
core   0: 0x80009024 (0x3b640ea3) sb      s6, 957(s0)
core   0: 3 0x80009024 (0x3b640ea3) mem 0x800105a7 0x1
core   0: 0x80009028 (0x00093d33) sltu    s10, s2, zero
core   0: 3 0x80009028 (0x00093d33) x26 0x00000000
core   0: 0x8000902c (0x50940b03) lb      s6, 1289(s0)
core   0: 3 0x8000902c (0x50940b03) x22 0x00000047 mem 0x800106f3
core   0: 0x80009030 (0x88e9cd93) xori    s11, s3, -1906
core   0: 3 0x80009030 (0x88e9cd93) x27 0x00003d0d
core   0: 0x80009034 (0x00ae6733) or      a4, t3, a0
core   0: 3 0x80009034 (0x00ae6733) x14 0xffffffff
core   0: 0x80009038 (0x6b140903) lb      s2, 1713(s0)
core   0: 3 0x80009038 (0x6b140903) x18 0xffffffeb mem 0x8001089b
core   0: 0x8000903c (0x00829933) sll     s2, t0, s0
core   0: 3 0x8000903c (0x00829933) x18 0x00000400
core   0: 0x80009040 (0xff645103) lhu     sp, -10(s0)
core   0: 3 0x80009040 (0xff645103) x 2 0x000049b0 mem 0x800101e0
core   0: 0x80009044 (0x21d40e03) lb      t3, 541(s0)
core   0: 3 0x80009044 (0x21d40e03) x28 0x00000057 mem 0x80010407
core   0: 0x80009048 (0x58140723) sb      ra, 1422(s0)
core   0: 3 0x80009048 (0x58140723) mem 0x80010778 0x90
core   0: 0x8000904c (0x40cf8cb3) sub     s9, t6, a2
core   0: 3 0x8000904c (0x40cf8cb3) x25 0x8000008b
core   0: 0x80009050 (0x08868113) addi    sp, a3, 136
core   0: 3 0x80009050 (0x08868113) x 2 0x0000ed1b
core   0: 0x80009054 (0x47ae9f37) lui     t5, 0x47ae9
core   0: 3 0x80009054 (0x47ae9f37) x30 0x47ae9000
core   0: 0x80009058 (0xa4aa0e93) addi    t4, s4, -1462
core   0: 3 0x80009058 (0xa4aa0e93) x29 0xfffffa4a
core   0: 0x8000905c (0x4b3402a3) sb      s3, 1189(s0)
core   0: 3 0x8000905c (0x4b3402a3) mem 0x8001068f 0x83
core   0: 0x80009060 (0x418bd193) srai    gp, s7, 24
core   0: 3 0x80009060 (0x418bd193) x 3 0xffffff80
core   0: 0x80009064 (0x5a444783) lbu     a5, 1444(s0)
core   0: 3 0x80009064 (0x5a444783) x15 0x000000b6 mem 0x8001078e
core   0: 0x80009068 (0x00015797) auipc   a5, 0x15
core   0: 3 0x80009068 (0x00015797) x15 0x8001e068
core   0: 0x8000906c (0xe7278793) addi    a5, a5, -398
core   0: 3 0x8000906c (0xe7278793) x15 0x8001deda
core   0: 0x80009070 (0xdb110013) addi    zero, sp, -591
core   0: 3 0x80009070 (0xdb110013)
core   0: 0x80009074 (0x01054e33) xor     t3, a0, a6
core   0: 3 0x80009074 (0x01054e33) x28 0x7ffda1b1
core   0: 0x80009078 (0x00878b03) lb      s6, 8(a5)
core   0: 3 0x80009078 (0x00878b03) x22 0xffffffcc mem 0x8001dee2
core   0: 0x8000907c (0x01c3ffb3) and     t6, t2, t3
core   0: 3 0x8000907c (0x01c3ffb3) x31 0x7ffda180
core   0: 0x80009080 (0x00333f33) sltu    t5, t1, gp
core   0: 3 0x80009080 (0x00333f33) x30 0x00000000
core   0: 0x80009084 (0x40da5eb3) sra     t4, s4, a3
core   0: 3 0x80009084 (0x40da5eb3) x29 0x00000000
core   0: 0x80009088 (0x009786a3) sb      s1, 13(a5)
core   0: 3 0x80009088 (0x009786a3) mem 0x8001dee7 0x1
core   0: 0x8000908c (0x9f866c97) auipc   s9, 0x9f866
core   0: 3 0x8000908c (0x9f866c97) x25 0x1f86f08c
core   0: 0x80009090 (0x013d0133) add     sp, s10, s3
core   0: 3 0x80009090 (0x013d0133) x 2 0xffffc583
core   0: 0x80009094 (0x03ab30b3) mulhu   ra, s6, s10
core   0: 3 0x80009094 (0x03ab30b3) x 1 0x00000000
core   0: 0x80009098 (0x00000013) nop
core   0: 3 0x80009098 (0x00000013)
core   0: 0x8000909c (0x412681b3) sub     gp, a3, s2
core   0: 3 0x8000909c (0x412681b3) x 3 0x0000e893
core   0: 0x800090a0 (0xfe27a303) lw      t1, -30(a5)
core   0: 3 0x800090a0 (0xfe27a303) x 6 0xd3e4e796 mem 0x8001debc
core   0: 0x800090a4 (0x0333cfb3) div     t6, t2, s3
core   0: 3 0x800090a4 (0x0333cfb3) x31 0x00000000
core   0: 0x800090a8 (0x009335b3) sltu    a1, t1, s1
core   0: 3 0x800090a8 (0x009335b3) x11 0x00000000
core   0: 0x800090ac (0x01795e93) srli    t4, s2, 23
core   0: 3 0x800090ac (0x01795e93) x29 0x00000000
core   0: 0x800090b0 (0x0100b433) sltu    s0, ra, a6
core   0: 3 0x800090b0 (0x0100b433) x 8 0x00000001
core   0: 0x800090b4 (0x01279483) lh      s1, 18(a5)
core   0: 3 0x800090b4 (0x01279483) x 9 0x000046c5 mem 0x8001deec
core   0: 0x800090b8 (0x00975093) srli    ra, a4, 9
core   0: 3 0x800090b8 (0x00975093) x 1 0x007fffff
core   0: 0x800090bc (0x400ed913) srai    s2, t4, 0
core   0: 3 0x800090bc (0x400ed913) x18 0x00000000
core   0: 0x800090c0 (0x6b98e313) ori     t1, a7, 1721
core   0: 3 0x800090c0 (0x6b98e313) x 6 0xffffe6ff
core   0: 0x800090c4 (0x00000013) nop
core   0: 3 0x800090c4 (0x00000013)
core   0: 0x800090c8 (0x0124b333) sltu    t1, s1, s2
core   0: 3 0x800090c8 (0x0124b333) x 6 0x00000000
core   0: 0x800090cc (0x01d1cd33) xor     s10, gp, t4
core   0: 3 0x800090cc (0x01d1cd33) x26 0x0000e893
core   0: 0x800090d0 (0x01098f33) add     t5, s3, a6
core   0: 3 0x800090d0 (0x01098f33) x30 0x800223b7
core   0: 0x800090d4 (0xfc379223) sh      gp, -60(a5)
core   0: 3 0x800090d4 (0xfc379223) mem 0x8001de9e 0xe893
core   0: 0x800090d8 (0x00f3d0b3) srl     ra, t2, a5
core   0: 3 0x800090d8 (0x00f3d0b3) x 1 0x0000003f
core   0: 0x800090dc (0xff578123) sb      s5, -30(a5)
core   0: 3 0x800090dc (0xff578123) mem 0x8001debc 0x9d
core   0: 0x800090e0 (0xfc37a923) sw      gp, -46(a5)
core   0: 3 0x800090e0 (0xfc37a923) mem 0x8001deac 0x0000e893
core   0: 0x800090e4 (0xfd378103) lb      sp, -45(a5)
core   0: 3 0x800090e4 (0xfd378103) x 2 0xffffffe8 mem 0x8001dead
core   0: 0x800090e8 (0x4127d233) sra     tp, a5, s2
core   0: 3 0x800090e8 (0x4127d233) x 4 0x8001deda
core   0: 0x800090ec (0x0181da13) srli    s4, gp, 24
core   0: 3 0x800090ec (0x0181da13) x20 0x00000000
core   0: 0x800090f0 (0x86dc6c93) ori     s9, s8, -1939
core   0: 3 0x800090f0 (0x86dc6c93) x25 0xfffffced
core   0: 0x800090f4 (0x0130fe33) and     t3, ra, s3
core   0: 3 0x800090f4 (0x0130fe33) x28 0x00000003
core   0: 0x800090f8 (0x08670cb7) lui     s9, 0x8670
core   0: 3 0x800090f8 (0x08670cb7) x25 0x08670000
core   0: 0x800090fc (0x016782a3) sb      s6, 5(a5)
core   0: 3 0x800090fc (0x016782a3) mem 0x8001dedf 0xcc
core   0: 0x80009100 (0xfe378183) lb      gp, -29(a5)
core   0: 3 0x80009100 (0xfe378183) x 3 0xffffffe7 mem 0x8001debd
core   0: 0x80009104 (0x00008117) auipc   sp, 0x8
core   0: 3 0x80009104 (0x00008117) x 2 0x80011104
core   0: 0x80009108 (0x87110113) addi    sp, sp, -1935
core   0: 3 0x80009108 (0x87110113) x 2 0x80010975
core   0: 0x8000910c (0x8c410583) lb      a1, -1852(sp)
core   0: 3 0x8000910c (0x8c410583) x11 0xffffff9f mem 0x80010239
core   0: 0x80009110 (0xbb814883) lbu     a7, -1096(sp)
core   0: 3 0x80009110 (0xbb814883) x17 0x00000095 mem 0x8001052d
core   0: 0x80009114 (0x00993433) sltu    s0, s2, s1
core   0: 3 0x80009114 (0x00993433) x 8 0x00000001
core   0: 0x80009118 (0xbd414a03) lbu     s4, -1068(sp)
core   0: 3 0x80009118 (0xbd414a03) x20 0x000000a0 mem 0x80010549
core   0: 0x8000911c (0x69410703) lb      a4, 1684(sp)
core   0: 3 0x8000911c (0x69410703) x14 0xffffffde mem 0x80011009
core   0: 0x80009120 (0xa92a4913) xori    s2, s4, -1390
core   0: 3 0x80009120 (0xa92a4913) x18 0xfffffa32
core   0: 0x80009124 (0x034cb033) mulhu   zero, s9, s4
core   0: 3 0x80009124 (0x034cb033)
core   0: 0x80009128 (0xf4610c23) sb      t1, -168(sp)
core   0: 3 0x80009128 (0xf4610c23) mem 0x800108cd 0x0
core   0: 0x8000912c (0xd8110923) sb      ra, -622(sp)
core   0: 3 0x8000912c (0xd8110923) mem 0x80010707 0x3f
core   0: 0x80009130 (0x15c10883) lb      a7, 348(sp)
core   0: 3 0x80009130 (0x15c10883) x17 0x00000066 mem 0x80010ad1
core   0: 0x80009134 (0x50da1917) auipc   s2, 0x50da1
core   0: 3 0x80009134 (0x50da1917) x18 0xd0daa134
core   0: 0x80009138 (0x98b129a3) sw      a1, -1645(sp)
core   0: 3 0x80009138 (0x98b129a3) mem 0x80010308 0xffffff9f
core   0: 0x8000913c (0x8c311883) lh      a7, -1853(sp)
core   0: 3 0x8000913c (0x8c311883) x17 0xffff9f25 mem 0x80010238
core   0: 0x80009140 (0xf10cc193) xori    gp, s9, -240
core   0: 3 0x80009140 (0xf10cc193) x 3 0xf798ff10
core   0: 0x80009144 (0x41c45b13) srai    s6, s0, 28
core   0: 3 0x80009144 (0x41c45b13) x22 0x00000000
core   0: 0x80009148 (0x480c0e13) addi    t3, s8, 1152
core   0: 3 0x80009148 (0x480c0e13) x28 0x8002a164
core   0: 0x8000914c (0xab31a193) slti    gp, gp, -1357
core   0: 3 0x8000914c (0xab31a193) x 3 0x00000001
core   0: 0x80009150 (0x03adf8b3) remu    a7, s11, s10
core   0: 3 0x80009150 (0x03adf8b3) x17 0x00003d0d
core   0: 0x80009154 (0x0b610d23) sb      s6, 186(sp)
core   0: 3 0x80009154 (0x0b610d23) mem 0x80010a2f 0x0
core   0: 0x80009158 (0x6aaa4313) xori    t1, s4, 1706
core   0: 3 0x80009158 (0x6aaa4313) x 6 0x0000060a
core   0: 0x8000915c (0x4f910fa3) sb      s9, 1279(sp)
core   0: 3 0x8000915c (0x4f910fa3) mem 0x80010e74 0x0
core   0: 0x80009160 (0x40125933) sra     s2, tp, ra
core   0: 3 0x80009160 (0x40125933) x18 0xffffffff
core   0: 0x80009164 (0x50910623) sb      s1, 1292(sp)
core   0: 3 0x80009164 (0x50910623) mem 0x80010e81 0xc5
core   0: 0x80009168 (0x03d55233) divu    tp, a0, t4
core   0: 3 0x80009168 (0x03d55233) x 4 0xffffffff
core   0: 0x8000916c (0x46a14283) lbu     t0, 1130(sp)
core   0: 3 0x8000916c (0x46a14283) x 5 0x0000002e mem 0x80010ddf
core   0: 0x80009170 (0x06810123) sb      s0, 98(sp)
core   0: 3 0x80009170 (0x06810123) mem 0x800109d7 0x1
core   0: 0x80009174 (0x598121a3) sw      s8, 1411(sp)
core   0: 3 0x80009174 (0x598121a3) mem 0x80010ef8 0x80029ce4
core   0: 0x80009178 (0xa6014503) lbu     a0, -1440(sp)
core   0: 3 0x80009178 (0xa6014503) x10 0x000000f4 mem 0x800103d5
core   0: 0x8000917c (0x66c14383) lbu     t2, 1644(sp)
core   0: 3 0x8000917c (0x66c14383) x 7 0x000000be mem 0x80010fe1
core   0: 0x80009180 (0x02c36e33) rem     t3, t1, a2
core   0: 3 0x80009180 (0x02c36e33) x28 0x0000060a
core   0: 0x80009184 (0x01e9e433) or      s0, s3, t5
core   0: 3 0x80009184 (0x01e9e433) x 8 0xffffe7b7
core   0: 0x80009188 (0x01159093) slli    ra, a1, 17
core   0: 3 0x80009188 (0x01159093) x 1 0xff3e0000
core   0: 0x8000918c (0x01decbb3) xor     s7, t4, t4
core   0: 3 0x8000918c (0x01decbb3) x23 0x00000000
core   0: 0x80009190 (0x47715583) lhu     a1, 1143(sp)
core   0: 3 0x80009190 (0x47715583) x11 0x0000d297 mem 0x80010dec
core   0: 0x80009194 (0x4c510423) sb      t0, 1224(sp)
core   0: 3 0x80009194 (0x4c510423) mem 0x80010e3d 0x2e
core   0: 0x80009198 (0x028a9e33) mulh    t3, s5, s0
core   0: 3 0x80009198 (0x028a9e33) x28 0x00000000
core   0: 0x8000919c (0xc5810e03) lb      t3, -936(sp)
core   0: 3 0x8000919c (0xc5810e03) x28 0xffffffe4 mem 0x800105cd
core   0: 0x800091a0 (0x0010a5b3) slt     a1, ra, ra
core   0: 3 0x800091a0 (0x0010a5b3) x11 0x00000000
core   0: 0x800091a4 (0x0ff64d93) xori    s11, a2, 255
core   0: 3 0x800091a4 (0x0ff64d93) x27 0x800000ff
core   0: 0x800091a8 (0x10a10ea3) sb      a0, 285(sp)
core   0: 3 0x800091a8 (0x10a10ea3) mem 0x80010a92 0xf4
core   0: 0x800091ac (0xf64ab517) auipc   a0, 0xf64ab
core   0: 3 0x800091ac (0xf64ab517) x10 0x764b41ac
core   0: 0x800091b0 (0x99024f13) xori    t5, tp, -1648
core   0: 3 0x800091b0 (0x99024f13) x30 0x0000066f
core   0: 0x800091b4 (0x61a14483) lbu     s1, 1562(sp)
core   0: 3 0x800091b4 (0x61a14483) x 9 0x00000037 mem 0x80010f8f
core   0: 0x800091b8 (0x03c107a3) sb      t3, 47(sp)
core   0: 3 0x800091b8 (0x03c107a3) mem 0x800109a4 0xe4
core   0: 0x800091bc (0x31f10e23) sb      t6, 796(sp)
core   0: 3 0x800091bc (0x31f10e23) mem 0x80010c91 0x0
core   0: 0x800091c0 (0x8a2110a3) sh      sp, -1887(sp)
core   0: 3 0x800091c0 (0x8a2110a3) mem 0x80010216 0x0975
core   0: 0x800091c4 (0xb4915903) lhu     s2, -1207(sp)
core   0: 3 0x800091c4 (0xb4915903) x18 0x000007fc mem 0x800104be
core   0: 0x800091c8 (0x1e510ba3) sb      t0, 503(sp)
core   0: 3 0x800091c8 (0x1e510ba3) mem 0x80010b6c 0x2e
core   0: 0x800091cc (0x2a711a83) lh      s5, 679(sp)
core   0: 3 0x800091cc (0x2a711a83) x21 0x000028a4 mem 0x80010c1c
core   0: 0x800091d0 (0x16e0a513) slti    a0, ra, 366
core   0: 3 0x800091d0 (0x16e0a513) x10 0x00000001
core   0: 0x800091d4 (0x28014683) lbu     a3, 640(sp)
core   0: 3 0x800091d4 (0x28014683) x13 0x00000096 mem 0x80010bf5
core   0: 0x800091d8 (0x0b514e83) lbu     t4, 181(sp)
core   0: 3 0x800091d8 (0x0b514e83) x29 0x0000001c mem 0x80010a2a
core   0: 0x800091dc (0x00007917) auipc   s2, 0x7
core   0: 3 0x800091dc (0x00007917) x18 0x800101dc
core   0: 0x800091e0 (0xf5790913) addi    s2, s2, -169
core   0: 3 0x800091e0 (0xf5790913) x18 0x80010133
core   0: 0x800091e4 (0x004900a3) sb      tp, 1(s2)
core   0: 3 0x800091e4 (0x004900a3) mem 0x80010134 0xff
core   0: 0x800091e8 (0x8b46b393) sltiu   t2, a3, -1868
core   0: 3 0x800091e8 (0x8b46b393) x 7 0x00000001
core   0: 0x800091ec (0x03c41733) mulh    a4, s0, t3
core   0: 3 0x800091ec (0x03c41733) x14 0x00000000
core   0: 0x800091f0 (0xff294683) lbu     a3, -14(s2)
core   0: 3 0x800091f0 (0xff294683) x13 0x0000004f mem 0x80010125
core   0: 0x800091f4 (0x00c94703) lbu     a4, 12(s2)
core   0: 3 0x800091f4 (0x00c94703) x14 0x000000a8 mem 0x8001013f
core   0: 0x800091f8 (0xffc91ba3) sh      t3, -9(s2)
core   0: 3 0x800091f8 (0xffc91ba3) mem 0x8001012a 0xffe4
core   0: 0x800091fc (0x00d95c83) lhu     s9, 13(s2)
core   0: 3 0x800091fc (0x00d95c83) x25 0x000001ae mem 0x80010140
core   0: 0x80009200 (0x004e4f13) xori    t5, t3, 4
core   0: 3 0x80009200 (0x004e4f13) x30 0xffffffe0
core   0: 0x80009204 (0x00a90103) lb      sp, 10(s2)
core   0: 3 0x80009204 (0x00a90103) x 2 0xffffffca mem 0x8001013d
core   0: 0x80009208 (0x03f940b3) div     ra, s2, t6
core   0: 3 0x80009208 (0x03f940b3) x 1 0xffffffff
core   0: 0x8000920c (0x00000013) nop
core   0: 3 0x8000920c (0x00000013)
core   0: 0x80009210 (0x00676a33) or      s4, a4, t1
core   0: 3 0x80009210 (0x00676a33) x20 0x000006aa
core   0: 0x80009214 (0x019905a3) sb      s9, 11(s2)
core   0: 3 0x80009214 (0x019905a3) mem 0x8001013e 0xae
core   0: 0x80009218 (0x007851b3) srl     gp, a6, t2
core   0: 3 0x80009218 (0x007851b3) x 3 0x40012f1a
core   0: 0x8000921c (0x01815133) srl     sp, sp, s8
core   0: 3 0x8000921c (0x01815133) x 2 0x0ffffffc
core   0: 0x80009220 (0xfd4de893) ori     a7, s11, -44
core   0: 3 0x80009220 (0xfd4de893) x17 0xffffffff
core   0: 0x80009224 (0xff294883) lbu     a7, -14(s2)
core   0: 3 0x80009224 (0xff294883) x17 0x0000004f mem 0x80010125
core   0: 0x80009228 (0x3e877117) auipc   sp, 0x3e877
core   0: 3 0x80009228 (0x3e877117) x 2 0xbe880228
core   0: 0x8000922c (0xffd91c83) lh      s9, -3(s2)
core   0: 3 0x8000922c (0xffd91c83) x25 0x000065d9 mem 0x80010130
core   0: 0x80009230 (0x00894203) lbu     tp, 8(s2)
core   0: 3 0x80009230 (0x00894203) x 4 0x00000008 mem 0x8001013b
core   0: 0x80009234 (0x02bad233) divu    tp, s5, a1
core   0: 3 0x80009234 (0x02bad233) x 4 0xffffffff
core   0: 0x80009238 (0x012c6033) or      zero, s8, s2
core   0: 3 0x80009238 (0x012c6033)
core   0: 0x8000923c (0x00e94d03) lbu     s10, 14(s2)
core   0: 3 0x8000923c (0x00e94d03) x26 0x00000001 mem 0x80010141
core   0: 0x80009240 (0x00e94203) lbu     tp, 14(s2)
core   0: 3 0x80009240 (0x00e94203) x 4 0x00000001 mem 0x80010141
core   0: 0x80009244 (0x0232deb3) divu    t4, t0, gp
core   0: 3 0x80009244 (0x0232deb3) x29 0x00000000
core   0: 0x80009248 (0x006914a3) sh      t1, 9(s2)
core   0: 3 0x80009248 (0x006914a3) mem 0x8001013c 0x060a
core   0: 0x8000924c (0x01664bb3) xor     s7, a2, s6
core   0: 3 0x8000924c (0x01664bb3) x23 0x80000000
core   0: 0x80009250 (0xc240c993) xori    s3, ra, -988
core   0: 3 0x80009250 (0xc240c993) x19 0x000003db
core   0: 0x80009254 (0x00e90703) lb      a4, 14(s2)
core   0: 3 0x80009254 (0x00e90703) x14 0x00000001 mem 0x80010141
core   0: 0x80009258 (0x010a9b13) slli    s6, s5, 16
core   0: 3 0x80009258 (0x010a9b13) x22 0x28a40000
core   0: 0x8000925c (0x011972b3) and     t0, s2, a7
core   0: 3 0x8000925c (0x011972b3) x 5 0x00000003
core   0: 0x80009260 (0x80fbee13) ori     t3, s7, -2033
core   0: 3 0x80009260 (0x80fbee13) x28 0xfffff80f
core   0: 0x80009264 (0xd8f8e993) ori     s3, a7, -625
core   0: 3 0x80009264 (0xd8f8e993) x19 0xfffffdcf
core   0: 0x80009268 (0x0107d293) srli    t0, a5, 16
core   0: 3 0x80009268 (0x0107d293) x 5 0x00008001
core   0: 0x8000926c (0x02885333) divu    t1, a6, s0
core   0: 3 0x8000926c (0x02885333) x 6 0x00000000
core   0: 0x80009270 (0x0058dd13) srli    s10, a7, 5
core   0: 3 0x80009270 (0x0058dd13) x26 0x00000002
core   0: 0x80009274 (0x4fdb8413) addi    s0, s7, 1277
core   0: 3 0x80009274 (0x4fdb8413) x 8 0x800004fd
core   0: 0x80009278 (0x00f94e03) lbu     t3, 15(s2)
core   0: 3 0x80009278 (0x00f94e03) x28 0x000000e5 mem 0x80010142
core   0: 0x8000927c (0x00790d03) lb      s10, 7(s2)
core   0: 3 0x8000927c (0x00790d03) x26 0x0000002f mem 0x8001013a
core   0: 0x80009280 (0xff490703) lb      a4, -12(s2)
core   0: 3 0x80009280 (0xff490703) x14 0x0000002f mem 0x80010127
core   0: 0x80009284 (0x02bebf33) mulhu   t5, t4, a1
core   0: 3 0x80009284 (0x02bebf33) x30 0x00000000
core   0: 0x80009288 (0x00371f93) slli    t6, a4, 3
core   0: 3 0x80009288 (0x00371f93) x31 0x00000178
core   0: 0x8000928c (0x00592d83) lw      s11, 5(s2)
core   0: 3 0x8000928c (0x00592d83) x27 0x082ff513 mem 0x80010138
core   0: 0x80009290 (0x036c38b3) mulhu   a7, s8, s6
core   0: 3 0x80009290 (0x036c38b3) x17 0x14526a30
core   0: 0x80009294 (0xfff95203) lhu     tp, -1(s2)
core   0: 3 0x80009294 (0xfff95203) x 4 0x00007395 mem 0x80010132
core   0: 0x80009298 (0xfeb91ba3) sh      a1, -9(s2)
core   0: 3 0x80009298 (0xfeb91ba3) mem 0x8001012a 0x0000
core   0: 0x8000929c (0x00d95183) lhu     gp, 13(s2)
core   0: 3 0x8000929c (0x00d95183) x 3 0x000001ae mem 0x80010140
core   0: 0x800092a0 (0x83512d97) auipc   s11, 0x83512
core   0: 3 0x800092a0 (0x83512d97) x27 0x0351b2a0
core   0: 0x800092a4 (0x01bdfd33) and     s10, s11, s11
core   0: 3 0x800092a4 (0x01bdfd33) x26 0x0351b2a0
core   0: 0x800092a8 (0x01c911a3) sh      t3, 3(s2)
core   0: 3 0x800092a8 (0x01c911a3) mem 0x80010136 0x00e5
core   0: 0x800092ac (0xff590503) lb      a0, -11(s2)
core   0: 3 0x800092ac (0xff590503) x10 0xffffff90 mem 0x80010128
core   0: 0x800092b0 (0xff290823) sb      s2, -16(s2)
core   0: 3 0x800092b0 (0xff290823) mem 0x80010123 0x33
core   0: 0x800092b4 (0x00016517) auipc   a0, 0x16
core   0: 3 0x800092b4 (0x00016517) x10 0x8001f2b4
core   0: 0x800092b8 (0xa0d50513) addi    a0, a0, -1523
core   0: 3 0x800092b8 (0xa0d50513) x10 0x8001ecc1
core   0: 0x800092bc (0x02e2ceb3) div     t4, t0, a4
core   0: 3 0x800092bc (0x02e2ceb3) x29 0x000002b9
core   0: 0x800092c0 (0x000a2133) slt     sp, s4, zero
core   0: 3 0x800092c0 (0x000a2133) x 2 0x00000000
core   0: 0x800092c4 (0x03a54e83) lbu     t4, 58(a0)
core   0: 3 0x800092c4 (0x03a54e83) x29 0x000000f9 mem 0x8001ecfb
core   0: 0x800092c8 (0x83b2fd13) andi    s10, t0, -1989
core   0: 3 0x800092c8 (0x83b2fd13) x26 0x00008001
core   0: 0x800092cc (0x41365093) srai    ra, a2, 19
core   0: 3 0x800092cc (0x41365093) x 1 0xfffff000
core   0: 0x800092d0 (0x00f432b3) sltu    t0, s0, a5
core   0: 3 0x800092d0 (0x00f432b3) x 5 0x00000001
core   0: 0x800092d4 (0x02715933) divu    s2, sp, t2
core   0: 3 0x800092d4 (0x02715933) x18 0x00000000
core   0: 0x800092d8 (0x014468b3) or      a7, s0, s4
core   0: 3 0x800092d8 (0x014468b3) x17 0x800006ff
core   0: 0x800092dc (0xfd454103) lbu     sp, -44(a0)
core   0: 3 0x800092dc (0xfd454103) x 2 0x00000095 mem 0x8001ec95
core   0: 0x800092e0 (0x02a5a7b3) mulhsu  a5, a1, a0
core   0: 3 0x800092e0 (0x02a5a7b3) x15 0x00000000
core   0: 0x800092e4 (0x01880d33) add     s10, a6, s8
core   0: 3 0x800092e4 (0x01880d33) x26 0x0004fb18
core   0: 0x800092e8 (0xfe050083) lb      ra, -32(a0)
core   0: 3 0x800092e8 (0xfe050083) x 1 0xffffffb1 mem 0x8001eca1
core   0: 0x800092ec (0x02650e83) lb      t4, 38(a0)
core   0: 3 0x800092ec (0x02650e83) x29 0x00000028 mem 0x8001ece7
core   0: 0x800092f0 (0x40535933) sra     s2, t1, t0
core   0: 3 0x800092f0 (0x40535933) x18 0x00000000
core   0: 0x800092f4 (0x17979237) lui     tp, 0x17979
core   0: 3 0x800092f4 (0x17979237) x 4 0x17979000
core   0: 0x800092f8 (0x0317d1b3) divu    gp, a5, a7
core   0: 3 0x800092f8 (0x0317d1b3) x 3 0x00000000
core   0: 0x800092fc (0x03335cb3) divu    s9, t1, s3
core   0: 3 0x800092fc (0x03335cb3) x25 0x00000000
core   0: 0x80009300 (0xfe1505a3) sb      ra, -21(a0)
core   0: 3 0x80009300 (0xfe1505a3) mem 0x8001ecac 0xb1
core   0: 0x80009304 (0xff454c83) lbu     s9, -12(a0)
core   0: 3 0x80009304 (0xff454c83) x25 0x0000006b mem 0x8001ecb5
core   0: 0x80009308 (0x00882333) slt     t1, a6, s0
core   0: 3 0x80009308 (0x00882333) x 6 0x00000000
core   0: 0x8000930c (0x00654f03) lbu     t5, 6(a0)
core   0: 3 0x8000930c (0x00654f03) x30 0x00000084 mem 0x8001ecc7
core   0: 0x80009310 (0x00276733) or      a4, a4, sp
core   0: 3 0x80009310 (0x00276733) x14 0x000000bf
core   0: 0x80009314 (0x00f38cb3) add     s9, t2, a5
core   0: 3 0x80009314 (0x00f38cb3) x25 0x00000001
core   0: 0x80009318 (0xfda504a3) sb      s10, -55(a0)
core   0: 3 0x80009318 (0xfda504a3) mem 0x8001ec8a 0x18
core   0: 0x8000931c (0x37a2e2b7) lui     t0, 0x37a2e
core   0: 3 0x8000931c (0x37a2e2b7) x 5 0x37a2e000
core   0: 0x80009320 (0x01363ab3) sltu    s5, a2, s3
core   0: 3 0x80009320 (0x01363ab3) x21 0x00000001
core   0: 0x80009324 (0x01a202b3) add     t0, tp, s10
core   0: 3 0x80009324 (0x01a202b3) x 5 0x179c8b18
core   0: 0x80009328 (0x0101d493) srli    s1, gp, 16
core   0: 3 0x80009328 (0x0101d493) x 9 0x00000000
core   0: 0x8000932c (0x02d54e83) lbu     t4, 45(a0)
core   0: 3 0x8000932c (0x02d54e83) x29 0x00000031 mem 0x8001ecee
core   0: 0x80009330 (0x41bfd393) srai    t2, t6, 27
core   0: 3 0x80009330 (0x41bfd393) x 7 0x00000000
core   0: 0x80009334 (0x00995893) srli    a7, s2, 9
core   0: 3 0x80009334 (0x00995893) x17 0x00000000
core   0: 0x80009338 (0x4007d413) srai    s0, a5, 0
core   0: 3 0x80009338 (0x4007d413) x 8 0x00000000
core   0: 0x8000933c (0xff8501a3) sb      s8, -29(a0)
core   0: 3 0x8000933c (0xff8501a3) mem 0x8001eca4 0xe4
core   0: 0x80009340 (0x40f30933) sub     s2, t1, a5
core   0: 3 0x80009340 (0x40f30933) x18 0x00000000
core   0: 0x80009344 (0x03aa4033) div     zero, s4, s10
core   0: 3 0x80009344 (0x03aa4033)
core   0: 0x80009348 (0x037070b3) remu    ra, zero, s7
core   0: 3 0x80009348 (0x037070b3) x 1 0x00000000
core   0: 0x8000934c (0x412a5113) srai    sp, s4, 18
core   0: 3 0x8000934c (0x412a5113) x 2 0x00000000
core   0: 0x80009350 (0xfe154d03) lbu     s10, -31(a0)
core   0: 3 0x80009350 (0xfe154d03) x26 0x00000030 mem 0x8001eca2
core   0: 0x80009354 (0x013105b3) add     a1, sp, s3
core   0: 3 0x80009354 (0x013105b3) x11 0xfffffdcf
core   0: 0x80009358 (0x01ab2fb3) slt     t6, s6, s10
core   0: 3 0x80009358 (0x01ab2fb3) x31 0x00000000
core   0: 0x8000935c (0xf7a50993) addi    s3, a0, -134
core   0: 3 0x8000935c (0xf7a50993) x19 0x8001ec3b
core   0: 0x80009360 (0x03c36733) rem     a4, t1, t3
core   0: 3 0x80009360 (0x03c36733) x14 0x00000000
core   0: 0x80009364 (0x03ba0263) beq     s4, s11, pc + 36
core   0: 3 0x80009364 (0x03ba0263)
core   0: 0x80009368 (0x013952b3) srl     t0, s2, s3
core   0: 3 0x80009368 (0x013952b3) x 5 0x00000000
core   0: 0x8000936c (0x006e69b3) or      s3, t3, t1
core   0: 3 0x8000936c (0x006e69b3) x19 0x000000e5
core   0: 0x80009370 (0x01656f33) or      t5, a0, s6
core   0: 3 0x80009370 (0x01656f33) x30 0xa8a5ecc1
core   0: 0x80009374 (0x419fd2b3) sra     t0, t6, s9
core   0: 3 0x80009374 (0x419fd2b3) x 5 0x00000000
core   0: 0x80009378 (0x02db8b33) mul     s6, s7, a3
core   0: 3 0x80009378 (0x02db8b33) x22 0x80000000
core   0: 0x8000937c (0x028bbeb3) mulhu   t4, s7, s0
core   0: 3 0x8000937c (0x028bbeb3) x29 0x00000000
core   0: 0x80009380 (0x001ad233) srl     tp, s5, ra
core   0: 3 0x80009380 (0x001ad233) x 4 0x00000001
core   0: 0x80009384 (0xb360c193) xori    gp, ra, -1226
core   0: 3 0x80009384 (0xb360c193) x 3 0xfffffb36
core   0: 0x80009388 (0x00d50f33) add     t5, a0, a3
core   0: 3 0x80009388 (0x00d50f33) x30 0x8001ed10
core   0: 0x8000938c (0x31a68a37) lui     s4, 0x31a68
core   0: 3 0x8000938c (0x31a68a37) x20 0x31a68000
core   0: 0x80009390 (0x038de5b3) rem     a1, s11, s8
core   0: 3 0x80009390 (0x038de5b3) x11 0x0351b2a0
core   0: 0x80009394 (0x9485b3b7) lui     t2, 0x9485b
core   0: 3 0x80009394 (0x9485b3b7) x 7 0x9485b000
core   0: 0x80009398 (0x52dc4493) xori    s1, s8, 1325
core   0: 3 0x80009398 (0x52dc4493) x 9 0x800299c9
core   0: 0x8000939c (0x01861463) bne     a2, s8, pc + 8
core   0: 3 0x8000939c (0x01861463)
core   0: 0x800093a4 (0x3e2d7313) andi    t1, s10, 994
core   0: 3 0x800093a4 (0x3e2d7313) x 6 0x00000020
core   0: 0x800093a8 (0xce8b6113) ori     sp, s6, -792
core   0: 3 0x800093a8 (0xce8b6113) x 2 0xfffffce8
core   0: 0x800093ac (0x9b0a8413) addi    s0, s5, -1616
core   0: 3 0x800093ac (0x9b0a8413) x 8 0xfffff9b1
core   0: 0x800093b0 (0x008e2a33) slt     s4, t3, s0
core   0: 3 0x800093b0 (0x008e2a33) x20 0x00000000
core   0: 0x800093b4 (0x043c9663) bne     s9, gp, pc + 76
core   0: 3 0x800093b4 (0x043c9663)
core   0: 0x80009400 (0xc02f0a93) addi    s5, t5, -1022
core   0: 3 0x80009400 (0xc02f0a93) x21 0x8001e912
core   0: 0x80009404 (0x00b6d263) bge     a3, a1, pc + 4
core   0: 3 0x80009404 (0x00b6d263)
core   0: 0x80009408 (0x00485a33) srl     s4, a6, tp
core   0: 3 0x80009408 (0x00485a33) x20 0x40012f1a
core   0: 0x8000940c (0x03df4263) blt     t5, t4, pc + 36
core   0: 3 0x8000940c (0x03df4263)
core   0: 0x80009430 (0x40d7d433) sra     s0, a5, a3
core   0: 3 0x80009430 (0x40d7d433) x 8 0x00000000
core   0: 0x80009434 (0x015c8cb3) add     s9, s9, s5
core   0: 3 0x80009434 (0x015c8cb3) x25 0x8001e913
core   0: 0x80009438 (0x29b03493) sltiu   s1, zero, 667
core   0: 3 0x80009438 (0x29b03493) x 9 0x00000001
core   0: 0x8000943c (0x027d82b3) mul     t0, s11, t2
core   0: 3 0x8000943c (0x027d82b3) x 5 0x77ee0000
core   0: 0x80009440 (0x03d26663) bltu    tp, t4, pc + 44
core   0: 3 0x80009440 (0x03d26663)
core   0: 0x80009444 (0x5fb8d217) auipc   tp, 0x5fb8d
core   0: 3 0x80009444 (0x5fb8d217) x 4 0xdfb96444
core   0: 0x80009448 (0x0034a9b3) slt     s3, s1, gp
core   0: 3 0x80009448 (0x0034a9b3) x19 0x00000000
core   0: 0x8000944c (0x60876e37) lui     t3, 0x60876
core   0: 3 0x8000944c (0x60876e37) x28 0x60876000
core   0: 0x80009450 (0x02c9d463) bge     s3, a2, pc + 40
core   0: 3 0x80009450 (0x02c9d463)
core   0: 0x80009478 (0xa26d7297) auipc   t0, 0xa26d7
core   0: 3 0x80009478 (0xa26d7297) x 5 0x226e0478
core   0: 0x8000947c (0x02c46e33) rem     t3, s0, a2
core   0: 3 0x8000947c (0x02c46e33) x28 0x00000000
core   0: 0x80009480 (0x01fb8eb3) add     t4, s7, t6
core   0: 3 0x80009480 (0x01fb8eb3) x29 0x80000000
core   0: 0x80009484 (0x4136d893) srai    a7, a3, 19
core   0: 3 0x80009484 (0x4136d893) x17 0x00000000
core   0: 0x80009488 (0x01d6c7b3) xor     a5, a3, t4
core   0: 3 0x80009488 (0x01d6c7b3) x15 0x8000004f
core   0: 0x8000948c (0x01f10e63) beq     sp, t6, pc + 28
core   0: 3 0x8000948c (0x01f10e63)
core   0: 0x80009490 (0x41135e33) sra     t3, t1, a7
core   0: 3 0x80009490 (0x41135e33) x28 0x00000020
core   0: 0x80009494 (0x03c534b3) mulhu   s1, a0, t3
core   0: 3 0x80009494 (0x03c534b3) x 9 0x00000010
core   0: 0x80009498 (0x00d75313) srli    t1, a4, 13
core   0: 3 0x80009498 (0x00d75313) x 6 0x00000000
core   0: 0x8000949c (0x00129a93) slli    s5, t0, 1
core   0: 3 0x8000949c (0x00129a93) x21 0x44dc08f0
core   0: 0x800094a0 (0x026039b3) mulhu   s3, zero, t1
core   0: 3 0x800094a0 (0x026039b3) x19 0x00000000
core   0: 0x800094a4 (0x017b6663) bltu    s6, s7, pc + 12
core   0: 3 0x800094a4 (0x017b6663)
core   0: 0x800094a8 (0xbbe4c4b7) lui     s1, 0xbbe4c
core   0: 3 0x800094a8 (0xbbe4c4b7) x 9 0xbbe4c000
core   0: 0x800094ac (0x00ab1093) slli    ra, s6, 10
core   0: 3 0x800094ac (0x00ab1093) x 1 0x00000000
core   0: 0x800094b0 (0x411fdab3) sra     s5, t6, a7
core   0: 3 0x800094b0 (0x411fdab3) x21 0x00000000
core   0: 0x800094b4 (0x05094463) blt     s2, a6, pc + 72
core   0: 3 0x800094b4 (0x05094463)
core   0: 0x800094b8 (0x017e4733) xor     a4, t3, s7
core   0: 3 0x800094b8 (0x017e4733) x14 0x80000020
core   0: 0x800094bc (0x03afd333) divu    t1, t6, s10
core   0: 3 0x800094bc (0x03afd333) x 6 0x00000000
core   0: 0x800094c0 (0x026c4a63) blt     s8, t1, pc + 52
core   0: 3 0x800094c0 (0x026c4a63)
core   0: 0x800094f4 (0x03cbb233) mulhu   tp, s7, t3
core   0: 3 0x800094f4 (0x03cbb233) x 4 0x00000010
core   0: 0x800094f8 (0x7f02e313) ori     t1, t0, 2032
core   0: 3 0x800094f8 (0x7f02e313) x 6 0x226e07f8
core   0: 0x800094fc (0x74816093) ori     ra, sp, 1864
core   0: 3 0x800094fc (0x74816093) x 1 0xffffffe8
core   0: 0x80009500 (0x0780c893) xori    a7, ra, 120
core   0: 3 0x80009500 (0x0780c893) x17 0xffffff90
core   0: 0x80009504 (0x00000013) nop
core   0: 3 0x80009504 (0x00000013)
core   0: 0x80009508 (0x0390abb3) mulhsu  s7, ra, s9
core   0: 3 0x80009508 (0x0390abb3) x23 0xfffffff3
core   0: 0x8000950c (0x019d8733) add     a4, s11, s9
core   0: 3 0x8000950c (0x019d8733) x14 0x83539bb3
core   0: 0x80009510 (0x008c3ab3) sltu    s5, s8, s0
core   0: 3 0x80009510 (0x008c3ab3) x21 0x00000000
core   0: 0x80009514 (0x2034c093) xori    ra, s1, 515
core   0: 3 0x80009514 (0x2034c093) x 1 0xbbe4c203
core   0: 0x80009518 (0x03558c63) beq     a1, s5, pc + 56
core   0: 3 0x80009518 (0x03558c63)
core   0: 0x8000951c (0x027e5033) divu    zero, t3, t2
core   0: 3 0x8000951c (0x027e5033)
core   0: 0x80009520 (0x00000013) nop
core   0: 3 0x80009520 (0x00000013)
core   0: 0x80009524 (0x02d613b3) mulh    t2, a2, a3
core   0: 3 0x80009524 (0x02d613b3) x 7 0xffffffd8
core   0: 0x80009528 (0x02cdecb3) rem     s9, s11, a2
core   0: 3 0x80009528 (0x02cdecb3) x25 0x0351b2a0
core   0: 0x8000952c (0x8548fc93) andi    s9, a7, -1964
core   0: 3 0x8000952c (0x8548fc93) x25 0xfffff810
core   0: 0x80009530 (0x004e4a63) blt     t3, tp, pc + 20
core   0: 3 0x80009530 (0x004e4a63)
core   0: 0x80009534 (0x62123013) sltiu   zero, tp, 1569
core   0: 3 0x80009534 (0x62123013)
core   0: 0x80009538 (0x4185d893) srai    a7, a1, 24
core   0: 3 0x80009538 (0x4185d893) x17 0x00000003
core   0: 0x8000953c (0x00cc0463) beq     s8, a2, pc + 8
core   0: 3 0x8000953c (0x00cc0463)
core   0: 0x80009540 (0xc1ae3097) auipc   ra, 0xc1ae3
core   0: 3 0x80009540 (0xc1ae3097) x 1 0x41aec540
core   0: 0x80009544 (0x018d0863) beq     s10, s8, pc + 16
core   0: 3 0x80009544 (0x018d0863)
core   0: 0x80009548 (0x03dfa6b3) mulhsu  a3, t6, t4
core   0: 3 0x80009548 (0x03dfa6b3) x13 0x00000000
core   0: 0x8000954c (0x02f039b3) mulhu   s3, zero, a5
core   0: 3 0x8000954c (0x02f039b3) x19 0x00000000
core   0: 0x80009550 (0xeb500113) li      sp, -331
core   0: 3 0x80009550 (0xeb500113) x 2 0xfffffeb5
core   0: 0x80009554 (0x0070f133) and     sp, ra, t2
core   0: 3 0x80009554 (0x0070f133) x 2 0x41aec540
core   0: 0x80009558 (0x015afe33) and     t3, s5, s5
core   0: 3 0x80009558 (0x015afe33) x28 0x00000000
core   0: 0x8000955c (0x006d6933) or      s2, s10, t1
core   0: 3 0x8000955c (0x006d6933) x18 0x226e07f8
core   0: 0x80009560 (0x081f0413) addi    s0, t5, 129
core   0: 3 0x80009560 (0x081f0413) x 8 0x8001ed91
core   0: 0x80009564 (0x03ae2ab3) mulhsu  s5, t3, s10
core   0: 3 0x80009564 (0x03ae2ab3) x21 0x00000000
core   0: 0x80009568 (0x031fb5b3) mulhu   a1, t6, a7
core   0: 3 0x80009568 (0x031fb5b3) x11 0x00000000
core   0: 0x8000956c (0xa4226597) auipc   a1, 0xa4226
core   0: 3 0x8000956c (0xa4226597) x11 0x2422f56c
core   0: 0x80009570 (0x02c16263) bltu    sp, a2, pc + 36
core   0: 3 0x80009570 (0x02c16263)
core   0: 0x80009594 (0x03f9ee63) bltu    s3, t6, pc + 60
core   0: 3 0x80009594 (0x03f9ee63)
core   0: 0x80009598 (0x04615263) bge     sp, t1, pc + 68
core   0: 3 0x80009598 (0x04615263)
core   0: 0x800095dc (0x01457533) and     a0, a0, s4
core   0: 3 0x800095dc (0x01457533) x10 0x00012c00
core   0: 0x800095e0 (0x03fffb33) remu    s6, t6, t6
core   0: 3 0x800095e0 (0x03fffb33) x22 0x00000000
core   0: 0x800095e4 (0x7aef66b7) lui     a3, 0x7aef6
core   0: 3 0x800095e4 (0x7aef66b7) x13 0x7aef6000
core   0: 0x800095e8 (0x03a89533) mulh    a0, a7, s10
core   0: 3 0x800095e8 (0x03a89533) x10 0x00000000
core   0: 0x800095ec (0x47d12113) slti    sp, sp, 1149
core   0: 3 0x800095ec (0x47d12113) x 2 0x00000000
core   0: 0x800095f0 (0x0140ea33) or      s4, ra, s4
core   0: 3 0x800095f0 (0x0140ea33) x20 0x41afef5a
core   0: 0x800095f4 (0x032f6433) rem     s0, t5, s2
core   0: 3 0x800095f4 (0x032f6433) x 8 0xe74c04f8
core   0: 0x800095f8 (0x0290c133) div     sp, ra, s1
core   0: 3 0x800095f8 (0x0290c133) x 2 0x00000000
core   0: 0x800095fc (0x004e6a33) or      s4, t3, tp
core   0: 3 0x800095fc (0x004e6a33) x20 0x00000010
core   0: 0x80009600 (0x03615333) divu    t1, sp, s6
core   0: 3 0x80009600 (0x03615333) x 6 0xffffffff
core   0: 0x80009604 (0x9e526893) ori     a7, tp, -1563
core   0: 3 0x80009604 (0x9e526893) x17 0xfffff9f5
core   0: 0x80009608 (0x03935c63) bge     t1, s9, pc + 56
core   0: 3 0x80009608 (0x03935c63)
core   0: 0x80009640 (0x01da06b3) add     a3, s4, t4
core   0: 3 0x80009640 (0x01da06b3) x13 0x80000010
core   0: 0x80009644 (0x02c531b3) mulhu   gp, a0, a2
core   0: 3 0x80009644 (0x02c531b3) x 3 0x00000000
core   0: 0x80009648 (0x02127cb3) remu    s9, tp, ra
core   0: 3 0x80009648 (0x02127cb3) x25 0x00000010
core   0: 0x8000964c (0x01ebd2b3) srl     t0, s7, t5
core   0: 3 0x8000964c (0x01ebd2b3) x 5 0x0000ffff
core   0: 0x80009650 (0x010e6463) bltu    t3, a6, pc + 8
core   0: 3 0x80009650 (0x010e6463)
core   0: 0x80009658 (0x003992b3) sll     t0, s3, gp
core   0: 3 0x80009658 (0x003992b3) x 5 0x00000000
core   0: 0x8000965c (0x02c58fb3) mul     t6, a1, a2
core   0: 3 0x8000965c (0x02c58fb3) x31 0x00000000
core   0: 0x80009660 (0x02457133) remu    sp, a0, tp
core   0: 3 0x80009660 (0x02457133) x 2 0x00000000
core   0: 0x80009664 (0x00000013) nop
core   0: 3 0x80009664 (0x00000013)
core   0: 0x80009668 (0x01503233) snez    tp, s5
core   0: 3 0x80009668 (0x01503233) x 4 0x00000000
core   0: 0x8000966c (0x86da7893) andi    a7, s4, -1939
core   0: 3 0x8000966c (0x86da7893) x17 0x00000000
core   0: 0x80009670 (0x005de333) or      t1, s11, t0
core   0: 3 0x80009670 (0x005de333) x 6 0x0351b2a0
core   0: 0x80009674 (0x029409b3) mul     s3, s0, s1
core   0: 3 0x80009674 (0x029409b3) x19 0x989a0000
core   0: 0x80009678 (0x76813913) sltiu   s2, sp, 1896
core   0: 3 0x80009678 (0x76813913) x18 0x00000001
core   0: 0x8000967c (0x01652e33) slt     t3, a0, s6
core   0: 3 0x8000967c (0x01652e33) x28 0x00000000
core   0: 0x80009680 (0x0182e863) bltu    t0, s8, pc + 16
core   0: 3 0x80009680 (0x0182e863)
core   0: 0x80009690 (0x037586b3) mul     a3, a1, s7
core   0: 3 0x80009690 (0x037586b3) x13 0x2a398984
core   0: 0x80009694 (0x03305263) bge     zero, s3, pc + 36
core   0: 3 0x80009694 (0x03305263)
core   0: 0x800096b8 (0x00bf5433) srl     s0, t5, a1
core   0: 3 0x800096b8 (0x00bf5433) x 8 0x0008001e
core   0: 0x800096bc (0x03395a63) bge     s2, s3, pc + 52
core   0: 3 0x800096bc (0x03395a63)
core   0: 0x800096f0 (0x0286dbb3) divu    s7, a3, s0
core   0: 3 0x800096f0 (0x0286dbb3) x23 0x00000547
core   0: 0x800096f4 (0x47f46093) ori     ra, s0, 1151
core   0: 3 0x800096f4 (0x47f46093) x 1 0x0008047f
core   0: 0x800096f8 (0x02c69463) bne     a3, a2, pc + 40
core   0: 3 0x800096f8 (0x02c69463)
core   0: 0x80009720 (0x00b326b3) slt     a3, t1, a1
core   0: 3 0x80009720 (0x00b326b3) x13 0x00000001
core   0: 0x80009724 (0x02176eb3) rem     t4, a4, ra
core   0: 3 0x80009724 (0x02176eb3) x29 0xfff98227
core   0: 0x80009728 (0x00e6de63) bge     a3, a4, pc + 28
core   0: 3 0x80009728 (0x00e6de63)
core   0: 0x80009744 (0x018ae663) bltu    s5, s8, pc + 12
core   0: 3 0x80009744 (0x018ae663)
core   0: 0x80009750 (0xb5996893) ori     a7, s2, -1191
core   0: 3 0x80009750 (0xb5996893) x17 0xfffffb59
core   0: 0x80009754 (0x00128463) beq     t0, ra, pc + 8
core   0: 3 0x80009754 (0x00128463)
core   0: 0x80009758 (0x024a2fb3) mulhsu  t6, s4, tp
core   0: 3 0x80009758 (0x024a2fb3) x31 0x00000000
core   0: 0x8000975c (0x0446d663) bge     a3, tp, pc + 76
core   0: 3 0x8000975c (0x0446d663)
core   0: 0x800097a8 (0x031a4d33) div     s10, s4, a7
core   0: 3 0x800097a8 (0x031a4d33) x26 0x00000000
core   0: 0x800097ac (0x03f11663) bne     sp, t6, pc + 44
core   0: 3 0x800097ac (0x03f11663)
core   0: 0x800097b0 (0x03e2f133) remu    sp, t0, t5
core   0: 3 0x800097b0 (0x03e2f133) x 2 0x00000000
core   0: 0x800097b4 (0x0bc8fe13) andi    t3, a7, 188
core   0: 3 0x800097b4 (0x0bc8fe13) x28 0x00000018
core   0: 0x800097b8 (0x01992533) slt     a0, s2, s9
core   0: 3 0x800097b8 (0x01992533) x10 0x00000001
core   0: 0x800097bc (0x03bc2b33) mulhsu  s6, s8, s11
core   0: 3 0x800097bc (0x03bc2b33) x22 0xfe572f5c
core   0: 0x800097c0 (0x4c2c2237) lui     tp, 0x4c2c2
core   0: 3 0x800097c0 (0x4c2c2237) x 4 0x4c2c2000
core   0: 0x800097c4 (0x0e300493) li      s1, 227
core   0: 3 0x800097c4 (0x0e300493) x 9 0x000000e3
core   0: 0x800097c8 (0x0c2f3217) auipc   tp, 0xc2f3
core   0: 3 0x800097c8 (0x0c2f3217) x 4 0x8c2fc7c8
core   0: 0x800097cc (0x4f007c97) auipc   s9, 0x4f007
core   0: 3 0x800097cc (0x4f007c97) x25 0xcf0107cc
core   0: 0x800097d0 (0x0175e8b3) or      a7, a1, s7
core   0: 3 0x800097d0 (0x0175e8b3) x17 0x2422f56f
core   0: 0x800097d4 (0xde5315b7) lui     a1, 0xde531
core   0: 3 0x800097d4 (0xde5315b7) x11 0xde531000
core   0: 0x800097d8 (0x40775f33) sra     t5, a4, t2
core   0: 3 0x800097d8 (0x40775f33) x30 0xffffff83
core   0: 0x800097dc (0x40dade33) sra     t3, s5, a3
core   0: 3 0x800097dc (0x40dade33) x28 0x00000000
core   0: 0x800097e0 (0x0275e133) rem     sp, a1, t2
core   0: 3 0x800097e0 (0x0275e133) x 2 0x00000000
core   0: 0x800097e4 (0x03aaaab3) mulhsu  s5, s5, s10
core   0: 3 0x800097e4 (0x03aaaab3) x21 0x00000000
core   0: 0x800097e8 (0x014c44b3) xor     s1, s8, s4
core   0: 3 0x800097e8 (0x014c44b3) x 9 0x80029cf4
core   0: 0x800097ec (0x036c0263) beq     s8, s6, pc + 36
core   0: 3 0x800097ec (0x036c0263)
core   0: 0x800097f0 (0x40750d33) sub     s10, a0, t2
core   0: 3 0x800097f0 (0x40750d33) x26 0x00000029
core   0: 0x800097f4 (0x01027d33) and     s10, tp, a6
core   0: 3 0x800097f4 (0x01027d33) x26 0x80024600
core   0: 0x800097f8 (0x03e8d863) bge     a7, t5, pc + 48
core   0: 3 0x800097f8 (0x03e8d863)
core   0: 0x80009828 (0xa0540193) addi    gp, s0, -1531
core   0: 3 0x80009828 (0xa0540193) x 3 0x0007fa23
core   0: 0x8000982c (0x01a4a1b3) slt     gp, s1, s10
core   0: 3 0x8000982c (0x01a4a1b3) x 3 0x00000000
core   0: 0x80009830 (0x777ba413) slti    s0, s7, 1911
core   0: 3 0x80009830 (0x777ba413) x 8 0x00000001
core   0: 0x80009834 (0x0ce5e293) ori     t0, a1, 206
core   0: 3 0x80009834 (0x0ce5e293) x 5 0xde5310ce
core   0: 0x80009838 (0x02f4fa63) bgeu    s1, a5, pc + 52
core   0: 3 0x80009838 (0x02f4fa63)
core   0: 0x8000986c (0x01cc1fb3) sll     t6, s8, t3
core   0: 3 0x8000986c (0x01cc1fb3) x31 0x80029ce4
core   0: 0x80009870 (0x781ce897) auipc   a7, 0x781ce
core   0: 3 0x80009870 (0x781ce897) x17 0xf81d7870
core   0: 0x80009874 (0x00168e33) add     t3, a3, ra
core   0: 3 0x80009874 (0x00168e33) x28 0x00080480
core   0: 0x80009878 (0x0012d5b3) srl     a1, t0, ra
core   0: 3 0x80009878 (0x0012d5b3) x11 0x00000001
core   0: 0x8000987c (0x02c9ffb3) remu    t6, s3, a2
core   0: 3 0x8000987c (0x02c9ffb3) x31 0x189a0000
core   0: 0x80009880 (0x0027c0b3) xor     ra, a5, sp
core   0: 3 0x80009880 (0x0027c0b3) x 1 0x8000004f
core   0: 0x80009884 (0x0383de63) bge     t2, s8, pc + 60
core   0: 3 0x80009884 (0x0383de63)
core   0: 0x800098c0 (0x037c5eb3) divu    t4, s8, s7
core   0: 3 0x800098c0 (0x037c5eb3) x29 0x001841ad
core   0: 0x800098c4 (0x0147db13) srli    s6, a5, 20
core   0: 3 0x800098c4 (0x0147db13) x22 0x00000800
core   0: 0x800098c8 (0x007fea63) bltu    t6, t2, pc + 20
core   0: 3 0x800098c8 (0x007fea63)
core   0: 0x800098dc (0x04e97463) bgeu    s2, a4, pc + 72
core   0: 3 0x800098dc (0x04e97463)
core   0: 0x800098e0 (0x017e67b3) or      a5, t3, s7
core   0: 3 0x800098e0 (0x017e67b3) x15 0x000805c7
core   0: 0x800098e4 (0x0142d913) srli    s2, t0, 20
core   0: 3 0x800098e4 (0x0142d913) x18 0x00000de5
core   0: 0x800098e8 (0x022d4db3) div     s11, s10, sp
core   0: 3 0x800098e8 (0x022d4db3) x27 0xffffffff
core   0: 0x800098ec (0x18014db7) lui     s11, 0x18014
core   0: 3 0x800098ec (0x18014db7) x27 0x18014000
core   0: 0x800098f0 (0x012c7f93) andi    t6, s8, 18
core   0: 3 0x800098f0 (0x012c7f93) x31 0x00000000
core   0: 0x800098f4 (0x0031c733) xor     a4, gp, gp
core   0: 3 0x800098f4 (0x0031c733) x14 0x00000000
core   0: 0x800098f8 (0x02da7bb3) remu    s7, s4, a3
core   0: 3 0x800098f8 (0x02da7bb3) x23 0x00000000
core   0: 0x800098fc (0x00d12fb3) slt     t6, sp, a3
core   0: 3 0x800098fc (0x00d12fb3) x31 0x00000001
core   0: 0x80009900 (0x03947b33) remu    s6, s0, s9
core   0: 3 0x80009900 (0x03947b33) x22 0x00000001
core   0: 0x80009904 (0x00284033) xor     zero, a6, sp
core   0: 3 0x80009904 (0x00284033)
core   0: 0x80009908 (0x01c7f8b3) and     a7, a5, t3
core   0: 3 0x80009908 (0x01c7f8b3) x17 0x00080480
core   0: 0x8000990c (0x02a47733) remu    a4, s0, a0
core   0: 3 0x8000990c (0x02a47733) x14 0x00000000
core   0: 0x80009910 (0x40cb5e13) srai    t3, s6, 12
core   0: 3 0x80009910 (0x40cb5e13) x28 0x00000000
core   0: 0x80009914 (0x014c3fb3) sltu    t6, s8, s4
core   0: 3 0x80009914 (0x014c3fb3) x31 0x00000000
core   0: 0x80009918 (0x00e8e663) bltu    a7, a4, pc + 12
core   0: 3 0x80009918 (0x00e8e663)
core   0: 0x8000991c (0x0346ea33) rem     s4, a3, s4
core   0: 3 0x8000991c (0x0346ea33) x20 0x00000001
core   0: 0x80009920 (0x032fd663) bge     t6, s2, pc + 44
core   0: 3 0x80009920 (0x032fd663)
core   0: 0x80009924 (0x037310b3) mulh    ra, t1, s7
core   0: 3 0x80009924 (0x037310b3) x 1 0x00000000
core   0: 0x80009928 (0x01501263) bne     zero, s5, pc + 4
core   0: 3 0x80009928 (0x01501263)
core   0: 0x8000992c (0x00699213) slli    tp, s3, 6
core   0: 3 0x8000992c (0x00699213) x 4 0x26800000
core   0: 0x80009930 (0x01696433) or      s0, s2, s6
core   0: 3 0x80009930 (0x01696433) x 8 0x00000de5
core   0: 0x80009934 (0x05b75263) bge     a4, s11, pc + 68
core   0: 3 0x80009934 (0x05b75263)
core   0: 0x80009938 (0x030cda63) bge     s9, a6, pc + 52
core   0: 3 0x80009938 (0x030cda63)
core   0: 0x8000996c (0x0295f463) bgeu    a1, s1, pc + 40
core   0: 3 0x8000996c (0x0295f463)
core   0: 0x80009970 (0x020eec63) bltu    t4, zero, pc + 56
core   0: 3 0x80009970 (0x020eec63)
core   0: 0x80009974 (0x8598ad13) slti    s10, a7, -1959
core   0: 3 0x80009974 (0x8598ad13) x26 0x00000000
core   0: 0x80009978 (0xab3abd13) sltiu   s10, s5, -1357
core   0: 3 0x80009978 (0xab3abd13) x26 0x00000001
core   0: 0x8000997c (0xfb8a0993) addi    s3, s4, -72
core   0: 3 0x8000997c (0xfb8a0993) x19 0xffffffb9
core   0: 0x80009980 (0x0315c063) blt     a1, a7, pc + 32
core   0: 3 0x80009980 (0x0315c063)
core   0: 0x800099a0 (0x00075433) srl     s0, a4, zero
core   0: 3 0x800099a0 (0x00075433) x 8 0x00000000
core   0: 0x800099a4 (0x034b4263) blt     s6, s4, pc + 36
core   0: 3 0x800099a4 (0x034b4263)
core   0: 0x800099a8 (0x012f06b3) add     a3, t5, s2
core   0: 3 0x800099a8 (0x012f06b3) x13 0x00000d68
core   0: 0x800099ac (0x00ca6533) or      a0, s4, a2
core   0: 3 0x800099ac (0x00ca6533) x10 0x80000001
core   0: 0x800099b0 (0xfb667a13) andi    s4, a2, -74
core   0: 3 0x800099b0 (0xfb667a13) x20 0x80000000
core   0: 0x800099b4 (0x0283f9b3) remu    s3, t2, s0
core   0: 3 0x800099b4 (0x0283f9b3) x19 0xffffffd8
core   0: 0x800099b8 (0x03c70d33) mul     s10, a4, t3
core   0: 3 0x800099b8 (0x03c70d33) x26 0x00000000
core   0: 0x800099bc (0xd903eb17) auipc   s6, 0xd903e
core   0: 3 0x800099bc (0xd903eb17) x22 0x590479bc
core   0: 0x800099c0 (0x0358f4b3) remu    s1, a7, s5
core   0: 3 0x800099c0 (0x0358f4b3) x 9 0x00080480
core   0: 0x800099c4 (0x03e50933) mul     s2, a0, t5
core   0: 3 0x800099c4 (0x03e50933) x18 0x7fffff83
core   0: 0x800099c8 (0x11cb7a93) andi    s5, s6, 284
core   0: 3 0x800099c8 (0x11cb7a93) x21 0x0000011c
core   0: 0x800099cc (0xbcfbc013) xori    zero, s7, -1073
core   0: 3 0x800099cc (0xbcfbc013)
core   0: 0x800099d0 (0x1d0e8b13) addi    s6, t4, 464
core   0: 3 0x800099d0 (0x1d0e8b13) x22 0x0018437d
core   0: 0x800099d4 (0x00f6d6b3) srl     a3, a3, a5
core   0: 3 0x800099d4 (0x00f6d6b3) x13 0x0000001a
core   0: 0x800099d8 (0x01caf863) bgeu    s5, t3, pc + 16
core   0: 3 0x800099d8 (0x01caf863)
core   0: 0x800099e8 (0x025e05b3) mul     a1, t3, t0
core   0: 3 0x800099e8 (0x025e05b3) x11 0x00000000
core   0: 0x800099ec (0x0396ee63) bltu    a3, s9, pc + 60
core   0: 3 0x800099ec (0x0396ee63)
core   0: 0x80009a28 (0x0085e863) bltu    a1, s0, pc + 16
core   0: 3 0x80009a28 (0x0085e863)
core   0: 0x80009a2c (0x0107a933) slt     s2, a5, a6
core   0: 3 0x80009a2c (0x0107a933) x18 0x00000000
core   0: 0x80009a30 (0x03400133) mul     sp, zero, s4
core   0: 3 0x80009a30 (0x03400133) x 2 0x00000000
core   0: 0x80009a34 (0x412906b3) sub     a3, s2, s2
core   0: 3 0x80009a34 (0x412906b3) x13 0x00000000
core   0: 0x80009a38 (0x014d1263) bne     s10, s4, pc + 4
core   0: 3 0x80009a38 (0x014d1263)
core   0: 0x80009a3c (0x41c95193) srai    gp, s2, 28
core   0: 3 0x80009a3c (0x41c95193) x 3 0x00000000
core   0: 0x80009a40 (0x41c25cb3) sra     s9, tp, t3
core   0: 3 0x80009a40 (0x41c25cb3) x25 0x26800000
core   0: 0x80009a44 (0x01107463) bgeu    zero, a7, pc + 8
core   0: 3 0x80009a44 (0x01107463)
core   0: 0x80009a48 (0x01aca133) slt     sp, s9, s10
core   0: 3 0x80009a48 (0x01aca133) x 2 0x00000000
core   0: 0x80009a4c (0x03415eb3) divu    t4, sp, s4
core   0: 3 0x80009a4c (0x03415eb3) x29 0x00000000
core   0: 0x80009a50 (0x036afe33) remu    t3, s5, s6
core   0: 3 0x80009a50 (0x036afe33) x28 0x0000011c
core   0: 0x80009a54 (0x01afff33) and     t5, t6, s10
core   0: 3 0x80009a54 (0x01afff33) x30 0x00000000
core   0: 0x80009a58 (0x027a4b33) div     s6, s4, t2
core   0: 3 0x80009a58 (0x027a4b33) x22 0x03333333
core   0: 0x80009a5c (0xbcb56593) ori     a1, a0, -1077
core   0: 3 0x80009a5c (0xbcb56593) x11 0xfffffbcb
core   0: 0x80009a60 (0x00c10233) add     tp, sp, a2
core   0: 3 0x80009a60 (0x00c10233) x 4 0x80000000
core   0: 0x80009a64 (0x01893033) sltu    zero, s2, s8
core   0: 3 0x80009a64 (0x01893033)
core   0: 0x80009a68 (0x02e20463) beq     tp, a4, pc + 40
core   0: 3 0x80009a68 (0x02e20463)
core   0: 0x80009a6c (0x0162db13) srli    s6, t0, 22
core   0: 3 0x80009a6c (0x0162db13) x22 0x00000379
core   0: 0x80009a70 (0xe8fcfa13) andi    s4, s9, -369
core   0: 3 0x80009a70 (0xe8fcfa13) x20 0x26800000
core   0: 0x80009a74 (0x020eeeb3) rem     t4, t4, zero
core   0: 3 0x80009a74 (0x020eeeb3) x29 0x00000000
core   0: 0x80009a78 (0x011d5133) srl     sp, s10, a7
core   0: 3 0x80009a78 (0x011d5133) x 2 0x00000000
core   0: 0x80009a7c (0xda2cb593) sltiu   a1, s9, -606
core   0: 3 0x80009a7c (0xda2cb593) x11 0x00000001
core   0: 0x80009a80 (0x018973b3) and     t2, s2, s8
core   0: 3 0x80009a80 (0x018973b3) x 7 0x00000000
core   0: 0x80009a84 (0xbd47f013) andi    zero, a5, -1068
core   0: 3 0x80009a84 (0xbd47f013)
core   0: 0x80009a88 (0x05317463) bgeu    sp, s3, pc + 72
core   0: 3 0x80009a88 (0x05317463)
core   0: 0x80009a8c (0x0130fa63) bgeu    ra, s3, pc + 20
core   0: 3 0x80009a8c (0x0130fa63)
core   0: 0x80009a90 (0x0209cd33) div     s10, s3, zero
core   0: 3 0x80009a90 (0x0209cd33) x26 0xffffffff
core   0: 0x80009a94 (0x408bde33) sra     t3, s7, s0
core   0: 3 0x80009a94 (0x408bde33) x28 0x00000000
core   0: 0x80009a98 (0x00000013) nop
core   0: 3 0x80009a98 (0x00000013)
core   0: 0x80009a9c (0x028215b3) mulh    a1, tp, s0
core   0: 3 0x80009a9c (0x028215b3) x11 0x00000000
core   0: 0x80009aa0 (0x040c5663) bgez    s8, pc + 76
core   0: 3 0x80009aa0 (0x040c5663)
core   0: 0x80009aa4 (0x020ce263) bltu    s9, zero, pc + 36
core   0: 3 0x80009aa4 (0x020ce263)
core   0: 0x80009aa8 (0x007cdeb3) srl     t4, s9, t2
core   0: 3 0x80009aa8 (0x007cdeb3) x29 0x26800000
core   0: 0x80009aac (0x001e0733) add     a4, t3, ra
core   0: 3 0x80009aac (0x001e0733) x14 0x00000000
core   0: 0x80009ab0 (0x00499663) bne     s3, tp, pc + 12
core   0: 3 0x80009ab0 (0x00499663)
core   0: 0x80009abc (0x02fe5863) bge     t3, a5, pc + 48
core   0: 3 0x80009abc (0x02fe5863)
core   0: 0x80009ac0 (0x03b6e463) bltu    a3, s11, pc + 40
core   0: 3 0x80009ac0 (0x03b6e463)
core   0: 0x80009ae8 (0x00295693) srli    a3, s2, 2
core   0: 3 0x80009ae8 (0x00295693) x13 0x00000000
core   0: 0x80009aec (0x9b7f6993) ori     s3, t5, -1609
core   0: 3 0x80009aec (0x9b7f6993) x19 0xfffff9b7
core   0: 0x80009af0 (0x1096c793) xori    a5, a3, 265
core   0: 3 0x80009af0 (0x1096c793) x15 0x00000109
core   0: 0x80009af4 (0x0143fe63) bgeu    t2, s4, pc + 28
core   0: 3 0x80009af4 (0x0143fe63)
core   0: 0x80009af8 (0x035f3033) mulhu   zero, t5, s5
core   0: 3 0x80009af8 (0x035f3033)
core   0: 0x80009afc (0x9a8b4db7) lui     s11, 0x9a8b4
core   0: 3 0x80009afc (0x9a8b4db7) x27 0x9a8b4000
core   0: 0x80009b00 (0x6e3a4413) xori    s0, s4, 1763
core   0: 3 0x80009b00 (0x6e3a4413) x 8 0x268006e3
core   0: 0x80009b04 (0x015a7db3) and     s11, s4, s5
core   0: 3 0x80009b04 (0x015a7db3) x27 0x00000000
core   0: 0x80009b08 (0xa3802f13) slti    t5, zero, -1480
core   0: 3 0x80009b08 (0xa3802f13) x30 0x00000000
core   0: 0x80009b0c (0x9ef82f13) slti    t5, a6, -1553
core   0: 3 0x80009b0c (0x9ef82f13) x30 0x00000001
core   0: 0x80009b10 (0x15a88413) addi    s0, a7, 346
core   0: 3 0x80009b10 (0x15a88413) x 8 0x000805da
core   0: 0x80009b14 (0x0a938593) addi    a1, t2, 169
core   0: 3 0x80009b14 (0x0a938593) x11 0x000000a9
core   0: 0x80009b18 (0x82d63b93) sltiu   s7, a2, -2003
core   0: 3 0x80009b18 (0x82d63b93) x23 0x00000001
core   0: 0x80009b1c (0x577be313) ori     t1, s7, 1399
core   0: 3 0x80009b1c (0x577be313) x 6 0x00000577
core   0: 0x80009b20 (0x00b3ab33) slt     s6, t2, a1
core   0: 3 0x80009b20 (0x00b3ab33) x22 0x00000001
core   0: 0x80009b24 (0x0252c463) blt     t0, t0, pc + 40
core   0: 3 0x80009b24 (0x0252c463)
core   0: 0x80009b28 (0x02861b33) mulh    s6, a2, s0
core   0: 3 0x80009b28 (0x02861b33) x22 0xfffbfd13
core   0: 0x80009b2c (0x02d65bb3) divu    s7, a2, a3
core   0: 3 0x80009b2c (0x02d65bb3) x23 0xffffffff
core   0: 0x80009b30 (0x02d539b3) mulhu   s3, a0, a3
core   0: 3 0x80009b30 (0x02d539b3) x19 0x00000000
core   0: 0x80009b34 (0x036cb8b3) mulhu   a7, s9, s6
core   0: 3 0x80009b34 (0x036cb8b3) x17 0x267f658f
core   0: 0x80009b38 (0x02e4a0b3) mulhsu  ra, s1, a4
core   0: 3 0x80009b38 (0x02e4a0b3) x 1 0x00000000
core   0: 0x80009b3c (0x037db7b3) mulhu   a5, s11, s7
core   0: 3 0x80009b3c (0x037db7b3) x15 0x00000000
core   0: 0x80009b40 (0x02410863) beq     sp, tp, pc + 48
core   0: 3 0x80009b40 (0x02410863)
core   0: 0x80009b44 (0x00bd9a63) bne     s11, a1, pc + 20
core   0: 3 0x80009b44 (0x00bd9a63)
core   0: 0x80009b58 (0x007c2533) slt     a0, s8, t2
core   0: 3 0x80009b58 (0x007c2533) x10 0x00000001
core   0: 0x80009b5c (0x03797263) bgeu    s2, s7, pc + 36
core   0: 3 0x80009b5c (0x03797263)
core   0: 0x80009b60 (0x00f321b3) slt     gp, t1, a5
core   0: 3 0x80009b60 (0x00f321b3) x 3 0x00000000
core   0: 0x80009b64 (0x00515863) bge     sp, t0, pc + 16
core   0: 3 0x80009b64 (0x00515863)
core   0: 0x80009b74 (0x9a48be93) sltiu   t4, a7, -1628
core   0: 3 0x80009b74 (0x9a48be93) x29 0x00000001
core   0: 0x80009b78 (0x01f0e863) bltu    ra, t6, pc + 16
core   0: 3 0x80009b78 (0x01f0e863)
core   0: 0x80009b7c (0x0368d7b3) divu    a5, a7, s6
core   0: 3 0x80009b7c (0x0368d7b3) x15 0x00000000
core   0: 0x80009b80 (0x5c972513) slti    a0, a4, 1481
core   0: 3 0x80009b80 (0x5c972513) x10 0x00000001
core   0: 0x80009b84 (0x0280ca63) blt     ra, s0, pc + 52
core   0: 3 0x80009b84 (0x0280ca63)
core   0: 0x80009bb8 (0x03fedfb3) divu    t6, t4, t6
core   0: 3 0x80009bb8 (0x03fedfb3) x31 0xffffffff
core   0: 0x80009bbc (0x00711d13) slli    s10, sp, 7
core   0: 3 0x80009bbc (0x00711d13) x26 0x00000000
core   0: 0x80009bc0 (0x40c3d193) srai    gp, t2, 12
core   0: 3 0x80009bc0 (0x40c3d193) x 3 0x00000000
core   0: 0x80009bc4 (0x03de7733) remu    a4, t3, t4
core   0: 3 0x80009bc4 (0x03de7733) x14 0x00000000
core   0: 0x80009bc8 (0x048bc263) blt     s7, s0, pc + 68
core   0: 3 0x80009bc8 (0x048bc263)
core   0: 0x80009c0c (0x00ad1cb3) sll     s9, s10, a0
core   0: 3 0x80009c0c (0x00ad1cb3) x25 0x00000000
core   0: 0x80009c10 (0x76512213) slti    tp, sp, 1893
core   0: 3 0x80009c10 (0x76512213) x 4 0x00000001
core   0: 0x80009c14 (0xbabb8e93) addi    t4, s7, -1109
core   0: 3 0x80009c14 (0xbabb8e93) x29 0xfffffbaa
core   0: 0x80009c18 (0x9f474893) xori    a7, a4, -1548
core   0: 3 0x80009c18 (0x9f474893) x17 0xfffff9f4
core   0: 0x80009c1c (0x40218a33) sub     s4, gp, sp
core   0: 3 0x80009c1c (0x40218a33) x20 0x00000000
core   0: 0x80009c20 (0x01aa4a63) blt     s4, s10, pc + 20
core   0: 3 0x80009c20 (0x01aa4a63)
core   0: 0x80009c24 (0x00458733) add     a4, a1, tp
core   0: 3 0x80009c24 (0x00458733) x14 0x000000aa
core   0: 0x80009c28 (0x6bcf3d93) sltiu   s11, t5, 1724
core   0: 3 0x80009c28 (0x6bcf3d93) x27 0x00000001
core   0: 0x80009c2c (0x08a51597) auipc   a1, 0x8a51
core   0: 3 0x80009c2c (0x08a51597) x11 0x88a5ac2c
core   0: 0x80009c30 (0x0285ae33) mulhsu  t3, a1, s0
core   0: 3 0x80009c30 (0x0285ae33) x28 0xfffc4272
core   0: 0x80009c34 (0x008a8463) beq     s5, s0, pc + 8
core   0: 3 0x80009c34 (0x008a8463)
core   0: 0x80009c38 (0x003f2b33) slt     s6, t5, gp
core   0: 3 0x80009c38 (0x003f2b33) x22 0x00000000
core   0: 0x80009c3c (0xd441a913) slti    s2, gp, -700
core   0: 3 0x80009c3c (0xd441a913) x18 0x00000000
core   0: 0x80009c40 (0x03e53033) mulhu   zero, a0, t5
core   0: 3 0x80009c40 (0x03e53033)
core   0: 0x80009c44 (0x0dd3bb93) sltiu   s7, t2, 221
core   0: 3 0x80009c44 (0x0dd3bb93) x23 0x00000001
core   0: 0x80009c48 (0x040c1463) bnez    s8, pc + 72
core   0: 3 0x80009c48 (0x040c1463)
core   0: 0x80009c90 (0x436bba13) sltiu   s4, s7, 1078
core   0: 3 0x80009c90 (0x436bba13) x20 0x00000001
core   0: 0x80009c94 (0x009212b3) sll     t0, tp, s1
core   0: 3 0x80009c94 (0x009212b3) x 5 0x00000001
core   0: 0x80009c98 (0x02b111b3) mulh    gp, sp, a1
core   0: 3 0x80009c98 (0x02b111b3) x 3 0x00000000
core   0: 0x80009c9c (0x02737263) bgeu    t1, t2, pc + 36
core   0: 3 0x80009c9c (0x02737263)
core   0: 0x80009cc0 (0x03237063) bgeu    t1, s2, pc + 32
core   0: 3 0x80009cc0 (0x03237063)
core   0: 0x80009ce0 (0x00e99413) slli    s0, s3, 14
core   0: 3 0x80009ce0 (0x00e99413) x 8 0x00000000
core   0: 0x80009ce4 (0x0384ad33) mulhsu  s10, s1, s8
core   0: 3 0x80009ce4 (0x0384ad33) x26 0x00040254
core   0: 0x80009ce8 (0x00100fb3) add     t6, zero, ra
core   0: 3 0x80009ce8 (0x00100fb3) x31 0x00000000
core   0: 0x80009cec (0x00c92033) slt     zero, s2, a2
core   0: 3 0x80009cec (0x00c92033)
core   0: 0x80009cf0 (0xd7788b13) addi    s6, a7, -649
core   0: 3 0x80009cf0 (0xd7788b13) x22 0xfffff76b
core   0: 0x80009cf4 (0x0323ea63) bltu    t2, s2, pc + 52
core   0: 3 0x80009cf4 (0x0323ea63)
core   0: 0x80009cf8 (0x0234dfb3) divu    t6, s1, gp
core   0: 3 0x80009cf8 (0x0234dfb3) x31 0xffffffff
core   0: 0x80009cfc (0x025deeb3) rem     t4, s11, t0
core   0: 3 0x80009cfc (0x025deeb3) x29 0x00000000
core   0: 0x80009d00 (0x999eae93) slti    t4, t4, -1639
core   0: 3 0x80009d00 (0x999eae93) x29 0x00000000
core   0: 0x80009d04 (0x01a846b3) xor     a3, a6, s10
core   0: 3 0x80009d04 (0x01a846b3) x13 0x80065c60
core   0: 0x80009d08 (0x00000013) nop
core   0: 3 0x80009d08 (0x00000013)
core   0: 0x80009d0c (0xf6cee417) auipc   s0, 0xf6cee
core   0: 3 0x80009d0c (0xf6cee417) x 8 0x76cf7d0c
core   0: 0x80009d10 (0x00d0d713) srli    a4, ra, 13
core   0: 3 0x80009d10 (0x00d0d713) x14 0x00000000
core   0: 0x80009d14 (0x01c300b3) add     ra, t1, t3
core   0: 3 0x80009d14 (0x01c300b3) x 1 0xfffc47e9
core   0: 0x80009d18 (0x01c8c333) xor     t1, a7, t3
core   0: 3 0x80009d18 (0x01c8c333) x 6 0x0003bb86
core   0: 0x80009d1c (0x00ff28b3) slt     a7, t5, a5
core   0: 3 0x80009d1c (0x00ff28b3) x17 0x00000000
core   0: 0x80009d20 (0x02a933b3) mulhu   t2, s2, a0
core   0: 3 0x80009d20 (0x02a933b3) x 7 0x00000000
core   0: 0x80009d24 (0x41f55493) srai    s1, a0, 31
core   0: 3 0x80009d24 (0x41f55493) x 9 0x00000000
core   0: 0x80009d28 (0x02fcce33) div     t3, s9, a5
core   0: 3 0x80009d28 (0x02fcce33) x28 0xffffffff
core   0: 0x80009d2c (0x95e42993) slti    s3, s0, -1698
core   0: 3 0x80009d2c (0x95e42993) x19 0x00000000
core   0: 0x80009d30 (0x03a823b3) mulhsu  t2, a6, s10
core   0: 3 0x80009d30 (0x03a823b3) x 7 0xfffdfedf
core   0: 0x80009d34 (0xe270a393) slti    t2, ra, -473
core   0: 3 0x80009d34 (0xe270a393) x 7 0x00000001
core   0: 0x80009d38 (0x001453b3) srl     t2, s0, ra
core   0: 3 0x80009d38 (0x001453b3) x 7 0x003b67be
core   0: 0x80009d3c (0x02d2e463) bltu    t0, a3, pc + 40
core   0: 3 0x80009d3c (0x02d2e463)
core   0: 0x80009d64 (0x0136cd33) xor     s10, a3, s3
core   0: 3 0x80009d64 (0x0136cd33) x26 0x80065c60
core   0: 0x80009d68 (0x01eb9a93) slli    s5, s7, 30
core   0: 3 0x80009d68 (0x01eb9a93) x21 0x40000000
core   0: 0x80009d6c (0x0023a7b3) slt     a5, t2, sp
core   0: 3 0x80009d6c (0x0023a7b3) x15 0x00000000
core   0: 0x80009d70 (0x0394f433) remu    s0, s1, s9
core   0: 3 0x80009d70 (0x0394f433) x 8 0x00000000
core   0: 0x80009d74 (0x00acd3b3) srl     t2, s9, a0
core   0: 3 0x80009d74 (0x00acd3b3) x 7 0x00000000
core   0: 0x80009d78 (0x4f9f6713) ori     a4, t5, 1273
core   0: 3 0x80009d78 (0x4f9f6713) x14 0x000004f9
core   0: 0x80009d7c (0x00a529b3) slt     s3, a0, a0
core   0: 3 0x80009d7c (0x00a529b3) x19 0x00000000
core   0: 0x80009d80 (0x00b5c463) blt     a1, a1, pc + 8
core   0: 3 0x80009d80 (0x00b5c463)
core   0: 0x80009d84 (0x01d7d933) srl     s2, a5, t4
core   0: 3 0x80009d84 (0x01d7d933) x18 0x00000000
core   0: 0x80009d88 (0x1c7f0293) addi    t0, t5, 455
core   0: 3 0x80009d88 (0x1c7f0293) x 5 0x000001c8
core   0: 0x80009d8c (0x00000013) nop
core   0: 3 0x80009d8c (0x00000013)
core   0: 0x80009d90 (0x03878933) mul     s2, a5, s8
core   0: 3 0x80009d90 (0x03878933) x18 0x00000000
core   0: 0x80009d94 (0x01866863) bltu    a2, s8, pc + 16
core   0: 3 0x80009d94 (0x01866863)
core   0: 0x80009da4 (0x034f6263) bltu    t5, s4, pc + 36
core   0: 3 0x80009da4 (0x034f6263)
core   0: 0x80009da8 (0x00d06eb3) or      t4, zero, a3
core   0: 3 0x80009da8 (0x00d06eb3) x29 0x80065c60
core   0: 0x80009dac (0x9a984793) xori    a5, a6, -1623
core   0: 3 0x80009dac (0x9a984793) x15 0x7ffda79d
core   0: 0x80009db0 (0x03b6ba33) mulhu   s4, a3, s11
core   0: 3 0x80009db0 (0x03b6ba33) x20 0x00000000
core   0: 0x80009db4 (0x014cf3b3) and     t2, s9, s4
core   0: 3 0x80009db4 (0x014cf3b3) x 7 0x00000000
core   0: 0x80009db8 (0x0356f3b3) remu    t2, a3, s5
core   0: 3 0x80009db8 (0x0356f3b3) x 7 0x00065c60
core   0: 0x80009dbc (0x00000013) nop
core   0: 3 0x80009dbc (0x00000013)
core   0: 0x80009dc0 (0xaaad4e13) xori    t3, s10, -1366
core   0: 3 0x80009dc0 (0xaaad4e13) x28 0x7ff9a6ca
core   0: 0x80009dc4 (0x7b6e4713) xori    a4, t3, 1974
core   0: 3 0x80009dc4 (0x7b6e4713) x14 0x7ff9a17c
core   0: 0x80009dc8 (0x003b8863) beq     s7, gp, pc + 16
core   0: 3 0x80009dc8 (0x003b8863)
core   0: 0x80009dcc (0x012628b3) slt     a7, a2, s2
core   0: 3 0x80009dcc (0x012628b3) x17 0x00000001
core   0: 0x80009dd0 (0xc64a3093) sltiu   ra, s4, -924
core   0: 3 0x80009dd0 (0xc64a3093) x 1 0x00000001
core   0: 0x80009dd4 (0x035603b3) mul     t2, a2, s5
core   0: 3 0x80009dd4 (0x035603b3) x 7 0x00000000
core   0: 0x80009dd8 (0x01b8e9b3) or      s3, a7, s11
core   0: 3 0x80009dd8 (0x01b8e9b3) x19 0x00000001
core   0: 0x80009ddc (0x00cdd263) bge     s11, a2, pc + 4
core   0: 3 0x80009ddc (0x00cdd263)
core   0: 0x80009de0 (0x03898263) beq     s3, s8, pc + 36
core   0: 3 0x80009de0 (0x03898263)
core   0: 0x80009de4 (0xbdecfe93) andi    t4, s9, -1058
core   0: 3 0x80009de4 (0xbdecfe93) x29 0x00000000
core   0: 0x80009de8 (0x05345663) bge     s0, s3, pc + 76
core   0: 3 0x80009de8 (0x05345663)
core   0: 0x80009dec (0x00c01663) bne     zero, a2, pc + 12
core   0: 3 0x80009dec (0x00c01663)
core   0: 0x80009df8 (0x00143f33) sltu    t5, s0, ra
core   0: 3 0x80009df8 (0x00143f33) x30 0x00000001
core   0: 0x80009dfc (0x01a01e63) bne     zero, s10, pc + 28
core   0: 3 0x80009dfc (0x01a01e63)
core   0: 0x80009e18 (0x014362b3) or      t0, t1, s4
core   0: 3 0x80009e18 (0x014362b3) x 5 0x0003bb86
core   0: 0x80009e1c (0x01a7b233) sltu    tp, a5, s10
core   0: 3 0x80009e1c (0x01a7b233) x 4 0x00000001
core   0: 0x80009e20 (0x8846f117) auipc   sp, 0x8846f
core   0: 3 0x80009e20 (0x8846f117) x 2 0x08478e20
core   0: 0x80009e24 (0x02321933) mulh    s2, tp, gp
core   0: 3 0x80009e24 (0x02321933) x18 0x00000000
core   0: 0x80009e28 (0x45376493) ori     s1, a4, 1107
core   0: 3 0x80009e28 (0x45376493) x 9 0x7ff9a57f
core   0: 0x80009e2c (0x003260b3) or      ra, tp, gp
core   0: 3 0x80009e2c (0x003260b3) x 1 0x00000001
core   0: 0x80009e30 (0x02c01733) mulh    a4, zero, a2
core   0: 3 0x80009e30 (0x02c01733) x14 0x00000000
core   0: 0x80009e34 (0x4190db93) srai    s7, ra, 25
core   0: 3 0x80009e34 (0x4190db93) x23 0x00000000
core   0: 0x80009e38 (0x00dad233) srl     tp, s5, a3
core   0: 3 0x80009e38 (0x00dad233) x 4 0x40000000
core   0: 0x80009e3c (0x44db2d93) slti    s11, s6, 1101
core   0: 3 0x80009e3c (0x44db2d93) x27 0x00000001
core   0: 0x80009e40 (0x0097e663) bltu    a5, s1, pc + 12
core   0: 3 0x80009e40 (0x0097e663)
core   0: 0x80009e44 (0x79c5dcb7) lui     s9, 0x79c5d
core   0: 3 0x80009e44 (0x79c5dcb7) x25 0x79c5d000
core   0: 0x80009e48 (0x02e24663) blt     tp, a4, pc + 44
core   0: 3 0x80009e48 (0x02e24663)
core   0: 0x80009e4c (0x0399c063) blt     s3, s9, pc + 32
core   0: 3 0x80009e4c (0x0399c063)
core   0: 0x80009e6c (0x003733b3) sltu    t2, a4, gp
core   0: 3 0x80009e6c (0x003733b3) x 7 0x00000000
core   0: 0x80009e70 (0x01715f93) srli    t6, sp, 23
core   0: 3 0x80009e70 (0x01715f93) x31 0x00000010
core   0: 0x80009e74 (0x00000013) nop
core   0: 3 0x80009e74 (0x00000013)
core   0: 0x80009e78 (0x00fdee33) or      t3, s11, a5
core   0: 3 0x80009e78 (0x00fdee33) x28 0x7ffda79d
core   0: 0x80009e7c (0x03ebcc63) blt     s7, t5, pc + 56
core   0: 3 0x80009e7c (0x03ebcc63)
core   0: 0x80009eb4 (0x02020b33) mul     s6, tp, zero
core   0: 3 0x80009eb4 (0x02020b33) x22 0x00000000
core   0: 0x80009eb8 (0xe6dce593) ori     a1, s9, -403
core   0: 3 0x80009eb8 (0xe6dce593) x11 0xfffffe6d
core   0: 0x80009ebc (0x03966a63) bltu    a2, s9, pc + 52
core   0: 3 0x80009ebc (0x03966a63)
core   0: 0x80009ec0 (0x03baacb3) mulhsu  s9, s5, s11
core   0: 3 0x80009ec0 (0x03baacb3) x25 0x00000000
core   0: 0x80009ec4 (0x2a26a893) slti    a7, a3, 674
core   0: 3 0x80009ec4 (0x2a26a893) x17 0x00000001
core   0: 0x80009ec8 (0xa14e7193) andi    gp, t3, -1516
core   0: 3 0x80009ec8 (0xa14e7193) x 3 0x7ffda214
core   0: 0x80009ecc (0x03412233) mulhsu  tp, sp, s4
core   0: 3 0x80009ecc (0x03412233) x 4 0x00000000
core   0: 0x80009ed0 (0x0387db33) divu    s6, a5, s8
core   0: 3 0x80009ed0 (0x0387db33) x22 0x00000000
core   0: 0x80009ed4 (0x025c6b33) rem     s6, s8, t0
core   0: 3 0x80009ed4 (0x025c6b33) x22 0xfffe9da0
core   0: 0x80009ed8 (0x00906733) or      a4, zero, s1
core   0: 3 0x80009ed8 (0x00906733) x14 0x7ff9a57f
core   0: 0x80009edc (0x013f5463) bge     t5, s3, pc + 8
core   0: 3 0x80009edc (0x013f5463)
core   0: 0x80009ee4 (0x41a85f13) srai    t5, a6, 26
core   0: 3 0x80009ee4 (0x41a85f13) x30 0xffffffe0
core   0: 0x80009ee8 (0x119c7213) andi    tp, s8, 281
core   0: 3 0x80009ee8 (0x119c7213) x 4 0x00000000
core   0: 0x80009eec (0x01304a63) blt     zero, s3, pc + 20
core   0: 3 0x80009eec (0x01304a63)
core   0: 0x80009f00 (0x00000013) nop
core   0: 3 0x80009f00 (0x00000013)
core   0: 0x80009f04 (0xaa812c93) slti    s9, sp, -1368
core   0: 3 0x80009f04 (0xaa812c93) x25 0x00000000
core   0: 0x80009f08 (0xe40c3393) sltiu   t2, s8, -448
core   0: 3 0x80009f08 (0xe40c3393) x 7 0x00000001
core   0: 0x80009f0c (0x02cd0463) beq     s10, a2, pc + 40
core   0: 3 0x80009f0c (0x02cd0463)
core   0: 0x80009f10 (0x00115233) srl     tp, sp, ra
core   0: 3 0x80009f10 (0x00115233) x 4 0x0423c710
core   0: 0x80009f14 (0x005ad393) srli    t2, s5, 5
core   0: 3 0x80009f14 (0x005ad393) x 7 0x02000000
core   0: 0x80009f18 (0x41215eb3) sra     t4, sp, s2
core   0: 3 0x80009f18 (0x41215eb3) x29 0x08478e20
core   0: 0x80009f1c (0x04d69463) bne     a3, a3, pc + 72
core   0: 3 0x80009f1c (0x04d69463)
core   0: 0x80009f20 (0x033ad063) bge     s5, s3, pc + 32
core   0: 3 0x80009f20 (0x033ad063)
core   0: 0x80009f40 (0x018dda33) srl     s4, s11, s8
core   0: 3 0x80009f40 (0x018dda33) x20 0x00000000
core   0: 0x80009f44 (0x03799263) bne     s3, s7, pc + 36
core   0: 3 0x80009f44 (0x03799263)
core   0: 0x80009f68 (0x017d5513) srli    a0, s10, 23
core   0: 3 0x80009f68 (0x017d5513) x10 0x00000100
core   0: 0x80009f6c (0x03384863) blt     a6, s3, pc + 48
core   0: 3 0x80009f6c (0x03384863)
core   0: 0x80009f9c (0x4131db93) srai    s7, gp, 19
core   0: 3 0x80009f9c (0x4131db93) x23 0x00000fff
core   0: 0x80009fa0 (0x010b7d33) and     s10, s6, a6
core   0: 3 0x80009fa0 (0x010b7d33) x26 0x80021c20
core   0: 0x80009fa4 (0x02d91463) bne     s2, a3, pc + 40
core   0: 3 0x80009fa4 (0x02d91463)
core   0: 0x80009fcc (0x031b56b3) divu    a3, s6, a7
core   0: 3 0x80009fcc (0x031b56b3) x13 0xfffe9da0
core   0: 0x80009fd0 (0x019452b3) srl     t0, s0, s9
core   0: 3 0x80009fd0 (0x019452b3) x 5 0x00000000
core   0: 0x80009fd4 (0x04de9463) bne     t4, a3, pc + 72
core   0: 3 0x80009fd4 (0x04de9463)
core   0: 0x8000a01c (0x40525f33) sra     t5, tp, t0
core   0: 3 0x8000a01c (0x40525f33) x30 0x0423c710
core   0: 0x8000a020 (0x0c095863) bgez    s2, pc + 208
core   0: 3 0x8000a020 (0x0c095863)
core   0: 0x8000a0f0 (0xe4997f13) andi    t5, s2, -439
core   0: 3 0x8000a0f0 (0xe4997f13) x30 0x00000000
core   0: 0x8000a0f4 (0x00e79793) slli    a5, a5, 14
core   0: 3 0x8000a0f4 (0x00e79793) x15 0x69e74000
core   0: 0x8000a0f8 (0x0511c663) blt     gp, a7, pc + 76
core   0: 3 0x8000a0f8 (0x0511c663)
core   0: 0x8000a0fc (0x5af0f693) andi    a3, ra, 1455
core   0: 3 0x8000a0fc (0x5af0f693) x13 0x00000001
core   0: 0x8000a100 (0x015e7463) bgeu    t3, s5, pc + 8
core   0: 3 0x8000a100 (0x015e7463)
core   0: 0x8000a108 (0x0199d733) srl     a4, s3, s9
core   0: 3 0x8000a108 (0x0199d733) x14 0x00000001
core   0: 0x8000a10c (0x03a519b3) mulh    s3, a0, s10
core   0: 3 0x8000a10c (0x03a519b3) x19 0xffffff80
core   0: 0x8000a110 (0x20ea6213) ori     tp, s4, 526
core   0: 3 0x8000a110 (0x20ea6213) x 4 0x0000020e
core   0: 0x8000a114 (0xad944713) xori    a4, s0, -1319
core   0: 3 0x8000a114 (0xad944713) x14 0xfffffad9
core   0: 0x8000a118 (0x02432733) mulhsu  a4, t1, tp
core   0: 3 0x8000a118 (0x02432733) x14 0x00000000
core   0: 0x8000a11c (0x40f95d13) srai    s10, s2, 15
core   0: 3 0x8000a11c (0x40f95d13) x26 0x00000000
core   0: 0x8000a120 (0x018cba33) sltu    s4, s9, s8
core   0: 3 0x8000a120 (0x018cba33) x20 0x00000001
core   0: 0x8000a124 (0x00c0f0b3) and     ra, ra, a2
core   0: 3 0x8000a124 (0x00c0f0b3) x 1 0x00000000
core   0: 0x8000a128 (0x78268393) addi    t2, a3, 1922
core   0: 3 0x8000a128 (0x78268393) x 7 0x00000783
core   0: 0x8000a12c (0x402cdf93) srai    t6, s9, 2
core   0: 3 0x8000a12c (0x402cdf93) x31 0x00000000
core   0: 0x8000a130 (0x0204b233) mulhu   tp, s1, zero
core   0: 3 0x8000a130 (0x0204b233) x 4 0x00000000
core   0: 0x8000a134 (0x00bd4463) blt     s10, a1, pc + 8
core   0: 3 0x8000a134 (0x00bd4463)
core   0: 0x8000a138 (0x45616f37) lui     t5, 0x45616
core   0: 3 0x8000a138 (0x45616f37) x30 0x45616000
core   0: 0x8000a13c (0x01049f33) sll     t5, s1, a6
core   0: 3 0x8000a13c (0x01049f33) x30 0x57f00000
core   0: 0x8000a140 (0x40da8fb3) sub     t6, s5, a3
core   0: 3 0x8000a140 (0x40da8fb3) x31 0x3fffffff
core   0: 0x8000a144 (0x00c36933) or      s2, t1, a2
core   0: 3 0x8000a144 (0x00c36933) x18 0x8003bb86
core   0: 0x8000a148 (0x01eaf663) bgeu    s5, t5, pc + 12
core   0: 3 0x8000a148 (0x01eaf663)
core   0: 0x8000a14c (0x03865133) divu    sp, a2, s8
core   0: 3 0x8000a14c (0x03865133) x 2 0x00000000
core   0: 0x8000a150 (0x4088da93) srai    s5, a7, 8
core   0: 3 0x8000a150 (0x4088da93) x21 0x00000000
core   0: 0x8000a154 (0x03913eb3) mulhu   t4, sp, s9
core   0: 3 0x8000a154 (0x03913eb3) x29 0x00000000
core   0: 0x8000a158 (0x00000013) nop
core   0: 3 0x8000a158 (0x00000013)
core   0: 0x8000a15c (0x03ee38b3) mulhu   a7, t3, t5
core   0: 3 0x8000a15c (0x03ee38b3) x17 0x2bf731c3
core   0: 0x8000a160 (0x00761663) bne     a2, t2, pc + 12
core   0: 3 0x8000a160 (0x00761663)
core   0: 0x8000a16c (0x015b7733) and     a4, s6, s5
core   0: 3 0x8000a16c (0x015b7733) x14 0x00000000
core   0: 0x8000a170 (0x01e4eeb3) or      t4, s1, t5
core   0: 3 0x8000a170 (0x01e4eeb3) x29 0x7ff9a57f
core   0: 0x8000a174 (0x012d1ab3) sll     s5, s10, s2
core   0: 3 0x8000a174 (0x012d1ab3) x21 0x00000000
core   0: 0x8000a178 (0x025469b3) rem     s3, s0, t0
core   0: 3 0x8000a178 (0x025469b3) x19 0x00000000
core   0: 0x8000a17c (0x42ab21b7) lui     gp, 0x42ab2
core   0: 3 0x8000a17c (0x42ab21b7) x 3 0x42ab2000
core   0: 0x8000a180 (0x03ee7bb3) remu    s7, t3, t5
core   0: 3 0x8000a180 (0x03ee7bb3) x23 0x280da79d
core   0: 0x8000a184 (0x41f2dd93) srai    s11, t0, 31
core   0: 3 0x8000a184 (0x41f2dd93) x27 0x00000000
core   0: 0x8000a188 (0x01a7e733) or      a4, a5, s10
core   0: 3 0x8000a188 (0x01a7e733) x14 0x69e74000
core   0: 0x8000a18c (0x8b8e9537) lui     a0, 0x8b8e9
core   0: 3 0x8000a18c (0x8b8e9537) x10 0x8b8e9000
core   0: 0x8000a190 (0x41aa0d33) sub     s10, s4, s10
core   0: 3 0x8000a190 (0x41aa0d33) x26 0x00000001
core   0: 0x8000a194 (0x81794713) xori    a4, s2, -2025
core   0: 3 0x8000a194 (0x81794713) x14 0x7ffc4391
core   0: 0x8000a198 (0x00120e33) add     t3, tp, ra
core   0: 3 0x8000a198 (0x00120e33) x28 0x00000000
core   0: 0x8000a19c (0x00cbcfb3) xor     t6, s7, a2
core   0: 3 0x8000a19c (0x00cbcfb3) x31 0xa80da79d
core   0: 0x8000a1a0 (0x00a3fa63) bgeu    t2, a0, pc + 20
core   0: 3 0x8000a1a0 (0x00a3fa63)
core   0: 0x8000a1a4 (0x55cf7993) andi    s3, t5, 1372
core   0: 3 0x8000a1a4 (0x55cf7993) x19 0x00000000
core   0: 0x8000a1a8 (0x030e02b3) mul     t0, t3, a6
core   0: 3 0x8000a1a8 (0x030e02b3) x 5 0x00000000
core   0: 0x8000a1ac (0x02e58b33) mul     s6, a1, a4
core   0: 3 0x8000a1ac (0x02e58b33) x22 0x85e1a2bd
core   0: 0x8000a1b0 (0x00ac03b3) add     t2, s8, a0
core   0: 3 0x8000a1b0 (0x00ac03b3) x 7 0x0b912ce4
core   0: 0x8000a1b4 (0x00465fb3) srl     t6, a2, tp
core   0: 3 0x8000a1b4 (0x00465fb3) x31 0x80000000
core   0: 0x8000a1b8 (0x0071ecb3) or      s9, gp, t2
core   0: 3 0x8000a1b8 (0x0071ecb3) x25 0x4bbb2ce4
core   0: 0x8000a1bc (0x03f27263) bgeu    tp, t6, pc + 36
core   0: 3 0x8000a1bc (0x03f27263)
core   0: 0x8000a1c0 (0x0121fb33) and     s6, gp, s2
core   0: 3 0x8000a1c0 (0x0121fb33) x22 0x00032000
core   0: 0x8000a1c4 (0x01d4eab3) or      s5, s1, t4
core   0: 3 0x8000a1c4 (0x01d4eab3) x21 0x7ff9a57f
core   0: 0x8000a1c8 (0x0127c263) blt     a5, s2, pc + 4
core   0: 3 0x8000a1c8 (0x0127c263)
core   0: 0x8000a1cc (0x018a1863) bne     s4, s8, pc + 16
core   0: 3 0x8000a1cc (0x018a1863)
core   0: 0x8000a1dc (0x0d216063) bltu    sp, s2, pc + 192
core   0: 3 0x8000a1dc (0x0d216063)
core   0: 0x8000a29c (0x014e7ab3) and     s5, t3, s4
core   0: 3 0x8000a29c (0x014e7ab3) x21 0x00000000
core   0: 0x8000a2a0 (0x01061713) slli    a4, a2, 16
core   0: 3 0x8000a2a0 (0x01061713) x14 0x00000000
core   0: 0x8000a2a4 (0x01e93233) sltu    tp, s2, t5
core   0: 3 0x8000a2a4 (0x01e93233) x 4 0x00000000
core   0: 0x8000a2a8 (0x01c013b3) sll     t2, zero, t3
core   0: 3 0x8000a2a8 (0x01c013b3) x 7 0x00000000
core   0: 0x8000a2ac (0x024ea433) mulhsu  s0, t4, tp
core   0: 3 0x8000a2ac (0x024ea433) x 8 0x00000000
core   0: 0x8000a2b0 (0x4146d4b3) sra     s1, a3, s4
core   0: 3 0x8000a2b0 (0x4146d4b3) x 9 0x00000000
core   0: 0x8000a2b4 (0x01be6e63) bltu    t3, s11, pc + 28
core   0: 3 0x8000a2b4 (0x01be6e63)
core   0: 0x8000a2b8 (0x008a2433) slt     s0, s4, s0
core   0: 3 0x8000a2b8 (0x008a2433) x 8 0x00000000
core   0: 0x8000a2bc (0x01ab1413) slli    s0, s6, 26
core   0: 3 0x8000a2bc (0x01ab1413) x 8 0x00000000
core   0: 0x8000a2c0 (0x0f7d0063) beq     s10, s7, pc + 224
core   0: 3 0x8000a2c0 (0x0f7d0063)
core   0: 0x8000a2c4 (0x404384b3) sub     s1, t2, tp
core   0: 3 0x8000a2c4 (0x404384b3) x 9 0x00000000
core   0: 0x8000a2c8 (0x0130f033) and     zero, ra, s3
core   0: 3 0x8000a2c8 (0x0130f033)
core   0: 0x8000a2cc (0x01da70b3) and     ra, s4, t4
core   0: 3 0x8000a2cc (0x01da70b3) x 1 0x00000001
core   0: 0x8000a2d0 (0x015fd493) srli    s1, t6, 21
core   0: 3 0x8000a2d0 (0x015fd493) x 9 0x00000400
core   0: 0x8000a2d4 (0x00757db3) and     s11, a0, t2
core   0: 3 0x8000a2d4 (0x00757db3) x27 0x00000000
core   0: 0x8000a2d8 (0x0187fcb3) and     s9, a5, s8
core   0: 3 0x8000a2d8 (0x0187fcb3) x25 0x00020000
core   0: 0x8000a2dc (0x01055193) srli    gp, a0, 16
core   0: 3 0x8000a2dc (0x01055193) x 3 0x00008b8e
core   0: 0x8000a2e0 (0x007b40b3) xor     ra, s6, t2
core   0: 3 0x8000a2e0 (0x007b40b3) x 1 0x00032000
core   0: 0x8000a2e4 (0x03c4c433) div     s0, s1, t3
core   0: 3 0x8000a2e4 (0x03c4c433) x 8 0xffffffff
core   0: 0x8000a2e8 (0x0000f117) auipc   sp, 0xf
core   0: 3 0x8000a2e8 (0x0000f117) x 2 0x800192e8
core   0: 0x8000a2ec (0x7b810113) addi    sp, sp, 1976
core   0: 3 0x8000a2ec (0x7b810113) x 2 0x80019aa0
core   0: 0x8000a2f0 (0x40f580b3) sub     ra, a1, a5
core   0: 3 0x8000a2f0 (0x40f580b3) x 1 0x9618be6d
core   0: 0x8000a2f4 (0xfe9109a3) sb      s1, -13(sp)
core   0: 3 0x8000a2f4 (0xfe9109a3) mem 0x80019a93 0x0
core   0: 0x8000a2f8 (0x03b798b3) mulh    a7, a5, s11
core   0: 3 0x8000a2f8 (0x03b798b3) x17 0x00000000
core   0: 0x8000a2fc (0xfe6109a3) sb      t1, -13(sp)
core   0: 3 0x8000a2fc (0xfe6109a3) mem 0x80019a93 0x86
core   0: 0x8000a300 (0xff012983) lw      s3, -16(sp)
core   0: 3 0x8000a300 (0xff012983) x19 0x86556330 mem 0x80019a90
core   0: 0x8000a304 (0x00e15c83) lhu     s9, 14(sp)
core   0: 3 0x8000a304 (0x00e15c83) x25 0x00000752 mem 0x80019aae
core   0: 0x8000a308 (0x00314483) lbu     s1, 3(sp)
core   0: 3 0x8000a308 (0x00314483) x 9 0x000000d3 mem 0x80019aa3
core   0: 0x8000a30c (0xff611a23) sh      s6, -12(sp)
core   0: 3 0x8000a30c (0xff611a23) mem 0x80019a94 0x2000
core   0: 0x8000a310 (0x01211723) sh      s2, 14(sp)
core   0: 3 0x8000a310 (0x01211723) mem 0x80019aae 0xbb86
core   0: 0x8000a314 (0x037b7e33) remu    t3, s6, s7
core   0: 3 0x8000a314 (0x037b7e33) x28 0x00032000
core   0: 0x8000a318 (0xff010a03) lb      s4, -16(sp)
core   0: 3 0x8000a318 (0xff010a03) x20 0x00000030 mem 0x80019a90
core   0: 0x8000a31c (0x030423b3) mulhsu  t2, s0, a6
core   0: 3 0x8000a31c (0x030423b3) x 7 0xffffffff
core   0: 0x8000a320 (0x00ec1a33) sll     s4, s8, a4
core   0: 3 0x8000a320 (0x00ec1a33) x20 0x80029ce4
core   0: 0x8000a324 (0x011100a3) sb      a7, 1(sp)
core   0: 3 0x8000a324 (0x011100a3) mem 0x80019aa1 0x0
core   0: 0x8000a328 (0xff812d83) lw      s11, -8(sp)
core   0: 3 0x8000a328 (0xff812d83) x27 0xc86df1ef mem 0x80019a98
core   0: 0x8000a32c (0xd61aaf13) slti    t5, s5, -671
core   0: 3 0x8000a32c (0xd61aaf13) x30 0x00000000
core   0: 0x8000a330 (0xff314c83) lbu     s9, -13(sp)
core   0: 3 0x8000a330 (0xff314c83) x25 0x00000086 mem 0x80019a93
core   0: 0x8000a334 (0x00810503) lb      a0, 8(sp)
core   0: 3 0x8000a334 (0x00810503) x10 0xffffffc5 mem 0x80019aa8
core   0: 0x8000a338 (0x00910b83) lb      s7, 9(sp)
core   0: 3 0x8000a338 (0x00910b83) x23 0xffffff93 mem 0x80019aa9
core   0: 0x8000a33c (0x02519e33) mulh    t3, gp, t0
core   0: 3 0x8000a33c (0x02519e33) x28 0x00000000
core   0: 0x8000a340 (0x00b60ab3) add     s5, a2, a1
core   0: 3 0x8000a340 (0x00b60ab3) x21 0x7ffffe6d
core   0: 0x8000a344 (0x01c10323) sb      t3, 6(sp)
core   0: 3 0x8000a344 (0x01c10323) mem 0x80019aa6 0x0
core   0: 0x8000a348 (0x41a680b3) sub     ra, a3, s10
core   0: 3 0x8000a348 (0x41a680b3) x 1 0x00000000
core   0: 0x8000a34c (0xffe10f23) sb      t5, -2(sp)
core   0: 3 0x8000a34c (0xffe10f23) mem 0x80019a9e 0x0
core   0: 0x8000a350 (0xff910da3) sb      s9, -5(sp)
core   0: 3 0x8000a350 (0xff910da3) mem 0x80019a9b 0x86
core   0: 0x8000a354 (0x9f268093) addi    ra, a3, -1550
core   0: 3 0x8000a354 (0x9f268093) x 1 0xfffff9f3
core   0: 0x8000a358 (0xff310283) lb      t0, -13(sp)
core   0: 3 0x8000a358 (0xff310283) x 5 0xffffff86 mem 0x80019a93
core   0: 0x8000a35c (0x01312623) sw      s3, 12(sp)
core   0: 3 0x8000a35c (0x01312623) mem 0x80019aac 0x86556330
core   0: 0x8000a360 (0xffd11d23) sh      t4, -6(sp)
core   0: 3 0x8000a360 (0xffd11d23) mem 0x80019a9a 0xa57f
core   0: 0x8000a364 (0x028ae4b3) rem     s1, s5, s0
core   0: 3 0x8000a364 (0x028ae4b3) x 9 0x00000000
core   0: 0x8000a368 (0x019107a3) sb      s9, 15(sp)
core   0: 3 0x8000a368 (0x019107a3) mem 0x80019aaf 0x86
core   0: 0x8000a36c (0x01011523) sh      a6, 10(sp)
core   0: 3 0x8000a36c (0x01011523) mem 0x80019aaa 0x5e34
core   0: 0x8000a370 (0xff611923) sh      s6, -14(sp)
core   0: 3 0x8000a370 (0xff611923) mem 0x80019a92 0x2000
core   0: 0x8000a374 (0xfea12a23) sw      a0, -12(sp)
core   0: 3 0x8000a374 (0xfea12a23) mem 0x80019a94 0xffffffc5
core   0: 0x8000a378 (0x01112023) sw      a7, 0(sp)
core   0: 3 0x8000a378 (0x01112023) mem 0x80019aa0 0x00000000
core   0: 0x8000a37c (0x18736a17) auipc   s4, 0x18736
core   0: 3 0x8000a37c (0x18736a17) x20 0x9874037c
core   0: 0x8000a380 (0x015102a3) sb      s5, 5(sp)
core   0: 3 0x8000a380 (0x015102a3) mem 0x80019aa5 0x6d
core   0: 0x8000a384 (0xff510683) lb      a3, -11(sp)
core   0: 3 0x8000a384 (0xff510683) x13 0xffffffff mem 0x80019a95
core   0: 0x8000a388 (0x00b14183) lbu     gp, 11(sp)
core   0: 3 0x8000a388 (0x00b14183) x 3 0x0000005e mem 0x80019aab
core   0: 0x8000a38c (0x025bd733) divu    a4, s7, t0
core   0: 3 0x8000a38c (0x025bd733) x14 0x00000001
core   0: 0x8000a390 (0x01349bb3) sll     s7, s1, s3
core   0: 3 0x8000a390 (0x01349bb3) x23 0x00000000
core   0: 0x8000a394 (0x02b594b3) mulh    s1, a1, a1
core   0: 3 0x8000a394 (0x02b594b3) x 9 0x00000000
core   0: 0x8000a398 (0x01edb6b3) sltu    a3, s11, t5
core   0: 3 0x8000a398 (0x01edb6b3) x13 0x00000000
core   0: 0x8000a39c (0x504c6313) ori     t1, s8, 1284
core   0: 3 0x8000a39c (0x504c6313) x 6 0x80029de4
core   0: 0x8000a3a0 (0x44f68093) addi    ra, a3, 1103
core   0: 3 0x8000a3a0 (0x44f68093) x 1 0x0000044f
core   0: 0x8000a3a4 (0x403edeb3) sra     t4, t4, gp
core   0: 3 0x8000a3a4 (0x403edeb3) x29 0x00000001
core   0: 0x8000a3a8 (0x01c6bbb3) sltu    s7, a3, t3
core   0: 3 0x8000a3a8 (0x01c6bbb3) x23 0x00000000
core   0: 0x8000a3ac (0x038d31b3) mulhu   gp, s10, s8
core   0: 3 0x8000a3ac (0x038d31b3) x 3 0x00000000
core   0: 0x8000a3b0 (0x403cda33) sra     s4, s9, gp
core   0: 3 0x8000a3b0 (0x403cda33) x20 0x00000086
core   0: 0x8000a3b4 (0x01fb8133) add     sp, s7, t6
core   0: 3 0x8000a3b4 (0x01fb8133) x 2 0x80000000
core   0: 0x8000a3b8 (0x6a51f3b7) lui     t2, 0x6a51f
core   0: 3 0x8000a3b8 (0x6a51f3b7) x 7 0x6a51f000
core   0: 0x8000a3bc (0x0167e263) bltu    a5, s6, pc + 4
core   0: 3 0x8000a3bc (0x0167e263)
core   0: 0x8000a3c0 (0x03b94913) xori    s2, s2, 59
core   0: 3 0x8000a3c0 (0x03b94913) x18 0x8003bbbd
core   0: 0x8000a3c4 (0x034d63b3) rem     t2, s10, s4
core   0: 3 0x8000a3c4 (0x034d63b3) x 7 0x00000001
core   0: 0x8000a3c8 (0x018511b3) sll     gp, a0, s8
core   0: 3 0x8000a3c8 (0x018511b3) x 3 0xfffffc50
core   0: 0x8000a3cc (0x03c81263) bne     a6, t3, pc + 36
core   0: 3 0x8000a3cc (0x03c81263)
core   0: 0x8000a3f0 (0x01865593) srli    a1, a2, 24
core   0: 3 0x8000a3f0 (0x01865593) x11 0x00000080
core   0: 0x8000a3f4 (0x28b1c493) xori    s1, gp, 651
core   0: 3 0x8000a3f4 (0x28b1c493) x 9 0xfffffedb
core   0: 0x8000a3f8 (0x0133e6b3) or      a3, t2, s3
core   0: 3 0x8000a3f8 (0x0133e6b3) x13 0x86556331
core   0: 0x8000a3fc (0xefbf8797) auipc   a5, 0xefbf8
core   0: 3 0x8000a3fc (0xefbf8797) x15 0x6fc023fc
core   0: 0x8000a400 (0x0106b3b3) sltu    t2, a3, a6
core   0: 3 0x8000a400 (0x0106b3b3) x 7 0x00000000
core   0: 0x8000a404 (0x02d78a63) beq     a5, a3, pc + 52
core   0: 3 0x8000a404 (0x02d78a63)
core   0: 0x8000a408 (0x000149b3) xor     s3, sp, zero
core   0: 3 0x8000a408 (0x000149b3) x19 0x80000000
core   0: 0x8000a40c (0xdfb80c93) addi    s9, a6, -517
core   0: 3 0x8000a40c (0xdfb80c93) x25 0x80025c2f
core   0: 0x8000a410 (0x05591463) bne     s2, s5, pc + 72
core   0: 3 0x8000a410 (0x05591463)
core   0: 0x8000a458 (0x02352ab3) mulhsu  s5, a0, gp
core   0: 3 0x8000a458 (0x02352ab3) x21 0xffffffc5
core   0: 0x8000a45c (0x0173c3b3) xor     t2, t2, s7
core   0: 3 0x8000a45c (0x0173c3b3) x 7 0x00000000
core   0: 0x8000a460 (0xd72d4713) xori    a4, s10, -654
core   0: 3 0x8000a460 (0xd72d4713) x14 0xfffffd73
core   0: 0x8000a464 (0x006b1433) sll     s0, s6, t1
core   0: 3 0x8000a464 (0x006b1433) x 8 0x00320000
core   0: 0x8000a468 (0x52baf213) andi    tp, s5, 1323
core   0: 3 0x8000a468 (0x52baf213) x 4 0x00000501
core   0: 0x8000a46c (0x11a14063) blt     sp, s10, pc + 256
core   0: 3 0x8000a46c (0x11a14063)
core   0: 0x8000a56c (0x024f9733) mulh    a4, t6, tp
core   0: 3 0x8000a56c (0x024f9733) x14 0xfffffd7f
core   0: 0x8000a570 (0x019edab3) srl     s5, t4, s9
core   0: 3 0x8000a570 (0x019edab3) x21 0x00000000
core   0: 0x8000a574 (0x6ef6c717) auipc   a4, 0x6ef6c
core   0: 3 0x8000a574 (0x6ef6c717) x14 0xeef76574
core   0: 0x8000a578 (0x900eb6b7) lui     a3, 0x900eb
core   0: 3 0x8000a578 (0x900eb6b7) x13 0x900eb000
core   0: 0x8000a57c (0x00000013) nop
core   0: 3 0x8000a57c (0x00000013)
core   0: 0x8000a580 (0x402ed893) srai    a7, t4, 2
core   0: 3 0x8000a580 (0x402ed893) x17 0x00000000
core   0: 0x8000a584 (0xe63f7f17) auipc   t5, 0xe63f7
core   0: 3 0x8000a584 (0xe63f7f17) x30 0x66401584
core   0: 0x8000a588 (0xa462a513) slti    a0, t0, -1466
core   0: 3 0x8000a588 (0xa462a513) x10 0x00000000
core   0: 0x8000a58c (0x016d8863) beq     s11, s6, pc + 16
core   0: 3 0x8000a58c (0x016d8863)
core   0: 0x8000a590 (0x00372533) slt     a0, a4, gp
core   0: 3 0x8000a590 (0x00372533) x10 0x00000001
core   0: 0x8000a594 (0x03bf8a33) mul     s4, t6, s11
core   0: 3 0x8000a594 (0x03bf8a33) x20 0x80000000
core   0: 0x8000a598 (0x41e5db93) srai    s7, a1, 30
core   0: 3 0x8000a598 (0x41e5db93) x23 0x00000000
core   0: 0x8000a59c (0x24e66713) ori     a4, a2, 590
core   0: 3 0x8000a59c (0x24e66713) x14 0x8000024e
core   0: 0x8000a5a0 (0x00691463) bne     s2, t1, pc + 8
core   0: 3 0x8000a5a0 (0x00691463)
core   0: 0x8000a5a8 (0x03329033) mulh    zero, t0, s3
core   0: 3 0x8000a5a8 (0x03329033)
core   0: 0x8000a5ac (0x053f7263) bgeu    t5, s3, pc + 68
core   0: 3 0x8000a5ac (0x053f7263)
core   0: 0x8000a5b0 (0x02fed2b3) divu    t0, t4, a5
core   0: 3 0x8000a5b0 (0x02fed2b3) x 5 0x00000000
core   0: 0x8000a5b4 (0x00bcaeb3) slt     t4, s9, a1
core   0: 3 0x8000a5b4 (0x00bcaeb3) x29 0x00000001
core   0: 0x8000a5b8 (0x023fa033) mulhsu  zero, t6, gp
core   0: 3 0x8000a5b8 (0x023fa033)
core   0: 0x8000a5bc (0x01fd5a63) bge     s10, t6, pc + 20
core   0: 3 0x8000a5bc (0x01fd5a63)
core   0: 0x8000a5d0 (0x02a78db3) mul     s11, a5, a0
core   0: 3 0x8000a5d0 (0x02a78db3) x27 0x6fc023fc
core   0: 0x8000a5d4 (0x0370f663) bgeu    ra, s7, pc + 44
core   0: 3 0x8000a5d4 (0x0370f663)
core   0: 0x8000a600 (0x018fc4b3) xor     s1, t6, s8
core   0: 3 0x8000a600 (0x018fc4b3) x 9 0x00029ce4
core   0: 0x8000a604 (0x00a07ab3) and     s5, zero, a0
core   0: 3 0x8000a604 (0x00a07ab3) x21 0x00000000
core   0: 0x8000a608 (0x03cccfb3) div     t6, s9, t3
core   0: 3 0x8000a608 (0x03cccfb3) x31 0xffffffff
core   0: 0x8000a60c (0x023c2033) mulhsu  zero, s8, gp
core   0: 3 0x8000a60c (0x023c2033)
core   0: 0x8000a610 (0x03dbba13) sltiu   s4, s7, 61
core   0: 3 0x8000a610 (0x03dbba13) x20 0x00000001
core   0: 0x8000a614 (0x039d82b3) mul     t0, s11, s9
core   0: 3 0x8000a614 (0x039d82b3) x 5 0xd92d2b44
core   0: 0x8000a618 (0x034417b3) mulh    a5, s0, s4
core   0: 3 0x8000a618 (0x034417b3) x15 0x00000000
core   0: 0x8000a61c (0x007e9bb3) sll     s7, t4, t2
core   0: 3 0x8000a61c (0x007e9bb3) x23 0x00000001
core   0: 0x8000a620 (0x004c9263) bne     s9, tp, pc + 4
core   0: 3 0x8000a620 (0x004c9263)
core   0: 0x8000a624 (0x0125c233) xor     tp, a1, s2
core   0: 3 0x8000a624 (0x0125c233) x 4 0x8003bb3d
core   0: 0x8000a628 (0x1d9c8a93) addi    s5, s9, 473
core   0: 3 0x8000a628 (0x1d9c8a93) x21 0x80025e08
core   0: 0x8000a62c (0x009b0663) beq     s6, s1, pc + 12
core   0: 3 0x8000a62c (0x009b0663)
core   0: 0x8000a630 (0x038af263) bgeu    s5, s8, pc + 36
core   0: 3 0x8000a630 (0x038af263)
core   0: 0x8000a634 (0x03254063) blt     a0, s2, pc + 32
core   0: 3 0x8000a634 (0x03254063)
core   0: 0x8000a638 (0x419f5793) srai    a5, t5, 25
core   0: 3 0x8000a638 (0x419f5793) x15 0x00000033
core   0: 0x8000a63c (0x01635033) srl     zero, t1, s6
core   0: 3 0x8000a63c (0x01635033)
core   0: 0x8000a640 (0x002a1793) slli    a5, s4, 2
core   0: 3 0x8000a640 (0x002a1793) x15 0x00000004
core   0: 0x8000a644 (0x01e14a33) xor     s4, sp, t5
core   0: 3 0x8000a644 (0x01e14a33) x20 0xe6401584
core   0: 0x8000a648 (0x0374a8b3) mulhsu  a7, s1, s7
core   0: 3 0x8000a648 (0x0374a8b3) x17 0x00000000
core   0: 0x8000a64c (0x03988c63) beq     a7, s9, pc + 56
core   0: 3 0x8000a64c (0x03988c63)
core   0: 0x8000a650 (0x00ce0fb3) add     t6, t3, a2
core   0: 3 0x8000a650 (0x00ce0fb3) x31 0x80000000
core   0: 0x8000a654 (0x00000013) nop
core   0: 3 0x8000a654 (0x00000013)
core   0: 0x8000a658 (0x03c1aab3) mulhsu  s5, gp, t3
core   0: 3 0x8000a658 (0x03c1aab3) x21 0x00000000
core   0: 0x8000a65c (0x02b4d6b3) divu    a3, s1, a1
core   0: 3 0x8000a65c (0x02b4d6b3) x13 0x00000539
core   0: 0x8000a660 (0x41c9d593) srai    a1, s3, 28
core   0: 3 0x8000a660 (0x41c9d593) x11 0xfffffff8
core   0: 0x8000a664 (0x6d23cf17) auipc   t5, 0x6d23c
core   0: 3 0x8000a664 (0x6d23cf17) x30 0xed246664
core   0: 0x8000a668 (0x01751463) bne     a0, s7, pc + 8
core   0: 3 0x8000a668 (0x01751463)
core   0: 0x8000a66c (0x02cf4063) blt     t5, a2, pc + 32
core   0: 3 0x8000a66c (0x02cf4063)
core   0: 0x8000a670 (0x45fc4f37) lui     t5, 0x45fc4
core   0: 3 0x8000a670 (0x45fc4f37) x30 0x45fc4000
core   0: 0x8000a674 (0x03ea03b3) mul     t2, s4, t5
core   0: 3 0x8000a674 (0x03ea03b3) x 7 0xc7510000
core   0: 0x8000a678 (0x40138933) sub     s2, t2, ra
core   0: 3 0x8000a678 (0x40138933) x18 0xc750fbb1
core   0: 0x8000a67c (0x00dd3133) sltu    sp, s10, a3
core   0: 3 0x8000a67c (0x00dd3133) x 2 0x00000001
core   0: 0x8000a680 (0x03c93ab3) mulhu   s5, s2, t3
core   0: 3 0x8000a680 (0x03c93ab3) x21 0x00000000
core   0: 0x8000a684 (0x031fccb3) div     s9, t6, a7
core   0: 3 0x8000a684 (0x031fccb3) x25 0xffffffff
core   0: 0x8000a688 (0x02524033) div     zero, tp, t0
core   0: 3 0x8000a688 (0x02524033)
core   0: 0x8000a68c (0x40770ab3) sub     s5, a4, t2
core   0: 3 0x8000a68c (0x40770ab3) x21 0xb8af024e
core   0: 0x8000a690 (0x01cbad33) slt     s10, s7, t3
core   0: 3 0x8000a690 (0x01cbad33) x26 0x00000000
core   0: 0x8000a694 (0x028a2733) mulhsu  a4, s4, s0
core   0: 3 0x8000a694 (0x028a2733) x14 0xfffaf884
core   0: 0x8000a698 (0x50cc4793) xori    a5, s8, 1292
core   0: 3 0x8000a698 (0x50cc4793) x15 0x800299e8
core   0: 0x8000a69c (0x01368ab3) add     s5, a3, s3
core   0: 3 0x8000a69c (0x01368ab3) x21 0x80000539
core   0: 0x8000a6a0 (0x2356ff97) auipc   t6, 0x2356f
core   0: 3 0x8000a6a0 (0x2356ff97) x31 0xa35796a0
core   0: 0x8000a6a4 (0x03f8b033) mulhu   zero, a7, t6
core   0: 3 0x8000a6a4 (0x03f8b033)
core   0: 0x8000a6a8 (0x03bfb7b3) mulhu   a5, t6, s11
core   0: 3 0x8000a6a8 (0x03bfb7b3) x15 0x474d92f6
core   0: 0x8000a6ac (0xfe733493) sltiu   s1, t1, -25
core   0: 3 0x8000a6ac (0xfe733493) x 9 0x00000001
core   0: 0x8000a6b0 (0x03cdf3b3) remu    t2, s11, t3
core   0: 3 0x8000a6b0 (0x03cdf3b3) x 7 0x6fc023fc
core   0: 0x8000a6b4 (0x026be1b3) rem     gp, s7, t1
core   0: 3 0x8000a6b4 (0x026be1b3) x 3 0x00000001
core   0: 0x8000a6b8 (0x41698333) sub     t1, s3, s6
core   0: 3 0x8000a6b8 (0x41698333) x 6 0x7ffce000
core   0: 0x8000a6bc (0x01e894b3) sll     s1, a7, t5
core   0: 3 0x8000a6bc (0x01e894b3) x 9 0x00000000
core   0: 0x8000a6c0 (0x0256ceb3) div     t4, a3, t0
core   0: 3 0x8000a6c0 (0x0256ceb3) x29 0x00000000
core   0: 0x8000a6c4 (0x40975db3) sra     s11, a4, s1
core   0: 3 0x8000a6c4 (0x40975db3) x27 0xfffaf884
core   0: 0x8000a6c8 (0x01a52ab3) slt     s5, a0, s10
core   0: 3 0x8000a6c8 (0x01a52ab3) x21 0x00000000
core   0: 0x8000a6cc (0x017be133) or      sp, s7, s7
core   0: 3 0x8000a6cc (0x017be133) x 2 0x00000001
core   0: 0x8000a6d0 (0x03939133) mulh    sp, t2, s9
core   0: 3 0x8000a6d0 (0x03939133) x 2 0xffffffff
core   0: 0x8000a6d4 (0x01c31713) slli    a4, t1, 28
core   0: 3 0x8000a6d4 (0x01c31713) x14 0x00000000
core   0: 0x8000a6d8 (0x012a83b3) add     t2, s5, s2
core   0: 3 0x8000a6d8 (0x012a83b3) x 7 0xc750fbb1
core   0: 0x8000a6dc (0x04210463) beq     sp, sp, pc + 72
core   0: 3 0x8000a6dc (0x04210463)
core   0: 0x8000a724 (0x03f3d663) bge     t2, t6, pc + 44
core   0: 3 0x8000a724 (0x03f3d663)
core   0: 0x8000a750 (0x02217433) remu    s0, sp, sp
core   0: 3 0x8000a750 (0x02217433) x 8 0x00000000
core   0: 0x8000a754 (0x586c2113) slti    sp, s8, 1414
core   0: 3 0x8000a754 (0x586c2113) x 2 0x00000001
core   0: 0x8000a758 (0x017121b3) slt     gp, sp, s7
core   0: 3 0x8000a758 (0x017121b3) x 3 0x00000000
core   0: 0x8000a75c (0x02e93233) mulhu   tp, s2, a4
core   0: 3 0x8000a75c (0x02e93233) x 4 0x00000000
core   0: 0x8000a760 (0x01eb5d13) srli    s10, s6, 30
core   0: 3 0x8000a760 (0x01eb5d13) x26 0x00000000
core   0: 0x8000a764 (0x016a50b3) srl     ra, s4, s6
core   0: 3 0x8000a764 (0x016a50b3) x 1 0xe6401584
core   0: 0x8000a768 (0xeb8eb793) sltiu   a5, t4, -328
core   0: 3 0x8000a768 (0xeb8eb793) x15 0x00000001
core   0: 0x8000a76c (0x84d23013) sltiu   zero, tp, -1971
core   0: 3 0x8000a76c (0x84d23013)
core   0: 0x8000a770 (0x01baee63) bltu    s5, s11, pc + 28
core   0: 3 0x8000a770 (0x01baee63)
core   0: 0x8000a78c (0x03fb0e33) mul     t3, s6, t6
core   0: 3 0x8000a78c (0x03fb0e33) x28 0xb6b40000
core   0: 0x8000a790 (0x41b80033) sub     zero, a6, s11
core   0: 3 0x8000a790 (0x41b80033)
core   0: 0x8000a794 (0x01305863) bge     zero, s3, pc + 16
core   0: 3 0x8000a794 (0x01305863)
core   0: 0x8000a7a4 (0x026ffeb3) remu    t4, t6, t1
core   0: 3 0x8000a7a4 (0x026ffeb3) x29 0x235ab6a0
core   0: 0x8000a7a8 (0x01e4a6b3) slt     a3, s1, t5
core   0: 3 0x8000a7a8 (0x01e4a6b3) x13 0x00000001
core   0: 0x8000a7ac (0x03e96463) bltu    s2, t5, pc + 40
core   0: 3 0x8000a7ac (0x03e96463)
core   0: 0x8000a7b0 (0xc2943913) sltiu   s2, s0, -983
core   0: 3 0x8000a7b0 (0xc2943913) x18 0x00000001
core   0: 0x8000a7b4 (0x02d02a33) mulhsu  s4, zero, a3
core   0: 3 0x8000a7b4 (0x02d02a33) x20 0x00000000
core   0: 0x8000a7b8 (0x02f16cb3) rem     s9, sp, a5
core   0: 3 0x8000a7b8 (0x02f16cb3) x25 0x00000000
core   0: 0x8000a7bc (0x03bfd933) divu    s2, t6, s11
core   0: 3 0x8000a7bc (0x03bfd933) x18 0x00000000
core   0: 0x8000a7c0 (0x40bad713) srai    a4, s5, 11
core   0: 3 0x8000a7c0 (0x40bad713) x14 0x00000000
core   0: 0x8000a7c4 (0x01c8e533) or      a0, a7, t3
core   0: 3 0x8000a7c4 (0x01c8e533) x10 0xb6b40000
core   0: 0x8000a7c8 (0x40de5233) sra     tp, t3, a3
core   0: 3 0x8000a7c8 (0x40de5233) x 4 0xdb5a0000
core   0: 0x8000a7cc (0x02329cb3) mulh    s9, t0, gp
core   0: 3 0x8000a7cc (0x02329cb3) x25 0x00000000
core   0: 0x8000a7d0 (0x03f1da33) divu    s4, gp, t6
core   0: 3 0x8000a7d0 (0x03f1da33) x20 0x00000000
core   0: 0x8000a7d4 (0x027f4e33) div     t3, t5, t2
core   0: 3 0x8000a7d4 (0x027f4e33) x28 0xffffffff
core   0: 0x8000a7d8 (0x199156b7) lui     a3, 0x19915
core   0: 3 0x8000a7d8 (0x199156b7) x13 0x19915000
core   0: 0x8000a7dc (0x03cf0663) beq     t5, t3, pc + 44
core   0: 3 0x8000a7dc (0x03cf0663)
core   0: 0x8000a7e0 (0x01e241b3) xor     gp, tp, t5
core   0: 3 0x8000a7e0 (0x01e241b3) x 3 0x9ea64000
core   0: 0x8000a7e4 (0x01ac1493) slli    s1, s8, 26
core   0: 3 0x8000a7e4 (0x01ac1493) x 9 0x90000000
core   0: 0x8000a7e8 (0x001629b3) slt     s3, a2, ra
core   0: 3 0x8000a7e8 (0x001629b3) x19 0x00000001
core   0: 0x8000a7ec (0x035801b3) mul     gp, a6, s5
core   0: 3 0x8000a7ec (0x035801b3) x 3 0x00000000
core   0: 0x8000a7f0 (0x00128fb3) add     t6, t0, ra
core   0: 3 0x8000a7f0 (0x00128fb3) x31 0xbf6d40c8
core   0: 0x8000a7f4 (0x03db89b3) mul     s3, s7, t4
core   0: 3 0x8000a7f4 (0x03db89b3) x19 0x235ab6a0
core   0: 0x8000a7f8 (0x01566a63) bltu    a2, s5, pc + 20
core   0: 3 0x8000a7f8 (0x01566a63)
core   0: 0x8000a7fc (0x00687233) and     tp, a6, t1
core   0: 3 0x8000a7fc (0x00687233) x 4 0x00004000
core   0: 0x8000a800 (0x03b5c263) blt     a1, s11, pc + 36
core   0: 3 0x8000a800 (0x03b5c263)
core   0: 0x8000a804 (0x982fc497) auipc   s1, 0x982fc
core   0: 3 0x8000a804 (0x982fc497) x 9 0x18306804
core   0: 0x8000a808 (0x00301863) bne     zero, gp, pc + 16
core   0: 3 0x8000a808 (0x00301863)
core   0: 0x8000a80c (0x2043dbb7) lui     s7, 0x2043d
core   0: 3 0x8000a80c (0x2043dbb7) x23 0x2043d000
core   0: 0x8000a810 (0x00737533) and     a0, t1, t2
core   0: 3 0x8000a810 (0x00737533) x10 0x4750e000
core   0: 0x8000a814 (0x01199663) bne     s3, a7, pc + 12
core   0: 3 0x8000a814 (0x01199663)
core   0: 0x8000a820 (0x01de9e13) slli    t3, t4, 29
core   0: 3 0x8000a820 (0x01de9e13) x28 0x00000000
core   0: 0x8000a824 (0x00000013) nop
core   0: 3 0x8000a824 (0x00000013)
core   0: 0x8000a828 (0x0103c463) blt     t2, a6, pc + 8
core   0: 3 0x8000a828 (0x0103c463)
core   0: 0x8000a82c (0x01d76533) or      a0, a4, t4
core   0: 3 0x8000a82c (0x01d76533) x10 0x235ab6a0
core   0: 0x8000a830 (0x0245e433) rem     s0, a1, tp
core   0: 3 0x8000a830 (0x0245e433) x 8 0xfffffff8
core   0: 0x8000a834 (0x03257433) remu    s0, a0, s2
core   0: 3 0x8000a834 (0x03257433) x 8 0x235ab6a0
core   0: 0x8000a838 (0x2b97c437) lui     s0, 0x2b97c
core   0: 3 0x8000a838 (0x2b97c437) x 8 0x2b97c000
core   0: 0x8000a83c (0x013dc463) blt     s11, s3, pc + 8
core   0: 3 0x8000a83c (0x013dc463)
core   0: 0x8000a844 (0x00b55733) srl     a4, a0, a1
core   0: 3 0x8000a844 (0x00b55733) x14 0x00000023
core   0: 0x8000a848 (0x011a9f33) sll     t5, s5, a7
core   0: 3 0x8000a848 (0x011a9f33) x30 0x00000000
core   0: 0x8000a84c (0x0138ccb3) xor     s9, a7, s3
core   0: 3 0x8000a84c (0x0138ccb3) x25 0x235ab6a0
core   0: 0x8000a850 (0x011c8a63) beq     s9, a7, pc + 20
core   0: 3 0x8000a850 (0x011c8a63)
core   0: 0x8000a854 (0x03ff76b3) remu    a3, t5, t6
core   0: 3 0x8000a854 (0x03ff76b3) x13 0x00000000
core   0: 0x8000a858 (0x41b75993) srai    s3, a4, 27
core   0: 3 0x8000a858 (0x41b75993) x19 0x00000000
core   0: 0x8000a85c (0x01c2de33) srl     t3, t0, t3
core   0: 3 0x8000a85c (0x01c2de33) x28 0xd92d2b44
core   0: 0x8000a860 (0x1866a437) lui     s0, 0x1866a
core   0: 3 0x8000a860 (0x1866a437) x 8 0x1866a000
core   0: 0x8000a864 (0x026cc033) div     zero, s9, t1
core   0: 3 0x8000a864 (0x026cc033)
core   0: 0x8000a868 (0xe0e9e713) ori     a4, s3, -498
core   0: 3 0x8000a868 (0xe0e9e713) x14 0xfffffe0e
core   0: 0x8000a86c (0x5147a293) slti    t0, a5, 1300
core   0: 3 0x8000a86c (0x5147a293) x 5 0x00000001
core   0: 0x8000a870 (0x0316e263) bltu    a3, a7, pc + 36
core   0: 3 0x8000a870 (0x0316e263)
core   0: 0x8000a874 (0x011ed193) srli    gp, t4, 17
core   0: 3 0x8000a874 (0x011ed193) x 3 0x000011ad
core   0: 0x8000a878 (0x001dbdb3) sltu    s11, s11, ra
core   0: 3 0x8000a878 (0x001dbdb3) x27 0x00000000
core   0: 0x8000a87c (0x0449c663) blt     s3, tp, pc + 76
core   0: 3 0x8000a87c (0x0449c663)
core   0: 0x8000a8c8 (0x01afd113) srli    sp, t6, 26
core   0: 3 0x8000a8c8 (0x01afd113) x 2 0x0000002f
core   0: 0x8000a8cc (0x4a211ab7) lui     s5, 0x4a211
core   0: 3 0x8000a8cc (0x4a211ab7) x21 0x4a211000
core   0: 0x8000a8d0 (0x29ab3297) auipc   t0, 0x29ab3
core   0: 3 0x8000a8d0 (0x29ab3297) x 5 0xa9abd8d0
core   0: 0x8000a8d4 (0x446f2013) slti    zero, t5, 1094
core   0: 3 0x8000a8d4 (0x446f2013)
core   0: 0x8000a8d8 (0x0055f733) and     a4, a1, t0
core   0: 3 0x8000a8d8 (0x0055f733) x14 0xa9abd8d0
core   0: 0x8000a8dc (0x014eadb3) slt     s11, t4, s4
core   0: 3 0x8000a8dc (0x014eadb3) x27 0x00000000
core   0: 0x8000a8e0 (0x0337dd33) divu    s10, a5, s3
core   0: 3 0x8000a8e0 (0x0337dd33) x26 0xffffffff
core   0: 0x8000a8e4 (0x566671b7) lui     gp, 0x56667
core   0: 3 0x8000a8e4 (0x566671b7) x 3 0x56667000
core   0: 0x8000a8e8 (0xb9a14493) xori    s1, sp, -1126
core   0: 3 0x8000a8e8 (0xb9a14493) x 9 0xfffffbb5
core   0: 0x8000a8ec (0x014b3b33) sltu    s6, s6, s4
core   0: 3 0x8000a8ec (0x014b3b33) x22 0x00000000
core   0: 0x8000a8f0 (0xe267a917) auipc   s2, 0xe267a
core   0: 3 0x8000a8f0 (0xe267a917) x18 0x626848f0
core   0: 0x8000a8f4 (0x029b55b3) divu    a1, s6, s1
core   0: 3 0x8000a8f4 (0x029b55b3) x11 0x00000000
core   0: 0x8000a8f8 (0x03b73ab3) mulhu   s5, a4, s11
core   0: 3 0x8000a8f8 (0x03b73ab3) x21 0x00000000
core   0: 0x8000a8fc (0xd4968d93) addi    s11, a3, -695
core   0: 3 0x8000a8fc (0xd4968d93) x27 0xfffffd49
core   0: 0x8000a900 (0x014ca4b3) slt     s1, s9, s4
core   0: 3 0x8000a900 (0x014ca4b3) x 9 0x00000000
core   0: 0x8000a904 (0x03c78a63) beq     a5, t3, pc + 52
core   0: 3 0x8000a904 (0x03c78a63)
core   0: 0x8000a908 (0x0151cd33) xor     s10, gp, s5
core   0: 3 0x8000a908 (0x0151cd33) x26 0x56667000
core   0: 0x8000a90c (0x02fdad33) mulhsu  s10, s11, a5
core   0: 3 0x8000a90c (0x02fdad33) x26 0xffffffff
core   0: 0x8000a910 (0x40e90033) sub     zero, s2, a4
core   0: 3 0x8000a910 (0x40e90033)
core   0: 0x8000a914 (0x08257993) andi    s3, a0, 130
core   0: 3 0x8000a914 (0x08257993) x19 0x00000080
core   0: 0x8000a918 (0x00000013) nop
core   0: 3 0x8000a918 (0x00000013)
core   0: 0x8000a91c (0x011dbfb3) sltu    t6, s11, a7
core   0: 3 0x8000a91c (0x011dbfb3) x31 0x00000000
core   0: 0x8000a920 (0x00a15493) srli    s1, sp, 10
core   0: 3 0x8000a920 (0x00a15493) x 9 0x00000000
core   0: 0x8000a924 (0x00c5eb33) or      s6, a1, a2
core   0: 3 0x8000a924 (0x00c5eb33) x22 0x80000000
core   0: 0x8000a928 (0x00000013) nop
core   0: 3 0x8000a928 (0x00000013)
core   0: 0x8000a92c (0x024a8a33) mul     s4, s5, tp
core   0: 3 0x8000a92c (0x024a8a33) x20 0x00000000
core   0: 0x8000a930 (0x00eb9533) sll     a0, s7, a4
core   0: 3 0x8000a930 (0x00eb9533) x10 0xd0000000
core   0: 0x8000a934 (0x01e74513) xori    a0, a4, 30
core   0: 3 0x8000a934 (0x01e74513) x10 0xa9abd8ce
core   0: 0x8000a938 (0x0100e933) or      s2, ra, a6
core   0: 3 0x8000a938 (0x0100e933) x18 0xe6425fb4
core   0: 0x8000a93c (0x008d1233) sll     tp, s10, s0
core   0: 3 0x8000a93c (0x008d1233) x 4 0xffffffff
core   0: 0x8000a940 (0x41e55233) sra     tp, a0, t5
core   0: 3 0x8000a940 (0x41e55233) x 4 0xa9abd8ce
core   0: 0x8000a944 (0xcbaca313) slti    t1, s9, -838
core   0: 3 0x8000a944 (0xcbaca313) x 6 0x00000000
core   0: 0x8000a948 (0x0074fe33) and     t3, s1, t2
core   0: 3 0x8000a948 (0x0074fe33) x28 0x00000000
core   0: 0x8000a94c (0x01780433) add     s0, a6, s7
core   0: 3 0x8000a94c (0x01780433) x 8 0xa0462e34
core   0: 0x8000a950 (0x406b5193) srai    gp, s6, 6
core   0: 3 0x8000a950 (0x406b5193) x 3 0xfe000000
core   0: 0x8000a954 (0x01831eb3) sll     t4, t1, s8
core   0: 3 0x8000a954 (0x01831eb3) x29 0x00000000
core   0: 0x8000a958 (0x012a4663) blt     s4, s2, pc + 12
core   0: 3 0x8000a958 (0x012a4663)
core   0: 0x8000a95c (0x01b74a63) blt     a4, s11, pc + 20
core   0: 3 0x8000a95c (0x01b74a63)
core   0: 0x8000a970 (0x03926d33) rem     s10, tp, s9
core   0: 3 0x8000a970 (0x03926d33) x26 0xf061460e
core   0: 0x8000a974 (0x02d74463) blt     a4, a3, pc + 40
core   0: 3 0x8000a974 (0x02d74463)
core   0: 0x8000a99c (0x038424b3) mulhsu  s1, s0, s8
core   0: 3 0x8000a99c (0x038424b3) x 9 0xd0221cfb
core   0: 0x8000a9a0 (0x78dd7213) andi    tp, s10, 1933
core   0: 3 0x8000a9a0 (0x78dd7213) x 4 0x0000060c
core   0: 0x8000a9a4 (0x02df2fb3) mulhsu  t6, t5, a3
core   0: 3 0x8000a9a4 (0x02df2fb3) x31 0x00000000
core   0: 0x8000a9a8 (0x03e10e33) mul     t3, sp, t5
core   0: 3 0x8000a9a8 (0x03e10e33) x28 0x00000000
core   0: 0x8000a9ac (0x407fdeb3) sra     t4, t6, t2
core   0: 3 0x8000a9ac (0x407fdeb3) x29 0x00000000
core   0: 0x8000a9b0 (0x03546e33) rem     t3, s0, s5
core   0: 3 0x8000a9b0 (0x03546e33) x28 0xa0462e34
core   0: 0x8000a9b4 (0x0399b733) mulhu   a4, s3, s9
core   0: 3 0x8000a9b4 (0x0399b733) x14 0x00000011
core   0: 0x8000a9b8 (0x033d5233) divu    tp, s10, s3
core   0: 3 0x8000a9b8 (0x033d5233) x 4 0x01e0c28c
core   0: 0x8000a9bc (0x0081bfb3) sltu    t6, gp, s0
core   0: 3 0x8000a9bc (0x0081bfb3) x31 0x00000000
core   0: 0x8000a9c0 (0x2998c537) lui     a0, 0x2998c
core   0: 3 0x8000a9c0 (0x2998c537) x10 0x2998c000
core   0: 0x8000a9c4 (0x01c61693) slli    a3, a2, 28
core   0: 3 0x8000a9c4 (0x01c61693) x13 0x00000000
core   0: 0x8000a9c8 (0x002f13b3) sll     t2, t5, sp
core   0: 3 0x8000a9c8 (0x002f13b3) x 7 0x00000000
core   0: 0x8000a9cc (0x0344ce33) div     t3, s1, s4
core   0: 3 0x8000a9cc (0x0344ce33) x28 0xffffffff
core   0: 0x8000a9d0 (0x004f9e63) bne     t6, tp, pc + 28
core   0: 3 0x8000a9d0 (0x004f9e63)
core   0: 0x8000a9ec (0x034ce433) rem     s0, s9, s4
core   0: 3 0x8000a9ec (0x034ce433) x 8 0x235ab6a0
core   0: 0x8000a9f0 (0x030b9663) bne     s7, a6, pc + 44
core   0: 3 0x8000a9f0 (0x030b9663)
core   0: 0x8000aa1c (0x01069113) slli    sp, a3, 16
core   0: 3 0x8000aa1c (0x01069113) x 2 0x00000000
core   0: 0x8000aa20 (0x0216f6b3) remu    a3, a3, ra
core   0: 3 0x8000aa20 (0x0216f6b3) x13 0x00000000
core   0: 0x8000aa24 (0x09d0f693) andi    a3, ra, 157
core   0: 3 0x8000aa24 (0x09d0f693) x13 0x00000084
core   0: 0x8000aa28 (0x0202ae33) mulhsu  t3, t0, zero
core   0: 3 0x8000aa28 (0x0202ae33) x28 0x00000000
core   0: 0x8000aa2c (0x00867cb3) and     s9, a2, s0
core   0: 3 0x8000aa2c (0x00867cb3) x25 0x00000000
core   0: 0x8000aa30 (0x00fd52b3) srl     t0, s10, a5
core   0: 3 0x8000aa30 (0x00fd52b3) x 5 0x7830a307
core   0: 0x8000aa34 (0x80f86393) ori     t2, a6, -2033
core   0: 3 0x8000aa34 (0x80f86393) x 7 0xfffffe3f
core   0: 0x8000aa38 (0x019b7ab3) and     s5, s6, s9
core   0: 3 0x8000aa38 (0x019b7ab3) x21 0x00000000
core   0: 0x8000aa3c (0x0e817437) lui     s0, 0xe817
core   0: 3 0x8000aa3c (0x0e817437) x 8 0x0e817000
core   0: 0x8000aa40 (0x03f537b3) mulhu   a5, a0, t6
core   0: 3 0x8000aa40 (0x03f537b3) x15 0x00000000
core   0: 0x8000aa44 (0x01e2df33) srl     t5, t0, t5
core   0: 3 0x8000aa44 (0x01e2df33) x30 0x7830a307
core   0: 0x8000aa48 (0xdde7c993) xori    s3, a5, -546
core   0: 3 0x8000aa48 (0xdde7c993) x19 0xfffffdde
core   0: 0x8000aa4c (0x02f26233) rem     tp, tp, a5
core   0: 3 0x8000aa4c (0x02f26233) x 4 0x01e0c28c
core   0: 0x8000aa50 (0x00226863) bltu    tp, sp, pc + 16
core   0: 3 0x8000aa50 (0x00226863)
core   0: 0x8000aa54 (0x02ca24b3) mulhsu  s1, s4, a2
core   0: 3 0x8000aa54 (0x02ca24b3) x 9 0x00000000
core   0: 0x8000aa58 (0x00f87cb3) and     s9, a6, a5
core   0: 3 0x8000aa58 (0x00f87cb3) x25 0x00000000
core   0: 0x8000aa5c (0x040a5663) bgez    s4, pc + 76
core   0: 3 0x8000aa5c (0x040a5663)
core   0: 0x8000aaa8 (0x038a9333) mulh    t1, s5, s8
core   0: 3 0x8000aaa8 (0x038a9333) x 6 0x00000000
core   0: 0x8000aaac (0x00b9a7b3) slt     a5, s3, a1
core   0: 3 0x8000aaac (0x00b9a7b3) x15 0x00000001
core   0: 0x8000aab0 (0xb63d2d13) slti    s10, s10, -1181
core   0: 3 0x8000aab0 (0xb63d2d13) x26 0x00000001
core   0: 0x8000aab4 (0xfe30c917) auipc   s2, 0xfe30c
core   0: 3 0x8000aab4 (0xfe30c917) x18 0x7e316ab4
core   0: 0x8000aab8 (0x056f5463) bge     t5, s6, pc + 72
core   0: 3 0x8000aab8 (0x056f5463)
core   0: 0x8000ab00 (0x414452b3) sra     t0, s0, s4
core   0: 3 0x8000ab00 (0x414452b3) x 5 0x0e817000
core   0: 0x8000ab04 (0x02d185b3) mul     a1, gp, a3
core   0: 3 0x8000ab04 (0x02d185b3) x11 0xf8000000
core   0: 0x8000ab08 (0x0332eab3) rem     s5, t0, s3
core   0: 3 0x8000ab08 (0x0332eab3) x21 0x000000ae
core   0: 0x8000ab0c (0x00c882b3) add     t0, a7, a2
core   0: 3 0x8000ab0c (0x00c882b3) x 5 0x80000000
core   0: 0x8000ab10 (0x007a6b33) or      s6, s4, t2
core   0: 3 0x8000ab10 (0x007a6b33) x22 0xfffffe3f
core   0: 0x8000ab14 (0x00d3dd33) srl     s10, t2, a3
core   0: 3 0x8000ab14 (0x00d3dd33) x26 0x0fffffe3
core   0: 0x8000ab18 (0x00d7c463) blt     a5, a3, pc + 8
core   0: 3 0x8000ab18 (0x00d7c463)
core   0: 0x8000ab20 (0x00000013) nop
core   0: 3 0x8000ab20 (0x00000013)
core   0: 0x8000ab24 (0x033c5033) divu    zero, s8, s3
core   0: 3 0x8000ab24 (0x033c5033)
core   0: 0x8000ab28 (0x035b4263) blt     s6, s5, pc + 36
core   0: 3 0x8000ab28 (0x035b4263)
core   0: 0x8000ab4c (0x023a9533) mulh    a0, s5, gp
core   0: 3 0x8000ab4c (0x023a9533) x10 0xfffffffe
core   0: 0x8000ab50 (0x01acc863) blt     s9, s10, pc + 16
core   0: 3 0x8000ab50 (0x01acc863)
core   0: 0x8000ab60 (0x021119b3) mulh    s3, sp, ra
core   0: 3 0x8000ab60 (0x021119b3) x19 0x00000000
core   0: 0x8000ab64 (0xdbe36213) ori     tp, t1, -578
core   0: 3 0x8000ab64 (0xdbe36213) x 4 0xfffffdbe
core   0: 0x8000ab68 (0xd518a117) auipc   sp, 0xd518a
core   0: 3 0x8000ab68 (0xd518a117) x 2 0x55194b68
core   0: 0x8000ab6c (0x003fd663) bge     t6, gp, pc + 12
core   0: 3 0x8000ab6c (0x003fd663)
core   0: 0x8000ab78 (0x03b37d33) remu    s10, t1, s11
core   0: 3 0x8000ab78 (0x03b37d33) x26 0x00000000
core   0: 0x8000ab7c (0x01997133) and     sp, s2, s9
core   0: 3 0x8000ab7c (0x01997133) x 2 0x00000000
core   0: 0x8000ab80 (0x91142913) slti    s2, s0, -1775
core   0: 3 0x8000ab80 (0x91142913) x18 0x00000000
core   0: 0x8000ab84 (0x4466c993) xori    s3, a3, 1094
core   0: 3 0x8000ab84 (0x4466c993) x19 0x000004c2
core   0: 0x8000ab88 (0x03eede63) bge     t4, t5, pc + 60
core   0: 3 0x8000ab88 (0x03eede63)
core   0: 0x8000ab8c (0x01a70f33) add     t5, a4, s10
core   0: 3 0x8000ab8c (0x01a70f33) x30 0x00000011
core   0: 0x8000ab90 (0x00fd29b3) slt     s3, s10, a5
core   0: 3 0x8000ab90 (0x00fd29b3) x19 0x00000001
core   0: 0x8000ab94 (0x0083edb3) or      s11, t2, s0
core   0: 3 0x8000ab94 (0x0083edb3) x27 0xfffffe3f
core   0: 0x8000ab98 (0x02f96863) bltu    s2, a5, pc + 48
core   0: 3 0x8000ab98 (0x02f96863)
core   0: 0x8000abc8 (0x012d5d93) srli    s11, s10, 18
core   0: 3 0x8000abc8 (0x012d5d93) x27 0x00000000
core   0: 0x8000abcc (0x027fd063) bge     t6, t2, pc + 32
core   0: 3 0x8000abcc (0x027fd063)
core   0: 0x8000abec (0x02a37463) bgeu    t1, a0, pc + 40
core   0: 3 0x8000abec (0x02a37463)
core   0: 0x8000abf0 (0x014c78b3) and     a7, s8, s4
core   0: 3 0x8000abf0 (0x014c78b3) x17 0x00000000
core   0: 0x8000abf4 (0x05c50463) beq     a0, t3, pc + 72
core   0: 3 0x8000abf4 (0x05c50463)
core   0: 0x8000abf8 (0x418edeb3) sra     t4, t4, s8
core   0: 3 0x8000abf8 (0x418edeb3) x29 0x00000000
core   0: 0x8000abfc (0x02d217b3) mulh    a5, tp, a3
core   0: 3 0x8000abfc (0x02d217b3) x15 0xffffffff
core   0: 0x8000ac00 (0x403e8bb3) sub     s7, t4, gp
core   0: 3 0x8000ac00 (0x403e8bb3) x23 0x02000000
core   0: 0x8000ac04 (0x393b8e13) addi    t3, s7, 915
core   0: 3 0x8000ac04 (0x393b8e13) x28 0x02000393
core   0: 0x8000ac08 (0x02845933) divu    s2, s0, s0
core   0: 3 0x8000ac08 (0x02845933) x18 0x00000001
core   0: 0x8000ac0c (0x02510a63) beq     sp, t0, pc + 52
core   0: 3 0x8000ac0c (0x02510a63)
core   0: 0x8000ac10 (0x3fbf3413) sltiu   s0, t5, 1019
core   0: 3 0x8000ac10 (0x3fbf3413) x 8 0x00000001
core   0: 0x8000ac14 (0x0304aab3) mulhsu  s5, s1, a6
core   0: 3 0x8000ac14 (0x0304aab3) x21 0x00000000
core   0: 0x8000ac18 (0x32683b93) sltiu   s7, a6, 806
core   0: 3 0x8000ac18 (0x32683b93) x23 0x00000000
core   0: 0x8000ac1c (0x0278adb3) mulhsu  s11, a7, t2
core   0: 3 0x8000ac1c (0x0278adb3) x27 0x00000000
core   0: 0x8000ac20 (0x01ee5263) bge     t3, t5, pc + 4
core   0: 3 0x8000ac20 (0x01ee5263)
core   0: 0x8000ac24 (0x023a19b3) mulh    s3, s4, gp
core   0: 3 0x8000ac24 (0x023a19b3) x19 0x00000000
core   0: 0x8000ac28 (0x678c2737) lui     a4, 0x678c2
core   0: 3 0x8000ac28 (0x678c2737) x14 0x678c2000
core   0: 0x8000ac2c (0x034b6233) rem     tp, s6, s4
core   0: 3 0x8000ac2c (0x034b6233) x 4 0xfffffe3f
core   0: 0x8000ac30 (0x71496793) ori     a5, s2, 1812
core   0: 3 0x8000ac30 (0x71496793) x15 0x00000715
core   0: 0x8000ac34 (0x04c19263) bne     gp, a2, pc + 68
core   0: 3 0x8000ac34 (0x04c19263)
core   0: 0x8000ac78 (0x01445fb3) srl     t6, s0, s4
core   0: 3 0x8000ac78 (0x01445fb3) x31 0x00000001
core   0: 0x8000ac7c (0x02250c63) beq     a0, sp, pc + 56
core   0: 3 0x8000ac7c (0x02250c63)
core   0: 0x8000ac80 (0x02163233) mulhu   tp, a2, ra
core   0: 3 0x8000ac80 (0x02163233) x 4 0x73200ac2
core   0: 0x8000ac84 (0x41098bb3) sub     s7, s3, a6
core   0: 3 0x8000ac84 (0x41098bb3) x23 0x7ffda1cc
core   0: 0x8000ac88 (0x253f7993) andi    s3, t5, 595
core   0: 3 0x8000ac88 (0x253f7993) x19 0x00000011
core   0: 0x8000ac8c (0x400a5533) sra     a0, s4, zero
core   0: 3 0x8000ac8c (0x400a5533) x10 0x00000000
core   0: 0x8000ac90 (0x01648e63) beq     s1, s6, pc + 28
core   0: 3 0x8000ac90 (0x01648e63)
core   0: 0x8000ac94 (0x026ca2b3) mulhsu  t0, s9, t1
core   0: 3 0x8000ac94 (0x026ca2b3) x 5 0x00000000
core   0: 0x8000ac98 (0x02fc1d33) mulh    s10, s8, a5
core   0: 3 0x8000ac98 (0x02fc1d33) x26 0xfffffc75
core   0: 0x8000ac9c (0x0352ee33) rem     t3, t0, s5
core   0: 3 0x8000ac9c (0x0352ee33) x28 0x00000000
core   0: 0x8000aca0 (0x40328033) sub     zero, t0, gp
core   0: 3 0x8000aca0 (0x40328033)
core   0: 0x8000aca4 (0x00b8c7b3) xor     a5, a7, a1
core   0: 3 0x8000aca4 (0x00b8c7b3) x15 0xf8000000
core   0: 0x8000aca8 (0xde8e0013) addi    zero, t3, -536
core   0: 3 0x8000aca8 (0xde8e0013)
core   0: 0x8000acac (0x019e2033) slt     zero, t3, s9
core   0: 3 0x8000acac (0x019e2033)
core   0: 0x8000acb0 (0x39298b93) addi    s7, s3, 914
core   0: 3 0x8000acb0 (0x39298b93) x23 0x000003a3
core   0: 0x8000acb4 (0x01ec7733) and     a4, s8, t5
core   0: 3 0x8000acb4 (0x01ec7733) x14 0x00000000
core   0: 0x8000acb8 (0x00bacd33) xor     s10, s5, a1
core   0: 3 0x8000acb8 (0x00bacd33) x26 0xf8000000
core   0: 0x8000acbc (0x0893c293) xori    t0, t2, 137
core   0: 3 0x8000acbc (0x0893c293) x 5 0xfffffeb6
core   0: 0x8000acc0 (0x012ded33) or      s10, s11, s2
core   0: 3 0x8000acc0 (0x012ded33) x26 0x00000001
core   0: 0x8000acc4 (0x014bc433) xor     s0, s7, s4
core   0: 3 0x8000acc4 (0x014bc433) x 8 0x000003a3
core   0: 0x8000acc8 (0x018d6a63) bltu    s10, s8, pc + 20
core   0: 3 0x8000acc8 (0x018d6a63)
core   0: 0x8000acdc (0x7111e693) ori     a3, gp, 1809
core   0: 3 0x8000acdc (0x7111e693) x13 0xfe000711
core   0: 0x8000ace0 (0x510bfb13) andi    s6, s7, 1296
core   0: 3 0x8000ace0 (0x510bfb13) x22 0x00000100
core   0: 0x8000ace4 (0x00b63f33) sltu    t5, a2, a1
core   0: 3 0x8000ace4 (0x00b63f33) x30 0x00000001
core   0: 0x8000ace8 (0x00a8d713) srli    a4, a7, 10
core   0: 3 0x8000ace8 (0x00a8d713) x14 0x00000000
core   0: 0x8000acec (0x042a8093) addi    ra, s5, 66
core   0: 3 0x8000acec (0x042a8093) x 1 0x00000042
core   0: 0x8000acf0 (0x054f7463) bgeu    t5, s4, pc + 72
core   0: 3 0x8000acf0 (0x054f7463)
core   0: 0x8000ad38 (0x40d0c493) xori    s1, ra, 1037
core   0: 3 0x8000ad38 (0x40d0c493) x 9 0x0000044f
core   0: 0x8000ad3c (0x01b94a33) xor     s4, s2, s11
core   0: 3 0x8000ad3c (0x01b94a33) x20 0x00000001
core   0: 0x8000ad40 (0x275c0e13) addi    t3, s8, 629
core   0: 3 0x8000ad40 (0x275c0e13) x28 0x80029f59
core   0: 0x8000ad44 (0x03573133) mulhu   sp, a4, s5
core   0: 3 0x8000ad44 (0x03573133) x 2 0x00000000
core   0: 0x8000ad48 (0xc95c0913) addi    s2, s8, -875
core   0: 3 0x8000ad48 (0xc95c0913) x18 0x80029979
core   0: 0x8000ad4c (0x016e9f93) slli    t6, t4, 22
core   0: 3 0x8000ad4c (0x016e9f93) x31 0x00000000
core   0: 0x8000ad50 (0xe361eb13) ori     s6, gp, -458
core   0: 3 0x8000ad50 (0xe361eb13) x22 0xfffffe36
core   0: 0x8000ad54 (0x01ed9663) bne     s11, t5, pc + 12
core   0: 3 0x8000ad54 (0x01ed9663)
core   0: 0x8000ad60 (0x3d1b6093) ori     ra, s6, 977
core   0: 3 0x8000ad60 (0x3d1b6093) x 1 0xfffffff7
core   0: 0x8000ad64 (0x0018acb3) slt     s9, a7, ra
core   0: 3 0x8000ad64 (0x0018acb3) x25 0x00000000
core   0: 0x8000ad68 (0x0244e063) bltu    s1, tp, pc + 32
core   0: 3 0x8000ad68 (0x0244e063)
core   0: 0x8000ad88 (0xadf32a13) slti    s4, t1, -1313
core   0: 3 0x8000ad88 (0xadf32a13) x20 0x00000000
core   0: 0x8000ad8c (0x00008997) auipc   s3, 0x8
core   0: 3 0x8000ad8c (0x00008997) x19 0x80012d8c
core   0: 0x8000ad90 (0x35098993) addi    s3, s3, 848
core   0: 3 0x8000ad90 (0x35098993) x19 0x800130dc
core   0: 0x8000ad94 (0x03541f33) mulh    t5, s0, s5
core   0: 3 0x8000ad94 (0x03541f33) x30 0x00000000
core   0: 0x8000ad98 (0x03f1b433) mulhu   s0, gp, t6
core   0: 3 0x8000ad98 (0x03f1b433) x 8 0x00000000
core   0: 0x8000ad9c (0x07499423) sh      s4, 104(s3)
core   0: 3 0x8000ad9c (0x07499423) mem 0x80013144 0x0000
core   0: 0x8000ada0 (0xfe09ae03) lw      t3, -32(s3)
core   0: 3 0x8000ada0 (0xfe09ae03) x28 0x7ab86188 mem 0x800130bc
core   0: 0x8000ada4 (0x004a88b3) add     a7, s5, tp
core   0: 3 0x8000ada4 (0x004a88b3) x17 0x73200ac2
core   0: 0x8000ada8 (0x05a99d23) sh      s10, 90(s3)
core   0: 3 0x8000ada8 (0x05a99d23) mem 0x80013136 0x0001
core   0: 0x8000adac (0x01819713) slli    a4, gp, 24
core   0: 3 0x8000adac (0x01819713) x14 0x00000000
core   0: 0x8000adb0 (0x01145f93) srli    t6, s0, 17
core   0: 3 0x8000adb0 (0x01145f93) x31 0x00000000
core   0: 0x8000adb4 (0xf479c883) lbu     a7, -185(s3)
core   0: 3 0x8000adb4 (0xf479c883) x17 0x000000b1 mem 0x80013023
core   0: 0x8000adb8 (0x017b06b3) add     a3, s6, s7
core   0: 3 0x8000adb8 (0x017b06b3) x13 0x000001d9
core   0: 0x8000adbc (0x0319cd83) lbu     s11, 49(s3)
core   0: 3 0x8000adbc (0x0319cd83) x27 0x00000099 mem 0x8001310d
core   0: 0x8000adc0 (0x00d85733) srl     a4, a6, a3
core   0: 3 0x8000adc0 (0x00d85733) x14 0x00000040
core   0: 0x8000adc4 (0x036a31b3) mulhu   gp, s4, s6
core   0: 3 0x8000adc4 (0x036a31b3) x 3 0x00000000
core   0: 0x8000adc8 (0x01969593) slli    a1, a3, 25
core   0: 3 0x8000adc8 (0x01969593) x11 0xb2000000
core   0: 0x8000adcc (0x04398403) lb      s0, 67(s3)
core   0: 3 0x8000adcc (0x04398403) x 8 0xffffffa4 mem 0x8001311f
core   0: 0x8000add0 (0x03b45a33) divu    s4, s0, s11
core   0: 3 0x8000add0 (0x03b45a33) x20 0x01ac5701
core   0: 0x8000add4 (0x00898da3) sb      s0, 27(s3)
core   0: 3 0x8000add4 (0x00898da3) mem 0x800130f7 0xa4
core   0: 0x8000add8 (0x00000013) nop
core   0: 3 0x8000add8 (0x00000013)
core   0: 0x8000addc (0x03e4c3b3) div     t2, s1, t5
core   0: 3 0x8000addc (0x03e4c3b3) x 7 0xffffffff
core   0: 0x8000ade0 (0x06698d83) lb      s11, 102(s3)
core   0: 3 0x8000ade0 (0x06698d83) x27 0xffffffef mem 0x80013142
core   0: 0x8000ade4 (0x03198023) sb      a7, 32(s3)
core   0: 3 0x8000ade4 (0x03198023) mem 0x800130fc 0xb1
core   0: 0x8000ade8 (0x01298ca3) sb      s2, 25(s3)
core   0: 3 0x8000ade8 (0x01298ca3) mem 0x800130f5 0x79
core   0: 0x8000adec (0x0709da83) lhu     s5, 112(s3)
core   0: 3 0x8000adec (0x0709da83) x21 0x0000a97d mem 0x8001314c
core   0: 0x8000adf0 (0x78960f13) addi    t5, a2, 1929
core   0: 3 0x8000adf0 (0x78960f13) x30 0x80000789
core   0: 0x8000adf4 (0x013c30b3) sltu    ra, s8, s3
core   0: 3 0x8000adf4 (0x013c30b3) x 1 0x00000000
core   0: 0x8000adf8 (0x01799323) sh      s7, 6(s3)
core   0: 3 0x8000adf8 (0x01799323) mem 0x800130e2 0x03a3
core   0: 0x8000adfc (0x03bf82b3) mul     t0, t6, s11
core   0: 3 0x8000adfc (0x03bf82b3) x 5 0x00000000
core   0: 0x8000ae00 (0x40e554b3) sra     s1, a0, a4
core   0: 3 0x8000ae00 (0x40e554b3) x 9 0x00000000
core   0: 0x8000ae04 (0x0300abb3) mulhsu  s7, ra, a6
core   0: 3 0x8000ae04 (0x0300abb3) x23 0x00000000
core   0: 0x8000ae08 (0x012ebcb3) sltu    s9, t4, s2
core   0: 3 0x8000ae08 (0x012ebcb3) x25 0x00000001
core   0: 0x8000ae0c (0x0779c283) lbu     t0, 119(s3)
core   0: 3 0x8000ae0c (0x0779c283) x 5 0x000000e6 mem 0x80013153
core   0: 0x8000ae10 (0x02a9db03) lhu     s6, 42(s3)
core   0: 3 0x8000ae10 (0x02a9db03) x22 0x0000915a mem 0x80013106
core   0: 0x8000ae14 (0xe485ce13) xori    t3, a1, -440
core   0: 3 0x8000ae14 (0xe485ce13) x28 0x4dfffe48
core   0: 0x8000ae18 (0x0a998c83) lb      s9, 169(s3)
core   0: 3 0x8000ae18 (0x0a998c83) x25 0x0000001f mem 0x80013185
core   0: 0x8000ae1c (0xf8499583) lh      a1, -124(s3)
core   0: 3 0x8000ae1c (0xf8499583) x11 0x000064df mem 0x80013060
core   0: 0x8000ae20 (0xf0998f83) lb      t6, -247(s3)
core   0: 3 0x8000ae20 (0xf0998f83) x31 0xffffffc9 mem 0x80012fe5
core   0: 0x8000ae24 (0x00000013) nop
core   0: 3 0x8000ae24 (0x00000013)
core   0: 0x8000ae28 (0x02144cb3) div     s9, s0, ra
core   0: 3 0x8000ae28 (0x02144cb3) x25 0xffffffff
core   0: 0x8000ae2c (0x07499703) lh      a4, 116(s3)
core   0: 3 0x8000ae2c (0x07499703) x14 0x000062f8 mem 0x80013150
core   0: 0x8000ae30 (0x021e52b3) divu    t0, t3, ra
core   0: 3 0x8000ae30 (0x021e52b3) x 5 0xffffffff
core   0: 0x8000ae34 (0x02e99f23) sh      a4, 62(s3)
core   0: 3 0x8000ae34 (0x02e99f23) mem 0x8001311a 0x62f8
core   0: 0x8000ae38 (0xfc398903) lb      s2, -61(s3)
core   0: 3 0x8000ae38 (0xfc398903) x18 0xfffffffe mem 0x8001309f
core   0: 0x8000ae3c (0xfcd9ce83) lbu     t4, -51(s3)
core   0: 3 0x8000ae3c (0xfcd9ce83) x29 0x00000090 mem 0x800130a9
core   0: 0x8000ae40 (0x02175f33) divu    t5, a4, ra
core   0: 3 0x8000ae40 (0x02175f33) x30 0xffffffff
core   0: 0x8000ae44 (0x00d83b33) sltu    s6, a6, a3
core   0: 3 0x8000ae44 (0x00d83b33) x22 0x00000000
core   0: 0x8000ae48 (0x02ec7a33) remu    s4, s8, a4
core   0: 3 0x8000ae48 (0x02ec7a33) x20 0x00005bd4
core   0: 0x8000ae4c (0x01bb7fb3) and     t6, s6, s11
core   0: 3 0x8000ae4c (0x01bb7fb3) x31 0x00000000
core   0: 0x8000ae50 (0x018f5333) srl     t1, t5, s8
core   0: 3 0x8000ae50 (0x018f5333) x 6 0x0fffffff
core   0: 0x8000ae54 (0x022274b3) remu    s1, tp, sp
core   0: 3 0x8000ae54 (0x022274b3) x 9 0x73200ac2
core   0: 0x8000ae58 (0x078985a3) sb      s8, 107(s3)
core   0: 3 0x8000ae58 (0x078985a3) mem 0x80013147 0xe4
core   0: 0x8000ae5c (0x02934333) div     t1, t1, s1
core   0: 3 0x8000ae5c (0x02934333) x 6 0x00000000
core   0: 0x8000ae60 (0xfd499d23) sh      s4, -38(s3)
core   0: 3 0x8000ae60 (0xfd499d23) mem 0x800130b6 0x5bd4
core   0: 0x8000ae64 (0xf4b982a3) sb      a1, -187(s3)
core   0: 3 0x8000ae64 (0xf4b982a3) mem 0x80013021 0xdf
core   0: 0x8000ae68 (0xfd7c0713) addi    a4, s8, -41
core   0: 3 0x8000ae68 (0xfd7c0713) x14 0x80029cbb
core   0: 0x8000ae6c (0x01195463) bge     s2, a7, pc + 8
core   0: 3 0x8000ae6c (0x01195463)
core   0: 0x8000ae70 (0x019731b3) sltu    gp, a4, s9
core   0: 3 0x8000ae70 (0x019731b3) x 3 0x00000001
core   0: 0x8000ae74 (0x417cd733) sra     a4, s9, s7
core   0: 3 0x8000ae74 (0x417cd733) x14 0xffffffff
core   0: 0x8000ae78 (0x3c9d68b7) lui     a7, 0x3c9d6
core   0: 3 0x8000ae78 (0x3c9d68b7) x17 0x3c9d6000
core   0: 0x8000ae7c (0x0001b9b3) sltu    s3, gp, zero
core   0: 3 0x8000ae7c (0x0001b9b3) x19 0x00000000
core   0: 0x8000ae80 (0x0071c6b3) xor     a3, gp, t2
core   0: 3 0x8000ae80 (0x0071c6b3) x13 0xfffffffe
core   0: 0x8000ae84 (0x026298b3) mulh    a7, t0, t1
core   0: 3 0x8000ae84 (0x026298b3) x17 0x00000000
core   0: 0x8000ae88 (0x030c0533) mul     a0, s8, a6
core   0: 3 0x8000ae88 (0x030c0533) x10 0x2feb9650
core   0: 0x8000ae8c (0x373a2713) slti    a4, s4, 883
core   0: 3 0x8000ae8c (0x373a2713) x14 0x00000000
core   0: 0x8000ae90 (0xf0afc213) xori    tp, t6, -246
core   0: 3 0x8000ae90 (0xf0afc213) x 4 0xffffff0a
core   0: 0x8000ae94 (0x4176d593) srai    a1, a3, 23
core   0: 3 0x8000ae94 (0x4176d593) x11 0xffffffff
core   0: 0x8000ae98 (0x03837cb3) remu    s9, t1, s8
core   0: 3 0x8000ae98 (0x03837cb3) x25 0x00000000
core   0: 0x8000ae9c (0x05884463) blt     a6, s8, pc + 72
core   0: 3 0x8000ae9c (0x05884463)
core   0: 0x8000aee4 (0x00d97263) bgeu    s2, a3, pc + 4
core   0: 3 0x8000aee4 (0x00d97263)
core   0: 0x8000aee8 (0x02fa84b3) mul     s1, s5, a5
core   0: 3 0x8000aee8 (0x02fa84b3) x 9 0x18000000
core   0: 0x8000aeec (0x01439e13) slli    t3, t2, 20
core   0: 3 0x8000aeec (0x01439e13) x28 0xfff00000
core   0: 0x8000aef0 (0x00000013) nop
core   0: 3 0x8000aef0 (0x00000013)
core   0: 0x8000aef4 (0x8ae01117) auipc   sp, 0x8ae01
core   0: 3 0x8000aef4 (0x8ae01117) x 2 0x0ae0bef4
core   0: 0x8000aef8 (0x01bd1113) slli    sp, s10, 27
core   0: 3 0x8000aef8 (0x01bd1113) x 2 0x08000000
core   0: 0x8000aefc (0x0ebd7893) andi    a7, s10, 235
core   0: 3 0x8000aefc (0x0ebd7893) x17 0x00000001
core   0: 0x8000af00 (0x027c4733) div     a4, s8, t2
core   0: 3 0x8000af00 (0x027c4733) x14 0x7ffd631c
core   0: 0x8000af04 (0x0315f1b3) remu    gp, a1, a7
core   0: 3 0x8000af04 (0x0315f1b3) x 3 0x00000000
core   0: 0x8000af08 (0x93cef513) andi    a0, t4, -1732
core   0: 3 0x8000af08 (0x93cef513) x10 0x00000010
core   0: 0x8000af0c (0x8d82b693) sltiu   a3, t0, -1832
core   0: 3 0x8000af0c (0x8d82b693) x13 0x00000000
core   0: 0x8000af10 (0x01b3d093) srli    ra, t2, 27
core   0: 3 0x8000af10 (0x01b3d093) x 1 0x0000001f
core   0: 0x8000af14 (0x018e9533) sll     a0, t4, s8
core   0: 3 0x8000af14 (0x018e9533) x10 0x00000900
core   0: 0x8000af18 (0x03b0f263) bgeu    ra, s11, pc + 36
core   0: 3 0x8000af18 (0x03b0f263)
core   0: 0x8000af1c (0x03eae663) bltu    s5, t5, pc + 44
core   0: 3 0x8000af1c (0x03eae663)
core   0: 0x8000af48 (0x40af55b3) sra     a1, t5, a0
core   0: 3 0x8000af48 (0x40af55b3) x11 0xffffffff
core   0: 0x8000af4c (0x046bc263) blt     s7, t1, pc + 68
core   0: 3 0x8000af4c (0x046bc263)
core   0: 0x8000af50 (0x02bc4263) blt     s8, a1, pc + 36
core   0: 3 0x8000af50 (0x02bc4263)
core   0: 0x8000af74 (0x00171863) bne     a4, ra, pc + 16
core   0: 3 0x8000af74 (0x00171863)
core   0: 0x8000af84 (0x415fdcb3) sra     s9, t6, s5
core   0: 3 0x8000af84 (0x415fdcb3) x25 0x00000000
core   0: 0x8000af88 (0x058f1663) bne     t5, s8, pc + 76
core   0: 3 0x8000af88 (0x058f1663)
core   0: 0x8000afd4 (0x02d6d033) divu    zero, a3, a3
core   0: 3 0x8000afd4 (0x02d6d033)
core   0: 0x8000afd8 (0x19e9a913) slti    s2, s3, 414
core   0: 3 0x8000afd8 (0x19e9a913) x18 0x00000001
core   0: 0x8000afdc (0x03f118b3) mulh    a7, sp, t6
core   0: 3 0x8000afdc (0x03f118b3) x17 0x00000000
core   0: 0x8000afe0 (0x41c60e33) sub     t3, a2, t3
core   0: 3 0x8000afe0 (0x41c60e33) x28 0x80100000
core   0: 0x8000afe4 (0x03934863) blt     t1, s9, pc + 48
core   0: 3 0x8000afe4 (0x03934863)
core   0: 0x8000afe8 (0x013d7fb3) and     t6, s10, s3
core   0: 3 0x8000afe8 (0x013d7fb3) x31 0x00000000
core   0: 0x8000afec (0x0002d663) bgez    t0, pc + 12
core   0: 3 0x8000afec (0x0002d663)
core   0: 0x8000aff0 (0x03eef263) bgeu    t4, t5, pc + 36
core   0: 3 0x8000aff0 (0x03eef263)
core   0: 0x8000aff4 (0x00a49e13) slli    t3, s1, 10
core   0: 3 0x8000aff4 (0x00a49e13) x28 0x00000000
core   0: 0x8000aff8 (0x0380fa63) bgeu    ra, s8, pc + 52
core   0: 3 0x8000aff8 (0x0380fa63)
core   0: 0x8000affc (0x03037e33) remu    t3, t1, a6
core   0: 3 0x8000affc (0x03037e33) x28 0x00000000
core   0: 0x8000b000 (0x0bd96e13) ori     t3, s2, 189
core   0: 3 0x8000b000 (0x0bd96e13) x28 0x000000bd
core   0: 0x8000b004 (0xb2050913) addi    s2, a0, -1248
core   0: 3 0x8000b004 (0xb2050913) x18 0x00000420
core   0: 0x8000b008 (0x02703cb3) mulhu   s9, zero, t2
core   0: 3 0x8000b008 (0x02703cb3) x25 0x00000000
core   0: 0x8000b00c (0x0295ca33) div     s4, a1, s1
core   0: 3 0x8000b00c (0x0295ca33) x20 0x00000000
core   0: 0x8000b010 (0x00425b93) srli    s7, tp, 4
core   0: 3 0x8000b010 (0x00425b93) x23 0x0ffffff0
core   0: 0x8000b014 (0xc578f293) andi    t0, a7, -937
core   0: 3 0x8000b014 (0xc578f293) x 5 0x00000000
core   0: 0x8000b018 (0x0021b133) sltu    sp, gp, sp
core   0: 3 0x8000b018 (0x0021b133) x 2 0x00000001
core   0: 0x8000b01c (0x03b777b3) remu    a5, a4, s11
core   0: 3 0x8000b01c (0x03b777b3) x15 0x7ffd631c
core   0: 0x8000b020 (0x02796a33) rem     s4, s2, t2
core   0: 3 0x8000b020 (0x02796a33) x20 0x00000000
core   0: 0x8000b024 (0x008796b3) sll     a3, a5, s0
core   0: 3 0x8000b024 (0x008796b3) x13 0xffd631c0
core   0: 0x8000b028 (0x03c2a233) mulhsu  tp, t0, t3
core   0: 3 0x8000b028 (0x03c2a233) x 4 0x00000000
core   0: 0x8000b02c (0x00647333) and     t1, s0, t1
core   0: 3 0x8000b02c (0x00647333) x 6 0x00000000
core   0: 0x8000b030 (0xade30413) addi    s0, t1, -1314
core   0: 3 0x8000b030 (0xade30413) x 8 0xfffffade
core   0: 0x8000b034 (0x03281133) mulh    sp, a6, s2
core   0: 3 0x8000b034 (0x03281133) x 2 0xfffffdf0
core   0: 0x8000b038 (0x020b96b3) mulh    a3, s7, zero
core   0: 3 0x8000b038 (0x020b96b3) x13 0x00000000
core   0: 0x8000b03c (0x001e18b3) sll     a7, t3, ra
core   0: 3 0x8000b03c (0x001e18b3) x17 0x80000000
core   0: 0x8000b040 (0x02a4bdb3) mulhu   s11, s1, a0
core   0: 3 0x8000b040 (0x02a4bdb3) x27 0x000000d8
core   0: 0x8000b044 (0x05a8d463) bge     a7, s10, pc + 72
core   0: 3 0x8000b044 (0x05a8d463)
core   0: 0x8000b048 (0x03d49c63) bne     s1, t4, pc + 56
core   0: 3 0x8000b048 (0x03d49c63)
core   0: 0x8000b080 (0x01dfee33) or      t3, t6, t4
core   0: 3 0x8000b080 (0x01dfee33) x28 0x00000090
core   0: 0x8000b084 (0x53227f93) andi    t6, tp, 1330
core   0: 3 0x8000b084 (0x53227f93) x31 0x00000000
core   0: 0x8000b088 (0x0318a533) mulhsu  a0, a7, a7
core   0: 3 0x8000b088 (0x0318a533) x10 0xc0000000
core   0: 0x8000b08c (0x01760263) beq     a2, s7, pc + 4
core   0: 3 0x8000b08c (0x01760263)
core   0: 0x8000b090 (0xc55e8737) lui     a4, 0xc55e8
core   0: 3 0x8000b090 (0xc55e8737) x14 0xc55e8000
core   0: 0x8000b094 (0xb4b2ca97) auipc   s5, 0xb4b2c
core   0: 3 0x8000b094 (0xb4b2ca97) x21 0x34b37094
core   0: 0x8000b098 (0x9cbc2913) slti    s2, s8, -1589
core   0: 3 0x8000b098 (0x9cbc2913) x18 0x00000001
core   0: 0x8000b09c (0x01aec263) blt     t4, s10, pc + 4
core   0: 3 0x8000b09c (0x01aec263)
core   0: 0x8000b0a0 (0x004a9f93) slli    t6, s5, 4
core   0: 3 0x8000b0a0 (0x004a9f93) x31 0x4b370940
core   0: 0x8000b0a4 (0x02505bb3) divu    s7, zero, t0
core   0: 3 0x8000b0a4 (0x02505bb3) x23 0xffffffff
core   0: 0x8000b0a8 (0xf1d60093) addi    ra, a2, -227
core   0: 3 0x8000b0a8 (0xf1d60093) x 1 0x7fffff1d
core   0: 0x8000b0ac (0x5e7c2f97) auipc   t6, 0x5e7c2
core   0: 3 0x8000b0ac (0x5e7c2f97) x31 0xde7cd0ac
core   0: 0x8000b0b0 (0x03368233) mul     tp, a3, s3
core   0: 3 0x8000b0b0 (0x03368233) x 4 0x00000000
core   0: 0x8000b0b4 (0x02b6a233) mulhsu  tp, a3, a1
core   0: 3 0x8000b0b4 (0x02b6a233) x 4 0x00000000
core   0: 0x8000b0b8 (0x02c30263) beq     t1, a2, pc + 36
core   0: 3 0x8000b0b8 (0x02c30263)
core   0: 0x8000b0bc (0x015d3b33) sltu    s6, s10, s5
core   0: 3 0x8000b0bc (0x015d3b33) x22 0x00000001
core   0: 0x8000b0c0 (0x021bcbb3) div     s7, s7, ra
core   0: 3 0x8000b0c0 (0x021bcbb3) x23 0x00000000
core   0: 0x8000b0c4 (0x03859e33) mulh    t3, a1, s8
core   0: 3 0x8000b0c4 (0x03859e33) x28 0x00000000
core   0: 0x8000b0c8 (0x00d9c463) blt     s3, a3, pc + 8
core   0: 3 0x8000b0c8 (0x00d9c463)
core   0: 0x8000b0cc (0x036b4cb3) div     s9, s6, s6
core   0: 3 0x8000b0cc (0x036b4cb3) x25 0x00000001
core   0: 0x8000b0d0 (0x00179793) slli    a5, a5, 1
core   0: 3 0x8000b0d0 (0x00179793) x15 0xfffac638
core   0: 0x8000b0d4 (0x0105c0b3) xor     ra, a1, a6
core   0: 3 0x8000b0d4 (0x0105c0b3) x 1 0x7ffda1cb
core   0: 0x8000b0d8 (0x000c9533) sll     a0, s9, zero
core   0: 3 0x8000b0d8 (0x000c9533) x10 0x00000001
core   0: 0x8000b0dc (0x009d3db3) sltu    s11, s10, s1
core   0: 3 0x8000b0dc (0x009d3db3) x27 0x00000001
core   0: 0x8000b0e0 (0x3e820913) addi    s2, tp, 1000
core   0: 3 0x8000b0e0 (0x3e820913) x18 0x000003e8
core   0: 0x8000b0e4 (0x009e17b3) sll     a5, t3, s1
core   0: 3 0x8000b0e4 (0x009e17b3) x15 0x00000000
core   0: 0x8000b0e8 (0x03d78e33) mul     t3, a5, t4
core   0: 3 0x8000b0e8 (0x03d78e33) x28 0x00000000
core   0: 0x8000b0ec (0x03f165b3) rem     a1, sp, t6
core   0: 3 0x8000b0ec (0x03f165b3) x11 0xfffffdf0
core   0: 0x8000b0f0 (0x02c503b3) mul     t2, a0, a2
core   0: 3 0x8000b0f0 (0x02c503b3) x 7 0x80000000
core   0: 0x8000b0f4 (0x9144fb13) andi    s6, s1, -1772
core   0: 3 0x8000b0f4 (0x9144fb13) x22 0x18000000
core   0: 0x8000b0f8 (0x03bdc4b3) div     s1, s11, s11
core   0: 3 0x8000b0f8 (0x03bdc4b3) x 9 0x00000001
core   0: 0x8000b0fc (0x01705b93) srli    s7, zero, 23
core   0: 3 0x8000b0fc (0x01705b93) x23 0x00000000
core   0: 0x8000b100 (0x01e16333) or      t1, sp, t5
core   0: 3 0x8000b100 (0x01e16333) x 6 0xffffffff
core   0: 0x8000b104 (0x0158da63) bge     a7, s5, pc + 20
core   0: 3 0x8000b104 (0x0158da63)
core   0: 0x8000b108 (0xa62be513) ori     a0, s7, -1438
core   0: 3 0x8000b108 (0xa62be513) x10 0xfffffa62
core   0: 0x8000b10c (0x03d6c2b3) div     t0, a3, t4
core   0: 3 0x8000b10c (0x03d6c2b3) x 5 0x00000000
core   0: 0x8000b110 (0x03189463) bne     a7, a7, pc + 40
core   0: 3 0x8000b110 (0x03189463)
core   0: 0x8000b114 (0x02ca5533) divu    a0, s4, a2
core   0: 3 0x8000b114 (0x02ca5533) x10 0x00000000
core   0: 0x8000b118 (0x00000013) nop
core   0: 3 0x8000b118 (0x00000013)
core   0: 0x8000b11c (0x033a8e33) mul     t3, s5, s3
core   0: 3 0x8000b11c (0x033a8e33) x28 0x00000000
core   0: 0x8000b120 (0x024e1b33) mulh    s6, t3, tp
core   0: 3 0x8000b120 (0x024e1b33) x22 0x00000000
core   0: 0x8000b124 (0x016be863) bltu    s7, s6, pc + 16
core   0: 3 0x8000b124 (0x016be863)
core   0: 0x8000b128 (0x033683b3) mul     t2, a3, s3
core   0: 3 0x8000b128 (0x033683b3) x 7 0x00000000
core   0: 0x8000b12c (0x011a1593) slli    a1, s4, 17
core   0: 3 0x8000b12c (0x011a1593) x11 0x00000000
core   0: 0x8000b130 (0x0344cd33) div     s10, s1, s4
core   0: 3 0x8000b130 (0x0344cd33) x26 0xffffffff
core   0: 0x8000b134 (0x00000013) nop
core   0: 3 0x8000b134 (0x00000013)
core   0: 0x8000b138 (0x04e1e663) bltu    gp, a4, pc + 76
core   0: 3 0x8000b138 (0x04e1e663)
core   0: 0x8000b184 (0x9f564713) xori    a4, a2, -1547
core   0: 3 0x8000b184 (0x9f564713) x14 0x7ffff9f5
core   0: 0x8000b188 (0x3acb4293) xori    t0, s6, 940
core   0: 3 0x8000b188 (0x3acb4293) x 5 0x000003ac
core   0: 0x8000b18c (0x313e9137) lui     sp, 0x313e9
core   0: 3 0x8000b18c (0x313e9137) x 2 0x313e9000
core   0: 0x8000b190 (0x80e8ca93) xori    s5, a7, -2034
core   0: 3 0x8000b190 (0x80e8ca93) x21 0x7ffff80e
core   0: 0x8000b194 (0x6395e193) ori     gp, a1, 1593
core   0: 3 0x8000b194 (0x6395e193) x 3 0x00000639
core   0: 0x8000b198 (0x00000013) nop
core   0: 3 0x8000b198 (0x00000013)
core   0: 0x8000b19c (0x031fd3b3) divu    t2, t6, a7
core   0: 3 0x8000b19c (0x031fd3b3) x 7 0x00000001
core   0: 0x8000b1a0 (0xcb118797) auipc   a5, 0xcb118
core   0: 3 0x8000b1a0 (0xcb118797) x15 0x4b1231a0
core   0: 0x8000b1a4 (0x00caf433) and     s0, s5, a2
core   0: 3 0x8000b1a4 (0x00caf433) x 8 0x00000000
core   0: 0x8000b1a8 (0x027f7933) remu    s2, t5, t2
core   0: 3 0x8000b1a8 (0x027f7933) x18 0x00000000
core   0: 0x8000b1ac (0x0243dfb3) divu    t6, t2, tp
core   0: 3 0x8000b1ac (0x0243dfb3) x31 0xffffffff
core   0: 0x8000b1b0 (0x01dede93) srli    t4, t4, 29
core   0: 3 0x8000b1b0 (0x01dede93) x29 0x00000000
core   0: 0x8000b1b4 (0x007358b3) srl     a7, t1, t2
core   0: 3 0x8000b1b4 (0x007358b3) x17 0x7fffffff
core   0: 0x8000b1b8 (0x007d1913) slli    s2, s10, 7
core   0: 3 0x8000b1b8 (0x007d1913) x18 0xffffff80
core   0: 0x8000b1bc (0x0332e4b3) rem     s1, t0, s3
core   0: 3 0x8000b1bc (0x0332e4b3) x 9 0x000003ac
core   0: 0x8000b1c0 (0x02e21433) mulh    s0, tp, a4
core   0: 3 0x8000b1c0 (0x02e21433) x 8 0x00000000
core   0: 0x8000b1c4 (0x034e5463) bge     t3, s4, pc + 40
core   0: 3 0x8000b1c4 (0x034e5463)
core   0: 0x8000b1ec (0x0141e863) bltu    gp, s4, pc + 16
core   0: 3 0x8000b1ec (0x0141e863)
core   0: 0x8000b1f0 (0x40b08933) sub     s2, ra, a1
core   0: 3 0x8000b1f0 (0x40b08933) x18 0x7ffda1cb
core   0: 0x8000b1f4 (0x220a4c93) xori    s9, s4, 544
core   0: 3 0x8000b1f4 (0x220a4c93) x25 0x00000220
core   0: 0x8000b1f8 (0x04699263) bne     s3, t1, pc + 68
core   0: 3 0x8000b1f8 (0x04699263)
core   0: 0x8000b23c (0x01688463) beq     a7, s6, pc + 8
core   0: 3 0x8000b23c (0x01688463)
core   0: 0x8000b240 (0x01458663) beq     a1, s4, pc + 12
core   0: 3 0x8000b240 (0x01458663)
core   0: 0x8000b24c (0x03ee2f33) mulhsu  t5, t3, t5
core   0: 3 0x8000b24c (0x03ee2f33) x30 0x00000000
core   0: 0x8000b250 (0x875ef597) auipc   a1, 0x875ef
core   0: 3 0x8000b250 (0x875ef597) x11 0x075fa250
core   0: 0x8000b254 (0x023f1ab3) mulh    s5, t5, gp
core   0: 3 0x8000b254 (0x023f1ab3) x21 0x00000000
core   0: 0x8000b258 (0x017dd113) srli    sp, s11, 23
core   0: 3 0x8000b258 (0x017dd113) x 2 0x00000000
core   0: 0x8000b25c (0x00acb6b3) sltu    a3, s9, a0
core   0: 3 0x8000b25c (0x00acb6b3) x13 0x00000000
core   0: 0x8000b260 (0x00bc1b33) sll     s6, s8, a1
core   0: 3 0x8000b260 (0x00bc1b33) x22 0x9ce40000
core   0: 0x8000b264 (0x011401b3) add     gp, s0, a7
core   0: 3 0x8000b264 (0x011401b3) x 3 0x7fffffff
core   0: 0x8000b268 (0x01d30ab3) add     s5, t1, t4
core   0: 3 0x8000b268 (0x01d30ab3) x21 0xffffffff
core   0: 0x8000b26c (0x00000013) nop
core   0: 3 0x8000b26c (0x00000013)
core   0: 0x8000b270 (0x03cf4133) div     sp, t5, t3
core   0: 3 0x8000b270 (0x03cf4133) x 2 0xffffffff
core   0: 0x8000b274 (0x02642fb3) mulhsu  t6, s0, t1
core   0: 3 0x8000b274 (0x02642fb3) x31 0x00000000
core   0: 0x8000b278 (0xf759aab7) lui     s5, 0xf759a
core   0: 3 0x8000b278 (0xf759aab7) x21 0xf759a000
core   0: 0x8000b27c (0x009a9d13) slli    s10, s5, 9
core   0: 3 0x8000b27c (0x009a9d13) x26 0xb3400000
core   0: 0x8000b280 (0x41035933) sra     s2, t1, a6
core   0: 3 0x8000b280 (0x41035933) x18 0xffffffff
core   0: 0x8000b284 (0x035afcb3) remu    s9, s5, s5
core   0: 3 0x8000b284 (0x035afcb3) x25 0x00000000
core   0: 0x8000b288 (0x01fe8263) beq     t4, t6, pc + 4
core   0: 3 0x8000b288 (0x01fe8263)
core   0: 0x8000b28c (0xe70ea393) slti    t2, t4, -400
core   0: 3 0x8000b28c (0xe70ea393) x 7 0x00000000
core   0: 0x8000b290 (0x4147d513) srai    a0, a5, 20
core   0: 3 0x8000b290 (0x4147d513) x10 0x000004b1
core   0: 0x8000b294 (0xf1608913) addi    s2, ra, -234
core   0: 3 0x8000b294 (0xf1608913) x18 0x7ffda0e1
core   0: 0x8000b298 (0x033b94b3) mulh    s1, s7, s3
core   0: 3 0x8000b298 (0x033b94b3) x 9 0x00000000
core   0: 0x8000b29c (0x6f97ef93) ori     t6, a5, 1785
core   0: 3 0x8000b29c (0x6f97ef93) x31 0x4b1237f9
core   0: 0x8000b2a0 (0x03879033) mulh    zero, a5, s8
core   0: 3 0x8000b2a0 (0x03879033)
core   0: 0x8000b2a4 (0x2f708093) addi    ra, ra, 759
core   0: 3 0x8000b2a4 (0x2f708093) x 1 0x7ffda4c2
core   0: 0x8000b2a8 (0x003d4cb3) xor     s9, s10, gp
core   0: 3 0x8000b2a8 (0x003d4cb3) x25 0xccbfffff
core   0: 0x8000b2ac (0x011d83b3) add     t2, s11, a7
core   0: 3 0x8000b2ac (0x011d83b3) x 7 0x80000000
core   0: 0x8000b2b0 (0x30900a13) li      s4, 777
core   0: 3 0x8000b2b0 (0x30900a13) x20 0x00000309
core   0: 0x8000b2b4 (0x01aa9b93) slli    s7, s5, 26
core   0: 3 0x8000b2b4 (0x01aa9b93) x23 0x00000000
core   0: 0x8000b2b8 (0x8caec093) xori    ra, t4, -1846
core   0: 3 0x8000b2b8 (0x8caec093) x 1 0xfffff8ca
core   0: 0x8000b2bc (0x027609b3) mul     s3, a2, t2
core   0: 3 0x8000b2bc (0x027609b3) x19 0x00000000
core   0: 0x8000b2c0 (0x0191ea33) or      s4, gp, s9
core   0: 3 0x8000b2c0 (0x0191ea33) x20 0xffffffff
core   0: 0x8000b2c4 (0x0064ddb3) srl     s11, s1, t1
core   0: 3 0x8000b2c4 (0x0064ddb3) x27 0x00000000
core   0: 0x8000b2c8 (0x03934033) div     zero, t1, s9
core   0: 3 0x8000b2c8 (0x03934033)
core   0: 0x8000b2cc (0x02b06a63) bltu    zero, a1, pc + 52
core   0: 3 0x8000b2cc (0x02b06a63)
core   0: 0x8000b300 (0x03b35c63) bge     t1, s11, pc + 56
core   0: 3 0x8000b300 (0x03b35c63)
core   0: 0x8000b304 (0x0078edb3) or      s11, a7, t2
core   0: 3 0x8000b304 (0x0078edb3) x27 0xffffffff
core   0: 0x8000b308 (0x011ed463) bge     t4, a7, pc + 8
core   0: 3 0x8000b308 (0x011ed463)
core   0: 0x8000b30c (0x02c5d433) divu    s0, a1, a2
core   0: 3 0x8000b30c (0x02c5d433) x 8 0x00000000
core   0: 0x8000b310 (0x016f5d93) srli    s11, t5, 22
core   0: 3 0x8000b310 (0x016f5d93) x27 0x00000000
core   0: 0x8000b314 (0x00000013) nop
core   0: 3 0x8000b314 (0x00000013)
core   0: 0x8000b318 (0x02068463) beqz    a3, pc + 40
core   0: 3 0x8000b318 (0x02068463)
core   0: 0x8000b340 (0x9617b1b7) lui     gp, 0x9617b
core   0: 3 0x8000b340 (0x9617b1b7) x 3 0x9617b000
core   0: 0x8000b344 (0x0291c263) blt     gp, s1, pc + 36
core   0: 3 0x8000b344 (0x0291c263)
core   0: 0x8000b368 (0x018de433) or      s0, s11, s8
core   0: 3 0x8000b368 (0x018de433) x 8 0x80029ce4
core   0: 0x8000b36c (0x70ef0b93) addi    s7, t5, 1806
core   0: 3 0x8000b36c (0x70ef0b93) x23 0x0000070e
core   0: 0x8000b370 (0xc2eca213) slti    tp, s9, -978
core   0: 3 0x8000b370 (0xc2eca213) x 4 0x00000001
core   0: 0x8000b374 (0x01f20bb3) add     s7, tp, t6
core   0: 3 0x8000b374 (0x01f20bb3) x23 0x4b1237fa
core   0: 0x8000b378 (0x004aecb3) or      s9, s5, tp
core   0: 3 0x8000b378 (0x004aecb3) x25 0xf759a001
core   0: 0x8000b37c (0x03ed0063) beq     s10, t5, pc + 32
core   0: 3 0x8000b37c (0x03ed0063)
core   0: 0x8000b380 (0x00b70ab3) add     s5, a4, a1
core   0: 3 0x8000b380 (0x00b70ab3) x21 0x875f9c45
core   0: 0x8000b384 (0x00f11893) slli    a7, sp, 15
core   0: 3 0x8000b384 (0x00f11893) x17 0xffff8000
core   0: 0x8000b388 (0x1ba7b893) sltiu   a7, a5, 442
core   0: 3 0x8000b388 (0x1ba7b893) x17 0x00000000
core   0: 0x8000b38c (0x0096c5b3) xor     a1, a3, s1
core   0: 3 0x8000b38c (0x0096c5b3) x11 0x00000000
core   0: 0x8000b390 (0x03f1ea33) rem     s4, gp, t6
core   0: 3 0x8000b390 (0x03f1ea33) x20 0xe129e7f9
core   0: 0x8000b394 (0x0140b5b3) sltu    a1, ra, s4
core   0: 3 0x8000b394 (0x0140b5b3) x11 0x00000000
core   0: 0x8000b398 (0x00c373b3) and     t2, t1, a2
core   0: 3 0x8000b398 (0x00c373b3) x 7 0x80000000
core   0: 0x8000b39c (0x75801bef) jal     s7, pc + 0x1758
core   0: 3 0x8000b39c (0x75801bef) x23 0x8000b3a0
core   0: 0x8000caf4 (0xfcc80813) addi    a6, a6, -52
core   0: 3 0x8000caf4 (0xfcc80813) x16 0x80025e00
core   0: 0x8000caf8 (0x00969f33) sll     t5, a3, s1
core   0: 3 0x8000caf8 (0x00969f33) x30 0x00000000
core   0: 0x8000cafc (0x41af8a33) sub     s4, t6, s10
core   0: 3 0x8000cafc (0x41af8a33) x20 0x97d237f9
core   0: 0x8000cb00 (0x01782223) sw      s7, 4(a6)
core   0: 3 0x8000cb00 (0x01782223) mem 0x80025e04 0x8000b3a0
core   0: 0x8000cb04 (0x017bd133) srl     sp, s7, s7
core   0: 3 0x8000cb04 (0x017bd133) x 2 0x8000b3a0
core   0: 0x8000cb08 (0xb225b693) sltiu   a3, a1, -1246
core   0: 3 0x8000cb08 (0xb225b693) x13 0x00000001
core   0: 0x8000cb0c (0x014f1ab3) sll     s5, t5, s4
core   0: 3 0x8000cb0c (0x014f1ab3) x21 0x00000000
core   0: 0x8000cb10 (0x40225f13) srai    t5, tp, 2
core   0: 3 0x8000cb10 (0x40225f13) x30 0x00000000
core   0: 0x8000cb14 (0x0372c733) div     a4, t0, s7
core   0: 3 0x8000cb14 (0x0372c733) x14 0x00000000
core   0: 0x8000cb18 (0x01413033) sltu    zero, sp, s4
core   0: 3 0x8000cb18 (0x01413033)
core   0: 0x8000cb1c (0x06284493) xori    s1, a6, 98
core   0: 3 0x8000cb1c (0x06284493) x 9 0x80025e62
core   0: 0x8000cb20 (0x0000f517) auipc   a0, 0xf
core   0: 3 0x8000cb20 (0x0000f517) x10 0x8001bb20
core   0: 0x8000cb24 (0x66c50513) addi    a0, a0, 1644
core   0: 3 0x8000cb24 (0x66c50513) x10 0x8001c18c
core   0: 0x8000cb28 (0x00000013) nop
core   0: 3 0x8000cb28 (0x00000013)
core   0: 0x8000cb2c (0x40ddde13) srai    t3, s11, 13
core   0: 3 0x8000cb2c (0x40ddde13) x28 0x00000000
core   0: 0x8000cb30 (0x021a0e33) mul     t3, s4, ra
core   0: 3 0x8000cb30 (0x021a0e33) x28 0x3a20627a
core   0: 0x8000cb34 (0x036ca433) mulhsu  s0, s9, s6
core   0: 3 0x8000cb34 (0x036ca433) x 8 0xfab2e953
core   0: 0x8000cb38 (0x013b35b3) sltu    a1, s6, s3
core   0: 3 0x8000cb38 (0x013b35b3) x11 0x00000000
core   0: 0x8000cb3c (0x01dfd1b3) srl     gp, t6, t4
core   0: 3 0x8000cb3c (0x01dfd1b3) x 3 0x4b1237f9
core   0: 0x8000cb40 (0x032c3933) mulhu   s2, s8, s2
core   0: 3 0x8000cb40 (0x032c3933) x18 0x40001edc
core   0: 0x8000cb44 (0xe6a54a83) lbu     s5, -406(a0)
core   0: 3 0x8000cb44 (0xe6a54a83) x21 0x0000000d mem 0x8001bff6
core   0: 0x8000cb48 (0x05c50403) lb      s0, 92(a0)
core   0: 3 0x8000cb48 (0x05c50403) x 8 0xffffffab mem 0x8001c1e8
core   0: 0x8000cb4c (0x022286b3) mul     a3, t0, sp
core   0: 3 0x8000cb4c (0x022286b3) x13 0x02938f80
core   0: 0x8000cb50 (0x015df117) auipc   sp, 0x15df
core   0: 3 0x8000cb50 (0x015df117) x 2 0x815ebb50
core   0: 0x8000cb54 (0xd997b993) sltiu   s3, a5, -615
core   0: 3 0x8000cb54 (0xd997b993) x19 0x00000001
core   0: 0x8000cb58 (0x02d79ab3) mulh    s5, a5, a3
core   0: 3 0x8000cb58 (0x02d79ab3) x21 0x00c169ea
core   0: 0x8000cb5c (0x510506a3) sb      a6, 1293(a0)
core   0: 3 0x8000cb5c (0x510506a3) mem 0x8001c699 0x0
core   0: 0x8000cb60 (0x35b54083) lbu     ra, 859(a0)
core   0: 3 0x8000cb60 (0x35b54083) x 1 0x000000c1 mem 0x8001c4e7
core   0: 0x8000cb64 (0xad450523) sb      s4, -1334(a0)
core   0: 3 0x8000cb64 (0xad450523) mem 0x8001bc56 0xf9
core   0: 0x8000cb68 (0xff852223) sw      s8, -28(a0)
core   0: 3 0x8000cb68 (0xff852223) mem 0x8001c170 0x80029ce4
core   0: 0x8000cb6c (0x026a42b3) div     t0, s4, t1
core   0: 3 0x8000cb6c (0x026a42b3) x 5 0x682dc807
core   0: 0x8000cb70 (0x57250da3) sb      s2, 1403(a0)
core   0: 3 0x8000cb70 (0x57250da3) mem 0x8001c707 0xdc
core   0: 0x8000cb74 (0xb4750b83) lb      s7, -1209(a0)
core   0: 3 0x8000cb74 (0xb4750b83) x23 0x00000009 mem 0x8001bcd3
core   0: 0x8000cb78 (0xb2950523) sb      s1, -1238(a0)
core   0: 3 0x8000cb78 (0xb2950523) mem 0x8001bcb6 0x62
core   0: 0x8000cb7c (0x34254b83) lbu     s7, 834(a0)
core   0: 3 0x8000cb7c (0x34254b83) x23 0x0000004f mem 0x8001c4ce
core   0: 0x8000cb80 (0x5a852103) lw      sp, 1448(a0)
core   0: 3 0x8000cb80 (0x5a852103) x 2 0xbba01030 mem 0x8001c734
core   0: 0x8000cb84 (0x00a509a3) sb      a0, 19(a0)
core   0: 3 0x8000cb84 (0x00a509a3) mem 0x8001c19f 0x8c
core   0: 0x8000cb88 (0x05450923) sb      s4, 82(a0)
core   0: 3 0x8000cb88 (0x05450923) mem 0x8001c1de 0xf9
core   0: 0x8000cb8c (0x417d55b3) sra     a1, s10, s7
core   0: 3 0x8000cb8c (0x417d55b3) x11 0xffff6680
core   0: 0x8000cb90 (0x028ffcb3) remu    s9, t6, s0
core   0: 3 0x8000cb90 (0x028ffcb3) x25 0x4b1237f9
core   0: 0x8000cb94 (0x69855883) lhu     a7, 1688(a0)
core   0: 3 0x8000cb94 (0x69855883) x17 0x00006459 mem 0x8001c824
core   0: 0x8000cb98 (0x8d050a23) sb      a6, -1836(a0)
core   0: 3 0x8000cb98 (0x8d050a23) mem 0x8001ba60 0x0
core   0: 0x8000cb9c (0x00000013) nop
core   0: 3 0x8000cb9c (0x00000013)
core   0: 0x8000cba0 (0x039ab8b3) mulhu   a7, s5, s9
core   0: 3 0x8000cba0 (0x039ab8b3) x17 0x0038b7cb
core   0: 0x8000cba4 (0x17512013) slti    zero, sp, 373
core   0: 3 0x8000cba4 (0x17512013)
core   0: 0x8000cba8 (0x8d450723) sb      s4, -1842(a0)
core   0: 3 0x8000cba8 (0x8d450723) mem 0x8001ba5a 0xf9
core   0: 0x8000cbac (0xbe76e017) auipc   zero, 0xbe76e
core   0: 3 0x8000cbac (0xbe76e017)
core   0: 0x8000cbb0 (0xe7154383) lbu     t2, -399(a0)
core   0: 3 0x8000cbb0 (0xe7154383) x 7 0x00000026 mem 0x8001bffd
core   0: 0x8000cbb4 (0x00045c93) srli    s9, s0, 0
core   0: 3 0x8000cbb4 (0x00045c93) x25 0xffffffab
core   0: 0x8000cbb8 (0x018c27b3) slt     a5, s8, s8
core   0: 3 0x8000cbb8 (0x018c27b3) x15 0x00000000
core   0: 0x8000cbbc (0xec664893) xori    a7, a2, -314
core   0: 3 0x8000cbbc (0xec664893) x17 0x7ffffec6
core   0: 0x8000cbc0 (0xad050d83) lb      s11, -1328(a0)
core   0: 3 0x8000cbc0 (0xad050d83) x27 0x0000004a mem 0x8001bc5c
core   0: 0x8000cbc4 (0x0f854703) lbu     a4, 248(a0)
core   0: 3 0x8000cbc4 (0x0f854703) x14 0x000000cc mem 0x8001c284
core   0: 0x8000cbc8 (0x00000013) nop
core   0: 3 0x8000cbc8 (0x00000013)
core   0: 0x8000cbcc (0x00000013) nop
core   0: 3 0x8000cbcc (0x00000013)
core   0: 0x8000cbd0 (0x021ce933) rem     s2, s9, ra
core   0: 3 0x8000cbd0 (0x021ce933) x18 0xffffffab
core   0: 0x8000cbd4 (0x008a49b3) xor     s3, s4, s0
core   0: 3 0x8000cbd4 (0x008a49b3) x19 0x682dc852
core   0: 0x8000cbd8 (0x44b50e03) lb      t3, 1099(a0)
core   0: 3 0x8000cbd8 (0x44b50e03) x28 0x00000055 mem 0x8001c5d7
core   0: 0x8000cbdc (0xcc150c83) lb      s9, -831(a0)
core   0: 3 0x8000cbdc (0xcc150c83) x25 0xffffffe8 mem 0x8001be4d
core   0: 0x8000cbe0 (0x73f54403) lbu     s0, 1855(a0)
core   0: 3 0x8000cbe0 (0x73f54403) x 8 0x000000e7 mem 0x8001c8cb
core   0: 0x8000cbe4 (0x0188ba33) sltu    s4, a7, s8
core   0: 3 0x8000cbe4 (0x0188ba33) x20 0x00000001
core   0: 0x8000cbe8 (0xbca55883) lhu     a7, -1078(a0)
core   0: 3 0x8000cbe8 (0xbca55883) x17 0x000033b8 mem 0x8001bd56
core   0: 0x8000cbec (0x22fe6593) ori     a1, t3, 559
core   0: 3 0x8000cbec (0x22fe6593) x11 0x0000027f
core   0: 0x8000cbf0 (0x02472033) mulhsu  zero, a4, tp
core   0: 3 0x8000cbf0 (0x02472033)
core   0: 0x8000cbf4 (0x28a51d03) lh      s10, 650(a0)
core   0: 3 0x8000cbf4 (0x28a51d03) x26 0xffffa46b mem 0x8001c416
core   0: 0x8000cbf8 (0xf7a55d03) lhu     s10, -134(a0)
core   0: 3 0x8000cbf8 (0xf7a55d03) x26 0x00003c34 mem 0x8001c106
core   0: 0x8000cbfc (0xcd051703) lh      a4, -816(a0)
core   0: 3 0x8000cbfc (0xcd051703) x14 0xffffdf7a mem 0x8001be5c
core   0: 0x8000cc00 (0x21c55a03) lhu     s4, 540(a0)
core   0: 3 0x8000cc00 (0x21c55a03) x20 0x00001528 mem 0x8001c3a8
core   0: 0x8000cc04 (0x03a035b3) mulhu   a1, zero, s10
core   0: 3 0x8000cc04 (0x03a035b3) x11 0x00000000
core   0: 0x8000cc08 (0x01e452b3) srl     t0, s0, t5
core   0: 3 0x8000cc08 (0x01e452b3) x 5 0x000000e7
core   0: 0x8000cc0c (0x0387e433) rem     s0, a5, s8
core   0: 3 0x8000cc0c (0x0387e433) x 8 0x00000000
core   0: 0x8000cc10 (0x01ea93b3) sll     t2, s5, t5
core   0: 3 0x8000cc10 (0x01ea93b3) x 7 0x00c169ea
core   0: 0x8000cc14 (0x025c6333) rem     t1, s8, t0
core   0: 3 0x8000cc14 (0x025c6333) x 6 0xffffff58
core   0: 0x8000cc18 (0x01d662b3) or      t0, a2, t4
core   0: 3 0x8000cc18 (0x01d662b3) x 5 0x80000000
core   0: 0x8000cc1c (0xe6217e13) andi    t3, sp, -414
core   0: 3 0x8000cc1c (0xe6217e13) x28 0xbba01020
core   0: 0x8000cc20 (0x582a7693) andi    a3, s4, 1410
core   0: 3 0x8000cc20 (0x582a7693) x13 0x00000500
core   0: 0x8000cc24 (0x413e57b3) sra     a5, t3, s3
core   0: 3 0x8000cc24 (0x413e57b3) x15 0xffffeee8
core   0: 0x8000cc28 (0x00e24263) blt     tp, a4, pc + 4
core   0: 3 0x8000cc28 (0x00e24263)
core   0: 0x8000cc2c (0x022c7333) remu    t1, s8, sp
core   0: 3 0x8000cc2c (0x022c7333) x 6 0x80029ce4
core   0: 0x8000cc30 (0x0225d8b3) divu    a7, a1, sp
core   0: 3 0x8000cc30 (0x0225d8b3) x17 0x00000000
core   0: 0x8000cc34 (0x013977b3) and     a5, s2, s3
core   0: 3 0x8000cc34 (0x013977b3) x15 0x682dc802
core   0: 0x8000cc38 (0x91a32a97) auipc   s5, 0x91a32
core   0: 3 0x8000cc38 (0x91a32a97) x21 0x11a3ec38
core   0: 0x8000cc3c (0x01783a33) sltu    s4, a6, s7
core   0: 3 0x8000cc3c (0x01783a33) x20 0x00000000
core   0: 0x8000cc40 (0x00f03533) snez    a0, a5
core   0: 3 0x8000cc40 (0x00f03533) x10 0x00000001
core   0: 0x8000cc44 (0x4d046413) ori     s0, s0, 1232
core   0: 3 0x8000cc44 (0x4d046413) x 8 0x000004d0
core   0: 0x8000cc48 (0x9d392893) slti    a7, s2, -1581
core   0: 3 0x8000cc48 (0x9d392893) x17 0x00000000
core   0: 0x8000cc4c (0x41825b93) srai    s7, tp, 24
core   0: 3 0x8000cc4c (0x41825b93) x23 0x00000000
core   0: 0x8000cc50 (0x8f5d2b97) auipc   s7, 0x8f5d2
core   0: 3 0x8000cc50 (0x8f5d2b97) x23 0x0f5dec50
core   0: 0x8000cc54 (0x034fc063) blt     t6, s4, pc + 32
core   0: 3 0x8000cc54 (0x034fc063)
core   0: 0x8000cc58 (0x7fae4113) xori    sp, t3, 2042
core   0: 3 0x8000cc58 (0x7fae4113) x 2 0xbba017da
core   0: 0x8000cc5c (0x00000013) nop
core   0: 3 0x8000cc5c (0x00000013)
core   0: 0x8000cc60 (0x01f91f13) slli    t5, s2, 31
core   0: 3 0x8000cc60 (0x01f91f13) x30 0x80000000
core   0: 0x8000cc64 (0x2d287693) andi    a3, a6, 722
core   0: 3 0x8000cc64 (0x2d287693) x13 0x00000200
core   0: 0x8000cc68 (0xea50fd17) auipc   s10, 0xea50f
core   0: 3 0x8000cc68 (0xea50fd17) x26 0x6a51bc68
core   0: 0x8000cc6c (0x0118a333) slt     t1, a7, a7
core   0: 3 0x8000cc6c (0x0118a333) x 6 0x00000000
core   0: 0x8000cc70 (0x41ea5793) srai    a5, s4, 30
core   0: 3 0x8000cc70 (0x41ea5793) x15 0x00000000
core   0: 0x8000cc74 (0x40815f93) srai    t6, sp, 8
core   0: 3 0x8000cc74 (0x40815f93) x31 0xffbba017
core   0: 0x8000cc78 (0xfeebba93) sltiu   s5, s7, -18
core   0: 3 0x8000cc78 (0xfeebba93) x21 0x00000001
core   0: 0x8000cc7c (0x407a8f33) sub     t5, s5, t2
core   0: 3 0x8000cc7c (0x407a8f33) x30 0xff3e9617
core   0: 0x8000cc80 (0x41d3de33) sra     t3, t2, t4
core   0: 3 0x8000cc80 (0x41d3de33) x28 0x00c169ea
core   0: 0x8000cc84 (0x03f9a733) mulhsu  a4, s3, t6
core   0: 3 0x8000cc84 (0x03f9a733) x14 0x6811f520
core   0: 0x8000cc88 (0x054a9263) bne     s5, s4, pc + 68
core   0: 3 0x8000cc88 (0x054a9263)
core   0: 0x8000cccc (0x014f7c63) bgeu    t5, s4, pc + 24
core   0: 3 0x8000cccc (0x014f7c63)
core   0: 0x8000cce4 (0x0593d263) bge     t2, s9, pc + 68
core   0: 3 0x8000cce4 (0x0593d263)
core   0: 0x8000cd28 (0x4703aa93) slti    s5, t2, 1136
core   0: 3 0x8000cd28 (0x4703aa93) x21 0x00000000
core   0: 0x8000cd2c (0x03811f33) mulh    t5, sp, s8
core   0: 3 0x8000cd2c (0x03811f33) x30 0x222f416b
core   0: 0x8000cd30 (0x0302b033) mulhu   zero, t0, a6
core   0: 3 0x8000cd30 (0x0302b033)
core   0: 0x8000cd34 (0x032d4533) div     a0, s10, s2
core   0: 3 0x8000cd34 (0x032d4533) x10 0xfebfca96
core   0: 0x8000cd38 (0x0359e333) rem     t1, s3, s5
core   0: 3 0x8000cd38 (0x0359e333) x 6 0x682dc852
core   0: 0x8000cd3c (0x01bf4033) xor     zero, t5, s11
core   0: 3 0x8000cd3c (0x01bf4033)
core   0: 0x8000cd40 (0x40105413) srai    s0, zero, 1
core   0: 3 0x8000cd40 (0x40105413) x 8 0x00000000
core   0: 0x8000cd44 (0x4e216693) ori     a3, sp, 1250
core   0: 3 0x8000cd44 (0x4e216693) x13 0xbba017fa
core   0: 0x8000cd48 (0x031a58b3) divu    a7, s4, a7
core   0: 3 0x8000cd48 (0x031a58b3) x17 0xffffffff
core   0: 0x8000cd4c (0x00000013) nop
core   0: 3 0x8000cd4c (0x00000013)
core   0: 0x8000cd50 (0x010c2ab3) slt     s5, s8, a6
core   0: 3 0x8000cd50 (0x010c2ab3) x21 0x00000000
core   0: 0x8000cd54 (0x003dd733) srl     a4, s11, gp
core   0: 3 0x8000cd54 (0x003dd733) x14 0x00000000
core   0: 0x8000cd58 (0x035722b3) mulhsu  t0, a4, s5
core   0: 3 0x8000cd58 (0x035722b3) x 5 0x00000000
core   0: 0x8000cd5c (0x03f432b3) mulhu   t0, s0, t6
core   0: 3 0x8000cd5c (0x03f432b3) x 5 0x00000000
core   0: 0x8000cd60 (0x03e59433) mulh    s0, a1, t5
core   0: 3 0x8000cd60 (0x03e59433) x 8 0x00000000
core   0: 0x8000cd64 (0x00127733) and     a4, tp, ra
core   0: 3 0x8000cd64 (0x00127733) x14 0x00000001
core   0: 0x8000cd68 (0x02c509b3) mul     s3, a0, a2
core   0: 3 0x8000cd68 (0x02c509b3) x19 0x00000000
core   0: 0x8000cd6c (0x006c5893) srli    a7, s8, 6
core   0: 3 0x8000cd6c (0x006c5893) x17 0x02000a73
core   0: 0x8000cd70 (0x0055ea63) bltu    a1, t0, pc + 20
core   0: 3 0x8000cd70 (0x0055ea63)
core   0: 0x8000cd74 (0xa1d8fd13) andi    s10, a7, -1507
core   0: 3 0x8000cd74 (0xa1d8fd13) x26 0x02000a11
core   0: 0x8000cd78 (0x000bee63) bltu    s7, zero, pc + 28
core   0: 3 0x8000cd78 (0x000bee63)
core   0: 0x8000cd7c (0x00be9693) slli    a3, t4, 11
core   0: 3 0x8000cd7c (0x00be9693) x13 0x00000000
core   0: 0x8000cd80 (0x41478f33) sub     t5, a5, s4
core   0: 3 0x8000cd80 (0x41478f33) x30 0x00000000
core   0: 0x8000cd84 (0x012f5463) bge     t5, s2, pc + 8
core   0: 3 0x8000cd84 (0x012f5463)
core   0: 0x8000cd8c (0x0029b133) sltu    sp, s3, sp
core   0: 3 0x8000cd8c (0x0029b133) x 2 0x00000001
core   0: 0x8000cd90 (0xbecb4413) xori    s0, s6, -1044
core   0: 3 0x8000cd90 (0xbecb4413) x 8 0x631bfbec
core   0: 0x8000cd94 (0x000d4e33) xor     t3, s10, zero
core   0: 3 0x8000cd94 (0x000d4e33) x28 0x02000a11
core   0: 0x8000cd98 (0x001bc463) blt     s7, ra, pc + 8
core   0: 3 0x8000cd98 (0x001bc463)
core   0: 0x8000cd9c (0x38900e13) li      t3, 905
core   0: 3 0x8000cd9c (0x38900e13) x28 0x00000389
core   0: 0x8000cda0 (0x01917133) and     sp, sp, s9
core   0: 3 0x8000cda0 (0x01917133) x 2 0x00000000
core   0: 0x8000cda4 (0x01a75bb3) srl     s7, a4, s10
core   0: 3 0x8000cda4 (0x01a75bb3) x23 0x00000000
core   0: 0x8000cda8 (0x03316063) bltu    sp, s3, pc + 32
core   0: 3 0x8000cda8 (0x03316063)
core   0: 0x8000cdac (0x003fb2b3) sltu    t0, t6, gp
core   0: 3 0x8000cdac (0x003fb2b3) x 5 0x00000000
core   0: 0x8000cdb0 (0x030ce1b3) rem     gp, s9, a6
core   0: 3 0x8000cdb0 (0x030ce1b3) x 3 0xffffffe8
core   0: 0x8000cdb4 (0x412884b3) sub     s1, a7, s2
core   0: 3 0x8000cdb4 (0x412884b3) x 9 0x02000ac8
core   0: 0x8000cdb8 (0x01d581b3) add     gp, a1, t4
core   0: 3 0x8000cdb8 (0x01d581b3) x 3 0x00000000
core   0: 0x8000cdbc (0x03ca6663) bltu    s4, t3, pc + 44
core   0: 3 0x8000cdbc (0x03ca6663)
core   0: 0x8000cde8 (0x03d55eb3) divu    t4, a0, t4
core   0: 3 0x8000cde8 (0x03d55eb3) x29 0xffffffff
core   0: 0x8000cdec (0x013678b3) and     a7, a2, s3
core   0: 3 0x8000cdec (0x013678b3) x17 0x00000000
core   0: 0x8000cdf0 (0x41e58433) sub     s0, a1, t5
core   0: 3 0x8000cdf0 (0x41e58433) x 8 0x00000000
core   0: 0x8000cdf4 (0x04eef463) bgeu    t4, a4, pc + 72
core   0: 3 0x8000cdf4 (0x04eef463)
core   0: 0x8000ce3c (0xf5db7493) andi    s1, s6, -163
core   0: 3 0x8000ce3c (0xf5db7493) x 9 0x9ce40000
core   0: 0x8000ce40 (0x00000013) nop
core   0: 3 0x8000ce40 (0x00000013)
core   0: 0x8000ce44 (0x00abc033) xor     zero, s7, a0
core   0: 3 0x8000ce44 (0x00abc033)
core   0: 0x8000ce48 (0x024000b3) mul     ra, zero, tp
core   0: 3 0x8000ce48 (0x024000b3) x 1 0x00000000
core   0: 0x8000ce4c (0x013789b3) add     s3, a5, s3
core   0: 3 0x8000ce4c (0x013789b3) x19 0x00000000
core   0: 0x8000ce50 (0x00da9093) slli    ra, s5, 13
core   0: 3 0x8000ce50 (0x00da9093) x 1 0x00000000
core   0: 0x8000ce54 (0x026c2bb3) mulhsu  s7, s8, t1
core   0: 3 0x8000ce54 (0x026c2bb3) x23 0xcbea2c0b
core   0: 0x8000ce58 (0x0156f463) bgeu    a3, s5, pc + 8
core   0: 3 0x8000ce58 (0x0156f463)
core   0: 0x8000ce60 (0x01c1cf33) xor     t5, gp, t3
core   0: 3 0x8000ce60 (0x01c1cf33) x30 0x00000389
core   0: 0x8000ce64 (0x00482b83) lw      s7, 4(a6)
core   0: 3 0x8000ce64 (0x00482b83) x23 0x8000b3a0 mem 0x80025e04
core   0: 0x8000ce68 (0x8e1fc793) xori    a5, t6, -1823
core   0: 3 0x8000ce68 (0x8e1fc793) x15 0x004458f6
core   0: 0x8000ce6c (0x026cdf33) divu    t5, s9, t1
core   0: 3 0x8000ce6c (0x026cdf33) x30 0x00000002
core   0: 0x8000ce70 (0x03480813) addi    a6, a6, 52
core   0: 3 0x8000ce70 (0x03480813) x16 0x80025e34
core   0: 0x8000ce74 (0x02bb4933) div     s2, s6, a1
core   0: 3 0x8000ce74 (0x02bb4933) x18 0xffffffff
core   0: 0x8000ce78 (0x00f10933) add     s2, sp, a5
core   0: 3 0x8000ce78 (0x00f10933) x18 0x004458f6
core   0: 0x8000ce7c (0x01781993) slli    s3, a6, 23
core   0: 3 0x8000ce7c (0x01781993) x19 0x1a000000
core   0: 0x8000ce80 (0x013a6a33) or      s4, s4, s3
core   0: 3 0x8000ce80 (0x013a6a33) x20 0x1a000000
core   0: 0x8000ce84 (0x000b8d93) mv      s11, s7
core   0: 3 0x8000ce84 (0x000b8d93) x27 0x8000b3a0
core   0: 0x8000ce88 (0x000d8de7) jalr    s11, s11, 0
core   0: 3 0x8000ce88 (0x000d8de7) x27 0x8000ce8c
core   0: 0x8000b3a0 (0x00000013) nop
core   0: 3 0x8000b3a0 (0x00000013)
core   0: 0x8000b3a4 (0xca687713) andi    a4, a6, -858
core   0: 3 0x8000b3a4 (0xca687713) x14 0x80025c24
core   0: 0x8000b3a8 (0xbf46ad13) slti    s10, a3, -1036
core   0: 3 0x8000b3a8 (0xbf46ad13) x26 0x00000000
core   0: 0x8000b3ac (0x00f93433) sltu    s0, s2, a5
core   0: 3 0x8000b3ac (0x00f93433) x 8 0x00000000
core   0: 0x8000b3b0 (0x02b1a333) mulhsu  t1, gp, a1
core   0: 3 0x8000b3b0 (0x02b1a333) x 6 0x00000000
core   0: 0x8000b3b4 (0x5a218f93) addi    t6, gp, 1442
core   0: 3 0x8000b3b4 (0x5a218f93) x31 0x000005a2
core   0: 0x8000b3b8 (0x039f2333) mulhsu  t1, t5, s9
core   0: 3 0x8000b3b8 (0x039f2333) x 6 0x00000001
core   0: 0x8000b3bc (0x03801233) mulh    tp, zero, s8
core   0: 3 0x8000b3bc (0x03801233) x 4 0x00000000
core   0: 0x8000b3c0 (0x025b4b33) div     s6, s6, t0
core   0: 3 0x8000b3c0 (0x025b4b33) x22 0xffffffff
core   0: 0x8000b3c4 (0x02df45b3) div     a1, t5, a3
core   0: 3 0x8000b3c4 (0x02df45b3) x11 0xffffffff
core   0: 0x8000b3c8 (0xcdc82d93) slti    s11, a6, -804
core   0: 3 0x8000b3c8 (0xcdc82d93) x27 0x00000001
core   0: 0x8000b3cc (0x03384033) div     zero, a6, s3
core   0: 3 0x8000b3cc (0x03384033)
core   0: 0x8000b3d0 (0x001577b3) and     a5, a0, ra
core   0: 3 0x8000b3d0 (0x001577b3) x15 0x00000000
core   0: 0x8000b3d4 (0x015247b3) xor     a5, tp, s5
core   0: 3 0x8000b3d4 (0x015247b3) x15 0x00000000
core   0: 0x8000b3d8 (0x05799463) bne     s3, s7, pc + 72
core   0: 3 0x8000b3d8 (0x05799463)
core   0: 0x8000b420 (0x007c1d33) sll     s10, s8, t2
core   0: 3 0x8000b420 (0x007c1d33) x26 0x0a739000
core   0: 0x8000b424 (0x98c2ea93) ori     s5, t0, -1652
core   0: 3 0x8000b424 (0x98c2ea93) x21 0xfffff98c
core   0: 0x8000b428 (0x01afd793) srli    a5, t6, 26
core   0: 3 0x8000b428 (0x01afd793) x15 0x00000000
core   0: 0x8000b42c (0x02909b33) mulh    s6, ra, s1
core   0: 3 0x8000b42c (0x02909b33) x22 0x00000000
core   0: 0x8000b430 (0x02555e33) divu    t3, a0, t0
core   0: 3 0x8000b430 (0x02555e33) x28 0xffffffff
core   0: 0x8000b434 (0x01d67263) bgeu    a2, t4, pc + 4
core   0: 3 0x8000b434 (0x01d67263)
core   0: 0x8000b438 (0x02ad0863) beq     s10, a0, pc + 48
core   0: 3 0x8000b438 (0x02ad0863)
core   0: 0x8000b43c (0xd373b113) sltiu   sp, t2, -713
core   0: 3 0x8000b43c (0xd373b113) x 2 0x00000001
core   0: 0x8000b440 (0x0486d463) bge     a3, s0, pc + 72
core   0: 3 0x8000b440 (0x0486d463)
core   0: 0x8000b488 (0x01c29fb3) sll     t6, t0, t3
core   0: 3 0x8000b488 (0x01c29fb3) x31 0x00000000
core   0: 0x8000b48c (0xdde48993) addi    s3, s1, -546
core   0: 3 0x8000b48c (0xdde48993) x19 0x9ce3fdde
core   0: 0x8000b490 (0x013e1663) bne     t3, s3, pc + 12
core   0: 3 0x8000b490 (0x013e1663)
core   0: 0x8000b49c (0x039f4e33) div     t3, t5, s9
core   0: 3 0x8000b49c (0x039f4e33) x28 0x00000000
core   0: 0x8000b4a0 (0x031ebbb3) mulhu   s7, t4, a7
core   0: 3 0x8000b4a0 (0x031ebbb3) x23 0x00000000
core   0: 0x8000b4a4 (0x03c501b3) mul     gp, a0, t3
core   0: 3 0x8000b4a4 (0x03c501b3) x 3 0x00000000
core   0: 0x8000b4a8 (0x0331da63) bge     gp, s3, pc + 52
core   0: 3 0x8000b4a8 (0x0331da63)
core   0: 0x8000b4dc (0x00000013) nop
core   0: 3 0x8000b4dc (0x00000013)
core   0: 0x8000b4e0 (0x50e66993) ori     s3, a2, 1294
core   0: 3 0x8000b4e0 (0x50e66993) x19 0x8000050e
core   0: 0x8000b4e4 (0x0104ee33) or      t3, s1, a6
core   0: 3 0x8000b4e4 (0x0104ee33) x28 0x9ce65e34
core   0: 0x8000b4e8 (0x2ba6bb93) sltiu   s7, a3, 698
core   0: 3 0x8000b4e8 (0x2ba6bb93) x23 0x00000001
core   0: 0x8000b4ec (0x3a418213) addi    tp, gp, 932
core   0: 3 0x8000b4ec (0x3a418213) x 4 0x000003a4
core   0: 0x8000b4f0 (0x03f54233) div     tp, a0, t6
core   0: 3 0x8000b4f0 (0x03f54233) x 4 0xffffffff
core   0: 0x8000b4f4 (0x001f1e13) slli    t3, t5, 1
core   0: 3 0x8000b4f4 (0x001f1e13) x28 0x00000004
core   0: 0x8000b4f8 (0x0104ea33) or      s4, s1, a6
core   0: 3 0x8000b4f8 (0x0104ea33) x20 0x9ce65e34
core   0: 0x8000b4fc (0x02ace6b3) rem     a3, s9, a0
core   0: 3 0x8000b4fc (0x02ace6b3) x13 0xffffffe8
core   0: 0x8000b500 (0x74119f37) lui     t5, 0x74119
core   0: 3 0x8000b500 (0x74119f37) x30 0x74119000
core   0: 0x8000b504 (0x411cd093) srai    ra, s9, 17
core   0: 3 0x8000b504 (0x411cd093) x 1 0xffffffff
core   0: 0x8000b508 (0x01561733) sll     a4, a2, s5
core   0: 3 0x8000b508 (0x01561733) x14 0x00000000
core   0: 0x8000b50c (0x7d0a2793) slti    a5, s4, 2000
core   0: 3 0x8000b50c (0x7d0a2793) x15 0x00000001
core   0: 0x8000b510 (0x025c4263) blt     s8, t0, pc + 36
core   0: 3 0x8000b510 (0x025c4263)
core   0: 0x8000b534 (0x00a17933) and     s2, sp, a0
core   0: 3 0x8000b534 (0x00a17933) x18 0x00000000
core   0: 0x8000b538 (0x03b505b3) mul     a1, a0, s11
core   0: 3 0x8000b538 (0x03b505b3) x11 0xfebfca96
core   0: 0x8000b53c (0x02f5ad33) mulhsu  s10, a1, a5
core   0: 3 0x8000b53c (0x02f5ad33) x26 0xffffffff
core   0: 0x8000b540 (0x02f95263) bge     s2, a5, pc + 36
core   0: 3 0x8000b540 (0x02f95263)
core   0: 0x8000b544 (0x0245b533) mulhu   a0, a1, tp
core   0: 3 0x8000b544 (0x0245b533) x10 0xfebfca95
core   0: 0x8000b548 (0x571d6f37) lui     t5, 0x571d6
core   0: 3 0x8000b548 (0x571d6f37) x30 0x571d6000
core   0: 0x8000b54c (0xc0fa6997) auipc   s3, 0xc0fa6
core   0: 3 0x8000b54c (0xc0fa6997) x19 0x40fb154c
core   0: 0x8000b550 (0x01420263) beq     tp, s4, pc + 4
core   0: 3 0x8000b550 (0x01420263)
core   0: 0x8000b554 (0x4031dc93) srai    s9, gp, 3
core   0: 3 0x8000b554 (0x4031dc93) x25 0x00000000
core   0: 0x8000b558 (0x016ff333) and     t1, t6, s6
core   0: 3 0x8000b558 (0x016ff333) x 6 0x00000000
core   0: 0x8000b55c (0x7027b093) sltiu   ra, a5, 1794
core   0: 3 0x8000b55c (0x7027b093) x 1 0x00000001
core   0: 0x8000b560 (0x0047df33) srl     t5, a5, tp
core   0: 3 0x8000b560 (0x0047df33) x30 0x00000000
core   0: 0x8000b564 (0x03837263) bgeu    t1, s8, pc + 36
core   0: 3 0x8000b564 (0x03837263)
core   0: 0x8000b568 (0x41975c93) srai    s9, a4, 25
core   0: 3 0x8000b568 (0x41975c93) x25 0x00000000
core   0: 0x8000b56c (0x04478263) beq     a5, tp, pc + 68
core   0: 3 0x8000b56c (0x04478263)
core   0: 0x8000b570 (0x00e732b3) sltu    t0, a4, a4
core   0: 3 0x8000b570 (0x00e732b3) x 5 0x00000000
core   0: 0x8000b574 (0x03ab38b3) mulhu   a7, s6, s10
core   0: 3 0x8000b574 (0x03ab38b3) x17 0x00000000
core   0: 0x8000b578 (0xd432a037) lui     zero, 0xd432a
core   0: 3 0x8000b578 (0xd432a037)
core   0: 0x8000b57c (0x04457663) bgeu    a0, tp, pc + 76
core   0: 3 0x8000b57c (0x04457663)
core   0: 0x8000b580 (0x0374d5b3) divu    a1, s1, s7
core   0: 3 0x8000b580 (0x0374d5b3) x11 0x9ce40000
core   0: 0x8000b584 (0x021d8e33) mul     t3, s11, ra
core   0: 3 0x8000b584 (0x021d8e33) x28 0x00000001
core   0: 0x8000b588 (0x0306d433) divu    s0, a3, a6
core   0: 3 0x8000b588 (0x0306d433) x 8 0x00000001
core   0: 0x8000b58c (0x6c7eae13) slti    t3, t4, 1735
core   0: 3 0x8000b58c (0x6c7eae13) x28 0x00000001
core   0: 0x8000b590 (0x2051c093) xori    ra, gp, 517
core   0: 3 0x8000b590 (0x2051c093) x 1 0x00000205
core   0: 0x8000b594 (0x01204ab3) xor     s5, zero, s2
core   0: 3 0x8000b594 (0x01204ab3) x21 0x00000000
core   0: 0x8000b598 (0x00c69213) slli    tp, a3, 12
core   0: 3 0x8000b598 (0x00c69213) x 4 0xfffe8000
core   0: 0x8000b59c (0x4001ddb3) sra     s11, gp, zero
core   0: 3 0x8000b59c (0x4001ddb3) x27 0x00000000
core   0: 0x8000b5a0 (0x4178dab3) sra     s5, a7, s7
core   0: 3 0x8000b5a0 (0x4178dab3) x21 0x00000000
core   0: 0x8000b5a4 (0xcbeb8437) lui     s0, 0xcbeb8
core   0: 3 0x8000b5a4 (0xcbeb8437) x 8 0xcbeb8000
core   0: 0x8000b5a8 (0x01dcffb3) and     t6, s9, t4
core   0: 3 0x8000b5a8 (0x01dcffb3) x31 0x00000000
core   0: 0x8000b5ac (0x03fc0233) mul     tp, s8, t6
core   0: 3 0x8000b5ac (0x03fc0233) x 4 0x00000000
core   0: 0x8000b5b0 (0x0004c463) bltz    s1, pc + 8
core   0: 3 0x8000b5b0 (0x0004c463)
core   0: 0x8000b5b8 (0x0124dcb3) srl     s9, s1, s2
core   0: 3 0x8000b5b8 (0x0124dcb3) x25 0x9ce40000
core   0: 0x8000b5bc (0x009be733) or      a4, s7, s1
core   0: 3 0x8000b5bc (0x009be733) x14 0x9ce40001
core   0: 0x8000b5c0 (0x0106ea33) or      s4, a3, a6
core   0: 3 0x8000b5c0 (0x0106ea33) x20 0xfffffffc
core   0: 0x8000b5c4 (0x020f36b3) mulhu   a3, t5, zero
core   0: 3 0x8000b5c4 (0x020f36b3) x13 0x00000000
core   0: 0x8000b5c8 (0x9f4f4f93) xori    t6, t5, -1548
core   0: 3 0x8000b5c8 (0x9f4f4f93) x31 0xfffff9f4
core   0: 0x8000b5cc (0x00000013) nop
core   0: 3 0x8000b5cc (0x00000013)
core   0: 0x8000b5d0 (0x41ec5993) srai    s3, s8, 30
core   0: 3 0x8000b5d0 (0x41ec5993) x19 0xfffffffe
core   0: 0x8000b5d4 (0x728a6017) auipc   zero, 0x728a6
core   0: 3 0x8000b5d4 (0x728a6017)
core   0: 0x8000b5d8 (0x01995463) bge     s2, s9, pc + 8
core   0: 3 0x8000b5d8 (0x01995463)
core   0: 0x8000b5e0 (0x035616b3) mulh    a3, a2, s5
core   0: 3 0x8000b5e0 (0x035616b3) x13 0x00000000
core   0: 0x8000b5e4 (0x004144b3) xor     s1, sp, tp
core   0: 3 0x8000b5e4 (0x004144b3) x 9 0x00000001
core   0: 0x8000b5e8 (0x00efce33) xor     t3, t6, a4
core   0: 3 0x8000b5e8 (0x00efce33) x28 0x631bf9f5
core   0: 0x8000b5ec (0x00000013) nop
core   0: 3 0x8000b5ec (0x00000013)
core   0: 0x8000b5f0 (0x03457033) remu    zero, a0, s4
core   0: 3 0x8000b5f0 (0x03457033)
core   0: 0x8000b5f4 (0x01b01663) bne     zero, s11, pc + 12
core   0: 3 0x8000b5f4 (0x01b01663)
core   0: 0x8000b5f8 (0x4009dfb3) sra     t6, s3, zero
core   0: 3 0x8000b5f8 (0x4009dfb3) x31 0xfffffffe
core   0: 0x8000b5fc (0x00626a33) or      s4, tp, t1
core   0: 3 0x8000b5fc (0x00626a33) x20 0x00000000
core   0: 0x8000b600 (0x00f86233) or      tp, a6, a5
core   0: 3 0x8000b600 (0x00f86233) x 4 0x80025e35
core   0: 0x8000b604 (0x02a55c63) bge     a0, a0, pc + 56
core   0: 3 0x8000b604 (0x02a55c63)
core   0: 0x8000b63c (0x027b0233) mul     tp, s6, t2
core   0: 3 0x8000b63c (0x027b0233) x 4 0x00000000
core   0: 0x8000b640 (0xe3a4a193) slti    gp, s1, -454
core   0: 3 0x8000b640 (0xe3a4a193) x 3 0x00000000
core   0: 0x8000b644 (0x4ed6b193) sltiu   gp, a3, 1261
core   0: 3 0x8000b644 (0x4ed6b193) x 3 0x00000001
core   0: 0x8000b648 (0x00831793) slli    a5, t1, 8
core   0: 3 0x8000b648 (0x00831793) x15 0x00000000
core   0: 0x8000b64c (0x01d4ebb3) or      s7, s1, t4
core   0: 3 0x8000b64c (0x01d4ebb3) x23 0xffffffff
core   0: 0x8000b650 (0x485a8693) addi    a3, s5, 1157
core   0: 3 0x8000b650 (0x485a8693) x13 0x00000485
core   0: 0x8000b654 (0x0353a533) mulhsu  a0, t2, s5
core   0: 3 0x8000b654 (0x0353a533) x10 0x00000000
core   0: 0x8000b658 (0x005c9393) slli    t2, s9, 5
core   0: 3 0x8000b658 (0x005c9393) x 7 0x9c800000
core   0: 0x8000b65c (0xb2726a13) ori     s4, tp, -1241
core   0: 3 0x8000b65c (0xb2726a13) x20 0xfffffb27
core   0: 0x8000b660 (0x03540b33) mul     s6, s0, s5
core   0: 3 0x8000b660 (0x03540b33) x22 0x00000000
core   0: 0x8000b664 (0x00482b83) lw      s7, 4(a6)
core   0: 3 0x8000b664 (0x00482b83) x23 0x8000bbc8 mem 0x80025e38
core   0: 0x8000b668 (0x281b3993) sltiu   s3, s6, 641
core   0: 3 0x8000b668 (0x281b3993) x19 0x00000001
core   0: 0x8000b66c (0x01c80813) addi    a6, a6, 28
core   0: 3 0x8000b66c (0x01c80813) x16 0x80025e50
core   0: 0x8000b670 (0x01ec9d33) sll     s10, s9, t5
core   0: 3 0x8000b670 (0x01ec9d33) x26 0x9ce40000
core   0: 0x8000b674 (0x005df333) and     t1, s11, t0
core   0: 3 0x8000b674 (0x005df333) x 6 0x00000000
core   0: 0x8000b678 (0x01d7f3b3) and     t2, a5, t4
core   0: 3 0x8000b678 (0x01d7f3b3) x 7 0x00000000
core   0: 0x8000b67c (0x0223b233) mulhu   tp, t2, sp
core   0: 3 0x8000b67c (0x0223b233) x 4 0x00000000
core   0: 0x8000b680 (0x008af133) and     sp, s5, s0
core   0: 3 0x8000b680 (0x008af133) x 2 0x00000000
core   0: 0x8000b684 (0x001b8b93) addi    s7, s7, 1
core   0: 3 0x8000b684 (0x001b8b93) x23 0x8000bbc9
core   0: 0x8000b688 (0x000b8be7) jalr    s7, s7, 0
core   0: 3 0x8000b688 (0x000b8be7) x23 0x8000b68c
core   0: 0x8000bbc8 (0x2906c113) xori    sp, a3, 656
core   0: 3 0x8000bbc8 (0x2906c113) x 2 0x00000615
core   0: 0x8000bbcc (0x40890b33) sub     s6, s2, s0
core   0: 3 0x8000bbcc (0x40890b33) x22 0x34148000
core   0: 0x8000bbd0 (0x05d4fc93) andi    s9, s1, 93
core   0: 3 0x8000bbd0 (0x05d4fc93) x25 0x00000001
core   0: 0x8000bbd4 (0x00f352b3) srl     t0, t1, a5
core   0: 3 0x8000bbd4 (0x00f352b3) x 5 0x00000000
core   0: 0x8000bbd8 (0x01c1cfb3) xor     t6, gp, t3
core   0: 3 0x8000bbd8 (0x01c1cfb3) x31 0x631bf9f4
core   0: 0x8000bbdc (0x8002a193) slti    gp, t0, -2048
core   0: 3 0x8000bbdc (0x8002a193) x 3 0x00000000
core   0: 0x8000bbe0 (0x413782b3) sub     t0, a5, s3
core   0: 3 0x8000bbe0 (0x413782b3) x 5 0xffffffff
core   0: 0x8000bbe4 (0xb0eba293) slti    t0, s7, -1266
core   0: 3 0x8000bbe4 (0xb0eba293) x 5 0x00000001
core   0: 0x8000bbe8 (0x416b5213) srai    tp, s6, 22
core   0: 3 0x8000bbe8 (0x416b5213) x 4 0x000000d0
core   0: 0x8000bbec (0x007bd113) srli    sp, s7, 7
core   0: 3 0x8000bbec (0x007bd113) x 2 0x0100016d
core   0: 0x8000bbf0 (0x0165a6b3) slt     a3, a1, s6
core   0: 3 0x8000bbf0 (0x0165a6b3) x13 0x00000001
core   0: 0x8000bbf4 (0xb0ecfa93) andi    s5, s9, -1266
core   0: 3 0x8000bbf4 (0xb0ecfa93) x21 0x00000000
core   0: 0x8000bbf8 (0x02c99933) mulh    s2, s3, a2
core   0: 3 0x8000bbf8 (0x02c99933) x18 0xffffffff
core   0: 0x8000bbfc (0x036e45b3) div     a1, t3, s6
core   0: 3 0x8000bbfc (0x036e45b3) x11 0x00000001
core   0: 0x8000bc00 (0x1d70d897) auipc   a7, 0x1d70d
core   0: 3 0x8000bc00 (0x1d70d897) x17 0x9d718c00
core   0: 0x8000bc04 (0x01125c93) srli    s9, tp, 17
core   0: 3 0x8000bc04 (0x01125c93) x25 0x00000000
core   0: 0x8000bc08 (0x0150feb3) and     t4, ra, s5
core   0: 3 0x8000bc08 (0x0150feb3) x29 0x00000000
core   0: 0x8000bc0c (0x0520f663) bgeu    ra, s2, pc + 76
core   0: 3 0x8000bc0c (0x0520f663)
core   0: 0x8000bc10 (0x0267b7b3) mulhu   a5, a5, t1
core   0: 3 0x8000bc10 (0x0267b7b3) x15 0x00000000
core   0: 0x8000bc14 (0x03848e63) beq     s1, s8, pc + 60
core   0: 3 0x8000bc14 (0x03848e63)
core   0: 0x8000bc18 (0x60c0b693) sltiu   a3, ra, 1548
core   0: 3 0x8000bc18 (0x60c0b693) x13 0x00000001
core   0: 0x8000bc1c (0x012318b3) sll     a7, t1, s2
core   0: 3 0x8000bc1c (0x012318b3) x17 0x00000000
core   0: 0x8000bc20 (0x00291033) sll     zero, s2, sp
core   0: 3 0x8000bc20 (0x00291033)
core   0: 0x8000bc24 (0xef1d3d97) auipc   s11, 0xef1d3
core   0: 3 0x8000bc24 (0xef1d3d97) x27 0x6f1dec24
core   0: 0x8000bc28 (0x00b16433) or      s0, sp, a1
core   0: 3 0x8000bc28 (0x00b16433) x 8 0x0100016d
core   0: 0x8000bc2c (0x396c8213) addi    tp, s9, 918
core   0: 3 0x8000bc2c (0x396c8213) x 4 0x00000396
core   0: 0x8000bc30 (0xcde67513) andi    a0, a2, -802
core   0: 3 0x8000bc30 (0xcde67513) x10 0x80000000
core   0: 0x8000bc34 (0x02956063) bltu    a0, s1, pc + 32
core   0: 3 0x8000bc34 (0x02956063)
core   0: 0x8000bc38 (0x03661233) mulh    tp, a2, s6
core   0: 3 0x8000bc38 (0x03661233) x 4 0xe5f5c000
core   0: 0x8000bc3c (0x00fc1433) sll     s0, s8, a5
core   0: 3 0x8000bc3c (0x00fc1433) x 8 0x80029ce4
core   0: 0x8000bc40 (0x03ba5e63) bge     s4, s11, pc + 60
core   0: 3 0x8000bc40 (0x03ba5e63)
core   0: 0x8000bc44 (0x404357b3) sra     a5, t1, tp
core   0: 3 0x8000bc44 (0x404357b3) x15 0x00000000
core   0: 0x8000bc48 (0xcb092013) slti    zero, s2, -848
core   0: 3 0x8000bc48 (0xcb092013)
core   0: 0x8000bc4c (0x02a139b3) mulhu   s3, sp, a0
core   0: 3 0x8000bc4c (0x02a139b3) x19 0x008000b6
core   0: 0x8000bc50 (0x00f67233) and     tp, a2, a5
core   0: 3 0x8000bc50 (0x00f67233) x 4 0x00000000
core   0: 0x8000bc54 (0xeea4f693) andi    a3, s1, -278
core   0: 3 0x8000bc54 (0xeea4f693) x13 0x00000000
core   0: 0x8000bc58 (0x72d03fb7) lui     t6, 0x72d03
core   0: 3 0x8000bc58 (0x72d03fb7) x31 0x72d03000
core   0: 0x8000bc5c (0x412dd013) srai    zero, s11, 18
core   0: 3 0x8000bc5c (0x412dd013)
core   0: 0x8000bc60 (0x04bbcf13) xori    t5, s7, 75
core   0: 3 0x8000bc60 (0x04bbcf13) x30 0x8000b6c7
core   0: 0x8000bc64 (0x0217cc63) blt     a5, ra, pc + 56
core   0: 3 0x8000bc64 (0x0217cc63)
core   0: 0x8000bc9c (0x008f0863) beq     t5, s0, pc + 16
core   0: 3 0x8000bc9c (0x008f0863)
core   0: 0x8000bca0 (0x001e8863) beq     t4, ra, pc + 16
core   0: 3 0x8000bca0 (0x001e8863)
core   0: 0x8000bca4 (0x01893a33) sltu    s4, s2, s8
core   0: 3 0x8000bca4 (0x01893a33) x20 0x00000000
core   0: 0x8000bca8 (0xbf3f3f17) auipc   t5, 0xbf3f3
core   0: 3 0x8000bca8 (0xbf3f3f17) x30 0x3f3feca8
core   0: 0x8000bcac (0x93ee3a13) sltiu   s4, t3, -1730
core   0: 3 0x8000bcac (0x93ee3a13) x20 0x00000001
core   0: 0x8000bcb0 (0x00000013) nop
core   0: 3 0x8000bcb0 (0x00000013)
core   0: 0x8000bcb4 (0x005eeeb3) or      t4, t4, t0
core   0: 3 0x8000bcb4 (0x005eeeb3) x29 0x00000001
core   0: 0x8000bcb8 (0x01eebb33) sltu    s6, t4, t5
core   0: 3 0x8000bcb8 (0x01eebb33) x22 0x00000001
core   0: 0x8000bcbc (0x41c45cb3) sra     s9, s0, t3
core   0: 3 0x8000bcbc (0x41c45cb3) x25 0xfffffc00
core   0: 0x8000bcc0 (0x00f763b3) or      t2, a4, a5
core   0: 3 0x8000bcc0 (0x00f763b3) x 7 0x9ce40001
core   0: 0x8000bcc4 (0x015f1bb3) sll     s7, t5, s5
core   0: 3 0x8000bcc4 (0x015f1bb3) x23 0x3f3feca8
core   0: 0x8000bcc8 (0x95dda513) slti    a0, s11, -1699
core   0: 3 0x8000bcc8 (0x95dda513) x10 0x00000000
core   0: 0x8000bccc (0x00e610b3) sll     ra, a2, a4
core   0: 3 0x8000bccc (0x00e610b3) x 1 0x00000000
core   0: 0x8000bcd0 (0x2ded6297) auipc   t0, 0x2ded6
core   0: 3 0x8000bcd0 (0x2ded6297) x 5 0xadee1cd0
core   0: 0x8000bcd4 (0x031a6933) rem     s2, s4, a7
core   0: 3 0x8000bcd4 (0x031a6933) x18 0x00000001
core   0: 0x8000bcd8 (0x12bfc063) blt     t6, a1, pc + 288
core   0: 3 0x8000bcd8 (0x12bfc063)
core   0: 0x8000bcdc (0x03f055b3) divu    a1, zero, t6
core   0: 3 0x8000bcdc (0x03f055b3) x11 0x00000000
core   0: 0x8000bce0 (0xa4447693) andi    a3, s0, -1468
core   0: 3 0x8000bce0 (0xa4447693) x13 0x80029844
core   0: 0x8000bce4 (0x022fe133) rem     sp, t6, sp
core   0: 3 0x8000bce4 (0x022fe133) x 2 0x00cf8d76
core   0: 0x8000bce8 (0x0c2788b7) lui     a7, 0xc278
core   0: 3 0x8000bce8 (0x0c2788b7) x17 0x0c278000
core   0: 0x8000bcec (0x0170f533) and     a0, ra, s7
core   0: 3 0x8000bcec (0x0170f533) x10 0x00000000
core   0: 0x8000bcf0 (0x02652ab3) mulhsu  s5, a0, t1
core   0: 3 0x8000bcf0 (0x02652ab3) x21 0x00000000
core   0: 0x8000bcf4 (0x4000d113) srai    sp, ra, 0
core   0: 3 0x8000bcf4 (0x4000d113) x 2 0x00000000
core   0: 0x8000bcf8 (0x8fca2593) slti    a1, s4, -1796
core   0: 3 0x8000bcf8 (0x8fca2593) x11 0x00000000
core   0: 0x8000bcfc (0x00004b97) auipc   s7, 0x4
core   0: 3 0x8000bcfc (0x00004b97) x23 0x8000fcfc
core   0: 0x8000bd00 (0x3b7b8b93) addi    s7, s7, 951
core   0: 3 0x8000bd00 (0x3b7b8b93) x23 0x800100b3
core   0: 0x8000bd04 (0x00971713) slli    a4, a4, 9
core   0: 3 0x8000bd04 (0x00971713) x14 0xc8000200
core   0: 0x8000bd08 (0x406b9ea3) sh      t1, 1053(s7)
core   0: 3 0x8000bd08 (0x406b9ea3) mem 0x800104d0 0x0000
core   0: 0x8000bd0c (0x02e63e33) mulhu   t3, a2, a4
core   0: 3 0x8000bd0c (0x02e63e33) x28 0x64000100
core   0: 0x8000bd10 (0x44fb9903) lh      s2, 1103(s7)
core   0: 3 0x8000bd10 (0x44fb9903) x18 0xffffe8fa mem 0x80010502
core   0: 0x8000bd14 (0x8cc48e13) addi    t3, s1, -1844
core   0: 3 0x8000bd14 (0x8cc48e13) x28 0xfffff8cd
core   0: 0x8000bd18 (0x03532233) mulhsu  tp, t1, s5
core   0: 3 0x8000bd18 (0x03532233) x 4 0x00000000
core   0: 0x8000bd1c (0x170b8a03) lb      s4, 368(s7)
core   0: 3 0x8000bd1c (0x170b8a03) x20 0xffffffef mem 0x80010223
core   0: 0x8000bd20 (0x500b8d03) lb      s10, 1280(s7)
core   0: 3 0x8000bd20 (0x500b8d03) x26 0x00000075 mem 0x800105b3
core   0: 0x8000bd24 (0x00612f33) slt     t5, sp, t1
core   0: 3 0x8000bd24 (0x00612f33) x30 0x00000000
core   0: 0x8000bd28 (0x037fcdb3) div     s11, t6, s7
core   0: 3 0x8000bd28 (0x037fcdb3) x27 0x00000000
core   0: 0x8000bd2c (0x03dbd983) lhu     s3, 61(s7)
core   0: 3 0x8000bd2c (0x03dbd983) x19 0x00007043 mem 0x800100f0
core   0: 0x8000bd30 (0x221ba703) lw      a4, 545(s7)
core   0: 3 0x8000bd30 (0x221ba703) x14 0x2615e3aa mem 0x800102d4
core   0: 0x8000bd34 (0x0fcb8f83) lb      t6, 252(s7)
core   0: 3 0x8000bd34 (0x0fcb8f83) x31 0xffffffee mem 0x800101af
core   0: 0x8000bd38 (0x1e0b8a03) lb      s4, 480(s7)
core   0: 3 0x8000bd38 (0x1e0b8a03) x20 0x00000048 mem 0x80010293
core   0: 0x8000bd3c (0x0092b733) sltu    a4, t0, s1
core   0: 3 0x8000bd3c (0x0092b733) x14 0x00000000
core   0: 0x8000bd40 (0x2cdb9a03) lh      s4, 717(s7)
core   0: 3 0x8000bd40 (0x2cdb9a03) x20 0x00002627 mem 0x80010380
core   0: 0x8000bd44 (0x6a8b8b03) lb      s6, 1704(s7)
core   0: 3 0x8000bd44 (0x6a8b8b03) x22 0xffffffd1 mem 0x8001075b
core   0: 0x8000bd48 (0x410cd3b3) sra     t2, s9, a6
core   0: 3 0x8000bd48 (0x410cd3b3) x 7 0xffffffff
core   0: 0x8000bd4c (0x3d2b8583) lb      a1, 978(s7)
core   0: 3 0x8000bd4c (0x3d2b8583) x11 0xffffffa6 mem 0x80010485
core   0: 0x8000bd50 (0x746bce83) lbu     t4, 1862(s7)
core   0: 3 0x8000bd50 (0x746bce83) x29 0x00000087 mem 0x800107f9
core   0: 0x8000bd54 (0x03f6c1b3) div     gp, a3, t6
core   0: 3 0x8000bd54 (0x03f6c1b3) x 3 0x071c4cdf
core   0: 0x8000bd58 (0x4b7bd783) lhu     a5, 1207(s7)
core   0: 3 0x8000bd58 (0x4b7bd783) x15 0x0000411f mem 0x8001056a
core   0: 0x8000bd5c (0xafd47993) andi    s3, s0, -1283
core   0: 3 0x8000bd5c (0xafd47993) x19 0x800298e4
core   0: 0x8000bd60 (0x0316a333) mulhsu  t1, a3, a7
core   0: 3 0x8000bd60 (0x0316a333) x 6 0xf9ec5f89
core   0: 0x8000bd64 (0x08cbc203) lbu     tp, 140(s7)
core   0: 3 0x8000bd64 (0x08cbc203) x 4 0x000000a8 mem 0x8001013f
core   0: 0x8000bd68 (0x42db8423) sb      a3, 1064(s7)
core   0: 3 0x8000bd68 (0x42db8423) mem 0x800104db 0x44
core   0: 0x8000bd6c (0xa70f4f13) xori    t5, t5, -1424
core   0: 3 0x8000bd6c (0xa70f4f13) x30 0xfffffa70
core   0: 0x8000bd70 (0x41b5dcb3) sra     s9, a1, s11
core   0: 3 0x8000bd70 (0x41b5dcb3) x25 0xffffffa6
core   0: 0x8000bd74 (0x036540b3) div     ra, a0, s6
core   0: 3 0x8000bd74 (0x036540b3) x 1 0x00000000
core   0: 0x8000bd78 (0xfbfba6a3) sw      t6, -83(s7)
core   0: 3 0x8000bd78 (0xfbfba6a3) mem 0x80010060 0xffffffee
core   0: 0x8000bd7c (0x6b7b9fa3) sh      s7, 1727(s7)
core   0: 3 0x8000bd7c (0x6b7b9fa3) mem 0x80010772 0x00b3
core   0: 0x8000bd80 (0x400b8283) lb      t0, 1024(s7)
core   0: 3 0x8000bd80 (0x400b8283) x 5 0x0000007b mem 0x800104b3
core   0: 0x8000bd84 (0x172b8c83) lb      s9, 370(s7)
core   0: 3 0x8000bd84 (0x172b8c83) x25 0x00000006 mem 0x80010225
core   0: 0x8000bd88 (0x235b8c83) lb      s9, 565(s7)
core   0: 3 0x8000bd88 (0x235b8c83) x25 0x00000074 mem 0x800102e8
core   0: 0x8000bd8c (0x035205b3) mul     a1, tp, s5
core   0: 3 0x8000bd8c (0x035205b3) x11 0x00000000
core   0: 0x8000bd90 (0x602bca83) lbu     s5, 1538(s7)
core   0: 3 0x8000bd90 (0x602bca83) x21 0x0000002e mem 0x800106b5
core   0: 0x8000bd94 (0x01105b13) srli    s6, zero, 17
core   0: 3 0x8000bd94 (0x01105b13) x22 0x00000000
core   0: 0x8000bd98 (0x02608ab3) mul     s5, ra, t1
core   0: 3 0x8000bd98 (0x02608ab3) x21 0x00000000
core   0: 0x8000bd9c (0x013768b3) or      a7, a4, s3
core   0: 3 0x8000bd9c (0x013768b3) x17 0x800298e4
core   0: 0x8000bda0 (0x073ba037) lui     zero, 0x73ba
core   0: 3 0x8000bda0 (0x073ba037)
core   0: 0x8000bda4 (0x693c4413) xori    s0, s8, 1683
core   0: 3 0x8000bda4 (0x693c4413) x 8 0x80029a77
core   0: 0x8000bda8 (0x985263b7) lui     t2, 0x98526
core   0: 3 0x8000bda8 (0x985263b7) x 7 0x98526000
core   0: 0x8000bdac (0x00000013) nop
core   0: 3 0x8000bdac (0x00000013)
core   0: 0x8000bdb0 (0x02ba1933) mulh    s2, s4, a1
core   0: 3 0x8000bdb0 (0x02ba1933) x18 0x00000000
core   0: 0x8000bdb4 (0x317bd683) lhu     a3, 791(s7)
core   0: 3 0x8000bdb4 (0x317bd683) x13 0x00000a33 mem 0x800103ca
core   0: 0x8000bdb8 (0x02ece893) ori     a7, s9, 46
core   0: 3 0x8000bdb8 (0x02ece893) x17 0x0000007e
core   0: 0x8000bdbc (0x1c9ba683) lw      a3, 457(s7)
core   0: 3 0x8000bdbc (0x1c9ba683) x13 0x2518af91 mem 0x8001027c
core   0: 0x8000bdc0 (0x6e9b85a3) sb      s1, 1771(s7)
core   0: 3 0x8000bdc0 (0x6e9b85a3) mem 0x8001079e 0x1
core   0: 0x8000bdc4 (0x793bce03) lbu     t3, 1939(s7)
core   0: 3 0x8000bdc4 (0x793bce03) x28 0x000000f9 mem 0x80010846
core   0: 0x8000bdc8 (0x40785233) sra     tp, a6, t2
core   0: 3 0x8000bdc8 (0x40785233) x 4 0x80025e50
core   0: 0x8000bdcc (0x1a7bdc83) lhu     s9, 423(s7)
core   0: 3 0x8000bdcc (0x1a7bdc83) x25 0x0000b3b4 mem 0x8001025a
core   0: 0x8000bdd0 (0x02e5d133) divu    sp, a1, a4
core   0: 3 0x8000bdd0 (0x02e5d133) x 2 0xffffffff
core   0: 0x8000bdd4 (0x7e7bd383) lhu     t2, 2023(s7)
core   0: 3 0x8000bdd4 (0x7e7bd383) x 7 0x0000eb2d mem 0x8001089a
core   0: 0x8000bdd8 (0x3b8b8b23) sb      s8, 950(s7)
core   0: 3 0x8000bdd8 (0x3b8b8b23) mem 0x80010469 0xe4
core   0: 0x8000bddc (0x73cb8723) sb      t3, 1838(s7)
core   0: 3 0x8000bddc (0x73cb8723) mem 0x800107e1 0xf9
core   0: 0x8000bde0 (0xb956a713) slti    a4, a3, -1131
core   0: 3 0x8000bde0 (0xb956a713) x14 0x00000000
core   0: 0x8000bde4 (0x03e46ab3) rem     s5, s0, t5
core   0: 3 0x8000bde4 (0x03e46ab3) x21 0xfffffcf7
core   0: 0x8000bde8 (0x02489063) bne     a7, tp, pc + 32
core   0: 3 0x8000bde8 (0x02489063)
core   0: 0x8000be08 (0x8e8b6e93) ori     t4, s6, -1816
core   0: 3 0x8000be08 (0x8e8b6e93) x29 0xfffff8e8
core   0: 0x8000be0c (0x5f56fa13) andi    s4, a3, 1525
core   0: 3 0x8000be0c (0x5f56fa13) x20 0x00000591
core   0: 0x8000be10 (0xbf72fe93) andi    t4, t0, -1033
core   0: 3 0x8000be10 (0xbf72fe93) x29 0x00000073
core   0: 0x8000be14 (0x408e57b3) sra     a5, t3, s0
core   0: 3 0x8000be14 (0x408e57b3) x15 0x00000000
core   0: 0x8000be18 (0x013a29b3) slt     s3, s4, s3
core   0: 3 0x8000be18 (0x013a29b3) x19 0x00000000
core   0: 0x8000be1c (0x013e8b33) add     s6, t4, s3
core   0: 3 0x8000be1c (0x013e8b33) x22 0x00000073
core   0: 0x8000be20 (0x00d8d263) bge     a7, a3, pc + 4
core   0: 3 0x8000be20 (0x00d8d263)
core   0: 0x8000be24 (0x00f54ab3) xor     s5, a0, a5
core   0: 3 0x8000be24 (0x00f54ab3) x21 0x00000000
core   0: 0x8000be28 (0x025922b3) mulhsu  t0, s2, t0
core   0: 3 0x8000be28 (0x025922b3) x 5 0x00000000
core   0: 0x8000be2c (0x0ef65863) bge     a2, a5, pc + 240
core   0: 3 0x8000be2c (0x0ef65863)
core   0: 0x8000be30 (0x00d083b3) add     t2, ra, a3
core   0: 3 0x8000be30 (0x00d083b3) x 7 0x2518af91
core   0: 0x8000be34 (0x00006517) auipc   a0, 0x6
core   0: 3 0x8000be34 (0x00006517) x10 0x80011e34
core   0: 0x8000be38 (0x16950513) addi    a0, a0, 361
core   0: 3 0x8000be38 (0x16950513) x10 0x80011f9d
core   0: 0x8000be3c (0x00554e83) lbu     t4, 5(a0)
core   0: 3 0x8000be3c (0x00554e83) x29 0x000000ea mem 0x80011fa2
core   0: 0x8000be40 (0x0081dbb3) srl     s7, gp, s0
core   0: 3 0x8000be40 (0x0081dbb3) x23 0x0000000e
core   0: 0x8000be44 (0xfde50483) lb      s1, -34(a0)
core   0: 3 0x8000be44 (0xfde50483) x 9 0xffffffc1 mem 0x80011f7b
core   0: 0x8000be48 (0x00951703) lh      a4, 9(a0)
core   0: 3 0x8000be48 (0x00951703) x14 0xffffa2b8 mem 0x80011fa6
core   0: 0x8000be4c (0x03762133) mulhsu  sp, a2, s7
core   0: 3 0x8000be4c (0x03762133) x 2 0xfffffff9
core   0: 0x8000be50 (0x00352403) lw      s0, 3(a0)
core   0: 3 0x8000be50 (0x00352403) x 8 0x97ea87d2 mem 0x80011fa0
core   0: 0x8000be54 (0xfcd50123) sb      a3, -62(a0)
core   0: 3 0x8000be54 (0xfcd50123) mem 0x80011f5f 0x91
core   0: 0x8000be58 (0xfee54003) lbu     zero, -18(a0)
core   0: 3 0x8000be58 (0xfee54003) mem 0x80011f8b
core   0: 0x8000be5c (0x02935eb3) divu    t4, t1, s1
core   0: 3 0x8000be5c (0x02935eb3) x29 0x00000000
core   0: 0x8000be60 (0x021966b3) rem     a3, s2, ra
core   0: 3 0x8000be60 (0x021966b3) x13 0x00000000
core   0: 0x8000be64 (0x03b54903) lbu     s2, 59(a0)
core   0: 3 0x8000be64 (0x03b54903) x18 0x00000091 mem 0x80011fd8
core   0: 0x8000be68 (0x02050183) lb      gp, 32(a0)
core   0: 3 0x8000be68 (0x02050183) x 3 0xffffffa7 mem 0x80011fbd
core   0: 0x8000be6c (0x01551d03) lh      s10, 21(a0)
core   0: 3 0x8000be6c (0x01551d03) x26 0xffffcd7e mem 0x80011fb2
core   0: 0x8000be70 (0x005c9033) sll     zero, s9, t0
core   0: 3 0x8000be70 (0x005c9033)
core   0: 0x8000be74 (0x03d54703) lbu     a4, 61(a0)
core   0: 3 0x8000be74 (0x03d54703) x14 0x0000006b mem 0x80011fda
core   0: 0x8000be78 (0x00915893) srli    a7, sp, 9
core   0: 3 0x8000be78 (0x00915893) x17 0x007fffff
core   0: 0x8000be7c (0x26cc7b13) andi    s6, s8, 620
core   0: 3 0x8000be7c (0x26cc7b13) x22 0x00000064
core   0: 0x8000be80 (0xfd050703) lb      a4, -48(a0)
core   0: 3 0x8000be80 (0xfd050703) x14 0x00000053 mem 0x80011f6d
core   0: 0x8000be84 (0x03e50ea3) sb      t5, 61(a0)
core   0: 3 0x8000be84 (0x03e50ea3) mem 0x80011fda 0x70
core   0: 0x8000be88 (0x020d8db3) mul     s11, s11, zero
core   0: 3 0x8000be88 (0x020d8db3) x27 0x00000000
core   0: 0x8000be8c (0xfc450123) sb      tp, -62(a0)
core   0: 3 0x8000be8c (0xfc450123) mem 0x80011f5f 0x50
core   0: 0x8000be90 (0x41595733) sra     a4, s2, s5
core   0: 3 0x8000be90 (0x41595733) x14 0x00000091
core   0: 0x8000be94 (0xfc650823) sb      t1, -48(a0)
core   0: 3 0x8000be94 (0xfc650823) mem 0x80011f6d 0x89
core   0: 0x8000be98 (0x00352403) lw      s0, 3(a0)
core   0: 3 0x8000be98 (0x00352403) x 8 0x97ea87d2 mem 0x80011fa0
core   0: 0x8000be9c (0x00650a23) sb      t1, 20(a0)
core   0: 3 0x8000be9c (0x00650a23) mem 0x80011fb1 0x89
core   0: 0x8000bea0 (0x9f36b8b7) lui     a7, 0x9f36b
core   0: 3 0x8000bea0 (0x9f36b8b7) x17 0x9f36b000
core   0: 0x8000bea4 (0x01c45d33) srl     s10, s0, t3
core   0: 3 0x8000bea4 (0x01c45d33) x26 0x0000004b
core   0: 0x8000bea8 (0x38f58713) addi    a4, a1, 911
core   0: 3 0x8000bea8 (0x38f58713) x14 0x0000038f
core   0: 0x8000beac (0xa571c113) xori    sp, gp, -1449
core   0: 3 0x8000beac (0xa571c113) x 2 0x000005f0
core   0: 0x8000beb0 (0x014720b3) slt     ra, a4, s4
core   0: 3 0x8000beb0 (0x014720b3) x 1 0x00000001
core   0: 0x8000beb4 (0x01d50aa3) sb      t4, 21(a0)
core   0: 3 0x8000beb4 (0x01d50aa3) mem 0x80011fb2 0x0
core   0: 0x8000beb8 (0x41cdd933) sra     s2, s11, t3
core   0: 3 0x8000beb8 (0x41cdd933) x18 0x00000000
core   0: 0x8000bebc (0x031511a3) sh      a7, 35(a0)
core   0: 3 0x8000bebc (0x031511a3) mem 0x80011fc0 0xb000
core   0: 0x8000bec0 (0x00315ab3) srl     s5, sp, gp
core   0: 3 0x8000bec0 (0x00315ab3) x21 0x0000000b
core   0: 0x8000bec4 (0x958efd37) lui     s10, 0x958ef
core   0: 3 0x8000bec4 (0x958efd37) x26 0x958ef000
core   0: 0x8000bec8 (0x02450703) lb      a4, 36(a0)
core   0: 3 0x8000bec8 (0x02450703) x14 0xffffffb0 mem 0x80011fc1
core   0: 0x8000becc (0xeccb3593) sltiu   a1, s6, -308
core   0: 3 0x8000becc (0xeccb3593) x11 0x00000001
core   0: 0x8000bed0 (0x026d0a33) mul     s4, s10, t1
core   0: 3 0x8000bed0 (0x026d0a33) x20 0x548e7000
core   0: 0x8000bed4 (0x417901b3) sub     gp, s2, s7
core   0: 3 0x8000bed4 (0x417901b3) x 3 0xfffffff2
core   0: 0x8000bed8 (0xeb61e013) ori     zero, gp, -330
core   0: 3 0x8000bed8 (0xeb61e013)
core   0: 0x8000bedc (0xfc654983) lbu     s3, -58(a0)
core   0: 3 0x8000bedc (0xfc654983) x19 0x00000034 mem 0x80011f63
core   0: 0x8000bee0 (0x01551a83) lh      s5, 21(a0)
core   0: 3 0x8000bee0 (0x01551a83) x21 0xffffcd00 mem 0x80011fb2
core   0: 0x8000bee4 (0x00054903) lbu     s2, 0(a0)
core   0: 3 0x8000bee4 (0x00054903) x18 0x0000005f mem 0x80011f9d
core   0: 0x8000bee8 (0x004519a3) sh      tp, 19(a0)
core   0: 3 0x8000bee8 (0x004519a3) mem 0x80011fb0 0x5e50
core   0: 0x8000beec (0x020d81b3) mul     gp, s11, zero
core   0: 3 0x8000beec (0x020d81b3) x 3 0x00000000
core   0: 0x8000bef0 (0x03f50883) lb      a7, 63(a0)
core   0: 3 0x8000bef0 (0x03f50883) x17 0xffffffb3 mem 0x80011fdc
core   0: 0x8000bef4 (0xff351d83) lh      s11, -13(a0)
core   0: 3 0x8000bef4 (0xff351d83) x27 0x000002a1 mem 0x80011f90
core   0: 0x8000bef8 (0xf4986a97) auipc   s5, 0xf4986
core   0: 3 0x8000bef8 (0xf4986a97) x21 0x74991ef8
core   0: 0x8000befc (0x03850e23) sb      s8, 60(a0)
core   0: 3 0x8000befc (0x03850e23) mem 0x80011fd9 0xe4
core   0: 0x8000bf00 (0x00497033) and     zero, s2, tp
core   0: 3 0x8000bf00 (0x00497033)
core   0: 0x8000bf04 (0x80e03113) sltiu   sp, zero, -2034
core   0: 3 0x8000bf04 (0x80e03113) x 2 0x00000001
core   0: 0x8000bf08 (0x03650f03) lb      t5, 54(a0)
core   0: 3 0x8000bf08 (0x03650f03) x30 0xffffffb5 mem 0x80011fd3
core   0: 0x8000bf0c (0x02d18063) beq     gp, a3, pc + 32
core   0: 3 0x8000bf0c (0x02d18063)
core   0: 0x8000bf2c (0x02fb8463) beq     s7, a5, pc + 40
core   0: 3 0x8000bf2c (0x02fb8463)
core   0: 0x8000bf30 (0xe4b90a13) addi    s4, s2, -437
core   0: 3 0x8000bf30 (0xe4b90a13) x20 0xfffffeaa
core   0: 0x8000bf34 (0x029cf463) bgeu    s9, s1, pc + 40
core   0: 3 0x8000bf34 (0x029cf463)
core   0: 0x8000bf38 (0x012cedb3) or      s11, s9, s2
core   0: 3 0x8000bf38 (0x012cedb3) x27 0x0000b3ff
core   0: 0x8000bf3c (0x41c483b3) sub     t2, s1, t3
core   0: 3 0x8000bf3c (0x41c483b3) x 7 0xfffffec8
core   0: 0x8000bf40 (0x05b78063) beq     a5, s11, pc + 64
core   0: 3 0x8000bf40 (0x05b78063)
core   0: 0x8000bf44 (0x01103333) snez    t1, a7
core   0: 3 0x8000bf44 (0x01103333) x 6 0x00000001
core   0: 0x8000bf48 (0xb89d8793) addi    a5, s11, -1143
core   0: 3 0x8000bf48 (0xb89d8793) x15 0x0000af88
core   0: 0x8000bf4c (0x02b67463) bgeu    a2, a1, pc + 40
core   0: 3 0x8000bf4c (0x02b67463)
core   0: 0x8000bf74 (0x007928b3) slt     a7, s2, t2
core   0: 3 0x8000bf74 (0x007928b3) x17 0x00000000
core   0: 0x8000bf78 (0x02204bb3) div     s7, zero, sp
core   0: 3 0x8000bf78 (0x02204bb3) x23 0x00000000
core   0: 0x8000bf7c (0x28dbc3b7) lui     t2, 0x28dbc
core   0: 3 0x8000bf7c (0x28dbc3b7) x 7 0x28dbc000
core   0: 0x8000bf80 (0x03371263) bne     a4, s3, pc + 36
core   0: 3 0x8000bf80 (0x03371263)
core   0: 0x8000bfa4 (0x02eda733) mulhsu  a4, s11, a4
core   0: 3 0x8000bfa4 (0x02eda733) x14 0x0000b3fe
core   0: 0x8000bfa8 (0x02b243b3) div     t2, tp, a1
core   0: 3 0x8000bfa8 (0x02b243b3) x 7 0x80025e50
core   0: 0x8000bfac (0x00749cb3) sll     s9, s1, t2
core   0: 3 0x8000bfac (0x00749cb3) x25 0xffc10000
core   0: 0x8000bfb0 (0x03c78e33) mul     t3, a5, t3
core   0: 3 0x8000bfb0 (0x03c78e33) x28 0x00aabb48
core   0: 0x8000bfb4 (0x02e47d33) remu    s10, s0, a4
core   0: 3 0x8000bfb4 (0x02e47d33) x26 0x000043f4
core   0: 0x8000bfb8 (0x02236e33) rem     t3, t1, sp
core   0: 3 0x8000bfb8 (0x02236e33) x28 0x00000000
core   0: 0x8000bfbc (0x41b95b33) sra     s6, s2, s11
core   0: 3 0x8000bfbc (0x41b95b33) x22 0x00000000
core   0: 0x8000bfc0 (0x33012997) auipc   s3, 0x33012
core   0: 3 0x8000bfc0 (0x33012997) x19 0xb301dfc0
core   0: 0x8000bfc4 (0x02f56bb3) rem     s7, a0, a5
core   0: 3 0x8000bfc4 (0x02f56bb3) x23 0xffffdefd
core   0: 0x8000bfc8 (0x526ece93) xori    t4, t4, 1318
core   0: 3 0x8000bfc8 (0x526ece93) x29 0x00000526
core   0: 0x8000bfcc (0x00417cb3) and     s9, sp, tp
core   0: 3 0x8000bfcc (0x00417cb3) x25 0x00000000
core   0: 0x8000bfd0 (0x0235ee63) bltu    a1, gp, pc + 60
core   0: 3 0x8000bfd0 (0x0235ee63)
core   0: 0x8000bfd4 (0x1348fa13) andi    s4, a7, 308
core   0: 3 0x8000bfd4 (0x1348fa13) x20 0x00000000
core   0: 0x8000bfd8 (0xc4f34a13) xori    s4, t1, -945
core   0: 3 0x8000bfd8 (0xc4f34a13) x20 0xfffffc4e
core   0: 0x8000bfdc (0x006695b3) sll     a1, a3, t1
core   0: 3 0x8000bfdc (0x006695b3) x11 0x00000000
core   0: 0x8000bfe0 (0x16056593) ori     a1, a0, 352
core   0: 3 0x8000bfe0 (0x16056593) x11 0x80011ffd
core   0: 0x8000bfe4 (0x40cb03b3) sub     t2, s6, a2
core   0: 3 0x8000bfe4 (0x40cb03b3) x 7 0x80000000
core   0: 0x8000bfe8 (0x6ea2be93) sltiu   t4, t0, 1770
core   0: 3 0x8000bfe8 (0x6ea2be93) x29 0x00000001
core   0: 0x8000bfec (0x0219a033) mulhsu  zero, s3, ra
core   0: 3 0x8000bfec (0x0219a033)
core   0: 0x8000bff0 (0x00230c63) beq     t1, sp, pc + 24
core   0: 3 0x8000bff0 (0x00230c63)
core   0: 0x8000c008 (0x01ab93b3) sll     t2, s7, s10
core   0: 3 0x8000c008 (0x01ab93b3) x 7 0xefd00000
core   0: 0x8000c00c (0x0240c863) blt     ra, tp, pc + 48
core   0: 3 0x8000c00c (0x0240c863)
core   0: 0x8000c010 (0x41b701b3) sub     gp, a4, s11
core   0: 3 0x8000c010 (0x41b701b3) x 3 0xffffffff
core   0: 0x8000c014 (0xaade7f93) andi    t6, t3, -1363
core   0: 3 0x8000c014 (0xaade7f93) x31 0x00000000
core   0: 0x8000c018 (0x40a48e33) sub     t3, s1, a0
core   0: 3 0x8000c018 (0x40a48e33) x28 0x7ffee024
core   0: 0x8000c01c (0x03a9e933) rem     s2, s3, s10
core   0: 3 0x8000c01c (0x03a9e933) x18 0xffffff18
core   0: 0x8000c020 (0x01485fb3) srl     t6, a6, s4
core   0: 3 0x8000c020 (0x01485fb3) x31 0x00020009
core   0: 0x8000c024 (0x6dfc8f13) addi    t5, s9, 1759
core   0: 3 0x8000c024 (0x6dfc8f13) x30 0x000006df
core   0: 0x8000c028 (0x36380a93) addi    s5, a6, 867
core   0: 3 0x8000c028 (0x36380a93) x21 0x800261b3
core   0: 0x8000c02c (0x0187eab3) or      s5, a5, s8
core   0: 3 0x8000c02c (0x0187eab3) x21 0x8002bfec
core   0: 0x8000c030 (0x013a1413) slli    s0, s4, 19
core   0: 3 0x8000c030 (0x013a1413) x 8 0xe2700000
core   0: 0x8000c034 (0x0337de33) divu    t3, a5, s3
core   0: 3 0x8000c034 (0x0337de33) x28 0x00000000
core   0: 0x8000c038 (0x95f30113) addi    sp, t1, -1697
core   0: 3 0x8000c038 (0x95f30113) x 2 0xfffff960
core   0: 0x8000c03c (0x4079dd93) srai    s11, s3, 7
core   0: 3 0x8000c03c (0x4079dd93) x27 0xff6603bf
core   0: 0x8000c040 (0x01b45b33) srl     s6, s0, s11
core   0: 3 0x8000c040 (0x01b45b33) x22 0x00000001
core   0: 0x8000c044 (0xb37e4717) auipc   a4, 0xb37e4
core   0: 3 0x8000c044 (0xb37e4717) x14 0x337f0044
core   0: 0x8000c048 (0x412906b3) sub     a3, s2, s2
core   0: 3 0x8000c048 (0x412906b3) x13 0x00000000
core   0: 0x8000c04c (0x1da91917) auipc   s2, 0x1da91
core   0: 3 0x8000c04c (0x1da91917) x18 0x9da9d04c
core   0: 0x8000c050 (0x01f12b33) slt     s6, sp, t6
core   0: 3 0x8000c050 (0x01f12b33) x22 0x00000001
core   0: 0x8000c054 (0x0008fd33) and     s10, a7, zero
core   0: 3 0x8000c054 (0x0008fd33) x26 0x00000000
core   0: 0x8000c058 (0x02959e33) mulh    t3, a1, s1
core   0: 3 0x8000c058 (0x02959e33) x28 0x0000001f
core   0: 0x8000c05c (0x005df733) and     a4, s11, t0
core   0: 3 0x8000c05c (0x005df733) x14 0x00000000
core   0: 0x8000c060 (0x00ee6263) bltu    t3, a4, pc + 4
core   0: 3 0x8000c060 (0x00ee6263)
core   0: 0x8000c064 (0xd7780b93) addi    s7, a6, -649
core   0: 3 0x8000c064 (0xd7780b93) x23 0x80025bc7
core   0: 0x8000c068 (0x01bc1c93) slli    s9, s8, 27
core   0: 3 0x8000c068 (0x01bc1c93) x25 0x20000000
core   0: 0x8000c06c (0x41e20db3) sub     s11, tp, t5
core   0: 3 0x8000c06c (0x41e20db3) x27 0x80025771
core   0: 0x8000c070 (0x4c3dfd13) andi    s10, s11, 1219
core   0: 3 0x8000c070 (0x4c3dfd13) x26 0x00000441
core   0: 0x8000c074 (0x009fda63) bge     t6, s1, pc + 20
core   0: 3 0x8000c074 (0x009fda63)
core   0: 0x8000c088 (0x0015be33) sltu    t3, a1, ra
core   0: 3 0x8000c088 (0x0015be33) x28 0x00000000
core   0: 0x8000c08c (0x005adeb3) srl     t4, s5, t0
core   0: 3 0x8000c08c (0x005adeb3) x29 0x8002bfec
core   0: 0x8000c090 (0x2de77f93) andi    t6, a4, 734
core   0: 3 0x8000c090 (0x2de77f93) x31 0x00000000
core   0: 0x8000c094 (0x0353bf33) mulhu   t5, t2, s5
core   0: 3 0x8000c094 (0x0353bf33) x30 0x77ea9369
core   0: 0x8000c098 (0x034042b3) div     t0, zero, s4
core   0: 3 0x8000c098 (0x034042b3) x 5 0x00000000
core   0: 0x8000c09c (0xb35f7a17) auipc   s4, 0xb35f7
core   0: 3 0x8000c09c (0xb35f7a17) x20 0x3360309c
core   0: 0x8000c0a0 (0x00421713) slli    a4, tp, 4
core   0: 3 0x8000c0a0 (0x00421713) x14 0x0025e500
core   0: 0x8000c0a4 (0x0322fab3) remu    s5, t0, s2
core   0: 3 0x8000c0a4 (0x0322fab3) x21 0x00000000
core   0: 0x8000c0a8 (0x03426d33) rem     s10, tp, s4
core   0: 3 0x8000c0a8 (0x03426d33) x26 0xe6c2bf88
core   0: 0x8000c0ac (0x03613533) mulhu   a0, sp, s6
core   0: 3 0x8000c0ac (0x03613533) x10 0x00000000
core   0: 0x8000c0b0 (0x03ec2733) mulhsu  a4, s8, t5
core   0: 3 0x8000c0b0 (0x03ec2733) x14 0xc40bef9e
core   0: 0x8000c0b4 (0x031624b3) mulhsu  s1, a2, a7
core   0: 3 0x8000c0b4 (0x031624b3) x 9 0x00000000
core   0: 0x8000c0b8 (0x0185fc63) bgeu    a1, s8, pc + 24
core   0: 3 0x8000c0b8 (0x0185fc63)
core   0: 0x8000c0bc (0x00a664b3) or      s1, a2, a0
core   0: 3 0x8000c0bc (0x00a664b3) x 9 0x80000000
core   0: 0x8000c0c0 (0x0142cfb3) xor     t6, t0, s4
core   0: 3 0x8000c0c0 (0x0142cfb3) x31 0x3360309c
core   0: 0x8000c0c4 (0x71486c93) ori     s9, a6, 1812
core   0: 3 0x8000c0c4 (0x71486c93) x25 0x80025f54
core   0: 0x8000c0c8 (0x0149c133) xor     sp, s3, s4
core   0: 3 0x8000c0c8 (0x0149c133) x 2 0x8061ef5c
core   0: 0x8000c0cc (0x036f7e33) remu    t3, t5, s6
core   0: 3 0x8000c0cc (0x036f7e33) x28 0x00000000
core   0: 0x8000c0d0 (0x034f78b3) remu    a7, t5, s4
core   0: 3 0x8000c0d0 (0x034f78b3) x17 0x112a3231
core   0: 0x8000c0d4 (0x0f62ec63) bltu    t0, s6, pc + 248
core   0: 3 0x8000c0d4 (0x0f62ec63)
core   0: 0x8000c1cc (0x024ae933) rem     s2, s5, tp
core   0: 3 0x8000c1cc (0x024ae933) x18 0x00000000
core   0: 0x8000c1d0 (0x40fd5193) srai    gp, s10, 15
core   0: 3 0x8000c1d0 (0x40fd5193) x 3 0xffffcd85
core   0: 0x8000c1d4 (0x002ecc63) blt     t4, sp, pc + 24
core   0: 3 0x8000c1d4 (0x002ecc63)
core   0: 0x8000c1ec (0xcc2154b7) lui     s1, 0xcc215
core   0: 3 0x8000c1ec (0xcc2154b7) x 9 0xcc215000
core   0: 0x8000c1f0 (0xe6de6593) ori     a1, t3, -403
core   0: 3 0x8000c1f0 (0xe6de6593) x11 0xfffffe6d
core   0: 0x8000c1f4 (0x011992b3) sll     t0, s3, a7
core   0: 3 0x8000c1f4 (0x011992b3) x 5 0xbf800000
core   0: 0x8000c1f8 (0xdff51f17) auipc   t5, 0xdff51
core   0: 3 0x8000c1f8 (0xdff51f17) x30 0x5ff5d1f8
core   0: 0x8000c1fc (0x02a278b3) remu    a7, tp, a0
core   0: 3 0x8000c1fc (0x02a278b3) x17 0x80025e50
core   0: 0x8000c200 (0x038bc863) blt     s7, s8, pc + 48
core   0: 3 0x8000c200 (0x038bc863)
core   0: 0x8000c230 (0x02097463) bgeu    s2, zero, pc + 40
core   0: 3 0x8000c230 (0x02097463)
core   0: 0x8000c258 (0x013fa233) slt     tp, t6, s3
core   0: 3 0x8000c258 (0x013fa233) x 4 0x00000000
core   0: 0x8000c25c (0x01e3f033) and     zero, t2, t5
core   0: 3 0x8000c25c (0x01e3f033)
core   0: 0x8000c260 (0x039dd263) bge     s11, s9, pc + 36
core   0: 3 0x8000c260 (0x039dd263)
core   0: 0x8000c264 (0x3d242593) slti    a1, s0, 978
core   0: 3 0x8000c264 (0x3d242593) x11 0x00000001
core   0: 0x8000c268 (0x46c50797) auipc   a5, 0x46c50
core   0: 3 0x8000c268 (0x46c50797) x15 0xc6c5c268
core   0: 0x8000c26c (0x03d9a533) mulhsu  a0, s3, t4
core   0: 3 0x8000c26c (0x03d9a533) x10 0xd9801c2b
core   0: 0x8000c270 (0x816b6513) ori     a0, s6, -2026
core   0: 3 0x8000c270 (0x816b6513) x10 0xfffff817
core   0: 0x8000c274 (0x028bca63) blt     s7, s0, pc + 52
core   0: 3 0x8000c274 (0x028bca63)
core   0: 0x8000c2a8 (0x4159dfb3) sra     t6, s3, s5
core   0: 3 0x8000c2a8 (0x4159dfb3) x31 0xb301dfc0
core   0: 0x8000c2ac (0x0290c433) div     s0, ra, s1
core   0: 3 0x8000c2ac (0x0290c433) x 8 0x00000000
core   0: 0x8000c2b0 (0x03649263) bne     s1, s6, pc + 36
core   0: 3 0x8000c2b0 (0x03649263)
core   0: 0x8000c2d4 (0x75f6a037) lui     zero, 0x75f6a
core   0: 3 0x8000c2d4 (0x75f6a037)
core   0: 0x8000c2d8 (0x0061fdb3) and     s11, gp, t1
core   0: 3 0x8000c2d8 (0x0061fdb3) x27 0x00000001
core   0: 0x8000c2dc (0xad40b493) sltiu   s1, ra, -1324
core   0: 3 0x8000c2dc (0xad40b493) x 9 0x00000001
core   0: 0x8000c2e0 (0xf269c137) lui     sp, 0xf269c
core   0: 3 0x8000c2e0 (0xf269c137) x 2 0xf269c000
core   0: 0x8000c2e4 (0x0123e7b3) or      a5, t2, s2
core   0: 3 0x8000c2e4 (0x0123e7b3) x15 0xefd00000
core   0: 0x8000c2e8 (0x00d13cb3) sltu    s9, sp, a3
core   0: 3 0x8000c2e8 (0x00d13cb3) x25 0x00000000
core   0: 0x8000c2ec (0x30023213) sltiu   tp, tp, 768
core   0: 3 0x8000c2ec (0x30023213) x 4 0x00000001
core   0: 0x8000c2f0 (0x008a9713) slli    a4, s5, 8
core   0: 3 0x8000c2f0 (0x008a9713) x14 0x00000000
core   0: 0x8000c2f4 (0x05a00063) beq     zero, s10, pc + 64
core   0: 3 0x8000c2f4 (0x05a00063)
core   0: 0x8000c2f8 (0x019eca33) xor     s4, t4, s9
core   0: 3 0x8000c2f8 (0x019eca33) x20 0x8002bfec
core   0: 0x8000c2fc (0x03a51033) mulh    zero, a0, s10
core   0: 3 0x8000c2fc (0x03a51033)
core   0: 0x8000c300 (0x036f38b3) mulhu   a7, t5, s6
core   0: 3 0x8000c300 (0x036f38b3) x17 0x00000000
core   0: 0x8000c304 (0x2f0a2b13) slti    s6, s4, 752
core   0: 3 0x8000c304 (0x2f0a2b13) x22 0x00000001
core   0: 0x8000c308 (0x025c5733) divu    a4, s8, t0
core   0: 3 0x8000c308 (0x025c5733) x14 0x00000000
core   0: 0x8000c30c (0x0086b3b3) sltu    t2, a3, s0
core   0: 3 0x8000c30c (0x0086b3b3) x 7 0x00000000
core   0: 0x8000c310 (0x025ddd33) divu    s10, s11, t0
core   0: 3 0x8000c310 (0x025ddd33) x26 0x00000000
core   0: 0x8000c314 (0x01de32b3) sltu    t0, t3, t4
core   0: 3 0x8000c314 (0x01de32b3) x 5 0x00000001
core   0: 0x8000c318 (0x02b7cbb3) div     s7, a5, a1
core   0: 3 0x8000c318 (0x02b7cbb3) x23 0xefd00000
core   0: 0x8000c31c (0x02318733) mul     a4, gp, gp
core   0: 3 0x8000c31c (0x02318733) x14 0x09f44719
core   0: 0x8000c320 (0xd6448a93) addi    s5, s1, -668
core   0: 3 0x8000c320 (0xd6448a93) x21 0xfffffd65
core   0: 0x8000c324 (0x032a04b3) mul     s1, s4, s2
core   0: 3 0x8000c324 (0x032a04b3) x 9 0x00000000
core   0: 0x8000c328 (0xad2c8213) addi    tp, s9, -1326
core   0: 3 0x8000c328 (0xad2c8213) x 4 0xfffffad2
core   0: 0x8000c32c (0x0280bd33) mulhu   s10, ra, s0
core   0: 3 0x8000c32c (0x0280bd33) x26 0x00000000
core   0: 0x8000c330 (0x03fa1db3) mulh    s11, s4, t6
core   0: 3 0x8000c330 (0x03fa1db3) x27 0x267e3c6b
core   0: 0x8000c334 (0xae194217) auipc   tp, 0xae194
core   0: 3 0x8000c334 (0xae194217) x 4 0x2e1a0334
core   0: 0x8000c338 (0x0014a433) slt     s0, s1, ra
core   0: 3 0x8000c338 (0x0014a433) x 8 0x00000001
core   0: 0x8000c33c (0x020ab6b3) mulhu   a3, s5, zero
core   0: 3 0x8000c33c (0x020ab6b3) x13 0x00000000
core   0: 0x8000c340 (0x00a8b933) sltu    s2, a7, a0
core   0: 3 0x8000c340 (0x00a8b933) x18 0x00000001
core   0: 0x8000c344 (0x02e74463) blt     a4, a4, pc + 40
core   0: 3 0x8000c344 (0x02e74463)
core   0: 0x8000c348 (0x3c82c317) auipc   t1, 0x3c82c
core   0: 3 0x8000c348 (0x3c82c317) x 6 0xbc838348
core   0: 0x8000c34c (0x01330d33) add     s10, t1, s3
core   0: 3 0x8000c34c (0x01330d33) x26 0x6f856308
core   0: 0x8000c350 (0x03b67c63) bgeu    a2, s11, pc + 56
core   0: 3 0x8000c350 (0x03b67c63)
core   0: 0x8000c388 (0x00defa63) bgeu    t4, a3, pc + 20
core   0: 3 0x8000c388 (0x00defa63)
core   0: 0x8000c39c (0x02945663) bge     s0, s1, pc + 44
core   0: 3 0x8000c39c (0x02945663)
core   0: 0x8000c3c8 (0x40fad713) srai    a4, s5, 15
core   0: 3 0x8000c3c8 (0x40fad713) x14 0xffffffff
core   0: 0x8000c3cc (0x01633f33) sltu    t5, t1, s6
core   0: 3 0x8000c3cc (0x01633f33) x30 0x00000000
core   0: 0x8000c3d0 (0x01395863) bge     s2, s3, pc + 16
core   0: 3 0x8000c3d0 (0x01395863)
core   0: 0x8000c3e0 (0x02f85033) divu    zero, a6, a5
core   0: 3 0x8000c3e0 (0x02f85033)
core   0: 0x8000c3e4 (0x012c4a33) xor     s4, s8, s2
core   0: 3 0x8000c3e4 (0x012c4a33) x20 0x80029ce5
core   0: 0x8000c3e8 (0x03a70133) mul     sp, a4, s10
core   0: 3 0x8000c3e8 (0x03a70133) x 2 0x907a9cf8
core   0: 0x8000c3ec (0xc0c8b893) sltiu   a7, a7, -1012
core   0: 3 0x8000c3ec (0xc0c8b893) x17 0x00000001
core   0: 0x8000c3f0 (0x01829263) bne     t0, s8, pc + 4
core   0: 3 0x8000c3f0 (0x01829263)
core   0: 0x8000c3f4 (0x95146c93) ori     s9, s0, -1711
core   0: 3 0x8000c3f4 (0x95146c93) x25 0xfffff951
core   0: 0x8000c3f8 (0x0388fe63) bgeu    a7, s8, pc + 60
core   0: 3 0x8000c3f8 (0x0388fe63)
core   0: 0x8000c3fc (0x02088063) beqz    a7, pc + 32
core   0: 3 0x8000c3fc (0x02088063)
core   0: 0x8000c400 (0x01baa2b3) slt     t0, s5, s11
core   0: 3 0x8000c400 (0x01baa2b3) x 5 0x00000001
core   0: 0x8000c404 (0x23eca393) slti    t2, s9, 574
core   0: 3 0x8000c404 (0x23eca393) x 7 0x00000001
core   0: 0x8000c408 (0x029e4463) blt     t3, s1, pc + 40
core   0: 3 0x8000c408 (0x029e4463)
core   0: 0x8000c40c (0x015983b3) add     t2, s3, s5
core   0: 3 0x8000c40c (0x015983b3) x 7 0xb301dd25
core   0: 0x8000c410 (0x0131f9b3) and     s3, gp, s3
core   0: 3 0x8000c410 (0x0131f9b3) x19 0xb301cd80
core   0: 0x8000c414 (0x035aebb3) rem     s7, s5, s5
core   0: 3 0x8000c414 (0x035aebb3) x23 0x00000000
core   0: 0x8000c418 (0x418a51b3) sra     gp, s4, s8
core   0: 3 0x8000c418 (0x418a51b3) x 3 0xf80029ce
core   0: 0x8000c41c (0x047fe663) bltu    t6, t2, pc + 76
core   0: 3 0x8000c41c (0x047fe663)
core   0: 0x8000c420 (0x007883b3) add     t2, a7, t2
core   0: 3 0x8000c420 (0x007883b3) x 7 0xb301dd26
core   0: 0x8000c424 (0x7f443013) sltiu   zero, s0, 2036
core   0: 3 0x8000c424 (0x7f443013)
core   0: 0x8000c428 (0x02367463) bgeu    a2, gp, pc + 40
core   0: 3 0x8000c428 (0x02367463)
core   0: 0x8000c42c (0x0261c233) div     tp, gp, t1
core   0: 3 0x8000c42c (0x0261c233) x 4 0x00000000
core   0: 0x8000c430 (0x00000013) nop
core   0: 3 0x8000c430 (0x00000013)
core   0: 0x8000c434 (0x01809f13) slli    t5, ra, 24
core   0: 3 0x8000c434 (0x01809f13) x30 0x01000000
core   0: 0x8000c438 (0xbb5daa93) slti    s5, s11, -1099
core   0: 3 0x8000c438 (0xbb5daa93) x21 0x00000000
core   0: 0x8000c43c (0x00000013) nop
core   0: 3 0x8000c43c (0x00000013)
core   0: 0x8000c440 (0x03303433) mulhu   s0, zero, s3
core   0: 3 0x8000c440 (0x03303433) x 8 0x00000000
core   0: 0x8000c444 (0x405756b3) sra     a3, a4, t0
core   0: 3 0x8000c444 (0x405756b3) x13 0xffffffff
core   0: 0x8000c448 (0x03be6263) bltu    t3, s11, pc + 36
core   0: 3 0x8000c448 (0x03be6263)
core   0: 0x8000c46c (0x00000013) nop
core   0: 3 0x8000c46c (0x00000013)
core   0: 0x8000c470 (0x014111b3) sll     gp, sp, s4
core   0: 3 0x8000c470 (0x014111b3) x 3 0x0f539f00
core   0: 0x8000c474 (0x025a0e63) beq     s4, t0, pc + 60
core   0: 3 0x8000c474 (0x025a0e63)
core   0: 0x8000c478 (0x0063a4b3) slt     s1, t2, t1
core   0: 3 0x8000c478 (0x0063a4b3) x 9 0x00000001
core   0: 0x8000c47c (0x032c2f33) mulhsu  t5, s8, s2
core   0: 3 0x8000c47c (0x032c2f33) x30 0xffffffff
core   0: 0x8000c480 (0x01ff98b3) sll     a7, t6, t6
core   0: 3 0x8000c480 (0x01ff98b3) x17 0xb301dfc0
core   0: 0x8000c484 (0x40b75193) srai    gp, a4, 11
core   0: 3 0x8000c484 (0x40b75193) x 3 0xffffffff
core   0: 0x8000c488 (0x00795e13) srli    t3, s2, 7
core   0: 3 0x8000c488 (0x00795e13) x28 0x00000000
core   0: 0x8000c48c (0x02812733) mulhsu  a4, sp, s0
core   0: 3 0x8000c48c (0x02812733) x14 0x00000000
core   0: 0x8000c490 (0x4414f393) andi    t2, s1, 1089
core   0: 3 0x8000c490 (0x4414f393) x 7 0x00000001
core   0: 0x8000c494 (0x00b5a033) slt     zero, a1, a1
core   0: 3 0x8000c494 (0x00b5a033)
core   0: 0x8000c498 (0x025c0a63) beq     s8, t0, pc + 52
core   0: 3 0x8000c498 (0x025c0a63)
core   0: 0x8000c49c (0x02c29033) mulh    zero, t0, a2
core   0: 3 0x8000c49c (0x02c29033)
core   0: 0x8000c4a0 (0x031e6433) rem     s0, t3, a7
core   0: 3 0x8000c4a0 (0x031e6433) x 8 0x00000000
core   0: 0x8000c4a4 (0x035d2f33) mulhsu  t5, s10, s5
core   0: 3 0x8000c4a4 (0x035d2f33) x30 0x00000000
core   0: 0x8000c4a8 (0x03b67233) remu    tp, a2, s11
core   0: 3 0x8000c4a8 (0x03b67233) x 4 0x0c854abf
core   0: 0x8000c4ac (0x02e26cb3) rem     s9, tp, a4
core   0: 3 0x8000c4ac (0x02e26cb3) x25 0x0c854abf
core   0: 0x8000c4b0 (0x01911c63) bne     sp, s9, pc + 24
core   0: 3 0x8000c4b0 (0x01911c63)
core   0: 0x8000c4c8 (0xd2fdb897) auipc   a7, 0xd2fdb
core   0: 3 0x8000c4c8 (0xd2fdb897) x17 0x52fe74c8
core   0: 0x8000c4cc (0x40068e33) sub     t3, a3, zero
core   0: 3 0x8000c4cc (0x40068e33) x28 0xffffffff
core   0: 0x8000c4d0 (0x035798b3) mulh    a7, a5, s5
core   0: 3 0x8000c4d0 (0x035798b3) x17 0x00000000
core   0: 0x8000c4d4 (0x05577663) bgeu    a4, s5, pc + 76
core   0: 3 0x8000c4d4 (0x05577663)
core   0: 0x8000c520 (0x0338e1b3) rem     gp, a7, s3
core   0: 3 0x8000c520 (0x0338e1b3) x 3 0x00000000
core   0: 0x8000c524 (0x0100f3b3) and     t2, ra, a6
core   0: 3 0x8000c524 (0x0100f3b3) x 7 0x00000000
core   0: 0x8000c528 (0x00339bb3) sll     s7, t2, gp
core   0: 3 0x8000c528 (0x00339bb3) x23 0x00000000
core   0: 0x8000c52c (0x0d5dfc63) bgeu    s11, s5, pc + 216
core   0: 3 0x8000c52c (0x0d5dfc63)
core   0: 0x8000c604 (0x02c61263) bne     a2, a2, pc + 36
core   0: 3 0x8000c604 (0x02c61263)
core   0: 0x8000c608 (0x01675863) bge     a4, s6, pc + 16
core   0: 3 0x8000c608 (0x01675863)
core   0: 0x8000c60c (0x3c44a193) slti    gp, s1, 964
core   0: 3 0x8000c60c (0x3c44a193) x 3 0x00000001
core   0: 0x8000c610 (0x039dc663) blt     s11, s9, pc + 44
core   0: 3 0x8000c610 (0x039dc663)
core   0: 0x8000c614 (0x020815b3) mulh    a1, a6, zero
core   0: 3 0x8000c614 (0x020815b3) x11 0x00000000
core   0: 0x8000c618 (0x83a8c513) xori    a0, a7, -1990
core   0: 3 0x8000c618 (0x83a8c513) x10 0xfffff83a
core   0: 0x8000c61c (0x001c5593) srli    a1, s8, 1
core   0: 3 0x8000c61c (0x001c5593) x11 0x40014e72
core   0: 0x8000c620 (0xa0e83093) sltiu   ra, a6, -1522
core   0: 3 0x8000c620 (0xa0e83093) x 1 0x00000001
core   0: 0x8000c624 (0x00df4433) xor     s0, t5, a3
core   0: 3 0x8000c624 (0x00df4433) x 8 0xffffffff
core   0: 0x8000c628 (0x02146a33) rem     s4, s0, ra
core   0: 3 0x8000c628 (0x02146a33) x20 0x00000000
core   0: 0x8000c62c (0x01207433) and     s0, zero, s2
core   0: 3 0x8000c62c (0x01207433) x 8 0x00000000
core   0: 0x8000c630 (0x40d905b3) sub     a1, s2, a3
core   0: 3 0x8000c630 (0x40d905b3) x11 0x00000002
core   0: 0x8000c634 (0x023b8863) beq     s7, gp, pc + 48
core   0: 3 0x8000c634 (0x023b8863)
core   0: 0x8000c638 (0x40af54b3) sra     s1, t5, a0
core   0: 3 0x8000c638 (0x40af54b3) x 9 0x00000000
core   0: 0x8000c63c (0x418487b3) sub     a5, s1, s8
core   0: 3 0x8000c63c (0x418487b3) x15 0x7ffd631c
core   0: 0x8000c640 (0x03663cb3) mulhu   s9, a2, s6
core   0: 3 0x8000c640 (0x03663cb3) x25 0x00000000
core   0: 0x8000c644 (0x250a0e93) addi    t4, s4, 592
core   0: 3 0x8000c644 (0x250a0e93) x29 0x00000250
core   0: 0x8000c648 (0x009d3b33) sltu    s6, s10, s1
core   0: 3 0x8000c648 (0x009d3b33) x22 0x00000000
core   0: 0x8000c64c (0x40365f13) srai    t5, a2, 3
core   0: 3 0x8000c64c (0x40365f13) x30 0xf0000000
core   0: 0x8000c650 (0xbdeeeb13) ori     s6, t4, -1058
core   0: 3 0x8000c650 (0xbdeeeb13) x22 0xfffffbde
core   0: 0x8000c654 (0x713d8e13) addi    t3, s11, 1811
core   0: 3 0x8000c654 (0x713d8e13) x28 0x267e437e
core   0: 0x8000c658 (0x407cdd13) srai    s10, s9, 7
core   0: 3 0x8000c658 (0x407cdd13) x26 0x00000000
core   0: 0x8000c65c (0x02ac9663) bne     s9, a0, pc + 44
core   0: 3 0x8000c65c (0x02ac9663)
core   0: 0x8000c688 (0x60ab8593) addi    a1, s7, 1546
core   0: 3 0x8000c688 (0x60ab8593) x11 0x0000060a
core   0: 0x8000c68c (0x03b4e063) bltu    s1, s11, pc + 32
core   0: 3 0x8000c68c (0x03b4e063)
core   0: 0x8000c6ac (0x4d4963b7) lui     t2, 0x4d496
core   0: 3 0x8000c6ac (0x4d4963b7) x 7 0x4d496000
core   0: 0x8000c6b0 (0xb6ef8113) addi    sp, t6, -1170
core   0: 3 0x8000c6b0 (0xb6ef8113) x 2 0xb301db2e
core   0: 0x8000c6b4 (0x032b36b3) mulhu   a3, s6, s2
core   0: 3 0x8000c6b4 (0x032b36b3) x13 0x00000000
core   0: 0x8000c6b8 (0x295fcb93) xori    s7, t6, 661
core   0: 3 0x8000c6b8 (0x295fcb93) x23 0xb301dd55
core   0: 0x8000c6bc (0x029083b3) mul     t2, ra, s1
core   0: 3 0x8000c6bc (0x029083b3) x 7 0x00000000
core   0: 0x8000c6c0 (0x03cc8e63) beq     s9, t3, pc + 60
core   0: 3 0x8000c6c0 (0x03cc8e63)
core   0: 0x8000c6c4 (0x41dbd333) sra     t1, s7, t4
core   0: 3 0x8000c6c4 (0x41dbd333) x 6 0xffffb301
core   0: 0x8000c6c8 (0x40138eb3) sub     t4, t2, ra
core   0: 3 0x8000c6c8 (0x40138eb3) x29 0xffffffff
core   0: 0x8000c6cc (0x03655263) bge     a0, s6, pc + 36
core   0: 3 0x8000c6cc (0x03655263)
core   0: 0x8000c6d0 (0x0317d863) bge     a5, a7, pc + 48
core   0: 3 0x8000c6d0 (0x0317d863)
core   0: 0x8000c700 (0xeb31a713) slti    a4, gp, -333
core   0: 3 0x8000c700 (0xeb31a713) x14 0x00000000
core   0: 0x8000c704 (0x5c1b7717) auipc   a4, 0x5c1b7
core   0: 3 0x8000c704 (0x5c1b7717) x14 0xdc1c3704
core   0: 0x8000c708 (0x038f1cb3) mulh    s9, t5, s8
core   0: 3 0x8000c708 (0x038f1cb3) x25 0x07ffd631
core   0: 0x8000c70c (0x3f95e293) ori     t0, a1, 1017
core   0: 3 0x8000c70c (0x3f95e293) x 5 0x000007fb
core   0: 0x8000c710 (0xf8513a17) auipc   s4, 0xf8513
core   0: 3 0x8000c710 (0xf8513a17) x20 0x7851f710
core   0: 0x8000c714 (0x03d6ea33) rem     s4, a3, t4
core   0: 3 0x8000c714 (0x03d6ea33) x20 0x00000000
core   0: 0x8000c718 (0x036fc233) div     tp, t6, s6
core   0: 3 0x8000c718 (0x036fc233) x 4 0x0012a12e
core   0: 0x8000c71c (0x007cf1b3) and     gp, s9, t2
core   0: 3 0x8000c71c (0x007cf1b3) x 3 0x00000000
core   0: 0x8000c720 (0x02744ab3) div     s5, s0, t2
core   0: 3 0x8000c720 (0x02744ab3) x21 0xffffffff
core   0: 0x8000c724 (0x02900063) beq     zero, s1, pc + 32
core   0: 3 0x8000c724 (0x02900063)
core   0: 0x8000c744 (0x01ba8d33) add     s10, s5, s11
core   0: 3 0x8000c744 (0x01ba8d33) x26 0x267e3c6a
core   0: 0x8000c748 (0x00a549b3) xor     s3, a0, a0
core   0: 3 0x8000c748 (0x00a549b3) x19 0x00000000
core   0: 0x8000c74c (0x03ea56b3) divu    a3, s4, t5
core   0: 3 0x8000c74c (0x03ea56b3) x13 0x00000000
core   0: 0x8000c750 (0x024a4d33) div     s10, s4, tp
core   0: 3 0x8000c750 (0x024a4d33) x26 0x00000000
core   0: 0x8000c754 (0x01f4ec63) bltu    s1, t6, pc + 24
core   0: 3 0x8000c754 (0x01f4ec63)
core   0: 0x8000c76c (0x0334eab3) rem     s5, s1, s3
core   0: 3 0x8000c76c (0x0334eab3) x21 0x00000000
core   0: 0x8000c770 (0x0382a033) mulhsu  zero, t0, s8
core   0: 3 0x8000c770 (0x0382a033)
core   0: 0x8000c774 (0x806d0713) addi    a4, s10, -2042
core   0: 3 0x8000c774 (0x806d0713) x14 0xfffff806
core   0: 0x8000c778 (0x034db5b3) mulhu   a1, s11, s4
core   0: 3 0x8000c778 (0x034db5b3) x11 0x00000000
core   0: 0x8000c77c (0x40f4fc93) andi    s9, s1, 1039
core   0: 3 0x8000c77c (0x40f4fc93) x25 0x00000000
core   0: 0x8000c780 (0x02809fb3) mulh    t6, ra, s0
core   0: 3 0x8000c780 (0x02809fb3) x31 0x00000000
core   0: 0x8000c784 (0x02a5a533) mulhsu  a0, a1, a0
core   0: 3 0x8000c784 (0x02a5a533) x10 0x00000000
core   0: 0x8000c788 (0x00997d33) and     s10, s2, s1
core   0: 3 0x8000c788 (0x00997d33) x26 0x00000000
core   0: 0x8000c78c (0x032a6a63) bltu    s4, s2, pc + 52
core   0: 3 0x8000c78c (0x032a6a63)
core   0: 0x8000c7c0 (0x019b5263) bge     s6, s9, pc + 4
core   0: 3 0x8000c7c0 (0x019b5263)
core   0: 0x8000c7c4 (0x006eda93) srli    s5, t4, 6
core   0: 3 0x8000c7c4 (0x006eda93) x21 0x03ffffff
core   0: 0x8000c7c8 (0x00b05913) srli    s2, zero, 11
core   0: 3 0x8000c7c8 (0x00b05913) x18 0x00000000
core   0: 0x8000c7cc (0x036d8463) beq     s11, s6, pc + 40
core   0: 3 0x8000c7cc (0x036d8463)
core   0: 0x8000c7d0 (0x01cd0eb3) add     t4, s10, t3
core   0: 3 0x8000c7d0 (0x01cd0eb3) x29 0x267e437e
core   0: 0x8000c7d4 (0x01db5f33) srl     t5, s6, t4
core   0: 3 0x8000c7d4 (0x01db5f33) x30 0x00000003
core   0: 0x8000c7d8 (0x02351cb3) mulh    s9, a0, gp
core   0: 3 0x8000c7d8 (0x02351cb3) x25 0x00000000
core   0: 0x8000c7dc (0x01b024b3) slt     s1, zero, s11
core   0: 3 0x8000c7dc (0x01b024b3) x 9 0x00000001
core   0: 0x8000c7e0 (0x03138a33) mul     s4, t2, a7
core   0: 3 0x8000c7e0 (0x03138a33) x20 0x00000000
core   0: 0x8000c7e4 (0x007d6a33) or      s4, s10, t2
core   0: 3 0x8000c7e4 (0x007d6a33) x20 0x00000000
core   0: 0x8000c7e8 (0x033c44b3) div     s1, s8, s3
core   0: 3 0x8000c7e8 (0x033c44b3) x 9 0xffffffff
core   0: 0x8000c7ec (0x0067f2b3) and     t0, a5, t1
core   0: 3 0x8000c7ec (0x0067f2b3) x 5 0x7ffd2300
core   0: 0x8000c7f0 (0x02e6ccb3) div     s9, a3, a4
core   0: 3 0x8000c7f0 (0x02e6ccb3) x25 0x00000000
core   0: 0x8000c7f4 (0x0181aab3) slt     s5, gp, s8
core   0: 3 0x8000c7f4 (0x0181aab3) x21 0x00000000
core   0: 0x8000c7f8 (0x03408533) mul     a0, ra, s4
core   0: 3 0x8000c7f8 (0x03408533) x10 0x00000000
core   0: 0x8000c7fc (0x03b7e6b3) rem     a3, a5, s11
core   0: 3 0x8000c7fc (0x03b7e6b3) x13 0x0c82addb
core   0: 0x8000c800 (0xe9bcb213) sltiu   tp, s9, -357
core   0: 3 0x8000c800 (0xe9bcb213) x 4 0x00000001
core   0: 0x8000c804 (0xc6ce93b7) lui     t2, 0xc6ce9
core   0: 3 0x8000c804 (0xc6ce93b7) x 7 0xc6ce9000
core   0: 0x8000c808 (0x01ae4733) xor     a4, t3, s10
core   0: 3 0x8000c808 (0x01ae4733) x14 0x267e437e
core   0: 0x8000c80c (0x03da9933) mulh    s2, s5, t4
core   0: 3 0x8000c80c (0x03da9933) x18 0x00000000
core   0: 0x8000c810 (0xa6fb3513) sltiu   a0, s6, -1425
core   0: 3 0x8000c810 (0xa6fb3513) x10 0x00000000
core   0: 0x8000c814 (0x3aeca537) lui     a0, 0x3aeca
core   0: 3 0x8000c814 (0x3aeca537) x10 0x3aeca000
core   0: 0x8000c818 (0x02d80663) beq     a6, a3, pc + 44
core   0: 3 0x8000c818 (0x02d80663)
core   0: 0x8000c81c (0x831bba93) sltiu   s5, s7, -1999
core   0: 3 0x8000c81c (0x831bba93) x21 0x00000001
core   0: 0x8000c820 (0x030e94b3) mulh    s1, t4, a6
core   0: 3 0x8000c820 (0x030e94b3) x 9 0xecc1396b
core   0: 0x8000c824 (0x014fa933) slt     s2, t6, s4
core   0: 3 0x8000c824 (0x014fa933) x18 0x00000000
core   0: 0x8000c828 (0x00fc07b3) add     a5, s8, a5
core   0: 3 0x8000c828 (0x00fc07b3) x15 0x00000000
core   0: 0x8000c82c (0x00524933) xor     s2, tp, t0
core   0: 3 0x8000c82c (0x00524933) x18 0x7ffd2301
core   0: 0x8000c830 (0x00bb0513) addi    a0, s6, 11
core   0: 3 0x8000c830 (0x00bb0513) x10 0xfffffbe9
core   0: 0x8000c834 (0xa35d4a93) xori    s5, s10, -1483
core   0: 3 0x8000c834 (0xa35d4a93) x21 0xfffffa35
core   0: 0x8000c838 (0xcda97113) andi    sp, s2, -806
core   0: 3 0x8000c838 (0xcda97113) x 2 0x7ffd2000
core   0: 0x8000c83c (0xd271e713) ori     a4, gp, -729
core   0: 3 0x8000c83c (0xd271e713) x14 0xfffffd27
core   0: 0x8000c840 (0x0d902e13) slti    t3, zero, 217
core   0: 3 0x8000c840 (0x0d902e13) x28 0x00000001
core   0: 0x8000c844 (0x00bc2e33) slt     t3, s8, a1
core   0: 3 0x8000c844 (0x00bc2e33) x28 0x00000001
core   0: 0x8000c848 (0x1bec7e93) andi    t4, s8, 446
core   0: 3 0x8000c848 (0x1bec7e93) x29 0x000000a4
core   0: 0x8000c84c (0x036af263) bgeu    s5, s6, pc + 36
core   0: 3 0x8000c84c (0x036af263)
core   0: 0x8000c850 (0x814b3b97) auipc   s7, 0x814b3
core   0: 3 0x8000c850 (0x814b3b97) x23 0x014bf850
core   0: 0x8000c854 (0x00000013) nop
core   0: 3 0x8000c854 (0x00000013)
core   0: 0x8000c858 (0x41a78fb3) sub     t6, a5, s10
core   0: 3 0x8000c858 (0x41a78fb3) x31 0x00000000
core   0: 0x8000c85c (0x4183df33) sra     t5, t2, s8
core   0: 3 0x8000c85c (0x4183df33) x30 0xfc6ce900
core   0: 0x8000c860 (0xed5d3b93) sltiu   s7, s10, -299
core   0: 3 0x8000c860 (0xed5d3b93) x23 0x00000001
core   0: 0x8000c864 (0x0224c4b3) div     s1, s1, sp
core   0: 3 0x8000c864 (0x0224c4b3) x 9 0x00000000
core   0: 0x8000c868 (0x0187f8b3) and     a7, a5, s8
core   0: 3 0x8000c868 (0x0187f8b3) x17 0x00000000
core   0: 0x8000c86c (0xd9874913) xori    s2, a4, -616
core   0: 3 0x8000c86c (0xd9874913) x18 0x000000bf
core   0: 0x8000c870 (0xcfb7e693) ori     a3, a5, -773
core   0: 3 0x8000c870 (0xcfb7e693) x13 0xfffffcfb
core   0: 0x8000c874 (0x01f01093) slli    ra, zero, 31
core   0: 3 0x8000c874 (0x01f01093) x 1 0x00000000
core   0: 0x8000c878 (0xb30f3a93) sltiu   s5, t5, -1232
core   0: 3 0x8000c878 (0xb30f3a93) x21 0x00000001
core   0: 0x8000c87c (0x02a0d133) divu    sp, ra, a0
core   0: 3 0x8000c87c (0x02a0d133) x 2 0x00000000
core   0: 0x8000c880 (0x71c4e113) ori     sp, s1, 1820
core   0: 3 0x8000c880 (0x71c4e113) x 2 0x0000071c
core   0: 0x8000c884 (0x0040d213) srli    tp, ra, 4
core   0: 3 0x8000c884 (0x0040d213) x 4 0x00000000
core   0: 0x8000c888 (0x013e6fb3) or      t6, t3, s3
core   0: 3 0x8000c888 (0x013e6fb3) x31 0x00000001
core   0: 0x8000c88c (0x00c0d933) srl     s2, ra, a2
core   0: 3 0x8000c88c (0x00c0d933) x18 0x00000000
core   0: 0x8000c890 (0x00e25093) srli    ra, tp, 14
core   0: 3 0x8000c890 (0x00e25093) x 1 0x00000000
core   0: 0x8000c894 (0x3650e293) ori     t0, ra, 869
core   0: 3 0x8000c894 (0x3650e293) x 5 0x00000365
core   0: 0x8000c898 (0x0243ffb3) remu    t6, t2, tp
core   0: 3 0x8000c898 (0x0243ffb3) x31 0xc6ce9000
core   0: 0x8000c89c (0x01d8ceb3) xor     t4, a7, t4
core   0: 3 0x8000c89c (0x01d8ceb3) x29 0x000000a4
core   0: 0x8000c8a0 (0x04dec663) blt     t4, a3, pc + 76
core   0: 3 0x8000c8a0 (0x04dec663)
core   0: 0x8000c8a4 (0x65844413) xori    s0, s0, 1624
core   0: 3 0x8000c8a4 (0x65844413) x 8 0x00000658
core   0: 0x8000c8a8 (0x41ac8d33) sub     s10, s9, s10
core   0: 3 0x8000c8a8 (0x41ac8d33) x26 0x00000000
core   0: 0x8000c8ac (0x41795b13) srai    s6, s2, 23
core   0: 3 0x8000c8ac (0x41795b13) x22 0x00000000
core   0: 0x8000c8b0 (0xca2ca893) slti    a7, s9, -862
core   0: 3 0x8000c8b0 (0xca2ca893) x17 0x00000000
core   0: 0x8000c8b4 (0x03f85a33) divu    s4, a6, t6
core   0: 3 0x8000c8b4 (0x03f85a33) x20 0x00000000
core   0: 0x8000c8b8 (0x0356feb3) remu    t4, a3, s5
core   0: 3 0x8000c8b8 (0x0356feb3) x29 0x00000000
core   0: 0x8000c8bc (0x02941fb3) mulh    t6, s0, s1
core   0: 3 0x8000c8bc (0x02941fb3) x31 0x00000000
core   0: 0x8000c8c0 (0x01de5433) srl     s0, t3, t4
core   0: 3 0x8000c8c0 (0x01de5433) x 8 0x00000001
core   0: 0x8000c8c4 (0x00e164b3) or      s1, sp, a4
core   0: 3 0x8000c8c4 (0x00e164b3) x 9 0xffffff3f
core   0: 0x8000c8c8 (0x00a4fdb3) and     s11, s1, a0
core   0: 3 0x8000c8c8 (0x00a4fdb3) x27 0xfffffb29
core   0: 0x8000c8cc (0x010f9713) slli    a4, t6, 16
core   0: 3 0x8000c8cc (0x010f9713) x14 0x00000000
core   0: 0x8000c8d0 (0x015534b3) sltu    s1, a0, s5
core   0: 3 0x8000c8d0 (0x015534b3) x 9 0x00000000
core   0: 0x8000c8d4 (0x02777d33) remu    s10, a4, t2
core   0: 3 0x8000c8d4 (0x02777d33) x26 0x00000000
core   0: 0x8000c8d8 (0x014a6cb3) or      s9, s4, s4
core   0: 3 0x8000c8d8 (0x014a6cb3) x25 0x00000000
core   0: 0x8000c8dc (0x012d9bb3) sll     s7, s11, s2
core   0: 3 0x8000c8dc (0x012d9bb3) x23 0xfffffb29
core   0: 0x8000c8e0 (0x40dfd733) sra     a4, t6, a3
core   0: 3 0x8000c8e0 (0x40dfd733) x14 0x00000000
core   0: 0x8000c8e4 (0x40a480b3) sub     ra, s1, a0
core   0: 3 0x8000c8e4 (0x40a480b3) x 1 0x00000417
core   0: 0x8000c8e8 (0x03afadb3) mulhsu  s11, t6, s10
core   0: 3 0x8000c8e8 (0x03afadb3) x27 0x00000000
core   0: 0x8000c8ec (0x01ec5c63) bge     s8, t5, pc + 24
core   0: 3 0x8000c8ec (0x01ec5c63)
core   0: 0x8000c8f0 (0x02347b33) remu    s6, s0, gp
core   0: 3 0x8000c8f0 (0x02347b33) x22 0x00000001
core   0: 0x8000c8f4 (0x01319713) slli    a4, gp, 19
core   0: 3 0x8000c8f4 (0x01319713) x14 0x00000000
core   0: 0x8000c8f8 (0xfafaf417) auipc   s0, 0xfafaf
core   0: 3 0x8000c8f8 (0xfafaf417) x 8 0x7afbb8f8
core   0: 0x8000c8fc (0x02ee32b3) mulhu   t0, t3, a4
core   0: 3 0x8000c8fc (0x02ee32b3) x 5 0x00000000
core   0: 0x8000c900 (0x00955a93) srli    s5, a0, 9
core   0: 3 0x8000c900 (0x00955a93) x21 0x007ffffd
core   0: 0x8000c904 (0x02880cb3) mul     s9, a6, s0
core   0: 3 0x8000c904 (0x02880cb3) x25 0x4e84dd80
core   0: 0x8000c908 (0x03950733) mul     a4, a0, s9
core   0: 3 0x8000c908 (0x03950733) x14 0xde9a1980
core   0: 0x8000c90c (0x03966133) rem     sp, a2, s9
core   0: 3 0x8000c90c (0x03966133) x 2 0xce84dd80
core   0: 0x8000c910 (0xad218293) addi    t0, gp, -1326
core   0: 3 0x8000c910 (0xad218293) x 5 0xfffffad2
core   0: 0x8000c914 (0x02ae5a33) divu    s4, t3, a0
core   0: 3 0x8000c914 (0x02ae5a33) x20 0x00000000
core   0: 0x8000c918 (0x030af3b3) remu    t2, s5, a6
core   0: 3 0x8000c918 (0x030af3b3) x 7 0x007ffffd
core   0: 0x8000c91c (0xce1afd97) auipc   s11, 0xce1af
core   0: 3 0x8000c91c (0xce1afd97) x27 0x4e1bb91c
core   0: 0x8000c920 (0x02c45e63) bge     s0, a2, pc + 60
core   0: 3 0x8000c920 (0x02c45e63)
core   0: 0x8000c95c (0x03bf7f33) remu    t5, t5, s11
core   0: 3 0x8000c95c (0x03bf7f33) x30 0x1219bdac
core   0: 0x8000c960 (0x0186a933) slt     s2, a3, s8
core   0: 3 0x8000c960 (0x0186a933) x18 0x00000000
core   0: 0x8000c964 (0x00df5013) srli    zero, t5, 13
core   0: 3 0x8000c964 (0x00df5013)
core   0: 0x8000c968 (0x0216ae33) mulhsu  t3, a3, ra
core   0: 3 0x8000c968 (0x0216ae33) x28 0xffffffff
core   0: 0x8000c96c (0x41ced3b3) sra     t2, t4, t3
core   0: 3 0x8000c96c (0x41ced3b3) x 7 0x00000000
core   0: 0x8000c970 (0x42978113) addi    sp, a5, 1065
core   0: 3 0x8000c970 (0x42978113) x 2 0x00000429
core   0: 0x8000c974 (0x02535e33) divu    t3, t1, t0
core   0: 3 0x8000c974 (0x02535e33) x28 0x00000000
core   0: 0x8000c978 (0x03f3e463) bltu    t2, t6, pc + 40
core   0: 3 0x8000c978 (0x03f3e463)
core   0: 0x8000c97c (0x030a5263) bge     s4, a6, pc + 36
core   0: 3 0x8000c97c (0x030a5263)
core   0: 0x8000c9a0 (0x02734533) div     a0, t1, t2
core   0: 3 0x8000c9a0 (0x02734533) x10 0xffffffff
core   0: 0x8000c9a4 (0xb591e897) auipc   a7, 0xb591e
core   0: 3 0x8000c9a4 (0xb591e897) x17 0x3592a9a4
core   0: 0x8000c9a8 (0x40155213) srai    tp, a0, 1
core   0: 3 0x8000c9a8 (0x40155213) x 4 0xffffffff
core   0: 0x8000c9ac (0x02e06533) rem     a0, zero, a4
core   0: 3 0x8000c9ac (0x02e06533) x10 0x00000000
core   0: 0x8000c9b0 (0x9b6fe593) ori     a1, t6, -1610
core   0: 3 0x8000c9b0 (0x9b6fe593) x11 0xfffff9b6
core   0: 0x8000c9b4 (0xf5564293) xori    t0, a2, -171
core   0: 3 0x8000c9b4 (0xf5564293) x 5 0x7fffff55
core   0: 0x8000c9b8 (0x41fed713) srai    a4, t4, 31
core   0: 3 0x8000c9b8 (0x41fed713) x14 0x00000000
core   0: 0x8000c9bc (0x41558d33) sub     s10, a1, s5
core   0: 3 0x8000c9bc (0x41558d33) x26 0xff7ff9b9
core   0: 0x8000c9c0 (0x0353f733) remu    a4, t2, s5
core   0: 3 0x8000c9c0 (0x0353f733) x14 0x00000000
core   0: 0x8000c9c4 (0x00a31093) slli    ra, t1, 10
core   0: 3 0x8000c9c4 (0x00a31093) x 1 0xfecc0400
core   0: 0x8000c9c8 (0x03d7d7b3) divu    a5, a5, t4
core   0: 3 0x8000c9c8 (0x03d7d7b3) x15 0xffffffff
core   0: 0x8000c9cc (0x23192713) slti    a4, s2, 561
core   0: 3 0x8000c9cc (0x23192713) x14 0x00000001
core   0: 0x8000c9d0 (0x00000013) nop
core   0: 3 0x8000c9d0 (0x00000013)
core   0: 0x8000c9d4 (0x03407933) remu    s2, zero, s4
core   0: 3 0x8000c9d4 (0x03407933) x18 0x00000000
core   0: 0x8000c9d8 (0x035ff463) bgeu    t6, s5, pc + 40
core   0: 3 0x8000c9d8 (0x035ff463)
core   0: 0x8000c9dc (0x8a9eb013) sltiu   zero, t4, -1879
core   0: 3 0x8000c9dc (0x8a9eb013)
core   0: 0x8000c9e0 (0x036e4e63) blt     t3, s6, pc + 60
core   0: 3 0x8000c9e0 (0x036e4e63)
core   0: 0x8000ca1c (0x02be0663) beq     t3, a1, pc + 44
core   0: 3 0x8000ca1c (0x02be0663)
core   0: 0x8000ca20 (0x034799b3) mulh    s3, a5, s4
core   0: 3 0x8000ca20 (0x034799b3) x19 0x00000000
core   0: 0x8000ca24 (0x0507d463) bge     a5, a6, pc + 72
core   0: 3 0x8000ca24 (0x0507d463)
core   0: 0x8000ca6c (0x01d137b3) sltu    a5, sp, t4
core   0: 3 0x8000ca6c (0x01d137b3) x15 0x00000000
core   0: 0x8000ca70 (0x400b0db3) sub     s11, s6, zero
core   0: 3 0x8000ca70 (0x400b0db3) x27 0x00000001
core   0: 0x8000ca74 (0x3b74c593) xori    a1, s1, 951
core   0: 3 0x8000ca74 (0x3b74c593) x11 0x000003b7
core   0: 0x8000ca78 (0x0180b733) sltu    a4, ra, s8
core   0: 3 0x8000ca78 (0x0180b733) x14 0x00000000
core   0: 0x8000ca7c (0x87967e13) andi    t3, a2, -1927
core   0: 3 0x8000ca7c (0x87967e13) x28 0x80000000
core   0: 0x8000ca80 (0xf4fba593) slti    a1, s7, -177
core   0: 3 0x8000ca80 (0xf4fba593) x11 0x00000001
core   0: 0x8000ca84 (0x034252b3) divu    t0, tp, s4
core   0: 3 0x8000ca84 (0x034252b3) x 5 0xffffffff
core   0: 0x8000ca88 (0x02c68663) beq     a3, a2, pc + 44
core   0: 3 0x8000ca88 (0x02c68663)
core   0: 0x8000ca8c (0x01e2fa63) bgeu    t0, t5, pc + 20
core   0: 3 0x8000ca8c (0x01e2fa63)
core   0: 0x8000caa0 (0x037f6733) rem     a4, t5, s7
core   0: 3 0x8000caa0 (0x037f6733) x14 0x000001a6
core   0: 0x8000caa4 (0x02f4a4b3) mulhsu  s1, s1, a5
core   0: 3 0x8000caa4 (0x02f4a4b3) x 9 0x00000000
core   0: 0x8000caa8 (0x0228c063) blt     a7, sp, pc + 32
core   0: 3 0x8000caa8 (0x0228c063)
core   0: 0x8000caac (0x02c83233) mulhu   tp, a6, a2
core   0: 3 0x8000caac (0x02c83233) x 4 0x40012f28
core   0: 0x8000cab0 (0x35ec3e93) sltiu   t4, s8, 862
core   0: 3 0x8000cab0 (0x35ec3e93) x29 0x00000000
core   0: 0x8000cab4 (0x00000013) nop
core   0: 3 0x8000cab4 (0x00000013)
core   0: 0x8000cab8 (0x0100f933) and     s2, ra, a6
core   0: 3 0x8000cab8 (0x0100f933) x18 0x80000400
core   0: 0x8000cabc (0x87c1a193) slti    gp, gp, -1924
core   0: 3 0x8000cabc (0x87c1a193) x 3 0x00000000
core   0: 0x8000cac0 (0x012dd533) srl     a0, s11, s2
core   0: 3 0x8000cac0 (0x012dd533) x10 0x00000001
core   0: 0x8000cac4 (0x01624fb3) xor     t6, tp, s6
core   0: 3 0x8000cac4 (0x01624fb3) x31 0x40012f29
core   0: 0x8000cac8 (0x012108b3) add     a7, sp, s2
core   0: 3 0x8000cac8 (0x012108b3) x17 0x80000829
core   0: 0x8000cacc (0x00482b83) lw      s7, 4(a6)
core   0: 3 0x8000cacc (0x00482b83) x23 0x8000d38c mem 0x80025e54
core   0: 0x8000cad0 (0x10cbaa13) slti    s4, s7, 268
core   0: 3 0x8000cad0 (0x10cbaa13) x20 0x00000001
core   0: 0x8000cad4 (0x006f2eb3) slt     t4, t5, t1
core   0: 3 0x8000cad4 (0x006f2eb3) x29 0x00000000
core   0: 0x8000cad8 (0x0a91b713) sltiu   a4, gp, 169
core   0: 3 0x8000cad8 (0x0a91b713) x14 0x00000001
core   0: 0x8000cadc (0x00c80813) addi    a6, a6, 12
core   0: 3 0x8000cadc (0x00c80813) x16 0x80025e5c
core   0: 0x8000cae0 (0x01515d13) srli    s10, sp, 21
core   0: 3 0x8000cae0 (0x01515d13) x26 0x00000000
core   0: 0x8000cae4 (0x029ad2b3) divu    t0, s5, s1
core   0: 3 0x8000cae4 (0x029ad2b3) x 5 0xffffffff
core   0: 0x8000cae8 (0x633a9b37) lui     s6, 0x633a9
core   0: 3 0x8000cae8 (0x633a9b37) x22 0x633a9000
core   0: 0x8000caec (0x000b8513) mv      a0, s7
core   0: 3 0x8000caec (0x000b8513) x10 0x8000d38c
core   0: 0x8000caf0 (0x00050567) jalr    a0, a0, 0
core   0: 3 0x8000caf0 (0x00050567) x10 0x8000caf4
core   0: 0x8000d38c (0x41705d93) srai    s11, zero, 23
core   0: 3 0x8000d38c (0x41705d93) x27 0x00000000
core   0: 0x8000d390 (0x01eba033) slt     zero, s7, t5
core   0: 3 0x8000d390 (0x01eba033)
core   0: 0x8000d394 (0x02d0d8b3) divu    a7, ra, a3
core   0: 3 0x8000d394 (0x02d0d8b3) x17 0x00000000
core   0: 0x8000d398 (0xffffb117) auipc   sp, 0xffffb
core   0: 3 0x8000d398 (0xffffb117) x 2 0x80008398
core   0: 0x8000d39c (0x97410113) addi    sp, sp, -1676
core   0: 3 0x8000d39c (0x97410113) x 2 0x80007d0c
core   0: 0x8000d3a0 (0x402dd093) srai    ra, s11, 2
core   0: 3 0x8000d3a0 (0x402dd093) x 1 0x00000000
core   0: 0x8000d3a4 (0xa3204013) xori    zero, zero, -1486
core   0: 3 0x8000d3a4 (0xa3204013)
core   0: 0x8000d3a8 (0x0219c733) div     a4, s3, ra
core   0: 3 0x8000d3a8 (0x0219c733) x14 0xffffffff
core   0: 0x8000d3ac (0x107aa093) slti    ra, s5, 263
core   0: 3 0x8000d3ac (0x107aa093) x 1 0x00000000
core   0: 0x8000d3b0 (0xad9bbc93) sltiu   s9, s7, -1319
core   0: 3 0x8000d3b0 (0xad9bbc93) x25 0x00000001
core   0: 0x8000d3b4 (0x07e10113) addi    sp, sp, 126
core   0: 3 0x8000d3b4 (0x07e10113) x 2 0x80007d8a
core   0: 0x8000d3b8 (0x00f78663) beq     a5, a5, pc + 12
core   0: 3 0x8000d3b8 (0x00f78663)
core   0: 0x8000d3c4 (0xf8210be7) jalr    s7, sp, -126
core   0: 3 0x8000d3c4 (0xf8210be7) x23 0x8000d3c8
core   0: 0x80007d0c (0x00359a33) sll     s4, a1, gp
core   0: 3 0x80007d0c (0x00359a33) x20 0x00000001
core   0: 0x80007d10 (0x65b9f4b7) lui     s1, 0x65b9f
core   0: 3 0x80007d10 (0x65b9f4b7) x 9 0x65b9f000
core   0: 0x80007d14 (0x00624e33) xor     t3, tp, t1
core   0: 3 0x80007d14 (0x00624e33) x28 0xbffe9c29
core   0: 0x80007d18 (0x01ef4933) xor     s2, t5, t5
core   0: 3 0x80007d18 (0x01ef4933) x18 0x00000000
core   0: 0x80007d1c (0xfc480813) addi    a6, a6, -60
core   0: 3 0x80007d1c (0xfc480813) x16 0x80025e20
core   0: 0x80007d20 (0x40185233) sra     tp, a6, ra
core   0: 3 0x80007d20 (0x40185233) x 4 0x80025e20
core   0: 0x80007d24 (0x0274e333) rem     t1, s1, t2
core   0: 3 0x80007d24 (0x0274e333) x 6 0x65b9f000
core   0: 0x80007d28 (0x40390033) sub     zero, s2, gp
core   0: 3 0x80007d28 (0x40390033)
core   0: 0x80007d2c (0x03f4d533) divu    a0, s1, t6
core   0: 3 0x80007d2c (0x03f4d533) x10 0x00000001
core   0: 0x80007d30 (0x01782223) sw      s7, 4(a6)
core   0: 3 0x80007d30 (0x01782223) mem 0x80025e24 0x8000d3c8
core   0: 0x80007d34 (0x0272e733) rem     a4, t0, t2
core   0: 3 0x80007d34 (0x0272e733) x14 0xffffffff
core   0: 0x80007d38 (0x00008997) auipc   s3, 0x8
core   0: 3 0x80007d38 (0x00008997) x19 0x8000fd38
core   0: 0x80007d3c (0x6d598993) addi    s3, s3, 1749
core   0: 3 0x80007d3c (0x6d598993) x19 0x8001040d
core   0: 0x80007d40 (0x00102e33) slt     t3, zero, ra
core   0: 3 0x80007d40 (0x00102e33) x28 0x00000000
core   0: 0x80007d44 (0xfc198d23) sb      ra, -38(s3)
core   0: 3 0x80007d44 (0xfc198d23) mem 0x800103e7 0x0
core   0: 0x80007d48 (0xfc8998a3) sh      s0, -47(s3)
core   0: 3 0x80007d48 (0xfc8998a3) mem 0x800103de 0xb8f8
core   0: 0x80007d4c (0xc891a693) slti    a3, gp, -887
core   0: 3 0x80007d4c (0xc891a693) x13 0x00000000
core   0: 0x80007d50 (0xfeae4093) xori    ra, t3, -22
core   0: 3 0x80007d50 (0xfeae4093) x 1 0xffffffea
core   0: 0x80007d54 (0x4130de13) srai    t3, ra, 19
core   0: 3 0x80007d54 (0x4130de13) x28 0xffffffff
core   0: 0x80007d58 (0xfd198183) lb      gp, -47(s3)
core   0: 3 0x80007d58 (0xfd198183) x 3 0xfffffff8 mem 0x800103de
core   0: 0x80007d5c (0x03198b23) sb      a7, 54(s3)
core   0: 3 0x80007d5c (0x03198b23) mem 0x80010443 0x0
core   0: 0x80007d60 (0x01f4f6b3) and     a3, s1, t6
core   0: 3 0x80007d60 (0x01f4f6b3) x13 0x40012000
core   0: 0x80007d64 (0x19752013) slti    zero, a0, 407
core   0: 3 0x80007d64 (0x19752013)
core   0: 0x80007d68 (0x00c99da3) sh      a2, 27(s3)
core   0: 3 0x80007d68 (0x00c99da3) mem 0x80010428 0x0000
core   0: 0x80007d6c (0x7bd12a13) slti    s4, sp, 1981
core   0: 3 0x80007d6c (0x7bd12a13) x20 0x00000001
core   0: 0x80007d70 (0x41d50b33) sub     s6, a0, t4
core   0: 3 0x80007d70 (0x41d50b33) x22 0x00000001
core   0: 0x80007d74 (0x0329fab3) remu    s5, s3, s2
core   0: 3 0x80007d74 (0x0329fab3) x21 0x8001040d
core   0: 0x80007d78 (0xffc9a9a3) sw      t3, -13(s3)
core   0: 3 0x80007d78 (0xffc9a9a3) mem 0x80010400 0xffffffff
core   0: 0x80007d7c (0x00c0dfb3) srl     t6, ra, a2
core   0: 3 0x80007d7c (0x00c0dfb3) x31 0xffffffea
core   0: 0x80007d80 (0xfed98823) sb      a3, -16(s3)
core   0: 3 0x80007d80 (0xfed98823) mem 0x800103fd 0x0
core   0: 0x80007d84 (0x02d99a83) lh      s5, 45(s3)
core   0: 3 0x80007d84 (0x02d99a83) x21 0xffffbf18 mem 0x8001043a
core   0: 0x80007d88 (0xfc49c003) lbu     zero, -60(s3)
core   0: 3 0x80007d88 (0xfc49c003) mem 0x800103d1
core   0: 0x80007d8c (0x03b9a3a3) sw      s11, 39(s3)
core   0: 3 0x80007d8c (0x03b9a3a3) mem 0x80010434 0x00000000
core   0: 0x80007d90 (0x01029cb3) sll     s9, t0, a6
core   0: 3 0x80007d90 (0x01029cb3) x25 0xffffffff
core   0: 0x80007d94 (0x45703913) sltiu   s2, zero, 1111
core   0: 3 0x80007d94 (0x45703913) x18 0x00000001
core   0: 0x80007d98 (0xfd79d083) lhu     ra, -41(s3)
core   0: 3 0x80007d98 (0xfd79d083) x 1 0x000065f2 mem 0x800103e4
core   0: 0x80007d9c (0x005a8e33) add     t3, s5, t0
core   0: 3 0x80007d9c (0x005a8e33) x28 0xffffbf17
core   0: 0x80007da0 (0x02fecd33) div     s10, t4, a5
core   0: 3 0x80007da0 (0x02fecd33) x26 0xffffffff
core   0: 0x80007da4 (0x965f6893) ori     a7, t5, -1691
core   0: 3 0x80007da4 (0x965f6893) x17 0xfffffded
core   0: 0x80007da8 (0xdd4b0f37) lui     t5, 0xdd4b0
core   0: 3 0x80007da8 (0xdd4b0f37) x30 0xdd4b0000
core   0: 0x80007dac (0x00a30733) add     a4, t1, a0
core   0: 3 0x80007dac (0x00a30733) x14 0x65b9f001
core   0: 0x80007db0 (0xfc79ae83) lw      t4, -57(s3)
core   0: 3 0x80007db0 (0xfc79ae83) x29 0xc1bcf48c mem 0x800103d4
core   0: 0x80007db4 (0x03498703) lb      a4, 52(s3)
core   0: 3 0x80007db4 (0x03498703) x14 0xffffffda mem 0x80010441
core   0: 0x80007db8 (0x03450f33) mul     t5, a0, s4
core   0: 3 0x80007db8 (0x03450f33) x30 0x00000001
core   0: 0x80007dbc (0x02198123) sb      ra, 34(s3)
core   0: 3 0x80007dbc (0x02198123) mem 0x8001042f 0xf2
core   0: 0x80007dc0 (0x00009b97) auipc   s7, 0x9
core   0: 3 0x80007dc0 (0x00009b97) x23 0x80010dc0
core   0: 0x80007dc4 (0x10eb8b93) addi    s7, s7, 270
core   0: 3 0x80007dc4 (0x10eb8b93) x23 0x80010ece
core   0: 0x80007dc8 (0x009bcc83) lbu     s9, 9(s7)
core   0: 3 0x80007dc8 (0x009bcc83) x25 0x000000d2 mem 0x80010ed7
core   0: 0x80007dcc (0xe1dce893) ori     a7, s9, -483
core   0: 3 0x80007dcc (0xe1dce893) x17 0xfffffedf
core   0: 0x80007dd0 (0x410ad293) srai    t0, s5, 16
core   0: 3 0x80007dd0 (0x410ad293) x 5 0xffffffff
core   0: 0x80007dd4 (0x009bc8b3) xor     a7, s7, s1
core   0: 3 0x80007dd4 (0x009bc8b3) x17 0xe5b8fece
core   0: 0x80007dd8 (0x01db81a3) sb      t4, 3(s7)
core   0: 3 0x80007dd8 (0x01db81a3) mem 0x80010ed1 0x8c
core   0: 0x80007ddc (0xff8b8503) lb      a0, -8(s7)
core   0: 3 0x80007ddc (0xff8b8503) x10 0xffffff9b mem 0x80010ec6
core   0: 0x80007de0 (0xffdb8703) lb      a4, -3(s7)
core   0: 3 0x80007de0 (0xffdb8703) x14 0xffffffb7 mem 0x80010ecb
core   0: 0x80007de4 (0x00000013) nop
core   0: 3 0x80007de4 (0x00000013)
core   0: 0x80007de8 (0x01895033) srl     zero, s2, s8
core   0: 3 0x80007de8 (0x01895033)
core   0: 0x80007dec (0xcbe47b13) andi    s6, s0, -834
core   0: 3 0x80007dec (0xcbe47b13) x22 0x7afbb8b8
core   0: 0x80007df0 (0x010b9e03) lh      t3, 16(s7)
core   0: 3 0x80007df0 (0x010b9e03) x28 0xffffbcc0 mem 0x80010ede
core   0: 0x80007df4 (0xffdbc583) lbu     a1, -3(s7)
core   0: 3 0x80007df4 (0xffdbc583) x11 0x000000b7 mem 0x80010ecb
core   0: 0x80007df8 (0x00eb80a3) sb      a4, 1(s7)
core   0: 3 0x80007df8 (0x00eb80a3) mem 0x80010ecf 0xb7
core   0: 0x80007dfc (0xffeb9203) lh      tp, -2(s7)
core   0: 3 0x80007dfc (0xffeb9203) x 4 0xffffe53d mem 0x80010ecc
core   0: 0x80007e00 (0xffbb8a03) lb      s4, -5(s7)
core   0: 3 0x80007e00 (0xffbb8a03) x20 0xffffffd7 mem 0x80010ec9
core   0: 0x80007e04 (0xff9bce03) lbu     t3, -7(s7)
core   0: 3 0x80007e04 (0xff9bce03) x28 0x0000006d mem 0x80010ec7
core   0: 0x80007e08 (0xff4b8e23) sb      s4, -4(s7)
core   0: 3 0x80007e08 (0xff4b8e23) mem 0x80010eca 0xd7
core   0: 0x80007e0c (0x00cb9123) sh      a2, 2(s7)
core   0: 3 0x80007e0c (0x00cb9123) mem 0x80010ed0 0x0000
core   0: 0x80007e10 (0x134c2f13) slti    t5, s8, 308
core   0: 3 0x80007e10 (0x134c2f13) x30 0x00000001
core   0: 0x80007e14 (0x007b8883) lb      a7, 7(s7)
core   0: 3 0x80007e14 (0x007b8883) x17 0xffffffd6 mem 0x80010ed5
core   0: 0x80007e18 (0xff2ba883) lw      a7, -14(s7)
core   0: 3 0x80007e18 (0xff2ba883) x17 0x0859f6ef mem 0x80010ec0
core   0: 0x80007e1c (0x00a86733) or      a4, a6, a0
core   0: 3 0x80007e1c (0x00a86733) x14 0xffffffbb
core   0: 0x80007e20 (0xff7bc783) lbu     a5, -9(s7)
core   0: 3 0x80007e20 (0xff7bc783) x15 0x00000013 mem 0x80010ec5
core   0: 0x80007e24 (0x01c55b33) srl     s6, a0, t3
core   0: 3 0x80007e24 (0x01c55b33) x22 0x0007ffff
core   0: 0x80007e28 (0xff4bd183) lhu     gp, -12(s7)
core   0: 3 0x80007e28 (0xff4bd183) x 3 0x00000859 mem 0x80010ec2
core   0: 0x80007e2c (0xffaba203) lw      tp, -6(s7)
core   0: 3 0x80007e2c (0xffaba203) x 4 0xb7d7d7d8 mem 0x80010ec8
core   0: 0x80007e30 (0x01ab85a3) sb      s10, 11(s7)
core   0: 3 0x80007e30 (0x01ab85a3) mem 0x80010ed9 0xff
core   0: 0x80007e34 (0x012b9823) sh      s2, 16(s7)
core   0: 3 0x80007e34 (0x012b9823) mem 0x80010ede 0x0001
core   0: 0x80007e38 (0xfe533013) sltiu   zero, t1, -27
core   0: 3 0x80007e38 (0xfe533013)
core   0: 0x80007e3c (0x02287d33) remu    s10, a6, sp
core   0: 3 0x80007e3c (0x02287d33) x26 0x0001e096
core   0: 0x80007e40 (0x000ba123) sw      zero, 2(s7)
core   0: 3 0x80007e40 (0x000ba123) mem 0x80010ed0 0x00000000
core   0: 0x80007e44 (0x006703b3) add     t2, a4, t1
core   0: 3 0x80007e44 (0x006703b3) x 7 0x65b9efbb
core   0: 0x80007e48 (0x009b8e83) lb      t4, 9(s7)
core   0: 3 0x80007e48 (0x009b8e83) x29 0xffffffd2 mem 0x80010ed7
core   0: 0x80007e4c (0xffdb8e03) lb      t3, -3(s7)
core   0: 3 0x80007e4c (0xffdb8e03) x28 0xffffffb7 mem 0x80010ecb
core   0: 0x80007e50 (0x005bc883) lbu     a7, 5(s7)
core   0: 3 0x80007e50 (0x005bc883) x17 0x00000000 mem 0x80010ed3
core   0: 0x80007e54 (0xff5bc483) lbu     s1, -11(s7)
core   0: 3 0x80007e54 (0xff5bc483) x 9 0x00000008 mem 0x80010ec3
core   0: 0x80007e58 (0xff8bce83) lbu     t4, -8(s7)
core   0: 3 0x80007e58 (0xff8bce83) x29 0x0000009b mem 0x80010ec6
core   0: 0x80007e5c (0x1c9f0693) addi    a3, t5, 457
core   0: 3 0x80007e5c (0x1c9f0693) x13 0x000001ca
core   0: 0x80007e60 (0x40995413) srai    s0, s2, 9
core   0: 3 0x80007e60 (0x40995413) x 8 0x00000000
core   0: 0x80007e64 (0x02b1f2b3) remu    t0, gp, a1
core   0: 3 0x80007e64 (0x02b1f2b3) x 5 0x0000007c
core   0: 0x80007e68 (0x01f473b3) and     t2, s0, t6
core   0: 3 0x80007e68 (0x01f473b3) x 7 0x00000000
core   0: 0x80007e6c (0x00fbc283) lbu     t0, 15(s7)
core   0: 3 0x80007e6c (0x00fbc283) x 5 0x00000010 mem 0x80010edd
core   0: 0x80007e70 (0xffebd783) lhu     a5, -2(s7)
core   0: 3 0x80007e70 (0xffebd783) x15 0x0000e53d mem 0x80010ecc
core   0: 0x80007e74 (0x03abd733) divu    a4, s7, s10
core   0: 3 0x80007e74 (0x03abd733) x14 0x0000442f
core   0: 0x80007e78 (0xfe4b8e23) sb      tp, -4(s7)
core   0: 3 0x80007e78 (0xfe4b8e23) mem 0x80010eca 0xd8
core   0: 0x80007e7c (0x005d0fb3) add     t6, s10, t0
core   0: 3 0x80007e7c (0x005d0fb3) x31 0x0001e0a6
core   0: 0x80007e80 (0x009b8783) lb      a5, 9(s7)
core   0: 3 0x80007e80 (0x009b8783) x15 0xffffffd2 mem 0x80010ed7
core   0: 0x80007e84 (0x03d180b3) mul     ra, gp, t4
core   0: 3 0x80007e84 (0x03d180b3) x 1 0x00050de3
core   0: 0x80007e88 (0xff6bdc83) lhu     s9, -10(s7)
core   0: 3 0x80007e88 (0xff6bdc83) x25 0x000013b6 mem 0x80010ec4
core   0: 0x80007e8c (0x00008917) auipc   s2, 0x8
core   0: 3 0x80007e8c (0x00008917) x18 0x8000fe8c
core   0: 0x80007e90 (0x73b90913) addi    s2, s2, 1851
core   0: 3 0x80007e90 (0x73b90913) x18 0x800105c7
core   0: 0x80007e94 (0xbed91683) lh      a3, -1043(s2)
core   0: 3 0x80007e94 (0xbed91683) x13 0xffffa7ae mem 0x800101b4
core   0: 0x80007e98 (0x406abd13) sltiu   s10, s5, 1030
core   0: 3 0x80007e98 (0x406abd13) x26 0x00000000
core   0: 0x80007e9c (0xfdc94383) lbu     t2, -36(s2)
core   0: 3 0x80007e9c (0xfdc94383) x 7 0x000000bd mem 0x800105a3
core   0: 0x80007ea0 (0xa8f91403) lh      s0, -1393(s2)
core   0: 3 0x80007ea0 (0xa8f91403) x 8 0x00002a74 mem 0x80010056
core   0: 0x80007ea4 (0x7be94f83) lbu     t6, 1982(s2)
core   0: 3 0x80007ea4 (0x7be94f83) x31 0x000000df mem 0x80010d85
core   0: 0x80007ea8 (0x2a2909a3) sb      sp, 691(s2)
core   0: 3 0x80007ea8 (0x2a2909a3) mem 0x8001087a 0x8a
core   0: 0x80007eac (0x01e05d33) srl     s10, zero, t5
core   0: 3 0x80007eac (0x01e05d33) x26 0x00000000
core   0: 0x80007eb0 (0x0065e0b3) or      ra, a1, t1
core   0: 3 0x80007eb0 (0x0065e0b3) x 1 0x65b9f0b7
core   0: 0x80007eb4 (0x41d453b3) sra     t2, s0, t4
core   0: 3 0x80007eb4 (0x41d453b3) x 7 0x00000000
core   0: 0x80007eb8 (0x0ef91f03) lh      t5, 239(s2)
core   0: 3 0x80007eb8 (0x0ef91f03) x30 0x0000308d mem 0x800106b6
core   0: 0x80007ebc (0xf8690e23) sb      t1, -100(s2)
core   0: 3 0x80007ebc (0xf8690e23) mem 0x80010563 0x0
core   0: 0x80007ec0 (0x03027e33) remu    t3, tp, a6
core   0: 3 0x80007ec0 (0x03027e33) x28 0x37d579b8
core   0: 0x80007ec4 (0x36795b03) lhu     s6, 871(s2)
core   0: 3 0x80007ec4 (0x36795b03) x22 0x0000469f mem 0x8001092e
core   0: 0x80007ec8 (0x2ae94e03) lbu     t3, 686(s2)
core   0: 3 0x80007ec8 (0x2ae94e03) x28 0x000000e9 mem 0x80010875
core   0: 0x80007ecc (0x1b894483) lbu     s1, 440(s2)
core   0: 3 0x80007ecc (0x1b894483) x 9 0x00000060 mem 0x8001077f
core   0: 0x80007ed0 (0xdfc90823) sb      t3, -528(s2)
core   0: 3 0x80007ed0 (0xdfc90823) mem 0x800103b7 0xe9
core   0: 0x80007ed4 (0xca891aa3) sh      s0, -843(s2)
core   0: 3 0x80007ed4 (0xca891aa3) mem 0x8001027c 0x2a74
core   0: 0x80007ed8 (0x03690a83) lb      s5, 54(s2)
core   0: 3 0x80007ed8 (0x03690a83) x21 0xffffffa5 mem 0x800105fd
core   0: 0x80007edc (0x01dbe033) or      zero, s7, t4
core   0: 3 0x80007edc (0x01dbe033)
core   0: 0x80007ee0 (0x01f868b3) or      a7, a6, t6
core   0: 3 0x80007ee0 (0x01f868b3) x17 0x80025eff
core   0: 0x80007ee4 (0x00fc73b3) and     t2, s8, a5
core   0: 3 0x80007ee4 (0x00fc73b3) x 7 0x80029cc0
core   0: 0x80007ee8 (0x28991aa3) sh      s1, 661(s2)
core   0: 3 0x80007ee8 (0x28991aa3) mem 0x8001085c 0x0060
core   0: 0x80007eec (0xcb57b593) sltiu   a1, a5, -843
core   0: 3 0x80007eec (0xcb57b593) x11 0x00000000
core   0: 0x80007ef0 (0x01c050b3) srl     ra, zero, t3
core   0: 3 0x80007ef0 (0x01c050b3) x 1 0x00000000
core   0: 0x80007ef4 (0x029a6233) rem     tp, s4, s1
core   0: 3 0x80007ef4 (0x029a6233) x 4 0xffffffd7
core   0: 0x80007ef8 (0xe1594203) lbu     tp, -491(s2)
core   0: 3 0x80007ef8 (0xe1594203) x 4 0x0000006b mem 0x800103dc
core   0: 0x80007efc (0xb9a901a3) sb      s10, -1149(s2)
core   0: 3 0x80007efc (0xb9a901a3) mem 0x8001014a 0x0
core   0: 0x80007f00 (0x47090723) sb      a6, 1134(s2)
core   0: 3 0x80007f00 (0x47090723) mem 0x80010a35 0x20
core   0: 0x80007f04 (0x163910a3) sh      gp, 353(s2)
core   0: 3 0x80007f04 (0x163910a3) mem 0x80010728 0x0859
core   0: 0x80007f08 (0x00a81993) slli    s3, a6, 10
core   0: 3 0x80007f08 (0x00a81993) x19 0x09788000
core   0: 0x80007f0c (0x01c1de33) srl     t3, gp, t3
core   0: 3 0x80007f0c (0x01c1de33) x28 0x00000004
core   0: 0x80007f10 (0x016183b3) add     t2, gp, s6
core   0: 3 0x80007f10 (0x016183b3) x 7 0x00004ef8
core   0: 0x80007f14 (0x00621793) slli    a5, tp, 6
core   0: 3 0x80007f14 (0x00621793) x15 0x00001ac0
core   0: 0x80007f18 (0x03f243b3) div     t2, tp, t6
core   0: 3 0x80007f18 (0x03f243b3) x 7 0x00000000
core   0: 0x80007f1c (0x03330ab3) mul     s5, t1, s3
core   0: 3 0x80007f1c (0x03330ab3) x21 0x78000000
core   0: 0x80007f20 (0x43a07093) andi    ra, zero, 1082
core   0: 3 0x80007f20 (0x43a07093) x 1 0x00000000
core   0: 0x80007f24 (0x55c03c93) sltiu   s9, zero, 1372
core   0: 3 0x80007f24 (0x55c03c93) x25 0x00000001
core   0: 0x80007f28 (0x414adf13) srai    t5, s5, 20
core   0: 3 0x80007f28 (0x414adf13) x30 0x00000780
core   0: 0x80007f2c (0xad894b03) lbu     s6, -1320(s2)
core   0: 3 0x80007f2c (0xad894b03) x22 0x00000075 mem 0x8001009f
core   0: 0x80007f30 (0x0261a9b3) mulhsu  s3, gp, t1
core   0: 3 0x80007f30 (0x0261a9b3) x19 0x00000351
core   0: 0x80007f34 (0x037ad6b3) divu    a3, s5, s7
core   0: 3 0x80007f34 (0x037ad6b3) x13 0x00000000
core   0: 0x80007f38 (0x0312cab3) div     s5, t0, a7
core   0: 3 0x80007f38 (0x0312cab3) x21 0x00000000
core   0: 0x80007f3c (0x414e0a33) sub     s4, t3, s4
core   0: 3 0x80007f3c (0x414e0a33) x20 0x0000002d
core   0: 0x80007f40 (0x57a90a23) sb      s10, 1396(s2)
core   0: 3 0x80007f40 (0x57a90a23) mem 0x80010b3b 0x0
core   0: 0x80007f44 (0x196916a3) sh      s6, 397(s2)
core   0: 3 0x80007f44 (0x196916a3) mem 0x80010754 0x0075
core   0: 0x80007f48 (0x00011117) auipc   sp, 0x11
core   0: 3 0x80007f48 (0x00011117) x 2 0x80018f48
core   0: 0x80007f4c (0xfdd10113) addi    sp, sp, -35
core   0: 3 0x80007f4c (0xfdd10113) x 2 0x80018f25
core   0: 0x80007f50 (0x02714403) lbu     s0, 39(sp)
core   0: 3 0x80007f50 (0x02714403) x 8 0x0000003a mem 0x80018f4c
core   0: 0x80007f54 (0x684dcf93) xori    t6, s11, 1668
core   0: 3 0x80007f54 (0x684dcf93) x31 0x00000684
core   0: 0x80007f58 (0x40b583b3) sub     t2, a1, a1
core   0: 3 0x80007f58 (0x40b583b3) x 7 0x00000000
core   0: 0x80007f5c (0x029ef8b3) remu    a7, t4, s1
core   0: 3 0x80007f5c (0x029ef8b3) x17 0x0000003b
core   0: 0x80007f60 (0xfe911b03) lh      s6, -23(sp)
core   0: 3 0x80007f60 (0xfe911b03) x22 0xfffffe2b mem 0x80018f0e
core   0: 0x80007f64 (0xc6e115a3) sh      a4, -917(sp)
core   0: 3 0x80007f64 (0xc6e115a3) mem 0x80018b90 0x442f
core   0: 0x80007f68 (0x028d9933) mulh    s2, s11, s0
core   0: 3 0x80007f68 (0x028d9933) x18 0x00000000
core   0: 0x80007f6c (0x406280b3) sub     ra, t0, t1
core   0: 3 0x80007f6c (0x406280b3) x 1 0x9a461010
core   0: 0x80007f70 (0x00e74a33) xor     s4, a4, a4
core   0: 3 0x80007f70 (0x00e74a33) x20 0x00000000
core   0: 0x80007f74 (0x015cb9b3) sltu    s3, s9, s5
core   0: 3 0x80007f74 (0x015cb9b3) x19 0x00000000
core   0: 0x80007f78 (0x564114a3) sh      tp, 1385(sp)
core   0: 3 0x80007f78 (0x564114a3) mem 0x8001948e 0x006b
core   0: 0x80007f7c (0x39514703) lbu     a4, 917(sp)
core   0: 3 0x80007f7c (0x39514703) x14 0x000000e7 mem 0x800192ba
core   0: 0x80007f80 (0x402dd793) srai    a5, s11, 2
core   0: 3 0x80007f80 (0x402dd793) x15 0x00000000
core   0: 0x80007f84 (0x02b32733) mulhsu  a4, t1, a1
core   0: 3 0x80007f84 (0x02b32733) x14 0x00000000
core   0: 0x80007f88 (0x039cef33) rem     t5, s9, s9
core   0: 3 0x80007f88 (0x039cef33) x30 0x00000000
core   0: 0x80007f8c (0x3d210403) lb      s0, 978(sp)
core   0: 3 0x80007f8c (0x3d210403) x 8 0x00000027 mem 0x800192f7
core   0: 0x80007f90 (0xb61f7693) andi    a3, t5, -1183
core   0: 3 0x80007f90 (0xb61f7693) x13 0x00000000
core   0: 0x80007f94 (0x02a585b3) mul     a1, a1, a0
core   0: 3 0x80007f94 (0x02a585b3) x11 0x00000000
core   0: 0x80007f98 (0xa2510003) lb      zero, -1499(sp)
core   0: 3 0x80007f98 (0xa2510003) mem 0x8001894a
core   0: 0x80007f9c (0x038434b3) mulhu   s1, s0, s8
core   0: 3 0x80007f9c (0x038434b3) x 9 0x00000013
core   0: 0x80007fa0 (0x9c414083) lbu     ra, -1596(sp)
core   0: 3 0x80007fa0 (0x9c414083) x 1 0x00000051 mem 0x800188e9
core   0: 0x80007fa4 (0xc9911483) lh      s1, -871(sp)
core   0: 3 0x80007fa4 (0xc9911483) x 9 0x0000141d mem 0x80018bbe
core   0: 0x80007fa8 (0x024e8d33) mul     s10, t4, tp
core   0: 3 0x80007fa8 (0x024e8d33) x26 0x000040c9
core   0: 0x80007fac (0x98b11f83) lh      t6, -1653(sp)
core   0: 3 0x80007fac (0x98b11f83) x31 0xffffa1b4 mem 0x800188b0
core   0: 0x80007fb0 (0x2cb104a3) sb      a1, 713(sp)
core   0: 3 0x80007fb0 (0x2cb104a3) mem 0x800191ee 0x0
core   0: 0x80007fb4 (0x4106db93) srai    s7, a3, 16
core   0: 3 0x80007fb4 (0x4106db93) x23 0x00000000
core   0: 0x80007fb8 (0x08014003) lbu     zero, 128(sp)
core   0: 3 0x80007fb8 (0x08014003) mem 0x80018fa5
core   0: 0x80007fbc (0x77e467b7) lui     a5, 0x77e46
core   0: 3 0x80007fbc (0x77e467b7) x15 0x77e46000
core   0: 0x80007fc0 (0xa8110da3) sb      ra, -1381(sp)
core   0: 3 0x80007fc0 (0xa8110da3) mem 0x800189c0 0x51
core   0: 0x80007fc4 (0xa7c32b13) slti    s6, t1, -1412
core   0: 3 0x80007fc4 (0xa7c32b13) x22 0x00000000
core   0: 0x80007fc8 (0x00000013) nop
core   0: 3 0x80007fc8 (0x00000013)
core   0: 0x80007fcc (0x01f83e33) sltu    t3, a6, t6
core   0: 3 0x80007fcc (0x01f83e33) x28 0x00000001
core   0: 0x80007fd0 (0x0b314003) lbu     zero, 179(sp)
core   0: 3 0x80007fd0 (0x0b314003) mem 0x80018fd8
core   0: 0x80007fd4 (0x02c57bb3) remu    s7, a0, a2
core   0: 3 0x80007fd4 (0x02c57bb3) x23 0x7fffff9b
core   0: 0x80007fd8 (0x41912da3) sw      s9, 1051(sp)
core   0: 3 0x80007fd8 (0x41912da3) mem 0x80019340 0x00000001
core   0: 0x80007fdc (0x00008917) auipc   s2, 0x8
core   0: 3 0x80007fdc (0x00008917) x18 0x8000ffdc
core   0: 0x80007fe0 (0x0e090913) addi    s2, s2, 224
core   0: 3 0x80007fe0 (0x0e090913) x18 0x800100bc
core   0: 0x80007fe4 (0x05591b23) sh      s5, 86(s2)
core   0: 3 0x80007fe4 (0x05591b23) mem 0x80010112 0x0000
core   0: 0x80007fe8 (0xfed90f03) lb      t5, -19(s2)
core   0: 3 0x80007fe8 (0xfed90f03) x30 0xffffff88 mem 0x800100a9
core   0: 0x80007fec (0x02315533) divu    a0, sp, gp
core   0: 3 0x80007fec (0x02315533) x10 0x000f5599
core   0: 0x80007ff0 (0x5eff9ab7) lui     s5, 0x5eff9
core   0: 3 0x80007ff0 (0x5eff9ab7) x21 0x5eff9000
core   0: 0x80007ff4 (0x00db00b3) add     ra, s6, a3
core   0: 3 0x80007ff4 (0x00db00b3) x 1 0x00000000
core   0: 0x80007ff8 (0x03f18433) mul     s0, gp, t6
core   0: 3 0x80007ff8 (0x03f18433) x 8 0xfcecd794
core   0: 0x80007ffc (0x027477b3) remu    a5, s0, t2
core   0: 3 0x80007ffc (0x027477b3) x15 0xfcecd794
core   0: 0x80008000 (0x0084fab3) and     s5, s1, s0
core   0: 3 0x80008000 (0x0084fab3) x21 0x00001414
core   0: 0x80008004 (0x0dd94383) lbu     t2, 221(s2)
core   0: 3 0x80008004 (0x0dd94383) x 7 0x00000078 mem 0x80010199
core   0: 0x80008008 (0x06e904a3) sb      a4, 105(s2)
core   0: 3 0x80008008 (0x06e904a3) mem 0x80010125 0x0
core   0: 0x8000800c (0xfe592c23) sw      t0, -8(s2)
core   0: 3 0x8000800c (0xfe592c23) mem 0x800100b4 0x00000010
core   0: 0x80008010 (0x0c290fa3) sb      sp, 223(s2)
core   0: 3 0x80008010 (0x0c290fa3) mem 0x8001019b 0x25
core   0: 0x80008014 (0x00990fa3) sb      s1, 31(s2)
core   0: 3 0x80008014 (0x00990fa3) mem 0x800100db 0x1d
core   0: 0x80008018 (0x0cb94d03) lbu     s10, 203(s2)
core   0: 3 0x80008018 (0x0cb94d03) x26 0x000000b6 mem 0x80010187
core   0: 0x8000801c (0xff291423) sh      s2, -24(s2)
core   0: 3 0x8000801c (0xff291423) mem 0x800100a4 0x00bc
core   0: 0x80008020 (0x02275f33) divu    t5, a4, sp
core   0: 3 0x80008020 (0x02275f33) x30 0x00000000
core   0: 0x80008024 (0x09b90003) lb      zero, 155(s2)
core   0: 3 0x80008024 (0x09b90003) mem 0x80010157
core   0: 0x80008028 (0xe438e113) ori     sp, a7, -445
core   0: 3 0x80008028 (0xe438e113) x 2 0xfffffe7b
core   0: 0x8000802c (0x00ddb133) sltu    sp, s11, a3
core   0: 3 0x8000802c (0x00ddb133) x 2 0x00000000
core   0: 0x80008030 (0x03564d33) div     s10, a2, s5
core   0: 3 0x80008030 (0x03564d33) x26 0xfff99ffa
core   0: 0x80008034 (0xff090d23) sb      a6, -6(s2)
core   0: 3 0x80008034 (0xff090d23) mem 0x800100b6 0x20
core   0: 0x80008038 (0x0c590da3) sb      t0, 219(s2)
core   0: 3 0x80008038 (0x0c590da3) mem 0x80010197 0x10
core   0: 0x8000803c (0x0fd94983) lbu     s3, 253(s2)
core   0: 3 0x8000803c (0x0fd94983) x19 0x00000044 mem 0x800101b9
core   0: 0x80008040 (0x07687413) andi    s0, a6, 118
core   0: 3 0x80008040 (0x07687413) x 8 0x00000020
core   0: 0x80008044 (0x02fdb333) mulhu   t1, s11, a5
core   0: 3 0x80008044 (0x02fdb333) x 6 0x00000000
core   0: 0x80008048 (0xfb090203) lb      tp, -80(s2)
core   0: 3 0x80008048 (0xfb090203) x 4 0x0000004b mem 0x8001006c
core   0: 0x8000804c (0x07a95303) lhu     t1, 122(s2)
core   0: 3 0x8000804c (0x07a95303) x 6 0x000000e5 mem 0x80010136
core   0: 0x80008050 (0x412d07b3) sub     a5, s10, s2
core   0: 3 0x80008050 (0x412d07b3) x15 0x7ff89f3e
core   0: 0x80008054 (0xfec90f03) lb      t5, -20(s2)
core   0: 3 0x80008054 (0xfec90f03) x30 0xffffff8f mem 0x800100a8
core   0: 0x80008058 (0x6f013e13) sltiu   t3, sp, 1776
core   0: 3 0x80008058 (0x6f013e13) x28 0x00000001
core   0: 0x8000805c (0x005e1133) sll     sp, t3, t0
core   0: 3 0x8000805c (0x005e1133) x 2 0x00010000
core   0: 0x80008060 (0xad19e013) ori     zero, s3, -1327
core   0: 3 0x80008060 (0xad19e013)
core   0: 0x80008064 (0xffa90ea3) sb      s10, -3(s2)
core   0: 3 0x80008064 (0xffa90ea3) mem 0x800100b9 0xfa
core   0: 0x80008068 (0x09b94583) lbu     a1, 155(s2)
core   0: 3 0x80008068 (0x09b94583) x11 0x00000031 mem 0x80010157
core   0: 0x8000806c (0x00590503) lb      a0, 5(s2)
core   0: 3 0x8000806c (0x00590503) x10 0xfffffffd mem 0x800100c1
core   0: 0x80008070 (0xfe291b23) sh      sp, -10(s2)
core   0: 3 0x80008070 (0xfe291b23) mem 0x800100b2 0x0000
core   0: 0x80008074 (0x005a1733) sll     a4, s4, t0
core   0: 3 0x80008074 (0x005a1733) x14 0x00000000
core   0: 0x80008078 (0x00000013) nop
core   0: 3 0x80008078 (0x00000013)
core   0: 0x8000807c (0xfef90583) lb      a1, -17(s2)
core   0: 3 0x8000807c (0xfef90583) x11 0x00000050 mem 0x800100ab
core   0: 0x80008080 (0xfe394003) lbu     zero, -29(s2)
core   0: 3 0x80008080 (0xfe394003) mem 0x8001009f
core   0: 0x80008084 (0x010e9c63) bne     t4, a6, pc + 24
core   0: 3 0x80008084 (0x010e9c63)
core   0: 0x8000809c (0x00000013) nop
core   0: 3 0x8000809c (0x00000013)
core   0: 0x800080a0 (0x412dd3b3) sra     t2, s11, s2
core   0: 3 0x800080a0 (0x412dd3b3) x 7 0x00000000
core   0: 0x800080a4 (0x01408db3) add     s11, ra, s4
core   0: 3 0x800080a4 (0x01408db3) x27 0x00000000
core   0: 0x800080a8 (0x25397693) andi    a3, s2, 595
core   0: 3 0x800080a8 (0x25397693) x13 0x00000010
core   0: 0x800080ac (0x030f0cb3) mul     s9, t5, a6
core   0: 3 0x800080ac (0x030f0cb3) x25 0x7ef473e0
core   0: 0x800080b0 (0x03148063) beq     s1, a7, pc + 32
core   0: 3 0x800080b0 (0x03148063)
core   0: 0x800080b4 (0x009f8663) beq     t6, s1, pc + 12
core   0: 3 0x800080b4 (0x009f8663)
core   0: 0x800080b8 (0x03526263) bltu    tp, s5, pc + 36
core   0: 3 0x800080b8 (0x03526263)
core   0: 0x800080dc (0x012c1b33) sll     s6, s8, s2
core   0: 3 0x800080dc (0x012c1b33) x22 0x40000000
core   0: 0x800080e0 (0x41298e33) sub     t3, s3, s2
core   0: 3 0x800080e0 (0x41298e33) x28 0x7ffeff88
core   0: 0x800080e4 (0x00a41a63) bne     s0, a0, pc + 20
core   0: 3 0x800080e4 (0x00a41a63)
core   0: 0x800080f8 (0x76c33f93) sltiu   t6, t1, 1900
core   0: 3 0x800080f8 (0x76c33f93) x31 0x00000001
core   0: 0x800080fc (0x01d25bb3) srl     s7, tp, t4
core   0: 3 0x800080fc (0x01d25bb3) x23 0x00000000
core   0: 0x80008100 (0xd7314293) xori    t0, sp, -653
core   0: 3 0x80008100 (0xd7314293) x 5 0xfffefd73
core   0: 0x80008104 (0x034d66b3) rem     a3, s10, s4
core   0: 3 0x80008104 (0x034d66b3) x13 0xfff99ffa
core   0: 0x80008108 (0x026c4cb3) div     s9, s8, t1
core   0: 3 0x80008108 (0x026c4cb3) x25 0xff70eb72
core   0: 0x8000810c (0x0522c663) blt     t0, s2, pc + 76
core   0: 3 0x8000810c (0x0522c663)
core   0: 0x80008110 (0x00000013) nop
core   0: 3 0x80008110 (0x00000013)
core   0: 0x80008114 (0x003858b3) srl     a7, a6, gp
core   0: 3 0x80008114 (0x003858b3) x17 0x00000040
core   0: 0x80008118 (0x419807b3) sub     a5, a6, s9
core   0: 3 0x80008118 (0x419807b3) x15 0x809172ae
core   0: 0x8000811c (0x31428213) addi    tp, t0, 788
core   0: 3 0x8000811c (0x31428213) x 4 0xffff0087
core   0: 0x80008120 (0x0161d263) bge     gp, s6, pc + 4
core   0: 3 0x80008120 (0x0161d263)
core   0: 0x80008124 (0x03a77263) bgeu    a4, s10, pc + 36
core   0: 3 0x80008124 (0x03a77263)
core   0: 0x80008128 (0x03cc3d33) mulhu   s10, s8, t3
core   0: 3 0x80008128 (0x03cc3d33) x26 0x4000ce33
core   0: 0x8000812c (0x00071cb3) sll     s9, a4, zero
core   0: 3 0x8000812c (0x00071cb3) x25 0x00000000
core   0: 0x80008130 (0x01849463) bne     s1, s8, pc + 8
core   0: 3 0x80008130 (0x01849463)
core   0: 0x80008138 (0x02325333) divu    t1, tp, gp
core   0: 3 0x80008138 (0x02325333) x 6 0x001eaab4
core   0: 0x8000813c (0x01ac4e33) xor     t3, s8, s10
core   0: 3 0x8000813c (0x01ac4e33) x28 0xc00252d7
core   0: 0x80008140 (0x7ff6d117) auipc   sp, 0x7ff6d
core   0: 3 0x80008140 (0x7ff6d117) x 2 0xfff75140
core   0: 0x80008144 (0x00cd1893) slli    a7, s10, 12
core   0: 3 0x80008144 (0x00cd1893) x17 0x0ce33000
core   0: 0x80008148 (0x041c7063) bgeu    s8, ra, pc + 64
core   0: 3 0x80008148 (0x041c7063)
core   0: 0x80008188 (0x03ecc333) div     t1, s9, t5
core   0: 3 0x80008188 (0x03ecc333) x 6 0x00000000
core   0: 0x8000818c (0x02c87e63) bgeu    a6, a2, pc + 60
core   0: 3 0x8000818c (0x02c87e63)
core   0: 0x800081c8 (0xa0592413) slti    s0, s2, -1531
core   0: 3 0x800081c8 (0xa0592413) x 8 0x00000001
core   0: 0x800081cc (0x01f91e63) bne     s2, t6, pc + 28
core   0: 3 0x800081cc (0x01f91e63)
core   0: 0x800081e8 (0x0112fab3) and     s5, t0, a7
core   0: 3 0x800081e8 (0x0112fab3) x21 0x0ce23000
core   0: 0x800081ec (0x032225b3) mulhsu  a1, tp, s2
core   0: 3 0x800081ec (0x032225b3) x11 0xffff8042
core   0: 0x800081f0 (0x00e1fc63) bgeu    gp, a4, pc + 24
core   0: 3 0x800081f0 (0x00e1fc63)
core   0: 0x80008208 (0x01b14263) blt     sp, s11, pc + 4
core   0: 3 0x80008208 (0x01b14263)
core   0: 0x8000820c (0x01af1d33) sll     s10, t5, s10
core   0: 3 0x8000820c (0x01af1d33) x26 0xfc780000
core   0: 0x80008210 (0x5355ef93) ori     t6, a1, 1333
core   0: 3 0x80008210 (0x5355ef93) x31 0xffff8577
core   0: 0x80008214 (0xe81256b7) lui     a3, 0xe8125
core   0: 3 0x80008214 (0xe81256b7) x13 0xe8125000
core   0: 0x80008218 (0x0370f7b3) remu    a5, ra, s7
core   0: 3 0x80008218 (0x0370f7b3) x15 0x00000000
core   0: 0x8000821c (0x05b37263) bgeu    t1, s11, pc + 68
core   0: 3 0x8000821c (0x05b37263)
core   0: 0x80008260 (0x018d5e93) srli    t4, s10, 24
core   0: 3 0x80008260 (0x018d5e93) x29 0x000000fc
core   0: 0x80008264 (0x02960fb3) mul     t6, a2, s1
core   0: 3 0x80008264 (0x02960fb3) x31 0x80000000
core   0: 0x80008268 (0x033b7463) bgeu    s6, s3, pc + 40
core   0: 3 0x80008268 (0x033b7463)
core   0: 0x80008290 (0x00fb5133) srl     sp, s6, a5
core   0: 3 0x80008290 (0x00fb5133) x 2 0x40000000
core   0: 0x80008294 (0x2f5c4b37) lui     s6, 0x2f5c4
core   0: 3 0x80008294 (0x2f5c4b37) x22 0x2f5c4000
core   0: 0x80008298 (0x057ac663) blt     s5, s7, pc + 76
core   0: 3 0x80008298 (0x057ac663)
core   0: 0x8000829c (0x5249a313) slti    t1, s3, 1316
core   0: 3 0x8000829c (0x5249a313) x 6 0x00000001
core   0: 0x800082a0 (0x00427eb3) and     t4, tp, tp
core   0: 3 0x800082a0 (0x00427eb3) x29 0xffff0087
core   0: 0x800082a4 (0x12fbc793) xori    a5, s7, 303
core   0: 3 0x800082a4 (0x12fbc793) x15 0x0000012f
core   0: 0x800082a8 (0x034e8133) mul     sp, t4, s4
core   0: 3 0x800082a8 (0x034e8133) x 2 0x00000000
core   0: 0x800082ac (0x035e95b3) mulh    a1, t4, s5
core   0: 3 0x800082ac (0x035e95b3) x11 0xfffff324
core   0: 0x800082b0 (0x00120ab3) add     s5, tp, ra
core   0: 3 0x800082b0 (0x00120ab3) x21 0xffff0087
core   0: 0x800082b4 (0x00ec7a33) and     s4, s8, a4
core   0: 3 0x800082b4 (0x00ec7a33) x20 0x00000000
core   0: 0x800082b8 (0x010080b3) add     ra, ra, a6
core   0: 3 0x800082b8 (0x010080b3) x 1 0x80025e20
core   0: 0x800082bc (0xa7a3a093) slti    ra, t2, -1414
core   0: 3 0x800082bc (0xa7a3a093) x 1 0x00000000
core   0: 0x800082c0 (0x00000013) nop
core   0: 3 0x800082c0 (0x00000013)
core   0: 0x800082c4 (0x00269593) slli    a1, a3, 2
core   0: 3 0x800082c4 (0x00269593) x11 0xa0494000
core   0: 0x800082c8 (0x0078ca63) blt     a7, t2, pc + 20
core   0: 3 0x800082c8 (0x0078ca63)
core   0: 0x800082cc (0x04747463) bgeu    s0, t2, pc + 72
core   0: 3 0x800082cc (0x04747463)
core   0: 0x80008314 (0x026f1263) bne     t5, t1, pc + 36
core   0: 3 0x80008314 (0x026f1263)
core   0: 0x80008338 (0x01b690b3) sll     ra, a3, s11
core   0: 3 0x80008338 (0x01b690b3) x 1 0xe8125000
core   0: 0x8000833c (0x01849b13) slli    s6, s1, 24
core   0: 3 0x8000833c (0x01849b13) x22 0x1d000000
core   0: 0x80008340 (0x02914233) div     tp, sp, s1
core   0: 3 0x80008340 (0x02914233) x 4 0x00000000
core   0: 0x80008344 (0x00727863) bgeu    tp, t2, pc + 16
core   0: 3 0x80008344 (0x00727863)
core   0: 0x80008354 (0x022245b3) div     a1, tp, sp
core   0: 3 0x80008354 (0x022245b3) x11 0xffffffff
core   0: 0x80008358 (0x01cdd213) srli    tp, s11, 28
core   0: 3 0x80008358 (0x01cdd213) x 4 0x00000000
core   0: 0x8000835c (0x02fc17b3) mulh    a5, s8, a5
core   0: 3 0x8000835c (0x02fc17b3) x15 0xffffff68
core   0: 0x80008360 (0x83ebb413) sltiu   s0, s7, -1986
core   0: 3 0x80008360 (0x83ebb413) x 8 0x00000001
core   0: 0x80008364 (0x01a4a4b3) slt     s1, s1, s10
core   0: 3 0x80008364 (0x01a4a4b3) x 9 0x00000000
core   0: 0x80008368 (0x67942313) slti    t1, s0, 1657
core   0: 3 0x80008368 (0x67942313) x 6 0x00000001
core   0: 0x8000836c (0xce034297) auipc   t0, 0xce034
core   0: 3 0x8000836c (0xce034297) x 5 0x4e03c36c
core   0: 0x80008370 (0x038886b3) mul     a3, a7, s8
core   0: 3 0x80008370 (0x038886b3) x13 0x4b96c000
core   0: 0x80008374 (0x0095d463) bge     a1, s1, pc + 8
core   0: 3 0x80008374 (0x0095d463)
core   0: 0x80008378 (0x013f9e93) slli    t4, t6, 19
core   0: 3 0x80008378 (0x013f9e93) x29 0x00000000
core   0: 0x8000837c (0x40675a33) sra     s4, a4, t1
core   0: 3 0x8000837c (0x40675a33) x20 0x00000000
core   0: 0x80008380 (0x01a5e863) bltu    a1, s10, pc + 16
core   0: 3 0x80008380 (0x01a5e863)
core   0: 0x80008384 (0x02c39f33) mulh    t5, t2, a2
core   0: 3 0x80008384 (0x02c39f33) x30 0x00000000
core   0: 0x80008388 (0xd1abfb93) andi    s7, s7, -742
core   0: 3 0x80008388 (0xd1abfb93) x23 0x00000000
core   0: 0x8000838c (0x00f7d313) srli    t1, a5, 15
core   0: 3 0x8000838c (0x00f7d313) x 6 0x0001ffff
core   0: 0x80008390 (0x6ebfa0b7) lui     ra, 0x6ebfa
core   0: 3 0x80008390 (0x6ebfa0b7) x 1 0x6ebfa000
core   0: 0x80008394 (0x03908863) beq     ra, s9, pc + 48
core   0: 3 0x80008394 (0x03908863)
core   0: 0x80008398 (0x40598533) sub     a0, s3, t0
core   0: 3 0x80008398 (0x40598533) x10 0xb1fc3cd8
core   0: 0x8000839c (0x4150df13) srai    t5, ra, 21
core   0: 3 0x8000839c (0x4150df13) x30 0x00000375
core   0: 0x800083a0 (0x02e87733) remu    a4, a6, a4
core   0: 3 0x800083a0 (0x02e87733) x14 0x80025e20
core   0: 0x800083a4 (0x00f75733) srl     a4, a4, a5
core   0: 3 0x800083a4 (0x00f75733) x14 0x0080025e
core   0: 0x800083a8 (0xeb2f4013) xori    zero, t5, -334
core   0: 3 0x800083a8 (0xeb2f4013)
core   0: 0x800083ac (0x02eeceb3) div     t4, t4, a4
core   0: 3 0x800083ac (0x02eeceb3) x29 0x00000000
core   0: 0x800083b0 (0x02fa1a63) bne     s4, a5, pc + 52
core   0: 3 0x800083b0 (0x02fa1a63)
core   0: 0x800083e4 (0x01424e63) blt     tp, s4, pc + 28
core   0: 3 0x800083e4 (0x01424e63)
core   0: 0x800083e8 (0x03a894b3) mulh    s1, a7, s10
core   0: 3 0x800083e8 (0x03a894b3) x 9 0xffd27dbe
core   0: 0x800083ec (0x05798063) beq     s3, s7, pc + 64
core   0: 3 0x800083ec (0x05798063)
core   0: 0x800083f0 (0x0297e063) bltu    a5, s1, pc + 32
core   0: 3 0x800083f0 (0x0297e063)
core   0: 0x800083f4 (0x03fa0f33) mul     t5, s4, t6
core   0: 3 0x800083f4 (0x03fa0f33) x30 0x00000000
core   0: 0x800083f8 (0x0558f863) bgeu    a7, s5, pc + 80
core   0: 3 0x800083f8 (0x0558f863)
core   0: 0x800083fc (0x00209233) sll     tp, ra, sp
core   0: 3 0x800083fc (0x00209233) x 4 0x6ebfa000
core   0: 0x80008400 (0x017a6c63) bltu    s4, s7, pc + 24
core   0: 3 0x80008400 (0x017a6c63)
core   0: 0x80008404 (0x7d49c593) xori    a1, s3, 2004
core   0: 3 0x80008404 (0x7d49c593) x11 0x00000790
core   0: 0x80008408 (0x00ae93b3) sll     t2, t4, a0
core   0: 3 0x80008408 (0x00ae93b3) x 7 0x00000000
core   0: 0x8000840c (0x038255b3) divu    a1, tp, s8
core   0: 3 0x8000840c (0x038255b3) x11 0x00000000
core   0: 0x80008410 (0x027e0133) mul     sp, t3, t2
core   0: 3 0x80008410 (0x027e0133) x 2 0x00000000
core   0: 0x80008414 (0x0348a733) mulhsu  a4, a7, s4
core   0: 3 0x80008414 (0x0348a733) x14 0x00000000
core   0: 0x80008418 (0x038944b3) div     s1, s2, s8
core   0: 3 0x80008418 (0x038944b3) x 9 0x00000001
core   0: 0x8000841c (0x4074d733) sra     a4, s1, t2
core   0: 3 0x8000841c (0x4074d733) x14 0x00000001
core   0: 0x80008420 (0x023a4733) div     a4, s4, gp
core   0: 3 0x80008420 (0x023a4733) x14 0x00000000
core   0: 0x80008424 (0xec552393) slti    t2, a0, -315
core   0: 3 0x80008424 (0xec552393) x 7 0x00000001
core   0: 0x80008428 (0x01415693) srli    a3, sp, 20
core   0: 3 0x80008428 (0x01415693) x13 0x00000000
core   0: 0x8000842c (0x01dbbd33) sltu    s10, s7, t4
core   0: 3 0x8000842c (0x01dbbd33) x26 0x00000000
core   0: 0x80008430 (0x02d5be33) mulhu   t3, a1, a3
core   0: 3 0x80008430 (0x02d5be33) x28 0x00000000
core   0: 0x80008434 (0x007a2033) slt     zero, s4, t2
core   0: 3 0x80008434 (0x007a2033)
core   0: 0x80008438 (0x014cc263) blt     s9, s4, pc + 4
core   0: 3 0x80008438 (0x014cc263)
core   0: 0x8000843c (0x016284b3) add     s1, t0, s6
core   0: 3 0x8000843c (0x016284b3) x 9 0x6b03c36c
core   0: 0x80008440 (0x027106b3) mul     a3, sp, t2
core   0: 3 0x80008440 (0x027106b3) x13 0x00000000
core   0: 0x80008444 (0x9615b293) sltiu   t0, a1, -1695
core   0: 3 0x80008444 (0x9615b293) x 5 0x00000001
core   0: 0x80008448 (0x03520db3) mul     s11, tp, s5
core   0: 3 0x80008448 (0x03520db3) x27 0xc70d6000
core   0: 0x8000844c (0x37cbf113) andi    sp, s7, 892
core   0: 3 0x8000844c (0x37cbf113) x 2 0x00000000
core   0: 0x80008450 (0x01054333) xor     t1, a0, a6
core   0: 3 0x80008450 (0x01054333) x 6 0x31fe62f8
core   0: 0x80008454 (0x01248e63) beq     s1, s2, pc + 28
core   0: 3 0x80008454 (0x01248e63)
core   0: 0x80008458 (0x02dc1b33) mulh    s6, s8, a3
core   0: 3 0x80008458 (0x02dc1b33) x22 0x00000000
core   0: 0x8000845c (0x31db0213) addi    tp, s6, 797
core   0: 3 0x8000845c (0x31db0213) x 4 0x0000031d
core   0: 0x80008460 (0x007dc133) xor     sp, s11, t2
core   0: 3 0x80008460 (0x007dc133) x 2 0xc70d6001
core   0: 0x80008464 (0x0002d393) srli    t2, t0, 0
core   0: 3 0x80008464 (0x0002d393) x 7 0x00000001
core   0: 0x80008468 (0x03180133) mul     sp, a6, a7
core   0: 3 0x80008468 (0x03180133) x 2 0x68060000
core   0: 0x8000846c (0x027ecfb3) div     t6, t4, t2
core   0: 3 0x8000846c (0x027ecfb3) x31 0x00000000
core   0: 0x80008470 (0x0041e0b3) or      ra, gp, tp
core   0: 3 0x80008470 (0x0041e0b3) x 1 0x00000b5d
core   0: 0x80008474 (0x03c5af33) mulhsu  t5, a1, t3
core   0: 3 0x80008474 (0x03c5af33) x30 0x00000000
core   0: 0x80008478 (0x02c01e63) bne     zero, a2, pc + 60
core   0: 3 0x80008478 (0x02c01e63)
core   0: 0x800084b4 (0x40b35233) sra     tp, t1, a1
core   0: 3 0x800084b4 (0x40b35233) x 4 0x31fe62f8
core   0: 0x800084b8 (0x025bbd33) mulhu   s10, s7, t0
core   0: 3 0x800084b8 (0x025bbd33) x26 0x00000000
core   0: 0x800084bc (0x03a3dc63) bge     t2, s10, pc + 56
core   0: 3 0x800084bc (0x03a3dc63)
core   0: 0x800084f4 (0x04001263) bnez    zero, pc + 68
core   0: 3 0x800084f4 (0x04001263)
core   0: 0x800084f8 (0x019f6863) bltu    t5, s9, pc + 16
core   0: 3 0x800084f8 (0x019f6863)
core   0: 0x800084fc (0x01397d33) and     s10, s2, s3
core   0: 3 0x800084fc (0x01397d33) x26 0x00000004
core   0: 0x80008500 (0x0539d863) bge     s3, s3, pc + 80
core   0: 3 0x80008500 (0x0539d863)
core   0: 0x80008550 (0xa86f3013) sltiu   zero, t5, -1402
core   0: 3 0x80008550 (0xa86f3013)
core   0: 0x80008554 (0x03a44933) div     s2, s0, s10
core   0: 3 0x80008554 (0x03a44933) x18 0x00000000
core   0: 0x80008558 (0x011ad2b3) srl     t0, s5, a7
core   0: 3 0x80008558 (0x011ad2b3) x 5 0xffff0087
core   0: 0x8000855c (0x41ac02b3) sub     t0, s8, s10
core   0: 3 0x8000855c (0x41ac02b3) x 5 0x80029ce0
core   0: 0x80008560 (0x028cd263) bge     s9, s0, pc + 36
core   0: 3 0x80008560 (0x028cd263)
core   0: 0x80008564 (0x418f5e33) sra     t3, t5, s8
core   0: 3 0x80008564 (0x418f5e33) x28 0x00000000
core   0: 0x80008568 (0x03a8ccb3) div     s9, a7, s10
core   0: 3 0x80008568 (0x03a8ccb3) x25 0x0338cc00
core   0: 0x8000856c (0x00672433) slt     s0, a4, t1
core   0: 3 0x8000856c (0x00672433) x 8 0x00000001
core   0: 0x80008570 (0xf12e6493) ori     s1, t3, -238
core   0: 3 0x80008570 (0xf12e6493) x 9 0xffffff12
core   0: 0x80008574 (0x04608063) beq     ra, t1, pc + 64
core   0: 3 0x80008574 (0x04608063)
core   0: 0x80008578 (0x00b57d33) and     s10, a0, a1
core   0: 3 0x80008578 (0x00b57d33) x26 0x00000000
core   0: 0x8000857c (0x40bf0ab3) sub     s5, t5, a1
core   0: 3 0x8000857c (0x40bf0ab3) x21 0x00000000
core   0: 0x80008580 (0x62ae3913) sltiu   s2, t3, 1578
core   0: 3 0x80008580 (0x62ae3913) x18 0x00000001
core   0: 0x80008584 (0x013b09b3) add     s3, s6, s3
core   0: 3 0x80008584 (0x013b09b3) x19 0x00000044
core   0: 0x80008588 (0x01a07db3) and     s11, zero, s10
core   0: 3 0x80008588 (0x01a07db3) x27 0x00000000
core   0: 0x8000858c (0x00c51333) sll     t1, a0, a2
core   0: 3 0x8000858c (0x00c51333) x 6 0xb1fc3cd8
core   0: 0x80008590 (0x03d53e33) mulhu   t3, a0, t4
core   0: 3 0x80008590 (0x03d53e33) x28 0x00000000
core   0: 0x80008594 (0x4076d193) srai    gp, a3, 7
core   0: 3 0x80008594 (0x4076d193) x 3 0x00000000
core   0: 0x80008598 (0x03be5a63) bge     t3, s11, pc + 52
core   0: 3 0x80008598 (0x03be5a63)
core   0: 0x800085cc (0x00957433) and     s0, a0, s1
core   0: 3 0x800085cc (0x00957433) x 8 0xb1fc3c10
core   0: 0x800085d0 (0x01d95e63) bge     s2, t4, pc + 28
core   0: 3 0x800085d0 (0x01d95e63)
core   0: 0x800085ec (0x05d51263) bne     a0, t4, pc + 68
core   0: 3 0x800085ec (0x05d51263)
core   0: 0x80008630 (0x00d5ec63) bltu    a1, a3, pc + 24
core   0: 3 0x80008630 (0x00d5ec63)
core   0: 0x80008634 (0x41b4d513) srai    a0, s1, 27
core   0: 3 0x80008634 (0x41b4d513) x10 0xffffffff
core   0: 0x80008638 (0x0172ec63) bltu    t0, s7, pc + 24
core   0: 3 0x80008638 (0x0172ec63)
core   0: 0x8000863c (0x020c4d33) div     s10, s8, zero
core   0: 3 0x8000863c (0x020c4d33) x26 0xffffffff
core   0: 0x80008640 (0x419fd793) srai    a5, t6, 25
core   0: 3 0x80008640 (0x419fd793) x15 0x00000000
core   0: 0x80008644 (0x005e9193) slli    gp, t4, 5
core   0: 3 0x80008644 (0x005e9193) x 3 0x00000000
core   0: 0x80008648 (0x02ff4c63) blt     t5, a5, pc + 56
core   0: 3 0x80008648 (0x02ff4c63)
core   0: 0x8000864c (0x01197a33) and     s4, s2, a7
core   0: 3 0x8000864c (0x01197a33) x20 0x00000000
core   0: 0x80008650 (0x0308e6b3) rem     a3, a7, a6
core   0: 3 0x80008650 (0x0308e6b3) x13 0x0ce33000
core   0: 0x80008654 (0x40d6d933) sra     s2, a3, a3
core   0: 3 0x80008654 (0x40d6d933) x18 0x0ce33000
core   0: 0x80008658 (0x00000013) nop
core   0: 3 0x80008658 (0x00000013)
core   0: 0x8000865c (0x03219d33) mulh    s10, gp, s2
core   0: 3 0x8000865c (0x03219d33) x26 0x00000000
core   0: 0x80008660 (0x01314333) xor     t1, sp, s3
core   0: 3 0x80008660 (0x01314333) x 6 0x68060044
core   0: 0x80008664 (0x03db8263) beq     s7, t4, pc + 36
core   0: 3 0x80008664 (0x03db8263)
core   0: 0x80008688 (0x01c102b3) add     t0, sp, t3
core   0: 3 0x80008688 (0x01c102b3) x 5 0x68060000
core   0: 0x8000868c (0x032d7cb3) remu    s9, s10, s2
core   0: 3 0x8000868c (0x032d7cb3) x25 0x00000000
core   0: 0x80008690 (0x02ea13b3) mulh    t2, s4, a4
core   0: 3 0x80008690 (0x02ea13b3) x 7 0x00000000
core   0: 0x80008694 (0x02d06863) bltu    zero, a3, pc + 48
core   0: 3 0x80008694 (0x02d06863)
core   0: 0x800086c4 (0x03245863) bge     s0, s2, pc + 48
core   0: 3 0x800086c4 (0x03245863)
core   0: 0x800086c8 (0x4b34fd97) auipc   s11, 0x4b34f
core   0: 3 0x800086c8 (0x4b34fd97) x27 0xcb3576c8
core   0: 0x800086cc (0x408a5933) sra     s2, s4, s0
core   0: 3 0x800086cc (0x408a5933) x18 0x00000000
core   0: 0x800086d0 (0xf62d0a13) addi    s4, s10, -158
core   0: 3 0x800086d0 (0xf62d0a13) x20 0xffffff62
core   0: 0x800086d4 (0x5123f517) auipc   a0, 0x5123f
core   0: 3 0x800086d4 (0x5123f517) x10 0xd12476d4
core   0: 0x800086d8 (0x03a45f33) divu    t5, s0, s10
core   0: 3 0x800086d8 (0x03a45f33) x30 0xffffffff
core   0: 0x800086dc (0x00000013) nop
core   0: 3 0x800086dc (0x00000013)
core   0: 0x800086e0 (0x021c5463) bge     s8, ra, pc + 40
core   0: 3 0x800086e0 (0x021c5463)
core   0: 0x800086e4 (0x03aeb6b3) mulhu   a3, t4, s10
core   0: 3 0x800086e4 (0x03aeb6b3) x13 0x00000000
core   0: 0x800086e8 (0x00ace333) or      t1, s9, a0
core   0: 3 0x800086e8 (0x00ace333) x 6 0xd12476d4
core   0: 0x800086ec (0x85c0ac93) slti    s9, ra, -1956
core   0: 3 0x800086ec (0x85c0ac93) x25 0x00000000
core   0: 0x800086f0 (0x000cc233) xor     tp, s9, zero
core   0: 3 0x800086f0 (0x000cc233) x 4 0x00000000
core   0: 0x800086f4 (0x09021f17) auipc   t5, 0x9021
core   0: 3 0x800086f4 (0x09021f17) x30 0x890296f4
core   0: 0x800086f8 (0x00596d33) or      s10, s2, t0
core   0: 3 0x800086f8 (0x00596d33) x26 0x68060000
core   0: 0x800086fc (0xfda88093) addi    ra, a7, -38
core   0: 3 0x800086fc (0xfda88093) x 1 0x0ce32fda
core   0: 0x80008700 (0x40820e33) sub     t3, tp, s0
core   0: 3 0x80008700 (0x40820e33) x28 0x4e03c3f0
core   0: 0x80008704 (0x409a5133) sra     sp, s4, s1
core   0: 3 0x80008704 (0x409a5133) x 2 0xffffffff
core   0: 0x80008708 (0x012ea0b3) slt     ra, t4, s2
core   0: 3 0x80008708 (0x012ea0b3) x 1 0x00000000
core   0: 0x8000870c (0x028e9063) bne     t4, s0, pc + 32
core   0: 3 0x8000870c (0x028e9063)
core   0: 0x8000872c (0x0504f463) bgeu    s1, a6, pc + 72
core   0: 3 0x8000872c (0x0504f463)
core   0: 0x80008774 (0x01a59f33) sll     t5, a1, s10
core   0: 3 0x80008774 (0x01a59f33) x30 0x00000000
core   0: 0x80008778 (0x05f64863) blt     a2, t6, pc + 80
core   0: 3 0x80008778 (0x05f64863)
core   0: 0x800087c8 (0x33018a37) lui     s4, 0x33018
core   0: 3 0x800087c8 (0x33018a37) x20 0x33018000
core   0: 0x800087cc (0x000f9933) sll     s2, t6, zero
core   0: 3 0x800087cc (0x000f9933) x18 0x00000000
core   0: 0x800087d0 (0x01e2dfb3) srl     t6, t0, t5
core   0: 3 0x800087d0 (0x01e2dfb3) x31 0x68060000
core   0: 0x800087d4 (0x012ccb33) xor     s6, s9, s2
core   0: 3 0x800087d4 (0x012ccb33) x22 0x00000000
core   0: 0x800087d8 (0x014e5bb3) srl     s7, t3, s4
core   0: 3 0x800087d8 (0x014e5bb3) x23 0x4e03c3f0
core   0: 0x800087dc (0x00442d33) slt     s10, s0, tp
core   0: 3 0x800087dc (0x00442d33) x26 0x00000001
core   0: 0x800087e0 (0x48959b97) auipc   s7, 0x48959
core   0: 3 0x800087e0 (0x48959b97) x23 0xc89617e0
core   0: 0x800087e4 (0x01235f93) srli    t6, t1, 18
core   0: 3 0x800087e4 (0x01235f93) x31 0x00003449
core   0: 0x800087e8 (0x659a7a13) andi    s4, s4, 1625
core   0: 3 0x800087e8 (0x659a7a13) x20 0x00000000
core   0: 0x800087ec (0xdf3cbe37) lui     t3, 0xdf3cb
core   0: 3 0x800087ec (0xdf3cbe37) x28 0xdf3cb000
core   0: 0x800087f0 (0x011581b3) add     gp, a1, a7
core   0: 3 0x800087f0 (0x011581b3) x 3 0x0ce33000
core   0: 0x800087f4 (0x03573e33) mulhu   t3, a4, s5
core   0: 3 0x800087f4 (0x03573e33) x28 0x00000000
core   0: 0x800087f8 (0x00c89a63) bne     a7, a2, pc + 20
core   0: 3 0x800087f8 (0x00c89a63)
core   0: 0x8000880c (0x01ee1493) slli    s1, t3, 30
core   0: 3 0x8000880c (0x01ee1493) x 9 0x00000000
core   0: 0x80008810 (0x0118d013) srli    zero, a7, 17
core   0: 3 0x80008810 (0x0118d013)
core   0: 0x80008814 (0x029c6233) rem     tp, s8, s1
core   0: 3 0x80008814 (0x029c6233) x 4 0x80029ce4
core   0: 0x80008818 (0x00e55933) srl     s2, a0, a4
core   0: 3 0x80008818 (0x00e55933) x18 0xd12476d4
core   0: 0x8000881c (0x0339b933) mulhu   s2, s3, s3
core   0: 3 0x8000881c (0x0339b933) x18 0x00000000
core   0: 0x80008820 (0x028128b3) mulhsu  a7, sp, s0
core   0: 3 0x80008820 (0x028128b3) x17 0xffffffff
core   0: 0x80008824 (0x41d48bb3) sub     s7, s1, t4
core   0: 3 0x80008824 (0x41d48bb3) x23 0x00000000
core   0: 0x80008828 (0x034dc033) div     zero, s11, s4
core   0: 3 0x80008828 (0x034dc033)
core   0: 0x8000882c (0x01bcd013) srli    zero, s9, 27
core   0: 3 0x8000882c (0x01bcd013)
core   0: 0x80008830 (0x018eb5b3) sltu    a1, t4, s8
core   0: 3 0x80008830 (0x018eb5b3) x11 0x00000001
core   0: 0x80008834 (0x00785193) srli    gp, a6, 7
core   0: 3 0x80008834 (0x00785193) x 3 0x010004bc
core   0: 0x80008838 (0x40a183b3) sub     t2, gp, a0
core   0: 3 0x80008838 (0x40a183b3) x 7 0x2fdb8de8
core   0: 0x8000883c (0x98fc6893) ori     a7, s8, -1649
core   0: 3 0x8000883c (0x98fc6893) x17 0xfffffdef
core   0: 0x80008840 (0x80d4a893) slti    a7, s1, -2035
core   0: 3 0x80008840 (0x80d4a893) x17 0x00000000
core   0: 0x80008844 (0x037ed863) bge     t4, s7, pc + 48
core   0: 3 0x80008844 (0x037ed863)
core   0: 0x80008874 (0x008918b3) sll     a7, s2, s0
core   0: 3 0x80008874 (0x008918b3) x17 0x00000000
core   0: 0x80008878 (0x03af4fb3) div     t6, t5, s10
core   0: 3 0x80008878 (0x03af4fb3) x31 0x00000000
core   0: 0x8000887c (0x9e080d93) addi    s11, a6, -1568
core   0: 3 0x8000887c (0x9e080d93) x27 0x80025800
core   0: 0x80008880 (0x033b0733) mul     a4, s6, s3
core   0: 3 0x80008880 (0x033b0733) x14 0x00000000
core   0: 0x80008884 (0x024bb4b3) mulhu   s1, s7, tp
core   0: 3 0x80008884 (0x024bb4b3) x 9 0x00000000
core   0: 0x80008888 (0x03898bb3) mul     s7, s3, s8
core   0: 3 0x80008888 (0x03898bb3) x23 0x00b1ac90
core   0: 0x8000888c (0x00dc1e63) bne     s8, a3, pc + 28
core   0: 3 0x8000888c (0x00dc1e63)
core   0: 0x800088a8 (0x01be6263) bltu    t3, s11, pc + 4
core   0: 3 0x800088a8 (0x01be6263)
core   0: 0x800088ac (0x00f04333) xor     t1, zero, a5
core   0: 3 0x800088ac (0x00f04333) x 6 0x00000000
core   0: 0x800088b0 (0x00000013) nop
core   0: 3 0x800088b0 (0x00000013)
core   0: 0x800088b4 (0x00f10a33) add     s4, sp, a5
core   0: 3 0x800088b4 (0x00f10a33) x20 0xffffffff
core   0: 0x800088b8 (0x2eb57e93) andi    t4, a0, 747
core   0: 3 0x800088b8 (0x2eb57e93) x29 0x000002c0
core   0: 0x800088bc (0x94974d13) xori    s10, a4, -1719
core   0: 3 0x800088bc (0x94974d13) x26 0xfffff949
core   0: 0x800088c0 (0x00103cb3) snez    s9, ra
core   0: 3 0x800088c0 (0x00103cb3) x25 0x00000000
core   0: 0x800088c4 (0x00145f33) srl     t5, s0, ra
core   0: 3 0x800088c4 (0x00145f33) x30 0xb1fc3c10
core   0: 0x800088c8 (0x40be07b3) sub     a5, t3, a1
core   0: 3 0x800088c8 (0x40be07b3) x15 0xffffffff
core   0: 0x800088cc (0x0263dc63) bge     t2, t1, pc + 56
core   0: 3 0x800088cc (0x0263dc63)
core   0: 0x80008904 (0x1fc30793) addi    a5, t1, 508
core   0: 3 0x80008904 (0x1fc30793) x15 0x000001fc
core   0: 0x80008908 (0x8bbd3513) sltiu   a0, s10, -1861
core   0: 3 0x80008908 (0x8bbd3513) x10 0x00000000
core   0: 0x8000890c (0x00983bb3) sltu    s7, a6, s1
core   0: 3 0x8000890c (0x00983bb3) x23 0x00000000
core   0: 0x80008910 (0x3ca6ae93) slti    t4, a3, 970
core   0: 3 0x80008910 (0x3ca6ae93) x29 0x00000001
core   0: 0x80008914 (0x017a1313) slli    t1, s4, 23
core   0: 3 0x80008914 (0x017a1313) x 6 0xff800000
core   0: 0x80008918 (0x00289863) bne     a7, sp, pc + 16
core   0: 3 0x80008918 (0x00289863)
core   0: 0x80008928 (0x001f9f93) slli    t6, t6, 1
core   0: 3 0x80008928 (0x001f9f93) x31 0x00000000
core   0: 0x8000892c (0x1eedf393) andi    t2, s11, 494
core   0: 3 0x8000892c (0x1eedf393) x 7 0x00000000
core   0: 0x80008930 (0x01905313) srli    t1, zero, 25
core   0: 3 0x80008930 (0x01905313) x 6 0x00000000
core   0: 0x80008934 (0x7577aab7) lui     s5, 0x7577a
core   0: 3 0x80008934 (0x7577aab7) x21 0x7577a000
core   0: 0x80008938 (0x021b7863) bgeu    s6, ra, pc + 48
core   0: 3 0x80008938 (0x021b7863)
core   0: 0x80008968 (0x03116cb3) rem     s9, sp, a7
core   0: 3 0x80008968 (0x03116cb3) x25 0xffffffff
core   0: 0x8000896c (0x01811f33) sll     t5, sp, s8
core   0: 3 0x8000896c (0x01811f33) x30 0xfffffff0
core   0: 0x80008970 (0x01bbaeb3) slt     t4, s7, s11
core   0: 3 0x80008970 (0x01bbaeb3) x29 0x00000000
core   0: 0x80008974 (0x030200b3) mul     ra, tp, a6
core   0: 3 0x80008974 (0x030200b3) x 1 0x2fb75480
core   0: 0x80008978 (0x03dc26b3) mulhsu  a3, s8, t4
core   0: 3 0x80008978 (0x03dc26b3) x13 0x00000000
core   0: 0x8000897c (0x002252b3) srl     t0, tp, sp
core   0: 3 0x8000897c (0x002252b3) x 5 0x00000001
core   0: 0x80008980 (0x004ab933) sltu    s2, s5, tp
core   0: 3 0x80008980 (0x004ab933) x18 0x00000001
core   0: 0x80008984 (0x954ca393) slti    t2, s9, -1708
core   0: 3 0x80008984 (0x954ca393) x 7 0x00000000
core   0: 0x80008988 (0x40c888b3) sub     a7, a7, a2
core   0: 3 0x80008988 (0x40c888b3) x17 0x80000000
core   0: 0x8000898c (0x025b9263) bne     s7, t0, pc + 36
core   0: 3 0x8000898c (0x025b9263)
core   0: 0x800089b0 (0xb33a4413) xori    s0, s4, -1229
core   0: 3 0x800089b0 (0xb33a4413) x 8 0x000004cc
core   0: 0x800089b4 (0x00c24db3) xor     s11, tp, a2
core   0: 3 0x800089b4 (0x00c24db3) x27 0x00029ce4
core   0: 0x800089b8 (0x01296433) or      s0, s2, s2
core   0: 3 0x800089b8 (0x01296433) x 8 0x00000001
core   0: 0x800089bc (0x02ab5a63) bge     s6, a0, pc + 52
core   0: 3 0x800089bc (0x02ab5a63)
core   0: 0x800089f0 (0x01a12233) slt     tp, sp, s10
core   0: 3 0x800089f0 (0x01a12233) x 4 0x00000000
core   0: 0x800089f4 (0x1034eb37) lui     s6, 0x1034e
core   0: 3 0x800089f4 (0x1034eb37) x22 0x1034e000
core   0: 0x800089f8 (0x00fc78b3) and     a7, s8, a5
core   0: 3 0x800089f8 (0x00fc78b3) x17 0x000000e4
core   0: 0x800089fc (0x00148d33) add     s10, s1, ra
core   0: 3 0x800089fc (0x00148d33) x26 0x2fb75480
core   0: 0x80008a00 (0x01304663) blt     zero, s3, pc + 12
core   0: 3 0x80008a00 (0x01304663)
core   0: 0x80008a0c (0x006c14b3) sll     s1, s8, t1
core   0: 3 0x80008a0c (0x006c14b3) x 9 0x80029ce4
core   0: 0x80008a10 (0xe488fd93) andi    s11, a7, -440
core   0: 3 0x80008a10 (0xe488fd93) x27 0x00000040
core   0: 0x80008a14 (0x01dcdeb3) srl     t4, s9, t4
core   0: 3 0x80008a14 (0x01dcdeb3) x29 0xffffffff
core   0: 0x80008a18 (0x05ee5063) bge     t3, t5, pc + 64
core   0: 3 0x80008a18 (0x05ee5063)
core   0: 0x80008a58 (0x40f7f893) andi    a7, a5, 1039
core   0: 3 0x80008a58 (0x40f7f893) x17 0x0000000c
core   0: 0x80008a5c (0x008eb4b3) sltu    s1, t4, s0
core   0: 3 0x80008a5c (0x008eb4b3) x 9 0x00000000
core   0: 0x80008a60 (0x00000517) auipc   a0, 0x0
core   0: 3 0x80008a60 (0x00000517) x10 0x80008a60
core   0: 0x80008a64 (0x0b450513) addi    a0, a0, 180
core   0: 3 0x80008a64 (0x0b450513) x10 0x80008b14
core   0: 0x80008a68 (0xec650513) addi    a0, a0, -314
core   0: 3 0x80008a68 (0xec650513) x10 0x800089da
core   0: 0x80008a6c (0x03d67333) remu    t1, a2, t4
core   0: 3 0x80008a6c (0x03d67333) x 6 0x80000000
core   0: 0x80008a70 (0x229f6893) ori     a7, t5, 553
core   0: 3 0x80008a70 (0x229f6893) x17 0xfffffff9
core   0: 0x80008a74 (0xbb2aa913) slti    s2, s5, -1102
core   0: 3 0x80008a74 (0xbb2aa913) x18 0x00000000
core   0: 0x80008a78 (0x037e9ab3) mulh    s5, t4, s7
core   0: 3 0x80008a78 (0x037e9ab3) x21 0x00000000
core   0: 0x80008a7c (0xbacb4c93) xori    s9, s6, -1108
core   0: 3 0x80008a7c (0xbacb4c93) x25 0xefcb1bac
core   0: 0x80008a80 (0x01235463) bge     t1, s2, pc + 8
core   0: 3 0x80008a80 (0x01235463)
core   0: 0x80008a84 (0x98203193) sltiu   gp, zero, -1662
core   0: 3 0x80008a84 (0x98203193) x 3 0x00000001
core   0: 0x80008a88 (0x13b50be7) jalr    s7, a0, 315
core   0: 3 0x80008a88 (0x13b50be7) x23 0x80008a8c
core   0: 0x80008b14 (0x001049b3) xor     s3, zero, ra
core   0: 3 0x80008b14 (0x001049b3) x19 0x2fb75480
core   0: 0x80008b18 (0x4057d113) srai    sp, a5, 5
core   0: 3 0x80008b18 (0x4057d113) x 2 0x0000000f
core   0: 0x80008b1c (0xfd4ee993) ori     s3, t4, -44
core   0: 3 0x80008b1c (0xfd4ee993) x19 0xffffffff
core   0: 0x80008b20 (0x483f8a93) addi    s5, t6, 1155
core   0: 3 0x80008b20 (0x483f8a93) x21 0x00000483
core   0: 0x80008b24 (0xfe480813) addi    a6, a6, -28
core   0: 3 0x80008b24 (0xfe480813) x16 0x80025e04
core   0: 0x80008b28 (0x00e36233) or      tp, t1, a4
core   0: 3 0x80008b28 (0x00e36233) x 4 0x80000000
core   0: 0x80008b2c (0x01d276b3) and     a3, tp, t4
core   0: 3 0x80008b2c (0x01d276b3) x13 0x80000000
core   0: 0x80008b30 (0x033bf1b3) remu    gp, s7, s3
core   0: 3 0x80008b30 (0x033bf1b3) x 3 0x80008a8c
core   0: 0x80008b34 (0x0337a8b3) mulhsu  a7, a5, s3
core   0: 3 0x80008b34 (0x0337a8b3) x17 0x000001fb
core   0: 0x80008b38 (0x01b5a333) slt     t1, a1, s11
core   0: 3 0x80008b38 (0x01b5a333) x 6 0x00000001
core   0: 0x80008b3c (0x01782223) sw      s7, 4(a6)
core   0: 3 0x80008b3c (0x01782223) mem 0x80025e08 0x80008a8c
core   0: 0x80008b40 (0xdff24e93) xori    t4, tp, -513
core   0: 3 0x80008b40 (0xdff24e93) x29 0x7ffffdff
core   0: 0x80008b44 (0x01712333) slt     t1, sp, s7
core   0: 3 0x80008b44 (0x01712333) x 6 0x00000000
core   0: 0x80008b48 (0x035ad463) bge     s5, s5, pc + 40
core   0: 3 0x80008b48 (0x035ad463)
core   0: 0x80008b70 (0xe8dfebef) jal     s7, pc - 0x1174
core   0: 3 0x80008b70 (0xe8dfebef) x23 0x80008b74
core   0: 0x800079fc (0xe7620793) addi    a5, tp, -394
core   0: 3 0x800079fc (0xe7620793) x15 0x7ffffe76
core   0: 0x80007a00 (0x03241433) mulh    s0, s0, s2
core   0: 3 0x80007a00 (0x03241433) x 8 0x00000000
core   0: 0x80007a04 (0x0083eeb3) or      t4, t2, s0
core   0: 3 0x80007a04 (0x0083eeb3) x29 0x00000000
core   0: 0x80007a08 (0xa964e513) ori     a0, s1, -1386
core   0: 3 0x80007a08 (0xa964e513) x10 0xfffffa96
core   0: 0x80007a0c (0x679b0513) addi    a0, s6, 1657
core   0: 3 0x80007a0c (0x679b0513) x10 0x1034e679
core   0: 0x80007a10 (0xfe480813) addi    a6, a6, -28
core   0: 3 0x80007a10 (0xfe480813) x16 0x80025de8
core   0: 0x80007a14 (0x00000013) nop
core   0: 3 0x80007a14 (0x00000013)
core   0: 0x80007a18 (0x01ead533) srl     a0, s5, t5
core   0: 3 0x80007a18 (0x01ead533) x10 0x00000000
core   0: 0x80007a1c (0x01782223) sw      s7, 4(a6)
core   0: 3 0x80007a1c (0x01782223) mem 0x80025dec 0x80008b74
core   0: 0x80007a20 (0x003f5593) srli    a1, t5, 3
core   0: 3 0x80007a20 (0x003f5593) x11 0x1ffffffe
core   0: 0x80007a24 (0x025b49b3) div     s3, s6, t0
core   0: 3 0x80007a24 (0x025b49b3) x19 0x1034e000
core   0: 0x80007a28 (0x036fc533) div     a0, t6, s6
core   0: 3 0x80007a28 (0x036fc533) x10 0x00000000
core   0: 0x80007a2c (0x01598333) add     t1, s3, s5
core   0: 3 0x80007a2c (0x01598333) x 6 0x1034e483
core   0: 0x80007a30 (0x0079f463) bgeu    s3, t2, pc + 8
core   0: 3 0x80007a30 (0x0079f463)
core   0: 0x80007a38 (0x01b957b3) srl     a5, s2, s11
core   0: 3 0x80007a38 (0x01b957b3) x15 0x00000000
core   0: 0x80007a3c (0x96e32893) slti    a7, t1, -1682
core   0: 3 0x80007a3c (0x96e32893) x17 0x00000000
core   0: 0x80007a40 (0x418bd693) srai    a3, s7, 24
core   0: 3 0x80007a40 (0x418bd693) x13 0xffffff80
core   0: 0x80007a44 (0x034be6b3) rem     a3, s7, s4
core   0: 3 0x80007a44 (0x034be6b3) x13 0x00000000
core   0: 0x80007a48 (0x03fde463) bltu    s11, t6, pc + 40
core   0: 3 0x80007a48 (0x03fde463)
core   0: 0x80007a4c (0x00d1de63) bge     gp, a3, pc + 28
core   0: 3 0x80007a4c (0x00d1de63)
core   0: 0x80007a50 (0xc091a993) slti    s3, gp, -1015
core   0: 3 0x80007a50 (0xc091a993) x19 0x00000001
core   0: 0x80007a54 (0x61477e17) auipc   t3, 0x61477
core   0: 3 0x80007a54 (0x61477e17) x28 0xe147ea54
core   0: 0x80007a58 (0x00329f93) slli    t6, t0, 3
core   0: 3 0x80007a58 (0x00329f93) x31 0x00000008
core   0: 0x80007a5c (0x004efd33) and     s10, t4, tp
core   0: 3 0x80007a5c (0x004efd33) x26 0x00000000
core   0: 0x80007a60 (0x005a3433) sltu    s0, s4, t0
core   0: 3 0x80007a60 (0x005a3433) x 8 0x00000000
core   0: 0x80007a64 (0x03e7f733) remu    a4, a5, t5
core   0: 3 0x80007a64 (0x03e7f733) x14 0x00000000
core   0: 0x80007a68 (0x014390b3) sll     ra, t2, s4
core   0: 3 0x80007a68 (0x014390b3) x 1 0x00000000
core   0: 0x80007a6c (0x411fd233) sra     tp, t6, a7
core   0: 3 0x80007a6c (0x411fd233) x 4 0x00000008
core   0: 0x80007a70 (0xa592a713) slti    a4, t0, -1447
core   0: 3 0x80007a70 (0xa592a713) x14 0x00000000
core   0: 0x80007a74 (0x045bf463) bgeu    s7, t0, pc + 72
core   0: 3 0x80007a74 (0x045bf463)
core   0: 0x80007abc (0x035ede63) bge     t4, s5, pc + 60
core   0: 3 0x80007abc (0x035ede63)
core   0: 0x80007ac0 (0x1a46fa13) andi    s4, a3, 420
core   0: 3 0x80007ac0 (0x1a46fa13) x20 0x00000000
core   0: 0x80007ac4 (0x008916b3) sll     a3, s2, s0
core   0: 3 0x80007ac4 (0x008916b3) x13 0x00000000
core   0: 0x80007ac8 (0x024e23b3) mulhsu  t2, t3, tp
core   0: 3 0x80007ac8 (0x024e23b3) x 7 0xffffffff
core   0: 0x80007acc (0x0176de33) srl     t3, a3, s7
core   0: 3 0x80007acc (0x0176de33) x28 0x00000000
core   0: 0x80007ad0 (0x000c4fb3) xor     t6, s8, zero
core   0: 3 0x80007ad0 (0x000c4fb3) x31 0x80029ce4
core   0: 0x80007ad4 (0x03c54263) blt     a0, t3, pc + 36
core   0: 3 0x80007ad4 (0x03c54263)
core   0: 0x80007ad8 (0x011aa7b3) slt     a5, s5, a7
core   0: 3 0x80007ad8 (0x011aa7b3) x15 0x00000000
core   0: 0x80007adc (0x03759eb3) mulh    t4, a1, s7
core   0: 3 0x80007adc (0x03759eb3) x29 0xf000116f
core   0: 0x80007ae0 (0x013ddb13) srli    s6, s11, 19
core   0: 3 0x80007ae0 (0x013ddb13) x22 0x00000000
core   0: 0x80007ae4 (0x0109da63) bge     s3, a6, pc + 20
core   0: 3 0x80007ae4 (0x0109da63)
core   0: 0x80007af8 (0x02068fb3) mul     t6, a3, zero
core   0: 3 0x80007af8 (0x02068fb3) x31 0x00000000
core   0: 0x80007afc (0x400e84b3) sub     s1, t4, zero
core   0: 3 0x80007afc (0x400e84b3) x 9 0xf000116f
core   0: 0x80007b00 (0x03d11533) mulh    a0, sp, t4
core   0: 3 0x80007b00 (0x03d11533) x10 0xffffffff
core   0: 0x80007b04 (0x01df9eb3) sll     t4, t6, t4
core   0: 3 0x80007b04 (0x01df9eb3) x29 0x00000000
core   0: 0x80007b08 (0x320cf093) andi    ra, s9, 800
core   0: 3 0x80007b08 (0x320cf093) x 1 0x00000320
core   0: 0x80007b0c (0x00a73233) sltu    tp, a4, a0
core   0: 3 0x80007b0c (0x00a73233) x 4 0x00000001
core   0: 0x80007b10 (0x00482b83) lw      s7, 4(a6)
core   0: 3 0x80007b10 (0x00482b83) x23 0x80008b74 mem 0x80025dec
core   0: 0x80007b14 (0x01481713) slli    a4, a6, 20
core   0: 3 0x80007b14 (0x01481713) x14 0xde800000
core   0: 0x80007b18 (0x01c80813) addi    a6, a6, 28
core   0: 3 0x80007b18 (0x01c80813) x16 0x80025e04
core   0: 0x80007b1c (0x403088b3) sub     a7, ra, gp
core   0: 3 0x80007b1c (0x403088b3) x17 0x7fff7894
core   0: 0x80007b20 (0x026797b3) mulh    a5, a5, t1
core   0: 3 0x80007b20 (0x026797b3) x15 0x00000000
core   0: 0x80007b24 (0x000b8393) mv      t2, s7
core   0: 3 0x80007b24 (0x000b8393) x 7 0x80008b74
core   0: 0x80007b28 (0x000383e7) jalr    t2, t2, 0
core   0: 3 0x80007b28 (0x000383e7) x 7 0x80007b2c
core   0: 0x80008b74 (0xfffffc97) auipc   s9, 0xfffff
core   0: 3 0x80008b74 (0xfffffc97) x25 0x80007b74
core   0: 0x80008b78 (0xfb8c8c93) addi    s9, s9, -72
core   0: 3 0x80008b78 (0xfb8c8c93) x25 0x80007b2c
core   0: 0x80008b7c (0x65b9a993) slti    s3, s3, 1627
core   0: 3 0x80008b7c (0x65b9a993) x19 0x00000001
core   0: 0x80008b80 (0x34211d97) auipc   s11, 0x34211
core   0: 3 0x80008b80 (0x34211d97) x27 0xb4219b80
core   0: 0x80008b84 (0xd3cc8c93) addi    s9, s9, -708
core   0: 3 0x80008b84 (0xd3cc8c93) x25 0x80007868
core   0: 0x80008b88 (0x00000013) nop
core   0: 3 0x80008b88 (0x00000013)
core   0: 0x80008b8c (0x00038933) add     s2, t2, zero
core   0: 3 0x80008b8c (0x00038933) x18 0x80007b2c
core   0: 0x80008b90 (0x12a2ba13) sltiu   s4, t0, 298
core   0: 3 0x80008b90 (0x12a2ba13) x20 0x00000001
core   0: 0x80008b94 (0x008c1ab3) sll     s5, s8, s0
core   0: 3 0x80008b94 (0x008c1ab3) x21 0x80029ce4
core   0: 0x80008b98 (0x2c5c8be7) jalr    s7, s9, 709
core   0: 3 0x80008b98 (0x2c5c8be7) x23 0x80008b9c
core   0: 0x80007b2c (0x41dd5133) sra     sp, s10, t4
core   0: 3 0x80007b2c (0x41dd5133) x 2 0x00000000
core   0: 0x80007b30 (0xfcc80813) addi    a6, a6, -52
core   0: 3 0x80007b30 (0xfcc80813) x16 0x80025dd0
core   0: 0x80007b34 (0xe4c14513) xori    a0, sp, -436
core   0: 3 0x80007b34 (0xe4c14513) x10 0xfffffe4c
core   0: 0x80007b38 (0x01831733) sll     a4, t1, s8
core   0: 3 0x80007b38 (0x01831733) x14 0x034e4830
core   0: 0x80007b3c (0x00000013) nop
core   0: 3 0x80007b3c (0x00000013)
core   0: 0x80007b40 (0x01782223) sw      s7, 4(a6)
core   0: 3 0x80007b40 (0x01782223) mem 0x80025dd4 0x80008b9c
core   0: 0x80007b44 (0x0124dcb3) srl     s9, s1, s2
core   0: 3 0x80007b44 (0x0124dcb3) x25 0x000f0001
core   0: 0x80007b48 (0x400f5fb3) sra     t6, t5, zero
core   0: 3 0x80007b48 (0x400f5fb3) x31 0xfffffff0
core   0: 0x80007b4c (0xd63d0e93) addi    t4, s10, -669
core   0: 3 0x80007b4c (0xd63d0e93) x29 0xfffffd63
core   0: 0x80007b50 (0x415b5a93) srai    s5, s6, 21
core   0: 3 0x80007b50 (0x415b5a93) x21 0x00000000
core   0: 0x80007b54 (0x0241c433) div     s0, gp, tp
core   0: 3 0x80007b54 (0x0241c433) x 8 0x80008a8c
core   0: 0x80007b58 (0x03692e33) mulhsu  t3, s2, s6
core   0: 3 0x80007b58 (0x03692e33) x28 0x00000000
core   0: 0x80007b5c (0x026048b3) div     a7, zero, t1
core   0: 3 0x80007b5c (0x026048b3) x17 0x00000000
core   0: 0x80007b60 (0x00000013) nop
core   0: 3 0x80007b60 (0x00000013)
core   0: 0x80007b64 (0xf7388993) addi    s3, a7, -141
core   0: 3 0x80007b64 (0xf7388993) x19 0xffffff73
core   0: 0x80007b68 (0x00b15713) srli    a4, sp, 11
core   0: 3 0x80007b68 (0x00b15713) x14 0x00000000
core   0: 0x80007b6c (0x01356b33) or      s6, a0, s3
core   0: 3 0x80007b6c (0x01356b33) x22 0xffffff7f
core   0: 0x80007b70 (0x00000013) nop
core   0: 3 0x80007b70 (0x00000013)
core   0: 0x80007b74 (0x413808b3) sub     a7, a6, s3
core   0: 3 0x80007b74 (0x413808b3) x17 0x80025e5d
core   0: 0x80007b78 (0x00e8b033) sltu    zero, a7, a4
core   0: 3 0x80007b78 (0x00e8b033)
core   0: 0x80007b7c (0x0381da33) divu    s4, gp, s8
core   0: 3 0x80007b7c (0x0381da33) x20 0x00000000
core   0: 0x80007b80 (0x00000013) nop
core   0: 3 0x80007b80 (0x00000013)
core   0: 0x80007b84 (0x014b8733) add     a4, s7, s4
core   0: 3 0x80007b84 (0x014b8733) x14 0x80008b9c
core   0: 0x80007b88 (0x41aa0cb3) sub     s9, s4, s10
core   0: 3 0x80007b88 (0x41aa0cb3) x25 0x00000000
core   0: 0x80007b8c (0x00c888b3) add     a7, a7, a2
core   0: 3 0x80007b8c (0x00c888b3) x17 0x00025e5d
core   0: 0x80007b90 (0x00000013) nop
core   0: 3 0x80007b90 (0x00000013)
core   0: 0x80007b94 (0x000547b3) xor     a5, a0, zero
core   0: 3 0x80007b94 (0x000547b3) x15 0xfffffe4c
core   0: 0x80007b98 (0x02faf463) bgeu    s5, a5, pc + 40
core   0: 3 0x80007b98 (0x02faf463)
core   0: 0x80007b9c (0x03dd2033) mulhsu  zero, s10, t4
core   0: 3 0x80007b9c (0x03dd2033)
core   0: 0x80007ba0 (0x02afe733) rem     a4, t6, a0
core   0: 3 0x80007ba0 (0x02afe733) x14 0xfffffff0
core   0: 0x80007ba4 (0x00709bb3) sll     s7, ra, t2
core   0: 3 0x80007ba4 (0x00709bb3) x23 0x00320000
core   0: 0x80007ba8 (0x00a2c863) blt     t0, a0, pc + 16
core   0: 3 0x80007ba8 (0x00a2c863)
core   0: 0x80007bac (0x033a18b3) mulh    a7, s4, s3
core   0: 3 0x80007bac (0x033a18b3) x17 0x00000000
core   0: 0x80007bb0 (0x03c244b3) div     s1, tp, t3
core   0: 3 0x80007bb0 (0x03c244b3) x 9 0xffffffff
core   0: 0x80007bb4 (0x00000013) nop
core   0: 3 0x80007bb4 (0x00000013)
core   0: 0x80007bb8 (0x9b526a13) ori     s4, tp, -1611
core   0: 3 0x80007bb8 (0x9b526a13) x20 0xfffff9b5
core   0: 0x80007bbc (0x05889863) bne     a7, s8, pc + 80
core   0: 3 0x80007bbc (0x05889863)
core   0: 0x80007c0c (0x02d84063) blt     a6, a3, pc + 32
core   0: 3 0x80007c0c (0x02d84063)
core   0: 0x80007c2c (0x02b8de63) bge     a7, a1, pc + 60
core   0: 3 0x80007c2c (0x02b8de63)
core   0: 0x80007c30 (0x01e59e63) bne     a1, t5, pc + 28
core   0: 3 0x80007c30 (0x01e59e63)
core   0: 0x80007c4c (0x02c876b3) remu    a3, a6, a2
core   0: 3 0x80007c4c (0x02c876b3) x13 0x00025dd0
core   0: 0x80007c50 (0x02696ab3) rem     s5, s2, t1
core   0: 3 0x80007c50 (0x02696ab3) x21 0xf172bac1
core   0: 0x80007c54 (0x00a64e63) blt     a2, a0, pc + 28
core   0: 3 0x80007c54 (0x00a64e63)
core   0: 0x80007c70 (0x00ce59b3) srl     s3, t3, a2
core   0: 3 0x80007c70 (0x00ce59b3) x19 0x00000000
core   0: 0x80007c74 (0xb31fe013) ori     zero, t6, -1231
core   0: 3 0x80007c74 (0xb31fe013)
core   0: 0x80007c78 (0x03ad1c63) bne     s10, s10, pc + 56
core   0: 3 0x80007c78 (0x03ad1c63)
core   0: 0x80007c7c (0x01fe1133) sll     sp, t3, t6
core   0: 3 0x80007c7c (0x01fe1133) x 2 0x00000000
core   0: 0x80007c80 (0x00148433) add     s0, s1, ra
core   0: 3 0x80007c80 (0x00148433) x 8 0x0000031f
core   0: 0x80007c84 (0x75f04993) xori    s3, zero, 1887
core   0: 3 0x80007c84 (0x75f04993) x19 0x0000075f
core   0: 0x80007c88 (0x02de6433) rem     s0, t3, a3
core   0: 3 0x80007c88 (0x02de6433) x 8 0x00000000
core   0: 0x80007c8c (0x13e5c093) xori    ra, a1, 318
core   0: 3 0x80007c8c (0x13e5c093) x 1 0x1ffffec0
core   0: 0x80007c90 (0xa42fb093) sltiu   ra, t6, -1470
core   0: 3 0x80007c90 (0xa42fb093) x 1 0x00000000
core   0: 0x80007c94 (0x02117533) remu    a0, sp, ra
core   0: 3 0x80007c94 (0x02117533) x10 0x00000000
core   0: 0x80007c98 (0x05159063) bne     a1, a7, pc + 64
core   0: 3 0x80007c98 (0x05159063)
core   0: 0x80007cd8 (0x01ac9263) bne     s9, s10, pc + 4
core   0: 3 0x80007cd8 (0x01ac9263)
core   0: 0x80007cdc (0x8b37b793) sltiu   a5, a5, -1869
core   0: 3 0x80007cdc (0x8b37b793) x15 0x00000000
core   0: 0x80007ce0 (0x00482b83) lw      s7, 4(a6)
core   0: 3 0x80007ce0 (0x00482b83) x23 0x80008b9c mem 0x80025dd4
core   0: 0x80007ce4 (0x02d99233) mulh    tp, s3, a3
core   0: 3 0x80007ce4 (0x02d99233) x 4 0x00000000
core   0: 0x80007ce8 (0x03480813) addi    a6, a6, 52
core   0: 3 0x80007ce8 (0x03480813) x16 0x80025e04
core   0: 0x80007cec (0x00000013) nop
core   0: 3 0x80007cec (0x00000013)
core   0: 0x80007cf0 (0xa6926a93) ori     s5, tp, -1431
core   0: 3 0x80007cf0 (0xa6926a93) x21 0xfffffa69
core   0: 0x80007cf4 (0x00b05013) srli    zero, zero, 11
core   0: 3 0x80007cf4 (0x00b05013)
core   0: 0x80007cf8 (0x03c362b3) rem     t0, t1, t3
core   0: 3 0x80007cf8 (0x03c362b3) x 5 0x1034e483
core   0: 0x80007cfc (0x03a65cb3) divu    s9, a2, s10
core   0: 3 0x80007cfc (0x03a65cb3) x25 0xffffffff
core   0: 0x80007d00 (0x7b1af293) andi    t0, s5, 1969
core   0: 3 0x80007d00 (0x7b1af293) x 5 0x00000221
core   0: 0x80007d04 (0x001b8493) addi    s1, s7, 1
core   0: 3 0x80007d04 (0x001b8493) x 9 0x80008b9d
core   0: 0x80007d08 (0x000484e7) jalr    s1, s1, 0
core   0: 3 0x80007d08 (0x000484e7) x 9 0x80007d0c
core   0: 0x80008b9c (0x00008d97) auipc   s11, 0x8
core   0: 3 0x80008b9c (0x00008d97) x27 0x80010b9c
core   0: 0x80008ba0 (0x9f2d8d93) addi    s11, s11, -1550
core   0: 3 0x80008ba0 (0x9f2d8d93) x27 0x8001058e
core   0: 0x80008ba4 (0x00579f93) slli    t6, a5, 5
core   0: 3 0x80008ba4 (0x00579f93) x31 0x00000000
core   0: 0x80008ba8 (0x03590d33) mul     s10, s2, s5
core   0: 3 0x80008ba8 (0x03590d33) x26 0x7d4f7d0c
core   0: 0x80008bac (0xfedd8d23) sb      a3, -6(s11)
core   0: 3 0x80008bac (0xfedd8d23) mem 0x80010588 0xd0
core   0: 0x80008bb0 (0xff2dcf83) lbu     t6, -14(s11)
core   0: 3 0x80008bb0 (0xff2dcf83) x31 0x00000035 mem 0x80010580
core   0: 0x80008bb4 (0xc530b597) auipc   a1, 0xc530b
core   0: 3 0x80008bb4 (0xc530b597) x11 0x45313bb4
core   0: 0x80008bb8 (0x008d8583) lb      a1, 8(s11)
core   0: 3 0x80008bb8 (0x008d8583) x11 0x00000000 mem 0x80010596
core   0: 0x80008bbc (0x3cd9ea17) auipc   s4, 0x3cd9e
core   0: 3 0x80008bbc (0x3cd9ea17) x20 0xbcda6bbc
core   0: 0x80008bc0 (0xfe5d8a23) sb      t0, -12(s11)
core   0: 3 0x80008bc0 (0xfe5d8a23) mem 0x80010582 0x21
core   0: 0x80008bc4 (0x039744b3) div     s1, a4, s9
core   0: 3 0x80008bc4 (0x039744b3) x 9 0x00000010
core   0: 0x80008bc8 (0x03e82cb3) mulhsu  s9, a6, t5
core   0: 3 0x80008bc8 (0x03e82cb3) x25 0x80025e0b
core   0: 0x80008bcc (0x00dd8303) lb      t1, 13(s11)
core   0: 3 0x80008bcc (0x00dd8303) x 6 0x00000062 mem 0x8001059b
core   0: 0x80008bd0 (0x006d9383) lh      t2, 6(s11)
core   0: 3 0x80008bd0 (0x006d9383) x 7 0x00000001 mem 0x80010594
core   0: 0x80008bd4 (0x3a9c6513) ori     a0, s8, 937
core   0: 3 0x80008bd4 (0x3a9c6513) x10 0x80029fed
core   0: 0x80008bd8 (0xadc8bd13) sltiu   s10, a7, -1316
core   0: 3 0x80008bd8 (0xadc8bd13) x26 0x00000001
core   0: 0x80008bdc (0x008d9003) lh      zero, 8(s11)
core   0: 3 0x80008bdc (0x008d9003) mem 0x80010596
core   0: 0x80008be0 (0xffdd8e23) sb      t4, -4(s11)
core   0: 3 0x80008be0 (0xffdd8e23) mem 0x8001058a 0x63
core   0: 0x80008be4 (0xd02a7397) auipc   t2, 0xd02a7
core   0: 3 0x80008be4 (0xd02a7397) x 7 0x502afbe4
core   0: 0x80008be8 (0x00bdcf83) lbu     t6, 11(s11)
core   0: 3 0x80008be8 (0x00bdcf83) x31 0x0000005d mem 0x80010599
core   0: 0x80008bec (0x0c74f393) andi    t2, s1, 199
core   0: 3 0x80008bec (0x0c74f393) x 7 0x00000000
core   0: 0x80008bf0 (0x012d82a3) sb      s2, 5(s11)
core   0: 3 0x80008bf0 (0x012d82a3) mem 0x80010593 0x2c
core   0: 0x80008bf4 (0x000d9383) lh      t2, 0(s11)
core   0: 3 0x80008bf4 (0x000d9383) x 7 0xfffff088 mem 0x8001058e
core   0: 0x80008bf8 (0xfffdc103) lbu     sp, -1(s11)
core   0: 3 0x80008bf8 (0xfffdc103) x 2 0x000000d0 mem 0x8001058d
core   0: 0x80008bfc (0xff1dc783) lbu     a5, -15(s11)
core   0: 3 0x80008bfc (0xff1dc783) x15 0x000000c0 mem 0x8001057f
core   0: 0x80008c00 (0x009d8e03) lb      t3, 9(s11)
core   0: 3 0x80008c00 (0x009d8e03) x28 0x00000000 mem 0x80010597
core   0: 0x80008c04 (0x40e79e17) auipc   t3, 0x40e79
core   0: 3 0x80008c04 (0x40e79e17) x28 0xc0e81c04
core   0: 0x80008c08 (0xfe9d8ba3) sb      s1, -9(s11)
core   0: 3 0x80008c08 (0xfe9d8ba3) mem 0x80010585 0x10
core   0: 0x80008c0c (0xff4d8f83) lb      t6, -12(s11)
core   0: 3 0x80008c0c (0xff4d8f83) x31 0x00000021 mem 0x80010582
core   0: 0x80008c10 (0x002ca233) slt     tp, s9, sp
core   0: 3 0x80008c10 (0x002ca233) x 4 0x00000001
core   0: 0x80008c14 (0xcab86093) ori     ra, a6, -853
core   0: 3 0x80008c14 (0xcab86093) x 1 0xfffffeaf
core   0: 0x80008c18 (0x00fdc003) lbu     zero, 15(s11)
core   0: 3 0x80008c18 (0x00fdc003) mem 0x8001059d
core   0: 0x80008c1c (0x41825b13) srai    s6, tp, 24
core   0: 3 0x80008c1c (0x41825b13) x22 0x00000000
core   0: 0x80008c20 (0x01cda323) sw      t3, 6(s11)
core   0: 3 0x80008c20 (0x01cda323) mem 0x80010594 0xc0e81c04
core   0: 0x80008c24 (0xfe1d89a3) sb      ra, -13(s11)
core   0: 3 0x80008c24 (0xfe1d89a3) mem 0x80010581 0xaf
core   0: 0x80008c28 (0x004da323) sw      tp, 6(s11)
core   0: 3 0x80008c28 (0x004da323) mem 0x80010594 0x00000001
core   0: 0x80008c2c (0x024e49b3) div     s3, t3, tp
core   0: 3 0x80008c2c (0x024e49b3) x19 0xc0e81c04
core   0: 0x80008c30 (0xff7dc983) lbu     s3, -9(s11)
core   0: 3 0x80008c30 (0xff7dc983) x19 0x00000010 mem 0x80010585
core   0: 0x80008c34 (0xff5d8303) lb      t1, -11(s11)
core   0: 3 0x80008c34 (0xff5d8303) x 6 0x00000055 mem 0x80010583
core   0: 0x80008c38 (0xffedd303) lhu     t1, -2(s11)
core   0: 3 0x80008c38 (0xffedd303) x 6 0x0000d0a0 mem 0x8001058c
core   0: 0x80008c3c (0xfffd8b83) lb      s7, -1(s11)
core   0: 3 0x80008c3c (0xfffd8b83) x23 0xffffffd0 mem 0x8001058d
core   0: 0x80008c40 (0x40cbde33) sra     t3, s7, a2
core   0: 3 0x80008c40 (0x40cbde33) x28 0xffffffd0
core   0: 0x80008c44 (0x03b614b3) mulh    s1, a2, s11
core   0: 3 0x80008c44 (0x03b614b3) x 9 0x3fff7d39
core   0: 0x80008c48 (0x00edcf83) lbu     t6, 14(s11)
core   0: 3 0x80008c48 (0x00edcf83) x31 0x0000008b mem 0x8001059c
core   0: 0x80008c4c (0x01dd8023) sb      t4, 0(s11)
core   0: 3 0x80008c4c (0x01dd8023) mem 0x8001058e 0x63
core   0: 0x80008c50 (0x00017117) auipc   sp, 0x17
core   0: 3 0x80008c50 (0x00017117) x 2 0x8001fc50
core   0: 0x80008c54 (0x16810113) addi    sp, sp, 360
core   0: 3 0x80008c54 (0x16810113) x 2 0x8001fdb8
core   0: 0x80008c58 (0xfe810e23) sb      s0, -4(sp)
core   0: 3 0x80008c58 (0xfe810e23) mem 0x8001fdb4 0x0
core   0: 0x80008c5c (0x416a88b3) sub     a7, s5, s6
core   0: 3 0x80008c5c (0x416a88b3) x17 0xfffffa69
core   0: 0x80008c60 (0x00dfbe33) sltu    t3, t6, a3
core   0: 3 0x80008c60 (0x00dfbe33) x28 0x00000001
core   0: 0x80008c64 (0x002d1233) sll     tp, s10, sp
core   0: 3 0x80008c64 (0x002d1233) x 4 0x01000000
core   0: 0x80008c68 (0x000115b3) sll     a1, sp, zero
core   0: 3 0x80008c68 (0x000115b3) x11 0x8001fdb8
core   0: 0x80008c6c (0x019141b3) xor     gp, sp, s9
core   0: 3 0x80008c6c (0x019141b3) x 3 0x0003a3b3
core   0: 0x80008c70 (0x00710703) lb      a4, 7(sp)
core   0: 3 0x80008c70 (0x00710703) x14 0x00000000 mem 0x8001fdbf
core   0: 0x80008c74 (0x0032be33) sltu    t3, t0, gp
core   0: 3 0x80008c74 (0x0032be33) x28 0x00000001
core   0: 0x80008c78 (0x41615693) srai    a3, sp, 22
core   0: 3 0x80008c78 (0x41615693) x13 0xfffffe00
core   0: 0x80008c7c (0x00c426b3) slt     a3, s0, a2
core   0: 3 0x80008c7c (0x00c426b3) x13 0x00000000
core   0: 0x80008c80 (0x032d3db3) mulhu   s11, s10, s2
core   0: 3 0x80008c80 (0x032d3db3) x27 0x00000000
core   0: 0x80008c84 (0x01992f33) slt     t5, s2, s9
core   0: 3 0x80008c84 (0x01992f33) x30 0x00000001
core   0: 0x80008c88 (0xd2c72013) slti    zero, a4, -724
core   0: 3 0x80008c88 (0xd2c72013)
core   0: 0x80008c8c (0xffb10a03) lb      s4, -5(sp)
core   0: 3 0x80008c8c (0xffb10a03) x20 0x00000000 mem 0x8001fdb3
core   0: 0x80008c90 (0x40abd713) srai    a4, s7, 10
core   0: 3 0x80008c90 (0x40abd713) x14 0xffffffff
core   0: 0x80008c94 (0x32915537) lui     a0, 0x32915
core   0: 3 0x80008c94 (0x32915537) x10 0x32915000
core   0: 0x80008c98 (0x00f10583) lb      a1, 15(sp)
core   0: 3 0x80008c98 (0x00f10583) x11 0x00000078 mem 0x8001fdc7
core   0: 0x80008c9c (0x01012c83) lw      s9, 16(sp)
core   0: 3 0x80008c9c (0x01012c83) x25 0x98f24a8c mem 0x8001fdc8
core   0: 0x80008ca0 (0x00c11323) sh      a2, 6(sp)
core   0: 3 0x80008ca0 (0x00c11323) mem 0x8001fdbe 0x0000
core   0: 0x80008ca4 (0x01b6d333) srl     t1, a3, s11
core   0: 3 0x80008ca4 (0x01b6d333) x 6 0x00000000
core   0: 0x80008ca8 (0x006e7933) and     s2, t3, t1
core   0: 3 0x80008ca8 (0x006e7933) x18 0x00000000
core   0: 0x80008cac (0x022417b3) mulh    a5, s0, sp
core   0: 3 0x80008cac (0x022417b3) x15 0x00000000
core   0: 0x80008cb0 (0x005462b3) or      t0, s0, t0
core   0: 3 0x80008cb0 (0x005462b3) x 5 0x00000221
core   0: 0x80008cb4 (0x20f33293) sltiu   t0, t1, 527
core   0: 3 0x80008cb4 (0x20f33293) x 5 0x00000001
core   0: 0x80008cb8 (0x00000013) nop
core   0: 3 0x80008cb8 (0x00000013)
core   0: 0x80008cbc (0x00723a33) sltu    s4, tp, t2
core   0: 3 0x80008cbc (0x00723a33) x20 0x00000001
core   0: 0x80008cc0 (0x01410523) sb      s4, 10(sp)
core   0: 3 0x80008cc0 (0x01410523) mem 0x8001fdc2 0x1
core   0: 0x80008cc4 (0x00415903) lhu     s2, 4(sp)
core   0: 3 0x80008cc4 (0x00415903) x18 0x00004c10 mem 0x8001fdbc
core   0: 0x80008cc8 (0xfff10a83) lb      s5, -1(sp)
core   0: 3 0x80008cc8 (0xfff10a83) x21 0xffffff9b mem 0x8001fdb7
core   0: 0x80008ccc (0x003c6e33) or      t3, s8, gp
core   0: 3 0x80008ccc (0x003c6e33) x28 0x8003bff7
core   0: 0x80008cd0 (0x00611b83) lh      s7, 6(sp)
core   0: 3 0x80008cd0 (0x00611b83) x23 0x00000000 mem 0x8001fdbe
core   0: 0x80008cd4 (0x01bf6033) or      zero, t5, s11
core   0: 3 0x80008cd4 (0x01bf6033)
core   0: 0x80008cd8 (0xff814a03) lbu     s4, -8(sp)
core   0: 3 0x80008cd8 (0xff814a03) x20 0x00000088 mem 0x8001fdb0
core   0: 0x80008cdc (0x01d100a3) sb      t4, 1(sp)
core   0: 3 0x80008cdc (0x01d100a3) mem 0x8001fdb9 0x63
core   0: 0x80008ce0 (0x0069ecb3) or      s9, s3, t1
core   0: 3 0x80008ce0 (0x0069ecb3) x25 0x00000010
core   0: 0x80008ce4 (0x02de2933) mulhsu  s2, t3, a3
core   0: 3 0x80008ce4 (0x02de2933) x18 0x00000000
core   0: 0x80008ce8 (0xffd12c23) sw      t4, -8(sp)
core   0: 3 0x80008ce8 (0xffd12c23) mem 0x8001fdb0 0xfffffd63
core   0: 0x80008cec (0x016105a3) sb      s6, 11(sp)
core   0: 3 0x80008cec (0x016105a3) mem 0x8001fdc3 0x0
core   0: 0x80008cf0 (0x00008f17) auipc   t5, 0x8
core   0: 3 0x80008cf0 (0x00008f17) x30 0x80010cf0
core   0: 0x80008cf4 (0x811f0f13) addi    t5, t5, -2031
core   0: 3 0x80008cf4 (0x811f0f13) x30 0x80010501
core   0: 0x80008cf8 (0xb0a73713) sltiu   a4, a4, -1270
core   0: 3 0x80008cf8 (0xb0a73713) x14 0x00000000
core   0: 0x80008cfc (0x01d51d13) slli    s10, a0, 29
core   0: 3 0x80008cfc (0x01d51d13) x26 0x00000000
core   0: 0x80008d00 (0x000fad33) slt     s10, t6, zero
core   0: 3 0x80008d00 (0x000fad33) x26 0x00000000
core   0: 0x80008d04 (0xf3bf14a3) sh      s11, -215(t5)
core   0: 3 0x80008d04 (0xf3bf14a3) mem 0x8001042a 0x0000
core   0: 0x80008d08 (0x00a03a33) snez    s4, a0
core   0: 3 0x80008d08 (0x00a03a33) x20 0x00000001
core   0: 0x80008d0c (0x5a1f00a3) sb      ra, 1441(t5)
core   0: 3 0x80008d0c (0x5a1f00a3) mem 0x80010aa2 0xaf
core   0: 0x80008d10 (0xe78f0403) lb      s0, -392(t5)
core   0: 3 0x80008d10 (0xe78f0403) x 8 0x0000004e mem 0x80010379
core   0: 0x80008d14 (0x03350133) mul     sp, a0, s3
core   0: 3 0x80008d14 (0x03350133) x 2 0x29150000
core   0: 0x80008d18 (0x566f0c83) lb      s9, 1382(t5)
core   0: 3 0x80008d18 (0x566f0c83) x25 0x00000018 mem 0x80010a67
core   0: 0x80008d1c (0x00541333) sll     t1, s0, t0
core   0: 3 0x80008d1c (0x00541333) x 6 0x0000009c
core   0: 0x80008d20 (0x1d5f0d03) lb      s10, 469(t5)
core   0: 3 0x80008d20 (0x1d5f0d03) x26 0x00000049 mem 0x800106d6
core   0: 0x80008d24 (0xeada6393) ori     t2, s4, -339
core   0: 3 0x80008d24 (0xeada6393) x 7 0xfffffead
core   0: 0x80008d28 (0x006b8db3) add     s11, s7, t1
core   0: 3 0x80008d28 (0x006b8db3) x27 0x0000009c
core   0: 0x80008d2c (0x3b7a6b13) ori     s6, s4, 951
core   0: 3 0x80008d2c (0x3b7a6b13) x22 0x000003b7
core   0: 0x80008d30 (0xb8c37297) auipc   t0, 0xb8c37
core   0: 3 0x80008d30 (0xb8c37297) x 5 0x38c3fd30
core   0: 0x80008d34 (0x02cd0533) mul     a0, s10, a2
core   0: 3 0x80008d34 (0x02cd0533) x10 0x80000000
core   0: 0x80008d38 (0x41c2d933) sra     s2, t0, t3
core   0: 3 0x80008d38 (0x41c2d933) x18 0x00000071
core   0: 0x80008d3c (0x016d6e33) or      t3, s10, s6
core   0: 3 0x80008d3c (0x016d6e33) x28 0x000003ff
core   0: 0x80008d40 (0xf20ab693) sltiu   a3, s5, -224
core   0: 3 0x80008d40 (0xf20ab693) x13 0x00000000
core   0: 0x80008d44 (0x40098533) sub     a0, s3, zero
core   0: 3 0x80008d44 (0x40098533) x10 0x00000010
core   0: 0x80008d48 (0x4cef29a3) sw      a4, 1235(t5)
core   0: 3 0x80008d48 (0x4cef29a3) mem 0x800109d4 0x00000000
core   0: 0x80008d4c (0xcb9f0aa3) sb      s9, -843(t5)
core   0: 3 0x80008d4c (0xcb9f0aa3) mem 0x800101b6 0x18
core   0: 0x80008d50 (0xd22f0c83) lb      s9, -734(t5)
core   0: 3 0x80008d50 (0xd22f0c83) x25 0xffffffef mem 0x80010223
core   0: 0x80008d54 (0x007802b3) add     t0, a6, t2
core   0: 3 0x80008d54 (0x007802b3) x 5 0x80025cb1
core   0: 0x80008d58 (0xc34f4183) lbu     gp, -972(t5)
core   0: 3 0x80008d58 (0xc34f4183) x 3 0x000000f6 mem 0x80010135
core   0: 0x80008d5c (0x03cc13b3) mulh    t2, s8, t3
core   0: 3 0x80008d5c (0x03cc13b3) x 7 0xfffffe00
core   0: 0x80008d60 (0xca802713) slti    a4, zero, -856
core   0: 3 0x80008d60 (0xca802713) x14 0x00000000
core   0: 0x80008d64 (0x1e0f4403) lbu     s0, 480(t5)
core   0: 3 0x80008d64 (0x1e0f4403) x 8 0x000000df mem 0x800106e1
core   0: 0x80008d68 (0x0000a117) auipc   sp, 0xa
core   0: 3 0x80008d68 (0x0000a117) x 2 0x80012d68
core   0: 0x80008d6c (0x51810113) addi    sp, sp, 1304
core   0: 3 0x80008d6c (0x51810113) x 2 0x80013280
core   0: 0x80008d70 (0xfec101a3) sb      a2, -29(sp)
core   0: 3 0x80008d70 (0xfec101a3) mem 0x80013263 0x0
core   0: 0x80008d74 (0x03510583) lb      a1, 53(sp)
core   0: 3 0x80008d74 (0x03510583) x11 0xffffffca mem 0x800132b5
core   0: 0x80008d78 (0xfc314483) lbu     s1, -61(sp)
core   0: 3 0x80008d78 (0xfc314483) x 9 0x000000b2 mem 0x80013243
core   0: 0x80008d7c (0x8ab82293) slti    t0, a6, -1877
core   0: 3 0x80008d7c (0x8ab82293) x 5 0x00000001
core   0: 0x80008d80 (0x0261ef33) rem     t5, gp, t1
core   0: 3 0x80008d80 (0x0261ef33) x30 0x0000005a
core   0: 0x80008d84 (0xfe810ba3) sb      s0, -9(sp)
core   0: 3 0x80008d84 (0xfe810ba3) mem 0x80013277 0xdf
core   0: 0x80008d88 (0x01d85b13) srli    s6, a6, 29
core   0: 3 0x80008d88 (0x01d85b13) x22 0x00000004
core   0: 0x80008d8c (0x02814703) lbu     a4, 40(sp)
core   0: 3 0x80008d8c (0x02814703) x14 0x000000e8 mem 0x800132a8
core   0: 0x80008d90 (0x01812383) lw      t2, 24(sp)
core   0: 3 0x80008d90 (0x01812383) x 7 0xf2d600be mem 0x80013298
core   0: 0x80008d94 (0x01c14f03) lbu     t5, 28(sp)
core   0: 3 0x80008d94 (0x01c14f03) x30 0x000000c1 mem 0x8001329c
core   0: 0x80008d98 (0xfca11d03) lh      s10, -54(sp)
core   0: 3 0x80008d98 (0xfca11d03) x26 0x00005509 mem 0x8001324a
core   0: 0x80008d9c (0x00e11203) lh      tp, 14(sp)
core   0: 3 0x80008d9c (0x00e11203) x 4 0x00004b5e mem 0x8001328e
core   0: 0x80008da0 (0x016cca33) xor     s4, s9, s6
core   0: 3 0x80008da0 (0x016cca33) x20 0xffffffeb
core   0: 0x80008da4 (0x023b4433) div     s0, s6, gp
core   0: 3 0x80008da4 (0x023b4433) x 8 0x00000000
core   0: 0x80008da8 (0x01f5b433) sltu    s0, a1, t6
core   0: 3 0x80008da8 (0x01f5b433) x 8 0x00000000
core   0: 0x80008dac (0x40e95193) srai    gp, s2, 14
core   0: 3 0x80008dac (0x40e95193) x 3 0x00000000
core   0: 0x80008db0 (0xff714a03) lbu     s4, -9(sp)
core   0: 3 0x80008db0 (0xff714a03) x20 0x000000df mem 0x80013277
core   0: 0x80008db4 (0x03d10ab3) mul     s5, sp, t4
core   0: 3 0x80008db4 (0x03d10ab3) x21 0x7cdf0780
core   0: 0x80008db8 (0x03810023) sb      s8, 32(sp)
core   0: 3 0x80008db8 (0x03810023) mem 0x800132a0 0xe4
core   0: 0x80008dbc (0x0224c4b3) div     s1, s1, sp
core   0: 3 0x80008dbc (0x0224c4b3) x 9 0x00000000
core   0: 0x80008dc0 (0xfda102a3) sb      s10, -59(sp)
core   0: 3 0x80008dc0 (0xfda102a3) mem 0x80013245 0x9
core   0: 0x80008dc4 (0x0a086293) ori     t0, a6, 160
core   0: 3 0x80008dc4 (0x0a086293) x 5 0x80025ea4
core   0: 0x80008dc8 (0x023dcb33) div     s6, s11, gp
core   0: 3 0x80008dc8 (0x023dcb33) x22 0xffffffff
core   0: 0x80008dcc (0xfdb12a23) sw      s11, -44(sp)
core   0: 3 0x80008dcc (0xfdb12a23) mem 0x80013254 0x0000009c
core   0: 0x80008dd0 (0x020105a3) sb      zero, 43(sp)
core   0: 3 0x80008dd0 (0x020105a3) mem 0x800132ab 0x0
core   0: 0x80008dd4 (0x03c17cb3) remu    s9, sp, t3
core   0: 3 0x80008dd4 (0x03c17cb3) x25 0x000002ce
core   0: 0x80008dd8 (0x02b10d03) lb      s10, 43(sp)
core   0: 3 0x80008dd8 (0x02b10d03) x26 0x00000000 mem 0x800132ab
core   0: 0x80008ddc (0x02310083) lb      ra, 35(sp)
core   0: 3 0x80008ddc (0x02310083) x 1 0x00000016 mem 0x800132a3
core   0: 0x80008de0 (0x01a10ca3) sb      s10, 25(sp)
core   0: 3 0x80008de0 (0x01a10ca3) mem 0x80013299 0x0
core   0: 0x80008de4 (0x00015117) auipc   sp, 0x15
core   0: 3 0x80008de4 (0x00015117) x 2 0x8001dde4
core   0: 0x80008de8 (0x15310113) addi    sp, sp, 339
core   0: 3 0x80008de8 (0x15310113) x 2 0x8001df37
core   0: 0x80008dec (0x00034533) xor     a0, t1, zero
core   0: 3 0x80008dec (0x00034533) x10 0x0000009c
core   0: 0x80008df0 (0x00311903) lh      s2, 3(sp)
core   0: 3 0x80008df0 (0x00311903) x18 0x000053d0 mem 0x8001df3a
core   0: 0x80008df4 (0xeaef8b93) addi    s7, t6, -338
core   0: 3 0x80008df4 (0xeaef8b93) x23 0xffffff39
core   0: 0x80008df8 (0x00a5ee33) or      t3, a1, a0
core   0: 3 0x80008df8 (0x00a5ee33) x28 0xffffffde
core   0: 0x80008dfc (0xff610e23) sb      s6, -4(sp)
core   0: 3 0x80008dfc (0xff610e23) mem 0x8001df33 0xff
core   0: 0x80008e00 (0x0164b433) sltu    s0, s1, s6
core   0: 3 0x80008e00 (0x0164b433) x 8 0x00000001
core   0: 0x80008e04 (0x00514483) lbu     s1, 5(sp)
core   0: 3 0x80008e04 (0x00514483) x 9 0x000000d0 mem 0x8001df3c
core   0: 0x80008e08 (0x4eabeb17) auipc   s6, 0x4eabe
core   0: 3 0x80008e08 (0x4eabeb17) x22 0xceac6e08
core   0: 0x80008e0c (0x00429e33) sll     t3, t0, tp
core   0: 3 0x80008e0c (0x00429e33) x28 0x00000000
core   0: 0x80008e10 (0xff614c83) lbu     s9, -10(sp)
core   0: 3 0x80008e10 (0xff614c83) x25 0x00000083 mem 0x8001df2d
core   0: 0x80008e14 (0x000107a3) sb      zero, 15(sp)
core   0: 3 0x80008e14 (0x000107a3) mem 0x8001df46 0x0
core   0: 0x80008e18 (0x01225f33) srl     t5, tp, s2
core   0: 3 0x80008e18 (0x01225f33) x30 0x00000000
core   0: 0x80008e1c (0x00910983) lb      s3, 9(sp)
core   0: 3 0x80008e1c (0x00910983) x19 0xffffffe2 mem 0x8001df40
core   0: 0x80008e20 (0x01610823) sb      s6, 16(sp)
core   0: 3 0x80008e20 (0x01610823) mem 0x8001df47 0x8
core   0: 0x80008e24 (0x05d22793) slti    a5, tp, 93
core   0: 3 0x80008e24 (0x05d22793) x15 0x00000000
core   0: 0x80008e28 (0x2db862b7) lui     t0, 0x2db86
core   0: 3 0x80008e28 (0x2db862b7) x 5 0x2db86000
core   0: 0x80008e2c (0xffb10403) lb      s0, -5(sp)
core   0: 3 0x80008e2c (0xffb10403) x 8 0xfffffffb mem 0x8001df32
core   0: 0x80008e30 (0x760a02b7) lui     t0, 0x760a0
core   0: 3 0x80008e30 (0x760a02b7) x 5 0x760a0000
core   0: 0x80008e34 (0x012122a3) sw      s2, 5(sp)
core   0: 3 0x80008e34 (0x012122a3) mem 0x8001df3c 0x000053d0
core   0: 0x80008e38 (0x00914303) lbu     t1, 9(sp)
core   0: 3 0x80008e38 (0x00914303) x 6 0x000000e2 mem 0x8001df40
core   0: 0x80008e3c (0xfee10d23) sb      a4, -6(sp)
core   0: 3 0x80008e3c (0xfee10d23) mem 0x8001df31 0xe8
core   0: 0x80008e40 (0x00f11b03) lh      s6, 15(sp)
core   0: 3 0x80008e40 (0x00f11b03) x22 0x00000800 mem 0x8001df46
core   0: 0x80008e44 (0x00a14903) lbu     s2, 10(sp)
core   0: 3 0x80008e44 (0x00a14903) x18 0x00000001 mem 0x8001df41
core   0: 0x80008e48 (0x023188b3) mul     a7, gp, gp
core   0: 3 0x80008e48 (0x023188b3) x17 0x00000000
core   0: 0x80008e4c (0x00a14703) lbu     a4, 10(sp)
core   0: 3 0x80008e4c (0x00a14703) x14 0x00000001 mem 0x8001df41
core   0: 0x80008e50 (0xff410483) lb      s1, -12(sp)
core   0: 3 0x80008e50 (0xff410483) x 9 0x0000004b mem 0x8001df2b
core   0: 0x80008e54 (0x404487b3) sub     a5, s1, tp
core   0: 3 0x80008e54 (0x404487b3) x15 0xffffb4ed
core   0: 0x80008e58 (0x035403b3) mul     t2, s0, s5
core   0: 3 0x80008e58 (0x035403b3) x 7 0x8fa4da80
core   0: 0x80008e5c (0x02c27a33) remu    s4, tp, a2
core   0: 3 0x80008e5c (0x02c27a33) x20 0x00004b5e
core   0: 0x80008e60 (0x00000013) nop
core   0: 3 0x80008e60 (0x00000013)
core   0: 0x80008e64 (0xfff11a03) lh      s4, -1(sp)
core   0: 3 0x80008e64 (0xfff11a03) x20 0xffffeda6 mem 0x8001df36
core   0: 0x80008e68 (0xae30ba93) sltiu   s5, ra, -1309
core   0: 3 0x80008e68 (0xae30ba93) x21 0x00000001
core   0: 0x80008e6c (0x02a9da33) divu    s4, s3, a0
core   0: 3 0x80008e6c (0x02a9da33) x20 0x01a41a41
core   0: 0x80008e70 (0x010d1193) slli    gp, s10, 16
core   0: 3 0x80008e70 (0x010d1193) x 3 0x00000000
core   0: 0x80008e74 (0x00714a03) lbu     s4, 7(sp)
core   0: 3 0x80008e74 (0x00714a03) x20 0x00000000 mem 0x8001df3e
core   0: 0x80008e78 (0x02383233) mulhu   tp, a6, gp
core   0: 3 0x80008e78 (0x02383233) x 4 0x00000000
core   0: 0x80008e7c (0x01510523) sb      s5, 10(sp)
core   0: 3 0x80008e7c (0x01510523) mem 0x8001df41 0x1
core   0: 0x80008e80 (0xff414003) lbu     zero, -12(sp)
core   0: 3 0x80008e80 (0xff414003) mem 0x8001df2b
core   0: 0x80008e84 (0xff715683) lhu     a3, -9(sp)
core   0: 3 0x80008e84 (0xff715683) x13 0x0000c583 mem 0x8001df2e
core   0: 0x80008e88 (0x41fc03b3) sub     t2, s8, t6
core   0: 3 0x80008e88 (0x41fc03b3) x 7 0x80029c59
core   0: 0x80008e8c (0xff512183) lw      gp, -11(sp)
core   0: 3 0x80008e8c (0xff512183) x 3 0xc5838373 mem 0x8001df2c
core   0: 0x80008e90 (0x000989b3) add     s3, s3, zero
core   0: 3 0x80008e90 (0x000989b3) x19 0xffffffe2
core   0: 0x80008e94 (0x00710c83) lb      s9, 7(sp)
core   0: 3 0x80008e94 (0x00710c83) x25 0x00000000 mem 0x8001df3e
core   0: 0x80008e98 (0x019c8e33) add     t3, s9, s9
core   0: 3 0x80008e98 (0x019c8e33) x28 0x00000000
core   0: 0x80008e9c (0xff610403) lb      s0, -10(sp)
core   0: 3 0x80008e9c (0xff610403) x 8 0xffffff83 mem 0x8001df2d
core   0: 0x80008ea0 (0x40088533) sub     a0, a7, zero
core   0: 3 0x80008ea0 (0x40088533) x10 0x00000000
core   0: 0x80008ea4 (0x01d66533) or      a0, a2, t4
core   0: 3 0x80008ea4 (0x01d66533) x10 0xfffffd63
core   0: 0x80008ea8 (0xfe810ba3) sb      s0, -9(sp)
core   0: 3 0x80008ea8 (0xfe810ba3) mem 0x8001df2e 0x83
core   0: 0x80008eac (0xffc14703) lbu     a4, -4(sp)
core   0: 3 0x80008eac (0xffc14703) x14 0x000000ff mem 0x8001df33
core   0: 0x80008eb0 (0x02fac1b3) div     gp, s5, a5
core   0: 3 0x80008eb0 (0x02fac1b3) x 3 0x00000000
core   0: 0x80008eb4 (0xfe710ca3) sb      t2, -7(sp)
core   0: 3 0x80008eb4 (0xfe710ca3) mem 0x8001df30 0x59
core   0: 0x80008eb8 (0x00c538b3) sltu    a7, a0, a2
core   0: 3 0x80008eb8 (0x00c538b3) x17 0x00000000
core   0: 0x80008ebc (0x03674733) div     a4, a4, s6
core   0: 3 0x80008ebc (0x03674733) x14 0x00000000
core   0: 0x80008ec0 (0xff711a03) lh      s4, -9(sp)
core   0: 3 0x80008ec0 (0xff711a03) x20 0xffffc583 mem 0x8001df2e
core   0: 0x80008ec4 (0xff010683) lb      a3, -16(sp)
core   0: 3 0x80008ec4 (0xff010683) x13 0xffffffd6 mem 0x8001df27
core   0: 0x80008ec8 (0xff814e03) lbu     t3, -8(sp)
core   0: 3 0x80008ec8 (0xff814e03) x28 0x000000c5 mem 0x8001df2f
core   0: 0x80008ecc (0x00007e17) auipc   t3, 0x7
core   0: 3 0x80008ecc (0x00007e17) x28 0x8000fecc
core   0: 0x80008ed0 (0x441e0e13) addi    t3, t3, 1089
core   0: 3 0x80008ed0 (0x441e0e13) x28 0x8001030d
core   0: 0x80008ed4 (0x039f0cb3) mul     s9, t5, s9
core   0: 3 0x80008ed4 (0x039f0cb3) x25 0x00000000
core   0: 0x80008ed8 (0x014694b3) sll     s1, a3, s4
core   0: 3 0x80008ed8 (0x014694b3) x 9 0xfffffeb0
core   0: 0x80008edc (0x417854b3) sra     s1, a6, s7
core   0: 3 0x80008edc (0x417854b3) x 9 0xffffffc0
core   0: 0x80008ee0 (0x01a51a93) slli    s5, a0, 26
core   0: 3 0x80008ee0 (0x01a51a93) x21 0x8c000000
core   0: 0x80008ee4 (0xff2e0c83) lb      s9, -14(t3)
core   0: 3 0x80008ee4 (0xff2e0c83) x25 0xffffff8a mem 0x800102ff
core   0: 0x80008ee8 (0x230cb213) sltiu   tp, s9, 560
core   0: 3 0x80008ee8 (0x230cb213) x 4 0x00000000
core   0: 0x80008eec (0x0364c5b3) div     a1, s1, s6
core   0: 3 0x80008eec (0x0364c5b3) x11 0x00000000
core   0: 0x80008ef0 (0xff4e0e83) lb      t4, -12(t3)
core   0: 3 0x80008ef0 (0xff4e0e83) x29 0x0000006e mem 0x80010301
core   0: 0x80008ef4 (0x00fe2d03) lw      s10, 15(t3)
core   0: 3 0x80008ef4 (0x00fe2d03) x26 0x70f9c644 mem 0x8001031c
core   0: 0x80008ef8 (0x0294e933) rem     s2, s1, s1
core   0: 3 0x80008ef8 (0x0294e933) x18 0x00000000
core   0: 0x80008efc (0x0148c9b3) xor     s3, a7, s4
core   0: 3 0x80008efc (0x0148c9b3) x19 0xffffc583
core   0: 0x80008f00 (0x98500d13) li      s10, -1659
core   0: 3 0x80008f00 (0x98500d13) x26 0xfffff985
core   0: 0x80008f04 (0x005e1483) lh      s1, 5(t3)
core   0: 3 0x80008f04 (0x005e1483) x 9 0xffff9b5a mem 0x80010312
core   0: 0x80008f08 (0x0232e0b3) rem     ra, t0, gp
core   0: 3 0x80008f08 (0x0232e0b3) x 1 0x760a0000
core   0: 0x80008f0c (0xee3faf13) slti    t5, t6, -285
core   0: 3 0x80008f0c (0xee3faf13) x30 0x00000000
core   0: 0x80008f10 (0x00fe0523) sb      a5, 10(t3)
core   0: 3 0x80008f10 (0x00fe0523) mem 0x80010317 0xed
core   0: 0x80008f14 (0x25175517) auipc   a0, 0x25175
core   0: 3 0x80008f14 (0x25175517) x10 0xa517df14
core   0: 0x80008f18 (0xff6e4503) lbu     a0, -10(t3)
core   0: 3 0x80008f18 (0xff6e4503) x10 0x000000cc mem 0x80010303
core   0: 0x80008f1c (0xf245a193) slti    gp, a1, -220
core   0: 3 0x80008f1c (0xf245a193) x 3 0x00000000
core   0: 0x80008f20 (0xff4e0203) lb      tp, -12(t3)
core   0: 3 0x80008f20 (0xff4e0203) x 4 0x0000006e mem 0x80010301
core   0: 0x80008f24 (0xff4e4703) lbu     a4, -12(t3)
core   0: 3 0x80008f24 (0xff4e4703) x14 0x0000006e mem 0x80010301
core   0: 0x80008f28 (0x00ce4303) lbu     t1, 12(t3)
core   0: 3 0x80008f28 (0x00ce4303) x 6 0x00000085 mem 0x80010319
core   0: 0x80008f2c (0xff9e5103) lhu     sp, -7(t3)
core   0: 3 0x80008f2c (0xff9e5103) x 2 0x000000cc mem 0x80010306
core   0: 0x80008f30 (0x01ae0623) sb      s10, 12(t3)
core   0: 3 0x80008f30 (0x01ae0623) mem 0x80010319 0x85
core   0: 0x80008f34 (0x03a70bb3) mul     s7, a4, s10
core   0: 3 0x80008f34 (0x03a70bb3) x23 0xfffd3726
core   0: 0x80008f38 (0x0a65b013) sltiu   zero, a1, 166
core   0: 3 0x80008f38 (0x0a65b013)
core   0: 0x80008f3c (0xebb50417) auipc   s0, 0xebb50
core   0: 3 0x80008f3c (0xebb50417) x 8 0x6bb58f3c
core   0: 0x80008f40 (0x01f3cb33) xor     s6, t2, t6
core   0: 3 0x80008f40 (0x01f3cb33) x22 0x80029cd2
core   0: 0x80008f44 (0xff9e09a3) sb      s9, -13(t3)
core   0: 3 0x80008f44 (0xff9e09a3) mem 0x80010300 0x8a
core   0: 0x80008f48 (0x033f7bb3) remu    s7, t5, s3
core   0: 3 0x80008f48 (0x033f7bb3) x23 0x00000000
core   0: 0x80008f4c (0xfeae1ca3) sh      a0, -7(t3)
core   0: 3 0x80008f4c (0xfeae1ca3) mem 0x80010306 0x00cc
core   0: 0x80008f50 (0x000e0033) add     zero, t3, zero
core   0: 3 0x80008f50 (0x000e0033)
core   0: 0x80008f54 (0x03b9bd33) mulhu   s10, s3, s11
core   0: 3 0x80008f54 (0x03b9bd33) x26 0x0000009b
core   0: 0x80008f58 (0x01e3a4b3) slt     s1, t2, t5
core   0: 3 0x80008f58 (0x01e3a4b3) x 9 0x00000001
core   0: 0x80008f5c (0x53e03b13) sltiu   s6, zero, 1342
core   0: 3 0x80008f5c (0x53e03b13) x22 0x00000001
core   0: 0x80008f60 (0x40fb5013) srai    zero, s6, 15
core   0: 3 0x80008f60 (0x40fb5013)
core   0: 0x80008f64 (0xff0e4903) lbu     s2, -16(t3)
core   0: 3 0x80008f64 (0xff0e4903) x18 0x00000030 mem 0x800102fd
core   0: 0x80008f68 (0x01be0223) sb      s11, 4(t3)
core   0: 3 0x80008f68 (0x01be0223) mem 0x80010311 0x9c
core   0: 0x80008f6c (0x0c34a893) slti    a7, s1, 195
core   0: 3 0x80008f6c (0x0c34a893) x17 0x00000001
core   0: 0x80008f70 (0x0166a233) slt     tp, a3, s6
core   0: 3 0x80008f70 (0x0166a233) x 4 0x00000001
core   0: 0x80008f74 (0xff8e4383) lbu     t2, -8(t3)
core   0: 3 0x80008f74 (0xff8e4383) x 7 0x00000026 mem 0x80010305
core   0: 0x80008f78 (0x00be1183) lh      gp, 11(t3)
core   0: 3 0x80008f78 (0x00be1183) x 3 0xffff85ee mem 0x80010318
core   0: 0x80008f7c (0x00ce0d83) lb      s11, 12(t3)
core   0: 3 0x80008f7c (0x00ce0d83) x27 0xffffff85 mem 0x80010319
core   0: 0x80008f80 (0xffae4d83) lbu     s11, -6(t3)
core   0: 3 0x80008f80 (0xffae4d83) x27 0x00000000 mem 0x80010307
core   0: 0x80008f84 (0xff9e0383) lb      t2, -7(t3)
core   0: 3 0x80008f84 (0xff9e0383) x 7 0xffffffcc mem 0x80010306
core   0: 0x80008f88 (0x03579ab3) mulh    s5, a5, s5
core   0: 3 0x80008f88 (0x03579ab3) x21 0x00002204
core   0: 0x80008f8c (0x00ce0103) lb      sp, 12(t3)
core   0: 3 0x80008f8c (0x00ce0103) x 2 0xffffff85 mem 0x80010319
core   0: 0x80008f90 (0x00007417) auipc   s0, 0x7
core   0: 3 0x80008f90 (0x00007417) x 8 0x8000ff90
core   0: 0x80008f94 (0x25a40413) addi    s0, s0, 602
core   0: 3 0x80008f94 (0x25a40413) x 8 0x800101ea
core   0: 0x80008f98 (0x03f615b3) mulh    a1, a2, t6
core   0: 3 0x80008f98 (0x03f615b3) x11 0xffffffba
core   0: 0x80008f9c (0x402a0db3) sub     s11, s4, sp
core   0: 3 0x80008f9c (0x402a0db3) x27 0xffffc5fe
core   0: 0x80008fa0 (0x01094bb3) xor     s7, s2, a6
core   0: 3 0x80008fa0 (0x01094bb3) x23 0x80025e34
core   0: 0x80008fa4 (0xd6d37e93) andi    t4, t1, -659
core   0: 3 0x80008fa4 (0xd6d37e93) x29 0x00000005
core   0: 0x80008fa8 (0x02f40303) lb      t1, 47(s0)
core   0: 3 0x80008fa8 (0x02f40303) x 6 0xfffffff0 mem 0x80010219
core   0: 0x80008fac (0xa0a8e513) ori     a0, a7, -1526
core   0: 3 0x80008fac (0xa0a8e513) x10 0xfffffa0b
core   0: 0x80008fb0 (0x12b40003) lb      zero, 299(s0)
core   0: 3 0x80008fb0 (0x12b40003) mem 0x80010315
core   0: 0x80008fb4 (0x01c39513) slli    a0, t2, 28
core   0: 3 0x80008fb4 (0x01c39513) x10 0xc0000000
core   0: 0x80008fb8 (0x2cd40903) lb      s2, 717(s0)
core   0: 3 0x80008fb8 (0x2cd40903) x18 0xffffffd6 mem 0x800104b7
core   0: 0x80008fbc (0x6ed40223) sb      a3, 1764(s0)
core   0: 3 0x80008fbc (0x6ed40223) mem 0x800108ce 0xd6
core   0: 0x80008fc0 (0x42940ca3) sb      s1, 1081(s0)
core   0: 3 0x80008fc0 (0x42940ca3) mem 0x80010623 0x1
core   0: 0x80008fc4 (0x16f40183) lb      gp, 367(s0)
core   0: 3 0x80008fc4 (0x16f40183) x 3 0xffffff85 mem 0x80010359
core   0: 0x80008fc8 (0x5d040583) lb      a1, 1488(s0)
core   0: 3 0x80008fc8 (0x5d040583) x11 0x00000002 mem 0x800107ba
core   0: 0x80008fcc (0x0b845683) lhu     a3, 184(s0)
core   0: 3 0x80008fcc (0x0b845683) x13 0x0000ec93 mem 0x800102a2
core   0: 0x80008fd0 (0x413e0eb3) sub     t4, t3, s3
core   0: 3 0x80008fd0 (0x413e0eb3) x29 0x80013d8a
core   0: 0x80008fd4 (0x6b544e83) lbu     t4, 1717(s0)
core   0: 3 0x80008fd4 (0x6b544e83) x29 0x00000009 mem 0x8001089f
core   0: 0x80008fd8 (0x0a540f23) sb      t0, 190(s0)
core   0: 3 0x80008fd8 (0x0a540f23) mem 0x800102a8 0x0
core   0: 0x80008fdc (0x2e841503) lh      a0, 744(s0)
core   0: 3 0x80008fdc (0x2e841503) x10 0xffffd9c3 mem 0x800104d2
core   0: 0x80008fe0 (0x3f441c23) sh      s4, 1016(s0)
core   0: 3 0x80008fe0 (0x3f441c23) mem 0x800105e2 0xc583
core   0: 0x80008fe4 (0x48b40003) lb      zero, 1163(s0)
core   0: 3 0x80008fe4 (0x48b40003) mem 0x80010675
core   0: 0x80008fe8 (0x01535e13) srli    t3, t1, 21
core   0: 3 0x80008fe8 (0x01535e13) x28 0x000007ff
core   0: 0x80008fec (0x40845b13) srai    s6, s0, 8
core   0: 3 0x80008fec (0x40845b13) x22 0xff800101
core   0: 0x80008ff0 (0x01debeb3) sltu    t4, t4, t4
core   0: 3 0x80008ff0 (0x01debeb3) x29 0x00000000
core   0: 0x80008ff4 (0x1fc44583) lbu     a1, 508(s0)
core   0: 3 0x80008ff4 (0x1fc44583) x11 0x00000031 mem 0x800103e6
core   0: 0x80008ff8 (0x01a370b3) and     ra, t1, s10
core   0: 3 0x80008ff8 (0x01a370b3) x 1 0x00000090
core   0: 0x80008ffc (0x02224a33) div     s4, tp, sp
core   0: 3 0x80008ffc (0x02224a33) x20 0x00000000
core   0: 0x80009000 (0x137406a3) sb      s7, 301(s0)
core   0: 3 0x80009000 (0x137406a3) mem 0x80010317 0x34
core   0: 0x80009004 (0x01624d33) xor     s10, tp, s6
core   0: 3 0x80009004 (0x01624d33) x26 0xff800100
core   0: 0x80009008 (0x16f40503) lb      a0, 367(s0)
core   0: 3 0x80009008 (0x16f40503) x10 0xffffff85 mem 0x80010359
core   0: 0x8000900c (0x03f8e2b3) rem     t0, a7, t6
core   0: 3 0x8000900c (0x03f8e2b3) x 5 0x00000001
core   0: 0x80009010 (0x00192d33) slt     s10, s2, ra
core   0: 3 0x80009010 (0x00192d33) x26 0x00000001
core   0: 0x80009014 (0x411dd8b3) sra     a7, s11, a7
core   0: 3 0x80009014 (0x411dd8b3) x17 0xffffe2ff
core   0: 0x80009018 (0xb7001d37) lui     s10, 0xb7001
core   0: 3 0x80009018 (0xb7001d37) x26 0xb7001000
core   0: 0x8000901c (0x459401a3) sb      s9, 1091(s0)
core   0: 3 0x8000901c (0x459401a3) mem 0x8001062d 0x8a
core   0: 0x80009020 (0xee641c23) sh      t1, -264(s0)
core   0: 3 0x80009020 (0xee641c23) mem 0x800100e2 0xfff0
core   0: 0x80009024 (0x3b640ea3) sb      s6, 957(s0)
core   0: 3 0x80009024 (0x3b640ea3) mem 0x800105a7 0x1
core   0: 0x80009028 (0x00093d33) sltu    s10, s2, zero
core   0: 3 0x80009028 (0x00093d33) x26 0x00000000
core   0: 0x8000902c (0x50940b03) lb      s6, 1289(s0)
core   0: 3 0x8000902c (0x50940b03) x22 0x00000047 mem 0x800106f3
core   0: 0x80009030 (0x88e9cd93) xori    s11, s3, -1906
core   0: 3 0x80009030 (0x88e9cd93) x27 0x00003d0d
core   0: 0x80009034 (0x00ae6733) or      a4, t3, a0
core   0: 3 0x80009034 (0x00ae6733) x14 0xffffffff
core   0: 0x80009038 (0x6b140903) lb      s2, 1713(s0)
core   0: 3 0x80009038 (0x6b140903) x18 0xffffffeb mem 0x8001089b
core   0: 0x8000903c (0x00829933) sll     s2, t0, s0
core   0: 3 0x8000903c (0x00829933) x18 0x00000400
core   0: 0x80009040 (0xff645103) lhu     sp, -10(s0)
core   0: 3 0x80009040 (0xff645103) x 2 0x000049b0 mem 0x800101e0
core   0: 0x80009044 (0x21d40e03) lb      t3, 541(s0)
core   0: 3 0x80009044 (0x21d40e03) x28 0x00000057 mem 0x80010407
core   0: 0x80009048 (0x58140723) sb      ra, 1422(s0)
core   0: 3 0x80009048 (0x58140723) mem 0x80010778 0x90
core   0: 0x8000904c (0x40cf8cb3) sub     s9, t6, a2
core   0: 3 0x8000904c (0x40cf8cb3) x25 0x8000008b
core   0: 0x80009050 (0x08868113) addi    sp, a3, 136
core   0: 3 0x80009050 (0x08868113) x 2 0x0000ed1b
core   0: 0x80009054 (0x47ae9f37) lui     t5, 0x47ae9
core   0: 3 0x80009054 (0x47ae9f37) x30 0x47ae9000
core   0: 0x80009058 (0xa4aa0e93) addi    t4, s4, -1462
core   0: 3 0x80009058 (0xa4aa0e93) x29 0xfffffa4a
core   0: 0x8000905c (0x4b3402a3) sb      s3, 1189(s0)
core   0: 3 0x8000905c (0x4b3402a3) mem 0x8001068f 0x83
core   0: 0x80009060 (0x418bd193) srai    gp, s7, 24
core   0: 3 0x80009060 (0x418bd193) x 3 0xffffff80
core   0: 0x80009064 (0x5a444783) lbu     a5, 1444(s0)
core   0: 3 0x80009064 (0x5a444783) x15 0x000000b6 mem 0x8001078e
core   0: 0x80009068 (0x00015797) auipc   a5, 0x15
core   0: 3 0x80009068 (0x00015797) x15 0x8001e068
core   0: 0x8000906c (0xe7278793) addi    a5, a5, -398
core   0: 3 0x8000906c (0xe7278793) x15 0x8001deda
core   0: 0x80009070 (0xdb110013) addi    zero, sp, -591
core   0: 3 0x80009070 (0xdb110013)
core   0: 0x80009074 (0x01054e33) xor     t3, a0, a6
core   0: 3 0x80009074 (0x01054e33) x28 0x7ffda181
core   0: 0x80009078 (0x00878b03) lb      s6, 8(a5)
core   0: 3 0x80009078 (0x00878b03) x22 0xffffffcc mem 0x8001dee2
core   0: 0x8000907c (0x01c3ffb3) and     t6, t2, t3
core   0: 3 0x8000907c (0x01c3ffb3) x31 0x7ffda180
core   0: 0x80009080 (0x00333f33) sltu    t5, t1, gp
core   0: 3 0x80009080 (0x00333f33) x30 0x00000000
core   0: 0x80009084 (0x40da5eb3) sra     t4, s4, a3
core   0: 3 0x80009084 (0x40da5eb3) x29 0x00000000
core   0: 0x80009088 (0x009786a3) sb      s1, 13(a5)
core   0: 3 0x80009088 (0x009786a3) mem 0x8001dee7 0x1
core   0: 0x8000908c (0x9f866c97) auipc   s9, 0x9f866
core   0: 3 0x8000908c (0x9f866c97) x25 0x1f86f08c
core   0: 0x80009090 (0x013d0133) add     sp, s10, s3
core   0: 3 0x80009090 (0x013d0133) x 2 0xffffc583
core   0: 0x80009094 (0x03ab30b3) mulhu   ra, s6, s10
core   0: 3 0x80009094 (0x03ab30b3) x 1 0x00000000
core   0: 0x80009098 (0x00000013) nop
core   0: 3 0x80009098 (0x00000013)
core   0: 0x8000909c (0x412681b3) sub     gp, a3, s2
core   0: 3 0x8000909c (0x412681b3) x 3 0x0000e893
core   0: 0x800090a0 (0xfe27a303) lw      t1, -30(a5)
core   0: 3 0x800090a0 (0xfe27a303) x 6 0xd3e4e79d mem 0x8001debc
core   0: 0x800090a4 (0x0333cfb3) div     t6, t2, s3
core   0: 3 0x800090a4 (0x0333cfb3) x31 0x00000000
core   0: 0x800090a8 (0x009335b3) sltu    a1, t1, s1
core   0: 3 0x800090a8 (0x009335b3) x11 0x00000000
core   0: 0x800090ac (0x01795e93) srli    t4, s2, 23
core   0: 3 0x800090ac (0x01795e93) x29 0x00000000
core   0: 0x800090b0 (0x0100b433) sltu    s0, ra, a6
core   0: 3 0x800090b0 (0x0100b433) x 8 0x00000001
core   0: 0x800090b4 (0x01279483) lh      s1, 18(a5)
core   0: 3 0x800090b4 (0x01279483) x 9 0x000046c5 mem 0x8001deec
core   0: 0x800090b8 (0x00975093) srli    ra, a4, 9
core   0: 3 0x800090b8 (0x00975093) x 1 0x007fffff
core   0: 0x800090bc (0x400ed913) srai    s2, t4, 0
core   0: 3 0x800090bc (0x400ed913) x18 0x00000000
core   0: 0x800090c0 (0x6b98e313) ori     t1, a7, 1721
core   0: 3 0x800090c0 (0x6b98e313) x 6 0xffffe6ff
core   0: 0x800090c4 (0x00000013) nop
core   0: 3 0x800090c4 (0x00000013)
core   0: 0x800090c8 (0x0124b333) sltu    t1, s1, s2
core   0: 3 0x800090c8 (0x0124b333) x 6 0x00000000
core   0: 0x800090cc (0x01d1cd33) xor     s10, gp, t4
core   0: 3 0x800090cc (0x01d1cd33) x26 0x0000e893
core   0: 0x800090d0 (0x01098f33) add     t5, s3, a6
core   0: 3 0x800090d0 (0x01098f33) x30 0x80022387
core   0: 0x800090d4 (0xfc379223) sh      gp, -60(a5)
core   0: 3 0x800090d4 (0xfc379223) mem 0x8001de9e 0xe893
core   0: 0x800090d8 (0x00f3d0b3) srl     ra, t2, a5
core   0: 3 0x800090d8 (0x00f3d0b3) x 1 0x0000003f
core   0: 0x800090dc (0xff578123) sb      s5, -30(a5)
core   0: 3 0x800090dc (0xff578123) mem 0x8001debc 0x4
core   0: 0x800090e0 (0xfc37a923) sw      gp, -46(a5)
core   0: 3 0x800090e0 (0xfc37a923) mem 0x8001deac 0x0000e893
core   0: 0x800090e4 (0xfd378103) lb      sp, -45(a5)
core   0: 3 0x800090e4 (0xfd378103) x 2 0xffffffe8 mem 0x8001dead
core   0: 0x800090e8 (0x4127d233) sra     tp, a5, s2
core   0: 3 0x800090e8 (0x4127d233) x 4 0x8001deda
core   0: 0x800090ec (0x0181da13) srli    s4, gp, 24
core   0: 3 0x800090ec (0x0181da13) x20 0x00000000
core   0: 0x800090f0 (0x86dc6c93) ori     s9, s8, -1939
core   0: 3 0x800090f0 (0x86dc6c93) x25 0xfffffced
core   0: 0x800090f4 (0x0130fe33) and     t3, ra, s3
core   0: 3 0x800090f4 (0x0130fe33) x28 0x00000003
core   0: 0x800090f8 (0x08670cb7) lui     s9, 0x8670
core   0: 3 0x800090f8 (0x08670cb7) x25 0x08670000
core   0: 0x800090fc (0x016782a3) sb      s6, 5(a5)
core   0: 3 0x800090fc (0x016782a3) mem 0x8001dedf 0xcc
core   0: 0x80009100 (0xfe378183) lb      gp, -29(a5)
core   0: 3 0x80009100 (0xfe378183) x 3 0xffffffe7 mem 0x8001debd
core   0: 0x80009104 (0x00008117) auipc   sp, 0x8
core   0: 3 0x80009104 (0x00008117) x 2 0x80011104
core   0: 0x80009108 (0x87110113) addi    sp, sp, -1935
core   0: 3 0x80009108 (0x87110113) x 2 0x80010975
core   0: 0x8000910c (0x8c410583) lb      a1, -1852(sp)
core   0: 3 0x8000910c (0x8c410583) x11 0xffffff9f mem 0x80010239
core   0: 0x80009110 (0xbb814883) lbu     a7, -1096(sp)
core   0: 3 0x80009110 (0xbb814883) x17 0x00000095 mem 0x8001052d
core   0: 0x80009114 (0x00993433) sltu    s0, s2, s1
core   0: 3 0x80009114 (0x00993433) x 8 0x00000001
core   0: 0x80009118 (0xbd414a03) lbu     s4, -1068(sp)
core   0: 3 0x80009118 (0xbd414a03) x20 0x000000a0 mem 0x80010549
core   0: 0x8000911c (0x69410703) lb      a4, 1684(sp)
core   0: 3 0x8000911c (0x69410703) x14 0xffffffde mem 0x80011009
core   0: 0x80009120 (0xa92a4913) xori    s2, s4, -1390
core   0: 3 0x80009120 (0xa92a4913) x18 0xfffffa32
core   0: 0x80009124 (0x034cb033) mulhu   zero, s9, s4
core   0: 3 0x80009124 (0x034cb033)
core   0: 0x80009128 (0xf4610c23) sb      t1, -168(sp)
core   0: 3 0x80009128 (0xf4610c23) mem 0x800108cd 0x0
core   0: 0x8000912c (0xd8110923) sb      ra, -622(sp)
core   0: 3 0x8000912c (0xd8110923) mem 0x80010707 0x3f
core   0: 0x80009130 (0x15c10883) lb      a7, 348(sp)
core   0: 3 0x80009130 (0x15c10883) x17 0x00000066 mem 0x80010ad1
core   0: 0x80009134 (0x50da1917) auipc   s2, 0x50da1
core   0: 3 0x80009134 (0x50da1917) x18 0xd0daa134
core   0: 0x80009138 (0x98b129a3) sw      a1, -1645(sp)
core   0: 3 0x80009138 (0x98b129a3) mem 0x80010308 0xffffff9f
core   0: 0x8000913c (0x8c311883) lh      a7, -1853(sp)
core   0: 3 0x8000913c (0x8c311883) x17 0xffff9f25 mem 0x80010238
core   0: 0x80009140 (0xf10cc193) xori    gp, s9, -240
core   0: 3 0x80009140 (0xf10cc193) x 3 0xf798ff10
core   0: 0x80009144 (0x41c45b13) srai    s6, s0, 28
core   0: 3 0x80009144 (0x41c45b13) x22 0x00000000
core   0: 0x80009148 (0x480c0e13) addi    t3, s8, 1152
core   0: 3 0x80009148 (0x480c0e13) x28 0x8002a164
core   0: 0x8000914c (0xab31a193) slti    gp, gp, -1357
core   0: 3 0x8000914c (0xab31a193) x 3 0x00000001
core   0: 0x80009150 (0x03adf8b3) remu    a7, s11, s10
core   0: 3 0x80009150 (0x03adf8b3) x17 0x00003d0d
core   0: 0x80009154 (0x0b610d23) sb      s6, 186(sp)
core   0: 3 0x80009154 (0x0b610d23) mem 0x80010a2f 0x0
core   0: 0x80009158 (0x6aaa4313) xori    t1, s4, 1706
core   0: 3 0x80009158 (0x6aaa4313) x 6 0x0000060a
core   0: 0x8000915c (0x4f910fa3) sb      s9, 1279(sp)
core   0: 3 0x8000915c (0x4f910fa3) mem 0x80010e74 0x0
core   0: 0x80009160 (0x40125933) sra     s2, tp, ra
core   0: 3 0x80009160 (0x40125933) x18 0xffffffff
core   0: 0x80009164 (0x50910623) sb      s1, 1292(sp)
core   0: 3 0x80009164 (0x50910623) mem 0x80010e81 0xc5
core   0: 0x80009168 (0x03d55233) divu    tp, a0, t4
core   0: 3 0x80009168 (0x03d55233) x 4 0xffffffff
core   0: 0x8000916c (0x46a14283) lbu     t0, 1130(sp)
core   0: 3 0x8000916c (0x46a14283) x 5 0x0000002e mem 0x80010ddf
core   0: 0x80009170 (0x06810123) sb      s0, 98(sp)
core   0: 3 0x80009170 (0x06810123) mem 0x800109d7 0x1
core   0: 0x80009174 (0x598121a3) sw      s8, 1411(sp)
core   0: 3 0x80009174 (0x598121a3) mem 0x80010ef8 0x80029ce4
core   0: 0x80009178 (0xa6014503) lbu     a0, -1440(sp)
core   0: 3 0x80009178 (0xa6014503) x10 0x000000f4 mem 0x800103d5
core   0: 0x8000917c (0x66c14383) lbu     t2, 1644(sp)
core   0: 3 0x8000917c (0x66c14383) x 7 0x000000be mem 0x80010fe1
core   0: 0x80009180 (0x02c36e33) rem     t3, t1, a2
core   0: 3 0x80009180 (0x02c36e33) x28 0x0000060a
core   0: 0x80009184 (0x01e9e433) or      s0, s3, t5
core   0: 3 0x80009184 (0x01e9e433) x 8 0xffffe787
core   0: 0x80009188 (0x01159093) slli    ra, a1, 17
core   0: 3 0x80009188 (0x01159093) x 1 0xff3e0000
core   0: 0x8000918c (0x01decbb3) xor     s7, t4, t4
core   0: 3 0x8000918c (0x01decbb3) x23 0x00000000
core   0: 0x80009190 (0x47715583) lhu     a1, 1143(sp)
core   0: 3 0x80009190 (0x47715583) x11 0x0000d297 mem 0x80010dec
core   0: 0x80009194 (0x4c510423) sb      t0, 1224(sp)
core   0: 3 0x80009194 (0x4c510423) mem 0x80010e3d 0x2e
core   0: 0x80009198 (0x028a9e33) mulh    t3, s5, s0
core   0: 3 0x80009198 (0x028a9e33) x28 0xffffffff
core   0: 0x8000919c (0xc5810e03) lb      t3, -936(sp)
core   0: 3 0x8000919c (0xc5810e03) x28 0xffffffe4 mem 0x800105cd
core   0: 0x800091a0 (0x0010a5b3) slt     a1, ra, ra
core   0: 3 0x800091a0 (0x0010a5b3) x11 0x00000000
core   0: 0x800091a4 (0x0ff64d93) xori    s11, a2, 255
core   0: 3 0x800091a4 (0x0ff64d93) x27 0x800000ff
core   0: 0x800091a8 (0x10a10ea3) sb      a0, 285(sp)
core   0: 3 0x800091a8 (0x10a10ea3) mem 0x80010a92 0xf4
core   0: 0x800091ac (0xf64ab517) auipc   a0, 0xf64ab
core   0: 3 0x800091ac (0xf64ab517) x10 0x764b41ac
core   0: 0x800091b0 (0x99024f13) xori    t5, tp, -1648
core   0: 3 0x800091b0 (0x99024f13) x30 0x0000066f
core   0: 0x800091b4 (0x61a14483) lbu     s1, 1562(sp)
core   0: 3 0x800091b4 (0x61a14483) x 9 0x00000037 mem 0x80010f8f
core   0: 0x800091b8 (0x03c107a3) sb      t3, 47(sp)
core   0: 3 0x800091b8 (0x03c107a3) mem 0x800109a4 0xe4
core   0: 0x800091bc (0x31f10e23) sb      t6, 796(sp)
core   0: 3 0x800091bc (0x31f10e23) mem 0x80010c91 0x0
core   0: 0x800091c0 (0x8a2110a3) sh      sp, -1887(sp)
core   0: 3 0x800091c0 (0x8a2110a3) mem 0x80010216 0x0975
core   0: 0x800091c4 (0xb4915903) lhu     s2, -1207(sp)
core   0: 3 0x800091c4 (0xb4915903) x18 0x000007fc mem 0x800104be
core   0: 0x800091c8 (0x1e510ba3) sb      t0, 503(sp)
core   0: 3 0x800091c8 (0x1e510ba3) mem 0x80010b6c 0x2e
core   0: 0x800091cc (0x2a711a83) lh      s5, 679(sp)
core   0: 3 0x800091cc (0x2a711a83) x21 0x000028a4 mem 0x80010c1c
core   0: 0x800091d0 (0x16e0a513) slti    a0, ra, 366
core   0: 3 0x800091d0 (0x16e0a513) x10 0x00000001
core   0: 0x800091d4 (0x28014683) lbu     a3, 640(sp)
core   0: 3 0x800091d4 (0x28014683) x13 0x00000096 mem 0x80010bf5
core   0: 0x800091d8 (0x0b514e83) lbu     t4, 181(sp)
core   0: 3 0x800091d8 (0x0b514e83) x29 0x0000001c mem 0x80010a2a
core   0: 0x800091dc (0x00007917) auipc   s2, 0x7
core   0: 3 0x800091dc (0x00007917) x18 0x800101dc
core   0: 0x800091e0 (0xf5790913) addi    s2, s2, -169
core   0: 3 0x800091e0 (0xf5790913) x18 0x80010133
core   0: 0x800091e4 (0x004900a3) sb      tp, 1(s2)
core   0: 3 0x800091e4 (0x004900a3) mem 0x80010134 0xff
core   0: 0x800091e8 (0x8b46b393) sltiu   t2, a3, -1868
core   0: 3 0x800091e8 (0x8b46b393) x 7 0x00000001
core   0: 0x800091ec (0x03c41733) mulh    a4, s0, t3
core   0: 3 0x800091ec (0x03c41733) x14 0x00000000
core   0: 0x800091f0 (0xff294683) lbu     a3, -14(s2)
core   0: 3 0x800091f0 (0xff294683) x13 0x00000000 mem 0x80010125
core   0: 0x800091f4 (0x00c94703) lbu     a4, 12(s2)
core   0: 3 0x800091f4 (0x00c94703) x14 0x000000a8 mem 0x8001013f
core   0: 0x800091f8 (0xffc91ba3) sh      t3, -9(s2)
core   0: 3 0x800091f8 (0xffc91ba3) mem 0x8001012a 0xffe4
core   0: 0x800091fc (0x00d95c83) lhu     s9, 13(s2)
core   0: 3 0x800091fc (0x00d95c83) x25 0x000001ae mem 0x80010140
core   0: 0x80009200 (0x004e4f13) xori    t5, t3, 4
core   0: 3 0x80009200 (0x004e4f13) x30 0xffffffe0
core   0: 0x80009204 (0x00a90103) lb      sp, 10(s2)
core   0: 3 0x80009204 (0x00a90103) x 2 0x00000006 mem 0x8001013d
core   0: 0x80009208 (0x03f940b3) div     ra, s2, t6
core   0: 3 0x80009208 (0x03f940b3) x 1 0xffffffff
core   0: 0x8000920c (0x00000013) nop
core   0: 3 0x8000920c (0x00000013)
core   0: 0x80009210 (0x00676a33) or      s4, a4, t1
core   0: 3 0x80009210 (0x00676a33) x20 0x000006aa
core   0: 0x80009214 (0x019905a3) sb      s9, 11(s2)
core   0: 3 0x80009214 (0x019905a3) mem 0x8001013e 0xae
core   0: 0x80009218 (0x007851b3) srl     gp, a6, t2
core   0: 3 0x80009218 (0x007851b3) x 3 0x40012f02
core   0: 0x8000921c (0x01815133) srl     sp, sp, s8
core   0: 3 0x8000921c (0x01815133) x 2 0x00000000
core   0: 0x80009220 (0xfd4de893) ori     a7, s11, -44
core   0: 3 0x80009220 (0xfd4de893) x17 0xffffffff
core   0: 0x80009224 (0xff294883) lbu     a7, -14(s2)
core   0: 3 0x80009224 (0xff294883) x17 0x00000000 mem 0x80010125
core   0: 0x80009228 (0x3e877117) auipc   sp, 0x3e877
core   0: 3 0x80009228 (0x3e877117) x 2 0xbe880228
core   0: 0x8000922c (0xffd91c83) lh      s9, -3(s2)
core   0: 3 0x8000922c (0xffd91c83) x25 0x000065d9 mem 0x80010130
core   0: 0x80009230 (0x00894203) lbu     tp, 8(s2)
core   0: 3 0x80009230 (0x00894203) x 4 0x00000008 mem 0x8001013b
core   0: 0x80009234 (0x02bad233) divu    tp, s5, a1
core   0: 3 0x80009234 (0x02bad233) x 4 0xffffffff
core   0: 0x80009238 (0x012c6033) or      zero, s8, s2
core   0: 3 0x80009238 (0x012c6033)
core   0: 0x8000923c (0x00e94d03) lbu     s10, 14(s2)
core   0: 3 0x8000923c (0x00e94d03) x26 0x00000001 mem 0x80010141
core   0: 0x80009240 (0x00e94203) lbu     tp, 14(s2)
core   0: 3 0x80009240 (0x00e94203) x 4 0x00000001 mem 0x80010141
core   0: 0x80009244 (0x0232deb3) divu    t4, t0, gp
core   0: 3 0x80009244 (0x0232deb3) x29 0x00000000
core   0: 0x80009248 (0x006914a3) sh      t1, 9(s2)
core   0: 3 0x80009248 (0x006914a3) mem 0x8001013c 0x060a
core   0: 0x8000924c (0x01664bb3) xor     s7, a2, s6
core   0: 3 0x8000924c (0x01664bb3) x23 0x80000000
core   0: 0x80009250 (0xc240c993) xori    s3, ra, -988
core   0: 3 0x80009250 (0xc240c993) x19 0x000003db
core   0: 0x80009254 (0x00e90703) lb      a4, 14(s2)
core   0: 3 0x80009254 (0x00e90703) x14 0x00000001 mem 0x80010141
core   0: 0x80009258 (0x010a9b13) slli    s6, s5, 16
core   0: 3 0x80009258 (0x010a9b13) x22 0x28a40000
core   0: 0x8000925c (0x011972b3) and     t0, s2, a7
core   0: 3 0x8000925c (0x011972b3) x 5 0x00000000
core   0: 0x80009260 (0x80fbee13) ori     t3, s7, -2033
core   0: 3 0x80009260 (0x80fbee13) x28 0xfffff80f
core   0: 0x80009264 (0xd8f8e993) ori     s3, a7, -625
core   0: 3 0x80009264 (0xd8f8e993) x19 0xfffffd8f
core   0: 0x80009268 (0x0107d293) srli    t0, a5, 16
core   0: 3 0x80009268 (0x0107d293) x 5 0x00008001
core   0: 0x8000926c (0x02885333) divu    t1, a6, s0
core   0: 3 0x8000926c (0x02885333) x 6 0x00000000
core   0: 0x80009270 (0x0058dd13) srli    s10, a7, 5
core   0: 3 0x80009270 (0x0058dd13) x26 0x00000000
core   0: 0x80009274 (0x4fdb8413) addi    s0, s7, 1277
core   0: 3 0x80009274 (0x4fdb8413) x 8 0x800004fd
core   0: 0x80009278 (0x00f94e03) lbu     t3, 15(s2)
core   0: 3 0x80009278 (0x00f94e03) x28 0x000000e5 mem 0x80010142
core   0: 0x8000927c (0x00790d03) lb      s10, 7(s2)
core   0: 3 0x8000927c (0x00790d03) x26 0x0000002f mem 0x8001013a
core   0: 0x80009280 (0xff490703) lb      a4, -12(s2)
core   0: 3 0x80009280 (0xff490703) x14 0x0000002f mem 0x80010127
core   0: 0x80009284 (0x02bebf33) mulhu   t5, t4, a1
core   0: 3 0x80009284 (0x02bebf33) x30 0x00000000
core   0: 0x80009288 (0x00371f93) slli    t6, a4, 3
core   0: 3 0x80009288 (0x00371f93) x31 0x00000178
core   0: 0x8000928c (0x00592d83) lw      s11, 5(s2)
core   0: 3 0x8000928c (0x00592d83) x27 0x082ff513 mem 0x80010138
core   0: 0x80009290 (0x036c38b3) mulhu   a7, s8, s6
core   0: 3 0x80009290 (0x036c38b3) x17 0x14526a30
core   0: 0x80009294 (0xfff95203) lhu     tp, -1(s2)
core   0: 3 0x80009294 (0xfff95203) x 4 0x00007395 mem 0x80010132
core   0: 0x80009298 (0xfeb91ba3) sh      a1, -9(s2)
core   0: 3 0x80009298 (0xfeb91ba3) mem 0x8001012a 0x0000
core   0: 0x8000929c (0x00d95183) lhu     gp, 13(s2)
core   0: 3 0x8000929c (0x00d95183) x 3 0x000001ae mem 0x80010140
core   0: 0x800092a0 (0x83512d97) auipc   s11, 0x83512
core   0: 3 0x800092a0 (0x83512d97) x27 0x0351b2a0
core   0: 0x800092a4 (0x01bdfd33) and     s10, s11, s11
core   0: 3 0x800092a4 (0x01bdfd33) x26 0x0351b2a0
core   0: 0x800092a8 (0x01c911a3) sh      t3, 3(s2)
core   0: 3 0x800092a8 (0x01c911a3) mem 0x80010136 0x00e5
core   0: 0x800092ac (0xff590503) lb      a0, -11(s2)
core   0: 3 0x800092ac (0xff590503) x10 0xffffff90 mem 0x80010128
core   0: 0x800092b0 (0xff290823) sb      s2, -16(s2)
core   0: 3 0x800092b0 (0xff290823) mem 0x80010123 0x33
core   0: 0x800092b4 (0x00016517) auipc   a0, 0x16
core   0: 3 0x800092b4 (0x00016517) x10 0x8001f2b4
core   0: 0x800092b8 (0xa0d50513) addi    a0, a0, -1523
core   0: 3 0x800092b8 (0xa0d50513) x10 0x8001ecc1
core   0: 0x800092bc (0x02e2ceb3) div     t4, t0, a4
core   0: 3 0x800092bc (0x02e2ceb3) x29 0x000002b9
core   0: 0x800092c0 (0x000a2133) slt     sp, s4, zero
core   0: 3 0x800092c0 (0x000a2133) x 2 0x00000000
core   0: 0x800092c4 (0x03a54e83) lbu     t4, 58(a0)
core   0: 3 0x800092c4 (0x03a54e83) x29 0x000000f9 mem 0x8001ecfb
core   0: 0x800092c8 (0x83b2fd13) andi    s10, t0, -1989
core   0: 3 0x800092c8 (0x83b2fd13) x26 0x00008001
core   0: 0x800092cc (0x41365093) srai    ra, a2, 19
core   0: 3 0x800092cc (0x41365093) x 1 0xfffff000
core   0: 0x800092d0 (0x00f432b3) sltu    t0, s0, a5
core   0: 3 0x800092d0 (0x00f432b3) x 5 0x00000001
core   0: 0x800092d4 (0x02715933) divu    s2, sp, t2
core   0: 3 0x800092d4 (0x02715933) x18 0x00000000
core   0: 0x800092d8 (0x014468b3) or      a7, s0, s4
core   0: 3 0x800092d8 (0x014468b3) x17 0x800006ff
core   0: 0x800092dc (0xfd454103) lbu     sp, -44(a0)
core   0: 3 0x800092dc (0xfd454103) x 2 0x00000095 mem 0x8001ec95
core   0: 0x800092e0 (0x02a5a7b3) mulhsu  a5, a1, a0
core   0: 3 0x800092e0 (0x02a5a7b3) x15 0x00000000
core   0: 0x800092e4 (0x01880d33) add     s10, a6, s8
core   0: 3 0x800092e4 (0x01880d33) x26 0x0004fae8
core   0: 0x800092e8 (0xfe050083) lb      ra, -32(a0)
core   0: 3 0x800092e8 (0xfe050083) x 1 0xffffffb1 mem 0x8001eca1
core   0: 0x800092ec (0x02650e83) lb      t4, 38(a0)
core   0: 3 0x800092ec (0x02650e83) x29 0x00000028 mem 0x8001ece7
core   0: 0x800092f0 (0x40535933) sra     s2, t1, t0
core   0: 3 0x800092f0 (0x40535933) x18 0x00000000
core   0: 0x800092f4 (0x17979237) lui     tp, 0x17979
core   0: 3 0x800092f4 (0x17979237) x 4 0x17979000
core   0: 0x800092f8 (0x0317d1b3) divu    gp, a5, a7
core   0: 3 0x800092f8 (0x0317d1b3) x 3 0x00000000
core   0: 0x800092fc (0x03335cb3) divu    s9, t1, s3
core   0: 3 0x800092fc (0x03335cb3) x25 0x00000000
core   0: 0x80009300 (0xfe1505a3) sb      ra, -21(a0)
core   0: 3 0x80009300 (0xfe1505a3) mem 0x8001ecac 0xb1
core   0: 0x80009304 (0xff454c83) lbu     s9, -12(a0)
core   0: 3 0x80009304 (0xff454c83) x25 0x0000006b mem 0x8001ecb5
core   0: 0x80009308 (0x00882333) slt     t1, a6, s0
core   0: 3 0x80009308 (0x00882333) x 6 0x00000000
core   0: 0x8000930c (0x00654f03) lbu     t5, 6(a0)
core   0: 3 0x8000930c (0x00654f03) x30 0x00000084 mem 0x8001ecc7
core   0: 0x80009310 (0x00276733) or      a4, a4, sp
core   0: 3 0x80009310 (0x00276733) x14 0x000000bf
core   0: 0x80009314 (0x00f38cb3) add     s9, t2, a5
core   0: 3 0x80009314 (0x00f38cb3) x25 0x00000001
core   0: 0x80009318 (0xfda504a3) sb      s10, -55(a0)
core   0: 3 0x80009318 (0xfda504a3) mem 0x8001ec8a 0xe8
core   0: 0x8000931c (0x37a2e2b7) lui     t0, 0x37a2e
core   0: 3 0x8000931c (0x37a2e2b7) x 5 0x37a2e000
core   0: 0x80009320 (0x01363ab3) sltu    s5, a2, s3
core   0: 3 0x80009320 (0x01363ab3) x21 0x00000001
core   0: 0x80009324 (0x01a202b3) add     t0, tp, s10
core   0: 3 0x80009324 (0x01a202b3) x 5 0x179c8ae8
core   0: 0x80009328 (0x0101d493) srli    s1, gp, 16
core   0: 3 0x80009328 (0x0101d493) x 9 0x00000000
core   0: 0x8000932c (0x02d54e83) lbu     t4, 45(a0)
core   0: 3 0x8000932c (0x02d54e83) x29 0x00000031 mem 0x8001ecee
core   0: 0x80009330 (0x41bfd393) srai    t2, t6, 27
core   0: 3 0x80009330 (0x41bfd393) x 7 0x00000000
core   0: 0x80009334 (0x00995893) srli    a7, s2, 9
core   0: 3 0x80009334 (0x00995893) x17 0x00000000
core   0: 0x80009338 (0x4007d413) srai    s0, a5, 0
core   0: 3 0x80009338 (0x4007d413) x 8 0x00000000
core   0: 0x8000933c (0xff8501a3) sb      s8, -29(a0)
core   0: 3 0x8000933c (0xff8501a3) mem 0x8001eca4 0xe4
core   0: 0x80009340 (0x40f30933) sub     s2, t1, a5
core   0: 3 0x80009340 (0x40f30933) x18 0x00000000
core   0: 0x80009344 (0x03aa4033) div     zero, s4, s10
core   0: 3 0x80009344 (0x03aa4033)
core   0: 0x80009348 (0x037070b3) remu    ra, zero, s7
core   0: 3 0x80009348 (0x037070b3) x 1 0x00000000
core   0: 0x8000934c (0x412a5113) srai    sp, s4, 18
core   0: 3 0x8000934c (0x412a5113) x 2 0x00000000
core   0: 0x80009350 (0xfe154d03) lbu     s10, -31(a0)
core   0: 3 0x80009350 (0xfe154d03) x26 0x00000030 mem 0x8001eca2
core   0: 0x80009354 (0x013105b3) add     a1, sp, s3
core   0: 3 0x80009354 (0x013105b3) x11 0xfffffd8f
core   0: 0x80009358 (0x01ab2fb3) slt     t6, s6, s10
core   0: 3 0x80009358 (0x01ab2fb3) x31 0x00000000
core   0: 0x8000935c (0xf7a50993) addi    s3, a0, -134
core   0: 3 0x8000935c (0xf7a50993) x19 0x8001ec3b
core   0: 0x80009360 (0x03c36733) rem     a4, t1, t3
core   0: 3 0x80009360 (0x03c36733) x14 0x00000000
core   0: 0x80009364 (0x03ba0263) beq     s4, s11, pc + 36
core   0: 3 0x80009364 (0x03ba0263)
core   0: 0x80009368 (0x013952b3) srl     t0, s2, s3
core   0: 3 0x80009368 (0x013952b3) x 5 0x00000000
core   0: 0x8000936c (0x006e69b3) or      s3, t3, t1
core   0: 3 0x8000936c (0x006e69b3) x19 0x000000e5
core   0: 0x80009370 (0x01656f33) or      t5, a0, s6
core   0: 3 0x80009370 (0x01656f33) x30 0xa8a5ecc1
core   0: 0x80009374 (0x419fd2b3) sra     t0, t6, s9
core   0: 3 0x80009374 (0x419fd2b3) x 5 0x00000000
core   0: 0x80009378 (0x02db8b33) mul     s6, s7, a3
core   0: 3 0x80009378 (0x02db8b33) x22 0x00000000
core   0: 0x8000937c (0x028bbeb3) mulhu   t4, s7, s0
core   0: 3 0x8000937c (0x028bbeb3) x29 0x00000000
core   0: 0x80009380 (0x001ad233) srl     tp, s5, ra
core   0: 3 0x80009380 (0x001ad233) x 4 0x00000001
core   0: 0x80009384 (0xb360c193) xori    gp, ra, -1226
core   0: 3 0x80009384 (0xb360c193) x 3 0xfffffb36
core   0: 0x80009388 (0x00d50f33) add     t5, a0, a3
core   0: 3 0x80009388 (0x00d50f33) x30 0x8001ecc1
core   0: 0x8000938c (0x31a68a37) lui     s4, 0x31a68
core   0: 3 0x8000938c (0x31a68a37) x20 0x31a68000
core   0: 0x80009390 (0x038de5b3) rem     a1, s11, s8
core   0: 3 0x80009390 (0x038de5b3) x11 0x0351b2a0
core   0: 0x80009394 (0x9485b3b7) lui     t2, 0x9485b
core   0: 3 0x80009394 (0x9485b3b7) x 7 0x9485b000
core   0: 0x80009398 (0x52dc4493) xori    s1, s8, 1325
core   0: 3 0x80009398 (0x52dc4493) x 9 0x800299c9
core   0: 0x8000939c (0x01861463) bne     a2, s8, pc + 8
core   0: 3 0x8000939c (0x01861463)
core   0: 0x800093a4 (0x3e2d7313) andi    t1, s10, 994
core   0: 3 0x800093a4 (0x3e2d7313) x 6 0x00000020
core   0: 0x800093a8 (0xce8b6113) ori     sp, s6, -792
core   0: 3 0x800093a8 (0xce8b6113) x 2 0xfffffce8
core   0: 0x800093ac (0x9b0a8413) addi    s0, s5, -1616
core   0: 3 0x800093ac (0x9b0a8413) x 8 0xfffff9b1
core   0: 0x800093b0 (0x008e2a33) slt     s4, t3, s0
core   0: 3 0x800093b0 (0x008e2a33) x20 0x00000000
core   0: 0x800093b4 (0x043c9663) bne     s9, gp, pc + 76
core   0: 3 0x800093b4 (0x043c9663)
core   0: 0x80009400 (0xc02f0a93) addi    s5, t5, -1022
core   0: 3 0x80009400 (0xc02f0a93) x21 0x8001e8c3
core   0: 0x80009404 (0x00b6d263) bge     a3, a1, pc + 4
core   0: 3 0x80009404 (0x00b6d263)
core   0: 0x80009408 (0x00485a33) srl     s4, a6, tp
core   0: 3 0x80009408 (0x00485a33) x20 0x40012f02
core   0: 0x8000940c (0x03df4263) blt     t5, t4, pc + 36
core   0: 3 0x8000940c (0x03df4263)
core   0: 0x80009430 (0x40d7d433) sra     s0, a5, a3
core   0: 3 0x80009430 (0x40d7d433) x 8 0x00000000
core   0: 0x80009434 (0x015c8cb3) add     s9, s9, s5
core   0: 3 0x80009434 (0x015c8cb3) x25 0x8001e8c4
core   0: 0x80009438 (0x29b03493) sltiu   s1, zero, 667
core   0: 3 0x80009438 (0x29b03493) x 9 0x00000001
core   0: 0x8000943c (0x027d82b3) mul     t0, s11, t2
core   0: 3 0x8000943c (0x027d82b3) x 5 0x77ee0000
core   0: 0x80009440 (0x03d26663) bltu    tp, t4, pc + 44
core   0: 3 0x80009440 (0x03d26663)
core   0: 0x80009444 (0x5fb8d217) auipc   tp, 0x5fb8d
core   0: 3 0x80009444 (0x5fb8d217) x 4 0xdfb96444
core   0: 0x80009448 (0x0034a9b3) slt     s3, s1, gp
core   0: 3 0x80009448 (0x0034a9b3) x19 0x00000000
core   0: 0x8000944c (0x60876e37) lui     t3, 0x60876
core   0: 3 0x8000944c (0x60876e37) x28 0x60876000
core   0: 0x80009450 (0x02c9d463) bge     s3, a2, pc + 40
core   0: 3 0x80009450 (0x02c9d463)
core   0: 0x80009478 (0xa26d7297) auipc   t0, 0xa26d7
core   0: 3 0x80009478 (0xa26d7297) x 5 0x226e0478
core   0: 0x8000947c (0x02c46e33) rem     t3, s0, a2
core   0: 3 0x8000947c (0x02c46e33) x28 0x00000000
core   0: 0x80009480 (0x01fb8eb3) add     t4, s7, t6
core   0: 3 0x80009480 (0x01fb8eb3) x29 0x80000000
core   0: 0x80009484 (0x4136d893) srai    a7, a3, 19
core   0: 3 0x80009484 (0x4136d893) x17 0x00000000
core   0: 0x80009488 (0x01d6c7b3) xor     a5, a3, t4
core   0: 3 0x80009488 (0x01d6c7b3) x15 0x80000000
core   0: 0x8000948c (0x01f10e63) beq     sp, t6, pc + 28
core   0: 3 0x8000948c (0x01f10e63)
core   0: 0x80009490 (0x41135e33) sra     t3, t1, a7
core   0: 3 0x80009490 (0x41135e33) x28 0x00000020
core   0: 0x80009494 (0x03c534b3) mulhu   s1, a0, t3
core   0: 3 0x80009494 (0x03c534b3) x 9 0x00000010
core   0: 0x80009498 (0x00d75313) srli    t1, a4, 13
core   0: 3 0x80009498 (0x00d75313) x 6 0x00000000
core   0: 0x8000949c (0x00129a93) slli    s5, t0, 1
core   0: 3 0x8000949c (0x00129a93) x21 0x44dc08f0
core   0: 0x800094a0 (0x026039b3) mulhu   s3, zero, t1
core   0: 3 0x800094a0 (0x026039b3) x19 0x00000000
core   0: 0x800094a4 (0x017b6663) bltu    s6, s7, pc + 12
core   0: 3 0x800094a4 (0x017b6663)
core   0: 0x800094b0 (0x411fdab3) sra     s5, t6, a7
core   0: 3 0x800094b0 (0x411fdab3) x21 0x00000000
core   0: 0x800094b4 (0x05094463) blt     s2, a6, pc + 72
core   0: 3 0x800094b4 (0x05094463)
core   0: 0x800094b8 (0x017e4733) xor     a4, t3, s7
core   0: 3 0x800094b8 (0x017e4733) x14 0x80000020
core   0: 0x800094bc (0x03afd333) divu    t1, t6, s10
core   0: 3 0x800094bc (0x03afd333) x 6 0x00000000
core   0: 0x800094c0 (0x026c4a63) blt     s8, t1, pc + 52
core   0: 3 0x800094c0 (0x026c4a63)
core   0: 0x800094f4 (0x03cbb233) mulhu   tp, s7, t3
core   0: 3 0x800094f4 (0x03cbb233) x 4 0x00000010
core   0: 0x800094f8 (0x7f02e313) ori     t1, t0, 2032
core   0: 3 0x800094f8 (0x7f02e313) x 6 0x226e07f8
core   0: 0x800094fc (0x74816093) ori     ra, sp, 1864
core   0: 3 0x800094fc (0x74816093) x 1 0xffffffe8
core   0: 0x80009500 (0x0780c893) xori    a7, ra, 120
core   0: 3 0x80009500 (0x0780c893) x17 0xffffff90
core   0: 0x80009504 (0x00000013) nop
core   0: 3 0x80009504 (0x00000013)
core   0: 0x80009508 (0x0390abb3) mulhsu  s7, ra, s9
core   0: 3 0x80009508 (0x0390abb3) x23 0xfffffff3
core   0: 0x8000950c (0x019d8733) add     a4, s11, s9
core   0: 3 0x8000950c (0x019d8733) x14 0x83539b64
core   0: 0x80009510 (0x008c3ab3) sltu    s5, s8, s0
core   0: 3 0x80009510 (0x008c3ab3) x21 0x00000000
core   0: 0x80009514 (0x2034c093) xori    ra, s1, 515
core   0: 3 0x80009514 (0x2034c093) x 1 0x00000213
core   0: 0x80009518 (0x03558c63) beq     a1, s5, pc + 56
core   0: 3 0x80009518 (0x03558c63)
core   0: 0x8000951c (0x027e5033) divu    zero, t3, t2
core   0: 3 0x8000951c (0x027e5033)
core   0: 0x80009520 (0x00000013) nop
core   0: 3 0x80009520 (0x00000013)
core   0: 0x80009524 (0x02d613b3) mulh    t2, a2, a3
core   0: 3 0x80009524 (0x02d613b3) x 7 0x00000000
core   0: 0x80009528 (0x02cdecb3) rem     s9, s11, a2
core   0: 3 0x80009528 (0x02cdecb3) x25 0x0351b2a0
core   0: 0x8000952c (0x8548fc93) andi    s9, a7, -1964
core   0: 3 0x8000952c (0x8548fc93) x25 0xfffff810
core   0: 0x80009530 (0x004e4a63) blt     t3, tp, pc + 20
core   0: 3 0x80009530 (0x004e4a63)
core   0: 0x80009534 (0x62123013) sltiu   zero, tp, 1569
core   0: 3 0x80009534 (0x62123013)
core   0: 0x80009538 (0x4185d893) srai    a7, a1, 24
core   0: 3 0x80009538 (0x4185d893) x17 0x00000003
core   0: 0x8000953c (0x00cc0463) beq     s8, a2, pc + 8
core   0: 3 0x8000953c (0x00cc0463)
core   0: 0x80009540 (0xc1ae3097) auipc   ra, 0xc1ae3
core   0: 3 0x80009540 (0xc1ae3097) x 1 0x41aec540
core   0: 0x80009544 (0x018d0863) beq     s10, s8, pc + 16
core   0: 3 0x80009544 (0x018d0863)
core   0: 0x80009548 (0x03dfa6b3) mulhsu  a3, t6, t4
core   0: 3 0x80009548 (0x03dfa6b3) x13 0x00000000
core   0: 0x8000954c (0x02f039b3) mulhu   s3, zero, a5
core   0: 3 0x8000954c (0x02f039b3) x19 0x00000000
core   0: 0x80009550 (0xeb500113) li      sp, -331
core   0: 3 0x80009550 (0xeb500113) x 2 0xfffffeb5
core   0: 0x80009554 (0x0070f133) and     sp, ra, t2
core   0: 3 0x80009554 (0x0070f133) x 2 0x00000000
core   0: 0x80009558 (0x015afe33) and     t3, s5, s5
core   0: 3 0x80009558 (0x015afe33) x28 0x00000000
core   0: 0x8000955c (0x006d6933) or      s2, s10, t1
core   0: 3 0x8000955c (0x006d6933) x18 0x226e07f8
core   0: 0x80009560 (0x081f0413) addi    s0, t5, 129
core   0: 3 0x80009560 (0x081f0413) x 8 0x8001ed42
core   0: 0x80009564 (0x03ae2ab3) mulhsu  s5, t3, s10
core   0: 3 0x80009564 (0x03ae2ab3) x21 0x00000000
core   0: 0x80009568 (0x031fb5b3) mulhu   a1, t6, a7
core   0: 3 0x80009568 (0x031fb5b3) x11 0x00000000
core   0: 0x8000956c (0xa4226597) auipc   a1, 0xa4226
core   0: 3 0x8000956c (0xa4226597) x11 0x2422f56c
core   0: 0x80009570 (0x02c16263) bltu    sp, a2, pc + 36
core   0: 3 0x80009570 (0x02c16263)
core   0: 0x80009594 (0x03f9ee63) bltu    s3, t6, pc + 60
core   0: 3 0x80009594 (0x03f9ee63)
core   0: 0x80009598 (0x04615263) bge     sp, t1, pc + 68
core   0: 3 0x80009598 (0x04615263)
core   0: 0x8000959c (0x01941a33) sll     s4, s0, s9
core   0: 3 0x8000959c (0x01941a33) x20 0xed420000
core   0: 0x800095a0 (0x004485b3) add     a1, s1, tp
core   0: 3 0x800095a0 (0x004485b3) x11 0x00000020
core   0: 0x800095a4 (0x00d35a93) srli    s5, t1, 13
core   0: 3 0x800095a4 (0x00d35a93) x21 0x00011370
core   0: 0x800095a8 (0x41c94a13) xori    s4, s2, 1052
core   0: 3 0x800095a8 (0x41c94a13) x20 0x226e03e4
core   0: 0x800095ac (0x418e8933) sub     s2, t4, s8
core   0: 3 0x800095ac (0x418e8933) x18 0xfffd631c
core   0: 0x800095b0 (0x7e342313) slti    t1, s0, 2019
core   0: 3 0x800095b0 (0x7e342313) x 6 0x00000001
core   0: 0x800095b4 (0x03340733) mul     a4, s0, s3
core   0: 3 0x800095b4 (0x03340733) x14 0x00000000
core   0: 0x800095b8 (0x036f1f33) mulh    t5, t5, s6
core   0: 3 0x800095b8 (0x036f1f33) x30 0x00000000
core   0: 0x800095bc (0x418fd893) srai    a7, t6, 24
core   0: 3 0x800095bc (0x418fd893) x17 0x00000000
core   0: 0x800095c0 (0x009912b3) sll     t0, s2, s1
core   0: 3 0x800095c0 (0x009912b3) x 5 0x631c0000
core   0: 0x800095c4 (0x03b06133) rem     sp, zero, s11
core   0: 3 0x800095c4 (0x03b06133) x 2 0x00000000
core   0: 0x800095c8 (0x0387e263) bltu    a5, s8, pc + 36
core   0: 3 0x800095c8 (0x0387e263)
core   0: 0x800095ec (0x47d12113) slti    sp, sp, 1149
core   0: 3 0x800095ec (0x47d12113) x 2 0x00000001
core   0: 0x800095f0 (0x0140ea33) or      s4, ra, s4
core   0: 3 0x800095f0 (0x0140ea33) x20 0x63eec7e4
core   0: 0x800095f4 (0x032f6433) rem     s0, t5, s2
core   0: 3 0x800095f4 (0x032f6433) x 8 0x00000000
core   0: 0x800095f8 (0x0290c133) div     sp, ra, s1
core   0: 3 0x800095f8 (0x0290c133) x 2 0x041aec54
core   0: 0x800095fc (0x004e6a33) or      s4, t3, tp
core   0: 3 0x800095fc (0x004e6a33) x20 0x00000010
core   0: 0x80009600 (0x03615333) divu    t1, sp, s6
core   0: 3 0x80009600 (0x03615333) x 6 0xffffffff
core   0: 0x80009604 (0x9e526893) ori     a7, tp, -1563
core   0: 3 0x80009604 (0x9e526893) x17 0xfffff9f5
core   0: 0x80009608 (0x03935c63) bge     t1, s9, pc + 56
core   0: 3 0x80009608 (0x03935c63)
core   0: 0x80009640 (0x01da06b3) add     a3, s4, t4
core   0: 3 0x80009640 (0x01da06b3) x13 0x80000010
core   0: 0x80009644 (0x02c531b3) mulhu   gp, a0, a2
core   0: 3 0x80009644 (0x02c531b3) x 3 0x4000f660
core   0: 0x80009648 (0x02127cb3) remu    s9, tp, ra
core   0: 3 0x80009648 (0x02127cb3) x25 0x00000010
core   0: 0x8000964c (0x01ebd2b3) srl     t0, s7, t5
core   0: 3 0x8000964c (0x01ebd2b3) x 5 0xfffffff3
core   0: 0x80009650 (0x010e6463) bltu    t3, a6, pc + 8
core   0: 3 0x80009650 (0x010e6463)
core   0: 0x80009658 (0x003992b3) sll     t0, s3, gp
core   0: 3 0x80009658 (0x003992b3) x 5 0x00000000
core   0: 0x8000965c (0x02c58fb3) mul     t6, a1, a2
core   0: 3 0x8000965c (0x02c58fb3) x31 0x00000000
core   0: 0x80009660 (0x02457133) remu    sp, a0, tp
core   0: 3 0x80009660 (0x02457133) x 2 0x00000001
core   0: 0x80009664 (0x00000013) nop
core   0: 3 0x80009664 (0x00000013)
core   0: 0x80009668 (0x01503233) snez    tp, s5
core   0: 3 0x80009668 (0x01503233) x 4 0x00000001
core   0: 0x8000966c (0x86da7893) andi    a7, s4, -1939
core   0: 3 0x8000966c (0x86da7893) x17 0x00000000
core   0: 0x80009670 (0x005de333) or      t1, s11, t0
core   0: 3 0x80009670 (0x005de333) x 6 0x0351b2a0
core   0: 0x80009674 (0x029409b3) mul     s3, s0, s1
core   0: 3 0x80009674 (0x029409b3) x19 0x00000000
core   0: 0x80009678 (0x76813913) sltiu   s2, sp, 1896
core   0: 3 0x80009678 (0x76813913) x18 0x00000001
core   0: 0x8000967c (0x01652e33) slt     t3, a0, s6
core   0: 3 0x8000967c (0x01652e33) x28 0x00000001
core   0: 0x80009680 (0x0182e863) bltu    t0, s8, pc + 16
core   0: 3 0x80009680 (0x0182e863)
core   0: 0x80009690 (0x037586b3) mul     a3, a1, s7
core   0: 3 0x80009690 (0x037586b3) x13 0xfffffe60
core   0: 0x80009694 (0x03305263) bge     zero, s3, pc + 36
core   0: 3 0x80009694 (0x03305263)
core   0: 0x800096b8 (0x00bf5433) srl     s0, t5, a1
core   0: 3 0x800096b8 (0x00bf5433) x 8 0x00000000
core   0: 0x800096bc (0x03395a63) bge     s2, s3, pc + 52
core   0: 3 0x800096bc (0x03395a63)
core   0: 0x800096f0 (0x0286dbb3) divu    s7, a3, s0
core   0: 3 0x800096f0 (0x0286dbb3) x23 0xffffffff
core   0: 0x800096f4 (0x47f46093) ori     ra, s0, 1151
core   0: 3 0x800096f4 (0x47f46093) x 1 0x0000047f
core   0: 0x800096f8 (0x02c69463) bne     a3, a2, pc + 40
core   0: 3 0x800096f8 (0x02c69463)
core   0: 0x80009720 (0x00b326b3) slt     a3, t1, a1
core   0: 3 0x80009720 (0x00b326b3) x13 0x00000000
core   0: 0x80009724 (0x02176eb3) rem     t4, a4, ra
core   0: 3 0x80009724 (0x02176eb3) x29 0x00000000
core   0: 0x80009728 (0x00e6de63) bge     a3, a4, pc + 28
core   0: 3 0x80009728 (0x00e6de63)
core   0: 0x80009744 (0x018ae663) bltu    s5, s8, pc + 12
core   0: 3 0x80009744 (0x018ae663)
core   0: 0x80009750 (0xb5996893) ori     a7, s2, -1191
core   0: 3 0x80009750 (0xb5996893) x17 0xfffffb59
core   0: 0x80009754 (0x00128463) beq     t0, ra, pc + 8
core   0: 3 0x80009754 (0x00128463)
core   0: 0x80009758 (0x024a2fb3) mulhsu  t6, s4, tp
core   0: 3 0x80009758 (0x024a2fb3) x31 0x00000000
core   0: 0x8000975c (0x0446d663) bge     a3, tp, pc + 76
core   0: 3 0x8000975c (0x0446d663)
core   0: 0x80009760 (0x0163c2b3) xor     t0, t2, s6
core   0: 3 0x80009760 (0x0163c2b3) x 5 0x00000000
core   0: 0x80009764 (0x415906b3) sub     a3, s2, s5
core   0: 3 0x80009764 (0x415906b3) x13 0xfffeec91
core   0: 0x80009768 (0x00b28a63) beq     t0, a1, pc + 20
core   0: 3 0x80009768 (0x00b28a63)
core   0: 0x8000976c (0x01e5c463) blt     a1, t5, pc + 8
core   0: 3 0x8000976c (0x01e5c463)
core   0: 0x80009770 (0x99e32413) slti    s0, t1, -1634
core   0: 3 0x80009770 (0x99e32413) x 8 0x00000000
core   0: 0x80009774 (0x00cc6a33) or      s4, s8, a2
core   0: 3 0x80009774 (0x00cc6a33) x20 0x80029ce4
core   0: 0x80009778 (0x6b7ca217) auipc   tp, 0x6b7ca
core   0: 3 0x80009778 (0x6b7ca217) x 4 0xeb7d3778
core   0: 0x8000977c (0x01779713) slli    a4, a5, 23
core   0: 3 0x8000977c (0x01779713) x14 0x00000000
core   0: 0x80009780 (0x412bd593) srai    a1, s7, 18
core   0: 3 0x80009780 (0x412bd593) x11 0xffffffff
core   0: 0x80009784 (0x03b8d1b3) divu    gp, a7, s11
core   0: 3 0x80009784 (0x03b8d1b3) x 3 0x0000004d
core   0: 0x80009788 (0x9986fa13) andi    s4, a3, -1640
core   0: 3 0x80009788 (0x9986fa13) x20 0xfffee890
core   0: 0x8000978c (0x40b05a13) srai    s4, zero, 11
core   0: 3 0x8000978c (0x40b05a13) x20 0x00000000
core   0: 0x80009790 (0x029a7133) remu    sp, s4, s1
core   0: 3 0x80009790 (0x029a7133) x 2 0x00000000
core   0: 0x80009794 (0xba230713) addi    a4, t1, -1118
core   0: 3 0x80009794 (0xba230713) x14 0x0351ae42
core   0: 0x80009798 (0x0166d263) bge     a3, s6, pc + 4
core   0: 3 0x80009798 (0x0166d263)
core   0: 0x8000979c (0x00b1d233) srl     tp, gp, a1
core   0: 3 0x8000979c (0x00b1d233) x 4 0x00000000
core   0: 0x800097a0 (0x01fe5663) bge     t3, t6, pc + 12
core   0: 3 0x800097a0 (0x01fe5663)
core   0: 0x800097ac (0x03f11663) bne     sp, t6, pc + 44
core   0: 3 0x800097ac (0x03f11663)
core   0: 0x800097b0 (0x03e2f133) remu    sp, t0, t5
core   0: 3 0x800097b0 (0x03e2f133) x 2 0x00000000
core   0: 0x800097b4 (0x0bc8fe13) andi    t3, a7, 188
core   0: 3 0x800097b4 (0x0bc8fe13) x28 0x00000018
core   0: 0x800097b8 (0x01992533) slt     a0, s2, s9
core   0: 3 0x800097b8 (0x01992533) x10 0x00000001
core   0: 0x800097bc (0x03bc2b33) mulhsu  s6, s8, s11
core   0: 3 0x800097bc (0x03bc2b33) x22 0xfe572f5c
core   0: 0x800097c0 (0x4c2c2237) lui     tp, 0x4c2c2
core   0: 3 0x800097c0 (0x4c2c2237) x 4 0x4c2c2000
core   0: 0x800097c4 (0x0e300493) li      s1, 227
core   0: 3 0x800097c4 (0x0e300493) x 9 0x000000e3
core   0: 0x800097c8 (0x0c2f3217) auipc   tp, 0xc2f3
core   0: 3 0x800097c8 (0x0c2f3217) x 4 0x8c2fc7c8
core   0: 0x800097cc (0x4f007c97) auipc   s9, 0x4f007
core   0: 3 0x800097cc (0x4f007c97) x25 0xcf0107cc
core   0: 0x800097d0 (0x0175e8b3) or      a7, a1, s7
core   0: 3 0x800097d0 (0x0175e8b3) x17 0xffffffff
core   0: 0x800097d4 (0xde5315b7) lui     a1, 0xde531
core   0: 3 0x800097d4 (0xde5315b7) x11 0xde531000
core   0: 0x800097d8 (0x40775f33) sra     t5, a4, t2
core   0: 3 0x800097d8 (0x40775f33) x30 0x0351ae42
core   0: 0x800097dc (0x40dade33) sra     t3, s5, a3
core   0: 3 0x800097dc (0x40dade33) x28 0x00000000
core   0: 0x800097e0 (0x0275e133) rem     sp, a1, t2
core   0: 3 0x800097e0 (0x0275e133) x 2 0xde531000
core   0: 0x800097e4 (0x03aaaab3) mulhsu  s5, s5, s10
core   0: 3 0x800097e4 (0x03aaaab3) x21 0x00000000
core   0: 0x800097e8 (0x014c44b3) xor     s1, s8, s4
core   0: 3 0x800097e8 (0x014c44b3) x 9 0x80029ce4
core   0: 0x800097ec (0x036c0263) beq     s8, s6, pc + 36
core   0: 3 0x800097ec (0x036c0263)
core   0: 0x800097f0 (0x40750d33) sub     s10, a0, t2
core   0: 3 0x800097f0 (0x40750d33) x26 0x00000001
core   0: 0x800097f4 (0x01027d33) and     s10, tp, a6
core   0: 3 0x800097f4 (0x01027d33) x26 0x80024600
core   0: 0x800097f8 (0x03e8d863) bge     a7, t5, pc + 48
core   0: 3 0x800097f8 (0x03e8d863)
core   0: 0x800097fc (0x0050c933) xor     s2, ra, t0
core   0: 3 0x800097fc (0x0050c933) x18 0x0000047f
core   0: 0x80009800 (0x40845e93) srai    t4, s0, 8
core   0: 3 0x80009800 (0x40845e93) x29 0x00000000
core   0: 0x80009804 (0x488def13) ori     t5, s11, 1160
core   0: 3 0x80009804 (0x488def13) x30 0x0351b6a8
core   0: 0x80009808 (0x000565b3) or      a1, a0, zero
core   0: 3 0x80009808 (0x000565b3) x11 0x00000001
core   0: 0x8000980c (0xdc449997) auipc   s3, 0xdc449
core   0: 3 0x8000980c (0xdc449997) x19 0x5c45280c
core   0: 0x80009810 (0x024f6263) bltu    t5, tp, pc + 36
core   0: 3 0x80009810 (0x024f6263)
core   0: 0x80009834 (0x0ce5e293) ori     t0, a1, 206
core   0: 3 0x80009834 (0x0ce5e293) x 5 0x000000cf
core   0: 0x80009838 (0x02f4fa63) bgeu    s1, a5, pc + 52
core   0: 3 0x80009838 (0x02f4fa63)
core   0: 0x8000986c (0x01cc1fb3) sll     t6, s8, t3
core   0: 3 0x8000986c (0x01cc1fb3) x31 0x80029ce4
core   0: 0x80009870 (0x781ce897) auipc   a7, 0x781ce
core   0: 3 0x80009870 (0x781ce897) x17 0xf81d7870
core   0: 0x80009874 (0x00168e33) add     t3, a3, ra
core   0: 3 0x80009874 (0x00168e33) x28 0xfffef110
core   0: 0x80009878 (0x0012d5b3) srl     a1, t0, ra
core   0: 3 0x80009878 (0x0012d5b3) x11 0x00000000
core   0: 0x8000987c (0x02c9ffb3) remu    t6, s3, a2
core   0: 3 0x8000987c (0x02c9ffb3) x31 0x5c45280c
core   0: 0x80009880 (0x0027c0b3) xor     ra, a5, sp
core   0: 3 0x80009880 (0x0027c0b3) x 1 0x5e531000
core   0: 0x80009884 (0x0383de63) bge     t2, s8, pc + 60
core   0: 3 0x80009884 (0x0383de63)
core   0: 0x800098c0 (0x037c5eb3) divu    t4, s8, s7
core   0: 3 0x800098c0 (0x037c5eb3) x29 0x00000000
core   0: 0x800098c4 (0x0147db13) srli    s6, a5, 20
core   0: 3 0x800098c4 (0x0147db13) x22 0x00000800
core   0: 0x800098c8 (0x007fea63) bltu    t6, t2, pc + 20
core   0: 3 0x800098c8 (0x007fea63)
core   0: 0x800098cc (0x40b35913) srai    s2, t1, 11
core   0: 3 0x800098cc (0x40b35913) x18 0x00006a36
core   0: 0x800098d0 (0x394cc693) xori    a3, s9, 916
core   0: 3 0x800098d0 (0x394cc693) x13 0xcf010458
core   0: 0x800098d4 (0x035cd063) bge     s9, s5, pc + 32
core   0: 3 0x800098d4 (0x035cd063)
core   0: 0x800098d8 (0x026ab733) mulhu   a4, s5, t1
core   0: 3 0x800098d8 (0x026ab733) x14 0x00000000
core   0: 0x800098dc (0x04e97463) bgeu    s2, a4, pc + 72
core   0: 3 0x800098dc (0x04e97463)
core   0: 0x80009924 (0x037310b3) mulh    ra, t1, s7
core   0: 3 0x80009924 (0x037310b3) x 1 0xffffffff
core   0: 0x80009928 (0x01501263) bne     zero, s5, pc + 4
core   0: 3 0x80009928 (0x01501263)
core   0: 0x8000992c (0x00699213) slli    tp, s3, 6
core   0: 3 0x8000992c (0x00699213) x 4 0x114a0300
core   0: 0x80009930 (0x01696433) or      s0, s2, s6
core   0: 3 0x80009930 (0x01696433) x 8 0x00006a36
core   0: 0x80009934 (0x05b75263) bge     a4, s11, pc + 68
core   0: 3 0x80009934 (0x05b75263)
core   0: 0x80009938 (0x030cda63) bge     s9, a6, pc + 52
core   0: 3 0x80009938 (0x030cda63)
core   0: 0x8000996c (0x0295f463) bgeu    a1, s1, pc + 40
core   0: 3 0x8000996c (0x0295f463)
core   0: 0x80009970 (0x020eec63) bltu    t4, zero, pc + 56
core   0: 3 0x80009970 (0x020eec63)
core   0: 0x80009974 (0x8598ad13) slti    s10, a7, -1959
core   0: 3 0x80009974 (0x8598ad13) x26 0x00000001
core   0: 0x80009978 (0xab3abd13) sltiu   s10, s5, -1357
core   0: 3 0x80009978 (0xab3abd13) x26 0x00000001
core   0: 0x8000997c (0xfb8a0993) addi    s3, s4, -72
core   0: 3 0x8000997c (0xfb8a0993) x19 0xffffffb8
core   0: 0x80009980 (0x0315c063) blt     a1, a7, pc + 32
core   0: 3 0x80009980 (0x0315c063)
core   0: 0x80009984 (0xbcc53393) sltiu   t2, a0, -1076
core   0: 3 0x80009984 (0xbcc53393) x 7 0x00000001
core   0: 0x80009988 (0x6da6ca13) xori    s4, a3, 1754
core   0: 3 0x80009988 (0x6da6ca13) x20 0xcf010282
core   0: 0x8000998c (0x038a7a63) bgeu    s4, s8, pc + 52
core   0: 3 0x8000998c (0x038a7a63)
core   0: 0x800099c0 (0x0358f4b3) remu    s1, a7, s5
core   0: 3 0x800099c0 (0x0358f4b3) x 9 0xf81d7870
core   0: 0x800099c4 (0x03e50933) mul     s2, a0, t5
core   0: 3 0x800099c4 (0x03e50933) x18 0x0351b6a8
core   0: 0x800099c8 (0x11cb7a93) andi    s5, s6, 284
core   0: 3 0x800099c8 (0x11cb7a93) x21 0x00000000
core   0: 0x800099cc (0xbcfbc013) xori    zero, s7, -1073
core   0: 3 0x800099cc (0xbcfbc013)
core   0: 0x800099d0 (0x1d0e8b13) addi    s6, t4, 464
core   0: 3 0x800099d0 (0x1d0e8b13) x22 0x000001d0
core   0: 0x800099d4 (0x00f6d6b3) srl     a3, a3, a5
core   0: 3 0x800099d4 (0x00f6d6b3) x13 0xcf010458
core   0: 0x800099d8 (0x01caf863) bgeu    s5, t3, pc + 16
core   0: 3 0x800099d8 (0x01caf863)
core   0: 0x800099dc (0x00524733) xor     a4, tp, t0
core   0: 3 0x800099dc (0x00524733) x14 0x114a03cf
core   0: 0x800099e0 (0x01991e13) slli    t3, s2, 25
core   0: 3 0x800099e0 (0x01991e13) x28 0x50000000
core   0: 0x800099e4 (0x00b81a63) bne     a6, a1, pc + 20
core   0: 3 0x800099e4 (0x00b81a63)
core   0: 0x800099f8 (0xe3d60293) addi    t0, a2, -451
core   0: 3 0x800099f8 (0xe3d60293) x 5 0x7ffffe3d
core   0: 0x800099fc (0x02f844b3) div     s1, a6, a5
core   0: 3 0x800099fc (0x02f844b3) x 9 0x00000000
core   0: 0x80009a00 (0x40b58f33) sub     t5, a1, a1
core   0: 3 0x80009a00 (0x40b58f33) x30 0x00000000
core   0: 0x80009a04 (0xfd5dc537) lui     a0, 0xfd5dc
core   0: 3 0x80009a04 (0xfd5dc537) x10 0xfd5dc000
core   0: 0x80009a08 (0x4d547d13) andi    s10, s0, 1237
core   0: 3 0x80009a08 (0x4d547d13) x26 0x00000014
core   0: 0x80009a0c (0xb3883413) sltiu   s0, a6, -1224
core   0: 3 0x80009a0c (0xb3883413) x 8 0x00000001
core   0: 0x80009a10 (0x7d7aea17) auipc   s4, 0x7d7ae
core   0: 3 0x80009a10 (0x7d7aea17) x20 0xfd7b7a10
core   0: 0x80009a14 (0x01a4e233) or      tp, s1, s10
core   0: 3 0x80009a14 (0x01a4e233) x 4 0x00000014
core   0: 0x80009a18 (0x407504b3) sub     s1, a0, t2
core   0: 3 0x80009a18 (0x407504b3) x 9 0xfd5dbfff
core   0: 0x80009a1c (0x22d33313) sltiu   t1, t1, 557
core   0: 3 0x80009a1c (0x22d33313) x 6 0x00000000
core   0: 0x80009a20 (0x02f24663) blt     tp, a5, pc + 44
core   0: 3 0x80009a20 (0x02f24663)
core   0: 0x80009a24 (0x398b3893) sltiu   a7, s6, 920
core   0: 3 0x80009a24 (0x398b3893) x17 0x00000001
core   0: 0x80009a28 (0x0085e863) bltu    a1, s0, pc + 16
core   0: 3 0x80009a28 (0x0085e863)
core   0: 0x80009a38 (0x014d1263) bne     s10, s4, pc + 4
core   0: 3 0x80009a38 (0x014d1263)
core   0: 0x80009a3c (0x41c95193) srai    gp, s2, 28
core   0: 3 0x80009a3c (0x41c95193) x 3 0x00000000
core   0: 0x80009a40 (0x41c25cb3) sra     s9, tp, t3
core   0: 3 0x80009a40 (0x41c25cb3) x25 0x00000014
core   0: 0x80009a44 (0x01107463) bgeu    zero, a7, pc + 8
core   0: 3 0x80009a44 (0x01107463)
core   0: 0x80009a48 (0x01aca133) slt     sp, s9, s10
core   0: 3 0x80009a48 (0x01aca133) x 2 0x00000000
core   0: 0x80009a4c (0x03415eb3) divu    t4, sp, s4
core   0: 3 0x80009a4c (0x03415eb3) x29 0x00000000
core   0: 0x80009a50 (0x036afe33) remu    t3, s5, s6
core   0: 3 0x80009a50 (0x036afe33) x28 0x00000000
core   0: 0x80009a54 (0x01afff33) and     t5, t6, s10
core   0: 3 0x80009a54 (0x01afff33) x30 0x00000004
core   0: 0x80009a58 (0x027a4b33) div     s6, s4, t2
core   0: 3 0x80009a58 (0x027a4b33) x22 0xfd7b7a10
core   0: 0x80009a5c (0xbcb56593) ori     a1, a0, -1077
core   0: 3 0x80009a5c (0xbcb56593) x11 0xfffffbcb
core   0: 0x80009a60 (0x00c10233) add     tp, sp, a2
core   0: 3 0x80009a60 (0x00c10233) x 4 0x80000000
core   0: 0x80009a64 (0x01893033) sltu    zero, s2, s8
core   0: 3 0x80009a64 (0x01893033)
core   0: 0x80009a68 (0x02e20463) beq     tp, a4, pc + 40
core   0: 3 0x80009a68 (0x02e20463)
core   0: 0x80009a6c (0x0162db13) srli    s6, t0, 22
core   0: 3 0x80009a6c (0x0162db13) x22 0x000001ff
core   0: 0x80009a70 (0xe8fcfa13) andi    s4, s9, -369
core   0: 3 0x80009a70 (0xe8fcfa13) x20 0x00000004
core   0: 0x80009a74 (0x020eeeb3) rem     t4, t4, zero
core   0: 3 0x80009a74 (0x020eeeb3) x29 0x00000000
core   0: 0x80009a78 (0x011d5133) srl     sp, s10, a7
core   0: 3 0x80009a78 (0x011d5133) x 2 0x0000000a
core   0: 0x80009a7c (0xda2cb593) sltiu   a1, s9, -606
core   0: 3 0x80009a7c (0xda2cb593) x11 0x00000001
core   0: 0x80009a80 (0x018973b3) and     t2, s2, s8
core   0: 3 0x80009a80 (0x018973b3) x 7 0x000094a0
core   0: 0x80009a84 (0xbd47f013) andi    zero, a5, -1068
core   0: 3 0x80009a84 (0xbd47f013)
core   0: 0x80009a88 (0x05317463) bgeu    sp, s3, pc + 72
core   0: 3 0x80009a88 (0x05317463)
core   0: 0x80009a8c (0x0130fa63) bgeu    ra, s3, pc + 20
core   0: 3 0x80009a8c (0x0130fa63)
core   0: 0x80009aa0 (0x040c5663) bgez    s8, pc + 76
core   0: 3 0x80009aa0 (0x040c5663)
core   0: 0x80009aa4 (0x020ce263) bltu    s9, zero, pc + 36
core   0: 3 0x80009aa4 (0x020ce263)
core   0: 0x80009aa8 (0x007cdeb3) srl     t4, s9, t2
core   0: 3 0x80009aa8 (0x007cdeb3) x29 0x00000014
core   0: 0x80009aac (0x001e0733) add     a4, t3, ra
core   0: 3 0x80009aac (0x001e0733) x14 0xffffffff
core   0: 0x80009ab0 (0x00499663) bne     s3, tp, pc + 12
core   0: 3 0x80009ab0 (0x00499663)
core   0: 0x80009abc (0x02fe5863) bge     t3, a5, pc + 48
core   0: 3 0x80009abc (0x02fe5863)
core   0: 0x80009aec (0x9b7f6993) ori     s3, t5, -1609
core   0: 3 0x80009aec (0x9b7f6993) x19 0xfffff9b7
core   0: 0x80009af0 (0x1096c793) xori    a5, a3, 265
core   0: 3 0x80009af0 (0x1096c793) x15 0xcf010551
core   0: 0x80009af4 (0x0143fe63) bgeu    t2, s4, pc + 28
core   0: 3 0x80009af4 (0x0143fe63)
core   0: 0x80009b10 (0x15a88413) addi    s0, a7, 346
core   0: 3 0x80009b10 (0x15a88413) x 8 0x0000015b
core   0: 0x80009b14 (0x0a938593) addi    a1, t2, 169
core   0: 3 0x80009b14 (0x0a938593) x11 0x00009549
core   0: 0x80009b18 (0x82d63b93) sltiu   s7, a2, -2003
core   0: 3 0x80009b18 (0x82d63b93) x23 0x00000001
core   0: 0x80009b1c (0x577be313) ori     t1, s7, 1399
core   0: 3 0x80009b1c (0x577be313) x 6 0x00000577
core   0: 0x80009b20 (0x00b3ab33) slt     s6, t2, a1
core   0: 3 0x80009b20 (0x00b3ab33) x22 0x00000001
core   0: 0x80009b24 (0x0252c463) blt     t0, t0, pc + 40
core   0: 3 0x80009b24 (0x0252c463)
core   0: 0x80009b28 (0x02861b33) mulh    s6, a2, s0
core   0: 3 0x80009b28 (0x02861b33) x22 0xffffff52
core   0: 0x80009b2c (0x02d65bb3) divu    s7, a2, a3
core   0: 3 0x80009b2c (0x02d65bb3) x23 0x00000000
core   0: 0x80009b30 (0x02d539b3) mulhu   s3, a0, a3
core   0: 3 0x80009b30 (0x02d539b3) x19 0xccdfcfea
core   0: 0x80009b34 (0x036cb8b3) mulhu   a7, s9, s6
core   0: 3 0x80009b34 (0x036cb8b3) x17 0x00000013
core   0: 0x80009b38 (0x02e4a0b3) mulhsu  ra, s1, a4
core   0: 3 0x80009b38 (0x02e4a0b3) x 1 0xfd5dbfff
core   0: 0x80009b3c (0x037db7b3) mulhu   a5, s11, s7
core   0: 3 0x80009b3c (0x037db7b3) x15 0x00000000
core   0: 0x80009b40 (0x02410863) beq     sp, tp, pc + 48
core   0: 3 0x80009b40 (0x02410863)
core   0: 0x80009b44 (0x00bd9a63) bne     s11, a1, pc + 20
core   0: 3 0x80009b44 (0x00bd9a63)
core   0: 0x80009b58 (0x007c2533) slt     a0, s8, t2
core   0: 3 0x80009b58 (0x007c2533) x10 0x00000001
core   0: 0x80009b5c (0x03797263) bgeu    s2, s7, pc + 36
core   0: 3 0x80009b5c (0x03797263)
core   0: 0x80009b80 (0x5c972513) slti    a0, a4, 1481
core   0: 3 0x80009b80 (0x5c972513) x10 0x00000001
core   0: 0x80009b84 (0x0280ca63) blt     ra, s0, pc + 52
core   0: 3 0x80009b84 (0x0280ca63)
core   0: 0x80009bb8 (0x03fedfb3) divu    t6, t4, t6
core   0: 3 0x80009bb8 (0x03fedfb3) x31 0x00000000
core   0: 0x80009bbc (0x00711d13) slli    s10, sp, 7
core   0: 3 0x80009bbc (0x00711d13) x26 0x00000500
core   0: 0x80009bc0 (0x40c3d193) srai    gp, t2, 12
core   0: 3 0x80009bc0 (0x40c3d193) x 3 0x00000009
core   0: 0x80009bc4 (0x03de7733) remu    a4, t3, t4
core   0: 3 0x80009bc4 (0x03de7733) x14 0x00000000
core   0: 0x80009bc8 (0x048bc263) blt     s7, s0, pc + 68
core   0: 3 0x80009bc8 (0x048bc263)
core   0: 0x80009c0c (0x00ad1cb3) sll     s9, s10, a0
core   0: 3 0x80009c0c (0x00ad1cb3) x25 0x00000a00
core   0: 0x80009c10 (0x76512213) slti    tp, sp, 1893
core   0: 3 0x80009c10 (0x76512213) x 4 0x00000001
core   0: 0x80009c14 (0xbabb8e93) addi    t4, s7, -1109
core   0: 3 0x80009c14 (0xbabb8e93) x29 0xfffffbab
core   0: 0x80009c18 (0x9f474893) xori    a7, a4, -1548
core   0: 3 0x80009c18 (0x9f474893) x17 0xfffff9f4
core   0: 0x80009c1c (0x40218a33) sub     s4, gp, sp
core   0: 3 0x80009c1c (0x40218a33) x20 0xffffffff
core   0: 0x80009c20 (0x01aa4a63) blt     s4, s10, pc + 20
core   0: 3 0x80009c20 (0x01aa4a63)
core   0: 0x80009c34 (0x008a8463) beq     s5, s0, pc + 8
core   0: 3 0x80009c34 (0x008a8463)
core   0: 0x80009c38 (0x003f2b33) slt     s6, t5, gp
core   0: 3 0x80009c38 (0x003f2b33) x22 0x00000001
core   0: 0x80009c3c (0xd441a913) slti    s2, gp, -700
core   0: 3 0x80009c3c (0xd441a913) x18 0x00000000
core   0: 0x80009c40 (0x03e53033) mulhu   zero, a0, t5
core   0: 3 0x80009c40 (0x03e53033)
core   0: 0x80009c44 (0x0dd3bb93) sltiu   s7, t2, 221
core   0: 3 0x80009c44 (0x0dd3bb93) x23 0x00000000
core   0: 0x80009c48 (0x040c1463) bnez    s8, pc + 72
core   0: 3 0x80009c48 (0x040c1463)
core   0: 0x80009c90 (0x436bba13) sltiu   s4, s7, 1078
core   0: 3 0x80009c90 (0x436bba13) x20 0x00000001
core   0: 0x80009c94 (0x009212b3) sll     t0, tp, s1
core   0: 3 0x80009c94 (0x009212b3) x 5 0x80000000
core   0: 0x80009c98 (0x02b111b3) mulh    gp, sp, a1
core   0: 3 0x80009c98 (0x02b111b3) x 3 0x00000000
core   0: 0x80009c9c (0x02737263) bgeu    t1, t2, pc + 36
core   0: 3 0x80009c9c (0x02737263)
core   0: 0x80009ca0 (0x03ed6663) bltu    s10, t5, pc + 44
core   0: 3 0x80009ca0 (0x03ed6663)
core   0: 0x80009ca4 (0x30d98113) addi    sp, s3, 781
core   0: 3 0x80009ca4 (0x30d98113) x 2 0xccdfd2f7
core   0: 0x80009ca8 (0x03d25c63) bge     tp, t4, pc + 56
core   0: 3 0x80009ca8 (0x03d25c63)
core   0: 0x80009ce0 (0x00e99413) slli    s0, s3, 14
core   0: 3 0x80009ce0 (0x00e99413) x 8 0xf3fa8000
core   0: 0x80009ce4 (0x0384ad33) mulhsu  s10, s1, s8
core   0: 3 0x80009ce4 (0x0384ad33) x26 0xfeaed91d
core   0: 0x80009ce8 (0x00100fb3) add     t6, zero, ra
core   0: 3 0x80009ce8 (0x00100fb3) x31 0xfd5dbfff
core   0: 0x80009cec (0x00c92033) slt     zero, s2, a2
core   0: 3 0x80009cec (0x00c92033)
core   0: 0x80009cf0 (0xd7788b13) addi    s6, a7, -649
core   0: 3 0x80009cf0 (0xd7788b13) x22 0xfffff76b
core   0: 0x80009cf4 (0x0323ea63) bltu    t2, s2, pc + 52
core   0: 3 0x80009cf4 (0x0323ea63)
core   0: 0x80009cf8 (0x0234dfb3) divu    t6, s1, gp
core   0: 3 0x80009cf8 (0x0234dfb3) x31 0xffffffff
core   0: 0x80009cfc (0x025deeb3) rem     t4, s11, t0
core   0: 3 0x80009cfc (0x025deeb3) x29 0x0351b2a0
core   0: 0x80009d00 (0x999eae93) slti    t4, t4, -1639
core   0: 3 0x80009d00 (0x999eae93) x29 0x00000000
core   0: 0x80009d04 (0x01a846b3) xor     a3, a6, s10
core   0: 3 0x80009d04 (0x01a846b3) x13 0x7eac8719
core   0: 0x80009d08 (0x00000013) nop
core   0: 3 0x80009d08 (0x00000013)
core   0: 0x80009d0c (0xf6cee417) auipc   s0, 0xf6cee
core   0: 3 0x80009d0c (0xf6cee417) x 8 0x76cf7d0c
core   0: 0x80009d10 (0x00d0d713) srli    a4, ra, 13
core   0: 3 0x80009d10 (0x00d0d713) x14 0x0007eaed
core   0: 0x80009d14 (0x01c300b3) add     ra, t1, t3
core   0: 3 0x80009d14 (0x01c300b3) x 1 0x00000577
core   0: 0x80009d18 (0x01c8c333) xor     t1, a7, t3
core   0: 3 0x80009d18 (0x01c8c333) x 6 0xfffff9f4
core   0: 0x80009d1c (0x00ff28b3) slt     a7, t5, a5
core   0: 3 0x80009d1c (0x00ff28b3) x17 0x00000000
core   0: 0x80009d20 (0x02a933b3) mulhu   t2, s2, a0
core   0: 3 0x80009d20 (0x02a933b3) x 7 0x00000000
core   0: 0x80009d24 (0x41f55493) srai    s1, a0, 31
core   0: 3 0x80009d24 (0x41f55493) x 9 0x00000000
core   0: 0x80009d28 (0x02fcce33) div     t3, s9, a5
core   0: 3 0x80009d28 (0x02fcce33) x28 0xffffffff
core   0: 0x80009d2c (0x95e42993) slti    s3, s0, -1698
core   0: 3 0x80009d2c (0x95e42993) x19 0x00000000
core   0: 0x80009d30 (0x03a823b3) mulhsu  t2, a6, s10
core   0: 3 0x80009d30 (0x03a823b3) x 7 0x80aaee57
core   0: 0x80009d34 (0xe270a393) slti    t2, ra, -473
core   0: 3 0x80009d34 (0xe270a393) x 7 0x00000000
core   0: 0x80009d38 (0x001453b3) srl     t2, s0, ra
core   0: 3 0x80009d38 (0x001453b3) x 7 0x000000ed
core   0: 0x80009d3c (0x02d2e463) bltu    t0, a3, pc + 40
core   0: 3 0x80009d3c (0x02d2e463)
core   0: 0x80009d40 (0x023e9db3) mulh    s11, t4, gp
core   0: 3 0x80009d40 (0x023e9db3) x27 0x00000000
core   0: 0x80009d44 (0x00fed6b3) srl     a3, t4, a5
core   0: 3 0x80009d44 (0x00fed6b3) x13 0x00000000
core   0: 0x80009d48 (0xe8baaa13) slti    s4, s5, -373
core   0: 3 0x80009d48 (0xe8baaa13) x20 0x00000000
core   0: 0x80009d4c (0x03b71863) bne     a4, s11, pc + 48
core   0: 3 0x80009d4c (0x03b71863)
core   0: 0x80009d7c (0x00a529b3) slt     s3, a0, a0
core   0: 3 0x80009d7c (0x00a529b3) x19 0x00000000
core   0: 0x80009d80 (0x00b5c463) blt     a1, a1, pc + 8
core   0: 3 0x80009d80 (0x00b5c463)
core   0: 0x80009d84 (0x01d7d933) srl     s2, a5, t4
core   0: 3 0x80009d84 (0x01d7d933) x18 0x00000000
core   0: 0x80009d88 (0x1c7f0293) addi    t0, t5, 455
core   0: 3 0x80009d88 (0x1c7f0293) x 5 0x000001cb
core   0: 0x80009d8c (0x00000013) nop
core   0: 3 0x80009d8c (0x00000013)
core   0: 0x80009d90 (0x03878933) mul     s2, a5, s8
core   0: 3 0x80009d90 (0x03878933) x18 0x00000000
core   0: 0x80009d94 (0x01866863) bltu    a2, s8, pc + 16
core   0: 3 0x80009d94 (0x01866863)
core   0: 0x80009da4 (0x034f6263) bltu    t5, s4, pc + 36
core   0: 3 0x80009da4 (0x034f6263)
core   0: 0x80009da8 (0x00d06eb3) or      t4, zero, a3
core   0: 3 0x80009da8 (0x00d06eb3) x29 0x00000000
core   0: 0x80009dac (0x9a984793) xori    a5, a6, -1623
core   0: 3 0x80009dac (0x9a984793) x15 0x7ffda7ad
core   0: 0x80009db0 (0x03b6ba33) mulhu   s4, a3, s11
core   0: 3 0x80009db0 (0x03b6ba33) x20 0x00000000
core   0: 0x80009db4 (0x014cf3b3) and     t2, s9, s4
core   0: 3 0x80009db4 (0x014cf3b3) x 7 0x00000000
core   0: 0x80009db8 (0x0356f3b3) remu    t2, a3, s5
core   0: 3 0x80009db8 (0x0356f3b3) x 7 0x00000000
core   0: 0x80009dbc (0x00000013) nop
core   0: 3 0x80009dbc (0x00000013)
core   0: 0x80009dc0 (0xaaad4e13) xori    t3, s10, -1366
core   0: 3 0x80009dc0 (0xaaad4e13) x28 0x015123b7
core   0: 0x80009dc4 (0x7b6e4713) xori    a4, t3, 1974
core   0: 3 0x80009dc4 (0x7b6e4713) x14 0x01512401
core   0: 0x80009dc8 (0x003b8863) beq     s7, gp, pc + 16
core   0: 3 0x80009dc8 (0x003b8863)
core   0: 0x80009dd8 (0x01b8e9b3) or      s3, a7, s11
core   0: 3 0x80009dd8 (0x01b8e9b3) x19 0x00000000
core   0: 0x80009ddc (0x00cdd263) bge     s11, a2, pc + 4
core   0: 3 0x80009ddc (0x00cdd263)
core   0: 0x80009de0 (0x03898263) beq     s3, s8, pc + 36
core   0: 3 0x80009de0 (0x03898263)
core   0: 0x80009de4 (0xbdecfe93) andi    t4, s9, -1058
core   0: 3 0x80009de4 (0xbdecfe93) x29 0x00000a00
core   0: 0x80009de8 (0x05345663) bge     s0, s3, pc + 76
core   0: 3 0x80009de8 (0x05345663)
core   0: 0x80009e34 (0x4190db93) srai    s7, ra, 25
core   0: 3 0x80009e34 (0x4190db93) x23 0x00000000
core   0: 0x80009e38 (0x00dad233) srl     tp, s5, a3
core   0: 3 0x80009e38 (0x00dad233) x 4 0x00000000
core   0: 0x80009e3c (0x44db2d93) slti    s11, s6, 1101
core   0: 3 0x80009e3c (0x44db2d93) x27 0x00000001
core   0: 0x80009e40 (0x0097e663) bltu    a5, s1, pc + 12
core   0: 3 0x80009e40 (0x0097e663)
core   0: 0x80009e44 (0x79c5dcb7) lui     s9, 0x79c5d
core   0: 3 0x80009e44 (0x79c5dcb7) x25 0x79c5d000
core   0: 0x80009e48 (0x02e24663) blt     tp, a4, pc + 44
core   0: 3 0x80009e48 (0x02e24663)
core   0: 0x80009e74 (0x00000013) nop
core   0: 3 0x80009e74 (0x00000013)
core   0: 0x80009e78 (0x00fdee33) or      t3, s11, a5
core   0: 3 0x80009e78 (0x00fdee33) x28 0x7ffda7ad
core   0: 0x80009e7c (0x03ebcc63) blt     s7, t5, pc + 56
core   0: 3 0x80009e7c (0x03ebcc63)
core   0: 0x80009eb4 (0x02020b33) mul     s6, tp, zero
core   0: 3 0x80009eb4 (0x02020b33) x22 0x00000000
core   0: 0x80009eb8 (0xe6dce593) ori     a1, s9, -403
core   0: 3 0x80009eb8 (0xe6dce593) x11 0xfffffe6d
core   0: 0x80009ebc (0x03966a63) bltu    a2, s9, pc + 52
core   0: 3 0x80009ebc (0x03966a63)
core   0: 0x80009ec0 (0x03baacb3) mulhsu  s9, s5, s11
core   0: 3 0x80009ec0 (0x03baacb3) x25 0x00000000
core   0: 0x80009ec4 (0x2a26a893) slti    a7, a3, 674
core   0: 3 0x80009ec4 (0x2a26a893) x17 0x00000001
core   0: 0x80009ec8 (0xa14e7193) andi    gp, t3, -1516
core   0: 3 0x80009ec8 (0xa14e7193) x 3 0x7ffda204
core   0: 0x80009ecc (0x03412233) mulhsu  tp, sp, s4
core   0: 3 0x80009ecc (0x03412233) x 4 0x00000000
core   0: 0x80009ed0 (0x0387db33) divu    s6, a5, s8
core   0: 3 0x80009ed0 (0x0387db33) x22 0x00000000
core   0: 0x80009ed4 (0x025c6b33) rem     s6, s8, t0
core   0: 3 0x80009ed4 (0x025c6b33) x22 0xffffff04
core   0: 0x80009ed8 (0x00906733) or      a4, zero, s1
core   0: 3 0x80009ed8 (0x00906733) x14 0x00000000
core   0: 0x80009edc (0x013f5463) bge     t5, s3, pc + 8
core   0: 3 0x80009edc (0x013f5463)
core   0: 0x80009ee4 (0x41a85f13) srai    t5, a6, 26
core   0: 3 0x80009ee4 (0x41a85f13) x30 0xffffffe0
core   0: 0x80009ee8 (0x119c7213) andi    tp, s8, 281
core   0: 3 0x80009ee8 (0x119c7213) x 4 0x00000000
core   0: 0x80009eec (0x01304a63) blt     zero, s3, pc + 20
core   0: 3 0x80009eec (0x01304a63)
core   0: 0x80009ef0 (0x6d054113) xori    sp, a0, 1744
core   0: 3 0x80009ef0 (0x6d054113) x 2 0x000006d1
core   0: 0x80009ef4 (0x03f04e63) blt     zero, t6, pc + 60
core   0: 3 0x80009ef4 (0x03f04e63)
core   0: 0x80009ef8 (0xffafcb13) xori    s6, t6, -6
core   0: 3 0x80009ef8 (0xffafcb13) x22 0x00000005
core   0: 0x80009efc (0x00e6a0b3) slt     ra, a3, a4
core   0: 3 0x80009efc (0x00e6a0b3) x 1 0x00000000
core   0: 0x80009f00 (0x00000013) nop
core   0: 3 0x80009f00 (0x00000013)
core   0: 0x80009f04 (0xaa812c93) slti    s9, sp, -1368
core   0: 3 0x80009f04 (0xaa812c93) x25 0x00000000
core   0: 0x80009f08 (0xe40c3393) sltiu   t2, s8, -448
core   0: 3 0x80009f08 (0xe40c3393) x 7 0x00000001
core   0: 0x80009f0c (0x02cd0463) beq     s10, a2, pc + 40
core   0: 3 0x80009f0c (0x02cd0463)
core   0: 0x80009f10 (0x00115233) srl     tp, sp, ra
core   0: 3 0x80009f10 (0x00115233) x 4 0x000006d1
core   0: 0x80009f14 (0x005ad393) srli    t2, s5, 5
core   0: 3 0x80009f14 (0x005ad393) x 7 0x00000000
core   0: 0x80009f18 (0x41215eb3) sra     t4, sp, s2
core   0: 3 0x80009f18 (0x41215eb3) x29 0x000006d1
core   0: 0x80009f1c (0x04d69463) bne     a3, a3, pc + 72
core   0: 3 0x80009f1c (0x04d69463)
core   0: 0x80009f20 (0x033ad063) bge     s5, s3, pc + 32
core   0: 3 0x80009f20 (0x033ad063)
core   0: 0x80009f40 (0x018dda33) srl     s4, s11, s8
core   0: 3 0x80009f40 (0x018dda33) x20 0x00000000
core   0: 0x80009f44 (0x03799263) bne     s3, s7, pc + 36
core   0: 3 0x80009f44 (0x03799263)
core   0: 0x80009f48 (0x00e22ab3) slt     s5, tp, a4
core   0: 3 0x80009f48 (0x00e22ab3) x21 0x00000000
core   0: 0x80009f4c (0x02d9fd33) remu    s10, s3, a3
core   0: 3 0x80009f4c (0x02d9fd33) x26 0x00000000
core   0: 0x80009f50 (0x03f208b3) mul     a7, tp, t6
core   0: 3 0x80009f50 (0x03f208b3) x17 0xfffff92f
core   0: 0x80009f54 (0x021682b3) mul     t0, a3, ra
core   0: 3 0x80009f54 (0x021682b3) x 5 0x00000000
core   0: 0x80009f58 (0x045f7263) bgeu    t5, t0, pc + 68
core   0: 3 0x80009f58 (0x045f7263)
core   0: 0x80009f9c (0x4131db93) srai    s7, gp, 19
core   0: 3 0x80009f9c (0x4131db93) x23 0x00000fff
core   0: 0x80009fa0 (0x010b7d33) and     s10, s6, a6
core   0: 3 0x80009fa0 (0x010b7d33) x26 0x00000004
core   0: 0x80009fa4 (0x02d91463) bne     s2, a3, pc + 40
core   0: 3 0x80009fa4 (0x02d91463)
core   0: 0x80009fa8 (0x40cb0133) sub     sp, s6, a2
core   0: 3 0x80009fa8 (0x40cb0133) x 2 0x80000005
core   0: 0x80009fac (0x02adfa63) bgeu    s11, a0, pc + 52
core   0: 3 0x80009fac (0x02adfa63)
core   0: 0x80009fe0 (0x00000013) nop
core   0: 3 0x80009fe0 (0x00000013)
core   0: 0x80009fe4 (0x032f8c63) beq     t6, s2, pc + 56
core   0: 3 0x80009fe4 (0x032f8c63)
core   0: 0x80009fe8 (0x00e6bb33) sltu    s6, a3, a4
core   0: 3 0x80009fe8 (0x00e6bb33) x22 0x00000000
core   0: 0x80009fec (0x00309593) slli    a1, ra, 3
core   0: 3 0x80009fec (0x00309593) x11 0x00000000
core   0: 0x80009ff0 (0x400301b3) sub     gp, t1, zero
core   0: 3 0x80009ff0 (0x400301b3) x 3 0xfffff9f4
core   0: 0x80009ff4 (0x0143ea63) bltu    t2, s4, pc + 20
core   0: 3 0x80009ff4 (0x0143ea63)
core   0: 0x80009ff8 (0x00330863) beq     t1, gp, pc + 16
core   0: 3 0x80009ff8 (0x00330863)
core   0: 0x8000a008 (0x8197af97) auipc   t6, 0x8197a
core   0: 3 0x8000a008 (0x8197af97) x31 0x01984008
core   0: 0x8000a00c (0x02b61e63) bne     a2, a1, pc + 60
core   0: 3 0x8000a00c (0x02b61e63)
core   0: 0x8000a048 (0x932b7e13) andi    t3, s6, -1742
core   0: 3 0x8000a048 (0x932b7e13) x28 0x00000000
core   0: 0x8000a04c (0x02c12fb3) mulhsu  t6, sp, a2
core   0: 3 0x8000a04c (0x02c12fb3) x31 0xc0000002
core   0: 0x8000a050 (0x92e97593) andi    a1, s2, -1746
core   0: 3 0x8000a050 (0x92e97593) x11 0x00000000
core   0: 0x8000a054 (0x01eae8b3) or      a7, s5, t5
core   0: 3 0x8000a054 (0x01eae8b3) x17 0xffffffe0
core   0: 0x8000a058 (0x0000b217) auipc   tp, 0xb
core   0: 3 0x8000a058 (0x0000b217) x 4 0x80015058
core   0: 0x8000a05c (0x0b320213) addi    tp, tp, 179
core   0: 3 0x8000a05c (0x0b320213) x 4 0x8001510b
core   0: 0x8000a060 (0x039a4db3) div     s11, s4, s9
core   0: 3 0x8000a060 (0x039a4db3) x27 0xffffffff
core   0: 0x8000a064 (0x41d7de13) srai    t3, a5, 29
core   0: 3 0x8000a064 (0x41d7de13) x28 0x00000003
core   0: 0x8000a068 (0x007c42b3) xor     t0, s8, t2
core   0: 3 0x8000a068 (0x007c42b3) x 5 0x80029ce4
core   0: 0x8000a06c (0x8f39e313) ori     t1, s3, -1805
core   0: 3 0x8000a06c (0x8f39e313) x 6 0xfffff8f3
core   0: 0x8000a070 (0xebff9eb7) lui     t4, 0xebff9
core   0: 3 0x8000a070 (0xebff9eb7) x29 0xebff9000
core   0: 0x8000a074 (0x005d4e33) xor     t3, s10, t0
core   0: 3 0x8000a074 (0x005d4e33) x28 0x80029ce0
core   0: 0x8000a078 (0x11033913) sltiu   s2, t1, 272
core   0: 3 0x8000a078 (0x11033913) x18 0x00000000
core   0: 0x8000a07c (0x00dd1c93) slli    s9, s10, 13
core   0: 3 0x8000a07c (0x00dd1c93) x25 0x00008000
core   0: 0x8000a080 (0xfef24983) lbu     s3, -17(tp)
core   0: 3 0x8000a080 (0xfef24983) x19 0x0000004d mem 0x800150fa
core   0: 0x8000a084 (0xfd320e23) sb      s3, -36(tp)
core   0: 3 0x8000a084 (0xfd320e23) mem 0x800150e7 0x4d
core   0: 0x8000a088 (0x0379de33) divu    t3, s3, s7
core   0: 3 0x8000a088 (0x0379de33) x28 0x00000000
core   0: 0x8000a08c (0xc04dc693) xori    a3, s11, -1020
core   0: 3 0x8000a08c (0xc04dc693) x13 0x000003fb
core   0: 0x8000a090 (0x00ded393) srli    t2, t4, 13
core   0: 3 0x8000a090 (0x00ded393) x 7 0x00075ffc
core   0: 0x8000a094 (0xc3997013) andi    zero, s2, -967
core   0: 3 0x8000a094 (0xc3997013)
core   0: 0x8000a098 (0x9b1a8993) addi    s3, s5, -1615
core   0: 3 0x8000a098 (0x9b1a8993) x19 0xfffff9b1
core   0: 0x8000a09c (0x41cc8eb3) sub     t4, s9, t3
core   0: 3 0x8000a09c (0x41cc8eb3) x29 0x00008000
core   0: 0x8000a0a0 (0x02c217a3) sh      a2, 47(tp)
core   0: 3 0x8000a0a0 (0x02c217a3) mem 0x8001513a 0x0000
core   0: 0x8000a0a4 (0x03620503) lb      a0, 54(tp)
core   0: 3 0x8000a0a4 (0x03620503) x10 0x00000003 mem 0x80015141
core   0: 0x8000a0a8 (0x03e56033) rem     zero, a0, t5
core   0: 3 0x8000a0a8 (0x03e56033)
core   0: 0x8000a0ac (0xcf0bc013) xori    zero, s7, -784
core   0: 3 0x8000a0ac (0xcf0bc013)
core   0: 0x8000a0b0 (0x416a5593) srai    a1, s4, 22
core   0: 3 0x8000a0b0 (0x416a5593) x11 0x00000000
core   0: 0x8000a0b4 (0x02320023) sb      gp, 32(tp)
core   0: 3 0x8000a0b4 (0x02320023) mem 0x8001512b 0xf4
core   0: 0x8000a0b8 (0xffc24303) lbu     t1, -4(tp)
core   0: 3 0x8000a0b8 (0xffc24303) x 6 0x00000005 mem 0x80015107
core   0: 0x8000a0bc (0x038e8db3) mul     s11, t4, s8
core   0: 3 0x8000a0bc (0x038e8db3) x27 0x4e720000
core   0: 0x8000a0c0 (0x51973a93) sltiu   s5, a4, 1305
core   0: 3 0x8000a0c0 (0x51973a93) x21 0x00000001
core   0: 0x8000a0c4 (0xfd920d03) lb      s10, -39(tp)
core   0: 3 0x8000a0c4 (0xfd920d03) x26 0x00000013 mem 0x800150e4
core   0: 0x8000a0c8 (0xff220783) lb      a5, -14(tp)
core   0: 3 0x8000a0c8 (0xff220783) x15 0xffffffb1 mem 0x800150fd
core   0: 0x8000a0cc (0x01523333) sltu    t1, tp, s5
core   0: 3 0x8000a0cc (0x01523333) x 6 0x00000000
core   0: 0x8000a0d0 (0xfc624883) lbu     a7, -58(tp)
core   0: 3 0x8000a0d0 (0xfc624883) x17 0x000000f3 mem 0x800150d1
core   0: 0x8000a0d4 (0xff921a03) lh      s4, -7(tp)
core   0: 3 0x8000a0d4 (0xff921a03) x20 0xfffff6a3 mem 0x80015104
core   0: 0x8000a0d8 (0x4136d0b3) sra     ra, a3, s3
core   0: 3 0x8000a0d8 (0x4136d0b3) x 1 0x00000000
core   0: 0x8000a0dc (0xfc824283) lbu     t0, -56(tp)
core   0: 3 0x8000a0dc (0xfc824283) x 5 0x000000cb mem 0x800150d3
core   0: 0x8000a0e0 (0x41bfd793) srai    a5, t6, 27
core   0: 3 0x8000a0e0 (0x41bfd793) x15 0xfffffff8
core   0: 0x8000a0e4 (0x03ba9663) bne     s5, s11, pc + 44
core   0: 3 0x8000a0e4 (0x03ba9663)
core   0: 0x8000a110 (0x20ea6213) ori     tp, s4, 526
core   0: 3 0x8000a110 (0x20ea6213) x 4 0xfffff6af
core   0: 0x8000a114 (0xad944713) xori    a4, s0, -1319
core   0: 3 0x8000a114 (0xad944713) x14 0x893087d5
core   0: 0x8000a118 (0x02432733) mulhsu  a4, t1, tp
core   0: 3 0x8000a118 (0x02432733) x14 0x00000000
core   0: 0x8000a11c (0x40f95d13) srai    s10, s2, 15
core   0: 3 0x8000a11c (0x40f95d13) x26 0x00000000
core   0: 0x8000a120 (0x018cba33) sltu    s4, s9, s8
core   0: 3 0x8000a120 (0x018cba33) x20 0x00000001
core   0: 0x8000a124 (0x00c0f0b3) and     ra, ra, a2
core   0: 3 0x8000a124 (0x00c0f0b3) x 1 0x00000000
core   0: 0x8000a128 (0x78268393) addi    t2, a3, 1922
core   0: 3 0x8000a128 (0x78268393) x 7 0x00000b7d
core   0: 0x8000a12c (0x402cdf93) srai    t6, s9, 2
core   0: 3 0x8000a12c (0x402cdf93) x31 0x00002000
core   0: 0x8000a130 (0x0204b233) mulhu   tp, s1, zero
core   0: 3 0x8000a130 (0x0204b233) x 4 0x00000000
core   0: 0x8000a134 (0x00bd4463) blt     s10, a1, pc + 8
core   0: 3 0x8000a134 (0x00bd4463)
core   0: 0x8000a138 (0x45616f37) lui     t5, 0x45616
core   0: 3 0x8000a138 (0x45616f37) x30 0x45616000
core   0: 0x8000a13c (0x01049f33) sll     t5, s1, a6
core   0: 3 0x8000a13c (0x01049f33) x30 0x00000000
core   0: 0x8000a140 (0x40da8fb3) sub     t6, s5, a3
core   0: 3 0x8000a140 (0x40da8fb3) x31 0xfffffc06
core   0: 0x8000a144 (0x00c36933) or      s2, t1, a2
core   0: 3 0x8000a144 (0x00c36933) x18 0x80000000
core   0: 0x8000a148 (0x01eaf663) bgeu    s5, t5, pc + 12
core   0: 3 0x8000a148 (0x01eaf663)
core   0: 0x8000a154 (0x03913eb3) mulhu   t4, sp, s9
core   0: 3 0x8000a154 (0x03913eb3) x29 0x00004000
core   0: 0x8000a158 (0x00000013) nop
core   0: 3 0x8000a158 (0x00000013)
core   0: 0x8000a15c (0x03ee38b3) mulhu   a7, t3, t5
core   0: 3 0x8000a15c (0x03ee38b3) x17 0x00000000
core   0: 0x8000a160 (0x00761663) bne     a2, t2, pc + 12
core   0: 3 0x8000a160 (0x00761663)
core   0: 0x8000a16c (0x015b7733) and     a4, s6, s5
core   0: 3 0x8000a16c (0x015b7733) x14 0x00000000
core   0: 0x8000a170 (0x01e4eeb3) or      t4, s1, t5
core   0: 3 0x8000a170 (0x01e4eeb3) x29 0x00000000
core   0: 0x8000a174 (0x012d1ab3) sll     s5, s10, s2
core   0: 3 0x8000a174 (0x012d1ab3) x21 0x00000000
core   0: 0x8000a178 (0x025469b3) rem     s3, s0, t0
core   0: 3 0x8000a178 (0x025469b3) x19 0x0000004e
core   0: 0x8000a17c (0x42ab21b7) lui     gp, 0x42ab2
core   0: 3 0x8000a17c (0x42ab21b7) x 3 0x42ab2000
core   0: 0x8000a180 (0x03ee7bb3) remu    s7, t3, t5
core   0: 3 0x8000a180 (0x03ee7bb3) x23 0x00000000
core   0: 0x8000a184 (0x41f2dd93) srai    s11, t0, 31
core   0: 3 0x8000a184 (0x41f2dd93) x27 0x00000000
core   0: 0x8000a188 (0x01a7e733) or      a4, a5, s10
core   0: 3 0x8000a188 (0x01a7e733) x14 0xfffffff8
core   0: 0x8000a18c (0x8b8e9537) lui     a0, 0x8b8e9
core   0: 3 0x8000a18c (0x8b8e9537) x10 0x8b8e9000
core   0: 0x8000a190 (0x41aa0d33) sub     s10, s4, s10
core   0: 3 0x8000a190 (0x41aa0d33) x26 0x00000001
core   0: 0x8000a194 (0x81794713) xori    a4, s2, -2025
core   0: 3 0x8000a194 (0x81794713) x14 0x7ffff817
core   0: 0x8000a198 (0x00120e33) add     t3, tp, ra
core   0: 3 0x8000a198 (0x00120e33) x28 0x00000000
core   0: 0x8000a19c (0x00cbcfb3) xor     t6, s7, a2
core   0: 3 0x8000a19c (0x00cbcfb3) x31 0x80000000
core   0: 0x8000a1a0 (0x00a3fa63) bgeu    t2, a0, pc + 20
core   0: 3 0x8000a1a0 (0x00a3fa63)
core   0: 0x8000a1a4 (0x55cf7993) andi    s3, t5, 1372
core   0: 3 0x8000a1a4 (0x55cf7993) x19 0x00000000
core   0: 0x8000a1a8 (0x030e02b3) mul     t0, t3, a6
core   0: 3 0x8000a1a8 (0x030e02b3) x 5 0x00000000
core   0: 0x8000a1ac (0x02e58b33) mul     s6, a1, a4
core   0: 3 0x8000a1ac (0x02e58b33) x22 0x00000000
core   0: 0x8000a1b0 (0x00ac03b3) add     t2, s8, a0
core   0: 3 0x8000a1b0 (0x00ac03b3) x 7 0x0b912ce4
core   0: 0x8000a1b4 (0x00465fb3) srl     t6, a2, tp
core   0: 3 0x8000a1b4 (0x00465fb3) x31 0x80000000
core   0: 0x8000a1b8 (0x0071ecb3) or      s9, gp, t2
core   0: 3 0x8000a1b8 (0x0071ecb3) x25 0x4bbb2ce4
core   0: 0x8000a1bc (0x03f27263) bgeu    tp, t6, pc + 36
core   0: 3 0x8000a1bc (0x03f27263)
core   0: 0x8000a1c0 (0x0121fb33) and     s6, gp, s2
core   0: 3 0x8000a1c0 (0x0121fb33) x22 0x00000000
core   0: 0x8000a1c4 (0x01d4eab3) or      s5, s1, t4
core   0: 3 0x8000a1c4 (0x01d4eab3) x21 0x00000000
core   0: 0x8000a1c8 (0x0127c263) blt     a5, s2, pc + 4
core   0: 3 0x8000a1c8 (0x0127c263)
core   0: 0x8000a1cc (0x018a1863) bne     s4, s8, pc + 16
core   0: 3 0x8000a1cc (0x018a1863)
core   0: 0x8000a1dc (0x0d216063) bltu    sp, s2, pc + 192
core   0: 3 0x8000a1dc (0x0d216063)
core   0: 0x8000a1e0 (0xc33faf93) slti    t6, t6, -973
core   0: 3 0x8000a1e0 (0xc33faf93) x31 0x00000001
core   0: 0x8000a1e4 (0x00014417) auipc   s0, 0x14
core   0: 3 0x8000a1e4 (0x00014417) x 8 0x8001e1e4
core   0: 0x8000a1e8 (0x66840413) addi    s0, s0, 1640
core   0: 3 0x8000a1e8 (0x66840413) x 8 0x8001e84c
core   0: 0x8000a1ec (0x75e45883) lhu     a7, 1886(s0)
core   0: 3 0x8000a1ec (0x75e45883) x17 0x000003dc mem 0x8001efaa
core   0: 0x8000a1f0 (0x00b44283) lbu     t0, 11(s0)
core   0: 3 0x8000a1f0 (0x00b44283) x 5 0x0000008f mem 0x8001e857
core   0: 0x8000a1f4 (0x03927cb3) remu    s9, tp, s9
core   0: 3 0x8000a1f4 (0x03927cb3) x25 0x00000000
core   0: 0x8000a1f8 (0x94540e83) lb      t4, -1723(s0)
core   0: 3 0x8000a1f8 (0x94540e83) x29 0x00000023 mem 0x8001e191
core   0: 0x8000a1fc (0x6c141723) sh      ra, 1742(s0)
core   0: 3 0x8000a1fc (0x6c141723) mem 0x8001ef1a 0x0000
core   0: 0x8000a200 (0x9c744983) lbu     s3, -1593(s0)
core   0: 3 0x8000a200 (0x9c744983) x19 0x000000f8 mem 0x8001e213
core   0: 0x8000a204 (0x031e7eb3) remu    t4, t3, a7
core   0: 3 0x8000a204 (0x031e7eb3) x29 0x00000000
core   0: 0x8000a208 (0x98240ea3) sb      sp, -1635(s0)
core   0: 3 0x8000a208 (0x98240ea3) mem 0x8001e1e9 0x5
core   0: 0x8000a20c (0x1ff40d83) lb      s11, 511(s0)
core   0: 3 0x8000a20c (0x1ff40d83) x27 0x00000034 mem 0x8001ea4b
core   0: 0x8000a210 (0xde245e03) lhu     t3, -542(s0)
core   0: 3 0x8000a210 (0xde245e03) x28 0x00003543 mem 0x8001e62e
core   0: 0x8000a214 (0x2b20b513) sltiu   a0, ra, 690
core   0: 3 0x8000a214 (0x2b20b513) x10 0x00000001
core   0: 0x8000a218 (0x017f1e33) sll     t3, t5, s7
core   0: 3 0x8000a218 (0x017f1e33) x28 0x00000000
core   0: 0x8000a21c (0x85640023) sb      s6, -1984(s0)
core   0: 3 0x8000a21c (0x85640023) mem 0x8001e08c 0x0
core   0: 0x8000a220 (0xc6640123) sb      t1, -926(s0)
core   0: 3 0x8000a220 (0xc6640123) mem 0x8001e4ae 0x0
core   0: 0x8000a224 (0xc9c44283) lbu     t0, -868(s0)
core   0: 3 0x8000a224 (0xc9c44283) x 5 0x00000041 mem 0x8001e4e8
core   0: 0x8000a228 (0x02ada733) mulhsu  a4, s11, a0
core   0: 3 0x8000a228 (0x02ada733) x14 0x00000000
core   0: 0x8000a22c (0xe66b7c93) andi    s9, s6, -410
core   0: 3 0x8000a22c (0xe66b7c93) x25 0x00000000
core   0: 0x8000a230 (0x019bd013) srli    zero, s7, 25
core   0: 3 0x8000a230 (0x019bd013)
core   0: 0x8000a234 (0xea044383) lbu     t2, -352(s0)
core   0: 3 0x8000a234 (0xea044383) x 7 0x000000a1 mem 0x8001e6ec
core   0: 0x8000a238 (0xbb9f7013) andi    zero, t5, -1095
core   0: 3 0x8000a238 (0xbb9f7013)
core   0: 0x8000a23c (0x87f44583) lbu     a1, -1921(s0)
core   0: 3 0x8000a23c (0x87f44583) x11 0x000000e3 mem 0x8001e0cb
core   0: 0x8000a240 (0x2f442703) lw      a4, 756(s0)
core   0: 3 0x8000a240 (0x2f442703) x14 0xa09b193b mem 0x8001eb40
core   0: 0x8000a244 (0xc2740083) lb      ra, -985(s0)
core   0: 3 0x8000a244 (0xc2740083) x 1 0xffffff82 mem 0x8001e473
core   0: 0x8000a248 (0x9f041c83) lh      s9, -1552(s0)
core   0: 3 0x8000a248 (0x9f041c83) x25 0xffffd34c mem 0x8001e23c
core   0: 0x8000a24c (0x630404a3) sb      a6, 1577(s0)
core   0: 3 0x8000a24c (0x630404a3) mem 0x8001ee75 0x4
core   0: 0x8000a250 (0x0a5c6493) ori     s1, s8, 165
core   0: 3 0x8000a250 (0x0a5c6493) x 9 0x80029ce5
core   0: 0x8000a254 (0x80f40903) lb      s2, -2033(s0)
core   0: 3 0x8000a254 (0x80f40903) x18 0xffffffb0 mem 0x8001e05b
core   0: 0x8000a258 (0xee445483) lhu     s1, -284(s0)
core   0: 3 0x8000a258 (0xee445483) x 9 0x00004eeb mem 0x8001e730
core   0: 0x8000a25c (0xf7240e03) lb      t3, -142(s0)
core   0: 3 0x8000a25c (0xf7240e03) x28 0xffffffd8 mem 0x8001e7be
core   0: 0x8000a260 (0x0313bdb3) mulhu   s11, t2, a7
core   0: 3 0x8000a260 (0x0313bdb3) x27 0x00000000
core   0: 0x8000a264 (0x022bd6b3) divu    a3, s7, sp
core   0: 3 0x8000a264 (0x022bd6b3) x13 0x00000000
core   0: 0x8000a268 (0x23e44983) lbu     s3, 574(s0)
core   0: 3 0x8000a268 (0x23e44983) x19 0x000000c1 mem 0x8001ea8a
core   0: 0x8000a26c (0x45f44e03) lbu     t3, 1119(s0)
core   0: 3 0x8000a26c (0x45f44e03) x28 0x00000043 mem 0x8001ecab
core   0: 0x8000a270 (0x1a3401a3) sb      gp, 419(s0)
core   0: 3 0x8000a270 (0x1a3401a3) mem 0x8001e9ef 0x0
core   0: 0x8000a274 (0x41760433) sub     s0, a2, s7
core   0: 3 0x8000a274 (0x41760433) x 8 0x80000000
core   0: 0x8000a278 (0x03f99263) bne     s3, t6, pc + 36
core   0: 3 0x8000a278 (0x03f99263)
core   0: 0x8000a29c (0x014e7ab3) and     s5, t3, s4
core   0: 3 0x8000a29c (0x014e7ab3) x21 0x00000001
core   0: 0x8000a2a0 (0x01061713) slli    a4, a2, 16
core   0: 3 0x8000a2a0 (0x01061713) x14 0x00000000
core   0: 0x8000a2a4 (0x01e93233) sltu    tp, s2, t5
core   0: 3 0x8000a2a4 (0x01e93233) x 4 0x00000000
core   0: 0x8000a2a8 (0x01c013b3) sll     t2, zero, t3
core   0: 3 0x8000a2a8 (0x01c013b3) x 7 0x00000000
core   0: 0x8000a2ac (0x024ea433) mulhsu  s0, t4, tp
core   0: 3 0x8000a2ac (0x024ea433) x 8 0x00000000
core   0: 0x8000a2b0 (0x4146d4b3) sra     s1, a3, s4
core   0: 3 0x8000a2b0 (0x4146d4b3) x 9 0x00000000
core   0: 0x8000a2b4 (0x01be6e63) bltu    t3, s11, pc + 28
core   0: 3 0x8000a2b4 (0x01be6e63)
core   0: 0x8000a2b8 (0x008a2433) slt     s0, s4, s0
core   0: 3 0x8000a2b8 (0x008a2433) x 8 0x00000000
core   0: 0x8000a2bc (0x01ab1413) slli    s0, s6, 26
core   0: 3 0x8000a2bc (0x01ab1413) x 8 0x00000000
core   0: 0x8000a2c0 (0x0f7d0063) beq     s10, s7, pc + 224
core   0: 3 0x8000a2c0 (0x0f7d0063)
core   0: 0x8000a2c4 (0x404384b3) sub     s1, t2, tp
core   0: 3 0x8000a2c4 (0x404384b3) x 9 0x00000000
core   0: 0x8000a2c8 (0x0130f033) and     zero, ra, s3
core   0: 3 0x8000a2c8 (0x0130f033)
core   0: 0x8000a2cc (0x01da70b3) and     ra, s4, t4
core   0: 3 0x8000a2cc (0x01da70b3) x 1 0x00000000
core   0: 0x8000a2d0 (0x015fd493) srli    s1, t6, 21
core   0: 3 0x8000a2d0 (0x015fd493) x 9 0x00000000
core   0: 0x8000a2d4 (0x00757db3) and     s11, a0, t2
core   0: 3 0x8000a2d4 (0x00757db3) x27 0x00000000
core   0: 0x8000a2d8 (0x0187fcb3) and     s9, a5, s8
core   0: 3 0x8000a2d8 (0x0187fcb3) x25 0x80029ce0
core   0: 0x8000a2dc (0x01055193) srli    gp, a0, 16
core   0: 3 0x8000a2dc (0x01055193) x 3 0x00000000
core   0: 0x8000a2e0 (0x007b40b3) xor     ra, s6, t2
core   0: 3 0x8000a2e0 (0x007b40b3) x 1 0x00000000
core   0: 0x8000a2e4 (0x03c4c433) div     s0, s1, t3
core   0: 3 0x8000a2e4 (0x03c4c433) x 8 0x00000000
core   0: 0x8000a2e8 (0x0000f117) auipc   sp, 0xf
core   0: 3 0x8000a2e8 (0x0000f117) x 2 0x800192e8
core   0: 0x8000a2ec (0x7b810113) addi    sp, sp, 1976
core   0: 3 0x8000a2ec (0x7b810113) x 2 0x80019aa0
core   0: 0x8000a2f0 (0x40f580b3) sub     ra, a1, a5
core   0: 3 0x8000a2f0 (0x40f580b3) x 1 0x000000eb
core   0: 0x8000a2f4 (0xfe9109a3) sb      s1, -13(sp)
core   0: 3 0x8000a2f4 (0xfe9109a3) mem 0x80019a93 0x0
core   0: 0x8000a2f8 (0x03b798b3) mulh    a7, a5, s11
core   0: 3 0x8000a2f8 (0x03b798b3) x17 0x00000000
core   0: 0x8000a2fc (0xfe6109a3) sb      t1, -13(sp)
core   0: 3 0x8000a2fc (0xfe6109a3) mem 0x80019a93 0x0
core   0: 0x8000a300 (0xff012983) lw      s3, -16(sp)
core   0: 3 0x8000a300 (0xff012983) x19 0x00006330 mem 0x80019a90
core   0: 0x8000a304 (0x00e15c83) lhu     s9, 14(sp)
core   0: 3 0x8000a304 (0x00e15c83) x25 0x00008655 mem 0x80019aae
core   0: 0x8000a308 (0x00314483) lbu     s1, 3(sp)
core   0: 3 0x8000a308 (0x00314483) x 9 0x00000000 mem 0x80019aa3
core   0: 0x8000a30c (0xff611a23) sh      s6, -12(sp)
core   0: 3 0x8000a30c (0xff611a23) mem 0x80019a94 0x0000
core   0: 0x8000a310 (0x01211723) sh      s2, 14(sp)
core   0: 3 0x8000a310 (0x01211723) mem 0x80019aae 0xffb0
core   0: 0x8000a314 (0x037b7e33) remu    t3, s6, s7
core   0: 3 0x8000a314 (0x037b7e33) x28 0x00000000
core   0: 0x8000a318 (0xff010a03) lb      s4, -16(sp)
core   0: 3 0x8000a318 (0xff010a03) x20 0x00000030 mem 0x80019a90
core   0: 0x8000a31c (0x030423b3) mulhsu  t2, s0, a6
core   0: 3 0x8000a31c (0x030423b3) x 7 0x00000000
core   0: 0x8000a320 (0x00ec1a33) sll     s4, s8, a4
core   0: 3 0x8000a320 (0x00ec1a33) x20 0x80029ce4
core   0: 0x8000a324 (0x011100a3) sb      a7, 1(sp)
core   0: 3 0x8000a324 (0x011100a3) mem 0x80019aa1 0x0
core   0: 0x8000a328 (0xff812d83) lw      s11, -8(sp)
core   0: 3 0x8000a328 (0xff812d83) x27 0xa57ff1ef mem 0x80019a98
core   0: 0x8000a32c (0xd61aaf13) slti    t5, s5, -671
core   0: 3 0x8000a32c (0xd61aaf13) x30 0x00000000
core   0: 0x8000a330 (0xff314c83) lbu     s9, -13(sp)
core   0: 3 0x8000a330 (0xff314c83) x25 0x00000000 mem 0x80019a93
core   0: 0x8000a334 (0x00810503) lb      a0, 8(sp)
core   0: 3 0x8000a334 (0x00810503) x10 0xffffffc5 mem 0x80019aa8
core   0: 0x8000a338 (0x00910b83) lb      s7, 9(sp)
core   0: 3 0x8000a338 (0x00910b83) x23 0xffffff93 mem 0x80019aa9
core   0: 0x8000a33c (0x02519e33) mulh    t3, gp, t0
core   0: 3 0x8000a33c (0x02519e33) x28 0x00000000
core   0: 0x8000a340 (0x00b60ab3) add     s5, a2, a1
core   0: 3 0x8000a340 (0x00b60ab3) x21 0x800000e3
core   0: 0x8000a344 (0x01c10323) sb      t3, 6(sp)
core   0: 3 0x8000a344 (0x01c10323) mem 0x80019aa6 0x0
core   0: 0x8000a348 (0x41a680b3) sub     ra, a3, s10
core   0: 3 0x8000a348 (0x41a680b3) x 1 0xffffffff
core   0: 0x8000a34c (0xffe10f23) sb      t5, -2(sp)
core   0: 3 0x8000a34c (0xffe10f23) mem 0x80019a9e 0x0
core   0: 0x8000a350 (0xff910da3) sb      s9, -5(sp)
core   0: 3 0x8000a350 (0xff910da3) mem 0x80019a9b 0x0
core   0: 0x8000a354 (0x9f268093) addi    ra, a3, -1550
core   0: 3 0x8000a354 (0x9f268093) x 1 0xfffff9f2
core   0: 0x8000a358 (0xff310283) lb      t0, -13(sp)
core   0: 3 0x8000a358 (0xff310283) x 5 0x00000000 mem 0x80019a93
core   0: 0x8000a35c (0x01312623) sw      s3, 12(sp)
core   0: 3 0x8000a35c (0x01312623) mem 0x80019aac 0x00006330
core   0: 0x8000a360 (0xffd11d23) sh      t4, -6(sp)
core   0: 3 0x8000a360 (0xffd11d23) mem 0x80019a9a 0x0000
core   0: 0x8000a364 (0x028ae4b3) rem     s1, s5, s0
core   0: 3 0x8000a364 (0x028ae4b3) x 9 0x800000e3
core   0: 0x8000a368 (0x019107a3) sb      s9, 15(sp)
core   0: 3 0x8000a368 (0x019107a3) mem 0x80019aaf 0x0
core   0: 0x8000a36c (0x01011523) sh      a6, 10(sp)
core   0: 3 0x8000a36c (0x01011523) mem 0x80019aaa 0x5e04
core   0: 0x8000a370 (0xff611923) sh      s6, -14(sp)
core   0: 3 0x8000a370 (0xff611923) mem 0x80019a92 0x0000
core   0: 0x8000a374 (0xfea12a23) sw      a0, -12(sp)
core   0: 3 0x8000a374 (0xfea12a23) mem 0x80019a94 0xffffffc5
core   0: 0x8000a378 (0x01112023) sw      a7, 0(sp)
core   0: 3 0x8000a378 (0x01112023) mem 0x80019aa0 0x00000000
core   0: 0x8000a37c (0x18736a17) auipc   s4, 0x18736
core   0: 3 0x8000a37c (0x18736a17) x20 0x9874037c
core   0: 0x8000a380 (0x015102a3) sb      s5, 5(sp)
core   0: 3 0x8000a380 (0x015102a3) mem 0x80019aa5 0xe3
core   0: 0x8000a384 (0xff510683) lb      a3, -11(sp)
core   0: 3 0x8000a384 (0xff510683) x13 0xffffffff mem 0x80019a95
core   0: 0x8000a388 (0x00b14183) lbu     gp, 11(sp)
core   0: 3 0x8000a388 (0x00b14183) x 3 0x0000005e mem 0x80019aab
core   0: 0x8000a38c (0x025bd733) divu    a4, s7, t0
core   0: 3 0x8000a38c (0x025bd733) x14 0xffffffff
core   0: 0x8000a390 (0x01349bb3) sll     s7, s1, s3
core   0: 3 0x8000a390 (0x01349bb3) x23 0x00e30000
core   0: 0x8000a394 (0x02b594b3) mulh    s1, a1, a1
core   0: 3 0x8000a394 (0x02b594b3) x 9 0x00000000
core   0: 0x8000a398 (0x01edb6b3) sltu    a3, s11, t5
core   0: 3 0x8000a398 (0x01edb6b3) x13 0x00000000
core   0: 0x8000a39c (0x504c6313) ori     t1, s8, 1284
core   0: 3 0x8000a39c (0x504c6313) x 6 0x80029de4
core   0: 0x8000a3a0 (0x44f68093) addi    ra, a3, 1103
core   0: 3 0x8000a3a0 (0x44f68093) x 1 0x0000044f
core   0: 0x8000a3a4 (0x403edeb3) sra     t4, t4, gp
core   0: 3 0x8000a3a4 (0x403edeb3) x29 0x00000000
core   0: 0x8000a3a8 (0x01c6bbb3) sltu    s7, a3, t3
core   0: 3 0x8000a3a8 (0x01c6bbb3) x23 0x00000000
core   0: 0x8000a3ac (0x038d31b3) mulhu   gp, s10, s8
core   0: 3 0x8000a3ac (0x038d31b3) x 3 0x00000000
core   0: 0x8000a3b0 (0x403cda33) sra     s4, s9, gp
core   0: 3 0x8000a3b0 (0x403cda33) x20 0x00000000
core   0: 0x8000a3b4 (0x01fb8133) add     sp, s7, t6
core   0: 3 0x8000a3b4 (0x01fb8133) x 2 0x00000001
core   0: 0x8000a3b8 (0x6a51f3b7) lui     t2, 0x6a51f
core   0: 3 0x8000a3b8 (0x6a51f3b7) x 7 0x6a51f000
core   0: 0x8000a3bc (0x0167e263) bltu    a5, s6, pc + 4
core   0: 3 0x8000a3bc (0x0167e263)
core   0: 0x8000a3c0 (0x03b94913) xori    s2, s2, 59
core   0: 3 0x8000a3c0 (0x03b94913) x18 0xffffff8b
core   0: 0x8000a3c4 (0x034d63b3) rem     t2, s10, s4
core   0: 3 0x8000a3c4 (0x034d63b3) x 7 0x00000001
core   0: 0x8000a3c8 (0x018511b3) sll     gp, a0, s8
core   0: 3 0x8000a3c8 (0x018511b3) x 3 0xfffffc50
core   0: 0x8000a3cc (0x03c81263) bne     a6, t3, pc + 36
core   0: 3 0x8000a3cc (0x03c81263)
core   0: 0x8000a3f0 (0x01865593) srli    a1, a2, 24
core   0: 3 0x8000a3f0 (0x01865593) x11 0x00000080
core   0: 0x8000a3f4 (0x28b1c493) xori    s1, gp, 651
core   0: 3 0x8000a3f4 (0x28b1c493) x 9 0xfffffedb
core   0: 0x8000a3f8 (0x0133e6b3) or      a3, t2, s3
core   0: 3 0x8000a3f8 (0x0133e6b3) x13 0x00006331
core   0: 0x8000a3fc (0xefbf8797) auipc   a5, 0xefbf8
core   0: 3 0x8000a3fc (0xefbf8797) x15 0x6fc023fc
core   0: 0x8000a400 (0x0106b3b3) sltu    t2, a3, a6
core   0: 3 0x8000a400 (0x0106b3b3) x 7 0x00000001
core   0: 0x8000a404 (0x02d78a63) beq     a5, a3, pc + 52
core   0: 3 0x8000a404 (0x02d78a63)
core   0: 0x8000a408 (0x000149b3) xor     s3, sp, zero
core   0: 3 0x8000a408 (0x000149b3) x19 0x00000001
core   0: 0x8000a40c (0xdfb80c93) addi    s9, a6, -517
core   0: 3 0x8000a40c (0xdfb80c93) x25 0x80025bff
core   0: 0x8000a410 (0x05591463) bne     s2, s5, pc + 72
core   0: 3 0x8000a410 (0x05591463)
core   0: 0x8000a458 (0x02352ab3) mulhsu  s5, a0, gp
core   0: 3 0x8000a458 (0x02352ab3) x21 0xffffffc5
core   0: 0x8000a45c (0x0173c3b3) xor     t2, t2, s7
core   0: 3 0x8000a45c (0x0173c3b3) x 7 0x00000001
core   0: 0x8000a460 (0xd72d4713) xori    a4, s10, -654
core   0: 3 0x8000a460 (0xd72d4713) x14 0xfffffd73
core   0: 0x8000a464 (0x006b1433) sll     s0, s6, t1
core   0: 3 0x8000a464 (0x006b1433) x 8 0x00000000
core   0: 0x8000a468 (0x52baf213) andi    tp, s5, 1323
core   0: 3 0x8000a468 (0x52baf213) x 4 0x00000501
core   0: 0x8000a46c (0x11a14063) blt     sp, s10, pc + 256
core   0: 3 0x8000a46c (0x11a14063)
core   0: 0x8000a470 (0x034c0933) mul     s2, s8, s4
core   0: 3 0x8000a470 (0x034c0933) x18 0x00000000
core   0: 0x8000a474 (0x021318b3) mulh    a7, t1, ra
core   0: 3 0x8000a474 (0x021318b3) x17 0xfffffdd8
core   0: 0x8000a478 (0x00000013) nop
core   0: 3 0x8000a478 (0x00000013)
core   0: 0x8000a47c (0x4fd4e093) ori     ra, s1, 1277
core   0: 3 0x8000a47c (0x4fd4e093) x 1 0xfffffeff
core   0: 0x8000a480 (0x0a2e4e63) blt     t3, sp, pc + 188
core   0: 3 0x8000a480 (0x0a2e4e63)
core   0: 0x8000a53c (0x02fe4db3) div     s11, t3, a5
core   0: 3 0x8000a53c (0x02fe4db3) x27 0x00000000
core   0: 0x8000a540 (0x35ddae93) slti    t4, s11, 861
core   0: 3 0x8000a540 (0x35ddae93) x29 0x00000001
core   0: 0x8000a544 (0x034691b3) mulh    gp, a3, s4
core   0: 3 0x8000a544 (0x034691b3) x 3 0x00000000
core   0: 0x8000a548 (0x03d2fbb3) remu    s7, t0, t4
core   0: 3 0x8000a548 (0x03d2fbb3) x23 0x00000000
core   0: 0x8000a54c (0x030402b3) mul     t0, s0, a6
core   0: 3 0x8000a54c (0x030402b3) x 5 0x00000000
core   0: 0x8000a550 (0x80c23193) sltiu   gp, tp, -2036
core   0: 3 0x8000a550 (0x80c23193) x 3 0x00000001
core   0: 0x8000a554 (0x74b43993) sltiu   s3, s0, 1867
core   0: 3 0x8000a554 (0x74b43993) x19 0x00000001
core   0: 0x8000a558 (0x006d4463) blt     s10, t1, pc + 8
core   0: 3 0x8000a558 (0x006d4463)
core   0: 0x8000a55c (0x4af04993) xori    s3, zero, 1199
core   0: 3 0x8000a55c (0x4af04993) x19 0x000004af
core   0: 0x8000a560 (0x01269213) slli    tp, a3, 18
core   0: 3 0x8000a560 (0x01269213) x 4 0x8cc40000
core   0: 0x8000a564 (0x41d551b3) sra     gp, a0, t4
core   0: 3 0x8000a564 (0x41d551b3) x 3 0xffffffe2
core   0: 0x8000a568 (0x00000013) nop
core   0: 3 0x8000a568 (0x00000013)
core   0: 0x8000a56c (0x024f9733) mulh    a4, t6, tp
core   0: 3 0x8000a56c (0x024f9733) x14 0xffffffff
core   0: 0x8000a570 (0x019edab3) srl     s5, t4, s9
core   0: 3 0x8000a570 (0x019edab3) x21 0x00000000
core   0: 0x8000a574 (0x6ef6c717) auipc   a4, 0x6ef6c
core   0: 3 0x8000a574 (0x6ef6c717) x14 0xeef76574
core   0: 0x8000a578 (0x900eb6b7) lui     a3, 0x900eb
core   0: 3 0x8000a578 (0x900eb6b7) x13 0x900eb000
core   0: 0x8000a57c (0x00000013) nop
core   0: 3 0x8000a57c (0x00000013)
core   0: 0x8000a580 (0x402ed893) srai    a7, t4, 2
core   0: 3 0x8000a580 (0x402ed893) x17 0x00000000
core   0: 0x8000a584 (0xe63f7f17) auipc   t5, 0xe63f7
core   0: 3 0x8000a584 (0xe63f7f17) x30 0x66401584
core   0: 0x8000a588 (0xa462a513) slti    a0, t0, -1466
core   0: 3 0x8000a588 (0xa462a513) x10 0x00000000
core   0: 0x8000a58c (0x016d8863) beq     s11, s6, pc + 16
core   0: 3 0x8000a58c (0x016d8863)
core   0: 0x8000a59c (0x24e66713) ori     a4, a2, 590
core   0: 3 0x8000a59c (0x24e66713) x14 0x8000024e
core   0: 0x8000a5a0 (0x00691463) bne     s2, t1, pc + 8
core   0: 3 0x8000a5a0 (0x00691463)
core   0: 0x8000a5a8 (0x03329033) mulh    zero, t0, s3
core   0: 3 0x8000a5a8 (0x03329033)
core   0: 0x8000a5ac (0x053f7263) bgeu    t5, s3, pc + 68
core   0: 3 0x8000a5ac (0x053f7263)
core   0: 0x8000a5f0 (0xc650ca93) xori    s5, ra, -923
core   0: 3 0x8000a5f0 (0xc650ca93) x21 0x0000029a
core   0: 0x8000a5f4 (0x029b7233) remu    tp, s6, s1
core   0: 3 0x8000a5f4 (0x029b7233) x 4 0x00000000
core   0: 0x8000a5f8 (0x00399bb3) sll     s7, s3, gp
core   0: 3 0x8000a5f8 (0x00399bb3) x23 0x000012bc
core   0: 0x8000a5fc (0x02cb1263) bne     s6, a2, pc + 36
core   0: 3 0x8000a5fc (0x02cb1263)
core   0: 0x8000a620 (0x004c9263) bne     s9, tp, pc + 4
core   0: 3 0x8000a620 (0x004c9263)
core   0: 0x8000a624 (0x0125c233) xor     tp, a1, s2
core   0: 3 0x8000a624 (0x0125c233) x 4 0x00000080
core   0: 0x8000a628 (0x1d9c8a93) addi    s5, s9, 473
core   0: 3 0x8000a628 (0x1d9c8a93) x21 0x80025dd8
core   0: 0x8000a62c (0x009b0663) beq     s6, s1, pc + 12
core   0: 3 0x8000a62c (0x009b0663)
core   0: 0x8000a630 (0x038af263) bgeu    s5, s8, pc + 36
core   0: 3 0x8000a630 (0x038af263)
core   0: 0x8000a634 (0x03254063) blt     a0, s2, pc + 32
core   0: 3 0x8000a634 (0x03254063)
core   0: 0x8000a638 (0x419f5793) srai    a5, t5, 25
core   0: 3 0x8000a638 (0x419f5793) x15 0x00000033
core   0: 0x8000a63c (0x01635033) srl     zero, t1, s6
core   0: 3 0x8000a63c (0x01635033)
core   0: 0x8000a640 (0x002a1793) slli    a5, s4, 2
core   0: 3 0x8000a640 (0x002a1793) x15 0x00000000
core   0: 0x8000a644 (0x01e14a33) xor     s4, sp, t5
core   0: 3 0x8000a644 (0x01e14a33) x20 0x66401585
core   0: 0x8000a648 (0x0374a8b3) mulhsu  a7, s1, s7
core   0: 3 0x8000a648 (0x0374a8b3) x17 0xffffffff
core   0: 0x8000a64c (0x03988c63) beq     a7, s9, pc + 56
core   0: 3 0x8000a64c (0x03988c63)
core   0: 0x8000a650 (0x00ce0fb3) add     t6, t3, a2
core   0: 3 0x8000a650 (0x00ce0fb3) x31 0x80000000
core   0: 0x8000a654 (0x00000013) nop
core   0: 3 0x8000a654 (0x00000013)
core   0: 0x8000a658 (0x03c1aab3) mulhsu  s5, gp, t3
core   0: 3 0x8000a658 (0x03c1aab3) x21 0x00000000
core   0: 0x8000a65c (0x02b4d6b3) divu    a3, s1, a1
core   0: 3 0x8000a65c (0x02b4d6b3) x13 0x01fffffd
core   0: 0x8000a660 (0x41c9d593) srai    a1, s3, 28
core   0: 3 0x8000a660 (0x41c9d593) x11 0x00000000
core   0: 0x8000a664 (0x6d23cf17) auipc   t5, 0x6d23c
core   0: 3 0x8000a664 (0x6d23cf17) x30 0xed246664
core   0: 0x8000a668 (0x01751463) bne     a0, s7, pc + 8
core   0: 3 0x8000a668 (0x01751463)
core   0: 0x8000a670 (0x45fc4f37) lui     t5, 0x45fc4
core   0: 3 0x8000a670 (0x45fc4f37) x30 0x45fc4000
core   0: 0x8000a674 (0x03ea03b3) mul     t2, s4, t5
core   0: 3 0x8000a674 (0x03ea03b3) x 7 0x0d4d4000
core   0: 0x8000a678 (0x40138933) sub     s2, t2, ra
core   0: 3 0x8000a678 (0x40138933) x18 0x0d4d4101
core   0: 0x8000a67c (0x00dd3133) sltu    sp, s10, a3
core   0: 3 0x8000a67c (0x00dd3133) x 2 0x00000001
core   0: 0x8000a680 (0x03c93ab3) mulhu   s5, s2, t3
core   0: 3 0x8000a680 (0x03c93ab3) x21 0x00000000
core   0: 0x8000a684 (0x031fccb3) div     s9, t6, a7
core   0: 3 0x8000a684 (0x031fccb3) x25 0x80000000
core   0: 0x8000a688 (0x02524033) div     zero, tp, t0
core   0: 3 0x8000a688 (0x02524033)
core   0: 0x8000a68c (0x40770ab3) sub     s5, a4, t2
core   0: 3 0x8000a68c (0x40770ab3) x21 0x72b2c24e
core   0: 0x8000a690 (0x01cbad33) slt     s10, s7, t3
core   0: 3 0x8000a690 (0x01cbad33) x26 0x00000000
core   0: 0x8000a694 (0x028a2733) mulhsu  a4, s4, s0
core   0: 3 0x8000a694 (0x028a2733) x14 0x00000000
core   0: 0x8000a698 (0x50cc4793) xori    a5, s8, 1292
core   0: 3 0x8000a698 (0x50cc4793) x15 0x800299e8
core   0: 0x8000a69c (0x01368ab3) add     s5, a3, s3
core   0: 3 0x8000a69c (0x01368ab3) x21 0x020004ac
core   0: 0x8000a6a0 (0x2356ff97) auipc   t6, 0x2356f
core   0: 3 0x8000a6a0 (0x2356ff97) x31 0xa35796a0
core   0: 0x8000a6a4 (0x03f8b033) mulhu   zero, a7, t6
core   0: 3 0x8000a6a4 (0x03f8b033)
core   0: 0x8000a6a8 (0x03bfb7b3) mulhu   a5, t6, s11
core   0: 3 0x8000a6a8 (0x03bfb7b3) x15 0x00000000
core   0: 0x8000a6ac (0xfe733493) sltiu   s1, t1, -25
core   0: 3 0x8000a6ac (0xfe733493) x 9 0x00000001
core   0: 0x8000a6b0 (0x03cdf3b3) remu    t2, s11, t3
core   0: 3 0x8000a6b0 (0x03cdf3b3) x 7 0x00000000
core   0: 0x8000a6b4 (0x026be1b3) rem     gp, s7, t1
core   0: 3 0x8000a6b4 (0x026be1b3) x 3 0x000012bc
core   0: 0x8000a6b8 (0x41698333) sub     t1, s3, s6
core   0: 3 0x8000a6b8 (0x41698333) x 6 0x000004af
core   0: 0x8000a6bc (0x01e894b3) sll     s1, a7, t5
core   0: 3 0x8000a6bc (0x01e894b3) x 9 0xffffffff
core   0: 0x8000a6c0 (0x0256ceb3) div     t4, a3, t0
core   0: 3 0x8000a6c0 (0x0256ceb3) x29 0xffffffff
core   0: 0x8000a6c4 (0x40975db3) sra     s11, a4, s1
core   0: 3 0x8000a6c4 (0x40975db3) x27 0x00000000
core   0: 0x8000a6c8 (0x01a52ab3) slt     s5, a0, s10
core   0: 3 0x8000a6c8 (0x01a52ab3) x21 0x00000000
core   0: 0x8000a6cc (0x017be133) or      sp, s7, s7
core   0: 3 0x8000a6cc (0x017be133) x 2 0x000012bc
core   0: 0x8000a6d0 (0x03939133) mulh    sp, t2, s9
core   0: 3 0x8000a6d0 (0x03939133) x 2 0x00000000
core   0: 0x8000a6d4 (0x01c31713) slli    a4, t1, 28
core   0: 3 0x8000a6d4 (0x01c31713) x14 0xf0000000
core   0: 0x8000a6d8 (0x012a83b3) add     t2, s5, s2
core   0: 3 0x8000a6d8 (0x012a83b3) x 7 0x0d4d4101
core   0: 0x8000a6dc (0x04210463) beq     sp, sp, pc + 72
core   0: 3 0x8000a6dc (0x04210463)
core   0: 0x8000a724 (0x03f3d663) bge     t2, t6, pc + 44
core   0: 3 0x8000a724 (0x03f3d663)
core   0: 0x8000a750 (0x02217433) remu    s0, sp, sp
core   0: 3 0x8000a750 (0x02217433) x 8 0x00000000
core   0: 0x8000a754 (0x586c2113) slti    sp, s8, 1414
core   0: 3 0x8000a754 (0x586c2113) x 2 0x00000001
core   0: 0x8000a758 (0x017121b3) slt     gp, sp, s7
core   0: 3 0x8000a758 (0x017121b3) x 3 0x00000001
core   0: 0x8000a75c (0x02e93233) mulhu   tp, s2, a4
core   0: 3 0x8000a75c (0x02e93233) x 4 0x0c786cf0
core   0: 0x8000a760 (0x01eb5d13) srli    s10, s6, 30
core   0: 3 0x8000a760 (0x01eb5d13) x26 0x00000000
core   0: 0x8000a764 (0x016a50b3) srl     ra, s4, s6
core   0: 3 0x8000a764 (0x016a50b3) x 1 0x66401585
core   0: 0x8000a768 (0xeb8eb793) sltiu   a5, t4, -328
core   0: 3 0x8000a768 (0xeb8eb793) x15 0x00000000
core   0: 0x8000a76c (0x84d23013) sltiu   zero, tp, -1971
core   0: 3 0x8000a76c (0x84d23013)
core   0: 0x8000a770 (0x01baee63) bltu    s5, s11, pc + 28
core   0: 3 0x8000a770 (0x01baee63)
core   0: 0x8000a774 (0x012a5193) srli    gp, s4, 18
core   0: 3 0x8000a774 (0x012a5193) x 3 0x00001990
core   0: 0x8000a778 (0x00e4e733) or      a4, s1, a4
core   0: 3 0x8000a778 (0x00e4e733) x14 0xffffffff
core   0: 0x8000a77c (0x02067463) bgeu    a2, zero, pc + 40
core   0: 3 0x8000a77c (0x02067463)
core   0: 0x8000a7a4 (0x026ffeb3) remu    t4, t6, t1
core   0: 3 0x8000a7a4 (0x026ffeb3) x29 0x00000189
core   0: 0x8000a7a8 (0x01e4a6b3) slt     a3, s1, t5
core   0: 3 0x8000a7a8 (0x01e4a6b3) x13 0x00000001
core   0: 0x8000a7ac (0x03e96463) bltu    s2, t5, pc + 40
core   0: 3 0x8000a7ac (0x03e96463)
core   0: 0x8000a7d4 (0x027f4e33) div     t3, t5, t2
core   0: 3 0x8000a7d4 (0x027f4e33) x28 0x00000005
core   0: 0x8000a7d8 (0x199156b7) lui     a3, 0x19915
core   0: 3 0x8000a7d8 (0x199156b7) x13 0x19915000
core   0: 0x8000a7dc (0x03cf0663) beq     t5, t3, pc + 44
core   0: 3 0x8000a7dc (0x03cf0663)
core   0: 0x8000a7e0 (0x01e241b3) xor     gp, tp, t5
core   0: 3 0x8000a7e0 (0x01e241b3) x 3 0x49842cf0
core   0: 0x8000a7e4 (0x01ac1493) slli    s1, s8, 26
core   0: 3 0x8000a7e4 (0x01ac1493) x 9 0x90000000
core   0: 0x8000a7e8 (0x001629b3) slt     s3, a2, ra
core   0: 3 0x8000a7e8 (0x001629b3) x19 0x00000001
core   0: 0x8000a7ec (0x035801b3) mul     gp, a6, s5
core   0: 3 0x8000a7ec (0x035801b3) x 3 0x00000000
core   0: 0x8000a7f0 (0x00128fb3) add     t6, t0, ra
core   0: 3 0x8000a7f0 (0x00128fb3) x31 0x66401585
core   0: 0x8000a7f4 (0x03db89b3) mul     s3, s7, t4
core   0: 3 0x8000a7f4 (0x03db89b3) x19 0x001cc29c
core   0: 0x8000a7f8 (0x01566a63) bltu    a2, s5, pc + 20
core   0: 3 0x8000a7f8 (0x01566a63)
core   0: 0x8000a7fc (0x00687233) and     tp, a6, t1
core   0: 3 0x8000a7fc (0x00687233) x 4 0x00000404
core   0: 0x8000a800 (0x03b5c263) blt     a1, s11, pc + 36
core   0: 3 0x8000a800 (0x03b5c263)
core   0: 0x8000a804 (0x982fc497) auipc   s1, 0x982fc
core   0: 3 0x8000a804 (0x982fc497) x 9 0x18306804
core   0: 0x8000a808 (0x00301863) bne     zero, gp, pc + 16
core   0: 3 0x8000a808 (0x00301863)
core   0: 0x8000a80c (0x2043dbb7) lui     s7, 0x2043d
core   0: 3 0x8000a80c (0x2043dbb7) x23 0x2043d000
core   0: 0x8000a810 (0x00737533) and     a0, t1, t2
core   0: 3 0x8000a810 (0x00737533) x10 0x00000001
core   0: 0x8000a814 (0x01199663) bne     s3, a7, pc + 12
core   0: 3 0x8000a814 (0x01199663)
core   0: 0x8000a820 (0x01de9e13) slli    t3, t4, 29
core   0: 3 0x8000a820 (0x01de9e13) x28 0x20000000
core   0: 0x8000a824 (0x00000013) nop
core   0: 3 0x8000a824 (0x00000013)
core   0: 0x8000a828 (0x0103c463) blt     t2, a6, pc + 8
core   0: 3 0x8000a828 (0x0103c463)
core   0: 0x8000a82c (0x01d76533) or      a0, a4, t4
core   0: 3 0x8000a82c (0x01d76533) x10 0xffffffff
core   0: 0x8000a830 (0x0245e433) rem     s0, a1, tp
core   0: 3 0x8000a830 (0x0245e433) x 8 0x00000000
core   0: 0x8000a834 (0x03257433) remu    s0, a0, s2
core   0: 3 0x8000a834 (0x03257433) x 8 0x03442cec
core   0: 0x8000a838 (0x2b97c437) lui     s0, 0x2b97c
core   0: 3 0x8000a838 (0x2b97c437) x 8 0x2b97c000
core   0: 0x8000a83c (0x013dc463) blt     s11, s3, pc + 8
core   0: 3 0x8000a83c (0x013dc463)
core   0: 0x8000a844 (0x00b55733) srl     a4, a0, a1
core   0: 3 0x8000a844 (0x00b55733) x14 0xffffffff
core   0: 0x8000a848 (0x011a9f33) sll     t5, s5, a7
core   0: 3 0x8000a848 (0x011a9f33) x30 0x00000000
core   0: 0x8000a84c (0x0138ccb3) xor     s9, a7, s3
core   0: 3 0x8000a84c (0x0138ccb3) x25 0xffe33d63
core   0: 0x8000a850 (0x011c8a63) beq     s9, a7, pc + 20
core   0: 3 0x8000a850 (0x011c8a63)
core   0: 0x8000a854 (0x03ff76b3) remu    a3, t5, t6
core   0: 3 0x8000a854 (0x03ff76b3) x13 0x00000000
core   0: 0x8000a858 (0x41b75993) srai    s3, a4, 27
core   0: 3 0x8000a858 (0x41b75993) x19 0xffffffff
core   0: 0x8000a85c (0x01c2de33) srl     t3, t0, t3
core   0: 3 0x8000a85c (0x01c2de33) x28 0x00000000
core   0: 0x8000a860 (0x1866a437) lui     s0, 0x1866a
core   0: 3 0x8000a860 (0x1866a437) x 8 0x1866a000
core   0: 0x8000a864 (0x026cc033) div     zero, s9, t1
core   0: 3 0x8000a864 (0x026cc033)
core   0: 0x8000a868 (0xe0e9e713) ori     a4, s3, -498
core   0: 3 0x8000a868 (0xe0e9e713) x14 0xffffffff
core   0: 0x8000a86c (0x5147a293) slti    t0, a5, 1300
core   0: 3 0x8000a86c (0x5147a293) x 5 0x00000001
core   0: 0x8000a870 (0x0316e263) bltu    a3, a7, pc + 36
core   0: 3 0x8000a870 (0x0316e263)
core   0: 0x8000a894 (0x03134e63) blt     t1, a7, pc + 60
core   0: 3 0x8000a894 (0x03134e63)
core   0: 0x8000a898 (0x245b2193) slti    gp, s6, 581
core   0: 3 0x8000a898 (0x245b2193) x 3 0x00000001
core   0: 0x8000a89c (0x0b68a413) slti    s0, a7, 182
core   0: 3 0x8000a89c (0x0b68a413) x 8 0x00000001
core   0: 0x8000a8a0 (0x40828cb3) sub     s9, t0, s0
core   0: 3 0x8000a8a0 (0x40828cb3) x25 0x00000000
core   0: 0x8000a8a4 (0x031e6263) bltu    t3, a7, pc + 36
core   0: 3 0x8000a8a4 (0x031e6263)
core   0: 0x8000a8c8 (0x01afd113) srli    sp, t6, 26
core   0: 3 0x8000a8c8 (0x01afd113) x 2 0x00000019
core   0: 0x8000a8cc (0x4a211ab7) lui     s5, 0x4a211
core   0: 3 0x8000a8cc (0x4a211ab7) x21 0x4a211000
core   0: 0x8000a8d0 (0x29ab3297) auipc   t0, 0x29ab3
core   0: 3 0x8000a8d0 (0x29ab3297) x 5 0xa9abd8d0
core   0: 0x8000a8d4 (0x446f2013) slti    zero, t5, 1094
core   0: 3 0x8000a8d4 (0x446f2013)
core   0: 0x8000a8d8 (0x0055f733) and     a4, a1, t0
core   0: 3 0x8000a8d8 (0x0055f733) x14 0x00000000
core   0: 0x8000a8dc (0x014eadb3) slt     s11, t4, s4
core   0: 3 0x8000a8dc (0x014eadb3) x27 0x00000001
core   0: 0x8000a8e0 (0x0337dd33) divu    s10, a5, s3
core   0: 3 0x8000a8e0 (0x0337dd33) x26 0x00000000
core   0: 0x8000a8e4 (0x566671b7) lui     gp, 0x56667
core   0: 3 0x8000a8e4 (0x566671b7) x 3 0x56667000
core   0: 0x8000a8e8 (0xb9a14493) xori    s1, sp, -1126
core   0: 3 0x8000a8e8 (0xb9a14493) x 9 0xfffffb83
core   0: 0x8000a8ec (0x014b3b33) sltu    s6, s6, s4
core   0: 3 0x8000a8ec (0x014b3b33) x22 0x00000001
core   0: 0x8000a8f0 (0xe267a917) auipc   s2, 0xe267a
core   0: 3 0x8000a8f0 (0xe267a917) x18 0x626848f0
core   0: 0x8000a8f4 (0x029b55b3) divu    a1, s6, s1
core   0: 3 0x8000a8f4 (0x029b55b3) x11 0x00000000
core   0: 0x8000a8f8 (0x03b73ab3) mulhu   s5, a4, s11
core   0: 3 0x8000a8f8 (0x03b73ab3) x21 0x00000000
core   0: 0x8000a8fc (0xd4968d93) addi    s11, a3, -695
core   0: 3 0x8000a8fc (0xd4968d93) x27 0xfffffd49
core   0: 0x8000a900 (0x014ca4b3) slt     s1, s9, s4
core   0: 3 0x8000a900 (0x014ca4b3) x 9 0x00000001
core   0: 0x8000a904 (0x03c78a63) beq     a5, t3, pc + 52
core   0: 3 0x8000a904 (0x03c78a63)
core   0: 0x8000a938 (0x0100e933) or      s2, ra, a6
core   0: 3 0x8000a938 (0x0100e933) x18 0xe6425f85
core   0: 0x8000a93c (0x008d1233) sll     tp, s10, s0
core   0: 3 0x8000a93c (0x008d1233) x 4 0x00000000
core   0: 0x8000a940 (0x41e55233) sra     tp, a0, t5
core   0: 3 0x8000a940 (0x41e55233) x 4 0xffffffff
core   0: 0x8000a944 (0xcbaca313) slti    t1, s9, -838
core   0: 3 0x8000a944 (0xcbaca313) x 6 0x00000000
core   0: 0x8000a948 (0x0074fe33) and     t3, s1, t2
core   0: 3 0x8000a948 (0x0074fe33) x28 0x00000001
core   0: 0x8000a94c (0x01780433) add     s0, a6, s7
core   0: 3 0x8000a94c (0x01780433) x 8 0xa0462e04
core   0: 0x8000a950 (0x406b5193) srai    gp, s6, 6
core   0: 3 0x8000a950 (0x406b5193) x 3 0x00000000
core   0: 0x8000a954 (0x01831eb3) sll     t4, t1, s8
core   0: 3 0x8000a954 (0x01831eb3) x29 0x00000000
core   0: 0x8000a958 (0x012a4663) blt     s4, s2, pc + 12
core   0: 3 0x8000a958 (0x012a4663)
core   0: 0x8000a95c (0x01b74a63) blt     a4, s11, pc + 20
core   0: 3 0x8000a95c (0x01b74a63)
core   0: 0x8000a960 (0x03ad61b3) rem     gp, s10, s10
core   0: 3 0x8000a960 (0x03ad61b3) x 3 0x00000000
core   0: 0x8000a964 (0x0256d933) divu    s2, a3, t0
core   0: 3 0x8000a964 (0x0256d933) x18 0x00000000
core   0: 0x8000a968 (0xad6aba93) sltiu   s5, s5, -1322
core   0: 3 0x8000a968 (0xad6aba93) x21 0x00000001
core   0: 0x8000a96c (0x40660d33) sub     s10, a2, t1
core   0: 3 0x8000a96c (0x40660d33) x26 0x80000000
core   0: 0x8000a970 (0x03926d33) rem     s10, tp, s9
core   0: 3 0x8000a970 (0x03926d33) x26 0xffffffff
core   0: 0x8000a974 (0x02d74463) blt     a4, a3, pc + 40
core   0: 3 0x8000a974 (0x02d74463)
core   0: 0x8000a978 (0x0184d413) srli    s0, s1, 24
core   0: 3 0x8000a978 (0x0184d413) x 8 0x00000000
core   0: 0x8000a97c (0x03d8c5b3) div     a1, a7, t4
core   0: 3 0x8000a97c (0x03d8c5b3) x11 0xffffffff
core   0: 0x8000a980 (0xaffe7493) andi    s1, t3, -1281
core   0: 3 0x8000a980 (0xaffe7493) x 9 0x00000001
core   0: 0x8000a984 (0x9e734013) xori    zero, t1, -1561
core   0: 3 0x8000a984 (0x9e734013)
core   0: 0x8000a988 (0xecde4d13) xori    s10, t3, -307
core   0: 3 0x8000a988 (0xecde4d13) x26 0xfffffecc
core   0: 0x8000a98c (0x017c9263) bne     s9, s7, pc + 4
core   0: 3 0x8000a98c (0x017c9263)
core   0: 0x8000a990 (0x0327d663) bge     a5, s2, pc + 44
core   0: 3 0x8000a990 (0x0327d663)
core   0: 0x8000a9bc (0x0081bfb3) sltu    t6, gp, s0
core   0: 3 0x8000a9bc (0x0081bfb3) x31 0x00000000
core   0: 0x8000a9c0 (0x2998c537) lui     a0, 0x2998c
core   0: 3 0x8000a9c0 (0x2998c537) x10 0x2998c000
core   0: 0x8000a9c4 (0x01c61693) slli    a3, a2, 28
core   0: 3 0x8000a9c4 (0x01c61693) x13 0x00000000
core   0: 0x8000a9c8 (0x002f13b3) sll     t2, t5, sp
core   0: 3 0x8000a9c8 (0x002f13b3) x 7 0x00000000
core   0: 0x8000a9cc (0x0344ce33) div     t3, s1, s4
core   0: 3 0x8000a9cc (0x0344ce33) x28 0x00000000
core   0: 0x8000a9d0 (0x004f9e63) bne     t6, tp, pc + 28
core   0: 3 0x8000a9d0 (0x004f9e63)
core   0: 0x8000a9ec (0x034ce433) rem     s0, s9, s4
core   0: 3 0x8000a9ec (0x034ce433) x 8 0x00000000
core   0: 0x8000a9f0 (0x030b9663) bne     s7, a6, pc + 44
core   0: 3 0x8000a9f0 (0x030b9663)
core   0: 0x8000aa1c (0x01069113) slli    sp, a3, 16
core   0: 3 0x8000aa1c (0x01069113) x 2 0x00000000
core   0: 0x8000aa20 (0x0216f6b3) remu    a3, a3, ra
core   0: 3 0x8000aa20 (0x0216f6b3) x13 0x00000000
core   0: 0x8000aa24 (0x09d0f693) andi    a3, ra, 157
core   0: 3 0x8000aa24 (0x09d0f693) x13 0x00000085
core   0: 0x8000aa28 (0x0202ae33) mulhsu  t3, t0, zero
core   0: 3 0x8000aa28 (0x0202ae33) x28 0x00000000
core   0: 0x8000aa2c (0x00867cb3) and     s9, a2, s0
core   0: 3 0x8000aa2c (0x00867cb3) x25 0x00000000
core   0: 0x8000aa30 (0x00fd52b3) srl     t0, s10, a5
core   0: 3 0x8000aa30 (0x00fd52b3) x 5 0xfffffecc
core   0: 0x8000aa34 (0x80f86393) ori     t2, a6, -2033
core   0: 3 0x8000aa34 (0x80f86393) x 7 0xfffffe0f
core   0: 0x8000aa38 (0x019b7ab3) and     s5, s6, s9
core   0: 3 0x8000aa38 (0x019b7ab3) x21 0x00000000
core   0: 0x8000aa3c (0x0e817437) lui     s0, 0xe817
core   0: 3 0x8000aa3c (0x0e817437) x 8 0x0e817000
core   0: 0x8000aa40 (0x03f537b3) mulhu   a5, a0, t6
core   0: 3 0x8000aa40 (0x03f537b3) x15 0x00000000
core   0: 0x8000aa44 (0x01e2df33) srl     t5, t0, t5
core   0: 3 0x8000aa44 (0x01e2df33) x30 0xfffffecc
core   0: 0x8000aa48 (0xdde7c993) xori    s3, a5, -546
core   0: 3 0x8000aa48 (0xdde7c993) x19 0xfffffdde
core   0: 0x8000aa4c (0x02f26233) rem     tp, tp, a5
core   0: 3 0x8000aa4c (0x02f26233) x 4 0xffffffff
core   0: 0x8000aa50 (0x00226863) bltu    tp, sp, pc + 16
core   0: 3 0x8000aa50 (0x00226863)
core   0: 0x8000aa54 (0x02ca24b3) mulhsu  s1, s4, a2
core   0: 3 0x8000aa54 (0x02ca24b3) x 9 0x33200ac2
core   0: 0x8000aa58 (0x00f87cb3) and     s9, a6, a5
core   0: 3 0x8000aa58 (0x00f87cb3) x25 0x00000000
core   0: 0x8000aa5c (0x040a5663) bgez    s4, pc + 76
core   0: 3 0x8000aa5c (0x040a5663)
core   0: 0x8000aaa8 (0x038a9333) mulh    t1, s5, s8
core   0: 3 0x8000aaa8 (0x038a9333) x 6 0x00000000
core   0: 0x8000aaac (0x00b9a7b3) slt     a5, s3, a1
core   0: 3 0x8000aaac (0x00b9a7b3) x15 0x00000001
core   0: 0x8000aab0 (0xb63d2d13) slti    s10, s10, -1181
core   0: 3 0x8000aab0 (0xb63d2d13) x26 0x00000000
core   0: 0x8000aab4 (0xfe30c917) auipc   s2, 0xfe30c
core   0: 3 0x8000aab4 (0xfe30c917) x18 0x7e316ab4
core   0: 0x8000aab8 (0x056f5463) bge     t5, s6, pc + 72
core   0: 3 0x8000aab8 (0x056f5463)
core   0: 0x8000aabc (0x01b15233) srl     tp, sp, s11
core   0: 3 0x8000aabc (0x01b15233) x 4 0x00000000
core   0: 0x8000aac0 (0x02ef5733) divu    a4, t5, a4
core   0: 3 0x8000aac0 (0x02ef5733) x14 0xffffffff
core   0: 0x8000aac4 (0x0386c933) div     s2, a3, s8
core   0: 3 0x8000aac4 (0x0386c933) x18 0x00000000
core   0: 0x8000aac8 (0x00ffff33) and     t5, t6, a5
core   0: 3 0x8000aac8 (0x00ffff33) x30 0x00000000
core   0: 0x8000aacc (0x027ead33) mulhsu  s10, t4, t2
core   0: 3 0x8000aacc (0x027ead33) x26 0x00000000
core   0: 0x8000aad0 (0x44ef4113) xori    sp, t5, 1102
core   0: 3 0x8000aad0 (0x44ef4113) x 2 0x0000044e
core   0: 0x8000aad4 (0x00000013) nop
core   0: 3 0x8000aad4 (0x00000013)
core   0: 0x8000aad8 (0x9ff47113) andi    sp, s0, -1537
core   0: 3 0x8000aad8 (0x9ff47113) x 2 0x0e817000
core   0: 0x8000aadc (0x00000013) nop
core   0: 3 0x8000aadc (0x00000013)
core   0: 0x8000aae0 (0x0055beb3) sltu    t4, a1, t0
core   0: 3 0x8000aae0 (0x0055beb3) x29 0x00000000
core   0: 0x8000aae4 (0x03d94433) div     s0, s2, t4
core   0: 3 0x8000aae4 (0x03d94433) x 8 0xffffffff
core   0: 0x8000aae8 (0x037ad263) bge     s5, s7, pc + 36
core   0: 3 0x8000aae8 (0x037ad263)
core   0: 0x8000aaec (0x9f1cfc93) andi    s9, s9, -1551
core   0: 3 0x8000aaec (0x9f1cfc93) x25 0x00000000
core   0: 0x8000aaf0 (0x01a743b3) xor     t2, a4, s10
core   0: 3 0x8000aaf0 (0x01a743b3) x 7 0xffffffff
core   0: 0x8000aaf4 (0xdac8f097) auipc   ra, 0xdac8f
core   0: 3 0x8000aaf4 (0xdac8f097) x 1 0x5ac99af4
core   0: 0x8000aaf8 (0xbfbf3d13) sltiu   s10, t5, -1029
core   0: 3 0x8000aaf8 (0xbfbf3d13) x26 0x00000001
core   0: 0x8000aafc (0xe9f42917) auipc   s2, 0xe9f42
core   0: 3 0x8000aafc (0xe9f42917) x18 0x69f4cafc
core   0: 0x8000ab00 (0x414452b3) sra     t0, s0, s4
core   0: 3 0x8000ab00 (0x414452b3) x 5 0xffffffff
core   0: 0x8000ab04 (0x02d185b3) mul     a1, gp, a3
core   0: 3 0x8000ab04 (0x02d185b3) x11 0x00000000
core   0: 0x8000ab08 (0x0332eab3) rem     s5, t0, s3
core   0: 3 0x8000ab08 (0x0332eab3) x21 0xffffffff
core   0: 0x8000ab0c (0x00c882b3) add     t0, a7, a2
core   0: 3 0x8000ab0c (0x00c882b3) x 5 0x7fffffff
core   0: 0x8000ab10 (0x007a6b33) or      s6, s4, t2
core   0: 3 0x8000ab10 (0x007a6b33) x22 0xffffffff
core   0: 0x8000ab14 (0x00d3dd33) srl     s10, t2, a3
core   0: 3 0x8000ab14 (0x00d3dd33) x26 0x07ffffff
core   0: 0x8000ab18 (0x00d7c463) blt     a5, a3, pc + 8
core   0: 3 0x8000ab18 (0x00d7c463)
core   0: 0x8000ab20 (0x00000013) nop
core   0: 3 0x8000ab20 (0x00000013)
core   0: 0x8000ab24 (0x033c5033) divu    zero, s8, s3
core   0: 3 0x8000ab24 (0x033c5033)
core   0: 0x8000ab28 (0x035b4263) blt     s6, s5, pc + 36
core   0: 3 0x8000ab28 (0x035b4263)
core   0: 0x8000ab2c (0x02ab8263) beq     s7, a0, pc + 36
core   0: 3 0x8000ab2c (0x02ab8263)
core   0: 0x8000ab30 (0x0150cd33) xor     s10, ra, s5
core   0: 3 0x8000ab30 (0x0150cd33) x26 0xa536650b
core   0: 0x8000ab34 (0x00008733) add     a4, ra, zero
core   0: 3 0x8000ab34 (0x00008733) x14 0x5ac99af4
core   0: 0x8000ab38 (0x00cd0463) beq     s10, a2, pc + 8
core   0: 3 0x8000ab38 (0x00cd0463)
core   0: 0x8000ab3c (0x1f53cd93) xori    s11, t2, 501
core   0: 3 0x8000ab3c (0x1f53cd93) x27 0xfffffe0a
core   0: 0x8000ab40 (0x0204e5b3) rem     a1, s1, zero
core   0: 3 0x8000ab40 (0x0204e5b3) x11 0x33200ac2
core   0: 0x8000ab44 (0x03d79233) mulh    tp, a5, t4
core   0: 3 0x8000ab44 (0x03d79233) x 4 0x00000000
core   0: 0x8000ab48 (0x028ed0b3) divu    ra, t4, s0
core   0: 3 0x8000ab48 (0x028ed0b3) x 1 0x00000000
core   0: 0x8000ab4c (0x023a9533) mulh    a0, s5, gp
core   0: 3 0x8000ab4c (0x023a9533) x10 0x00000000
core   0: 0x8000ab50 (0x01acc863) blt     s9, s10, pc + 16
core   0: 3 0x8000ab50 (0x01acc863)
core   0: 0x8000ab54 (0x00000013) nop
core   0: 3 0x8000ab54 (0x00000013)
core   0: 0x8000ab58 (0x00b16433) or      s0, sp, a1
core   0: 3 0x8000ab58 (0x00b16433) x 8 0x3fa17ac2
core   0: 0x8000ab5c (0x019a1e33) sll     t3, s4, s9
core   0: 3 0x8000ab5c (0x019a1e33) x28 0x66401585
core   0: 0x8000ab60 (0x021119b3) mulh    s3, sp, ra
core   0: 3 0x8000ab60 (0x021119b3) x19 0x00000000
core   0: 0x8000ab64 (0xdbe36213) ori     tp, t1, -578
core   0: 3 0x8000ab64 (0xdbe36213) x 4 0xfffffdbe
core   0: 0x8000ab68 (0xd518a117) auipc   sp, 0xd518a
core   0: 3 0x8000ab68 (0xd518a117) x 2 0x55194b68
core   0: 0x8000ab6c (0x003fd663) bge     t6, gp, pc + 12
core   0: 3 0x8000ab6c (0x003fd663)
core   0: 0x8000ab78 (0x03b37d33) remu    s10, t1, s11
core   0: 3 0x8000ab78 (0x03b37d33) x26 0x00000000
core   0: 0x8000ab7c (0x01997133) and     sp, s2, s9
core   0: 3 0x8000ab7c (0x01997133) x 2 0x00000000
core   0: 0x8000ab80 (0x91142913) slti    s2, s0, -1775
core   0: 3 0x8000ab80 (0x91142913) x18 0x00000000
core   0: 0x8000ab84 (0x4466c993) xori    s3, a3, 1094
core   0: 3 0x8000ab84 (0x4466c993) x19 0x000004c3
core   0: 0x8000ab88 (0x03eede63) bge     t4, t5, pc + 60
core   0: 3 0x8000ab88 (0x03eede63)
core   0: 0x8000abc4 (0x02ba32b3) mulhu   t0, s4, a1
core   0: 3 0x8000abc4 (0x02ba32b3) x 5 0x146b9098
core   0: 0x8000abc8 (0x012d5d93) srli    s11, s10, 18
core   0: 3 0x8000abc8 (0x012d5d93) x27 0x00000000
core   0: 0x8000abcc (0x027fd063) bge     t6, t2, pc + 32
core   0: 3 0x8000abcc (0x027fd063)
core   0: 0x8000abec (0x02a37463) bgeu    t1, a0, pc + 40
core   0: 3 0x8000abec (0x02a37463)
core   0: 0x8000ac14 (0x0304aab3) mulhsu  s5, s1, a6
core   0: 3 0x8000ac14 (0x0304aab3) x21 0x19907e67
core   0: 0x8000ac18 (0x32683b93) sltiu   s7, a6, 806
core   0: 3 0x8000ac18 (0x32683b93) x23 0x00000000
core   0: 0x8000ac1c (0x0278adb3) mulhsu  s11, a7, t2
core   0: 3 0x8000ac1c (0x0278adb3) x27 0xffffffff
core   0: 0x8000ac20 (0x01ee5263) bge     t3, t5, pc + 4
core   0: 3 0x8000ac20 (0x01ee5263)
core   0: 0x8000ac24 (0x023a19b3) mulh    s3, s4, gp
core   0: 3 0x8000ac24 (0x023a19b3) x19 0x00000000
core   0: 0x8000ac28 (0x678c2737) lui     a4, 0x678c2
core   0: 3 0x8000ac28 (0x678c2737) x14 0x678c2000
core   0: 0x8000ac2c (0x034b6233) rem     tp, s6, s4
core   0: 3 0x8000ac2c (0x034b6233) x 4 0xffffffff
core   0: 0x8000ac30 (0x71496793) ori     a5, s2, 1812
core   0: 3 0x8000ac30 (0x71496793) x15 0x00000714
core   0: 0x8000ac34 (0x04c19263) bne     gp, a2, pc + 68
core   0: 3 0x8000ac34 (0x04c19263)
core   0: 0x8000ac78 (0x01445fb3) srl     t6, s0, s4
core   0: 3 0x8000ac78 (0x01445fb3) x31 0x01fd0bd6
core   0: 0x8000ac7c (0x02250c63) beq     a0, sp, pc + 56
core   0: 3 0x8000ac7c (0x02250c63)
core   0: 0x8000acb4 (0x01ec7733) and     a4, s8, t5
core   0: 3 0x8000acb4 (0x01ec7733) x14 0x00000000
core   0: 0x8000acb8 (0x00bacd33) xor     s10, s5, a1
core   0: 3 0x8000acb8 (0x00bacd33) x26 0x2ab074a5
core   0: 0x8000acbc (0x0893c293) xori    t0, t2, 137
core   0: 3 0x8000acbc (0x0893c293) x 5 0xffffff76
core   0: 0x8000acc0 (0x012ded33) or      s10, s11, s2
core   0: 3 0x8000acc0 (0x012ded33) x26 0xffffffff
core   0: 0x8000acc4 (0x014bc433) xor     s0, s7, s4
core   0: 3 0x8000acc4 (0x014bc433) x 8 0x66401585
core   0: 0x8000acc8 (0x018d6a63) bltu    s10, s8, pc + 20
core   0: 3 0x8000acc8 (0x018d6a63)
core   0: 0x8000accc (0x002a6fb3) or      t6, s4, sp
core   0: 3 0x8000accc (0x002a6fb3) x31 0x66401585
core   0: 0x8000acd0 (0x01491313) slli    t1, s2, 20
core   0: 3 0x8000acd0 (0x01491313) x 6 0x00000000
core   0: 0x8000acd4 (0x34778d13) addi    s10, a5, 839
core   0: 3 0x8000acd4 (0x34778d13) x26 0x00000a5b
core   0: 0x8000acd8 (0x0281d533) divu    a0, gp, s0
core   0: 3 0x8000acd8 (0x0281d533) x10 0x00000000
core   0: 0x8000acdc (0x7111e693) ori     a3, gp, 1809
core   0: 3 0x8000acdc (0x7111e693) x13 0x00000711
core   0: 0x8000ace0 (0x510bfb13) andi    s6, s7, 1296
core   0: 3 0x8000ace0 (0x510bfb13) x22 0x00000000
core   0: 0x8000ace4 (0x00b63f33) sltu    t5, a2, a1
core   0: 3 0x8000ace4 (0x00b63f33) x30 0x00000000
core   0: 0x8000ace8 (0x00a8d713) srli    a4, a7, 10
core   0: 3 0x8000ace8 (0x00a8d713) x14 0x003fffff
core   0: 0x8000acec (0x042a8093) addi    ra, s5, 66
core   0: 3 0x8000acec (0x042a8093) x 1 0x19907ea9
core   0: 0x8000acf0 (0x054f7463) bgeu    t5, s4, pc + 72
core   0: 3 0x8000acf0 (0x054f7463)
core   0: 0x8000acf4 (0x0263f663) bgeu    t2, t1, pc + 44
core   0: 3 0x8000acf4 (0x0263f663)
core   0: 0x8000ad20 (0x014beeb3) or      t4, s7, s4
core   0: 3 0x8000ad20 (0x014beeb3) x29 0x66401585
core   0: 0x8000ad24 (0x406f57b3) sra     a5, t5, t1
core   0: 3 0x8000ad24 (0x406f57b3) x15 0x00000000
core   0: 0x8000ad28 (0x02412e33) mulhsu  t3, sp, tp
core   0: 3 0x8000ad28 (0x02412e33) x28 0x00000000
core   0: 0x8000ad2c (0x02c68f33) mul     t5, a3, a2
core   0: 3 0x8000ad2c (0x02c68f33) x30 0x80000000
core   0: 0x8000ad30 (0x0251ee33) rem     t3, gp, t0
core   0: 3 0x8000ad30 (0x0251ee33) x28 0x00000000
core   0: 0x8000ad34 (0x026ce333) rem     t1, s9, t1
core   0: 3 0x8000ad34 (0x026ce333) x 6 0x00000000
core   0: 0x8000ad38 (0x40d0c493) xori    s1, ra, 1037
core   0: 3 0x8000ad38 (0x40d0c493) x 9 0x19907aa4
core   0: 0x8000ad3c (0x01b94a33) xor     s4, s2, s11
core   0: 3 0x8000ad3c (0x01b94a33) x20 0xffffffff
core   0: 0x8000ad40 (0x275c0e13) addi    t3, s8, 629
core   0: 3 0x8000ad40 (0x275c0e13) x28 0x80029f59
core   0: 0x8000ad44 (0x03573133) mulhu   sp, a4, s5
core   0: 3 0x8000ad44 (0x03573133) x 2 0x0006641f
core   0: 0x8000ad48 (0xc95c0913) addi    s2, s8, -875
core   0: 3 0x8000ad48 (0xc95c0913) x18 0x80029979
core   0: 0x8000ad4c (0x016e9f93) slli    t6, t4, 22
core   0: 3 0x8000ad4c (0x016e9f93) x31 0x61400000
core   0: 0x8000ad50 (0xe361eb13) ori     s6, gp, -458
core   0: 3 0x8000ad50 (0xe361eb13) x22 0xfffffe36
core   0: 0x8000ad54 (0x01ed9663) bne     s11, t5, pc + 12
core   0: 3 0x8000ad54 (0x01ed9663)
core   0: 0x8000ad60 (0x3d1b6093) ori     ra, s6, 977
core   0: 3 0x8000ad60 (0x3d1b6093) x 1 0xfffffff7
core   0: 0x8000ad64 (0x0018acb3) slt     s9, a7, ra
core   0: 3 0x8000ad64 (0x0018acb3) x25 0x00000000
core   0: 0x8000ad68 (0x0244e063) bltu    s1, tp, pc + 32
core   0: 3 0x8000ad68 (0x0244e063)
core   0: 0x8000ad88 (0xadf32a13) slti    s4, t1, -1313
core   0: 3 0x8000ad88 (0xadf32a13) x20 0x00000000
core   0: 0x8000ad8c (0x00008997) auipc   s3, 0x8
core   0: 3 0x8000ad8c (0x00008997) x19 0x80012d8c
core   0: 0x8000ad90 (0x35098993) addi    s3, s3, 848
core   0: 3 0x8000ad90 (0x35098993) x19 0x800130dc
core   0: 0x8000ad94 (0x03541f33) mulh    t5, s0, s5
core   0: 3 0x8000ad94 (0x03541f33) x30 0x0a35f8a2
core   0: 0x8000ad98 (0x03f1b433) mulhu   s0, gp, t6
core   0: 3 0x8000ad98 (0x03f1b433) x 8 0x00000000
core   0: 0x8000ad9c (0x07499423) sh      s4, 104(s3)
core   0: 3 0x8000ad9c (0x07499423) mem 0x80013144 0x0000
core   0: 0x8000ada0 (0xfe09ae03) lw      t3, -32(s3)
core   0: 3 0x8000ada0 (0xfe09ae03) x28 0x7ab86188 mem 0x800130bc
core   0: 0x8000ada4 (0x004a88b3) add     a7, s5, tp
core   0: 3 0x8000ada4 (0x004a88b3) x17 0x19907e66
core   0: 0x8000ada8 (0x05a99d23) sh      s10, 90(s3)
core   0: 3 0x8000ada8 (0x05a99d23) mem 0x80013136 0x0a5b
core   0: 0x8000adac (0x01819713) slli    a4, gp, 24
core   0: 3 0x8000adac (0x01819713) x14 0x00000000
core   0: 0x8000adb0 (0x01145f93) srli    t6, s0, 17
core   0: 3 0x8000adb0 (0x01145f93) x31 0x00000000
core   0: 0x8000adb4 (0xf479c883) lbu     a7, -185(s3)
core   0: 3 0x8000adb4 (0xf479c883) x17 0x000000b1 mem 0x80013023
core   0: 0x8000adb8 (0x017b06b3) add     a3, s6, s7
core   0: 3 0x8000adb8 (0x017b06b3) x13 0xfffffe36
core   0: 0x8000adbc (0x0319cd83) lbu     s11, 49(s3)
core   0: 3 0x8000adbc (0x0319cd83) x27 0x00000099 mem 0x8001310d
core   0: 0x8000adc0 (0x00d85733) srl     a4, a6, a3
core   0: 3 0x8000adc0 (0x00d85733) x14 0x00000200
core   0: 0x8000adc4 (0x036a31b3) mulhu   gp, s4, s6
core   0: 3 0x8000adc4 (0x036a31b3) x 3 0x00000000
core   0: 0x8000adc8 (0x01969593) slli    a1, a3, 25
core   0: 3 0x8000adc8 (0x01969593) x11 0x6c000000
core   0: 0x8000adcc (0x04398403) lb      s0, 67(s3)
core   0: 3 0x8000adcc (0x04398403) x 8 0xffffffa4 mem 0x8001311f
core   0: 0x8000add0 (0x03b45a33) divu    s4, s0, s11
core   0: 3 0x8000add0 (0x03b45a33) x20 0x01ac5701
core   0: 0x8000add4 (0x00898da3) sb      s0, 27(s3)
core   0: 3 0x8000add4 (0x00898da3) mem 0x800130f7 0xa4
core   0: 0x8000add8 (0x00000013) nop
core   0: 3 0x8000add8 (0x00000013)
core   0: 0x8000addc (0x03e4c3b3) div     t2, s1, t5
core   0: 3 0x8000addc (0x03e4c3b3) x 7 0x00000002
core   0: 0x8000ade0 (0x06698d83) lb      s11, 102(s3)
core   0: 3 0x8000ade0 (0x06698d83) x27 0xffffffef mem 0x80013142
core   0: 0x8000ade4 (0x03198023) sb      a7, 32(s3)
core   0: 3 0x8000ade4 (0x03198023) mem 0x800130fc 0xb1
core   0: 0x8000ade8 (0x01298ca3) sb      s2, 25(s3)
core   0: 3 0x8000ade8 (0x01298ca3) mem 0x800130f5 0x79
core   0: 0x8000adec (0x0709da83) lhu     s5, 112(s3)
core   0: 3 0x8000adec (0x0709da83) x21 0x0000a97d mem 0x8001314c
core   0: 0x8000adf0 (0x78960f13) addi    t5, a2, 1929
core   0: 3 0x8000adf0 (0x78960f13) x30 0x80000789
core   0: 0x8000adf4 (0x013c30b3) sltu    ra, s8, s3
core   0: 3 0x8000adf4 (0x013c30b3) x 1 0x00000000
core   0: 0x8000adf8 (0x01799323) sh      s7, 6(s3)
core   0: 3 0x8000adf8 (0x01799323) mem 0x800130e2 0x0000
core   0: 0x8000adfc (0x03bf82b3) mul     t0, t6, s11
core   0: 3 0x8000adfc (0x03bf82b3) x 5 0x00000000
core   0: 0x8000ae00 (0x40e554b3) sra     s1, a0, a4
core   0: 3 0x8000ae00 (0x40e554b3) x 9 0x00000000
core   0: 0x8000ae04 (0x0300abb3) mulhsu  s7, ra, a6
core   0: 3 0x8000ae04 (0x0300abb3) x23 0x00000000
core   0: 0x8000ae08 (0x012ebcb3) sltu    s9, t4, s2
core   0: 3 0x8000ae08 (0x012ebcb3) x25 0x00000001
core   0: 0x8000ae0c (0x0779c283) lbu     t0, 119(s3)
core   0: 3 0x8000ae0c (0x0779c283) x 5 0x000000e6 mem 0x80013153
core   0: 0x8000ae10 (0x02a9db03) lhu     s6, 42(s3)
core   0: 3 0x8000ae10 (0x02a9db03) x22 0x0000915a mem 0x80013106
core   0: 0x8000ae14 (0xe485ce13) xori    t3, a1, -440
core   0: 3 0x8000ae14 (0xe485ce13) x28 0x93fffe48
core   0: 0x8000ae18 (0x0a998c83) lb      s9, 169(s3)
core   0: 3 0x8000ae18 (0x0a998c83) x25 0x0000001f mem 0x80013185
core   0: 0x8000ae1c (0xf8499583) lh      a1, -124(s3)
core   0: 3 0x8000ae1c (0xf8499583) x11 0x000064df mem 0x80013060
core   0: 0x8000ae20 (0xf0998f83) lb      t6, -247(s3)
core   0: 3 0x8000ae20 (0xf0998f83) x31 0xffffffc9 mem 0x80012fe5
core   0: 0x8000ae24 (0x00000013) nop
core   0: 3 0x8000ae24 (0x00000013)
core   0: 0x8000ae28 (0x02144cb3) div     s9, s0, ra
core   0: 3 0x8000ae28 (0x02144cb3) x25 0xffffffff
core   0: 0x8000ae2c (0x07499703) lh      a4, 116(s3)
core   0: 3 0x8000ae2c (0x07499703) x14 0x000062f8 mem 0x80013150
core   0: 0x8000ae30 (0x021e52b3) divu    t0, t3, ra
core   0: 3 0x8000ae30 (0x021e52b3) x 5 0xffffffff
core   0: 0x8000ae34 (0x02e99f23) sh      a4, 62(s3)
core   0: 3 0x8000ae34 (0x02e99f23) mem 0x8001311a 0x62f8
core   0: 0x8000ae38 (0xfc398903) lb      s2, -61(s3)
core   0: 3 0x8000ae38 (0xfc398903) x18 0xfffffffe mem 0x8001309f
core   0: 0x8000ae3c (0xfcd9ce83) lbu     t4, -51(s3)
core   0: 3 0x8000ae3c (0xfcd9ce83) x29 0x00000090 mem 0x800130a9
core   0: 0x8000ae40 (0x02175f33) divu    t5, a4, ra
core   0: 3 0x8000ae40 (0x02175f33) x30 0xffffffff
core   0: 0x8000ae44 (0x00d83b33) sltu    s6, a6, a3
core   0: 3 0x8000ae44 (0x00d83b33) x22 0x00000001
core   0: 0x8000ae48 (0x02ec7a33) remu    s4, s8, a4
core   0: 3 0x8000ae48 (0x02ec7a33) x20 0x00005bd4
core   0: 0x8000ae4c (0x01bb7fb3) and     t6, s6, s11
core   0: 3 0x8000ae4c (0x01bb7fb3) x31 0x00000001
core   0: 0x8000ae50 (0x018f5333) srl     t1, t5, s8
core   0: 3 0x8000ae50 (0x018f5333) x 6 0x0fffffff
core   0: 0x8000ae54 (0x022274b3) remu    s1, tp, sp
core   0: 3 0x8000ae54 (0x022274b3) x 9 0x0001ae4d
core   0: 0x8000ae58 (0x078985a3) sb      s8, 107(s3)
core   0: 3 0x8000ae58 (0x078985a3) mem 0x80013147 0xe4
core   0: 0x8000ae5c (0x02934333) div     t1, t1, s1
core   0: 3 0x8000ae5c (0x02934333) x 6 0x00000984
core   0: 0x8000ae60 (0xfd499d23) sh      s4, -38(s3)
core   0: 3 0x8000ae60 (0xfd499d23) mem 0x800130b6 0x5bd4
core   0: 0x8000ae64 (0xf4b982a3) sb      a1, -187(s3)
core   0: 3 0x8000ae64 (0xf4b982a3) mem 0x80013021 0xdf
core   0: 0x8000ae68 (0xfd7c0713) addi    a4, s8, -41
core   0: 3 0x8000ae68 (0xfd7c0713) x14 0x80029cbb
core   0: 0x8000ae6c (0x01195463) bge     s2, a7, pc + 8
core   0: 3 0x8000ae6c (0x01195463)
core   0: 0x8000ae70 (0x019731b3) sltu    gp, a4, s9
core   0: 3 0x8000ae70 (0x019731b3) x 3 0x00000001
core   0: 0x8000ae74 (0x417cd733) sra     a4, s9, s7
core   0: 3 0x8000ae74 (0x417cd733) x14 0xffffffff
core   0: 0x8000ae78 (0x3c9d68b7) lui     a7, 0x3c9d6
core   0: 3 0x8000ae78 (0x3c9d68b7) x17 0x3c9d6000
core   0: 0x8000ae7c (0x0001b9b3) sltu    s3, gp, zero
core   0: 3 0x8000ae7c (0x0001b9b3) x19 0x00000000
core   0: 0x8000ae80 (0x0071c6b3) xor     a3, gp, t2
core   0: 3 0x8000ae80 (0x0071c6b3) x13 0x00000003
core   0: 0x8000ae84 (0x026298b3) mulh    a7, t0, t1
core   0: 3 0x8000ae84 (0x026298b3) x17 0xffffffff
core   0: 0x8000ae88 (0x030c0533) mul     a0, s8, a6
core   0: 3 0x8000ae88 (0x030c0533) x10 0x2f6e2b90
core   0: 0x8000ae8c (0x373a2713) slti    a4, s4, 883
core   0: 3 0x8000ae8c (0x373a2713) x14 0x00000000
core   0: 0x8000ae90 (0xf0afc213) xori    tp, t6, -246
core   0: 3 0x8000ae90 (0xf0afc213) x 4 0xffffff0b
core   0: 0x8000ae94 (0x4176d593) srai    a1, a3, 23
core   0: 3 0x8000ae94 (0x4176d593) x11 0x00000000
core   0: 0x8000ae98 (0x03837cb3) remu    s9, t1, s8
core   0: 3 0x8000ae98 (0x03837cb3) x25 0x00000984
core   0: 0x8000ae9c (0x05884463) blt     a6, s8, pc + 72
core   0: 3 0x8000ae9c (0x05884463)
core   0: 0x8000aee4 (0x00d97263) bgeu    s2, a3, pc + 4
core   0: 3 0x8000aee4 (0x00d97263)
core   0: 0x8000aee8 (0x02fa84b3) mul     s1, s5, a5
core   0: 3 0x8000aee8 (0x02fa84b3) x 9 0x00000000
core   0: 0x8000aeec (0x01439e13) slli    t3, t2, 20
core   0: 3 0x8000aeec (0x01439e13) x28 0x00200000
core   0: 0x8000aef0 (0x00000013) nop
core   0: 3 0x8000aef0 (0x00000013)
core   0: 0x8000aef4 (0x8ae01117) auipc   sp, 0x8ae01
core   0: 3 0x8000aef4 (0x8ae01117) x 2 0x0ae0bef4
core   0: 0x8000aef8 (0x01bd1113) slli    sp, s10, 27
core   0: 3 0x8000aef8 (0x01bd1113) x 2 0xd8000000
core   0: 0x8000aefc (0x0ebd7893) andi    a7, s10, 235
core   0: 3 0x8000aefc (0x0ebd7893) x17 0x0000004b
core   0: 0x8000af00 (0x027c4733) div     a4, s8, t2
core   0: 3 0x8000af00 (0x027c4733) x14 0xc0014e72
core   0: 0x8000af04 (0x0315f1b3) remu    gp, a1, a7
core   0: 3 0x8000af04 (0x0315f1b3) x 3 0x00000000
core   0: 0x8000af08 (0x93cef513) andi    a0, t4, -1732
core   0: 3 0x8000af08 (0x93cef513) x10 0x00000010
core   0: 0x8000af0c (0x8d82b693) sltiu   a3, t0, -1832
core   0: 3 0x8000af0c (0x8d82b693) x13 0x00000000
core   0: 0x8000af10 (0x01b3d093) srli    ra, t2, 27
core   0: 3 0x8000af10 (0x01b3d093) x 1 0x00000000
core   0: 0x8000af14 (0x018e9533) sll     a0, t4, s8
core   0: 3 0x8000af14 (0x018e9533) x10 0x00000900
core   0: 0x8000af18 (0x03b0f263) bgeu    ra, s11, pc + 36
core   0: 3 0x8000af18 (0x03b0f263)
core   0: 0x8000af1c (0x03eae663) bltu    s5, t5, pc + 44
core   0: 3 0x8000af1c (0x03eae663)
core   0: 0x8000af48 (0x40af55b3) sra     a1, t5, a0
core   0: 3 0x8000af48 (0x40af55b3) x11 0xffffffff
core   0: 0x8000af4c (0x046bc263) blt     s7, t1, pc + 68
core   0: 3 0x8000af4c (0x046bc263)
core   0: 0x8000af90 (0x02a7ca63) blt     a5, a0, pc + 52
core   0: 3 0x8000af90 (0x02a7ca63)
core   0: 0x8000afc4 (0x06a72013) slti    zero, a4, 106
core   0: 3 0x8000afc4 (0x06a72013)
core   0: 0x8000afc8 (0x01c7ebb3) or      s7, a5, t3
core   0: 3 0x8000afc8 (0x01c7ebb3) x23 0x00200000
core   0: 0x8000afcc (0x4db2c513) xori    a0, t0, 1243
core   0: 3 0x8000afcc (0x4db2c513) x10 0xfffffb24
core   0: 0x8000afd0 (0x00fadc93) srli    s9, s5, 15
core   0: 3 0x8000afd0 (0x00fadc93) x25 0x00000001
core   0: 0x8000afd4 (0x02d6d033) divu    zero, a3, a3
core   0: 3 0x8000afd4 (0x02d6d033)
core   0: 0x8000afd8 (0x19e9a913) slti    s2, s3, 414
core   0: 3 0x8000afd8 (0x19e9a913) x18 0x00000001
core   0: 0x8000afdc (0x03f118b3) mulh    a7, sp, t6
core   0: 3 0x8000afdc (0x03f118b3) x17 0xffffffff
core   0: 0x8000afe0 (0x41c60e33) sub     t3, a2, t3
core   0: 3 0x8000afe0 (0x41c60e33) x28 0x7fe00000
core   0: 0x8000afe4 (0x03934863) blt     t1, s9, pc + 48
core   0: 3 0x8000afe4 (0x03934863)
core   0: 0x8000afe8 (0x013d7fb3) and     t6, s10, s3
core   0: 3 0x8000afe8 (0x013d7fb3) x31 0x00000000
core   0: 0x8000afec (0x0002d663) bgez    t0, pc + 12
core   0: 3 0x8000afec (0x0002d663)
core   0: 0x8000aff0 (0x03eef263) bgeu    t4, t5, pc + 36
core   0: 3 0x8000aff0 (0x03eef263)
core   0: 0x8000aff4 (0x00a49e13) slli    t3, s1, 10
core   0: 3 0x8000aff4 (0x00a49e13) x28 0x00000000
core   0: 0x8000aff8 (0x0380fa63) bgeu    ra, s8, pc + 52
core   0: 3 0x8000aff8 (0x0380fa63)
core   0: 0x8000affc (0x03037e33) remu    t3, t1, a6
core   0: 3 0x8000affc (0x03037e33) x28 0x00000984
core   0: 0x8000b000 (0x0bd96e13) ori     t3, s2, 189
core   0: 3 0x8000b000 (0x0bd96e13) x28 0x000000bd
core   0: 0x8000b004 (0xb2050913) addi    s2, a0, -1248
core   0: 3 0x8000b004 (0xb2050913) x18 0xfffff644
core   0: 0x8000b008 (0x02703cb3) mulhu   s9, zero, t2
core   0: 3 0x8000b008 (0x02703cb3) x25 0x00000000
core   0: 0x8000b00c (0x0295ca33) div     s4, a1, s1
core   0: 3 0x8000b00c (0x0295ca33) x20 0xffffffff
core   0: 0x8000b010 (0x00425b93) srli    s7, tp, 4
core   0: 3 0x8000b010 (0x00425b93) x23 0x0ffffff0
core   0: 0x8000b014 (0xc578f293) andi    t0, a7, -937
core   0: 3 0x8000b014 (0xc578f293) x 5 0xfffffc57
core   0: 0x8000b018 (0x0021b133) sltu    sp, gp, sp
core   0: 3 0x8000b018 (0x0021b133) x 2 0x00000001
core   0: 0x8000b01c (0x03b777b3) remu    a5, a4, s11
core   0: 3 0x8000b01c (0x03b777b3) x15 0xc0014e72
core   0: 0x8000b020 (0x02796a33) rem     s4, s2, t2
core   0: 3 0x8000b020 (0x02796a33) x20 0x00000000
core   0: 0x8000b024 (0x008796b3) sll     a3, a5, s0
core   0: 3 0x8000b024 (0x008796b3) x13 0x0014e720
core   0: 0x8000b028 (0x03c2a233) mulhsu  tp, t0, t3
core   0: 3 0x8000b028 (0x03c2a233) x 4 0xffffffff
core   0: 0x8000b02c (0x00647333) and     t1, s0, t1
core   0: 3 0x8000b02c (0x00647333) x 6 0x00000984
core   0: 0x8000b030 (0xade30413) addi    s0, t1, -1314
core   0: 3 0x8000b030 (0xade30413) x 8 0x00000462
core   0: 0x8000b034 (0x03281133) mulh    sp, a6, s2
core   0: 3 0x8000b034 (0x03281133) x 2 0x000004dd
core   0: 0x8000b038 (0x020b96b3) mulh    a3, s7, zero
core   0: 3 0x8000b038 (0x020b96b3) x13 0x00000000
core   0: 0x8000b03c (0x001e18b3) sll     a7, t3, ra
core   0: 3 0x8000b03c (0x001e18b3) x17 0x000000bd
core   0: 0x8000b040 (0x02a4bdb3) mulhu   s11, s1, a0
core   0: 3 0x8000b040 (0x02a4bdb3) x27 0x00000000
core   0: 0x8000b044 (0x05a8d463) bge     a7, s10, pc + 72
core   0: 3 0x8000b044 (0x05a8d463)
core   0: 0x8000b048 (0x03d49c63) bne     s1, t4, pc + 56
core   0: 3 0x8000b048 (0x03d49c63)
core   0: 0x8000b080 (0x01dfee33) or      t3, t6, t4
core   0: 3 0x8000b080 (0x01dfee33) x28 0x00000090
core   0: 0x8000b084 (0x53227f93) andi    t6, tp, 1330
core   0: 3 0x8000b084 (0x53227f93) x31 0x00000532
core   0: 0x8000b088 (0x0318a533) mulhsu  a0, a7, a7
core   0: 3 0x8000b088 (0x0318a533) x10 0x00000000
core   0: 0x8000b08c (0x01760263) beq     a2, s7, pc + 4
core   0: 3 0x8000b08c (0x01760263)
core   0: 0x8000b090 (0xc55e8737) lui     a4, 0xc55e8
core   0: 3 0x8000b090 (0xc55e8737) x14 0xc55e8000
core   0: 0x8000b094 (0xb4b2ca97) auipc   s5, 0xb4b2c
core   0: 3 0x8000b094 (0xb4b2ca97) x21 0x34b37094
core   0: 0x8000b098 (0x9cbc2913) slti    s2, s8, -1589
core   0: 3 0x8000b098 (0x9cbc2913) x18 0x00000001
core   0: 0x8000b09c (0x01aec263) blt     t4, s10, pc + 4
core   0: 3 0x8000b09c (0x01aec263)
core   0: 0x8000b0a0 (0x004a9f93) slli    t6, s5, 4
core   0: 3 0x8000b0a0 (0x004a9f93) x31 0x4b370940
core   0: 0x8000b0a4 (0x02505bb3) divu    s7, zero, t0
core   0: 3 0x8000b0a4 (0x02505bb3) x23 0x00000000
core   0: 0x8000b0a8 (0xf1d60093) addi    ra, a2, -227
core   0: 3 0x8000b0a8 (0xf1d60093) x 1 0x7fffff1d
core   0: 0x8000b0ac (0x5e7c2f97) auipc   t6, 0x5e7c2
core   0: 3 0x8000b0ac (0x5e7c2f97) x31 0xde7cd0ac
core   0: 0x8000b0b0 (0x03368233) mul     tp, a3, s3
core   0: 3 0x8000b0b0 (0x03368233) x 4 0x00000000
core   0: 0x8000b0b4 (0x02b6a233) mulhsu  tp, a3, a1
core   0: 3 0x8000b0b4 (0x02b6a233) x 4 0x00000000
core   0: 0x8000b0b8 (0x02c30263) beq     t1, a2, pc + 36
core   0: 3 0x8000b0b8 (0x02c30263)
core   0: 0x8000b0bc (0x015d3b33) sltu    s6, s10, s5
core   0: 3 0x8000b0bc (0x015d3b33) x22 0x00000001
core   0: 0x8000b0c0 (0x021bcbb3) div     s7, s7, ra
core   0: 3 0x8000b0c0 (0x021bcbb3) x23 0x00000000
core   0: 0x8000b0c4 (0x03859e33) mulh    t3, a1, s8
core   0: 3 0x8000b0c4 (0x03859e33) x28 0x00000000
core   0: 0x8000b0c8 (0x00d9c463) blt     s3, a3, pc + 8
core   0: 3 0x8000b0c8 (0x00d9c463)
core   0: 0x8000b0cc (0x036b4cb3) div     s9, s6, s6
core   0: 3 0x8000b0cc (0x036b4cb3) x25 0x00000001
core   0: 0x8000b0d0 (0x00179793) slli    a5, a5, 1
core   0: 3 0x8000b0d0 (0x00179793) x15 0x80029ce4
core   0: 0x8000b0d4 (0x0105c0b3) xor     ra, a1, a6
core   0: 3 0x8000b0d4 (0x0105c0b3) x 1 0x7ffda1fb
core   0: 0x8000b0d8 (0x000c9533) sll     a0, s9, zero
core   0: 3 0x8000b0d8 (0x000c9533) x10 0x00000001
core   0: 0x8000b0dc (0x009d3db3) sltu    s11, s10, s1
core   0: 3 0x8000b0dc (0x009d3db3) x27 0x00000000
core   0: 0x8000b0e0 (0x3e820913) addi    s2, tp, 1000
core   0: 3 0x8000b0e0 (0x3e820913) x18 0x000003e8
core   0: 0x8000b0e4 (0x009e17b3) sll     a5, t3, s1
core   0: 3 0x8000b0e4 (0x009e17b3) x15 0x00000000
core   0: 0x8000b0e8 (0x03d78e33) mul     t3, a5, t4
core   0: 3 0x8000b0e8 (0x03d78e33) x28 0x00000000
core   0: 0x8000b0ec (0x03f165b3) rem     a1, sp, t6
core   0: 3 0x8000b0ec (0x03f165b3) x11 0x000004dd
core   0: 0x8000b0f0 (0x02c503b3) mul     t2, a0, a2
core   0: 3 0x8000b0f0 (0x02c503b3) x 7 0x80000000
core   0: 0x8000b0f4 (0x9144fb13) andi    s6, s1, -1772
core   0: 3 0x8000b0f4 (0x9144fb13) x22 0x00000000
core   0: 0x8000b0f8 (0x03bdc4b3) div     s1, s11, s11
core   0: 3 0x8000b0f8 (0x03bdc4b3) x 9 0xffffffff
core   0: 0x8000b0fc (0x01705b93) srli    s7, zero, 23
core   0: 3 0x8000b0fc (0x01705b93) x23 0x00000000
core   0: 0x8000b100 (0x01e16333) or      t1, sp, t5
core   0: 3 0x8000b100 (0x01e16333) x 6 0xffffffff
core   0: 0x8000b104 (0x0158da63) bge     a7, s5, pc + 20
core   0: 3 0x8000b104 (0x0158da63)
core   0: 0x8000b108 (0xa62be513) ori     a0, s7, -1438
core   0: 3 0x8000b108 (0xa62be513) x10 0xfffffa62
core   0: 0x8000b10c (0x03d6c2b3) div     t0, a3, t4
core   0: 3 0x8000b10c (0x03d6c2b3) x 5 0x00000000
core   0: 0x8000b110 (0x03189463) bne     a7, a7, pc + 40
core   0: 3 0x8000b110 (0x03189463)
core   0: 0x8000b114 (0x02ca5533) divu    a0, s4, a2
core   0: 3 0x8000b114 (0x02ca5533) x10 0x00000000
core   0: 0x8000b118 (0x00000013) nop
core   0: 3 0x8000b118 (0x00000013)
core   0: 0x8000b11c (0x033a8e33) mul     t3, s5, s3
core   0: 3 0x8000b11c (0x033a8e33) x28 0x00000000
core   0: 0x8000b120 (0x024e1b33) mulh    s6, t3, tp
core   0: 3 0x8000b120 (0x024e1b33) x22 0x00000000
core   0: 0x8000b124 (0x016be863) bltu    s7, s6, pc + 16
core   0: 3 0x8000b124 (0x016be863)
core   0: 0x8000b128 (0x033683b3) mul     t2, a3, s3
core   0: 3 0x8000b128 (0x033683b3) x 7 0x00000000
core   0: 0x8000b12c (0x011a1593) slli    a1, s4, 17
core   0: 3 0x8000b12c (0x011a1593) x11 0x00000000
core   0: 0x8000b130 (0x0344cd33) div     s10, s1, s4
core   0: 3 0x8000b130 (0x0344cd33) x26 0xffffffff
core   0: 0x8000b134 (0x00000013) nop
core   0: 3 0x8000b134 (0x00000013)
core   0: 0x8000b138 (0x04e1e663) bltu    gp, a4, pc + 76
core   0: 3 0x8000b138 (0x04e1e663)
core   0: 0x8000b184 (0x9f564713) xori    a4, a2, -1547
core   0: 3 0x8000b184 (0x9f564713) x14 0x7ffff9f5
core   0: 0x8000b188 (0x3acb4293) xori    t0, s6, 940
core   0: 3 0x8000b188 (0x3acb4293) x 5 0x000003ac
core   0: 0x8000b18c (0x313e9137) lui     sp, 0x313e9
core   0: 3 0x8000b18c (0x313e9137) x 2 0x313e9000
core   0: 0x8000b190 (0x80e8ca93) xori    s5, a7, -2034
core   0: 3 0x8000b190 (0x80e8ca93) x21 0xfffff8b3
core   0: 0x8000b194 (0x6395e193) ori     gp, a1, 1593
core   0: 3 0x8000b194 (0x6395e193) x 3 0x00000639
core   0: 0x8000b198 (0x00000013) nop
core   0: 3 0x8000b198 (0x00000013)
core   0: 0x8000b19c (0x031fd3b3) divu    t2, t6, a7
core   0: 3 0x8000b19c (0x031fd3b3) x 7 0x012d5bda
core   0: 0x8000b1a0 (0xcb118797) auipc   a5, 0xcb118
core   0: 3 0x8000b1a0 (0xcb118797) x15 0x4b1231a0
core   0: 0x8000b1a4 (0x00caf433) and     s0, s5, a2
core   0: 3 0x8000b1a4 (0x00caf433) x 8 0x80000000
core   0: 0x8000b1a8 (0x027f7933) remu    s2, t5, t2
core   0: 3 0x8000b1a8 (0x027f7933) x18 0x008d2435
core   0: 0x8000b1ac (0x0243dfb3) divu    t6, t2, tp
core   0: 3 0x8000b1ac (0x0243dfb3) x31 0xffffffff
core   0: 0x8000b1b0 (0x01dede93) srli    t4, t4, 29
core   0: 3 0x8000b1b0 (0x01dede93) x29 0x00000000
core   0: 0x8000b1b4 (0x007358b3) srl     a7, t1, t2
core   0: 3 0x8000b1b4 (0x007358b3) x17 0x0000003f
core   0: 0x8000b1b8 (0x007d1913) slli    s2, s10, 7
core   0: 3 0x8000b1b8 (0x007d1913) x18 0xffffff80
core   0: 0x8000b1bc (0x0332e4b3) rem     s1, t0, s3
core   0: 3 0x8000b1bc (0x0332e4b3) x 9 0x000003ac
core   0: 0x8000b1c0 (0x02e21433) mulh    s0, tp, a4
core   0: 3 0x8000b1c0 (0x02e21433) x 8 0x00000000
core   0: 0x8000b1c4 (0x034e5463) bge     t3, s4, pc + 40
core   0: 3 0x8000b1c4 (0x034e5463)
core   0: 0x8000b1ec (0x0141e863) bltu    gp, s4, pc + 16
core   0: 3 0x8000b1ec (0x0141e863)
core   0: 0x8000b1f0 (0x40b08933) sub     s2, ra, a1
core   0: 3 0x8000b1f0 (0x40b08933) x18 0x7ffda1fb
core   0: 0x8000b1f4 (0x220a4c93) xori    s9, s4, 544
core   0: 3 0x8000b1f4 (0x220a4c93) x25 0x00000220
core   0: 0x8000b1f8 (0x04699263) bne     s3, t1, pc + 68
core   0: 3 0x8000b1f8 (0x04699263)
core   0: 0x8000b23c (0x01688463) beq     a7, s6, pc + 8
core   0: 3 0x8000b23c (0x01688463)
core   0: 0x8000b240 (0x01458663) beq     a1, s4, pc + 12
core   0: 3 0x8000b240 (0x01458663)
core   0: 0x8000b24c (0x03ee2f33) mulhsu  t5, t3, t5
core   0: 3 0x8000b24c (0x03ee2f33) x30 0x00000000
core   0: 0x8000b250 (0x875ef597) auipc   a1, 0x875ef
core   0: 3 0x8000b250 (0x875ef597) x11 0x075fa250
core   0: 0x8000b254 (0x023f1ab3) mulh    s5, t5, gp
core   0: 3 0x8000b254 (0x023f1ab3) x21 0x00000000
core   0: 0x8000b258 (0x017dd113) srli    sp, s11, 23
core   0: 3 0x8000b258 (0x017dd113) x 2 0x00000000
core   0: 0x8000b25c (0x00acb6b3) sltu    a3, s9, a0
core   0: 3 0x8000b25c (0x00acb6b3) x13 0x00000000
core   0: 0x8000b260 (0x00bc1b33) sll     s6, s8, a1
core   0: 3 0x8000b260 (0x00bc1b33) x22 0x9ce40000
core   0: 0x8000b264 (0x011401b3) add     gp, s0, a7
core   0: 3 0x8000b264 (0x011401b3) x 3 0x0000003f
core   0: 0x8000b268 (0x01d30ab3) add     s5, t1, t4
core   0: 3 0x8000b268 (0x01d30ab3) x21 0xffffffff
core   0: 0x8000b26c (0x00000013) nop
core   0: 3 0x8000b26c (0x00000013)
core   0: 0x8000b270 (0x03cf4133) div     sp, t5, t3
core   0: 3 0x8000b270 (0x03cf4133) x 2 0xffffffff
core   0: 0x8000b274 (0x02642fb3) mulhsu  t6, s0, t1
core   0: 3 0x8000b274 (0x02642fb3) x31 0x00000000
core   0: 0x8000b278 (0xf759aab7) lui     s5, 0xf759a
core   0: 3 0x8000b278 (0xf759aab7) x21 0xf759a000
core   0: 0x8000b27c (0x009a9d13) slli    s10, s5, 9
core   0: 3 0x8000b27c (0x009a9d13) x26 0xb3400000
core   0: 0x8000b280 (0x41035933) sra     s2, t1, a6
core   0: 3 0x8000b280 (0x41035933) x18 0xffffffff
core   0: 0x8000b284 (0x035afcb3) remu    s9, s5, s5
core   0: 3 0x8000b284 (0x035afcb3) x25 0x00000000
core   0: 0x8000b288 (0x01fe8263) beq     t4, t6, pc + 4
core   0: 3 0x8000b288 (0x01fe8263)
core   0: 0x8000b28c (0xe70ea393) slti    t2, t4, -400
core   0: 3 0x8000b28c (0xe70ea393) x 7 0x00000000
core   0: 0x8000b290 (0x4147d513) srai    a0, a5, 20
core   0: 3 0x8000b290 (0x4147d513) x10 0x000004b1
core   0: 0x8000b294 (0xf1608913) addi    s2, ra, -234
core   0: 3 0x8000b294 (0xf1608913) x18 0x7ffda111
core   0: 0x8000b298 (0x033b94b3) mulh    s1, s7, s3
core   0: 3 0x8000b298 (0x033b94b3) x 9 0x00000000
core   0: 0x8000b29c (0x6f97ef93) ori     t6, a5, 1785
core   0: 3 0x8000b29c (0x6f97ef93) x31 0x4b1237f9
core   0: 0x8000b2a0 (0x03879033) mulh    zero, a5, s8
core   0: 3 0x8000b2a0 (0x03879033)
core   0: 0x8000b2a4 (0x2f708093) addi    ra, ra, 759
core   0: 3 0x8000b2a4 (0x2f708093) x 1 0x7ffda4f2
core   0: 0x8000b2a8 (0x003d4cb3) xor     s9, s10, gp
core   0: 3 0x8000b2a8 (0x003d4cb3) x25 0xb340003f
core   0: 0x8000b2ac (0x011d83b3) add     t2, s11, a7
core   0: 3 0x8000b2ac (0x011d83b3) x 7 0x0000003f
core   0: 0x8000b2b0 (0x30900a13) li      s4, 777
core   0: 3 0x8000b2b0 (0x30900a13) x20 0x00000309
core   0: 0x8000b2b4 (0x01aa9b93) slli    s7, s5, 26
core   0: 3 0x8000b2b4 (0x01aa9b93) x23 0x00000000
core   0: 0x8000b2b8 (0x8caec093) xori    ra, t4, -1846
core   0: 3 0x8000b2b8 (0x8caec093) x 1 0xfffff8ca
core   0: 0x8000b2bc (0x027609b3) mul     s3, a2, t2
core   0: 3 0x8000b2bc (0x027609b3) x19 0x80000000
core   0: 0x8000b2c0 (0x0191ea33) or      s4, gp, s9
core   0: 3 0x8000b2c0 (0x0191ea33) x20 0xb340003f
core   0: 0x8000b2c4 (0x0064ddb3) srl     s11, s1, t1
core   0: 3 0x8000b2c4 (0x0064ddb3) x27 0x00000000
core   0: 0x8000b2c8 (0x03934033) div     zero, t1, s9
core   0: 3 0x8000b2c8 (0x03934033)
core   0: 0x8000b2cc (0x02b06a63) bltu    zero, a1, pc + 52
core   0: 3 0x8000b2cc (0x02b06a63)
core   0: 0x8000b300 (0x03b35c63) bge     t1, s11, pc + 56
core   0: 3 0x8000b300 (0x03b35c63)
core   0: 0x8000b304 (0x0078edb3) or      s11, a7, t2
core   0: 3 0x8000b304 (0x0078edb3) x27 0x0000003f
core   0: 0x8000b308 (0x011ed463) bge     t4, a7, pc + 8
core   0: 3 0x8000b308 (0x011ed463)
core   0: 0x8000b30c (0x02c5d433) divu    s0, a1, a2
core   0: 3 0x8000b30c (0x02c5d433) x 8 0x00000000
core   0: 0x8000b310 (0x016f5d93) srli    s11, t5, 22
core   0: 3 0x8000b310 (0x016f5d93) x27 0x00000000
core   0: 0x8000b314 (0x00000013) nop
core   0: 3 0x8000b314 (0x00000013)
core   0: 0x8000b318 (0x02068463) beqz    a3, pc + 40
core   0: 3 0x8000b318 (0x02068463)
core   0: 0x8000b340 (0x9617b1b7) lui     gp, 0x9617b
core   0: 3 0x8000b340 (0x9617b1b7) x 3 0x9617b000
core   0: 0x8000b344 (0x0291c263) blt     gp, s1, pc + 36
core   0: 3 0x8000b344 (0x0291c263)
core   0: 0x8000b368 (0x018de433) or      s0, s11, s8
core   0: 3 0x8000b368 (0x018de433) x 8 0x80029ce4
core   0: 0x8000b36c (0x70ef0b93) addi    s7, t5, 1806
core   0: 3 0x8000b36c (0x70ef0b93) x23 0x0000070e
core   0: 0x8000b370 (0xc2eca213) slti    tp, s9, -978
core   0: 3 0x8000b370 (0xc2eca213) x 4 0x00000001
core   0: 0x8000b374 (0x01f20bb3) add     s7, tp, t6
core   0: 3 0x8000b374 (0x01f20bb3) x23 0x4b1237fa
core   0: 0x8000b378 (0x004aecb3) or      s9, s5, tp
core   0: 3 0x8000b378 (0x004aecb3) x25 0xf759a001
core   0: 0x8000b37c (0x03ed0063) beq     s10, t5, pc + 32
core   0: 3 0x8000b37c (0x03ed0063)
core   0: 0x8000b380 (0x00b70ab3) add     s5, a4, a1
core   0: 3 0x8000b380 (0x00b70ab3) x21 0x875f9c45
core   0: 0x8000b384 (0x00f11893) slli    a7, sp, 15
core   0: 3 0x8000b384 (0x00f11893) x17 0xffff8000
core   0: 0x8000b388 (0x1ba7b893) sltiu   a7, a5, 442
core   0: 3 0x8000b388 (0x1ba7b893) x17 0x00000000
core   0: 0x8000b38c (0x0096c5b3) xor     a1, a3, s1
core   0: 3 0x8000b38c (0x0096c5b3) x11 0x00000000
core   0: 0x8000b390 (0x03f1ea33) rem     s4, gp, t6
core   0: 3 0x8000b390 (0x03f1ea33) x20 0xe129e7f9
core   0: 0x8000b394 (0x0140b5b3) sltu    a1, ra, s4
core   0: 3 0x8000b394 (0x0140b5b3) x11 0x00000000
core   0: 0x8000b398 (0x00c373b3) and     t2, t1, a2
core   0: 3 0x8000b398 (0x00c373b3) x 7 0x80000000
core   0: 0x8000b39c (0x75801bef) jal     s7, pc + 0x1758
core   0: 3 0x8000b39c (0x75801bef) x23 0x8000b3a0
core   0: 0x8000caf4 (0xfcc80813) addi    a6, a6, -52
core   0: 3 0x8000caf4 (0xfcc80813) x16 0x80025dd0
core   0: 0x8000caf8 (0x00969f33) sll     t5, a3, s1
core   0: 3 0x8000caf8 (0x00969f33) x30 0x00000000
core   0: 0x8000cafc (0x41af8a33) sub     s4, t6, s10
core   0: 3 0x8000cafc (0x41af8a33) x20 0x97d237f9
core   0: 0x8000cb00 (0x01782223) sw      s7, 4(a6)
core   0: 3 0x8000cb00 (0x01782223) mem 0x80025dd4 0x8000b3a0
core   0: 0x8000cb04 (0x017bd133) srl     sp, s7, s7
core   0: 3 0x8000cb04 (0x017bd133) x 2 0x8000b3a0
core   0: 0x8000cb08 (0xb225b693) sltiu   a3, a1, -1246
core   0: 3 0x8000cb08 (0xb225b693) x13 0x00000001
core   0: 0x8000cb0c (0x014f1ab3) sll     s5, t5, s4
core   0: 3 0x8000cb0c (0x014f1ab3) x21 0x00000000
core   0: 0x8000cb10 (0x40225f13) srai    t5, tp, 2
core   0: 3 0x8000cb10 (0x40225f13) x30 0x00000000
core   0: 0x8000cb14 (0x0372c733) div     a4, t0, s7
core   0: 3 0x8000cb14 (0x0372c733) x14 0x00000000
core   0: 0x8000cb18 (0x01413033) sltu    zero, sp, s4
core   0: 3 0x8000cb18 (0x01413033)
core   0: 0x8000cb1c (0x06284493) xori    s1, a6, 98
core   0: 3 0x8000cb1c (0x06284493) x 9 0x80025db2
core   0: 0x8000cb20 (0x0000f517) auipc   a0, 0xf
core   0: 3 0x8000cb20 (0x0000f517) x10 0x8001bb20
core   0: 0x8000cb24 (0x66c50513) addi    a0, a0, 1644
core   0: 3 0x8000cb24 (0x66c50513) x10 0x8001c18c
core   0: 0x8000cb28 (0x00000013) nop
core   0: 3 0x8000cb28 (0x00000013)
core   0: 0x8000cb2c (0x40ddde13) srai    t3, s11, 13
core   0: 3 0x8000cb2c (0x40ddde13) x28 0x00000000
core   0: 0x8000cb30 (0x021a0e33) mul     t3, s4, ra
core   0: 3 0x8000cb30 (0x021a0e33) x28 0x3a20627a
core   0: 0x8000cb34 (0x036ca433) mulhsu  s0, s9, s6
core   0: 3 0x8000cb34 (0x036ca433) x 8 0xfab2e953
core   0: 0x8000cb38 (0x013b35b3) sltu    a1, s6, s3
core   0: 3 0x8000cb38 (0x013b35b3) x11 0x00000000
core   0: 0x8000cb3c (0x01dfd1b3) srl     gp, t6, t4
core   0: 3 0x8000cb3c (0x01dfd1b3) x 3 0x4b1237f9
core   0: 0x8000cb40 (0x032c3933) mulhu   s2, s8, s2
core   0: 3 0x8000cb40 (0x032c3933) x18 0x40001ef4
core   0: 0x8000cb44 (0xe6a54a83) lbu     s5, -406(a0)
core   0: 3 0x8000cb44 (0xe6a54a83) x21 0x0000000d mem 0x8001bff6
core   0: 0x8000cb48 (0x05c50403) lb      s0, 92(a0)
core   0: 3 0x8000cb48 (0x05c50403) x 8 0xffffffab mem 0x8001c1e8
core   0: 0x8000cb4c (0x022286b3) mul     a3, t0, sp
core   0: 3 0x8000cb4c (0x022286b3) x13 0x02938f80
core   0: 0x8000cb50 (0x015df117) auipc   sp, 0x15df
core   0: 3 0x8000cb50 (0x015df117) x 2 0x815ebb50
core   0: 0x8000cb54 (0xd997b993) sltiu   s3, a5, -615
core   0: 3 0x8000cb54 (0xd997b993) x19 0x00000001
core   0: 0x8000cb58 (0x02d79ab3) mulh    s5, a5, a3
core   0: 3 0x8000cb58 (0x02d79ab3) x21 0x00c169ea
core   0: 0x8000cb5c (0x510506a3) sb      a6, 1293(a0)
core   0: 3 0x8000cb5c (0x510506a3) mem 0x8001c699 0xd0
core   0: 0x8000cb60 (0x35b54083) lbu     ra, 859(a0)
core   0: 3 0x8000cb60 (0x35b54083) x 1 0x000000c1 mem 0x8001c4e7
core   0: 0x8000cb64 (0xad450523) sb      s4, -1334(a0)
core   0: 3 0x8000cb64 (0xad450523) mem 0x8001bc56 0xf9
core   0: 0x8000cb68 (0xff852223) sw      s8, -28(a0)
core   0: 3 0x8000cb68 (0xff852223) mem 0x8001c170 0x80029ce4
core   0: 0x8000cb6c (0x026a42b3) div     t0, s4, t1
core   0: 3 0x8000cb6c (0x026a42b3) x 5 0x682dc807
core   0: 0x8000cb70 (0x57250da3) sb      s2, 1403(a0)
core   0: 3 0x8000cb70 (0x57250da3) mem 0x8001c707 0xf4
core   0: 0x8000cb74 (0xb4750b83) lb      s7, -1209(a0)
core   0: 3 0x8000cb74 (0xb4750b83) x23 0x00000009 mem 0x8001bcd3
core   0: 0x8000cb78 (0xb2950523) sb      s1, -1238(a0)
core   0: 3 0x8000cb78 (0xb2950523) mem 0x8001bcb6 0xb2
core   0: 0x8000cb7c (0x34254b83) lbu     s7, 834(a0)
core   0: 3 0x8000cb7c (0x34254b83) x23 0x0000004f mem 0x8001c4ce
core   0: 0x8000cb80 (0x5a852103) lw      sp, 1448(a0)
core   0: 3 0x8000cb80 (0x5a852103) x 2 0xbba01030 mem 0x8001c734
core   0: 0x8000cb84 (0x00a509a3) sb      a0, 19(a0)
core   0: 3 0x8000cb84 (0x00a509a3) mem 0x8001c19f 0x8c
core   0: 0x8000cb88 (0x05450923) sb      s4, 82(a0)
core   0: 3 0x8000cb88 (0x05450923) mem 0x8001c1de 0xf9
core   0: 0x8000cb8c (0x417d55b3) sra     a1, s10, s7
core   0: 3 0x8000cb8c (0x417d55b3) x11 0xffff6680
core   0: 0x8000cb90 (0x028ffcb3) remu    s9, t6, s0
core   0: 3 0x8000cb90 (0x028ffcb3) x25 0x4b1237f9
core   0: 0x8000cb94 (0x69855883) lhu     a7, 1688(a0)
core   0: 3 0x8000cb94 (0x69855883) x17 0x00006459 mem 0x8001c824
core   0: 0x8000cb98 (0x8d050a23) sb      a6, -1836(a0)
core   0: 3 0x8000cb98 (0x8d050a23) mem 0x8001ba60 0xd0
core   0: 0x8000cb9c (0x00000013) nop
core   0: 3 0x8000cb9c (0x00000013)
core   0: 0x8000cba0 (0x039ab8b3) mulhu   a7, s5, s9
core   0: 3 0x8000cba0 (0x039ab8b3) x17 0x0038b7cb
core   0: 0x8000cba4 (0x17512013) slti    zero, sp, 373
core   0: 3 0x8000cba4 (0x17512013)
core   0: 0x8000cba8 (0x8d450723) sb      s4, -1842(a0)
core   0: 3 0x8000cba8 (0x8d450723) mem 0x8001ba5a 0xf9
core   0: 0x8000cbac (0xbe76e017) auipc   zero, 0xbe76e
core   0: 3 0x8000cbac (0xbe76e017)
core   0: 0x8000cbb0 (0xe7154383) lbu     t2, -399(a0)
core   0: 3 0x8000cbb0 (0xe7154383) x 7 0x00000026 mem 0x8001bffd
core   0: 0x8000cbb4 (0x00045c93) srli    s9, s0, 0
core   0: 3 0x8000cbb4 (0x00045c93) x25 0xffffffab
core   0: 0x8000cbb8 (0x018c27b3) slt     a5, s8, s8
core   0: 3 0x8000cbb8 (0x018c27b3) x15 0x00000000
core   0: 0x8000cbbc (0xec664893) xori    a7, a2, -314
core   0: 3 0x8000cbbc (0xec664893) x17 0x7ffffec6
core   0: 0x8000cbc0 (0xad050d83) lb      s11, -1328(a0)
core   0: 3 0x8000cbc0 (0xad050d83) x27 0x0000004a mem 0x8001bc5c
core   0: 0x8000cbc4 (0x0f854703) lbu     a4, 248(a0)
core   0: 3 0x8000cbc4 (0x0f854703) x14 0x000000cc mem 0x8001c284
core   0: 0x8000cbc8 (0x00000013) nop
core   0: 3 0x8000cbc8 (0x00000013)
core   0: 0x8000cbcc (0x00000013) nop
core   0: 3 0x8000cbcc (0x00000013)
core   0: 0x8000cbd0 (0x021ce933) rem     s2, s9, ra
core   0: 3 0x8000cbd0 (0x021ce933) x18 0xffffffab
core   0: 0x8000cbd4 (0x008a49b3) xor     s3, s4, s0
core   0: 3 0x8000cbd4 (0x008a49b3) x19 0x682dc852
core   0: 0x8000cbd8 (0x44b50e03) lb      t3, 1099(a0)
core   0: 3 0x8000cbd8 (0x44b50e03) x28 0x00000055 mem 0x8001c5d7
core   0: 0x8000cbdc (0xcc150c83) lb      s9, -831(a0)
core   0: 3 0x8000cbdc (0xcc150c83) x25 0xffffffe8 mem 0x8001be4d
core   0: 0x8000cbe0 (0x73f54403) lbu     s0, 1855(a0)
core   0: 3 0x8000cbe0 (0x73f54403) x 8 0x000000e7 mem 0x8001c8cb
core   0: 0x8000cbe4 (0x0188ba33) sltu    s4, a7, s8
core   0: 3 0x8000cbe4 (0x0188ba33) x20 0x00000001
core   0: 0x8000cbe8 (0xbca55883) lhu     a7, -1078(a0)
core   0: 3 0x8000cbe8 (0xbca55883) x17 0x000033b8 mem 0x8001bd56
core   0: 0x8000cbec (0x22fe6593) ori     a1, t3, 559
core   0: 3 0x8000cbec (0x22fe6593) x11 0x0000027f
core   0: 0x8000cbf0 (0x02472033) mulhsu  zero, a4, tp
core   0: 3 0x8000cbf0 (0x02472033)
core   0: 0x8000cbf4 (0x28a51d03) lh      s10, 650(a0)
core   0: 3 0x8000cbf4 (0x28a51d03) x26 0xffffa46b mem 0x8001c416
core   0: 0x8000cbf8 (0xf7a55d03) lhu     s10, -134(a0)
core   0: 3 0x8000cbf8 (0xf7a55d03) x26 0x00003c34 mem 0x8001c106
core   0: 0x8000cbfc (0xcd051703) lh      a4, -816(a0)
core   0: 3 0x8000cbfc (0xcd051703) x14 0xffffdf7a mem 0x8001be5c
core   0: 0x8000cc00 (0x21c55a03) lhu     s4, 540(a0)
core   0: 3 0x8000cc00 (0x21c55a03) x20 0x00001528 mem 0x8001c3a8
core   0: 0x8000cc04 (0x03a035b3) mulhu   a1, zero, s10
core   0: 3 0x8000cc04 (0x03a035b3) x11 0x00000000
core   0: 0x8000cc08 (0x01e452b3) srl     t0, s0, t5
core   0: 3 0x8000cc08 (0x01e452b3) x 5 0x000000e7
core   0: 0x8000cc0c (0x0387e433) rem     s0, a5, s8
core   0: 3 0x8000cc0c (0x0387e433) x 8 0x00000000
core   0: 0x8000cc10 (0x01ea93b3) sll     t2, s5, t5
core   0: 3 0x8000cc10 (0x01ea93b3) x 7 0x00c169ea
core   0: 0x8000cc14 (0x025c6333) rem     t1, s8, t0
core   0: 3 0x8000cc14 (0x025c6333) x 6 0xffffff58
core   0: 0x8000cc18 (0x01d662b3) or      t0, a2, t4
core   0: 3 0x8000cc18 (0x01d662b3) x 5 0x80000000
core   0: 0x8000cc1c (0xe6217e13) andi    t3, sp, -414
core   0: 3 0x8000cc1c (0xe6217e13) x28 0xbba01020
core   0: 0x8000cc20 (0x582a7693) andi    a3, s4, 1410
core   0: 3 0x8000cc20 (0x582a7693) x13 0x00000500
core   0: 0x8000cc24 (0x413e57b3) sra     a5, t3, s3
core   0: 3 0x8000cc24 (0x413e57b3) x15 0xffffeee8
core   0: 0x8000cc28 (0x00e24263) blt     tp, a4, pc + 4
core   0: 3 0x8000cc28 (0x00e24263)
core   0: 0x8000cc2c (0x022c7333) remu    t1, s8, sp
core   0: 3 0x8000cc2c (0x022c7333) x 6 0x80029ce4
core   0: 0x8000cc30 (0x0225d8b3) divu    a7, a1, sp
core   0: 3 0x8000cc30 (0x0225d8b3) x17 0x00000000
core   0: 0x8000cc34 (0x013977b3) and     a5, s2, s3
core   0: 3 0x8000cc34 (0x013977b3) x15 0x682dc802
core   0: 0x8000cc38 (0x91a32a97) auipc   s5, 0x91a32
core   0: 3 0x8000cc38 (0x91a32a97) x21 0x11a3ec38
core   0: 0x8000cc3c (0x01783a33) sltu    s4, a6, s7
core   0: 3 0x8000cc3c (0x01783a33) x20 0x00000000
core   0: 0x8000cc40 (0x00f03533) snez    a0, a5
core   0: 3 0x8000cc40 (0x00f03533) x10 0x00000001
core   0: 0x8000cc44 (0x4d046413) ori     s0, s0, 1232
core   0: 3 0x8000cc44 (0x4d046413) x 8 0x000004d0
core   0: 0x8000cc48 (0x9d392893) slti    a7, s2, -1581
core   0: 3 0x8000cc48 (0x9d392893) x17 0x00000000
core   0: 0x8000cc4c (0x41825b93) srai    s7, tp, 24
core   0: 3 0x8000cc4c (0x41825b93) x23 0x00000000
core   0: 0x8000cc50 (0x8f5d2b97) auipc   s7, 0x8f5d2
core   0: 3 0x8000cc50 (0x8f5d2b97) x23 0x0f5dec50
core   0: 0x8000cc54 (0x034fc063) blt     t6, s4, pc + 32
core   0: 3 0x8000cc54 (0x034fc063)
core   0: 0x8000cc58 (0x7fae4113) xori    sp, t3, 2042
core   0: 3 0x8000cc58 (0x7fae4113) x 2 0xbba017da
core   0: 0x8000cc5c (0x00000013) nop
core   0: 3 0x8000cc5c (0x00000013)
core   0: 0x8000cc60 (0x01f91f13) slli    t5, s2, 31
core   0: 3 0x8000cc60 (0x01f91f13) x30 0x80000000
core   0: 0x8000cc64 (0x2d287693) andi    a3, a6, 722
core   0: 3 0x8000cc64 (0x2d287693) x13 0x000000d0
core   0: 0x8000cc68 (0xea50fd17) auipc   s10, 0xea50f
core   0: 3 0x8000cc68 (0xea50fd17) x26 0x6a51bc68
core   0: 0x8000cc6c (0x0118a333) slt     t1, a7, a7
core   0: 3 0x8000cc6c (0x0118a333) x 6 0x00000000
core   0: 0x8000cc70 (0x41ea5793) srai    a5, s4, 30
core   0: 3 0x8000cc70 (0x41ea5793) x15 0x00000000
core   0: 0x8000cc74 (0x40815f93) srai    t6, sp, 8
core   0: 3 0x8000cc74 (0x40815f93) x31 0xffbba017
core   0: 0x8000cc78 (0xfeebba93) sltiu   s5, s7, -18
core   0: 3 0x8000cc78 (0xfeebba93) x21 0x00000001
core   0: 0x8000cc7c (0x407a8f33) sub     t5, s5, t2
core   0: 3 0x8000cc7c (0x407a8f33) x30 0xff3e9617
core   0: 0x8000cc80 (0x41d3de33) sra     t3, t2, t4
core   0: 3 0x8000cc80 (0x41d3de33) x28 0x00c169ea
core   0: 0x8000cc84 (0x03f9a733) mulhsu  a4, s3, t6
core   0: 3 0x8000cc84 (0x03f9a733) x14 0x6811f520
core   0: 0x8000cc88 (0x054a9263) bne     s5, s4, pc + 68
core   0: 3 0x8000cc88 (0x054a9263)
core   0: 0x8000cccc (0x014f7c63) bgeu    t5, s4, pc + 24
core   0: 3 0x8000cccc (0x014f7c63)
core   0: 0x8000cce4 (0x0593d263) bge     t2, s9, pc + 68
core   0: 3 0x8000cce4 (0x0593d263)
core   0: 0x8000cd28 (0x4703aa93) slti    s5, t2, 1136
core   0: 3 0x8000cd28 (0x4703aa93) x21 0x00000000
core   0: 0x8000cd2c (0x03811f33) mulh    t5, sp, s8
core   0: 3 0x8000cd2c (0x03811f33) x30 0x222f416b
core   0: 0x8000cd30 (0x0302b033) mulhu   zero, t0, a6
core   0: 3 0x8000cd30 (0x0302b033)
core   0: 0x8000cd34 (0x032d4533) div     a0, s10, s2
core   0: 3 0x8000cd34 (0x032d4533) x10 0xfebfca96
core   0: 0x8000cd38 (0x0359e333) rem     t1, s3, s5
core   0: 3 0x8000cd38 (0x0359e333) x 6 0x682dc852
core   0: 0x8000cd3c (0x01bf4033) xor     zero, t5, s11
core   0: 3 0x8000cd3c (0x01bf4033)
core   0: 0x8000cd40 (0x40105413) srai    s0, zero, 1
core   0: 3 0x8000cd40 (0x40105413) x 8 0x00000000
core   0: 0x8000cd44 (0x4e216693) ori     a3, sp, 1250
core   0: 3 0x8000cd44 (0x4e216693) x13 0xbba017fa
core   0: 0x8000cd48 (0x031a58b3) divu    a7, s4, a7
core   0: 3 0x8000cd48 (0x031a58b3) x17 0xffffffff
core   0: 0x8000cd4c (0x00000013) nop
core   0: 3 0x8000cd4c (0x00000013)
core   0: 0x8000cd50 (0x010c2ab3) slt     s5, s8, a6
core   0: 3 0x8000cd50 (0x010c2ab3) x21 0x00000000
core   0: 0x8000cd54 (0x003dd733) srl     a4, s11, gp
core   0: 3 0x8000cd54 (0x003dd733) x14 0x00000000
core   0: 0x8000cd58 (0x035722b3) mulhsu  t0, a4, s5
core   0: 3 0x8000cd58 (0x035722b3) x 5 0x00000000
core   0: 0x8000cd5c (0x03f432b3) mulhu   t0, s0, t6
core   0: 3 0x8000cd5c (0x03f432b3) x 5 0x00000000
core   0: 0x8000cd60 (0x03e59433) mulh    s0, a1, t5
core   0: 3 0x8000cd60 (0x03e59433) x 8 0x00000000
core   0: 0x8000cd64 (0x00127733) and     a4, tp, ra
core   0: 3 0x8000cd64 (0x00127733) x14 0x00000001
core   0: 0x8000cd68 (0x02c509b3) mul     s3, a0, a2
core   0: 3 0x8000cd68 (0x02c509b3) x19 0x00000000
core   0: 0x8000cd6c (0x006c5893) srli    a7, s8, 6
core   0: 3 0x8000cd6c (0x006c5893) x17 0x02000a73
core   0: 0x8000cd70 (0x0055ea63) bltu    a1, t0, pc + 20
core   0: 3 0x8000cd70 (0x0055ea63)
core   0: 0x8000cd74 (0xa1d8fd13) andi    s10, a7, -1507
core   0: 3 0x8000cd74 (0xa1d8fd13) x26 0x02000a11
core   0: 0x8000cd78 (0x000bee63) bltu    s7, zero, pc + 28
core   0: 3 0x8000cd78 (0x000bee63)
core   0: 0x8000cd7c (0x00be9693) slli    a3, t4, 11
core   0: 3 0x8000cd7c (0x00be9693) x13 0x00000000
core   0: 0x8000cd80 (0x41478f33) sub     t5, a5, s4
core   0: 3 0x8000cd80 (0x41478f33) x30 0x00000000
core   0: 0x8000cd84 (0x012f5463) bge     t5, s2, pc + 8
core   0: 3 0x8000cd84 (0x012f5463)
core   0: 0x8000cd8c (0x0029b133) sltu    sp, s3, sp
core   0: 3 0x8000cd8c (0x0029b133) x 2 0x00000001
core   0: 0x8000cd90 (0xbecb4413) xori    s0, s6, -1044
core   0: 3 0x8000cd90 (0xbecb4413) x 8 0x631bfbec
core   0: 0x8000cd94 (0x000d4e33) xor     t3, s10, zero
core   0: 3 0x8000cd94 (0x000d4e33) x28 0x02000a11
core   0: 0x8000cd98 (0x001bc463) blt     s7, ra, pc + 8
core   0: 3 0x8000cd98 (0x001bc463)
core   0: 0x8000cd9c (0x38900e13) li      t3, 905
core   0: 3 0x8000cd9c (0x38900e13) x28 0x00000389
core   0: 0x8000cda0 (0x01917133) and     sp, sp, s9
core   0: 3 0x8000cda0 (0x01917133) x 2 0x00000000
core   0: 0x8000cda4 (0x01a75bb3) srl     s7, a4, s10
core   0: 3 0x8000cda4 (0x01a75bb3) x23 0x00000000
core   0: 0x8000cda8 (0x03316063) bltu    sp, s3, pc + 32
core   0: 3 0x8000cda8 (0x03316063)
core   0: 0x8000cdac (0x003fb2b3) sltu    t0, t6, gp
core   0: 3 0x8000cdac (0x003fb2b3) x 5 0x00000000
core   0: 0x8000cdb0 (0x030ce1b3) rem     gp, s9, a6
core   0: 3 0x8000cdb0 (0x030ce1b3) x 3 0xffffffe8
core   0: 0x8000cdb4 (0x412884b3) sub     s1, a7, s2
core   0: 3 0x8000cdb4 (0x412884b3) x 9 0x02000ac8
core   0: 0x8000cdb8 (0x01d581b3) add     gp, a1, t4
core   0: 3 0x8000cdb8 (0x01d581b3) x 3 0x00000000
core   0: 0x8000cdbc (0x03ca6663) bltu    s4, t3, pc + 44
core   0: 3 0x8000cdbc (0x03ca6663)
core   0: 0x8000cde8 (0x03d55eb3) divu    t4, a0, t4
core   0: 3 0x8000cde8 (0x03d55eb3) x29 0xffffffff
core   0: 0x8000cdec (0x013678b3) and     a7, a2, s3
core   0: 3 0x8000cdec (0x013678b3) x17 0x00000000
core   0: 0x8000cdf0 (0x41e58433) sub     s0, a1, t5
core   0: 3 0x8000cdf0 (0x41e58433) x 8 0x00000000
core   0: 0x8000cdf4 (0x04eef463) bgeu    t4, a4, pc + 72
core   0: 3 0x8000cdf4 (0x04eef463)
core   0: 0x8000ce3c (0xf5db7493) andi    s1, s6, -163
core   0: 3 0x8000ce3c (0xf5db7493) x 9 0x9ce40000
core   0: 0x8000ce40 (0x00000013) nop
core   0: 3 0x8000ce40 (0x00000013)
core   0: 0x8000ce44 (0x00abc033) xor     zero, s7, a0
core   0: 3 0x8000ce44 (0x00abc033)
core   0: 0x8000ce48 (0x024000b3) mul     ra, zero, tp
core   0: 3 0x8000ce48 (0x024000b3) x 1 0x00000000
core   0: 0x8000ce4c (0x013789b3) add     s3, a5, s3
core   0: 3 0x8000ce4c (0x013789b3) x19 0x00000000
core   0: 0x8000ce50 (0x00da9093) slli    ra, s5, 13
core   0: 3 0x8000ce50 (0x00da9093) x 1 0x00000000
core   0: 0x8000ce54 (0x026c2bb3) mulhsu  s7, s8, t1
core   0: 3 0x8000ce54 (0x026c2bb3) x23 0xcbea2c0b
core   0: 0x8000ce58 (0x0156f463) bgeu    a3, s5, pc + 8
core   0: 3 0x8000ce58 (0x0156f463)
core   0: 0x8000ce60 (0x01c1cf33) xor     t5, gp, t3
core   0: 3 0x8000ce60 (0x01c1cf33) x30 0x00000389
core   0: 0x8000ce64 (0x00482b83) lw      s7, 4(a6)
core   0: 3 0x8000ce64 (0x00482b83) x23 0x8000b3a0 mem 0x80025dd4
core   0: 0x8000ce68 (0x8e1fc793) xori    a5, t6, -1823
core   0: 3 0x8000ce68 (0x8e1fc793) x15 0x004458f6
core   0: 0x8000ce6c (0x026cdf33) divu    t5, s9, t1
core   0: 3 0x8000ce6c (0x026cdf33) x30 0x00000002
core   0: 0x8000ce70 (0x03480813) addi    a6, a6, 52
core   0: 3 0x8000ce70 (0x03480813) x16 0x80025e04
core   0: 0x8000ce74 (0x02bb4933) div     s2, s6, a1
core   0: 3 0x8000ce74 (0x02bb4933) x18 0xffffffff
core   0: 0x8000ce78 (0x00f10933) add     s2, sp, a5
core   0: 3 0x8000ce78 (0x00f10933) x18 0x004458f6
core   0: 0x8000ce7c (0x01781993) slli    s3, a6, 23
core   0: 3 0x8000ce7c (0x01781993) x19 0x02000000
core   0: 0x8000ce80 (0x013a6a33) or      s4, s4, s3
core   0: 3 0x8000ce80 (0x013a6a33) x20 0x02000000
core   0: 0x8000ce84 (0x000b8d93) mv      s11, s7
core   0: 3 0x8000ce84 (0x000b8d93) x27 0x8000b3a0
core   0: 0x8000ce88 (0x000d8de7) jalr    s11, s11, 0
core   0: 3 0x8000ce88 (0x000d8de7) x27 0x8000ce8c
core   0: 0x8000b3a0 (0x00000013) nop
core   0: 3 0x8000b3a0 (0x00000013)
core   0: 0x8000b3a4 (0xca687713) andi    a4, a6, -858
core   0: 3 0x8000b3a4 (0xca687713) x14 0x80025c04
core   0: 0x8000b3a8 (0xbf46ad13) slti    s10, a3, -1036
core   0: 3 0x8000b3a8 (0xbf46ad13) x26 0x00000000
core   0: 0x8000b3ac (0x00f93433) sltu    s0, s2, a5
core   0: 3 0x8000b3ac (0x00f93433) x 8 0x00000000
core   0: 0x8000b3b0 (0x02b1a333) mulhsu  t1, gp, a1
core   0: 3 0x8000b3b0 (0x02b1a333) x 6 0x00000000
core   0: 0x8000b3b4 (0x5a218f93) addi    t6, gp, 1442
core   0: 3 0x8000b3b4 (0x5a218f93) x31 0x000005a2
core   0: 0x8000b3b8 (0x039f2333) mulhsu  t1, t5, s9
core   0: 3 0x8000b3b8 (0x039f2333) x 6 0x00000001
core   0: 0x8000b3bc (0x03801233) mulh    tp, zero, s8
core   0: 3 0x8000b3bc (0x03801233) x 4 0x00000000
core   0: 0x8000b3c0 (0x025b4b33) div     s6, s6, t0
core   0: 3 0x8000b3c0 (0x025b4b33) x22 0xffffffff
core   0: 0x8000b3c4 (0x02df45b3) div     a1, t5, a3
core   0: 3 0x8000b3c4 (0x02df45b3) x11 0xffffffff
core   0: 0x8000b3c8 (0xcdc82d93) slti    s11, a6, -804
core   0: 3 0x8000b3c8 (0xcdc82d93) x27 0x00000001
core   0: 0x8000b3cc (0x03384033) div     zero, a6, s3
core   0: 3 0x8000b3cc (0x03384033)
core   0: 0x8000b3d0 (0x001577b3) and     a5, a0, ra
core   0: 3 0x8000b3d0 (0x001577b3) x15 0x00000000
core   0: 0x8000b3d4 (0x015247b3) xor     a5, tp, s5
core   0: 3 0x8000b3d4 (0x015247b3) x15 0x00000000
core   0: 0x8000b3d8 (0x05799463) bne     s3, s7, pc + 72
core   0: 3 0x8000b3d8 (0x05799463)
core   0: 0x8000b420 (0x007c1d33) sll     s10, s8, t2
core   0: 3 0x8000b420 (0x007c1d33) x26 0x0a739000
core   0: 0x8000b424 (0x98c2ea93) ori     s5, t0, -1652
core   0: 3 0x8000b424 (0x98c2ea93) x21 0xfffff98c
core   0: 0x8000b428 (0x01afd793) srli    a5, t6, 26
core   0: 3 0x8000b428 (0x01afd793) x15 0x00000000
core   0: 0x8000b42c (0x02909b33) mulh    s6, ra, s1
core   0: 3 0x8000b42c (0x02909b33) x22 0x00000000
core   0: 0x8000b430 (0x02555e33) divu    t3, a0, t0
core   0: 3 0x8000b430 (0x02555e33) x28 0xffffffff
core   0: 0x8000b434 (0x01d67263) bgeu    a2, t4, pc + 4
core   0: 3 0x8000b434 (0x01d67263)
core   0: 0x8000b438 (0x02ad0863) beq     s10, a0, pc + 48
core   0: 3 0x8000b438 (0x02ad0863)
core   0: 0x8000b43c (0xd373b113) sltiu   sp, t2, -713
core   0: 3 0x8000b43c (0xd373b113) x 2 0x00000001
core   0: 0x8000b440 (0x0486d463) bge     a3, s0, pc + 72
core   0: 3 0x8000b440 (0x0486d463)
core   0: 0x8000b488 (0x01c29fb3) sll     t6, t0, t3
core   0: 3 0x8000b488 (0x01c29fb3) x31 0x00000000
core   0: 0x8000b48c (0xdde48993) addi    s3, s1, -546
core   0: 3 0x8000b48c (0xdde48993) x19 0x9ce3fdde
core   0: 0x8000b490 (0x013e1663) bne     t3, s3, pc + 12
core   0: 3 0x8000b490 (0x013e1663)
core   0: 0x8000b49c (0x039f4e33) div     t3, t5, s9
core   0: 3 0x8000b49c (0x039f4e33) x28 0x00000000
core   0: 0x8000b4a0 (0x031ebbb3) mulhu   s7, t4, a7
core   0: 3 0x8000b4a0 (0x031ebbb3) x23 0x00000000
core   0: 0x8000b4a4 (0x03c501b3) mul     gp, a0, t3
core   0: 3 0x8000b4a4 (0x03c501b3) x 3 0x00000000
core   0: 0x8000b4a8 (0x0331da63) bge     gp, s3, pc + 52
core   0: 3 0x8000b4a8 (0x0331da63)
core   0: 0x8000b4dc (0x00000013) nop
core   0: 3 0x8000b4dc (0x00000013)
core   0: 0x8000b4e0 (0x50e66993) ori     s3, a2, 1294
core   0: 3 0x8000b4e0 (0x50e66993) x19 0x8000050e
core   0: 0x8000b4e4 (0x0104ee33) or      t3, s1, a6
core   0: 3 0x8000b4e4 (0x0104ee33) x28 0x9ce65e04
core   0: 0x8000b4e8 (0x2ba6bb93) sltiu   s7, a3, 698
core   0: 3 0x8000b4e8 (0x2ba6bb93) x23 0x00000001
core   0: 0x8000b4ec (0x3a418213) addi    tp, gp, 932
core   0: 3 0x8000b4ec (0x3a418213) x 4 0x000003a4
core   0: 0x8000b4f0 (0x03f54233) div     tp, a0, t6
core   0: 3 0x8000b4f0 (0x03f54233) x 4 0xffffffff
core   0: 0x8000b4f4 (0x001f1e13) slli    t3, t5, 1
core   0: 3 0x8000b4f4 (0x001f1e13) x28 0x00000004
core   0: 0x8000b4f8 (0x0104ea33) or      s4, s1, a6
core   0: 3 0x8000b4f8 (0x0104ea33) x20 0x9ce65e04
core   0: 0x8000b4fc (0x02ace6b3) rem     a3, s9, a0
core   0: 3 0x8000b4fc (0x02ace6b3) x13 0xffffffe8
core   0: 0x8000b500 (0x74119f37) lui     t5, 0x74119
core   0: 3 0x8000b500 (0x74119f37) x30 0x74119000
core   0: 0x8000b504 (0x411cd093) srai    ra, s9, 17
core   0: 3 0x8000b504 (0x411cd093) x 1 0xffffffff
core   0: 0x8000b508 (0x01561733) sll     a4, a2, s5
core   0: 3 0x8000b508 (0x01561733) x14 0x00000000
core   0: 0x8000b50c (0x7d0a2793) slti    a5, s4, 2000
core   0: 3 0x8000b50c (0x7d0a2793) x15 0x00000001
core   0: 0x8000b510 (0x025c4263) blt     s8, t0, pc + 36
core   0: 3 0x8000b510 (0x025c4263)
core   0: 0x8000b534 (0x00a17933) and     s2, sp, a0
core   0: 3 0x8000b534 (0x00a17933) x18 0x00000000
core   0: 0x8000b538 (0x03b505b3) mul     a1, a0, s11
core   0: 3 0x8000b538 (0x03b505b3) x11 0xfebfca96
core   0: 0x8000b53c (0x02f5ad33) mulhsu  s10, a1, a5
core   0: 3 0x8000b53c (0x02f5ad33) x26 0xffffffff
core   0: 0x8000b540 (0x02f95263) bge     s2, a5, pc + 36
core   0: 3 0x8000b540 (0x02f95263)
core   0: 0x8000b544 (0x0245b533) mulhu   a0, a1, tp
core   0: 3 0x8000b544 (0x0245b533) x10 0xfebfca95
core   0: 0x8000b548 (0x571d6f37) lui     t5, 0x571d6
core   0: 3 0x8000b548 (0x571d6f37) x30 0x571d6000
core   0: 0x8000b54c (0xc0fa6997) auipc   s3, 0xc0fa6
core   0: 3 0x8000b54c (0xc0fa6997) x19 0x40fb154c
core   0: 0x8000b550 (0x01420263) beq     tp, s4, pc + 4
core   0: 3 0x8000b550 (0x01420263)
core   0: 0x8000b554 (0x4031dc93) srai    s9, gp, 3
core   0: 3 0x8000b554 (0x4031dc93) x25 0x00000000
core   0: 0x8000b558 (0x016ff333) and     t1, t6, s6
core   0: 3 0x8000b558 (0x016ff333) x 6 0x00000000
core   0: 0x8000b55c (0x7027b093) sltiu   ra, a5, 1794
core   0: 3 0x8000b55c (0x7027b093) x 1 0x00000001
core   0: 0x8000b560 (0x0047df33) srl     t5, a5, tp
core   0: 3 0x8000b560 (0x0047df33) x30 0x00000000
core   0: 0x8000b564 (0x03837263) bgeu    t1, s8, pc + 36
core   0: 3 0x8000b564 (0x03837263)
core   0: 0x8000b568 (0x41975c93) srai    s9, a4, 25
core   0: 3 0x8000b568 (0x41975c93) x25 0x00000000
core   0: 0x8000b56c (0x04478263) beq     a5, tp, pc + 68
core   0: 3 0x8000b56c (0x04478263)
core   0: 0x8000b570 (0x00e732b3) sltu    t0, a4, a4
core   0: 3 0x8000b570 (0x00e732b3) x 5 0x00000000
core   0: 0x8000b574 (0x03ab38b3) mulhu   a7, s6, s10
core   0: 3 0x8000b574 (0x03ab38b3) x17 0x00000000
core   0: 0x8000b578 (0xd432a037) lui     zero, 0xd432a
core   0: 3 0x8000b578 (0xd432a037)
core   0: 0x8000b57c (0x04457663) bgeu    a0, tp, pc + 76
core   0: 3 0x8000b57c (0x04457663)
core   0: 0x8000b580 (0x0374d5b3) divu    a1, s1, s7
core   0: 3 0x8000b580 (0x0374d5b3) x11 0x9ce40000
core   0: 0x8000b584 (0x021d8e33) mul     t3, s11, ra
core   0: 3 0x8000b584 (0x021d8e33) x28 0x00000001
core   0: 0x8000b588 (0x0306d433) divu    s0, a3, a6
core   0: 3 0x8000b588 (0x0306d433) x 8 0x00000001
core   0: 0x8000b58c (0x6c7eae13) slti    t3, t4, 1735
core   0: 3 0x8000b58c (0x6c7eae13) x28 0x00000001
core   0: 0x8000b590 (0x2051c093) xori    ra, gp, 517
core   0: 3 0x8000b590 (0x2051c093) x 1 0x00000205
core   0: 0x8000b594 (0x01204ab3) xor     s5, zero, s2
core   0: 3 0x8000b594 (0x01204ab3) x21 0x00000000
core   0: 0x8000b598 (0x00c69213) slli    tp, a3, 12
core   0: 3 0x8000b598 (0x00c69213) x 4 0xfffe8000
core   0: 0x8000b59c (0x4001ddb3) sra     s11, gp, zero
core   0: 3 0x8000b59c (0x4001ddb3) x27 0x00000000
core   0: 0x8000b5a0 (0x4178dab3) sra     s5, a7, s7
core   0: 3 0x8000b5a0 (0x4178dab3) x21 0x00000000
core   0: 0x8000b5a4 (0xcbeb8437) lui     s0, 0xcbeb8
core   0: 3 0x8000b5a4 (0xcbeb8437) x 8 0xcbeb8000
core   0: 0x8000b5a8 (0x01dcffb3) and     t6, s9, t4
core   0: 3 0x8000b5a8 (0x01dcffb3) x31 0x00000000
core   0: 0x8000b5ac (0x03fc0233) mul     tp, s8, t6
core   0: 3 0x8000b5ac (0x03fc0233) x 4 0x00000000
core   0: 0x8000b5b0 (0x0004c463) bltz    s1, pc + 8
core   0: 3 0x8000b5b0 (0x0004c463)
core   0: 0x8000b5b8 (0x0124dcb3) srl     s9, s1, s2
core   0: 3 0x8000b5b8 (0x0124dcb3) x25 0x9ce40000
core   0: 0x8000b5bc (0x009be733) or      a4, s7, s1
core   0: 3 0x8000b5bc (0x009be733) x14 0x9ce40001
core   0: 0x8000b5c0 (0x0106ea33) or      s4, a3, a6
core   0: 3 0x8000b5c0 (0x0106ea33) x20 0xffffffec
core   0: 0x8000b5c4 (0x020f36b3) mulhu   a3, t5, zero
core   0: 3 0x8000b5c4 (0x020f36b3) x13 0x00000000
core   0: 0x8000b5c8 (0x9f4f4f93) xori    t6, t5, -1548
core   0: 3 0x8000b5c8 (0x9f4f4f93) x31 0xfffff9f4
core   0: 0x8000b5cc (0x00000013) nop
core   0: 3 0x8000b5cc (0x00000013)
core   0: 0x8000b5d0 (0x41ec5993) srai    s3, s8, 30
core   0: 3 0x8000b5d0 (0x41ec5993) x19 0xfffffffe
core   0: 0x8000b5d4 (0x728a6017) auipc   zero, 0x728a6
core   0: 3 0x8000b5d4 (0x728a6017)
core   0: 0x8000b5d8 (0x01995463) bge     s2, s9, pc + 8
core   0: 3 0x8000b5d8 (0x01995463)
core   0: 0x8000b5e0 (0x035616b3) mulh    a3, a2, s5
core   0: 3 0x8000b5e0 (0x035616b3) x13 0x00000000
core   0: 0x8000b5e4 (0x004144b3) xor     s1, sp, tp
core   0: 3 0x8000b5e4 (0x004144b3) x 9 0x00000001
core   0: 0x8000b5e8 (0x00efce33) xor     t3, t6, a4
core   0: 3 0x8000b5e8 (0x00efce33) x28 0x631bf9f5
core   0: 0x8000b5ec (0x00000013) nop
core   0: 3 0x8000b5ec (0x00000013)
core   0: 0x8000b5f0 (0x03457033) remu    zero, a0, s4
core   0: 3 0x8000b5f0 (0x03457033)
core   0: 0x8000b5f4 (0x01b01663) bne     zero, s11, pc + 12
core   0: 3 0x8000b5f4 (0x01b01663)
core   0: 0x8000b5f8 (0x4009dfb3) sra     t6, s3, zero
core   0: 3 0x8000b5f8 (0x4009dfb3) x31 0xfffffffe
core   0: 0x8000b5fc (0x00626a33) or      s4, tp, t1
core   0: 3 0x8000b5fc (0x00626a33) x20 0x00000000
core   0: 0x8000b600 (0x00f86233) or      tp, a6, a5
core   0: 3 0x8000b600 (0x00f86233) x 4 0x80025e05
core   0: 0x8000b604 (0x02a55c63) bge     a0, a0, pc + 56
core   0: 3 0x8000b604 (0x02a55c63)
core   0: 0x8000b63c (0x027b0233) mul     tp, s6, t2
core   0: 3 0x8000b63c (0x027b0233) x 4 0x00000000
core   0: 0x8000b640 (0xe3a4a193) slti    gp, s1, -454
core   0: 3 0x8000b640 (0xe3a4a193) x 3 0x00000000
core   0: 0x8000b644 (0x4ed6b193) sltiu   gp, a3, 1261
core   0: 3 0x8000b644 (0x4ed6b193) x 3 0x00000001
core   0: 0x8000b648 (0x00831793) slli    a5, t1, 8
core   0: 3 0x8000b648 (0x00831793) x15 0x00000000
core   0: 0x8000b64c (0x01d4ebb3) or      s7, s1, t4
core   0: 3 0x8000b64c (0x01d4ebb3) x23 0xffffffff
core   0: 0x8000b650 (0x485a8693) addi    a3, s5, 1157
core   0: 3 0x8000b650 (0x485a8693) x13 0x00000485
core   0: 0x8000b654 (0x0353a533) mulhsu  a0, t2, s5
core   0: 3 0x8000b654 (0x0353a533) x10 0x00000000
core   0: 0x8000b658 (0x005c9393) slli    t2, s9, 5
core   0: 3 0x8000b658 (0x005c9393) x 7 0x9c800000
core   0: 0x8000b65c (0xb2726a13) ori     s4, tp, -1241
core   0: 3 0x8000b65c (0xb2726a13) x20 0xfffffb27
core   0: 0x8000b660 (0x03540b33) mul     s6, s0, s5
core   0: 3 0x8000b660 (0x03540b33) x22 0x00000000
core   0: 0x8000b664 (0x00482b83) lw      s7, 4(a6)
core   0: 3 0x8000b664 (0x00482b83) x23 0x80008a8c mem 0x80025e08
core   0: 0x8000b668 (0x281b3993) sltiu   s3, s6, 641
core   0: 3 0x8000b668 (0x281b3993) x19 0x00000001
core   0: 0x8000b66c (0x01c80813) addi    a6, a6, 28
core   0: 3 0x8000b66c (0x01c80813) x16 0x80025e20
core   0: 0x8000b670 (0x01ec9d33) sll     s10, s9, t5
core   0: 3 0x8000b670 (0x01ec9d33) x26 0x9ce40000
core   0: 0x8000b674 (0x005df333) and     t1, s11, t0
core   0: 3 0x8000b674 (0x005df333) x 6 0x00000000
core   0: 0x8000b678 (0x01d7f3b3) and     t2, a5, t4
core   0: 3 0x8000b678 (0x01d7f3b3) x 7 0x00000000
core   0: 0x8000b67c (0x0223b233) mulhu   tp, t2, sp
core   0: 3 0x8000b67c (0x0223b233) x 4 0x00000000
core   0: 0x8000b680 (0x008af133) and     sp, s5, s0
core   0: 3 0x8000b680 (0x008af133) x 2 0x00000000
core   0: 0x8000b684 (0x001b8b93) addi    s7, s7, 1
core   0: 3 0x8000b684 (0x001b8b93) x23 0x80008a8d
core   0: 0x8000b688 (0x000b8be7) jalr    s7, s7, 0
core   0: 3 0x8000b688 (0x000b8be7) x23 0x8000b68c
core   0: 0x80008a8c (0x7b1c3593) sltiu   a1, s8, 1969
core   0: 3 0x80008a8c (0x7b1c3593) x11 0x00000000
core   0: 0x80008a90 (0x019ff133) and     sp, t6, s9
core   0: 3 0x80008a90 (0x019ff133) x 2 0x9ce40000
core   0: 0x80008a94 (0xd6af7b13) andi    s6, t5, -662
core   0: 3 0x80008a94 (0xd6af7b13) x22 0x00000000
core   0: 0x80008a98 (0x00bae263) bltu    s5, a1, pc + 4
core   0: 3 0x80008a98 (0x00bae263)
core   0: 0x80008a9c (0x0261ae33) mulhsu  t3, gp, t1
core   0: 3 0x80008a9c (0x0261ae33) x28 0x00000000
core   0: 0x80008aa0 (0x01cb3433) sltu    s0, s6, t3
core   0: 3 0x80008aa0 (0x01cb3433) x 8 0x00000000
core   0: 0x80008aa4 (0x0105c1b3) xor     gp, a1, a6
core   0: 3 0x80008aa4 (0x0105c1b3) x 3 0x80025e20
core   0: 0x80008aa8 (0x41415a13) srai    s4, sp, 20
core   0: 3 0x80008aa8 (0x41415a13) x20 0xfffff9ce
core   0: 0x80008aac (0x03ea0233) mul     tp, s4, t5
core   0: 3 0x80008aac (0x03ea0233) x 4 0x00000000
core   0: 0x80008ab0 (0x03e7fe63) bgeu    a5, t5, pc + 60
core   0: 3 0x80008ab0 (0x03e7fe63)
core   0: 0x80008aec (0x41325893) srai    a7, tp, 19
core   0: 3 0x80008aec (0x41325893) x17 0x00000000
core   0: 0x80008af0 (0x00482b83) lw      s7, 4(a6)
core   0: 3 0x80008af0 (0x00482b83) x23 0x8000d3c8 mem 0x80025e24
core   0: 0x80008af4 (0x66e3a593) slti    a1, t2, 1646
core   0: 3 0x80008af4 (0x66e3a593) x11 0x00000001
core   0: 0x80008af8 (0x413ddeb3) sra     t4, s11, s3
core   0: 3 0x80008af8 (0x413ddeb3) x29 0x00000000
core   0: 0x80008afc (0x03c80813) addi    a6, a6, 60
core   0: 3 0x80008afc (0x03c80813) x16 0x80025e5c
core   0: 0x80008b00 (0x006c75b3) and     a1, s8, t1
core   0: 3 0x80008b00 (0x006c75b3) x11 0x00000000
core   0: 0x80008b04 (0x402959b3) sra     s3, s2, sp
core   0: 3 0x80008b04 (0x402959b3) x19 0x00000000
core   0: 0x80008b08 (0x018e7433) and     s0, t3, s8
core   0: 3 0x80008b08 (0x018e7433) x 8 0x00000000
core   0: 0x80008b0c (0x000b8413) mv      s0, s7
core   0: 3 0x80008b0c (0x000b8413) x 8 0x8000d3c8
core   0: 0x80008b10 (0x00040467) jalr    s0, s0, 0
core   0: 3 0x80008b10 (0x00040467) x 8 0x80008b14
core   0: 0x8000d3c8 (0x87864f13) xori    t5, a2, -1928
core   0: 3 0x8000d3c8 (0x87864f13) x30 0x7ffff878
core   0: 0x8000d3cc (0x004cd0b3) srl     ra, s9, tp
core   0: 3 0x8000d3cc (0x004cd0b3) x 1 0x9ce40000
core   0: 0x8000d3d0 (0xdf77bd93) sltiu   s11, a5, -521
core   0: 3 0x8000d3d0 (0xdf77bd93) x27 0x00000001
core   0: 0x8000d3d4 (0x020d9bb3) mulh    s7, s11, zero
core   0: 3 0x8000d3d4 (0x020d9bb3) x23 0x00000000
core   0: 0x8000d3d8 (0x009b6c63) bltu    s6, s1, pc + 24
core   0: 3 0x8000d3d8 (0x009b6c63)
core   0: 0x8000d3f0 (0xd6cfabef) jal     s7, pc - 0x5a94
core   0: 3 0x8000d3f0 (0xd6cfabef) x23 0x8000d3f4
core   0: 0x8000795c (0x001e6db3) or      s11, t3, ra
core   0: 3 0x8000795c (0x001e6db3) x27 0x9ce40000
core   0: 0x80007960 (0x03de95b3) mulh    a1, t4, t4
core   0: 3 0x80007960 (0x03de95b3) x11 0x00000000
core   0: 0x80007964 (0x40e7d893) srai    a7, a5, 14
core   0: 3 0x80007964 (0x40e7d893) x17 0x00000000
core   0: 0x80007968 (0xff480813) addi    a6, a6, -12
core   0: 3 0x80007968 (0xff480813) x16 0x80025e50
core   0: 0x8000796c (0x01782223) sw      s7, 4(a6)
core   0: 3 0x8000796c (0x01782223) mem 0x80025e54 0x8000d3f4
core   0: 0x80007970 (0x03558233) mul     tp, a1, s5
core   0: 3 0x80007970 (0x03558233) x 4 0x00000000
core   0: 0x80007974 (0x00e22733) slt     a4, tp, a4
core   0: 3 0x80007974 (0x00e22733) x14 0x00000000
core   0: 0x80007978 (0x013d1a13) slli    s4, s10, 19
core   0: 3 0x80007978 (0x013d1a13) x20 0x00000000
core   0: 0x8000797c (0x48d77217) auipc   tp, 0x48d77
core   0: 3 0x8000797c (0x48d77217) x 4 0xc8d7e97c
core   0: 0x80007980 (0x40470ab3) sub     s5, a4, tp
core   0: 3 0x80007980 (0x40470ab3) x21 0x37281684
core   0: 0x80007984 (0x41300133) sub     sp, zero, s3
core   0: 3 0x80007984 (0x41300133) x 2 0x00000000
core   0: 0x80007988 (0x05cf4713) xori    a4, t5, 92
core   0: 3 0x80007988 (0x05cf4713) x14 0x7ffff824
core   0: 0x8000798c (0x00b79433) sll     s0, a5, a1
core   0: 3 0x8000798c (0x00b79433) x 8 0x00000000
core   0: 0x80007990 (0x00000013) nop
core   0: 3 0x80007990 (0x00000013)
core   0: 0x80007994 (0xdeff2093) slti    ra, t5, -529
core   0: 3 0x80007994 (0xdeff2093) x 1 0x00000000
core   0: 0x80007998 (0x025b1433) mulh    s0, s6, t0
core   0: 3 0x80007998 (0x025b1433) x 8 0x00000000
core   0: 0x8000799c (0x02577433) remu    s0, a4, t0
core   0: 3 0x8000799c (0x02577433) x 8 0x7ffff824
core   0: 0x800079a0 (0x0a55ff93) andi    t6, a1, 165
core   0: 3 0x800079a0 (0x0a55ff93) x31 0x00000000
core   0: 0x800079a4 (0x03bf6c63) bltu    t5, s11, pc + 56
core   0: 3 0x800079a4 (0x03bf6c63)
core   0: 0x800079dc (0x8ba3de17) auipc   t3, 0x8ba3d
core   0: 3 0x800079dc (0x8ba3de17) x28 0x0ba449dc
core   0: 0x800079e0 (0x02d38933) mul     s2, t2, a3
core   0: 3 0x800079e0 (0x02d38933) x18 0x00000000
core   0: 0x800079e4 (0x00482b83) lw      s7, 4(a6)
core   0: 3 0x800079e4 (0x00482b83) x23 0x8000d3f4 mem 0x80025e54
core   0: 0x800079e8 (0x00c80813) addi    a6, a6, 12
core   0: 3 0x800079e8 (0x00c80813) x16 0x80025e5c
core   0: 0x800079ec (0x00cbd793) srli    a5, s7, 12
core   0: 3 0x800079ec (0x00cbd793) x15 0x0008000d
core   0: 0x800079f0 (0x018d5393) srli    t2, s10, 24
core   0: 3 0x800079f0 (0x018d5393) x 7 0x0000009c
core   0: 0x800079f4 (0x001b8e93) addi    t4, s7, 1
core   0: 3 0x800079f4 (0x001b8e93) x29 0x8000d3f5
core   0: 0x800079f8 (0x000e8ee7) jalr    t4, t4, 0
core   0: 3 0x800079f8 (0x000e8ee7) x29 0x800079fc
core   0: 0x8000d3f4 (0x01b39f13) slli    t5, t2, 27
core   0: 3 0x8000d3f4 (0x01b39f13) x30 0xe0000000
core   0: 0x8000d3f8 (0x4f76aa13) slti    s4, a3, 1271
core   0: 3 0x8000d3f8 (0x4f76aa13) x20 0x00000001
core   0: 0x8000d3fc (0x03144533) div     a0, s0, a7
core   0: 3 0x8000d3fc (0x03144533) x10 0xffffffff
core   0: 0x8000d400 (0x64e7a013) slti    zero, a5, 1614
core   0: 3 0x8000d400 (0x64e7a013)
core   0: 0x8000d404 (0x01b3cdb3) xor     s11, t2, s11
core   0: 3 0x8000d404 (0x01b3cdb3) x27 0x9ce4009c
core   0: 0x8000d408 (0x02972933) mulhsu  s2, a4, s1
core   0: 3 0x8000d408 (0x02972933) x18 0x00000000
core   0: 0x8000d40c (0x03db3fb3) mulhu   t6, s6, t4
core   0: 3 0x8000d40c (0x03db3fb3) x31 0x00000000
core   0: 0x8000d410 (0x02d05463) bge     zero, a3, pc + 40
core   0: 3 0x8000d410 (0x02d05463)
core   0: 0x8000d414 (0x00000013) nop
core   0: 3 0x8000d414 (0x00000013)
core   0: 0x8000d418 (0x40a75233) sra     tp, a4, a0
core   0: 3 0x8000d418 (0x40a75233) x 4 0x00000000
core   0: 0x8000d41c (0x014efcb3) and     s9, t4, s4
core   0: 3 0x8000d41c (0x014efcb3) x25 0x00000000
core   0: 0x8000d420 (0x00ab7533) and     a0, s6, a0
core   0: 3 0x8000d420 (0x00ab7533) x10 0x00000000
core   0: 0x8000d424 (0x00701093) slli    ra, zero, 7
core   0: 3 0x8000d424 (0x00701093) x 1 0x00000000
core   0: 0x8000d428 (0x0217fa33) remu    s4, a5, ra
core   0: 3 0x8000d428 (0x0217fa33) x20 0x0008000d
core   0: 0x8000d42c (0xaf464a93) xori    s5, a2, -1292
core   0: 3 0x8000d42c (0xaf464a93) x21 0x7ffffaf4
core   0: 0x8000d430 (0x06398a13) addi    s4, s3, 99
core   0: 3 0x8000d430 (0x06398a13) x20 0x00000063
core   0: 0x8000d434 (0x00b12cb3) slt     s9, sp, a1
core   0: 3 0x8000d434 (0x00b12cb3) x25 0x00000000
core   0: 0x8000d438 (0x2d050337) lui     t1, 0x2d050
core   0: 3 0x8000d438 (0x2d050337) x 6 0x2d050000
core   0: 0x8000d43c (0x00fc4c63) blt     s8, a5, pc + 24
core   0: 3 0x8000d43c (0x00fc4c63)
core   0: 0x8000d454 (0xd8cd7293) andi    t0, s10, -628
core   0: 3 0x8000d454 (0xd8cd7293) x 5 0x9ce40000
core   0: 0x8000d458 (0x964a8e17) auipc   t3, 0x964a8
core   0: 3 0x8000d458 (0x964a8e17) x28 0x164b5458
core   0: 0x8000d45c (0x00482b83) lw      s7, 4(a6)
core   0: 3 0x8000d45c (0x00482b83) x23 0x800067a0 mem 0x80025e60
core   0: 0x8000d460 (0x008fff33) and     t5, t6, s0
core   0: 3 0x8000d460 (0x008fff33) x30 0x00000000
core   0: 0x8000d464 (0x8497ae13) slti    t3, a5, -1975
core   0: 3 0x8000d464 (0x8497ae13) x28 0x00000000
core   0: 0x8000d468 (0x00880813) addi    a6, a6, 8
core   0: 3 0x8000d468 (0x00880813) x16 0x80025e64
core   0: 0x8000d46c (0x55efb337) lui     t1, 0x55efb
core   0: 3 0x8000d46c (0x55efb337) x 6 0x55efb000
core   0: 0x8000d470 (0x00ef4eb3) xor     t4, t5, a4
core   0: 3 0x8000d470 (0x00ef4eb3) x29 0x7ffff824
core   0: 0x8000d474 (0x4060da93) srai    s5, ra, 6
core   0: 3 0x8000d474 (0x4060da93) x21 0x00000000
core   0: 0x8000d478 (0x00cd5cb3) srl     s9, s10, a2
core   0: 3 0x8000d478 (0x00cd5cb3) x25 0x9ce40000
core   0: 0x8000d47c (0x0009c733) xor     a4, s3, zero
core   0: 3 0x8000d47c (0x0009c733) x14 0x00000000
core   0: 0x8000d480 (0x7ed60313) addi    t1, a2, 2029
core   0: 3 0x8000d480 (0x7ed60313) x 6 0x800007ed
core   0: 0x8000d484 (0x000b8b13) mv      s6, s7
core   0: 3 0x8000d484 (0x000b8b13) x22 0x800067a0
core   0: 0x8000d488 (0x000b0b67) jalr    s6, s6, 0
core   0: 3 0x8000d488 (0x000b0b67) x22 0x8000d48c
core   0: 0x800067a0 (0xca8dea13) ori     s4, s11, -856
core   0: 3 0x800067a0 (0xca8dea13) x20 0xfffffcbc
core   0: 0x800067a4 (0x0263e933) rem     s2, t2, t1
core   0: 3 0x800067a4 (0x0263e933) x18 0x0000009c
core   0: 0x800067a8 (0x00e22133) slt     sp, tp, a4
core   0: 3 0x800067a8 (0x00e22133) x 2 0x00000000
core   0: 0x800067ac (0xc877b493) sltiu   s1, a5, -889
core   0: 3 0x800067ac (0xc877b493) x 9 0x00000001
core   0: 0x800067b0 (0x85724f93) xori    t6, tp, -1961
core   0: 3 0x800067b0 (0x85724f93) x31 0xfffff857
core   0: 0x800067b4 (0x004ddb13) srli    s6, s11, 4
core   0: 3 0x800067b4 (0x004ddb13) x22 0x09ce4009
core   0: 0x800067b8 (0x02a89eb3) mulh    t4, a7, a0
core   0: 3 0x800067b8 (0x02a89eb3) x29 0x00000000
core   0: 0x800067bc (0x02ce16b3) mulh    a3, t3, a2
core   0: 3 0x800067bc (0x02ce16b3) x13 0x00000000
core   0: 0x800067c0 (0x2429e413) ori     s0, s3, 578
core   0: 3 0x800067c0 (0x2429e413) x 8 0x00000242
core   0: 0x800067c4 (0xfce06313) ori     t1, zero, -50
core   0: 3 0x800067c4 (0xfce06313) x 6 0xffffffce
core   0: 0x800067c8 (0xdbe9ab93) slti    s7, s3, -578
core   0: 3 0x800067c8 (0xdbe9ab93) x23 0x00000000
core   0: 0x800067cc (0x01381313) slli    t1, a6, 19
core   0: 3 0x800067cc (0x01381313) x 6 0xf3200000
core   0: 0x800067d0 (0x05b7d663) bge     a5, s11, pc + 76
core   0: 3 0x800067d0 (0x05b7d663)
core   0: 0x8000681c (0x1b3c3b97) auipc   s7, 0x1b3c3
core   0: 3 0x8000681c (0x1b3c3b97) x23 0x9b3c981c
core   0: 0x80006820 (0x02e2f9b3) remu    s3, t0, a4
core   0: 3 0x80006820 (0x02e2f9b3) x19 0x9ce40000
core   0: 0x80006824 (0xb22c8913) addi    s2, s9, -1246
core   0: 3 0x80006824 (0xb22c8913) x18 0x9ce3fb22
core   0: 0x80006828 (0x00d10fb3) add     t6, sp, a3
core   0: 3 0x80006828 (0x00d10fb3) x31 0x00000000
core   0: 0x8000682c (0x00a3ff33) and     t5, t2, a0
core   0: 3 0x8000682c (0x00a3ff33) x30 0x00000000
core   0: 0x80006830 (0x01f17033) and     zero, sp, t6
core   0: 3 0x80006830 (0x01f17033)
core   0: 0x80006834 (0x035856b3) divu    a3, a6, s5
core   0: 3 0x80006834 (0x035856b3) x13 0xffffffff
core   0: 0x80006838 (0x03938ab3) mul     s5, t2, s9
core   0: 3 0x80006838 (0x03938ab3) x21 0x9af00000
core   0: 0x8000683c (0xf9060093) addi    ra, a2, -112
core   0: 3 0x8000683c (0xf9060093) x 1 0x7fffff90
core   0: 0x80006840 (0x0316c6b3) div     a3, a3, a7
core   0: 3 0x80006840 (0x0316c6b3) x13 0xffffffff
core   0: 0x80006844 (0x86156f93) ori     t6, a0, -1951
core   0: 3 0x80006844 (0x86156f93) x31 0xfffff861
core   0: 0x80006848 (0x0062d463) bge     t0, t1, pc + 8
core   0: 3 0x80006848 (0x0062d463)
core   0: 0x8000684c (0x01f35c93) srli    s9, t1, 31
core   0: 3 0x8000684c (0x01f35c93) x25 0x00000001
core   0: 0x80006850 (0x02bed8b3) divu    a7, t4, a1
core   0: 3 0x80006850 (0x02bed8b3) x17 0xffffffff
core   0: 0x80006854 (0x001fe2b3) or      t0, t6, ra
core   0: 3 0x80006854 (0x001fe2b3) x 5 0xfffffff1
core   0: 0x80006858 (0x40895a33) sra     s4, s2, s0
core   0: 3 0x80006858 (0x40895a33) x20 0xe738fec8
core   0: 0x8000685c (0x01251433) sll     s0, a0, s2
core   0: 3 0x8000685c (0x01251433) x 8 0x00000000
core   0: 0x80006860 (0x41775133) sra     sp, a4, s7
core   0: 3 0x80006860 (0x41775133) x 2 0x00000000
core   0: 0x80006864 (0x03ba8ab3) mul     s5, s5, s11
core   0: 3 0x80006864 (0x03ba8ab3) x21 0x6a400000
core   0: 0x80006868 (0x01e4d413) srli    s0, s1, 30
core   0: 3 0x80006868 (0x01e4d413) x 8 0x00000000
core   0: 0x8000686c (0x02d6f733) remu    a4, a3, a3
core   0: 3 0x8000686c (0x02d6f733) x14 0x00000000
core   0: 0x80006870 (0xab3b7417) auipc   s0, 0xab3b7
core   0: 3 0x80006870 (0xab3b7417) x 8 0x2b3bd870
core   0: 0x80006874 (0x02779263) bne     a5, t2, pc + 36
core   0: 3 0x80006874 (0x02779263)
core   0: 0x80006898 (0x0245c033) div     zero, a1, tp
core   0: 3 0x80006898 (0x0245c033)
core   0: 0x8000689c (0x02eb22b3) mulhsu  t0, s6, a4
core   0: 3 0x8000689c (0x02eb22b3) x 5 0x00000000
core   0: 0x800068a0 (0x01591393) slli    t2, s2, 21
core   0: 3 0x800068a0 (0x01591393) x 7 0x64400000
core   0: 0x800068a4 (0x00794b33) xor     s6, s2, t2
core   0: 3 0x800068a4 (0x00794b33) x22 0xf8a3fb22
core   0: 0x800068a8 (0x011fe233) or      tp, t6, a7
core   0: 3 0x800068a8 (0x011fe233) x 4 0xffffffff
core   0: 0x800068ac (0x050b9263) bne     s7, a6, pc + 68
core   0: 3 0x800068ac (0x050b9263)
core   0: 0x800068f0 (0x020f86b3) mul     a3, t6, zero
core   0: 3 0x800068f0 (0x020f86b3) x13 0x00000000
core   0: 0x800068f4 (0x02f4fb33) remu    s6, s1, a5
core   0: 3 0x800068f4 (0x02f4fb33) x22 0x00000001
core   0: 0x800068f8 (0x0358a3b3) mulhsu  t2, a7, s5
core   0: 3 0x800068f8 (0x0358a3b3) x 7 0xffffffff
core   0: 0x800068fc (0x0133f663) bgeu    t2, s3, pc + 12
core   0: 3 0x800068fc (0x0133f663)
core   0: 0x80006908 (0x02214e63) blt     sp, sp, pc + 60
core   0: 3 0x80006908 (0x02214e63)
core   0: 0x8000690c (0x02360bb3) mul     s7, a2, gp
core   0: 3 0x8000690c (0x02360bb3) x23 0x00000000
core   0: 0x80006910 (0x05a17063) bgeu    sp, s10, pc + 64
core   0: 3 0x80006910 (0x05a17063)
core   0: 0x80006914 (0x03a91263) bne     s2, s10, pc + 36
core   0: 3 0x80006914 (0x03a91263)
core   0: 0x80006938 (0x02f59733) mulh    a4, a1, a5
core   0: 3 0x80006938 (0x02f59733) x14 0x00000000
core   0: 0x8000693c (0x019840b3) xor     ra, a6, s9
core   0: 3 0x8000693c (0x019840b3) x 1 0x80025e65
core   0: 0x80006940 (0x010a0263) beq     s4, a6, pc + 4
core   0: 3 0x80006940 (0x010a0263)
core   0: 0x80006944 (0x16242e13) slti    t3, s0, 354
core   0: 3 0x80006944 (0x16242e13) x28 0x00000000
core   0: 0x80006948 (0x00258e33) add     t3, a1, sp
core   0: 3 0x80006948 (0x00258e33) x28 0x00000000
core   0: 0x8000694c (0x000ed8b3) srl     a7, t4, zero
core   0: 3 0x8000694c (0x000ed8b3) x17 0x00000000
core   0: 0x80006950 (0x01457933) and     s2, a0, s4
core   0: 3 0x80006950 (0x01457933) x18 0x00000000
core   0: 0x80006954 (0x03ee0033) mul     zero, t3, t5
core   0: 3 0x80006954 (0x03ee0033)
core   0: 0x80006958 (0xa2c2c013) xori    zero, t0, -1492
core   0: 3 0x80006958 (0xa2c2c013)
core   0: 0x8000695c (0x00a76463) bltu    a4, a0, pc + 8
core   0: 3 0x8000695c (0x00a76463)
core   0: 0x80006960 (0x03936333) rem     t1, t1, s9
core   0: 3 0x80006960 (0x03936333) x 6 0x00000000
core   0: 0x80006964 (0x0228a133) mulhsu  sp, a7, sp
core   0: 3 0x80006964 (0x0228a133) x 2 0x00000000
core   0: 0x80006968 (0x03acdf33) divu    t5, s9, s10
core   0: 3 0x80006968 (0x03acdf33) x30 0x00000000
core   0: 0x8000696c (0xcd5c2493) slti    s1, s8, -811
core   0: 3 0x8000696c (0xcd5c2493) x 9 0x00000001
core   0: 0x80006970 (0xa3f83193) sltiu   gp, a6, -1473
core   0: 3 0x80006970 (0xa3f83193) x 3 0x00000001
core   0: 0x80006974 (0x015fc333) xor     t1, t6, s5
core   0: 3 0x80006974 (0x015fc333) x 6 0x95bff861
core   0: 0x80006978 (0x00d52f33) slt     t5, a0, a3
core   0: 3 0x80006978 (0x00d52f33) x30 0x00000000
core   0: 0x8000697c (0x00f72733) slt     a4, a4, a5
core   0: 3 0x8000697c (0x00f72733) x14 0x00000001
core   0: 0x80006980 (0x032e6933) rem     s2, t3, s2
core   0: 3 0x80006980 (0x032e6933) x18 0x00000000
core   0: 0x80006984 (0x0536f263) bgeu    a3, s3, pc + 68
core   0: 3 0x80006984 (0x0536f263)
core   0: 0x80006988 (0x02ed2433) mulhsu  s0, s10, a4
core   0: 3 0x80006988 (0x02ed2433) x 8 0xffffffff
core   0: 0x8000698c (0x020e6463) bltu    t3, zero, pc + 40
core   0: 3 0x8000698c (0x020e6463)
core   0: 0x80006990 (0x00783433) sltu    s0, a6, t2
core   0: 3 0x80006990 (0x00783433) x 8 0x00000001
core   0: 0x80006994 (0x007e2eb3) slt     t4, t3, t2
core   0: 3 0x80006994 (0x007e2eb3) x29 0x00000000
core   0: 0x80006998 (0x41f259b3) sra     s3, tp, t6
core   0: 3 0x80006998 (0x41f259b3) x19 0xffffffff
core   0: 0x8000699c (0x4fc3f597) auipc   a1, 0x4fc3f
core   0: 3 0x8000699c (0x4fc3f597) x11 0xcfc4599c
core   0: 0x800069a0 (0x41550bb3) sub     s7, a0, s5
core   0: 3 0x800069a0 (0x41550bb3) x23 0x95c00000
core   0: 0x800069a4 (0x014476b3) and     a3, s0, s4
core   0: 3 0x800069a4 (0x014476b3) x13 0x00000000
core   0: 0x800069a8 (0x0217fcb3) remu    s9, a5, ra
core   0: 3 0x800069a8 (0x0217fcb3) x25 0x0008000d
core   0: 0x800069ac (0x0239f5b3) remu    a1, s3, gp
core   0: 3 0x800069ac (0x0239f5b3) x11 0x00000000
core   0: 0x800069b0 (0x005c7233) and     tp, s8, t0
core   0: 3 0x800069b0 (0x005c7233) x 4 0x00000000
core   0: 0x800069b4 (0x00aaefb3) or      t6, s5, a0
core   0: 3 0x800069b4 (0x00aaefb3) x31 0x6a400000
core   0: 0x800069b8 (0x0384f263) bgeu    s1, s8, pc + 36
core   0: 3 0x800069b8 (0x0384f263)
core   0: 0x800069bc (0x41bfd3b3) sra     t2, t6, s11
core   0: 3 0x800069bc (0x41bfd3b3) x 7 0x00000006
core   0: 0x800069c0 (0x00480e33) add     t3, a6, tp
core   0: 3 0x800069c0 (0x00480e33) x28 0x80025e64
core   0: 0x800069c4 (0x032ead33) mulhsu  s10, t4, s2
core   0: 3 0x800069c4 (0x032ead33) x26 0x00000000
core   0: 0x800069c8 (0x40df52b3) sra     t0, t5, a3
core   0: 3 0x800069c8 (0x40df52b3) x 5 0x00000000
core   0: 0x800069cc (0x3b445f17) auipc   t5, 0x3b445
core   0: 3 0x800069cc (0x3b445f17) x30 0xbb44b9cc
core   0: 0x800069d0 (0x03dc24b3) mulhsu  s1, s8, t4
core   0: 3 0x800069d0 (0x03dc24b3) x 9 0x00000000
core   0: 0x800069d4 (0x03b3ea63) bltu    t2, s11, pc + 52
core   0: 3 0x800069d4 (0x03b3ea63)
core   0: 0x80006a08 (0x014b1b93) slli    s7, s6, 20
core   0: 3 0x80006a08 (0x014b1b93) x23 0x00100000
core   0: 0x80006a0c (0xdcaf6b93) ori     s7, t5, -566
core   0: 3 0x80006a0c (0xdcaf6b93) x23 0xfffffdce
core   0: 0x80006a10 (0x587ca897) auipc   a7, 0x587ca
core   0: 3 0x80006a10 (0x587ca897) x17 0xd87d0a10
core   0: 0x80006a14 (0x01c644b3) xor     s1, a2, t3
core   0: 3 0x80006a14 (0x01c644b3) x 9 0x00025e64
core   0: 0x80006a18 (0x01302eb3) slt     t4, zero, s3
core   0: 3 0x80006a18 (0x01302eb3) x29 0x00000000
core   0: 0x80006a1c (0x02d336b3) mulhu   a3, t1, a3
core   0: 3 0x80006a1c (0x02d336b3) x13 0x00000000
core   0: 0x80006a20 (0xe837a413) slti    s0, a5, -381
core   0: 3 0x80006a20 (0xe837a413) x 8 0x00000000
core   0: 0x80006a24 (0x407006b3) sub     a3, zero, t2
core   0: 3 0x80006a24 (0x407006b3) x13 0xfffffffa
core   0: 0x80006a28 (0x0088e663) bltu    a7, s0, pc + 12
core   0: 3 0x80006a28 (0x0088e663)
core   0: 0x80006a2c (0x5c817493) andi    s1, sp, 1480
core   0: 3 0x80006a2c (0x5c817493) x 9 0x00000000
core   0: 0x80006a30 (0x0231de63) bge     gp, gp, pc + 60
core   0: 3 0x80006a30 (0x0231de63)
core   0: 0x80006a6c (0x026b7133) remu    sp, s6, t1
core   0: 3 0x80006a6c (0x026b7133) x 2 0x00000001
core   0: 0x80006a70 (0x01d61313) slli    t1, a2, 29
core   0: 3 0x80006a70 (0x01d61313) x 6 0x00000000
core   0: 0x80006a74 (0x015bc733) xor     a4, s7, s5
core   0: 3 0x80006a74 (0x015bc733) x14 0x95bffdce
core   0: 0x80006a78 (0xa5ecb397) auipc   t2, 0xa5ecb
core   0: 3 0x80006a78 (0xa5ecb397) x 7 0x25ed1a78
core   0: 0x80006a7c (0x03200063) beq     zero, s2, pc + 32
core   0: 3 0x80006a7c (0x03200063)
core   0: 0x80006a9c (0x00000013) nop
core   0: 3 0x80006a9c (0x00000013)
core   0: 0x80006aa0 (0x002a5113) srli    sp, s4, 2
core   0: 3 0x80006aa0 (0x002a5113) x 2 0x39ce3fb2
core   0: 0x80006aa4 (0x033940b3) div     ra, s2, s3
core   0: 3 0x80006aa4 (0x033940b3) x 1 0x00000000
core   0: 0x80006aa8 (0x001a8f33) add     t5, s5, ra
core   0: 3 0x80006aa8 (0x001a8f33) x30 0x6a400000
core   0: 0x80006aac (0x00f9d933) srl     s2, s3, a5
core   0: 3 0x80006aac (0x00f9d933) x18 0x0007ffff
core   0: 0x80006ab0 (0x034607b3) mul     a5, a2, s4
core   0: 3 0x80006ab0 (0x034607b3) x15 0x00000000
core   0: 0x80006ab4 (0x02e4e263) bltu    s1, a4, pc + 36
core   0: 3 0x80006ab4 (0x02e4e263)
core   0: 0x80006ad8 (0x0307e8b3) rem     a7, a5, a6
core   0: 3 0x80006ad8 (0x0307e8b3) x17 0x00000000
core   0: 0x80006adc (0x00d7cbb3) xor     s7, a5, a3
core   0: 3 0x80006adc (0x00d7cbb3) x23 0xfffffffa
core   0: 0x80006ae0 (0x0574e063) bltu    s1, s7, pc + 64
core   0: 3 0x80006ae0 (0x0574e063)
core   0: 0x80006b20 (0x0192be33) sltu    t3, t0, s9
core   0: 3 0x80006b20 (0x0192be33) x28 0x00000001
core   0: 0x80006b24 (0x71c4eb13) ori     s6, s1, 1820
core   0: 3 0x80006b24 (0x71c4eb13) x22 0x0000071c
core   0: 0x80006b28 (0xa3bf3893) sltiu   a7, t5, -1477
core   0: 3 0x80006b28 (0xa3bf3893) x17 0x00000001
core   0: 0x80006b2c (0x03924eb3) div     t4, tp, s9
core   0: 3 0x80006b2c (0x03924eb3) x29 0x00000000
core   0: 0x80006b30 (0x02acc033) div     zero, s9, a0
core   0: 3 0x80006b30 (0x02acc033)
core   0: 0x80006b34 (0x03a52f33) mulhsu  t5, a0, s10
core   0: 3 0x80006b34 (0x03a52f33) x30 0x00000000
core   0: 0x80006b38 (0x0e565237) lui     tp, 0xe565
core   0: 3 0x80006b38 (0x0e565237) x 4 0x0e565000
core   0: 0x80006b3c (0x038d3b33) mulhu   s6, s10, s8
core   0: 3 0x80006b3c (0x038d3b33) x22 0x00000000
core   0: 0x80006b40 (0x00f0e6b3) or      a3, ra, a5
core   0: 3 0x80006b40 (0x00f0e6b3) x13 0x00000000
core   0: 0x80006b44 (0x029a4e63) blt     s4, s1, pc + 60
core   0: 3 0x80006b44 (0x029a4e63)
core   0: 0x80006b80 (0xe2664cb7) lui     s9, 0xe2664
core   0: 3 0x80006b80 (0xe2664cb7) x25 0xe2664000
core   0: 0x80006b84 (0x01a4e1b3) or      gp, s1, s10
core   0: 3 0x80006b84 (0x01a4e1b3) x 3 0x00000000
core   0: 0x80006b88 (0x41d153b3) sra     t2, sp, t4
core   0: 3 0x80006b88 (0x41d153b3) x 7 0x39ce3fb2
core   0: 0x80006b8c (0x4137b313) sltiu   t1, a5, 1043
core   0: 3 0x80006b8c (0x4137b313) x 6 0x00000001
core   0: 0x80006b90 (0x01ae88b3) add     a7, t4, s10
core   0: 3 0x80006b90 (0x01ae88b3) x17 0x00000000
core   0: 0x80006b94 (0x41b90fb3) sub     t6, s2, s11
core   0: 3 0x80006b94 (0x41b90fb3) x31 0x6323ff63
core   0: 0x80006b98 (0x03fe2cb3) mulhsu  s9, t3, t6
core   0: 3 0x80006b98 (0x03fe2cb3) x25 0x00000000
core   0: 0x80006b9c (0x02d8de63) bge     a7, a3, pc + 60
core   0: 3 0x80006b9c (0x02d8de63)
core   0: 0x80006bd8 (0x02c76e63) bltu    a4, a2, pc + 60
core   0: 3 0x80006bd8 (0x02c76e63)
core   0: 0x80006bdc (0x0091dc63) bge     gp, s1, pc + 24
core   0: 3 0x80006bdc (0x0091dc63)
core   0: 0x80006bf4 (0x40b7d293) srai    t0, a5, 11
core   0: 3 0x80006bf4 (0x40b7d293) x 5 0x00000000
core   0: 0x80006bf8 (0x8de36093) ori     ra, t1, -1826
core   0: 3 0x80006bf8 (0x8de36093) x 1 0xfffff8df
core   0: 0x80006bfc (0x01b5f463) bgeu    a1, s11, pc + 8
core   0: 3 0x80006bfc (0x01b5f463)
core   0: 0x80006c00 (0x032418b3) mulh    a7, s0, s2
core   0: 3 0x80006c00 (0x032418b3) x17 0x00000000
core   0: 0x80006c04 (0x00009463) bnez    ra, pc + 8
core   0: 3 0x80006c04 (0x00009463)
core   0: 0x80006c0c (0x02cedfb3) divu    t6, t4, a2
core   0: 3 0x80006c0c (0x02cedfb3) x31 0x00000000
core   0: 0x80006c10 (0x5f39b993) sltiu   s3, s3, 1523
core   0: 3 0x80006c10 (0x5f39b993) x19 0x00000000
core   0: 0x80006c14 (0x00824263) blt     tp, s0, pc + 4
core   0: 3 0x80006c14 (0x00824263)
core   0: 0x80006c18 (0x84e04113) xori    sp, zero, -1970
core   0: 3 0x80006c18 (0x84e04113) x 2 0xfffff84e
core   0: 0x80006c1c (0x41b6d9b3) sra     s3, a3, s11
core   0: 3 0x80006c1c (0x41b6d9b3) x19 0x00000000
core   0: 0x80006c20 (0x01b29e13) slli    t3, t0, 27
core   0: 3 0x80006c20 (0x01b29e13) x28 0x00000000
core   0: 0x80006c24 (0x00a99913) slli    s2, s3, 10
core   0: 3 0x80006c24 (0x00a99913) x18 0x00000000
core   0: 0x80006c28 (0x00b2c433) xor     s0, t0, a1
core   0: 3 0x80006c28 (0x00b2c433) x 8 0x00000000
core   0: 0x80006c2c (0x1fac0e13) addi    t3, s8, 506
core   0: 3 0x80006c2c (0x1fac0e13) x28 0x80029ede
core   0: 0x80006c30 (0xeed7bf13) sltiu   t5, a5, -275
core   0: 3 0x80006c30 (0xeed7bf13) x30 0x00000001
core   0: 0x80006c34 (0x00000013) nop
core   0: 3 0x80006c34 (0x00000013)
core   0: 0x80006c38 (0x021c7233) remu    tp, s8, ra
core   0: 3 0x80006c38 (0x021c7233) x 4 0x80029ce4
core   0: 0x80006c3c (0x76907eb7) lui     t4, 0x76907
core   0: 3 0x80006c3c (0x76907eb7) x29 0x76907000
core   0: 0x80006c40 (0x66fb7f13) andi    t5, s6, 1647
core   0: 3 0x80006c40 (0x66fb7f13) x30 0x00000000
core   0: 0x80006c44 (0x03bf08b3) mul     a7, t5, s11
core   0: 3 0x80006c44 (0x03bf08b3) x17 0x00000000
core   0: 0x80006c48 (0x02ef1bb3) mulh    s7, t5, a4
core   0: 3 0x80006c48 (0x02ef1bb3) x23 0x00000000
core   0: 0x80006c4c (0x40ecd193) srai    gp, s9, 14
core   0: 3 0x80006c4c (0x40ecd193) x 3 0x00000000
core   0: 0x80006c50 (0x034f5063) bge     t5, s4, pc + 32
core   0: 3 0x80006c50 (0x034f5063)
core   0: 0x80006c70 (0xff6aa337) lui     t1, 0xff6aa
core   0: 3 0x80006c70 (0xff6aa337) x 6 0xff6aa000
core   0: 0x80006c74 (0x4008d433) sra     s0, a7, zero
core   0: 3 0x80006c74 (0x4008d433) x 8 0x00000000
core   0: 0x80006c78 (0x0074e3b3) or      t2, s1, t2
core   0: 3 0x80006c78 (0x0074e3b3) x 7 0x39ce3fb2
core   0: 0x80006c7c (0x02a5fc63) bgeu    a1, a0, pc + 56
core   0: 3 0x80006c7c (0x02a5fc63)
core   0: 0x80006cb4 (0x02009263) bnez    ra, pc + 36
core   0: 3 0x80006cb4 (0x02009263)
core   0: 0x80006cd8 (0x39386413) ori     s0, a6, 915
core   0: 3 0x80006cd8 (0x39386413) x 8 0x80025ff7
core   0: 0x80006cdc (0x5d6e0e13) addi    t3, t3, 1494
core   0: 3 0x80006cdc (0x5d6e0e13) x28 0x8002a4b4
core   0: 0x80006ce0 (0x41058eb3) sub     t4, a1, a6
core   0: 3 0x80006ce0 (0x41058eb3) x29 0x7ffda19c
core   0: 0x80006ce4 (0x03d35263) bge     t1, t4, pc + 36
core   0: 3 0x80006ce4 (0x03d35263)
core   0: 0x80006ce8 (0x006f7b33) and     s6, t5, t1
core   0: 3 0x80006ce8 (0x006f7b33) x22 0x00000000
core   0: 0x80006cec (0x010bf533) and     a0, s7, a6
core   0: 3 0x80006cec (0x010bf533) x10 0x00000000
core   0: 0x80006cf0 (0x00d7c3b3) xor     t2, a5, a3
core   0: 3 0x80006cf0 (0x00d7c3b3) x 7 0x00000000
core   0: 0x80006cf4 (0x02dfc2b3) div     t0, t6, a3
core   0: 3 0x80006cf4 (0x02dfc2b3) x 5 0xffffffff
core   0: 0x80006cf8 (0x00035663) bgez    t1, pc + 12
core   0: 3 0x80006cf8 (0x00035663)
core   0: 0x80006cfc (0x66e6ef93) ori     t6, a3, 1646
core   0: 3 0x80006cfc (0x66e6ef93) x31 0x0000066e
core   0: 0x80006d00 (0x05926463) bltu    tp, s9, pc + 72
core   0: 3 0x80006d00 (0x05926463)
core   0: 0x80006d04 (0x01106663) bltu    zero, a7, pc + 12
core   0: 3 0x80006d04 (0x01106663)
core   0: 0x80006d08 (0x0269f033) remu    zero, s3, t1
core   0: 3 0x80006d08 (0x0269f033)
core   0: 0x80006d0c (0x020d1e63) bnez    s10, pc + 60
core   0: 3 0x80006d0c (0x020d1e63)
core   0: 0x80006d10 (0x57f42793) slti    a5, s0, 1407
core   0: 3 0x80006d10 (0x57f42793) x15 0x00000001
core   0: 0x80006d14 (0x027830b3) mulhu   ra, a6, t2
core   0: 3 0x80006d14 (0x027830b3) x 1 0x00000000
core   0: 0x80006d18 (0x01408033) add     zero, ra, s4
core   0: 3 0x80006d18 (0x01408033)
core   0: 0x80006d1c (0x03243a33) mulhu   s4, s0, s2
core   0: 3 0x80006d1c (0x03243a33) x20 0x00000000
core   0: 0x80006d20 (0x0056acb3) slt     s9, a3, t0
core   0: 3 0x80006d20 (0x0056acb3) x25 0x00000000
core   0: 0x80006d24 (0xb9837b13) andi    s6, t1, -1128
core   0: 3 0x80006d24 (0xb9837b13) x22 0xff6aa000
core   0: 0x80006d28 (0x00000013) nop
core   0: 3 0x80006d28 (0x00000013)
core   0: 0x80006d2c (0x008c6ab3) or      s5, s8, s0
core   0: 3 0x80006d2c (0x008c6ab3) x21 0x8002dff7
core   0: 0x80006d30 (0x0262acb3) mulhsu  s9, t0, t1
core   0: 3 0x80006d30 (0x0262acb3) x25 0xffffffff
core   0: 0x80006d34 (0x00062933) slt     s2, a2, zero
core   0: 3 0x80006d34 (0x00062933) x18 0x00000001
core   0: 0x80006d38 (0x01e13417) auipc   s0, 0x1e13
core   0: 3 0x80006d38 (0x01e13417) x 8 0x81e19d38
core   0: 0x80006d3c (0x056ff863) bgeu    t6, s6, pc + 80
core   0: 3 0x80006d3c (0x056ff863)
core   0: 0x80006d40 (0x021e3e33) mulhu   t3, t3, ra
core   0: 3 0x80006d40 (0x021e3e33) x28 0x00000000
core   0: 0x80006d44 (0xcd030113) addi    sp, t1, -816
core   0: 3 0x80006d44 (0xcd030113) x 2 0xff6a9cd0
core   0: 0x80006d48 (0x024f45b3) div     a1, t5, tp
core   0: 3 0x80006d48 (0x024f45b3) x11 0x00000000
core   0: 0x80006d4c (0x00e29193) slli    gp, t0, 14
core   0: 3 0x80006d4c (0x00e29193) x 3 0xffffc000
core   0: 0x80006d50 (0x02b807b3) mul     a5, a6, a1
core   0: 3 0x80006d50 (0x02b807b3) x15 0x00000000
core   0: 0x80006d54 (0x02e37eb3) remu    t4, t1, a4
core   0: 3 0x80006d54 (0x02e37eb3) x29 0x69aaa232
core   0: 0x80006d58 (0x53e12793) slti    a5, sp, 1342
core   0: 3 0x80006d58 (0x53e12793) x15 0x00000001
core   0: 0x80006d5c (0x01d90e33) add     t3, s2, t4
core   0: 3 0x80006d5c (0x01d90e33) x28 0x69aaa233
core   0: 0x80006d60 (0x00f4d413) srli    s0, s1, 15
core   0: 3 0x80006d60 (0x00f4d413) x 8 0x00000000
core   0: 0x80006d64 (0x00801233) sll     tp, zero, s0
core   0: 3 0x80006d64 (0x00801233) x 4 0x00000000
core   0: 0x80006d68 (0x03be1c63) bne     t3, s11, pc + 56
core   0: 3 0x80006d68 (0x03be1c63)
core   0: 0x80006da0 (0x3d653293) sltiu   t0, a0, 982
core   0: 3 0x80006da0 (0x3d653293) x 5 0x00000001
core   0: 0x80006da4 (0x004a4a33) xor     s4, s4, tp
core   0: 3 0x80006da4 (0x004a4a33) x20 0x00000000
core   0: 0x80006da8 (0x02d8a7b3) mulhsu  a5, a7, a3
core   0: 3 0x80006da8 (0x02d8a7b3) x15 0x00000000
core   0: 0x80006dac (0x03a1ca63) blt     gp, s10, pc + 52
core   0: 3 0x80006dac (0x03a1ca63)
core   0: 0x80006de0 (0x01a61e13) slli    t3, a2, 26
core   0: 3 0x80006de0 (0x01a61e13) x28 0x00000000
core   0: 0x80006de4 (0x02b35e63) bge     t1, a1, pc + 60
core   0: 3 0x80006de4 (0x02b35e63)
core   0: 0x80006de8 (0x83dda193) slti    gp, s11, -1987
core   0: 3 0x80006de8 (0x83dda193) x 3 0x00000001
core   0: 0x80006dec (0x00f09463) bne     ra, a5, pc + 8
core   0: 3 0x80006dec (0x00f09463)
core   0: 0x80006df0 (0x00ac5eb3) srl     t4, s8, a0
core   0: 3 0x80006df0 (0x00ac5eb3) x29 0x80029ce4
core   0: 0x80006df4 (0x026b0fb3) mul     t6, s6, t1
core   0: 3 0x80006df4 (0x026b0fb3) x31 0xe4000000
core   0: 0x80006df8 (0xb9c68013) addi    zero, a3, -1124
core   0: 3 0x80006df8 (0xb9c68013)
core   0: 0x80006dfc (0x44c2e393) ori     t2, t0, 1100
core   0: 3 0x80006dfc (0x44c2e393) x 7 0x0000044d
core   0: 0x80006e00 (0x0e530f13) addi    t5, t1, 229
core   0: 3 0x80006e00 (0x0e530f13) x30 0xff6aa0e5
core   0: 0x80006e04 (0x022f7063) bgeu    t5, sp, pc + 32
core   0: 3 0x80006e04 (0x022f7063)
core   0: 0x80006e24 (0x02d68933) mul     s2, a3, a3
core   0: 3 0x80006e24 (0x02d68933) x18 0x00000000
core   0: 0x80006e28 (0x41500433) sub     s0, zero, s5
core   0: 3 0x80006e28 (0x41500433) x 8 0x7ffd2009
core   0: 0x80006e2c (0x762ec397) auipc   t2, 0x762ec
core   0: 3 0x80006e2c (0x762ec397) x 7 0xf62f2e2c
core   0: 0x80006e30 (0x00e76733) or      a4, a4, a4
core   0: 3 0x80006e30 (0x00e76733) x14 0x95bffdce
core   0: 0x80006e34 (0x00b44933) xor     s2, s0, a1
core   0: 3 0x80006e34 (0x00b44933) x18 0x7ffd2009
core   0: 0x80006e38 (0x02da0733) mul     a4, s4, a3
core   0: 3 0x80006e38 (0x02da0733) x14 0x00000000
core   0: 0x80006e3c (0x03bf3ab3) mulhu   s5, t5, s11
core   0: 3 0x80006e3c (0x03bf3ab3) x21 0x9c88759e
core   0: 0x80006e40 (0x00ea70b3) and     ra, s4, a4
core   0: 3 0x80006e40 (0x00ea70b3) x 1 0x00000000
core   0: 0x80006e44 (0x004fe8b3) or      a7, t6, tp
core   0: 3 0x80006e44 (0x004fe8b3) x17 0xe4000000
core   0: 0x80006e48 (0xfdf2e913) ori     s2, t0, -33
core   0: 3 0x80006e48 (0xfdf2e913) x18 0xffffffdf
core   0: 0x80006e4c (0x01fc8263) beq     s9, t6, pc + 4
core   0: 3 0x80006e4c (0x01fc8263)
core   0: 0x80006e50 (0xb5b56393) ori     t2, a0, -1189
core   0: 3 0x80006e50 (0xb5b56393) x 7 0xfffffb5b
core   0: 0x80006e54 (0x00a07cb3) and     s9, zero, a0
core   0: 3 0x80006e54 (0x00a07cb3) x25 0x00000000
core   0: 0x80006e58 (0x40e1e013) ori     zero, gp, 1038
core   0: 3 0x80006e58 (0x40e1e013)
core   0: 0x80006e5c (0x1412ed13) ori     s10, t0, 321
core   0: 3 0x80006e5c (0x1412ed13) x26 0x00000141
core   0: 0x80006e60 (0x402a5e93) srai    t4, s4, 2
core   0: 3 0x80006e60 (0x402a5e93) x29 0x00000000
core   0: 0x80006e64 (0x038807b3) mul     a5, a6, s8
core   0: 3 0x80006e64 (0x038807b3) x15 0x30690110
core   0: 0x80006e68 (0x0259c4b3) div     s1, s3, t0
core   0: 3 0x80006e68 (0x0259c4b3) x 9 0x00000000
core   0: 0x80006e6c (0x035de263) bltu    s11, s5, pc + 36
core   0: 3 0x80006e6c (0x035de263)
core   0: 0x80006e70 (0x038da113) slti    sp, s11, 56
core   0: 3 0x80006e70 (0x038da113) x 2 0x00000001
core   0: 0x80006e74 (0x4875a213) slti    tp, a1, 1159
core   0: 3 0x80006e74 (0x4875a213) x 4 0x00000001
core   0: 0x80006e78 (0x0375d533) divu    a0, a1, s7
core   0: 3 0x80006e78 (0x0375d533) x10 0xffffffff
core   0: 0x80006e7c (0x00000013) nop
core   0: 3 0x80006e7c (0x00000013)
core   0: 0x80006e80 (0x020410b3) mulh    ra, s0, zero
core   0: 3 0x80006e80 (0x020410b3) x 1 0x00000000
core   0: 0x80006e84 (0x01b5c463) blt     a1, s11, pc + 8
core   0: 3 0x80006e84 (0x01b5c463)
core   0: 0x80006e88 (0x01abaa33) slt     s4, s7, s10
core   0: 3 0x80006e88 (0x01abaa33) x20 0x00000001
core   0: 0x80006e8c (0x03ecf863) bgeu    s9, t5, pc + 48
core   0: 3 0x80006e8c (0x03ecf863)
core   0: 0x80006e90 (0x040b1863) bnez    s6, pc + 80
core   0: 3 0x80006e90 (0x040b1863)
core   0: 0x80006ee0 (0x01f29a93) slli    s5, t0, 31
core   0: 3 0x80006ee0 (0x01f29a93) x21 0x80000000
core   0: 0x80006ee4 (0x00266433) or      s0, a2, sp
core   0: 3 0x80006ee4 (0x00266433) x 8 0x80000001
core   0: 0x80006ee8 (0x01497233) and     tp, s2, s4
core   0: 3 0x80006ee8 (0x01497233) x 4 0x00000001
core   0: 0x80006eec (0x034102b3) mul     t0, sp, s4
core   0: 3 0x80006eec (0x034102b3) x 5 0x00000001
core   0: 0x80006ef0 (0x00f00cb3) add     s9, zero, a5
core   0: 3 0x80006ef0 (0x00f00cb3) x25 0x30690110
core   0: 0x80006ef4 (0x00075663) bgez    a4, pc + 12
core   0: 3 0x80006ef4 (0x00075663)
core   0: 0x80006f00 (0x04951063) bne     a0, s1, pc + 64
core   0: 3 0x80006f00 (0x04951063)
core   0: 0x80006f40 (0x03ad8263) beq     s11, s10, pc + 36
core   0: 3 0x80006f40 (0x03ad8263)
core   0: 0x80006f44 (0x02f06db3) rem     s11, zero, a5
core   0: 3 0x80006f44 (0x02f06db3) x27 0x00000000
core   0: 0x80006f48 (0x51a86413) ori     s0, a6, 1306
core   0: 3 0x80006f48 (0x51a86413) x 8 0x80025f7e
core   0: 0x80006f4c (0x01400ab3) add     s5, zero, s4
core   0: 3 0x80006f4c (0x01400ab3) x21 0x00000001
core   0: 0x80006f50 (0x038d77b3) remu    a5, s10, s8
core   0: 3 0x80006f50 (0x038d77b3) x15 0x00000141
core   0: 0x80006f54 (0x041ad663) bge     s5, ra, pc + 76
core   0: 3 0x80006f54 (0x041ad663)
core   0: 0x80006fa0 (0x0130f5b3) and     a1, ra, s3
core   0: 3 0x80006fa0 (0x0130f5b3) x11 0x00000000
core   0: 0x80006fa4 (0x03ab82b3) mul     t0, s7, s10
core   0: 3 0x80006fa4 (0x03ab82b3) x 5 0x00000000
core   0: 0x80006fa8 (0x03b9d533) divu    a0, s3, s11
core   0: 3 0x80006fa8 (0x03b9d533) x10 0xffffffff
core   0: 0x80006fac (0x03f19263) bne     gp, t6, pc + 36
core   0: 3 0x80006fac (0x03f19263)
core   0: 0x80006fd0 (0xc5aa4913) xori    s2, s4, -934
core   0: 3 0x80006fd0 (0xc5aa4913) x18 0xfffffc5b
core   0: 0x80006fd4 (0x087a8013) addi    zero, s5, 135
core   0: 3 0x80006fd4 (0x087a8013)
core   0: 0x80006fd8 (0x033cd7b3) divu    a5, s9, s3
core   0: 3 0x80006fd8 (0x033cd7b3) x15 0xffffffff
core   0: 0x80006fdc (0x0030d693) srli    a3, ra, 3
core   0: 3 0x80006fdc (0x0030d693) x13 0x00000000
core   0: 0x80006fe0 (0x010f0db3) add     s11, t5, a6
core   0: 3 0x80006fe0 (0x010f0db3) x27 0x7f6cff49
core   0: 0x80006fe4 (0x00c3d5b3) srl     a1, t2, a2
core   0: 3 0x80006fe4 (0x00c3d5b3) x11 0xfffffb5b
core   0: 0x80006fe8 (0x03dab8b3) mulhu   a7, s5, t4
core   0: 3 0x80006fe8 (0x03dab8b3) x17 0x00000000
core   0: 0x80006fec (0x01d3deb3) srl     t4, t2, t4
core   0: 3 0x80006fec (0x01d3deb3) x29 0xfffffb5b
core   0: 0x80006ff0 (0x224f22b7) lui     t0, 0x224f2
core   0: 3 0x80006ff0 (0x224f22b7) x 5 0x224f2000
core   0: 0x80006ff4 (0x006e1433) sll     s0, t3, t1
core   0: 3 0x80006ff4 (0x006e1433) x 8 0x00000000
core   0: 0x80006ff8 (0x03bc4133) div     sp, s8, s11
core   0: 3 0x80006ff8 (0x03bc4133) x 2 0xffffffff
core   0: 0x80006ffc (0x01245313) srli    t1, s0, 18
core   0: 3 0x80006ffc (0x01245313) x 6 0x00000000
core   0: 0x80007000 (0x410b04b3) sub     s1, s6, a6
core   0: 3 0x80007000 (0x410b04b3) x 9 0x7f68419c
core   0: 0x80007004 (0x03c69cb3) mulh    s9, a3, t3
core   0: 3 0x80007004 (0x03c69cb3) x25 0x00000000
core   0: 0x80007008 (0x6b7f8b97) auipc   s7, 0x6b7f8
core   0: 3 0x80007008 (0x6b7f8b97) x23 0xeb7ff008
core   0: 0x8000700c (0x01bf8663) beq     t6, s11, pc + 12
core   0: 3 0x8000700c (0x01bf8663)
core   0: 0x80007010 (0x02488eb3) mul     t4, a7, tp
core   0: 3 0x80007010 (0x02488eb3) x29 0x00000000
core   0: 0x80007014 (0x02489133) mulh    sp, a7, tp
core   0: 3 0x80007014 (0x02489133) x 2 0x00000000
core   0: 0x80007018 (0xbd4d3413) sltiu   s0, s10, -1068
core   0: 3 0x80007018 (0xbd4d3413) x 8 0x00000001
core   0: 0x8000701c (0x00000013) nop
core   0: 3 0x8000701c (0x00000013)
core   0: 0x80007020 (0x00c5d293) srli    t0, a1, 12
core   0: 3 0x80007020 (0x00c5d293) x 5 0x000fffff
core   0: 0x80007024 (0x40f085b3) sub     a1, ra, a5
core   0: 3 0x80007024 (0x40f085b3) x11 0x00000001
core   0: 0x80007028 (0x01346463) bltu    s0, s3, pc + 8
core   0: 3 0x80007028 (0x01346463)
core   0: 0x8000702c (0x247c3d97) auipc   s11, 0x247c3
core   0: 3 0x8000702c (0x247c3d97) x27 0xa47ca02c
core   0: 0x80007030 (0x01f150b3) srl     ra, sp, t6
core   0: 3 0x80007030 (0x01f150b3) x 1 0x00000000
core   0: 0x80007034 (0x958b2313) slti    t1, s6, -1704
core   0: 3 0x80007034 (0x958b2313) x 6 0x00000001
core   0: 0x80007038 (0x026342b3) div     t0, t1, t1
core   0: 3 0x80007038 (0x026342b3) x 5 0x00000001
core   0: 0x8000703c (0x00af0133) add     sp, t5, a0
core   0: 3 0x8000703c (0x00af0133) x 2 0xff6aa0e4
core   0: 0x80007040 (0x049a5463) bge     s4, s1, pc + 72
core   0: 3 0x80007040 (0x049a5463)
core   0: 0x80007044 (0x411f0233) sub     tp, t5, a7
core   0: 3 0x80007044 (0x411f0233) x 4 0xff6aa0e5
core   0: 0x80007048 (0x011ede33) srl     t3, t4, a7
core   0: 3 0x80007048 (0x011ede33) x28 0x00000000
core   0: 0x8000704c (0x00586a33) or      s4, a6, t0
core   0: 3 0x8000704c (0x00586a33) x20 0x80025e65
core   0: 0x80007050 (0x03058c63) beq     a1, a6, pc + 56
core   0: 3 0x80007050 (0x03058c63)
core   0: 0x80007054 (0x00000013) nop
core   0: 3 0x80007054 (0x00000013)
core   0: 0x80007058 (0x011055b3) srl     a1, zero, a7
core   0: 3 0x80007058 (0x011055b3) x11 0x00000000
core   0: 0x8000705c (0x721ff993) andi    s3, t6, 1825
core   0: 3 0x8000705c (0x721ff993) x19 0x00000000
core   0: 0x80007060 (0x009b36b3) sltu    a3, s6, s1
core   0: 3 0x80007060 (0x009b36b3) x13 0x00000000
core   0: 0x80007064 (0x015fe8b3) or      a7, t6, s5
core   0: 3 0x80007064 (0x015fe8b3) x17 0xe4000001
core   0: 0x80007068 (0x01761b93) slli    s7, a2, 23
core   0: 3 0x80007068 (0x01761b93) x23 0x00000000
core   0: 0x8000706c (0x01d261b3) or      gp, tp, t4
core   0: 3 0x8000706c (0x01d261b3) x 3 0xff6aa0e5
core   0: 0x80007070 (0x03a1fe33) remu    t3, gp, s10
core   0: 3 0x80007070 (0x03a1fe33) x28 0x0000008d
core   0: 0x80007074 (0x4af1b793) sltiu   a5, gp, 1199
core   0: 3 0x80007074 (0x4af1b793) x15 0x00000000
core   0: 0x80007078 (0x02e2d6b3) divu    a3, t0, a4
core   0: 3 0x80007078 (0x02e2d6b3) x13 0xffffffff
core   0: 0x8000707c (0x0564c263) blt     s1, s6, pc + 68
core   0: 3 0x8000707c (0x0564c263)
core   0: 0x80007080 (0x0162d013) srli    zero, t0, 22
core   0: 3 0x80007080 (0x0162d013)
core   0: 0x80007084 (0x4000d793) srai    a5, ra, 0
core   0: 3 0x80007084 (0x4000d793) x15 0x00000000
core   0: 0x80007088 (0x03aaf1b3) remu    gp, s5, s10
core   0: 3 0x80007088 (0x03aaf1b3) x 3 0x00000001
core   0: 0x8000708c (0x018e9263) bne     t4, s8, pc + 4
core   0: 3 0x8000708c (0x018e9263)
core   0: 0x80007090 (0x03349233) mulh    tp, s1, s3
core   0: 3 0x80007090 (0x03349233) x 4 0x00000000
core   0: 0x80007094 (0x008eff33) and     t5, t4, s0
core   0: 3 0x80007094 (0x008eff33) x30 0x00000000
core   0: 0x80007098 (0x01f549b3) xor     s3, a0, t6
core   0: 3 0x80007098 (0x01f549b3) x19 0x1bffffff
core   0: 0x8000709c (0xb4e36e37) lui     t3, 0xb4e36
core   0: 3 0x8000709c (0xb4e36e37) x28 0xb4e36000
core   0: 0x800070a0 (0x00b5ce33) xor     t3, a1, a1
core   0: 3 0x800070a0 (0x00b5ce33) x28 0x00000000
core   0: 0x800070a4 (0x000ee463) bltu    t4, zero, pc + 8
core   0: 3 0x800070a4 (0x000ee463)
core   0: 0x800070a8 (0x2614e793) ori     a5, s1, 609
core   0: 3 0x800070a8 (0x2614e793) x15 0x7f6843fd
core   0: 0x800070ac (0x023f5e63) bge     t5, gp, pc + 60
core   0: 3 0x800070ac (0x023f5e63)
core   0: 0x800070b0 (0xe1970993) addi    s3, a4, -487
core   0: 3 0x800070b0 (0xe1970993) x19 0xfffffe19
core   0: 0x800070b4 (0x0068e933) or      s2, a7, t1
core   0: 3 0x800070b4 (0x0068e933) x18 0xe4000001
core   0: 0x800070b8 (0x02560f33) mul     t5, a2, t0
core   0: 3 0x800070b8 (0x02560f33) x30 0x80000000
core   0: 0x800070bc (0x025689b3) mul     s3, a3, t0
core   0: 3 0x800070bc (0x025689b3) x19 0xffffffff
core   0: 0x800070c0 (0x41b4dd13) srai    s10, s1, 27
core   0: 3 0x800070c0 (0x41b4dd13) x26 0x0000000f
core   0: 0x800070c4 (0x0022de33) srl     t3, t0, sp
core   0: 3 0x800070c4 (0x0022de33) x28 0x00000000
core   0: 0x800070c8 (0x01cf0f33) add     t5, t5, t3
core   0: 3 0x800070c8 (0x01cf0f33) x30 0x80000000
core   0: 0x800070cc (0x0064f933) and     s2, s1, t1
core   0: 3 0x800070cc (0x0064f933) x18 0x00000000
core   0: 0x800070d0 (0x4aef7293) andi    t0, t5, 1198
core   0: 3 0x800070d0 (0x4aef7293) x 5 0x00000000
core   0: 0x800070d4 (0xb466fc93) andi    s9, a3, -1210
core   0: 3 0x800070d4 (0xb466fc93) x25 0xfffffb46
core   0: 0x800070d8 (0x038219b3) mulh    s3, tp, s8
core   0: 3 0x800070d8 (0x038219b3) x19 0x00000000
core   0: 0x800070dc (0x006f2433) slt     s0, t5, t1
core   0: 3 0x800070dc (0x006f2433) x 8 0x00000001
core   0: 0x800070e0 (0x0029ee33) or      t3, s3, sp
core   0: 3 0x800070e0 (0x0029ee33) x28 0xff6aa0e4
core   0: 0x800070e4 (0x01386c63) bltu    a6, s3, pc + 24
core   0: 3 0x800070e4 (0x01386c63)
core   0: 0x800070e8 (0x02cfbd33) mulhu   s10, t6, a2
core   0: 3 0x800070e8 (0x02cfbd33) x26 0x72000000
core   0: 0x800070ec (0x022ae463) bltu    s5, sp, pc + 40
core   0: 3 0x800070ec (0x022ae463)
core   0: 0x80007114 (0x03dff263) bgeu    t6, t4, pc + 36
core   0: 3 0x80007114 (0x03dff263)
core   0: 0x80007138 (0x03d2f9b3) remu    s3, t0, t4
core   0: 3 0x80007138 (0x03d2f9b3) x19 0x00000000
core   0: 0x8000713c (0x030efeb3) remu    t4, t4, a6
core   0: 3 0x8000713c (0x030efeb3) x29 0x00000000
core   0: 0x80007140 (0x01fe2433) slt     s0, t3, t6
core   0: 3 0x80007140 (0x01fe2433) x 8 0x00000000
core   0: 0x80007144 (0x025f2233) mulhsu  tp, t5, t0
core   0: 3 0x80007144 (0x025f2233) x 4 0x00000000
core   0: 0x80007148 (0x03a9c3b3) div     t2, s3, s10
core   0: 3 0x80007148 (0x03a9c3b3) x 7 0x00000000
core   0: 0x8000714c (0x003d85b3) add     a1, s11, gp
core   0: 3 0x8000714c (0x003d85b3) x11 0xa47ca02d
core   0: 0x80007150 (0x01541263) bne     s0, s5, pc + 4
core   0: 3 0x80007150 (0x01541263)
core   0: 0x80007154 (0x01bde333) or      t1, s11, s11
core   0: 3 0x80007154 (0x01bde333) x 6 0xa47ca02c
core   0: 0x80007158 (0x41c5dc93) srai    s9, a1, 28
core   0: 3 0x80007158 (0x41c5dc93) x25 0xfffffffa
core   0: 0x8000715c (0x019d5a33) srl     s4, s10, s9
core   0: 3 0x8000715c (0x019d5a33) x20 0x0000001c
core   0: 0x80007160 (0x6b3b1097) auipc   ra, 0x6b3b1
core   0: 3 0x80007160 (0x6b3b1097) x 1 0xeb3b8160
core   0: 0x80007164 (0x01ab5d33) srl     s10, s6, s10
core   0: 3 0x80007164 (0x01ab5d33) x26 0xff6aa000
core   0: 0x80007168 (0x01b450b3) srl     ra, s0, s11
core   0: 3 0x80007168 (0x01b450b3) x 1 0x00000000
core   0: 0x8000716c (0x56ee3113) sltiu   sp, t3, 1390
core   0: 3 0x8000716c (0x56ee3113) x 2 0x00000000
core   0: 0x80007170 (0x00258433) add     s0, a1, sp
core   0: 3 0x80007170 (0x00258433) x 8 0xa47ca02d
core   0: 0x80007174 (0x039b1cb3) mulh    s9, s6, s9
core   0: 3 0x80007174 (0x039b1cb3) x25 0x00000000
core   0: 0x80007178 (0x005eeeb3) or      t4, t4, t0
core   0: 3 0x80007178 (0x005eeeb3) x29 0x00000000
core   0: 0x8000717c (0x7eccb913) sltiu   s2, s9, 2028
core   0: 3 0x8000717c (0x7eccb913) x18 0x00000001
core   0: 0x80007180 (0x01afeeb3) or      t4, t6, s10
core   0: 3 0x80007180 (0x01afeeb3) x29 0xff6aa000
core   0: 0x80007184 (0x008e3f33) sltu    t5, t3, s0
core   0: 3 0x80007184 (0x008e3f33) x30 0x00000000
core   0: 0x80007188 (0x02176c63) bltu    a4, ra, pc + 56
core   0: 3 0x80007188 (0x02176c63)
core   0: 0x8000718c (0x000fd493) srli    s1, t6, 0
core   0: 3 0x8000718c (0x000fd493) x 9 0xe4000000
core   0: 0x80007190 (0x166e8993) addi    s3, t4, 358
core   0: 3 0x80007190 (0x166e8993) x19 0xff6aa166
core   0: 0x80007194 (0x018bdb93) srli    s7, s7, 24
core   0: 3 0x80007194 (0x018bdb93) x23 0x00000000
core   0: 0x80007198 (0x67376d93) ori     s11, a4, 1651
core   0: 3 0x80007198 (0x67376d93) x27 0x00000673
core   0: 0x8000719c (0xf1cdf493) andi    s1, s11, -228
core   0: 3 0x8000719c (0xf1cdf493) x 9 0x00000610
core   0: 0x800071a0 (0x0326e4b3) rem     s1, a3, s2
core   0: 3 0x800071a0 (0x0326e4b3) x 9 0x00000000
core   0: 0x800071a4 (0x0224d933) divu    s2, s1, sp
core   0: 3 0x800071a4 (0x0224d933) x18 0xffffffff
core   0: 0x800071a8 (0x007cf933) and     s2, s9, t2
core   0: 3 0x800071a8 (0x007cf933) x18 0x00000000
core   0: 0x800071ac (0x537ed297) auipc   t0, 0x537ed
core   0: 3 0x800071ac (0x537ed297) x 5 0xd37f41ac
core   0: 0x800071b0 (0x01131333) sll     t1, t1, a7
core   0: 3 0x800071b0 (0x01131333) x 6 0x48f94058
core   0: 0x800071b4 (0x41b885b3) sub     a1, a7, s11
core   0: 3 0x800071b4 (0x41b885b3) x11 0xe3fff98e
core   0: 0x800071b8 (0x0338bb33) mulhu   s6, a7, s3
core   0: 3 0x800071b8 (0x0338bb33) x22 0xe37af7bf
core   0: 0x800071bc (0x03b890b3) mulh    ra, a7, s11
core   0: 3 0x800071bc (0x03b890b3) x 1 0xffffff4b
core   0: 0x800071c0 (0x00051293) slli    t0, a0, 0
core   0: 3 0x800071c0 (0x00051293) x 5 0xffffffff
core   0: 0x800071c4 (0xa0f44793) xori    a5, s0, -1521
core   0: 3 0x800071c4 (0xa0f44793) x15 0x5b835a22
core   0: 0x800071c8 (0x054c9863) bne     s9, s4, pc + 80
core   0: 3 0x800071c8 (0x054c9863)
core   0: 0x80007218 (0x02a8c5b3) div     a1, a7, a0
core   0: 3 0x80007218 (0x02a8c5b3) x11 0x1bffffff
core   0: 0x8000721c (0x00000013) nop
core   0: 3 0x8000721c (0x00000013)
core   0: 0x80007220 (0x05ab5263) bge     s6, s10, pc + 68
core   0: 3 0x80007220 (0x05ab5263)
core   0: 0x80007224 (0x013032b3) snez    t0, s3
core   0: 3 0x80007224 (0x013032b3) x 5 0x00000001
core   0: 0x80007228 (0x104eef13) ori     t5, t4, 260
core   0: 3 0x80007228 (0x104eef13) x30 0xff6aa104
core   0: 0x8000722c (0x02eb1a63) bne     s6, a4, pc + 52
core   0: 3 0x8000722c (0x02eb1a63)
core   0: 0x80007260 (0x2e32ed13) ori     s10, t0, 739
core   0: 3 0x80007260 (0x2e32ed13) x26 0x000002e3
core   0: 0x80007264 (0x40f38eb3) sub     t4, t2, a5
core   0: 3 0x80007264 (0x40f38eb3) x29 0xa47ca5de
core   0: 0x80007268 (0x001fa433) slt     s0, t6, ra
core   0: 3 0x80007268 (0x001fa433) x 8 0x00000001
core   0: 0x8000726c (0x00694333) xor     t1, s2, t1
core   0: 3 0x8000726c (0x00694333) x 6 0x48f94058
core   0: 0x80007270 (0xad43ee13) ori     t3, t2, -1324
core   0: 3 0x80007270 (0xad43ee13) x28 0xfffffad4
core   0: 0x80007274 (0xdb45ce13) xori    t3, a1, -588
core   0: 3 0x80007274 (0xdb45ce13) x28 0xe400024b
core   0: 0x80007278 (0x76aa4513) xori    a0, s4, 1898
core   0: 3 0x80007278 (0x76aa4513) x10 0x00000776
core   0: 0x8000727c (0xce41a893) slti    a7, gp, -796
core   0: 3 0x8000727c (0xce41a893) x17 0x00000000
core   0: 0x80007280 (0x01c2f033) and     zero, t0, t3
core   0: 3 0x80007280 (0x01c2f033)
core   0: 0x80007284 (0x41c5d6b3) sra     a3, a1, t3
core   0: 3 0x80007284 (0x41c5d6b3) x13 0x00037fff
core   0: 0x80007288 (0x72be6237) lui     tp, 0x72be6
core   0: 3 0x80007288 (0x72be6237) x 4 0x72be6000
core   0: 0x8000728c (0x01fa8133) add     sp, s5, t6
core   0: 3 0x8000728c (0x01fa8133) x 2 0xe4000001
core   0: 0x80007290 (0x7388ab13) slti    s6, a7, 1848
core   0: 3 0x80007290 (0x7388ab13) x22 0x00000001
core   0: 0x80007294 (0x00000013) nop
core   0: 3 0x80007294 (0x00000013)
core   0: 0x80007298 (0x00307db3) and     s11, zero, gp
core   0: 3 0x80007298 (0x00307db3) x27 0x00000000
core   0: 0x8000729c (0x406ed433) sra     s0, t4, t1
core   0: 3 0x8000729c (0x406ed433) x 8 0xffffffa4
core   0: 0x800072a0 (0x030f6e63) bltu    t5, a6, pc + 60
core   0: 3 0x800072a0 (0x030f6e63)
core   0: 0x800072a4 (0x001afab3) and     s5, s5, ra
core   0: 3 0x800072a4 (0x001afab3) x21 0x00000001
core   0: 0x800072a8 (0x01854333) xor     t1, a0, s8
core   0: 3 0x800072a8 (0x01854333) x 6 0x80029b92
core   0: 0x800072ac (0x012794b3) sll     s1, a5, s2
core   0: 3 0x800072ac (0x012794b3) x 9 0x5b835a22
core   0: 0x800072b0 (0x04b97663) bgeu    s2, a1, pc + 76
core   0: 3 0x800072b0 (0x04b97663)
core   0: 0x800072b4 (0x404f0a33) sub     s4, t5, tp
core   0: 3 0x800072b4 (0x404f0a33) x20 0x8cac4104
core   0: 0x800072b8 (0x0171d013) srli    zero, gp, 23
core   0: 3 0x800072b8 (0x0171d013)
core   0: 0x800072bc (0x01429793) slli    a5, t0, 20
core   0: 3 0x800072bc (0x01429793) x15 0x00100000
core   0: 0x800072c0 (0x00ed7733) and     a4, s10, a4
core   0: 3 0x800072c0 (0x00ed7733) x14 0x00000000
core   0: 0x800072c4 (0xfffd7c93) andi    s9, s10, -1
core   0: 3 0x800072c4 (0xfffd7c93) x25 0x000002e3
core   0: 0x800072c8 (0x00400bb3) add     s7, zero, tp
core   0: 3 0x800072c8 (0x00400bb3) x23 0x72be6000
core   0: 0x800072cc (0x0265e533) rem     a0, a1, t1
core   0: 3 0x800072cc (0x0265e533) x10 0x1bffffff
core   0: 0x800072d0 (0xda363713) sltiu   a4, a2, -605
core   0: 3 0x800072d0 (0xda363713) x14 0x00000001
core   0: 0x800072d4 (0x01839913) slli    s2, t2, 24
core   0: 3 0x800072d4 (0x01839913) x18 0x00000000
core   0: 0x800072d8 (0x01630233) add     tp, t1, s6
core   0: 3 0x800072d8 (0x01630233) x 4 0x80029b93
core   0: 0x800072dc (0x00000013) nop
core   0: 3 0x800072dc (0x00000013)
core   0: 0x800072e0 (0x00659463) bne     a1, t1, pc + 8
core   0: 3 0x800072e0 (0x00659463)
core   0: 0x800072e8 (0x037e99b3) mulh    s3, t4, s7
core   0: 3 0x800072e8 (0x037e99b3) x19 0xd6fb740e
core   0: 0x800072ec (0x2f7aac93) slti    s9, s5, 759
core   0: 3 0x800072ec (0x2f7aac93) x25 0x00000001
core   0: 0x800072f0 (0x00335fb3) srl     t6, t1, gp
core   0: 3 0x800072f0 (0x00335fb3) x31 0x40014dc9
core   0: 0x800072f4 (0x00c96333) or      t1, s2, a2
core   0: 3 0x800072f4 (0x00c96333) x 6 0x80000000
core   0: 0x800072f8 (0x022eb3b3) mulhu   t2, t4, sp
core   0: 3 0x800072f8 (0x022eb3b3) x 7 0x927f03ba
core   0: 0x800072fc (0x011f5d13) srli    s10, t5, 17
core   0: 3 0x800072fc (0x011f5d13) x26 0x00007fb5
core   0: 0x80007300 (0x01caf333) and     t1, s5, t3
core   0: 3 0x80007300 (0x01caf333) x 6 0x00000001
core   0: 0x80007304 (0x01a302b3) add     t0, t1, s10
core   0: 3 0x80007304 (0x01a302b3) x 5 0x00007fb6
core   0: 0x80007308 (0x0ed7e863) bltu    a5, a3, pc + 240
core   0: 3 0x80007308 (0x0ed7e863)
core   0: 0x8000730c (0x01fa2433) slt     s0, s4, t6
core   0: 3 0x8000730c (0x01fa2433) x 8 0x00000001
core   0: 0x80007310 (0x01b35f13) srli    t5, t1, 27
core   0: 3 0x80007310 (0x01b35f13) x30 0x00000000
core   0: 0x80007314 (0xa643b413) sltiu   s0, t2, -1436
core   0: 3 0x80007314 (0xa643b413) x 8 0x00000001
core   0: 0x80007318 (0x0087e463) bltu    a5, s0, pc + 8
core   0: 3 0x80007318 (0x0087e463)
core   0: 0x8000731c (0x7e72b013) sltiu   zero, t0, 2023
core   0: 3 0x8000731c (0x7e72b013)
core   0: 0x80007320 (0x0c966c63) bltu    a2, s1, pc + 216
core   0: 3 0x80007320 (0x0c966c63)
core   0: 0x80007324 (0x00000013) nop
core   0: 3 0x80007324 (0x00000013)
core   0: 0x80007328 (0x0e20c663) blt     ra, sp, pc + 236
core   0: 3 0x80007328 (0x0e20c663)
core   0: 0x8000732c (0x01ab9533) sll     a0, s7, s10
core   0: 3 0x8000732c (0x01ab9533) x10 0x00000000
core   0: 0x80007330 (0x016faa33) slt     s4, t6, s6
core   0: 3 0x80007330 (0x016faa33) x20 0x00000000
core   0: 0x80007334 (0x41118733) sub     a4, gp, a7
core   0: 3 0x80007334 (0x41118733) x14 0x00000001
core   0: 0x80007338 (0x031f6113) ori     sp, t5, 49
core   0: 3 0x80007338 (0x031f6113) x 2 0x00000031
core   0: 0x8000733c (0x30d7e913) ori     s2, a5, 781
core   0: 3 0x8000733c (0x30d7e913) x18 0x0010030d
core   0: 0x80007340 (0x00011117) auipc   sp, 0x11
core   0: 3 0x80007340 (0x00011117) x 2 0x80018340
core   0: 0x80007344 (0x15710113) addi    sp, sp, 343
core   0: 3 0x80007344 (0x15710113) x 2 0x80018497
core   0: 0x80007348 (0x00805b93) srli    s7, zero, 8
core   0: 3 0x80007348 (0x00805b93) x23 0x00000000
core   0: 0x8000734c (0x02ad6bb3) rem     s7, s10, a0
core   0: 3 0x8000734c (0x02ad6bb3) x23 0x00007fb5
core   0: 0x80007350 (0x03fb50b3) divu    ra, s6, t6
core   0: 3 0x80007350 (0x03fb50b3) x 1 0x00000000
core   0: 0x80007354 (0xff110f83) lb      t6, -15(sp)
core   0: 3 0x80007354 (0xff110f83) x31 0xffffffb3 mem 0x80018488
core   0: 0x80007358 (0x03fb2e33) mulhsu  t3, s6, t6
core   0: 3 0x80007358 (0x03fb2e33) x28 0x00000000
core   0: 0x8000735c (0x00711003) lh      zero, 7(sp)
core   0: 3 0x8000735c (0x00711003) mem 0x8001849e
core   0: 0x80007360 (0x01716e33) or      t3, sp, s7
core   0: 3 0x80007360 (0x01716e33) x28 0x8001ffb7
core   0: 0x80007364 (0x000f63b3) or      t2, t5, zero
core   0: 3 0x80007364 (0x000f63b3) x 7 0x00000000
core   0: 0x80007368 (0x244bbd13) sltiu   s10, s7, 580
core   0: 3 0x80007368 (0x244bbd13) x26 0x00000000
core   0: 0x8000736c (0x00000013) nop
core   0: 3 0x8000736c (0x00000013)
core   0: 0x80007370 (0x00114003) lbu     zero, 1(sp)
core   0: 3 0x80007370 (0x00114003) mem 0x80018498
core   0: 0x80007374 (0x00512783) lw      a5, 5(sp)
core   0: 3 0x80007374 (0x00512783) x15 0xb7d8c210 mem 0x8001849c
core   0: 0x80007378 (0x00410903) lb      s2, 4(sp)
core   0: 3 0x80007378 (0x00410903) x18 0x00000037 mem 0x8001849b
core   0: 0x8000737c (0xff112003) lw      zero, -15(sp)
core   0: 3 0x8000737c (0xff112003) mem 0x80018488
core   0: 0x80007380 (0x00f10423) sb      a5, 8(sp)
core   0: 3 0x80007380 (0x00f10423) mem 0x8001849f 0x10
core   0: 0x80007384 (0xff210f83) lb      t6, -14(sp)
core   0: 3 0x80007384 (0xff210f83) x31 0x00000000 mem 0x80018489
core   0: 0x80007388 (0x030501b3) mul     gp, a0, a6
core   0: 3 0x80007388 (0x030501b3) x 3 0x00000000
core   0: 0x8000738c (0x412bd293) srai    t0, s7, 18
core   0: 3 0x8000738c (0x412bd293) x 5 0x00000000
core   0: 0x80007390 (0x00f10d33) add     s10, sp, a5
core   0: 3 0x80007390 (0x00f10d33) x26 0x37da46a7
core   0: 0x80007394 (0x02a4cfb3) div     t6, s1, a0
core   0: 3 0x80007394 (0x02a4cfb3) x31 0xffffffff
core   0: 0x80007398 (0xffa14c83) lbu     s9, -6(sp)
core   0: 3 0x80007398 (0xffa14c83) x25 0x000000b7 mem 0x80018491
core   0: 0x8000739c (0x006c77b3) and     a5, s8, t1
core   0: 3 0x8000739c (0x006c77b3) x15 0x00000000
core   0: 0x800073a0 (0xffd15583) lhu     a1, -3(sp)
core   0: 3 0x800073a0 (0xffd15583) x11 0x0000e140 mem 0x80018494
core   0: 0x800073a4 (0x00014303) lbu     t1, 0(sp)
core   0: 3 0x800073a4 (0x00014303) x 6 0x0000006b mem 0x80018497
core   0: 0x800073a8 (0x02ca8eb3) mul     t4, s5, a2
core   0: 3 0x800073a8 (0x02ca8eb3) x29 0x80000000
core   0: 0x800073ac (0x40e504b3) sub     s1, a0, a4
core   0: 3 0x800073ac (0x40e504b3) x 9 0xffffffff
core   0: 0x800073b0 (0x0360e033) rem     zero, ra, s6
core   0: 3 0x800073b0 (0x0360e033)
core   0: 0x800073b4 (0x41d25d33) sra     s10, tp, t4
core   0: 3 0x800073b4 (0x41d25d33) x26 0x80029b93
core   0: 0x800073b8 (0xff314b03) lbu     s6, -13(sp)
core   0: 3 0x800073b8 (0xff314b03) x22 0x0000007b mem 0x8001848a
core   0: 0x800073bc (0x00314e83) lbu     t4, 3(sp)
core   0: 3 0x800073bc (0x00314e83) x29 0x000000fe mem 0x8001849a
core   0: 0x800073c0 (0xff810a03) lb      s4, -8(sp)
core   0: 3 0x800073c0 (0xff810a03) x20 0xffffff8f mem 0x8001848f
core   0: 0x800073c4 (0x00000013) nop
core   0: 3 0x800073c4 (0x00000013)
core   0: 0x800073c8 (0x408f0e33) sub     t3, t5, s0
core   0: 3 0x800073c8 (0x408f0e33) x28 0xffffffff
core   0: 0x800073cc (0xffd11e83) lh      t4, -3(sp)
core   0: 3 0x800073cc (0xffd11e83) x29 0xffffe140 mem 0x80018494
core   0: 0x800073d0 (0x41fa8233) sub     tp, s5, t6
core   0: 3 0x800073d0 (0x41fa8233) x 4 0x00000002
core   0: 0x800073d4 (0x00c10483) lb      s1, 12(sp)
core   0: 3 0x800073d4 (0x00c10483) x 9 0xffffff83 mem 0x800184a3
core   0: 0x800073d8 (0xd3058713) addi    a4, a1, -720
core   0: 3 0x800073d8 (0xd3058713) x14 0x0000de70
core   0: 0x800073dc (0x41d38533) sub     a0, t2, t4
core   0: 3 0x800073dc (0x41d38533) x10 0x00001ec0
core   0: 0x800073e0 (0x37c2cf93) xori    t6, t0, 892
core   0: 3 0x800073e0 (0x37c2cf93) x31 0x0000037c
core   0: 0x800073e4 (0xffd14783) lbu     a5, -3(sp)
core   0: 3 0x800073e4 (0xffd14783) x15 0x00000040 mem 0x80018494
core   0: 0x800073e8 (0xff814883) lbu     a7, -8(sp)
core   0: 3 0x800073e8 (0xff814883) x17 0x0000008f mem 0x8001848f
core   0: 0x800073ec (0x411258b3) sra     a7, tp, a7
core   0: 3 0x800073ec (0x411258b3) x17 0x00000000
core   0: 0x800073f0 (0xfe410823) sb      tp, -16(sp)
core   0: 3 0x800073f0 (0xfe410823) mem 0x80018487 0x2
core   0: 0x800073f4 (0x01fb9233) sll     tp, s7, t6
core   0: 3 0x800073f4 (0x01fb9233) x 4 0x50000000
core   0: 0x800073f8 (0x0051e1b3) or      gp, gp, t0
core   0: 3 0x800073f8 (0x0051e1b3) x 3 0x00000000
core   0: 0x800073fc (0x019f2033) slt     zero, t5, s9
core   0: 3 0x800073fc (0x019f2033)
core   0: 0x80007400 (0x02674733) div     a4, a4, t1
core   0: 3 0x80007400 (0x02674733) x14 0x00000214
core   0: 0x80007404 (0xb53ee913) ori     s2, t4, -1197
core   0: 3 0x80007404 (0xb53ee913) x18 0xfffffb53
core   0: 0x80007408 (0x02b407b3) mul     a5, s0, a1
core   0: 3 0x80007408 (0x02b407b3) x15 0x0000e140
core   0: 0x8000740c (0x8d3f7393) andi    t2, t5, -1837
core   0: 3 0x8000740c (0x8d3f7393) x 7 0x00000000
core   0: 0x80007410 (0xe3fe2a13) slti    s4, t3, -449
core   0: 3 0x80007410 (0xe3fe2a13) x20 0x00000000
core   0: 0x80007414 (0x01bc6bb3) or      s7, s8, s11
core   0: 3 0x80007414 (0x01bc6bb3) x23 0x80029ce4
core   0: 0x80007418 (0x7c2a7d97) auipc   s11, 0x7c2a7
core   0: 3 0x80007418 (0x7c2a7d97) x27 0xfc2ae418
core   0: 0x8000741c (0x0222c433) div     s0, t0, sp
core   0: 3 0x8000741c (0x0222c433) x 8 0x00000000
core   0: 0x80007420 (0x0299bf33) mulhu   t5, s3, s1
core   0: 3 0x80007420 (0x0299bf33) x30 0xd6fb73a5
core   0: 0x80007424 (0x41e10db3) sub     s11, sp, t5
core   0: 3 0x80007424 (0x41e10db3) x27 0xa90610f2
core   0: 0x80007428 (0x036c8eb3) mul     t4, s9, s6
core   0: 3 0x80007428 (0x036c8eb3) x29 0x000057ed
core   0: 0x8000742c (0xad370413) addi    s0, a4, -1325
core   0: 3 0x8000742c (0xad370413) x 8 0xfffffce7
core   0: 0x80007430 (0x01eed3b3) srl     t2, t4, t5
core   0: 3 0x80007430 (0x01eed3b3) x 7 0x000002bf
core   0: 0x80007434 (0x013d17b3) sll     a5, s10, s3
core   0: 3 0x80007434 (0x013d17b3) x15 0xa6e4c000
core   0: 0x80007438 (0x02118133) mul     sp, gp, ra
core   0: 3 0x80007438 (0x02118133) x 2 0x00000000
core   0: 0x8000743c (0x00460ab3) add     s5, a2, tp
core   0: 3 0x8000743c (0x00460ab3) x21 0xd0000000
core   0: 0x80007440 (0x41ee5e33) sra     t3, t3, t5
core   0: 3 0x80007440 (0x41ee5e33) x28 0xffffffff
core   0: 0x80007444 (0x03afbb33) mulhu   s6, t6, s10
core   0: 3 0x80007444 (0x03afbb33) x22 0x000001be
core   0: 0x80007448 (0x022a0fb3) mul     t6, s4, sp
core   0: 3 0x80007448 (0x022a0fb3) x31 0x00000000
core   0: 0x8000744c (0xcac90413) addi    s0, s2, -852
core   0: 3 0x8000744c (0xcac90413) x 8 0xfffff7ff
core   0: 0x80007450 (0x003bf663) bgeu    s7, gp, pc + 12
core   0: 3 0x80007450 (0x003bf663)
core   0: 0x8000745c (0x01205213) srli    tp, zero, 18
core   0: 3 0x8000745c (0x01205213) x 4 0x00000000
core   0: 0x80007460 (0xeb1ff413) andi    s0, t6, -335
core   0: 3 0x80007460 (0xeb1ff413) x 8 0x00000000
core   0: 0x80007464 (0x03759433) mulh    s0, a1, s7
core   0: 3 0x80007464 (0x03759433) x 8 0xffff8f62
core   0: 0x80007468 (0x6e0625b7) lui     a1, 0x6e062
core   0: 3 0x80007468 (0x6e0625b7) x11 0x6e062000
core   0: 0x8000746c (0x023cd2b3) divu    t0, s9, gp
core   0: 3 0x8000746c (0x023cd2b3) x 5 0xffffffff
core   0: 0x80007470 (0x025bc4b3) div     s1, s7, t0
core   0: 3 0x80007470 (0x025bc4b3) x 9 0x7ffd631c
core   0: 0x80007474 (0x05e40063) beq     s0, t5, pc + 64
core   0: 3 0x80007474 (0x05e40063)
core   0: 0x80007478 (0x0348f063) bgeu    a7, s4, pc + 32
core   0: 3 0x80007478 (0x0348f063)
core   0: 0x80007498 (0x0164c463) blt     s1, s6, pc + 8
core   0: 3 0x80007498 (0x0164c463)
core   0: 0x8000749c (0xd4ef3237) lui     tp, 0xd4ef3
core   0: 3 0x8000749c (0xd4ef3237) x 4 0xd4ef3000
core   0: 0x800074a0 (0x01316463) bltu    sp, s3, pc + 8
core   0: 3 0x800074a0 (0x01316463)
core   0: 0x800074a8 (0x038bcfb3) div     t6, s7, s8
core   0: 3 0x800074a8 (0x038bcfb3) x31 0x00000001
core   0: 0x800074ac (0x401b04b3) sub     s1, s6, ra
core   0: 3 0x800074ac (0x401b04b3) x 9 0x000001be
core   0: 0x800074b0 (0x82167793) andi    a5, a2, -2015
core   0: 3 0x800074b0 (0x82167793) x15 0x80000000
core   0: 0x800074b4 (0x03e63e33) mulhu   t3, a2, t5
core   0: 3 0x800074b4 (0x03e63e33) x28 0x6b7db9d2
core   0: 0x800074b8 (0x002ac663) blt     s5, sp, pc + 12
core   0: 3 0x800074b8 (0x002ac663)
core   0: 0x800074c4 (0x41708e33) sub     t3, ra, s7
core   0: 3 0x800074c4 (0x41708e33) x28 0x7ffd631c
core   0: 0x800074c8 (0x039bd933) divu    s2, s7, s9
core   0: 3 0x800074c8 (0x039bd933) x18 0x00b3130b
core   0: 0x800074cc (0xc2d1a893) slti    a7, gp, -979
core   0: 3 0x800074cc (0xc2d1a893) x17 0x00000000
core   0: 0x800074d0 (0x01ac9893) slli    a7, s9, 26
core   0: 3 0x800074d0 (0x01ac9893) x17 0xdc000000
core   0: 0x800074d4 (0x05f5ef37) lui     t5, 0x5f5e
core   0: 3 0x800074d4 (0x05f5ef37) x30 0x05f5e000
core   0: 0x800074d8 (0x01e59463) bne     a1, t5, pc + 8
core   0: 3 0x800074d8 (0x01e59463)
core   0: 0x800074e0 (0x02c14063) blt     sp, a2, pc + 32
core   0: 3 0x800074e0 (0x02c14063)
core   0: 0x800074e4 (0x41d20eb3) sub     t4, tp, t4
core   0: 3 0x800074e4 (0x41d20eb3) x29 0xd4eed813
core   0: 0x800074e8 (0x031848b3) div     a7, a6, a7
core   0: 3 0x800074e8 (0x031848b3) x17 0x00000003
core   0: 0x800074ec (0x4017d533) sra     a0, a5, ra
core   0: 3 0x800074ec (0x4017d533) x10 0x80000000
core   0: 0x800074f0 (0x009badb3) slt     s11, s7, s1
core   0: 3 0x800074f0 (0x009badb3) x27 0x00000001
core   0: 0x800074f4 (0x0240f263) bgeu    ra, tp, pc + 36
core   0: 3 0x800074f4 (0x0240f263)
core   0: 0x800074f8 (0x00028233) add     tp, t0, zero
core   0: 3 0x800074f8 (0x00028233) x 4 0xffffffff
core   0: 0x800074fc (0x49d6fa97) auipc   s5, 0x49d6f
core   0: 3 0x800074fc (0x49d6fa97) x21 0xc9d764fc
core   0: 0x80007500 (0x416e5233) sra     tp, t3, s6
core   0: 3 0x80007500 (0x416e5233) x 4 0x00000001
core   0: 0x80007504 (0x002b29b3) slt     s3, s6, sp
core   0: 3 0x80007504 (0x002b29b3) x19 0x00000000
core   0: 0x80007508 (0x007bdb13) srli    s6, s7, 7
core   0: 3 0x80007508 (0x007bdb13) x22 0x01000539
core   0: 0x8000750c (0x018cd793) srli    a5, s9, 24
core   0: 3 0x8000750c (0x018cd793) x15 0x00000000
core   0: 0x80007510 (0x88dc9537) lui     a0, 0x88dc9
core   0: 3 0x80007510 (0x88dc9537) x10 0x88dc9000
core   0: 0x80007514 (0x0165d663) bge     a1, s6, pc + 12
core   0: 3 0x80007514 (0x0165d663)
core   0: 0x80007520 (0x017e1993) slli    s3, t3, 23
core   0: 3 0x80007520 (0x017e1993) x19 0x8e000000
core   0: 0x80007524 (0x00c03ab3) snez    s5, a2
core   0: 3 0x80007524 (0x00c03ab3) x21 0x00000001
core   0: 0x80007528 (0x02c06e33) rem     t3, zero, a2
core   0: 3 0x80007528 (0x02c06e33) x28 0x00000000
core   0: 0x8000752c (0x19516a13) ori     s4, sp, 405
core   0: 3 0x8000752c (0x19516a13) x20 0x00000195
core   0: 0x80007530 (0x00074263) bltz    a4, pc + 4
core   0: 3 0x80007530 (0x00074263)
core   0: 0x80007534 (0x01a668b3) or      a7, a2, s10
core   0: 3 0x80007534 (0x01a668b3) x17 0x80029b93
core   0: 0x80007538 (0x03142433) mulhsu  s0, s0, a7
core   0: 3 0x80007538 (0x03142433) x 8 0xffffc7af
core   0: 0x8000753c (0x0372fe63) bgeu    t0, s7, pc + 60
core   0: 3 0x8000753c (0x0372fe63)
core   0: 0x80007578 (0x40515ab3) sra     s5, sp, t0
core   0: 3 0x80007578 (0x40515ab3) x21 0x00000000
core   0: 0x8000757c (0x0307d063) bge     a5, a6, pc + 32
core   0: 3 0x8000757c (0x0307d063)
core   0: 0x8000759c (0x0141d313) srli    t1, gp, 20
core   0: 3 0x8000759c (0x0141d313) x 6 0x00000000
core   0: 0x800075a0 (0x00b7ba33) sltu    s4, a5, a1
core   0: 3 0x800075a0 (0x00b7ba33) x20 0x00000001
core   0: 0x800075a4 (0x002d81b3) add     gp, s11, sp
core   0: 3 0x800075a4 (0x002d81b3) x 3 0x00000001
core   0: 0x800075a8 (0x012fecb3) or      s9, t6, s2
core   0: 3 0x800075a8 (0x012fecb3) x25 0x00b3130b
core   0: 0x800075ac (0x005e5313) srli    t1, t3, 5
core   0: 3 0x800075ac (0x005e5313) x 6 0x00000000
core   0: 0x800075b0 (0x004b1e13) slli    t3, s6, 4
core   0: 3 0x800075b0 (0x004b1e13) x28 0x10005390
core   0: 0x800075b4 (0x01c18733) add     a4, gp, t3
core   0: 3 0x800075b4 (0x01c18733) x14 0x10005391
core   0: 0x800075b8 (0x00379233) sll     tp, a5, gp
core   0: 3 0x800075b8 (0x00379233) x 4 0x00000000
core   0: 0x800075bc (0x0097a333) slt     t1, a5, s1
core   0: 3 0x800075bc (0x0097a333) x 6 0x00000001
core   0: 0x800075c0 (0x03b59333) mulh    t1, a1, s11
core   0: 3 0x800075c0 (0x03b59333) x 6 0x00000000
core   0: 0x800075c4 (0x41750333) sub     t1, a0, s7
core   0: 3 0x800075c4 (0x41750333) x 6 0x08d9f31c
core   0: 0x800075c8 (0x03170b33) mul     s6, a4, a7
core   0: 3 0x800075c8 (0x03170b33) x22 0x89eac743
core   0: 0x800075cc (0x409ad1b3) sra     gp, s5, s1
core   0: 3 0x800075cc (0x409ad1b3) x 3 0x00000000
core   0: 0x800075d0 (0x00c05463) bge     zero, a2, pc + 8
core   0: 3 0x800075d0 (0x00c05463)
core   0: 0x800075d8 (0x01cec6b3) xor     a3, t4, t3
core   0: 3 0x800075d8 (0x01cec6b3) x13 0xc4ee8b83
core   0: 0x800075dc (0x0395ca33) div     s4, a1, s9
core   0: 3 0x800075dc (0x0395ca33) x20 0x0000009d
core   0: 0x800075e0 (0x005cdb93) srli    s7, s9, 5
core   0: 3 0x800075e0 (0x005cdb93) x23 0x00059898
core   0: 0x800075e4 (0x340c6b93) ori     s7, s8, 832
core   0: 3 0x800075e4 (0x340c6b93) x23 0x80029fe4
core   0: 0x800075e8 (0x014ddb93) srli    s7, s11, 20
core   0: 3 0x800075e8 (0x014ddb93) x23 0x00000000
core   0: 0x800075ec (0x03bba7b3) mulhsu  a5, s7, s11
core   0: 3 0x800075ec (0x03bba7b3) x15 0x00000000
core   0: 0x800075f0 (0xbe1c6513) ori     a0, s8, -1055
core   0: 3 0x800075f0 (0xbe1c6513) x10 0xffffffe5
core   0: 0x800075f4 (0x034a7f33) remu    t5, s4, s4
core   0: 3 0x800075f4 (0x034a7f33) x30 0x00000000
core   0: 0x800075f8 (0x00865413) srli    s0, a2, 8
core   0: 3 0x800075f8 (0x00865413) x 8 0x00800000
core   0: 0x800075fc (0x00000013) nop
core   0: 3 0x800075fc (0x00000013)
core   0: 0x80007600 (0xe5850513) addi    a0, a0, -424
core   0: 3 0x80007600 (0xe5850513) x10 0xfffffe3d
core   0: 0x80007604 (0x02658c63) beq     a1, t1, pc + 56
core   0: 3 0x80007604 (0x02658c63)
core   0: 0x80007608 (0x02207233) remu    tp, zero, sp
core   0: 3 0x80007608 (0x02207233) x 4 0x00000000
core   0: 0x8000760c (0x00ee7193) andi    gp, t3, 14
core   0: 3 0x8000760c (0x00ee7193) x 3 0x00000000
core   0: 0x80007610 (0x00ab8c63) beq     s7, a0, pc + 24
core   0: 3 0x80007610 (0x00ab8c63)
core   0: 0x80007614 (0x034b6d33) rem     s10, s6, s4
core   0: 3 0x80007614 (0x034b6d33) x26 0xffffff84
core   0: 0x80007618 (0x40290933) sub     s2, s2, sp
core   0: 3 0x80007618 (0x40290933) x18 0x00b3130b
core   0: 0x8000761c (0x010a8433) add     s0, s5, a6
core   0: 3 0x8000761c (0x010a8433) x 8 0x80025e64
core   0: 0x80007620 (0x40a05b13) srai    s6, zero, 10
core   0: 3 0x80007620 (0x40a05b13) x22 0x00000000
core   0: 0x80007624 (0x03114cb3) div     s9, sp, a7
core   0: 3 0x80007624 (0x03114cb3) x25 0x00000000
core   0: 0x80007628 (0x7f077993) andi    s3, a4, 2032
core   0: 3 0x80007628 (0x7f077993) x19 0x00000390
core   0: 0x8000762c (0xba290093) addi    ra, s2, -1118
core   0: 3 0x8000762c (0xba290093) x 1 0x00b30ead
core   0: 0x80007630 (0x01cfbcb3) sltu    s9, t6, t3
core   0: 3 0x80007630 (0x01cfbcb3) x25 0x00000001
core   0: 0x80007634 (0x00f77663) bgeu    a4, a5, pc + 12
core   0: 3 0x80007634 (0x00f77663)
core   0: 0x80007640 (0x01cf95b3) sll     a1, t6, t3
core   0: 3 0x80007640 (0x01cf95b3) x11 0x00010000
core   0: 0x80007644 (0x0249f433) remu    s0, s3, tp
core   0: 3 0x80007644 (0x0249f433) x 8 0x00000390
core   0: 0x80007648 (0x02b61e33) mulh    t3, a2, a1
core   0: 3 0x80007648 (0x02b61e33) x28 0xffff8000
core   0: 0x8000764c (0x00d55293) srli    t0, a0, 13
core   0: 3 0x8000764c (0x00d55293) x 5 0x0007ffff
core   0: 0x80007650 (0x01ed0133) add     sp, s10, t5
core   0: 3 0x80007650 (0x01ed0133) x 2 0xffffff84
core   0: 0x80007654 (0x00b11bb3) sll     s7, sp, a1
core   0: 3 0x80007654 (0x00b11bb3) x23 0xffffff84
core   0: 0x80007658 (0x018518b3) sll     a7, a0, s8
core   0: 3 0x80007658 (0x018518b3) x17 0xffffe3d0
core   0: 0x8000765c (0x03c477b3) remu    a5, s0, t3
core   0: 3 0x8000765c (0x03c477b3) x15 0x00000390
core   0: 0x80007660 (0xd8f12a13) slti    s4, sp, -625
core   0: 3 0x80007660 (0xd8f12a13) x20 0x00000000
core   0: 0x80007664 (0x00431f93) slli    t6, t1, 4
core   0: 3 0x80007664 (0x00431f93) x31 0x8d9f31c0
core   0: 0x80007668 (0x41ea0933) sub     s2, s4, t5
core   0: 3 0x80007668 (0x41ea0933) x18 0x00000000
core   0: 0x8000766c (0x093db413) sltiu   s0, s11, 147
core   0: 3 0x8000766c (0x093db413) x 8 0x00000001
core   0: 0x80007670 (0x69766bb7) lui     s7, 0x69766
core   0: 3 0x80007670 (0x69766bb7) x23 0x69766000
core   0: 0x80007674 (0x41415533) sra     a0, sp, s4
core   0: 3 0x80007674 (0x41415533) x10 0xffffff84
core   0: 0x80007678 (0x41cf8b33) sub     s6, t6, t3
core   0: 3 0x80007678 (0x41cf8b33) x22 0x8d9fb1c0
core   0: 0x8000767c (0x01fc4463) blt     s8, t6, pc + 8
core   0: 3 0x8000767c (0x01fc4463)
core   0: 0x80007684 (0x00009d13) slli    s10, ra, 0
core   0: 3 0x80007684 (0x00009d13) x26 0x00b30ead
core   0: 0x80007688 (0x0398de33) divu    t3, a7, s9
core   0: 3 0x80007688 (0x0398de33) x28 0xffffe3d0
core   0: 0x8000768c (0x03c683b3) mul     t2, a3, t3
core   0: 3 0x8000768c (0x03c683b3) x 7 0xfc038370
core   0: 0x80007690 (0x4175dbb3) sra     s7, a1, s7
core   0: 3 0x80007690 (0x4175dbb3) x23 0x00010000
core   0: 0x80007694 (0xf175ad93) slti    s11, a1, -233
core   0: 3 0x80007694 (0xf175ad93) x27 0x00000000
core   0: 0x80007698 (0x02a94fb3) div     t6, s2, a0
core   0: 3 0x80007698 (0x02a94fb3) x31 0x00000000
core   0: 0x8000769c (0x41ec0433) sub     s0, s8, t5
core   0: 3 0x8000769c (0x41ec0433) x 8 0x80029ce4
core   0: 0x800076a0 (0x02249063) bne     s1, sp, pc + 32
core   0: 3 0x800076a0 (0x02249063)
core   0: 0x800076c0 (0xefc1eb13) ori     s6, gp, -260
core   0: 3 0x800076c0 (0xefc1eb13) x22 0xfffffefc
core   0: 0x800076c4 (0x038e5a33) divu    s4, t3, s8
core   0: 3 0x800076c4 (0x038e5a33) x20 0x00000001
core   0: 0x800076c8 (0x02f861b3) rem     gp, a6, a5
core   0: 3 0x800076c8 (0x02f861b3) x 3 0xfffffd44
core   0: 0x800076cc (0xd0520993) addi    s3, tp, -763
core   0: 3 0x800076cc (0xd0520993) x19 0xfffffd05
core   0: 0x800076d0 (0x4001dd33) sra     s10, gp, zero
core   0: 3 0x800076d0 (0x4001dd33) x26 0xfffffd44
core   0: 0x800076d4 (0x00bf0463) beq     t5, a1, pc + 8
core   0: 3 0x800076d4 (0x00bf0463)
core   0: 0x800076d8 (0x0307d6b3) divu    a3, a5, a6
core   0: 3 0x800076d8 (0x0307d6b3) x13 0x00000000
core   0: 0x800076dc (0x033b6263) bltu    s6, s3, pc + 36
core   0: 3 0x800076dc (0x033b6263)
core   0: 0x800076e0 (0x03655263) bge     a0, s6, pc + 36
core   0: 3 0x800076e0 (0x03655263)
core   0: 0x80007704 (0x042e4663) blt     t3, sp, pc + 76
core   0: 3 0x80007704 (0x042e4663)
core   0: 0x80007750 (0x05ec9863) bne     s9, t5, pc + 80
core   0: 3 0x80007750 (0x05ec9863)
core   0: 0x800077a0 (0x0386a233) mulhsu  tp, a3, s8
core   0: 3 0x800077a0 (0x0386a233) x 4 0x00000000
core   0: 0x800077a4 (0x4036d0b3) sra     ra, a3, gp
core   0: 3 0x800077a4 (0x4036d0b3) x 1 0x00000000
core   0: 0x800077a8 (0x015b9263) bne     s7, s5, pc + 4
core   0: 3 0x800077a8 (0x015b9263)
core   0: 0x800077ac (0x016f8463) beq     t6, s6, pc + 8
core   0: 3 0x800077ac (0x016f8463)
core   0: 0x800077b0 (0x03d6e733) rem     a4, a3, t4
core   0: 3 0x800077b0 (0x03d6e733) x14 0x00000000
core   0: 0x800077b4 (0x01364fb3) xor     t6, a2, s3
core   0: 3 0x800077b4 (0x01364fb3) x31 0x7ffffd05
core   0: 0x800077b8 (0x03b7ef33) rem     t5, a5, s11
core   0: 3 0x800077b8 (0x03b7ef33) x30 0x00000390
core   0: 0x800077bc (0xe5790397) auipc   t2, 0xe5790
core   0: 3 0x800077bc (0xe5790397) x 7 0x657977bc
core   0: 0x800077c0 (0x407ad533) sra     a0, s5, t2
core   0: 3 0x800077c0 (0x407ad533) x10 0x00000000
core   0: 0x800077c4 (0x01371733) sll     a4, a4, s3
core   0: 3 0x800077c4 (0x01371733) x14 0x00000000
core   0: 0x800077c8 (0x03fc8863) beq     s9, t6, pc + 48
core   0: 3 0x800077c8 (0x03fc8863)
core   0: 0x800077cc (0x00f58263) beq     a1, a5, pc + 4
core   0: 3 0x800077cc (0x00f58263)
core   0: 0x800077d0 (0x00387c63) bgeu    a6, gp, pc + 24
core   0: 3 0x800077d0 (0x00387c63)
core   0: 0x800077d4 (0xe9054693) xori    a3, a0, -368
core   0: 3 0x800077d4 (0xe9054693) x13 0xfffffe90
core   0: 0x800077d8 (0x00f51593) slli    a1, a0, 15
core   0: 3 0x800077d8 (0x00f51593) x11 0x00000000
core   0: 0x800077dc (0x00529f93) slli    t6, t0, 5
core   0: 3 0x800077dc (0x00529f93) x31 0x00ffffe0
core   0: 0x800077e0 (0x00d93a33) sltu    s4, s2, a3
core   0: 3 0x800077e0 (0x00d93a33) x20 0x00000001
core   0: 0x800077e4 (0x02a541b3) div     gp, a0, a0
core   0: 3 0x800077e4 (0x02a541b3) x 3 0xffffffff
core   0: 0x800077e8 (0x0363e7b3) rem     a5, t2, s6
core   0: 3 0x800077e8 (0x0363e7b3) x15 0x0000007c
core   0: 0x800077ec (0x03129a33) mulh    s4, t0, a7
core   0: 3 0x800077ec (0x03129a33) x20 0xffffffff
core   0: 0x800077f0 (0x01d0d013) srli    zero, ra, 29
core   0: 3 0x800077f0 (0x01d0d013)
core   0: 0x800077f4 (0x0077f463) bgeu    a5, t2, pc + 8
core   0: 3 0x800077f4 (0x0077f463)
core   0: 0x800077f8 (0x11b58513) addi    a0, a1, 283
core   0: 3 0x800077f8 (0x11b58513) x10 0x0000011b
core   0: 0x800077fc (0x03618263) beq     gp, s6, pc + 36
core   0: 3 0x800077fc (0x03618263)
core   0: 0x80007800 (0x01511a13) slli    s4, sp, 21
core   0: 3 0x80007800 (0x01511a13) x20 0xf0800000
core   0: 0x80007804 (0x05670463) beq     a4, s6, pc + 72
core   0: 3 0x80007804 (0x05670463)
core   0: 0x80007808 (0x011a9463) bne     s5, a7, pc + 8
core   0: 3 0x80007808 (0x011a9463)
core   0: 0x80007810 (0x2ac5bb93) sltiu   s7, a1, 684
core   0: 3 0x80007810 (0x2ac5bb93) x23 0x00000001
core   0: 0x80007814 (0x41008133) sub     sp, ra, a6
core   0: 3 0x80007814 (0x41008133) x 2 0x7ffda19c
core   0: 0x80007818 (0x00078663) beqz    a5, pc + 12
core   0: 3 0x80007818 (0x00078663)
core   0: 0x8000781c (0x00f55a93) srli    s5, a0, 15
core   0: 3 0x8000781c (0x00f55a93) x21 0x00000000
core   0: 0x80007820 (0x03410e63) beq     sp, s4, pc + 60
core   0: 3 0x80007820 (0x03410e63)
core   0: 0x80007824 (0xce6a2893) slti    a7, s4, -794
core   0: 3 0x80007824 (0xce6a2893) x17 0x00000001
core   0: 0x80007828 (0x75f1e913) ori     s2, gp, 1887
core   0: 3 0x80007828 (0x75f1e913) x18 0xffffffff
core   0: 0x8000782c (0x0241fdb3) remu    s11, gp, tp
core   0: 3 0x8000782c (0x0241fdb3) x27 0xffffffff
core   0: 0x80007830 (0x04cb4063) blt     s6, a2, pc + 64
core   0: 3 0x80007830 (0x04cb4063)
core   0: 0x80007834 (0x0015e6b3) or      a3, a1, ra
core   0: 3 0x80007834 (0x0015e6b3) x13 0x00000000
core   0: 0x80007838 (0x029d3233) mulhu   tp, s10, s1
core   0: 3 0x80007838 (0x029d3233) x 4 0x000001bd
core   0: 0x8000783c (0x00e8d793) srli    a5, a7, 14
core   0: 3 0x8000783c (0x00e8d793) x15 0x00000000
core   0: 0x80007840 (0x01ea8663) beq     s5, t5, pc + 12
core   0: 3 0x80007840 (0x01ea8663)
core   0: 0x80007844 (0x012b0433) add     s0, s6, s2
core   0: 3 0x80007844 (0x012b0433) x 8 0xfffffefb
core   0: 0x80007848 (0x1759d197) auipc   gp, 0x1759d
core   0: 3 0x80007848 (0x1759d197) x 3 0x975a4848
core   0: 0x8000784c (0x009d49b3) xor     s3, s10, s1
core   0: 3 0x8000784c (0x009d49b3) x19 0xfffffcfa
core   0: 0x80007850 (0x84f2ed97) auipc   s11, 0x84f2e
core   0: 3 0x80007850 (0x84f2ed97) x27 0x04f35850
core   0: 0x80007854 (0x00ee9113) slli    sp, t4, 14
core   0: 3 0x80007854 (0x00ee9113) x 2 0xb604c000
core   0: 0x80007858 (0x02905bb3) divu    s7, zero, s1
core   0: 3 0x80007858 (0x02905bb3) x23 0x00000000
core   0: 0x8000785c (0x756348b7) lui     a7, 0x75634
core   0: 3 0x8000785c (0x756348b7) x17 0x75634000
core   0: 0x80007860 (0x01630433) add     s0, t1, s6
core   0: 3 0x80007860 (0x01630433) x 8 0x08d9f218
core   0: 0x80007864 (0x024e4033) div     zero, t3, tp
core   0: 3 0x80007864 (0x024e4033)
core   0: 0x80007868 (0x02eaccb3) div     s9, s5, a4
core   0: 3 0x80007868 (0x02eaccb3) x25 0xffffffff
core   0: 0x8000786c (0x00b36433) or      s0, t1, a1
core   0: 3 0x8000786c (0x00b36433) x 8 0x08d9f31c
core   0: 0x80007870 (0x403ddeb3) sra     t4, s11, gp
core   0: 3 0x80007870 (0x403ddeb3) x29 0x0004f358
core   0: 0x80007874 (0x0037afb3) slt     t6, a5, gp
core   0: 3 0x80007874 (0x0037afb3) x31 0x00000000
core   0: 0x80007878 (0x75500c93) li      s9, 1877
core   0: 3 0x80007878 (0x75500c93) x25 0x00000755
core   0: 0x8000787c (0x024c5cb3) divu    s9, s8, tp
core   0: 3 0x8000787c (0x024c5cb3) x25 0x0049a44e
core   0: 0x80007880 (0x01b57cb3) and     s9, a0, s11
core   0: 3 0x80007880 (0x01b57cb3) x25 0x00000010
core   0: 0x80007884 (0xddf8c493) xori    s1, a7, -545
core   0: 3 0x80007884 (0xddf8c493) x 9 0x8a9cbddf
core   0: 0x80007888 (0x40098933) sub     s2, s3, zero
core   0: 3 0x80007888 (0x40098933) x18 0xfffffcfa
core   0: 0x8000788c (0x332ce213) ori     tp, s9, 818
core   0: 3 0x8000788c (0x332ce213) x 4 0x00000332
core   0: 0x80007890 (0x010cd733) srl     a4, s9, a6
core   0: 3 0x80007890 (0x010cd733) x14 0x00000001
core   0: 0x80007894 (0x034b9e33) mulh    t3, s7, s4
core   0: 3 0x80007894 (0x034b9e33) x28 0x00000000
core   0: 0x80007898 (0x0022fa33) and     s4, t0, sp
core   0: 3 0x80007898 (0x0022fa33) x20 0x0004c000
core   0: 0x8000789c (0x02871063) bne     a4, s0, pc + 32
core   0: 3 0x8000789c (0x02871063)
core   0: 0x800078bc (0x41d35e33) sra     t3, t1, t4
core   0: 3 0x800078bc (0x41d35e33) x28 0x00000008
core   0: 0x800078c0 (0x0296fe33) remu    t3, a3, s1
core   0: 3 0x800078c0 (0x0296fe33) x28 0x00000000
core   0: 0x800078c4 (0x001d9733) sll     a4, s11, ra
core   0: 3 0x800078c4 (0x001d9733) x14 0x04f35850
core   0: 0x800078c8 (0x01fd9793) slli    a5, s11, 31
core   0: 3 0x800078c8 (0x01fd9793) x15 0x00000000
core   0: 0x800078cc (0x0c98cc93) xori    s9, a7, 201
core   0: 3 0x800078cc (0x0c98cc93) x25 0x756340c9
core   0: 0x800078d0 (0x028a74b3) remu    s1, s4, s0
core   0: 3 0x800078d0 (0x028a74b3) x 9 0x0004c000
core   0: 0x800078d4 (0x01c77463) bgeu    a4, t3, pc + 8
core   0: 3 0x800078d4 (0x01c77463)
core   0: 0x800078dc (0x0107cd33) xor     s10, a5, a6
core   0: 3 0x800078dc (0x0107cd33) x26 0x80025e64
core   0: 0x800078e0 (0x009f4333) xor     t1, t5, s1
core   0: 3 0x800078e0 (0x009f4333) x 6 0x0004c390
core   0: 0x800078e4 (0x0343cc63) blt     t2, s4, pc + 56
core   0: 3 0x800078e4 (0x0343cc63)
core   0: 0x800078e8 (0x025424b3) mulhsu  s1, s0, t0
core   0: 3 0x800078e8 (0x025424b3) x 9 0x000046cf
core   0: 0x800078ec (0x01f0ee33) or      t3, ra, t6
core   0: 3 0x800078ec (0x01f0ee33) x28 0x00000000
core   0: 0x800078f0 (0x406f5d93) srai    s11, t5, 6
core   0: 3 0x800078f0 (0x406f5d93) x27 0x0000000e
core   0: 0x800078f4 (0x00000013) nop
core   0: 3 0x800078f4 (0x00000013)
core   0: 0x800078f8 (0x41745693) srai    a3, s0, 23
core   0: 3 0x800078f8 (0x41745693) x13 0x00000011
core   0: 0x800078fc (0x003ce033) or      zero, s9, gp
core   0: 3 0x800078fc (0x003ce033)
core   0: 0x80007900 (0x0060b8b3) sltu    a7, ra, t1
core   0: 3 0x80007900 (0x0060b8b3) x17 0x00000001
core   0: 0x80007904 (0x02c98033) mul     zero, s3, a2
core   0: 3 0x80007904 (0x02c98033)
core   0: 0x80007908 (0x01cddab3) srl     s5, s11, t3
core   0: 3 0x80007908 (0x01cddab3) x21 0x0000000e
core   0: 0x8000790c (0x02217c63) bgeu    sp, sp, pc + 56
core   0: 3 0x8000790c (0x02217c63)
core   0: 0x80007944 (0x01eddc93) srli    s9, s11, 30
core   0: 3 0x80007944 (0x01eddc93) x25 0x00000000
core   0: 0x80007948 (0x00000617) auipc   a2, 0x0
core   0: 3 0x80007948 (0x00000617) x12 0x80007948
core   0: 0x8000794c (0x00c60613) addi    a2, a2, 12
core   0: 3 0x8000794c (0x00c60613) x12 0x80007954
core   0: 0x80007950 (0x00060067) jr      a2
core   0: 3 0x80007950 (0x00060067)
core   0: 0x80007954 (0x00100193) li      gp, 1
core   0: 3 0x80007954 (0x00100193) x 3 0x00000001
core   0: 0x80007958 (0x00000073) ecall
core   0: exception trap_machine_ecall, epc 0x80007958
core   0: >>>>  mtvec_handler
core   0: 0x8000d49c (0xffcc0c13) addi    s8, s8, -4
core   0: 3 0x8000d49c (0xffcc0c13) x24 0x80029ce0
core   0: 0x8000d4a0 (0x010c2023) sw      a6, 0(s8)
core   0: 3 0x8000d4a0 (0x010c2023) mem 0x80029ce0 0x80025e64
core   0: 0x8000d4a4 (0x000c0833) add     a6, s8, zero
core   0: 3 0x8000d4a4 (0x000c0833) x16 0x80029ce0
core   0: 0x8000d4a8 (0xf8080813) addi    a6, a6, -128
core   0: 3 0x8000d4a8 (0xf8080813) x16 0x80029c60
core   0: 0x8000d4ac (0x00182223) sw      ra, 4(a6)
core   0: 3 0x8000d4ac (0x00182223) mem 0x80029c64 0x00000000
core   0: 0x8000d4b0 (0x00282423) sw      sp, 8(a6)
core   0: 3 0x8000d4b0 (0x00282423) mem 0x80029c68 0xb604c000
core   0: 0x8000d4b4 (0x00382623) sw      gp, 12(a6)
core   0: 3 0x8000d4b4 (0x00382623) mem 0x80029c6c 0x00000001
core   0: 0x8000d4b8 (0x00482823) sw      tp, 16(a6)
core   0: 3 0x8000d4b8 (0x00482823) mem 0x80029c70 0x00000332
core   0: 0x8000d4bc (0x00582a23) sw      t0, 20(a6)
core   0: 3 0x8000d4bc (0x00582a23) mem 0x80029c74 0x0007ffff
core   0: 0x8000d4c0 (0x00682c23) sw      t1, 24(a6)
core   0: 3 0x8000d4c0 (0x00682c23) mem 0x80029c78 0x0004c390
core   0: 0x8000d4c4 (0x00782e23) sw      t2, 28(a6)
core   0: 3 0x8000d4c4 (0x00782e23) mem 0x80029c7c 0x657977bc
core   0: 0x8000d4c8 (0x02882023) sw      s0, 32(a6)
core   0: 3 0x8000d4c8 (0x02882023) mem 0x80029c80 0x08d9f31c
core   0: 0x8000d4cc (0x02982223) sw      s1, 36(a6)
core   0: 3 0x8000d4cc (0x02982223) mem 0x80029c84 0x000046cf
core   0: 0x8000d4d0 (0x02a82423) sw      a0, 40(a6)
core   0: 3 0x8000d4d0 (0x02a82423) mem 0x80029c88 0x0000011b
core   0: 0x8000d4d4 (0x02b82623) sw      a1, 44(a6)
core   0: 3 0x8000d4d4 (0x02b82623) mem 0x80029c8c 0x00000000
core   0: 0x8000d4d8 (0x02c82823) sw      a2, 48(a6)
core   0: 3 0x8000d4d8 (0x02c82823) mem 0x80029c90 0x80007954
core   0: 0x8000d4dc (0x02d82a23) sw      a3, 52(a6)
core   0: 3 0x8000d4dc (0x02d82a23) mem 0x80029c94 0x00000011
core   0: 0x8000d4e0 (0x02e82c23) sw      a4, 56(a6)
core   0: 3 0x8000d4e0 (0x02e82c23) mem 0x80029c98 0x04f35850
core   0: 0x8000d4e4 (0x02f82e23) sw      a5, 60(a6)
core   0: 3 0x8000d4e4 (0x02f82e23) mem 0x80029c9c 0x00000000
core   0: 0x8000d4e8 (0x05082023) sw      a6, 64(a6)
core   0: 3 0x8000d4e8 (0x05082023) mem 0x80029ca0 0x80029c60
core   0: 0x8000d4ec (0x05182223) sw      a7, 68(a6)
core   0: 3 0x8000d4ec (0x05182223) mem 0x80029ca4 0x00000001
core   0: 0x8000d4f0 (0x05282423) sw      s2, 72(a6)
core   0: 3 0x8000d4f0 (0x05282423) mem 0x80029ca8 0xfffffcfa
core   0: 0x8000d4f4 (0x05382623) sw      s3, 76(a6)
core   0: 3 0x8000d4f4 (0x05382623) mem 0x80029cac 0xfffffcfa
core   0: 0x8000d4f8 (0x05482823) sw      s4, 80(a6)
core   0: 3 0x8000d4f8 (0x05482823) mem 0x80029cb0 0x0004c000
core   0: 0x8000d4fc (0x05582a23) sw      s5, 84(a6)
core   0: 3 0x8000d4fc (0x05582a23) mem 0x80029cb4 0x0000000e
core   0: 0x8000d500 (0x05682c23) sw      s6, 88(a6)
core   0: 3 0x8000d500 (0x05682c23) mem 0x80029cb8 0xfffffefc
core   0: 0x8000d504 (0x05782e23) sw      s7, 92(a6)
core   0: 3 0x8000d504 (0x05782e23) mem 0x80029cbc 0x00000000
core   0: 0x8000d508 (0x07882023) sw      s8, 96(a6)
core   0: 3 0x8000d508 (0x07882023) mem 0x80029cc0 0x80029ce0
core   0: 0x8000d50c (0x07982223) sw      s9, 100(a6)
core   0: 3 0x8000d50c (0x07982223) mem 0x80029cc4 0x00000000
core   0: 0x8000d510 (0x07a82423) sw      s10, 104(a6)
core   0: 3 0x8000d510 (0x07a82423) mem 0x80029cc8 0x80025e64
core   0: 0x8000d514 (0x07b82623) sw      s11, 108(a6)
core   0: 3 0x8000d514 (0x07b82623) mem 0x80029ccc 0x0000000e
core   0: 0x8000d518 (0x07c82823) sw      t3, 112(a6)
core   0: 3 0x8000d518 (0x07c82823) mem 0x80029cd0 0x00000000
core   0: 0x8000d51c (0x07d82a23) sw      t4, 116(a6)
core   0: 3 0x8000d51c (0x07d82a23) mem 0x80029cd4 0x0004f358
core   0: 0x8000d520 (0x07e82c23) sw      t5, 120(a6)
core   0: 3 0x8000d520 (0x07e82c23) mem 0x80029cd8 0x00000390
core   0: 0x8000d524 (0x07f82e23) sw      t6, 124(a6)
core   0: 3 0x8000d524 (0x07f82e23) mem 0x80029cdc 0x00000000
core   0: 0x8000d528 (0x00080c33) add     s8, a6, zero
core   0: 3 0x8000d528 (0x00080c33) x24 0x80029c60
core   0: 0x8000d52c (0x30002473) csrr    s0, mstatus
core   0: 3 0x8000d52c (0x30002473) x 8 0x00001800
core   0: 0x8000d530 (0x34202473) csrr    s0, mcause
core   0: 3 0x8000d530 (0x34202473) x 8 0x0000000b
core   0: 0x8000d534 (0x01f45413) srli    s0, s0, 31
core   0: 3 0x8000d534 (0x01f45413) x 8 0x00000000
core   0: 0x8000d538 (0x40041463) bnez    s0, pc + 1032
core   0: 3 0x8000d538 (0x40041463)
core   0: 0x8000d53c (0x34102473) csrr    s0, mepc
core   0: 3 0x8000d53c (0x34102473) x 8 0x80007958
core   0: 0x8000d540 (0x34202473) csrr    s0, mcause
core   0: 3 0x8000d540 (0x34202473) x 8 0x0000000b
core   0: 0x8000d544 (0x00300213) li      tp, 3
core   0: 3 0x8000d544 (0x00300213) x 4 0x00000003
core   0: 0x8000d548 (0x2a440a63) beq     s0, tp, pc + 692
core   0: 3 0x8000d548 (0x2a440a63)
core   0: 0x8000d54c (0x00800213) li      tp, 8
core   0: 3 0x8000d54c (0x00800213) x 4 0x00000008
core   0: 0x8000d550 (0x04440e63) beq     s0, tp, pc + 92
core   0: 3 0x8000d550 (0x04440e63)
core   0: 0x8000d554 (0x00900213) li      tp, 9
core   0: 3 0x8000d554 (0x00900213) x 4 0x00000009
core   0: 0x8000d558 (0x04440a63) beq     s0, tp, pc + 84
core   0: 3 0x8000d558 (0x04440a63)
core   0: 0x8000d55c (0x00b00213) li      tp, 11
core   0: 3 0x8000d55c (0x00b00213) x 4 0x0000000b
core   0: 0x8000d560 (0x04440663) beq     s0, tp, pc + 76
core   0: 3 0x8000d560 (0x04440663)
core   0: 0x8000d5ac (0xffff3417) auipc   s0, 0xffff3
core   0: 3 0x8000d5ac (0xffff3417) x 8 0x800005ac
core   0: 0x8000d5b0 (0xa5440413) addi    s0, s0, -1452
core   0: 3 0x8000d5b0 (0xa5440413) x 8 0x80000000
core   0: 0x8000d5b4 (0x00042023) sw      zero, 0(s0)
core   0: 3 0x8000d5b4 (0x00042023) mem 0x80000000 0x00000000
core   0: 0x8000d5b8 (0x00142223) sw      ra, 4(s0)
core   0: 3 0x8000d5b8 (0x00142223) mem 0x80000004 0x00000000
core   0: 0x8000d5bc (0x00242423) sw      sp, 8(s0)
core   0: 3 0x8000d5bc (0x00242423) mem 0x80000008 0xb604c000
core   0: 0x8000d5c0 (0x00342623) sw      gp, 12(s0)
core   0: 3 0x8000d5c0 (0x00342623) mem 0x8000000c 0x00000001
core   0: 0x8000d5c4 (0x00442823) sw      tp, 16(s0)
core   0: 3 0x8000d5c4 (0x00442823) mem 0x80000010 0x0000000b
core   0: 0x8000d5c8 (0x00542a23) sw      t0, 20(s0)
core   0: 3 0x8000d5c8 (0x00542a23) mem 0x80000014 0x0007ffff
core   0: 0x8000d5cc (0x00642c23) sw      t1, 24(s0)
core   0: 3 0x8000d5cc (0x00642c23) mem 0x80000018 0x0004c390
core   0: 0x8000d5d0 (0x00742e23) sw      t2, 28(s0)
core   0: 3 0x8000d5d0 (0x00742e23) mem 0x8000001c 0x657977bc
core   0: 0x8000d5d4 (0x02842023) sw      s0, 32(s0)
core   0: 3 0x8000d5d4 (0x02842023) mem 0x80000020 0x80000000
core   0: 0x8000d5d8 (0x02942223) sw      s1, 36(s0)
core   0: 3 0x8000d5d8 (0x02942223) mem 0x80000024 0x000046cf
core   0: 0x8000d5dc (0x02a42423) sw      a0, 40(s0)
core   0: 3 0x8000d5dc (0x02a42423) mem 0x80000028 0x0000011b
core   0: 0x8000d5e0 (0x02b42623) sw      a1, 44(s0)
core   0: 3 0x8000d5e0 (0x02b42623) mem 0x8000002c 0x00000000
core   0: 0x8000d5e4 (0x02c42823) sw      a2, 48(s0)
core   0: 3 0x8000d5e4 (0x02c42823) mem 0x80000030 0x80007954
core   0: 0x8000d5e8 (0x02d42a23) sw      a3, 52(s0)
core   0: 3 0x8000d5e8 (0x02d42a23) mem 0x80000034 0x00000011
core   0: 0x8000d5ec (0x02e42c23) sw      a4, 56(s0)
core   0: 3 0x8000d5ec (0x02e42c23) mem 0x80000038 0x04f35850
core   0: 0x8000d5f0 (0x02f42e23) sw      a5, 60(s0)
core   0: 3 0x8000d5f0 (0x02f42e23) mem 0x8000003c 0x00000000
core   0: 0x8000d5f4 (0x05042023) sw      a6, 64(s0)
core   0: 3 0x8000d5f4 (0x05042023) mem 0x80000040 0x80029c60
core   0: 0x8000d5f8 (0x05142223) sw      a7, 68(s0)
core   0: 3 0x8000d5f8 (0x05142223) mem 0x80000044 0x00000001
core   0: 0x8000d5fc (0x05242423) sw      s2, 72(s0)
core   0: 3 0x8000d5fc (0x05242423) mem 0x80000048 0xfffffcfa
core   0: 0x8000d600 (0x05342623) sw      s3, 76(s0)
core   0: 3 0x8000d600 (0x05342623) mem 0x8000004c 0xfffffcfa
core   0: 0x8000d604 (0x05442823) sw      s4, 80(s0)
core   0: 3 0x8000d604 (0x05442823) mem 0x80000050 0x0004c000
core   0: 0x8000d608 (0x05542a23) sw      s5, 84(s0)
core   0: 3 0x8000d608 (0x05542a23) mem 0x80000054 0x0000000e
core   0: 0x8000d60c (0x05642c23) sw      s6, 88(s0)
core   0: 3 0x8000d60c (0x05642c23) mem 0x80000058 0xfffffefc
core   0: 0x8000d610 (0x05742e23) sw      s7, 92(s0)
core   0: 3 0x8000d610 (0x05742e23) mem 0x8000005c 0x00000000
core   0: 0x8000d614 (0x07842023) sw      s8, 96(s0)
core   0: 3 0x8000d614 (0x07842023) mem 0x80000060 0x80029c60
core   0: 0x8000d618 (0x07942223) sw      s9, 100(s0)
core   0: 3 0x8000d618 (0x07942223) mem 0x80000064 0x00000000
core   0: 0x8000d61c (0x07a42423) sw      s10, 104(s0)
core   0: 3 0x8000d61c (0x07a42423) mem 0x80000068 0x80025e64
core   0: 0x8000d620 (0x07b42623) sw      s11, 108(s0)
core   0: 3 0x8000d620 (0x07b42623) mem 0x8000006c 0x0000000e
core   0: 0x8000d624 (0x07c42823) sw      t3, 112(s0)
core   0: 3 0x8000d624 (0x07c42823) mem 0x80000070 0x00000000
core   0: 0x8000d628 (0x07d42a23) sw      t4, 116(s0)
core   0: 3 0x8000d628 (0x07d42a23) mem 0x80000074 0x0004f358
core   0: 0x8000d62c (0x07e42c23) sw      t5, 120(s0)
core   0: 3 0x8000d62c (0x07e42c23) mem 0x80000078 0x00000390
core   0: 0x8000d630 (0x07f42e23) sw      t6, 124(s0)
core   0: 3 0x8000d630 (0x07f42e23) mem 0x8000007c 0x00000000
core   0: 0x8000d634 (0x00000617) auipc   a2, 0x0
core   0: 3 0x8000d634 (0x00000617) x12 0x8000d634
core   0: 0x8000d638 (0xe5860613) addi    a2, a2, -424
core   0: 3 0x8000d638 (0xe5860613) x12 0x8000d48c
core   0: 0x8000d63c (0x00060067) jr      a2
core   0: 3 0x8000d63c (0x00060067)
core   0: 0x8000d48c (0x00003f17) auipc   t5, 0x3
core   0: 3 0x8000d48c (0x00003f17) x30 0x8001048c
core   0: 0x8000d490 (0xb63f2a23) sw      gp, -1164(t5)
core   0: 3 0x8000d490 (0xb63f2a23) mem 0x80010000 0x00000001
core   0: 0x8000d494 (0xff9ff06f) j       pc - 0x8
core   0: 3 0x8000d494 (0xff9ff06f)
core   0: 0x8000d48c (0x00003f17) auipc   t5, 0x3
core   0: 3 0x8000d48c (0x00003f17) x30 0x8001048c
core   0: 0x8000d490 (0xb63f2a23) sw      gp, -1164(t5)
core   0: 3 0x8000d490 (0xb63f2a23) mem 0x80010000 0x00000001
core   0: 0x8000d494 (0xff9ff06f) j       pc - 0x8
core   0: 3 0x8000d494 (0xff9ff06f)
core   0: 0x8000d48c (0x00003f17) auipc   t5, 0x3
core   0: 3 0x8000d48c (0x00003f17) x30 0x8001048c
core   0: 0x8000d490 (0xb63f2a23) sw      gp, -1164(t5)
core   0: 3 0x8000d490 (0xb63f2a23) mem 0x80010000 0x00000001
core   0: 0x8000d494 (0xff9ff06f) j       pc - 0x8
core   0: 3 0x8000d494 (0xff9ff06f)
core   0: 0x8000d48c (0x00003f17) auipc   t5, 0x3
core   0: 3 0x8000d48c (0x00003f17) x30 0x8001048c
core   0: 0x8000d490 (0xb63f2a23) sw      gp, -1164(t5)
core   0: 3 0x8000d490 (0xb63f2a23) mem 0x80010000 0x00000001
core   0: 0x8000d494 (0xff9ff06f) j       pc - 0x8
core   0: 3 0x8000d494 (0xff9ff06f)
core   0: 0x8000d48c (0x00003f17) auipc   t5, 0x3
core   0: 3 0x8000d48c (0x00003f17) x30 0x8001048c
core   0: 0x8000d490 (0xb63f2a23) sw      gp, -1164(t5)
core   0: 3 0x8000d490 (0xb63f2a23) mem 0x80010000 0x00000001
core   0: 0x8000d494 (0xff9ff06f) j       pc - 0x8
core   0: 3 0x8000d494 (0xff9ff06f)
core   0: 0x8000d48c (0x00003f17) auipc   t5, 0x3
core   0: 3 0x8000d48c (0x00003f17) x30 0x8001048c
core   0: 0x8000d490 (0xb63f2a23) sw      gp, -1164(t5)
core   0: 3 0x8000d490 (0xb63f2a23) mem 0x80010000 0x00000001
core   0: 0x8000d494 (0xff9ff06f) j       pc - 0x8
core   0: 3 0x8000d494 (0xff9ff06f)
core   0: 0x8000d48c (0x00003f17) auipc   t5, 0x3
core   0: 3 0x8000d48c (0x00003f17) x30 0x8001048c
core   0: 0x8000d490 (0xb63f2a23) sw      gp, -1164(t5)
core   0: 3 0x8000d490 (0xb63f2a23) mem 0x80010000 0x00000001
core   0: 0x8000d494 (0xff9ff06f) j       pc - 0x8
core   0: 3 0x8000d494 (0xff9ff06f)
core   0: 0x8000d48c (0x00003f17) auipc   t5, 0x3
core   0: 3 0x8000d48c (0x00003f17) x30 0x8001048c
core   0: 0x8000d490 (0xb63f2a23) sw      gp, -1164(t5)
core   0: 3 0x8000d490 (0xb63f2a23) mem 0x80010000 0x00000001
core   0: 0x8000d494 (0xff9ff06f) j       pc - 0x8
core   0: 3 0x8000d494 (0xff9ff06f)
core   0: 0x8000d48c (0x00003f17) auipc   t5, 0x3
core   0: 3 0x8000d48c (0x00003f17) x30 0x8001048c
core   0: 0x8000d490 (0xb63f2a23) sw      gp, -1164(t5)
core   0: 3 0x8000d490 (0xb63f2a23) mem 0x80010000 0x00000001
core   0: 0x8000d494 (0xff9ff06f) j       pc - 0x8
core   0: 3 0x8000d494 (0xff9ff06f)
core   0: 0x8000d48c (0x00003f17) auipc   t5, 0x3
core   0: 3 0x8000d48c (0x00003f17) x30 0x8001048c
core   0: 0x8000d490 (0xb63f2a23) sw      gp, -1164(t5)
core   0: 3 0x8000d490 (0xb63f2a23) mem 0x80010000 0x00000001
core   0: 0x8000d494 (0xff9ff06f) j       pc - 0x8
core   0: 3 0x8000d494 (0xff9ff06f)
core   0: 0x8000d48c (0x00003f17) auipc   t5, 0x3
core   0: 3 0x8000d48c (0x00003f17) x30 0x8001048c
core   0: 0x8000d490 (0xb63f2a23) sw      gp, -1164(t5)
core   0: 3 0x8000d490 (0xb63f2a23) mem 0x80010000 0x00000001
core   0: 0x8000d494 (0xff9ff06f) j       pc - 0x8
core   0: 3 0x8000d494 (0xff9ff06f)
core   0: 0x8000d48c (0x00003f17) auipc   t5, 0x3
core   0: 3 0x8000d48c (0x00003f17) x30 0x8001048c
core   0: 0x8000d490 (0xb63f2a23) sw      gp, -1164(t5)
core   0: 3 0x8000d490 (0xb63f2a23) mem 0x80010000 0x00000001
core   0: 0x8000d494 (0xff9ff06f) j       pc - 0x8
core   0: 3 0x8000d494 (0xff9ff06f)
core   0: 0x8000d48c (0x00003f17) auipc   t5, 0x3
core   0: 3 0x8000d48c (0x00003f17) x30 0x8001048c
core   0: 0x8000d490 (0xb63f2a23) sw      gp, -1164(t5)
core   0: 3 0x8000d490 (0xb63f2a23) mem 0x80010000 0x00000001
core   0: 0x8000d494 (0xff9ff06f) j       pc - 0x8
core   0: 3 0x8000d494 (0xff9ff06f)
core   0: 0x8000d48c (0x00003f17) auipc   t5, 0x3
core   0: 3 0x8000d48c (0x00003f17) x30 0x8001048c
core   0: 0x8000d490 (0xb63f2a23) sw      gp, -1164(t5)
core   0: 3 0x8000d490 (0xb63f2a23) mem 0x80010000 0x00000001
core   0: 0x8000d494 (0xff9ff06f) j       pc - 0x8
core   0: 3 0x8000d494 (0xff9ff06f)
core   0: 0x8000d48c (0x00003f17) auipc   t5, 0x3
core   0: 3 0x8000d48c (0x00003f17) x30 0x8001048c
core   0: 0x8000d490 (0xb63f2a23) sw      gp, -1164(t5)
core   0: 3 0x8000d490 (0xb63f2a23) mem 0x80010000 0x00000001
core   0: 0x8000d494 (0xff9ff06f) j       pc - 0x8
core   0: 3 0x8000d494 (0xff9ff06f)
core   0: 0x8000d48c (0x00003f17) auipc   t5, 0x3
core   0: 3 0x8000d48c (0x00003f17) x30 0x8001048c
core   0: 0x8000d490 (0xb63f2a23) sw      gp, -1164(t5)
core   0: 3 0x8000d490 (0xb63f2a23) mem 0x80010000 0x00000001
core   0: 0x8000d494 (0xff9ff06f) j       pc - 0x8
core   0: 3 0x8000d494 (0xff9ff06f)
core   0: 0x8000d48c (0x00003f17) auipc   t5, 0x3
core   0: 3 0x8000d48c (0x00003f17) x30 0x8001048c
core   0: 0x8000d490 (0xb63f2a23) sw      gp, -1164(t5)
core   0: 3 0x8000d490 (0xb63f2a23) mem 0x80010000 0x00000001
core   0: 0x8000d494 (0xff9ff06f) j       pc - 0x8
core   0: 3 0x8000d494 (0xff9ff06f)
core   0: 0x8000d48c (0x00003f17) auipc   t5, 0x3
core   0: 3 0x8000d48c (0x00003f17) x30 0x8001048c
core   0: 0x8000d490 (0xb63f2a23) sw      gp, -1164(t5)
core   0: 3 0x8000d490 (0xb63f2a23) mem 0x80010000 0x00000001
core   0: 0x8000d494 (0xff9ff06f) j       pc - 0x8
core   0: 3 0x8000d494 (0xff9ff06f)
core   0: 0x8000d48c (0x00003f17) auipc   t5, 0x3
core   0: 3 0x8000d48c (0x00003f17) x30 0x8001048c
core   0: 0x8000d490 (0xb63f2a23) sw      gp, -1164(t5)
core   0: 3 0x8000d490 (0xb63f2a23) mem 0x80010000 0x00000001
core   0: 0x8000d494 (0xff9ff06f) j       pc - 0x8
core   0: 3 0x8000d494 (0xff9ff06f)
core   0: 0x8000d48c (0x00003f17) auipc   t5, 0x3
core   0: 3 0x8000d48c (0x00003f17) x30 0x8001048c
core   0: 0x8000d490 (0xb63f2a23) sw      gp, -1164(t5)
core   0: 3 0x8000d490 (0xb63f2a23) mem 0x80010000 0x00000001
core   0: 0x8000d494 (0xff9ff06f) j       pc - 0x8
core   0: 3 0x8000d494 (0xff9ff06f)
core   0: 0x8000d48c (0x00003f17) auipc   t5, 0x3
core   0: 3 0x8000d48c (0x00003f17) x30 0x8001048c
core   0: 0x8000d490 (0xb63f2a23) sw      gp, -1164(t5)
core   0: 3 0x8000d490 (0xb63f2a23) mem 0x80010000 0x00000001
core   0: 0x8000d494 (0xff9ff06f) j       pc - 0x8
core   0: 3 0x8000d494 (0xff9ff06f)
core   0: 0x8000d48c (0x00003f17) auipc   t5, 0x3
core   0: 3 0x8000d48c (0x00003f17) x30 0x8001048c
core   0: 0x8000d490 (0xb63f2a23) sw      gp, -1164(t5)
core   0: 3 0x8000d490 (0xb63f2a23) mem 0x80010000 0x00000001
core   0: 0x8000d494 (0xff9ff06f) j       pc - 0x8
core   0: 3 0x8000d494 (0xff9ff06f)
core   0: 0x8000d48c (0x00003f17) auipc   t5, 0x3
core   0: 3 0x8000d48c (0x00003f17) x30 0x8001048c
core   0: 0x8000d490 (0xb63f2a23) sw      gp, -1164(t5)
core   0: 3 0x8000d490 (0xb63f2a23) mem 0x80010000 0x00000001
core   0: 0x8000d494 (0xff9ff06f) j       pc - 0x8
core   0: 3 0x8000d494 (0xff9ff06f)
core   0: 0x8000d48c (0x00003f17) auipc   t5, 0x3
core   0: 3 0x8000d48c (0x00003f17) x30 0x8001048c
core   0: 0x8000d490 (0xb63f2a23) sw      gp, -1164(t5)
core   0: 3 0x8000d490 (0xb63f2a23) mem 0x80010000 0x00000001
core   0: 0x8000d494 (0xff9ff06f) j       pc - 0x8
core   0: 3 0x8000d494 (0xff9ff06f)
core   0: 0x8000d48c (0x00003f17) auipc   t5, 0x3
core   0: 3 0x8000d48c (0x00003f17) x30 0x8001048c
core   0: 0x8000d490 (0xb63f2a23) sw      gp, -1164(t5)
core   0: 3 0x8000d490 (0xb63f2a23) mem 0x80010000 0x00000001
core   0: 0x8000d494 (0xff9ff06f) j       pc - 0x8
core   0: 3 0x8000d494 (0xff9ff06f)
core   0: 0x8000d48c (0x00003f17) auipc   t5, 0x3
core   0: 3 0x8000d48c (0x00003f17) x30 0x8001048c
core   0: 0x8000d490 (0xb63f2a23) sw      gp, -1164(t5)
core   0: 3 0x8000d490 (0xb63f2a23) mem 0x80010000 0x00000001
core   0: 0x8000d494 (0xff9ff06f) j       pc - 0x8
core   0: 3 0x8000d494 (0xff9ff06f)
core   0: 0x8000d48c (0x00003f17) auipc   t5, 0x3
core   0: 3 0x8000d48c (0x00003f17) x30 0x8001048c
core   0: 0x8000d490 (0xb63f2a23) sw      gp, -1164(t5)
core   0: 3 0x8000d490 (0xb63f2a23) mem 0x80010000 0x00000001
core   0: 0x8000d494 (0xff9ff06f) j       pc - 0x8
core   0: 3 0x8000d494 (0xff9ff06f)
core   0: 0x8000d48c (0x00003f17) auipc   t5, 0x3
core   0: 3 0x8000d48c (0x00003f17) x30 0x8001048c
core   0: 0x8000d490 (0xb63f2a23) sw      gp, -1164(t5)
core   0: 3 0x8000d490 (0xb63f2a23) mem 0x80010000 0x00000001
core   0: 0x8000d494 (0xff9ff06f) j       pc - 0x8
core   0: 3 0x8000d494 (0xff9ff06f)
core   0: 0x8000d48c (0x00003f17) auipc   t5, 0x3
core   0: 3 0x8000d48c (0x00003f17) x30 0x8001048c
core   0: 0x8000d490 (0xb63f2a23) sw      gp, -1164(t5)
core   0: 3 0x8000d490 (0xb63f2a23) mem 0x80010000 0x00000001
core   0: 0x8000d494 (0xff9ff06f) j       pc - 0x8
core   0: 3 0x8000d494 (0xff9ff06f)
core   0: 0x8000d48c (0x00003f17) auipc   t5, 0x3
core   0: 3 0x8000d48c (0x00003f17) x30 0x8001048c
core   0: 0x8000d490 (0xb63f2a23) sw      gp, -1164(t5)
core   0: 3 0x8000d490 (0xb63f2a23) mem 0x80010000 0x00000001
core   0: 0x8000d494 (0xff9ff06f) j       pc - 0x8
core   0: 3 0x8000d494 (0xff9ff06f)
core   0: 0x8000d48c (0x00003f17) auipc   t5, 0x3
core   0: 3 0x8000d48c (0x00003f17) x30 0x8001048c
core   0: 0x8000d490 (0xb63f2a23) sw      gp, -1164(t5)
core   0: 3 0x8000d490 (0xb63f2a23) mem 0x80010000 0x00000001
core   0: 0x8000d494 (0xff9ff06f) j       pc - 0x8
core   0: 3 0x8000d494 (0xff9ff06f)
core   0: 0x8000d48c (0x00003f17) auipc   t5, 0x3
core   0: 3 0x8000d48c (0x00003f17) x30 0x8001048c
core   0: 0x8000d490 (0xb63f2a23) sw      gp, -1164(t5)
core   0: 3 0x8000d490 (0xb63f2a23) mem 0x80010000 0x00000001
core   0: 0x8000d494 (0xff9ff06f) j       pc - 0x8
core   0: 3 0x8000d494 (0xff9ff06f)
core   0: 0x8000d48c (0x00003f17) auipc   t5, 0x3
core   0: 3 0x8000d48c (0x00003f17) x30 0x8001048c
core   0: 0x8000d490 (0xb63f2a23) sw      gp, -1164(t5)
core   0: 3 0x8000d490 (0xb63f2a23) mem 0x80010000 0x00000001
core   0: 0x8000d494 (0xff9ff06f) j       pc - 0x8
core   0: 3 0x8000d494 (0xff9ff06f)
core   0: 0x8000d48c (0x00003f17) auipc   t5, 0x3
core   0: 3 0x8000d48c (0x00003f17) x30 0x8001048c
core   0: 0x8000d490 (0xb63f2a23) sw      gp, -1164(t5)
core   0: 3 0x8000d490 (0xb63f2a23) mem 0x80010000 0x00000001
core   0: 0x8000d494 (0xff9ff06f) j       pc - 0x8
core   0: 3 0x8000d494 (0xff9ff06f)
core   0: 0x8000d48c (0x00003f17) auipc   t5, 0x3
core   0: 3 0x8000d48c (0x00003f17) x30 0x8001048c
core   0: 0x8000d490 (0xb63f2a23) sw      gp, -1164(t5)
core   0: 3 0x8000d490 (0xb63f2a23) mem 0x80010000 0x00000001
core   0: 0x8000d494 (0xff9ff06f) j       pc - 0x8
core   0: 3 0x8000d494 (0xff9ff06f)
core   0: 0x8000d48c (0x00003f17) auipc   t5, 0x3
core   0: 3 0x8000d48c (0x00003f17) x30 0x8001048c
core   0: 0x8000d490 (0xb63f2a23) sw      gp, -1164(t5)
core   0: 3 0x8000d490 (0xb63f2a23) mem 0x80010000 0x00000001
core   0: 0x8000d494 (0xff9ff06f) j       pc - 0x8
core   0: 3 0x8000d494 (0xff9ff06f)
core   0: 0x8000d48c (0x00003f17) auipc   t5, 0x3
core   0: 3 0x8000d48c (0x00003f17) x30 0x8001048c
core   0: 0x8000d490 (0xb63f2a23) sw      gp, -1164(t5)
core   0: 3 0x8000d490 (0xb63f2a23) mem 0x80010000 0x00000001
core   0: 0x8000d494 (0xff9ff06f) j       pc - 0x8
core   0: 3 0x8000d494 (0xff9ff06f)
core   0: 0x8000d48c (0x00003f17) auipc   t5, 0x3
core   0: 3 0x8000d48c (0x00003f17) x30 0x8001048c
core   0: 0x8000d490 (0xb63f2a23) sw      gp, -1164(t5)
core   0: 3 0x8000d490 (0xb63f2a23) mem 0x80010000 0x00000001
core   0: 0x8000d494 (0xff9ff06f) j       pc - 0x8
core   0: 3 0x8000d494 (0xff9ff06f)
core   0: 0x8000d48c (0x00003f17) auipc   t5, 0x3
core   0: 3 0x8000d48c (0x00003f17) x30 0x8001048c
core   0: 0x8000d490 (0xb63f2a23) sw      gp, -1164(t5)
core   0: 3 0x8000d490 (0xb63f2a23) mem 0x80010000 0x00000001
core   0: 0x8000d494 (0xff9ff06f) j       pc - 0x8
core   0: 3 0x8000d494 (0xff9ff06f)
core   0: 0x8000d48c (0x00003f17) auipc   t5, 0x3
core   0: 3 0x8000d48c (0x00003f17) x30 0x8001048c
core   0: 0x8000d490 (0xb63f2a23) sw      gp, -1164(t5)
core   0: 3 0x8000d490 (0xb63f2a23) mem 0x80010000 0x00000001
core   0: 0x8000d494 (0xff9ff06f) j       pc - 0x8
core   0: 3 0x8000d494 (0xff9ff06f)
core   0: 0x8000d48c (0x00003f17) auipc   t5, 0x3
core   0: 3 0x8000d48c (0x00003f17) x30 0x8001048c
core   0: 0x8000d490 (0xb63f2a23) sw      gp, -1164(t5)
core   0: 3 0x8000d490 (0xb63f2a23) mem 0x80010000 0x00000001
core   0: 0x8000d494 (0xff9ff06f) j       pc - 0x8
core   0: 3 0x8000d494 (0xff9ff06f)
core   0: 0x8000d48c (0x00003f17) auipc   t5, 0x3
core   0: 3 0x8000d48c (0x00003f17) x30 0x8001048c
core   0: 0x8000d490 (0xb63f2a23) sw      gp, -1164(t5)
core   0: 3 0x8000d490 (0xb63f2a23) mem 0x80010000 0x00000001
core   0: 0x8000d494 (0xff9ff06f) j       pc - 0x8
core   0: 3 0x8000d494 (0xff9ff06f)
core   0: 0x8000d48c (0x00003f17) auipc   t5, 0x3
core   0: 3 0x8000d48c (0x00003f17) x30 0x8001048c
core   0: 0x8000d490 (0xb63f2a23) sw      gp, -1164(t5)
core   0: 3 0x8000d490 (0xb63f2a23) mem 0x80010000 0x00000001
core   0: 0x8000d494 (0xff9ff06f) j       pc - 0x8
core   0: 3 0x8000d494 (0xff9ff06f)
core   0: 0x8000d48c (0x00003f17) auipc   t5, 0x3
core   0: 3 0x8000d48c (0x00003f17) x30 0x8001048c
core   0: 0x8000d490 (0xb63f2a23) sw      gp, -1164(t5)
core   0: 3 0x8000d490 (0xb63f2a23) mem 0x80010000 0x00000001
core   0: 0x8000d494 (0xff9ff06f) j       pc - 0x8
core   0: 3 0x8000d494 (0xff9ff06f)
core   0: 0x8000d48c (0x00003f17) auipc   t5, 0x3
core   0: 3 0x8000d48c (0x00003f17) x30 0x8001048c
core   0: 0x8000d490 (0xb63f2a23) sw      gp, -1164(t5)
core   0: 3 0x8000d490 (0xb63f2a23) mem 0x80010000 0x00000001
core   0: 0x8000d494 (0xff9ff06f) j       pc - 0x8
core   0: 3 0x8000d494 (0xff9ff06f)
core   0: 0x8000d48c (0x00003f17) auipc   t5, 0x3
core   0: 3 0x8000d48c (0x00003f17) x30 0x8001048c
core   0: 0x8000d490 (0xb63f2a23) sw      gp, -1164(t5)
core   0: 3 0x8000d490 (0xb63f2a23) mem 0x80010000 0x00000001
core   0: 0x8000d494 (0xff9ff06f) j       pc - 0x8
core   0: 3 0x8000d494 (0xff9ff06f)
core   0: 0x8000d48c (0x00003f17) auipc   t5, 0x3
core   0: 3 0x8000d48c (0x00003f17) x30 0x8001048c
core   0: 0x8000d490 (0xb63f2a23) sw      gp, -1164(t5)
core   0: 3 0x8000d490 (0xb63f2a23) mem 0x80010000 0x00000001
core   0: 0x8000d494 (0xff9ff06f) j       pc - 0x8
core   0: 3 0x8000d494 (0xff9ff06f)
core   0: 0x8000d48c (0x00003f17) auipc   t5, 0x3
core   0: 3 0x8000d48c (0x00003f17) x30 0x8001048c
core   0: 0x8000d490 (0xb63f2a23) sw      gp, -1164(t5)
core   0: 3 0x8000d490 (0xb63f2a23) mem 0x80010000 0x00000001
core   0: 0x8000d494 (0xff9ff06f) j       pc - 0x8
core   0: 3 0x8000d494 (0xff9ff06f)
core   0: 0x8000d48c (0x00003f17) auipc   t5, 0x3
core   0: 3 0x8000d48c (0x00003f17) x30 0x8001048c
core   0: 0x8000d490 (0xb63f2a23) sw      gp, -1164(t5)
core   0: 3 0x8000d490 (0xb63f2a23) mem 0x80010000 0x00000001
core   0: 0x8000d494 (0xff9ff06f) j       pc - 0x8
core   0: 3 0x8000d494 (0xff9ff06f)
core   0: 0x8000d48c (0x00003f17) auipc   t5, 0x3
core   0: 3 0x8000d48c (0x00003f17) x30 0x8001048c
core   0: 0x8000d490 (0xb63f2a23) sw      gp, -1164(t5)
core   0: 3 0x8000d490 (0xb63f2a23) mem 0x80010000 0x00000001
core   0: 0x8000d494 (0xff9ff06f) j       pc - 0x8
core   0: 3 0x8000d494 (0xff9ff06f)
core   0: 0x8000d48c (0x00003f17) auipc   t5, 0x3
core   0: 3 0x8000d48c (0x00003f17) x30 0x8001048c
core   0: 0x8000d490 (0xb63f2a23) sw      gp, -1164(t5)
core   0: 3 0x8000d490 (0xb63f2a23) mem 0x80010000 0x00000001
core   0: 0x8000d494 (0xff9ff06f) j       pc - 0x8
core   0: 3 0x8000d494 (0xff9ff06f)
core   0: 0x8000d48c (0x00003f17) auipc   t5, 0x3
core   0: 3 0x8000d48c (0x00003f17) x30 0x8001048c
core   0: 0x8000d490 (0xb63f2a23) sw      gp, -1164(t5)
core   0: 3 0x8000d490 (0xb63f2a23) mem 0x80010000 0x00000001
core   0: 0x8000d494 (0xff9ff06f) j       pc - 0x8
core   0: 3 0x8000d494 (0xff9ff06f)
core   0: 0x8000d48c (0x00003f17) auipc   t5, 0x3
core   0: 3 0x8000d48c (0x00003f17) x30 0x8001048c
core   0: 0x8000d490 (0xb63f2a23) sw      gp, -1164(t5)
core   0: 3 0x8000d490 (0xb63f2a23) mem 0x80010000 0x00000001
core   0: 0x8000d494 (0xff9ff06f) j       pc - 0x8
core   0: 3 0x8000d494 (0xff9ff06f)
core   0: 0x8000d48c (0x00003f17) auipc   t5, 0x3
core   0: 3 0x8000d48c (0x00003f17) x30 0x8001048c
core   0: 0x8000d490 (0xb63f2a23) sw      gp, -1164(t5)
core   0: 3 0x8000d490 (0xb63f2a23) mem 0x80010000 0x00000001
core   0: 0x8000d494 (0xff9ff06f) j       pc - 0x8
core   0: 3 0x8000d494 (0xff9ff06f)
core   0: 0x8000d48c (0x00003f17) auipc   t5, 0x3
core   0: 3 0x8000d48c (0x00003f17) x30 0x8001048c
core   0: 0x8000d490 (0xb63f2a23) sw      gp, -1164(t5)
core   0: 3 0x8000d490 (0xb63f2a23) mem 0x80010000 0x00000001
core   0: 0x8000d494 (0xff9ff06f) j       pc - 0x8
core   0: 3 0x8000d494 (0xff9ff06f)
core   0: 0x8000d48c (0x00003f17) auipc   t5, 0x3
core   0: 3 0x8000d48c (0x00003f17) x30 0x8001048c
core   0: 0x8000d490 (0xb63f2a23) sw      gp, -1164(t5)
core   0: 3 0x8000d490 (0xb63f2a23) mem 0x80010000 0x00000001
core   0: 0x8000d494 (0xff9ff06f) j       pc - 0x8
core   0: 3 0x8000d494 (0xff9ff06f)
core   0: 0x8000d48c (0x00003f17) auipc   t5, 0x3
core   0: 3 0x8000d48c (0x00003f17) x30 0x8001048c
core   0: 0x8000d490 (0xb63f2a23) sw      gp, -1164(t5)
core   0: 3 0x8000d490 (0xb63f2a23) mem 0x80010000 0x00000001
core   0: 0x8000d494 (0xff9ff06f) j       pc - 0x8
core   0: 3 0x8000d494 (0xff9ff06f)
core   0: 0x8000d48c (0x00003f17) auipc   t5, 0x3
core   0: 3 0x8000d48c (0x00003f17) x30 0x8001048c
core   0: 0x8000d490 (0xb63f2a23) sw      gp, -1164(t5)
core   0: 3 0x8000d490 (0xb63f2a23) mem 0x80010000 0x00000001
core   0: 0x8000d494 (0xff9ff06f) j       pc - 0x8
core   0: 3 0x8000d494 (0xff9ff06f)
core   0: 0x8000d48c (0x00003f17) auipc   t5, 0x3
core   0: 3 0x8000d48c (0x00003f17) x30 0x8001048c
core   0: 0x8000d490 (0xb63f2a23) sw      gp, -1164(t5)
core   0: 3 0x8000d490 (0xb63f2a23) mem 0x80010000 0x00000001
core   0: 0x8000d494 (0xff9ff06f) j       pc - 0x8
core   0: 3 0x8000d494 (0xff9ff06f)
core   0: 0x8000d48c (0x00003f17) auipc   t5, 0x3
core   0: 3 0x8000d48c (0x00003f17) x30 0x8001048c
core   0: 0x8000d490 (0xb63f2a23) sw      gp, -1164(t5)
core   0: 3 0x8000d490 (0xb63f2a23) mem 0x80010000 0x00000001
core   0: 0x8000d494 (0xff9ff06f) j       pc - 0x8
core   0: 3 0x8000d494 (0xff9ff06f)
core   0: 0x8000d48c (0x00003f17) auipc   t5, 0x3
core   0: 3 0x8000d48c (0x00003f17) x30 0x8001048c
core   0: 0x8000d490 (0xb63f2a23) sw      gp, -1164(t5)
core   0: 3 0x8000d490 (0xb63f2a23) mem 0x80010000 0x00000001
core   0: 0x8000d494 (0xff9ff06f) j       pc - 0x8
core   0: 3 0x8000d494 (0xff9ff06f)
core   0: 0x8000d48c (0x00003f17) auipc   t5, 0x3
core   0: 3 0x8000d48c (0x00003f17) x30 0x8001048c
core   0: 0x8000d490 (0xb63f2a23) sw      gp, -1164(t5)
core   0: 3 0x8000d490 (0xb63f2a23) mem 0x80010000 0x00000001
core   0: 0x8000d494 (0xff9ff06f) j       pc - 0x8
core   0: 3 0x8000d494 (0xff9ff06f)
core   0: 0x8000d48c (0x00003f17) auipc   t5, 0x3
core   0: 3 0x8000d48c (0x00003f17) x30 0x8001048c
core   0: 0x8000d490 (0xb63f2a23) sw      gp, -1164(t5)
core   0: 3 0x8000d490 (0xb63f2a23) mem 0x80010000 0x00000001
core   0: 0x8000d494 (0xff9ff06f) j       pc - 0x8
core   0: 3 0x8000d494 (0xff9ff06f)
core   0: 0x8000d48c (0x00003f17) auipc   t5, 0x3
core   0: 3 0x8000d48c (0x00003f17) x30 0x8001048c
core   0: 0x8000d490 (0xb63f2a23) sw      gp, -1164(t5)
core   0: 3 0x8000d490 (0xb63f2a23) mem 0x80010000 0x00000001
core   0: 0x8000d494 (0xff9ff06f) j       pc - 0x8
core   0: 3 0x8000d494 (0xff9ff06f)
core   0: 0x8000d48c (0x00003f17) auipc   t5, 0x3
core   0: 3 0x8000d48c (0x00003f17) x30 0x8001048c
core   0: 0x8000d490 (0xb63f2a23) sw      gp, -1164(t5)
core   0: 3 0x8000d490 (0xb63f2a23) mem 0x80010000 0x00000001
core   0: 0x8000d494 (0xff9ff06f) j       pc - 0x8
core   0: 3 0x8000d494 (0xff9ff06f)
core   0: 0x8000d48c (0x00003f17) auipc   t5, 0x3
core   0: 3 0x8000d48c (0x00003f17) x30 0x8001048c
core   0: 0x8000d490 (0xb63f2a23) sw      gp, -1164(t5)
core   0: 3 0x8000d490 (0xb63f2a23) mem 0x80010000 0x00000001
core   0: 0x8000d494 (0xff9ff06f) j       pc - 0x8
core   0: 3 0x8000d494 (0xff9ff06f)
core   0: 0x8000d48c (0x00003f17) auipc   t5, 0x3
core   0: 3 0x8000d48c (0x00003f17) x30 0x8001048c
core   0: 0x8000d490 (0xb63f2a23) sw      gp, -1164(t5)
core   0: 3 0x8000d490 (0xb63f2a23) mem 0x80010000 0x00000001
core   0: 0x8000d494 (0xff9ff06f) j       pc - 0x8
core   0: 3 0x8000d494 (0xff9ff06f)
core   0: 0x8000d48c (0x00003f17) auipc   t5, 0x3
core   0: 3 0x8000d48c (0x00003f17) x30 0x8001048c
core   0: 0x8000d490 (0xb63f2a23) sw      gp, -1164(t5)
core   0: 3 0x8000d490 (0xb63f2a23) mem 0x80010000 0x00000001
core   0: 0x8000d494 (0xff9ff06f) j       pc - 0x8
core   0: 3 0x8000d494 (0xff9ff06f)
core   0: 0x8000d48c (0x00003f17) auipc   t5, 0x3
core   0: 3 0x8000d48c (0x00003f17) x30 0x8001048c
core   0: 0x8000d490 (0xb63f2a23) sw      gp, -1164(t5)
core   0: 3 0x8000d490 (0xb63f2a23) mem 0x80010000 0x00000001
core   0: 0x8000d494 (0xff9ff06f) j       pc - 0x8
core   0: 3 0x8000d494 (0xff9ff06f)
core   0: 0x8000d48c (0x00003f17) auipc   t5, 0x3
core   0: 3 0x8000d48c (0x00003f17) x30 0x8001048c
core   0: 0x8000d490 (0xb63f2a23) sw      gp, -1164(t5)
core   0: 3 0x8000d490 (0xb63f2a23) mem 0x80010000 0x00000001
core   0: 0x8000d494 (0xff9ff06f) j       pc - 0x8
core   0: 3 0x8000d494 (0xff9ff06f)
core   0: 0x8000d48c (0x00003f17) auipc   t5, 0x3
core   0: 3 0x8000d48c (0x00003f17) x30 0x8001048c
core   0: 0x8000d490 (0xb63f2a23) sw      gp, -1164(t5)
core   0: 3 0x8000d490 (0xb63f2a23) mem 0x80010000 0x00000001
core   0: 0x8000d494 (0xff9ff06f) j       pc - 0x8
core   0: 3 0x8000d494 (0xff9ff06f)
core   0: 0x8000d48c (0x00003f17) auipc   t5, 0x3
core   0: 3 0x8000d48c (0x00003f17) x30 0x8001048c
core   0: 0x8000d490 (0xb63f2a23) sw      gp, -1164(t5)
core   0: 3 0x8000d490 (0xb63f2a23) mem 0x80010000 0x00000001
core   0: 0x8000d494 (0xff9ff06f) j       pc - 0x8
core   0: 3 0x8000d494 (0xff9ff06f)
core   0: 0x8000d48c (0x00003f17) auipc   t5, 0x3
core   0: 3 0x8000d48c (0x00003f17) x30 0x8001048c
core   0: 0x8000d490 (0xb63f2a23) sw      gp, -1164(t5)
core   0: 3 0x8000d490 (0xb63f2a23) mem 0x80010000 0x00000001
core   0: 0x8000d494 (0xff9ff06f) j       pc - 0x8
core   0: 3 0x8000d494 (0xff9ff06f)
core   0: 0x8000d48c (0x00003f17) auipc   t5, 0x3
core   0: 3 0x8000d48c (0x00003f17) x30 0x8001048c
core   0: 0x8000d490 (0xb63f2a23) sw      gp, -1164(t5)
core   0: 3 0x8000d490 (0xb63f2a23) mem 0x80010000 0x00000001
core   0: 0x8000d494 (0xff9ff06f) j       pc - 0x8
core   0: 3 0x8000d494 (0xff9ff06f)
core   0: 0x8000d48c (0x00003f17) auipc   t5, 0x3
core   0: 3 0x8000d48c (0x00003f17) x30 0x8001048c
core   0: 0x8000d490 (0xb63f2a23) sw      gp, -1164(t5)
core   0: 3 0x8000d490 (0xb63f2a23) mem 0x80010000 0x00000001
core   0: 0x8000d494 (0xff9ff06f) j       pc - 0x8
core   0: 3 0x8000d494 (0xff9ff06f)
core   0: 0x8000d48c (0x00003f17) auipc   t5, 0x3
core   0: 3 0x8000d48c (0x00003f17) x30 0x8001048c
core   0: 0x8000d490 (0xb63f2a23) sw      gp, -1164(t5)
core   0: 3 0x8000d490 (0xb63f2a23) mem 0x80010000 0x00000001
core   0: 0x8000d494 (0xff9ff06f) j       pc - 0x8
core   0: 3 0x8000d494 (0xff9ff06f)
core   0: 0x8000d48c (0x00003f17) auipc   t5, 0x3
core   0: 3 0x8000d48c (0x00003f17) x30 0x8001048c
core   0: 0x8000d490 (0xb63f2a23) sw      gp, -1164(t5)
core   0: 3 0x8000d490 (0xb63f2a23) mem 0x80010000 0x00000001
core   0: 0x8000d494 (0xff9ff06f) j       pc - 0x8
core   0: 3 0x8000d494 (0xff9ff06f)
core   0: 0x8000d48c (0x00003f17) auipc   t5, 0x3
core   0: 3 0x8000d48c (0x00003f17) x30 0x8001048c
core   0: 0x8000d490 (0xb63f2a23) sw      gp, -1164(t5)
core   0: 3 0x8000d490 (0xb63f2a23) mem 0x80010000 0x00000001
core   0: 0x8000d494 (0xff9ff06f) j       pc - 0x8
core   0: 3 0x8000d494 (0xff9ff06f)
core   0: 0x8000d48c (0x00003f17) auipc   t5, 0x3
core   0: 3 0x8000d48c (0x00003f17) x30 0x8001048c
core   0: 0x8000d490 (0xb63f2a23) sw      gp, -1164(t5)
core   0: 3 0x8000d490 (0xb63f2a23) mem 0x80010000 0x00000001
core   0: 0x8000d494 (0xff9ff06f) j       pc - 0x8
core   0: 3 0x8000d494 (0xff9ff06f)
core   0: 0x8000d48c (0x00003f17) auipc   t5, 0x3
core   0: 3 0x8000d48c (0x00003f17) x30 0x8001048c
core   0: 0x8000d490 (0xb63f2a23) sw      gp, -1164(t5)
core   0: 3 0x8000d490 (0xb63f2a23) mem 0x80010000 0x00000001
core   0: 0x8000d494 (0xff9ff06f) j       pc - 0x8
core   0: 3 0x8000d494 (0xff9ff06f)
core   0: 0x8000d48c (0x00003f17) auipc   t5, 0x3
core   0: 3 0x8000d48c (0x00003f17) x30 0x8001048c
core   0: 0x8000d490 (0xb63f2a23) sw      gp, -1164(t5)
core   0: 3 0x8000d490 (0xb63f2a23) mem 0x80010000 0x00000001
core   0: 0x8000d494 (0xff9ff06f) j       pc - 0x8
core   0: 3 0x8000d494 (0xff9ff06f)
core   0: 0x8000d48c (0x00003f17) auipc   t5, 0x3
core   0: 3 0x8000d48c (0x00003f17) x30 0x8001048c
core   0: 0x8000d490 (0xb63f2a23) sw      gp, -1164(t5)
core   0: 3 0x8000d490 (0xb63f2a23) mem 0x80010000 0x00000001
core   0: 0x8000d494 (0xff9ff06f) j       pc - 0x8
core   0: 3 0x8000d494 (0xff9ff06f)
core   0: 0x8000d48c (0x00003f17) auipc   t5, 0x3
core   0: 3 0x8000d48c (0x00003f17) x30 0x8001048c
core   0: 0x8000d490 (0xb63f2a23) sw      gp, -1164(t5)
core   0: 3 0x8000d490 (0xb63f2a23) mem 0x80010000 0x00000001
core   0: 0x8000d494 (0xff9ff06f) j       pc - 0x8
core   0: 3 0x8000d494 (0xff9ff06f)
core   0: 0x8000d48c (0x00003f17) auipc   t5, 0x3
core   0: 3 0x8000d48c (0x00003f17) x30 0x8001048c
core   0: 0x8000d490 (0xb63f2a23) sw      gp, -1164(t5)
core   0: 3 0x8000d490 (0xb63f2a23) mem 0x80010000 0x00000001
core   0: 0x8000d494 (0xff9ff06f) j       pc - 0x8
core   0: 3 0x8000d494 (0xff9ff06f)
core   0: 0x8000d48c (0x00003f17) auipc   t5, 0x3
core   0: 3 0x8000d48c (0x00003f17) x30 0x8001048c
core   0: 0x8000d490 (0xb63f2a23) sw      gp, -1164(t5)
core   0: 3 0x8000d490 (0xb63f2a23) mem 0x80010000 0x00000001
core   0: 0x8000d494 (0xff9ff06f) j       pc - 0x8
core   0: 3 0x8000d494 (0xff9ff06f)
core   0: 0x8000d48c (0x00003f17) auipc   t5, 0x3
core   0: 3 0x8000d48c (0x00003f17) x30 0x8001048c
core   0: 0x8000d490 (0xb63f2a23) sw      gp, -1164(t5)
core   0: 3 0x8000d490 (0xb63f2a23) mem 0x80010000 0x00000001
core   0: 0x8000d494 (0xff9ff06f) j       pc - 0x8
core   0: 3 0x8000d494 (0xff9ff06f)
core   0: 0x8000d48c (0x00003f17) auipc   t5, 0x3
core   0: 3 0x8000d48c (0x00003f17) x30 0x8001048c
core   0: 0x8000d490 (0xb63f2a23) sw      gp, -1164(t5)
core   0: 3 0x8000d490 (0xb63f2a23) mem 0x80010000 0x00000001
core   0: 0x8000d494 (0xff9ff06f) j       pc - 0x8
core   0: 3 0x8000d494 (0xff9ff06f)
core   0: 0x8000d48c (0x00003f17) auipc   t5, 0x3
core   0: 3 0x8000d48c (0x00003f17) x30 0x8001048c
core   0: 0x8000d490 (0xb63f2a23) sw      gp, -1164(t5)
core   0: 3 0x8000d490 (0xb63f2a23) mem 0x80010000 0x00000001
core   0: 0x8000d494 (0xff9ff06f) j       pc - 0x8
core   0: 3 0x8000d494 (0xff9ff06f)
core   0: 0x8000d48c (0x00003f17) auipc   t5, 0x3
core   0: 3 0x8000d48c (0x00003f17) x30 0x8001048c
core   0: 0x8000d490 (0xb63f2a23) sw      gp, -1164(t5)
core   0: 3 0x8000d490 (0xb63f2a23) mem 0x80010000 0x00000001
core   0: 0x8000d494 (0xff9ff06f) j       pc - 0x8
core   0: 3 0x8000d494 (0xff9ff06f)
core   0: 0x8000d48c (0x00003f17) auipc   t5, 0x3
core   0: 3 0x8000d48c (0x00003f17) x30 0x8001048c
core   0: 0x8000d490 (0xb63f2a23) sw      gp, -1164(t5)
core   0: 3 0x8000d490 (0xb63f2a23) mem 0x80010000 0x00000001
core   0: 0x8000d494 (0xff9ff06f) j       pc - 0x8
core   0: 3 0x8000d494 (0xff9ff06f)
core   0: 0x8000d48c (0x00003f17) auipc   t5, 0x3
core   0: 3 0x8000d48c (0x00003f17) x30 0x8001048c
core   0: 0x8000d490 (0xb63f2a23) sw      gp, -1164(t5)
core   0: 3 0x8000d490 (0xb63f2a23) mem 0x80010000 0x00000001
core   0: 0x8000d494 (0xff9ff06f) j       pc - 0x8
core   0: 3 0x8000d494 (0xff9ff06f)
core   0: 0x8000d48c (0x00003f17) auipc   t5, 0x3
core   0: 3 0x8000d48c (0x00003f17) x30 0x8001048c
core   0: 0x8000d490 (0xb63f2a23) sw      gp, -1164(t5)
core   0: 3 0x8000d490 (0xb63f2a23) mem 0x80010000 0x00000001
core   0: 0x8000d494 (0xff9ff06f) j       pc - 0x8
core   0: 3 0x8000d494 (0xff9ff06f)
core   0: 0x8000d48c (0x00003f17) auipc   t5, 0x3
core   0: 3 0x8000d48c (0x00003f17) x30 0x8001048c
core   0: 0x8000d490 (0xb63f2a23) sw      gp, -1164(t5)
core   0: 3 0x8000d490 (0xb63f2a23) mem 0x80010000 0x00000001
core   0: 0x8000d494 (0xff9ff06f) j       pc - 0x8
core   0: 3 0x8000d494 (0xff9ff06f)
core   0: 0x8000d48c (0x00003f17) auipc   t5, 0x3
core   0: 3 0x8000d48c (0x00003f17) x30 0x8001048c
core   0: 0x8000d490 (0xb63f2a23) sw      gp, -1164(t5)
core   0: 3 0x8000d490 (0xb63f2a23) mem 0x80010000 0x00000001
core   0: 0x8000d494 (0xff9ff06f) j       pc - 0x8
core   0: 3 0x8000d494 (0xff9ff06f)
core   0: 0x8000d48c (0x00003f17) auipc   t5, 0x3
core   0: 3 0x8000d48c (0x00003f17) x30 0x8001048c
core   0: 0x8000d490 (0xb63f2a23) sw      gp, -1164(t5)
core   0: 3 0x8000d490 (0xb63f2a23) mem 0x80010000 0x00000001
core   0: 0x8000d494 (0xff9ff06f) j       pc - 0x8
core   0: 3 0x8000d494 (0xff9ff06f)
core   0: 0x8000d48c (0x00003f17) auipc   t5, 0x3
core   0: 3 0x8000d48c (0x00003f17) x30 0x8001048c
core   0: 0x8000d490 (0xb63f2a23) sw      gp, -1164(t5)
core   0: 3 0x8000d490 (0xb63f2a23) mem 0x80010000 0x00000001
core   0: 0x8000d494 (0xff9ff06f) j       pc - 0x8
core   0: 3 0x8000d494 (0xff9ff06f)
core   0: 0x8000d48c (0x00003f17) auipc   t5, 0x3
core   0: 3 0x8000d48c (0x00003f17) x30 0x8001048c
core   0: 0x8000d490 (0xb63f2a23) sw      gp, -1164(t5)
core   0: 3 0x8000d490 (0xb63f2a23) mem 0x80010000 0x00000001
core   0: 0x8000d494 (0xff9ff06f) j       pc - 0x8
core   0: 3 0x8000d494 (0xff9ff06f)
core   0: 0x8000d48c (0x00003f17) auipc   t5, 0x3
core   0: 3 0x8000d48c (0x00003f17) x30 0x8001048c
core   0: 0x8000d490 (0xb63f2a23) sw      gp, -1164(t5)
core   0: 3 0x8000d490 (0xb63f2a23) mem 0x80010000 0x00000001
core   0: 0x8000d494 (0xff9ff06f) j       pc - 0x8
core   0: 3 0x8000d494 (0xff9ff06f)
core   0: 0x8000d48c (0x00003f17) auipc   t5, 0x3
core   0: 3 0x8000d48c (0x00003f17) x30 0x8001048c
core   0: 0x8000d490 (0xb63f2a23) sw      gp, -1164(t5)
core   0: 3 0x8000d490 (0xb63f2a23) mem 0x80010000 0x00000001
core   0: 0x8000d494 (0xff9ff06f) j       pc - 0x8
core   0: 3 0x8000d494 (0xff9ff06f)
core   0: 0x8000d48c (0x00003f17) auipc   t5, 0x3
core   0: 3 0x8000d48c (0x00003f17) x30 0x8001048c
core   0: 0x8000d490 (0xb63f2a23) sw      gp, -1164(t5)
core   0: 3 0x8000d490 (0xb63f2a23) mem 0x80010000 0x00000001
core   0: 0x8000d494 (0xff9ff06f) j       pc - 0x8
core   0: 3 0x8000d494 (0xff9ff06f)
core   0: 0x8000d48c (0x00003f17) auipc   t5, 0x3
core   0: 3 0x8000d48c (0x00003f17) x30 0x8001048c
core   0: 0x8000d490 (0xb63f2a23) sw      gp, -1164(t5)
core   0: 3 0x8000d490 (0xb63f2a23) mem 0x80010000 0x00000001
core   0: 0x8000d494 (0xff9ff06f) j       pc - 0x8
core   0: 3 0x8000d494 (0xff9ff06f)
core   0: 0x8000d48c (0x00003f17) auipc   t5, 0x3
core   0: 3 0x8000d48c (0x00003f17) x30 0x8001048c
core   0: 0x8000d490 (0xb63f2a23) sw      gp, -1164(t5)
core   0: 3 0x8000d490 (0xb63f2a23) mem 0x80010000 0x00000001
core   0: 0x8000d494 (0xff9ff06f) j       pc - 0x8
core   0: 3 0x8000d494 (0xff9ff06f)
core   0: 0x8000d48c (0x00003f17) auipc   t5, 0x3
core   0: 3 0x8000d48c (0x00003f17) x30 0x8001048c
core   0: 0x8000d490 (0xb63f2a23) sw      gp, -1164(t5)
core   0: 3 0x8000d490 (0xb63f2a23) mem 0x80010000 0x00000001
core   0: 0x8000d494 (0xff9ff06f) j       pc - 0x8
core   0: 3 0x8000d494 (0xff9ff06f)
core   0: 0x8000d48c (0x00003f17) auipc   t5, 0x3
core   0: 3 0x8000d48c (0x00003f17) x30 0x8001048c
core   0: 0x8000d490 (0xb63f2a23) sw      gp, -1164(t5)
core   0: 3 0x8000d490 (0xb63f2a23) mem 0x80010000 0x00000001
core   0: 0x8000d494 (0xff9ff06f) j       pc - 0x8
core   0: 3 0x8000d494 (0xff9ff06f)
core   0: 0x8000d48c (0x00003f17) auipc   t5, 0x3
core   0: 3 0x8000d48c (0x00003f17) x30 0x8001048c
core   0: 0x8000d490 (0xb63f2a23) sw      gp, -1164(t5)
core   0: 3 0x8000d490 (0xb63f2a23) mem 0x80010000 0x00000001
core   0: 0x8000d494 (0xff9ff06f) j       pc - 0x8
core   0: 3 0x8000d494 (0xff9ff06f)
core   0: 0x8000d48c (0x00003f17) auipc   t5, 0x3
core   0: 3 0x8000d48c (0x00003f17) x30 0x8001048c
core   0: 0x8000d490 (0xb63f2a23) sw      gp, -1164(t5)
core   0: 3 0x8000d490 (0xb63f2a23) mem 0x80010000 0x00000001
core   0: 0x8000d494 (0xff9ff06f) j       pc - 0x8
core   0: 3 0x8000d494 (0xff9ff06f)
core   0: 0x8000d48c (0x00003f17) auipc   t5, 0x3
core   0: 3 0x8000d48c (0x00003f17) x30 0x8001048c
core   0: 0x8000d490 (0xb63f2a23) sw      gp, -1164(t5)
core   0: 3 0x8000d490 (0xb63f2a23) mem 0x80010000 0x00000001
core   0: 0x8000d494 (0xff9ff06f) j       pc - 0x8
core   0: 3 0x8000d494 (0xff9ff06f)
core   0: 0x8000d48c (0x00003f17) auipc   t5, 0x3
core   0: 3 0x8000d48c (0x00003f17) x30 0x8001048c
core   0: 0x8000d490 (0xb63f2a23) sw      gp, -1164(t5)
core   0: 3 0x8000d490 (0xb63f2a23) mem 0x80010000 0x00000001
core   0: 0x8000d494 (0xff9ff06f) j       pc - 0x8
core   0: 3 0x8000d494 (0xff9ff06f)
core   0: 0x8000d48c (0x00003f17) auipc   t5, 0x3
core   0: 3 0x8000d48c (0x00003f17) x30 0x8001048c
core   0: 0x8000d490 (0xb63f2a23) sw      gp, -1164(t5)
core   0: 3 0x8000d490 (0xb63f2a23) mem 0x80010000 0x00000001
core   0: 0x8000d494 (0xff9ff06f) j       pc - 0x8
core   0: 3 0x8000d494 (0xff9ff06f)
core   0: 0x8000d48c (0x00003f17) auipc   t5, 0x3
core   0: 3 0x8000d48c (0x00003f17) x30 0x8001048c
core   0: 0x8000d490 (0xb63f2a23) sw      gp, -1164(t5)
core   0: 3 0x8000d490 (0xb63f2a23) mem 0x80010000 0x00000001
core   0: 0x8000d494 (0xff9ff06f) j       pc - 0x8
core   0: 3 0x8000d494 (0xff9ff06f)
core   0: 0x8000d48c (0x00003f17) auipc   t5, 0x3
core   0: 3 0x8000d48c (0x00003f17) x30 0x8001048c
core   0: 0x8000d490 (0xb63f2a23) sw      gp, -1164(t5)
core   0: 3 0x8000d490 (0xb63f2a23) mem 0x80010000 0x00000001
core   0: 0x8000d494 (0xff9ff06f) j       pc - 0x8
core   0: 3 0x8000d494 (0xff9ff06f)
core   0: 0x8000d48c (0x00003f17) auipc   t5, 0x3
core   0: 3 0x8000d48c (0x00003f17) x30 0x8001048c
core   0: 0x8000d490 (0xb63f2a23) sw      gp, -1164(t5)
core   0: 3 0x8000d490 (0xb63f2a23) mem 0x80010000 0x00000001
core   0: 0x8000d494 (0xff9ff06f) j       pc - 0x8
core   0: 3 0x8000d494 (0xff9ff06f)
core   0: 0x8000d48c (0x00003f17) auipc   t5, 0x3
core   0: 3 0x8000d48c (0x00003f17) x30 0x8001048c
core   0: 0x8000d490 (0xb63f2a23) sw      gp, -1164(t5)
core   0: 3 0x8000d490 (0xb63f2a23) mem 0x80010000 0x00000001
core   0: 0x8000d494 (0xff9ff06f) j       pc - 0x8
core   0: 3 0x8000d494 (0xff9ff06f)
core   0: 0x8000d48c (0x00003f17) auipc   t5, 0x3
core   0: 3 0x8000d48c (0x00003f17) x30 0x8001048c
core   0: 0x8000d490 (0xb63f2a23) sw      gp, -1164(t5)
core   0: 3 0x8000d490 (0xb63f2a23) mem 0x80010000 0x00000001
core   0: 0x8000d494 (0xff9ff06f) j       pc - 0x8
core   0: 3 0x8000d494 (0xff9ff06f)
core   0: 0x8000d48c (0x00003f17) auipc   t5, 0x3
core   0: 3 0x8000d48c (0x00003f17) x30 0x8001048c
core   0: 0x8000d490 (0xb63f2a23) sw      gp, -1164(t5)
core   0: 3 0x8000d490 (0xb63f2a23) mem 0x80010000 0x00000001
core   0: 0x8000d494 (0xff9ff06f) j       pc - 0x8
core   0: 3 0x8000d494 (0xff9ff06f)
core   0: 0x8000d48c (0x00003f17) auipc   t5, 0x3
core   0: 3 0x8000d48c (0x00003f17) x30 0x8001048c
core   0: 0x8000d490 (0xb63f2a23) sw      gp, -1164(t5)
core   0: 3 0x8000d490 (0xb63f2a23) mem 0x80010000 0x00000001
core   0: 0x8000d494 (0xff9ff06f) j       pc - 0x8
core   0: 3 0x8000d494 (0xff9ff06f)
core   0: 0x8000d48c (0x00003f17) auipc   t5, 0x3
core   0: 3 0x8000d48c (0x00003f17) x30 0x8001048c
core   0: 0x8000d490 (0xb63f2a23) sw      gp, -1164(t5)
core   0: 3 0x8000d490 (0xb63f2a23) mem 0x80010000 0x00000001
core   0: 0x8000d494 (0xff9ff06f) j       pc - 0x8
core   0: 3 0x8000d494 (0xff9ff06f)
core   0: 0x8000d48c (0x00003f17) auipc   t5, 0x3
core   0: 3 0x8000d48c (0x00003f17) x30 0x8001048c
core   0: 0x8000d490 (0xb63f2a23) sw      gp, -1164(t5)
core   0: 3 0x8000d490 (0xb63f2a23) mem 0x80010000 0x00000001
core   0: 0x8000d494 (0xff9ff06f) j       pc - 0x8
core   0: 3 0x8000d494 (0xff9ff06f)
core   0: 0x8000d48c (0x00003f17) auipc   t5, 0x3
core   0: 3 0x8000d48c (0x00003f17) x30 0x8001048c
core   0: 0x8000d490 (0xb63f2a23) sw      gp, -1164(t5)
core   0: 3 0x8000d490 (0xb63f2a23) mem 0x80010000 0x00000001
core   0: 0x8000d494 (0xff9ff06f) j       pc - 0x8
core   0: 3 0x8000d494 (0xff9ff06f)
core   0: 0x8000d48c (0x00003f17) auipc   t5, 0x3
core   0: 3 0x8000d48c (0x00003f17) x30 0x8001048c
core   0: 0x8000d490 (0xb63f2a23) sw      gp, -1164(t5)
core   0: 3 0x8000d490 (0xb63f2a23) mem 0x80010000 0x00000001
core   0: 0x8000d494 (0xff9ff06f) j       pc - 0x8
core   0: 3 0x8000d494 (0xff9ff06f)
core   0: 0x8000d48c (0x00003f17) auipc   t5, 0x3
core   0: 3 0x8000d48c (0x00003f17) x30 0x8001048c
core   0: 0x8000d490 (0xb63f2a23) sw      gp, -1164(t5)
core   0: 3 0x8000d490 (0xb63f2a23) mem 0x80010000 0x00000001
core   0: 0x8000d494 (0xff9ff06f) j       pc - 0x8
core   0: 3 0x8000d494 (0xff9ff06f)
core   0: 0x8000d48c (0x00003f17) auipc   t5, 0x3
core   0: 3 0x8000d48c (0x00003f17) x30 0x8001048c
core   0: 0x8000d490 (0xb63f2a23) sw      gp, -1164(t5)
core   0: 3 0x8000d490 (0xb63f2a23) mem 0x80010000 0x00000001
core   0: 0x8000d494 (0xff9ff06f) j       pc - 0x8
core   0: 3 0x8000d494 (0xff9ff06f)
core   0: 0x8000d48c (0x00003f17) auipc   t5, 0x3
core   0: 3 0x8000d48c (0x00003f17) x30 0x8001048c
core   0: 0x8000d490 (0xb63f2a23) sw      gp, -1164(t5)
core   0: 3 0x8000d490 (0xb63f2a23) mem 0x80010000 0x00000001
core   0: 0x8000d494 (0xff9ff06f) j       pc - 0x8
core   0: 3 0x8000d494 (0xff9ff06f)
core   0: 0x8000d48c (0x00003f17) auipc   t5, 0x3
core   0: 3 0x8000d48c (0x00003f17) x30 0x8001048c
core   0: 0x8000d490 (0xb63f2a23) sw      gp, -1164(t5)
core   0: 3 0x8000d490 (0xb63f2a23) mem 0x80010000 0x00000001
core   0: 0x8000d494 (0xff9ff06f) j       pc - 0x8
core   0: 3 0x8000d494 (0xff9ff06f)
core   0: 0x8000d48c (0x00003f17) auipc   t5, 0x3
core   0: 3 0x8000d48c (0x00003f17) x30 0x8001048c
core   0: 0x8000d490 (0xb63f2a23) sw      gp, -1164(t5)
core   0: 3 0x8000d490 (0xb63f2a23) mem 0x80010000 0x00000001
core   0: 0x8000d494 (0xff9ff06f) j       pc - 0x8
core   0: 3 0x8000d494 (0xff9ff06f)
core   0: 0x8000d48c (0x00003f17) auipc   t5, 0x3
core   0: 3 0x8000d48c (0x00003f17) x30 0x8001048c
core   0: 0x8000d490 (0xb63f2a23) sw      gp, -1164(t5)
core   0: 3 0x8000d490 (0xb63f2a23) mem 0x80010000 0x00000001
core   0: 0x8000d494 (0xff9ff06f) j       pc - 0x8
core   0: 3 0x8000d494 (0xff9ff06f)
core   0: 0x8000d48c (0x00003f17) auipc   t5, 0x3
core   0: 3 0x8000d48c (0x00003f17) x30 0x8001048c
core   0: 0x8000d490 (0xb63f2a23) sw      gp, -1164(t5)
core   0: 3 0x8000d490 (0xb63f2a23) mem 0x80010000 0x00000001
core   0: 0x8000d494 (0xff9ff06f) j       pc - 0x8
core   0: 3 0x8000d494 (0xff9ff06f)
core   0: 0x8000d48c (0x00003f17) auipc   t5, 0x3
core   0: 3 0x8000d48c (0x00003f17) x30 0x8001048c
core   0: 0x8000d490 (0xb63f2a23) sw      gp, -1164(t5)
core   0: 3 0x8000d490 (0xb63f2a23) mem 0x80010000 0x00000001
core   0: 0x8000d494 (0xff9ff06f) j       pc - 0x8
core   0: 3 0x8000d494 (0xff9ff06f)
core   0: 0x8000d48c (0x00003f17) auipc   t5, 0x3
core   0: 3 0x8000d48c (0x00003f17) x30 0x8001048c
core   0: 0x8000d490 (0xb63f2a23) sw      gp, -1164(t5)
core   0: 3 0x8000d490 (0xb63f2a23) mem 0x80010000 0x00000001
core   0: 0x8000d494 (0xff9ff06f) j       pc - 0x8
core   0: 3 0x8000d494 (0xff9ff06f)
core   0: 0x8000d48c (0x00003f17) auipc   t5, 0x3
core   0: 3 0x8000d48c (0x00003f17) x30 0x8001048c
core   0: 0x8000d490 (0xb63f2a23) sw      gp, -1164(t5)
core   0: 3 0x8000d490 (0xb63f2a23) mem 0x80010000 0x00000001
core   0: 0x8000d494 (0xff9ff06f) j       pc - 0x8
core   0: 3 0x8000d494 (0xff9ff06f)
core   0: 0x8000d48c (0x00003f17) auipc   t5, 0x3
core   0: 3 0x8000d48c (0x00003f17) x30 0x8001048c
core   0: 0x8000d490 (0xb63f2a23) sw      gp, -1164(t5)
core   0: 3 0x8000d490 (0xb63f2a23) mem 0x80010000 0x00000001
core   0: 0x8000d494 (0xff9ff06f) j       pc - 0x8
core   0: 3 0x8000d494 (0xff9ff06f)
core   0: 0x8000d48c (0x00003f17) auipc   t5, 0x3
core   0: 3 0x8000d48c (0x00003f17) x30 0x8001048c
core   0: 0x8000d490 (0xb63f2a23) sw      gp, -1164(t5)
core   0: 3 0x8000d490 (0xb63f2a23) mem 0x80010000 0x00000001
core   0: 0x8000d494 (0xff9ff06f) j       pc - 0x8
core   0: 3 0x8000d494 (0xff9ff06f)
core   0: 0x8000d48c (0x00003f17) auipc   t5, 0x3
core   0: 3 0x8000d48c (0x00003f17) x30 0x8001048c
core   0: 0x8000d490 (0xb63f2a23) sw      gp, -1164(t5)
core   0: 3 0x8000d490 (0xb63f2a23) mem 0x80010000 0x00000001
core   0: 0x8000d494 (0xff9ff06f) j       pc - 0x8
core   0: 3 0x8000d494 (0xff9ff06f)
core   0: 0x8000d48c (0x00003f17) auipc   t5, 0x3
core   0: 3 0x8000d48c (0x00003f17) x30 0x8001048c
core   0: 0x8000d490 (0xb63f2a23) sw      gp, -1164(t5)
core   0: 3 0x8000d490 (0xb63f2a23) mem 0x80010000 0x00000001
core   0: 0x8000d494 (0xff9ff06f) j       pc - 0x8
core   0: 3 0x8000d494 (0xff9ff06f)
core   0: 0x8000d48c (0x00003f17) auipc   t5, 0x3
core   0: 3 0x8000d48c (0x00003f17) x30 0x8001048c
core   0: 0x8000d490 (0xb63f2a23) sw      gp, -1164(t5)
core   0: 3 0x8000d490 (0xb63f2a23) mem 0x80010000 0x00000001
core   0: 0x8000d494 (0xff9ff06f) j       pc - 0x8
core   0: 3 0x8000d494 (0xff9ff06f)
core   0: 0x8000d48c (0x00003f17) auipc   t5, 0x3
core   0: 3 0x8000d48c (0x00003f17) x30 0x8001048c
core   0: 0x8000d490 (0xb63f2a23) sw      gp, -1164(t5)
core   0: 3 0x8000d490 (0xb63f2a23) mem 0x80010000 0x00000001
core   0: 0x8000d494 (0xff9ff06f) j       pc - 0x8
core   0: 3 0x8000d494 (0xff9ff06f)
core   0: 0x8000d48c (0x00003f17) auipc   t5, 0x3
core   0: 3 0x8000d48c (0x00003f17) x30 0x8001048c
core   0: 0x8000d490 (0xb63f2a23) sw      gp, -1164(t5)
core   0: 3 0x8000d490 (0xb63f2a23) mem 0x80010000 0x00000001
core   0: 0x8000d494 (0xff9ff06f) j       pc - 0x8
core   0: 3 0x8000d494 (0xff9ff06f)
core   0: 0x8000d48c (0x00003f17) auipc   t5, 0x3
core   0: 3 0x8000d48c (0x00003f17) x30 0x8001048c
core   0: 0x8000d490 (0xb63f2a23) sw      gp, -1164(t5)
core   0: 3 0x8000d490 (0xb63f2a23) mem 0x80010000 0x00000001
core   0: 0x8000d494 (0xff9ff06f) j       pc - 0x8
core   0: 3 0x8000d494 (0xff9ff06f)
core   0: 0x8000d48c (0x00003f17) auipc   t5, 0x3
core   0: 3 0x8000d48c (0x00003f17) x30 0x8001048c
core   0: 0x8000d490 (0xb63f2a23) sw      gp, -1164(t5)
core   0: 3 0x8000d490 (0xb63f2a23) mem 0x80010000 0x00000001
core   0: 0x8000d494 (0xff9ff06f) j       pc - 0x8
core   0: 3 0x8000d494 (0xff9ff06f)
core   0: 0x8000d48c (0x00003f17) auipc   t5, 0x3
core   0: 3 0x8000d48c (0x00003f17) x30 0x8001048c
core   0: 0x8000d490 (0xb63f2a23) sw      gp, -1164(t5)
core   0: 3 0x8000d490 (0xb63f2a23) mem 0x80010000 0x00000001
core   0: 0x8000d494 (0xff9ff06f) j       pc - 0x8
core   0: 3 0x8000d494 (0xff9ff06f)
core   0: 0x8000d48c (0x00003f17) auipc   t5, 0x3
core   0: 3 0x8000d48c (0x00003f17) x30 0x8001048c
core   0: 0x8000d490 (0xb63f2a23) sw      gp, -1164(t5)
core   0: 3 0x8000d490 (0xb63f2a23) mem 0x80010000 0x00000001
core   0: 0x8000d494 (0xff9ff06f) j       pc - 0x8
core   0: 3 0x8000d494 (0xff9ff06f)
core   0: 0x8000d48c (0x00003f17) auipc   t5, 0x3
core   0: 3 0x8000d48c (0x00003f17) x30 0x8001048c
core   0: 0x8000d490 (0xb63f2a23) sw      gp, -1164(t5)
core   0: 3 0x8000d490 (0xb63f2a23) mem 0x80010000 0x00000001
core   0: 0x8000d494 (0xff9ff06f) j       pc - 0x8
core   0: 3 0x8000d494 (0xff9ff06f)
core   0: 0x8000d48c (0x00003f17) auipc   t5, 0x3
core   0: 3 0x8000d48c (0x00003f17) x30 0x8001048c
core   0: 0x8000d490 (0xb63f2a23) sw      gp, -1164(t5)
core   0: 3 0x8000d490 (0xb63f2a23) mem 0x80010000 0x00000001
core   0: 0x8000d494 (0xff9ff06f) j       pc - 0x8
core   0: 3 0x8000d494 (0xff9ff06f)
core   0: 0x8000d48c (0x00003f17) auipc   t5, 0x3
core   0: 3 0x8000d48c (0x00003f17) x30 0x8001048c
core   0: 0x8000d490 (0xb63f2a23) sw      gp, -1164(t5)
core   0: 3 0x8000d490 (0xb63f2a23) mem 0x80010000 0x00000001
core   0: 0x8000d494 (0xff9ff06f) j       pc - 0x8
core   0: 3 0x8000d494 (0xff9ff06f)
core   0: 0x8000d48c (0x00003f17) auipc   t5, 0x3
core   0: 3 0x8000d48c (0x00003f17) x30 0x8001048c
core   0: 0x8000d490 (0xb63f2a23) sw      gp, -1164(t5)
core   0: 3 0x8000d490 (0xb63f2a23) mem 0x80010000 0x00000001
core   0: 0x8000d494 (0xff9ff06f) j       pc - 0x8
core   0: 3 0x8000d494 (0xff9ff06f)
core   0: 0x8000d48c (0x00003f17) auipc   t5, 0x3
core   0: 3 0x8000d48c (0x00003f17) x30 0x8001048c
core   0: 0x8000d490 (0xb63f2a23) sw      gp, -1164(t5)
core   0: 3 0x8000d490 (0xb63f2a23) mem 0x80010000 0x00000001
core   0: 0x8000d494 (0xff9ff06f) j       pc - 0x8
core   0: 3 0x8000d494 (0xff9ff06f)
core   0: 0x8000d48c (0x00003f17) auipc   t5, 0x3
core   0: 3 0x8000d48c (0x00003f17) x30 0x8001048c
core   0: 0x8000d490 (0xb63f2a23) sw      gp, -1164(t5)
core   0: 3 0x8000d490 (0xb63f2a23) mem 0x80010000 0x00000001
core   0: 0x8000d494 (0xff9ff06f) j       pc - 0x8
core   0: 3 0x8000d494 (0xff9ff06f)
core   0: 0x8000d48c (0x00003f17) auipc   t5, 0x3
core   0: 3 0x8000d48c (0x00003f17) x30 0x8001048c
core   0: 0x8000d490 (0xb63f2a23) sw      gp, -1164(t5)
core   0: 3 0x8000d490 (0xb63f2a23) mem 0x80010000 0x00000001
core   0: 0x8000d494 (0xff9ff06f) j       pc - 0x8
core   0: 3 0x8000d494 (0xff9ff06f)
core   0: 0x8000d48c (0x00003f17) auipc   t5, 0x3
core   0: 3 0x8000d48c (0x00003f17) x30 0x8001048c
core   0: 0x8000d490 (0xb63f2a23) sw      gp, -1164(t5)
core   0: 3 0x8000d490 (0xb63f2a23) mem 0x80010000 0x00000001
core   0: 0x8000d494 (0xff9ff06f) j       pc - 0x8
core   0: 3 0x8000d494 (0xff9ff06f)
core   0: 0x8000d48c (0x00003f17) auipc   t5, 0x3
core   0: 3 0x8000d48c (0x00003f17) x30 0x8001048c
core   0: 0x8000d490 (0xb63f2a23) sw      gp, -1164(t5)
core   0: 3 0x8000d490 (0xb63f2a23) mem 0x80010000 0x00000001
core   0: 0x8000d494 (0xff9ff06f) j       pc - 0x8
core   0: 3 0x8000d494 (0xff9ff06f)
core   0: 0x8000d48c (0x00003f17) auipc   t5, 0x3
core   0: 3 0x8000d48c (0x00003f17) x30 0x8001048c
core   0: 0x8000d490 (0xb63f2a23) sw      gp, -1164(t5)
core   0: 3 0x8000d490 (0xb63f2a23) mem 0x80010000 0x00000001
core   0: 0x8000d494 (0xff9ff06f) j       pc - 0x8
core   0: 3 0x8000d494 (0xff9ff06f)
core   0: 0x8000d48c (0x00003f17) auipc   t5, 0x3
core   0: 3 0x8000d48c (0x00003f17) x30 0x8001048c
core   0: 0x8000d490 (0xb63f2a23) sw      gp, -1164(t5)
core   0: 3 0x8000d490 (0xb63f2a23) mem 0x80010000 0x00000001
core   0: 0x8000d494 (0xff9ff06f) j       pc - 0x8
core   0: 3 0x8000d494 (0xff9ff06f)
core   0: 0x8000d48c (0x00003f17) auipc   t5, 0x3
core   0: 3 0x8000d48c (0x00003f17) x30 0x8001048c
core   0: 0x8000d490 (0xb63f2a23) sw      gp, -1164(t5)
core   0: 3 0x8000d490 (0xb63f2a23) mem 0x80010000 0x00000001
core   0: 0x8000d494 (0xff9ff06f) j       pc - 0x8
core   0: 3 0x8000d494 (0xff9ff06f)
core   0: 0x8000d48c (0x00003f17) auipc   t5, 0x3
core   0: 3 0x8000d48c (0x00003f17) x30 0x8001048c
core   0: 0x8000d490 (0xb63f2a23) sw      gp, -1164(t5)
core   0: 3 0x8000d490 (0xb63f2a23) mem 0x80010000 0x00000001
core   0: 0x8000d494 (0xff9ff06f) j       pc - 0x8
core   0: 3 0x8000d494 (0xff9ff06f)
core   0: 0x8000d48c (0x00003f17) auipc   t5, 0x3
core   0: 3 0x8000d48c (0x00003f17) x30 0x8001048c
core   0: 0x8000d490 (0xb63f2a23) sw      gp, -1164(t5)
core   0: 3 0x8000d490 (0xb63f2a23) mem 0x80010000 0x00000001
core   0: 0x8000d494 (0xff9ff06f) j       pc - 0x8
core   0: 3 0x8000d494 (0xff9ff06f)
core   0: 0x8000d48c (0x00003f17) auipc   t5, 0x3
core   0: 3 0x8000d48c (0x00003f17) x30 0x8001048c
core   0: 0x8000d490 (0xb63f2a23) sw      gp, -1164(t5)
core   0: 3 0x8000d490 (0xb63f2a23) mem 0x80010000 0x00000001
core   0: 0x8000d494 (0xff9ff06f) j       pc - 0x8
core   0: 3 0x8000d494 (0xff9ff06f)
core   0: 0x8000d48c (0x00003f17) auipc   t5, 0x3
core   0: 3 0x8000d48c (0x00003f17) x30 0x8001048c
core   0: 0x8000d490 (0xb63f2a23) sw      gp, -1164(t5)
core   0: 3 0x8000d490 (0xb63f2a23) mem 0x80010000 0x00000001
core   0: 0x8000d494 (0xff9ff06f) j       pc - 0x8
core   0: 3 0x8000d494 (0xff9ff06f)
core   0: 0x8000d48c (0x00003f17) auipc   t5, 0x3
core   0: 3 0x8000d48c (0x00003f17) x30 0x8001048c
core   0: 0x8000d490 (0xb63f2a23) sw      gp, -1164(t5)
core   0: 3 0x8000d490 (0xb63f2a23) mem 0x80010000 0x00000001
core   0: 0x8000d494 (0xff9ff06f) j       pc - 0x8
core   0: 3 0x8000d494 (0xff9ff06f)
core   0: 0x8000d48c (0x00003f17) auipc   t5, 0x3
core   0: 3 0x8000d48c (0x00003f17) x30 0x8001048c
core   0: 0x8000d490 (0xb63f2a23) sw      gp, -1164(t5)
core   0: 3 0x8000d490 (0xb63f2a23) mem 0x80010000 0x00000001
core   0: 0x8000d494 (0xff9ff06f) j       pc - 0x8
core   0: 3 0x8000d494 (0xff9ff06f)
core   0: 0x8000d48c (0x00003f17) auipc   t5, 0x3
core   0: 3 0x8000d48c (0x00003f17) x30 0x8001048c
core   0: 0x8000d490 (0xb63f2a23) sw      gp, -1164(t5)
core   0: 3 0x8000d490 (0xb63f2a23) mem 0x80010000 0x00000001
core   0: 0x8000d494 (0xff9ff06f) j       pc - 0x8
core   0: 3 0x8000d494 (0xff9ff06f)
core   0: 0x8000d48c (0x00003f17) auipc   t5, 0x3
core   0: 3 0x8000d48c (0x00003f17) x30 0x8001048c
core   0: 0x8000d490 (0xb63f2a23) sw      gp, -1164(t5)
core   0: 3 0x8000d490 (0xb63f2a23) mem 0x80010000 0x00000001
core   0: 0x8000d494 (0xff9ff06f) j       pc - 0x8
core   0: 3 0x8000d494 (0xff9ff06f)
core   0: 0x8000d48c (0x00003f17) auipc   t5, 0x3
core   0: 3 0x8000d48c (0x00003f17) x30 0x8001048c
core   0: 0x8000d490 (0xb63f2a23) sw      gp, -1164(t5)
core   0: 3 0x8000d490 (0xb63f2a23) mem 0x80010000 0x00000001
core   0: 0x8000d494 (0xff9ff06f) j       pc - 0x8
core   0: 3 0x8000d494 (0xff9ff06f)
core   0: 0x8000d48c (0x00003f17) auipc   t5, 0x3
core   0: 3 0x8000d48c (0x00003f17) x30 0x8001048c
core   0: 0x8000d490 (0xb63f2a23) sw      gp, -1164(t5)
core   0: 3 0x8000d490 (0xb63f2a23) mem 0x80010000 0x00000001
core   0: 0x8000d494 (0xff9ff06f) j       pc - 0x8
core   0: 3 0x8000d494 (0xff9ff06f)
core   0: 0x8000d48c (0x00003f17) auipc   t5, 0x3
core   0: 3 0x8000d48c (0x00003f17) x30 0x8001048c
core   0: 0x8000d490 (0xb63f2a23) sw      gp, -1164(t5)
core   0: 3 0x8000d490 (0xb63f2a23) mem 0x80010000 0x00000001
core   0: 0x8000d494 (0xff9ff06f) j       pc - 0x8
core   0: 3 0x8000d494 (0xff9ff06f)
core   0: 0x8000d48c (0x00003f17) auipc   t5, 0x3
core   0: 3 0x8000d48c (0x00003f17) x30 0x8001048c
core   0: 0x8000d490 (0xb63f2a23) sw      gp, -1164(t5)
core   0: 3 0x8000d490 (0xb63f2a23) mem 0x80010000 0x00000001
core   0: 0x8000d494 (0xff9ff06f) j       pc - 0x8
core   0: 3 0x8000d494 (0xff9ff06f)
core   0: 0x8000d48c (0x00003f17) auipc   t5, 0x3
core   0: 3 0x8000d48c (0x00003f17) x30 0x8001048c
core   0: 0x8000d490 (0xb63f2a23) sw      gp, -1164(t5)
core   0: 3 0x8000d490 (0xb63f2a23) mem 0x80010000 0x00000001
core   0: 0x8000d494 (0xff9ff06f) j       pc - 0x8
core   0: 3 0x8000d494 (0xff9ff06f)
core   0: 0x8000d48c (0x00003f17) auipc   t5, 0x3
core   0: 3 0x8000d48c (0x00003f17) x30 0x8001048c
core   0: 0x8000d490 (0xb63f2a23) sw      gp, -1164(t5)
core   0: 3 0x8000d490 (0xb63f2a23) mem 0x80010000 0x00000001
core   0: 0x8000d494 (0xff9ff06f) j       pc - 0x8
core   0: 3 0x8000d494 (0xff9ff06f)
core   0: 0x8000d48c (0x00003f17) auipc   t5, 0x3
core   0: 3 0x8000d48c (0x00003f17) x30 0x8001048c
core   0: 0x8000d490 (0xb63f2a23) sw      gp, -1164(t5)
core   0: 3 0x8000d490 (0xb63f2a23) mem 0x80010000 0x00000001
core   0: 0x8000d494 (0xff9ff06f) j       pc - 0x8
core   0: 3 0x8000d494 (0xff9ff06f)
core   0: 0x8000d48c (0x00003f17) auipc   t5, 0x3
core   0: 3 0x8000d48c (0x00003f17) x30 0x8001048c
core   0: 0x8000d490 (0xb63f2a23) sw      gp, -1164(t5)
core   0: 3 0x8000d490 (0xb63f2a23) mem 0x80010000 0x00000001
core   0: 0x8000d494 (0xff9ff06f) j       pc - 0x8
core   0: 3 0x8000d494 (0xff9ff06f)
core   0: 0x8000d48c (0x00003f17) auipc   t5, 0x3
core   0: 3 0x8000d48c (0x00003f17) x30 0x8001048c
core   0: 0x8000d490 (0xb63f2a23) sw      gp, -1164(t5)
core   0: 3 0x8000d490 (0xb63f2a23) mem 0x80010000 0x00000001
core   0: 0x8000d494 (0xff9ff06f) j       pc - 0x8
core   0: 3 0x8000d494 (0xff9ff06f)
core   0: 0x8000d48c (0x00003f17) auipc   t5, 0x3
core   0: 3 0x8000d48c (0x00003f17) x30 0x8001048c
core   0: 0x8000d490 (0xb63f2a23) sw      gp, -1164(t5)
core   0: 3 0x8000d490 (0xb63f2a23) mem 0x80010000 0x00000001
core   0: 0x8000d494 (0xff9ff06f) j       pc - 0x8
core   0: 3 0x8000d494 (0xff9ff06f)
core   0: 0x8000d48c (0x00003f17) auipc   t5, 0x3
core   0: 3 0x8000d48c (0x00003f17) x30 0x8001048c
core   0: 0x8000d490 (0xb63f2a23) sw      gp, -1164(t5)
core   0: 3 0x8000d490 (0xb63f2a23) mem 0x80010000 0x00000001
core   0: 0x8000d494 (0xff9ff06f) j       pc - 0x8
core   0: 3 0x8000d494 (0xff9ff06f)
core   0: 0x8000d48c (0x00003f17) auipc   t5, 0x3
core   0: 3 0x8000d48c (0x00003f17) x30 0x8001048c
core   0: 0x8000d490 (0xb63f2a23) sw      gp, -1164(t5)
core   0: 3 0x8000d490 (0xb63f2a23) mem 0x80010000 0x00000001
core   0: 0x8000d494 (0xff9ff06f) j       pc - 0x8
core   0: 3 0x8000d494 (0xff9ff06f)
core   0: 0x8000d48c (0x00003f17) auipc   t5, 0x3
core   0: 3 0x8000d48c (0x00003f17) x30 0x8001048c
core   0: 0x8000d490 (0xb63f2a23) sw      gp, -1164(t5)
core   0: 3 0x8000d490 (0xb63f2a23) mem 0x80010000 0x00000001
core   0: 0x8000d494 (0xff9ff06f) j       pc - 0x8
core   0: 3 0x8000d494 (0xff9ff06f)
core   0: 0x8000d48c (0x00003f17) auipc   t5, 0x3
core   0: 3 0x8000d48c (0x00003f17) x30 0x8001048c
core   0: 0x8000d490 (0xb63f2a23) sw      gp, -1164(t5)
core   0: 3 0x8000d490 (0xb63f2a23) mem 0x80010000 0x00000001
core   0: 0x8000d494 (0xff9ff06f) j       pc - 0x8
core   0: 3 0x8000d494 (0xff9ff06f)
core   0: 0x8000d48c (0x00003f17) auipc   t5, 0x3
core   0: 3 0x8000d48c (0x00003f17) x30 0x8001048c
core   0: 0x8000d490 (0xb63f2a23) sw      gp, -1164(t5)
core   0: 3 0x8000d490 (0xb63f2a23) mem 0x80010000 0x00000001
core   0: 0x8000d494 (0xff9ff06f) j       pc - 0x8
core   0: 3 0x8000d494 (0xff9ff06f)
core   0: 0x8000d48c (0x00003f17) auipc   t5, 0x3
core   0: 3 0x8000d48c (0x00003f17) x30 0x8001048c
core   0: 0x8000d490 (0xb63f2a23) sw      gp, -1164(t5)
core   0: 3 0x8000d490 (0xb63f2a23) mem 0x80010000 0x00000001
core   0: 0x8000d494 (0xff9ff06f) j       pc - 0x8
core   0: 3 0x8000d494 (0xff9ff06f)
core   0: 0x8000d48c (0x00003f17) auipc   t5, 0x3
core   0: 3 0x8000d48c (0x00003f17) x30 0x8001048c
core   0: 0x8000d490 (0xb63f2a23) sw      gp, -1164(t5)
core   0: 3 0x8000d490 (0xb63f2a23) mem 0x80010000 0x00000001
core   0: 0x8000d494 (0xff9ff06f) j       pc - 0x8
core   0: 3 0x8000d494 (0xff9ff06f)
core   0: 0x8000d48c (0x00003f17) auipc   t5, 0x3
core   0: 3 0x8000d48c (0x00003f17) x30 0x8001048c
core   0: 0x8000d490 (0xb63f2a23) sw      gp, -1164(t5)
core   0: 3 0x8000d490 (0xb63f2a23) mem 0x80010000 0x00000001
core   0: 0x8000d494 (0xff9ff06f) j       pc - 0x8
core   0: 3 0x8000d494 (0xff9ff06f)
core   0: 0x8000d48c (0x00003f17) auipc   t5, 0x3
core   0: 3 0x8000d48c (0x00003f17) x30 0x8001048c
core   0: 0x8000d490 (0xb63f2a23) sw      gp, -1164(t5)
core   0: 3 0x8000d490 (0xb63f2a23) mem 0x80010000 0x00000001
core   0: 0x8000d494 (0xff9ff06f) j       pc - 0x8
core   0: 3 0x8000d494 (0xff9ff06f)
core   0: 0x8000d48c (0x00003f17) auipc   t5, 0x3
core   0: 3 0x8000d48c (0x00003f17) x30 0x8001048c
core   0: 0x8000d490 (0xb63f2a23) sw      gp, -1164(t5)
core   0: 3 0x8000d490 (0xb63f2a23) mem 0x80010000 0x00000001
core   0: 0x8000d494 (0xff9ff06f) j       pc - 0x8
core   0: 3 0x8000d494 (0xff9ff06f)
core   0: 0x8000d48c (0x00003f17) auipc   t5, 0x3
core   0: 3 0x8000d48c (0x00003f17) x30 0x8001048c
core   0: 0x8000d490 (0xb63f2a23) sw      gp, -1164(t5)
core   0: 3 0x8000d490 (0xb63f2a23) mem 0x80010000 0x00000001
core   0: 0x8000d494 (0xff9ff06f) j       pc - 0x8
core   0: 3 0x8000d494 (0xff9ff06f)
core   0: 0x8000d48c (0x00003f17) auipc   t5, 0x3
core   0: 3 0x8000d48c (0x00003f17) x30 0x8001048c
core   0: 0x8000d490 (0xb63f2a23) sw      gp, -1164(t5)
core   0: 3 0x8000d490 (0xb63f2a23) mem 0x80010000 0x00000001
core   0: 0x8000d494 (0xff9ff06f) j       pc - 0x8
core   0: 3 0x8000d494 (0xff9ff06f)
core   0: 0x8000d48c (0x00003f17) auipc   t5, 0x3
core   0: 3 0x8000d48c (0x00003f17) x30 0x8001048c
core   0: 0x8000d490 (0xb63f2a23) sw      gp, -1164(t5)
core   0: 3 0x8000d490 (0xb63f2a23) mem 0x80010000 0x00000001
core   0: 0x8000d494 (0xff9ff06f) j       pc - 0x8
core   0: 3 0x8000d494 (0xff9ff06f)
core   0: 0x8000d48c (0x00003f17) auipc   t5, 0x3
core   0: 3 0x8000d48c (0x00003f17) x30 0x8001048c
core   0: 0x8000d490 (0xb63f2a23) sw      gp, -1164(t5)
core   0: 3 0x8000d490 (0xb63f2a23) mem 0x80010000 0x00000001
core   0: 0x8000d494 (0xff9ff06f) j       pc - 0x8
core   0: 3 0x8000d494 (0xff9ff06f)
core   0: 0x8000d48c (0x00003f17) auipc   t5, 0x3
core   0: 3 0x8000d48c (0x00003f17) x30 0x8001048c
core   0: 0x8000d490 (0xb63f2a23) sw      gp, -1164(t5)
core   0: 3 0x8000d490 (0xb63f2a23) mem 0x80010000 0x00000001
core   0: 0x8000d494 (0xff9ff06f) j       pc - 0x8
core   0: 3 0x8000d494 (0xff9ff06f)
core   0: 0x8000d48c (0x00003f17) auipc   t5, 0x3
core   0: 3 0x8000d48c (0x00003f17) x30 0x8001048c
core   0: 0x8000d490 (0xb63f2a23) sw      gp, -1164(t5)
core   0: 3 0x8000d490 (0xb63f2a23) mem 0x80010000 0x00000001
core   0: 0x8000d494 (0xff9ff06f) j       pc - 0x8
core   0: 3 0x8000d494 (0xff9ff06f)
core   0: 0x8000d48c (0x00003f17) auipc   t5, 0x3
core   0: 3 0x8000d48c (0x00003f17) x30 0x8001048c
core   0: 0x8000d490 (0xb63f2a23) sw      gp, -1164(t5)
core   0: 3 0x8000d490 (0xb63f2a23) mem 0x80010000 0x00000001
core   0: 0x8000d494 (0xff9ff06f) j       pc - 0x8
core   0: 3 0x8000d494 (0xff9ff06f)
core   0: 0x8000d48c (0x00003f17) auipc   t5, 0x3
core   0: 3 0x8000d48c (0x00003f17) x30 0x8001048c
core   0: 0x8000d490 (0xb63f2a23) sw      gp, -1164(t5)
core   0: 3 0x8000d490 (0xb63f2a23) mem 0x80010000 0x00000001
core   0: 0x8000d494 (0xff9ff06f) j       pc - 0x8
core   0: 3 0x8000d494 (0xff9ff06f)
core   0: 0x8000d48c (0x00003f17) auipc   t5, 0x3
core   0: 3 0x8000d48c (0x00003f17) x30 0x8001048c
core   0: 0x8000d490 (0xb63f2a23) sw      gp, -1164(t5)
core   0: 3 0x8000d490 (0xb63f2a23) mem 0x80010000 0x00000001
core   0: 0x8000d494 (0xff9ff06f) j       pc - 0x8
core   0: 3 0x8000d494 (0xff9ff06f)
core   0: 0x8000d48c (0x00003f17) auipc   t5, 0x3
core   0: 3 0x8000d48c (0x00003f17) x30 0x8001048c
core   0: 0x8000d490 (0xb63f2a23) sw      gp, -1164(t5)
core   0: 3 0x8000d490 (0xb63f2a23) mem 0x80010000 0x00000001
core   0: 0x8000d494 (0xff9ff06f) j       pc - 0x8
core   0: 3 0x8000d494 (0xff9ff06f)
core   0: 0x8000d48c (0x00003f17) auipc   t5, 0x3
core   0: 3 0x8000d48c (0x00003f17) x30 0x8001048c
core   0: 0x8000d490 (0xb63f2a23) sw      gp, -1164(t5)
core   0: 3 0x8000d490 (0xb63f2a23) mem 0x80010000 0x00000001
core   0: 0x8000d494 (0xff9ff06f) j       pc - 0x8
core   0: 3 0x8000d494 (0xff9ff06f)
core   0: 0x8000d48c (0x00003f17) auipc   t5, 0x3
core   0: 3 0x8000d48c (0x00003f17) x30 0x8001048c
core   0: 0x8000d490 (0xb63f2a23) sw      gp, -1164(t5)
core   0: 3 0x8000d490 (0xb63f2a23) mem 0x80010000 0x00000001
core   0: 0x8000d494 (0xff9ff06f) j       pc - 0x8
core   0: 3 0x8000d494 (0xff9ff06f)
core   0: 0x8000d48c (0x00003f17) auipc   t5, 0x3
core   0: 3 0x8000d48c (0x00003f17) x30 0x8001048c
core   0: 0x8000d490 (0xb63f2a23) sw      gp, -1164(t5)
core   0: 3 0x8000d490 (0xb63f2a23) mem 0x80010000 0x00000001
core   0: 0x8000d494 (0xff9ff06f) j       pc - 0x8
core   0: 3 0x8000d494 (0xff9ff06f)
core   0: 0x8000d48c (0x00003f17) auipc   t5, 0x3
core   0: 3 0x8000d48c (0x00003f17) x30 0x8001048c
core   0: 0x8000d490 (0xb63f2a23) sw      gp, -1164(t5)
core   0: 3 0x8000d490 (0xb63f2a23) mem 0x80010000 0x00000001
core   0: 0x8000d494 (0xff9ff06f) j       pc - 0x8
core   0: 3 0x8000d494 (0xff9ff06f)
core   0: 0x8000d48c (0x00003f17) auipc   t5, 0x3
core   0: 3 0x8000d48c (0x00003f17) x30 0x8001048c
core   0: 0x8000d490 (0xb63f2a23) sw      gp, -1164(t5)
core   0: 3 0x8000d490 (0xb63f2a23) mem 0x80010000 0x00000001
core   0: 0x8000d494 (0xff9ff06f) j       pc - 0x8
core   0: 3 0x8000d494 (0xff9ff06f)
core   0: 0x8000d48c (0x00003f17) auipc   t5, 0x3
core   0: 3 0x8000d48c (0x00003f17) x30 0x8001048c
core   0: 0x8000d490 (0xb63f2a23) sw      gp, -1164(t5)
core   0: 3 0x8000d490 (0xb63f2a23) mem 0x80010000 0x00000001
core   0: 0x8000d494 (0xff9ff06f) j       pc - 0x8
core   0: 3 0x8000d494 (0xff9ff06f)
core   0: 0x8000d48c (0x00003f17) auipc   t5, 0x3
core   0: 3 0x8000d48c (0x00003f17) x30 0x8001048c
core   0: 0x8000d490 (0xb63f2a23) sw      gp, -1164(t5)
core   0: 3 0x8000d490 (0xb63f2a23) mem 0x80010000 0x00000001
core   0: 0x8000d494 (0xff9ff06f) j       pc - 0x8
core   0: 3 0x8000d494 (0xff9ff06f)
core   0: 0x8000d48c (0x00003f17) auipc   t5, 0x3
core   0: 3 0x8000d48c (0x00003f17) x30 0x8001048c
core   0: 0x8000d490 (0xb63f2a23) sw      gp, -1164(t5)
core   0: 3 0x8000d490 (0xb63f2a23) mem 0x80010000 0x00000001
core   0: 0x8000d494 (0xff9ff06f) j       pc - 0x8
core   0: 3 0x8000d494 (0xff9ff06f)
core   0: 0x8000d48c (0x00003f17) auipc   t5, 0x3
core   0: 3 0x8000d48c (0x00003f17) x30 0x8001048c
core   0: 0x8000d490 (0xb63f2a23) sw      gp, -1164(t5)
core   0: 3 0x8000d490 (0xb63f2a23) mem 0x80010000 0x00000001
core   0: 0x8000d494 (0xff9ff06f) j       pc - 0x8
core   0: 3 0x8000d494 (0xff9ff06f)
core   0: 0x8000d48c (0x00003f17) auipc   t5, 0x3
core   0: 3 0x8000d48c (0x00003f17) x30 0x8001048c
core   0: 0x8000d490 (0xb63f2a23) sw      gp, -1164(t5)
core   0: 3 0x8000d490 (0xb63f2a23) mem 0x80010000 0x00000001
core   0: 0x8000d494 (0xff9ff06f) j       pc - 0x8
core   0: 3 0x8000d494 (0xff9ff06f)
core   0: 0x8000d48c (0x00003f17) auipc   t5, 0x3
core   0: 3 0x8000d48c (0x00003f17) x30 0x8001048c
core   0: 0x8000d490 (0xb63f2a23) sw      gp, -1164(t5)
core   0: 3 0x8000d490 (0xb63f2a23) mem 0x80010000 0x00000001
core   0: 0x8000d494 (0xff9ff06f) j       pc - 0x8
core   0: 3 0x8000d494 (0xff9ff06f)
core   0: 0x8000d48c (0x00003f17) auipc   t5, 0x3
core   0: 3 0x8000d48c (0x00003f17) x30 0x8001048c
core   0: 0x8000d490 (0xb63f2a23) sw      gp, -1164(t5)
core   0: 3 0x8000d490 (0xb63f2a23) mem 0x80010000 0x00000001
core   0: 0x8000d494 (0xff9ff06f) j       pc - 0x8
core   0: 3 0x8000d494 (0xff9ff06f)
core   0: 0x8000d48c (0x00003f17) auipc   t5, 0x3
core   0: 3 0x8000d48c (0x00003f17) x30 0x8001048c
core   0: 0x8000d490 (0xb63f2a23) sw      gp, -1164(t5)
core   0: 3 0x8000d490 (0xb63f2a23) mem 0x80010000 0x00000001
core   0: 0x8000d494 (0xff9ff06f) j       pc - 0x8
core   0: 3 0x8000d494 (0xff9ff06f)
core   0: 0x8000d48c (0x00003f17) auipc   t5, 0x3
core   0: 3 0x8000d48c (0x00003f17) x30 0x8001048c
core   0: 0x8000d490 (0xb63f2a23) sw      gp, -1164(t5)
core   0: 3 0x8000d490 (0xb63f2a23) mem 0x80010000 0x00000001
core   0: 0x8000d494 (0xff9ff06f) j       pc - 0x8
core   0: 3 0x8000d494 (0xff9ff06f)
core   0: 0x8000d48c (0x00003f17) auipc   t5, 0x3
core   0: 3 0x8000d48c (0x00003f17) x30 0x8001048c
core   0: 0x8000d490 (0xb63f2a23) sw      gp, -1164(t5)
core   0: 3 0x8000d490 (0xb63f2a23) mem 0x80010000 0x00000001
core   0: 0x8000d494 (0xff9ff06f) j       pc - 0x8
core   0: 3 0x8000d494 (0xff9ff06f)
core   0: 0x8000d48c (0x00003f17) auipc   t5, 0x3
core   0: 3 0x8000d48c (0x00003f17) x30 0x8001048c
core   0: 0x8000d490 (0xb63f2a23) sw      gp, -1164(t5)
core   0: 3 0x8000d490 (0xb63f2a23) mem 0x80010000 0x00000001
core   0: 0x8000d494 (0xff9ff06f) j       pc - 0x8
core   0: 3 0x8000d494 (0xff9ff06f)
core   0: 0x8000d48c (0x00003f17) auipc   t5, 0x3
core   0: 3 0x8000d48c (0x00003f17) x30 0x8001048c
core   0: 0x8000d490 (0xb63f2a23) sw      gp, -1164(t5)
core   0: 3 0x8000d490 (0xb63f2a23) mem 0x80010000 0x00000001
core   0: 0x8000d494 (0xff9ff06f) j       pc - 0x8
core   0: 3 0x8000d494 (0xff9ff06f)
core   0: 0x8000d48c (0x00003f17) auipc   t5, 0x3
core   0: 3 0x8000d48c (0x00003f17) x30 0x8001048c
core   0: 0x8000d490 (0xb63f2a23) sw      gp, -1164(t5)
core   0: 3 0x8000d490 (0xb63f2a23) mem 0x80010000 0x00000001
core   0: 0x8000d494 (0xff9ff06f) j       pc - 0x8
core   0: 3 0x8000d494 (0xff9ff06f)
core   0: 0x8000d48c (0x00003f17) auipc   t5, 0x3
core   0: 3 0x8000d48c (0x00003f17) x30 0x8001048c
core   0: 0x8000d490 (0xb63f2a23) sw      gp, -1164(t5)
core   0: 3 0x8000d490 (0xb63f2a23) mem 0x80010000 0x00000001
core   0: 0x8000d494 (0xff9ff06f) j       pc - 0x8
core   0: 3 0x8000d494 (0xff9ff06f)
core   0: 0x8000d48c (0x00003f17) auipc   t5, 0x3
core   0: 3 0x8000d48c (0x00003f17) x30 0x8001048c
core   0: 0x8000d490 (0xb63f2a23) sw      gp, -1164(t5)
core   0: 3 0x8000d490 (0xb63f2a23) mem 0x80010000 0x00000001
core   0: 0x8000d494 (0xff9ff06f) j       pc - 0x8
core   0: 3 0x8000d494 (0xff9ff06f)
core   0: 0x8000d48c (0x00003f17) auipc   t5, 0x3
core   0: 3 0x8000d48c (0x00003f17) x30 0x8001048c
core   0: 0x8000d490 (0xb63f2a23) sw      gp, -1164(t5)
core   0: 3 0x8000d490 (0xb63f2a23) mem 0x80010000 0x00000001
core   0: 0x8000d494 (0xff9ff06f) j       pc - 0x8
core   0: 3 0x8000d494 (0xff9ff06f)
core   0: 0x8000d48c (0x00003f17) auipc   t5, 0x3
core   0: 3 0x8000d48c (0x00003f17) x30 0x8001048c
core   0: 0x8000d490 (0xb63f2a23) sw      gp, -1164(t5)
core   0: 3 0x8000d490 (0xb63f2a23) mem 0x80010000 0x00000001
core   0: 0x8000d494 (0xff9ff06f) j       pc - 0x8
core   0: 3 0x8000d494 (0xff9ff06f)
core   0: 0x8000d48c (0x00003f17) auipc   t5, 0x3
core   0: 3 0x8000d48c (0x00003f17) x30 0x8001048c
core   0: 0x8000d490 (0xb63f2a23) sw      gp, -1164(t5)
core   0: 3 0x8000d490 (0xb63f2a23) mem 0x80010000 0x00000001
core   0: 0x8000d494 (0xff9ff06f) j       pc - 0x8
core   0: 3 0x8000d494 (0xff9ff06f)
core   0: 0x8000d48c (0x00003f17) auipc   t5, 0x3
core   0: 3 0x8000d48c (0x00003f17) x30 0x8001048c
core   0: 0x8000d490 (0xb63f2a23) sw      gp, -1164(t5)
core   0: 3 0x8000d490 (0xb63f2a23) mem 0x80010000 0x00000001
core   0: 0x8000d494 (0xff9ff06f) j       pc - 0x8
core   0: 3 0x8000d494 (0xff9ff06f)
core   0: 0x8000d48c (0x00003f17) auipc   t5, 0x3
core   0: 3 0x8000d48c (0x00003f17) x30 0x8001048c
core   0: 0x8000d490 (0xb63f2a23) sw      gp, -1164(t5)
core   0: 3 0x8000d490 (0xb63f2a23) mem 0x80010000 0x00000001
core   0: 0x8000d494 (0xff9ff06f) j       pc - 0x8
core   0: 3 0x8000d494 (0xff9ff06f)
core   0: 0x8000d48c (0x00003f17) auipc   t5, 0x3
core   0: 3 0x8000d48c (0x00003f17) x30 0x8001048c
core   0: 0x8000d490 (0xb63f2a23) sw      gp, -1164(t5)
core   0: 3 0x8000d490 (0xb63f2a23) mem 0x80010000 0x00000001
core   0: 0x8000d494 (0xff9ff06f) j       pc - 0x8
core   0: 3 0x8000d494 (0xff9ff06f)
core   0: 0x8000d48c (0x00003f17) auipc   t5, 0x3
core   0: 3 0x8000d48c (0x00003f17) x30 0x8001048c
core   0: 0x8000d490 (0xb63f2a23) sw      gp, -1164(t5)
core   0: 3 0x8000d490 (0xb63f2a23) mem 0x80010000 0x00000001
core   0: 0x8000d494 (0xff9ff06f) j       pc - 0x8
core   0: 3 0x8000d494 (0xff9ff06f)
core   0: 0x8000d48c (0x00003f17) auipc   t5, 0x3
core   0: 3 0x8000d48c (0x00003f17) x30 0x8001048c
core   0: 0x8000d490 (0xb63f2a23) sw      gp, -1164(t5)
core   0: 3 0x8000d490 (0xb63f2a23) mem 0x80010000 0x00000001
core   0: 0x8000d494 (0xff9ff06f) j       pc - 0x8
core   0: 3 0x8000d494 (0xff9ff06f)
core   0: 0x8000d48c (0x00003f17) auipc   t5, 0x3
core   0: 3 0x8000d48c (0x00003f17) x30 0x8001048c
core   0: 0x8000d490 (0xb63f2a23) sw      gp, -1164(t5)
core   0: 3 0x8000d490 (0xb63f2a23) mem 0x80010000 0x00000001
core   0: 0x8000d494 (0xff9ff06f) j       pc - 0x8
core   0: 3 0x8000d494 (0xff9ff06f)
core   0: 0x8000d48c (0x00003f17) auipc   t5, 0x3
core   0: 3 0x8000d48c (0x00003f17) x30 0x8001048c
core   0: 0x8000d490 (0xb63f2a23) sw      gp, -1164(t5)
core   0: 3 0x8000d490 (0xb63f2a23) mem 0x80010000 0x00000001
core   0: 0x8000d494 (0xff9ff06f) j       pc - 0x8
core   0: 3 0x8000d494 (0xff9ff06f)
core   0: 0x8000d48c (0x00003f17) auipc   t5, 0x3
core   0: 3 0x8000d48c (0x00003f17) x30 0x8001048c
core   0: 0x8000d490 (0xb63f2a23) sw      gp, -1164(t5)
core   0: 3 0x8000d490 (0xb63f2a23) mem 0x80010000 0x00000001
core   0: 0x8000d494 (0xff9ff06f) j       pc - 0x8
core   0: 3 0x8000d494 (0xff9ff06f)
core   0: 0x8000d48c (0x00003f17) auipc   t5, 0x3
core   0: 3 0x8000d48c (0x00003f17) x30 0x8001048c
core   0: 0x8000d490 (0xb63f2a23) sw      gp, -1164(t5)
core   0: 3 0x8000d490 (0xb63f2a23) mem 0x80010000 0x00000001
core   0: 0x8000d494 (0xff9ff06f) j       pc - 0x8
core   0: 3 0x8000d494 (0xff9ff06f)
core   0: 0x8000d48c (0x00003f17) auipc   t5, 0x3
core   0: 3 0x8000d48c (0x00003f17) x30 0x8001048c
core   0: 0x8000d490 (0xb63f2a23) sw      gp, -1164(t5)
core   0: 3 0x8000d490 (0xb63f2a23) mem 0x80010000 0x00000001
core   0: 0x8000d494 (0xff9ff06f) j       pc - 0x8
core   0: 3 0x8000d494 (0xff9ff06f)
core   0: 0x8000d48c (0x00003f17) auipc   t5, 0x3
core   0: 3 0x8000d48c (0x00003f17) x30 0x8001048c
core   0: 0x8000d490 (0xb63f2a23) sw      gp, -1164(t5)
core   0: 3 0x8000d490 (0xb63f2a23) mem 0x80010000 0x00000001
core   0: 0x8000d494 (0xff9ff06f) j       pc - 0x8
core   0: 3 0x8000d494 (0xff9ff06f)
core   0: 0x8000d48c (0x00003f17) auipc   t5, 0x3
core   0: 3 0x8000d48c (0x00003f17) x30 0x8001048c
core   0: 0x8000d490 (0xb63f2a23) sw      gp, -1164(t5)
core   0: 3 0x8000d490 (0xb63f2a23) mem 0x80010000 0x00000001
core   0: 0x8000d494 (0xff9ff06f) j       pc - 0x8
core   0: 3 0x8000d494 (0xff9ff06f)
core   0: 0x8000d48c (0x00003f17) auipc   t5, 0x3
core   0: 3 0x8000d48c (0x00003f17) x30 0x8001048c
core   0: 0x8000d490 (0xb63f2a23) sw      gp, -1164(t5)
core   0: 3 0x8000d490 (0xb63f2a23) mem 0x80010000 0x00000001
core   0: 0x8000d494 (0xff9ff06f) j       pc - 0x8
core   0: 3 0x8000d494 (0xff9ff06f)
core   0: 0x8000d48c (0x00003f17) auipc   t5, 0x3
core   0: 3 0x8000d48c (0x00003f17) x30 0x8001048c
core   0: 0x8000d490 (0xb63f2a23) sw      gp, -1164(t5)
core   0: 3 0x8000d490 (0xb63f2a23) mem 0x80010000 0x00000001
core   0: 0x8000d494 (0xff9ff06f) j       pc - 0x8
core   0: 3 0x8000d494 (0xff9ff06f)
core   0: 0x8000d48c (0x00003f17) auipc   t5, 0x3
core   0: 3 0x8000d48c (0x00003f17) x30 0x8001048c
core   0: 0x8000d490 (0xb63f2a23) sw      gp, -1164(t5)
core   0: 3 0x8000d490 (0xb63f2a23) mem 0x80010000 0x00000001
core   0: 0x8000d494 (0xff9ff06f) j       pc - 0x8
core   0: 3 0x8000d494 (0xff9ff06f)
core   0: 0x8000d48c (0x00003f17) auipc   t5, 0x3
core   0: 3 0x8000d48c (0x00003f17) x30 0x8001048c
core   0: 0x8000d490 (0xb63f2a23) sw      gp, -1164(t5)
core   0: 3 0x8000d490 (0xb63f2a23) mem 0x80010000 0x00000001
core   0: 0x8000d494 (0xff9ff06f) j       pc - 0x8
core   0: 3 0x8000d494 (0xff9ff06f)
core   0: 0x8000d48c (0x00003f17) auipc   t5, 0x3
core   0: 3 0x8000d48c (0x00003f17) x30 0x8001048c
core   0: 0x8000d490 (0xb63f2a23) sw      gp, -1164(t5)
core   0: 3 0x8000d490 (0xb63f2a23) mem 0x80010000 0x00000001
core   0: 0x8000d494 (0xff9ff06f) j       pc - 0x8
core   0: 3 0x8000d494 (0xff9ff06f)
core   0: 0x8000d48c (0x00003f17) auipc   t5, 0x3
core   0: 3 0x8000d48c (0x00003f17) x30 0x8001048c
core   0: 0x8000d490 (0xb63f2a23) sw      gp, -1164(t5)
core   0: 3 0x8000d490 (0xb63f2a23) mem 0x80010000 0x00000001
core   0: 0x8000d494 (0xff9ff06f) j       pc - 0x8
core   0: 3 0x8000d494 (0xff9ff06f)
core   0: 0x8000d48c (0x00003f17) auipc   t5, 0x3
core   0: 3 0x8000d48c (0x00003f17) x30 0x8001048c
core   0: 0x8000d490 (0xb63f2a23) sw      gp, -1164(t5)
core   0: 3 0x8000d490 (0xb63f2a23) mem 0x80010000 0x00000001
core   0: 0x8000d494 (0xff9ff06f) j       pc - 0x8
core   0: 3 0x8000d494 (0xff9ff06f)
core   0: 0x8000d48c (0x00003f17) auipc   t5, 0x3
core   0: 3 0x8000d48c (0x00003f17) x30 0x8001048c
core   0: 0x8000d490 (0xb63f2a23) sw      gp, -1164(t5)
core   0: 3 0x8000d490 (0xb63f2a23) mem 0x80010000 0x00000001
core   0: 0x8000d494 (0xff9ff06f) j       pc - 0x8
core   0: 3 0x8000d494 (0xff9ff06f)
core   0: 0x8000d48c (0x00003f17) auipc   t5, 0x3
core   0: 3 0x8000d48c (0x00003f17) x30 0x8001048c
core   0: 0x8000d490 (0xb63f2a23) sw      gp, -1164(t5)
core   0: 3 0x8000d490 (0xb63f2a23) mem 0x80010000 0x00000001
core   0: 0x8000d494 (0xff9ff06f) j       pc - 0x8
core   0: 3 0x8000d494 (0xff9ff06f)
core   0: 0x8000d48c (0x00003f17) auipc   t5, 0x3
core   0: 3 0x8000d48c (0x00003f17) x30 0x8001048c
core   0: 0x8000d490 (0xb63f2a23) sw      gp, -1164(t5)
core   0: 3 0x8000d490 (0xb63f2a23) mem 0x80010000 0x00000001
core   0: 0x8000d494 (0xff9ff06f) j       pc - 0x8
core   0: 3 0x8000d494 (0xff9ff06f)
core   0: 0x8000d48c (0x00003f17) auipc   t5, 0x3
core   0: 3 0x8000d48c (0x00003f17) x30 0x8001048c
core   0: 0x8000d490 (0xb63f2a23) sw      gp, -1164(t5)
core   0: 3 0x8000d490 (0xb63f2a23) mem 0x80010000 0x00000001
core   0: 0x8000d494 (0xff9ff06f) j       pc - 0x8
core   0: 3 0x8000d494 (0xff9ff06f)
core   0: 0x8000d48c (0x00003f17) auipc   t5, 0x3
core   0: 3 0x8000d48c (0x00003f17) x30 0x8001048c
core   0: 0x8000d490 (0xb63f2a23) sw      gp, -1164(t5)
core   0: 3 0x8000d490 (0xb63f2a23) mem 0x80010000 0x00000001
core   0: 0x8000d494 (0xff9ff06f) j       pc - 0x8
core   0: 3 0x8000d494 (0xff9ff06f)
core   0: 0x8000d48c (0x00003f17) auipc   t5, 0x3
core   0: 3 0x8000d48c (0x00003f17) x30 0x8001048c
core   0: 0x8000d490 (0xb63f2a23) sw      gp, -1164(t5)
core   0: 3 0x8000d490 (0xb63f2a23) mem 0x80010000 0x00000001
core   0: 0x8000d494 (0xff9ff06f) j       pc - 0x8
core   0: 3 0x8000d494 (0xff9ff06f)
core   0: 0x8000d48c (0x00003f17) auipc   t5, 0x3
core   0: 3 0x8000d48c (0x00003f17) x30 0x8001048c
core   0: 0x8000d490 (0xb63f2a23) sw      gp, -1164(t5)
core   0: 3 0x8000d490 (0xb63f2a23) mem 0x80010000 0x00000001
core   0: 0x8000d494 (0xff9ff06f) j       pc - 0x8
core   0: 3 0x8000d494 (0xff9ff06f)
core   0: 0x8000d48c (0x00003f17) auipc   t5, 0x3
core   0: 3 0x8000d48c (0x00003f17) x30 0x8001048c
core   0: 0x8000d490 (0xb63f2a23) sw      gp, -1164(t5)
core   0: 3 0x8000d490 (0xb63f2a23) mem 0x80010000 0x00000001
core   0: 0x8000d494 (0xff9ff06f) j       pc - 0x8
core   0: 3 0x8000d494 (0xff9ff06f)
core   0: 0x8000d48c (0x00003f17) auipc   t5, 0x3
core   0: 3 0x8000d48c (0x00003f17) x30 0x8001048c
core   0: 0x8000d490 (0xb63f2a23) sw      gp, -1164(t5)
core   0: 3 0x8000d490 (0xb63f2a23) mem 0x80010000 0x00000001
core   0: 0x8000d494 (0xff9ff06f) j       pc - 0x8
core   0: 3 0x8000d494 (0xff9ff06f)
core   0: 0x8000d48c (0x00003f17) auipc   t5, 0x3
core   0: 3 0x8000d48c (0x00003f17) x30 0x8001048c
core   0: 0x8000d490 (0xb63f2a23) sw      gp, -1164(t5)
core   0: 3 0x8000d490 (0xb63f2a23) mem 0x80010000 0x00000001
core   0: 0x8000d494 (0xff9ff06f) j       pc - 0x8
core   0: 3 0x8000d494 (0xff9ff06f)
core   0: 0x8000d48c (0x00003f17) auipc   t5, 0x3
core   0: 3 0x8000d48c (0x00003f17) x30 0x8001048c
core   0: 0x8000d490 (0xb63f2a23) sw      gp, -1164(t5)
core   0: 3 0x8000d490 (0xb63f2a23) mem 0x80010000 0x00000001
core   0: 0x8000d494 (0xff9ff06f) j       pc - 0x8
core   0: 3 0x8000d494 (0xff9ff06f)
core   0: 0x8000d48c (0x00003f17) auipc   t5, 0x3
core   0: 3 0x8000d48c (0x00003f17) x30 0x8001048c
core   0: 0x8000d490 (0xb63f2a23) sw      gp, -1164(t5)
core   0: 3 0x8000d490 (0xb63f2a23) mem 0x80010000 0x00000001
core   0: 0x8000d494 (0xff9ff06f) j       pc - 0x8
core   0: 3 0x8000d494 (0xff9ff06f)
core   0: 0x8000d48c (0x00003f17) auipc   t5, 0x3
core   0: 3 0x8000d48c (0x00003f17) x30 0x8001048c
core   0: 0x8000d490 (0xb63f2a23) sw      gp, -1164(t5)
core   0: 3 0x8000d490 (0xb63f2a23) mem 0x80010000 0x00000001
core   0: 0x8000d494 (0xff9ff06f) j       pc - 0x8
core   0: 3 0x8000d494 (0xff9ff06f)
core   0: 0x8000d48c (0x00003f17) auipc   t5, 0x3
core   0: 3 0x8000d48c (0x00003f17) x30 0x8001048c
core   0: 0x8000d490 (0xb63f2a23) sw      gp, -1164(t5)
core   0: 3 0x8000d490 (0xb63f2a23) mem 0x80010000 0x00000001
core   0: 0x8000d494 (0xff9ff06f) j       pc - 0x8
core   0: 3 0x8000d494 (0xff9ff06f)
core   0: 0x8000d48c (0x00003f17) auipc   t5, 0x3
core   0: 3 0x8000d48c (0x00003f17) x30 0x8001048c
core   0: 0x8000d490 (0xb63f2a23) sw      gp, -1164(t5)
core   0: 3 0x8000d490 (0xb63f2a23) mem 0x80010000 0x00000001
core   0: 0x8000d494 (0xff9ff06f) j       pc - 0x8
core   0: 3 0x8000d494 (0xff9ff06f)
core   0: 0x8000d48c (0x00003f17) auipc   t5, 0x3
core   0: 3 0x8000d48c (0x00003f17) x30 0x8001048c
core   0: 0x8000d490 (0xb63f2a23) sw      gp, -1164(t5)
core   0: 3 0x8000d490 (0xb63f2a23) mem 0x80010000 0x00000001
core   0: 0x8000d494 (0xff9ff06f) j       pc - 0x8
core   0: 3 0x8000d494 (0xff9ff06f)
core   0: 0x8000d48c (0x00003f17) auipc   t5, 0x3
core   0: 3 0x8000d48c (0x00003f17) x30 0x8001048c
core   0: 0x8000d490 (0xb63f2a23) sw      gp, -1164(t5)
core   0: 3 0x8000d490 (0xb63f2a23) mem 0x80010000 0x00000001
core   0: 0x8000d494 (0xff9ff06f) j       pc - 0x8
core   0: 3 0x8000d494 (0xff9ff06f)
core   0: 0x8000d48c (0x00003f17) auipc   t5, 0x3
core   0: 3 0x8000d48c (0x00003f17) x30 0x8001048c
core   0: 0x8000d490 (0xb63f2a23) sw      gp, -1164(t5)
core   0: 3 0x8000d490 (0xb63f2a23) mem 0x80010000 0x00000001
core   0: 0x8000d494 (0xff9ff06f) j       pc - 0x8
core   0: 3 0x8000d494 (0xff9ff06f)
core   0: 0x8000d48c (0x00003f17) auipc   t5, 0x3
core   0: 3 0x8000d48c (0x00003f17) x30 0x8001048c
core   0: 0x8000d490 (0xb63f2a23) sw      gp, -1164(t5)
core   0: 3 0x8000d490 (0xb63f2a23) mem 0x80010000 0x00000001
core   0: 0x8000d494 (0xff9ff06f) j       pc - 0x8
core   0: 3 0x8000d494 (0xff9ff06f)
core   0: 0x8000d48c (0x00003f17) auipc   t5, 0x3
core   0: 3 0x8000d48c (0x00003f17) x30 0x8001048c
core   0: 0x8000d490 (0xb63f2a23) sw      gp, -1164(t5)
core   0: 3 0x8000d490 (0xb63f2a23) mem 0x80010000 0x00000001
core   0: 0x8000d494 (0xff9ff06f) j       pc - 0x8
core   0: 3 0x8000d494 (0xff9ff06f)
core   0: 0x8000d48c (0x00003f17) auipc   t5, 0x3
core   0: 3 0x8000d48c (0x00003f17) x30 0x8001048c
core   0: 0x8000d490 (0xb63f2a23) sw      gp, -1164(t5)
core   0: 3 0x8000d490 (0xb63f2a23) mem 0x80010000 0x00000001
core   0: 0x8000d494 (0xff9ff06f) j       pc - 0x8
core   0: 3 0x8000d494 (0xff9ff06f)
core   0: 0x8000d48c (0x00003f17) auipc   t5, 0x3
core   0: 3 0x8000d48c (0x00003f17) x30 0x8001048c
core   0: 0x8000d490 (0xb63f2a23) sw      gp, -1164(t5)
core   0: 3 0x8000d490 (0xb63f2a23) mem 0x80010000 0x00000001
core   0: 0x8000d494 (0xff9ff06f) j       pc - 0x8
core   0: 3 0x8000d494 (0xff9ff06f)
core   0: 0x8000d48c (0x00003f17) auipc   t5, 0x3
core   0: 3 0x8000d48c (0x00003f17) x30 0x8001048c
core   0: 0x8000d490 (0xb63f2a23) sw      gp, -1164(t5)
core   0: 3 0x8000d490 (0xb63f2a23) mem 0x80010000 0x00000001
core   0: 0x8000d494 (0xff9ff06f) j       pc - 0x8
core   0: 3 0x8000d494 (0xff9ff06f)
core   0: 0x8000d48c (0x00003f17) auipc   t5, 0x3
core   0: 3 0x8000d48c (0x00003f17) x30 0x8001048c
core   0: 0x8000d490 (0xb63f2a23) sw      gp, -1164(t5)
core   0: 3 0x8000d490 (0xb63f2a23) mem 0x80010000 0x00000001
core   0: 0x8000d494 (0xff9ff06f) j       pc - 0x8
core   0: 3 0x8000d494 (0xff9ff06f)
core   0: 0x8000d48c (0x00003f17) auipc   t5, 0x3
core   0: 3 0x8000d48c (0x00003f17) x30 0x8001048c
core   0: 0x8000d490 (0xb63f2a23) sw      gp, -1164(t5)
core   0: 3 0x8000d490 (0xb63f2a23) mem 0x80010000 0x00000001
core   0: 0x8000d494 (0xff9ff06f) j       pc - 0x8
core   0: 3 0x8000d494 (0xff9ff06f)
core   0: 0x8000d48c (0x00003f17) auipc   t5, 0x3
core   0: 3 0x8000d48c (0x00003f17) x30 0x8001048c
core   0: 0x8000d490 (0xb63f2a23) sw      gp, -1164(t5)
core   0: 3 0x8000d490 (0xb63f2a23) mem 0x80010000 0x00000001
core   0: 0x8000d494 (0xff9ff06f) j       pc - 0x8
core   0: 3 0x8000d494 (0xff9ff06f)
core   0: 0x8000d48c (0x00003f17) auipc   t5, 0x3
core   0: 3 0x8000d48c (0x00003f17) x30 0x8001048c
core   0: 0x8000d490 (0xb63f2a23) sw      gp, -1164(t5)
core   0: 3 0x8000d490 (0xb63f2a23) mem 0x80010000 0x00000001
core   0: 0x8000d494 (0xff9ff06f) j       pc - 0x8
core   0: 3 0x8000d494 (0xff9ff06f)
core   0: 0x8000d48c (0x00003f17) auipc   t5, 0x3
core   0: 3 0x8000d48c (0x00003f17) x30 0x8001048c
core   0: 0x8000d490 (0xb63f2a23) sw      gp, -1164(t5)
core   0: 3 0x8000d490 (0xb63f2a23) mem 0x80010000 0x00000001
core   0: 0x8000d494 (0xff9ff06f) j       pc - 0x8
core   0: 3 0x8000d494 (0xff9ff06f)
core   0: 0x8000d48c (0x00003f17) auipc   t5, 0x3
core   0: 3 0x8000d48c (0x00003f17) x30 0x8001048c
core   0: 0x8000d490 (0xb63f2a23) sw      gp, -1164(t5)
core   0: 3 0x8000d490 (0xb63f2a23) mem 0x80010000 0x00000001
core   0: 0x8000d494 (0xff9ff06f) j       pc - 0x8
core   0: 3 0x8000d494 (0xff9ff06f)
core   0: 0x8000d48c (0x00003f17) auipc   t5, 0x3
core   0: 3 0x8000d48c (0x00003f17) x30 0x8001048c
core   0: 0x8000d490 (0xb63f2a23) sw      gp, -1164(t5)
core   0: 3 0x8000d490 (0xb63f2a23) mem 0x80010000 0x00000001
core   0: 0x8000d494 (0xff9ff06f) j       pc - 0x8
core   0: 3 0x8000d494 (0xff9ff06f)
core   0: 0x8000d48c (0x00003f17) auipc   t5, 0x3
core   0: 3 0x8000d48c (0x00003f17) x30 0x8001048c
core   0: 0x8000d490 (0xb63f2a23) sw      gp, -1164(t5)
core   0: 3 0x8000d490 (0xb63f2a23) mem 0x80010000 0x00000001
core   0: 0x8000d494 (0xff9ff06f) j       pc - 0x8
core   0: 3 0x8000d494 (0xff9ff06f)
core   0: 0x8000d48c (0x00003f17) auipc   t5, 0x3
core   0: 3 0x8000d48c (0x00003f17) x30 0x8001048c
core   0: 0x8000d490 (0xb63f2a23) sw      gp, -1164(t5)
core   0: 3 0x8000d490 (0xb63f2a23) mem 0x80010000 0x00000001
core   0: 0x8000d494 (0xff9ff06f) j       pc - 0x8
core   0: 3 0x8000d494 (0xff9ff06f)
core   0: 0x8000d48c (0x00003f17) auipc   t5, 0x3
core   0: 3 0x8000d48c (0x00003f17) x30 0x8001048c
core   0: 0x8000d490 (0xb63f2a23) sw      gp, -1164(t5)
core   0: 3 0x8000d490 (0xb63f2a23) mem 0x80010000 0x00000001
core   0: 0x8000d494 (0xff9ff06f) j       pc - 0x8
core   0: 3 0x8000d494 (0xff9ff06f)
core   0: 0x8000d48c (0x00003f17) auipc   t5, 0x3
core   0: 3 0x8000d48c (0x00003f17) x30 0x8001048c
core   0: 0x8000d490 (0xb63f2a23) sw      gp, -1164(t5)
core   0: 3 0x8000d490 (0xb63f2a23) mem 0x80010000 0x00000001
core   0: 0x8000d494 (0xff9ff06f) j       pc - 0x8
core   0: 3 0x8000d494 (0xff9ff06f)
core   0: 0x8000d48c (0x00003f17) auipc   t5, 0x3
core   0: 3 0x8000d48c (0x00003f17) x30 0x8001048c
core   0: 0x8000d490 (0xb63f2a23) sw      gp, -1164(t5)
core   0: 3 0x8000d490 (0xb63f2a23) mem 0x80010000 0x00000001
core   0: 0x8000d494 (0xff9ff06f) j       pc - 0x8
core   0: 3 0x8000d494 (0xff9ff06f)
core   0: 0x8000d48c (0x00003f17) auipc   t5, 0x3
core   0: 3 0x8000d48c (0x00003f17) x30 0x8001048c
core   0: 0x8000d490 (0xb63f2a23) sw      gp, -1164(t5)
core   0: 3 0x8000d490 (0xb63f2a23) mem 0x80010000 0x00000001
core   0: 0x8000d494 (0xff9ff06f) j       pc - 0x8
core   0: 3 0x8000d494 (0xff9ff06f)
core   0: 0x8000d48c (0x00003f17) auipc   t5, 0x3
core   0: 3 0x8000d48c (0x00003f17) x30 0x8001048c
core   0: 0x8000d490 (0xb63f2a23) sw      gp, -1164(t5)
core   0: 3 0x8000d490 (0xb63f2a23) mem 0x80010000 0x00000001
core   0: 0x8000d494 (0xff9ff06f) j       pc - 0x8
core   0: 3 0x8000d494 (0xff9ff06f)
core   0: 0x8000d48c (0x00003f17) auipc   t5, 0x3
core   0: 3 0x8000d48c (0x00003f17) x30 0x8001048c
core   0: 0x8000d490 (0xb63f2a23) sw      gp, -1164(t5)
core   0: 3 0x8000d490 (0xb63f2a23) mem 0x80010000 0x00000001
core   0: 0x8000d494 (0xff9ff06f) j       pc - 0x8
core   0: 3 0x8000d494 (0xff9ff06f)
core   0: 0x8000d48c (0x00003f17) auipc   t5, 0x3
core   0: 3 0x8000d48c (0x00003f17) x30 0x8001048c
core   0: 0x8000d490 (0xb63f2a23) sw      gp, -1164(t5)
core   0: 3 0x8000d490 (0xb63f2a23) mem 0x80010000 0x00000001
core   0: 0x8000d494 (0xff9ff06f) j       pc - 0x8
core   0: 3 0x8000d494 (0xff9ff06f)
core   0: 0x8000d48c (0x00003f17) auipc   t5, 0x3
core   0: 3 0x8000d48c (0x00003f17) x30 0x8001048c
core   0: 0x8000d490 (0xb63f2a23) sw      gp, -1164(t5)
core   0: 3 0x8000d490 (0xb63f2a23) mem 0x80010000 0x00000001
core   0: 0x8000d494 (0xff9ff06f) j       pc - 0x8
core   0: 3 0x8000d494 (0xff9ff06f)
core   0: 0x8000d48c (0x00003f17) auipc   t5, 0x3
core   0: 3 0x8000d48c (0x00003f17) x30 0x8001048c
core   0: 0x8000d490 (0xb63f2a23) sw      gp, -1164(t5)
core   0: 3 0x8000d490 (0xb63f2a23) mem 0x80010000 0x00000001
core   0: 0x8000d494 (0xff9ff06f) j       pc - 0x8
core   0: 3 0x8000d494 (0xff9ff06f)
core   0: 0x8000d48c (0x00003f17) auipc   t5, 0x3
core   0: 3 0x8000d48c (0x00003f17) x30 0x8001048c
core   0: 0x8000d490 (0xb63f2a23) sw      gp, -1164(t5)
core   0: 3 0x8000d490 (0xb63f2a23) mem 0x80010000 0x00000001
core   0: 0x8000d494 (0xff9ff06f) j       pc - 0x8
core   0: 3 0x8000d494 (0xff9ff06f)
core   0: 0x8000d48c (0x00003f17) auipc   t5, 0x3
core   0: 3 0x8000d48c (0x00003f17) x30 0x8001048c
core   0: 0x8000d490 (0xb63f2a23) sw      gp, -1164(t5)
core   0: 3 0x8000d490 (0xb63f2a23) mem 0x80010000 0x00000001
core   0: 0x8000d494 (0xff9ff06f) j       pc - 0x8
core   0: 3 0x8000d494 (0xff9ff06f)
core   0: 0x8000d48c (0x00003f17) auipc   t5, 0x3
core   0: 3 0x8000d48c (0x00003f17) x30 0x8001048c
core   0: 0x8000d490 (0xb63f2a23) sw      gp, -1164(t5)
core   0: 3 0x8000d490 (0xb63f2a23) mem 0x80010000 0x00000001
core   0: 0x8000d494 (0xff9ff06f) j       pc - 0x8
core   0: 3 0x8000d494 (0xff9ff06f)
core   0: 0x8000d48c (0x00003f17) auipc   t5, 0x3
core   0: 3 0x8000d48c (0x00003f17) x30 0x8001048c
core   0: 0x8000d490 (0xb63f2a23) sw      gp, -1164(t5)
core   0: 3 0x8000d490 (0xb63f2a23) mem 0x80010000 0x00000001
core   0: 0x8000d494 (0xff9ff06f) j       pc - 0x8
core   0: 3 0x8000d494 (0xff9ff06f)
core   0: 0x8000d48c (0x00003f17) auipc   t5, 0x3
core   0: 3 0x8000d48c (0x00003f17) x30 0x8001048c
core   0: 0x8000d490 (0xb63f2a23) sw      gp, -1164(t5)
core   0: 3 0x8000d490 (0xb63f2a23) mem 0x80010000 0x00000001
core   0: 0x8000d494 (0xff9ff06f) j       pc - 0x8
core   0: 3 0x8000d494 (0xff9ff06f)
core   0: 0x8000d48c (0x00003f17) auipc   t5, 0x3
core   0: 3 0x8000d48c (0x00003f17) x30 0x8001048c
core   0: 0x8000d490 (0xb63f2a23) sw      gp, -1164(t5)
core   0: 3 0x8000d490 (0xb63f2a23) mem 0x80010000 0x00000001
core   0: 0x8000d494 (0xff9ff06f) j       pc - 0x8
core   0: 3 0x8000d494 (0xff9ff06f)
core   0: 0x8000d48c (0x00003f17) auipc   t5, 0x3
core   0: 3 0x8000d48c (0x00003f17) x30 0x8001048c
core   0: 0x8000d490 (0xb63f2a23) sw      gp, -1164(t5)
core   0: 3 0x8000d490 (0xb63f2a23) mem 0x80010000 0x00000001
core   0: 0x8000d494 (0xff9ff06f) j       pc - 0x8
core   0: 3 0x8000d494 (0xff9ff06f)
core   0: 0x8000d48c (0x00003f17) auipc   t5, 0x3
core   0: 3 0x8000d48c (0x00003f17) x30 0x8001048c
core   0: 0x8000d490 (0xb63f2a23) sw      gp, -1164(t5)
core   0: 3 0x8000d490 (0xb63f2a23) mem 0x80010000 0x00000001
core   0: 0x8000d494 (0xff9ff06f) j       pc - 0x8
core   0: 3 0x8000d494 (0xff9ff06f)
core   0: 0x8000d48c (0x00003f17) auipc   t5, 0x3
core   0: 3 0x8000d48c (0x00003f17) x30 0x8001048c
core   0: 0x8000d490 (0xb63f2a23) sw      gp, -1164(t5)
core   0: 3 0x8000d490 (0xb63f2a23) mem 0x80010000 0x00000001
core   0: 0x8000d494 (0xff9ff06f) j       pc - 0x8
core   0: 3 0x8000d494 (0xff9ff06f)
core   0: 0x8000d48c (0x00003f17) auipc   t5, 0x3
core   0: 3 0x8000d48c (0x00003f17) x30 0x8001048c
core   0: 0x8000d490 (0xb63f2a23) sw      gp, -1164(t5)
core   0: 3 0x8000d490 (0xb63f2a23) mem 0x80010000 0x00000001
core   0: 0x8000d494 (0xff9ff06f) j       pc - 0x8
core   0: 3 0x8000d494 (0xff9ff06f)
core   0: 0x8000d48c (0x00003f17) auipc   t5, 0x3
core   0: 3 0x8000d48c (0x00003f17) x30 0x8001048c
core   0: 0x8000d490 (0xb63f2a23) sw      gp, -1164(t5)
core   0: 3 0x8000d490 (0xb63f2a23) mem 0x80010000 0x00000001
core   0: 0x8000d494 (0xff9ff06f) j       pc - 0x8
core   0: 3 0x8000d494 (0xff9ff06f)
core   0: 0x8000d48c (0x00003f17) auipc   t5, 0x3
core   0: 3 0x8000d48c (0x00003f17) x30 0x8001048c
core   0: 0x8000d490 (0xb63f2a23) sw      gp, -1164(t5)
core   0: 3 0x8000d490 (0xb63f2a23) mem 0x80010000 0x00000001
core   0: 0x8000d494 (0xff9ff06f) j       pc - 0x8
core   0: 3 0x8000d494 (0xff9ff06f)
core   0: 0x8000d48c (0x00003f17) auipc   t5, 0x3
core   0: 3 0x8000d48c (0x00003f17) x30 0x8001048c
core   0: 0x8000d490 (0xb63f2a23) sw      gp, -1164(t5)
core   0: 3 0x8000d490 (0xb63f2a23) mem 0x80010000 0x00000001
core   0: 0x8000d494 (0xff9ff06f) j       pc - 0x8
core   0: 3 0x8000d494 (0xff9ff06f)
core   0: 0x8000d48c (0x00003f17) auipc   t5, 0x3
core   0: 3 0x8000d48c (0x00003f17) x30 0x8001048c
core   0: 0x8000d490 (0xb63f2a23) sw      gp, -1164(t5)
core   0: 3 0x8000d490 (0xb63f2a23) mem 0x80010000 0x00000001
core   0: 0x8000d494 (0xff9ff06f) j       pc - 0x8
core   0: 3 0x8000d494 (0xff9ff06f)
core   0: 0x8000d48c (0x00003f17) auipc   t5, 0x3
core   0: 3 0x8000d48c (0x00003f17) x30 0x8001048c
core   0: 0x8000d490 (0xb63f2a23) sw      gp, -1164(t5)
core   0: 3 0x8000d490 (0xb63f2a23) mem 0x80010000 0x00000001
core   0: 0x8000d494 (0xff9ff06f) j       pc - 0x8
core   0: 3 0x8000d494 (0xff9ff06f)
core   0: 0x8000d48c (0x00003f17) auipc   t5, 0x3
core   0: 3 0x8000d48c (0x00003f17) x30 0x8001048c
core   0: 0x8000d490 (0xb63f2a23) sw      gp, -1164(t5)
core   0: 3 0x8000d490 (0xb63f2a23) mem 0x80010000 0x00000001
core   0: 0x8000d494 (0xff9ff06f) j       pc - 0x8
core   0: 3 0x8000d494 (0xff9ff06f)
core   0: 0x8000d48c (0x00003f17) auipc   t5, 0x3
core   0: 3 0x8000d48c (0x00003f17) x30 0x8001048c
core   0: 0x8000d490 (0xb63f2a23) sw      gp, -1164(t5)
core   0: 3 0x8000d490 (0xb63f2a23) mem 0x80010000 0x00000001
core   0: 0x8000d494 (0xff9ff06f) j       pc - 0x8
core   0: 3 0x8000d494 (0xff9ff06f)
core   0: 0x8000d48c (0x00003f17) auipc   t5, 0x3
core   0: 3 0x8000d48c (0x00003f17) x30 0x8001048c
core   0: 0x8000d490 (0xb63f2a23) sw      gp, -1164(t5)
core   0: 3 0x8000d490 (0xb63f2a23) mem 0x80010000 0x00000001
core   0: 0x8000d494 (0xff9ff06f) j       pc - 0x8
core   0: 3 0x8000d494 (0xff9ff06f)
core   0: 0x8000d48c (0x00003f17) auipc   t5, 0x3
core   0: 3 0x8000d48c (0x00003f17) x30 0x8001048c
core   0: 0x8000d490 (0xb63f2a23) sw      gp, -1164(t5)
core   0: 3 0x8000d490 (0xb63f2a23) mem 0x80010000 0x00000001
core   0: 0x8000d494 (0xff9ff06f) j       pc - 0x8
core   0: 3 0x8000d494 (0xff9ff06f)
core   0: 0x8000d48c (0x00003f17) auipc   t5, 0x3
core   0: 3 0x8000d48c (0x00003f17) x30 0x8001048c
core   0: 0x8000d490 (0xb63f2a23) sw      gp, -1164(t5)
core   0: 3 0x8000d490 (0xb63f2a23) mem 0x80010000 0x00000001
core   0: 0x8000d494 (0xff9ff06f) j       pc - 0x8
core   0: 3 0x8000d494 (0xff9ff06f)
core   0: 0x8000d48c (0x00003f17) auipc   t5, 0x3
core   0: 3 0x8000d48c (0x00003f17) x30 0x8001048c
core   0: 0x8000d490 (0xb63f2a23) sw      gp, -1164(t5)
core   0: 3 0x8000d490 (0xb63f2a23) mem 0x80010000 0x00000001
core   0: 0x8000d494 (0xff9ff06f) j       pc - 0x8
core   0: 3 0x8000d494 (0xff9ff06f)
core   0: 0x8000d48c (0x00003f17) auipc   t5, 0x3
core   0: 3 0x8000d48c (0x00003f17) x30 0x8001048c
core   0: 0x8000d490 (0xb63f2a23) sw      gp, -1164(t5)
core   0: 3 0x8000d490 (0xb63f2a23) mem 0x80010000 0x00000001
core   0: 0x8000d494 (0xff9ff06f) j       pc - 0x8
core   0: 3 0x8000d494 (0xff9ff06f)
core   0: 0x8000d48c (0x00003f17) auipc   t5, 0x3
core   0: 3 0x8000d48c (0x00003f17) x30 0x8001048c
core   0: 0x8000d490 (0xb63f2a23) sw      gp, -1164(t5)
core   0: 3 0x8000d490 (0xb63f2a23) mem 0x80010000 0x00000001
core   0: 0x8000d494 (0xff9ff06f) j       pc - 0x8
core   0: 3 0x8000d494 (0xff9ff06f)
core   0: 0x8000d48c (0x00003f17) auipc   t5, 0x3
core   0: 3 0x8000d48c (0x00003f17) x30 0x8001048c
core   0: 0x8000d490 (0xb63f2a23) sw      gp, -1164(t5)
core   0: 3 0x8000d490 (0xb63f2a23) mem 0x80010000 0x00000001
core   0: 0x8000d494 (0xff9ff06f) j       pc - 0x8
core   0: 3 0x8000d494 (0xff9ff06f)
core   0: 0x8000d48c (0x00003f17) auipc   t5, 0x3
core   0: 3 0x8000d48c (0x00003f17) x30 0x8001048c
core   0: 0x8000d490 (0xb63f2a23) sw      gp, -1164(t5)
core   0: 3 0x8000d490 (0xb63f2a23) mem 0x80010000 0x00000001
core   0: 0x8000d494 (0xff9ff06f) j       pc - 0x8
core   0: 3 0x8000d494 (0xff9ff06f)
core   0: 0x8000d48c (0x00003f17) auipc   t5, 0x3
core   0: 3 0x8000d48c (0x00003f17) x30 0x8001048c
core   0: 0x8000d490 (0xb63f2a23) sw      gp, -1164(t5)
core   0: 3 0x8000d490 (0xb63f2a23) mem 0x80010000 0x00000001
core   0: 0x8000d494 (0xff9ff06f) j       pc - 0x8
core   0: 3 0x8000d494 (0xff9ff06f)
core   0: 0x8000d48c (0x00003f17) auipc   t5, 0x3
core   0: 3 0x8000d48c (0x00003f17) x30 0x8001048c
core   0: 0x8000d490 (0xb63f2a23) sw      gp, -1164(t5)
core   0: 3 0x8000d490 (0xb63f2a23) mem 0x80010000 0x00000001
core   0: 0x8000d494 (0xff9ff06f) j       pc - 0x8
core   0: 3 0x8000d494 (0xff9ff06f)
core   0: 0x8000d48c (0x00003f17) auipc   t5, 0x3
core   0: 3 0x8000d48c (0x00003f17) x30 0x8001048c
core   0: 0x8000d490 (0xb63f2a23) sw      gp, -1164(t5)
core   0: 3 0x8000d490 (0xb63f2a23) mem 0x80010000 0x00000001
core   0: 0x8000d494 (0xff9ff06f) j       pc - 0x8
core   0: 3 0x8000d494 (0xff9ff06f)
core   0: 0x8000d48c (0x00003f17) auipc   t5, 0x3
core   0: 3 0x8000d48c (0x00003f17) x30 0x8001048c
core   0: 0x8000d490 (0xb63f2a23) sw      gp, -1164(t5)
core   0: 3 0x8000d490 (0xb63f2a23) mem 0x80010000 0x00000001
core   0: 0x8000d494 (0xff9ff06f) j       pc - 0x8
core   0: 3 0x8000d494 (0xff9ff06f)
core   0: 0x8000d48c (0x00003f17) auipc   t5, 0x3
core   0: 3 0x8000d48c (0x00003f17) x30 0x8001048c
core   0: 0x8000d490 (0xb63f2a23) sw      gp, -1164(t5)
core   0: 3 0x8000d490 (0xb63f2a23) mem 0x80010000 0x00000001
core   0: 0x8000d494 (0xff9ff06f) j       pc - 0x8
core   0: 3 0x8000d494 (0xff9ff06f)
core   0: 0x8000d48c (0x00003f17) auipc   t5, 0x3
core   0: 3 0x8000d48c (0x00003f17) x30 0x8001048c
core   0: 0x8000d490 (0xb63f2a23) sw      gp, -1164(t5)
core   0: 3 0x8000d490 (0xb63f2a23) mem 0x80010000 0x00000001
core   0: 0x8000d494 (0xff9ff06f) j       pc - 0x8
core   0: 3 0x8000d494 (0xff9ff06f)
core   0: 0x8000d48c (0x00003f17) auipc   t5, 0x3
core   0: 3 0x8000d48c (0x00003f17) x30 0x8001048c
core   0: 0x8000d490 (0xb63f2a23) sw      gp, -1164(t5)
core   0: 3 0x8000d490 (0xb63f2a23) mem 0x80010000 0x00000001
core   0: 0x8000d494 (0xff9ff06f) j       pc - 0x8
core   0: 3 0x8000d494 (0xff9ff06f)
core   0: 0x8000d48c (0x00003f17) auipc   t5, 0x3
core   0: 3 0x8000d48c (0x00003f17) x30 0x8001048c
core   0: 0x8000d490 (0xb63f2a23) sw      gp, -1164(t5)
core   0: 3 0x8000d490 (0xb63f2a23) mem 0x80010000 0x00000001
core   0: 0x8000d494 (0xff9ff06f) j       pc - 0x8
core   0: 3 0x8000d494 (0xff9ff06f)
core   0: 0x8000d48c (0x00003f17) auipc   t5, 0x3
core   0: 3 0x8000d48c (0x00003f17) x30 0x8001048c
core   0: 0x8000d490 (0xb63f2a23) sw      gp, -1164(t5)
core   0: 3 0x8000d490 (0xb63f2a23) mem 0x80010000 0x00000001
core   0: 0x8000d494 (0xff9ff06f) j       pc - 0x8
core   0: 3 0x8000d494 (0xff9ff06f)
core   0: 0x8000d48c (0x00003f17) auipc   t5, 0x3
core   0: 3 0x8000d48c (0x00003f17) x30 0x8001048c
core   0: 0x8000d490 (0xb63f2a23) sw      gp, -1164(t5)
core   0: 3 0x8000d490 (0xb63f2a23) mem 0x80010000 0x00000001
core   0: 0x8000d494 (0xff9ff06f) j       pc - 0x8
core   0: 3 0x8000d494 (0xff9ff06f)
core   0: 0x8000d48c (0x00003f17) auipc   t5, 0x3
core   0: 3 0x8000d48c (0x00003f17) x30 0x8001048c
core   0: 0x8000d490 (0xb63f2a23) sw      gp, -1164(t5)
core   0: 3 0x8000d490 (0xb63f2a23) mem 0x80010000 0x00000001
core   0: 0x8000d494 (0xff9ff06f) j       pc - 0x8
core   0: 3 0x8000d494 (0xff9ff06f)
core   0: 0x8000d48c (0x00003f17) auipc   t5, 0x3
core   0: 3 0x8000d48c (0x00003f17) x30 0x8001048c
core   0: 0x8000d490 (0xb63f2a23) sw      gp, -1164(t5)
core   0: 3 0x8000d490 (0xb63f2a23) mem 0x80010000 0x00000001
core   0: 0x8000d494 (0xff9ff06f) j       pc - 0x8
core   0: 3 0x8000d494 (0xff9ff06f)
core   0: 0x8000d48c (0x00003f17) auipc   t5, 0x3
core   0: 3 0x8000d48c (0x00003f17) x30 0x8001048c
core   0: 0x8000d490 (0xb63f2a23) sw      gp, -1164(t5)
core   0: 3 0x8000d490 (0xb63f2a23) mem 0x80010000 0x00000001
core   0: 0x8000d494 (0xff9ff06f) j       pc - 0x8
core   0: 3 0x8000d494 (0xff9ff06f)
core   0: 0x8000d48c (0x00003f17) auipc   t5, 0x3
core   0: 3 0x8000d48c (0x00003f17) x30 0x8001048c
core   0: 0x8000d490 (0xb63f2a23) sw      gp, -1164(t5)
core   0: 3 0x8000d490 (0xb63f2a23) mem 0x80010000 0x00000001
core   0: 0x8000d494 (0xff9ff06f) j       pc - 0x8
core   0: 3 0x8000d494 (0xff9ff06f)
core   0: 0x8000d48c (0x00003f17) auipc   t5, 0x3
core   0: 3 0x8000d48c (0x00003f17) x30 0x8001048c
core   0: 0x8000d490 (0xb63f2a23) sw      gp, -1164(t5)
core   0: 3 0x8000d490 (0xb63f2a23) mem 0x80010000 0x00000001
core   0: 0x8000d494 (0xff9ff06f) j       pc - 0x8
core   0: 3 0x8000d494 (0xff9ff06f)
core   0: 0x8000d48c (0x00003f17) auipc   t5, 0x3
core   0: 3 0x8000d48c (0x00003f17) x30 0x8001048c
core   0: 0x8000d490 (0xb63f2a23) sw      gp, -1164(t5)
core   0: 3 0x8000d490 (0xb63f2a23) mem 0x80010000 0x00000001
core   0: 0x8000d494 (0xff9ff06f) j       pc - 0x8
core   0: 3 0x8000d494 (0xff9ff06f)
core   0: 0x8000d48c (0x00003f17) auipc   t5, 0x3
core   0: 3 0x8000d48c (0x00003f17) x30 0x8001048c
core   0: 0x8000d490 (0xb63f2a23) sw      gp, -1164(t5)
core   0: 3 0x8000d490 (0xb63f2a23) mem 0x80010000 0x00000001
core   0: 0x8000d494 (0xff9ff06f) j       pc - 0x8
core   0: 3 0x8000d494 (0xff9ff06f)
core   0: 0x8000d48c (0x00003f17) auipc   t5, 0x3
core   0: 3 0x8000d48c (0x00003f17) x30 0x8001048c
core   0: 0x8000d490 (0xb63f2a23) sw      gp, -1164(t5)
core   0: 3 0x8000d490 (0xb63f2a23) mem 0x80010000 0x00000001
core   0: 0x8000d494 (0xff9ff06f) j       pc - 0x8
core   0: 3 0x8000d494 (0xff9ff06f)
core   0: 0x8000d48c (0x00003f17) auipc   t5, 0x3
core   0: 3 0x8000d48c (0x00003f17) x30 0x8001048c
core   0: 0x8000d490 (0xb63f2a23) sw      gp, -1164(t5)
core   0: 3 0x8000d490 (0xb63f2a23) mem 0x80010000 0x00000001
core   0: 0x8000d494 (0xff9ff06f) j       pc - 0x8
core   0: 3 0x8000d494 (0xff9ff06f)
core   0: 0x8000d48c (0x00003f17) auipc   t5, 0x3
core   0: 3 0x8000d48c (0x00003f17) x30 0x8001048c
core   0: 0x8000d490 (0xb63f2a23) sw      gp, -1164(t5)
core   0: 3 0x8000d490 (0xb63f2a23) mem 0x80010000 0x00000001
core   0: 0x8000d494 (0xff9ff06f) j       pc - 0x8
core   0: 3 0x8000d494 (0xff9ff06f)
core   0: 0x8000d48c (0x00003f17) auipc   t5, 0x3
core   0: 3 0x8000d48c (0x00003f17) x30 0x8001048c
core   0: 0x8000d490 (0xb63f2a23) sw      gp, -1164(t5)
core   0: 3 0x8000d490 (0xb63f2a23) mem 0x80010000 0x00000001
core   0: 0x8000d494 (0xff9ff06f) j       pc - 0x8
core   0: 3 0x8000d494 (0xff9ff06f)
core   0: 0x8000d48c (0x00003f17) auipc   t5, 0x3
core   0: 3 0x8000d48c (0x00003f17) x30 0x8001048c
core   0: 0x8000d490 (0xb63f2a23) sw      gp, -1164(t5)
core   0: 3 0x8000d490 (0xb63f2a23) mem 0x80010000 0x00000001
core   0: 0x8000d494 (0xff9ff06f) j       pc - 0x8
core   0: 3 0x8000d494 (0xff9ff06f)
core   0: 0x8000d48c (0x00003f17) auipc   t5, 0x3
core   0: 3 0x8000d48c (0x00003f17) x30 0x8001048c
core   0: 0x8000d490 (0xb63f2a23) sw      gp, -1164(t5)
core   0: 3 0x8000d490 (0xb63f2a23) mem 0x80010000 0x00000001
core   0: 0x8000d494 (0xff9ff06f) j       pc - 0x8
core   0: 3 0x8000d494 (0xff9ff06f)
core   0: 0x8000d48c (0x00003f17) auipc   t5, 0x3
core   0: 3 0x8000d48c (0x00003f17) x30 0x8001048c
core   0: 0x8000d490 (0xb63f2a23) sw      gp, -1164(t5)
core   0: 3 0x8000d490 (0xb63f2a23) mem 0x80010000 0x00000001
core   0: 0x8000d494 (0xff9ff06f) j       pc - 0x8
core   0: 3 0x8000d494 (0xff9ff06f)
core   0: 0x8000d48c (0x00003f17) auipc   t5, 0x3
core   0: 3 0x8000d48c (0x00003f17) x30 0x8001048c
core   0: 0x8000d490 (0xb63f2a23) sw      gp, -1164(t5)
core   0: 3 0x8000d490 (0xb63f2a23) mem 0x80010000 0x00000001
core   0: 0x8000d494 (0xff9ff06f) j       pc - 0x8
core   0: 3 0x8000d494 (0xff9ff06f)
core   0: 0x8000d48c (0x00003f17) auipc   t5, 0x3
core   0: 3 0x8000d48c (0x00003f17) x30 0x8001048c
core   0: 0x8000d490 (0xb63f2a23) sw      gp, -1164(t5)
core   0: 3 0x8000d490 (0xb63f2a23) mem 0x80010000 0x00000001
core   0: 0x8000d494 (0xff9ff06f) j       pc - 0x8
core   0: 3 0x8000d494 (0xff9ff06f)
core   0: 0x8000d48c (0x00003f17) auipc   t5, 0x3
core   0: 3 0x8000d48c (0x00003f17) x30 0x8001048c
core   0: 0x8000d490 (0xb63f2a23) sw      gp, -1164(t5)
core   0: 3 0x8000d490 (0xb63f2a23) mem 0x80010000 0x00000001
core   0: 0x8000d494 (0xff9ff06f) j       pc - 0x8
core   0: 3 0x8000d494 (0xff9ff06f)
core   0: 0x8000d48c (0x00003f17) auipc   t5, 0x3
core   0: 3 0x8000d48c (0x00003f17) x30 0x8001048c
core   0: 0x8000d490 (0xb63f2a23) sw      gp, -1164(t5)
core   0: 3 0x8000d490 (0xb63f2a23) mem 0x80010000 0x00000001
core   0: 0x8000d494 (0xff9ff06f) j       pc - 0x8
core   0: 3 0x8000d494 (0xff9ff06f)
core   0: 0x8000d48c (0x00003f17) auipc   t5, 0x3
core   0: 3 0x8000d48c (0x00003f17) x30 0x8001048c
core   0: 0x8000d490 (0xb63f2a23) sw      gp, -1164(t5)
core   0: 3 0x8000d490 (0xb63f2a23) mem 0x80010000 0x00000001
core   0: 0x8000d494 (0xff9ff06f) j       pc - 0x8
core   0: 3 0x8000d494 (0xff9ff06f)
core   0: 0x8000d48c (0x00003f17) auipc   t5, 0x3
core   0: 3 0x8000d48c (0x00003f17) x30 0x8001048c
core   0: 0x8000d490 (0xb63f2a23) sw      gp, -1164(t5)
core   0: 3 0x8000d490 (0xb63f2a23) mem 0x80010000 0x00000001
core   0: 0x8000d494 (0xff9ff06f) j       pc - 0x8
core   0: 3 0x8000d494 (0xff9ff06f)
core   0: 0x8000d48c (0x00003f17) auipc   t5, 0x3
core   0: 3 0x8000d48c (0x00003f17) x30 0x8001048c
core   0: 0x8000d490 (0xb63f2a23) sw      gp, -1164(t5)
core   0: 3 0x8000d490 (0xb63f2a23) mem 0x80010000 0x00000001
core   0: 0x8000d494 (0xff9ff06f) j       pc - 0x8
core   0: 3 0x8000d494 (0xff9ff06f)
core   0: 0x8000d48c (0x00003f17) auipc   t5, 0x3
core   0: 3 0x8000d48c (0x00003f17) x30 0x8001048c
core   0: 0x8000d490 (0xb63f2a23) sw      gp, -1164(t5)
core   0: 3 0x8000d490 (0xb63f2a23) mem 0x80010000 0x00000001
core   0: 0x8000d494 (0xff9ff06f) j       pc - 0x8
core   0: 3 0x8000d494 (0xff9ff06f)
core   0: 0x8000d48c (0x00003f17) auipc   t5, 0x3
core   0: 3 0x8000d48c (0x00003f17) x30 0x8001048c
core   0: 0x8000d490 (0xb63f2a23) sw      gp, -1164(t5)
core   0: 3 0x8000d490 (0xb63f2a23) mem 0x80010000 0x00000001
core   0: 0x8000d494 (0xff9ff06f) j       pc - 0x8
core   0: 3 0x8000d494 (0xff9ff06f)
core   0: 0x8000d48c (0x00003f17) auipc   t5, 0x3
core   0: 3 0x8000d48c (0x00003f17) x30 0x8001048c
core   0: 0x8000d490 (0xb63f2a23) sw      gp, -1164(t5)
core   0: 3 0x8000d490 (0xb63f2a23) mem 0x80010000 0x00000001
core   0: 0x8000d494 (0xff9ff06f) j       pc - 0x8
core   0: 3 0x8000d494 (0xff9ff06f)
core   0: 0x8000d48c (0x00003f17) auipc   t5, 0x3
core   0: 3 0x8000d48c (0x00003f17) x30 0x8001048c
core   0: 0x8000d490 (0xb63f2a23) sw      gp, -1164(t5)
core   0: 3 0x8000d490 (0xb63f2a23) mem 0x80010000 0x00000001
core   0: 0x8000d494 (0xff9ff06f) j       pc - 0x8
core   0: 3 0x8000d494 (0xff9ff06f)
core   0: 0x8000d48c (0x00003f17) auipc   t5, 0x3
core   0: 3 0x8000d48c (0x00003f17) x30 0x8001048c
core   0: 0x8000d490 (0xb63f2a23) sw      gp, -1164(t5)
core   0: 3 0x8000d490 (0xb63f2a23) mem 0x80010000 0x00000001
core   0: 0x8000d494 (0xff9ff06f) j       pc - 0x8
core   0: 3 0x8000d494 (0xff9ff06f)
core   0: 0x8000d48c (0x00003f17) auipc   t5, 0x3
core   0: 3 0x8000d48c (0x00003f17) x30 0x8001048c
core   0: 0x8000d490 (0xb63f2a23) sw      gp, -1164(t5)
core   0: 3 0x8000d490 (0xb63f2a23) mem 0x80010000 0x00000001
core   0: 0x8000d494 (0xff9ff06f) j       pc - 0x8
core   0: 3 0x8000d494 (0xff9ff06f)
core   0: 0x8000d48c (0x00003f17) auipc   t5, 0x3
core   0: 3 0x8000d48c (0x00003f17) x30 0x8001048c
core   0: 0x8000d490 (0xb63f2a23) sw      gp, -1164(t5)
core   0: 3 0x8000d490 (0xb63f2a23) mem 0x80010000 0x00000001
core   0: 0x8000d494 (0xff9ff06f) j       pc - 0x8
core   0: 3 0x8000d494 (0xff9ff06f)
core   0: 0x8000d48c (0x00003f17) auipc   t5, 0x3
core   0: 3 0x8000d48c (0x00003f17) x30 0x8001048c
core   0: 0x8000d490 (0xb63f2a23) sw      gp, -1164(t5)
core   0: 3 0x8000d490 (0xb63f2a23) mem 0x80010000 0x00000001
core   0: 0x8000d494 (0xff9ff06f) j       pc - 0x8
core   0: 3 0x8000d494 (0xff9ff06f)
core   0: 0x8000d48c (0x00003f17) auipc   t5, 0x3
core   0: 3 0x8000d48c (0x00003f17) x30 0x8001048c
core   0: 0x8000d490 (0xb63f2a23) sw      gp, -1164(t5)
core   0: 3 0x8000d490 (0xb63f2a23) mem 0x80010000 0x00000001
core   0: 0x8000d494 (0xff9ff06f) j       pc - 0x8
core   0: 3 0x8000d494 (0xff9ff06f)
core   0: 0x8000d48c (0x00003f17) auipc   t5, 0x3
core   0: 3 0x8000d48c (0x00003f17) x30 0x8001048c
core   0: 0x8000d490 (0xb63f2a23) sw      gp, -1164(t5)
core   0: 3 0x8000d490 (0xb63f2a23) mem 0x80010000 0x00000001
core   0: 0x8000d494 (0xff9ff06f) j       pc - 0x8
core   0: 3 0x8000d494 (0xff9ff06f)
core   0: 0x8000d48c (0x00003f17) auipc   t5, 0x3
core   0: 3 0x8000d48c (0x00003f17) x30 0x8001048c
core   0: 0x8000d490 (0xb63f2a23) sw      gp, -1164(t5)
core   0: 3 0x8000d490 (0xb63f2a23) mem 0x80010000 0x00000001
core   0: 0x8000d494 (0xff9ff06f) j       pc - 0x8
core   0: 3 0x8000d494 (0xff9ff06f)
core   0: 0x8000d48c (0x00003f17) auipc   t5, 0x3
core   0: 3 0x8000d48c (0x00003f17) x30 0x8001048c
core   0: 0x8000d490 (0xb63f2a23) sw      gp, -1164(t5)
core   0: 3 0x8000d490 (0xb63f2a23) mem 0x80010000 0x00000001
core   0: 0x8000d494 (0xff9ff06f) j       pc - 0x8
core   0: 3 0x8000d494 (0xff9ff06f)
core   0: 0x8000d48c (0x00003f17) auipc   t5, 0x3
core   0: 3 0x8000d48c (0x00003f17) x30 0x8001048c
core   0: 0x8000d490 (0xb63f2a23) sw      gp, -1164(t5)
core   0: 3 0x8000d490 (0xb63f2a23) mem 0x80010000 0x00000001
core   0: 0x8000d494 (0xff9ff06f) j       pc - 0x8
core   0: 3 0x8000d494 (0xff9ff06f)
core   0: 0x8000d48c (0x00003f17) auipc   t5, 0x3
core   0: 3 0x8000d48c (0x00003f17) x30 0x8001048c
core   0: 0x8000d490 (0xb63f2a23) sw      gp, -1164(t5)
core   0: 3 0x8000d490 (0xb63f2a23) mem 0x80010000 0x00000001
core   0: 0x8000d494 (0xff9ff06f) j       pc - 0x8
core   0: 3 0x8000d494 (0xff9ff06f)
core   0: 0x8000d48c (0x00003f17) auipc   t5, 0x3
core   0: 3 0x8000d48c (0x00003f17) x30 0x8001048c
core   0: 0x8000d490 (0xb63f2a23) sw      gp, -1164(t5)
core   0: 3 0x8000d490 (0xb63f2a23) mem 0x80010000 0x00000001
core   0: 0x8000d494 (0xff9ff06f) j       pc - 0x8
core   0: 3 0x8000d494 (0xff9ff06f)
core   0: 0x8000d48c (0x00003f17) auipc   t5, 0x3
core   0: 3 0x8000d48c (0x00003f17) x30 0x8001048c
core   0: 0x8000d490 (0xb63f2a23) sw      gp, -1164(t5)
core   0: 3 0x8000d490 (0xb63f2a23) mem 0x80010000 0x00000001
core   0: 0x8000d494 (0xff9ff06f) j       pc - 0x8
core   0: 3 0x8000d494 (0xff9ff06f)
core   0: 0x8000d48c (0x00003f17) auipc   t5, 0x3
core   0: 3 0x8000d48c (0x00003f17) x30 0x8001048c
core   0: 0x8000d490 (0xb63f2a23) sw      gp, -1164(t5)
core   0: 3 0x8000d490 (0xb63f2a23) mem 0x80010000 0x00000001
core   0: 0x8000d494 (0xff9ff06f) j       pc - 0x8
core   0: 3 0x8000d494 (0xff9ff06f)
core   0: 0x8000d48c (0x00003f17) auipc   t5, 0x3
core   0: 3 0x8000d48c (0x00003f17) x30 0x8001048c
core   0: 0x8000d490 (0xb63f2a23) sw      gp, -1164(t5)
core   0: 3 0x8000d490 (0xb63f2a23) mem 0x80010000 0x00000001
core   0: 0x8000d494 (0xff9ff06f) j       pc - 0x8
core   0: 3 0x8000d494 (0xff9ff06f)
core   0: 0x8000d48c (0x00003f17) auipc   t5, 0x3
core   0: 3 0x8000d48c (0x00003f17) x30 0x8001048c
core   0: 0x8000d490 (0xb63f2a23) sw      gp, -1164(t5)
core   0: 3 0x8000d490 (0xb63f2a23) mem 0x80010000 0x00000001
core   0: 0x8000d494 (0xff9ff06f) j       pc - 0x8
core   0: 3 0x8000d494 (0xff9ff06f)
core   0: 0x8000d48c (0x00003f17) auipc   t5, 0x3
core   0: 3 0x8000d48c (0x00003f17) x30 0x8001048c
core   0: 0x8000d490 (0xb63f2a23) sw      gp, -1164(t5)
core   0: 3 0x8000d490 (0xb63f2a23) mem 0x80010000 0x00000001
core   0: 0x8000d494 (0xff9ff06f) j       pc - 0x8
core   0: 3 0x8000d494 (0xff9ff06f)
core   0: 0x8000d48c (0x00003f17) auipc   t5, 0x3
core   0: 3 0x8000d48c (0x00003f17) x30 0x8001048c
core   0: 0x8000d490 (0xb63f2a23) sw      gp, -1164(t5)
core   0: 3 0x8000d490 (0xb63f2a23) mem 0x80010000 0x00000001
core   0: 0x8000d494 (0xff9ff06f) j       pc - 0x8
core   0: 3 0x8000d494 (0xff9ff06f)
core   0: 0x8000d48c (0x00003f17) auipc   t5, 0x3
core   0: 3 0x8000d48c (0x00003f17) x30 0x8001048c
core   0: 0x8000d490 (0xb63f2a23) sw      gp, -1164(t5)
core   0: 3 0x8000d490 (0xb63f2a23) mem 0x80010000 0x00000001
core   0: 0x8000d494 (0xff9ff06f) j       pc - 0x8
core   0: 3 0x8000d494 (0xff9ff06f)
core   0: 0x8000d48c (0x00003f17) auipc   t5, 0x3
core   0: 3 0x8000d48c (0x00003f17) x30 0x8001048c
core   0: 0x8000d490 (0xb63f2a23) sw      gp, -1164(t5)
core   0: 3 0x8000d490 (0xb63f2a23) mem 0x80010000 0x00000001
core   0: 0x8000d494 (0xff9ff06f) j       pc - 0x8
core   0: 3 0x8000d494 (0xff9ff06f)
core   0: 0x8000d48c (0x00003f17) auipc   t5, 0x3
core   0: 3 0x8000d48c (0x00003f17) x30 0x8001048c
core   0: 0x8000d490 (0xb63f2a23) sw      gp, -1164(t5)
core   0: 3 0x8000d490 (0xb63f2a23) mem 0x80010000 0x00000001
core   0: 0x8000d494 (0xff9ff06f) j       pc - 0x8
core   0: 3 0x8000d494 (0xff9ff06f)
core   0: 0x8000d48c (0x00003f17) auipc   t5, 0x3
core   0: 3 0x8000d48c (0x00003f17) x30 0x8001048c
core   0: 0x8000d490 (0xb63f2a23) sw      gp, -1164(t5)
core   0: 3 0x8000d490 (0xb63f2a23) mem 0x80010000 0x00000001
core   0: 0x8000d494 (0xff9ff06f) j       pc - 0x8
core   0: 3 0x8000d494 (0xff9ff06f)
core   0: 0x8000d48c (0x00003f17) auipc   t5, 0x3
core   0: 3 0x8000d48c (0x00003f17) x30 0x8001048c
core   0: 0x8000d490 (0xb63f2a23) sw      gp, -1164(t5)
core   0: 3 0x8000d490 (0xb63f2a23) mem 0x80010000 0x00000001
core   0: 0x8000d494 (0xff9ff06f) j       pc - 0x8
core   0: 3 0x8000d494 (0xff9ff06f)
core   0: 0x8000d48c (0x00003f17) auipc   t5, 0x3
core   0: 3 0x8000d48c (0x00003f17) x30 0x8001048c
core   0: 0x8000d490 (0xb63f2a23) sw      gp, -1164(t5)
core   0: 3 0x8000d490 (0xb63f2a23) mem 0x80010000 0x00000001
core   0: 0x8000d494 (0xff9ff06f) j       pc - 0x8
core   0: 3 0x8000d494 (0xff9ff06f)
core   0: 0x8000d48c (0x00003f17) auipc   t5, 0x3
core   0: 3 0x8000d48c (0x00003f17) x30 0x8001048c
core   0: 0x8000d490 (0xb63f2a23) sw      gp, -1164(t5)
core   0: 3 0x8000d490 (0xb63f2a23) mem 0x80010000 0x00000001
core   0: 0x8000d494 (0xff9ff06f) j       pc - 0x8
core   0: 3 0x8000d494 (0xff9ff06f)
core   0: 0x8000d48c (0x00003f17) auipc   t5, 0x3
core   0: 3 0x8000d48c (0x00003f17) x30 0x8001048c
core   0: 0x8000d490 (0xb63f2a23) sw      gp, -1164(t5)
core   0: 3 0x8000d490 (0xb63f2a23) mem 0x80010000 0x00000001
core   0: 0x8000d494 (0xff9ff06f) j       pc - 0x8
core   0: 3 0x8000d494 (0xff9ff06f)
core   0: 0x8000d48c (0x00003f17) auipc   t5, 0x3
core   0: 3 0x8000d48c (0x00003f17) x30 0x8001048c
core   0: 0x8000d490 (0xb63f2a23) sw      gp, -1164(t5)
core   0: 3 0x8000d490 (0xb63f2a23) mem 0x80010000 0x00000001
core   0: 0x8000d494 (0xff9ff06f) j       pc - 0x8
core   0: 3 0x8000d494 (0xff9ff06f)
core   0: 0x8000d48c (0x00003f17) auipc   t5, 0x3
core   0: 3 0x8000d48c (0x00003f17) x30 0x8001048c
core   0: 0x8000d490 (0xb63f2a23) sw      gp, -1164(t5)
core   0: 3 0x8000d490 (0xb63f2a23) mem 0x80010000 0x00000001
core   0: 0x8000d494 (0xff9ff06f) j       pc - 0x8
core   0: 3 0x8000d494 (0xff9ff06f)
core   0: 0x8000d48c (0x00003f17) auipc   t5, 0x3
core   0: 3 0x8000d48c (0x00003f17) x30 0x8001048c
core   0: 0x8000d490 (0xb63f2a23) sw      gp, -1164(t5)
core   0: 3 0x8000d490 (0xb63f2a23) mem 0x80010000 0x00000001
core   0: 0x8000d494 (0xff9ff06f) j       pc - 0x8
core   0: 3 0x8000d494 (0xff9ff06f)
core   0: 0x8000d48c (0x00003f17) auipc   t5, 0x3
core   0: 3 0x8000d48c (0x00003f17) x30 0x8001048c
core   0: 0x8000d490 (0xb63f2a23) sw      gp, -1164(t5)
core   0: 3 0x8000d490 (0xb63f2a23) mem 0x80010000 0x00000001
core   0: 0x8000d494 (0xff9ff06f) j       pc - 0x8
core   0: 3 0x8000d494 (0xff9ff06f)
core   0: 0x8000d48c (0x00003f17) auipc   t5, 0x3
core   0: 3 0x8000d48c (0x00003f17) x30 0x8001048c
core   0: 0x8000d490 (0xb63f2a23) sw      gp, -1164(t5)
core   0: 3 0x8000d490 (0xb63f2a23) mem 0x80010000 0x00000001
core   0: 0x8000d494 (0xff9ff06f) j       pc - 0x8
core   0: 3 0x8000d494 (0xff9ff06f)
core   0: 0x8000d48c (0x00003f17) auipc   t5, 0x3
core   0: 3 0x8000d48c (0x00003f17) x30 0x8001048c
core   0: 0x8000d490 (0xb63f2a23) sw      gp, -1164(t5)
core   0: 3 0x8000d490 (0xb63f2a23) mem 0x80010000 0x00000001
core   0: 0x8000d494 (0xff9ff06f) j       pc - 0x8
core   0: 3 0x8000d494 (0xff9ff06f)
core   0: 0x8000d48c (0x00003f17) auipc   t5, 0x3
core   0: 3 0x8000d48c (0x00003f17) x30 0x8001048c
core   0: 0x8000d490 (0xb63f2a23) sw      gp, -1164(t5)
core   0: 3 0x8000d490 (0xb63f2a23) mem 0x80010000 0x00000001
core   0: 0x8000d494 (0xff9ff06f) j       pc - 0x8
core   0: 3 0x8000d494 (0xff9ff06f)
core   0: 0x8000d48c (0x00003f17) auipc   t5, 0x3
core   0: 3 0x8000d48c (0x00003f17) x30 0x8001048c
core   0: 0x8000d490 (0xb63f2a23) sw      gp, -1164(t5)
core   0: 3 0x8000d490 (0xb63f2a23) mem 0x80010000 0x00000001
core   0: 0x8000d494 (0xff9ff06f) j       pc - 0x8
core   0: 3 0x8000d494 (0xff9ff06f)
core   0: 0x8000d48c (0x00003f17) auipc   t5, 0x3
core   0: 3 0x8000d48c (0x00003f17) x30 0x8001048c
core   0: 0x8000d490 (0xb63f2a23) sw      gp, -1164(t5)
core   0: 3 0x8000d490 (0xb63f2a23) mem 0x80010000 0x00000001
core   0: 0x8000d494 (0xff9ff06f) j       pc - 0x8
core   0: 3 0x8000d494 (0xff9ff06f)
core   0: 0x8000d48c (0x00003f17) auipc   t5, 0x3
core   0: 3 0x8000d48c (0x00003f17) x30 0x8001048c
core   0: 0x8000d490 (0xb63f2a23) sw      gp, -1164(t5)
core   0: 3 0x8000d490 (0xb63f2a23) mem 0x80010000 0x00000001
core   0: 0x8000d494 (0xff9ff06f) j       pc - 0x8
core   0: 3 0x8000d494 (0xff9ff06f)
core   0: 0x8000d48c (0x00003f17) auipc   t5, 0x3
core   0: 3 0x8000d48c (0x00003f17) x30 0x8001048c
core   0: 0x8000d490 (0xb63f2a23) sw      gp, -1164(t5)
core   0: 3 0x8000d490 (0xb63f2a23) mem 0x80010000 0x00000001
core   0: 0x8000d494 (0xff9ff06f) j       pc - 0x8
core   0: 3 0x8000d494 (0xff9ff06f)
core   0: 0x8000d48c (0x00003f17) auipc   t5, 0x3
core   0: 3 0x8000d48c (0x00003f17) x30 0x8001048c
core   0: 0x8000d490 (0xb63f2a23) sw      gp, -1164(t5)
core   0: 3 0x8000d490 (0xb63f2a23) mem 0x80010000 0x00000001
core   0: 0x8000d494 (0xff9ff06f) j       pc - 0x8
core   0: 3 0x8000d494 (0xff9ff06f)
core   0: 0x8000d48c (0x00003f17) auipc   t5, 0x3
core   0: 3 0x8000d48c (0x00003f17) x30 0x8001048c
core   0: 0x8000d490 (0xb63f2a23) sw      gp, -1164(t5)
core   0: 3 0x8000d490 (0xb63f2a23) mem 0x80010000 0x00000001
core   0: 0x8000d494 (0xff9ff06f) j       pc - 0x8
core   0: 3 0x8000d494 (0xff9ff06f)
core   0: 0x8000d48c (0x00003f17) auipc   t5, 0x3
core   0: 3 0x8000d48c (0x00003f17) x30 0x8001048c
core   0: 0x8000d490 (0xb63f2a23) sw      gp, -1164(t5)
core   0: 3 0x8000d490 (0xb63f2a23) mem 0x80010000 0x00000001
core   0: 0x8000d494 (0xff9ff06f) j       pc - 0x8
core   0: 3 0x8000d494 (0xff9ff06f)
core   0: 0x8000d48c (0x00003f17) auipc   t5, 0x3
core   0: 3 0x8000d48c (0x00003f17) x30 0x8001048c
core   0: 0x8000d490 (0xb63f2a23) sw      gp, -1164(t5)
core   0: 3 0x8000d490 (0xb63f2a23) mem 0x80010000 0x00000001
core   0: 0x8000d494 (0xff9ff06f) j       pc - 0x8
core   0: 3 0x8000d494 (0xff9ff06f)
core   0: 0x8000d48c (0x00003f17) auipc   t5, 0x3
core   0: 3 0x8000d48c (0x00003f17) x30 0x8001048c
core   0: 0x8000d490 (0xb63f2a23) sw      gp, -1164(t5)
core   0: 3 0x8000d490 (0xb63f2a23) mem 0x80010000 0x00000001
core   0: 0x8000d494 (0xff9ff06f) j       pc - 0x8
core   0: 3 0x8000d494 (0xff9ff06f)
core   0: 0x8000d48c (0x00003f17) auipc   t5, 0x3
core   0: 3 0x8000d48c (0x00003f17) x30 0x8001048c
core   0: 0x8000d490 (0xb63f2a23) sw      gp, -1164(t5)
core   0: 3 0x8000d490 (0xb63f2a23) mem 0x80010000 0x00000001
core   0: 0x8000d494 (0xff9ff06f) j       pc - 0x8
core   0: 3 0x8000d494 (0xff9ff06f)
core   0: 0x8000d48c (0x00003f17) auipc   t5, 0x3
core   0: 3 0x8000d48c (0x00003f17) x30 0x8001048c
core   0: 0x8000d490 (0xb63f2a23) sw      gp, -1164(t5)
core   0: 3 0x8000d490 (0xb63f2a23) mem 0x80010000 0x00000001
core   0: 0x8000d494 (0xff9ff06f) j       pc - 0x8
core   0: 3 0x8000d494 (0xff9ff06f)
core   0: 0x8000d48c (0x00003f17) auipc   t5, 0x3
core   0: 3 0x8000d48c (0x00003f17) x30 0x8001048c
core   0: 0x8000d490 (0xb63f2a23) sw      gp, -1164(t5)
core   0: 3 0x8000d490 (0xb63f2a23) mem 0x80010000 0x00000001
core   0: 0x8000d494 (0xff9ff06f) j       pc - 0x8
core   0: 3 0x8000d494 (0xff9ff06f)
core   0: 0x8000d48c (0x00003f17) auipc   t5, 0x3
core   0: 3 0x8000d48c (0x00003f17) x30 0x8001048c
core   0: 0x8000d490 (0xb63f2a23) sw      gp, -1164(t5)
core   0: 3 0x8000d490 (0xb63f2a23) mem 0x80010000 0x00000001
core   0: 0x8000d494 (0xff9ff06f) j       pc - 0x8
core   0: 3 0x8000d494 (0xff9ff06f)
core   0: 0x8000d48c (0x00003f17) auipc   t5, 0x3
core   0: 3 0x8000d48c (0x00003f17) x30 0x8001048c
core   0: 0x8000d490 (0xb63f2a23) sw      gp, -1164(t5)
core   0: 3 0x8000d490 (0xb63f2a23) mem 0x80010000 0x00000001
core   0: 0x8000d494 (0xff9ff06f) j       pc - 0x8
core   0: 3 0x8000d494 (0xff9ff06f)
core   0: 0x8000d48c (0x00003f17) auipc   t5, 0x3
core   0: 3 0x8000d48c (0x00003f17) x30 0x8001048c
core   0: 0x8000d490 (0xb63f2a23) sw      gp, -1164(t5)
core   0: 3 0x8000d490 (0xb63f2a23) mem 0x80010000 0x00000001
core   0: 0x8000d494 (0xff9ff06f) j       pc - 0x8
core   0: 3 0x8000d494 (0xff9ff06f)
core   0: 0x8000d48c (0x00003f17) auipc   t5, 0x3
core   0: 3 0x8000d48c (0x00003f17) x30 0x8001048c
core   0: 0x8000d490 (0xb63f2a23) sw      gp, -1164(t5)
core   0: 3 0x8000d490 (0xb63f2a23) mem 0x80010000 0x00000001
core   0: 0x8000d494 (0xff9ff06f) j       pc - 0x8
core   0: 3 0x8000d494 (0xff9ff06f)
core   0: 0x8000d48c (0x00003f17) auipc   t5, 0x3
core   0: 3 0x8000d48c (0x00003f17) x30 0x8001048c
core   0: 0x8000d490 (0xb63f2a23) sw      gp, -1164(t5)
core   0: 3 0x8000d490 (0xb63f2a23) mem 0x80010000 0x00000001
core   0: 0x8000d494 (0xff9ff06f) j       pc - 0x8
core   0: 3 0x8000d494 (0xff9ff06f)
core   0: 0x8000d48c (0x00003f17) auipc   t5, 0x3
core   0: 3 0x8000d48c (0x00003f17) x30 0x8001048c
core   0: 0x8000d490 (0xb63f2a23) sw      gp, -1164(t5)
core   0: 3 0x8000d490 (0xb63f2a23) mem 0x80010000 0x00000001
core   0: 0x8000d494 (0xff9ff06f) j       pc - 0x8
core   0: 3 0x8000d494 (0xff9ff06f)
core   0: 0x8000d48c (0x00003f17) auipc   t5, 0x3
core   0: 3 0x8000d48c (0x00003f17) x30 0x8001048c
core   0: 0x8000d490 (0xb63f2a23) sw      gp, -1164(t5)
core   0: 3 0x8000d490 (0xb63f2a23) mem 0x80010000 0x00000001
core   0: 0x8000d494 (0xff9ff06f) j       pc - 0x8
core   0: 3 0x8000d494 (0xff9ff06f)
core   0: 0x8000d48c (0x00003f17) auipc   t5, 0x3
core   0: 3 0x8000d48c (0x00003f17) x30 0x8001048c
core   0: 0x8000d490 (0xb63f2a23) sw      gp, -1164(t5)
core   0: 3 0x8000d490 (0xb63f2a23) mem 0x80010000 0x00000001
core   0: 0x8000d494 (0xff9ff06f) j       pc - 0x8
core   0: 3 0x8000d494 (0xff9ff06f)
core   0: 0x8000d48c (0x00003f17) auipc   t5, 0x3
core   0: 3 0x8000d48c (0x00003f17) x30 0x8001048c
core   0: 0x8000d490 (0xb63f2a23) sw      gp, -1164(t5)
core   0: 3 0x8000d490 (0xb63f2a23) mem 0x80010000 0x00000001
core   0: 0x8000d494 (0xff9ff06f) j       pc - 0x8
core   0: 3 0x8000d494 (0xff9ff06f)
core   0: 0x8000d48c (0x00003f17) auipc   t5, 0x3
core   0: 3 0x8000d48c (0x00003f17) x30 0x8001048c
core   0: 0x8000d490 (0xb63f2a23) sw      gp, -1164(t5)
core   0: 3 0x8000d490 (0xb63f2a23) mem 0x80010000 0x00000001
core   0: 0x8000d494 (0xff9ff06f) j       pc - 0x8
core   0: 3 0x8000d494 (0xff9ff06f)
core   0: 0x8000d48c (0x00003f17) auipc   t5, 0x3
core   0: 3 0x8000d48c (0x00003f17) x30 0x8001048c
core   0: 0x8000d490 (0xb63f2a23) sw      gp, -1164(t5)
core   0: 3 0x8000d490 (0xb63f2a23) mem 0x80010000 0x00000001
core   0: 0x8000d494 (0xff9ff06f) j       pc - 0x8
core   0: 3 0x8000d494 (0xff9ff06f)
core   0: 0x8000d48c (0x00003f17) auipc   t5, 0x3
core   0: 3 0x8000d48c (0x00003f17) x30 0x8001048c
core   0: 0x8000d490 (0xb63f2a23) sw      gp, -1164(t5)
core   0: 3 0x8000d490 (0xb63f2a23) mem 0x80010000 0x00000001
core   0: 0x8000d494 (0xff9ff06f) j       pc - 0x8
core   0: 3 0x8000d494 (0xff9ff06f)
core   0: 0x8000d48c (0x00003f17) auipc   t5, 0x3
core   0: 3 0x8000d48c (0x00003f17) x30 0x8001048c
core   0: 0x8000d490 (0xb63f2a23) sw      gp, -1164(t5)
core   0: 3 0x8000d490 (0xb63f2a23) mem 0x80010000 0x00000001
core   0: 0x8000d494 (0xff9ff06f) j       pc - 0x8
core   0: 3 0x8000d494 (0xff9ff06f)
core   0: 0x8000d48c (0x00003f17) auipc   t5, 0x3
core   0: 3 0x8000d48c (0x00003f17) x30 0x8001048c
core   0: 0x8000d490 (0xb63f2a23) sw      gp, -1164(t5)
core   0: 3 0x8000d490 (0xb63f2a23) mem 0x80010000 0x00000001
core   0: 0x8000d494 (0xff9ff06f) j       pc - 0x8
core   0: 3 0x8000d494 (0xff9ff06f)
core   0: 0x8000d48c (0x00003f17) auipc   t5, 0x3
core   0: 3 0x8000d48c (0x00003f17) x30 0x8001048c
core   0: 0x8000d490 (0xb63f2a23) sw      gp, -1164(t5)
core   0: 3 0x8000d490 (0xb63f2a23) mem 0x80010000 0x00000001
core   0: 0x8000d494 (0xff9ff06f) j       pc - 0x8
core   0: 3 0x8000d494 (0xff9ff06f)
core   0: 0x8000d48c (0x00003f17) auipc   t5, 0x3
core   0: 3 0x8000d48c (0x00003f17) x30 0x8001048c
core   0: 0x8000d490 (0xb63f2a23) sw      gp, -1164(t5)
core   0: 3 0x8000d490 (0xb63f2a23) mem 0x80010000 0x00000001
core   0: 0x8000d494 (0xff9ff06f) j       pc - 0x8
core   0: 3 0x8000d494 (0xff9ff06f)
core   0: 0x8000d48c (0x00003f17) auipc   t5, 0x3
core   0: 3 0x8000d48c (0x00003f17) x30 0x8001048c
core   0: 0x8000d490 (0xb63f2a23) sw      gp, -1164(t5)
core   0: 3 0x8000d490 (0xb63f2a23) mem 0x80010000 0x00000001
core   0: 0x8000d494 (0xff9ff06f) j       pc - 0x8
core   0: 3 0x8000d494 (0xff9ff06f)
core   0: 0x8000d48c (0x00003f17) auipc   t5, 0x3
core   0: 3 0x8000d48c (0x00003f17) x30 0x8001048c
core   0: 0x8000d490 (0xb63f2a23) sw      gp, -1164(t5)
core   0: 3 0x8000d490 (0xb63f2a23) mem 0x80010000 0x00000001
core   0: 0x8000d494 (0xff9ff06f) j       pc - 0x8
core   0: 3 0x8000d494 (0xff9ff06f)
core   0: 0x8000d48c (0x00003f17) auipc   t5, 0x3
core   0: 3 0x8000d48c (0x00003f17) x30 0x8001048c
core   0: 0x8000d490 (0xb63f2a23) sw      gp, -1164(t5)
core   0: 3 0x8000d490 (0xb63f2a23) mem 0x80010000 0x00000001
core   0: 0x8000d494 (0xff9ff06f) j       pc - 0x8
core   0: 3 0x8000d494 (0xff9ff06f)
core   0: 0x8000d48c (0x00003f17) auipc   t5, 0x3
core   0: 3 0x8000d48c (0x00003f17) x30 0x8001048c
core   0: 0x8000d490 (0xb63f2a23) sw      gp, -1164(t5)
core   0: 3 0x8000d490 (0xb63f2a23) mem 0x80010000 0x00000001
core   0: 0x8000d494 (0xff9ff06f) j       pc - 0x8
core   0: 3 0x8000d494 (0xff9ff06f)
core   0: 0x8000d48c (0x00003f17) auipc   t5, 0x3
core   0: 3 0x8000d48c (0x00003f17) x30 0x8001048c
core   0: 0x8000d490 (0xb63f2a23) sw      gp, -1164(t5)
core   0: 3 0x8000d490 (0xb63f2a23) mem 0x80010000 0x00000001
core   0: 0x8000d494 (0xff9ff06f) j       pc - 0x8
core   0: 3 0x8000d494 (0xff9ff06f)
core   0: 0x8000d48c (0x00003f17) auipc   t5, 0x3
core   0: 3 0x8000d48c (0x00003f17) x30 0x8001048c
core   0: 0x8000d490 (0xb63f2a23) sw      gp, -1164(t5)
core   0: 3 0x8000d490 (0xb63f2a23) mem 0x80010000 0x00000001
core   0: 0x8000d494 (0xff9ff06f) j       pc - 0x8
core   0: 3 0x8000d494 (0xff9ff06f)
core   0: 0x8000d48c (0x00003f17) auipc   t5, 0x3
core   0: 3 0x8000d48c (0x00003f17) x30 0x8001048c
core   0: 0x8000d490 (0xb63f2a23) sw      gp, -1164(t5)
core   0: 3 0x8000d490 (0xb63f2a23) mem 0x80010000 0x00000001
core   0: 0x8000d494 (0xff9ff06f) j       pc - 0x8
core   0: 3 0x8000d494 (0xff9ff06f)
core   0: 0x8000d48c (0x00003f17) auipc   t5, 0x3
core   0: 3 0x8000d48c (0x00003f17) x30 0x8001048c
core   0: 0x8000d490 (0xb63f2a23) sw      gp, -1164(t5)
core   0: 3 0x8000d490 (0xb63f2a23) mem 0x80010000 0x00000001
core   0: 0x8000d494 (0xff9ff06f) j       pc - 0x8
core   0: 3 0x8000d494 (0xff9ff06f)
core   0: 0x8000d48c (0x00003f17) auipc   t5, 0x3
core   0: 3 0x8000d48c (0x00003f17) x30 0x8001048c
core   0: 0x8000d490 (0xb63f2a23) sw      gp, -1164(t5)
core   0: 3 0x8000d490 (0xb63f2a23) mem 0x80010000 0x00000001
core   0: 0x8000d494 (0xff9ff06f) j       pc - 0x8
core   0: 3 0x8000d494 (0xff9ff06f)
core   0: 0x8000d48c (0x00003f17) auipc   t5, 0x3
core   0: 3 0x8000d48c (0x00003f17) x30 0x8001048c
core   0: 0x8000d490 (0xb63f2a23) sw      gp, -1164(t5)
core   0: 3 0x8000d490 (0xb63f2a23) mem 0x80010000 0x00000001
core   0: 0x8000d494 (0xff9ff06f) j       pc - 0x8
core   0: 3 0x8000d494 (0xff9ff06f)
core   0: 0x8000d48c (0x00003f17) auipc   t5, 0x3
core   0: 3 0x8000d48c (0x00003f17) x30 0x8001048c
core   0: 0x8000d490 (0xb63f2a23) sw      gp, -1164(t5)
core   0: 3 0x8000d490 (0xb63f2a23) mem 0x80010000 0x00000001
core   0: 0x8000d494 (0xff9ff06f) j       pc - 0x8
core   0: 3 0x8000d494 (0xff9ff06f)
core   0: 0x8000d48c (0x00003f17) auipc   t5, 0x3
core   0: 3 0x8000d48c (0x00003f17) x30 0x8001048c
core   0: 0x8000d490 (0xb63f2a23) sw      gp, -1164(t5)
core   0: 3 0x8000d490 (0xb63f2a23) mem 0x80010000 0x00000001
core   0: 0x8000d494 (0xff9ff06f) j       pc - 0x8
core   0: 3 0x8000d494 (0xff9ff06f)
core   0: 0x8000d48c (0x00003f17) auipc   t5, 0x3
core   0: 3 0x8000d48c (0x00003f17) x30 0x8001048c
core   0: 0x8000d490 (0xb63f2a23) sw      gp, -1164(t5)
core   0: 3 0x8000d490 (0xb63f2a23) mem 0x80010000 0x00000001
core   0: 0x8000d494 (0xff9ff06f) j       pc - 0x8
core   0: 3 0x8000d494 (0xff9ff06f)
core   0: 0x8000d48c (0x00003f17) auipc   t5, 0x3
core   0: 3 0x8000d48c (0x00003f17) x30 0x8001048c
core   0: 0x8000d490 (0xb63f2a23) sw      gp, -1164(t5)
core   0: 3 0x8000d490 (0xb63f2a23) mem 0x80010000 0x00000001
core   0: 0x8000d494 (0xff9ff06f) j       pc - 0x8
core   0: 3 0x8000d494 (0xff9ff06f)
core   0: 0x8000d48c (0x00003f17) auipc   t5, 0x3
core   0: 3 0x8000d48c (0x00003f17) x30 0x8001048c
core   0: 0x8000d490 (0xb63f2a23) sw      gp, -1164(t5)
core   0: 3 0x8000d490 (0xb63f2a23) mem 0x80010000 0x00000001
core   0: 0x8000d494 (0xff9ff06f) j       pc - 0x8
core   0: 3 0x8000d494 (0xff9ff06f)
core   0: 0x8000d48c (0x00003f17) auipc   t5, 0x3
core   0: 3 0x8000d48c (0x00003f17) x30 0x8001048c
core   0: 0x8000d490 (0xb63f2a23) sw      gp, -1164(t5)
core   0: 3 0x8000d490 (0xb63f2a23) mem 0x80010000 0x00000001
core   0: 0x8000d494 (0xff9ff06f) j       pc - 0x8
core   0: 3 0x8000d494 (0xff9ff06f)
core   0: 0x8000d48c (0x00003f17) auipc   t5, 0x3
core   0: 3 0x8000d48c (0x00003f17) x30 0x8001048c
core   0: 0x8000d490 (0xb63f2a23) sw      gp, -1164(t5)
core   0: 3 0x8000d490 (0xb63f2a23) mem 0x80010000 0x00000001
core   0: 0x8000d494 (0xff9ff06f) j       pc - 0x8
core   0: 3 0x8000d494 (0xff9ff06f)
core   0: 0x8000d48c (0x00003f17) auipc   t5, 0x3
core   0: 3 0x8000d48c (0x00003f17) x30 0x8001048c
core   0: 0x8000d490 (0xb63f2a23) sw      gp, -1164(t5)
core   0: 3 0x8000d490 (0xb63f2a23) mem 0x80010000 0x00000001
core   0: 0x8000d494 (0xff9ff06f) j       pc - 0x8
core   0: 3 0x8000d494 (0xff9ff06f)
core   0: 0x8000d48c (0x00003f17) auipc   t5, 0x3
core   0: 3 0x8000d48c (0x00003f17) x30 0x8001048c
core   0: 0x8000d490 (0xb63f2a23) sw      gp, -1164(t5)
core   0: 3 0x8000d490 (0xb63f2a23) mem 0x80010000 0x00000001
core   0: 0x8000d494 (0xff9ff06f) j       pc - 0x8
core   0: 3 0x8000d494 (0xff9ff06f)
core   0: 0x8000d48c (0x00003f17) auipc   t5, 0x3
core   0: 3 0x8000d48c (0x00003f17) x30 0x8001048c
core   0: 0x8000d490 (0xb63f2a23) sw      gp, -1164(t5)
core   0: 3 0x8000d490 (0xb63f2a23) mem 0x80010000 0x00000001
core   0: 0x8000d494 (0xff9ff06f) j       pc - 0x8
core   0: 3 0x8000d494 (0xff9ff06f)
core   0: 0x8000d48c (0x00003f17) auipc   t5, 0x3
core   0: 3 0x8000d48c (0x00003f17) x30 0x8001048c
core   0: 0x8000d490 (0xb63f2a23) sw      gp, -1164(t5)
core   0: 3 0x8000d490 (0xb63f2a23) mem 0x80010000 0x00000001
core   0: 0x8000d494 (0xff9ff06f) j       pc - 0x8
core   0: 3 0x8000d494 (0xff9ff06f)
core   0: 0x8000d48c (0x00003f17) auipc   t5, 0x3
core   0: 3 0x8000d48c (0x00003f17) x30 0x8001048c
core   0: 0x8000d490 (0xb63f2a23) sw      gp, -1164(t5)
core   0: 3 0x8000d490 (0xb63f2a23) mem 0x80010000 0x00000001
core   0: 0x8000d494 (0xff9ff06f) j       pc - 0x8
core   0: 3 0x8000d494 (0xff9ff06f)
core   0: 0x8000d48c (0x00003f17) auipc   t5, 0x3
core   0: 3 0x8000d48c (0x00003f17) x30 0x8001048c
core   0: 0x8000d490 (0xb63f2a23) sw      gp, -1164(t5)
core   0: 3 0x8000d490 (0xb63f2a23) mem 0x80010000 0x00000001
core   0: 0x8000d494 (0xff9ff06f) j       pc - 0x8
core   0: 3 0x8000d494 (0xff9ff06f)
core   0: 0x8000d48c (0x00003f17) auipc   t5, 0x3
core   0: 3 0x8000d48c (0x00003f17) x30 0x8001048c
core   0: 0x8000d490 (0xb63f2a23) sw      gp, -1164(t5)
core   0: 3 0x8000d490 (0xb63f2a23) mem 0x80010000 0x00000001
core   0: 0x8000d494 (0xff9ff06f) j       pc - 0x8
core   0: 3 0x8000d494 (0xff9ff06f)
core   0: 0x8000d48c (0x00003f17) auipc   t5, 0x3
core   0: 3 0x8000d48c (0x00003f17) x30 0x8001048c
core   0: 0x8000d490 (0xb63f2a23) sw      gp, -1164(t5)
core   0: 3 0x8000d490 (0xb63f2a23) mem 0x80010000 0x00000001
core   0: 0x8000d494 (0xff9ff06f) j       pc - 0x8
core   0: 3 0x8000d494 (0xff9ff06f)
core   0: 0x8000d48c (0x00003f17) auipc   t5, 0x3
core   0: 3 0x8000d48c (0x00003f17) x30 0x8001048c
core   0: 0x8000d490 (0xb63f2a23) sw      gp, -1164(t5)
core   0: 3 0x8000d490 (0xb63f2a23) mem 0x80010000 0x00000001
core   0: 0x8000d494 (0xff9ff06f) j       pc - 0x8
core   0: 3 0x8000d494 (0xff9ff06f)
core   0: 0x8000d48c (0x00003f17) auipc   t5, 0x3
core   0: 3 0x8000d48c (0x00003f17) x30 0x8001048c
core   0: 0x8000d490 (0xb63f2a23) sw      gp, -1164(t5)
core   0: 3 0x8000d490 (0xb63f2a23) mem 0x80010000 0x00000001
core   0: 0x8000d494 (0xff9ff06f) j       pc - 0x8
core   0: 3 0x8000d494 (0xff9ff06f)
core   0: 0x8000d48c (0x00003f17) auipc   t5, 0x3
core   0: 3 0x8000d48c (0x00003f17) x30 0x8001048c
core   0: 0x8000d490 (0xb63f2a23) sw      gp, -1164(t5)
core   0: 3 0x8000d490 (0xb63f2a23) mem 0x80010000 0x00000001
core   0: 0x8000d494 (0xff9ff06f) j       pc - 0x8
core   0: 3 0x8000d494 (0xff9ff06f)
core   0: 0x8000d48c (0x00003f17) auipc   t5, 0x3
core   0: 3 0x8000d48c (0x00003f17) x30 0x8001048c
core   0: 0x8000d490 (0xb63f2a23) sw      gp, -1164(t5)
core   0: 3 0x8000d490 (0xb63f2a23) mem 0x80010000 0x00000001
core   0: 0x8000d494 (0xff9ff06f) j       pc - 0x8
core   0: 3 0x8000d494 (0xff9ff06f)
core   0: 0x8000d48c (0x00003f17) auipc   t5, 0x3
core   0: 3 0x8000d48c (0x00003f17) x30 0x8001048c
core   0: 0x8000d490 (0xb63f2a23) sw      gp, -1164(t5)
core   0: 3 0x8000d490 (0xb63f2a23) mem 0x80010000 0x00000001
core   0: 0x8000d494 (0xff9ff06f) j       pc - 0x8
core   0: 3 0x8000d494 (0xff9ff06f)
core   0: 0x8000d48c (0x00003f17) auipc   t5, 0x3
core   0: 3 0x8000d48c (0x00003f17) x30 0x8001048c
core   0: 0x8000d490 (0xb63f2a23) sw      gp, -1164(t5)
core   0: 3 0x8000d490 (0xb63f2a23) mem 0x80010000 0x00000001
core   0: 0x8000d494 (0xff9ff06f) j       pc - 0x8
core   0: 3 0x8000d494 (0xff9ff06f)
core   0: 0x8000d48c (0x00003f17) auipc   t5, 0x3
core   0: 3 0x8000d48c (0x00003f17) x30 0x8001048c
core   0: 0x8000d490 (0xb63f2a23) sw      gp, -1164(t5)
core   0: 3 0x8000d490 (0xb63f2a23) mem 0x80010000 0x00000001
core   0: 0x8000d494 (0xff9ff06f) j       pc - 0x8
core   0: 3 0x8000d494 (0xff9ff06f)
core   0: 0x8000d48c (0x00003f17) auipc   t5, 0x3
core   0: 3 0x8000d48c (0x00003f17) x30 0x8001048c
core   0: 0x8000d490 (0xb63f2a23) sw      gp, -1164(t5)
core   0: 3 0x8000d490 (0xb63f2a23) mem 0x80010000 0x00000001
core   0: 0x8000d494 (0xff9ff06f) j       pc - 0x8
core   0: 3 0x8000d494 (0xff9ff06f)
core   0: 0x8000d48c (0x00003f17) auipc   t5, 0x3
core   0: 3 0x8000d48c (0x00003f17) x30 0x8001048c
core   0: 0x8000d490 (0xb63f2a23) sw      gp, -1164(t5)
core   0: 3 0x8000d490 (0xb63f2a23) mem 0x80010000 0x00000001
core   0: 0x8000d494 (0xff9ff06f) j       pc - 0x8
core   0: 3 0x8000d494 (0xff9ff06f)
core   0: 0x8000d48c (0x00003f17) auipc   t5, 0x3
core   0: 3 0x8000d48c (0x00003f17) x30 0x8001048c
core   0: 0x8000d490 (0xb63f2a23) sw      gp, -1164(t5)
core   0: 3 0x8000d490 (0xb63f2a23) mem 0x80010000 0x00000001
core   0: 0x8000d494 (0xff9ff06f) j       pc - 0x8
core   0: 3 0x8000d494 (0xff9ff06f)
core   0: 0x8000d48c (0x00003f17) auipc   t5, 0x3
core   0: 3 0x8000d48c (0x00003f17) x30 0x8001048c
core   0: 0x8000d490 (0xb63f2a23) sw      gp, -1164(t5)
core   0: 3 0x8000d490 (0xb63f2a23) mem 0x80010000 0x00000001
core   0: 0x8000d494 (0xff9ff06f) j       pc - 0x8
core   0: 3 0x8000d494 (0xff9ff06f)
core   0: 0x8000d48c (0x00003f17) auipc   t5, 0x3
core   0: 3 0x8000d48c (0x00003f17) x30 0x8001048c
core   0: 0x8000d490 (0xb63f2a23) sw      gp, -1164(t5)
core   0: 3 0x8000d490 (0xb63f2a23) mem 0x80010000 0x00000001
core   0: 0x8000d494 (0xff9ff06f) j       pc - 0x8
core   0: 3 0x8000d494 (0xff9ff06f)
core   0: 0x8000d48c (0x00003f17) auipc   t5, 0x3
core   0: 3 0x8000d48c (0x00003f17) x30 0x8001048c
core   0: 0x8000d490 (0xb63f2a23) sw      gp, -1164(t5)
core   0: 3 0x8000d490 (0xb63f2a23) mem 0x80010000 0x00000001
core   0: 0x8000d494 (0xff9ff06f) j       pc - 0x8
core   0: 3 0x8000d494 (0xff9ff06f)
core   0: 0x8000d48c (0x00003f17) auipc   t5, 0x3
core   0: 3 0x8000d48c (0x00003f17) x30 0x8001048c
core   0: 0x8000d490 (0xb63f2a23) sw      gp, -1164(t5)
core   0: 3 0x8000d490 (0xb63f2a23) mem 0x80010000 0x00000001
core   0: 0x8000d494 (0xff9ff06f) j       pc - 0x8
core   0: 3 0x8000d494 (0xff9ff06f)
core   0: 0x8000d48c (0x00003f17) auipc   t5, 0x3
core   0: 3 0x8000d48c (0x00003f17) x30 0x8001048c
core   0: 0x8000d490 (0xb63f2a23) sw      gp, -1164(t5)
core   0: 3 0x8000d490 (0xb63f2a23) mem 0x80010000 0x00000001
core   0: 0x8000d494 (0xff9ff06f) j       pc - 0x8
core   0: 3 0x8000d494 (0xff9ff06f)
core   0: 0x8000d48c (0x00003f17) auipc   t5, 0x3
core   0: 3 0x8000d48c (0x00003f17) x30 0x8001048c
core   0: 0x8000d490 (0xb63f2a23) sw      gp, -1164(t5)
core   0: 3 0x8000d490 (0xb63f2a23) mem 0x80010000 0x00000001
core   0: 0x8000d494 (0xff9ff06f) j       pc - 0x8
core   0: 3 0x8000d494 (0xff9ff06f)
core   0: 0x8000d48c (0x00003f17) auipc   t5, 0x3
core   0: 3 0x8000d48c (0x00003f17) x30 0x8001048c
core   0: 0x8000d490 (0xb63f2a23) sw      gp, -1164(t5)
core   0: 3 0x8000d490 (0xb63f2a23) mem 0x80010000 0x00000001
core   0: 0x8000d494 (0xff9ff06f) j       pc - 0x8
core   0: 3 0x8000d494 (0xff9ff06f)
core   0: 0x8000d48c (0x00003f17) auipc   t5, 0x3
core   0: 3 0x8000d48c (0x00003f17) x30 0x8001048c
core   0: 0x8000d490 (0xb63f2a23) sw      gp, -1164(t5)
core   0: 3 0x8000d490 (0xb63f2a23) mem 0x80010000 0x00000001
core   0: 0x8000d494 (0xff9ff06f) j       pc - 0x8
core   0: 3 0x8000d494 (0xff9ff06f)
core   0: 0x8000d48c (0x00003f17) auipc   t5, 0x3
core   0: 3 0x8000d48c (0x00003f17) x30 0x8001048c
core   0: 0x8000d490 (0xb63f2a23) sw      gp, -1164(t5)
core   0: 3 0x8000d490 (0xb63f2a23) mem 0x80010000 0x00000001
core   0: 0x8000d494 (0xff9ff06f) j       pc - 0x8
core   0: 3 0x8000d494 (0xff9ff06f)
core   0: 0x8000d48c (0x00003f17) auipc   t5, 0x3
core   0: 3 0x8000d48c (0x00003f17) x30 0x8001048c
core   0: 0x8000d490 (0xb63f2a23) sw      gp, -1164(t5)
core   0: 3 0x8000d490 (0xb63f2a23) mem 0x80010000 0x00000001
core   0: 0x8000d494 (0xff9ff06f) j       pc - 0x8
core   0: 3 0x8000d494 (0xff9ff06f)
core   0: 0x8000d48c (0x00003f17) auipc   t5, 0x3
core   0: 3 0x8000d48c (0x00003f17) x30 0x8001048c
core   0: 0x8000d490 (0xb63f2a23) sw      gp, -1164(t5)
core   0: 3 0x8000d490 (0xb63f2a23) mem 0x80010000 0x00000001
core   0: 0x8000d494 (0xff9ff06f) j       pc - 0x8
core   0: 3 0x8000d494 (0xff9ff06f)
core   0: 0x8000d48c (0x00003f17) auipc   t5, 0x3
core   0: 3 0x8000d48c (0x00003f17) x30 0x8001048c
core   0: 0x8000d490 (0xb63f2a23) sw      gp, -1164(t5)
core   0: 3 0x8000d490 (0xb63f2a23) mem 0x80010000 0x00000001
core   0: 0x8000d494 (0xff9ff06f) j       pc - 0x8
core   0: 3 0x8000d494 (0xff9ff06f)
core   0: 0x8000d48c (0x00003f17) auipc   t5, 0x3
core   0: 3 0x8000d48c (0x00003f17) x30 0x8001048c
core   0: 0x8000d490 (0xb63f2a23) sw      gp, -1164(t5)
core   0: 3 0x8000d490 (0xb63f2a23) mem 0x80010000 0x00000001
core   0: 0x8000d494 (0xff9ff06f) j       pc - 0x8
core   0: 3 0x8000d494 (0xff9ff06f)
core   0: 0x8000d48c (0x00003f17) auipc   t5, 0x3
core   0: 3 0x8000d48c (0x00003f17) x30 0x8001048c
core   0: 0x8000d490 (0xb63f2a23) sw      gp, -1164(t5)
core   0: 3 0x8000d490 (0xb63f2a23) mem 0x80010000 0x00000001
core   0: 0x8000d494 (0xff9ff06f) j       pc - 0x8
core   0: 3 0x8000d494 (0xff9ff06f)
core   0: 0x8000d48c (0x00003f17) auipc   t5, 0x3
core   0: 3 0x8000d48c (0x00003f17) x30 0x8001048c
core   0: 0x8000d490 (0xb63f2a23) sw      gp, -1164(t5)
core   0: 3 0x8000d490 (0xb63f2a23) mem 0x80010000 0x00000001
core   0: 0x8000d494 (0xff9ff06f) j       pc - 0x8
core   0: 3 0x8000d494 (0xff9ff06f)
core   0: 0x8000d48c (0x00003f17) auipc   t5, 0x3
core   0: 3 0x8000d48c (0x00003f17) x30 0x8001048c
core   0: 0x8000d490 (0xb63f2a23) sw      gp, -1164(t5)
core   0: 3 0x8000d490 (0xb63f2a23) mem 0x80010000 0x00000001
core   0: 0x8000d494 (0xff9ff06f) j       pc - 0x8
core   0: 3 0x8000d494 (0xff9ff06f)
core   0: 0x8000d48c (0x00003f17) auipc   t5, 0x3
core   0: 3 0x8000d48c (0x00003f17) x30 0x8001048c
core   0: 0x8000d490 (0xb63f2a23) sw      gp, -1164(t5)
core   0: 3 0x8000d490 (0xb63f2a23) mem 0x80010000 0x00000001
core   0: 0x8000d494 (0xff9ff06f) j       pc - 0x8
core   0: 3 0x8000d494 (0xff9ff06f)
core   0: 0x8000d48c (0x00003f17) auipc   t5, 0x3
core   0: 3 0x8000d48c (0x00003f17) x30 0x8001048c
core   0: 0x8000d490 (0xb63f2a23) sw      gp, -1164(t5)
core   0: 3 0x8000d490 (0xb63f2a23) mem 0x80010000 0x00000001
core   0: 0x8000d494 (0xff9ff06f) j       pc - 0x8
core   0: 3 0x8000d494 (0xff9ff06f)
core   0: 0x8000d48c (0x00003f17) auipc   t5, 0x3
core   0: 3 0x8000d48c (0x00003f17) x30 0x8001048c
core   0: 0x8000d490 (0xb63f2a23) sw      gp, -1164(t5)
core   0: 3 0x8000d490 (0xb63f2a23) mem 0x80010000 0x00000001
core   0: 0x8000d494 (0xff9ff06f) j       pc - 0x8
core   0: 3 0x8000d494 (0xff9ff06f)
core   0: 0x8000d48c (0x00003f17) auipc   t5, 0x3
core   0: 3 0x8000d48c (0x00003f17) x30 0x8001048c
core   0: 0x8000d490 (0xb63f2a23) sw      gp, -1164(t5)
core   0: 3 0x8000d490 (0xb63f2a23) mem 0x80010000 0x00000001
core   0: 0x8000d494 (0xff9ff06f) j       pc - 0x8
core   0: 3 0x8000d494 (0xff9ff06f)
core   0: 0x8000d48c (0x00003f17) auipc   t5, 0x3
core   0: 3 0x8000d48c (0x00003f17) x30 0x8001048c
core   0: 0x8000d490 (0xb63f2a23) sw      gp, -1164(t5)
core   0: 3 0x8000d490 (0xb63f2a23) mem 0x80010000 0x00000001
core   0: 0x8000d494 (0xff9ff06f) j       pc - 0x8
core   0: 3 0x8000d494 (0xff9ff06f)
core   0: 0x8000d48c (0x00003f17) auipc   t5, 0x3
core   0: 3 0x8000d48c (0x00003f17) x30 0x8001048c
core   0: 0x8000d490 (0xb63f2a23) sw      gp, -1164(t5)
core   0: 3 0x8000d490 (0xb63f2a23) mem 0x80010000 0x00000001
core   0: 0x8000d494 (0xff9ff06f) j       pc - 0x8
core   0: 3 0x8000d494 (0xff9ff06f)
core   0: 0x8000d48c (0x00003f17) auipc   t5, 0x3
core   0: 3 0x8000d48c (0x00003f17) x30 0x8001048c
core   0: 0x8000d490 (0xb63f2a23) sw      gp, -1164(t5)
core   0: 3 0x8000d490 (0xb63f2a23) mem 0x80010000 0x00000001
core   0: 0x8000d494 (0xff9ff06f) j       pc - 0x8
core   0: 3 0x8000d494 (0xff9ff06f)
core   0: 0x8000d48c (0x00003f17) auipc   t5, 0x3
core   0: 3 0x8000d48c (0x00003f17) x30 0x8001048c
core   0: 0x8000d490 (0xb63f2a23) sw      gp, -1164(t5)
core   0: 3 0x8000d490 (0xb63f2a23) mem 0x80010000 0x00000001
core   0: 0x8000d494 (0xff9ff06f) j       pc - 0x8
core   0: 3 0x8000d494 (0xff9ff06f)
core   0: 0x8000d48c (0x00003f17) auipc   t5, 0x3
core   0: 3 0x8000d48c (0x00003f17) x30 0x8001048c
core   0: 0x8000d490 (0xb63f2a23) sw      gp, -1164(t5)
core   0: 3 0x8000d490 (0xb63f2a23) mem 0x80010000 0x00000001
core   0: 0x8000d494 (0xff9ff06f) j       pc - 0x8
core   0: 3 0x8000d494 (0xff9ff06f)
core   0: 0x8000d48c (0x00003f17) auipc   t5, 0x3
core   0: 3 0x8000d48c (0x00003f17) x30 0x8001048c
core   0: 0x8000d490 (0xb63f2a23) sw      gp, -1164(t5)
core   0: 3 0x8000d490 (0xb63f2a23) mem 0x80010000 0x00000001
core   0: 0x8000d494 (0xff9ff06f) j       pc - 0x8
core   0: 3 0x8000d494 (0xff9ff06f)
core   0: 0x8000d48c (0x00003f17) auipc   t5, 0x3
core   0: 3 0x8000d48c (0x00003f17) x30 0x8001048c
core   0: 0x8000d490 (0xb63f2a23) sw      gp, -1164(t5)
core   0: 3 0x8000d490 (0xb63f2a23) mem 0x80010000 0x00000001
core   0: 0x8000d494 (0xff9ff06f) j       pc - 0x8
core   0: 3 0x8000d494 (0xff9ff06f)
core   0: 0x8000d48c (0x00003f17) auipc   t5, 0x3
core   0: 3 0x8000d48c (0x00003f17) x30 0x8001048c
core   0: 0x8000d490 (0xb63f2a23) sw      gp, -1164(t5)
core   0: 3 0x8000d490 (0xb63f2a23) mem 0x80010000 0x00000001
core   0: 0x8000d494 (0xff9ff06f) j       pc - 0x8
core   0: 3 0x8000d494 (0xff9ff06f)
core   0: 0x8000d48c (0x00003f17) auipc   t5, 0x3
core   0: 3 0x8000d48c (0x00003f17) x30 0x8001048c
core   0: 0x8000d490 (0xb63f2a23) sw      gp, -1164(t5)
core   0: 3 0x8000d490 (0xb63f2a23) mem 0x80010000 0x00000001
core   0: 0x8000d494 (0xff9ff06f) j       pc - 0x8
core   0: 3 0x8000d494 (0xff9ff06f)
core   0: 0x8000d48c (0x00003f17) auipc   t5, 0x3
core   0: 3 0x8000d48c (0x00003f17) x30 0x8001048c
core   0: 0x8000d490 (0xb63f2a23) sw      gp, -1164(t5)
core   0: 3 0x8000d490 (0xb63f2a23) mem 0x80010000 0x00000001
core   0: 0x8000d494 (0xff9ff06f) j       pc - 0x8
core   0: 3 0x8000d494 (0xff9ff06f)
core   0: 0x8000d48c (0x00003f17) auipc   t5, 0x3
core   0: 3 0x8000d48c (0x00003f17) x30 0x8001048c
core   0: 0x8000d490 (0xb63f2a23) sw      gp, -1164(t5)
core   0: 3 0x8000d490 (0xb63f2a23) mem 0x80010000 0x00000001
core   0: 0x8000d494 (0xff9ff06f) j       pc - 0x8
core   0: 3 0x8000d494 (0xff9ff06f)
core   0: 0x8000d48c (0x00003f17) auipc   t5, 0x3
core   0: 3 0x8000d48c (0x00003f17) x30 0x8001048c
core   0: 0x8000d490 (0xb63f2a23) sw      gp, -1164(t5)
core   0: 3 0x8000d490 (0xb63f2a23) mem 0x80010000 0x00000001
core   0: 0x8000d494 (0xff9ff06f) j       pc - 0x8
core   0: 3 0x8000d494 (0xff9ff06f)
core   0: 0x8000d48c (0x00003f17) auipc   t5, 0x3
core   0: 3 0x8000d48c (0x00003f17) x30 0x8001048c
core   0: 0x8000d490 (0xb63f2a23) sw      gp, -1164(t5)
core   0: 3 0x8000d490 (0xb63f2a23) mem 0x80010000 0x00000001
core   0: 0x8000d494 (0xff9ff06f) j       pc - 0x8
core   0: 3 0x8000d494 (0xff9ff06f)
core   0: 0x8000d48c (0x00003f17) auipc   t5, 0x3
core   0: 3 0x8000d48c (0x00003f17) x30 0x8001048c
core   0: 0x8000d490 (0xb63f2a23) sw      gp, -1164(t5)
core   0: 3 0x8000d490 (0xb63f2a23) mem 0x80010000 0x00000001
core   0: 0x8000d494 (0xff9ff06f) j       pc - 0x8
core   0: 3 0x8000d494 (0xff9ff06f)
core   0: 0x8000d48c (0x00003f17) auipc   t5, 0x3
core   0: 3 0x8000d48c (0x00003f17) x30 0x8001048c
core   0: 0x8000d490 (0xb63f2a23) sw      gp, -1164(t5)
core   0: 3 0x8000d490 (0xb63f2a23) mem 0x80010000 0x00000001
core   0: 0x8000d494 (0xff9ff06f) j       pc - 0x8
core   0: 3 0x8000d494 (0xff9ff06f)
core   0: 0x8000d48c (0x00003f17) auipc   t5, 0x3
core   0: 3 0x8000d48c (0x00003f17) x30 0x8001048c
core   0: 0x8000d490 (0xb63f2a23) sw      gp, -1164(t5)
core   0: 3 0x8000d490 (0xb63f2a23) mem 0x80010000 0x00000001
core   0: 0x8000d494 (0xff9ff06f) j       pc - 0x8
core   0: 3 0x8000d494 (0xff9ff06f)
core   0: 0x8000d48c (0x00003f17) auipc   t5, 0x3
core   0: 3 0x8000d48c (0x00003f17) x30 0x8001048c
core   0: 0x8000d490 (0xb63f2a23) sw      gp, -1164(t5)
core   0: 3 0x8000d490 (0xb63f2a23) mem 0x80010000 0x00000001
core   0: 0x8000d494 (0xff9ff06f) j       pc - 0x8
core   0: 3 0x8000d494 (0xff9ff06f)
core   0: 0x8000d48c (0x00003f17) auipc   t5, 0x3
core   0: 3 0x8000d48c (0x00003f17) x30 0x8001048c
core   0: 0x8000d490 (0xb63f2a23) sw      gp, -1164(t5)
core   0: 3 0x8000d490 (0xb63f2a23) mem 0x80010000 0x00000001
core   0: 0x8000d494 (0xff9ff06f) j       pc - 0x8
core   0: 3 0x8000d494 (0xff9ff06f)
core   0: 0x8000d48c (0x00003f17) auipc   t5, 0x3
core   0: 3 0x8000d48c (0x00003f17) x30 0x8001048c
core   0: 0x8000d490 (0xb63f2a23) sw      gp, -1164(t5)
core   0: 3 0x8000d490 (0xb63f2a23) mem 0x80010000 0x00000001
core   0: 0x8000d494 (0xff9ff06f) j       pc - 0x8
core   0: 3 0x8000d494 (0xff9ff06f)
core   0: 0x8000d48c (0x00003f17) auipc   t5, 0x3
core   0: 3 0x8000d48c (0x00003f17) x30 0x8001048c
core   0: 0x8000d490 (0xb63f2a23) sw      gp, -1164(t5)
core   0: 3 0x8000d490 (0xb63f2a23) mem 0x80010000 0x00000001
core   0: 0x8000d494 (0xff9ff06f) j       pc - 0x8
core   0: 3 0x8000d494 (0xff9ff06f)
core   0: 0x8000d48c (0x00003f17) auipc   t5, 0x3
core   0: 3 0x8000d48c (0x00003f17) x30 0x8001048c
core   0: 0x8000d490 (0xb63f2a23) sw      gp, -1164(t5)
core   0: 3 0x8000d490 (0xb63f2a23) mem 0x80010000 0x00000001
core   0: 0x8000d494 (0xff9ff06f) j       pc - 0x8
core   0: 3 0x8000d494 (0xff9ff06f)
core   0: 0x8000d48c (0x00003f17) auipc   t5, 0x3
core   0: 3 0x8000d48c (0x00003f17) x30 0x8001048c
core   0: 0x8000d490 (0xb63f2a23) sw      gp, -1164(t5)
core   0: 3 0x8000d490 (0xb63f2a23) mem 0x80010000 0x00000001
core   0: 0x8000d494 (0xff9ff06f) j       pc - 0x8
core   0: 3 0x8000d494 (0xff9ff06f)
core   0: 0x8000d48c (0x00003f17) auipc   t5, 0x3
core   0: 3 0x8000d48c (0x00003f17) x30 0x8001048c
core   0: 0x8000d490 (0xb63f2a23) sw      gp, -1164(t5)
core   0: 3 0x8000d490 (0xb63f2a23) mem 0x80010000 0x00000001
core   0: 0x8000d494 (0xff9ff06f) j       pc - 0x8
core   0: 3 0x8000d494 (0xff9ff06f)
core   0: 0x8000d48c (0x00003f17) auipc   t5, 0x3
core   0: 3 0x8000d48c (0x00003f17) x30 0x8001048c
core   0: 0x8000d490 (0xb63f2a23) sw      gp, -1164(t5)
core   0: 3 0x8000d490 (0xb63f2a23) mem 0x80010000 0x00000001
core   0: 0x8000d494 (0xff9ff06f) j       pc - 0x8
core   0: 3 0x8000d494 (0xff9ff06f)
core   0: 0x8000d48c (0x00003f17) auipc   t5, 0x3
core   0: 3 0x8000d48c (0x00003f17) x30 0x8001048c
core   0: 0x8000d490 (0xb63f2a23) sw      gp, -1164(t5)
core   0: 3 0x8000d490 (0xb63f2a23) mem 0x80010000 0x00000001
core   0: 0x8000d494 (0xff9ff06f) j       pc - 0x8
core   0: 3 0x8000d494 (0xff9ff06f)
core   0: 0x8000d48c (0x00003f17) auipc   t5, 0x3
core   0: 3 0x8000d48c (0x00003f17) x30 0x8001048c
core   0: 0x8000d490 (0xb63f2a23) sw      gp, -1164(t5)
core   0: 3 0x8000d490 (0xb63f2a23) mem 0x80010000 0x00000001
core   0: 0x8000d494 (0xff9ff06f) j       pc - 0x8
core   0: 3 0x8000d494 (0xff9ff06f)
core   0: 0x8000d48c (0x00003f17) auipc   t5, 0x3
core   0: 3 0x8000d48c (0x00003f17) x30 0x8001048c
core   0: 0x8000d490 (0xb63f2a23) sw      gp, -1164(t5)
core   0: 3 0x8000d490 (0xb63f2a23) mem 0x80010000 0x00000001
core   0: 0x8000d494 (0xff9ff06f) j       pc - 0x8
core   0: 3 0x8000d494 (0xff9ff06f)
core   0: 0x8000d48c (0x00003f17) auipc   t5, 0x3
core   0: 3 0x8000d48c (0x00003f17) x30 0x8001048c
core   0: 0x8000d490 (0xb63f2a23) sw      gp, -1164(t5)
core   0: 3 0x8000d490 (0xb63f2a23) mem 0x80010000 0x00000001
core   0: 0x8000d494 (0xff9ff06f) j       pc - 0x8
core   0: 3 0x8000d494 (0xff9ff06f)
core   0: 0x8000d48c (0x00003f17) auipc   t5, 0x3
core   0: 3 0x8000d48c (0x00003f17) x30 0x8001048c
core   0: 0x8000d490 (0xb63f2a23) sw      gp, -1164(t5)
core   0: 3 0x8000d490 (0xb63f2a23) mem 0x80010000 0x00000001
core   0: 0x8000d494 (0xff9ff06f) j       pc - 0x8
core   0: 3 0x8000d494 (0xff9ff06f)
core   0: 0x8000d48c (0x00003f17) auipc   t5, 0x3
core   0: 3 0x8000d48c (0x00003f17) x30 0x8001048c
core   0: 0x8000d490 (0xb63f2a23) sw      gp, -1164(t5)
core   0: 3 0x8000d490 (0xb63f2a23) mem 0x80010000 0x00000001
core   0: 0x8000d494 (0xff9ff06f) j       pc - 0x8
core   0: 3 0x8000d494 (0xff9ff06f)
core   0: 0x8000d48c (0x00003f17) auipc   t5, 0x3
core   0: 3 0x8000d48c (0x00003f17) x30 0x8001048c
core   0: 0x8000d490 (0xb63f2a23) sw      gp, -1164(t5)
core   0: 3 0x8000d490 (0xb63f2a23) mem 0x80010000 0x00000001
core   0: 0x8000d494 (0xff9ff06f) j       pc - 0x8
core   0: 3 0x8000d494 (0xff9ff06f)
core   0: 0x8000d48c (0x00003f17) auipc   t5, 0x3
core   0: 3 0x8000d48c (0x00003f17) x30 0x8001048c
core   0: 0x8000d490 (0xb63f2a23) sw      gp, -1164(t5)
core   0: 3 0x8000d490 (0xb63f2a23) mem 0x80010000 0x00000001
core   0: 0x8000d494 (0xff9ff06f) j       pc - 0x8
core   0: 3 0x8000d494 (0xff9ff06f)
core   0: 0x8000d48c (0x00003f17) auipc   t5, 0x3
core   0: 3 0x8000d48c (0x00003f17) x30 0x8001048c
core   0: 0x8000d490 (0xb63f2a23) sw      gp, -1164(t5)
core   0: 3 0x8000d490 (0xb63f2a23) mem 0x80010000 0x00000001
core   0: 0x8000d494 (0xff9ff06f) j       pc - 0x8
core   0: 3 0x8000d494 (0xff9ff06f)
core   0: 0x8000d48c (0x00003f17) auipc   t5, 0x3
core   0: 3 0x8000d48c (0x00003f17) x30 0x8001048c
core   0: 0x8000d490 (0xb63f2a23) sw      gp, -1164(t5)
core   0: 3 0x8000d490 (0xb63f2a23) mem 0x80010000 0x00000001
core   0: 0x8000d494 (0xff9ff06f) j       pc - 0x8
core   0: 3 0x8000d494 (0xff9ff06f)
core   0: 0x8000d48c (0x00003f17) auipc   t5, 0x3
core   0: 3 0x8000d48c (0x00003f17) x30 0x8001048c
core   0: 0x8000d490 (0xb63f2a23) sw      gp, -1164(t5)
core   0: 3 0x8000d490 (0xb63f2a23) mem 0x80010000 0x00000001
core   0: 0x8000d494 (0xff9ff06f) j       pc - 0x8
core   0: 3 0x8000d494 (0xff9ff06f)
core   0: 0x8000d48c (0x00003f17) auipc   t5, 0x3
core   0: 3 0x8000d48c (0x00003f17) x30 0x8001048c
core   0: 0x8000d490 (0xb63f2a23) sw      gp, -1164(t5)
core   0: 3 0x8000d490 (0xb63f2a23) mem 0x80010000 0x00000001
core   0: 0x8000d494 (0xff9ff06f) j       pc - 0x8
core   0: 3 0x8000d494 (0xff9ff06f)
core   0: 0x8000d48c (0x00003f17) auipc   t5, 0x3
core   0: 3 0x8000d48c (0x00003f17) x30 0x8001048c
core   0: 0x8000d490 (0xb63f2a23) sw      gp, -1164(t5)
core   0: 3 0x8000d490 (0xb63f2a23) mem 0x80010000 0x00000001
core   0: 0x8000d494 (0xff9ff06f) j       pc - 0x8
core   0: 3 0x8000d494 (0xff9ff06f)
core   0: 0x8000d48c (0x00003f17) auipc   t5, 0x3
core   0: 3 0x8000d48c (0x00003f17) x30 0x8001048c
core   0: 0x8000d490 (0xb63f2a23) sw      gp, -1164(t5)
core   0: 3 0x8000d490 (0xb63f2a23) mem 0x80010000 0x00000001
core   0: 0x8000d494 (0xff9ff06f) j       pc - 0x8
core   0: 3 0x8000d494 (0xff9ff06f)
core   0: 0x8000d48c (0x00003f17) auipc   t5, 0x3
core   0: 3 0x8000d48c (0x00003f17) x30 0x8001048c
core   0: 0x8000d490 (0xb63f2a23) sw      gp, -1164(t5)
core   0: 3 0x8000d490 (0xb63f2a23) mem 0x80010000 0x00000001
core   0: 0x8000d494 (0xff9ff06f) j       pc - 0x8
core   0: 3 0x8000d494 (0xff9ff06f)
core   0: 0x8000d48c (0x00003f17) auipc   t5, 0x3
core   0: 3 0x8000d48c (0x00003f17) x30 0x8001048c
core   0: 0x8000d490 (0xb63f2a23) sw      gp, -1164(t5)
core   0: 3 0x8000d490 (0xb63f2a23) mem 0x80010000 0x00000001
core   0: 0x8000d494 (0xff9ff06f) j       pc - 0x8
core   0: 3 0x8000d494 (0xff9ff06f)
core   0: 0x8000d48c (0x00003f17) auipc   t5, 0x3
core   0: 3 0x8000d48c (0x00003f17) x30 0x8001048c
core   0: 0x8000d490 (0xb63f2a23) sw      gp, -1164(t5)
core   0: 3 0x8000d490 (0xb63f2a23) mem 0x80010000 0x00000001
core   0: 0x8000d494 (0xff9ff06f) j       pc - 0x8
core   0: 3 0x8000d494 (0xff9ff06f)
core   0: 0x8000d48c (0x00003f17) auipc   t5, 0x3
core   0: 3 0x8000d48c (0x00003f17) x30 0x8001048c
core   0: 0x8000d490 (0xb63f2a23) sw      gp, -1164(t5)
core   0: 3 0x8000d490 (0xb63f2a23) mem 0x80010000 0x00000001
core   0: 0x8000d494 (0xff9ff06f) j       pc - 0x8
core   0: 3 0x8000d494 (0xff9ff06f)
core   0: 0x8000d48c (0x00003f17) auipc   t5, 0x3
core   0: 3 0x8000d48c (0x00003f17) x30 0x8001048c
core   0: 0x8000d490 (0xb63f2a23) sw      gp, -1164(t5)
core   0: 3 0x8000d490 (0xb63f2a23) mem 0x80010000 0x00000001
core   0: 0x8000d494 (0xff9ff06f) j       pc - 0x8
core   0: 3 0x8000d494 (0xff9ff06f)
core   0: 0x8000d48c (0x00003f17) auipc   t5, 0x3
core   0: 3 0x8000d48c (0x00003f17) x30 0x8001048c
core   0: 0x8000d490 (0xb63f2a23) sw      gp, -1164(t5)
core   0: 3 0x8000d490 (0xb63f2a23) mem 0x80010000 0x00000001
core   0: 0x8000d494 (0xff9ff06f) j       pc - 0x8
core   0: 3 0x8000d494 (0xff9ff06f)
core   0: 0x8000d48c (0x00003f17) auipc   t5, 0x3
core   0: 3 0x8000d48c (0x00003f17) x30 0x8001048c
core   0: 0x8000d490 (0xb63f2a23) sw      gp, -1164(t5)
core   0: 3 0x8000d490 (0xb63f2a23) mem 0x80010000 0x00000001
core   0: 0x8000d494 (0xff9ff06f) j       pc - 0x8
core   0: 3 0x8000d494 (0xff9ff06f)
core   0: 0x8000d48c (0x00003f17) auipc   t5, 0x3
core   0: 3 0x8000d48c (0x00003f17) x30 0x8001048c
core   0: 0x8000d490 (0xb63f2a23) sw      gp, -1164(t5)
core   0: 3 0x8000d490 (0xb63f2a23) mem 0x80010000 0x00000001
core   0: 0x8000d494 (0xff9ff06f) j       pc - 0x8
core   0: 3 0x8000d494 (0xff9ff06f)
core   0: 0x8000d48c (0x00003f17) auipc   t5, 0x3
core   0: 3 0x8000d48c (0x00003f17) x30 0x8001048c
core   0: 0x8000d490 (0xb63f2a23) sw      gp, -1164(t5)
core   0: 3 0x8000d490 (0xb63f2a23) mem 0x80010000 0x00000001
core   0: 0x8000d494 (0xff9ff06f) j       pc - 0x8
core   0: 3 0x8000d494 (0xff9ff06f)
core   0: 0x8000d48c (0x00003f17) auipc   t5, 0x3
core   0: 3 0x8000d48c (0x00003f17) x30 0x8001048c
core   0: 0x8000d490 (0xb63f2a23) sw      gp, -1164(t5)
core   0: 3 0x8000d490 (0xb63f2a23) mem 0x80010000 0x00000001
core   0: 0x8000d494 (0xff9ff06f) j       pc - 0x8
core   0: 3 0x8000d494 (0xff9ff06f)
core   0: 0x8000d48c (0x00003f17) auipc   t5, 0x3
core   0: 3 0x8000d48c (0x00003f17) x30 0x8001048c
core   0: 0x8000d490 (0xb63f2a23) sw      gp, -1164(t5)
core   0: 3 0x8000d490 (0xb63f2a23) mem 0x80010000 0x00000001
core   0: 0x8000d494 (0xff9ff06f) j       pc - 0x8
core   0: 3 0x8000d494 (0xff9ff06f)
core   0: 0x8000d48c (0x00003f17) auipc   t5, 0x3
core   0: 3 0x8000d48c (0x00003f17) x30 0x8001048c
core   0: 0x8000d490 (0xb63f2a23) sw      gp, -1164(t5)
core   0: 3 0x8000d490 (0xb63f2a23) mem 0x80010000 0x00000001
core   0: 0x8000d494 (0xff9ff06f) j       pc - 0x8
core   0: 3 0x8000d494 (0xff9ff06f)
core   0: 0x8000d48c (0x00003f17) auipc   t5, 0x3
core   0: 3 0x8000d48c (0x00003f17) x30 0x8001048c
core   0: 0x8000d490 (0xb63f2a23) sw      gp, -1164(t5)
core   0: 3 0x8000d490 (0xb63f2a23) mem 0x80010000 0x00000001
core   0: 0x8000d494 (0xff9ff06f) j       pc - 0x8
core   0: 3 0x8000d494 (0xff9ff06f)
core   0: 0x8000d48c (0x00003f17) auipc   t5, 0x3
core   0: 3 0x8000d48c (0x00003f17) x30 0x8001048c
core   0: 0x8000d490 (0xb63f2a23) sw      gp, -1164(t5)
core   0: 3 0x8000d490 (0xb63f2a23) mem 0x80010000 0x00000001
core   0: 0x8000d494 (0xff9ff06f) j       pc - 0x8
core   0: 3 0x8000d494 (0xff9ff06f)
core   0: 0x8000d48c (0x00003f17) auipc   t5, 0x3
core   0: 3 0x8000d48c (0x00003f17) x30 0x8001048c
core   0: 0x8000d490 (0xb63f2a23) sw      gp, -1164(t5)
core   0: 3 0x8000d490 (0xb63f2a23) mem 0x80010000 0x00000001
core   0: 0x8000d494 (0xff9ff06f) j       pc - 0x8
core   0: 3 0x8000d494 (0xff9ff06f)
core   0: 0x8000d48c (0x00003f17) auipc   t5, 0x3
core   0: 3 0x8000d48c (0x00003f17) x30 0x8001048c
core   0: 0x8000d490 (0xb63f2a23) sw      gp, -1164(t5)
core   0: 3 0x8000d490 (0xb63f2a23) mem 0x80010000 0x00000001
core   0: 0x8000d494 (0xff9ff06f) j       pc - 0x8
core   0: 3 0x8000d494 (0xff9ff06f)
core   0: 0x8000d48c (0x00003f17) auipc   t5, 0x3
core   0: 3 0x8000d48c (0x00003f17) x30 0x8001048c
core   0: 0x8000d490 (0xb63f2a23) sw      gp, -1164(t5)
core   0: 3 0x8000d490 (0xb63f2a23) mem 0x80010000 0x00000001
core   0: 0x8000d494 (0xff9ff06f) j       pc - 0x8
core   0: 3 0x8000d494 (0xff9ff06f)
core   0: 0x8000d48c (0x00003f17) auipc   t5, 0x3
core   0: 3 0x8000d48c (0x00003f17) x30 0x8001048c
core   0: 0x8000d490 (0xb63f2a23) sw      gp, -1164(t5)
core   0: 3 0x8000d490 (0xb63f2a23) mem 0x80010000 0x00000001
core   0: 0x8000d494 (0xff9ff06f) j       pc - 0x8
core   0: 3 0x8000d494 (0xff9ff06f)
core   0: 0x8000d48c (0x00003f17) auipc   t5, 0x3
core   0: 3 0x8000d48c (0x00003f17) x30 0x8001048c
core   0: 0x8000d490 (0xb63f2a23) sw      gp, -1164(t5)
core   0: 3 0x8000d490 (0xb63f2a23) mem 0x80010000 0x00000001
core   0: 0x8000d494 (0xff9ff06f) j       pc - 0x8
core   0: 3 0x8000d494 (0xff9ff06f)
core   0: 0x8000d48c (0x00003f17) auipc   t5, 0x3
core   0: 3 0x8000d48c (0x00003f17) x30 0x8001048c
core   0: 0x8000d490 (0xb63f2a23) sw      gp, -1164(t5)
core   0: 3 0x8000d490 (0xb63f2a23) mem 0x80010000 0x00000001
core   0: 0x8000d494 (0xff9ff06f) j       pc - 0x8
core   0: 3 0x8000d494 (0xff9ff06f)
core   0: 0x8000d48c (0x00003f17) auipc   t5, 0x3
core   0: 3 0x8000d48c (0x00003f17) x30 0x8001048c
core   0: 0x8000d490 (0xb63f2a23) sw      gp, -1164(t5)
core   0: 3 0x8000d490 (0xb63f2a23) mem 0x80010000 0x00000001
core   0: 0x8000d494 (0xff9ff06f) j       pc - 0x8
core   0: 3 0x8000d494 (0xff9ff06f)
core   0: 0x8000d48c (0x00003f17) auipc   t5, 0x3
core   0: 3 0x8000d48c (0x00003f17) x30 0x8001048c
core   0: 0x8000d490 (0xb63f2a23) sw      gp, -1164(t5)
core   0: 3 0x8000d490 (0xb63f2a23) mem 0x80010000 0x00000001
core   0: 0x8000d494 (0xff9ff06f) j       pc - 0x8
core   0: 3 0x8000d494 (0xff9ff06f)
core   0: 0x8000d48c (0x00003f17) auipc   t5, 0x3
core   0: 3 0x8000d48c (0x00003f17) x30 0x8001048c
core   0: 0x8000d490 (0xb63f2a23) sw      gp, -1164(t5)
core   0: 3 0x8000d490 (0xb63f2a23) mem 0x80010000 0x00000001
core   0: 0x8000d494 (0xff9ff06f) j       pc - 0x8
core   0: 3 0x8000d494 (0xff9ff06f)
core   0: 0x8000d48c (0x00003f17) auipc   t5, 0x3
core   0: 3 0x8000d48c (0x00003f17) x30 0x8001048c
core   0: 0x8000d490 (0xb63f2a23) sw      gp, -1164(t5)
core   0: 3 0x8000d490 (0xb63f2a23) mem 0x80010000 0x00000001
core   0: 0x8000d494 (0xff9ff06f) j       pc - 0x8
core   0: 3 0x8000d494 (0xff9ff06f)
core   0: 0x8000d48c (0x00003f17) auipc   t5, 0x3
core   0: 3 0x8000d48c (0x00003f17) x30 0x8001048c
core   0: 0x8000d490 (0xb63f2a23) sw      gp, -1164(t5)
core   0: 3 0x8000d490 (0xb63f2a23) mem 0x80010000 0x00000001
core   0: 0x8000d494 (0xff9ff06f) j       pc - 0x8
core   0: 3 0x8000d494 (0xff9ff06f)
core   0: 0x8000d48c (0x00003f17) auipc   t5, 0x3
core   0: 3 0x8000d48c (0x00003f17) x30 0x8001048c
core   0: 0x8000d490 (0xb63f2a23) sw      gp, -1164(t5)
core   0: 3 0x8000d490 (0xb63f2a23) mem 0x80010000 0x00000001
core   0: 0x8000d494 (0xff9ff06f) j       pc - 0x8
core   0: 3 0x8000d494 (0xff9ff06f)
core   0: 0x8000d48c (0x00003f17) auipc   t5, 0x3
core   0: 3 0x8000d48c (0x00003f17) x30 0x8001048c
core   0: 0x8000d490 (0xb63f2a23) sw      gp, -1164(t5)
core   0: 3 0x8000d490 (0xb63f2a23) mem 0x80010000 0x00000001
core   0: 0x8000d494 (0xff9ff06f) j       pc - 0x8
core   0: 3 0x8000d494 (0xff9ff06f)
core   0: 0x8000d48c (0x00003f17) auipc   t5, 0x3
core   0: 3 0x8000d48c (0x00003f17) x30 0x8001048c
core   0: 0x8000d490 (0xb63f2a23) sw      gp, -1164(t5)
core   0: 3 0x8000d490 (0xb63f2a23) mem 0x80010000 0x00000001
core   0: 0x8000d494 (0xff9ff06f) j       pc - 0x8
core   0: 3 0x8000d494 (0xff9ff06f)
core   0: 0x8000d48c (0x00003f17) auipc   t5, 0x3
core   0: 3 0x8000d48c (0x00003f17) x30 0x8001048c
core   0: 0x8000d490 (0xb63f2a23) sw      gp, -1164(t5)
core   0: 3 0x8000d490 (0xb63f2a23) mem 0x80010000 0x00000001
core   0: 0x8000d494 (0xff9ff06f) j       pc - 0x8
core   0: 3 0x8000d494 (0xff9ff06f)
core   0: 0x8000d48c (0x00003f17) auipc   t5, 0x3
core   0: 3 0x8000d48c (0x00003f17) x30 0x8001048c
core   0: 0x8000d490 (0xb63f2a23) sw      gp, -1164(t5)
core   0: 3 0x8000d490 (0xb63f2a23) mem 0x80010000 0x00000001
core   0: 0x8000d494 (0xff9ff06f) j       pc - 0x8
core   0: 3 0x8000d494 (0xff9ff06f)
core   0: 0x8000d48c (0x00003f17) auipc   t5, 0x3
core   0: 3 0x8000d48c (0x00003f17) x30 0x8001048c
core   0: 0x8000d490 (0xb63f2a23) sw      gp, -1164(t5)
core   0: 3 0x8000d490 (0xb63f2a23) mem 0x80010000 0x00000001
core   0: 0x8000d494 (0xff9ff06f) j       pc - 0x8
core   0: 3 0x8000d494 (0xff9ff06f)
core   0: 0x8000d48c (0x00003f17) auipc   t5, 0x3
core   0: 3 0x8000d48c (0x00003f17) x30 0x8001048c
core   0: 0x8000d490 (0xb63f2a23) sw      gp, -1164(t5)
core   0: 3 0x8000d490 (0xb63f2a23) mem 0x80010000 0x00000001
core   0: 0x8000d494 (0xff9ff06f) j       pc - 0x8
core   0: 3 0x8000d494 (0xff9ff06f)
core   0: 0x8000d48c (0x00003f17) auipc   t5, 0x3
core   0: 3 0x8000d48c (0x00003f17) x30 0x8001048c
core   0: 0x8000d490 (0xb63f2a23) sw      gp, -1164(t5)
core   0: 3 0x8000d490 (0xb63f2a23) mem 0x80010000 0x00000001
core   0: 0x8000d494 (0xff9ff06f) j       pc - 0x8
core   0: 3 0x8000d494 (0xff9ff06f)
core   0: 0x8000d48c (0x00003f17) auipc   t5, 0x3
core   0: 3 0x8000d48c (0x00003f17) x30 0x8001048c
core   0: 0x8000d490 (0xb63f2a23) sw      gp, -1164(t5)
core   0: 3 0x8000d490 (0xb63f2a23) mem 0x80010000 0x00000001
core   0: 0x8000d494 (0xff9ff06f) j       pc - 0x8
core   0: 3 0x8000d494 (0xff9ff06f)
core   0: 0x8000d48c (0x00003f17) auipc   t5, 0x3
core   0: 3 0x8000d48c (0x00003f17) x30 0x8001048c
core   0: 0x8000d490 (0xb63f2a23) sw      gp, -1164(t5)
core   0: 3 0x8000d490 (0xb63f2a23) mem 0x80010000 0x00000001
core   0: 0x8000d494 (0xff9ff06f) j       pc - 0x8
core   0: 3 0x8000d494 (0xff9ff06f)
core   0: 0x8000d48c (0x00003f17) auipc   t5, 0x3
core   0: 3 0x8000d48c (0x00003f17) x30 0x8001048c
core   0: 0x8000d490 (0xb63f2a23) sw      gp, -1164(t5)
core   0: 3 0x8000d490 (0xb63f2a23) mem 0x80010000 0x00000001
core   0: 0x8000d494 (0xff9ff06f) j       pc - 0x8
core   0: 3 0x8000d494 (0xff9ff06f)
core   0: 0x8000d48c (0x00003f17) auipc   t5, 0x3
core   0: 3 0x8000d48c (0x00003f17) x30 0x8001048c
core   0: 0x8000d490 (0xb63f2a23) sw      gp, -1164(t5)
core   0: 3 0x8000d490 (0xb63f2a23) mem 0x80010000 0x00000001
core   0: 0x8000d494 (0xff9ff06f) j       pc - 0x8
core   0: 3 0x8000d494 (0xff9ff06f)
core   0: 0x8000d48c (0x00003f17) auipc   t5, 0x3
core   0: 3 0x8000d48c (0x00003f17) x30 0x8001048c
core   0: 0x8000d490 (0xb63f2a23) sw      gp, -1164(t5)
core   0: 3 0x8000d490 (0xb63f2a23) mem 0x80010000 0x00000001
core   0: 0x8000d494 (0xff9ff06f) j       pc - 0x8
core   0: 3 0x8000d494 (0xff9ff06f)
core   0: 0x8000d48c (0x00003f17) auipc   t5, 0x3
core   0: 3 0x8000d48c (0x00003f17) x30 0x8001048c
core   0: 0x8000d490 (0xb63f2a23) sw      gp, -1164(t5)
core   0: 3 0x8000d490 (0xb63f2a23) mem 0x80010000 0x00000001
core   0: 0x8000d494 (0xff9ff06f) j       pc - 0x8
core   0: 3 0x8000d494 (0xff9ff06f)
core   0: 0x8000d48c (0x00003f17) auipc   t5, 0x3
core   0: 3 0x8000d48c (0x00003f17) x30 0x8001048c
core   0: 0x8000d490 (0xb63f2a23) sw      gp, -1164(t5)
core   0: 3 0x8000d490 (0xb63f2a23) mem 0x80010000 0x00000001
core   0: 0x8000d494 (0xff9ff06f) j       pc - 0x8
core   0: 3 0x8000d494 (0xff9ff06f)
core   0: 0x8000d48c (0x00003f17) auipc   t5, 0x3
core   0: 3 0x8000d48c (0x00003f17) x30 0x8001048c
core   0: 0x8000d490 (0xb63f2a23) sw      gp, -1164(t5)
core   0: 3 0x8000d490 (0xb63f2a23) mem 0x80010000 0x00000001
core   0: 0x8000d494 (0xff9ff06f) j       pc - 0x8
core   0: 3 0x8000d494 (0xff9ff06f)
core   0: 0x8000d48c (0x00003f17) auipc   t5, 0x3
core   0: 3 0x8000d48c (0x00003f17) x30 0x8001048c
core   0: 0x8000d490 (0xb63f2a23) sw      gp, -1164(t5)
core   0: 3 0x8000d490 (0xb63f2a23) mem 0x80010000 0x00000001
core   0: 0x8000d494 (0xff9ff06f) j       pc - 0x8
core   0: 3 0x8000d494 (0xff9ff06f)
core   0: 0x8000d48c (0x00003f17) auipc   t5, 0x3
core   0: 3 0x8000d48c (0x00003f17) x30 0x8001048c
core   0: 0x8000d490 (0xb63f2a23) sw      gp, -1164(t5)
core   0: 3 0x8000d490 (0xb63f2a23) mem 0x80010000 0x00000001
core   0: 0x8000d494 (0xff9ff06f) j       pc - 0x8
core   0: 3 0x8000d494 (0xff9ff06f)
core   0: 0x8000d48c (0x00003f17) auipc   t5, 0x3
core   0: 3 0x8000d48c (0x00003f17) x30 0x8001048c
core   0: 0x8000d490 (0xb63f2a23) sw      gp, -1164(t5)
core   0: 3 0x8000d490 (0xb63f2a23) mem 0x80010000 0x00000001
core   0: 0x8000d494 (0xff9ff06f) j       pc - 0x8
core   0: 3 0x8000d494 (0xff9ff06f)
core   0: 0x8000d48c (0x00003f17) auipc   t5, 0x3
core   0: 3 0x8000d48c (0x00003f17) x30 0x8001048c
core   0: 0x8000d490 (0xb63f2a23) sw      gp, -1164(t5)
core   0: 3 0x8000d490 (0xb63f2a23) mem 0x80010000 0x00000001
core   0: 0x8000d494 (0xff9ff06f) j       pc - 0x8
core   0: 3 0x8000d494 (0xff9ff06f)
core   0: 0x8000d48c (0x00003f17) auipc   t5, 0x3
core   0: 3 0x8000d48c (0x00003f17) x30 0x8001048c
core   0: 0x8000d490 (0xb63f2a23) sw      gp, -1164(t5)
core   0: 3 0x8000d490 (0xb63f2a23) mem 0x80010000 0x00000001
core   0: 0x8000d494 (0xff9ff06f) j       pc - 0x8
core   0: 3 0x8000d494 (0xff9ff06f)
core   0: 0x8000d48c (0x00003f17) auipc   t5, 0x3
core   0: 3 0x8000d48c (0x00003f17) x30 0x8001048c
core   0: 0x8000d490 (0xb63f2a23) sw      gp, -1164(t5)
core   0: 3 0x8000d490 (0xb63f2a23) mem 0x80010000 0x00000001
core   0: 0x8000d494 (0xff9ff06f) j       pc - 0x8
core   0: 3 0x8000d494 (0xff9ff06f)
core   0: 0x8000d48c (0x00003f17) auipc   t5, 0x3
core   0: 3 0x8000d48c (0x00003f17) x30 0x8001048c
core   0: 0x8000d490 (0xb63f2a23) sw      gp, -1164(t5)
core   0: 3 0x8000d490 (0xb63f2a23) mem 0x80010000 0x00000001
core   0: 0x8000d494 (0xff9ff06f) j       pc - 0x8
core   0: 3 0x8000d494 (0xff9ff06f)
core   0: 0x8000d48c (0x00003f17) auipc   t5, 0x3
core   0: 3 0x8000d48c (0x00003f17) x30 0x8001048c
core   0: 0x8000d490 (0xb63f2a23) sw      gp, -1164(t5)
core   0: 3 0x8000d490 (0xb63f2a23) mem 0x80010000 0x00000001
core   0: 0x8000d494 (0xff9ff06f) j       pc - 0x8
core   0: 3 0x8000d494 (0xff9ff06f)
core   0: 0x8000d48c (0x00003f17) auipc   t5, 0x3
core   0: 3 0x8000d48c (0x00003f17) x30 0x8001048c
core   0: 0x8000d490 (0xb63f2a23) sw      gp, -1164(t5)
core   0: 3 0x8000d490 (0xb63f2a23) mem 0x80010000 0x00000001
core   0: 0x8000d494 (0xff9ff06f) j       pc - 0x8
core   0: 3 0x8000d494 (0xff9ff06f)
core   0: 0x8000d48c (0x00003f17) auipc   t5, 0x3
core   0: 3 0x8000d48c (0x00003f17) x30 0x8001048c
core   0: 0x8000d490 (0xb63f2a23) sw      gp, -1164(t5)
core   0: 3 0x8000d490 (0xb63f2a23) mem 0x80010000 0x00000001
core   0: 0x8000d494 (0xff9ff06f) j       pc - 0x8
core   0: 3 0x8000d494 (0xff9ff06f)
core   0: 0x8000d48c (0x00003f17) auipc   t5, 0x3
core   0: 3 0x8000d48c (0x00003f17) x30 0x8001048c
core   0: 0x8000d490 (0xb63f2a23) sw      gp, -1164(t5)
core   0: 3 0x8000d490 (0xb63f2a23) mem 0x80010000 0x00000001
core   0: 0x8000d494 (0xff9ff06f) j       pc - 0x8
core   0: 3 0x8000d494 (0xff9ff06f)
core   0: 0x8000d48c (0x00003f17) auipc   t5, 0x3
core   0: 3 0x8000d48c (0x00003f17) x30 0x8001048c
core   0: 0x8000d490 (0xb63f2a23) sw      gp, -1164(t5)
core   0: 3 0x8000d490 (0xb63f2a23) mem 0x80010000 0x00000001
core   0: 0x8000d494 (0xff9ff06f) j       pc - 0x8
core   0: 3 0x8000d494 (0xff9ff06f)
core   0: 0x8000d48c (0x00003f17) auipc   t5, 0x3
core   0: 3 0x8000d48c (0x00003f17) x30 0x8001048c
core   0: 0x8000d490 (0xb63f2a23) sw      gp, -1164(t5)
core   0: 3 0x8000d490 (0xb63f2a23) mem 0x80010000 0x00000001
core   0: 0x8000d494 (0xff9ff06f) j       pc - 0x8
core   0: 3 0x8000d494 (0xff9ff06f)
core   0: 0x8000d48c (0x00003f17) auipc   t5, 0x3
core   0: 3 0x8000d48c (0x00003f17) x30 0x8001048c
core   0: 0x8000d490 (0xb63f2a23) sw      gp, -1164(t5)
core   0: 3 0x8000d490 (0xb63f2a23) mem 0x80010000 0x00000001
core   0: 0x8000d494 (0xff9ff06f) j       pc - 0x8
core   0: 3 0x8000d494 (0xff9ff06f)
core   0: 0x8000d48c (0x00003f17) auipc   t5, 0x3
core   0: 3 0x8000d48c (0x00003f17) x30 0x8001048c
core   0: 0x8000d490 (0xb63f2a23) sw      gp, -1164(t5)
core   0: 3 0x8000d490 (0xb63f2a23) mem 0x80010000 0x00000001
core   0: 0x8000d494 (0xff9ff06f) j       pc - 0x8
core   0: 3 0x8000d494 (0xff9ff06f)
core   0: 0x8000d48c (0x00003f17) auipc   t5, 0x3
core   0: 3 0x8000d48c (0x00003f17) x30 0x8001048c
core   0: 0x8000d490 (0xb63f2a23) sw      gp, -1164(t5)
core   0: 3 0x8000d490 (0xb63f2a23) mem 0x80010000 0x00000001
core   0: 0x8000d494 (0xff9ff06f) j       pc - 0x8
core   0: 3 0x8000d494 (0xff9ff06f)
core   0: 0x8000d48c (0x00003f17) auipc   t5, 0x3
core   0: 3 0x8000d48c (0x00003f17) x30 0x8001048c
core   0: 0x8000d490 (0xb63f2a23) sw      gp, -1164(t5)
core   0: 3 0x8000d490 (0xb63f2a23) mem 0x80010000 0x00000001
core   0: 0x8000d494 (0xff9ff06f) j       pc - 0x8
core   0: 3 0x8000d494 (0xff9ff06f)
core   0: 0x8000d48c (0x00003f17) auipc   t5, 0x3
core   0: 3 0x8000d48c (0x00003f17) x30 0x8001048c
core   0: 0x8000d490 (0xb63f2a23) sw      gp, -1164(t5)
core   0: 3 0x8000d490 (0xb63f2a23) mem 0x80010000 0x00000001
core   0: 0x8000d494 (0xff9ff06f) j       pc - 0x8
core   0: 3 0x8000d494 (0xff9ff06f)
core   0: 0x8000d48c (0x00003f17) auipc   t5, 0x3
core   0: 3 0x8000d48c (0x00003f17) x30 0x8001048c
core   0: 0x8000d490 (0xb63f2a23) sw      gp, -1164(t5)
core   0: 3 0x8000d490 (0xb63f2a23) mem 0x80010000 0x00000001
core   0: 0x8000d494 (0xff9ff06f) j       pc - 0x8
core   0: 3 0x8000d494 (0xff9ff06f)
core   0: 0x8000d48c (0x00003f17) auipc   t5, 0x3
core   0: 3 0x8000d48c (0x00003f17) x30 0x8001048c
core   0: 0x8000d490 (0xb63f2a23) sw      gp, -1164(t5)
core   0: 3 0x8000d490 (0xb63f2a23) mem 0x80010000 0x00000001
core   0: 0x8000d494 (0xff9ff06f) j       pc - 0x8
core   0: 3 0x8000d494 (0xff9ff06f)
core   0: 0x8000d48c (0x00003f17) auipc   t5, 0x3
core   0: 3 0x8000d48c (0x00003f17) x30 0x8001048c
core   0: 0x8000d490 (0xb63f2a23) sw      gp, -1164(t5)
core   0: 3 0x8000d490 (0xb63f2a23) mem 0x80010000 0x00000001
core   0: 0x8000d494 (0xff9ff06f) j       pc - 0x8
core   0: 3 0x8000d494 (0xff9ff06f)
core   0: 0x8000d48c (0x00003f17) auipc   t5, 0x3
core   0: 3 0x8000d48c (0x00003f17) x30 0x8001048c
core   0: 0x8000d490 (0xb63f2a23) sw      gp, -1164(t5)
core   0: 3 0x8000d490 (0xb63f2a23) mem 0x80010000 0x00000001
core   0: 0x8000d494 (0xff9ff06f) j       pc - 0x8
core   0: 3 0x8000d494 (0xff9ff06f)
core   0: 0x8000d48c (0x00003f17) auipc   t5, 0x3
core   0: 3 0x8000d48c (0x00003f17) x30 0x8001048c
core   0: 0x8000d490 (0xb63f2a23) sw      gp, -1164(t5)
core   0: 3 0x8000d490 (0xb63f2a23) mem 0x80010000 0x00000001
core   0: 0x8000d494 (0xff9ff06f) j       pc - 0x8
core   0: 3 0x8000d494 (0xff9ff06f)
core   0: 0x8000d48c (0x00003f17) auipc   t5, 0x3
core   0: 3 0x8000d48c (0x00003f17) x30 0x8001048c
core   0: 0x8000d490 (0xb63f2a23) sw      gp, -1164(t5)
core   0: 3 0x8000d490 (0xb63f2a23) mem 0x80010000 0x00000001
core   0: 0x8000d494 (0xff9ff06f) j       pc - 0x8
core   0: 3 0x8000d494 (0xff9ff06f)
core   0: 0x8000d48c (0x00003f17) auipc   t5, 0x3
core   0: 3 0x8000d48c (0x00003f17) x30 0x8001048c
core   0: 0x8000d490 (0xb63f2a23) sw      gp, -1164(t5)
core   0: 3 0x8000d490 (0xb63f2a23) mem 0x80010000 0x00000001
core   0: 0x8000d494 (0xff9ff06f) j       pc - 0x8
core   0: 3 0x8000d494 (0xff9ff06f)
core   0: 0x8000d48c (0x00003f17) auipc   t5, 0x3
core   0: 3 0x8000d48c (0x00003f17) x30 0x8001048c
core   0: 0x8000d490 (0xb63f2a23) sw      gp, -1164(t5)
core   0: 3 0x8000d490 (0xb63f2a23) mem 0x80010000 0x00000001
core   0: 0x8000d494 (0xff9ff06f) j       pc - 0x8
core   0: 3 0x8000d494 (0xff9ff06f)
core   0: 0x8000d48c (0x00003f17) auipc   t5, 0x3
core   0: 3 0x8000d48c (0x00003f17) x30 0x8001048c
core   0: 0x8000d490 (0xb63f2a23) sw      gp, -1164(t5)
core   0: 3 0x8000d490 (0xb63f2a23) mem 0x80010000 0x00000001
core   0: 0x8000d494 (0xff9ff06f) j       pc - 0x8
core   0: 3 0x8000d494 (0xff9ff06f)
core   0: 0x8000d48c (0x00003f17) auipc   t5, 0x3
core   0: 3 0x8000d48c (0x00003f17) x30 0x8001048c
core   0: 0x8000d490 (0xb63f2a23) sw      gp, -1164(t5)
core   0: 3 0x8000d490 (0xb63f2a23) mem 0x80010000 0x00000001
core   0: 0x8000d494 (0xff9ff06f) j       pc - 0x8
core   0: 3 0x8000d494 (0xff9ff06f)
core   0: 0x8000d48c (0x00003f17) auipc   t5, 0x3
core   0: 3 0x8000d48c (0x00003f17) x30 0x8001048c
core   0: 0x8000d490 (0xb63f2a23) sw      gp, -1164(t5)
core   0: 3 0x8000d490 (0xb63f2a23) mem 0x80010000 0x00000001
core   0: 0x8000d494 (0xff9ff06f) j       pc - 0x8
core   0: 3 0x8000d494 (0xff9ff06f)
core   0: 0x8000d48c (0x00003f17) auipc   t5, 0x3
core   0: 3 0x8000d48c (0x00003f17) x30 0x8001048c
core   0: 0x8000d490 (0xb63f2a23) sw      gp, -1164(t5)
core   0: 3 0x8000d490 (0xb63f2a23) mem 0x80010000 0x00000001
core   0: 0x8000d494 (0xff9ff06f) j       pc - 0x8
core   0: 3 0x8000d494 (0xff9ff06f)
core   0: 0x8000d48c (0x00003f17) auipc   t5, 0x3
core   0: 3 0x8000d48c (0x00003f17) x30 0x8001048c
core   0: 0x8000d490 (0xb63f2a23) sw      gp, -1164(t5)
core   0: 3 0x8000d490 (0xb63f2a23) mem 0x80010000 0x00000001
core   0: 0x8000d494 (0xff9ff06f) j       pc - 0x8
core   0: 3 0x8000d494 (0xff9ff06f)
core   0: 0x8000d48c (0x00003f17) auipc   t5, 0x3
core   0: 3 0x8000d48c (0x00003f17) x30 0x8001048c
core   0: 0x8000d490 (0xb63f2a23) sw      gp, -1164(t5)
core   0: 3 0x8000d490 (0xb63f2a23) mem 0x80010000 0x00000001
core   0: 0x8000d494 (0xff9ff06f) j       pc - 0x8
core   0: 3 0x8000d494 (0xff9ff06f)
core   0: 0x8000d48c (0x00003f17) auipc   t5, 0x3
core   0: 3 0x8000d48c (0x00003f17) x30 0x8001048c
core   0: 0x8000d490 (0xb63f2a23) sw      gp, -1164(t5)
core   0: 3 0x8000d490 (0xb63f2a23) mem 0x80010000 0x00000001
core   0: 0x8000d494 (0xff9ff06f) j       pc - 0x8
core   0: 3 0x8000d494 (0xff9ff06f)
core   0: 0x8000d48c (0x00003f17) auipc   t5, 0x3
core   0: 3 0x8000d48c (0x00003f17) x30 0x8001048c
core   0: 0x8000d490 (0xb63f2a23) sw      gp, -1164(t5)
core   0: 3 0x8000d490 (0xb63f2a23) mem 0x80010000 0x00000001
core   0: 0x8000d494 (0xff9ff06f) j       pc - 0x8
core   0: 3 0x8000d494 (0xff9ff06f)
core   0: 0x8000d48c (0x00003f17) auipc   t5, 0x3
core   0: 3 0x8000d48c (0x00003f17) x30 0x8001048c
core   0: 0x8000d490 (0xb63f2a23) sw      gp, -1164(t5)
core   0: 3 0x8000d490 (0xb63f2a23) mem 0x80010000 0x00000001
core   0: 0x8000d494 (0xff9ff06f) j       pc - 0x8
core   0: 3 0x8000d494 (0xff9ff06f)
core   0: 0x8000d48c (0x00003f17) auipc   t5, 0x3
core   0: 3 0x8000d48c (0x00003f17) x30 0x8001048c
core   0: 0x8000d490 (0xb63f2a23) sw      gp, -1164(t5)
core   0: 3 0x8000d490 (0xb63f2a23) mem 0x80010000 0x00000001
core   0: 0x8000d494 (0xff9ff06f) j       pc - 0x8
core   0: 3 0x8000d494 (0xff9ff06f)
core   0: 0x8000d48c (0x00003f17) auipc   t5, 0x3
core   0: 3 0x8000d48c (0x00003f17) x30 0x8001048c
core   0: 0x8000d490 (0xb63f2a23) sw      gp, -1164(t5)
core   0: 3 0x8000d490 (0xb63f2a23) mem 0x80010000 0x00000001
core   0: 0x8000d494 (0xff9ff06f) j       pc - 0x8
core   0: 3 0x8000d494 (0xff9ff06f)
core   0: 0x8000d48c (0x00003f17) auipc   t5, 0x3
core   0: 3 0x8000d48c (0x00003f17) x30 0x8001048c
core   0: 0x8000d490 (0xb63f2a23) sw      gp, -1164(t5)
core   0: 3 0x8000d490 (0xb63f2a23) mem 0x80010000 0x00000001
core   0: 0x8000d494 (0xff9ff06f) j       pc - 0x8
core   0: 3 0x8000d494 (0xff9ff06f)
core   0: 0x8000d48c (0x00003f17) auipc   t5, 0x3
core   0: 3 0x8000d48c (0x00003f17) x30 0x8001048c
core   0: 0x8000d490 (0xb63f2a23) sw      gp, -1164(t5)
core   0: 3 0x8000d490 (0xb63f2a23) mem 0x80010000 0x00000001
core   0: 0x8000d494 (0xff9ff06f) j       pc - 0x8
core   0: 3 0x8000d494 (0xff9ff06f)
core   0: 0x8000d48c (0x00003f17) auipc   t5, 0x3
core   0: 3 0x8000d48c (0x00003f17) x30 0x8001048c
core   0: 0x8000d490 (0xb63f2a23) sw      gp, -1164(t5)
core   0: 3 0x8000d490 (0xb63f2a23) mem 0x80010000 0x00000001
core   0: 0x8000d494 (0xff9ff06f) j       pc - 0x8
core   0: 3 0x8000d494 (0xff9ff06f)
core   0: 0x8000d48c (0x00003f17) auipc   t5, 0x3
core   0: 3 0x8000d48c (0x00003f17) x30 0x8001048c
core   0: 0x8000d490 (0xb63f2a23) sw      gp, -1164(t5)
core   0: 3 0x8000d490 (0xb63f2a23) mem 0x80010000 0x00000001
core   0: 0x8000d494 (0xff9ff06f) j       pc - 0x8
core   0: 3 0x8000d494 (0xff9ff06f)
core   0: 0x8000d48c (0x00003f17) auipc   t5, 0x3
core   0: 3 0x8000d48c (0x00003f17) x30 0x8001048c
core   0: 0x8000d490 (0xb63f2a23) sw      gp, -1164(t5)
core   0: 3 0x8000d490 (0xb63f2a23) mem 0x80010000 0x00000001
core   0: 0x8000d494 (0xff9ff06f) j       pc - 0x8
core   0: 3 0x8000d494 (0xff9ff06f)
core   0: 0x8000d48c (0x00003f17) auipc   t5, 0x3
core   0: 3 0x8000d48c (0x00003f17) x30 0x8001048c
core   0: 0x8000d490 (0xb63f2a23) sw      gp, -1164(t5)
core   0: 3 0x8000d490 (0xb63f2a23) mem 0x80010000 0x00000001
core   0: 0x8000d494 (0xff9ff06f) j       pc - 0x8
core   0: 3 0x8000d494 (0xff9ff06f)
core   0: 0x8000d48c (0x00003f17) auipc   t5, 0x3
core   0: 3 0x8000d48c (0x00003f17) x30 0x8001048c
core   0: 0x8000d490 (0xb63f2a23) sw      gp, -1164(t5)
core   0: 3 0x8000d490 (0xb63f2a23) mem 0x80010000 0x00000001
core   0: 0x8000d494 (0xff9ff06f) j       pc - 0x8
core   0: 3 0x8000d494 (0xff9ff06f)
core   0: 0x8000d48c (0x00003f17) auipc   t5, 0x3
core   0: 3 0x8000d48c (0x00003f17) x30 0x8001048c
core   0: 0x8000d490 (0xb63f2a23) sw      gp, -1164(t5)
core   0: 3 0x8000d490 (0xb63f2a23) mem 0x80010000 0x00000001
core   0: 0x8000d494 (0xff9ff06f) j       pc - 0x8
core   0: 3 0x8000d494 (0xff9ff06f)
core   0: 0x8000d48c (0x00003f17) auipc   t5, 0x3
core   0: 3 0x8000d48c (0x00003f17) x30 0x8001048c
core   0: 0x8000d490 (0xb63f2a23) sw      gp, -1164(t5)
core   0: 3 0x8000d490 (0xb63f2a23) mem 0x80010000 0x00000001
core   0: 0x8000d494 (0xff9ff06f) j       pc - 0x8
core   0: 3 0x8000d494 (0xff9ff06f)
core   0: 0x8000d48c (0x00003f17) auipc   t5, 0x3
core   0: 3 0x8000d48c (0x00003f17) x30 0x8001048c
core   0: 0x8000d490 (0xb63f2a23) sw      gp, -1164(t5)
core   0: 3 0x8000d490 (0xb63f2a23) mem 0x80010000 0x00000001
core   0: 0x8000d494 (0xff9ff06f) j       pc - 0x8
core   0: 3 0x8000d494 (0xff9ff06f)
core   0: 0x8000d48c (0x00003f17) auipc   t5, 0x3
core   0: 3 0x8000d48c (0x00003f17) x30 0x8001048c
core   0: 0x8000d490 (0xb63f2a23) sw      gp, -1164(t5)
core   0: 3 0x8000d490 (0xb63f2a23) mem 0x80010000 0x00000001
core   0: 0x8000d494 (0xff9ff06f) j       pc - 0x8
core   0: 3 0x8000d494 (0xff9ff06f)
core   0: 0x8000d48c (0x00003f17) auipc   t5, 0x3
core   0: 3 0x8000d48c (0x00003f17) x30 0x8001048c
core   0: 0x8000d490 (0xb63f2a23) sw      gp, -1164(t5)
core   0: 3 0x8000d490 (0xb63f2a23) mem 0x80010000 0x00000001
core   0: 0x8000d494 (0xff9ff06f) j       pc - 0x8
core   0: 3 0x8000d494 (0xff9ff06f)
core   0: 0x8000d48c (0x00003f17) auipc   t5, 0x3
core   0: 3 0x8000d48c (0x00003f17) x30 0x8001048c
core   0: 0x8000d490 (0xb63f2a23) sw      gp, -1164(t5)
core   0: 3 0x8000d490 (0xb63f2a23) mem 0x80010000 0x00000001
core   0: 0x8000d494 (0xff9ff06f) j       pc - 0x8
core   0: 3 0x8000d494 (0xff9ff06f)
core   0: 0x8000d48c (0x00003f17) auipc   t5, 0x3
core   0: 3 0x8000d48c (0x00003f17) x30 0x8001048c
core   0: 0x8000d490 (0xb63f2a23) sw      gp, -1164(t5)
core   0: 3 0x8000d490 (0xb63f2a23) mem 0x80010000 0x00000001
core   0: 0x8000d494 (0xff9ff06f) j       pc - 0x8
core   0: 3 0x8000d494 (0xff9ff06f)
core   0: 0x8000d48c (0x00003f17) auipc   t5, 0x3
core   0: 3 0x8000d48c (0x00003f17) x30 0x8001048c
core   0: 0x8000d490 (0xb63f2a23) sw      gp, -1164(t5)
core   0: 3 0x8000d490 (0xb63f2a23) mem 0x80010000 0x00000001
core   0: 0x8000d494 (0xff9ff06f) j       pc - 0x8
core   0: 3 0x8000d494 (0xff9ff06f)
core   0: 0x8000d48c (0x00003f17) auipc   t5, 0x3
core   0: 3 0x8000d48c (0x00003f17) x30 0x8001048c
core   0: 0x8000d490 (0xb63f2a23) sw      gp, -1164(t5)
core   0: 3 0x8000d490 (0xb63f2a23) mem 0x80010000 0x00000001
core   0: 0x8000d494 (0xff9ff06f) j       pc - 0x8
core   0: 3 0x8000d494 (0xff9ff06f)
core   0: 0x8000d48c (0x00003f17) auipc   t5, 0x3
core   0: 3 0x8000d48c (0x00003f17) x30 0x8001048c
core   0: 0x8000d490 (0xb63f2a23) sw      gp, -1164(t5)
core   0: 3 0x8000d490 (0xb63f2a23) mem 0x80010000 0x00000001
core   0: 0x8000d494 (0xff9ff06f) j       pc - 0x8
core   0: 3 0x8000d494 (0xff9ff06f)
core   0: 0x8000d48c (0x00003f17) auipc   t5, 0x3
core   0: 3 0x8000d48c (0x00003f17) x30 0x8001048c
core   0: 0x8000d490 (0xb63f2a23) sw      gp, -1164(t5)
core   0: 3 0x8000d490 (0xb63f2a23) mem 0x80010000 0x00000001
core   0: 0x8000d494 (0xff9ff06f) j       pc - 0x8
core   0: 3 0x8000d494 (0xff9ff06f)
core   0: 0x8000d48c (0x00003f17) auipc   t5, 0x3
core   0: 3 0x8000d48c (0x00003f17) x30 0x8001048c
core   0: 0x8000d490 (0xb63f2a23) sw      gp, -1164(t5)
core   0: 3 0x8000d490 (0xb63f2a23) mem 0x80010000 0x00000001
core   0: 0x8000d494 (0xff9ff06f) j       pc - 0x8
core   0: 3 0x8000d494 (0xff9ff06f)
core   0: 0x8000d48c (0x00003f17) auipc   t5, 0x3
core   0: 3 0x8000d48c (0x00003f17) x30 0x8001048c
core   0: 0x8000d490 (0xb63f2a23) sw      gp, -1164(t5)
core   0: 3 0x8000d490 (0xb63f2a23) mem 0x80010000 0x00000001
core   0: 0x8000d494 (0xff9ff06f) j       pc - 0x8
core   0: 3 0x8000d494 (0xff9ff06f)
core   0: 0x8000d48c (0x00003f17) auipc   t5, 0x3
core   0: 3 0x8000d48c (0x00003f17) x30 0x8001048c
core   0: 0x8000d490 (0xb63f2a23) sw      gp, -1164(t5)
core   0: 3 0x8000d490 (0xb63f2a23) mem 0x80010000 0x00000001
core   0: 0x8000d494 (0xff9ff06f) j       pc - 0x8
core   0: 3 0x8000d494 (0xff9ff06f)
core   0: 0x8000d48c (0x00003f17) auipc   t5, 0x3
core   0: 3 0x8000d48c (0x00003f17) x30 0x8001048c
core   0: 0x8000d490 (0xb63f2a23) sw      gp, -1164(t5)
core   0: 3 0x8000d490 (0xb63f2a23) mem 0x80010000 0x00000001
core   0: 0x8000d494 (0xff9ff06f) j       pc - 0x8
core   0: 3 0x8000d494 (0xff9ff06f)
core   0: 0x8000d48c (0x00003f17) auipc   t5, 0x3
core   0: 3 0x8000d48c (0x00003f17) x30 0x8001048c
core   0: 0x8000d490 (0xb63f2a23) sw      gp, -1164(t5)
core   0: 3 0x8000d490 (0xb63f2a23) mem 0x80010000 0x00000001
core   0: 0x8000d494 (0xff9ff06f) j       pc - 0x8
core   0: 3 0x8000d494 (0xff9ff06f)
core   0: 0x8000d48c (0x00003f17) auipc   t5, 0x3
core   0: 3 0x8000d48c (0x00003f17) x30 0x8001048c
core   0: 0x8000d490 (0xb63f2a23) sw      gp, -1164(t5)
core   0: 3 0x8000d490 (0xb63f2a23) mem 0x80010000 0x00000001
core   0: 0x8000d494 (0xff9ff06f) j       pc - 0x8
core   0: 3 0x8000d494 (0xff9ff06f)
core   0: 0x8000d48c (0x00003f17) auipc   t5, 0x3
core   0: 3 0x8000d48c (0x00003f17) x30 0x8001048c
core   0: 0x8000d490 (0xb63f2a23) sw      gp, -1164(t5)
core   0: 3 0x8000d490 (0xb63f2a23) mem 0x80010000 0x00000001
core   0: 0x8000d494 (0xff9ff06f) j       pc - 0x8
core   0: 3 0x8000d494 (0xff9ff06f)
core   0: 0x8000d48c (0x00003f17) auipc   t5, 0x3
core   0: 3 0x8000d48c (0x00003f17) x30 0x8001048c
core   0: 0x8000d490 (0xb63f2a23) sw      gp, -1164(t5)
core   0: 3 0x8000d490 (0xb63f2a23) mem 0x80010000 0x00000001
core   0: 0x8000d494 (0xff9ff06f) j       pc - 0x8
core   0: 3 0x8000d494 (0xff9ff06f)
core   0: 0x8000d48c (0x00003f17) auipc   t5, 0x3
core   0: 3 0x8000d48c (0x00003f17) x30 0x8001048c
core   0: 0x8000d490 (0xb63f2a23) sw      gp, -1164(t5)
core   0: 3 0x8000d490 (0xb63f2a23) mem 0x80010000 0x00000001
core   0: 0x8000d494 (0xff9ff06f) j       pc - 0x8
core   0: 3 0x8000d494 (0xff9ff06f)
core   0: 0x8000d48c (0x00003f17) auipc   t5, 0x3
core   0: 3 0x8000d48c (0x00003f17) x30 0x8001048c
core   0: 0x8000d490 (0xb63f2a23) sw      gp, -1164(t5)
core   0: 3 0x8000d490 (0xb63f2a23) mem 0x80010000 0x00000001
core   0: 0x8000d494 (0xff9ff06f) j       pc - 0x8
core   0: 3 0x8000d494 (0xff9ff06f)
core   0: 0x8000d48c (0x00003f17) auipc   t5, 0x3
core   0: 3 0x8000d48c (0x00003f17) x30 0x8001048c
core   0: 0x8000d490 (0xb63f2a23) sw      gp, -1164(t5)
core   0: 3 0x8000d490 (0xb63f2a23) mem 0x80010000 0x00000001
core   0: 0x8000d494 (0xff9ff06f) j       pc - 0x8
core   0: 3 0x8000d494 (0xff9ff06f)
core   0: 0x8000d48c (0x00003f17) auipc   t5, 0x3
core   0: 3 0x8000d48c (0x00003f17) x30 0x8001048c
core   0: 0x8000d490 (0xb63f2a23) sw      gp, -1164(t5)
core   0: 3 0x8000d490 (0xb63f2a23) mem 0x80010000 0x00000001
core   0: 0x8000d494 (0xff9ff06f) j       pc - 0x8
core   0: 3 0x8000d494 (0xff9ff06f)
core   0: 0x8000d48c (0x00003f17) auipc   t5, 0x3
core   0: 3 0x8000d48c (0x00003f17) x30 0x8001048c
core   0: 0x8000d490 (0xb63f2a23) sw      gp, -1164(t5)
core   0: 3 0x8000d490 (0xb63f2a23) mem 0x80010000 0x00000001
core   0: 0x8000d494 (0xff9ff06f) j       pc - 0x8
core   0: 3 0x8000d494 (0xff9ff06f)
core   0: 0x8000d48c (0x00003f17) auipc   t5, 0x3
core   0: 3 0x8000d48c (0x00003f17) x30 0x8001048c
core   0: 0x8000d490 (0xb63f2a23) sw      gp, -1164(t5)
core   0: 3 0x8000d490 (0xb63f2a23) mem 0x80010000 0x00000001
core   0: 0x8000d494 (0xff9ff06f) j       pc - 0x8
core   0: 3 0x8000d494 (0xff9ff06f)
core   0: 0x8000d48c (0x00003f17) auipc   t5, 0x3
core   0: 3 0x8000d48c (0x00003f17) x30 0x8001048c
core   0: 0x8000d490 (0xb63f2a23) sw      gp, -1164(t5)
core   0: 3 0x8000d490 (0xb63f2a23) mem 0x80010000 0x00000001
core   0: 0x8000d494 (0xff9ff06f) j       pc - 0x8
core   0: 3 0x8000d494 (0xff9ff06f)
core   0: 0x8000d48c (0x00003f17) auipc   t5, 0x3
core   0: 3 0x8000d48c (0x00003f17) x30 0x8001048c
core   0: 0x8000d490 (0xb63f2a23) sw      gp, -1164(t5)
core   0: 3 0x8000d490 (0xb63f2a23) mem 0x80010000 0x00000001
core   0: 0x8000d494 (0xff9ff06f) j       pc - 0x8
core   0: 3 0x8000d494 (0xff9ff06f)
core   0: 0x8000d48c (0x00003f17) auipc   t5, 0x3
core   0: 3 0x8000d48c (0x00003f17) x30 0x8001048c
core   0: 0x8000d490 (0xb63f2a23) sw      gp, -1164(t5)
core   0: 3 0x8000d490 (0xb63f2a23) mem 0x80010000 0x00000001
core   0: 0x8000d494 (0xff9ff06f) j       pc - 0x8
core   0: 3 0x8000d494 (0xff9ff06f)
core   0: 0x8000d48c (0x00003f17) auipc   t5, 0x3
core   0: 3 0x8000d48c (0x00003f17) x30 0x8001048c
core   0: 0x8000d490 (0xb63f2a23) sw      gp, -1164(t5)
core   0: 3 0x8000d490 (0xb63f2a23) mem 0x80010000 0x00000001
core   0: 0x8000d494 (0xff9ff06f) j       pc - 0x8
core   0: 3 0x8000d494 (0xff9ff06f)
core   0: 0x8000d48c (0x00003f17) auipc   t5, 0x3
core   0: 3 0x8000d48c (0x00003f17) x30 0x8001048c
core   0: 0x8000d490 (0xb63f2a23) sw      gp, -1164(t5)
core   0: 3 0x8000d490 (0xb63f2a23) mem 0x80010000 0x00000001
core   0: 0x8000d494 (0xff9ff06f) j       pc - 0x8
core   0: 3 0x8000d494 (0xff9ff06f)
core   0: 0x8000d48c (0x00003f17) auipc   t5, 0x3
core   0: 3 0x8000d48c (0x00003f17) x30 0x8001048c
core   0: 0x8000d490 (0xb63f2a23) sw      gp, -1164(t5)
core   0: 3 0x8000d490 (0xb63f2a23) mem 0x80010000 0x00000001
core   0: 0x8000d494 (0xff9ff06f) j       pc - 0x8
core   0: 3 0x8000d494 (0xff9ff06f)
core   0: 0x8000d48c (0x00003f17) auipc   t5, 0x3
core   0: 3 0x8000d48c (0x00003f17) x30 0x8001048c
core   0: 0x8000d490 (0xb63f2a23) sw      gp, -1164(t5)
core   0: 3 0x8000d490 (0xb63f2a23) mem 0x80010000 0x00000001
core   0: 0x8000d494 (0xff9ff06f) j       pc - 0x8
core   0: 3 0x8000d494 (0xff9ff06f)
core   0: 0x8000d48c (0x00003f17) auipc   t5, 0x3
core   0: 3 0x8000d48c (0x00003f17) x30 0x8001048c
core   0: 0x8000d490 (0xb63f2a23) sw      gp, -1164(t5)
core   0: 3 0x8000d490 (0xb63f2a23) mem 0x80010000 0x00000001
core   0: 0x8000d494 (0xff9ff06f) j       pc - 0x8
core   0: 3 0x8000d494 (0xff9ff06f)
core   0: 0x8000d48c (0x00003f17) auipc   t5, 0x3
core   0: 3 0x8000d48c (0x00003f17) x30 0x8001048c
core   0: 0x8000d490 (0xb63f2a23) sw      gp, -1164(t5)
core   0: 3 0x8000d490 (0xb63f2a23) mem 0x80010000 0x00000001
core   0: 0x8000d494 (0xff9ff06f) j       pc - 0x8
core   0: 3 0x8000d494 (0xff9ff06f)
core   0: 0x8000d48c (0x00003f17) auipc   t5, 0x3
core   0: 3 0x8000d48c (0x00003f17) x30 0x8001048c
core   0: 0x8000d490 (0xb63f2a23) sw      gp, -1164(t5)
core   0: 3 0x8000d490 (0xb63f2a23) mem 0x80010000 0x00000001
core   0: 0x8000d494 (0xff9ff06f) j       pc - 0x8
core   0: 3 0x8000d494 (0xff9ff06f)
core   0: 0x8000d48c (0x00003f17) auipc   t5, 0x3
core   0: 3 0x8000d48c (0x00003f17) x30 0x8001048c
core   0: 0x8000d490 (0xb63f2a23) sw      gp, -1164(t5)
core   0: 3 0x8000d490 (0xb63f2a23) mem 0x80010000 0x00000001
core   0: 0x8000d494 (0xff9ff06f) j       pc - 0x8
core   0: 3 0x8000d494 (0xff9ff06f)
core   0: 0x8000d48c (0x00003f17) auipc   t5, 0x3
core   0: 3 0x8000d48c (0x00003f17) x30 0x8001048c
core   0: 0x8000d490 (0xb63f2a23) sw      gp, -1164(t5)
core   0: 3 0x8000d490 (0xb63f2a23) mem 0x80010000 0x00000001
core   0: 0x8000d494 (0xff9ff06f) j       pc - 0x8
core   0: 3 0x8000d494 (0xff9ff06f)
core   0: 0x8000d48c (0x00003f17) auipc   t5, 0x3
core   0: 3 0x8000d48c (0x00003f17) x30 0x8001048c
core   0: 0x8000d490 (0xb63f2a23) sw      gp, -1164(t5)
core   0: 3 0x8000d490 (0xb63f2a23) mem 0x80010000 0x00000001
core   0: 0x8000d494 (0xff9ff06f) j       pc - 0x8
core   0: 3 0x8000d494 (0xff9ff06f)
core   0: 0x8000d48c (0x00003f17) auipc   t5, 0x3
core   0: 3 0x8000d48c (0x00003f17) x30 0x8001048c
core   0: 0x8000d490 (0xb63f2a23) sw      gp, -1164(t5)
core   0: 3 0x8000d490 (0xb63f2a23) mem 0x80010000 0x00000001
core   0: 0x8000d494 (0xff9ff06f) j       pc - 0x8
core   0: 3 0x8000d494 (0xff9ff06f)
core   0: 0x8000d48c (0x00003f17) auipc   t5, 0x3
core   0: 3 0x8000d48c (0x00003f17) x30 0x8001048c
core   0: 0x8000d490 (0xb63f2a23) sw      gp, -1164(t5)
core   0: 3 0x8000d490 (0xb63f2a23) mem 0x80010000 0x00000001
core   0: 0x8000d494 (0xff9ff06f) j       pc - 0x8
core   0: 3 0x8000d494 (0xff9ff06f)
core   0: 0x8000d48c (0x00003f17) auipc   t5, 0x3
core   0: 3 0x8000d48c (0x00003f17) x30 0x8001048c
core   0: 0x8000d490 (0xb63f2a23) sw      gp, -1164(t5)
core   0: 3 0x8000d490 (0xb63f2a23) mem 0x80010000 0x00000001
core   0: 0x8000d494 (0xff9ff06f) j       pc - 0x8
core   0: 3 0x8000d494 (0xff9ff06f)
core   0: 0x8000d48c (0x00003f17) auipc   t5, 0x3
core   0: 3 0x8000d48c (0x00003f17) x30 0x8001048c
core   0: 0x8000d490 (0xb63f2a23) sw      gp, -1164(t5)
core   0: 3 0x8000d490 (0xb63f2a23) mem 0x80010000 0x00000001
core   0: 0x8000d494 (0xff9ff06f) j       pc - 0x8
core   0: 3 0x8000d494 (0xff9ff06f)
core   0: 0x8000d48c (0x00003f17) auipc   t5, 0x3
core   0: 3 0x8000d48c (0x00003f17) x30 0x8001048c
core   0: 0x8000d490 (0xb63f2a23) sw      gp, -1164(t5)
core   0: 3 0x8000d490 (0xb63f2a23) mem 0x80010000 0x00000001
core   0: 0x8000d494 (0xff9ff06f) j       pc - 0x8
core   0: 3 0x8000d494 (0xff9ff06f)
core   0: 0x8000d48c (0x00003f17) auipc   t5, 0x3
core   0: 3 0x8000d48c (0x00003f17) x30 0x8001048c
core   0: 0x8000d490 (0xb63f2a23) sw      gp, -1164(t5)
core   0: 3 0x8000d490 (0xb63f2a23) mem 0x80010000 0x00000001
core   0: 0x8000d494 (0xff9ff06f) j       pc - 0x8
core   0: 3 0x8000d494 (0xff9ff06f)
core   0: 0x8000d48c (0x00003f17) auipc   t5, 0x3
core   0: 3 0x8000d48c (0x00003f17) x30 0x8001048c
core   0: 0x8000d490 (0xb63f2a23) sw      gp, -1164(t5)
core   0: 3 0x8000d490 (0xb63f2a23) mem 0x80010000 0x00000001
core   0: 0x8000d494 (0xff9ff06f) j       pc - 0x8
core   0: 3 0x8000d494 (0xff9ff06f)
core   0: 0x8000d48c (0x00003f17) auipc   t5, 0x3
core   0: 3 0x8000d48c (0x00003f17) x30 0x8001048c
core   0: 0x8000d490 (0xb63f2a23) sw      gp, -1164(t5)
core   0: 3 0x8000d490 (0xb63f2a23) mem 0x80010000 0x00000001
core   0: 0x8000d494 (0xff9ff06f) j       pc - 0x8
core   0: 3 0x8000d494 (0xff9ff06f)
core   0: 0x8000d48c (0x00003f17) auipc   t5, 0x3
core   0: 3 0x8000d48c (0x00003f17) x30 0x8001048c
core   0: 0x8000d490 (0xb63f2a23) sw      gp, -1164(t5)
core   0: 3 0x8000d490 (0xb63f2a23) mem 0x80010000 0x00000001
core   0: 0x8000d494 (0xff9ff06f) j       pc - 0x8
core   0: 3 0x8000d494 (0xff9ff06f)
core   0: 0x8000d48c (0x00003f17) auipc   t5, 0x3
core   0: 3 0x8000d48c (0x00003f17) x30 0x8001048c
core   0: 0x8000d490 (0xb63f2a23) sw      gp, -1164(t5)
core   0: 3 0x8000d490 (0xb63f2a23) mem 0x80010000 0x00000001
core   0: 0x8000d494 (0xff9ff06f) j       pc - 0x8
core   0: 3 0x8000d494 (0xff9ff06f)
core   0: 0x8000d48c (0x00003f17) auipc   t5, 0x3
core   0: 3 0x8000d48c (0x00003f17) x30 0x8001048c
core   0: 0x8000d490 (0xb63f2a23) sw      gp, -1164(t5)
core   0: 3 0x8000d490 (0xb63f2a23) mem 0x80010000 0x00000001
core   0: 0x8000d494 (0xff9ff06f) j       pc - 0x8
core   0: 3 0x8000d494 (0xff9ff06f)
core   0: 0x8000d48c (0x00003f17) auipc   t5, 0x3
core   0: 3 0x8000d48c (0x00003f17) x30 0x8001048c
core   0: 0x8000d490 (0xb63f2a23) sw      gp, -1164(t5)
core   0: 3 0x8000d490 (0xb63f2a23) mem 0x80010000 0x00000001
core   0: 0x8000d494 (0xff9ff06f) j       pc - 0x8
core   0: 3 0x8000d494 (0xff9ff06f)
core   0: 0x8000d48c (0x00003f17) auipc   t5, 0x3
core   0: 3 0x8000d48c (0x00003f17) x30 0x8001048c
core   0: 0x8000d490 (0xb63f2a23) sw      gp, -1164(t5)
core   0: 3 0x8000d490 (0xb63f2a23) mem 0x80010000 0x00000001
core   0: 0x8000d494 (0xff9ff06f) j       pc - 0x8
core   0: 3 0x8000d494 (0xff9ff06f)
core   0: 0x8000d48c (0x00003f17) auipc   t5, 0x3
core   0: 3 0x8000d48c (0x00003f17) x30 0x8001048c
core   0: 0x8000d490 (0xb63f2a23) sw      gp, -1164(t5)
core   0: 3 0x8000d490 (0xb63f2a23) mem 0x80010000 0x00000001
core   0: 0x8000d494 (0xff9ff06f) j       pc - 0x8
core   0: 3 0x8000d494 (0xff9ff06f)
core   0: 0x8000d48c (0x00003f17) auipc   t5, 0x3
core   0: 3 0x8000d48c (0x00003f17) x30 0x8001048c
core   0: 0x8000d490 (0xb63f2a23) sw      gp, -1164(t5)
core   0: 3 0x8000d490 (0xb63f2a23) mem 0x80010000 0x00000001
core   0: 0x8000d494 (0xff9ff06f) j       pc - 0x8
core   0: 3 0x8000d494 (0xff9ff06f)
core   0: 0x8000d48c (0x00003f17) auipc   t5, 0x3
core   0: 3 0x8000d48c (0x00003f17) x30 0x8001048c
core   0: 0x8000d490 (0xb63f2a23) sw      gp, -1164(t5)
core   0: 3 0x8000d490 (0xb63f2a23) mem 0x80010000 0x00000001
core   0: 0x8000d494 (0xff9ff06f) j       pc - 0x8
core   0: 3 0x8000d494 (0xff9ff06f)
core   0: 0x8000d48c (0x00003f17) auipc   t5, 0x3
core   0: 3 0x8000d48c (0x00003f17) x30 0x8001048c
core   0: 0x8000d490 (0xb63f2a23) sw      gp, -1164(t5)
core   0: 3 0x8000d490 (0xb63f2a23) mem 0x80010000 0x00000001
core   0: 0x8000d494 (0xff9ff06f) j       pc - 0x8
core   0: 3 0x8000d494 (0xff9ff06f)
core   0: 0x8000d48c (0x00003f17) auipc   t5, 0x3
core   0: 3 0x8000d48c (0x00003f17) x30 0x8001048c
core   0: 0x8000d490 (0xb63f2a23) sw      gp, -1164(t5)
core   0: 3 0x8000d490 (0xb63f2a23) mem 0x80010000 0x00000001
core   0: 0x8000d494 (0xff9ff06f) j       pc - 0x8
core   0: 3 0x8000d494 (0xff9ff06f)
core   0: 0x8000d48c (0x00003f17) auipc   t5, 0x3
core   0: 3 0x8000d48c (0x00003f17) x30 0x8001048c
core   0: 0x8000d490 (0xb63f2a23) sw      gp, -1164(t5)
core   0: 3 0x8000d490 (0xb63f2a23) mem 0x80010000 0x00000001
core   0: 0x8000d494 (0xff9ff06f) j       pc - 0x8
core   0: 3 0x8000d494 (0xff9ff06f)
core   0: 0x8000d48c (0x00003f17) auipc   t5, 0x3
core   0: 3 0x8000d48c (0x00003f17) x30 0x8001048c
core   0: 0x8000d490 (0xb63f2a23) sw      gp, -1164(t5)
core   0: 3 0x8000d490 (0xb63f2a23) mem 0x80010000 0x00000001
core   0: 0x8000d494 (0xff9ff06f) j       pc - 0x8
core   0: 3 0x8000d494 (0xff9ff06f)
core   0: 0x8000d48c (0x00003f17) auipc   t5, 0x3
core   0: 3 0x8000d48c (0x00003f17) x30 0x8001048c
core   0: 0x8000d490 (0xb63f2a23) sw      gp, -1164(t5)
core   0: 3 0x8000d490 (0xb63f2a23) mem 0x80010000 0x00000001
core   0: 0x8000d494 (0xff9ff06f) j       pc - 0x8
core   0: 3 0x8000d494 (0xff9ff06f)
core   0: 0x8000d48c (0x00003f17) auipc   t5, 0x3
core   0: 3 0x8000d48c (0x00003f17) x30 0x8001048c
core   0: 0x8000d490 (0xb63f2a23) sw      gp, -1164(t5)
core   0: 3 0x8000d490 (0xb63f2a23) mem 0x80010000 0x00000001
core   0: 0x8000d494 (0xff9ff06f) j       pc - 0x8
core   0: 3 0x8000d494 (0xff9ff06f)
core   0: 0x8000d48c (0x00003f17) auipc   t5, 0x3
core   0: 3 0x8000d48c (0x00003f17) x30 0x8001048c
core   0: 0x8000d490 (0xb63f2a23) sw      gp, -1164(t5)
core   0: 3 0x8000d490 (0xb63f2a23) mem 0x80010000 0x00000001
core   0: 0x8000d494 (0xff9ff06f) j       pc - 0x8
core   0: 3 0x8000d494 (0xff9ff06f)
core   0: 0x8000d48c (0x00003f17) auipc   t5, 0x3
core   0: 3 0x8000d48c (0x00003f17) x30 0x8001048c
core   0: 0x8000d490 (0xb63f2a23) sw      gp, -1164(t5)
core   0: 3 0x8000d490 (0xb63f2a23) mem 0x80010000 0x00000001
core   0: 0x8000d494 (0xff9ff06f) j       pc - 0x8
core   0: 3 0x8000d494 (0xff9ff06f)
core   0: 0x8000d48c (0x00003f17) auipc   t5, 0x3
core   0: 3 0x8000d48c (0x00003f17) x30 0x8001048c
core   0: 0x8000d490 (0xb63f2a23) sw      gp, -1164(t5)
core   0: 3 0x8000d490 (0xb63f2a23) mem 0x80010000 0x00000001
core   0: 0x8000d494 (0xff9ff06f) j       pc - 0x8
core   0: 3 0x8000d494 (0xff9ff06f)
core   0: 0x8000d48c (0x00003f17) auipc   t5, 0x3
core   0: 3 0x8000d48c (0x00003f17) x30 0x8001048c
core   0: 0x8000d490 (0xb63f2a23) sw      gp, -1164(t5)
core   0: 3 0x8000d490 (0xb63f2a23) mem 0x80010000 0x00000001
core   0: 0x8000d494 (0xff9ff06f) j       pc - 0x8
core   0: 3 0x8000d494 (0xff9ff06f)
core   0: 0x8000d48c (0x00003f17) auipc   t5, 0x3
core   0: 3 0x8000d48c (0x00003f17) x30 0x8001048c
core   0: 0x8000d490 (0xb63f2a23) sw      gp, -1164(t5)
core   0: 3 0x8000d490 (0xb63f2a23) mem 0x80010000 0x00000001
core   0: 0x8000d494 (0xff9ff06f) j       pc - 0x8
core   0: 3 0x8000d494 (0xff9ff06f)
core   0: 0x8000d48c (0x00003f17) auipc   t5, 0x3
core   0: 3 0x8000d48c (0x00003f17) x30 0x8001048c
core   0: 0x8000d490 (0xb63f2a23) sw      gp, -1164(t5)
core   0: 3 0x8000d490 (0xb63f2a23) mem 0x80010000 0x00000001
core   0: 0x8000d494 (0xff9ff06f) j       pc - 0x8
core   0: 3 0x8000d494 (0xff9ff06f)
core   0: 0x8000d48c (0x00003f17) auipc   t5, 0x3
core   0: 3 0x8000d48c (0x00003f17) x30 0x8001048c
core   0: 0x8000d490 (0xb63f2a23) sw      gp, -1164(t5)
core   0: 3 0x8000d490 (0xb63f2a23) mem 0x80010000 0x00000001
core   0: 0x8000d494 (0xff9ff06f) j       pc - 0x8
core   0: 3 0x8000d494 (0xff9ff06f)
core   0: 0x8000d48c (0x00003f17) auipc   t5, 0x3
core   0: 3 0x8000d48c (0x00003f17) x30 0x8001048c
core   0: 0x8000d490 (0xb63f2a23) sw      gp, -1164(t5)
core   0: 3 0x8000d490 (0xb63f2a23) mem 0x80010000 0x00000001
core   0: 0x8000d494 (0xff9ff06f) j       pc - 0x8
core   0: 3 0x8000d494 (0xff9ff06f)
core   0: 0x8000d48c (0x00003f17) auipc   t5, 0x3
core   0: 3 0x8000d48c (0x00003f17) x30 0x8001048c
core   0: 0x8000d490 (0xb63f2a23) sw      gp, -1164(t5)
core   0: 3 0x8000d490 (0xb63f2a23) mem 0x80010000 0x00000001
core   0: 0x8000d494 (0xff9ff06f) j       pc - 0x8
core   0: 3 0x8000d494 (0xff9ff06f)
core   0: 0x8000d48c (0x00003f17) auipc   t5, 0x3
core   0: 3 0x8000d48c (0x00003f17) x30 0x8001048c
core   0: 0x8000d490 (0xb63f2a23) sw      gp, -1164(t5)
core   0: 3 0x8000d490 (0xb63f2a23) mem 0x80010000 0x00000001
core   0: 0x8000d494 (0xff9ff06f) j       pc - 0x8
core   0: 3 0x8000d494 (0xff9ff06f)
core   0: 0x8000d48c (0x00003f17) auipc   t5, 0x3
core   0: 3 0x8000d48c (0x00003f17) x30 0x8001048c
core   0: 0x8000d490 (0xb63f2a23) sw      gp, -1164(t5)
core   0: 3 0x8000d490 (0xb63f2a23) mem 0x80010000 0x00000001
core   0: 0x8000d494 (0xff9ff06f) j       pc - 0x8
core   0: 3 0x8000d494 (0xff9ff06f)
core   0: 0x8000d48c (0x00003f17) auipc   t5, 0x3
core   0: 3 0x8000d48c (0x00003f17) x30 0x8001048c
core   0: 0x8000d490 (0xb63f2a23) sw      gp, -1164(t5)
core   0: 3 0x8000d490 (0xb63f2a23) mem 0x80010000 0x00000001
core   0: 0x8000d494 (0xff9ff06f) j       pc - 0x8
core   0: 3 0x8000d494 (0xff9ff06f)
core   0: 0x8000d48c (0x00003f17) auipc   t5, 0x3
core   0: 3 0x8000d48c (0x00003f17) x30 0x8001048c
core   0: 0x8000d490 (0xb63f2a23) sw      gp, -1164(t5)
core   0: 3 0x8000d490 (0xb63f2a23) mem 0x80010000 0x00000001
core   0: 0x8000d494 (0xff9ff06f) j       pc - 0x8
core   0: 3 0x8000d494 (0xff9ff06f)
core   0: 0x8000d48c (0x00003f17) auipc   t5, 0x3
core   0: 3 0x8000d48c (0x00003f17) x30 0x8001048c
core   0: 0x8000d490 (0xb63f2a23) sw      gp, -1164(t5)
core   0: 3 0x8000d490 (0xb63f2a23) mem 0x80010000 0x00000001
core   0: 0x8000d494 (0xff9ff06f) j       pc - 0x8
core   0: 3 0x8000d494 (0xff9ff06f)
core   0: 0x8000d48c (0x00003f17) auipc   t5, 0x3
core   0: 3 0x8000d48c (0x00003f17) x30 0x8001048c
core   0: 0x8000d490 (0xb63f2a23) sw      gp, -1164(t5)
core   0: 3 0x8000d490 (0xb63f2a23) mem 0x80010000 0x00000001
core   0: 0x8000d494 (0xff9ff06f) j       pc - 0x8
core   0: 3 0x8000d494 (0xff9ff06f)
core   0: 0x8000d48c (0x00003f17) auipc   t5, 0x3
core   0: 3 0x8000d48c (0x00003f17) x30 0x8001048c
core   0: 0x8000d490 (0xb63f2a23) sw      gp, -1164(t5)
core   0: 3 0x8000d490 (0xb63f2a23) mem 0x80010000 0x00000001
core   0: 0x8000d494 (0xff9ff06f) j       pc - 0x8
core   0: 3 0x8000d494 (0xff9ff06f)
core   0: 0x8000d48c (0x00003f17) auipc   t5, 0x3
core   0: 3 0x8000d48c (0x00003f17) x30 0x8001048c
core   0: 0x8000d490 (0xb63f2a23) sw      gp, -1164(t5)
core   0: 3 0x8000d490 (0xb63f2a23) mem 0x80010000 0x00000001
core   0: 0x8000d494 (0xff9ff06f) j       pc - 0x8
core   0: 3 0x8000d494 (0xff9ff06f)
core   0: 0x8000d48c (0x00003f17) auipc   t5, 0x3
core   0: 3 0x8000d48c (0x00003f17) x30 0x8001048c
core   0: 0x8000d490 (0xb63f2a23) sw      gp, -1164(t5)
core   0: 3 0x8000d490 (0xb63f2a23) mem 0x80010000 0x00000001
core   0: 0x8000d494 (0xff9ff06f) j       pc - 0x8
core   0: 3 0x8000d494 (0xff9ff06f)
core   0: 0x8000d48c (0x00003f17) auipc   t5, 0x3
core   0: 3 0x8000d48c (0x00003f17) x30 0x8001048c
core   0: 0x8000d490 (0xb63f2a23) sw      gp, -1164(t5)
core   0: 3 0x8000d490 (0xb63f2a23) mem 0x80010000 0x00000001
core   0: 0x8000d494 (0xff9ff06f) j       pc - 0x8
core   0: 3 0x8000d494 (0xff9ff06f)
core   0: 0x8000d48c (0x00003f17) auipc   t5, 0x3
core   0: 3 0x8000d48c (0x00003f17) x30 0x8001048c
core   0: 0x8000d490 (0xb63f2a23) sw      gp, -1164(t5)
core   0: 3 0x8000d490 (0xb63f2a23) mem 0x80010000 0x00000001
core   0: 0x8000d494 (0xff9ff06f) j       pc - 0x8
core   0: 3 0x8000d494 (0xff9ff06f)
core   0: 0x8000d48c (0x00003f17) auipc   t5, 0x3
core   0: 3 0x8000d48c (0x00003f17) x30 0x8001048c
core   0: 0x8000d490 (0xb63f2a23) sw      gp, -1164(t5)
core   0: 3 0x8000d490 (0xb63f2a23) mem 0x80010000 0x00000001
core   0: 0x8000d494 (0xff9ff06f) j       pc - 0x8
core   0: 3 0x8000d494 (0xff9ff06f)
core   0: 0x8000d48c (0x00003f17) auipc   t5, 0x3
core   0: 3 0x8000d48c (0x00003f17) x30 0x8001048c
core   0: 0x8000d490 (0xb63f2a23) sw      gp, -1164(t5)
core   0: 3 0x8000d490 (0xb63f2a23) mem 0x80010000 0x00000001
core   0: 0x8000d494 (0xff9ff06f) j       pc - 0x8
core   0: 3 0x8000d494 (0xff9ff06f)
core   0: 0x8000d48c (0x00003f17) auipc   t5, 0x3
core   0: 3 0x8000d48c (0x00003f17) x30 0x8001048c
core   0: 0x8000d490 (0xb63f2a23) sw      gp, -1164(t5)
core   0: 3 0x8000d490 (0xb63f2a23) mem 0x80010000 0x00000001
core   0: 0x8000d494 (0xff9ff06f) j       pc - 0x8
core   0: 3 0x8000d494 (0xff9ff06f)
core   0: 0x8000d48c (0x00003f17) auipc   t5, 0x3
core   0: 3 0x8000d48c (0x00003f17) x30 0x8001048c
core   0: 0x8000d490 (0xb63f2a23) sw      gp, -1164(t5)
core   0: 3 0x8000d490 (0xb63f2a23) mem 0x80010000 0x00000001
core   0: 0x8000d494 (0xff9ff06f) j       pc - 0x8
core   0: 3 0x8000d494 (0xff9ff06f)
core   0: 0x8000d48c (0x00003f17) auipc   t5, 0x3
core   0: 3 0x8000d48c (0x00003f17) x30 0x8001048c
core   0: 0x8000d490 (0xb63f2a23) sw      gp, -1164(t5)
core   0: 3 0x8000d490 (0xb63f2a23) mem 0x80010000 0x00000001
core   0: 0x8000d494 (0xff9ff06f) j       pc - 0x8
core   0: 3 0x8000d494 (0xff9ff06f)
core   0: 0x8000d48c (0x00003f17) auipc   t5, 0x3
core   0: 3 0x8000d48c (0x00003f17) x30 0x8001048c
core   0: 0x8000d490 (0xb63f2a23) sw      gp, -1164(t5)
core   0: 3 0x8000d490 (0xb63f2a23) mem 0x80010000 0x00000001
core   0: 0x8000d494 (0xff9ff06f) j       pc - 0x8
core   0: 3 0x8000d494 (0xff9ff06f)
core   0: 0x8000d48c (0x00003f17) auipc   t5, 0x3
core   0: 3 0x8000d48c (0x00003f17) x30 0x8001048c
core   0: 0x8000d490 (0xb63f2a23) sw      gp, -1164(t5)
core   0: 3 0x8000d490 (0xb63f2a23) mem 0x80010000 0x00000001
core   0: 0x8000d494 (0xff9ff06f) j       pc - 0x8
core   0: 3 0x8000d494 (0xff9ff06f)
core   0: 0x8000d48c (0x00003f17) auipc   t5, 0x3
core   0: 3 0x8000d48c (0x00003f17) x30 0x8001048c
core   0: 0x8000d490 (0xb63f2a23) sw      gp, -1164(t5)
core   0: 3 0x8000d490 (0xb63f2a23) mem 0x80010000 0x00000001
core   0: 0x8000d494 (0xff9ff06f) j       pc - 0x8
core   0: 3 0x8000d494 (0xff9ff06f)
core   0: 0x8000d48c (0x00003f17) auipc   t5, 0x3
core   0: 3 0x8000d48c (0x00003f17) x30 0x8001048c
core   0: 0x8000d490 (0xb63f2a23) sw      gp, -1164(t5)
core   0: 3 0x8000d490 (0xb63f2a23) mem 0x80010000 0x00000001
core   0: 0x8000d494 (0xff9ff06f) j       pc - 0x8
core   0: 3 0x8000d494 (0xff9ff06f)
core   0: 0x8000d48c (0x00003f17) auipc   t5, 0x3
core   0: 3 0x8000d48c (0x00003f17) x30 0x8001048c
core   0: 0x8000d490 (0xb63f2a23) sw      gp, -1164(t5)
core   0: 3 0x8000d490 (0xb63f2a23) mem 0x80010000 0x00000001
core   0: 0x8000d494 (0xff9ff06f) j       pc - 0x8
core   0: 3 0x8000d494 (0xff9ff06f)
core   0: 0x8000d48c (0x00003f17) auipc   t5, 0x3
core   0: 3 0x8000d48c (0x00003f17) x30 0x8001048c
core   0: 0x8000d490 (0xb63f2a23) sw      gp, -1164(t5)
core   0: 3 0x8000d490 (0xb63f2a23) mem 0x80010000 0x00000001
core   0: 0x8000d494 (0xff9ff06f) j       pc - 0x8
core   0: 3 0x8000d494 (0xff9ff06f)
core   0: 0x8000d48c (0x00003f17) auipc   t5, 0x3
core   0: 3 0x8000d48c (0x00003f17) x30 0x8001048c
core   0: 0x8000d490 (0xb63f2a23) sw      gp, -1164(t5)
core   0: 3 0x8000d490 (0xb63f2a23) mem 0x80010000 0x00000001
core   0: 0x8000d494 (0xff9ff06f) j       pc - 0x8
core   0: 3 0x8000d494 (0xff9ff06f)
core   0: 0x8000d48c (0x00003f17) auipc   t5, 0x3
core   0: 3 0x8000d48c (0x00003f17) x30 0x8001048c
core   0: 0x8000d490 (0xb63f2a23) sw      gp, -1164(t5)
core   0: 3 0x8000d490 (0xb63f2a23) mem 0x80010000 0x00000001
core   0: 0x8000d494 (0xff9ff06f) j       pc - 0x8
core   0: 3 0x8000d494 (0xff9ff06f)
core   0: 0x8000d48c (0x00003f17) auipc   t5, 0x3
core   0: 3 0x8000d48c (0x00003f17) x30 0x8001048c
core   0: 0x8000d490 (0xb63f2a23) sw      gp, -1164(t5)
core   0: 3 0x8000d490 (0xb63f2a23) mem 0x80010000 0x00000001
core   0: 0x8000d494 (0xff9ff06f) j       pc - 0x8
core   0: 3 0x8000d494 (0xff9ff06f)
core   0: 0x8000d48c (0x00003f17) auipc   t5, 0x3
core   0: 3 0x8000d48c (0x00003f17) x30 0x8001048c
core   0: 0x8000d490 (0xb63f2a23) sw      gp, -1164(t5)
core   0: 3 0x8000d490 (0xb63f2a23) mem 0x80010000 0x00000001
core   0: 0x8000d494 (0xff9ff06f) j       pc - 0x8
core   0: 3 0x8000d494 (0xff9ff06f)
core   0: 0x8000d48c (0x00003f17) auipc   t5, 0x3
core   0: 3 0x8000d48c (0x00003f17) x30 0x8001048c
core   0: 0x8000d490 (0xb63f2a23) sw      gp, -1164(t5)
core   0: 3 0x8000d490 (0xb63f2a23) mem 0x80010000 0x00000001
core   0: 0x8000d494 (0xff9ff06f) j       pc - 0x8
core   0: 3 0x8000d494 (0xff9ff06f)
core   0: 0x8000d48c (0x00003f17) auipc   t5, 0x3
core   0: 3 0x8000d48c (0x00003f17) x30 0x8001048c
core   0: 0x8000d490 (0xb63f2a23) sw      gp, -1164(t5)
core   0: 3 0x8000d490 (0xb63f2a23) mem 0x80010000 0x00000001
core   0: 0x8000d494 (0xff9ff06f) j       pc - 0x8
core   0: 3 0x8000d494 (0xff9ff06f)
core   0: 0x8000d48c (0x00003f17) auipc   t5, 0x3
core   0: 3 0x8000d48c (0x00003f17) x30 0x8001048c
core   0: 0x8000d490 (0xb63f2a23) sw      gp, -1164(t5)
core   0: 3 0x8000d490 (0xb63f2a23) mem 0x80010000 0x00000001
core   0: 0x8000d494 (0xff9ff06f) j       pc - 0x8
core   0: 3 0x8000d494 (0xff9ff06f)
core   0: 0x8000d48c (0x00003f17) auipc   t5, 0x3
core   0: 3 0x8000d48c (0x00003f17) x30 0x8001048c
core   0: 0x8000d490 (0xb63f2a23) sw      gp, -1164(t5)
core   0: 3 0x8000d490 (0xb63f2a23) mem 0x80010000 0x00000001
core   0: 0x8000d494 (0xff9ff06f) j       pc - 0x8
core   0: 3 0x8000d494 (0xff9ff06f)
core   0: 0x8000d48c (0x00003f17) auipc   t5, 0x3
core   0: 3 0x8000d48c (0x00003f17) x30 0x8001048c
core   0: 0x8000d490 (0xb63f2a23) sw      gp, -1164(t5)
core   0: 3 0x8000d490 (0xb63f2a23) mem 0x80010000 0x00000001
core   0: 0x8000d494 (0xff9ff06f) j       pc - 0x8
core   0: 3 0x8000d494 (0xff9ff06f)
core   0: 0x8000d48c (0x00003f17) auipc   t5, 0x3
core   0: 3 0x8000d48c (0x00003f17) x30 0x8001048c
core   0: 0x8000d490 (0xb63f2a23) sw      gp, -1164(t5)
core   0: 3 0x8000d490 (0xb63f2a23) mem 0x80010000 0x00000001
core   0: 0x8000d494 (0xff9ff06f) j       pc - 0x8
core   0: 3 0x8000d494 (0xff9ff06f)
core   0: 0x8000d48c (0x00003f17) auipc   t5, 0x3
core   0: 3 0x8000d48c (0x00003f17) x30 0x8001048c
core   0: 0x8000d490 (0xb63f2a23) sw      gp, -1164(t5)
core   0: 3 0x8000d490 (0xb63f2a23) mem 0x80010000 0x00000001
core   0: 0x8000d494 (0xff9ff06f) j       pc - 0x8
core   0: 3 0x8000d494 (0xff9ff06f)
core   0: 0x8000d48c (0x00003f17) auipc   t5, 0x3
core   0: 3 0x8000d48c (0x00003f17) x30 0x8001048c
core   0: 0x8000d490 (0xb63f2a23) sw      gp, -1164(t5)
core   0: 3 0x8000d490 (0xb63f2a23) mem 0x80010000 0x00000001
core   0: 0x8000d494 (0xff9ff06f) j       pc - 0x8
core   0: 3 0x8000d494 (0xff9ff06f)
core   0: 0x8000d48c (0x00003f17) auipc   t5, 0x3
core   0: 3 0x8000d48c (0x00003f17) x30 0x8001048c
core   0: 0x8000d490 (0xb63f2a23) sw      gp, -1164(t5)
core   0: 3 0x8000d490 (0xb63f2a23) mem 0x80010000 0x00000001
core   0: 0x8000d494 (0xff9ff06f) j       pc - 0x8
core   0: 3 0x8000d494 (0xff9ff06f)
core   0: 0x8000d48c (0x00003f17) auipc   t5, 0x3
core   0: 3 0x8000d48c (0x00003f17) x30 0x8001048c
core   0: 0x8000d490 (0xb63f2a23) sw      gp, -1164(t5)
core   0: 3 0x8000d490 (0xb63f2a23) mem 0x80010000 0x00000001
core   0: 0x8000d494 (0xff9ff06f) j       pc - 0x8
core   0: 3 0x8000d494 (0xff9ff06f)
core   0: 0x8000d48c (0x00003f17) auipc   t5, 0x3
core   0: 3 0x8000d48c (0x00003f17) x30 0x8001048c
core   0: 0x8000d490 (0xb63f2a23) sw      gp, -1164(t5)
core   0: 3 0x8000d490 (0xb63f2a23) mem 0x80010000 0x00000001
core   0: 0x8000d494 (0xff9ff06f) j       pc - 0x8
core   0: 3 0x8000d494 (0xff9ff06f)
core   0: 0x8000d48c (0x00003f17) auipc   t5, 0x3
core   0: 3 0x8000d48c (0x00003f17) x30 0x8001048c
core   0: 0x8000d490 (0xb63f2a23) sw      gp, -1164(t5)
core   0: 3 0x8000d490 (0xb63f2a23) mem 0x80010000 0x00000001
core   0: 0x8000d494 (0xff9ff06f) j       pc - 0x8
core   0: 3 0x8000d494 (0xff9ff06f)
core   0: 0x8000d48c (0x00003f17) auipc   t5, 0x3
core   0: 3 0x8000d48c (0x00003f17) x30 0x8001048c
core   0: 0x8000d490 (0xb63f2a23) sw      gp, -1164(t5)
core   0: 3 0x8000d490 (0xb63f2a23) mem 0x80010000 0x00000001
core   0: 0x8000d494 (0xff9ff06f) j       pc - 0x8
core   0: 3 0x8000d494 (0xff9ff06f)
core   0: 0x8000d48c (0x00003f17) auipc   t5, 0x3
core   0: 3 0x8000d48c (0x00003f17) x30 0x8001048c
core   0: 0x8000d490 (0xb63f2a23) sw      gp, -1164(t5)
core   0: 3 0x8000d490 (0xb63f2a23) mem 0x80010000 0x00000001
core   0: 0x8000d494 (0xff9ff06f) j       pc - 0x8
core   0: 3 0x8000d494 (0xff9ff06f)
core   0: 0x8000d48c (0x00003f17) auipc   t5, 0x3
core   0: 3 0x8000d48c (0x00003f17) x30 0x8001048c
core   0: 0x8000d490 (0xb63f2a23) sw      gp, -1164(t5)
core   0: 3 0x8000d490 (0xb63f2a23) mem 0x80010000 0x00000001
core   0: 0x8000d494 (0xff9ff06f) j       pc - 0x8
core   0: 3 0x8000d494 (0xff9ff06f)
core   0: 0x8000d48c (0x00003f17) auipc   t5, 0x3
core   0: 3 0x8000d48c (0x00003f17) x30 0x8001048c
core   0: 0x8000d490 (0xb63f2a23) sw      gp, -1164(t5)
core   0: 3 0x8000d490 (0xb63f2a23) mem 0x80010000 0x00000001
core   0: 0x8000d494 (0xff9ff06f) j       pc - 0x8
core   0: 3 0x8000d494 (0xff9ff06f)
core   0: 0x8000d48c (0x00003f17) auipc   t5, 0x3
core   0: 3 0x8000d48c (0x00003f17) x30 0x8001048c
core   0: 0x8000d490 (0xb63f2a23) sw      gp, -1164(t5)
core   0: 3 0x8000d490 (0xb63f2a23) mem 0x80010000 0x00000001
core   0: 0x8000d494 (0xff9ff06f) j       pc - 0x8
core   0: 3 0x8000d494 (0xff9ff06f)
core   0: 0x8000d48c (0x00003f17) auipc   t5, 0x3
core   0: 3 0x8000d48c (0x00003f17) x30 0x8001048c
core   0: 0x8000d490 (0xb63f2a23) sw      gp, -1164(t5)
core   0: 3 0x8000d490 (0xb63f2a23) mem 0x80010000 0x00000001
core   0: 0x8000d494 (0xff9ff06f) j       pc - 0x8
core   0: 3 0x8000d494 (0xff9ff06f)
core   0: 0x8000d48c (0x00003f17) auipc   t5, 0x3
core   0: 3 0x8000d48c (0x00003f17) x30 0x8001048c
core   0: 0x8000d490 (0xb63f2a23) sw      gp, -1164(t5)
core   0: 3 0x8000d490 (0xb63f2a23) mem 0x80010000 0x00000001
core   0: 0x8000d494 (0xff9ff06f) j       pc - 0x8
core   0: 3 0x8000d494 (0xff9ff06f)
core   0: 0x8000d48c (0x00003f17) auipc   t5, 0x3
core   0: 3 0x8000d48c (0x00003f17) x30 0x8001048c
core   0: 0x8000d490 (0xb63f2a23) sw      gp, -1164(t5)
core   0: 3 0x8000d490 (0xb63f2a23) mem 0x80010000 0x00000001
core   0: 0x8000d494 (0xff9ff06f) j       pc - 0x8
core   0: 3 0x8000d494 (0xff9ff06f)
core   0: 0x8000d48c (0x00003f17) auipc   t5, 0x3
core   0: 3 0x8000d48c (0x00003f17) x30 0x8001048c
core   0: 0x8000d490 (0xb63f2a23) sw      gp, -1164(t5)
core   0: 3 0x8000d490 (0xb63f2a23) mem 0x80010000 0x00000001
core   0: 0x8000d494 (0xff9ff06f) j       pc - 0x8
core   0: 3 0x8000d494 (0xff9ff06f)
core   0: 0x8000d48c (0x00003f17) auipc   t5, 0x3
core   0: 3 0x8000d48c (0x00003f17) x30 0x8001048c
core   0: 0x8000d490 (0xb63f2a23) sw      gp, -1164(t5)
core   0: 3 0x8000d490 (0xb63f2a23) mem 0x80010000 0x00000001
core   0: 0x8000d494 (0xff9ff06f) j       pc - 0x8
core   0: 3 0x8000d494 (0xff9ff06f)
core   0: 0x8000d48c (0x00003f17) auipc   t5, 0x3
core   0: 3 0x8000d48c (0x00003f17) x30 0x8001048c
core   0: 0x8000d490 (0xb63f2a23) sw      gp, -1164(t5)
core   0: 3 0x8000d490 (0xb63f2a23) mem 0x80010000 0x00000001
core   0: 0x8000d494 (0xff9ff06f) j       pc - 0x8
core   0: 3 0x8000d494 (0xff9ff06f)
core   0: 0x8000d48c (0x00003f17) auipc   t5, 0x3
core   0: 3 0x8000d48c (0x00003f17) x30 0x8001048c
core   0: 0x8000d490 (0xb63f2a23) sw      gp, -1164(t5)
core   0: 3 0x8000d490 (0xb63f2a23) mem 0x80010000 0x00000001
core   0: 0x8000d494 (0xff9ff06f) j       pc - 0x8
core   0: 3 0x8000d494 (0xff9ff06f)
core   0: 0x8000d48c (0x00003f17) auipc   t5, 0x3
core   0: 3 0x8000d48c (0x00003f17) x30 0x8001048c
core   0: 0x8000d490 (0xb63f2a23) sw      gp, -1164(t5)
core   0: 3 0x8000d490 (0xb63f2a23) mem 0x80010000 0x00000001
core   0: 0x8000d494 (0xff9ff06f) j       pc - 0x8
core   0: 3 0x8000d494 (0xff9ff06f)
core   0: 0x8000d48c (0x00003f17) auipc   t5, 0x3
core   0: 3 0x8000d48c (0x00003f17) x30 0x8001048c
core   0: 0x8000d490 (0xb63f2a23) sw      gp, -1164(t5)
core   0: 3 0x8000d490 (0xb63f2a23) mem 0x80010000 0x00000001
core   0: 0x8000d494 (0xff9ff06f) j       pc - 0x8
core   0: 3 0x8000d494 (0xff9ff06f)
core   0: 0x8000d48c (0x00003f17) auipc   t5, 0x3
core   0: 3 0x8000d48c (0x00003f17) x30 0x8001048c
core   0: 0x8000d490 (0xb63f2a23) sw      gp, -1164(t5)
core   0: 3 0x8000d490 (0xb63f2a23) mem 0x80010000 0x00000001
core   0: 0x8000d494 (0xff9ff06f) j       pc - 0x8
core   0: 3 0x8000d494 (0xff9ff06f)
core   0: 0x8000d48c (0x00003f17) auipc   t5, 0x3
core   0: 3 0x8000d48c (0x00003f17) x30 0x8001048c
core   0: 0x8000d490 (0xb63f2a23) sw      gp, -1164(t5)
core   0: 3 0x8000d490 (0xb63f2a23) mem 0x80010000 0x00000001
core   0: 0x8000d494 (0xff9ff06f) j       pc - 0x8
core   0: 3 0x8000d494 (0xff9ff06f)
core   0: 0x8000d48c (0x00003f17) auipc   t5, 0x3
core   0: 3 0x8000d48c (0x00003f17) x30 0x8001048c
core   0: 0x8000d490 (0xb63f2a23) sw      gp, -1164(t5)
core   0: 3 0x8000d490 (0xb63f2a23) mem 0x80010000 0x00000001
core   0: 0x8000d494 (0xff9ff06f) j       pc - 0x8
core   0: 3 0x8000d494 (0xff9ff06f)
core   0: 0x8000d48c (0x00003f17) auipc   t5, 0x3
core   0: 3 0x8000d48c (0x00003f17) x30 0x8001048c
core   0: 0x8000d490 (0xb63f2a23) sw      gp, -1164(t5)
core   0: 3 0x8000d490 (0xb63f2a23) mem 0x80010000 0x00000001
core   0: 0x8000d494 (0xff9ff06f) j       pc - 0x8
core   0: 3 0x8000d494 (0xff9ff06f)
core   0: 0x8000d48c (0x00003f17) auipc   t5, 0x3
core   0: 3 0x8000d48c (0x00003f17) x30 0x8001048c
core   0: 0x8000d490 (0xb63f2a23) sw      gp, -1164(t5)
core   0: 3 0x8000d490 (0xb63f2a23) mem 0x80010000 0x00000001
core   0: 0x8000d494 (0xff9ff06f) j       pc - 0x8
core   0: 3 0x8000d494 (0xff9ff06f)
core   0: 0x8000d48c (0x00003f17) auipc   t5, 0x3
core   0: 3 0x8000d48c (0x00003f17) x30 0x8001048c
core   0: 0x8000d490 (0xb63f2a23) sw      gp, -1164(t5)
core   0: 3 0x8000d490 (0xb63f2a23) mem 0x80010000 0x00000001
core   0: 0x8000d494 (0xff9ff06f) j       pc - 0x8
core   0: 3 0x8000d494 (0xff9ff06f)
core   0: 0x8000d48c (0x00003f17) auipc   t5, 0x3
core   0: 3 0x8000d48c (0x00003f17) x30 0x8001048c
core   0: 0x8000d490 (0xb63f2a23) sw      gp, -1164(t5)
core   0: 3 0x8000d490 (0xb63f2a23) mem 0x80010000 0x00000001
core   0: 0x8000d494 (0xff9ff06f) j       pc - 0x8
core   0: 3 0x8000d494 (0xff9ff06f)
core   0: 0x8000d48c (0x00003f17) auipc   t5, 0x3
core   0: 3 0x8000d48c (0x00003f17) x30 0x8001048c
core   0: 0x8000d490 (0xb63f2a23) sw      gp, -1164(t5)
core   0: 3 0x8000d490 (0xb63f2a23) mem 0x80010000 0x00000001
core   0: 0x8000d494 (0xff9ff06f) j       pc - 0x8
core   0: 3 0x8000d494 (0xff9ff06f)
core   0: 0x8000d48c (0x00003f17) auipc   t5, 0x3
core   0: 3 0x8000d48c (0x00003f17) x30 0x8001048c
core   0: 0x8000d490 (0xb63f2a23) sw      gp, -1164(t5)
core   0: 3 0x8000d490 (0xb63f2a23) mem 0x80010000 0x00000001
core   0: 0x8000d494 (0xff9ff06f) j       pc - 0x8
core   0: 3 0x8000d494 (0xff9ff06f)
core   0: 0x8000d48c (0x00003f17) auipc   t5, 0x3
core   0: 3 0x8000d48c (0x00003f17) x30 0x8001048c
core   0: 0x8000d490 (0xb63f2a23) sw      gp, -1164(t5)
core   0: 3 0x8000d490 (0xb63f2a23) mem 0x80010000 0x00000001
core   0: 0x8000d494 (0xff9ff06f) j       pc - 0x8
core   0: 3 0x8000d494 (0xff9ff06f)
core   0: 0x8000d48c (0x00003f17) auipc   t5, 0x3
core   0: 3 0x8000d48c (0x00003f17) x30 0x8001048c
core   0: 0x8000d490 (0xb63f2a23) sw      gp, -1164(t5)
core   0: 3 0x8000d490 (0xb63f2a23) mem 0x80010000 0x00000001
core   0: 0x8000d494 (0xff9ff06f) j       pc - 0x8
core   0: 3 0x8000d494 (0xff9ff06f)
core   0: 0x8000d48c (0x00003f17) auipc   t5, 0x3
core   0: 3 0x8000d48c (0x00003f17) x30 0x8001048c
core   0: 0x8000d490 (0xb63f2a23) sw      gp, -1164(t5)
core   0: 3 0x8000d490 (0xb63f2a23) mem 0x80010000 0x00000001
core   0: 0x8000d494 (0xff9ff06f) j       pc - 0x8
core   0: 3 0x8000d494 (0xff9ff06f)
core   0: 0x8000d48c (0x00003f17) auipc   t5, 0x3
core   0: 3 0x8000d48c (0x00003f17) x30 0x8001048c
core   0: 0x8000d490 (0xb63f2a23) sw      gp, -1164(t5)
core   0: 3 0x8000d490 (0xb63f2a23) mem 0x80010000 0x00000001
core   0: 0x8000d494 (0xff9ff06f) j       pc - 0x8
core   0: 3 0x8000d494 (0xff9ff06f)
core   0: 0x8000d48c (0x00003f17) auipc   t5, 0x3
core   0: 3 0x8000d48c (0x00003f17) x30 0x8001048c
core   0: 0x8000d490 (0xb63f2a23) sw      gp, -1164(t5)
core   0: 3 0x8000d490 (0xb63f2a23) mem 0x80010000 0x00000001
core   0: 0x8000d494 (0xff9ff06f) j       pc - 0x8
core   0: 3 0x8000d494 (0xff9ff06f)
core   0: 0x8000d48c (0x00003f17) auipc   t5, 0x3
core   0: 3 0x8000d48c (0x00003f17) x30 0x8001048c
core   0: 0x8000d490 (0xb63f2a23) sw      gp, -1164(t5)
core   0: 3 0x8000d490 (0xb63f2a23) mem 0x80010000 0x00000001
core   0: 0x8000d494 (0xff9ff06f) j       pc - 0x8
core   0: 3 0x8000d494 (0xff9ff06f)
core   0: 0x8000d48c (0x00003f17) auipc   t5, 0x3
core   0: 3 0x8000d48c (0x00003f17) x30 0x8001048c
core   0: 0x8000d490 (0xb63f2a23) sw      gp, -1164(t5)
core   0: 3 0x8000d490 (0xb63f2a23) mem 0x80010000 0x00000001
core   0: 0x8000d494 (0xff9ff06f) j       pc - 0x8
core   0: 3 0x8000d494 (0xff9ff06f)
core   0: 0x8000d48c (0x00003f17) auipc   t5, 0x3
core   0: 3 0x8000d48c (0x00003f17) x30 0x8001048c
core   0: 0x8000d490 (0xb63f2a23) sw      gp, -1164(t5)
core   0: 3 0x8000d490 (0xb63f2a23) mem 0x80010000 0x00000001
core   0: 0x8000d494 (0xff9ff06f) j       pc - 0x8
core   0: 3 0x8000d494 (0xff9ff06f)
core   0: 0x8000d48c (0x00003f17) auipc   t5, 0x3
core   0: 3 0x8000d48c (0x00003f17) x30 0x8001048c
core   0: 0x8000d490 (0xb63f2a23) sw      gp, -1164(t5)
core   0: 3 0x8000d490 (0xb63f2a23) mem 0x80010000 0x00000001
core   0: 0x8000d494 (0xff9ff06f) j       pc - 0x8
core   0: 3 0x8000d494 (0xff9ff06f)
core   0: 0x8000d48c (0x00003f17) auipc   t5, 0x3
core   0: 3 0x8000d48c (0x00003f17) x30 0x8001048c
core   0: 0x8000d490 (0xb63f2a23) sw      gp, -1164(t5)
core   0: 3 0x8000d490 (0xb63f2a23) mem 0x80010000 0x00000001
core   0: 0x8000d494 (0xff9ff06f) j       pc - 0x8
core   0: 3 0x8000d494 (0xff9ff06f)
core   0: 0x8000d48c (0x00003f17) auipc   t5, 0x3
core   0: 3 0x8000d48c (0x00003f17) x30 0x8001048c
core   0: 0x8000d490 (0xb63f2a23) sw      gp, -1164(t5)
core   0: 3 0x8000d490 (0xb63f2a23) mem 0x80010000 0x00000001
core   0: 0x8000d494 (0xff9ff06f) j       pc - 0x8
core   0: 3 0x8000d494 (0xff9ff06f)
core   0: 0x8000d48c (0x00003f17) auipc   t5, 0x3
core   0: 3 0x8000d48c (0x00003f17) x30 0x8001048c
core   0: 0x8000d490 (0xb63f2a23) sw      gp, -1164(t5)
core   0: 3 0x8000d490 (0xb63f2a23) mem 0x80010000 0x00000001
core   0: 0x8000d494 (0xff9ff06f) j       pc - 0x8
core   0: 3 0x8000d494 (0xff9ff06f)
core   0: 0x8000d48c (0x00003f17) auipc   t5, 0x3
core   0: 3 0x8000d48c (0x00003f17) x30 0x8001048c
core   0: 0x8000d490 (0xb63f2a23) sw      gp, -1164(t5)
core   0: 3 0x8000d490 (0xb63f2a23) mem 0x80010000 0x00000001
core   0: 0x8000d494 (0xff9ff06f) j       pc - 0x8
core   0: 3 0x8000d494 (0xff9ff06f)
core   0: 0x8000d48c (0x00003f17) auipc   t5, 0x3
core   0: 3 0x8000d48c (0x00003f17) x30 0x8001048c
core   0: 0x8000d490 (0xb63f2a23) sw      gp, -1164(t5)
core   0: 3 0x8000d490 (0xb63f2a23) mem 0x80010000 0x00000001
core   0: 0x8000d494 (0xff9ff06f) j       pc - 0x8
core   0: 3 0x8000d494 (0xff9ff06f)
core   0: 0x8000d48c (0x00003f17) auipc   t5, 0x3
core   0: 3 0x8000d48c (0x00003f17) x30 0x8001048c
core   0: 0x8000d490 (0xb63f2a23) sw      gp, -1164(t5)
core   0: 3 0x8000d490 (0xb63f2a23) mem 0x80010000 0x00000001
core   0: 0x8000d494 (0xff9ff06f) j       pc - 0x8
core   0: 3 0x8000d494 (0xff9ff06f)
core   0: 0x8000d48c (0x00003f17) auipc   t5, 0x3
core   0: 3 0x8000d48c (0x00003f17) x30 0x8001048c
core   0: 0x8000d490 (0xb63f2a23) sw      gp, -1164(t5)
core   0: 3 0x8000d490 (0xb63f2a23) mem 0x80010000 0x00000001
core   0: 0x8000d494 (0xff9ff06f) j       pc - 0x8
core   0: 3 0x8000d494 (0xff9ff06f)
core   0: 0x8000d48c (0x00003f17) auipc   t5, 0x3
core   0: 3 0x8000d48c (0x00003f17) x30 0x8001048c
core   0: 0x8000d490 (0xb63f2a23) sw      gp, -1164(t5)
core   0: 3 0x8000d490 (0xb63f2a23) mem 0x80010000 0x00000001
core   0: 0x8000d494 (0xff9ff06f) j       pc - 0x8
core   0: 3 0x8000d494 (0xff9ff06f)
core   0: 0x8000d48c (0x00003f17) auipc   t5, 0x3
core   0: 3 0x8000d48c (0x00003f17) x30 0x8001048c
core   0: 0x8000d490 (0xb63f2a23) sw      gp, -1164(t5)
core   0: 3 0x8000d490 (0xb63f2a23) mem 0x80010000 0x00000001
core   0: 0x8000d494 (0xff9ff06f) j       pc - 0x8
core   0: 3 0x8000d494 (0xff9ff06f)
core   0: 0x8000d48c (0x00003f17) auipc   t5, 0x3
core   0: 3 0x8000d48c (0x00003f17) x30 0x8001048c
core   0: 0x8000d490 (0xb63f2a23) sw      gp, -1164(t5)
core   0: 3 0x8000d490 (0xb63f2a23) mem 0x80010000 0x00000001
core   0: 0x8000d494 (0xff9ff06f) j       pc - 0x8
core   0: 3 0x8000d494 (0xff9ff06f)
core   0: 0x8000d48c (0x00003f17) auipc   t5, 0x3
core   0: 3 0x8000d48c (0x00003f17) x30 0x8001048c
core   0: 0x8000d490 (0xb63f2a23) sw      gp, -1164(t5)
core   0: 3 0x8000d490 (0xb63f2a23) mem 0x80010000 0x00000001
core   0: 0x8000d494 (0xff9ff06f) j       pc - 0x8
core   0: 3 0x8000d494 (0xff9ff06f)
core   0: 0x8000d48c (0x00003f17) auipc   t5, 0x3
core   0: 3 0x8000d48c (0x00003f17) x30 0x8001048c
core   0: 0x8000d490 (0xb63f2a23) sw      gp, -1164(t5)
core   0: 3 0x8000d490 (0xb63f2a23) mem 0x80010000 0x00000001
core   0: 0x8000d494 (0xff9ff06f) j       pc - 0x8
core   0: 3 0x8000d494 (0xff9ff06f)
core   0: 0x8000d48c (0x00003f17) auipc   t5, 0x3
core   0: 3 0x8000d48c (0x00003f17) x30 0x8001048c
core   0: 0x8000d490 (0xb63f2a23) sw      gp, -1164(t5)
core   0: 3 0x8000d490 (0xb63f2a23) mem 0x80010000 0x00000001
core   0: 0x8000d494 (0xff9ff06f) j       pc - 0x8
core   0: 3 0x8000d494 (0xff9ff06f)
core   0: 0x8000d48c (0x00003f17) auipc   t5, 0x3
core   0: 3 0x8000d48c (0x00003f17) x30 0x8001048c
core   0: 0x8000d490 (0xb63f2a23) sw      gp, -1164(t5)
core   0: 3 0x8000d490 (0xb63f2a23) mem 0x80010000 0x00000001
core   0: 0x8000d494 (0xff9ff06f) j       pc - 0x8
core   0: 3 0x8000d494 (0xff9ff06f)
core   0: 0x8000d48c (0x00003f17) auipc   t5, 0x3
core   0: 3 0x8000d48c (0x00003f17) x30 0x8001048c
core   0: 0x8000d490 (0xb63f2a23) sw      gp, -1164(t5)
core   0: 3 0x8000d490 (0xb63f2a23) mem 0x80010000 0x00000001
core   0: 0x8000d494 (0xff9ff06f) j       pc - 0x8
core   0: 3 0x8000d494 (0xff9ff06f)
core   0: 0x8000d48c (0x00003f17) auipc   t5, 0x3
core   0: 3 0x8000d48c (0x00003f17) x30 0x8001048c
core   0: 0x8000d490 (0xb63f2a23) sw      gp, -1164(t5)
core   0: 3 0x8000d490 (0xb63f2a23) mem 0x80010000 0x00000001
core   0: 0x8000d494 (0xff9ff06f) j       pc - 0x8
core   0: 3 0x8000d494 (0xff9ff06f)
core   0: 0x8000d48c (0x00003f17) auipc   t5, 0x3
core   0: 3 0x8000d48c (0x00003f17) x30 0x8001048c
core   0: 0x8000d490 (0xb63f2a23) sw      gp, -1164(t5)
core   0: 3 0x8000d490 (0xb63f2a23) mem 0x80010000 0x00000001
core   0: 0x8000d494 (0xff9ff06f) j       pc - 0x8
core   0: 3 0x8000d494 (0xff9ff06f)
core   0: 0x8000d48c (0x00003f17) auipc   t5, 0x3
core   0: 3 0x8000d48c (0x00003f17) x30 0x8001048c
core   0: 0x8000d490 (0xb63f2a23) sw      gp, -1164(t5)
core   0: 3 0x8000d490 (0xb63f2a23) mem 0x80010000 0x00000001
core   0: 0x8000d494 (0xff9ff06f) j       pc - 0x8
core   0: 3 0x8000d494 (0xff9ff06f)
core   0: 0x8000d48c (0x00003f17) auipc   t5, 0x3
core   0: 3 0x8000d48c (0x00003f17) x30 0x8001048c
core   0: 0x8000d490 (0xb63f2a23) sw      gp, -1164(t5)
core   0: 3 0x8000d490 (0xb63f2a23) mem 0x80010000 0x00000001
core   0: 0x8000d494 (0xff9ff06f) j       pc - 0x8
core   0: 3 0x8000d494 (0xff9ff06f)
core   0: 0x8000d48c (0x00003f17) auipc   t5, 0x3
core   0: 3 0x8000d48c (0x00003f17) x30 0x8001048c
core   0: 0x8000d490 (0xb63f2a23) sw      gp, -1164(t5)
core   0: 3 0x8000d490 (0xb63f2a23) mem 0x80010000 0x00000001
core   0: 0x8000d494 (0xff9ff06f) j       pc - 0x8
core   0: 3 0x8000d494 (0xff9ff06f)
core   0: 0x8000d48c (0x00003f17) auipc   t5, 0x3
core   0: 3 0x8000d48c (0x00003f17) x30 0x8001048c
core   0: 0x8000d490 (0xb63f2a23) sw      gp, -1164(t5)
core   0: 3 0x8000d490 (0xb63f2a23) mem 0x80010000 0x00000001
core   0: 0x8000d494 (0xff9ff06f) j       pc - 0x8
core   0: 3 0x8000d494 (0xff9ff06f)
core   0: 0x8000d48c (0x00003f17) auipc   t5, 0x3
core   0: 3 0x8000d48c (0x00003f17) x30 0x8001048c
core   0: 0x8000d490 (0xb63f2a23) sw      gp, -1164(t5)
core   0: 3 0x8000d490 (0xb63f2a23) mem 0x80010000 0x00000001
core   0: 0x8000d494 (0xff9ff06f) j       pc - 0x8
core   0: 3 0x8000d494 (0xff9ff06f)
core   0: 0x8000d48c (0x00003f17) auipc   t5, 0x3
core   0: 3 0x8000d48c (0x00003f17) x30 0x8001048c
core   0: 0x8000d490 (0xb63f2a23) sw      gp, -1164(t5)
core   0: 3 0x8000d490 (0xb63f2a23) mem 0x80010000 0x00000001
core   0: 0x8000d494 (0xff9ff06f) j       pc - 0x8
core   0: 3 0x8000d494 (0xff9ff06f)
core   0: 0x8000d48c (0x00003f17) auipc   t5, 0x3
core   0: 3 0x8000d48c (0x00003f17) x30 0x8001048c
core   0: 0x8000d490 (0xb63f2a23) sw      gp, -1164(t5)
core   0: 3 0x8000d490 (0xb63f2a23) mem 0x80010000 0x00000001
core   0: 0x8000d494 (0xff9ff06f) j       pc - 0x8
core   0: 3 0x8000d494 (0xff9ff06f)
core   0: 0x8000d48c (0x00003f17) auipc   t5, 0x3
core   0: 3 0x8000d48c (0x00003f17) x30 0x8001048c
core   0: 0x8000d490 (0xb63f2a23) sw      gp, -1164(t5)
core   0: 3 0x8000d490 (0xb63f2a23) mem 0x80010000 0x00000001
core   0: 0x8000d494 (0xff9ff06f) j       pc - 0x8
core   0: 3 0x8000d494 (0xff9ff06f)
core   0: 0x8000d48c (0x00003f17) auipc   t5, 0x3
core   0: 3 0x8000d48c (0x00003f17) x30 0x8001048c
core   0: 0x8000d490 (0xb63f2a23) sw      gp, -1164(t5)
core   0: 3 0x8000d490 (0xb63f2a23) mem 0x80010000 0x00000001
core   0: 0x8000d494 (0xff9ff06f) j       pc - 0x8
core   0: 3 0x8000d494 (0xff9ff06f)
core   0: 0x8000d48c (0x00003f17) auipc   t5, 0x3
core   0: 3 0x8000d48c (0x00003f17) x30 0x8001048c
core   0: 0x8000d490 (0xb63f2a23) sw      gp, -1164(t5)
core   0: 3 0x8000d490 (0xb63f2a23) mem 0x80010000 0x00000001
core   0: 0x8000d494 (0xff9ff06f) j       pc - 0x8
core   0: 3 0x8000d494 (0xff9ff06f)
core   0: 0x8000d48c (0x00003f17) auipc   t5, 0x3
core   0: 3 0x8000d48c (0x00003f17) x30 0x8001048c
core   0: 0x8000d490 (0xb63f2a23) sw      gp, -1164(t5)
core   0: 3 0x8000d490 (0xb63f2a23) mem 0x80010000 0x00000001
core   0: 0x8000d494 (0xff9ff06f) j       pc - 0x8
core   0: 3 0x8000d494 (0xff9ff06f)
core   0: 0x8000d48c (0x00003f17) auipc   t5, 0x3
core   0: 3 0x8000d48c (0x00003f17) x30 0x8001048c
core   0: 0x8000d490 (0xb63f2a23) sw      gp, -1164(t5)
core   0: 3 0x8000d490 (0xb63f2a23) mem 0x80010000 0x00000001
core   0: 0x8000d494 (0xff9ff06f) j       pc - 0x8
core   0: 3 0x8000d494 (0xff9ff06f)
core   0: 0x8000d48c (0x00003f17) auipc   t5, 0x3
core   0: 3 0x8000d48c (0x00003f17) x30 0x8001048c
core   0: 0x8000d490 (0xb63f2a23) sw      gp, -1164(t5)
core   0: 3 0x8000d490 (0xb63f2a23) mem 0x80010000 0x00000001
core   0: 0x8000d494 (0xff9ff06f) j       pc - 0x8
core   0: 3 0x8000d494 (0xff9ff06f)
core   0: 0x8000d48c (0x00003f17) auipc   t5, 0x3
core   0: 3 0x8000d48c (0x00003f17) x30 0x8001048c
core   0: 0x8000d490 (0xb63f2a23) sw      gp, -1164(t5)
core   0: 3 0x8000d490 (0xb63f2a23) mem 0x80010000 0x00000001
core   0: 0x8000d494 (0xff9ff06f) j       pc - 0x8
core   0: 3 0x8000d494 (0xff9ff06f)
core   0: 0x8000d48c (0x00003f17) auipc   t5, 0x3
core   0: 3 0x8000d48c (0x00003f17) x30 0x8001048c
core   0: 0x8000d490 (0xb63f2a23) sw      gp, -1164(t5)
core   0: 3 0x8000d490 (0xb63f2a23) mem 0x80010000 0x00000001
core   0: 0x8000d494 (0xff9ff06f) j       pc - 0x8
core   0: 3 0x8000d494 (0xff9ff06f)
core   0: 0x8000d48c (0x00003f17) auipc   t5, 0x3
core   0: 3 0x8000d48c (0x00003f17) x30 0x8001048c
core   0: 0x8000d490 (0xb63f2a23) sw      gp, -1164(t5)
core   0: 3 0x8000d490 (0xb63f2a23) mem 0x80010000 0x00000001
core   0: 0x8000d494 (0xff9ff06f) j       pc - 0x8
core   0: 3 0x8000d494 (0xff9ff06f)
core   0: 0x8000d48c (0x00003f17) auipc   t5, 0x3
core   0: 3 0x8000d48c (0x00003f17) x30 0x8001048c
core   0: 0x8000d490 (0xb63f2a23) sw      gp, -1164(t5)
core   0: 3 0x8000d490 (0xb63f2a23) mem 0x80010000 0x00000001
core   0: 0x8000d494 (0xff9ff06f) j       pc - 0x8
core   0: 3 0x8000d494 (0xff9ff06f)
core   0: 0x8000d48c (0x00003f17) auipc   t5, 0x3
core   0: 3 0x8000d48c (0x00003f17) x30 0x8001048c
core   0: 0x8000d490 (0xb63f2a23) sw      gp, -1164(t5)
core   0: 3 0x8000d490 (0xb63f2a23) mem 0x80010000 0x00000001
core   0: 0x8000d494 (0xff9ff06f) j       pc - 0x8
core   0: 3 0x8000d494 (0xff9ff06f)
core   0: 0x8000d48c (0x00003f17) auipc   t5, 0x3
core   0: 3 0x8000d48c (0x00003f17) x30 0x8001048c
core   0: 0x8000d490 (0xb63f2a23) sw      gp, -1164(t5)
core   0: 3 0x8000d490 (0xb63f2a23) mem 0x80010000 0x00000001
core   0: 0x8000d494 (0xff9ff06f) j       pc - 0x8
core   0: 3 0x8000d494 (0xff9ff06f)
core   0: 0x8000d48c (0x00003f17) auipc   t5, 0x3
core   0: 3 0x8000d48c (0x00003f17) x30 0x8001048c
core   0: 0x8000d490 (0xb63f2a23) sw      gp, -1164(t5)
core   0: 3 0x8000d490 (0xb63f2a23) mem 0x80010000 0x00000001
core   0: 0x8000d494 (0xff9ff06f) j       pc - 0x8
core   0: 3 0x8000d494 (0xff9ff06f)
core   0: 0x8000d48c (0x00003f17) auipc   t5, 0x3
core   0: 3 0x8000d48c (0x00003f17) x30 0x8001048c
core   0: 0x8000d490 (0xb63f2a23) sw      gp, -1164(t5)
core   0: 3 0x8000d490 (0xb63f2a23) mem 0x80010000 0x00000001
core   0: 0x8000d494 (0xff9ff06f) j       pc - 0x8
core   0: 3 0x8000d494 (0xff9ff06f)
core   0: 0x8000d48c (0x00003f17) auipc   t5, 0x3
core   0: 3 0x8000d48c (0x00003f17) x30 0x8001048c
core   0: 0x8000d490 (0xb63f2a23) sw      gp, -1164(t5)
core   0: 3 0x8000d490 (0xb63f2a23) mem 0x80010000 0x00000001
core   0: 0x8000d494 (0xff9ff06f) j       pc - 0x8
core   0: 3 0x8000d494 (0xff9ff06f)
core   0: 0x8000d48c (0x00003f17) auipc   t5, 0x3
core   0: 3 0x8000d48c (0x00003f17) x30 0x8001048c
core   0: 0x8000d490 (0xb63f2a23) sw      gp, -1164(t5)
core   0: 3 0x8000d490 (0xb63f2a23) mem 0x80010000 0x00000001
core   0: 0x8000d494 (0xff9ff06f) j       pc - 0x8
core   0: 3 0x8000d494 (0xff9ff06f)
core   0: 0x8000d48c (0x00003f17) auipc   t5, 0x3
core   0: 3 0x8000d48c (0x00003f17) x30 0x8001048c
core   0: 0x8000d490 (0xb63f2a23) sw      gp, -1164(t5)
core   0: 3 0x8000d490 (0xb63f2a23) mem 0x80010000 0x00000001
core   0: 0x8000d494 (0xff9ff06f) j       pc - 0x8
core   0: 3 0x8000d494 (0xff9ff06f)
core   0: 0x8000d48c (0x00003f17) auipc   t5, 0x3
core   0: 3 0x8000d48c (0x00003f17) x30 0x8001048c
core   0: 0x8000d490 (0xb63f2a23) sw      gp, -1164(t5)
core   0: 3 0x8000d490 (0xb63f2a23) mem 0x80010000 0x00000001
core   0: 0x8000d494 (0xff9ff06f) j       pc - 0x8
core   0: 3 0x8000d494 (0xff9ff06f)
core   0: 0x8000d48c (0x00003f17) auipc   t5, 0x3
core   0: 3 0x8000d48c (0x00003f17) x30 0x8001048c
core   0: 0x8000d490 (0xb63f2a23) sw      gp, -1164(t5)
core   0: 3 0x8000d490 (0xb63f2a23) mem 0x80010000 0x00000001
core   0: 0x8000d494 (0xff9ff06f) j       pc - 0x8
core   0: 3 0x8000d494 (0xff9ff06f)
core   0: 0x8000d48c (0x00003f17) auipc   t5, 0x3
core   0: 3 0x8000d48c (0x00003f17) x30 0x8001048c
core   0: 0x8000d490 (0xb63f2a23) sw      gp, -1164(t5)
core   0: 3 0x8000d490 (0xb63f2a23) mem 0x80010000 0x00000001
core   0: 0x8000d494 (0xff9ff06f) j       pc - 0x8
core   0: 3 0x8000d494 (0xff9ff06f)
core   0: 0x8000d48c (0x00003f17) auipc   t5, 0x3
core   0: 3 0x8000d48c (0x00003f17) x30 0x8001048c
core   0: 0x8000d490 (0xb63f2a23) sw      gp, -1164(t5)
core   0: 3 0x8000d490 (0xb63f2a23) mem 0x80010000 0x00000001
core   0: 0x8000d494 (0xff9ff06f) j       pc - 0x8
core   0: 3 0x8000d494 (0xff9ff06f)
core   0: 0x8000d48c (0x00003f17) auipc   t5, 0x3
core   0: 3 0x8000d48c (0x00003f17) x30 0x8001048c
core   0: 0x8000d490 (0xb63f2a23) sw      gp, -1164(t5)
core   0: 3 0x8000d490 (0xb63f2a23) mem 0x80010000 0x00000001
core   0: 0x8000d494 (0xff9ff06f) j       pc - 0x8
core   0: 3 0x8000d494 (0xff9ff06f)
core   0: 0x8000d48c (0x00003f17) auipc   t5, 0x3
core   0: 3 0x8000d48c (0x00003f17) x30 0x8001048c
core   0: 0x8000d490 (0xb63f2a23) sw      gp, -1164(t5)
core   0: 3 0x8000d490 (0xb63f2a23) mem 0x80010000 0x00000001
core   0: 0x8000d494 (0xff9ff06f) j       pc - 0x8
core   0: 3 0x8000d494 (0xff9ff06f)
core   0: 0x8000d48c (0x00003f17) auipc   t5, 0x3
core   0: 3 0x8000d48c (0x00003f17) x30 0x8001048c
core   0: 0x8000d490 (0xb63f2a23) sw      gp, -1164(t5)
core   0: 3 0x8000d490 (0xb63f2a23) mem 0x80010000 0x00000001
core   0: 0x8000d494 (0xff9ff06f) j       pc - 0x8
core   0: 3 0x8000d494 (0xff9ff06f)
core   0: 0x8000d48c (0x00003f17) auipc   t5, 0x3
core   0: 3 0x8000d48c (0x00003f17) x30 0x8001048c
core   0: 0x8000d490 (0xb63f2a23) sw      gp, -1164(t5)
core   0: 3 0x8000d490 (0xb63f2a23) mem 0x80010000 0x00000001
core   0: 0x8000d494 (0xff9ff06f) j       pc - 0x8
core   0: 3 0x8000d494 (0xff9ff06f)
core   0: 0x8000d48c (0x00003f17) auipc   t5, 0x3
core   0: 3 0x8000d48c (0x00003f17) x30 0x8001048c
core   0: 0x8000d490 (0xb63f2a23) sw      gp, -1164(t5)
core   0: 3 0x8000d490 (0xb63f2a23) mem 0x80010000 0x00000001
core   0: 0x8000d494 (0xff9ff06f) j       pc - 0x8
core   0: 3 0x8000d494 (0xff9ff06f)
core   0: 0x8000d48c (0x00003f17) auipc   t5, 0x3
core   0: 3 0x8000d48c (0x00003f17) x30 0x8001048c
core   0: 0x8000d490 (0xb63f2a23) sw      gp, -1164(t5)
core   0: 3 0x8000d490 (0xb63f2a23) mem 0x80010000 0x00000001
core   0: 0x8000d494 (0xff9ff06f) j       pc - 0x8
core   0: 3 0x8000d494 (0xff9ff06f)
core   0: 0x8000d48c (0x00003f17) auipc   t5, 0x3
core   0: 3 0x8000d48c (0x00003f17) x30 0x8001048c
core   0: 0x8000d490 (0xb63f2a23) sw      gp, -1164(t5)
core   0: 3 0x8000d490 (0xb63f2a23) mem 0x80010000 0x00000001
core   0: 0x8000d494 (0xff9ff06f) j       pc - 0x8
core   0: 3 0x8000d494 (0xff9ff06f)
core   0: 0x8000d48c (0x00003f17) auipc   t5, 0x3
core   0: 3 0x8000d48c (0x00003f17) x30 0x8001048c
core   0: 0x8000d490 (0xb63f2a23) sw      gp, -1164(t5)
core   0: 3 0x8000d490 (0xb63f2a23) mem 0x80010000 0x00000001
core   0: 0x8000d494 (0xff9ff06f) j       pc - 0x8
core   0: 3 0x8000d494 (0xff9ff06f)
core   0: 0x8000d48c (0x00003f17) auipc   t5, 0x3
core   0: 3 0x8000d48c (0x00003f17) x30 0x8001048c
core   0: 0x8000d490 (0xb63f2a23) sw      gp, -1164(t5)
core   0: 3 0x8000d490 (0xb63f2a23) mem 0x80010000 0x00000001
core   0: 0x8000d494 (0xff9ff06f) j       pc - 0x8
core   0: 3 0x8000d494 (0xff9ff06f)
core   0: 0x8000d48c (0x00003f17) auipc   t5, 0x3
core   0: 3 0x8000d48c (0x00003f17) x30 0x8001048c
core   0: 0x8000d490 (0xb63f2a23) sw      gp, -1164(t5)
core   0: 3 0x8000d490 (0xb63f2a23) mem 0x80010000 0x00000001
core   0: 0x8000d494 (0xff9ff06f) j       pc - 0x8
core   0: 3 0x8000d494 (0xff9ff06f)
core   0: 0x8000d48c (0x00003f17) auipc   t5, 0x3
core   0: 3 0x8000d48c (0x00003f17) x30 0x8001048c
core   0: 0x8000d490 (0xb63f2a23) sw      gp, -1164(t5)
core   0: 3 0x8000d490 (0xb63f2a23) mem 0x80010000 0x00000001
core   0: 0x8000d494 (0xff9ff06f) j       pc - 0x8
core   0: 3 0x8000d494 (0xff9ff06f)
core   0: 0x8000d48c (0x00003f17) auipc   t5, 0x3
core   0: 3 0x8000d48c (0x00003f17) x30 0x8001048c
core   0: 0x8000d490 (0xb63f2a23) sw      gp, -1164(t5)
core   0: 3 0x8000d490 (0xb63f2a23) mem 0x80010000 0x00000001
core   0: 0x8000d494 (0xff9ff06f) j       pc - 0x8
core   0: 3 0x8000d494 (0xff9ff06f)
core   0: 0x8000d48c (0x00003f17) auipc   t5, 0x3
core   0: 3 0x8000d48c (0x00003f17) x30 0x8001048c
core   0: 0x8000d490 (0xb63f2a23) sw      gp, -1164(t5)
core   0: 3 0x8000d490 (0xb63f2a23) mem 0x80010000 0x00000001
core   0: 0x8000d494 (0xff9ff06f) j       pc - 0x8
core   0: 3 0x8000d494 (0xff9ff06f)
core   0: 0x8000d48c (0x00003f17) auipc   t5, 0x3
core   0: 3 0x8000d48c (0x00003f17) x30 0x8001048c
core   0: 0x8000d490 (0xb63f2a23) sw      gp, -1164(t5)
core   0: 3 0x8000d490 (0xb63f2a23) mem 0x80010000 0x00000001
core   0: 0x8000d494 (0xff9ff06f) j       pc - 0x8
core   0: 3 0x8000d494 (0xff9ff06f)
core   0: 0x8000d48c (0x00003f17) auipc   t5, 0x3
core   0: 3 0x8000d48c (0x00003f17) x30 0x8001048c
core   0: 0x8000d490 (0xb63f2a23) sw      gp, -1164(t5)
core   0: 3 0x8000d490 (0xb63f2a23) mem 0x80010000 0x00000001
core   0: 0x8000d494 (0xff9ff06f) j       pc - 0x8
core   0: 3 0x8000d494 (0xff9ff06f)
core   0: 0x8000d48c (0x00003f17) auipc   t5, 0x3
core   0: 3 0x8000d48c (0x00003f17) x30 0x8001048c
core   0: 0x8000d490 (0xb63f2a23) sw      gp, -1164(t5)
core   0: 3 0x8000d490 (0xb63f2a23) mem 0x80010000 0x00000001
core   0: 0x8000d494 (0xff9ff06f) j       pc - 0x8
core   0: 3 0x8000d494 (0xff9ff06f)
core   0: 0x8000d48c (0x00003f17) auipc   t5, 0x3
core   0: 3 0x8000d48c (0x00003f17) x30 0x8001048c
core   0: 0x8000d490 (0xb63f2a23) sw      gp, -1164(t5)
core   0: 3 0x8000d490 (0xb63f2a23) mem 0x80010000 0x00000001
core   0: 0x8000d494 (0xff9ff06f) j       pc - 0x8
core   0: 3 0x8000d494 (0xff9ff06f)
core   0: 0x8000d48c (0x00003f17) auipc   t5, 0x3
core   0: 3 0x8000d48c (0x00003f17) x30 0x8001048c
core   0: 0x8000d490 (0xb63f2a23) sw      gp, -1164(t5)
core   0: 3 0x8000d490 (0xb63f2a23) mem 0x80010000 0x00000001
core   0: 0x8000d494 (0xff9ff06f) j       pc - 0x8
core   0: 3 0x8000d494 (0xff9ff06f)
core   0: 0x8000d48c (0x00003f17) auipc   t5, 0x3
core   0: 3 0x8000d48c (0x00003f17) x30 0x8001048c
core   0: 0x8000d490 (0xb63f2a23) sw      gp, -1164(t5)
core   0: 3 0x8000d490 (0xb63f2a23) mem 0x80010000 0x00000001
core   0: 0x8000d494 (0xff9ff06f) j       pc - 0x8
core   0: 3 0x8000d494 (0xff9ff06f)
core   0: 0x8000d48c (0x00003f17) auipc   t5, 0x3
core   0: 3 0x8000d48c (0x00003f17) x30 0x8001048c
core   0: 0x8000d490 (0xb63f2a23) sw      gp, -1164(t5)
core   0: 3 0x8000d490 (0xb63f2a23) mem 0x80010000 0x00000001
core   0: 0x8000d494 (0xff9ff06f) j       pc - 0x8
core   0: 3 0x8000d494 (0xff9ff06f)
core   0: 0x8000d48c (0x00003f17) auipc   t5, 0x3
core   0: 3 0x8000d48c (0x00003f17) x30 0x8001048c
core   0: 0x8000d490 (0xb63f2a23) sw      gp, -1164(t5)
core   0: 3 0x8000d490 (0xb63f2a23) mem 0x80010000 0x00000001
core   0: 0x8000d494 (0xff9ff06f) j       pc - 0x8
core   0: 3 0x8000d494 (0xff9ff06f)
core   0: 0x8000d48c (0x00003f17) auipc   t5, 0x3
core   0: 3 0x8000d48c (0x00003f17) x30 0x8001048c
core   0: 0x8000d490 (0xb63f2a23) sw      gp, -1164(t5)
core   0: 3 0x8000d490 (0xb63f2a23) mem 0x80010000 0x00000001
core   0: 0x8000d494 (0xff9ff06f) j       pc - 0x8
core   0: 3 0x8000d494 (0xff9ff06f)
core   0: 0x8000d48c (0x00003f17) auipc   t5, 0x3
core   0: 3 0x8000d48c (0x00003f17) x30 0x8001048c
core   0: 0x8000d490 (0xb63f2a23) sw      gp, -1164(t5)
core   0: 3 0x8000d490 (0xb63f2a23) mem 0x80010000 0x00000001
core   0: 0x8000d494 (0xff9ff06f) j       pc - 0x8
core   0: 3 0x8000d494 (0xff9ff06f)
core   0: 0x8000d48c (0x00003f17) auipc   t5, 0x3
core   0: 3 0x8000d48c (0x00003f17) x30 0x8001048c
core   0: 0x8000d490 (0xb63f2a23) sw      gp, -1164(t5)
core   0: 3 0x8000d490 (0xb63f2a23) mem 0x80010000 0x00000001
core   0: 0x8000d494 (0xff9ff06f) j       pc - 0x8
core   0: 3 0x8000d494 (0xff9ff06f)
core   0: 0x8000d48c (0x00003f17) auipc   t5, 0x3
core   0: 3 0x8000d48c (0x00003f17) x30 0x8001048c
core   0: 0x8000d490 (0xb63f2a23) sw      gp, -1164(t5)
core   0: 3 0x8000d490 (0xb63f2a23) mem 0x80010000 0x00000001
core   0: 0x8000d494 (0xff9ff06f) j       pc - 0x8
core   0: 3 0x8000d494 (0xff9ff06f)
core   0: 0x8000d48c (0x00003f17) auipc   t5, 0x3
core   0: 3 0x8000d48c (0x00003f17) x30 0x8001048c
core   0: 0x8000d490 (0xb63f2a23) sw      gp, -1164(t5)
core   0: 3 0x8000d490 (0xb63f2a23) mem 0x80010000 0x00000001
core   0: 0x8000d494 (0xff9ff06f) j       pc - 0x8
core   0: 3 0x8000d494 (0xff9ff06f)
core   0: 0x8000d48c (0x00003f17) auipc   t5, 0x3
core   0: 3 0x8000d48c (0x00003f17) x30 0x8001048c
core   0: 0x8000d490 (0xb63f2a23) sw      gp, -1164(t5)
core   0: 3 0x8000d490 (0xb63f2a23) mem 0x80010000 0x00000001
core   0: 0x8000d494 (0xff9ff06f) j       pc - 0x8
core   0: 3 0x8000d494 (0xff9ff06f)
core   0: 0x8000d48c (0x00003f17) auipc   t5, 0x3
core   0: 3 0x8000d48c (0x00003f17) x30 0x8001048c
core   0: 0x8000d490 (0xb63f2a23) sw      gp, -1164(t5)
core   0: 3 0x8000d490 (0xb63f2a23) mem 0x80010000 0x00000001
core   0: 0x8000d494 (0xff9ff06f) j       pc - 0x8
core   0: 3 0x8000d494 (0xff9ff06f)
core   0: 0x8000d48c (0x00003f17) auipc   t5, 0x3
core   0: 3 0x8000d48c (0x00003f17) x30 0x8001048c
core   0: 0x8000d490 (0xb63f2a23) sw      gp, -1164(t5)
core   0: 3 0x8000d490 (0xb63f2a23) mem 0x80010000 0x00000001
core   0: 0x8000d494 (0xff9ff06f) j       pc - 0x8
core   0: 3 0x8000d494 (0xff9ff06f)
core   0: 0x8000d48c (0x00003f17) auipc   t5, 0x3
core   0: 3 0x8000d48c (0x00003f17) x30 0x8001048c
core   0: 0x8000d490 (0xb63f2a23) sw      gp, -1164(t5)
core   0: 3 0x8000d490 (0xb63f2a23) mem 0x80010000 0x00000001
core   0: 0x8000d494 (0xff9ff06f) j       pc - 0x8
core   0: 3 0x8000d494 (0xff9ff06f)
core   0: 0x8000d48c (0x00003f17) auipc   t5, 0x3
core   0: 3 0x8000d48c (0x00003f17) x30 0x8001048c
core   0: 0x8000d490 (0xb63f2a23) sw      gp, -1164(t5)
core   0: 3 0x8000d490 (0xb63f2a23) mem 0x80010000 0x00000001
core   0: 0x8000d494 (0xff9ff06f) j       pc - 0x8
core   0: 3 0x8000d494 (0xff9ff06f)
core   0: 0x8000d48c (0x00003f17) auipc   t5, 0x3
core   0: 3 0x8000d48c (0x00003f17) x30 0x8001048c
core   0: 0x8000d490 (0xb63f2a23) sw      gp, -1164(t5)
core   0: 3 0x8000d490 (0xb63f2a23) mem 0x80010000 0x00000001
core   0: 0x8000d494 (0xff9ff06f) j       pc - 0x8
core   0: 3 0x8000d494 (0xff9ff06f)
core   0: 0x8000d48c (0x00003f17) auipc   t5, 0x3
core   0: 3 0x8000d48c (0x00003f17) x30 0x8001048c
core   0: 0x8000d490 (0xb63f2a23) sw      gp, -1164(t5)
core   0: 3 0x8000d490 (0xb63f2a23) mem 0x80010000 0x00000001
core   0: 0x8000d494 (0xff9ff06f) j       pc - 0x8
core   0: 3 0x8000d494 (0xff9ff06f)
core   0: 0x8000d48c (0x00003f17) auipc   t5, 0x3
core   0: 3 0x8000d48c (0x00003f17) x30 0x8001048c
core   0: 0x8000d490 (0xb63f2a23) sw      gp, -1164(t5)
core   0: 3 0x8000d490 (0xb63f2a23) mem 0x80010000 0x00000001
core   0: 0x8000d494 (0xff9ff06f) j       pc - 0x8
core   0: 3 0x8000d494 (0xff9ff06f)
core   0: 0x8000d48c (0x00003f17) auipc   t5, 0x3
core   0: 3 0x8000d48c (0x00003f17) x30 0x8001048c
core   0: 0x8000d490 (0xb63f2a23) sw      gp, -1164(t5)
core   0: 3 0x8000d490 (0xb63f2a23) mem 0x80010000 0x00000001
core   0: 0x8000d494 (0xff9ff06f) j       pc - 0x8
core   0: 3 0x8000d494 (0xff9ff06f)
core   0: 0x8000d48c (0x00003f17) auipc   t5, 0x3
core   0: 3 0x8000d48c (0x00003f17) x30 0x8001048c
core   0: 0x8000d490 (0xb63f2a23) sw      gp, -1164(t5)
core   0: 3 0x8000d490 (0xb63f2a23) mem 0x80010000 0x00000001
core   0: 0x8000d494 (0xff9ff06f) j       pc - 0x8
core   0: 3 0x8000d494 (0xff9ff06f)
core   0: 0x8000d48c (0x00003f17) auipc   t5, 0x3
core   0: 3 0x8000d48c (0x00003f17) x30 0x8001048c
core   0: 0x8000d490 (0xb63f2a23) sw      gp, -1164(t5)
core   0: 3 0x8000d490 (0xb63f2a23) mem 0x80010000 0x00000001
core   0: 0x8000d494 (0xff9ff06f) j       pc - 0x8
core   0: 3 0x8000d494 (0xff9ff06f)
core   0: 0x8000d48c (0x00003f17) auipc   t5, 0x3
core   0: 3 0x8000d48c (0x00003f17) x30 0x8001048c
core   0: 0x8000d490 (0xb63f2a23) sw      gp, -1164(t5)
core   0: 3 0x8000d490 (0xb63f2a23) mem 0x80010000 0x00000001
core   0: 0x8000d494 (0xff9ff06f) j       pc - 0x8
core   0: 3 0x8000d494 (0xff9ff06f)
core   0: 0x8000d48c (0x00003f17) auipc   t5, 0x3
core   0: 3 0x8000d48c (0x00003f17) x30 0x8001048c
core   0: 0x8000d490 (0xb63f2a23) sw      gp, -1164(t5)
core   0: 3 0x8000d490 (0xb63f2a23) mem 0x80010000 0x00000001
core   0: 0x8000d494 (0xff9ff06f) j       pc - 0x8
core   0: 3 0x8000d494 (0xff9ff06f)
core   0: 0x8000d48c (0x00003f17) auipc   t5, 0x3
core   0: 3 0x8000d48c (0x00003f17) x30 0x8001048c
core   0: 0x8000d490 (0xb63f2a23) sw      gp, -1164(t5)
core   0: 3 0x8000d490 (0xb63f2a23) mem 0x80010000 0x00000001
core   0: 0x8000d494 (0xff9ff06f) j       pc - 0x8
core   0: 3 0x8000d494 (0xff9ff06f)
core   0: 0x8000d48c (0x00003f17) auipc   t5, 0x3
core   0: 3 0x8000d48c (0x00003f17) x30 0x8001048c
core   0: 0x8000d490 (0xb63f2a23) sw      gp, -1164(t5)
core   0: 3 0x8000d490 (0xb63f2a23) mem 0x80010000 0x00000001
core   0: 0x8000d494 (0xff9ff06f) j       pc - 0x8
core   0: 3 0x8000d494 (0xff9ff06f)
core   0: 0x8000d48c (0x00003f17) auipc   t5, 0x3
core   0: 3 0x8000d48c (0x00003f17) x30 0x8001048c
core   0: 0x8000d490 (0xb63f2a23) sw      gp, -1164(t5)
core   0: 3 0x8000d490 (0xb63f2a23) mem 0x80010000 0x00000001
core   0: 0x8000d494 (0xff9ff06f) j       pc - 0x8
core   0: 3 0x8000d494 (0xff9ff06f)
core   0: 0x8000d48c (0x00003f17) auipc   t5, 0x3
core   0: 3 0x8000d48c (0x00003f17) x30 0x8001048c
core   0: 0x8000d490 (0xb63f2a23) sw      gp, -1164(t5)
core   0: 3 0x8000d490 (0xb63f2a23) mem 0x80010000 0x00000001
core   0: 0x8000d494 (0xff9ff06f) j       pc - 0x8
core   0: 3 0x8000d494 (0xff9ff06f)
core   0: 0x8000d48c (0x00003f17) auipc   t5, 0x3
core   0: 3 0x8000d48c (0x00003f17) x30 0x8001048c
core   0: 0x8000d490 (0xb63f2a23) sw      gp, -1164(t5)
core   0: 3 0x8000d490 (0xb63f2a23) mem 0x80010000 0x00000001
core   0: 0x8000d494 (0xff9ff06f) j       pc - 0x8
core   0: 3 0x8000d494 (0xff9ff06f)
core   0: 0x8000d48c (0x00003f17) auipc   t5, 0x3
core   0: 3 0x8000d48c (0x00003f17) x30 0x8001048c
core   0: 0x8000d490 (0xb63f2a23) sw      gp, -1164(t5)
core   0: 3 0x8000d490 (0xb63f2a23) mem 0x80010000 0x00000001
core   0: 0x8000d494 (0xff9ff06f) j       pc - 0x8
core   0: 3 0x8000d494 (0xff9ff06f)
core   0: 0x8000d48c (0x00003f17) auipc   t5, 0x3
core   0: 3 0x8000d48c (0x00003f17) x30 0x8001048c
core   0: 0x8000d490 (0xb63f2a23) sw      gp, -1164(t5)
core   0: 3 0x8000d490 (0xb63f2a23) mem 0x80010000 0x00000001
core   0: 0x8000d494 (0xff9ff06f) j       pc - 0x8
core   0: 3 0x8000d494 (0xff9ff06f)
core   0: 0x8000d48c (0x00003f17) auipc   t5, 0x3
core   0: 3 0x8000d48c (0x00003f17) x30 0x8001048c
core   0: 0x8000d490 (0xb63f2a23) sw      gp, -1164(t5)
core   0: 3 0x8000d490 (0xb63f2a23) mem 0x80010000 0x00000001
core   0: 0x8000d494 (0xff9ff06f) j       pc - 0x8
core   0: 3 0x8000d494 (0xff9ff06f)
core   0: 0x8000d48c (0x00003f17) auipc   t5, 0x3
core   0: 3 0x8000d48c (0x00003f17) x30 0x8001048c
core   0: 0x8000d490 (0xb63f2a23) sw      gp, -1164(t5)
core   0: 3 0x8000d490 (0xb63f2a23) mem 0x80010000 0x00000001
core   0: 0x8000d494 (0xff9ff06f) j       pc - 0x8
core   0: 3 0x8000d494 (0xff9ff06f)
core   0: 0x8000d48c (0x00003f17) auipc   t5, 0x3
core   0: 3 0x8000d48c (0x00003f17) x30 0x8001048c
core   0: 0x8000d490 (0xb63f2a23) sw      gp, -1164(t5)
core   0: 3 0x8000d490 (0xb63f2a23) mem 0x80010000 0x00000001
core   0: 0x8000d494 (0xff9ff06f) j       pc - 0x8
core   0: 3 0x8000d494 (0xff9ff06f)
core   0: 0x8000d48c (0x00003f17) auipc   t5, 0x3
core   0: 3 0x8000d48c (0x00003f17) x30 0x8001048c
core   0: 0x8000d490 (0xb63f2a23) sw      gp, -1164(t5)
core   0: 3 0x8000d490 (0xb63f2a23) mem 0x80010000 0x00000001
core   0: 0x8000d494 (0xff9ff06f) j       pc - 0x8
core   0: 3 0x8000d494 (0xff9ff06f)
core   0: 0x8000d48c (0x00003f17) auipc   t5, 0x3
core   0: 3 0x8000d48c (0x00003f17) x30 0x8001048c
core   0: 0x8000d490 (0xb63f2a23) sw      gp, -1164(t5)
core   0: 3 0x8000d490 (0xb63f2a23) mem 0x80010000 0x00000001
core   0: 0x8000d494 (0xff9ff06f) j       pc - 0x8
core   0: 3 0x8000d494 (0xff9ff06f)
core   0: 0x8000d48c (0x00003f17) auipc   t5, 0x3
core   0: 3 0x8000d48c (0x00003f17) x30 0x8001048c
core   0: 0x8000d490 (0xb63f2a23) sw      gp, -1164(t5)
core   0: 3 0x8000d490 (0xb63f2a23) mem 0x80010000 0x00000001
core   0: 0x8000d494 (0xff9ff06f) j       pc - 0x8
core   0: 3 0x8000d494 (0xff9ff06f)
core   0: 0x8000d48c (0x00003f17) auipc   t5, 0x3
core   0: 3 0x8000d48c (0x00003f17) x30 0x8001048c
core   0: 0x8000d490 (0xb63f2a23) sw      gp, -1164(t5)
core   0: 3 0x8000d490 (0xb63f2a23) mem 0x80010000 0x00000001
core   0: 0x8000d494 (0xff9ff06f) j       pc - 0x8
core   0: 3 0x8000d494 (0xff9ff06f)
core   0: 0x8000d48c (0x00003f17) auipc   t5, 0x3
core   0: 3 0x8000d48c (0x00003f17) x30 0x8001048c
core   0: 0x8000d490 (0xb63f2a23) sw      gp, -1164(t5)
core   0: 3 0x8000d490 (0xb63f2a23) mem 0x80010000 0x00000001
core   0: 0x8000d494 (0xff9ff06f) j       pc - 0x8
core   0: 3 0x8000d494 (0xff9ff06f)
core   0: 0x8000d48c (0x00003f17) auipc   t5, 0x3
core   0: 3 0x8000d48c (0x00003f17) x30 0x8001048c
core   0: 0x8000d490 (0xb63f2a23) sw      gp, -1164(t5)
core   0: 3 0x8000d490 (0xb63f2a23) mem 0x80010000 0x00000001
core   0: 0x8000d494 (0xff9ff06f) j       pc - 0x8
core   0: 3 0x8000d494 (0xff9ff06f)
core   0: 0x8000d48c (0x00003f17) auipc   t5, 0x3
core   0: 3 0x8000d48c (0x00003f17) x30 0x8001048c
core   0: 0x8000d490 (0xb63f2a23) sw      gp, -1164(t5)
core   0: 3 0x8000d490 (0xb63f2a23) mem 0x80010000 0x00000001
core   0: 0x8000d494 (0xff9ff06f) j       pc - 0x8
core   0: 3 0x8000d494 (0xff9ff06f)
core   0: 0x8000d48c (0x00003f17) auipc   t5, 0x3
core   0: 3 0x8000d48c (0x00003f17) x30 0x8001048c
core   0: 0x8000d490 (0xb63f2a23) sw      gp, -1164(t5)
core   0: 3 0x8000d490 (0xb63f2a23) mem 0x80010000 0x00000001
core   0: 0x8000d494 (0xff9ff06f) j       pc - 0x8
core   0: 3 0x8000d494 (0xff9ff06f)
core   0: 0x8000d48c (0x00003f17) auipc   t5, 0x3
core   0: 3 0x8000d48c (0x00003f17) x30 0x8001048c
core   0: 0x8000d490 (0xb63f2a23) sw      gp, -1164(t5)
core   0: 3 0x8000d490 (0xb63f2a23) mem 0x80010000 0x00000001
core   0: 0x8000d494 (0xff9ff06f) j       pc - 0x8
core   0: 3 0x8000d494 (0xff9ff06f)
core   0: 0x8000d48c (0x00003f17) auipc   t5, 0x3
core   0: 3 0x8000d48c (0x00003f17) x30 0x8001048c
core   0: 0x8000d490 (0xb63f2a23) sw      gp, -1164(t5)
core   0: 3 0x8000d490 (0xb63f2a23) mem 0x80010000 0x00000001
core   0: 0x8000d494 (0xff9ff06f) j       pc - 0x8
core   0: 3 0x8000d494 (0xff9ff06f)
core   0: 0x8000d48c (0x00003f17) auipc   t5, 0x3
core   0: 3 0x8000d48c (0x00003f17) x30 0x8001048c
core   0: 0x8000d490 (0xb63f2a23) sw      gp, -1164(t5)
core   0: 3 0x8000d490 (0xb63f2a23) mem 0x80010000 0x00000001
core   0: 0x8000d494 (0xff9ff06f) j       pc - 0x8
core   0: 3 0x8000d494 (0xff9ff06f)
core   0: 0x8000d48c (0x00003f17) auipc   t5, 0x3
core   0: 3 0x8000d48c (0x00003f17) x30 0x8001048c
core   0: 0x8000d490 (0xb63f2a23) sw      gp, -1164(t5)
core   0: 3 0x8000d490 (0xb63f2a23) mem 0x80010000 0x00000001
core   0: 0x8000d494 (0xff9ff06f) j       pc - 0x8
core   0: 3 0x8000d494 (0xff9ff06f)
core   0: 0x8000d48c (0x00003f17) auipc   t5, 0x3
core   0: 3 0x8000d48c (0x00003f17) x30 0x8001048c
core   0: 0x8000d490 (0xb63f2a23) sw      gp, -1164(t5)
core   0: 3 0x8000d490 (0xb63f2a23) mem 0x80010000 0x00000001
core   0: 0x8000d494 (0xff9ff06f) j       pc - 0x8
core   0: 3 0x8000d494 (0xff9ff06f)
core   0: 0x8000d48c (0x00003f17) auipc   t5, 0x3
core   0: 3 0x8000d48c (0x00003f17) x30 0x8001048c
core   0: 0x8000d490 (0xb63f2a23) sw      gp, -1164(t5)
core   0: 3 0x8000d490 (0xb63f2a23) mem 0x80010000 0x00000001
core   0: 0x8000d494 (0xff9ff06f) j       pc - 0x8
core   0: 3 0x8000d494 (0xff9ff06f)
core   0: 0x8000d48c (0x00003f17) auipc   t5, 0x3
core   0: 3 0x8000d48c (0x00003f17) x30 0x8001048c
core   0: 0x8000d490 (0xb63f2a23) sw      gp, -1164(t5)
core   0: 3 0x8000d490 (0xb63f2a23) mem 0x80010000 0x00000001
core   0: 0x8000d494 (0xff9ff06f) j       pc - 0x8
core   0: 3 0x8000d494 (0xff9ff06f)
core   0: 0x8000d48c (0x00003f17) auipc   t5, 0x3
core   0: 3 0x8000d48c (0x00003f17) x30 0x8001048c
core   0: 0x8000d490 (0xb63f2a23) sw      gp, -1164(t5)
core   0: 3 0x8000d490 (0xb63f2a23) mem 0x80010000 0x00000001
core   0: 0x8000d494 (0xff9ff06f) j       pc - 0x8
core   0: 3 0x8000d494 (0xff9ff06f)
core   0: 0x8000d48c (0x00003f17) auipc   t5, 0x3
core   0: 3 0x8000d48c (0x00003f17) x30 0x8001048c
core   0: 0x8000d490 (0xb63f2a23) sw      gp, -1164(t5)
core   0: 3 0x8000d490 (0xb63f2a23) mem 0x80010000 0x00000001
core   0: 0x8000d494 (0xff9ff06f) j       pc - 0x8
core   0: 3 0x8000d494 (0xff9ff06f)
core   0: 0x8000d48c (0x00003f17) auipc   t5, 0x3
core   0: 3 0x8000d48c (0x00003f17) x30 0x8001048c
core   0: 0x8000d490 (0xb63f2a23) sw      gp, -1164(t5)
core   0: 3 0x8000d490 (0xb63f2a23) mem 0x80010000 0x00000001
core   0: 0x8000d494 (0xff9ff06f) j       pc - 0x8
core   0: 3 0x8000d494 (0xff9ff06f)
core   0: 0x8000d48c (0x00003f17) auipc   t5, 0x3
core   0: 3 0x8000d48c (0x00003f17) x30 0x8001048c
core   0: 0x8000d490 (0xb63f2a23) sw      gp, -1164(t5)
core   0: 3 0x8000d490 (0xb63f2a23) mem 0x80010000 0x00000001
core   0: 0x8000d494 (0xff9ff06f) j       pc - 0x8
core   0: 3 0x8000d494 (0xff9ff06f)
core   0: 0x8000d48c (0x00003f17) auipc   t5, 0x3
core   0: 3 0x8000d48c (0x00003f17) x30 0x8001048c
core   0: 0x8000d490 (0xb63f2a23) sw      gp, -1164(t5)
core   0: 3 0x8000d490 (0xb63f2a23) mem 0x80010000 0x00000001
core   0: 0x8000d494 (0xff9ff06f) j       pc - 0x8
core   0: 3 0x8000d494 (0xff9ff06f)
core   0: 0x8000d48c (0x00003f17) auipc   t5, 0x3
core   0: 3 0x8000d48c (0x00003f17) x30 0x8001048c
core   0: 0x8000d490 (0xb63f2a23) sw      gp, -1164(t5)
core   0: 3 0x8000d490 (0xb63f2a23) mem 0x80010000 0x00000001
core   0: 0x8000d494 (0xff9ff06f) j       pc - 0x8
core   0: 3 0x8000d494 (0xff9ff06f)
core   0: 0x8000d48c (0x00003f17) auipc   t5, 0x3
core   0: 3 0x8000d48c (0x00003f17) x30 0x8001048c
core   0: 0x8000d490 (0xb63f2a23) sw      gp, -1164(t5)
core   0: 3 0x8000d490 (0xb63f2a23) mem 0x80010000 0x00000001
core   0: 0x8000d494 (0xff9ff06f) j       pc - 0x8
core   0: 3 0x8000d494 (0xff9ff06f)
core   0: 0x8000d48c (0x00003f17) auipc   t5, 0x3
core   0: 3 0x8000d48c (0x00003f17) x30 0x8001048c
core   0: 0x8000d490 (0xb63f2a23) sw      gp, -1164(t5)
core   0: 3 0x8000d490 (0xb63f2a23) mem 0x80010000 0x00000001
core   0: 0x8000d494 (0xff9ff06f) j       pc - 0x8
core   0: 3 0x8000d494 (0xff9ff06f)
core   0: 0x8000d48c (0x00003f17) auipc   t5, 0x3
core   0: 3 0x8000d48c (0x00003f17) x30 0x8001048c
core   0: 0x8000d490 (0xb63f2a23) sw      gp, -1164(t5)
core   0: 3 0x8000d490 (0xb63f2a23) mem 0x80010000 0x00000001
core   0: 0x8000d494 (0xff9ff06f) j       pc - 0x8
core   0: 3 0x8000d494 (0xff9ff06f)
core   0: 0x8000d48c (0x00003f17) auipc   t5, 0x3
core   0: 3 0x8000d48c (0x00003f17) x30 0x8001048c
core   0: 0x8000d490 (0xb63f2a23) sw      gp, -1164(t5)
core   0: 3 0x8000d490 (0xb63f2a23) mem 0x80010000 0x00000001
core   0: 0x8000d494 (0xff9ff06f) j       pc - 0x8
core   0: 3 0x8000d494 (0xff9ff06f)
core   0: 0x8000d48c (0x00003f17) auipc   t5, 0x3
core   0: 3 0x8000d48c (0x00003f17) x30 0x8001048c
core   0: 0x8000d490 (0xb63f2a23) sw      gp, -1164(t5)
core   0: 3 0x8000d490 (0xb63f2a23) mem 0x80010000 0x00000001
core   0: 0x8000d494 (0xff9ff06f) j       pc - 0x8
core   0: 3 0x8000d494 (0xff9ff06f)
core   0: 0x8000d48c (0x00003f17) auipc   t5, 0x3
core   0: 3 0x8000d48c (0x00003f17) x30 0x8001048c
core   0: 0x8000d490 (0xb63f2a23) sw      gp, -1164(t5)
core   0: 3 0x8000d490 (0xb63f2a23) mem 0x80010000 0x00000001
core   0: 0x8000d494 (0xff9ff06f) j       pc - 0x8
core   0: 3 0x8000d494 (0xff9ff06f)
core   0: 0x8000d48c (0x00003f17) auipc   t5, 0x3
core   0: 3 0x8000d48c (0x00003f17) x30 0x8001048c
core   0: 0x8000d490 (0xb63f2a23) sw      gp, -1164(t5)
core   0: 3 0x8000d490 (0xb63f2a23) mem 0x80010000 0x00000001
core   0: 0x8000d494 (0xff9ff06f) j       pc - 0x8
core   0: 3 0x8000d494 (0xff9ff06f)
core   0: 0x8000d48c (0x00003f17) auipc   t5, 0x3
core   0: 3 0x8000d48c (0x00003f17) x30 0x8001048c
core   0: 0x8000d490 (0xb63f2a23) sw      gp, -1164(t5)
core   0: 3 0x8000d490 (0xb63f2a23) mem 0x80010000 0x00000001
core   0: 0x8000d494 (0xff9ff06f) j       pc - 0x8
core   0: 3 0x8000d494 (0xff9ff06f)
core   0: 0x8000d48c (0x00003f17) auipc   t5, 0x3
core   0: 3 0x8000d48c (0x00003f17) x30 0x8001048c
core   0: 0x8000d490 (0xb63f2a23) sw      gp, -1164(t5)
core   0: 3 0x8000d490 (0xb63f2a23) mem 0x80010000 0x00000001
core   0: 0x8000d494 (0xff9ff06f) j       pc - 0x8
core   0: 3 0x8000d494 (0xff9ff06f)
core   0: 0x8000d48c (0x00003f17) auipc   t5, 0x3
core   0: 3 0x8000d48c (0x00003f17) x30 0x8001048c
core   0: 0x8000d490 (0xb63f2a23) sw      gp, -1164(t5)
core   0: 3 0x8000d490 (0xb63f2a23) mem 0x80010000 0x00000001
core   0: 0x8000d494 (0xff9ff06f) j       pc - 0x8
core   0: 3 0x8000d494 (0xff9ff06f)
core   0: 0x8000d48c (0x00003f17) auipc   t5, 0x3
core   0: 3 0x8000d48c (0x00003f17) x30 0x8001048c
core   0: 0x8000d490 (0xb63f2a23) sw      gp, -1164(t5)
core   0: 3 0x8000d490 (0xb63f2a23) mem 0x80010000 0x00000001
core   0: 0x8000d494 (0xff9ff06f) j       pc - 0x8
core   0: 3 0x8000d494 (0xff9ff06f)
core   0: 0x8000d48c (0x00003f17) auipc   t5, 0x3
core   0: 3 0x8000d48c (0x00003f17) x30 0x8001048c
core   0: 0x8000d490 (0xb63f2a23) sw      gp, -1164(t5)
core   0: 3 0x8000d490 (0xb63f2a23) mem 0x80010000 0x00000001
core   0: 0x8000d494 (0xff9ff06f) j       pc - 0x8
core   0: 3 0x8000d494 (0xff9ff06f)
core   0: 0x8000d48c (0x00003f17) auipc   t5, 0x3
core   0: 3 0x8000d48c (0x00003f17) x30 0x8001048c
core   0: 0x8000d490 (0xb63f2a23) sw      gp, -1164(t5)
core   0: 3 0x8000d490 (0xb63f2a23) mem 0x80010000 0x00000001
core   0: 0x8000d494 (0xff9ff06f) j       pc - 0x8
core   0: 3 0x8000d494 (0xff9ff06f)
core   0: 0x8000d48c (0x00003f17) auipc   t5, 0x3
core   0: 3 0x8000d48c (0x00003f17) x30 0x8001048c
core   0: 0x8000d490 (0xb63f2a23) sw      gp, -1164(t5)
core   0: 3 0x8000d490 (0xb63f2a23) mem 0x80010000 0x00000001
core   0: 0x8000d494 (0xff9ff06f) j       pc - 0x8
core   0: 3 0x8000d494 (0xff9ff06f)
core   0: 0x8000d48c (0x00003f17) auipc   t5, 0x3
core   0: 3 0x8000d48c (0x00003f17) x30 0x8001048c
core   0: 0x8000d490 (0xb63f2a23) sw      gp, -1164(t5)
core   0: 3 0x8000d490 (0xb63f2a23) mem 0x80010000 0x00000001
core   0: 0x8000d494 (0xff9ff06f) j       pc - 0x8
core   0: 3 0x8000d494 (0xff9ff06f)
core   0: 0x8000d48c (0x00003f17) auipc   t5, 0x3
core   0: 3 0x8000d48c (0x00003f17) x30 0x8001048c
core   0: 0x8000d490 (0xb63f2a23) sw      gp, -1164(t5)
core   0: 3 0x8000d490 (0xb63f2a23) mem 0x80010000 0x00000001
core   0: 0x8000d494 (0xff9ff06f) j       pc - 0x8
core   0: 3 0x8000d494 (0xff9ff06f)
core   0: 0x8000d48c (0x00003f17) auipc   t5, 0x3
core   0: 3 0x8000d48c (0x00003f17) x30 0x8001048c
core   0: 0x8000d490 (0xb63f2a23) sw      gp, -1164(t5)
core   0: 3 0x8000d490 (0xb63f2a23) mem 0x80010000 0x00000001
core   0: 0x8000d494 (0xff9ff06f) j       pc - 0x8
core   0: 3 0x8000d494 (0xff9ff06f)
core   0: 0x8000d48c (0x00003f17) auipc   t5, 0x3
core   0: 3 0x8000d48c (0x00003f17) x30 0x8001048c
core   0: 0x8000d490 (0xb63f2a23) sw      gp, -1164(t5)
core   0: 3 0x8000d490 (0xb63f2a23) mem 0x80010000 0x00000001
core   0: 0x8000d494 (0xff9ff06f) j       pc - 0x8
core   0: 3 0x8000d494 (0xff9ff06f)
core   0: 0x8000d48c (0x00003f17) auipc   t5, 0x3
core   0: 3 0x8000d48c (0x00003f17) x30 0x8001048c
core   0: 0x8000d490 (0xb63f2a23) sw      gp, -1164(t5)
core   0: 3 0x8000d490 (0xb63f2a23) mem 0x80010000 0x00000001
core   0: 0x8000d494 (0xff9ff06f) j       pc - 0x8
core   0: 3 0x8000d494 (0xff9ff06f)
core   0: 0x8000d48c (0x00003f17) auipc   t5, 0x3
core   0: 3 0x8000d48c (0x00003f17) x30 0x8001048c
core   0: 0x8000d490 (0xb63f2a23) sw      gp, -1164(t5)
core   0: 3 0x8000d490 (0xb63f2a23) mem 0x80010000 0x00000001
core   0: 0x8000d494 (0xff9ff06f) j       pc - 0x8
core   0: 3 0x8000d494 (0xff9ff06f)
core   0: 0x8000d48c (0x00003f17) auipc   t5, 0x3
core   0: 3 0x8000d48c (0x00003f17) x30 0x8001048c
core   0: 0x8000d490 (0xb63f2a23) sw      gp, -1164(t5)
core   0: 3 0x8000d490 (0xb63f2a23) mem 0x80010000 0x00000001
core   0: 0x8000d494 (0xff9ff06f) j       pc - 0x8
core   0: 3 0x8000d494 (0xff9ff06f)
core   0: 0x8000d48c (0x00003f17) auipc   t5, 0x3
core   0: 3 0x8000d48c (0x00003f17) x30 0x8001048c
core   0: 0x8000d490 (0xb63f2a23) sw      gp, -1164(t5)
core   0: 3 0x8000d490 (0xb63f2a23) mem 0x80010000 0x00000001
core   0: 0x8000d494 (0xff9ff06f) j       pc - 0x8
core   0: 3 0x8000d494 (0xff9ff06f)
core   0: 0x8000d48c (0x00003f17) auipc   t5, 0x3
core   0: 3 0x8000d48c (0x00003f17) x30 0x8001048c
core   0: 0x8000d490 (0xb63f2a23) sw      gp, -1164(t5)
core   0: 3 0x8000d490 (0xb63f2a23) mem 0x80010000 0x00000001
core   0: 0x8000d494 (0xff9ff06f) j       pc - 0x8
core   0: 3 0x8000d494 (0xff9ff06f)
core   0: 0x8000d48c (0x00003f17) auipc   t5, 0x3
core   0: 3 0x8000d48c (0x00003f17) x30 0x8001048c
core   0: 0x8000d490 (0xb63f2a23) sw      gp, -1164(t5)
core   0: 3 0x8000d490 (0xb63f2a23) mem 0x80010000 0x00000001
core   0: 0x8000d494 (0xff9ff06f) j       pc - 0x8
core   0: 3 0x8000d494 (0xff9ff06f)
core   0: 0x8000d48c (0x00003f17) auipc   t5, 0x3
core   0: 3 0x8000d48c (0x00003f17) x30 0x8001048c
core   0: 0x8000d490 (0xb63f2a23) sw      gp, -1164(t5)
core   0: 3 0x8000d490 (0xb63f2a23) mem 0x80010000 0x00000001
core   0: 0x8000d494 (0xff9ff06f) j       pc - 0x8
core   0: 3 0x8000d494 (0xff9ff06f)
core   0: 0x8000d48c (0x00003f17) auipc   t5, 0x3
core   0: 3 0x8000d48c (0x00003f17) x30 0x8001048c
core   0: 0x8000d490 (0xb63f2a23) sw      gp, -1164(t5)
core   0: 3 0x8000d490 (0xb63f2a23) mem 0x80010000 0x00000001
core   0: 0x8000d494 (0xff9ff06f) j       pc - 0x8
core   0: 3 0x8000d494 (0xff9ff06f)
core   0: 0x8000d48c (0x00003f17) auipc   t5, 0x3
core   0: 3 0x8000d48c (0x00003f17) x30 0x8001048c
core   0: 0x8000d490 (0xb63f2a23) sw      gp, -1164(t5)
core   0: 3 0x8000d490 (0xb63f2a23) mem 0x80010000 0x00000001
core   0: 0x8000d494 (0xff9ff06f) j       pc - 0x8
core   0: 3 0x8000d494 (0xff9ff06f)
core   0: 0x8000d48c (0x00003f17) auipc   t5, 0x3
core   0: 3 0x8000d48c (0x00003f17) x30 0x8001048c
core   0: 0x8000d490 (0xb63f2a23) sw      gp, -1164(t5)
core   0: 3 0x8000d490 (0xb63f2a23) mem 0x80010000 0x00000001
core   0: 0x8000d494 (0xff9ff06f) j       pc - 0x8
core   0: 3 0x8000d494 (0xff9ff06f)
core   0: 0x8000d48c (0x00003f17) auipc   t5, 0x3
core   0: 3 0x8000d48c (0x00003f17) x30 0x8001048c
core   0: 0x8000d490 (0xb63f2a23) sw      gp, -1164(t5)
core   0: 3 0x8000d490 (0xb63f2a23) mem 0x80010000 0x00000001
core   0: 0x8000d494 (0xff9ff06f) j       pc - 0x8
core   0: 3 0x8000d494 (0xff9ff06f)
core   0: 0x8000d48c (0x00003f17) auipc   t5, 0x3
core   0: 3 0x8000d48c (0x00003f17) x30 0x8001048c
core   0: 0x8000d490 (0xb63f2a23) sw      gp, -1164(t5)
core   0: 3 0x8000d490 (0xb63f2a23) mem 0x80010000 0x00000001
core   0: 0x8000d494 (0xff9ff06f) j       pc - 0x8
core   0: 3 0x8000d494 (0xff9ff06f)
core   0: 0x8000d48c (0x00003f17) auipc   t5, 0x3
core   0: 3 0x8000d48c (0x00003f17) x30 0x8001048c
core   0: 0x8000d490 (0xb63f2a23) sw      gp, -1164(t5)
core   0: 3 0x8000d490 (0xb63f2a23) mem 0x80010000 0x00000001
core   0: 0x8000d494 (0xff9ff06f) j       pc - 0x8
core   0: 3 0x8000d494 (0xff9ff06f)
core   0: 0x8000d48c (0x00003f17) auipc   t5, 0x3
core   0: 3 0x8000d48c (0x00003f17) x30 0x8001048c
core   0: 0x8000d490 (0xb63f2a23) sw      gp, -1164(t5)
core   0: 3 0x8000d490 (0xb63f2a23) mem 0x80010000 0x00000001
core   0: 0x8000d494 (0xff9ff06f) j       pc - 0x8
core   0: 3 0x8000d494 (0xff9ff06f)
core   0: 0x8000d48c (0x00003f17) auipc   t5, 0x3
core   0: 3 0x8000d48c (0x00003f17) x30 0x8001048c
core   0: 0x8000d490 (0xb63f2a23) sw      gp, -1164(t5)
core   0: 3 0x8000d490 (0xb63f2a23) mem 0x80010000 0x00000001
core   0: 0x8000d494 (0xff9ff06f) j       pc - 0x8
core   0: 3 0x8000d494 (0xff9ff06f)
core   0: 0x8000d48c (0x00003f17) auipc   t5, 0x3
core   0: 3 0x8000d48c (0x00003f17) x30 0x8001048c
core   0: 0x8000d490 (0xb63f2a23) sw      gp, -1164(t5)
core   0: 3 0x8000d490 (0xb63f2a23) mem 0x80010000 0x00000001
core   0: 0x8000d494 (0xff9ff06f) j       pc - 0x8
core   0: 3 0x8000d494 (0xff9ff06f)
core   0: 0x8000d48c (0x00003f17) auipc   t5, 0x3
core   0: 3 0x8000d48c (0x00003f17) x30 0x8001048c
core   0: 0x8000d490 (0xb63f2a23) sw      gp, -1164(t5)
core   0: 3 0x8000d490 (0xb63f2a23) mem 0x80010000 0x00000001
core   0: 0x8000d494 (0xff9ff06f) j       pc - 0x8
core   0: 3 0x8000d494 (0xff9ff06f)
core   0: 0x8000d48c (0x00003f17) auipc   t5, 0x3
core   0: 3 0x8000d48c (0x00003f17) x30 0x8001048c
core   0: 0x8000d490 (0xb63f2a23) sw      gp, -1164(t5)
core   0: 3 0x8000d490 (0xb63f2a23) mem 0x80010000 0x00000001
core   0: 0x8000d494 (0xff9ff06f) j       pc - 0x8
core   0: 3 0x8000d494 (0xff9ff06f)
core   0: 0x8000d48c (0x00003f17) auipc   t5, 0x3
core   0: 3 0x8000d48c (0x00003f17) x30 0x8001048c
core   0: 0x8000d490 (0xb63f2a23) sw      gp, -1164(t5)
core   0: 3 0x8000d490 (0xb63f2a23) mem 0x80010000 0x00000001
core   0: 0x8000d494 (0xff9ff06f) j       pc - 0x8
core   0: 3 0x8000d494 (0xff9ff06f)
core   0: 0x8000d48c (0x00003f17) auipc   t5, 0x3
core   0: 3 0x8000d48c (0x00003f17) x30 0x8001048c
core   0: 0x8000d490 (0xb63f2a23) sw      gp, -1164(t5)
core   0: 3 0x8000d490 (0xb63f2a23) mem 0x80010000 0x00000001
core   0: 0x8000d494 (0xff9ff06f) j       pc - 0x8
core   0: 3 0x8000d494 (0xff9ff06f)
core   0: 0x8000d48c (0x00003f17) auipc   t5, 0x3
core   0: 3 0x8000d48c (0x00003f17) x30 0x8001048c
core   0: 0x8000d490 (0xb63f2a23) sw      gp, -1164(t5)
core   0: 3 0x8000d490 (0xb63f2a23) mem 0x80010000 0x00000001
core   0: 0x8000d494 (0xff9ff06f) j       pc - 0x8
core   0: 3 0x8000d494 (0xff9ff06f)
core   0: 0x8000d48c (0x00003f17) auipc   t5, 0x3
core   0: 3 0x8000d48c (0x00003f17) x30 0x8001048c
core   0: 0x8000d490 (0xb63f2a23) sw      gp, -1164(t5)
core   0: 3 0x8000d490 (0xb63f2a23) mem 0x80010000 0x00000001
core   0: 0x8000d494 (0xff9ff06f) j       pc - 0x8
core   0: 3 0x8000d494 (0xff9ff06f)
core   0: 0x8000d48c (0x00003f17) auipc   t5, 0x3
core   0: 3 0x8000d48c (0x00003f17) x30 0x8001048c
core   0: 0x8000d490 (0xb63f2a23) sw      gp, -1164(t5)
core   0: 3 0x8000d490 (0xb63f2a23) mem 0x80010000 0x00000001
core   0: 0x8000d494 (0xff9ff06f) j       pc - 0x8
core   0: 3 0x8000d494 (0xff9ff06f)
core   0: 0x8000d48c (0x00003f17) auipc   t5, 0x3
core   0: 3 0x8000d48c (0x00003f17) x30 0x8001048c
core   0: 0x8000d490 (0xb63f2a23) sw      gp, -1164(t5)
core   0: 3 0x8000d490 (0xb63f2a23) mem 0x80010000 0x00000001
core   0: 0x8000d494 (0xff9ff06f) j       pc - 0x8
core   0: 3 0x8000d494 (0xff9ff06f)
core   0: 0x8000d48c (0x00003f17) auipc   t5, 0x3
core   0: 3 0x8000d48c (0x00003f17) x30 0x8001048c
core   0: 0x8000d490 (0xb63f2a23) sw      gp, -1164(t5)
core   0: 3 0x8000d490 (0xb63f2a23) mem 0x80010000 0x00000001
core   0: 0x8000d494 (0xff9ff06f) j       pc - 0x8
core   0: 3 0x8000d494 (0xff9ff06f)
core   0: 0x8000d48c (0x00003f17) auipc   t5, 0x3
core   0: 3 0x8000d48c (0x00003f17) x30 0x8001048c
core   0: 0x8000d490 (0xb63f2a23) sw      gp, -1164(t5)
core   0: 3 0x8000d490 (0xb63f2a23) mem 0x80010000 0x00000001
core   0: 0x8000d494 (0xff9ff06f) j       pc - 0x8
core   0: 3 0x8000d494 (0xff9ff06f)
core   0: 0x8000d48c (0x00003f17) auipc   t5, 0x3
core   0: 3 0x8000d48c (0x00003f17) x30 0x8001048c
core   0: 0x8000d490 (0xb63f2a23) sw      gp, -1164(t5)
core   0: 3 0x8000d490 (0xb63f2a23) mem 0x80010000 0x00000001
core   0: 0x8000d494 (0xff9ff06f) j       pc - 0x8
core   0: 3 0x8000d494 (0xff9ff06f)
core   0: 0x8000d48c (0x00003f17) auipc   t5, 0x3
core   0: 3 0x8000d48c (0x00003f17) x30 0x8001048c
core   0: 0x8000d490 (0xb63f2a23) sw      gp, -1164(t5)
core   0: 3 0x8000d490 (0xb63f2a23) mem 0x80010000 0x00000001
core   0: 0x8000d494 (0xff9ff06f) j       pc - 0x8
core   0: 3 0x8000d494 (0xff9ff06f)
core   0: 0x8000d48c (0x00003f17) auipc   t5, 0x3
core   0: 3 0x8000d48c (0x00003f17) x30 0x8001048c
core   0: 0x8000d490 (0xb63f2a23) sw      gp, -1164(t5)
core   0: 3 0x8000d490 (0xb63f2a23) mem 0x80010000 0x00000001
core   0: 0x8000d494 (0xff9ff06f) j       pc - 0x8
core   0: 3 0x8000d494 (0xff9ff06f)
core   0: 0x8000d48c (0x00003f17) auipc   t5, 0x3
core   0: 3 0x8000d48c (0x00003f17) x30 0x8001048c
core   0: 0x8000d490 (0xb63f2a23) sw      gp, -1164(t5)
core   0: 3 0x8000d490 (0xb63f2a23) mem 0x80010000 0x00000001
core   0: 0x8000d494 (0xff9ff06f) j       pc - 0x8
core   0: 3 0x8000d494 (0xff9ff06f)
core   0: 0x8000d48c (0x00003f17) auipc   t5, 0x3
core   0: 3 0x8000d48c (0x00003f17) x30 0x8001048c
core   0: 0x8000d490 (0xb63f2a23) sw      gp, -1164(t5)
core   0: 3 0x8000d490 (0xb63f2a23) mem 0x80010000 0x00000001
core   0: 0x8000d494 (0xff9ff06f) j       pc - 0x8
core   0: 3 0x8000d494 (0xff9ff06f)
core   0: 0x8000d48c (0x00003f17) auipc   t5, 0x3
core   0: 3 0x8000d48c (0x00003f17) x30 0x8001048c
core   0: 0x8000d490 (0xb63f2a23) sw      gp, -1164(t5)
core   0: 3 0x8000d490 (0xb63f2a23) mem 0x80010000 0x00000001
core   0: 0x8000d494 (0xff9ff06f) j       pc - 0x8
core   0: 3 0x8000d494 (0xff9ff06f)
core   0: 0x8000d48c (0x00003f17) auipc   t5, 0x3
core   0: 3 0x8000d48c (0x00003f17) x30 0x8001048c
core   0: 0x8000d490 (0xb63f2a23) sw      gp, -1164(t5)
core   0: 3 0x8000d490 (0xb63f2a23) mem 0x80010000 0x00000001
core   0: 0x8000d494 (0xff9ff06f) j       pc - 0x8
core   0: 3 0x8000d494 (0xff9ff06f)
core   0: 0x8000d48c (0x00003f17) auipc   t5, 0x3
core   0: 3 0x8000d48c (0x00003f17) x30 0x8001048c
core   0: 0x8000d490 (0xb63f2a23) sw      gp, -1164(t5)
core   0: 3 0x8000d490 (0xb63f2a23) mem 0x80010000 0x00000001
core   0: 0x8000d494 (0xff9ff06f) j       pc - 0x8
core   0: 3 0x8000d494 (0xff9ff06f)
core   0: 0x8000d48c (0x00003f17) auipc   t5, 0x3
core   0: 3 0x8000d48c (0x00003f17) x30 0x8001048c
core   0: 0x8000d490 (0xb63f2a23) sw      gp, -1164(t5)
core   0: 3 0x8000d490 (0xb63f2a23) mem 0x80010000 0x00000001
core   0: 0x8000d494 (0xff9ff06f) j       pc - 0x8
core   0: 3 0x8000d494 (0xff9ff06f)
core   0: 0x8000d48c (0x00003f17) auipc   t5, 0x3
core   0: 3 0x8000d48c (0x00003f17) x30 0x8001048c
core   0: 0x8000d490 (0xb63f2a23) sw      gp, -1164(t5)
core   0: 3 0x8000d490 (0xb63f2a23) mem 0x80010000 0x00000001
core   0: 0x8000d494 (0xff9ff06f) j       pc - 0x8
core   0: 3 0x8000d494 (0xff9ff06f)
core   0: 0x8000d48c (0x00003f17) auipc   t5, 0x3
core   0: 3 0x8000d48c (0x00003f17) x30 0x8001048c
core   0: 0x8000d490 (0xb63f2a23) sw      gp, -1164(t5)
core   0: 3 0x8000d490 (0xb63f2a23) mem 0x80010000 0x00000001
core   0: 0x8000d494 (0xff9ff06f) j       pc - 0x8
core   0: 3 0x8000d494 (0xff9ff06f)
core   0: 0x8000d48c (0x00003f17) auipc   t5, 0x3
core   0: 3 0x8000d48c (0x00003f17) x30 0x8001048c
core   0: 0x8000d490 (0xb63f2a23) sw      gp, -1164(t5)
core   0: 3 0x8000d490 (0xb63f2a23) mem 0x80010000 0x00000001
core   0: 0x8000d494 (0xff9ff06f) j       pc - 0x8
core   0: 3 0x8000d494 (0xff9ff06f)
core   0: 0x8000d48c (0x00003f17) auipc   t5, 0x3
core   0: 3 0x8000d48c (0x00003f17) x30 0x8001048c
core   0: 0x8000d490 (0xb63f2a23) sw      gp, -1164(t5)
core   0: 3 0x8000d490 (0xb63f2a23) mem 0x80010000 0x00000001
core   0: 0x8000d494 (0xff9ff06f) j       pc - 0x8
core   0: 3 0x8000d494 (0xff9ff06f)
core   0: 0x8000d48c (0x00003f17) auipc   t5, 0x3
core   0: 3 0x8000d48c (0x00003f17) x30 0x8001048c
core   0: 0x8000d490 (0xb63f2a23) sw      gp, -1164(t5)
core   0: 3 0x8000d490 (0xb63f2a23) mem 0x80010000 0x00000001
core   0: 0x8000d494 (0xff9ff06f) j       pc - 0x8
core   0: 3 0x8000d494 (0xff9ff06f)
core   0: 0x8000d48c (0x00003f17) auipc   t5, 0x3
core   0: 3 0x8000d48c (0x00003f17) x30 0x8001048c
core   0: 0x8000d490 (0xb63f2a23) sw      gp, -1164(t5)
core   0: 3 0x8000d490 (0xb63f2a23) mem 0x80010000 0x00000001
core   0: 0x8000d494 (0xff9ff06f) j       pc - 0x8
core   0: 3 0x8000d494 (0xff9ff06f)
core   0: 0x8000d48c (0x00003f17) auipc   t5, 0x3
core   0: 3 0x8000d48c (0x00003f17) x30 0x8001048c
core   0: 0x8000d490 (0xb63f2a23) sw      gp, -1164(t5)
core   0: 3 0x8000d490 (0xb63f2a23) mem 0x80010000 0x00000001
core   0: 0x8000d494 (0xff9ff06f) j       pc - 0x8
core   0: 3 0x8000d494 (0xff9ff06f)
core   0: 0x8000d48c (0x00003f17) auipc   t5, 0x3
core   0: 3 0x8000d48c (0x00003f17) x30 0x8001048c
core   0: 0x8000d490 (0xb63f2a23) sw      gp, -1164(t5)
core   0: 3 0x8000d490 (0xb63f2a23) mem 0x80010000 0x00000001
core   0: 0x8000d494 (0xff9ff06f) j       pc - 0x8
core   0: 3 0x8000d494 (0xff9ff06f)
core   0: 0x8000d48c (0x00003f17) auipc   t5, 0x3
core   0: 3 0x8000d48c (0x00003f17) x30 0x8001048c
core   0: 0x8000d490 (0xb63f2a23) sw      gp, -1164(t5)
core   0: 3 0x8000d490 (0xb63f2a23) mem 0x80010000 0x00000001
core   0: 0x8000d494 (0xff9ff06f) j       pc - 0x8
core   0: 3 0x8000d494 (0xff9ff06f)
core   0: 0x8000d48c (0x00003f17) auipc   t5, 0x3
core   0: 3 0x8000d48c (0x00003f17) x30 0x8001048c
core   0: 0x8000d490 (0xb63f2a23) sw      gp, -1164(t5)
core   0: 3 0x8000d490 (0xb63f2a23) mem 0x80010000 0x00000001
core   0: 0x8000d494 (0xff9ff06f) j       pc - 0x8
core   0: 3 0x8000d494 (0xff9ff06f)
core   0: 0x8000d48c (0x00003f17) auipc   t5, 0x3
core   0: 3 0x8000d48c (0x00003f17) x30 0x8001048c
core   0: 0x8000d490 (0xb63f2a23) sw      gp, -1164(t5)
core   0: 3 0x8000d490 (0xb63f2a23) mem 0x80010000 0x00000001
core   0: 0x8000d494 (0xff9ff06f) j       pc - 0x8
core   0: 3 0x8000d494 (0xff9ff06f)
core   0: 0x8000d48c (0x00003f17) auipc   t5, 0x3
core   0: 3 0x8000d48c (0x00003f17) x30 0x8001048c
core   0: 0x8000d490 (0xb63f2a23) sw      gp, -1164(t5)
core   0: 3 0x8000d490 (0xb63f2a23) mem 0x80010000 0x00000001
core   0: 0x8000d494 (0xff9ff06f) j       pc - 0x8
core   0: 3 0x8000d494 (0xff9ff06f)
core   0: 0x8000d48c (0x00003f17) auipc   t5, 0x3
core   0: 3 0x8000d48c (0x00003f17) x30 0x8001048c
core   0: 0x8000d490 (0xb63f2a23) sw      gp, -1164(t5)
core   0: 3 0x8000d490 (0xb63f2a23) mem 0x80010000 0x00000001
core   0: 0x8000d494 (0xff9ff06f) j       pc - 0x8
core   0: 3 0x8000d494 (0xff9ff06f)
core   0: 0x8000d48c (0x00003f17) auipc   t5, 0x3
core   0: 3 0x8000d48c (0x00003f17) x30 0x8001048c
core   0: 0x8000d490 (0xb63f2a23) sw      gp, -1164(t5)
core   0: 3 0x8000d490 (0xb63f2a23) mem 0x80010000 0x00000001
core   0: 0x8000d494 (0xff9ff06f) j       pc - 0x8
core   0: 3 0x8000d494 (0xff9ff06f)
core   0: 0x8000d48c (0x00003f17) auipc   t5, 0x3
core   0: 3 0x8000d48c (0x00003f17) x30 0x8001048c
core   0: 0x8000d490 (0xb63f2a23) sw      gp, -1164(t5)
core   0: 3 0x8000d490 (0xb63f2a23) mem 0x80010000 0x00000001
core   0: 0x8000d494 (0xff9ff06f) j       pc - 0x8
core   0: 3 0x8000d494 (0xff9ff06f)
core   0: 0x8000d48c (0x00003f17) auipc   t5, 0x3
core   0: 3 0x8000d48c (0x00003f17) x30 0x8001048c
core   0: 0x8000d490 (0xb63f2a23) sw      gp, -1164(t5)
core   0: 3 0x8000d490 (0xb63f2a23) mem 0x80010000 0x00000001
core   0: 0x8000d494 (0xff9ff06f) j       pc - 0x8
core   0: 3 0x8000d494 (0xff9ff06f)
core   0: 0x8000d48c (0x00003f17) auipc   t5, 0x3
core   0: 3 0x8000d48c (0x00003f17) x30 0x8001048c
core   0: 0x8000d490 (0xb63f2a23) sw      gp, -1164(t5)
core   0: 3 0x8000d490 (0xb63f2a23) mem 0x80010000 0x00000001
core   0: 0x8000d494 (0xff9ff06f) j       pc - 0x8
core   0: 3 0x8000d494 (0xff9ff06f)
core   0: 0x8000d48c (0x00003f17) auipc   t5, 0x3
core   0: 3 0x8000d48c (0x00003f17) x30 0x8001048c
core   0: 0x8000d490 (0xb63f2a23) sw      gp, -1164(t5)
core   0: 3 0x8000d490 (0xb63f2a23) mem 0x80010000 0x00000001
core   0: 0x8000d494 (0xff9ff06f) j       pc - 0x8
core   0: 3 0x8000d494 (0xff9ff06f)
core   0: 0x8000d48c (0x00003f17) auipc   t5, 0x3
core   0: 3 0x8000d48c (0x00003f17) x30 0x8001048c
core   0: 0x8000d490 (0xb63f2a23) sw      gp, -1164(t5)
core   0: 3 0x8000d490 (0xb63f2a23) mem 0x80010000 0x00000001
core   0: 0x8000d494 (0xff9ff06f) j       pc - 0x8
core   0: 3 0x8000d494 (0xff9ff06f)
core   0: 0x8000d48c (0x00003f17) auipc   t5, 0x3
core   0: 3 0x8000d48c (0x00003f17) x30 0x8001048c
core   0: 0x8000d490 (0xb63f2a23) sw      gp, -1164(t5)
core   0: 3 0x8000d490 (0xb63f2a23) mem 0x80010000 0x00000001
core   0: 0x8000d494 (0xff9ff06f) j       pc - 0x8
core   0: 3 0x8000d494 (0xff9ff06f)
core   0: 0x8000d48c (0x00003f17) auipc   t5, 0x3
core   0: 3 0x8000d48c (0x00003f17) x30 0x8001048c
core   0: 0x8000d490 (0xb63f2a23) sw      gp, -1164(t5)
core   0: 3 0x8000d490 (0xb63f2a23) mem 0x80010000 0x00000001
core   0: 0x8000d494 (0xff9ff06f) j       pc - 0x8
core   0: 3 0x8000d494 (0xff9ff06f)
core   0: 0x8000d48c (0x00003f17) auipc   t5, 0x3
core   0: 3 0x8000d48c (0x00003f17) x30 0x8001048c
core   0: 0x8000d490 (0xb63f2a23) sw      gp, -1164(t5)
core   0: 3 0x8000d490 (0xb63f2a23) mem 0x80010000 0x00000001
core   0: 0x8000d494 (0xff9ff06f) j       pc - 0x8
core   0: 3 0x8000d494 (0xff9ff06f)
core   0: 0x8000d48c (0x00003f17) auipc   t5, 0x3
core   0: 3 0x8000d48c (0x00003f17) x30 0x8001048c
core   0: 0x8000d490 (0xb63f2a23) sw      gp, -1164(t5)
core   0: 3 0x8000d490 (0xb63f2a23) mem 0x80010000 0x00000001
core   0: 0x8000d494 (0xff9ff06f) j       pc - 0x8
core   0: 3 0x8000d494 (0xff9ff06f)
core   0: 0x8000d48c (0x00003f17) auipc   t5, 0x3
core   0: 3 0x8000d48c (0x00003f17) x30 0x8001048c
core   0: 0x8000d490 (0xb63f2a23) sw      gp, -1164(t5)
core   0: 3 0x8000d490 (0xb63f2a23) mem 0x80010000 0x00000001
core   0: 0x8000d494 (0xff9ff06f) j       pc - 0x8
core   0: 3 0x8000d494 (0xff9ff06f)
core   0: 0x8000d48c (0x00003f17) auipc   t5, 0x3
core   0: 3 0x8000d48c (0x00003f17) x30 0x8001048c
core   0: 0x8000d490 (0xb63f2a23) sw      gp, -1164(t5)
core   0: 3 0x8000d490 (0xb63f2a23) mem 0x80010000 0x00000001
core   0: 0x8000d494 (0xff9ff06f) j       pc - 0x8
core   0: 3 0x8000d494 (0xff9ff06f)
core   0: 0x8000d48c (0x00003f17) auipc   t5, 0x3
core   0: 3 0x8000d48c (0x00003f17) x30 0x8001048c
core   0: 0x8000d490 (0xb63f2a23) sw      gp, -1164(t5)
core   0: 3 0x8000d490 (0xb63f2a23) mem 0x80010000 0x00000001
core   0: 0x8000d494 (0xff9ff06f) j       pc - 0x8
core   0: 3 0x8000d494 (0xff9ff06f)
core   0: 0x8000d48c (0x00003f17) auipc   t5, 0x3
core   0: 3 0x8000d48c (0x00003f17) x30 0x8001048c
core   0: 0x8000d490 (0xb63f2a23) sw      gp, -1164(t5)
core   0: 3 0x8000d490 (0xb63f2a23) mem 0x80010000 0x00000001
core   0: 0x8000d494 (0xff9ff06f) j       pc - 0x8
core   0: 3 0x8000d494 (0xff9ff06f)
core   0: 0x8000d48c (0x00003f17) auipc   t5, 0x3
core   0: 3 0x8000d48c (0x00003f17) x30 0x8001048c
core   0: 0x8000d490 (0xb63f2a23) sw      gp, -1164(t5)
core   0: 3 0x8000d490 (0xb63f2a23) mem 0x80010000 0x00000001
core   0: 0x8000d494 (0xff9ff06f) j       pc - 0x8
core   0: 3 0x8000d494 (0xff9ff06f)
core   0: 0x8000d48c (0x00003f17) auipc   t5, 0x3
core   0: 3 0x8000d48c (0x00003f17) x30 0x8001048c
core   0: 0x8000d490 (0xb63f2a23) sw      gp, -1164(t5)
core   0: 3 0x8000d490 (0xb63f2a23) mem 0x80010000 0x00000001
core   0: 0x8000d494 (0xff9ff06f) j       pc - 0x8
core   0: 3 0x8000d494 (0xff9ff06f)
core   0: 0x8000d48c (0x00003f17) auipc   t5, 0x3
core   0: 3 0x8000d48c (0x00003f17) x30 0x8001048c
core   0: 0x8000d490 (0xb63f2a23) sw      gp, -1164(t5)
core   0: 3 0x8000d490 (0xb63f2a23) mem 0x80010000 0x00000001
core   0: 0x8000d494 (0xff9ff06f) j       pc - 0x8
core   0: 3 0x8000d494 (0xff9ff06f)
core   0: 0x8000d48c (0x00003f17) auipc   t5, 0x3
core   0: 3 0x8000d48c (0x00003f17) x30 0x8001048c
core   0: 0x8000d490 (0xb63f2a23) sw      gp, -1164(t5)
core   0: 3 0x8000d490 (0xb63f2a23) mem 0x80010000 0x00000001
core   0: 0x8000d494 (0xff9ff06f) j       pc - 0x8
core   0: 3 0x8000d494 (0xff9ff06f)
core   0: 0x8000d48c (0x00003f17) auipc   t5, 0x3
core   0: 3 0x8000d48c (0x00003f17) x30 0x8001048c
core   0: 0x8000d490 (0xb63f2a23) sw      gp, -1164(t5)
core   0: 3 0x8000d490 (0xb63f2a23) mem 0x80010000 0x00000001
core   0: 0x8000d494 (0xff9ff06f) j       pc - 0x8
core   0: 3 0x8000d494 (0xff9ff06f)
core   0: 0x8000d48c (0x00003f17) auipc   t5, 0x3
core   0: 3 0x8000d48c (0x00003f17) x30 0x8001048c
core   0: 0x8000d490 (0xb63f2a23) sw      gp, -1164(t5)
core   0: 3 0x8000d490 (0xb63f2a23) mem 0x80010000 0x00000001
core   0: 0x8000d494 (0xff9ff06f) j       pc - 0x8
core   0: 3 0x8000d494 (0xff9ff06f)
core   0: 0x8000d48c (0x00003f17) auipc   t5, 0x3
core   0: 3 0x8000d48c (0x00003f17) x30 0x8001048c
core   0: 0x8000d490 (0xb63f2a23) sw      gp, -1164(t5)
core   0: 3 0x8000d490 (0xb63f2a23) mem 0x80010000 0x00000001
core   0: 0x8000d494 (0xff9ff06f) j       pc - 0x8
core   0: 3 0x8000d494 (0xff9ff06f)
core   0: 0x8000d48c (0x00003f17) auipc   t5, 0x3
core   0: 3 0x8000d48c (0x00003f17) x30 0x8001048c
core   0: 0x8000d490 (0xb63f2a23) sw      gp, -1164(t5)
core   0: 3 0x8000d490 (0xb63f2a23) mem 0x80010000 0x00000001
core   0: 0x8000d494 (0xff9ff06f) j       pc - 0x8
core   0: 3 0x8000d494 (0xff9ff06f)
core   0: 0x8000d48c (0x00003f17) auipc   t5, 0x3
core   0: 3 0x8000d48c (0x00003f17) x30 0x8001048c
core   0: 0x8000d490 (0xb63f2a23) sw      gp, -1164(t5)
core   0: 3 0x8000d490 (0xb63f2a23) mem 0x80010000 0x00000001
core   0: 0x8000d494 (0xff9ff06f) j       pc - 0x8
core   0: 3 0x8000d494 (0xff9ff06f)
core   0: 0x8000d48c (0x00003f17) auipc   t5, 0x3
core   0: 3 0x8000d48c (0x00003f17) x30 0x8001048c
core   0: 0x8000d490 (0xb63f2a23) sw      gp, -1164(t5)
core   0: 3 0x8000d490 (0xb63f2a23) mem 0x80010000 0x00000001
core   0: 0x8000d494 (0xff9ff06f) j       pc - 0x8
core   0: 3 0x8000d494 (0xff9ff06f)
core   0: 0x8000d48c (0x00003f17) auipc   t5, 0x3
core   0: 3 0x8000d48c (0x00003f17) x30 0x8001048c
core   0: 0x8000d490 (0xb63f2a23) sw      gp, -1164(t5)
core   0: 3 0x8000d490 (0xb63f2a23) mem 0x80010000 0x00000001
core   0: 0x8000d494 (0xff9ff06f) j       pc - 0x8
core   0: 3 0x8000d494 (0xff9ff06f)
core   0: 0x8000d48c (0x00003f17) auipc   t5, 0x3
core   0: 3 0x8000d48c (0x00003f17) x30 0x8001048c
core   0: 0x8000d490 (0xb63f2a23) sw      gp, -1164(t5)
core   0: 3 0x8000d490 (0xb63f2a23) mem 0x80010000 0x00000001
core   0: 0x8000d494 (0xff9ff06f) j       pc - 0x8
core   0: 3 0x8000d494 (0xff9ff06f)
core   0: 0x8000d48c (0x00003f17) auipc   t5, 0x3
core   0: 3 0x8000d48c (0x00003f17) x30 0x8001048c
core   0: 0x8000d490 (0xb63f2a23) sw      gp, -1164(t5)
core   0: 3 0x8000d490 (0xb63f2a23) mem 0x80010000 0x00000001
core   0: 0x8000d494 (0xff9ff06f) j       pc - 0x8
core   0: 3 0x8000d494 (0xff9ff06f)
core   0: 0x8000d48c (0x00003f17) auipc   t5, 0x3
core   0: 3 0x8000d48c (0x00003f17) x30 0x8001048c
core   0: 0x8000d490 (0xb63f2a23) sw      gp, -1164(t5)
core   0: 3 0x8000d490 (0xb63f2a23) mem 0x80010000 0x00000001
core   0: 0x8000d494 (0xff9ff06f) j       pc - 0x8
core   0: 3 0x8000d494 (0xff9ff06f)
core   0: 0x8000d48c (0x00003f17) auipc   t5, 0x3
core   0: 3 0x8000d48c (0x00003f17) x30 0x8001048c
core   0: 0x8000d490 (0xb63f2a23) sw      gp, -1164(t5)
core   0: 3 0x8000d490 (0xb63f2a23) mem 0x80010000 0x00000001
core   0: 0x8000d494 (0xff9ff06f) j       pc - 0x8
core   0: 3 0x8000d494 (0xff9ff06f)
core   0: 0x8000d48c (0x00003f17) auipc   t5, 0x3
core   0: 3 0x8000d48c (0x00003f17) x30 0x8001048c
core   0: 0x8000d490 (0xb63f2a23) sw      gp, -1164(t5)
core   0: 3 0x8000d490 (0xb63f2a23) mem 0x80010000 0x00000001
core   0: 0x8000d494 (0xff9ff06f) j       pc - 0x8
core   0: 3 0x8000d494 (0xff9ff06f)
core   0: 0x8000d48c (0x00003f17) auipc   t5, 0x3
core   0: 3 0x8000d48c (0x00003f17) x30 0x8001048c
core   0: 0x8000d490 (0xb63f2a23) sw      gp, -1164(t5)
core   0: 3 0x8000d490 (0xb63f2a23) mem 0x80010000 0x00000001
core   0: 0x8000d494 (0xff9ff06f) j       pc - 0x8
core   0: 3 0x8000d494 (0xff9ff06f)
core   0: 0x8000d48c (0x00003f17) auipc   t5, 0x3
core   0: 3 0x8000d48c (0x00003f17) x30 0x8001048c
core   0: 0x8000d490 (0xb63f2a23) sw      gp, -1164(t5)
core   0: 3 0x8000d490 (0xb63f2a23) mem 0x80010000 0x00000001
core   0: 0x8000d494 (0xff9ff06f) j       pc - 0x8
core   0: 3 0x8000d494 (0xff9ff06f)
core   0: 0x8000d48c (0x00003f17) auipc   t5, 0x3
core   0: 3 0x8000d48c (0x00003f17) x30 0x8001048c
core   0: 0x8000d490 (0xb63f2a23) sw      gp, -1164(t5)
core   0: 3 0x8000d490 (0xb63f2a23) mem 0x80010000 0x00000001
core   0: 0x8000d494 (0xff9ff06f) j       pc - 0x8
core   0: 3 0x8000d494 (0xff9ff06f)
core   0: 0x8000d48c (0x00003f17) auipc   t5, 0x3
core   0: 3 0x8000d48c (0x00003f17) x30 0x8001048c
core   0: 0x8000d490 (0xb63f2a23) sw      gp, -1164(t5)
core   0: 3 0x8000d490 (0xb63f2a23) mem 0x80010000 0x00000001
core   0: 0x8000d494 (0xff9ff06f) j       pc - 0x8
core   0: 3 0x8000d494 (0xff9ff06f)
core   0: 0x8000d48c (0x00003f17) auipc   t5, 0x3
core   0: 3 0x8000d48c (0x00003f17) x30 0x8001048c
core   0: 0x8000d490 (0xb63f2a23) sw      gp, -1164(t5)
core   0: 3 0x8000d490 (0xb63f2a23) mem 0x80010000 0x00000001
core   0: 0x8000d494 (0xff9ff06f) j       pc - 0x8
core   0: 3 0x8000d494 (0xff9ff06f)
core   0: 0x8000d48c (0x00003f17) auipc   t5, 0x3
core   0: 3 0x8000d48c (0x00003f17) x30 0x8001048c
core   0: 0x8000d490 (0xb63f2a23) sw      gp, -1164(t5)
core   0: 3 0x8000d490 (0xb63f2a23) mem 0x80010000 0x00000001
core   0: 0x8000d494 (0xff9ff06f) j       pc - 0x8
core   0: 3 0x8000d494 (0xff9ff06f)
core   0: 0x8000d48c (0x00003f17) auipc   t5, 0x3
core   0: 3 0x8000d48c (0x00003f17) x30 0x8001048c
core   0: 0x8000d490 (0xb63f2a23) sw      gp, -1164(t5)
core   0: 3 0x8000d490 (0xb63f2a23) mem 0x80010000 0x00000001
core   0: 0x8000d494 (0xff9ff06f) j       pc - 0x8
core   0: 3 0x8000d494 (0xff9ff06f)
core   0: 0x8000d48c (0x00003f17) auipc   t5, 0x3
core   0: 3 0x8000d48c (0x00003f17) x30 0x8001048c
core   0: 0x8000d490 (0xb63f2a23) sw      gp, -1164(t5)
core   0: 3 0x8000d490 (0xb63f2a23) mem 0x80010000 0x00000001
core   0: 0x8000d494 (0xff9ff06f) j       pc - 0x8
core   0: 3 0x8000d494 (0xff9ff06f)
core   0: 0x8000d48c (0x00003f17) auipc   t5, 0x3
core   0: 3 0x8000d48c (0x00003f17) x30 0x8001048c
core   0: 0x8000d490 (0xb63f2a23) sw      gp, -1164(t5)
core   0: 3 0x8000d490 (0xb63f2a23) mem 0x80010000 0x00000001
core   0: 0x8000d494 (0xff9ff06f) j       pc - 0x8
core   0: 3 0x8000d494 (0xff9ff06f)
core   0: 0x8000d48c (0x00003f17) auipc   t5, 0x3
core   0: 3 0x8000d48c (0x00003f17) x30 0x8001048c
core   0: 0x8000d490 (0xb63f2a23) sw      gp, -1164(t5)
core   0: 3 0x8000d490 (0xb63f2a23) mem 0x80010000 0x00000001
core   0: 0x8000d494 (0xff9ff06f) j       pc - 0x8
core   0: 3 0x8000d494 (0xff9ff06f)
core   0: 0x8000d48c (0x00003f17) auipc   t5, 0x3
core   0: 3 0x8000d48c (0x00003f17) x30 0x8001048c
core   0: 0x8000d490 (0xb63f2a23) sw      gp, -1164(t5)
core   0: 3 0x8000d490 (0xb63f2a23) mem 0x80010000 0x00000001
core   0: 0x8000d494 (0xff9ff06f) j       pc - 0x8
core   0: 3 0x8000d494 (0xff9ff06f)
core   0: 0x8000d48c (0x00003f17) auipc   t5, 0x3
core   0: 3 0x8000d48c (0x00003f17) x30 0x8001048c
core   0: 0x8000d490 (0xb63f2a23) sw      gp, -1164(t5)
core   0: 3 0x8000d490 (0xb63f2a23) mem 0x80010000 0x00000001
core   0: 0x8000d494 (0xff9ff06f) j       pc - 0x8
core   0: 3 0x8000d494 (0xff9ff06f)
core   0: 0x8000d48c (0x00003f17) auipc   t5, 0x3
core   0: 3 0x8000d48c (0x00003f17) x30 0x8001048c
core   0: 0x8000d490 (0xb63f2a23) sw      gp, -1164(t5)
core   0: 3 0x8000d490 (0xb63f2a23) mem 0x80010000 0x00000001
core   0: 0x8000d494 (0xff9ff06f) j       pc - 0x8
core   0: 3 0x8000d494 (0xff9ff06f)
core   0: 0x8000d48c (0x00003f17) auipc   t5, 0x3
core   0: 3 0x8000d48c (0x00003f17) x30 0x8001048c
core   0: 0x8000d490 (0xb63f2a23) sw      gp, -1164(t5)
core   0: 3 0x8000d490 (0xb63f2a23) mem 0x80010000 0x00000001
core   0: 0x8000d494 (0xff9ff06f) j       pc - 0x8
core   0: 3 0x8000d494 (0xff9ff06f)
core   0: 0x8000d48c (0x00003f17) auipc   t5, 0x3
core   0: 3 0x8000d48c (0x00003f17) x30 0x8001048c
core   0: 0x8000d490 (0xb63f2a23) sw      gp, -1164(t5)
core   0: 3 0x8000d490 (0xb63f2a23) mem 0x80010000 0x00000001
core   0: 0x8000d494 (0xff9ff06f) j       pc - 0x8
core   0: 3 0x8000d494 (0xff9ff06f)
core   0: 0x8000d48c (0x00003f17) auipc   t5, 0x3
core   0: 3 0x8000d48c (0x00003f17) x30 0x8001048c
core   0: 0x8000d490 (0xb63f2a23) sw      gp, -1164(t5)
core   0: 3 0x8000d490 (0xb63f2a23) mem 0x80010000 0x00000001
core   0: 0x8000d494 (0xff9ff06f) j       pc - 0x8
core   0: 3 0x8000d494 (0xff9ff06f)
core   0: 0x8000d48c (0x00003f17) auipc   t5, 0x3
core   0: 3 0x8000d48c (0x00003f17) x30 0x8001048c
core   0: 0x8000d490 (0xb63f2a23) sw      gp, -1164(t5)
core   0: 3 0x8000d490 (0xb63f2a23) mem 0x80010000 0x00000001
core   0: 0x8000d494 (0xff9ff06f) j       pc - 0x8
core   0: 3 0x8000d494 (0xff9ff06f)
core   0: 0x8000d48c (0x00003f17) auipc   t5, 0x3
core   0: 3 0x8000d48c (0x00003f17) x30 0x8001048c
core   0: 0x8000d490 (0xb63f2a23) sw      gp, -1164(t5)
core   0: 3 0x8000d490 (0xb63f2a23) mem 0x80010000 0x00000001
core   0: 0x8000d494 (0xff9ff06f) j       pc - 0x8
core   0: 3 0x8000d494 (0xff9ff06f)
core   0: 0x8000d48c (0x00003f17) auipc   t5, 0x3
core   0: 3 0x8000d48c (0x00003f17) x30 0x8001048c
core   0: 0x8000d490 (0xb63f2a23) sw      gp, -1164(t5)
core   0: 3 0x8000d490 (0xb63f2a23) mem 0x80010000 0x00000001
core   0: 0x8000d494 (0xff9ff06f) j       pc - 0x8
core   0: 3 0x8000d494 (0xff9ff06f)
core   0: 0x8000d48c (0x00003f17) auipc   t5, 0x3
core   0: 3 0x8000d48c (0x00003f17) x30 0x8001048c
core   0: 0x8000d490 (0xb63f2a23) sw      gp, -1164(t5)
core   0: 3 0x8000d490 (0xb63f2a23) mem 0x80010000 0x00000001
core   0: 0x8000d494 (0xff9ff06f) j       pc - 0x8
core   0: 3 0x8000d494 (0xff9ff06f)
core   0: 0x8000d48c (0x00003f17) auipc   t5, 0x3
core   0: 3 0x8000d48c (0x00003f17) x30 0x8001048c
core   0: 0x8000d490 (0xb63f2a23) sw      gp, -1164(t5)
core   0: 3 0x8000d490 (0xb63f2a23) mem 0x80010000 0x00000001
core   0: 0x8000d494 (0xff9ff06f) j       pc - 0x8
core   0: 3 0x8000d494 (0xff9ff06f)
core   0: 0x8000d48c (0x00003f17) auipc   t5, 0x3
core   0: 3 0x8000d48c (0x00003f17) x30 0x8001048c
core   0: 0x8000d490 (0xb63f2a23) sw      gp, -1164(t5)
core   0: 3 0x8000d490 (0xb63f2a23) mem 0x80010000 0x00000001
core   0: 0x8000d494 (0xff9ff06f) j       pc - 0x8
core   0: 3 0x8000d494 (0xff9ff06f)
core   0: 0x8000d48c (0x00003f17) auipc   t5, 0x3
core   0: 3 0x8000d48c (0x00003f17) x30 0x8001048c
core   0: 0x8000d490 (0xb63f2a23) sw      gp, -1164(t5)
core   0: 3 0x8000d490 (0xb63f2a23) mem 0x80010000 0x00000001
core   0: 0x8000d494 (0xff9ff06f) j       pc - 0x8
core   0: 3 0x8000d494 (0xff9ff06f)
core   0: 0x8000d48c (0x00003f17) auipc   t5, 0x3
core   0: 3 0x8000d48c (0x00003f17) x30 0x8001048c
core   0: 0x8000d490 (0xb63f2a23) sw      gp, -1164(t5)
core   0: 3 0x8000d490 (0xb63f2a23) mem 0x80010000 0x00000001
core   0: 0x8000d494 (0xff9ff06f) j       pc - 0x8
core   0: 3 0x8000d494 (0xff9ff06f)
core   0: 0x8000d48c (0x00003f17) auipc   t5, 0x3
core   0: 3 0x8000d48c (0x00003f17) x30 0x8001048c
core   0: 0x8000d490 (0xb63f2a23) sw      gp, -1164(t5)
core   0: 3 0x8000d490 (0xb63f2a23) mem 0x80010000 0x00000001
core   0: 0x8000d494 (0xff9ff06f) j       pc - 0x8
core   0: 3 0x8000d494 (0xff9ff06f)
core   0: 0x8000d48c (0x00003f17) auipc   t5, 0x3
core   0: 3 0x8000d48c (0x00003f17) x30 0x8001048c
core   0: 0x8000d490 (0xb63f2a23) sw      gp, -1164(t5)
core   0: 3 0x8000d490 (0xb63f2a23) mem 0x80010000 0x00000001
core   0: 0x8000d494 (0xff9ff06f) j       pc - 0x8
core   0: 3 0x8000d494 (0xff9ff06f)
core   0: 0x8000d48c (0x00003f17) auipc   t5, 0x3
core   0: 3 0x8000d48c (0x00003f17) x30 0x8001048c
core   0: 0x8000d490 (0xb63f2a23) sw      gp, -1164(t5)
core   0: 3 0x8000d490 (0xb63f2a23) mem 0x80010000 0x00000001
core   0: 0x8000d494 (0xff9ff06f) j       pc - 0x8
core   0: 3 0x8000d494 (0xff9ff06f)
core   0: 0x8000d48c (0x00003f17) auipc   t5, 0x3
core   0: 3 0x8000d48c (0x00003f17) x30 0x8001048c
core   0: 0x8000d490 (0xb63f2a23) sw      gp, -1164(t5)
core   0: 3 0x8000d490 (0xb63f2a23) mem 0x80010000 0x00000001
core   0: 0x8000d494 (0xff9ff06f) j       pc - 0x8
core   0: 3 0x8000d494 (0xff9ff06f)
core   0: 0x8000d48c (0x00003f17) auipc   t5, 0x3
core   0: 3 0x8000d48c (0x00003f17) x30 0x8001048c
core   0: 0x8000d490 (0xb63f2a23) sw      gp, -1164(t5)
core   0: 3 0x8000d490 (0xb63f2a23) mem 0x80010000 0x00000001
core   0: 0x8000d494 (0xff9ff06f) j       pc - 0x8
core   0: 3 0x8000d494 (0xff9ff06f)
core   0: 0x8000d48c (0x00003f17) auipc   t5, 0x3
core   0: 3 0x8000d48c (0x00003f17) x30 0x8001048c
core   0: 0x8000d490 (0xb63f2a23) sw      gp, -1164(t5)
core   0: 3 0x8000d490 (0xb63f2a23) mem 0x80010000 0x00000001
core   0: 0x8000d494 (0xff9ff06f) j       pc - 0x8
core   0: 3 0x8000d494 (0xff9ff06f)
core   0: 0x8000d48c (0x00003f17) auipc   t5, 0x3
core   0: 3 0x8000d48c (0x00003f17) x30 0x8001048c
core   0: 0x8000d490 (0xb63f2a23) sw      gp, -1164(t5)
core   0: 3 0x8000d490 (0xb63f2a23) mem 0x80010000 0x00000001
core   0: 0x8000d494 (0xff9ff06f) j       pc - 0x8
core   0: 3 0x8000d494 (0xff9ff06f)
core   0: 0x8000d48c (0x00003f17) auipc   t5, 0x3
core   0: 3 0x8000d48c (0x00003f17) x30 0x8001048c
core   0: 0x8000d490 (0xb63f2a23) sw      gp, -1164(t5)
core   0: 3 0x8000d490 (0xb63f2a23) mem 0x80010000 0x00000001
core   0: 0x8000d494 (0xff9ff06f) j       pc - 0x8
core   0: 3 0x8000d494 (0xff9ff06f)
core   0: 0x8000d48c (0x00003f17) auipc   t5, 0x3
core   0: 3 0x8000d48c (0x00003f17) x30 0x8001048c
core   0: 0x8000d490 (0xb63f2a23) sw      gp, -1164(t5)
core   0: 3 0x8000d490 (0xb63f2a23) mem 0x80010000 0x00000001
core   0: 0x8000d494 (0xff9ff06f) j       pc - 0x8
core   0: 3 0x8000d494 (0xff9ff06f)
core   0: 0x8000d48c (0x00003f17) auipc   t5, 0x3
core   0: 3 0x8000d48c (0x00003f17) x30 0x8001048c
core   0: 0x8000d490 (0xb63f2a23) sw      gp, -1164(t5)
core   0: 3 0x8000d490 (0xb63f2a23) mem 0x80010000 0x00000001
core   0: 0x8000d494 (0xff9ff06f) j       pc - 0x8
core   0: 3 0x8000d494 (0xff9ff06f)
core   0: 0x8000d48c (0x00003f17) auipc   t5, 0x3
core   0: 3 0x8000d48c (0x00003f17) x30 0x8001048c
core   0: 0x8000d490 (0xb63f2a23) sw      gp, -1164(t5)
core   0: 3 0x8000d490 (0xb63f2a23) mem 0x80010000 0x00000001
core   0: 0x8000d494 (0xff9ff06f) j       pc - 0x8
core   0: 3 0x8000d494 (0xff9ff06f)
core   0: 0x8000d48c (0x00003f17) auipc   t5, 0x3
core   0: 3 0x8000d48c (0x00003f17) x30 0x8001048c
core   0: 0x8000d490 (0xb63f2a23) sw      gp, -1164(t5)
core   0: 3 0x8000d490 (0xb63f2a23) mem 0x80010000 0x00000001
core   0: 0x8000d494 (0xff9ff06f) j       pc - 0x8
core   0: 3 0x8000d494 (0xff9ff06f)
core   0: 0x8000d48c (0x00003f17) auipc   t5, 0x3
core   0: 3 0x8000d48c (0x00003f17) x30 0x8001048c
core   0: 0x8000d490 (0xb63f2a23) sw      gp, -1164(t5)
core   0: 3 0x8000d490 (0xb63f2a23) mem 0x80010000 0x00000001
core   0: 0x8000d494 (0xff9ff06f) j       pc - 0x8
core   0: 3 0x8000d494 (0xff9ff06f)
core   0: 0x8000d48c (0x00003f17) auipc   t5, 0x3
core   0: 3 0x8000d48c (0x00003f17) x30 0x8001048c
core   0: 0x8000d490 (0xb63f2a23) sw      gp, -1164(t5)
core   0: 3 0x8000d490 (0xb63f2a23) mem 0x80010000 0x00000001
core   0: 0x8000d494 (0xff9ff06f) j       pc - 0x8
core   0: 3 0x8000d494 (0xff9ff06f)
core   0: 0x8000d48c (0x00003f17) auipc   t5, 0x3
core   0: 3 0x8000d48c (0x00003f17) x30 0x8001048c
core   0: 0x8000d490 (0xb63f2a23) sw      gp, -1164(t5)
core   0: 3 0x8000d490 (0xb63f2a23) mem 0x80010000 0x00000001
core   0: 0x8000d494 (0xff9ff06f) j       pc - 0x8
core   0: 3 0x8000d494 (0xff9ff06f)
core   0: 0x8000d48c (0x00003f17) auipc   t5, 0x3
core   0: 3 0x8000d48c (0x00003f17) x30 0x8001048c
core   0: 0x8000d490 (0xb63f2a23) sw      gp, -1164(t5)
core   0: 3 0x8000d490 (0xb63f2a23) mem 0x80010000 0x00000001
core   0: 0x8000d494 (0xff9ff06f) j       pc - 0x8
core   0: 3 0x8000d494 (0xff9ff06f)
core   0: 0x8000d48c (0x00003f17) auipc   t5, 0x3
core   0: 3 0x8000d48c (0x00003f17) x30 0x8001048c
core   0: 0x8000d490 (0xb63f2a23) sw      gp, -1164(t5)
core   0: 3 0x8000d490 (0xb63f2a23) mem 0x80010000 0x00000001
core   0: 0x8000d494 (0xff9ff06f) j       pc - 0x8
core   0: 3 0x8000d494 (0xff9ff06f)
core   0: 0x8000d48c (0x00003f17) auipc   t5, 0x3
core   0: 3 0x8000d48c (0x00003f17) x30 0x8001048c
core   0: 0x8000d490 (0xb63f2a23) sw      gp, -1164(t5)
core   0: 3 0x8000d490 (0xb63f2a23) mem 0x80010000 0x00000001
core   0: 0x8000d494 (0xff9ff06f) j       pc - 0x8
core   0: 3 0x8000d494 (0xff9ff06f)
core   0: 0x8000d48c (0x00003f17) auipc   t5, 0x3
core   0: 3 0x8000d48c (0x00003f17) x30 0x8001048c
core   0: 0x8000d490 (0xb63f2a23) sw      gp, -1164(t5)
core   0: 3 0x8000d490 (0xb63f2a23) mem 0x80010000 0x00000001
core   0: 0x8000d494 (0xff9ff06f) j       pc - 0x8
core   0: 3 0x8000d494 (0xff9ff06f)
core   0: 0x8000d48c (0x00003f17) auipc   t5, 0x3
core   0: 3 0x8000d48c (0x00003f17) x30 0x8001048c
core   0: 0x8000d490 (0xb63f2a23) sw      gp, -1164(t5)
core   0: 3 0x8000d490 (0xb63f2a23) mem 0x80010000 0x00000001
core   0: 0x8000d494 (0xff9ff06f) j       pc - 0x8
core   0: 3 0x8000d494 (0xff9ff06f)
core   0: 0x8000d48c (0x00003f17) auipc   t5, 0x3
core   0: 3 0x8000d48c (0x00003f17) x30 0x8001048c
core   0: 0x8000d490 (0xb63f2a23) sw      gp, -1164(t5)
core   0: 3 0x8000d490 (0xb63f2a23) mem 0x80010000 0x00000001
core   0: 0x8000d494 (0xff9ff06f) j       pc - 0x8
core   0: 3 0x8000d494 (0xff9ff06f)
core   0: 0x8000d48c (0x00003f17) auipc   t5, 0x3
core   0: 3 0x8000d48c (0x00003f17) x30 0x8001048c
core   0: 0x8000d490 (0xb63f2a23) sw      gp, -1164(t5)
core   0: 3 0x8000d490 (0xb63f2a23) mem 0x80010000 0x00000001
core   0: 0x8000d494 (0xff9ff06f) j       pc - 0x8
core   0: 3 0x8000d494 (0xff9ff06f)
core   0: 0x8000d48c (0x00003f17) auipc   t5, 0x3
core   0: 3 0x8000d48c (0x00003f17) x30 0x8001048c
core   0: 0x8000d490 (0xb63f2a23) sw      gp, -1164(t5)
core   0: 3 0x8000d490 (0xb63f2a23) mem 0x80010000 0x00000001
core   0: 0x8000d494 (0xff9ff06f) j       pc - 0x8
core   0: 3 0x8000d494 (0xff9ff06f)
core   0: 0x8000d48c (0x00003f17) auipc   t5, 0x3
core   0: 3 0x8000d48c (0x00003f17) x30 0x8001048c
core   0: 0x8000d490 (0xb63f2a23) sw      gp, -1164(t5)
core   0: 3 0x8000d490 (0xb63f2a23) mem 0x80010000 0x00000001
core   0: 0x8000d494 (0xff9ff06f) j       pc - 0x8
core   0: 3 0x8000d494 (0xff9ff06f)
core   0: 0x8000d48c (0x00003f17) auipc   t5, 0x3
core   0: 3 0x8000d48c (0x00003f17) x30 0x8001048c
core   0: 0x8000d490 (0xb63f2a23) sw      gp, -1164(t5)
core   0: 3 0x8000d490 (0xb63f2a23) mem 0x80010000 0x00000001
core   0: 0x8000d494 (0xff9ff06f) j       pc - 0x8
core   0: 3 0x8000d494 (0xff9ff06f)
core   0: 0x8000d48c (0x00003f17) auipc   t5, 0x3
core   0: 3 0x8000d48c (0x00003f17) x30 0x8001048c
core   0: 0x8000d490 (0xb63f2a23) sw      gp, -1164(t5)
core   0: 3 0x8000d490 (0xb63f2a23) mem 0x80010000 0x00000001
core   0: 0x8000d494 (0xff9ff06f) j       pc - 0x8
core   0: 3 0x8000d494 (0xff9ff06f)
core   0: 0x8000d48c (0x00003f17) auipc   t5, 0x3
core   0: 3 0x8000d48c (0x00003f17) x30 0x8001048c
core   0: 0x8000d490 (0xb63f2a23) sw      gp, -1164(t5)
core   0: 3 0x8000d490 (0xb63f2a23) mem 0x80010000 0x00000001
core   0: 0x8000d494 (0xff9ff06f) j       pc - 0x8
core   0: 3 0x8000d494 (0xff9ff06f)
core   0: 0x8000d48c (0x00003f17) auipc   t5, 0x3
core   0: 3 0x8000d48c (0x00003f17) x30 0x8001048c
core   0: 0x8000d490 (0xb63f2a23) sw      gp, -1164(t5)
core   0: 3 0x8000d490 (0xb63f2a23) mem 0x80010000 0x00000001
core   0: 0x8000d494 (0xff9ff06f) j       pc - 0x8
core   0: 3 0x8000d494 (0xff9ff06f)
core   0: 0x8000d48c (0x00003f17) auipc   t5, 0x3
core   0: 3 0x8000d48c (0x00003f17) x30 0x8001048c
core   0: 0x8000d490 (0xb63f2a23) sw      gp, -1164(t5)
core   0: 3 0x8000d490 (0xb63f2a23) mem 0x80010000 0x00000001
core   0: 0x8000d494 (0xff9ff06f) j       pc - 0x8
core   0: 3 0x8000d494 (0xff9ff06f)
core   0: 0x8000d48c (0x00003f17) auipc   t5, 0x3
core   0: 3 0x8000d48c (0x00003f17) x30 0x8001048c
core   0: 0x8000d490 (0xb63f2a23) sw      gp, -1164(t5)
core   0: 3 0x8000d490 (0xb63f2a23) mem 0x80010000 0x00000001
core   0: 0x8000d494 (0xff9ff06f) j       pc - 0x8
core   0: 3 0x8000d494 (0xff9ff06f)
core   0: 0x8000d48c (0x00003f17) auipc   t5, 0x3
core   0: 3 0x8000d48c (0x00003f17) x30 0x8001048c
core   0: 0x8000d490 (0xb63f2a23) sw      gp, -1164(t5)
core   0: 3 0x8000d490 (0xb63f2a23) mem 0x80010000 0x00000001
core   0: 0x8000d494 (0xff9ff06f) j       pc - 0x8
core   0: 3 0x8000d494 (0xff9ff06f)
core   0: 0x8000d48c (0x00003f17) auipc   t5, 0x3
core   0: 3 0x8000d48c (0x00003f17) x30 0x8001048c
core   0: 0x8000d490 (0xb63f2a23) sw      gp, -1164(t5)
core   0: 3 0x8000d490 (0xb63f2a23) mem 0x80010000 0x00000001
core   0: 0x8000d494 (0xff9ff06f) j       pc - 0x8
core   0: 3 0x8000d494 (0xff9ff06f)
core   0: 0x8000d48c (0x00003f17) auipc   t5, 0x3
core   0: 3 0x8000d48c (0x00003f17) x30 0x8001048c
core   0: 0x8000d490 (0xb63f2a23) sw      gp, -1164(t5)
core   0: 3 0x8000d490 (0xb63f2a23) mem 0x80010000 0x00000001
core   0: 0x8000d494 (0xff9ff06f) j       pc - 0x8
core   0: 3 0x8000d494 (0xff9ff06f)
core   0: 0x8000d48c (0x00003f17) auipc   t5, 0x3
core   0: 3 0x8000d48c (0x00003f17) x30 0x8001048c
core   0: 0x8000d490 (0xb63f2a23) sw      gp, -1164(t5)
core   0: 3 0x8000d490 (0xb63f2a23) mem 0x80010000 0x00000001
core   0: 0x8000d494 (0xff9ff06f) j       pc - 0x8
core   0: 3 0x8000d494 (0xff9ff06f)
core   0: 0x8000d48c (0x00003f17) auipc   t5, 0x3
core   0: 3 0x8000d48c (0x00003f17) x30 0x8001048c
core   0: 0x8000d490 (0xb63f2a23) sw      gp, -1164(t5)
core   0: 3 0x8000d490 (0xb63f2a23) mem 0x80010000 0x00000001
core   0: 0x8000d494 (0xff9ff06f) j       pc - 0x8
core   0: 3 0x8000d494 (0xff9ff06f)
core   0: 0x8000d48c (0x00003f17) auipc   t5, 0x3
core   0: 3 0x8000d48c (0x00003f17) x30 0x8001048c
core   0: 0x8000d490 (0xb63f2a23) sw      gp, -1164(t5)
core   0: 3 0x8000d490 (0xb63f2a23) mem 0x80010000 0x00000001
core   0: 0x8000d494 (0xff9ff06f) j       pc - 0x8
core   0: 3 0x8000d494 (0xff9ff06f)
core   0: 0x8000d48c (0x00003f17) auipc   t5, 0x3
core   0: 3 0x8000d48c (0x00003f17) x30 0x8001048c
core   0: 0x8000d490 (0xb63f2a23) sw      gp, -1164(t5)
core   0: 3 0x8000d490 (0xb63f2a23) mem 0x80010000 0x00000001
core   0: 0x8000d494 (0xff9ff06f) j       pc - 0x8
core   0: 3 0x8000d494 (0xff9ff06f)
core   0: 0x8000d48c (0x00003f17) auipc   t5, 0x3
core   0: 3 0x8000d48c (0x00003f17) x30 0x8001048c
core   0: 0x8000d490 (0xb63f2a23) sw      gp, -1164(t5)
core   0: 3 0x8000d490 (0xb63f2a23) mem 0x80010000 0x00000001
core   0: 0x8000d494 (0xff9ff06f) j       pc - 0x8
core   0: 3 0x8000d494 (0xff9ff06f)
core   0: 0x8000d48c (0x00003f17) auipc   t5, 0x3
core   0: 3 0x8000d48c (0x00003f17) x30 0x8001048c
core   0: 0x8000d490 (0xb63f2a23) sw      gp, -1164(t5)
core   0: 3 0x8000d490 (0xb63f2a23) mem 0x80010000 0x00000001
core   0: 0x8000d494 (0xff9ff06f) j       pc - 0x8
core   0: 3 0x8000d494 (0xff9ff06f)
core   0: 0x8000d48c (0x00003f17) auipc   t5, 0x3
core   0: 3 0x8000d48c (0x00003f17) x30 0x8001048c
core   0: 0x8000d490 (0xb63f2a23) sw      gp, -1164(t5)
core   0: 3 0x8000d490 (0xb63f2a23) mem 0x80010000 0x00000001
core   0: 0x8000d494 (0xff9ff06f) j       pc - 0x8
core   0: 3 0x8000d494 (0xff9ff06f)
core   0: 0x8000d48c (0x00003f17) auipc   t5, 0x3
core   0: 3 0x8000d48c (0x00003f17) x30 0x8001048c
core   0: 0x8000d490 (0xb63f2a23) sw      gp, -1164(t5)
core   0: 3 0x8000d490 (0xb63f2a23) mem 0x80010000 0x00000001
core   0: 0x8000d494 (0xff9ff06f) j       pc - 0x8
core   0: 3 0x8000d494 (0xff9ff06f)
core   0: 0x8000d48c (0x00003f17) auipc   t5, 0x3
core   0: 3 0x8000d48c (0x00003f17) x30 0x8001048c
core   0: 0x8000d490 (0xb63f2a23) sw      gp, -1164(t5)
core   0: 3 0x8000d490 (0xb63f2a23) mem 0x80010000 0x00000001
core   0: 0x8000d494 (0xff9ff06f) j       pc - 0x8
core   0: 3 0x8000d494 (0xff9ff06f)
core   0: 0x8000d48c (0x00003f17) auipc   t5, 0x3
core   0: 3 0x8000d48c (0x00003f17) x30 0x8001048c
core   0: 0x8000d490 (0xb63f2a23) sw      gp, -1164(t5)
core   0: 3 0x8000d490 (0xb63f2a23) mem 0x80010000 0x00000001
core   0: 0x8000d494 (0xff9ff06f) j       pc - 0x8
core   0: 3 0x8000d494 (0xff9ff06f)
core   0: 0x8000d48c (0x00003f17) auipc   t5, 0x3
core   0: 3 0x8000d48c (0x00003f17) x30 0x8001048c
core   0: 0x8000d490 (0xb63f2a23) sw      gp, -1164(t5)
core   0: 3 0x8000d490 (0xb63f2a23) mem 0x80010000 0x00000001
core   0: 0x8000d494 (0xff9ff06f) j       pc - 0x8
core   0: 3 0x8000d494 (0xff9ff06f)
core   0: 0x8000d48c (0x00003f17) auipc   t5, 0x3
core   0: 3 0x8000d48c (0x00003f17) x30 0x8001048c
core   0: 0x8000d490 (0xb63f2a23) sw      gp, -1164(t5)
core   0: 3 0x8000d490 (0xb63f2a23) mem 0x80010000 0x00000001
core   0: 0x8000d494 (0xff9ff06f) j       pc - 0x8
core   0: 3 0x8000d494 (0xff9ff06f)
core   0: 0x8000d48c (0x00003f17) auipc   t5, 0x3
core   0: 3 0x8000d48c (0x00003f17) x30 0x8001048c
core   0: 0x8000d490 (0xb63f2a23) sw      gp, -1164(t5)
core   0: 3 0x8000d490 (0xb63f2a23) mem 0x80010000 0x00000001
core   0: 0x8000d494 (0xff9ff06f) j       pc - 0x8
core   0: 3 0x8000d494 (0xff9ff06f)
core   0: 0x8000d48c (0x00003f17) auipc   t5, 0x3
core   0: 3 0x8000d48c (0x00003f17) x30 0x8001048c
core   0: 0x8000d490 (0xb63f2a23) sw      gp, -1164(t5)
core   0: 3 0x8000d490 (0xb63f2a23) mem 0x80010000 0x00000001
core   0: 0x8000d494 (0xff9ff06f) j       pc - 0x8
core   0: 3 0x8000d494 (0xff9ff06f)
core   0: 0x8000d48c (0x00003f17) auipc   t5, 0x3
core   0: 3 0x8000d48c (0x00003f17) x30 0x8001048c
core   0: 0x8000d490 (0xb63f2a23) sw      gp, -1164(t5)
core   0: 3 0x8000d490 (0xb63f2a23) mem 0x80010000 0x00000001
core   0: 0x8000d494 (0xff9ff06f) j       pc - 0x8
core   0: 3 0x8000d494 (0xff9ff06f)
core   0: 0x8000d48c (0x00003f17) auipc   t5, 0x3
core   0: 3 0x8000d48c (0x00003f17) x30 0x8001048c
core   0: 0x8000d490 (0xb63f2a23) sw      gp, -1164(t5)
core   0: 3 0x8000d490 (0xb63f2a23) mem 0x80010000 0x00000001
core   0: 0x8000d494 (0xff9ff06f) j       pc - 0x8
core   0: 3 0x8000d494 (0xff9ff06f)
core   0: 0x8000d48c (0x00003f17) auipc   t5, 0x3
core   0: 3 0x8000d48c (0x00003f17) x30 0x8001048c
core   0: 0x8000d490 (0xb63f2a23) sw      gp, -1164(t5)
core   0: 3 0x8000d490 (0xb63f2a23) mem 0x80010000 0x00000001
core   0: 0x8000d494 (0xff9ff06f) j       pc - 0x8
core   0: 3 0x8000d494 (0xff9ff06f)
core   0: 0x8000d48c (0x00003f17) auipc   t5, 0x3
core   0: 3 0x8000d48c (0x00003f17) x30 0x8001048c
core   0: 0x8000d490 (0xb63f2a23) sw      gp, -1164(t5)
core   0: 3 0x8000d490 (0xb63f2a23) mem 0x80010000 0x00000001
core   0: 0x8000d494 (0xff9ff06f) j       pc - 0x8
core   0: 3 0x8000d494 (0xff9ff06f)
core   0: 0x8000d48c (0x00003f17) auipc   t5, 0x3
core   0: 3 0x8000d48c (0x00003f17) x30 0x8001048c
core   0: 0x8000d490 (0xb63f2a23) sw      gp, -1164(t5)
core   0: 3 0x8000d490 (0xb63f2a23) mem 0x80010000 0x00000001
core   0: 0x8000d494 (0xff9ff06f) j       pc - 0x8
core   0: 3 0x8000d494 (0xff9ff06f)
core   0: 0x8000d48c (0x00003f17) auipc   t5, 0x3
core   0: 3 0x8000d48c (0x00003f17) x30 0x8001048c
core   0: 0x8000d490 (0xb63f2a23) sw      gp, -1164(t5)
core   0: 3 0x8000d490 (0xb63f2a23) mem 0x80010000 0x00000001
core   0: 0x8000d494 (0xff9ff06f) j       pc - 0x8
core   0: 3 0x8000d494 (0xff9ff06f)
core   0: 0x8000d48c (0x00003f17) auipc   t5, 0x3
core   0: 3 0x8000d48c (0x00003f17) x30 0x8001048c
core   0: 0x8000d490 (0xb63f2a23) sw      gp, -1164(t5)
core   0: 3 0x8000d490 (0xb63f2a23) mem 0x80010000 0x00000001
core   0: 0x8000d494 (0xff9ff06f) j       pc - 0x8
core   0: 3 0x8000d494 (0xff9ff06f)
core   0: 0x8000d48c (0x00003f17) auipc   t5, 0x3
core   0: 3 0x8000d48c (0x00003f17) x30 0x8001048c
core   0: 0x8000d490 (0xb63f2a23) sw      gp, -1164(t5)
core   0: 3 0x8000d490 (0xb63f2a23) mem 0x80010000 0x00000001
core   0: 0x8000d494 (0xff9ff06f) j       pc - 0x8
core   0: 3 0x8000d494 (0xff9ff06f)
core   0: 0x8000d48c (0x00003f17) auipc   t5, 0x3
core   0: 3 0x8000d48c (0x00003f17) x30 0x8001048c
core   0: 0x8000d490 (0xb63f2a23) sw      gp, -1164(t5)
core   0: 3 0x8000d490 (0xb63f2a23) mem 0x80010000 0x00000001
core   0: 0x8000d494 (0xff9ff06f) j       pc - 0x8
core   0: 3 0x8000d494 (0xff9ff06f)
core   0: 0x8000d48c (0x00003f17) auipc   t5, 0x3
core   0: 3 0x8000d48c (0x00003f17) x30 0x8001048c
core   0: 0x8000d490 (0xb63f2a23) sw      gp, -1164(t5)
core   0: 3 0x8000d490 (0xb63f2a23) mem 0x80010000 0x00000001
core   0: 0x8000d494 (0xff9ff06f) j       pc - 0x8
core   0: 3 0x8000d494 (0xff9ff06f)
core   0: 0x8000d48c (0x00003f17) auipc   t5, 0x3
core   0: 3 0x8000d48c (0x00003f17) x30 0x8001048c
core   0: 0x8000d490 (0xb63f2a23) sw      gp, -1164(t5)
core   0: 3 0x8000d490 (0xb63f2a23) mem 0x80010000 0x00000001
core   0: 0x8000d494 (0xff9ff06f) j       pc - 0x8
core   0: 3 0x8000d494 (0xff9ff06f)
core   0: 0x8000d48c (0x00003f17) auipc   t5, 0x3
core   0: 3 0x8000d48c (0x00003f17) x30 0x8001048c
core   0: 0x8000d490 (0xb63f2a23) sw      gp, -1164(t5)
core   0: 3 0x8000d490 (0xb63f2a23) mem 0x80010000 0x00000001
core   0: 0x8000d494 (0xff9ff06f) j       pc - 0x8
core   0: 3 0x8000d494 (0xff9ff06f)
core   0: 0x8000d48c (0x00003f17) auipc   t5, 0x3
core   0: 3 0x8000d48c (0x00003f17) x30 0x8001048c
core   0: 0x8000d490 (0xb63f2a23) sw      gp, -1164(t5)
core   0: 3 0x8000d490 (0xb63f2a23) mem 0x80010000 0x00000001
core   0: 0x8000d494 (0xff9ff06f) j       pc - 0x8
core   0: 3 0x8000d494 (0xff9ff06f)
core   0: 0x8000d48c (0x00003f17) auipc   t5, 0x3
core   0: 3 0x8000d48c (0x00003f17) x30 0x8001048c
core   0: 0x8000d490 (0xb63f2a23) sw      gp, -1164(t5)
core   0: 3 0x8000d490 (0xb63f2a23) mem 0x80010000 0x00000001
core   0: 0x8000d494 (0xff9ff06f) j       pc - 0x8
core   0: 3 0x8000d494 (0xff9ff06f)
core   0: 0x8000d48c (0x00003f17) auipc   t5, 0x3
core   0: 3 0x8000d48c (0x00003f17) x30 0x8001048c
core   0: 0x8000d490 (0xb63f2a23) sw      gp, -1164(t5)
core   0: 3 0x8000d490 (0xb63f2a23) mem 0x80010000 0x00000001
core   0: 0x8000d494 (0xff9ff06f) j       pc - 0x8
core   0: 3 0x8000d494 (0xff9ff06f)
core   0: 0x8000d48c (0x00003f17) auipc   t5, 0x3
core   0: 3 0x8000d48c (0x00003f17) x30 0x8001048c
core   0: 0x8000d490 (0xb63f2a23) sw      gp, -1164(t5)
core   0: 3 0x8000d490 (0xb63f2a23) mem 0x80010000 0x00000001
core   0: 0x8000d494 (0xff9ff06f) j       pc - 0x8
core   0: 3 0x8000d494 (0xff9ff06f)
core   0: 0x8000d48c (0x00003f17) auipc   t5, 0x3
core   0: 3 0x8000d48c (0x00003f17) x30 0x8001048c
core   0: 0x8000d490 (0xb63f2a23) sw      gp, -1164(t5)
core   0: 3 0x8000d490 (0xb63f2a23) mem 0x80010000 0x00000001
core   0: 0x8000d494 (0xff9ff06f) j       pc - 0x8
core   0: 3 0x8000d494 (0xff9ff06f)
core   0: 0x8000d48c (0x00003f17) auipc   t5, 0x3
core   0: 3 0x8000d48c (0x00003f17) x30 0x8001048c
core   0: 0x8000d490 (0xb63f2a23) sw      gp, -1164(t5)
core   0: 3 0x8000d490 (0xb63f2a23) mem 0x80010000 0x00000001
core   0: 0x8000d494 (0xff9ff06f) j       pc - 0x8
core   0: 3 0x8000d494 (0xff9ff06f)
core   0: 0x8000d48c (0x00003f17) auipc   t5, 0x3
core   0: 3 0x8000d48c (0x00003f17) x30 0x8001048c
core   0: 0x8000d490 (0xb63f2a23) sw      gp, -1164(t5)
core   0: 3 0x8000d490 (0xb63f2a23) mem 0x80010000 0x00000001
core   0: 0x8000d494 (0xff9ff06f) j       pc - 0x8
core   0: 3 0x8000d494 (0xff9ff06f)
core   0: 0x8000d48c (0x00003f17) auipc   t5, 0x3
core   0: 3 0x8000d48c (0x00003f17) x30 0x8001048c
core   0: 0x8000d490 (0xb63f2a23) sw      gp, -1164(t5)
core   0: 3 0x8000d490 (0xb63f2a23) mem 0x80010000 0x00000001
core   0: 0x8000d494 (0xff9ff06f) j       pc - 0x8
core   0: 3 0x8000d494 (0xff9ff06f)
core   0: 0x8000d48c (0x00003f17) auipc   t5, 0x3
core   0: 3 0x8000d48c (0x00003f17) x30 0x8001048c
core   0: 0x8000d490 (0xb63f2a23) sw      gp, -1164(t5)
core   0: 3 0x8000d490 (0xb63f2a23) mem 0x80010000 0x00000001
core   0: 0x8000d494 (0xff9ff06f) j       pc - 0x8
core   0: 3 0x8000d494 (0xff9ff06f)
core   0: 0x8000d48c (0x00003f17) auipc   t5, 0x3
core   0: 3 0x8000d48c (0x00003f17) x30 0x8001048c
core   0: 0x8000d490 (0xb63f2a23) sw      gp, -1164(t5)
core   0: 3 0x8000d490 (0xb63f2a23) mem 0x80010000 0x00000001
core   0: 0x8000d494 (0xff9ff06f) j       pc - 0x8
core   0: 3 0x8000d494 (0xff9ff06f)
core   0: 0x8000d48c (0x00003f17) auipc   t5, 0x3
core   0: 3 0x8000d48c (0x00003f17) x30 0x8001048c
core   0: 0x8000d490 (0xb63f2a23) sw      gp, -1164(t5)
core   0: 3 0x8000d490 (0xb63f2a23) mem 0x80010000 0x00000001
core   0: 0x8000d494 (0xff9ff06f) j       pc - 0x8
core   0: 3 0x8000d494 (0xff9ff06f)
core   0: 0x8000d48c (0x00003f17) auipc   t5, 0x3
core   0: 3 0x8000d48c (0x00003f17) x30 0x8001048c
core   0: 0x8000d490 (0xb63f2a23) sw      gp, -1164(t5)
core   0: 3 0x8000d490 (0xb63f2a23) mem 0x80010000 0x00000001
core   0: 0x8000d494 (0xff9ff06f) j       pc - 0x8
core   0: 3 0x8000d494 (0xff9ff06f)
core   0: 0x8000d48c (0x00003f17) auipc   t5, 0x3
core   0: 3 0x8000d48c (0x00003f17) x30 0x8001048c
core   0: 0x8000d490 (0xb63f2a23) sw      gp, -1164(t5)
core   0: 3 0x8000d490 (0xb63f2a23) mem 0x80010000 0x00000001
core   0: 0x8000d494 (0xff9ff06f) j       pc - 0x8
core   0: 3 0x8000d494 (0xff9ff06f)
core   0: 0x8000d48c (0x00003f17) auipc   t5, 0x3
core   0: 3 0x8000d48c (0x00003f17) x30 0x8001048c
core   0: 0x8000d490 (0xb63f2a23) sw      gp, -1164(t5)
core   0: 3 0x8000d490 (0xb63f2a23) mem 0x80010000 0x00000001
core   0: 0x8000d494 (0xff9ff06f) j       pc - 0x8
core   0: 3 0x8000d494 (0xff9ff06f)
core   0: 0x8000d48c (0x00003f17) auipc   t5, 0x3
core   0: 3 0x8000d48c (0x00003f17) x30 0x8001048c
core   0: 0x8000d490 (0xb63f2a23) sw      gp, -1164(t5)
core   0: 3 0x8000d490 (0xb63f2a23) mem 0x80010000 0x00000001
core   0: 0x8000d494 (0xff9ff06f) j       pc - 0x8
core   0: 3 0x8000d494 (0xff9ff06f)
core   0: 0x8000d48c (0x00003f17) auipc   t5, 0x3
core   0: 3 0x8000d48c (0x00003f17) x30 0x8001048c
core   0: 0x8000d490 (0xb63f2a23) sw      gp, -1164(t5)
core   0: 3 0x8000d490 (0xb63f2a23) mem 0x80010000 0x00000001
core   0: 0x8000d494 (0xff9ff06f) j       pc - 0x8
core   0: 3 0x8000d494 (0xff9ff06f)
core   0: 0x8000d48c (0x00003f17) auipc   t5, 0x3
core   0: 3 0x8000d48c (0x00003f17) x30 0x8001048c
core   0: 0x8000d490 (0xb63f2a23) sw      gp, -1164(t5)
core   0: 3 0x8000d490 (0xb63f2a23) mem 0x80010000 0x00000001
core   0: 0x8000d494 (0xff9ff06f) j       pc - 0x8
core   0: 3 0x8000d494 (0xff9ff06f)
core   0: 0x8000d48c (0x00003f17) auipc   t5, 0x3
core   0: 3 0x8000d48c (0x00003f17) x30 0x8001048c
core   0: 0x8000d490 (0xb63f2a23) sw      gp, -1164(t5)
core   0: 3 0x8000d490 (0xb63f2a23) mem 0x80010000 0x00000001
core   0: 0x8000d494 (0xff9ff06f) j       pc - 0x8
core   0: 3 0x8000d494 (0xff9ff06f)
core   0: 0x8000d48c (0x00003f17) auipc   t5, 0x3
core   0: 3 0x8000d48c (0x00003f17) x30 0x8001048c
core   0: 0x8000d490 (0xb63f2a23) sw      gp, -1164(t5)
core   0: 3 0x8000d490 (0xb63f2a23) mem 0x80010000 0x00000001
core   0: 0x8000d494 (0xff9ff06f) j       pc - 0x8
core   0: 3 0x8000d494 (0xff9ff06f)
core   0: 0x8000d48c (0x00003f17) auipc   t5, 0x3
core   0: 3 0x8000d48c (0x00003f17) x30 0x8001048c
core   0: 0x8000d490 (0xb63f2a23) sw      gp, -1164(t5)
core   0: 3 0x8000d490 (0xb63f2a23) mem 0x80010000 0x00000001
core   0: 0x8000d494 (0xff9ff06f) j       pc - 0x8
core   0: 3 0x8000d494 (0xff9ff06f)
core   0: 0x8000d48c (0x00003f17) auipc   t5, 0x3
core   0: 3 0x8000d48c (0x00003f17) x30 0x8001048c
core   0: 0x8000d490 (0xb63f2a23) sw      gp, -1164(t5)
core   0: 3 0x8000d490 (0xb63f2a23) mem 0x80010000 0x00000001
core   0: 0x8000d494 (0xff9ff06f) j       pc - 0x8
core   0: 3 0x8000d494 (0xff9ff06f)
core   0: 0x8000d48c (0x00003f17) auipc   t5, 0x3
core   0: 3 0x8000d48c (0x00003f17) x30 0x8001048c
core   0: 0x8000d490 (0xb63f2a23) sw      gp, -1164(t5)
core   0: 3 0x8000d490 (0xb63f2a23) mem 0x80010000 0x00000001
core   0: 0x8000d494 (0xff9ff06f) j       pc - 0x8
core   0: 3 0x8000d494 (0xff9ff06f)
core   0: 0x8000d48c (0x00003f17) auipc   t5, 0x3
core   0: 3 0x8000d48c (0x00003f17) x30 0x8001048c
core   0: 0x8000d490 (0xb63f2a23) sw      gp, -1164(t5)
core   0: 3 0x8000d490 (0xb63f2a23) mem 0x80010000 0x00000001
core   0: 0x8000d494 (0xff9ff06f) j       pc - 0x8
core   0: 3 0x8000d494 (0xff9ff06f)
core   0: 0x8000d48c (0x00003f17) auipc   t5, 0x3
core   0: 3 0x8000d48c (0x00003f17) x30 0x8001048c
core   0: 0x8000d490 (0xb63f2a23) sw      gp, -1164(t5)
core   0: 3 0x8000d490 (0xb63f2a23) mem 0x80010000 0x00000001
core   0: 0x8000d494 (0xff9ff06f) j       pc - 0x8
core   0: 3 0x8000d494 (0xff9ff06f)
core   0: 0x8000d48c (0x00003f17) auipc   t5, 0x3
core   0: 3 0x8000d48c (0x00003f17) x30 0x8001048c
core   0: 0x8000d490 (0xb63f2a23) sw      gp, -1164(t5)
core   0: 3 0x8000d490 (0xb63f2a23) mem 0x80010000 0x00000001
core   0: 0x8000d494 (0xff9ff06f) j       pc - 0x8
core   0: 3 0x8000d494 (0xff9ff06f)
core   0: 0x8000d48c (0x00003f17) auipc   t5, 0x3
core   0: 3 0x8000d48c (0x00003f17) x30 0x8001048c
core   0: 0x8000d490 (0xb63f2a23) sw      gp, -1164(t5)
core   0: 3 0x8000d490 (0xb63f2a23) mem 0x80010000 0x00000001
core   0: 0x8000d494 (0xff9ff06f) j       pc - 0x8
core   0: 3 0x8000d494 (0xff9ff06f)
core   0: 0x8000d48c (0x00003f17) auipc   t5, 0x3
core   0: 3 0x8000d48c (0x00003f17) x30 0x8001048c
core   0: 0x8000d490 (0xb63f2a23) sw      gp, -1164(t5)
core   0: 3 0x8000d490 (0xb63f2a23) mem 0x80010000 0x00000001
core   0: 0x8000d494 (0xff9ff06f) j       pc - 0x8
core   0: 3 0x8000d494 (0xff9ff06f)
core   0: 0x8000d48c (0x00003f17) auipc   t5, 0x3
core   0: 3 0x8000d48c (0x00003f17) x30 0x8001048c
core   0: 0x8000d490 (0xb63f2a23) sw      gp, -1164(t5)
core   0: 3 0x8000d490 (0xb63f2a23) mem 0x80010000 0x00000001
core   0: 0x8000d494 (0xff9ff06f) j       pc - 0x8
core   0: 3 0x8000d494 (0xff9ff06f)
core   0: 0x8000d48c (0x00003f17) auipc   t5, 0x3
core   0: 3 0x8000d48c (0x00003f17) x30 0x8001048c
core   0: 0x8000d490 (0xb63f2a23) sw      gp, -1164(t5)
core   0: 3 0x8000d490 (0xb63f2a23) mem 0x80010000 0x00000001
core   0: 0x8000d494 (0xff9ff06f) j       pc - 0x8
core   0: 3 0x8000d494 (0xff9ff06f)
core   0: 0x8000d48c (0x00003f17) auipc   t5, 0x3
core   0: 3 0x8000d48c (0x00003f17) x30 0x8001048c
core   0: 0x8000d490 (0xb63f2a23) sw      gp, -1164(t5)
core   0: 3 0x8000d490 (0xb63f2a23) mem 0x80010000 0x00000001
core   0: 0x8000d494 (0xff9ff06f) j       pc - 0x8
core   0: 3 0x8000d494 (0xff9ff06f)
core   0: 0x8000d48c (0x00003f17) auipc   t5, 0x3
core   0: 3 0x8000d48c (0x00003f17) x30 0x8001048c
core   0: 0x8000d490 (0xb63f2a23) sw      gp, -1164(t5)
core   0: 3 0x8000d490 (0xb63f2a23) mem 0x80010000 0x00000001
core   0: 0x8000d494 (0xff9ff06f) j       pc - 0x8
core   0: 3 0x8000d494 (0xff9ff06f)
core   0: 0x8000d48c (0x00003f17) auipc   t5, 0x3
core   0: 3 0x8000d48c (0x00003f17) x30 0x8001048c
core   0: 0x8000d490 (0xb63f2a23) sw      gp, -1164(t5)
core   0: 3 0x8000d490 (0xb63f2a23) mem 0x80010000 0x00000001
core   0: 0x8000d494 (0xff9ff06f) j       pc - 0x8
core   0: 3 0x8000d494 (0xff9ff06f)
core   0: 0x8000d48c (0x00003f17) auipc   t5, 0x3
core   0: 3 0x8000d48c (0x00003f17) x30 0x8001048c
core   0: 0x8000d490 (0xb63f2a23) sw      gp, -1164(t5)
core   0: 3 0x8000d490 (0xb63f2a23) mem 0x80010000 0x00000001
core   0: 0x8000d494 (0xff9ff06f) j       pc - 0x8
core   0: 3 0x8000d494 (0xff9ff06f)
core   0: 0x8000d48c (0x00003f17) auipc   t5, 0x3
core   0: 3 0x8000d48c (0x00003f17) x30 0x8001048c
core   0: 0x8000d490 (0xb63f2a23) sw      gp, -1164(t5)
core   0: 3 0x8000d490 (0xb63f2a23) mem 0x80010000 0x00000001
core   0: 0x8000d494 (0xff9ff06f) j       pc - 0x8
core   0: 3 0x8000d494 (0xff9ff06f)
core   0: 0x8000d48c (0x00003f17) auipc   t5, 0x3
core   0: 3 0x8000d48c (0x00003f17) x30 0x8001048c
core   0: 0x8000d490 (0xb63f2a23) sw      gp, -1164(t5)
core   0: 3 0x8000d490 (0xb63f2a23) mem 0x80010000 0x00000001
core   0: 0x8000d494 (0xff9ff06f) j       pc - 0x8
core   0: 3 0x8000d494 (0xff9ff06f)
core   0: 0x8000d48c (0x00003f17) auipc   t5, 0x3
core   0: 3 0x8000d48c (0x00003f17) x30 0x8001048c
core   0: 0x8000d490 (0xb63f2a23) sw      gp, -1164(t5)
core   0: 3 0x8000d490 (0xb63f2a23) mem 0x80010000 0x00000001
core   0: 0x8000d494 (0xff9ff06f) j       pc - 0x8
core   0: 3 0x8000d494 (0xff9ff06f)
core   0: 0x8000d48c (0x00003f17) auipc   t5, 0x3
core   0: 3 0x8000d48c (0x00003f17) x30 0x8001048c
core   0: 0x8000d490 (0xb63f2a23) sw      gp, -1164(t5)
core   0: 3 0x8000d490 (0xb63f2a23) mem 0x80010000 0x00000001
core   0: 0x8000d494 (0xff9ff06f) j       pc - 0x8
core   0: 3 0x8000d494 (0xff9ff06f)
core   0: 0x8000d48c (0x00003f17) auipc   t5, 0x3
core   0: 3 0x8000d48c (0x00003f17) x30 0x8001048c
core   0: 0x8000d490 (0xb63f2a23) sw      gp, -1164(t5)
core   0: 3 0x8000d490 (0xb63f2a23) mem 0x80010000 0x00000001
core   0: 0x8000d494 (0xff9ff06f) j       pc - 0x8
core   0: 3 0x8000d494 (0xff9ff06f)
core   0: 0x8000d48c (0x00003f17) auipc   t5, 0x3
core   0: 3 0x8000d48c (0x00003f17) x30 0x8001048c
core   0: 0x8000d490 (0xb63f2a23) sw      gp, -1164(t5)
core   0: 3 0x8000d490 (0xb63f2a23) mem 0x80010000 0x00000001
core   0: 0x8000d494 (0xff9ff06f) j       pc - 0x8
core   0: 3 0x8000d494 (0xff9ff06f)
core   0: 0x8000d48c (0x00003f17) auipc   t5, 0x3
core   0: 3 0x8000d48c (0x00003f17) x30 0x8001048c
core   0: 0x8000d490 (0xb63f2a23) sw      gp, -1164(t5)
core   0: 3 0x8000d490 (0xb63f2a23) mem 0x80010000 0x00000001
core   0: 0x8000d494 (0xff9ff06f) j       pc - 0x8
core   0: 3 0x8000d494 (0xff9ff06f)
core   0: 0x8000d48c (0x00003f17) auipc   t5, 0x3
core   0: 3 0x8000d48c (0x00003f17) x30 0x8001048c
core   0: 0x8000d490 (0xb63f2a23) sw      gp, -1164(t5)
core   0: 3 0x8000d490 (0xb63f2a23) mem 0x80010000 0x00000001
core   0: 0x8000d494 (0xff9ff06f) j       pc - 0x8
core   0: 3 0x8000d494 (0xff9ff06f)
core   0: 0x8000d48c (0x00003f17) auipc   t5, 0x3
core   0: 3 0x8000d48c (0x00003f17) x30 0x8001048c
core   0: 0x8000d490 (0xb63f2a23) sw      gp, -1164(t5)
core   0: 3 0x8000d490 (0xb63f2a23) mem 0x80010000 0x00000001
core   0: 0x8000d494 (0xff9ff06f) j       pc - 0x8
core   0: 3 0x8000d494 (0xff9ff06f)
core   0: 0x8000d48c (0x00003f17) auipc   t5, 0x3
core   0: 3 0x8000d48c (0x00003f17) x30 0x8001048c
core   0: 0x8000d490 (0xb63f2a23) sw      gp, -1164(t5)
core   0: 3 0x8000d490 (0xb63f2a23) mem 0x80010000 0x00000001
core   0: 0x8000d494 (0xff9ff06f) j       pc - 0x8
core   0: 3 0x8000d494 (0xff9ff06f)
core   0: 0x8000d48c (0x00003f17) auipc   t5, 0x3
core   0: 3 0x8000d48c (0x00003f17) x30 0x8001048c
core   0: 0x8000d490 (0xb63f2a23) sw      gp, -1164(t5)
core   0: 3 0x8000d490 (0xb63f2a23) mem 0x80010000 0x00000001
core   0: 0x8000d494 (0xff9ff06f) j       pc - 0x8
core   0: 3 0x8000d494 (0xff9ff06f)
core   0: 0x8000d48c (0x00003f17) auipc   t5, 0x3
core   0: 3 0x8000d48c (0x00003f17) x30 0x8001048c
core   0: 0x8000d490 (0xb63f2a23) sw      gp, -1164(t5)
core   0: 3 0x8000d490 (0xb63f2a23) mem 0x80010000 0x00000001
core   0: 0x8000d494 (0xff9ff06f) j       pc - 0x8
core   0: 3 0x8000d494 (0xff9ff06f)
core   0: 0x8000d48c (0x00003f17) auipc   t5, 0x3
core   0: 3 0x8000d48c (0x00003f17) x30 0x8001048c
core   0: 0x8000d490 (0xb63f2a23) sw      gp, -1164(t5)
core   0: 3 0x8000d490 (0xb63f2a23) mem 0x80010000 0x00000001
core   0: 0x8000d494 (0xff9ff06f) j       pc - 0x8
core   0: 3 0x8000d494 (0xff9ff06f)
core   0: 0x8000d48c (0x00003f17) auipc   t5, 0x3
core   0: 3 0x8000d48c (0x00003f17) x30 0x8001048c
core   0: 0x8000d490 (0xb63f2a23) sw      gp, -1164(t5)
core   0: 3 0x8000d490 (0xb63f2a23) mem 0x80010000 0x00000001
core   0: 0x8000d494 (0xff9ff06f) j       pc - 0x8
core   0: 3 0x8000d494 (0xff9ff06f)
core   0: 0x8000d48c (0x00003f17) auipc   t5, 0x3
core   0: 3 0x8000d48c (0x00003f17) x30 0x8001048c
core   0: 0x8000d490 (0xb63f2a23) sw      gp, -1164(t5)
core   0: 3 0x8000d490 (0xb63f2a23) mem 0x80010000 0x00000001
core   0: 0x8000d494 (0xff9ff06f) j       pc - 0x8
core   0: 3 0x8000d494 (0xff9ff06f)
core   0: 0x8000d48c (0x00003f17) auipc   t5, 0x3
core   0: 3 0x8000d48c (0x00003f17) x30 0x8001048c
core   0: 0x8000d490 (0xb63f2a23) sw      gp, -1164(t5)
core   0: 3 0x8000d490 (0xb63f2a23) mem 0x80010000 0x00000001
core   0: 0x8000d494 (0xff9ff06f) j       pc - 0x8
core   0: 3 0x8000d494 (0xff9ff06f)
core   0: 0x8000d48c (0x00003f17) auipc   t5, 0x3
core   0: 3 0x8000d48c (0x00003f17) x30 0x8001048c
core   0: 0x8000d490 (0xb63f2a23) sw      gp, -1164(t5)
core   0: 3 0x8000d490 (0xb63f2a23) mem 0x80010000 0x00000001
core   0: 0x8000d494 (0xff9ff06f) j       pc - 0x8
core   0: 3 0x8000d494 (0xff9ff06f)
core   0: 0x8000d48c (0x00003f17) auipc   t5, 0x3
core   0: 3 0x8000d48c (0x00003f17) x30 0x8001048c
core   0: 0x8000d490 (0xb63f2a23) sw      gp, -1164(t5)
core   0: 3 0x8000d490 (0xb63f2a23) mem 0x80010000 0x00000001
core   0: 0x8000d494 (0xff9ff06f) j       pc - 0x8
core   0: 3 0x8000d494 (0xff9ff06f)
core   0: 0x8000d48c (0x00003f17) auipc   t5, 0x3
core   0: 3 0x8000d48c (0x00003f17) x30 0x8001048c
core   0: 0x8000d490 (0xb63f2a23) sw      gp, -1164(t5)
core   0: 3 0x8000d490 (0xb63f2a23) mem 0x80010000 0x00000001
core   0: 0x8000d494 (0xff9ff06f) j       pc - 0x8
core   0: 3 0x8000d494 (0xff9ff06f)
core   0: 0x8000d48c (0x00003f17) auipc   t5, 0x3
core   0: 3 0x8000d48c (0x00003f17) x30 0x8001048c
core   0: 0x8000d490 (0xb63f2a23) sw      gp, -1164(t5)
core   0: 3 0x8000d490 (0xb63f2a23) mem 0x80010000 0x00000001
core   0: 0x8000d494 (0xff9ff06f) j       pc - 0x8
core   0: 3 0x8000d494 (0xff9ff06f)
core   0: 0x8000d48c (0x00003f17) auipc   t5, 0x3
core   0: 3 0x8000d48c (0x00003f17) x30 0x8001048c
core   0: 0x8000d490 (0xb63f2a23) sw      gp, -1164(t5)
core   0: 3 0x8000d490 (0xb63f2a23) mem 0x80010000 0x00000001
core   0: 0x8000d494 (0xff9ff06f) j       pc - 0x8
core   0: 3 0x8000d494 (0xff9ff06f)
core   0: 0x8000d48c (0x00003f17) auipc   t5, 0x3
core   0: 3 0x8000d48c (0x00003f17) x30 0x8001048c
core   0: 0x8000d490 (0xb63f2a23) sw      gp, -1164(t5)
core   0: 3 0x8000d490 (0xb63f2a23) mem 0x80010000 0x00000001
core   0: 0x8000d494 (0xff9ff06f) j       pc - 0x8
core   0: 3 0x8000d494 (0xff9ff06f)
core   0: 0x8000d48c (0x00003f17) auipc   t5, 0x3
core   0: 3 0x8000d48c (0x00003f17) x30 0x8001048c
core   0: 0x8000d490 (0xb63f2a23) sw      gp, -1164(t5)
core   0: 3 0x8000d490 (0xb63f2a23) mem 0x80010000 0x00000001
core   0: 0x8000d494 (0xff9ff06f) j       pc - 0x8
core   0: 3 0x8000d494 (0xff9ff06f)
core   0: 0x8000d48c (0x00003f17) auipc   t5, 0x3
core   0: 3 0x8000d48c (0x00003f17) x30 0x8001048c
core   0: 0x8000d490 (0xb63f2a23) sw      gp, -1164(t5)
core   0: 3 0x8000d490 (0xb63f2a23) mem 0x80010000 0x00000001
core   0: 0x8000d494 (0xff9ff06f) j       pc - 0x8
core   0: 3 0x8000d494 (0xff9ff06f)
core   0: 0x8000d48c (0x00003f17) auipc   t5, 0x3
core   0: 3 0x8000d48c (0x00003f17) x30 0x8001048c
core   0: 0x8000d490 (0xb63f2a23) sw      gp, -1164(t5)
core   0: 3 0x8000d490 (0xb63f2a23) mem 0x80010000 0x00000001
core   0: 0x8000d494 (0xff9ff06f) j       pc - 0x8
core   0: 3 0x8000d494 (0xff9ff06f)
core   0: 0x8000d48c (0x00003f17) auipc   t5, 0x3
core   0: 3 0x8000d48c (0x00003f17) x30 0x8001048c
core   0: 0x8000d490 (0xb63f2a23) sw      gp, -1164(t5)
core   0: 3 0x8000d490 (0xb63f2a23) mem 0x80010000 0x00000001
core   0: 0x8000d494 (0xff9ff06f) j       pc - 0x8
core   0: 3 0x8000d494 (0xff9ff06f)
core   0: 0x8000d48c (0x00003f17) auipc   t5, 0x3
core   0: 3 0x8000d48c (0x00003f17) x30 0x8001048c
core   0: 0x8000d490 (0xb63f2a23) sw      gp, -1164(t5)
core   0: 3 0x8000d490 (0xb63f2a23) mem 0x80010000 0x00000001
core   0: 0x8000d494 (0xff9ff06f) j       pc - 0x8
core   0: 3 0x8000d494 (0xff9ff06f)
core   0: 0x8000d48c (0x00003f17) auipc   t5, 0x3
core   0: 3 0x8000d48c (0x00003f17) x30 0x8001048c
core   0: 0x8000d490 (0xb63f2a23) sw      gp, -1164(t5)
core   0: 3 0x8000d490 (0xb63f2a23) mem 0x80010000 0x00000001
core   0: 0x8000d494 (0xff9ff06f) j       pc - 0x8
core   0: 3 0x8000d494 (0xff9ff06f)
core   0: 0x8000d48c (0x00003f17) auipc   t5, 0x3
core   0: 3 0x8000d48c (0x00003f17) x30 0x8001048c
core   0: 0x8000d490 (0xb63f2a23) sw      gp, -1164(t5)
core   0: 3 0x8000d490 (0xb63f2a23) mem 0x80010000 0x00000001
core   0: 0x8000d494 (0xff9ff06f) j       pc - 0x8
core   0: 3 0x8000d494 (0xff9ff06f)
core   0: 0x8000d48c (0x00003f17) auipc   t5, 0x3
core   0: 3 0x8000d48c (0x00003f17) x30 0x8001048c
core   0: 0x8000d490 (0xb63f2a23) sw      gp, -1164(t5)
core   0: 3 0x8000d490 (0xb63f2a23) mem 0x80010000 0x00000001
core   0: 0x8000d494 (0xff9ff06f) j       pc - 0x8
core   0: 3 0x8000d494 (0xff9ff06f)
core   0: 0x8000d48c (0x00003f17) auipc   t5, 0x3
core   0: 3 0x8000d48c (0x00003f17) x30 0x8001048c
core   0: 0x8000d490 (0xb63f2a23) sw      gp, -1164(t5)
core   0: 3 0x8000d490 (0xb63f2a23) mem 0x80010000 0x00000001
core   0: 0x8000d494 (0xff9ff06f) j       pc - 0x8
core   0: 3 0x8000d494 (0xff9ff06f)
core   0: 0x8000d48c (0x00003f17) auipc   t5, 0x3
core   0: 3 0x8000d48c (0x00003f17) x30 0x8001048c
core   0: 0x8000d490 (0xb63f2a23) sw      gp, -1164(t5)
core   0: 3 0x8000d490 (0xb63f2a23) mem 0x80010000 0x00000001
core   0: 0x8000d494 (0xff9ff06f) j       pc - 0x8
core   0: 3 0x8000d494 (0xff9ff06f)
core   0: 0x8000d48c (0x00003f17) auipc   t5, 0x3
core   0: 3 0x8000d48c (0x00003f17) x30 0x8001048c
core   0: 0x8000d490 (0xb63f2a23) sw      gp, -1164(t5)
core   0: 3 0x8000d490 (0xb63f2a23) mem 0x80010000 0x00000001
core   0: 0x8000d494 (0xff9ff06f) j       pc - 0x8
core   0: 3 0x8000d494 (0xff9ff06f)
core   0: 0x8000d48c (0x00003f17) auipc   t5, 0x3
core   0: 3 0x8000d48c (0x00003f17) x30 0x8001048c
core   0: 0x8000d490 (0xb63f2a23) sw      gp, -1164(t5)
core   0: 3 0x8000d490 (0xb63f2a23) mem 0x80010000 0x00000001
core   0: 0x8000d494 (0xff9ff06f) j       pc - 0x8
core   0: 3 0x8000d494 (0xff9ff06f)
core   0: 0x8000d48c (0x00003f17) auipc   t5, 0x3
core   0: 3 0x8000d48c (0x00003f17) x30 0x8001048c
core   0: 0x8000d490 (0xb63f2a23) sw      gp, -1164(t5)
core   0: 3 0x8000d490 (0xb63f2a23) mem 0x80010000 0x00000001
core   0: 0x8000d494 (0xff9ff06f) j       pc - 0x8
core   0: 3 0x8000d494 (0xff9ff06f)
core   0: 0x8000d48c (0x00003f17) auipc   t5, 0x3
core   0: 3 0x8000d48c (0x00003f17) x30 0x8001048c
core   0: 0x8000d490 (0xb63f2a23) sw      gp, -1164(t5)
core   0: 3 0x8000d490 (0xb63f2a23) mem 0x80010000 0x00000001
core   0: 0x8000d494 (0xff9ff06f) j       pc - 0x8
core   0: 3 0x8000d494 (0xff9ff06f)
core   0: 0x8000d48c (0x00003f17) auipc   t5, 0x3
core   0: 3 0x8000d48c (0x00003f17) x30 0x8001048c
core   0: 0x8000d490 (0xb63f2a23) sw      gp, -1164(t5)
core   0: 3 0x8000d490 (0xb63f2a23) mem 0x80010000 0x00000001
core   0: 0x8000d494 (0xff9ff06f) j       pc - 0x8
core   0: 3 0x8000d494 (0xff9ff06f)
core   0: 0x8000d48c (0x00003f17) auipc   t5, 0x3
core   0: 3 0x8000d48c (0x00003f17) x30 0x8001048c
core   0: 0x8000d490 (0xb63f2a23) sw      gp, -1164(t5)
core   0: 3 0x8000d490 (0xb63f2a23) mem 0x80010000 0x00000001
core   0: 0x8000d494 (0xff9ff06f) j       pc - 0x8
core   0: 3 0x8000d494 (0xff9ff06f)
core   0: 0x8000d48c (0x00003f17) auipc   t5, 0x3
core   0: 3 0x8000d48c (0x00003f17) x30 0x8001048c
core   0: 0x8000d490 (0xb63f2a23) sw      gp, -1164(t5)
core   0: 3 0x8000d490 (0xb63f2a23) mem 0x80010000 0x00000001
core   0: 0x8000d494 (0xff9ff06f) j       pc - 0x8
core   0: 3 0x8000d494 (0xff9ff06f)
core   0: 0x8000d48c (0x00003f17) auipc   t5, 0x3
core   0: 3 0x8000d48c (0x00003f17) x30 0x8001048c
core   0: 0x8000d490 (0xb63f2a23) sw      gp, -1164(t5)
core   0: 3 0x8000d490 (0xb63f2a23) mem 0x80010000 0x00000001
core   0: 0x8000d494 (0xff9ff06f) j       pc - 0x8
core   0: 3 0x8000d494 (0xff9ff06f)
core   0: 0x8000d48c (0x00003f17) auipc   t5, 0x3
core   0: 3 0x8000d48c (0x00003f17) x30 0x8001048c
core   0: 0x8000d490 (0xb63f2a23) sw      gp, -1164(t5)
core   0: 3 0x8000d490 (0xb63f2a23) mem 0x80010000 0x00000001
core   0: 0x8000d494 (0xff9ff06f) j       pc - 0x8
core   0: 3 0x8000d494 (0xff9ff06f)
core   0: 0x8000d48c (0x00003f17) auipc   t5, 0x3
core   0: 3 0x8000d48c (0x00003f17) x30 0x8001048c
core   0: 0x8000d490 (0xb63f2a23) sw      gp, -1164(t5)
core   0: 3 0x8000d490 (0xb63f2a23) mem 0x80010000 0x00000001
core   0: 0x8000d494 (0xff9ff06f) j       pc - 0x8
core   0: 3 0x8000d494 (0xff9ff06f)
core   0: 0x8000d48c (0x00003f17) auipc   t5, 0x3
core   0: 3 0x8000d48c (0x00003f17) x30 0x8001048c
core   0: 0x8000d490 (0xb63f2a23) sw      gp, -1164(t5)
core   0: 3 0x8000d490 (0xb63f2a23) mem 0x80010000 0x00000001
core   0: 0x8000d494 (0xff9ff06f) j       pc - 0x8
core   0: 3 0x8000d494 (0xff9ff06f)
core   0: 0x8000d48c (0x00003f17) auipc   t5, 0x3
core   0: 3 0x8000d48c (0x00003f17) x30 0x8001048c
core   0: 0x8000d490 (0xb63f2a23) sw      gp, -1164(t5)
core   0: 3 0x8000d490 (0xb63f2a23) mem 0x80010000 0x00000001
core   0: 0x8000d494 (0xff9ff06f) j       pc - 0x8
core   0: 3 0x8000d494 (0xff9ff06f)
core   0: 0x8000d48c (0x00003f17) auipc   t5, 0x3
core   0: 3 0x8000d48c (0x00003f17) x30 0x8001048c
core   0: 0x8000d490 (0xb63f2a23) sw      gp, -1164(t5)
core   0: 3 0x8000d490 (0xb63f2a23) mem 0x80010000 0x00000001
core   0: 0x8000d494 (0xff9ff06f) j       pc - 0x8
core   0: 3 0x8000d494 (0xff9ff06f)
core   0: 0x8000d48c (0x00003f17) auipc   t5, 0x3
core   0: 3 0x8000d48c (0x00003f17) x30 0x8001048c
core   0: 0x8000d490 (0xb63f2a23) sw      gp, -1164(t5)
core   0: 3 0x8000d490 (0xb63f2a23) mem 0x80010000 0x00000001
core   0: 0x8000d494 (0xff9ff06f) j       pc - 0x8
core   0: 3 0x8000d494 (0xff9ff06f)
core   0: 0x8000d48c (0x00003f17) auipc   t5, 0x3
core   0: 3 0x8000d48c (0x00003f17) x30 0x8001048c
core   0: 0x8000d490 (0xb63f2a23) sw      gp, -1164(t5)
core   0: 3 0x8000d490 (0xb63f2a23) mem 0x80010000 0x00000001
core   0: 0x8000d494 (0xff9ff06f) j       pc - 0x8
core   0: 3 0x8000d494 (0xff9ff06f)
core   0: 0x8000d48c (0x00003f17) auipc   t5, 0x3
core   0: 3 0x8000d48c (0x00003f17) x30 0x8001048c
core   0: 0x8000d490 (0xb63f2a23) sw      gp, -1164(t5)
core   0: 3 0x8000d490 (0xb63f2a23) mem 0x80010000 0x00000001
core   0: 0x8000d494 (0xff9ff06f) j       pc - 0x8
core   0: 3 0x8000d494 (0xff9ff06f)
core   0: 0x8000d48c (0x00003f17) auipc   t5, 0x3
core   0: 3 0x8000d48c (0x00003f17) x30 0x8001048c
core   0: 0x8000d490 (0xb63f2a23) sw      gp, -1164(t5)
core   0: 3 0x8000d490 (0xb63f2a23) mem 0x80010000 0x00000001
core   0: 0x8000d494 (0xff9ff06f) j       pc - 0x8
core   0: 3 0x8000d494 (0xff9ff06f)
core   0: 0x8000d48c (0x00003f17) auipc   t5, 0x3
core   0: 3 0x8000d48c (0x00003f17) x30 0x8001048c
core   0: 0x8000d490 (0xb63f2a23) sw      gp, -1164(t5)
core   0: 3 0x8000d490 (0xb63f2a23) mem 0x80010000 0x00000001
core   0: 0x8000d494 (0xff9ff06f) j       pc - 0x8
core   0: 3 0x8000d494 (0xff9ff06f)
core   0: 0x8000d48c (0x00003f17) auipc   t5, 0x3
core   0: 3 0x8000d48c (0x00003f17) x30 0x8001048c
core   0: 0x8000d490 (0xb63f2a23) sw      gp, -1164(t5)
core   0: 3 0x8000d490 (0xb63f2a23) mem 0x80010000 0x00000001
core   0: 0x8000d494 (0xff9ff06f) j       pc - 0x8
core   0: 3 0x8000d494 (0xff9ff06f)
core   0: 0x8000d48c (0x00003f17) auipc   t5, 0x3
core   0: 3 0x8000d48c (0x00003f17) x30 0x8001048c
core   0: 0x8000d490 (0xb63f2a23) sw      gp, -1164(t5)
core   0: 3 0x8000d490 (0xb63f2a23) mem 0x80010000 0x00000001
core   0: 0x8000d494 (0xff9ff06f) j       pc - 0x8
core   0: 3 0x8000d494 (0xff9ff06f)
core   0: 0x8000d48c (0x00003f17) auipc   t5, 0x3
core   0: 3 0x8000d48c (0x00003f17) x30 0x8001048c
core   0: 0x8000d490 (0xb63f2a23) sw      gp, -1164(t5)
core   0: 3 0x8000d490 (0xb63f2a23) mem 0x80010000 0x00000001
core   0: 0x8000d494 (0xff9ff06f) j       pc - 0x8
core   0: 3 0x8000d494 (0xff9ff06f)
core   0: 0x8000d48c (0x00003f17) auipc   t5, 0x3
core   0: 3 0x8000d48c (0x00003f17) x30 0x8001048c
core   0: 0x8000d490 (0xb63f2a23) sw      gp, -1164(t5)
core   0: 3 0x8000d490 (0xb63f2a23) mem 0x80010000 0x00000001
core   0: 0x8000d494 (0xff9ff06f) j       pc - 0x8
core   0: 3 0x8000d494 (0xff9ff06f)
core   0: 0x8000d48c (0x00003f17) auipc   t5, 0x3
core   0: 3 0x8000d48c (0x00003f17) x30 0x8001048c
core   0: 0x8000d490 (0xb63f2a23) sw      gp, -1164(t5)
core   0: 3 0x8000d490 (0xb63f2a23) mem 0x80010000 0x00000001
core   0: 0x8000d494 (0xff9ff06f) j       pc - 0x8
core   0: 3 0x8000d494 (0xff9ff06f)
core   0: 0x8000d48c (0x00003f17) auipc   t5, 0x3
core   0: 3 0x8000d48c (0x00003f17) x30 0x8001048c
core   0: 0x8000d490 (0xb63f2a23) sw      gp, -1164(t5)
core   0: 3 0x8000d490 (0xb63f2a23) mem 0x80010000 0x00000001
core   0: 0x8000d494 (0xff9ff06f) j       pc - 0x8
core   0: 3 0x8000d494 (0xff9ff06f)
core   0: 0x8000d48c (0x00003f17) auipc   t5, 0x3
core   0: 3 0x8000d48c (0x00003f17) x30 0x8001048c
core   0: 0x8000d490 (0xb63f2a23) sw      gp, -1164(t5)
core   0: 3 0x8000d490 (0xb63f2a23) mem 0x80010000 0x00000001
core   0: 0x8000d494 (0xff9ff06f) j       pc - 0x8
core   0: 3 0x8000d494 (0xff9ff06f)
core   0: 0x8000d48c (0x00003f17) auipc   t5, 0x3
core   0: 3 0x8000d48c (0x00003f17) x30 0x8001048c
core   0: 0x8000d490 (0xb63f2a23) sw      gp, -1164(t5)
core   0: 3 0x8000d490 (0xb63f2a23) mem 0x80010000 0x00000001
core   0: 0x8000d494 (0xff9ff06f) j       pc - 0x8
core   0: 3 0x8000d494 (0xff9ff06f)
core   0: 0x8000d48c (0x00003f17) auipc   t5, 0x3
core   0: 3 0x8000d48c (0x00003f17) x30 0x8001048c
core   0: 0x8000d490 (0xb63f2a23) sw      gp, -1164(t5)
core   0: 3 0x8000d490 (0xb63f2a23) mem 0x80010000 0x00000001
core   0: 0x8000d494 (0xff9ff06f) j       pc - 0x8
core   0: 3 0x8000d494 (0xff9ff06f)
core   0: 0x8000d48c (0x00003f17) auipc   t5, 0x3
core   0: 3 0x8000d48c (0x00003f17) x30 0x8001048c
core   0: 0x8000d490 (0xb63f2a23) sw      gp, -1164(t5)
core   0: 3 0x8000d490 (0xb63f2a23) mem 0x80010000 0x00000001
core   0: 0x8000d494 (0xff9ff06f) j       pc - 0x8
core   0: 3 0x8000d494 (0xff9ff06f)
core   0: 0x8000d48c (0x00003f17) auipc   t5, 0x3
core   0: 3 0x8000d48c (0x00003f17) x30 0x8001048c
core   0: 0x8000d490 (0xb63f2a23) sw      gp, -1164(t5)
core   0: 3 0x8000d490 (0xb63f2a23) mem 0x80010000 0x00000001
core   0: 0x8000d494 (0xff9ff06f) j       pc - 0x8
core   0: 3 0x8000d494 (0xff9ff06f)
core   0: 0x8000d48c (0x00003f17) auipc   t5, 0x3
core   0: 3 0x8000d48c (0x00003f17) x30 0x8001048c
core   0: 0x8000d490 (0xb63f2a23) sw      gp, -1164(t5)
core   0: 3 0x8000d490 (0xb63f2a23) mem 0x80010000 0x00000001
core   0: 0x8000d494 (0xff9ff06f) j       pc - 0x8
core   0: 3 0x8000d494 (0xff9ff06f)
core   0: 0x8000d48c (0x00003f17) auipc   t5, 0x3
core   0: 3 0x8000d48c (0x00003f17) x30 0x8001048c
core   0: 0x8000d490 (0xb63f2a23) sw      gp, -1164(t5)
core   0: 3 0x8000d490 (0xb63f2a23) mem 0x80010000 0x00000001
core   0: 0x8000d494 (0xff9ff06f) j       pc - 0x8
core   0: 3 0x8000d494 (0xff9ff06f)
core   0: 0x8000d48c (0x00003f17) auipc   t5, 0x3
core   0: 3 0x8000d48c (0x00003f17) x30 0x8001048c
core   0: 0x8000d490 (0xb63f2a23) sw      gp, -1164(t5)
core   0: 3 0x8000d490 (0xb63f2a23) mem 0x80010000 0x00000001
core   0: 0x8000d494 (0xff9ff06f) j       pc - 0x8
core   0: 3 0x8000d494 (0xff9ff06f)
core   0: 0x8000d48c (0x00003f17) auipc   t5, 0x3
core   0: 3 0x8000d48c (0x00003f17) x30 0x8001048c
core   0: 0x8000d490 (0xb63f2a23) sw      gp, -1164(t5)
core   0: 3 0x8000d490 (0xb63f2a23) mem 0x80010000 0x00000001
core   0: 0x8000d494 (0xff9ff06f) j       pc - 0x8
core   0: 3 0x8000d494 (0xff9ff06f)
core   0: 0x8000d48c (0x00003f17) auipc   t5, 0x3
core   0: 3 0x8000d48c (0x00003f17) x30 0x8001048c
core   0: 0x8000d490 (0xb63f2a23) sw      gp, -1164(t5)
core   0: 3 0x8000d490 (0xb63f2a23) mem 0x80010000 0x00000001
core   0: 0x8000d494 (0xff9ff06f) j       pc - 0x8
core   0: 3 0x8000d494 (0xff9ff06f)
core   0: 0x8000d48c (0x00003f17) auipc   t5, 0x3
core   0: 3 0x8000d48c (0x00003f17) x30 0x8001048c
core   0: 0x8000d490 (0xb63f2a23) sw      gp, -1164(t5)
core   0: 3 0x8000d490 (0xb63f2a23) mem 0x80010000 0x00000001
core   0: 0x8000d494 (0xff9ff06f) j       pc - 0x8
core   0: 3 0x8000d494 (0xff9ff06f)
core   0: 0x8000d48c (0x00003f17) auipc   t5, 0x3
core   0: 3 0x8000d48c (0x00003f17) x30 0x8001048c
core   0: 0x8000d490 (0xb63f2a23) sw      gp, -1164(t5)
core   0: 3 0x8000d490 (0xb63f2a23) mem 0x80010000 0x00000001
core   0: 0x8000d494 (0xff9ff06f) j       pc - 0x8
core   0: 3 0x8000d494 (0xff9ff06f)
core   0: 0x8000d48c (0x00003f17) auipc   t5, 0x3
core   0: 3 0x8000d48c (0x00003f17) x30 0x8001048c
core   0: 0x8000d490 (0xb63f2a23) sw      gp, -1164(t5)
core   0: 3 0x8000d490 (0xb63f2a23) mem 0x80010000 0x00000001
core   0: 0x8000d494 (0xff9ff06f) j       pc - 0x8
core   0: 3 0x8000d494 (0xff9ff06f)
core   0: 0x8000d48c (0x00003f17) auipc   t5, 0x3
core   0: 3 0x8000d48c (0x00003f17) x30 0x8001048c
core   0: 0x8000d490 (0xb63f2a23) sw      gp, -1164(t5)
core   0: 3 0x8000d490 (0xb63f2a23) mem 0x80010000 0x00000001
core   0: 0x8000d494 (0xff9ff06f) j       pc - 0x8
core   0: 3 0x8000d494 (0xff9ff06f)
core   0: 0x8000d48c (0x00003f17) auipc   t5, 0x3
core   0: 3 0x8000d48c (0x00003f17) x30 0x8001048c
core   0: 0x8000d490 (0xb63f2a23) sw      gp, -1164(t5)
core   0: 3 0x8000d490 (0xb63f2a23) mem 0x80010000 0x00000001
core   0: 0x8000d494 (0xff9ff06f) j       pc - 0x8
core   0: 3 0x8000d494 (0xff9ff06f)
core   0: 0x8000d48c (0x00003f17) auipc   t5, 0x3
core   0: 3 0x8000d48c (0x00003f17) x30 0x8001048c
core   0: 0x8000d490 (0xb63f2a23) sw      gp, -1164(t5)
core   0: 3 0x8000d490 (0xb63f2a23) mem 0x80010000 0x00000001
core   0: 0x8000d494 (0xff9ff06f) j       pc - 0x8
core   0: 3 0x8000d494 (0xff9ff06f)
core   0: 0x8000d48c (0x00003f17) auipc   t5, 0x3
core   0: 3 0x8000d48c (0x00003f17) x30 0x8001048c
core   0: 0x8000d490 (0xb63f2a23) sw      gp, -1164(t5)
core   0: 3 0x8000d490 (0xb63f2a23) mem 0x80010000 0x00000001
core   0: 0x8000d494 (0xff9ff06f) j       pc - 0x8
core   0: 3 0x8000d494 (0xff9ff06f)
core   0: 0x8000d48c (0x00003f17) auipc   t5, 0x3
core   0: 3 0x8000d48c (0x00003f17) x30 0x8001048c
core   0: 0x8000d490 (0xb63f2a23) sw      gp, -1164(t5)
core   0: 3 0x8000d490 (0xb63f2a23) mem 0x80010000 0x00000001
core   0: 0x8000d494 (0xff9ff06f) j       pc - 0x8
core   0: 3 0x8000d494 (0xff9ff06f)
core   0: 0x8000d48c (0x00003f17) auipc   t5, 0x3
core   0: 3 0x8000d48c (0x00003f17) x30 0x8001048c
core   0: 0x8000d490 (0xb63f2a23) sw      gp, -1164(t5)
core   0: 3 0x8000d490 (0xb63f2a23) mem 0x80010000 0x00000001
core   0: 0x8000d494 (0xff9ff06f) j       pc - 0x8
core   0: 3 0x8000d494 (0xff9ff06f)
core   0: 0x8000d48c (0x00003f17) auipc   t5, 0x3
core   0: 3 0x8000d48c (0x00003f17) x30 0x8001048c
core   0: 0x8000d490 (0xb63f2a23) sw      gp, -1164(t5)
core   0: 3 0x8000d490 (0xb63f2a23) mem 0x80010000 0x00000001
core   0: 0x8000d494 (0xff9ff06f) j       pc - 0x8
core   0: 3 0x8000d494 (0xff9ff06f)
core   0: 0x8000d48c (0x00003f17) auipc   t5, 0x3
core   0: 3 0x8000d48c (0x00003f17) x30 0x8001048c
core   0: 0x8000d490 (0xb63f2a23) sw      gp, -1164(t5)
core   0: 3 0x8000d490 (0xb63f2a23) mem 0x80010000 0x00000001
core   0: 0x8000d494 (0xff9ff06f) j       pc - 0x8
core   0: 3 0x8000d494 (0xff9ff06f)
core   0: 0x8000d48c (0x00003f17) auipc   t5, 0x3
core   0: 3 0x8000d48c (0x00003f17) x30 0x8001048c
core   0: 0x8000d490 (0xb63f2a23) sw      gp, -1164(t5)
core   0: 3 0x8000d490 (0xb63f2a23) mem 0x80010000 0x00000001
core   0: 0x8000d494 (0xff9ff06f) j       pc - 0x8
core   0: 3 0x8000d494 (0xff9ff06f)
core   0: 0x8000d48c (0x00003f17) auipc   t5, 0x3
core   0: 3 0x8000d48c (0x00003f17) x30 0x8001048c
core   0: 0x8000d490 (0xb63f2a23) sw      gp, -1164(t5)
core   0: 3 0x8000d490 (0xb63f2a23) mem 0x80010000 0x00000001
core   0: 0x8000d494 (0xff9ff06f) j       pc - 0x8
core   0: 3 0x8000d494 (0xff9ff06f)
core   0: 0x8000d48c (0x00003f17) auipc   t5, 0x3
core   0: 3 0x8000d48c (0x00003f17) x30 0x8001048c
core   0: 0x8000d490 (0xb63f2a23) sw      gp, -1164(t5)
core   0: 3 0x8000d490 (0xb63f2a23) mem 0x80010000 0x00000001
core   0: 0x8000d494 (0xff9ff06f) j       pc - 0x8
core   0: 3 0x8000d494 (0xff9ff06f)
core   0: 0x8000d48c (0x00003f17) auipc   t5, 0x3
core   0: 3 0x8000d48c (0x00003f17) x30 0x8001048c
core   0: 0x8000d490 (0xb63f2a23) sw      gp, -1164(t5)
core   0: 3 0x8000d490 (0xb63f2a23) mem 0x80010000 0x00000001
core   0: 0x8000d494 (0xff9ff06f) j       pc - 0x8
core   0: 3 0x8000d494 (0xff9ff06f)
core   0: 0x8000d48c (0x00003f17) auipc   t5, 0x3
core   0: 3 0x8000d48c (0x00003f17) x30 0x8001048c
core   0: 0x8000d490 (0xb63f2a23) sw      gp, -1164(t5)
core   0: 3 0x8000d490 (0xb63f2a23) mem 0x80010000 0x00000001
core   0: 0x8000d494 (0xff9ff06f) j       pc - 0x8
core   0: 3 0x8000d494 (0xff9ff06f)
core   0: 0x8000d48c (0x00003f17) auipc   t5, 0x3
core   0: 3 0x8000d48c (0x00003f17) x30 0x8001048c
core   0: 0x8000d490 (0xb63f2a23) sw      gp, -1164(t5)
core   0: 3 0x8000d490 (0xb63f2a23) mem 0x80010000 0x00000001
core   0: 0x8000d494 (0xff9ff06f) j       pc - 0x8
core   0: 3 0x8000d494 (0xff9ff06f)
core   0: 0x8000d48c (0x00003f17) auipc   t5, 0x3
core   0: 3 0x8000d48c (0x00003f17) x30 0x8001048c
core   0: 0x8000d490 (0xb63f2a23) sw      gp, -1164(t5)
core   0: 3 0x8000d490 (0xb63f2a23) mem 0x80010000 0x00000001
core   0: 0x8000d494 (0xff9ff06f) j       pc - 0x8
core   0: 3 0x8000d494 (0xff9ff06f)
core   0: 0x8000d48c (0x00003f17) auipc   t5, 0x3
core   0: 3 0x8000d48c (0x00003f17) x30 0x8001048c
core   0: 0x8000d490 (0xb63f2a23) sw      gp, -1164(t5)
core   0: 3 0x8000d490 (0xb63f2a23) mem 0x80010000 0x00000001
core   0: 0x8000d494 (0xff9ff06f) j       pc - 0x8
core   0: 3 0x8000d494 (0xff9ff06f)
core   0: 0x8000d48c (0x00003f17) auipc   t5, 0x3
core   0: 3 0x8000d48c (0x00003f17) x30 0x8001048c
core   0: 0x8000d490 (0xb63f2a23) sw      gp, -1164(t5)
core   0: 3 0x8000d490 (0xb63f2a23) mem 0x80010000 0x00000001
core   0: 0x8000d494 (0xff9ff06f) j       pc - 0x8
core   0: 3 0x8000d494 (0xff9ff06f)
core   0: 0x8000d48c (0x00003f17) auipc   t5, 0x3
core   0: 3 0x8000d48c (0x00003f17) x30 0x8001048c
core   0: 0x8000d490 (0xb63f2a23) sw      gp, -1164(t5)
core   0: 3 0x8000d490 (0xb63f2a23) mem 0x80010000 0x00000001
core   0: 0x8000d494 (0xff9ff06f) j       pc - 0x8
core   0: 3 0x8000d494 (0xff9ff06f)
core   0: 0x8000d48c (0x00003f17) auipc   t5, 0x3
core   0: 3 0x8000d48c (0x00003f17) x30 0x8001048c
core   0: 0x8000d490 (0xb63f2a23) sw      gp, -1164(t5)
core   0: 3 0x8000d490 (0xb63f2a23) mem 0x80010000 0x00000001
core   0: 0x8000d494 (0xff9ff06f) j       pc - 0x8
core   0: 3 0x8000d494 (0xff9ff06f)
core   0: 0x8000d48c (0x00003f17) auipc   t5, 0x3
core   0: 3 0x8000d48c (0x00003f17) x30 0x8001048c
core   0: 0x8000d490 (0xb63f2a23) sw      gp, -1164(t5)
core   0: 3 0x8000d490 (0xb63f2a23) mem 0x80010000 0x00000001
core   0: 0x8000d494 (0xff9ff06f) j       pc - 0x8
core   0: 3 0x8000d494 (0xff9ff06f)
core   0: 0x8000d48c (0x00003f17) auipc   t5, 0x3
core   0: 3 0x8000d48c (0x00003f17) x30 0x8001048c
core   0: 0x8000d490 (0xb63f2a23) sw      gp, -1164(t5)
core   0: 3 0x8000d490 (0xb63f2a23) mem 0x80010000 0x00000001
core   0: 0x8000d494 (0xff9ff06f) j       pc - 0x8
core   0: 3 0x8000d494 (0xff9ff06f)
core   0: 0x8000d48c (0x00003f17) auipc   t5, 0x3
core   0: 3 0x8000d48c (0x00003f17) x30 0x8001048c
core   0: 0x8000d490 (0xb63f2a23) sw      gp, -1164(t5)
core   0: 3 0x8000d490 (0xb63f2a23) mem 0x80010000 0x00000001
core   0: 0x8000d494 (0xff9ff06f) j       pc - 0x8
core   0: 3 0x8000d494 (0xff9ff06f)
core   0: 0x8000d48c (0x00003f17) auipc   t5, 0x3
core   0: 3 0x8000d48c (0x00003f17) x30 0x8001048c
core   0: 0x8000d490 (0xb63f2a23) sw      gp, -1164(t5)
core   0: 3 0x8000d490 (0xb63f2a23) mem 0x80010000 0x00000001
core   0: 0x8000d494 (0xff9ff06f) j       pc - 0x8
core   0: 3 0x8000d494 (0xff9ff06f)
core   0: 0x8000d48c (0x00003f17) auipc   t5, 0x3
core   0: 3 0x8000d48c (0x00003f17) x30 0x8001048c
core   0: 0x8000d490 (0xb63f2a23) sw      gp, -1164(t5)
core   0: 3 0x8000d490 (0xb63f2a23) mem 0x80010000 0x00000001
core   0: 0x8000d494 (0xff9ff06f) j       pc - 0x8
core   0: 3 0x8000d494 (0xff9ff06f)
core   0: 0x8000d48c (0x00003f17) auipc   t5, 0x3
core   0: 3 0x8000d48c (0x00003f17) x30 0x8001048c
core   0: 0x8000d490 (0xb63f2a23) sw      gp, -1164(t5)
core   0: 3 0x8000d490 (0xb63f2a23) mem 0x80010000 0x00000001
core   0: 0x8000d494 (0xff9ff06f) j       pc - 0x8
core   0: 3 0x8000d494 (0xff9ff06f)
core   0: 0x8000d48c (0x00003f17) auipc   t5, 0x3
core   0: 3 0x8000d48c (0x00003f17) x30 0x8001048c
core   0: 0x8000d490 (0xb63f2a23) sw      gp, -1164(t5)
core   0: 3 0x8000d490 (0xb63f2a23) mem 0x80010000 0x00000001
core   0: 0x8000d494 (0xff9ff06f) j       pc - 0x8
core   0: 3 0x8000d494 (0xff9ff06f)
core   0: 0x8000d48c (0x00003f17) auipc   t5, 0x3
core   0: 3 0x8000d48c (0x00003f17) x30 0x8001048c
core   0: 0x8000d490 (0xb63f2a23) sw      gp, -1164(t5)
core   0: 3 0x8000d490 (0xb63f2a23) mem 0x80010000 0x00000001
core   0: 0x8000d494 (0xff9ff06f) j       pc - 0x8
core   0: 3 0x8000d494 (0xff9ff06f)
core   0: 0x8000d48c (0x00003f17) auipc   t5, 0x3
core   0: 3 0x8000d48c (0x00003f17) x30 0x8001048c
core   0: 0x8000d490 (0xb63f2a23) sw      gp, -1164(t5)
core   0: 3 0x8000d490 (0xb63f2a23) mem 0x80010000 0x00000001
core   0: 0x8000d494 (0xff9ff06f) j       pc - 0x8
core   0: 3 0x8000d494 (0xff9ff06f)
core   0: 0x8000d48c (0x00003f17) auipc   t5, 0x3
core   0: 3 0x8000d48c (0x00003f17) x30 0x8001048c
core   0: 0x8000d490 (0xb63f2a23) sw      gp, -1164(t5)
core   0: 3 0x8000d490 (0xb63f2a23) mem 0x80010000 0x00000001
core   0: 0x8000d494 (0xff9ff06f) j       pc - 0x8
core   0: 3 0x8000d494 (0xff9ff06f)
core   0: 0x8000d48c (0x00003f17) auipc   t5, 0x3
core   0: 3 0x8000d48c (0x00003f17) x30 0x8001048c
core   0: 0x8000d490 (0xb63f2a23) sw      gp, -1164(t5)
core   0: 3 0x8000d490 (0xb63f2a23) mem 0x80010000 0x00000001
core   0: 0x8000d494 (0xff9ff06f) j       pc - 0x8
core   0: 3 0x8000d494 (0xff9ff06f)
core   0: 0x8000d48c (0x00003f17) auipc   t5, 0x3
core   0: 3 0x8000d48c (0x00003f17) x30 0x8001048c
core   0: 0x8000d490 (0xb63f2a23) sw      gp, -1164(t5)
core   0: 3 0x8000d490 (0xb63f2a23) mem 0x80010000 0x00000001
core   0: 0x8000d494 (0xff9ff06f) j       pc - 0x8
core   0: 3 0x8000d494 (0xff9ff06f)
core   0: 0x8000d48c (0x00003f17) auipc   t5, 0x3
core   0: 3 0x8000d48c (0x00003f17) x30 0x8001048c
core   0: 0x8000d490 (0xb63f2a23) sw      gp, -1164(t5)
core   0: 3 0x8000d490 (0xb63f2a23) mem 0x80010000 0x00000001
core   0: 0x8000d494 (0xff9ff06f) j       pc - 0x8
core   0: 3 0x8000d494 (0xff9ff06f)
core   0: 0x8000d48c (0x00003f17) auipc   t5, 0x3
core   0: 3 0x8000d48c (0x00003f17) x30 0x8001048c
core   0: 0x8000d490 (0xb63f2a23) sw      gp, -1164(t5)
core   0: 3 0x8000d490 (0xb63f2a23) mem 0x80010000 0x00000001
core   0: 0x8000d494 (0xff9ff06f) j       pc - 0x8
core   0: 3 0x8000d494 (0xff9ff06f)
core   0: 0x8000d48c (0x00003f17) auipc   t5, 0x3
core   0: 3 0x8000d48c (0x00003f17) x30 0x8001048c
core   0: 0x8000d490 (0xb63f2a23) sw      gp, -1164(t5)
core   0: 3 0x8000d490 (0xb63f2a23) mem 0x80010000 0x00000001
core   0: 0x8000d494 (0xff9ff06f) j       pc - 0x8
core   0: 3 0x8000d494 (0xff9ff06f)
core   0: 0x8000d48c (0x00003f17) auipc   t5, 0x3
core   0: 3 0x8000d48c (0x00003f17) x30 0x8001048c
core   0: 0x8000d490 (0xb63f2a23) sw      gp, -1164(t5)
core   0: 3 0x8000d490 (0xb63f2a23) mem 0x80010000 0x00000001
core   0: 0x8000d494 (0xff9ff06f) j       pc - 0x8
core   0: 3 0x8000d494 (0xff9ff06f)
core   0: 0x8000d48c (0x00003f17) auipc   t5, 0x3
core   0: 3 0x8000d48c (0x00003f17) x30 0x8001048c
core   0: 0x8000d490 (0xb63f2a23) sw      gp, -1164(t5)
core   0: 3 0x8000d490 (0xb63f2a23) mem 0x80010000 0x00000001
core   0: 0x8000d494 (0xff9ff06f) j       pc - 0x8
core   0: 3 0x8000d494 (0xff9ff06f)
core   0: 0x8000d48c (0x00003f17) auipc   t5, 0x3
core   0: 3 0x8000d48c (0x00003f17) x30 0x8001048c
core   0: 0x8000d490 (0xb63f2a23) sw      gp, -1164(t5)
core   0: 3 0x8000d490 (0xb63f2a23) mem 0x80010000 0x00000001
core   0: 0x8000d494 (0xff9ff06f) j       pc - 0x8
core   0: 3 0x8000d494 (0xff9ff06f)
core   0: 0x8000d48c (0x00003f17) auipc   t5, 0x3
core   0: 3 0x8000d48c (0x00003f17) x30 0x8001048c
core   0: 0x8000d490 (0xb63f2a23) sw      gp, -1164(t5)
core   0: 3 0x8000d490 (0xb63f2a23) mem 0x80010000 0x00000001
core   0: 0x8000d494 (0xff9ff06f) j       pc - 0x8
core   0: 3 0x8000d494 (0xff9ff06f)
core   0: 0x8000d48c (0x00003f17) auipc   t5, 0x3
core   0: 3 0x8000d48c (0x00003f17) x30 0x8001048c
core   0: 0x8000d490 (0xb63f2a23) sw      gp, -1164(t5)
core   0: 3 0x8000d490 (0xb63f2a23) mem 0x80010000 0x00000001
core   0: 0x8000d494 (0xff9ff06f) j       pc - 0x8
core   0: 3 0x8000d494 (0xff9ff06f)
core   0: 0x8000d48c (0x00003f17) auipc   t5, 0x3
core   0: 3 0x8000d48c (0x00003f17) x30 0x8001048c
core   0: 0x8000d490 (0xb63f2a23) sw      gp, -1164(t5)
core   0: 3 0x8000d490 (0xb63f2a23) mem 0x80010000 0x00000001
core   0: 0x8000d494 (0xff9ff06f) j       pc - 0x8
core   0: 3 0x8000d494 (0xff9ff06f)
core   0: 0x8000d48c (0x00003f17) auipc   t5, 0x3
core   0: 3 0x8000d48c (0x00003f17) x30 0x8001048c
core   0: 0x8000d490 (0xb63f2a23) sw      gp, -1164(t5)
core   0: 3 0x8000d490 (0xb63f2a23) mem 0x80010000 0x00000001
core   0: 0x8000d494 (0xff9ff06f) j       pc - 0x8
core   0: 3 0x8000d494 (0xff9ff06f)
core   0: 0x8000d48c (0x00003f17) auipc   t5, 0x3
core   0: 3 0x8000d48c (0x00003f17) x30 0x8001048c
core   0: 0x8000d490 (0xb63f2a23) sw      gp, -1164(t5)
core   0: 3 0x8000d490 (0xb63f2a23) mem 0x80010000 0x00000001
core   0: 0x8000d494 (0xff9ff06f) j       pc - 0x8
core   0: 3 0x8000d494 (0xff9ff06f)
core   0: 0x8000d48c (0x00003f17) auipc   t5, 0x3
core   0: 3 0x8000d48c (0x00003f17) x30 0x8001048c
core   0: 0x8000d490 (0xb63f2a23) sw      gp, -1164(t5)
core   0: 3 0x8000d490 (0xb63f2a23) mem 0x80010000 0x00000001
core   0: 0x8000d494 (0xff9ff06f) j       pc - 0x8
core   0: 3 0x8000d494 (0xff9ff06f)
core   0: 0x8000d48c (0x00003f17) auipc   t5, 0x3
core   0: 3 0x8000d48c (0x00003f17) x30 0x8001048c
core   0: 0x8000d490 (0xb63f2a23) sw      gp, -1164(t5)
core   0: 3 0x8000d490 (0xb63f2a23) mem 0x80010000 0x00000001
core   0: 0x8000d494 (0xff9ff06f) j       pc - 0x8
core   0: 3 0x8000d494 (0xff9ff06f)
core   0: 0x8000d48c (0x00003f17) auipc   t5, 0x3
core   0: 3 0x8000d48c (0x00003f17) x30 0x8001048c
core   0: 0x8000d490 (0xb63f2a23) sw      gp, -1164(t5)
core   0: 3 0x8000d490 (0xb63f2a23) mem 0x80010000 0x00000001
core   0: 0x8000d494 (0xff9ff06f) j       pc - 0x8
core   0: 3 0x8000d494 (0xff9ff06f)
core   0: 0x8000d48c (0x00003f17) auipc   t5, 0x3
core   0: 3 0x8000d48c (0x00003f17) x30 0x8001048c
core   0: 0x8000d490 (0xb63f2a23) sw      gp, -1164(t5)
core   0: 3 0x8000d490 (0xb63f2a23) mem 0x80010000 0x00000001
core   0: 0x8000d494 (0xff9ff06f) j       pc - 0x8
core   0: 3 0x8000d494 (0xff9ff06f)
core   0: 0x8000d48c (0x00003f17) auipc   t5, 0x3
core   0: 3 0x8000d48c (0x00003f17) x30 0x8001048c
core   0: 0x8000d490 (0xb63f2a23) sw      gp, -1164(t5)
core   0: 3 0x8000d490 (0xb63f2a23) mem 0x80010000 0x00000001
core   0: 0x8000d494 (0xff9ff06f) j       pc - 0x8
core   0: 3 0x8000d494 (0xff9ff06f)
core   0: 0x8000d48c (0x00003f17) auipc   t5, 0x3
core   0: 3 0x8000d48c (0x00003f17) x30 0x8001048c
core   0: 0x8000d490 (0xb63f2a23) sw      gp, -1164(t5)
core   0: 3 0x8000d490 (0xb63f2a23) mem 0x80010000 0x00000001
core   0: 0x8000d494 (0xff9ff06f) j       pc - 0x8
core   0: 3 0x8000d494 (0xff9ff06f)
core   0: 0x8000d48c (0x00003f17) auipc   t5, 0x3
core   0: 3 0x8000d48c (0x00003f17) x30 0x8001048c
core   0: 0x8000d490 (0xb63f2a23) sw      gp, -1164(t5)
core   0: 3 0x8000d490 (0xb63f2a23) mem 0x80010000 0x00000001
core   0: 0x8000d494 (0xff9ff06f) j       pc - 0x8
core   0: 3 0x8000d494 (0xff9ff06f)
core   0: 0x8000d48c (0x00003f17) auipc   t5, 0x3
core   0: 3 0x8000d48c (0x00003f17) x30 0x8001048c
core   0: 0x8000d490 (0xb63f2a23) sw      gp, -1164(t5)
core   0: 3 0x8000d490 (0xb63f2a23) mem 0x80010000 0x00000001
core   0: 0x8000d494 (0xff9ff06f) j       pc - 0x8
core   0: 3 0x8000d494 (0xff9ff06f)
core   0: 0x8000d48c (0x00003f17) auipc   t5, 0x3
core   0: 3 0x8000d48c (0x00003f17) x30 0x8001048c
core   0: 0x8000d490 (0xb63f2a23) sw      gp, -1164(t5)
core   0: 3 0x8000d490 (0xb63f2a23) mem 0x80010000 0x00000001
core   0: 0x8000d494 (0xff9ff06f) j       pc - 0x8
core   0: 3 0x8000d494 (0xff9ff06f)
core   0: 0x8000d48c (0x00003f17) auipc   t5, 0x3
core   0: 3 0x8000d48c (0x00003f17) x30 0x8001048c
core   0: 0x8000d490 (0xb63f2a23) sw      gp, -1164(t5)
core   0: 3 0x8000d490 (0xb63f2a23) mem 0x80010000 0x00000001
core   0: 0x8000d494 (0xff9ff06f) j       pc - 0x8
core   0: 3 0x8000d494 (0xff9ff06f)
core   0: 0x8000d48c (0x00003f17) auipc   t5, 0x3
core   0: 3 0x8000d48c (0x00003f17) x30 0x8001048c
core   0: 0x8000d490 (0xb63f2a23) sw      gp, -1164(t5)
core   0: 3 0x8000d490 (0xb63f2a23) mem 0x80010000 0x00000001
core   0: 0x8000d494 (0xff9ff06f) j       pc - 0x8
core   0: 3 0x8000d494 (0xff9ff06f)
core   0: 0x8000d48c (0x00003f17) auipc   t5, 0x3
core   0: 3 0x8000d48c (0x00003f17) x30 0x8001048c
core   0: 0x8000d490 (0xb63f2a23) sw      gp, -1164(t5)
core   0: 3 0x8000d490 (0xb63f2a23) mem 0x80010000 0x00000001
core   0: 0x8000d494 (0xff9ff06f) j       pc - 0x8
core   0: 3 0x8000d494 (0xff9ff06f)
core   0: 0x8000d48c (0x00003f17) auipc   t5, 0x3
core   0: 3 0x8000d48c (0x00003f17) x30 0x8001048c
core   0: 0x8000d490 (0xb63f2a23) sw      gp, -1164(t5)
core   0: 3 0x8000d490 (0xb63f2a23) mem 0x80010000 0x00000001
core   0: 0x8000d494 (0xff9ff06f) j       pc - 0x8
core   0: 3 0x8000d494 (0xff9ff06f)
core   0: 0x8000d48c (0x00003f17) auipc   t5, 0x3
core   0: 3 0x8000d48c (0x00003f17) x30 0x8001048c
core   0: 0x8000d490 (0xb63f2a23) sw      gp, -1164(t5)
core   0: 3 0x8000d490 (0xb63f2a23) mem 0x80010000 0x00000001
core   0: 0x8000d494 (0xff9ff06f) j       pc - 0x8
core   0: 3 0x8000d494 (0xff9ff06f)
core   0: 0x8000d48c (0x00003f17) auipc   t5, 0x3
core   0: 3 0x8000d48c (0x00003f17) x30 0x8001048c
core   0: 0x8000d490 (0xb63f2a23) sw      gp, -1164(t5)
core   0: 3 0x8000d490 (0xb63f2a23) mem 0x80010000 0x00000001
core   0: 0x8000d494 (0xff9ff06f) j       pc - 0x8
core   0: 3 0x8000d494 (0xff9ff06f)
core   0: 0x8000d48c (0x00003f17) auipc   t5, 0x3
core   0: 3 0x8000d48c (0x00003f17) x30 0x8001048c
core   0: 0x8000d490 (0xb63f2a23) sw      gp, -1164(t5)
core   0: 3 0x8000d490 (0xb63f2a23) mem 0x80010000 0x00000001
core   0: 0x8000d494 (0xff9ff06f) j       pc - 0x8
core   0: 3 0x8000d494 (0xff9ff06f)
core   0: 0x8000d48c (0x00003f17) auipc   t5, 0x3
core   0: 3 0x8000d48c (0x00003f17) x30 0x8001048c
core   0: 0x8000d490 (0xb63f2a23) sw      gp, -1164(t5)
core   0: 3 0x8000d490 (0xb63f2a23) mem 0x80010000 0x00000001
core   0: 0x8000d494 (0xff9ff06f) j       pc - 0x8
core   0: 3 0x8000d494 (0xff9ff06f)
core   0: 0x8000d48c (0x00003f17) auipc   t5, 0x3
core   0: 3 0x8000d48c (0x00003f17) x30 0x8001048c
core   0: 0x8000d490 (0xb63f2a23) sw      gp, -1164(t5)
core   0: 3 0x8000d490 (0xb63f2a23) mem 0x80010000 0x00000001
core   0: 0x8000d494 (0xff9ff06f) j       pc - 0x8
core   0: 3 0x8000d494 (0xff9ff06f)
core   0: 0x8000d48c (0x00003f17) auipc   t5, 0x3
core   0: 3 0x8000d48c (0x00003f17) x30 0x8001048c
core   0: 0x8000d490 (0xb63f2a23) sw      gp, -1164(t5)
core   0: 3 0x8000d490 (0xb63f2a23) mem 0x80010000 0x00000001
core   0: 0x8000d494 (0xff9ff06f) j       pc - 0x8
core   0: 3 0x8000d494 (0xff9ff06f)
core   0: 0x8000d48c (0x00003f17) auipc   t5, 0x3
core   0: 3 0x8000d48c (0x00003f17) x30 0x8001048c
core   0: 0x8000d490 (0xb63f2a23) sw      gp, -1164(t5)
core   0: 3 0x8000d490 (0xb63f2a23) mem 0x80010000 0x00000001
core   0: 0x8000d494 (0xff9ff06f) j       pc - 0x8
core   0: 3 0x8000d494 (0xff9ff06f)
core   0: 0x8000d48c (0x00003f17) auipc   t5, 0x3
core   0: 3 0x8000d48c (0x00003f17) x30 0x8001048c
core   0: 0x8000d490 (0xb63f2a23) sw      gp, -1164(t5)
core   0: 3 0x8000d490 (0xb63f2a23) mem 0x80010000 0x00000001
core   0: 0x8000d494 (0xff9ff06f) j       pc - 0x8
core   0: 3 0x8000d494 (0xff9ff06f)
core   0: 0x8000d48c (0x00003f17) auipc   t5, 0x3
core   0: 3 0x8000d48c (0x00003f17) x30 0x8001048c
core   0: 0x8000d490 (0xb63f2a23) sw      gp, -1164(t5)
core   0: 3 0x8000d490 (0xb63f2a23) mem 0x80010000 0x00000001
core   0: 0x8000d494 (0xff9ff06f) j       pc - 0x8
core   0: 3 0x8000d494 (0xff9ff06f)
core   0: 0x8000d48c (0x00003f17) auipc   t5, 0x3
core   0: 3 0x8000d48c (0x00003f17) x30 0x8001048c
core   0: 0x8000d490 (0xb63f2a23) sw      gp, -1164(t5)
core   0: 3 0x8000d490 (0xb63f2a23) mem 0x80010000 0x00000001
core   0: 0x8000d494 (0xff9ff06f) j       pc - 0x8
core   0: 3 0x8000d494 (0xff9ff06f)
core   0: 0x8000d48c (0x00003f17) auipc   t5, 0x3
core   0: 3 0x8000d48c (0x00003f17) x30 0x8001048c
core   0: 0x8000d490 (0xb63f2a23) sw      gp, -1164(t5)
core   0: 3 0x8000d490 (0xb63f2a23) mem 0x80010000 0x00000001
core   0: 0x8000d494 (0xff9ff06f) j       pc - 0x8
core   0: 3 0x8000d494 (0xff9ff06f)
core   0: 0x8000d48c (0x00003f17) auipc   t5, 0x3
core   0: 3 0x8000d48c (0x00003f17) x30 0x8001048c
core   0: 0x8000d490 (0xb63f2a23) sw      gp, -1164(t5)
core   0: 3 0x8000d490 (0xb63f2a23) mem 0x80010000 0x00000001
core   0: 0x8000d494 (0xff9ff06f) j       pc - 0x8
core   0: 3 0x8000d494 (0xff9ff06f)
core   0: 0x8000d48c (0x00003f17) auipc   t5, 0x3
core   0: 3 0x8000d48c (0x00003f17) x30 0x8001048c
core   0: 0x8000d490 (0xb63f2a23) sw      gp, -1164(t5)
core   0: 3 0x8000d490 (0xb63f2a23) mem 0x80010000 0x00000001
core   0: 0x8000d494 (0xff9ff06f) j       pc - 0x8
core   0: 3 0x8000d494 (0xff9ff06f)
core   0: 0x8000d48c (0x00003f17) auipc   t5, 0x3
core   0: 3 0x8000d48c (0x00003f17) x30 0x8001048c
core   0: 0x8000d490 (0xb63f2a23) sw      gp, -1164(t5)
core   0: 3 0x8000d490 (0xb63f2a23) mem 0x80010000 0x00000001
core   0: 0x8000d494 (0xff9ff06f) j       pc - 0x8
core   0: 3 0x8000d494 (0xff9ff06f)
core   0: 0x8000d48c (0x00003f17) auipc   t5, 0x3
core   0: 3 0x8000d48c (0x00003f17) x30 0x8001048c
core   0: 0x8000d490 (0xb63f2a23) sw      gp, -1164(t5)
core   0: 3 0x8000d490 (0xb63f2a23) mem 0x80010000 0x00000001
core   0: 0x8000d494 (0xff9ff06f) j       pc - 0x8
core   0: 3 0x8000d494 (0xff9ff06f)
core   0: 0x8000d48c (0x00003f17) auipc   t5, 0x3
core   0: 3 0x8000d48c (0x00003f17) x30 0x8001048c
core   0: 0x8000d490 (0xb63f2a23) sw      gp, -1164(t5)
core   0: 3 0x8000d490 (0xb63f2a23) mem 0x80010000 0x00000001
core   0: 0x8000d494 (0xff9ff06f) j       pc - 0x8
core   0: 3 0x8000d494 (0xff9ff06f)
core   0: 0x8000d48c (0x00003f17) auipc   t5, 0x3
core   0: 3 0x8000d48c (0x00003f17) x30 0x8001048c
core   0: 0x8000d490 (0xb63f2a23) sw      gp, -1164(t5)
core   0: 3 0x8000d490 (0xb63f2a23) mem 0x80010000 0x00000001
core   0: 0x8000d494 (0xff9ff06f) j       pc - 0x8
core   0: 3 0x8000d494 (0xff9ff06f)
core   0: 0x8000d48c (0x00003f17) auipc   t5, 0x3
core   0: 3 0x8000d48c (0x00003f17) x30 0x8001048c
core   0: 0x8000d490 (0xb63f2a23) sw      gp, -1164(t5)
core   0: 3 0x8000d490 (0xb63f2a23) mem 0x80010000 0x00000001
core   0: 0x8000d494 (0xff9ff06f) j       pc - 0x8
core   0: 3 0x8000d494 (0xff9ff06f)
core   0: 0x8000d48c (0x00003f17) auipc   t5, 0x3
core   0: 3 0x8000d48c (0x00003f17) x30 0x8001048c
core   0: 0x8000d490 (0xb63f2a23) sw      gp, -1164(t5)
core   0: 3 0x8000d490 (0xb63f2a23) mem 0x80010000 0x00000001
core   0: 0x8000d494 (0xff9ff06f) j       pc - 0x8
core   0: 3 0x8000d494 (0xff9ff06f)
core   0: 0x8000d48c (0x00003f17) auipc   t5, 0x3
core   0: 3 0x8000d48c (0x00003f17) x30 0x8001048c
core   0: 0x8000d490 (0xb63f2a23) sw      gp, -1164(t5)
core   0: 3 0x8000d490 (0xb63f2a23) mem 0x80010000 0x00000001
core   0: 0x8000d494 (0xff9ff06f) j       pc - 0x8
core   0: 3 0x8000d494 (0xff9ff06f)
core   0: 0x8000d48c (0x00003f17) auipc   t5, 0x3
core   0: 3 0x8000d48c (0x00003f17) x30 0x8001048c
core   0: 0x8000d490 (0xb63f2a23) sw      gp, -1164(t5)
core   0: 3 0x8000d490 (0xb63f2a23) mem 0x80010000 0x00000001
core   0: 0x8000d494 (0xff9ff06f) j       pc - 0x8
core   0: 3 0x8000d494 (0xff9ff06f)
core   0: 0x8000d48c (0x00003f17) auipc   t5, 0x3
core   0: 3 0x8000d48c (0x00003f17) x30 0x8001048c
core   0: 0x8000d490 (0xb63f2a23) sw      gp, -1164(t5)
core   0: 3 0x8000d490 (0xb63f2a23) mem 0x80010000 0x00000001
core   0: 0x8000d494 (0xff9ff06f) j       pc - 0x8
core   0: 3 0x8000d494 (0xff9ff06f)
core   0: 0x8000d48c (0x00003f17) auipc   t5, 0x3
core   0: 3 0x8000d48c (0x00003f17) x30 0x8001048c
core   0: 0x8000d490 (0xb63f2a23) sw      gp, -1164(t5)
core   0: 3 0x8000d490 (0xb63f2a23) mem 0x80010000 0x00000001
core   0: 0x8000d494 (0xff9ff06f) j       pc - 0x8
core   0: 3 0x8000d494 (0xff9ff06f)
core   0: 0x8000d48c (0x00003f17) auipc   t5, 0x3
core   0: 3 0x8000d48c (0x00003f17) x30 0x8001048c
core   0: 0x8000d490 (0xb63f2a23) sw      gp, -1164(t5)
core   0: 3 0x8000d490 (0xb63f2a23) mem 0x80010000 0x00000001
core   0: 0x8000d494 (0xff9ff06f) j       pc - 0x8
core   0: 3 0x8000d494 (0xff9ff06f)
core   0: 0x8000d48c (0x00003f17) auipc   t5, 0x3
core   0: 3 0x8000d48c (0x00003f17) x30 0x8001048c
core   0: 0x8000d490 (0xb63f2a23) sw      gp, -1164(t5)
core   0: 3 0x8000d490 (0xb63f2a23) mem 0x80010000 0x00000001
core   0: 0x8000d494 (0xff9ff06f) j       pc - 0x8
core   0: 3 0x8000d494 (0xff9ff06f)
core   0: 0x8000d48c (0x00003f17) auipc   t5, 0x3
core   0: 3 0x8000d48c (0x00003f17) x30 0x8001048c
core   0: 0x8000d490 (0xb63f2a23) sw      gp, -1164(t5)
core   0: 3 0x8000d490 (0xb63f2a23) mem 0x80010000 0x00000001
core   0: 0x8000d494 (0xff9ff06f) j       pc - 0x8
core   0: 3 0x8000d494 (0xff9ff06f)
core   0: 0x8000d48c (0x00003f17) auipc   t5, 0x3
core   0: 3 0x8000d48c (0x00003f17) x30 0x8001048c
core   0: 0x8000d490 (0xb63f2a23) sw      gp, -1164(t5)
core   0: 3 0x8000d490 (0xb63f2a23) mem 0x80010000 0x00000001
core   0: 0x8000d494 (0xff9ff06f) j       pc - 0x8
core   0: 3 0x8000d494 (0xff9ff06f)
core   0: 0x8000d48c (0x00003f17) auipc   t5, 0x3
core   0: 3 0x8000d48c (0x00003f17) x30 0x8001048c
core   0: 0x8000d490 (0xb63f2a23) sw      gp, -1164(t5)
core   0: 3 0x8000d490 (0xb63f2a23) mem 0x80010000 0x00000001
core   0: 0x8000d494 (0xff9ff06f) j       pc - 0x8
core   0: 3 0x8000d494 (0xff9ff06f)
core   0: 0x8000d48c (0x00003f17) auipc   t5, 0x3
core   0: 3 0x8000d48c (0x00003f17) x30 0x8001048c
core   0: 0x8000d490 (0xb63f2a23) sw      gp, -1164(t5)
core   0: 3 0x8000d490 (0xb63f2a23) mem 0x80010000 0x00000001
core   0: 0x8000d494 (0xff9ff06f) j       pc - 0x8
core   0: 3 0x8000d494 (0xff9ff06f)
core   0: 0x8000d48c (0x00003f17) auipc   t5, 0x3
core   0: 3 0x8000d48c (0x00003f17) x30 0x8001048c
core   0: 0x8000d490 (0xb63f2a23) sw      gp, -1164(t5)
core   0: 3 0x8000d490 (0xb63f2a23) mem 0x80010000 0x00000001
core   0: 0x8000d494 (0xff9ff06f) j       pc - 0x8
core   0: 3 0x8000d494 (0xff9ff06f)
core   0: 0x8000d48c (0x00003f17) auipc   t5, 0x3
core   0: 3 0x8000d48c (0x00003f17) x30 0x8001048c
core   0: 0x8000d490 (0xb63f2a23) sw      gp, -1164(t5)
core   0: 3 0x8000d490 (0xb63f2a23) mem 0x80010000 0x00000001
core   0: 0x8000d494 (0xff9ff06f) j       pc - 0x8
core   0: 3 0x8000d494 (0xff9ff06f)
core   0: 0x8000d48c (0x00003f17) auipc   t5, 0x3
core   0: 3 0x8000d48c (0x00003f17) x30 0x8001048c
core   0: 0x8000d490 (0xb63f2a23) sw      gp, -1164(t5)
core   0: 3 0x8000d490 (0xb63f2a23) mem 0x80010000 0x00000001
core   0: 0x8000d494 (0xff9ff06f) j       pc - 0x8
core   0: 3 0x8000d494 (0xff9ff06f)
core   0: 0x8000d48c (0x00003f17) auipc   t5, 0x3
core   0: 3 0x8000d48c (0x00003f17) x30 0x8001048c
core   0: 0x8000d490 (0xb63f2a23) sw      gp, -1164(t5)
core   0: 3 0x8000d490 (0xb63f2a23) mem 0x80010000 0x00000001
core   0: 0x8000d494 (0xff9ff06f) j       pc - 0x8
core   0: 3 0x8000d494 (0xff9ff06f)
core   0: 0x8000d48c (0x00003f17) auipc   t5, 0x3
core   0: 3 0x8000d48c (0x00003f17) x30 0x8001048c
core   0: 0x8000d490 (0xb63f2a23) sw      gp, -1164(t5)
core   0: 3 0x8000d490 (0xb63f2a23) mem 0x80010000 0x00000001
core   0: 0x8000d494 (0xff9ff06f) j       pc - 0x8
core   0: 3 0x8000d494 (0xff9ff06f)
core   0: 0x8000d48c (0x00003f17) auipc   t5, 0x3
core   0: 3 0x8000d48c (0x00003f17) x30 0x8001048c
core   0: 0x8000d490 (0xb63f2a23) sw      gp, -1164(t5)
core   0: 3 0x8000d490 (0xb63f2a23) mem 0x80010000 0x00000001
core   0: 0x8000d494 (0xff9ff06f) j       pc - 0x8
core   0: 3 0x8000d494 (0xff9ff06f)
core   0: 0x8000d48c (0x00003f17) auipc   t5, 0x3
core   0: 3 0x8000d48c (0x00003f17) x30 0x8001048c
core   0: 0x8000d490 (0xb63f2a23) sw      gp, -1164(t5)
core   0: 3 0x8000d490 (0xb63f2a23) mem 0x80010000 0x00000001
core   0: 0x8000d494 (0xff9ff06f) j       pc - 0x8
core   0: 3 0x8000d494 (0xff9ff06f)
core   0: 0x8000d48c (0x00003f17) auipc   t5, 0x3
core   0: 3 0x8000d48c (0x00003f17) x30 0x8001048c
core   0: 0x8000d490 (0xb63f2a23) sw      gp, -1164(t5)
core   0: 3 0x8000d490 (0xb63f2a23) mem 0x80010000 0x00000001
core   0: 0x8000d494 (0xff9ff06f) j       pc - 0x8
core   0: 3 0x8000d494 (0xff9ff06f)
core   0: 0x8000d48c (0x00003f17) auipc   t5, 0x3
core   0: 3 0x8000d48c (0x00003f17) x30 0x8001048c
core   0: 0x8000d490 (0xb63f2a23) sw      gp, -1164(t5)
core   0: 3 0x8000d490 (0xb63f2a23) mem 0x80010000 0x00000001
core   0: 0x8000d494 (0xff9ff06f) j       pc - 0x8
core   0: 3 0x8000d494 (0xff9ff06f)
core   0: 0x8000d48c (0x00003f17) auipc   t5, 0x3
core   0: 3 0x8000d48c (0x00003f17) x30 0x8001048c
core   0: 0x8000d490 (0xb63f2a23) sw      gp, -1164(t5)
core   0: 3 0x8000d490 (0xb63f2a23) mem 0x80010000 0x00000001
core   0: 0x8000d494 (0xff9ff06f) j       pc - 0x8
core   0: 3 0x8000d494 (0xff9ff06f)
core   0: 0x8000d48c (0x00003f17) auipc   t5, 0x3
core   0: 3 0x8000d48c (0x00003f17) x30 0x8001048c
core   0: 0x8000d490 (0xb63f2a23) sw      gp, -1164(t5)
core   0: 3 0x8000d490 (0xb63f2a23) mem 0x80010000 0x00000001
core   0: 0x8000d494 (0xff9ff06f) j       pc - 0x8
core   0: 3 0x8000d494 (0xff9ff06f)
core   0: 0x8000d48c (0x00003f17) auipc   t5, 0x3
core   0: 3 0x8000d48c (0x00003f17) x30 0x8001048c
core   0: 0x8000d490 (0xb63f2a23) sw      gp, -1164(t5)
core   0: 3 0x8000d490 (0xb63f2a23) mem 0x80010000 0x00000001
core   0: 0x8000d494 (0xff9ff06f) j       pc - 0x8
core   0: 3 0x8000d494 (0xff9ff06f)
core   0: 0x8000d48c (0x00003f17) auipc   t5, 0x3
core   0: 3 0x8000d48c (0x00003f17) x30 0x8001048c
core   0: 0x8000d490 (0xb63f2a23) sw      gp, -1164(t5)
core   0: 3 0x8000d490 (0xb63f2a23) mem 0x80010000 0x00000001
core   0: 0x8000d494 (0xff9ff06f) j       pc - 0x8
core   0: 3 0x8000d494 (0xff9ff06f)
core   0: 0x8000d48c (0x00003f17) auipc   t5, 0x3
core   0: 3 0x8000d48c (0x00003f17) x30 0x8001048c
core   0: 0x8000d490 (0xb63f2a23) sw      gp, -1164(t5)
core   0: 3 0x8000d490 (0xb63f2a23) mem 0x80010000 0x00000001
core   0: 0x8000d494 (0xff9ff06f) j       pc - 0x8
core   0: 3 0x8000d494 (0xff9ff06f)
core   0: 0x8000d48c (0x00003f17) auipc   t5, 0x3
core   0: 3 0x8000d48c (0x00003f17) x30 0x8001048c
core   0: 0x8000d490 (0xb63f2a23) sw      gp, -1164(t5)
core   0: 3 0x8000d490 (0xb63f2a23) mem 0x80010000 0x00000001
core   0: 0x8000d494 (0xff9ff06f) j       pc - 0x8
core   0: 3 0x8000d494 (0xff9ff06f)
core   0: 0x8000d48c (0x00003f17) auipc   t5, 0x3
core   0: 3 0x8000d48c (0x00003f17) x30 0x8001048c
core   0: 0x8000d490 (0xb63f2a23) sw      gp, -1164(t5)
core   0: 3 0x8000d490 (0xb63f2a23) mem 0x80010000 0x00000001
core   0: 0x8000d494 (0xff9ff06f) j       pc - 0x8
core   0: 3 0x8000d494 (0xff9ff06f)
core   0: 0x8000d48c (0x00003f17) auipc   t5, 0x3
core   0: 3 0x8000d48c (0x00003f17) x30 0x8001048c
core   0: 0x8000d490 (0xb63f2a23) sw      gp, -1164(t5)
core   0: 3 0x8000d490 (0xb63f2a23) mem 0x80010000 0x00000001
core   0: 0x8000d494 (0xff9ff06f) j       pc - 0x8
core   0: 3 0x8000d494 (0xff9ff06f)
core   0: 0x8000d48c (0x00003f17) auipc   t5, 0x3
core   0: 3 0x8000d48c (0x00003f17) x30 0x8001048c
core   0: 0x8000d490 (0xb63f2a23) sw      gp, -1164(t5)
core   0: 3 0x8000d490 (0xb63f2a23) mem 0x80010000 0x00000001
core   0: 0x8000d494 (0xff9ff06f) j       pc - 0x8
core   0: 3 0x8000d494 (0xff9ff06f)
core   0: 0x8000d48c (0x00003f17) auipc   t5, 0x3
core   0: 3 0x8000d48c (0x00003f17) x30 0x8001048c
core   0: 0x8000d490 (0xb63f2a23) sw      gp, -1164(t5)
core   0: 3 0x8000d490 (0xb63f2a23) mem 0x80010000 0x00000001
core   0: 0x8000d494 (0xff9ff06f) j       pc - 0x8
core   0: 3 0x8000d494 (0xff9ff06f)
core   0: 0x8000d48c (0x00003f17) auipc   t5, 0x3
core   0: 3 0x8000d48c (0x00003f17) x30 0x8001048c
core   0: 0x8000d490 (0xb63f2a23) sw      gp, -1164(t5)
core   0: 3 0x8000d490 (0xb63f2a23) mem 0x80010000 0x00000001
core   0: 0x8000d494 (0xff9ff06f) j       pc - 0x8
core   0: 3 0x8000d494 (0xff9ff06f)
core   0: 0x8000d48c (0x00003f17) auipc   t5, 0x3
core   0: 3 0x8000d48c (0x00003f17) x30 0x8001048c
core   0: 0x8000d490 (0xb63f2a23) sw      gp, -1164(t5)
core   0: 3 0x8000d490 (0xb63f2a23) mem 0x80010000 0x00000001
core   0: 0x8000d494 (0xff9ff06f) j       pc - 0x8
core   0: 3 0x8000d494 (0xff9ff06f)
core   0: 0x8000d48c (0x00003f17) auipc   t5, 0x3
core   0: 3 0x8000d48c (0x00003f17) x30 0x8001048c
core   0: 0x8000d490 (0xb63f2a23) sw      gp, -1164(t5)
core   0: 3 0x8000d490 (0xb63f2a23) mem 0x80010000 0x00000001
core   0: 0x8000d494 (0xff9ff06f) j       pc - 0x8
core   0: 3 0x8000d494 (0xff9ff06f)
core   0: 0x8000d48c (0x00003f17) auipc   t5, 0x3
core   0: 3 0x8000d48c (0x00003f17) x30 0x8001048c
core   0: 0x8000d490 (0xb63f2a23) sw      gp, -1164(t5)
core   0: 3 0x8000d490 (0xb63f2a23) mem 0x80010000 0x00000001
core   0: 0x8000d494 (0xff9ff06f) j       pc - 0x8
core   0: 3 0x8000d494 (0xff9ff06f)
core   0: 0x8000d48c (0x00003f17) auipc   t5, 0x3
core   0: 3 0x8000d48c (0x00003f17) x30 0x8001048c
core   0: 0x8000d490 (0xb63f2a23) sw      gp, -1164(t5)
core   0: 3 0x8000d490 (0xb63f2a23) mem 0x80010000 0x00000001
core   0: 0x8000d494 (0xff9ff06f) j       pc - 0x8
core   0: 3 0x8000d494 (0xff9ff06f)
core   0: 0x8000d48c (0x00003f17) auipc   t5, 0x3
core   0: 3 0x8000d48c (0x00003f17) x30 0x8001048c
core   0: 0x8000d490 (0xb63f2a23) sw      gp, -1164(t5)
core   0: 3 0x8000d490 (0xb63f2a23) mem 0x80010000 0x00000001
core   0: 0x8000d494 (0xff9ff06f) j       pc - 0x8
core   0: 3 0x8000d494 (0xff9ff06f)
core   0: 0x8000d48c (0x00003f17) auipc   t5, 0x3
core   0: 3 0x8000d48c (0x00003f17) x30 0x8001048c
core   0: 0x8000d490 (0xb63f2a23) sw      gp, -1164(t5)
core   0: 3 0x8000d490 (0xb63f2a23) mem 0x80010000 0x00000001
core   0: 0x8000d494 (0xff9ff06f) j       pc - 0x8
core   0: 3 0x8000d494 (0xff9ff06f)
core   0: 0x8000d48c (0x00003f17) auipc   t5, 0x3
core   0: 3 0x8000d48c (0x00003f17) x30 0x8001048c
core   0: 0x8000d490 (0xb63f2a23) sw      gp, -1164(t5)
core   0: 3 0x8000d490 (0xb63f2a23) mem 0x80010000 0x00000001
core   0: 0x8000d494 (0xff9ff06f) j       pc - 0x8
core   0: 3 0x8000d494 (0xff9ff06f)
core   0: 0x8000d48c (0x00003f17) auipc   t5, 0x3
core   0: 3 0x8000d48c (0x00003f17) x30 0x8001048c
core   0: 0x8000d490 (0xb63f2a23) sw      gp, -1164(t5)
core   0: 3 0x8000d490 (0xb63f2a23) mem 0x80010000 0x00000001
core   0: 0x8000d494 (0xff9ff06f) j       pc - 0x8
core   0: 3 0x8000d494 (0xff9ff06f)
core   0: 0x8000d48c (0x00003f17) auipc   t5, 0x3
core   0: 3 0x8000d48c (0x00003f17) x30 0x8001048c
core   0: 0x8000d490 (0xb63f2a23) sw      gp, -1164(t5)
core   0: 3 0x8000d490 (0xb63f2a23) mem 0x80010000 0x00000001
core   0: 0x8000d494 (0xff9ff06f) j       pc - 0x8
core   0: 3 0x8000d494 (0xff9ff06f)
core   0: 0x8000d48c (0x00003f17) auipc   t5, 0x3
core   0: 3 0x8000d48c (0x00003f17) x30 0x8001048c
core   0: 0x8000d490 (0xb63f2a23) sw      gp, -1164(t5)
core   0: 3 0x8000d490 (0xb63f2a23) mem 0x80010000 0x00000001
core   0: 0x8000d494 (0xff9ff06f) j       pc - 0x8
core   0: 3 0x8000d494 (0xff9ff06f)
core   0: 0x8000d48c (0x00003f17) auipc   t5, 0x3
core   0: 3 0x8000d48c (0x00003f17) x30 0x8001048c
core   0: 0x8000d490 (0xb63f2a23) sw      gp, -1164(t5)
core   0: 3 0x8000d490 (0xb63f2a23) mem 0x80010000 0x00000001
core   0: 0x8000d494 (0xff9ff06f) j       pc - 0x8
core   0: 3 0x8000d494 (0xff9ff06f)
core   0: 0x8000d48c (0x00003f17) auipc   t5, 0x3
core   0: 3 0x8000d48c (0x00003f17) x30 0x8001048c
core   0: 0x8000d490 (0xb63f2a23) sw      gp, -1164(t5)
core   0: 3 0x8000d490 (0xb63f2a23) mem 0x80010000 0x00000001
core   0: 0x8000d494 (0xff9ff06f) j       pc - 0x8
core   0: 3 0x8000d494 (0xff9ff06f)
core   0: 0x8000d48c (0x00003f17) auipc   t5, 0x3
core   0: 3 0x8000d48c (0x00003f17) x30 0x8001048c
core   0: 0x8000d490 (0xb63f2a23) sw      gp, -1164(t5)
core   0: 3 0x8000d490 (0xb63f2a23) mem 0x80010000 0x00000001
core   0: 0x8000d494 (0xff9ff06f) j       pc - 0x8
core   0: 3 0x8000d494 (0xff9ff06f)
core   0: 0x8000d48c (0x00003f17) auipc   t5, 0x3
core   0: 3 0x8000d48c (0x00003f17) x30 0x8001048c
core   0: 0x8000d490 (0xb63f2a23) sw      gp, -1164(t5)
core   0: 3 0x8000d490 (0xb63f2a23) mem 0x80010000 0x00000001
core   0: 0x8000d494 (0xff9ff06f) j       pc - 0x8
core   0: 3 0x8000d494 (0xff9ff06f)
core   0: 0x8000d48c (0x00003f17) auipc   t5, 0x3
core   0: 3 0x8000d48c (0x00003f17) x30 0x8001048c
core   0: 0x8000d490 (0xb63f2a23) sw      gp, -1164(t5)
core   0: 3 0x8000d490 (0xb63f2a23) mem 0x80010000 0x00000001
core   0: 0x8000d494 (0xff9ff06f) j       pc - 0x8
core   0: 3 0x8000d494 (0xff9ff06f)
core   0: 0x8000d48c (0x00003f17) auipc   t5, 0x3
core   0: 3 0x8000d48c (0x00003f17) x30 0x8001048c
core   0: 0x8000d490 (0xb63f2a23) sw      gp, -1164(t5)
core   0: 3 0x8000d490 (0xb63f2a23) mem 0x80010000 0x00000001
core   0: 0x8000d494 (0xff9ff06f) j       pc - 0x8
core   0: 3 0x8000d494 (0xff9ff06f)
core   0: 0x8000d48c (0x00003f17) auipc   t5, 0x3
core   0: 3 0x8000d48c (0x00003f17) x30 0x8001048c
core   0: 0x8000d490 (0xb63f2a23) sw      gp, -1164(t5)
core   0: 3 0x8000d490 (0xb63f2a23) mem 0x80010000 0x00000001
core   0: 0x8000d494 (0xff9ff06f) j       pc - 0x8
core   0: 3 0x8000d494 (0xff9ff06f)
core   0: 0x8000d48c (0x00003f17) auipc   t5, 0x3
core   0: 3 0x8000d48c (0x00003f17) x30 0x8001048c
core   0: 0x8000d490 (0xb63f2a23) sw      gp, -1164(t5)
core   0: 3 0x8000d490 (0xb63f2a23) mem 0x80010000 0x00000001
core   0: 0x8000d494 (0xff9ff06f) j       pc - 0x8
core   0: 3 0x8000d494 (0xff9ff06f)
core   0: 0x8000d48c (0x00003f17) auipc   t5, 0x3
core   0: 3 0x8000d48c (0x00003f17) x30 0x8001048c
core   0: 0x8000d490 (0xb63f2a23) sw      gp, -1164(t5)
core   0: 3 0x8000d490 (0xb63f2a23) mem 0x80010000 0x00000001
core   0: 0x8000d494 (0xff9ff06f) j       pc - 0x8
core   0: 3 0x8000d494 (0xff9ff06f)
core   0: 0x8000d48c (0x00003f17) auipc   t5, 0x3
core   0: 3 0x8000d48c (0x00003f17) x30 0x8001048c
core   0: 0x8000d490 (0xb63f2a23) sw      gp, -1164(t5)
core   0: 3 0x8000d490 (0xb63f2a23) mem 0x80010000 0x00000001
core   0: 0x8000d494 (0xff9ff06f) j       pc - 0x8
core   0: 3 0x8000d494 (0xff9ff06f)
core   0: 0x8000d48c (0x00003f17) auipc   t5, 0x3
core   0: 3 0x8000d48c (0x00003f17) x30 0x8001048c
core   0: 0x8000d490 (0xb63f2a23) sw      gp, -1164(t5)
core   0: 3 0x8000d490 (0xb63f2a23) mem 0x80010000 0x00000001
core   0: 0x8000d494 (0xff9ff06f) j       pc - 0x8
core   0: 3 0x8000d494 (0xff9ff06f)
core   0: 0x8000d48c (0x00003f17) auipc   t5, 0x3
core   0: 3 0x8000d48c (0x00003f17) x30 0x8001048c
core   0: 0x8000d490 (0xb63f2a23) sw      gp, -1164(t5)
core   0: 3 0x8000d490 (0xb63f2a23) mem 0x80010000 0x00000001
core   0: 0x8000d494 (0xff9ff06f) j       pc - 0x8
core   0: 3 0x8000d494 (0xff9ff06f)
core   0: 0x8000d48c (0x00003f17) auipc   t5, 0x3
core   0: 3 0x8000d48c (0x00003f17) x30 0x8001048c
core   0: 0x8000d490 (0xb63f2a23) sw      gp, -1164(t5)
core   0: 3 0x8000d490 (0xb63f2a23) mem 0x80010000 0x00000001
core   0: 0x8000d494 (0xff9ff06f) j       pc - 0x8
core   0: 3 0x8000d494 (0xff9ff06f)
core   0: 0x8000d48c (0x00003f17) auipc   t5, 0x3
core   0: 3 0x8000d48c (0x00003f17) x30 0x8001048c
core   0: 0x8000d490 (0xb63f2a23) sw      gp, -1164(t5)
core   0: 3 0x8000d490 (0xb63f2a23) mem 0x80010000 0x00000001
core   0: 0x8000d494 (0xff9ff06f) j       pc - 0x8
core   0: 3 0x8000d494 (0xff9ff06f)
core   0: 0x8000d48c (0x00003f17) auipc   t5, 0x3
core   0: 3 0x8000d48c (0x00003f17) x30 0x8001048c
core   0: 0x8000d490 (0xb63f2a23) sw      gp, -1164(t5)
core   0: 3 0x8000d490 (0xb63f2a23) mem 0x80010000 0x00000001
core   0: 0x8000d494 (0xff9ff06f) j       pc - 0x8
core   0: 3 0x8000d494 (0xff9ff06f)
core   0: 0x8000d48c (0x00003f17) auipc   t5, 0x3
core   0: 3 0x8000d48c (0x00003f17) x30 0x8001048c
core   0: 0x8000d490 (0xb63f2a23) sw      gp, -1164(t5)
core   0: 3 0x8000d490 (0xb63f2a23) mem 0x80010000 0x00000001
core   0: 0x8000d494 (0xff9ff06f) j       pc - 0x8
core   0: 3 0x8000d494 (0xff9ff06f)
core   0: 0x8000d48c (0x00003f17) auipc   t5, 0x3
core   0: 3 0x8000d48c (0x00003f17) x30 0x8001048c
core   0: 0x8000d490 (0xb63f2a23) sw      gp, -1164(t5)
core   0: 3 0x8000d490 (0xb63f2a23) mem 0x80010000 0x00000001
core   0: 0x8000d494 (0xff9ff06f) j       pc - 0x8
core   0: 3 0x8000d494 (0xff9ff06f)
core   0: 0x8000d48c (0x00003f17) auipc   t5, 0x3
core   0: 3 0x8000d48c (0x00003f17) x30 0x8001048c
core   0: 0x8000d490 (0xb63f2a23) sw      gp, -1164(t5)
core   0: 3 0x8000d490 (0xb63f2a23) mem 0x80010000 0x00000001
core   0: 0x8000d494 (0xff9ff06f) j       pc - 0x8
core   0: 3 0x8000d494 (0xff9ff06f)
core   0: 0x8000d48c (0x00003f17) auipc   t5, 0x3
core   0: 3 0x8000d48c (0x00003f17) x30 0x8001048c
core   0: 0x8000d490 (0xb63f2a23) sw      gp, -1164(t5)
core   0: 3 0x8000d490 (0xb63f2a23) mem 0x80010000 0x00000001
core   0: 0x8000d494 (0xff9ff06f) j       pc - 0x8
core   0: 3 0x8000d494 (0xff9ff06f)
core   0: 0x8000d48c (0x00003f17) auipc   t5, 0x3
core   0: 3 0x8000d48c (0x00003f17) x30 0x8001048c
core   0: 0x8000d490 (0xb63f2a23) sw      gp, -1164(t5)
core   0: 3 0x8000d490 (0xb63f2a23) mem 0x80010000 0x00000001
core   0: 0x8000d494 (0xff9ff06f) j       pc - 0x8
core   0: 3 0x8000d494 (0xff9ff06f)
core   0: 0x8000d48c (0x00003f17) auipc   t5, 0x3
core   0: 3 0x8000d48c (0x00003f17) x30 0x8001048c
core   0: 0x8000d490 (0xb63f2a23) sw      gp, -1164(t5)
core   0: 3 0x8000d490 (0xb63f2a23) mem 0x80010000 0x00000001
core   0: 0x8000d494 (0xff9ff06f) j       pc - 0x8
core   0: 3 0x8000d494 (0xff9ff06f)
core   0: 0x8000d48c (0x00003f17) auipc   t5, 0x3
core   0: 3 0x8000d48c (0x00003f17) x30 0x8001048c
core   0: 0x8000d490 (0xb63f2a23) sw      gp, -1164(t5)
core   0: 3 0x8000d490 (0xb63f2a23) mem 0x80010000 0x00000001
core   0: 0x8000d494 (0xff9ff06f) j       pc - 0x8
core   0: 3 0x8000d494 (0xff9ff06f)
core   0: 0x8000d48c (0x00003f17) auipc   t5, 0x3
core   0: 3 0x8000d48c (0x00003f17) x30 0x8001048c
core   0: 0x8000d490 (0xb63f2a23) sw      gp, -1164(t5)
core   0: 3 0x8000d490 (0xb63f2a23) mem 0x80010000 0x00000001
core   0: 0x8000d494 (0xff9ff06f) j       pc - 0x8
core   0: 3 0x8000d494 (0xff9ff06f)
core   0: 0x8000d48c (0x00003f17) auipc   t5, 0x3
core   0: 3 0x8000d48c (0x00003f17) x30 0x8001048c
core   0: 0x8000d490 (0xb63f2a23) sw      gp, -1164(t5)
core   0: 3 0x8000d490 (0xb63f2a23) mem 0x80010000 0x00000001
core   0: 0x8000d494 (0xff9ff06f) j       pc - 0x8
core   0: 3 0x8000d494 (0xff9ff06f)
core   0: 0x8000d48c (0x00003f17) auipc   t5, 0x3
core   0: 3 0x8000d48c (0x00003f17) x30 0x8001048c
core   0: 0x8000d490 (0xb63f2a23) sw      gp, -1164(t5)
core   0: 3 0x8000d490 (0xb63f2a23) mem 0x80010000 0x00000001
core   0: 0x8000d494 (0xff9ff06f) j       pc - 0x8
core   0: 3 0x8000d494 (0xff9ff06f)
core   0: 0x8000d48c (0x00003f17) auipc   t5, 0x3
core   0: 3 0x8000d48c (0x00003f17) x30 0x8001048c
core   0: 0x8000d490 (0xb63f2a23) sw      gp, -1164(t5)
core   0: 3 0x8000d490 (0xb63f2a23) mem 0x80010000 0x00000001
core   0: 0x8000d494 (0xff9ff06f) j       pc - 0x8
core   0: 3 0x8000d494 (0xff9ff06f)
core   0: 0x8000d48c (0x00003f17) auipc   t5, 0x3
core   0: 3 0x8000d48c (0x00003f17) x30 0x8001048c
core   0: 0x8000d490 (0xb63f2a23) sw      gp, -1164(t5)
core   0: 3 0x8000d490 (0xb63f2a23) mem 0x80010000 0x00000001
core   0: 0x8000d494 (0xff9ff06f) j       pc - 0x8
core   0: 3 0x8000d494 (0xff9ff06f)
core   0: 0x8000d48c (0x00003f17) auipc   t5, 0x3
core   0: 3 0x8000d48c (0x00003f17) x30 0x8001048c
core   0: 0x8000d490 (0xb63f2a23) sw      gp, -1164(t5)
core   0: 3 0x8000d490 (0xb63f2a23) mem 0x80010000 0x00000001
core   0: 0x8000d494 (0xff9ff06f) j       pc - 0x8
core   0: 3 0x8000d494 (0xff9ff06f)
core   0: 0x8000d48c (0x00003f17) auipc   t5, 0x3
core   0: 3 0x8000d48c (0x00003f17) x30 0x8001048c
core   0: 0x8000d490 (0xb63f2a23) sw      gp, -1164(t5)
core   0: 3 0x8000d490 (0xb63f2a23) mem 0x80010000 0x00000001
core   0: 0x8000d494 (0xff9ff06f) j       pc - 0x8
core   0: 3 0x8000d494 (0xff9ff06f)
core   0: 0x8000d48c (0x00003f17) auipc   t5, 0x3
core   0: 3 0x8000d48c (0x00003f17) x30 0x8001048c
core   0: 0x8000d490 (0xb63f2a23) sw      gp, -1164(t5)
core   0: 3 0x8000d490 (0xb63f2a23) mem 0x80010000 0x00000001
core   0: 0x8000d494 (0xff9ff06f) j       pc - 0x8
core   0: 3 0x8000d494 (0xff9ff06f)
core   0: 0x8000d48c (0x00003f17) auipc   t5, 0x3
core   0: 3 0x8000d48c (0x00003f17) x30 0x8001048c
core   0: 0x8000d490 (0xb63f2a23) sw      gp, -1164(t5)
core   0: 3 0x8000d490 (0xb63f2a23) mem 0x80010000 0x00000001
core   0: 0x8000d494 (0xff9ff06f) j       pc - 0x8
core   0: 3 0x8000d494 (0xff9ff06f)
core   0: 0x8000d48c (0x00003f17) auipc   t5, 0x3
core   0: 3 0x8000d48c (0x00003f17) x30 0x8001048c
core   0: 0x8000d490 (0xb63f2a23) sw      gp, -1164(t5)
core   0: 3 0x8000d490 (0xb63f2a23) mem 0x80010000 0x00000001
core   0: 0x8000d494 (0xff9ff06f) j       pc - 0x8
core   0: 3 0x8000d494 (0xff9ff06f)
core   0: 0x8000d48c (0x00003f17) auipc   t5, 0x3
core   0: 3 0x8000d48c (0x00003f17) x30 0x8001048c
core   0: 0x8000d490 (0xb63f2a23) sw      gp, -1164(t5)
core   0: 3 0x8000d490 (0xb63f2a23) mem 0x80010000 0x00000001
core   0: 0x8000d494 (0xff9ff06f) j       pc - 0x8
core   0: 3 0x8000d494 (0xff9ff06f)
core   0: 0x8000d48c (0x00003f17) auipc   t5, 0x3
core   0: 3 0x8000d48c (0x00003f17) x30 0x8001048c
core   0: 0x8000d490 (0xb63f2a23) sw      gp, -1164(t5)
core   0: 3 0x8000d490 (0xb63f2a23) mem 0x80010000 0x00000001
core   0: 0x8000d494 (0xff9ff06f) j       pc - 0x8
core   0: 3 0x8000d494 (0xff9ff06f)
core   0: 0x8000d48c (0x00003f17) auipc   t5, 0x3
core   0: 3 0x8000d48c (0x00003f17) x30 0x8001048c
core   0: 0x8000d490 (0xb63f2a23) sw      gp, -1164(t5)
core   0: 3 0x8000d490 (0xb63f2a23) mem 0x80010000 0x00000001
core   0: 0x8000d494 (0xff9ff06f) j       pc - 0x8
core   0: 3 0x8000d494 (0xff9ff06f)
core   0: 0x8000d48c (0x00003f17) auipc   t5, 0x3
core   0: 3 0x8000d48c (0x00003f17) x30 0x8001048c
core   0: 0x8000d490 (0xb63f2a23) sw      gp, -1164(t5)
core   0: 3 0x8000d490 (0xb63f2a23) mem 0x80010000 0x00000001
core   0: 0x8000d494 (0xff9ff06f) j       pc - 0x8
core   0: 3 0x8000d494 (0xff9ff06f)
core   0: 0x8000d48c (0x00003f17) auipc   t5, 0x3
core   0: 3 0x8000d48c (0x00003f17) x30 0x8001048c
core   0: 0x8000d490 (0xb63f2a23) sw      gp, -1164(t5)
core   0: 3 0x8000d490 (0xb63f2a23) mem 0x80010000 0x00000001
core   0: 0x8000d494 (0xff9ff06f) j       pc - 0x8
core   0: 3 0x8000d494 (0xff9ff06f)
core   0: 0x8000d48c (0x00003f17) auipc   t5, 0x3
core   0: 3 0x8000d48c (0x00003f17) x30 0x8001048c
core   0: 0x8000d490 (0xb63f2a23) sw      gp, -1164(t5)
core   0: 3 0x8000d490 (0xb63f2a23) mem 0x80010000 0x00000001
core   0: 0x8000d494 (0xff9ff06f) j       pc - 0x8
core   0: 3 0x8000d494 (0xff9ff06f)
core   0: 0x8000d48c (0x00003f17) auipc   t5, 0x3
core   0: 3 0x8000d48c (0x00003f17) x30 0x8001048c
core   0: 0x8000d490 (0xb63f2a23) sw      gp, -1164(t5)
core   0: 3 0x8000d490 (0xb63f2a23) mem 0x80010000 0x00000001
core   0: 0x8000d494 (0xff9ff06f) j       pc - 0x8
core   0: 3 0x8000d494 (0xff9ff06f)
core   0: 0x8000d48c (0x00003f17) auipc   t5, 0x3
core   0: 3 0x8000d48c (0x00003f17) x30 0x8001048c
core   0: 0x8000d490 (0xb63f2a23) sw      gp, -1164(t5)
core   0: 3 0x8000d490 (0xb63f2a23) mem 0x80010000 0x00000001
core   0: 0x8000d494 (0xff9ff06f) j       pc - 0x8
core   0: 3 0x8000d494 (0xff9ff06f)
core   0: 0x8000d48c (0x00003f17) auipc   t5, 0x3
core   0: 3 0x8000d48c (0x00003f17) x30 0x8001048c
core   0: 0x8000d490 (0xb63f2a23) sw      gp, -1164(t5)
core   0: 3 0x8000d490 (0xb63f2a23) mem 0x80010000 0x00000001
core   0: 0x8000d494 (0xff9ff06f) j       pc - 0x8
core   0: 3 0x8000d494 (0xff9ff06f)
core   0: 0x8000d48c (0x00003f17) auipc   t5, 0x3
core   0: 3 0x8000d48c (0x00003f17) x30 0x8001048c
core   0: 0x8000d490 (0xb63f2a23) sw      gp, -1164(t5)
core   0: 3 0x8000d490 (0xb63f2a23) mem 0x80010000 0x00000001
core   0: 0x8000d494 (0xff9ff06f) j       pc - 0x8
core   0: 3 0x8000d494 (0xff9ff06f)
core   0: 0x8000d48c (0x00003f17) auipc   t5, 0x3
core   0: 3 0x8000d48c (0x00003f17) x30 0x8001048c
core   0: 0x8000d490 (0xb63f2a23) sw      gp, -1164(t5)
core   0: 3 0x8000d490 (0xb63f2a23) mem 0x80010000 0x00000001
core   0: 0x8000d494 (0xff9ff06f) j       pc - 0x8
core   0: 3 0x8000d494 (0xff9ff06f)
core   0: 0x8000d48c (0x00003f17) auipc   t5, 0x3
core   0: 3 0x8000d48c (0x00003f17) x30 0x8001048c
core   0: 0x8000d490 (0xb63f2a23) sw      gp, -1164(t5)
core   0: 3 0x8000d490 (0xb63f2a23) mem 0x80010000 0x00000001
core   0: 0x8000d494 (0xff9ff06f) j       pc - 0x8
core   0: 3 0x8000d494 (0xff9ff06f)
core   0: 0x8000d48c (0x00003f17) auipc   t5, 0x3
core   0: 3 0x8000d48c (0x00003f17) x30 0x8001048c
core   0: 0x8000d490 (0xb63f2a23) sw      gp, -1164(t5)
core   0: 3 0x8000d490 (0xb63f2a23) mem 0x80010000 0x00000001
core   0: 0x8000d494 (0xff9ff06f) j       pc - 0x8
core   0: 3 0x8000d494 (0xff9ff06f)
core   0: 0x8000d48c (0x00003f17) auipc   t5, 0x3
core   0: 3 0x8000d48c (0x00003f17) x30 0x8001048c
core   0: 0x8000d490 (0xb63f2a23) sw      gp, -1164(t5)
core   0: 3 0x8000d490 (0xb63f2a23) mem 0x80010000 0x00000001
core   0: 0x8000d494 (0xff9ff06f) j       pc - 0x8
core   0: 3 0x8000d494 (0xff9ff06f)
core   0: 0x8000d48c (0x00003f17) auipc   t5, 0x3
core   0: 3 0x8000d48c (0x00003f17) x30 0x8001048c
core   0: 0x8000d490 (0xb63f2a23) sw      gp, -1164(t5)
core   0: 3 0x8000d490 (0xb63f2a23) mem 0x80010000 0x00000001
core   0: 0x8000d494 (0xff9ff06f) j       pc - 0x8
core   0: 3 0x8000d494 (0xff9ff06f)
core   0: 0x8000d48c (0x00003f17) auipc   t5, 0x3
core   0: 3 0x8000d48c (0x00003f17) x30 0x8001048c
core   0: 0x8000d490 (0xb63f2a23) sw      gp, -1164(t5)
core   0: 3 0x8000d490 (0xb63f2a23) mem 0x80010000 0x00000001
core   0: 0x8000d494 (0xff9ff06f) j       pc - 0x8
core   0: 3 0x8000d494 (0xff9ff06f)
core   0: 0x8000d48c (0x00003f17) auipc   t5, 0x3
core   0: 3 0x8000d48c (0x00003f17) x30 0x8001048c
core   0: 0x8000d490 (0xb63f2a23) sw      gp, -1164(t5)
core   0: 3 0x8000d490 (0xb63f2a23) mem 0x80010000 0x00000001
core   0: 0x8000d494 (0xff9ff06f) j       pc - 0x8
core   0: 3 0x8000d494 (0xff9ff06f)
core   0: 0x8000d48c (0x00003f17) auipc   t5, 0x3
core   0: 3 0x8000d48c (0x00003f17) x30 0x8001048c
core   0: 0x8000d490 (0xb63f2a23) sw      gp, -1164(t5)
core   0: 3 0x8000d490 (0xb63f2a23) mem 0x80010000 0x00000001
core   0: 0x8000d494 (0xff9ff06f) j       pc - 0x8
core   0: 3 0x8000d494 (0xff9ff06f)
core   0: 0x8000d48c (0x00003f17) auipc   t5, 0x3
core   0: 3 0x8000d48c (0x00003f17) x30 0x8001048c
core   0: 0x8000d490 (0xb63f2a23) sw      gp, -1164(t5)
core   0: 3 0x8000d490 (0xb63f2a23) mem 0x80010000 0x00000001
core   0: 0x8000d494 (0xff9ff06f) j       pc - 0x8
core   0: 3 0x8000d494 (0xff9ff06f)
core   0: 0x8000d48c (0x00003f17) auipc   t5, 0x3
core   0: 3 0x8000d48c (0x00003f17) x30 0x8001048c
core   0: 0x8000d490 (0xb63f2a23) sw      gp, -1164(t5)
core   0: 3 0x8000d490 (0xb63f2a23) mem 0x80010000 0x00000001
core   0: 0x8000d494 (0xff9ff06f) j       pc - 0x8
core   0: 3 0x8000d494 (0xff9ff06f)
core   0: 0x8000d48c (0x00003f17) auipc   t5, 0x3
core   0: 3 0x8000d48c (0x00003f17) x30 0x8001048c
core   0: 0x8000d490 (0xb63f2a23) sw      gp, -1164(t5)
core   0: 3 0x8000d490 (0xb63f2a23) mem 0x80010000 0x00000001
core   0: 0x8000d494 (0xff9ff06f) j       pc - 0x8
core   0: 3 0x8000d494 (0xff9ff06f)
core   0: 0x8000d48c (0x00003f17) auipc   t5, 0x3
core   0: 3 0x8000d48c (0x00003f17) x30 0x8001048c
core   0: 0x8000d490 (0xb63f2a23) sw      gp, -1164(t5)
core   0: 3 0x8000d490 (0xb63f2a23) mem 0x80010000 0x00000001
core   0: 0x8000d494 (0xff9ff06f) j       pc - 0x8
core   0: 3 0x8000d494 (0xff9ff06f)
core   0: 0x8000d48c (0x00003f17) auipc   t5, 0x3
core   0: 3 0x8000d48c (0x00003f17) x30 0x8001048c
core   0: 0x8000d490 (0xb63f2a23) sw      gp, -1164(t5)
core   0: 3 0x8000d490 (0xb63f2a23) mem 0x80010000 0x00000001
core   0: 0x8000d494 (0xff9ff06f) j       pc - 0x8
core   0: 3 0x8000d494 (0xff9ff06f)
core   0: 0x8000d48c (0x00003f17) auipc   t5, 0x3
core   0: 3 0x8000d48c (0x00003f17) x30 0x8001048c
core   0: 0x8000d490 (0xb63f2a23) sw      gp, -1164(t5)
core   0: 3 0x8000d490 (0xb63f2a23) mem 0x80010000 0x00000001
core   0: 0x8000d494 (0xff9ff06f) j       pc - 0x8
core   0: 3 0x8000d494 (0xff9ff06f)
core   0: 0x8000d48c (0x00003f17) auipc   t5, 0x3
core   0: 3 0x8000d48c (0x00003f17) x30 0x8001048c
core   0: 0x8000d490 (0xb63f2a23) sw      gp, -1164(t5)
core   0: 3 0x8000d490 (0xb63f2a23) mem 0x80010000 0x00000001
core   0: 0x8000d494 (0xff9ff06f) j       pc - 0x8
core   0: 3 0x8000d494 (0xff9ff06f)
core   0: 0x8000d48c (0x00003f17) auipc   t5, 0x3
core   0: 3 0x8000d48c (0x00003f17) x30 0x8001048c
core   0: 0x8000d490 (0xb63f2a23) sw      gp, -1164(t5)
core   0: 3 0x8000d490 (0xb63f2a23) mem 0x80010000 0x00000001
core   0: 0x8000d494 (0xff9ff06f) j       pc - 0x8
core   0: 3 0x8000d494 (0xff9ff06f)
core   0: 0x8000d48c (0x00003f17) auipc   t5, 0x3
core   0: 3 0x8000d48c (0x00003f17) x30 0x8001048c
core   0: 0x8000d490 (0xb63f2a23) sw      gp, -1164(t5)
core   0: 3 0x8000d490 (0xb63f2a23) mem 0x80010000 0x00000001
core   0: 0x8000d494 (0xff9ff06f) j       pc - 0x8
core   0: 3 0x8000d494 (0xff9ff06f)
core   0: 0x8000d48c (0x00003f17) auipc   t5, 0x3
core   0: 3 0x8000d48c (0x00003f17) x30 0x8001048c
core   0: 0x8000d490 (0xb63f2a23) sw      gp, -1164(t5)
core   0: 3 0x8000d490 (0xb63f2a23) mem 0x80010000 0x00000001
core   0: 0x8000d494 (0xff9ff06f) j       pc - 0x8
core   0: 3 0x8000d494 (0xff9ff06f)
core   0: 0x8000d48c (0x00003f17) auipc   t5, 0x3
core   0: 3 0x8000d48c (0x00003f17) x30 0x8001048c
core   0: 0x8000d490 (0xb63f2a23) sw      gp, -1164(t5)
core   0: 3 0x8000d490 (0xb63f2a23) mem 0x80010000 0x00000001
core   0: 0x8000d494 (0xff9ff06f) j       pc - 0x8
core   0: 3 0x8000d494 (0xff9ff06f)
core   0: 0x8000d48c (0x00003f17) auipc   t5, 0x3
core   0: 3 0x8000d48c (0x00003f17) x30 0x8001048c
core   0: 0x8000d490 (0xb63f2a23) sw      gp, -1164(t5)
core   0: 3 0x8000d490 (0xb63f2a23) mem 0x80010000 0x00000001
core   0: 0x8000d494 (0xff9ff06f) j       pc - 0x8
core   0: 3 0x8000d494 (0xff9ff06f)
core   0: 0x8000d48c (0x00003f17) auipc   t5, 0x3
core   0: 3 0x8000d48c (0x00003f17) x30 0x8001048c
core   0: 0x8000d490 (0xb63f2a23) sw      gp, -1164(t5)
core   0: 3 0x8000d490 (0xb63f2a23) mem 0x80010000 0x00000001
core   0: 0x8000d494 (0xff9ff06f) j       pc - 0x8
core   0: 3 0x8000d494 (0xff9ff06f)
core   0: 0x8000d48c (0x00003f17) auipc   t5, 0x3
core   0: 3 0x8000d48c (0x00003f17) x30 0x8001048c
core   0: 0x8000d490 (0xb63f2a23) sw      gp, -1164(t5)
core   0: 3 0x8000d490 (0xb63f2a23) mem 0x80010000 0x00000001
core   0: 0x8000d494 (0xff9ff06f) j       pc - 0x8
core   0: 3 0x8000d494 (0xff9ff06f)
core   0: 0x8000d48c (0x00003f17) auipc   t5, 0x3
core   0: 3 0x8000d48c (0x00003f17) x30 0x8001048c
core   0: 0x8000d490 (0xb63f2a23) sw      gp, -1164(t5)
core   0: 3 0x8000d490 (0xb63f2a23) mem 0x80010000 0x00000001
core   0: 0x8000d494 (0xff9ff06f) j       pc - 0x8
core   0: 3 0x8000d494 (0xff9ff06f)
core   0: 0x8000d48c (0x00003f17) auipc   t5, 0x3
core   0: 3 0x8000d48c (0x00003f17) x30 0x8001048c
core   0: 0x8000d490 (0xb63f2a23) sw      gp, -1164(t5)
core   0: 3 0x8000d490 (0xb63f2a23) mem 0x80010000 0x00000001
core   0: 0x8000d494 (0xff9ff06f) j       pc - 0x8
core   0: 3 0x8000d494 (0xff9ff06f)
core   0: 0x8000d48c (0x00003f17) auipc   t5, 0x3
core   0: 3 0x8000d48c (0x00003f17) x30 0x8001048c
core   0: 0x8000d490 (0xb63f2a23) sw      gp, -1164(t5)
core   0: 3 0x8000d490 (0xb63f2a23) mem 0x80010000 0x00000001
core   0: 0x8000d494 (0xff9ff06f) j       pc - 0x8
core   0: 3 0x8000d494 (0xff9ff06f)
core   0: 0x8000d48c (0x00003f17) auipc   t5, 0x3
core   0: 3 0x8000d48c (0x00003f17) x30 0x8001048c
core   0: 0x8000d490 (0xb63f2a23) sw      gp, -1164(t5)
core   0: 3 0x8000d490 (0xb63f2a23) mem 0x80010000 0x00000001
core   0: 0x8000d494 (0xff9ff06f) j       pc - 0x8
core   0: 3 0x8000d494 (0xff9ff06f)
core   0: 0x8000d48c (0x00003f17) auipc   t5, 0x3
core   0: 3 0x8000d48c (0x00003f17) x30 0x8001048c
core   0: 0x8000d490 (0xb63f2a23) sw      gp, -1164(t5)
core   0: 3 0x8000d490 (0xb63f2a23) mem 0x80010000 0x00000001
core   0: 0x8000d494 (0xff9ff06f) j       pc - 0x8
core   0: 3 0x8000d494 (0xff9ff06f)
core   0: 0x8000d48c (0x00003f17) auipc   t5, 0x3
core   0: 3 0x8000d48c (0x00003f17) x30 0x8001048c
core   0: 0x8000d490 (0xb63f2a23) sw      gp, -1164(t5)
core   0: 3 0x8000d490 (0xb63f2a23) mem 0x80010000 0x00000001
core   0: 0x8000d494 (0xff9ff06f) j       pc - 0x8
core   0: 3 0x8000d494 (0xff9ff06f)
core   0: 0x8000d48c (0x00003f17) auipc   t5, 0x3
core   0: 3 0x8000d48c (0x00003f17) x30 0x8001048c
core   0: 0x8000d490 (0xb63f2a23) sw      gp, -1164(t5)
core   0: 3 0x8000d490 (0xb63f2a23) mem 0x80010000 0x00000001
core   0: 0x8000d494 (0xff9ff06f) j       pc - 0x8
core   0: 3 0x8000d494 (0xff9ff06f)
core   0: 0x8000d48c (0x00003f17) auipc   t5, 0x3
core   0: 3 0x8000d48c (0x00003f17) x30 0x8001048c
core   0: 0x8000d490 (0xb63f2a23) sw      gp, -1164(t5)
core   0: 3 0x8000d490 (0xb63f2a23) mem 0x80010000 0x00000001
core   0: 0x8000d494 (0xff9ff06f) j       pc - 0x8
core   0: 3 0x8000d494 (0xff9ff06f)
core   0: 0x8000d48c (0x00003f17) auipc   t5, 0x3
core   0: 3 0x8000d48c (0x00003f17) x30 0x8001048c
core   0: 0x8000d490 (0xb63f2a23) sw      gp, -1164(t5)
core   0: 3 0x8000d490 (0xb63f2a23) mem 0x80010000 0x00000001
core   0: 0x8000d494 (0xff9ff06f) j       pc - 0x8
core   0: 3 0x8000d494 (0xff9ff06f)
core   0: 0x8000d48c (0x00003f17) auipc   t5, 0x3
core   0: 3 0x8000d48c (0x00003f17) x30 0x8001048c
core   0: 0x8000d490 (0xb63f2a23) sw      gp, -1164(t5)
core   0: 3 0x8000d490 (0xb63f2a23) mem 0x80010000 0x00000001
core   0: 0x8000d494 (0xff9ff06f) j       pc - 0x8
core   0: 3 0x8000d494 (0xff9ff06f)
core   0: 0x8000d48c (0x00003f17) auipc   t5, 0x3
core   0: 3 0x8000d48c (0x00003f17) x30 0x8001048c
core   0: 0x8000d490 (0xb63f2a23) sw      gp, -1164(t5)
core   0: 3 0x8000d490 (0xb63f2a23) mem 0x80010000 0x00000001
core   0: 0x8000d494 (0xff9ff06f) j       pc - 0x8
core   0: 3 0x8000d494 (0xff9ff06f)
core   0: 0x8000d48c (0x00003f17) auipc   t5, 0x3
core   0: 3 0x8000d48c (0x00003f17) x30 0x8001048c
core   0: 0x8000d490 (0xb63f2a23) sw      gp, -1164(t5)
core   0: 3 0x8000d490 (0xb63f2a23) mem 0x80010000 0x00000001
core   0: 0x8000d494 (0xff9ff06f) j       pc - 0x8
core   0: 3 0x8000d494 (0xff9ff06f)
core   0: 0x8000d48c (0x00003f17) auipc   t5, 0x3
core   0: 3 0x8000d48c (0x00003f17) x30 0x8001048c
core   0: 0x8000d490 (0xb63f2a23) sw      gp, -1164(t5)
core   0: 3 0x8000d490 (0xb63f2a23) mem 0x80010000 0x00000001
core   0: 0x8000d494 (0xff9ff06f) j       pc - 0x8
core   0: 3 0x8000d494 (0xff9ff06f)
core   0: 0x8000d48c (0x00003f17) auipc   t5, 0x3
core   0: 3 0x8000d48c (0x00003f17) x30 0x8001048c
core   0: 0x8000d490 (0xb63f2a23) sw      gp, -1164(t5)
core   0: 3 0x8000d490 (0xb63f2a23) mem 0x80010000 0x00000001
core   0: 0x8000d494 (0xff9ff06f) j       pc - 0x8
core   0: 3 0x8000d494 (0xff9ff06f)
core   0: 0x8000d48c (0x00003f17) auipc   t5, 0x3
core   0: 3 0x8000d48c (0x00003f17) x30 0x8001048c
core   0: 0x8000d490 (0xb63f2a23) sw      gp, -1164(t5)
core   0: 3 0x8000d490 (0xb63f2a23) mem 0x80010000 0x00000001
core   0: 0x8000d494 (0xff9ff06f) j       pc - 0x8
core   0: 3 0x8000d494 (0xff9ff06f)
core   0: 0x8000d48c (0x00003f17) auipc   t5, 0x3
core   0: 3 0x8000d48c (0x00003f17) x30 0x8001048c
core   0: 0x8000d490 (0xb63f2a23) sw      gp, -1164(t5)
core   0: 3 0x8000d490 (0xb63f2a23) mem 0x80010000 0x00000001
core   0: 0x8000d494 (0xff9ff06f) j       pc - 0x8
core   0: 3 0x8000d494 (0xff9ff06f)
core   0: 0x8000d48c (0x00003f17) auipc   t5, 0x3
core   0: 3 0x8000d48c (0x00003f17) x30 0x8001048c
core   0: 0x8000d490 (0xb63f2a23) sw      gp, -1164(t5)
core   0: 3 0x8000d490 (0xb63f2a23) mem 0x80010000 0x00000001
core   0: 0x8000d494 (0xff9ff06f) j       pc - 0x8
core   0: 3 0x8000d494 (0xff9ff06f)
core   0: 0x8000d48c (0x00003f17) auipc   t5, 0x3
core   0: 3 0x8000d48c (0x00003f17) x30 0x8001048c
core   0: 0x8000d490 (0xb63f2a23) sw      gp, -1164(t5)
core   0: 3 0x8000d490 (0xb63f2a23) mem 0x80010000 0x00000001
core   0: 0x8000d494 (0xff9ff06f) j       pc - 0x8
core   0: 3 0x8000d494 (0xff9ff06f)
core   0: 0x8000d48c (0x00003f17) auipc   t5, 0x3
core   0: 3 0x8000d48c (0x00003f17) x30 0x8001048c
core   0: 0x8000d490 (0xb63f2a23) sw      gp, -1164(t5)
core   0: 3 0x8000d490 (0xb63f2a23) mem 0x80010000 0x00000001
core   0: 0x8000d494 (0xff9ff06f) j       pc - 0x8
core   0: 3 0x8000d494 (0xff9ff06f)
core   0: 0x8000d48c (0x00003f17) auipc   t5, 0x3
core   0: 3 0x8000d48c (0x00003f17) x30 0x8001048c
core   0: 0x8000d490 (0xb63f2a23) sw      gp, -1164(t5)
core   0: 3 0x8000d490 (0xb63f2a23) mem 0x80010000 0x00000001
core   0: 0x8000d494 (0xff9ff06f) j       pc - 0x8
core   0: 3 0x8000d494 (0xff9ff06f)
core   0: 0x8000d48c (0x00003f17) auipc   t5, 0x3
core   0: 3 0x8000d48c (0x00003f17) x30 0x8001048c
core   0: 0x8000d490 (0xb63f2a23) sw      gp, -1164(t5)
core   0: 3 0x8000d490 (0xb63f2a23) mem 0x80010000 0x00000001
core   0: 0x8000d494 (0xff9ff06f) j       pc - 0x8
core   0: 3 0x8000d494 (0xff9ff06f)
core   0: 0x8000d48c (0x00003f17) auipc   t5, 0x3
core   0: 3 0x8000d48c (0x00003f17) x30 0x8001048c
core   0: 0x8000d490 (0xb63f2a23) sw      gp, -1164(t5)
core   0: 3 0x8000d490 (0xb63f2a23) mem 0x80010000 0x00000001
core   0: 0x8000d494 (0xff9ff06f) j       pc - 0x8
core   0: 3 0x8000d494 (0xff9ff06f)
core   0: 0x8000d48c (0x00003f17) auipc   t5, 0x3
core   0: 3 0x8000d48c (0x00003f17) x30 0x8001048c
core   0: 0x8000d490 (0xb63f2a23) sw      gp, -1164(t5)
core   0: 3 0x8000d490 (0xb63f2a23) mem 0x80010000 0x00000001
core   0: 0x8000d494 (0xff9ff06f) j       pc - 0x8
core   0: 3 0x8000d494 (0xff9ff06f)
core   0: 0x8000d48c (0x00003f17) auipc   t5, 0x3
core   0: 3 0x8000d48c (0x00003f17) x30 0x8001048c
core   0: 0x8000d490 (0xb63f2a23) sw      gp, -1164(t5)
core   0: 3 0x8000d490 (0xb63f2a23) mem 0x80010000 0x00000001
core   0: 0x8000d494 (0xff9ff06f) j       pc - 0x8
core   0: 3 0x8000d494 (0xff9ff06f)
core   0: 0x8000d48c (0x00003f17) auipc   t5, 0x3
core   0: 3 0x8000d48c (0x00003f17) x30 0x8001048c
core   0: 0x8000d490 (0xb63f2a23) sw      gp, -1164(t5)
core   0: 3 0x8000d490 (0xb63f2a23) mem 0x80010000 0x00000001
core   0: 0x8000d494 (0xff9ff06f) j       pc - 0x8
core   0: 3 0x8000d494 (0xff9ff06f)
core   0: 0x8000d48c (0x00003f17) auipc   t5, 0x3
core   0: 3 0x8000d48c (0x00003f17) x30 0x8001048c
core   0: 0x8000d490 (0xb63f2a23) sw      gp, -1164(t5)
core   0: 3 0x8000d490 (0xb63f2a23) mem 0x80010000 0x00000001
core   0: 0x8000d494 (0xff9ff06f) j       pc - 0x8
core   0: 3 0x8000d494 (0xff9ff06f)
core   0: 0x8000d48c (0x00003f17) auipc   t5, 0x3
core   0: 3 0x8000d48c (0x00003f17) x30 0x8001048c
core   0: 0x8000d490 (0xb63f2a23) sw      gp, -1164(t5)
core   0: 3 0x8000d490 (0xb63f2a23) mem 0x80010000 0x00000001
core   0: 0x8000d494 (0xff9ff06f) j       pc - 0x8
core   0: 3 0x8000d494 (0xff9ff06f)
core   0: 0x8000d48c (0x00003f17) auipc   t5, 0x3
core   0: 3 0x8000d48c (0x00003f17) x30 0x8001048c
core   0: 0x8000d490 (0xb63f2a23) sw      gp, -1164(t5)
core   0: 3 0x8000d490 (0xb63f2a23) mem 0x80010000 0x00000001
core   0: 0x8000d494 (0xff9ff06f) j       pc - 0x8
core   0: 3 0x8000d494 (0xff9ff06f)
core   0: 0x8000d48c (0x00003f17) auipc   t5, 0x3
core   0: 3 0x8000d48c (0x00003f17) x30 0x8001048c
core   0: 0x8000d490 (0xb63f2a23) sw      gp, -1164(t5)
core   0: 3 0x8000d490 (0xb63f2a23) mem 0x80010000 0x00000001
core   0: 0x8000d494 (0xff9ff06f) j       pc - 0x8
core   0: 3 0x8000d494 (0xff9ff06f)
core   0: 0x8000d48c (0x00003f17) auipc   t5, 0x3
core   0: 3 0x8000d48c (0x00003f17) x30 0x8001048c
core   0: 0x8000d490 (0xb63f2a23) sw      gp, -1164(t5)
core   0: 3 0x8000d490 (0xb63f2a23) mem 0x80010000 0x00000001
core   0: 0x8000d494 (0xff9ff06f) j       pc - 0x8
core   0: 3 0x8000d494 (0xff9ff06f)
core   0: 0x8000d48c (0x00003f17) auipc   t5, 0x3
core   0: 3 0x8000d48c (0x00003f17) x30 0x8001048c
core   0: 0x8000d490 (0xb63f2a23) sw      gp, -1164(t5)
core   0: 3 0x8000d490 (0xb63f2a23) mem 0x80010000 0x00000001
core   0: 0x8000d494 (0xff9ff06f) j       pc - 0x8
core   0: 3 0x8000d494 (0xff9ff06f)
core   0: 0x8000d48c (0x00003f17) auipc   t5, 0x3
core   0: 3 0x8000d48c (0x00003f17) x30 0x8001048c
core   0: 0x8000d490 (0xb63f2a23) sw      gp, -1164(t5)
core   0: 3 0x8000d490 (0xb63f2a23) mem 0x80010000 0x00000001
core   0: 0x8000d494 (0xff9ff06f) j       pc - 0x8
core   0: 3 0x8000d494 (0xff9ff06f)
core   0: 0x8000d48c (0x00003f17) auipc   t5, 0x3
core   0: 3 0x8000d48c (0x00003f17) x30 0x8001048c
core   0: 0x8000d490 (0xb63f2a23) sw      gp, -1164(t5)
core   0: 3 0x8000d490 (0xb63f2a23) mem 0x80010000 0x00000001
core   0: 0x8000d494 (0xff9ff06f) j       pc - 0x8
core   0: 3 0x8000d494 (0xff9ff06f)
core   0: 0x8000d48c (0x00003f17) auipc   t5, 0x3
core   0: 3 0x8000d48c (0x00003f17) x30 0x8001048c
core   0: 0x8000d490 (0xb63f2a23) sw      gp, -1164(t5)
core   0: 3 0x8000d490 (0xb63f2a23) mem 0x80010000 0x00000001
core   0: 0x8000d494 (0xff9ff06f) j       pc - 0x8
core   0: 3 0x8000d494 (0xff9ff06f)
core   0: 0x8000d48c (0x00003f17) auipc   t5, 0x3
core   0: 3 0x8000d48c (0x00003f17) x30 0x8001048c
core   0: 0x8000d490 (0xb63f2a23) sw      gp, -1164(t5)
core   0: 3 0x8000d490 (0xb63f2a23) mem 0x80010000 0x00000001
core   0: 0x8000d494 (0xff9ff06f) j       pc - 0x8
core   0: 3 0x8000d494 (0xff9ff06f)
core   0: 0x8000d48c (0x00003f17) auipc   t5, 0x3
core   0: 3 0x8000d48c (0x00003f17) x30 0x8001048c
core   0: 0x8000d490 (0xb63f2a23) sw      gp, -1164(t5)
core   0: 3 0x8000d490 (0xb63f2a23) mem 0x80010000 0x00000001
core   0: 0x8000d494 (0xff9ff06f) j       pc - 0x8
core   0: 3 0x8000d494 (0xff9ff06f)
core   0: 0x8000d48c (0x00003f17) auipc   t5, 0x3
core   0: 3 0x8000d48c (0x00003f17) x30 0x8001048c
core   0: 0x8000d490 (0xb63f2a23) sw      gp, -1164(t5)
core   0: 3 0x8000d490 (0xb63f2a23) mem 0x80010000 0x00000001
core   0: 0x8000d494 (0xff9ff06f) j       pc - 0x8
core   0: 3 0x8000d494 (0xff9ff06f)
core   0: 0x8000d48c (0x00003f17) auipc   t5, 0x3
core   0: 3 0x8000d48c (0x00003f17) x30 0x8001048c
core   0: 0x8000d490 (0xb63f2a23) sw      gp, -1164(t5)
core   0: 3 0x8000d490 (0xb63f2a23) mem 0x80010000 0x00000001
core   0: 0x8000d494 (0xff9ff06f) j       pc - 0x8
core   0: 3 0x8000d494 (0xff9ff06f)
core   0: 0x8000d48c (0x00003f17) auipc   t5, 0x3
core   0: 3 0x8000d48c (0x00003f17) x30 0x8001048c
core   0: 0x8000d490 (0xb63f2a23) sw      gp, -1164(t5)
core   0: 3 0x8000d490 (0xb63f2a23) mem 0x80010000 0x00000001
core   0: 0x8000d494 (0xff9ff06f) j       pc - 0x8
core   0: 3 0x8000d494 (0xff9ff06f)
core   0: 0x8000d48c (0x00003f17) auipc   t5, 0x3
core   0: 3 0x8000d48c (0x00003f17) x30 0x8001048c
core   0: 0x8000d490 (0xb63f2a23) sw      gp, -1164(t5)
core   0: 3 0x8000d490 (0xb63f2a23) mem 0x80010000 0x00000001
core   0: 0x8000d494 (0xff9ff06f) j       pc - 0x8
core   0: 3 0x8000d494 (0xff9ff06f)
core   0: 0x8000d48c (0x00003f17) auipc   t5, 0x3
core   0: 3 0x8000d48c (0x00003f17) x30 0x8001048c
core   0: 0x8000d490 (0xb63f2a23) sw      gp, -1164(t5)
core   0: 3 0x8000d490 (0xb63f2a23) mem 0x80010000 0x00000001
core   0: 0x8000d494 (0xff9ff06f) j       pc - 0x8
core   0: 3 0x8000d494 (0xff9ff06f)
core   0: 0x8000d48c (0x00003f17) auipc   t5, 0x3
core   0: 3 0x8000d48c (0x00003f17) x30 0x8001048c
core   0: 0x8000d490 (0xb63f2a23) sw      gp, -1164(t5)
core   0: 3 0x8000d490 (0xb63f2a23) mem 0x80010000 0x00000001
core   0: 0x8000d494 (0xff9ff06f) j       pc - 0x8
core   0: 3 0x8000d494 (0xff9ff06f)
core   0: 0x8000d48c (0x00003f17) auipc   t5, 0x3
core   0: 3 0x8000d48c (0x00003f17) x30 0x8001048c
core   0: 0x8000d490 (0xb63f2a23) sw      gp, -1164(t5)
core   0: 3 0x8000d490 (0xb63f2a23) mem 0x80010000 0x00000001
core   0: 0x8000d494 (0xff9ff06f) j       pc - 0x8
core   0: 3 0x8000d494 (0xff9ff06f)
core   0: 0x8000d48c (0x00003f17) auipc   t5, 0x3
core   0: 3 0x8000d48c (0x00003f17) x30 0x8001048c
core   0: 0x8000d490 (0xb63f2a23) sw      gp, -1164(t5)
core   0: 3 0x8000d490 (0xb63f2a23) mem 0x80010000 0x00000001
core   0: 0x8000d494 (0xff9ff06f) j       pc - 0x8
core   0: 3 0x8000d494 (0xff9ff06f)
core   0: 0x8000d48c (0x00003f17) auipc   t5, 0x3
core   0: 3 0x8000d48c (0x00003f17) x30 0x8001048c
core   0: 0x8000d490 (0xb63f2a23) sw      gp, -1164(t5)
core   0: 3 0x8000d490 (0xb63f2a23) mem 0x80010000 0x00000001
core   0: 0x8000d494 (0xff9ff06f) j       pc - 0x8
core   0: 3 0x8000d494 (0xff9ff06f)
core   0: 0x8000d48c (0x00003f17) auipc   t5, 0x3
core   0: 3 0x8000d48c (0x00003f17) x30 0x8001048c
core   0: 0x8000d490 (0xb63f2a23) sw      gp, -1164(t5)
core   0: 3 0x8000d490 (0xb63f2a23) mem 0x80010000 0x00000001
core   0: 0x8000d494 (0xff9ff06f) j       pc - 0x8
core   0: 3 0x8000d494 (0xff9ff06f)
core   0: 0x8000d48c (0x00003f17) auipc   t5, 0x3
core   0: 3 0x8000d48c (0x00003f17) x30 0x8001048c
core   0: 0x8000d490 (0xb63f2a23) sw      gp, -1164(t5)
core   0: 3 0x8000d490 (0xb63f2a23) mem 0x80010000 0x00000001
core   0: 0x8000d494 (0xff9ff06f) j       pc - 0x8
core   0: 3 0x8000d494 (0xff9ff06f)
core   0: 0x8000d48c (0x00003f17) auipc   t5, 0x3
core   0: 3 0x8000d48c (0x00003f17) x30 0x8001048c
core   0: 0x8000d490 (0xb63f2a23) sw      gp, -1164(t5)
core   0: 3 0x8000d490 (0xb63f2a23) mem 0x80010000 0x00000001
core   0: 0x8000d494 (0xff9ff06f) j       pc - 0x8
core   0: 3 0x8000d494 (0xff9ff06f)
core   0: 0x8000d48c (0x00003f17) auipc   t5, 0x3
core   0: 3 0x8000d48c (0x00003f17) x30 0x8001048c
core   0: 0x8000d490 (0xb63f2a23) sw      gp, -1164(t5)
core   0: 3 0x8000d490 (0xb63f2a23) mem 0x80010000 0x00000001
core   0: 0x8000d494 (0xff9ff06f) j       pc - 0x8
core   0: 3 0x8000d494 (0xff9ff06f)
core   0: 0x8000d48c (0x00003f17) auipc   t5, 0x3
core   0: 3 0x8000d48c (0x00003f17) x30 0x8001048c
core   0: 0x8000d490 (0xb63f2a23) sw      gp, -1164(t5)
core   0: 3 0x8000d490 (0xb63f2a23) mem 0x80010000 0x00000001
core   0: 0x8000d494 (0xff9ff06f) j       pc - 0x8
core   0: 3 0x8000d494 (0xff9ff06f)
core   0: 0x8000d48c (0x00003f17) auipc   t5, 0x3
core   0: 3 0x8000d48c (0x00003f17) x30 0x8001048c
core   0: 0x8000d490 (0xb63f2a23) sw      gp, -1164(t5)
core   0: 3 0x8000d490 (0xb63f2a23) mem 0x80010000 0x00000001
core   0: 0x8000d494 (0xff9ff06f) j       pc - 0x8
core   0: 3 0x8000d494 (0xff9ff06f)
core   0: 0x8000d48c (0x00003f17) auipc   t5, 0x3
core   0: 3 0x8000d48c (0x00003f17) x30 0x8001048c
core   0: 0x8000d490 (0xb63f2a23) sw      gp, -1164(t5)
core   0: 3 0x8000d490 (0xb63f2a23) mem 0x80010000 0x00000001
core   0: 0x8000d494 (0xff9ff06f) j       pc - 0x8
core   0: 3 0x8000d494 (0xff9ff06f)
core   0: 0x8000d48c (0x00003f17) auipc   t5, 0x3
core   0: 3 0x8000d48c (0x00003f17) x30 0x8001048c
core   0: 0x8000d490 (0xb63f2a23) sw      gp, -1164(t5)
core   0: 3 0x8000d490 (0xb63f2a23) mem 0x80010000 0x00000001
core   0: 0x8000d494 (0xff9ff06f) j       pc - 0x8
core   0: 3 0x8000d494 (0xff9ff06f)
core   0: 0x8000d48c (0x00003f17) auipc   t5, 0x3
core   0: 3 0x8000d48c (0x00003f17) x30 0x8001048c
core   0: 0x8000d490 (0xb63f2a23) sw      gp, -1164(t5)
core   0: 3 0x8000d490 (0xb63f2a23) mem 0x80010000 0x00000001
core   0: 0x8000d494 (0xff9ff06f) j       pc - 0x8
core   0: 3 0x8000d494 (0xff9ff06f)
core   0: 0x8000d48c (0x00003f17) auipc   t5, 0x3
core   0: 3 0x8000d48c (0x00003f17) x30 0x8001048c
core   0: 0x8000d490 (0xb63f2a23) sw      gp, -1164(t5)
core   0: 3 0x8000d490 (0xb63f2a23) mem 0x80010000 0x00000001
core   0: 0x8000d494 (0xff9ff06f) j       pc - 0x8
core   0: 3 0x8000d494 (0xff9ff06f)
core   0: 0x8000d48c (0x00003f17) auipc   t5, 0x3
core   0: 3 0x8000d48c (0x00003f17) x30 0x8001048c
core   0: 0x8000d490 (0xb63f2a23) sw      gp, -1164(t5)
core   0: 3 0x8000d490 (0xb63f2a23) mem 0x80010000 0x00000001
core   0: 0x8000d494 (0xff9ff06f) j       pc - 0x8
core   0: 3 0x8000d494 (0xff9ff06f)
core   0: 0x8000d48c (0x00003f17) auipc   t5, 0x3
core   0: 3 0x8000d48c (0x00003f17) x30 0x8001048c
core   0: 0x8000d490 (0xb63f2a23) sw      gp, -1164(t5)
core   0: 3 0x8000d490 (0xb63f2a23) mem 0x80010000 0x00000001
core   0: 0x8000d494 (0xff9ff06f) j       pc - 0x8
core   0: 3 0x8000d494 (0xff9ff06f)
core   0: 0x8000d48c (0x00003f17) auipc   t5, 0x3
core   0: 3 0x8000d48c (0x00003f17) x30 0x8001048c
core   0: 0x8000d490 (0xb63f2a23) sw      gp, -1164(t5)
core   0: 3 0x8000d490 (0xb63f2a23) mem 0x80010000 0x00000001
core   0: 0x8000d494 (0xff9ff06f) j       pc - 0x8
core   0: 3 0x8000d494 (0xff9ff06f)
core   0: 0x8000d48c (0x00003f17) auipc   t5, 0x3
core   0: 3 0x8000d48c (0x00003f17) x30 0x8001048c
core   0: 0x8000d490 (0xb63f2a23) sw      gp, -1164(t5)
core   0: 3 0x8000d490 (0xb63f2a23) mem 0x80010000 0x00000001
core   0: 0x8000d494 (0xff9ff06f) j       pc - 0x8
core   0: 3 0x8000d494 (0xff9ff06f)
core   0: 0x8000d48c (0x00003f17) auipc   t5, 0x3
core   0: 3 0x8000d48c (0x00003f17) x30 0x8001048c
core   0: 0x8000d490 (0xb63f2a23) sw      gp, -1164(t5)
core   0: 3 0x8000d490 (0xb63f2a23) mem 0x80010000 0x00000001
core   0: 0x8000d494 (0xff9ff06f) j       pc - 0x8
core   0: 3 0x8000d494 (0xff9ff06f)
core   0: 0x8000d48c (0x00003f17) auipc   t5, 0x3
core   0: 3 0x8000d48c (0x00003f17) x30 0x8001048c
core   0: 0x8000d490 (0xb63f2a23) sw      gp, -1164(t5)
core   0: 3 0x8000d490 (0xb63f2a23) mem 0x80010000 0x00000001
core   0: 0x8000d494 (0xff9ff06f) j       pc - 0x8
core   0: 3 0x8000d494 (0xff9ff06f)
core   0: 0x8000d48c (0x00003f17) auipc   t5, 0x3
core   0: 3 0x8000d48c (0x00003f17) x30 0x8001048c
core   0: 0x8000d490 (0xb63f2a23) sw      gp, -1164(t5)
core   0: 3 0x8000d490 (0xb63f2a23) mem 0x80010000 0x00000001
core   0: 0x8000d494 (0xff9ff06f) j       pc - 0x8
core   0: 3 0x8000d494 (0xff9ff06f)
core   0: 0x8000d48c (0x00003f17) auipc   t5, 0x3
core   0: 3 0x8000d48c (0x00003f17) x30 0x8001048c
core   0: 0x8000d490 (0xb63f2a23) sw      gp, -1164(t5)
core   0: 3 0x8000d490 (0xb63f2a23) mem 0x80010000 0x00000001
core   0: 0x8000d494 (0xff9ff06f) j       pc - 0x8
core   0: 3 0x8000d494 (0xff9ff06f)
core   0: 0x8000d48c (0x00003f17) auipc   t5, 0x3
core   0: 3 0x8000d48c (0x00003f17) x30 0x8001048c
core   0: 0x8000d490 (0xb63f2a23) sw      gp, -1164(t5)
core   0: 3 0x8000d490 (0xb63f2a23) mem 0x80010000 0x00000001
core   0: 0x8000d494 (0xff9ff06f) j       pc - 0x8
core   0: 3 0x8000d494 (0xff9ff06f)
core   0: 0x8000d48c (0x00003f17) auipc   t5, 0x3
core   0: 3 0x8000d48c (0x00003f17) x30 0x8001048c
core   0: 0x8000d490 (0xb63f2a23) sw      gp, -1164(t5)
core   0: 3 0x8000d490 (0xb63f2a23) mem 0x80010000 0x00000001
core   0: 0x8000d494 (0xff9ff06f) j       pc - 0x8
core   0: 3 0x8000d494 (0xff9ff06f)
core   0: 0x8000d48c (0x00003f17) auipc   t5, 0x3
core   0: 3 0x8000d48c (0x00003f17) x30 0x8001048c
core   0: 0x8000d490 (0xb63f2a23) sw      gp, -1164(t5)
core   0: 3 0x8000d490 (0xb63f2a23) mem 0x80010000 0x00000001
core   0: 0x8000d494 (0xff9ff06f) j       pc - 0x8
core   0: 3 0x8000d494 (0xff9ff06f)
core   0: 0x8000d48c (0x00003f17) auipc   t5, 0x3
core   0: 3 0x8000d48c (0x00003f17) x30 0x8001048c
core   0: 0x8000d490 (0xb63f2a23) sw      gp, -1164(t5)
core   0: 3 0x8000d490 (0xb63f2a23) mem 0x80010000 0x00000001
core   0: 0x8000d494 (0xff9ff06f) j       pc - 0x8
core   0: 3 0x8000d494 (0xff9ff06f)
core   0: 0x8000d48c (0x00003f17) auipc   t5, 0x3
core   0: 3 0x8000d48c (0x00003f17) x30 0x8001048c
core   0: 0x8000d490 (0xb63f2a23) sw      gp, -1164(t5)
core   0: 3 0x8000d490 (0xb63f2a23) mem 0x80010000 0x00000001
core   0: 0x8000d494 (0xff9ff06f) j       pc - 0x8
core   0: 3 0x8000d494 (0xff9ff06f)
core   0: 0x8000d48c (0x00003f17) auipc   t5, 0x3
core   0: 3 0x8000d48c (0x00003f17) x30 0x8001048c
core   0: 0x8000d490 (0xb63f2a23) sw      gp, -1164(t5)
core   0: 3 0x8000d490 (0xb63f2a23) mem 0x80010000 0x00000001
core   0: 0x8000d494 (0xff9ff06f) j       pc - 0x8
core   0: 3 0x8000d494 (0xff9ff06f)
core   0: 0x8000d48c (0x00003f17) auipc   t5, 0x3
core   0: 3 0x8000d48c (0x00003f17) x30 0x8001048c
core   0: 0x8000d490 (0xb63f2a23) sw      gp, -1164(t5)
core   0: 3 0x8000d490 (0xb63f2a23) mem 0x80010000 0x00000001
core   0: 0x8000d494 (0xff9ff06f) j       pc - 0x8
core   0: 3 0x8000d494 (0xff9ff06f)
core   0: 0x8000d48c (0x00003f17) auipc   t5, 0x3
core   0: 3 0x8000d48c (0x00003f17) x30 0x8001048c
core   0: 0x8000d490 (0xb63f2a23) sw      gp, -1164(t5)
core   0: 3 0x8000d490 (0xb63f2a23) mem 0x80010000 0x00000001
core   0: 0x8000d494 (0xff9ff06f) j       pc - 0x8
core   0: 3 0x8000d494 (0xff9ff06f)
core   0: 0x8000d48c (0x00003f17) auipc   t5, 0x3
core   0: 3 0x8000d48c (0x00003f17) x30 0x8001048c
core   0: 0x8000d490 (0xb63f2a23) sw      gp, -1164(t5)
core   0: 3 0x8000d490 (0xb63f2a23) mem 0x80010000 0x00000001
core   0: 0x8000d494 (0xff9ff06f) j       pc - 0x8
core   0: 3 0x8000d494 (0xff9ff06f)
core   0: 0x8000d48c (0x00003f17) auipc   t5, 0x3
core   0: 3 0x8000d48c (0x00003f17) x30 0x8001048c
core   0: 0x8000d490 (0xb63f2a23) sw      gp, -1164(t5)
core   0: 3 0x8000d490 (0xb63f2a23) mem 0x80010000 0x00000001
core   0: 0x8000d494 (0xff9ff06f) j       pc - 0x8
core   0: 3 0x8000d494 (0xff9ff06f)
core   0: 0x8000d48c (0x00003f17) auipc   t5, 0x3
core   0: 3 0x8000d48c (0x00003f17) x30 0x8001048c
core   0: 0x8000d490 (0xb63f2a23) sw      gp, -1164(t5)
core   0: 3 0x8000d490 (0xb63f2a23) mem 0x80010000 0x00000001
core   0: 0x8000d494 (0xff9ff06f) j       pc - 0x8
core   0: 3 0x8000d494 (0xff9ff06f)
core   0: 0x8000d48c (0x00003f17) auipc   t5, 0x3
core   0: 3 0x8000d48c (0x00003f17) x30 0x8001048c
core   0: 0x8000d490 (0xb63f2a23) sw      gp, -1164(t5)
core   0: 3 0x8000d490 (0xb63f2a23) mem 0x80010000 0x00000001
core   0: 0x8000d494 (0xff9ff06f) j       pc - 0x8
core   0: 3 0x8000d494 (0xff9ff06f)
core   0: 0x8000d48c (0x00003f17) auipc   t5, 0x3
core   0: 3 0x8000d48c (0x00003f17) x30 0x8001048c
core   0: 0x8000d490 (0xb63f2a23) sw      gp, -1164(t5)
core   0: 3 0x8000d490 (0xb63f2a23) mem 0x80010000 0x00000001
core   0: 0x8000d494 (0xff9ff06f) j       pc - 0x8
core   0: 3 0x8000d494 (0xff9ff06f)
core   0: 0x8000d48c (0x00003f17) auipc   t5, 0x3
core   0: 3 0x8000d48c (0x00003f17) x30 0x8001048c
core   0: 0x8000d490 (0xb63f2a23) sw      gp, -1164(t5)
core   0: 3 0x8000d490 (0xb63f2a23) mem 0x80010000 0x00000001
core   0: 0x8000d494 (0xff9ff06f) j       pc - 0x8
core   0: 3 0x8000d494 (0xff9ff06f)
core   0: 0x8000d48c (0x00003f17) auipc   t5, 0x3
core   0: 3 0x8000d48c (0x00003f17) x30 0x8001048c
core   0: 0x8000d490 (0xb63f2a23) sw      gp, -1164(t5)
core   0: 3 0x8000d490 (0xb63f2a23) mem 0x80010000 0x00000001
core   0: 0x8000d494 (0xff9ff06f) j       pc - 0x8
core   0: 3 0x8000d494 (0xff9ff06f)
core   0: 0x8000d48c (0x00003f17) auipc   t5, 0x3
core   0: 3 0x8000d48c (0x00003f17) x30 0x8001048c
core   0: 0x8000d490 (0xb63f2a23) sw      gp, -1164(t5)
core   0: 3 0x8000d490 (0xb63f2a23) mem 0x80010000 0x00000001
core   0: 0x8000d494 (0xff9ff06f) j       pc - 0x8
core   0: 3 0x8000d494 (0xff9ff06f)
core   0: 0x8000d48c (0x00003f17) auipc   t5, 0x3
core   0: 3 0x8000d48c (0x00003f17) x30 0x8001048c
core   0: 0x8000d490 (0xb63f2a23) sw      gp, -1164(t5)
core   0: 3 0x8000d490 (0xb63f2a23) mem 0x80010000 0x00000001
core   0: 0x8000d494 (0xff9ff06f) j       pc - 0x8
core   0: 3 0x8000d494 (0xff9ff06f)
core   0: 0x8000d48c (0x00003f17) auipc   t5, 0x3
core   0: 3 0x8000d48c (0x00003f17) x30 0x8001048c
core   0: 0x8000d490 (0xb63f2a23) sw      gp, -1164(t5)
core   0: 3 0x8000d490 (0xb63f2a23) mem 0x80010000 0x00000001
core   0: 0x8000d494 (0xff9ff06f) j       pc - 0x8
core   0: 3 0x8000d494 (0xff9ff06f)
core   0: 0x8000d48c (0x00003f17) auipc   t5, 0x3
core   0: 3 0x8000d48c (0x00003f17) x30 0x8001048c
core   0: 0x8000d490 (0xb63f2a23) sw      gp, -1164(t5)
core   0: 3 0x8000d490 (0xb63f2a23) mem 0x80010000 0x00000001
core   0: 0x8000d494 (0xff9ff06f) j       pc - 0x8
core   0: 3 0x8000d494 (0xff9ff06f)
core   0: 0x8000d48c (0x00003f17) auipc   t5, 0x3
core   0: 3 0x8000d48c (0x00003f17) x30 0x8001048c
core   0: 0x8000d490 (0xb63f2a23) sw      gp, -1164(t5)
core   0: 3 0x8000d490 (0xb63f2a23) mem 0x80010000 0x00000001
core   0: 0x8000d494 (0xff9ff06f) j       pc - 0x8
core   0: 3 0x8000d494 (0xff9ff06f)
core   0: 0x8000d48c (0x00003f17) auipc   t5, 0x3
core   0: 3 0x8000d48c (0x00003f17) x30 0x8001048c
core   0: 0x8000d490 (0xb63f2a23) sw      gp, -1164(t5)
core   0: 3 0x8000d490 (0xb63f2a23) mem 0x80010000 0x00000001
core   0: 0x8000d494 (0xff9ff06f) j       pc - 0x8
core   0: 3 0x8000d494 (0xff9ff06f)
core   0: 0x8000d48c (0x00003f17) auipc   t5, 0x3
core   0: 3 0x8000d48c (0x00003f17) x30 0x8001048c
core   0: 0x8000d490 (0xb63f2a23) sw      gp, -1164(t5)
core   0: 3 0x8000d490 (0xb63f2a23) mem 0x80010000 0x00000001
core   0: 0x8000d494 (0xff9ff06f) j       pc - 0x8
core   0: 3 0x8000d494 (0xff9ff06f)
core   0: 0x8000d48c (0x00003f17) auipc   t5, 0x3
core   0: 3 0x8000d48c (0x00003f17) x30 0x8001048c
core   0: 0x8000d490 (0xb63f2a23) sw      gp, -1164(t5)
core   0: 3 0x8000d490 (0xb63f2a23) mem 0x80010000 0x00000001
core   0: 0x8000d494 (0xff9ff06f) j       pc - 0x8
core   0: 3 0x8000d494 (0xff9ff06f)
core   0: 0x8000d48c (0x00003f17) auipc   t5, 0x3
core   0: 3 0x8000d48c (0x00003f17) x30 0x8001048c
core   0: 0x8000d490 (0xb63f2a23) sw      gp, -1164(t5)
core   0: 3 0x8000d490 (0xb63f2a23) mem 0x80010000 0x00000001
core   0: 0x8000d494 (0xff9ff06f) j       pc - 0x8
core   0: 3 0x8000d494 (0xff9ff06f)
core   0: 0x8000d48c (0x00003f17) auipc   t5, 0x3
core   0: 3 0x8000d48c (0x00003f17) x30 0x8001048c
core   0: 0x8000d490 (0xb63f2a23) sw      gp, -1164(t5)
core   0: 3 0x8000d490 (0xb63f2a23) mem 0x80010000 0x00000001
core   0: 0x8000d494 (0xff9ff06f) j       pc - 0x8
core   0: 3 0x8000d494 (0xff9ff06f)
core   0: 0x8000d48c (0x00003f17) auipc   t5, 0x3
core   0: 3 0x8000d48c (0x00003f17) x30 0x8001048c
core   0: 0x8000d490 (0xb63f2a23) sw      gp, -1164(t5)
core   0: 3 0x8000d490 (0xb63f2a23) mem 0x80010000 0x00000001
core   0: 0x8000d494 (0xff9ff06f) j       pc - 0x8
core   0: 3 0x8000d494 (0xff9ff06f)
core   0: 0x8000d48c (0x00003f17) auipc   t5, 0x3
core   0: 3 0x8000d48c (0x00003f17) x30 0x8001048c
core   0: 0x8000d490 (0xb63f2a23) sw      gp, -1164(t5)
core   0: 3 0x8000d490 (0xb63f2a23) mem 0x80010000 0x00000001
core   0: 0x8000d494 (0xff9ff06f) j       pc - 0x8
core   0: 3 0x8000d494 (0xff9ff06f)
core   0: 0x8000d48c (0x00003f17) auipc   t5, 0x3
core   0: 3 0x8000d48c (0x00003f17) x30 0x8001048c
core   0: 0x8000d490 (0xb63f2a23) sw      gp, -1164(t5)
core   0: 3 0x8000d490 (0xb63f2a23) mem 0x80010000 0x00000001
core   0: 0x8000d494 (0xff9ff06f) j       pc - 0x8
core   0: 3 0x8000d494 (0xff9ff06f)
core   0: 0x8000d48c (0x00003f17) auipc   t5, 0x3
core   0: 3 0x8000d48c (0x00003f17) x30 0x8001048c
core   0: 0x8000d490 (0xb63f2a23) sw      gp, -1164(t5)
core   0: 3 0x8000d490 (0xb63f2a23) mem 0x80010000 0x00000001
core   0: 0x8000d494 (0xff9ff06f) j       pc - 0x8
core   0: 3 0x8000d494 (0xff9ff06f)
core   0: 0x8000d48c (0x00003f17) auipc   t5, 0x3
core   0: 3 0x8000d48c (0x00003f17) x30 0x8001048c
core   0: 0x8000d490 (0xb63f2a23) sw      gp, -1164(t5)
core   0: 3 0x8000d490 (0xb63f2a23) mem 0x80010000 0x00000001
core   0: 0x8000d494 (0xff9ff06f) j       pc - 0x8
core   0: 3 0x8000d494 (0xff9ff06f)
core   0: 0x8000d48c (0x00003f17) auipc   t5, 0x3
core   0: 3 0x8000d48c (0x00003f17) x30 0x8001048c
core   0: 0x8000d490 (0xb63f2a23) sw      gp, -1164(t5)
core   0: 3 0x8000d490 (0xb63f2a23) mem 0x80010000 0x00000001
core   0: 0x8000d494 (0xff9ff06f) j       pc - 0x8
core   0: 3 0x8000d494 (0xff9ff06f)
core   0: 0x8000d48c (0x00003f17) auipc   t5, 0x3
core   0: 3 0x8000d48c (0x00003f17) x30 0x8001048c
core   0: 0x8000d490 (0xb63f2a23) sw      gp, -1164(t5)
core   0: 3 0x8000d490 (0xb63f2a23) mem 0x80010000 0x00000001
core   0: 0x8000d494 (0xff9ff06f) j       pc - 0x8
core   0: 3 0x8000d494 (0xff9ff06f)
core   0: 0x8000d48c (0x00003f17) auipc   t5, 0x3
core   0: 3 0x8000d48c (0x00003f17) x30 0x8001048c
core   0: 0x8000d490 (0xb63f2a23) sw      gp, -1164(t5)
core   0: 3 0x8000d490 (0xb63f2a23) mem 0x80010000 0x00000001
core   0: 0x8000d494 (0xff9ff06f) j       pc - 0x8
core   0: 3 0x8000d494 (0xff9ff06f)
core   0: 0x8000d48c (0x00003f17) auipc   t5, 0x3
core   0: 3 0x8000d48c (0x00003f17) x30 0x8001048c
core   0: 0x8000d490 (0xb63f2a23) sw      gp, -1164(t5)
core   0: 3 0x8000d490 (0xb63f2a23) mem 0x80010000 0x00000001
core   0: 0x8000d494 (0xff9ff06f) j       pc - 0x8
core   0: 3 0x8000d494 (0xff9ff06f)
core   0: 0x8000d48c (0x00003f17) auipc   t5, 0x3
core   0: 3 0x8000d48c (0x00003f17) x30 0x8001048c
core   0: 0x8000d490 (0xb63f2a23) sw      gp, -1164(t5)
core   0: 3 0x8000d490 (0xb63f2a23) mem 0x80010000 0x00000001
core   0: 0x8000d494 (0xff9ff06f) j       pc - 0x8
core   0: 3 0x8000d494 (0xff9ff06f)
core   0: 0x8000d48c (0x00003f17) auipc   t5, 0x3
core   0: 3 0x8000d48c (0x00003f17) x30 0x8001048c
core   0: 0x8000d490 (0xb63f2a23) sw      gp, -1164(t5)
core   0: 3 0x8000d490 (0xb63f2a23) mem 0x80010000 0x00000001
core   0: 0x8000d494 (0xff9ff06f) j       pc - 0x8
core   0: 3 0x8000d494 (0xff9ff06f)
core   0: 0x8000d48c (0x00003f17) auipc   t5, 0x3
core   0: 3 0x8000d48c (0x00003f17) x30 0x8001048c
core   0: 0x8000d490 (0xb63f2a23) sw      gp, -1164(t5)
core   0: 3 0x8000d490 (0xb63f2a23) mem 0x80010000 0x00000001
core   0: 0x8000d494 (0xff9ff06f) j       pc - 0x8
core   0: 3 0x8000d494 (0xff9ff06f)
core   0: 0x8000d48c (0x00003f17) auipc   t5, 0x3
core   0: 3 0x8000d48c (0x00003f17) x30 0x8001048c
core   0: 0x8000d490 (0xb63f2a23) sw      gp, -1164(t5)
core   0: 3 0x8000d490 (0xb63f2a23) mem 0x80010000 0x00000001
core   0: 0x8000d494 (0xff9ff06f) j       pc - 0x8
core   0: 3 0x8000d494 (0xff9ff06f)
core   0: 0x8000d48c (0x00003f17) auipc   t5, 0x3
core   0: 3 0x8000d48c (0x00003f17) x30 0x8001048c
core   0: 0x8000d490 (0xb63f2a23) sw      gp, -1164(t5)
core   0: 3 0x8000d490 (0xb63f2a23) mem 0x80010000 0x00000001
core   0: 0x8000d494 (0xff9ff06f) j       pc - 0x8
core   0: 3 0x8000d494 (0xff9ff06f)
core   0: 0x8000d48c (0x00003f17) auipc   t5, 0x3
core   0: 3 0x8000d48c (0x00003f17) x30 0x8001048c
core   0: 0x8000d490 (0xb63f2a23) sw      gp, -1164(t5)
core   0: 3 0x8000d490 (0xb63f2a23) mem 0x80010000 0x00000001
core   0: 0x8000d494 (0xff9ff06f) j       pc - 0x8
core   0: 3 0x8000d494 (0xff9ff06f)
core   0: 0x8000d48c (0x00003f17) auipc   t5, 0x3
core   0: 3 0x8000d48c (0x00003f17) x30 0x8001048c
core   0: 0x8000d490 (0xb63f2a23) sw      gp, -1164(t5)
core   0: 3 0x8000d490 (0xb63f2a23) mem 0x80010000 0x00000001
core   0: 0x8000d494 (0xff9ff06f) j       pc - 0x8
core   0: 3 0x8000d494 (0xff9ff06f)
core   0: 0x8000d48c (0x00003f17) auipc   t5, 0x3
core   0: 3 0x8000d48c (0x00003f17) x30 0x8001048c
core   0: 0x8000d490 (0xb63f2a23) sw      gp, -1164(t5)
core   0: 3 0x8000d490 (0xb63f2a23) mem 0x80010000 0x00000001
core   0: 0x8000d494 (0xff9ff06f) j       pc - 0x8
core   0: 3 0x8000d494 (0xff9ff06f)
core   0: 0x8000d48c (0x00003f17) auipc   t5, 0x3
core   0: 3 0x8000d48c (0x00003f17) x30 0x8001048c
core   0: 0x8000d490 (0xb63f2a23) sw      gp, -1164(t5)
core   0: 3 0x8000d490 (0xb63f2a23) mem 0x80010000 0x00000001
core   0: 0x8000d494 (0xff9ff06f) j       pc - 0x8
core   0: 3 0x8000d494 (0xff9ff06f)
core   0: 0x8000d48c (0x00003f17) auipc   t5, 0x3
core   0: 3 0x8000d48c (0x00003f17) x30 0x8001048c
core   0: 0x8000d490 (0xb63f2a23) sw      gp, -1164(t5)
core   0: 3 0x8000d490 (0xb63f2a23) mem 0x80010000 0x00000001
core   0: 0x8000d494 (0xff9ff06f) j       pc - 0x8
core   0: 3 0x8000d494 (0xff9ff06f)
core   0: 0x8000d48c (0x00003f17) auipc   t5, 0x3
core   0: 3 0x8000d48c (0x00003f17) x30 0x8001048c
core   0: 0x8000d490 (0xb63f2a23) sw      gp, -1164(t5)
core   0: 3 0x8000d490 (0xb63f2a23) mem 0x80010000 0x00000001
core   0: 0x8000d494 (0xff9ff06f) j       pc - 0x8
core   0: 3 0x8000d494 (0xff9ff06f)
core   0: 0x8000d48c (0x00003f17) auipc   t5, 0x3
core   0: 3 0x8000d48c (0x00003f17) x30 0x8001048c
core   0: 0x8000d490 (0xb63f2a23) sw      gp, -1164(t5)
core   0: 3 0x8000d490 (0xb63f2a23) mem 0x80010000 0x00000001
core   0: 0x8000d494 (0xff9ff06f) j       pc - 0x8
core   0: 3 0x8000d494 (0xff9ff06f)
core   0: 0x8000d48c (0x00003f17) auipc   t5, 0x3
core   0: 3 0x8000d48c (0x00003f17) x30 0x8001048c
core   0: 0x8000d490 (0xb63f2a23) sw      gp, -1164(t5)
core   0: 3 0x8000d490 (0xb63f2a23) mem 0x80010000 0x00000001
core   0: 0x8000d494 (0xff9ff06f) j       pc - 0x8
core   0: 3 0x8000d494 (0xff9ff06f)
core   0: 0x8000d48c (0x00003f17) auipc   t5, 0x3
core   0: 3 0x8000d48c (0x00003f17) x30 0x8001048c
core   0: 0x8000d490 (0xb63f2a23) sw      gp, -1164(t5)
core   0: 3 0x8000d490 (0xb63f2a23) mem 0x80010000 0x00000001
core   0: 0x8000d494 (0xff9ff06f) j       pc - 0x8
core   0: 3 0x8000d494 (0xff9ff06f)
core   0: 0x8000d48c (0x00003f17) auipc   t5, 0x3
core   0: 3 0x8000d48c (0x00003f17) x30 0x8001048c
core   0: 0x8000d490 (0xb63f2a23) sw      gp, -1164(t5)
core   0: 3 0x8000d490 (0xb63f2a23) mem 0x80010000 0x00000001
core   0: 0x8000d494 (0xff9ff06f) j       pc - 0x8
core   0: 3 0x8000d494 (0xff9ff06f)
core   0: 0x8000d48c (0x00003f17) auipc   t5, 0x3
core   0: 3 0x8000d48c (0x00003f17) x30 0x8001048c
core   0: 0x8000d490 (0xb63f2a23) sw      gp, -1164(t5)
core   0: 3 0x8000d490 (0xb63f2a23) mem 0x80010000 0x00000001
core   0: 0x8000d494 (0xff9ff06f) j       pc - 0x8
core   0: 3 0x8000d494 (0xff9ff06f)
core   0: 0x8000d48c (0x00003f17) auipc   t5, 0x3
core   0: 3 0x8000d48c (0x00003f17) x30 0x8001048c
core   0: 0x8000d490 (0xb63f2a23) sw      gp, -1164(t5)
core   0: 3 0x8000d490 (0xb63f2a23) mem 0x80010000 0x00000001
core   0: 0x8000d494 (0xff9ff06f) j       pc - 0x8
core   0: 3 0x8000d494 (0xff9ff06f)
core   0: 0x8000d48c (0x00003f17) auipc   t5, 0x3
core   0: 3 0x8000d48c (0x00003f17) x30 0x8001048c
core   0: 0x8000d490 (0xb63f2a23) sw      gp, -1164(t5)
core   0: 3 0x8000d490 (0xb63f2a23) mem 0x80010000 0x00000001
core   0: 0x8000d494 (0xff9ff06f) j       pc - 0x8
core   0: 3 0x8000d494 (0xff9ff06f)
core   0: 0x8000d48c (0x00003f17) auipc   t5, 0x3
core   0: 3 0x8000d48c (0x00003f17) x30 0x8001048c
core   0: 0x8000d490 (0xb63f2a23) sw      gp, -1164(t5)
core   0: 3 0x8000d490 (0xb63f2a23) mem 0x80010000 0x00000001
core   0: 0x8000d494 (0xff9ff06f) j       pc - 0x8
core   0: 3 0x8000d494 (0xff9ff06f)
core   0: 0x8000d48c (0x00003f17) auipc   t5, 0x3
core   0: 3 0x8000d48c (0x00003f17) x30 0x8001048c
core   0: 0x8000d490 (0xb63f2a23) sw      gp, -1164(t5)
core   0: 3 0x8000d490 (0xb63f2a23) mem 0x80010000 0x00000001
core   0: 0x8000d494 (0xff9ff06f) j       pc - 0x8
core   0: 3 0x8000d494 (0xff9ff06f)
core   0: 0x8000d48c (0x00003f17) auipc   t5, 0x3
core   0: 3 0x8000d48c (0x00003f17) x30 0x8001048c
core   0: 0x8000d490 (0xb63f2a23) sw      gp, -1164(t5)
core   0: 3 0x8000d490 (0xb63f2a23) mem 0x80010000 0x00000001
core   0: 0x8000d494 (0xff9ff06f) j       pc - 0x8
core   0: 3 0x8000d494 (0xff9ff06f)
core   0: 0x8000d48c (0x00003f17) auipc   t5, 0x3
core   0: 3 0x8000d48c (0x00003f17) x30 0x8001048c
core   0: 0x8000d490 (0xb63f2a23) sw      gp, -1164(t5)
core   0: 3 0x8000d490 (0xb63f2a23) mem 0x80010000 0x00000001
core   0: 0x8000d494 (0xff9ff06f) j       pc - 0x8
core   0: 3 0x8000d494 (0xff9ff06f)
core   0: 0x8000d48c (0x00003f17) auipc   t5, 0x3
core   0: 3 0x8000d48c (0x00003f17) x30 0x8001048c
core   0: 0x8000d490 (0xb63f2a23) sw      gp, -1164(t5)
core   0: 3 0x8000d490 (0xb63f2a23) mem 0x80010000 0x00000001
core   0: 0x8000d494 (0xff9ff06f) j       pc - 0x8
core   0: 3 0x8000d494 (0xff9ff06f)
core   0: 0x8000d48c (0x00003f17) auipc   t5, 0x3
core   0: 3 0x8000d48c (0x00003f17) x30 0x8001048c
core   0: 0x8000d490 (0xb63f2a23) sw      gp, -1164(t5)
core   0: 3 0x8000d490 (0xb63f2a23) mem 0x80010000 0x00000001
core   0: 0x8000d494 (0xff9ff06f) j       pc - 0x8
core   0: 3 0x8000d494 (0xff9ff06f)
core   0: 0x8000d48c (0x00003f17) auipc   t5, 0x3
core   0: 3 0x8000d48c (0x00003f17) x30 0x8001048c
core   0: 0x8000d490 (0xb63f2a23) sw      gp, -1164(t5)
core   0: 3 0x8000d490 (0xb63f2a23) mem 0x80010000 0x00000001
core   0: 0x8000d494 (0xff9ff06f) j       pc - 0x8
core   0: 3 0x8000d494 (0xff9ff06f)
core   0: 0x8000d48c (0x00003f17) auipc   t5, 0x3
core   0: 3 0x8000d48c (0x00003f17) x30 0x8001048c
core   0: 0x8000d490 (0xb63f2a23) sw      gp, -1164(t5)
core   0: 3 0x8000d490 (0xb63f2a23) mem 0x80010000 0x00000001
core   0: 0x8000d494 (0xff9ff06f) j       pc - 0x8
core   0: 3 0x8000d494 (0xff9ff06f)
core   0: 0x8000d48c (0x00003f17) auipc   t5, 0x3
core   0: 3 0x8000d48c (0x00003f17) x30 0x8001048c
core   0: 0x8000d490 (0xb63f2a23) sw      gp, -1164(t5)
core   0: 3 0x8000d490 (0xb63f2a23) mem 0x80010000 0x00000001
core   0: 0x8000d494 (0xff9ff06f) j       pc - 0x8
core   0: 3 0x8000d494 (0xff9ff06f)
core   0: 0x8000d48c (0x00003f17) auipc   t5, 0x3
core   0: 3 0x8000d48c (0x00003f17) x30 0x8001048c
core   0: 0x8000d490 (0xb63f2a23) sw      gp, -1164(t5)
core   0: 3 0x8000d490 (0xb63f2a23) mem 0x80010000 0x00000001
core   0: 0x8000d494 (0xff9ff06f) j       pc - 0x8
core   0: 3 0x8000d494 (0xff9ff06f)
core   0: 0x8000d48c (0x00003f17) auipc   t5, 0x3
core   0: 3 0x8000d48c (0x00003f17) x30 0x8001048c
core   0: 0x8000d490 (0xb63f2a23) sw      gp, -1164(t5)
core   0: 3 0x8000d490 (0xb63f2a23) mem 0x80010000 0x00000001
core   0: 0x8000d494 (0xff9ff06f) j       pc - 0x8
core   0: 3 0x8000d494 (0xff9ff06f)
core   0: 0x8000d48c (0x00003f17) auipc   t5, 0x3
core   0: 3 0x8000d48c (0x00003f17) x30 0x8001048c
core   0: 0x8000d490 (0xb63f2a23) sw      gp, -1164(t5)
core   0: 3 0x8000d490 (0xb63f2a23) mem 0x80010000 0x00000001
core   0: 0x8000d494 (0xff9ff06f) j       pc - 0x8
core   0: 3 0x8000d494 (0xff9ff06f)
core   0: 0x8000d48c (0x00003f17) auipc   t5, 0x3
core   0: 3 0x8000d48c (0x00003f17) x30 0x8001048c
core   0: 0x8000d490 (0xb63f2a23) sw      gp, -1164(t5)
core   0: 3 0x8000d490 (0xb63f2a23) mem 0x80010000 0x00000001
core   0: 0x8000d494 (0xff9ff06f) j       pc - 0x8
core   0: 3 0x8000d494 (0xff9ff06f)
core   0: 0x8000d48c (0x00003f17) auipc   t5, 0x3
core   0: 3 0x8000d48c (0x00003f17) x30 0x8001048c
core   0: 0x8000d490 (0xb63f2a23) sw      gp, -1164(t5)
core   0: 3 0x8000d490 (0xb63f2a23) mem 0x80010000 0x00000001
core   0: 0x8000d494 (0xff9ff06f) j       pc - 0x8
core   0: 3 0x8000d494 (0xff9ff06f)
core   0: 0x8000d48c (0x00003f17) auipc   t5, 0x3
core   0: 3 0x8000d48c (0x00003f17) x30 0x8001048c
core   0: 0x8000d490 (0xb63f2a23) sw      gp, -1164(t5)
core   0: 3 0x8000d490 (0xb63f2a23) mem 0x80010000 0x00000001
core   0: 0x8000d494 (0xff9ff06f) j       pc - 0x8
core   0: 3 0x8000d494 (0xff9ff06f)
core   0: 0x8000d48c (0x00003f17) auipc   t5, 0x3
core   0: 3 0x8000d48c (0x00003f17) x30 0x8001048c
core   0: 0x8000d490 (0xb63f2a23) sw      gp, -1164(t5)
core   0: 3 0x8000d490 (0xb63f2a23) mem 0x80010000 0x00000001
core   0: 0x8000d494 (0xff9ff06f) j       pc - 0x8
core   0: 3 0x8000d494 (0xff9ff06f)
core   0: 0x8000d48c (0x00003f17) auipc   t5, 0x3
core   0: 3 0x8000d48c (0x00003f17) x30 0x8001048c
core   0: 0x8000d490 (0xb63f2a23) sw      gp, -1164(t5)
core   0: 3 0x8000d490 (0xb63f2a23) mem 0x80010000 0x00000001
core   0: 0x8000d494 (0xff9ff06f) j       pc - 0x8
core   0: 3 0x8000d494 (0xff9ff06f)
core   0: 0x8000d48c (0x00003f17) auipc   t5, 0x3
core   0: 3 0x8000d48c (0x00003f17) x30 0x8001048c
core   0: 0x8000d490 (0xb63f2a23) sw      gp, -1164(t5)
core   0: 3 0x8000d490 (0xb63f2a23) mem 0x80010000 0x00000001
core   0: 0x8000d494 (0xff9ff06f) j       pc - 0x8
core   0: 3 0x8000d494 (0xff9ff06f)
core   0: 0x8000d48c (0x00003f17) auipc   t5, 0x3
core   0: 3 0x8000d48c (0x00003f17) x30 0x8001048c
core   0: 0x8000d490 (0xb63f2a23) sw      gp, -1164(t5)
core   0: 3 0x8000d490 (0xb63f2a23) mem 0x80010000 0x00000001
core   0: 0x8000d494 (0xff9ff06f) j       pc - 0x8
core   0: 3 0x8000d494 (0xff9ff06f)
core   0: 0x8000d48c (0x00003f17) auipc   t5, 0x3
core   0: 3 0x8000d48c (0x00003f17) x30 0x8001048c
core   0: 0x8000d490 (0xb63f2a23) sw      gp, -1164(t5)
core   0: 3 0x8000d490 (0xb63f2a23) mem 0x80010000 0x00000001
core   0: 0x8000d494 (0xff9ff06f) j       pc - 0x8
core   0: 3 0x8000d494 (0xff9ff06f)
core   0: 0x8000d48c (0x00003f17) auipc   t5, 0x3
core   0: 3 0x8000d48c (0x00003f17) x30 0x8001048c
core   0: 0x8000d490 (0xb63f2a23) sw      gp, -1164(t5)
core   0: 3 0x8000d490 (0xb63f2a23) mem 0x80010000 0x00000001
core   0: 0x8000d494 (0xff9ff06f) j       pc - 0x8
core   0: 3 0x8000d494 (0xff9ff06f)
core   0: 0x8000d48c (0x00003f17) auipc   t5, 0x3
core   0: 3 0x8000d48c (0x00003f17) x30 0x8001048c
core   0: 0x8000d490 (0xb63f2a23) sw      gp, -1164(t5)
core   0: 3 0x8000d490 (0xb63f2a23) mem 0x80010000 0x00000001
core   0: 0x8000d494 (0xff9ff06f) j       pc - 0x8
core   0: 3 0x8000d494 (0xff9ff06f)
core   0: 0x8000d48c (0x00003f17) auipc   t5, 0x3
core   0: 3 0x8000d48c (0x00003f17) x30 0x8001048c
core   0: 0x8000d490 (0xb63f2a23) sw      gp, -1164(t5)
core   0: 3 0x8000d490 (0xb63f2a23) mem 0x80010000 0x00000001
core   0: 0x8000d494 (0xff9ff06f) j       pc - 0x8
core   0: 3 0x8000d494 (0xff9ff06f)
core   0: 0x8000d48c (0x00003f17) auipc   t5, 0x3
core   0: 3 0x8000d48c (0x00003f17) x30 0x8001048c
core   0: 0x8000d490 (0xb63f2a23) sw      gp, -1164(t5)
core   0: 3 0x8000d490 (0xb63f2a23) mem 0x80010000 0x00000001
core   0: 0x8000d494 (0xff9ff06f) j       pc - 0x8
core   0: 3 0x8000d494 (0xff9ff06f)
core   0: 0x8000d48c (0x00003f17) auipc   t5, 0x3
core   0: 3 0x8000d48c (0x00003f17) x30 0x8001048c
core   0: 0x8000d490 (0xb63f2a23) sw      gp, -1164(t5)
core   0: 3 0x8000d490 (0xb63f2a23) mem 0x80010000 0x00000001
core   0: 0x8000d494 (0xff9ff06f) j       pc - 0x8
core   0: 3 0x8000d494 (0xff9ff06f)
core   0: 0x8000d48c (0x00003f17) auipc   t5, 0x3
core   0: 3 0x8000d48c (0x00003f17) x30 0x8001048c
core   0: 0x8000d490 (0xb63f2a23) sw      gp, -1164(t5)
core   0: 3 0x8000d490 (0xb63f2a23) mem 0x80010000 0x00000001
core   0: 0x8000d494 (0xff9ff06f) j       pc - 0x8
core   0: 3 0x8000d494 (0xff9ff06f)
core   0: 0x8000d48c (0x00003f17) auipc   t5, 0x3
core   0: 3 0x8000d48c (0x00003f17) x30 0x8001048c
core   0: 0x8000d490 (0xb63f2a23) sw      gp, -1164(t5)
core   0: 3 0x8000d490 (0xb63f2a23) mem 0x80010000 0x00000001
core   0: 0x8000d494 (0xff9ff06f) j       pc - 0x8
core   0: 3 0x8000d494 (0xff9ff06f)
core   0: 0x8000d48c (0x00003f17) auipc   t5, 0x3
core   0: 3 0x8000d48c (0x00003f17) x30 0x8001048c
core   0: 0x8000d490 (0xb63f2a23) sw      gp, -1164(t5)
core   0: 3 0x8000d490 (0xb63f2a23) mem 0x80010000 0x00000001
core   0: 0x8000d494 (0xff9ff06f) j       pc - 0x8
core   0: 3 0x8000d494 (0xff9ff06f)
core   0: 0x8000d48c (0x00003f17) auipc   t5, 0x3
core   0: 3 0x8000d48c (0x00003f17) x30 0x8001048c
core   0: 0x8000d490 (0xb63f2a23) sw      gp, -1164(t5)
core   0: 3 0x8000d490 (0xb63f2a23) mem 0x80010000 0x00000001
core   0: 0x8000d494 (0xff9ff06f) j       pc - 0x8
core   0: 3 0x8000d494 (0xff9ff06f)
core   0: 0x8000d48c (0x00003f17) auipc   t5, 0x3
core   0: 3 0x8000d48c (0x00003f17) x30 0x8001048c
core   0: 0x8000d490 (0xb63f2a23) sw      gp, -1164(t5)
core   0: 3 0x8000d490 (0xb63f2a23) mem 0x80010000 0x00000001
core   0: 0x8000d494 (0xff9ff06f) j       pc - 0x8
core   0: 3 0x8000d494 (0xff9ff06f)
core   0: 0x8000d48c (0x00003f17) auipc   t5, 0x3
core   0: 3 0x8000d48c (0x00003f17) x30 0x8001048c
core   0: 0x8000d490 (0xb63f2a23) sw      gp, -1164(t5)
core   0: 3 0x8000d490 (0xb63f2a23) mem 0x80010000 0x00000001
core   0: 0x8000d494 (0xff9ff06f) j       pc - 0x8
core   0: 3 0x8000d494 (0xff9ff06f)
core   0: 0x8000d48c (0x00003f17) auipc   t5, 0x3
core   0: 3 0x8000d48c (0x00003f17) x30 0x8001048c
core   0: 0x8000d490 (0xb63f2a23) sw      gp, -1164(t5)
core   0: 3 0x8000d490 (0xb63f2a23) mem 0x80010000 0x00000001
core   0: 0x8000d494 (0xff9ff06f) j       pc - 0x8
core   0: 3 0x8000d494 (0xff9ff06f)
core   0: 0x8000d48c (0x00003f17) auipc   t5, 0x3
core   0: 3 0x8000d48c (0x00003f17) x30 0x8001048c
core   0: 0x8000d490 (0xb63f2a23) sw      gp, -1164(t5)
core   0: 3 0x8000d490 (0xb63f2a23) mem 0x80010000 0x00000001
core   0: 0x8000d494 (0xff9ff06f) j       pc - 0x8
core   0: 3 0x8000d494 (0xff9ff06f)
core   0: 0x8000d48c (0x00003f17) auipc   t5, 0x3
core   0: 3 0x8000d48c (0x00003f17) x30 0x8001048c
core   0: 0x8000d490 (0xb63f2a23) sw      gp, -1164(t5)
core   0: 3 0x8000d490 (0xb63f2a23) mem 0x80010000 0x00000001
core   0: 0x8000d494 (0xff9ff06f) j       pc - 0x8
core   0: 3 0x8000d494 (0xff9ff06f)
core   0: 0x8000d48c (0x00003f17) auipc   t5, 0x3
core   0: 3 0x8000d48c (0x00003f17) x30 0x8001048c
core   0: 0x8000d490 (0xb63f2a23) sw      gp, -1164(t5)
core   0: 3 0x8000d490 (0xb63f2a23) mem 0x80010000 0x00000001
core   0: 0x8000d494 (0xff9ff06f) j       pc - 0x8
core   0: 3 0x8000d494 (0xff9ff06f)
core   0: 0x8000d48c (0x00003f17) auipc   t5, 0x3
core   0: 3 0x8000d48c (0x00003f17) x30 0x8001048c
core   0: 0x8000d490 (0xb63f2a23) sw      gp, -1164(t5)
core   0: 3 0x8000d490 (0xb63f2a23) mem 0x80010000 0x00000001
core   0: 0x8000d494 (0xff9ff06f) j       pc - 0x8
core   0: 3 0x8000d494 (0xff9ff06f)
core   0: 0x8000d48c (0x00003f17) auipc   t5, 0x3
core   0: 3 0x8000d48c (0x00003f17) x30 0x8001048c
core   0: 0x8000d490 (0xb63f2a23) sw      gp, -1164(t5)
core   0: 3 0x8000d490 (0xb63f2a23) mem 0x80010000 0x00000001
core   0: 0x8000d494 (0xff9ff06f) j       pc - 0x8
core   0: 3 0x8000d494 (0xff9ff06f)
core   0: 0x8000d48c (0x00003f17) auipc   t5, 0x3
core   0: 3 0x8000d48c (0x00003f17) x30 0x8001048c
core   0: 0x8000d490 (0xb63f2a23) sw      gp, -1164(t5)
core   0: 3 0x8000d490 (0xb63f2a23) mem 0x80010000 0x00000001
core   0: 0x8000d494 (0xff9ff06f) j       pc - 0x8
core   0: 3 0x8000d494 (0xff9ff06f)
core   0: 0x8000d48c (0x00003f17) auipc   t5, 0x3
core   0: 3 0x8000d48c (0x00003f17) x30 0x8001048c
core   0: 0x8000d490 (0xb63f2a23) sw      gp, -1164(t5)
core   0: 3 0x8000d490 (0xb63f2a23) mem 0x80010000 0x00000001
core   0: 0x8000d494 (0xff9ff06f) j       pc - 0x8
core   0: 3 0x8000d494 (0xff9ff06f)
core   0: 0x8000d48c (0x00003f17) auipc   t5, 0x3
core   0: 3 0x8000d48c (0x00003f17) x30 0x8001048c
core   0: 0x8000d490 (0xb63f2a23) sw      gp, -1164(t5)
core   0: 3 0x8000d490 (0xb63f2a23) mem 0x80010000 0x00000001
core   0: 0x8000d494 (0xff9ff06f) j       pc - 0x8
core   0: 3 0x8000d494 (0xff9ff06f)
core   0: 0x8000d48c (0x00003f17) auipc   t5, 0x3
core   0: 3 0x8000d48c (0x00003f17) x30 0x8001048c
core   0: 0x8000d490 (0xb63f2a23) sw      gp, -1164(t5)
core   0: 3 0x8000d490 (0xb63f2a23) mem 0x80010000 0x00000001
core   0: 0x8000d494 (0xff9ff06f) j       pc - 0x8
core   0: 3 0x8000d494 (0xff9ff06f)
core   0: 0x8000d48c (0x00003f17) auipc   t5, 0x3
core   0: 3 0x8000d48c (0x00003f17) x30 0x8001048c
core   0: 0x8000d490 (0xb63f2a23) sw      gp, -1164(t5)
core   0: 3 0x8000d490 (0xb63f2a23) mem 0x80010000 0x00000001
core   0: 0x8000d494 (0xff9ff06f) j       pc - 0x8
core   0: 3 0x8000d494 (0xff9ff06f)
core   0: 0x8000d48c (0x00003f17) auipc   t5, 0x3
core   0: 3 0x8000d48c (0x00003f17) x30 0x8001048c
core   0: 0x8000d490 (0xb63f2a23) sw      gp, -1164(t5)
core   0: 3 0x8000d490 (0xb63f2a23) mem 0x80010000 0x00000001
core   0: 0x8000d494 (0xff9ff06f) j       pc - 0x8
core   0: 3 0x8000d494 (0xff9ff06f)
core   0: 0x8000d48c (0x00003f17) auipc   t5, 0x3
core   0: 3 0x8000d48c (0x00003f17) x30 0x8001048c
core   0: 0x8000d490 (0xb63f2a23) sw      gp, -1164(t5)
core   0: 3 0x8000d490 (0xb63f2a23) mem 0x80010000 0x00000001
core   0: 0x8000d494 (0xff9ff06f) j       pc - 0x8
core   0: 3 0x8000d494 (0xff9ff06f)
core   0: 0x8000d48c (0x00003f17) auipc   t5, 0x3
core   0: 3 0x8000d48c (0x00003f17) x30 0x8001048c
core   0: 0x8000d490 (0xb63f2a23) sw      gp, -1164(t5)
core   0: 3 0x8000d490 (0xb63f2a23) mem 0x80010000 0x00000001
core   0: 0x8000d494 (0xff9ff06f) j       pc - 0x8
core   0: 3 0x8000d494 (0xff9ff06f)
core   0: 0x8000d48c (0x00003f17) auipc   t5, 0x3
core   0: 3 0x8000d48c (0x00003f17) x30 0x8001048c
core   0: 0x8000d490 (0xb63f2a23) sw      gp, -1164(t5)
core   0: 3 0x8000d490 (0xb63f2a23) mem 0x80010000 0x00000001
core   0: 0x8000d494 (0xff9ff06f) j       pc - 0x8
core   0: 3 0x8000d494 (0xff9ff06f)
core   0: 0x8000d48c (0x00003f17) auipc   t5, 0x3
core   0: 3 0x8000d48c (0x00003f17) x30 0x8001048c
core   0: 0x8000d490 (0xb63f2a23) sw      gp, -1164(t5)
core   0: 3 0x8000d490 (0xb63f2a23) mem 0x80010000 0x00000001
core   0: 0x8000d494 (0xff9ff06f) j       pc - 0x8
core   0: 3 0x8000d494 (0xff9ff06f)
core   0: 0x8000d48c (0x00003f17) auipc   t5, 0x3
core   0: 3 0x8000d48c (0x00003f17) x30 0x8001048c
core   0: 0x8000d490 (0xb63f2a23) sw      gp, -1164(t5)
core   0: 3 0x8000d490 (0xb63f2a23) mem 0x80010000 0x00000001
core   0: 0x8000d494 (0xff9ff06f) j       pc - 0x8
core   0: 3 0x8000d494 (0xff9ff06f)
core   0: 0x8000d48c (0x00003f17) auipc   t5, 0x3
core   0: 3 0x8000d48c (0x00003f17) x30 0x8001048c
core   0: 0x8000d490 (0xb63f2a23) sw      gp, -1164(t5)
core   0: 3 0x8000d490 (0xb63f2a23) mem 0x80010000 0x00000001
core   0: 0x8000d494 (0xff9ff06f) j       pc - 0x8
core   0: 3 0x8000d494 (0xff9ff06f)
core   0: 0x8000d48c (0x00003f17) auipc   t5, 0x3
core   0: 3 0x8000d48c (0x00003f17) x30 0x8001048c
core   0: 0x8000d490 (0xb63f2a23) sw      gp, -1164(t5)
core   0: 3 0x8000d490 (0xb63f2a23) mem 0x80010000 0x00000001
core   0: 0x8000d494 (0xff9ff06f) j       pc - 0x8
core   0: 3 0x8000d494 (0xff9ff06f)
core   0: 0x8000d48c (0x00003f17) auipc   t5, 0x3
core   0: 3 0x8000d48c (0x00003f17) x30 0x8001048c
core   0: 0x8000d490 (0xb63f2a23) sw      gp, -1164(t5)
core   0: 3 0x8000d490 (0xb63f2a23) mem 0x80010000 0x00000001
core   0: 0x8000d494 (0xff9ff06f) j       pc - 0x8
core   0: 3 0x8000d494 (0xff9ff06f)
core   0: 0x8000d48c (0x00003f17) auipc   t5, 0x3
core   0: 3 0x8000d48c (0x00003f17) x30 0x8001048c
core   0: 0x8000d490 (0xb63f2a23) sw      gp, -1164(t5)
core   0: 3 0x8000d490 (0xb63f2a23) mem 0x80010000 0x00000001
core   0: 0x8000d494 (0xff9ff06f) j       pc - 0x8
core   0: 3 0x8000d494 (0xff9ff06f)
core   0: 0x8000d48c (0x00003f17) auipc   t5, 0x3
core   0: 3 0x8000d48c (0x00003f17) x30 0x8001048c
core   0: 0x8000d490 (0xb63f2a23) sw      gp, -1164(t5)
core   0: 3 0x8000d490 (0xb63f2a23) mem 0x80010000 0x00000001
core   0: 0x8000d494 (0xff9ff06f) j       pc - 0x8
core   0: 3 0x8000d494 (0xff9ff06f)
core   0: 0x8000d48c (0x00003f17) auipc   t5, 0x3
core   0: 3 0x8000d48c (0x00003f17) x30 0x8001048c
core   0: 0x8000d490 (0xb63f2a23) sw      gp, -1164(t5)
core   0: 3 0x8000d490 (0xb63f2a23) mem 0x80010000 0x00000001
core   0: 0x8000d494 (0xff9ff06f) j       pc - 0x8
core   0: 3 0x8000d494 (0xff9ff06f)
core   0: 0x8000d48c (0x00003f17) auipc   t5, 0x3
core   0: 3 0x8000d48c (0x00003f17) x30 0x8001048c
core   0: 0x8000d490 (0xb63f2a23) sw      gp, -1164(t5)
core   0: 3 0x8000d490 (0xb63f2a23) mem 0x80010000 0x00000001
core   0: 0x8000d494 (0xff9ff06f) j       pc - 0x8
core   0: 3 0x8000d494 (0xff9ff06f)
core   0: 0x8000d48c (0x00003f17) auipc   t5, 0x3
core   0: 3 0x8000d48c (0x00003f17) x30 0x8001048c
core   0: 0x8000d490 (0xb63f2a23) sw      gp, -1164(t5)
core   0: 3 0x8000d490 (0xb63f2a23) mem 0x80010000 0x00000001
core   0: 0x8000d494 (0xff9ff06f) j       pc - 0x8
core   0: 3 0x8000d494 (0xff9ff06f)
core   0: 0x8000d48c (0x00003f17) auipc   t5, 0x3
core   0: 3 0x8000d48c (0x00003f17) x30 0x8001048c
core   0: 0x8000d490 (0xb63f2a23) sw      gp, -1164(t5)
core   0: 3 0x8000d490 (0xb63f2a23) mem 0x80010000 0x00000001
core   0: 0x8000d494 (0xff9ff06f) j       pc - 0x8
core   0: 3 0x8000d494 (0xff9ff06f)
core   0: 0x8000d48c (0x00003f17) auipc   t5, 0x3
core   0: 3 0x8000d48c (0x00003f17) x30 0x8001048c
core   0: 0x8000d490 (0xb63f2a23) sw      gp, -1164(t5)
core   0: 3 0x8000d490 (0xb63f2a23) mem 0x80010000 0x00000001
core   0: 0x8000d494 (0xff9ff06f) j       pc - 0x8
core   0: 3 0x8000d494 (0xff9ff06f)
core   0: 0x8000d48c (0x00003f17) auipc   t5, 0x3
core   0: 3 0x8000d48c (0x00003f17) x30 0x8001048c
core   0: 0x8000d490 (0xb63f2a23) sw      gp, -1164(t5)
core   0: 3 0x8000d490 (0xb63f2a23) mem 0x80010000 0x00000001
core   0: 0x8000d494 (0xff9ff06f) j       pc - 0x8
core   0: 3 0x8000d494 (0xff9ff06f)
core   0: 0x8000d48c (0x00003f17) auipc   t5, 0x3
core   0: 3 0x8000d48c (0x00003f17) x30 0x8001048c
core   0: 0x8000d490 (0xb63f2a23) sw      gp, -1164(t5)
core   0: 3 0x8000d490 (0xb63f2a23) mem 0x80010000 0x00000001
core   0: 0x8000d494 (0xff9ff06f) j       pc - 0x8
core   0: 3 0x8000d494 (0xff9ff06f)
core   0: 0x8000d48c (0x00003f17) auipc   t5, 0x3
core   0: 3 0x8000d48c (0x00003f17) x30 0x8001048c
core   0: 0x8000d490 (0xb63f2a23) sw      gp, -1164(t5)
core   0: 3 0x8000d490 (0xb63f2a23) mem 0x80010000 0x00000001
core   0: 0x8000d494 (0xff9ff06f) j       pc - 0x8
core   0: 3 0x8000d494 (0xff9ff06f)
core   0: 0x8000d48c (0x00003f17) auipc   t5, 0x3
core   0: 3 0x8000d48c (0x00003f17) x30 0x8001048c
core   0: 0x8000d490 (0xb63f2a23) sw      gp, -1164(t5)
core   0: 3 0x8000d490 (0xb63f2a23) mem 0x80010000 0x00000001
core   0: 0x8000d494 (0xff9ff06f) j       pc - 0x8
core   0: 3 0x8000d494 (0xff9ff06f)
core   0: 0x8000d48c (0x00003f17) auipc   t5, 0x3
core   0: 3 0x8000d48c (0x00003f17) x30 0x8001048c
core   0: 0x8000d490 (0xb63f2a23) sw      gp, -1164(t5)
core   0: 3 0x8000d490 (0xb63f2a23) mem 0x80010000 0x00000001
core   0: 0x8000d494 (0xff9ff06f) j       pc - 0x8
core   0: 3 0x8000d494 (0xff9ff06f)
core   0: 0x8000d48c (0x00003f17) auipc   t5, 0x3
core   0: 3 0x8000d48c (0x00003f17) x30 0x8001048c
core   0: 0x8000d490 (0xb63f2a23) sw      gp, -1164(t5)
core   0: 3 0x8000d490 (0xb63f2a23) mem 0x80010000 0x00000001
core   0: 0x8000d494 (0xff9ff06f) j       pc - 0x8
core   0: 3 0x8000d494 (0xff9ff06f)
core   0: 0x8000d48c (0x00003f17) auipc   t5, 0x3
core   0: 3 0x8000d48c (0x00003f17) x30 0x8001048c
core   0: 0x8000d490 (0xb63f2a23) sw      gp, -1164(t5)
core   0: 3 0x8000d490 (0xb63f2a23) mem 0x80010000 0x00000001
core   0: 0x8000d494 (0xff9ff06f) j       pc - 0x8
core   0: 3 0x8000d494 (0xff9ff06f)
core   0: 0x8000d48c (0x00003f17) auipc   t5, 0x3
core   0: 3 0x8000d48c (0x00003f17) x30 0x8001048c
core   0: 0x8000d490 (0xb63f2a23) sw      gp, -1164(t5)
core   0: 3 0x8000d490 (0xb63f2a23) mem 0x80010000 0x00000001
core   0: 0x8000d494 (0xff9ff06f) j       pc - 0x8
core   0: 3 0x8000d494 (0xff9ff06f)
core   0: 0x8000d48c (0x00003f17) auipc   t5, 0x3
core   0: 3 0x8000d48c (0x00003f17) x30 0x8001048c
core   0: 0x8000d490 (0xb63f2a23) sw      gp, -1164(t5)
core   0: 3 0x8000d490 (0xb63f2a23) mem 0x80010000 0x00000001
core   0: 0x8000d494 (0xff9ff06f) j       pc - 0x8
core   0: 3 0x8000d494 (0xff9ff06f)
core   0: 0x8000d48c (0x00003f17) auipc   t5, 0x3
core   0: 3 0x8000d48c (0x00003f17) x30 0x8001048c
core   0: 0x8000d490 (0xb63f2a23) sw      gp, -1164(t5)
core   0: 3 0x8000d490 (0xb63f2a23) mem 0x80010000 0x00000001
core   0: 0x8000d494 (0xff9ff06f) j       pc - 0x8
core   0: 3 0x8000d494 (0xff9ff06f)
core   0: 0x8000d48c (0x00003f17) auipc   t5, 0x3
core   0: 3 0x8000d48c (0x00003f17) x30 0x8001048c
core   0: 0x8000d490 (0xb63f2a23) sw      gp, -1164(t5)
core   0: 3 0x8000d490 (0xb63f2a23) mem 0x80010000 0x00000001
core   0: 0x8000d494 (0xff9ff06f) j       pc - 0x8
core   0: 3 0x8000d494 (0xff9ff06f)
core   0: 0x8000d48c (0x00003f17) auipc   t5, 0x3
core   0: 3 0x8000d48c (0x00003f17) x30 0x8001048c
core   0: 0x8000d490 (0xb63f2a23) sw      gp, -1164(t5)
core   0: 3 0x8000d490 (0xb63f2a23) mem 0x80010000 0x00000001
core   0: 0x8000d494 (0xff9ff06f) j       pc - 0x8
core   0: 3 0x8000d494 (0xff9ff06f)
core   0: 0x8000d48c (0x00003f17) auipc   t5, 0x3
core   0: 3 0x8000d48c (0x00003f17) x30 0x8001048c
core   0: 0x8000d490 (0xb63f2a23) sw      gp, -1164(t5)
core   0: 3 0x8000d490 (0xb63f2a23) mem 0x80010000 0x00000001
core   0: 0x8000d494 (0xff9ff06f) j       pc - 0x8
core   0: 3 0x8000d494 (0xff9ff06f)
core   0: 0x8000d48c (0x00003f17) auipc   t5, 0x3
core   0: 3 0x8000d48c (0x00003f17) x30 0x8001048c
core   0: 0x8000d490 (0xb63f2a23) sw      gp, -1164(t5)
core   0: 3 0x8000d490 (0xb63f2a23) mem 0x80010000 0x00000001
core   0: 0x8000d494 (0xff9ff06f) j       pc - 0x8
core   0: 3 0x8000d494 (0xff9ff06f)
core   0: 0x8000d48c (0x00003f17) auipc   t5, 0x3
core   0: 3 0x8000d48c (0x00003f17) x30 0x8001048c
core   0: 0x8000d490 (0xb63f2a23) sw      gp, -1164(t5)
core   0: 3 0x8000d490 (0xb63f2a23) mem 0x80010000 0x00000001
core   0: 0x8000d494 (0xff9ff06f) j       pc - 0x8
core   0: 3 0x8000d494 (0xff9ff06f)
core   0: 0x8000d48c (0x00003f17) auipc   t5, 0x3
core   0: 3 0x8000d48c (0x00003f17) x30 0x8001048c
core   0: 0x8000d490 (0xb63f2a23) sw      gp, -1164(t5)
core   0: 3 0x8000d490 (0xb63f2a23) mem 0x80010000 0x00000001
core   0: 0x8000d494 (0xff9ff06f) j       pc - 0x8
core   0: 3 0x8000d494 (0xff9ff06f)
core   0: 0x8000d48c (0x00003f17) auipc   t5, 0x3
core   0: 3 0x8000d48c (0x00003f17) x30 0x8001048c
core   0: 0x8000d490 (0xb63f2a23) sw      gp, -1164(t5)
core   0: 3 0x8000d490 (0xb63f2a23) mem 0x80010000 0x00000001
core   0: 0x8000d494 (0xff9ff06f) j       pc - 0x8
core   0: 3 0x8000d494 (0xff9ff06f)
core   0: 0x8000d48c (0x00003f17) auipc   t5, 0x3
core   0: 3 0x8000d48c (0x00003f17) x30 0x8001048c
core   0: 0x8000d490 (0xb63f2a23) sw      gp, -1164(t5)
core   0: 3 0x8000d490 (0xb63f2a23) mem 0x80010000 0x00000001
core   0: 0x8000d494 (0xff9ff06f) j       pc - 0x8
core   0: 3 0x8000d494 (0xff9ff06f)
core   0: 0x8000d48c (0x00003f17) auipc   t5, 0x3
core   0: 3 0x8000d48c (0x00003f17) x30 0x8001048c
core   0: 0x8000d490 (0xb63f2a23) sw      gp, -1164(t5)
core   0: 3 0x8000d490 (0xb63f2a23) mem 0x80010000 0x00000001
core   0: 0x8000d494 (0xff9ff06f) j       pc - 0x8
core   0: 3 0x8000d494 (0xff9ff06f)
core   0: 0x8000d48c (0x00003f17) auipc   t5, 0x3
core   0: 3 0x8000d48c (0x00003f17) x30 0x8001048c
core   0: 0x8000d490 (0xb63f2a23) sw      gp, -1164(t5)
core   0: 3 0x8000d490 (0xb63f2a23) mem 0x80010000 0x00000001
core   0: 0x8000d494 (0xff9ff06f) j       pc - 0x8
core   0: 3 0x8000d494 (0xff9ff06f)
core   0: 0x8000d48c (0x00003f17) auipc   t5, 0x3
core   0: 3 0x8000d48c (0x00003f17) x30 0x8001048c
core   0: 0x8000d490 (0xb63f2a23) sw      gp, -1164(t5)
core   0: 3 0x8000d490 (0xb63f2a23) mem 0x80010000 0x00000001
core   0: 0x8000d494 (0xff9ff06f) j       pc - 0x8
core   0: 3 0x8000d494 (0xff9ff06f)
core   0: 0x8000d48c (0x00003f17) auipc   t5, 0x3
core   0: 3 0x8000d48c (0x00003f17) x30 0x8001048c
core   0: 0x8000d490 (0xb63f2a23) sw      gp, -1164(t5)
core   0: 3 0x8000d490 (0xb63f2a23) mem 0x80010000 0x00000001
core   0: 0x8000d494 (0xff9ff06f) j       pc - 0x8
core   0: 3 0x8000d494 (0xff9ff06f)
core   0: 0x8000d48c (0x00003f17) auipc   t5, 0x3
core   0: 3 0x8000d48c (0x00003f17) x30 0x8001048c
core   0: 0x8000d490 (0xb63f2a23) sw      gp, -1164(t5)
core   0: 3 0x8000d490 (0xb63f2a23) mem 0x80010000 0x00000001
core   0: 0x8000d494 (0xff9ff06f) j       pc - 0x8
core   0: 3 0x8000d494 (0xff9ff06f)
core   0: 0x8000d48c (0x00003f17) auipc   t5, 0x3
core   0: 3 0x8000d48c (0x00003f17) x30 0x8001048c
core   0: 0x8000d490 (0xb63f2a23) sw      gp, -1164(t5)
core   0: 3 0x8000d490 (0xb63f2a23) mem 0x80010000 0x00000001
core   0: 0x8000d494 (0xff9ff06f) j       pc - 0x8
core   0: 3 0x8000d494 (0xff9ff06f)
core   0: 0x8000d48c (0x00003f17) auipc   t5, 0x3
core   0: 3 0x8000d48c (0x00003f17) x30 0x8001048c
core   0: 0x8000d490 (0xb63f2a23) sw      gp, -1164(t5)
core   0: 3 0x8000d490 (0xb63f2a23) mem 0x80010000 0x00000001
core   0: 0x8000d494 (0xff9ff06f) j       pc - 0x8
core   0: 3 0x8000d494 (0xff9ff06f)
core   0: 0x8000d48c (0x00003f17) auipc   t5, 0x3
core   0: 3 0x8000d48c (0x00003f17) x30 0x8001048c
core   0: 0x8000d490 (0xb63f2a23) sw      gp, -1164(t5)
core   0: 3 0x8000d490 (0xb63f2a23) mem 0x80010000 0x00000001
core   0: 0x8000d494 (0xff9ff06f) j       pc - 0x8
core   0: 3 0x8000d494 (0xff9ff06f)
core   0: 0x8000d48c (0x00003f17) auipc   t5, 0x3
core   0: 3 0x8000d48c (0x00003f17) x30 0x8001048c
core   0: 0x8000d490 (0xb63f2a23) sw      gp, -1164(t5)
core   0: 3 0x8000d490 (0xb63f2a23) mem 0x80010000 0x00000001
core   0: 0x8000d494 (0xff9ff06f) j       pc - 0x8
core   0: 3 0x8000d494 (0xff9ff06f)
core   0: 0x8000d48c (0x00003f17) auipc   t5, 0x3
core   0: 3 0x8000d48c (0x00003f17) x30 0x8001048c
core   0: 0x8000d490 (0xb63f2a23) sw      gp, -1164(t5)
core   0: 3 0x8000d490 (0xb63f2a23) mem 0x80010000 0x00000001
core   0: 0x8000d494 (0xff9ff06f) j       pc - 0x8
core   0: 3 0x8000d494 (0xff9ff06f)
core   0: 0x8000d48c (0x00003f17) auipc   t5, 0x3
core   0: 3 0x8000d48c (0x00003f17) x30 0x8001048c
core   0: 0x8000d490 (0xb63f2a23) sw      gp, -1164(t5)
core   0: 3 0x8000d490 (0xb63f2a23) mem 0x80010000 0x00000001
core   0: 0x8000d494 (0xff9ff06f) j       pc - 0x8
core   0: 3 0x8000d494 (0xff9ff06f)
core   0: 0x8000d48c (0x00003f17) auipc   t5, 0x3
core   0: 3 0x8000d48c (0x00003f17) x30 0x8001048c
core   0: 0x8000d490 (0xb63f2a23) sw      gp, -1164(t5)
core   0: 3 0x8000d490 (0xb63f2a23) mem 0x80010000 0x00000001
core   0: 0x8000d494 (0xff9ff06f) j       pc - 0x8
core   0: 3 0x8000d494 (0xff9ff06f)
core   0: 0x8000d48c (0x00003f17) auipc   t5, 0x3
core   0: 3 0x8000d48c (0x00003f17) x30 0x8001048c
core   0: 0x8000d490 (0xb63f2a23) sw      gp, -1164(t5)
core   0: 3 0x8000d490 (0xb63f2a23) mem 0x80010000 0x00000001
core   0: 0x8000d494 (0xff9ff06f) j       pc - 0x8
core   0: 3 0x8000d494 (0xff9ff06f)
core   0: 0x8000d48c (0x00003f17) auipc   t5, 0x3
core   0: 3 0x8000d48c (0x00003f17) x30 0x8001048c
core   0: 0x8000d490 (0xb63f2a23) sw      gp, -1164(t5)
core   0: 3 0x8000d490 (0xb63f2a23) mem 0x80010000 0x00000001
core   0: 0x8000d494 (0xff9ff06f) j       pc - 0x8
core   0: 3 0x8000d494 (0xff9ff06f)
core   0: 0x8000d48c (0x00003f17) auipc   t5, 0x3
core   0: 3 0x8000d48c (0x00003f17) x30 0x8001048c
core   0: 0x8000d490 (0xb63f2a23) sw      gp, -1164(t5)
core   0: 3 0x8000d490 (0xb63f2a23) mem 0x80010000 0x00000001
core   0: 0x8000d494 (0xff9ff06f) j       pc - 0x8
core   0: 3 0x8000d494 (0xff9ff06f)
core   0: 0x8000d48c (0x00003f17) auipc   t5, 0x3
core   0: 3 0x8000d48c (0x00003f17) x30 0x8001048c
core   0: 0x8000d490 (0xb63f2a23) sw      gp, -1164(t5)
core   0: 3 0x8000d490 (0xb63f2a23) mem 0x80010000 0x00000001
core   0: 0x8000d494 (0xff9ff06f) j       pc - 0x8
core   0: 3 0x8000d494 (0xff9ff06f)
core   0: 0x8000d48c (0x00003f17) auipc   t5, 0x3
core   0: 3 0x8000d48c (0x00003f17) x30 0x8001048c
core   0: 0x8000d490 (0xb63f2a23) sw      gp, -1164(t5)
core   0: 3 0x8000d490 (0xb63f2a23) mem 0x80010000 0x00000001
core   0: 0x8000d494 (0xff9ff06f) j       pc - 0x8
core   0: 3 0x8000d494 (0xff9ff06f)
core   0: 0x8000d48c (0x00003f17) auipc   t5, 0x3
core   0: 3 0x8000d48c (0x00003f17) x30 0x8001048c
core   0: 0x8000d490 (0xb63f2a23) sw      gp, -1164(t5)
core   0: 3 0x8000d490 (0xb63f2a23) mem 0x80010000 0x00000001
core   0: 0x8000d494 (0xff9ff06f) j       pc - 0x8
core   0: 3 0x8000d494 (0xff9ff06f)
core   0: 0x8000d48c (0x00003f17) auipc   t5, 0x3
core   0: 3 0x8000d48c (0x00003f17) x30 0x8001048c
core   0: 0x8000d490 (0xb63f2a23) sw      gp, -1164(t5)
core   0: 3 0x8000d490 (0xb63f2a23) mem 0x80010000 0x00000001
core   0: 0x8000d494 (0xff9ff06f) j       pc - 0x8
core   0: 3 0x8000d494 (0xff9ff06f)
core   0: 0x8000d48c (0x00003f17) auipc   t5, 0x3
core   0: 3 0x8000d48c (0x00003f17) x30 0x8001048c
core   0: 0x8000d490 (0xb63f2a23) sw      gp, -1164(t5)
core   0: 3 0x8000d490 (0xb63f2a23) mem 0x80010000 0x00000001
core   0: 0x8000d494 (0xff9ff06f) j       pc - 0x8
core   0: 3 0x8000d494 (0xff9ff06f)
core   0: 0x8000d48c (0x00003f17) auipc   t5, 0x3
core   0: 3 0x8000d48c (0x00003f17) x30 0x8001048c
core   0: 0x8000d490 (0xb63f2a23) sw      gp, -1164(t5)
core   0: 3 0x8000d490 (0xb63f2a23) mem 0x80010000 0x00000001
core   0: 0x8000d494 (0xff9ff06f) j       pc - 0x8
core   0: 3 0x8000d494 (0xff9ff06f)
core   0: 0x8000d48c (0x00003f17) auipc   t5, 0x3
core   0: 3 0x8000d48c (0x00003f17) x30 0x8001048c
core   0: 0x8000d490 (0xb63f2a23) sw      gp, -1164(t5)
core   0: 3 0x8000d490 (0xb63f2a23) mem 0x80010000 0x00000001
core   0: 0x8000d494 (0xff9ff06f) j       pc - 0x8
core   0: 3 0x8000d494 (0xff9ff06f)
core   0: 0x8000d48c (0x00003f17) auipc   t5, 0x3
core   0: 3 0x8000d48c (0x00003f17) x30 0x8001048c
core   0: 0x8000d490 (0xb63f2a23) sw      gp, -1164(t5)
core   0: 3 0x8000d490 (0xb63f2a23) mem 0x80010000 0x00000001
core   0: 0x8000d494 (0xff9ff06f) j       pc - 0x8
core   0: 3 0x8000d494 (0xff9ff06f)
core   0: 0x8000d48c (0x00003f17) auipc   t5, 0x3
core   0: 3 0x8000d48c (0x00003f17) x30 0x8001048c
core   0: 0x8000d490 (0xb63f2a23) sw      gp, -1164(t5)
core   0: 3 0x8000d490 (0xb63f2a23) mem 0x80010000 0x00000001
core   0: 0x8000d494 (0xff9ff06f) j       pc - 0x8
core   0: 3 0x8000d494 (0xff9ff06f)
core   0: 0x8000d48c (0x00003f17) auipc   t5, 0x3
core   0: 3 0x8000d48c (0x00003f17) x30 0x8001048c
core   0: 0x8000d490 (0xb63f2a23) sw      gp, -1164(t5)
core   0: 3 0x8000d490 (0xb63f2a23) mem 0x80010000 0x00000001
core   0: 0x8000d494 (0xff9ff06f) j       pc - 0x8
core   0: 3 0x8000d494 (0xff9ff06f)
core   0: 0x8000d48c (0x00003f17) auipc   t5, 0x3
core   0: 3 0x8000d48c (0x00003f17) x30 0x8001048c
core   0: 0x8000d490 (0xb63f2a23) sw      gp, -1164(t5)
core   0: 3 0x8000d490 (0xb63f2a23) mem 0x80010000 0x00000001
core   0: 0x8000d494 (0xff9ff06f) j       pc - 0x8
core   0: 3 0x8000d494 (0xff9ff06f)
core   0: 0x8000d48c (0x00003f17) auipc   t5, 0x3
core   0: 3 0x8000d48c (0x00003f17) x30 0x8001048c
core   0: 0x8000d490 (0xb63f2a23) sw      gp, -1164(t5)
core   0: 3 0x8000d490 (0xb63f2a23) mem 0x80010000 0x00000001
core   0: 0x8000d494 (0xff9ff06f) j       pc - 0x8
core   0: 3 0x8000d494 (0xff9ff06f)
core   0: 0x8000d48c (0x00003f17) auipc   t5, 0x3
core   0: 3 0x8000d48c (0x00003f17) x30 0x8001048c
core   0: 0x8000d490 (0xb63f2a23) sw      gp, -1164(t5)
core   0: 3 0x8000d490 (0xb63f2a23) mem 0x80010000 0x00000001
core   0: 0x8000d494 (0xff9ff06f) j       pc - 0x8
core   0: 3 0x8000d494 (0xff9ff06f)
core   0: 0x8000d48c (0x00003f17) auipc   t5, 0x3
core   0: 3 0x8000d48c (0x00003f17) x30 0x8001048c
core   0: 0x8000d490 (0xb63f2a23) sw      gp, -1164(t5)
core   0: 3 0x8000d490 (0xb63f2a23) mem 0x80010000 0x00000001
core   0: 0x8000d494 (0xff9ff06f) j       pc - 0x8
core   0: 3 0x8000d494 (0xff9ff06f)
core   0: 0x8000d48c (0x00003f17) auipc   t5, 0x3
core   0: 3 0x8000d48c (0x00003f17) x30 0x8001048c
core   0: 0x8000d490 (0xb63f2a23) sw      gp, -1164(t5)
core   0: 3 0x8000d490 (0xb63f2a23) mem 0x80010000 0x00000001
core   0: 0x8000d494 (0xff9ff06f) j       pc - 0x8
core   0: 3 0x8000d494 (0xff9ff06f)
core   0: 0x8000d48c (0x00003f17) auipc   t5, 0x3
core   0: 3 0x8000d48c (0x00003f17) x30 0x8001048c
core   0: 0x8000d490 (0xb63f2a23) sw      gp, -1164(t5)
core   0: 3 0x8000d490 (0xb63f2a23) mem 0x80010000 0x00000001
core   0: 0x8000d494 (0xff9ff06f) j       pc - 0x8
core   0: 3 0x8000d494 (0xff9ff06f)
core   0: 0x8000d48c (0x00003f17) auipc   t5, 0x3
core   0: 3 0x8000d48c (0x00003f17) x30 0x8001048c
core   0: 0x8000d490 (0xb63f2a23) sw      gp, -1164(t5)
core   0: 3 0x8000d490 (0xb63f2a23) mem 0x80010000 0x00000001
core   0: 0x8000d494 (0xff9ff06f) j       pc - 0x8
core   0: 3 0x8000d494 (0xff9ff06f)
core   0: 0x8000d48c (0x00003f17) auipc   t5, 0x3
core   0: 3 0x8000d48c (0x00003f17) x30 0x8001048c
core   0: 0x8000d490 (0xb63f2a23) sw      gp, -1164(t5)
core   0: 3 0x8000d490 (0xb63f2a23) mem 0x80010000 0x00000001
core   0: 0x8000d494 (0xff9ff06f) j       pc - 0x8
core   0: 3 0x8000d494 (0xff9ff06f)
core   0: 0x8000d48c (0x00003f17) auipc   t5, 0x3
core   0: 3 0x8000d48c (0x00003f17) x30 0x8001048c
core   0: 0x8000d490 (0xb63f2a23) sw      gp, -1164(t5)
core   0: 3 0x8000d490 (0xb63f2a23) mem 0x80010000 0x00000001
core   0: 0x8000d494 (0xff9ff06f) j       pc - 0x8
core   0: 3 0x8000d494 (0xff9ff06f)
core   0: 0x8000d48c (0x00003f17) auipc   t5, 0x3
core   0: 3 0x8000d48c (0x00003f17) x30 0x8001048c
core   0: 0x8000d490 (0xb63f2a23) sw      gp, -1164(t5)
core   0: 3 0x8000d490 (0xb63f2a23) mem 0x80010000 0x00000001
core   0: 0x8000d494 (0xff9ff06f) j       pc - 0x8
core   0: 3 0x8000d494 (0xff9ff06f)
core   0: 0x8000d48c (0x00003f17) auipc   t5, 0x3
core   0: 3 0x8000d48c (0x00003f17) x30 0x8001048c
core   0: 0x8000d490 (0xb63f2a23) sw      gp, -1164(t5)
core   0: 3 0x8000d490 (0xb63f2a23) mem 0x80010000 0x00000001
core   0: 0x8000d494 (0xff9ff06f) j       pc - 0x8
core   0: 3 0x8000d494 (0xff9ff06f)
core   0: 0x8000d48c (0x00003f17) auipc   t5, 0x3
core   0: 3 0x8000d48c (0x00003f17) x30 0x8001048c
core   0: 0x8000d490 (0xb63f2a23) sw      gp, -1164(t5)
core   0: 3 0x8000d490 (0xb63f2a23) mem 0x80010000 0x00000001
core   0: 0x8000d494 (0xff9ff06f) j       pc - 0x8
core   0: 3 0x8000d494 (0xff9ff06f)
core   0: 0x8000d48c (0x00003f17) auipc   t5, 0x3
core   0: 3 0x8000d48c (0x00003f17) x30 0x8001048c
core   0: 0x8000d490 (0xb63f2a23) sw      gp, -1164(t5)
core   0: 3 0x8000d490 (0xb63f2a23) mem 0x80010000 0x00000001
core   0: 0x8000d494 (0xff9ff06f) j       pc - 0x8
core   0: 3 0x8000d494 (0xff9ff06f)
core   0: 0x8000d48c (0x00003f17) auipc   t5, 0x3
core   0: 3 0x8000d48c (0x00003f17) x30 0x8001048c
core   0: 0x8000d490 (0xb63f2a23) sw      gp, -1164(t5)
core   0: 3 0x8000d490 (0xb63f2a23) mem 0x80010000 0x00000001
core   0: 0x8000d494 (0xff9ff06f) j       pc - 0x8
core   0: 3 0x8000d494 (0xff9ff06f)
core   0: 0x8000d48c (0x00003f17) auipc   t5, 0x3
core   0: 3 0x8000d48c (0x00003f17) x30 0x8001048c
core   0: 0x8000d490 (0xb63f2a23) sw      gp, -1164(t5)
core   0: 3 0x8000d490 (0xb63f2a23) mem 0x80010000 0x00000001
core   0: 0x8000d494 (0xff9ff06f) j       pc - 0x8
core   0: 3 0x8000d494 (0xff9ff06f)
core   0: 0x8000d48c (0x00003f17) auipc   t5, 0x3
core   0: 3 0x8000d48c (0x00003f17) x30 0x8001048c
core   0: 0x8000d490 (0xb63f2a23) sw      gp, -1164(t5)
core   0: 3 0x8000d490 (0xb63f2a23) mem 0x80010000 0x00000001
core   0: 0x8000d494 (0xff9ff06f) j       pc - 0x8
core   0: 3 0x8000d494 (0xff9ff06f)
core   0: 0x8000d48c (0x00003f17) auipc   t5, 0x3
core   0: 3 0x8000d48c (0x00003f17) x30 0x8001048c
core   0: 0x8000d490 (0xb63f2a23) sw      gp, -1164(t5)
core   0: 3 0x8000d490 (0xb63f2a23) mem 0x80010000 0x00000001
core   0: 0x8000d494 (0xff9ff06f) j       pc - 0x8
core   0: 3 0x8000d494 (0xff9ff06f)
core   0: 0x8000d48c (0x00003f17) auipc   t5, 0x3
core   0: 3 0x8000d48c (0x00003f17) x30 0x8001048c
core   0: 0x8000d490 (0xb63f2a23) sw      gp, -1164(t5)
core   0: 3 0x8000d490 (0xb63f2a23) mem 0x80010000 0x00000001
core   0: 0x8000d494 (0xff9ff06f) j       pc - 0x8
core   0: 3 0x8000d494 (0xff9ff06f)
core   0: 0x8000d48c (0x00003f17) auipc   t5, 0x3
core   0: 3 0x8000d48c (0x00003f17) x30 0x8001048c
core   0: 0x8000d490 (0xb63f2a23) sw      gp, -1164(t5)
core   0: 3 0x8000d490 (0xb63f2a23) mem 0x80010000 0x00000001
core   0: 0x8000d494 (0xff9ff06f) j       pc - 0x8
core   0: 3 0x8000d494 (0xff9ff06f)
core   0: 0x8000d48c (0x00003f17) auipc   t5, 0x3
core   0: 3 0x8000d48c (0x00003f17) x30 0x8001048c
core   0: 0x8000d490 (0xb63f2a23) sw      gp, -1164(t5)
core   0: 3 0x8000d490 (0xb63f2a23) mem 0x80010000 0x00000001
core   0: 0x8000d494 (0xff9ff06f) j       pc - 0x8
core   0: 3 0x8000d494 (0xff9ff06f)
core   0: 0x8000d48c (0x00003f17) auipc   t5, 0x3
core   0: 3 0x8000d48c (0x00003f17) x30 0x8001048c
core   0: 0x8000d490 (0xb63f2a23) sw      gp, -1164(t5)
core   0: 3 0x8000d490 (0xb63f2a23) mem 0x80010000 0x00000001
core   0: 0x8000d494 (0xff9ff06f) j       pc - 0x8
core   0: 3 0x8000d494 (0xff9ff06f)
core   0: 0x8000d48c (0x00003f17) auipc   t5, 0x3
core   0: 3 0x8000d48c (0x00003f17) x30 0x8001048c
core   0: 0x8000d490 (0xb63f2a23) sw      gp, -1164(t5)
core   0: 3 0x8000d490 (0xb63f2a23) mem 0x80010000 0x00000001
core   0: 0x8000d494 (0xff9ff06f) j       pc - 0x8
core   0: 3 0x8000d494 (0xff9ff06f)
core   0: 0x8000d48c (0x00003f17) auipc   t5, 0x3
core   0: 3 0x8000d48c (0x00003f17) x30 0x8001048c
core   0: 0x8000d490 (0xb63f2a23) sw      gp, -1164(t5)
core   0: 3 0x8000d490 (0xb63f2a23) mem 0x80010000 0x00000001
core   0: 0x8000d494 (0xff9ff06f) j       pc - 0x8
core   0: 3 0x8000d494 (0xff9ff06f)
core   0: 0x8000d48c (0x00003f17) auipc   t5, 0x3
core   0: 3 0x8000d48c (0x00003f17) x30 0x8001048c
core   0: 0x8000d490 (0xb63f2a23) sw      gp, -1164(t5)
core   0: 3 0x8000d490 (0xb63f2a23) mem 0x80010000 0x00000001
core   0: 0x8000d494 (0xff9ff06f) j       pc - 0x8
core   0: 3 0x8000d494 (0xff9ff06f)
core   0: 0x8000d48c (0x00003f17) auipc   t5, 0x3
core   0: 3 0x8000d48c (0x00003f17) x30 0x8001048c
core   0: 0x8000d490 (0xb63f2a23) sw      gp, -1164(t5)
core   0: 3 0x8000d490 (0xb63f2a23) mem 0x80010000 0x00000001
core   0: 0x8000d494 (0xff9ff06f) j       pc - 0x8
core   0: 3 0x8000d494 (0xff9ff06f)
core   0: 0x8000d48c (0x00003f17) auipc   t5, 0x3
core   0: 3 0x8000d48c (0x00003f17) x30 0x8001048c
core   0: 0x8000d490 (0xb63f2a23) sw      gp, -1164(t5)
core   0: 3 0x8000d490 (0xb63f2a23) mem 0x80010000 0x00000001
core   0: 0x8000d494 (0xff9ff06f) j       pc - 0x8
core   0: 3 0x8000d494 (0xff9ff06f)
core   0: 0x8000d48c (0x00003f17) auipc   t5, 0x3
core   0: 3 0x8000d48c (0x00003f17) x30 0x8001048c
core   0: 0x8000d490 (0xb63f2a23) sw      gp, -1164(t5)
core   0: 3 0x8000d490 (0xb63f2a23) mem 0x80010000 0x00000001
core   0: 0x8000d494 (0xff9ff06f) j       pc - 0x8
core   0: 3 0x8000d494 (0xff9ff06f)
core   0: 0x8000d48c (0x00003f17) auipc   t5, 0x3
core   0: 3 0x8000d48c (0x00003f17) x30 0x8001048c
core   0: 0x8000d490 (0xb63f2a23) sw      gp, -1164(t5)
core   0: 3 0x8000d490 (0xb63f2a23) mem 0x80010000 0x00000001
core   0: 0x8000d494 (0xff9ff06f) j       pc - 0x8
core   0: 3 0x8000d494 (0xff9ff06f)
core   0: 0x8000d48c (0x00003f17) auipc   t5, 0x3
core   0: 3 0x8000d48c (0x00003f17) x30 0x8001048c
core   0: 0x8000d490 (0xb63f2a23) sw      gp, -1164(t5)
core   0: 3 0x8000d490 (0xb63f2a23) mem 0x80010000 0x00000001
core   0: 0x8000d494 (0xff9ff06f) j       pc - 0x8
core   0: 3 0x8000d494 (0xff9ff06f)
core   0: 0x8000d48c (0x00003f17) auipc   t5, 0x3
core   0: 3 0x8000d48c (0x00003f17) x30 0x8001048c
core   0: 0x8000d490 (0xb63f2a23) sw      gp, -1164(t5)
core   0: 3 0x8000d490 (0xb63f2a23) mem 0x80010000 0x00000001
core   0: 0x8000d494 (0xff9ff06f) j       pc - 0x8
core   0: 3 0x8000d494 (0xff9ff06f)
core   0: 0x8000d48c (0x00003f17) auipc   t5, 0x3
core   0: 3 0x8000d48c (0x00003f17) x30 0x8001048c
core   0: 0x8000d490 (0xb63f2a23) sw      gp, -1164(t5)
core   0: 3 0x8000d490 (0xb63f2a23) mem 0x80010000 0x00000001
core   0: 0x8000d494 (0xff9ff06f) j       pc - 0x8
core   0: 3 0x8000d494 (0xff9ff06f)
core   0: 0x8000d48c (0x00003f17) auipc   t5, 0x3
core   0: 3 0x8000d48c (0x00003f17) x30 0x8001048c
core   0: 0x8000d490 (0xb63f2a23) sw      gp, -1164(t5)
core   0: 3 0x8000d490 (0xb63f2a23) mem 0x80010000 0x00000001
core   0: 0x8000d494 (0xff9ff06f) j       pc - 0x8
core   0: 3 0x8000d494 (0xff9ff06f)
core   0: 0x8000d48c (0x00003f17) auipc   t5, 0x3
core   0: 3 0x8000d48c (0x00003f17) x30 0x8001048c
core   0: 0x8000d490 (0xb63f2a23) sw      gp, -1164(t5)
core   0: 3 0x8000d490 (0xb63f2a23) mem 0x80010000 0x00000001
core   0: 0x8000d494 (0xff9ff06f) j       pc - 0x8
core   0: 3 0x8000d494 (0xff9ff06f)
core   0: 0x8000d48c (0x00003f17) auipc   t5, 0x3
core   0: 3 0x8000d48c (0x00003f17) x30 0x8001048c
core   0: 0x8000d490 (0xb63f2a23) sw      gp, -1164(t5)
core   0: 3 0x8000d490 (0xb63f2a23) mem 0x80010000 0x00000001
core   0: 0x8000d494 (0xff9ff06f) j       pc - 0x8
core   0: 3 0x8000d494 (0xff9ff06f)
core   0: 0x8000d48c (0x00003f17) auipc   t5, 0x3
core   0: 3 0x8000d48c (0x00003f17) x30 0x8001048c
core   0: 0x8000d490 (0xb63f2a23) sw      gp, -1164(t5)
core   0: 3 0x8000d490 (0xb63f2a23) mem 0x80010000 0x00000001
core   0: 0x8000d494 (0xff9ff06f) j       pc - 0x8
core   0: 3 0x8000d494 (0xff9ff06f)
core   0: 0x8000d48c (0x00003f17) auipc   t5, 0x3
core   0: 3 0x8000d48c (0x00003f17) x30 0x8001048c
core   0: 0x8000d490 (0xb63f2a23) sw      gp, -1164(t5)
core   0: 3 0x8000d490 (0xb63f2a23) mem 0x80010000 0x00000001
core   0: 0x8000d494 (0xff9ff06f) j       pc - 0x8
core   0: 3 0x8000d494 (0xff9ff06f)
core   0: 0x8000d48c (0x00003f17) auipc   t5, 0x3
core   0: 3 0x8000d48c (0x00003f17) x30 0x8001048c
core   0: 0x8000d490 (0xb63f2a23) sw      gp, -1164(t5)
core   0: 3 0x8000d490 (0xb63f2a23) mem 0x80010000 0x00000001
core   0: 0x8000d494 (0xff9ff06f) j       pc - 0x8
core   0: 3 0x8000d494 (0xff9ff06f)
core   0: 0x8000d48c (0x00003f17) auipc   t5, 0x3
core   0: 3 0x8000d48c (0x00003f17) x30 0x8001048c
core   0: 0x8000d490 (0xb63f2a23) sw      gp, -1164(t5)
core   0: 3 0x8000d490 (0xb63f2a23) mem 0x80010000 0x00000001
core   0: 0x8000d494 (0xff9ff06f) j       pc - 0x8
core   0: 3 0x8000d494 (0xff9ff06f)
core   0: 0x8000d48c (0x00003f17) auipc   t5, 0x3
core   0: 3 0x8000d48c (0x00003f17) x30 0x8001048c
core   0: 0x8000d490 (0xb63f2a23) sw      gp, -1164(t5)
core   0: 3 0x8000d490 (0xb63f2a23) mem 0x80010000 0x00000001
core   0: 0x8000d494 (0xff9ff06f) j       pc - 0x8
core   0: 3 0x8000d494 (0xff9ff06f)
core   0: 0x8000d48c (0x00003f17) auipc   t5, 0x3
core   0: 3 0x8000d48c (0x00003f17) x30 0x8001048c
core   0: 0x8000d490 (0xb63f2a23) sw      gp, -1164(t5)
core   0: 3 0x8000d490 (0xb63f2a23) mem 0x80010000 0x00000001
core   0: 0x8000d494 (0xff9ff06f) j       pc - 0x8
core   0: 3 0x8000d494 (0xff9ff06f)
core   0: 0x8000d48c (0x00003f17) auipc   t5, 0x3
core   0: 3 0x8000d48c (0x00003f17) x30 0x8001048c
core   0: 0x8000d490 (0xb63f2a23) sw      gp, -1164(t5)
core   0: 3 0x8000d490 (0xb63f2a23) mem 0x80010000 0x00000001
core   0: 0x8000d494 (0xff9ff06f) j       pc - 0x8
core   0: 3 0x8000d494 (0xff9ff06f)
core   0: 0x8000d48c (0x00003f17) auipc   t5, 0x3
core   0: 3 0x8000d48c (0x00003f17) x30 0x8001048c
core   0: 0x8000d490 (0xb63f2a23) sw      gp, -1164(t5)
core   0: 3 0x8000d490 (0xb63f2a23) mem 0x80010000 0x00000001
core   0: 0x8000d494 (0xff9ff06f) j       pc - 0x8
core   0: 3 0x8000d494 (0xff9ff06f)
core   0: 0x8000d48c (0x00003f17) auipc   t5, 0x3
core   0: 3 0x8000d48c (0x00003f17) x30 0x8001048c
core   0: 0x8000d490 (0xb63f2a23) sw      gp, -1164(t5)
core   0: 3 0x8000d490 (0xb63f2a23) mem 0x80010000 0x00000001
core   0: 0x8000d494 (0xff9ff06f) j       pc - 0x8
core   0: 3 0x8000d494 (0xff9ff06f)
core   0: 0x8000d48c (0x00003f17) auipc   t5, 0x3
core   0: 3 0x8000d48c (0x00003f17) x30 0x8001048c
core   0: 0x8000d490 (0xb63f2a23) sw      gp, -1164(t5)
core   0: 3 0x8000d490 (0xb63f2a23) mem 0x80010000 0x00000001
core   0: 0x8000d494 (0xff9ff06f) j       pc - 0x8
core   0: 3 0x8000d494 (0xff9ff06f)
core   0: 0x8000d48c (0x00003f17) auipc   t5, 0x3
core   0: 3 0x8000d48c (0x00003f17) x30 0x8001048c
core   0: 0x8000d490 (0xb63f2a23) sw      gp, -1164(t5)
core   0: 3 0x8000d490 (0xb63f2a23) mem 0x80010000 0x00000001
core   0: 0x8000d494 (0xff9ff06f) j       pc - 0x8
core   0: 3 0x8000d494 (0xff9ff06f)
core   0: 0x8000d48c (0x00003f17) auipc   t5, 0x3
core   0: 3 0x8000d48c (0x00003f17) x30 0x8001048c
core   0: 0x8000d490 (0xb63f2a23) sw      gp, -1164(t5)
core   0: 3 0x8000d490 (0xb63f2a23) mem 0x80010000 0x00000001
core   0: 0x8000d494 (0xff9ff06f) j       pc - 0x8
core   0: 3 0x8000d494 (0xff9ff06f)
core   0: 0x8000d48c (0x00003f17) auipc   t5, 0x3
core   0: 3 0x8000d48c (0x00003f17) x30 0x8001048c
core   0: 0x8000d490 (0xb63f2a23) sw      gp, -1164(t5)
core   0: 3 0x8000d490 (0xb63f2a23) mem 0x80010000 0x00000001
core   0: 0x8000d494 (0xff9ff06f) j       pc - 0x8
core   0: 3 0x8000d494 (0xff9ff06f)
core   0: 0x8000d48c (0x00003f17) auipc   t5, 0x3
core   0: 3 0x8000d48c (0x00003f17) x30 0x8001048c
core   0: 0x8000d490 (0xb63f2a23) sw      gp, -1164(t5)
core   0: 3 0x8000d490 (0xb63f2a23) mem 0x80010000 0x00000001
core   0: 0x8000d494 (0xff9ff06f) j       pc - 0x8
core   0: 3 0x8000d494 (0xff9ff06f)
core   0: 0x8000d48c (0x00003f17) auipc   t5, 0x3
core   0: 3 0x8000d48c (0x00003f17) x30 0x8001048c
core   0: 0x8000d490 (0xb63f2a23) sw      gp, -1164(t5)
core   0: 3 0x8000d490 (0xb63f2a23) mem 0x80010000 0x00000001
core   0: 0x8000d494 (0xff9ff06f) j       pc - 0x8
core   0: 3 0x8000d494 (0xff9ff06f)
core   0: 0x8000d48c (0x00003f17) auipc   t5, 0x3
core   0: 3 0x8000d48c (0x00003f17) x30 0x8001048c
core   0: 0x8000d490 (0xb63f2a23) sw      gp, -1164(t5)
core   0: 3 0x8000d490 (0xb63f2a23) mem 0x80010000 0x00000001
core   0: 0x8000d494 (0xff9ff06f) j       pc - 0x8
core   0: 3 0x8000d494 (0xff9ff06f)
core   0: 0x8000d48c (0x00003f17) auipc   t5, 0x3
core   0: 3 0x8000d48c (0x00003f17) x30 0x8001048c
core   0: 0x8000d490 (0xb63f2a23) sw      gp, -1164(t5)
core   0: 3 0x8000d490 (0xb63f2a23) mem 0x80010000 0x00000001
core   0: 0x8000d494 (0xff9ff06f) j       pc - 0x8
core   0: 3 0x8000d494 (0xff9ff06f)
core   0: 0x8000d48c (0x00003f17) auipc   t5, 0x3
core   0: 3 0x8000d48c (0x00003f17) x30 0x8001048c
core   0: 0x8000d490 (0xb63f2a23) sw      gp, -1164(t5)
core   0: 3 0x8000d490 (0xb63f2a23) mem 0x80010000 0x00000001
core   0: 0x8000d494 (0xff9ff06f) j       pc - 0x8
core   0: 3 0x8000d494 (0xff9ff06f)
core   0: 0x8000d48c (0x00003f17) auipc   t5, 0x3
core   0: 3 0x8000d48c (0x00003f17) x30 0x8001048c
core   0: 0x8000d490 (0xb63f2a23) sw      gp, -1164(t5)
core   0: 3 0x8000d490 (0xb63f2a23) mem 0x80010000 0x00000001
core   0: 0x8000d494 (0xff9ff06f) j       pc - 0x8
core   0: 3 0x8000d494 (0xff9ff06f)
core   0: 0x8000d48c (0x00003f17) auipc   t5, 0x3
core   0: 3 0x8000d48c (0x00003f17) x30 0x8001048c
core   0: 0x8000d490 (0xb63f2a23) sw      gp, -1164(t5)
core   0: 3 0x8000d490 (0xb63f2a23) mem 0x80010000 0x00000001
core   0: 0x8000d494 (0xff9ff06f) j       pc - 0x8
core   0: 3 0x8000d494 (0xff9ff06f)
core   0: 0x8000d48c (0x00003f17) auipc   t5, 0x3
core   0: 3 0x8000d48c (0x00003f17) x30 0x8001048c
core   0: 0x8000d490 (0xb63f2a23) sw      gp, -1164(t5)
core   0: 3 0x8000d490 (0xb63f2a23) mem 0x80010000 0x00000001
core   0: 0x8000d494 (0xff9ff06f) j       pc - 0x8
core   0: 3 0x8000d494 (0xff9ff06f)
core   0: 0x8000d48c (0x00003f17) auipc   t5, 0x3
core   0: 3 0x8000d48c (0x00003f17) x30 0x8001048c
core   0: 0x8000d490 (0xb63f2a23) sw      gp, -1164(t5)
core   0: 3 0x8000d490 (0xb63f2a23) mem 0x80010000 0x00000001
core   0: 0x8000d494 (0xff9ff06f) j       pc - 0x8
core   0: 3 0x8000d494 (0xff9ff06f)
core   0: 0x8000d48c (0x00003f17) auipc   t5, 0x3
core   0: 3 0x8000d48c (0x00003f17) x30 0x8001048c
core   0: 0x8000d490 (0xb63f2a23) sw      gp, -1164(t5)
core   0: 3 0x8000d490 (0xb63f2a23) mem 0x80010000 0x00000001
core   0: 0x8000d494 (0xff9ff06f) j       pc - 0x8
core   0: 3 0x8000d494 (0xff9ff06f)
core   0: 0x8000d48c (0x00003f17) auipc   t5, 0x3
core   0: 3 0x8000d48c (0x00003f17) x30 0x8001048c
core   0: 0x8000d490 (0xb63f2a23) sw      gp, -1164(t5)
core   0: 3 0x8000d490 (0xb63f2a23) mem 0x80010000 0x00000001
core   0: 0x8000d494 (0xff9ff06f) j       pc - 0x8
core   0: 3 0x8000d494 (0xff9ff06f)
core   0: 0x8000d48c (0x00003f17) auipc   t5, 0x3
core   0: 3 0x8000d48c (0x00003f17) x30 0x8001048c
core   0: 0x8000d490 (0xb63f2a23) sw      gp, -1164(t5)
core   0: 3 0x8000d490 (0xb63f2a23) mem 0x80010000 0x00000001
core   0: 0x8000d494 (0xff9ff06f) j       pc - 0x8
core   0: 3 0x8000d494 (0xff9ff06f)
core   0: 0x8000d48c (0x00003f17) auipc   t5, 0x3
core   0: 3 0x8000d48c (0x00003f17) x30 0x8001048c
core   0: 0x8000d490 (0xb63f2a23) sw      gp, -1164(t5)
core   0: 3 0x8000d490 (0xb63f2a23) mem 0x80010000 0x00000001
core   0: 0x8000d494 (0xff9ff06f) j       pc - 0x8
core   0: 3 0x8000d494 (0xff9ff06f)
core   0: 0x8000d48c (0x00003f17) auipc   t5, 0x3
core   0: 3 0x8000d48c (0x00003f17) x30 0x8001048c
core   0: 0x8000d490 (0xb63f2a23) sw      gp, -1164(t5)
core   0: 3 0x8000d490 (0xb63f2a23) mem 0x80010000 0x00000001
core   0: 0x8000d494 (0xff9ff06f) j       pc - 0x8
core   0: 3 0x8000d494 (0xff9ff06f)
core   0: 0x8000d48c (0x00003f17) auipc   t5, 0x3
core   0: 3 0x8000d48c (0x00003f17) x30 0x8001048c
core   0: 0x8000d490 (0xb63f2a23) sw      gp, -1164(t5)
core   0: 3 0x8000d490 (0xb63f2a23) mem 0x80010000 0x00000001
core   0: 0x8000d494 (0xff9ff06f) j       pc - 0x8
core   0: 3 0x8000d494 (0xff9ff06f)
core   0: 0x8000d48c (0x00003f17) auipc   t5, 0x3
core   0: 3 0x8000d48c (0x00003f17) x30 0x8001048c
core   0: 0x8000d490 (0xb63f2a23) sw      gp, -1164(t5)
core   0: 3 0x8000d490 (0xb63f2a23) mem 0x80010000 0x00000001
core   0: 0x8000d494 (0xff9ff06f) j       pc - 0x8
core   0: 3 0x8000d494 (0xff9ff06f)
core   0: 0x8000d48c (0x00003f17) auipc   t5, 0x3
core   0: 3 0x8000d48c (0x00003f17) x30 0x8001048c
core   0: 0x8000d490 (0xb63f2a23) sw      gp, -1164(t5)
core   0: 3 0x8000d490 (0xb63f2a23) mem 0x80010000 0x00000001
core   0: 0x8000d494 (0xff9ff06f) j       pc - 0x8
core   0: 3 0x8000d494 (0xff9ff06f)
core   0: 0x8000d48c (0x00003f17) auipc   t5, 0x3
core   0: 3 0x8000d48c (0x00003f17) x30 0x8001048c
core   0: 0x8000d490 (0xb63f2a23) sw      gp, -1164(t5)
core   0: 3 0x8000d490 (0xb63f2a23) mem 0x80010000 0x00000001
core   0: 0x8000d494 (0xff9ff06f) j       pc - 0x8
core   0: 3 0x8000d494 (0xff9ff06f)
core   0: 0x8000d48c (0x00003f17) auipc   t5, 0x3
core   0: 3 0x8000d48c (0x00003f17) x30 0x8001048c
core   0: 0x8000d490 (0xb63f2a23) sw      gp, -1164(t5)
core   0: 3 0x8000d490 (0xb63f2a23) mem 0x80010000 0x00000001
core   0: 0x8000d494 (0xff9ff06f) j       pc - 0x8
core   0: 3 0x8000d494 (0xff9ff06f)
core   0: 0x8000d48c (0x00003f17) auipc   t5, 0x3
core   0: 3 0x8000d48c (0x00003f17) x30 0x8001048c
core   0: 0x8000d490 (0xb63f2a23) sw      gp, -1164(t5)
core   0: 3 0x8000d490 (0xb63f2a23) mem 0x80010000 0x00000001
core   0: 0x8000d494 (0xff9ff06f) j       pc - 0x8
core   0: 3 0x8000d494 (0xff9ff06f)
core   0: 0x8000d48c (0x00003f17) auipc   t5, 0x3
core   0: 3 0x8000d48c (0x00003f17) x30 0x8001048c
core   0: 0x8000d490 (0xb63f2a23) sw      gp, -1164(t5)
core   0: 3 0x8000d490 (0xb63f2a23) mem 0x80010000 0x00000001
core   0: 0x8000d494 (0xff9ff06f) j       pc - 0x8
core   0: 3 0x8000d494 (0xff9ff06f)
core   0: 0x8000d48c (0x00003f17) auipc   t5, 0x3
core   0: 3 0x8000d48c (0x00003f17) x30 0x8001048c
core   0: 0x8000d490 (0xb63f2a23) sw      gp, -1164(t5)
core   0: 3 0x8000d490 (0xb63f2a23) mem 0x80010000 0x00000001
core   0: 0x8000d494 (0xff9ff06f) j       pc - 0x8
core   0: 3 0x8000d494 (0xff9ff06f)
core   0: 0x8000d48c (0x00003f17) auipc   t5, 0x3
core   0: 3 0x8000d48c (0x00003f17) x30 0x8001048c
core   0: 0x8000d490 (0xb63f2a23) sw      gp, -1164(t5)
core   0: 3 0x8000d490 (0xb63f2a23) mem 0x80010000 0x00000001
core   0: 0x8000d494 (0xff9ff06f) j       pc - 0x8
core   0: 3 0x8000d494 (0xff9ff06f)
core   0: 0x8000d48c (0x00003f17) auipc   t5, 0x3
core   0: 3 0x8000d48c (0x00003f17) x30 0x8001048c
core   0: 0x8000d490 (0xb63f2a23) sw      gp, -1164(t5)
core   0: 3 0x8000d490 (0xb63f2a23) mem 0x80010000 0x00000001
core   0: 0x8000d494 (0xff9ff06f) j       pc - 0x8
core   0: 3 0x8000d494 (0xff9ff06f)
core   0: 0x8000d48c (0x00003f17) auipc   t5, 0x3
core   0: 3 0x8000d48c (0x00003f17) x30 0x8001048c
core   0: 0x8000d490 (0xb63f2a23) sw      gp, -1164(t5)
core   0: 3 0x8000d490 (0xb63f2a23) mem 0x80010000 0x00000001
core   0: 0x8000d494 (0xff9ff06f) j       pc - 0x8
core   0: 3 0x8000d494 (0xff9ff06f)
core   0: 0x8000d48c (0x00003f17) auipc   t5, 0x3
core   0: 3 0x8000d48c (0x00003f17) x30 0x8001048c
core   0: 0x8000d490 (0xb63f2a23) sw      gp, -1164(t5)
core   0: 3 0x8000d490 (0xb63f2a23) mem 0x80010000 0x00000001
core   0: 0x8000d494 (0xff9ff06f) j       pc - 0x8
core   0: 3 0x8000d494 (0xff9ff06f)
core   0: 0x8000d48c (0x00003f17) auipc   t5, 0x3
core   0: 3 0x8000d48c (0x00003f17) x30 0x8001048c
core   0: 0x8000d490 (0xb63f2a23) sw      gp, -1164(t5)
core   0: 3 0x8000d490 (0xb63f2a23) mem 0x80010000 0x00000001
core   0: 0x8000d494 (0xff9ff06f) j       pc - 0x8
core   0: 3 0x8000d494 (0xff9ff06f)
core   0: 0x8000d48c (0x00003f17) auipc   t5, 0x3
core   0: 3 0x8000d48c (0x00003f17) x30 0x8001048c
core   0: 0x8000d490 (0xb63f2a23) sw      gp, -1164(t5)
core   0: 3 0x8000d490 (0xb63f2a23) mem 0x80010000 0x00000001
core   0: 0x8000d494 (0xff9ff06f) j       pc - 0x8
core   0: 3 0x8000d494 (0xff9ff06f)
core   0: 0x8000d48c (0x00003f17) auipc   t5, 0x3
core   0: 3 0x8000d48c (0x00003f17) x30 0x8001048c
core   0: 0x8000d490 (0xb63f2a23) sw      gp, -1164(t5)
core   0: 3 0x8000d490 (0xb63f2a23) mem 0x80010000 0x00000001
core   0: 0x8000d494 (0xff9ff06f) j       pc - 0x8
core   0: 3 0x8000d494 (0xff9ff06f)
core   0: 0x8000d48c (0x00003f17) auipc   t5, 0x3
core   0: 3 0x8000d48c (0x00003f17) x30 0x8001048c
core   0: 0x8000d490 (0xb63f2a23) sw      gp, -1164(t5)
core   0: 3 0x8000d490 (0xb63f2a23) mem 0x80010000 0x00000001
core   0: 0x8000d494 (0xff9ff06f) j       pc - 0x8
core   0: 3 0x8000d494 (0xff9ff06f)
core   0: 0x8000d48c (0x00003f17) auipc   t5, 0x3
core   0: 3 0x8000d48c (0x00003f17) x30 0x8001048c
core   0: 0x8000d490 (0xb63f2a23) sw      gp, -1164(t5)
core   0: 3 0x8000d490 (0xb63f2a23) mem 0x80010000 0x00000001
core   0: 0x8000d494 (0xff9ff06f) j       pc - 0x8
core   0: 3 0x8000d494 (0xff9ff06f)
core   0: 0x8000d48c (0x00003f17) auipc   t5, 0x3
core   0: 3 0x8000d48c (0x00003f17) x30 0x8001048c
core   0: 0x8000d490 (0xb63f2a23) sw      gp, -1164(t5)
core   0: 3 0x8000d490 (0xb63f2a23) mem 0x80010000 0x00000001
core   0: 0x8000d494 (0xff9ff06f) j       pc - 0x8
core   0: 3 0x8000d494 (0xff9ff06f)
core   0: 0x8000d48c (0x00003f17) auipc   t5, 0x3
core   0: 3 0x8000d48c (0x00003f17) x30 0x8001048c
core   0: 0x8000d490 (0xb63f2a23) sw      gp, -1164(t5)
core   0: 3 0x8000d490 (0xb63f2a23) mem 0x80010000 0x00000001
core   0: 0x8000d494 (0xff9ff06f) j       pc - 0x8
core   0: 3 0x8000d494 (0xff9ff06f)
core   0: 0x8000d48c (0x00003f17) auipc   t5, 0x3
core   0: 3 0x8000d48c (0x00003f17) x30 0x8001048c
core   0: 0x8000d490 (0xb63f2a23) sw      gp, -1164(t5)
core   0: 3 0x8000d490 (0xb63f2a23) mem 0x80010000 0x00000001
core   0: 0x8000d494 (0xff9ff06f) j       pc - 0x8
core   0: 3 0x8000d494 (0xff9ff06f)
core   0: 0x8000d48c (0x00003f17) auipc   t5, 0x3
core   0: 3 0x8000d48c (0x00003f17) x30 0x8001048c
core   0: 0x8000d490 (0xb63f2a23) sw      gp, -1164(t5)
core   0: 3 0x8000d490 (0xb63f2a23) mem 0x80010000 0x00000001
core   0: 0x8000d494 (0xff9ff06f) j       pc - 0x8
core   0: 3 0x8000d494 (0xff9ff06f)
core   0: 0x8000d48c (0x00003f17) auipc   t5, 0x3
core   0: 3 0x8000d48c (0x00003f17) x30 0x8001048c
core   0: 0x8000d490 (0xb63f2a23) sw      gp, -1164(t5)
core   0: 3 0x8000d490 (0xb63f2a23) mem 0x80010000 0x00000001
core   0: 0x8000d494 (0xff9ff06f) j       pc - 0x8
core   0: 3 0x8000d494 (0xff9ff06f)
core   0: 0x8000d48c (0x00003f17) auipc   t5, 0x3
core   0: 3 0x8000d48c (0x00003f17) x30 0x8001048c
core   0: 0x8000d490 (0xb63f2a23) sw      gp, -1164(t5)
core   0: 3 0x8000d490 (0xb63f2a23) mem 0x80010000 0x00000001
core   0: 0x8000d494 (0xff9ff06f) j       pc - 0x8
core   0: 3 0x8000d494 (0xff9ff06f)
core   0: 0x8000d48c (0x00003f17) auipc   t5, 0x3
core   0: 3 0x8000d48c (0x00003f17) x30 0x8001048c
core   0: 0x8000d490 (0xb63f2a23) sw      gp, -1164(t5)
core   0: 3 0x8000d490 (0xb63f2a23) mem 0x80010000 0x00000001
core   0: 0x8000d494 (0xff9ff06f) j       pc - 0x8
core   0: 3 0x8000d494 (0xff9ff06f)
core   0: 0x8000d48c (0x00003f17) auipc   t5, 0x3
core   0: 3 0x8000d48c (0x00003f17) x30 0x8001048c
core   0: 0x8000d490 (0xb63f2a23) sw      gp, -1164(t5)
core   0: 3 0x8000d490 (0xb63f2a23) mem 0x80010000 0x00000001
core   0: 0x8000d494 (0xff9ff06f) j       pc - 0x8
core   0: 3 0x8000d494 (0xff9ff06f)
core   0: 0x8000d48c (0x00003f17) auipc   t5, 0x3
core   0: 3 0x8000d48c (0x00003f17) x30 0x8001048c
core   0: 0x8000d490 (0xb63f2a23) sw      gp, -1164(t5)
core   0: 3 0x8000d490 (0xb63f2a23) mem 0x80010000 0x00000001
core   0: 0x8000d494 (0xff9ff06f) j       pc - 0x8
core   0: 3 0x8000d494 (0xff9ff06f)
core   0: 0x8000d48c (0x00003f17) auipc   t5, 0x3
core   0: 3 0x8000d48c (0x00003f17) x30 0x8001048c
core   0: 0x8000d490 (0xb63f2a23) sw      gp, -1164(t5)
core   0: 3 0x8000d490 (0xb63f2a23) mem 0x80010000 0x00000001
core   0: 0x8000d494 (0xff9ff06f) j       pc - 0x8
core   0: 3 0x8000d494 (0xff9ff06f)
core   0: 0x8000d48c (0x00003f17) auipc   t5, 0x3
core   0: 3 0x8000d48c (0x00003f17) x30 0x8001048c
core   0: 0x8000d490 (0xb63f2a23) sw      gp, -1164(t5)
core   0: 3 0x8000d490 (0xb63f2a23) mem 0x80010000 0x00000001
core   0: 0x8000d494 (0xff9ff06f) j       pc - 0x8
core   0: 3 0x8000d494 (0xff9ff06f)
core   0: 0x8000d48c (0x00003f17) auipc   t5, 0x3
core   0: 3 0x8000d48c (0x00003f17) x30 0x8001048c
core   0: 0x8000d490 (0xb63f2a23) sw      gp, -1164(t5)
core   0: 3 0x8000d490 (0xb63f2a23) mem 0x80010000 0x00000001
core   0: 0x8000d494 (0xff9ff06f) j       pc - 0x8
core   0: 3 0x8000d494 (0xff9ff06f)
core   0: 0x8000d48c (0x00003f17) auipc   t5, 0x3
core   0: 3 0x8000d48c (0x00003f17) x30 0x8001048c
core   0: 0x8000d490 (0xb63f2a23) sw      gp, -1164(t5)
core   0: 3 0x8000d490 (0xb63f2a23) mem 0x80010000 0x00000001
core   0: 0x8000d494 (0xff9ff06f) j       pc - 0x8
core   0: 3 0x8000d494 (0xff9ff06f)
core   0: 0x8000d48c (0x00003f17) auipc   t5, 0x3
core   0: 3 0x8000d48c (0x00003f17) x30 0x8001048c
core   0: 0x8000d490 (0xb63f2a23) sw      gp, -1164(t5)
core   0: 3 0x8000d490 (0xb63f2a23) mem 0x80010000 0x00000001
core   0: 0x8000d494 (0xff9ff06f) j       pc - 0x8
core   0: 3 0x8000d494 (0xff9ff06f)
core   0: 0x8000d48c (0x00003f17) auipc   t5, 0x3
core   0: 3 0x8000d48c (0x00003f17) x30 0x8001048c
core   0: 0x8000d490 (0xb63f2a23) sw      gp, -1164(t5)
core   0: 3 0x8000d490 (0xb63f2a23) mem 0x80010000 0x00000001
core   0: 0x8000d494 (0xff9ff06f) j       pc - 0x8
core   0: 3 0x8000d494 (0xff9ff06f)
core   0: 0x8000d48c (0x00003f17) auipc   t5, 0x3
core   0: 3 0x8000d48c (0x00003f17) x30 0x8001048c
core   0: 0x8000d490 (0xb63f2a23) sw      gp, -1164(t5)
core   0: 3 0x8000d490 (0xb63f2a23) mem 0x80010000 0x00000001
core   0: 0x8000d494 (0xff9ff06f) j       pc - 0x8
core   0: 3 0x8000d494 (0xff9ff06f)
core   0: 0x8000d48c (0x00003f17) auipc   t5, 0x3
core   0: 3 0x8000d48c (0x00003f17) x30 0x8001048c
core   0: 0x8000d490 (0xb63f2a23) sw      gp, -1164(t5)
core   0: 3 0x8000d490 (0xb63f2a23) mem 0x80010000 0x00000001
core   0: 0x8000d494 (0xff9ff06f) j       pc - 0x8
core   0: 3 0x8000d494 (0xff9ff06f)
core   0: 0x8000d48c (0x00003f17) auipc   t5, 0x3
core   0: 3 0x8000d48c (0x00003f17) x30 0x8001048c
core   0: 0x8000d490 (0xb63f2a23) sw      gp, -1164(t5)
core   0: 3 0x8000d490 (0xb63f2a23) mem 0x80010000 0x00000001
core   0: 0x8000d494 (0xff9ff06f) j       pc - 0x8
core   0: 3 0x8000d494 (0xff9ff06f)
core   0: 0x8000d48c (0x00003f17) auipc   t5, 0x3
core   0: 3 0x8000d48c (0x00003f17) x30 0x8001048c
core   0: 0x8000d490 (0xb63f2a23) sw      gp, -1164(t5)
core   0: 3 0x8000d490 (0xb63f2a23) mem 0x80010000 0x00000001
core   0: 0x8000d494 (0xff9ff06f) j       pc - 0x8
core   0: 3 0x8000d494 (0xff9ff06f)
core   0: 0x8000d48c (0x00003f17) auipc   t5, 0x3
core   0: 3 0x8000d48c (0x00003f17) x30 0x8001048c
core   0: 0x8000d490 (0xb63f2a23) sw      gp, -1164(t5)
core   0: 3 0x8000d490 (0xb63f2a23) mem 0x80010000 0x00000001
core   0: 0x8000d494 (0xff9ff06f) j       pc - 0x8
core   0: 3 0x8000d494 (0xff9ff06f)
core   0: 0x8000d48c (0x00003f17) auipc   t5, 0x3
core   0: 3 0x8000d48c (0x00003f17) x30 0x8001048c
core   0: 0x8000d490 (0xb63f2a23) sw      gp, -1164(t5)
core   0: 3 0x8000d490 (0xb63f2a23) mem 0x80010000 0x00000001
core   0: 0x8000d494 (0xff9ff06f) j       pc - 0x8
core   0: 3 0x8000d494 (0xff9ff06f)
core   0: 0x8000d48c (0x00003f17) auipc   t5, 0x3
core   0: 3 0x8000d48c (0x00003f17) x30 0x8001048c
core   0: 0x8000d490 (0xb63f2a23) sw      gp, -1164(t5)
core   0: 3 0x8000d490 (0xb63f2a23) mem 0x80010000 0x00000001
core   0: 0x8000d494 (0xff9ff06f) j       pc - 0x8
core   0: 3 0x8000d494 (0xff9ff06f)
core   0: 0x8000d48c (0x00003f17) auipc   t5, 0x3
core   0: 3 0x8000d48c (0x00003f17) x30 0x8001048c
core   0: 0x8000d490 (0xb63f2a23) sw      gp, -1164(t5)
core   0: 3 0x8000d490 (0xb63f2a23) mem 0x80010000 0x00000001
core   0: 0x8000d494 (0xff9ff06f) j       pc - 0x8
core   0: 3 0x8000d494 (0xff9ff06f)
core   0: 0x8000d48c (0x00003f17) auipc   t5, 0x3
core   0: 3 0x8000d48c (0x00003f17) x30 0x8001048c
core   0: 0x8000d490 (0xb63f2a23) sw      gp, -1164(t5)
core   0: 3 0x8000d490 (0xb63f2a23) mem 0x80010000 0x00000001
core   0: 0x8000d494 (0xff9ff06f) j       pc - 0x8
core   0: 3 0x8000d494 (0xff9ff06f)
core   0: 0x8000d48c (0x00003f17) auipc   t5, 0x3
core   0: 3 0x8000d48c (0x00003f17) x30 0x8001048c
core   0: 0x8000d490 (0xb63f2a23) sw      gp, -1164(t5)
core   0: 3 0x8000d490 (0xb63f2a23) mem 0x80010000 0x00000001
core   0: 0x8000d494 (0xff9ff06f) j       pc - 0x8
core   0: 3 0x8000d494 (0xff9ff06f)
core   0: 0x8000d48c (0x00003f17) auipc   t5, 0x3
core   0: 3 0x8000d48c (0x00003f17) x30 0x8001048c
core   0: 0x8000d490 (0xb63f2a23) sw      gp, -1164(t5)
core   0: 3 0x8000d490 (0xb63f2a23) mem 0x80010000 0x00000001
core   0: 0x8000d494 (0xff9ff06f) j       pc - 0x8
core   0: 3 0x8000d494 (0xff9ff06f)
core   0: 0x8000d48c (0x00003f17) auipc   t5, 0x3
core   0: 3 0x8000d48c (0x00003f17) x30 0x8001048c
core   0: 0x8000d490 (0xb63f2a23) sw      gp, -1164(t5)
core   0: 3 0x8000d490 (0xb63f2a23) mem 0x80010000 0x00000001
core   0: 0x8000d494 (0xff9ff06f) j       pc - 0x8
core   0: 3 0x8000d494 (0xff9ff06f)
core   0: 0x8000d48c (0x00003f17) auipc   t5, 0x3
core   0: 3 0x8000d48c (0x00003f17) x30 0x8001048c
core   0: 0x8000d490 (0xb63f2a23) sw      gp, -1164(t5)
core   0: 3 0x8000d490 (0xb63f2a23) mem 0x80010000 0x00000001
core   0: 0x8000d494 (0xff9ff06f) j       pc - 0x8
core   0: 3 0x8000d494 (0xff9ff06f)
core   0: 0x8000d48c (0x00003f17) auipc   t5, 0x3
core   0: 3 0x8000d48c (0x00003f17) x30 0x8001048c
core   0: 0x8000d490 (0xb63f2a23) sw      gp, -1164(t5)
core   0: 3 0x8000d490 (0xb63f2a23) mem 0x80010000 0x00000001
core   0: 0x8000d494 (0xff9ff06f) j       pc - 0x8
core   0: 3 0x8000d494 (0xff9ff06f)
core   0: 0x8000d48c (0x00003f17) auipc   t5, 0x3
core   0: 3 0x8000d48c (0x00003f17) x30 0x8001048c
core   0: 0x8000d490 (0xb63f2a23) sw      gp, -1164(t5)
core   0: 3 0x8000d490 (0xb63f2a23) mem 0x80010000 0x00000001
core   0: 0x8000d494 (0xff9ff06f) j       pc - 0x8
core   0: 3 0x8000d494 (0xff9ff06f)
core   0: 0x8000d48c (0x00003f17) auipc   t5, 0x3
core   0: 3 0x8000d48c (0x00003f17) x30 0x8001048c
core   0: 0x8000d490 (0xb63f2a23) sw      gp, -1164(t5)
core   0: 3 0x8000d490 (0xb63f2a23) mem 0x80010000 0x00000001
core   0: 0x8000d494 (0xff9ff06f) j       pc - 0x8
core   0: 3 0x8000d494 (0xff9ff06f)
core   0: 0x8000d48c (0x00003f17) auipc   t5, 0x3
core   0: 3 0x8000d48c (0x00003f17) x30 0x8001048c
core   0: 0x8000d490 (0xb63f2a23) sw      gp, -1164(t5)
core   0: 3 0x8000d490 (0xb63f2a23) mem 0x80010000 0x00000001
core   0: 0x8000d494 (0xff9ff06f) j       pc - 0x8
core   0: 3 0x8000d494 (0xff9ff06f)
core   0: 0x8000d48c (0x00003f17) auipc   t5, 0x3
core   0: 3 0x8000d48c (0x00003f17) x30 0x8001048c
core   0: 0x8000d490 (0xb63f2a23) sw      gp, -1164(t5)
core   0: 3 0x8000d490 (0xb63f2a23) mem 0x80010000 0x00000001
core   0: 0x8000d494 (0xff9ff06f) j       pc - 0x8
core   0: 3 0x8000d494 (0xff9ff06f)
core   0: 0x8000d48c (0x00003f17) auipc   t5, 0x3
core   0: 3 0x8000d48c (0x00003f17) x30 0x8001048c
core   0: 0x8000d490 (0xb63f2a23) sw      gp, -1164(t5)
core   0: 3 0x8000d490 (0xb63f2a23) mem 0x80010000 0x00000001
core   0: 0x8000d494 (0xff9ff06f) j       pc - 0x8
core   0: 3 0x8000d494 (0xff9ff06f)
core   0: 0x8000d48c (0x00003f17) auipc   t5, 0x3
core   0: 3 0x8000d48c (0x00003f17) x30 0x8001048c
core   0: 0x8000d490 (0xb63f2a23) sw      gp, -1164(t5)
core   0: 3 0x8000d490 (0xb63f2a23) mem 0x80010000 0x00000001
core   0: 0x8000d494 (0xff9ff06f) j       pc - 0x8
core   0: 3 0x8000d494 (0xff9ff06f)
core   0: 0x8000d48c (0x00003f17) auipc   t5, 0x3
core   0: 3 0x8000d48c (0x00003f17) x30 0x8001048c
core   0: 0x8000d490 (0xb63f2a23) sw      gp, -1164(t5)
core   0: 3 0x8000d490 (0xb63f2a23) mem 0x80010000 0x00000001
core   0: 0x8000d494 (0xff9ff06f) j       pc - 0x8
core   0: 3 0x8000d494 (0xff9ff06f)
core   0: 0x8000d48c (0x00003f17) auipc   t5, 0x3
core   0: 3 0x8000d48c (0x00003f17) x30 0x8001048c
core   0: 0x8000d490 (0xb63f2a23) sw      gp, -1164(t5)
core   0: 3 0x8000d490 (0xb63f2a23) mem 0x80010000 0x00000001
core   0: 0x8000d494 (0xff9ff06f) j       pc - 0x8
core   0: 3 0x8000d494 (0xff9ff06f)
core   0: 0x8000d48c (0x00003f17) auipc   t5, 0x3
core   0: 3 0x8000d48c (0x00003f17) x30 0x8001048c
core   0: 0x8000d490 (0xb63f2a23) sw      gp, -1164(t5)
core   0: 3 0x8000d490 (0xb63f2a23) mem 0x80010000 0x00000001
core   0: 0x8000d494 (0xff9ff06f) j       pc - 0x8
core   0: 3 0x8000d494 (0xff9ff06f)
core   0: 0x8000d48c (0x00003f17) auipc   t5, 0x3
core   0: 3 0x8000d48c (0x00003f17) x30 0x8001048c
core   0: 0x8000d490 (0xb63f2a23) sw      gp, -1164(t5)
core   0: 3 0x8000d490 (0xb63f2a23) mem 0x80010000 0x00000001
core   0: 0x8000d494 (0xff9ff06f) j       pc - 0x8
core   0: 3 0x8000d494 (0xff9ff06f)
core   0: 0x8000d48c (0x00003f17) auipc   t5, 0x3
core   0: 3 0x8000d48c (0x00003f17) x30 0x8001048c
core   0: 0x8000d490 (0xb63f2a23) sw      gp, -1164(t5)
core   0: 3 0x8000d490 (0xb63f2a23) mem 0x80010000 0x00000001
core   0: 0x8000d494 (0xff9ff06f) j       pc - 0x8
core   0: 3 0x8000d494 (0xff9ff06f)
core   0: 0x8000d48c (0x00003f17) auipc   t5, 0x3
core   0: 3 0x8000d48c (0x00003f17) x30 0x8001048c
core   0: 0x8000d490 (0xb63f2a23) sw      gp, -1164(t5)
core   0: 3 0x8000d490 (0xb63f2a23) mem 0x80010000 0x00000001
core   0: 0x8000d494 (0xff9ff06f) j       pc - 0x8
core   0: 3 0x8000d494 (0xff9ff06f)
core   0: 0x8000d48c (0x00003f17) auipc   t5, 0x3
core   0: 3 0x8000d48c (0x00003f17) x30 0x8001048c
core   0: 0x8000d490 (0xb63f2a23) sw      gp, -1164(t5)
core   0: 3 0x8000d490 (0xb63f2a23) mem 0x80010000 0x00000001
core   0: 0x8000d494 (0xff9ff06f) j       pc - 0x8
core   0: 3 0x8000d494 (0xff9ff06f)
core   0: 0x8000d48c (0x00003f17) auipc   t5, 0x3
core   0: 3 0x8000d48c (0x00003f17) x30 0x8001048c
core   0: 0x8000d490 (0xb63f2a23) sw      gp, -1164(t5)
core   0: 3 0x8000d490 (0xb63f2a23) mem 0x80010000 0x00000001
core   0: 0x8000d494 (0xff9ff06f) j       pc - 0x8
core   0: 3 0x8000d494 (0xff9ff06f)
core   0: 0x8000d48c (0x00003f17) auipc   t5, 0x3
core   0: 3 0x8000d48c (0x00003f17) x30 0x8001048c
core   0: 0x8000d490 (0xb63f2a23) sw      gp, -1164(t5)
core   0: 3 0x8000d490 (0xb63f2a23) mem 0x80010000 0x00000001
core   0: 0x8000d494 (0xff9ff06f) j       pc - 0x8
core   0: 3 0x8000d494 (0xff9ff06f)
core   0: 0x8000d48c (0x00003f17) auipc   t5, 0x3
core   0: 3 0x8000d48c (0x00003f17) x30 0x8001048c
core   0: 0x8000d490 (0xb63f2a23) sw      gp, -1164(t5)
core   0: 3 0x8000d490 (0xb63f2a23) mem 0x80010000 0x00000001
core   0: 0x8000d494 (0xff9ff06f) j       pc - 0x8
core   0: 3 0x8000d494 (0xff9ff06f)
core   0: 0x8000d48c (0x00003f17) auipc   t5, 0x3
core   0: 3 0x8000d48c (0x00003f17) x30 0x8001048c
core   0: 0x8000d490 (0xb63f2a23) sw      gp, -1164(t5)
core   0: 3 0x8000d490 (0xb63f2a23) mem 0x80010000 0x00000001
core   0: 0x8000d494 (0xff9ff06f) j       pc - 0x8
core   0: 3 0x8000d494 (0xff9ff06f)
core   0: 0x8000d48c (0x00003f17) auipc   t5, 0x3
core   0: 3 0x8000d48c (0x00003f17) x30 0x8001048c
core   0: 0x8000d490 (0xb63f2a23) sw      gp, -1164(t5)
core   0: 3 0x8000d490 (0xb63f2a23) mem 0x80010000 0x00000001
core   0: 0x8000d494 (0xff9ff06f) j       pc - 0x8
core   0: 3 0x8000d494 (0xff9ff06f)
core   0: 0x8000d48c (0x00003f17) auipc   t5, 0x3
core   0: 3 0x8000d48c (0x00003f17) x30 0x8001048c
core   0: 0x8000d490 (0xb63f2a23) sw      gp, -1164(t5)
core   0: 3 0x8000d490 (0xb63f2a23) mem 0x80010000 0x00000001
core   0: 0x8000d494 (0xff9ff06f) j       pc - 0x8
core   0: 3 0x8000d494 (0xff9ff06f)
core   0: 0x8000d48c (0x00003f17) auipc   t5, 0x3
core   0: 3 0x8000d48c (0x00003f17) x30 0x8001048c
core   0: 0x8000d490 (0xb63f2a23) sw      gp, -1164(t5)
core   0: 3 0x8000d490 (0xb63f2a23) mem 0x80010000 0x00000001
core   0: 0x8000d494 (0xff9ff06f) j       pc - 0x8
core   0: 3 0x8000d494 (0xff9ff06f)
core   0: 0x8000d48c (0x00003f17) auipc   t5, 0x3
core   0: 3 0x8000d48c (0x00003f17) x30 0x8001048c
core   0: 0x8000d490 (0xb63f2a23) sw      gp, -1164(t5)
core   0: 3 0x8000d490 (0xb63f2a23) mem 0x80010000 0x00000001
core   0: 0x8000d494 (0xff9ff06f) j       pc - 0x8
core   0: 3 0x8000d494 (0xff9ff06f)
core   0: 0x8000d48c (0x00003f17) auipc   t5, 0x3
core   0: 3 0x8000d48c (0x00003f17) x30 0x8001048c
core   0: 0x8000d490 (0xb63f2a23) sw      gp, -1164(t5)
core   0: 3 0x8000d490 (0xb63f2a23) mem 0x80010000 0x00000001
core   0: 0x8000d494 (0xff9ff06f) j       pc - 0x8
core   0: 3 0x8000d494 (0xff9ff06f)
core   0: 0x8000d48c (0x00003f17) auipc   t5, 0x3
core   0: 3 0x8000d48c (0x00003f17) x30 0x8001048c
core   0: 0x8000d490 (0xb63f2a23) sw      gp, -1164(t5)
core   0: 3 0x8000d490 (0xb63f2a23) mem 0x80010000 0x00000001
core   0: 0x8000d494 (0xff9ff06f) j       pc - 0x8
core   0: 3 0x8000d494 (0xff9ff06f)
core   0: 0x8000d48c (0x00003f17) auipc   t5, 0x3
core   0: 3 0x8000d48c (0x00003f17) x30 0x8001048c
core   0: 0x8000d490 (0xb63f2a23) sw      gp, -1164(t5)
core   0: 3 0x8000d490 (0xb63f2a23) mem 0x80010000 0x00000001
core   0: 0x8000d494 (0xff9ff06f) j       pc - 0x8
core   0: 3 0x8000d494 (0xff9ff06f)
core   0: 0x8000d48c (0x00003f17) auipc   t5, 0x3
core   0: 3 0x8000d48c (0x00003f17) x30 0x8001048c
core   0: 0x8000d490 (0xb63f2a23) sw      gp, -1164(t5)
core   0: 3 0x8000d490 (0xb63f2a23) mem 0x80010000 0x00000001
core   0: 0x8000d494 (0xff9ff06f) j       pc - 0x8
core   0: 3 0x8000d494 (0xff9ff06f)
core   0: 0x8000d48c (0x00003f17) auipc   t5, 0x3
core   0: 3 0x8000d48c (0x00003f17) x30 0x8001048c
core   0: 0x8000d490 (0xb63f2a23) sw      gp, -1164(t5)
core   0: 3 0x8000d490 (0xb63f2a23) mem 0x80010000 0x00000001
core   0: 0x8000d494 (0xff9ff06f) j       pc - 0x8
core   0: 3 0x8000d494 (0xff9ff06f)
core   0: 0x8000d48c (0x00003f17) auipc   t5, 0x3
core   0: 3 0x8000d48c (0x00003f17) x30 0x8001048c
core   0: 0x8000d490 (0xb63f2a23) sw      gp, -1164(t5)
core   0: 3 0x8000d490 (0xb63f2a23) mem 0x80010000 0x00000001
core   0: 0x8000d494 (0xff9ff06f) j       pc - 0x8
core   0: 3 0x8000d494 (0xff9ff06f)
core   0: 0x8000d48c (0x00003f17) auipc   t5, 0x3
core   0: 3 0x8000d48c (0x00003f17) x30 0x8001048c
core   0: 0x8000d490 (0xb63f2a23) sw      gp, -1164(t5)
core   0: 3 0x8000d490 (0xb63f2a23) mem 0x80010000 0x00000001
core   0: 0x8000d494 (0xff9ff06f) j       pc - 0x8
core   0: 3 0x8000d494 (0xff9ff06f)
core   0: 0x8000d48c (0x00003f17) auipc   t5, 0x3
core   0: 3 0x8000d48c (0x00003f17) x30 0x8001048c
core   0: 0x8000d490 (0xb63f2a23) sw      gp, -1164(t5)
core   0: 3 0x8000d490 (0xb63f2a23) mem 0x80010000 0x00000001
core   0: 0x8000d494 (0xff9ff06f) j       pc - 0x8
core   0: 3 0x8000d494 (0xff9ff06f)
core   0: 0x8000d48c (0x00003f17) auipc   t5, 0x3
core   0: 3 0x8000d48c (0x00003f17) x30 0x8001048c
core   0: 0x8000d490 (0xb63f2a23) sw      gp, -1164(t5)
core   0: 3 0x8000d490 (0xb63f2a23) mem 0x80010000 0x00000001
