core   0: 0x00001000 (0x00000297) auipc   t0, 0x0
core   0: 3 0x00001000 (0x00000297) x 5 0x00001000
core   0: 0x00001004 (0x02028593) addi    a1, t0, 32
core   0: 3 0x00001004 (0x02028593) x11 0x00001020
core   0: 0x00001008 (0xf1402573) csrr    a0, mhartid
core   0: 3 0x00001008 (0xf1402573) x10 0x00000000
core   0: 0x0000100c (0x0182a283) lw      t0, 24(t0)
core   0: 3 0x0000100c (0x0182a283) x 5 0x80000000 mem 0x00001018
core   0: 0x00001010 (0x00028067) jr      t0
core   0: 3 0x00001010 (0x00028067)
core   0: 0x80000000 (0xf14022f3) csrr    t0, mhartid
core   0: 3 0x80000000 (0xf14022f3) x 5 0x00000000
core   0: 0x80000004 (0x00004301) c.li    t1, 0
core   0: 3 0x80000004 (0x4301) x 6 0x00000000
core   0: 0x80000006 (0x00628263) beq     t0, t1, pc + 4
core   0: 3 0x80000006 (0x00628263)
core   0: 0x8000000a (0x00000e97) auipc   t4, 0x0
core   0: 3 0x8000000a (0x00000e97) x29 0x8000000a
core   0: 0x8000000e (0x00ce8e93) addi    t4, t4, 12
core   0: 3 0x8000000e (0x00ce8e93) x29 0x80000016
core   0: 0x80000012 (0x000e8067) jr      t4
core   0: 3 0x80000012 (0x000e8067)
core   0: 0x80000016 (0x40001937) lui     s2, 0x40001
core   0: 3 0x80000016 (0x40001937) x18 0x40001000
core   0: 0x8000001a (0x10490913) addi    s2, s2, 260
core   0: 3 0x8000001a (0x10490913) x18 0x40001104
core   0: 0x8000001e (0x30191073) csrw    misa, s2
core   0: 3 0x8000001e (0x30191073) c769_misa 0x40141104
core   0: 0x80000022 (0x0002a617) auipc   a2, 0x2a
core   0: 3 0x80000022 (0x0002a617) x12 0x8002a022
core   0: 0x80000026 (0xcc260613) addi    a2, a2, -830
core   0: 3 0x80000026 (0xcc260613) x12 0x80029ce4
core   0: 0x8000002a (0x0000f917) auipc   s2, 0xf
core   0: 3 0x8000002a (0x0000f917) x18 0x8000f02a
core   0: 0x8000002e (0xcca90913) addi    s2, s2, -822
core   0: 3 0x8000002e (0xcca90913) x18 0x8000ecf4
core   0: 0x80000032 (0x00096913) ori     s2, s2, 0
core   0: 3 0x80000032 (0x00096913) x18 0x8000ecf4
core   0: 0x80000036 (0x30591073) csrw    mtvec, s2
core   0: 3 0x80000036 (0x30591073) c773_mtvec 0x8000ecf4
core   0: 0x8000003a (0x00000917) auipc   s2, 0x0
core   0: 3 0x8000003a (0x00000917) x18 0x8000003a
core   0: 0x8000003e (0x02490913) addi    s2, s2, 36
core   0: 3 0x8000003e (0x02490913) x18 0x8000005e
core   0: 0x80000042 (0x34191073) csrw    mepc, s2
core   0: 3 0x80000042 (0x34191073) c833_mepc 0x8000005e
core   0: 0x80000046 (0x00000001) c.nop
core   0: 3 0x80000046 (0x0001)
core   0: 0x80000048 (0x00002937) lui     s2, 0x2
core   0: 3 0x80000048 (0x00002937) x18 0x00002000
core   0: 0x8000004c (0x80090913) addi    s2, s2, -2048
core   0: 3 0x8000004c (0x80090913) x18 0x00001800
core   0: 0x80000050 (0x30091073) csrw    mstatus, s2
core   0: 3 0x80000050 (0x30091073) c768_mstatus 0x00001800
core   0: 0x80000054 (0x00004901) c.li    s2, 0
core   0: 3 0x80000054 (0x4901) x18 0x00000000
core   0: 0x80000056 (0x30491073) csrw    mie, s2
core   0: 3 0x80000056 (0x30491073) c772_mie 0x00000000
core   0: 0x8000005a (0x30200073) mret
core   0: 3 0x8000005a (0x30200073) c768_mstatus 0x00000080
core   0: >>>>  init
core   0: 0x8000005e (0x3b7a7037) lui     zero, 0x3b7a7
core   0: 3 0x8000005e (0x3b7a7037)
core   0: 0x80000062 (0x98600013) li      zero, -1658
core   0: 3 0x80000062 (0x98600013)
core   0: 0x80000066 (0x800000b7) lui     ra, 0x80000
core   0: 3 0x80000066 (0x800000b7) x 1 0x80000000
core   0: 0x8000006a (0xa5ee4137) lui     sp, 0xa5ee4
core   0: 3 0x8000006a (0xa5ee4137) x 2 0xa5ee4000
core   0: 0x8000006e (0x85b10113) addi    sp, sp, -1957
core   0: 3 0x8000006e (0x85b10113) x 2 0xa5ee385b
core   0: 0x80000072 (0xe80921b7) lui     gp, 0xe8092
core   0: 3 0x80000072 (0xe80921b7) x 3 0xe8092000
core   0: 0x80000076 (0x8e018193) addi    gp, gp, -1824
core   0: 3 0x80000076 (0x8e018193) x 3 0xe80918e0
core   0: 0x8000007a (0x80000237) lui     tp, 0x80000
core   0: 3 0x8000007a (0x80000237) x 4 0x80000000
core   0: 0x8000007e (0x410fa2b7) lui     t0, 0x410fa
core   0: 3 0x8000007e (0x410fa2b7) x 5 0x410fa000
core   0: 0x80000082 (0xf9228293) addi    t0, t0, -110
core   0: 3 0x80000082 (0xf9228293) x 5 0x410f9f92
core   0: 0x80000086 (0x80000337) lui     t1, 0x80000
core   0: 3 0x80000086 (0x80000337) x 6 0x80000000
core   0: 0x8000008a (0x00004381) c.li    t2, 0
core   0: 3 0x8000008a (0x4381) x 7 0x00000000
core   0: 0x8000008c (0xaf541437) lui     s0, 0xaf541
core   0: 3 0x8000008c (0xaf541437) x 8 0xaf541000
core   0: 0x80000090 (0x66e40413) addi    s0, s0, 1646
core   0: 3 0x80000090 (0x66e40413) x 8 0xaf54166e
core   0: 0x80000094 (0x4b2804b7) lui     s1, 0x4b280
core   0: 3 0x80000094 (0x4b2804b7) x 9 0x4b280000
core   0: 0x80000098 (0x9a648493) addi    s1, s1, -1626
core   0: 3 0x80000098 (0x9a648493) x 9 0x4b27f9a6
core   0: 0x8000009c (0xc6c37537) lui     a0, 0xc6c37
core   0: 3 0x8000009c (0xc6c37537) x10 0xc6c37000
core   0: 0x800000a0 (0x69d50513) addi    a0, a0, 1693
core   0: 3 0x800000a0 (0x69d50513) x10 0xc6c3769d
core   0: 0x800000a4 (0x00004599) c.li    a1, 6
core   0: 3 0x800000a4 (0x4599) x11 0x00000006
core   0: 0x800000a6 (0x00004681) c.li    a3, 0
core   0: 3 0x800000a6 (0x4681) x13 0x00000000
core   0: 0x800000a8 (0xf5129737) lui     a4, 0xf5129
core   0: 3 0x800000a8 (0xf5129737) x14 0xf5129000
core   0: 0x800000ac (0xa6a70713) addi    a4, a4, -1430
core   0: 3 0x800000ac (0xa6a70713) x14 0xf5128a6a
core   0: 0x800000b0 (0xf1aa4837) lui     a6, 0xf1aa4
core   0: 3 0x800000b0 (0xf1aa4837) x16 0xf1aa4000
core   0: 0x800000b4 (0xbc380813) addi    a6, a6, -1085
core   0: 3 0x800000b4 (0xbc380813) x16 0xf1aa3bc3
core   0: 0x800000b8 (0x00004881) c.li    a7, 0
core   0: 3 0x800000b8 (0x4881) x17 0x00000000
core   0: 0x800000ba (0x96f36937) lui     s2, 0x96f36
core   0: 3 0x800000ba (0x96f36937) x18 0x96f36000
core   0: 0x800000be (0x63d90913) addi    s2, s2, 1597
core   0: 3 0x800000be (0x63d90913) x18 0x96f3663d
core   0: 0x800000c2 (0x00004981) c.li    s3, 0
core   0: 3 0x800000c2 (0x4981) x19 0x00000000
core   0: 0x800000c4 (0x00004a0d) c.li    s4, 3
core   0: 3 0x800000c4 (0x4a0d) x20 0x00000003
core   0: 0x800000c6 (0x00004a81) c.li    s5, 0
core   0: 3 0x800000c6 (0x4a81) x21 0x00000000
core   0: 0x800000c8 (0x00004b0d) c.li    s6, 3
core   0: 3 0x800000c8 (0x4b0d) x22 0x00000003
core   0: 0x800000ca (0x00004b81) c.li    s7, 0
core   0: 3 0x800000ca (0x4b81) x23 0x00000000
core   0: 0x800000cc (0xf075ac37) lui     s8, 0xf075a
core   0: 3 0x800000cc (0xf075ac37) x24 0xf075a000
core   0: 0x800000d0 (0xd80c0c13) addi    s8, s8, -640
core   0: 3 0x800000d0 (0xd80c0c13) x24 0xf0759d80
core   0: 0x800000d4 (0x00004c81) c.li    s9, 0
core   0: 3 0x800000d4 (0x4c81) x25 0x00000000
core   0: 0x800000d6 (0x55d21d37) lui     s10, 0x55d21
core   0: 3 0x800000d6 (0x55d21d37) x26 0x55d21000
core   0: 0x800000da (0x3bbd0d13) addi    s10, s10, 955
core   0: 3 0x800000da (0x3bbd0d13) x26 0x55d213bb
core   0: 0x800000de (0x3b729db7) lui     s11, 0x3b729
core   0: 3 0x800000de (0x3b729db7) x27 0x3b729000
core   0: 0x800000e2 (0xf86d8d93) addi    s11, s11, -122
core   0: 3 0x800000e2 (0xf86d8d93) x27 0x3b728f86
core   0: 0x800000e6 (0xfabd8e37) lui     t3, 0xfabd8
core   0: 3 0x800000e6 (0xfabd8e37) x28 0xfabd8000
core   0: 0x800000ea (0xdb5e0e13) addi    t3, t3, -587
core   0: 3 0x800000ea (0xdb5e0e13) x28 0xfabd7db5
core   0: 0x800000ee (0x00004e81) c.li    t4, 0
core   0: 3 0x800000ee (0x4e81) x29 0x00000000
core   0: 0x800000f0 (0x00004f01) c.li    t5, 0
core   0: 3 0x800000f0 (0x4f01) x30 0x00000000
core   0: 0x800000f2 (0x00004f81) c.li    t6, 0
core   0: 3 0x800000f2 (0x4f81) x31 0x00000000
core   0: 0x800000f4 (0x00026797) auipc   a5, 0x26
core   0: 3 0x800000f4 (0x00026797) x15 0x800260f4
core   0: 0x800000f8 (0xd7078793) addi    a5, a5, -656
core   0: 3 0x800000f8 (0xd7078793) x15 0x80025e64
core   0: 0x800000fc (0x00020397) auipc   t2, 0x20
core   0: 3 0x800000fc (0x00020397) x 7 0x800200fc
core   0: 0x80000100 (0xf0538393) addi    t2, t2, -251
core   0: 3 0x80000100 (0xf0538393) x 7 0x80020001
core   0: 0x80000104 (0x00f3da83) lhu     s5, 15(t2)
core   0: 3 0x80000104 (0x00f3da83) x21 0x0000f4a5 mem 0x80020010
core   0: 0x80000108 (0x00011597) auipc   a1, 0x11
core   0: 3 0x80000108 (0x00011597) x11 0x80011108
core   0: 0x8000010c (0x9b458593) addi    a1, a1, -1612
core   0: 3 0x8000010c (0x9b458593) x11 0x80010abc
core   0: 0x80000110 (0xfd75ca03) lbu     s4, -41(a1)
core   0: 3 0x80000110 (0xfd75ca03) x20 0x0000008c mem 0x80010a93
core   0: 0x80000114 (0xff73ac03) lw      s8, -9(t2)
core   0: 3 0x80000114 (0xff73ac03) x24 0xe3ccecfb mem 0x8001fff8
core   0: 0x80000118 (0xffa38e03) lb      t3, -6(t2)
core   0: 3 0x80000118 (0xffa38e03) x28 0xffffffe3 mem 0x8001fffb
core   0: 0x8000011c (0xfe75c103) lbu     sp, -25(a1)
core   0: 3 0x8000011c (0xfe75c103) x 2 0x00000098 mem 0x80010aa3
core   0: 0x80000120 (0x000386a3) sb      zero, 13(t2)
core   0: 3 0x80000120 (0x000386a3) mem 0x8002000e 0x0
core   0: 0x80000124 (0xff038003) lb      zero, -16(t2)
core   0: 3 0x80000124 (0xff038003) mem 0x8001fff1
core   0: 0x80000128 (0xfd158903) lb      s2, -47(a1)
core   0: 3 0x80000128 (0xfd158903) x18 0x00000032 mem 0x80010a8d
core   0: 0x8000012c (0xff459083) lh      ra, -12(a1)
core   0: 3 0x8000012c (0xff459083) x 1 0x000008f8 mem 0x80010ab0
core   0: 0x80000130 (0x015380a3) sb      s5, 1(t2)
core   0: 3 0x80000130 (0x015380a3) mem 0x80020002 0xa5
core   0: 0x80000134 (0x00638d83) lb      s11, 6(t2)
core   0: 3 0x80000134 (0x00638d83) x27 0xffffffd4 mem 0x80020007
core   0: 0x80000138 (0x00c5d403) lhu     s0, 12(a1)
core   0: 3 0x80000138 (0x00c5d403) x 8 0x00007c26 mem 0x80010ac8
core   0: 0x8000013c (0x00838f03) lb      t5, 8(t2)
core   0: 3 0x8000013c (0x00838f03) x30 0x00000009 mem 0x80020009
core   0: 0x80000140 (0xffe38b83) lb      s7, -2(t2)
core   0: 3 0x80000140 (0xffe38b83) x23 0xffffff88 mem 0x8001ffff
core   0: 0x80000144 (0xfe35c083) lbu     ra, -29(a1)
core   0: 3 0x80000144 (0xfe35c083) x 1 0x00000077 mem 0x80010a9f
core   0: 0x80000148 (0x00010c17) auipc   s8, 0x10
core   0: 3 0x80000148 (0x00010c17) x24 0x80010148
core   0: 0x8000014c (0xf76c0c13) addi    s8, s8, -138
core   0: 3 0x8000014c (0xf76c0c13) x24 0x800100be
core   0: 0x80000150 (0x00011517) auipc   a0, 0x11
core   0: 3 0x80000150 (0x00011517) x10 0x80011150
core   0: 0x80000154 (0xd8950513) addi    a0, a0, -631
core   0: 3 0x80000154 (0xd8950513) x10 0x80010ed9
core   0: 0x80000158 (0xfc4c1b23) sh      tp, -42(s8)
core   0: 3 0x80000158 (0xfc4c1b23) mem 0x80010094 0x0000
core   0: 0x8000015c (0x020c1583) lh      a1, 32(s8)
core   0: 3 0x8000015c (0x020c1583) x11 0xffffb6c8 mem 0x800100de
core   0: 0x80000160 (0x00011897) auipc   a7, 0x11
core   0: 3 0x80000160 (0x00011897) x17 0x80011160
core   0: 0x80000164 (0x9f888893) addi    a7, a7, -1544
core   0: 3 0x80000164 (0x9f888893) x17 0x80010b58
core   0: 0x80000168 (0xfd9c4583) lbu     a1, -39(s8)
core   0: 3 0x80000168 (0xfd9c4583) x11 0x000000f5 mem 0x80010097
core   0: 0x8000016c (0xfe955d03) lhu     s10, -23(a0)
core   0: 3 0x8000016c (0xfe955d03) x26 0x0000b239 mem 0x80010ec2
core   0: 0x80000170 (0xfdec0723) sb      t5, -50(s8)
core   0: 3 0x80000170 (0xfdec0723) mem 0x8001008c 0x9
core   0: 0x80000174 (0xfc08a383) lw      t2, -64(a7)
core   0: 3 0x80000174 (0xfc08a383) x 7 0x4b92114a mem 0x80010b18
core   0: 0x80000178 (0xfe68d183) lhu     gp, -26(a7)
core   0: 3 0x80000178 (0xfe68d183) x 3 0x0000a996 mem 0x80010b3e
core   0: 0x8000017c (0xfdac1f23) sh      s10, -34(s8)
core   0: 3 0x8000017c (0xfdac1f23) mem 0x8001009c 0xb239
core   0: 0x80000180 (0x02bc4c83) lbu     s9, 43(s8)
core   0: 3 0x80000180 (0x02bc4c83) x25 0x0000009c mem 0x800100e9
core   0: 0x80000184 (0xfe454383) lbu     t2, -28(a0)
core   0: 3 0x80000184 (0xfe454383) x 7 0x00000076 mem 0x80010ebd
core   0: 0x80000188 (0x00d50a83) lb      s5, 13(a0)
core   0: 3 0x80000188 (0x00d50a83) x21 0x00000026 mem 0x80010ee6
core   0: 0x8000018c (0xfed55903) lhu     s2, -19(a0)
core   0: 3 0x8000018c (0xfed55903) x18 0x00000a89 mem 0x80010ec6
core   0: 0x80000190 (0xfe3c4103) lbu     sp, -29(s8)
core   0: 3 0x80000190 (0xfe3c4103) x 2 0x000000ef mem 0x800100a1
core   0: 0x80000194 (0xfe151203) lh      tp, -31(a0)
core   0: 3 0x80000194 (0xfe151203) x 4 0x00001d0d mem 0x80010eba
core   0: 0x80000198 (0x03151f03) lh      t5, 49(a0)
core   0: 3 0x80000198 (0x03151f03) x30 0xffffe9c9 mem 0x80010f0a
core   0: 0x8000019c (0x00e8d403) lhu     s0, 14(a7)
core   0: 3 0x8000019c (0x00e8d403) x 8 0x00000fff mem 0x80010b66
core   0: 0x800001a0 (0xfdd88083) lb      ra, -35(a7)
core   0: 3 0x800001a0 (0xfdd88083) x 1 0xffffff90 mem 0x80010b35
core   0: 0x800001a4 (0xfdf88d03) lb      s10, -33(a7)
core   0: 3 0x800001a4 (0xfdf88d03) x26 0xffffff85 mem 0x80010b37
core   0: 0x800001a8 (0x023c0903) lb      s2, 35(s8)
core   0: 3 0x800001a8 (0x023c0903) x18 0x00000013 mem 0x800100e1
core   0: 0x800001ac (0x02755203) lhu     tp, 39(a0)
core   0: 3 0x800001ac (0x02755203) x 4 0x00003534 mem 0x80010f00
core   0: 0x800001b0 (0xfea54703) lbu     a4, -22(a0)
core   0: 3 0x800001b0 (0xfea54703) x14 0x000000b2 mem 0x80010ec3
core   0: 0x800001b4 (0xfd68c403) lbu     s0, -42(a7)
core   0: 3 0x800001b4 (0xfd68c403) x 8 0x00000038 mem 0x80010b2e
core   0: 0x800001b8 (0x00a0036f) jal     t1, pc + 0xa
core   0: 3 0x800001b8 (0x00a0036f) x 6 0x800001bc
core   0: 0x800001c2 (0x020000ef) jal     pc + 0x20
core   0: 3 0x800001c2 (0x020000ef) x 1 0x800001c6
core   0: 0x800001e2 (0xff9ff36f) jal     t1, pc - 0x8
core   0: 3 0x800001e2 (0xff9ff36f) x 6 0x800001e6
core   0: 0x800001da (0x0000b7cd) c.j     pc - 30
core   0: 3 0x800001da (0xb7cd)
core   0: 0x800001bc (0x00002029) c.jal   pc + 10
core   0: 3 0x800001bc (0x2029) x 1 0x800001be
core   0: 0x800001c6 (0x0000a829) c.j     pc + 26
core   0: 3 0x800001c6 (0xa829)
core   0: 0x800001e0 (0x0000bfdd) c.j     pc - 10
core   0: 3 0x800001e0 (0xbfdd)
core   0: 0x800001d6 (0x000037e5) c.jal   pc - 24
core   0: 3 0x800001d6 (0x37e5) x 1 0x800001d8
core   0: 0x800001be (0x01a0026f) jal     tp, pc + 0x1a
core   0: 3 0x800001be (0x01a0026f) x 4 0x800001c2
core   0: 0x800001d8 (0x0000a011) c.j     pc + 4
core   0: 3 0x800001d8 (0xa011)
core   0: 0x800001dc (0xff1ff26f) jal     tp, pc - 0x10
core   0: 3 0x800001dc (0xff1ff26f) x 4 0x800001e0
core   0: 0x800001cc (0x004000ef) jal     pc + 0x4
core   0: 3 0x800001cc (0x004000ef) x 1 0x800001d0
core   0: 0x800001d0 (0x00003fe5) c.jal   pc - 8
core   0: 3 0x800001d0 (0x3fe5) x 1 0x800001d2
core   0: 0x800001c8 (0x00a0026f) jal     tp, pc + 0xa
core   0: 3 0x800001c8 (0x00a0026f) x 4 0x800001cc
core   0: 0x800001d2 (0x00002009) c.jal   pc + 2
core   0: 3 0x800001d2 (0x2009) x 1 0x800001d4
core   0: 0x800001d4 (0x0000a809) c.j     pc + 18
core   0: 3 0x800001d4 (0xa809)
core   0: 0x800001e6 (0x03539233) mulh    tp, t2, s5
core   0: 3 0x800001e6 (0x03539233) x 4 0x00000000
core   0: 0x800001ea (0x00021117) auipc   sp, 0x21
core   0: 3 0x800001ea (0x00021117) x 2 0x800211ea
core   0: 0x800001ee (0xd9510113) addi    sp, sp, -619
core   0: 3 0x800001ee (0xd9510113) x 2 0x80020f7f
core   0: 0x800001f2 (0x019933b3) sltu    t2, s2, s9
core   0: 3 0x800001f2 (0x019933b3) x 7 0x00000001
core   0: 0x800001f6 (0xedd15d03) lhu     s10, -291(sp)
core   0: 3 0x800001f6 (0xedd15d03) x26 0x0000deee mem 0x80020e5c
core   0: 0x800001fa (0x03111933) mulh    s2, sp, a7
core   0: 3 0x800001fa (0x03111933) x18 0x3ffe7296
core   0: 0x800001fe (0x031781b3) mul     gp, a5, a7
core   0: 3 0x800001fe (0x031781b3) x 3 0x7942be60
core   0: 0x80000202 (0xb7014f03) lbu     t5, -1168(sp)
core   0: 3 0x80000202 (0xb7014f03) x30 0x0000003b mem 0x80020aef
core   0: 0x80000206 (0x0294d833) divu    a6, s1, s1
core   0: 3 0x80000206 (0x0294d833) x16 0x00000001
core   0: 0x8000020a (0x00baa0b3) slt     ra, s5, a1
core   0: 3 0x8000020a (0x00baa0b3) x 1 0x00000001
core   0: 0x8000020e (0xc42114a3) sh      sp, -951(sp)
core   0: 3 0x8000020e (0xc42114a3) mem 0x80020bc8 0x0f7f
core   0: 0x80000212 (0x000065ad) c.lui   a1, 0xb
core   0: 3 0x80000212 (0x65ad) x11 0x0000b000
core   0: 0x80000214 (0x017f5b33) srl     s6, t5, s7
core   0: 3 0x80000214 (0x017f5b33) x22 0x00000000
core   0: 0x80000218 (0xb1d31297) auipc   t0, 0xb1d31
core   0: 3 0x80000218 (0xb1d31297) x 5 0x31d31218
core   0: 0x8000021c (0x022b7e33) remu    t3, s6, sp
core   0: 3 0x8000021c (0x022b7e33) x28 0x00000000
core   0: 0x80000220 (0x02de5ab3) divu    s5, t3, a3
core   0: 3 0x80000220 (0x02de5ab3) x21 0xffffffff
core   0: 0x80000224 (0x00008c25) c.xor   s0, s1
core   0: 3 0x80000224 (0x8c25) x 8 0x4b27f99e
core   0: 0x80000226 (0xd8910203) lb      tp, -631(sp)
core   0: 3 0x80000226 (0xd8910203) x 4 0x0000002a mem 0x80020d08
core   0: 0x8000022a (0xefb122a3) sw      s11, -283(sp)
core   0: 3 0x8000022a (0xefb122a3) mem 0x80020e64 0xffffffd4
core   0: 0x8000022e (0x0000100f) fence.i
core   0: 3 0x8000022e (0x0000100f)
core   0: 0x80000232 (0xdea14683) lbu     a3, -534(sp)
core   0: 3 0x80000232 (0xdea14683) x13 0x000000d3 mem 0x80020d69
core   0: 0x80000236 (0x9eb14683) lbu     a3, -1557(sp)
core   0: 3 0x80000236 (0x9eb14683) x13 0x00000048 mem 0x8002096a
core   0: 0x8000023a (0xb3414f83) lbu     t6, -1228(sp)
core   0: 3 0x8000023a (0xb3414f83) x31 0x000000ec mem 0x80020ab3
core   0: 0x8000023e (0x91d14503) lbu     a0, -1763(sp)
core   0: 3 0x8000023e (0x91d14503) x10 0x000000d7 mem 0x8002089c
core   0: 0x80000242 (0x01b254b3) srl     s1, tp, s11
core   0: 3 0x80000242 (0x01b254b3) x 9 0x00000000
core   0: 0x80000246 (0xa6210aa3) sb      sp, -1419(sp)
core   0: 3 0x80000246 (0xa6210aa3) mem 0x800209f4 0x7f
core   0: 0x8000024a (0x852103a3) sb      s2, -1977(sp)
core   0: 3 0x8000024a (0x852103a3) mem 0x800207c6 0x96
core   0: 0x8000024e (0x03540233) mul     tp, s0, s5
core   0: 3 0x8000024e (0x03540233) x 4 0xb4d80662
core   0: 0x80000252 (0x892105a3) sb      s2, -1909(sp)
core   0: 3 0x80000252 (0x892105a3) mem 0x8002080a 0x96
core   0: 0x80000256 (0xdd014483) lbu     s1, -560(sp)
core   0: 3 0x80000256 (0xdd014483) x 9 0x0000000d mem 0x80020d4f
core   0: 0x8000025a (0x032b7333) remu    t1, s6, s2
core   0: 3 0x8000025a (0x032b7333) x 6 0x00000000
core   0: 0x8000025e (0x96414e03) lbu     t3, -1692(sp)
core   0: 3 0x8000025e (0x96414e03) x28 0x000000ef mem 0x800208e3
core   0: 0x80000262 (0xafe14903) lbu     s2, -1282(sp)
core   0: 3 0x80000262 (0xafe14903) x18 0x000000e1 mem 0x80020a7d
core   0: 0x80000266 (0x00c14283) lbu     t0, 12(sp)
core   0: 3 0x80000266 (0x00c14283) x 5 0x0000000f mem 0x80020f8b
core   0: 0x8000026a (0x00006bd9) c.lui   s7, 0x16
core   0: 3 0x8000026a (0x6bd9) x23 0x00016000
core   0: 0x8000026c (0x0019a1b3) slt     gp, s3, ra
core   0: 3 0x8000026c (0x0019a1b3) x 3 0x00000001
core   0: 0x80000270 (0x0000828a) c.mv    t0, sp
core   0: 3 0x80000270 (0x828a) x 5 0x80020f7f
core   0: 0x80000272 (0xa1710aa3) sb      s7, -1515(sp)
core   0: 3 0x80000272 (0xa1710aa3) mem 0x80020994 0x0
core   0: 0x80000276 (0x00008cfd) c.and   s1, a5
core   0: 3 0x80000276 (0x8cfd) x 9 0x00000004
core   0: 0x80000278 (0x00999193) slli    gp, s3, 9
core   0: 3 0x80000278 (0x00999193) x 3 0x00000000
core   0: 0x8000027c (0x0097ed33) or      s10, a5, s1
core   0: 3 0x8000027c (0x0097ed33) x26 0x80025e64
core   0: 0x80000280 (0x41815f13) srai    t5, sp, 24
core   0: 3 0x80000280 (0x41815f13) x30 0xffffff80
core   0: 0x80000284 (0x97d10823) sb      t4, -1680(sp)
core   0: 3 0x80000284 (0x97d10823) mem 0x800208ef 0x0
core   0: 0x80000288 (0x00008d41) c.or    a0, s0
core   0: 3 0x80000288 (0x8d41) x10 0x4b27f9df
core   0: 0x8000028a (0x00419293) slli    t0, gp, 4
core   0: 3 0x8000028a (0x00419293) x 5 0x00000000
core   0: 0x8000028e (0x01ca2e33) slt     t3, s4, t3
core   0: 3 0x8000028e (0x01ca2e33) x28 0x00000001
core   0: 0x80000292 (0xddd10383) lb      t2, -547(sp)
core   0: 3 0x80000292 (0xddd10383) x 7 0xffffff9c mem 0x80020d5c
core   0: 0x80000296 (0xd8766a93) ori     s5, a2, -633
core   0: 3 0x80000296 (0xd8766a93) x21 0xfffffde7
core   0: 0x8000029a (0x8c510223) sb      t0, -1852(sp)
core   0: 3 0x8000029a (0x8c510223) mem 0x80020843 0x0
core   0: 0x8000029e (0xb4110f83) lb      t6, -1215(sp)
core   0: 3 0x8000029e (0xb4110f83) x31 0x00000051 mem 0x80020ac0
core   0: 0x800002a2 (0x00008d2d) c.xor   a0, a1
core   0: 3 0x800002a2 (0x8d2d) x10 0x4b2749df
core   0: 0x800002a4 (0x89a10923) sb      s10, -1902(sp)
core   0: 3 0x800002a4 (0x89a10923) mem 0x80020811 0x64
core   0: 0x800002a8 (0x81611aa3) sh      s6, -2027(sp)
core   0: 3 0x800002a8 (0x81611aa3) mem 0x80020794 0x0000
core   0: 0x800002ac (0x8ce10483) lb      s1, -1842(sp)
core   0: 3 0x800002ac (0x8ce10483) x 9 0xffffffd2 mem 0x8002084d
core   0: 0x800002b0 (0xd2914283) lbu     t0, -727(sp)
core   0: 3 0x800002b0 (0xd2914283) x 5 0x00000052 mem 0x80020ca8
core   0: 0x800002b4 (0x01791993) slli    s3, s2, 23
core   0: 3 0x800002b4 (0x01791993) x19 0x70800000
core   0: 0x800002b8 (0x02a8f9b3) remu    s3, a7, a0
core   0: 3 0x800002b8 (0x02a8f9b3) x19 0x34d9c179
core   0: 0x800002bc (0xec310f03) lb      t5, -317(sp)
core   0: 3 0x800002bc (0xec310f03) x30 0xfffffffd mem 0x80020e42
core   0: 0x800002c0 (0xe3d10f83) lb      t6, -451(sp)
core   0: 3 0x800002c0 (0xe3d10f83) x31 0x00000036 mem 0x80020dbc
core   0: 0x800002c4 (0x00016117) auipc   sp, 0x16
core   0: 3 0x800002c4 (0x00016117) x 2 0x800162c4
core   0: 0x800002c8 (0x31b10113) addi    sp, sp, 795
core   0: 3 0x800002c8 (0x31b10113) x 2 0x800165df
core   0: 0x800002cc (0x0ff10523) sb      t6, 234(sp)
core   0: 3 0x800002cc (0x0ff10523) mem 0x800166c9 0x36
core   0: 0x800002d0 (0x07410223) sb      s4, 100(sp)
core   0: 3 0x800002d0 (0x07410223) mem 0x80016643 0x8c
core   0: 0x800002d4 (0xbfd532b7) lui     t0, 0xbfd53
core   0: 3 0x800002d4 (0xbfd532b7) x 5 0xbfd53000
core   0: 0x800002d8 (0xf1014a03) lbu     s4, -240(sp)
core   0: 3 0x800002d8 (0xf1014a03) x20 0x000000ce mem 0x800164ef
core   0: 0x800002dc (0x0e110283) lb      t0, 225(sp)
core   0: 3 0x800002dc (0x0e110283) x 5 0xfffffff0 mem 0x800166c0
core   0: 0x800002e0 (0x04010123) sb      zero, 66(sp)
core   0: 3 0x800002e0 (0x04010123) mem 0x80016621 0x0
core   0: 0x800002e4 (0x02cc9f33) mulh    t5, s9, a2
core   0: 3 0x800002e4 (0x02cc9f33) x30 0xffffffb2
core   0: 0x800002e8 (0x8c367993) andi    s3, a2, -1853
core   0: 3 0x800002e8 (0x8c367993) x19 0x800298c0
core   0: 0x800002ec (0x00008236) c.mv    tp, a3
core   0: 3 0x800002ec (0x8236) x 4 0x00000048
core   0: 0x800002ee (0xf4e10203) lb      tp, -178(sp)
core   0: 3 0x800002ee (0xf4e10203) x 4 0xffffff8d mem 0x8001652d
core   0: 0x800002f2 (0x02310f03) lb      t5, 35(sp)
core   0: 3 0x800002f2 (0x02310f03) x30 0xffffffb2 mem 0x80016602
core   0: 0x800002f6 (0x41abd993) srai    s3, s7, 26
core   0: 3 0x800002f6 (0x41abd993) x19 0x00000000
core   0: 0x800002fa (0xf7210a23) sb      s2, -140(sp)
core   0: 3 0x800002fa (0xf7210a23) mem 0x80016553 0xe1
core   0: 0x800002fe (0x0fc10f23) sb      t3, 254(sp)
core   0: 3 0x800002fe (0x0fc10f23) mem 0x800166dd 0x1
core   0: 0x80000302 (0x0cc14d03) lbu     s10, 204(sp)
core   0: 3 0x80000302 (0x0cc14d03) x26 0x00000058 mem 0x800166ab
core   0: 0x80000306 (0x01981493) slli    s1, a6, 25
core   0: 3 0x80000306 (0x01981493) x 9 0x02000000
core   0: 0x8000030a (0x405f5533) sra     a0, t5, t0
core   0: 3 0x8000030a (0x405f5533) x10 0xffffffff
core   0: 0x8000030e (0x0ea14403) lbu     s0, 234(sp)
core   0: 3 0x8000030e (0x0ea14403) x 8 0x00000036 mem 0x800166c9
core   0: 0x80000312 (0x0d514d83) lbu     s11, 213(sp)
core   0: 3 0x80000312 (0x0d514d83) x27 0x0000000b mem 0x800166b4
core   0: 0x80000316 (0xfae10c83) lb      s9, -82(sp)
core   0: 3 0x80000316 (0xfae10c83) x25 0x00000001 mem 0x8001658d
core   0: 0x8000031a (0xf6b14483) lbu     s1, -149(sp)
core   0: 3 0x8000031a (0xf6b14483) x 9 0x00000067 mem 0x8001654a
core   0: 0x8000031e (0x04c14503) lbu     a0, 76(sp)
core   0: 3 0x8000031e (0x04c14503) x10 0x0000003f mem 0x8001662b
core   0: 0x80000322 (0x09310623) sb      s3, 140(sp)
core   0: 3 0x80000322 (0x09310623) mem 0x8001666b 0x0
core   0: 0x80000326 (0xf2115083) lhu     ra, -223(sp)
core   0: 3 0x80000326 (0xf2115083) x 1 0x00007648 mem 0x80016500
core   0: 0x8000032a (0xf1210d83) lb      s11, -238(sp)
core   0: 3 0x8000032a (0xf1210d83) x27 0xffffffe7 mem 0x800164f1
core   0: 0x8000032e (0xf4315803) lhu     a6, -189(sp)
core   0: 3 0x8000032e (0xf4315803) x16 0x00001c18 mem 0x80016522
core   0: 0x80000332 (0x05710a83) lb      s5, 87(sp)
core   0: 3 0x80000332 (0x05710a83) x21 0xffffffe2 mem 0x80016636
core   0: 0x80000336 (0xfa112703) lw      a4, -95(sp)
core   0: 3 0x80000336 (0xfa112703) x14 0xce345bd0 mem 0x80016580
core   0: 0x8000033a (0x00008c99) c.sub   s1, a4
core   0: 3 0x8000033a (0x8c99) x 9 0x31cba497
core   0: 0x8000033c (0x00d81c93) slli    s9, a6, 13
core   0: 3 0x8000033c (0x00d81c93) x25 0x03830000
core   0: 0x80000340 (0x0344eab3) rem     s5, s1, s4
core   0: 3 0x80000340 (0x0344eab3) x21 0x0000001d
core   0: 0x80000344 (0xfd115a83) lhu     s5, -47(sp)
core   0: 3 0x80000344 (0xfd115a83) x21 0x00002f09 mem 0x800165b0
core   0: 0x80000348 (0x0cb15f03) lhu     t5, 203(sp)
core   0: 3 0x80000348 (0x0cb15f03) x30 0x000058aa mem 0x800166aa
core   0: 0x8000034c (0x11f10023) sb      t6, 256(sp)
core   0: 3 0x8000034c (0x11f10023) mem 0x800166df 0x36
core   0: 0x80000350 (0x06e14f83) lbu     t6, 110(sp)
core   0: 3 0x80000350 (0x06e14f83) x31 0x000000cd mem 0x8001664d
core   0: 0x80000354 (0x0001d117) auipc   sp, 0x1d
core   0: 3 0x80000354 (0x0001d117) x 2 0x8001d354
core   0: 0x80000358 (0xde810113) addi    sp, sp, -536
core   0: 3 0x80000358 (0xde810113) x 2 0x8001d13c
core   0: 0x8000035c (0x00429433) sll     s0, t0, tp
core   0: 3 0x8000035c (0x00429433) x 8 0xfffe0000
core   0: 0x80000360 (0x02914583) lbu     a1, 41(sp)
core   0: 3 0x80000360 (0x02914583) x11 0x00000046 mem 0x8001d165
core   0: 0x80000364 (0x01701593) slli    a1, zero, 23
core   0: 3 0x80000364 (0x01701593) x11 0x00000000
core   0: 0x80000368 (0x037a0a33) mul     s4, s4, s7
core   0: 3 0x80000368 (0x037a0a33) x20 0x011b4000
core   0: 0x8000036c (0x0000c646) c.swsp  a7, 12(sp)
core   0: 3 0x8000036c (0xc646) mem 0x8001d148 0x80010b58
core   0: 0x8000036e (0x03cebbb3) mulhu   s7, t4, t3
core   0: 3 0x8000036e (0x03cebbb3) x23 0x00000000
core   0: 0x80000372 (0x01407533) and     a0, zero, s4
core   0: 3 0x80000372 (0x01407533) x10 0x00000000
core   0: 0x80000376 (0x01f14f83) lbu     t6, 31(sp)
core   0: 3 0x80000376 (0x01f14f83) x31 0x00000040 mem 0x8001d15b
core   0: 0x8000037a (0xfdf10203) lb      tp, -33(sp)
core   0: 3 0x8000037a (0xfdf10203) x 4 0xffffffe1 mem 0x8001d11b
core   0: 0x8000037e (0x00610683) lb      a3, 6(sp)
core   0: 3 0x8000037e (0x00610683) x13 0xffffffcc mem 0x8001d142
core   0: 0x80000382 (0x000042e2) c.lwsp  t0, 24(sp)
core   0: 3 0x80000382 (0x42e2) x 5 0xc336fef8 mem 0x8001d154
core   0: 0x80000384 (0x039474b3) remu    s1, s0, s9
core   0: 3 0x80000384 (0x039474b3) x 9 0x03260000
core   0: 0x80000388 (0xb506b593) sltiu   a1, a3, -1200
core   0: 3 0x80000388 (0xb506b593) x11 0x00000000
core   0: 0x8000038c (0x00008d09) c.sub   a0, a0
core   0: 3 0x8000038c (0x8d09) x10 0x00000000
core   0: 0x8000038e (0x00000001) c.nop
core   0: 3 0x8000038e (0x0001)
core   0: 0x80000390 (0x4bd35697) auipc   a3, 0x4bd35
core   0: 3 0x80000390 (0x4bd35697) x13 0xcbd35390
core   0: 0x80000394 (0xfec10aa3) sb      a2, -11(sp)
core   0: 3 0x80000394 (0xfec10aa3) mem 0x8001d131 0xe4
core   0: 0x80000398 (0xffa10a83) lb      s5, -6(sp)
core   0: 3 0x80000398 (0xffa10a83) x21 0xffffff8e mem 0x8001d136
core   0: 0x8000039c (0x00008db9) c.xor   a1, a4
core   0: 3 0x8000039c (0x8db9) x11 0xce345bd0
core   0: 0x8000039e (0x00000001) c.nop
core   0: 3 0x8000039e (0x0001)
core   0: 0x800003a0 (0x41a3d413) srai    s0, t2, 26
core   0: 3 0x800003a0 (0x41a3d413) x 8 0xffffffff
core   0: 0x800003a4 (0x00915db3) srl     s11, sp, s1
core   0: 3 0x800003a4 (0x00915db3) x27 0x8001d13c
core   0: 0x800003a8 (0xff611a23) sh      s6, -12(sp)
core   0: 3 0x800003a8 (0xff611a23) mem 0x8001d130 0x0000
core   0: 0x800003ac (0x00008cf9) c.and   s1, a4
core   0: 3 0x800003ac (0x8cf9) x 9 0x02240000
core   0: 0x800003ae (0x00310f83) lb      t6, 3(sp)
core   0: 3 0x800003ae (0x00310f83) x31 0x00000025 mem 0x8001d13f
core   0: 0x800003b2 (0x41a8d013) srai    zero, a7, 26
core   0: 3 0x800003b2 (0x41a8d013)
core   0: 0x800003b6 (0x00005c92) c.lwsp  s9, 36(sp)
core   0: 3 0x800003b6 (0x5c92) x25 0xf89d00b2 mem 0x8001d160
core   0: 0x800003b8 (0x02e11f03) lh      t5, 46(sp)
core   0: 3 0x800003b8 (0x02e11f03) x30 0x000010b0 mem 0x8001d16a
core   0: 0x800003bc (0x00008451) c.srai  s0, 20
core   0: 3 0x800003bc (0x8451) x 8 0xffffffff
core   0: 0x800003be (0x00008d7d) c.and   a0, a5
core   0: 3 0x800003be (0x8d7d) x10 0x00000000
core   0: 0x800003c0 (0xfc610ba3) sb      t1, -41(sp)
core   0: 3 0x800003c0 (0xfc610ba3) mem 0x8001d113 0x0
core   0: 0x800003c4 (0xfc612e23) sw      t1, -36(sp)
core   0: 3 0x800003c4 (0xfc612e23) mem 0x8001d118 0x00000000
core   0: 0x800003c8 (0x00008475) c.srai  s0, 29
core   0: 3 0x800003c8 (0x8475) x 8 0xffffffff
core   0: 0x800003ca (0xfdd10d23) sb      t4, -38(sp)
core   0: 3 0x800003ca (0xfdd10d23) mem 0x8001d116 0x0
core   0: 0x800003ce (0xfd114683) lbu     a3, -47(sp)
core   0: 3 0x800003ce (0xfd114683) x13 0x0000009c mem 0x8001d10d
core   0: 0x800003d2 (0x02d3ddb3) divu    s11, t2, a3
core   0: 3 0x800003d2 (0x02d3ddb3) x27 0x01a41a41
core   0: 0x800003d6 (0xed27a913) slti    s2, a5, -302
core   0: 3 0x800003d6 (0xed27a913) x18 0x00000001
core   0: 0x800003da (0x03f10703) lb      a4, 63(sp)
core   0: 3 0x800003da (0x03f10703) x14 0xffffffe6 mem 0x8001d17b
core   0: 0x800003de (0x00000001) c.nop
core   0: 3 0x800003de (0x0001)
core   0: 0x800003e0 (0x000105b3) add     a1, sp, zero
core   0: 3 0x800003e0 (0x000105b3) x11 0x8001d13c
core   0: 0x800003e4 (0x00008c62) c.mv    s8, s8
core   0: 3 0x800003e4 (0x8c62) x24 0x800100be
core   0: 0x800003e6 (0x01910683) lb      a3, 25(sp)
core   0: 3 0x800003e6 (0x01910683) x13 0xfffffffe mem 0x8001d155
core   0: 0x800003ea (0x016d0f33) add     t5, s10, s6
core   0: 3 0x800003ea (0x016d0f33) x30 0x00000058
core   0: 0x800003ee (0xc82c0593) addi    a1, s8, -894
core   0: 3 0x800003ee (0xc82c0593) x11 0x8000fd40
core   0: 0x800003f2 (0x01b8db93) srli    s7, a7, 27
core   0: 3 0x800003f2 (0x01b8db93) x23 0x00000010
core   0: 0x800003f6 (0x00008ea9) c.xor   a3, a0
core   0: 3 0x800003f6 (0x8ea9) x13 0xfffffffe
core   0: 0x800003f8 (0x00005bb2) c.lwsp  s7, 44(sp)
core   0: 3 0x800003f8 (0x5bb2) x23 0x10b08b9c mem 0x8001d168
core   0: 0x800003fa (0x00008efd) c.and   a3, a5
core   0: 3 0x800003fa (0x8efd) x13 0x80025e64
core   0: 0x800003fc (0xfe114803) lbu     a6, -31(sp)
core   0: 3 0x800003fc (0xfe114803) x16 0x000000e7 mem 0x8001d11d
core   0: 0x80000400 (0xff110383) lb      t2, -15(sp)
core   0: 3 0x80000400 (0xff110383) x 7 0xffffff8f mem 0x8001d12d
core   0: 0x80000404 (0x0311c9b3) div     s3, gp, a7
core   0: 3 0x80000404 (0x0311c9b3) x19 0x00000000
core   0: 0x80000408 (0xfe014303) lbu     t1, -32(sp)
core   0: 3 0x80000408 (0xfe014303) x 6 0x000000c7 mem 0x8001d11c
core   0: 0x8000040c (0x00016b97) auipc   s7, 0x16
core   0: 3 0x8000040c (0x00016b97) x23 0x8001640c
core   0: 0x80000410 (0x8fab8b93) addi    s7, s7, -1798
core   0: 3 0x80000410 (0x8fab8b93) x23 0x80015d06
core   0: 0x80000414 (0x0001a897) auipc   a7, 0x1a
core   0: 3 0x80000414 (0x0001a897) x17 0x8001a414
core   0: 0x80000418 (0x18388893) addi    a7, a7, 387
core   0: 3 0x80000418 (0x18388893) x17 0x8001a597
core   0: 0x8000041c (0xfcfb8c83) lb      s9, -49(s7)
core   0: 3 0x8000041c (0xfcfb8c83) x25 0x00000068 mem 0x80015cd5
core   0: 0x80000420 (0x0001f497) auipc   s1, 0x1f
core   0: 3 0x80000420 (0x0001f497) x 9 0x8001f420
core   0: 0x80000424 (0xb3b48493) addi    s1, s1, -1221
core   0: 3 0x80000424 (0xb3b48493) x 9 0x8001ef5b
core   0: 0x80000428 (0xf50b88a3) sb      a6, -175(s7)
core   0: 3 0x80000428 (0xf50b88a3) mem 0x80015c57 0xe7
core   0: 0x8000042c (0xffc48203) lb      tp, -4(s1)
core   0: 3 0x8000042c (0xffc48203) x 4 0x00000039 mem 0x8001ef57
core   0: 0x80000430 (0xfa3bc903) lbu     s2, -93(s7)
core   0: 3 0x80000430 (0xfa3bc903) x18 0x00000094 mem 0x80015ca9
core   0: 0x80000434 (0x0488ca03) lbu     s4, 72(a7)
core   0: 3 0x80000434 (0x0488ca03) x20 0x000000f5 mem 0x8001a5df
core   0: 0x80000438 (0xfee498a3) sh      a4, -15(s1)
core   0: 3 0x80000438 (0xfee498a3) mem 0x8001ef4c 0xffe6
core   0: 0x8000043c (0xf6bb89a3) sb      a1, -141(s7)
core   0: 3 0x8000043c (0xf6bb89a3) mem 0x80015c79 0x40
core   0: 0x80000440 (0xffb48a23) sb      s11, -12(s1)
core   0: 3 0x80000440 (0xffb48a23) mem 0x8001ef4f 0x41
core   0: 0x80000444 (0x0b5893a3) sh      s5, 167(a7)
core   0: 3 0x80000444 (0x0b5893a3) mem 0x8001a63e 0xff8e
core   0: 0x80000448 (0x0958c383) lbu     t2, 149(a7)
core   0: 3 0x80000448 (0x0958c383) x 7 0x0000003e mem 0x8001a62c
core   0: 0x8000044c (0x023b8a83) lb      s5, 35(s7)
core   0: 3 0x8000044c (0x023b8a83) x21 0x00000007 mem 0x80015d29
core   0: 0x80000450 (0xff04ce03) lbu     t3, -16(s1)
core   0: 3 0x80000450 (0xff04ce03) x28 0x000000ff mem 0x8001ef4b
core   0: 0x80000454 (0xf0cb81a3) sb      a2, -253(s7)
core   0: 3 0x80000454 (0xf0cb81a3) mem 0x80015c09 0xe4
core   0: 0x80000458 (0x02eb84a3) sb      a4, 41(s7)
core   0: 3 0x80000458 (0x02eb84a3) mem 0x80015d2f 0xe6
core   0: 0x8000045c (0x012485a3) sb      s2, 11(s1)
core   0: 3 0x8000045c (0x012485a3) mem 0x8001ef66 0x94
core   0: 0x80000460 (0xf8e88623) sb      a4, -116(a7)
core   0: 3 0x80000460 (0xf8e88623) mem 0x8001a523 0xe6
core   0: 0x80000464 (0xf94bcd03) lbu     s10, -108(s7)
core   0: 3 0x80000464 (0xf94bcd03) x26 0x00000092 mem 0x80015c9a
core   0: 0x80000468 (0xff448e03) lb      t3, -12(s1)
core   0: 3 0x80000468 (0xff448e03) x28 0x00000041 mem 0x8001ef4f
core   0: 0x8000046c (0x0a68cf03) lbu     t5, 166(a7)
core   0: 3 0x8000046c (0x0a68cf03) x30 0x00000060 mem 0x8001a63d
core   0: 0x80000470 (0x00600493) li      s1, 6
core   0: 3 0x80000470 (0x00600493) x 9 0x00000006
core   0: 0x80000474 (0x00000001) c.nop
core   0: 3 0x80000474 (0x0001)
core   0: 0x80000476 (0x0ff0000f) fence   iorw,iorw
core   0: 3 0x80000476 (0x0ff0000f)
core   0: 0x8000047a (0x3eb3c293) xori    t0, t2, 1003
core   0: 3 0x8000047a (0x3eb3c293) x 5 0x000003d5
core   0: 0x8000047e (0x0ff0000f) fence   iorw,iorw
core   0: 3 0x8000047e (0x0ff0000f)
core   0: 0x80000482 (0x0285a433) mulhsu  s0, a1, s0
core   0: 3 0x80000482 (0x0285a433) x 8 0x8000fd40
core   0: 0x80000486 (0x0000100f) fence.i
core   0: 3 0x80000486 (0x0000100f)
core   0: 0x8000048a (0x000014f9) c.addi  s1, -2
core   0: 3 0x8000048a (0x14f9) x 9 0x00000004
core   0: 0x8000048c (0x0178d6b3) srl     a3, a7, s7
core   0: 3 0x8000048c (0x0178d6b3) x13 0x02000696
core   0: 0x80000490 (0x00a9f533) and     a0, s3, a0
core   0: 3 0x80000490 (0x00a9f533) x10 0x00000000
core   0: 0x80000494 (0x00500e13) li      t3, 5
core   0: 3 0x80000494 (0x00500e13) x28 0x00000005
core   0: 0x80000498 (0x00d00713) li      a4, 13
core   0: 3 0x80000498 (0x00d00713) x14 0x0000000d
core   0: 0x8000049c (0x00001794) c.addi4spn a3, sp, 992
core   0: 3 0x8000049c (0x1794) x13 0x8001d51c
core   0: 0x8000049e (0x9f40cc13) xori    s8, ra, -1548
core   0: 3 0x8000049e (0x9f40cc13) x24 0xffff8fbc
core   0: 0x800004a2 (0x00000e11) c.addi  t3, 4
core   0: 3 0x800004a2 (0x0e11) x28 0x00000009
core   0: 0x800004a4 (0x0000100f) fence.i
core   0: 3 0x800004a4 (0x0000100f)
core   0: 0x800004a8 (0xfeee1ae3) bne     t3, a4, pc - 12
core   0: 3 0x800004a8 (0xfeee1ae3)
core   0: 0x8000049c (0x00001794) c.addi4spn a3, sp, 992
core   0: 3 0x8000049c (0x1794) x13 0x8001d51c
core   0: 0x8000049e (0x9f40cc13) xori    s8, ra, -1548
core   0: 3 0x8000049e (0x9f40cc13) x24 0xffff8fbc
core   0: 0x800004a2 (0x00000e11) c.addi  t3, 4
core   0: 3 0x800004a2 (0x0e11) x28 0x0000000d
core   0: 0x800004a4 (0x0000100f) fence.i
core   0: 3 0x800004a4 (0x0000100f)
core   0: 0x800004a8 (0xfeee1ae3) bne     t3, a4, pc - 12
core   0: 3 0x800004a8 (0xfeee1ae3)
core   0: 0x800004ac (0x009de933) or      s2, s11, s1
core   0: 3 0x800004ac (0x009de933) x18 0x01a41a45
core   0: 0x800004b0 (0x09da3193) sltiu   gp, s4, 157
core   0: 3 0x800004b0 (0x09da3193) x 3 0x00000000
core   0: 0x800004b4 (0x0f184db7) lui     s11, 0xf184
core   0: 3 0x800004b4 (0x0f184db7) x27 0x0f184000
core   0: 0x800004b8 (0x0000d0e9) c.beqz  s1, pc - 62
core   0: 3 0x800004b8 (0xd0e9)
core   0: 0x800004ba (0x41b306b3) sub     a3, t1, s11
core   0: 3 0x800004ba (0x41b306b3) x13 0xf0e7c0c7
core   0: 0x800004be (0x00010e17) auipc   t3, 0x10
core   0: 3 0x800004be (0x00010e17) x28 0x800104be
core   0: 0x800004c2 (0xdd0e0e13) addi    t3, t3, -560
core   0: 3 0x800004c2 (0xdd0e0e13) x28 0x8001028e
core   0: 0x800004c6 (0x5bc2d317) auipc   t1, 0x5bc2d
core   0: 3 0x800004c6 (0x5bc2d317) x 6 0xdbc2d4c6
core   0: 0x800004ca (0xd6320193) addi    gp, tp, -669
core   0: 3 0x800004ca (0xd6320193) x 3 0xfffffd9c
core   0: 0x800004ce (0xff7e2923) sw      s7, -14(t3)
core   0: 3 0x800004ce (0xff7e2923) mem 0x80010280 0x80015d06
core   0: 0x800004d2 (0x000081a9) c.srli  a1, 10
core   0: 3 0x800004d2 (0x81a9) x11 0x0020003f
core   0: 0x800004d4 (0x2141c393) xori    t2, gp, 532
core   0: 3 0x800004d4 (0x2141c393) x 7 0xffffff88
core   0: 0x800004d8 (0x000e4b83) lbu     s7, 0(t3)
core   0: 3 0x800004d8 (0x000e4b83) x23 0x0000005c mem 0x8001028e
core   0: 0x800004dc (0xfebe0da3) sb      a1, -5(t3)
core   0: 3 0x800004dc (0xfebe0da3) mem 0x80010289 0x3f
core   0: 0x800004e0 (0xffee0203) lb      tp, -2(t3)
core   0: 3 0x800004e0 (0xffee0203) x 4 0x0000007a mem 0x8001028c
core   0: 0x800004e4 (0xffbe0b83) lb      s7, -5(t3)
core   0: 3 0x800004e4 (0xffbe0b83) x23 0x0000003f mem 0x80010289
core   0: 0x800004e8 (0x00004235) c.li    tp, 13
core   0: 3 0x800004e8 (0x4235) x 4 0x0000000d
core   0: 0x800004ea (0x000084ad) c.srai  s1, 11
core   0: 3 0x800004ea (0x84ad) x 9 0x00000000
core   0: 0x800004ec (0xfe1e1e23) sh      ra, -4(t3)
core   0: 3 0x800004ec (0xfe1e1e23) mem 0x8001028a 0x7648
core   0: 0x800004f0 (0x016e0423) sb      s6, 8(t3)
core   0: 3 0x800004f0 (0x016e0423) mem 0x80010296 0x0
core   0: 0x800004f4 (0x006e5d03) lhu     s10, 6(t3)
core   0: 3 0x800004f4 (0x006e5d03) x26 0x0000f2da mem 0x80010294
core   0: 0x800004f8 (0x00bafcb3) and     s9, s5, a1
core   0: 3 0x800004f8 (0x00bafcb3) x25 0x00000007
core   0: 0x800004fc (0xff5e4f03) lbu     t5, -11(t3)
core   0: 3 0x800004fc (0xff5e4f03) x30 0x00000080 mem 0x80010283
core   0: 0x80000500 (0x00fe0d83) lb      s11, 15(t3)
core   0: 3 0x80000500 (0x00fe0d83) x27 0x00000023 mem 0x8001029d
core   0: 0x80000504 (0x01541533) sll     a0, s0, s5
core   0: 3 0x80000504 (0x01541533) x10 0x007ea000
core   0: 0x80000508 (0x30937193) andi    gp, t1, 777
core   0: 3 0x80000508 (0x30937193) x 3 0x00000000
core   0: 0x8000050c (0xfffe0703) lb      a4, -1(t3)
core   0: 3 0x8000050c (0xfffe0703) x14 0x00000014 mem 0x8001028d
core   0: 0x80000510 (0x00008ea9) c.xor   a3, a0
core   0: 3 0x80000510 (0x8ea9) x13 0xf09960c7
core   0: 0x80000512 (0x02ce9533) mulh    a0, t4, a2
core   0: 3 0x80000512 (0x02ce9533) x10 0x00000000
core   0: 0x80000516 (0x3ca7f413) andi    s0, a5, 970
core   0: 3 0x80000516 (0x3ca7f413) x 8 0x00000240
core   0: 0x8000051a (0x011e2723) sw      a7, 14(t3)
core   0: 3 0x8000051a (0x011e2723) mem 0x8001029c 0x8001a597
core   0: 0x8000051e (0x0000bab3) sltu    s5, ra, zero
core   0: 3 0x8000051e (0x0000bab3) x21 0x00000000
core   0: 0x80000522 (0x022322b3) mulhsu  t0, t1, sp
core   0: 3 0x80000522 (0x022322b3) x 5 0xede12887
core   0: 0x80000526 (0xffee0ea3) sb      t5, -3(t3)
core   0: 3 0x80000526 (0xffee0ea3) mem 0x8001028b 0x80
core   0: 0x8000052a (0xfe3e0ea3) sb      gp, -3(t3)
core   0: 3 0x8000052a (0xfe3e0ea3) mem 0x8001028b 0x0
core   0: 0x8000052e (0x00000e0c) c.addi4spn a1, sp, 784
core   0: 3 0x8000052e (0x0e0c) x11 0x8001d44c
core   0: 0x80000530 (0x004e1c83) lh      s9, 4(t3)
core   0: 3 0x80000530 (0x004e1c83) x25 0xffff8b14 mem 0x80010292
core   0: 0x80000534 (0x00010297) auipc   t0, 0x10
core   0: 3 0x80000534 (0x00010297) x 5 0x80010534
core   0: 0x80000538 (0xe0c28293) addi    t0, t0, -500
core   0: 3 0x80000538 (0xe0c28293) x 5 0x80010340
core   0: 0x8000053c (0x03e28803) lb      a6, 62(t0)
core   0: 3 0x8000053c (0x03e28803) x16 0x0000006c mem 0x8001037e
core   0: 0x80000540 (0x07f28583) lb      a1, 127(t0)
core   0: 3 0x80000540 (0x07f28583) x11 0xffffffd0 mem 0x800103bf
core   0: 0x80000544 (0x07f28403) lb      s0, 127(t0)
core   0: 3 0x80000544 (0x07f28403) x 8 0xffffffd0 mem 0x800103bf
core   0: 0x80000548 (0x07a28fa3) sb      s10, 127(t0)
core   0: 3 0x80000548 (0x07a28fa3) mem 0x800103bf 0xda
core   0: 0x8000054c (0x028e04b3) mul     s1, t3, s0
core   0: 3 0x8000054c (0x028e04b3) x 9 0xffcf8560
core   0: 0x80000550 (0xf872c383) lbu     t2, -121(t0)
core   0: 3 0x80000550 (0xf872c383) x 7 0x00000069 mem 0x800102c7
core   0: 0x80000554 (0xf872ce03) lbu     t3, -121(t0)
core   0: 3 0x80000554 (0xf872ce03) x28 0x00000069 mem 0x800102c7
core   0: 0x80000558 (0xf802df83) lhu     t6, -128(t0)
core   0: 3 0x80000558 (0xf802df83) x31 0x0000404b mem 0x800102c0
core   0: 0x8000055c (0xf8029583) lh      a1, -128(t0)
core   0: 3 0x8000055c (0xf8029583) x11 0x0000404b mem 0x800102c0
core   0: 0x80000560 (0x00928883) lb      a7, 9(t0)
core   0: 3 0x80000560 (0x00928883) x17 0x00000001 mem 0x80010349
core   0: 0x80000564 (0x016284a3) sb      s6, 9(t0)
core   0: 3 0x80000564 (0x016284a3) mem 0x80010349 0x0
core   0: 0x80000568 (0x00928e03) lb      t3, 9(t0)
core   0: 3 0x80000568 (0x00928e03) x28 0x00000000 mem 0x80010349
core   0: 0x8000056c (0x014284a3) sb      s4, 9(t0)
core   0: 3 0x8000056c (0x014284a3) mem 0x80010349 0xf5
core   0: 0x80000570 (0x00f284a3) sb      a5, 9(t0)
core   0: 3 0x80000570 (0x00f284a3) mem 0x80010349 0x64
core   0: 0x80000574 (0xfb42af83) lw      t6, -76(t0)
core   0: 3 0x80000574 (0xfb42af83) x31 0x895a2bf5 mem 0x800102f4
core   0: 0x80000578 (0xfa62aa23) sw      t1, -76(t0)
core   0: 3 0x80000578 (0xfa62aa23) mem 0x800102f4 0xdbc2d4c6
core   0: 0x8000057c (0x00728183) lb      gp, 7(t0)
core   0: 3 0x8000057c (0x00728183) x 3 0x0000003c mem 0x80010347
core   0: 0x80000580 (0x057286a3) sb      s7, 77(t0)
core   0: 3 0x80000580 (0x057286a3) mem 0x8001038d 0x3f
core   0: 0x80000584 (0x04d2cf03) lbu     t5, 77(t0)
core   0: 3 0x80000584 (0x04d2cf03) x30 0x0000003f mem 0x8001038d
core   0: 0x80000588 (0x04d2ca83) lbu     s5, 77(t0)
core   0: 3 0x80000588 (0x04d2ca83) x21 0x0000003f mem 0x8001038d
core   0: 0x8000058c (0x00010f97) auipc   t6, 0x10
core   0: 3 0x8000058c (0x00010f97) x31 0x8001058c
core   0: 0x80000590 (0xe12f8f93) addi    t6, t6, -494
core   0: 3 0x80000590 (0xe12f8f93) x31 0x8001039e
core   0: 0x80000594 (0xfaafdd83) lhu     s11, -86(t6)
core   0: 3 0x80000594 (0xfaafdd83) x27 0x0000648d mem 0x80010348
core   0: 0x80000598 (0x00012217) auipc   tp, 0x12
core   0: 3 0x80000598 (0x00012217) x 4 0x80012598
core   0: 0x8000059c (0x64520213) addi    tp, tp, 1605
core   0: 3 0x8000059c (0x64520213) x 4 0x80012bdd
core   0: 0x800005a0 (0x04cfc303) lbu     t1, 76(t6)
core   0: 3 0x800005a0 (0x04cfc303) x 6 0x00000032 mem 0x800103ea
core   0: 0x800005a4 (0x00e20403) lb      s0, 14(tp)
core   0: 3 0x800005a4 (0x00e20403) x 8 0xffffffd8 mem 0x80012beb
core   0: 0x800005a8 (0x048f8803) lb      a6, 72(t6)
core   0: 3 0x800005a8 (0x048f8803) x16 0x00000003 mem 0x800103e6
core   0: 0x800005ac (0x0caf9c23) sh      a0, 216(t6)
core   0: 3 0x800005ac (0x0caf9c23) mem 0x80010476 0x0000
core   0: 0x800005b0 (0xfe020aa3) sb      zero, -11(tp)
core   0: 3 0x800005b0 (0xfe020aa3) mem 0x80012bd2 0x0
core   0: 0x800005b4 (0x023f8c03) lb      s8, 35(t6)
core   0: 3 0x800005b4 (0x023f8c03) x24 0xffffffc6 mem 0x800103c1
core   0: 0x800005b8 (0x000221a3) sw      zero, 3(tp)
core   0: 3 0x800005b8 (0x000221a3) mem 0x80012be0 0x00000000
core   0: 0x800005bc (0x01e20123) sb      t5, 2(tp)
core   0: 3 0x800005bc (0x01e20123) mem 0x80012bdf 0x3f
core   0: 0x800005c0 (0x07ffc683) lbu     a3, 127(t6)
core   0: 3 0x800005c0 (0x07ffc683) x13 0x0000009d mem 0x8001041d
core   0: 0x800005c4 (0xff220b23) sb      s2, -10(tp)
core   0: 3 0x800005c4 (0xff220b23) mem 0x80012bd3 0x45
core   0: 0x800005c8 (0xfa8f9383) lh      t2, -88(t6)
core   0: 3 0x800005c8 (0xfa8f9383) x 7 0x00003c1f mem 0x80010346
core   0: 0x800005cc (0xff024703) lbu     a4, -16(tp)
core   0: 3 0x800005cc (0xff024703) x14 0x00000087 mem 0x80012bcd
core   0: 0x800005d0 (0xffcf8223) sb      t3, -28(t6)
core   0: 3 0x800005d0 (0xffcf8223) mem 0x80010382 0x0
core   0: 0x800005d4 (0x00020583) lb      a1, 0(tp)
core   0: 3 0x800005d4 (0x00020583) x11 0xffffffd9 mem 0x80012bdd
core   0: 0x800005d8 (0x00010c17) auipc   s8, 0x10
core   0: 3 0x800005d8 (0x00010c17) x24 0x800105d8
core   0: 0x800005dc (0x0f3c0c13) addi    s8, s8, 243
core   0: 3 0x800005dc (0x0f3c0c13) x24 0x800106cb
core   0: 0x800005e0 (0x00000001) c.nop
core   0: 3 0x800005e0 (0x0001)
core   0: 0x800005e2 (0xe99c0ea3) sb      s9, -355(s8)
core   0: 3 0x800005e2 (0xe99c0ea3) mem 0x80010568 0x14
core   0: 0x800005e6 (0xc8ec13a3) sh      a4, -889(s8)
core   0: 3 0x800005e6 (0xc8ec13a3) mem 0x80010352 0x0087
core   0: 0x800005ea (0x00008f4d) c.or    a4, a1
core   0: 3 0x800005ea (0x8f4d) x14 0xffffffdf
core   0: 0x800005ec (0x00008f2d) c.xor   a4, a1
core   0: 3 0x800005ec (0x8f2d) x14 0x00000006
core   0: 0x800005ee (0xfd51ecb7) lui     s9, 0xfd51e
core   0: 3 0x800005ee (0xfd51ecb7) x25 0xfd51e000
core   0: 0x800005f2 (0x739c0d23) sb      s9, 1850(s8)
core   0: 3 0x800005f2 (0x739c0d23) mem 0x80010e05 0x0
core   0: 0x800005f6 (0x0195cdb3) xor     s11, a1, s9
core   0: 3 0x800005f6 (0x0195cdb3) x27 0x02ae1fd9
core   0: 0x800005fa (0x03bcb933) mulhu   s2, s9, s11
core   0: 3 0x800005fa (0x03bcb933) x18 0x02a6f0e9
core   0: 0x800005fe (0x032cd733) divu    a4, s9, s2
core   0: 3 0x800005fe (0x032cd733) x14 0x0000005f
core   0: 0x80000602 (0x31524597) auipc   a1, 0x31524
core   0: 3 0x80000602 (0x31524597) x11 0xb1524602
core   0: 0x80000606 (0xedac0323) sb      s10, -314(s8)
core   0: 3 0x80000606 (0xedac0323) mem 0x80010591 0xda
core   0: 0x8000060a (0xc26c4703) lbu     a4, -986(s8)
core   0: 3 0x8000060a (0xc26c4703) x14 0x00000038 mem 0x800102f1
core   0: 0x8000060e (0xdcbc0223) sb      a1, -572(s8)
core   0: 3 0x8000060e (0xdcbc0223) mem 0x8001048f 0x2
core   0: 0x80000612 (0xc42c4c83) lbu     s9, -958(s8)
core   0: 3 0x80000612 (0xc42c4c83) x25 0x000000b0 mem 0x8001030d
core   0: 0x80000616 (0x505c5703) lhu     a4, 1285(s8)
core   0: 3 0x80000616 (0x505c5703) x14 0x0000bfe8 mem 0x80010bd0
core   0: 0x8000061a (0x0125c933) xor     s2, a1, s2
core   0: 3 0x8000061a (0x0125c933) x18 0xb3f4b6eb
core   0: 0x8000061e (0x0ff0000f) fence   iorw,iorw
core   0: 3 0x8000061e (0x0ff0000f)
core   0: 0x80000622 (0x02ec0903) lb      s2, 46(s8)
core   0: 3 0x80000622 (0x02ec0903) x18 0x00000006 mem 0x800106f9
core   0: 0x80000626 (0x122c0d83) lb      s11, 290(s8)
core   0: 3 0x80000626 (0x122c0d83) x27 0xffffffc4 mem 0x800107ed
core   0: 0x8000062a (0xa8ec0023) sb      a4, -1408(s8)
core   0: 3 0x8000062a (0xa8ec0023) mem 0x8001014b 0xe8
core   0: 0x8000062e (0x01bd5933) srl     s2, s10, s11
core   0: 3 0x8000062e (0x01bd5933) x18 0x00000f2d
core   0: 0x80000632 (0xf48c4c83) lbu     s9, -184(s8)
core   0: 3 0x80000632 (0xf48c4c83) x25 0x000000c2 mem 0x80010613
core   0: 0x80000636 (0x9b9cc713) xori    a4, s9, -1607
core   0: 3 0x80000636 (0x9b9cc713) x14 0xfffff97b
core   0: 0x8000063a (0xe93c0d03) lb      s10, -365(s8)
core   0: 3 0x8000063a (0xe93c0d03) x26 0x00000069 mem 0x8001055e
core   0: 0x8000063e (0x30a72c93) slti    s9, a4, 778
core   0: 3 0x8000063e (0x30a72c93) x25 0x00000001
core   0: 0x80000642 (0x0000837d) c.srli  a4, 31
core   0: 3 0x80000642 (0x837d) x14 0x00000001
core   0: 0x80000644 (0xeb1c0c83) lb      s9, -335(s8)
core   0: 3 0x80000644 (0xeb1c0c83) x25 0x00000079 mem 0x8001057c
core   0: 0x80000648 (0xa6bc1da3) sh      a1, -1413(s8)
core   0: 3 0x80000648 (0xa6bc1da3) mem 0x80010146 0x4602
core   0: 0x8000064c (0x00000001) c.nop
core   0: 3 0x8000064c (0x0001)
core   0: 0x8000064e (0xcfbc4c83) lbu     s9, -773(s8)
core   0: 3 0x8000064e (0xcfbc4c83) x25 0x000000b2 mem 0x800103c6
core   0: 0x80000652 (0x43ec0d83) lb      s11, 1086(s8)
core   0: 3 0x80000652 (0x43ec0d83) x27 0x00000018 mem 0x80010b09
core   0: 0x80000656 (0x00005cfd) c.li    s9, -1
core   0: 3 0x80000656 (0x5cfd) x25 0xffffffff
core   0: 0x80000658 (0x00000001) c.nop
core   0: 3 0x80000658 (0x0001)
core   0: 0x8000065a (0x1d0c0903) lb      s2, 464(s8)
core   0: 3 0x8000065a (0x1d0c0903) x18 0xffffff86 mem 0x8001089b
core   0: 0x8000065e (0x343c5703) lhu     a4, 835(s8)
core   0: 3 0x8000065e (0x343c5703) x14 0x00008e35 mem 0x80010a0e
core   0: 0x80000662 (0xb4ec4d83) lbu     s11, -1202(s8)
core   0: 3 0x80000662 (0xb4ec4d83) x27 0x000000ce mem 0x80010219
core   0: 0x80000666 (0x03bd0933) mul     s2, s10, s11
core   0: 3 0x80000666 (0x03bd0933) x18 0x0000547e
core   0: 0x8000066a (0x692c1aa3) sh      s2, 1685(s8)
core   0: 3 0x8000066a (0x692c1aa3) mem 0x80010d60 0x547e
core   0: 0x8000066e (0x032cd733) divu    a4, s9, s2
core   0: 3 0x8000066e (0x032cd733) x14 0x000307a5
core   0: 0x80000672 (0x0000100f) fence.i
core   0: 3 0x80000672 (0x0000100f)
core   0: 0x80000676 (0xc96c0d83) lb      s11, -874(s8)
core   0: 3 0x80000676 (0xc96c0d83) x27 0xffffffe8 mem 0x80010361
core   0: 0x8000067a (0x03959db3) mulh    s11, a1, s9
core   0: 3 0x8000067a (0x03959db3) x27 0x00000000
core   0: 0x8000067e (0xc9ac0583) lb      a1, -870(s8)
core   0: 3 0x8000067e (0xc9ac0583) x11 0x00000052 mem 0x80010365
core   0: 0x80000682 (0xe4fc4703) lbu     a4, -433(s8)
core   0: 3 0x80000682 (0xe4fc4703) x14 0x00000054 mem 0x8001051a
core   0: 0x80000686 (0x5acc0d03) lb      s10, 1452(s8)
core   0: 3 0x80000686 (0x5acc0d03) x26 0xffffffdd mem 0x80010c77
core   0: 0x8000068a (0x403c0d03) lb      s10, 1027(s8)
core   0: 3 0x8000068a (0x403c0d03) x26 0x00000001 mem 0x80010ace
core   0: 0x8000068e (0xb9ac0f23) sb      s10, -1122(s8)
core   0: 3 0x8000068e (0xb9ac0f23) mem 0x80010269 0x1
core   0: 0x80000692 (0x0220036f) jal     t1, pc + 0x22
core   0: 3 0x80000692 (0x0220036f) x 6 0x80000696
core   0: 0x800006b4 (0x000037f5) c.jal   pc - 20
core   0: 3 0x800006b4 (0x37f5) x 1 0x800006b6
core   0: 0x800006a0 (0x00003fed) c.jal   pc - 6
core   0: 3 0x800006a0 (0x3fed) x 1 0x800006a2
core   0: 0x8000069a (0x00e000ef) jal     pc + 0xe
core   0: 3 0x8000069a (0x00e000ef) x 1 0x8000069e
core   0: 0x800006a8 (0x0000a009) c.j     pc + 2
core   0: 3 0x800006a8 (0xa009)
core   0: 0x800006aa (0x00003fd5) c.jal   pc - 12
core   0: 3 0x800006aa (0x3fd5) x 1 0x800006ac
core   0: 0x8000069e (0x0000bfe5) c.j     pc - 8
core   0: 3 0x8000069e (0xbfe5)
core   0: 0x80000696 (0x00c000ef) jal     pc + 0xc
core   0: 3 0x80000696 (0x00c000ef) x 1 0x8000069a
core   0: 0x800006a2 (0x00e000ef) jal     pc + 0xe
core   0: 3 0x800006a2 (0x00e000ef) x 1 0x800006a6
core   0: 0x800006b0 (0xffdff0ef) jal     pc - 0x4
core   0: 3 0x800006b0 (0xffdff0ef) x 1 0x800006b4
core   0: 0x800006ac (0x00002009) c.jal   pc + 2
core   0: 3 0x800006ac (0x2009) x 1 0x800006ae
core   0: 0x800006ae (0x00003fe5) c.jal   pc - 8
core   0: 3 0x800006ae (0x3fe5) x 1 0x800006b0
core   0: 0x800006a6 (0x00002801) c.jal   pc + 16
core   0: 3 0x800006a6 (0x2801) x 1 0x800006a8
core   0: 0x800006b6 (0x022d59b3) divu    s3, s10, sp
core   0: 3 0x800006b6 (0x022d59b3) x19 0x00000000
core   0: 0x800006ba (0x00010a97) auipc   s5, 0x10
core   0: 3 0x800006ba (0x00010a97) x21 0x800106ba
core   0: 0x800006be (0xfc1a8a93) addi    s5, s5, -63
core   0: 3 0x800006be (0xfc1a8a93) x21 0x8001067b
core   0: 0x800006c2 (0xfefa9b83) lh      s7, -17(s5)
core   0: 3 0x800006c2 (0xfefa9b83) x23 0x00007487 mem 0x8001066a
core   0: 0x800006c6 (0x00010b17) auipc   s6, 0x10
core   0: 3 0x800006c6 (0x00010b17) x22 0x800106c6
core   0: 0x800006ca (0x72bb0b13) addi    s6, s6, 1835
core   0: 3 0x800006ca (0x72bb0b13) x22 0x80010df1
core   0: 0x800006ce (0x00aacc83) lbu     s9, 10(s5)
core   0: 3 0x800006ce (0x00aacc83) x25 0x00000037 mem 0x80010685
core   0: 0x800006d2 (0x00010d97) auipc   s11, 0x10
core   0: 3 0x800006d2 (0x00010d97) x27 0x800106d2
core   0: 0x800006d6 (0x0f7d8d93) addi    s11, s11, 247
core   0: 3 0x800006d6 (0x0f7d8d93) x27 0x800107c9
core   0: 0x800006da (0xfd6ac903) lbu     s2, -42(s5)
core   0: 3 0x800006da (0xfd6ac903) x18 0x00000005 mem 0x80010651
core   0: 0x800006de (0xfffb5f03) lhu     t5, -1(s6)
core   0: 3 0x800006de (0xfffb5f03) x30 0x0000f23e mem 0x80010df0
core   0: 0x800006e2 (0x024b0b23) sb      tp, 54(s6)
core   0: 3 0x800006e2 (0x024b0b23) mem 0x80010e27 0xdd
core   0: 0x800006e6 (0x012d86a3) sb      s2, 13(s11)
core   0: 3 0x800006e6 (0x012d86a3) mem 0x800107d6 0x5
core   0: 0x800006ea (0x00011c17) auipc   s8, 0x11
core   0: 3 0x800006ea (0x00011c17) x24 0x800116ea
core   0: 0x800006ee (0x827c0c13) addi    s8, s8, -2009
core   0: 3 0x800006ee (0x827c0c13) x24 0x80010f11
core   0: 0x800006f2 (0x014d8623) sb      s4, 12(s11)
core   0: 3 0x800006f2 (0x014d8623) mem 0x800107d5 0xf5
core   0: 0x800006f6 (0xfe5c5c83) lhu     s9, -27(s8)
core   0: 3 0x800006f6 (0xfe5c5c83) x25 0x0000f5ca mem 0x80010ef6
core   0: 0x800006fa (0x00db4f83) lbu     t6, 13(s6)
core   0: 3 0x800006fa (0x00db4f83) x31 0x000000ed mem 0x80010dfe
core   0: 0x800006fe (0xfdfa8b83) lb      s7, -33(s5)
core   0: 3 0x800006fe (0xfdfa8b83) x23 0x0000000b mem 0x8001065a
core   0: 0x80000702 (0xff9d9303) lh      t1, -7(s11)
core   0: 3 0x80000702 (0xff9d9303) x 6 0x0000680a mem 0x800107c2
core   0: 0x80000706 (0x00bda803) lw      a6, 11(s11)
core   0: 3 0x80000706 (0x00bda803) x16 0x5905f5b7 mem 0x800107d4
core   0: 0x8000070a (0xfceb2fa3) sw      a4, -33(s6)
core   0: 3 0x8000070a (0xfceb2fa3) mem 0x80010dd0 0x00000054
core   0: 0x8000070e (0x00edc483) lbu     s1, 14(s11)
core   0: 3 0x8000070e (0x00edc483) x 9 0x00000059 mem 0x800107d7
core   0: 0x80000712 (0xfcca8a03) lb      s4, -52(s5)
core   0: 3 0x80000712 (0xfcca8a03) x20 0xffffffa9 mem 0x80010647
core   0: 0x80000716 (0xff8dc883) lbu     a7, -8(s11)
core   0: 3 0x80000716 (0xff8dc883) x17 0x000000e1 mem 0x800107c1
core   0: 0x8000071a (0x009dd883) lhu     a7, 9(s11)
core   0: 3 0x8000071a (0x009dd883) x17 0x00009edf mem 0x800107d2
core   0: 0x8000071e (0xfd8b0f03) lb      t5, -40(s6)
core   0: 3 0x8000071e (0xfd8b0f03) x30 0x0000005d mem 0x80010dc9
core   0: 0x80000722 (0xfe7c1983) lh      s3, -25(s8)
core   0: 3 0x80000722 (0xfe7c1983) x19 0xffffe82a mem 0x80010ef8
core   0: 0x80000726 (0x03bb0923) sb      s11, 50(s6)
core   0: 3 0x80000726 (0x03bb0923) mem 0x80010e23 0xc9
core   0: 0x8000072a (0xfe3aaaa3) sw      gp, -11(s5)
core   0: 3 0x8000072a (0xfe3aaaa3) mem 0x80010670 0x0000003c
core   0: 0x8000072e (0xff4d8983) lb      s3, -12(s11)
core   0: 3 0x8000072e (0xff4d8983) x19 0x00000021 mem 0x800107bd
core   0: 0x80000732 (0x007c5283) lhu     t0, 7(s8)
core   0: 3 0x80000732 (0x007c5283) x 5 0x0000561f mem 0x80010f18
core   0: 0x80000736 (0xfdba8b23) sb      s11, -42(s5)
core   0: 3 0x80000736 (0xfdba8b23) mem 0x80010651 0xc9
core   0: 0x8000073a (0x009b1c83) lh      s9, 9(s6)
core   0: 3 0x8000073a (0x009b1c83) x25 0x00006191 mem 0x80010dfa
core   0: 0x8000073e (0xfc9c0f23) sb      s1, -34(s8)
core   0: 3 0x8000073e (0xfc9c0f23) mem 0x80010eef 0x59
core   0: 0x80000742 (0xfc2ac103) lbu     sp, -62(s5)
core   0: 3 0x80000742 (0xfc2ac103) x 2 0x000000a8 mem 0x8001063d
core   0: 0x80000746 (0x03ab0f83) lb      t6, 58(s6)
core   0: 3 0x80000746 (0x03ab0f83) x31 0x0000002d mem 0x80010e2b
core   0: 0x8000074a (0x004d8483) lb      s1, 4(s11)
core   0: 3 0x8000074a (0x004d8483) x 9 0xffffffd8 mem 0x800107cd
core   0: 0x8000074e (0x033c4803) lbu     a6, 51(s8)
core   0: 3 0x8000074e (0x033c4803) x16 0x000000d8 mem 0x80010f44
core   0: 0x80000752 (0xfe7d98a3) sh      t2, -15(s11)
core   0: 3 0x80000752 (0xfe7d98a3) mem 0x800107ba 0x3c1f
core   0: 0x80000756 (0x0001ec17) auipc   s8, 0x1e
core   0: 3 0x80000756 (0x0001ec17) x24 0x8001e756
core   0: 0x8000075a (0x2dbc0c13) addi    s8, s8, 731
core   0: 3 0x8000075a (0x2dbc0c13) x24 0x8001ea31
core   0: 0x8000075e (0x012c0083) lb      ra, 18(s8)
core   0: 3 0x8000075e (0x012c0083) x 1 0x00000043 mem 0x8001ea43
core   0: 0x80000762 (0x006c0e03) lb      t3, 6(s8)
core   0: 3 0x80000762 (0x006c0e03) x28 0xffffffa9 mem 0x8001ea37
core   0: 0x80000766 (0x455e0993) addi    s3, t3, 1109
core   0: 3 0x80000766 (0x455e0993) x19 0x000003fe
core   0: 0x8000076a (0xfe9c4503) lbu     a0, -23(s8)
core   0: 3 0x8000076a (0xfe9c4503) x10 0x0000004c mem 0x8001ea1a
core   0: 0x8000076e (0xfe1c0723) sb      ra, -18(s8)
core   0: 3 0x8000076e (0xfe1c0723) mem 0x8001ea1f 0x43
core   0: 0x80000772 (0xfdec0983) lb      s3, -34(s8)
core   0: 3 0x80000772 (0xfdec0983) x19 0x0000006c mem 0x8001ea0f
core   0: 0x80000776 (0x02cc4983) lbu     s3, 44(s8)
core   0: 3 0x80000776 (0x02cc4983) x19 0x00000008 mem 0x8001ea5d
core   0: 0x8000077a (0x0000855d) c.srai  a0, 23
core   0: 3 0x8000077a (0x855d) x10 0x00000000
core   0: 0x8000077c (0xfc9c4983) lbu     s3, -55(s8)
core   0: 3 0x8000077c (0xfc9c4983) x19 0x00000045 mem 0x8001e9fa
core   0: 0x80000780 (0xfcac0423) sb      a0, -56(s8)
core   0: 3 0x80000780 (0xfcac0423) mem 0x8001e9f9 0x0
core   0: 0x80000784 (0xd5781537) lui     a0, 0xd5781
core   0: 3 0x80000784 (0xd5781537) x10 0xd5781000
core   0: 0x80000788 (0x00008d69) c.and   a0, a0
core   0: 3 0x80000788 (0x8d69) x10 0xd5781000
core   0: 0x8000078a (0xda90c9b7) lui     s3, 0xda90c
core   0: 3 0x8000078a (0xda90c9b7) x19 0xda90c000
core   0: 0x8000078e (0x13257513) andi    a0, a0, 306
core   0: 3 0x8000078e (0x13257513) x10 0x00000000
core   0: 0x80000792 (0x00008135) c.srli  a0, 13
core   0: 3 0x80000792 (0x8135) x10 0x00000000
core   0: 0x80000794 (0xff3c1283) lh      t0, -13(s8)
core   0: 3 0x80000794 (0xff3c1283) x 5 0x00002d7f mem 0x8001ea24
core   0: 0x80000798 (0x00004529) c.li    a0, 10
core   0: 3 0x80000798 (0x4529) x10 0x0000000a
core   0: 0x8000079a (0x00008151) c.srli  a0, 20
core   0: 3 0x8000079a (0x8151) x10 0x00000000
core   0: 0x8000079c (0x01c292b3) sll     t0, t0, t3
core   0: 3 0x8000079c (0x01c292b3) x 5 0x005afe00
core   0: 0x800007a0 (0xfc5c03a3) sb      t0, -57(s8)
core   0: 3 0x800007a0 (0xfc5c03a3) mem 0x8001e9f8 0x0
core   0: 0x800007a4 (0x0260036f) jal     t1, pc + 0x26
core   0: 3 0x800007a4 (0x0260036f) x 6 0x800007a8
core   0: 0x800007ca (0x0000b7dd) c.j     pc - 26
core   0: 3 0x800007ca (0xb7dd)
core   0: 0x800007b0 (0x0000a011) c.j     pc + 4
core   0: 3 0x800007b0 (0xa011)
core   0: 0x800007b4 (0x0240036f) jal     t1, pc + 0x24
core   0: 3 0x800007b4 (0x0240036f) x 6 0x800007b8
core   0: 0x800007d8 (0x000037c5) c.jal   pc - 32
core   0: 3 0x800007d8 (0x37c5) x 1 0x800007da
core   0: 0x800007b8 (0xffbff4ef) jal     s1, pc - 0x6
core   0: 3 0x800007b8 (0xffbff4ef) x 9 0x800007bc
core   0: 0x800007b2 (0x0000a039) c.j     pc + 14
core   0: 3 0x800007b2 (0xa039)
core   0: 0x800007c0 (0xffdff36f) jal     t1, pc - 0x4
core   0: 3 0x800007c0 (0xffdff36f) x 6 0x800007c4
core   0: 0x800007bc (0xfedff0ef) jal     pc - 0x14
core   0: 3 0x800007bc (0xfedff0ef) x 1 0x800007c0
core   0: 0x800007a8 (0x0280036f) jal     t1, pc + 0x28
core   0: 3 0x800007a8 (0x0280036f) x 6 0x800007ac
core   0: 0x800007d0 (0x0000a019) c.j     pc + 6
core   0: 3 0x800007d0 (0xa019)
core   0: 0x800007d6 (0x0000bfc5) c.j     pc - 16
core   0: 3 0x800007d6 (0xbfc5)
core   0: 0x800007c6 (0x00002019) c.jal   pc + 6
core   0: 3 0x800007c6 (0x2019) x 1 0x800007c8
core   0: 0x800007cc (0x0060096f) jal     s2, pc + 0x6
core   0: 3 0x800007cc (0x0060096f) x18 0x800007d0
core   0: 0x800007d2 (0xfdbff36f) jal     t1, pc - 0x26
core   0: 3 0x800007d2 (0xfdbff36f) x 6 0x800007d6
core   0: 0x800007ac (0x01c000ef) jal     pc + 0x1c
core   0: 3 0x800007ac (0x01c000ef) x 1 0x800007b0
core   0: 0x800007c8 (0x00003ff5) c.jal   pc - 4
core   0: 3 0x800007c8 (0x3ff5) x 1 0x800007ca
core   0: 0x800007c4 (0x00002819) c.jal   pc + 22
core   0: 3 0x800007c4 (0x2819) x 1 0x800007c6
core   0: 0x800007da (0x00006ae5) c.lui   s5, 0x19
core   0: 3 0x800007da (0x6ae5) x21 0x00019000
core   0: 0x800007dc (0x00020f17) auipc   t5, 0x20
core   0: 3 0x800007dc (0x00020f17) x30 0x800207dc
core   0: 0x800007e0 (0xe89f0f13) addi    t5, t5, -375
core   0: 3 0x800007e0 (0xe89f0f13) x30 0x80020665
core   0: 0x800007e4 (0x028f02a3) sb      s0, 37(t5)
core   0: 3 0x800007e4 (0x028f02a3) mem 0x8002068a 0xd8
core   0: 0x800007e8 (0x016f0903) lb      s2, 22(t5)
core   0: 3 0x800007e8 (0x016f0903) x18 0xfffffff8 mem 0x8002067b
core   0: 0x800007ec (0x03295a33) divu    s4, s2, s2
core   0: 3 0x800007ec (0x03295a33) x20 0x00000001
core   0: 0x800007f0 (0x03083933) mulhu   s2, a6, a6
core   0: 3 0x800007f0 (0x03083933) x18 0x00000000
core   0: 0x800007f4 (0xfe6f0823) sb      t1, -16(t5)
core   0: 3 0x800007f4 (0xfe6f0823) mem 0x80020655 0xd6
core   0: 0x800007f8 (0x00008c01) c.sub   s0, s0
core   0: 3 0x800007f8 (0x8c01) x 8 0x00000000
core   0: 0x800007fa (0x0000819a) c.mv    gp, t1
core   0: 3 0x800007fa (0x819a) x 3 0x800007d6
core   0: 0x800007fc (0xfd0f0723) sb      a6, -50(t5)
core   0: 3 0x800007fc (0xfd0f0723) mem 0x80020633 0xd8
core   0: 0x80000800 (0xfe3f2ba3) sw      gp, -9(t5)
core   0: 3 0x80000800 (0xfe3f2ba3) mem 0x8002065c 0x800007d6
core   0: 0x80000804 (0x03ef4303) lbu     t1, 62(t5)
core   0: 3 0x80000804 (0x03ef4303) x 6 0x00000012 mem 0x800206a3
core   0: 0x80000808 (0x000001fa) c.slli  gp, 30
core   0: 3 0x80000808 (0x01fa) x 3 0x80000000
core   0: 0x8000080a (0xfc8f1da3) sh      s0, -37(t5)
core   0: 3 0x8000080a (0xfc8f1da3) mem 0x80020640 0x0000
core   0: 0x8000080e (0x006f18a3) sh      t1, 17(t5)
core   0: 3 0x8000080e (0x006f18a3) mem 0x80020676 0x0012
core   0: 0x80000812 (0x13ea3413) sltiu   s0, s4, 318
core   0: 3 0x80000812 (0x13ea3413) x 8 0x00000001
core   0: 0x80000816 (0xd4684437) lui     s0, 0xd4684
core   0: 3 0x80000816 (0xd4684437) x 8 0xd4684000
core   0: 0x8000081a (0x032a61b3) rem     gp, s4, s2
core   0: 3 0x8000081a (0x032a61b3) x 3 0x00000001
core   0: 0x8000081e (0x03cf4403) lbu     s0, 60(t5)
core   0: 3 0x8000081e (0x03cf4403) x 8 0x00000074 mem 0x800206a1
core   0: 0x80000822 (0x00000001) c.nop
core   0: 3 0x80000822 (0x0001)
core   0: 0x80000824 (0x00241813) slli    a6, s0, 2
core   0: 3 0x80000824 (0x00241813) x16 0x000001d0
core   0: 0x80000828 (0x0ff0000f) fence   iorw,iorw
core   0: 3 0x80000828 (0x0ff0000f)
core   0: 0x8000082c (0x03234433) div     s0, t1, s2
core   0: 3 0x8000082c (0x03234433) x 8 0xffffffff
core   0: 0x80000830 (0xfdcf0303) lb      t1, -36(t5)
core   0: 3 0x80000830 (0xfdcf0303) x 6 0x00000000 mem 0x80020641
core   0: 0x80000834 (0x0000100f) fence.i
core   0: 3 0x80000834 (0x0000100f)
core   0: 0x80000838 (0x028f04a3) sb      s0, 41(t5)
core   0: 3 0x80000838 (0x028f04a3) mem 0x8002068e 0xff
core   0: 0x8000083c (0xfd9f4183) lbu     gp, -39(t5)
core   0: 3 0x8000083c (0xfd9f4183) x 3 0x00000000 mem 0x8002063e
core   0: 0x80000840 (0x032f0303) lb      t1, 50(t5)
core   0: 3 0x80000840 (0x032f0303) x 6 0x0000007e mem 0x80020697
core   0: 0x80000844 (0x014f4183) lbu     gp, 20(t5)
core   0: 3 0x80000844 (0x014f4183) x 3 0x00000082 mem 0x80020679
core   0: 0x80000848 (0x00008c01) c.sub   s0, s0
core   0: 3 0x80000848 (0x8c01) x 8 0x00000000
core   0: 0x8000084a (0x02342833) mulhsu  a6, s0, gp
core   0: 3 0x8000084a (0x02342833) x16 0x00000000
core   0: 0x8000084e (0x033f4403) lbu     s0, 51(t5)
core   0: 3 0x8000084e (0x033f4403) x 8 0x000000f9 mem 0x80020698
core   0: 0x80000852 (0xff0f16a3) sh      a6, -19(t5)
core   0: 3 0x80000852 (0xff0f16a3) mem 0x80020652 0x0000
core   0: 0x80000856 (0x03af4183) lbu     gp, 58(t5)
core   0: 3 0x80000856 (0x03af4183) x 3 0x0000000d mem 0x8002069f
core   0: 0x8000085a (0xfd4f4183) lbu     gp, -44(t5)
core   0: 3 0x8000085a (0xfd4f4183) x 3 0x00000020 mem 0x80020639
core   0: 0x8000085e (0x00008c41) c.or    s0, s0
core   0: 3 0x8000085e (0x8c41) x 8 0x000000f9
core   0: 0x80000860 (0x00c19313) slli    t1, gp, 12
core   0: 3 0x80000860 (0x00c19313) x 6 0x00020000
core   0: 0x80000864 (0x035f5303) lhu     t1, 53(t5)
core   0: 3 0x80000864 (0x035f5303) x 6 0x00002584 mem 0x8002069a
core   0: 0x80000868 (0x0000940e) c.add   s0, gp
core   0: 3 0x80000868 (0x940e) x 8 0x00000119
core   0: 0x8000086a (0xfe8f0f23) sb      s0, -2(t5)
core   0: 3 0x8000086a (0xfe8f0f23) mem 0x80020663 0x19
core   0: 0x8000086e (0x01bf2303) lw      t1, 27(t5)
core   0: 3 0x8000086e (0x01bf2303) x 6 0x53ec1482 mem 0x80020680
core   0: 0x80000872 (0x408451b3) sra     gp, s0, s0
core   0: 3 0x80000872 (0x408451b3) x 3 0x00000000
core   0: 0x80000876 (0x00745193) srli    gp, s0, 7
core   0: 3 0x80000876 (0x00745193) x 3 0x00000002
core   0: 0x8000087a (0xfedf4a03) lbu     s4, -19(t5)
core   0: 3 0x8000087a (0xfedf4a03) x20 0x00000000 mem 0x80020652
core   0: 0x8000087e (0x00010997) auipc   s3, 0x10
core   0: 3 0x8000087e (0x00010997) x19 0x8001087e
core   0: 0x80000882 (0xd9398993) addi    s3, s3, -621
core   0: 3 0x80000882 (0xd9398993) x19 0x80010611
core   0: 0x80000886 (0x00016697) auipc   a3, 0x16
core   0: 3 0x80000886 (0x00016697) x13 0x80016886
core   0: 0x8000088a (0x31c68693) addi    a3, a3, 796
core   0: 3 0x8000088a (0x31c68693) x13 0x80016ba2
core   0: 0x8000088e (0x01098183) lb      gp, 16(s3)
core   0: 3 0x8000088e (0x01098183) x 3 0x00000033 mem 0x80010621
core   0: 0x80000892 (0x8056c583) lbu     a1, -2043(a3)
core   0: 3 0x80000892 (0x8056c583) x11 0x000000b4 mem 0x800163a7
core   0: 0x80000896 (0x2c768b03) lb      s6, 711(a3)
core   0: 3 0x80000896 (0x2c768b03) x22 0x0000007e mem 0x80016e69
core   0: 0x8000089a (0x0069cb83) lbu     s7, 6(s3)
core   0: 3 0x8000089a (0x0069cb83) x23 0x000000aa mem 0x80010617
core   0: 0x8000089e (0xdc46cf83) lbu     t6, -572(a3)
core   0: 3 0x8000089e (0xdc46cf83) x31 0x000000e2 mem 0x80016966
core   0: 0x800008a2 (0xff098303) lb      t1, -16(s3)
core   0: 3 0x800008a2 (0xff098303) x 6 0x00000054 mem 0x80010601
core   0: 0x800008a6 (0xb20687a3) sb      zero, -1233(a3)
core   0: 3 0x800008a6 (0xb20687a3) mem 0x800166d1 0x0
core   0: 0x800008aa (0x00f986a3) sb      a5, 13(s3)
core   0: 3 0x800008aa (0x00f986a3) mem 0x8001061e 0x64
core   0: 0x800008ae (0x9136c583) lbu     a1, -1773(a3)
core   0: 3 0x800008ae (0x9136c583) x11 0x00000071 mem 0x800164b5
core   0: 0x800008b2 (0x0e668fa3) sb      t1, 255(a3)
core   0: 3 0x800008b2 (0x0e668fa3) mem 0x80016ca1 0x54
core   0: 0x800008b6 (0xc42684a3) sb      sp, -951(a3)
core   0: 3 0x800008b6 (0xc42684a3) mem 0x800167eb 0xa8
core   0: 0x800008ba (0xffc98da3) sb      t3, -5(s3)
core   0: 3 0x800008ba (0xffc98da3) mem 0x8001060c 0xa9
core   0: 0x800008be (0xa29689a3) sb      s1, -1485(a3)
core   0: 3 0x800008be (0xa29689a3) mem 0x800165d5 0xbc
core   0: 0x800008c2 (0xfe098923) sb      zero, -14(s3)
core   0: 3 0x800008c2 (0xfe098923) mem 0x80010603 0x0
core   0: 0x800008c6 (0xeff68583) lb      a1, -257(a3)
core   0: 3 0x800008c6 (0xeff68583) x11 0x0000005d mem 0x80016aa1
core   0: 0x800008ca (0x00010697) auipc   a3, 0x10
core   0: 3 0x800008ca (0x00010697) x13 0x800108ca
core   0: 0x800008ce (0xf1c68693) addi    a3, a3, -228
core   0: 3 0x800008ce (0xf1c68693) x13 0x800107e6
core   0: 0x800008d2 (0x006610b3) sll     ra, a2, t1
core   0: 3 0x800008d2 (0x006610b3) x 1 0xce400000
core   0: 0x800008d6 (0xffd6c003) lbu     zero, -3(a3)
core   0: 3 0x800008d6 (0xffd6c003) mem 0x800107e3
core   0: 0x800008da (0x00000001) c.nop
core   0: 3 0x800008da (0x0001)
core   0: 0x800008dc (0xff568903) lb      s2, -11(a3)
core   0: 3 0x800008dc (0xff568903) x18 0x0000005b mem 0x800107db
core   0: 0x800008e0 (0x0066d983) lhu     s3, 6(a3)
core   0: 3 0x800008e0 (0x0066d983) x19 0x0000c4b9 mem 0x800107ec
core   0: 0x800008e4 (0x00768383) lb      t2, 7(a3)
core   0: 3 0x800008e4 (0x00768383) x 7 0xffffffc4 mem 0x800107ed
core   0: 0x800008e8 (0x00a68803) lb      a6, 10(a3)
core   0: 3 0x800008e8 (0x00a68803) x16 0x00000040 mem 0x800107f0
core   0: 0x800008ec (0x01e69523) sh      t5, 10(a3)
core   0: 3 0x800008ec (0x01e69523) mem 0x800107f0 0x0665
core   0: 0x800008f0 (0x00a68383) lb      t2, 10(a3)
core   0: 3 0x800008f0 (0x00a68383) x 7 0x00000065 mem 0x800107f0
core   0: 0x800008f4 (0x7961ae13) slti    t3, gp, 1942
core   0: 3 0x800008f4 (0x7961ae13) x28 0x00000001
core   0: 0x800008f8 (0x00c6cc83) lbu     s9, 12(a3)
core   0: 3 0x800008f8 (0x00c6cc83) x25 0x000000f2 mem 0x800107f2
core   0: 0x800008fc (0x0066c503) lbu     a0, 6(a3)
core   0: 3 0x800008fc (0x0066c503) x10 0x000000b9 mem 0x800107ec
core   0: 0x80000900 (0x018159b3) srl     s3, sp, s8
core   0: 3 0x80000900 (0x018159b3) x19 0x00000000
core   0: 0x80000904 (0x02045833) divu    a6, s0, zero
core   0: 3 0x80000904 (0x02045833) x16 0xffffffff
core   0: 0x80000908 (0x00768723) sb      t2, 14(a3)
core   0: 3 0x80000908 (0x00768723) mem 0x800107f4 0x65
core   0: 0x8000090c (0x01a69323) sh      s10, 6(a3)
core   0: 3 0x8000090c (0x01a69323) mem 0x800107ec 0x0001
core   0: 0x80000910 (0x40a958b3) sra     a7, s2, a0
core   0: 3 0x80000910 (0x40a958b3) x17 0x00000000
core   0: 0x80000914 (0x0026da83) lhu     s5, 2(a3)
core   0: 3 0x80000914 (0x0026da83) x21 0x0000f533 mem 0x800107e8
core   0: 0x80000918 (0x0026ab83) lw      s7, 2(a3)
core   0: 3 0x80000918 (0x0026ab83) x23 0x686ff533 mem 0x800107e8
core   0: 0x8000091c (0x00000001) c.nop
core   0: 3 0x8000091c (0x0001)
core   0: 0x8000091e (0x017684a3) sb      s7, 9(a3)
core   0: 3 0x8000091e (0x017684a3) mem 0x800107ef 0x33
core   0: 0x80000922 (0xb7784f93) xori    t6, a6, -1161
core   0: 3 0x80000922 (0xb7784f93) x31 0x00000488
core   0: 0x80000926 (0xff669703) lh      a4, -10(a3)
core   0: 3 0x80000926 (0xff669703) x14 0x000000e5 mem 0x800107dc
core   0: 0x8000092a (0xff368f83) lb      t6, -13(a3)
core   0: 3 0x8000092a (0xff368f83) x31 0x0000007b mem 0x800107d9
core   0: 0x8000092e (0x03ad5733) divu    a4, s10, s10
core   0: 3 0x8000092e (0x03ad5733) x14 0x00000001
core   0: 0x80000932 (0x9d453c93) sltiu   s9, a0, -1580
core   0: 3 0x80000932 (0x9d453c93) x25 0x00000001
core   0: 0x80000936 (0xd3672093) slti    ra, a4, -714
core   0: 3 0x80000936 (0xd3672093) x 1 0x00000000
core   0: 0x8000093a (0x01c125b3) slt     a1, sp, t3
core   0: 3 0x8000093a (0x01c125b3) x11 0x00000000
core   0: 0x8000093e (0x00008dc5) c.or    a1, s1
core   0: 3 0x8000093e (0x8dc5) x11 0x800007bc
core   0: 0x80000940 (0x00000001) c.nop
core   0: 3 0x80000940 (0x0001)
core   0: 0x80000942 (0x4059d713) srai    a4, s3, 5
core   0: 3 0x80000942 (0x4059d713) x14 0x00000000
core   0: 0x80000946 (0x00469203) lh      tp, 4(a3)
core   0: 3 0x80000946 (0x00469203) x 4 0x0000686f mem 0x800107ea
core   0: 0x8000094a (0xffc68b23) sb      t3, -10(a3)
core   0: 3 0x8000094a (0xffc68b23) mem 0x800107dc 0x1
core   0: 0x8000094e (0xff569c23) sh      s5, -8(a3)
core   0: 3 0x8000094e (0xff569c23) mem 0x800107de 0xf533
core   0: 0x80000952 (0xfec68e23) sb      a2, -4(a3)
core   0: 3 0x80000952 (0xfec68e23) mem 0x800107e2 0xe4
core   0: 0x80000956 (0x00010d17) auipc   s10, 0x10
core   0: 3 0x80000956 (0x00010d17) x26 0x80010956
core   0: 0x8000095a (0x5c1d0d13) addi    s10, s10, 1473
core   0: 3 0x8000095a (0x5c1d0d13) x26 0x80010f17
core   0: 0x8000095e (0x00010417) auipc   s0, 0x10
core   0: 3 0x8000095e (0x00010417) x 8 0x8001095e
core   0: 0x80000962 (0x9ff40413) addi    s0, s0, -1537
core   0: 3 0x80000962 (0x9ff40413) x 8 0x8001035d
core   0: 0x80000966 (0x015d0323) sb      s5, 6(s10)
core   0: 3 0x80000966 (0x015d0323) mem 0x80010f1d 0x33
core   0: 0x8000096a (0x012d0e23) sb      s2, 28(s10)
core   0: 3 0x8000096a (0x012d0e23) mem 0x80010f33 0x5b
core   0: 0x8000096e (0x0000fb17) auipc   s6, 0xf
core   0: 3 0x8000096e (0x0000fb17) x22 0x8000f96e
core   0: 0x80000972 (0x731b0b13) addi    s6, s6, 1841
core   0: 3 0x80000972 (0x731b0b13) x22 0x8001009f
core   0: 0x80000976 (0xf5f40e23) sb      t6, -164(s0)
core   0: 3 0x80000976 (0xf5f40e23) mem 0x800102b9 0x7b
core   0: 0x8000097a (0x00010a97) auipc   s5, 0x10
core   0: 3 0x8000097a (0x00010a97) x21 0x8001097a
core   0: 0x8000097e (0xd7ea8a93) addi    s5, s5, -642
core   0: 3 0x8000097e (0xd7ea8a93) x21 0x800106f8
core   0: 0x80000982 (0xfc6d0383) lb      t2, -58(s10)
core   0: 3 0x80000982 (0xfc6d0383) x 7 0x00000019 mem 0x80010edd
core   0: 0x80000986 (0x06b44203) lbu     tp, 107(s0)
core   0: 3 0x80000986 (0x06b44203) x 4 0x00000042 mem 0x800103c8
core   0: 0x8000098a (0x03bacf03) lbu     t5, 59(s5)
core   0: 3 0x8000098a (0x03bacf03) x30 0x00000081 mem 0x80010733
core   0: 0x8000098e (0x000b4e03) lbu     t3, 0(s6)
core   0: 3 0x8000098e (0x000b4e03) x28 0x00000025 mem 0x8001009f
core   0: 0x80000992 (0x013d0c23) sb      s3, 24(s10)
core   0: 3 0x80000992 (0x013d0c23) mem 0x80010f2f 0x0
core   0: 0x80000996 (0x00eac203) lbu     tp, 14(s5)
core   0: 3 0x80000996 (0x00eac203) x 4 0x0000003c mem 0x80010706
core   0: 0x8000099a (0x013acb83) lbu     s7, 19(s5)
core   0: 3 0x8000099a (0x013acb83) x23 0x00000032 mem 0x8001070b
core   0: 0x8000099e (0xf6844283) lbu     t0, -152(s0)
core   0: 3 0x8000099e (0xf6844283) x 5 0x0000000b mem 0x800102c5
core   0: 0x800009a2 (0xff4b20a3) sw      s4, -31(s6)
core   0: 3 0x800009a2 (0xff4b20a3) mem 0x80010080 0x00000000
core   0: 0x800009a6 (0x01bb0023) sb      s11, 0(s6)
core   0: 3 0x800009a6 (0x01bb0023) mem 0x8001009f 0xc9
core   0: 0x800009aa (0xfecd4f83) lbu     t6, -20(s10)
core   0: 3 0x800009aa (0xfecd4f83) x31 0x0000002a mem 0x80010f03
core   0: 0x800009ae (0xfd8b4203) lbu     tp, -40(s6)
core   0: 3 0x800009ae (0xfd8b4203) x 4 0x000000be mem 0x80010077
core   0: 0x800009b2 (0x04240883) lb      a7, 66(s0)
core   0: 3 0x800009b2 (0x04240883) x17 0x00000057 mem 0x8001039f
core   0: 0x800009b6 (0xff9b0303) lb      t1, -7(s6)
core   0: 3 0x800009b6 (0xff9b0303) x 6 0xffffff8f mem 0x80010098
core   0: 0x800009ba (0x002b0883) lb      a7, 2(s6)
core   0: 3 0x800009ba (0x002b0883) x17 0xffffffef mem 0x800100a1
core   0: 0x800009be (0xfd9d17a3) sh      s9, -49(s10)
core   0: 3 0x800009be (0xfd9d17a3) mem 0x80010ee6 0x0001
core   0: 0x800009c2 (0xfd9b4003) lbu     zero, -39(s6)
core   0: 3 0x800009c2 (0xfd9b4003) mem 0x80010078
core   0: 0x800009c6 (0x032b0a23) sb      s2, 52(s6)
core   0: 3 0x800009c6 (0x032b0a23) mem 0x800100d3 0x5b
core   0: 0x800009ca (0x09240f23) sb      s2, 158(s0)
core   0: 3 0x800009ca (0x09240f23) mem 0x800103fb 0x5b
core   0: 0x800009ce (0x030ad103) lhu     sp, 48(s5)
core   0: 3 0x800009ce (0x030ad103) x 2 0x00000324 mem 0x80010728
core   0: 0x800009d2 (0xff4b0b83) lb      s7, -12(s6)
core   0: 3 0x800009d2 (0xff4b0b83) x23 0xffffffa6 mem 0x80010093
core   0: 0x800009d6 (0x0a844683) lbu     a3, 168(s0)
core   0: 3 0x800009d6 (0x0a844683) x13 0x000000c9 mem 0x80010405
core   0: 0x800009da (0xfe1b0383) lb      t2, -31(s6)
core   0: 3 0x800009da (0xfe1b0383) x 7 0x00000000 mem 0x80010080
core   0: 0x800009de (0x01caca03) lbu     s4, 28(s5)
core   0: 3 0x800009de (0x01caca03) x20 0x000000ef mem 0x80010714
core   0: 0x800009e2 (0x00010117) auipc   sp, 0x10
core   0: 3 0x800009e2 (0x00010117) x 2 0x800109e2
core   0: 0x800009e6 (0x1dd10113) addi    sp, sp, 477
core   0: 3 0x800009e6 (0x1dd10113) x 2 0x80010bbf
core   0: 0x800009ea (0x04310383) lb      t2, 67(sp)
core   0: 3 0x800009ea (0x04310383) x 7 0x0000001b mem 0x80010c02
core   0: 0x800009ee (0x0e414083) lbu     ra, 228(sp)
core   0: 3 0x800009ee (0x0e414083) x 1 0x00000029 mem 0x80010ca3
core   0: 0x800009f2 (0xf7e10d83) lb      s11, -130(sp)
core   0: 3 0x800009f2 (0xf7e10d83) x27 0x00000037 mem 0x80010b3d
core   0: 0x800009f6 (0x000085ad) c.srai  a1, 11
core   0: 3 0x800009f6 (0x85ad) x11 0xfff00000
core   0: 0x800009f8 (0x01810f83) lb      t6, 24(sp)
core   0: 3 0x800009f8 (0x01810f83) x31 0x0000006e mem 0x80010bd7
core   0: 0x800009fc (0x028ed233) divu    tp, t4, s0
core   0: 3 0x800009fc (0x028ed233) x 4 0x00000000
core   0: 0x80000a00 (0xf5a10683) lb      a3, -166(sp)
core   0: 3 0x80000a00 (0xf5a10683) x13 0x00000011 mem 0x80010b19
core   0: 0x80000a04 (0x02ca8533) mul     a0, s5, a2
core   0: 3 0x80000a04 (0x02ca8533) x10 0xaf1954e0
core   0: 0x80000a08 (0x04715503) lhu     a0, 71(sp)
core   0: 3 0x80000a08 (0x04715503) x10 0x00001640 mem 0x80010c06
core   0: 0x80000a0c (0x0000100f) fence.i
core   0: 3 0x80000a0c (0x0000100f)
core   0: 0x80000a10 (0x03c119a3) sh      t3, 51(sp)
core   0: 3 0x80000a10 (0x03c119a3) mem 0x80010bf2 0x0025
core   0: 0x80000a14 (0xf8c102a3) sb      a2, -123(sp)
core   0: 3 0x80000a14 (0xf8c102a3) mem 0x80010b44 0xe4
core   0: 0x80000a18 (0x44f569b7) lui     s3, 0x44f56
core   0: 3 0x80000a18 (0x44f569b7) x19 0x44f56000
core   0: 0x80000a1c (0xfce10003) lb      zero, -50(sp)
core   0: 3 0x80000a1c (0xfce10003) mem 0x80010b8d
core   0: 0x80000a20 (0x0fa10b23) sb      s10, 246(sp)
core   0: 3 0x80000a20 (0x0fa10b23) mem 0x80010cb5 0x17
core   0: 0x80000a24 (0x00008b42) c.mv    s6, a6
core   0: 3 0x80000a24 (0x8b42) x22 0xffffffff
core   0: 0x80000a26 (0xfac10883) lb      a7, -84(sp)
core   0: 3 0x80000a26 (0xfac10883) x17 0xffffff81 mem 0x80010b6b
core   0: 0x80000a2a (0x02914583) lbu     a1, 41(sp)
core   0: 3 0x80000a2a (0x02914583) x11 0x0000006b mem 0x80010be8
core   0: 0x80000a2e (0x0c614703) lbu     a4, 198(sp)
core   0: 3 0x80000a2e (0x0c614703) x14 0x000000da mem 0x80010c85
core   0: 0x80000a32 (0x00008c01) c.sub   s0, s0
core   0: 3 0x80000a32 (0x8c01) x 8 0x00000000
core   0: 0x80000a34 (0x0c911383) lh      t2, 201(sp)
core   0: 3 0x80000a34 (0x0c911383) x 7 0x00004549 mem 0x80010c88
core   0: 0x80000a38 (0x00008f51) c.or    a4, a2
core   0: 3 0x80000a38 (0x8f51) x14 0x80029cfe
core   0: 0x80000a3a (0x0be115a3) sh      t5, 171(sp)
core   0: 3 0x80000a3a (0x0be115a3) mem 0x80010c6a 0x0081
core   0: 0x80000a3e (0x06e101a3) sb      a4, 99(sp)
core   0: 3 0x80000a3e (0x06e101a3) mem 0x80010c22 0xfe
core   0: 0x80000a42 (0xf5e10ea3) sb      t5, -163(sp)
core   0: 3 0x80000a42 (0xf5e10ea3) mem 0x80010b1c 0x81
core   0: 0x80000a46 (0x08512b03) lw      s6, 133(sp)
core   0: 3 0x80000a46 (0x08512b03) x22 0x3bd335ed mem 0x80010c44
core   0: 0x80000a4a (0xf4810c03) lb      s8, -184(sp)
core   0: 3 0x80000a4a (0xf4810c03) x24 0x0000007d mem 0x80010b07
core   0: 0x80000a4e (0x01475a13) srli    s4, a4, 20
core   0: 3 0x80000a4e (0x01475a13) x20 0x00000800
core   0: 0x80000a52 (0x4143da13) srai    s4, t2, 20
core   0: 3 0x80000a52 (0x4143da13) x20 0x00000000
core   0: 0x80000a56 (0x00510f23) sb      t0, 30(sp)
core   0: 3 0x80000a56 (0x00510f23) mem 0x80010bdd 0xb
core   0: 0x80000a5a (0x9e5ca013) slti    zero, s9, -1563
core   0: 3 0x80000a5a (0x9e5ca013)
core   0: 0x80000a5e (0x0ab10e23) sb      a1, 188(sp)
core   0: 3 0x80000a5e (0x0ab10e23) mem 0x80010c7b 0x6b
core   0: 0x80000a62 (0xf4410c03) lb      s8, -188(sp)
core   0: 3 0x80000a62 (0xf4410c03) x24 0xffffff9a mem 0x80010b03
core   0: 0x80000a66 (0x0320036f) jal     t1, pc + 0x32
core   0: 3 0x80000a66 (0x0320036f) x 6 0x80000a6a
core   0: 0x80000a98 (0xfefff36f) jal     t1, pc - 0x12
core   0: 3 0x80000a98 (0xfefff36f) x 6 0x80000a9c
core   0: 0x80000a86 (0x0000a031) c.j     pc + 12
core   0: 3 0x80000a86 (0xa031)
core   0: 0x80000a92 (0xfe9ff0ef) jal     pc - 0x18
core   0: 3 0x80000a92 (0xfe9ff0ef) x 1 0x80000a96
core   0: 0x80000a7a (0x0000201d) c.jal   pc + 38
core   0: 3 0x80000a7a (0x201d) x 1 0x80000a7c
core   0: 0x80000aa0 (0xfd1ff56f) jal     a0, pc - 0x30
core   0: 3 0x80000aa0 (0xfd1ff56f) x10 0x80000aa4
core   0: 0x80000a70 (0x0120086f) jal     a6, pc + 0x12
core   0: 3 0x80000a70 (0x0120086f) x16 0x80000a74
core   0: 0x80000a82 (0x032000ef) jal     pc + 0x32
core   0: 3 0x80000a82 (0x032000ef) x 1 0x80000a86
core   0: 0x80000ab4 (0x00003fe9) c.jal   pc - 38
core   0: 3 0x80000ab4 (0x3fe9) x 1 0x80000ab6
core   0: 0x80000a8e (0x0000bfc5) c.j     pc - 16
core   0: 3 0x80000a8e (0xbfc5)
core   0: 0x80000a7e (0x0000b7f5) c.j     pc - 20
core   0: 3 0x80000a7e (0xb7f5)
core   0: 0x80000a6a (0x00002815) c.jal   pc + 52
core   0: 3 0x80000a6a (0x2815) x 1 0x80000a6c
core   0: 0x80000a9e (0x0000bfd9) c.j     pc - 42
core   0: 3 0x80000a9e (0xbfd9)
core   0: 0x80000a74 (0x030000ef) jal     pc + 0x30
core   0: 3 0x80000a74 (0x030000ef) x 1 0x80000a78
core   0: 0x80000aa4 (0x00002019) c.jal   pc + 6
core   0: 3 0x80000aa4 (0x2019) x 1 0x80000aa6
core   0: 0x80000aaa (0xfe7ff0ef) jal     pc - 0x1a
core   0: 3 0x80000aaa (0xfe7ff0ef) x 1 0x80000aae
core   0: 0x80000a90 (0x00002819) c.jal   pc + 22
core   0: 3 0x80000a90 (0x2819) x 1 0x80000a92
core   0: 0x80000aa6 (0xfdbff0ef) jal     pc - 0x26
core   0: 3 0x80000aa6 (0xfdbff0ef) x 1 0x80000aaa
core   0: 0x80000a80 (0x00003fe5) c.jal   pc - 8
core   0: 3 0x80000a80 (0x3fe5) x 1 0x80000a82
core   0: 0x80000a78 (0x00002839) c.jal   pc + 30
core   0: 3 0x80000a78 (0x2839) x 1 0x80000a7a
core   0: 0x80000a96 (0x00003fd9) c.jal   pc - 42
core   0: 3 0x80000a96 (0x3fd9) x 1 0x80000a98
core   0: 0x80000a6c (0x04a000ef) jal     pc + 0x4a
core   0: 3 0x80000a6c (0x04a000ef) x 1 0x80000a70
core   0: 0x80000ab6 (0x0000a009) c.j     pc + 2
core   0: 3 0x80000ab6 (0xa009)
core   0: 0x80000ab8 (0x00003fc1) c.jal   pc - 48
core   0: 3 0x80000ab8 (0x3fc1) x 1 0x80000aba
core   0: 0x80000a88 (0x00003fd5) c.jal   pc - 12
core   0: 3 0x80000a88 (0x3fd5) x 1 0x80000a8a
core   0: 0x80000a7c (0x0000a039) c.j     pc + 14
core   0: 3 0x80000a7c (0xa039)
core   0: 0x80000a8a (0x012000ef) jal     pc + 0x12
core   0: 3 0x80000a8a (0x012000ef) x 1 0x80000a8e
core   0: 0x80000a9c (0x00002809) c.jal   pc + 18
core   0: 3 0x80000a9c (0x2809) x 1 0x80000a9e
core   0: 0x80000aae (0x004000ef) jal     pc + 0x4
core   0: 3 0x80000aae (0x004000ef) x 1 0x80000ab2
core   0: 0x80000ab2 (0x0000a021) c.j     pc + 8
core   0: 3 0x80000ab2 (0xa021)
core   0: 0x80000aba (0x000059fd) c.li    s3, -1
core   0: 3 0x80000aba (0x59fd) x19 0xffffffff
core   0: 0x80000abc (0x0120036f) jal     t1, pc + 0x12
core   0: 3 0x80000abc (0x0120036f) x 6 0x80000ac0
core   0: 0x80000ace (0x0000bfdd) c.j     pc - 10
core   0: 3 0x80000ace (0xbfdd)
core   0: 0x80000ac4 (0x00002021) c.jal   pc + 8
core   0: 3 0x80000ac4 (0x2021) x 1 0x80000ac6
core   0: 0x80000acc (0x00002029) c.jal   pc + 10
core   0: 3 0x80000acc (0x2029) x 1 0x80000ace
core   0: 0x80000ad6 (0xffbff0ef) jal     pc - 0x6
core   0: 3 0x80000ad6 (0xffbff0ef) x 1 0x80000ada
core   0: 0x80000ad0 (0x00003fe5) c.jal   pc - 8
core   0: 3 0x80000ad0 (0x3fe5) x 1 0x80000ad2
core   0: 0x80000ac8 (0x00002029) c.jal   pc + 10
core   0: 3 0x80000ac8 (0x2029) x 1 0x80000aca
core   0: 0x80000ad2 (0xfefff1ef) jal     gp, pc - 0x12
core   0: 3 0x80000ad2 (0xfefff1ef) x 3 0x80000ad6
core   0: 0x80000ac0 (0x00002829) c.jal   pc + 26
core   0: 3 0x80000ac0 (0x2829) x 1 0x80000ac2
core   0: 0x80000ada (0x0000a009) c.j     pc + 2
core   0: 3 0x80000ada (0xa009)
core   0: 0x80000adc (0xfefff0ef) jal     pc - 0x12
core   0: 3 0x80000adc (0xfefff0ef) x 1 0x80000ae0
core   0: 0x80000aca (0x00003fe5) c.jal   pc - 8
core   0: 3 0x80000aca (0x3fe5) x 1 0x80000acc
core   0: 0x80000ac2 (0x0000a011) c.j     pc + 4
core   0: 3 0x80000ac2 (0xa011)
core   0: 0x80000ac6 (0x0000a829) c.j     pc + 26
core   0: 3 0x80000ac6 (0xa829)
core   0: 0x80000ae0 (0x9204b213) sltiu   tp, s1, -1760
core   0: 3 0x80000ae0 (0x9204b213) x 4 0x00000001
core   0: 0x80000ae4 (0x0001f117) auipc   sp, 0x1f
core   0: 3 0x80000ae4 (0x0001f117) x 2 0x8001fae4
core   0: 0x80000ae8 (0xd2610113) addi    sp, sp, -730
core   0: 3 0x80000ae8 (0xd2610113) x 2 0x8001f80a
core   0: 0x80000aec (0x00000001) c.nop
core   0: 3 0x80000aec (0x0001)
core   0: 0x80000aee (0x91610c23) sb      s6, -1768(sp)
core   0: 3 0x80000aee (0x91610c23) mem 0x8001f122 0xed
core   0: 0x80000af2 (0x40115013) srai    zero, sp, 1
core   0: 3 0x80000af2 (0x40115013)
core   0: 0x80000af6 (0x70510583) lb      a1, 1797(sp)
core   0: 3 0x80000af6 (0x70510583) x11 0xffffffe6 mem 0x8001ff0f
core   0: 0x80000afa (0x00008319) c.srli  a4, 6
core   0: 3 0x80000afa (0x8319) x14 0x02000a73
core   0: 0x80000afc (0x786102a3) sb      t1, 1925(sp)
core   0: 3 0x80000afc (0x786102a3) mem 0x8001ff8f 0xc0
core   0: 0x80000b00 (0x405d5413) srai    s0, s10, 5
core   0: 3 0x80000b00 (0x405d5413) x 8 0xfc000878
core   0: 0x80000b04 (0x76914083) lbu     ra, 1897(sp)
core   0: 3 0x80000b04 (0x76914083) x 1 0x000000ef mem 0x8001ff73
core   0: 0x80000b08 (0x000085a1) c.srai  a1, 8
core   0: 3 0x80000b08 (0x85a1) x11 0xffffffff
core   0: 0x80000b0a (0x00000001) c.nop
core   0: 3 0x80000b0a (0x0001)
core   0: 0x80000b0c (0x000096d6) c.add   a3, s5
core   0: 3 0x80000b0c (0x96d6) x13 0x80010709
core   0: 0x80000b0e (0x00009526) c.add   a0, s1
core   0: 3 0x80000b0e (0x9526) x10 0x00001260
core   0: 0x80000b10 (0x024c1fb3) mulh    t6, s8, tp
core   0: 3 0x80000b10 (0x024c1fb3) x31 0xffffffff
core   0: 0x80000b14 (0x41c95013) srai    zero, s2, 28
core   0: 3 0x80000b14 (0x41c95013)
core   0: 0x80000b18 (0x76c15903) lhu     s2, 1900(sp)
core   0: 3 0x80000b18 (0x76c15903) x18 0x00003138 mem 0x8001ff76
core   0: 0x80000b1c (0x65e11983) lh      s3, 1630(sp)
core   0: 3 0x80000b1c (0x65e11983) x19 0xffff813a mem 0x8001fe68
core   0: 0x80000b20 (0x290105a3) sb      a6, 651(sp)
core   0: 3 0x80000b20 (0x290105a3) mem 0x8001fa95 0x74
core   0: 0x80000b24 (0x000050fd) c.li    ra, -1
core   0: 3 0x80000b24 (0x50fd) x 1 0xffffffff
core   0: 0x80000b26 (0x01f55233) srl     tp, a0, t6
core   0: 3 0x80000b26 (0x01f55233) x 4 0x00000000
core   0: 0x80000b2a (0x002409b3) add     s3, s0, sp
core   0: 3 0x80000b2a (0x002409b3) x19 0x7c020082
core   0: 0x80000b2e (0xcfa10803) lb      a6, -774(sp)
core   0: 3 0x80000b2e (0xcfa10803) x16 0xffffffed mem 0x8001f504
core   0: 0x80000b32 (0xd1114503) lbu     a0, -751(sp)
core   0: 3 0x80000b32 (0xd1114503) x10 0x000000d4 mem 0x8001f51b
core   0: 0x80000b36 (0xb4d10023) sb      a3, -1216(sp)
core   0: 3 0x80000b36 (0xb4d10023) mem 0x8001f34a 0x9
core   0: 0x80000b3a (0x01ef12b3) sll     t0, t5, t5
core   0: 3 0x80000b3a (0x01ef12b3) x 5 0x00000102
core   0: 0x80000b3e (0x00008895) c.andi  s1, 5
core   0: 3 0x80000b3e (0x8895) x 9 0x00000004
core   0: 0x80000b40 (0x00008069) c.srli  s0, 26
core   0: 3 0x80000b40 (0x8069) x 8 0x0000003f
core   0: 0x80000b42 (0x4117d513) srai    a0, a5, 17
core   0: 3 0x80000b42 (0x4117d513) x10 0xffffc001
core   0: 0x80000b46 (0x00f09693) slli    a3, ra, 15
core   0: 3 0x80000b46 (0x00f09693) x13 0xffff8000
core   0: 0x80000b4a (0xf7f10a03) lb      s4, -129(sp)
core   0: 3 0x80000b4a (0xf7f10a03) x20 0xffffff83 mem 0x8001f789
core   0: 0x80000b4e (0x10f14303) lbu     t1, 271(sp)
core   0: 3 0x80000b4e (0x10f14303) x 6 0x000000c9 mem 0x8001f919
core   0: 0x80000b52 (0xe2211f83) lh      t6, -478(sp)
core   0: 3 0x80000b52 (0xe2211f83) x31 0xffff819c mem 0x8001f62c
core   0: 0x80000b56 (0x02d23933) mulhu   s2, tp, a3
core   0: 3 0x80000b56 (0x02d23933) x18 0x00000000
core   0: 0x80000b5a (0x7ce14583) lbu     a1, 1998(sp)
core   0: 3 0x80000b5a (0x7ce14583) x11 0x000000f3 mem 0x8001ffd8
core   0: 0x80000b5e (0x03be9cb3) mulh    s9, t4, s11
core   0: 3 0x80000b5e (0x03be9cb3) x25 0x00000000
core   0: 0x80000b62 (0x00008de5) c.and   a1, s1
core   0: 3 0x80000b62 (0x8de5) x11 0x00000000
core   0: 0x80000b64 (0x6af10583) lb      a1, 1711(sp)
core   0: 3 0x80000b64 (0x6af10583) x11 0xffffff83 mem 0x8001feb9
core   0: 0x80000b68 (0x00016417) auipc   s0, 0x16
core   0: 3 0x80000b68 (0x00016417) x 8 0x80016b68
core   0: 0x80000b6c (0xa2340413) addi    s0, s0, -1501
core   0: 3 0x80000b6c (0xa2340413) x 8 0x8001658b
core   0: 0x80000b70 (0x00f59213) slli    tp, a1, 15
core   0: 3 0x80000b70 (0x00f59213) x 4 0xffc18000
core   0: 0x80000b74 (0xa2434f93) xori    t6, t1, -1500
core   0: 3 0x80000b74 (0xa2434f93) x31 0xfffffaed
core   0: 0x80000b78 (0x000086fe) c.mv    a3, t6
core   0: 3 0x80000b78 (0x86fe) x13 0xfffffaed
core   0: 0x80000b7a (0x00e407a3) sb      a4, 15(s0)
core   0: 3 0x80000b7a (0x00e407a3) mem 0x8001659a 0x73
core   0: 0x80000b7e (0x02d69fb3) mulh    t6, a3, a3
core   0: 3 0x80000b7e (0x02d69fb3) x31 0x00000000
core   0: 0x80000b82 (0xff340583) lb      a1, -13(s0)
core   0: 3 0x80000b82 (0xff340583) x11 0x00000059 mem 0x8001657e
core   0: 0x80000b86 (0x02bfa5b3) mulhsu  a1, t6, a1
core   0: 3 0x80000b86 (0x02bfa5b3) x11 0x00000000
core   0: 0x80000b8a (0x00e407a3) sb      a4, 15(s0)
core   0: 3 0x80000b8a (0x00e407a3) mem 0x8001659a 0x73
core   0: 0x80000b8e (0xff540583) lb      a1, -11(s0)
core   0: 3 0x80000b8e (0xff540583) x11 0xffffffd0 mem 0x80016580
core   0: 0x80000b92 (0x01c31f93) slli    t6, t1, 28
core   0: 3 0x80000b92 (0x01c31f93) x31 0x90000000
core   0: 0x80000b96 (0x00d40323) sb      a3, 6(s0)
core   0: 3 0x80000b96 (0x00d40323) mem 0x80016591 0xed
core   0: 0x80000b9a (0x00640203) lb      tp, 6(s0)
core   0: 3 0x80000b9a (0x00640203) x 4 0xffffffed mem 0x80016591
core   0: 0x80000b9e (0x00040583) lb      a1, 0(s0)
core   0: 3 0x80000b9e (0x00040583) x11 0x0000003f mem 0x8001658b
core   0: 0x80000ba2 (0x00440723) sb      tp, 14(s0)
core   0: 3 0x80000ba2 (0x00440723) mem 0x80016599 0xed
core   0: 0x80000ba6 (0x00741203) lh      tp, 7(s0)
core   0: 3 0x80000ba6 (0x00741203) x 4 0x00006cfd mem 0x80016592
core   0: 0x80000baa (0x00b41583) lh      a1, 11(s0)
core   0: 3 0x80000baa (0x00b41583) x11 0x00002e2f mem 0x80016596
core   0: 0x80000bae (0xff144683) lbu     a3, -15(s0)
core   0: 3 0x80000bae (0xff144683) x13 0x00000001 mem 0x8001657c
core   0: 0x80000bb2 (0xfee418a3) sh      a4, -15(s0)
core   0: 3 0x80000bb2 (0xfee418a3) mem 0x8001657c 0x0a73
core   0: 0x80000bb6 (0xffb40703) lb      a4, -5(s0)
core   0: 3 0x80000bb6 (0xffb40703) x14 0xffffffea mem 0x80016586
core   0: 0x80000bba (0xff140f83) lb      t6, -15(s0)
core   0: 3 0x80000bba (0xff140f83) x31 0x00000073 mem 0x8001657c
core   0: 0x80000bbe (0x00ef85b3) add     a1, t6, a4
core   0: 3 0x80000bbe (0x00ef85b3) x11 0x0000005d
core   0: 0x80000bc2 (0x00a40683) lb      a3, 10(s0)
core   0: 3 0x80000bc2 (0x00a40683) x13 0x00000063 mem 0x80016595
core   0: 0x80000bc6 (0x00676333) or      t1, a4, t1
core   0: 3 0x80000bc6 (0x00676333) x 6 0xffffffeb
core   0: 0x80000bca (0xffb45303) lhu     t1, -5(s0)
core   0: 3 0x80000bca (0xffb45303) x 6 0x00009eea mem 0x80016586
core   0: 0x80000bce (0x0246c733) div     a4, a3, tp
core   0: 3 0x80000bce (0x0246c733) x14 0x00000000
core   0: 0x80000bd2 (0x00240303) lb      t1, 2(s0)
core   0: 3 0x80000bd2 (0x00240303) x 6 0x00000001 mem 0x8001658d
core   0: 0x80000bd6 (0xff844203) lbu     tp, -8(s0)
core   0: 3 0x80000bd6 (0xff844203) x 4 0x000000ce mem 0x80016583
core   0: 0x80000bda (0x00f41f83) lh      t6, 15(s0)
core   0: 3 0x80000bda (0x00f41f83) x31 0xffffce73 mem 0x8001659a
core   0: 0x80000bde (0x00008371) c.srli  a4, 28
core   0: 3 0x80000bde (0x8371) x14 0x00000000
core   0: 0x80000be0 (0x00b336b3) sltu    a3, t1, a1
core   0: 3 0x80000be0 (0x00b336b3) x13 0x00000001
core   0: 0x80000be4 (0x00b40823) sb      a1, 16(s0)
core   0: 3 0x80000be4 (0x00b40823) mem 0x8001659b 0x5d
core   0: 0x80000be8 (0x00535713) srli    a4, t1, 5
core   0: 3 0x80000be8 (0x00535713) x14 0x00000000
core   0: 0x80000bec (0x00008771) c.srai  a4, 28
core   0: 3 0x80000bec (0x8771) x14 0x00000000
core   0: 0x80000bee (0x00421733) sll     a4, tp, tp
core   0: 3 0x80000bee (0x00421733) x14 0x00338000
core   0: 0x80000bf2 (0xfff44683) lbu     a3, -1(s0)
core   0: 3 0x80000bf2 (0xfff44683) x13 0x0000009a mem 0x8001658a
core   0: 0x80000bf6 (0xfed40f23) sb      a3, -2(s0)
core   0: 3 0x80000bf6 (0xfed40f23) mem 0x80016589 0x9a
core   0: 0x80000bfa (0xff244583) lbu     a1, -14(s0)
core   0: 3 0x80000bfa (0xff244583) x11 0x0000000a mem 0x8001657d
core   0: 0x80000bfe (0x006fb333) sltu    t1, t6, t1
core   0: 3 0x80000bfe (0x006fb333) x 6 0x00000000
core   0: 0x80000c02 (0x01f326b3) slt     a3, t1, t6
core   0: 3 0x80000c02 (0x01f326b3) x13 0x00000000
core   0: 0x80000c06 (0xff040683) lb      a3, -16(s0)
core   0: 3 0x80000c06 (0xff040683) x13 0x00000053 mem 0x8001657b
core   0: 0x80000c0a (0xff140583) lb      a1, -15(s0)
core   0: 3 0x80000c0a (0xff140583) x11 0x00000073 mem 0x8001657c
core   0: 0x80000c0e (0x0305a713) slti    a4, a1, 48
core   0: 3 0x80000c0e (0x0305a713) x14 0x00000000
core   0: 0x80000c12 (0x00000001) c.nop
core   0: 3 0x80000c12 (0x0001)
core   0: 0x80000c14 (0xb1d366b7) lui     a3, 0xb1d36
core   0: 3 0x80000c14 (0xb1d366b7) x13 0xb1d36000
core   0: 0x80000c18 (0x00d59fb3) sll     t6, a1, a3
core   0: 3 0x80000c18 (0x00d59fb3) x31 0x00000073
core   0: 0x80000c1c (0xff58c717) auipc   a4, 0xff58c
core   0: 3 0x80000c1c (0xff58c717) x14 0x7f58cc1c
core   0: 0x80000c20 (0xdfb5cf93) xori    t6, a1, -517
core   0: 3 0x80000c20 (0xdfb5cf93) x31 0xfffffd88
core   0: 0x80000c24 (0xfe641da3) sh      t1, -5(s0)
core   0: 3 0x80000c24 (0xfe641da3) mem 0x80016586 0x0000
core   0: 0x80000c28 (0xb2b20f93) addi    t6, tp, -1237
core   0: 3 0x80000c28 (0xb2b20f93) x31 0xfffffbf9
core   0: 0x80000c2c (0x02d26233) rem     tp, tp, a3
core   0: 3 0x80000c2c (0x02d26233) x 4 0x000000ce
core   0: 0x80000c30 (0x00c44303) lbu     t1, 12(s0)
core   0: 3 0x80000c30 (0x00c44303) x 6 0x0000002e mem 0x80016597
core   0: 0x80000c34 (0x02d6d233) divu    tp, a3, a3
core   0: 3 0x80000c34 (0x02d6d233) x 4 0x00000001
core   0: 0x80000c38 (0x00000001) c.nop
core   0: 3 0x80000c38 (0x0001)
core   0: 0x80000c3a (0x00040303) lb      t1, 0(s0)
core   0: 3 0x80000c3a (0x00040303) x 6 0x0000003f mem 0x8001658b
core   0: 0x80000c3e (0x00100593) li      a1, 1
core   0: 3 0x80000c3e (0x00100593) x11 0x00000001
core   0: 0x80000c42 (0xff200113) li      sp, -14
core   0: 3 0x80000c42 (0xff200113) x 2 0xfffffff2
core   0: 0x80000c46 (0x00000c12) c.slli  s8, 4
core   0: 3 0x80000c46 (0x0c12) x24 0xfffff9a0
core   0: 0x80000c48 (0x00009d32) c.add   s10, a2
core   0: 3 0x80000c48 (0x9d32) x26 0x0003abfb
core   0: 0x80000c4a (0x00000001) c.nop
core   0: 3 0x80000c4a (0x0001)
core   0: 0x80000c4c (0x000015ed) c.addi  a1, -5
core   0: 3 0x80000c4c (0x15ed) x11 0xfffffffc
core   0: 0x80000c4e (0xff600a93) li      s5, -10
core   0: 3 0x80000c4e (0xff600a93) x21 0xfffffff6
core   0: 0x80000c52 (0x00008f4d) c.or    a4, a1
core   0: 3 0x80000c52 (0x8f4d) x14 0xfffffffc
core   0: 0x80000c54 (0xffb00293) li      t0, -5
core   0: 3 0x80000c54 (0xffb00293) x 5 0xfffffffb
core   0: 0x80000c58 (0x0000831a) c.mv    t1, t1
core   0: 3 0x80000c58 (0x831a) x 6 0x0000003f
core   0: 0x80000c5a (0x00000a8d) c.addi  s5, 3
core   0: 3 0x80000c5a (0x0a8d) x21 0xfffffff9
core   0: 0x80000c5c (0x00024a33) xor     s4, tp, zero
core   0: 3 0x80000c5c (0x00024a33) x20 0x00000001
core   0: 0x80000c60 (0xfe5acce3) blt     s5, t0, pc - 8
core   0: 3 0x80000c60 (0xfe5acce3)
core   0: 0x80000c58 (0x0000831a) c.mv    t1, t1
core   0: 3 0x80000c58 (0x831a) x 6 0x0000003f
core   0: 0x80000c5a (0x00000a8d) c.addi  s5, 3
core   0: 3 0x80000c5a (0x0a8d) x21 0xfffffffc
core   0: 0x80000c5c (0x00024a33) xor     s4, tp, zero
core   0: 3 0x80000c5c (0x00024a33) x20 0x00000001
core   0: 0x80000c60 (0xfe5acce3) blt     s5, t0, pc - 8
core   0: 3 0x80000c60 (0xfe5acce3)
core   0: 0x80000c64 (0x00008eb1) c.xor   a3, a2
core   0: 3 0x80000c64 (0x8eb1) x13 0x31d1fce4
core   0: 0x80000c66 (0xfe25d1e3) bge     a1, sp, pc - 30
core   0: 3 0x80000c66 (0xfe25d1e3)
core   0: 0x80000c48 (0x00009d32) c.add   s10, a2
core   0: 3 0x80000c48 (0x9d32) x26 0x800648df
core   0: 0x80000c4a (0x00000001) c.nop
core   0: 3 0x80000c4a (0x0001)
core   0: 0x80000c4c (0x000015ed) c.addi  a1, -5
core   0: 3 0x80000c4c (0x15ed) x11 0xfffffff7
core   0: 0x80000c4e (0xff600a93) li      s5, -10
core   0: 3 0x80000c4e (0xff600a93) x21 0xfffffff6
core   0: 0x80000c52 (0x00008f4d) c.or    a4, a1
core   0: 3 0x80000c52 (0x8f4d) x14 0xffffffff
core   0: 0x80000c54 (0xffb00293) li      t0, -5
core   0: 3 0x80000c54 (0xffb00293) x 5 0xfffffffb
core   0: 0x80000c58 (0x0000831a) c.mv    t1, t1
core   0: 3 0x80000c58 (0x831a) x 6 0x0000003f
core   0: 0x80000c5a (0x00000a8d) c.addi  s5, 3
core   0: 3 0x80000c5a (0x0a8d) x21 0xfffffff9
core   0: 0x80000c5c (0x00024a33) xor     s4, tp, zero
core   0: 3 0x80000c5c (0x00024a33) x20 0x00000001
core   0: 0x80000c60 (0xfe5acce3) blt     s5, t0, pc - 8
core   0: 3 0x80000c60 (0xfe5acce3)
core   0: 0x80000c58 (0x0000831a) c.mv    t1, t1
core   0: 3 0x80000c58 (0x831a) x 6 0x0000003f
core   0: 0x80000c5a (0x00000a8d) c.addi  s5, 3
core   0: 3 0x80000c5a (0x0a8d) x21 0xfffffffc
core   0: 0x80000c5c (0x00024a33) xor     s4, tp, zero
core   0: 3 0x80000c5c (0x00024a33) x20 0x00000001
core   0: 0x80000c60 (0xfe5acce3) blt     s5, t0, pc - 8
core   0: 3 0x80000c60 (0xfe5acce3)
core   0: 0x80000c64 (0x00008eb1) c.xor   a3, a2
core   0: 3 0x80000c64 (0x8eb1) x13 0xb1d36000
core   0: 0x80000c66 (0xfe25d1e3) bge     a1, sp, pc - 30
core   0: 3 0x80000c66 (0xfe25d1e3)
core   0: 0x80000c48 (0x00009d32) c.add   s10, a2
core   0: 3 0x80000c48 (0x9d32) x26 0x0008e5c3
core   0: 0x80000c4a (0x00000001) c.nop
core   0: 3 0x80000c4a (0x0001)
core   0: 0x80000c4c (0x000015ed) c.addi  a1, -5
core   0: 3 0x80000c4c (0x15ed) x11 0xfffffff2
core   0: 0x80000c4e (0xff600a93) li      s5, -10
core   0: 3 0x80000c4e (0xff600a93) x21 0xfffffff6
core   0: 0x80000c52 (0x00008f4d) c.or    a4, a1
core   0: 3 0x80000c52 (0x8f4d) x14 0xffffffff
core   0: 0x80000c54 (0xffb00293) li      t0, -5
core   0: 3 0x80000c54 (0xffb00293) x 5 0xfffffffb
core   0: 0x80000c58 (0x0000831a) c.mv    t1, t1
core   0: 3 0x80000c58 (0x831a) x 6 0x0000003f
core   0: 0x80000c5a (0x00000a8d) c.addi  s5, 3
core   0: 3 0x80000c5a (0x0a8d) x21 0xfffffff9
core   0: 0x80000c5c (0x00024a33) xor     s4, tp, zero
core   0: 3 0x80000c5c (0x00024a33) x20 0x00000001
core   0: 0x80000c60 (0xfe5acce3) blt     s5, t0, pc - 8
core   0: 3 0x80000c60 (0xfe5acce3)
core   0: 0x80000c58 (0x0000831a) c.mv    t1, t1
core   0: 3 0x80000c58 (0x831a) x 6 0x0000003f
core   0: 0x80000c5a (0x00000a8d) c.addi  s5, 3
core   0: 3 0x80000c5a (0x0a8d) x21 0xfffffffc
core   0: 0x80000c5c (0x00024a33) xor     s4, tp, zero
core   0: 3 0x80000c5c (0x00024a33) x20 0x00000001
core   0: 0x80000c60 (0xfe5acce3) blt     s5, t0, pc - 8
core   0: 3 0x80000c60 (0xfe5acce3)
core   0: 0x80000c64 (0x00008eb1) c.xor   a3, a2
core   0: 3 0x80000c64 (0x8eb1) x13 0x31d1fce4
core   0: 0x80000c66 (0xfe25d1e3) bge     a1, sp, pc - 30
core   0: 3 0x80000c66 (0xfe25d1e3)
core   0: 0x80000c48 (0x00009d32) c.add   s10, a2
core   0: 3 0x80000c48 (0x9d32) x26 0x800b82a7
core   0: 0x80000c4a (0x00000001) c.nop
core   0: 3 0x80000c4a (0x0001)
core   0: 0x80000c4c (0x000015ed) c.addi  a1, -5
core   0: 3 0x80000c4c (0x15ed) x11 0xffffffed
core   0: 0x80000c4e (0xff600a93) li      s5, -10
core   0: 3 0x80000c4e (0xff600a93) x21 0xfffffff6
core   0: 0x80000c52 (0x00008f4d) c.or    a4, a1
core   0: 3 0x80000c52 (0x8f4d) x14 0xffffffff
core   0: 0x80000c54 (0xffb00293) li      t0, -5
core   0: 3 0x80000c54 (0xffb00293) x 5 0xfffffffb
core   0: 0x80000c58 (0x0000831a) c.mv    t1, t1
core   0: 3 0x80000c58 (0x831a) x 6 0x0000003f
core   0: 0x80000c5a (0x00000a8d) c.addi  s5, 3
core   0: 3 0x80000c5a (0x0a8d) x21 0xfffffff9
core   0: 0x80000c5c (0x00024a33) xor     s4, tp, zero
core   0: 3 0x80000c5c (0x00024a33) x20 0x00000001
core   0: 0x80000c60 (0xfe5acce3) blt     s5, t0, pc - 8
core   0: 3 0x80000c60 (0xfe5acce3)
core   0: 0x80000c58 (0x0000831a) c.mv    t1, t1
core   0: 3 0x80000c58 (0x831a) x 6 0x0000003f
core   0: 0x80000c5a (0x00000a8d) c.addi  s5, 3
core   0: 3 0x80000c5a (0x0a8d) x21 0xfffffffc
core   0: 0x80000c5c (0x00024a33) xor     s4, tp, zero
core   0: 3 0x80000c5c (0x00024a33) x20 0x00000001
core   0: 0x80000c60 (0xfe5acce3) blt     s5, t0, pc - 8
core   0: 3 0x80000c60 (0xfe5acce3)
core   0: 0x80000c64 (0x00008eb1) c.xor   a3, a2
core   0: 3 0x80000c64 (0x8eb1) x13 0xb1d36000
core   0: 0x80000c66 (0xfe25d1e3) bge     a1, sp, pc - 30
core   0: 3 0x80000c66 (0xfe25d1e3)
core   0: 0x80000c6a (0x000053fd) c.li    t2, -1
core   0: 3 0x80000c6a (0x53fd) x 7 0xffffffff
core   0: 0x80000c6c (0x00010c97) auipc   s9, 0x10
core   0: 3 0x80000c6c (0x00010c97) x25 0x80010c6c
core   0: 0x80000c70 (0x889c8c93) addi    s9, s9, -1911
core   0: 3 0x80000c70 (0x889c8c93) x25 0x800104f5
core   0: 0x80000c74 (0xfd9c97a3) sh      s9, -49(s9)
core   0: 3 0x80000c74 (0xfd9c97a3) mem 0x800104c4 0x04f5
core   0: 0x80000c78 (0xf77c9ba3) sh      s7, -137(s9)
core   0: 3 0x80000c78 (0xf77c9ba3) mem 0x8001046c 0xffa6
core   0: 0x80000c7c (0xf28c8103) lb      sp, -216(s9)
core   0: 3 0x80000c7c (0xf28c8103) x 2 0xffffff9d mem 0x8001041d
core   0: 0x80000c80 (0xf2fc8423) sb      a5, -216(s9)
core   0: 3 0x80000c80 (0xf2fc8423) mem 0x8001041d 0x64
core   0: 0x80000c84 (0xf56c8683) lb      a3, -170(s9)
core   0: 3 0x80000c84 (0xf56c8683) x13 0xffffffc8 mem 0x8001044b
core   0: 0x80000c88 (0xf56cc483) lbu     s1, -170(s9)
core   0: 3 0x80000c88 (0xf56cc483) x 9 0x000000c8 mem 0x8001044b
core   0: 0x80000c8c (0x093c8c23) sb      s3, 152(s9)
core   0: 3 0x80000c8c (0x093c8c23) mem 0x8001058d 0x82
core   0: 0x80000c90 (0x00000269) c.addi  tp, 26
core   0: 3 0x80000c90 (0x0269) x 4 0x0000001b
core   0: 0x80000c92 (0x091c8c23) sb      a7, 152(s9)
core   0: 3 0x80000c92 (0x091c8c23) mem 0x8001058d 0x81
core   0: 0x80000c96 (0x098cc383) lbu     t2, 152(s9)
core   0: 3 0x80000c96 (0x098cc383) x 7 0x00000081 mem 0x8001058d
core   0: 0x80000c9a (0x0ff0000f) fence   iorw,iorw
core   0: 3 0x80000c9a (0x0ff0000f)
core   0: 0x80000c9e (0x047c8ea3) sb      t2, 93(s9)
core   0: 3 0x80000c9e (0x047c8ea3) mem 0x80010552 0x81
core   0: 0x80000ca2 (0x5b48f593) andi    a1, a7, 1460
core   0: 3 0x80000ca2 (0x5b48f593) x11 0x00000580
core   0: 0x80000ca6 (0x05dcca83) lbu     s5, 93(s9)
core   0: 3 0x80000ca6 (0x05dcca83) x21 0x00000081 mem 0x80010552
core   0: 0x80000caa (0xf0dc90a3) sh      a3, -255(s9)
core   0: 3 0x80000caa (0xf0dc90a3) mem 0x800103f6 0xffc8
core   0: 0x80000cae (0xf5fcdf03) lhu     t5, -161(s9)
core   0: 3 0x80000cae (0xf5fcdf03) x30 0x0000a7a8 mem 0x80010454
core   0: 0x80000cb2 (0x00015697) auipc   a3, 0x15
core   0: 3 0x80000cb2 (0x00015697) x13 0x80015cb2
core   0: 0x80000cb6 (0x10768693) addi    a3, a3, 263
core   0: 3 0x80000cb6 (0x10768693) x13 0x80015db9
core   0: 0x80000cba (0x50968223) sb      s1, 1284(a3)
core   0: 3 0x80000cba (0x50968223) mem 0x800162bd 0xc8
core   0: 0x80000cbe (0x4be68c83) lb      s9, 1214(a3)
core   0: 3 0x80000cbe (0x4be68c83) x25 0xffffff99 mem 0x80016277
core   0: 0x80000cc2 (0x4d156893) ori     a7, a0, 1233
core   0: 3 0x80000cc2 (0x4d156893) x17 0xffffc4d1
core   0: 0x80000cc6 (0x6db6a483) lw      s1, 1755(a3)
core   0: 3 0x80000cc6 (0x6db6a483) x 9 0x86a4b243 mem 0x80016494
core   0: 0x80000cca (0x09168623) sb      a7, 140(a3)
core   0: 3 0x80000cca (0x09168623) mem 0x80015e45 0xd1
core   0: 0x80000cce (0x00005c7d) c.li    s8, -1
core   0: 3 0x80000cce (0x5c7d) x24 0xffffffff
core   0: 0x80000cd0 (0xdd569403) lh      s0, -555(a3)
core   0: 3 0x80000cd0 (0xdd569403) x 8 0x00001215 mem 0x80015b8e
core   0: 0x80000cd4 (0x0000100f) fence.i
core   0: 3 0x80000cd4 (0x0000100f)
core   0: 0x80000cd8 (0xded68483) lb      s1, -531(a3)
core   0: 3 0x80000cd8 (0xded68483) x 9 0x00000079 mem 0x80015ba6
core   0: 0x80000cdc (0x7ff68883) lb      a7, 2047(a3)
core   0: 3 0x80000cdc (0x7ff68883) x17 0x0000001d mem 0x800165b8
core   0: 0x80000ce0 (0x029894b3) mulh    s1, a7, s1
core   0: 3 0x80000ce0 (0x029894b3) x 9 0x00000000
core   0: 0x80000ce4 (0xf1169403) lh      s0, -239(a3)
core   0: 3 0x80000ce4 (0xf1169403) x 8 0xffff9209 mem 0x80015cca
core   0: 0x80000ce8 (0xcaa686a3) sb      a0, -851(a3)
core   0: 3 0x80000ce8 (0xcaa686a3) mem 0x80015a66 0x1
core   0: 0x80000cec (0x68868ea3) sb      s0, 1693(a3)
core   0: 3 0x80000cec (0x68868ea3) mem 0x80016456 0x9
core   0: 0x80000cf0 (0x00008411) c.srai  s0, 4
core   0: 3 0x80000cf0 (0x8411) x 8 0xfffff920
core   0: 0x80000cf2 (0x0088c533) xor     a0, a7, s0
core   0: 3 0x80000cf2 (0x0088c533) x10 0xfffff93d
core   0: 0x80000cf6 (0xaf868423) sb      s8, -1304(a3)
core   0: 3 0x80000cf6 (0xaf868423) mem 0x800158a1 0xff
core   0: 0x80000cfa (0xd69696a3) sh      s1, -659(a3)
core   0: 3 0x80000cfa (0xd69696a3) mem 0x80015b26 0x0000
core   0: 0x80000cfe (0x00009522) c.add   a0, s0
core   0: 3 0x80000cfe (0x9522) x10 0xfffff25d
core   0: 0x80000d00 (0x0ff0000f) fence   iorw,iorw
core   0: 3 0x80000d00 (0x0ff0000f)
core   0: 0x80000d04 (0x00008575) c.srai  a0, 29
core   0: 3 0x80000d04 (0x8575) x10 0xffffffff
core   0: 0x80000d06 (0x0188f8b3) and     a7, a7, s8
core   0: 3 0x80000d06 (0x0188f8b3) x17 0x0000001d
core   0: 0x80000d0a (0x009c5cb3) srl     s9, s8, s1
core   0: 3 0x80000d0a (0x009c5cb3) x25 0xffffffff
core   0: 0x80000d0e (0xa4969503) lh      a0, -1463(a3)
core   0: 3 0x80000d0e (0xa4969503) x10 0xffff83d6 mem 0x80015802
core   0: 0x80000d12 (0x031524b3) mulhsu  s1, a0, a7
core   0: 3 0x80000d12 (0x031524b3) x 9 0xffffffff
core   0: 0x80000d16 (0x3ff6c503) lbu     a0, 1023(a3)
core   0: 3 0x80000d16 (0x3ff6c503) x10 0x00000081 mem 0x800161b8
core   0: 0x80000d1a (0x0000157d) c.addi  a0, -1
core   0: 3 0x80000d1a (0x157d) x10 0x00000080
core   0: 0x80000d1c (0x2768c893) xori    a7, a7, 630
core   0: 3 0x80000d1c (0x2768c893) x17 0x0000026b
core   0: 0x80000d20 (0x019c38b3) sltu    a7, s8, s9
core   0: 3 0x80000d20 (0x019c38b3) x17 0x00000000
core   0: 0x80000d24 (0x00008c69) c.and   s0, a0
core   0: 3 0x80000d24 (0x8c69) x 8 0x00000000
core   0: 0x80000d26 (0x2e8696a3) sh      s0, 749(a3)
core   0: 3 0x80000d26 (0x2e8696a3) mem 0x800160a6 0x0000
core   0: 0x80000d2a (0x90868da3) sb      s0, -1765(a3)
core   0: 3 0x80000d2a (0x90868da3) mem 0x800156d4 0x0
core   0: 0x80000d2e (0x25f6cc03) lbu     s8, 607(a3)
core   0: 3 0x80000d2e (0x25f6cc03) x24 0x00000060 mem 0x80016018
core   0: 0x80000d32 (0x01851533) sll     a0, a0, s8
core   0: 3 0x80000d32 (0x01851533) x10 0x00000080
core   0: 0x80000d36 (0x0088c8b3) xor     a7, a7, s0
core   0: 3 0x80000d36 (0x0088c8b3) x17 0x00000000
core   0: 0x80000d3a (0x24068503) lb      a0, 576(a3)
core   0: 3 0x80000d3a (0x24068503) x10 0xffffffe0 mem 0x80015ff9
core   0: 0x80000d3e (0x8c56dc03) lhu     s8, -1851(a3)
core   0: 3 0x80000d3e (0x8c56dc03) x24 0x0000f171 mem 0x8001567e
core   0: 0x80000d42 (0x01955533) srl     a0, a0, s9
core   0: 3 0x80000d42 (0x01955533) x10 0x00000001
core   0: 0x80000d46 (0xe176a883) lw      a7, -489(a3)
core   0: 3 0x80000d46 (0xe176a883) x17 0x1382cfd2 mem 0x80015bd0
core   0: 0x80000d4a (0x00a4b8b3) sltu    a7, s1, a0
core   0: 3 0x80000d4a (0x00a4b8b3) x17 0x00000000
core   0: 0x80000d4e (0x519685a3) sb      s9, 1291(a3)
core   0: 3 0x80000d4e (0x519685a3) mem 0x800162c4 0xff
core   0: 0x80000d52 (0x46b6a483) lw      s1, 1131(a3)
core   0: 3 0x80000d52 (0x46b6a483) x 9 0xd1465f21 mem 0x80016224
core   0: 0x80000d56 (0x0314b433) mulhu   s0, s1, a7
core   0: 3 0x80000d56 (0x0314b433) x 8 0x00000000
core   0: 0x80000d5a (0x000088a2) c.mv    a7, s0
core   0: 3 0x80000d5a (0x88a2) x17 0x00000000
core   0: 0x80000d5c (0x00000001) c.nop
core   0: 3 0x80000d5c (0x0001)
core   0: 0x80000d5e (0x0000987d) c.andi  s0, -1
core   0: 3 0x80000d5e (0x987d) x 8 0x00000000
core   0: 0x80000d60 (0xfd168623) sb      a7, -52(a3)
core   0: 3 0x80000d60 (0xfd168623) mem 0x80015d85 0x0
core   0: 0x80000d64 (0x22968923) sb      s1, 562(a3)
core   0: 3 0x80000d64 (0x22968923) mem 0x80015feb 0x21
core   0: 0x80000d68 (0x00889433) sll     s0, a7, s0
core   0: 3 0x80000d68 (0x00889433) x 8 0x00000000
core   0: 0x80000d6c (0x9e968823) sb      s1, -1552(a3)
core   0: 3 0x80000d6c (0x9e968823) mem 0x800157a9 0x21
core   0: 0x80000d70 (0x00018897) auipc   a7, 0x18
core   0: 3 0x80000d70 (0x00018897) x17 0x80018d70
core   0: 0x80000d74 (0xe0088893) addi    a7, a7, -512
core   0: 3 0x80000d74 (0xe0088893) x17 0x80018b70
core   0: 0x80000d78 (0x0000f117) auipc   sp, 0xf
core   0: 3 0x80000d78 (0x0000f117) x 2 0x8000fd78
core   0: 0x80000d7c (0x5a010113) addi    sp, sp, 1440
core   0: 3 0x80000d7c (0x5a010113) x 2 0x80010318
core   0: 0x80000d80 (0x4d489d23) sh      s4, 1242(a7)
core   0: 3 0x80000d80 (0x4d489d23) mem 0x8001904a 0x0001
core   0: 0x80000d84 (0x4c08ac23) sw      zero, 1240(a7)
core   0: 3 0x80000d84 (0x4c08ac23) mem 0x80019048 0x00000000
core   0: 0x80000d88 (0xfc610fa3) sb      t1, -33(sp)
core   0: 3 0x80000d88 (0xfc610fa3) mem 0x800102f7 0x3f
core   0: 0x80000d8c (0x53588923) sb      s5, 1330(a7)
core   0: 3 0x80000d8c (0x53588923) mem 0x800190a2 0x81
core   0: 0x80000d90 (0x00004462) c.lwsp  s0, 24(sp)
core   0: 3 0x80000d90 (0x4462) x 8 0x87e7150a mem 0x80010330
core   0: 0x80000d92 (0x60488423) sb      tp, 1544(a7)
core   0: 3 0x80000d92 (0x60488423) mem 0x80019178 0x1b
core   0: 0x80000d96 (0x0000d60a) c.swsp  sp, 44(sp)
core   0: 3 0x80000d96 (0xd60a) mem 0x80010344 0x80010318
core   0: 0x80000d98 (0x31d8c583) lbu     a1, 797(a7)
core   0: 3 0x80000d98 (0x31d8c583) x11 0x0000004c mem 0x80018e8d
core   0: 0x80000d9c (0x01b14583) lbu     a1, 27(sp)
core   0: 3 0x80000d9c (0x01b14583) x11 0x00000087 mem 0x80010333
core   0: 0x80000da0 (0x2b08c403) lbu     s0, 688(a7)
core   0: 3 0x80000da0 (0x2b08c403) x 8 0x000000bb mem 0x80018e20
core   0: 0x80000da4 (0xff510683) lb      a3, -11(sp)
core   0: 3 0x80000da4 (0xff510683) x13 0xffffffb0 mem 0x8001030d
core   0: 0x80000da8 (0xfc910323) sb      s1, -58(sp)
core   0: 3 0x80000da8 (0xfc910323) mem 0x800102de 0x21
core   0: 0x80000dac (0xff710703) lb      a4, -9(sp)
core   0: 3 0x80000dac (0xff710703) x14 0xffffff88 mem 0x8001030f
core   0: 0x80000db0 (0x71a8aa23) sw      s10, 1812(a7)
core   0: 3 0x80000db0 (0x71a8aa23) mem 0x80019284 0x800b82a7
core   0: 0x80000db4 (0xfd510d03) lb      s10, -43(sp)
core   0: 3 0x80000db4 (0xfd510d03) x26 0xffffffed mem 0x800102ed
core   0: 0x80000db8 (0x00010997) auipc   s3, 0x10
core   0: 3 0x80000db8 (0x00010997) x19 0x80010db8
core   0: 0x80000dbc (0x8c998993) addi    s3, s3, -1847
core   0: 3 0x80000dbc (0x8c998993) x19 0x80010681
core   0: 0x80000dc0 (0xfee98683) lb      a3, -18(s3)
core   0: 3 0x80000dc0 (0xfee98683) x13 0xffffffad mem 0x8001066f
core   0: 0x80000dc4 (0x0159d003) lhu     zero, 21(s3)
core   0: 3 0x80000dc4 (0x0159d003) mem 0x80010696
core   0: 0x80000dc8 (0x00000300) c.addi4spn s0, sp, 384
core   0: 3 0x80000dc8 (0x0300) x 8 0x80010498
core   0: 0x80000dca (0x019997a3) sh      s9, 15(s3)
core   0: 3 0x80000dca (0x019997a3) mem 0x80010690 0xffff
core   0: 0x80000dce (0x00009222) c.add   tp, s0
core   0: 3 0x80000dce (0x9222) x 4 0x800104b3
core   0: 0x80000dd0 (0x0369cb03) lbu     s6, 54(s3)
core   0: 3 0x80000dd0 (0x0369cb03) x22 0x00000048 mem 0x800106b7
core   0: 0x80000dd4 (0x0000024a) c.slli  tp, 18
core   0: 3 0x80000dd4 (0x024a) x 4 0x12cc0000
core   0: 0x80000dd6 (0xff49c403) lbu     s0, -12(s3)
core   0: 3 0x80000dd6 (0xff49c403) x 8 0x00000012 mem 0x80010675
core   0: 0x80000dda (0xfc798003) lb      zero, -57(s3)
core   0: 3 0x80000dda (0xfc798003) mem 0x80010648
core   0: 0x80000dde (0x017b82b3) add     t0, s7, s7
core   0: 3 0x80000dde (0x017b82b3) x 5 0xffffff4c
core   0: 0x80000de2 (0xfc999e03) lh      t3, -55(s3)
core   0: 3 0x80000de2 (0xfc999e03) x28 0x000065cf mem 0x8001064a
core   0: 0x80000de6 (0x000a2db3) slt     s11, s4, zero
core   0: 3 0x80000de6 (0x000a2db3) x27 0x00000000
core   0: 0x80000dea (0xfe39c903) lbu     s2, -29(s3)
core   0: 3 0x80000dea (0xfe39c903) x18 0x00000035 mem 0x80010664
core   0: 0x80000dee (0x000011fd) c.addi  gp, -1
core   0: 3 0x80000dee (0x11fd) x 3 0x80000ad5
core   0: 0x80000df0 (0x40438e33) sub     t3, t2, tp
core   0: 3 0x80000df0 (0x40438e33) x28 0xed340081
core   0: 0x80000df4 (0xfc49cb83) lbu     s7, -60(s3)
core   0: 3 0x80000df4 (0xfc49cb83) x23 0x00000045 mem 0x80010645
core   0: 0x80000df8 (0xfc69cc83) lbu     s9, -58(s3)
core   0: 3 0x80000df8 (0xfc69cc83) x25 0x000000a9 mem 0x80010647
core   0: 0x80000dfc (0xfcb9a383) lw      t2, -53(s3)
core   0: 3 0x80000dfc (0xfcb9a383) x 7 0xf788e910 mem 0x8001064c
core   0: 0x80000e00 (0xec6ec713) xori    a4, t4, -314
core   0: 3 0x80000e00 (0xec6ec713) x14 0xfffffec6
core   0: 0x80000e04 (0x011b9713) slli    a4, s7, 17
core   0: 3 0x80000e04 (0x011b9713) x14 0x008a0000
core   0: 0x80000e08 (0x017df5b3) and     a1, s11, s7
core   0: 3 0x80000e08 (0x017df5b3) x11 0x00000000
core   0: 0x80000e0c (0x0000100f) fence.i
core   0: 3 0x80000e0c (0x0000100f)
core   0: 0x80000e10 (0x029990a3) sh      s1, 33(s3)
core   0: 3 0x80000e10 (0x029990a3) mem 0x800106a2 0x5f21
core   0: 0x80000e14 (0x00b998a3) sh      a1, 17(s3)
core   0: 3 0x80000e14 (0x00b998a3) mem 0x80010692 0x0000
core   0: 0x80000e18 (0x01799303) lh      t1, 23(s3)
core   0: 3 0x80000e18 (0x01799303) x 6 0xffffcba0 mem 0x80010698
core   0: 0x80000e1c (0xff998823) sb      s9, -16(s3)
core   0: 3 0x80000e1c (0xff998823) mem 0x80010671 0xa9
core   0: 0x80000e20 (0x000048bd) c.li    a7, 15
core   0: 3 0x80000e20 (0x48bd) x17 0x0000000f
core   0: 0x80000e22 (0x0ff0000f) fence   iorw,iorw
core   0: 3 0x80000e22 (0x0ff0000f)
core   0: 0x80000e26 (0xfe098423) sb      zero, -24(s3)
core   0: 3 0x80000e26 (0xfe098423) mem 0x80010669 0x0
core   0: 0x80000e2a (0x0209c583) lbu     a1, 32(s3)
core   0: 3 0x80000e2a (0x0209c583) x11 0x000000d9 mem 0x800106a1
core   0: 0x80000e2e (0x41ec5093) srai    ra, s8, 30
core   0: 3 0x80000e2e (0x41ec5093) x 1 0x00000000
core   0: 0x80000e32 (0xbfa3e213) ori     tp, t2, -1030
core   0: 3 0x80000e32 (0xbfa3e213) x 4 0xfffffbfa
core   0: 0x80000e36 (0x580b4413) xori    s0, s6, 1408
core   0: 3 0x80000e36 (0x580b4413) x 8 0x000005c8
core   0: 0x80000e3a (0x00009b96) c.add   s7, t0
core   0: 3 0x80000e3a (0x9b96) x23 0xffffff91
core   0: 0x80000e3c (0x01a99ea3) sh      s10, 29(s3)
core   0: 3 0x80000e3c (0x01a99ea3) mem 0x8001069e 0xffed
core   0: 0x80000e40 (0x0159cb83) lbu     s7, 21(s3)
core   0: 3 0x80000e40 (0x0159cb83) x23 0x000000e8 mem 0x80010696
core   0: 0x80000e44 (0xfd999183) lh      gp, -39(s3)
core   0: 3 0x80000e44 (0xfd999183) x 3 0xfffff50b mem 0x8001065a
core   0: 0x80000e48 (0x00008c65) c.and   s0, s1
core   0: 3 0x80000e48 (0x8c65) x 8 0x00000500
core   0: 0x80000e4a (0xfca98423) sb      a0, -56(s3)
core   0: 3 0x80000e4a (0xfca98423) mem 0x80010649 0x1
core   0: 0x80000e4e (0x00008f35) c.xor   a4, a3
core   0: 3 0x80000e4e (0x8f35) x14 0xff75ffad
core   0: 0x80000e50 (0x00b9a003) lw      zero, 11(s3)
core   0: 3 0x80000e50 (0x00b9a003) mem 0x8001068c
core   0: 0x80000e54 (0xa85bfd93) andi    s11, s7, -1403
core   0: 3 0x80000e54 (0xa85bfd93) x27 0x00000080
core   0: 0x80000e58 (0x01d91313) slli    t1, s2, 29
core   0: 3 0x80000e58 (0x01d91313) x 6 0xa0000000
core   0: 0x80000e5c (0x0279de03) lhu     t3, 39(s3)
core   0: 3 0x80000e5c (0x0279de03) x28 0x000013d7 mem 0x800106a8
core   0: 0x80000e60 (0x0289c083) lbu     ra, 40(s3)
core   0: 3 0x80000e60 (0x0289c083) x 1 0x00000013 mem 0x800106a9
core   0: 0x80000e64 (0x00e98b23) sb      a4, 22(s3)
core   0: 3 0x80000e64 (0x00e98b23) mem 0x80010697 0xad
core   0: 0x80000e68 (0xfb4b6393) ori     t2, s6, -76
core   0: 3 0x80000e68 (0xfb4b6393) x 7 0xfffffffc
core   0: 0x80000e6c (0x02698423) sb      t1, 40(s3)
core   0: 3 0x80000e6c (0x02698423) mem 0x800106a9 0x0
core   0: 0x80000e70 (0x03a82733) mulhsu  a4, a6, s10
core   0: 3 0x80000e70 (0x03a82733) x14 0xffffffed
core   0: 0x80000e74 (0x000018fd) c.addi  a7, -1
core   0: 3 0x80000e74 (0x18fd) x17 0x0000000e
core   0: 0x80000e76 (0x03d9d403) lhu     s0, 61(s3)
core   0: 3 0x80000e76 (0x03d9d403) x 8 0x0000b725 mem 0x800106be
core   0: 0x80000e7a (0xff99c303) lbu     t1, -7(s3)
core   0: 3 0x80000e7a (0xff99c303) x 6 0x00000010 mem 0x8001067a
core   0: 0x80000e7e (0xfda997a3) sh      s10, -49(s3)
core   0: 3 0x80000e7e (0xfda997a3) mem 0x80010650 0xffed
core   0: 0x80000e82 (0x00015d17) auipc   s10, 0x15
core   0: 3 0x80000e82 (0x00015d17) x26 0x80015e82
core   0: 0x80000e86 (0x9f7d0d13) addi    s10, s10, -1545
core   0: 3 0x80000e86 (0x9f7d0d13) x26 0x80015879
core   0: 0x80000e8a (0x27ed0b83) lb      s7, 638(s10)
core   0: 3 0x80000e8a (0x27ed0b83) x23 0x00000004 mem 0x80015af7
core   0: 0x80000e8e (0x93ed0703) lb      a4, -1730(s10)
core   0: 3 0x80000e8e (0x93ed0703) x14 0xffffffdd mem 0x800151b7
core   0: 0x80000e92 (0x3d6d0b83) lb      s7, 982(s10)
core   0: 3 0x80000e92 (0x3d6d0b83) x23 0xffffff8f mem 0x80015c4f
core   0: 0x80000e96 (0x082d4b83) lbu     s7, 130(s10)
core   0: 3 0x80000e96 (0x082d4b83) x23 0x000000bf mem 0x800158fb
core   0: 0x80000e9a (0x9ebd0e03) lb      t3, -1557(s10)
core   0: 3 0x80000e9a (0x9ebd0e03) x28 0x00000079 mem 0x80015264
core   0: 0x80000e9e (0x02d6fe33) remu    t3, a3, a3
core   0: 3 0x80000e9e (0x02d6fe33) x28 0x00000000
core   0: 0x80000ea2 (0x80cd0b83) lb      s7, -2036(s10)
core   0: 3 0x80000ea2 (0x80cd0b83) x23 0xffffffa6 mem 0x80015085
core   0: 0x80000ea6 (0x602d4b83) lbu     s7, 1538(s10)
core   0: 3 0x80000ea6 (0x602d4b83) x23 0x0000006f mem 0x80015e7b
core   0: 0x80000eaa (0x782d4a83) lbu     s5, 1922(s10)
core   0: 3 0x80000eaa (0x782d4a83) x21 0x00000013 mem 0x80015ffb
core   0: 0x80000eae (0x926d4e03) lbu     t3, -1754(s10)
core   0: 3 0x80000eae (0x926d4e03) x28 0x000000e6 mem 0x8001519f
core   0: 0x80000eb2 (0x69f8cbb7) lui     s7, 0x69f8c
core   0: 3 0x80000eb2 (0x69f8cbb7) x23 0x69f8c000
core   0: 0x80000eb6 (0xc0cd4703) lbu     a4, -1012(s10)
core   0: 3 0x80000eb6 (0xc0cd4703) x14 0x00000081 mem 0x80015485
core   0: 0x80000eba (0x3d1d1703) lh      a4, 977(s10)
core   0: 3 0x80000eba (0x3d1d1703) x14 0xffffb0f1 mem 0x80015c4a
core   0: 0x80000ebe (0xb55d4583) lbu     a1, -1195(s10)
core   0: 3 0x80000ebe (0xb55d4583) x11 0x0000003c mem 0x800153ce
core   0: 0x80000ec2 (0x01169a93) slli    s5, a3, 17
core   0: 3 0x80000ec2 (0x01169a93) x21 0xff5a0000
core   0: 0x80000ec6 (0x6b2d0583) lb      a1, 1714(s10)
core   0: 3 0x80000ec6 (0x6b2d0583) x11 0x0000001e mem 0x80015f2b
core   0: 0x80000eca (0x00008eb5) c.xor   a3, a3
core   0: 3 0x80000eca (0x8eb5) x13 0x00000000
core   0: 0x80000ecc (0xa8ed0123) sb      a4, -1406(s10)
core   0: 3 0x80000ecc (0xa8ed0123) mem 0x800152fb 0xf1
core   0: 0x80000ed0 (0x37b5a693) slti    a3, a1, 891
core   0: 3 0x80000ed0 (0x37b5a693) x13 0x00000001
core   0: 0x80000ed4 (0x37bd5703) lhu     a4, 891(s10)
core   0: 3 0x80000ed4 (0x37bd5703) x14 0x0000445e mem 0x80015bf4
core   0: 0x80000ed8 (0x41ed4703) lbu     a4, 1054(s10)
core   0: 3 0x80000ed8 (0x41ed4703) x14 0x000000f6 mem 0x80015c97
core   0: 0x80000edc (0xb50e6b93) ori     s7, t3, -1200
core   0: 3 0x80000edc (0xb50e6b93) x23 0xfffffbf6
core   0: 0x80000ee0 (0x00008bba) c.mv    s7, a4
core   0: 3 0x80000ee0 (0x8bba) x23 0x000000f6
core   0: 0x80000ee2 (0x64dd2ba3) sw      a3, 1623(s10)
core   0: 3 0x80000ee2 (0x64dd2ba3) mem 0x80015ed0 0x00000001
core   0: 0x80000ee6 (0xcf9d4703) lbu     a4, -775(s10)
core   0: 3 0x80000ee6 (0xcf9d4703) x14 0x00000052 mem 0x80015572
core   0: 0x80000eea (0x00008dd5) c.or    a1, a3
core   0: 3 0x80000eea (0x8dd5) x11 0x0000001f
core   0: 0x80000eec (0xa35d0a23) sb      s5, -1484(s10)
core   0: 3 0x80000eec (0xa35d0a23) mem 0x800152ad 0x0
core   0: 0x80000ef0 (0xb35d0923) sb      s5, -1230(s10)
core   0: 3 0x80000ef0 (0xb35d0923) mem 0x800153ab 0x0
core   0: 0x80000ef4 (0xb06d0a83) lb      s5, -1274(s10)
core   0: 3 0x80000ef4 (0xb06d0a83) x21 0xffffffcb mem 0x8001537f
core   0: 0x80000ef8 (0x000082ed) c.srli  a3, 27
core   0: 3 0x80000ef8 (0x82ed) x13 0x00000000
core   0: 0x80000efa (0xa74d4e03) lbu     t3, -1420(s10)
core   0: 3 0x80000efa (0xa74d4e03) x28 0x000000f4 mem 0x800152ed
core   0: 0x80000efe (0x000085f2) c.mv    a1, t3
core   0: 3 0x80000efe (0x85f2) x11 0x000000f4
core   0: 0x80000f00 (0xdcbd0583) lb      a1, -565(s10)
core   0: 3 0x80000f00 (0xdcbd0583) x11 0xffffff97 mem 0x80015644
core   0: 0x80000f04 (0x611d4703) lbu     a4, 1553(s10)
core   0: 3 0x80000f04 (0x611d4703) x14 0x00000039 mem 0x80015e8a
core   0: 0x80000f08 (0x03cbdab3) divu    s5, s7, t3
core   0: 3 0x80000f08 (0x03cbdab3) x21 0x00000001
core   0: 0x80000f0c (0x40e70e33) sub     t3, a4, a4
core   0: 3 0x80000f0c (0x40e70e33) x28 0x00000000
core   0: 0x80000f10 (0xadcd0c23) sb      t3, -1320(s10)
core   0: 3 0x80000f10 (0xadcd0c23) mem 0x80015351 0x0
core   0: 0x80000f14 (0x4d7d0523) sb      s7, 1226(s10)
core   0: 3 0x80000f14 (0x4d7d0523) mem 0x80015d43 0xf6
core   0: 0x80000f18 (0xa6ed0823) sb      a4, -1424(s10)
core   0: 3 0x80000f18 (0xa6ed0823) mem 0x800152e9 0x39
core   0: 0x80000f1c (0x9bad0e03) lb      t3, -1606(s10)
core   0: 3 0x80000f1c (0x9bad0e03) x28 0xffffff8a mem 0x80015233
core   0: 0x80000f20 (0xc84d0e03) lb      t3, -892(s10)
core   0: 3 0x80000f20 (0xc84d0e03) x28 0x00000047 mem 0x800154fd
core   0: 0x80000f24 (0x00016117) auipc   sp, 0x16
core   0: 3 0x80000f24 (0x00016117) x 2 0x80016f24
core   0: 0x80000f28 (0xe7310113) addi    sp, sp, -397
core   0: 3 0x80000f28 (0xe7310113) x 2 0x80016d97
core   0: 0x80000f2c (0x01311ba3) sh      s3, 23(sp)
core   0: 3 0x80000f2c (0x01311ba3) mem 0x80016dae 0x0681
core   0: 0x80000f30 (0xfc610d03) lb      s10, -58(sp)
core   0: 3 0x80000f30 (0xfc610d03) x26 0xffffffb3 mem 0x80016d5d
core   0: 0x80000f34 (0xfdd10323) sb      t4, -58(sp)
core   0: 3 0x80000f34 (0xfdd10323) mem 0x80016d5d 0x0
core   0: 0x80000f38 (0x00008f31) c.xor   a4, a2
core   0: 3 0x80000f38 (0x8f31) x14 0x80029cdd
core   0: 0x80000f3a (0xfc614383) lbu     t2, -58(sp)
core   0: 3 0x80000f3a (0xfc614383) x 7 0x00000000 mem 0x80016d5d
core   0: 0x80000f3e (0x01810123) sb      s8, 2(sp)
core   0: 3 0x80000f3e (0x01810123) mem 0x80016d99 0x71
core   0: 0x80000f42 (0x02e14b83) lbu     s7, 46(sp)
core   0: 3 0x80000f42 (0x02e14b83) x23 0x0000004b mem 0x80016dc5
core   0: 0x80000f46 (0x02e10883) lb      a7, 46(sp)
core   0: 3 0x80000f46 (0x02e10883) x17 0x0000004b mem 0x80016dc5
core   0: 0x80000f4a (0x01711903) lh      s2, 23(sp)
core   0: 3 0x80000f4a (0x01711903) x18 0x00000681 mem 0x80016dae
core   0: 0x80000f4e (0x01a10ba3) sb      s10, 23(sp)
core   0: 3 0x80000f4e (0x01a10ba3) mem 0x80016dae 0xb3
core   0: 0x80000f52 (0xfc3102a3) sb      gp, -59(sp)
core   0: 3 0x80000f52 (0xfc3102a3) mem 0x80016d5c 0xb
core   0: 0x80000f56 (0xfd6112a3) sh      s6, -59(sp)
core   0: 3 0x80000f56 (0xfd6112a3) mem 0x80016d5c 0x0048
core   0: 0x80000f5a (0x0000fc17) auipc   s8, 0xf
core   0: 3 0x80000f5a (0x0000fc17) x24 0x8000ff5a
core   0: 0x80000f5e (0x798c0c13) addi    s8, s8, 1944
core   0: 3 0x80000f5e (0x798c0c13) x24 0x800106f2
core   0: 0x80000f62 (0x00008abd) c.andi  a3, 15
core   0: 3 0x80000f62 (0x8abd) x13 0x00000000
core   0: 0x80000f64 (0x5f9c4a83) lbu     s5, 1529(s8)
core   0: 3 0x80000f64 (0x5f9c4a83) x21 0x00000055 mem 0x80010ceb
core   0: 0x80000f68 (0x01a9d713) srli    a4, s3, 26
core   0: 3 0x80000f68 (0x01a9d713) x14 0x00000020
core   0: 0x80000f6c (0x410f5493) srai    s1, t5, 16
core   0: 3 0x80000f6c (0x410f5493) x 9 0x00000000
core   0: 0x80000f70 (0x5f6c4183) lbu     gp, 1526(s8)
core   0: 3 0x80000f70 (0x5f6c4183) x 3 0x00000054 mem 0x80010ce8
core   0: 0x80000f74 (0x016d3e33) sltu    t3, s10, s6
core   0: 3 0x80000f74 (0x016d3e33) x28 0x00000000
core   0: 0x80000f78 (0x005d1513) slli    a0, s10, 5
core   0: 3 0x80000f78 (0x005d1513) x10 0xfffff660
core   0: 0x80000f7c (0x02ea26b3) mulhsu  a3, s4, a4
core   0: 3 0x80000f7c (0x02ea26b3) x13 0x00000000
core   0: 0x80000f80 (0x000000ba) c.slli  ra, 14
core   0: 3 0x80000f80 (0x00ba) x 1 0x0004c000
core   0: 0x80000f82 (0x286c5f83) lhu     t6, 646(s8)
core   0: 3 0x80000f82 (0x286c5f83) x31 0x0000cadf mem 0x80010978
core   0: 0x80000f86 (0x013b8533) add     a0, s7, s3
core   0: 3 0x80000f86 (0x013b8533) x10 0x800106cc
core   0: 0x80000f8a (0x95fc4c83) lbu     s9, -1697(s8)
core   0: 3 0x80000f8a (0x95fc4c83) x25 0x0000000c mem 0x80010051
core   0: 0x80000f8e (0x4a2c4083) lbu     ra, 1186(s8)
core   0: 3 0x80000f8e (0x4a2c4083) x 1 0x00000030 mem 0x80010b94
core   0: 0x80000f92 (0x383c4803) lbu     a6, 899(s8)
core   0: 3 0x80000f92 (0x383c4803) x16 0x0000006c mem 0x80010a75
core   0: 0x80000f96 (0x00008555) c.srai  a0, 21
core   0: 3 0x80000f96 (0x8555) x10 0xfffffc00
core   0: 0x80000f98 (0xfdbc4083) lbu     ra, -37(s8)
core   0: 3 0x80000f98 (0xfdbc4083) x 1 0x00000057 mem 0x800106cd
core   0: 0x80000f9c (0x036bf3b3) remu    t2, s7, s6
core   0: 3 0x80000f9c (0x036bf3b3) x 7 0x00000003
core   0: 0x80000fa0 (0xe58c0da3) sb      s8, -421(s8)
core   0: 3 0x80000fa0 (0xe58c0da3) mem 0x8001054d 0xf2
core   0: 0x80000fa4 (0xd9cc4503) lbu     a0, -612(s8)
core   0: 3 0x80000fa4 (0xd9cc4503) x10 0x000000a8 mem 0x8001048e
core   0: 0x80000fa8 (0x9e8c1903) lh      s2, -1560(s8)
core   0: 3 0x80000fa8 (0x9e8c1903) x18 0xffffb655 mem 0x800100da
core   0: 0x80000fac (0x00008f51) c.or    a4, a2
core   0: 3 0x80000fac (0x8f51) x14 0x80029ce4
core   0: 0x80000fae (0x02f3a833) mulhsu  a6, t2, a5
core   0: 3 0x80000fae (0x02f3a833) x16 0x00000001
core   0: 0x80000fb2 (0x000086ea) c.mv    a3, s10
core   0: 3 0x80000fb2 (0x86ea) x13 0xffffffb3
core   0: 0x80000fb4 (0x0ffc0103) lb      sp, 255(s8)
core   0: 3 0x80000fb4 (0x0ffc0103) x 2 0x00000006 mem 0x800107f1
core   0: 0x80000fb8 (0x385e94b7) lui     s1, 0x385e9
core   0: 3 0x80000fb8 (0x385e94b7) x 9 0x385e9000
core   0: 0x80000fbc (0x0041ad33) slt     s10, gp, tp
core   0: 3 0x80000fbc (0x0041ad33) x26 0x00000000
core   0: 0x80000fc0 (0x96dc0a83) lb      s5, -1683(s8)
core   0: 3 0x80000fc0 (0x96dc0a83) x21 0xffffff83 mem 0x8001005f
core   0: 0x80000fc4 (0xb85c0983) lb      s3, -1147(s8)
core   0: 3 0x80000fc4 (0xb85c0983) x19 0xffffffd9 mem 0x80010277
core   0: 0x80000fc8 (0x069c1d17) auipc   s10, 0x69c1
core   0: 3 0x80000fc8 (0x069c1d17) x26 0x869c1fc8
core   0: 0x80000fcc (0xa8f1d0b7) lui     ra, 0xa8f1d
core   0: 3 0x80000fcc (0xa8f1d0b7) x 1 0xa8f1d000
core   0: 0x80000fd0 (0x032c00b3) mul     ra, s8, s2
core   0: 3 0x80000fd0 (0x032c00b3) x 1 0x34555a5a
core   0: 0x80000fd4 (0x00215333) srl     t1, sp, sp
core   0: 3 0x80000fd4 (0x00215333) x 6 0x00000000
core   0: 0x80000fd8 (0xe26c1d03) lh      s10, -474(s8)
core   0: 3 0x80000fd8 (0xe26c1d03) x26 0x0000661b mem 0x80010518
core   0: 0x80000fdc (0x419b0533) sub     a0, s6, s9
core   0: 3 0x80000fdc (0x419b0533) x10 0x0000003c
core   0: 0x80000fe0 (0xa89c0083) lb      ra, -1399(s8)
core   0: 3 0x80000fe0 (0xa89c0083) x 1 0xffffff8f mem 0x8001017b
core   0: 0x80000fe4 (0x03000cb3) mul     s9, zero, a6
core   0: 3 0x80000fe4 (0x03000cb3) x25 0x00000000
core   0: 0x80000fe8 (0x6d0fc113) xori    sp, t6, 1744
core   0: 3 0x80000fe8 (0x6d0fc113) x 2 0x0000cc0f
core   0: 0x80000fec (0x021098b3) mulh    a7, ra, ra
core   0: 3 0x80000fec (0x021098b3) x17 0x00000000
core   0: 0x80000ff0 (0xa3fc1223) sh      t6, -1500(s8)
core   0: 3 0x80000ff0 (0xa3fc1223) mem 0x80010116 0xcadf
core   0: 0x80000ff4 (0x033c0ea3) sb      s3, 61(s8)
core   0: 3 0x80000ff4 (0x033c0ea3) mem 0x8001072f 0xd9
core   0: 0x80000ff8 (0x372c5103) lhu     sp, 882(s8)
core   0: 3 0x80000ff8 (0x372c5103) x 2 0x000094e9 mem 0x80010a64
core   0: 0x80000ffc (0x0000877d) c.srai  a4, 31
core   0: 3 0x80000ffc (0x877d) x14 0xffffffff
core   0: 0x80000ffe (0x0168d033) srl     zero, a7, s6
core   0: 3 0x80000ffe (0x0168d033)
core   0: 0x80001002 (0xf8bc0e03) lb      t3, -117(s8)
core   0: 3 0x80001002 (0xf8bc0e03) x28 0xffffff92 mem 0x8001067d
core   0: 0x80001006 (0x0000850d) c.srai  a0, 3
core   0: 3 0x80001006 (0x850d) x10 0x00000007
core   0: 0x80001008 (0x000086ae) c.mv    a3, a1
core   0: 3 0x80001008 (0x86ae) x13 0xffffff97
core   0: 0x8000100a (0x00008b46) c.mv    s6, a7
core   0: 3 0x8000100a (0x8b46) x22 0x00000000
core   0: 0x8000100c (0x60cc0b03) lb      s6, 1548(s8)
core   0: 3 0x8000100c (0x60cc0b03) x22 0x0000006e mem 0x80010cfe
core   0: 0x80001010 (0x00008ea5) c.xor   a3, s1
core   0: 3 0x80001010 (0x8ea5) x13 0xc7a16f97
core   0: 0x80001012 (0xce0c05a3) sb      zero, -789(s8)
core   0: 3 0x80001012 (0xce0c05a3) mem 0x800103dd 0x0
core   0: 0x80001016 (0x00105e13) srli    t3, zero, 1
core   0: 3 0x80001016 (0x00105e13) x28 0x00000000
core   0: 0x8000101a (0xde0c4b03) lbu     s6, -544(s8)
core   0: 3 0x8000101a (0xde0c4b03) x22 0x000000d4 mem 0x800104d2
core   0: 0x8000101e (0x0000ff17) auipc   t5, 0xf
core   0: 3 0x8000101e (0x0000ff17) x30 0x8001001e
core   0: 0x80001022 (0x094f0f13) addi    t5, t5, 148
core   0: 3 0x80001022 (0x094f0f13) x30 0x800100b2
core   0: 0x80001026 (0x038f0ea3) sb      s8, 61(t5)
core   0: 3 0x80001026 (0x038f0ea3) mem 0x800100ef 0xf2
core   0: 0x8000102a (0x03a44fb3) div     t6, s0, s10
core   0: 3 0x8000102a (0x03a44fb3) x31 0x00000001
core   0: 0x8000102e (0x03af0ea3) sb      s10, 61(t5)
core   0: 3 0x8000102e (0x03af0ea3) mem 0x800100ef 0x1b
core   0: 0x80001032 (0x01850733) add     a4, a0, s8
core   0: 3 0x80001032 (0x01850733) x14 0x800106f9
core   0: 0x80001036 (0x0f1f0c83) lb      s9, 241(t5)
core   0: 3 0x80001036 (0x0f1f0c83) x25 0x00000048 mem 0x800101a3
core   0: 0x8000103a (0x0fff08a3) sb      t6, 241(t5)
core   0: 3 0x8000103a (0x0fff08a3) mem 0x800101a3 0x1
core   0: 0x8000103e (0x01faf9b3) and     s3, s5, t6
core   0: 3 0x8000103e (0x01faf9b3) x19 0x00000001
core   0: 0x80001042 (0x0f1f4b83) lbu     s7, 241(t5)
core   0: 3 0x80001042 (0x0f1f4b83) x23 0x00000001 mem 0x800101a3
core   0: 0x80001046 (0x0000100f) fence.i
core   0: 3 0x80001046 (0x0000100f)
core   0: 0x8000104a (0x7779eb17) auipc   s6, 0x7779e
core   0: 3 0x8000104a (0x7779eb17) x22 0xf779f04a
core   0: 0x8000104e (0x0fff0023) sb      t6, 224(t5)
core   0: 3 0x8000104e (0x0fff0023) mem 0x80010192 0x1
core   0: 0x80001052 (0x058f5e03) lhu     t3, 88(t5)
core   0: 3 0x80001052 (0x058f5e03) x28 0x0000a9a0 mem 0x8001010a
core   0: 0x80001056 (0x058f0883) lb      a7, 88(t5)
core   0: 3 0x80001056 (0x058f0883) x17 0xffffffa0 mem 0x8001010a
core   0: 0x8000105a (0x00008ce9) c.and   s1, a0
core   0: 3 0x8000105a (0x8ce9) x 9 0x00000000
core   0: 0x8000105c (0x053f1c23) sh      s3, 88(t5)
core   0: 3 0x8000105c (0x053f1c23) mem 0x8001010a 0x0001
core   0: 0x80001060 (0x0eff1723) sh      a5, 238(t5)
core   0: 3 0x80001060 (0x0eff1723) mem 0x800101a0 0x5e64
core   0: 0x80001064 (0x0f8f2723) sw      s8, 238(t5)
core   0: 3 0x80001064 (0x0f8f2723) mem 0x800101a0 0x800106f2
core   0: 0x80001068 (0x0caf07a3) sb      a0, 207(t5)
core   0: 3 0x80001068 (0x0caf07a3) mem 0x80010181 0x7
core   0: 0x8000106c (0x0cff4503) lbu     a0, 207(t5)
core   0: 3 0x8000106c (0x0cff4503) x10 0x00000007 mem 0x80010181
core   0: 0x80001070 (0x00010917) auipc   s2, 0x10
core   0: 3 0x80001070 (0x00010917) x18 0x80011070
core   0: 0x80001074 (0xf3390913) addi    s2, s2, -205
core   0: 3 0x80001074 (0xf3390913) x18 0x80010fa3
core   0: 0x80001078 (0x411e09b3) sub     s3, t3, a7
core   0: 3 0x80001078 (0x411e09b3) x19 0x0000aa00
core   0: 0x8000107c (0xda4e6893) ori     a7, t3, -604
core   0: 3 0x8000107c (0xda4e6893) x17 0xfffffda4
core   0: 0x80001080 (0x01ce3e33) sltu    t3, t3, t3
core   0: 3 0x80001080 (0x01ce3e33) x28 0x00000000
core   0: 0x80001084 (0xd6d94c83) lbu     s9, -659(s2)
core   0: 3 0x80001084 (0xd6d94c83) x25 0x000000da mem 0x80010d10
core   0: 0x80001088 (0x02d6e033) rem     zero, a3, a3
core   0: 3 0x80001088 (0x02d6e033)
core   0: 0x8000108c (0x00004e59) c.li    t3, 22
core   0: 3 0x8000108c (0x4e59) x28 0x00000016
core   0: 0x8000108e (0x000099c6) c.add   s3, a7
core   0: 3 0x8000108e (0x99c6) x19 0x0000a7a4
core   0: 0x80001090 (0x00000001) c.nop
core   0: 3 0x80001090 (0x0001)
core   0: 0x80001092 (0x8cf91c83) lh      s9, -1841(s2)
core   0: 3 0x80001092 (0x8cf91c83) x25 0x00005548 mem 0x80010872
core   0: 0x80001096 (0x000019fd) c.addi  s3, -1
core   0: 3 0x80001096 (0x19fd) x19 0x0000a7a3
core   0: 0x80001098 (0xc7592e03) lw      t3, -907(s2)
core   0: 3 0x80001098 (0xc7592e03) x28 0xdc10a33c mem 0x80010c18
core   0: 0x8000109c (0x0000100f) fence.i
core   0: 3 0x8000109c (0x0000100f)
core   0: 0x800010a0 (0x02088cb3) mul     s9, a7, zero
core   0: 3 0x800010a0 (0x02088cb3) x25 0x00000000
core   0: 0x800010a4 (0x0319a8b3) mulhsu  a7, s3, a7
core   0: 3 0x800010a4 (0x0319a8b3) x17 0x0000a7a2
core   0: 0x800010a8 (0x000006e2) c.slli  a3, 24
core   0: 3 0x800010a8 (0x06e2) x13 0x97000000
core   0: 0x800010aa (0x00000001) c.nop
core   0: 3 0x800010aa (0x0001)
core   0: 0x800010ac (0x000046a9) c.li    a3, 10
core   0: 3 0x800010ac (0x46a9) x13 0x0000000a
core   0: 0x800010ae (0x93190a23) sb      a7, -1740(s2)
core   0: 3 0x800010ae (0x93190a23) mem 0x800108d7 0xa2
core   0: 0x800010b2 (0x01be1993) slli    s3, t3, 27
core   0: 3 0x800010b2 (0x01be1993) x19 0xe0000000
core   0: 0x800010b6 (0xf0490883) lb      a7, -252(s2)
core   0: 3 0x800010b6 (0xf0490883) x17 0x00000046 mem 0x80010ea7
core   0: 0x800010ba (0x00008e95) c.sub   a3, a3
core   0: 3 0x800010ba (0x8e95) x13 0x00000000
core   0: 0x800010bc (0x01c6b9b3) sltu    s3, a3, t3
core   0: 3 0x800010bc (0x01c6b9b3) x19 0x00000001
core   0: 0x800010c0 (0x019e7cb3) and     s9, t3, s9
core   0: 3 0x800010c0 (0x019e7cb3) x25 0x00000000
core   0: 0x800010c4 (0xb3a94983) lbu     s3, -1222(s2)
core   0: 3 0x800010c4 (0xb3a94983) x19 0x00000015 mem 0x80010add
core   0: 0x800010c8 (0xa4198c93) addi    s9, s3, -1471
core   0: 3 0x800010c8 (0xa4198c93) x25 0xfffffa56
core   0: 0x800010cc (0x630afe17) auipc   t3, 0x630af
core   0: 3 0x800010cc (0x630afe17) x28 0xe30b00cc
core   0: 0x800010d0 (0x00399c93) slli    s9, s3, 3
core   0: 3 0x800010d0 (0x00399c93) x25 0x000000a8
core   0: 0x800010d4 (0x02d6f033) remu    zero, a3, a3
core   0: 3 0x800010d4 (0x02d6f033)
core   0: 0x800010d8 (0x0269c693) xori    a3, s3, 38
core   0: 3 0x800010d8 (0x0269c693) x13 0x00000033
core   0: 0x800010dc (0x44d9be13) sltiu   t3, s3, 1101
core   0: 3 0x800010dc (0x44d9be13) x28 0x00000001
core   0: 0x800010e0 (0x031e39b3) mulhu   s3, t3, a7
core   0: 3 0x800010e0 (0x031e39b3) x19 0x00000000
core   0: 0x800010e4 (0xe2d90023) sb      a3, -480(s2)
core   0: 3 0x800010e4 (0xe2d90023) mem 0x80010dc3 0x33
core   0: 0x800010e8 (0xdc590e03) lb      t3, -571(s2)
core   0: 3 0x800010e8 (0xdc590e03) x28 0xffffffea mem 0x80010d68
core   0: 0x800010ec (0x020c8e33) mul     t3, s9, zero
core   0: 3 0x800010ec (0x020c8e33) x28 0x00000000
core   0: 0x800010f0 (0x04990e03) lb      t3, 73(s2)
core   0: 3 0x800010f0 (0x04990e03) x28 0xffffffc3 mem 0x80010fec
core   0: 0x800010f4 (0xba890683) lb      a3, -1112(s2)
core   0: 3 0x800010f4 (0xba890683) x13 0xffffffce mem 0x80010b4b
core   0: 0x800010f8 (0x00008ed5) c.or    a3, a3
core   0: 3 0x800010f8 (0x8ed5) x13 0xffffffce
core   0: 0x800010fa (0xf7494683) lbu     a3, -140(s2)
core   0: 3 0x800010fa (0xf7494683) x13 0x000000c1 mem 0x80010f17
core   0: 0x800010fe (0x0000f117) auipc   sp, 0xf
core   0: 3 0x800010fe (0x0000f117) x 2 0x800100fe
core   0: 0x80001102 (0x1c510113) addi    sp, sp, 453
core   0: 3 0x80001102 (0x1c510113) x 2 0x800102c3
core   0: 0x80001106 (0x47a14303) lbu     t1, 1146(sp)
core   0: 3 0x80001106 (0x47a14303) x 6 0x00000053 mem 0x8001073d
core   0: 0x8000110a (0x47a14e03) lbu     t3, 1146(sp)
core   0: 3 0x8000110a (0x47a14e03) x28 0x00000053 mem 0x8001073d
core   0: 0x8000110e (0x46210d23) sb      sp, 1146(sp)
core   0: 3 0x8000110e (0x46210d23) mem 0x8001073d 0xc3
core   0: 0x80001112 (0x4069d833) sra     a6, s3, t1
core   0: 3 0x80001112 (0x4069d833) x16 0x00000000
core   0: 0x80001116 (0x47a10a03) lb      s4, 1146(sp)
core   0: 3 0x80001116 (0x47a10a03) x20 0xffffffc3 mem 0x8001073d
core   0: 0x8000111a (0x46e10d23) sb      a4, 1146(sp)
core   0: 3 0x8000111a (0x46e10d23) mem 0x8001073d 0xf9
core   0: 0x8000111e (0x47a14e03) lbu     t3, 1146(sp)
core   0: 3 0x8000111e (0x47a14e03) x28 0x000000f9 mem 0x8001073d
core   0: 0x80001122 (0x47a14c03) lbu     s8, 1146(sp)
core   0: 3 0x80001122 (0x47a14c03) x24 0x000000f9 mem 0x8001073d
core   0: 0x80001126 (0x46310d23) sb      gp, 1146(sp)
core   0: 3 0x80001126 (0x46310d23) mem 0x8001073d 0x54
core   0: 0x8000112a (0x47a10f83) lb      t6, 1146(sp)
core   0: 3 0x8000112a (0x47a10f83) x31 0x00000054 mem 0x8001073d
core   0: 0x8000112e (0x47a14403) lbu     s0, 1146(sp)
core   0: 3 0x8000112e (0x47a14403) x 8 0x00000054 mem 0x8001073d
core   0: 0x80001132 (0x47a10403) lb      s0, 1146(sp)
core   0: 3 0x80001132 (0x47a10403) x 8 0x00000054 mem 0x8001073d
core   0: 0x80001136 (0x47310d23) sb      s3, 1146(sp)
core   0: 3 0x80001136 (0x47310d23) mem 0x8001073d 0x0
core   0: 0x8000113a (0x47a10183) lb      gp, 1146(sp)
core   0: 3 0x8000113a (0x47a10183) x 3 0x00000000 mem 0x8001073d
core   0: 0x8000113e (0x46363d13) sltiu   s10, a2, 1123
core   0: 3 0x8000113e (0x46363d13) x26 0x00000000
core   0: 0x80001142 (0x47610d23) sb      s6, 1146(sp)
core   0: 3 0x80001142 (0x47610d23) mem 0x8001073d 0x4a
core   0: 0x80001146 (0x47a14983) lbu     s3, 1146(sp)
core   0: 3 0x80001146 (0x47a14983) x19 0x0000004a mem 0x8001073d
core   0: 0x8000114a (0x00008ddd) c.or    a1, a5
core   0: 3 0x8000114a (0x8ddd) x11 0xfffffff7
core   0: 0x8000114c (0x47a10883) lb      a7, 1146(sp)
core   0: 3 0x8000114c (0x47a10883) x17 0x0000004a mem 0x8001073d
core   0: 0x80001150 (0x40975ab3) sra     s5, a4, s1
core   0: 3 0x80001150 (0x40975ab3) x21 0x800106f9
core   0: 0x80001154 (0x00a7a733) slt     a4, a5, a0
core   0: 3 0x80001154 (0x00a7a733) x14 0x00000001
core   0: 0x80001158 (0x0000100f) fence.i
core   0: 3 0x80001158 (0x0000100f)
core   0: 0x8000115c (0x47a14703) lbu     a4, 1146(sp)
core   0: 3 0x8000115c (0x47a14703) x14 0x0000004a mem 0x8001073d
core   0: 0x80001160 (0x47a14a83) lbu     s5, 1146(sp)
core   0: 3 0x80001160 (0x47a14a83) x21 0x0000004a mem 0x8001073d
core   0: 0x80001164 (0x54010803) lb      a6, 1344(sp)
core   0: 3 0x80001164 (0x54010803) x16 0x00000077 mem 0x80010803
core   0: 0x80001168 (0x00014397) auipc   t2, 0x14
core   0: 3 0x80001168 (0x00014397) x 7 0x80015168
core   0: 0x8000116c (0x26f38393) addi    t2, t2, 623
core   0: 3 0x8000116c (0x26f38393) x 7 0x800153d7
core   0: 0x80001170 (0x00e39ea3) sh      a4, 29(t2)
core   0: 3 0x80001170 (0x00e39ea3) mem 0x800153f4 0x004a
core   0: 0x80001174 (0xfd238503) lb      a0, -46(t2)
core   0: 3 0x80001174 (0xfd238503) x10 0xffffff8b mem 0x800153a9
core   0: 0x80001178 (0x258d8093) addi    ra, s11, 600
core   0: 3 0x80001178 (0x258d8093) x 1 0x000002d8
core   0: 0x8000117c (0xfd23c103) lbu     sp, -46(t2)
core   0: 3 0x8000117c (0xfd23c103) x 2 0x0000008b mem 0x800153a9
core   0: 0x80001180 (0xfcd38923) sb      a3, -46(t2)
core   0: 3 0x80001180 (0xfcd38923) mem 0x800153a9 0xc1
core   0: 0x80001184 (0xfd238d83) lb      s11, -46(t2)
core   0: 3 0x80001184 (0xfd238d83) x27 0xffffffc1 mem 0x800153a9
core   0: 0x80001188 (0xfd238703) lb      a4, -46(t2)
core   0: 3 0x80001188 (0xfd238703) x14 0xffffffc1 mem 0x800153a9
core   0: 0x8000118c (0x00008f15) c.sub   a4, a3
core   0: 3 0x8000118c (0x8f15) x14 0xffffff00
core   0: 0x8000118e (0xfcf38923) sb      a5, -46(t2)
core   0: 3 0x8000118e (0xfcf38923) mem 0x800153a9 0x64
core   0: 0x80001192 (0x0000875a) c.mv    a4, s6
core   0: 3 0x80001192 (0x875a) x14 0xf779f04a
core   0: 0x80001194 (0x0253d703) lhu     a4, 37(t2)
core   0: 3 0x80001194 (0x0253d703) x14 0x00003dfd mem 0x800153fc
core   0: 0x80001198 (0x0373a2a3) sw      s7, 37(t2)
core   0: 3 0x80001198 (0x0373a2a3) mem 0x800153fc 0x00000001
core   0: 0x8000119c (0x00008dad) c.xor   a1, a1
core   0: 3 0x8000119c (0x8dad) x11 0x00000000
core   0: 0x8000119e (0x02b3b333) mulhu   t1, t2, a1
core   0: 3 0x8000119e (0x02b3b333) x 6 0x00000000
core   0: 0x800011a2 (0x00000f98) c.addi4spn a4, sp, 976
core   0: 3 0x800011a2 (0x0f98) x14 0x0000045b
core   0: 0x800011a4 (0xff038a83) lb      s5, -16(t2)
core   0: 3 0x800011a4 (0xff038a83) x21 0xffffffa5 mem 0x800153c7
core   0: 0x800011a8 (0xff038983) lb      s3, -16(t2)
core   0: 3 0x800011a8 (0xff038983) x19 0xffffffa5 mem 0x800153c7
core   0: 0x800011ac (0xff038083) lb      ra, -16(t2)
core   0: 3 0x800011ac (0xff038083) x 1 0xffffffa5 mem 0x800153c7
core   0: 0x800011b0 (0xff038f03) lb      t5, -16(t2)
core   0: 3 0x800011b0 (0xff038f03) x30 0xffffffa5 mem 0x800153c7
core   0: 0x800011b4 (0xfea38823) sb      a0, -16(t2)
core   0: 3 0x800011b4 (0xfea38823) mem 0x800153c7 0x8b
core   0: 0x800011b8 (0xff03c583) lbu     a1, -16(t2)
core   0: 3 0x800011b8 (0xff03c583) x11 0x0000008b mem 0x800153c7
core   0: 0x800011bc (0xff03c483) lbu     s1, -16(t2)
core   0: 3 0x800011bc (0xff03c483) x 9 0x0000008b mem 0x800153c7
core   0: 0x800011c0 (0x00019a17) auipc   s4, 0x19
core   0: 3 0x800011c0 (0x00019a17) x20 0x8001a1c0
core   0: 0x800011c4 (0x073a0a13) addi    s4, s4, 115
core   0: 3 0x800011c4 (0x073a0a13) x20 0x8001a233
core   0: 0x800011c8 (0x0001bc97) auipc   s9, 0x1b
core   0: 3 0x800011c8 (0x0001bc97) x25 0x8001c1c8
core   0: 0x800011cc (0x032c8c93) addi    s9, s9, 50
core   0: 3 0x800011cc (0x032c8c93) x25 0x8001c1fa
core   0: 0x800011d0 (0xebdccf83) lbu     t6, -323(s9)
core   0: 3 0x800011d0 (0xebdccf83) x31 0x0000005d mem 0x8001c0b7
core   0: 0x800011d4 (0xfe1a0803) lb      a6, -31(s4)
core   0: 3 0x800011d4 (0xfe1a0803) x16 0xffffffb8 mem 0x8001a214
core   0: 0x800011d8 (0x0001b697) auipc   a3, 0x1b
core   0: 3 0x800011d8 (0x0001b697) x13 0x8001c1d8
core   0: 0x800011dc (0x38e68693) addi    a3, a3, 910
core   0: 3 0x800011dc (0x38e68693) x13 0x8001c566
core   0: 0x800011e0 (0xfb1c8423) sb      a7, -88(s9)
core   0: 3 0x800011e0 (0xfb1c8423) mem 0x8001c1a2 0x4a
core   0: 0x800011e4 (0xe7ac8a83) lb      s5, -390(s9)
core   0: 3 0x800011e4 (0xe7ac8a83) x21 0x00000068 mem 0x8001c074
core   0: 0x800011e8 (0x00016917) auipc   s2, 0x16
core   0: 3 0x800011e8 (0x00016917) x18 0x800171e8
core   0: 0x800011ec (0x31290913) addi    s2, s2, 786
core   0: 3 0x800011ec (0x31290913) x18 0x800174fa
core   0: 0x800011f0 (0x324c86a3) sb      tp, 813(s9)
core   0: 3 0x800011f0 (0x324c86a3) mem 0x8001c527 0xfa
core   0: 0x800011f4 (0x8ef681a3) sb      a5, -1821(a3)
core   0: 3 0x800011f4 (0x8ef681a3) mem 0x8001be49 0x64
core   0: 0x800011f8 (0x104ccd03) lbu     s10, 260(s9)
core   0: 3 0x800011f8 (0x104ccd03) x26 0x000000f0 mem 0x8001c2fe
core   0: 0x800011fc (0xfd1a2d83) lw      s11, -47(s4)
core   0: 3 0x800011fc (0xfd1a2d83) x27 0x16ca774d mem 0x8001a204
core   0: 0x80001200 (0x0be69103) lh      sp, 190(a3)
core   0: 3 0x80001200 (0x0be69103) x 2 0x00002864 mem 0x8001c624
core   0: 0x80001204 (0x011a4c03) lbu     s8, 17(s4)
core   0: 3 0x80001204 (0x011a4c03) x24 0x0000008e mem 0x8001a244
core   0: 0x80001208 (0x5606d303) lhu     t1, 1376(a3)
core   0: 3 0x80001208 (0x5606d303) x 6 0x0000a4a0 mem 0x8001cac6
core   0: 0x8000120c (0xfc3a5503) lhu     a0, -61(s4)
core   0: 3 0x8000120c (0xfc3a5503) x10 0x0000e71f mem 0x8001a1f6
core   0: 0x80001210 (0x840c8183) lb      gp, -1984(s9)
core   0: 3 0x80001210 (0x840c8183) x 3 0xfffffff5 mem 0x8001ba3a
core   0: 0x80001214 (0x04491023) sh      tp, 64(s2)
core   0: 3 0x80001214 (0x04491023) mem 0x8001753a 0xfbfa
core   0: 0x80001218 (0x022a1ca3) sh      sp, 57(s4)
core   0: 3 0x80001218 (0x022a1ca3) mem 0x8001a26c 0x2864
core   0: 0x8000121c (0x01a90023) sb      s10, 0(s2)
core   0: 3 0x8000121c (0x01a90023) mem 0x800174fa 0xf0
core   0: 0x80001220 (0x05b69023) sh      s11, 64(a3)
core   0: 3 0x80001220 (0x05b69023) mem 0x8001c5a6 0x774d
core   0: 0x80001224 (0x808ccd03) lbu     s10, -2040(s9)
core   0: 3 0x80001224 (0x808ccd03) x26 0x00000084 mem 0x8001ba02
core   0: 0x80001228 (0x036a0303) lb      t1, 54(s4)
core   0: 3 0x80001228 (0x036a0303) x 6 0xfffffff3 mem 0x8001a269
core   0: 0x8000122c (0xb6869d23) sh      s0, -1158(a3)
core   0: 3 0x8000122c (0xb6869d23) mem 0x8001c0e0 0x0054
core   0: 0x80001230 (0xfd992323) sw      s9, -58(s2)
core   0: 3 0x80001230 (0xfd992323) mem 0x800174c0 0x8001c1fa
core   0: 0x80001234 (0x9c4cce03) lbu     t3, -1596(s9)
core   0: 3 0x80001234 (0x9c4cce03) x28 0x00000005 mem 0x8001bbbe
core   0: 0x80001238 (0x00ca4303) lbu     t1, 12(s4)
core   0: 3 0x80001238 (0x00ca4303) x 6 0x000000e4 mem 0x8001a23f
core   0: 0x8000123c (0x01d90ca3) sb      t4, 25(s2)
core   0: 3 0x8000123c (0x01d90ca3) mem 0x80017513 0x0
core   0: 0x80001240 (0xc3d68e23) sb      t4, -964(a3)
core   0: 3 0x80001240 (0xc3d68e23) mem 0x8001c1a2 0x0
core   0: 0x80001244 (0xfdc906a3) sb      t3, -51(s2)
core   0: 3 0x80001244 (0xfdc906a3) mem 0x800174c7 0x5
core   0: 0x80001248 (0x37768883) lb      a7, 887(a3)
core   0: 3 0x80001248 (0x37768883) x17 0x00000053 mem 0x8001c8dd
core   0: 0x8000124c (0x02fa0523) sb      a5, 42(s4)
core   0: 3 0x8000124c (0x02fa0523) mem 0x8001a25d 0x64
core   0: 0x80001250 (0x2b2c83a3) sb      s2, 679(s9)
core   0: 3 0x80001250 (0x2b2c83a3) mem 0x8001c4a1 0xfa
core   0: 0x80001254 (0xfc0a0f83) lb      t6, -64(s4)
core   0: 3 0x80001254 (0xfc0a0f83) x31 0xffffffea mem 0x8001a1f3
core   0: 0x80001258 (0x01c6a523) sw      t3, 10(a3)
core   0: 3 0x80001258 (0x01c6a523) mem 0x8001c570 0x00000005
core   0: 0x8000125c (0x00aa1ba3) sh      a0, 23(s4)
core   0: 3 0x8000125c (0x00aa1ba3) mem 0x8001a24a 0xe71f
core   0: 0x80001260 (0xfd994f03) lbu     t5, -39(s2)
core   0: 3 0x80001260 (0xfd994f03) x30 0x00000065 mem 0x800174d3
core   0: 0x80001264 (0x4db684a3) sb      s11, 1225(a3)
core   0: 3 0x80001264 (0x4db684a3) mem 0x8001ca2f 0x4d
core   0: 0x80001268 (0x32ac8fa3) sb      a0, 831(s9)
core   0: 3 0x80001268 (0x32ac8fa3) mem 0x8001c539 0x1f
core   0: 0x8000126c (0x00011f97) auipc   t6, 0x11
core   0: 3 0x8000126c (0x00011f97) x31 0x8001226c
core   0: 0x80001270 (0xd07f8f93) addi    t6, t6, -761
core   0: 3 0x80001270 (0xd07f8f93) x31 0x80011f73
core   0: 0x80001274 (0x00010717) auipc   a4, 0x10
core   0: 3 0x80001274 (0x00010717) x14 0x80011274
core   0: 0x80001278 (0x10c70713) addi    a4, a4, 268
core   0: 3 0x80001278 (0x10c70713) x14 0x80011380
core   0: 0x8000127c (0xffc74983) lbu     s3, -4(a4)
core   0: 3 0x8000127c (0xffc74983) x19 0x00000059 mem 0x8001137c
core   0: 0x80001280 (0x00014917) auipc   s2, 0x14
core   0: 3 0x80001280 (0x00014917) x18 0x80015280
core   0: 0x80001284 (0x65a90913) addi    s2, s2, 1626
core   0: 3 0x80001284 (0x65a90913) x18 0x800158da
core   0: 0x80001288 (0x2adf8083) lb      ra, 685(t6)
core   0: 3 0x80001288 (0x2adf8083) x 1 0x0000000d mem 0x80012220
core   0: 0x8000128c (0x01671523) sh      s6, 10(a4)
core   0: 3 0x8000128c (0x01671523) mem 0x8001138a 0xf04a
core   0: 0x80001290 (0xff470303) lb      t1, -12(a4)
core   0: 3 0x80001290 (0xff470303) x 6 0x0000001c mem 0x80011374
core   0: 0x80001294 (0xffa90803) lb      a6, -6(s2)
core   0: 3 0x80001294 (0xffa90803) x16 0xffffffa7 mem 0x800158d4
core   0: 0x80001298 (0xdcef82a3) sb      a4, -571(t6)
core   0: 3 0x80001298 (0xdcef82a3) mem 0x80011d38 0x80
core   0: 0x8000129c (0xff891583) lh      a1, -8(s2)
core   0: 3 0x8000129c (0xff891583) x11 0x00005160 mem 0x800158d2
core   0: 0x800012a0 (0xc24fc383) lbu     t2, -988(t6)
core   0: 3 0x800012a0 (0xc24fc383) x 7 0x00000094 mem 0x80011b97
core   0: 0x800012a4 (0xff974583) lbu     a1, -7(a4)
core   0: 3 0x800012a4 (0xff974583) x11 0x00000054 mem 0x80011379
core   0: 0x800012a8 (0xff271503) lh      a0, -14(a4)
core   0: 3 0x800012a8 (0xff271503) x10 0x000022c9 mem 0x80011372
core   0: 0x800012ac (0x00292303) lw      t1, 2(s2)
core   0: 3 0x800012ac (0x00292303) x 6 0x092c49b9 mem 0x800158dc
core   0: 0x800012b0 (0x00b703a3) sb      a1, 7(a4)
core   0: 3 0x800012b0 (0x00b703a3) mem 0x80011387 0x54
core   0: 0x800012b4 (0x00f94083) lbu     ra, 15(s2)
core   0: 3 0x800012b4 (0x00f94083) x 1 0x00000076 mem 0x800158e9
core   0: 0x800012b8 (0x1bcfc983) lbu     s3, 444(t6)
core   0: 3 0x800012b8 (0x1bcfc983) x19 0x0000009e mem 0x8001212f
core   0: 0x800012bc (0x010903a3) sb      a6, 7(s2)
core   0: 3 0x800012bc (0x010903a3) mem 0x800158e1 0xa7
core   0: 0x800012c0 (0xff474e03) lbu     t3, -12(a4)
core   0: 3 0x800012c0 (0xff474e03) x28 0x0000001c mem 0x80011374
core   0: 0x800012c4 (0x00d90123) sb      a3, 2(s2)
core   0: 3 0x800012c4 (0x00d90123) mem 0x800158dc 0x66
core   0: 0x800012c8 (0x00271683) lh      a3, 2(a4)
core   0: 3 0x800012c8 (0x00271683) x13 0xfffff6ec mem 0x80011382
core   0: 0x800012cc (0xae5f8503) lb      a0, -1307(t6)
core   0: 3 0x800012cc (0xae5f8503) x10 0xfffffffc mem 0x80011a58
core   0: 0x800012d0 (0x00994403) lbu     s0, 9(s2)
core   0: 3 0x800012d0 (0x00994403) x 8 0x00000054 mem 0x800158e3
core   0: 0x800012d4 (0xff090c23) sb      a6, -8(s2)
core   0: 3 0x800012d4 (0xff090c23) mem 0x800158d2 0xa7
core   0: 0x800012d8 (0x25ef8b03) lb      s6, 606(t6)
core   0: 3 0x800012d8 (0x25ef8b03) x22 0xfffffff4 mem 0x800121d1
core   0: 0x800012dc (0xff900313) li      t1, -7
core   0: 3 0x800012dc (0xff900313) x 6 0xfffffff9
core   0: 0x800012e0 (0xff500c13) li      s8, -11
core   0: 3 0x800012e0 (0xff500c13) x24 0xfffffff5
core   0: 0x800012e4 (0xfbf2fd93) andi    s11, t0, -65
core   0: 3 0x800012e4 (0xfbf2fd93) x27 0xffffff0c
core   0: 0x800012e8 (0x0ff0000f) fence   iorw,iorw
core   0: 3 0x800012e8 (0x0ff0000f)
core   0: 0x800012ec (0x00001379) c.addi  t1, -2
core   0: 3 0x800012ec (0x1379) x 6 0xfffffff7
core   0: 0x800012ee (0xff700413) li      s0, -9
core   0: 3 0x800012ee (0xff700413) x 8 0xfffffff7
core   0: 0x800012f2 (0x00e00813) li      a6, 14
core   0: 3 0x800012f2 (0x00e00813) x16 0x0000000e
core   0: 0x800012f6 (0x000008d9) c.addi  a7, 22
core   0: 3 0x800012f6 (0x08d9) x17 0x00000069
core   0: 0x800012f8 (0x4fb6c913) xori    s2, a3, 1275
core   0: 3 0x800012f8 (0x4fb6c913) x18 0xfffff217
core   0: 0x800012fc (0x0000834d) c.srli  a4, 19
core   0: 3 0x800012fc (0x834d) x14 0x00001000
core   0: 0x800012fe (0x00000405) c.addi  s0, 1
core   0: 3 0x800012fe (0x0405) x 8 0xfffffff8
core   0: 0x80001300 (0xff040ce3) beq     s0, a6, pc - 8
core   0: 3 0x80001300 (0xff040ce3)
core   0: 0x80001304 (0xff8350e3) bge     t1, s8, pc - 32
core   0: 3 0x80001304 (0xff8350e3)
core   0: 0x800012e4 (0xfbf2fd93) andi    s11, t0, -65
core   0: 3 0x800012e4 (0xfbf2fd93) x27 0xffffff0c
core   0: 0x800012e8 (0x0ff0000f) fence   iorw,iorw
core   0: 3 0x800012e8 (0x0ff0000f)
core   0: 0x800012ec (0x00001379) c.addi  t1, -2
core   0: 3 0x800012ec (0x1379) x 6 0xfffffff5
core   0: 0x800012ee (0xff700413) li      s0, -9
core   0: 3 0x800012ee (0xff700413) x 8 0xfffffff7
core   0: 0x800012f2 (0x00e00813) li      a6, 14
core   0: 3 0x800012f2 (0x00e00813) x16 0x0000000e
core   0: 0x800012f6 (0x000008d9) c.addi  a7, 22
core   0: 3 0x800012f6 (0x08d9) x17 0x0000007f
core   0: 0x800012f8 (0x4fb6c913) xori    s2, a3, 1275
core   0: 3 0x800012f8 (0x4fb6c913) x18 0xfffff217
core   0: 0x800012fc (0x0000834d) c.srli  a4, 19
core   0: 3 0x800012fc (0x834d) x14 0x00000000
core   0: 0x800012fe (0x00000405) c.addi  s0, 1
core   0: 3 0x800012fe (0x0405) x 8 0xfffffff8
core   0: 0x80001300 (0xff040ce3) beq     s0, a6, pc - 8
core   0: 3 0x80001300 (0xff040ce3)
core   0: 0x80001304 (0xff8350e3) bge     t1, s8, pc - 32
core   0: 3 0x80001304 (0xff8350e3)
core   0: 0x800012e4 (0xfbf2fd93) andi    s11, t0, -65
core   0: 3 0x800012e4 (0xfbf2fd93) x27 0xffffff0c
core   0: 0x800012e8 (0x0ff0000f) fence   iorw,iorw
core   0: 3 0x800012e8 (0x0ff0000f)
core   0: 0x800012ec (0x00001379) c.addi  t1, -2
core   0: 3 0x800012ec (0x1379) x 6 0xfffffff3
core   0: 0x800012ee (0xff700413) li      s0, -9
core   0: 3 0x800012ee (0xff700413) x 8 0xfffffff7
core   0: 0x800012f2 (0x00e00813) li      a6, 14
core   0: 3 0x800012f2 (0x00e00813) x16 0x0000000e
core   0: 0x800012f6 (0x000008d9) c.addi  a7, 22
core   0: 3 0x800012f6 (0x08d9) x17 0x00000095
core   0: 0x800012f8 (0x4fb6c913) xori    s2, a3, 1275
core   0: 3 0x800012f8 (0x4fb6c913) x18 0xfffff217
core   0: 0x800012fc (0x0000834d) c.srli  a4, 19
core   0: 3 0x800012fc (0x834d) x14 0x00000000
core   0: 0x800012fe (0x00000405) c.addi  s0, 1
core   0: 3 0x800012fe (0x0405) x 8 0xfffffff8
core   0: 0x80001300 (0xff040ce3) beq     s0, a6, pc - 8
core   0: 3 0x80001300 (0xff040ce3)
core   0: 0x80001304 (0xff8350e3) bge     t1, s8, pc - 32
core   0: 3 0x80001304 (0xff8350e3)
core   0: 0x80001308 (0x0000612d) c.addi16sp sp, 224
core   0: 3 0x80001308 (0x612d) x 2 0x00002944
core   0: 0x8000130a (0x0140036f) jal     t1, pc + 0x14
core   0: 3 0x8000130a (0x0140036f) x 6 0x8000130e
core   0: 0x8000131e (0x0000a031) c.j     pc + 12
core   0: 3 0x8000131e (0xa031)
core   0: 0x8000132a (0x00002009) c.jal   pc + 2
core   0: 3 0x8000132a (0x2009) x 1 0x8000132c
core   0: 0x8000132c (0x000037cd) c.jal   pc - 30
core   0: 3 0x8000132c (0x37cd) x 1 0x8000132e
core   0: 0x8000130e (0x00002015) c.jal   pc + 36
core   0: 3 0x8000130e (0x2015) x 1 0x80001310
core   0: 0x80001332 (0xfdfff0ef) jal     pc - 0x22
core   0: 3 0x80001332 (0xfdfff0ef) x 1 0x80001336
core   0: 0x80001310 (0x01e000ef) jal     pc + 0x1e
core   0: 3 0x80001310 (0x01e000ef) x 1 0x80001314
core   0: 0x8000132e (0x0000a029) c.j     pc + 10
core   0: 3 0x8000132e (0xa029)
core   0: 0x80001338 (0x0000a009) c.j     pc + 2
core   0: 3 0x80001338 (0xa009)
core   0: 0x8000133a (0x0000b7fd) c.j     pc - 18
core   0: 3 0x8000133a (0xb7fd)
core   0: 0x80001328 (0x00003fd5) c.jal   pc - 12
core   0: 3 0x80001328 (0x3fd5) x 1 0x8000132a
core   0: 0x8000131c (0x00002811) c.jal   pc + 20
core   0: 3 0x8000131c (0x2811) x 1 0x8000131e
core   0: 0x80001330 (0x000037e5) c.jal   pc - 24
core   0: 3 0x80001330 (0x37e5) x 1 0x80001332
core   0: 0x80001318 (0x00a000ef) jal     pc + 0xa
core   0: 3 0x80001318 (0x00a000ef) x 1 0x8000131c
core   0: 0x80001322 (0x0000a829) c.j     pc + 26
core   0: 3 0x80001322 (0xa829)
core   0: 0x8000133c (0x00003fed) c.jal   pc - 6
core   0: 3 0x8000133c (0x3fed) x 1 0x8000133e
core   0: 0x80001336 (0x000037fd) c.jal   pc - 18
core   0: 3 0x80001336 (0x37fd) x 1 0x80001338
core   0: 0x80001324 (0x0000bff5) c.j     pc - 4
core   0: 3 0x80001324 (0xbff5)
core   0: 0x80001320 (0x0000bfd5) c.j     pc - 12
core   0: 3 0x80001320 (0xbfd5)
core   0: 0x80001314 (0x0120036f) jal     t1, pc + 0x12
core   0: 3 0x80001314 (0x0120036f) x 6 0x80001318
core   0: 0x80001326 (0x00002821) c.jal   pc + 24
core   0: 3 0x80001326 (0x2821) x 1 0x80001328
core   0: 0x8000133e (0x00006129) c.addi16sp sp, 192
core   0: 3 0x8000133e (0x6129) x 2 0x00002a04
core   0: 0x80001340 (0x0000f417) auipc   s0, 0xf
core   0: 3 0x80001340 (0x0000f417) x 8 0x80010340
core   0: 0x80001344 (0x4d840413) addi    s0, s0, 1240
core   0: 3 0x80001344 (0x4d840413) x 8 0x80010818
core   0: 0x80001348 (0x034871b3) remu    gp, a6, s4
core   0: 3 0x80001348 (0x034871b3) x 3 0x0000000e
core   0: 0x8000134c (0xffd40ca3) sb      t4, -7(s0)
core   0: 3 0x8000134c (0xffd40ca3) mem 0x80010811 0x0
core   0: 0x80001350 (0xfd144a03) lbu     s4, -47(s0)
core   0: 3 0x80001350 (0xfd144a03) x20 0x000000f5 mem 0x800107e9
core   0: 0x80001354 (0xfe442503) lw      a0, -28(s0)
core   0: 3 0x80001354 (0xfe442503) x10 0xec6f492d mem 0x800107fc
core   0: 0x80001358 (0xfe444503) lbu     a0, -28(s0)
core   0: 3 0x80001358 (0xfe444503) x10 0x0000002d mem 0x800107fc
core   0: 0x8000135c (0xfe441503) lh      a0, -28(s0)
core   0: 3 0x8000135c (0xfe441503) x10 0x0000492d mem 0x800107fc
core   0: 0x80001360 (0x0000dc44) c.sw    s1, 60(s0)
core   0: 3 0x80001360 (0xdc44) mem 0x80010854 0x0000008b
core   0: 0x80001362 (0x03144e03) lbu     t3, 49(s0)
core   0: 3 0x80001362 (0x03144e03) x28 0x00000053 mem 0x80010849
core   0: 0x80001366 (0x00944e03) lbu     t3, 9(s0)
core   0: 3 0x80001366 (0x00944e03) x28 0x00000015 mem 0x80010821
core   0: 0x8000136a (0x002404a3) sb      sp, 9(s0)
core   0: 3 0x8000136a (0x002404a3) mem 0x80010821 0x4
core   0: 0x8000136e (0x02840b23) sb      s0, 54(s0)
core   0: 3 0x8000136e (0x02840b23) mem 0x8001084e 0x18
core   0: 0x80001372 (0x01f2b2b3) sltu    t0, t0, t6
core   0: 3 0x80001372 (0x01f2b2b3) x 5 0x00000000
core   0: 0x80001376 (0x00008f01) c.sub   a4, s0
core   0: 3 0x80001376 (0x8f01) x14 0x7ffef7e8
core   0: 0x80001378 (0x03640d83) lb      s11, 54(s0)
core   0: 3 0x80001378 (0x03640d83) x27 0x00000018 mem 0x8001084e
core   0: 0x8000137c (0x033400a3) sb      s3, 33(s0)
core   0: 3 0x8000137c (0x033400a3) mem 0x80010839 0x9e
core   0: 0x80001380 (0x0000dc48) c.sw    a0, 60(s0)
core   0: 3 0x80001380 (0xdc48) mem 0x80010854 0x0000492d
core   0: 0x80001382 (0x00b405a3) sb      a1, 11(s0)
core   0: 3 0x80001382 (0x00b405a3) mem 0x80010823 0x54
core   0: 0x80001386 (0xfd641e23) sh      s6, -36(s0)
core   0: 3 0x80001386 (0xfd641e23) mem 0x800107f4 0xfff4
core   0: 0x8000138a (0x01544583) lbu     a1, 21(s0)
core   0: 3 0x8000138a (0x01544583) x11 0x000000f5 mem 0x8001082d
core   0: 0x8000138e (0xfcf44003) lbu     zero, -49(s0)
core   0: 3 0x8000138e (0xfcf44003) mem 0x800107e7
core   0: 0x80001392 (0x02444a83) lbu     s5, 36(s0)
core   0: 3 0x80001392 (0x02444a83) x21 0x000000be mem 0x8001083c
core   0: 0x80001396 (0x03b40683) lb      a3, 59(s0)
core   0: 3 0x80001396 (0x03b40683) x13 0x0000002b mem 0x80010853
core   0: 0x8000139a (0x0000fe17) auipc   t3, 0xf
core   0: 3 0x8000139a (0x0000fe17) x28 0x8001039a
core   0: 0x8000139e (0xf37e0e13) addi    t3, t3, -201
core   0: 3 0x8000139e (0xf37e0e13) x28 0x800102d1
core   0: 0x800013a2 (0x0ff0000f) fence   iorw,iorw
core   0: 3 0x800013a2 (0x0ff0000f)
core   0: 0x800013a6 (0xfd7e0403) lb      s0, -41(t3)
core   0: 3 0x800013a6 (0xfd7e0403) x 8 0xffffffb7 mem 0x800102a8
core   0: 0x800013aa (0x00ce0c03) lb      s8, 12(t3)
core   0: 3 0x800013aa (0x00ce0c03) x24 0x0000004d mem 0x800102dd
core   0: 0x800013ae (0x036862b3) rem     t0, a6, s6
core   0: 3 0x800013ae (0x036862b3) x 5 0x00000002
core   0: 0x800013b2 (0x027dc4b3) div     s1, s11, t2
core   0: 3 0x800013b2 (0x027dc4b3) x 9 0x00000000
core   0: 0x800013b6 (0x000008e6) c.slli  a7, 25
core   0: 3 0x800013b6 (0x08e6) x17 0x2a000000
core   0: 0x800013b8 (0x0182dfb3) srl     t6, t0, s8
core   0: 3 0x800013b8 (0x0182dfb3) x31 0x00000000
core   0: 0x800013bc (0xfe7e0223) sb      t2, -28(t3)
core   0: 3 0x800013bc (0xfe7e0223) mem 0x800102b5 0x94
core   0: 0x800013c0 (0xff0e01a3) sb      a6, -29(t3)
core   0: 3 0x800013c0 (0xff0e01a3) mem 0x800102b4 0xe
core   0: 0x800013c4 (0x030e0303) lb      t1, 48(t3)
core   0: 3 0x800013c4 (0x030e0303) x 6 0xffffffb4 mem 0x80010301
core   0: 0x800013c8 (0x02ae0503) lb      a0, 42(t3)
core   0: 3 0x800013c8 (0x02ae0503) x10 0xffffffca mem 0x800102fb
core   0: 0x800013cc (0x024f65b3) rem     a1, t5, tp
core   0: 3 0x800013cc (0x024f65b3) x11 0x00000065
core   0: 0x800013d0 (0x020ef333) remu    t1, t4, zero
core   0: 3 0x800013d0 (0x020ef333) x 6 0x00000000
core   0: 0x800013d4 (0x009e1d83) lh      s11, 9(t3)
core   0: 3 0x800013d4 (0x009e1d83) x27 0xfffff382 mem 0x800102da
core   0: 0x800013d8 (0x00000001) c.nop
core   0: 3 0x800013d8 (0x0001)
core   0: 0x800013da (0x412f5f93) srai    t6, t5, 18
core   0: 3 0x800013da (0x412f5f93) x31 0x00000000
core   0: 0x800013de (0xff3e0b23) sb      s3, -10(t3)
core   0: 3 0x800013de (0xff3e0b23) mem 0x800102c7 0x9e
core   0: 0x800013e2 (0x02f06233) rem     tp, zero, a5
core   0: 3 0x800013e2 (0x02f06233) x 4 0x00000000
core   0: 0x800013e6 (0x017b95b3) sll     a1, s7, s7
core   0: 3 0x800013e6 (0x017b95b3) x11 0x00000002
core   0: 0x800013ea (0x022f0733) mul     a4, t5, sp
core   0: 3 0x800013ea (0x022f0733) x14 0x00109394
core   0: 0x800013ee (0x031e4f03) lbu     t5, 49(t3)
core   0: 3 0x800013ee (0x031e4f03) x30 0x0000005e mem 0x80010302
core   0: 0x800013f2 (0x00008741) c.srai  a4, 16
core   0: 3 0x800013f2 (0x8741) x14 0x00000010
core   0: 0x800013f4 (0xfc9e1403) lh      s0, -55(t3)
core   0: 3 0x800013f4 (0xfc9e1403) x 8 0x0000497a mem 0x8001029a
core   0: 0x800013f8 (0x00e8ea33) or      s4, a7, a4
core   0: 3 0x800013f8 (0x00e8ea33) x20 0x2a000010
core   0: 0x800013fc (0x00009866) c.add   a6, s9
core   0: 3 0x800013fc (0x9866) x16 0x8001c208
core   0: 0x800013fe (0x02669b33) mulh    s6, a3, t1
core   0: 3 0x800013fe (0x02669b33) x22 0x00000000
core   0: 0x80001402 (0x3f484c13) xori    s8, a6, 1012
core   0: 3 0x80001402 (0x3f484c13) x24 0x8001c1fc
core   0: 0x80001406 (0x0ff0000f) fence   iorw,iorw
core   0: 3 0x80001406 (0x0ff0000f)
core   0: 0x8000140a (0xfc9e0823) sb      s1, -48(t3)
core   0: 3 0x8000140a (0xfc9e0823) mem 0x800102a1 0x0
core   0: 0x8000140e (0xff1e1383) lh      t2, -15(t3)
core   0: 3 0x8000140e (0xff1e1383) x 7 0x00000e53 mem 0x800102c2
core   0: 0x80001412 (0x40b85413) srai    s0, a6, 11
core   0: 3 0x80001412 (0x40b85413) x 8 0xfff00038
core   0: 0x80001416 (0xfeae0003) lb      zero, -22(t3)
core   0: 3 0x80001416 (0xfeae0003) mem 0x800102bb
core   0: 0x8000141a (0xfcde4503) lbu     a0, -51(t3)
core   0: 3 0x8000141a (0xfcde4503) x10 0x00000001 mem 0x8001029e
core   0: 0x8000141e (0x003e2c83) lw      s9, 3(t3)
core   0: 3 0x8000141e (0x003e2c83) x25 0x9937277c mem 0x800102d4
core   0: 0x80001422 (0x02f830b3) mulhu   ra, a6, a5
core   0: 3 0x80001422 (0x02f830b3) x 1 0x4002103a
core   0: 0x80001426 (0x01ce0903) lb      s2, 28(t3)
core   0: 3 0x80001426 (0x01ce0903) x18 0xffffffed mem 0x800102ed
core   0: 0x8000142a (0x00008e89) c.sub   a3, a0
core   0: 3 0x8000142a (0x8e89) x13 0x0000002a
core   0: 0x8000142c (0x007b1a13) slli    s4, s6, 7
core   0: 3 0x8000142c (0x007b1a13) x20 0x00000000
core   0: 0x80001430 (0x00008f4d) c.or    a4, a1
core   0: 3 0x80001430 (0x8f4d) x14 0x00000012
core   0: 0x80001432 (0xfdbe5b03) lhu     s6, -37(t3)
core   0: 3 0x80001432 (0xfdbe5b03) x22 0x0000342a mem 0x800102ac
core   0: 0x80001436 (0x00008dfd) c.and   a1, a5
core   0: 3 0x80001436 (0x8dfd) x11 0x00000000
core   0: 0x80001438 (0x00008f4d) c.or    a4, a1
core   0: 3 0x80001438 (0x8f4d) x14 0x00000012
core   0: 0x8000143a (0x00006135) c.addi16sp sp, 352
core   0: 3 0x8000143a (0x6135) x 2 0x00002b64
core   0: 0x8000143c (0x005b32b3) sltu    t0, s6, t0
core   0: 3 0x8000143c (0x005b32b3) x 5 0x00000000
core   0: 0x80001440 (0x018e4903) lbu     s2, 24(t3)
core   0: 3 0x80001440 (0x018e4903) x18 0x000000e0 mem 0x800102e9
core   0: 0x80001444 (0xfc7e1ba3) sh      t2, -41(t3)
core   0: 3 0x80001444 (0xfc7e1ba3) mem 0x800102a8 0x0e53
core   0: 0x80001448 (0x00000b45) c.addi  s6, 17
core   0: 3 0x80001448 (0x0b45) x22 0x0000343b
core   0: 0x8000144a (0x00d129b3) slt     s3, sp, a3
core   0: 3 0x8000144a (0x00d129b3) x19 0x00000000
core   0: 0x8000144e (0xff2e0423) sb      s2, -24(t3)
core   0: 3 0x8000144e (0xff2e0423) mem 0x800102b9 0xe0
core   0: 0x80001452 (0x00010217) auipc   tp, 0x10
core   0: 3 0x80001452 (0x00010217) x 4 0x80011452
core   0: 0x80001456 (0xb6120213) addi    tp, tp, -1183
core   0: 3 0x80001456 (0xb6120213) x 4 0x80010fb3
core   0: 0x8000145a (0xe1724a83) lbu     s5, -489(tp)
core   0: 3 0x8000145a (0xe1724a83) x21 0x000000c9 mem 0x80010dca
core   0: 0x8000145e (0xb0720003) lb      zero, -1273(tp)
core   0: 3 0x8000145e (0xb0720003) mem 0x80010aba
core   0: 0x80001462 (0xcaf21e03) lh      t3, -849(tp)
core   0: 3 0x80001462 (0xcaf21e03) x28 0xffffe76c mem 0x80010c62
core   0: 0x80001466 (0x00008eb5) c.xor   a3, a3
core   0: 3 0x80001466 (0x8eb5) x13 0x00000000
core   0: 0x80001468 (0xcf324003) lbu     zero, -781(tp)
core   0: 3 0x80001468 (0xcf324003) mem 0x80010ca6
core   0: 0x8000146c (0x2de04913) xori    s2, zero, 734
core   0: 3 0x8000146c (0x2de04913) x18 0x000002de
core   0: 0x80001470 (0x280a6017) auipc   zero, 0x280a6
core   0: 3 0x80001470 (0x280a6017)
core   0: 0x80001474 (0x000a8033) add     zero, s5, zero
core   0: 3 0x80001474 (0x000a8033)
core   0: 0x80001478 (0x23a8ae37) lui     t3, 0x23a8a
core   0: 3 0x80001478 (0x23a8ae37) x28 0x23a8a000
core   0: 0x8000147c (0x9fd20e03) lb      t3, -1539(tp)
core   0: 3 0x8000147c (0x9fd20e03) x28 0x00000022 mem 0x800109b0
core   0: 0x80001480 (0x4a902913) slti    s2, zero, 1193
core   0: 3 0x80001480 (0x4a902913) x18 0x00000001
core   0: 0x80001484 (0xa8020f23) sb      zero, -1378(tp)
core   0: 3 0x80001484 (0xa8020f23) mem 0x80010a51 0x0
core   0: 0x80001488 (0x07c219a3) sh      t3, 115(tp)
core   0: 3 0x80001488 (0x07c219a3) mem 0x80011026 0x0022
core   0: 0x8000148c (0xbbc212a3) sh      t3, -1115(tp)
core   0: 3 0x8000148c (0xbbc212a3) mem 0x80010b58 0x0022
core   0: 0x80001490 (0xda321903) lh      s2, -605(tp)
core   0: 3 0x80001490 (0xda321903) x18 0x00001fbf mem 0x80010d56
core   0: 0x80001494 (0xa5320683) lb      a3, -1453(tp)
core   0: 3 0x80001494 (0xa5320683) x13 0xffffffbc mem 0x80010a06
core   0: 0x80001498 (0x03204ab3) div     s5, zero, s2
core   0: 3 0x80001498 (0x03204ab3) x21 0x00000000
core   0: 0x8000149c (0xd9c20823) sb      t3, -624(tp)
core   0: 3 0x8000149c (0xd9c20823) mem 0x80010d43 0x22
core   0: 0x800014a0 (0xe92204a3) sb      s2, -375(tp)
core   0: 3 0x800014a0 (0xe92204a3) mem 0x80010e3c 0xbf
core   0: 0x800014a4 (0xcb824683) lbu     a3, -840(tp)
core   0: 3 0x800014a4 (0xcb824683) x13 0x00000000 mem 0x80010c6b
core   0: 0x800014a8 (0x01caa6b3) slt     a3, s5, t3
core   0: 3 0x800014a8 (0x01caa6b3) x13 0x00000001
core   0: 0x800014ac (0x07c24903) lbu     s2, 124(tp)
core   0: 3 0x800014ac (0x07c24903) x18 0x000000d8 mem 0x8001102f
core   0: 0x800014b0 (0xd1221da3) sh      s2, -741(tp)
core   0: 3 0x800014b0 (0xd1221da3) mem 0x80010cce 0x00d8
core   0: 0x800014b4 (0x00009952) c.add   s2, s4
core   0: 3 0x800014b4 (0x9952) x18 0x000000d8
core   0: 0x800014b6 (0x00b69e13) slli    t3, a3, 11
core   0: 3 0x800014b6 (0x00b69e13) x28 0x00000800
core   0: 0x800014ba (0x02624e03) lbu     t3, 38(tp)
core   0: 3 0x800014ba (0x02624e03) x28 0x000000de mem 0x80010fd9
core   0: 0x800014be (0xa0120903) lb      s2, -1535(tp)
core   0: 3 0x800014be (0xa0120903) x18 0xffffffb0 mem 0x800109b4
core   0: 0x800014c2 (0x00008ad6) c.mv    s5, s5
core   0: 3 0x800014c2 (0x8ad6) x21 0x00000000
core   0: 0x800014c4 (0x8c820a03) lb      s4, -1848(tp)
core   0: 3 0x800014c4 (0x8c820a03) x20 0xffffff86 mem 0x8001087b
core   0: 0x800014c8 (0xf0020a83) lb      s5, -256(tp)
core   0: 3 0x800014c8 (0xf0020a83) x21 0x00000046 mem 0x80010eb3
core   0: 0x800014cc (0xc9420223) sb      s4, -892(tp)
core   0: 3 0x800014cc (0xc9420223) mem 0x80010c37 0x86
core   0: 0x800014d0 (0x98e20003) lb      zero, -1650(tp)
core   0: 3 0x800014d0 (0x98e20003) mem 0x80010941
core   0: 0x800014d4 (0xf3c20903) lb      s2, -196(tp)
core   0: 3 0x800014d4 (0xf3c20903) x18 0x00000059 mem 0x80010eef
core   0: 0x800014d8 (0x02e0036f) jal     t1, pc + 0x2e
core   0: 3 0x800014d8 (0x02e0036f) x 6 0x800014dc
core   0: 0x80001506 (0x0000b7dd) c.j     pc - 26
core   0: 3 0x80001506 (0xb7dd)
core   0: 0x800014ec (0x0000bfc5) c.j     pc - 16
core   0: 3 0x800014ec (0xbfc5)
core   0: 0x800014dc (0x0000a00d) c.j     pc + 34
core   0: 3 0x800014dc (0xa00d)
core   0: 0x800014fe (0x000037dd) c.jal   pc - 26
core   0: 3 0x800014fe (0x37dd) x 1 0x80001500
core   0: 0x800014e4 (0x00c0036f) jal     t1, pc + 0xc
core   0: 3 0x800014e4 (0x00c0036f) x 6 0x800014e8
core   0: 0x800014f0 (0x0000a031) c.j     pc + 12
core   0: 3 0x800014f0 (0xa031)
core   0: 0x800014fc (0x00003fdd) c.jal   pc - 10
core   0: 3 0x800014fc (0x3fdd) x 1 0x800014fe
core   0: 0x800014f2 (0xff7ff0ef) jal     pc - 0xa
core   0: 3 0x800014f2 (0xff7ff0ef) x 1 0x800014f6
core   0: 0x800014e8 (0x012000ef) jal     pc + 0x12
core   0: 3 0x800014e8 (0x012000ef) x 1 0x800014ec
core   0: 0x800014fa (0x0000a801) c.j     pc + 16
core   0: 3 0x800014fa (0xa801)
core   0: 0x8000150a (0x00003fed) c.jal   pc - 6
core   0: 3 0x8000150a (0x3fed) x 1 0x8000150c
core   0: 0x80001504 (0x0000b7ed) c.j     pc - 22
core   0: 3 0x80001504 (0xb7ed)
core   0: 0x800014ee (0x00002021) c.jal   pc + 8
core   0: 3 0x800014ee (0x2021) x 1 0x800014f0
core   0: 0x800014f6 (0x016000ef) jal     pc + 0x16
core   0: 3 0x800014f6 (0x016000ef) x 1 0x800014fa
core   0: 0x8000150c (0x0000bfc9) c.j     pc - 46
core   0: 3 0x8000150c (0xbfc9)
core   0: 0x800014de (0x0000202d) c.jal   pc + 42
core   0: 3 0x800014de (0x202d) x 1 0x800014e0
core   0: 0x80001508 (0x0000bfe1) c.j     pc - 40
core   0: 3 0x80001508 (0xbfe1)
core   0: 0x800014e0 (0x020000ef) jal     pc + 0x20
core   0: 3 0x800014e0 (0x020000ef) x 1 0x800014e4
core   0: 0x80001500 (0x00e002ef) jal     t0, pc + 0xe
core   0: 3 0x80001500 (0x00e002ef) x 5 0x80001504
core   0: 0x8000150e (0x00008e32) c.mv    t3, a2
core   0: 3 0x8000150e (0x8e32) x28 0x80029ce4
core   0: 0x80001510 (0x00500f93) li      t6, 5
core   0: 3 0x80001510 (0x00500f93) x31 0x00000005
core   0: 0x80001514 (0x00bc3533) sltu    a0, s8, a1
core   0: 3 0x80001514 (0x00bc3533) x10 0x00000000
core   0: 0x80001518 (0x00008f25) c.xor   a4, s1
core   0: 3 0x80001518 (0x8f25) x14 0x00000012
core   0: 0x8000151a (0x00f270b3) and     ra, tp, a5
core   0: 3 0x8000151a (0x00f270b3) x 1 0x80000e20
core   0: 0x8000151e (0xff500f13) li      t5, -11
core   0: 3 0x8000151e (0xff500f13) x30 0xfffffff5
core   0: 0x80001522 (0x0376d233) divu    tp, a3, s7
core   0: 3 0x80001522 (0x0376d233) x 4 0x00000001
core   0: 0x80001526 (0x018871b3) and     gp, a6, s8
core   0: 3 0x80001526 (0x018871b3) x 3 0x8001c008
core   0: 0x8000152a (0x00001ff5) c.addi  t6, -3
core   0: 3 0x8000152a (0x1ff5) x31 0x00000002
core   0: 0x8000152c (0x72927413) andi    s0, tp, 1833
core   0: 3 0x8000152c (0x72927413) x 8 0x00000001
core   0: 0x80001530 (0x6fdc7013) andi    zero, s8, 1789
core   0: 3 0x80001530 (0x6fdc7013)
core   0: 0x80001534 (0x03a3eab3) rem     s5, t2, s10
core   0: 3 0x80001534 (0x03a3eab3) x21 0x00000067
core   0: 0x80001538 (0x012bbd33) sltu    s10, s7, s2
core   0: 3 0x80001538 (0x012bbd33) x26 0x00000001
core   0: 0x8000153c (0x00008dc9) c.or    a1, a0
core   0: 3 0x8000153c (0x8dc9) x11 0x00000000
core   0: 0x8000153e (0xd8440a93) addi    s5, s0, -636
core   0: 3 0x8000153e (0xd8440a93) x21 0xfffffd85
core   0: 0x80001542 (0xffefd2e3) bge     t6, t5, pc - 28
core   0: 3 0x80001542 (0xffefd2e3)
core   0: 0x80001526 (0x018871b3) and     gp, a6, s8
core   0: 3 0x80001526 (0x018871b3) x 3 0x8001c008
core   0: 0x8000152a (0x00001ff5) c.addi  t6, -3
core   0: 3 0x8000152a (0x1ff5) x31 0xffffffff
core   0: 0x8000152c (0x72927413) andi    s0, tp, 1833
core   0: 3 0x8000152c (0x72927413) x 8 0x00000001
core   0: 0x80001530 (0x6fdc7013) andi    zero, s8, 1789
core   0: 3 0x80001530 (0x6fdc7013)
core   0: 0x80001534 (0x03a3eab3) rem     s5, t2, s10
core   0: 3 0x80001534 (0x03a3eab3) x21 0x00000000
core   0: 0x80001538 (0x012bbd33) sltu    s10, s7, s2
core   0: 3 0x80001538 (0x012bbd33) x26 0x00000001
core   0: 0x8000153c (0x00008dc9) c.or    a1, a0
core   0: 3 0x8000153c (0x8dc9) x11 0x00000000
core   0: 0x8000153e (0xd8440a93) addi    s5, s0, -636
core   0: 3 0x8000153e (0xd8440a93) x21 0xfffffd85
core   0: 0x80001542 (0xffefd2e3) bge     t6, t5, pc - 28
core   0: 3 0x80001542 (0xffefd2e3)
core   0: 0x80001526 (0x018871b3) and     gp, a6, s8
core   0: 3 0x80001526 (0x018871b3) x 3 0x8001c008
core   0: 0x8000152a (0x00001ff5) c.addi  t6, -3
core   0: 3 0x8000152a (0x1ff5) x31 0xfffffffc
core   0: 0x8000152c (0x72927413) andi    s0, tp, 1833
core   0: 3 0x8000152c (0x72927413) x 8 0x00000001
core   0: 0x80001530 (0x6fdc7013) andi    zero, s8, 1789
core   0: 3 0x80001530 (0x6fdc7013)
core   0: 0x80001534 (0x03a3eab3) rem     s5, t2, s10
core   0: 3 0x80001534 (0x03a3eab3) x21 0x00000000
core   0: 0x80001538 (0x012bbd33) sltu    s10, s7, s2
core   0: 3 0x80001538 (0x012bbd33) x26 0x00000001
core   0: 0x8000153c (0x00008dc9) c.or    a1, a0
core   0: 3 0x8000153c (0x8dc9) x11 0x00000000
core   0: 0x8000153e (0xd8440a93) addi    s5, s0, -636
core   0: 3 0x8000153e (0xd8440a93) x21 0xfffffd85
core   0: 0x80001542 (0xffefd2e3) bge     t6, t5, pc - 28
core   0: 3 0x80001542 (0xffefd2e3)
core   0: 0x80001526 (0x018871b3) and     gp, a6, s8
core   0: 3 0x80001526 (0x018871b3) x 3 0x8001c008
core   0: 0x8000152a (0x00001ff5) c.addi  t6, -3
core   0: 3 0x8000152a (0x1ff5) x31 0xfffffff9
core   0: 0x8000152c (0x72927413) andi    s0, tp, 1833
core   0: 3 0x8000152c (0x72927413) x 8 0x00000001
core   0: 0x80001530 (0x6fdc7013) andi    zero, s8, 1789
core   0: 3 0x80001530 (0x6fdc7013)
core   0: 0x80001534 (0x03a3eab3) rem     s5, t2, s10
core   0: 3 0x80001534 (0x03a3eab3) x21 0x00000000
core   0: 0x80001538 (0x012bbd33) sltu    s10, s7, s2
core   0: 3 0x80001538 (0x012bbd33) x26 0x00000001
core   0: 0x8000153c (0x00008dc9) c.or    a1, a0
core   0: 3 0x8000153c (0x8dc9) x11 0x00000000
core   0: 0x8000153e (0xd8440a93) addi    s5, s0, -636
core   0: 3 0x8000153e (0xd8440a93) x21 0xfffffd85
core   0: 0x80001542 (0xffefd2e3) bge     t6, t5, pc - 28
core   0: 3 0x80001542 (0xffefd2e3)
core   0: 0x80001526 (0x018871b3) and     gp, a6, s8
core   0: 3 0x80001526 (0x018871b3) x 3 0x8001c008
core   0: 0x8000152a (0x00001ff5) c.addi  t6, -3
core   0: 3 0x8000152a (0x1ff5) x31 0xfffffff6
core   0: 0x8000152c (0x72927413) andi    s0, tp, 1833
core   0: 3 0x8000152c (0x72927413) x 8 0x00000001
core   0: 0x80001530 (0x6fdc7013) andi    zero, s8, 1789
core   0: 3 0x80001530 (0x6fdc7013)
core   0: 0x80001534 (0x03a3eab3) rem     s5, t2, s10
core   0: 3 0x80001534 (0x03a3eab3) x21 0x00000000
core   0: 0x80001538 (0x012bbd33) sltu    s10, s7, s2
core   0: 3 0x80001538 (0x012bbd33) x26 0x00000001
core   0: 0x8000153c (0x00008dc9) c.or    a1, a0
core   0: 3 0x8000153c (0x8dc9) x11 0x00000000
core   0: 0x8000153e (0xd8440a93) addi    s5, s0, -636
core   0: 3 0x8000153e (0xd8440a93) x21 0xfffffd85
core   0: 0x80001542 (0xffefd2e3) bge     t6, t5, pc - 28
core   0: 3 0x80001542 (0xffefd2e3)
core   0: 0x80001526 (0x018871b3) and     gp, a6, s8
core   0: 3 0x80001526 (0x018871b3) x 3 0x8001c008
core   0: 0x8000152a (0x00001ff5) c.addi  t6, -3
core   0: 3 0x8000152a (0x1ff5) x31 0xfffffff3
core   0: 0x8000152c (0x72927413) andi    s0, tp, 1833
core   0: 3 0x8000152c (0x72927413) x 8 0x00000001
core   0: 0x80001530 (0x6fdc7013) andi    zero, s8, 1789
core   0: 3 0x80001530 (0x6fdc7013)
core   0: 0x80001534 (0x03a3eab3) rem     s5, t2, s10
core   0: 3 0x80001534 (0x03a3eab3) x21 0x00000000
core   0: 0x80001538 (0x012bbd33) sltu    s10, s7, s2
core   0: 3 0x80001538 (0x012bbd33) x26 0x00000001
core   0: 0x8000153c (0x00008dc9) c.or    a1, a0
core   0: 3 0x8000153c (0x8dc9) x11 0x00000000
core   0: 0x8000153e (0xd8440a93) addi    s5, s0, -636
core   0: 3 0x8000153e (0xd8440a93) x21 0xfffffd85
core   0: 0x80001542 (0xffefd2e3) bge     t6, t5, pc - 28
core   0: 3 0x80001542 (0xffefd2e3)
core   0: 0x80001546 (0x0398f3b3) remu    t2, a7, s9
core   0: 3 0x80001546 (0x0398f3b3) x 7 0x2a000000
core   0: 0x8000154a (0x00200693) li      a3, 2
core   0: 3 0x8000154a (0x00200693) x13 0x00000002
core   0: 0x8000154e (0x40e55f93) srai    t6, a0, 14
core   0: 3 0x8000154e (0x40e55f93) x31 0x00000000
core   0: 0x80001552 (0x01d388b3) add     a7, t2, t4
core   0: 3 0x80001552 (0x01d388b3) x17 0x2a000000
core   0: 0x80001556 (0x00000001) c.nop
core   0: 3 0x80001556 (0x0001)
core   0: 0x80001558 (0x419edb13) srai    s6, t4, 25
core   0: 3 0x80001558 (0x419edb13) x22 0x00000000
core   0: 0x8000155c (0x02d3d4b3) divu    s1, t2, a3
core   0: 3 0x8000155c (0x02d3d4b3) x 9 0x15000000
core   0: 0x80001560 (0x1319b913) sltiu   s2, s3, 305
core   0: 3 0x80001560 (0x1319b913) x18 0x00000001
core   0: 0x80001564 (0x02f93fb3) mulhu   t6, s2, a5
core   0: 3 0x80001564 (0x02f93fb3) x31 0x00000000
core   0: 0x80001568 (0x00008f65) c.and   a4, s1
core   0: 3 0x80001568 (0x8f65) x14 0x00000000
core   0: 0x8000156a (0x00009b7d) c.andi  a4, -1
core   0: 3 0x8000156a (0x9b7d) x14 0x00000000
core   0: 0x8000156c (0x00000e26) c.slli  t3, 9
core   0: 3 0x8000156c (0x0e26) x28 0x0539c800
core   0: 0x8000156e (0x0000014e) c.slli  sp, 19
core   0: 3 0x8000156e (0x014e) x 2 0x5b200000
core   0: 0x80001570 (0x00008f25) c.xor   a4, s1
core   0: 3 0x80001570 (0x8f25) x14 0x15000000
core   0: 0x80001572 (0x71f99897) auipc   a7, 0x71f99
core   0: 3 0x80001572 (0x71f99897) x17 0xf1f9a572
core   0: 0x80001576 (0x0000100f) fence.i
core   0: 3 0x80001576 (0x0000100f)
core   0: 0x8000157a (0x03c3fc33) remu    s8, t2, t3
core   0: 3 0x8000157a (0x03c3fc33) x24 0x0031c000
core   0: 0x8000157e (0x000016f9) c.addi  a3, -2
core   0: 3 0x8000157e (0x16f9) x13 0x00000000
core   0: 0x80001580 (0x0000945a) c.add   s0, s6
core   0: 3 0x80001580 (0x945a) x 8 0x00000001
core   0: 0x80001582 (0x0198dab3) srl     s5, a7, s9
core   0: 3 0x80001582 (0x0198dab3) x21 0x0000000f
core   0: 0x80001586 (0x8942e297) auipc   t0, 0x8942e
core   0: 3 0x80001586 (0x8942e297) x 5 0x0942f586
core   0: 0x8000158a (0x0121b4b3) sltu    s1, gp, s2
core   0: 3 0x8000158a (0x0121b4b3) x 9 0x00000000
core   0: 0x8000158e (0x023291b3) mulh    gp, t0, gp
core   0: 3 0x8000158e (0x023291b3) x 3 0xfb5e9572
core   0: 0x80001592 (0x0030d893) srli    a7, ra, 3
core   0: 3 0x80001592 (0x0030d893) x17 0x100001c4
core   0: 0x80001596 (0x02a6da33) divu    s4, a3, a0
core   0: 3 0x80001596 (0x02a6da33) x20 0xffffffff
core   0: 0x8000159a (0x00a350b3) srl     ra, t1, a0
core   0: 3 0x8000159a (0x00a350b3) x 1 0x800014e8
core   0: 0x8000159e (0x406e8833) sub     a6, t4, t1
core   0: 3 0x8000159e (0x406e8833) x16 0x7fffeb18
core   0: 0x800015a2 (0x0000f2e9) c.bnez  a3, pc - 62
core   0: 3 0x800015a2 (0xf2e9)
core   0: 0x800015a4 (0x01ba5c13) srli    s8, s4, 27
core   0: 3 0x800015a4 (0x01ba5c13) x24 0x0000001f
core   0: 0x800015a8 (0xff600713) li      a4, -10
core   0: 3 0x800015a8 (0xff600713) x14 0xfffffff6
core   0: 0x800015ac (0x00006cbd) c.lui   s9, 0xf
core   0: 3 0x800015ac (0x6cbd) x25 0x0000f000
core   0: 0x800015ae (0x0ff0000f) fence   iorw,iorw
core   0: 3 0x800015ae (0x0ff0000f)
core   0: 0x800015b2 (0x0354fcb3) remu    s9, s1, s5
core   0: 3 0x800015b2 (0x0354fcb3) x25 0x00000000
core   0: 0x800015b6 (0x01c4bf33) sltu    t5, s1, t3
core   0: 3 0x800015b6 (0x01c4bf33) x30 0x00000001
core   0: 0x800015ba (0x033df333) remu    t1, s11, s3
core   0: 3 0x800015ba (0x033df333) x 6 0xfffff382
core   0: 0x800015be (0x0000911e) c.add   sp, t2
core   0: 3 0x800015be (0x911e) x 2 0x85200000
core   0: 0x800015c0 (0x00008eb1) c.xor   a3, a2
core   0: 3 0x800015c0 (0x8eb1) x13 0x80029ce4
core   0: 0x800015c2 (0x40a95513) srai    a0, s2, 10
core   0: 3 0x800015c2 (0x40a95513) x10 0x00000000
core   0: 0x800015c6 (0x014dad33) slt     s10, s11, s4
core   0: 3 0x800015c6 (0x014dad33) x26 0x00000001
core   0: 0x800015ca (0x00c41b13) slli    s6, s0, 12
core   0: 3 0x800015ca (0x00c41b13) x22 0x00001000
core   0: 0x800015ce (0x03237b33) remu    s6, t1, s2
core   0: 3 0x800015ce (0x03237b33) x22 0x00000000
core   0: 0x800015d2 (0x00b083b3) add     t2, ra, a1
core   0: 3 0x800015d2 (0x00b083b3) x 7 0x800014e8
core   0: 0x800015d6 (0x0000100f) fence.i
core   0: 3 0x800015d6 (0x0000100f)
core   0: 0x800015da (0x01000493) li      s1, 16
core   0: 3 0x800015da (0x01000493) x 9 0x00000010
core   0: 0x800015de (0x00000001) c.nop
core   0: 3 0x800015de (0x0001)
core   0: 0x800015e0 (0x02e000b3) mul     ra, zero, a4
core   0: 3 0x800015e0 (0x02e000b3) x 1 0x00000000
core   0: 0x800015e4 (0x00e15d13) srli    s10, sp, 14
core   0: 3 0x800015e4 (0x00e15d13) x26 0x00021480
core   0: 0x800015e8 (0x00000715) c.addi  a4, 5
core   0: 3 0x800015e8 (0x0715) x14 0xfffffffb
core   0: 0x800015ea (0x004c5b13) srli    s6, s8, 4
core   0: 3 0x800015ea (0x004c5b13) x22 0x00000001
core   0: 0x800015ee (0xfe9748e3) blt     a4, s1, pc - 16
core   0: 3 0x800015ee (0xfe9748e3)
core   0: 0x800015de (0x00000001) c.nop
core   0: 3 0x800015de (0x0001)
core   0: 0x800015e0 (0x02e000b3) mul     ra, zero, a4
core   0: 3 0x800015e0 (0x02e000b3) x 1 0x00000000
core   0: 0x800015e4 (0x00e15d13) srli    s10, sp, 14
core   0: 3 0x800015e4 (0x00e15d13) x26 0x00021480
core   0: 0x800015e8 (0x00000715) c.addi  a4, 5
core   0: 3 0x800015e8 (0x0715) x14 0x00000000
core   0: 0x800015ea (0x004c5b13) srli    s6, s8, 4
core   0: 3 0x800015ea (0x004c5b13) x22 0x00000001
core   0: 0x800015ee (0xfe9748e3) blt     a4, s1, pc - 16
core   0: 3 0x800015ee (0xfe9748e3)
core   0: 0x800015de (0x00000001) c.nop
core   0: 3 0x800015de (0x0001)
core   0: 0x800015e0 (0x02e000b3) mul     ra, zero, a4
core   0: 3 0x800015e0 (0x02e000b3) x 1 0x00000000
core   0: 0x800015e4 (0x00e15d13) srli    s10, sp, 14
core   0: 3 0x800015e4 (0x00e15d13) x26 0x00021480
core   0: 0x800015e8 (0x00000715) c.addi  a4, 5
core   0: 3 0x800015e8 (0x0715) x14 0x00000005
core   0: 0x800015ea (0x004c5b13) srli    s6, s8, 4
core   0: 3 0x800015ea (0x004c5b13) x22 0x00000001
core   0: 0x800015ee (0xfe9748e3) blt     a4, s1, pc - 16
core   0: 3 0x800015ee (0xfe9748e3)
core   0: 0x800015de (0x00000001) c.nop
core   0: 3 0x800015de (0x0001)
core   0: 0x800015e0 (0x02e000b3) mul     ra, zero, a4
core   0: 3 0x800015e0 (0x02e000b3) x 1 0x00000000
core   0: 0x800015e4 (0x00e15d13) srli    s10, sp, 14
core   0: 3 0x800015e4 (0x00e15d13) x26 0x00021480
core   0: 0x800015e8 (0x00000715) c.addi  a4, 5
core   0: 3 0x800015e8 (0x0715) x14 0x0000000a
core   0: 0x800015ea (0x004c5b13) srli    s6, s8, 4
core   0: 3 0x800015ea (0x004c5b13) x22 0x00000001
core   0: 0x800015ee (0xfe9748e3) blt     a4, s1, pc - 16
core   0: 3 0x800015ee (0xfe9748e3)
core   0: 0x800015de (0x00000001) c.nop
core   0: 3 0x800015de (0x0001)
core   0: 0x800015e0 (0x02e000b3) mul     ra, zero, a4
core   0: 3 0x800015e0 (0x02e000b3) x 1 0x00000000
core   0: 0x800015e4 (0x00e15d13) srli    s10, sp, 14
core   0: 3 0x800015e4 (0x00e15d13) x26 0x00021480
core   0: 0x800015e8 (0x00000715) c.addi  a4, 5
core   0: 3 0x800015e8 (0x0715) x14 0x0000000f
core   0: 0x800015ea (0x004c5b13) srli    s6, s8, 4
core   0: 3 0x800015ea (0x004c5b13) x22 0x00000001
core   0: 0x800015ee (0xfe9748e3) blt     a4, s1, pc - 16
core   0: 3 0x800015ee (0xfe9748e3)
core   0: 0x800015de (0x00000001) c.nop
core   0: 3 0x800015de (0x0001)
core   0: 0x800015e0 (0x02e000b3) mul     ra, zero, a4
core   0: 3 0x800015e0 (0x02e000b3) x 1 0x00000000
core   0: 0x800015e4 (0x00e15d13) srli    s10, sp, 14
core   0: 3 0x800015e4 (0x00e15d13) x26 0x00021480
core   0: 0x800015e8 (0x00000715) c.addi  a4, 5
core   0: 3 0x800015e8 (0x0715) x14 0x00000014
core   0: 0x800015ea (0x004c5b13) srli    s6, s8, 4
core   0: 3 0x800015ea (0x004c5b13) x22 0x00000001
core   0: 0x800015ee (0xfe9748e3) blt     a4, s1, pc - 16
core   0: 3 0x800015ee (0xfe9748e3)
core   0: 0x800015f2 (0x02034533) div     a0, t1, zero
core   0: 3 0x800015f2 (0x02034533) x10 0xffffffff
core   0: 0x800015f6 (0x0000ff17) auipc   t5, 0xf
core   0: 3 0x800015f6 (0x0000ff17) x30 0x800105f6
core   0: 0x800015fa (0xfa8f0f13) addi    t5, t5, -88
core   0: 3 0x800015fa (0xfa8f0f13) x30 0x8001059e
core   0: 0x800015fe (0x000094ce) c.add   s1, s3
core   0: 3 0x800015fe (0x94ce) x 9 0x00000010
core   0: 0x80001600 (0x00008d95) c.sub   a1, a3
core   0: 3 0x80001600 (0x8d95) x11 0x7ffd631c
core   0: 0x80001602 (0x235f0e03) lb      t3, 565(t5)
core   0: 3 0x80001602 (0x235f0e03) x28 0xffffff9e mem 0x800107d3
core   0: 0x80001606 (0x01f71233) sll     tp, a4, t6
core   0: 3 0x80001606 (0x01f71233) x 4 0x00000014
core   0: 0x8000160a (0x03988ab3) mul     s5, a7, s9
core   0: 3 0x8000160a (0x03988ab3) x21 0x00000000
core   0: 0x8000160e (0x00008dad) c.xor   a1, a1
core   0: 3 0x8000160e (0x8dad) x11 0x00000000
core   0: 0x80001610 (0x03ea10b3) mulh    ra, s4, t5
core   0: 3 0x80001610 (0x03ea10b3) x 1 0x00000000
core   0: 0x80001614 (0xb58f0fa3) sb      s8, -1185(t5)
core   0: 3 0x80001614 (0xb58f0fa3) mem 0x800100fd 0x1f
core   0: 0x80001618 (0x03b7e033) rem     zero, a5, s11
core   0: 3 0x80001618 (0x03b7e033)
core   0: 0x8000161c (0xbb0f1a83) lh      s5, -1104(t5)
core   0: 3 0x8000161c (0xbb0f1a83) x21 0x000001ba mem 0x8001014e
core   0: 0x80001620 (0x023e7333) remu    t1, t3, gp
core   0: 3 0x80001620 (0x023e7333) x 6 0x04a16a2c
core   0: 0x80001624 (0x03e250b3) divu    ra, tp, t5
core   0: 3 0x80001624 (0x03e250b3) x 1 0x00000000
core   0: 0x80001628 (0x5cef0883) lb      a7, 1486(t5)
core   0: 3 0x80001628 (0x5cef0883) x17 0x00000034 mem 0x80010b6c
core   0: 0x8000162c (0x028e9cb3) mulh    s9, t4, s0
core   0: 3 0x8000162c (0x028e9cb3) x25 0x00000000
core   0: 0x80001630 (0x000f1b03) lh      s6, 0(t5)
core   0: 3 0x80001630 (0x000f1b03) x22 0xffffaebb mem 0x8001059e
core   0: 0x80001634 (0x03cc5e33) divu    t3, s8, t3
core   0: 3 0x80001634 (0x03cc5e33) x28 0x00000000
core   0: 0x80001638 (0x0000100f) fence.i
core   0: 3 0x80001638 (0x0000100f)
core   0: 0x8000163c (0x036aa733) mulhsu  a4, s5, s6
core   0: 3 0x8000163c (0x036aa733) x14 0x000001b9
core   0: 0x80001640 (0x00006175) c.addi16sp sp, 368
core   0: 3 0x80001640 (0x6175) x 2 0x85200170
core   0: 0x80001642 (0x2a0f0103) lb      sp, 672(t5)
core   0: 3 0x80001642 (0x2a0f0103) x 2 0xffffffde mem 0x8001083e
core   0: 0x80001646 (0x00008af6) c.mv    s5, t4
core   0: 3 0x80001646 (0x8af6) x21 0x00000000
core   0: 0x80001648 (0x40448cb3) sub     s9, s1, tp
core   0: 3 0x80001648 (0x40448cb3) x25 0xfffffffc
core   0: 0x8000164c (0x0372de33) divu    t3, t0, s7
core   0: 3 0x8000164c (0x0372de33) x28 0x0942f586
core   0: 0x80001650 (0x00000001) c.nop
core   0: 3 0x80001650 (0x0001)
core   0: 0x80001652 (0x673f4003) lbu     zero, 1651(t5)
core   0: 3 0x80001652 (0x673f4003) mem 0x80010c11
core   0: 0x80001656 (0x4032dd13) srai    s10, t0, 3
core   0: 3 0x80001656 (0x4032dd13) x26 0x01285eb0
core   0: 0x8000165a (0x00b8cbb3) xor     s7, a7, a1
core   0: 3 0x8000165a (0x00b8cbb3) x23 0x00000034
core   0: 0x8000165e (0x0000688d) c.lui   a7, 0x3
core   0: 3 0x8000165e (0x688d) x17 0x00003000
core   0: 0x80001660 (0x9579eb93) ori     s7, s3, -1705
core   0: 3 0x80001660 (0x9579eb93) x23 0xfffff957
core   0: 0x80001664 (0x51ff0703) lb      a4, 1311(t5)
core   0: 3 0x80001664 (0x51ff0703) x14 0x00000057 mem 0x80010abd
core   0: 0x80001668 (0xf36f2c03) lw      s8, -202(t5)
core   0: 3 0x80001668 (0xf36f2c03) x24 0x9359d8f5 mem 0x800104d4
core   0: 0x8000166c (0x00009afd) c.andi  a3, -1
core   0: 3 0x8000166c (0x9afd) x13 0x80029ce4
core   0: 0x8000166e (0x659f0683) lb      a3, 1625(t5)
core   0: 3 0x8000166e (0x659f0683) x13 0x00000053 mem 0x80010bf7
core   0: 0x80001672 (0x0220036f) jal     t1, pc + 0x22
core   0: 3 0x80001672 (0x0220036f) x 6 0x80001676
core   0: 0x80001694 (0xffbff0ef) jal     pc - 0x6
core   0: 3 0x80001694 (0xffbff0ef) x 1 0x80001698
core   0: 0x8000168e (0x0000200d) c.jal   pc + 34
core   0: 3 0x8000168e (0x200d) x 1 0x80001690
core   0: 0x800016b0 (0x000037fd) c.jal   pc - 18
core   0: 3 0x800016b0 (0x37fd) x 1 0x800016b2
core   0: 0x8000169e (0x000037f5) c.jal   pc - 20
core   0: 3 0x8000169e (0x37f5) x 1 0x800016a0
core   0: 0x8000168a (0x02a00e6f) jal     t3, pc + 0x2a
core   0: 3 0x8000168a (0x02a00e6f) x28 0x8000168e
core   0: 0x800016b4 (0x0000bfed) c.j     pc - 6
core   0: 3 0x800016b4 (0xbfed)
core   0: 0x800016ae (0x0000bfdd) c.j     pc - 10
core   0: 3 0x800016ae (0xbfdd)
core   0: 0x800016a4 (0x0000bfe9) c.j     pc - 38
core   0: 3 0x800016a4 (0xbfe9)
core   0: 0x8000167e (0x00003ffd) c.jal   pc - 2
core   0: 3 0x8000167e (0x3ffd) x 1 0x80001680
core   0: 0x8000167c (0x0000202d) c.jal   pc + 42
core   0: 3 0x8000167c (0x202d) x 1 0x8000167e
core   0: 0x800016a6 (0x0000b7c5) c.j     pc - 32
core   0: 3 0x800016a6 (0xb7c5)
core   0: 0x80001686 (0x0000a01d) c.j     pc + 38
core   0: 3 0x80001686 (0xa01d)
core   0: 0x800016ac (0x00002031) c.jal   pc + 12
core   0: 3 0x800016ac (0x2031) x 1 0x800016ae
core   0: 0x800016b8 (0x000037cd) c.jal   pc - 30
core   0: 3 0x800016b8 (0x37cd) x 1 0x800016ba
core   0: 0x8000169a (0xfe7ff36f) jal     t1, pc - 0x1a
core   0: 3 0x8000169a (0xfe7ff36f) x 6 0x8000169e
core   0: 0x80001680 (0x042006ef) jal     a3, pc + 0x42
core   0: 3 0x80001680 (0x042006ef) x13 0x80001684
core   0: 0x800016c2 (0xff5ff0ef) jal     pc - 0xc
core   0: 3 0x800016c2 (0xff5ff0ef) x 1 0x800016c6
core   0: 0x800016b6 (0x000037f9) c.jal   pc - 50
core   0: 3 0x800016b6 (0x37f9) x 1 0x800016b8
core   0: 0x80001684 (0x00003fd5) c.jal   pc - 12
core   0: 3 0x80001684 (0x3fd5) x 1 0x80001686
core   0: 0x80001678 (0x020000ef) jal     pc + 0x20
core   0: 3 0x80001678 (0x020000ef) x 1 0x8000167c
core   0: 0x80001698 (0x0000bfe5) c.j     pc - 8
core   0: 3 0x80001698 (0xbfe5)
core   0: 0x80001690 (0x02e000ef) jal     pc + 0x2e
core   0: 3 0x80001690 (0x02e000ef) x 1 0x80001694
core   0: 0x800016be (0xfcbff0ef) jal     pc - 0x36
core   0: 3 0x800016be (0xfcbff0ef) x 1 0x800016c2
core   0: 0x80001688 (0x00002005) c.jal   pc + 32
core   0: 3 0x80001688 (0x2005) x 1 0x8000168a
core   0: 0x800016a8 (0xfcfff36f) jal     t1, pc - 0x32
core   0: 3 0x800016a8 (0xfcfff36f) x 6 0x800016ac
core   0: 0x80001676 (0x00002881) c.jal   pc + 80
core   0: 3 0x80001676 (0x2881) x 1 0x80001678
core   0: 0x800016c6 (0x00003fd5) c.jal   pc - 12
core   0: 3 0x800016c6 (0x3fd5) x 1 0x800016c8
core   0: 0x800016ba (0xfe7fffef) jal     t6, pc - 0x1a
core   0: 3 0x800016ba (0xfe7fffef) x31 0x800016be
core   0: 0x800016a0 (0x012000ef) jal     pc + 0x12
core   0: 3 0x800016a0 (0x012000ef) x 1 0x800016a4
core   0: 0x800016b2 (0x00002819) c.jal   pc + 22
core   0: 3 0x800016b2 (0x2819) x 1 0x800016b4
core   0: 0x800016c8 (0x00008409) c.srai  s0, 2
core   0: 3 0x800016c8 (0x8409) x 8 0x00000000
core   0: 0x800016ca (0x0001e117) auipc   sp, 0x1e
core   0: 3 0x800016ca (0x0001e117) x 2 0x8001f6ca
core   0: 0x800016ce (0x06710113) addi    sp, sp, 103
core   0: 3 0x800016ce (0x06710113) x 2 0x8001f731
core   0: 0x800016d2 (0x015093b3) sll     t2, ra, s5
core   0: 3 0x800016d2 (0x015093b3) x 7 0x800016b4
core   0: 0x800016d6 (0xfd715303) lhu     t1, -41(sp)
core   0: 3 0x800016d6 (0xfd715303) x 6 0x0000f06f mem 0x8001f708
core   0: 0x800016da (0xfcf15d83) lhu     s11, -49(sp)
core   0: 3 0x800016da (0xfcf15d83) x27 0x00007894 mem 0x8001f700
core   0: 0x800016de (0xfe315b83) lhu     s7, -29(sp)
core   0: 3 0x800016de (0xfe315b83) x23 0x0000f733 mem 0x8001f714
core   0: 0x800016e2 (0x0ff0000f) fence   iorw,iorw
core   0: 3 0x800016e2 (0x0ff0000f)
core   0: 0x800016e6 (0xfc911c83) lh      s9, -55(sp)
core   0: 3 0x800016e6 (0xfc911c83) x25 0xffff8dd2 mem 0x8001f6fa
core   0: 0x800016ea (0x00008d91) c.sub   a1, a2
core   0: 3 0x800016ea (0x8d91) x11 0x7ffd631c
core   0: 0x800016ec (0x00008285) c.srli  a3, 1
core   0: 3 0x800016ec (0x8285) x13 0x40000b42
core   0: 0x800016ee (0xfd810303) lb      t1, -40(sp)
core   0: 3 0x800016ee (0xfd810303) x 6 0xfffffff0 mem 0x8001f709
core   0: 0x800016f2 (0xfc915683) lhu     a3, -55(sp)
core   0: 3 0x800016f2 (0xfc915683) x13 0x00008dd2 mem 0x8001f6fa
core   0: 0x800016f6 (0x03f111a3) sh      t6, 35(sp)
core   0: 3 0x800016f6 (0x03f111a3) mem 0x8001f754 0x16be
core   0: 0x800016fa (0x417fde33) sra     t3, t6, s7
core   0: 3 0x800016fa (0x417fde33) x28 0xfffff000
core   0: 0x800016fe (0x0000993e) c.add   s2, a5
core   0: 3 0x800016fe (0x993e) x18 0x80025e65
core   0: 0x80001700 (0x00009086) c.add   ra, ra
core   0: 3 0x80001700 (0x9086) x 1 0x00002d68
core   0: 0x80001702 (0x1267f213) andi    tp, a5, 294
core   0: 3 0x80001702 (0x1267f213) x 4 0x00000024
core   0: 0x80001706 (0x914c3f13) sltiu   t5, s8, -1772
core   0: 3 0x80001706 (0x914c3f13) x30 0x00000001
core   0: 0x8000170a (0x0233ed33) rem     s10, t2, gp
core   0: 3 0x8000170a (0x0233ed33) x26 0xfd0653ae
core   0: 0x8000170e (0x00498bb3) add     s7, s3, tp
core   0: 3 0x8000170e (0x00498bb3) x23 0x00000024
core   0: 0x80001712 (0x03910c03) lb      s8, 57(sp)
core   0: 3 0x80001712 (0x03910c03) x24 0xffffffdc mem 0x8001f76a
core   0: 0x80001716 (0x02712a83) lw      s5, 39(sp)
core   0: 3 0x80001716 (0x02712a83) x21 0x032a6dc8 mem 0x8001f758
core   0: 0x8000171a (0x03359433) mulh    s0, a1, s3
core   0: 3 0x8000171a (0x03359433) x 8 0x00000000
core   0: 0x8000171e (0x02515003) lhu     zero, 37(sp)
core   0: 3 0x8000171e (0x02515003) mem 0x8001f756
core   0: 0x80001722 (0x00000b51) c.addi  s6, 20
core   0: 3 0x80001722 (0x0b51) x22 0xffffaecf
core   0: 0x80001724 (0x01aad333) srl     t1, s5, s10
core   0: 3 0x80001724 (0x01aad333) x 6 0x00000ca9
core   0: 0x80001728 (0xfdd15b83) lhu     s7, -35(sp)
core   0: 3 0x80001728 (0xfdd15b83) x23 0x00000f3d mem 0x8001f70e
core   0: 0x8000172c (0xffb00513) li      a0, -5
core   0: 3 0x8000172c (0xffb00513) x10 0xfffffffb
core   0: 0x80001730 (0x0303c4b3) div     s1, t2, a6
core   0: 3 0x80001730 (0x0303c4b3) x 9 0x00000000
core   0: 0x80001734 (0x447f7113) andi    sp, t5, 1095
core   0: 3 0x80001734 (0x447f7113) x 2 0x00000001
core   0: 0x80001738 (0x00000001) c.nop
core   0: 3 0x80001738 (0x0001)
core   0: 0x8000173a (0x000095f2) c.add   a1, t3
core   0: 3 0x8000173a (0x95f2) x11 0x7ffd531c
core   0: 0x8000173c (0x00008449) c.srai  s0, 18
core   0: 3 0x8000173c (0x8449) x 8 0x00000000
core   0: 0x8000173e (0x00008ecd) c.or    a3, a1
core   0: 3 0x8000173e (0x8ecd) x13 0x7ffddfde
core   0: 0x80001740 (0x00006979) c.lui   s2, 0x1e
core   0: 3 0x80001740 (0x6979) x18 0x0001e000
core   0: 0x80001742 (0x033c7833) remu    a6, s8, s3
core   0: 3 0x80001742 (0x033c7833) x16 0xffffffdc
core   0: 0x80001746 (0x00005bfd) c.li    s7, -1
core   0: 3 0x80001746 (0x5bfd) x23 0xffffffff
core   0: 0x80001748 (0x0258ef33) rem     t5, a7, t0
core   0: 3 0x80001748 (0x0258ef33) x30 0x00003000
core   0: 0x8000174c (0x00000001) c.nop
core   0: 3 0x8000174c (0x0001)
core   0: 0x8000174e (0x00009d2e) c.add   s10, a1
core   0: 3 0x8000174e (0x9d2e) x26 0x7d03a6ca
core   0: 0x80001750 (0x00008455) c.srai  s0, 21
core   0: 3 0x80001750 (0x8455) x 8 0x00000000
core   0: 0x80001752 (0x00009b9e) c.add   s7, t2
core   0: 3 0x80001752 (0x9b9e) x23 0x800016b3
core   0: 0x80001754 (0x0041de13) srli    t3, gp, 4
core   0: 3 0x80001754 (0x0041de13) x28 0x0fb5e957
core   0: 0x80001758 (0x02f3a933) mulhsu  s2, t2, a5
core   0: 3 0x80001758 (0x02f3a933) x18 0xbffedc28
core   0: 0x8000175c (0x00000505) c.addi  a0, 1
core   0: 3 0x8000175c (0x0505) x10 0xfffffffc
core   0: 0x8000175e (0x000062cd) c.lui   t0, 0x13
core   0: 3 0x8000175e (0x62cd) x 5 0x00013000
core   0: 0x80001760 (0x410089b3) sub     s3, ra, a6
core   0: 3 0x80001760 (0x410089b3) x19 0x00002d8c
core   0: 0x80001764 (0x01785133) srl     sp, a6, s7
core   0: 3 0x80001764 (0x01785133) x 2 0x00001fff
core   0: 0x80001768 (0x0000f175) c.bnez  a0, pc - 28
core   0: 3 0x80001768 (0xf175)
core   0: 0x8000174c (0x00000001) c.nop
core   0: 3 0x8000174c (0x0001)
core   0: 0x8000174e (0x00009d2e) c.add   s10, a1
core   0: 3 0x8000174e (0x9d2e) x26 0xfd00f9e6
core   0: 0x80001750 (0x00008455) c.srai  s0, 21
core   0: 3 0x80001750 (0x8455) x 8 0x00000000
core   0: 0x80001752 (0x00009b9e) c.add   s7, t2
core   0: 3 0x80001752 (0x9b9e) x23 0x00002d67
core   0: 0x80001754 (0x0041de13) srli    t3, gp, 4
core   0: 3 0x80001754 (0x0041de13) x28 0x0fb5e957
core   0: 0x80001758 (0x02f3a933) mulhsu  s2, t2, a5
core   0: 3 0x80001758 (0x02f3a933) x18 0xbffedc28
core   0: 0x8000175c (0x00000505) c.addi  a0, 1
core   0: 3 0x8000175c (0x0505) x10 0xfffffffd
core   0: 0x8000175e (0x000062cd) c.lui   t0, 0x13
core   0: 3 0x8000175e (0x62cd) x 5 0x00013000
core   0: 0x80001760 (0x410089b3) sub     s3, ra, a6
core   0: 3 0x80001760 (0x410089b3) x19 0x00002d8c
core   0: 0x80001764 (0x01785133) srl     sp, a6, s7
core   0: 3 0x80001764 (0x01785133) x 2 0x01ffffff
core   0: 0x80001768 (0x0000f175) c.bnez  a0, pc - 28
core   0: 3 0x80001768 (0xf175)
core   0: 0x8000174c (0x00000001) c.nop
core   0: 3 0x8000174c (0x0001)
core   0: 0x8000174e (0x00009d2e) c.add   s10, a1
core   0: 3 0x8000174e (0x9d2e) x26 0x7cfe4d02
core   0: 0x80001750 (0x00008455) c.srai  s0, 21
core   0: 3 0x80001750 (0x8455) x 8 0x00000000
core   0: 0x80001752 (0x00009b9e) c.add   s7, t2
core   0: 3 0x80001752 (0x9b9e) x23 0x8000441b
core   0: 0x80001754 (0x0041de13) srli    t3, gp, 4
core   0: 3 0x80001754 (0x0041de13) x28 0x0fb5e957
core   0: 0x80001758 (0x02f3a933) mulhsu  s2, t2, a5
core   0: 3 0x80001758 (0x02f3a933) x18 0xbffedc28
core   0: 0x8000175c (0x00000505) c.addi  a0, 1
core   0: 3 0x8000175c (0x0505) x10 0xfffffffe
core   0: 0x8000175e (0x000062cd) c.lui   t0, 0x13
core   0: 3 0x8000175e (0x62cd) x 5 0x00013000
core   0: 0x80001760 (0x410089b3) sub     s3, ra, a6
core   0: 3 0x80001760 (0x410089b3) x19 0x00002d8c
core   0: 0x80001764 (0x01785133) srl     sp, a6, s7
core   0: 3 0x80001764 (0x01785133) x 2 0x0000001f
core   0: 0x80001768 (0x0000f175) c.bnez  a0, pc - 28
core   0: 3 0x80001768 (0xf175)
core   0: 0x8000174c (0x00000001) c.nop
core   0: 3 0x8000174c (0x0001)
core   0: 0x8000174e (0x00009d2e) c.add   s10, a1
core   0: 3 0x8000174e (0x9d2e) x26 0xfcfba01e
core   0: 0x80001750 (0x00008455) c.srai  s0, 21
core   0: 3 0x80001750 (0x8455) x 8 0x00000000
core   0: 0x80001752 (0x00009b9e) c.add   s7, t2
core   0: 3 0x80001752 (0x9b9e) x23 0x00005acf
core   0: 0x80001754 (0x0041de13) srli    t3, gp, 4
core   0: 3 0x80001754 (0x0041de13) x28 0x0fb5e957
core   0: 0x80001758 (0x02f3a933) mulhsu  s2, t2, a5
core   0: 3 0x80001758 (0x02f3a933) x18 0xbffedc28
core   0: 0x8000175c (0x00000505) c.addi  a0, 1
core   0: 3 0x8000175c (0x0505) x10 0xffffffff
core   0: 0x8000175e (0x000062cd) c.lui   t0, 0x13
core   0: 3 0x8000175e (0x62cd) x 5 0x00013000
core   0: 0x80001760 (0x410089b3) sub     s3, ra, a6
core   0: 3 0x80001760 (0x410089b3) x19 0x00002d8c
core   0: 0x80001764 (0x01785133) srl     sp, a6, s7
core   0: 3 0x80001764 (0x01785133) x 2 0x0001ffff
core   0: 0x80001768 (0x0000f175) c.bnez  a0, pc - 28
core   0: 3 0x80001768 (0xf175)
core   0: 0x8000174c (0x00000001) c.nop
core   0: 3 0x8000174c (0x0001)
core   0: 0x8000174e (0x00009d2e) c.add   s10, a1
core   0: 3 0x8000174e (0x9d2e) x26 0x7cf8f33a
core   0: 0x80001750 (0x00008455) c.srai  s0, 21
core   0: 3 0x80001750 (0x8455) x 8 0x00000000
core   0: 0x80001752 (0x00009b9e) c.add   s7, t2
core   0: 3 0x80001752 (0x9b9e) x23 0x80007183
core   0: 0x80001754 (0x0041de13) srli    t3, gp, 4
core   0: 3 0x80001754 (0x0041de13) x28 0x0fb5e957
core   0: 0x80001758 (0x02f3a933) mulhsu  s2, t2, a5
core   0: 3 0x80001758 (0x02f3a933) x18 0xbffedc28
core   0: 0x8000175c (0x00000505) c.addi  a0, 1
core   0: 3 0x8000175c (0x0505) x10 0x00000000
core   0: 0x8000175e (0x000062cd) c.lui   t0, 0x13
core   0: 3 0x8000175e (0x62cd) x 5 0x00013000
core   0: 0x80001760 (0x410089b3) sub     s3, ra, a6
core   0: 3 0x80001760 (0x410089b3) x19 0x00002d8c
core   0: 0x80001764 (0x01785133) srl     sp, a6, s7
core   0: 3 0x80001764 (0x01785133) x 2 0x1ffffffb
core   0: 0x80001768 (0x0000f175) c.bnez  a0, pc - 28
core   0: 3 0x80001768 (0xf175)
core   0: 0x8000176a (0x03bb0833) mul     a6, s6, s11
core   0: 3 0x8000176a (0x03bb0833) x16 0xd9c217ac
core   0: 0x8000176e (0x0000f417) auipc   s0, 0xf
core   0: 3 0x8000176e (0x0000f417) x 8 0x8001076e
core   0: 0x80001772 (0xd4b40413) addi    s0, s0, -693
core   0: 3 0x80001772 (0xd4b40413) x 8 0x800104b9
core   0: 0x80001776 (0x00ecfe33) and     t3, s9, a4
core   0: 3 0x80001776 (0x00ecfe33) x28 0x00000052
core   0: 0x8000177a (0x00009b7d) c.andi  a4, -1
core   0: 3 0x8000177a (0x9b7d) x14 0x00000057
core   0: 0x8000177c (0xff842fa3) sw      s8, -1(s0)
core   0: 3 0x8000177c (0xff842fa3) mem 0x800104b8 0xffffffdc
core   0: 0x80001780 (0xff244c03) lbu     s8, -14(s0)
core   0: 3 0x80001780 (0xff244c03) x24 0x000000a7 mem 0x800104ab
core   0: 0x80001784 (0x00008ef1) c.and   a3, a2
core   0: 3 0x80001784 (0x8ef1) x13 0x00009cc4
core   0: 0x80001786 (0xfe241aa3) sh      sp, -11(s0)
core   0: 3 0x80001786 (0xfe241aa3) mem 0x800104ae 0xfffb
core   0: 0x8000178a (0x005013b3) sll     t2, zero, t0
core   0: 3 0x8000178a (0x005013b3) x 7 0x00000000
core   0: 0x8000178e (0x00844583) lbu     a1, 8(s0)
core   0: 3 0x8000178e (0x00844583) x11 0x000000d2 mem 0x800104c1
core   0: 0x80001792 (0x000086f1) c.srai  a3, 28
core   0: 3 0x80001792 (0x86f1) x13 0x00000000
core   0: 0x80001794 (0x78064013) xori    zero, a2, 1920
core   0: 3 0x80001794 (0x78064013)
core   0: 0x80001798 (0x00008f5d) c.or    a4, a5
core   0: 3 0x80001798 (0x8f5d) x14 0x80025e77
core   0: 0x8000179a (0x00d40423) sb      a3, 8(s0)
core   0: 3 0x8000179a (0x00d40423) mem 0x800104c1 0x0
core   0: 0x8000179e (0x03dfcdb3) div     s11, t6, t4
core   0: 3 0x8000179e (0x03dfcdb3) x27 0xffffffff
core   0: 0x800017a2 (0x00f45a83) lhu     s5, 15(s0)
core   0: 3 0x800017a2 (0x00f45a83) x21 0x0000fba1 mem 0x800104c8
core   0: 0x800017a6 (0xfe040fa3) sb      zero, -1(s0)
core   0: 3 0x800017a6 (0xfe040fa3) mem 0x800104b8 0x0
core   0: 0x800017aa (0x00008f6d) c.and   a4, a1
core   0: 3 0x800017aa (0x8f6d) x14 0x00000052
core   0: 0x800017ac (0x00d97733) and     a4, s2, a3
core   0: 3 0x800017ac (0x00d97733) x14 0x00000000
core   0: 0x800017b0 (0x00008c95) c.sub   s1, a3
core   0: 3 0x800017b0 (0x8c95) x 9 0x00000000
core   0: 0x800017b2 (0x00a39493) slli    s1, t2, 10
core   0: 3 0x800017b2 (0x00a39493) x 9 0x00000000
core   0: 0x800017b6 (0x00000001) c.nop
core   0: 3 0x800017b6 (0x0001)
core   0: 0x800017b8 (0xff440183) lb      gp, -12(s0)
core   0: 3 0x800017b8 (0xff440183) x 3 0x00000022 mem 0x800104ad
core   0: 0x800017bc (0xff640083) lb      ra, -10(s0)
core   0: 3 0x800017bc (0xff640083) x 1 0xffffffff mem 0x800104af
core   0: 0x800017c0 (0x01940123) sb      s9, 2(s0)
core   0: 3 0x800017c0 (0x01940123) mem 0x800104bb 0xd2
core   0: 0x800017c4 (0x41ab5713) srai    a4, s6, 26
core   0: 3 0x800017c4 (0x41ab5713) x14 0xffffffff
core   0: 0x800017c8 (0x01e40623) sb      t5, 12(s0)
core   0: 3 0x800017c8 (0x01e40623) mem 0x800104c5 0x0
core   0: 0x800017cc (0x0ed48393) addi    t2, s1, 237
core   0: 3 0x800017cc (0x0ed48393) x 7 0x000000ed
core   0: 0x800017d0 (0x001421a3) sw      ra, 3(s0)
core   0: 3 0x800017d0 (0x001421a3) mem 0x800104bc 0xffffffff
core   0: 0x800017d4 (0x000053fd) c.li    t2, -1
core   0: 3 0x800017d4 (0x53fd) x 7 0xffffffff
core   0: 0x800017d6 (0x0111f4b3) and     s1, gp, a7
core   0: 3 0x800017d6 (0x0111f4b3) x 9 0x00000000
core   0: 0x800017da (0xff840f23) sb      s8, -2(s0)
core   0: 3 0x800017da (0xff840f23) mem 0x800104b7 0xa7
core   0: 0x800017de (0x020d8733) mul     a4, s11, zero
core   0: 3 0x800017de (0x020d8733) x14 0x00000000
core   0: 0x800017e2 (0xf6000d93) li      s11, -160
core   0: 3 0x800017e2 (0xf6000d93) x27 0xffffff60
core   0: 0x800017e6 (0xff244c83) lbu     s9, -14(s0)
core   0: 3 0x800017e6 (0xff244c83) x25 0x000000a7 mem 0x800104ab
core   0: 0x800017ea (0x00940623) sb      s1, 12(s0)
core   0: 3 0x800017ea (0x00940623) mem 0x800104c5 0x0
core   0: 0x800017ee (0x00145083) lhu     ra, 1(s0)
core   0: 3 0x800017ee (0x00145083) x 1 0x0000d2ff mem 0x800104ba
core   0: 0x800017f2 (0xffe40c83) lb      s9, -2(s0)
core   0: 3 0x800017f2 (0xffe40c83) x25 0xffffffa7 mem 0x800104b7
core   0: 0x800017f6 (0x0000fb97) auipc   s7, 0xf
core   0: 3 0x800017f6 (0x0000fb97) x23 0x800107f6
core   0: 0x800017fa (0xde0b8b93) addi    s7, s7, -544
core   0: 3 0x800017fa (0xde0b8b93) x23 0x800105d6
core   0: 0x800017fe (0x006968b3) or      a7, s2, t1
core   0: 3 0x800017fe (0x006968b3) x17 0xbffedca9
core   0: 0x80001802 (0x61dbc983) lbu     s3, 1565(s7)
core   0: 3 0x80001802 (0x61dbc983) x19 0x00000000 mem 0x80010bf3
core   0: 0x80001806 (0x0c6b3413) sltiu   s0, s6, 198
core   0: 3 0x80001806 (0x0c6b3413) x 8 0x00000000
core   0: 0x8000180a (0x612b8ea3) sb      s2, 1565(s7)
core   0: 3 0x8000180a (0x612b8ea3) mem 0x80010bf3 0x28
core   0: 0x8000180e (0x60cb8ea3) sb      a2, 1565(s7)
core   0: 3 0x8000180e (0x60cb8ea3) mem 0x80010bf3 0xe4
core   0: 0x80001812 (0x61db8a83) lb      s5, 1565(s7)
core   0: 3 0x80001812 (0x61db8a83) x21 0xffffffe4 mem 0x80010bf3
core   0: 0x80001816 (0x60db8ea3) sb      a3, 1565(s7)
core   0: 3 0x80001816 (0x60db8ea3) mem 0x80010bf3 0x0
core   0: 0x8000181a (0x61dbc103) lbu     sp, 1565(s7)
core   0: 3 0x8000181a (0x61dbc103) x 2 0x00000000 mem 0x80010bf3
core   0: 0x8000181e (0x61db8403) lb      s0, 1565(s7)
core   0: 3 0x8000181e (0x61db8403) x 8 0x00000000 mem 0x80010bf3
core   0: 0x80001822 (0x619b8ea3) sb      s9, 1565(s7)
core   0: 3 0x80001822 (0x619b8ea3) mem 0x80010bf3 0xa7
core   0: 0x80001826 (0x749b8c23) sb      s1, 1880(s7)
core   0: 3 0x80001826 (0x749b8c23) mem 0x80010d2e 0x0
core   0: 0x8000182a (0x758bd483) lhu     s1, 1880(s7)
core   0: 3 0x8000182a (0x758bd483) x 9 0x00006000 mem 0x80010d2e
core   0: 0x8000182e (0x00c0036f) jal     t1, pc + 0xc
core   0: 3 0x8000182e (0x00c0036f) x 6 0x80001832
core   0: 0x8000183a (0xffdff36f) jal     t1, pc - 0x4
core   0: 3 0x8000183a (0xffdff36f) x 6 0x8000183e
core   0: 0x80001836 (0x020000ef) jal     pc + 0x20
core   0: 3 0x80001836 (0x020000ef) x 1 0x8000183a
core   0: 0x80001856 (0xfddff0ef) jal     pc - 0x24
core   0: 3 0x80001856 (0xfddff0ef) x 1 0x8000185a
core   0: 0x80001832 (0x020000ef) jal     pc + 0x20
core   0: 3 0x80001832 (0x020000ef) x 1 0x80001836
core   0: 0x80001852 (0x0000bfed) c.j     pc - 6
core   0: 3 0x80001852 (0xbfed)
core   0: 0x8000184c (0x00800c6f) jal     s8, pc + 0x8
core   0: 3 0x8000184c (0x00800c6f) x24 0x80001850
core   0: 0x80001854 (0x000037ed) c.jal   pc - 22
core   0: 3 0x80001854 (0x37ed) x 1 0x80001856
core   0: 0x8000183e (0x012000ef) jal     pc + 0x12
core   0: 3 0x8000183e (0x012000ef) x 1 0x80001842
core   0: 0x80001850 (0x0000bfed) c.j     pc - 6
core   0: 3 0x80001850 (0xbfed)
core   0: 0x8000184a (0x00002801) c.jal   pc + 16
core   0: 3 0x8000184a (0x2801) x 1 0x8000184c
core   0: 0x8000185a (0x000037e5) c.jal   pc - 24
core   0: 3 0x8000185a (0x37e5) x 1 0x8000185c
core   0: 0x80001842 (0x0000a009) c.j     pc + 2
core   0: 3 0x80001842 (0xa009)
core   0: 0x80001844 (0x0180036f) jal     t1, pc + 0x18
core   0: 3 0x80001844 (0x0180036f) x 6 0x80001848
core   0: 0x8000185c (0x000037f5) c.jal   pc - 20
core   0: 3 0x8000185c (0x37f5) x 1 0x8000185e
core   0: 0x80001848 (0x00002819) c.jal   pc + 22
core   0: 3 0x80001848 (0x2819) x 1 0x8000184a
core   0: 0x8000185e (0x413702b3) sub     t0, a4, s3
core   0: 3 0x8000185e (0x413702b3) x 5 0x00000000
core   0: 0x80001862 (0x00018317) auipc   t1, 0x18
core   0: 3 0x80001862 (0x00018317) x 6 0x80019862
core   0: 0x80001866 (0x59230313) addi    t1, t1, 1426
core   0: 3 0x80001866 (0x59230313) x 6 0x80019df4
core   0: 0x8000186a (0x0000f517) auipc   a0, 0xf
core   0: 3 0x8000186a (0x0000f517) x10 0x8001086a
core   0: 0x8000186e (0x1a650513) addi    a0, a0, 422
core   0: 3 0x8000186e (0x1a650513) x10 0x80010a10
core   0: 0x80001872 (0x00d50e03) lb      t3, 13(a0)
core   0: 3 0x80001872 (0x00d50e03) x28 0x00000007 mem 0x80010a1d
core   0: 0x80001876 (0x3df34583) lbu     a1, 991(t1)
core   0: 3 0x80001876 (0x3df34583) x11 0x00000052 mem 0x8001a1d3
core   0: 0x8000187a (0x4ae34d83) lbu     s11, 1198(t1)
core   0: 3 0x8000187a (0x4ae34d83) x27 0x0000008e mem 0x8001a2a2
core   0: 0x8000187e (0xfe350d23) sb      gp, -6(a0)
core   0: 3 0x8000187e (0xfe350d23) mem 0x80010a0a 0x22
core   0: 0x80001882 (0xfea50f23) sb      a0, -2(a0)
core   0: 3 0x80001882 (0xfea50f23) mem 0x80010a0e 0x10
core   0: 0x80001886 (0xc7634e03) lbu     t3, -906(t1)
core   0: 3 0x80001886 (0xc7634e03) x28 0x0000002e mem 0x80019a6a
core   0: 0x8000188a (0x01c51023) sh      t3, 0(a0)
core   0: 3 0x8000188a (0x01c51023) mem 0x80010a10 0x002e
core   0: 0x8000188e (0x00350d03) lb      s10, 3(a0)
core   0: 3 0x8000188e (0x00350d03) x26 0x00000029 mem 0x80010a13
core   0: 0x80001892 (0x91c30323) sb      t3, -1786(t1)
core   0: 3 0x80001892 (0x91c30323) mem 0x800196fa 0x2e
core   0: 0x80001896 (0xff754283) lbu     t0, -9(a0)
core   0: 3 0x80001896 (0xff754283) x 5 0x00000044 mem 0x80010a07
core   0: 0x8000189a (0xe6d31a23) sh      a3, -396(t1)
core   0: 3 0x8000189a (0xe6d31a23) mem 0x80019c68 0x0000
core   0: 0x8000189e (0x35130883) lb      a7, 849(t1)
core   0: 3 0x8000189e (0x35130883) x17 0x0000004c mem 0x8001a145
core   0: 0x800018a2 (0xff650823) sb      s6, -16(a0)
core   0: 3 0x800018a2 (0xff650823) mem 0x80010a00 0xcf
core   0: 0x800018a6 (0xd7f30383) lb      t2, -641(t1)
core   0: 3 0x800018a6 (0xd7f30383) x 7 0xfffffff2 mem 0x80019b73
core   0: 0x800018aa (0xff550f83) lb      t6, -11(a0)
core   0: 3 0x800018aa (0xff550f83) x31 0x00000027 mem 0x80010a05
core   0: 0x800018ae (0x1da31223) sh      s10, 452(t1)
core   0: 3 0x800018ae (0x1da31223) mem 0x80019fb8 0x0029
core   0: 0x800018b2 (0xd4530f83) lb      t6, -699(t1)
core   0: 3 0x800018b2 (0xd4530f83) x31 0x0000006d mem 0x80019b39
core   0: 0x800018b6 (0x00251903) lh      s2, 2(a0)
core   0: 3 0x800018b6 (0x00251903) x18 0x000029cb mem 0x80010a12
core   0: 0x800018ba (0xc7732023) sw      s7, -928(t1)
core   0: 3 0x800018ba (0xc7732023) mem 0x80019a54 0x800105d6
core   0: 0x800018be (0x00019b97) auipc   s7, 0x19
core   0: 3 0x800018be (0x00019b97) x23 0x8001a8be
core   0: 0x800018c2 (0x4d7b8b93) addi    s7, s7, 1239
core   0: 3 0x800018c2 (0x4d7b8b93) x23 0x8001ad95
core   0: 0x800018c6 (0x8afb8a83) lb      s5, -1873(s7)
core   0: 3 0x800018c6 (0x8afb8a83) x21 0xffffff98 mem 0x8001a644
core   0: 0x800018ca (0x480bc103) lbu     sp, 1152(s7)
core   0: 3 0x800018ca (0x480bc103) x 2 0x000000a1 mem 0x8001b215
core   0: 0x800018ce (0x00008cdd) c.or    s1, a5
core   0: 3 0x800018ce (0x8cdd) x 9 0x80027e64
core   0: 0x800018d0 (0x013cdf33) srl     t5, s9, s3
core   0: 3 0x800018d0 (0x013cdf33) x30 0xffffffa7
core   0: 0x800018d4 (0x320b8a83) lb      s5, 800(s7)
core   0: 3 0x800018d4 (0x320b8a83) x21 0xffffffcd mem 0x8001b0b5
core   0: 0x800018d8 (0x406d5c33) sra     s8, s10, t1
core   0: 3 0x800018d8 (0x406d5c33) x24 0x00000000
core   0: 0x800018dc (0x019749b3) xor     s3, a4, s9
core   0: 3 0x800018dc (0x019749b3) x19 0xffffffa7
core   0: 0x800018e0 (0x8fbba103) lw      sp, -1797(s7)
core   0: 3 0x800018e0 (0x8fbba103) x 2 0x8a4384f1 mem 0x8001a690
core   0: 0x800018e4 (0xaa2b8823) sb      sp, -1360(s7)
core   0: 3 0x800018e4 (0xaa2b8823) mem 0x8001a845 0xf1
core   0: 0x800018e8 (0x000050fd) c.li    ra, -1
core   0: 3 0x800018e8 (0x50fd) x 1 0xffffffff
core   0: 0x800018ea (0x00008ea9) c.xor   a3, a0
core   0: 3 0x800018ea (0x8ea9) x13 0x80010a10
core   0: 0x800018ec (0x036e7133) remu    sp, t3, s6
core   0: 3 0x800018ec (0x036e7133) x 2 0x0000002e
core   0: 0x800018f0 (0xfcfb9f83) lh      t6, -49(s7)
core   0: 3 0x800018f0 (0xfcfb9f83) x31 0xffffa378 mem 0x8001ad64
core   0: 0x800018f4 (0xfbcb8a83) lb      s5, -68(s7)
core   0: 3 0x800018f4 (0xfbcb8a83) x21 0x00000067 mem 0x8001ad51
core   0: 0x800018f8 (0x03b83f33) mulhu   t5, a6, s11
core   0: 3 0x800018f8 (0x03b83f33) x30 0x00000078
core   0: 0x800018fc (0x34cb8383) lb      t2, 844(s7)
core   0: 3 0x800018fc (0x34cb8383) x 7 0x0000004b mem 0x8001b0e1
core   0: 0x80001900 (0x458bc803) lbu     a6, 1112(s7)
core   0: 3 0x80001900 (0x458bc803) x16 0x000000e9 mem 0x8001b1ed
core   0: 0x80001904 (0x69764c13) xori    s8, a2, 1687
core   0: 3 0x80001904 (0x69764c13) x24 0x80029a73
core   0: 0x80001908 (0x754bc003) lbu     zero, 1876(s7)
core   0: 3 0x80001908 (0x754bc003) mem 0x8001b4e9
core   0: 0x8000190c (0x01b0d233) srl     tp, ra, s11
core   0: 3 0x8000190c (0x01b0d233) x 4 0x0003ffff
core   0: 0x80001910 (0x00008db9) c.xor   a1, a4
core   0: 3 0x80001910 (0x8db9) x11 0x00000052
core   0: 0x80001912 (0x00008f39) c.xor   a4, a4
core   0: 3 0x80001912 (0x8f39) x14 0x00000000
core   0: 0x80001914 (0x1ff0ce17) auipc   t3, 0x1ff0c
core   0: 3 0x80001914 (0x1ff0ce17) x28 0x9ff0d914
core   0: 0x80001918 (0x0000939e) c.add   t2, t2
core   0: 3 0x80001918 (0x939e) x 7 0x00000096
core   0: 0x8000191a (0xf94b94a3) sh      s4, -119(s7)
core   0: 3 0x8000191a (0xf94b94a3) mem 0x8001ad1e 0xffff
core   0: 0x8000191e (0x8abb8e23) sb      a1, -1860(s7)
core   0: 3 0x8000191e (0x8abb8e23) mem 0x8001a651 0x52
core   0: 0x80001922 (0xa85b8283) lb      t0, -1403(s7)
core   0: 3 0x80001922 (0xa85b8283) x 5 0x00000052 mem 0x8001a81a
core   0: 0x80001926 (0x40148433) sub     s0, s1, ra
core   0: 3 0x80001926 (0x40148433) x 8 0x80027e65
core   0: 0x8000192a (0x00000001) c.nop
core   0: 3 0x8000192a (0x0001)
core   0: 0x8000192c (0x18eb8e23) sb      a4, 412(s7)
core   0: 3 0x8000192c (0x18eb8e23) mem 0x8001af31 0x0
core   0: 0x80001930 (0x01c76ab3) or      s5, a4, t3
core   0: 3 0x80001930 (0x01c76ab3) x21 0x9ff0d914
core   0: 0x80001934 (0xdf2b8c03) lb      s8, -526(s7)
core   0: 3 0x80001934 (0xdf2b8c03) x24 0xffffffa0 mem 0x8001ab87
core   0: 0x80001938 (0xf170cf13) xori    t5, ra, -233
core   0: 3 0x80001938 (0xf170cf13) x30 0x000000e8
core   0: 0x8000193c (0xf544b393) sltiu   t2, s1, -172
core   0: 3 0x8000193c (0xf544b393) x 7 0x00000001
core   0: 0x80001940 (0x2c2b95a3) sh      sp, 715(s7)
core   0: 3 0x80001940 (0x2c2b95a3) mem 0x8001b060 0x002e
core   0: 0x80001944 (0x00008d39) c.xor   a0, a4
core   0: 3 0x80001944 (0x8d39) x10 0x80010a10
core   0: 0x80001946 (0x324b8403) lb      s0, 804(s7)
core   0: 3 0x80001946 (0x324b8403) x 8 0xffffffdb mem 0x8001b0b9
core   0: 0x8000194a (0x008f05b3) add     a1, t5, s0
core   0: 3 0x8000194a (0x008f05b3) x11 0x000000c3
core   0: 0x8000194e (0x02193433) mulhu   s0, s2, ra
core   0: 3 0x8000194e (0x02193433) x 8 0x000029ca
core   0: 0x80001952 (0x31bb8023) sb      s11, 768(s7)
core   0: 3 0x80001952 (0x31bb8023) mem 0x8001b095 0x8e
core   0: 0x80001956 (0x1e7e2c13) slti    s8, t3, 487
core   0: 3 0x80001956 (0x1e7e2c13) x24 0x00000001
core   0: 0x8000195a (0x01d11033) sll     zero, sp, t4
core   0: 3 0x8000195a (0x01d11033)
core   0: 0x8000195e (0xe12bcf03) lbu     t5, -494(s7)
core   0: 3 0x8000195e (0xe12bcf03) x30 0x00000015 mem 0x8001aba7
core   0: 0x80001962 (0x15ef3993) sltiu   s3, t5, 350
core   0: 3 0x80001962 (0x15ef3993) x19 0x00000001
core   0: 0x80001966 (0x00000001) c.nop
core   0: 3 0x80001966 (0x0001)
core   0: 0x80001968 (0xc7dba3a3) sw      t4, -921(s7)
core   0: 3 0x80001968 (0xc7dba3a3) mem 0x8001a9fc 0x00000000
core   0: 0x8000196c (0x9022bc93) sltiu   s9, t0, -1790
core   0: 3 0x8000196c (0x9022bc93) x25 0x00000001
core   0: 0x80001970 (0x7d1b8823) sb      a7, 2000(s7)
core   0: 3 0x80001970 (0x7d1b8823) mem 0x8001b565 0x4c
core   0: 0x80001974 (0xb94b8c03) lb      s8, -1132(s7)
core   0: 3 0x80001974 (0xb94b8c03) x24 0x0000006e mem 0x8001a929
core   0: 0x80001978 (0x0001bf17) auipc   t5, 0x1b
core   0: 3 0x80001978 (0x0001bf17) x30 0x8001c978
core   0: 0x8000197c (0x777f0f13) addi    t5, t5, 1911
core   0: 3 0x8000197c (0x777f0f13) x30 0x8001d0ef
core   0: 0x80001980 (0x02a66433) rem     s0, a2, a0
core   0: 3 0x80001980 (0x02a66433) x 8 0x80029ce4
core   0: 0x80001984 (0x02d664b3) rem     s1, a2, a3
core   0: 3 0x80001984 (0x02d664b3) x 9 0x80029ce4
core   0: 0x80001988 (0x6f540313) addi    t1, s0, 1781
core   0: 3 0x80001988 (0x6f540313) x 6 0x8002a3d9
core   0: 0x8000198c (0x00af0883) lb      a7, 10(t5)
core   0: 3 0x8000198c (0x00af0883) x17 0x00000024 mem 0x8001d0f9
core   0: 0x80001990 (0x00008af9) c.andi  a3, 30
core   0: 3 0x80001990 (0x8af9) x13 0x00000010
core   0: 0x80001992 (0x02b88d33) mul     s10, a7, a1
core   0: 3 0x80001992 (0x02b88d33) x26 0x00001b6c
core   0: 0x80001996 (0x41e455b3) sra     a1, s0, t5
core   0: 3 0x80001996 (0x41e455b3) x11 0xffff0005
core   0: 0x8000199a (0x01228e33) add     t3, t0, s2
core   0: 3 0x8000199a (0x01228e33) x28 0x00002a1d
core   0: 0x8000199e (0x000f0203) lb      tp, 0(t5)
core   0: 3 0x8000199e (0x000f0203) x 4 0x00000069 mem 0x8001d0ef
core   0: 0x800019a2 (0x28964e17) auipc   t3, 0x28964
core   0: 3 0x800019a2 (0x28964e17) x28 0xa89659a2
core   0: 0x800019a6 (0x010f11a3) sh      a6, 3(t5)
core   0: 3 0x800019a6 (0x010f11a3) mem 0x8001d0f2 0x00e9
core   0: 0x800019aa (0x968814b7) lui     s1, 0x96881
core   0: 3 0x800019aa (0x968814b7) x 9 0x96881000
core   0: 0x800019ae (0x049abb13) sltiu   s6, s5, 73
core   0: 3 0x800019ae (0x049abb13) x22 0x00000000
core   0: 0x800019b2 (0x00008d8d) c.sub   a1, a1
core   0: 3 0x800019b2 (0x8d8d) x11 0x00000000
core   0: 0x800019b4 (0x010f0303) lb      t1, 16(t5)
core   0: 3 0x800019b4 (0x010f0303) x 6 0x00000007 mem 0x8001d0ff
core   0: 0x800019b8 (0xffaf0483) lb      s1, -6(t5)
core   0: 3 0x800019b8 (0xffaf0483) x 9 0xffffffdf mem 0x8001d0e9
core   0: 0x800019bc (0x0000100f) fence.i
core   0: 3 0x800019bc (0x0000100f)
core   0: 0x800019c0 (0x000013fd) c.addi  t2, -1
core   0: 3 0x800019c0 (0x13fd) x 7 0x00000000
core   0: 0x800019c2 (0x00000936) c.slli  s2, 13
core   0: 3 0x800019c2 (0x0936) x18 0x05396000
core   0: 0x800019c4 (0x007f0423) sb      t2, 8(t5)
core   0: 3 0x800019c4 (0x007f0423) mem 0x8001d0f7 0x0
core   0: 0x800019c8 (0x001f2403) lw      s0, 1(t5)
core   0: 3 0x800019c8 (0x001f2403) x 8 0x00e901d6 mem 0x8001d0f0
core   0: 0x800019cc (0x0191e9b3) or      s3, gp, s9
core   0: 3 0x800019cc (0x0191e9b3) x19 0x00000023
core   0: 0x800019d0 (0x0000100f) fence.i
core   0: 3 0x800019d0 (0x0000100f)
core   0: 0x800019d4 (0x00ef4883) lbu     a7, 14(t5)
core   0: 3 0x800019d4 (0x00ef4883) x17 0x00000055 mem 0x8001d0fd
core   0: 0x800019d8 (0x006f0683) lb      a3, 6(t5)
core   0: 3 0x800019d8 (0x006f0683) x13 0x0000004b mem 0x8001d0f5
core   0: 0x800019dc (0x00008d81) c.sub   a1, s0
core   0: 3 0x800019dc (0x8d81) x11 0xff16fe2a
core   0: 0x800019de (0x8e79e893) ori     a7, s3, -1817
core   0: 3 0x800019de (0x8e79e893) x17 0xfffff8e7
core   0: 0x800019e2 (0x03d6c033) div     zero, a3, t4
core   0: 3 0x800019e2 (0x03d6c033)
core   0: 0x800019e6 (0x00567c33) and     s8, a2, t0
core   0: 3 0x800019e6 (0x00567c33) x24 0x00000040
core   0: 0x800019ea (0x163da537) lui     a0, 0x163da
core   0: 3 0x800019ea (0x163da537) x10 0x163da000
core   0: 0x800019ee (0x01ef0423) sb      t5, 8(t5)
core   0: 3 0x800019ee (0x01ef0423) mem 0x8001d0f7 0xef
core   0: 0x800019f2 (0x000016fd) c.addi  a3, -1
core   0: 3 0x800019f2 (0x16fd) x13 0x0000004a
core   0: 0x800019f4 (0x00000480) c.addi4spn s0, sp, 576
core   0: 3 0x800019f4 (0x0480) x 8 0x0000026e
core   0: 0x800019f6 (0x01e75093) srli    ra, a4, 30
core   0: 3 0x800019f6 (0x01e75093) x 1 0x00000000
core   0: 0x800019fa (0x0000100f) fence.i
core   0: 3 0x800019fa (0x0000100f)
core   0: 0x800019fe (0x005f05a3) sb      t0, 11(t5)
core   0: 3 0x800019fe (0x005f05a3) mem 0x8001d0fa 0x52
core   0: 0x80001a02 (0x00006935) c.lui   s2, 0xd
core   0: 3 0x80001a02 (0x6935) x18 0x0000d000
core   0: 0x80001a04 (0x00df0c03) lb      s8, 13(t5)
core   0: 3 0x80001a04 (0x00df0c03) x24 0xffffff86 mem 0x8001d0fc
core   0: 0x80001a08 (0xff5f5083) lhu     ra, -11(t5)
core   0: 3 0x80001a08 (0xff5f5083) x 1 0x00004b6e mem 0x8001d0e4
core   0: 0x80001a0c (0xff8f4803) lbu     a6, -8(t5)
core   0: 3 0x80001a0c (0xff8f4803) x16 0x0000004b mem 0x8001d0e7
core   0: 0x80001a10 (0x40000933) sub     s2, zero, zero
core   0: 3 0x80001a10 (0x40000933) x18 0x00000000
core   0: 0x80001a14 (0x00009a46) c.add   s4, a7
core   0: 3 0x80001a14 (0x9a46) x20 0xfffff8e6
core   0: 0x80001a16 (0x010b6bb3) or      s7, s6, a6
core   0: 3 0x80001a16 (0x010b6bb3) x23 0x0000004b
core   0: 0x80001a1a (0x011f0423) sb      a7, 8(t5)
core   0: 3 0x80001a1a (0x011f0423) mem 0x8001d0f7 0xe7
core   0: 0x80001a1e (0x0280036f) jal     t1, pc + 0x28
core   0: 3 0x80001a1e (0x0280036f) x 6 0x80001a22
core   0: 0x80001a46 (0x0000bff5) c.j     pc - 4
core   0: 3 0x80001a46 (0xbff5)
core   0: 0x80001a42 (0x00a00f6f) jal     t5, pc + 0xa
core   0: 3 0x80001a42 (0x00a00f6f) x30 0x80001a46
core   0: 0x80001a4c (0xfe5ff0ef) jal     pc - 0x1c
core   0: 3 0x80001a4c (0xfe5ff0ef) x 1 0x80001a50
core   0: 0x80001a30 (0x008000ef) jal     pc + 0x8
core   0: 3 0x80001a30 (0x008000ef) x 1 0x80001a34
core   0: 0x80001a38 (0xffdff0ef) jal     pc - 0x4
core   0: 3 0x80001a38 (0xffdff0ef) x 1 0x80001a3c
core   0: 0x80001a34 (0x000037fd) c.jal   pc - 18
core   0: 3 0x80001a34 (0x37fd) x 1 0x80001a36
core   0: 0x80001a22 (0x0000a01d) c.j     pc + 38
core   0: 3 0x80001a22 (0xa01d)
core   0: 0x80001a48 (0x0000a009) c.j     pc + 2
core   0: 3 0x80001a48 (0xa009)
core   0: 0x80001a4a (0x00003fd5) c.jal   pc - 12
core   0: 3 0x80001a4a (0x3fd5) x 1 0x80001a4c
core   0: 0x80001a3e (0x0000b7ed) c.j     pc - 22
core   0: 3 0x80001a3e (0xb7ed)
core   0: 0x80001a28 (0x014000ef) jal     pc + 0x14
core   0: 3 0x80001a28 (0x014000ef) x 1 0x80001a2c
core   0: 0x80001a3c (0x0000bfc5) c.j     pc - 16
core   0: 3 0x80001a3c (0xbfc5)
core   0: 0x80001a2c (0xff9ff2ef) jal     t0, pc - 0x8
core   0: 3 0x80001a2c (0xff9ff2ef) x 5 0x80001a30
core   0: 0x80001a24 (0x01c000ef) jal     pc + 0x1c
core   0: 3 0x80001a24 (0x01c000ef) x 1 0x80001a28
core   0: 0x80001a40 (0x00003fdd) c.jal   pc - 10
core   0: 3 0x80001a40 (0x3fdd) x 1 0x80001a42
core   0: 0x80001a36 (0x00002829) c.jal   pc + 26
core   0: 3 0x80001a36 (0x2829) x 1 0x80001a38
core   0: 0x80001a50 (0x0268e433) rem     s0, a7, t1
core   0: 3 0x80001a50 (0x0268e433) x 8 0xfffff8e7
core   0: 0x80001a54 (0x0000f197) auipc   gp, 0xf
core   0: 3 0x80001a54 (0x0000f197) x 3 0x80010a54
core   0: 0x80001a58 (0xa4f18193) addi    gp, gp, -1457
core   0: 3 0x80001a58 (0xa4f18193) x 3 0x800104a3
core   0: 0x80001a5c (0xff81cc83) lbu     s9, -8(gp)
core   0: 3 0x80001a5c (0xff81cc83) x25 0x000000c2 mem 0x8001049b
core   0: 0x80001a60 (0x01a195a3) sh      s10, 11(gp)
core   0: 3 0x80001a60 (0x01a195a3) mem 0x800104ae 0x1b6c
core   0: 0x80001a64 (0xffe18283) lb      t0, -2(gp)
core   0: 3 0x80001a64 (0xffe18283) x 5 0xffffffa0 mem 0x800104a1
core   0: 0x80001a68 (0x00418283) lb      t0, 4(gp)
core   0: 3 0x80001a68 (0x00418283) x 5 0x00000078 mem 0x800104a7
core   0: 0x80001a6c (0x00009416) c.add   s0, t0
core   0: 3 0x80001a6c (0x9416) x 8 0xfffff95f
core   0: 0x80001a6e (0xff41c703) lbu     a4, -12(gp)
core   0: 3 0x80001a6e (0xff41c703) x14 0x0000008e mem 0x80010497
core   0: 0x80001a72 (0xff81c903) lbu     s2, -8(gp)
core   0: 3 0x80001a72 (0xff81c903) x18 0x000000c2 mem 0x8001049b
core   0: 0x80001a76 (0x00006b9d) c.lui   s7, 0x7
core   0: 3 0x80001a76 (0x6b9d) x23 0x00007000
core   0: 0x80001a78 (0x401b8833) sub     a6, s7, ra
core   0: 3 0x80001a78 (0x401b8833) x16 0x800055c8
core   0: 0x80001a7c (0xffa1aea3) sw      s10, -3(gp)
core   0: 3 0x80001a7c (0xffa1aea3) mem 0x800104a0 0x00001b6c
core   0: 0x80001a80 (0xfff18ea3) sb      t6, -3(gp)
core   0: 3 0x80001a80 (0xfff18ea3) mem 0x800104a0 0x78
core   0: 0x80001a84 (0xfe218f23) sb      sp, -2(gp)
core   0: 3 0x80001a84 (0xfe218f23) mem 0x800104a1 0x2e
core   0: 0x80001a88 (0xff91cb83) lbu     s7, -7(gp)
core   0: 3 0x80001a88 (0xff91cb83) x23 0x00000055 mem 0x8001049c
core   0: 0x80001a8c (0xff91ac03) lw      s8, -7(gp)
core   0: 3 0x80001a8c (0xff91ac03) x24 0xc63fa255 mem 0x8001049c
core   0: 0x80001a90 (0x00e18503) lb      a0, 14(gp)
core   0: 3 0x80001a90 (0x00e18503) x10 0xffffffa1 mem 0x800104b1
core   0: 0x80001a94 (0xffe18b83) lb      s7, -2(gp)
core   0: 3 0x80001a94 (0xffe18b83) x23 0x0000002e mem 0x800104a1
core   0: 0x80001a98 (0x00b1d303) lhu     t1, 11(gp)
core   0: 3 0x80001a98 (0x00b1d303) x 6 0x00001b6c mem 0x800104ae
core   0: 0x80001a9c (0x01e195a3) sh      t5, 11(gp)
core   0: 3 0x80001a9c (0x01e195a3) mem 0x800104ae 0x1a46
core   0: 0x80001aa0 (0x00318403) lb      s0, 3(gp)
core   0: 3 0x80001aa0 (0x00318403) x 8 0xffffffa2 mem 0x800104a6
core   0: 0x80001aa4 (0x0000f497) auipc   s1, 0xf
core   0: 3 0x80001aa4 (0x0000f497) x 9 0x80010aa4
core   0: 0x80001aa8 (0x37548493) addi    s1, s1, 885
core   0: 3 0x80001aa8 (0x37548493) x 9 0x80010e19
core   0: 0x80001aac (0x00e4cf03) lbu     t5, 14(s1)
core   0: 3 0x80001aac (0x00e4cf03) x30 0x000000dd mem 0x80010e27
core   0: 0x80001ab0 (0x0054d203) lhu     tp, 5(s1)
core   0: 3 0x80001ab0 (0x0054d203) x 4 0x00006ff2 mem 0x80010e1e
core   0: 0x80001ab4 (0x0000fa17) auipc   s4, 0xf
core   0: 3 0x80001ab4 (0x0000fa17) x20 0x80010ab4
core   0: 0x80001ab8 (0x6f9a0a13) addi    s4, s4, 1785
core   0: 3 0x80001ab8 (0x6f9a0a13) x20 0x800111ad
core   0: 0x80001abc (0x6a2a4503) lbu     a0, 1698(s4)
core   0: 3 0x80001abc (0x6a2a4503) x10 0x000000ff mem 0x8001184f
core   0: 0x80001ac0 (0x60ea21a3) sw      a4, 1539(s4)
core   0: 3 0x80001ac0 (0x60ea21a3) mem 0x800117b0 0x0000008e
core   0: 0x80001ac4 (0xff64c683) lbu     a3, -10(s1)
core   0: 3 0x80001ac4 (0xff64c683) x13 0x000000ce mem 0x80010e0f
core   0: 0x80001ac8 (0x00948a83) lb      s5, 9(s1)
core   0: 3 0x80001ac8 (0x00948a83) x21 0xfffffff7 mem 0x80010e22
core   0: 0x80001acc (0x47da0b03) lb      s6, 1149(s4)
core   0: 3 0x80001acc (0x47da0b03) x22 0xffffff9c mem 0x8001162a
core   0: 0x80001ad0 (0xff5488a3) sb      s5, -15(s1)
core   0: 3 0x80001ad0 (0xff5488a3) mem 0x80010e0a 0xf7
core   0: 0x80001ad4 (0xff648e03) lb      t3, -10(s1)
core   0: 3 0x80001ad4 (0xff648e03) x28 0xffffffce mem 0x80010e0f
core   0: 0x80001ad8 (0x00548623) sb      t0, 12(s1)
core   0: 3 0x80001ad8 (0x00548623) mem 0x80010e25 0x78
core   0: 0x80001adc (0x019a5c83) lhu     s9, 25(s4)
core   0: 3 0x80001adc (0x019a5c83) x25 0x000083ce mem 0x800111c6
core   0: 0x80001ae0 (0x0054d203) lhu     tp, 5(s1)
core   0: 3 0x80001ae0 (0x0054d203) x 4 0x00006ff2 mem 0x80010e1e
core   0: 0x80001ae4 (0x187a5503) lhu     a0, 391(s4)
core   0: 3 0x80001ae4 (0x187a5503) x10 0x00005cbb mem 0x80011334
core   0: 0x80001ae8 (0x00248d03) lb      s10, 2(s1)
core   0: 3 0x80001ae8 (0x00248d03) x26 0xffffffc3 mem 0x80010e1b
core   0: 0x80001aec (0x745a5183) lhu     gp, 1861(s4)
core   0: 3 0x80001aec (0x745a5183) x 3 0x000037a7 mem 0x800118f2
core   0: 0x80001af0 (0xff949d03) lh      s10, -7(s1)
core   0: 3 0x80001af0 (0xff949d03) x26 0x00002238 mem 0x80010e12
core   0: 0x80001af4 (0x5c1a5f03) lhu     t5, 1473(s4)
core   0: 3 0x80001af4 (0x5c1a5f03) x30 0x00000141 mem 0x8001176e
core   0: 0x80001af8 (0x19ba1503) lh      a0, 411(s4)
core   0: 3 0x80001af8 (0x19ba1503) x10 0xffffab1f mem 0x80011348
core   0: 0x80001afc (0x6bca0403) lb      s0, 1724(s4)
core   0: 3 0x80001afc (0x6bca0403) x 8 0x00000053 mem 0x80011869
core   0: 0x80001b00 (0x0000e097) auipc   ra, 0xe
core   0: 3 0x80001b00 (0x0000e097) x 1 0x8000fb00
core   0: 0x80001b04 (0x5de08093) addi    ra, ra, 1502
core   0: 3 0x80001b04 (0x5de08093) x 1 0x800100de
core   0: 0x80001b08 (0x0000f117) auipc   sp, 0xf
core   0: 3 0x80001b08 (0x0000f117) x 2 0x80010b08
core   0: 0x80001b0c (0xa0010113) addi    sp, sp, -1536
core   0: 3 0x80001b0c (0xa0010113) x 2 0x80010508
core   0: 0x80001b10 (0xfb410b23) sb      s4, -74(sp)
core   0: 3 0x80001b10 (0xfb410b23) mem 0x800104be 0xad
core   0: 0x80001b14 (0x44608c23) sb      t1, 1112(ra)
core   0: 3 0x80001b14 (0x44608c23) mem 0x80010536 0x6c
core   0: 0x80001b18 (0xfd208523) sb      s2, -54(ra)
core   0: 3 0x80001b18 (0xfd208523) mem 0x800100a8 0xc2
core   0: 0x80001b1c (0x3510c883) lbu     a7, 849(ra)
core   0: 3 0x80001b1c (0x3510c883) x17 0x000000c0 mem 0x8001042f
core   0: 0x80001b20 (0x0000f697) auipc   a3, 0xf
core   0: 3 0x80001b20 (0x0000f697) x13 0x80010b20
core   0: 0x80001b24 (0xa8468693) addi    a3, a3, -1404
core   0: 3 0x80001b24 (0xa8468693) x13 0x800105a4
core   0: 0x80001b28 (0xf8b68b03) lb      s6, -117(a3)
core   0: 3 0x80001b28 (0xf8b68b03) x22 0x0000004d mem 0x8001052f
core   0: 0x80001b2c (0x4c96c283) lbu     t0, 1225(a3)
core   0: 3 0x80001b2c (0x4c96c283) x 5 0x00000055 mem 0x80010a6d
core   0: 0x80001b30 (0x00004a22) c.lwsp  s4, 8(sp)
core   0: 3 0x80001b30 (0x4a22) x20 0xb76000f6 mem 0x80010510
core   0: 0x80001b32 (0xfbb100a3) sb      s11, -95(sp)
core   0: 3 0x80001b32 (0xfbb100a3) mem 0x800104a9 0x8e
core   0: 0x80001b36 (0x3d708c03) lb      s8, 983(ra)
core   0: 3 0x80001b36 (0x3d708c03) x24 0xfffffff0 mem 0x800104b5
core   0: 0x80001b3a (0x6d3689a3) sb      s3, 1747(a3)
core   0: 3 0x80001b3a (0x6d3689a3) mem 0x80010c77 0x23
core   0: 0x80001b3e (0x69068d23) sb      a6, 1690(a3)
core   0: 3 0x80001b3e (0x69068d23) mem 0x80010c3e 0xc8
core   0: 0x80001b42 (0xb5c6db83) lhu     s7, -1188(a3)
core   0: 3 0x80001b42 (0xb5c6db83) x23 0x0000e4ff mem 0x80010100
core   0: 0x80001b46 (0x3900da03) lhu     s4, 912(ra)
core   0: 3 0x80001b46 (0x3900da03) x20 0x0000174a mem 0x8001046e
core   0: 0x80001b4a (0x3046a303) lw      t1, 772(a3)
core   0: 3 0x80001b4a (0x3046a303) x 6 0x8257040a mem 0x800108a8
core   0: 0x80001b4e (0xffc11a23) sh      t3, -12(sp)
core   0: 3 0x80001b4e (0xffc11a23) mem 0x800104fc 0xffce
core   0: 0x80001b52 (0xbe868923) sb      s0, -1038(a3)
core   0: 3 0x80001b52 (0xbe868923) mem 0x80010196 0x53
core   0: 0x80001b56 (0xffc0dd03) lhu     s10, -4(ra)
core   0: 3 0x80001b56 (0xffc0dd03) x26 0x0000b655 mem 0x800100da
core   0: 0x80001b5a (0x01708ea3) sb      s7, 29(ra)
core   0: 3 0x80001b5a (0x01708ea3) mem 0x800100fb 0xff
core   0: 0x80001b5e (0x1f40c483) lbu     s1, 500(ra)
core   0: 3 0x80001b5e (0x1f40c483) x 9 0x0000009b mem 0x800102d2
core   0: 0x80001b62 (0x2f16c283) lbu     t0, 753(a3)
core   0: 3 0x80001b62 (0x2f16c283) x 5 0x0000007a mem 0x80010895
core   0: 0x80001b66 (0xf9314203) lbu     tp, -109(sp)
core   0: 3 0x80001b66 (0xf9314203) x 4 0x000000c2 mem 0x8001049b
core   0: 0x80001b6a (0x05d100a3) sb      t4, 65(sp)
core   0: 3 0x80001b6a (0x05d100a3) mem 0x80010549 0x0
core   0: 0x80001b6e (0xff600413) li      s0, -10
core   0: 3 0x80001b6e (0xff600413) x 8 0xfffffff6
core   0: 0x80001b72 (0x0000d233) srl     tp, ra, zero
core   0: 3 0x80001b72 (0x0000d233) x 4 0x800100de
core   0: 0x80001b76 (0x41375933) sra     s2, a4, s3
core   0: 3 0x80001b76 (0x41375933) x18 0x00000011
core   0: 0x80001b7a (0x00008ea9) c.xor   a3, a0
core   0: 3 0x80001b7a (0x8ea9) x13 0x7ffeaebb
core   0: 0x80001b7c (0x00008e91) c.sub   a3, a2
core   0: 3 0x80001b7c (0x8e91) x13 0xfffc11d7
core   0: 0x80001b7e (0x00a98333) add     t1, s3, a0
core   0: 3 0x80001b7e (0x00a98333) x 6 0xffffab42
core   0: 0x80001b82 (0x0386bb33) mulhu   s6, a3, s8
core   0: 3 0x80001b82 (0x0386bb33) x22 0xfffc11c7
core   0: 0x80001b86 (0x431cf8b7) lui     a7, 0x431cf
core   0: 3 0x80001b86 (0x431cf8b7) x17 0x431cf000
core   0: 0x80001b8a (0x0216d233) divu    tp, a3, ra
core   0: 3 0x80001b8a (0x0216d233) x 4 0x00000001
core   0: 0x80001b8e (0x01d25213) srli    tp, tp, 29
core   0: 3 0x80001b8e (0x01d25213) x 4 0x00000000
core   0: 0x80001b92 (0x40d85693) srai    a3, a6, 13
core   0: 3 0x80001b92 (0x40d85693) x13 0xfffc0002
core   0: 0x80001b96 (0x00eee3b3) or      t2, t4, a4
core   0: 3 0x80001b96 (0x00eee3b3) x 7 0x0000008e
core   0: 0x80001b9a (0x71406113) ori     sp, zero, 1812
core   0: 3 0x80001b9a (0x71406113) x 2 0x00000714
core   0: 0x80001b9e (0x00000001) c.nop
core   0: 3 0x80001b9e (0x0001)
core   0: 0x80001ba0 (0x00006ca5) c.lui   s9, 0x9
core   0: 3 0x80001ba0 (0x6ca5) x25 0x00009000
core   0: 0x80001ba2 (0x014eb5b3) sltu    a1, t4, s4
core   0: 3 0x80001ba2 (0x014eb5b3) x11 0x00000001
core   0: 0x80001ba6 (0x01c28833) add     a6, t0, t3
core   0: 3 0x80001ba6 (0x01c28833) x16 0x00000048
core   0: 0x80001baa (0x00008a2a) c.mv    s4, a0
core   0: 3 0x80001baa (0x8a2a) x20 0xffffab1f
core   0: 0x80001bac (0x00000405) c.addi  s0, 1
core   0: 3 0x80001bac (0x0405) x 8 0xfffffff7
core   0: 0x80001bae (0x40fd03b3) sub     t2, s10, a5
core   0: 3 0x80001bae (0x40fd03b3) x 7 0x7ffe57f1
core   0: 0x80001bb2 (0x000056fd) c.li    a3, -1
core   0: 3 0x80001bb2 (0x56fd) x13 0xffffffff
core   0: 0x80001bb4 (0x40d30f33) sub     t5, t1, a3
core   0: 3 0x80001bb4 (0x40d30f33) x30 0xffffab43
core   0: 0x80001bb8 (0x00600493) li      s1, 6
core   0: 3 0x80001bb8 (0x00600493) x 9 0x00000006
core   0: 0x80001bbc (0x00c61b93) slli    s7, a2, 12
core   0: 3 0x80001bbc (0x00c61b93) x23 0x29ce4000
core   0: 0x80001bc0 (0x01400513) li      a0, 20
core   0: 3 0x80001bc0 (0x01400513) x10 0x00000014
core   0: 0x80001bc4 (0x039028b3) mulhsu  a7, zero, s9
core   0: 3 0x80001bc4 (0x039028b3) x17 0x00000000
core   0: 0x80001bc8 (0x006a7b33) and     s6, s4, t1
core   0: 3 0x80001bc8 (0x006a7b33) x22 0xffffab02
core   0: 0x80001bcc (0x03e46fb3) rem     t6, s0, t5
core   0: 3 0x80001bcc (0x03e46fb3) x31 0xfffffff7
core   0: 0x80001bd0 (0x0293cf33) div     t5, t2, s1
core   0: 3 0x80001bd0 (0x0293cf33) x30 0x15550ea8
core   0: 0x80001bd4 (0x00837bb3) and     s7, t1, s0
core   0: 3 0x80001bd4 (0x00837bb3) x23 0xffffab42
core   0: 0x80001bd8 (0x000004a1) c.addi  s1, 8
core   0: 3 0x80001bd8 (0x04a1) x 9 0x0000000e
core   0: 0x80001bda (0xfea4ede3) bltu    s1, a0, pc - 6
core   0: 3 0x80001bda (0xfea4ede3)
core   0: 0x80001bd4 (0x00837bb3) and     s7, t1, s0
core   0: 3 0x80001bd4 (0x00837bb3) x23 0xffffab42
core   0: 0x80001bd8 (0x000004a1) c.addi  s1, 8
core   0: 3 0x80001bd8 (0x04a1) x 9 0x00000016
core   0: 0x80001bda (0xfea4ede3) bltu    s1, a0, pc - 6
core   0: 3 0x80001bda (0xfea4ede3)
core   0: 0x80001bde (0x0000d461) c.beqz  s0, pc - 56
core   0: 3 0x80001bde (0xd461)
core   0: 0x80001be0 (0x0000100f) fence.i
core   0: 3 0x80001be0 (0x0000100f)
core   0: 0x80001be4 (0x0001d217) auipc   tp, 0x1d
core   0: 3 0x80001be4 (0x0001d217) x 4 0x8001ebe4
core   0: 0x80001be8 (0xa0e20213) addi    tp, tp, -1522
core   0: 3 0x80001be8 (0xa0e20213) x 4 0x8001e5f2
core   0: 0x80001bec (0xff025403) lhu     s0, -16(tp)
core   0: 3 0x80001bec (0xff025403) x 8 0x00001f14 mem 0x8001e5e2
core   0: 0x80001bf0 (0x0000f817) auipc   a6, 0xf
core   0: 3 0x80001bf0 (0x0000f817) x16 0x80010bf0
core   0: 0x80001bf4 (0x42d80813) addi    a6, a6, 1069
core   0: 3 0x80001bf4 (0x42d80813) x16 0x8001101d
core   0: 0x80001bf8 (0x00c24a03) lbu     s4, 12(tp)
core   0: 3 0x80001bf8 (0x00c24a03) x20 0x0000008a mem 0x8001e5fe
core   0: 0x80001bfc (0xff324903) lbu     s2, -13(tp)
core   0: 3 0x80001bfc (0xff324903) x18 0x000000c2 mem 0x8001e5e5
core   0: 0x80001c00 (0x005203a3) sb      t0, 7(tp)
core   0: 3 0x80001c00 (0x005203a3) mem 0x8001e5f9 0x7a
core   0: 0x80001c04 (0x01181aa3) sh      a7, 21(a6)
core   0: 3 0x80001c04 (0x01181aa3) mem 0x80011032 0x0000
core   0: 0x80001c08 (0xff322923) sw      s3, -14(tp)
core   0: 3 0x80001c08 (0xff322923) mem 0x8001e5e4 0x00000023
core   0: 0x80001c0c (0xfb381c83) lh      s9, -77(a6)
core   0: 3 0x80001c0c (0xfb381c83) x25 0xffffc661 mem 0x80010fd0
core   0: 0x80001c10 (0x00720483) lb      s1, 7(tp)
core   0: 3 0x80001c10 (0x00720483) x 9 0x0000007a mem 0x8001e5f9
core   0: 0x80001c14 (0xf9780283) lb      t0, -105(a6)
core   0: 3 0x80001c14 (0xf9780283) x 5 0xfffffff8 mem 0x80010fb4
core   0: 0x80001c18 (0xffc20703) lb      a4, -4(tp)
core   0: 3 0x80001c18 (0xffc20703) x14 0x0000004f mem 0x8001e5ee
core   0: 0x80001c1c (0x00b206a3) sb      a1, 13(tp)
core   0: 3 0x80001c1c (0x00b206a3) mem 0x8001e5ff 0x1
core   0: 0x80001c20 (0x00d21823) sh      a3, 16(tp)
core   0: 3 0x80001c20 (0x00d21823) mem 0x8001e602 0xffff
core   0: 0x80001c24 (0xfd884403) lbu     s0, -40(a6)
core   0: 3 0x80001c24 (0xfd884403) x 8 0x00000054 mem 0x80010ff5
core   0: 0x80001c28 (0x00585683) lhu     a3, 5(a6)
core   0: 3 0x80001c28 (0x00585683) x13 0x0000d6b2 mem 0x80011022
core   0: 0x80001c2c (0x00018297) auipc   t0, 0x18
core   0: 3 0x80001c2c (0x00018297) x 5 0x80019c2c
core   0: 0x80001c30 (0x49928293) addi    t0, t0, 1177
core   0: 3 0x80001c30 (0x49928293) x 5 0x8001a0c5
core   0: 0x80001c34 (0x00da53b3) srl     t2, s4, a3
core   0: 3 0x80001c34 (0x00da53b3) x 7 0x00000000
core   0: 0x80001c38 (0x0344d233) divu    tp, s1, s4
core   0: 3 0x80001c38 (0x0344d233) x 4 0x00000000
core   0: 0x80001c3c (0xfe429ba3) sh      tp, -9(t0)
core   0: 3 0x80001c3c (0xfe429ba3) mem 0x8001a0bc 0x0000
core   0: 0x80001c40 (0xff12d683) lhu     a3, -15(t0)
core   0: 3 0x80001c40 (0xff12d683) x13 0x00003924 mem 0x8001a0b6
core   0: 0x80001c44 (0xffa28203) lb      tp, -6(t0)
core   0: 3 0x80001c44 (0xffa28203) x 4 0xffffffcc mem 0x8001a0bf
core   0: 0x80001c48 (0xff62c383) lbu     t2, -10(t0)
core   0: 3 0x80001c48 (0xff62c383) x 7 0x000000f6 mem 0x8001a0bb
core   0: 0x80001c4c (0x000004c2) c.slli  s1, 16
core   0: 3 0x80001c4c (0x04c2) x 9 0x007a0000
core   0: 0x80001c4e (0xff92c403) lbu     s0, -7(t0)
core   0: 3 0x80001c4e (0xff92c403) x 8 0x00000037 mem 0x8001a0be
core   0: 0x80001c52 (0xfe928fa3) sb      s1, -1(t0)
core   0: 3 0x80001c52 (0xfe928fa3) mem 0x8001a0c4 0x0
core   0: 0x80001c56 (0x01439a33) sll     s4, t2, s4
core   0: 3 0x80001c56 (0x01439a33) x20 0x0003d800
core   0: 0x80001c5a (0x6f138413) addi    s0, t2, 1777
core   0: 3 0x80001c5a (0x6f138413) x 8 0x000007e7
core   0: 0x80001c5e (0xfed28c23) sb      a3, -8(t0)
core   0: 3 0x80001c5e (0xfed28c23) mem 0x8001a0bd 0x24
core   0: 0x80001c62 (0xfe42afa3) sw      tp, -1(t0)
core   0: 3 0x80001c62 (0xfe42afa3) mem 0x8001a0c4 0xffffffcc
core   0: 0x80001c66 (0x00d28223) sb      a3, 4(t0)
core   0: 3 0x80001c66 (0x00d28223) mem 0x8001a0c9 0x24
core   0: 0x80001c6a (0x00008045) c.srli  s0, 17
core   0: 3 0x80001c6a (0x8045) x 8 0x00000000
core   0: 0x80001c6c (0x0022c483) lbu     s1, 2(t0)
core   0: 3 0x80001c6c (0x0022c483) x 9 0x000000ff mem 0x8001a0c7
core   0: 0x80001c70 (0x00828123) sb      s0, 2(t0)
core   0: 3 0x80001c70 (0x00828123) mem 0x8001a0c7 0x0
core   0: 0x80001c74 (0x0294e233) rem     tp, s1, s1
core   0: 3 0x80001c74 (0x0294e233) x 4 0x00000000
core   0: 0x80001c78 (0x00008e85) c.sub   a3, s1
core   0: 3 0x80001c78 (0x8e85) x13 0x00003825
core   0: 0x80001c7a (0x024413b3) mulh    t2, s0, tp
core   0: 3 0x80001c7a (0x024413b3) x 7 0x00000000
core   0: 0x80001c7e (0xffb28403) lb      s0, -5(t0)
core   0: 3 0x80001c7e (0xffb28403) x 8 0xfffffffb mem 0x8001a0c0
core   0: 0x80001c82 (0x00008031) c.srli  s0, 12
core   0: 3 0x80001c82 (0x8031) x 8 0x000fffff
core   0: 0x80001c84 (0x00428323) sb      tp, 6(t0)
core   0: 3 0x80001c84 (0x00428323) mem 0x8001a0cb 0x0
core   0: 0x80001c88 (0x0102c203) lbu     tp, 16(t0)
core   0: 3 0x80001c88 (0x0102c203) x 4 0x00000030 mem 0x8001a0d5
core   0: 0x80001c8c (0xff72da03) lhu     s4, -9(t0)
core   0: 3 0x80001c8c (0xff72da03) x20 0x00002400 mem 0x8001a0bc
core   0: 0x80001c90 (0x00c28a03) lb      s4, 12(t0)
core   0: 3 0x80001c90 (0x00c28a03) x20 0xffffff82 mem 0x8001a0d1
core   0: 0x80001c94 (0xfe9288a3) sb      s1, -15(t0)
core   0: 3 0x80001c94 (0xfe9288a3) mem 0x8001a0b6 0xff
core   0: 0x80001c98 (0x00d28523) sb      a3, 10(t0)
core   0: 3 0x80001c98 (0x00d28523) mem 0x8001a0cf 0x25
core   0: 0x80001c9c (0xff928483) lb      s1, -7(t0)
core   0: 3 0x80001c9c (0xff928483) x 9 0x00000037 mem 0x8001a0be
core   0: 0x80001ca0 (0x00800213) li      tp, 8
core   0: 3 0x80001ca0 (0x00800213) x 4 0x00000008
core   0: 0x80001ca4 (0x00600113) li      sp, 6
core   0: 3 0x80001ca4 (0x00600113) x 2 0x00000006
core   0: 0x80001ca8 (0x00000001) c.nop
core   0: 3 0x80001ca8 (0x0001)
core   0: 0x80001caa (0x41930533) sub     a0, t1, s9
core   0: 3 0x80001caa (0x41930533) x10 0xffffe4e1
core   0: 0x80001cae (0x1d996693) ori     a3, s2, 473
core   0: 3 0x80001cae (0x1d996693) x13 0x000001db
core   0: 0x80001cb2 (0x01801ab3) sll     s5, zero, s8
core   0: 3 0x80001cb2 (0x01801ab3) x21 0x00000000
core   0: 0x80001cb6 (0x0000126d) c.addi  tp, -5
core   0: 3 0x80001cb6 (0x126d) x 4 0x00000003
core   0: 0x80001cb8 (0xfe2278e3) bgeu    tp, sp, pc - 16
core   0: 3 0x80001cb8 (0xfe2278e3)
core   0: 0x80001cbc (0x00008e89) c.sub   a3, a0
core   0: 3 0x80001cbc (0x8e89) x13 0x00001cfa
core   0: 0x80001cbe (0x00016217) auipc   tp, 0x16
core   0: 3 0x80001cbe (0x00016217) x 4 0x80017cbe
core   0: 0x80001cc2 (0x30320213) addi    tp, tp, 771
core   0: 3 0x80001cc2 (0x30320213) x 4 0x80017fc1
core   0: 0x80001cc6 (0xff024a03) lbu     s4, -16(tp)
core   0: 3 0x80001cc6 (0xff024a03) x20 0x000000ae mem 0x80017fb1
core   0: 0x80001cca (0xff024683) lbu     a3, -16(tp)
core   0: 3 0x80001cca (0xff024683) x13 0x000000ae mem 0x80017fb1
core   0: 0x80001cce (0x40928133) sub     sp, t0, s1
core   0: 3 0x80001cce (0x40928133) x 2 0x8001a08e
core   0: 0x80001cd2 (0xff024883) lbu     a7, -16(tp)
core   0: 3 0x80001cd2 (0xff024883) x17 0x000000ae mem 0x80017fb1
core   0: 0x80001cd6 (0xed6fad13) slti    s10, t6, -298
core   0: 3 0x80001cd6 (0xed6fad13) x26 0x00000000
core   0: 0x80001cda (0x40605fb3) sra     t6, zero, t1
core   0: 3 0x80001cda (0x40605fb3) x31 0x00000000
core   0: 0x80001cde (0xfe220da3) sb      sp, -5(tp)
core   0: 3 0x80001cde (0xfe220da3) mem 0x80017fbc 0x8e
core   0: 0x80001ce2 (0x00000832) c.slli  a6, 12
core   0: 3 0x80001ce2 (0x0832) x16 0x1101d000
core   0: 0x80001ce4 (0x017214a3) sh      s7, 9(tp)
core   0: 3 0x80001ce4 (0x017214a3) mem 0x80017fca 0xab42
core   0: 0x80001ce8 (0x00925d03) lhu     s10, 9(tp)
core   0: 3 0x80001ce8 (0x00925d03) x26 0x0000ab42 mem 0x80017fca
core   0: 0x80001cec (0x00921503) lh      a0, 9(tp)
core   0: 3 0x80001cec (0x00921503) x10 0xffffab42 mem 0x80017fca
core   0: 0x80001cf0 (0x014229a3) sw      s4, 19(tp)
core   0: 3 0x80001cf0 (0x014229a3) mem 0x80017fd4 0x000000ae
core   0: 0x80001cf4 (0x00008d35) c.xor   a0, a3
core   0: 3 0x80001cf4 (0x8d35) x10 0xffffabec
core   0: 0x80001cf6 (0x008229a3) sw      s0, 19(tp)
core   0: 3 0x80001cf6 (0x008229a3) mem 0x80017fd4 0x000fffff
core   0: 0x80001cfa (0x00420ea3) sb      tp, 29(tp)
core   0: 3 0x80001cfa (0x00420ea3) mem 0x80017fde 0xc1
core   0: 0x80001cfe (0xff824983) lbu     s3, -8(tp)
core   0: 3 0x80001cfe (0xff824983) x19 0x00000004 mem 0x80017fb9
core   0: 0x80001d02 (0x01824283) lbu     t0, 24(tp)
core   0: 3 0x80001d02 (0x01824283) x 5 0x0000002e mem 0x80017fd9
core   0: 0x80001d06 (0x01824a83) lbu     s5, 24(tp)
core   0: 3 0x80001d06 (0x01824a83) x21 0x0000002e mem 0x80017fd9
core   0: 0x80001d0a (0x00000001) c.nop
core   0: 3 0x80001d0a (0x0001)
core   0: 0x80001d0c (0xfe420c23) sb      tp, -8(tp)
core   0: 3 0x80001d0c (0xfe420c23) mem 0x80017fb9 0xc1
core   0: 0x80001d10 (0x0000f317) auipc   t1, 0xf
core   0: 3 0x80001d10 (0x0000f317) x 6 0x80010d10
core   0: 0x80001d14 (0xea230313) addi    t1, t1, -350
core   0: 3 0x80001d14 (0xea230313) x 6 0x80010bb2
core   0: 0x80001d18 (0x2eb30ea3) sb      a1, 765(t1)
core   0: 3 0x80001d18 (0x2eb30ea3) mem 0x80010eaf 0x1
core   0: 0x80001d1c (0x0000e197) auipc   gp, 0xe
core   0: 3 0x80001d1c (0x0000e197) x 3 0x8000fd1c
core   0: 0x80001d20 (0x56018193) addi    gp, gp, 1376
core   0: 3 0x80001d20 (0x56018193) x 3 0x8001027c
core   0: 0x80001d24 (0x0000f117) auipc   sp, 0xf
core   0: 3 0x80001d24 (0x0000f117) x 2 0x80010d24
core   0: 0x80001d28 (0xe2c10113) addi    sp, sp, -468
core   0: 3 0x80001d28 (0xe2c10113) x 2 0x80010b50
core   0: 0x80001d2c (0x0000fc97) auipc   s9, 0xf
core   0: 3 0x80001d2c (0x0000fc97) x25 0x80010d2c
core   0: 0x80001d30 (0x14cc8c93) addi    s9, s9, 332
core   0: 3 0x80001d30 (0x14cc8c93) x25 0x80010e78
core   0: 0x80001d34 (0x38734203) lbu     tp, 903(t1)
core   0: 3 0x80001d34 (0x38734203) x 4 0x00000011 mem 0x80010f39
core   0: 0x80001d38 (0x0c5cca83) lbu     s5, 197(s9)
core   0: 3 0x80001d38 (0x0c5cca83) x21 0x00000070 mem 0x80010f3d
core   0: 0x80001d3c (0xff211883) lh      a7, -14(sp)
core   0: 3 0x80001d3c (0xff211883) x17 0x000009a1 mem 0x80010b42
core   0: 0x80001d40 (0xb3934203) lbu     tp, -1223(t1)
core   0: 3 0x80001d40 (0xb3934203) x 4 0x00000080 mem 0x800106eb
core   0: 0x80001d44 (0x00004382) c.lwsp  t2, 0(sp)
core   0: 3 0x80001d44 (0x4382) x 7 0xa1c86126 mem 0x80010b50
core   0: 0x80001d46 (0x0000fb17) auipc   s6, 0xf
core   0: 3 0x80001d46 (0x0000fb17) x22 0x80010d46
core   0: 0x80001d4a (0xcc5b0b13) addi    s6, s6, -827
core   0: 3 0x80001d4a (0xcc5b0b13) x22 0x80010a0b
core   0: 0x80001d4e (0x00004582) c.lwsp  a1, 0(sp)
core   0: 3 0x80001d4e (0x4582) x11 0xa1c86126 mem 0x80010b50
core   0: 0x80001d50 (0xfc218423) sb      sp, -56(gp)
core   0: 3 0x80001d50 (0xfc218423) mem 0x80010244 0x50
core   0: 0x80001d54 (0xf50c9f03) lh      t5, -176(s9)
core   0: 3 0x80001d54 (0xf50c9f03) x30 0x00005dd4 mem 0x80010dc8
core   0: 0x80001d58 (0xff21cd83) lbu     s11, -14(gp)
core   0: 3 0x80001d58 (0xff21cd83) x27 0x000000a5 mem 0x8001026e
core   0: 0x80001d5c (0xff710003) lb      zero, -9(sp)
core   0: 3 0x80001d5c (0xff710003) mem 0x80010b47
core   0: 0x80001d60 (0x038c89a3) sb      s8, 51(s9)
core   0: 3 0x80001d60 (0x038c89a3) mem 0x80010eab 0xf0
core   0: 0x80001d64 (0x3efb4e03) lbu     t3, 1007(s6)
core   0: 3 0x80001d64 (0x3efb4e03) x28 0x00000091 mem 0x80010dfa
core   0: 0x80001d68 (0xfabc8823) sb      a1, -80(s9)
core   0: 3 0x80001d68 (0xfabc8823) mem 0x80010e28 0x26
core   0: 0x80001d6c (0xff414a03) lbu     s4, -12(sp)
core   0: 3 0x80001d6c (0xff414a03) x20 0x000000e4 mem 0x80010b44
core   0: 0x80001d70 (0x04acdf83) lhu     t6, 74(s9)
core   0: 3 0x80001d70 (0x04acdf83) x31 0x0000b239 mem 0x80010ec2
core   0: 0x80001d74 (0xff411583) lh      a1, -12(sp)
core   0: 3 0x80001d74 (0xff411583) x11 0x000071e4 mem 0x80010b44
core   0: 0x80001d78 (0x0e630903) lb      s2, 230(t1)
core   0: 3 0x80001d78 (0x0e630903) x18 0xffffffcf mem 0x80010c98
core   0: 0x80001d7c (0xf98b4a83) lbu     s5, -104(s6)
core   0: 3 0x80001d7c (0xf98b4a83) x21 0x00000037 mem 0x800109a3
core   0: 0x80001d80 (0x00004a12) c.lwsp  s4, 4(sp)
core   0: 3 0x80001d80 (0x4a12) x20 0xd4415147 mem 0x80010b54
core   0: 0x80001d82 (0x00615583) lhu     a1, 6(sp)
core   0: 3 0x80001d82 (0x00615583) x11 0x0000d441 mem 0x80010b56
core   0: 0x80001d86 (0xff41d083) lhu     ra, -12(gp)
core   0: 3 0x80001d86 (0xff41d083) x 1 0x0000c0ec mem 0x80010270
core   0: 0x80001d8a (0xf00ca483) lw      s1, -256(s9)
core   0: 3 0x80001d8a (0xf00ca483) x 9 0x6b16535f mem 0x80010d78
core   0: 0x80001d8e (0x0051c903) lbu     s2, 5(gp)
core   0: 3 0x80001d8e (0x0051c903) x18 0x0000005d mem 0x80010281
core   0: 0x80001d92 (0x582b0683) lb      a3, 1410(s6)
core   0: 3 0x80001d92 (0x582b0683) x13 0xfffffff9 mem 0x80010f8d
core   0: 0x80001d96 (0xfeb18683) lb      a3, -21(gp)
core   0: 3 0x80001d96 (0xfeb18683) x13 0xffffffd8 mem 0x80010267
core   0: 0x80001d9a (0xfe1c8b83) lb      s7, -31(s9)
core   0: 3 0x80001d9a (0xfe1c8b83) x23 0x0000004c mem 0x80010e59
core   0: 0x80001d9e (0x15fb5403) lhu     s0, 351(s6)
core   0: 3 0x80001d9e (0x15fb5403) x 8 0x000081bd mem 0x80010b6a
core   0: 0x80001da2 (0x24a30683) lb      a3, 586(t1)
core   0: 3 0x80001da2 (0x24a30683) x13 0x0000001d mem 0x80010dfc
core   0: 0x80001da6 (0x00110883) lb      a7, 1(sp)
core   0: 3 0x80001da6 (0x00110883) x17 0x00000061 mem 0x80010b51
core   0: 0x80001daa (0x976b4d83) lbu     s11, -1674(s6)
core   0: 3 0x80001daa (0x976b4d83) x27 0x00000019 mem 0x80010381
core   0: 0x80001dae (0xfff1c083) lbu     ra, -1(gp)
core   0: 3 0x80001dae (0xfff1c083) x 1 0x00000079 mem 0x8001027b
core   0: 0x80001db2 (0x00a0036f) jal     t1, pc + 0xa
core   0: 3 0x80001db2 (0x00a0036f) x 6 0x80001db6
core   0: 0x80001dbc (0x0000a039) c.j     pc + 14
core   0: 3 0x80001dbc (0xa039)
core   0: 0x80001dca (0x0000bff5) c.j     pc - 4
core   0: 3 0x80001dca (0xbff5)
core   0: 0x80001dc6 (0x0000bffd) c.j     pc - 2
core   0: 3 0x80001dc6 (0xbffd)
core   0: 0x80001dc4 (0x0000bffd) c.j     pc - 2
core   0: 3 0x80001dc4 (0xbffd)
core   0: 0x80001dc2 (0x0000a039) c.j     pc + 14
core   0: 3 0x80001dc2 (0xa039)
core   0: 0x80001dd0 (0x000037dd) c.jal   pc - 26
core   0: 3 0x80001dd0 (0x37dd) x 1 0x80001dd2
core   0: 0x80001db6 (0x00002021) c.jal   pc + 8
core   0: 3 0x80001db6 (0x2021) x 1 0x80001db8
core   0: 0x80001dbe (0x00e0036f) jal     t1, pc + 0xe
core   0: 3 0x80001dbe (0x00e0036f) x 6 0x80001dc2
core   0: 0x80001dcc (0xfefff76f) jal     a4, pc - 0x12
core   0: 3 0x80001dcc (0xfefff76f) x14 0x80001dd0
core   0: 0x80001dba (0x00003ffd) c.jal   pc - 2
core   0: 3 0x80001dba (0x3ffd) x 1 0x80001dbc
core   0: 0x80001db8 (0x00002801) c.jal   pc + 16
core   0: 3 0x80001db8 (0x2801) x 1 0x80001dba
core   0: 0x80001dc8 (0x0000a029) c.j     pc + 10
core   0: 3 0x80001dc8 (0xa029)
core   0: 0x80001dd2 (0xc0f92f93) slti    t6, s2, -1009
core   0: 3 0x80001dd2 (0xc0f92f93) x31 0x00000000
core   0: 0x80001dd6 (0x0000f597) auipc   a1, 0xf
core   0: 3 0x80001dd6 (0x0000f597) x11 0x80010dd6
core   0: 0x80001dda (0xe4758593) addi    a1, a1, -441
core   0: 3 0x80001dda (0xe4758593) x11 0x80010c1d
core   0: 0x80001dde (0xa76f8717) auipc   a4, 0xa76f8
core   0: 3 0x80001dde (0xa76f8717) x14 0x276f9dde
core   0: 0x80001de2 (0xfd158303) lb      t1, -47(a1)
core   0: 3 0x80001de2 (0xfd158303) x 6 0xffffff8f mem 0x80010bee
core   0: 0x80001de6 (0x85858303) lb      t1, -1960(a1)
core   0: 3 0x80001de6 (0x85858303) x 6 0xfffffff3 mem 0x80010475
core   0: 0x80001dea (0x41e35cb3) sra     s9, t1, t5
core   0: 3 0x80001dea (0x41e35cb3) x25 0xffffffff
core   0: 0x80001dee (0xf0458703) lb      a4, -252(a1)
core   0: 3 0x80001dee (0xf0458703) x14 0x00000049 mem 0x80010b21
core   0: 0x80001df2 (0xded5d703) lhu     a4, -531(a1)
core   0: 3 0x80001df2 (0xded5d703) x14 0x00008922 mem 0x80010a0a
core   0: 0x80001df6 (0x23a58303) lb      t1, 570(a1)
core   0: 3 0x80001df6 (0x23a58303) x 6 0x00000023 mem 0x80010e57
core   0: 0x80001dfa (0x015acc33) xor     s8, s5, s5
core   0: 3 0x80001dfa (0x015acc33) x24 0x00000000
core   0: 0x80001dfe (0x0e6594a3) sh      t1, 233(a1)
core   0: 3 0x80001dfe (0x0e6594a3) mem 0x80010d06 0x0023
core   0: 0x80001e02 (0x03935333) divu    t1, t1, s9
core   0: 3 0x80001e02 (0x03935333) x 6 0x00000000
core   0: 0x80001e06 (0x00008f59) c.or    a4, a4
core   0: 3 0x80001e06 (0x8f59) x14 0x00008922
core   0: 0x80001e08 (0xfd12af37) lui     t5, 0xfd12a
core   0: 3 0x80001e08 (0xfd12af37) x30 0xfd12a000
core   0: 0x80001e0c (0x0000937a) c.add   t1, t5
core   0: 3 0x80001e0c (0x937a) x 6 0xfd12a000
core   0: 0x80001e0e (0xbf858123) sb      s8, -1054(a1)
core   0: 3 0x80001e0e (0xbf858123) mem 0x800107ff 0x0
core   0: 0x80001e12 (0x00009356) c.add   t1, s5
core   0: 3 0x80001e12 (0x9356) x 6 0xfd12a037
core   0: 0x80001e14 (0x2dc5ca83) lbu     s5, 732(a1)
core   0: 3 0x80001e14 (0x2dc5ca83) x21 0x000000e8 mem 0x80010ef9
core   0: 0x80001e18 (0x00008311) c.srli  a4, 4
core   0: 3 0x80001e18 (0x8311) x14 0x00000892
core   0: 0x80001e1a (0x00000001) c.nop
core   0: 3 0x80001e1a (0x0001)
core   0: 0x80001e1c (0x02671ab3) mulh    s5, a4, t1
core   0: 3 0x80001e1c (0x02671ab3) x21 0xffffffe6
core   0: 0x80001e20 (0x00009c1a) c.add   s8, t1
core   0: 3 0x80001e20 (0x9c1a) x24 0xfd12a037
core   0: 0x80001e22 (0x00000001) c.nop
core   0: 3 0x80001e22 (0x0001)
core   0: 0x80001e24 (0xfd958a23) sb      s9, -44(a1)
core   0: 3 0x80001e24 (0xfd958a23) mem 0x80010bf1 0xff
core   0: 0x80001e28 (0xfe658223) sb      t1, -28(a1)
core   0: 3 0x80001e28 (0xfe658223) mem 0x80010c01 0x37
core   0: 0x80001e2c (0x2c658123) sb      t1, 706(a1)
core   0: 3 0x80001e2c (0x2c658123) mem 0x80010edf 0x37
core   0: 0x80001e30 (0x8a45ca83) lbu     s5, -1884(a1)
core   0: 3 0x80001e30 (0x8a45ca83) x21 0x00000000 mem 0x800104c1
core   0: 0x80001e34 (0x00008779) c.srai  a4, 30
core   0: 3 0x80001e34 (0x8779) x14 0x00000000
core   0: 0x80001e36 (0x0ae58303) lb      t1, 174(a1)
core   0: 3 0x80001e36 (0x0ae58303) x 6 0x0000007f mem 0x80010ccb
core   0: 0x80001e3a (0x1fa5ca83) lbu     s5, 506(a1)
core   0: 3 0x80001e3a (0x1fa5ca83) x21 0x00000088 mem 0x80010e17
core   0: 0x80001e3e (0x99858fa3) sb      s8, -1633(a1)
core   0: 3 0x80001e3e (0x99858fa3) mem 0x800105bc 0x37
core   0: 0x80001e42 (0x00008c62) c.mv    s8, s8
core   0: 3 0x80001e42 (0x8c62) x24 0xfd12a037
core   0: 0x80001e44 (0xaf558823) sb      s5, -1296(a1)
core   0: 3 0x80001e44 (0xaf558823) mem 0x8001070d 0x88
core   0: 0x80001e48 (0x97858aa3) sb      s8, -1675(a1)
core   0: 3 0x80001e48 (0x97858aa3) mem 0x80010592 0x37
core   0: 0x80001e4c (0x3d759c03) lh      s8, 983(a1)
core   0: 3 0x80001e4c (0x3d759c03) x24 0x000054a3 mem 0x80010ff4
core   0: 0x80001e50 (0x00008f79) c.and   a4, a4
core   0: 3 0x80001e50 (0x8f79) x14 0x00000000
core   0: 0x80001e52 (0xaf558423) sb      s5, -1304(a1)
core   0: 3 0x80001e52 (0xaf558423) mem 0x80010705 0x88
core   0: 0x80001e56 (0x0d958a23) sb      s9, 212(a1)
core   0: 3 0x80001e56 (0x0d958a23) mem 0x80010cf1 0xff
core   0: 0x80001e5a (0x00000729) c.addi  a4, 10
core   0: 3 0x80001e5a (0x0729) x14 0x0000000a
core   0: 0x80001e5c (0xb305cf03) lbu     t5, -1232(a1)
core   0: 3 0x80001e5c (0xb305cf03) x30 0x00000098 mem 0x8001074d
core   0: 0x80001e60 (0x1665a9a3) sw      t1, 371(a1)
core   0: 3 0x80001e60 (0x1665a9a3) mem 0x80010d90 0x0000007f
core   0: 0x80001e64 (0x0ff0000f) fence   iorw,iorw
core   0: 3 0x80001e64 (0x0ff0000f)
core   0: 0x80001e68 (0x00636f33) or      t5, t1, t1
core   0: 3 0x80001e68 (0x00636f33) x30 0x0000007f
core   0: 0x80001e6c (0xf7fc2c93) slti    s9, s8, -129
core   0: 3 0x80001e6c (0xf7fc2c93) x25 0x00000000
core   0: 0x80001e70 (0xa5e588a3) sb      t5, -1455(a1)
core   0: 3 0x80001e70 (0xa5e588a3) mem 0x8001066e 0x7f
core   0: 0x80001e74 (0xe3a5ca83) lbu     s5, -454(a1)
core   0: 3 0x80001e74 (0xe3a5ca83) x21 0x000000cd mem 0x80010a57
core   0: 0x80001e78 (0x00004ae5) c.li    s5, 25
core   0: 3 0x80001e78 (0x4ae5) x21 0x00000019
core   0: 0x80001e7a (0xa2f5dc03) lhu     s8, -1489(a1)
core   0: 3 0x80001e7a (0xa2f5dc03) x24 0x0000e910 mem 0x8001064c
core   0: 0x80001e7e (0xfff00713) li      a4, -1
core   0: 3 0x80001e7e (0xfff00713) x14 0xffffffff
core   0: 0x80001e82 (0x019778b3) and     a7, a4, s9
core   0: 3 0x80001e82 (0x019778b3) x17 0x00000000
core   0: 0x80001e86 (0x02517d33) remu    s10, sp, t0
core   0: 3 0x80001e86 (0x02517d33) x26 0x00000024
core   0: 0x80001e8a (0x00006861) c.lui   a6, 0x18
core   0: 3 0x80001e8a (0x6861) x16 0x00018000
core   0: 0x80001e8c (0x037cb1b3) mulhu   gp, s9, s7
core   0: 3 0x80001e8c (0x037cb1b3) x 3 0x00000000
core   0: 0x80001e90 (0x0000527d) c.li    tp, -1
core   0: 3 0x80001e90 (0x527d) x 4 0xffffffff
core   0: 0x80001e92 (0x00400f13) li      t5, 4
core   0: 3 0x80001e92 (0x00400f13) x30 0x00000004
core   0: 0x80001e96 (0x0000923e) c.add   tp, a5
core   0: 3 0x80001e96 (0x923e) x 4 0x80025e63
core   0: 0x80001e98 (0x41e5dbb3) sra     s7, a1, t5
core   0: 3 0x80001e98 (0x41e5dbb3) x23 0xf80010c1
core   0: 0x80001e9c (0x00000001) c.nop
core   0: 3 0x80001e9c (0x0001)
core   0: 0x80001e9e (0x00008d95) c.sub   a1, a3
core   0: 3 0x80001e9e (0x8d95) x11 0x80010c00
core   0: 0x80001ea0 (0x0397d333) divu    t1, a5, s9
core   0: 3 0x80001ea0 (0x0397d333) x 6 0xffffffff
core   0: 0x80001ea4 (0x00000715) c.addi  a4, 5
core   0: 3 0x80001ea4 (0x0715) x14 0x00000004
core   0: 0x80001ea6 (0x00000001) c.nop
core   0: 3 0x80001ea6 (0x0001)
core   0: 0x80001ea8 (0x010734b3) sltu    s1, a4, a6
core   0: 3 0x80001ea8 (0x010734b3) x 9 0x00000001
core   0: 0x80001eac (0x00000001) c.nop
core   0: 3 0x80001eac (0x0001)
core   0: 0x80001eae (0x018a8833) add     a6, s5, s8
core   0: 3 0x80001eae (0x018a8833) x16 0x0000e929
core   0: 0x80001eb2 (0x77709437) lui     s0, 0x77709
core   0: 3 0x80001eb2 (0x77709437) x 8 0x77709000
core   0: 0x80001eb6 (0x00ab1e13) slli    t3, s6, 10
core   0: 3 0x80001eb6 (0x00ab1e13) x28 0x04282c00
core   0: 0x80001eba (0x03c230b3) mulhu   ra, tp, t3
core   0: 3 0x80001eba (0x03c230b3) x 1 0x02141fd8
core   0: 0x80001ebe (0x03509233) mulh    tp, ra, s5
core   0: 3 0x80001ebe (0x03509233) x 4 0x00000000
core   0: 0x80001ec2 (0xfde70ae3) beq     a4, t5, pc - 44
core   0: 3 0x80001ec2 (0xfde70ae3)
core   0: 0x80001e96 (0x0000923e) c.add   tp, a5
core   0: 3 0x80001e96 (0x923e) x 4 0x80025e64
core   0: 0x80001e98 (0x41e5dbb3) sra     s7, a1, t5
core   0: 3 0x80001e98 (0x41e5dbb3) x23 0xf80010c0
core   0: 0x80001e9c (0x00000001) c.nop
core   0: 3 0x80001e9c (0x0001)
core   0: 0x80001e9e (0x00008d95) c.sub   a1, a3
core   0: 3 0x80001e9e (0x8d95) x11 0x80010be3
core   0: 0x80001ea0 (0x0397d333) divu    t1, a5, s9
core   0: 3 0x80001ea0 (0x0397d333) x 6 0xffffffff
core   0: 0x80001ea4 (0x00000715) c.addi  a4, 5
core   0: 3 0x80001ea4 (0x0715) x14 0x00000009
core   0: 0x80001ea6 (0x00000001) c.nop
core   0: 3 0x80001ea6 (0x0001)
core   0: 0x80001ea8 (0x010734b3) sltu    s1, a4, a6
core   0: 3 0x80001ea8 (0x010734b3) x 9 0x00000001
core   0: 0x80001eac (0x00000001) c.nop
core   0: 3 0x80001eac (0x0001)
core   0: 0x80001eae (0x018a8833) add     a6, s5, s8
core   0: 3 0x80001eae (0x018a8833) x16 0x0000e929
core   0: 0x80001eb2 (0x77709437) lui     s0, 0x77709
core   0: 3 0x80001eb2 (0x77709437) x 8 0x77709000
core   0: 0x80001eb6 (0x00ab1e13) slli    t3, s6, 10
core   0: 3 0x80001eb6 (0x00ab1e13) x28 0x04282c00
core   0: 0x80001eba (0x03c230b3) mulhu   ra, tp, t3
core   0: 3 0x80001eba (0x03c230b3) x 1 0x02141fd8
core   0: 0x80001ebe (0x03509233) mulh    tp, ra, s5
core   0: 3 0x80001ebe (0x03509233) x 4 0x00000000
core   0: 0x80001ec2 (0xfde70ae3) beq     a4, t5, pc - 44
core   0: 3 0x80001ec2 (0xfde70ae3)
core   0: 0x80001ec6 (0x000086f5) c.srai  a3, 29
core   0: 3 0x80001ec6 (0x86f5) x13 0x00000000
core   0: 0x80001ec8 (0x0001cb97) auipc   s7, 0x1c
core   0: 3 0x80001ec8 (0x0001cb97) x23 0x8001dec8
core   0: 0x80001ecc (0x2dbb8b93) addi    s7, s7, 731
core   0: 3 0x80001ecc (0x2dbb8b93) x23 0x8001e1a3
core   0: 0x80001ed0 (0xfb1bd903) lhu     s2, -79(s7)
core   0: 3 0x80001ed0 (0xfb1bd903) x18 0x0000eddd mem 0x8001e154
core   0: 0x80001ed4 (0x302bcf83) lbu     t6, 770(s7)
core   0: 3 0x80001ed4 (0x302bcf83) x31 0x00000087 mem 0x8001e4a5
core   0: 0x80001ed8 (0x0000e497) auipc   s1, 0xe
core   0: 3 0x80001ed8 (0x0000e497) x 9 0x8000fed8
core   0: 0x80001edc (0x4b548493) addi    s1, s1, 1205
core   0: 3 0x80001edc (0x4b548493) x 9 0x8001038d
core   0: 0x80001ee0 (0x0284c503) lbu     a0, 40(s1)
core   0: 3 0x80001ee0 (0x0284c503) x10 0x000000f5 mem 0x800103b5
core   0: 0x80001ee4 (0x859b8e03) lb      t3, -1959(s7)
core   0: 3 0x80001ee4 (0x859b8e03) x28 0xffffffe9 mem 0x8001d9fc
core   0: 0x80001ee8 (0x05e48923) sb      t5, 82(s1)
core   0: 3 0x80001ee8 (0x05e48923) mem 0x800103df 0x4
core   0: 0x80001eec (0xb85ba303) lw      t1, -1147(s7)
core   0: 3 0x80001eec (0xb85ba303) x 6 0x4dbe34d4 mem 0x8001dd28
core   0: 0x80001ef0 (0x09db8e23) sb      t4, 156(s7)
core   0: 3 0x80001ef0 (0x09db8e23) mem 0x8001e23f 0x0
core   0: 0x80001ef4 (0xf2148d23) sb      ra, -198(s1)
core   0: 3 0x80001ef4 (0xf2148d23) mem 0x800102c7 0xd8
core   0: 0x80001ef8 (0xfb8b8923) sb      s8, -78(s7)
core   0: 3 0x80001ef8 (0xfb8b8923) mem 0x8001e155 0x10
core   0: 0x80001efc (0x26fb9003) lh      zero, 623(s7)
core   0: 3 0x80001efc (0x26fb9003) mem 0x8001e412
core   0: 0x80001f00 (0xf0f4a383) lw      t2, -241(s1)
core   0: 3 0x80001f00 (0xf0f4a383) x 7 0x8001a597 mem 0x8001029c
core   0: 0x80001f04 (0xfd348223) sb      s3, -60(s1)
core   0: 3 0x80001f04 (0xfd348223) mem 0x80010351 0x4
core   0: 0x80001f08 (0x0000e117) auipc   sp, 0xe
core   0: 3 0x80001f08 (0x0000e117) x 2 0x8000ff08
core   0: 0x80001f0c (0x31810113) addi    sp, sp, 792
core   0: 3 0x80001f0c (0x31810113) x 2 0x80010220
core   0: 0x80001f10 (0x06e15a83) lhu     s5, 110(sp)
core   0: 3 0x80001f10 (0x06e15a83) x21 0x0000d75c mem 0x8001028e
core   0: 0x80001f14 (0xfd010903) lb      s2, -48(sp)
core   0: 3 0x80001f14 (0xfd010903) x18 0xffffff94 mem 0x800101f0
core   0: 0x80001f18 (0x03e6b6b3) mulhu   a3, a3, t5
core   0: 3 0x80001f18 (0x03e6b6b3) x13 0x00000000
core   0: 0x80001f1c (0xf5c15d03) lhu     s10, -164(sp)
core   0: 3 0x80001f1c (0xf5c15d03) x26 0x000067f4 mem 0x8001017c
core   0: 0x80001f20 (0xfd215683) lhu     a3, -46(sp)
core   0: 3 0x80001f20 (0xfd215683) x13 0x0000b5e1 mem 0x800101f2
core   0: 0x80001f24 (0xfcb10d03) lb      s10, -53(sp)
core   0: 3 0x80001f24 (0xfcb10d03) x26 0xffffffc2 mem 0x800101eb
core   0: 0x80001f28 (0x06210683) lb      a3, 98(sp)
core   0: 3 0x80001f28 (0x06210683) x13 0x00000001 mem 0x80010282
core   0: 0x80001f2c (0x00bad693) srli    a3, s5, 11
core   0: 3 0x80001f2c (0x00bad693) x13 0x0000001a
core   0: 0x80001f30 (0x03e77ab3) remu    s5, a4, t5
core   0: 3 0x80001f30 (0x03e77ab3) x21 0x00000001
core   0: 0x80001f34 (0xf1e12023) sw      t5, -256(sp)
core   0: 3 0x80001f34 (0xf1e12023) mem 0x80010120 0x00000004
core   0: 0x80001f38 (0xf75104a3) sb      s5, -151(sp)
core   0: 3 0x80001f38 (0xf75104a3) mem 0x80010189 0x1
core   0: 0x80001f3c (0xf9215a83) lhu     s5, -110(sp)
core   0: 3 0x80001f3c (0xf9215a83) x21 0x0000113d mem 0x800101b2
core   0: 0x80001f40 (0x0fe106a3) sb      t5, 237(sp)
core   0: 3 0x80001f40 (0x0fe106a3) mem 0x8001030d 0x4
core   0: 0x80001f44 (0x07114903) lbu     s2, 113(sp)
core   0: 3 0x80001f44 (0x07114903) x18 0x0000000a mem 0x80010291
core   0: 0x80001f48 (0x7206ed13) ori     s10, a3, 1824
core   0: 3 0x80001f48 (0x7206ed13) x26 0x0000073a
core   0: 0x80001f4c (0x095100a3) sb      s5, 129(sp)
core   0: 3 0x80001f4c (0x095100a3) mem 0x800102a1 0x3d
core   0: 0x80001f50 (0xfdc12703) lw      a4, -36(sp)
core   0: 3 0x80001f50 (0xfdc12703) x14 0x1573ea4a mem 0x800101fc
core   0: 0x80001f54 (0xf95107a3) sb      s5, -113(sp)
core   0: 3 0x80001f54 (0xf95107a3) mem 0x800101af 0x3d
core   0: 0x80001f58 (0x49a74693) xori    a3, a4, 1178
core   0: 3 0x80001f58 (0x49a74693) x13 0x1573eed0
core   0: 0x80001f5c (0x06e10aa3) sb      a4, 117(sp)
core   0: 3 0x80001f5c (0x06e10aa3) mem 0x80010295 0x4a
core   0: 0x80001f60 (0xf4e10d23) sb      a4, -166(sp)
core   0: 3 0x80001f60 (0xf4e10d23) mem 0x8001017a 0x4a
core   0: 0x80001f64 (0x00000d3e) c.slli  s10, 15
core   0: 3 0x80001f64 (0x0d3e) x26 0x039d0000
core   0: 0x80001f66 (0xf6c12903) lw      s2, -148(sp)
core   0: 3 0x80001f66 (0xf6c12903) x18 0xe7a448ea mem 0x8001018c
core   0: 0x80001f6a (0xfe714f03) lbu     t5, -25(sp)
core   0: 3 0x80001f6a (0xfe714f03) x30 0x00000014 mem 0x80010207
core   0: 0x80001f6e (0xfbb10a83) lb      s5, -69(sp)
core   0: 3 0x80001f6e (0xfbb10a83) x21 0x0000005b mem 0x800101db
core   0: 0x80001f72 (0x07a109a3) sb      s10, 115(sp)
core   0: 3 0x80001f72 (0x07a109a3) mem 0x80010293 0x0
core   0: 0x80001f76 (0x0b2106a3) sb      s2, 173(sp)
core   0: 3 0x80001f76 (0x0b2106a3) mem 0x800102cd 0xea
core   0: 0x80001f7a (0x00000001) c.nop
core   0: 3 0x80001f7a (0x0001)
core   0: 0x80001f7c (0x0b2105a3) sb      s2, 171(sp)
core   0: 3 0x80001f7c (0x0b2105a3) mem 0x800102cb 0xea
core   0: 0x80001f80 (0xfff14683) lbu     a3, -1(sp)
core   0: 3 0x80001f80 (0xfff14683) x13 0x000000a3 mem 0x8001021f
core   0: 0x80001f84 (0x095100a3) sb      s5, 129(sp)
core   0: 3 0x80001f84 (0x095100a3) mem 0x800102a1 0x5b
core   0: 0x80001f88 (0x0000d2ba) c.swsp  a4, 100(sp)
core   0: 3 0x80001f88 (0xd2ba) mem 0x80010284 0x1573ea4a
core   0: 0x80001f8a (0x00004905) c.li    s2, 1
core   0: 3 0x80001f8a (0x4905) x18 0x00000001
core   0: 0x80001f8c (0xf0210683) lb      a3, -254(sp)
core   0: 3 0x80001f8c (0xf0210683) x13 0x00000000 mem 0x80010122
core   0: 0x80001f90 (0x06e10a83) lb      s5, 110(sp)
core   0: 3 0x80001f90 (0x06e10a83) x21 0x0000005c mem 0x8001028e
core   0: 0x80001f94 (0x00008311) c.srli  a4, 4
core   0: 3 0x80001f94 (0x8311) x14 0x01573ea4
core   0: 0x80001f96 (0xfa010903) lb      s2, -96(sp)
core   0: 3 0x80001f96 (0xfa010903) x18 0x00000072 mem 0x800101c0
core   0: 0x80001f9a (0x00008f19) c.sub   a4, a4
core   0: 3 0x80001f9a (0x8f19) x14 0x00000000
core   0: 0x80001f9c (0xff512623) sw      s5, -20(sp)
core   0: 3 0x80001f9c (0xff512623) mem 0x8001020c 0x0000005c
core   0: 0x80001fa0 (0x0001f217) auipc   tp, 0x1f
core   0: 3 0x80001fa0 (0x0001f217) x 4 0x80020fa0
core   0: 0x80001fa4 (0xc0320213) addi    tp, tp, -1021
core   0: 3 0x80001fa4 (0xc0320213) x 4 0x80020ba3
core   0: 0x80001fa8 (0x0000f117) auipc   sp, 0xf
core   0: 3 0x80001fa8 (0x0000f117) x 2 0x80010fa8
core   0: 0x80001fac (0x91a10113) addi    sp, sp, -1766
core   0: 3 0x80001fac (0x91a10113) x 2 0x800108c2
core   0: 0x80001fb0 (0x08b14483) lbu     s1, 139(sp)
core   0: 3 0x80001fb0 (0x08b14483) x 9 0x0000004a mem 0x8001094d
core   0: 0x80001fb4 (0xffa20e23) sb      s10, -4(tp)
core   0: 3 0x80001fb4 (0xffa20e23) mem 0x80020b9f 0x0
core   0: 0x80001fb8 (0x00a20e03) lb      t3, 10(tp)
core   0: 3 0x80001fb8 (0x00a20e03) x28 0x00000065 mem 0x80020bad
core   0: 0x80001fbc (0x8f810b23) sb      s8, -1802(sp)
core   0: 3 0x80001fbc (0x8f810b23) mem 0x800101b8 0x10
core   0: 0x80001fc0 (0x00620b83) lb      s7, 6(tp)
core   0: 3 0x80001fc0 (0x00620b83) x23 0x00000070 mem 0x80020ba9
core   0: 0x80001fc4 (0x010214a3) sh      a6, 9(tp)
core   0: 3 0x80001fc4 (0x010214a3) mem 0x80020bac 0xe929
core   0: 0x80001fc8 (0xb9810083) lb      ra, -1128(sp)
core   0: 3 0x80001fc8 (0xb9810083) x 1 0x0000005b mem 0x8001045a
core   0: 0x80001fcc (0x00520903) lb      s2, 5(tp)
core   0: 3 0x80001fcc (0x00520903) x18 0x00000015 mem 0x80020ba8
core   0: 0x80001fd0 (0xff121f83) lh      t6, -15(tp)
core   0: 3 0x80001fd0 (0xff121f83) x31 0x00001310 mem 0x80020b94
core   0: 0x80001fd4 (0xfea10f23) sb      a0, -2(sp)
core   0: 3 0x80001fd4 (0xfea10f23) mem 0x800108c0 0xf5
core   0: 0x80001fd8 (0x018214a3) sh      s8, 9(tp)
core   0: 3 0x80001fd8 (0x018214a3) mem 0x80020bac 0xe910
core   0: 0x80001fdc (0x52910703) lb      a4, 1321(sp)
core   0: 3 0x80001fdc (0x52910703) x14 0x00000039 mem 0x80010deb
core   0: 0x80001fe0 (0xff024683) lbu     a3, -16(tp)
core   0: 3 0x80001fe0 (0xff024683) x13 0x00000042 mem 0x80020b93
core   0: 0x80001fe4 (0xdad11923) sh      a3, -590(sp)
core   0: 3 0x80001fe4 (0xdad11923) mem 0x80010674 0x0042
core   0: 0x80001fe8 (0x0040036f) jal     t1, pc + 0x4
core   0: 3 0x80001fe8 (0x0040036f) x 6 0x80001fec
core   0: 0x80001fec (0x00002031) c.jal   pc + 12
core   0: 3 0x80001fec (0x2031) x 1 0x80001fee
core   0: 0x80001ff8 (0x00002011) c.jal   pc + 4
core   0: 3 0x80001ff8 (0x2011) x 1 0x80001ffa
core   0: 0x80001ffc (0x00002009) c.jal   pc + 2
core   0: 3 0x80001ffc (0x2009) x 1 0x80001ffe
core   0: 0x80001ffe (0x00002019) c.jal   pc + 6
core   0: 3 0x80001ffe (0x2019) x 1 0x80002000
core   0: 0x80002004 (0x0000b7f5) c.j     pc - 20
core   0: 3 0x80002004 (0xb7f5)
core   0: 0x80001ff0 (0x0000a011) c.j     pc + 4
core   0: 3 0x80001ff0 (0xa011)
core   0: 0x80001ff4 (0x00002031) c.jal   pc + 12
core   0: 3 0x80001ff4 (0x2031) x 1 0x80001ff6
core   0: 0x80002000 (0x0000a009) c.j     pc + 2
core   0: 3 0x80002000 (0xa009)
core   0: 0x80002002 (0x00003fc5) c.jal   pc - 16
core   0: 3 0x80002002 (0x3fc5) x 1 0x80002004
core   0: 0x80001ff2 (0x00002021) c.jal   pc + 8
core   0: 3 0x80001ff2 (0x2021) x 1 0x80001ff4
core   0: 0x80001ffa (0x00003ff5) c.jal   pc - 4
core   0: 3 0x80001ffa (0x3ff5) x 1 0x80001ffc
core   0: 0x80001ff6 (0x00003fe5) c.jal   pc - 8
core   0: 3 0x80001ff6 (0x3fe5) x 1 0x80001ff8
core   0: 0x80001fee (0x00002821) c.jal   pc + 24
core   0: 3 0x80001fee (0x2821) x 1 0x80001ff0
core   0: 0x80002006 (0x02a2c9b3) div     s3, t0, a0
core   0: 3 0x80002006 (0x02a2c9b3) x19 0x00000000
core   0: 0x8000200a (0x0000f897) auipc   a7, 0xf
core   0: 3 0x8000200a (0x0000f897) x17 0x8001100a
core   0: 0x8000200e (0xe8588893) addi    a7, a7, -379
core   0: 3 0x8000200e (0xe8588893) x17 0x80010e8f
core   0: 0x80002012 (0x00f88c83) lb      s9, 15(a7)
core   0: 3 0x80002012 (0x00f88c83) x25 0x00000073 mem 0x80010e9e
core   0: 0x80002016 (0x0001d697) auipc   a3, 0x1d
core   0: 3 0x80002016 (0x0001d697) x13 0x8001f016
core   0: 0x8000201a (0xb4768693) addi    a3, a3, -1209
core   0: 3 0x8000201a (0xb4768693) x13 0x8001eb5d
core   0: 0x8000201e (0xff18aa83) lw      s5, -15(a7)
core   0: 3 0x8000201e (0xff18aa83) x21 0x113d672f mem 0x80010e80
core   0: 0x80002022 (0xfe388d23) sb      gp, -6(a7)
core   0: 3 0x80002022 (0xfe388d23) mem 0x80010e89 0x0
core   0: 0x80002026 (0x0058a303) lw      t1, 5(a7)
core   0: 3 0x80002026 (0x0058a303) x 6 0xba4b8627 mem 0x80010e94
core   0: 0x8000202a (0x69c6c083) lbu     ra, 1692(a3)
core   0: 3 0x8000202a (0x69c6c083) x 1 0x000000f9 mem 0x8001f1f9
core   0: 0x8000202e (0x00d8de03) lhu     t3, 13(a7)
core   0: 3 0x8000202e (0x00d8de03) x28 0x00004fc5 mem 0x80010e9c
core   0: 0x80002032 (0xd40699a3) sh      zero, -685(a3)
core   0: 3 0x80002032 (0xd40699a3) mem 0x8001e8b0 0x0000
core   0: 0x80002036 (0xb9668923) sb      s6, -1134(a3)
core   0: 3 0x80002036 (0xb9668923) mem 0x8001e6ef 0xb
core   0: 0x8000203a (0xfee889a3) sb      a4, -13(a7)
core   0: 3 0x8000203a (0xfee889a3) mem 0x80010e82 0x39
core   0: 0x8000203e (0x36e68123) sb      a4, 866(a3)
core   0: 3 0x8000203e (0x36e68123) mem 0x8001eebf 0x39
core   0: 0x80002042 (0x0068cd83) lbu     s11, 6(a7)
core   0: 3 0x80002042 (0x0068cd83) x27 0x00000086 mem 0x80010e95
core   0: 0x80002046 (0x5af6a5a3) sw      a5, 1451(a3)
core   0: 3 0x80002046 (0x5af6a5a3) mem 0x8001f108 0x80025e64
core   0: 0x8000204a (0xff488e03) lb      t3, -12(a7)
core   0: 3 0x8000204a (0xff488e03) x28 0x00000011 mem 0x80010e83
core   0: 0x8000204e (0xe0c68e23) sb      a2, -484(a3)
core   0: 3 0x8000204e (0xe0c68e23) mem 0x8001e979 0xe4
core   0: 0x80002052 (0x7536a203) lw      tp, 1875(a3)
core   0: 3 0x80002052 (0x7536a203) x 4 0xcd27bc90 mem 0x8001f2b0
core   0: 0x80002056 (0x00015697) auipc   a3, 0x15
core   0: 3 0x80002056 (0x00015697) x13 0x80017056
core   0: 0x8000205a (0x5ef68693) addi    a3, a3, 1519
core   0: 3 0x8000205a (0x5ef68693) x13 0x80017645
core   0: 0x8000205e (0x02f69b83) lh      s7, 47(a3)
core   0: 3 0x8000205e (0x02f69b83) x23 0x00005706 mem 0x80017674
core   0: 0x80002062 (0x0002d713) srli    a4, t0, 0
core   0: 3 0x80002062 (0x0002d713) x14 0x0000002e
core   0: 0x80002066 (0x01c6cc83) lbu     s9, 28(a3)
core   0: 3 0x80002066 (0x01c6cc83) x25 0x000000a7 mem 0x80017661
core   0: 0x8000206a (0x002696a3) sh      sp, 13(a3)
core   0: 3 0x8000206a (0x002696a3) mem 0x80017652 0x08c2
core   0: 0x8000206e (0xfda69ba3) sh      s10, -41(a3)
core   0: 3 0x8000206e (0xfda69ba3) mem 0x8001761c 0x0000
core   0: 0x80002072 (0xfc1694a3) sh      ra, -55(a3)
core   0: 3 0x80002072 (0xfc1694a3) mem 0x8001760e 0x00f9
core   0: 0x80002076 (0xfe6698a3) sh      t1, -15(a3)
core   0: 3 0x80002076 (0xfe6698a3) mem 0x80017636 0x8627
core   0: 0x8000207a (0x020a40b3) div     ra, s4, zero
core   0: 3 0x8000207a (0x020a40b3) x 1 0xffffffff
core   0: 0x8000207e (0x00000001) c.nop
core   0: 3 0x8000207e (0x0001)
core   0: 0x80002080 (0x0000071e) c.slli  a4, 7
core   0: 3 0x80002080 (0x071e) x14 0x00001700
core   0: 0x80002082 (0xfd068b23) sb      a6, -42(a3)
core   0: 3 0x80002082 (0xfd068b23) mem 0x8001761b 0x29
core   0: 0x80002086 (0xfc068903) lb      s2, -64(a3)
core   0: 3 0x80002086 (0xfc068903) x18 0xffffffe1 mem 0x80017605
core   0: 0x8000208a (0x03a6a5a3) sw      s10, 43(a3)
core   0: 3 0x8000208a (0x03a6a5a3) mem 0x80017670 0x039d0000
core   0: 0x8000208e (0x00006779) c.lui   a4, 0x1e
core   0: 3 0x8000208e (0x6779) x14 0x0001e000
core   0: 0x80002090 (0x000085ba) c.mv    a1, a4
core   0: 3 0x80002090 (0x85ba) x11 0x0001e000
core   0: 0x80002092 (0xfd56ca83) lbu     s5, -43(a3)
core   0: 3 0x80002092 (0xfd56ca83) x21 0x00000001 mem 0x8001761a
core   0: 0x80002096 (0xfcb68fa3) sb      a1, -33(a3)
core   0: 3 0x80002096 (0xfcb68fa3) mem 0x80017624 0x0
core   0: 0x8000209a (0x0266c703) lbu     a4, 38(a3)
core   0: 3 0x8000209a (0x0266c703) x14 0x000000dc mem 0x8001766b
core   0: 0x8000209e (0x0036c583) lbu     a1, 3(a3)
core   0: 3 0x8000209e (0x0036c583) x11 0x000000c7 mem 0x80017648
core   0: 0x800020a2 (0x40e88f33) sub     t5, a7, a4
core   0: 3 0x800020a2 (0x40e88f33) x30 0x80010db3
core   0: 0x800020a6 (0x00f6d183) lhu     gp, 15(a3)
core   0: 3 0x800020a6 (0x00f6d183) x 3 0x00003c99 mem 0x80017654
core   0: 0x800020aa (0xff968583) lb      a1, -7(a3)
core   0: 3 0x800020aa (0xff968583) x11 0x0000007e mem 0x8001763e
core   0: 0x800020ae (0x01169ca3) sh      a7, 25(a3)
core   0: 3 0x800020ae (0x01169ca3) mem 0x8001765e 0x0e8f
core   0: 0x800020b2 (0x03e71fb3) mulh    t6, a4, t5
core   0: 3 0x800020b2 (0x03e71fb3) x31 0xffffff92
core   0: 0x800020b6 (0xffb6a583) lw      a1, -5(a3)
core   0: 3 0x800020b6 (0xffb6a583) x11 0x3c5650d2 mem 0x80017640
core   0: 0x800020ba (0x03868303) lb      t1, 56(a3)
core   0: 3 0x800020ba (0x03868303) x 6 0xffffffc3 mem 0x8001767d
core   0: 0x800020be (0x02b68403) lb      s0, 43(a3)
core   0: 3 0x800020be (0x02b68403) x 8 0x00000000 mem 0x80017670
core   0: 0x800020c2 (0x00008ce5) c.and   s1, s1
core   0: 3 0x800020c2 (0x8ce5) x 9 0x0000004a
core   0: 0x800020c4 (0x00008df5) c.and   a1, a3
core   0: 3 0x800020c4 (0x8df5) x11 0x00005040
core   0: 0x800020c6 (0x161e4993) xori    s3, t3, 353
core   0: 3 0x800020c6 (0x161e4993) x19 0x00000170
core   0: 0x800020ca (0x03168d03) lb      s10, 49(a3)
core   0: 3 0x800020ca (0x03168d03) x26 0xffffffc6 mem 0x80017676
core   0: 0x800020ce (0x03f69f03) lh      t5, 63(a3)
core   0: 3 0x800020ce (0x03f69f03) x30 0x00003a3a mem 0x80017684
core   0: 0x800020d2 (0x00768703) lb      a4, 7(a3)
core   0: 3 0x800020d2 (0x00768703) x14 0x00000051 mem 0x8001764c
core   0: 0x800020d6 (0xf34e4c13) xori    s8, t3, -204
core   0: 3 0x800020d6 (0xf34e4c13) x24 0xffffff25
core   0: 0x800020da (0xfc8684a3) sb      s0, -55(a3)
core   0: 3 0x800020da (0xfc8684a3) mem 0x8001760e 0x0
core   0: 0x800020de (0x41160a13) addi    s4, a2, 1041
core   0: 3 0x800020de (0x41160a13) x20 0x8002a0f5
core   0: 0x800020e2 (0xffb687a3) sb      s11, -17(a3)
core   0: 3 0x800020e2 (0xffb687a3) mem 0x80017634 0x86
core   0: 0x800020e6 (0xffa6cc83) lbu     s9, -6(a3)
core   0: 3 0x800020e6 (0xffa6cc83) x25 0x0000006a mem 0x8001763f
core   0: 0x800020ea (0xffe6cf83) lbu     t6, -2(a3)
core   0: 3 0x800020ea (0xffe6cf83) x31 0x0000003c mem 0x80017643
core   0: 0x800020ee (0x95ceb513) sltiu   a0, t4, -1700
core   0: 3 0x800020ee (0x95ceb513) x10 0x00000001
core   0: 0x800020f2 (0x01a695a3) sh      s10, 11(a3)
core   0: 3 0x800020f2 (0x01a695a3) mem 0x80017650 0xffc6
core   0: 0x800020f6 (0x00008f5d) c.or    a4, a5
core   0: 3 0x800020f6 (0x8f5d) x14 0x80025e75
core   0: 0x800020f8 (0xff468423) sb      s4, -24(a3)
core   0: 3 0x800020f8 (0xff468423) mem 0x8001762d 0xf5
core   0: 0x800020fc (0x00d68223) sb      a3, 4(a3)
core   0: 3 0x800020fc (0x00d68223) mem 0x80017649 0x45
core   0: 0x80002100 (0x40e38433) sub     s0, t2, a4
core   0: 3 0x80002100 (0x40e38433) x 8 0xffff4722
core   0: 0x80002104 (0x000083ea) c.mv    t2, s10
core   0: 3 0x80002104 (0x83ea) x 7 0xffffffc6
core   0: 0x80002106 (0x0164b2b3) sltu    t0, s1, s6
core   0: 3 0x80002106 (0x0164b2b3) x 5 0x00000001
core   0: 0x8000210a (0xfea68583) lb      a1, -22(a3)
core   0: 3 0x8000210a (0xfea68583) x11 0x00000008 mem 0x8001762f
core   0: 0x8000210e (0x00016b97) auipc   s7, 0x16
core   0: 3 0x8000210e (0x00016b97) x23 0x8001810e
core   0: 0x80002112 (0xc3fb8b93) addi    s7, s7, -961
core   0: 3 0x80002112 (0xc3fb8b93) x23 0x80017d4d
core   0: 0x80002116 (0x00013d17) auipc   s10, 0x13
core   0: 3 0x80002116 (0x00013d17) x26 0x80015116
core   0: 0x8000211a (0x93dd0d13) addi    s10, s10, -1731
core   0: 3 0x8000211a (0x93dd0d13) x26 0x80014a53
core   0: 0x8000211e (0x014d07a3) sb      s4, 15(s10)
core   0: 3 0x8000211e (0x014d07a3) mem 0x80014a62 0xf5
core   0: 0x80002122 (0x0001b317) auipc   t1, 0x1b
core   0: 3 0x80002122 (0x0001b317) x 6 0x8001d122
core   0: 0x80002126 (0x7ae30313) addi    t1, t1, 1966
core   0: 3 0x80002126 (0x7ae30313) x 6 0x8001d8d0
core   0: 0x8000212a (0xff7d5683) lhu     a3, -9(s10)
core   0: 3 0x8000212a (0xff7d5683) x13 0x00001a7f mem 0x80014a4a
core   0: 0x8000212e (0x00016397) auipc   t2, 0x16
core   0: 3 0x8000212e (0x00016397) x 7 0x8001812e
core   0: 0x80002132 (0x3c138393) addi    t2, t2, 961
core   0: 3 0x80002132 (0x3c138393) x 7 0x800184ef
core   0: 0x80002136 (0x005d1703) lh      a4, 5(s10)
core   0: 3 0x80002136 (0x005d1703) x14 0xffff812b mem 0x80014a58
core   0: 0x8000213a (0x05c38403) lb      s0, 92(t2)
core   0: 3 0x8000213a (0x05c38403) x 8 0xffffffdc mem 0x8001854b
core   0: 0x8000213e (0x00019297) auipc   t0, 0x19
core   0: 3 0x8000213e (0x00019297) x 5 0x8001b13e
core   0: 0x80002142 (0xe8d28293) addi    t0, t0, -371
core   0: 3 0x80002142 (0xe8d28293) x 5 0x8001afcb
core   0: 0x80002146 (0x05938123) sb      s9, 66(t2)
core   0: 3 0x80002146 (0x05938123) mem 0x80018531 0x6a
core   0: 0x8000214a (0x0cf34e03) lbu     t3, 207(t1)
core   0: 3 0x8000214a (0x0cf34e03) x28 0x0000007d mem 0x8001d99f
core   0: 0x8000214e (0x0d5397a3) sh      s5, 207(t2)
core   0: 3 0x8000214e (0x0d5397a3) mem 0x800185be 0x0001
core   0: 0x80002152 (0x9acbca03) lbu     s4, -1620(s7)
core   0: 3 0x80002152 (0x9acbca03) x20 0x000000d5 mem 0x800176f9
core   0: 0x80002156 (0x021290a3) sh      ra, 33(t0)
core   0: 3 0x80002156 (0x021290a3) mem 0x8001afec 0xffff
core   0: 0x8000215a (0x07330683) lb      a3, 115(t1)
core   0: 3 0x8000215a (0x07330683) x13 0xfffffff9 mem 0x8001d943
core   0: 0x8000215e (0xfbb3c183) lbu     gp, -69(t2)
core   0: 3 0x8000215e (0xfbb3c183) x 3 0x00000076 mem 0x800184aa
core   0: 0x80002162 (0x007d5883) lhu     a7, 7(s10)
core   0: 3 0x80002162 (0x007d5883) x17 0x0000bfb1 mem 0x80014a5a
core   0: 0x80002166 (0xf1230b03) lb      s6, -238(t1)
core   0: 3 0x80002166 (0xf1230b03) x22 0xffffff93 mem 0x8001d7e2
core   0: 0x8000216a (0x0c228923) sb      sp, 210(t0)
core   0: 3 0x8000216a (0x0c228923) mem 0x8001b09d 0xc2
core   0: 0x8000216e (0x06f38583) lb      a1, 111(t2)
core   0: 3 0x8000216e (0x06f38583) x11 0xffffffa6 mem 0x8001855e
core   0: 0x80002172 (0x7b4b8683) lb      a3, 1972(s7)
core   0: 3 0x80002172 (0x7b4b8683) x13 0xffffffde mem 0x80018501
core   0: 0x80002176 (0x0b62c203) lbu     tp, 182(t0)
core   0: 3 0x80002176 (0x0b62c203) x 4 0x00000066 mem 0x8001b081
core   0: 0x8000217a (0x02728923) sb      t2, 50(t0)
core   0: 3 0x8000217a (0x02728923) mem 0x8001affd 0xef
core   0: 0x8000217e (0xa35bc003) lbu     zero, -1483(s7)
core   0: 3 0x8000217e (0xa35bc003) mem 0x80017782
core   0: 0x80002182 (0x07634903) lbu     s2, 118(t1)
core   0: 3 0x80002182 (0x07634903) x18 0x000000e9 mem 0x8001d946
core   0: 0x80002186 (0xff739183) lh      gp, -9(t2)
core   0: 3 0x80002186 (0xff739183) x 3 0xffffb3e2 mem 0x800184e6
core   0: 0x8000218a (0x014d0023) sb      s4, 0(s10)
core   0: 3 0x8000218a (0x014d0023) mem 0x80014a53 0xd5
core   0: 0x8000218e (0x3c6b8403) lb      s0, 966(s7)
core   0: 3 0x8000218e (0x3c6b8403) x 8 0xffffff96 mem 0x80018113
core   0: 0x80002192 (0x0e234683) lbu     a3, 226(t1)
core   0: 3 0x80002192 (0x0e234683) x13 0x0000003b mem 0x8001d9b2
core   0: 0x80002196 (0xfefd0c23) sb      a5, -8(s10)
core   0: 3 0x80002196 (0xfefd0c23) mem 0x80014a4b 0x64
core   0: 0x8000219a (0xfc428023) sb      tp, -64(t0)
core   0: 3 0x8000219a (0xfc428023) mem 0x8001af8b 0x66
core   0: 0x8000219e (0x008d4683) lbu     a3, 8(s10)
core   0: 3 0x8000219e (0x008d4683) x13 0x000000bf mem 0x80014a5b
core   0: 0x800021a2 (0x04f30683) lb      a3, 79(t1)
core   0: 3 0x800021a2 (0x04f30683) x13 0x0000006a mem 0x8001d91f
core   0: 0x800021a6 (0xfe4d2ea3) sw      tp, -3(s10)
core   0: 3 0x800021a6 (0xfe4d2ea3) mem 0x80014a50 0x00000066
core   0: 0x800021aa (0xf6e34d83) lbu     s11, -146(t1)
core   0: 3 0x800021aa (0xf6e34d83) x27 0x0000006a mem 0x8001d83e
core   0: 0x800021ae (0xff9bdc83) lhu     s9, -7(s7)
core   0: 3 0x800021ae (0xff9bdc83) x25 0x00006c5c mem 0x80017d46
core   0: 0x800021b2 (0x251b8e03) lb      t3, 593(s7)
core   0: 3 0x800021b2 (0x251b8e03) x28 0x00000014 mem 0x80017f9e
core   0: 0x800021b6 (0xff0d4983) lbu     s3, -16(s10)
core   0: 3 0x800021b6 (0xff0d4983) x19 0x00000059 mem 0x80014a43
core   0: 0x800021ba (0x00018297) auipc   t0, 0x18
core   0: 3 0x800021ba (0x00018297) x 5 0x8001a1ba
core   0: 0x800021be (0x7e228293) addi    t0, t0, 2018
core   0: 3 0x800021be (0x7e228293) x 5 0x8001a99c
core   0: 0x800021c2 (0x416a8433) sub     s0, s5, s6
core   0: 3 0x800021c2 (0x416a8433) x 8 0x0000006e
core   0: 0x800021c6 (0x00008c01) c.sub   s0, s0
core   0: 3 0x800021c6 (0x8c01) x 8 0x00000000
core   0: 0x800021c8 (0x03529623) sh      s5, 44(t0)
core   0: 3 0x800021c8 (0x03529623) mem 0x8001a9c8 0x0001
core   0: 0x800021cc (0x01b37733) and     a4, t1, s11
core   0: 3 0x800021cc (0x01b37733) x14 0x00000040
core   0: 0x800021d0 (0x00000759) c.addi  a4, 22
core   0: 3 0x800021d0 (0x0759) x14 0x00000056
core   0: 0x800021d2 (0xf1e29403) lh      s0, -226(t0)
core   0: 3 0x800021d2 (0xf1e29403) x 8 0xfffff615 mem 0x8001a8ba
core   0: 0x800021d6 (0x0e82a303) lw      t1, 232(t0)
core   0: 3 0x800021d6 (0x0e82a303) x 6 0xa4ddf5f4 mem 0x8001aa84
core   0: 0x800021da (0x415dd413) srai    s0, s11, 21
core   0: 3 0x800021da (0x415dd413) x 8 0x00000000
core   0: 0x800021de (0x008acab3) xor     s5, s5, s0
core   0: 3 0x800021de (0x008acab3) x21 0x00000001
core   0: 0x800021e2 (0xfca29d83) lh      s11, -54(t0)
core   0: 3 0x800021e2 (0xfca29d83) x27 0xffff8e0d mem 0x8001a966
core   0: 0x800021e6 (0xdc7ae313) ori     t1, s5, -569
core   0: 3 0x800021e6 (0xdc7ae313) x 6 0xfffffdc7
core   0: 0x800021ea (0x02ede433) rem     s0, s11, a4
core   0: 3 0x800021ea (0x02ede433) x 8 0xffffffef
core   0: 0x800021ee (0x01643333) sltu    t1, s0, s6
core   0: 3 0x800021ee (0x01643333) x 6 0x00000000
core   0: 0x800021f2 (0x02642ab3) mulhsu  s5, s0, t1
core   0: 3 0x800021f2 (0x02642ab3) x21 0x00000000
core   0: 0x800021f6 (0xfdb28ca3) sb      s11, -39(t0)
core   0: 3 0x800021f6 (0xfdb28ca3) mem 0x8001a975 0xd
core   0: 0x800021fa (0x026dcdb3) div     s11, s11, t1
core   0: 3 0x800021fa (0x026dcdb3) x27 0xffffffff
core   0: 0x800021fe (0x02eb7ab3) remu    s5, s6, a4
core   0: 3 0x800021fe (0x02eb7ab3) x21 0x0000004f
core   0: 0x80002202 (0x10976b13) ori     s6, a4, 265
core   0: 3 0x80002202 (0x10976b13) x22 0x0000015f
core   0: 0x80002206 (0x00008c41) c.or    s0, s0
core   0: 3 0x80002206 (0x8c41) x 8 0xffffffef
core   0: 0x80002208 (0x0602cb03) lbu     s6, 96(t0)
core   0: 3 0x80002208 (0x0602cb03) x22 0x00000000 mem 0x8001a9fc
core   0: 0x8000220c (0x14644d93) xori    s11, s0, 326
core   0: 3 0x8000220c (0x14644d93) x27 0xfffffea9
core   0: 0x80002210 (0x028ae433) rem     s0, s5, s0
core   0: 3 0x80002210 (0x028ae433) x 8 0x0000000b
core   0: 0x80002214 (0x00000356) c.slli  t1, 21
core   0: 3 0x80002214 (0x0356) x 6 0x00000000
core   0: 0x80002216 (0x00eb1b33) sll     s6, s6, a4
core   0: 3 0x80002216 (0x00eb1b33) x22 0x00000000
core   0: 0x8000221a (0x00006735) c.lui   a4, 0xd
core   0: 3 0x8000221a (0x6735) x14 0x0000d000
core   0: 0x8000221c (0x0000945a) c.add   s0, s6
core   0: 3 0x8000221c (0x945a) x 8 0x0000000b
core   0: 0x8000221e (0x006b6db3) or      s11, s6, t1
core   0: 3 0x8000221e (0x006b6db3) x27 0x00000000
core   0: 0x80002222 (0x028dbdb3) mulhu   s11, s11, s0
core   0: 3 0x80002222 (0x028dbdb3) x27 0x00000000
core   0: 0x80002226 (0x00008f01) c.sub   a4, s0
core   0: 3 0x80002226 (0x8f01) x14 0x0000cff5
core   0: 0x80002228 (0x02840733) mul     a4, s0, s0
core   0: 3 0x80002228 (0x02840733) x14 0x00000079
core   0: 0x8000222c (0x016287a3) sb      s6, 15(t0)
core   0: 3 0x8000222c (0x016287a3) mem 0x8001a9ab 0x0
core   0: 0x80002230 (0x00eaa333) slt     t1, s5, a4
core   0: 3 0x80002230 (0x00eaa333) x 6 0x00000001
core   0: 0x80002234 (0xf7628ba3) sb      s6, -137(t0)
core   0: 3 0x80002234 (0xf7628ba3) mem 0x8001a913 0x0
core   0: 0x80002238 (0x05828403) lb      s0, 88(t0)
core   0: 3 0x80002238 (0x05828403) x 8 0xfffffff3 mem 0x8001a9f4
core   0: 0x8000223c (0x0000987d) c.andi  s0, -1
core   0: 3 0x8000223c (0x987d) x 8 0xfffffff3
core   0: 0x8000223e (0x0000935a) c.add   t1, s6
core   0: 3 0x8000223e (0x935a) x 6 0x00000001
core   0: 0x80002240 (0x00000ade) c.slli  s5, 23
core   0: 3 0x80002240 (0x0ade) x21 0x27800000
core   0: 0x80002242 (0x02646b33) rem     s6, s0, t1
core   0: 3 0x80002242 (0x02646b33) x22 0x00000000
core   0: 0x80002246 (0xf2629303) lh      t1, -218(t0)
core   0: 3 0x80002246 (0xf2629303) x 6 0x00003c09 mem 0x8001a8c2
core   0: 0x8000224a (0x0000e117) auipc   sp, 0xe
core   0: 3 0x8000224a (0x0000e117) x 2 0x8001024a
core   0: 0x8000224e (0x7cf10113) addi    sp, sp, 1999
core   0: 3 0x8000224e (0x7cf10113) x 2 0x80010a19
core   0: 0x80002252 (0x94410983) lb      s3, -1724(sp)
core   0: 3 0x80002252 (0x94410983) x19 0x0000001d mem 0x8001035d
core   0: 0x80002256 (0x01991193) slli    gp, s2, 25
core   0: 3 0x80002256 (0x01991193) x 3 0xd2000000
core   0: 0x8000225a (0x11810883) lb      a7, 280(sp)
core   0: 3 0x8000225a (0x11810883) x17 0xffffff90 mem 0x80010b31
core   0: 0x8000225e (0x02d5b2b3) mulhu   t0, a1, a3
core   0: 3 0x8000225e (0x02d5b2b3) x 5 0x00000069
core   0: 0x80002262 (0x8e3a2913) slti    s2, s4, -1821
core   0: 3 0x80002262 (0x8e3a2913) x18 0x00000000
core   0: 0x80002266 (0x1ddba737) lui     a4, 0x1ddba
core   0: 3 0x80002266 (0x1ddba737) x14 0x1ddba000
core   0: 0x8000226a (0x0f312303) lw      t1, 243(sp)
core   0: 3 0x8000226a (0x0f312303) x 6 0xf82cfb6b mem 0x80010b0c
core   0: 0x8000226e (0xc4a10d23) sb      a0, -934(sp)
core   0: 3 0x8000226e (0xc4a10d23) mem 0x80010673 0x1
core   0: 0x80002272 (0x41312083) lw      ra, 1043(sp)
core   0: 3 0x80002272 (0x41312083) x 1 0x7811a9e7 mem 0x80010e2c
core   0: 0x80002276 (0xab510223) sb      s5, -1372(sp)
core   0: 3 0x80002276 (0xab510223) mem 0x800104bd 0x0
core   0: 0x8000227a (0xcd9e6213) ori     tp, t3, -807
core   0: 3 0x8000227a (0xcd9e6213) x 4 0xfffffcdd
core   0: 0x8000227e (0x00005afd) c.li    s5, -1
core   0: 3 0x8000227e (0x5afd) x21 0xffffffff
core   0: 0x80002280 (0x00005b7d) c.li    s6, -1
core   0: 3 0x80002280 (0x5b7d) x22 0xffffffff
core   0: 0x80002282 (0x406b0f33) sub     t5, s6, t1
core   0: 3 0x80002282 (0x406b0f33) x30 0x07d30494
core   0: 0x80002286 (0xbc010403) lb      s0, -1088(sp)
core   0: 3 0x80002286 (0xbc010403) x 8 0xfffffff1 mem 0x800105d9
core   0: 0x8000228a (0x00000001) c.nop
core   0: 3 0x8000228a (0x0001)
core   0: 0x8000228c (0x8f014483) lbu     s1, -1808(sp)
core   0: 3 0x8000228c (0x8f014483) x 9 0x000000aa mem 0x80010309
core   0: 0x80002290 (0x0000987e) c.add   a6, t6
core   0: 3 0x80002290 (0x987e) x16 0x0000e965
core   0: 0x80002292 (0x025700b3) mul     ra, a4, t0
core   0: 3 0x80002292 (0x025700b3) x 1 0x3f14a000
core   0: 0x80002296 (0x000045d1) c.li    a1, 20
core   0: 3 0x80002296 (0x45d1) x11 0x00000014
core   0: 0x80002298 (0x00005bfd) c.li    s7, -1
core   0: 3 0x80002298 (0x5bfd) x23 0xffffffff
core   0: 0x8000229a (0x3c272913) slti    s2, a4, 962
core   0: 3 0x8000229a (0x3c272913) x18 0x00000000
core   0: 0x8000229e (0xe59125a3) sw      s9, -437(sp)
core   0: 3 0x8000229e (0xe59125a3) mem 0x80010864 0x00006c5c
core   0: 0x800022a2 (0x0000100f) fence.i
core   0: 3 0x800022a2 (0x0000100f)
core   0: 0x800022a6 (0x00000001) c.nop
core   0: 3 0x800022a6 (0x0001)
core   0: 0x800022a8 (0x10914583) lbu     a1, 265(sp)
core   0: 3 0x800022a8 (0x10914583) x11 0x00000092 mem 0x80010b22
core   0: 0x800022ac (0x47510c03) lb      s8, 1141(sp)
core   0: 3 0x800022ac (0x47510c03) x24 0xffffffac mem 0x80010e8e
core   0: 0x800022b0 (0x54210b23) sb      sp, 1366(sp)
core   0: 3 0x800022b0 (0x54210b23) mem 0x80010f6f 0x19
core   0: 0x800022b4 (0x0119a433) slt     s0, s3, a7
core   0: 3 0x800022b4 (0x0119a433) x 8 0x00000000
core   0: 0x800022b8 (0x01e75413) srli    s0, a4, 30
core   0: 3 0x800022b8 (0x01e75413) x 8 0x00000000
core   0: 0x800022bc (0xe7e14883) lbu     a7, -386(sp)
core   0: 3 0x800022bc (0xe7e14883) x17 0x00000090 mem 0x80010897
core   0: 0x800022c0 (0x00008c1d) c.sub   s0, a5
core   0: 3 0x800022c0 (0x8c1d) x 8 0x7ffda19c
core   0: 0x800022c2 (0x40a5db33) sra     s6, a1, a0
core   0: 3 0x800022c2 (0x40a5db33) x22 0x00000049
core   0: 0x800022c6 (0x00008439) c.srai  s0, 14
core   0: 3 0x800022c6 (0x8439) x 8 0x0001fff6
core   0: 0x800022c8 (0x4cd14483) lbu     s1, 1229(sp)
core   0: 3 0x800022c8 (0x4cd14483) x 9 0x00000001 mem 0x80010ee6
core   0: 0x800022cc (0x034a7d33) remu    s10, s4, s4
core   0: 3 0x800022cc (0x034a7d33) x26 0x00000000
core   0: 0x800022d0 (0x848123a3) sw      s0, -1977(sp)
core   0: 3 0x800022d0 (0x848123a3) mem 0x80010260 0x0001fff6
core   0: 0x800022d4 (0x0000f397) auipc   t2, 0xf
core   0: 3 0x800022d4 (0x0000f397) x 7 0x800112d4
core   0: 0x800022d8 (0xd5238393) addi    t2, t2, -686
core   0: 3 0x800022d8 (0xd5238393) x 7 0x80011026
core   0: 0x800022dc (0xe5439c83) lh      s9, -428(t2)
core   0: 3 0x800022dc (0xe5439c83) x25 0x0000565f mem 0x80010e7a
core   0: 0x800022e0 (0x00016f17) auipc   t5, 0x16
core   0: 3 0x800022e0 (0x00016f17) x30 0x800182e0
core   0: 0x800022e4 (0x776f0f13) addi    t5, t5, 1910
core   0: 3 0x800022e4 (0x776f0f13) x30 0x80018a56
core   0: 0x800022e8 (0xf31f0483) lb      s1, -207(t5)
core   0: 3 0x800022e8 (0xf31f0483) x 9 0xffffffa3 mem 0x80018987
core   0: 0x800022ec (0x08bf4b83) lbu     s7, 139(t5)
core   0: 3 0x800022ec (0x08bf4b83) x23 0x000000bc mem 0x80018ae1
core   0: 0x800022f0 (0xc97387a3) sb      s7, -881(t2)
core   0: 3 0x800022f0 (0xc97387a3) mem 0x80010cb5 0xbc
core   0: 0x800022f4 (0xa7f39523) sh      t6, -1430(t2)
core   0: 3 0x800022f4 (0xa7f39523) mem 0x80010a90 0x003c
core   0: 0x800022f8 (0x0ccf0703) lb      a4, 204(t5)
core   0: 3 0x800022f8 (0x0ccf0703) x14 0xffffffd0 mem 0x80018b22
core   0: 0x800022fc (0x98639923) sh      t1, -1646(t2)
core   0: 3 0x800022fc (0x98639923) mem 0x800109b8 0xfb6b
core   0: 0x80002300 (0xffef4903) lbu     s2, -2(t5)
core   0: 3 0x80002300 (0xffef4903) x18 0x00000045 mem 0x80018a54
core   0: 0x80002304 (0xdfa3db03) lhu     s6, -518(t2)
core   0: 3 0x80002304 (0xdfa3db03) x22 0x0000bfcf mem 0x80010e20
core   0: 0x80002308 (0xd563d103) lhu     sp, -682(t2)
core   0: 3 0x80002308 (0xd563d103) x 2 0x000085ea mem 0x80010d7c
core   0: 0x8000230c (0x8f3380a3) sb      s3, -1823(t2)
core   0: 3 0x8000230c (0x8f3380a3) mem 0x80010907 0x1d
core   0: 0x80002310 (0xf9c38c23) sb      t3, -104(t2)
core   0: 3 0x80002310 (0xf9c38c23) mem 0x80010fbe 0x14
core   0: 0x80002314 (0xf00f1c83) lh      s9, -256(t5)
core   0: 3 0x80002314 (0xf00f1c83) x25 0xffffe382 mem 0x80018956
core   0: 0x80002318 (0xd4b3cf83) lbu     t6, -693(t2)
core   0: 3 0x80002318 (0xd4b3cf83) x31 0x00000075 mem 0x80010d71
core   0: 0x8000231c (0xf3ff4983) lbu     s3, -193(t5)
core   0: 3 0x8000231c (0xf3ff4983) x19 0x00000045 mem 0x80018995
core   0: 0x80002320 (0xff600593) li      a1, -10
core   0: 3 0x80002320 (0xff600593) x11 0xfffffff6
core   0: 0x80002324 (0x00000001) c.nop
core   0: 3 0x80002324 (0x0001)
core   0: 0x80002326 (0x0201adb3) mulhsu  s11, gp, zero
core   0: 3 0x80002326 (0x0201adb3) x27 0x00000000
core   0: 0x8000232a (0x00000585) c.addi  a1, 1
core   0: 3 0x8000232a (0x0585) x11 0xfffffff7
core   0: 0x8000232c (0xff700a93) li      s5, -9
core   0: 3 0x8000232c (0xff700a93) x21 0xfffffff7
core   0: 0x80002330 (0x000062fd) c.lui   t0, 0x1f
core   0: 3 0x80002330 (0x62fd) x 5 0x0001f000
core   0: 0x80002332 (0xff300b13) li      s6, -13
core   0: 3 0x80002332 (0xff300b13) x22 0xfffffff3
core   0: 0x80002336 (0x00008f19) c.sub   a4, a4
core   0: 3 0x80002336 (0x8f19) x14 0x00000000
core   0: 0x80002338 (0x00000001) c.nop
core   0: 3 0x80002338 (0x0001)
core   0: 0x8000233a (0x00001af1) c.addi  s5, -4
core   0: 3 0x8000233a (0x1af1) x21 0xfffffff3
core   0: 0x8000233c (0xff6a8de3) beq     s5, s6, pc - 6
core   0: 3 0x8000233c (0xff6a8de3)
core   0: 0x80002336 (0x00008f19) c.sub   a4, a4
core   0: 3 0x80002336 (0x8f19) x14 0x00000000
core   0: 0x80002338 (0x00000001) c.nop
core   0: 3 0x80002338 (0x0001)
core   0: 0x8000233a (0x00001af1) c.addi  s5, -4
core   0: 3 0x8000233a (0x1af1) x21 0xffffffef
core   0: 0x8000233c (0xff6a8de3) beq     s5, s6, pc - 6
core   0: 3 0x8000233c (0xff6a8de3)
core   0: 0x80002340 (0x0000d1fd) c.beqz  a1, pc - 26
core   0: 3 0x80002340 (0xd1fd)
core   0: 0x80002342 (0x03af33b3) mulhu   t2, t5, s10
core   0: 3 0x80002342 (0x03af33b3) x 7 0x00000000
core   0: 0x80002346 (0x0001a897) auipc   a7, 0x1a
core   0: 3 0x80002346 (0x0001a897) x17 0x8001c346
core   0: 0x8000234a (0x99188893) addi    a7, a7, -1647
core   0: 3 0x8000234a (0x99188893) x17 0x8001bcd7
core   0: 0x8000234e (0x00012917) auipc   s2, 0x12
core   0: 3 0x8000234e (0x00012917) x18 0x8001434e
core   0: 0x80002352 (0x22790913) addi    s2, s2, 551
core   0: 3 0x80002352 (0x22790913) x18 0x80014575
core   0: 0x80002356 (0xfed8ca03) lbu     s4, -19(a7)
core   0: 3 0x80002356 (0xfed8ca03) x20 0x00000035 mem 0x8001bcc4
core   0: 0x8000235a (0x6a995583) lhu     a1, 1705(s2)
core   0: 3 0x8000235a (0x6a995583) x11 0x0000064c mem 0x80014c1e
core   0: 0x8000235e (0x0001b717) auipc   a4, 0x1b
core   0: 3 0x8000235e (0x0001b717) x14 0x8001d35e
core   0: 0x80002362 (0xd4070713) addi    a4, a4, -704
core   0: 3 0x80002362 (0xd4070713) x14 0x8001d09e
core   0: 0x80002366 (0x0001ee17) auipc   t3, 0x1e
core   0: 3 0x80002366 (0x0001ee17) x28 0x80020366
core   0: 0x8000236a (0xb5be0e13) addi    t3, t3, -1189
core   0: 3 0x8000236a (0xb5be0e13) x28 0x8001fec1
core   0: 0x8000236e (0xce890d83) lb      s11, -792(s2)
core   0: 3 0x8000236e (0xce890d83) x27 0xffffffbf mem 0x8001425d
core   0: 0x80002372 (0xf588c983) lbu     s3, -168(a7)
core   0: 3 0x80002372 (0xf588c983) x19 0x00000010 mem 0x8001bc2f
core   0: 0x80002376 (0x38ae0503) lb      a0, 906(t3)
core   0: 3 0x80002376 (0x38ae0503) x10 0x00000024 mem 0x8002024b
core   0: 0x8000237a (0x98394083) lbu     ra, -1661(s2)
core   0: 3 0x8000237a (0x98394083) x 1 0x0000001e mem 0x80013ef8
core   0: 0x8000237e (0xf9e8cf83) lbu     t6, -98(a7)
core   0: 3 0x8000237e (0xf9e8cf83) x31 0x00000074 mem 0x8001bc75
core   0: 0x80002382 (0xf9a886a3) sb      s10, -115(a7)
core   0: 3 0x80002382 (0xf9a886a3) mem 0x8001bc64 0x0
core   0: 0x80002386 (0xf62e4a03) lbu     s4, -158(t3)
core   0: 3 0x80002386 (0xf62e4a03) x20 0x000000e8 mem 0x8001fe23
core   0: 0x8000238a (0xb9f70923) sb      t6, -1134(a4)
core   0: 3 0x8000238a (0xb9f70923) mem 0x8001cc30 0x74
core   0: 0x8000238e (0x276e0003) lb      zero, 630(t3)
core   0: 3 0x8000238e (0x276e0003) mem 0x80020137
core   0: 0x80002392 (0x163e0123) sb      gp, 354(t3)
core   0: 3 0x80002392 (0x163e0123) mem 0x80020023 0x0
core   0: 0x80002396 (0x03e88423) sb      t5, 40(a7)
core   0: 3 0x80002396 (0x03e88423) mem 0x8001bcff 0x56
core   0: 0x8000239a (0x0ab8d383) lhu     t2, 171(a7)
core   0: 3 0x8000239a (0x0ab8d383) x 7 0x00006ce1 mem 0x8001bd82
core   0: 0x8000239e (0xf038a2a3) sw      gp, -251(a7)
core   0: 3 0x8000239e (0xf038a2a3) mem 0x8001bbdc 0xd2000000
core   0: 0x800023a2 (0x59a90b03) lb      s6, 1434(s2)
core   0: 3 0x800023a2 (0x59a90b03) x22 0xffffffd0 mem 0x80014b0f
core   0: 0x800023a6 (0x3fb70423) sb      s11, 1000(a4)
core   0: 3 0x800023a6 (0x3fb70423) mem 0x8001d486 0xbf
core   0: 0x800023aa (0xb5294383) lbu     t2, -1198(s2)
core   0: 3 0x800023aa (0xb5294383) x 7 0x000000da mem 0x800140c7
core   0: 0x800023ae (0xf158d103) lhu     sp, -235(a7)
core   0: 3 0x800023ae (0xf158d103) x 2 0x0000932e mem 0x8001bbec
core   0: 0x800023b2 (0x8db70803) lb      a6, -1829(a4)
core   0: 3 0x800023b2 (0x8db70803) x16 0x00000068 mem 0x8001c979
core   0: 0x800023b6 (0x05c88203) lb      tp, 92(a7)
core   0: 3 0x800023b6 (0x05c88203) x 4 0x00000024 mem 0x8001bd33
core   0: 0x800023ba (0x9c0e0f83) lb      t6, -1600(t3)
core   0: 3 0x800023ba (0x9c0e0f83) x31 0xffffffa0 mem 0x8001f881
core   0: 0x800023be (0x89fe1ea3) sh      t6, -1891(t3)
core   0: 3 0x800023be (0x89fe1ea3) mem 0x8001f75e 0xffa0
core   0: 0x800023c2 (0xb5ce0723) sb      t3, -1202(t3)
core   0: 3 0x800023c2 (0xb5ce0723) mem 0x8001fa0f 0xc1
core   0: 0x800023c6 (0x596706a3) sb      s6, 1421(a4)
core   0: 3 0x800023c6 (0x596706a3) mem 0x8001d62b 0xd0
core   0: 0x800023ca (0x13890683) lb      a3, 312(s2)
core   0: 3 0x800023ca (0x13890683) x13 0xffffff85 mem 0x800146ad
core   0: 0x800023ce (0x137e0583) lb      a1, 311(t3)
core   0: 3 0x800023ce (0x137e0583) x11 0xfffffffb mem 0x8001fff8
core   0: 0x800023d2 (0xfa18cc03) lbu     s8, -95(a7)
core   0: 3 0x800023d2 (0xfa18cc03) x24 0x0000009a mem 0x8001bc78
core   0: 0x800023d6 (0x84870ba3) sb      s0, -1961(a4)
core   0: 3 0x800023d6 (0x84870ba3) mem 0x8001c8f5 0xf6
core   0: 0x800023da (0x55890383) lb      t2, 1368(s2)
core   0: 3 0x800023da (0x55890383) x 7 0xffffffdb mem 0x80014acd
core   0: 0x800023de (0x54070ea3) sb      zero, 1373(a4)
core   0: 3 0x800023de (0x54070ea3) mem 0x8001d5fb 0x0
core   0: 0x800023e2 (0x0000e597) auipc   a1, 0xe
core   0: 3 0x800023e2 (0x0000e597) x11 0x800103e2
core   0: 0x800023e6 (0x48458593) addi    a1, a1, 1156
core   0: 3 0x800023e6 (0x48458593) x11 0x80010866
core   0: 0x800023ea (0x0000ea17) auipc   s4, 0xe
core   0: 3 0x800023ea (0x0000ea17) x20 0x800103ea
core   0: 0x800023ee (0x606a0a13) addi    s4, s4, 1542
core   0: 3 0x800023ee (0x606a0a13) x20 0x800109f0
core   0: 0x800023f2 (0x62258003) lb      zero, 1570(a1)
core   0: 3 0x800023f2 (0x62258003) mem 0x80010e88
core   0: 0x800023f6 (0x59a5c403) lbu     s0, 1434(a1)
core   0: 3 0x800023f6 (0x59a5c403) x 8 0x000000d0 mem 0x80010e00
core   0: 0x800023fa (0xc7c5c203) lbu     tp, -900(a1)
core   0: 3 0x800023fa (0xc7c5c203) x 4 0x0000001e mem 0x800104e2
core   0: 0x800023fe (0x046a0fa3) sb      t1, 95(s4)
core   0: 3 0x800023fe (0x046a0fa3) mem 0x80010a4f 0x6b
core   0: 0x80002402 (0x07158283) lb      t0, 113(a1)
core   0: 3 0x80002402 (0x07158283) x 5 0xffffffa2 mem 0x800108d7
core   0: 0x80002406 (0xfa5a0f83) lb      t6, -91(s4)
core   0: 3 0x80002406 (0xfa5a0f83) x31 0x00000043 mem 0x80010995
core   0: 0x8000240a (0xfd0a0383) lb      t2, -48(s4)
core   0: 3 0x8000240a (0xfd0a0383) x 7 0x0000004c mem 0x800109c0
core   0: 0x8000240e (0xf11a0ea3) sb      a7, -227(s4)
core   0: 3 0x8000240e (0xf11a0ea3) mem 0x8001090d 0xd7
core   0: 0x80002412 (0x35458ba3) sb      s4, 855(a1)
core   0: 3 0x80002412 (0x35458ba3) mem 0x80010bbd 0xf0
core   0: 0x80002416 (0x6be5a003) lw      zero, 1726(a1)
core   0: 3 0x80002416 (0x6be5a003) mem 0x80010f24
core   0: 0x8000241a (0x0e1a0d83) lb      s11, 225(s4)
core   0: 3 0x8000241a (0x0e1a0d83) x27 0x00000045 mem 0x80010ad1
core   0: 0x8000241e (0xfafa06a3) sb      a5, -83(s4)
core   0: 3 0x8000241e (0xfafa06a3) mem 0x8001099d 0x64
core   0: 0x80002422 (0xd8559823) sh      t0, -624(a1)
core   0: 3 0x80002422 (0xd8559823) mem 0x800105f6 0xffa2
core   0: 0x80002426 (0x0cda4f83) lbu     t6, 205(s4)
core   0: 3 0x80002426 (0x0cda4f83) x31 0x00000057 mem 0x80010abd
core   0: 0x8000242a (0x07f58983) lb      s3, 127(a1)
core   0: 3 0x8000242a (0x07f58983) x19 0x00000033 mem 0x800108e5
core   0: 0x8000242e (0x8835cb83) lbu     s7, -1917(a1)
core   0: 3 0x8000242e (0x8835cb83) x23 0x0000009c mem 0x800100e9
core   0: 0x80002432 (0x2255c483) lbu     s1, 549(a1)
core   0: 3 0x80002432 (0x2255c483) x 9 0x000000cc mem 0x80010a8b
core   0: 0x80002436 (0x0000ec17) auipc   s8, 0xe
core   0: 3 0x80002436 (0x0000ec17) x24 0x80010436
core   0: 0x8000243a (0x2a3c0c13) addi    s8, s8, 675
core   0: 3 0x8000243a (0x2a3c0c13) x24 0x800106d9
core   0: 0x8000243e (0x0000ed17) auipc   s10, 0xe
core   0: 3 0x8000243e (0x0000ed17) x26 0x8001043e
core   0: 0x80002442 (0xd56d0d13) addi    s10, s10, -682
core   0: 3 0x80002442 (0xd56d0d13) x26 0x80010194
core   0: 0x80002446 (0xff7d0003) lb      zero, -9(s10)
core   0: 3 0x80002446 (0xff7d0003) mem 0x8001018b
core   0: 0x8000244a (0x0000e897) auipc   a7, 0xe
core   0: 3 0x8000244a (0x0000e897) x17 0x8001044a
core   0: 0x8000244e (0xc4d88893) addi    a7, a7, -947
core   0: 3 0x8000244e (0xc4d88893) x17 0x80010097
core   0: 0x80002452 (0xffac0a23) sb      s10, -12(s8)
core   0: 3 0x80002452 (0xffac0a23) mem 0x800106cd 0x94
core   0: 0x80002456 (0x00dd0303) lb      t1, 13(s10)
core   0: 3 0x80002456 (0x00dd0303) x 6 0x00000006 mem 0x800101a1
core   0: 0x8000245a (0x01d891a3) sh      t4, 3(a7)
core   0: 3 0x8000245a (0x01d891a3) mem 0x8001009a 0x0000
core   0: 0x8000245e (0xff0c0b83) lb      s7, -16(s8)
core   0: 3 0x8000245e (0xff0c0b83) x23 0x00000034 mem 0x800106c9
core   0: 0x80002462 (0x00ed4803) lbu     a6, 14(s10)
core   0: 3 0x80002462 (0x00ed4803) x16 0x00000001 mem 0x800101a2
core   0: 0x80002466 (0x03f88203) lb      tp, 63(a7)
core   0: 3 0x80002466 (0x03f88203) x 4 0x00000033 mem 0x800100d6
core   0: 0x8000246a (0x01dc13a3) sh      t4, 7(s8)
core   0: 3 0x8000246a (0x01dc13a3) mem 0x800106e0 0x0000
core   0: 0x8000246e (0xff3c0923) sb      s3, -14(s8)
core   0: 3 0x8000246e (0xff3c0923) mem 0x800106cb 0x33
core   0: 0x80002472 (0x004c4803) lbu     a6, 4(s8)
core   0: 3 0x80002472 (0x004c4803) x16 0x00000026 mem 0x800106dd
core   0: 0x80002476 (0x0308cf83) lbu     t6, 48(a7)
core   0: 3 0x80002476 (0x0308cf83) x31 0x0000009c mem 0x800100c7
core   0: 0x8000247a (0xffbc2503) lw      a0, -5(s8)
core   0: 3 0x8000247a (0xffbc2503) x10 0x499ba29f mem 0x800106d4
core   0: 0x8000247e (0xff9c4283) lbu     t0, -7(s8)
core   0: 3 0x8000247e (0xff9c4283) x 5 0x000000ed mem 0x800106d2
core   0: 0x80002482 (0xffc8c683) lbu     a3, -4(a7)
core   0: 3 0x80002482 (0xffc8c683) x13 0x000000a6 mem 0x80010093
core   0: 0x80002486 (0xfe2c0c23) sb      sp, -8(s8)
core   0: 3 0x80002486 (0xfe2c0c23) mem 0x800106d1 0x2e
core   0: 0x8000248a (0x003d4503) lbu     a0, 3(s10)
core   0: 3 0x8000248a (0x003d4503) x10 0x00000009 mem 0x80010197
core   0: 0x8000248e (0xff1d0b03) lb      s6, -15(s10)
core   0: 3 0x8000248e (0xff1d0b03) x22 0x00000048 mem 0x80010185
core   0: 0x80002492 (0xff188b23) sb      a7, -10(a7)
core   0: 3 0x80002492 (0xff188b23) mem 0x8001008d 0x97
core   0: 0x80002496 (0xff188183) lb      gp, -15(a7)
core   0: 3 0x80002496 (0xff188183) x 3 0xffffffa8 mem 0x80010088
core   0: 0x8000249a (0x01dc00a3) sb      t4, 1(s8)
core   0: 3 0x8000249a (0x01dc00a3) mem 0x800106da 0x0
core   0: 0x8000249e (0x02f88e03) lb      t3, 47(a7)
core   0: 3 0x8000249e (0x02f88e03) x28 0x00000005 mem 0x800100c6
core   0: 0x800024a2 (0x009d03a3) sb      s1, 7(s10)
core   0: 3 0x800024a2 (0x009d03a3) mem 0x8001019b 0xcc
core   0: 0x800024a6 (0x0000ed17) auipc   s10, 0xe
core   0: 3 0x800024a6 (0x0000ed17) x26 0x800104a6
core   0: 0x800024aa (0x2c6d0d13) addi    s10, s10, 710
core   0: 3 0x800024aa (0x2c6d0d13) x26 0x8001076c
core   0: 0x800024ae (0x17bd0303) lb      t1, 379(s10)
core   0: 3 0x800024ae (0x17bd0303) x 6 0xfffffffb mem 0x800108e7
core   0: 0x800024b2 (0x0001e497) auipc   s1, 0x1e
core   0: 3 0x800024b2 (0x0001e497) x 9 0x800204b2
core   0: 0x800024b6 (0x6c848493) addi    s1, s1, 1736
core   0: 3 0x800024b6 (0x6c848493) x 9 0x80020b7a
core   0: 0x800024ba (0x0334cd83) lbu     s11, 51(s1)
core   0: 3 0x800024ba (0x0334cd83) x27 0x000000e9 mem 0x80020bad
core   0: 0x800024be (0xfcb48a83) lb      s5, -53(s1)
core   0: 3 0x800024be (0xfcb48a83) x21 0xffffffda mem 0x80020b45
core   0: 0x800024c2 (0x699d0b83) lb      s7, 1689(s10)
core   0: 3 0x800024c2 (0x699d0b83) x23 0x00000000 mem 0x80010e05
core   0: 0x800024c6 (0x020d4203) lbu     tp, 32(s10)
core   0: 3 0x800024c6 (0x020d4203) x 4 0x00000049 mem 0x8001078c
core   0: 0x800024ca (0xfe248ba3) sb      sp, -9(s1)
core   0: 3 0x800024ca (0xfe248ba3) mem 0x80020b71 0x2e
core   0: 0x800024ce (0x02a4a583) lw      a1, 42(s1)
core   0: 3 0x800024ce (0x02a4a583) x11 0xf69bcbab mem 0x80020ba4
core   0: 0x800024d2 (0x6ded5403) lhu     s0, 1758(s10)
core   0: 3 0x800024d2 (0x6ded5403) x 8 0x00008f65 mem 0x80010e4a
core   0: 0x800024d6 (0x364d0683) lb      a3, 868(s10)
core   0: 3 0x800024d6 (0x364d0683) x13 0xfffffff5 mem 0x80010ad0
core   0: 0x800024da (0x0174c683) lbu     a3, 23(s1)
core   0: 3 0x800024da (0x0174c683) x13 0x000000ee mem 0x80020b91
core   0: 0x800024de (0x00a48303) lb      t1, 10(s1)
core   0: 3 0x800024de (0x00a48303) x 6 0x0000003b mem 0x80020b84
core   0: 0x800024e2 (0x039d0da3) sb      s9, 59(s10)
core   0: 3 0x800024e2 (0x039d0da3) mem 0x800107a7 0x82
core   0: 0x800024e6 (0xff748ca3) sb      s7, -7(s1)
core   0: 3 0x800024e6 (0xff748ca3) mem 0x80020b73 0x0
core   0: 0x800024ea (0xfc3481a3) sb      gp, -61(s1)
core   0: 3 0x800024ea (0xfc3481a3) mem 0x80020b3d 0xa8
core   0: 0x800024ee (0xcc8d4303) lbu     t1, -824(s10)
core   0: 3 0x800024ee (0xcc8d4303) x 6 0x000000b2 mem 0x80010434
core   0: 0x800024f2 (0x00a00413) li      s0, 10
core   0: 3 0x800024f2 (0x00a00413) x 8 0x0000000a
core   0: 0x800024f6 (0x00000001) c.nop
core   0: 3 0x800024f6 (0x0001)
core   0: 0x800024f8 (0x00008156) c.mv    sp, s5
core   0: 3 0x800024f8 (0x8156) x 2 0xffffffda
core   0: 0x800024fa (0x00008f4d) c.or    a4, a1
core   0: 3 0x800024fa (0x8f4d) x14 0xf69bdbbf
core   0: 0x800024fc (0x00400c13) li      s8, 4
core   0: 3 0x800024fc (0x00400c13) x24 0x00000004
core   0: 0x80002500 (0x00006b15) c.lui   s6, 0x5
core   0: 3 0x80002500 (0x6b15) x22 0x00005000
core   0: 0x80002502 (0x00008ec9) c.or    a3, a0
core   0: 3 0x80002502 (0x8ec9) x13 0x000000ef
core   0: 0x80002504 (0x00008d71) c.and   a0, a2
core   0: 3 0x80002504 (0x8d71) x10 0x00000000
core   0: 0x80002506 (0x03b33133) mulhu   sp, t1, s11
core   0: 3 0x80002506 (0x03b33133) x 2 0x00000000
core   0: 0x8000250a (0x0000147d) c.addi  s0, -1
core   0: 3 0x8000250a (0x147d) x 8 0x00000009
core   0: 0x8000250c (0x00008b72) c.mv    s6, t3
core   0: 3 0x8000250c (0x8b72) x22 0x00000005
core   0: 0x8000250e (0x001ea333) slt     t1, t4, ra
core   0: 3 0x8000250e (0x001ea333) x 6 0x00000001
core   0: 0x80002512 (0xff5d7b93) andi    s7, s10, -11
core   0: 3 0x80002512 (0xff5d7b93) x23 0x80010764
core   0: 0x80002516 (0xff8478e3) bgeu    s0, s8, pc - 16
core   0: 3 0x80002516 (0xff8478e3)
core   0: 0x80002506 (0x03b33133) mulhu   sp, t1, s11
core   0: 3 0x80002506 (0x03b33133) x 2 0x00000000
core   0: 0x8000250a (0x0000147d) c.addi  s0, -1
core   0: 3 0x8000250a (0x147d) x 8 0x00000008
core   0: 0x8000250c (0x00008b72) c.mv    s6, t3
core   0: 3 0x8000250c (0x8b72) x22 0x00000005
core   0: 0x8000250e (0x001ea333) slt     t1, t4, ra
core   0: 3 0x8000250e (0x001ea333) x 6 0x00000001
core   0: 0x80002512 (0xff5d7b93) andi    s7, s10, -11
core   0: 3 0x80002512 (0xff5d7b93) x23 0x80010764
core   0: 0x80002516 (0xff8478e3) bgeu    s0, s8, pc - 16
core   0: 3 0x80002516 (0xff8478e3)
core   0: 0x80002506 (0x03b33133) mulhu   sp, t1, s11
core   0: 3 0x80002506 (0x03b33133) x 2 0x00000000
core   0: 0x8000250a (0x0000147d) c.addi  s0, -1
core   0: 3 0x8000250a (0x147d) x 8 0x00000007
core   0: 0x8000250c (0x00008b72) c.mv    s6, t3
core   0: 3 0x8000250c (0x8b72) x22 0x00000005
core   0: 0x8000250e (0x001ea333) slt     t1, t4, ra
core   0: 3 0x8000250e (0x001ea333) x 6 0x00000001
core   0: 0x80002512 (0xff5d7b93) andi    s7, s10, -11
core   0: 3 0x80002512 (0xff5d7b93) x23 0x80010764
core   0: 0x80002516 (0xff8478e3) bgeu    s0, s8, pc - 16
core   0: 3 0x80002516 (0xff8478e3)
core   0: 0x80002506 (0x03b33133) mulhu   sp, t1, s11
core   0: 3 0x80002506 (0x03b33133) x 2 0x00000000
core   0: 0x8000250a (0x0000147d) c.addi  s0, -1
core   0: 3 0x8000250a (0x147d) x 8 0x00000006
core   0: 0x8000250c (0x00008b72) c.mv    s6, t3
core   0: 3 0x8000250c (0x8b72) x22 0x00000005
core   0: 0x8000250e (0x001ea333) slt     t1, t4, ra
core   0: 3 0x8000250e (0x001ea333) x 6 0x00000001
core   0: 0x80002512 (0xff5d7b93) andi    s7, s10, -11
core   0: 3 0x80002512 (0xff5d7b93) x23 0x80010764
core   0: 0x80002516 (0xff8478e3) bgeu    s0, s8, pc - 16
core   0: 3 0x80002516 (0xff8478e3)
core   0: 0x80002506 (0x03b33133) mulhu   sp, t1, s11
core   0: 3 0x80002506 (0x03b33133) x 2 0x00000000
core   0: 0x8000250a (0x0000147d) c.addi  s0, -1
core   0: 3 0x8000250a (0x147d) x 8 0x00000005
core   0: 0x8000250c (0x00008b72) c.mv    s6, t3
core   0: 3 0x8000250c (0x8b72) x22 0x00000005
core   0: 0x8000250e (0x001ea333) slt     t1, t4, ra
core   0: 3 0x8000250e (0x001ea333) x 6 0x00000001
core   0: 0x80002512 (0xff5d7b93) andi    s7, s10, -11
core   0: 3 0x80002512 (0xff5d7b93) x23 0x80010764
core   0: 0x80002516 (0xff8478e3) bgeu    s0, s8, pc - 16
core   0: 3 0x80002516 (0xff8478e3)
core   0: 0x80002506 (0x03b33133) mulhu   sp, t1, s11
core   0: 3 0x80002506 (0x03b33133) x 2 0x00000000
core   0: 0x8000250a (0x0000147d) c.addi  s0, -1
core   0: 3 0x8000250a (0x147d) x 8 0x00000004
core   0: 0x8000250c (0x00008b72) c.mv    s6, t3
core   0: 3 0x8000250c (0x8b72) x22 0x00000005
core   0: 0x8000250e (0x001ea333) slt     t1, t4, ra
core   0: 3 0x8000250e (0x001ea333) x 6 0x00000001
core   0: 0x80002512 (0xff5d7b93) andi    s7, s10, -11
core   0: 3 0x80002512 (0xff5d7b93) x23 0x80010764
core   0: 0x80002516 (0xff8478e3) bgeu    s0, s8, pc - 16
core   0: 3 0x80002516 (0xff8478e3)
core   0: 0x80002506 (0x03b33133) mulhu   sp, t1, s11
core   0: 3 0x80002506 (0x03b33133) x 2 0x00000000
core   0: 0x8000250a (0x0000147d) c.addi  s0, -1
core   0: 3 0x8000250a (0x147d) x 8 0x00000003
core   0: 0x8000250c (0x00008b72) c.mv    s6, t3
core   0: 3 0x8000250c (0x8b72) x22 0x00000005
core   0: 0x8000250e (0x001ea333) slt     t1, t4, ra
core   0: 3 0x8000250e (0x001ea333) x 6 0x00000001
core   0: 0x80002512 (0xff5d7b93) andi    s7, s10, -11
core   0: 3 0x80002512 (0xff5d7b93) x23 0x80010764
core   0: 0x80002516 (0xff8478e3) bgeu    s0, s8, pc - 16
core   0: 3 0x80002516 (0xff8478e3)
core   0: 0x8000251a (0x004f9313) slli    t1, t6, 4
core   0: 3 0x8000251a (0x004f9313) x 6 0x000009c0
core   0: 0x8000251e (0x0000ee17) auipc   t3, 0xe
core   0: 3 0x8000251e (0x0000ee17) x28 0x8001051e
core   0: 0x80002522 (0x640e0e13) addi    t3, t3, 1600
core   0: 3 0x80002522 (0x640e0e13) x28 0x80010b5e
core   0: 0x80002526 (0xfe9e08a3) sb      s1, -15(t3)
core   0: 3 0x80002526 (0xfe9e08a3) mem 0x80010b4f 0x7a
core   0: 0x8000252a (0x000086e9) c.srai  a3, 26
core   0: 3 0x8000252a (0x86e9) x13 0x00000000
core   0: 0x8000252c (0x00000001) c.nop
core   0: 3 0x8000252c (0x0001)
core   0: 0x8000252e (0x012e1223) sh      s2, 4(t3)
core   0: 3 0x8000252e (0x012e1223) mem 0x80010b62 0x4575
core   0: 0x80002532 (0x0000876a) c.mv    a4, s10
core   0: 3 0x80002532 (0x876a) x14 0x8001076c
core   0: 0x80002534 (0xa210bb13) sltiu   s6, ra, -1503
core   0: 3 0x80002534 (0xa210bb13) x22 0x00000001
core   0: 0x80002538 (0x02dd0c33) mul     s8, s10, a3
core   0: 3 0x80002538 (0x02dd0c33) x24 0x00000000
core   0: 0x8000253c (0x00dfb333) sltu    t1, t6, a3
core   0: 3 0x8000253c (0x00dfb333) x 6 0x00000000
core   0: 0x80002540 (0x00ae0683) lb      a3, 10(t3)
core   0: 3 0x80002540 (0x00ae0683) x13 0x00000020 mem 0x80010b68
core   0: 0x80002544 (0x004e5103) lhu     sp, 4(t3)
core   0: 3 0x80002544 (0x004e5103) x 2 0x00004575 mem 0x80010b62
core   0: 0x80002548 (0x03404933) div     s2, zero, s4
core   0: 3 0x80002548 (0x03404933) x18 0x00000000
core   0: 0x8000254c (0x034b3bb3) mulhu   s7, s6, s4
core   0: 3 0x8000254c (0x034b3bb3) x23 0x00000000
core   0: 0x80002550 (0x68a1bd97) auipc   s11, 0x68a1b
core   0: 3 0x80002550 (0x68a1bd97) x27 0xe8a1d550
core   0: 0x80002554 (0xff7e4d83) lbu     s11, -9(t3)
core   0: 3 0x80002554 (0xff7e4d83) x27 0x00000051 mem 0x80010b55
core   0: 0x80002558 (0x001d1113) slli    sp, s10, 1
core   0: 3 0x80002558 (0x001d1113) x 2 0x00020ed8
core   0: 0x8000255c (0xa796a193) slti    gp, a3, -1415
core   0: 3 0x8000255c (0xa796a193) x 3 0x00000000
core   0: 0x80002560 (0x003e0583) lb      a1, 3(t3)
core   0: 3 0x80002560 (0x003e0583) x11 0xffffff9e mem 0x80010b61
core   0: 0x80002564 (0xfe2e0da3) sb      sp, -5(t3)
core   0: 3 0x80002564 (0xfe2e0da3) mem 0x80010b59 0xd8
core   0: 0x80002568 (0xfe2e1b23) sh      sp, -10(t3)
core   0: 3 0x80002568 (0xfe2e1b23) mem 0x80010b54 0x0ed8
core   0: 0x8000256c (0xff2e4183) lbu     gp, -14(t3)
core   0: 3 0x8000256c (0xff2e4183) x 3 0x00000026 mem 0x80010b50
core   0: 0x80002570 (0x00000001) c.nop
core   0: 3 0x80002570 (0x0001)
core   0: 0x80002572 (0x85c66393) ori     t2, a2, -1956
core   0: 3 0x80002572 (0x85c66393) x 7 0xfffffcfc
core   0: 0x80002576 (0x6bc4b093) sltiu   ra, s1, 1724
core   0: 3 0x80002576 (0x6bc4b093) x 1 0x00000000
core   0: 0x8000257a (0x005e05a3) sb      t0, 11(t3)
core   0: 3 0x8000257a (0x005e05a3) mem 0x80010b69 0xed
core   0: 0x8000257e (0x003e4803) lbu     a6, 3(t3)
core   0: 3 0x8000257e (0x003e4803) x16 0x0000009e mem 0x80010b61
core   0: 0x80002582 (0xae0be413) ori     s0, s7, -1312
core   0: 3 0x80002582 (0xae0be413) x 8 0xfffffae0
core   0: 0x80002586 (0x00000001) c.nop
core   0: 3 0x80002586 (0x0001)
core   0: 0x80002588 (0x00008ec1) c.or    a3, s0
core   0: 3 0x80002588 (0x8ec1) x13 0xfffffae0
core   0: 0x8000258a (0x03f42b33) mulhsu  s6, s0, t6
core   0: 3 0x8000258a (0x03f42b33) x22 0xffffffff
core   0: 0x8000258e (0x00008c6d) c.and   s0, a1
core   0: 3 0x8000258e (0x8c6d) x 8 0xfffffa80
core   0: 0x80002590 (0x2810e713) ori     a4, ra, 641
core   0: 3 0x80002590 (0x2810e713) x14 0x00000281
core   0: 0x80002594 (0x014a9893) slli    a7, s5, 20
core   0: 3 0x80002594 (0x014a9893) x17 0xfda00000
core   0: 0x80002598 (0x6662e437) lui     s0, 0x6662e
core   0: 3 0x80002598 (0x6662e437) x 8 0x6662e000
core   0: 0x8000259c (0x00fe4903) lbu     s2, 15(t3)
core   0: 3 0x8000259c (0x00fe4903) x18 0x0000003e mem 0x80010b6d
core   0: 0x800025a0 (0x00008875) c.andi  s0, 29
core   0: 3 0x800025a0 (0x8875) x 8 0x00000000
core   0: 0x800025a2 (0x011e5813) srli    a6, t3, 17
core   0: 3 0x800025a2 (0x011e5813) x16 0x00004000
core   0: 0x800025a6 (0xff0e1683) lh      a3, -16(t3)
core   0: 3 0x800025a6 (0xff0e1683) x13 0x00007a59 mem 0x80010b4e
core   0: 0x800025aa (0x00500493) li      s1, 5
core   0: 3 0x800025aa (0x00500493) x 9 0x00000005
core   0: 0x800025ae (0x6d2cbd13) sltiu   s10, s9, 1746
core   0: 3 0x800025ae (0x6d2cbd13) x26 0x00000000
core   0: 0x800025b2 (0xca406d17) auipc   s10, 0xca406
core   0: 3 0x800025b2 (0xca406d17) x26 0x4a4085b2
core   0: 0x800025b6 (0x03c8aab3) mulhsu  s5, a7, t3
core   0: 3 0x800025b6 (0x03c8aab3) x21 0xfecffd85
core   0: 0x800025ba (0x00008f55) c.or    a4, a3
core   0: 3 0x800025ba (0x8f55) x14 0x00007ad9
core   0: 0x800025bc (0x00000001) c.nop
core   0: 3 0x800025bc (0x0001)
core   0: 0x800025be (0x9af59137) lui     sp, 0x9af59
core   0: 3 0x800025be (0x9af59137) x 2 0x9af59000
core   0: 0x800025c2 (0x0000147d) c.addi  s0, -1
core   0: 3 0x800025c2 (0x147d) x 8 0xffffffff
core   0: 0x800025c4 (0x01b19333) sll     t1, gp, s11
core   0: 3 0x800025c4 (0x01b19333) x 6 0x004c0000
core   0: 0x800025c8 (0x032d32b3) mulhu   t0, s10, s2
core   0: 3 0x800025c8 (0x032d32b3) x 5 0x00000011
core   0: 0x800025cc (0x000008cd) c.addi  a7, 19
core   0: 3 0x800025cc (0x08cd) x17 0xfda00013
core   0: 0x800025ce (0x00008b35) c.andi  a4, 13
core   0: 3 0x800025ce (0x8b35) x14 0x00000009
core   0: 0x800025d0 (0x0200e433) rem     s0, ra, zero
core   0: 3 0x800025d0 (0x0200e433) x 8 0x00000000
core   0: 0x800025d4 (0x4122de13) srai    t3, t0, 18
core   0: 3 0x800025d4 (0x4122de13) x28 0x00000000
core   0: 0x800025d8 (0x000060ed) c.lui   ra, 0x1b
core   0: 3 0x800025d8 (0x60ed) x 1 0x0001b000
core   0: 0x800025da (0x000014ed) c.addi  s1, -5
core   0: 3 0x800025da (0x14ed) x 9 0x00000000
core   0: 0x800025dc (0x02947d33) remu    s10, s0, s1
core   0: 3 0x800025dc (0x02947d33) x26 0x00000000
core   0: 0x800025e0 (0x00047cb3) and     s9, s0, zero
core   0: 3 0x800025e0 (0x00047cb3) x25 0x00000000
core   0: 0x800025e4 (0x019f73b3) and     t2, t5, s9
core   0: 3 0x800025e4 (0x019f73b3) x 7 0x00000000
core   0: 0x800025e8 (0x03f02fb3) mulhsu  t6, zero, t6
core   0: 3 0x800025e8 (0x03f02fb3) x31 0x00000000
core   0: 0x800025ec (0x0000f0ed) c.bnez  s1, pc - 30
core   0: 3 0x800025ec (0xf0ed)
core   0: 0x800025ee (0xed1eedb7) lui     s11, 0xed1ee
core   0: 3 0x800025ee (0xed1eedb7) x27 0xed1ee000
core   0: 0x800025f2 (0x02a0036f) jal     t1, pc + 0x2a
core   0: 3 0x800025f2 (0x02a0036f) x 6 0x800025f6
core   0: 0x8000261c (0x000037dd) c.jal   pc - 26
core   0: 3 0x8000261c (0x37dd) x 1 0x8000261e
core   0: 0x80002602 (0xffdff0ef) jal     pc - 0x4
core   0: 3 0x80002602 (0xffdff0ef) x 1 0x80002606
core   0: 0x800025fe (0x018005ef) jal     a1, pc + 0x18
core   0: 3 0x800025fe (0x018005ef) x11 0x80002602
core   0: 0x80002616 (0x0000b7d5) c.j     pc - 28
core   0: 3 0x80002616 (0xb7d5)
core   0: 0x800025fa (0x028000ef) jal     pc + 0x28
core   0: 3 0x800025fa (0x028000ef) x 1 0x800025fe
core   0: 0x80002622 (0x00003fd1) c.jal   pc - 44
core   0: 3 0x80002622 (0x3fd1) x 1 0x80002624
core   0: 0x800025f6 (0x0280076f) jal     a4, pc + 0x28
core   0: 3 0x800025f6 (0x0280076f) x14 0x800025fa
core   0: 0x8000261e (0xfefff0ef) jal     pc - 0x12
core   0: 3 0x8000261e (0xfefff0ef) x 1 0x80002622
core   0: 0x8000260c (0x0000bffd) c.j     pc - 2
core   0: 3 0x8000260c (0xbffd)
core   0: 0x8000260a (0x0000bffd) c.j     pc - 2
core   0: 3 0x8000260a (0xbffd)
core   0: 0x80002608 (0x0000bffd) c.j     pc - 2
core   0: 3 0x80002608 (0xbffd)
core   0: 0x80002606 (0x0000a809) c.j     pc + 18
core   0: 3 0x80002606 (0xa809)
core   0: 0x80002618 (0x0000bfed) c.j     pc - 6
core   0: 3 0x80002618 (0xbfed)
core   0: 0x80002612 (0x008000ef) jal     pc + 0x8
core   0: 3 0x80002612 (0x008000ef) x 1 0x80002616
core   0: 0x8000261a (0x00003fdd) c.jal   pc - 10
core   0: 3 0x8000261a (0x3fdd) x 1 0x8000261c
core   0: 0x80002610 (0x0000bffd) c.j     pc - 2
core   0: 3 0x80002610 (0xbffd)
core   0: 0x8000260e (0x00002819) c.jal   pc + 22
core   0: 3 0x8000260e (0x2819) x 1 0x80002610
core   0: 0x80002624 (0x036ddd33) divu    s10, s11, s6
core   0: 3 0x80002624 (0x036ddd33) x26 0x00000000
core   0: 0x80002628 (0x00015117) auipc   sp, 0x15
core   0: 3 0x80002628 (0x00015117) x 2 0x80017628
core   0: 0x8000262c (0x98010113) addi    sp, sp, -1664
core   0: 3 0x8000262c (0x98010113) x 2 0x80016fa8
core   0: 0x80002630 (0x0000ea97) auipc   s5, 0xe
core   0: 3 0x80002630 (0x0000ea97) x21 0x80010630
core   0: 0x80002634 (0x668a8a93) addi    s5, s5, 1640
core   0: 3 0x80002634 (0x668a8a93) x21 0x80010c98
core   0: 0x80002638 (0x010ad683) lhu     a3, 16(s5)
core   0: 3 0x80002638 (0x010ad683) x13 0x0000adb9 mem 0x80010ca8
core   0: 0x8000263c (0x002add03) lhu     s10, 2(s5)
core   0: 3 0x8000263c (0x002add03) x26 0x00000ce0 mem 0x80010c9a
core   0: 0x80002640 (0x03214703) lbu     a4, 50(sp)
core   0: 3 0x80002640 (0x03214703) x14 0x00000072 mem 0x80016fda
core   0: 0x80002644 (0xfd614703) lbu     a4, -42(sp)
core   0: 3 0x80002644 (0xfd614703) x14 0x0000005f mem 0x80016f7e
core   0: 0x80002648 (0x01fa9723) sh      t6, 14(s5)
core   0: 3 0x80002648 (0x01fa9723) mem 0x80010ca6 0x0000
core   0: 0x8000264c (0xff914e03) lbu     t3, -7(sp)
core   0: 3 0x8000264c (0xff914e03) x28 0x000000f0 mem 0x80016fa1
core   0: 0x80002650 (0xffb14b03) lbu     s6, -5(sp)
core   0: 3 0x80002650 (0xffb14b03) x22 0x0000009b mem 0x80016fa3
core   0: 0x80002654 (0xff1acf83) lbu     t6, -15(s5)
core   0: 3 0x80002654 (0xff1acf83) x31 0x00000045 mem 0x80010c89
core   0: 0x80002658 (0x01aa84a3) sb      s10, 9(s5)
core   0: 3 0x80002658 (0x01aa84a3) mem 0x80010ca1 0xe0
core   0: 0x8000265c (0xffaa9903) lh      s2, -6(s5)
core   0: 3 0x8000265c (0xffaa9903) x18 0x00002843 mem 0x80010c92
core   0: 0x80002660 (0x0000d03e) c.swsp  a5, 32(sp)
core   0: 3 0x80002660 (0xd03e) mem 0x80016fc8 0x80025e64
core   0: 0x80002662 (0x0000c402) c.swsp  zero, 8(sp)
core   0: 3 0x80002662 (0xc402) mem 0x80016fb0 0x00000000
core   0: 0x80002664 (0xff4a8da3) sb      s4, -5(s5)
core   0: 3 0x80002664 (0xff4a8da3) mem 0x80010c93 0xf0
core   0: 0x80002668 (0xff7a8203) lb      tp, -9(s5)
core   0: 3 0x80002668 (0xff7a8203) x 4 0x0000000d mem 0x80010c8f
core   0: 0x8000266c (0xfe215703) lhu     a4, -30(sp)
core   0: 3 0x8000266c (0xfe215703) x14 0x0000d758 mem 0x80016f8a
core   0: 0x80002670 (0x012a81a3) sb      s2, 3(s5)
core   0: 3 0x80002670 (0x012a81a3) mem 0x80010c9b 0x43
core   0: 0x80002674 (0x00018f97) auipc   t6, 0x18
core   0: 3 0x80002674 (0x00018f97) x31 0x8001a674
core   0: 0x80002678 (0x3a7f8f93) addi    t6, t6, 935
core   0: 3 0x80002678 (0x3a7f8f93) x31 0x8001aa1b
core   0: 0x8000267c (0x0000e997) auipc   s3, 0xe
core   0: 3 0x8000267c (0x0000e997) x19 0x8001067c
core   0: 0x80002680 (0xb7a98993) addi    s3, s3, -1158
core   0: 3 0x80002680 (0xb7a98993) x19 0x800101f6
core   0: 0x80002684 (0x00ff8c83) lb      s9, 15(t6)
core   0: 3 0x80002684 (0x00ff8c83) x25 0xffffff8c mem 0x8001aa2a
core   0: 0x80002688 (0xfd5984a3) sb      s5, -55(s3)
core   0: 3 0x80002688 (0xfd5984a3) mem 0x800101bf 0x98
core   0: 0x8000268c (0xffbf8b83) lb      s7, -5(t6)
core   0: 3 0x8000268c (0xffbf8b83) x23 0x00000013 mem 0x8001aa16
core   0: 0x80002690 (0x00198da3) sb      ra, 27(s3)
core   0: 3 0x80002690 (0x00198da3) mem 0x80010211 0x10
core   0: 0x80002694 (0x001f90a3) sh      ra, 1(t6)
core   0: 3 0x80002694 (0x001f90a3) mem 0x8001aa1c 0x2610
core   0: 0x80002698 (0x008f96a3) sh      s0, 13(t6)
core   0: 3 0x80002698 (0x008f96a3) mem 0x8001aa28 0x0000
core   0: 0x8000269c (0xfc1982a3) sb      ra, -59(s3)
core   0: 3 0x8000269c (0xfc1982a3) mem 0x800101bb 0x10
core   0: 0x800026a0 (0x01cfa0a3) sw      t3, 1(t6)
core   0: 3 0x800026a0 (0x01cfa0a3) mem 0x8001aa1c 0x000000f0
core   0: 0x800026a4 (0x007f8223) sb      t2, 4(t6)
core   0: 3 0x800026a4 (0x007f8223) mem 0x8001aa1f 0x0
core   0: 0x800026a8 (0xff998403) lb      s0, -7(s3)
core   0: 3 0x800026a8 (0xff998403) x 8 0xffffffc5 mem 0x800101ef
core   0: 0x800026ac (0xfc4982a3) sb      tp, -59(s3)
core   0: 3 0x800026ac (0xfc4982a3) mem 0x800101bb 0xd
core   0: 0x800026b0 (0xffbf8683) lb      a3, -5(t6)
core   0: 3 0x800026b0 (0xffbf8683) x13 0x00000013 mem 0x8001aa16
core   0: 0x800026b4 (0xff8fc203) lbu     tp, -8(t6)
core   0: 3 0x800026b4 (0xff8fc203) x 4 0x00000055 mem 0x8001aa13
core   0: 0x800026b8 (0xfc398aa3) sb      gp, -43(s3)
core   0: 3 0x800026b8 (0xfc398aa3) mem 0x800101cb 0x26
core   0: 0x800026bc (0x004fc403) lbu     s0, 4(t6)
core   0: 3 0x800026bc (0x004fc403) x 8 0x00000000 mem 0x8001aa1f
core   0: 0x800026c0 (0xfe29da83) lhu     s5, -30(s3)
core   0: 3 0x800026c0 (0xfe29da83) x21 0x0000bbf0 mem 0x800101d8
core   0: 0x800026c4 (0x00f98803) lb      a6, 15(s3)
core   0: 3 0x800026c4 (0x00f98803) x16 0x00000042 mem 0x80010205
core   0: 0x800026c8 (0x0001d717) auipc   a4, 0x1d
core   0: 3 0x800026c8 (0x0001d717) x14 0x8001f6c8
core   0: 0x800026cc (0x1a270713) addi    a4, a4, 418
core   0: 3 0x800026cc (0x1a270713) x14 0x8001f86a
core   0: 0x800026d0 (0x0000ea97) auipc   s5, 0xe
core   0: 3 0x800026d0 (0x0000ea97) x21 0x800106d0
core   0: 0x800026d4 (0x116a8a93) addi    s5, s5, 278
core   0: 3 0x800026d4 (0x116a8a93) x21 0x800107e6
core   0: 0x800026d8 (0x027a87a3) sb      t2, 47(s5)
core   0: 3 0x800026d8 (0x027a87a3) mem 0x80010815 0x0
core   0: 0x800026dc (0x00474d03) lbu     s10, 4(a4)
core   0: 3 0x800026dc (0x00474d03) x26 0x000000e5 mem 0x8001f86e
core   0: 0x800026e0 (0x00f70ba3) sb      a5, 23(a4)
core   0: 3 0x800026e0 (0x00f70ba3) mem 0x8001f881 0x64
core   0: 0x800026e4 (0x07ca8ba3) sb      t3, 119(s5)
core   0: 3 0x800026e4 (0x07ca8ba3) mem 0x8001085d 0xf0
core   0: 0x800026e8 (0xfe5a8f83) lb      t6, -27(s5)
core   0: 3 0x800026e8 (0xfe5a8f83) x31 0xffffffd1 mem 0x800107cb
core   0: 0x800026ec (0xf54a8e23) sb      s4, -164(s5)
core   0: 3 0x800026ec (0xf54a8e23) mem 0x80010742 0xf0
core   0: 0x800026f0 (0xf43a8f03) lb      t5, -189(s5)
core   0: 3 0x800026f0 (0xf43a8f03) x30 0x00000003 mem 0x80010729
core   0: 0x800026f4 (0xf5da8623) sb      t4, -180(s5)
core   0: 3 0x800026f4 (0xf5da8623) mem 0x80010732 0x0
core   0: 0x800026f8 (0xf57a9423) sh      s7, -184(s5)
core   0: 3 0x800026f8 (0xf57a9423) mem 0x8001072e 0x0013
core   0: 0x800026fc (0x0b7a83a3) sb      s7, 167(s5)
core   0: 3 0x800026fc (0x0b7a83a3) mem 0x8001088d 0x13
core   0: 0x80002700 (0x01974583) lbu     a1, 25(a4)
core   0: 3 0x80002700 (0x01974583) x11 0x0000007d mem 0x8001f883
core   0: 0x80002704 (0x03670203) lb      tp, 54(a4)
core   0: 3 0x80002704 (0x03670203) x 4 0x00000032 mem 0x8001f8a0
core   0: 0x80002708 (0xfbda9823) sh      t4, -80(s5)
core   0: 3 0x80002708 (0xfbda9823) mem 0x80010796 0x0000
core   0: 0x8000270c (0x01471903) lh      s2, 20(a4)
core   0: 3 0x8000270c (0x01471903) x18 0x00005cde mem 0x8001f87e
core   0: 0x80002710 (0x03da8aa3) sb      t4, 53(s5)
core   0: 3 0x80002710 (0x03da8aa3) mem 0x8001081b 0x0
core   0: 0x80002714 (0x00c0036f) jal     t1, pc + 0xc
core   0: 3 0x80002714 (0x00c0036f) x 6 0x80002718
core   0: 0x80002720 (0x00003fed) c.jal   pc - 6
core   0: 3 0x80002720 (0x3fed) x 1 0x80002722
core   0: 0x8000271a (0x00002801) c.jal   pc + 16
core   0: 3 0x8000271a (0x2801) x 1 0x8000271c
core   0: 0x8000272a (0x00a000ef) jal     pc + 0xa
core   0: 3 0x8000272a (0x00a000ef) x 1 0x8000272e
core   0: 0x80002734 (0xfebff36f) jal     t1, pc - 0x16
core   0: 3 0x80002734 (0xfebff36f) x 6 0x80002738
core   0: 0x8000271e (0x0000bffd) c.j     pc - 2
core   0: 3 0x8000271e (0xbffd)
core   0: 0x8000271c (0x0000a029) c.j     pc + 10
core   0: 3 0x8000271c (0xa029)
core   0: 0x80002726 (0x00003ff5) c.jal   pc - 4
core   0: 3 0x80002726 (0x3ff5) x 1 0x80002728
core   0: 0x80002722 (0x00002019) c.jal   pc + 6
core   0: 3 0x80002722 (0x2019) x 1 0x80002724
core   0: 0x80002728 (0x00002801) c.jal   pc + 16
core   0: 3 0x80002728 (0x2801) x 1 0x8000272a
core   0: 0x80002738 (0xff9ff0ef) jal     pc - 0x8
core   0: 3 0x80002738 (0xff9ff0ef) x 1 0x8000273c
core   0: 0x80002730 (0xfe9ff0ef) jal     pc - 0x18
core   0: 3 0x80002730 (0xfe9ff0ef) x 1 0x80002734
core   0: 0x80002718 (0x00002819) c.jal   pc + 22
core   0: 3 0x80002718 (0x2819) x 1 0x8000271a
core   0: 0x8000272e (0x0000bfdd) c.j     pc - 10
core   0: 3 0x8000272e (0xbfdd)
core   0: 0x80002724 (0x00002821) c.jal   pc + 24
core   0: 3 0x80002724 (0x2821) x 1 0x80002726
core   0: 0x8000273c (0x00e4a733) slt     a4, s1, a4
core   0: 3 0x8000273c (0x00e4a733) x14 0x00000000
core   0: 0x80002740 (0x0001e117) auipc   sp, 0x1e
core   0: 3 0x80002740 (0x0001e117) x 2 0x80020740
core   0: 0x80002744 (0x90910113) addi    sp, sp, -1783
core   0: 3 0x80002744 (0x90910113) x 2 0x80020049
core   0: 0x80002748 (0x1bc10903) lb      s2, 444(sp)
core   0: 3 0x80002748 (0x1bc10903) x18 0x0000007d mem 0x80020205
core   0: 0x8000274c (0x00008c3d) c.xor   s0, a5
core   0: 3 0x8000274c (0x8c3d) x 8 0x80025e64
core   0: 0x8000274e (0x39d10803) lb      a6, 925(sp)
core   0: 3 0x8000274e (0x39d10803) x16 0x00000039 mem 0x800203e6
core   0: 0x80002752 (0x54d10d03) lb      s10, 1357(sp)
core   0: 3 0x80002752 (0x54d10d03) x26 0xffffffdf mem 0x80020596
core   0: 0x80002756 (0xde311d83) lh      s11, -541(sp)
core   0: 3 0x80002756 (0xde311d83) x27 0x00000add mem 0x8001fe2c
core   0: 0x8000275a (0xdf310323) sb      s3, -538(sp)
core   0: 3 0x8000275a (0xdf310323) mem 0x8001fe2f 0xf6
core   0: 0x8000275e (0xd78107a3) sb      s8, -657(sp)
core   0: 3 0x8000275e (0xd78107a3) mem 0x8001fdb8 0x0
core   0: 0x80002762 (0x7c23ae13) slti    t3, t2, 1986
core   0: 3 0x80002762 (0x7c23ae13) x28 0x00000001
core   0: 0x80002766 (0xaecf7293) andi    t0, t5, -1300
core   0: 3 0x80002766 (0xaecf7293) x 5 0x00000000
core   0: 0x8000276a (0xe9214b03) lbu     s6, -366(sp)
core   0: 3 0x8000276a (0xe9214b03) x22 0x00000009 mem 0x8001fedb
core   0: 0x8000276e (0xf7710f23) sb      s7, -130(sp)
core   0: 3 0x8000276e (0xf7710f23) mem 0x8001ffc7 0x13
core   0: 0x80002772 (0x000086e5) c.srai  a3, 25
core   0: 3 0x80002772 (0x86e5) x13 0x00000000
core   0: 0x80002774 (0xfac14c83) lbu     s9, -84(sp)
core   0: 3 0x80002774 (0xfac14c83) x25 0x000000f1 mem 0x8001fff5
core   0: 0x80002778 (0x64d10723) sb      a3, 1614(sp)
core   0: 3 0x80002778 (0x64d10723) mem 0x80020697 0x0
core   0: 0x8000277c (0x64e14803) lbu     a6, 1614(sp)
core   0: 3 0x8000277c (0x64e14803) x16 0x00000000 mem 0x80020697
core   0: 0x80002780 (0xa5110923) sb      a7, -1454(sp)
core   0: 3 0x80002780 (0xa5110923) mem 0x8001fa9b 0x13
core   0: 0x80002784 (0xa66d3c93) sltiu   s9, s10, -1434
core   0: 3 0x80002784 (0xa66d3c93) x25 0x00000000
core   0: 0x80002788 (0xa5210e03) lb      t3, -1454(sp)
core   0: 3 0x80002788 (0xa5210e03) x28 0x00000013 mem 0x8001fa9b
core   0: 0x8000278c (0xa5210303) lb      t1, -1454(sp)
core   0: 3 0x8000278c (0xa5210303) x 6 0x00000013 mem 0x8001fa9b
core   0: 0x80002790 (0x8df114a3) sh      t6, -1847(sp)
core   0: 3 0x80002790 (0x8df114a3) mem 0x8001f912 0xffd1
core   0: 0x80002794 (0xe7e14d83) lbu     s11, -386(sp)
core   0: 3 0x80002794 (0xe7e14d83) x27 0x000000ba mem 0x8001fec7
core   0: 0x80002798 (0x47810d83) lb      s11, 1144(sp)
core   0: 3 0x80002798 (0x47810d83) x27 0xffffffd8 mem 0x800204c1
core   0: 0x8000279c (0x47810e03) lb      t3, 1144(sp)
core   0: 3 0x8000279c (0x47810e03) x28 0xffffffd8 mem 0x800204c1
core   0: 0x800027a0 (0x00012117) auipc   sp, 0x12
core   0: 3 0x800027a0 (0x00012117) x 2 0x800147a0
core   0: 0x800027a4 (0xfce10113) addi    sp, sp, -50
core   0: 3 0x800027a4 (0xfce10113) x 2 0x8001476e
core   0: 0x800027a8 (0x009106a3) sb      s1, 13(sp)
core   0: 3 0x800027a8 (0x009106a3) mem 0x8001477b 0x0
core   0: 0x800027ac (0x001e5b13) srli    s6, t3, 1
core   0: 3 0x800027ac (0x001e5b13) x22 0x7fffffec
core   0: 0x800027b0 (0x0ff0000f) fence   iorw,iorw
core   0: 3 0x800027b0 (0x0ff0000f)
core   0: 0x800027b4 (0x00014a83) lbu     s5, 0(sp)
core   0: 3 0x800027b4 (0x00014a83) x21 0x000000a2 mem 0x8001476e
core   0: 0x800027b8 (0xffd14003) lbu     zero, -3(sp)
core   0: 3 0x800027b8 (0xffd14003) mem 0x8001476b
core   0: 0x800027bc (0xffd14803) lbu     a6, -3(sp)
core   0: 3 0x800027bc (0xffd14803) x16 0x00000042 mem 0x8001476b
core   0: 0x800027c0 (0xffb10ea3) sb      s11, -3(sp)
core   0: 3 0x800027c0 (0xffb10ea3) mem 0x8001476b 0xd8
core   0: 0x800027c4 (0x00aaff33) and     t5, s5, a0
core   0: 3 0x800027c4 (0x00aaff33) x30 0x00000000
core   0: 0x800027c8 (0x0000872e) c.mv    a4, a1
core   0: 3 0x800027c8 (0x872e) x14 0x0000007d
core   0: 0x800027ca (0xffd14483) lbu     s1, -3(sp)
core   0: 3 0x800027ca (0xffd14483) x 9 0x000000d8 mem 0x8001476b
core   0: 0x800027ce (0x00510a83) lb      s5, 5(sp)
core   0: 3 0x800027ce (0x00510a83) x21 0x00000010 mem 0x80014773
core   0: 0x800027d2 (0xff314383) lbu     t2, -13(sp)
core   0: 3 0x800027d2 (0xff314383) x 7 0x0000001c mem 0x80014761
core   0: 0x800027d6 (0xfea109a3) sb      a0, -13(sp)
core   0: 3 0x800027d6 (0xfea109a3) mem 0x80014761 0x0
core   0: 0x800027da (0xffe12583) lw      a1, -2(sp)
core   0: 3 0x800027da (0xffe12583) x11 0xd9a25e48 mem 0x8001476c
core   0: 0x800027de (0xffe14083) lbu     ra, -2(sp)
core   0: 3 0x800027de (0xffe14083) x 1 0x00000048 mem 0x8001476c
core   0: 0x800027e2 (0x013e7e33) and     t3, t3, s3
core   0: 3 0x800027e2 (0x013e7e33) x28 0x800101d0
core   0: 0x800027e6 (0xff710683) lb      a3, -9(sp)
core   0: 3 0x800027e6 (0xff710683) x13 0x00000007 mem 0x80014765
core   0: 0x800027ea (0x0000e897) auipc   a7, 0xe
core   0: 3 0x800027ea (0x0000e897) x17 0x800107ea
core   0: 0x800027ee (0xa9788893) addi    a7, a7, -1385
core   0: 3 0x800027ee (0xa9788893) x17 0x80010281
core   0: 0x800027f2 (0x00e8ca03) lbu     s4, 14(a7)
core   0: 3 0x800027f2 (0x00e8ca03) x20 0x000000d7 mem 0x8001028f
core   0: 0x800027f6 (0x00015b17) auipc   s6, 0x15
core   0: 3 0x800027f6 (0x00015b17) x22 0x800177f6
core   0: 0x800027fa (0x6a7b0b13) addi    s6, s6, 1703
core   0: 3 0x800027fa (0x6a7b0b13) x22 0x80017e9d
core   0: 0x800027fe (0x00488323) sb      tp, 6(a7)
core   0: 3 0x800027fe (0x00488323) mem 0x80010287 0x32
core   0: 0x80002802 (0x74cb4483) lbu     s1, 1868(s6)
core   0: 3 0x80002802 (0x74cb4483) x 9 0x000000e4 mem 0x800185e9
core   0: 0x80002806 (0xf2eb4583) lbu     a1, -210(s6)
core   0: 3 0x80002806 (0xf2eb4583) x11 0x000000a0 mem 0x80017dcb
core   0: 0x8000280a (0xffd8c803) lbu     a6, -3(a7)
core   0: 3 0x8000280a (0xffd8c803) x16 0x00000009 mem 0x8001027e
core   0: 0x8000280e (0x8b8b02a3) sb      s8, -1883(s6)
core   0: 3 0x8000280e (0x8b8b02a3) mem 0x80017742 0x0
core   0: 0x80002812 (0x00e8cf83) lbu     t6, 14(a7)
core   0: 3 0x80002812 (0x00e8cf83) x31 0x000000d7 mem 0x8001028f
core   0: 0x80002816 (0x725b0d03) lb      s10, 1829(s6)
core   0: 3 0x80002816 (0x725b0d03) x26 0xffffffaa mem 0x800185c2
core   0: 0x8000281a (0xff98d703) lhu     a4, -7(a7)
core   0: 3 0x8000281a (0xff98d703) x14 0x000079f5 mem 0x8001027a
core   0: 0x8000281e (0xda0b0523) sb      zero, -598(s6)
core   0: 3 0x8000281e (0xda0b0523) mem 0x80017c47 0x0
core   0: 0x80002822 (0xe24b0023) sb      tp, -480(s6)
core   0: 3 0x80002822 (0xe24b0023) mem 0x80017cbd 0x32
core   0: 0x80002826 (0xdadb5003) lhu     zero, -595(s6)
core   0: 3 0x80002826 (0xdadb5003) mem 0x80017c4a
core   0: 0x8000282a (0x00988383) lb      t2, 9(a7)
core   0: 3 0x8000282a (0x00988383) x 7 0x00000048 mem 0x8001028a
core   0: 0x8000282e (0xffb88ea3) sb      s11, -3(a7)
core   0: 3 0x8000282e (0xffb88ea3) mem 0x8001027e 0xd8
core   0: 0x80002832 (0x1bcb0303) lb      t1, 444(s6)
core   0: 3 0x80002832 (0x1bcb0303) x 6 0x0000007a mem 0x80018059
core   0: 0x80002836 (0x00a00a13) li      s4, 10
core   0: 3 0x80002836 (0x00a00a13) x20 0x0000000a
core   0: 0x8000283a (0x00008e95) c.sub   a3, a3
core   0: 3 0x8000283a (0x8e95) x13 0x00000000
core   0: 0x8000283c (0x0000100f) fence.i
core   0: 3 0x8000283c (0x0000100f)
core   0: 0x80002840 (0x0000848e) c.mv    s1, gp
core   0: 3 0x80002840 (0x848e) x 9 0x00000026
core   0: 0x80002842 (0x00700d13) li      s10, 7
core   0: 3 0x80002842 (0x00700d13) x26 0x00000007
core   0: 0x80002846 (0x000056fd) c.li    a3, -1
core   0: 3 0x80002846 (0x56fd) x13 0xffffffff
core   0: 0x80002848 (0x0000987d) c.andi  s0, -1
core   0: 3 0x80002848 (0x987d) x 8 0x80025e64
core   0: 0x8000284a (0x00001a79) c.addi  s4, -2
core   0: 3 0x8000284a (0x1a79) x20 0x00000008
core   0: 0x8000284c (0x0385e6b3) rem     a3, a1, s8
core   0: 3 0x8000284c (0x0385e6b3) x13 0x000000a0
core   0: 0x80002850 (0x478e0f93) addi    t6, t3, 1144
core   0: 3 0x80002850 (0x478e0f93) x31 0x80010648
core   0: 0x80002854 (0xffd00c93) li      s9, -3
core   0: 3 0x80002854 (0xffd00c93) x25 0xfffffffd
core   0: 0x80002858 (0x00400113) li      sp, 4
core   0: 3 0x80002858 (0x00400113) x 2 0x00000004
core   0: 0x8000285c (0x00299e13) slli    t3, s3, 2
core   0: 3 0x8000285c (0x00299e13) x28 0x000407d8
core   0: 0x80002860 (0x031678b3) remu    a7, a2, a7
core   0: 3 0x80002860 (0x031678b3) x17 0x00019a63
core   0: 0x80002864 (0x91f76c13) ori     s8, a4, -1761
core   0: 3 0x80002864 (0x91f76c13) x24 0xfffff9ff
core   0: 0x80002868 (0x01112533) slt     a0, sp, a7
core   0: 3 0x80002868 (0x01112533) x10 0x00000001
core   0: 0x8000286c (0x0164bc33) sltu    s8, s1, s6
core   0: 3 0x8000286c (0x0164bc33) x24 0x00000001
core   0: 0x80002870 (0x40fad3b3) sra     t2, s5, a5
core   0: 3 0x80002870 (0x40fad3b3) x 7 0x00000001
core   0: 0x80002874 (0x00000001) c.nop
core   0: 3 0x80002874 (0x0001)
core   0: 0x80002876 (0x667f7193) andi    gp, t5, 1639
core   0: 3 0x80002876 (0x667f7193) x 3 0x00000000
core   0: 0x8000287a (0x0000899e) c.mv    s3, t2
core   0: 3 0x8000287a (0x899e) x19 0x00000001
core   0: 0x8000287c (0x00000ca9) c.addi  s9, 10
core   0: 3 0x8000287c (0x0ca9) x25 0x00000007
core   0: 0x8000287e (0x03f49933) mulh    s2, s1, t6
core   0: 3 0x8000287e (0x03f49933) x18 0xffffffed
core   0: 0x80002882 (0xfc2cefe3) bltu    s9, sp, pc - 34
core   0: 3 0x80002882 (0xfc2cefe3)
core   0: 0x80002886 (0x00008ee1) c.and   a3, s0
core   0: 3 0x80002886 (0x8ee1) x13 0x00000020
core   0: 0x80002888 (0x09176f93) ori     t6, a4, 145
core   0: 3 0x80002888 (0x09176f93) x31 0x000079f5
core   0: 0x8000288c (0x0086cf33) xor     t5, a3, s0
core   0: 3 0x8000288c (0x0086cf33) x30 0x80025e44
core   0: 0x80002890 (0xfbaa7be3) bgeu    s4, s10, pc - 74
core   0: 3 0x80002890 (0xfbaa7be3)
core   0: 0x80002846 (0x000056fd) c.li    a3, -1
core   0: 3 0x80002846 (0x56fd) x13 0xffffffff
core   0: 0x80002848 (0x0000987d) c.andi  s0, -1
core   0: 3 0x80002848 (0x987d) x 8 0x80025e64
core   0: 0x8000284a (0x00001a79) c.addi  s4, -2
core   0: 3 0x8000284a (0x1a79) x20 0x00000006
core   0: 0x8000284c (0x0385e6b3) rem     a3, a1, s8
core   0: 3 0x8000284c (0x0385e6b3) x13 0x00000000
core   0: 0x80002850 (0x478e0f93) addi    t6, t3, 1144
core   0: 3 0x80002850 (0x478e0f93) x31 0x00040c50
core   0: 0x80002854 (0xffd00c93) li      s9, -3
core   0: 3 0x80002854 (0xffd00c93) x25 0xfffffffd
core   0: 0x80002858 (0x00400113) li      sp, 4
core   0: 3 0x80002858 (0x00400113) x 2 0x00000004
core   0: 0x8000285c (0x00299e13) slli    t3, s3, 2
core   0: 3 0x8000285c (0x00299e13) x28 0x00000004
core   0: 0x80002860 (0x031678b3) remu    a7, a2, a7
core   0: 3 0x80002860 (0x031678b3) x17 0x00009796
core   0: 0x80002864 (0x91f76c13) ori     s8, a4, -1761
core   0: 3 0x80002864 (0x91f76c13) x24 0xfffff9ff
core   0: 0x80002868 (0x01112533) slt     a0, sp, a7
core   0: 3 0x80002868 (0x01112533) x10 0x00000001
core   0: 0x8000286c (0x0164bc33) sltu    s8, s1, s6
core   0: 3 0x8000286c (0x0164bc33) x24 0x00000001
core   0: 0x80002870 (0x40fad3b3) sra     t2, s5, a5
core   0: 3 0x80002870 (0x40fad3b3) x 7 0x00000001
core   0: 0x80002874 (0x00000001) c.nop
core   0: 3 0x80002874 (0x0001)
core   0: 0x80002876 (0x667f7193) andi    gp, t5, 1639
core   0: 3 0x80002876 (0x667f7193) x 3 0x00000644
core   0: 0x8000287a (0x0000899e) c.mv    s3, t2
core   0: 3 0x8000287a (0x899e) x19 0x00000001
core   0: 0x8000287c (0x00000ca9) c.addi  s9, 10
core   0: 3 0x8000287c (0x0ca9) x25 0x00000007
core   0: 0x8000287e (0x03f49933) mulh    s2, s1, t6
core   0: 3 0x8000287e (0x03f49933) x18 0x00000000
core   0: 0x80002882 (0xfc2cefe3) bltu    s9, sp, pc - 34
core   0: 3 0x80002882 (0xfc2cefe3)
core   0: 0x80002886 (0x00008ee1) c.and   a3, s0
core   0: 3 0x80002886 (0x8ee1) x13 0x00000000
core   0: 0x80002888 (0x09176f93) ori     t6, a4, 145
core   0: 3 0x80002888 (0x09176f93) x31 0x000079f5
core   0: 0x8000288c (0x0086cf33) xor     t5, a3, s0
core   0: 3 0x8000288c (0x0086cf33) x30 0x80025e64
core   0: 0x80002890 (0xfbaa7be3) bgeu    s4, s10, pc - 74
core   0: 3 0x80002890 (0xfbaa7be3)
core   0: 0x80002894 (0x0000854d) c.srai  a0, 19
core   0: 3 0x80002894 (0x854d) x10 0x00000000
core   0: 0x80002896 (0x00013097) auipc   ra, 0x13
core   0: 3 0x80002896 (0x00013097) x 1 0x80015896
core   0: 0x8000289a (0x0ad08093) addi    ra, ra, 173
core   0: 3 0x8000289a (0x0ad08093) x 1 0x80015943
core   0: 0x8000289e (0x00016e17) auipc   t3, 0x16
core   0: 3 0x8000289e (0x00016e17) x28 0x8001889e
core   0: 0x800028a2 (0x651e0e13) addi    t3, t3, 1617
core   0: 3 0x800028a2 (0x651e0e13) x28 0x80018eef
core   0: 0x800028a6 (0xfa5e5a83) lhu     s5, -91(t3)
core   0: 3 0x800028a6 (0xfa5e5a83) x21 0x000064cb mem 0x80018e94
core   0: 0x800028aa (0x0f10d303) lhu     t1, 241(ra)
core   0: 3 0x800028aa (0x0f10d303) x 6 0x00000c95 mem 0x80015a34
core   0: 0x800028ae (0xf45e4c03) lbu     s8, -187(t3)
core   0: 3 0x800028ae (0xf45e4c03) x24 0x0000005a mem 0x80018e34
core   0: 0x800028b2 (0x0b608583) lb      a1, 182(ra)
core   0: 3 0x800028b2 (0x0b608583) x11 0x00000073 mem 0x800159f9
core   0: 0x800028b6 (0xf81e0b23) sb      ra, -106(t3)
core   0: 3 0x800028b6 (0xf81e0b23) mem 0x80018e85 0x43
core   0: 0x800028ba (0xf32e4803) lbu     a6, -206(t3)
core   0: 3 0x800028ba (0xf32e4803) x16 0x00000037 mem 0x80018e21
core   0: 0x800028be (0xf54091a3) sh      s4, -189(ra)
core   0: 3 0x800028be (0xf54091a3) mem 0x80015886 0x0006
core   0: 0x800028c2 (0xf660cf83) lbu     t6, -154(ra)
core   0: 3 0x800028c2 (0xf660cf83) x31 0x0000009d mem 0x800158a9
core   0: 0x800028c6 (0x08c099a3) sh      a2, 147(ra)
core   0: 3 0x800028c6 (0x08c099a3) mem 0x800159d6 0x9ce4
core   0: 0x800028ca (0xf32e0d23) sb      s2, -198(t3)
core   0: 3 0x800028ca (0xf32e0d23) mem 0x80018e29 0x0
core   0: 0x800028ce (0x0000ed97) auipc   s11, 0xe
core   0: 3 0x800028ce (0x0000ed97) x27 0x800108ce
core   0: 0x800028d2 (0xc71d8d93) addi    s11, s11, -911
core   0: 3 0x800028d2 (0xc71d8d93) x27 0x8001053f
core   0: 0x800028d6 (0x00000001) c.nop
core   0: 3 0x800028d6 (0x0001)
core   0: 0x800028d8 (0x00000001) c.nop
core   0: 3 0x800028d8 (0x0001)
core   0: 0x800028da (0xffadc503) lbu     a0, -6(s11)
core   0: 3 0x800028da (0xffadc503) x10 0x000000bd mem 0x80010539
core   0: 0x800028de (0x003dd383) lhu     t2, 3(s11)
core   0: 3 0x800028de (0x003dd383) x 7 0x00006065 mem 0x80010542
core   0: 0x800028e2 (0x00fd81a3) sb      a5, 3(s11)
core   0: 3 0x800028e2 (0x00fd81a3) mem 0x80010542 0x64
core   0: 0x800028e6 (0x003d9183) lh      gp, 3(s11)
core   0: 3 0x800028e6 (0x003d9183) x 3 0x00006064 mem 0x80010542
core   0: 0x800028ea (0x006d81a3) sb      t1, 3(s11)
core   0: 3 0x800028ea (0x006d81a3) mem 0x80010542 0x95
core   0: 0x800028ee (0x003d8803) lb      a6, 3(s11)
core   0: 3 0x800028ee (0x003d8803) x16 0xffffff95 mem 0x80010542
core   0: 0x800028f2 (0x000d91a3) sh      zero, 3(s11)
core   0: 3 0x800028f2 (0x000d91a3) mem 0x80010542 0x0000
core   0: 0x800028f6 (0x003d9a83) lh      s5, 3(s11)
core   0: 3 0x800028f6 (0x003d9a83) x21 0x00000000 mem 0x80010542
core   0: 0x800028fa (0x002d8583) lb      a1, 2(s11)
core   0: 3 0x800028fa (0x002d8583) x11 0xffffffb9 mem 0x80010541
core   0: 0x800028fe (0x00d3d2b3) srl     t0, t2, a3
core   0: 3 0x800028fe (0x00d3d2b3) x 5 0x00006065
core   0: 0x80002902 (0x000046d9) c.li    a3, 22
core   0: 3 0x80002902 (0x46d9) x13 0x00000016
core   0: 0x80002904 (0x002dc303) lbu     t1, 2(s11)
core   0: 3 0x80002904 (0x002dc303) x 6 0x000000b9 mem 0x80010541
core   0: 0x80002908 (0x002dca03) lbu     s4, 2(s11)
core   0: 3 0x80002908 (0x002dca03) x20 0x000000b9 mem 0x80010541
core   0: 0x8000290c (0x0085b433) sltu    s0, a1, s0
core   0: 3 0x8000290c (0x0085b433) x 8 0x00000000
core   0: 0x80002910 (0x002d8583) lb      a1, 2(s11)
core   0: 3 0x80002910 (0x002d8583) x11 0xffffffb9 mem 0x80010541
core   0: 0x80002914 (0x67d0fe13) andi    t3, ra, 1661
core   0: 3 0x80002914 (0x67d0fe13) x28 0x00000041
core   0: 0x80002918 (0x003d8123) sb      gp, 2(s11)
core   0: 3 0x80002918 (0x003d8123) mem 0x80010541 0x64
core   0: 0x8000291c (0x008d8123) sb      s0, 2(s11)
core   0: 3 0x8000291c (0x008d8123) mem 0x80010541 0x0
core   0: 0x80002920 (0x00600593) li      a1, 6
core   0: 3 0x80002920 (0x00600593) x11 0x00000006
core   0: 0x80002924 (0x00008f09) c.sub   a4, a0
core   0: 3 0x80002924 (0x8f09) x14 0x00007938
core   0: 0x80002926 (0x02100bb3) mul     s7, zero, ra
core   0: 3 0x80002926 (0x02100bb3) x23 0x00000000
core   0: 0x8000292a (0x02902533) mulhsu  a0, zero, s1
core   0: 3 0x8000292a (0x02902533) x10 0x00000000
core   0: 0x8000292e (0x00b00d13) li      s10, 11
core   0: 3 0x8000292e (0x00b00d13) x26 0x0000000b
core   0: 0x80002932 (0x009d3533) sltu    a0, s10, s1
core   0: 3 0x80002932 (0x009d3533) x10 0x00000001
core   0: 0x80002936 (0x01acfab3) and     s5, s9, s10
core   0: 3 0x80002936 (0x01acfab3) x21 0x00000003
core   0: 0x8000293a (0x024216b3) mulh    a3, tp, tp
core   0: 3 0x8000293a (0x024216b3) x13 0x00000000
core   0: 0x8000293e (0x0000117d) c.addi  sp, -1
core   0: 3 0x8000293e (0x117d) x 2 0x00000003
core   0: 0x80002940 (0x00000585) c.addi  a1, 1
core   0: 3 0x80002940 (0x0585) x11 0x00000007
core   0: 0x80002942 (0xffa5cee3) blt     a1, s10, pc - 4
core   0: 3 0x80002942 (0xffa5cee3)
core   0: 0x8000293e (0x0000117d) c.addi  sp, -1
core   0: 3 0x8000293e (0x117d) x 2 0x00000002
core   0: 0x80002940 (0x00000585) c.addi  a1, 1
core   0: 3 0x80002940 (0x0585) x11 0x00000008
core   0: 0x80002942 (0xffa5cee3) blt     a1, s10, pc - 4
core   0: 3 0x80002942 (0xffa5cee3)
core   0: 0x8000293e (0x0000117d) c.addi  sp, -1
core   0: 3 0x8000293e (0x117d) x 2 0x00000001
core   0: 0x80002940 (0x00000585) c.addi  a1, 1
core   0: 3 0x80002940 (0x0585) x11 0x00000009
core   0: 0x80002942 (0xffa5cee3) blt     a1, s10, pc - 4
core   0: 3 0x80002942 (0xffa5cee3)
core   0: 0x8000293e (0x0000117d) c.addi  sp, -1
core   0: 3 0x8000293e (0x117d) x 2 0x00000000
core   0: 0x80002940 (0x00000585) c.addi  a1, 1
core   0: 3 0x80002940 (0x0585) x11 0x0000000a
core   0: 0x80002942 (0xffa5cee3) blt     a1, s10, pc - 4
core   0: 3 0x80002942 (0xffa5cee3)
core   0: 0x8000293e (0x0000117d) c.addi  sp, -1
core   0: 3 0x8000293e (0x117d) x 2 0xffffffff
core   0: 0x80002940 (0x00000585) c.addi  a1, 1
core   0: 3 0x80002940 (0x0585) x11 0x0000000b
core   0: 0x80002942 (0xffa5cee3) blt     a1, s10, pc - 4
core   0: 3 0x80002942 (0xffa5cee3)
core   0: 0x80002946 (0x00f496b3) sll     a3, s1, a5
core   0: 3 0x80002946 (0x00f496b3) x13 0x00000260
core   0: 0x8000294a (0xffa00713) li      a4, -6
core   0: 3 0x8000294a (0xffa00713) x14 0xfffffffa
core   0: 0x8000294e (0x00000001) c.nop
core   0: 3 0x8000294e (0x0001)
core   0: 0x80002950 (0x03228db3) mul     s11, t0, s2
core   0: 3 0x80002950 (0x03228db3) x27 0x00000000
core   0: 0x80002954 (0x00000705) c.addi  a4, 1
core   0: 3 0x80002954 (0x0705) x14 0xfffffffb
core   0: 0x80002956 (0x41f650b3) sra     ra, a2, t6
core   0: 3 0x80002956 (0x41f650b3) x 1 0xfffffffc
core   0: 0x8000295a (0x026a9fb3) mulh    t6, s5, t1
core   0: 3 0x8000295a (0x026a9fb3) x31 0x00000000
core   0: 0x8000295e (0x0000db6d) c.beqz  a4, pc - 14
core   0: 3 0x8000295e (0xdb6d)
core   0: 0x80002960 (0x00000001) c.nop
core   0: 3 0x80002960 (0x0001)
core   0: 0x80002962 (0x0000e517) auipc   a0, 0xe
core   0: 3 0x80002962 (0x0000e517) x10 0x80010962
core   0: 0x80002966 (0x89050513) addi    a0, a0, -1904
core   0: 3 0x80002966 (0x89050513) x10 0x800101f2
core   0: 0x8000296a (0x00d51823) sh      a3, 16(a0)
core   0: 3 0x8000296a (0x00d51823) mem 0x80010202 0x0260
core   0: 0x8000296e (0x0000100f) fence.i
core   0: 3 0x8000296e (0x0000100f)
core   0: 0x80002972 (0x00652c03) lw      s8, 6(a0)
core   0: 3 0x80002972 (0x00652c03) x24 0x94bb7e2a mem 0x800101f8
core   0: 0x80002976 (0x57123c93) sltiu   s9, tp, 1393
core   0: 3 0x80002976 (0x57123c93) x25 0x00000001
core   0: 0x8000297a (0x84cc6c93) ori     s9, s8, -1972
core   0: 3 0x8000297a (0x84cc6c93) x25 0xfffffe6e
core   0: 0x8000297e (0x00750103) lb      sp, 7(a0)
core   0: 3 0x8000297e (0x00750103) x 2 0x0000007e mem 0x800101f9
core   0: 0x80002982 (0x00008eb5) c.xor   a3, a3
core   0: 3 0x80002982 (0x8eb5) x13 0x00000000
core   0: 0x80002984 (0xfff50203) lb      tp, -1(a0)
core   0: 3 0x80002984 (0xfff50203) x 4 0x0000002e mem 0x800101f1
core   0: 0x80002988 (0x00412733) slt     a4, sp, tp
core   0: 3 0x80002988 (0x00412733) x14 0x00000000
core   0: 0x8000298c (0x00009ce2) c.add   s9, s8
core   0: 3 0x8000298c (0x9ce2) x25 0x94bb7c98
core   0: 0x8000298e (0x00c54203) lbu     tp, 12(a0)
core   0: 3 0x8000298e (0x00c54203) x 4 0x00000073 mem 0x800101fe
core   0: 0x80002992 (0x00d50623) sb      a3, 12(a0)
core   0: 3 0x80002992 (0x00d50623) mem 0x800101fe 0x0
core   0: 0x80002996 (0x00000001) c.nop
core   0: 3 0x80002996 (0x0001)
core   0: 0x80002998 (0x00054c03) lbu     s8, 0(a0)
core   0: 3 0x80002998 (0x00054c03) x24 0x000000e1 mem 0x800101f2
core   0: 0x8000299c (0xff354703) lbu     a4, -13(a0)
core   0: 3 0x8000299c (0xff354703) x14 0x000000e6 mem 0x800101e5
core   0: 0x800029a0 (0x00750103) lb      sp, 7(a0)
core   0: 3 0x800029a0 (0x00750103) x 2 0x0000007e mem 0x800101f9
core   0: 0x800029a4 (0x4026d713) srai    a4, a3, 2
core   0: 3 0x800029a4 (0x4026d713) x14 0x00000000
core   0: 0x800029a8 (0xff354203) lbu     tp, -13(a0)
core   0: 3 0x800029a8 (0xff354203) x 4 0x000000e6 mem 0x800101e5
core   0: 0x800029ac (0x00c50703) lb      a4, 12(a0)
core   0: 3 0x800029ac (0x00c50703) x14 0x00000000 mem 0x800101fe
core   0: 0x800029b0 (0x00213cb3) sltu    s9, sp, sp
core   0: 3 0x800029b0 (0x00213cb3) x25 0x00000000
core   0: 0x800029b4 (0x00004215) c.li    tp, 5
core   0: 3 0x800029b4 (0x4215) x 4 0x00000005
core   0: 0x800029b6 (0x0000873a) c.mv    a4, a4
core   0: 3 0x800029b6 (0x873a) x14 0x00000000
core   0: 0x800029b8 (0x02e6ecb3) rem     s9, a3, a4
core   0: 3 0x800029b8 (0x02e6ecb3) x25 0x00000000
core   0: 0x800029bc (0x0000117d) c.addi  sp, -1
core   0: 3 0x800029bc (0x117d) x 2 0x0000007d
core   0: 0x800029be (0x0196d6b3) srl     a3, a3, s9
core   0: 3 0x800029be (0x0196d6b3) x13 0x00000000
core   0: 0x800029c2 (0xff650683) lb      a3, -10(a0)
core   0: 3 0x800029c2 (0xff650683) x13 0x00000060 mem 0x800101e8
core   0: 0x800029c6 (0xffb50703) lb      a4, -5(a0)
core   0: 3 0x800029c6 (0xffb50703) x14 0xffffff8e mem 0x800101ed
core   0: 0x800029ca (0x02ec5133) divu    sp, s8, a4
core   0: 3 0x800029ca (0x02ec5133) x 2 0x00000000
core   0: 0x800029ce (0xff654c83) lbu     s9, -10(a0)
core   0: 3 0x800029ce (0xff654c83) x25 0x00000060 mem 0x800101e8
core   0: 0x800029d2 (0x00b54683) lbu     a3, 11(a0)
core   0: 3 0x800029d2 (0x00b54683) x13 0x000000ea mem 0x800101fd
core   0: 0x800029d6 (0xfff54c03) lbu     s8, -1(a0)
core   0: 3 0x800029d6 (0xfff54c03) x24 0x0000002e mem 0x800101f1
core   0: 0x800029da (0xff350c83) lb      s9, -13(a0)
core   0: 3 0x800029da (0xff350c83) x25 0xffffffe6 mem 0x800101e5
core   0: 0x800029de (0x00008771) c.srai  a4, 28
core   0: 3 0x800029de (0x8771) x14 0xffffffff
core   0: 0x800029e0 (0xff950703) lb      a4, -7(a0)
core   0: 3 0x800029e0 (0xff950703) x14 0xffffffc2 mem 0x800101eb
core   0: 0x800029e4 (0x00e502a3) sb      a4, 5(a0)
core   0: 3 0x800029e4 (0x00e502a3) mem 0x800101f7 0xc2
core   0: 0x800029e8 (0x00223cb3) sltu    s9, tp, sp
core   0: 3 0x800029e8 (0x00223cb3) x25 0x00000000
core   0: 0x800029ec (0x00850703) lb      a4, 8(a0)
core   0: 3 0x800029ec (0x00850703) x14 0xffffffbb mem 0x800101fa
core   0: 0x800029f0 (0x00550103) lb      sp, 5(a0)
core   0: 3 0x800029f0 (0x00550103) x 2 0xffffffc2 mem 0x800101f7
core   0: 0x800029f4 (0xce874213) xori    tp, a4, -792
core   0: 3 0x800029f4 (0xce874213) x 4 0x00000353
core   0: 0x800029f8 (0x00001014) c.addi4spn a3, sp, 32
core   0: 3 0x800029f8 (0x1014) x13 0xffffffe2
core   0: 0x800029fa (0x00e266b3) or      a3, tp, a4
core   0: 3 0x800029fa (0x00e266b3) x13 0xfffffffb
core   0: 0x800029fe (0x03974133) div     sp, a4, s9
core   0: 3 0x800029fe (0x03974133) x 2 0xffffffff
core   0: 0x80002a02 (0x00e6a133) slt     sp, a3, a4
core   0: 3 0x80002a02 (0x00e6a133) x 2 0x00000000
core   0: 0x80002a06 (0x00550103) lb      sp, 5(a0)
core   0: 3 0x80002a06 (0x00550103) x 2 0xffffffc2 mem 0x800101f7
core   0: 0x80002a0a (0x02ec6c33) rem     s8, s8, a4
core   0: 3 0x80002a0a (0x02ec6c33) x24 0x0000002e
core   0: 0x80002a0e (0x00414cb3) xor     s9, sp, tp
core   0: 3 0x80002a0e (0x00414cb3) x25 0xfffffc91
core   0: 0x80002a12 (0x98713c93) sltiu   s9, sp, -1657
core   0: 3 0x80002a12 (0x98713c93) x25 0x00000000
core   0: 0x80002a16 (0xa2826113) ori     sp, tp, -1496
core   0: 3 0x80002a16 (0xa2826113) x 2 0xfffffb7b
core   0: 0x80002a1a (0x00150203) lb      tp, 1(a0)
core   0: 3 0x80002a1a (0x00150203) x 4 0xffffffb5 mem 0x800101f3
core   0: 0x80002a1e (0x0000fc97) auipc   s9, 0xf
core   0: 3 0x80002a1e (0x0000fc97) x25 0x80011a1e
core   0: 0x80002a22 (0x99dc8c93) addi    s9, s9, -1635
core   0: 3 0x80002a22 (0x99dc8c93) x25 0x800113bb
core   0: 0x80002a26 (0x0001d317) auipc   t1, 0x1d
core   0: 3 0x80002a26 (0x0001d317) x 6 0x8001fa26
core   0: 0x80002a2a (0x4a830313) addi    t1, t1, 1192
core   0: 3 0x80002a2a (0x4a830313) x 6 0x8001fece
core   0: 0x80002a2e (0x039cd803) lhu     a6, 57(s9)
core   0: 3 0x80002a2e (0x039cd803) x16 0x000038b3 mem 0x800113f4
core   0: 0x80002a32 (0xff8c8d03) lb      s10, -8(s9)
core   0: 3 0x80002a32 (0xff8c8d03) x26 0xffffffa4 mem 0x800113b3
core   0: 0x80002a36 (0xfc5cab83) lw      s7, -59(s9)
core   0: 3 0x80002a36 (0xfc5cab83) x23 0xf6ecad21 mem 0x80011380
core   0: 0x80002a3a (0xffb34583) lbu     a1, -5(t1)
core   0: 3 0x80002a3a (0xffb34583) x11 0x00000095 mem 0x8001fec9
core   0: 0x80002a3e (0x028cce03) lbu     t3, 40(s9)
core   0: 3 0x80002a3e (0x028cce03) x28 0x000000b5 mem 0x800113e3
core   0: 0x80002a42 (0xff230a83) lb      s5, -14(t1)
core   0: 3 0x80002a42 (0xff230a83) x21 0x0000000d mem 0x8001fec0
core   0: 0x80002a46 (0xffd30803) lb      a6, -3(t1)
core   0: 3 0x80002a46 (0xffd30803) x16 0x00000003 mem 0x8001fecb
core   0: 0x80002a4a (0x00f30423) sb      a5, 8(t1)
core   0: 3 0x80002a4a (0x00f30423) mem 0x8001fed6 0x64
core   0: 0x80002a4e (0x018c8703) lb      a4, 24(s9)
core   0: 3 0x80002a4e (0x018c8703) x14 0xfffffffa mem 0x800113d3
core   0: 0x80002a52 (0xfff34683) lbu     a3, -1(t1)
core   0: 3 0x80002a52 (0xfff34683) x13 0x00000031 mem 0x8001fecd
core   0: 0x80002a56 (0x00730703) lb      a4, 7(t1)
core   0: 3 0x80002a56 (0x00730703) x14 0xffffffe3 mem 0x8001fed5
core   0: 0x80002a5a (0xfd2c90a3) sh      s2, -63(s9)
core   0: 3 0x80002a5a (0xfd2c90a3) mem 0x8001137c 0x0000
core   0: 0x80002a5e (0xfdec8e03) lb      t3, -34(s9)
core   0: 3 0x80002a5e (0xfdec8e03) x28 0x0000005e mem 0x80011399
core   0: 0x80002a62 (0xffd30a23) sb      t4, -12(t1)
core   0: 3 0x80002a62 (0xffd30a23) mem 0x8001fec2 0x0
core   0: 0x80002a66 (0xfe2c8f83) lb      t6, -30(s9)
core   0: 3 0x80002a66 (0xfe2c8f83) x31 0x00000073 mem 0x8001139d
core   0: 0x80002a6a (0x00a30323) sb      a0, 6(t1)
core   0: 3 0x80002a6a (0x00a30323) mem 0x8001fed4 0xf2
core   0: 0x80002a6e (0xffb34f83) lbu     t6, -5(t1)
core   0: 3 0x80002a6e (0xffb34f83) x31 0x00000095 mem 0x8001fec9
core   0: 0x80002a72 (0xfd2cc803) lbu     a6, -46(s9)
core   0: 3 0x80002a72 (0xfd2cc803) x16 0x0000009b mem 0x8001138d
core   0: 0x80002a76 (0x0000e997) auipc   s3, 0xe
core   0: 3 0x80002a76 (0x0000e997) x19 0x80010a76
core   0: 0x80002a7a (0x3d198993) addi    s3, s3, 977
core   0: 3 0x80002a7a (0x3d198993) x19 0x80010e47
core   0: 0x80002a7e (0x00012497) auipc   s1, 0x12
core   0: 3 0x80002a7e (0x00012497) x 9 0x80014a7e
core   0: 0x80002a82 (0x33648493) addi    s1, s1, 822
core   0: 3 0x80002a82 (0x33648493) x 9 0x80014db4
core   0: 0x80002a86 (0x00b99803) lh      a6, 11(s3)
core   0: 3 0x80002a86 (0x00b99803) x16 0xfffff187 mem 0x80010e52
core   0: 0x80002a8a (0x6db48183) lb      gp, 1755(s1)
core   0: 3 0x80002a8a (0x6db48183) x 3 0x0000004f mem 0x8001548f
core   0: 0x80002a8e (0xff59a183) lw      gp, -11(s3)
core   0: 3 0x80002a8e (0xff59a183) x 3 0x890619bf mem 0x80010e3c
core   0: 0x80002a92 (0x5584cd83) lbu     s11, 1368(s1)
core   0: 3 0x80002a92 (0x5584cd83) x27 0x000000df mem 0x8001530c
core   0: 0x80002a96 (0x00498f03) lb      t5, 4(s3)
core   0: 3 0x80002a96 (0x00498f03) x30 0xffffff8f mem 0x80010e4b
core   0: 0x80002a9a (0x3a6482a3) sb      t1, 933(s1)
core   0: 3 0x80002a9a (0x3a6482a3) mem 0x80015159 0xce
core   0: 0x80002a9e (0x57d48b23) sb      t4, 1398(s1)
core   0: 3 0x80002a9e (0x57d48b23) mem 0x8001532a 0x0
core   0: 0x80002aa2 (0x00798883) lb      a7, 7(s3)
core   0: 3 0x80002aa2 (0x00798883) x17 0x00000005 mem 0x80010e4e
core   0: 0x80002aa6 (0x9d848623) sb      s8, -1588(s1)
core   0: 3 0x80002aa6 (0x9d848623) mem 0x80014780 0x2e
core   0: 0x80002aaa (0x00598723) sb      t0, 14(s3)
core   0: 3 0x80002aaa (0x00598723) mem 0x80010e55 0x65
core   0: 0x80002aae (0x13c4df83) lhu     t6, 316(s1)
core   0: 3 0x80002aae (0x13c4df83) x31 0x0000225d mem 0x80014ef0
core   0: 0x80002ab2 (0xffb99003) lh      zero, -5(s3)
core   0: 3 0x80002ab2 (0xffb99003) mem 0x80010e42
core   0: 0x80002ab6 (0xfee98f23) sb      a4, -2(s3)
core   0: 3 0x80002ab6 (0xfee98f23) mem 0x80010e45 0xe3
core   0: 0x80002aba (0x99d48223) sb      t4, -1660(s1)
core   0: 3 0x80002aba (0x99d48223) mem 0x80014738 0x0
core   0: 0x80002abe (0x0009c683) lbu     a3, 0(s3)
core   0: 3 0x80002abe (0x0009c683) x13 0x00000086 mem 0x80010e47
core   0: 0x80002ac2 (0x00c98283) lb      t0, 12(s3)
core   0: 3 0x80002ac2 (0x00c98283) x 5 0xfffffff1 mem 0x80010e53
core   0: 0x80002ac6 (0xbb04cc83) lbu     s9, -1104(s1)
core   0: 3 0x80002ac6 (0xbb04cc83) x25 0x00000097 mem 0x80014964
core   0: 0x80002aca (0x00012b17) auipc   s6, 0x12
core   0: 3 0x80002aca (0x00012b17) x22 0x80014aca
core   0: 0x80002ace (0x554b0b13) addi    s6, s6, 1364
core   0: 3 0x80002ace (0x554b0b13) x22 0x8001501e
core   0: 0x80002ad2 (0x197b0aa3) sb      s7, 405(s6)
core   0: 3 0x80002ad2 (0x197b0aa3) mem 0x800151b3 0x21
core   0: 0x80002ad6 (0x40275c93) srai    s9, a4, 2
core   0: 3 0x80002ad6 (0x40275c93) x25 0xfffffff8
core   0: 0x80002ada (0x4ffb2723) sw      t6, 1262(s6)
core   0: 3 0x80002ada (0x4ffb2723) mem 0x8001550c 0x0000225d
core   0: 0x80002ade (0x857b0703) lb      a4, -1961(s6)
core   0: 3 0x80002ade (0x857b0703) x14 0xffffffa3 mem 0x80014875
core   0: 0x80002ae2 (0xd23b8913) addi    s2, s7, -733
core   0: 3 0x80002ae2 (0xd23b8913) x18 0xf6ecaa44
core   0: 0x80002ae6 (0x6f9b4f83) lbu     t6, 1785(s6)
core   0: 3 0x80002ae6 (0x6f9b4f83) x31 0x00000013 mem 0x80015717
core   0: 0x80002aea (0x00008f79) c.and   a4, a4
core   0: 3 0x80002aea (0x8f79) x14 0xffffffa3
core   0: 0x80002aec (0x5cfb0703) lb      a4, 1487(s6)
core   0: 3 0x80002aec (0x5cfb0703) x14 0x0000003e mem 0x800155ed
core   0: 0x80002af0 (0x1f9b0e23) sb      s9, 508(s6)
core   0: 3 0x80002af0 (0x1f9b0e23) mem 0x8001521a 0xf8
core   0: 0x80002af4 (0xe19b0d03) lb      s10, -487(s6)
core   0: 3 0x80002af4 (0xe19b0d03) x26 0xffffff91 mem 0x80014e37
core   0: 0x80002af8 (0x254b1703) lh      a4, 596(s6)
core   0: 3 0x80002af8 (0x254b1703) x14 0xffff9f36 mem 0x80015272
core   0: 0x80002afc (0x00008f59) c.or    a4, a4
core   0: 3 0x80002afc (0x8f59) x14 0xffff9f36
core   0: 0x80002afe (0x00008f79) c.and   a4, a4
core   0: 3 0x80002afe (0x8f79) x14 0xffff9f36
core   0: 0x80002b00 (0xe52b1903) lh      s2, -430(s6)
core   0: 3 0x80002b00 (0xe52b1903) x18 0x00006ad1 mem 0x80014e70
core   0: 0x80002b04 (0x00000906) c.slli  s2, 1
core   0: 3 0x80002b04 (0x0906) x18 0x0000d5a2
core   0: 0x80002b06 (0x288b0703) lb      a4, 648(s6)
core   0: 3 0x80002b06 (0x288b0703) x14 0xffffffd6 mem 0x800152a6
core   0: 0x80002b0a (0xaceb0623) sb      a4, -1332(s6)
core   0: 3 0x80002b0a (0xaceb0623) mem 0x80014aea 0xd6
core   0: 0x80002b0e (0x01fcdfb3) srl     t6, s9, t6
core   0: 3 0x80002b0e (0x01fcdfb3) x31 0x00001fff
core   0: 0x80002b12 (0x02ed0fb3) mul     t6, s10, a4
core   0: 3 0x80002b12 (0x02ed0fb3) x31 0x00001236
core   0: 0x80002b16 (0x00000001) c.nop
core   0: 3 0x80002b16 (0x0001)
core   0: 0x80002b18 (0x00008f39) c.xor   a4, a4
core   0: 3 0x80002b18 (0x8f39) x14 0x00000000
core   0: 0x80002b1a (0x053b0d03) lb      s10, 83(s6)
core   0: 3 0x80002b1a (0x053b0d03) x26 0xffffffa9 mem 0x80015071
core   0: 0x80002b1e (0xc07b0c83) lb      s9, -1017(s6)
core   0: 3 0x80002b1e (0xc07b0c83) x25 0x00000071 mem 0x80014c25
core   0: 0x80002b22 (0x0180036f) jal     t1, pc + 0x18
core   0: 3 0x80002b22 (0x0180036f) x 6 0x80002b26
core   0: 0x80002b3a (0x00002009) c.jal   pc + 2
core   0: 3 0x80002b3a (0x2009) x 1 0x80002b3c
core   0: 0x80002b3c (0x00003fc5) c.jal   pc - 16
core   0: 3 0x80002b3c (0x3fc5) x 1 0x80002b3e
core   0: 0x80002b2c (0x00a000ef) jal     pc + 0xa
core   0: 3 0x80002b2c (0x00a000ef) x 1 0x80002b30
core   0: 0x80002b36 (0x00002031) c.jal   pc + 12
core   0: 3 0x80002b36 (0x2031) x 1 0x80002b38
core   0: 0x80002b42 (0x0000a011) c.j     pc + 4
core   0: 3 0x80002b42 (0xa011)
core   0: 0x80002b46 (0xfebff0ef) jal     pc - 0x16
core   0: 3 0x80002b46 (0xfebff0ef) x 1 0x80002b4a
core   0: 0x80002b30 (0x0080016f) jal     sp, pc + 0x8
core   0: 3 0x80002b30 (0x0080016f) x 2 0x80002b34
core   0: 0x80002b38 (0x00003ff5) c.jal   pc - 4
core   0: 3 0x80002b38 (0x3ff5) x 1 0x80002b3a
core   0: 0x80002b34 (0x00003fdd) c.jal   pc - 10
core   0: 3 0x80002b34 (0x3fdd) x 1 0x80002b36
core   0: 0x80002b2a (0x0000a829) c.j     pc + 26
core   0: 3 0x80002b2a (0xa829)
core   0: 0x80002b44 (0x0000bfed) c.j     pc - 6
core   0: 3 0x80002b44 (0xbfed)
core   0: 0x80002b3e (0xfe9ff4ef) jal     s1, pc - 0x18
core   0: 3 0x80002b3e (0xfe9ff4ef) x 9 0x80002b42
core   0: 0x80002b26 (0x0240036f) jal     t1, pc + 0x24
core   0: 3 0x80002b26 (0x0240036f) x 6 0x80002b2a
core   0: 0x80002b4a (0x00008ad9) c.andi  a3, 22
core   0: 3 0x80002b4a (0x8ad9) x13 0x00000006
core   0: 0x80002b4c (0x00014597) auipc   a1, 0x14
core   0: 3 0x80002b4c (0x00014597) x11 0x80016b4c
core   0: 0x80002b50 (0xf2d58593) addi    a1, a1, -211
core   0: 3 0x80002b50 (0xf2d58593) x11 0x80016a79
core   0: 0x80002b54 (0x00017997) auipc   s3, 0x17
core   0: 3 0x80002b54 (0x00017997) x19 0x80019b54
core   0: 0x80002b58 (0x06198993) addi    s3, s3, 97
core   0: 3 0x80002b58 (0x06198993) x19 0x80019bb5
core   0: 0x80002b5c (0xf8b98523) sb      a1, -118(s3)
core   0: 3 0x80002b5c (0xf8b98523) mem 0x80019b3f 0x79
core   0: 0x80002b60 (0x00558083) lb      ra, 5(a1)
core   0: 3 0x80002b60 (0x00558083) x 1 0x0000005e mem 0x80016a7e
core   0: 0x80002b64 (0x0001c697) auipc   a3, 0x1c
core   0: 3 0x80002b64 (0x0001c697) x13 0x8001eb64
core   0: 0x80002b68 (0xbc168693) addi    a3, a3, -1087
core   0: 3 0x80002b68 (0xbc168693) x13 0x8001e725
core   0: 0x80002b6c (0xf2b99fa3) sh      a1, -193(s3)
core   0: 3 0x80002b6c (0xf2b99fa3) mem 0x80019af4 0x6a79
core   0: 0x80002b70 (0xffb6cf83) lbu     t6, -5(a3)
core   0: 3 0x80002b70 (0xffb6cf83) x31 0x000000bd mem 0x8001e720
core   0: 0x80002b74 (0xff26c883) lbu     a7, -14(a3)
core   0: 3 0x80002b74 (0xff26c883) x17 0x0000004a mem 0x8001e717
core   0: 0x80002b78 (0x00a5cf03) lbu     t5, 10(a1)
core   0: 3 0x80002b78 (0x00a5cf03) x30 0x00000075 mem 0x80016a83
core   0: 0x80002b7c (0x074985a3) sb      s4, 107(s3)
core   0: 3 0x80002b7c (0x074985a3) mem 0x80019c20 0xb9
core   0: 0x80002b80 (0x00a6cf83) lbu     t6, 10(a3)
core   0: 3 0x80002b80 (0x00a6cf83) x31 0x00000070 mem 0x8001e72f
core   0: 0x80002b84 (0xff158923) sb      a7, -14(a1)
core   0: 3 0x80002b84 (0xff158923) mem 0x80016a6b 0x4a
core   0: 0x80002b88 (0xf7a98d83) lb      s11, -134(s3)
core   0: 3 0x80002b88 (0xf7a98d83) x27 0xffffffec mem 0x80019b2f
core   0: 0x80002b8c (0xfdb68723) sb      s11, -50(a3)
core   0: 3 0x80002b8c (0xfdb68723) mem 0x8001e6f3 0xec
core   0: 0x80002b90 (0x02c6cb03) lbu     s6, 44(a3)
core   0: 3 0x80002b90 (0x02c6cb03) x22 0x00000018 mem 0x8001e751
core   0: 0x80002b94 (0xf9d98b23) sb      t4, -106(s3)
core   0: 3 0x80002b94 (0xf9d98b23) mem 0x80019b4b 0x0
core   0: 0x80002b98 (0xfee6c483) lbu     s1, -18(a3)
core   0: 3 0x80002b98 (0xfee6c483) x 9 0x000000f1 mem 0x8001e713
core   0: 0x80002b9c (0xff258b23) sb      s2, -10(a1)
core   0: 3 0x80002b9c (0xff258b23) mem 0x80016a6f 0xa2
core   0: 0x80002ba0 (0x01098b83) lb      s7, 16(s3)
core   0: 3 0x80002ba0 (0x01098b83) x23 0x00000051 mem 0x80019bc5
core   0: 0x80002ba4 (0x00d59a83) lh      s5, 13(a1)
core   0: 3 0x80002ba4 (0x00d59a83) x21 0x000074a6 mem 0x80016a86
core   0: 0x80002ba8 (0xfc16c903) lbu     s2, -63(a3)
core   0: 3 0x80002ba8 (0xfc16c903) x18 0x0000007f mem 0x8001e6e6
core   0: 0x80002bac (0xfff599a3) sh      t6, -13(a1)
core   0: 3 0x80002bac (0xfff599a3) mem 0x80016a6c 0x0070
core   0: 0x80002bb0 (0xff658823) sb      s6, -16(a1)
core   0: 3 0x80002bb0 (0xff658823) mem 0x80016a69 0x18
core   0: 0x80002bb4 (0xfc56d403) lhu     s0, -59(a3)
core   0: 3 0x80002bb4 (0xfc56d403) x 8 0x0000d335 mem 0x8001e6ea
core   0: 0x80002bb8 (0x0df99403) lh      s0, 223(s3)
core   0: 3 0x80002bb8 (0x0df99403) x 8 0xffff96fb mem 0x80019c94
core   0: 0x80002bbc (0xfa998403) lb      s0, -87(s3)
core   0: 3 0x80002bbc (0xfa998403) x 8 0x00000022 mem 0x80019b5e
core   0: 0x80002bc0 (0xffb5a203) lw      tp, -5(a1)
core   0: 3 0x80002bc0 (0xffb5a203) x 4 0x753cdb41 mem 0x80016a74
core   0: 0x80002bc4 (0x01868283) lb      t0, 24(a3)
core   0: 3 0x80002bc4 (0x01868283) x 5 0x0000006e mem 0x8001e73d
core   0: 0x80002bc8 (0xff558483) lb      s1, -11(a1)
core   0: 3 0x80002bc8 (0xff558483) x 9 0xffffffa2 mem 0x80016a6e
core   0: 0x80002bcc (0xfa89c503) lbu     a0, -88(s3)
core   0: 3 0x80002bcc (0xfa89c503) x10 0x00000064 mem 0x80019b5d
core   0: 0x80002bd0 (0x0001ad97) auipc   s11, 0x1a
core   0: 3 0x80002bd0 (0x0001ad97) x27 0x8001cbd0
core   0: 0x80002bd4 (0xe40d8d93) addi    s11, s11, -448
core   0: 3 0x80002bd4 (0xe40d8d93) x27 0x8001ca10
core   0: 0x80002bd8 (0x00019b97) auipc   s7, 0x19
core   0: 3 0x80002bd8 (0x00019b97) x23 0x8001bbd8
core   0: 0x80002bdc (0x1e2b8b93) addi    s7, s7, 482
core   0: 3 0x80002bdc (0x1e2b8b93) x23 0x8001bdba
core   0: 0x80002be0 (0x0001c997) auipc   s3, 0x1c
core   0: 3 0x80002be0 (0x0001c997) x19 0x8001ebe0
core   0: 0x80002be4 (0x37898993) addi    s3, s3, 888
core   0: 3 0x80002be4 (0x37898993) x19 0x8001ef58
core   0: 0x80002be8 (0x008d9a03) lh      s4, 8(s11)
core   0: 3 0x80002be8 (0x008d9a03) x20 0xffffdbbf mem 0x8001ca18
core   0: 0x80002bec (0x00013397) auipc   t2, 0x13
core   0: 3 0x80002bec (0x00013397) x 7 0x80015bec
core   0: 0x80002bf0 (0xe1d38393) addi    t2, t2, -483
core   0: 3 0x80002bf0 (0xe1d38393) x 7 0x80015a09
core   0: 0x80002bf4 (0x007b8283) lb      t0, 7(s7)
core   0: 3 0x80002bf4 (0x007b8283) x 5 0x00000040 mem 0x8001bdc1
core   0: 0x80002bf8 (0x00638b03) lb      s6, 6(t2)
core   0: 3 0x80002bf8 (0x00638b03) x22 0x00000038 mem 0x80015a0f
core   0: 0x80002bfc (0x015983a3) sb      s5, 7(s3)
core   0: 3 0x80002bfc (0x015983a3) mem 0x8001ef5f 0xa6
core   0: 0x80002c00 (0x000d9a03) lh      s4, 0(s11)
core   0: 3 0x80002c00 (0x000d9a03) x20 0x000043cc mem 0x8001ca10
core   0: 0x80002c04 (0xff03cc83) lbu     s9, -16(t2)
core   0: 3 0x80002c04 (0xff03cc83) x25 0x00000073 mem 0x800159f9
core   0: 0x80002c08 (0x00c99283) lh      t0, 12(s3)
core   0: 3 0x80002c08 (0x00c99283) x 5 0xffffb55d mem 0x8001ef64
core   0: 0x80002c0c (0x006b8f83) lb      t6, 6(s7)
core   0: 3 0x80002c0c (0x006b8f83) x31 0xffffffaa mem 0x8001bdc0
core   0: 0x80002c10 (0x011d86a3) sb      a7, 13(s11)
core   0: 3 0x80002c10 (0x011d86a3) mem 0x8001ca1d 0x4a
core   0: 0x80002c14 (0x0099cf03) lbu     t5, 9(s3)
core   0: 3 0x80002c14 (0x0099cf03) x30 0x0000003b mem 0x8001ef61
core   0: 0x80002c18 (0xffed8fa3) sb      t5, -1(s11)
core   0: 3 0x80002c18 (0xffed8fa3) mem 0x8001ca0f 0x3b
core   0: 0x80002c1c (0x0079c683) lbu     a3, 7(s3)
core   0: 3 0x80002c1c (0x0079c683) x13 0x000000a6 mem 0x8001ef5f
core   0: 0x80002c20 (0x009dcf83) lbu     t6, 9(s11)
core   0: 3 0x80002c20 (0x009dcf83) x31 0x000000db mem 0x8001ca19
core   0: 0x80002c24 (0x017981a3) sb      s7, 3(s3)
core   0: 3 0x80002c24 (0x017981a3) mem 0x8001ef5b 0xba
core   0: 0x80002c28 (0x0103c803) lbu     a6, 16(t2)
core   0: 3 0x80002c28 (0x0103c803) x16 0x0000006f mem 0x80015a19
core   0: 0x80002c2c (0x009b8c03) lb      s8, 9(s7)
core   0: 3 0x80002c2c (0x009b8c03) x24 0xffffff9d mem 0x8001bdc3
core   0: 0x80002c30 (0xffc38103) lb      sp, -4(t2)
core   0: 3 0x80002c30 (0xffc38103) x 2 0xffffffd1 mem 0x80015a05
core   0: 0x80002c34 (0xffdd8583) lb      a1, -3(s11)
core   0: 3 0x80002c34 (0xffdd8583) x11 0x00000055 mem 0x8001ca0d
core   0: 0x80002c38 (0xff4b8ca3) sb      s4, -7(s7)
core   0: 3 0x80002c38 (0xff4b8ca3) mem 0x8001bdb3 0xcc
core   0: 0x80002c3c (0xff2d8da3) sb      s2, -5(s11)
core   0: 3 0x80002c3c (0xff2d8da3) mem 0x8001ca0b 0x7f
core   0: 0x80002c40 (0x0013d303) lhu     t1, 1(t2)
core   0: 3 0x80002c40 (0x0013d303) x 6 0x0000f031 mem 0x80015a0a
core   0: 0x80002c44 (0x0059c103) lbu     sp, 5(s3)
core   0: 3 0x80002c44 (0x0059c103) x 2 0x00000042 mem 0x8001ef5d
core   0: 0x80002c48 (0x002da223) sw      sp, 4(s11)
core   0: 3 0x80002c48 (0x002da223) mem 0x8001ca14 0x00000042
core   0: 0x80002c4c (0xff69cf83) lbu     t6, -10(s3)
core   0: 3 0x80002c4c (0xff69cf83) x31 0x000000d8 mem 0x8001ef4e
core   0: 0x80002c50 (0x00d38323) sb      a3, 6(t2)
core   0: 3 0x80002c50 (0x00d38323) mem 0x80015a0f 0xa6
core   0: 0x80002c54 (0xffe9d203) lhu     tp, -2(s3)
core   0: 3 0x80002c54 (0xffe9d203) x 4 0x000039d9 mem 0x8001ef56
core   0: 0x80002c58 (0x008bdf83) lhu     t6, 8(s7)
core   0: 3 0x80002c58 (0x008bdf83) x31 0x00009d07 mem 0x8001bdc2
core   0: 0x80002c5c (0x0059c583) lbu     a1, 5(s3)
core   0: 3 0x80002c5c (0x0059c583) x11 0x00000042 mem 0x8001ef5d
core   0: 0x80002c60 (0xffbdcc83) lbu     s9, -5(s11)
core   0: 3 0x80002c60 (0xffbdcc83) x25 0x0000007f mem 0x8001ca0b
core   0: 0x80002c64 (0x0000f717) auipc   a4, 0xf
core   0: 3 0x80002c64 (0x0000f717) x14 0x80011c64
core   0: 0x80002c68 (0x00d70713) addi    a4, a4, 13
core   0: 3 0x80002c68 (0x00d70713) x14 0x80011c71
core   0: 0x80002c6c (0xfdf75583) lhu     a1, -33(a4)
core   0: 3 0x80002c6c (0xfdf75583) x11 0x0000e0bd mem 0x80011c50
core   0: 0x80002c70 (0x3af70ea3) sb      a5, 957(a4)
core   0: 3 0x80002c70 (0x3af70ea3) mem 0x8001202e 0x64
core   0: 0x80002c74 (0x3bd71083) lh      ra, 957(a4)
core   0: 3 0x80002c74 (0x3bd71083) x 1 0xffff9d64 mem 0x8001202e
core   0: 0x80002c78 (0x3b670ea3) sb      s6, 957(a4)
core   0: 3 0x80002c78 (0x3b670ea3) mem 0x8001202e 0x38
core   0: 0x80002c7c (0x3bd70103) lb      sp, 957(a4)
core   0: 3 0x80002c7c (0x3bd70103) x 2 0x00000038 mem 0x8001202e
core   0: 0x80002c80 (0x00008a99) c.andi  a3, 6
core   0: 3 0x80002c80 (0x8a99) x13 0x00000006
core   0: 0x80002c82 (0x0000100f) fence.i
core   0: 3 0x80002c82 (0x0000100f)
core   0: 0x80002c86 (0x3bd74803) lbu     a6, 957(a4)
core   0: 3 0x80002c86 (0x3bd74803) x16 0x00000038 mem 0x8001202e
core   0: 0x80002c8a (0x3a171ea3) sh      ra, 957(a4)
core   0: 3 0x80002c8a (0x3a171ea3) mem 0x8001202e 0x9d64
core   0: 0x80002c8e (0x3bd71183) lh      gp, 957(a4)
core   0: 3 0x80002c8e (0x3bd71183) x 3 0xffff9d64 mem 0x8001202e
core   0: 0x80002c92 (0x3bd74503) lbu     a0, 957(a4)
core   0: 3 0x80002c92 (0x3bd74503) x10 0x00000064 mem 0x8001202e
core   0: 0x80002c96 (0x76971203) lh      tp, 1897(a4)
core   0: 3 0x80002c96 (0x76971203) x 4 0xffffe71a mem 0x800123da
core   0: 0x80002c9a (0x21370c03) lb      s8, 531(a4)
core   0: 3 0x80002c9a (0x21370c03) x24 0x0000006d mem 0x80011e84
core   0: 0x80002c9e (0x2af75403) lhu     s0, 687(a4)
core   0: 3 0x80002c9e (0x2af75403) x 8 0x0000ba3f mem 0x80011f20
core   0: 0x80002ca2 (0x2af74c03) lbu     s8, 687(a4)
core   0: 3 0x80002ca2 (0x2af74c03) x24 0x0000003f mem 0x80011f20
core   0: 0x80002ca6 (0x2af74b83) lbu     s7, 687(a4)
core   0: 3 0x80002ca6 (0x2af74b83) x23 0x0000003f mem 0x80011f20
core   0: 0x80002caa (0x0000009a) c.slli  ra, 6
core   0: 3 0x80002caa (0x009a) x 1 0xffe75900
core   0: 0x80002cac (0x2a7717a3) sh      t2, 687(a4)
core   0: 3 0x80002cac (0x2a7717a3) mem 0x80011f20 0x5a09
core   0: 0x80002cb0 (0x00374e03) lbu     t3, 3(a4)
core   0: 3 0x80002cb0 (0x00374e03) x28 0x0000003e mem 0x80011c74
core   0: 0x80002cb4 (0x00371103) lh      sp, 3(a4)
core   0: 3 0x80002cb4 (0x00371103) x 2 0xffffd43e mem 0x80011c74
core   0: 0x80002cb8 (0x00372203) lw      tp, 3(a4)
core   0: 3 0x80002cb8 (0x00372203) x 4 0x4ad9d43e mem 0x80011c74
core   0: 0x80002cbc (0x00375f83) lhu     t6, 3(a4)
core   0: 3 0x80002cbc (0x00375f83) x31 0x0000d43e mem 0x80011c74
core   0: 0x80002cc0 (0xff800593) li      a1, -8
core   0: 3 0x80002cc0 (0xff800593) x11 0xfffffff8
core   0: 0x80002cc4 (0x000083d6) c.mv    t2, s5
core   0: 3 0x80002cc4 (0x83d6) x 7 0x000074a6
core   0: 0x80002cc6 (0x41c85c93) srai    s9, a6, 28
core   0: 3 0x80002cc6 (0x41c85c93) x25 0x00000000
core   0: 0x80002cca (0x00000193) li      gp, 0
core   0: 3 0x80002cca (0x00000193) x 3 0x00000000
core   0: 0x80002cce (0x00008c81) c.sub   s1, s0
core   0: 3 0x80002cce (0x8c81) x 9 0xffff4563
core   0: 0x80002cd0 (0x0ff0000f) fence   iorw,iorw
core   0: 3 0x80002cd0 (0x0ff0000f)
core   0: 0x80002cd4 (0xa6b2bf13) sltiu   t5, t0, -1429
core   0: 3 0x80002cd4 (0xa6b2bf13) x30 0x00000001
core   0: 0x80002cd8 (0x00000585) c.addi  a1, 1
core   0: 3 0x80002cd8 (0x0585) x11 0xfffffff9
core   0: 0x80002cda (0xfe359de3) bne     a1, gp, pc - 6
core   0: 3 0x80002cda (0xfe359de3)
core   0: 0x80002cd4 (0xa6b2bf13) sltiu   t5, t0, -1429
core   0: 3 0x80002cd4 (0xa6b2bf13) x30 0x00000001
core   0: 0x80002cd8 (0x00000585) c.addi  a1, 1
core   0: 3 0x80002cd8 (0x0585) x11 0xfffffffa
core   0: 0x80002cda (0xfe359de3) bne     a1, gp, pc - 6
core   0: 3 0x80002cda (0xfe359de3)
core   0: 0x80002cd4 (0xa6b2bf13) sltiu   t5, t0, -1429
core   0: 3 0x80002cd4 (0xa6b2bf13) x30 0x00000001
core   0: 0x80002cd8 (0x00000585) c.addi  a1, 1
core   0: 3 0x80002cd8 (0x0585) x11 0xfffffffb
core   0: 0x80002cda (0xfe359de3) bne     a1, gp, pc - 6
core   0: 3 0x80002cda (0xfe359de3)
core   0: 0x80002cd4 (0xa6b2bf13) sltiu   t5, t0, -1429
core   0: 3 0x80002cd4 (0xa6b2bf13) x30 0x00000001
core   0: 0x80002cd8 (0x00000585) c.addi  a1, 1
core   0: 3 0x80002cd8 (0x0585) x11 0xfffffffc
core   0: 0x80002cda (0xfe359de3) bne     a1, gp, pc - 6
core   0: 3 0x80002cda (0xfe359de3)
core   0: 0x80002cd4 (0xa6b2bf13) sltiu   t5, t0, -1429
core   0: 3 0x80002cd4 (0xa6b2bf13) x30 0x00000001
core   0: 0x80002cd8 (0x00000585) c.addi  a1, 1
core   0: 3 0x80002cd8 (0x0585) x11 0xfffffffd
core   0: 0x80002cda (0xfe359de3) bne     a1, gp, pc - 6
core   0: 3 0x80002cda (0xfe359de3)
core   0: 0x80002cd4 (0xa6b2bf13) sltiu   t5, t0, -1429
core   0: 3 0x80002cd4 (0xa6b2bf13) x30 0x00000001
core   0: 0x80002cd8 (0x00000585) c.addi  a1, 1
core   0: 3 0x80002cd8 (0x0585) x11 0xfffffffe
core   0: 0x80002cda (0xfe359de3) bne     a1, gp, pc - 6
core   0: 3 0x80002cda (0xfe359de3)
core   0: 0x80002cd4 (0xa6b2bf13) sltiu   t5, t0, -1429
core   0: 3 0x80002cd4 (0xa6b2bf13) x30 0x00000001
core   0: 0x80002cd8 (0x00000585) c.addi  a1, 1
core   0: 3 0x80002cd8 (0x0585) x11 0xffffffff
core   0: 0x80002cda (0xfe359de3) bne     a1, gp, pc - 6
core   0: 3 0x80002cda (0xfe359de3)
core   0: 0x80002cd4 (0xa6b2bf13) sltiu   t5, t0, -1429
core   0: 3 0x80002cd4 (0xa6b2bf13) x30 0x00000001
core   0: 0x80002cd8 (0x00000585) c.addi  a1, 1
core   0: 3 0x80002cd8 (0x0585) x11 0x00000000
core   0: 0x80002cda (0xfe359de3) bne     a1, gp, pc - 6
core   0: 3 0x80002cda (0xfe359de3)
core   0: 0x80002cde (0x031ae333) rem     t1, s5, a7
core   0: 3 0x80002cde (0x031ae333) x 6 0x00000028
core   0: 0x80002ce2 (0x0001d317) auipc   t1, 0x1d
core   0: 3 0x80002ce2 (0x0001d317) x 6 0x8001fce2
core   0: 0x80002ce6 (0x3cf30313) addi    t1, t1, 975
core   0: 3 0x80002ce6 (0x3cf30313) x 6 0x800200b1
core   0: 0x80002cea (0x00010997) auipc   s3, 0x10
core   0: 3 0x80002cea (0x00010997) x19 0x80012cea
core   0: 0x80002cee (0xe1c98993) addi    s3, s3, -484
core   0: 3 0x80002cee (0xe1c98993) x19 0x80012b06
core   0: 0x80002cf2 (0x0001d817) auipc   a6, 0x1d
core   0: 3 0x80002cf2 (0x0001d817) x16 0x8001fcf2
core   0: 0x80002cf6 (0x3b380813) addi    a6, a6, 947
core   0: 3 0x80002cf6 (0x3b380813) x16 0x800200a5
core   0: 0x80002cfa (0xfeb98c03) lb      s8, -21(s3)
core   0: 3 0x80002cfa (0xfeb98c03) x24 0xffffffac mem 0x80012af1
core   0: 0x80002cfe (0x0329a183) lw      gp, 50(s3)
core   0: 3 0x80002cfe (0x0329a183) x 3 0x165798fa mem 0x80012b38
core   0: 0x80002d02 (0x3ee84e03) lbu     t3, 1006(a6)
core   0: 3 0x80002d02 (0x3ee84e03) x28 0x0000008a mem 0x80020493
core   0: 0x80002d06 (0x00a9a703) lw      a4, 10(s3)
core   0: 3 0x80002d06 (0x00a9a703) x14 0x842f766a mem 0x80012b10
core   0: 0x80002d0a (0x73c80f83) lb      t6, 1852(a6)
core   0: 3 0x80002d0a (0x73c80f83) x31 0x0000000b mem 0x800207e1
core   0: 0x80002d0e (0x91630423) sb      s6, -1784(t1)
core   0: 3 0x80002d0e (0x91630423) mem 0x8001f9b9 0x38
core   0: 0x80002d12 (0x03798203) lb      tp, 55(s3)
core   0: 3 0x80002d12 (0x03798203) x 4 0x00000059 mem 0x80012b3d
core   0: 0x80002d16 (0xc8b30183) lb      gp, -885(t1)
core   0: 3 0x80002d16 (0xc8b30183) x 3 0x0000007b mem 0x8001fd3c
core   0: 0x80002d1a (0xac684e03) lbu     t3, -1338(a6)
core   0: 3 0x80002d1a (0xac684e03) x28 0x0000002c mem 0x8001fb6b
core   0: 0x80002d1e (0xfc89d383) lhu     t2, -56(s3)
core   0: 3 0x80002d1e (0xfc89d383) x 7 0x000038ef mem 0x80012ace
core   0: 0x80002d22 (0x85d35003) lhu     zero, -1955(t1)
core   0: 3 0x80002d22 (0x85d35003) mem 0x8001f90e
core   0: 0x80002d26 (0x0129c483) lbu     s1, 18(s3)
core   0: 3 0x80002d26 (0x0129c483) x 9 0x000000e1 mem 0x80012b18
core   0: 0x80002d2a (0xcc530f23) sb      t0, -802(t1)
core   0: 3 0x80002d2a (0xcc530f23) mem 0x8001fd8f 0x5d
core   0: 0x80002d2e (0x4cb80823) sb      a1, 1232(a6)
core   0: 3 0x80002d2e (0x4cb80823) mem 0x80020575 0x0
core   0: 0x80002d32 (0xb7f32c83) lw      s9, -1153(t1)
core   0: 3 0x80002d32 (0xb7f32c83) x25 0x1254726f mem 0x8001fc30
core   0: 0x80002d36 (0xfe398403) lb      s0, -29(s3)
core   0: 3 0x80002d36 (0xfe398403) x 8 0x00000022 mem 0x80012ae9
core   0: 0x80002d3a (0x78684383) lbu     t2, 1926(a6)
core   0: 3 0x80002d3a (0x78684383) x 7 0x000000d2 mem 0x8002082b
core   0: 0x80002d3e (0xe9184d03) lbu     s10, -367(a6)
core   0: 3 0x80002d3e (0xe9184d03) x26 0x0000009e mem 0x8001ff36
core   0: 0x80002d42 (0x9a234c03) lbu     s8, -1630(t1)
core   0: 3 0x80002d42 (0x9a234c03) x24 0x0000004a mem 0x8001fa53
core   0: 0x80002d46 (0x0009d583) lhu     a1, 0(s3)
core   0: 3 0x80002d46 (0x0009d583) x11 0x0000cf1c mem 0x80012b06
core   0: 0x80002d4a (0x0cf34103) lbu     sp, 207(t1)
core   0: 3 0x80002d4a (0x0cf34103) x 2 0x00000091 mem 0x80020180
core   0: 0x80002d4e (0xfe69ab23) sw      t1, -10(s3)
core   0: 3 0x80002d4e (0xfe69ab23) mem 0x80012afc 0x800200b1
core   0: 0x80002d52 (0x0000d997) auipc   s3, 0xd
core   0: 3 0x80002d52 (0x0000d997) x19 0x8000fd52
core   0: 0x80002d56 (0x5c098993) addi    s3, s3, 1472
core   0: 3 0x80002d56 (0x5c098993) x19 0x80010312
core   0: 0x80002d5a (0x09898683) lb      a3, 152(s3)
core   0: 3 0x80002d5a (0x09898683) x13 0xffffffe7 mem 0x800103aa
core   0: 0x80002d5e (0x0000ef97) auipc   t6, 0xe
core   0: 3 0x80002d5e (0x0000ef97) x31 0x80010d5e
core   0: 0x80002d62 (0x0bdf8f93) addi    t6, t6, 189
core   0: 3 0x80002d62 (0x0bdf8f93) x31 0x80010e1b
core   0: 0x80002d66 (0x005fc703) lbu     a4, 5(t6)
core   0: 3 0x80002d66 (0x005fc703) x14 0x000000cf mem 0x80010e20
core   0: 0x80002d6a (0x0000d497) auipc   s1, 0xd
core   0: 3 0x80002d6a (0x0000d497) x 9 0x8000fd6a
core   0: 0x80002d6e (0x4fc48493) addi    s1, s1, 1276
core   0: 3 0x80002d6e (0x4fc48493) x 9 0x80010266
core   0: 0x80002d72 (0x0000d417) auipc   s0, 0xd
core   0: 3 0x80002d72 (0x0000d417) x 8 0x8000fd72
core   0: 0x80002d76 (0x37540413) addi    s0, s0, 885
core   0: 3 0x80002d76 (0x37540413) x 8 0x800100e7
core   0: 0x80002d7a (0x02548a03) lb      s4, 37(s1)
core   0: 3 0x80002d7a (0x02548a03) x20 0x00000000 mem 0x8001028b
core   0: 0x80002d7e (0x002f8a83) lb      s5, 2(t6)
core   0: 3 0x80002d7e (0x002f8a83) x21 0xfffffff3 mem 0x80010e1d
core   0: 0x80002d82 (0xf7c44683) lbu     a3, -132(s0)
core   0: 3 0x80002d82 (0xf7c44683) x13 0x000000d6 mem 0x80010063
core   0: 0x80002d86 (0x00b4ce03) lbu     t3, 11(s1)
core   0: 3 0x80002d86 (0x00b4ce03) x28 0x000000c0 mem 0x80010271
core   0: 0x80002d8a (0x0000e597) auipc   a1, 0xe
core   0: 3 0x80002d8a (0x0000e597) x11 0x80010d8a
core   0: 0x80002d8e (0x23258593) addi    a1, a1, 562
core   0: 3 0x80002d8e (0x23258593) x11 0x80010fbc
core   0: 0x80002d92 (0x019f80a3) sb      s9, 1(t6)
core   0: 3 0x80002d92 (0x019f80a3) mem 0x80010e1c 0x6f
core   0: 0x80002d96 (0xf759ca03) lbu     s4, -139(s3)
core   0: 3 0x80002d96 (0xf759ca03) x20 0x00000032 mem 0x80010287
core   0: 0x80002d9a (0xfc448c23) sb      tp, -40(s1)
core   0: 3 0x80002d9a (0xfc448c23) mem 0x8001023e 0x59
core   0: 0x80002d9e (0xfbc44f03) lbu     t5, -68(s0)
core   0: 3 0x80002d9e (0xfbc44f03) x30 0x0000004e mem 0x800100a3
core   0: 0x80002da2 (0xffffdb83) lhu     s7, -1(t6)
core   0: 3 0x80002da2 (0xffffdb83) x23 0x0000c3e2 mem 0x80010e1a
core   0: 0x80002da6 (0x08844d83) lbu     s11, 136(s0)
core   0: 3 0x80002da6 (0x08844d83) x27 0x0000009f mem 0x8001016f
core   0: 0x80002daa (0x004fca83) lbu     s5, 4(t6)
core   0: 3 0x80002daa (0x004fca83) x21 0x0000006f mem 0x80010e1f
core   0: 0x80002dae (0xf5f9c683) lbu     a3, -161(s3)
core   0: 3 0x80002dae (0xf5f9c683) x13 0x000000c0 mem 0x80010271
core   0: 0x80002db2 (0x0cf41883) lh      a7, 207(s0)
core   0: 3 0x80002db2 (0x0cf41883) x17 0xffffef66 mem 0x800101b6
core   0: 0x80002db6 (0x85459083) lh      ra, -1964(a1)
core   0: 3 0x80002db6 (0x85459083) x 1 0x000000d8 mem 0x80010810
core   0: 0x80002dba (0x9e159823) sh      ra, -1552(a1)
core   0: 3 0x80002dba (0x9e159823) mem 0x800109ac 0x00d8
core   0: 0x80002dbe (0x0e899703) lh      a4, 232(s3)
core   0: 3 0x80002dbe (0x0e899703) x14 0x00005bee mem 0x800103fa
core   0: 0x80002dc2 (0xf8d410a3) sh      a3, -127(s0)
core   0: 3 0x80002dc2 (0xf8d410a3) mem 0x80010068 0x00c0
core   0: 0x80002dc6 (0xe7e5c683) lbu     a3, -386(a1)
core   0: 3 0x80002dc6 (0xe7e5c683) x13 0x0000006c mem 0x80010e3a
core   0: 0x80002dca (0xfe040e03) lb      t3, -32(s0)
core   0: 3 0x80002dca (0xfe040e03) x28 0xffffff9c mem 0x800100c7
core   0: 0x80002dce (0xc025c383) lbu     t2, -1022(a1)
core   0: 3 0x80002dce (0xc025c383) x 7 0x000000c0 mem 0x80010bbe
core   0: 0x80002dd2 (0xfc344c83) lbu     s9, -61(s0)
core   0: 3 0x80002dd2 (0xfc344c83) x25 0x0000004a mem 0x800100aa
core   0: 0x80002dd6 (0x05899683) lh      a3, 88(s3)
core   0: 3 0x80002dd6 (0x05899683) x13 0x00006585 mem 0x8001036a
core   0: 0x80002dda (0x02248083) lb      ra, 34(s1)
core   0: 3 0x80002dda (0x02248083) x 1 0xffffff8a mem 0x80010288
core   0: 0x80002dde (0x96d58ea3) sb      a3, -1667(a1)
core   0: 3 0x80002dde (0x96d58ea3) mem 0x80010939 0x85
core   0: 0x80002de2 (0xfc94cd83) lbu     s11, -55(s1)
core   0: 3 0x80002de2 (0xfc94cd83) x27 0x000000d7 mem 0x8001022f
core   0: 0x80002de6 (0x0f741a83) lh      s5, 247(s0)
core   0: 3 0x80002de6 (0x0f741a83) x21 0xffff9562 mem 0x800101de
core   0: 0x80002dea (0x9585ca03) lbu     s4, -1704(a1)
core   0: 3 0x80002dea (0x9585ca03) x20 0x00000080 mem 0x80010914
core   0: 0x80002dee (0x0ee98123) sb      a4, 226(s3)
core   0: 3 0x80002dee (0x0ee98123) mem 0x800103f4 0xee
core   0: 0x80002df2 (0x0044c883) lbu     a7, 4(s1)
core   0: 3 0x80002df2 (0x0044c883) x17 0x0000004a mem 0x8001026a
core   0: 0x80002df6 (0xa6059323) sh      zero, -1434(a1)
core   0: 3 0x80002df6 (0xa6059323) mem 0x80010a22 0x0000
core   0: 0x80002dfa (0x0019cd03) lbu     s10, 1(s3)
core   0: 3 0x80002dfa (0x0019cd03) x26 0x0000002c mem 0x80010313
core   0: 0x80002dfe (0xffdf8d83) lb      s11, -3(t6)
core   0: 3 0x80002dfe (0xffdf8d83) x27 0xffffffc6 mem 0x80010e18
core   0: 0x80002e02 (0xffcf8f03) lb      t5, -4(t6)
core   0: 3 0x80002e02 (0xffcf8f03) x30 0xffffff88 mem 0x80010e17
core   0: 0x80002e06 (0x0b1984a3) sb      a7, 169(s3)
core   0: 3 0x80002e06 (0x0b1984a3) mem 0x800103bb 0x4a
core   0: 0x80002e0a (0xc3659c23) sh      s6, -968(a1)
core   0: 3 0x80002e0a (0xc3659c23) mem 0x80010bf4 0x0038
core   0: 0x80002e0e (0x00df91a3) sh      a3, 3(t6)
core   0: 3 0x80002e0e (0x00df91a3) mem 0x80010e1e 0x6585
core   0: 0x80002e12 (0x84c5dc83) lhu     s9, -1972(a1)
core   0: 3 0x80002e12 (0x84c5dc83) x25 0x0000251b mem 0x80010808
core   0: 0x80002e16 (0x0fd98c23) sb      t4, 248(s3)
core   0: 3 0x80002e16 (0x0fd98c23) mem 0x8001040a 0x0
core   0: 0x80002e1a (0xfc249a23) sh      sp, -44(s1)
core   0: 3 0x80002e1a (0xfc249a23) mem 0x8001023a 0x0091
core   0: 0x80002e1e (0x0001b117) auipc   sp, 0x1b
core   0: 3 0x80002e1e (0x0001b117) x 2 0x8001de1e
core   0: 0x80002e22 (0x14b10113) addi    sp, sp, 331
core   0: 3 0x80002e22 (0x14b10113) x 2 0x8001df69
core   0: 0x80002e26 (0x00af35b3) sltu    a1, t5, a0
core   0: 3 0x80002e26 (0x00af35b3) x11 0x00000000
core   0: 0x80002e2a (0x007104a3) sb      t2, 9(sp)
core   0: 3 0x80002e2a (0x007104a3) mem 0x8001df72 0xc0
core   0: 0x80002e2e (0x019103a3) sb      s9, 7(sp)
core   0: 3 0x80002e2e (0x019103a3) mem 0x8001df70 0x1b
core   0: 0x80002e32 (0x00711683) lh      a3, 7(sp)
core   0: 3 0x80002e32 (0x00711683) x13 0xffff9c1b mem 0x8001df70
core   0: 0x80002e36 (0x72307317) auipc   t1, 0x72307
core   0: 3 0x80002e36 (0x72307317) x 6 0xf2309e36
core   0: 0x80002e3a (0x00f0d313) srli    t1, ra, 15
core   0: 3 0x80002e3a (0x00f0d313) x 6 0x0001ffff
core   0: 0x80002e3e (0x3916bc13) sltiu   s8, a3, 913
core   0: 3 0x80002e3e (0x3916bc13) x24 0x00000000
core   0: 0x80002e42 (0x01e4e433) or      s0, s1, t5
core   0: 3 0x80002e42 (0x01e4e433) x 8 0xffffffee
core   0: 0x80002e46 (0x00000001) c.nop
core   0: 3 0x80002e46 (0x0001)
core   0: 0x80002e48 (0x032d6db3) rem     s11, s10, s2
core   0: 3 0x80002e48 (0x032d6db3) x27 0x0000002c
core   0: 0x80002e4c (0xff510823) sb      s5, -16(sp)
core   0: 3 0x80002e4c (0xff510823) mem 0x8001df59 0x62
core   0: 0x80002e50 (0x00000001) c.nop
core   0: 3 0x80002e50 (0x0001)
core   0: 0x80002e52 (0x0000040e) c.slli  s0, 3
core   0: 3 0x80002e52 (0x040e) x 8 0xffffff70
core   0: 0x80002e54 (0x00210723) sb      sp, 14(sp)
core   0: 3 0x80002e54 (0x00210723) mem 0x8001df77 0x69
core   0: 0x80002e58 (0xfee12ba3) sw      a4, -9(sp)
core   0: 3 0x80002e58 (0xfee12ba3) mem 0x8001df60 0x00005bee
core   0: 0x80002e5c (0x01dd71b3) and     gp, s10, t4
core   0: 3 0x80002e5c (0x01dd71b3) x 3 0x00000000
core   0: 0x80002e60 (0xc68ef217) auipc   tp, 0xc68ef
core   0: 3 0x80002e60 (0xc68ef217) x 4 0x468f1e60
core   0: 0x80002e64 (0x01f12033) slt     zero, sp, t6
core   0: 3 0x80002e64 (0x01f12033)
core   0: 0x80002e68 (0x03b6d8b3) divu    a7, a3, s11
core   0: 3 0x80002e68 (0x03b6d8b3) x17 0x05d17217
core   0: 0x80002e6c (0x0000100f) fence.i
core   0: 3 0x80002e6c (0x0000100f)
core   0: 0x80002e70 (0xff414b03) lbu     s6, -12(sp)
core   0: 3 0x80002e70 (0xff414b03) x22 0x00000018 mem 0x8001df5d
core   0: 0x80002e74 (0x00000001) c.nop
core   0: 3 0x80002e74 (0x0001)
core   0: 0x80002e76 (0x01acbd33) sltu    s10, s9, s10
core   0: 3 0x80002e76 (0x01acbd33) x26 0x00000000
core   0: 0x80002e7a (0x0000829d) c.srli  a3, 7
core   0: 3 0x80002e7a (0x829d) x13 0x01ffff38
core   0: 0x80002e7c (0x008112a3) sh      s0, 5(sp)
core   0: 3 0x80002e7c (0x008112a3) mem 0x8001df6e 0xff70
core   0: 0x80002e80 (0x002106a3) sb      sp, 13(sp)
core   0: 3 0x80002e80 (0x002106a3) mem 0x8001df76 0x69
core   0: 0x80002e84 (0xffe14c03) lbu     s8, -2(sp)
core   0: 3 0x80002e84 (0xffe14c03) x24 0x00000053 mem 0x8001df67
core   0: 0x80002e88 (0x00a10123) sb      a0, 2(sp)
core   0: 3 0x80002e88 (0x00a10123) mem 0x8001df6b 0x64
core   0: 0x80002e8c (0x02e840b3) div     ra, a6, a4
core   0: 3 0x80002e8c (0x02e840b3) x 1 0xfffe9b94
core   0: 0x80002e90 (0x01f974b3) and     s1, s2, t6
core   0: 3 0x80002e90 (0x01f974b3) x 9 0x0000001b
core   0: 0x80002e94 (0x01b10723) sb      s11, 14(sp)
core   0: 3 0x80002e94 (0x01b10723) mem 0x8001df77 0x2c
core   0: 0x80002e98 (0x40140c33) sub     s8, s0, ra
core   0: 3 0x80002e98 (0x40140c33) x24 0x000163dc
core   0: 0x80002e9c (0x00714683) lbu     a3, 7(sp)
core   0: 3 0x80002e9c (0x00714683) x13 0x0000001b mem 0x8001df70
core   0: 0x80002ea0 (0x005f7333) and     t1, t5, t0
core   0: 3 0x80002ea0 (0x005f7333) x 6 0xffffb508
core   0: 0x80002ea4 (0x00004705) c.li    a4, 1
core   0: 3 0x80002ea4 (0x4705) x14 0x00000001
core   0: 0x80002ea6 (0xfee10c23) sb      a4, -8(sp)
core   0: 3 0x80002ea6 (0xfee10c23) mem 0x8001df61 0x1
core   0: 0x80002eaa (0x014e1293) slli    t0, t3, 20
core   0: 3 0x80002eaa (0x014e1293) x 5 0xf9c00000
core   0: 0x80002eae (0x7fa26893) ori     a7, tp, 2042
core   0: 3 0x80002eae (0x7fa26893) x17 0x468f1ffa
core   0: 0x80002eb2 (0x00008555) c.srai  a0, 21
core   0: 3 0x80002eb2 (0x8555) x10 0x00000000
core   0: 0x80002eb4 (0x00000191) c.addi  gp, 4
core   0: 3 0x80002eb4 (0x0191) x 3 0x00000004
core   0: 0x80002eb6 (0x00c10083) lb      ra, 12(sp)
core   0: 3 0x80002eb6 (0x00c10083) x 1 0x00000005 mem 0x8001df75
core   0: 0x80002eba (0x00018897) auipc   a7, 0x18
core   0: 3 0x80002eba (0x00018897) x17 0x8001aeba
core   0: 0x80002ebe (0x47488893) addi    a7, a7, 1140
core   0: 3 0x80002ebe (0x47488893) x17 0x8001b32e
core   0: 0x80002ec2 (0xf1f88303) lb      t1, -225(a7)
core   0: 3 0x80002ec2 (0xf1f88303) x 6 0xffffffdf mem 0x8001b24d
core   0: 0x80002ec6 (0xf6588203) lb      tp, -155(a7)
core   0: 3 0x80002ec6 (0xf6588203) x 4 0xffffffce mem 0x8001b293
core   0: 0x80002eca (0xf6f88103) lb      sp, -145(a7)
core   0: 3 0x80002eca (0xf6f88103) x 2 0xffffffb7 mem 0x8001b29d
core   0: 0x80002ece (0x0000d817) auipc   a6, 0xd
core   0: 3 0x80002ece (0x0000d817) x16 0x8000fece
core   0: 0x80002ed2 (0x19980813) addi    a6, a6, 409
core   0: 3 0x80002ed2 (0x19980813) x16 0x80010067
core   0: 0x80002ed6 (0xf6f8c403) lbu     s0, -145(a7)
core   0: 3 0x80002ed6 (0xf6f8c403) x 8 0x000000b7 mem 0x8001b29d
core   0: 0x80002eda (0x00c80023) sb      a2, 0(a6)
core   0: 3 0x80002eda (0x00c80023) mem 0x80010067 0xe4
core   0: 0x80002ede (0x72384983) lbu     s3, 1827(a6)
core   0: 3 0x80002ede (0x72384983) x19 0x000000a2 mem 0x8001078a
core   0: 0x80002ee2 (0x01982ca3) sw      s9, 25(a6)
core   0: 3 0x80002ee2 (0x01982ca3) mem 0x80010080 0x0000251b
core   0: 0x80002ee6 (0xf318ce03) lbu     t3, -207(a7)
core   0: 3 0x80002ee6 (0xf318ce03) x28 0x00000019 mem 0x8001b25f
core   0: 0x80002eea (0x000806a3) sb      zero, 13(a6)
core   0: 3 0x80002eea (0x000806a3) mem 0x80010074 0x0
core   0: 0x80002eee (0x09c89183) lh      gp, 156(a7)
core   0: 3 0x80002eee (0x09c89183) x 3 0x00003702 mem 0x8001b3ca
core   0: 0x80002ef2 (0x52b80223) sb      a1, 1316(a6)
core   0: 3 0x80002ef2 (0x52b80223) mem 0x8001058b 0x0
core   0: 0x80002ef6 (0x05288923) sb      s2, 82(a7)
core   0: 3 0x80002ef6 (0x05288923) mem 0x8001b380 0x7f
core   0: 0x80002efa (0x0000d117) auipc   sp, 0xd
core   0: 3 0x80002efa (0x0000d117) x 2 0x8000fefa
core   0: 0x80002efe (0x31810113) addi    sp, sp, 792
core   0: 3 0x80002efe (0x31810113) x 2 0x80010212
core   0: 0x80002f02 (0x274ca593) slti    a1, s9, 628
core   0: 3 0x80002f02 (0x274ca593) x11 0x00000000
core   0: 0x80002f06 (0xd809e193) ori     gp, s3, -640
core   0: 3 0x80002f06 (0xd809e193) x 3 0xfffffda2
core   0: 0x80002f0a (0x0000844d) c.srai  s0, 19
core   0: 3 0x80002f0a (0x844d) x 8 0x00000000
core   0: 0x80002f0c (0xfd3109a3) sb      s3, -45(sp)
core   0: 3 0x80002f0c (0xfd3109a3) mem 0x800101e5 0xa2
core   0: 0x80002f10 (0x02810f83) lb      t6, 40(sp)
core   0: 3 0x80002f10 (0x02810f83) x31 0xffffff91 mem 0x8001023a
core   0: 0x80002f14 (0xfc810f23) sb      s0, -34(sp)
core   0: 3 0x80002f14 (0xfc810f23) mem 0x800101f0 0x0
core   0: 0x80002f18 (0x00000001) c.nop
core   0: 3 0x80002f18 (0x0001)
core   0: 0x80002f1a (0x02b14503) lbu     a0, 43(sp)
core   0: 3 0x80002f1a (0x02b14503) x10 0x000000ef mem 0x8001023d
core   0: 0x80002f1e (0x00000001) c.nop
core   0: 3 0x80002f1e (0x0001)
core   0: 0x80002f20 (0x00bdc533) xor     a0, s11, a1
core   0: 3 0x80002f20 (0x00bdc533) x10 0x0000002c
core   0: 0x80002f24 (0x01510503) lb      a0, 21(sp)
core   0: 3 0x80002f24 (0x01510503) x10 0xffffffee mem 0x80010227
core   0: 0x80002f28 (0x004b04b3) add     s1, s6, tp
core   0: 3 0x80002f28 (0x004b04b3) x 9 0xffffffe6
core   0: 0x80002f2c (0xbfbff393) andi    t2, t6, -1029
core   0: 3 0x80002f2c (0xbfbff393) x 7 0xfffffb91
core   0: 0x80002f30 (0x01a100a3) sb      s10, 1(sp)
core   0: 3 0x80002f30 (0x01a100a3) mem 0x80010213 0x0
core   0: 0x80002f34 (0x00110083) lb      ra, 1(sp)
core   0: 3 0x80002f34 (0x00110083) x 1 0x00000000 mem 0x80010213
core   0: 0x80002f38 (0x00008685) c.srai  a3, 1
core   0: 3 0x80002f38 (0x8685) x13 0x0000000d
core   0: 0x80002f3a (0x4c993417) auipc   s0, 0x4c993
core   0: 3 0x80002f3a (0x4c993417) x 8 0xcc995f3a
core   0: 0x80002f3e (0x01310803) lb      a6, 19(sp)
core   0: 3 0x80002f3e (0x01310803) x16 0x0000000d mem 0x80010225
core   0: 0x80002f42 (0x00008eb5) c.xor   a3, a3
core   0: 3 0x80002f42 (0x8eb5) x13 0x00000000
core   0: 0x80002f44 (0x0332c333) div     t1, t0, s3
core   0: 3 0x80002f44 (0x0332c333) x 6 0xfff61f9b
core   0: 0x80002f48 (0xfd011483) lh      s1, -48(sp)
core   0: 3 0x80002f48 (0xfd011483) x 9 0xffffb4e6 mem 0x800101e2
core   0: 0x80002f4c (0x4118d713) srai    a4, a7, 17
core   0: 3 0x80002f4c (0x4118d713) x14 0xffffc000
core   0: 0x80002f50 (0x01f2acb3) slt     s9, t0, t6
core   0: 3 0x80002f50 (0x01f2acb3) x25 0x00000001
core   0: 0x80002f54 (0x02611d03) lh      s10, 38(sp)
core   0: 3 0x80002f54 (0x02611d03) x26 0x00005b20 mem 0x80010238
core   0: 0x80002f58 (0x000068cd) c.lui   a7, 0x13
core   0: 3 0x80002f58 (0x68cd) x17 0x00013000
core   0: 0x80002f5a (0x02a14803) lbu     a6, 42(sp)
core   0: 3 0x80002f5a (0x02a14803) x16 0x00000046 mem 0x8001023c
core   0: 0x80002f5e (0xfd810ea3) sb      s8, -35(sp)
core   0: 3 0x80002f5e (0xfd810ea3) mem 0x800101ef 0xdc
core   0: 0x80002f62 (0xfec12523) sw      a2, -22(sp)
core   0: 3 0x80002f62 (0xfec12523) mem 0x800101fc 0x80029ce4
core   0: 0x80002f66 (0x01210503) lb      a0, 18(sp)
core   0: 3 0x80002f66 (0x01210503) x10 0x00000033 mem 0x80010224
core   0: 0x80002f6a (0x9b3abf97) auipc   t6, 0x9b3ab
core   0: 3 0x80002f6a (0x9b3abf97) x31 0x1b3adf6a
core   0: 0x80002f6e (0x004104a3) sb      tp, 9(sp)
core   0: 3 0x80002f6e (0x004104a3) mem 0x8001021b 0xce
core   0: 0x80002f72 (0x01b99d33) sll     s10, s3, s11
core   0: 3 0x80002f72 (0x01b99d33) x26 0x000a2000
core   0: 0x80002f76 (0xfef14383) lbu     t2, -17(sp)
core   0: 3 0x80002f76 (0xfef14383) x 7 0x000000fc mem 0x80010201
core   0: 0x80002f7a (0x02c4e0b3) rem     ra, s1, a2
core   0: 3 0x80002f7a (0x02c4e0b3) x 1 0xffffb4e6
core   0: 0x80002f7e (0x00008d55) c.or    a0, a3
core   0: 3 0x80002f7e (0x8d55) x10 0x00000033
core   0: 0x80002f80 (0x00009afd) c.andi  a3, -1
core   0: 3 0x80002f80 (0x9afd) x13 0x00000000
core   0: 0x80002f82 (0xfc214a03) lbu     s4, -62(sp)
core   0: 3 0x80002f82 (0xfc214a03) x20 0x000000a3 mem 0x800101d4
core   0: 0x80002f86 (0x000011fd) c.addi  gp, -1
core   0: 3 0x80002f86 (0x11fd) x 3 0xfffffda1
core   0: 0x80002f88 (0xfc011a83) lh      s5, -64(sp)
core   0: 3 0x80002f88 (0xfc011a83) x21 0xffffaa03 mem 0x800101d2
core   0: 0x80002f8c (0x0280036f) jal     t1, pc + 0x28
core   0: 3 0x80002f8c (0x0280036f) x 6 0x80002f90
core   0: 0x80002fb4 (0x0000bfdd) c.j     pc - 10
core   0: 3 0x80002fb4 (0xbfdd)
core   0: 0x80002faa (0xfe7ff0ef) jal     pc - 0x1a
core   0: 3 0x80002faa (0xfe7ff0ef) x 1 0x80002fae
core   0: 0x80002f90 (0x0000200d) c.jal   pc + 34
core   0: 3 0x80002f90 (0x200d) x 1 0x80002f92
core   0: 0x80002fb2 (0x00002021) c.jal   pc + 8
core   0: 3 0x80002fb2 (0x2021) x 1 0x80002fb4
core   0: 0x80002fba (0x0000bff9) c.j     pc - 34
core   0: 3 0x80002fba (0xbff9)
core   0: 0x80002f98 (0x0180036f) jal     t1, pc + 0x18
core   0: 3 0x80002f98 (0x0180036f) x 6 0x80002f9c
core   0: 0x80002fb0 (0x000037cd) c.jal   pc - 30
core   0: 3 0x80002fb0 (0x37cd) x 1 0x80002fb2
core   0: 0x80002f92 (0x0000a805) c.j     pc + 48
core   0: 3 0x80002f92 (0xa805)
core   0: 0x80002fc2 (0x000037d5) c.jal   pc - 28
core   0: 3 0x80002fc2 (0x37d5) x 1 0x80002fc4
core   0: 0x80002fa6 (0x0000a801) c.j     pc + 16
core   0: 3 0x80002fa6 (0xa801)
core   0: 0x80002fb6 (0x0000bfcd) c.j     pc - 14
core   0: 3 0x80002fb6 (0xbfcd)
core   0: 0x80002fa8 (0x00002811) c.jal   pc + 20
core   0: 3 0x80002fa8 (0x2811) x 1 0x80002faa
core   0: 0x80002fbc (0xfe5ffc6f) jal     s8, pc - 0x1c
core   0: 3 0x80002fbc (0xfe5ffc6f) x24 0x80002fc0
core   0: 0x80002fa0 (0x00003ff5) c.jal   pc - 4
core   0: 3 0x80002fa0 (0x3ff5) x 1 0x80002fa2
core   0: 0x80002f9c (0x0000a809) c.j     pc + 18
core   0: 3 0x80002f9c (0xa809)
core   0: 0x80002fae (0x00002809) c.jal   pc + 18
core   0: 3 0x80002fae (0x2809) x 1 0x80002fb0
core   0: 0x80002fc0 (0x0000bff9) c.j     pc - 34
core   0: 3 0x80002fc0 (0xbff9)
core   0: 0x80002f9e (0x0000a829) c.j     pc + 26
core   0: 3 0x80002f9e (0xa829)
core   0: 0x80002fb8 (0x0000bff9) c.j     pc - 34
core   0: 3 0x80002fb8 (0xbff9)
core   0: 0x80002f96 (0x0000a031) c.j     pc + 12
core   0: 3 0x80002f96 (0xa031)
core   0: 0x80002fa2 (0xff3ff36f) jal     t1, pc - 0xe
core   0: 3 0x80002fa2 (0xff3ff36f) x 6 0x80002fa6
core   0: 0x80002f94 (0x00002805) c.jal   pc + 48
core   0: 3 0x80002f94 (0x2805) x 1 0x80002f96
core   0: 0x80002fc4 (0x00008d56) c.mv    s10, s5
core   0: 3 0x80002fc4 (0x8d56) x26 0xffffaa03
core   0: 0x80002fc6 (0x00014117) auipc   sp, 0x14
core   0: 3 0x80002fc6 (0x00014117) x 2 0x80016fc6
core   0: 0x80002fca (0x96210113) addi    sp, sp, -1694
core   0: 3 0x80002fca (0x96210113) x 2 0x80016928
core   0: 0x80002fce (0x00008f92) c.mv    t6, tp
core   0: 3 0x80002fce (0x8f92) x31 0xffffffce
core   0: 0x80002fd0 (0xd1e12023) sw      t5, -768(sp)
core   0: 3 0x80002fd0 (0xd1e12023) mem 0x80016628 0xffffff88
core   0: 0x80002fd4 (0xd0011d83) lh      s11, -768(sp)
core   0: 3 0x80002fd4 (0xd0011d83) x27 0xffffff88 mem 0x80016628
core   0: 0x80002fd8 (0x00000195) c.addi  gp, 5
core   0: 3 0x80002fd8 (0x0195) x 3 0xfffffda6
core   0: 0x80002fda (0xbc114f83) lbu     t6, -1087(sp)
core   0: 3 0x80002fda (0xbc114f83) x31 0x000000a9 mem 0x800164e9
core   0: 0x80002fde (0x5cb10523) sb      a1, 1482(sp)
core   0: 3 0x80002fde (0x5cb10523) mem 0x80016ef2 0x0
core   0: 0x80002fe2 (0x01bb43b3) xor     t2, s6, s11
core   0: 3 0x80002fe2 (0x01bb43b3) x 7 0xffffff90
core   0: 0x80002fe6 (0x00467a33) and     s4, a2, tp
core   0: 3 0x80002fe6 (0x00467a33) x20 0x80029cc4
core   0: 0x80002fea (0x5ca14203) lbu     tp, 1482(sp)
core   0: 3 0x80002fea (0x5ca14203) x 4 0x00000000 mem 0x80016ef2
core   0: 0x80002fee (0x01fd9d13) slli    s10, s11, 31
core   0: 3 0x80002fee (0x01fd9d13) x26 0x00000000
core   0: 0x80002ff2 (0xcb812303) lw      t1, -840(sp)
core   0: 3 0x80002ff2 (0xcb812303) x 6 0x5528dd9e mem 0x800165e0
core   0: 0x80002ff6 (0xcb812b83) lw      s7, -840(sp)
core   0: 3 0x80002ff6 (0xcb812b83) x23 0x5528dd9e mem 0x800165e0
core   0: 0x80002ffa (0x02bc1933) mulh    s2, s8, a1
core   0: 3 0x80002ffa (0x02bc1933) x18 0x00000000
core   0: 0x80002ffe (0xcb812e03) lw      t3, -840(sp)
core   0: 3 0x80002ffe (0xcb812e03) x28 0x5528dd9e mem 0x800165e0
core   0: 0x80003002 (0xf5615d03) lhu     s10, -170(sp)
core   0: 3 0x80003002 (0xf5615d03) x26 0x00009d72 mem 0x8001687e
core   0: 0x80003006 (0x3b914403) lbu     s0, 953(sp)
core   0: 3 0x80003006 (0x3b914403) x 8 0x00000037 mem 0x80016ce1
core   0: 0x8000300a (0x000042a2) c.lwsp  t0, 8(sp)
core   0: 3 0x8000300a (0x42a2) x 5 0x563e03f5 mem 0x80016930
core   0: 0x8000300c (0x0001c897) auipc   a7, 0x1c
core   0: 3 0x8000300c (0x0001c897) x17 0x8001f00c
core   0: 0x80003010 (0x5d488893) addi    a7, a7, 1492
core   0: 3 0x80003010 (0x5d488893) x17 0x8001f5e0
core   0: 0x80003014 (0x065886a3) sb      t0, 109(a7)
core   0: 3 0x80003014 (0x065886a3) mem 0x8001f64d 0xf5
core   0: 0x80003018 (0x06d8c303) lbu     t1, 109(a7)
core   0: 3 0x80003018 (0x06d8c303) x 6 0x000000f5 mem 0x8001f64d
core   0: 0x8000301c (0xff989f23) sh      s9, -2(a7)
core   0: 3 0x8000301c (0xff989f23) mem 0x8001f5de 0x0001
core   0: 0x80003020 (0x04788903) lb      s2, 71(a7)
core   0: 3 0x80003020 (0x04788903) x18 0x0000005b mem 0x8001f627
core   0: 0x80003024 (0x04788e03) lb      t3, 71(a7)
core   0: 3 0x80003024 (0x04788e03) x28 0x0000005b mem 0x8001f627
core   0: 0x80003028 (0xf3f88423) sb      t6, -216(a7)
core   0: 3 0x80003028 (0xf3f88423) mem 0x8001f508 0xa9
core   0: 0x8000302c (0x0b7885a3) sb      s7, 171(a7)
core   0: 3 0x8000302c (0x0b7885a3) mem 0x8001f68b 0x9e
core   0: 0x80003030 (0xf2388303) lb      t1, -221(a7)
core   0: 3 0x80003030 (0xf2388303) x 6 0x00000039 mem 0x8001f503
core   0: 0x80003034 (0x0788dc83) lhu     s9, 120(a7)
core   0: 3 0x80003034 (0x0788dc83) x25 0x000039c5 mem 0x8001f658
core   0: 0x80003038 (0x6e078313) addi    t1, a5, 1760
core   0: 3 0x80003038 (0x6e078313) x 6 0x80026544
core   0: 0x8000303c (0x07289803) lh      a6, 114(a7)
core   0: 3 0x8000303c (0x07289803) x16 0xffffa4a3 mem 0x8001f652
core   0: 0x80003040 (0x0728c583) lbu     a1, 114(a7)
core   0: 3 0x80003040 (0x0728c583) x11 0x000000a3 mem 0x8001f652
core   0: 0x80003044 (0x07688923) sb      s6, 114(a7)
core   0: 3 0x80003044 (0x07688923) mem 0x8001f652 0x18
core   0: 0x80003048 (0x07f88923) sb      t6, 114(a7)
core   0: 3 0x80003048 (0x07f88923) mem 0x8001f652 0xa9
core   0: 0x8000304c (0xdf373093) sltiu   ra, a4, -525
core   0: 3 0x8000304c (0xdf373093) x 1 0x00000001
core   0: 0x80003050 (0x07289983) lh      s3, 114(a7)
core   0: 3 0x80003050 (0x07289983) x19 0xffffa4a9 mem 0x8001f652
core   0: 0x80003054 (0xf978c583) lbu     a1, -105(a7)
core   0: 3 0x80003054 (0xf978c583) x11 0x0000007f mem 0x8001f577
core   0: 0x80003058 (0x0000100f) fence.i
core   0: 3 0x80003058 (0x0000100f)
core   0: 0x8000305c (0x06188e03) lb      t3, 97(a7)
core   0: 3 0x8000305c (0x06188e03) x28 0xffffffb5 mem 0x8001f641
core   0: 0x80003060 (0x070880a3) sb      a6, 97(a7)
core   0: 3 0x80003060 (0x070880a3) mem 0x8001f641 0xa3
core   0: 0x80003064 (0x00017c17) auipc   s8, 0x17
core   0: 3 0x80003064 (0x00017c17) x24 0x8001a064
core   0: 0x80003068 (0x1b3c0c13) addi    s8, s8, 435
core   0: 3 0x80003068 (0x1b3c0c13) x24 0x8001a217
core   0: 0x8000306c (0x0001c917) auipc   s2, 0x1c
core   0: 3 0x8000306c (0x0001c917) x18 0x8001f06c
core   0: 0x80003070 (0xe9790913) addi    s2, s2, -361
core   0: 3 0x80003070 (0xe9790913) x18 0x8001ef03
core   0: 0x80003074 (0x00016097) auipc   ra, 0x16
core   0: 3 0x80003074 (0x00016097) x 1 0x80019074
core   0: 0x80003078 (0x8e808093) addi    ra, ra, -1816
core   0: 3 0x80003078 (0x8e808093) x 1 0x8001895c
core   0: 0x8000307c (0xff4c0483) lb      s1, -12(s8)
core   0: 3 0x8000307c (0xff4c0483) x 9 0xfffffff4 mem 0x8001a20b
core   0: 0x80003080 (0xffa94203) lbu     tp, -6(s2)
core   0: 3 0x80003080 (0xffa94203) x 4 0x00000044 mem 0x8001eefd
core   0: 0x80003084 (0x00cc0483) lb      s1, 12(s8)
core   0: 3 0x80003084 (0x00cc0483) x 9 0xffffffb5 mem 0x8001a223
core   0: 0x80003088 (0x0f308e03) lb      t3, 243(ra)
core   0: 3 0x80003088 (0x0f308e03) x28 0x00000004 mem 0x80018a4f
core   0: 0x8000308c (0x005c2883) lw      a7, 5(s8)
core   0: 3 0x8000308c (0x005c2883) x17 0xfa9998f3 mem 0x8001a21c
core   0: 0x80003090 (0x0001d697) auipc   a3, 0x1d
core   0: 3 0x80003090 (0x0001d697) x13 0x80020090
core   0: 0x80003094 (0xbcc68693) addi    a3, a3, -1076
core   0: 3 0x80003094 (0xbcc68693) x13 0x8001fc5c
core   0: 0x80003098 (0x00a94e03) lbu     t3, 10(s2)
core   0: 3 0x80003098 (0x00a94e03) x28 0x0000003e mem 0x8001ef0d
core   0: 0x8000309c (0xff96c503) lbu     a0, -7(a3)
core   0: 3 0x8000309c (0xff96c503) x10 0x0000002a mem 0x8001fc55
core   0: 0x800030a0 (0xf8708883) lb      a7, -121(ra)
core   0: 3 0x800030a0 (0xf8708883) x17 0x00000001 mem 0x800188e3
core   0: 0x800030a4 (0x04508a83) lb      s5, 69(ra)
core   0: 3 0x800030a4 (0x04508a83) x21 0xffffffab mem 0x800189a1
core   0: 0x800030a8 (0xfe9688a3) sb      s1, -15(a3)
core   0: 3 0x800030a8 (0xfe9688a3) mem 0x8001fc4d 0xb5
core   0: 0x800030ac (0x018c0623) sb      s8, 12(s8)
core   0: 3 0x800030ac (0x018c0623) mem 0x8001a223 0x17
core   0: 0x800030b0 (0xf7508d83) lb      s11, -139(ra)
core   0: 3 0x800030b0 (0xf7508d83) x27 0xffffffca mem 0x800188d1
core   0: 0x800030b4 (0x008c0703) lb      a4, 8(s8)
core   0: 3 0x800030b4 (0x008c0703) x14 0xfffffffa mem 0x8001a21f
core   0: 0x800030b8 (0x00d90523) sb      a3, 10(s2)
core   0: 3 0x800030b8 (0x00d90523) mem 0x8001ef0d 0x5c
core   0: 0x800030bc (0x00cc0b83) lb      s7, 12(s8)
core   0: 3 0x800030bc (0x00cc0b83) x23 0x00000017 mem 0x8001a223
core   0: 0x800030c0 (0x00e08723) sb      a4, 14(ra)
core   0: 3 0x800030c0 (0x00e08723) mem 0x8001896a 0xfa
core   0: 0x800030c4 (0xfe290a23) sb      sp, -12(s2)
core   0: 3 0x800030c4 (0xfe290a23) mem 0x8001eef7 0x28
core   0: 0x800030c8 (0xff5c4f03) lbu     t5, -11(s8)
core   0: 3 0x800030c8 (0xff5c4f03) x30 0x00000018 mem 0x8001a20c
core   0: 0x800030cc (0x000906a3) sb      zero, 13(s2)
core   0: 3 0x800030cc (0x000906a3) mem 0x8001ef10 0x0
core   0: 0x800030d0 (0xffa68b03) lb      s6, -6(a3)
core   0: 3 0x800030d0 (0xffa68b03) x22 0xffffff89 mem 0x8001fc56
core   0: 0x800030d4 (0xff191283) lh      t0, -15(s2)
core   0: 3 0x800030d4 (0xff191283) x 5 0xffffaaa3 mem 0x8001eef4
core   0: 0x800030d8 (0xff9c4483) lbu     s1, -7(s8)
core   0: 3 0x800030d8 (0xff9c4483) x 9 0x00000069 mem 0x8001a210
core   0: 0x800030dc (0xfff08d03) lb      s10, -1(ra)
core   0: 3 0x800030dc (0xfff08d03) x26 0x00000014 mem 0x8001895b
core   0: 0x800030e0 (0x01168da3) sb      a7, 27(a3)
core   0: 3 0x800030e0 (0x01168da3) mem 0x8001fc77 0x1
core   0: 0x800030e4 (0x00bc4203) lbu     tp, 11(s8)
core   0: 3 0x800030e4 (0x00bc4203) x 4 0x00000044 mem 0x8001a222
core   0: 0x800030e8 (0x00b08d83) lb      s11, 11(ra)
core   0: 3 0x800030e8 (0x00b08d83) x27 0x00000003 mem 0x80018967
core   0: 0x800030ec (0x08a0d703) lhu     a4, 138(ra)
core   0: 3 0x800030ec (0x08a0d703) x14 0x0000c79c mem 0x800189e6
core   0: 0x800030f0 (0xfca6dd03) lhu     s10, -54(a3)
core   0: 3 0x800030f0 (0xfca6dd03) x26 0x000006c8 mem 0x8001fc26
core   0: 0x800030f4 (0x00608c83) lb      s9, 6(ra)
core   0: 3 0x800030f4 (0x00608c83) x25 0xffffffaa mem 0x80018962
core   0: 0x800030f8 (0x01490123) sb      s4, 2(s2)
core   0: 3 0x800030f8 (0x01490123) mem 0x8001ef05 0xc4
core   0: 0x800030fc (0xfe1909a3) sb      ra, -13(s2)
core   0: 3 0x800030fc (0xfe1909a3) mem 0x8001eef6 0x5c
core   0: 0x80003100 (0xffac0b23) sb      s10, -10(s8)
core   0: 3 0x80003100 (0xffac0b23) mem 0x8001a20d 0xc8
core   0: 0x80003104 (0x01390523) sb      s3, 10(s2)
core   0: 3 0x80003104 (0x01390523) mem 0x8001ef0d 0xa9
core   0: 0x80003108 (0x0300036f) jal     t1, pc + 0x30
core   0: 3 0x80003108 (0x0300036f) x 6 0x8000310c
core   0: 0x80003138 (0x00002031) c.jal   pc + 12
core   0: 3 0x80003138 (0x2031) x 1 0x8000313a
core   0: 0x80003144 (0xfe3ff0ef) jal     pc - 0x1e
core   0: 3 0x80003144 (0xfe3ff0ef) x 1 0x80003148
core   0: 0x80003126 (0x00002829) c.jal   pc + 26
core   0: 3 0x80003126 (0x2829) x 1 0x80003128
core   0: 0x80003140 (0xfebff0ef) jal     pc - 0x16
core   0: 3 0x80003140 (0xfebff0ef) x 1 0x80003144
core   0: 0x8000312a (0x00a000ef) jal     pc + 0xa
core   0: 3 0x8000312a (0x00a000ef) x 1 0x8000312e
core   0: 0x80003134 (0xfddffaef) jal     s5, pc - 0x24
core   0: 3 0x80003134 (0xfddffaef) x21 0x80003138
core   0: 0x80003110 (0x0000a02d) c.j     pc + 42
core   0: 3 0x80003110 (0xa02d)
core   0: 0x8000313a (0xfe9ff36f) jal     t1, pc - 0x18
core   0: 3 0x8000313a (0xfe9ff36f) x 6 0x8000313e
core   0: 0x80003122 (0x00003ffd) c.jal   pc - 2
core   0: 3 0x80003122 (0x3ffd) x 1 0x80003124
core   0: 0x80003120 (0x00003fcd) c.jal   pc - 14
core   0: 3 0x80003120 (0x3fcd) x 1 0x80003122
core   0: 0x80003112 (0x00002005) c.jal   pc + 32
core   0: 3 0x80003112 (0x2005) x 1 0x80003114
core   0: 0x80003132 (0x0000a031) c.j     pc + 12
core   0: 3 0x80003132 (0xa031)
core   0: 0x8000313e (0x00003fc5) c.jal   pc - 16
core   0: 3 0x8000313e (0x3fc5) x 1 0x80003140
core   0: 0x8000312e (0x0000bfdd) c.j     pc - 10
core   0: 3 0x8000312e (0xbfdd)
core   0: 0x80003124 (0x0000bfcd) c.j     pc - 14
core   0: 3 0x80003124 (0xbfcd)
core   0: 0x80003116 (0x00002011) c.jal   pc + 4
core   0: 3 0x80003116 (0x2011) x 1 0x80003118
core   0: 0x8000311a (0x0000bfcd) c.j     pc - 14
core   0: 3 0x8000311a (0xbfcd)
core   0: 0x8000310c (0x00002009) c.jal   pc + 2
core   0: 3 0x8000310c (0x2009) x 1 0x8000310e
core   0: 0x8000310e (0x0000a029) c.j     pc + 10
core   0: 3 0x8000310e (0xa029)
core   0: 0x80003118 (0x0000a011) c.j     pc + 4
core   0: 3 0x80003118 (0xa011)
core   0: 0x8000311c (0xff9ff36f) jal     t1, pc - 0x8
core   0: 3 0x8000311c (0xff9ff36f) x 6 0x80003120
core   0: 0x80003114 (0x0000a811) c.j     pc + 20
core   0: 3 0x80003114 (0xa811)
core   0: 0x80003128 (0x00002021) c.jal   pc + 8
core   0: 3 0x80003128 (0x2021) x 1 0x8000312a
core   0: 0x80003130 (0x00002821) c.jal   pc + 24
core   0: 3 0x80003130 (0x2821) x 1 0x80003132
core   0: 0x80003148 (0x0000717d) c.addi16sp sp, -16
core   0: 3 0x80003148 (0x717d) x 2 0x80016918
core   0: 0x8000314a (0x0000e117) auipc   sp, 0xe
core   0: 3 0x8000314a (0x0000e117) x 2 0x8001114a
core   0: 0x8000314e (0xaf110113) addi    sp, sp, -1295
core   0: 3 0x8000314e (0xaf110113) x 2 0x80010c3b
core   0: 0x80003152 (0x00008771) c.srai  a4, 28
core   0: 3 0x80003152 (0x8771) x14 0x00000000
core   0: 0x80003154 (0x40ead313) srai    t1, s5, 14
core   0: 3 0x80003154 (0x40ead313) x 6 0xfffe0000
core   0: 0x80003158 (0x0a211ea3) sh      sp, 189(sp)
core   0: 3 0x80003158 (0x0a211ea3) mem 0x80010cf8 0x0c3b
core   0: 0x8000315c (0x14210223) sb      sp, 324(sp)
core   0: 3 0x8000315c (0x14210223) mem 0x80010d7f 0x3b
core   0: 0x80003160 (0x14414483) lbu     s1, 324(sp)
core   0: 3 0x80003160 (0x14414483) x 9 0x0000003b mem 0x80010d7f
core   0: 0x80003164 (0x0148cfb3) xor     t6, a7, s4
core   0: 3 0x80003164 (0x0148cfb3) x31 0x80029cc5
core   0: 0x80003168 (0x14110223) sb      ra, 324(sp)
core   0: 3 0x80003168 (0x14110223) mem 0x80010d7f 0x32
core   0: 0x8000316c (0x14f10223) sb      a5, 324(sp)
core   0: 3 0x8000316c (0x14f10223) mem 0x80010d7f 0x64
core   0: 0x80003170 (0x14414a83) lbu     s5, 324(sp)
core   0: 3 0x80003170 (0x14414a83) x21 0x00000064 mem 0x80010d7f
core   0: 0x80003174 (0x14414f03) lbu     t5, 324(sp)
core   0: 3 0x80003174 (0x14414f03) x30 0x00000064 mem 0x80010d7f
core   0: 0x80003178 (0x14414683) lbu     a3, 324(sp)
core   0: 3 0x80003178 (0x14414683) x13 0x00000064 mem 0x80010d7f
core   0: 0x8000317c (0x01033d33) sltu    s10, t1, a6
core   0: 3 0x8000317c (0x01033d33) x26 0x00000001
core   0: 0x80003180 (0xa4820393) addi    t2, tp, -1464
core   0: 3 0x80003180 (0xa4820393) x 7 0xfffffa8c
core   0: 0x80003184 (0x14410083) lb      ra, 324(sp)
core   0: 3 0x80003184 (0x14410083) x 1 0x00000064 mem 0x80010d7f
core   0: 0x80003188 (0x14410303) lb      t1, 324(sp)
core   0: 3 0x80003188 (0x14410303) x 6 0x00000064 mem 0x80010d7f
core   0: 0x8000318c (0x14410003) lb      zero, 324(sp)
core   0: 3 0x8000318c (0x14410003) mem 0x80010d7f
core   0: 0x80003190 (0x14210223) sb      sp, 324(sp)
core   0: 3 0x80003190 (0x14210223) mem 0x80010d7f 0x3b
core   0: 0x80003194 (0x00700493) li      s1, 7
core   0: 3 0x80003194 (0x00700493) x 9 0x00000007
core   0: 0x80003198 (0x012b5a33) srl     s4, s6, s2
core   0: 3 0x80003198 (0x012b5a33) x20 0x1ffffff1
core   0: 0x8000319c (0x00d371b3) and     gp, t1, a3
core   0: 3 0x8000319c (0x00d371b3) x 3 0x00000064
core   0: 0x800031a0 (0x00a00293) li      t0, 10
core   0: 3 0x800031a0 (0x00a00293) x 5 0x0000000a
core   0: 0x800031a4 (0x0295f0b3) remu    ra, a1, s1
core   0: 3 0x800031a4 (0x0295f0b3) x 1 0x00000001
core   0: 0x800031a8 (0x000004a9) c.addi  s1, 10
core   0: 3 0x800031a8 (0x04a9) x 9 0x00000011
core   0: 0x800031aa (0x0000926e) c.add   tp, s11
core   0: 3 0x800031aa (0x926e) x 4 0x00000047
core   0: 0x800031ac (0x00008e99) c.sub   a3, a4
core   0: 3 0x800031ac (0x8e99) x13 0x00000064
core   0: 0x800031ae (0x005733b3) sltu    t2, a4, t0
core   0: 3 0x800031ae (0x005733b3) x 7 0x00000001
core   0: 0x800031b2 (0x00800d93) li      s11, 8
core   0: 3 0x800031b2 (0x00800d93) x27 0x00000008
core   0: 0x800031b6 (0x08ceac93) slti    s9, t4, 140
core   0: 3 0x800031b6 (0x08ceac93) x25 0x00000001
core   0: 0x800031ba (0x01400f93) li      t6, 20
core   0: 3 0x800031ba (0x01400f93) x31 0x00000014
core   0: 0x800031be (0x00000001) c.nop
core   0: 3 0x800031be (0x0001)
core   0: 0x800031c0 (0x03b32ab3) mulhsu  s5, t1, s11
core   0: 3 0x800031c0 (0x03b32ab3) x21 0x00000000
core   0: 0x800031c4 (0x01c6e6b3) or      a3, a3, t3
core   0: 3 0x800031c4 (0x01c6e6b3) x13 0x0000007e
core   0: 0x800031c8 (0x01ddbcb3) sltu    s9, s11, t4
core   0: 3 0x800031c8 (0x01ddbcb3) x25 0x00000000
core   0: 0x800031cc (0x0ff0000f) fence   iorw,iorw
core   0: 3 0x800031cc (0x0ff0000f)
core   0: 0x800031d0 (0x0000039d) c.addi  t2, 7
core   0: 3 0x800031d0 (0x039d) x 7 0x00000008
core   0: 0x800031d2 (0x00000d99) c.addi  s11, 6
core   0: 3 0x800031d2 (0x0d99) x27 0x0000000e
core   0: 0x800031d4 (0x00f0d893) srli    a7, ra, 15
core   0: 3 0x800031d4 (0x00f0d893) x17 0x00000000
core   0: 0x800031d8 (0x03936c33) rem     s8, t1, s9
core   0: 3 0x800031d8 (0x03936c33) x24 0x00000064
core   0: 0x800031dc (0x94eab513) sltiu   a0, s5, -1714
core   0: 3 0x800031dc (0x94eab513) x10 0x00000001
core   0: 0x800031e0 (0xfffd94e3) bne     s11, t6, pc - 24
core   0: 3 0x800031e0 (0xfffd94e3)
core   0: 0x800031c8 (0x01ddbcb3) sltu    s9, s11, t4
core   0: 3 0x800031c8 (0x01ddbcb3) x25 0x00000000
core   0: 0x800031cc (0x0ff0000f) fence   iorw,iorw
core   0: 3 0x800031cc (0x0ff0000f)
core   0: 0x800031d0 (0x0000039d) c.addi  t2, 7
core   0: 3 0x800031d0 (0x039d) x 7 0x0000000f
core   0: 0x800031d2 (0x00000d99) c.addi  s11, 6
core   0: 3 0x800031d2 (0x0d99) x27 0x00000014
core   0: 0x800031d4 (0x00f0d893) srli    a7, ra, 15
core   0: 3 0x800031d4 (0x00f0d893) x17 0x00000000
core   0: 0x800031d8 (0x03936c33) rem     s8, t1, s9
core   0: 3 0x800031d8 (0x03936c33) x24 0x00000064
core   0: 0x800031dc (0x94eab513) sltiu   a0, s5, -1714
core   0: 3 0x800031dc (0x94eab513) x10 0x00000001
core   0: 0x800031e0 (0xfffd94e3) bne     s11, t6, pc - 24
core   0: 3 0x800031e0 (0xfffd94e3)
core   0: 0x800031e4 (0x00000001) c.nop
core   0: 3 0x800031e4 (0x0001)
core   0: 0x800031e6 (0x011ef5b3) and     a1, t4, a7
core   0: 3 0x800031e6 (0x011ef5b3) x11 0x00000000
core   0: 0x800031ea (0x00008d39) c.xor   a0, a4
core   0: 3 0x800031ea (0x8d39) x10 0x00000001
core   0: 0x800031ec (0xfa54ece3) bltu    s1, t0, pc - 72
core   0: 3 0x800031ec (0xfa54ece3)
core   0: 0x800031f0 (0x0ff0000f) fence   iorw,iorw
core   0: 3 0x800031f0 (0x0ff0000f)
core   0: 0x800031f4 (0x00013c17) auipc   s8, 0x13
core   0: 3 0x800031f4 (0x00013c17) x24 0x800161f4
core   0: 0x800031f8 (0x5cac0c13) addi    s8, s8, 1482
core   0: 3 0x800031f8 (0x5cac0c13) x24 0x800167be
core   0: 0x800031fc (0xffec0703) lb      a4, -2(s8)
core   0: 3 0x800031fc (0xffec0703) x14 0x0000001e mem 0x800167bc
core   0: 0x80003200 (0xff1c4e03) lbu     t3, -15(s8)
core   0: 3 0x80003200 (0xff1c4e03) x28 0x00000021 mem 0x800167af
core   0: 0x80003204 (0x00008ec5) c.or    a3, s1
core   0: 3 0x80003204 (0x8ec5) x13 0x0000007f
core   0: 0x80003206 (0x038bbdb3) mulhu   s11, s7, s8
core   0: 3 0x80003206 (0x038bbdb3) x27 0x0000000b
core   0: 0x8000320a (0x001f46b3) xor     a3, t5, ra
core   0: 3 0x8000320a (0x001f46b3) x13 0x00000065
core   0: 0x8000320e (0x017de133) or      sp, s11, s7
core   0: 3 0x8000320e (0x017de133) x 2 0x0000001f
core   0: 0x80003212 (0xff2c2403) lw      s0, -14(s8)
core   0: 3 0x80003212 (0xff2c2403) x 8 0x7c8e071d mem 0x800167b0
core   0: 0x80003216 (0x020dfe33) remu    t3, s11, zero
core   0: 3 0x80003216 (0x020dfe33) x28 0x0000000b
core   0: 0x8000321a (0x0ff0000f) fence   iorw,iorw
core   0: 3 0x8000321a (0x0ff0000f)
core   0: 0x8000321e (0x00df56b3) srl     a3, t5, a3
core   0: 3 0x8000321e (0x00df56b3) x13 0x00000003
core   0: 0x80003222 (0xe63f8493) addi    s1, t6, -413
core   0: 3 0x80003222 (0xe63f8493) x 9 0xfffffe77
core   0: 0x80003226 (0x00000494) c.addi4spn a3, sp, 576
core   0: 3 0x80003226 (0x0494) x13 0x0000025f
core   0: 0x80003228 (0x00008db5) c.xor   a1, a3
core   0: 3 0x80003228 (0x8db5) x11 0x0000025f
core   0: 0x8000322a (0xff5c0503) lb      a0, -11(s8)
core   0: 3 0x8000322a (0xff5c0503) x10 0x0000007c mem 0x800167b3
core   0: 0x8000322e (0x00006351) c.lui   t1, 0x14
core   0: 3 0x8000322e (0x6351) x 6 0x00014000
core   0: 0x80003230 (0xffec0823) sb      t5, -16(s8)
core   0: 3 0x80003230 (0xffec0823) mem 0x800167ae 0x64
core   0: 0x80003234 (0x197c7713) andi    a4, s8, 407
core   0: 3 0x80003234 (0x197c7713) x14 0x00000196
core   0: 0x80003238 (0xff2c4703) lbu     a4, -14(s8)
core   0: 3 0x80003238 (0xff2c4703) x14 0x0000001d mem 0x800167b0
core   0: 0x8000323c (0xfeac09a3) sb      a0, -13(s8)
core   0: 3 0x8000323c (0xfeac09a3) mem 0x800167b1 0x7c
core   0: 0x80003240 (0x0187e733) or      a4, a5, s8
core   0: 3 0x80003240 (0x0187e733) x14 0x80037ffe
core   0: 0x80003244 (0x035b9d33) mulh    s10, s7, s5
core   0: 3 0x80003244 (0x035b9d33) x26 0x00000000
core   0: 0x80003248 (0x41fcd833) sra     a6, s9, t6
core   0: 3 0x80003248 (0x41fcd833) x16 0x00000000
core   0: 0x8000324c (0x40865cb3) sra     s9, a2, s0
core   0: 3 0x8000324c (0x40865cb3) x25 0xfffffffc
core   0: 0x80003250 (0x00c653b3) srl     t2, a2, a2
core   0: 3 0x80003250 (0x00c653b3) x 7 0x080029ce
core   0: 0x80003254 (0x000f1133) sll     sp, t5, zero
core   0: 3 0x80003254 (0x000f1133) x 2 0x00000064
core   0: 0x80003258 (0x000086ba) c.mv    a3, a4
core   0: 3 0x80003258 (0x86ba) x13 0x80037ffe
core   0: 0x8000325a (0xff2c0a03) lb      s4, -14(s8)
core   0: 3 0x8000325a (0xff2c0a03) x20 0x0000001d mem 0x800167b0
core   0: 0x8000325e (0x000086a5) c.srai  a3, 9
core   0: 3 0x8000325e (0x86a5) x13 0xffc001bf
core   0: 0x80003260 (0xff6c1a23) sh      s6, -12(s8)
core   0: 3 0x80003260 (0xff6c1a23) mem 0x800167b2 0xff89
core   0: 0x80003264 (0xff4c1203) lh      tp, -12(s8)
core   0: 3 0x80003264 (0xff4c1203) x 4 0xffffff89 mem 0x800167b2
core   0: 0x80003268 (0xad766713) ori     a4, a2, -1321
core   0: 3 0x80003268 (0xad766713) x14 0xfffffef7
core   0: 0x8000326c (0x0000100f) fence.i
core   0: 3 0x8000326c (0x0000100f)
core   0: 0x80003270 (0x00ac5e03) lhu     t3, 10(s8)
core   0: 3 0x80003270 (0x00ac5e03) x28 0x0000fd13 mem 0x800167c8
core   0: 0x80003274 (0x01b6d293) srli    t0, a3, 27
core   0: 3 0x80003274 (0x01b6d293) x 5 0x0000001f
core   0: 0x80003278 (0x001c4c83) lbu     s9, 1(s8)
core   0: 3 0x80003278 (0x001c4c83) x25 0x000000a3 mem 0x800167bf
core   0: 0x8000327c (0x0000043e) c.slli  s0, 15
core   0: 3 0x8000327c (0x043e) x 8 0x038e8000
core   0: 0x8000327e (0x007c0403) lb      s0, 7(s8)
core   0: 3 0x8000327e (0x007c0403) x 8 0x00000029 mem 0x800167c5
core   0: 0x80003282 (0x00bc4a03) lbu     s4, 11(s8)
core   0: 3 0x80003282 (0x00bc4a03) x20 0x000000fd mem 0x800167c9
core   0: 0x80003286 (0x00009da2) c.add   s11, s0
core   0: 3 0x80003286 (0x9da2) x27 0x00000034
core   0: 0x80003288 (0x008da0b3) slt     ra, s11, s0
core   0: 3 0x80003288 (0x008da0b3) x 1 0x00000000
core   0: 0x8000328c (0xff4c1703) lh      a4, -12(s8)
core   0: 3 0x8000328c (0xff4c1703) x14 0xffffff89 mem 0x800167b2
core   0: 0x80003290 (0x032f6733) rem     a4, t5, s2
core   0: 3 0x80003290 (0x032f6733) x14 0x00000064
core   0: 0x80003294 (0xffcc5a03) lhu     s4, -4(s8)
core   0: 3 0x80003294 (0xffcc5a03) x20 0x00009580 mem 0x800167ba
core   0: 0x80003298 (0x03213533) mulhu   a0, sp, s2
core   0: 3 0x80003298 (0x03213533) x10 0x00000032
core   0: 0x8000329c (0x00aca433) slt     s0, s9, a0
core   0: 3 0x8000329c (0x00aca433) x 8 0x00000000
core   0: 0x800032a0 (0x01e7d913) srli    s2, a5, 30
core   0: 3 0x800032a0 (0x01e7d913) x18 0x00000002
core   0: 0x800032a4 (0x000c0303) lb      t1, 0(s8)
core   0: 3 0x800032a4 (0x000c0303) x 6 0x00000026 mem 0x800167be
core   0: 0x800032a8 (0x0000d717) auipc   a4, 0xd
core   0: 3 0x800032a8 (0x0000d717) x14 0x800102a8
core   0: 0x800032ac (0xdc770713) addi    a4, a4, -569
core   0: 3 0x800032ac (0xdc770713) x14 0x8001006f
core   0: 0x800032b0 (0x00010497) auipc   s1, 0x10
core   0: 3 0x800032b0 (0x00010497) x 9 0x800132b0
core   0: 0x800032b4 (0x8f948493) addi    s1, s1, -1799
core   0: 3 0x800032b4 (0x8f948493) x 9 0x80012ba9
core   0: 0x800032b8 (0x02e74a03) lbu     s4, 46(a4)
core   0: 3 0x800032b8 (0x02e74a03) x20 0x000000b2 mem 0x8001009d
core   0: 0x800032bc (0x00749303) lh      t1, 7(s1)
core   0: 3 0x800032bc (0x00749303) x 6 0x000035cd mem 0x80012bb0
core   0: 0x800032c0 (0xffc70403) lb      s0, -4(a4)
core   0: 3 0x800032c0 (0xffc70403) x 8 0xffffffb2 mem 0x8001006b
core   0: 0x800032c4 (0x01748423) sb      s7, 8(s1)
core   0: 3 0x800032c4 (0x01748423) mem 0x80012bb1 0x17
core   0: 0x800032c8 (0x01070d83) lb      s11, 16(a4)
core   0: 3 0x800032c8 (0x01070d83) x27 0xffffffa4 mem 0x8001007f
core   0: 0x800032cc (0xff54c003) lbu     zero, -11(s1)
core   0: 3 0x800032cc (0xff54c003) mem 0x80012b9e
core   0: 0x800032d0 (0xffd49883) lh      a7, -3(s1)
core   0: 3 0x800032d0 (0xffd49883) x17 0x00007f13 mem 0x80012ba6
core   0: 0x800032d4 (0x01048903) lb      s2, 16(s1)
core   0: 3 0x800032d4 (0x01048903) x18 0x0000006b mem 0x80012bb9
core   0: 0x800032d8 (0x03b700a3) sb      s11, 33(a4)
core   0: 3 0x800032d8 (0x03b700a3) mem 0x80010090 0xa4
core   0: 0x800032dc (0xffd4d983) lhu     s3, -3(s1)
core   0: 3 0x800032dc (0xffd4d983) x19 0x00007f13 mem 0x80012ba6
core   0: 0x800032e0 (0xfe070a03) lb      s4, -32(a4)
core   0: 3 0x800032e0 (0xfe070a03) x20 0x00000062 mem 0x8001004f
core   0: 0x800032e4 (0x03370b83) lb      s7, 51(a4)
core   0: 3 0x800032e4 (0x03370b83) x23 0x00000077 mem 0x800100a2
core   0: 0x800032e8 (0x016492a3) sh      s6, 5(s1)
core   0: 3 0x800032e8 (0x016492a3) mem 0x80012bae 0xff89
core   0: 0x800032ec (0x02f74b83) lbu     s7, 47(a4)
core   0: 3 0x800032ec (0x02f74b83) x23 0x00000073 mem 0x8001009e
core   0: 0x800032f0 (0x0114a1a3) sw      a7, 3(s1)
core   0: 3 0x800032f0 (0x0114a1a3) mem 0x80012bac 0x00007f13
core   0: 0x800032f4 (0xfd470d23) sb      s4, -38(a4)
core   0: 3 0x800032f4 (0xfd470d23) mem 0x80010049 0x62
core   0: 0x800032f8 (0x00270d23) sb      sp, 26(a4)
core   0: 3 0x800032f8 (0x00270d23) mem 0x80010089 0x64
core   0: 0x800032fc (0x0000ef17) auipc   t5, 0xe
core   0: 3 0x800032fc (0x0000ef17) x30 0x800112fc
core   0: 0x80003300 (0xb96f0f13) addi    t5, t5, -1130
core   0: 3 0x80003300 (0xb96f0f13) x30 0x80010e92
core   0: 0x80003304 (0xbf4b6b13) ori     s6, s6, -1036
core   0: 3 0x80003304 (0xbf4b6b13) x22 0xfffffffd
core   0: 0x80003308 (0x03bf0b03) lb      s6, 59(t5)
core   0: 3 0x80003308 (0x03bf0b03) x22 0x0000001f mem 0x80010ecd
core   0: 0x8000330c (0xfdff0ca3) sb      t6, -39(t5)
core   0: 3 0x8000330c (0xfdff0ca3) mem 0x80010e6b 0x14
core   0: 0x80003310 (0xff8f1083) lh      ra, -8(t5)
core   0: 3 0x80003310 (0xff8f1083) x 1 0xffffbc15 mem 0x80010e8a
core   0: 0x80003314 (0x01010fb3) add     t6, sp, a6
core   0: 3 0x80003314 (0x01010fb3) x31 0x00000064
core   0: 0x80003318 (0x030fcfb3) div     t6, t6, a6
core   0: 3 0x80003318 (0x030fcfb3) x31 0xffffffff
core   0: 0x8000331c (0x00d09133) sll     sp, ra, a3
core   0: 3 0x8000331c (0x00d09133) x 2 0x80000000
core   0: 0x80003320 (0x0000100f) fence.i
core   0: 3 0x80003320 (0x0000100f)
core   0: 0x80003324 (0x028f5683) lhu     a3, 40(t5)
core   0: 3 0x80003324 (0x028f5683) x13 0x00001d0d mem 0x80010eba
core   0: 0x80003328 (0xfc2f05a3) sb      sp, -53(t5)
core   0: 3 0x80003328 (0xfc2f05a3) mem 0x80010e5d 0x0
core   0: 0x8000332c (0xfc0f5103) lhu     sp, -64(t5)
core   0: 3 0x8000332c (0xfc0f5103) x 2 0x0000f187 mem 0x80010e52
core   0: 0x80003330 (0x03ef0b03) lb      s6, 62(t5)
core   0: 3 0x80003330 (0x03ef0b03) x22 0x00000069 mem 0x80010ed0
core   0: 0x80003334 (0x0000717d) c.addi16sp sp, -16
core   0: 3 0x80003334 (0x717d) x 2 0x0000f177
core   0: 0x80003336 (0x022f2b03) lw      s6, 34(t5)
core   0: 3 0x80003336 (0x022f2b03) x22 0x5cce8e58 mem 0x80010eb4
core   0: 0x8000333a (0x00008e95) c.sub   a3, a3
core   0: 3 0x8000333a (0x8e95) x13 0x00000000
core   0: 0x8000333c (0xfd4f5083) lhu     ra, -44(t5)
core   0: 3 0x8000333c (0xfd4f5083) x 1 0x000073bd mem 0x80010e66
core   0: 0x80003340 (0x016f03a3) sb      s6, 7(t5)
core   0: 3 0x80003340 (0x016f03a3) mem 0x80010e99 0x58
core   0: 0x80003344 (0x00000001) c.nop
core   0: 3 0x80003344 (0x0001)
core   0: 0x80003346 (0xff5f0083) lb      ra, -11(t5)
core   0: 3 0x80003346 (0xff5f0083) x 1 0x00000052 mem 0x80010e87
core   0: 0x8000334a (0x00008e95) c.sub   a3, a3
core   0: 3 0x8000334a (0x8e95) x13 0x00000000
core   0: 0x8000334c (0x030f1523) sh      a6, 42(t5)
core   0: 3 0x8000334c (0x030f1523) mem 0x80010ebc 0x0000
core   0: 0x80003350 (0x00001b94) c.addi4spn a3, sp, 496
core   0: 3 0x80003350 (0x1b94) x13 0x0000f367
core   0: 0x80003352 (0xc250eb13) ori     s6, ra, -987
core   0: 3 0x80003352 (0xc250eb13) x22 0xfffffc77
core   0: 0x80003356 (0xfe1f1323) sh      ra, -26(t5)
core   0: 3 0x80003356 (0xfe1f1323) mem 0x80010e78 0x0052
core   0: 0x8000335a (0xff6f5103) lhu     sp, -10(t5)
core   0: 3 0x8000335a (0xff6f5103) x 2 0x0000001b mem 0x80010e88
core   0: 0x8000335e (0xfc2f1c23) sh      sp, -40(t5)
core   0: 3 0x8000335e (0xfc2f1c23) mem 0x80010e6a 0x001b
core   0: 0x80003362 (0xff5f4083) lbu     ra, -11(t5)
core   0: 3 0x80003362 (0xff5f4083) x 1 0x00000052 mem 0x80010e87
core   0: 0x80003366 (0x03ff4803) lbu     a6, 63(t5)
core   0: 3 0x80003366 (0x03ff4803) x16 0x00000019 mem 0x80010ed1
core   0: 0x8000336a (0x001f0083) lb      ra, 1(t5)
core   0: 3 0x8000336a (0x001f0083) x 1 0xffffffe7 mem 0x80010e93
core   0: 0x8000336e (0xfedf0a23) sb      a3, -12(t5)
core   0: 3 0x8000336e (0xfedf0a23) mem 0x80010e86 0x67
core   0: 0x80003372 (0x00001b7d) c.addi  s6, -1
core   0: 3 0x80003372 (0x1b7d) x22 0xfffffc76
core   0: 0x80003374 (0xffff0823) sb      t6, -16(t5)
core   0: 3 0x80003374 (0xffff0823) mem 0x80010e82 0xff
core   0: 0x80003378 (0xfecf4083) lbu     ra, -20(t5)
core   0: 3 0x80003378 (0xfecf4083) x 1 0x00000093 mem 0x80010e7e
core   0: 0x8000337c (0x00000fa1) c.addi  t6, 8
core   0: 3 0x8000337c (0x0fa1) x31 0x00000007
core   0: 0x8000337e (0x010f4683) lbu     a3, 16(t5)
core   0: 3 0x8000337e (0x010f4683) x13 0x000000d5 mem 0x80010ea2
core   0: 0x80003382 (0x00000f85) c.addi  t6, 1
core   0: 3 0x80003382 (0x0f85) x31 0x00000008
core   0: 0x80003384 (0x00000b2d) c.addi  s6, 11
core   0: 3 0x80003384 (0x0b2d) x22 0xfffffc81
core   0: 0x80003386 (0x02111833) mulh    a6, sp, ra
core   0: 3 0x80003386 (0x02111833) x16 0x00000000
core   0: 0x8000338a (0x00ef4083) lbu     ra, 14(t5)
core   0: 3 0x8000338a (0x00ef4083) x 1 0x000000df mem 0x80010ea0
core   0: 0x8000338e (0xff5f0f83) lb      t6, -11(t5)
core   0: 3 0x8000338e (0xff5f0f83) x31 0x00000052 mem 0x80010e87
core   0: 0x80003392 (0x000086d5) c.srai  a3, 21
core   0: 3 0x80003392 (0x86d5) x13 0x00000000
core   0: 0x80003394 (0xfcaf5083) lhu     ra, -54(t5)
core   0: 3 0x80003394 (0xfcaf5083) x 1 0x000000a4 mem 0x80010e5c
core   0: 0x80003398 (0x01ffbfb3) sltu    t6, t6, t6
core   0: 3 0x80003398 (0x01ffbfb3) x31 0x00000000
core   0: 0x8000339c (0xfcff0803) lb      a6, -49(t5)
core   0: 3 0x8000339c (0xfcff0803) x16 0xffffffc1 mem 0x80010e61
core   0: 0x800033a0 (0xfe1f1f23) sh      ra, -2(t5)
core   0: 3 0x800033a0 (0xfe1f1f23) mem 0x80010e90 0x00a4
core   0: 0x800033a4 (0x0001ae17) auipc   t3, 0x1a
core   0: 3 0x800033a4 (0x0001ae17) x28 0x8001d3a4
core   0: 0x800033a8 (0xaede0e13) addi    t3, t3, -1299
core   0: 3 0x800033a8 (0xaede0e13) x28 0x8001ce91
core   0: 0x800033ac (0x00018a17) auipc   s4, 0x18
core   0: 3 0x800033ac (0x00018a17) x20 0x8001b3ac
core   0: 0x800033b0 (0x837a0a13) addi    s4, s4, -1993
core   0: 3 0x800033b0 (0x837a0a13) x20 0x8001abe3
core   0: 0x800033b4 (0xfe7e4083) lbu     ra, -25(t3)
core   0: 3 0x800033b4 (0xfe7e4083) x 1 0x00000000 mem 0x8001ce78
core   0: 0x800033b8 (0x2f2a0a23) sb      s2, 756(s4)
core   0: 3 0x800033b8 (0x2f2a0a23) mem 0x8001aed7 0x6b
core   0: 0x800033bc (0x00011697) auipc   a3, 0x11
core   0: 3 0x800033bc (0x00011697) x13 0x800143bc
core   0: 0x800033c0 (0x50268693) addi    a3, a3, 1282
core   0: 3 0x800033c0 (0x50268693) x13 0x800148be
core   0: 0x800033c4 (0xc79a0ba3) sb      s9, -905(s4)
core   0: 3 0x800033c4 (0xc79a0ba3) mem 0x8001a85a 0xa3
core   0: 0x800033c8 (0xffa68fa3) sb      s10, -1(a3)
core   0: 3 0x800033c8 (0xffa68fa3) mem 0x800148bd 0x0
core   0: 0x800033cc (0xfe2e10a3) sh      sp, -31(t3)
core   0: 3 0x800033cc (0xfe2e10a3) mem 0x8001ce72 0x001b
core   0: 0x800033d0 (0xaf2a4183) lbu     gp, -1294(s4)
core   0: 3 0x800033d0 (0xaf2a4183) x 3 0x0000000d mem 0x8001a6d5
core   0: 0x800033d4 (0x0016cf83) lbu     t6, 1(a3)
core   0: 3 0x800033d4 (0x0016cf83) x31 0x00000027 mem 0x800148bf
core   0: 0x800033d8 (0xfff68903) lb      s2, -1(a3)
core   0: 3 0x800033d8 (0xfff68903) x18 0x00000000 mem 0x800148bd
core   0: 0x800033dc (0xff26db03) lhu     s6, -14(a3)
core   0: 3 0x800033dc (0xff26db03) x22 0x0000b73a mem 0x800148b0
core   0: 0x800033e0 (0xff368203) lb      tp, -13(a3)
core   0: 3 0x800033e0 (0xff368203) x 4 0xffffffb7 mem 0x800148b1
core   0: 0x800033e4 (0xffd68aa3) sb      t4, -11(a3)
core   0: 3 0x800033e4 (0xffd68aa3) mem 0x800148b3 0x0
core   0: 0x800033e8 (0xfe169c23) sh      ra, -8(a3)
core   0: 3 0x800033e8 (0xfe169c23) mem 0x800148b6 0x0000
core   0: 0x800033ec (0x039e0123) sb      s9, 34(t3)
core   0: 3 0x800033ec (0x039e0123) mem 0x8001ceb3 0xa3
core   0: 0x800033f0 (0xdd4a0303) lb      t1, -556(s4)
core   0: 3 0x800033f0 (0xdd4a0303) x 6 0xffffffc7 mem 0x8001a9b7
core   0: 0x800033f4 (0xfa8a00a3) sb      s0, -95(s4)
core   0: 3 0x800033f4 (0xfa8a00a3) mem 0x8001ab84 0xb2
core   0: 0x800033f8 (0x029e4183) lbu     gp, 41(t3)
core   0: 3 0x800033f8 (0x029e4183) x 3 0x0000003b mem 0x8001ceba
core   0: 0x800033fc (0x00768583) lb      a1, 7(a3)
core   0: 3 0x800033fc (0x00768583) x11 0x0000003f mem 0x800148c5
core   0: 0x80003400 (0xffc69b03) lh      s6, -4(a3)
core   0: 3 0x80003400 (0xffc69b03) x22 0x00007d6d mem 0x800148ba
core   0: 0x80003404 (0x02ee4d83) lbu     s11, 46(t3)
core   0: 3 0x80003404 (0x02ee4d83) x27 0x0000007a mem 0x8001cebf
core   0: 0x80003408 (0xac0a2aa3) sw      zero, -1323(s4)
core   0: 3 0x80003408 (0xac0a2aa3) mem 0x8001a6b8 0x00000000
core   0: 0x8000340c (0xb8fa0923) sb      a5, -1134(s4)
core   0: 3 0x8000340c (0xb8fa0923) mem 0x8001a775 0x64
core   0: 0x80003410 (0xfcda2f83) lw      t6, -51(s4)
core   0: 3 0x80003410 (0xfcda2f83) x31 0x850f4d33 mem 0x8001abb0
core   0: 0x80003414 (0x015e0e23) sb      s5, 28(t3)
core   0: 3 0x80003414 (0x015e0e23) mem 0x8001cead 0x0
core   0: 0x80003418 (0x01e69823) sh      t5, 16(a3)
core   0: 3 0x80003418 (0x01e69823) mem 0x800148ce 0x0e92
core   0: 0x8000341c (0x00a0036f) jal     t1, pc + 0xa
core   0: 3 0x8000341c (0x00a0036f) x 6 0x80003420
core   0: 0x80003426 (0x006000ef) jal     pc + 0x6
core   0: 3 0x80003426 (0x006000ef) x 1 0x8000342a
core   0: 0x8000342c (0x0180036f) jal     t1, pc + 0x18
core   0: 3 0x8000342c (0x0180036f) x 6 0x80003430
core   0: 0x80003444 (0xfe7ff1ef) jal     gp, pc - 0x1a
core   0: 3 0x80003444 (0xfe7ff1ef) x 3 0x80003448
core   0: 0x8000342a (0x0000bfdd) c.j     pc - 10
core   0: 3 0x8000342a (0xbfdd)
core   0: 0x80003420 (0x00002839) c.jal   pc + 30
core   0: 3 0x80003420 (0x2839) x 1 0x80003422
core   0: 0x8000343e (0x00002029) c.jal   pc + 10
core   0: 3 0x8000343e (0x2029) x 1 0x80003440
core   0: 0x80003448 (0x00002009) c.jal   pc + 2
core   0: 3 0x80003448 (0x2009) x 1 0x8000344a
core   0: 0x8000344a (0x0000bfe1) c.j     pc - 40
core   0: 3 0x8000344a (0xbfe1)
core   0: 0x80003422 (0x0000a02d) c.j     pc + 42
core   0: 3 0x80003422 (0xa02d)
core   0: 0x8000344c (0xfe5ff0ef) jal     pc - 0x1c
core   0: 3 0x8000344c (0xfe5ff0ef) x 1 0x80003450
core   0: 0x80003430 (0x0100036f) jal     t1, pc + 0x10
core   0: 3 0x80003430 (0x0100036f) x 6 0x80003434
core   0: 0x80003440 (0xffdff0ef) jal     pc - 0x4
core   0: 3 0x80003440 (0xffdff0ef) x 1 0x80003444
core   0: 0x8000343c (0x00003fe5) c.jal   pc - 8
core   0: 3 0x8000343c (0x3fe5) x 1 0x8000343e
core   0: 0x80003434 (0x004000ef) jal     pc + 0x4
core   0: 3 0x80003434 (0x004000ef) x 1 0x80003438
core   0: 0x80003438 (0xfedff0ef) jal     pc - 0x14
core   0: 3 0x80003438 (0xfedff0ef) x 1 0x8000343c
core   0: 0x80003424 (0x00002035) c.jal   pc + 44
core   0: 3 0x80003424 (0x2035) x 1 0x80003426
core   0: 0x80003450 (0x0000a009) c.j     pc + 2
core   0: 3 0x80003450 (0xa009)
core   0: 0x80003452 (0x41a45733) sra     a4, s0, s10
core   0: 3 0x80003452 (0x41a45733) x14 0xffffffb2
core   0: 0x80003456 (0x00014e17) auipc   t3, 0x14
core   0: 3 0x80003456 (0x00014e17) x28 0x80017456
core   0: 0x8000345a (0x731e0e13) addi    t3, t3, 1841
core   0: 3 0x8000345a (0x731e0e13) x28 0x80017b87
core   0: 0x8000345e (0x7d81e193) ori     gp, gp, 2008
core   0: 3 0x8000345e (0x7d81e193) x 3 0x800037d8
core   0: 0x80003462 (0x023af433) remu    s0, s5, gp
core   0: 3 0x80003462 (0x023af433) x 8 0x00000000
core   0: 0x80003466 (0xfffe0d23) sb      t6, -6(t3)
core   0: 3 0x80003466 (0xfffe0d23) mem 0x80017b81 0x33
core   0: 0x8000346a (0x00000300) c.addi4spn s0, sp, 384
core   0: 3 0x8000346a (0x0300) x 8 0x0000019b
core   0: 0x8000346c (0x000e0403) lb      s0, 0(t3)
core   0: 3 0x8000346c (0x000e0403) x 8 0x0000007b mem 0x80017b87
core   0: 0x80003470 (0xfe2e0923) sb      sp, -14(t3)
core   0: 3 0x80003470 (0xfe2e0923) mem 0x80017b79 0x1b
core   0: 0x80003474 (0x000091ee) c.add   gp, s11
core   0: 3 0x80003474 (0x91ee) x 3 0x80003852
core   0: 0x80003476 (0x00fe5a83) lhu     s5, 15(t3)
core   0: 3 0x80003476 (0x00fe5a83) x21 0x00006ce8 mem 0x80017b96
core   0: 0x8000347a (0x008e0623) sb      s0, 12(t3)
core   0: 3 0x8000347a (0x008e0623) mem 0x80017b93 0x7b
core   0: 0x8000347e (0x03bae133) rem     sp, s5, s11
core   0: 3 0x8000347e (0x03bae133) x 2 0x00000040
core   0: 0x80003482 (0xcbf43a93) sltiu   s5, s0, -833
core   0: 3 0x80003482 (0xcbf43a93) x21 0x00000001
core   0: 0x80003486 (0x00de0403) lb      s0, 13(t3)
core   0: 3 0x80003486 (0x00de0403) x 8 0x0000005e mem 0x80017b94
core   0: 0x8000348a (0xff4e0f83) lb      t6, -12(t3)
core   0: 3 0x8000348a (0xff4e0f83) x31 0x0000001e mem 0x80017b7b
core   0: 0x8000348e (0x023ac133) div     sp, s5, gp
core   0: 3 0x8000348e (0x023ac133) x 2 0x00000000
core   0: 0x80003492 (0xff5e1a83) lh      s5, -11(t3)
core   0: 3 0x80003492 (0xff5e1a83) x21 0xfffffc35 mem 0x80017b7c
core   0: 0x80003496 (0xff3e5f83) lhu     t6, -13(t3)
core   0: 3 0x80003496 (0xff3e5f83) x31 0x00001e4d mem 0x80017b7a
core   0: 0x8000349a (0xffce4183) lbu     gp, -4(t3)
core   0: 3 0x8000349a (0xffce4183) x 3 0x000000af mem 0x80017b83
core   0: 0x8000349e (0xc1ca8117) auipc   sp, 0xc1ca8
core   0: 3 0x8000349e (0xc1ca8117) x 2 0x41cab49e
core   0: 0x800034a2 (0x000e0403) lb      s0, 0(t3)
core   0: 3 0x800034a2 (0x000e0403) x 8 0x0000007b mem 0x80017b87
core   0: 0x800034a6 (0xff8e4a83) lbu     s5, -8(t3)
core   0: 3 0x800034a6 (0xff8e4a83) x21 0x00000039 mem 0x80017b7f
core   0: 0x800034aa (0x01fe14a3) sh      t6, 9(t3)
core   0: 3 0x800034aa (0x01fe14a3) mem 0x80017b90 0x1e4d
core   0: 0x800034ae (0xff5e5a83) lhu     s5, -11(t3)
core   0: 3 0x800034ae (0xff5e5a83) x21 0x0000fc35 mem 0x80017b7c
core   0: 0x800034b2 (0x008e01a3) sb      s0, 3(t3)
core   0: 3 0x800034b2 (0x008e01a3) mem 0x80017b8a 0x7b
core   0: 0x800034b6 (0xff5e5a83) lhu     s5, -11(t3)
core   0: 3 0x800034b6 (0xff5e5a83) x21 0x0000fc35 mem 0x80017b7c
core   0: 0x800034ba (0x008e0223) sb      s0, 4(t3)
core   0: 3 0x800034ba (0x008e0223) mem 0x80017b8b 0x7b
core   0: 0x800034be (0x001e2d83) lw      s11, 1(t3)
core   0: 3 0x800034be (0x001e2d83) x27 0x7b7baa63 mem 0x80017b88
core   0: 0x800034c2 (0x00006469) c.lui   s0, 0x1a
core   0: 3 0x800034c2 (0x6469) x 8 0x0001a000
core   0: 0x800034c4 (0xfffe0f83) lb      t6, -1(t3)
core   0: 3 0x800034c4 (0xfffe0f83) x31 0xffffffc6 mem 0x80017b86
core   0: 0x800034c8 (0x00008415) c.srai  s0, 5
core   0: 3 0x800034c8 (0x8415) x 8 0x00000d00
core   0: 0x800034ca (0x00008c21) c.xor   s0, s0
core   0: 3 0x800034ca (0x8c21) x 8 0x00000000
core   0: 0x800034cc (0x00001380) c.addi4spn s0, sp, 480
core   0: 3 0x800034cc (0x1380) x 8 0x41cab67e
core   0: 0x800034ce (0x003d8ab3) add     s5, s11, gp
core   0: 3 0x800034ce (0x003d8ab3) x21 0x7b7bab12
core   0: 0x800034d2 (0x000081fe) c.mv    gp, t6
core   0: 3 0x800034d2 (0x81fe) x 3 0xffffffc6
core   0: 0x800034d4 (0x022dddb3) divu    s11, s11, sp
core   0: 3 0x800034d4 (0x022dddb3) x27 0x00000001
core   0: 0x800034d8 (0x00006121) c.addi16sp sp, 64
core   0: 3 0x800034d8 (0x6121) x 2 0x41cab4de
core   0: 0x800034da (0x00ee4f83) lbu     t6, 14(t3)
core   0: 3 0x800034da (0x00ee4f83) x31 0x0000005a mem 0x80017b95
core   0: 0x800034de (0x03fde133) rem     sp, s11, t6
core   0: 3 0x800034de (0x03fde133) x 2 0x00000001
core   0: 0x800034e2 (0x6a617413) andi    s0, sp, 1702
core   0: 3 0x800034e2 (0x6a617413) x 8 0x00000000
core   0: 0x800034e6 (0xbb810d93) addi    s11, sp, -1096
core   0: 3 0x800034e6 (0xbb810d93) x27 0xfffffbb9
core   0: 0x800034ea (0x00de2d83) lw      s11, 13(t3)
core   0: 3 0x800034ea (0x00de2d83) x27 0x6ce85a5e mem 0x80017b94
core   0: 0x800034ee (0xff9e0d83) lb      s11, -7(t3)
core   0: 3 0x800034ee (0xff9e0d83) x27 0xffffffb5 mem 0x80017b80
core   0: 0x800034f2 (0x028f9133) mulh    sp, t6, s0
core   0: 3 0x800034f2 (0x028f9133) x 2 0x00000000
core   0: 0x800034f6 (0x015e0423) sb      s5, 8(t3)
core   0: 3 0x800034f6 (0x015e0423) mem 0x80017b8f 0x12
core   0: 0x800034fa (0xffee0f83) lb      t6, -2(t3)
core   0: 3 0x800034fa (0xffee0f83) x31 0x0000000b mem 0x80017b85
core   0: 0x800034fe (0x00ee4a83) lbu     s5, 14(t3)
core   0: 3 0x800034fe (0x00ee4a83) x21 0x0000005a mem 0x80017b95
core   0: 0x80003502 (0x00000001) c.nop
core   0: 3 0x80003502 (0x0001)
core   0: 0x80003504 (0x0ff0000f) fence   iorw,iorw
core   0: 3 0x80003504 (0x0ff0000f)
core   0: 0x80003508 (0x0000717d) c.addi16sp sp, -16
core   0: 3 0x80003508 (0x717d) x 2 0xfffffff0
core   0: 0x8000350a (0x00000db6) c.slli  s11, 13
core   0: 3 0x8000350a (0x0db6) x27 0xfff6a000
core   0: 0x8000350c (0x00de1f83) lh      t6, 13(t3)
core   0: 3 0x8000350c (0x00de1f83) x31 0x00005a5e mem 0x80017b94
core   0: 0x80003510 (0x00008c21) c.xor   s0, s0
core   0: 3 0x80003510 (0x8c21) x 8 0x00000000
core   0: 0x80003512 (0xffce0f83) lb      t6, -4(t3)
core   0: 3 0x80003512 (0xffce0f83) x31 0xffffffaf mem 0x80017b83
core   0: 0x80003516 (0x00400e13) li      t3, 4
core   0: 3 0x80003516 (0x00400e13) x28 0x00000004
core   0: 0x8000351a (0x00001b7d) c.addi  s6, -1
core   0: 3 0x8000351a (0x1b7d) x22 0x00007d6c
core   0: 0x8000351c (0x03b2f233) remu    tp, t0, s11
core   0: 3 0x8000351c (0x03b2f233) x 4 0x0000001f
core   0: 0x80003520 (0x9e7c8813) addi    a6, s9, -1561
core   0: 3 0x80003520 (0x9e7c8813) x16 0xfffffa8a
core   0: 0x80003524 (0x000081d9) c.srli  a1, 22
core   0: 3 0x80003524 (0x81d9) x11 0x00000000
core   0: 0x80003526 (0xff500393) li      t2, -11
core   0: 3 0x80003526 (0xff500393) x 7 0xfffffff5
core   0: 0x8000352a (0x969ba113) slti    sp, s7, -1687
core   0: 3 0x8000352a (0x969ba113) x 2 0x00000000
core   0: 0x8000352e (0x0164f6b3) and     a3, s1, s6
core   0: 3 0x8000352e (0x0164f6b3) x13 0x00002928
core   0: 0x80003532 (0x406384b3) sub     s1, t2, t1
core   0: 3 0x80003532 (0x406384b3) x 9 0x7fffcbc1
core   0: 0x80003536 (0x00984a33) xor     s4, a6, s1
core   0: 3 0x80003536 (0x00984a33) x20 0x8000314b
core   0: 0x8000353a (0x00001e6d) c.addi  t3, -5
core   0: 3 0x8000353a (0x1e6d) x28 0xffffffff
core   0: 0x8000353c (0x01e3a733) slt     a4, t2, t5
core   0: 3 0x8000353c (0x01e3a733) x14 0x00000000
core   0: 0x80003540 (0x0000138c) c.addi4spn a1, sp, 480
core   0: 3 0x80003540 (0x138c) x11 0x000001e0
core   0: 0x80003542 (0x00a00513) li      a0, 10
core   0: 3 0x80003542 (0x00a00513) x10 0x0000000a
core   0: 0x80003546 (0x00000001) c.nop
core   0: 3 0x80003546 (0x0001)
core   0: 0x80003548 (0x036b98b3) mulh    a7, s7, s6
core   0: 3 0x80003548 (0x036b98b3) x17 0x00000000
core   0: 0x8000354c (0x03f80733) mul     a4, a6, t6
core   0: 3 0x8000354c (0x03f80733) x14 0x0001ba56
core   0: 0x80003550 (0x00001579) c.addi  a0, -2
core   0: 3 0x80003550 (0x1579) x10 0x00000008
core   0: 0x80003552 (0x40e68c33) sub     s8, a3, a4
core   0: 3 0x80003552 (0x40e68c33) x24 0xfffe6ed2
core   0: 0x80003556 (0x0000d96d) c.beqz  a0, pc - 14
core   0: 3 0x80003556 (0xd96d)
core   0: 0x80003558 (0x01f1dab3) srl     s5, gp, t6
core   0: 3 0x80003558 (0x01f1dab3) x21 0x0001ffff
core   0: 0x8000355c (0x4102d9b3) sra     s3, t0, a6
core   0: 3 0x8000355c (0x4102d9b3) x19 0x00000000
core   0: 0x80003560 (0x020ff933) remu    s2, t6, zero
core   0: 3 0x80003560 (0x020ff933) x18 0xffffffaf
core   0: 0x80003564 (0x52114593) xori    a1, sp, 1313
core   0: 3 0x80003564 (0x52114593) x11 0x00000521
core   0: 0x80003568 (0x0377ba93) sltiu   s5, a5, 55
core   0: 3 0x80003568 (0x0377ba93) x21 0x00000000
core   0: 0x8000356c (0xfc7e03e3) beq     t3, t2, pc - 58
core   0: 3 0x8000356c (0xfc7e03e3)
core   0: 0x80003570 (0x0ff0000f) fence   iorw,iorw
core   0: 3 0x80003570 (0x0ff0000f)
core   0: 0x80003574 (0x00019b97) auipc   s7, 0x19
core   0: 3 0x80003574 (0x00019b97) x23 0x8001c574
core   0: 0x80003578 (0x4b2b8b93) addi    s7, s7, 1202
core   0: 3 0x80003578 (0x4b2b8b93) x23 0x8001ca26
core   0: 0x8000357c (0x022ba703) lw      a4, 34(s7)
core   0: 3 0x8000357c (0x022ba703) x14 0xbbdc1b47 mem 0x8001ca48
core   0: 0x80003580 (0x41afd733) sra     a4, t6, s10
core   0: 3 0x80003580 (0x41afd733) x14 0xffffffaf
core   0: 0x80003584 (0x1f289f37) lui     t5, 0x1f289
core   0: 3 0x80003584 (0x1f289f37) x30 0x1f289000
core   0: 0x80003588 (0x01471413) slli    s0, a4, 20
core   0: 3 0x80003588 (0x01471413) x 8 0xfaf00000
core   0: 0x8000358c (0x8fe4ad13) slti    s10, s1, -1794
core   0: 3 0x8000358c (0x8fe4ad13) x26 0x00000000
core   0: 0x80003590 (0x7201ad17) auipc   s10, 0x7201a
core   0: 3 0x80003590 (0x7201ad17) x26 0xf201d590
core   0: 0x80003594 (0x086ba703) lw      a4, 134(s7)
core   0: 3 0x80003594 (0x086ba703) x14 0x99f64bb2 mem 0x8001caac
core   0: 0x80003598 (0x03f4a733) mulhsu  a4, s1, t6
core   0: 3 0x80003598 (0x03f4a733) x14 0x7fffcb98
core   0: 0x8000359c (0x00008f39) c.xor   a4, a4
core   0: 3 0x8000359c (0x8f39) x14 0x00000000
core   0: 0x8000359e (0xfaeb2fb7) lui     t6, 0xfaeb2
core   0: 3 0x8000359e (0xfaeb2fb7) x31 0xfaeb2000
core   0: 0x800035a2 (0x0000987d) c.andi  s0, -1
core   0: 3 0x800035a2 (0x987d) x 8 0xfaf00000
core   0: 0x800035a4 (0x00004f8d) c.li    t6, 3
core   0: 3 0x800035a4 (0x4f8d) x31 0x00000003
core   0: 0x800035a6 (0x00008c59) c.or    s0, a4
core   0: 3 0x800035a6 (0x8c59) x 8 0xfaf00000
core   0: 0x800035a8 (0x6e2d0f93) addi    t6, s10, 1762
core   0: 3 0x800035a8 (0x6e2d0f93) x31 0xf201dc72
core   0: 0x800035ac (0x03f71f33) mulh    t5, a4, t6
core   0: 3 0x800035ac (0x03f71f33) x30 0x00000000
core   0: 0x800035b0 (0x0bfb8c23) sb      t6, 184(s7)
core   0: 3 0x800035b0 (0x0bfb8c23) mem 0x8001cade 0x72
core   0: 0x800035b4 (0x932ff413) andi    s0, t6, -1742
core   0: 3 0x800035b4 (0x932ff413) x 8 0xf201d832
core   0: 0x800035b8 (0x03a4d433) divu    s0, s1, s10
core   0: 3 0x800035b8 (0x03a4d433) x 8 0x00000000
core   0: 0x800035bc (0xfd0bc403) lbu     s0, -48(s7)
core   0: 3 0x800035bc (0xfd0bc403) x 8 0x000000ed mem 0x8001c9f6
core   0: 0x800035c0 (0x012baf83) lw      t6, 18(s7)
core   0: 3 0x800035c0 (0x012baf83) x31 0xd81aabde mem 0x8001ca38
core   0: 0x800035c4 (0x02e75433) divu    s0, a4, a4
core   0: 3 0x800035c4 (0x02e75433) x 8 0xffffffff
core   0: 0x800035c8 (0x00008722) c.mv    a4, s0
core   0: 3 0x800035c8 (0x8722) x14 0xffffffff
core   0: 0x800035ca (0xfbeb8023) sb      t5, -96(s7)
core   0: 3 0x800035ca (0xfbeb8023) mem 0x8001c9c6 0x0
core   0: 0x800035ce (0xf05bcd03) lbu     s10, -251(s7)
core   0: 3 0x800035ce (0xf05bcd03) x26 0x0000001f mem 0x8001c92b
core   0: 0x800035d2 (0xf93b8703) lb      a4, -109(s7)
core   0: 3 0x800035d2 (0xf93b8703) x14 0x00000039 mem 0x8001c9b9
core   0: 0x800035d6 (0x00000001) c.nop
core   0: 3 0x800035d6 (0x0001)
core   0: 0x800035d8 (0x0d0bc483) lbu     s1, 208(s7)
core   0: 3 0x800035d8 (0x0d0bc483) x 9 0x0000005b mem 0x8001caf6
core   0: 0x800035dc (0x00e41f93) slli    t6, s0, 14
core   0: 3 0x800035dc (0x00e41f93) x31 0xffffc000
core   0: 0x800035e0 (0x8024cd13) xori    s10, s1, -2046
core   0: 3 0x800035e0 (0x8024cd13) x26 0xfffff859
core   0: 0x800035e4 (0x00008329) c.srli  a4, 10
core   0: 3 0x800035e4 (0x8329) x14 0x00000000
core   0: 0x800035e6 (0x058b9d03) lh      s10, 88(s7)
core   0: 3 0x800035e6 (0x058b9d03) x26 0x00007d8d mem 0x8001ca7e
core   0: 0x800035ea (0xfd3bc483) lbu     s1, -45(s7)
core   0: 3 0x800035ea (0xfd3bc483) x 9 0x000000d5 mem 0x8001c9f9
core   0: 0x800035ee (0x4094d4b3) sra     s1, s1, s1
core   0: 3 0x800035ee (0x4094d4b3) x 9 0x00000000
core   0: 0x800035f2 (0xf6eb8f83) lb      t6, -146(s7)
core   0: 3 0x800035f2 (0xf6eb8f83) x31 0x00000025 mem 0x8001c994
core   0: 0x800035f6 (0x00012117) auipc   sp, 0x12
core   0: 3 0x800035f6 (0x00012117) x 2 0x800155f6
core   0: 0x800035fa (0xb3d10113) addi    sp, sp, -1219
core   0: 3 0x800035fa (0xb3d10113) x 2 0x80015133
core   0: 0x800035fe (0x0ff0000f) fence   iorw,iorw
core   0: 3 0x800035fe (0x0ff0000f)
core   0: 0x80003602 (0xdfe14083) lbu     ra, -514(sp)
core   0: 3 0x80003602 (0xdfe14083) x 1 0x000000ab mem 0x80014f31
core   0: 0x80003606 (0xdfe14683) lbu     a3, -514(sp)
core   0: 3 0x80003606 (0xdfe14683) x13 0x000000ab mem 0x80014f31
core   0: 0x8000360a (0xa8bb5737) lui     a4, 0xa8bb5
core   0: 3 0x8000360a (0xa8bb5737) x14 0xa8bb5000
core   0: 0x8000360e (0xdfe10a03) lb      s4, -514(sp)
core   0: 3 0x8000360e (0xdfe10a03) x20 0xffffffab mem 0x80014f31
core   0: 0x80003612 (0x024c8ab3) mul     s5, s9, tp
core   0: 3 0x80003612 (0x024c8ab3) x21 0x000013bd
core   0: 0x80003616 (0x44414b83) lbu     s7, 1092(sp)
core   0: 3 0x80003616 (0x44414b83) x23 0x00000029 mem 0x80015577
core   0: 0x8000361a (0x77d10223) sb      t4, 1892(sp)
core   0: 3 0x8000361a (0x77d10223) mem 0x80015897 0x0
core   0: 0x8000361e (0x60510283) lb      t0, 1541(sp)
core   0: 3 0x8000361e (0x60510283) x 5 0x0000003d mem 0x80015738
core   0: 0x80003622 (0x60515c83) lhu     s9, 1541(sp)
core   0: 3 0x80003622 (0x60515c83) x25 0x0000ff3d mem 0x80015738
core   0: 0x80003626 (0xa6115703) lhu     a4, -1439(sp)
core   0: 3 0x80003626 (0xa6115703) x14 0x00004ce8 mem 0x80014b94
core   0: 0x8000362a (0xa6110b83) lb      s7, -1439(sp)
core   0: 3 0x8000362a (0xa6110b83) x23 0xffffffe8 mem 0x80014b94
core   0: 0x8000362e (0x4f4128a3) sw      s4, 1265(sp)
core   0: 3 0x8000362e (0x4f4128a3) mem 0x80015624 0xffffffab
core   0: 0x80003632 (0x09c14d83) lbu     s11, 156(sp)
core   0: 3 0x80003632 (0x09c14d83) x27 0x00000083 mem 0x800151cf
core   0: 0x80003636 (0x09c10a03) lb      s4, 156(sp)
core   0: 3 0x80003636 (0x09c10a03) x20 0xffffff83 mem 0x800151cf
core   0: 0x8000363a (0x09c10903) lb      s2, 156(sp)
core   0: 3 0x8000363a (0x09c10903) x18 0xffffff83 mem 0x800151cf
core   0: 0x8000363e (0x000081d9) c.srli  a1, 22
core   0: 3 0x8000363e (0x81d9) x11 0x00000000
core   0: 0x80003640 (0x09c10383) lb      t2, 156(sp)
core   0: 3 0x80003640 (0x09c10383) x 7 0xffffff83 mem 0x800151cf
core   0: 0x80003644 (0x09c14703) lbu     a4, 156(sp)
core   0: 3 0x80003644 (0x09c14703) x14 0x00000083 mem 0x800151cf
core   0: 0x80003648 (0x09c10e03) lb      t3, 156(sp)
core   0: 3 0x80003648 (0x09c10e03) x28 0xffffff83 mem 0x800151cf
core   0: 0x8000364c (0x41ea7713) andi    a4, s4, 1054
core   0: 3 0x8000364c (0x41ea7713) x14 0x00000402
core   0: 0x80003650 (0x003ad093) srli    ra, s5, 3
core   0: 3 0x80003650 (0x003ad093) x 1 0x00000277
core   0: 0x80003654 (0x02b66db3) rem     s11, a2, a1
core   0: 3 0x80003654 (0x02b66db3) x27 0x80029ce4
core   0: 0x80003658 (0x277116a3) sh      s7, 621(sp)
core   0: 3 0x80003658 (0x277116a3) mem 0x800153a0 0xffe8
core   0: 0x8000365c (0x42310fa3) sb      gp, 1087(sp)
core   0: 3 0x8000365c (0x42310fa3) mem 0x80015572 0xc6
core   0: 0x80003660 (0x02a10003) lb      zero, 42(sp)
core   0: 3 0x80003660 (0x02a10003) mem 0x8001515d
core   0: 0x80003664 (0x03e10523) sb      t5, 42(sp)
core   0: 3 0x80003664 (0x03e10523) mem 0x8001515d 0x0
core   0: 0x80003668 (0xfff00493) li      s1, -1
core   0: 3 0x80003668 (0xfff00493) x 9 0xffffffff
core   0: 0x8000366c (0x00000001) c.nop
core   0: 3 0x8000366c (0x0001)
core   0: 0x8000366e (0x00008c65) c.and   s0, s1
core   0: 3 0x8000366e (0x8c65) x 8 0xffffffff
core   0: 0x80003670 (0x00000485) c.addi  s1, 1
core   0: 3 0x80003670 (0x0485) x 9 0x00000000
core   0: 0x80003672 (0x026b6c33) rem     s8, s6, t1
core   0: 3 0x80003672 (0x026b6c33) x24 0x00007d6c
core   0: 0x80003676 (0x00a00513) li      a0, 10
core   0: 3 0x80003676 (0x00a00513) x10 0x0000000a
core   0: 0x8000367a (0x01300b93) li      s7, 19
core   0: 3 0x8000367a (0x01300b93) x23 0x00000013
core   0: 0x8000367e (0xbc6a4d93) xori    s11, s4, -1082
core   0: 3 0x8000367e (0xbc6a4d93) x27 0x00000445
core   0: 0x80003682 (0x03c48833) mul     a6, s1, t3
core   0: 3 0x80003682 (0x03c48833) x16 0x00000000
core   0: 0x80003686 (0x0ff0000f) fence   iorw,iorw
core   0: 3 0x80003686 (0x0ff0000f)
core   0: 0x8000368a (0x0000717d) c.addi16sp sp, -16
core   0: 3 0x8000368a (0x717d) x 2 0x80015123
core   0: 0x8000368c (0x00000505) c.addi  a0, 1
core   0: 3 0x8000368c (0x0505) x10 0x0000000b
core   0: 0x8000368e (0x00000001) c.nop
core   0: 3 0x8000368e (0x0001)
core   0: 0x80003690 (0xff7569e3) bltu    a0, s7, pc - 14
core   0: 3 0x80003690 (0xff7569e3)
core   0: 0x80003682 (0x03c48833) mul     a6, s1, t3
core   0: 3 0x80003682 (0x03c48833) x16 0x00000000
core   0: 0x80003686 (0x0ff0000f) fence   iorw,iorw
core   0: 3 0x80003686 (0x0ff0000f)
core   0: 0x8000368a (0x0000717d) c.addi16sp sp, -16
core   0: 3 0x8000368a (0x717d) x 2 0x80015113
core   0: 0x8000368c (0x00000505) c.addi  a0, 1
core   0: 3 0x8000368c (0x0505) x10 0x0000000c
core   0: 0x8000368e (0x00000001) c.nop
core   0: 3 0x8000368e (0x0001)
core   0: 0x80003690 (0xff7569e3) bltu    a0, s7, pc - 14
core   0: 3 0x80003690 (0xff7569e3)
core   0: 0x80003682 (0x03c48833) mul     a6, s1, t3
core   0: 3 0x80003682 (0x03c48833) x16 0x00000000
core   0: 0x80003686 (0x0ff0000f) fence   iorw,iorw
core   0: 3 0x80003686 (0x0ff0000f)
core   0: 0x8000368a (0x0000717d) c.addi16sp sp, -16
core   0: 3 0x8000368a (0x717d) x 2 0x80015103
core   0: 0x8000368c (0x00000505) c.addi  a0, 1
core   0: 3 0x8000368c (0x0505) x10 0x0000000d
core   0: 0x8000368e (0x00000001) c.nop
core   0: 3 0x8000368e (0x0001)
core   0: 0x80003690 (0xff7569e3) bltu    a0, s7, pc - 14
core   0: 3 0x80003690 (0xff7569e3)
core   0: 0x80003682 (0x03c48833) mul     a6, s1, t3
core   0: 3 0x80003682 (0x03c48833) x16 0x00000000
core   0: 0x80003686 (0x0ff0000f) fence   iorw,iorw
core   0: 3 0x80003686 (0x0ff0000f)
core   0: 0x8000368a (0x0000717d) c.addi16sp sp, -16
core   0: 3 0x8000368a (0x717d) x 2 0x800150f3
core   0: 0x8000368c (0x00000505) c.addi  a0, 1
core   0: 3 0x8000368c (0x0505) x10 0x0000000e
core   0: 0x8000368e (0x00000001) c.nop
core   0: 3 0x8000368e (0x0001)
core   0: 0x80003690 (0xff7569e3) bltu    a0, s7, pc - 14
core   0: 3 0x80003690 (0xff7569e3)
core   0: 0x80003682 (0x03c48833) mul     a6, s1, t3
core   0: 3 0x80003682 (0x03c48833) x16 0x00000000
core   0: 0x80003686 (0x0ff0000f) fence   iorw,iorw
core   0: 3 0x80003686 (0x0ff0000f)
core   0: 0x8000368a (0x0000717d) c.addi16sp sp, -16
core   0: 3 0x8000368a (0x717d) x 2 0x800150e3
core   0: 0x8000368c (0x00000505) c.addi  a0, 1
core   0: 3 0x8000368c (0x0505) x10 0x0000000f
core   0: 0x8000368e (0x00000001) c.nop
core   0: 3 0x8000368e (0x0001)
core   0: 0x80003690 (0xff7569e3) bltu    a0, s7, pc - 14
core   0: 3 0x80003690 (0xff7569e3)
core   0: 0x80003682 (0x03c48833) mul     a6, s1, t3
core   0: 3 0x80003682 (0x03c48833) x16 0x00000000
core   0: 0x80003686 (0x0ff0000f) fence   iorw,iorw
core   0: 3 0x80003686 (0x0ff0000f)
core   0: 0x8000368a (0x0000717d) c.addi16sp sp, -16
core   0: 3 0x8000368a (0x717d) x 2 0x800150d3
core   0: 0x8000368c (0x00000505) c.addi  a0, 1
core   0: 3 0x8000368c (0x0505) x10 0x00000010
core   0: 0x8000368e (0x00000001) c.nop
core   0: 3 0x8000368e (0x0001)
core   0: 0x80003690 (0xff7569e3) bltu    a0, s7, pc - 14
core   0: 3 0x80003690 (0xff7569e3)
core   0: 0x80003682 (0x03c48833) mul     a6, s1, t3
core   0: 3 0x80003682 (0x03c48833) x16 0x00000000
core   0: 0x80003686 (0x0ff0000f) fence   iorw,iorw
core   0: 3 0x80003686 (0x0ff0000f)
core   0: 0x8000368a (0x0000717d) c.addi16sp sp, -16
core   0: 3 0x8000368a (0x717d) x 2 0x800150c3
core   0: 0x8000368c (0x00000505) c.addi  a0, 1
core   0: 3 0x8000368c (0x0505) x10 0x00000011
core   0: 0x8000368e (0x00000001) c.nop
core   0: 3 0x8000368e (0x0001)
core   0: 0x80003690 (0xff7569e3) bltu    a0, s7, pc - 14
core   0: 3 0x80003690 (0xff7569e3)
core   0: 0x80003682 (0x03c48833) mul     a6, s1, t3
core   0: 3 0x80003682 (0x03c48833) x16 0x00000000
core   0: 0x80003686 (0x0ff0000f) fence   iorw,iorw
core   0: 3 0x80003686 (0x0ff0000f)
core   0: 0x8000368a (0x0000717d) c.addi16sp sp, -16
core   0: 3 0x8000368a (0x717d) x 2 0x800150b3
core   0: 0x8000368c (0x00000505) c.addi  a0, 1
core   0: 3 0x8000368c (0x0505) x10 0x00000012
core   0: 0x8000368e (0x00000001) c.nop
core   0: 3 0x8000368e (0x0001)
core   0: 0x80003690 (0xff7569e3) bltu    a0, s7, pc - 14
core   0: 3 0x80003690 (0xff7569e3)
core   0: 0x80003682 (0x03c48833) mul     a6, s1, t3
core   0: 3 0x80003682 (0x03c48833) x16 0x00000000
core   0: 0x80003686 (0x0ff0000f) fence   iorw,iorw
core   0: 3 0x80003686 (0x0ff0000f)
core   0: 0x8000368a (0x0000717d) c.addi16sp sp, -16
core   0: 3 0x8000368a (0x717d) x 2 0x800150a3
core   0: 0x8000368c (0x00000505) c.addi  a0, 1
core   0: 3 0x8000368c (0x0505) x10 0x00000013
core   0: 0x8000368e (0x00000001) c.nop
core   0: 3 0x8000368e (0x0001)
core   0: 0x80003690 (0xff7569e3) bltu    a0, s7, pc - 14
core   0: 3 0x80003690 (0xff7569e3)
core   0: 0x80003694 (0x0000dce9) c.beqz  s1, pc - 38
core   0: 3 0x80003694 (0xdce9)
core   0: 0x8000366e (0x00008c65) c.and   s0, s1
core   0: 3 0x8000366e (0x8c65) x 8 0x00000000
core   0: 0x80003670 (0x00000485) c.addi  s1, 1
core   0: 3 0x80003670 (0x0485) x 9 0x00000001
core   0: 0x80003672 (0x026b6c33) rem     s8, s6, t1
core   0: 3 0x80003672 (0x026b6c33) x24 0x00007d6c
core   0: 0x80003676 (0x00a00513) li      a0, 10
core   0: 3 0x80003676 (0x00a00513) x10 0x0000000a
core   0: 0x8000367a (0x01300b93) li      s7, 19
core   0: 3 0x8000367a (0x01300b93) x23 0x00000013
core   0: 0x8000367e (0xbc6a4d93) xori    s11, s4, -1082
core   0: 3 0x8000367e (0xbc6a4d93) x27 0x00000445
core   0: 0x80003682 (0x03c48833) mul     a6, s1, t3
core   0: 3 0x80003682 (0x03c48833) x16 0xffffff83
core   0: 0x80003686 (0x0ff0000f) fence   iorw,iorw
core   0: 3 0x80003686 (0x0ff0000f)
core   0: 0x8000368a (0x0000717d) c.addi16sp sp, -16
core   0: 3 0x8000368a (0x717d) x 2 0x80015093
core   0: 0x8000368c (0x00000505) c.addi  a0, 1
core   0: 3 0x8000368c (0x0505) x10 0x0000000b
core   0: 0x8000368e (0x00000001) c.nop
core   0: 3 0x8000368e (0x0001)
core   0: 0x80003690 (0xff7569e3) bltu    a0, s7, pc - 14
core   0: 3 0x80003690 (0xff7569e3)
core   0: 0x80003682 (0x03c48833) mul     a6, s1, t3
core   0: 3 0x80003682 (0x03c48833) x16 0xffffff83
core   0: 0x80003686 (0x0ff0000f) fence   iorw,iorw
core   0: 3 0x80003686 (0x0ff0000f)
core   0: 0x8000368a (0x0000717d) c.addi16sp sp, -16
core   0: 3 0x8000368a (0x717d) x 2 0x80015083
core   0: 0x8000368c (0x00000505) c.addi  a0, 1
core   0: 3 0x8000368c (0x0505) x10 0x0000000c
core   0: 0x8000368e (0x00000001) c.nop
core   0: 3 0x8000368e (0x0001)
core   0: 0x80003690 (0xff7569e3) bltu    a0, s7, pc - 14
core   0: 3 0x80003690 (0xff7569e3)
core   0: 0x80003682 (0x03c48833) mul     a6, s1, t3
core   0: 3 0x80003682 (0x03c48833) x16 0xffffff83
core   0: 0x80003686 (0x0ff0000f) fence   iorw,iorw
core   0: 3 0x80003686 (0x0ff0000f)
core   0: 0x8000368a (0x0000717d) c.addi16sp sp, -16
core   0: 3 0x8000368a (0x717d) x 2 0x80015073
core   0: 0x8000368c (0x00000505) c.addi  a0, 1
core   0: 3 0x8000368c (0x0505) x10 0x0000000d
core   0: 0x8000368e (0x00000001) c.nop
core   0: 3 0x8000368e (0x0001)
core   0: 0x80003690 (0xff7569e3) bltu    a0, s7, pc - 14
core   0: 3 0x80003690 (0xff7569e3)
core   0: 0x80003682 (0x03c48833) mul     a6, s1, t3
core   0: 3 0x80003682 (0x03c48833) x16 0xffffff83
core   0: 0x80003686 (0x0ff0000f) fence   iorw,iorw
core   0: 3 0x80003686 (0x0ff0000f)
core   0: 0x8000368a (0x0000717d) c.addi16sp sp, -16
core   0: 3 0x8000368a (0x717d) x 2 0x80015063
core   0: 0x8000368c (0x00000505) c.addi  a0, 1
core   0: 3 0x8000368c (0x0505) x10 0x0000000e
core   0: 0x8000368e (0x00000001) c.nop
core   0: 3 0x8000368e (0x0001)
core   0: 0x80003690 (0xff7569e3) bltu    a0, s7, pc - 14
core   0: 3 0x80003690 (0xff7569e3)
core   0: 0x80003682 (0x03c48833) mul     a6, s1, t3
core   0: 3 0x80003682 (0x03c48833) x16 0xffffff83
core   0: 0x80003686 (0x0ff0000f) fence   iorw,iorw
core   0: 3 0x80003686 (0x0ff0000f)
core   0: 0x8000368a (0x0000717d) c.addi16sp sp, -16
core   0: 3 0x8000368a (0x717d) x 2 0x80015053
core   0: 0x8000368c (0x00000505) c.addi  a0, 1
core   0: 3 0x8000368c (0x0505) x10 0x0000000f
core   0: 0x8000368e (0x00000001) c.nop
core   0: 3 0x8000368e (0x0001)
core   0: 0x80003690 (0xff7569e3) bltu    a0, s7, pc - 14
core   0: 3 0x80003690 (0xff7569e3)
core   0: 0x80003682 (0x03c48833) mul     a6, s1, t3
core   0: 3 0x80003682 (0x03c48833) x16 0xffffff83
core   0: 0x80003686 (0x0ff0000f) fence   iorw,iorw
core   0: 3 0x80003686 (0x0ff0000f)
core   0: 0x8000368a (0x0000717d) c.addi16sp sp, -16
core   0: 3 0x8000368a (0x717d) x 2 0x80015043
core   0: 0x8000368c (0x00000505) c.addi  a0, 1
core   0: 3 0x8000368c (0x0505) x10 0x00000010
core   0: 0x8000368e (0x00000001) c.nop
core   0: 3 0x8000368e (0x0001)
core   0: 0x80003690 (0xff7569e3) bltu    a0, s7, pc - 14
core   0: 3 0x80003690 (0xff7569e3)
core   0: 0x80003682 (0x03c48833) mul     a6, s1, t3
core   0: 3 0x80003682 (0x03c48833) x16 0xffffff83
core   0: 0x80003686 (0x0ff0000f) fence   iorw,iorw
core   0: 3 0x80003686 (0x0ff0000f)
core   0: 0x8000368a (0x0000717d) c.addi16sp sp, -16
core   0: 3 0x8000368a (0x717d) x 2 0x80015033
core   0: 0x8000368c (0x00000505) c.addi  a0, 1
core   0: 3 0x8000368c (0x0505) x10 0x00000011
core   0: 0x8000368e (0x00000001) c.nop
core   0: 3 0x8000368e (0x0001)
core   0: 0x80003690 (0xff7569e3) bltu    a0, s7, pc - 14
core   0: 3 0x80003690 (0xff7569e3)
core   0: 0x80003682 (0x03c48833) mul     a6, s1, t3
core   0: 3 0x80003682 (0x03c48833) x16 0xffffff83
core   0: 0x80003686 (0x0ff0000f) fence   iorw,iorw
core   0: 3 0x80003686 (0x0ff0000f)
core   0: 0x8000368a (0x0000717d) c.addi16sp sp, -16
core   0: 3 0x8000368a (0x717d) x 2 0x80015023
core   0: 0x8000368c (0x00000505) c.addi  a0, 1
core   0: 3 0x8000368c (0x0505) x10 0x00000012
core   0: 0x8000368e (0x00000001) c.nop
core   0: 3 0x8000368e (0x0001)
core   0: 0x80003690 (0xff7569e3) bltu    a0, s7, pc - 14
core   0: 3 0x80003690 (0xff7569e3)
core   0: 0x80003682 (0x03c48833) mul     a6, s1, t3
core   0: 3 0x80003682 (0x03c48833) x16 0xffffff83
core   0: 0x80003686 (0x0ff0000f) fence   iorw,iorw
core   0: 3 0x80003686 (0x0ff0000f)
core   0: 0x8000368a (0x0000717d) c.addi16sp sp, -16
core   0: 3 0x8000368a (0x717d) x 2 0x80015013
core   0: 0x8000368c (0x00000505) c.addi  a0, 1
core   0: 3 0x8000368c (0x0505) x10 0x00000013
core   0: 0x8000368e (0x00000001) c.nop
core   0: 3 0x8000368e (0x0001)
core   0: 0x80003690 (0xff7569e3) bltu    a0, s7, pc - 14
core   0: 3 0x80003690 (0xff7569e3)
core   0: 0x80003694 (0x0000dce9) c.beqz  s1, pc - 38
core   0: 3 0x80003694 (0xdce9)
core   0: 0x80003696 (0x9d6b3913) sltiu   s2, s6, -1578
core   0: 3 0x80003696 (0x9d6b3913) x18 0x00000001
core   0: 0x8000369a (0x0001df97) auipc   t6, 0x1d
core   0: 3 0x8000369a (0x0001df97) x31 0x8002069a
core   0: 0x8000369e (0x021f8f93) addi    t6, t6, 33
core   0: 3 0x8000369e (0x021f8f93) x31 0x800206bb
core   0: 0x800036a2 (0x0000df17) auipc   t5, 0xd
core   0: 3 0x800036a2 (0x0000df17) x30 0x800106a2
core   0: 0x800036a6 (0xcddf0f13) addi    t5, t5, -803
core   0: 3 0x800036a6 (0xcddf0f13) x30 0x8001037f
core   0: 0x800036aa (0xff2f8403) lb      s0, -14(t6)
core   0: 3 0x800036aa (0xff2f8403) x 8 0x0000006d mem 0x800206ad
core   0: 0x800036ae (0xff2f8303) lb      t1, -14(t6)
core   0: 3 0x800036ae (0xff2f8303) x 6 0x0000006d mem 0x800206ad
core   0: 0x800036b2 (0xff8fc383) lbu     t2, -8(t6)
core   0: 3 0x800036b2 (0xff8fc383) x 7 0x0000001b mem 0x800206b3
core   0: 0x800036b6 (0xe3ff0423) sb      t6, -472(t5)
core   0: 3 0x800036b6 (0xe3ff0423) mem 0x800101a7 0xbb
core   0: 0x800036ba (0x000f8083) lb      ra, 0(t6)
core   0: 3 0x800036ba (0x000f8083) x 1 0x0000004c mem 0x800206bb
core   0: 0x800036be (0x3b5f2283) lw      t0, 949(t5)
core   0: 3 0x800036be (0x3b5f2283) x 5 0x1a872339 mem 0x80010734
core   0: 0x800036c2 (0xf87f0b83) lb      s7, -121(t5)
core   0: 3 0x800036c2 (0xf87f0b83) x23 0x0000001f mem 0x80010306
core   0: 0x800036c6 (0x197f4b83) lbu     s7, 407(t5)
core   0: 3 0x800036c6 (0x197f4b83) x23 0x000000e7 mem 0x80010516
core   0: 0x800036ca (0x0a2f0d03) lb      s10, 162(t5)
core   0: 3 0x800036ca (0x0a2f0d03) x26 0x0000007c mem 0x80010421
core   0: 0x800036ce (0xffefc383) lbu     t2, -2(t6)
core   0: 3 0x800036ce (0xffefc383) x 7 0x00000020 mem 0x800206b9
core   0: 0x800036d2 (0xffdfcd83) lbu     s11, -3(t6)
core   0: 3 0x800036d2 (0xffdfcd83) x27 0x0000006e mem 0x800206b8
core   0: 0x800036d6 (0x287f5503) lhu     a0, 647(t5)
core   0: 3 0x800036d6 (0x287f5503) x10 0x0000a70a mem 0x80010606
core   0: 0x800036da (0x009fdb83) lhu     s7, 9(t6)
core   0: 3 0x800036da (0x009fdb83) x23 0x00005cf8 mem 0x800206c4
core   0: 0x800036de (0xf1ef0e23) sb      t5, -228(t5)
core   0: 3 0x800036de (0xf1ef0e23) mem 0x8001029b 0x7f
core   0: 0x800036e2 (0xff5f9aa3) sh      s5, -11(t6)
core   0: 3 0x800036e2 (0xff5f9aa3) mem 0x800206b0 0x13bd
core   0: 0x800036e6 (0x570f4b83) lbu     s7, 1392(t5)
core   0: 3 0x800036e6 (0x570f4b83) x23 0x0000007d mem 0x800108ef
core   0: 0x800036ea (0x008fc803) lbu     a6, 8(t6)
core   0: 3 0x800036ea (0x008fc803) x16 0x0000001c mem 0x800206c3
core   0: 0x800036ee (0x026f4483) lbu     s1, 38(t5)
core   0: 3 0x800036ee (0x026f4483) x 9 0x000000ca mem 0x800103a5
core   0: 0x800036f2 (0xffcf8203) lb      tp, -4(t6)
core   0: 3 0x800036f2 (0xffcf8203) x 4 0x00000077 mem 0x800206b7
core   0: 0x800036f6 (0x086f0c83) lb      s9, 134(t5)
core   0: 3 0x800036f6 (0x086f0c83) x25 0xffffffc9 mem 0x80010405
core   0: 0x800036fa (0x0060036f) jal     t1, pc + 0x6
core   0: 3 0x800036fa (0x0060036f) x 6 0x800036fe
core   0: 0x80003700 (0x0000202d) c.jal   pc + 42
core   0: 3 0x80003700 (0x202d) x 1 0x80003702
core   0: 0x8000372a (0x00003ff9) c.jal   pc - 34
core   0: 3 0x8000372a (0x3ff9) x 1 0x8000372c
core   0: 0x80003708 (0x0000bfed) c.j     pc - 6
core   0: 3 0x80003708 (0xbfed)
core   0: 0x80003702 (0x02a0026f) jal     tp, pc + 0x2a
core   0: 3 0x80003702 (0x02a0026f) x 4 0x80003706
core   0: 0x8000372c (0x0000b7fd) c.j     pc - 18
core   0: 3 0x8000372c (0xb7fd)
core   0: 0x8000371a (0x00c0036f) jal     t1, pc + 0xc
core   0: 3 0x8000371a (0x00c0036f) x 6 0x8000371e
core   0: 0x80003726 (0xffbff36f) jal     t1, pc - 0x6
core   0: 3 0x80003726 (0xffbff36f) x 6 0x8000372a
core   0: 0x80003720 (0xfefffe6f) jal     t3, pc - 0x12
core   0: 3 0x80003720 (0xfefffe6f) x28 0x80003724
core   0: 0x8000370e (0x0260036f) jal     t1, pc + 0x26
core   0: 3 0x8000370e (0x0260036f) x 6 0x80003712
core   0: 0x80003734 (0xffbff1ef) jal     gp, pc - 0x6
core   0: 3 0x80003734 (0xffbff1ef) x 3 0x80003738
core   0: 0x8000372e (0x000037d5) c.jal   pc - 28
core   0: 3 0x8000372e (0x37d5) x 1 0x80003730
core   0: 0x80003712 (0x026000ef) jal     pc + 0x26
core   0: 3 0x80003712 (0x026000ef) x 1 0x80003716
core   0: 0x80003738 (0xfcfff0ef) jal     pc - 0x32
core   0: 3 0x80003738 (0xfcfff0ef) x 1 0x8000373c
core   0: 0x80003706 (0x00002821) c.jal   pc + 24
core   0: 3 0x80003706 (0x2821) x 1 0x80003708
core   0: 0x8000371e (0x000037c5) c.jal   pc - 32
core   0: 3 0x8000371e (0x37c5) x 1 0x80003720
core   0: 0x800036fe (0x0000a815) c.j     pc + 52
core   0: 3 0x800036fe (0xa815)
core   0: 0x80003732 (0x0000b7d5) c.j     pc - 28
core   0: 3 0x80003732 (0xb7d5)
core   0: 0x80003716 (0x01a000ef) jal     pc + 0x1a
core   0: 3 0x80003716 (0x01a000ef) x 1 0x8000371a
core   0: 0x80003730 (0x00003fd5) c.jal   pc - 12
core   0: 3 0x80003730 (0x3fd5) x 1 0x80003732
core   0: 0x80003724 (0x000037dd) c.jal   pc - 26
core   0: 3 0x80003724 (0x37dd) x 1 0x80003726
core   0: 0x8000370a (0x03200c6f) jal     s8, pc + 0x32
core   0: 3 0x8000370a (0x03200c6f) x24 0x8000370e
core   0: 0x8000373c (0x000012fd) c.addi  t0, -1
core   0: 3 0x8000373c (0x12fd) x 5 0x1a872338
core   0: 0x8000373e (0x0001b297) auipc   t0, 0x1b
core   0: 3 0x8000373e (0x0001b297) x 5 0x8001e73e
core   0: 0x80003742 (0xb0a28293) addi    t0, t0, -1270
core   0: 3 0x80003742 (0xb0a28293) x 5 0x8001e248
core   0: 0x80003746 (0x7e728a83) lb      s5, 2023(t0)
core   0: 3 0x80003746 (0x7e728a83) x21 0xffffffde mem 0x8001ea2f
core   0: 0x8000374a (0xbd528fa3) sb      s5, -1057(t0)
core   0: 3 0x8000374a (0xbd528fa3) mem 0x8001de27 0xde
core   0: 0x8000374e (0x00008c01) c.sub   s0, s0
core   0: 3 0x8000374e (0x8c01) x 8 0x00000000
core   0: 0x80003750 (0x028e1e33) mulh    t3, t3, s0
core   0: 3 0x80003750 (0x028e1e33) x28 0x00000000
core   0: 0x80003754 (0x6ac2aa83) lw      s5, 1708(t0)
core   0: 3 0x80003754 (0x6ac2aa83) x21 0x35c63be5 mem 0x8001e8f4
core   0: 0x80003758 (0x03289ab3) mulh    s5, a7, s2
core   0: 3 0x80003758 (0x03289ab3) x21 0x00000000
core   0: 0x8000375c (0x0ff0000f) fence   iorw,iorw
core   0: 3 0x8000375c (0x0ff0000f)
core   0: 0x80003760 (0x00000a86) c.slli  s5, 1
core   0: 3 0x80003760 (0x0a86) x21 0x00000000
core   0: 0x80003762 (0x63628883) lb      a7, 1590(t0)
core   0: 3 0x80003762 (0x63628883) x17 0x0000000e mem 0x8001e87e
core   0: 0x80003766 (0xae22c883) lbu     a7, -1310(t0)
core   0: 3 0x80003766 (0xae22c883) x17 0x000000be mem 0x8001dd2a
core   0: 0x8000376a (0x002e1893) slli    a7, t3, 2
core   0: 3 0x8000376a (0x002e1893) x17 0x00000000
core   0: 0x8000376e (0x08d2c883) lbu     a7, 141(t0)
core   0: 3 0x8000376e (0x08d2c883) x17 0x000000c2 mem 0x8001e2d5
core   0: 0x80003772 (0x0288b433) mulhu   s0, a7, s0
core   0: 3 0x80003772 (0x0288b433) x 8 0x00000000
core   0: 0x80003776 (0xb4029e03) lh      t3, -1216(t0)
core   0: 3 0x80003776 (0xb4029e03) x28 0xfffff34f mem 0x8001dd88
core   0: 0x8000377a (0x00008815) c.andi  s0, 5
core   0: 3 0x8000377a (0x8815) x 8 0x00000000
core   0: 0x8000377c (0x00000001) c.nop
core   0: 3 0x8000377c (0x0001)
core   0: 0x8000377e (0x00009e4a) c.add   t3, s2
core   0: 3 0x8000377e (0x9e4a) x28 0xfffff350
core   0: 0x80003780 (0xd4d16a93) ori     s5, sp, -691
core   0: 3 0x80003780 (0xd4d16a93) x21 0xfffffd5f
core   0: 0x80003784 (0x00008c61) c.and   s0, s0
core   0: 3 0x80003784 (0x8c61) x 8 0x00000000
core   0: 0x80003786 (0x91228323) sb      s2, -1786(t0)
core   0: 3 0x80003786 (0x91228323) mem 0x8001db4e 0x1
core   0: 0x8000378a (0xcf129523) sh      a7, -790(t0)
core   0: 3 0x8000378a (0xcf129523) mem 0x8001df32 0x00c2
core   0: 0x8000378e (0x57629903) lh      s2, 1398(t0)
core   0: 3 0x8000378e (0x57629903) x18 0x0000373d mem 0x8001e7be
core   0: 0x80003792 (0x00006975) c.lui   s2, 0x1d
core   0: 3 0x80003792 (0x6975) x18 0x0001d000
core   0: 0x80003794 (0xf2829423) sh      s0, -216(t0)
core   0: 3 0x80003794 (0xf2829423) mem 0x8001e170 0x0000
core   0: 0x80003798 (0x9bc288a3) sb      t3, -1615(t0)
core   0: 3 0x80003798 (0x9bc288a3) mem 0x8001dbf9 0x50
core   0: 0x8000379c (0x0dc289a3) sb      t3, 211(t0)
core   0: 3 0x8000379c (0x0dc289a3) mem 0x8001e31b 0x50
core   0: 0x800037a0 (0x00545893) srli    a7, s0, 5
core   0: 3 0x800037a0 (0x00545893) x17 0x00000000
core   0: 0x800037a4 (0x0000597d) c.li    s2, -1
core   0: 3 0x800037a4 (0x597d) x18 0xffffffff
core   0: 0x800037a6 (0xc612c103) lbu     sp, -927(t0)
core   0: 3 0x800037a6 (0xc612c103) x 2 0x00000081 mem 0x8001dea9
core   0: 0x800037aa (0x00000001) c.nop
core   0: 3 0x800037aa (0x0001)
core   0: 0x800037ac (0x254e7413) andi    s0, t3, 596
core   0: 3 0x800037ac (0x254e7413) x 8 0x00000250
core   0: 0x800037b0 (0x59928a83) lb      s5, 1433(t0)
core   0: 3 0x800037b0 (0x59928a83) x21 0x00000036 mem 0x8001e7e1
core   0: 0x800037b4 (0x012abe33) sltu    t3, s5, s2
core   0: 3 0x800037b4 (0x012abe33) x28 0x00000001
core   0: 0x800037b8 (0x0000807d) c.srli  s0, 31
core   0: 3 0x800037b8 (0x807d) x 8 0x00000000
core   0: 0x800037ba (0x032448b3) div     a7, s0, s2
core   0: 3 0x800037ba (0x032448b3) x17 0x00000000
core   0: 0x800037be (0x64528103) lb      sp, 1605(t0)
core   0: 3 0x800037be (0x64528103) x 2 0x0000003f mem 0x8001e88d
core   0: 0x800037c2 (0xe972ca83) lbu     s5, -361(t0)
core   0: 3 0x800037c2 (0xe972ca83) x21 0x0000008b mem 0x8001e0df
core   0: 0x800037c6 (0x19d28403) lb      s0, 413(t0)
core   0: 3 0x800037c6 (0x19d28403) x 8 0xffffff9c mem 0x8001e3e5
core   0: 0x800037ca (0xbb1283a3) sb      a7, -1113(t0)
core   0: 3 0x800037ca (0xbb1283a3) mem 0x8001ddef 0x0
core   0: 0x800037ce (0xea228d23) sb      sp, -326(t0)
core   0: 3 0x800037ce (0xea228d23) mem 0x8001e102 0x3f
core   0: 0x800037d2 (0xf612ca83) lbu     s5, -159(t0)
core   0: 3 0x800037d2 (0xf612ca83) x21 0x0000009f mem 0x8001e1a9
core   0: 0x800037d6 (0xa89a8a93) addi    s5, s5, -1399
core   0: 3 0x800037d6 (0xa89a8a93) x21 0xfffffb28
core   0: 0x800037da (0x1b713913) sltiu   s2, sp, 439
core   0: 3 0x800037da (0x1b713913) x18 0x00000001
core   0: 0x800037de (0x4d1286a3) sb      a7, 1229(t0)
core   0: 3 0x800037de (0x4d1286a3) mem 0x8001e715 0x0
core   0: 0x800037e2 (0x5a62c103) lbu     sp, 1446(t0)
core   0: 3 0x800037e2 (0x5a62c103) x 2 0x00000027 mem 0x8001e7ee
core   0: 0x800037e6 (0x9b312113) slti    sp, sp, -1613
core   0: 3 0x800037e6 (0x9b312113) x 2 0x00000000
core   0: 0x800037ea (0x68c2d103) lhu     sp, 1676(t0)
core   0: 3 0x800037ea (0x68c2d103) x 2 0x000070af mem 0x8001e8d4
core   0: 0x800037ee (0x1fa2de03) lhu     t3, 506(t0)
core   0: 3 0x800037ee (0x1fa2de03) x28 0x0000be8d mem 0x8001e442
core   0: 0x800037f2 (0x4c128403) lb      s0, 1217(t0)
core   0: 3 0x800037f2 (0x4c128403) x 8 0x00000057 mem 0x8001e709
core   0: 0x800037f6 (0xbf62d403) lhu     s0, -1034(t0)
core   0: 3 0x800037f6 (0xbf62d403) x 8 0x0000a0d3 mem 0x8001de3e
core   0: 0x800037fa (0x00019217) auipc   tp, 0x19
core   0: 3 0x800037fa (0x00019217) x 4 0x8001c7fa
core   0: 0x800037fe (0x26120213) addi    tp, tp, 609
core   0: 3 0x800037fe (0x26120213) x 4 0x8001ca5b
core   0: 0x80003802 (0x00008e99) c.sub   a3, a4
core   0: 3 0x80003802 (0x8e99) x13 0xfffffca9
core   0: 0x80003804 (0x410dd313) srai    t1, s11, 16
core   0: 3 0x80003804 (0x410dd313) x 6 0x00000000
core   0: 0x80003808 (0x000086c1) c.srai  a3, 16
core   0: 3 0x80003808 (0x86c1) x13 0xffffffff
core   0: 0x8000380a (0x03820d83) lb      s11, 56(tp)
core   0: 3 0x8000380a (0x03820d83) x27 0xffffffb0 mem 0x8001ca93
core   0: 0x8000380e (0xffb20f03) lb      t5, -5(tp)
core   0: 3 0x8000380e (0xffb20f03) x30 0x0000005f mem 0x8001ca56
core   0: 0x80003812 (0xfeb21da3) sh      a1, -5(tp)
core   0: 3 0x80003812 (0xfeb21da3) mem 0x8001ca56 0x0000
core   0: 0x80003816 (0x015d6033) or      zero, s10, s5
core   0: 3 0x80003816 (0x015d6033)
core   0: 0x8000381a (0x000f9413) slli    s0, t6, 0
core   0: 3 0x8000381a (0x000f9413) x 8 0x800206bb
core   0: 0x8000381e (0xffb24703) lbu     a4, -5(tp)
core   0: 3 0x8000381e (0xffb24703) x14 0x00000000 mem 0x8001ca56
core   0: 0x80003822 (0xfe920da3) sb      s1, -5(tp)
core   0: 3 0x80003822 (0xfe920da3) mem 0x8001ca56 0xca
core   0: 0x80003826 (0xffb24383) lbu     t2, -5(tp)
core   0: 3 0x80003826 (0xffb24383) x 7 0x000000ca mem 0x8001ca56
core   0: 0x8000382a (0x02b5e433) rem     s0, a1, a1
core   0: 3 0x8000382a (0x02b5e433) x 8 0x00000000
core   0: 0x8000382e (0x00720883) lb      a7, 7(tp)
core   0: 3 0x8000382e (0x00720883) x17 0xfffffff4 mem 0x8001ca62
core   0: 0x80003832 (0x012203a3) sb      s2, 7(tp)
core   0: 3 0x80003832 (0x012203a3) mem 0x8001ca62 0x1
core   0: 0x80003836 (0xfda20983) lb      s3, -38(tp)
core   0: 3 0x80003836 (0xfda20983) x19 0x00000001 mem 0x8001ca35
core   0: 0x8000383a (0xfda20503) lb      a0, -38(tp)
core   0: 3 0x8000383a (0xfda20503) x10 0x00000001 mem 0x8001ca35
core   0: 0x8000383e (0xfda20e03) lb      t3, -38(tp)
core   0: 3 0x8000383e (0xfda20e03) x28 0x00000001 mem 0x8001ca35
core   0: 0x80003842 (0xfda20683) lb      a3, -38(tp)
core   0: 3 0x80003842 (0xfda20683) x13 0x00000001 mem 0x8001ca35
core   0: 0x80003846 (0x0388d4b3) divu    s1, a7, s8
core   0: 3 0x80003846 (0x0388d4b3) x 9 0x00000001
core   0: 0x8000384a (0xfda24903) lbu     s2, -38(tp)
core   0: 3 0x8000384a (0xfda24903) x18 0x00000001 mem 0x8001ca35
core   0: 0x8000384e (0x02220383) lb      t2, 34(tp)
core   0: 3 0x8000384e (0x02220383) x 7 0xfffffffd mem 0x8001ca7d
core   0: 0x80003852 (0x0000d117) auipc   sp, 0xd
core   0: 3 0x80003852 (0x0000d117) x 2 0x80010852
core   0: 0x80003856 (0x53110113) addi    sp, sp, 1329
core   0: 3 0x80003856 (0x53110113) x 2 0x80010d83
core   0: 0x8000385a (0x5ecff313) andi    t1, t6, 1516
core   0: 3 0x8000385a (0x5ecff313) x 6 0x000004a8
core   0: 0x8000385e (0x00e945b3) xor     a1, s2, a4
core   0: 3 0x8000385e (0x00e945b3) x11 0x00000001
core   0: 0x80003862 (0x00510303) lb      t1, 5(sp)
core   0: 3 0x80003862 (0x00510303) x 6 0xfffffffd mem 0x80010d88
core   0: 0x80003866 (0x000089ae) c.mv    s3, a1
core   0: 3 0x80003866 (0x89ae) x19 0x00000001
core   0: 0x80003868 (0xfe614903) lbu     s2, -26(sp)
core   0: 3 0x80003868 (0xfe614903) x18 0x00000083 mem 0x80010d69
core   0: 0x8000386c (0x00414583) lbu     a1, 4(sp)
core   0: 3 0x8000386c (0x00414583) x11 0x000000e4 mem 0x80010d87
core   0: 0x80003870 (0xe17fa593) slti    a1, t6, -489
core   0: 3 0x80003870 (0xe17fa593) x11 0x00000001
core   0: 0x80003874 (0xfe611ba3) sh      t1, -9(sp)
core   0: 3 0x80003874 (0xfe611ba3) mem 0x80010d7a 0xfffd
core   0: 0x80003878 (0x03272933) mulhsu  s2, a4, s2
core   0: 3 0x80003878 (0x03272933) x18 0x00000000
core   0: 0x8000387c (0x0109d593) srli    a1, s3, 16
core   0: 3 0x8000387c (0x0109d593) x11 0x00000000
core   0: 0x80003880 (0x006124a3) sw      t1, 9(sp)
core   0: 3 0x80003880 (0x006124a3) mem 0x80010d8c 0xfffffffd
core   0: 0x80003884 (0x02e108a3) sb      a4, 49(sp)
core   0: 3 0x80003884 (0x02e108a3) mem 0x80010db4 0x0
core   0: 0x80003888 (0x02e10703) lb      a4, 46(sp)
core   0: 3 0x80003888 (0x02e10703) x14 0xffffff9f mem 0x80010db1
core   0: 0x8000388c (0x000019fd) c.addi  s3, -1
core   0: 3 0x8000388c (0x19fd) x19 0x00000000
core   0: 0x8000388e (0xff310323) sb      s3, -26(sp)
core   0: 3 0x8000388e (0xff310323) mem 0x80010d69 0x0
core   0: 0x80003892 (0x00a14903) lbu     s2, 10(sp)
core   0: 3 0x80003892 (0x00a14903) x18 0x000000ff mem 0x80010d8d
core   0: 0x80003896 (0x1ed77f93) andi    t6, a4, 493
core   0: 3 0x80003896 (0x1ed77f93) x31 0x0000018d
core   0: 0x8000389a (0x01f10583) lb      a1, 31(sp)
core   0: 3 0x8000389a (0x01f10583) x11 0xffffffa2 mem 0x80010da2
core   0: 0x8000389e (0xfd310123) sb      s3, -62(sp)
core   0: 3 0x8000389e (0xfd310123) mem 0x80010d45 0x0
core   0: 0x800038a2 (0x00e10f83) lb      t6, 14(sp)
core   0: 3 0x800038a2 (0x00e10f83) x31 0x00000000 mem 0x80010d91
core   0: 0x800038a6 (0x012f95b3) sll     a1, t6, s2
core   0: 3 0x800038a6 (0x012f95b3) x11 0x00000000
core   0: 0x800038aa (0x00008f39) c.xor   a4, a4
core   0: 3 0x800038aa (0x8f39) x14 0x00000000
core   0: 0x800038ac (0x95130913) addi    s2, t1, -1711
core   0: 3 0x800038ac (0x95130913) x18 0xfffff94e
core   0: 0x800038b0 (0x02b10a23) sb      a1, 52(sp)
core   0: 3 0x800038b0 (0x02b10a23) mem 0x80010db7 0x0
core   0: 0x800038b4 (0xfc610ea3) sb      t1, -35(sp)
core   0: 3 0x800038b4 (0xfc610ea3) mem 0x80010d60 0xfd
core   0: 0x800038b8 (0x02115f83) lhu     t6, 33(sp)
core   0: 3 0x800038b8 (0x02115f83) x31 0x0000db1d mem 0x80010da4
core   0: 0x800038bc (0x00b5c733) xor     a4, a1, a1
core   0: 3 0x800038bc (0x00b5c733) x14 0x00000000
core   0: 0x800038c0 (0x00009b7d) c.andi  a4, -1
core   0: 3 0x800038c0 (0x9b7d) x14 0x00000000
core   0: 0x800038c2 (0xfff117a3) sh      t6, -17(sp)
core   0: 3 0x800038c2 (0xfff117a3) mem 0x80010d72 0xdb1d
core   0: 0x800038c6 (0x03d14f83) lbu     t6, 61(sp)
core   0: 3 0x800038c6 (0x03d14f83) x31 0x00000000 mem 0x80010dc0
core   0: 0x800038ca (0x01175993) srli    s3, a4, 17
core   0: 3 0x800038ca (0x01175993) x19 0x00000000
core   0: 0x800038ce (0x01210e23) sb      s2, 28(sp)
core   0: 3 0x800038ce (0x01210e23) mem 0x80010d9f 0x4e
core   0: 0x800038d2 (0x0000d197) auipc   gp, 0xd
core   0: 3 0x800038d2 (0x0000d197) x 3 0x800108d2
core   0: 0x800038d6 (0x4dc18193) addi    gp, gp, 1244
core   0: 3 0x800038d6 (0x4dc18193) x 3 0x80010dae
core   0: 0x800038da (0x00019a17) auipc   s4, 0x19
core   0: 3 0x800038da (0x00019a17) x20 0x8001c8da
core   0: 0x800038de (0x22aa0a13) addi    s4, s4, 554
core   0: 3 0x800038de (0x22aa0a13) x20 0x8001cb04
core   0: 0x800038e2 (0xa301ca83) lbu     s5, -1488(gp)
core   0: 3 0x800038e2 (0xa301ca83) x21 0x00000033 mem 0x800107de
core   0: 0x800038e6 (0xff2a1103) lh      sp, -14(s4)
core   0: 3 0x800038e6 (0xff2a1103) x 2 0xffff8f5b mem 0x8001caf6
core   0: 0x800038ea (0xe9019d83) lh      s11, -368(gp)
core   0: 3 0x800038ea (0xe9019d83) x27 0xffff93c8 mem 0x80010c3e
core   0: 0x800038ee (0x030a1c83) lh      s9, 48(s4)
core   0: 3 0x800038ee (0x030a1c83) x25 0x00005e93 mem 0x8001cb34
core   0: 0x800038f2 (0xcbc1cb03) lbu     s6, -836(gp)
core   0: 3 0x800038f2 (0xcbc1cb03) x22 0x00000098 mem 0x80010a6a
core   0: 0x800038f6 (0x83b1c683) lbu     a3, -1989(gp)
core   0: 3 0x800038f6 (0x83b1c683) x13 0x00000027 mem 0x800105e9
core   0: 0x800038fa (0x00aa04a3) sb      a0, 9(s4)
core   0: 3 0x800038fa (0x00aa04a3) mem 0x8001cb0d 0x1
core   0: 0x800038fe (0x972182a3) sb      s2, -1691(gp)
core   0: 3 0x800038fe (0x972182a3) mem 0x80010713 0x4e
core   0: 0x80003902 (0xfd4a0d03) lb      s10, -44(s4)
core   0: 3 0x80003902 (0xfd4a0d03) x26 0xffffffb3 mem 0x8001cad8
core   0: 0x80003906 (0x19b1c203) lbu     tp, 411(gp)
core   0: 3 0x80003906 (0x19b1c203) x 4 0x000000d4 mem 0x80010f49
core   0: 0x8000390a (0x00da4f03) lbu     t5, 13(s4)
core   0: 3 0x8000390a (0x00da4f03) x30 0x000000e8 mem 0x8001cb11
core   0: 0x8000390e (0x030a5d03) lhu     s10, 48(s4)
core   0: 3 0x8000390e (0x030a5d03) x26 0x00005e93 mem 0x8001cb34
core   0: 0x80003912 (0x8f218ea3) sb      s2, -1795(gp)
core   0: 3 0x80003912 (0x8f218ea3) mem 0x800106ab 0x4e
core   0: 0x80003916 (0xd0018c23) sb      zero, -744(gp)
core   0: 3 0x80003916 (0xd0018c23) mem 0x80010ac6 0x0
core   0: 0x8000391a (0x0000d117) auipc   sp, 0xd
core   0: 3 0x8000391a (0x0000d117) x 2 0x8001091a
core   0: 0x8000391e (0xe4310113) addi    sp, sp, -445
core   0: 3 0x8000391e (0xe4310113) x 2 0x8001075d
core   0: 0x80003922 (0x61f115a3) sh      t6, 1547(sp)
core   0: 3 0x80003922 (0x61f115a3) mem 0x80010d68 0x0000
core   0: 0x80003926 (0x020205b3) mul     a1, tp, zero
core   0: 3 0x80003926 (0x020205b3) x11 0x00000000
core   0: 0x8000392a (0x021086b3) mul     a3, ra, ra
core   0: 3 0x8000392a (0x021086b3) x13 0x0be159a4
core   0: 0x8000392e (0xa5310323) sb      s3, -1466(sp)
core   0: 3 0x8000392e (0xa5310323) mem 0x800101a3 0x0
core   0: 0x80003932 (0x00006cd5) c.lui   s9, 0x15
core   0: 3 0x80003932 (0x6cd5) x25 0x00015000
core   0: 0x80003934 (0x0f57a893) slti    a7, a5, 245
core   0: 3 0x80003934 (0x0f57a893) x17 0x00000001
core   0: 0x80003938 (0xc2b15303) lhu     t1, -981(sp)
core   0: 3 0x80003938 (0xc2b15303) x 6 0x00005c3a mem 0x80010388
core   0: 0x8000393c (0x6d711fa3) sh      s7, 1759(sp)
core   0: 3 0x8000393c (0x6d711fa3) mem 0x80010e3c 0x007d
core   0: 0x80003940 (0x8e69cd93) xori    s11, s3, -1818
core   0: 3 0x80003940 (0x8e69cd93) x27 0xfffff8e6
core   0: 0x80003944 (0x91310b23) sb      s3, -1770(sp)
core   0: 3 0x80003944 (0x91310b23) mem 0x80010073 0x0
core   0: 0x80003948 (0x01676e33) or      t3, a4, s6
core   0: 3 0x80003948 (0x01676e33) x28 0x00000098
core   0: 0x8000394c (0xbd710083) lb      ra, -1065(sp)
core   0: 3 0x8000394c (0xbd710083) x 1 0x0000001c mem 0x80010334
core   0: 0x80003950 (0x008abc33) sltu    s8, s5, s0
core   0: 3 0x80003950 (0x008abc33) x24 0x00000000
core   0: 0x80003954 (0x00008e91) c.sub   a3, a2
core   0: 3 0x80003954 (0x8e91) x13 0x8bdebcc0
core   0: 0x80003956 (0x0149d0b3) srl     ra, s3, s4
core   0: 3 0x80003956 (0x0149d0b3) x 1 0x00000000
core   0: 0x8000395a (0x12d10623) sb      a3, 300(sp)
core   0: 3 0x8000395a (0x12d10623) mem 0x80010889 0xc0
core   0: 0x8000395e (0x21514c03) lbu     s8, 533(sp)
core   0: 3 0x8000395e (0x21514c03) x24 0x000000aa mem 0x80010972
core   0: 0x80003962 (0xd6910023) sb      s1, -672(sp)
core   0: 3 0x80003962 (0xd6910023) mem 0x800104bd 0x1
core   0: 0x80003966 (0x318966b7) lui     a3, 0x31896
core   0: 3 0x80003966 (0x318966b7) x13 0x31896000
core   0: 0x8000396a (0x00008c4e) c.mv    s8, s3
core   0: 3 0x8000396a (0x8c4e) x24 0x00000000
core   0: 0x8000396c (0x3d511683) lh      a3, 981(sp)
core   0: 3 0x8000396c (0x3d511683) x13 0xffffccf7 mem 0x80010b32
core   0: 0x80003970 (0x74610123) sb      t1, 1858(sp)
core   0: 3 0x80003970 (0x74610123) mem 0x80010e9f 0x3a
core   0: 0x80003974 (0xc3014003) lbu     zero, -976(sp)
core   0: 3 0x80003974 (0xc3014003) mem 0x8001038d
core   0: 0x80003978 (0x02297b33) remu    s6, s2, sp
core   0: 3 0x80003978 (0x02297b33) x22 0x7ffef1f1
core   0: 0x8000397c (0x4035d3b3) sra     t2, a1, gp
core   0: 3 0x8000397c (0x4035d3b3) x 7 0x00000000
core   0: 0x80003980 (0x00008851) c.andi  s0, 20
core   0: 3 0x80003980 (0x8851) x 8 0x00000000
core   0: 0x80003982 (0x016312b3) sll     t0, t1, s6
core   0: 3 0x80003982 (0x016312b3) x 5 0xb8740000
core   0: 0x80003986 (0x0000100f) fence.i
core   0: 3 0x80003986 (0x0000100f)
core   0: 0x8000398a (0x00006685) c.lui   a3, 0x1
core   0: 3 0x8000398a (0x6685) x13 0x00001000
core   0: 0x8000398c (0x8e332393) slti    t2, t1, -1821
core   0: 3 0x8000398c (0x8e332393) x 7 0x00000000
core   0: 0x80003990 (0x41988f33) sub     t5, a7, s9
core   0: 3 0x80003990 (0x41988f33) x30 0xfffeb001
core   0: 0x80003994 (0x4169d013) srai    zero, s3, 22
core   0: 3 0x80003994 (0x4169d013)
core   0: 0x80003998 (0xe9e14903) lbu     s2, -354(sp)
core   0: 3 0x80003998 (0xe9e14903) x18 0x0000002c mem 0x800105fb
core   0: 0x8000399c (0xfd010ea3) sb      a6, -35(sp)
core   0: 3 0x8000399c (0xfd010ea3) mem 0x8001073a 0x1c
core   0: 0x800039a0 (0xb3915d83) lhu     s11, -1223(sp)
core   0: 3 0x800039a0 (0xb3915d83) x27 0x00009400 mem 0x80010296
core   0: 0x800039a4 (0x99e14383) lbu     t2, -1634(sp)
core   0: 3 0x800039a4 (0x99e14383) x 7 0x000000ff mem 0x800100fb
core   0: 0x800039a8 (0x0257c6b3) div     a3, a5, t0
core   0: 3 0x800039a8 (0x0257c6b3) x13 0x00000001
core   0: 0x800039ac (0x1e310623) sb      gp, 492(sp)
core   0: 3 0x800039ac (0x1e310623) mem 0x80010949 0xae
core   0: 0x800039b0 (0x79111a83) lh      s5, 1937(sp)
core   0: 3 0x800039b0 (0x79111a83) x21 0x00005950 mem 0x80010eee
core   0: 0x800039b4 (0x0000d497) auipc   s1, 0xd
core   0: 3 0x800039b4 (0x0000d497) x 9 0x800109b4
core   0: 0x800039b8 (0xb1948493) addi    s1, s1, -1255
core   0: 3 0x800039b8 (0xb1948493) x 9 0x800104cd
core   0: 0x800039bc (0xf8448703) lb      a4, -124(s1)
core   0: 3 0x800039bc (0xf8448703) x14 0x00000054 mem 0x80010451
core   0: 0x800039c0 (0x060481a3) sb      zero, 99(s1)
core   0: 3 0x800039c0 (0x060481a3) mem 0x80010530 0x0
core   0: 0x800039c4 (0x06948583) lb      a1, 105(s1)
core   0: 3 0x800039c4 (0x06948583) x11 0x0000006c mem 0x80010536
core   0: 0x800039c8 (0x0000e897) auipc   a7, 0xe
core   0: 3 0x800039c8 (0x0000e897) x17 0x800119c8
core   0: 0x800039cc (0xcb788893) addi    a7, a7, -841
core   0: 3 0x800039cc (0xcb788893) x17 0x8001167f
core   0: 0x800039d0 (0x02348aa3) sb      gp, 53(s1)
core   0: 3 0x800039d0 (0x02348aa3) mem 0x80010502 0xae
core   0: 0x800039d4 (0xfaa8cd83) lbu     s11, -86(a7)
core   0: 3 0x800039d4 (0xfaa8cd83) x27 0x000000f7 mem 0x80011629
core   0: 0x800039d8 (0xf9248103) lb      sp, -110(s1)
core   0: 3 0x800039d8 (0xf9248103) x 2 0xffffffb7 mem 0x8001045f
core   0: 0x800039dc (0xfb389f03) lh      t5, -77(a7)
core   0: 3 0x800039dc (0xfb389f03) x30 0xffff8fd9 mem 0x80011632
core   0: 0x800039e0 (0xf9e48803) lb      a6, -98(s1)
core   0: 3 0x800039e0 (0xf9e48803) x16 0x00000036 mem 0x8001046b
core   0: 0x800039e4 (0x0bd882a3) sb      t4, 165(a7)
core   0: 3 0x800039e4 (0x0bd882a3) mem 0x80011724 0x0
core   0: 0x800039e8 (0xf9488a23) sb      s4, -108(a7)
core   0: 3 0x800039e8 (0xf9488a23) mem 0x80011613 0x4
core   0: 0x800039ec (0xfe84ce03) lbu     t3, -24(s1)
core   0: 3 0x800039ec (0xfe84ce03) x28 0x000000f0 mem 0x800104b5
core   0: 0x800039f0 (0xfb549683) lh      a3, -75(s1)
core   0: 3 0x800039f0 (0xfb549683) x13 0x00000f76 mem 0x80010482
core   0: 0x800039f4 (0xfac88983) lb      s3, -84(a7)
core   0: 3 0x800039f4 (0xfac88983) x19 0x00000005 mem 0x8001162b
core   0: 0x800039f8 (0x05e88ca3) sb      t5, 89(a7)
core   0: 3 0x800039f8 (0x05e88ca3) mem 0x800116d8 0xd9
core   0: 0x800039fc (0xfc24cb83) lbu     s7, -62(s1)
core   0: 3 0x800039fc (0xfc24cb83) x23 0x00000002 mem 0x8001048f
core   0: 0x80003a00 (0x0c088723) sb      zero, 206(a7)
core   0: 3 0x80003a00 (0x0c088723) mem 0x8001174d 0x0
core   0: 0x80003a04 (0x00600713) li      a4, 6
core   0: 3 0x80003a04 (0x00600713) x14 0x00000006
core   0: 0x80003a08 (0x00296f33) or      t5, s2, sp
core   0: 3 0x80003a08 (0x00296f33) x30 0xffffffbf
core   0: 0x80003a0c (0x00b2e533) or      a0, t0, a1
core   0: 3 0x80003a0c (0x00b2e533) x10 0xb874006c
core   0: 0x80003a10 (0x0000815a) c.mv    sp, s6
core   0: 3 0x80003a10 (0x815a) x 2 0x7ffef1f1
core   0: 0x80003a12 (0x023edfb3) divu    t6, t4, gp
core   0: 3 0x80003a12 (0x023edfb3) x31 0x00000000
core   0: 0x80003a16 (0x00800d93) li      s11, 8
core   0: 3 0x80003a16 (0x00800d93) x27 0x00000008
core   0: 0x80003a1a (0x038bee33) rem     t3, s7, s8
core   0: 3 0x80003a1a (0x038bee33) x28 0x00000002
core   0: 0x80003a1e (0x00005cfd) c.li    s9, -1
core   0: 3 0x80003a1e (0x5cfd) x25 0xffffffff
core   0: 0x80003a20 (0x00000001) c.nop
core   0: 3 0x80003a20 (0x0001)
core   0: 0x80003a22 (0x4b917213) andi    tp, sp, 1209
core   0: 3 0x80003a22 (0x4b917213) x 4 0x000000b1
core   0: 0x80003a26 (0x0000070d) c.addi  a4, 3
core   0: 3 0x80003a26 (0x070d) x14 0x00000009
core   0: 0x80003a28 (0x0000717d) c.addi16sp sp, -16
core   0: 3 0x80003a28 (0x717d) x 2 0x7ffef1e1
core   0: 0x80003a2a (0x000450b3) srl     ra, s0, zero
core   0: 3 0x80003a2a (0x000450b3) x 1 0x00000000
core   0: 0x80003a2e (0x0214e293) ori     t0, s1, 33
core   0: 3 0x80003a2e (0x0214e293) x 5 0x800104ed
core   0: 0x80003a32 (0x00637e33) and     t3, t1, t1
core   0: 3 0x80003a32 (0x00637e33) x28 0x00005c3a
core   0: 0x80003a36 (0x01c5b233) sltu    tp, a1, t3
core   0: 3 0x80003a36 (0x01c5b233) x 4 0x00000001
core   0: 0x80003a3a (0x00500593) li      a1, 5
core   0: 3 0x80003a3a (0x00500593) x11 0x00000005
core   0: 0x80003a3e (0x01200c13) li      s8, 18
core   0: 3 0x80003a3e (0x01200c13) x24 0x00000012
core   0: 0x80003a42 (0x0000717d) c.addi16sp sp, -16
core   0: 3 0x80003a42 (0x717d) x 2 0x7ffef1d1
core   0: 0x80003a44 (0x00008e81) c.sub   a3, s0
core   0: 3 0x80003a44 (0x8e81) x13 0x00000f76
core   0: 0x80003a46 (0x00000591) c.addi  a1, 4
core   0: 3 0x80003a46 (0x0591) x11 0x00000009
core   0: 0x80003a48 (0x010c1833) sll     a6, s8, a6
core   0: 3 0x80003a48 (0x010c1833) x16 0x04800000
core   0: 0x80003a4c (0x021b48b3) div     a7, s6, ra
core   0: 3 0x80003a4c (0x021b48b3) x17 0xffffffff
core   0: 0x80003a50 (0xff85eae3) bltu    a1, s8, pc - 12
core   0: 3 0x80003a50 (0xff85eae3)
core   0: 0x80003a44 (0x00008e81) c.sub   a3, s0
core   0: 3 0x80003a44 (0x8e81) x13 0x00000f76
core   0: 0x80003a46 (0x00000591) c.addi  a1, 4
core   0: 3 0x80003a46 (0x0591) x11 0x0000000d
core   0: 0x80003a48 (0x010c1833) sll     a6, s8, a6
core   0: 3 0x80003a48 (0x010c1833) x16 0x00000012
core   0: 0x80003a4c (0x021b48b3) div     a7, s6, ra
core   0: 3 0x80003a4c (0x021b48b3) x17 0xffffffff
core   0: 0x80003a50 (0xff85eae3) bltu    a1, s8, pc - 12
core   0: 3 0x80003a50 (0xff85eae3)
core   0: 0x80003a44 (0x00008e81) c.sub   a3, s0
core   0: 3 0x80003a44 (0x8e81) x13 0x00000f76
core   0: 0x80003a46 (0x00000591) c.addi  a1, 4
core   0: 3 0x80003a46 (0x0591) x11 0x00000011
core   0: 0x80003a48 (0x010c1833) sll     a6, s8, a6
core   0: 3 0x80003a48 (0x010c1833) x16 0x00480000
core   0: 0x80003a4c (0x021b48b3) div     a7, s6, ra
core   0: 3 0x80003a4c (0x021b48b3) x17 0xffffffff
core   0: 0x80003a50 (0xff85eae3) bltu    a1, s8, pc - 12
core   0: 3 0x80003a50 (0xff85eae3)
core   0: 0x80003a44 (0x00008e81) c.sub   a3, s0
core   0: 3 0x80003a44 (0x8e81) x13 0x00000f76
core   0: 0x80003a46 (0x00000591) c.addi  a1, 4
core   0: 3 0x80003a46 (0x0591) x11 0x00000015
core   0: 0x80003a48 (0x010c1833) sll     a6, s8, a6
core   0: 3 0x80003a48 (0x010c1833) x16 0x00000012
core   0: 0x80003a4c (0x021b48b3) div     a7, s6, ra
core   0: 3 0x80003a4c (0x021b48b3) x17 0xffffffff
core   0: 0x80003a50 (0xff85eae3) bltu    a1, s8, pc - 12
core   0: 3 0x80003a50 (0xff85eae3)
core   0: 0x80003a54 (0x0000100f) fence.i
core   0: 3 0x80003a54 (0x0000100f)
core   0: 0x80003a58 (0x14eb8e13) addi    t3, s7, 334
core   0: 3 0x80003a58 (0x14eb8e13) x28 0x00000150
core   0: 0x80003a5c (0x000000ae) c.slli  ra, 11
core   0: 3 0x80003a5c (0x00ae) x 1 0x00000000
core   0: 0x80003a5e (0x018fa3b3) slt     t2, t6, s8
core   0: 3 0x80003a5e (0x018fa3b3) x 7 0x00000001
core   0: 0x80003a62 (0xfbb74fe3) blt     a4, s11, pc - 66
core   0: 3 0x80003a62 (0xfbb74fe3)
core   0: 0x80003a66 (0x1b78a013) slti    zero, a7, 439
core   0: 3 0x80003a66 (0x1b78a013)
core   0: 0x80003a6a (0x00013117) auipc   sp, 0x13
core   0: 3 0x80003a6a (0x00013117) x 2 0x80016a6a
core   0: 0x80003a6e (0x73810113) addi    sp, sp, 1848
core   0: 3 0x80003a6e (0x73810113) x 2 0x800171a2
core   0: 0x80003a72 (0xccf100a3) sb      a5, -831(sp)
core   0: 3 0x80003a72 (0xccf100a3) mem 0x80016e63 0x64
core   0: 0x80003a76 (0x00008da9) c.xor   a1, a0
core   0: 3 0x80003a76 (0x8da9) x11 0xb8740079
core   0: 0x80003a78 (0x0000100f) fence.i
core   0: 3 0x80003a78 (0x0000100f)
core   0: 0x80003a7c (0x0188c533) xor     a0, a7, s8
core   0: 3 0x80003a7c (0x0188c533) x10 0xffffffed
core   0: 0x80003a80 (0xcc4100a3) sb      tp, -831(sp)
core   0: 3 0x80003a80 (0xcc4100a3) mem 0x80016e63 0x1
core   0: 0x80003a84 (0x52e12b03) lw      s6, 1326(sp)
core   0: 3 0x80003a84 (0x52e12b03) x22 0x22855880 mem 0x800176d0
core   0: 0x80003a88 (0x49f10703) lb      a4, 1183(sp)
core   0: 3 0x80003a88 (0x49f10703) x14 0x00000050 mem 0x80017641
core   0: 0x80003a8c (0xa9211983) lh      s3, -1390(sp)
core   0: 3 0x80003a8c (0xa9211983) x19 0x00000dcf mem 0x80016c34
core   0: 0x80003a90 (0x868ded13) ori     s10, s11, -1944
core   0: 3 0x80003a90 (0x868ded13) x26 0xfffff868
core   0: 0x80003a94 (0x8b610583) lb      a1, -1866(sp)
core   0: 3 0x80003a94 (0x8b610583) x11 0x00000023 mem 0x80016a58
core   0: 0x80003a98 (0x000086b6) c.mv    a3, a3
core   0: 3 0x80003a98 (0x86b6) x13 0x00000f76
core   0: 0x80003a9a (0x8b610d03) lb      s10, -1866(sp)
core   0: 3 0x80003a9a (0x8b610d03) x26 0x00000023 mem 0x80016a58
core   0: 0x80003a9e (0x6a6103a3) sb      t1, 1703(sp)
core   0: 3 0x80003a9e (0x6a6103a3) mem 0x80017849 0x3a
core   0: 0x80003aa2 (0x4f014283) lbu     t0, 1264(sp)
core   0: 3 0x80003aa2 (0x4f014283) x 5 0x0000000d mem 0x80017692
core   0: 0x80003aa6 (0x00000001) c.nop
core   0: 3 0x80003aa6 (0x0001)
core   0: 0x80003aa8 (0x035880b3) mul     ra, a7, s5
core   0: 3 0x80003aa8 (0x035880b3) x 1 0xffffa6b0
core   0: 0x80003aac (0x4f411823) sh      s4, 1264(sp)
core   0: 3 0x80003aac (0x4f411823) mem 0x80017692 0xcb04
core   0: 0x80003ab0 (0x4ff10823) sb      t6, 1264(sp)
core   0: 3 0x80003ab0 (0x4ff10823) mem 0x80017692 0x0
core   0: 0x80003ab4 (0x5ea10ea3) sb      a0, 1533(sp)
core   0: 3 0x80003ab4 (0x5ea10ea3) mem 0x8001779f 0xed
core   0: 0x80003ab8 (0x5fa10ea3) sb      s10, 1533(sp)
core   0: 3 0x80003ab8 (0x5fa10ea3) mem 0x8001779f 0x23
core   0: 0x80003abc (0x27a15983) lhu     s3, 634(sp)
core   0: 3 0x80003abc (0x27a15983) x19 0x0000a486 mem 0x8001741c
core   0: 0x80003ac0 (0x27210d23) sb      s2, 634(sp)
core   0: 3 0x80003ac0 (0x27210d23) mem 0x8001741c 0x2c
core   0: 0x80003ac4 (0x27310d23) sb      s3, 634(sp)
core   0: 3 0x80003ac4 (0x27310d23) mem 0x8001741c 0x86
core   0: 0x80003ac8 (0x5ca106a3) sb      a0, 1485(sp)
core   0: 3 0x80003ac8 (0x5ca106a3) mem 0x8001776f 0xed
core   0: 0x80003acc (0xf2e11923) sh      a4, -206(sp)
core   0: 3 0x80003acc (0xf2e11923) mem 0x800170d4 0x0050
core   0: 0x80003ad0 (0xf2712923) sw      t2, -206(sp)
core   0: 3 0x80003ad0 (0xf2712923) mem 0x800170d4 0x00000001
core   0: 0x80003ad4 (0x0140036f) jal     t1, pc + 0x14
core   0: 3 0x80003ad4 (0x0140036f) x 6 0x80003ad8
core   0: 0x80003ae8 (0xffdff0ef) jal     pc - 0x4
core   0: 3 0x80003ae8 (0xffdff0ef) x 1 0x80003aec
core   0: 0x80003ae4 (0x010000ef) jal     pc + 0x10
core   0: 3 0x80003ae4 (0x010000ef) x 1 0x80003ae8
core   0: 0x80003af4 (0xfe5ff0ef) jal     pc - 0x1c
core   0: 3 0x80003af4 (0xfe5ff0ef) x 1 0x80003af8
core   0: 0x80003ad8 (0x0140056f) jal     a0, pc + 0x14
core   0: 3 0x80003ad8 (0x0140056f) x10 0x80003adc
core   0: 0x80003aec (0x00002009) c.jal   pc + 2
core   0: 3 0x80003aec (0x2009) x 1 0x80003aee
core   0: 0x80003aee (0x004000ef) jal     pc + 0x4
core   0: 3 0x80003aee (0x004000ef) x 1 0x80003af2
core   0: 0x80003af2 (0x0000b7ed) c.j     pc - 22
core   0: 3 0x80003af2 (0xb7ed)
core   0: 0x80003adc (0x01c000ef) jal     pc + 0x1c
core   0: 3 0x80003adc (0x01c000ef) x 1 0x80003ae0
core   0: 0x80003af8 (0x0000b7e5) c.j     pc - 24
core   0: 3 0x80003af8 (0xb7e5)
core   0: 0x80003ae0 (0x01a000ef) jal     pc + 0x1a
core   0: 3 0x80003ae0 (0x01a000ef) x 1 0x80003ae4
core   0: 0x80003afa (0x40165d13) srai    s10, a2, 1
core   0: 3 0x80003afa (0x40165d13) x26 0xc0014e72
core   0: 0x80003afe (0x0000d217) auipc   tp, 0xd
core   0: 3 0x80003afe (0x0000d217) x 4 0x80010afe
core   0: 0x80003b02 (0x51320213) addi    tp, tp, 1299
core   0: 3 0x80003b02 (0x51320213) x 4 0x80011011
core   0: 0x80003b06 (0x00124403) lbu     s0, 1(tp)
core   0: 3 0x80003b06 (0x00124403) x 8 0x000000d0 mem 0x80011012
core   0: 0x80003b0a (0x0001df17) auipc   t5, 0x1d
core   0: 3 0x80003b0a (0x0001df17) x30 0x80020b0a
core   0: 0x80003b0e (0xaadf0f13) addi    t5, t5, -1363
core   0: 3 0x80003b0e (0xaadf0f13) x30 0x800205b7
core   0: 0x80003b12 (0xff5f08a3) sb      s5, -15(t5)
core   0: 3 0x80003b12 (0xff5f08a3) mem 0x800205a8 0x50
core   0: 0x80003b16 (0x036f0303) lb      t1, 54(t5)
core   0: 3 0x80003b16 (0x036f0303) x 6 0xffffffb3 mem 0x800205ed
core   0: 0x80003b1a (0xfcb20b03) lb      s6, -53(tp)
core   0: 3 0x80003b1a (0xfcb20b03) x22 0x00000062 mem 0x80010fdc
core   0: 0x80003b1e (0x01820023) sb      s8, 0(tp)
core   0: 3 0x80003b1e (0x01820023) mem 0x80011011 0x12
core   0: 0x80003b22 (0xfc7f03a3) sb      t2, -57(t5)
core   0: 3 0x80003b22 (0xfc7f03a3) mem 0x8002057e 0x1
core   0: 0x80003b26 (0xffb21aa3) sh      s11, -11(tp)
core   0: 3 0x80003b26 (0xffb21aa3) mem 0x80011006 0x0008
core   0: 0x80003b2a (0x01020823) sb      a6, 16(tp)
core   0: 3 0x80003b2a (0x01020823) mem 0x80011021 0x12
core   0: 0x80003b2e (0x00ef0683) lb      a3, 14(t5)
core   0: 3 0x80003b2e (0x00ef0683) x13 0xffffff8e mem 0x800205c5
core   0: 0x80003b32 (0x00820723) sb      s0, 14(tp)
core   0: 3 0x80003b32 (0x00820723) mem 0x8001101f 0xd0
core   0: 0x80003b36 (0x00a24f83) lbu     t6, 10(tp)
core   0: 3 0x80003b36 (0x00a24f83) x31 0x000000db mem 0x8001101b
core   0: 0x80003b3a (0x007f19a3) sh      t2, 19(t5)
core   0: 3 0x80003b3a (0x007f19a3) mem 0x800205ca 0x0001
core   0: 0x80003b3e (0xffcf4983) lbu     s3, -4(t5)
core   0: 3 0x80003b3e (0xffcf4983) x19 0x0000008b mem 0x800205b3
core   0: 0x80003b42 (0x01a20f83) lb      t6, 26(tp)
core   0: 3 0x80003b42 (0x01a20f83) x31 0x00000036 mem 0x8001102b
core   0: 0x80003b46 (0xff6f0303) lb      t1, -10(t5)
core   0: 3 0x80003b46 (0xff6f0303) x 6 0x0000007f mem 0x800205ad
core   0: 0x80003b4a (0x0001a997) auipc   s3, 0x1a
core   0: 3 0x80003b4a (0x0001a997) x19 0x8001db4a
core   0: 0x80003b4e (0x5e698993) addi    s3, s3, 1510
core   0: 3 0x80003b4e (0x5e698993) x19 0x8001e130
core   0: 0x80003b52 (0x00014597) auipc   a1, 0x14
core   0: 3 0x80003b52 (0x00014597) x11 0x80017b52
core   0: 0x80003b56 (0x63258593) addi    a1, a1, 1586
core   0: 3 0x80003b56 (0x63258593) x11 0x80018184
core   0: 0x80003b5a (0xffc98703) lb      a4, -4(s3)
core   0: 3 0x80003b5a (0xffc98703) x14 0xffffffef mem 0x8001e12c
core   0: 0x80003b5e (0xfe499823) sh      tp, -16(s3)
core   0: 3 0x80003b5e (0xfe499823) mem 0x8001e120 0x1011
core   0: 0x80003b62 (0x00c98003) lb      zero, 12(s3)
core   0: 3 0x80003b62 (0x00c98003) mem 0x8001e13c
core   0: 0x80003b66 (0x00d5c003) lbu     zero, 13(a1)
core   0: 3 0x80003b66 (0x00d5c003) mem 0x80018191
core   0: 0x80003b6a (0xff198fa3) sb      a7, -1(s3)
core   0: 3 0x80003b6a (0xff198fa3) mem 0x8001e12f 0xff
core   0: 0x80003b6e (0xff5588a3) sb      s5, -15(a1)
core   0: 3 0x80003b6e (0xff5588a3) mem 0x80018175 0x50
core   0: 0x80003b72 (0x01a980a3) sb      s10, 1(s3)
core   0: 3 0x80003b72 (0x01a980a3) mem 0x8001e131 0x72
core   0: 0x80003b76 (0xff15c003) lbu     zero, -15(a1)
core   0: 3 0x80003b76 (0xff15c003) mem 0x80018175
core   0: 0x80003b7a (0x0069c383) lbu     t2, 6(s3)
core   0: 3 0x80003b7a (0x0069c383) x 7 0x000000cf mem 0x8001e136
core   0: 0x80003b7e (0xfe098d23) sb      zero, -6(s3)
core   0: 3 0x80003b7e (0xfe098d23) mem 0x8001e12a 0x0
core   0: 0x80003b82 (0x00d5c283) lbu     t0, 13(a1)
core   0: 3 0x80003b82 (0x00d5c283) x 5 0x00000037 mem 0x80018191
core   0: 0x80003b86 (0xfea58fa3) sb      a0, -1(a1)
core   0: 3 0x80003b86 (0xfea58fa3) mem 0x80018183 0xdc
core   0: 0x80003b8a (0x005987a3) sb      t0, 15(s3)
core   0: 3 0x80003b8a (0x005987a3) mem 0x8001e13f 0x37
core   0: 0x80003b8e (0x006587a3) sb      t1, 15(a1)
core   0: 3 0x80003b8e (0x006587a3) mem 0x80018193 0x7f
core   0: 0x80003b92 (0x00698d83) lb      s11, 6(s3)
core   0: 3 0x80003b92 (0x00698d83) x27 0xffffffcf mem 0x8001e136
core   0: 0x80003b96 (0x00398683) lb      a3, 3(s3)
core   0: 3 0x80003b96 (0x00398683) x13 0xffffff9c mem 0x8001e133
core   0: 0x80003b9a (0x0220036f) jal     t1, pc + 0x22
core   0: 3 0x80003b9a (0x0220036f) x 6 0x80003b9e
core   0: 0x80003bbc (0x0000bfcd) c.j     pc - 14
core   0: 3 0x80003bbc (0xbfcd)
core   0: 0x80003bae (0x0000bfcd) c.j     pc - 14
core   0: 3 0x80003bae (0xbfcd)
core   0: 0x80003ba0 (0x0000a801) c.j     pc + 16
core   0: 3 0x80003ba0 (0xa801)
core   0: 0x80003bb0 (0x00003ff5) c.jal   pc - 4
core   0: 3 0x80003bb0 (0x3ff5) x 1 0x80003bb2
core   0: 0x80003bac (0x0000bfcd) c.j     pc - 14
core   0: 3 0x80003bac (0xbfcd)
core   0: 0x80003b9e (0x00002819) c.jal   pc + 22
core   0: 3 0x80003b9e (0x2819) x 1 0x80003ba0
core   0: 0x80003bb4 (0xff1ff0ef) jal     pc - 0x10
core   0: 3 0x80003bb4 (0xff1ff0ef) x 1 0x80003bb8
core   0: 0x80003ba4 (0x00e0036f) jal     t1, pc + 0xe
core   0: 3 0x80003ba4 (0x00e0036f) x 6 0x80003ba8
core   0: 0x80003bb2 (0x00002019) c.jal   pc + 6
core   0: 3 0x80003bb2 (0x2019) x 1 0x80003bb4
core   0: 0x80003bb8 (0xff1ff0ef) jal     pc - 0x10
core   0: 3 0x80003bb8 (0xff1ff0ef) x 1 0x80003bbc
core   0: 0x80003ba8 (0xffbff0ef) jal     pc - 0x6
core   0: 3 0x80003ba8 (0xffbff0ef) x 1 0x80003bac
core   0: 0x80003ba2 (0x0000a831) c.j     pc + 28
core   0: 3 0x80003ba2 (0xa831)
core   0: 0x80003bbe (0x00400cef) jal     s9, pc + 0x4
core   0: 3 0x80003bbe (0x00400cef) x25 0x80003bc2
core   0: 0x80003bc2 (0x64e42a13) slti    s4, s0, 1614
core   0: 3 0x80003bc2 (0x64e42a13) x20 0x00000001
core   0: 0x80003bc6 (0x0240036f) jal     t1, pc + 0x24
core   0: 3 0x80003bc6 (0x0240036f) x 6 0x80003bca
core   0: 0x80003bea (0x00002019) c.jal   pc + 6
core   0: 3 0x80003bea (0x2019) x 1 0x80003bec
core   0: 0x80003bf0 (0x0000a829) c.j     pc + 26
core   0: 3 0x80003bf0 (0xa829)
core   0: 0x80003c0a (0x000037e5) c.jal   pc - 24
core   0: 3 0x80003c0a (0x37e5) x 1 0x80003c0c
core   0: 0x80003bf2 (0x0000bfcd) c.j     pc - 14
core   0: 3 0x80003bf2 (0xbfcd)
core   0: 0x80003be4 (0x0140036f) jal     t1, pc + 0x14
core   0: 3 0x80003be4 (0x0140036f) x 6 0x80003be8
core   0: 0x80003bf8 (0x0000bff1) c.j     pc - 36
core   0: 3 0x80003bf8 (0xbff1)
core   0: 0x80003bd4 (0x0000203d) c.jal   pc + 46
core   0: 3 0x80003bd4 (0x203d) x 1 0x80003bd6
core   0: 0x80003c02 (0x0000bfe5) c.j     pc - 8
core   0: 3 0x80003c02 (0xbfe5)
core   0: 0x80003bfa (0x0000a809) c.j     pc + 18
core   0: 3 0x80003bfa (0xa809)
core   0: 0x80003c0c (0x0000b7c9) c.j     pc - 62
core   0: 3 0x80003c0c (0xb7c9)
core   0: 0x80003bce (0x0000a829) c.j     pc + 26
core   0: 3 0x80003bce (0xa829)
core   0: 0x80003be8 (0x0000b7ed) c.j     pc - 22
core   0: 3 0x80003be8 (0xb7ed)
core   0: 0x80003bd2 (0x0000bffd) c.j     pc - 2
core   0: 3 0x80003bd2 (0xbffd)
core   0: 0x80003bd0 (0x00002815) c.jal   pc + 52
core   0: 3 0x80003bd0 (0x2815) x 1 0x80003bd2
core   0: 0x80003c04 (0x00002009) c.jal   pc + 2
core   0: 3 0x80003c04 (0x2009) x 1 0x80003c06
core   0: 0x80003c06 (0x000037fd) c.jal   pc - 18
core   0: 3 0x80003c06 (0x37fd) x 1 0x80003c08
core   0: 0x80003bf4 (0x01e002ef) jal     t0, pc + 0x1e
core   0: 3 0x80003bf4 (0x01e002ef) x 5 0x80003bf8
core   0: 0x80003c12 (0xfc5ff0ef) jal     pc - 0x3c
core   0: 3 0x80003c12 (0xfc5ff0ef) x 1 0x80003c16
core   0: 0x80003bd6 (0x008000ef) jal     pc + 0x8
core   0: 3 0x80003bd6 (0x008000ef) x 1 0x80003bda
core   0: 0x80003bde (0x0000a02d) c.j     pc + 42
core   0: 3 0x80003bde (0xa02d)
core   0: 0x80003c08 (0x0000bfc9) c.j     pc - 46
core   0: 3 0x80003c08 (0xbfc9)
core   0: 0x80003bda (0xff1ff0ef) jal     pc - 0x10
core   0: 3 0x80003bda (0xff1ff0ef) x 1 0x80003bde
core   0: 0x80003bca (0x0000281d) c.jal   pc + 54
core   0: 3 0x80003bca (0x281d) x 1 0x80003bcc
core   0: 0x80003c00 (0x0000b7c5) c.j     pc - 32
core   0: 3 0x80003c00 (0xb7c5)
core   0: 0x80003be0 (0xfedff0ef) jal     pc - 0x14
core   0: 3 0x80003be0 (0xfedff0ef) x 1 0x80003be4
core   0: 0x80003bcc (0x00002091) c.jal   pc + 68
core   0: 3 0x80003bcc (0x2091) x 1 0x80003bce
core   0: 0x80003c10 (0x00003ff1) c.jal   pc - 36
core   0: 3 0x80003c10 (0x3ff1) x 1 0x80003c12
core   0: 0x80003bec (0x022000ef) jal     pc + 0x22
core   0: 3 0x80003bec (0x022000ef) x 1 0x80003bf0
core   0: 0x80003c0e (0x000037fd) c.jal   pc - 18
core   0: 3 0x80003c0e (0x37fd) x 1 0x80003c10
core   0: 0x80003bfc (0x01a000ef) jal     pc + 0x1a
core   0: 3 0x80003bfc (0x01a000ef) x 1 0x80003c00
core   0: 0x80003c16 (0x00008dd9) c.or    a1, a4
core   0: 3 0x80003c16 (0x8dd9) x11 0xffffffef
core   0: 0x80003c18 (0x00018c97) auipc   s9, 0x18
core   0: 3 0x80003c18 (0x00018c97) x25 0x8001bc18
core   0: 0x80003c1c (0x745c8c93) addi    s9, s9, 1861
core   0: 3 0x80003c1c (0x745c8c93) x25 0x8001c35d
core   0: 0x80003c20 (0xff1c8f83) lb      t6, -15(s9)
core   0: 3 0x80003c20 (0xff1c8f83) x31 0xffffff97 mem 0x8001c34e
core   0: 0x80003c24 (0xff3ca503) lw      a0, -13(s9)
core   0: 3 0x80003c24 (0xff3ca503) x10 0x82df36fc mem 0x8001c350
core   0: 0x80003c28 (0x00ac8a03) lb      s4, 10(s9)
core   0: 3 0x80003c28 (0x00ac8a03) x20 0xffffffd7 mem 0x8001c367
core   0: 0x80003c2c (0x0000d417) auipc   s0, 0xd
core   0: 3 0x80003c2c (0x0000d417) x 8 0x80010c2c
core   0: 0x80003c30 (0x19040413) addi    s0, s0, 400
core   0: 3 0x80003c30 (0x19040413) x 8 0x80010dbc
core   0: 0x80003c34 (0xfe840aa3) sb      s0, -11(s0)
core   0: 3 0x80003c34 (0xfe840aa3) mem 0x80010db1 0xbc
core   0: 0x80003c38 (0x00d44d83) lbu     s11, 13(s0)
core   0: 3 0x80003c38 (0x00d44d83) x27 0x0000005d mem 0x80010dc9
core   0: 0x80003c3c (0xffdcde03) lhu     t3, -3(s9)
core   0: 3 0x80003c3c (0xffdcde03) x28 0x000079c9 mem 0x8001c35a
core   0: 0x80003c40 (0x03641323) sh      s6, 38(s0)
core   0: 3 0x80003c40 (0x03641323) mem 0x80010de2 0x0062
core   0: 0x80003c44 (0x00dccf83) lbu     t6, 13(s9)
core   0: 3 0x80003c44 (0x00dccf83) x31 0x000000d8 mem 0x8001c36a
core   0: 0x80003c48 (0xfffc9003) lh      zero, -1(s9)
core   0: 3 0x80003c48 (0xfffc9003) mem 0x8001c35c
core   0: 0x80003c4c (0xfc740903) lb      s2, -57(s0)
core   0: 3 0x80003c4c (0xfc740903) x18 0xffffffc6 mem 0x80010d83
core   0: 0x80003c50 (0x00acca83) lbu     s5, 10(s9)
core   0: 3 0x80003c50 (0x00acca83) x21 0x000000d7 mem 0x8001c367
core   0: 0x80003c54 (0x00dc8703) lb      a4, 13(s9)
core   0: 3 0x80003c54 (0x00dc8703) x14 0xffffffd8 mem 0x8001c36a
core   0: 0x80003c58 (0x03c41f03) lh      t5, 60(s0)
core   0: 3 0x80003c58 (0x03c41f03) x30 0x00004742 mem 0x80010df8
core   0: 0x80003c5c (0x0000dd97) auipc   s11, 0xd
core   0: 3 0x80003c5c (0x0000dd97) x27 0x80010c5c
core   0: 0x80003c60 (0x8d6d8d93) addi    s11, s11, -1834
core   0: 3 0x80003c60 (0x8d6d8d93) x27 0x80010532
core   0: 0x80003c64 (0x00009c42) c.add   s8, a6
core   0: 3 0x80003c64 (0x9c42) x24 0x00000024
core   0: 0x80003c66 (0xf94d8c03) lb      s8, -108(s11)
core   0: 3 0x80003c66 (0xf94d8c03) x24 0xffffffdf mem 0x800104c6
core   0: 0x80003c6a (0x0105d813) srli    a6, a1, 16
core   0: 3 0x80003c6a (0x0105d813) x16 0x0000ffff
core   0: 0x80003c6e (0x5c184593) xori    a1, a6, 1473
core   0: 3 0x80003c6e (0x5c184593) x11 0x0000fa3e
core   0: 0x80003c72 (0x0305f033) remu    zero, a1, a6
core   0: 3 0x80003c72 (0x0305f033)
core   0: 0x80003c76 (0x0b8d8583) lb      a1, 184(s11)
core   0: 3 0x80003c76 (0x0b8d8583) x11 0xffffffd6 mem 0x800105ea
core   0: 0x80003c7a (0xfb8da123) sw      s8, -94(s11)
core   0: 3 0x80003c7a (0xfb8da123) mem 0x800104d4 0xffffffdf
core   0: 0x80003c7e (0x05bdc003) lbu     zero, 91(s11)
core   0: 3 0x80003c7e (0x05bdc003) mem 0x8001058d
core   0: 0x80003c82 (0x00b07c33) and     s8, zero, a1
core   0: 3 0x80003c82 (0x00b07c33) x24 0x00000000
core   0: 0x80003c86 (0x00000c12) c.slli  s8, 4
core   0: 3 0x80003c86 (0x0c12) x24 0x00000000
core   0: 0x80003c88 (0x418adab3) sra     s5, s5, s8
core   0: 3 0x80003c88 (0x418adab3) x21 0x000000d7
core   0: 0x80003c8c (0x02bd8ea3) sb      a1, 61(s11)
core   0: 3 0x80003c8c (0x02bd8ea3) mem 0x8001056f 0xd6
core   0: 0x80003c90 (0x0a5dc003) lbu     zero, 165(s11)
core   0: 3 0x80003c90 (0x0a5dc003) mem 0x800105d7
core   0: 0x80003c94 (0x100dd583) lhu     a1, 256(s11)
core   0: 3 0x80003c94 (0x100dd583) x11 0x0000cb62 mem 0x80010632
core   0: 0x80003c98 (0x020025b3) mulhsu  a1, zero, zero
core   0: 3 0x80003c98 (0x020025b3) x11 0x00000000
core   0: 0x80003c9c (0x25f5ba93) sltiu   s5, a1, 607
core   0: 3 0x80003c9c (0x25f5ba93) x21 0x00000001
core   0: 0x80003ca0 (0xf7ad9583) lh      a1, -134(s11)
core   0: 3 0x80003ca0 (0xf7ad9583) x11 0x0000229e mem 0x800104ac
core   0: 0x80003ca4 (0x0000100f) fence.i
core   0: 3 0x80003ca4 (0x0000100f)
core   0: 0x80003ca8 (0x00001afd) c.addi  s5, -1
core   0: 3 0x80003ca8 (0x1afd) x21 0x00000000
core   0: 0x80003caa (0xf40d88a3) sb      zero, -175(s11)
core   0: 3 0x80003caa (0xf40d88a3) mem 0x80010483 0x0
core   0: 0x80003cae (0x0d8d9823) sh      s8, 208(s11)
core   0: 3 0x80003cae (0x0d8d9823) mem 0x80010602 0x0000
core   0: 0x80003cb2 (0x415ad4b3) sra     s1, s5, s5
core   0: 3 0x80003cb2 (0x415ad4b3) x 9 0x00000000
core   0: 0x80003cb6 (0x00008de5) c.and   a1, s1
core   0: 3 0x80003cb6 (0x8de5) x11 0x00000000
core   0: 0x80003cb8 (0x098d84a3) sb      s8, 137(s11)
core   0: 3 0x80003cb8 (0x098d84a3) mem 0x800105bb 0x0
core   0: 0x80003cbc (0xff0dca83) lbu     s5, -16(s11)
core   0: 3 0x80003cbc (0xff0dca83) x21 0x00000077 mem 0x80010522
core   0: 0x80003cc0 (0x00baf5b3) and     a1, s5, a1
core   0: 3 0x80003cc0 (0x00baf5b3) x11 0x00000000
core   0: 0x80003cc4 (0xf30d8aa3) sb      a6, -203(s11)
core   0: 3 0x80003cc4 (0xf30d8aa3) mem 0x80010467 0xff
core   0: 0x80003cc8 (0xfc0d9523) sh      zero, -54(s11)
core   0: 3 0x80003cc8 (0xfc0d9523) mem 0x800104fc 0x0000
core   0: 0x80003ccc (0x100d9803) lh      a6, 256(s11)
core   0: 3 0x80003ccc (0x100d9803) x16 0xffffcb62 mem 0x80010632
core   0: 0x80003cd0 (0x00008ded) c.and   a1, a1
core   0: 3 0x80003cd0 (0x8ded) x11 0x00000000
core   0: 0x80003cd2 (0x0eddc003) lbu     zero, 237(s11)
core   0: 3 0x80003cd2 (0x0eddc003) mem 0x8001061f
core   0: 0x80003cd6 (0xf08dca83) lbu     s5, -248(s11)
core   0: 3 0x80003cd6 (0xf08dca83) x21 0x000000b7 mem 0x8001043a
core   0: 0x80003cda (0x0b4dc803) lbu     a6, 180(s11)
core   0: 3 0x80003cda (0x0b4dc803) x16 0x00000049 mem 0x800105e6
core   0: 0x80003cde (0xfd5d9b23) sh      s5, -42(s11)
core   0: 3 0x80003cde (0xfd5d9b23) mem 0x80010508 0x00b7
core   0: 0x80003ce2 (0x823aa493) slti    s1, s5, -2013
core   0: 3 0x80003ce2 (0x823aa493) x 9 0x00000000
core   0: 0x80003ce6 (0xf03dca83) lbu     s5, -253(s11)
core   0: 3 0x80003ce6 (0xf03dca83) x21 0x000000ed mem 0x80010435
core   0: 0x80003cea (0x037dc003) lbu     zero, 55(s11)
core   0: 3 0x80003cea (0x037dc003) mem 0x80010569
core   0: 0x80003cee (0x0240036f) jal     t1, pc + 0x24
core   0: 3 0x80003cee (0x0240036f) x 6 0x80003cf2
core   0: 0x80003d12 (0x010000ef) jal     pc + 0x10
core   0: 3 0x80003d12 (0x010000ef) x 1 0x80003d16
core   0: 0x80003d22 (0x0000bfd9) c.j     pc - 42
core   0: 3 0x80003d22 (0xbfd9)
core   0: 0x80003cf8 (0x0000bff5) c.j     pc - 4
core   0: 3 0x80003cf8 (0xbff5)
core   0: 0x80003cf4 (0x022000ef) jal     pc + 0x22
core   0: 3 0x80003cf4 (0x022000ef) x 1 0x80003cf8
core   0: 0x80003d16 (0x0000bff1) c.j     pc - 36
core   0: 3 0x80003d16 (0xbff1)
core   0: 0x80003cf2 (0x0000a819) c.j     pc + 22
core   0: 3 0x80003cf2 (0xa819)
core   0: 0x80003d08 (0x0000a819) c.j     pc + 22
core   0: 3 0x80003d08 (0xa819)
core   0: 0x80003d1e (0x0000b7c5) c.j     pc - 32
core   0: 3 0x80003d1e (0xb7c5)
core   0: 0x80003cfe (0x00002839) c.jal   pc + 30
core   0: 3 0x80003cfe (0x2839) x 1 0x80003d00
core   0: 0x80003d1c (0x0000a021) c.j     pc + 8
core   0: 3 0x80003d1c (0xa021)
core   0: 0x80003d24 (0x000037dd) c.jal   pc - 26
core   0: 3 0x80003d24 (0x37dd) x 1 0x80003d26
core   0: 0x80003d0a (0xff9ff0ef) jal     pc - 0x8
core   0: 3 0x80003d0a (0xff9ff0ef) x 1 0x80003d0e
core   0: 0x80003d02 (0x0000a819) c.j     pc + 22
core   0: 3 0x80003d02 (0xa819)
core   0: 0x80003d18 (0x010000ef) jal     pc + 0x10
core   0: 3 0x80003d18 (0x010000ef) x 1 0x80003d1c
core   0: 0x80003d28 (0x0000b7dd) c.j     pc - 26
core   0: 3 0x80003d28 (0xb7dd)
core   0: 0x80003d0e (0xfedfff6f) jal     t5, pc - 0x14
core   0: 3 0x80003d0e (0xfedfff6f) x30 0x80003d12
core   0: 0x80003cfa (0x00600a6f) jal     s4, pc + 0x6
core   0: 3 0x80003cfa (0x00600a6f) x20 0x80003cfe
core   0: 0x80003d00 (0x00002011) c.jal   pc + 4
core   0: 3 0x80003d00 (0x2011) x 1 0x80003d02
core   0: 0x80003d04 (0x0220036f) jal     t1, pc + 0x22
core   0: 3 0x80003d04 (0x0220036f) x 6 0x80003d08
core   0: 0x80003d26 (0x00003fed) c.jal   pc - 6
core   0: 3 0x80003d26 (0x3fed) x 1 0x80003d28
core   0: 0x80003d20 (0x0000a029) c.j     pc + 10
core   0: 3 0x80003d20 (0xa029)
core   0: 0x80003d2a (0x492acc93) xori    s9, s5, 1170
core   0: 3 0x80003d2a (0x492acc93) x25 0x0000047f
core   0: 0x80003d2e (0x0000e097) auipc   ra, 0xe
core   0: 3 0x80003d2e (0x0000e097) x 1 0x80011d2e
core   0: 0x80003d32 (0x47508093) addi    ra, ra, 1141
core   0: 3 0x80003d32 (0x47508093) x 1 0x800121a3
core   0: 0x80003d36 (0xfe30d803) lhu     a6, -29(ra)
core   0: 3 0x80003d36 (0xfe30d803) x16 0x00001d5b mem 0x80012186
core   0: 0x80003d3a (0x00016917) auipc   s2, 0x16
core   0: 3 0x80003d3a (0x00016917) x18 0x80019d3a
core   0: 0x80003d3e (0xf8790913) addi    s2, s2, -121
core   0: 3 0x80003d3e (0xf8790913) x18 0x80019cc1
core   0: 0x80003d42 (0xfc608003) lb      zero, -58(ra)
core   0: 3 0x80003d42 (0xfc608003) mem 0x80012169
core   0: 0x80003d46 (0x0c094d03) lbu     s10, 192(s2)
core   0: 3 0x80003d46 (0x0c094d03) x26 0x00000087 mem 0x80019d81
core   0: 0x80003d4a (0xfce08e23) sb      a4, -36(ra)
core   0: 3 0x80003d4a (0xfce08e23) mem 0x8001217f 0xd8
core   0: 0x80003d4e (0x0000e497) auipc   s1, 0xe
core   0: 3 0x80003d4e (0x0000e497) x 9 0x80011d4e
core   0: 0x80003d52 (0x25b48493) addi    s1, s1, 603
core   0: 3 0x80003d52 (0x25b48493) x 9 0x80011fa9
core   0: 0x80003d56 (0xff348ea3) sb      s3, -3(s1)
core   0: 3 0x80003d56 (0xff348ea3) mem 0x80011fa6 0x30
core   0: 0x80003d5a (0xfc208703) lb      a4, -62(ra)
core   0: 3 0x80003d5a (0xfc208703) x14 0xffffffc4 mem 0x80012165
core   0: 0x80003d5e (0x00308b83) lb      s7, 3(ra)
core   0: 3 0x80003d5e (0x00308b83) x23 0x0000007e mem 0x800121a6
core   0: 0x80003d62 (0x00149403) lh      s0, 1(s1)
core   0: 3 0x80003d62 (0x00149403) x 8 0xffffabc0 mem 0x80011faa
core   0: 0x80003d66 (0x0b694683) lbu     a3, 182(s2)
core   0: 3 0x80003d66 (0x0b694683) x13 0x00000004 mem 0x80019d77
core   0: 0x80003d6a (0x007497a3) sh      t2, 15(s1)
core   0: 3 0x80003d6a (0x007497a3) mem 0x80011fb8 0x00cf
core   0: 0x80003d6e (0x07d94c83) lbu     s9, 125(s2)
core   0: 3 0x80003d6e (0x07d94c83) x25 0x000000b8 mem 0x80019d3e
core   0: 0x80003d72 (0x00948203) lb      tp, 9(s1)
core   0: 3 0x80003d72 (0x00948203) x 4 0x0000003a mem 0x80011fb2
core   0: 0x80003d76 (0xfc194283) lbu     t0, -63(s2)
core   0: 3 0x80003d76 (0xfc194283) x 5 0x000000bb mem 0x80019c82
core   0: 0x80003d7a (0x01694383) lbu     t2, 22(s2)
core   0: 3 0x80003d7a (0x01694383) x 7 0x00000049 mem 0x80019cd7
core   0: 0x80003d7e (0xfe408103) lb      sp, -28(ra)
core   0: 3 0x80003d7e (0xfe408103) x 2 0x0000001d mem 0x80012187
core   0: 0x80003d82 (0xf5290b83) lb      s7, -174(s2)
core   0: 3 0x80003d82 (0xf5290b83) x23 0xffffffb6 mem 0x80019c13
core   0: 0x80003d86 (0xf78910a3) sh      s8, -159(s2)
core   0: 3 0x80003d86 (0xf78910a3) mem 0x80019c22 0x0000
core   0: 0x80003d8a (0xfd808423) sb      s8, -56(ra)
core   0: 3 0x80003d8a (0xfd808423) mem 0x8001216b 0x0
core   0: 0x80003d8e (0x0094ca83) lbu     s5, 9(s1)
core   0: 3 0x80003d8e (0x0094ca83) x21 0x0000003a mem 0x80011fb2
core   0: 0x80003d92 (0x01048b83) lb      s7, 16(s1)
core   0: 3 0x80003d92 (0x01048b83) x23 0x00000000 mem 0x80011fb9
core   0: 0x80003d96 (0x02a08003) lb      zero, 42(ra)
core   0: 3 0x80003d96 (0x02a08003) mem 0x800121cd
core   0: 0x80003d9a (0x014485a3) sb      s4, 11(s1)
core   0: 3 0x80003d9a (0x014485a3) mem 0x80011fb4 0xfe
core   0: 0x80003d9e (0x00808fa3) sb      s0, 31(ra)
core   0: 3 0x80003d9e (0x00808fa3) mem 0x800121c2 0xc0
core   0: 0x80003da2 (0x015490a3) sh      s5, 1(s1)
core   0: 3 0x80003da2 (0x015490a3) mem 0x80011faa 0x003a
core   0: 0x80003da6 (0xfd508423) sb      s5, -56(ra)
core   0: 3 0x80003da6 (0xfd508423) mem 0x8001216b 0x3a
core   0: 0x80003daa (0x04490183) lb      gp, 68(s2)
core   0: 3 0x80003daa (0x04490183) x 3 0x00000044 mem 0x80019d05
core   0: 0x80003dae (0xf8d90723) sb      a3, -114(s2)
core   0: 3 0x80003dae (0xf8d90723) mem 0x80019c4f 0x4
core   0: 0x80003db2 (0x0000d117) auipc   sp, 0xd
core   0: 3 0x80003db2 (0x0000d117) x 2 0x80010db2
core   0: 0x80003db6 (0x1aa10113) addi    sp, sp, 426
core   0: 3 0x80003db6 (0x1aa10113) x 2 0x80010f5c
core   0: 0x80003dba (0xfd5101a3) sb      s5, -61(sp)
core   0: 3 0x80003dba (0xfd5101a3) mem 0x80010f1f 0x3a
core   0: 0x80003dbe (0x4d3e7d97) auipc   s11, 0x4d3e7
core   0: 3 0x80003dbe (0x4d3e7d97) x27 0xcd3eadbe
core   0: 0x80003dc2 (0x0000c246) c.swsp  a7, 4(sp)
core   0: 3 0x80003dc2 (0xc246) mem 0x80010f60 0xffffffff
core   0: 0x80003dc4 (0xfcd12a23) sw      a3, -44(sp)
core   0: 3 0x80003dc4 (0xfcd12a23) mem 0x80010f30 0x00000004
core   0: 0x80003dc8 (0xfd415903) lhu     s2, -44(sp)
core   0: 3 0x80003dc8 (0xfd415903) x18 0x00000004 mem 0x80010f30
core   0: 0x80003dcc (0xfd212e23) sw      s2, -36(sp)
core   0: 3 0x80003dcc (0xfd212e23) mem 0x80010f38 0x00000004
core   0: 0x80003dd0 (0x0000de0e) c.swsp  gp, 60(sp)
core   0: 3 0x80003dd0 (0xde0e) mem 0x80010f98 0x00000044
core   0: 0x80003dd2 (0x0000de22) c.swsp  s0, 60(sp)
core   0: 3 0x80003dd2 (0xde22) mem 0x80010f98 0xffffabc0
core   0: 0x80003dd4 (0x00005ff2) c.lwsp  t6, 60(sp)
core   0: 3 0x80003dd4 (0x5ff2) x31 0xffffabc0 mem 0x80010f98
core   0: 0x80003dd6 (0x00005872) c.lwsp  a6, 60(sp)
core   0: 3 0x80003dd6 (0x5872) x16 0xffffabc0 mem 0x80010f98
core   0: 0x80003dd8 (0xffd104a3) sb      t4, -23(sp)
core   0: 3 0x80003dd8 (0xffd104a3) mem 0x80010f45 0x0
core   0: 0x80003ddc (0x00008c0d) c.sub   s0, a1
core   0: 3 0x80003ddc (0x8c0d) x 8 0xffffabc0
core   0: 0x80003dde (0x0000c04a) c.swsp  s2, 0(sp)
core   0: 3 0x80003dde (0xc04a) mem 0x80010f5c 0x00000004
core   0: 0x80003de0 (0x02662e33) mulhsu  t3, a2, t1
core   0: 3 0x80003de0 (0x02662e33) x28 0xc0012fee
core   0: 0x80003de4 (0xfea11523) sh      a0, -22(sp)
core   0: 3 0x80003de4 (0xfea11523) mem 0x80010f46 0x36fc
core   0: 0x80003de8 (0x02310703) lb      a4, 35(sp)
core   0: 3 0x80003de8 (0x02310703) x14 0x0000000c mem 0x80010f7f
core   0: 0x80003dec (0x033bddb3) divu    s11, s7, s3
core   0: 3 0x80003dec (0x033bddb3) x27 0x00000000
core   0: 0x80003df0 (0x00000001) c.nop
core   0: 3 0x80003df0 (0x0001)
core   0: 0x80003df2 (0x037108a3) sb      s7, 49(sp)
core   0: 3 0x80003df2 (0x037108a3) mem 0x80010f8d 0x0
core   0: 0x80003df6 (0xfe714683) lbu     a3, -25(sp)
core   0: 3 0x80003df6 (0xfe714683) x13 0x00000058 mem 0x80010f43
core   0: 0x80003dfa (0xfe710483) lb      s1, -25(sp)
core   0: 3 0x80003dfa (0xfe710483) x 9 0x00000058 mem 0x80010f43
core   0: 0x80003dfe (0xfe714003) lbu     zero, -25(sp)
core   0: 3 0x80003dfe (0xfe714003) mem 0x80010f43
core   0: 0x80003e02 (0xfdb10703) lb      a4, -37(sp)
core   0: 3 0x80003e02 (0xfdb10703) x14 0x00000019 mem 0x80010f37
core   0: 0x80003e06 (0xfdb10083) lb      ra, -37(sp)
core   0: 3 0x80003e06 (0xfdb10083) x 1 0x00000019 mem 0x80010f37
core   0: 0x80003e0a (0x00017117) auipc   sp, 0x17
core   0: 3 0x80003e0a (0x00017117) x 2 0x8001ae0a
core   0: 0x80003e0e (0x50210113) addi    sp, sp, 1282
core   0: 3 0x80003e0e (0x50210113) x 2 0x8001b30c
core   0: 0x80003e12 (0xe9f14183) lbu     gp, -353(sp)
core   0: 3 0x80003e12 (0xe9f14183) x 3 0x000000a3 mem 0x8001b1ab
core   0: 0x80003e16 (0x00055513) srli    a0, a0, 0
core   0: 3 0x80003e16 (0x00055513) x10 0x82df36fc
core   0: 0x80003e1a (0x00009f9a) c.add   t6, t1
core   0: 3 0x80003e1a (0x9f9a) x31 0x7fffe8c8
core   0: 0x80003e1c (0xde1fe193) ori     gp, t6, -543
core   0: 3 0x80003e1c (0xde1fe193) x 3 0xfffffde9
core   0: 0x80003e20 (0x03f30e33) mul     t3, t1, t6
core   0: 3 0x80003e20 (0x03f30e33) x28 0xfa76ee40
core   0: 0x80003e24 (0x40e70333) sub     t1, a4, a4
core   0: 3 0x80003e24 (0x40e70333) x 6 0x00000000
core   0: 0x80003e28 (0x00005e7d) c.li    t3, -1
core   0: 3 0x80003e28 (0x5e7d) x28 0xffffffff
core   0: 0x80003e2a (0x003ff533) and     a0, t6, gp
core   0: 3 0x80003e2a (0x003ff533) x10 0x7fffe8c8
core   0: 0x80003e2e (0x2aa104a3) sb      a0, 681(sp)
core   0: 3 0x80003e2e (0x2aa104a3) mem 0x8001b5b5 0xc8
core   0: 0x80003e32 (0x758ff313) andi    t1, t6, 1880
core   0: 3 0x80003e32 (0x758ff313) x 6 0x00000048
core   0: 0x80003e36 (0x026e6333) rem     t1, t3, t1
core   0: 3 0x80003e36 (0x026e6333) x 6 0xffffffff
core   0: 0x80003e3a (0x94f14e03) lbu     t3, -1713(sp)
core   0: 3 0x80003e3a (0x94f14e03) x28 0x000000ff mem 0x8001ac5b
core   0: 0x80003e3e (0x23814e03) lbu     t3, 568(sp)
core   0: 3 0x80003e3e (0x23814e03) x28 0x000000f6 mem 0x8001b544
core   0: 0x80003e42 (0x1e910503) lb      a0, 489(sp)
core   0: 3 0x80003e42 (0x1e910503) x10 0xffffffb2 mem 0x8001b4f5
core   0: 0x80003e46 (0x45afa313) slti    t1, t6, 1114
core   0: 3 0x80003e46 (0x45afa313) x 6 0x00000000
core   0: 0x80003e4a (0xb4310183) lb      gp, -1213(sp)
core   0: 3 0x80003e4a (0xb4310183) x 3 0xffffffb5 mem 0x8001ae4f
core   0: 0x80003e4e (0xc8010303) lb      t1, -896(sp)
core   0: 3 0x80003e4e (0xc8010303) x 6 0x0000006d mem 0x8001af8c
core   0: 0x80003e52 (0x02afd333) divu    t1, t6, a0
core   0: 3 0x80003e52 (0x02afd333) x 6 0x00000000
core   0: 0x80003e56 (0x4cbe0e13) addi    t3, t3, 1227
core   0: 3 0x80003e56 (0x4cbe0e13) x28 0x000005c1
core   0: 0x80003e5a (0x03c531b3) mulhu   gp, a0, t3
core   0: 3 0x80003e5a (0x03c531b3) x 3 0x000005c0
core   0: 0x80003e5e (0x9161b513) sltiu   a0, gp, -1770
core   0: 3 0x80003e5e (0x9161b513) x10 0x00000001
core   0: 0x80003e62 (0x0000100f) fence.i
core   0: 3 0x80003e62 (0x0000100f)
core   0: 0x80003e66 (0x00000001) c.nop
core   0: 3 0x80003e66 (0x0001)
core   0: 0x80003e68 (0x02e1a333) mulhsu  t1, gp, a4
core   0: 3 0x80003e68 (0x02e1a333) x 6 0x00000000
core   0: 0x80003e6c (0xa6510183) lb      gp, -1435(sp)
core   0: 3 0x80003e6c (0xa6510183) x 3 0x00000070 mem 0x8001ad71
core   0: 0x80003e70 (0x02e10ca3) sb      a4, 57(sp)
core   0: 3 0x80003e70 (0x02e10ca3) mem 0x8001b345 0x19
core   0: 0x80003e74 (0xf41d51b7) lui     gp, 0xf41d5
core   0: 3 0x80003e74 (0xf41d51b7) x 3 0xf41d5000
core   0: 0x80003e78 (0x03cff1b3) remu    gp, t6, t3
core   0: 3 0x80003e78 (0x03cff1b3) x 3 0x00000523
core   0: 0x80003e7c (0xaee102a3) sb      a4, -1307(sp)
core   0: 3 0x80003e7c (0xaee102a3) mem 0x8001adf1 0x19
core   0: 0x80003e80 (0xffa15303) lhu     t1, -6(sp)
core   0: 3 0x80003e80 (0xffa15303) x 6 0x0000aad3 mem 0x8001b306
core   0: 0x80003e84 (0x03ffd1b3) divu    gp, t6, t6
core   0: 3 0x80003e84 (0x03ffd1b3) x 3 0x00000001
core   0: 0x80003e88 (0x003751b3) srl     gp, a4, gp
core   0: 3 0x80003e88 (0x003751b3) x 3 0x0000000c
core   0: 0x80003e8c (0x00008921) c.andi  a0, 8
core   0: 3 0x80003e8c (0x8921) x10 0x00000000
core   0: 0x80003e8e (0x1a710f83) lb      t6, 423(sp)
core   0: 3 0x80003e8e (0x1a710f83) x31 0xffffffea mem 0x8001b4b3
core   0: 0x80003e92 (0x41c18e33) sub     t3, gp, t3
core   0: 3 0x80003e92 (0x41c18e33) x28 0xfffffa4b
core   0: 0x80003e96 (0xffe10e03) lb      t3, -2(sp)
core   0: 3 0x80003e96 (0xffe10e03) x28 0x0000000f mem 0x8001b30a
core   0: 0x80003e9a (0x01c72e33) slt     t3, a4, t3
core   0: 3 0x80003e9a (0x01c72e33) x28 0x00000000
core   0: 0x80003e9e (0x00000001) c.nop
core   0: 3 0x80003e9e (0x0001)
core   0: 0x80003ea0 (0xd5ee3193) sltiu   gp, t3, -674
core   0: 3 0x80003ea0 (0xd5ee3193) x 3 0x00000001
core   0: 0x80003ea4 (0xd3b10f83) lb      t6, -709(sp)
core   0: 3 0x80003ea4 (0xd3b10f83) x31 0x0000005f mem 0x8001b047
core   0: 0x80003ea8 (0x00010397) auipc   t2, 0x10
core   0: 3 0x80003ea8 (0x00010397) x 7 0x80013ea8
core   0: 0x80003eac (0x89b38393) addi    t2, t2, -1893
core   0: 3 0x80003eac (0x89b38393) x 7 0x80013743
core   0: 0x80003eb0 (0x5733d003) lhu     zero, 1395(t2)
core   0: 3 0x80003eb0 (0x5733d003) mem 0x80013cb6
core   0: 0x80003eb4 (0xeff39aa3) sh      t6, -267(t2)
core   0: 3 0x80003eb4 (0xeff39aa3) mem 0x80013638 0x005f
core   0: 0x80003eb8 (0x11c38283) lb      t0, 284(t2)
core   0: 3 0x80003eb8 (0x11c38283) x 5 0x00000063 mem 0x8001385f
core   0: 0x80003ebc (0xc5f39003) lh      zero, -929(t2)
core   0: 3 0x80003ebc (0xc5f39003) mem 0x800133a2
core   0: 0x80003ec0 (0x64138723) sb      ra, 1614(t2)
core   0: 3 0x80003ec0 (0x64138723) mem 0x80013d91 0x19
core   0: 0x80003ec4 (0x08a3cb83) lbu     s7, 138(t2)
core   0: 3 0x80003ec4 (0x08a3cb83) x23 0x0000002f mem 0x800137cd
core   0: 0x80003ec8 (0x08a38c83) lb      s9, 138(t2)
core   0: 3 0x80003ec8 (0x08a38c83) x25 0x0000002f mem 0x800137cd
core   0: 0x80003ecc (0x318bc113) xori    sp, s7, 792
core   0: 3 0x80003ecc (0x318bc113) x 2 0x00000337
core   0: 0x80003ed0 (0x014f0bb3) add     s7, t5, s4
core   0: 3 0x80003ed0 (0x014f0bb3) x23 0x00007a10
core   0: 0x80003ed4 (0x209387a3) sb      s1, 527(t2)
core   0: 3 0x80003ed4 (0x209387a3) mem 0x80013952 0x58
core   0: 0x80003ed8 (0xbf23cb03) lbu     s6, -1038(t2)
core   0: 3 0x80003ed8 (0xbf23cb03) x22 0x00000066 mem 0x80013335
core   0: 0x80003edc (0xbf23c683) lbu     a3, -1038(t2)
core   0: 3 0x80003edc (0xbf23c683) x13 0x00000066 mem 0x80013335
core   0: 0x80003ee0 (0x0000d817) auipc   a6, 0xd
core   0: 3 0x80003ee0 (0x0000d817) x16 0x80010ee0
core   0: 0x80003ee4 (0x15880813) addi    a6, a6, 344
core   0: 3 0x80003ee4 (0x15880813) x16 0x80011038
core   0: 0x80003ee8 (0x00c82483) lw      s1, 12(a6)
core   0: 3 0x80003ee8 (0x00c82483) x 9 0x333d878e mem 0x80011044
core   0: 0x80003eec (0xf17809a3) sb      s7, -237(a6)
core   0: 3 0x80003eec (0xf17809a3) mem 0x80010f4b 0x10
core   0: 0x80003ef0 (0xf5e80703) lb      a4, -162(a6)
core   0: 3 0x80003ef0 (0xf5e80703) x14 0x0000002e mem 0x80010f96
core   0: 0x80003ef4 (0xf0f81823) sh      a5, -240(a6)
core   0: 3 0x80003ef4 (0xf0f81823) mem 0x80010f48 0x5e64
core   0: 0x80003ef8 (0xf1080203) lb      tp, -240(a6)
core   0: 3 0x80003ef8 (0xf1080203) x 4 0x00000064 mem 0x80010f48
core   0: 0x80003efc (0x02e056b3) divu    a3, zero, a4
core   0: 3 0x80003efc (0x02e056b3) x13 0x00000000
core   0: 0x80003f00 (0xf1a81823) sh      s10, -240(a6)
core   0: 3 0x80003f00 (0xf1a81823) mem 0x80010f48 0x0087
core   0: 0x80003f04 (0xa258fd13) andi    s10, a7, -1499
core   0: 3 0x80003f04 (0xa258fd13) x26 0xfffffa25
core   0: 0x80003f08 (0xfb882983) lw      s3, -72(a6)
core   0: 3 0x80003f08 (0xfb882983) x19 0xf4ca2450 mem 0x80010ff0
core   0: 0x80003f0c (0xfb881003) lh      zero, -72(a6)
core   0: 3 0x80003f0c (0xfb881003) mem 0x80010ff0
core   0: 0x80003f10 (0xf5d84f83) lbu     t6, -163(a6)
core   0: 3 0x80003f10 (0xf5d84f83) x31 0x00000045 mem 0x80010f95
core   0: 0x80003f14 (0x00e85503) lhu     a0, 14(a6)
core   0: 3 0x80003f14 (0x00e85503) x10 0x0000333d mem 0x80011046
core   0: 0x80003f18 (0x00e80003) lb      zero, 14(a6)
core   0: 3 0x80003f18 (0x00e80003) mem 0x80011046
core   0: 0x80003f1c (0x40fd59b3) sra     s3, s10, a5
core   0: 3 0x80003f1c (0x40fd59b3) x19 0xffffffa2
core   0: 0x80003f20 (0x000062f9) c.lui   t0, 0x1e
core   0: 3 0x80003f20 (0x62f9) x 5 0x0001e000
core   0: 0x80003f22 (0xfb481883) lh      a7, -76(a6)
core   0: 3 0x80003f22 (0xfb481883) x17 0x000028c3 mem 0x80010fec
core   0: 0x80003f26 (0xf1c85703) lhu     a4, -228(a6)
core   0: 3 0x80003f26 (0xf1c85703) x14 0x00005402 mem 0x80010f54
core   0: 0x80003f2a (0x0000717d) c.addi16sp sp, -16
core   0: 3 0x80003f2a (0x717d) x 2 0x00000327
core   0: 0x80003f2c (0xfd984503) lbu     a0, -39(a6)
core   0: 3 0x80003f2c (0xfd984503) x10 0x00000012 mem 0x80011011
core   0: 0x80003f30 (0x0000d117) auipc   sp, 0xd
core   0: 3 0x80003f30 (0x0000d117) x 2 0x80010f30
core   0: 0x80003f34 (0x07510113) addi    sp, sp, 117
core   0: 3 0x80003f34 (0x07510113) x 2 0x80010fa5
core   0: 0x80003f38 (0x04810c03) lb      s8, 72(sp)
core   0: 3 0x80003f38 (0x04810c03) x24 0x00000028 mem 0x80010fed
core   0: 0x80003f3c (0x0001ad17) auipc   s10, 0x1a
core   0: 3 0x80003f3c (0x0001ad17) x26 0x8001df3c
core   0: 0x80003f40 (0x357d0d13) addi    s10, s10, 855
core   0: 3 0x80003f40 (0x357d0d13) x26 0x8001e293
core   0: 0x80003f44 (0xfcad0683) lb      a3, -54(s10)
core   0: 3 0x80003f44 (0xfcad0683) x13 0xfffffffe mem 0x8001e25d
core   0: 0x80003f48 (0x02ad0983) lb      s3, 42(s10)
core   0: 3 0x80003f48 (0x02ad0983) x19 0xffffffac mem 0x8001e2bd
core   0: 0x80003f4c (0xf7f10c03) lb      s8, -129(sp)
core   0: 3 0x80003f4c (0xf7f10c03) x24 0xffffff82 mem 0x80010f24
core   0: 0x80003f50 (0xf35118a3) sh      s5, -207(sp)
core   0: 3 0x80003f50 (0xf35118a3) mem 0x80010ed6 0x003a
core   0: 0x80003f54 (0xff0d08a3) sb      a6, -15(s10)
core   0: 3 0x80003f54 (0xff0d08a3) mem 0x8001e284 0x38
core   0: 0x80003f58 (0xfea10703) lb      a4, -22(sp)
core   0: 3 0x80003f58 (0xfea10703) x14 0x0000003e mem 0x80010f8f
core   0: 0x80003f5c (0xfe2d0b83) lb      s7, -30(s10)
core   0: 3 0x80003f5c (0xfe2d0b83) x23 0x0000000b mem 0x8001e275
core   0: 0x80003f60 (0xff5d2383) lw      t2, -11(s10)
core   0: 3 0x80003f60 (0xff5d2383) x 7 0x6878d406 mem 0x8001e288
core   0: 0x80003f64 (0x03510923) sb      s5, 50(sp)
core   0: 3 0x80003f64 (0x03510923) mem 0x80010fd7 0x3a
core   0: 0x80003f68 (0x034d0e23) sb      s4, 60(s10)
core   0: 3 0x80003f68 (0x034d0e23) mem 0x8001e2cf 0xfe
core   0: 0x80003f6c (0xf6514903) lbu     s2, -155(sp)
core   0: 3 0x80003f6c (0xf6514903) x18 0x000000c9 mem 0x80010f0a
core   0: 0x80003f70 (0x04311aa3) sh      gp, 85(sp)
core   0: 3 0x80003f70 (0x04311aa3) mem 0x80010ffa 0x0001
core   0: 0x80003f74 (0x01fd2ca3) sw      t6, 25(s10)
core   0: 3 0x80003f74 (0x01fd2ca3) mem 0x8001e2ac 0x00000045
core   0: 0x80003f78 (0x06610723) sb      t1, 110(sp)
core   0: 3 0x80003f78 (0x06610723) mem 0x80011013 0xd3
core   0: 0x80003f7c (0x040d0a83) lb      s5, 64(s10)
core   0: 3 0x80003f7c (0x040d0a83) x21 0x00000004 mem 0x8001e2d3
core   0: 0x80003f80 (0x0000cc17) auipc   s8, 0xc
core   0: 3 0x80003f80 (0x0000cc17) x24 0x8000ff80
core   0: 0x80003f84 (0x382c0c13) addi    s8, s8, 898
core   0: 3 0x80003f84 (0x382c0c13) x24 0x80010302
core   0: 0x80003f88 (0x00017f97) auipc   t6, 0x17
core   0: 3 0x80003f88 (0x00017f97) x31 0x8001af88
core   0: 0x80003f8c (0x39af8f93) addi    t6, t6, 922
core   0: 3 0x80003f8c (0x39af8f93) x31 0x8001b322
core   0: 0x80003f90 (0x767c4303) lbu     t1, 1895(s8)
core   0: 3 0x80003f90 (0x767c4303) x 6 0x000000c1 mem 0x80010a69
core   0: 0x80003f94 (0xfe7f8ba3) sb      t2, -9(t6)
core   0: 3 0x80003f94 (0xfe7f8ba3) mem 0x8001b319 0x6
core   0: 0x80003f98 (0x67ac0f03) lb      t5, 1658(s8)
core   0: 3 0x80003f98 (0x67ac0f03) x30 0x00000076 mem 0x8001097c
core   0: 0x80003f9c (0xff1fca83) lbu     s5, -15(t6)
core   0: 3 0x80003f9c (0xff1fca83) x21 0x000000d0 mem 0x8001b313
core   0: 0x80003fa0 (0x00bfca83) lbu     s5, 11(t6)
core   0: 3 0x80003fa0 (0x00bfca83) x21 0x000000e0 mem 0x8001b32d
core   0: 0x80003fa4 (0xe5ac2f03) lw      t5, -422(s8)
core   0: 3 0x80003fa4 (0xe5ac2f03) x30 0x4edddf2a mem 0x8001015c
core   0: 0x80003fa8 (0x6d9c0e23) sb      s9, 1756(s8)
core   0: 3 0x80003fa8 (0x6d9c0e23) mem 0x800109de 0x2f
core   0: 0x80003fac (0x532c4583) lbu     a1, 1330(s8)
core   0: 3 0x80003fac (0x532c4583) x11 0x00000091 mem 0x80010834
core   0: 0x80003fb0 (0xf36c01a3) sb      s6, -221(s8)
core   0: 3 0x80003fb0 (0xf36c01a3) mem 0x80010225 0x66
core   0: 0x80003fb4 (0xd74c0203) lb      tp, -652(s8)
core   0: 3 0x80003fb4 (0xd74c0203) x 4 0xfffffff3 mem 0x80010076
core   0: 0x80003fb8 (0xfe6f88a3) sb      t1, -15(t6)
core   0: 3 0x80003fb8 (0xfe6f88a3) mem 0x8001b313 0xc1
core   0: 0x80003fbc (0x41bc0f03) lb      t5, 1051(s8)
core   0: 3 0x80003fbc (0x41bc0f03) x30 0xfffffff0 mem 0x8001071d
core   0: 0x80003fc0 (0xf39c0403) lb      s0, -199(s8)
core   0: 3 0x80003fc0 (0xf39c0403) x 8 0x00000000 mem 0x8001023b
core   0: 0x80003fc4 (0x019f9423) sh      s9, 8(t6)
core   0: 3 0x80003fc4 (0x019f9423) mem 0x8001b32a 0x002f
core   0: 0x80003fc8 (0x3fac4c83) lbu     s9, 1018(s8)
core   0: 3 0x80003fc8 (0x3fac4c83) x25 0x000000da mem 0x800106fc
core   0: 0x80003fcc (0x00015417) auipc   s0, 0x15
core   0: 3 0x80003fcc (0x00015417) x 8 0x80018fcc
core   0: 0x80003fd0 (0xb0840413) addi    s0, s0, -1272
core   0: 3 0x80003fd0 (0xb0840413) x 8 0x80018ad4
core   0: 0x80003fd4 (0x0000c897) auipc   a7, 0xc
core   0: 3 0x80003fd4 (0x0000c897) x17 0x8000ffd4
core   0: 0x80003fd8 (0x5a488893) addi    a7, a7, 1444
core   0: 3 0x80003fd8 (0x5a488893) x17 0x80010578
core   0: 0x80003fdc (0x77a45b83) lhu     s7, 1914(s0)
core   0: 3 0x80003fdc (0x77a45b83) x23 0x0000fc7f mem 0x8001924e
core   0: 0x80003fe0 (0xbd940083) lb      ra, -1063(s0)
core   0: 3 0x80003fe0 (0xbd940083) x 1 0xfffffffd mem 0x800186ad
core   0: 0x80003fe4 (0xc5845c83) lhu     s9, -936(s0)
core   0: 3 0x80003fe4 (0xc5845c83) x25 0x00007312 mem 0x8001872c
core   0: 0x80003fe8 (0x5d38cf03) lbu     t5, 1491(a7)
core   0: 3 0x80003fe8 (0x5d38cf03) x30 0x000000ce mem 0x80010b4b
core   0: 0x80003fec (0x34244083) lbu     ra, 834(s0)
core   0: 3 0x80003fec (0x34244083) x 1 0x00000002 mem 0x80018e16
core   0: 0x80003ff0 (0x55544283) lbu     t0, 1365(s0)
core   0: 3 0x80003ff0 (0x55544283) x 5 0x000000b9 mem 0x80019029
core   0: 0x80003ff4 (0x10c8ad03) lw      s10, 268(a7)
core   0: 3 0x80003ff4 (0x10c8ad03) x26 0xacdf3759 mem 0x80010684
core   0: 0x80003ff8 (0xd0d8cc83) lbu     s9, -755(a7)
core   0: 3 0x80003ff8 (0xd0d8cc83) x25 0x000000ea mem 0x80010285
core   0: 0x80003ffc (0xafb40003) lb      zero, -1285(s0)
core   0: 3 0x80003ffc (0xafb40003) mem 0x800185cf
core   0: 0x80004000 (0xc1a41703) lh      a4, -998(s0)
core   0: 3 0x80004000 (0xc1a41703) x14 0x00006f56 mem 0x800186ee
core   0: 0x80004004 (0x17540103) lb      sp, 373(s0)
core   0: 3 0x80004004 (0x17540103) x 2 0xfffffff5 mem 0x80018c49
core   0: 0x80004008 (0x73c88903) lb      s2, 1852(a7)
core   0: 3 0x80004008 (0x73c88903) x18 0x0000006a mem 0x80010cb4
core   0: 0x8000400c (0xd1a44903) lbu     s2, -742(s0)
core   0: 3 0x8000400c (0xd1a44903) x18 0x000000db mem 0x800187ee
core   0: 0x80004010 (0x4ee88ba3) sb      a4, 1271(a7)
core   0: 3 0x80004010 (0x4ee88ba3) mem 0x80010a6f 0x56
core   0: 0x80004014 (0x00011117) auipc   sp, 0x11
core   0: 3 0x80004014 (0x00011117) x 2 0x80015014
core   0: 0x80004018 (0x39710113) addi    sp, sp, 919
core   0: 3 0x80004018 (0x39710113) x 2 0x800153ab
core   0: 0x8000401c (0x01bac433) xor     s0, s5, s11
core   0: 3 0x8000401c (0x01bac433) x 8 0x000000e0
core   0: 0x80004020 (0x08311b83) lh      s7, 131(sp)
core   0: 3 0x80004020 (0x08311b83) x23 0x00000e6e mem 0x8001542e
core   0: 0x80004024 (0x03fa2833) mulhsu  a6, s4, t6
core   0: 3 0x80004024 (0x03fa2833) x16 0xbfff44ee
core   0: 0x80004028 (0xea414403) lbu     s0, -348(sp)
core   0: 3 0x80004028 (0xea414403) x 8 0x00000061 mem 0x8001524f
core   0: 0x8000402c (0x002308b3) add     a7, t1, sp
core   0: 3 0x8000402c (0x002308b3) x17 0x8001546c
core   0: 0x80004030 (0xbdc10583) lb      a1, -1060(sp)
core   0: 3 0x80004030 (0xbdc10583) x11 0x00000020 mem 0x80014f87
core   0: 0x80004034 (0x0000870d) c.srai  a4, 3
core   0: 3 0x80004034 (0x870d) x14 0x00000dea
core   0: 0x80004036 (0x55214c03) lbu     s8, 1362(sp)
core   0: 3 0x80004036 (0x55214c03) x24 0x000000b4 mem 0x800158fd
core   0: 0x8000403a (0xacd12203) lw      tp, -1331(sp)
core   0: 3 0x8000403a (0xacd12203) x 4 0xd4d02c13 mem 0x80014e78
core   0: 0x8000403e (0x8c292f13) slti    t5, s2, -1854
core   0: 3 0x8000403e (0x8c292f13) x30 0x00000000
core   0: 0x80004042 (0x776533b7) lui     t2, 0x77653
core   0: 3 0x80004042 (0x776533b7) x 7 0x77653000
core   0: 0x80004046 (0xf4411fa3) sh      tp, -161(sp)
core   0: 3 0x80004046 (0xf4411fa3) mem 0x8001530a 0x2c13
core   0: 0x8000404a (0x74c14303) lbu     t1, 1868(sp)
core   0: 3 0x8000404a (0x74c14303) x 6 0x00000004 mem 0x80015af7
core   0: 0x8000404e (0x54a14d83) lbu     s11, 1354(sp)
core   0: 3 0x8000404e (0x54a14d83) x27 0x000000b4 mem 0x800158f5
core   0: 0x80004052 (0xd7510ba3) sb      s5, -649(sp)
core   0: 3 0x80004052 (0xd7510ba3) mem 0x80015122 0xe0
core   0: 0x80004056 (0xbc414283) lbu     t0, -1084(sp)
core   0: 3 0x80004056 (0xbc414283) x 5 0x0000004d mem 0x80014f6f
core   0: 0x8000405a (0x9c010ca3) sb      zero, -1575(sp)
core   0: 3 0x8000405a (0x9c010ca3) mem 0x80014d84 0x0
core   0: 0x8000405e (0xc0b14c83) lbu     s9, -1013(sp)
core   0: 3 0x8000405e (0xc0b14c83) x25 0x00000004 mem 0x80014fb6
core   0: 0x80004062 (0x648115a3) sh      s0, 1611(sp)
core   0: 3 0x80004062 (0x648115a3) mem 0x800159f6 0x0061
core   0: 0x80004066 (0x75803993) sltiu   s3, zero, 1880
core   0: 3 0x80004066 (0x75803993) x19 0x00000001
core   0: 0x8000406a (0x00ce70b3) and     ra, t3, a2
core   0: 3 0x8000406a (0x00ce70b3) x 1 0x00000000
core   0: 0x8000406e (0x744e2193) slti    gp, t3, 1860
core   0: 3 0x8000406e (0x744e2193) x 3 0x00000001
core   0: 0x80004072 (0x01215513) srli    a0, sp, 18
core   0: 3 0x80004072 (0x01215513) x10 0x00002000
core   0: 0x80004076 (0x000084e5) c.srai  s1, 25
core   0: 3 0x80004076 (0x84e5) x 9 0x00000019
core   0: 0x80004078 (0x00009cd2) c.add   s9, s4
core   0: 3 0x80004078 (0x9cd2) x25 0x80003d02
core   0: 0x8000407a (0x000091ae) c.add   gp, a1
core   0: 3 0x8000407a (0x91ae) x 3 0x00000021
core   0: 0x8000407c (0xf8e10803) lb      a6, -114(sp)
core   0: 3 0x8000407c (0xf8e10803) x16 0xfffffffc mem 0x80015339
core   0: 0x80004080 (0x1e511fa3) sh      t0, 511(sp)
core   0: 3 0x80004080 (0x1e511fa3) mem 0x800155aa 0x004d
core   0: 0x80004084 (0x00009ffe) c.add   t6, t6
core   0: 3 0x80004084 (0x9ffe) x31 0x00036644
core   0: 0x80004086 (0x00008cad) c.xor   s1, a1
core   0: 3 0x80004086 (0x8cad) x 9 0x00000039
core   0: 0x80004088 (0x11011aa3) sh      a6, 277(sp)
core   0: 3 0x80004088 (0x11011aa3) mem 0x800154c0 0xfffc
core   0: 0x8000408c (0x74572693) slti    a3, a4, 1861
core   0: 3 0x8000408c (0x74572693) x13 0x00000000
core   0: 0x80004090 (0x01a706b3) add     a3, a4, s10
core   0: 3 0x80004090 (0x01a706b3) x13 0xacdf4543
core   0: 0x80004094 (0x01aad933) srl     s2, s5, s10
core   0: 3 0x80004094 (0x01aad933) x18 0x00000000
core   0: 0x80004098 (0xee910323) sb      s1, -282(sp)
core   0: 3 0x80004098 (0xee910323) mem 0x80015291 0x39
core   0: 0x8000409c (0x03e58d33) mul     s10, a1, t5
core   0: 3 0x8000409c (0x03e58d33) x26 0x00000000
core   0: 0x800040a0 (0x03675933) divu    s2, a4, s6
core   0: 3 0x800040a0 (0x03675933) x18 0x00000022
core   0: 0x800040a4 (0x00008c11) c.sub   s0, a2
core   0: 3 0x800040a4 (0x8c11) x 8 0x7ffd637d
core   0: 0x800040a6 (0x71c113a3) sh      t3, 1799(sp)
core   0: 3 0x800040a6 (0x71c113a3) mem 0x80015ab2 0x0000
core   0: 0x800040aa (0x41f606b3) sub     a3, a2, t6
core   0: 3 0x800040aa (0x41f606b3) x13 0x7fff36a0
core   0: 0x800040ae (0xe834aa93) slti    s5, s1, -381
core   0: 3 0x800040ae (0xe834aa93) x21 0x00000000
core   0: 0x800040b2 (0x3ff11183) lh      gp, 1023(sp)
core   0: 3 0x800040b2 (0x3ff11183) x 3 0x00007565 mem 0x800157aa
core   0: 0x800040b6 (0x00a00593) li      a1, 10
core   0: 3 0x800040b6 (0x00a00593) x11 0x0000000a
core   0: 0x800040ba (0x00a00a93) li      s5, 10
core   0: 3 0x800040ba (0x00a00a93) x21 0x0000000a
core   0: 0x800040be (0xaf1bb137) lui     sp, 0xaf1bb
core   0: 3 0x800040be (0xaf1bb137) x 2 0xaf1bb000
core   0: 0x800040c2 (0x00001dfd) c.addi  s11, -1
core   0: 3 0x800040c2 (0x1dfd) x27 0x000000b3
core   0: 0x800040c4 (0x0340ce33) div     t3, ra, s4
core   0: 3 0x800040c4 (0x0340ce33) x28 0x00000000
core   0: 0x800040c8 (0x000015dd) c.addi  a1, -9
core   0: 3 0x800040c8 (0x15dd) x11 0x00000001
core   0: 0x800040ca (0xff600713) li      a4, -10
core   0: 3 0x800040ca (0xff600713) x14 0xfffffff6
core   0: 0x800040ce (0xfec00313) li      t1, -20
core   0: 3 0x800040ce (0xfec00313) x 6 0xffffffec
core   0: 0x800040d2 (0x00000b3e) c.slli  s6, 15
core   0: 3 0x800040d2 (0x0b3e) x22 0x00330000
core   0: 0x800040d4 (0x00008ec5) c.or    a3, s1
core   0: 3 0x800040d4 (0x8ec5) x13 0x7fff36b9
core   0: 0x800040d6 (0x00001759) c.addi  a4, -10
core   0: 3 0x800040d6 (0x1759) x14 0xffffffec
core   0: 0x800040d8 (0x00b47133) and     sp, s0, a1
core   0: 3 0x800040d8 (0x00b47133) x 2 0x00000001
core   0: 0x800040dc (0xfe675ce3) bge     a4, t1, pc - 8
core   0: 3 0x800040dc (0xfe675ce3)
core   0: 0x800040d4 (0x00008ec5) c.or    a3, s1
core   0: 3 0x800040d4 (0x8ec5) x13 0x7fff36b9
core   0: 0x800040d6 (0x00001759) c.addi  a4, -10
core   0: 3 0x800040d6 (0x1759) x14 0xffffffe2
core   0: 0x800040d8 (0x00b47133) and     sp, s0, a1
core   0: 3 0x800040d8 (0x00b47133) x 2 0x00000001
core   0: 0x800040dc (0xfe675ce3) bge     a4, t1, pc - 8
core   0: 3 0x800040dc (0xfe675ce3)
core   0: 0x800040e0 (0xff55f1e3) bgeu    a1, s5, pc - 30
core   0: 3 0x800040e0 (0xff55f1e3)
core   0: 0x800040e4 (0x012f5093) srli    ra, t5, 18
core   0: 3 0x800040e4 (0x012f5093) x 1 0x00000000
core   0: 0x800040e8 (0x0100036f) jal     t1, pc + 0x10
core   0: 3 0x800040e8 (0x0100036f) x 6 0x800040ec
core   0: 0x800040f8 (0x0180036f) jal     t1, pc + 0x18
core   0: 3 0x800040f8 (0x0180036f) x 6 0x800040fc
core   0: 0x80004110 (0xffdff0ef) jal     pc - 0x4
core   0: 3 0x80004110 (0xffdff0ef) x 1 0x80004114
core   0: 0x8000410c (0x0000a039) c.j     pc + 14
core   0: 3 0x8000410c (0xa039)
core   0: 0x8000411a (0xfefff36f) jal     t1, pc - 0x12
core   0: 3 0x8000411a (0xfefff36f) x 6 0x8000411e
core   0: 0x80004108 (0xffbff36f) jal     t1, pc - 0x6
core   0: 3 0x80004108 (0xffbff36f) x 6 0x8000410c
core   0: 0x80004102 (0x0000a005) c.j     pc + 32
core   0: 3 0x80004102 (0xa005)
core   0: 0x80004122 (0xfcbff0ef) jal     pc - 0x36
core   0: 3 0x80004122 (0xfcbff0ef) x 1 0x80004126
core   0: 0x800040ec (0x0000a021) c.j     pc + 8
core   0: 3 0x800040ec (0xa021)
core   0: 0x800040f4 (0x01a0036f) jal     t1, pc + 0x1a
core   0: 3 0x800040f4 (0x01a0036f) x 6 0x800040f8
core   0: 0x8000410e (0x0000a029) c.j     pc + 10
core   0: 3 0x8000410e (0xa029)
core   0: 0x80004118 (0x0000a019) c.j     pc + 6
core   0: 3 0x80004118 (0xa019)
core   0: 0x8000411e (0xfd3ff0ef) jal     pc - 0x2e
core   0: 3 0x8000411e (0xfd3ff0ef) x 1 0x80004122
core   0: 0x800040f0 (0x0100036f) jal     t1, pc + 0x10
core   0: 3 0x800040f0 (0x0100036f) x 6 0x800040f4
core   0: 0x80004100 (0x00003ff5) c.jal   pc - 4
core   0: 3 0x80004100 (0x3ff5) x 1 0x80004102
core   0: 0x800040fc (0x00800e6f) jal     t3, pc + 0x8
core   0: 3 0x800040fc (0x00800e6f) x28 0x80004100
core   0: 0x80004104 (0xfebff0ef) jal     pc - 0x16
core   0: 3 0x80004104 (0xfebff0ef) x 1 0x80004108
core   0: 0x800040ee (0x0000a01d) c.j     pc + 38
core   0: 3 0x800040ee (0xa01d)
core   0: 0x80004114 (0x012000ef) jal     pc + 0x12
core   0: 3 0x80004114 (0x012000ef) x 1 0x80004118
core   0: 0x80004126 (0x02234333) div     t1, t1, sp
core   0: 3 0x80004126 (0x02234333) x 6 0x800040f4
core   0: 0x8000412a (0x0000de17) auipc   t3, 0xd
core   0: 3 0x8000412a (0x0000de17) x28 0x8001112a
core   0: 0x8000412e (0x96de0e13) addi    t3, t3, -1683
core   0: 3 0x8000412e (0x96de0e13) x28 0x80010a97
core   0: 0x80004132 (0x01940033) add     zero, s0, s9
core   0: 3 0x80004132 (0x01940033)
core   0: 0x80004136 (0x984e4c83) lbu     s9, -1660(t3)
core   0: 3 0x80004136 (0x984e4c83) x25 0x00000023 mem 0x8001041b
core   0: 0x8000413a (0x276e0403) lb      s0, 630(t3)
core   0: 3 0x8000413a (0x276e0403) x 8 0xffffffaf mem 0x80010d0d
core   0: 0x8000413e (0xcaee4403) lbu     s0, -850(t3)
core   0: 3 0x8000413e (0xcaee4403) x 8 0x00000066 mem 0x80010745
core   0: 0x80004142 (0x00a43433) sltu    s0, s0, a0
core   0: 3 0x80004142 (0x00a43433) x 8 0x00000001
core   0: 0x80004146 (0xcb9e0523) sb      s9, -854(t3)
core   0: 3 0x80004146 (0xcb9e0523) mem 0x80010741 0x23
core   0: 0x8000414a (0x00008c69) c.and   s0, a0
core   0: 3 0x8000414a (0x8c69) x 8 0x00000000
core   0: 0x8000414c (0x8e2e2aa3) sw      sp, -1803(t3)
core   0: 3 0x8000414c (0x8e2e2aa3) mem 0x8001038c 0x00000001
core   0: 0x80004150 (0x92fe4503) lbu     a0, -1745(t3)
core   0: 3 0x80004150 (0x92fe4503) x10 0x000000b2 mem 0x800103c6
core   0: 0x80004154 (0xc79e5103) lhu     sp, -903(t3)
core   0: 3 0x80004154 (0xc79e5103) x 2 0x00008ab9 mem 0x80010710
core   0: 0x80004158 (0x418e0003) lb      zero, 1048(t3)
core   0: 3 0x80004158 (0x418e0003) mem 0x80010eaf
core   0: 0x8000415c (0xe4ae0b23) sb      a0, -426(t3)
core   0: 3 0x8000415c (0xe4ae0b23) mem 0x800108ed 0xb2
core   0: 0x80004160 (0x493e0b23) sb      s3, 1174(t3)
core   0: 3 0x80004160 (0x493e0b23) mem 0x80010f2d 0x1
core   0: 0x80004164 (0x1b2e4003) lbu     zero, 434(t3)
core   0: 3 0x80004164 (0x1b2e4003) mem 0x80010c49
core   0: 0x80004168 (0x9ffe1003) lh      zero, -1537(t3)
core   0: 3 0x80004168 (0x9ffe1003) mem 0x80010496
core   0: 0x8000416c (0x028529b3) mulhsu  s3, a0, s0
core   0: 3 0x8000416c (0x028529b3) x19 0x00000000
core   0: 0x80004170 (0x379e4983) lbu     s3, 889(t3)
core   0: 3 0x80004170 (0x379e4983) x19 0x0000000f mem 0x80010e10
core   0: 0x80004174 (0xd00e4983) lbu     s3, -768(t3)
core   0: 3 0x80004174 (0xd00e4983) x19 0x00000000 mem 0x80010797
core   0: 0x80004178 (0x00000001) c.nop
core   0: 3 0x80004178 (0x0001)
core   0: 0x8000417a (0x00008051) c.srli  s0, 20
core   0: 3 0x8000417a (0x8051) x 8 0x00000000
core   0: 0x8000417c (0xaffe5103) lhu     sp, -1281(t3)
core   0: 3 0x8000417c (0xaffe5103) x 2 0x0000bc12 mem 0x80010596
core   0: 0x80004180 (0x1d1e0c83) lb      s9, 465(t3)
core   0: 3 0x80004180 (0x1d1e0c83) x25 0xfffffffe mem 0x80010c68
core   0: 0x80004184 (0x01399cb3) sll     s9, s3, s3
core   0: 3 0x80004184 (0x01399cb3) x25 0x00000000
core   0: 0x80004188 (0xf35e4c83) lbu     s9, -203(t3)
core   0: 3 0x80004188 (0xf35e4c83) x25 0x0000008d mem 0x800109cc
core   0: 0x8000418c (0x154e0503) lb      a0, 340(t3)
core   0: 3 0x8000418c (0x154e0503) x10 0x0000000b mem 0x80010beb
core   0: 0x80004190 (0x335e5003) lhu     zero, 821(t3)
core   0: 3 0x80004190 (0x335e5003) mem 0x80010dcc
core   0: 0x80004194 (0x959e0a23) sb      s9, -1708(t3)
core   0: 3 0x80004194 (0x959e0a23) mem 0x800103eb 0x8d
core   0: 0x80004198 (0x0f7e5503) lhu     a0, 247(t3)
core   0: 3 0x80004198 (0x0f7e5503) x10 0x0000f983 mem 0x80010b8e
core   0: 0x8000419c (0x6b85f417) auipc   s0, 0x6b85f
core   0: 3 0x8000419c (0x6b85f417) x 8 0xeb86319c
core   0: 0x800041a0 (0x313e00a3) sb      s3, 769(t3)
core   0: 3 0x800041a0 (0x313e00a3) mem 0x80010d98 0x0
core   0: 0x800041a4 (0x40be4c83) lbu     s9, 1035(t3)
core   0: 3 0x800041a4 (0x40be4c83) x25 0x000000d5 mem 0x80010ea2
core   0: 0x800041a8 (0x1fae4003) lbu     zero, 506(t3)
core   0: 3 0x800041a8 (0x1fae4003) mem 0x80010c91
core   0: 0x800041ac (0x0289e9b3) rem     s3, s3, s0
core   0: 3 0x800041ac (0x0289e9b3) x19 0x00000000
core   0: 0x800041b0 (0x0000717d) c.addi16sp sp, -16
core   0: 3 0x800041b0 (0x717d) x 2 0x0000bc02
core   0: 0x800041b2 (0xefd9a013) slti    zero, s3, -259
core   0: 3 0x800041b2 (0xefd9a013)
core   0: 0x800041b6 (0x937e1503) lh      a0, -1737(t3)
core   0: 3 0x800041b6 (0x937e1503) x10 0xffffb097 mem 0x800103ce
core   0: 0x800041ba (0xf90e4c83) lbu     s9, -112(t3)
core   0: 3 0x800041ba (0xf90e4c83) x25 0x00000085 mem 0x80010a27
core   0: 0x800041be (0x074e4403) lbu     s0, 116(t3)
core   0: 3 0x800041be (0x074e4403) x 8 0x000000dd mem 0x80010b0b
core   0: 0x800041c2 (0x00000f08) c.addi4spn a0, sp, 912
core   0: 3 0x800041c2 (0x0f08) x10 0x0000bf92
core   0: 0x800041c4 (0xbaae0923) sb      a0, -1102(t3)
core   0: 3 0x800041c4 (0xbaae0923) mem 0x80010649 0x92
core   0: 0x800041c8 (0x90d44413) xori    s0, s0, -1779
core   0: 3 0x800041c8 (0x90d44413) x 8 0xfffff9d0
core   0: 0x800041cc (0x0d8e4403) lbu     s0, 216(t3)
core   0: 3 0x800041cc (0x0d8e4403) x 8 0x000000f8 mem 0x80010b6f
core   0: 0x800041d0 (0x0000547d) c.li    s0, -1
core   0: 3 0x800041d0 (0x547d) x 8 0xffffffff
core   0: 0x800041d2 (0x465e4983) lbu     s3, 1125(t3)
core   0: 3 0x800041d2 (0x465e4983) x19 0x00000045 mem 0x80010efc
core   0: 0x800041d6 (0x00019c97) auipc   s9, 0x19
core   0: 3 0x800041d6 (0x00019c97) x25 0x8001d1d6
core   0: 0x800041da (0x367c8c93) addi    s9, s9, 871
core   0: 3 0x800041da (0x367c8c93) x25 0x8001d53d
core   0: 0x800041de (0x03bcd903) lhu     s2, 59(s9)
core   0: 3 0x800041de (0x03bcd903) x18 0x00005317 mem 0x8001d578
core   0: 0x800041e2 (0x01dcda83) lhu     s5, 29(s9)
core   0: 3 0x800041e2 (0x01dcda83) x21 0x0000316d mem 0x8001d55a
core   0: 0x800041e6 (0x4154d1b3) sra     gp, s1, s5
core   0: 3 0x800041e6 (0x4154d1b3) x 3 0x00000000
core   0: 0x800041ea (0x02ccc683) lbu     a3, 44(s9)
core   0: 3 0x800041ea (0x02ccc683) x13 0x000000b4 mem 0x8001d569
core   0: 0x800041ee (0x019c8903) lb      s2, 25(s9)
core   0: 3 0x800041ee (0x019c8903) x18 0x00000072 mem 0x8001d556
core   0: 0x800041f2 (0x00000001) c.nop
core   0: 3 0x800041f2 (0x0001)
core   0: 0x800041f4 (0xfd8cc683) lbu     a3, -40(s9)
core   0: 3 0x800041f4 (0xfd8cc683) x13 0x000000ef mem 0x8001d515
core   0: 0x800041f8 (0xfd5c8123) sb      s5, -62(s9)
core   0: 3 0x800041f8 (0xfd5c8123) mem 0x8001d4ff 0x6d
core   0: 0x800041fc (0x00008ca5) c.xor   s1, s1
core   0: 3 0x800041fc (0x8ca5) x 9 0x00000000
core   0: 0x800041fe (0x0124d1b3) srl     gp, s1, s2
core   0: 3 0x800041fe (0x0124d1b3) x 3 0x00000000
core   0: 0x80004202 (0x009cd483) lhu     s1, 9(s9)
core   0: 3 0x80004202 (0x009cd483) x 9 0x00009eba mem 0x8001d546
core   0: 0x80004206 (0x0000137d) c.addi  t1, -1
core   0: 3 0x80004206 (0x137d) x 6 0x800040f3
core   0: 0x80004208 (0x2a218913) addi    s2, gp, 674
core   0: 3 0x80004208 (0x2a218913) x18 0x000002a2
core   0: 0x8000420c (0x0000100f) fence.i
core   0: 3 0x8000420c (0x0000100f)
core   0: 0x80004210 (0x0000990e) c.add   s2, gp
core   0: 3 0x80004210 (0x990e) x18 0x000002a2
core   0: 0x80004212 (0x00000001) c.nop
core   0: 3 0x80004212 (0x0001)
core   0: 0x80004214 (0xfc3c83a3) sb      gp, -57(s9)
core   0: 3 0x80004214 (0xfc3c83a3) mem 0x8001d504 0x0
core   0: 0x80004218 (0x015cda83) lhu     s5, 21(s9)
core   0: 3 0x80004218 (0x015cda83) x21 0x0000acc5 mem 0x8001d552
core   0: 0x8000421c (0xfcacc183) lbu     gp, -54(s9)
core   0: 3 0x8000421c (0xfcacc183) x 3 0x00000054 mem 0x8001d507
core   0: 0x80004220 (0x035946b3) div     a3, s2, s5
core   0: 3 0x80004220 (0x035946b3) x13 0x00000000
core   0: 0x80004224 (0x0354d333) divu    t1, s1, s5
core   0: 3 0x80004224 (0x0354d333) x 6 0x00000000
core   0: 0x80004228 (0x000044e1) c.li    s1, 24
core   0: 3 0x80004228 (0x44e1) x 9 0x00000018
core   0: 0x8000422a (0x3ca88497) auipc   s1, 0x3ca88
core   0: 3 0x8000422a (0x3ca88497) x 9 0xbca8c22a
core   0: 0x8000422e (0x0121e1b3) or      gp, gp, s2
core   0: 3 0x8000422e (0x0121e1b3) x 3 0x000002f6
core   0: 0x80004232 (0xfe9c8303) lb      t1, -23(s9)
core   0: 3 0x80004232 (0xfe9c8303) x 6 0x00000072 mem 0x8001d526
core   0: 0x80004236 (0x0dc6b493) sltiu   s1, a3, 220
core   0: 3 0x80004236 (0x0dc6b493) x 9 0x00000001
core   0: 0x8000423a (0x00000966) c.slli  s2, 25
core   0: 3 0x8000423a (0x0966) x18 0x44000000
core   0: 0x8000423c (0x00008ce5) c.and   s1, s1
core   0: 3 0x8000423c (0x8ce5) x 9 0x00000001
core   0: 0x8000423e (0x00008eb5) c.xor   a3, a3
core   0: 3 0x8000423e (0x8eb5) x13 0x00000000
core   0: 0x80004240 (0x03231333) mulh    t1, t1, s2
core   0: 3 0x80004240 (0x03231333) x 6 0x0000001e
core   0: 0x80004244 (0x02669933) mulh    s2, a3, t1
core   0: 3 0x80004244 (0x02669933) x18 0x00000000
core   0: 0x80004248 (0xff6c8183) lb      gp, -10(s9)
core   0: 3 0x80004248 (0xff6c8183) x 3 0xffffff97 mem 0x8001d533
core   0: 0x8000424c (0xcdb4f913) andi    s2, s1, -805
core   0: 3 0x8000424c (0xcdb4f913) x18 0x00000001
core   0: 0x80004250 (0x02bcd483) lhu     s1, 43(s9)
core   0: 3 0x80004250 (0x02bcd483) x 9 0x0000b420 mem 0x8001d568
core   0: 0x80004254 (0x0000cb97) auipc   s7, 0xc
core   0: 3 0x80004254 (0x0000cb97) x23 0x80010254
core   0: 0x80004258 (0x4a5b8b93) addi    s7, s7, 1189
core   0: 3 0x80004258 (0x4a5b8b93) x23 0x800106f9
core   0: 0x8000425c (0x00008ce1) c.and   s1, s0
core   0: 3 0x8000425c (0x8ce1) x 9 0x0000b420
core   0: 0x8000425e (0x737b9183) lh      gp, 1847(s7)
core   0: 3 0x8000425e (0x737b9183) x 3 0x00002cd2 mem 0x80010e30
core   0: 0x80004262 (0x00008d99) c.sub   a1, a4
core   0: 3 0x80004262 (0x8d99) x11 0x0000001f
core   0: 0x80004264 (0x00000001) c.nop
core   0: 3 0x80004264 (0x0001)
core   0: 0x80004266 (0x008d28b3) slt     a7, s10, s0
core   0: 3 0x80004266 (0x008d28b3) x17 0x00000000
core   0: 0x8000426a (0x0000717d) c.addi16sp sp, -16
core   0: 3 0x8000426a (0x717d) x 2 0x0000bbf2
core   0: 0x8000426c (0x15b40193) addi    gp, s0, 347
core   0: 3 0x8000426c (0x15b40193) x 3 0x0000015a
core   0: 0x80004270 (0x013119b3) sll     s3, sp, s3
core   0: 3 0x80004270 (0x013119b3) x19 0x00177e40
core   0: 0x80004274 (0x546b8123) sb      t1, 1346(s7)
core   0: 3 0x80004274 (0x546b8123) mem 0x80010c3b 0x1e
core   0: 0x80004278 (0xba3b8103) lb      sp, -1117(s7)
core   0: 3 0x80004278 (0xba3b8103) x 2 0xffffff97 mem 0x8001029c
core   0: 0x8000427c (0xc17b9a83) lh      s5, -1001(s7)
core   0: 3 0x8000427c (0xc17b9a83) x21 0x00004957 mem 0x80010310
core   0: 0x80004280 (0x0000537d) c.li    t1, -1
core   0: 3 0x80004280 (0x537d) x 6 0xffffffff
core   0: 0x80004282 (0x3a4b8883) lb      a7, 932(s7)
core   0: 3 0x80004282 (0x3a4b8883) x17 0x00000000 mem 0x80010a9d
core   0: 0x80004286 (0xf68b97a3) sh      s0, -145(s7)
core   0: 3 0x80004286 (0xf68b97a3) mem 0x80010668 0xffff
core   0: 0x8000428a (0x022bc483) lbu     s1, 34(s7)
core   0: 3 0x8000428a (0x022bc483) x 9 0x0000007e mem 0x8001071b
core   0: 0x8000428e (0x01c7f433) and     s0, a5, t3
core   0: 3 0x8000428e (0x01c7f433) x 8 0x80000a04
core   0: 0x80004292 (0xdadb8323) sb      a3, -602(s7)
core   0: 3 0x80004292 (0xdadb8323) mem 0x8001049f 0x0
core   0: 0x80004296 (0x00008df1) c.and   a1, a2
core   0: 3 0x80004296 (0x8df1) x11 0x00000004
core   0: 0x80004298 (0xc66ccf93) xori    t6, s9, -922
core   0: 3 0x80004298 (0xc66ccf93) x31 0x7ffe295b
core   0: 0x8000429c (0x026f62b3) rem     t0, t5, t1
core   0: 3 0x8000429c (0x026f62b3) x 5 0x00000000
core   0: 0x800042a0 (0x011adb13) srli    s6, s5, 17
core   0: 3 0x800042a0 (0x011adb13) x22 0x00000000
core   0: 0x800042a4 (0x2c9b9ea3) sh      s1, 733(s7)
core   0: 3 0x800042a4 (0x2c9b9ea3) mem 0x800109d6 0x007e
core   0: 0x800042a8 (0x3a3b8523) sb      gp, 938(s7)
core   0: 3 0x800042a8 (0x3a3b8523) mem 0x80010aa3 0x5a
core   0: 0x800042ac (0x0000987d) c.andi  s0, -1
core   0: 3 0x800042ac (0x987d) x 8 0x80000a04
core   0: 0x800042ae (0x00d69413) slli    s0, a3, 13
core   0: 3 0x800042ae (0x00d69413) x 8 0x00000000
core   0: 0x800042b2 (0xc37b8a23) sb      s7, -972(s7)
core   0: 3 0x800042b2 (0xc37b8a23) mem 0x8001032d 0xf9
core   0: 0x800042b6 (0x00008f31) c.xor   a4, a2
core   0: 3 0x800042b6 (0x8f31) x14 0x7ffd6306
core   0: 0x800042b8 (0x00008da5) c.xor   a1, s1
core   0: 3 0x800042b8 (0x8da5) x11 0x0000007a
core   0: 0x800042ba (0xb77ba903) lw      s2, -1161(s7)
core   0: 3 0x800042ba (0xb77ba903) x18 0x6552c0ec mem 0x80010270
core   0: 0x800042be (0xcf3bdc03) lhu     s8, -781(s7)
core   0: 3 0x800042be (0xcf3bdc03) x24 0x00004397 mem 0x800103ec
core   0: 0x800042c2 (0x00000001) c.nop
core   0: 3 0x800042c2 (0x0001)
core   0: 0x800042c4 (0xb27bc503) lbu     a0, -1241(s7)
core   0: 3 0x800042c4 (0xb27bc503) x10 0x00000016 mem 0x80010220
core   0: 0x800042c8 (0x00008761) c.srai  a4, 24
core   0: 3 0x800042c8 (0x8761) x14 0x0000007f
core   0: 0x800042ca (0x005e5193) srli    gp, t3, 5
core   0: 3 0x800042ca (0x005e5193) x 3 0x04000854
core   0: 0x800042ce (0x00008f55) c.or    a4, a3
core   0: 3 0x800042ce (0x8f55) x14 0x0000007f
core   0: 0x800042d0 (0xf56ba7a3) sw      s6, -177(s7)
core   0: 3 0x800042d0 (0xf56ba7a3) mem 0x80010648 0x00000000
core   0: 0x800042d4 (0x24abc903) lbu     s2, 586(s7)
core   0: 3 0x800042d4 (0x24abc903) x18 0x000000a5 mem 0x80010943
core   0: 0x800042d8 (0x157ba683) lw      a3, 343(s7)
core   0: 3 0x800042d8 (0x157ba683) x13 0x2b7269fc mem 0x80010850
core   0: 0x800042dc (0x02324ab3) div     s5, tp, gp
core   0: 3 0x800042dc (0x02324ab3) x21 0xfffffff6
core   0: 0x800042e0 (0x18ebcd83) lbu     s11, 398(s7)
core   0: 3 0x800042e0 (0x18ebcd83) x27 0x000000f2 mem 0x80010887
core   0: 0x800042e4 (0x01fff0b3) and     ra, t6, t6
core   0: 3 0x800042e4 (0x01fff0b3) x 1 0x7ffe295b
core   0: 0x800042e8 (0xe69bcc83) lbu     s9, -407(s7)
core   0: 3 0x800042e8 (0xe69bcc83) x25 0x00000054 mem 0x80010562
core   0: 0x800042ec (0xb46bc403) lbu     s0, -1210(s7)
core   0: 3 0x800042ec (0xb46bc403) x 8 0x000000d6 mem 0x8001023f
core   0: 0x800042f0 (0x00000245) c.addi  tp, 17
core   0: 3 0x800042f0 (0x0245) x 4 0xd4d02c24
core   0: 0x800042f2 (0x654bcb03) lbu     s6, 1620(s7)
core   0: 3 0x800042f2 (0x654bcb03) x22 0x00000074 mem 0x80010d4d
core   0: 0x800042f6 (0x0000717d) c.addi16sp sp, -16
core   0: 3 0x800042f6 (0x717d) x 2 0xffffff87
core   0: 0x800042f8 (0x1a7b8083) lb      ra, 423(s7)
core   0: 3 0x800042f8 (0x1a7b8083) x 1 0x00000049 mem 0x800108a0
core   0: 0x800042fc (0xcedb94a3) sh      a3, -791(s7)
core   0: 3 0x800042fc (0xcedb94a3) mem 0x800103e2 0x69fc
core   0: 0x80004300 (0x89557313) andi    t1, a0, -1899
core   0: 3 0x80004300 (0x89557313) x 6 0x00000014
core   0: 0x80004304 (0x67fbdb03) lhu     s6, 1663(s7)
core   0: 3 0x80004304 (0x67fbdb03) x22 0x0000535f mem 0x80010d78
core   0: 0x80004308 (0x0000c097) auipc   ra, 0xc
core   0: 3 0x80004308 (0x0000c097) x 1 0x80010308
core   0: 0x8000430c (0xd8e08093) addi    ra, ra, -626
core   0: 3 0x8000430c (0xd8e08093) x 1 0x80010096
core   0: 0x80004310 (0x00015397) auipc   t2, 0x15
core   0: 3 0x80004310 (0x00015397) x 7 0x80019310
core   0: 0x80004314 (0x21038393) addi    t2, t2, 528
core   0: 3 0x80004314 (0x21038393) x 7 0x80019520
core   0: 0x80004318 (0xfef08523) sb      a5, -22(ra)
core   0: 3 0x80004318 (0xfef08523) mem 0x80010080 0x64
core   0: 0x8000431c (0xfa339c23) sh      gp, -72(t2)
core   0: 3 0x8000431c (0xfa339c23) mem 0x800194d8 0x0854
core   0: 0x80004320 (0xfbe38a03) lb      s4, -66(t2)
core   0: 3 0x80004320 (0xfbe38a03) x20 0x00000043 mem 0x800194de
core   0: 0x80004324 (0x06908983) lb      s3, 105(ra)
core   0: 3 0x80004324 (0x06908983) x19 0x00000079 mem 0x800100ff
core   0: 0x80004328 (0x0220c003) lbu     zero, 34(ra)
core   0: 3 0x80004328 (0x0220c003) mem 0x800100b8
core   0: 0x8000432c (0xfcd08703) lb      a4, -51(ra)
core   0: 3 0x8000432c (0xfcd08703) x14 0xffffffd6 mem 0x80010063
core   0: 0x80004330 (0x0e4384a3) sb      tp, 233(t2)
core   0: 3 0x80004330 (0x0e4384a3) mem 0x80019609 0x24
core   0: 0x80004334 (0x0530ca83) lbu     s5, 83(ra)
core   0: 3 0x80004334 (0x0530ca83) x21 0x0000009c mem 0x800100e9
core   0: 0x80004338 (0x0bb39d23) sh      s11, 186(t2)
core   0: 3 0x80004338 (0x0bb39d23) mem 0x800195da 0x00f2
core   0: 0x8000433c (0x07a3c883) lbu     a7, 122(t2)
core   0: 3 0x8000433c (0x07a3c883) x17 0x00000013 mem 0x8001959a
core   0: 0x80004340 (0xfda0d203) lhu     tp, -38(ra)
core   0: 3 0x80004340 (0xfda0d203) x 4 0x0000a540 mem 0x80010070
core   0: 0x80004344 (0xfea08703) lb      a4, -22(ra)
core   0: 3 0x80004344 (0xfea08703) x14 0x00000064 mem 0x80010080
core   0: 0x80004348 (0xfce3cf03) lbu     t5, -50(t2)
core   0: 3 0x80004348 (0xfce3cf03) x30 0x000000d5 mem 0x800194ee
core   0: 0x8000434c (0x00c0036f) jal     t1, pc + 0xc
core   0: 3 0x8000434c (0x00c0036f) x 6 0x80004350
core   0: 0x80004358 (0x0000a021) c.j     pc + 8
core   0: 3 0x80004358 (0xa021)
core   0: 0x80004360 (0x012000ef) jal     pc + 0x12
core   0: 3 0x80004360 (0x012000ef) x 1 0x80004364
core   0: 0x80004372 (0x00003fcd) c.jal   pc - 14
core   0: 3 0x80004372 (0x3fcd) x 1 0x80004374
core   0: 0x80004364 (0x00c000ef) jal     pc + 0xc
core   0: 3 0x80004364 (0x00c000ef) x 1 0x80004368
core   0: 0x80004370 (0x0000bfe5) c.j     pc - 8
core   0: 3 0x80004370 (0xbfe5)
core   0: 0x80004368 (0x010000ef) jal     pc + 0x10
core   0: 3 0x80004368 (0x010000ef) x 1 0x8000436c
core   0: 0x80004378 (0xfd9ff56f) jal     a0, pc - 0x28
core   0: 3 0x80004378 (0xfd9ff56f) x10 0x8000437c
core   0: 0x80004350 (0x0000a831) c.j     pc + 28
core   0: 3 0x80004350 (0xa831)
core   0: 0x8000436c (0x000037dd) c.jal   pc - 26
core   0: 3 0x8000436c (0x37dd) x 1 0x8000436e
core   0: 0x80004352 (0x0040016f) jal     sp, pc + 0x4
core   0: 3 0x80004352 (0x0040016f) x 2 0x80004356
core   0: 0x80004356 (0x0000a839) c.j     pc + 30
core   0: 3 0x80004356 (0xa839)
core   0: 0x80004374 (0xfe9ff0ef) jal     pc - 0x18
core   0: 3 0x80004374 (0xfe9ff0ef) x 1 0x80004378
core   0: 0x8000435c (0xfffff36f) jal     t1, pc - 0x2
core   0: 3 0x8000435c (0xfffff36f) x 6 0x80004360
core   0: 0x8000435a (0x00002811) c.jal   pc + 20
core   0: 3 0x8000435a (0x2811) x 1 0x8000435c
core   0: 0x8000436e (0x00002039) c.jal   pc + 14
core   0: 3 0x8000436e (0x2039) x 1 0x80004370
core   0: 0x8000437c (0xc7e9c493) xori    s1, s3, -898
core   0: 3 0x8000437c (0xc7e9c493) x 9 0xfffffc07
core   0: 0x80004380 (0x00200413) li      s0, 2
core   0: 3 0x80004380 (0x00200413) x 8 0x00000002
core   0: 0x80004384 (0x00008ea9) c.xor   a3, a0
core   0: 3 0x80004384 (0x8ea9) x13 0xab722a80
core   0: 0x80004386 (0x00200593) li      a1, 2
core   0: 3 0x80004386 (0x00200593) x11 0x00000002
core   0: 0x8000438a (0x00006351) c.lui   t1, 0x14
core   0: 3 0x8000438a (0x6351) x 6 0x00014000
core   0: 0x8000438c (0x00009526) c.add   a0, s1
core   0: 3 0x8000438c (0x9526) x10 0x80003f83
core   0: 0x8000438e (0x0000147d) c.addi  s0, -1
core   0: 3 0x8000438e (0x147d) x 8 0x00000001
core   0: 0x80004390 (0xfeb47de3) bgeu    s0, a1, pc - 6
core   0: 3 0x80004390 (0xfeb47de3)
core   0: 0x80004394 (0x05358097) auipc   ra, 0x5358
core   0: 3 0x80004394 (0x05358097) x 1 0x8535c394
core   0: 0x80004398 (0xfff00b13) li      s6, -1
core   0: 3 0x80004398 (0xfff00b13) x22 0xffffffff
core   0: 0x8000439c (0x40485d93) srai    s11, a6, 4
core   0: 3 0x8000439c (0x40485d93) x27 0xffffffff
core   0: 0x800043a0 (0xff000213) li      tp, -16
core   0: 3 0x800043a0 (0xff000213) x 4 0xfffffff0
core   0: 0x800043a4 (0x00006e1d) c.lui   t3, 0x7
core   0: 3 0x800043a4 (0x6e1d) x28 0x00007000
core   0: 0x800043a6 (0x00008111) c.srli  a0, 4
core   0: 3 0x800043a6 (0x8111) x10 0x080003f8
core   0: 0x800043a8 (0x4198d313) srai    t1, a7, 25
core   0: 3 0x800043a8 (0x4198d313) x 6 0x00000000
core   0: 0x800043ac (0x8999aa13) slti    s4, s3, -1895
core   0: 3 0x800043ac (0x8999aa13) x20 0x00000000
core   0: 0x800043b0 (0x0000081a) c.slli  a6, 6
core   0: 3 0x800043b0 (0x081a) x16 0xffffff00
core   0: 0x800043b2 (0x00004565) c.li    a0, 25
core   0: 3 0x800043b2 (0x4565) x10 0x00000019
core   0: 0x800043b4 (0x00008f09) c.sub   a4, a0
core   0: 3 0x800043b4 (0x8f09) x14 0x0000004b
core   0: 0x800043b6 (0x032b9133) mulh    sp, s7, s2
core   0: 3 0x800043b6 (0x032b9133) x 2 0xffffffad
core   0: 0x800043ba (0x00001393) slli    t2, zero, 0
core   0: 3 0x800043ba (0x00001393) x 7 0x00000000
core   0: 0x800043be (0x03fcdbb3) divu    s7, s9, t6
core   0: 3 0x800043be (0x03fcdbb3) x23 0x00000000
core   0: 0x800043c2 (0x0000637d) c.lui   t1, 0x1f
core   0: 3 0x800043c2 (0x637d) x 6 0x0001f000
core   0: 0x800043c4 (0x00000d29) c.addi  s10, 10
core   0: 3 0x800043c4 (0x0d29) x26 0x0000000a
core   0: 0x800043c6 (0x00001b75) c.addi  s6, -3
core   0: 3 0x800043c6 (0x1b75) x22 0xfffffffc
core   0: 0x800043c8 (0x010ef033) and     zero, t4, a6
core   0: 3 0x800043c8 (0x010ef033)
core   0: 0x800043cc (0x00008c19) c.sub   s0, a4
core   0: 3 0x800043cc (0x8c19) x 8 0xffffffb6
core   0: 0x800043ce (0x0000837d) c.srli  a4, 31
core   0: 3 0x800043ce (0x837d) x14 0x00000000
core   0: 0x800043d0 (0x41838cb3) sub     s9, t2, s8
core   0: 3 0x800043d0 (0x41838cb3) x25 0xffffbc69
core   0: 0x800043d4 (0x413bda93) srai    s5, s7, 19
core   0: 3 0x800043d4 (0x413bda93) x21 0x00000000
core   0: 0x800043d8 (0xfc4b16e3) bne     s6, tp, pc - 52
core   0: 3 0x800043d8 (0xfc4b16e3)
core   0: 0x800043a4 (0x00006e1d) c.lui   t3, 0x7
core   0: 3 0x800043a4 (0x6e1d) x28 0x00007000
core   0: 0x800043a6 (0x00008111) c.srli  a0, 4
core   0: 3 0x800043a6 (0x8111) x10 0x00000001
core   0: 0x800043a8 (0x4198d313) srai    t1, a7, 25
core   0: 3 0x800043a8 (0x4198d313) x 6 0x00000000
core   0: 0x800043ac (0x8999aa13) slti    s4, s3, -1895
core   0: 3 0x800043ac (0x8999aa13) x20 0x00000000
core   0: 0x800043b0 (0x0000081a) c.slli  a6, 6
core   0: 3 0x800043b0 (0x081a) x16 0xffffc000
core   0: 0x800043b2 (0x00004565) c.li    a0, 25
core   0: 3 0x800043b2 (0x4565) x10 0x00000019
core   0: 0x800043b4 (0x00008f09) c.sub   a4, a0
core   0: 3 0x800043b4 (0x8f09) x14 0xffffffe7
core   0: 0x800043b6 (0x032b9133) mulh    sp, s7, s2
core   0: 3 0x800043b6 (0x032b9133) x 2 0x00000000
core   0: 0x800043ba (0x00001393) slli    t2, zero, 0
core   0: 3 0x800043ba (0x00001393) x 7 0x00000000
core   0: 0x800043be (0x03fcdbb3) divu    s7, s9, t6
core   0: 3 0x800043be (0x03fcdbb3) x23 0x00000002
core   0: 0x800043c2 (0x0000637d) c.lui   t1, 0x1f
core   0: 3 0x800043c2 (0x637d) x 6 0x0001f000
core   0: 0x800043c4 (0x00000d29) c.addi  s10, 10
core   0: 3 0x800043c4 (0x0d29) x26 0x00000014
core   0: 0x800043c6 (0x00001b75) c.addi  s6, -3
core   0: 3 0x800043c6 (0x1b75) x22 0xfffffff9
core   0: 0x800043c8 (0x010ef033) and     zero, t4, a6
core   0: 3 0x800043c8 (0x010ef033)
core   0: 0x800043cc (0x00008c19) c.sub   s0, a4
core   0: 3 0x800043cc (0x8c19) x 8 0xffffffcf
core   0: 0x800043ce (0x0000837d) c.srli  a4, 31
core   0: 3 0x800043ce (0x837d) x14 0x00000001
core   0: 0x800043d0 (0x41838cb3) sub     s9, t2, s8
core   0: 3 0x800043d0 (0x41838cb3) x25 0xffffbc69
core   0: 0x800043d4 (0x413bda93) srai    s5, s7, 19
core   0: 3 0x800043d4 (0x413bda93) x21 0x00000000
core   0: 0x800043d8 (0xfc4b16e3) bne     s6, tp, pc - 52
core   0: 3 0x800043d8 (0xfc4b16e3)
core   0: 0x800043a4 (0x00006e1d) c.lui   t3, 0x7
core   0: 3 0x800043a4 (0x6e1d) x28 0x00007000
core   0: 0x800043a6 (0x00008111) c.srli  a0, 4
core   0: 3 0x800043a6 (0x8111) x10 0x00000001
core   0: 0x800043a8 (0x4198d313) srai    t1, a7, 25
core   0: 3 0x800043a8 (0x4198d313) x 6 0x00000000
core   0: 0x800043ac (0x8999aa13) slti    s4, s3, -1895
core   0: 3 0x800043ac (0x8999aa13) x20 0x00000000
core   0: 0x800043b0 (0x0000081a) c.slli  a6, 6
core   0: 3 0x800043b0 (0x081a) x16 0xfff00000
core   0: 0x800043b2 (0x00004565) c.li    a0, 25
core   0: 3 0x800043b2 (0x4565) x10 0x00000019
core   0: 0x800043b4 (0x00008f09) c.sub   a4, a0
core   0: 3 0x800043b4 (0x8f09) x14 0xffffffe8
core   0: 0x800043b6 (0x032b9133) mulh    sp, s7, s2
core   0: 3 0x800043b6 (0x032b9133) x 2 0x00000000
core   0: 0x800043ba (0x00001393) slli    t2, zero, 0
core   0: 3 0x800043ba (0x00001393) x 7 0x00000000
core   0: 0x800043be (0x03fcdbb3) divu    s7, s9, t6
core   0: 3 0x800043be (0x03fcdbb3) x23 0x00000002
core   0: 0x800043c2 (0x0000637d) c.lui   t1, 0x1f
core   0: 3 0x800043c2 (0x637d) x 6 0x0001f000
core   0: 0x800043c4 (0x00000d29) c.addi  s10, 10
core   0: 3 0x800043c4 (0x0d29) x26 0x0000001e
core   0: 0x800043c6 (0x00001b75) c.addi  s6, -3
core   0: 3 0x800043c6 (0x1b75) x22 0xfffffff6
core   0: 0x800043c8 (0x010ef033) and     zero, t4, a6
core   0: 3 0x800043c8 (0x010ef033)
core   0: 0x800043cc (0x00008c19) c.sub   s0, a4
core   0: 3 0x800043cc (0x8c19) x 8 0xffffffe7
core   0: 0x800043ce (0x0000837d) c.srli  a4, 31
core   0: 3 0x800043ce (0x837d) x14 0x00000001
core   0: 0x800043d0 (0x41838cb3) sub     s9, t2, s8
core   0: 3 0x800043d0 (0x41838cb3) x25 0xffffbc69
core   0: 0x800043d4 (0x413bda93) srai    s5, s7, 19
core   0: 3 0x800043d4 (0x413bda93) x21 0x00000000
core   0: 0x800043d8 (0xfc4b16e3) bne     s6, tp, pc - 52
core   0: 3 0x800043d8 (0xfc4b16e3)
core   0: 0x800043a4 (0x00006e1d) c.lui   t3, 0x7
core   0: 3 0x800043a4 (0x6e1d) x28 0x00007000
core   0: 0x800043a6 (0x00008111) c.srli  a0, 4
core   0: 3 0x800043a6 (0x8111) x10 0x00000001
core   0: 0x800043a8 (0x4198d313) srai    t1, a7, 25
core   0: 3 0x800043a8 (0x4198d313) x 6 0x00000000
core   0: 0x800043ac (0x8999aa13) slti    s4, s3, -1895
core   0: 3 0x800043ac (0x8999aa13) x20 0x00000000
core   0: 0x800043b0 (0x0000081a) c.slli  a6, 6
core   0: 3 0x800043b0 (0x081a) x16 0xfc000000
core   0: 0x800043b2 (0x00004565) c.li    a0, 25
core   0: 3 0x800043b2 (0x4565) x10 0x00000019
core   0: 0x800043b4 (0x00008f09) c.sub   a4, a0
core   0: 3 0x800043b4 (0x8f09) x14 0xffffffe8
core   0: 0x800043b6 (0x032b9133) mulh    sp, s7, s2
core   0: 3 0x800043b6 (0x032b9133) x 2 0x00000000
core   0: 0x800043ba (0x00001393) slli    t2, zero, 0
core   0: 3 0x800043ba (0x00001393) x 7 0x00000000
core   0: 0x800043be (0x03fcdbb3) divu    s7, s9, t6
core   0: 3 0x800043be (0x03fcdbb3) x23 0x00000002
core   0: 0x800043c2 (0x0000637d) c.lui   t1, 0x1f
core   0: 3 0x800043c2 (0x637d) x 6 0x0001f000
core   0: 0x800043c4 (0x00000d29) c.addi  s10, 10
core   0: 3 0x800043c4 (0x0d29) x26 0x00000028
core   0: 0x800043c6 (0x00001b75) c.addi  s6, -3
core   0: 3 0x800043c6 (0x1b75) x22 0xfffffff3
core   0: 0x800043c8 (0x010ef033) and     zero, t4, a6
core   0: 3 0x800043c8 (0x010ef033)
core   0: 0x800043cc (0x00008c19) c.sub   s0, a4
core   0: 3 0x800043cc (0x8c19) x 8 0xffffffff
core   0: 0x800043ce (0x0000837d) c.srli  a4, 31
core   0: 3 0x800043ce (0x837d) x14 0x00000001
core   0: 0x800043d0 (0x41838cb3) sub     s9, t2, s8
core   0: 3 0x800043d0 (0x41838cb3) x25 0xffffbc69
core   0: 0x800043d4 (0x413bda93) srai    s5, s7, 19
core   0: 3 0x800043d4 (0x413bda93) x21 0x00000000
core   0: 0x800043d8 (0xfc4b16e3) bne     s6, tp, pc - 52
core   0: 3 0x800043d8 (0xfc4b16e3)
core   0: 0x800043a4 (0x00006e1d) c.lui   t3, 0x7
core   0: 3 0x800043a4 (0x6e1d) x28 0x00007000
core   0: 0x800043a6 (0x00008111) c.srli  a0, 4
core   0: 3 0x800043a6 (0x8111) x10 0x00000001
core   0: 0x800043a8 (0x4198d313) srai    t1, a7, 25
core   0: 3 0x800043a8 (0x4198d313) x 6 0x00000000
core   0: 0x800043ac (0x8999aa13) slti    s4, s3, -1895
core   0: 3 0x800043ac (0x8999aa13) x20 0x00000000
core   0: 0x800043b0 (0x0000081a) c.slli  a6, 6
core   0: 3 0x800043b0 (0x081a) x16 0x00000000
core   0: 0x800043b2 (0x00004565) c.li    a0, 25
core   0: 3 0x800043b2 (0x4565) x10 0x00000019
core   0: 0x800043b4 (0x00008f09) c.sub   a4, a0
core   0: 3 0x800043b4 (0x8f09) x14 0xffffffe8
core   0: 0x800043b6 (0x032b9133) mulh    sp, s7, s2
core   0: 3 0x800043b6 (0x032b9133) x 2 0x00000000
core   0: 0x800043ba (0x00001393) slli    t2, zero, 0
core   0: 3 0x800043ba (0x00001393) x 7 0x00000000
core   0: 0x800043be (0x03fcdbb3) divu    s7, s9, t6
core   0: 3 0x800043be (0x03fcdbb3) x23 0x00000002
core   0: 0x800043c2 (0x0000637d) c.lui   t1, 0x1f
core   0: 3 0x800043c2 (0x637d) x 6 0x0001f000
core   0: 0x800043c4 (0x00000d29) c.addi  s10, 10
core   0: 3 0x800043c4 (0x0d29) x26 0x00000032
core   0: 0x800043c6 (0x00001b75) c.addi  s6, -3
core   0: 3 0x800043c6 (0x1b75) x22 0xfffffff0
core   0: 0x800043c8 (0x010ef033) and     zero, t4, a6
core   0: 3 0x800043c8 (0x010ef033)
core   0: 0x800043cc (0x00008c19) c.sub   s0, a4
core   0: 3 0x800043cc (0x8c19) x 8 0x00000017
core   0: 0x800043ce (0x0000837d) c.srli  a4, 31
core   0: 3 0x800043ce (0x837d) x14 0x00000001
core   0: 0x800043d0 (0x41838cb3) sub     s9, t2, s8
core   0: 3 0x800043d0 (0x41838cb3) x25 0xffffbc69
core   0: 0x800043d4 (0x413bda93) srai    s5, s7, 19
core   0: 3 0x800043d4 (0x413bda93) x21 0x00000000
core   0: 0x800043d8 (0xfc4b16e3) bne     s6, tp, pc - 52
core   0: 3 0x800043d8 (0xfc4b16e3)
core   0: 0x800043dc (0x00b64a33) xor     s4, a2, a1
core   0: 3 0x800043dc (0x00b64a33) x20 0x80029ce6
core   0: 0x800043e0 (0x0000c597) auipc   a1, 0xc
core   0: 3 0x800043e0 (0x0000c597) x11 0x800103e0
core   0: 0x800043e4 (0x63058593) addi    a1, a1, 1584
core   0: 3 0x800043e4 (0x63058593) x11 0x80010a10
core   0: 0x800043e8 (0xfc558a03) lb      s4, -59(a1)
core   0: 3 0x800043e8 (0xfc558a03) x20 0x00000051 mem 0x800109d5
core   0: 0x800043ec (0x0348bfb3) mulhu   t6, a7, s4
core   0: 3 0x800043ec (0x0348bfb3) x31 0x00000000
core   0: 0x800043f0 (0xfc158fa3) sb      ra, -33(a1)
core   0: 3 0x800043f0 (0xfc158fa3) mem 0x800109ef 0x94
core   0: 0x800043f4 (0xfdf5c103) lbu     sp, -33(a1)
core   0: 3 0x800043f4 (0xfdf5c103) x 2 0x00000094 mem 0x800109ef
core   0: 0x800043f8 (0x0a4589a3) sb      tp, 179(a1)
core   0: 3 0x800043f8 (0x0a4589a3) mem 0x80010ac3 0xf0
core   0: 0x800043fc (0x0ad589a3) sb      a3, 179(a1)
core   0: 3 0x800043fc (0x0ad589a3) mem 0x80010ac3 0x80
core   0: 0x80004400 (0x0a5589a3) sb      t0, 179(a1)
core   0: 3 0x80004400 (0x0a5589a3) mem 0x80010ac3 0x0
core   0: 0x80004404 (0x0b35cf83) lbu     t6, 179(a1)
core   0: 3 0x80004404 (0x0b35cf83) x31 0x00000000 mem 0x80010ac3
core   0: 0x80004408 (0x0b25a823) sw      s2, 176(a1)
core   0: 3 0x80004408 (0x0b25a823) mem 0x80010ac0 0x000000a5
core   0: 0x8000440c (0x07e5c803) lbu     a6, 126(a1)
core   0: 3 0x8000440c (0x07e5c803) x16 0x0000005c mem 0x80010a8e
core   0: 0x80004410 (0x06858f23) sb      s0, 126(a1)
core   0: 3 0x80004410 (0x06858f23) mem 0x80010a8e 0x17
core   0: 0x80004414 (0x07e59403) lh      s0, 126(a1)
core   0: 3 0x80004414 (0x07e59403) x 8 0xffff9917 mem 0x80010a8e
core   0: 0x80004418 (0x07e5d883) lhu     a7, 126(a1)
core   0: 3 0x80004418 (0x07e5d883) x17 0x00009917 mem 0x80010a8e
core   0: 0x8000441c (0x07e5c183) lbu     gp, 126(a1)
core   0: 3 0x8000441c (0x07e5c183) x 3 0x00000017 mem 0x80010a8e
core   0: 0x80004420 (0xf225d983) lhu     s3, -222(a1)
core   0: 3 0x80004420 (0xf225d983) x19 0x00009c6a mem 0x80010932
core   0: 0x80004424 (0xf5e59703) lh      a4, -162(a1)
core   0: 3 0x80004424 (0xf5e59703) x14 0x000077d5 mem 0x8001096e
core   0: 0x80004428 (0xf9d58f83) lb      t6, -99(a1)
core   0: 3 0x80004428 (0xf9d58f83) x31 0x00000000 mem 0x800109ad
core   0: 0x8000442c (0xf9e59683) lh      a3, -98(a1)
core   0: 3 0x8000442c (0xf9e59683) x13 0x00007f5f mem 0x800109ae
core   0: 0x80004430 (0xff758183) lb      gp, -9(a1)
core   0: 3 0x80004430 (0xff758183) x 3 0x00000044 mem 0x80010a07
core   0: 0x80004434 (0xf385c983) lbu     s3, -200(a1)
core   0: 3 0x80004434 (0xf385c983) x19 0x00000008 mem 0x80010948
core   0: 0x80004438 (0x0000c117) auipc   sp, 0xc
core   0: 3 0x80004438 (0x0000c117) x 2 0x80010438
core   0: 0x8000443c (0x57a10113) addi    sp, sp, 1402
core   0: 3 0x8000443c (0x57a10113) x 2 0x800109b2
core   0: 0x80004440 (0xff710483) lb      s1, -9(sp)
core   0: 3 0x80004440 (0xff710483) x 9 0xffffffe6 mem 0x800109a9
core   0: 0x80004444 (0x00110003) lb      zero, 1(sp)
core   0: 3 0x80004444 (0x00110003) mem 0x800109b3
core   0: 0x80004448 (0xff714883) lbu     a7, -9(sp)
core   0: 3 0x80004448 (0xff714883) x17 0x000000e6 mem 0x800109a9
core   0: 0x8000444c (0x00b14503) lbu     a0, 11(sp)
core   0: 3 0x8000444c (0x00b14503) x10 0x00000025 mem 0x800109bd
core   0: 0x80004450 (0x023504b3) mul     s1, a0, gp
core   0: 3 0x80004450 (0x023504b3) x 9 0x000009d4
core   0: 0x80004454 (0xfec10da3) sb      a2, -5(sp)
core   0: 3 0x80004454 (0xfec10da3) mem 0x800109ad 0xe4
core   0: 0x80004458 (0xffb10703) lb      a4, -5(sp)
core   0: 3 0x80004458 (0xffb10703) x14 0xffffffe4 mem 0x800109ad
core   0: 0x8000445c (0xff815483) lhu     s1, -8(sp)
core   0: 3 0x8000445c (0xff815483) x 9 0x00008ed0 mem 0x800109aa
core   0: 0x80004460 (0x00610f03) lb      t5, 6(sp)
core   0: 3 0x80004460 (0x00610f03) x30 0x0000006b mem 0x800109b8
core   0: 0x80004464 (0x40d9db33) sra     s6, s3, a3
core   0: 3 0x80004464 (0x40d9db33) x22 0x00000000
core   0: 0x80004468 (0x000011fd) c.addi  gp, -1
core   0: 3 0x80004468 (0x11fd) x 3 0x00000043
core   0: 0x8000446a (0x00411823) sh      tp, 16(sp)
core   0: 3 0x8000446a (0x00411823) mem 0x800109c2 0xfff0
core   0: 0x8000446e (0xfe111d23) sh      ra, -6(sp)
core   0: 3 0x8000446e (0xfe111d23) mem 0x800109ac 0xc394
core   0: 0x80004472 (0x0ff0000f) fence   iorw,iorw
core   0: 3 0x80004472 (0x0ff0000f)
core   0: 0x80004476 (0x00d10303) lb      t1, 13(sp)
core   0: 3 0x80004476 (0x00d10303) x 6 0x00000050 mem 0x800109bf
core   0: 0x8000447a (0xffa10a03) lb      s4, -6(sp)
core   0: 3 0x8000447a (0xffa10a03) x20 0xffffff94 mem 0x800109ac
core   0: 0x8000447e (0xfff10ba3) sb      t6, -9(sp)
core   0: 3 0x8000447e (0xfff10ba3) mem 0x800109a9 0x0
core   0: 0x80004482 (0x01310423) sb      s3, 8(sp)
core   0: 3 0x80004482 (0x01310423) mem 0x800109ba 0x8
core   0: 0x80004486 (0x03374933) div     s2, a4, s3
core   0: 3 0x80004486 (0x03374933) x18 0xfffffffd
core   0: 0x8000448a (0xff914b03) lbu     s6, -7(sp)
core   0: 3 0x8000448a (0xff914b03) x22 0x0000008e mem 0x800109ab
core   0: 0x8000448e (0x00e10683) lb      a3, 14(sp)
core   0: 3 0x8000448e (0x00e10683) x13 0x0000004c mem 0x800109c0
core   0: 0x80004492 (0x00e10e03) lb      t3, 14(sp)
core   0: 3 0x80004492 (0x00e10e03) x28 0x0000004c mem 0x800109c0
core   0: 0x80004496 (0x405d51b3) sra     gp, s10, t0
core   0: 3 0x80004496 (0x405d51b3) x 3 0x00000032
core   0: 0x8000449a (0x00a12003) lw      zero, 10(sp)
core   0: 3 0x8000449a (0x00a12003) mem 0x800109bc
core   0: 0x8000449e (0x01014e03) lbu     t3, 16(sp)
core   0: 3 0x8000449e (0x01014e03) x28 0x000000f0 mem 0x800109c2
core   0: 0x800044a2 (0x00a11a83) lh      s5, 10(sp)
core   0: 3 0x800044a2 (0x00a11a83) x21 0x0000254f mem 0x800109bc
core   0: 0x800044a6 (0x00615983) lhu     s3, 6(sp)
core   0: 3 0x800044a6 (0x00615983) x19 0x0000fb6b mem 0x800109b8
core   0: 0x800044aa (0x027be1b3) rem     gp, s7, t2
core   0: 3 0x800044aa (0x027be1b3) x 3 0x00000002
core   0: 0x800044ae (0x00c3c8b3) xor     a7, t2, a2
core   0: 3 0x800044ae (0x00c3c8b3) x17 0x80029ce4
core   0: 0x800044b2 (0x00714883) lbu     a7, 7(sp)
core   0: 3 0x800044b2 (0x00714883) x17 0x000000fb mem 0x800109b9
core   0: 0x800044b6 (0x0000836d) c.srli  a4, 27
core   0: 3 0x800044b6 (0x836d) x14 0x0000001f
core   0: 0x800044b8 (0x02734933) div     s2, t1, t2
core   0: 3 0x800044b8 (0x02734933) x18 0xffffffff
core   0: 0x800044bc (0xff014483) lbu     s1, -16(sp)
core   0: 3 0x800044bc (0xff014483) x 9 0x000000e3 mem 0x800109a2
core   0: 0x800044c0 (0xffe12903) lw      s2, -2(sp)
core   0: 3 0x800044c0 (0xffe12903) x18 0x789ae222 mem 0x800109b0
core   0: 0x800044c4 (0x41b70433) sub     s0, a4, s11
core   0: 3 0x800044c4 (0x41b70433) x 8 0x00000020
core   0: 0x800044c8 (0x00510803) lb      a6, 5(sp)
core   0: 3 0x800044c8 (0x00510803) x16 0x0000001c mem 0x800109b7
core   0: 0x800044cc (0x31082013) slti    zero, a6, 784
core   0: 3 0x800044cc (0x31082013)
core   0: 0x800044d0 (0xff811703) lh      a4, -8(sp)
core   0: 3 0x800044d0 (0xff811703) x14 0xffff8ed0 mem 0x800109aa
core   0: 0x800044d4 (0x00015903) lhu     s2, 0(sp)
core   0: 3 0x800044d4 (0x00015903) x18 0x0000789a mem 0x800109b2
core   0: 0x800044d8 (0xffc15b83) lhu     s7, -4(sp)
core   0: 3 0x800044d8 (0xffc15b83) x23 0x00007f5f mem 0x800109ae
core   0: 0x800044dc (0xfe410da3) sb      tp, -5(sp)
core   0: 3 0x800044dc (0xfe410da3) mem 0x800109ad 0xf0
core   0: 0x800044e0 (0x017101a3) sb      s7, 3(sp)
core   0: 3 0x800044e0 (0x017101a3) mem 0x800109b5 0x5f
core   0: 0x800044e4 (0x0000c117) auipc   sp, 0xc
core   0: 3 0x800044e4 (0x0000c117) x 2 0x800104e4
core   0: 0x800044e8 (0xdf210113) addi    sp, sp, -526
core   0: 3 0x800044e8 (0xdf210113) x 2 0x800102d6
core   0: 0x800044ec (0x036f56b3) divu    a3, t5, s6
core   0: 3 0x800044ec (0x036f56b3) x13 0x00000000
core   0: 0x800044f0 (0x03b6e933) rem     s2, a3, s11
core   0: 3 0x800044f0 (0x03b6e933) x18 0x00000000
core   0: 0x800044f4 (0x50610403) lb      s0, 1286(sp)
core   0: 3 0x800044f4 (0x50610403) x 8 0x00000001 mem 0x800107dc
core   0: 0x800044f8 (0x31a10723) sb      s10, 782(sp)
core   0: 3 0x800044f8 (0x31a10723) mem 0x800105e4 0x32
core   0: 0x800044fc (0x0ff0000f) fence   iorw,iorw
core   0: 3 0x800044fc (0x0ff0000f)
core   0: 0x80004500 (0x0ae14f03) lbu     t5, 174(sp)
core   0: 3 0x80004500 (0x0ae14f03) x30 0x000000e5 mem 0x80010384
core   0: 0x80004504 (0x000060b9) c.lui   ra, 0xe
core   0: 3 0x80004504 (0x60b9) x 1 0x0000e000
core   0: 0x80004506 (0x419c52b3) sra     t0, s8, s9
core   0: 3 0x80004506 (0x419c52b3) x 5 0x00000021
core   0: 0x8000450a (0x00000ded) c.addi  s11, 27
core   0: 3 0x8000450a (0x0ded) x27 0x0000001a
core   0: 0x8000450c (0x00008dd5) c.or    a1, a3
core   0: 3 0x8000450c (0x8dd5) x11 0x80010a10
core   0: 0x8000450e (0x48110b83) lb      s7, 1153(sp)
core   0: 3 0x8000450e (0x48110b83) x23 0xffffffad mem 0x80010757
core   0: 0x80004512 (0x2eb10223) sb      a1, 740(sp)
core   0: 3 0x80004512 (0x2eb10223) mem 0x800105ba 0x10
core   0: 0x80004516 (0x7b714983) lbu     s3, 1975(sp)
core   0: 3 0x80004516 (0x7b714983) x19 0x00000032 mem 0x80010a8d
core   0: 0x8000451a (0x00be68b3) or      a7, t3, a1
core   0: 3 0x8000451a (0x00be68b3) x17 0x80010af0
core   0: 0x8000451e (0x4a114083) lbu     ra, 1185(sp)
core   0: 3 0x8000451e (0x4a114083) x 1 0x00000067 mem 0x80010777
core   0: 0x80004522 (0xf1b11e23) sh      s11, -228(sp)
core   0: 3 0x80004522 (0xf1b11e23) mem 0x800101f2 0x001a
core   0: 0x80004526 (0x00008901) c.andi  a0, 0
core   0: 3 0x80004526 (0x8901) x10 0x00000000
core   0: 0x80004528 (0x06114703) lbu     a4, 97(sp)
core   0: 3 0x80004528 (0x06114703) x14 0x000000d9 mem 0x80010337
core   0: 0x8000452c (0xc0b4be13) sltiu   t3, s1, -1013
core   0: 3 0x8000452c (0xc0b4be13) x28 0x00000001
core   0: 0x80004530 (0x0166bdb3) sltu    s11, a3, s6
core   0: 3 0x80004530 (0x0166bdb3) x27 0x00000001
core   0: 0x80004534 (0x3d110d83) lb      s11, 977(sp)
core   0: 3 0x80004534 (0x3d110d83) x27 0xffffff8a mem 0x800106a7
core   0: 0x80004538 (0x62714683) lbu     a3, 1575(sp)
core   0: 3 0x80004538 (0x62714683) x13 0x0000009d mem 0x800108fd
core   0: 0x8000453c (0x00008ca1) c.xor   s1, s0
core   0: 3 0x8000453c (0x8ca1) x 9 0x000000e2
core   0: 0x8000453e (0x015ed233) srl     tp, t4, s5
core   0: 3 0x8000453e (0x015ed233) x 4 0x00000000
core   0: 0x80004542 (0x866b6e13) ori     t3, s6, -1946
core   0: 3 0x80004542 (0x866b6e13) x28 0xfffff8ee
core   0: 0x80004546 (0x40314183) lbu     gp, 1027(sp)
core   0: 3 0x80004546 (0x40314183) x 3 0x000000b2 mem 0x800106d9
core   0: 0x8000454a (0x72f10623) sb      a5, 1836(sp)
core   0: 3 0x8000454a (0x72f10623) mem 0x80010a02 0x64
core   0: 0x8000454e (0x00008f6e) c.mv    t5, s11
core   0: 3 0x8000454e (0x8f6e) x30 0xffffff8a
core   0: 0x80004550 (0x0ff0000f) fence   iorw,iorw
core   0: 3 0x80004550 (0x0ff0000f)
core   0: 0x80004554 (0xeaf14b83) lbu     s7, -337(sp)
core   0: 3 0x80004554 (0xeaf14b83) x23 0x00000048 mem 0x80010185
core   0: 0x80004558 (0xf7e12203) lw      tp, -130(sp)
core   0: 3 0x80004558 (0xf7e12203) x 4 0xdd01c4e4 mem 0x80010254
core   0: 0x8000455c (0x74714a83) lbu     s5, 1863(sp)
core   0: 3 0x8000455c (0x74714a83) x21 0x00000007 mem 0x80010a1d
core   0: 0x80004560 (0xe8d11023) sh      a3, -384(sp)
core   0: 3 0x80004560 (0xe8d11023) mem 0x80010156 0x009d
core   0: 0x80004564 (0x00000001) c.nop
core   0: 3 0x80004564 (0x0001)
core   0: 0x80004566 (0x03ef7ab3) remu    s5, t5, t5
core   0: 3 0x80004566 (0x03ef7ab3) x21 0x00000000
core   0: 0x8000456a (0x34a14003) lbu     zero, 842(sp)
core   0: 3 0x8000456a (0x34a14003) mem 0x80010620
core   0: 0x8000456e (0xffb14183) lbu     gp, -5(sp)
core   0: 3 0x8000456e (0xffb14183) x 3 0x00000007 mem 0x800102d1
core   0: 0x80004572 (0x000086b1) c.srai  a3, 12
core   0: 3 0x80004572 (0x86b1) x13 0x00000000
core   0: 0x80004574 (0x4f1101a3) sb      a7, 1251(sp)
core   0: 3 0x80004574 (0x4f1101a3) mem 0x800107b9 0xf0
core   0: 0x80004578 (0x3f610ca3) sb      s6, 1017(sp)
core   0: 3 0x80004578 (0x3f610ca3) mem 0x800106cf 0x8e
core   0: 0x8000457c (0x69a10803) lb      a6, 1690(sp)
core   0: 3 0x8000457c (0x69a10803) x16 0x00000025 mem 0x80010970
core   0: 0x80004580 (0x4ac109a3) sb      a2, 1203(sp)
core   0: 3 0x80004580 (0x4ac109a3) mem 0x80010789 0xe4
core   0: 0x80004584 (0x29211e23) sh      s2, 668(sp)
core   0: 3 0x80004584 (0x29211e23) mem 0x80010572 0x0000
core   0: 0x80004588 (0x53b12523) sw      s11, 1322(sp)
core   0: 3 0x80004588 (0x53b12523) mem 0x80010800 0xffffff8a
core   0: 0x8000458c (0x05815283) lhu     t0, 88(sp)
core   0: 3 0x8000458c (0x05815283) x 5 0x0000642f mem 0x8001032e
core   0: 0x80004590 (0xe5e10703) lb      a4, -418(sp)
core   0: 3 0x80004590 (0xe5e10703) x14 0xffffff91 mem 0x80010134
core   0: 0x80004594 (0x00690ab3) add     s5, s2, t1
core   0: 3 0x80004594 (0x00690ab3) x21 0x00000050
core   0: 0x80004598 (0x0ff0000f) fence   iorw,iorw
core   0: 3 0x80004598 (0x0ff0000f)
core   0: 0x8000459c (0x012bac93) slti    s9, s7, 18
core   0: 3 0x8000459c (0x012bac93) x25 0x00000000
core   0: 0x800045a0 (0xe8510323) sb      t0, -378(sp)
core   0: 3 0x800045a0 (0xe8510323) mem 0x8001015c 0x2f
core   0: 0x800045a4 (0x8699c413) xori    s0, s3, -1943
core   0: 3 0x800045a4 (0x8699c413) x 8 0xfffff85b
core   0: 0x800045a8 (0x00000001) c.nop
core   0: 3 0x800045a8 (0x0001)
core   0: 0x800045aa (0x44012523) sw      zero, 1098(sp)
core   0: 3 0x800045aa (0x44012523) mem 0x80010720 0x00000000
core   0: 0x800045ae (0x34114303) lbu     t1, 833(sp)
core   0: 3 0x800045ae (0x34114303) x 6 0x000000aa mem 0x80010617
core   0: 0x800045b2 (0x0000ea97) auipc   s5, 0xe
core   0: 3 0x800045b2 (0x0000ea97) x21 0x800125b2
core   0: 0x800045b6 (0x0bca8a93) addi    s5, s5, 188
core   0: 3 0x800045b6 (0x0bca8a93) x21 0x8001266e
core   0: 0x800045ba (0x0000cc97) auipc   s9, 0xc
core   0: 3 0x800045ba (0x0000cc97) x25 0x800105ba
core   0: 0x800045be (0x69bc8c93) addi    s9, s9, 1691
core   0: 3 0x800045be (0x69bc8c93) x25 0x80010c55
core   0: 0x800045c2 (0xfe6c8b23) sb      t1, -10(s9)
core   0: 3 0x800045c2 (0xfe6c8b23) mem 0x80010c4b 0xaa
core   0: 0x800045c6 (0xfffa8903) lb      s2, -1(s5)
core   0: 3 0x800045c6 (0xfffa8903) x18 0x0000006b mem 0x8001266d
core   0: 0x800045ca (0xff2c8a23) sb      s2, -12(s9)
core   0: 3 0x800045ca (0xff2c8a23) mem 0x80010c49 0x6b
core   0: 0x800045ce (0x00ec8803) lb      a6, 14(s9)
core   0: 3 0x800045ce (0x00ec8803) x16 0xffffffe7 mem 0x80010c63
core   0: 0x800045d2 (0x00ba8523) sb      a1, 10(s5)
core   0: 3 0x800045d2 (0x00ba8523) mem 0x80012678 0x10
core   0: 0x800045d6 (0x007c8223) sb      t2, 4(s9)
core   0: 3 0x800045d6 (0x007c8223) mem 0x80010c59 0x0
core   0: 0x800045da (0x00dac683) lbu     a3, 13(s5)
core   0: 3 0x800045da (0x00dac683) x13 0x00000038 mem 0x8001267b
core   0: 0x800045de (0x00aa82a3) sb      a0, 5(s5)
core   0: 3 0x800045de (0x00aa82a3) mem 0x80012673 0x0
core   0: 0x800045e2 (0xff7c8683) lb      a3, -9(s9)
core   0: 3 0x800045e2 (0xff7c8683) x13 0xfffffffd mem 0x80010c4c
core   0: 0x800045e6 (0xfe0c8e23) sb      zero, -4(s9)
core   0: 3 0x800045e6 (0xfe0c8e23) mem 0x80010c51 0x0
core   0: 0x800045ea (0x001cc103) lbu     sp, 1(s9)
core   0: 3 0x800045ea (0x001cc103) x 2 0x00000034 mem 0x80010c56
core   0: 0x800045ee (0x006c8e03) lb      t3, 6(s9)
core   0: 3 0x800045ee (0x006c8e03) x28 0xffffffdd mem 0x80010c5b
core   0: 0x800045f2 (0xff7a8483) lb      s1, -9(s5)
core   0: 3 0x800045f2 (0xff7a8483) x 9 0xffffffbf mem 0x80012665
core   0: 0x800045f6 (0x008ca1a3) sw      s0, 3(s9)
core   0: 3 0x800045f6 (0x008ca1a3) mem 0x80010c58 0xfffff85b
core   0: 0x800045fa (0x002a8523) sb      sp, 10(s5)
core   0: 3 0x800045fa (0x002a8523) mem 0x80012678 0x34
core   0: 0x800045fe (0xffbc8b23) sb      s11, -10(s9)
core   0: 3 0x800045fe (0xffbc8b23) mem 0x80010c4b 0x8a
core   0: 0x80004602 (0x007aa323) sw      t2, 6(s5)
core   0: 3 0x80004602 (0x007aa323) mem 0x80012674 0x00000000
core   0: 0x80004606 (0x00011397) auipc   t2, 0x11
core   0: 3 0x80004606 (0x00011397) x 7 0x80015606
core   0: 0x8000460a (0xfcc38393) addi    t2, t2, -52
core   0: 3 0x8000460a (0xfcc38393) x 7 0x800155d2
core   0: 0x8000460e (0x03b3af23) sw      s11, 62(t2)
core   0: 3 0x8000460e (0x03b3af23) mem 0x80015610 0xffffff8a
core   0: 0x80004612 (0x03a38923) sb      s10, 50(t2)
core   0: 3 0x80004612 (0x03a38923) mem 0x80015604 0x32
core   0: 0x80004616 (0xfff38083) lb      ra, -1(t2)
core   0: 3 0x80004616 (0xfff38083) x 1 0xffffffd0 mem 0x800155d1
core   0: 0x8000461a (0x01431093) slli    ra, t1, 20
core   0: 3 0x8000461a (0x01431093) x 1 0x0aa00000
core   0: 0x8000461e (0x03a0d0b3) divu    ra, ra, s10
core   0: 3 0x8000461e (0x03a0d0b3) x 1 0x00366666
core   0: 0x80004622 (0x03a43db3) mulhu   s11, s0, s10
core   0: 3 0x80004622 (0x03a43db3) x27 0x00000031
core   0: 0x80004626 (0xffe3c083) lbu     ra, -2(t2)
core   0: 3 0x80004626 (0xffe3c083) x 1 0x00000089 mem 0x800155d0
core   0: 0x8000462a (0x4c732413) slti    s0, t1, 1223
core   0: 3 0x8000462a (0x4c732413) x 8 0x00000001
core   0: 0x8000462e (0x00008879) c.andi  s0, 30
core   0: 3 0x8000462e (0x8879) x 8 0x00000000
core   0: 0x80004630 (0xff73c303) lbu     t1, -9(t2)
core   0: 3 0x80004630 (0xff73c303) x 6 0x000000b3 mem 0x800155c9
core   0: 0x80004634 (0x00008c41) c.or    s0, s0
core   0: 3 0x80004634 (0x8c41) x 8 0x00000000
core   0: 0x80004636 (0x02b384a3) sb      a1, 41(t2)
core   0: 3 0x80004636 (0x02b384a3) mem 0x800155fb 0x10
core   0: 0x8000463a (0x00008d81) c.sub   a1, s0
core   0: 3 0x8000463a (0x8d81) x11 0x80010a10
core   0: 0x8000463c (0x99198337) lui     t1, 0x99198
core   0: 3 0x8000463c (0x99198337) x 6 0x99198000
core   0: 0x80004640 (0x02b38583) lb      a1, 43(t2)
core   0: 3 0x80004640 (0x02b38583) x11 0x0000005e mem 0x800155fd
core   0: 0x80004644 (0x0063c583) lbu     a1, 6(t2)
core   0: 3 0x80004644 (0x0063c583) x11 0x00000024 mem 0x800155d8
core   0: 0x80004648 (0x01b389a3) sb      s11, 19(t2)
core   0: 3 0x80004648 (0x01b389a3) mem 0x800155e5 0x31
core   0: 0x8000464c (0x0233cd03) lbu     s10, 35(t2)
core   0: 3 0x8000464c (0x0233cd03) x26 0x00000069 mem 0x800155f5
core   0: 0x80004650 (0xfdb39a23) sh      s11, -44(t2)
core   0: 3 0x80004650 (0xfdb39a23) mem 0x800155a6 0x0031
core   0: 0x80004654 (0x00008d8d) c.sub   a1, a1
core   0: 3 0x80004654 (0x8d8d) x11 0x00000000
core   0: 0x80004656 (0x00008c61) c.and   s0, s0
core   0: 3 0x80004656 (0x8c61) x 8 0x00000000
core   0: 0x80004658 (0x021335b3) mulhu   a1, t1, ra
core   0: 3 0x80004658 (0x021335b3) x11 0x00000051
core   0: 0x8000465c (0x00008c4d) c.or    s0, a1
core   0: 3 0x8000465c (0x8c4d) x 8 0x00000051
core   0: 0x8000465e (0x008d4d33) xor     s10, s10, s0
core   0: 3 0x8000465e (0x008d4d33) x26 0x00000038
core   0: 0x80004662 (0xfcb3c303) lbu     t1, -53(t2)
core   0: 3 0x80004662 (0xfcb3c303) x 6 0x00000081 mem 0x8001559d
core   0: 0x80004666 (0x00008406) c.mv    s0, ra
core   0: 3 0x80004666 (0x8406) x 8 0x00000089
core   0: 0x80004668 (0x00008c61) c.and   s0, s0
core   0: 3 0x80004668 (0x8c61) x 8 0x00000089
core   0: 0x8000466a (0xfe13cd83) lbu     s11, -31(t2)
core   0: 3 0x8000466a (0xfe13cd83) x27 0x00000053 mem 0x800155b3
core   0: 0x8000466e (0x04038083) lb      ra, 64(t2)
core   0: 3 0x8000466e (0x04038083) x 1 0xffffffff mem 0x80015612
core   0: 0x80004672 (0x03b335b3) mulhu   a1, t1, s11
core   0: 3 0x80004672 (0x03b335b3) x11 0x00000000
core   0: 0x80004676 (0x02838fa3) sb      s0, 63(t2)
core   0: 3 0x80004676 (0x02838fa3) mem 0x80015611 0x89
core   0: 0x8000467a (0x01b58333) add     t1, a1, s11
core   0: 3 0x8000467a (0x01b58333) x 6 0x00000053
core   0: 0x8000467e (0x02b310b3) mulh    ra, t1, a1
core   0: 3 0x8000467e (0x02b310b3) x 1 0x00000000
core   0: 0x80004682 (0x03338d03) lb      s10, 51(t2)
core   0: 3 0x80004682 (0x03338d03) x26 0x0000002e mem 0x80015605
core   0: 0x80004686 (0x01adc0b3) xor     ra, s11, s10
core   0: 3 0x80004686 (0x01adc0b3) x 1 0x0000007d
core   0: 0x8000468a (0xfe038d03) lb      s10, -32(t2)
core   0: 3 0x8000468a (0xfe038d03) x26 0xffffffe7 mem 0x800155b2
core   0: 0x8000468e (0x00008d2e) c.mv    s10, a1
core   0: 3 0x8000468e (0x8d2e) x26 0x00000000
core   0: 0x80004690 (0xa2833d13) sltiu   s10, t1, -1496
core   0: 3 0x80004690 (0xa2833d13) x26 0x00000001
core   0: 0x80004694 (0x006382a3) sb      t1, 5(t2)
core   0: 3 0x80004694 (0x006382a3) mem 0x800155d7 0x53
core   0: 0x80004698 (0x04138023) sb      ra, 64(t2)
core   0: 3 0x80004698 (0x04138023) mem 0x80015612 0x7d
core   0: 0x8000469c (0x02bda433) mulhsu  s0, s11, a1
core   0: 3 0x8000469c (0x02bda433) x 8 0x00000000
core   0: 0x800046a0 (0x0000033a) c.slli  t1, 14
core   0: 3 0x800046a0 (0x033a) x 6 0x0014c000
core   0: 0x800046a2 (0x00008dc1) c.or    a1, s0
core   0: 3 0x800046a2 (0x8dc1) x11 0x00000000
core   0: 0x800046a4 (0xfe1388a3) sb      ra, -15(t2)
core   0: 3 0x800046a4 (0xfe1388a3) mem 0x800155c3 0x7d
core   0: 0x800046a8 (0x03b3ad23) sw      s11, 58(t2)
core   0: 3 0x800046a8 (0x03b3ad23) mem 0x8001560c 0x00000053
core   0: 0x800046ac (0x02f38083) lb      ra, 47(t2)
core   0: 3 0x800046ac (0x02f38083) x 1 0xfffffffe mem 0x80015601
core   0: 0x800046b0 (0x0000c997) auipc   s3, 0xc
core   0: 3 0x800046b0 (0x0000c997) x19 0x800106b0
core   0: 0x800046b4 (0x4eb98993) addi    s3, s3, 1259
core   0: 3 0x800046b4 (0x4eb98993) x19 0x80010b9b
core   0: 0x800046b8 (0x0000cf97) auipc   t6, 0xc
core   0: 3 0x800046b8 (0x0000cf97) x31 0x800106b8
core   0: 0x800046bc (0xe23f8f93) addi    t6, t6, -477
core   0: 3 0x800046bc (0xe23f8f93) x31 0x800104db
core   0: 0x800046c0 (0xfee99fa3) sh      a4, -1(s3)
core   0: 3 0x800046c0 (0xfee99fa3) mem 0x80010b9a 0xff91
core   0: 0x800046c4 (0xffb98d83) lb      s11, -5(s3)
core   0: 3 0x800046c4 (0xffb98d83) x27 0xffffff80 mem 0x80010b96
core   0: 0x800046c8 (0x076f8da3) sb      s6, 123(t6)
core   0: 3 0x800046c8 (0x076f8da3) mem 0x80010556 0x8e
core   0: 0x800046cc (0x01a98a23) sb      s10, 20(s3)
core   0: 3 0x800046cc (0x01a98a23) mem 0x80010baf 0x1
core   0: 0x800046d0 (0x01898623) sb      s8, 12(s3)
core   0: 3 0x800046d0 (0x01898623) mem 0x80010ba7 0x97
core   0: 0x800046d4 (0xdd0fcf03) lbu     t5, -560(t6)
core   0: 3 0x800046d4 (0xdd0fcf03) x30 0x00000045 mem 0x800102ab
core   0: 0x800046d8 (0x0089c583) lbu     a1, 8(s3)
core   0: 3 0x800046d8 (0x0089c583) x11 0x000000c9 mem 0x80010ba3
core   0: 0x800046dc (0xfc498c03) lb      s8, -60(s3)
core   0: 3 0x800046dc (0xfc498c03) x24 0xffffffae mem 0x80010b5f
core   0: 0x800046e0 (0x0199a483) lw      s1, 25(s3)
core   0: 3 0x800046e0 (0x0199a483) x 9 0x017ab35c mem 0x80010bb4
core   0: 0x800046e4 (0x2a4f8d83) lb      s11, 676(t6)
core   0: 3 0x800046e4 (0x2a4f8d83) x27 0x0000000b mem 0x8001077f
core   0: 0x800046e8 (0x34afc503) lbu     a0, 842(t6)
core   0: 3 0x800046e8 (0x34afc503) x10 0x0000001d mem 0x80010825
core   0: 0x800046ec (0xeecfc283) lbu     t0, -276(t6)
core   0: 3 0x800046ec (0xeecfc283) x 5 0x000000cd mem 0x800103c7
core   0: 0x800046f0 (0x740f8483) lb      s1, 1856(t6)
core   0: 3 0x800046f0 (0x740f8483) x 9 0xffffffdc mem 0x80010c1b
core   0: 0x800046f4 (0x2c7f8d83) lb      s11, 711(t6)
core   0: 3 0x800046f4 (0x2c7f8d83) x27 0x00000019 mem 0x800107a2
core   0: 0x800046f8 (0xff900693) li      a3, -7
core   0: 3 0x800046f8 (0xff900693) x13 0xfffffff9
core   0: 0x800046fc (0x00d00c93) li      s9, 13
core   0: 3 0x800046fc (0x00d00c93) x25 0x0000000d
core   0: 0x80004700 (0x00008dd1) c.or    a1, a2
core   0: 3 0x80004700 (0x8dd1) x11 0x80029ced
core   0: 0x80004702 (0x00000001) c.nop
core   0: 3 0x80004702 (0x0001)
core   0: 0x80004704 (0x000006a5) c.addi  a3, 9
core   0: 3 0x80004704 (0x06a5) x13 0x00000002
core   0: 0x80004706 (0xff96ede3) bltu    a3, s9, pc - 6
core   0: 3 0x80004706 (0xff96ede3)
core   0: 0x80004700 (0x00008dd1) c.or    a1, a2
core   0: 3 0x80004700 (0x8dd1) x11 0x80029ced
core   0: 0x80004702 (0x00000001) c.nop
core   0: 3 0x80004702 (0x0001)
core   0: 0x80004704 (0x000006a5) c.addi  a3, 9
core   0: 3 0x80004704 (0x06a5) x13 0x0000000b
core   0: 0x80004706 (0xff96ede3) bltu    a3, s9, pc - 6
core   0: 3 0x80004706 (0xff96ede3)
core   0: 0x80004700 (0x00008dd1) c.or    a1, a2
core   0: 3 0x80004700 (0x8dd1) x11 0x80029ced
core   0: 0x80004702 (0x00000001) c.nop
core   0: 3 0x80004702 (0x0001)
core   0: 0x80004704 (0x000006a5) c.addi  a3, 9
core   0: 3 0x80004704 (0x06a5) x13 0x00000014
core   0: 0x80004706 (0xff96ede3) bltu    a3, s9, pc - 6
core   0: 3 0x80004706 (0xff96ede3)
core   0: 0x8000470a (0x01875a93) srli    s5, a4, 24
core   0: 3 0x8000470a (0x01875a93) x21 0x000000ff
core   0: 0x8000470e (0x00625713) srli    a4, tp, 6
core   0: 3 0x8000470e (0x00625713) x14 0x03740713
core   0: 0x80004712 (0x00008c0a) c.mv    s8, sp
core   0: 3 0x80004712 (0x8c0a) x24 0x00000034
core   0: 0x80004714 (0x017f1863) bne     t5, s7, pc + 16
core   0: 3 0x80004714 (0x017f1863)
core   0: 0x80004724 (0x00006105) c.addi16sp sp, 32
core   0: 3 0x80004724 (0x6105) x 2 0x00000054
core   0: 0x80004726 (0xc7ed7e37) lui     t3, 0xc7ed7
core   0: 3 0x80004726 (0xc7ed7e37) x28 0xc7ed7000
core   0: 0x8000472a (0x00008d81) c.sub   a1, s0
core   0: 3 0x8000472a (0x8d81) x11 0x80029ced
core   0: 0x8000472c (0x1acd6893) ori     a7, s10, 428
core   0: 3 0x8000472c (0x1acd6893) x17 0x000001ad
core   0: 0x80004730 (0x0000117d) c.addi  sp, -1
core   0: 3 0x80004730 (0x117d) x 2 0x00000053
core   0: 0x80004732 (0x8f585917) auipc   s2, 0x8f585
core   0: 3 0x80004732 (0x8f585917) x18 0x0f589732
core   0: 0x80004736 (0x0d35c193) xori    gp, a1, 211
core   0: 3 0x80004736 (0x0d35c193) x 3 0x80029c3e
core   0: 0x8000473a (0x033abc33) mulhu   s8, s5, s3
core   0: 3 0x8000473a (0x033abc33) x24 0x0000007f
core   0: 0x8000473e (0x001c4ab3) xor     s5, s8, ra
core   0: 3 0x8000473e (0x001c4ab3) x21 0xffffff81
core   0: 0x80004742 (0x00004f8d) c.li    t6, 3
core   0: 3 0x80004742 (0x4f8d) x31 0x00000003
core   0: 0x80004744 (0x00001b00) c.addi4spn s0, sp, 432
core   0: 3 0x80004744 (0x1b00) x 8 0x00000203
core   0: 0x80004746 (0xb4bc5997) auipc   s3, 0xb4bc5
core   0: 3 0x80004746 (0xb4bc5997) x19 0x34bc9746
core   0: 0x8000474a (0x0000c411) c.beqz  s0, pc + 12
core   0: 3 0x8000474a (0xc411)
core   0: 0x8000474c (0x00008d2d) c.xor   a0, a1
core   0: 3 0x8000474c (0x8d2d) x10 0x80029cf0
core   0: 0x8000474e (0x0101d963) bge     gp, a6, pc + 18
core   0: 3 0x8000474e (0x0101d963)
core   0: 0x80004752 (0x0000459d) c.li    a1, 7
core   0: 3 0x80004752 (0x459d) x11 0x00000007
core   0: 0x80004754 (0x00008ec1) c.or    a3, s0
core   0: 3 0x80004754 (0x8ec1) x13 0x00000217
core   0: 0x80004756 (0x02545933) divu    s2, s0, t0
core   0: 3 0x80004756 (0x02545933) x18 0x00000002
core   0: 0x8000475a (0x00000752) c.slli  a4, 20
core   0: 3 0x8000475a (0x0752) x14 0x71300000
core   0: 0x8000475c (0xbc852c97) auipc   s9, 0xbc852
core   0: 3 0x8000475c (0xbc852c97) x25 0x3c85675c
core   0: 0x80004760 (0x03bb1563) bne     s6, s11, pc + 42
core   0: 3 0x80004760 (0x03bb1563)
core   0: 0x8000478a (0x0000025a) c.slli  tp, 22
core   0: 3 0x8000478a (0x025a) x 4 0x39000000
core   0: 0x8000478c (0x00008ac9) c.andi  a3, 18
core   0: 3 0x8000478c (0x8ac9) x13 0x00000012
core   0: 0x8000478e (0x00a1ffb3) and     t6, gp, a0
core   0: 3 0x8000478e (0x00a1ffb3) x31 0x80029c30
core   0: 0x80004792 (0x0000f117) auipc   sp, 0xf
core   0: 3 0x80004792 (0x0000f117) x 2 0x80013792
core   0: 0x80004796 (0x38410113) addi    sp, sp, 900
core   0: 3 0x80004796 (0x38410113) x 2 0x80013b16
core   0: 0x8000479a (0x0ec11683) lh      a3, 236(sp)
core   0: 3 0x8000479a (0x0ec11683) x13 0x00007337 mem 0x80013c02
core   0: 0x8000479e (0x07c103a3) sb      t3, 103(sp)
core   0: 3 0x8000479e (0x07c103a3) mem 0x80013b7d 0x0
core   0: 0x800047a2 (0x06714083) lbu     ra, 103(sp)
core   0: 3 0x800047a2 (0x06714083) x 1 0x00000000 mem 0x80013b7d
core   0: 0x800047a6 (0x03e12983) lw      s3, 62(sp)
core   0: 3 0x800047a6 (0x03e12983) x19 0xcd56a277 mem 0x80013b54
core   0: 0x800047aa (0x00161333) sll     t1, a2, ra
core   0: 3 0x800047aa (0x00161333) x 6 0x80029ce4
core   0: 0x800047ae (0x01312533) slt     a0, sp, s3
core   0: 3 0x800047ae (0x01312533) x10 0x00000001
core   0: 0x800047b2 (0xf4610b83) lb      s7, -186(sp)
core   0: 3 0x800047b2 (0xf4610b83) x23 0x0000006f mem 0x80013a5c
core   0: 0x800047b6 (0x0f714683) lbu     a3, 247(sp)
core   0: 3 0x800047b6 (0x0f714683) x13 0x00000004 mem 0x80013c0d
core   0: 0x800047ba (0x07c14903) lbu     s2, 124(sp)
core   0: 3 0x800047ba (0x07c14903) x18 0x00000047 mem 0x80013b92
core   0: 0x800047be (0x0d414283) lbu     t0, 212(sp)
core   0: 3 0x800047be (0x0d414283) x 5 0x000000b0 mem 0x80013bea
core   0: 0x800047c2 (0x03810003) lb      zero, 56(sp)
core   0: 3 0x800047c2 (0x03810003) mem 0x80013b4e
core   0: 0x800047c6 (0x0ff103a3) sb      t6, 231(sp)
core   0: 3 0x800047c6 (0x0ff103a3) mem 0x80013bfd 0x30
core   0: 0x800047ca (0x0e714683) lbu     a3, 231(sp)
core   0: 3 0x800047ca (0x0e714683) x13 0x00000030 mem 0x80013bfd
core   0: 0x800047ce (0x03714b83) lbu     s7, 55(sp)
core   0: 3 0x800047ce (0x03714b83) x23 0x000000f0 mem 0x80013b4d
core   0: 0x800047d2 (0xf5d105a3) sb      t4, -181(sp)
core   0: 3 0x800047d2 (0xf5d105a3) mem 0x80013a61 0x0
core   0: 0x800047d6 (0xf30109a3) sb      a6, -205(sp)
core   0: 3 0x800047d6 (0xf30109a3) mem 0x80013a49 0xe7
core   0: 0x800047da (0xf3e11423) sh      t5, -216(sp)
core   0: 3 0x800047da (0xf3e11423) mem 0x80013a3e 0x0045
core   0: 0x800047de (0x0a010083) lb      ra, 160(sp)
core   0: 3 0x800047de (0x0a010083) x 1 0x0000002e mem 0x80013bb6
core   0: 0x800047e2 (0x08014f03) lbu     t5, 128(sp)
core   0: 3 0x800047e2 (0x08014f03) x30 0x00000081 mem 0x80013b96
core   0: 0x800047e6 (0xf1410ca3) sb      s4, -231(sp)
core   0: 3 0x800047e6 (0xf1410ca3) mem 0x80013a2f 0x94
core   0: 0x800047ea (0xa4472413) slti    s0, a4, -1468
core   0: 3 0x800047ea (0xa4472413) x 8 0x00000000
core   0: 0x800047ee (0x00008049) c.srli  s0, 18
core   0: 3 0x800047ee (0x8049) x 8 0x00000000
core   0: 0x800047f0 (0x0077cd63) blt     a5, t2, pc + 26
core   0: 3 0x800047f0 (0x0077cd63)
core   0: 0x800047f4 (0x0000e98d) c.bnez  a1, pc + 50
core   0: 3 0x800047f4 (0xe98d)
core   0: 0x80004826 (0x00001894) c.addi4spn a3, sp, 112
core   0: 3 0x80004826 (0x1894) x13 0x80013b86
core   0: 0x80004828 (0x03188fb3) mul     t6, a7, a7
core   0: 3 0x80004828 (0x03188fb3) x31 0x0002cee9
core   0: 0x8000482c (0x0000190c) c.addi4spn a1, sp, 176
core   0: 3 0x8000482c (0x190c) x11 0x80013bc6
core   0: 0x8000482e (0x0153a6b3) slt     a3, t2, s5
core   0: 3 0x8000482e (0x0153a6b3) x13 0x00000001
core   0: 0x80004832 (0x0007b6b3) sltu    a3, a5, zero
core   0: 3 0x80004832 (0x0007b6b3) x13 0x00000000
core   0: 0x80004836 (0x00008cc5) c.or    s1, s1
core   0: 3 0x80004836 (0x8cc5) x 9 0xffffffdc
core   0: 0x80004838 (0x1f500d93) li      s11, 501
core   0: 3 0x80004838 (0x1f500d93) x27 0x000001f5
core   0: 0x8000483c (0x00008d89) c.sub   a1, a0
core   0: 3 0x8000483c (0x8d89) x11 0x80013bc5
core   0: 0x8000483e (0xf9f7a713) slti    a4, a5, -97
core   0: 3 0x8000483e (0xf9f7a713) x14 0x00000001
core   0: 0x80004842 (0x0ff0000f) fence   iorw,iorw
core   0: 3 0x80004842 (0x0ff0000f)
core   0: 0x80004846 (0x4076d4b3) sra     s1, a3, t2
core   0: 3 0x80004846 (0x4076d4b3) x 9 0x00000000
core   0: 0x8000484a (0x00008d5d) c.or    a0, a5
core   0: 3 0x8000484a (0x8d5d) x10 0x80025e65
core   0: 0x8000484c (0x00008cad) c.xor   s1, a1
core   0: 3 0x8000484c (0x8cad) x 9 0x80013bc5
core   0: 0x8000484e (0xf6416513) ori     a0, sp, -156
core   0: 3 0x8000484e (0xf6416513) x10 0xffffff76
core   0: 0x80004852 (0x0000717d) c.addi16sp sp, -16
core   0: 3 0x80004852 (0x717d) x 2 0x80013b06
core   0: 0x80004854 (0x035620b3) mulhsu  ra, a2, s5
core   0: 3 0x80004854 (0x035620b3) x 1 0x80029d23
core   0: 0x80004858 (0x03b06ab3) rem     s5, zero, s11
core   0: 3 0x80004858 (0x03b06ab3) x21 0x00000000
core   0: 0x8000485c (0x0131a1b3) slt     gp, gp, s3
core   0: 3 0x8000485c (0x0131a1b3) x 3 0x00000001
core   0: 0x80004860 (0x01117263) bgeu    sp, a7, pc + 4
core   0: 3 0x80004860 (0x01117263)
core   0: 0x80004864 (0x03c4bdb3) mulhu   s11, s1, t3
core   0: 3 0x80004864 (0x03c4bdb3) x27 0x63f7ae9b
core   0: 0x80004868 (0x01ae6b63) bltu    t3, s10, pc + 22
core   0: 3 0x80004868 (0x01ae6b63)
core   0: 0x8000486c (0x00000001) c.nop
core   0: 3 0x8000486c (0x0001)
core   0: 0x8000486e (0x0000c81d) c.beqz  s0, pc + 54
core   0: 3 0x8000486e (0xc81d)
core   0: 0x800048a4 (0x00c5f263) bgeu    a1, a2, pc + 4
core   0: 3 0x800048a4 (0x00c5f263)
core   0: 0x800048a8 (0x11b8e963) bltu    a7, s11, pc + 274
core   0: 3 0x800048a8 (0x11b8e963)
core   0: 0x800049ba (0x32127393) andi    t2, tp, 801
core   0: 3 0x800049ba (0x32127393) x 7 0x00000000
core   0: 0x800049be (0x0070c1b3) xor     gp, ra, t2
core   0: 3 0x800049be (0x0070c1b3) x 3 0x80029d23
core   0: 0x800049c2 (0x00049b33) sll     s6, s1, zero
core   0: 3 0x800049c2 (0x00049b33) x22 0x80013bc5
core   0: 0x800049c6 (0x41f15433) sra     s0, sp, t6
core   0: 3 0x800049c6 (0x41f15433) x 8 0xffc0009d
core   0: 0x800049ca (0x0000842d) c.srai  s0, 11
core   0: 3 0x800049ca (0x842d) x 8 0xfffff800
core   0: 0x800049cc (0x0000c021) c.beqz  s0, pc + 64
core   0: 3 0x800049cc (0xc021)
core   0: 0x800049ce (0x00008f69) c.and   a4, a0
core   0: 3 0x800049ce (0x8f69) x14 0x00000000
core   0: 0x800049d0 (0x00000001) c.nop
core   0: 3 0x800049d0 (0x0001)
core   0: 0x800049d2 (0x025eea33) rem     s4, t4, t0
core   0: 3 0x800049d2 (0x025eea33) x20 0x00000000
core   0: 0x800049d6 (0x41a3d293) srai    t0, t2, 26
core   0: 3 0x800049d6 (0x41a3d293) x 5 0x00000000
core   0: 0x800049da (0x02fe4333) div     t1, t3, a5
core   0: 3 0x800049da (0x02fe4333) x 6 0x00000000
core   0: 0x800049de (0x000062d1) c.lui   t0, 0x14
core   0: 3 0x800049de (0x62d1) x 5 0x00014000
core   0: 0x800049e0 (0x02dd1f33) mulh    t5, s10, a3
core   0: 3 0x800049e0 (0x02dd1f33) x30 0x00000000
core   0: 0x800049e4 (0xc207ad13) slti    s10, a5, -992
core   0: 3 0x800049e4 (0xc207ad13) x26 0x00000001
core   0: 0x800049e8 (0x404f5d33) sra     s10, t5, tp
core   0: 3 0x800049e8 (0x404f5d33) x26 0x00000000
core   0: 0x800049ec (0x000f7733) and     a4, t5, zero
core   0: 3 0x800049ec (0x000f7733) x14 0x00000000
core   0: 0x800049f0 (0x00006f35) c.lui   t5, 0xd
core   0: 3 0x800049f0 (0x6f35) x30 0x0000d000
core   0: 0x800049f2 (0x01c4e563) bltu    s1, t3, pc + 10
core   0: 3 0x800049f2 (0x01c4e563)
core   0: 0x800049fc (0x03a38563) beq     t2, s10, pc + 42
core   0: 3 0x800049fc (0x03a38563)
core   0: 0x80004a26 (0x01e579b3) and     s3, a0, t5
core   0: 3 0x80004a26 (0x01e579b3) x19 0x0000d000
core   0: 0x80004a2a (0x033a2f33) mulhsu  t5, s4, s3
core   0: 3 0x80004a2a (0x033a2f33) x30 0x00000000
core   0: 0x80004a2e (0x409ede13) srai    t3, t4, 9
core   0: 3 0x80004a2e (0x409ede13) x28 0x00000000
core   0: 0x80004a32 (0x0152d6b3) srl     a3, t0, s5
core   0: 3 0x80004a32 (0x0152d6b3) x13 0x00014000
core   0: 0x80004a36 (0x028a5db3) divu    s11, s4, s0
core   0: 3 0x80004a36 (0x028a5db3) x27 0x00000000
core   0: 0x80004a3a (0x03b564b3) rem     s1, a0, s11
core   0: 3 0x80004a3a (0x03b564b3) x 9 0xffffff76
core   0: 0x80004a3e (0x00e8fbb3) and     s7, a7, a4
core   0: 3 0x80004a3e (0x00e8fbb3) x23 0x00000000
core   0: 0x80004a42 (0x0279acb3) mulhsu  s9, s3, t2
core   0: 3 0x80004a42 (0x0279acb3) x25 0x00000000
core   0: 0x80004a46 (0x03af5033) divu    zero, t5, s10
core   0: 3 0x80004a46 (0x03af5033)
core   0: 0x80004a4a (0x0302c2b3) div     t0, t0, a6
core   0: 3 0x80004a4a (0x0302c2b3) x 5 0xfffff334
core   0: 0x80004a4e (0x00008c19) c.sub   s0, a4
core   0: 3 0x80004a4e (0x8c19) x 8 0xfffff800
core   0: 0x80004a50 (0x1befa5b7) lui     a1, 0x1befa
core   0: 3 0x80004a50 (0x1befa5b7) x11 0x1befa000
core   0: 0x80004a54 (0x00008899) c.andi  s1, 6
core   0: 3 0x80004a54 (0x8899) x 9 0x00000006
core   0: 0x80004a56 (0x02a724b3) mulhsu  s1, a4, a0
core   0: 3 0x80004a56 (0x02a724b3) x 9 0x00000000
core   0: 0x80004a5a (0x00000001) c.nop
core   0: 3 0x80004a5a (0x0001)
core   0: 0x80004a5c (0x02da2db3) mulhsu  s11, s4, a3
core   0: 3 0x80004a5c (0x02da2db3) x27 0x00000000
core   0: 0x80004a60 (0x03f35263) bge     t1, t6, pc + 36
core   0: 3 0x80004a60 (0x03f35263)
core   0: 0x80004a64 (0x3550c693) xori    a3, ra, 853
core   0: 3 0x80004a64 (0x3550c693) x13 0x80029e76
core   0: 0x80004a68 (0x00000001) c.nop
core   0: 3 0x80004a68 (0x0001)
core   0: 0x80004a6a (0x03789f63) bne     a7, s7, pc + 62
core   0: 3 0x80004a6a (0x03789f63)
core   0: 0x80004aa8 (0x000086b1) c.srai  a3, 12
core   0: 3 0x80004aa8 (0x86b1) x13 0xfff80029
core   0: 0x80004aaa (0x01995b13) srli    s6, s2, 25
core   0: 3 0x80004aaa (0x01995b13) x22 0x00000000
core   0: 0x80004aae (0x00000001) c.nop
core   0: 3 0x80004aae (0x0001)
core   0: 0x80004ab0 (0x01dadb93) srli    s7, s5, 29
core   0: 3 0x80004ab0 (0x01dadb93) x23 0x00000000
core   0: 0x80004ab4 (0x0ff0000f) fence   iorw,iorw
core   0: 3 0x80004ab4 (0x0ff0000f)
core   0: 0x80004ab8 (0x014a0733) add     a4, s4, s4
core   0: 3 0x80004ab8 (0x014a0733) x14 0x00000000
core   0: 0x80004abc (0x00008dc9) c.or    a1, a0
core   0: 3 0x80004abc (0x8dc9) x11 0xffffff76
core   0: 0x80004abe (0x00008ea5) c.xor   a3, s1
core   0: 3 0x80004abe (0x8ea5) x13 0xfff80029
core   0: 0x80004ac0 (0x61e9cc13) xori    s8, s3, 1566
core   0: 3 0x80004ac0 (0x61e9cc13) x24 0x0000d61e
core   0: 0x80004ac4 (0x0023b0b3) sltu    ra, t2, sp
core   0: 3 0x80004ac4 (0x0023b0b3) x 1 0x00000001
core   0: 0x80004ac8 (0x0ff0000f) fence   iorw,iorw
core   0: 3 0x80004ac8 (0x0ff0000f)
core   0: 0x80004acc (0x02654a63) blt     a0, t1, pc + 52
core   0: 3 0x80004acc (0x02654a63)
core   0: 0x80004b00 (0x40055d93) srai    s11, a0, 0
core   0: 3 0x80004b00 (0x40055d93) x27 0xffffff76
core   0: 0x80004b04 (0x40c784b3) sub     s1, a5, a2
core   0: 3 0x80004b04 (0x40c784b3) x 9 0xffffc180
core   0: 0x80004b08 (0x01a16533) or      a0, sp, s10
core   0: 3 0x80004b08 (0x01a16533) x10 0x80013b06
core   0: 0x80004b0c (0xd2b34b13) xori    s6, t1, -725
core   0: 3 0x80004b0c (0xd2b34b13) x22 0xfffffd2b
core   0: 0x80004b10 (0x0000e189) c.bnez  a1, pc + 2
core   0: 3 0x80004b10 (0xe189)
core   0: 0x80004b12 (0xa6098d13) addi    s10, s3, -1440
core   0: 3 0x80004b12 (0xa6098d13) x26 0x0000ca60
core   0: 0x80004b16 (0x016ed263) bge     t4, s6, pc + 4
core   0: 3 0x80004b16 (0x016ed263)
core   0: 0x80004b1a (0xcb143013) sltiu   zero, s0, -847
core   0: 3 0x80004b1a (0xcb143013)
core   0: 0x80004b1e (0x04690263) beq     s2, t1, pc + 68
core   0: 3 0x80004b1e (0x04690263)
core   0: 0x80004b22 (0x0050afb3) slt     t6, ra, t0
core   0: 3 0x80004b22 (0x0050afb3) x31 0x00000000
core   0: 0x80004b26 (0x05b5d063) bge     a1, s11, pc + 64
core   0: 3 0x80004b26 (0x05b5d063)
core   0: 0x80004b66 (0x03b8ab33) mulhsu  s6, a7, s11
core   0: 3 0x80004b66 (0x03b8ab33) x22 0x000001ac
core   0: 0x80004b6a (0xfe443d37) lui     s10, 0xfe443
core   0: 3 0x80004b6a (0xfe443d37) x26 0xfe443000
core   0: 0x80004b6e (0x37d2e113) ori     sp, t0, 893
core   0: 3 0x80004b6e (0x37d2e113) x 2 0xfffff37d
core   0: 0x80004b72 (0x0000668d) c.lui   a3, 0x3
core   0: 3 0x80004b72 (0x668d) x13 0x00003000
core   0: 0x80004b74 (0x4da15d37) lui     s10, 0x4da15
core   0: 3 0x80004b74 (0x4da15d37) x26 0x4da15000
core   0: 0x80004b78 (0x00008335) c.srli  a4, 13
core   0: 3 0x80004b78 (0x8335) x14 0x00000000
core   0: 0x80004b7a (0x0397ce63) blt     a5, s9, pc + 60
core   0: 3 0x80004b7a (0x0397ce63)
core   0: 0x80004bb6 (0x417884b3) sub     s1, a7, s7
core   0: 3 0x80004bb6 (0x417884b3) x 9 0x000001ad
core   0: 0x80004bba (0x00009732) c.add   a4, a2
core   0: 3 0x80004bba (0x9732) x14 0x80029ce4
core   0: 0x80004bbc (0x00008319) c.srli  a4, 6
core   0: 3 0x80004bbc (0x8319) x14 0x02000a73
core   0: 0x80004bbe (0x00075293) srli    t0, a4, 0
core   0: 3 0x80004bbe (0x00075293) x 5 0x02000a73
core   0: 0x80004bc2 (0x035b9363) bne     s7, s5, pc + 38
core   0: 3 0x80004bc2 (0x035b9363)
core   0: 0x80004bc6 (0x02666b63) bltu    a2, t1, pc + 54
core   0: 3 0x80004bc6 (0x02666b63)
core   0: 0x80004bca (0x000089f1) c.andi  a1, 28
core   0: 3 0x80004bca (0x89f1) x11 0x00000014
core   0: 0x80004bcc (0x03f1ce33) div     t3, gp, t6
core   0: 3 0x80004bcc (0x03f1ce33) x28 0xffffffff
core   0: 0x80004bd0 (0x00000bb5) c.addi  s7, 13
core   0: 3 0x80004bd0 (0x0bb5) x23 0x0000000d
core   0: 0x80004bd2 (0x0000ee89) c.bnez  a3, pc + 26
core   0: 3 0x80004bd2 (0xee89)
core   0: 0x80004bec (0x00b5c533) xor     a0, a1, a1
core   0: 3 0x80004bec (0x00b5c533) x10 0x00000000
core   0: 0x80004bf0 (0x000080ad) c.srli  s1, 11
core   0: 3 0x80004bf0 (0x80ad) x 9 0x00000000
core   0: 0x80004bf2 (0x00a37533) and     a0, t1, a0
core   0: 3 0x80004bf2 (0x00a37533) x10 0x00000000
core   0: 0x80004bf6 (0x41c2d233) sra     tp, t0, t3
core   0: 3 0x80004bf6 (0x41c2d233) x 4 0x00000000
core   0: 0x80004bfa (0x00008ed9) c.or    a3, a4
core   0: 3 0x80004bfa (0x8ed9) x13 0x02003a73
core   0: 0x80004bfc (0x000042fd) c.li    t0, 31
core   0: 3 0x80004bfc (0x42fd) x 5 0x0000001f
core   0: 0x80004bfe (0x000082a1) c.srli  a3, 8
core   0: 3 0x80004bfe (0x82a1) x13 0x0002003a
core   0: 0x80004c00 (0x006590b3) sll     ra, a1, t1
core   0: 3 0x80004c00 (0x006590b3) x 1 0x00000014
core   0: 0x80004c04 (0x010e8a63) beq     t4, a6, pc + 20
core   0: 3 0x80004c04 (0x010e8a63)
core   0: 0x80004c08 (0x0151c3b3) xor     t2, gp, s5
core   0: 3 0x80004c08 (0x0151c3b3) x 7 0x80029d23
core   0: 0x80004c0c (0x000084ea) c.mv    s1, s10
core   0: 3 0x80004c0c (0x84ea) x 9 0x4da15000
core   0: 0x80004c0e (0x00006111) c.addi16sp sp, 256
core   0: 3 0x80004c0e (0x6111) x 2 0xfffff47d
core   0: 0x80004c10 (0x00629f33) sll     t5, t0, t1
core   0: 3 0x80004c10 (0x00629f33) x30 0x0000001f
core   0: 0x80004c14 (0x03643233) mulhu   tp, s0, s6
core   0: 3 0x80004c14 (0x03643233) x 4 0x000001ab
core   0: 0x80004c18 (0x03ad9e33) mulh    t3, s11, s10
core   0: 3 0x80004c18 (0x03ad9e33) x28 0xffffffd6
core   0: 0x80004c1c (0x00000001) c.nop
core   0: 3 0x80004c1c (0x0001)
core   0: 0x80004c1e (0x009c0663) beq     s8, s1, pc + 12
core   0: 3 0x80004c1e (0x009c0663)
core   0: 0x80004c22 (0x0000857d) c.srai  a0, 31
core   0: 3 0x80004c22 (0x857d) x10 0x00000000
core   0: 0x80004c24 (0x03857663) bgeu    a0, s8, pc + 44
core   0: 3 0x80004c24 (0x03857663)
core   0: 0x80004c28 (0x00008bce) c.mv    s7, s3
core   0: 3 0x80004c28 (0x8bce) x23 0x0000d000
core   0: 0x80004c2a (0x00004cb5) c.li    s9, 13
core   0: 3 0x80004c2a (0x4cb5) x25 0x0000000d
core   0: 0x80004c2c (0x00009d7a) c.add   s10, t5
core   0: 3 0x80004c2c (0x9d7a) x26 0x4da1501f
core   0: 0x80004c2e (0x00000ca9) c.addi  s9, 10
core   0: 3 0x80004c2e (0x0ca9) x25 0x00000017
core   0: 0x80004c30 (0xa5df7c93) andi    s9, t5, -1443
core   0: 3 0x80004c30 (0xa5df7c93) x25 0x0000001d
core   0: 0x80004c34 (0x00008ea1) c.xor   a3, s0
core   0: 3 0x80004c34 (0x8ea1) x13 0xfffdf83a
core   0: 0x80004c36 (0x026795b3) mulh    a1, a5, t1
core   0: 3 0x80004c36 (0x026795b3) x11 0x00000000
core   0: 0x80004c3a (0x00000c56) c.slli  s8, 21
core   0: 3 0x80004c3a (0x0c56) x24 0xc3c00000
core   0: 0x80004c3c (0x00001104) c.addi4spn s1, sp, 160
core   0: 3 0x80004c3c (0x1104) x 9 0xfffff51d
core   0: 0x80004c3e (0x01278c63) beq     a5, s2, pc + 24
core   0: 3 0x80004c3e (0x01278c63)
core   0: 0x80004c42 (0x0000813d) c.srli  a0, 15
core   0: 3 0x80004c42 (0x813d) x10 0x00000000
core   0: 0x80004c44 (0x00008f61) c.and   a4, s0
core   0: 3 0x80004c44 (0x8f61) x14 0x02000800
core   0: 0x80004c46 (0x00c71d13) slli    s10, a4, 12
core   0: 3 0x80004c46 (0x00c71d13) x26 0x00800000
core   0: 0x80004c4a (0x00008f75) c.and   a4, a3
core   0: 3 0x80004c4a (0x8f75) x14 0x02000800
core   0: 0x80004c4c (0x0ff0000f) fence   iorw,iorw
core   0: 3 0x80004c4c (0x0ff0000f)
core   0: 0x80004c50 (0x0000ce81) c.beqz  a3, pc + 24
core   0: 3 0x80004c50 (0xce81)
core   0: 0x80004c52 (0x0722aa97) auipc   s5, 0x722a
core   0: 3 0x80004c52 (0x0722aa97) x21 0x8722ec52
core   0: 0x80004c56 (0x01b1bbb3) sltu    s7, gp, s11
core   0: 3 0x80004c56 (0x01b1bbb3) x23 0x00000001
core   0: 0x80004c5a (0x00008379) c.srli  a4, 30
core   0: 3 0x80004c5a (0x8379) x14 0x00000000
core   0: 0x80004c5c (0x00000001) c.nop
core   0: 3 0x80004c5c (0x0001)
core   0: 0x80004c5e (0x41d40733) sub     a4, s0, t4
core   0: 3 0x80004c5e (0x41d40733) x14 0xfffff800
core   0: 0x80004c62 (0x0000717d) c.addi16sp sp, -16
core   0: 3 0x80004c62 (0x717d) x 2 0xfffff46d
core   0: 0x80004c64 (0xafe6db97) auipc   s7, 0xafe6d
core   0: 3 0x80004c64 (0xafe6db97) x23 0x2fe71c64
core   0: 0x80004c68 (0x0000100f) fence.i
core   0: 3 0x80004c68 (0x0000100f)
core   0: 0x80004c6c (0x41745833) sra     a6, s0, s7
core   0: 3 0x80004c6c (0x41745833) x16 0xffffff80
core   0: 0x80004c70 (0x010d0733) add     a4, s10, a6
core   0: 3 0x80004c70 (0x010d0733) x14 0x007fff80
core   0: 0x80004c74 (0x00008c29) c.xor   s0, a0
core   0: 3 0x80004c74 (0x8c29) x 8 0xfffff800
core   0: 0x80004c76 (0xc0460b93) addi    s7, a2, -1020
core   0: 3 0x80004c76 (0xc0460b93) x23 0x800298e8
core   0: 0x80004c7a (0x00ba4d63) blt     s4, a1, pc + 26
core   0: 3 0x80004c7a (0x00ba4d63)
core   0: 0x80004c7e (0x0ff0000f) fence   iorw,iorw
core   0: 3 0x80004c7e (0x0ff0000f)
core   0: 0x80004c82 (0x00000001) c.nop
core   0: 3 0x80004c82 (0x0001)
core   0: 0x80004c84 (0x03cb0763) beq     s6, t3, pc + 46
core   0: 3 0x80004c84 (0x03cb0763)
core   0: 0x80004c88 (0x00000589) c.addi  a1, 2
core   0: 3 0x80004c88 (0x0589) x11 0x00000002
core   0: 0x80004c8a (0xa1126f13) ori     t5, tp, -1519
core   0: 3 0x80004c8a (0xa1126f13) x30 0xfffffbbb
core   0: 0x80004c8e (0x026d1c33) mulh    s8, s10, t1
core   0: 3 0x80004c8e (0x026d1c33) x24 0x00000000
core   0: 0x80004c92 (0x00008315) c.srli  a4, 5
core   0: 3 0x80004c92 (0x8315) x14 0x0003fffc
core   0: 0x80004c94 (0x038e5763) bge     t3, s8, pc + 46
core   0: 3 0x80004c94 (0x038e5763)
core   0: 0x80004c98 (0x0000e289) c.bnez  a3, pc + 2
core   0: 3 0x80004c98 (0xe289)
core   0: 0x80004c9a (0x0000615d) c.addi16sp sp, 432
core   0: 3 0x80004c9a (0x615d) x 2 0xfffff61d
core   0: 0x80004c9c (0x0125e233) or      tp, a1, s2
core   0: 3 0x80004c9c (0x0125e233) x 4 0x00000047
core   0: 0x80004ca0 (0x40e90733) sub     a4, s2, a4
core   0: 3 0x80004ca0 (0x40e90733) x14 0xfffc004b
core   0: 0x80004ca4 (0x00508263) beq     ra, t0, pc + 4
core   0: 3 0x80004ca4 (0x00508263)
core   0: 0x80004ca8 (0x0166ad33) slt     s10, a3, s6
core   0: 3 0x80004ca8 (0x0166ad33) x26 0x00000001
core   0: 0x80004cac (0x0000e98d) c.bnez  a1, pc + 50
core   0: 3 0x80004cac (0xe98d)
core   0: 0x80004cde (0x0250dbb3) divu    s7, ra, t0
core   0: 3 0x80004cde (0x0250dbb3) x23 0x00000000
core   0: 0x80004ce2 (0x03589863) bne     a7, s5, pc + 48
core   0: 3 0x80004ce2 (0x03589863)
core   0: 0x80004d12 (0xf01b8513) addi    a0, s7, -255
core   0: 3 0x80004d12 (0xf01b8513) x10 0xffffff01
core   0: 0x80004d16 (0x41ac51b3) sra     gp, s8, s10
core   0: 3 0x80004d16 (0x41ac51b3) x 3 0x00000000
core   0: 0x80004d1a (0x00000136) c.slli  sp, 13
core   0: 3 0x80004d1a (0x0136) x 2 0xfec3a000
core   0: 0x80004d1c (0x03b939b3) mulhu   s3, s2, s11
core   0: 3 0x80004d1c (0x03b939b3) x19 0x00000046
core   0: 0x80004d20 (0x023eafb3) mulhsu  t6, t4, gp
core   0: 3 0x80004d20 (0x023eafb3) x31 0x00000000
core   0: 0x80004d24 (0x00008c11) c.sub   s0, a2
core   0: 3 0x80004d24 (0x8c11) x 8 0x7ffd5b1c
core   0: 0x80004d26 (0x029930b3) mulhu   ra, s2, s1
core   0: 3 0x80004d26 (0x029930b3) x 1 0x00000046
core   0: 0x80004d2a (0x00008b35) c.andi  a4, 13
core   0: 3 0x80004d2a (0x8b35) x14 0x00000009
core   0: 0x80004d2c (0x00008019) c.srli  s0, 6
core   0: 3 0x80004d2c (0x8019) x 8 0x01fff56c
core   0: 0x80004d2e (0x000098fd) c.andi  s1, -1
core   0: 3 0x80004d2e (0x98fd) x 9 0xfffff51d
core   0: 0x80004d30 (0x0132db33) srl     s6, t0, s3
core   0: 3 0x80004d30 (0x0132db33) x22 0x00000000
core   0: 0x80004d34 (0x00000001) c.nop
core   0: 3 0x80004d34 (0x0001)
core   0: 0x80004d36 (0x2b34ab93) slti    s7, s1, 691
core   0: 3 0x80004d36 (0x2b34ab93) x23 0x00000001
core   0: 0x80004d3a (0xd4e27693) andi    a3, tp, -690
core   0: 3 0x80004d3a (0xd4e27693) x13 0x00000046
core   0: 0x80004d3e (0x01d11f33) sll     t5, sp, t4
core   0: 3 0x80004d3e (0x01d11f33) x30 0xfec3a000
core   0: 0x80004d42 (0x0034e963) bltu    s1, gp, pc + 18
core   0: 3 0x80004d42 (0x0034e963)
core   0: 0x80004d46 (0x01db8fb3) add     t6, s7, t4
core   0: 3 0x80004d46 (0x01db8fb3) x31 0x00000001
core   0: 0x80004d4a (0xf88b0a13) addi    s4, s6, -120
core   0: 3 0x80004d4a (0xf88b0a13) x20 0xffffff88
core   0: 0x80004d4e (0x00004381) c.li    t2, 0
core   0: 3 0x80004d4e (0x4381) x 7 0x00000000
core   0: 0x80004d50 (0x4155db13) srai    s6, a1, 21
core   0: 3 0x80004d50 (0x4155db13) x22 0x00000000
core   0: 0x80004d54 (0x0000831d) c.srli  a4, 7
core   0: 3 0x80004d54 (0x831d) x14 0x00000000
core   0: 0x80004d56 (0x01a94b63) blt     s2, s10, pc + 22
core   0: 3 0x80004d56 (0x01a94b63)
core   0: 0x80004d5a (0x00008ee1) c.and   a3, s0
core   0: 3 0x80004d5a (0x8ee1) x13 0x00000044
core   0: 0x80004d5c (0x00008c3a) c.mv    s8, a4
core   0: 3 0x80004d5c (0x8c3a) x24 0x00000000
core   0: 0x80004d5e (0x00561213) slli    tp, a2, 5
core   0: 3 0x80004d5e (0x00561213) x 4 0x00539c80
core   0: 0x80004d62 (0x00008d79) c.and   a0, a4
core   0: 3 0x80004d62 (0x8d79) x10 0x00000000
core   0: 0x80004d64 (0x03df8933) mul     s2, t6, t4
core   0: 3 0x80004d64 (0x03df8933) x18 0x00000000
core   0: 0x80004d68 (0x006b5ab3) srl     s5, s6, t1
core   0: 3 0x80004d68 (0x006b5ab3) x21 0x00000000
core   0: 0x80004d6c (0x00008e95) c.sub   a3, a3
core   0: 3 0x80004d6c (0x8e95) x13 0x00000000
core   0: 0x80004d6e (0x02463433) mulhu   s0, a2, tp
core   0: 3 0x80004d6e (0x02463433) x 8 0x0029cf1a
core   0: 0x80004d72 (0x01a62bb3) slt     s7, a2, s10
core   0: 3 0x80004d72 (0x01a62bb3) x23 0x00000001
core   0: 0x80004d76 (0x00009c8e) c.add   s9, gp
core   0: 3 0x80004d76 (0x9c8e) x25 0x0000001d
core   0: 0x80004d78 (0x0522c263) blt     t0, s2, pc + 68
core   0: 3 0x80004d78 (0x0522c263)
core   0: 0x80004d7c (0x02b15f63) bge     sp, a1, pc + 62
core   0: 3 0x80004d7c (0x02b15f63)
core   0: 0x80004d80 (0x00001214) c.addi4spn a3, sp, 288
core   0: 3 0x80004d80 (0x1214) x13 0xfec3a120
core   0: 0x80004d82 (0x00aaf1b3) and     gp, s5, a0
core   0: 3 0x80004d82 (0x00aaf1b3) x 3 0x00000000
core   0: 0x80004d86 (0xf986bc97) auipc   s9, 0xf986b
core   0: 3 0x80004d86 (0xf986bc97) x25 0x7986fd86
core   0: 0x80004d8a (0x031cd533) divu    a0, s9, a7
core   0: 3 0x80004d8a (0x031cd533) x10 0x00488511
core   0: 0x80004d8e (0x00d4bcb3) sltu    s9, s1, a3
core   0: 3 0x80004d8e (0x00d4bcb3) x25 0x00000000
core   0: 0x80004d92 (0x0000c99d) c.beqz  a1, pc + 54
core   0: 3 0x80004d92 (0xc99d)
core   0: 0x80004d94 (0xbdf1e493) ori     s1, gp, -1057
core   0: 3 0x80004d94 (0xbdf1e493) x 9 0xfffffbdf
core   0: 0x80004d98 (0x000080bd) c.srli  s1, 15
core   0: 3 0x80004d98 (0x80bd) x 9 0x0001ffff
core   0: 0x80004d9a (0x01407833) and     a6, zero, s4
core   0: 3 0x80004d9a (0x01407833) x16 0x00000000
core   0: 0x80004d9e (0x00001dfd) c.addi  s11, -1
core   0: 3 0x80004d9e (0x1dfd) x27 0xffffff75
core   0: 0x80004da0 (0x00871233) sll     tp, a4, s0
core   0: 3 0x80004da0 (0x00871233) x 4 0x00000000
core   0: 0x80004da4 (0x019a9413) slli    s0, s5, 25
core   0: 3 0x80004da4 (0x019a9413) x 8 0x00000000
core   0: 0x80004da8 (0x00008921) c.andi  a0, 8
core   0: 3 0x80004da8 (0x8921) x10 0x00000000
core   0: 0x80004daa (0x95308417) auipc   s0, 0x95308
core   0: 3 0x80004daa (0x95308417) x 8 0x1530cdaa
core   0: 0x80004dae (0x0b641d17) auipc   s10, 0xb641
core   0: 3 0x80004dae (0x0b641d17) x26 0x8b645dae
core   0: 0x80004db2 (0x01e05263) bge     zero, t5, pc + 4
core   0: 3 0x80004db2 (0x01e05263)
core   0: 0x80004db6 (0x0e1ff893) andi    a7, t6, 225
core   0: 3 0x80004db6 (0x0e1ff893) x17 0x00000001
core   0: 0x80004dba (0x00004145) c.li    sp, 17
core   0: 3 0x80004dba (0x4145) x 2 0x00000011
core   0: 0x80004dbc (0x0073ad33) slt     s10, t2, t2
core   0: 3 0x80004dbc (0x0073ad33) x26 0x00000000
core   0: 0x80004dc0 (0x03b2b233) mulhu   tp, t0, s11
core   0: 3 0x80004dc0 (0x03b2b233) x 4 0x0000001e
core   0: 0x80004dc4 (0x00d410b3) sll     ra, s0, a3
core   0: 3 0x80004dc4 (0x00d410b3) x 1 0x1530cdaa
core   0: 0x80004dc8 (0x0330c1b3) div     gp, ra, s3
core   0: 3 0x80004dc8 (0x0330c1b3) x 3 0x004d7f47
core   0: 0x80004dcc (0x00df1d63) bne     t5, a3, pc + 26
core   0: 3 0x80004dcc (0x00df1d63)
core   0: 0x80004de6 (0x00008d1d) c.sub   a0, a5
core   0: 3 0x80004de6 (0x8d1d) x10 0x7ffda19c
core   0: 0x80004de8 (0x4da1fa13) andi    s4, gp, 1242
core   0: 3 0x80004de8 (0x4da1fa13) x20 0x00000442
core   0: 0x80004dec (0x00000100) c.addi4spn s0, sp, 128
core   0: 3 0x80004dec (0x0100) x 8 0x00000091
core   0: 0x80004dee (0x00691563) bne     s2, t1, pc + 10
core   0: 3 0x80004dee (0x00691563)
core   0: 0x80004df2 (0x00000275) c.addi  tp, 29
core   0: 3 0x80004df2 (0x0275) x 4 0x0000003b
core   0: 0x80004df4 (0x008dd263) bge     s11, s0, pc + 4
core   0: 3 0x80004df4 (0x008dd263)
core   0: 0x80004df8 (0x00004175) c.li    sp, 29
core   0: 3 0x80004df8 (0x4175) x 2 0x0000001d
core   0: 0x80004dfa (0x00008865) c.andi  s0, 25
core   0: 3 0x80004dfa (0x8865) x 8 0x00000011
core   0: 0x80004dfc (0x0192c533) xor     a0, t0, s9
core   0: 3 0x80004dfc (0x0192c533) x10 0x0000001f
core   0: 0x80004e00 (0xdf3d0197) auipc   gp, 0xdf3d0
core   0: 3 0x80004e00 (0xdf3d0197) x 3 0x5f3d4e00
core   0: 0x80004e04 (0x011a86b3) add     a3, s5, a7
core   0: 3 0x80004e04 (0x011a86b3) x13 0x00000001
core   0: 0x80004e08 (0x01cfd433) srl     s0, t6, t3
core   0: 3 0x80004e08 (0x01cfd433) x 8 0x00000000
core   0: 0x80004e0c (0x02445b63) bge     s0, tp, pc + 54
core   0: 3 0x80004e0c (0x02445b63)
core   0: 0x80004e10 (0x2db97093) andi    ra, s2, 731
core   0: 3 0x80004e10 (0x2db97093) x 1 0x00000000
core   0: 0x80004e14 (0x016ab933) sltu    s2, s5, s6
core   0: 3 0x80004e14 (0x016ab933) x18 0x00000000
core   0: 0x80004e18 (0x00008e81) c.sub   a3, s0
core   0: 3 0x80004e18 (0x8e81) x13 0x00000001
core   0: 0x80004e1a (0x024e7433) remu    s0, t3, tp
core   0: 3 0x80004e1a (0x024e7433) x 8 0x00000009
core   0: 0x80004e1e (0x02dddd63) bge     s11, a3, pc + 58
core   0: 3 0x80004e1e (0x02dddd63)
core   0: 0x80004e22 (0x41c75733) sra     a4, a4, t3
core   0: 3 0x80004e22 (0x41c75733) x14 0x00000000
core   0: 0x80004e26 (0x01361533) sll     a0, a2, s3
core   0: 3 0x80004e26 (0x01361533) x10 0x00a73900
core   0: 0x80004e2a (0x00009d1a) c.add   s10, t1
core   0: 3 0x80004e2a (0x9d1a) x26 0x00000000
core   0: 0x80004e2c (0x01a1e263) bltu    gp, s10, pc + 4
core   0: 3 0x80004e2c (0x01a1e263)
core   0: 0x80004e30 (0x0000615d) c.addi16sp sp, 432
core   0: 3 0x80004e30 (0x615d) x 2 0x000001cd
core   0: 0x80004e32 (0x4104d013) srai    zero, s1, 16
core   0: 3 0x80004e32 (0x4104d013)
core   0: 0x80004e36 (0x01cf5e13) srli    t3, t5, 28
core   0: 3 0x80004e36 (0x01cf5e13) x28 0x0000000f
core   0: 0x80004e3a (0x03817cb3) remu    s9, sp, s8
core   0: 3 0x80004e3a (0x03817cb3) x25 0x000001cd
core   0: 0x80004e3e (0x0155e033) or      zero, a1, s5
core   0: 3 0x80004e3e (0x0155e033)
core   0: 0x80004e42 (0x0a32f913) andi    s2, t0, 163
core   0: 3 0x80004e42 (0x0a32f913) x18 0x00000003
core   0: 0x80004e46 (0x015246b3) xor     a3, tp, s5
core   0: 3 0x80004e46 (0x015246b3) x13 0x0000003b
core   0: 0x80004e4a (0x00008092) c.mv    ra, tp
core   0: 3 0x80004e4a (0x8092) x 1 0x0000003b
core   0: 0x80004e4c (0x00008a0e) c.mv    s4, gp
core   0: 3 0x80004e4c (0x8a0e) x20 0x5f3d4e00
core   0: 0x80004e4e (0x00008425) c.srai  s0, 9
core   0: 3 0x80004e4e (0x8425) x 8 0x00000000
core   0: 0x80004e50 (0x01005993) srli    s3, zero, 16
core   0: 3 0x80004e50 (0x01005993) x19 0x00000000
core   0: 0x80004e54 (0x41bbde13) srai    t3, s7, 27
core   0: 3 0x80004e54 (0x41bbde13) x28 0x00000000
core   0: 0x80004e58 (0x0111a9b3) slt     s3, gp, a7
core   0: 3 0x80004e58 (0x0111a9b3) x19 0x00000000
core   0: 0x80004e5c (0x0000e48d) c.bnez  s1, pc + 42
core   0: 3 0x80004e5c (0xe48d)
core   0: 0x80004e86 (0x00008ef5) c.and   a3, a3
core   0: 3 0x80004e86 (0x8ef5) x13 0x0000003b
core   0: 0x80004e88 (0x0000120c) c.addi4spn a1, sp, 288
core   0: 3 0x80004e88 (0x120c) x11 0x000002ed
core   0: 0x80004e8a (0x00008ed1) c.or    a3, a2
core   0: 3 0x80004e8a (0x8ed1) x13 0x80029cff
core   0: 0x80004e8c (0x021e8963) beq     t4, ra, pc + 50
core   0: 3 0x80004e8c (0x021e8963)
core   0: 0x80004e90 (0x038ada17) auipc   s4, 0x38ad
core   0: 3 0x80004e90 (0x038ada17) x20 0x838b1e90
core   0: 0x80004e94 (0x01ee1db3) sll     s11, t3, t5
core   0: 3 0x80004e94 (0x01ee1db3) x27 0x00000000
core   0: 0x80004e98 (0x98a80a93) addi    s5, a6, -1654
core   0: 3 0x80004e98 (0x98a80a93) x21 0xfffff98a
core   0: 0x80004e9c (0x00000f52) c.slli  t5, 20
core   0: 3 0x80004e9c (0x0f52) x30 0x00000000
core   0: 0x80004e9e (0x0000587d) c.li    a6, -1
core   0: 3 0x80004e9e (0x587d) x16 0xffffffff
core   0: 0x80004ea0 (0x8ac2f393) andi    t2, t0, -1876
core   0: 3 0x80004ea0 (0x8ac2f393) x 7 0x0000000c
core   0: 0x80004ea4 (0x0122e733) or      a4, t0, s2
core   0: 3 0x80004ea4 (0x0122e733) x14 0x0000001f
core   0: 0x80004ea8 (0x0000717d) c.addi16sp sp, -16
core   0: 3 0x80004ea8 (0x717d) x 2 0x000001bd
core   0: 0x80004eaa (0x41528733) sub     a4, t0, s5
core   0: 3 0x80004eaa (0x41528733) x14 0x00000695
core   0: 0x80004eae (0x02b664b3) rem     s1, a2, a1
core   0: 3 0x80004eae (0x02b664b3) x 9 0xfffffdc9
core   0: 0x80004eb2 (0x0000818d) c.srli  a1, 3
core   0: 3 0x80004eb2 (0x818d) x11 0x0000005d
core   0: 0x80004eb4 (0x0ab27d13) andi    s10, tp, 171
core   0: 3 0x80004eb4 (0x0ab27d13) x26 0x0000002b
core   0: 0x80004eb8 (0x00008c39) c.xor   s0, a4
core   0: 3 0x80004eb8 (0x8c39) x 8 0x00000695
core   0: 0x80004eba (0x03f5b033) mulhu   zero, a1, t6
core   0: 3 0x80004eba (0x03f5b033)
core   0: 0x80004ebe (0x40975133) sra     sp, a4, s1
core   0: 3 0x80004ebe (0x40975133) x 2 0x00000003
core   0: 0x80004ec2 (0x039ef933) remu    s2, t4, s9
core   0: 3 0x80004ec2 (0x039ef933) x18 0x00000000
core   0: 0x80004ec6 (0x01bda033) slt     zero, s11, s11
core   0: 3 0x80004ec6 (0x01bda033)
core   0: 0x80004eca (0x0000c81d) c.beqz  s0, pc + 54
core   0: 3 0x80004eca (0xc81d)
core   0: 0x80004ecc (0x0000e495) c.bnez  s1, pc + 44
core   0: 3 0x80004ecc (0xe495)
core   0: 0x80004ef8 (0x03aa0bb3) mul     s7, s4, s10
core   0: 3 0x80004ef8 (0x03aa0bb3) x23 0x185e2230
core   0: 0x80004efc (0xfd4eb1b7) lui     gp, 0xfd4eb
core   0: 3 0x80004efc (0xfd4eb1b7) x 3 0xfd4eb000
core   0: 0x80004f00 (0x017ed5b3) srl     a1, t4, s7
core   0: 3 0x80004f00 (0x017ed5b3) x11 0x00000000
core   0: 0x80004f04 (0x000089da) c.mv    s3, s6
core   0: 3 0x80004f04 (0x89da) x19 0x00000000
core   0: 0x80004f06 (0x003372b3) and     t0, t1, gp
core   0: 3 0x80004f06 (0x003372b3) x 5 0x00000000
core   0: 0x80004f0a (0x01ccca63) blt     s9, t3, pc + 20
core   0: 3 0x80004f0a (0x01ccca63)
core   0: 0x80004f0e (0x0000e0a1) c.bnez  s1, pc + 64
core   0: 3 0x80004f0e (0xe0a1)
core   0: 0x80004f4e (0x03438d63) beq     t2, s4, pc + 58
core   0: 3 0x80004f4e (0x03438d63)
core   0: 0x80004f52 (0x95b0e493) ori     s1, ra, -1701
core   0: 3 0x80004f52 (0x95b0e493) x 9 0xfffff97b
core   0: 0x80004f56 (0x00da9293) slli    t0, s5, 13
core   0: 3 0x80004f56 (0x00da9293) x 5 0xff314000
core   0: 0x80004f5a (0x017dc433) xor     s0, s11, s7
core   0: 3 0x80004f5a (0x017dc433) x 8 0x185e2230
core   0: 0x80004f5e (0x03ae2133) mulhsu  sp, t3, s10
core   0: 3 0x80004f5e (0x03ae2133) x 2 0x00000000
core   0: 0x80004f62 (0x02c69f63) bne     a3, a2, pc + 62
core   0: 3 0x80004f62 (0x02c69f63)
core   0: 0x80004fa0 (0x024ed2b3) divu    t0, t4, tp
core   0: 3 0x80004fa0 (0x024ed2b3) x 5 0x00000000
core   0: 0x80004fa4 (0x00006159) c.addi16sp sp, 400
core   0: 3 0x80004fa4 (0x6159) x 2 0x00000190
core   0: 0x80004fa6 (0x034693b3) mulh    t2, a3, s4
core   0: 3 0x80004fa6 (0x034693b3) x 7 0x3e392b7b
core   0: 0x80004faa (0x028d25b3) mulhsu  a1, s10, s0
core   0: 3 0x80004faa (0x028d25b3) x11 0x00000004
core   0: 0x80004fae (0x2f478e17) auipc   t3, 0x2f478
core   0: 3 0x80004fae (0x2f478e17) x28 0xaf47cfae
core   0: 0x80004fb2 (0x03d3c233) div     tp, t2, t4
core   0: 3 0x80004fb2 (0x03d3c233) x 4 0xffffffff
core   0: 0x80004fb6 (0x00adbcb3) sltu    s9, s11, a0
core   0: 3 0x80004fb6 (0x00adbcb3) x25 0x00000001
core   0: 0x80004fba (0x21d63893) sltiu   a7, a2, 541
core   0: 3 0x80004fba (0x21d63893) x17 0x00000000
core   0: 0x80004fbe (0x014b88b3) add     a7, s7, s4
core   0: 3 0x80004fbe (0x014b88b3) x17 0x9be940c0
core   0: 0x80004fc2 (0x46c7a213) slti    tp, a5, 1132
core   0: 3 0x80004fc2 (0x46c7a213) x 4 0x00000001
core   0: 0x80004fc6 (0x005f65b3) or      a1, t5, t0
core   0: 3 0x80004fc6 (0x005f65b3) x11 0x00000000
core   0: 0x80004fca (0x00008ad9) c.andi  a3, 22
core   0: 3 0x80004fca (0x8ad9) x13 0x00000016
core   0: 0x80004fcc (0x00000001) c.nop
core   0: 3 0x80004fcc (0x0001)
core   0: 0x80004fce (0x005ddc63) bge     s11, t0, pc + 24
core   0: 3 0x80004fce (0x005ddc63)
core   0: 0x80004fe6 (0x03d68733) mul     a4, a3, t4
core   0: 3 0x80004fe6 (0x03d68733) x14 0x00000000
core   0: 0x80004fea (0x00000001) c.nop
core   0: 3 0x80004fea (0x0001)
core   0: 0x80004fec (0x0147dbb3) srl     s7, a5, s4
core   0: 3 0x80004fec (0x0147dbb3) x23 0x00008002
core   0: 0x80004ff0 (0x00008ec9) c.or    a3, a0
core   0: 3 0x80004ff0 (0x8ec9) x13 0x00a73916
core   0: 0x80004ff2 (0x4133da93) srai    s5, t2, 19
core   0: 3 0x80004ff2 (0x4133da93) x21 0x000007c7
core   0: 0x80004ff6 (0x0ff0000f) fence   iorw,iorw
core   0: 3 0x80004ff6 (0x0ff0000f)
core   0: 0x80004ffa (0x014b64b3) or      s1, s6, s4
core   0: 3 0x80004ffa (0x014b64b3) x 9 0x838b1e90
core   0: 0x80004ffe (0x17c8af97) auipc   t6, 0x17c8a
core   0: 3 0x80004ffe (0x17c8af97) x31 0x97c8effe
core   0: 0x80005002 (0x00e21833) sll     a6, tp, a4
core   0: 3 0x80005002 (0x00e21833) x16 0x00000001
core   0: 0x80005006 (0x00f67663) bgeu    a2, a5, pc + 12
core   0: 3 0x80005006 (0x00f67663)
core   0: 0x80005012 (0x0000100f) fence.i
core   0: 3 0x80005012 (0x0000100f)
core   0: 0x80005016 (0x00e59133) sll     sp, a1, a4
core   0: 3 0x80005016 (0x00e59133) x 2 0x00000000
core   0: 0x8000501a (0x00008dbd) c.xor   a1, a5
core   0: 3 0x8000501a (0x8dbd) x11 0x80025e64
core   0: 0x8000501c (0x03940bb3) mul     s7, s0, s9
core   0: 3 0x8000501c (0x03940bb3) x23 0x185e2230
core   0: 0x80005020 (0x038f8033) mul     zero, t6, s8
core   0: 3 0x80005020 (0x038f8033)
core   0: 0x80005024 (0x000098fe) c.add   a7, t6
core   0: 3 0x80005024 (0x98fe) x17 0x33b230be
core   0: 0x80005026 (0x00008c7d) c.and   s0, a5
core   0: 3 0x80005026 (0x8c7d) x 8 0x00020220
core   0: 0x80005028 (0x00008df5) c.and   a1, a3
core   0: 3 0x80005028 (0x8df5) x11 0x00021804
core   0: 0x8000502a (0x03ed9863) bne     s11, t5, pc + 48
core   0: 3 0x8000502a (0x03ed9863)
core   0: 0x8000502e (0x03ad0763) beq     s10, s10, pc + 46
core   0: 3 0x8000502e (0x03ad0763)
core   0: 0x8000505c (0x01157533) and     a0, a0, a7
core   0: 3 0x8000505c (0x01157533) x10 0x00a23000
core   0: 0x80005060 (0x03d6c933) div     s2, a3, t4
core   0: 3 0x80005060 (0x03d6c933) x18 0xffffffff
core   0: 0x80005064 (0x419c5913) srai    s2, s8, 25
core   0: 3 0x80005064 (0x419c5913) x18 0x00000000
core   0: 0x80005068 (0x00008d4d) c.or    a0, a1
core   0: 3 0x80005068 (0x8d4d) x10 0x00a23804
core   0: 0x8000506a (0x00000cc1) c.addi  s9, 16
core   0: 3 0x8000506a (0x0cc1) x25 0x00000011
core   0: 0x8000506c (0x029bfb63) bgeu    s7, s1, pc + 54
core   0: 3 0x8000506c (0x029bfb63)
core   0: 0x80005070 (0x00000001) c.nop
core   0: 3 0x80005070 (0x0001)
core   0: 0x80005072 (0x3e7d6593) ori     a1, s10, 999
core   0: 3 0x80005072 (0x3e7d6593) x11 0x000003ef
core   0: 0x80005076 (0x03f482b3) mul     t0, s1, t6
core   0: 3 0x80005076 (0x03f482b3) x 5 0x3610c2e0
core   0: 0x8000507a (0xa9265bb7) lui     s7, 0xa9265
core   0: 3 0x8000507a (0xa9265bb7) x23 0xa9265000
core   0: 0x8000507e (0x024770b3) remu    ra, a4, tp
core   0: 3 0x8000507e (0x024770b3) x 1 0x00000000
core   0: 0x80005082 (0xc6547d13) andi    s10, s0, -923
core   0: 3 0x80005082 (0xc6547d13) x26 0x00020020
core   0: 0x80005086 (0x032ba933) mulhsu  s2, s7, s2
core   0: 3 0x80005086 (0x032ba933) x18 0x00000000
core   0: 0x8000508a (0x01e9d213) srli    tp, s3, 30
core   0: 3 0x8000508a (0x01e9d213) x 4 0x00000000
core   0: 0x8000508e (0x0000100f) fence.i
core   0: 3 0x8000508e (0x0000100f)
core   0: 0x80005092 (0x00001f7d) c.addi  t5, -1
core   0: 3 0x80005092 (0x1f7d) x30 0xffffffff
core   0: 0x80005094 (0x00008475) c.srai  s0, 29
core   0: 3 0x80005094 (0x8475) x 8 0x00000000
core   0: 0x80005096 (0x01594263) blt     s2, s5, pc + 4
core   0: 3 0x80005096 (0x01594263)
core   0: 0x8000509a (0x01076c63) bltu    a4, a6, pc + 24
core   0: 3 0x8000509a (0x01076c63)
core   0: 0x800050b2 (0x02d6d3b3) divu    t2, a3, a3
core   0: 3 0x800050b2 (0x02d6d3b3) x 7 0x00000001
core   0: 0x800050b6 (0x004f3fb3) sltu    t6, t5, tp
core   0: 3 0x800050b6 (0x004f3fb3) x31 0x00000000
core   0: 0x800050ba (0x00008fee) c.mv    t6, s11
core   0: 3 0x800050ba (0x8fee) x31 0x00000000
core   0: 0x800050bc (0x03fe5a63) bge     t3, t6, pc + 52
core   0: 3 0x800050bc (0x03fe5a63)
core   0: 0x800050c0 (0x02d732b3) mulhu   t0, a4, a3
core   0: 3 0x800050c0 (0x02d732b3) x 5 0x00000000
core   0: 0x800050c4 (0xd0762f13) slti    t5, a2, -761
core   0: 3 0x800050c4 (0xd0762f13) x30 0x00000001
core   0: 0x800050c8 (0x00000c8a) c.slli  s9, 2
core   0: 3 0x800050c8 (0x0c8a) x25 0x00000044
core   0: 0x800050ca (0x00efb733) sltu    a4, t6, a4
core   0: 3 0x800050ca (0x00efb733) x14 0x00000000
core   0: 0x800050ce (0x02eba2b3) mulhsu  t0, s7, a4
core   0: 3 0x800050ce (0x02eba2b3) x 5 0x00000000
core   0: 0x800050d2 (0x80cabd13) sltiu   s10, s5, -2036
core   0: 3 0x800050d2 (0x80cabd13) x26 0x00000001
core   0: 0x800050d6 (0x40ef0e33) sub     t3, t5, a4
core   0: 3 0x800050d6 (0x40ef0e33) x28 0x00000001
core   0: 0x800050da (0x0000c009) c.beqz  s0, pc + 2
core   0: 3 0x800050da (0xc009)
core   0: 0x800050dc (0x00004d25) c.li    s10, 9
core   0: 3 0x800050dc (0x4d25) x26 0x00000009
core   0: 0x800050de (0x0000ec01) c.bnez  s0, pc + 24
core   0: 3 0x800050de (0xec01)
core   0: 0x800050e0 (0xf32c6513) ori     a0, s8, -206
core   0: 3 0x800050e0 (0xf32c6513) x10 0xffffff32
core   0: 0x800050e4 (0x0000100f) fence.i
core   0: 3 0x800050e4 (0x0000100f)
core   0: 0x800050e8 (0x00008dc1) c.or    a1, s0
core   0: 3 0x800050e8 (0x8dc1) x11 0x000003ef
core   0: 0x800050ea (0x03a7f9b3) remu    s3, a5, s10
core   0: 3 0x800050ea (0x03a7f9b3) x19 0x00000006
core   0: 0x800050ee (0x00008875) c.andi  s0, 29
core   0: 3 0x800050ee (0x8875) x 8 0x00000000
core   0: 0x800050f0 (0x000090e6) c.add   ra, s9
core   0: 3 0x800050f0 (0x90e6) x 1 0x00000044
core   0: 0x800050f2 (0x02e3e0b3) rem     ra, t2, a4
core   0: 3 0x800050f2 (0x02e3e0b3) x 1 0x00000001
core   0: 0x800050f6 (0x15054513) xori    a0, a0, 336
core   0: 3 0x800050f6 (0x15054513) x10 0xfffffe62
core   0: 0x800050fa (0x01d0c2b3) xor     t0, ra, t4
core   0: 3 0x800050fa (0x01d0c2b3) x 5 0x00000001
core   0: 0x800050fe (0x00b956b3) srl     a3, s2, a1
core   0: 3 0x800050fe (0x00b956b3) x13 0x00000000
core   0: 0x80005102 (0x00a85893) srli    a7, a6, 10
core   0: 3 0x80005102 (0x00a85893) x17 0x00000000
core   0: 0x80005106 (0x0232ce33) div     t3, t0, gp
core   0: 3 0x80005106 (0x0232ce33) x28 0x00000000
core   0: 0x8000510a (0x0000c909) c.beqz  a0, pc + 18
core   0: 3 0x8000510a (0xc909)
core   0: 0x8000510c (0x03adc663) blt     s11, s10, pc + 44
core   0: 3 0x8000510c (0x03adc663)
core   0: 0x80005138 (0x00008c85) c.sub   s1, s1
core   0: 3 0x80005138 (0x8c85) x 9 0x00000000
core   0: 0x8000513a (0x01544e33) xor     t3, s0, s5
core   0: 3 0x8000513a (0x01544e33) x28 0x000007c7
core   0: 0x8000513e (0x0ecdeb37) lui     s6, 0xecde
core   0: 3 0x8000513e (0x0ecdeb37) x22 0x0ecde000
core   0: 0x80005142 (0x01b971b3) and     gp, s2, s11
core   0: 3 0x80005142 (0x01b971b3) x 3 0x00000000
core   0: 0x80005146 (0x0135e6b3) or      a3, a1, s3
core   0: 3 0x80005146 (0x0135e6b3) x13 0x000003ef
core   0: 0x8000514a (0x00000001) c.nop
core   0: 3 0x8000514a (0x0001)
core   0: 0x8000514c (0x03822fb3) mulhsu  t6, tp, s8
core   0: 3 0x8000514c (0x03822fb3) x31 0x00000000
core   0: 0x80005150 (0x8a3d8913) addi    s2, s11, -1885
core   0: 3 0x80005150 (0x8a3d8913) x18 0xfffff8a3
core   0: 0x80005154 (0x00f40b33) add     s6, s0, a5
core   0: 3 0x80005154 (0x00f40b33) x22 0x80025e64
core   0: 0x80005158 (0x00c40db3) add     s11, s0, a2
core   0: 3 0x80005158 (0x00c40db3) x27 0x80029ce4
core   0: 0x8000515c (0x00008699) c.srai  a3, 6
core   0: 3 0x8000515c (0x8699) x13 0x0000000f
core   0: 0x8000515e (0x41b805b3) sub     a1, a6, s11
core   0: 3 0x8000515e (0x41b805b3) x11 0x7ffd631d
core   0: 0x80005162 (0x08377c93) andi    s9, a4, 131
core   0: 3 0x80005162 (0x08377c93) x25 0x00000000
core   0: 0x80005166 (0x01c46733) or      a4, s0, t3
core   0: 3 0x80005166 (0x01c46733) x14 0x000007c7
core   0: 0x8000516a (0x02f80433) mul     s0, a6, a5
core   0: 3 0x8000516a (0x02f80433) x 8 0x80025e64
core   0: 0x8000516e (0x00008c89) c.sub   s1, a0
core   0: 3 0x8000516e (0x8c89) x 9 0x0000019e
core   0: 0x80005170 (0x0000815d) c.srli  a0, 23
core   0: 3 0x80005170 (0x815d) x10 0x000001ff
core   0: 0x80005172 (0x00008fe2) c.mv    t6, s8
core   0: 3 0x80005172 (0x8fe2) x31 0x00000000
core   0: 0x80005174 (0x02be20b3) mulhsu  ra, t3, a1
core   0: 3 0x80005174 (0x02be20b3) x 1 0x000003e3
core   0: 0x80005178 (0x00ce7233) and     tp, t3, a2
core   0: 3 0x80005178 (0x00ce7233) x 4 0x000004c4
core   0: 0x8000517c (0x8450cc13) xori    s8, ra, -1979
core   0: 3 0x8000517c (0x8450cc13) x24 0xfffffba6
core   0: 0x80005180 (0x00000d56) c.slli  s10, 21
core   0: 3 0x80005180 (0x0d56) x26 0x01200000
core   0: 0x80005182 (0x01ebfbb3) and     s7, s7, t5
core   0: 3 0x80005182 (0x01ebfbb3) x23 0x00000000
core   0: 0x80005186 (0x0000100f) fence.i
core   0: 3 0x80005186 (0x0000100f)
core   0: 0x8000518a (0x00008eb1) c.xor   a3, a2
core   0: 3 0x8000518a (0x8eb1) x13 0x80029ceb
core   0: 0x8000518c (0x000066b9) c.lui   a3, 0xe
core   0: 3 0x8000518c (0x66b9) x13 0x0000e000
core   0: 0x8000518e (0x034635b3) mulhu   a1, a2, s4
core   0: 3 0x8000518e (0x034635b3) x11 0x41c6e6fc
core   0: 0x80005192 (0x014f5d33) srl     s10, t5, s4
core   0: 3 0x80005192 (0x014f5d33) x26 0x00000000
core   0: 0x80005196 (0x00008065) c.srli  s0, 25
core   0: 3 0x80005196 (0x8065) x 8 0x00000040
core   0: 0x80005198 (0x00001a00) c.addi4spn s0, sp, 304
core   0: 3 0x80005198 (0x1a00) x 8 0x00000130
core   0: 0x8000519a (0x0000547d) c.li    s0, -1
core   0: 3 0x8000519a (0x547d) x 8 0xffffffff
core   0: 0x8000519c (0x00022a33) slt     s4, tp, zero
core   0: 3 0x8000519c (0x00022a33) x20 0x00000000
core   0: 0x800051a0 (0x0000717d) c.addi16sp sp, -16
core   0: 3 0x800051a0 (0x717d) x 2 0xfffffff0
core   0: 0x800051a2 (0x01f94e33) xor     t3, s2, t6
core   0: 3 0x800051a2 (0x01f94e33) x28 0xfffff8a3
core   0: 0x800051a6 (0x02e58463) beq     a1, a4, pc + 40
core   0: 3 0x800051a6 (0x02e58463)
core   0: 0x800051aa (0x029c2233) mulhsu  tp, s8, s1
core   0: 3 0x800051aa (0x029c2233) x 4 0xffffffff
core   0: 0x800051ae (0x01a28933) add     s2, t0, s10
core   0: 3 0x800051ae (0x01a28933) x18 0x00000001
core   0: 0x800051b2 (0x00ccf433) and     s0, s9, a2
core   0: 3 0x800051b2 (0x00ccf433) x 8 0x00000000
core   0: 0x800051b6 (0xd318e117) auipc   sp, 0xd318e
core   0: 3 0x800051b6 (0xd318e117) x 2 0x531931b6
core   0: 0x800051ba (0x00000001) c.nop
core   0: 3 0x800051ba (0x0001)
core   0: 0x800051bc (0x0ff0000f) fence   iorw,iorw
core   0: 3 0x800051bc (0x0ff0000f)
core   0: 0x800051c0 (0x02379333) mulh    t1, a5, gp
core   0: 3 0x800051c0 (0x02379333) x 6 0x00000000
core   0: 0x800051c4 (0x035b1363) bne     s6, s5, pc + 38
core   0: 3 0x800051c4 (0x035b1363)
core   0: 0x800051ea (0x00e01013) slli    zero, zero, 14
core   0: 3 0x800051ea (0x00e01013)
core   0: 0x800051ee (0x00c159b3) srl     s3, sp, a2
core   0: 3 0x800051ee (0x00c159b3) x19 0x0531931b
core   0: 0x800051f2 (0x0126e3b3) or      t2, a3, s2
core   0: 3 0x800051f2 (0x0126e3b3) x 7 0x0000e001
core   0: 0x800051f6 (0x000051fd) c.li    gp, -1
core   0: 3 0x800051f6 (0x51fd) x 3 0xffffffff
core   0: 0x800051f8 (0xaadb8693) addi    a3, s7, -1363
core   0: 3 0x800051f8 (0xaadb8693) x13 0xfffffaad
core   0: 0x800051fc (0x00001afd) c.addi  s5, -1
core   0: 3 0x800051fc (0x1afd) x21 0x000007c6
core   0: 0x800051fe (0x0ff0000f) fence   iorw,iorw
core   0: 3 0x800051fe (0x0ff0000f)
core   0: 0x80005202 (0x0000100f) fence.i
core   0: 3 0x80005202 (0x0000100f)
core   0: 0x80005206 (0x00aa9e13) slli    t3, s5, 10
core   0: 3 0x80005206 (0x00aa9e13) x28 0x001f1800
core   0: 0x8000520a (0x03a35b63) bge     t1, s10, pc + 54
core   0: 3 0x8000520a (0x03a35b63)
core   0: 0x80005240 (0x00a68ab3) add     s5, a3, a0
core   0: 3 0x80005240 (0x00a68ab3) x21 0xfffffcac
core   0: 0x80005244 (0x0ff0000f) fence   iorw,iorw
core   0: 3 0x80005244 (0x0ff0000f)
core   0: 0x80005248 (0x038a42b3) div     t0, s4, s8
core   0: 3 0x80005248 (0x038a42b3) x 5 0x00000000
core   0: 0x8000524c (0x09e27363) bgeu    tp, t5, pc + 134
core   0: 3 0x8000524c (0x09e27363)
core   0: 0x800052d2 (0x02e19433) mulh    s0, gp, a4
core   0: 3 0x800052d2 (0x02e19433) x 8 0xffffffff
core   0: 0x800052d6 (0x0000876a) c.mv    a4, s10
core   0: 3 0x800052d6 (0x876a) x14 0x00000000
core   0: 0x800052d8 (0x002feb63) bltu    t6, sp, pc + 22
core   0: 3 0x800052d8 (0x002feb63)
core   0: 0x800052ee (0x00008ca1) c.xor   s1, s0
core   0: 3 0x800052ee (0x8ca1) x 9 0xfffffe61
core   0: 0x800052f0 (0x007301b3) add     gp, t1, t2
core   0: 3 0x800052f0 (0x007301b3) x 3 0x0000e001
core   0: 0x800052f4 (0x0000e88d) c.bnez  s1, pc + 50
core   0: 3 0x800052f4 (0xe88d)
core   0: 0x80005326 (0xae1d35b7) lui     a1, 0xae1d3
core   0: 3 0x80005326 (0xae1d35b7) x11 0xae1d3000
core   0: 0x8000532a (0x00f57c33) and     s8, a0, a5
core   0: 3 0x8000532a (0x00f57c33) x24 0x00000064
core   0: 0x8000532e (0x00014597) auipc   a1, 0x14
core   0: 3 0x8000532e (0x00014597) x11 0x8001932e
core   0: 0x80005332 (0xf7b58593) addi    a1, a1, -133
core   0: 3 0x80005332 (0xf7b58593) x11 0x800192a9
core   0: 0x80005336 (0x00018d17) auipc   s10, 0x18
core   0: 3 0x80005336 (0x00018d17) x26 0x8001d336
core   0: 0x8000533a (0x076d0d13) addi    s10, s10, 118
core   0: 3 0x8000533a (0x076d0d13) x26 0x8001d3ac
core   0: 0x8000533e (0x00018c97) auipc   s9, 0x18
core   0: 3 0x8000533e (0x00018c97) x25 0x8001d33e
core   0: 0x80005342 (0x6b5c8c93) addi    s9, s9, 1717
core   0: 3 0x80005342 (0x6b5c8c93) x25 0x8001d9f3
core   0: 0x80005346 (0x0000d817) auipc   a6, 0xd
core   0: 3 0x80005346 (0x0000d817) x16 0x80012346
core   0: 0x8000534a (0xc1380813) addi    a6, a6, -1005
core   0: 3 0x8000534a (0xc1380813) x16 0x80011f59
core   0: 0x8000534e (0x628598a3) sh      s0, 1585(a1)
core   0: 3 0x8000534e (0x628598a3) mem 0x800198da 0xffff
core   0: 0x80005352 (0xe47c8e23) sb      t2, -420(s9)
core   0: 3 0x80005352 (0xe47c8e23) mem 0x8001d84f 0x1
core   0: 0x80005356 (0x0ed84483) lbu     s1, 237(a6)
core   0: 3 0x80005356 (0x0ed84483) x 9 0x000000f4 mem 0x80012046
core   0: 0x8000535a (0xddbd0683) lb      a3, -549(s10)
core   0: 3 0x8000535a (0xddbd0683) x13 0xffffffb2 mem 0x8001d187
core   0: 0x8000535e (0xcd6c8a03) lb      s4, -810(s9)
core   0: 3 0x8000535e (0xcd6c8a03) x20 0xffffffa8 mem 0x8001d6c9
core   0: 0x80005362 (0xc0cd2483) lw      s1, -1012(s10)
core   0: 3 0x80005362 (0xc0cd2483) x 9 0x82fb51f9 mem 0x8001cfb8
core   0: 0x80005366 (0x7d4c88a3) sb      s4, 2001(s9)
core   0: 3 0x80005366 (0x7d4c88a3) mem 0x8001e1c4 0xa8
core   0: 0x8000536a (0xaa85c483) lbu     s1, -1368(a1)
core   0: 3 0x8000536a (0xaa85c483) x 9 0x0000004d mem 0x80018d51
core   0: 0x8000536e (0xeafd0da3) sb      a5, -325(s10)
core   0: 3 0x8000536e (0xeafd0da3) mem 0x8001d267 0x64
core   0: 0x80005372 (0xdb359d83) lh      s11, -589(a1)
core   0: 3 0x80005372 (0xdb359d83) x27 0xffffd409 mem 0x8001905c
core   0: 0x80005376 (0xd74cca03) lbu     s4, -652(s9)
core   0: 3 0x80005376 (0xd74cca03) x20 0x00000077 mem 0x8001d767
core   0: 0x8000537a (0x55b59103) lh      sp, 1371(a1)
core   0: 3 0x8000537a (0x55b59103) x 2 0x0000229e mem 0x80019804
core   0: 0x8000537e (0x2f6d06a3) sb      s6, 749(s10)
core   0: 3 0x8000537e (0x2f6d06a3) mem 0x8001d699 0x64
core   0: 0x80005382 (0x488cce03) lbu     t3, 1160(s9)
core   0: 3 0x80005382 (0x488cce03) x28 0x000000aa mem 0x8001de7b
core   0: 0x80005386 (0xeec58103) lb      sp, -276(a1)
core   0: 3 0x80005386 (0xeec58103) x 2 0x00000070 mem 0x80019195
core   0: 0x8000538a (0xf4c84b83) lbu     s7, -180(a6)
core   0: 3 0x8000538a (0xf4c84b83) x23 0x0000004f mem 0x80011ea5
core   0: 0x8000538e (0x5c4d09a3) sb      tp, 1491(s10)
core   0: 3 0x8000538e (0x5c4d09a3) mem 0x8001d97f 0xff
core   0: 0x80005392 (0xaad5a7a3) sw      a3, -1361(a1)
core   0: 3 0x80005392 (0xaad5a7a3) mem 0x80018d58 0xffffffb2
core   0: 0x80005396 (0x2a0c93a3) sh      zero, 679(s9)
core   0: 3 0x80005396 (0x2a0c93a3) mem 0x8001dc9a 0x0000
core   0: 0x8000539a (0x73559b03) lh      s6, 1845(a1)
core   0: 3 0x8000539a (0x73559b03) x22 0x00004722 mem 0x800199de
core   0: 0x8000539e (0x4a7d4103) lbu     sp, 1191(s10)
core   0: 3 0x8000539e (0x4a7d4103) x 2 0x00000013 mem 0x8001d853
core   0: 0x800053a2 (0xf3280423) sb      s2, -216(a6)
core   0: 3 0x800053a2 (0xf3280423) mem 0x80011e81 0x1
core   0: 0x800053a6 (0xff484183) lbu     gp, -12(a6)
core   0: 3 0x800053a6 (0xff484183) x 3 0x00000019 mem 0x80011f4d
core   0: 0x800053aa (0xd49c8b83) lb      s7, -695(s9)
core   0: 3 0x800053aa (0xd49c8b83) x23 0xffffff86 mem 0x8001d73c
core   0: 0x800053ae (0x37bd4a03) lbu     s4, 891(s10)
core   0: 3 0x800053ae (0x37bd4a03) x20 0x00000023 mem 0x8001d727
core   0: 0x800053b2 (0xf3981503) lh      a0, -199(a6)
core   0: 3 0x800053b2 (0xf3981503) x10 0x0000029b mem 0x80011e92
core   0: 0x800053b6 (0x7a4c8303) lb      t1, 1956(s9)
core   0: 3 0x800053b6 (0x7a4c8303) x 6 0xffffffe8 mem 0x8001e197
core   0: 0x800053ba (0xfd180f83) lb      t6, -47(a6)
core   0: 3 0x800053ba (0xfd180f83) x31 0xffffffe8 mem 0x80011f2a
core   0: 0x800053be (0x4365cf03) lbu     t5, 1078(a1)
core   0: 3 0x800053be (0x4365cf03) x30 0x00000027 mem 0x800196df
core   0: 0x800053c2 (0xaead1e03) lh      t3, -1302(s10)
core   0: 3 0x800053c2 (0xaead1e03) x28 0x00007f7f mem 0x8001ce96
core   0: 0x800053c6 (0xf1284083) lbu     ra, -238(a6)
core   0: 3 0x800053c6 (0xf1284083) x 1 0x000000b1 mem 0x80011e6b
core   0: 0x800053ca (0x28958723) sb      s1, 654(a1)
core   0: 3 0x800053ca (0x28958723) mem 0x80019537 0x4d
core   0: 0x800053ce (0xbfe5c383) lbu     t2, -1026(a1)
core   0: 3 0x800053ce (0xbfe5c383) x 7 0x00000041 mem 0x80018ea7
core   0: 0x800053d2 (0x0c985d83) lhu     s11, 201(a6)
core   0: 3 0x800053d2 (0x0c985d83) x27 0x0000e687 mem 0x80012022
core   0: 0x800053d6 (0xdf4c8b83) lb      s7, -524(s9)
core   0: 3 0x800053d6 (0xdf4c8b83) x23 0x00000076 mem 0x8001d7e7
core   0: 0x800053da (0xa42d5d83) lhu     s11, -1470(s10)
core   0: 3 0x800053da (0xa42d5d83) x27 0x00009332 mem 0x8001cdee
core   0: 0x800053de (0x40a9d693) srai    a3, s3, 10
core   0: 3 0x800053de (0x40a9d693) x13 0x00014c64
core   0: 0x800053e2 (0x02046f63) bltu    s0, zero, pc + 62
core   0: 3 0x800053e2 (0x02046f63)
core   0: 0x800053e6 (0xe0d44293) xori    t0, s0, -499
core   0: 3 0x800053e6 (0xe0d44293) x 5 0x000001f2
core   0: 0x800053ea (0x00008315) c.srli  a4, 5
core   0: 3 0x800053ea (0x8315) x14 0x00000000
core   0: 0x800053ec (0x03b332b3) mulhu   t0, t1, s11
core   0: 3 0x800053ec (0x03b332b3) x 5 0x00009331
core   0: 0x800053f0 (0x0000717d) c.addi16sp sp, -16
core   0: 3 0x800053f0 (0x717d) x 2 0x00000003
core   0: 0x800053f2 (0x00009b4a) c.add   s6, s2
core   0: 3 0x800053f2 (0x9b4a) x22 0x00004723
core   0: 0x800053f4 (0x039181b3) mul     gp, gp, s9
core   0: 3 0x800053f4 (0x039181b3) x 3 0x802e48bb
core   0: 0x800053f8 (0x0000ed85) c.bnez  a1, pc + 56
core   0: 3 0x800053f8 (0xed85)
core   0: 0x80005430 (0x020f75b3) remu    a1, t5, zero
core   0: 3 0x80005430 (0x020f75b3) x11 0x00000027
core   0: 0x80005434 (0x0366ee33) rem     t3, a3, s6
core   0: 3 0x80005434 (0x0366ee33) x28 0x00002fd8
core   0: 0x80005438 (0x0ff0000f) fence   iorw,iorw
core   0: 3 0x80005438 (0x0ff0000f)
core   0: 0x8000543c (0x0000147d) c.addi  s0, -1
core   0: 3 0x8000543c (0x147d) x 8 0xfffffffe
core   0: 0x8000543e (0x018a3fb3) sltu    t6, s4, s8
core   0: 3 0x8000543e (0x018a3fb3) x31 0x00000001
core   0: 0x80005442 (0x00000001) c.nop
core   0: 3 0x80005442 (0x0001)
core   0: 0x80005444 (0x01a4ec33) or      s8, s1, s10
core   0: 3 0x80005444 (0x01a4ec33) x24 0x8001d3ed
core   0: 0x80005448 (0x0387d463) bge     a5, s8, pc + 40
core   0: 3 0x80005448 (0x0387d463)
core   0: 0x80005470 (0x02a769b3) rem     s3, a4, a0
core   0: 3 0x80005470 (0x02a769b3) x19 0x00000000
core   0: 0x80005474 (0x18382d93) slti    s11, a6, 387
core   0: 3 0x80005474 (0x18382d93) x27 0x00000001
core   0: 0x80005478 (0x03e2ec33) rem     s8, t0, t5
core   0: 3 0x80005478 (0x03e2ec33) x24 0x00000007
core   0: 0x8000547c (0x00000001) c.nop
core   0: 3 0x8000547c (0x0001)
core   0: 0x8000547e (0x03d65433) divu    s0, a2, t4
core   0: 3 0x8000547e (0x03d65433) x 8 0xffffffff
core   0: 0x80005482 (0x0000c285) c.beqz  a3, pc + 32
core   0: 3 0x80005482 (0xc285)
core   0: 0x80005484 (0x0128b733) sltu    a4, a7, s2
core   0: 3 0x80005484 (0x0128b733) x14 0x00000001
core   0: 0x80005488 (0x00000094) c.addi4spn a3, sp, 64
core   0: 3 0x80005488 (0x0094) x13 0x00000043
core   0: 0x8000548a (0x00008bfa) c.mv    s7, t5
core   0: 3 0x8000548a (0x8bfa) x23 0x00000027
core   0: 0x8000548c (0x00000001) c.nop
core   0: 3 0x8000548c (0x0001)
core   0: 0x8000548e (0x03f9a9b3) mulhsu  s3, s3, t6
core   0: 3 0x8000548e (0x03f9a9b3) x19 0x00000000
core   0: 0x80005492 (0x02adda33) divu    s4, s11, a0
core   0: 3 0x80005492 (0x02adda33) x20 0x00000000
core   0: 0x80005496 (0x014d56b3) srl     a3, s10, s4
core   0: 3 0x80005496 (0x014d56b3) x13 0x8001d3ac
core   0: 0x8000549a (0x0000e30d) c.bnez  a4, pc + 34
core   0: 3 0x8000549a (0xe30d)
core   0: 0x800054bc (0xb1a63a13) sltiu   s4, a2, -1254
core   0: 3 0x800054bc (0xb1a63a13) x20 0x00000001
core   0: 0x800054c0 (0xeede7d93) andi    s11, t3, -275
core   0: 3 0x800054c0 (0xeede7d93) x27 0x00002ec8
core   0: 0x800054c4 (0x00008de1) c.and   a1, s0
core   0: 3 0x800054c4 (0x8de1) x11 0x00000027
core   0: 0x800054c6 (0x00000222) c.slli  tp, 8
core   0: 3 0x800054c6 (0x0222) x 4 0xffffff00
core   0: 0x800054c8 (0xe7261c17) auipc   s8, 0xe7261
core   0: 3 0x800054c8 (0xe7261c17) x24 0x672664c8
core   0: 0x800054cc (0x0000cb09) c.beqz  a4, pc + 18
core   0: 3 0x800054cc (0xcb09)
core   0: 0x800054ce (0x03c8c333) div     t1, a7, t3
core   0: 3 0x800054ce (0x03c8c333) x 6 0x00000000
core   0: 0x800054d2 (0x00008c0d) c.sub   s0, a1
core   0: 3 0x800054d2 (0x8c0d) x 8 0xffffffd8
core   0: 0x800054d4 (0x002392b3) sll     t0, t2, sp
core   0: 3 0x800054d4 (0x002392b3) x 5 0x00000208
core   0: 0x800054d8 (0x9c5ffb93) andi    s7, t6, -1595
core   0: 3 0x800054d8 (0x9c5ffb93) x23 0x00000001
core   0: 0x800054dc (0x0000e885) c.bnez  s1, pc + 48
core   0: 3 0x800054dc (0xe885)
core   0: 0x8000550c (0x034e9133) mulh    sp, t4, s4
core   0: 3 0x8000550c (0x034e9133) x 2 0x00000000
core   0: 0x80005510 (0x2893f913) andi    s2, t2, 649
core   0: 3 0x80005510 (0x2893f913) x18 0x00000001
core   0: 0x80005514 (0x000086a9) c.srai  a3, 10
core   0: 3 0x80005514 (0x86a9) x13 0xffe00074
core   0: 0x80005516 (0x020629b3) mulhsu  s3, a2, zero
core   0: 3 0x80005516 (0x020629b3) x19 0x00000000
core   0: 0x8000551a (0x04788163) beq     a7, t2, pc + 66
core   0: 3 0x8000551a (0x04788163)
core   0: 0x8000551e (0x00000001) c.nop
core   0: 3 0x8000551e (0x0001)
core   0: 0x80005520 (0x5c568593) addi    a1, a3, 1477
core   0: 3 0x80005520 (0x5c568593) x11 0xffe00639
core   0: 0x80005524 (0x250203b7) lui     t2, 0x25020
core   0: 3 0x80005524 (0x250203b7) x 7 0x25020000
core   0: 0x80005528 (0x00008c71) c.and   s0, a2
core   0: 3 0x80005528 (0x8c71) x 8 0x80029cc0
core   0: 0x8000552a (0x00df8733) add     a4, t6, a3
core   0: 3 0x8000552a (0x00df8733) x14 0xffe00075
core   0: 0x8000552e (0x000089d9) c.andi  a1, 22
core   0: 3 0x8000552e (0x89d9) x11 0x00000010
core   0: 0x80005530 (0xc0728313) addi    t1, t0, -1017
core   0: 3 0x80005530 (0xc0728313) x 6 0xfffffe0f
core   0: 0x80005534 (0x00ae02b3) add     t0, t3, a0
core   0: 3 0x80005534 (0x00ae02b3) x 5 0x00003273
core   0: 0x80005538 (0x972dd817) auipc   a6, 0x972dd
core   0: 3 0x80005538 (0x972dd817) x16 0x172e2538
core   0: 0x8000553c (0x0000805d) c.srli  s0, 23
core   0: 3 0x8000553c (0x805d) x 8 0x00000100
core   0: 0x8000553e (0xec4dbc17) auipc   s8, 0xec4db
core   0: 3 0x8000553e (0xec4dbc17) x24 0x6c4e053e
core   0: 0x80005542 (0x01ac4563) blt     s8, s10, pc + 10
core   0: 3 0x80005542 (0x01ac4563)
core   0: 0x80005546 (0x00008f29) c.xor   a4, a0
core   0: 3 0x80005546 (0x8f29) x14 0xffe002ee
core   0: 0x80005548 (0x00819993) slli    s3, gp, 8
core   0: 3 0x80005548 (0x00819993) x19 0x2e48bb00
core   0: 0x8000554c (0x651d3737) lui     a4, 0x651d3
core   0: 3 0x8000554c (0x651d3737) x14 0x651d3000
core   0: 0x80005550 (0x02842fb3) mulhsu  t6, s0, s0
core   0: 3 0x80005550 (0x02842fb3) x31 0x00000000
core   0: 0x80005554 (0x01c6d313) srli    t1, a3, 28
core   0: 3 0x80005554 (0x01c6d313) x 6 0x0000000f
core   0: 0x80005558 (0xd9072b93) slti    s7, a4, -624
core   0: 3 0x80005558 (0xd9072b93) x23 0x00000000
core   0: 0x8000555c (0x01b4f963) bgeu    s1, s11, pc + 18
core   0: 3 0x8000555c (0x01b4f963)
core   0: 0x80005560 (0x00008db5) c.xor   a1, a3
core   0: 3 0x80005560 (0x8db5) x11 0xffe00064
core   0: 0x80005562 (0x02e93233) mulhu   tp, s2, a4
core   0: 3 0x80005562 (0x02e93233) x 4 0x00000000
core   0: 0x80005566 (0x00001b08) c.addi4spn a0, sp, 432
core   0: 3 0x80005566 (0x1b08) x10 0x000001b0
core   0: 0x80005568 (0x00008375) c.srli  a4, 29
core   0: 3 0x80005568 (0x8375) x14 0x00000003
core   0: 0x8000556a (0x00008bf2) c.mv    s7, t3
core   0: 3 0x8000556a (0x8bf2) x23 0x00002fd8
core   0: 0x8000556c (0x00009b36) c.add   s6, a3
core   0: 3 0x8000556c (0x9b36) x22 0xffe04797
core   0: 0x8000556e (0x0000717d) c.addi16sp sp, -16
core   0: 3 0x8000556e (0x717d) x 2 0xfffffff0
core   0: 0x80005570 (0x00008141) c.srli  a0, 16
core   0: 3 0x80005570 (0x8141) x10 0x00000000
core   0: 0x80005572 (0x011d5b33) srl     s6, s10, a7
core   0: 3 0x80005572 (0x011d5b33) x22 0x8001d3ac
core   0: 0x80005576 (0x102d3693) sltiu   a3, s10, 258
core   0: 3 0x80005576 (0x102d3693) x13 0x00000000
core   0: 0x8000557a (0x67eff497) auipc   s1, 0x67eff
core   0: 3 0x8000557a (0x67eff497) x 9 0xe7f0457a
core   0: 0x8000557e (0x0000c80d) c.beqz  s0, pc + 50
core   0: 3 0x8000557e (0xc80d)
core   0: 0x80005580 (0x02bba333) mulhsu  t1, s7, a1
core   0: 3 0x80005580 (0x02bba333) x 6 0x00002fd2
core   0: 0x80005584 (0x000082d9) c.srli  a3, 22
core   0: 3 0x80005584 (0x82d9) x13 0x00000000
core   0: 0x80005586 (0x40490033) sub     zero, s2, tp
core   0: 3 0x80005586 (0x40490033)
core   0: 0x8000558a (0xdb9c2097) auipc   ra, 0xdb9c2
core   0: 3 0x8000558a (0xdb9c2097) x 1 0x5b9c758a
core   0: 0x8000558e (0x0000717d) c.addi16sp sp, -16
core   0: 3 0x8000558e (0x717d) x 2 0xffffffe0
core   0: 0x80005590 (0x01d91c33) sll     s8, s2, t4
core   0: 3 0x80005590 (0x01d91c33) x24 0x00000001
core   0: 0x80005594 (0x0000038c) c.addi4spn a1, sp, 448
core   0: 3 0x80005594 (0x038c) x11 0x000001a0
core   0: 0x80005596 (0x009ee863) bltu    t4, s1, pc + 16
core   0: 3 0x80005596 (0x009ee863)
core   0: 0x800055a6 (0x01765db3) srl     s11, a2, s7
core   0: 3 0x800055a6 (0x01765db3) x27 0x00000080
core   0: 0x800055aa (0x02198563) beq     s3, ra, pc + 42
core   0: 3 0x800055aa (0x02198563)
core   0: 0x800055ae (0x00009d76) c.add   s10, t4
core   0: 3 0x800055ae (0x9d76) x26 0x8001d3ac
core   0: 0x800055b0 (0x028f7b63) bgeu    t5, s0, pc + 54
core   0: 3 0x800055b0 (0x028f7b63)
core   0: 0x800055b4 (0x41115f33) sra     t5, sp, a7
core   0: 3 0x800055b4 (0x41115f33) x30 0xffffffe0
core   0: 0x800055b8 (0x0000547d) c.li    s0, -1
core   0: 3 0x800055b8 (0x547d) x 8 0xffffffff
core   0: 0x800055ba (0x4a83ba93) sltiu   s5, t2, 1192
core   0: 3 0x800055ba (0x4a83ba93) x21 0x00000000
core   0: 0x800055be (0x00008779) c.srai  a4, 30
core   0: 3 0x800055be (0x8779) x14 0x00000000
core   0: 0x800055c0 (0x032416b3) mulh    a3, s0, s2
core   0: 3 0x800055c0 (0x032416b3) x13 0xffffffff
core   0: 0x800055c4 (0x01a021b3) slt     gp, zero, s10
core   0: 3 0x800055c4 (0x01a021b3) x 3 0x00000000
core   0: 0x800055c8 (0xf31db717) auipc   a4, 0xf31db
core   0: 3 0x800055c8 (0xf31db717) x14 0x731e05c8
core   0: 0x800055cc (0x41058fb3) sub     t6, a1, a6
core   0: 3 0x800055cc (0x41058fb3) x31 0xe8d1dc68
core   0: 0x800055d0 (0x8c69bb13) sltiu   s6, s3, -1850
core   0: 3 0x800055d0 (0x8c69bb13) x22 0x00000001
core   0: 0x800055d4 (0x0088a233) slt     tp, a7, s0
core   0: 3 0x800055d4 (0x0088a233) x 4 0x00000000
core   0: 0x800055d8 (0x0093eb63) bltu    t2, s1, pc + 22
core   0: 3 0x800055d8 (0x0093eb63)
core   0: 0x800055ee (0x40ea5ab3) sra     s5, s4, a4
core   0: 3 0x800055ee (0x40ea5ab3) x21 0x00000000
core   0: 0x800055f2 (0x013a6833) or      a6, s4, s3
core   0: 3 0x800055f2 (0x013a6833) x16 0x2e48bb01
core   0: 0x800055f6 (0x0000623d) c.lui   tp, 0xf
core   0: 3 0x800055f6 (0x623d) x 4 0x0000f000
core   0: 0x800055f8 (0x00000001) c.nop
core   0: 3 0x800055f8 (0x0001)
core   0: 0x800055fa (0x00008f39) c.xor   a4, a4
core   0: 3 0x800055fa (0x8f39) x14 0x00000000
core   0: 0x800055fc (0x037e76b3) remu    a3, t3, s7
core   0: 3 0x800055fc (0x037e76b3) x13 0x00000000
core   0: 0x80005600 (0x00004f3d) c.li    t5, 15
core   0: 3 0x80005600 (0x4f3d) x30 0x0000000f
core   0: 0x80005602 (0x02490833) mul     a6, s2, tp
core   0: 3 0x80005602 (0x02490833) x16 0x0000f000
core   0: 0x80005606 (0x0000e009) c.bnez  s0, pc + 2
core   0: 3 0x80005606 (0xe009)
core   0: 0x80005608 (0x00008c91) c.sub   s1, a2
core   0: 3 0x80005608 (0x8c91) x 9 0x67eda896
core   0: 0x8000560a (0x00421e33) sll     t3, tp, tp
core   0: 3 0x8000560a (0x00421e33) x28 0x0000f000
core   0: 0x8000560e (0x0e168093) addi    ra, a3, 225
core   0: 3 0x8000560e (0x0e168093) x 1 0x000000e1
core   0: 0x80005612 (0x00c7e8b3) or      a7, a5, a2
core   0: 3 0x80005612 (0x00c7e8b3) x17 0x8002dee4
core   0: 0x80005616 (0xe177ae13) slti    t3, a5, -489
core   0: 3 0x80005616 (0xe177ae13) x28 0x00000001
core   0: 0x8000561a (0x00000a62) c.slli  s4, 24
core   0: 3 0x8000561a (0x0a62) x20 0x01000000
core   0: 0x8000561c (0x4b2e5b37) lui     s6, 0x4b2e5
core   0: 3 0x8000561c (0x4b2e5b37) x22 0x4b2e5000
core   0: 0x80005620 (0x030b52b3) divu    t0, s6, a6
core   0: 3 0x80005620 (0x030b52b3) x 5 0x00005031
core   0: 0x80005624 (0x000080c9) c.srli  s1, 18
core   0: 3 0x80005624 (0x80c9) x 9 0x000019fb
core   0: 0x80005626 (0x000098fd) c.andi  s1, -1
core   0: 3 0x80005626 (0x98fd) x 9 0x000019fb
core   0: 0x80005628 (0x00000886) c.slli  a7, 1
core   0: 3 0x80005628 (0x0886) x17 0x0005bdc8
core   0: 0x8000562a (0x000081bd) c.srli  a1, 15
core   0: 3 0x8000562a (0x81bd) x11 0x00000000
core   0: 0x8000562c (0x0000100f) fence.i
core   0: 3 0x8000562c (0x0000100f)
core   0: 0x80005630 (0x0000e905) c.bnez  a0, pc + 48
core   0: 3 0x80005630 (0xe905)
core   0: 0x80005632 (0x0041f333) and     t1, gp, tp
core   0: 3 0x80005632 (0x0041f333) x 6 0x00000000
core   0: 0x80005636 (0x00f669b3) or      s3, a2, a5
core   0: 3 0x80005636 (0x00f669b3) x19 0x8002dee4
core   0: 0x8000563a (0x413004b3) sub     s1, zero, s3
core   0: 3 0x8000563a (0x413004b3) x 9 0x7ffd211c
core   0: 0x8000563e (0x0d4c4817) auipc   a6, 0xd4c4
core   0: 3 0x8000563e (0x0d4c4817) x16 0x8d4c963e
core   0: 0x80005642 (0xd75af217) auipc   tp, 0xd75af
core   0: 3 0x80005642 (0xd75af217) x 4 0x575b4642
core   0: 0x80005646 (0x11837a63) bgeu    t1, s8, pc + 276
core   0: 3 0x80005646 (0x11837a63)
core   0: 0x8000564a (0x3729fe13) andi    t3, s3, 882
core   0: 3 0x8000564a (0x3729fe13) x28 0x00000260
core   0: 0x8000564e (0x015019b3) sll     s3, zero, s5
core   0: 3 0x8000564e (0x015019b3) x19 0x00000000
core   0: 0x80005652 (0x02751733) mulh    a4, a0, t2
core   0: 3 0x80005652 (0x02751733) x14 0x00000000
core   0: 0x80005656 (0x01655563) bge     a0, s6, pc + 10
core   0: 3 0x80005656 (0x01655563)
core   0: 0x8000565a (0x00000001) c.nop
core   0: 3 0x8000565a (0x0001)
core   0: 0x8000565c (0xada41f37) lui     t5, 0xada41
core   0: 3 0x8000565c (0xada41f37) x30 0xada41000
core   0: 0x80005660 (0xbd976293) ori     t0, a4, -1063
core   0: 3 0x80005660 (0xbd976293) x 5 0xfffffbd9
core   0: 0x80005664 (0x002868b3) or      a7, a6, sp
core   0: 3 0x80005664 (0x002868b3) x17 0xfffffffe
core   0: 0x80005668 (0x0000e76d) c.bnez  a4, pc + 234
core   0: 3 0x80005668 (0xe76d)
core   0: 0x8000566a (0x006aa733) slt     a4, s5, t1
core   0: 3 0x8000566a (0x006aa733) x14 0x00000000
core   0: 0x8000566e (0x00311313) slli    t1, sp, 3
core   0: 3 0x8000566e (0x00311313) x 6 0xffffff00
core   0: 0x80005672 (0x0397b9b3) mulhu   s3, a5, s9
core   0: 3 0x80005672 (0x0397b9b3) x19 0x40021c2f
core   0: 0x80005676 (0x00008cfd) c.and   s1, a5
core   0: 3 0x80005676 (0x8cfd) x 9 0x00000004
core   0: 0x80005678 (0x107a6663) bltu    s4, t2, pc + 268
core   0: 3 0x80005678 (0x107a6663)
core   0: 0x80005784 (0x00461263) bne     a2, tp, pc + 4
core   0: 3 0x80005784 (0x00461263)
core   0: 0x80005788 (0x00008de5) c.and   a1, s1
core   0: 3 0x80005788 (0x8de5) x11 0x00000000
core   0: 0x8000578a (0x00008699) c.srai  a3, 6
core   0: 3 0x8000578a (0x8699) x13 0x00000000
core   0: 0x8000578c (0x2b30c813) xori    a6, ra, 691
core   0: 3 0x8000578c (0x2b30c813) x16 0x00000252
core   0: 0x80005790 (0x40c20133) sub     sp, tp, a2
core   0: 3 0x80005790 (0x40c20133) x 2 0xd758a95e
core   0: 0x80005794 (0x40085e13) srai    t3, a6, 0
core   0: 3 0x80005794 (0x40085e13) x28 0x00000252
core   0: 0x80005798 (0x000016fd) c.addi  a3, -1
core   0: 3 0x80005798 (0x16fd) x13 0xffffffff
core   0: 0x8000579a (0x007ee0b3) or      ra, t4, t2
core   0: 3 0x8000579a (0x007ee0b3) x 1 0x25020000
core   0: 0x8000579e (0x000081d1) c.srli  a1, 20
core   0: 3 0x8000579e (0x81d1) x11 0x00000000
core   0: 0x800057a0 (0x00006d39) c.lui   s10, 0xe
core   0: 3 0x800057a0 (0x6d39) x26 0x0000e000
core   0: 0x800057a2 (0x0000ea91) c.bnez  a3, pc + 20
core   0: 3 0x800057a2 (0xea91)
core   0: 0x800057b6 (0xcd338893) addi    a7, t2, -813
core   0: 3 0x800057b6 (0xcd338893) x17 0x2501fcd3
core   0: 0x800057ba (0x00000001) c.nop
core   0: 3 0x800057ba (0x0001)
core   0: 0x800057bc (0x011e9e13) slli    t3, t4, 17
core   0: 3 0x800057bc (0x011e9e13) x28 0x00000000
core   0: 0x800057c0 (0x034472b3) remu    t0, s0, s4
core   0: 3 0x800057c0 (0x034472b3) x 5 0x00ffffff
core   0: 0x800057c4 (0x00008325) c.srli  a4, 9
core   0: 3 0x800057c4 (0x8325) x14 0x00000000
core   0: 0x800057c6 (0x02ecc463) blt     s9, a4, pc + 40
core   0: 3 0x800057c6 (0x02ecc463)
core   0: 0x800057ee (0x000c9493) slli    s1, s9, 0
core   0: 3 0x800057ee (0x000c9493) x 9 0x8001d9f3
core   0: 0x800057f2 (0x000086c1) c.srai  a3, 16
core   0: 3 0x800057f2 (0x86c1) x13 0xffffffff
core   0: 0x800057f4 (0x012f14b3) sll     s1, t5, s2
core   0: 3 0x800057f4 (0x012f14b3) x 9 0x5b482000
core   0: 0x800057f8 (0x00008719) c.srai  a4, 6
core   0: 3 0x800057f8 (0x8719) x14 0x00000000
core   0: 0x800057fa (0x0000527d) c.li    tp, -1
core   0: 3 0x800057fa (0x527d) x 4 0xffffffff
core   0: 0x800057fc (0x0000100f) fence.i
core   0: 3 0x800057fc (0x0000100f)
core   0: 0x80005800 (0x0156af33) slt     t5, a3, s5
core   0: 3 0x80005800 (0x0156af33) x30 0x00000001
core   0: 0x80005804 (0x0177f733) and     a4, a5, s7
core   0: 3 0x80005804 (0x0177f733) x14 0x00000e40
core   0: 0x80005808 (0x09628717) auipc   a4, 0x9628
core   0: 3 0x80005808 (0x09628717) x14 0x8962d808
core   0: 0x8000580c (0x025b36b3) mulhu   a3, s6, t0
core   0: 3 0x8000580c (0x025b36b3) x13 0x004b2e4f
core   0: 0x80005810 (0x0000ec91) c.bnez  s1, pc + 28
core   0: 3 0x80005810 (0xec91)
core   0: 0x8000582c (0x00008df9) c.and   a1, a4
core   0: 3 0x8000582c (0x8df9) x11 0x00000000
core   0: 0x8000582e (0x05b25263) bge     tp, s11, pc + 68
core   0: 3 0x8000582e (0x05b25263)
core   0: 0x80005832 (0x00020963) beqz    tp, pc + 18
core   0: 3 0x80005832 (0x00020963)
core   0: 0x80005836 (0x000009ad) c.addi  s3, 11
core   0: 3 0x80005836 (0x09ad) x19 0x40021c3a
core   0: 0x80005838 (0x0000e189) c.bnez  a1, pc + 2
core   0: 3 0x80005838 (0xe189)
core   0: 0x8000583a (0x00009afd) c.andi  a3, -1
core   0: 3 0x8000583a (0x9afd) x13 0x004b2e4f
core   0: 0x8000583c (0x03bfa433) mulhsu  s0, t6, s11
core   0: 3 0x8000583c (0x03bfa433) x 8 0xfffffff4
core   0: 0x80005840 (0x00008bea) c.mv    s7, s10
core   0: 3 0x80005840 (0x8bea) x23 0x0000e000
core   0: 0x80005842 (0x00008871) c.andi  s0, 28
core   0: 3 0x80005842 (0x8871) x 8 0x00000014
core   0: 0x80005844 (0x05003293) sltiu   t0, zero, 80
core   0: 3 0x80005844 (0x05003293) x 5 0x00000001
core   0: 0x80005848 (0x4127d013) srai    zero, a5, 18
core   0: 3 0x80005848 (0x4127d013)
core   0: 0x8000584c (0x01405c63) bge     zero, s4, pc + 24
core   0: 3 0x8000584c (0x01405c63)
core   0: 0x80005850 (0x40585db3) sra     s11, a6, t0
core   0: 3 0x80005850 (0x40585db3) x27 0x00000129
core   0: 0x80005854 (0x418fd033) sra     zero, t6, s8
core   0: 3 0x80005854 (0x418fd033)
core   0: 0x80005858 (0x00e8a833) slt     a6, a7, a4
core   0: 3 0x80005858 (0x00e8a833) x16 0x00000000
core   0: 0x8000585c (0x0000100f) fence.i
core   0: 3 0x8000585c (0x0000100f)
core   0: 0x80005860 (0x029aee63) bltu    s5, s1, pc + 60
core   0: 3 0x80005860 (0x029aee63)
core   0: 0x8000589c (0x00009ac2) c.add   s5, a6
core   0: 3 0x8000589c (0x9ac2) x21 0x00000000
core   0: 0x8000589e (0x008be263) bltu    s7, s0, pc + 4
core   0: 3 0x8000589e (0x008be263)
core   0: 0x800058a2 (0x001e5a63) bge     t3, ra, pc + 20
core   0: 3 0x800058a2 (0x001e5a63)
core   0: 0x800058a6 (0x01af5f33) srl     t5, t5, s10
core   0: 3 0x800058a6 (0x01af5f33) x30 0x00000001
core   0: 0x800058aa (0x0183a8b3) slt     a7, t2, s8
core   0: 3 0x800058aa (0x0183a8b3) x17 0x00000000
core   0: 0x800058ae (0x016e7733) and     a4, t3, s6
core   0: 3 0x800058ae (0x016e7733) x14 0x00000000
core   0: 0x800058b2 (0x00439033) sll     zero, t2, tp
core   0: 3 0x800058b2 (0x00439033)
core   0: 0x800058b6 (0x0324fb63) bgeu    s1, s2, pc + 54
core   0: 3 0x800058b6 (0x0324fb63)
core   0: 0x800058ec (0x0000047e) c.slli  s0, 31
core   0: 3 0x800058ec (0x047e) x 8 0x00000000
core   0: 0x800058ee (0x0e895a63) bge     s2, s0, pc + 244
core   0: 3 0x800058ee (0x0e895a63)
core   0: 0x800059e2 (0x02a52e33) mulhsu  t3, a0, a0
core   0: 3 0x800059e2 (0x02a52e33) x28 0x00000000
core   0: 0x800059e6 (0x00006139) c.addi16sp sp, 448
core   0: 3 0x800059e6 (0x6139) x 2 0xd758ab1e
core   0: 0x800059e8 (0x00cda6b3) slt     a3, s11, a2
core   0: 3 0x800059e8 (0x00cda6b3) x13 0x00000000
core   0: 0x800059ec (0x15a97893) andi    a7, s2, 346
core   0: 3 0x800059ec (0x15a97893) x17 0x00000000
core   0: 0x800059f0 (0x0000e499) c.bnez  s1, pc + 14
core   0: 3 0x800059f0 (0xe499)
core   0: 0x800059fe (0x00795c13) srli    s8, s2, 7
core   0: 3 0x800059fe (0x00795c13) x24 0x00000000
core   0: 0x80005a02 (0x918be513) ori     a0, s7, -1768
core   0: 3 0x80005a02 (0x918be513) x10 0xfffff918
core   0: 0x80005a06 (0x00000e8c) c.addi4spn a1, sp, 848
core   0: 3 0x80005a06 (0x0e8c) x11 0xd758ae6e
core   0: 0x80005a08 (0x0000889d) c.andi  s1, 7
core   0: 3 0x80005a08 (0x889d) x 9 0x00000000
core   0: 0x80005a0a (0x0000ca99) c.beqz  a3, pc + 22
core   0: 3 0x80005a0a (0xca99)
core   0: 0x80005a20 (0x024a5c63) bge     s4, tp, pc + 56
core   0: 3 0x80005a20 (0x024a5c63)
core   0: 0x80005a58 (0xa0352893) slti    a7, a0, -1533
core   0: 3 0x80005a58 (0xa0352893) x17 0x00000001
core   0: 0x80005a5c (0x00000001) c.nop
core   0: 3 0x80005a5c (0x0001)
core   0: 0x80005a5e (0xb0f9d3b7) lui     t2, 0xb0f9d
core   0: 3 0x80005a5e (0xb0f9d3b7) x 7 0xb0f9d000
core   0: 0x80005a62 (0x0000100f) fence.i
core   0: 3 0x80005a62 (0x0000100f)
core   0: 0x80005a66 (0x00aebfb3) sltu    t6, t4, a0
core   0: 3 0x80005a66 (0x00aebfb3) x31 0x00000001
core   0: 0x80005a6a (0x02c48d33) mul     s10, s1, a2
core   0: 3 0x80005a6a (0x02c48d33) x26 0x00000000
core   0: 0x80005a6e (0xe920c593) xori    a1, ra, -366
core   0: 3 0x80005a6e (0xe920c593) x11 0xdafdfe92
core   0: 0x80005a72 (0x019fda33) srl     s4, t6, s9
core   0: 3 0x80005a72 (0x019fda33) x20 0x00000000
core   0: 0x80005a76 (0xc63416b7) lui     a3, 0xc6341
core   0: 3 0x80005a76 (0xc63416b7) x13 0xc6341000
core   0: 0x80005a7a (0x408f5433) sra     s0, t5, s0
core   0: 3 0x80005a7a (0x408f5433) x 8 0x00000001
core   0: 0x80005a7e (0x00187d33) and     s10, a6, ra
core   0: 3 0x80005a7e (0x00187d33) x26 0x00000000
core   0: 0x80005a82 (0x000086e2) c.mv    a3, s8
core   0: 3 0x80005a82 (0x86e2) x13 0x00000000
core   0: 0x80005a84 (0x0ff0000f) fence   iorw,iorw
core   0: 3 0x80005a84 (0x0ff0000f)
core   0: 0x80005a88 (0x023a7b63) bgeu    s4, gp, pc + 54
core   0: 3 0x80005a88 (0x023a7b63)
core   0: 0x80005abe (0x00008d19) c.sub   a0, a4
core   0: 3 0x80005abe (0x8d19) x10 0xfffff918
core   0: 0x80005ac0 (0x00008f15) c.sub   a4, a3
core   0: 3 0x80005ac0 (0x8f15) x14 0x00000000
core   0: 0x80005ac2 (0x033b2c33) mulhsu  s8, s6, s3
core   0: 3 0x80005ac2 (0x033b2c33) x24 0x12cc32a6
core   0: 0x80005ac6 (0x007644b3) xor     s1, a2, t2
core   0: 3 0x80005ac6 (0x007644b3) x 9 0x30fb4ce4
core   0: 0x80005aca (0x00008f61) c.and   a4, s0
core   0: 3 0x80005aca (0x8f61) x14 0x00000000
core   0: 0x80005acc (0x50d40413) addi    s0, s0, 1293
core   0: 3 0x80005acc (0x50d40413) x 8 0x0000050e
core   0: 0x80005ad0 (0x01fecfb3) xor     t6, t4, t6
core   0: 3 0x80005ad0 (0x01fecfb3) x31 0x00000001
core   0: 0x80005ad4 (0x5e426e13) ori     t3, tp, 1508
core   0: 3 0x80005ad4 (0x5e426e13) x28 0xffffffff
core   0: 0x80005ad8 (0x00008d69) c.and   a0, a0
core   0: 3 0x80005ad8 (0x8d69) x10 0xfffff918
core   0: 0x80005ada (0x00921513) slli    a0, tp, 9
core   0: 3 0x80005ada (0x00921513) x10 0xfffffe00
core   0: 0x80005ade (0x0184c0b3) xor     ra, s1, s8
core   0: 3 0x80005ade (0x0184c0b3) x 1 0x22377e42
core   0: 0x80005ae2 (0x00006161) c.addi16sp sp, 80
core   0: 3 0x80005ae2 (0x6161) x 2 0xd758ab6e
core   0: 0x80005ae4 (0x01d490b3) sll     ra, s1, t4
core   0: 3 0x80005ae4 (0x01d490b3) x 1 0x30fb4ce4
core   0: 0x80005ae8 (0x0376bfb3) mulhu   t6, a3, s7
core   0: 3 0x80005ae8 (0x0376bfb3) x31 0x00000000
core   0: 0x80005aec (0x00cccab3) xor     s5, s9, a2
core   0: 3 0x80005aec (0x00cccab3) x21 0x00034517
core   0: 0x80005af0 (0xc01c8097) auipc   ra, 0xc01c8
core   0: 3 0x80005af0 (0xc01c8097) x 1 0x401cdaf0
core   0: 0x80005af4 (0x00009afd) c.andi  a3, -1
core   0: 3 0x80005af4 (0x9afd) x13 0x00000000
core   0: 0x80005af6 (0x0000616d) c.addi16sp sp, 240
core   0: 3 0x80005af6 (0x616d) x 2 0xd758ac5e
core   0: 0x80005af8 (0x00008cd9) c.or    s1, a4
core   0: 3 0x80005af8 (0x8cd9) x 9 0x30fb4ce4
core   0: 0x80005afa (0x00008f6d) c.and   a4, a1
core   0: 3 0x80005afa (0x8f6d) x14 0x00000000
core   0: 0x80005afc (0x0ff0000f) fence   iorw,iorw
core   0: 3 0x80005afc (0x0ff0000f)
core   0: 0x80005b00 (0x0131a433) slt     s0, gp, s3
core   0: 3 0x80005b00 (0x0131a433) x 8 0x00000001
core   0: 0x80005b04 (0x00009a7a) c.add   s4, t5
core   0: 3 0x80005b04 (0x9a7a) x20 0x00000001
core   0: 0x80005b06 (0x00000001) c.nop
core   0: 3 0x80005b06 (0x0001)
core   0: 0x80005b08 (0x0000e321) c.bnez  a4, pc + 64
core   0: 3 0x80005b08 (0xe321)
core   0: 0x80005b0a (0x029d4cb3) div     s9, s10, s1
core   0: 3 0x80005b0a (0x029d4cb3) x25 0x00000000
core   0: 0x80005b0e (0x01b3d193) srli    gp, t2, 27
core   0: 3 0x80005b0e (0x01b3d193) x 3 0x00000016
core   0: 0x80005b12 (0x02970113) addi    sp, a4, 41
core   0: 3 0x80005b12 (0x02970113) x 2 0x00000029
core   0: 0x80005b16 (0x57a52213) slti    tp, a0, 1402
core   0: 3 0x80005b16 (0x57a52213) x 4 0x00000001
core   0: 0x80005b1a (0x03e261b3) rem     gp, tp, t5
core   0: 3 0x80005b1a (0x03e261b3) x 3 0x00000000
core   0: 0x80005b1e (0x00008345) c.srli  a4, 17
core   0: 3 0x80005b1e (0x8345) x14 0x00000000
core   0: 0x80005b20 (0x0ff0000f) fence   iorw,iorw
core   0: 3 0x80005b20 (0x0ff0000f)
core   0: 0x80005b24 (0x00000001) c.nop
core   0: 3 0x80005b24 (0x0001)
core   0: 0x80005b26 (0x028315b3) mulh    a1, t1, s0
core   0: 3 0x80005b26 (0x028315b3) x11 0xffffffff
core   0: 0x80005b2a (0x00006a35) c.lui   s4, 0xd
core   0: 3 0x80005b2a (0x6a35) x20 0x0000d000
core   0: 0x80005b2c (0x00009fa2) c.add   t6, s0
core   0: 3 0x80005b2c (0x9fa2) x31 0x00000001
core   0: 0x80005b2e (0x039e4463) blt     t3, s9, pc + 40
core   0: 3 0x80005b2e (0x039e4463)
core   0: 0x80005b56 (0x025b0033) mul     zero, s6, t0
core   0: 3 0x80005b56 (0x025b0033)
core   0: 0x80005b5a (0x0bdd3f97) auipc   t6, 0xbdd3
core   0: 3 0x80005b5a (0x0bdd3f97) x31 0x8bdd8b5a
core   0: 0x80005b5e (0x00000fe6) c.slli  t6, 25
core   0: 3 0x80005b5e (0x0fe6) x31 0xb4000000
core   0: 0x80005b60 (0x00000001) c.nop
core   0: 3 0x80005b60 (0x0001)
core   0: 0x80005b62 (0x00006109) c.addi16sp sp, 128
core   0: 3 0x80005b62 (0x6109) x 2 0x000000a9
core   0: 0x80005b64 (0xe7aeb393) sltiu   t2, t4, -390
core   0: 3 0x80005b64 (0xe7aeb393) x 7 0x00000001
core   0: 0x80005b68 (0x00008ef5) c.and   a3, a3
core   0: 3 0x80005b68 (0x8ef5) x13 0x00000000
core   0: 0x80005b6a (0x00c96433) or      s0, s2, a2
core   0: 3 0x80005b6a (0x00c96433) x 8 0x80029ce5
core   0: 0x80005b6e (0xfcfb7313) andi    t1, s6, -49
core   0: 3 0x80005b6e (0xfcfb7313) x 6 0x4b2e5000
core   0: 0x80005b72 (0x03df4e33) div     t3, t5, t4
core   0: 3 0x80005b72 (0x03df4e33) x28 0xffffffff
core   0: 0x80005b76 (0x038b45b3) div     a1, s6, s8
core   0: 3 0x80005b76 (0x038b45b3) x11 0x00000003
core   0: 0x80005b7a (0x8a1db013) sltiu   zero, s11, -1887
core   0: 3 0x80005b7a (0x8a1db013)
core   0: 0x80005b7e (0x000015fd) c.addi  a1, -1
core   0: 3 0x80005b7e (0x15fd) x11 0x00000002
core   0: 0x80005b80 (0x00001704) c.addi4spn s1, sp, 928
core   0: 3 0x80005b80 (0x1704) x 9 0x00000449
core   0: 0x80005b82 (0x01d0fe33) and     t3, ra, t4
core   0: 3 0x80005b82 (0x01d0fe33) x28 0x00000000
core   0: 0x80005b86 (0x00697263) bgeu    s2, t1, pc + 4
core   0: 3 0x80005b86 (0x00697263)
core   0: 0x80005b8a (0x0000c481) c.beqz  s1, pc + 8
core   0: 3 0x80005b8a (0xc481)
core   0: 0x80005b8c (0x00008d1a) c.mv    s10, t1
core   0: 3 0x80005b8c (0x8d1a) x26 0x4b2e5000
core   0: 0x80005b8e (0x7cc66a93) ori     s5, a2, 1996
core   0: 3 0x80005b8e (0x7cc66a93) x21 0x80029fec
core   0: 0x80005b92 (0x00008305) c.srli  a4, 1
core   0: 3 0x80005b92 (0x8305) x14 0x00000000
core   0: 0x80005b94 (0x000008c2) c.slli  a7, 16
core   0: 3 0x80005b94 (0x08c2) x17 0x00010000
core   0: 0x80005b96 (0xbbc34493) xori    s1, t1, -1092
core   0: 3 0x80005b96 (0xbbc34493) x 9 0xb4d1abbc
core   0: 0x80005b9a (0x01541493) slli    s1, s0, 21
core   0: 3 0x80005b9a (0x01541493) x 9 0x9ca00000
core   0: 0x80005b9e (0x0000c189) c.beqz  a1, pc + 2
core   0: 3 0x80005b9e (0xc189)
core   0: 0x80005ba0 (0x00000001) c.nop
core   0: 3 0x80005ba0 (0x0001)
core   0: 0x80005ba2 (0x00d015b3) sll     a1, zero, a3
core   0: 3 0x80005ba2 (0x00d015b3) x11 0x00000000
core   0: 0x80005ba6 (0x00cc1263) bne     s8, a2, pc + 4
core   0: 3 0x80005ba6 (0x00cc1263)
core   0: 0x80005baa (0x01abfc63) bgeu    s7, s10, pc + 24
core   0: 3 0x80005baa (0x01abfc63)
core   0: 0x80005bae (0x000003a5) c.addi  t2, 9
core   0: 3 0x80005bae (0x03a5) x 7 0x0000000a
core   0: 0x80005bb0 (0x08a12193) slti    gp, sp, 138
core   0: 3 0x80005bb0 (0x08a12193) x 3 0x00000000
core   0: 0x80005bb4 (0x00005a7d) c.li    s4, -1
core   0: 3 0x80005bb4 (0x5a7d) x20 0xffffffff
core   0: 0x80005bb6 (0x039e1233) mulh    tp, t3, s9
core   0: 3 0x80005bb6 (0x039e1233) x 4 0x00000000
core   0: 0x80005bba (0x02db7b63) bgeu    s6, a3, pc + 54
core   0: 3 0x80005bba (0x02db7b63)
core   0: 0x80005bf0 (0x41195933) sra     s2, s2, a7
core   0: 3 0x80005bf0 (0x41195933) x18 0x00000001
core   0: 0x80005bf4 (0x00000001) c.nop
core   0: 3 0x80005bf4 (0x0001)
core   0: 0x80005bf6 (0x414705b3) sub     a1, a4, s4
core   0: 3 0x80005bf6 (0x414705b3) x11 0x00000001
core   0: 0x80005bfa (0x000088d1) c.andi  s1, 20
core   0: 3 0x80005bfa (0x88d1) x 9 0x00000000
core   0: 0x80005bfc (0x0264a733) mulhsu  a4, s1, t1
core   0: 3 0x80005bfc (0x0264a733) x14 0x00000000
core   0: 0x80005c00 (0x00009772) c.add   a4, t3
core   0: 3 0x80005c00 (0x9772) x14 0x00000000
core   0: 0x80005c02 (0x00004421) c.li    s0, 8
core   0: 3 0x80005c02 (0x4421) x 8 0x00000008
core   0: 0x80005c04 (0x01eb1093) slli    ra, s6, 30
core   0: 3 0x80005c04 (0x01eb1093) x 1 0x00000000
core   0: 0x80005c08 (0x00008ed1) c.or    a3, a2
core   0: 3 0x80005c08 (0x8ed1) x13 0x80029ce4
core   0: 0x80005c0a (0x895d7c93) andi    s9, s10, -1899
core   0: 3 0x80005c0a (0x895d7c93) x25 0x4b2e5000
core   0: 0x80005c0e (0x7340b313) sltiu   t1, ra, 1844
core   0: 3 0x80005c0e (0x7340b313) x 6 0x00000001
core   0: 0x80005c12 (0x0a211d97) auipc   s11, 0xa211
core   0: 3 0x80005c12 (0x0a211d97) x27 0x8a216c12
core   0: 0x80005c16 (0x00008d59) c.or    a0, a4
core   0: 3 0x80005c16 (0x8d59) x10 0xfffffe00
core   0: 0x80005c18 (0x00008c11) c.sub   s0, a2
core   0: 3 0x80005c18 (0x8c11) x 8 0x7ffd6324
core   0: 0x80005c1a (0x00008df9) c.and   a1, a4
core   0: 3 0x80005c1a (0x8df9) x11 0x00000000
core   0: 0x80005c1c (0x00006259) c.lui   tp, 0x16
core   0: 3 0x80005c1c (0x6259) x 4 0x00016000
core   0: 0x80005c1e (0x5845b213) sltiu   tp, a1, 1412
core   0: 3 0x80005c1e (0x5845b213) x 4 0x00000001
core   0: 0x80005c22 (0x000040f9) c.li    ra, 30
core   0: 3 0x80005c22 (0x40f9) x 1 0x0000001e
core   0: 0x80005c24 (0x03d85663) bge     a6, t4, pc + 44
core   0: 3 0x80005c24 (0x03d85663)
core   0: 0x80005c50 (0x00f3d293) srli    t0, t2, 15
core   0: 3 0x80005c50 (0x00f3d293) x 5 0x00000000
core   0: 0x80005c54 (0x01ae2233) slt     tp, t3, s10
core   0: 3 0x80005c54 (0x01ae2233) x 4 0x00000001
core   0: 0x80005c58 (0x0ff0000f) fence   iorw,iorw
core   0: 3 0x80005c58 (0x0ff0000f)
core   0: 0x80005c5c (0x03c7cfb3) div     t6, a5, t3
core   0: 3 0x80005c5c (0x03c7cfb3) x31 0xffffffff
core   0: 0x80005c60 (0x0172bc33) sltu    s8, t0, s7
core   0: 3 0x80005c60 (0x0172bc33) x24 0x00000001
core   0: 0x80005c64 (0x00008725) c.srai  a4, 9
core   0: 3 0x80005c64 (0x8725) x14 0x00000000
core   0: 0x80005c66 (0x00006fa1) c.lui   t6, 0x8
core   0: 3 0x80005c66 (0x6fa1) x31 0x00008000
core   0: 0x80005c68 (0x0048ef33) or      t5, a7, tp
core   0: 3 0x80005c68 (0x0048ef33) x30 0x00010001
core   0: 0x80005c6c (0x00339f93) slli    t6, t2, 3
core   0: 3 0x80005c6c (0x00339f93) x31 0x00000050
core   0: 0x80005c70 (0x00005cfd) c.li    s9, -1
core   0: 3 0x80005c70 (0x5cfd) x25 0xffffffff
core   0: 0x80005c72 (0x00008ca5) c.xor   s1, s1
core   0: 3 0x80005c72 (0x8ca5) x 9 0x00000000
core   0: 0x80005c74 (0x0000cc95) c.beqz  s1, pc + 60
core   0: 3 0x80005c74 (0xcc95)
core   0: 0x80005cb0 (0x000058fd) c.li    a7, -1
core   0: 3 0x80005cb0 (0x58fd) x17 0xffffffff
core   0: 0x80005cb2 (0xb1200093) li      ra, -1262
core   0: 3 0x80005cb2 (0xb1200093) x 1 0xfffffb12
core   0: 0x80005cb6 (0x00001a80) c.addi4spn s0, sp, 368
core   0: 3 0x80005cb6 (0x1a80) x 8 0x00000219
core   0: 0x80005cb8 (0x009881b3) add     gp, a7, s1
core   0: 3 0x80005cb8 (0x009881b3) x 3 0xffffffff
core   0: 0x80005cbc (0x02f08763) beq     ra, a5, pc + 46
core   0: 3 0x80005cbc (0x02f08763)
core   0: 0x80005cc0 (0x01ad1c63) bne     s10, s10, pc + 24
core   0: 3 0x80005cc0 (0x01ad1c63)
core   0: 0x80005cc4 (0x00008031) c.srli  s0, 12
core   0: 3 0x80005cc4 (0x8031) x 8 0x00000000
core   0: 0x80005cc6 (0x02259133) mulh    sp, a1, sp
core   0: 3 0x80005cc6 (0x02259133) x 2 0x00000000
core   0: 0x80005cca (0x00000001) c.nop
core   0: 3 0x80005cca (0x0001)
core   0: 0x80005ccc (0x00000e8c) c.addi4spn a1, sp, 848
core   0: 3 0x80005ccc (0x0e8c) x11 0x00000350
core   0: 0x80005cce (0x00008de5) c.and   a1, s1
core   0: 3 0x80005cce (0x8de5) x11 0x00000000
core   0: 0x80005cd0 (0x00ec9263) bne     s9, a4, pc + 4
core   0: 3 0x80005cd0 (0x00ec9263)
core   0: 0x80005cd4 (0x0000100f) fence.i
core   0: 3 0x80005cd4 (0x0000100f)
core   0: 0x80005cd8 (0x0000c309) c.beqz  a4, pc + 2
core   0: 3 0x80005cd8 (0xc309)
core   0: 0x80005cda (0x01e2b3b3) sltu    t2, t0, t5
core   0: 3 0x80005cda (0x01e2b3b3) x 7 0x00000001
core   0: 0x80005cde (0x0123eab3) or      s5, t2, s2
core   0: 3 0x80005cde (0x0123eab3) x21 0x00000001
core   0: 0x80005ce2 (0x0000897d) c.andi  a0, 31
core   0: 3 0x80005ce2 (0x897d) x10 0x00000000
core   0: 0x80005ce4 (0x0262eb33) rem     s6, t0, t1
core   0: 3 0x80005ce4 (0x0262eb33) x22 0x00000000
core   0: 0x80005ce8 (0x00006f99) c.lui   t6, 0x6
core   0: 3 0x80005ce8 (0x6f99) x31 0x00006000
core   0: 0x80005cea (0x0000ce95) c.beqz  a3, pc + 60
core   0: 3 0x80005cea (0xce95)
core   0: 0x80005cec (0x00008532) c.mv    a0, a2
core   0: 3 0x80005cec (0x8532) x10 0x80029ce4
core   0: 0x80005cee (0x02d9ae33) mulhsu  t3, s3, a3
core   0: 3 0x80005cee (0x02d9ae33) x28 0x2001b55b
core   0: 0x80005cf2 (0x01305713) srli    a4, zero, 19
core   0: 3 0x80005cf2 (0x01305713) x14 0x00000000
core   0: 0x80005cf6 (0xb9853d93) sltiu   s11, a0, -1128
core   0: 3 0x80005cf6 (0xb9853d93) x27 0x00000001
core   0: 0x80005cfa (0x02e22db3) mulhsu  s11, tp, a4
core   0: 3 0x80005cfa (0x02e22db3) x27 0x00000000
core   0: 0x80005cfe (0x03360d33) mul     s10, a2, s3
core   0: 3 0x80005cfe (0x03360d33) x26 0x83887ba8
core   0: 0x80005d02 (0x026aafb3) mulhsu  t6, s5, t1
core   0: 3 0x80005d02 (0x026aafb3) x31 0x00000000
core   0: 0x80005d06 (0x8bda6413) ori     s0, s4, -1859
core   0: 3 0x80005d06 (0x8bda6413) x 8 0xffffffff
core   0: 0x80005d0a (0x009fe733) or      a4, t6, s1
core   0: 3 0x80005d0a (0x009fe733) x14 0x00000000
core   0: 0x80005d0e (0x019d1a93) slli    s5, s10, 25
core   0: 3 0x80005d0e (0x019d1a93) x21 0x50000000
core   0: 0x80005d12 (0x01885e63) bge     a6, s8, pc + 28
core   0: 3 0x80005d12 (0x01885e63)
core   0: 0x80005d16 (0x00000892) c.slli  a7, 4
core   0: 3 0x80005d16 (0x0892) x17 0xfffffff0
core   0: 0x80005d18 (0x00001794) c.addi4spn a3, sp, 992
core   0: 3 0x80005d18 (0x1794) x13 0x000003e0
core   0: 0x80005d1a (0xf5e93e17) auipc   t3, 0xf5e93
core   0: 3 0x80005d1a (0xf5e93e17) x28 0x75e98d1a
core   0: 0x80005d1e (0x02cfc563) blt     t6, a2, pc + 42
core   0: 3 0x80005d1e (0x02cfc563)
core   0: 0x80005d22 (0x01c16263) bltu    sp, t3, pc + 4
core   0: 3 0x80005d22 (0x01c16263)
core   0: 0x80005d26 (0x014cb433) sltu    s0, s9, s4
core   0: 3 0x80005d26 (0x014cb433) x 8 0x00000000
core   0: 0x80005d2a (0x02166a33) rem     s4, a2, ra
core   0: 3 0x80005d2a (0x02166a33) x20 0xfffffe1e
core   0: 0x80005d2e (0x41ebd493) srai    s1, s7, 30
core   0: 3 0x80005d2e (0x41ebd493) x 9 0x00000000
core   0: 0x80005d32 (0x09b76b97) auipc   s7, 0x9b76
core   0: 3 0x80005d32 (0x09b76b97) x23 0x89b7bd32
core   0: 0x80005d36 (0x028b0333) mul     t1, s6, s0
core   0: 3 0x80005d36 (0x028b0333) x 6 0x00000000
core   0: 0x80005d3a (0x00008ead) c.xor   a3, a1
core   0: 3 0x80005d3a (0x8ead) x13 0x000003e0
core   0: 0x80005d3c (0x00001d14) c.addi4spn a3, sp, 688
core   0: 3 0x80005d3c (0x1d14) x13 0x000002b0
core   0: 0x80005d3e (0x004a9893) slli    a7, s5, 4
core   0: 3 0x80005d3e (0x004a9893) x17 0x00000000
core   0: 0x80005d42 (0x41905333) sra     t1, zero, s9
core   0: 3 0x80005d42 (0x41905333) x 6 0x00000000
core   0: 0x80005d46 (0x0000997d) c.andi  a0, -1
core   0: 3 0x80005d46 (0x997d) x10 0x80029ce4
core   0: 0x80005d48 (0x000019fd) c.addi  s3, -1
core   0: 3 0x80005d48 (0x19fd) x19 0x40021c39
core   0: 0x80005d4a (0x00000395) c.addi  t2, 5
core   0: 3 0x80005d4a (0x0395) x 7 0x00000006
core   0: 0x80005d4c (0x00008c25) c.xor   s0, s1
core   0: 3 0x80005d4c (0x8c25) x 8 0x00000000
core   0: 0x80005d4e (0x009089b3) add     s3, ra, s1
core   0: 3 0x80005d4e (0x009089b3) x19 0xfffffb12
core   0: 0x80005d52 (0x01e87fb3) and     t6, a6, t5
core   0: 3 0x80005d52 (0x01e87fb3) x31 0x00000000
core   0: 0x80005d56 (0x049cd263) bge     s9, s1, pc + 68
core   0: 3 0x80005d56 (0x049cd263)
core   0: 0x80005d5a (0x01edc263) blt     s11, t5, pc + 4
core   0: 3 0x80005d5a (0x01edc263)
core   0: 0x80005d5e (0x00008ea9) c.xor   a3, a0
core   0: 3 0x80005d5e (0x8ea9) x13 0x80029e54
core   0: 0x80005d60 (0x029316b3) mulh    a3, t1, s1
core   0: 3 0x80005d60 (0x029316b3) x13 0x00000000
core   0: 0x80005d64 (0x032299b3) mulh    s3, t0, s2
core   0: 3 0x80005d64 (0x032299b3) x19 0x00000000
core   0: 0x80005d68 (0x00437433) and     s0, t1, tp
core   0: 3 0x80005d68 (0x00437433) x 8 0x00000000
core   0: 0x80005d6c (0x00001698) c.addi4spn a4, sp, 864
core   0: 3 0x80005d6c (0x1698) x14 0x00000360
core   0: 0x80005d6e (0x01133f33) sltu    t5, t1, a7
core   0: 3 0x80005d6e (0x01133f33) x30 0x00000000
core   0: 0x80005d72 (0x0000610d) c.addi16sp sp, 160
core   0: 3 0x80005d72 (0x610d) x 2 0x000000a0
core   0: 0x80005d74 (0x00da9713) slli    a4, s5, 13
core   0: 3 0x80005d74 (0x00da9713) x14 0x00000000
core   0: 0x80005d78 (0x02e83a33) mulhu   s4, a6, a4
core   0: 3 0x80005d78 (0x02e83a33) x20 0x00000000
core   0: 0x80005d7c (0x03bb4133) div     sp, s6, s11
core   0: 3 0x80005d7c (0x03bb4133) x 2 0xffffffff
core   0: 0x80005d80 (0x000082b5) c.srli  a3, 13
core   0: 3 0x80005d80 (0x82b5) x13 0x00000000
core   0: 0x80005d82 (0x02a60bb3) mul     s7, a2, a0
core   0: 3 0x80005d82 (0x02a60bb3) x23 0xd3b6ab10
core   0: 0x80005d86 (0x0000140c) c.addi4spn a1, sp, 544
core   0: 3 0x80005d86 (0x140c) x11 0x0000021f
core   0: 0x80005d88 (0x027a0363) beq     s4, t2, pc + 38
core   0: 3 0x80005d88 (0x027a0363)
core   0: 0x80005d8c (0x022789b3) mul     s3, a5, sp
core   0: 3 0x80005d8c (0x022789b3) x19 0x7ffda19c
core   0: 0x80005d90 (0x015e2a33) slt     s4, t3, s5
core   0: 3 0x80005d90 (0x015e2a33) x20 0x00000000
core   0: 0x80005d94 (0x00008465) c.srai  s0, 25
core   0: 3 0x80005d94 (0x8465) x 8 0x00000000
core   0: 0x80005d96 (0x02c3d563) bge     t2, a2, pc + 42
core   0: 3 0x80005d96 (0x02c3d563)
core   0: 0x80005dc0 (0x1270aa13) slti    s4, ra, 295
core   0: 3 0x80005dc0 (0x1270aa13) x20 0x00000001
core   0: 0x80005dc4 (0x020863b3) rem     t2, a6, zero
core   0: 3 0x80005dc4 (0x020863b3) x 7 0x00000000
core   0: 0x80005dc8 (0x00008369) c.srli  a4, 26
core   0: 3 0x80005dc8 (0x8369) x14 0x00000000
core   0: 0x80005dca (0x000096a6) c.add   a3, s1
core   0: 3 0x80005dca (0x96a6) x13 0x00000000
core   0: 0x80005dcc (0x0000100f) fence.i
core   0: 3 0x80005dcc (0x0000100f)
core   0: 0x80005dd0 (0x00008c96) c.mv    s9, t0
core   0: 3 0x80005dd0 (0x8c96) x25 0x00000000
core   0: 0x80005dd2 (0x000098fd) c.andi  s1, -1
core   0: 3 0x80005dd2 (0x98fd) x 9 0x00000000
core   0: 0x80005dd4 (0x0000052d) c.addi  a0, 11
core   0: 3 0x80005dd4 (0x052d) x10 0x80029cef
core   0: 0x80005dd6 (0xc8bae093) ori     ra, s5, -885
core   0: 3 0x80005dd6 (0xc8bae093) x 1 0xfffffc8b
core   0: 0x80005dda (0x00008d99) c.sub   a1, a4
core   0: 3 0x80005dda (0x8d99) x11 0x0000021f
core   0: 0x80005ddc (0x40cf8133) sub     sp, t6, a2
core   0: 3 0x80005ddc (0x40cf8133) x 2 0x7ffd631c
core   0: 0x80005de0 (0x48a92993) slti    s3, s2, 1162
core   0: 3 0x80005de0 (0x48a92993) x19 0x00000001
core   0: 0x80005de4 (0x00008cfd) c.and   s1, a5
core   0: 3 0x80005de4 (0x8cfd) x 9 0x00000000
core   0: 0x80005de6 (0x00000001) c.nop
core   0: 3 0x80005de6 (0x0001)
core   0: 0x80005de8 (0xcfa48293) addi    t0, s1, -774
core   0: 3 0x80005de8 (0xcfa48293) x 5 0xfffffcfa
core   0: 0x80005dec (0x00008c11) c.sub   s0, a2
core   0: 3 0x80005dec (0x8c11) x 8 0x7ffd631c
core   0: 0x80005dee (0x02381c33) mulh    s8, a6, gp
core   0: 3 0x80005dee (0x02381c33) x24 0x00000000
core   0: 0x80005df2 (0xe746f293) andi    t0, a3, -396
core   0: 3 0x80005df2 (0xe746f293) x 5 0x00000000
core   0: 0x80005df6 (0x0000e699) c.bnez  a3, pc + 14
core   0: 3 0x80005df6 (0xe699)
core   0: 0x80005df8 (0x037a8c63) beq     s5, s7, pc + 56
core   0: 3 0x80005df8 (0x037a8c63)
core   0: 0x80005dfc (0x00004cbd) c.li    s9, 15
core   0: 3 0x80005dfc (0x4cbd) x25 0x0000000f
core   0: 0x80005dfe (0x00c11393) slli    t2, sp, 12
core   0: 3 0x80005dfe (0x00c11393) x 7 0xd631c000
core   0: 0x80005e02 (0x00008cad) c.xor   s1, a1
core   0: 3 0x80005e02 (0x8cad) x 9 0x0000021f
core   0: 0x80005e04 (0x00907f63) bgeu    zero, s1, pc + 30
core   0: 3 0x80005e04 (0x00907f63)
core   0: 0x80005e08 (0x4126d0b3) sra     ra, a3, s2
core   0: 3 0x80005e08 (0x4126d0b3) x 1 0x00000000
core   0: 0x80005e0c (0x001d4763) blt     s10, ra, pc + 14
core   0: 3 0x80005e0c (0x001d4763)
core   0: 0x80005e1a (0x029e9433) mulh    s0, t4, s1
core   0: 3 0x80005e1a (0x029e9433) x 8 0x00000000
core   0: 0x80005e1e (0x01987b63) bgeu    a6, s9, pc + 22
core   0: 3 0x80005e1e (0x01987b63)
core   0: 0x80005e22 (0xdd0dbf93) sltiu   t6, s11, -560
core   0: 3 0x80005e22 (0xdd0dbf93) x31 0x00000001
core   0: 0x80005e26 (0x00f423b3) slt     t2, s0, a5
core   0: 3 0x80005e26 (0x00f423b3) x 7 0x00000000
core   0: 0x80005e2a (0x038c7233) remu    tp, s8, s8
core   0: 3 0x80005e2a (0x038c7233) x 4 0x00000000
core   0: 0x80005e2e (0x00000001) c.nop
core   0: 3 0x80005e2e (0x0001)
core   0: 0x80005e30 (0x41848433) sub     s0, s1, s8
core   0: 3 0x80005e30 (0x41848433) x 8 0x0000021f
core   0: 0x80005e34 (0xcf853393) sltiu   t2, a0, -776
core   0: 3 0x80005e34 (0xcf853393) x 7 0x00000001
core   0: 0x80005e38 (0x40c75193) srai    gp, a4, 12
core   0: 3 0x80005e38 (0x40c75193) x 3 0x00000000
core   0: 0x80005e3c (0x94264313) xori    t1, a2, -1726
core   0: 3 0x80005e3c (0x94264313) x 6 0x7ffd65a6
core   0: 0x80005e40 (0x0000717d) c.addi16sp sp, -16
core   0: 3 0x80005e40 (0x717d) x 2 0x7ffd630c
core   0: 0x80005e42 (0x03320b63) beq     tp, s3, pc + 54
core   0: 3 0x80005e42 (0x03320b63)
core   0: 0x80005e46 (0x00008446) c.mv    s0, a7
core   0: 3 0x80005e46 (0x8446) x 8 0x00000000
core   0: 0x80005e48 (0x02460c33) mul     s8, a2, tp
core   0: 3 0x80005e48 (0x02460c33) x24 0x00000000
core   0: 0x80005e4c (0x000096e2) c.add   a3, s8
core   0: 3 0x80005e4c (0x96e2) x13 0x00000000
core   0: 0x80005e4e (0x03f00e33) mul     t3, zero, t6
core   0: 3 0x80005e4e (0x03f00e33) x28 0x00000000
core   0: 0x80005e52 (0x4109dc13) srai    s8, s3, 16
core   0: 3 0x80005e52 (0x4109dc13) x24 0x00000000
core   0: 0x80005e56 (0xb731a413) slti    s0, gp, -1165
core   0: 3 0x80005e56 (0xb731a413) x 8 0x00000000
core   0: 0x80005e5a (0x0000805d) c.srli  s0, 23
core   0: 3 0x80005e5a (0x805d) x 8 0x00000000
core   0: 0x80005e5c (0x004a9f13) slli    t5, s5, 4
core   0: 3 0x80005e5c (0x004a9f13) x30 0x00000000
core   0: 0x80005e60 (0x0122bdb3) sltu    s11, t0, s2
core   0: 3 0x80005e60 (0x0122bdb3) x27 0x00000001
core   0: 0x80005e64 (0x02e6f963) bgeu    a3, a4, pc + 50
core   0: 3 0x80005e64 (0x02e6f963)
core   0: 0x80005e96 (0x01b8dd13) srli    s10, a7, 27
core   0: 3 0x80005e96 (0x01b8dd13) x26 0x00000000
core   0: 0x80005e9a (0x033b5f63) bge     s6, s3, pc + 62
core   0: 3 0x80005e9a (0x033b5f63)
core   0: 0x80005e9e (0xf0df0813) addi    a6, t5, -243
core   0: 3 0x80005e9e (0xf0df0813) x16 0xffffff0d
core   0: 0x80005ea2 (0x000089c1) c.andi  a1, 16
core   0: 3 0x80005ea2 (0x89c1) x11 0x00000010
core   0: 0x80005ea4 (0x02619533) mulh    a0, gp, t1
core   0: 3 0x80005ea4 (0x02619533) x10 0x00000000
core   0: 0x80005ea8 (0x00f9d193) srli    gp, s3, 15
core   0: 3 0x80005ea8 (0x00f9d193) x 3 0x00000000
core   0: 0x80005eac (0xa7573913) sltiu   s2, a4, -1419
core   0: 3 0x80005eac (0xa7573913) x18 0x00000001
core   0: 0x80005eb0 (0x00000001) c.nop
core   0: 3 0x80005eb0 (0x0001)
core   0: 0x80005eb2 (0x00b26db3) or      s11, tp, a1
core   0: 3 0x80005eb2 (0x00b26db3) x27 0x00000010
core   0: 0x80005eb6 (0x000093aa) c.add   t2, a0
core   0: 3 0x80005eb6 (0x93aa) x 7 0x00000001
core   0: 0x80005eb8 (0x01401563) bne     zero, s4, pc + 10
core   0: 3 0x80005eb8 (0x01401563)
core   0: 0x80005ec2 (0x413dd1b3) sra     gp, s11, s3
core   0: 3 0x80005ec2 (0x413dd1b3) x 3 0x00000008
core   0: 0x80005ec6 (0x03d3e763) bltu    t2, t4, pc + 46
core   0: 3 0x80005ec6 (0x03d3e763)
core   0: 0x80005eca (0x000010fd) c.addi  ra, -1
core   0: 3 0x80005eca (0x10fd) x 1 0xffffffff
core   0: 0x80005ecc (0x0000844a) c.mv    s0, s2
core   0: 3 0x80005ecc (0x844a) x 8 0x00000001
core   0: 0x80005ece (0x000084a5) c.srai  s1, 9
core   0: 3 0x80005ece (0x84a5) x 9 0x00000001
core   0: 0x80005ed0 (0xa55bb693) sltiu   a3, s7, -1451
core   0: 3 0x80005ed0 (0xa55bb693) x13 0x00000001
core   0: 0x80005ed4 (0x658c7713) andi    a4, s8, 1624
core   0: 3 0x80005ed4 (0x658c7713) x14 0x00000000
core   0: 0x80005ed8 (0x0000587d) c.li    a6, -1
core   0: 3 0x80005ed8 (0x587d) x16 0xffffffff
core   0: 0x80005eda (0x00008d6d) c.and   a0, a1
core   0: 3 0x80005eda (0x8d6d) x10 0x00000000
core   0: 0x80005edc (0x006dc733) xor     a4, s11, t1
core   0: 3 0x80005edc (0x006dc733) x14 0x7ffd65b6
core   0: 0x80005ee0 (0x006215b3) sll     a1, tp, t1
core   0: 3 0x80005ee0 (0x006215b3) x11 0x00000000
core   0: 0x80005ee4 (0x007193b3) sll     t2, gp, t2
core   0: 3 0x80005ee4 (0x007193b3) x 7 0x00000010
core   0: 0x80005ee8 (0x02203233) mulhu   tp, zero, sp
core   0: 3 0x80005ee8 (0x02203233) x 4 0x00000000
core   0: 0x80005eec (0x0000717d) c.addi16sp sp, -16
core   0: 3 0x80005eec (0x717d) x 2 0x7ffd62fc
core   0: 0x80005eee (0x00008cb9) c.xor   s1, a4
core   0: 3 0x80005eee (0x8cb9) x 9 0x7ffd65b7
core   0: 0x80005ef0 (0x6055e993) ori     s3, a1, 1541
core   0: 3 0x80005ef0 (0x6055e993) x19 0x00000605
core   0: 0x80005ef4 (0x00008ddd) c.or    a1, a5
core   0: 3 0x80005ef4 (0x8ddd) x11 0x80025e64
core   0: 0x80005ef6 (0x40268e33) sub     t3, a3, sp
core   0: 3 0x80005ef6 (0x40268e33) x28 0x80029d05
core   0: 0x80005efa (0x0000892a) c.mv    s2, a0
core   0: 3 0x80005efa (0x892a) x18 0x00000000
core   0: 0x80005efc (0x40e15213) srai    tp, sp, 14
core   0: 3 0x80005efc (0x40e15213) x 4 0x0001fff5
core   0: 0x80005f00 (0x00f19213) slli    tp, gp, 15
core   0: 3 0x80005f00 (0x00f19213) x 4 0x00040000
core   0: 0x80005f04 (0x00008e81) c.sub   a3, s0
core   0: 3 0x80005f04 (0x8e81) x13 0x00000000
core   0: 0x80005f06 (0x00004379) c.li    t1, 30
core   0: 3 0x80005f06 (0x4379) x 6 0x0000001e
core   0: 0x80005f08 (0x01490d33) add     s10, s2, s4
core   0: 3 0x80005f08 (0x01490d33) x26 0x00000001
core   0: 0x80005f0c (0x41a783b3) sub     t2, a5, s10
core   0: 3 0x80005f0c (0x41a783b3) x 7 0x80025e63
core   0: 0x80005f10 (0x00008df1) c.and   a1, a2
core   0: 3 0x80005f10 (0x8df1) x11 0x80021c64
core   0: 0x80005f12 (0x00000001) c.nop
core   0: 3 0x80005f12 (0x0001)
core   0: 0x80005f14 (0x0066c4b3) xor     s1, a3, t1
core   0: 3 0x80005f14 (0x0066c4b3) x 9 0x0000001e
core   0: 0x80005f18 (0x0ff0000f) fence   iorw,iorw
core   0: 3 0x80005f18 (0x0ff0000f)
core   0: 0x80005f1c (0x00008d71) c.and   a0, a2
core   0: 3 0x80005f1c (0x8d71) x10 0x00000000
core   0: 0x80005f1e (0x00008f21) c.xor   a4, s0
core   0: 3 0x80005f1e (0x8f21) x14 0x7ffd65b7
core   0: 0x80005f20 (0x03627963) bgeu    tp, s6, pc + 50
core   0: 3 0x80005f20 (0x03627963)
core   0: 0x80005f52 (0x015176b3) and     a3, sp, s5
core   0: 3 0x80005f52 (0x015176b3) x13 0x50000000
core   0: 0x80005f56 (0x01afb333) sltu    t1, t6, s10
core   0: 3 0x80005f56 (0x01afb333) x 6 0x00000000
core   0: 0x80005f5a (0x012dd233) srl     tp, s11, s2
core   0: 3 0x80005f5a (0x012dd233) x 4 0x00000010
core   0: 0x80005f5e (0x40d1da93) srai    s5, gp, 13
core   0: 3 0x80005f5e (0x40d1da93) x21 0x00000000
core   0: 0x80005f62 (0x00008f4d) c.or    a4, a1
core   0: 3 0x80005f62 (0x8f4d) x14 0xffff7df7
core   0: 0x80005f64 (0x0000100f) fence.i
core   0: 3 0x80005f64 (0x0000100f)
core   0: 0x80005f68 (0x000093fe) c.add   t2, t6
core   0: 3 0x80005f68 (0x93fe) x 7 0x80025e64
core   0: 0x80005f6a (0x0000940a) c.add   s0, sp
core   0: 3 0x80005f6a (0x940a) x 8 0x7ffd62fd
core   0: 0x80005f6c (0x0000803d) c.srli  s0, 15
core   0: 3 0x80005f6c (0x803d) x 8 0x0000fffa
core   0: 0x80005f6e (0xe3f13b13) sltiu   s6, sp, -449
core   0: 3 0x80005f6e (0xe3f13b13) x22 0x00000001
core   0: 0x80005f72 (0x00ea8263) beq     s5, a4, pc + 4
core   0: 3 0x80005f72 (0x00ea8263)
core   0: 0x80005f76 (0x03929433) mulh    s0, t0, s9
core   0: 3 0x80005f76 (0x03929433) x 8 0x00000000
core   0: 0x80005f7a (0x00008759) c.srai  a4, 22
core   0: 3 0x80005f7a (0x8759) x14 0xffffffff
core   0: 0x80005f7c (0x03c34b33) div     s6, t1, t3
core   0: 3 0x80005f7c (0x03c34b33) x22 0x00000000
core   0: 0x80005f80 (0x0000717d) c.addi16sp sp, -16
core   0: 3 0x80005f80 (0x717d) x 2 0x7ffd62ec
core   0: 0x80005f82 (0x02ae1f63) bne     t3, a0, pc + 62
core   0: 3 0x80005f82 (0x02ae1f63)
core   0: 0x80005fc0 (0x00008cfd) c.and   s1, a5
core   0: 3 0x80005fc0 (0x8cfd) x 9 0x00000004
core   0: 0x80005fc2 (0x9e6fb893) sltiu   a7, t6, -1562
core   0: 3 0x80005fc2 (0x9e6fb893) x17 0x00000001
core   0: 0x80005fc6 (0x00000dfe) c.slli  s11, 31
core   0: 3 0x80005fc6 (0x0dfe) x27 0x00000000
core   0: 0x80005fc8 (0x51b84293) xori    t0, a6, 1307
core   0: 3 0x80005fc8 (0x51b84293) x 5 0xfffffae4
core   0: 0x80005fcc (0x001ef833) and     a6, t4, ra
core   0: 3 0x80005fcc (0x001ef833) x16 0x00000000
core   0: 0x80005fd0 (0x0000cb11) c.beqz  a4, pc + 20
core   0: 3 0x80005fd0 (0xcb11)
core   0: 0x80005fd2 (0x0000ec05) c.bnez  s0, pc + 56
core   0: 3 0x80005fd2 (0xec05)
core   0: 0x80005fd4 (0x6cbfa213) slti    tp, t6, 1739
core   0: 3 0x80005fd4 (0x6cbfa213) x 4 0x00000001
core   0: 0x80005fd8 (0x0000100f) fence.i
core   0: 3 0x80005fd8 (0x0000100f)
core   0: 0x80005fdc (0x0331d563) bge     gp, s3, pc + 42
core   0: 3 0x80005fdc (0x0331d563)
core   0: 0x80005fe0 (0x41425333) sra     t1, tp, s4
core   0: 3 0x80005fe0 (0x41425333) x 6 0x00000000
core   0: 0x80005fe4 (0x03e9d963) bge     s3, t5, pc + 50
core   0: 3 0x80005fe4 (0x03e9d963)
core   0: 0x80006016 (0x03a32833) mulhsu  a6, t1, s10
core   0: 3 0x80006016 (0x03a32833) x16 0x00000000
core   0: 0x8000601a (0x02322333) mulhsu  t1, tp, gp
core   0: 3 0x8000601a (0x02322333) x 6 0x00000000
core   0: 0x8000601e (0x012734b3) sltu    s1, a4, s2
core   0: 3 0x8000601e (0x012734b3) x 9 0x00000000
core   0: 0x80006022 (0x03ab1bb3) mulh    s7, s6, s10
core   0: 3 0x80006022 (0x03ab1bb3) x23 0x00000000
core   0: 0x80006026 (0x000041e1) c.li    gp, 24
core   0: 3 0x80006026 (0x41e1) x 3 0x00000018
core   0: 0x80006028 (0x0000617d) c.addi16sp sp, 496
core   0: 3 0x80006028 (0x617d) x 2 0x7ffd64dc
core   0: 0x8000602a (0x000086cd) c.srai  a3, 19
core   0: 3 0x8000602a (0x86cd) x13 0x00000a00
core   0: 0x8000602c (0x00829a93) slli    s5, t0, 8
core   0: 3 0x8000602c (0x00829a93) x21 0xfffae400
core   0: 0x80006030 (0x0000e719) c.bnez  a4, pc + 14
core   0: 3 0x80006030 (0xe719)
core   0: 0x8000603e (0x01617b63) bgeu    sp, s6, pc + 22
core   0: 3 0x8000603e (0x01617b63)
core   0: 0x80006054 (0x00000f49) c.addi  t5, 18
core   0: 3 0x80006054 (0x0f49) x30 0x00000012
core   0: 0x80006056 (0x0160b1b3) sltu    gp, ra, s6
core   0: 3 0x80006056 (0x0160b1b3) x 3 0x00000000
core   0: 0x8000605a (0x0332f133) remu    sp, t0, s3
core   0: 3 0x8000605a (0x0332f133) x 2 0x000000c7
core   0: 0x8000605e (0x0093db33) srl     s6, t2, s1
core   0: 3 0x8000605e (0x0093db33) x22 0x80025e64
core   0: 0x80006062 (0x0231d333) divu    t1, gp, gp
core   0: 3 0x80006062 (0x0231d333) x 6 0xffffffff
core   0: 0x80006066 (0x01973d33) sltu    s10, a4, s9
core   0: 3 0x80006066 (0x01973d33) x26 0x00000000
core   0: 0x8000606a (0x027d8c63) beq     s11, t2, pc + 56
core   0: 3 0x8000606a (0x027d8c63)
core   0: 0x8000606e (0x0000058c) c.addi4spn a1, sp, 704
core   0: 3 0x8000606e (0x058c) x11 0x00000387
core   0: 0x80006070 (0x6cd0dbb7) lui     s7, 0x6cd0d
core   0: 3 0x80006070 (0x6cd0dbb7) x23 0x6cd0d000
core   0: 0x80006074 (0x00008f51) c.or    a4, a2
core   0: 3 0x80006074 (0x8f51) x14 0xffffffff
core   0: 0x80006076 (0x00466033) or      zero, a2, tp
core   0: 3 0x80006076 (0x00466033)
core   0: 0x8000607a (0x01e973b3) and     t2, s2, t5
core   0: 3 0x8000607a (0x01e973b3) x 7 0x00000000
core   0: 0x8000607e (0x83c1ae13) slti    t3, gp, -1988
core   0: 3 0x8000607e (0x83c1ae13) x28 0x00000000
core   0: 0x80006082 (0x01a55f63) bge     a0, s10, pc + 30
core   0: 3 0x80006082 (0x01a55f63)
core   0: 0x800060a0 (0x00009c9a) c.add   s9, t1
core   0: 3 0x800060a0 (0x9c9a) x25 0x0000000e
core   0: 0x800060a2 (0x01cfff33) and     t5, t6, t3
core   0: 3 0x800060a2 (0x01cfff33) x30 0x00000000
core   0: 0x800060a6 (0x03b49fb3) mulh    t6, s1, s11
core   0: 3 0x800060a6 (0x03b49fb3) x31 0x00000000
core   0: 0x800060aa (0x01013033) sltu    zero, sp, a6
core   0: 3 0x800060aa (0x01013033)
core   0: 0x800060ae (0x0000ec9d) c.bnez  s1, pc + 62
core   0: 3 0x800060ae (0xec9d)
core   0: 0x800060b0 (0x00009426) c.add   s0, s1
core   0: 3 0x800060b0 (0x9426) x 8 0x00000000
core   0: 0x800060b2 (0x014eda33) srl     s4, t4, s4
core   0: 3 0x800060b2 (0x014eda33) x20 0x00000000
core   0: 0x800060b6 (0x00008d5d) c.or    a0, a5
core   0: 3 0x800060b6 (0x8d5d) x10 0x80025e64
core   0: 0x800060b8 (0xe7843113) sltiu   sp, s0, -392
core   0: 3 0x800060b8 (0xe7843113) x 2 0x00000001
core   0: 0x800060bc (0x03d089b3) mul     s3, ra, t4
core   0: 3 0x800060bc (0x03d089b3) x19 0x00000000
core   0: 0x800060c0 (0x00008ef1) c.and   a3, a2
core   0: 3 0x800060c0 (0x8ef1) x13 0x00000800
core   0: 0x800060c2 (0x00534db3) xor     s11, t1, t0
core   0: 3 0x800060c2 (0x00534db3) x27 0x0000051b
core   0: 0x800060c6 (0x00008b76) c.mv    s6, t4
core   0: 3 0x800060c6 (0x8b76) x22 0x00000000
core   0: 0x800060c8 (0x00001ffd) c.addi  t6, -1
core   0: 3 0x800060c8 (0x1ffd) x31 0xffffffff
core   0: 0x800060ca (0x412ed433) sra     s0, t4, s2
core   0: 3 0x800060ca (0x412ed433) x 8 0x00000000
core   0: 0x800060ce (0x41c505b3) sub     a1, a0, t3
core   0: 3 0x800060ce (0x41c505b3) x11 0x80025e64
core   0: 0x800060d2 (0x026153b3) divu    t2, sp, t1
core   0: 3 0x800060d2 (0x026153b3) x 7 0x00000000
core   0: 0x800060d6 (0x00006c89) c.lui   s9, 0x2
core   0: 3 0x800060d6 (0x6c89) x25 0x00002000
core   0: 0x800060d8 (0x02225d33) divu    s10, tp, sp
core   0: 3 0x800060d8 (0x02225d33) x26 0x00000001
core   0: 0x800060dc (0x015b4a63) blt     s6, s5, pc + 20
core   0: 3 0x800060dc (0x015b4a63)
core   0: 0x800060e0 (0x00000f80) c.addi4spn s0, sp, 976
core   0: 3 0x800060e0 (0x0f80) x 8 0x000003d1
core   0: 0x800060e2 (0x00008d71) c.and   a0, a2
core   0: 3 0x800060e2 (0x8d71) x10 0x80021c64
core   0: 0x800060e4 (0x020fe433) rem     s0, t6, zero
core   0: 3 0x800060e4 (0x020fe433) x 8 0xffffffff
core   0: 0x800060e8 (0x00aadd63) bge     s5, a0, pc + 26
core   0: 3 0x800060e8 (0x00aadd63)
core   0: 0x80006102 (0x010cbc33) sltu    s8, s9, a6
core   0: 3 0x80006102 (0x010cbc33) x24 0x00000000
core   0: 0x80006106 (0x033c4d33) div     s10, s8, s3
core   0: 3 0x80006106 (0x033c4d33) x26 0xffffffff
core   0: 0x8000610a (0x03e550b3) divu    ra, a0, t5
core   0: 3 0x8000610a (0x03e550b3) x 1 0xffffffff
core   0: 0x8000610e (0x007a5993) srli    s3, s4, 7
core   0: 3 0x8000610e (0x007a5993) x19 0x00000000
core   0: 0x80006112 (0x000088aa) c.mv    a7, a0
core   0: 3 0x80006112 (0x88aa) x17 0x80021c64
core   0: 0x80006114 (0x000060d5) c.lui   ra, 0x15
core   0: 3 0x80006114 (0x60d5) x 1 0x00015000
core   0: 0x80006116 (0x010f1093) slli    ra, t5, 16
core   0: 3 0x80006116 (0x010f1093) x 1 0x00000000
core   0: 0x8000611a (0x03a8a9b3) mulhsu  s3, a7, s10
core   0: 3 0x8000611a (0x03a8a9b3) x19 0x80021c64
core   0: 0x8000611e (0x00001e8c) c.addi4spn a1, sp, 880
core   0: 3 0x8000611e (0x1e8c) x11 0x00000371
core   0: 0x80006120 (0x40bad533) sra     a0, s5, a1
core   0: 3 0x80006120 (0x40bad533) x10 0xfffffffd
core   0: 0x80006124 (0x00008149) c.srli  a0, 18
core   0: 3 0x80006124 (0x8149) x10 0x00003fff
core   0: 0x80006126 (0x00008f3d) c.xor   a4, a5
core   0: 3 0x80006126 (0x8f3d) x14 0x7ffda19b
core   0: 0x80006128 (0x0000e089) c.bnez  s1, pc + 2
core   0: 3 0x80006128 (0xe089)
core   0: 0x8000612a (0x00fdf833) and     a6, s11, a5
core   0: 3 0x8000612a (0x00fdf833) x16 0x00000400
core   0: 0x8000612e (0x6ac96f13) ori     t5, s2, 1708
core   0: 3 0x8000612e (0x6ac96f13) x30 0x000006ac
core   0: 0x80006132 (0x4090dcb3) sra     s9, ra, s1
core   0: 3 0x80006132 (0x4090dcb3) x25 0x00000000
core   0: 0x80006136 (0x006241b3) xor     gp, tp, t1
core   0: 3 0x80006136 (0x006241b3) x 3 0xfffffffe
core   0: 0x8000613a (0xfe9e6c93) ori     s9, t3, -23
core   0: 3 0x8000613a (0xfe9e6c93) x25 0xffffffe9
core   0: 0x8000613e (0x00670833) add     a6, a4, t1
core   0: 3 0x8000613e (0x00670833) x16 0x7ffda19a
core   0: 0x80006142 (0x00b3bfb3) sltu    t6, t2, a1
core   0: 3 0x80006142 (0x00b3bfb3) x31 0x00000001
core   0: 0x80006146 (0x03c08133) mul     sp, ra, t3
core   0: 3 0x80006146 (0x03c08133) x 2 0x00000000
core   0: 0x8000614a (0x58ce4e13) xori    t3, t3, 1420
core   0: 3 0x8000614a (0x58ce4e13) x28 0x0000058c
core   0: 0x8000614e (0x7f12b413) sltiu   s0, t0, 2033
core   0: 3 0x8000614e (0x7f12b413) x 8 0x00000000
core   0: 0x80006152 (0x00008c32) c.mv    s8, a2
core   0: 3 0x80006152 (0x8c32) x24 0x80029ce4
core   0: 0x80006154 (0x0000be17) auipc   t3, 0xb
core   0: 3 0x80006154 (0x0000be17) x28 0x80011154
core   0: 0x80006158 (0xc80e0e13) addi    t3, t3, -896
core   0: 3 0x80006158 (0xc80e0e13) x28 0x80010dd4
core   0: 0x8000615c (0x078e05a3) sb      s8, 107(t3)
core   0: 3 0x8000615c (0x078e05a3) mem 0x80010e3f 0xe4
core   0: 0x80006160 (0x0000a697) auipc   a3, 0xa
core   0: 3 0x80006160 (0x0000a697) x13 0x80010160
core   0: 0x80006164 (0x33a68693) addi    a3, a3, 826
core   0: 3 0x80006164 (0x33a68693) x13 0x8001049a
core   0: 0x80006168 (0xfa4e2d03) lw      s10, -92(t3)
core   0: 3 0x80006168 (0xfa4e2d03) x26 0xfffd535f mem 0x80010d78
core   0: 0x8000616c (0x03768583) lb      a1, 55(a3)
core   0: 3 0x8000616c (0x03768583) x11 0xffffffe9 mem 0x800104d1
core   0: 0x80006170 (0xffd68803) lb      a6, -3(a3)
core   0: 3 0x80006170 (0xffd68803) x16 0xffffff8e mem 0x80010497
core   0: 0x80006174 (0x01f68383) lb      t2, 31(a3)
core   0: 3 0x80006174 (0x01f68383) x 7 0xffffffff mem 0x800104b9
core   0: 0x80006178 (0xfe6e5c03) lhu     s8, -26(t3)
core   0: 3 0x80006178 (0xfe6e5c03) x24 0x00004fab mem 0x80010dba
core   0: 0x8000617c (0xff368ca3) sb      s3, -7(a3)
core   0: 3 0x8000617c (0xff368ca3) mem 0x80010493 0x64
core   0: 0x80006180 (0x076e1d23) sh      s6, 122(t3)
core   0: 3 0x80006180 (0x076e1d23) mem 0x80010e4e 0x0000
core   0: 0x80006184 (0xfd668f23) sb      s6, -34(a3)
core   0: 3 0x80006184 (0xfd668f23) mem 0x80010478 0x0
core   0: 0x80006188 (0x051e0283) lb      t0, 81(t3)
core   0: 3 0x80006188 (0x051e0283) x 5 0x00000078 mem 0x80010e25
core   0: 0x8000618c (0xf8ce1983) lh      s3, -116(t3)
core   0: 3 0x8000618c (0xf8ce1983) x19 0x000054fd mem 0x80010d60
core   0: 0x80006190 (0xf92e4303) lbu     t1, -110(t3)
core   0: 3 0x80006190 (0xf92e4303) x 6 0x000000e2 mem 0x80010d66
core   0: 0x80006194 (0x0126cb03) lbu     s6, 18(a3)
core   0: 3 0x80006194 (0x0126cb03) x22 0x0000009e mem 0x800104ac
core   0: 0x80006198 (0x090e0203) lb      tp, 144(t3)
core   0: 3 0x80006198 (0x090e0203) x 4 0x00000045 mem 0x80010e64
core   0: 0x8000619c (0xffe69523) sh      t5, -22(a3)
core   0: 3 0x8000619c (0xffe69523) mem 0x80010484 0x06ac
core   0: 0x800061a0 (0x0e0e4b83) lbu     s7, 224(t3)
core   0: 3 0x800061a0 (0x0e0e4b83) x23 0x00000058 mem 0x80010eb4
core   0: 0x800061a4 (0xfd16c583) lbu     a1, -47(a3)
core   0: 3 0x800061a4 (0xfd16c583) x11 0x00000036 mem 0x8001046b
core   0: 0x800061a8 (0x029bde63) bge     s7, s1, pc + 60
core   0: 3 0x800061a8 (0x029bde63)
core   0: 0x800061e4 (0x406e03b3) sub     t2, t3, t1
core   0: 3 0x800061e4 (0x406e03b3) x 7 0x80010cf2
core   0: 0x800061e8 (0x00ca2c33) slt     s8, s4, a2
core   0: 3 0x800061e8 (0x00ca2c33) x24 0x00000000
core   0: 0x800061ec (0x00c5ce33) xor     t3, a1, a2
core   0: 3 0x800061ec (0x00c5ce33) x28 0x80029cd2
core   0: 0x800061f0 (0x02450833) mul     a6, a0, tp
core   0: 3 0x800061f0 (0x02450833) x16 0x00113fbb
core   0: 0x800061f4 (0x00d54b63) blt     a0, a3, pc + 22
core   0: 3 0x800061f4 (0x00d54b63)
core   0: 0x800061f8 (0x00008eb9) c.xor   a3, a4
core   0: 3 0x800061f8 (0x8eb9) x13 0xfffca501
core   0: 0x800061fa (0x0000453d) c.li    a0, 15
core   0: 3 0x800061fa (0x453d) x10 0x0000000f
core   0: 0x800061fc (0x00000114) c.addi4spn a3, sp, 128
core   0: 3 0x800061fc (0x0114) x13 0x00000080
core   0: 0x800061fe (0x0000c70d) c.beqz  a4, pc + 42
core   0: 3 0x800061fe (0xc70d)
core   0: 0x80006200 (0x000093d6) c.add   t2, s5
core   0: 3 0x80006200 (0x93d6) x 7 0x7ffbf0f2
core   0: 0x80006202 (0x00f15863) bge     sp, a5, pc + 16
core   0: 3 0x80006202 (0x00f15863)
core   0: 0x80006212 (0x0478f263) bgeu    a7, t2, pc + 68
core   0: 3 0x80006212 (0x0478f263)
core   0: 0x80006256 (0x01360e63) beq     a2, s3, pc + 28
core   0: 3 0x80006256 (0x01360e63)
core   0: 0x8000625a (0x03a816b3) mulh    a3, a6, s10
core   0: 3 0x8000625a (0x03a816b3) x13 0xffffffd1
core   0: 0x8000625e (0x00000001) c.nop
core   0: 3 0x8000625e (0x0001)
core   0: 0x80006260 (0x01e646b3) xor     a3, a2, t5
core   0: 3 0x80006260 (0x01e646b3) x13 0x80029a48
core   0: 0x80006264 (0x027bcfb3) div     t6, s7, t2
core   0: 3 0x80006264 (0x027bcfb3) x31 0x00000000
core   0: 0x80006268 (0x00008835) c.andi  s0, 13
core   0: 3 0x80006268 (0x8835) x 8 0x00000000
core   0: 0x8000626a (0x7c18ee13) ori     t3, a7, 1985
core   0: 3 0x8000626a (0x7c18ee13) x28 0x80021fe5
core   0: 0x8000626e (0x01d2ff33) and     t5, t0, t4
core   0: 3 0x8000626e (0x01d2ff33) x30 0x00000000
core   0: 0x80006272 (0xcc7f5217) auipc   tp, 0xcc7f5
core   0: 3 0x80006272 (0xcc7f5217) x 4 0x4c7fb272
core   0: 0x80006276 (0x00000318) c.addi4spn a4, sp, 384
core   0: 3 0x80006276 (0x0318) x14 0x00000180
core   0: 0x80006278 (0x00c0036f) jal     t1, pc + 0xc
core   0: 3 0x80006278 (0x00c0036f) x 6 0x8000627c
core   0: 0x80006284 (0x0000a011) c.j     pc + 4
core   0: 3 0x80006284 (0xa011)
core   0: 0x80006288 (0x00002025) c.jal   pc + 40
core   0: 3 0x80006288 (0x2025) x 1 0x8000628a
core   0: 0x800062b0 (0xfe3ff0ef) jal     pc - 0x1e
core   0: 3 0x800062b0 (0xfe3ff0ef) x 1 0x800062b4
core   0: 0x80006292 (0xff5ffc6f) jal     s8, pc - 0xc
core   0: 3 0x80006292 (0xff5ffc6f) x24 0x80006296
core   0: 0x80006286 (0x00002825) c.jal   pc + 56
core   0: 3 0x80006286 (0x2825) x 1 0x80006288
core   0: 0x800062be (0xfe1ffb6f) jal     s6, pc - 0x20
core   0: 3 0x800062be (0xfe1ffb6f) x22 0x800062c2
core   0: 0x8000629e (0x0080036f) jal     t1, pc + 0x8
core   0: 3 0x8000629e (0x0080036f) x 6 0x800062a2
core   0: 0x800062a6 (0x0000bff1) c.j     pc - 36
core   0: 3 0x800062a6 (0xbff1)
core   0: 0x80006282 (0x00002811) c.jal   pc + 20
core   0: 3 0x80006282 (0x2811) x 1 0x80006284
core   0: 0x80006296 (0x0000a821) c.j     pc + 24
core   0: 3 0x80006296 (0xa821)
core   0: 0x800062ae (0x000037f5) c.jal   pc - 20
core   0: 3 0x800062ae (0x37f5) x 1 0x800062b0
core   0: 0x8000629a (0x00002831) c.jal   pc + 28
core   0: 3 0x8000629a (0x2831) x 1 0x8000629c
core   0: 0x800062b6 (0xfcbff26f) jal     tp, pc - 0x36
core   0: 3 0x800062b6 (0xfcbff26f) x 4 0x800062ba
core   0: 0x80006280 (0x00002031) c.jal   pc + 12
core   0: 3 0x80006280 (0x2031) x 1 0x80006282
core   0: 0x8000628c (0x0000a831) c.j     pc + 28
core   0: 3 0x8000628c (0xa831)
core   0: 0x800062a8 (0x00c000ef) jal     pc + 0xc
core   0: 3 0x800062a8 (0x00c000ef) x 1 0x800062ac
core   0: 0x800062b4 (0x00002019) c.jal   pc + 6
core   0: 3 0x800062b4 (0x2019) x 1 0x800062b6
core   0: 0x800062ba (0xfd5ff0ef) jal     pc - 0x2c
core   0: 3 0x800062ba (0xfd5ff0ef) x 1 0x800062be
core   0: 0x8000628e (0x01600b6f) jal     s6, pc + 0x16
core   0: 3 0x8000628e (0x01600b6f) x22 0x80006292
core   0: 0x800062a4 (0x00002021) c.jal   pc + 8
core   0: 3 0x800062a4 (0x2021) x 1 0x800062a6
core   0: 0x800062ac (0x0000b7f5) c.j     pc - 20
core   0: 3 0x800062ac (0xb7f5)
core   0: 0x80006298 (0x0000bfcd) c.j     pc - 14
core   0: 3 0x80006298 (0xbfcd)
core   0: 0x8000628a (0x0000a821) c.j     pc + 24
core   0: 3 0x8000628a (0xa821)
core   0: 0x800062a2 (0x00003ff1) c.jal   pc - 36
core   0: 3 0x800062a2 (0x3ff1) x 1 0x800062a4
core   0: 0x8000627e (0x00002839) c.jal   pc + 30
core   0: 3 0x8000627e (0x2839) x 1 0x80006280
core   0: 0x8000629c (0x000037c5) c.jal   pc - 32
core   0: 3 0x8000629c (0x37c5) x 1 0x8000629e
core   0: 0x8000627c (0x0000a099) c.j     pc + 70
core   0: 3 0x8000627c (0xa099)
core   0: 0x800062c2 (0x41fe5a93) srai    s5, t3, 31
core   0: 3 0x800062c2 (0x41fe5a93) x21 0xffffffff
core   0: 0x800062c6 (0x0000825a) c.mv    tp, s6
core   0: 3 0x800062c6 (0x825a) x 4 0x80006292
core   0: 0x800062c8 (0x00cbae33) slt     t3, s7, a2
core   0: 3 0x800062c8 (0x00cbae33) x28 0x00000000
core   0: 0x800062cc (0x40bc5133) sra     sp, s8, a1
core   0: 3 0x800062cc (0x40bc5133) x 2 0xfffffe00
core   0: 0x800062d0 (0x41e1d193) srai    gp, gp, 30
core   0: 3 0x800062d0 (0x41e1d193) x 3 0xffffffff
core   0: 0x800062d4 (0x00004af9) c.li    s5, 30
core   0: 3 0x800062d4 (0x4af9) x21 0x0000001e
core   0: 0x800062d6 (0x00008991) c.andi  a1, 4
core   0: 3 0x800062d6 (0x8991) x11 0x00000004
core   0: 0x800062d8 (0x00000001) c.nop
core   0: 3 0x800062d8 (0x0001)
core   0: 0x800062da (0x00009afd) c.andi  a3, -1
core   0: 3 0x800062da (0x9afd) x13 0x80029a48
core   0: 0x800062dc (0x02a86e33) rem     t3, a6, a0
core   0: 3 0x800062dc (0x02a86e33) x28 0x0000000c
core   0: 0x800062e0 (0x03d400b3) mul     ra, s0, t4
core   0: 3 0x800062e0 (0x03d400b3) x 1 0x00000000
core   0: 0x800062e4 (0x16e9ff93) andi    t6, s3, 366
core   0: 3 0x800062e4 (0x16e9ff93) x31 0x0000006c
core   0: 0x800062e8 (0x038a0833) mul     a6, s4, s8
core   0: 3 0x800062e8 (0x038a0833) x16 0x00000000
core   0: 0x800062ec (0x0067b0b3) sltu    ra, a5, t1
core   0: 3 0x800062ec (0x0067b0b3) x 1 0x00000000
core   0: 0x800062f0 (0x0116e933) or      s2, a3, a7
core   0: 3 0x800062f0 (0x0116e933) x18 0x80029e6c
core   0: 0x800062f4 (0x000098ce) c.add   a7, s3
core   0: 3 0x800062f4 (0x98ce) x17 0x80027161
core   0: 0x800062f6 (0x01f52c33) slt     s8, a0, t6
core   0: 3 0x800062f6 (0x01f52c33) x24 0x00000001
core   0: 0x800062fa (0x03294133) div     sp, s2, s2
core   0: 3 0x800062fa (0x03294133) x 2 0x00000001
core   0: 0x800062fe (0x00000d16) c.slli  s10, 5
core   0: 3 0x800062fe (0x0d16) x26 0xffaa6be0
core   0: 0x80006300 (0x00001b18) c.addi4spn a4, sp, 432
core   0: 3 0x80006300 (0x1b18) x14 0x000001b1
core   0: 0x80006302 (0x00e79013) slli    zero, a5, 14
core   0: 3 0x80006302 (0x00e79013)
core   0: 0x80006306 (0x00000001) c.nop
core   0: 3 0x80006306 (0x0001)
core   0: 0x80006308 (0x0320eb63) bltu    ra, s2, pc + 54
core   0: 3 0x80006308 (0x0320eb63)
core   0: 0x8000633e (0x00008e89) c.sub   a3, a0
core   0: 3 0x8000633e (0x8e89) x13 0x80029a39
core   0: 0x80006340 (0x0000197d) c.addi  s2, -1
core   0: 3 0x80006340 (0x197d) x18 0x80029e6b
core   0: 0x80006342 (0x41edd713) srai    a4, s11, 30
core   0: 3 0x80006342 (0x41edd713) x14 0x00000000
core   0: 0x80006346 (0x02f71563) bne     a4, a5, pc + 42
core   0: 3 0x80006346 (0x02f71563)
core   0: 0x80006370 (0x0000c981) c.beqz  a1, pc + 16
core   0: 3 0x80006370 (0xc981)
core   0: 0x80006372 (0x00000001) c.nop
core   0: 3 0x80006372 (0x0001)
core   0: 0x80006374 (0x0000ec95) c.bnez  s1, pc + 60
core   0: 3 0x80006374 (0xec95)
core   0: 0x80006376 (0x00008c8a) c.mv    s9, sp
core   0: 3 0x80006376 (0x8c8a) x25 0x00000001
core   0: 0x80006378 (0xcdcd26b7) lui     a3, 0xcdcd2
core   0: 3 0x80006378 (0xcdcd26b7) x13 0xcdcd2000
core   0: 0x8000637c (0x00008932) c.mv    s2, a2
core   0: 3 0x8000637c (0x8932) x18 0x80029ce4
core   0: 0x8000637e (0x00008e95) c.sub   a3, a3
core   0: 3 0x8000637e (0x8e95) x13 0x00000000
core   0: 0x80006380 (0x0177d013) srli    zero, a5, 23
core   0: 3 0x80006380 (0x0177d013)
core   0: 0x80006384 (0x00000394) c.addi4spn a3, sp, 448
core   0: 3 0x80006384 (0x0394) x13 0x000001c1
core   0: 0x80006386 (0x32b5e293) ori     t0, a1, 811
core   0: 3 0x80006386 (0x32b5e293) x 5 0x0000032f
core   0: 0x8000638a (0x005aafb3) slt     t6, s5, t0
core   0: 3 0x8000638a (0x005aafb3) x31 0x00000001
core   0: 0x8000638e (0x0000e01d) c.bnez  s0, pc + 38
core   0: 3 0x8000638e (0xe01d)
core   0: 0x80006390 (0x0000cb15) c.beqz  a4, pc + 52
core   0: 3 0x80006390 (0xcb15)
core   0: 0x800063c4 (0x0174fa33) and     s4, s1, s7
core   0: 3 0x800063c4 (0x0174fa33) x20 0x00000000
core   0: 0x800063c8 (0x01af9193) slli    gp, t6, 26
core   0: 3 0x800063c8 (0x01af9193) x 3 0x04000000
core   0: 0x800063cc (0x000084a9) c.srai  s1, 10
core   0: 3 0x800063cc (0x84a9) x 9 0x00000000
core   0: 0x800063ce (0x00000906) c.slli  s2, 1
core   0: 3 0x800063ce (0x0906) x18 0x000539c8
core   0: 0x800063d0 (0x00000001) c.nop
core   0: 3 0x800063d0 (0x0001)
core   0: 0x800063d2 (0x03927863) bgeu    tp, s9, pc + 48
core   0: 3 0x800063d2 (0x03927863)
core   0: 0x80006402 (0x413f80b3) sub     ra, t6, s3
core   0: 3 0x80006402 (0x413f80b3) x 1 0xffffab04
core   0: 0x80006406 (0x01ae5663) bge     t3, s10, pc + 12
core   0: 3 0x80006406 (0x01ae5663)
core   0: 0x80006412 (0x00000001) c.nop
core   0: 3 0x80006412 (0x0001)
core   0: 0x80006414 (0x0ff0000f) fence   iorw,iorw
core   0: 3 0x80006414 (0x0ff0000f)
core   0: 0x80006418 (0x000098fd) c.andi  s1, -1
core   0: 3 0x80006418 (0x98fd) x 9 0x00000000
core   0: 0x8000641a (0x00a8c9b3) xor     s3, a7, a0
core   0: 3 0x8000641a (0x00a8c9b3) x19 0x8002716e
core   0: 0x8000641e (0x00000001) c.nop
core   0: 3 0x8000641e (0x0001)
core   0: 0x80006420 (0x00717ab3) and     s5, sp, t2
core   0: 3 0x80006420 (0x00717ab3) x21 0x00000000
core   0: 0x80006424 (0x000003e2) c.slli  t2, 24
core   0: 3 0x80006424 (0x03e2) x 7 0xf2000000
core   0: 0x80006426 (0x0000ee8d) c.bnez  a3, pc + 58
core   0: 3 0x80006426 (0xee8d)
core   0: 0x80006460 (0x0ff0000f) fence   iorw,iorw
core   0: 3 0x80006460 (0x0ff0000f)
core   0: 0x80006464 (0x8e6fa017) auipc   zero, 0x8e6fa
core   0: 3 0x80006464 (0x8e6fa017)
core   0: 0x80006468 (0x0000690d) c.lui   s2, 0x3
core   0: 3 0x80006468 (0x690d) x18 0x00003000
core   0: 0x8000646a (0x039b00b3) mul     ra, s6, s9
core   0: 3 0x8000646a (0x039b00b3) x 1 0x80006292
core   0: 0x8000646e (0x7c53ec13) ori     s8, t2, 1989
core   0: 3 0x8000646e (0x7c53ec13) x24 0xf20007c5
core   0: 0x80006472 (0x00006129) c.addi16sp sp, 192
core   0: 3 0x80006472 (0x6129) x 2 0x000000c1
core   0: 0x80006474 (0x03ea01b3) mul     gp, s4, t5
core   0: 3 0x80006474 (0x03ea01b3) x 3 0x00000000
core   0: 0x80006478 (0x0000597d) c.li    s2, -1
core   0: 3 0x80006478 (0x597d) x18 0xffffffff
core   0: 0x8000647a (0x000002fd) c.addi  t0, 31
core   0: 3 0x8000647a (0x02fd) x 5 0x0000034e
core   0: 0x8000647c (0xdf5659b7) lui     s3, 0xdf565
core   0: 3 0x8000647c (0xdf5659b7) x19 0xdf565000
core   0: 0x80006480 (0x03de94b3) mulh    s1, t4, t4
core   0: 3 0x80006480 (0x03de94b3) x 9 0x00000000
core   0: 0x80006484 (0x00005ffd) c.li    t6, -1
core   0: 3 0x80006484 (0x5ffd) x31 0xffffffff
core   0: 0x80006486 (0x00006291) c.lui   t0, 0x4
core   0: 3 0x80006486 (0x6291) x 5 0x00004000
core   0: 0x80006488 (0x0175db13) srli    s6, a1, 23
core   0: 3 0x80006488 (0x0175db13) x22 0x00000000
core   0: 0x8000648c (0x00ab1313) slli    t1, s6, 10
core   0: 3 0x8000648c (0x00ab1313) x 6 0x00000000
core   0: 0x80006490 (0x0000717d) c.addi16sp sp, -16
core   0: 3 0x80006490 (0x717d) x 2 0x000000b1
core   0: 0x80006492 (0x035460b3) rem     ra, s0, s5
core   0: 3 0x80006492 (0x035460b3) x 1 0x00000000
core   0: 0x80006496 (0x000004c2) c.slli  s1, 16
core   0: 3 0x80006496 (0x04c2) x 9 0x00000000
core   0: 0x80006498 (0x00827233) and     tp, tp, s0
core   0: 3 0x80006498 (0x00827233) x 4 0x00000000
core   0: 0x8000649c (0x01346733) or      a4, s0, s3
core   0: 3 0x8000649c (0x01346733) x14 0xdf565000
core   0: 0x800064a0 (0x79587693) andi    a3, a6, 1941
core   0: 3 0x800064a0 (0x79587693) x13 0x00000000
core   0: 0x800064a4 (0x000068a1) c.lui   a7, 0x8
core   0: 3 0x800064a4 (0x68a1) x17 0x00008000
core   0: 0x800064a6 (0x0006ff63) bgeu    a3, zero, pc + 30
core   0: 3 0x800064a6 (0x0006ff63)
core   0: 0x800064c4 (0x005f1c13) slli    s8, t5, 5
core   0: 3 0x800064c4 (0x005f1c13) x24 0x00000000
core   0: 0x800064c8 (0x01c2a6b3) slt     a3, t0, t3
core   0: 3 0x800064c8 (0x01c2a6b3) x13 0x00000000
core   0: 0x800064cc (0x00009cda) c.add   s9, s6
core   0: 3 0x800064cc (0x9cda) x25 0x00000001
core   0: 0x800064ce (0x16fa4593) xori    a1, s4, 367
core   0: 3 0x800064ce (0x16fa4593) x11 0x0000016f
core   0: 0x800064d2 (0x000085ad) c.srai  a1, 11
core   0: 3 0x800064d2 (0x85ad) x11 0x00000000
core   0: 0x800064d4 (0x00008f65) c.and   a4, s1
core   0: 3 0x800064d4 (0x8f65) x14 0x00000000
core   0: 0x800064d6 (0x03f7ad33) mulhsu  s10, a5, t6
core   0: 3 0x800064d6 (0x03f7ad33) x26 0x80025e64
core   0: 0x800064da (0x036f22b3) mulhsu  t0, t5, s6
core   0: 3 0x800064da (0x036f22b3) x 5 0x00000000
core   0: 0x800064de (0x033a7c63) bgeu    s4, s3, pc + 56
core   0: 3 0x800064de (0x033a7c63)
core   0: 0x800064e2 (0x020a0b33) mul     s6, s4, zero
core   0: 3 0x800064e2 (0x020a0b33) x22 0x00000000
core   0: 0x800064e6 (0x00008c81) c.sub   s1, s0
core   0: 3 0x800064e6 (0x8c81) x 9 0x00000000
core   0: 0x800064e8 (0x01a75893) srli    a7, a4, 26
core   0: 3 0x800064e8 (0x01a75893) x17 0x00000000
core   0: 0x800064ec (0x01391393) slli    t2, s2, 19
core   0: 3 0x800064ec (0x01391393) x 7 0xfff80000
core   0: 0x800064f0 (0x01dff8b3) and     a7, t6, t4
core   0: 3 0x800064f0 (0x01dff8b3) x17 0x00000000
core   0: 0x800064f4 (0x00008731) c.srai  a4, 12
core   0: 3 0x800064f4 (0x8731) x14 0x00000000
core   0: 0x800064f6 (0x01739e63) bne     t2, s7, pc + 28
core   0: 3 0x800064f6 (0x01739e63)
core   0: 0x80006512 (0x0000100f) fence.i
core   0: 3 0x80006512 (0x0000100f)
core   0: 0x80006516 (0x08396c93) ori     s9, s2, 131
core   0: 3 0x80006516 (0x08396c93) x25 0xffffffff
core   0: 0x8000651a (0x00000832) c.slli  a6, 12
core   0: 3 0x8000651a (0x0832) x16 0x00000000
core   0: 0x8000651c (0x0140d693) srli    a3, ra, 20
core   0: 3 0x8000651c (0x0140d693) x13 0x00000000
core   0: 0x80006520 (0x4003db93) srai    s7, t2, 0
core   0: 3 0x80006520 (0x4003db93) x23 0xfff80000
core   0: 0x80006524 (0xc3468493) addi    s1, a3, -972
core   0: 3 0x80006524 (0xc3468493) x 9 0xfffffc34
core   0: 0x80006528 (0x02a9f9b3) remu    s3, s3, a0
core   0: 3 0x80006528 (0x02a9f9b3) x19 0x0000000e
core   0: 0x8000652c (0x00de5513) srli    a0, t3, 13
core   0: 3 0x8000652c (0x00de5513) x10 0x00000000
core   0: 0x80006530 (0x416d8733) sub     a4, s11, s6
core   0: 3 0x80006530 (0x416d8733) x14 0x0000051b
core   0: 0x80006534 (0x024c70b3) remu    ra, s8, tp
core   0: 3 0x80006534 (0x024c70b3) x 1 0x00000000
core   0: 0x80006538 (0x03a86733) rem     a4, a6, s10
core   0: 3 0x80006538 (0x03a86733) x14 0x00000000
core   0: 0x8000653c (0x00008df1) c.and   a1, a2
core   0: 3 0x8000653c (0x8df1) x11 0x00000000
core   0: 0x8000653e (0x00006231) c.lui   tp, 0xc
core   0: 3 0x8000653e (0x6231) x 4 0x0000c000
core   0: 0x80006540 (0x00008c0d) c.sub   s0, a1
core   0: 3 0x80006540 (0x8c0d) x 8 0x00000000
core   0: 0x80006542 (0x41fe5933) sra     s2, t3, t6
core   0: 3 0x80006542 (0x41fe5933) x18 0x00000000
core   0: 0x80006546 (0x0ff0000f) fence   iorw,iorw
core   0: 3 0x80006546 (0x0ff0000f)
core   0: 0x8000654a (0x0122c1b3) xor     gp, t0, s2
core   0: 3 0x8000654a (0x0122c1b3) x 3 0x00000000
core   0: 0x8000654e (0x004262b3) or      t0, tp, tp
core   0: 3 0x8000654e (0x004262b3) x 5 0x0000c000
core   0: 0x80006552 (0x00001ffd) c.addi  t6, -1
core   0: 3 0x80006552 (0x1ffd) x31 0xfffffffe
core   0: 0x80006554 (0x0000997d) c.andi  a0, -1
core   0: 3 0x80006554 (0x997d) x10 0x00000000
core   0: 0x80006556 (0x58b51097) auipc   ra, 0x58b51
core   0: 3 0x80006556 (0x58b51097) x 1 0xd8b57556
core   0: 0x8000655a (0x5e31fc93) andi    s9, gp, 1507
core   0: 3 0x8000655a (0x5e31fc93) x25 0x00000000
core   0: 0x8000655e (0x026ed763) bge     t4, t1, pc + 46
core   0: 3 0x8000655e (0x026ed763)
core   0: 0x8000658c (0x00008756) c.mv    a4, s5
core   0: 3 0x8000658c (0x8756) x14 0x00000000
core   0: 0x8000658e (0x00d07f33) and     t5, zero, a3
core   0: 3 0x8000658e (0x00d07f33) x30 0x00000000
core   0: 0x80006592 (0xe50e8437) lui     s0, 0xe50e8
core   0: 3 0x80006592 (0xe50e8437) x 8 0xe50e8000
core   0: 0x80006596 (0x00000380) c.addi4spn s0, sp, 448
core   0: 3 0x80006596 (0x0380) x 8 0x00000271
core   0: 0x80006598 (0x02e7b333) mulhu   t1, a5, a4
core   0: 3 0x80006598 (0x02e7b333) x 6 0x00000000
core   0: 0x8000659c (0x0000100f) fence.i
core   0: 3 0x8000659c (0x0000100f)
core   0: 0x800065a0 (0x000080b9) c.srli  s1, 14
core   0: 3 0x800065a0 (0x80b9) x 9 0x0003ffff
core   0: 0x800065a2 (0x00000001) c.nop
core   0: 3 0x800065a2 (0x0001)
core   0: 0x800065a4 (0x00008e99) c.sub   a3, a4
core   0: 3 0x800065a4 (0x8e99) x13 0x00000000
core   0: 0x800065a6 (0x02012133) mulhsu  sp, sp, zero
core   0: 3 0x800065a6 (0x02012133) x 2 0x00000000
core   0: 0x800065aa (0x00008f09) c.sub   a4, a0
core   0: 3 0x800065aa (0x8f09) x14 0x00000000
core   0: 0x800065ac (0x00000001) c.nop
core   0: 3 0x800065ac (0x0001)
core   0: 0x800065ae (0x01699713) slli    a4, s3, 22
core   0: 3 0x800065ae (0x01699713) x14 0x03800000
core   0: 0x800065b2 (0x000040e5) c.li    ra, 25
core   0: 3 0x800065b2 (0x40e5) x 1 0x00000019
core   0: 0x800065b4 (0x000088a9) c.andi  s1, 10
core   0: 3 0x800065b4 (0x88a9) x 9 0x0000000a
core   0: 0x800065b6 (0x00008df5) c.and   a1, a3
core   0: 3 0x800065b6 (0x8df5) x11 0x00000000
core   0: 0x800065b8 (0x00008f79) c.and   a4, a4
core   0: 3 0x800065b8 (0x8f79) x14 0x03800000
core   0: 0x800065ba (0x00008d89) c.sub   a1, a0
core   0: 3 0x800065ba (0x8d89) x11 0x00000000
core   0: 0x800065bc (0x00c09733) sll     a4, ra, a2
core   0: 3 0x800065bc (0x00c09733) x14 0x00000190
core   0: 0x800065c0 (0x00008e8d) c.sub   a3, a1
core   0: 3 0x800065c0 (0x8e8d) x13 0x00000000
core   0: 0x800065c2 (0x03f863b3) rem     t2, a6, t6
core   0: 3 0x800065c2 (0x03f863b3) x 7 0x00000000
core   0: 0x800065c6 (0x008436b3) sltu    a3, s0, s0
core   0: 3 0x800065c6 (0x008436b3) x13 0x00000000
core   0: 0x800065ca (0x41915db3) sra     s11, sp, s9
core   0: 3 0x800065ca (0x41915db3) x27 0x00000000
core   0: 0x800065ce (0x0ff0000f) fence   iorw,iorw
core   0: 3 0x800065ce (0x0ff0000f)
core   0: 0x800065d2 (0x0068ae33) slt     t3, a7, t1
core   0: 3 0x800065d2 (0x0068ae33) x28 0x00000000
core   0: 0x800065d6 (0x03335b33) divu    s6, t1, s3
core   0: 3 0x800065d6 (0x03335b33) x22 0x00000000
core   0: 0x800065da (0x00008d95) c.sub   a1, a3
core   0: 3 0x800065da (0x8d95) x11 0x00000000
core   0: 0x800065dc (0x021fa4b3) mulhsu  s1, t6, ra
core   0: 3 0x800065dc (0x021fa4b3) x 9 0xffffffff
core   0: 0x800065e0 (0x03bea733) mulhsu  a4, t4, s11
core   0: 3 0x800065e0 (0x03bea733) x14 0x00000000
core   0: 0x800065e4 (0x029218b3) mulh    a7, tp, s1
core   0: 3 0x800065e4 (0x029218b3) x17 0xffffffff
core   0: 0x800065e8 (0x014e2433) slt     s0, t3, s4
core   0: 3 0x800065e8 (0x014e2433) x 8 0x00000000
core   0: 0x800065ec (0x009e6293) ori     t0, t3, 9
core   0: 3 0x800065ec (0x009e6293) x 5 0x00000009
core   0: 0x800065f0 (0x01168a63) beq     a3, a7, pc + 20
core   0: 3 0x800065f0 (0x01168a63)
core   0: 0x800065f4 (0x00711d93) slli    s11, sp, 7
core   0: 3 0x800065f4 (0x00711d93) x27 0x00000000
core   0: 0x800065f8 (0x01f75a93) srli    s5, a4, 31
core   0: 3 0x800065f8 (0x01f75a93) x21 0x00000000
core   0: 0x800065fc (0xdca370b7) lui     ra, 0xdca37
core   0: 3 0x800065fc (0xdca370b7) x 1 0xdca37000
core   0: 0x80006600 (0xc5b7e093) ori     ra, a5, -933
core   0: 3 0x80006600 (0xc5b7e093) x 1 0xfffffe7f
core   0: 0x80006604 (0x02dfd863) bge     t6, a3, pc + 48
core   0: 3 0x80006604 (0x02dfd863)
core   0: 0x80006608 (0x0000717d) c.addi16sp sp, -16
core   0: 3 0x80006608 (0x717d) x 2 0xfffffff0
core   0: 0x8000660a (0x00008c65) c.and   s0, s1
core   0: 3 0x8000660a (0x8c65) x 8 0x00000000
core   0: 0x8000660c (0x00008d85) c.sub   a1, s1
core   0: 3 0x8000660c (0x8d85) x11 0x00000001
core   0: 0x8000660e (0x01570db3) add     s11, a4, s5
core   0: 3 0x8000660e (0x01570db3) x27 0x00000000
core   0: 0x80006612 (0x4198d093) srai    ra, a7, 25
core   0: 3 0x80006612 (0x4198d093) x 1 0xffffffff
core   0: 0x80006616 (0x006b6e63) bltu    s6, t1, pc + 28
core   0: 3 0x80006616 (0x006b6e63)
core   0: 0x8000661a (0x78800313) li      t1, 1928
core   0: 3 0x8000661a (0x78800313) x 6 0x00000788
core   0: 0x8000661e (0x00ae4263) blt     t3, a0, pc + 4
core   0: 3 0x8000661e (0x00ae4263)
core   0: 0x80006622 (0x000002d1) c.addi  t0, 20
core   0: 3 0x80006622 (0x02d1) x 5 0x0000001d
core   0: 0x80006624 (0x046ae163) bltu    s5, t1, pc + 66
core   0: 3 0x80006624 (0x046ae163)
core   0: 0x80006666 (0x0139fe33) and     t3, s3, s3
core   0: 3 0x80006666 (0x0139fe33) x28 0x0000000e
core   0: 0x8000666a (0xb4466d13) ori     s10, a2, -1212
core   0: 3 0x8000666a (0xb4466d13) x26 0xffffffe4
core   0: 0x8000666e (0xb1035697) auipc   a3, 0xb1035
core   0: 3 0x8000666e (0xb1035697) x13 0x3103b66e
core   0: 0x80006672 (0x0000874d) c.srai  a4, 19
core   0: 3 0x80006672 (0x874d) x14 0x00000000
core   0: 0x80006674 (0x8e534397) auipc   t2, 0x8e534
core   0: 3 0x80006674 (0x8e534397) x 7 0x0e53a674
core   0: 0x80006678 (0x00d78fb3) add     t6, a5, a3
core   0: 3 0x80006678 (0x00d78fb3) x31 0xb10614d2
core   0: 0x8000667c (0x419055b3) sra     a1, zero, s9
core   0: 3 0x8000667c (0x419055b3) x11 0x00000000
core   0: 0x80006680 (0x03e64363) blt     a2, t5, pc + 38
core   0: 3 0x80006680 (0x03e64363)
core   0: 0x800066a6 (0x01e4adb3) slt     s11, s1, t5
core   0: 3 0x800066a6 (0x01e4adb3) x27 0x00000001
core   0: 0x800066aa (0x00574db3) xor     s11, a4, t0
core   0: 3 0x800066aa (0x00574db3) x27 0x0000001d
core   0: 0x800066ae (0x00000001) c.nop
core   0: 3 0x800066ae (0x0001)
core   0: 0x800066b0 (0x400d5093) srai    ra, s10, 0
core   0: 3 0x800066b0 (0x400d5093) x 1 0xffffffe4
core   0: 0x800066b4 (0x00001b7d) c.addi  s6, -1
core   0: 3 0x800066b4 (0x1b7d) x22 0xffffffff
core   0: 0x800066b6 (0x000056fd) c.li    a3, -1
core   0: 3 0x800066b6 (0x56fd) x13 0xffffffff
core   0: 0x800066b8 (0x00000d7a) c.slli  s10, 30
core   0: 3 0x800066b8 (0x0d7a) x26 0x00000000
core   0: 0x800066ba (0x00d3fb63) bgeu    t2, a3, pc + 22
core   0: 3 0x800066ba (0x00d3fb63)
core   0: 0x800066be (0x02f2b6b3) mulhu   a3, t0, a5
core   0: 3 0x800066be (0x02f2b6b3) x13 0x0000000e
core   0: 0x800066c2 (0x00006171) c.addi16sp sp, 336
core   0: 3 0x800066c2 (0x6171) x 2 0x00000140
core   0: 0x800066c4 (0x022e6cb3) rem     s9, t3, sp
core   0: 3 0x800066c4 (0x022e6cb3) x25 0x0000000e
core   0: 0x800066c8 (0xbaf57213) andi    tp, a0, -1105
core   0: 3 0x800066c8 (0xbaf57213) x 4 0x00000000
core   0: 0x800066cc (0x911a8413) addi    s0, s5, -1775
core   0: 3 0x800066cc (0x911a8413) x 8 0xfffff911
core   0: 0x800066d0 (0x034d7fb3) remu    t6, s10, s4
core   0: 3 0x800066d0 (0x034d7fb3) x31 0x00000000
core   0: 0x800066d4 (0x000f9763) bnez    t6, pc + 14
core   0: 3 0x800066d4 (0x000f9763)
core   0: 0x800066d8 (0x0168ec63) bltu    a7, s6, pc + 24
core   0: 3 0x800066d8 (0x0168ec63)
core   0: 0x800066dc (0x000092c2) c.add   t0, a6
core   0: 3 0x800066dc (0x92c2) x 5 0x0000001d
core   0: 0x800066de (0xfa50c737) lui     a4, 0xfa50c
core   0: 3 0x800066de (0xfa50c737) x14 0xfa50c000
core   0: 0x800066e2 (0x00006719) c.lui   a4, 0x6
core   0: 3 0x800066e2 (0x6719) x14 0x00006000
core   0: 0x800066e4 (0x00008969) c.andi  a0, 26
core   0: 3 0x800066e4 (0x8969) x10 0x00000000
core   0: 0x800066e6 (0x027c4333) div     t1, s8, t2
core   0: 3 0x800066e6 (0x027c4333) x 6 0x00000000
core   0: 0x800066ea (0xf1c02713) slti    a4, zero, -228
core   0: 3 0x800066ea (0xf1c02713) x14 0x00000000
core   0: 0x800066ee (0x0000127d) c.addi  tp, -1
core   0: 3 0x800066ee (0x127d) x 4 0xffffffff
core   0: 0x800066f0 (0x0000614d) c.addi16sp sp, 176
core   0: 3 0x800066f0 (0x614d) x 2 0x000001f0
core   0: 0x800066f2 (0x00000001) c.nop
core   0: 3 0x800066f2 (0x0001)
core   0: 0x800066f4 (0x00006e75) c.lui   t3, 0x1d
core   0: 3 0x800066f4 (0x6e75) x28 0x0001d000
core   0: 0x800066f6 (0x00008f51) c.or    a4, a2
core   0: 3 0x800066f6 (0x8f51) x14 0x80029ce4
core   0: 0x800066f8 (0x012d81b3) add     gp, s11, s2
core   0: 3 0x800066f8 (0x012d81b3) x 3 0x0000001d
core   0: 0x800066fc (0x01645a33) srl     s4, s0, s6
core   0: 3 0x800066fc (0x01645a33) x20 0x00000001
core   0: 0x80006700 (0x01876fb3) or      t6, a4, s8
core   0: 3 0x80006700 (0x01876fb3) x31 0x80029ce4
core   0: 0x80006704 (0x01e55263) bge     a0, t5, pc + 4
core   0: 3 0x80006704 (0x01e55263)
core   0: 0x80006708 (0x00c43133) sltu    sp, s0, a2
core   0: 3 0x80006708 (0x00c43133) x 2 0x00000000
core   0: 0x8000670c (0x6d852193) slti    gp, a0, 1752
core   0: 3 0x8000670c (0x6d852193) x 3 0x00000001
core   0: 0x80006710 (0x03e60133) mul     sp, a2, t5
core   0: 3 0x80006710 (0x03e60133) x 2 0x00000000
core   0: 0x80006714 (0x0250a933) mulhsu  s2, ra, t0
core   0: 3 0x80006714 (0x0250a933) x18 0xffffffff
core   0: 0x80006718 (0x4d80a813) slti    a6, ra, 1240
core   0: 3 0x80006718 (0x4d80a813) x16 0x00000001
core   0: 0x8000671c (0x000002fd) c.addi  t0, 31
core   0: 3 0x8000671c (0x02fd) x 5 0x0000003c
core   0: 0x8000671e (0x036d6133) rem     sp, s10, s6
core   0: 3 0x8000671e (0x036d6133) x 2 0x00000000
core   0: 0x80006722 (0x003e9493) slli    s1, t4, 3
core   0: 3 0x80006722 (0x003e9493) x 9 0x00000000
core   0: 0x80006726 (0x0ff0000f) fence   iorw,iorw
core   0: 3 0x80006726 (0x0ff0000f)
core   0: 0x8000672a (0x01affbb3) and     s7, t6, s10
core   0: 3 0x8000672a (0x01affbb3) x23 0x00000000
core   0: 0x8000672e (0x01c916b3) sll     a3, s2, t3
core   0: 3 0x8000672e (0x01c916b3) x13 0xffffffff
core   0: 0x80006732 (0x01c39713) slli    a4, t2, 28
core   0: 3 0x80006732 (0x01c39713) x14 0x40000000
core   0: 0x80006736 (0x288bb997) auipc   s3, 0x288bb
core   0: 3 0x80006736 (0x288bb997) x19 0xa88c1736
core   0: 0x8000673a (0x0000717d) c.addi16sp sp, -16
core   0: 3 0x8000673a (0x717d) x 2 0xfffffff0
core   0: 0x8000673c (0x0115d0b3) srl     ra, a1, a7
core   0: 3 0x8000673c (0x0115d0b3) x 1 0x00000000
core   0: 0x80006740 (0x01d1c3b3) xor     t2, gp, t4
core   0: 3 0x80006740 (0x01d1c3b3) x 7 0x00000001
core   0: 0x80006744 (0x017a8f33) add     t5, s5, s7
core   0: 3 0x80006744 (0x017a8f33) x30 0x00000000
core   0: 0x80006748 (0x0000810a) c.mv    sp, sp
core   0: 3 0x80006748 (0x810a) x 2 0xfffffff0
core   0: 0x8000674a (0x41295ab3) sra     s5, s2, s2
core   0: 3 0x8000674a (0x41295ab3) x21 0xffffffff
core   0: 0x8000674e (0x0062c3b3) xor     t2, t0, t1
core   0: 3 0x8000674e (0x0062c3b3) x 7 0x0000003c
core   0: 0x80006752 (0x00008c09) c.sub   s0, a0
core   0: 3 0x80006752 (0x8c09) x 8 0xfffff911
core   0: 0x80006754 (0xf48dac93) slti    s9, s11, -184
core   0: 3 0x80006754 (0xf48dac93) x25 0x00000000
core   0: 0x80006758 (0xe3807013) andi    zero, zero, -456
core   0: 3 0x80006758 (0xe3807013)
core   0: 0x8000675c (0x0042df63) bge     t0, tp, pc + 30
core   0: 3 0x8000675c (0x0042df63)
core   0: 0x8000677a (0xeab90e13) addi    t3, s2, -341
core   0: 3 0x8000677a (0xeab90e13) x28 0xfffffeaa
core   0: 0x8000677e (0x001f5393) srli    t2, t5, 1
core   0: 3 0x8000677e (0x001f5393) x 7 0x00000000
core   0: 0x80006782 (0x000002e6) c.slli  t0, 25
core   0: 3 0x80006782 (0x02e6) x 5 0x78000000
core   0: 0x80006784 (0x00000001) c.nop
core   0: 3 0x80006784 (0x0001)
core   0: 0x80006786 (0x01a8f563) bgeu    a7, s10, pc + 10
core   0: 3 0x80006786 (0x01a8f563)
core   0: 0x80006790 (0x032185b3) mul     a1, gp, s2
core   0: 3 0x80006790 (0x032185b3) x11 0xffffffff
core   0: 0x80006794 (0x00000169) c.addi  sp, 26
core   0: 3 0x80006794 (0x0169) x 2 0x0000000a
core   0: 0x80006796 (0x00007397) auipc   t2, 0x7
core   0: 3 0x80006796 (0x00007397) x 7 0x8000d796
core   0: 0x8000679a (0x0c238393) addi    t2, t2, 194
core   0: 3 0x8000679a (0x0c238393) x 7 0x8000d858
core   0: 0x8000679e (0x02f38393) addi    t2, t2, 47
core   0: 3 0x8000679e (0x02f38393) x 7 0x8000d887
core   0: 0x800067a2 (0x00555333) srl     t1, a0, t0
core   0: 3 0x800067a2 (0x00555333) x 6 0x00000000
core   0: 0x800067a6 (0x012ae963) bltu    s5, s2, pc + 18
core   0: 3 0x800067a6 (0x012ae963)
core   0: 0x800067aa (0x00009742) c.add   a4, a6
core   0: 3 0x800067aa (0x9742) x14 0x40000001
core   0: 0x800067ac (0x00765db3) srl     s11, a2, t2
core   0: 3 0x800067ac (0x00765db3) x27 0x01000539
core   0: 0x800067b0 (0x00008dc5) c.or    a1, s1
core   0: 3 0x800067b0 (0x8dc5) x11 0xffffffff
core   0: 0x800067b2 (0x00001514) c.addi4spn a3, sp, 672
core   0: 3 0x800067b2 (0x1514) x13 0x000002aa
core   0: 0x800067b4 (0x02ae4fb3) div     t6, t3, a0
core   0: 3 0x800067b4 (0x02ae4fb3) x31 0xffffffff
core   0: 0x800067b8 (0xfd238367) jalr    t1, t2, -46
core   0: 3 0x800067b8 (0xfd238367) x 6 0x800067bc
core   0: 0x8000d858 (0x030083b3) mul     t2, ra, a6
core   0: 3 0x8000d858 (0x030083b3) x 7 0x00000000
core   0: 0x8000d85c (0x000003c5) c.addi  t2, 17
core   0: 3 0x8000d85c (0x03c5) x 7 0x00000011
core   0: 0x8000d85e (0x0000e099) c.bnez  s1, pc + 6
core   0: 3 0x8000d85e (0xe099)
core   0: 0x8000d860 (0x00788e33) add     t3, a7, t2
core   0: 3 0x8000d860 (0x00788e33) x28 0x00000010
core   0: 0x8000d864 (0xfc078793) addi    a5, a5, -64
core   0: 3 0x8000d864 (0xfc078793) x15 0x80025e24
core   0: 0x8000d868 (0x0000100f) fence.i
core   0: 3 0x8000d868 (0x0000100f)
core   0: 0x8000d86c (0x0067a223) sw      t1, 4(a5)
core   0: 3 0x8000d86c (0x0067a223) mem 0x80025e28 0x800067bc
core   0: 0x8000d870 (0xb03f5197) auipc   gp, 0xb03f5
core   0: 3 0x8000d870 (0xb03f5197) x 3 0x30402870
core   0: 0x8000d874 (0x00003117) auipc   sp, 0x3
core   0: 3 0x8000d874 (0x00003117) x 2 0x80010874
core   0: 0x8000d878 (0x38d10113) addi    sp, sp, 909
core   0: 3 0x8000d878 (0x38d10113) x 2 0x80010c01
core   0: 0x8000d87c (0x09511b03) lh      s6, 149(sp)
core   0: 3 0x8000d87c (0x09511b03) x22 0xfffffcd4 mem 0x80010c96
core   0: 0x8000d880 (0x03414f03) lbu     t5, 52(sp)
core   0: 3 0x8000d880 (0x03414f03) x30 0x000000f5 mem 0x80010c35
core   0: 0x8000d884 (0xf3f12da3) sw      t6, -197(sp)
core   0: 3 0x8000d884 (0xf3f12da3) mem 0x80010b3c 0xffffffff
core   0: 0x8000d888 (0x00008c61) c.and   s0, s0
core   0: 3 0x8000d888 (0x8c61) x 8 0xfffff911
core   0: 0x8000d88a (0x00844d33) xor     s10, s0, s0
core   0: 3 0x8000d88a (0x00844d33) x26 0x00000000
core   0: 0x8000d88e (0xfb214f03) lbu     t5, -78(sp)
core   0: 3 0x8000d88e (0xfb214f03) x30 0x000000a5 mem 0x80010bb3
core   0: 0x8000d892 (0xf1c10f83) lb      t6, -228(sp)
core   0: 3 0x8000d892 (0xf1c10f83) x31 0x0000006c mem 0x80010b1d
core   0: 0x8000d896 (0x06e14203) lbu     tp, 110(sp)
core   0: 3 0x8000d896 (0x06e14203) x 4 0x00000025 mem 0x80010c6f
core   0: 0x8000d89a (0x00008c01) c.sub   s0, s0
core   0: 3 0x8000d89a (0x8c01) x 8 0x00000000
core   0: 0x8000d89c (0xfc1f2213) slti    tp, t5, -63
core   0: 3 0x8000d89c (0xfc1f2213) x 4 0x00000000
core   0: 0x8000d8a0 (0x0ff0000f) fence   iorw,iorw
core   0: 3 0x8000d8a0 (0x0ff0000f)
core   0: 0x8000d8a4 (0x03ad0433) mul     s0, s10, s10
core   0: 3 0x8000d8a4 (0x03ad0433) x 8 0x00000000
core   0: 0x8000d8a8 (0x0000624d) c.lui   tp, 0x13
core   0: 3 0x8000d8a8 (0x624d) x 4 0x00013000
core   0: 0x8000d8aa (0x028fab33) mulhsu  s6, t6, s0
core   0: 3 0x8000d8aa (0x028fab33) x22 0x00000000
core   0: 0x8000d8ae (0xf1111d03) lh      s10, -239(sp)
core   0: 3 0x8000d8ae (0xf1111d03) x26 0xffffb25e mem 0x80010b12
core   0: 0x8000d8b2 (0x0cf14f83) lbu     t6, 207(sp)
core   0: 3 0x8000d8b2 (0x0cf14f83) x31 0x0000000d mem 0x80010cd0
core   0: 0x8000d8b6 (0x5bad2213) slti    tp, s10, 1466
core   0: 3 0x8000d8b6 (0x5bad2213) x 4 0x00000001
core   0: 0x8000d8ba (0xfe010f03) lb      t5, -32(sp)
core   0: 3 0x8000d8ba (0xfe010f03) x30 0xffffff8a mem 0x80010be1
core   0: 0x8000d8be (0x05614b03) lbu     s6, 86(sp)
core   0: 3 0x8000d8be (0x05614b03) x22 0x0000007a mem 0x80010c57
core   0: 0x8000d8c2 (0x01fffd33) and     s10, t6, t6
core   0: 3 0x8000d8c2 (0x01fffd33) x26 0x0000000d
core   0: 0x8000d8c6 (0x00000f8d) c.addi  t6, 3
core   0: 3 0x8000d8c6 (0x0f8d) x31 0x00000010
core   0: 0x8000d8c8 (0xa39fc413) xori    s0, t6, -1479
core   0: 3 0x8000d8c8 (0xa39fc413) x 8 0xfffffa29
core   0: 0x8000d8cc (0x00000001) c.nop
core   0: 3 0x8000d8cc (0x0001)
core   0: 0x8000d8ce (0x0ff0000f) fence   iorw,iorw
core   0: 3 0x8000d8ce (0x0ff0000f)
core   0: 0x8000d8d2 (0x016b1b33) sll     s6, s6, s6
core   0: 3 0x8000d8d2 (0x016b1b33) x22 0xe8000000
core   0: 0x8000d8d6 (0x00006fd9) c.lui   t6, 0x16
core   0: 3 0x8000d8d6 (0x6fd9) x31 0x00016000
core   0: 0x8000d8d8 (0x0000100f) fence.i
core   0: 3 0x8000d8d8 (0x0000100f)
core   0: 0x8000d8dc (0x024d1f33) mulh    t5, s10, tp
core   0: 3 0x8000d8dc (0x024d1f33) x30 0x00000000
core   0: 0x8000d8e0 (0x41620233) sub     tp, tp, s6
core   0: 3 0x8000d8e0 (0x41620233) x 4 0x18000001
core   0: 0x8000d8e4 (0xf2714203) lbu     tp, -217(sp)
core   0: 3 0x8000d8e4 (0xf2714203) x 4 0x0000009e mem 0x80010b28
core   0: 0x8000d8e8 (0x00110d03) lb      s10, 1(sp)
core   0: 3 0x8000d8e8 (0x00110d03) x26 0x0000001b mem 0x80010c02
core   0: 0x8000d8ec (0x024f9233) mulh    tp, t6, tp
core   0: 3 0x8000d8ec (0x024f9233) x 4 0x00000000
core   0: 0x8000d8f0 (0x0a311f03) lh      t5, 163(sp)
core   0: 3 0x8000d8f0 (0x0a311f03) x30 0xffff8c3f mem 0x80010ca4
core   0: 0x8000d8f4 (0x01fffd33) and     s10, t6, t6
core   0: 3 0x8000d8f4 (0x01fffd33) x26 0x00016000
core   0: 0x8000d8f8 (0xf6a10203) lb      tp, -150(sp)
core   0: 3 0x8000d8f8 (0xf6a10203) x 4 0xffffff81 mem 0x80010b6b
core   0: 0x8000d8fc (0x0000827a) c.mv    tp, t5
core   0: 3 0x8000d8fc (0x827a) x 4 0xffff8c3f
core   0: 0x8000d8fe (0x09e103a3) sb      t5, 135(sp)
core   0: 3 0x8000d8fe (0x09e103a3) mem 0x80010c88 0x3f
core   0: 0x8000d902 (0x00003d17) auipc   s10, 0x3
core   0: 3 0x8000d902 (0x00003d17) x26 0x80010902
core   0: 0x8000d906 (0xa04d0d13) addi    s10, s10, -1532
core   0: 3 0x8000d906 (0xa04d0d13) x26 0x80010306
core   0: 0x8000d90a (0x00013317) auipc   t1, 0x13
core   0: 3 0x8000d90a (0x00013317) x 6 0x8002090a
core   0: 0x8000d90e (0x8fc30313) addi    t1, t1, -1796
core   0: 3 0x8000d90e (0x8fc30313) x 6 0x80020206
core   0: 0x8000d912 (0x0ddd4b03) lbu     s6, 221(s10)
core   0: 3 0x8000d912 (0x0ddd4b03) x22 0x00000069 mem 0x800103e3
core   0: 0x8000d916 (0x00134203) lbu     tp, 1(t1)
core   0: 3 0x8000d916 (0x00134203) x 4 0x000000ca mem 0x80020207
core   0: 0x8000d91a (0xff831823) sh      s8, -16(t1)
core   0: 3 0x8000d91a (0xff831823) mem 0x800201f6 0x0000
core   0: 0x8000d91e (0x04ed0223) sb      a4, 68(s10)
core   0: 3 0x8000d91e (0x04ed0223) mem 0x8001034a 0x1
core   0: 0x8000d922 (0xfd4d4583) lbu     a1, -44(s10)
core   0: 3 0x8000d922 (0xfd4d4583) x11 0x00000082 mem 0x800102da
core   0: 0x8000d926 (0x00a302a3) sb      a0, 5(t1)
core   0: 3 0x8000d926 (0x00a302a3) mem 0x8002020b 0x0
core   0: 0x8000d92a (0x00930e03) lb      t3, 9(t1)
core   0: 3 0x8000d92a (0x00930e03) x28 0xffffffc2 mem 0x8002020f
core   0: 0x8000d92e (0x049d0903) lb      s2, 73(s10)
core   0: 3 0x8000d92e (0x049d0903) x18 0xffffffb1 mem 0x8001034f
core   0: 0x8000d932 (0xf2ed2723) sw      a4, -210(s10)
core   0: 3 0x8000d932 (0xf2ed2723) mem 0x80010234 0x40000001
core   0: 0x8000d936 (0xfbed5403) lhu     s0, -66(s10)
core   0: 3 0x8000d936 (0xfbed5403) x 8 0x00000b5d mem 0x800102c4
core   0: 0x8000d93a (0x00e32b83) lw      s7, 14(t1)
core   0: 3 0x8000d93a (0x00e32b83) x23 0x4a89f851 mem 0x80020214
core   0: 0x8000d93e (0x00003a97) auipc   s5, 0x3
core   0: 3 0x8000d93e (0x00003a97) x21 0x8001093e
core   0: 0x8000d942 (0x615a8a93) addi    s5, s5, 1557
core   0: 3 0x8000d942 (0x615a8a93) x21 0x80010f53
core   0: 0x8000d946 (0x003a9503) lh      a0, 3(s5)
core   0: 3 0x8000d946 (0x003a9503) x10 0xffffe51b mem 0x80010f56
core   0: 0x8000d94a (0x6a1e2717) auipc   a4, 0x6a1e2
core   0: 3 0x8000d94a (0x6a1e2717) x14 0xea1ef94a
core   0: 0x8000d94e (0x00008da9) c.xor   a1, a0
core   0: 3 0x8000d94e (0x8da9) x11 0xffffe599
core   0: 0x8000d950 (0x000058fd) c.li    a7, -1
core   0: 3 0x8000d950 (0x58fd) x17 0xffffffff
core   0: 0x8000d952 (0x032925b3) mulhsu  a1, s2, s2
core   0: 3 0x8000d952 (0x032925b3) x11 0xffffffb1
core   0: 0x8000d956 (0x00008f59) c.or    a4, a4
core   0: 3 0x8000d956 (0x8f59) x14 0xea1ef94a
core   0: 0x8000d958 (0x00008d8d) c.sub   a1, a1
core   0: 3 0x8000d958 (0x8d8d) x11 0x00000000
core   0: 0x8000d95a (0xff2a9ca3) sh      s2, -7(s5)
core   0: 3 0x8000d95a (0xff2a9ca3) mem 0x80010f4c 0xffb1
core   0: 0x8000d95e (0x001a9583) lh      a1, 1(s5)
core   0: 3 0x8000d95e (0x001a9583) x11 0x00005402 mem 0x80010f54
core   0: 0x8000d962 (0xff2a8923) sb      s2, -14(s5)
core   0: 3 0x8000d962 (0xff2a8923) mem 0x80010f45 0xb1
core   0: 0x8000d966 (0x0115b533) sltu    a0, a1, a7
core   0: 3 0x8000d966 (0x0115b533) x10 0x00000001
core   0: 0x8000d96a (0x00aa87a3) sb      a0, 15(s5)
core   0: 3 0x8000d96a (0x00aa87a3) mem 0x80010f62 0x1
core   0: 0x8000d96e (0xff5aa883) lw      a7, -11(s5)
core   0: 3 0x8000d96e (0xff5aa883) x17 0x10550087 mem 0x80010f48
core   0: 0x8000d972 (0x00daa883) lw      a7, 13(s5)
core   0: 3 0x8000d972 (0x00daa883) x17 0xff01ffff mem 0x80010f60
core   0: 0x8000d976 (0x00008f79) c.and   a4, a4
core   0: 3 0x8000d976 (0x8f79) x14 0xea1ef94a
core   0: 0x8000d978 (0x010a8503) lb      a0, 16(s5)
core   0: 3 0x8000d978 (0x010a8503) x10 0xffffffff mem 0x80010f63
core   0: 0x8000d97c (0x003ac703) lbu     a4, 3(s5)
core   0: 3 0x8000d97c (0x003ac703) x14 0x0000001b mem 0x80010f56
core   0: 0x8000d980 (0x00008335) c.srli  a4, 13
core   0: 3 0x8000d980 (0x8335) x14 0x00000000
core   0: 0x8000d982 (0xff5ac883) lbu     a7, -11(s5)
core   0: 3 0x8000d982 (0xff5ac883) x17 0x00000087 mem 0x80010f48
core   0: 0x8000d986 (0x004a8903) lb      s2, 4(s5)
core   0: 3 0x8000d986 (0x004a8903) x18 0xffffffe5 mem 0x80010f57
core   0: 0x8000d98a (0x008ac703) lbu     a4, 8(s5)
core   0: 3 0x8000d98a (0x008ac703) x14 0x00000048 mem 0x80010f5b
core   0: 0x8000d98e (0x00ba8123) sb      a1, 2(s5)
core   0: 3 0x8000d98e (0x00ba8123) mem 0x80010f55 0x2
core   0: 0x8000d992 (0x02a8b733) mulhu   a4, a7, a0
core   0: 3 0x8000d992 (0x02a8b733) x14 0x00000086
core   0: 0x8000d996 (0xffeac703) lbu     a4, -2(s5)
core   0: 3 0x8000d996 (0xffeac703) x14 0x0000001e mem 0x80010f51
core   0: 0x8000d99a (0x40a90733) sub     a4, s2, a0
core   0: 3 0x8000d99a (0x40a90733) x14 0xffffffe6
core   0: 0x8000d99e (0x0000100f) fence.i
core   0: 3 0x8000d99e (0x0000100f)
core   0: 0x8000d9a2 (0x004acb03) lbu     s6, 4(s5)
core   0: 3 0x8000d9a2 (0x004acb03) x22 0x000000e5 mem 0x80010f57
core   0: 0x8000d9a6 (0xd3e8cb13) xori    s6, a7, -706
core   0: 3 0x8000d9a6 (0xd3e8cb13) x22 0xfffffdb9
core   0: 0x8000d9aa (0x02b948b3) div     a7, s2, a1
core   0: 3 0x8000d9aa (0x02b948b3) x17 0x00000000
core   0: 0x8000d9ae (0x016b5b33) srl     s6, s6, s6
core   0: 3 0x8000d9ae (0x016b5b33) x22 0x0000007f
core   0: 0x8000d9b2 (0xcbbb3893) sltiu   a7, s6, -837
core   0: 3 0x8000d9b2 (0xcbbb3893) x17 0x00000001
core   0: 0x8000d9b6 (0x005ad583) lhu     a1, 5(s5)
core   0: 3 0x8000d9b6 (0x005ad583) x11 0x000063af mem 0x80010f58
core   0: 0x8000d9ba (0xff2a8923) sb      s2, -14(s5)
core   0: 3 0x8000d9ba (0xff2a8923) mem 0x80010f45 0xe5
core   0: 0x8000d9be (0xf158b597) auipc   a1, 0xf158b
core   0: 3 0x8000d9be (0xf158b597) x11 0x715989be
core   0: 0x8000d9c2 (0xffbad583) lhu     a1, -5(s5)
core   0: 3 0x8000d9c2 (0xffbad583) x11 0x0000dea0 mem 0x80010f4e
core   0: 0x8000d9c6 (0x00a94b33) xor     s6, s2, a0
core   0: 3 0x8000d9c6 (0x00a94b33) x22 0x0000001a
core   0: 0x8000d9ca (0xffeacb03) lbu     s6, -2(s5)
core   0: 3 0x8000d9ca (0xffeacb03) x22 0x0000001e mem 0x80010f51
core   0: 0x8000d9ce (0xff1a8b23) sb      a7, -10(s5)
core   0: 3 0x8000d9ce (0xff1a8b23) mem 0x80010f49 0x1
core   0: 0x8000d9d2 (0xfeba8f23) sb      a1, -2(s5)
core   0: 3 0x8000d9d2 (0xfeba8f23) mem 0x80010f51 0xa0
core   0: 0x8000d9d6 (0x00003117) auipc   sp, 0x3
core   0: 3 0x8000d9d6 (0x00003117) x 2 0x800109d6
core   0: 0x8000d9da (0x38010113) addi    sp, sp, 896
core   0: 3 0x8000d9da (0x38010113) x 2 0x80010d56
core   0: 0x8000d9de (0x035264b3) rem     s1, tp, s5
core   0: 3 0x8000d9de (0x035264b3) x 9 0x000000ca
core   0: 0x8000d9e2 (0x00008eb1) c.xor   a3, a2
core   0: 3 0x8000d9e2 (0x8eb1) x13 0x80029e4e
core   0: 0x8000d9e4 (0x03f0aab3) mulhsu  s5, ra, t6
core   0: 3 0x8000d9e4 (0x03f0aab3) x21 0x00000000
core   0: 0x8000d9e8 (0xe5010fa3) sb      a6, -417(sp)
core   0: 3 0x8000d9e8 (0xe5010fa3) mem 0x80010bb5 0x1
core   0: 0x8000d9ec (0x000081f1) c.srli  a1, 28
core   0: 3 0x8000d9ec (0x81f1) x11 0x00000000
core   0: 0x8000d9ee (0x00277fb3) and     t6, a4, sp
core   0: 3 0x8000d9ee (0x00277fb3) x31 0x80010d46
core   0: 0x8000d9f2 (0x00008955) c.andi  a0, 21
core   0: 3 0x8000d9f2 (0x8955) x10 0x00000015
core   0: 0x8000d9f4 (0xa0411503) lh      a0, -1532(sp)
core   0: 3 0x8000d9f4 (0xa0411503) x10 0xfffffce2 mem 0x8001075a
core   0: 0x8000d9f8 (0xb0c10823) sb      a2, -1264(sp)
core   0: 3 0x8000d9f8 (0xb0c10823) mem 0x80010866 0xe4
core   0: 0x8000d9fc (0x00008f65) c.and   a4, s1
core   0: 3 0x8000d9fc (0x8f65) x14 0x000000c2
core   0: 0x8000d9fe (0x27b2e913) ori     s2, t0, 635
core   0: 3 0x8000d9fe (0x27b2e913) x18 0x7800027b
core   0: 0x8000da02 (0x00005b7d) c.li    s6, -1
core   0: 3 0x8000da02 (0x5b7d) x22 0xffffffff
core   0: 0x8000da04 (0x00004909) c.li    s2, 2
core   0: 3 0x8000da04 (0x4909) x18 0x00000002
core   0: 0x8000da06 (0x00e45fb3) srl     t6, s0, a4
core   0: 3 0x8000da06 (0x00e45fb3) x31 0x000002d7
core   0: 0x8000da0a (0x6af24337) lui     t1, 0x6af24
core   0: 3 0x8000da0a (0x6af24337) x 6 0x6af24000
core   0: 0x8000da0e (0xb6d20597) auipc   a1, 0xb6d20
core   0: 3 0x8000da0e (0xb6d20597) x11 0x36d2da0e
core   0: 0x8000da12 (0x8ae14183) lbu     gp, -1874(sp)
core   0: 3 0x8000da12 (0x8ae14183) x 3 0x0000002c mem 0x80010604
core   0: 0x8000da16 (0x92312123) sw      gp, -1758(sp)
core   0: 3 0x8000da16 (0x92312123) mem 0x80010678 0x0000002c
core   0: 0x8000da1a (0x0242ab33) mulhsu  s6, t0, tp
core   0: 3 0x8000da1a (0x0242ab33) x22 0x0000005e
core   0: 0x8000da1e (0xd5d00e13) li      t3, -675
core   0: 3 0x8000da1e (0xd5d00e13) x28 0xfffffd5d
core   0: 0x8000da22 (0x0ff0000f) fence   iorw,iorw
core   0: 3 0x8000da22 (0x0ff0000f)
core   0: 0x8000da26 (0xde2f7013) andi    zero, t5, -542
core   0: 3 0x8000da26 (0xde2f7013)
core   0: 0x8000da2a (0x01629a93) slli    s5, t0, 22
core   0: 3 0x8000da2a (0x01629a93) x21 0x00000000
core   0: 0x8000da2e (0x0000845e) c.mv    s0, s7
core   0: 3 0x8000da2e (0x845e) x 8 0x4a89f851
core   0: 0x8000da30 (0xb9758413) addi    s0, a1, -1129
core   0: 3 0x8000da30 (0xb9758413) x 8 0x36d2d5a5
core   0: 0x8000da34 (0x1c9a0593) addi    a1, s4, 457
core   0: 3 0x8000da34 (0x1c9a0593) x11 0x000001ca
core   0: 0x8000da38 (0xa9215703) lhu     a4, -1390(sp)
core   0: 3 0x8000da38 (0xa9215703) x14 0x0000f533 mem 0x800107e8
core   0: 0x8000da3c (0x2c215803) lhu     a6, 706(sp)
core   0: 3 0x8000da3c (0x2c215803) x16 0x000027b0 mem 0x80011018
core   0: 0x8000da40 (0x81e15503) lhu     a0, -2018(sp)
core   0: 3 0x8000da40 (0x81e15503) x10 0x00009126 mem 0x80010574
core   0: 0x8000da44 (0xf5c15183) lhu     gp, -164(sp)
core   0: 3 0x8000da44 (0xf5c15183) x 3 0x00003b4f mem 0x80010cb2
core   0: 0x8000da48 (0x15a10693) addi    a3, sp, 346
core   0: 3 0x8000da48 (0x15a10693) x13 0x80010eb0
core   0: 0x8000da4c (0x95b14403) lbu     s0, -1701(sp)
core   0: 3 0x8000da4c (0x95b14403) x 8 0x00000056 mem 0x800106b1
core   0: 0x8000da50 (0x02f475b3) remu    a1, s0, a5
core   0: 3 0x8000da50 (0x02f475b3) x11 0x00000056
core   0: 0x8000da54 (0x036bafb3) mulhsu  t6, s7, s6
core   0: 3 0x8000da54 (0x036bafb3) x31 0x0000001b
core   0: 0x8000da58 (0x000086d5) c.srai  a3, 21
core   0: 3 0x8000da58 (0x86d5) x13 0xfffffc00
core   0: 0x8000da5a (0xb6210303) lb      t1, -1182(sp)
core   0: 3 0x8000da5a (0xb6210303) x 6 0x0000006a mem 0x800108b8
core   0: 0x8000da5e (0x0000de17) auipc   t3, 0xd
core   0: 3 0x8000da5e (0x0000de17) x28 0x8001aa5e
core   0: 0x8000da62 (0x265e0e13) addi    t3, t3, 613
core   0: 3 0x8000da62 (0x265e0e13) x28 0x8001acc3
core   0: 0x8000da66 (0x00010c17) auipc   s8, 0x10
core   0: 3 0x8000da66 (0x00010c17) x24 0x8001da66
core   0: 0x8000da6a (0xa61c0c13) addi    s8, s8, -1439
core   0: 3 0x8000da6a (0xa61c0c13) x24 0x8001d4c7
core   0: 0x8000da6e (0xf1ce0e23) sb      t3, -228(t3)
core   0: 3 0x8000da6e (0xf1ce0e23) mem 0x8001abdf 0xc3
core   0: 0x8000da72 (0x1ffc0803) lb      a6, 511(s8)
core   0: 3 0x8000da72 (0x1ffc0803) x16 0xffffff87 mem 0x8001d6c6
core   0: 0x8000da76 (0x0000a317) auipc   t1, 0xa
core   0: 3 0x8000da76 (0x0000a317) x 6 0x80017a76
core   0: 0x8000da7a (0x5c630313) addi    t1, t1, 1478
core   0: 3 0x8000da7a (0x5c630313) x 6 0x8001803c
core   0: 0x8000da7e (0xfcc30423) sb      a2, -56(t1)
core   0: 3 0x8000da7e (0xfcc30423) mem 0x80018004 0xe4
core   0: 0x8000da82 (0xfbbc5a03) lhu     s4, -69(s8)
core   0: 3 0x8000da82 (0xfbbc5a03) x20 0x000082ba mem 0x8001d482
core   0: 0x8000da86 (0x067e0f23) sb      t2, 126(t3)
core   0: 3 0x8000da86 (0x067e0f23) mem 0x8001ad41 0x11
core   0: 0x8000da8a (0x05ce4403) lbu     s0, 92(t3)
core   0: 3 0x8000da8a (0x05ce4403) x 8 0x000000ff mem 0x8001ad1f
core   0: 0x8000da8e (0xd6dc12a3) sh      a3, -667(s8)
core   0: 3 0x8000da8e (0xd6dc12a3) mem 0x8001d22c 0xfc00
core   0: 0x8000da92 (0x03534803) lbu     a6, 53(t1)
core   0: 3 0x8000da92 (0x03534803) x16 0x000000fe mem 0x80018071
core   0: 0x8000da96 (0x980c09a3) sb      zero, -1645(s8)
core   0: 3 0x8000da96 (0x980c09a3) mem 0x8001ce5a 0x0
core   0: 0x8000da9a (0x34dc1a03) lh      s4, 845(s8)
core   0: 3 0x8000da9a (0x34dc1a03) x20 0xffffc1f2 mem 0x8001d814
core   0: 0x8000da9e (0x04ee19a3) sh      a4, 83(t3)
core   0: 3 0x8000da9e (0x04ee19a3) mem 0x8001ad16 0xf533
core   0: 0x8000daa2 (0x050c0623) sb      a6, 76(s8)
core   0: 3 0x8000daa2 (0x050c0623) mem 0x8001d513 0xfe
core   0: 0x8000daa6 (0xffb30183) lb      gp, -5(t1)
core   0: 3 0x8000daa6 (0xffb30183) x 3 0xffffffc5 mem 0x80018037
core   0: 0x8000daaa (0xc81c1703) lh      a4, -895(s8)
core   0: 3 0x8000daaa (0xc81c1703) x14 0x00000b58 mem 0x8001d148
core   0: 0x8000daae (0xf2de4f83) lbu     t6, -211(t3)
core   0: 3 0x8000daae (0xf2de4f83) x31 0x00000097 mem 0x8001abf0
core   0: 0x8000dab2 (0x408c0203) lb      tp, 1032(s8)
core   0: 3 0x8000dab2 (0x408c0203) x 4 0xffffff8b mem 0x8001d8cf
core   0: 0x8000dab6 (0x756c0a23) sb      s6, 1876(s8)
core   0: 3 0x8000dab6 (0x756c0a23) mem 0x8001dc1b 0x5e
core   0: 0x8000daba (0x07fe4503) lbu     a0, 127(t3)
core   0: 3 0x8000daba (0x07fe4503) x10 0x000000aa mem 0x8001ad42
core   0: 0x8000dabe (0x0ebe0d03) lb      s10, 235(t3)
core   0: 3 0x8000dabe (0x0ebe0d03) x26 0xffffffd2 mem 0x8001adae
core   0: 0x8000dac2 (0x02631b03) lh      s6, 38(t1)
core   0: 3 0x8000dac2 (0x02631b03) x22 0xffff9eee mem 0x80018062
core   0: 0x8000dac6 (0xfece12a3) sh      a2, -27(t3)
core   0: 3 0x8000dac6 (0xfece12a3) mem 0x8001aca8 0x9ce4
core   0: 0x8000daca (0x03130b83) lb      s7, 49(t1)
core   0: 3 0x8000daca (0x03130b83) x23 0xffffffab mem 0x8001806d
core   0: 0x8000dace (0x00a00713) li      a4, 10
core   0: 3 0x8000dace (0x00a00713) x14 0x0000000a
core   0: 0x8000dad2 (0x00008191) c.srli  a1, 4
core   0: 3 0x8000dad2 (0x8191) x11 0x00000005
core   0: 0x8000dad4 (0x029a1e33) mulh    t3, s4, s1
core   0: 3 0x8000dad4 (0x029a1e33) x28 0xffffffff
core   0: 0x8000dad8 (0x007f0033) add     zero, t5, t2
core   0: 3 0x8000dad8 (0x007f0033)
core   0: 0x8000dadc (0x00800d13) li      s10, 8
core   0: 3 0x8000dadc (0x00800d13) x26 0x00000008
core   0: 0x8000dae0 (0x021466b3) rem     a3, s0, ra
core   0: 3 0x8000dae0 (0x021466b3) x13 0x000000ff
core   0: 0x8000dae4 (0x8cd2eb13) ori     s6, t0, -1843
core   0: 3 0x8000dae4 (0x8cd2eb13) x22 0xfffff8cd
core   0: 0x8000dae8 (0x00008c49) c.or    s0, a0
core   0: 3 0x8000dae8 (0x8c49) x 8 0x000000ff
core   0: 0x8000daea (0x020c16b3) mulh    a3, s8, zero
core   0: 3 0x8000daea (0x020c16b3) x13 0x00000000
core   0: 0x8000daee (0x00008431) c.srai  s0, 12
core   0: 3 0x8000daee (0x8431) x 8 0x00000000
core   0: 0x8000daf0 (0x00001769) c.addi  a4, -6
core   0: 3 0x8000daf0 (0x1769) x14 0x00000004
core   0: 0x8000daf2 (0x00008d21) c.xor   a0, s0
core   0: 3 0x8000daf2 (0x8d21) x10 0x000000aa
core   0: 0x8000daf4 (0x00001294) c.addi4spn a3, sp, 352
core   0: 3 0x8000daf4 (0x1294) x13 0x80010eb6
core   0: 0x8000daf6 (0x02123cb3) mulhu   s9, tp, ra
core   0: 3 0x8000daf6 (0x02123cb3) x25 0x00000000
core   0: 0x8000dafa (0x41d40133) sub     sp, s0, t4
core   0: 3 0x8000dafa (0x41d40133) x 2 0x00000000
core   0: 0x8000dafe (0xffb00313) li      t1, -5
core   0: 3 0x8000dafe (0xffb00313) x 6 0xfffffffb
core   0: 0x8000db02 (0x4013d993) srai    s3, t2, 1
core   0: 3 0x8000db02 (0x4013d993) x19 0x00000008
core   0: 0x8000db06 (0x00100213) li      tp, 1
core   0: 3 0x8000db06 (0x00100213) x 4 0x00000001
core   0: 0x8000db0a (0x0423f513) andi    a0, t2, 66
core   0: 3 0x8000db0a (0x0423f513) x10 0x00000000
core   0: 0x8000db0e (0x01e010b3) sll     ra, zero, t5
core   0: 3 0x8000db0e (0x01e010b3) x 1 0x00000000
core   0: 0x8000db12 (0x99bec837) lui     a6, 0x99bec
core   0: 3 0x8000db12 (0x99bec837) x16 0x99bec000
core   0: 0x8000db16 (0x02ec4e33) div     t3, s8, a4
core   0: 3 0x8000db16 (0x02ec4e33) x28 0xe0007532
core   0: 0x8000db1a (0x021b8e33) mul     t3, s7, ra
core   0: 3 0x8000db1a (0x021b8e33) x28 0x00000000
core   0: 0x8000db1e (0x00008441) c.srai  s0, 16
core   0: 3 0x8000db1e (0x8441) x 8 0x00000000
core   0: 0x8000db20 (0x023901b3) mul     gp, s2, gp
core   0: 3 0x8000db20 (0x023901b3) x 3 0xffffff8a
core   0: 0x8000db24 (0x00000325) c.addi  t1, 9
core   0: 3 0x8000db24 (0x0325) x 6 0x00000004
core   0: 0x8000db26 (0x02f801b3) mul     gp, a6, a5
core   0: 3 0x8000db26 (0x02f801b3) x 3 0x29530000
core   0: 0x8000db2a (0x00009f4e) c.add   t5, s3
core   0: 3 0x8000db2a (0x9f4e) x30 0xffff8c47
core   0: 0x8000db2c (0xfc434fe3) blt     t1, tp, pc - 34
core   0: 3 0x8000db2c (0xfc434fe3)
core   0: 0x8000db30 (0xfba77ae3) bgeu    a4, s10, pc - 76
core   0: 3 0x8000db30 (0xfba77ae3)
core   0: 0x8000db34 (0x00000f46) c.slli  t5, 17
core   0: 3 0x8000db34 (0x0f46) x30 0x188e0000
core   0: 0x8000db36 (0x00002717) auipc   a4, 0x2
core   0: 3 0x8000db36 (0x00002717) x14 0x8000fb36
core   0: 0x8000db3a (0x53070713) addi    a4, a4, 1328
core   0: 3 0x8000db3a (0x53070713) x14 0x80010066
core   0: 0x8000db3e (0x02770503) lb      a0, 39(a4)
core   0: 3 0x8000db3e (0x02770503) x10 0xffffff97 mem 0x8001008d
core   0: 0x8000db42 (0xfe670883) lb      a7, -26(a4)
core   0: 3 0x8000db42 (0xfe670883) x17 0x00000048 mem 0x8001004c
core   0: 0x8000db46 (0xfe372323) sw      gp, -26(a4)
core   0: 3 0x8000db46 (0xfe372323) mem 0x8001004c 0x29530000
core   0: 0x8000db4a (0x04970903) lb      s2, 73(a4)
core   0: 3 0x8000db4a (0x04970903) x18 0x00000076 mem 0x800100af
core   0: 0x8000db4e (0x05f704a3) sb      t6, 73(a4)
core   0: 3 0x8000db4e (0x05f704a3) mem 0x800100af 0x97
core   0: 0x8000db52 (0x04974c83) lbu     s9, 73(a4)
core   0: 3 0x8000db52 (0x04974c83) x25 0x00000097 mem 0x800100af
core   0: 0x8000db56 (0x03970303) lb      t1, 57(a4)
core   0: 3 0x8000db56 (0x03970303) x 6 0xffffffc9 mem 0x8001009f
core   0: 0x8000db5a (0x03c704a3) sb      t3, 41(a4)
core   0: 3 0x8000db5a (0x03c704a3) mem 0x8001008f 0x0
core   0: 0x8000db5e (0x01770c83) lb      s9, 23(a4)
core   0: 3 0x8000db5e (0x01770c83) x25 0x00000063 mem 0x8001007d
core   0: 0x8000db62 (0x00162bb3) slt     s7, a2, ra
core   0: 3 0x8000db62 (0x00162bb3) x23 0x00000001
core   0: 0x8000db66 (0x01470ba3) sb      s4, 23(a4)
core   0: 3 0x8000db66 (0x01470ba3) mem 0x8001007d 0xf2
core   0: 0x8000db6a (0x05871523) sh      s8, 74(a4)
core   0: 3 0x8000db6a (0x05871523) mem 0x800100b0 0xd4c7
core   0: 0x8000db6e (0x04a71903) lh      s2, 74(a4)
core   0: 3 0x8000db6e (0x04a71903) x18 0xffffd4c7 mem 0x800100b0
core   0: 0x8000db72 (0x04672523) sw      t1, 74(a4)
core   0: 3 0x8000db72 (0x04672523) mem 0x800100b0 0xffffffc9
core   0: 0x8000db76 (0x0bd74a83) lbu     s5, 189(a4)
core   0: 3 0x8000db76 (0x0bd74a83) x21 0x00000000 mem 0x80010123
core   0: 0x8000db7a (0x0b870ea3) sb      s8, 189(a4)
core   0: 3 0x8000db7a (0x0b870ea3) mem 0x80010123 0xc7
core   0: 0x8000db7e (0x00003b17) auipc   s6, 0x3
core   0: 3 0x8000db7e (0x00003b17) x22 0x80010b7e
core   0: 0x8000db82 (0xde8b0b13) addi    s6, s6, -536
core   0: 3 0x8000db82 (0xde8b0b13) x22 0x80010966
core   0: 0x8000db86 (0x00003917) auipc   s2, 0x3
core   0: 3 0x8000db86 (0x00003917) x18 0x80010b86
core   0: 0x8000db8a (0x12c90913) addi    s2, s2, 300
core   0: 3 0x8000db8a (0x12c90913) x18 0x80010cb2
core   0: 0x8000db8e (0x00003f17) auipc   t5, 0x3
core   0: 3 0x8000db8e (0x00003f17) x30 0x80010b8e
core   0: 0x8000db92 (0x9f1f0f13) addi    t5, t5, -1551
core   0: 3 0x8000db92 (0x9f1f0f13) x30 0x8001057f
core   0: 0x8000db96 (0x00f91823) sh      a5, 16(s2)
core   0: 3 0x8000db96 (0x00f91823) mem 0x80010cc2 0x5e24
core   0: 0x8000db9a (0xffeb05a3) sb      t5, -21(s6)
core   0: 3 0x8000db9a (0xffeb05a3) mem 0x80010951 0x7f
core   0: 0x8000db9e (0x00a92e03) lw      t3, 10(s2)
core   0: 3 0x8000db9e (0x00a92e03) x28 0xbbfdfc2e mem 0x80010cbc
core   0: 0x8000dba2 (0xfd5f0e03) lb      t3, -43(t5)
core   0: 3 0x8000dba2 (0xfd5f0e03) x28 0x00000045 mem 0x80010554
core   0: 0x8000dba6 (0x01d904a3) sb      t4, 9(s2)
core   0: 3 0x8000dba6 (0x01d904a3) mem 0x80010cbb 0x0
core   0: 0x8000dbaa (0xf7db0823) sb      t4, -144(s6)
core   0: 3 0x8000dbaa (0xf7db0823) mem 0x800108d6 0x0
core   0: 0x8000dbae (0xfcd94183) lbu     gp, -51(s2)
core   0: 3 0x8000dbae (0xfcd94183) x 3 0x00000036 mem 0x80010c7f
core   0: 0x8000dbb2 (0xfa4b1683) lh      a3, -92(s6)
core   0: 3 0x8000dbb2 (0xfa4b1683) x13 0x00003b5a mem 0x8001090a
core   0: 0x8000dbb6 (0xfbbb4a03) lbu     s4, -69(s6)
core   0: 3 0x8000dbb6 (0xfbbb4a03) x20 0x00000086 mem 0x80010921
core   0: 0x8000dbba (0xfd390e03) lb      t3, -45(s2)
core   0: 3 0x8000dbba (0xfd390e03) x28 0xffffffda mem 0x80010c85
core   0: 0x8000dbbe (0x072b4583) lbu     a1, 114(s6)
core   0: 3 0x8000dbbe (0x072b4583) x11 0x00000023 mem 0x800109d8
core   0: 0x8000dbc2 (0x02691f83) lh      t6, 38(s2)
core   0: 3 0x8000dbc2 (0x02691f83) x31 0xfffffeb6 mem 0x80010cd8
core   0: 0x8000dbc6 (0x02495003) lhu     zero, 36(s2)
core   0: 3 0x8000dbc6 (0x02495003) mem 0x80010cd6
core   0: 0x8000dbca (0xfd8f0e23) sb      s8, -36(t5)
core   0: 3 0x8000dbca (0xfd8f0e23) mem 0x8001055b 0xc7
core   0: 0x8000dbce (0x0d4b1183) lh      gp, 212(s6)
core   0: 3 0x8000dbce (0x0d4b1183) x 3 0xffffecca mem 0x80010a3a
core   0: 0x8000dbd2 (0x03590683) lb      a3, 53(s2)
core   0: 3 0x8000dbd2 (0x03590683) x13 0xffffffa2 mem 0x80010ce7
core   0: 0x8000dbd6 (0xfd5f0183) lb      gp, -43(t5)
core   0: 3 0x8000dbd6 (0xfd5f0183) x 3 0x00000045 mem 0x80010554
core   0: 0x8000dbda (0x00c90c83) lb      s9, 12(s2)
core   0: 3 0x8000dbda (0x00c90c83) x25 0xfffffffd mem 0x80010cbe
core   0: 0x8000dbde (0xfabb06a3) sb      a1, -83(s6)
core   0: 3 0x8000dbde (0xfabb06a3) mem 0x80010913 0x23
core   0: 0x8000dbe2 (0xfc8f0303) lb      t1, -56(t5)
core   0: 3 0x8000dbe2 (0xfc8f0303) x 6 0xffffffec mem 0x80010547
core   0: 0x8000dbe6 (0xfc6f0003) lb      zero, -58(t5)
core   0: 3 0x8000dbe6 (0xfc6f0003) mem 0x80010545
core   0: 0x8000dbea (0x00500393) li      t2, 5
core   0: 3 0x8000dbea (0x00500393) x 7 0x00000005
core   0: 0x8000dbee (0xffd00113) li      sp, -3
core   0: 3 0x8000dbee (0xffd00113) x 2 0xfffffffd
core   0: 0x8000dbf2 (0x039d0233) mul     tp, s10, s9
core   0: 3 0x8000dbf2 (0x039d0233) x 4 0xffffffe8
core   0: 0x8000dbf6 (0x419204b3) sub     s1, tp, s9
core   0: 3 0x8000dbf6 (0x419204b3) x 9 0xffffffeb
core   0: 0x8000dbfa (0x000013e1) c.addi  t2, -8
core   0: 3 0x8000dbfa (0x13e1) x 7 0xfffffffd
core   0: 0x8000dbfc (0xfe238be3) beq     t2, sp, pc - 10
core   0: 3 0x8000dbfc (0xfe238be3)
core   0: 0x8000dbf2 (0x039d0233) mul     tp, s10, s9
core   0: 3 0x8000dbf2 (0x039d0233) x 4 0xffffffe8
core   0: 0x8000dbf6 (0x419204b3) sub     s1, tp, s9
core   0: 3 0x8000dbf6 (0x419204b3) x 9 0xffffffeb
core   0: 0x8000dbfa (0x000013e1) c.addi  t2, -8
core   0: 3 0x8000dbfa (0x13e1) x 7 0xfffffff5
core   0: 0x8000dbfc (0xfe238be3) beq     t2, sp, pc - 10
core   0: 3 0x8000dbfc (0xfe238be3)
core   0: 0x8000dc00 (0x00008add) c.andi  a3, 23
core   0: 3 0x8000dc00 (0x8add) x13 0x00000002
core   0: 0x8000dc02 (0x00009717) auipc   a4, 0x9
core   0: 3 0x8000dc02 (0x00009717) x14 0x80016c02
core   0: 0x8000dc06 (0xb3270713) addi    a4, a4, -1230
core   0: 3 0x8000dc06 (0xb3270713) x14 0x80016734
core   0: 0x8000dc0a (0x00002c97) auipc   s9, 0x2
core   0: 3 0x8000dc0a (0x00002c97) x25 0x8000fc0a
core   0: 0x8000dc0e (0x50bc8c93) addi    s9, s9, 1291
core   0: 3 0x8000dc0e (0x50bc8c93) x25 0x80010115
core   0: 0x8000dc12 (0x012704a3) sb      s2, 9(a4)
core   0: 3 0x8000dc12 (0x012704a3) mem 0x8001673d 0xb2
core   0: 0x8000dc16 (0xfffcc403) lbu     s0, -1(s9)
core   0: 3 0x8000dc16 (0xfffcc403) x 8 0x000000a9 mem 0x80010114
core   0: 0x8000dc1a (0x002c8683) lb      a3, 2(s9)
core   0: 3 0x8000dc1a (0x002c8683) x13 0xffffffca mem 0x80010117
core   0: 0x8000dc1e (0x007702a3) sb      t2, 5(a4)
core   0: 3 0x8000dc1e (0x007702a3) mem 0x80016739 0xf5
core   0: 0x8000dc22 (0xfecc9da3) sh      a2, -5(s9)
core   0: 3 0x8000dc22 (0xfecc9da3) mem 0x80010110 0x9ce4
core   0: 0x8000dc26 (0x00271023) sh      sp, 0(a4)
core   0: 3 0x8000dc26 (0x00271023) mem 0x80016734 0xfffd
core   0: 0x8000dc2a (0x00e70323) sb      a4, 6(a4)
core   0: 3 0x8000dc2a (0x00e70323) mem 0x8001673a 0x34
core   0: 0x8000dc2e (0x003cc983) lbu     s3, 3(s9)
core   0: 3 0x8000dc2e (0x003cc983) x19 0x00000005 mem 0x80010118
core   0: 0x8000dc32 (0x00271883) lh      a7, 2(a4)
core   0: 3 0x8000dc32 (0x00271883) x17 0xffffd820 mem 0x80016736
core   0: 0x8000dc36 (0xff5ccf03) lbu     t5, -11(s9)
core   0: 3 0x8000dc36 (0xff5ccf03) x30 0x00000001 mem 0x8001010a
core   0: 0x8000dc3a (0xfe570ba3) sb      t0, -9(a4)
core   0: 3 0x8000dc3a (0xfe570ba3) mem 0x8001672b 0x0
core   0: 0x8000dc3e (0x00174d83) lbu     s11, 1(a4)
core   0: 3 0x8000dc3e (0x00174d83) x27 0x000000ff mem 0x80016735
core   0: 0x8000dc42 (0x00003b17) auipc   s6, 0x3
core   0: 3 0x8000dc42 (0x00003b17) x22 0x80010c42
core   0: 0x8000dc46 (0x053b0b13) addi    s6, s6, 83
core   0: 3 0x8000dc46 (0x053b0b13) x22 0x80010c95
core   0: 0x8000dc4a (0x00003f17) auipc   t5, 0x3
core   0: 3 0x8000dc4a (0x00003f17) x30 0x80010c4a
core   0: 0x8000dc4e (0xc48f0f13) addi    t5, t5, -952
core   0: 3 0x8000dc4e (0xc48f0f13) x30 0x80010892
core   0: 0x8000dc52 (0x00003d97) auipc   s11, 0x3
core   0: 3 0x8000dc52 (0x00003d97) x27 0x80010c52
core   0: 0x8000dc56 (0xfdfd8d93) addi    s11, s11, -33
core   0: 3 0x8000dc56 (0xfdfd8d93) x27 0x80010c31
core   0: 0x8000dc5a (0xfc3f0f23) sb      gp, -34(t5)
core   0: 3 0x8000dc5a (0xfc3f0f23) mem 0x80010870 0x45
core   0: 0x8000dc5e (0x010b4383) lbu     t2, 16(s6)
core   0: 3 0x8000dc5e (0x010b4383) x 7 0x0000008c mem 0x80010ca5
core   0: 0x8000dc62 (0xfe4b0703) lb      a4, -28(s6)
core   0: 3 0x8000dc62 (0xfe4b0703) x14 0x0000000b mem 0x80010c79
core   0: 0x8000dc66 (0xffdf4803) lbu     a6, -3(t5)
core   0: 3 0x8000dc66 (0xffdf4803) x16 0x00000073 mem 0x8001088f
core   0: 0x8000dc6a (0x02af4483) lbu     s1, 42(t5)
core   0: 3 0x8000dc6a (0x02af4483) x 9 0x000000a4 mem 0x800108bc
core   0: 0x8000dc6e (0x02cb4a83) lbu     s5, 44(s6)
core   0: 3 0x8000dc6e (0x02cb4a83) x21 0x0000002e mem 0x80010cc1
core   0: 0x8000dc72 (0xfc5f1d23) sh      t0, -38(t5)
core   0: 3 0x8000dc72 (0xfc5f1d23) mem 0x8001086c 0x0000
core   0: 0x8000dc76 (0xffff4683) lbu     a3, -1(t5)
core   0: 3 0x8000dc76 (0xffff4683) x13 0x00000033 mem 0x80010891
core   0: 0x8000dc7a (0x023b0da3) sb      gp, 59(s6)
core   0: 3 0x8000dc7a (0x023b0da3) mem 0x80010cd0 0x45
core   0: 0x8000dc7e (0xfffb0223) sb      t6, -28(s6)
core   0: 3 0x8000dc7e (0xfffb0223) mem 0x80010c79 0xb6
core   0: 0x8000dc82 (0xa85d8283) lb      t0, -1403(s11)
core   0: 3 0x8000dc82 (0xa85d8283) x 5 0x0000002d mem 0x800106b6
core   0: 0x8000dc86 (0x01ef4203) lbu     tp, 30(t5)
core   0: 3 0x8000dc86 (0x01ef4203) x 4 0x000000c1 mem 0x800108b0
core   0: 0x8000dc8a (0xd1adcd03) lbu     s10, -742(s11)
core   0: 3 0x8000dc8a (0xd1adcd03) x26 0x00000063 mem 0x8001094b
core   0: 0x8000dc8e (0xfeff4483) lbu     s1, -17(t5)
core   0: 3 0x8000dc8e (0xfeff4483) x 9 0x000000cf mem 0x80010881
core   0: 0x8000dc92 (0x15fd8d23) sb      t6, 346(s11)
core   0: 3 0x8000dc92 (0x15fd8d23) mem 0x80010d8b 0xb6
core   0: 0x8000dc96 (0x1d7dcc83) lbu     s9, 471(s11)
core   0: 3 0x8000dc96 (0x1d7dcc83) x25 0x00000001 mem 0x80010e08
core   0: 0x8000dc9a (0xa36daba3) sw      s6, -1481(s11)
core   0: 3 0x8000dc9a (0xa36daba3) mem 0x80010668 0x80010c95
core   0: 0x8000dc9e (0xfd4f1383) lh      t2, -44(t5)
core   0: 3 0x8000dc9e (0xfd4f1383) x 7 0x000000e4 mem 0x80010866
core   0: 0x8000dca2 (0x024b2ba3) sw      tp, 55(s6)
core   0: 3 0x8000dca2 (0x024b2ba3) mem 0x80010ccc 0x000000c1
core   0: 0x8000dca6 (0xff8b0183) lb      gp, -8(s6)
core   0: 3 0x8000dca6 (0xff8b0183) x 3 0xffffffbb mem 0x80010c8d
core   0: 0x8000dcaa (0xfc0f5303) lhu     t1, -64(t5)
core   0: 3 0x8000dcaa (0xfc0f5303) x 6 0x00002b72 mem 0x80010852
core   0: 0x8000dcae (0x0080036f) jal     t1, pc + 0x8
core   0: 3 0x8000dcae (0x0080036f) x 6 0x8000dcb2
core   0: 0x8000dcb6 (0x0000a009) c.j     pc + 2
core   0: 3 0x8000dcb6 (0xa009)
core   0: 0x8000dcb8 (0xffbff0ef) jal     pc - 0x6
core   0: 3 0x8000dcb8 (0xffbff0ef) x 1 0x8000dcbc
core   0: 0x8000dcb2 (0x0000282d) c.jal   pc + 58
core   0: 3 0x8000dcb2 (0x282d) x 1 0x8000dcb4
core   0: 0x8000dcec (0x000037dd) c.jal   pc - 26
core   0: 3 0x8000dcec (0x37dd) x 1 0x8000dcee
core   0: 0x8000dcd2 (0xffdff2ef) jal     t0, pc - 0x4
core   0: 3 0x8000dcd2 (0xffdff2ef) x 5 0x8000dcd6
core   0: 0x8000dcce (0x01400f6f) jal     t5, pc + 0x14
core   0: 3 0x8000dcce (0x01400f6f) x30 0x8000dcd2
core   0: 0x8000dce2 (0xffdff0ef) jal     pc - 0x4
core   0: 3 0x8000dce2 (0xffdff0ef) x 1 0x8000dce6
core   0: 0x8000dcde (0x0000bffd) c.j     pc - 2
core   0: 3 0x8000dcde (0xbffd)
core   0: 0x8000dcdc (0x000037c5) c.jal   pc - 32
core   0: 3 0x8000dcdc (0x37c5) x 1 0x8000dcde
core   0: 0x8000dcbc (0x00a000ef) jal     pc + 0xa
core   0: 3 0x8000dcbc (0x00a000ef) x 1 0x8000dcc0
core   0: 0x8000dcc6 (0x00002025) c.jal   pc + 40
core   0: 3 0x8000dcc6 (0x2025) x 1 0x8000dcc8
core   0: 0x8000dcee (0x0000b7ed) c.j     pc - 22
core   0: 3 0x8000dcee (0xb7ed)
core   0: 0x8000dcd8 (0xff1ff0ef) jal     pc - 0x10
core   0: 3 0x8000dcd8 (0xff1ff0ef) x 1 0x8000dcdc
core   0: 0x8000dcc8 (0x0200036f) jal     t1, pc + 0x20
core   0: 3 0x8000dcc8 (0x0200036f) x 6 0x8000dccc
core   0: 0x8000dce8 (0xfdbff0ef) jal     pc - 0x26
core   0: 3 0x8000dce8 (0xfdbff0ef) x 1 0x8000dcec
core   0: 0x8000dcc2 (0x024000ef) jal     pc + 0x24
core   0: 3 0x8000dcc2 (0x024000ef) x 1 0x8000dcc6
core   0: 0x8000dce6 (0x0000a029) c.j     pc + 10
core   0: 3 0x8000dce6 (0xa029)
core   0: 0x8000dcf0 (0x0000bfc1) c.j     pc - 48
core   0: 3 0x8000dcf0 (0xbfc1)
core   0: 0x8000dcc0 (0x00002031) c.jal   pc + 12
core   0: 3 0x8000dcc0 (0x2031) x 1 0x8000dcc2
core   0: 0x8000dccc (0x00002029) c.jal   pc + 10
core   0: 3 0x8000dccc (0x2029) x 1 0x8000dcce
core   0: 0x8000dcd6 (0x0000bff9) c.j     pc - 34
core   0: 3 0x8000dcd6 (0xbff9)
core   0: 0x8000dcb4 (0x0000a035) c.j     pc + 44
core   0: 3 0x8000dcb4 (0xa035)
core   0: 0x8000dce0 (0x00002809) c.jal   pc + 18
core   0: 3 0x8000dce0 (0x2809) x 1 0x8000dce2
core   0: 0x8000dcf2 (0x46d80f93) addi    t6, a6, 1133
core   0: 3 0x8000dcf2 (0x46d80f93) x31 0x000004e0
core   0: 0x8000dcf6 (0x0140036f) jal     t1, pc + 0x14
core   0: 3 0x8000dcf6 (0x0140036f) x 6 0x8000dcfa
core   0: 0x8000dd0a (0x0000a021) c.j     pc + 8
core   0: 3 0x8000dd0a (0xa021)
core   0: 0x8000dd12 (0x000037e5) c.jal   pc - 24
core   0: 3 0x8000dd12 (0x37e5) x 1 0x8000dd14
core   0: 0x8000dcfa (0x0060036f) jal     t1, pc + 0x6
core   0: 3 0x8000dcfa (0x0060036f) x 6 0x8000dcfe
core   0: 0x8000dd00 (0x0000a801) c.j     pc + 16
core   0: 3 0x8000dd00 (0xa801)
core   0: 0x8000dd10 (0x00003fdd) c.jal   pc - 10
core   0: 3 0x8000dd10 (0x3fdd) x 1 0x8000dd12
core   0: 0x8000dd06 (0xfffff0ef) jal     pc - 0x2
core   0: 3 0x8000dd06 (0xfffff0ef) x 1 0x8000dd0a
core   0: 0x8000dd04 (0x00002801) c.jal   pc + 16
core   0: 3 0x8000dd04 (0x2801) x 1 0x8000dd06
core   0: 0x8000dd14 (0x0000b7fd) c.j     pc - 18
core   0: 3 0x8000dd14 (0xb7fd)
core   0: 0x8000dd02 (0x0000a811) c.j     pc + 20
core   0: 3 0x8000dd02 (0xa811)
core   0: 0x8000dd16 (0xfe9ff36f) jal     t1, pc - 0x18
core   0: 3 0x8000dd16 (0xfe9ff36f) x 6 0x8000dd1a
core   0: 0x8000dcfe (0x0000a039) c.j     pc + 14
core   0: 3 0x8000dcfe (0xa039)
core   0: 0x8000dd0c (0x00e000ef) jal     pc + 0xe
core   0: 3 0x8000dd0c (0x00e000ef) x 1 0x8000dd10
core   0: 0x8000dd1a (0x00400b6f) jal     s6, pc + 0x4
core   0: 3 0x8000dd1a (0x00400b6f) x22 0x8000dd1e
core   0: 0x8000dd1e (0x00971e13) slli    t3, a4, 9
core   0: 3 0x8000dd1e (0x00971e13) x28 0x00001600
core   0: 0x8000dd22 (0x02e0036f) jal     t1, pc + 0x2e
core   0: 3 0x8000dd22 (0x02e0036f) x 6 0x8000dd26
core   0: 0x8000dd50 (0x00002011) c.jal   pc + 4
core   0: 3 0x8000dd50 (0x2011) x 1 0x8000dd52
core   0: 0x8000dd54 (0xfd5ff0ef) jal     pc - 0x2c
core   0: 3 0x8000dd54 (0xfd5ff0ef) x 1 0x8000dd58
core   0: 0x8000dd28 (0x0040046f) jal     s0, pc + 0x4
core   0: 3 0x8000dd28 (0x0040046f) x 8 0x8000dd2c
core   0: 0x8000dd2c (0x0000a839) c.j     pc + 30
core   0: 3 0x8000dd2c (0xa839)
core   0: 0x8000dd4a (0x000037f5) c.jal   pc - 20
core   0: 3 0x8000dd4a (0x37f5) x 1 0x8000dd4c
core   0: 0x8000dd36 (0x0000200d) c.jal   pc + 34
core   0: 3 0x8000dd36 (0x200d) x 1 0x8000dd38
core   0: 0x8000dd58 (0x0000b7f9) c.j     pc - 50
core   0: 3 0x8000dd58 (0xb7f9)
core   0: 0x8000dd26 (0x00002021) c.jal   pc + 8
core   0: 3 0x8000dd26 (0x2021) x 1 0x8000dd28
core   0: 0x8000dd2e (0x00002031) c.jal   pc + 12
core   0: 3 0x8000dd2e (0x2031) x 1 0x8000dd30
core   0: 0x8000dd3a (0x0200026f) jal     tp, pc + 0x20
core   0: 3 0x8000dd3a (0x0200026f) x 4 0x8000dd3e
core   0: 0x8000dd5a (0x0000b7ed) c.j     pc - 22
core   0: 3 0x8000dd5a (0xb7ed)
core   0: 0x8000dd44 (0x00002039) c.jal   pc + 14
core   0: 3 0x8000dd44 (0x2039) x 1 0x8000dd46
core   0: 0x8000dd52 (0x000037f5) c.jal   pc - 20
core   0: 3 0x8000dd52 (0x37f5) x 1 0x8000dd54
core   0: 0x8000dd3e (0x0000bfcd) c.j     pc - 14
core   0: 3 0x8000dd3e (0xbfcd)
core   0: 0x8000dd30 (0x02e000ef) jal     pc + 0x2e
core   0: 3 0x8000dd30 (0x02e000ef) x 1 0x8000dd34
core   0: 0x8000dd5e (0x0000a009) c.j     pc + 2
core   0: 3 0x8000dd5e (0xa009)
core   0: 0x8000dd60 (0x0000b7f5) c.j     pc - 20
core   0: 3 0x8000dd60 (0xb7f5)
core   0: 0x8000dd4c (0xffbff36f) jal     t1, pc - 0x6
core   0: 3 0x8000dd4c (0xffbff36f) x 6 0x8000dd50
core   0: 0x8000dd46 (0xffbff36f) jal     t1, pc - 0x6
core   0: 3 0x8000dd46 (0xffbff36f) x 6 0x8000dd4a
core   0: 0x8000dd40 (0xff9ff36f) jal     t1, pc - 0x8
core   0: 3 0x8000dd40 (0xff9ff36f) x 6 0x8000dd44
core   0: 0x8000dd38 (0x0000bff5) c.j     pc - 4
core   0: 3 0x8000dd38 (0xbff5)
core   0: 0x8000dd34 (0x00002025) c.jal   pc + 40
core   0: 3 0x8000dd34 (0x2025) x 1 0x8000dd36
core   0: 0x8000dd5c (0x0000a019) c.j     pc + 6
core   0: 3 0x8000dd5c (0xa019)
core   0: 0x8000dd62 (0x00d84a33) xor     s4, a6, a3
core   0: 3 0x8000dd62 (0x00d84a33) x20 0x00000040
core   0: 0x8000dd66 (0x00003c17) auipc   s8, 0x3
core   0: 3 0x8000dd66 (0x00003c17) x24 0x80010d66
core   0: 0x8000dd6a (0xaa5c0c13) addi    s8, s8, -1371
core   0: 3 0x8000dd6a (0xaa5c0c13) x24 0x8001080b
core   0: 0x8000dd6e (0xfefc1a83) lh      s5, -17(s8)
core   0: 3 0x8000dd6e (0xfefc1a83) x21 0x000079dc mem 0x800107fa
core   0: 0x8000dd72 (0xfefc5183) lhu     gp, -17(s8)
core   0: 3 0x8000dd72 (0xfefc5183) x 3 0x000079dc mem 0x800107fa
core   0: 0x8000dd76 (0xfccc0ba3) sb      a2, -41(s8)
core   0: 3 0x8000dd76 (0xfccc0ba3) mem 0x800107e2 0xe4
core   0: 0x8000dd7a (0x00006469) c.lui   s0, 0x1a
core   0: 3 0x8000dd7a (0x6469) x 8 0x0001a000
core   0: 0x8000dd7c (0x004d33b3) sltu    t2, s10, tp
core   0: 3 0x8000dd7c (0x004d33b3) x 7 0x00000001
core   0: 0x8000dd80 (0x013ba933) slt     s2, s7, s3
core   0: 3 0x8000dd80 (0x013ba933) x18 0x00000001
core   0: 0x8000dd84 (0x031c1403) lh      s0, 49(s8)
core   0: 3 0x8000dd84 (0x031c1403) x 8 0x000024be mem 0x8001083c
core   0: 0x8000dd88 (0x02ec0403) lb      s0, 46(s8)
core   0: 3 0x8000dd88 (0x02ec0403) x 8 0xffffff9e mem 0x80010839
core   0: 0x8000dd8c (0x02ec0a03) lb      s4, 46(s8)
core   0: 3 0x8000dd8c (0x02ec0a03) x20 0xffffff9e mem 0x80010839
core   0: 0x8000dd90 (0x03bc0723) sb      s11, 46(s8)
core   0: 3 0x8000dd90 (0x03bc0723) mem 0x80010839 0x31
core   0: 0x8000dd94 (0x031c0723) sb      a7, 46(s8)
core   0: 3 0x8000dd94 (0x031c0723) mem 0x80010839 0x20
core   0: 0x8000dd98 (0xffcc0203) lb      tp, -4(s8)
core   0: 3 0x8000dd98 (0xffcc0203) x 4 0x00000075 mem 0x80010807
core   0: 0x8000dd9c (0x4409a213) slti    tp, s3, 1088
core   0: 3 0x8000dd9c (0x4409a213) x 4 0x00000001
core   0: 0x8000dda0 (0xffcc4383) lbu     t2, -4(s8)
core   0: 3 0x8000dda0 (0xffcc4383) x 7 0x00000075 mem 0x80010807
core   0: 0x8000dda4 (0xfe3c01a3) sb      gp, -29(s8)
core   0: 3 0x8000dda4 (0xfe3c01a3) mem 0x800107ee 0xdc
core   0: 0x8000dda8 (0x01cc3fb3) sltu    t6, s8, t3
core   0: 3 0x8000dda8 (0x01cc3fb3) x31 0x00000000
core   0: 0x8000ddac (0x004c0203) lb      tp, 4(s8)
core   0: 3 0x8000ddac (0x004c0203) x 4 0xffffffc3 mem 0x8001080f
core   0: 0x8000ddb0 (0x01ac0223) sb      s10, 4(s8)
core   0: 3 0x8000ddb0 (0x01ac0223) mem 0x8001080f 0x63
core   0: 0x8000ddb4 (0x03cc0503) lb      a0, 60(s8)
core   0: 3 0x8000ddb4 (0x03cc0503) x10 0xffffffcd mem 0x80010847
core   0: 0x8000ddb8 (0x00002117) auipc   sp, 0x2
core   0: 3 0x8000ddb8 (0x00002117) x 2 0x8000fdb8
core   0: 0x8000ddbc (0x42810113) addi    sp, sp, 1064
core   0: 3 0x8000ddbc (0x42810113) x 2 0x800101e0
core   0: 0x8000ddc0 (0x05a14483) lbu     s1, 90(sp)
core   0: 3 0x8000ddc0 (0x05a14483) x 9 0x00000091 mem 0x8001023a
core   0: 0x8000ddc4 (0x05611d23) sh      s6, 90(sp)
core   0: 3 0x8000ddc4 (0x05611d23) mem 0x8001023a 0xdd1e
core   0: 0x8000ddc8 (0x05a14983) lbu     s3, 90(sp)
core   0: 3 0x8000ddc8 (0x05a14983) x19 0x0000001e mem 0x8001023a
core   0: 0x8000ddcc (0x08114283) lbu     t0, 129(sp)
core   0: 3 0x8000ddcc (0x08114283) x 5 0x000000ff mem 0x80010261
core   0: 0x8000ddd0 (0x089100a3) sb      s1, 129(sp)
core   0: 3 0x8000ddd0 (0x089100a3) mem 0x80010261 0x91
core   0: 0x8000ddd4 (0x089100a3) sb      s1, 129(sp)
core   0: 3 0x8000ddd4 (0x089100a3) mem 0x80010261 0x91
core   0: 0x8000ddd8 (0x08110203) lb      tp, 129(sp)
core   0: 3 0x8000ddd8 (0x08110203) x 4 0xffffff91 mem 0x80010261
core   0: 0x8000dddc (0x08310c83) lb      s9, 131(sp)
core   0: 3 0x8000dddc (0x08310c83) x25 0x00000000 mem 0x80010263
core   0: 0x8000dde0 (0x08314e03) lbu     t3, 131(sp)
core   0: 3 0x8000dde0 (0x08314e03) x28 0x00000000 mem 0x80010263
core   0: 0x8000dde4 (0x08314383) lbu     t2, 131(sp)
core   0: 3 0x8000dde4 (0x08314383) x 7 0x00000000 mem 0x80010263
core   0: 0x8000dde8 (0x081101a3) sb      ra, 131(sp)
core   0: 3 0x8000dde8 (0x081101a3) mem 0x80010263 0x36
core   0: 0x8000ddec (0x08314f83) lbu     t6, 131(sp)
core   0: 3 0x8000ddec (0x08314f83) x31 0x00000036 mem 0x80010263
core   0: 0x8000ddf0 (0x416251b3) sra     gp, tp, s6
core   0: 3 0x8000ddf0 (0x416251b3) x 3 0xffffffff
core   0: 0x8000ddf4 (0x08314983) lbu     s3, 131(sp)
core   0: 3 0x8000ddf4 (0x08314983) x19 0x00000036 mem 0x80010263
core   0: 0x8000ddf8 (0x08314b03) lbu     s6, 131(sp)
core   0: 3 0x8000ddf8 (0x08314b03) x22 0x00000036 mem 0x80010263
core   0: 0x8000ddfc (0x09b101a3) sb      s11, 131(sp)
core   0: 3 0x8000ddfc (0x09b101a3) mem 0x80010263 0x31
core   0: 0x8000de00 (0x08d101a3) sb      a3, 131(sp)
core   0: 3 0x8000de00 (0x08d101a3) mem 0x80010263 0x33
core   0: 0x8000de04 (0x08310983) lb      s3, 131(sp)
core   0: 3 0x8000de04 (0x08310983) x19 0x00000033 mem 0x80010263
core   0: 0x8000de08 (0xf2c10ca3) sb      a2, -199(sp)
core   0: 3 0x8000de08 (0xf2c10ca3) mem 0x80010119 0xe4
core   0: 0x8000de0c (0xf6412683) lw      a3, -156(sp)
core   0: 3 0x8000de0c (0xf6412683) x13 0x460220c3 mem 0x80010144
core   0: 0x8000de10 (0xfa815283) lhu     t0, -88(sp)
core   0: 3 0x8000de10 (0xfa815283) x 5 0x000001a4 mem 0x80010188
core   0: 0x8000de14 (0xff700713) li      a4, -9
core   0: 3 0x8000de14 (0xff700713) x14 0xfffffff7
core   0: 0x8000de18 (0x0ff0000f) fence   iorw,iorw
core   0: 3 0x8000de18 (0x0ff0000f)
core   0: 0x8000de1c (0x02606c33) rem     s8, zero, t1
core   0: 3 0x8000de1c (0x02606c33) x24 0x00000000
core   0: 0x8000de20 (0x57936693) ori     a3, t1, 1401
core   0: 3 0x8000de20 (0x57936693) x13 0x8000dd7d
core   0: 0x8000de24 (0x00000001) c.nop
core   0: 3 0x8000de24 (0x0001)
core   0: 0x8000de26 (0x0000100f) fence.i
core   0: 3 0x8000de26 (0x0000100f)
core   0: 0x8000de2a (0x00000c1d) c.addi  s8, 7
core   0: 3 0x8000de2a (0x0c1d) x24 0x00000007
core   0: 0x8000de2c (0x0000008c) c.addi4spn a1, sp, 64
core   0: 3 0x8000de2c (0x008c) x11 0x80010220
core   0: 0x8000de2e (0x0ff0000f) fence   iorw,iorw
core   0: 3 0x8000de2e (0x0ff0000f)
core   0: 0x8000de32 (0x00000705) c.addi  a4, 1
core   0: 3 0x8000de32 (0x0705) x14 0xfffffff8
core   0: 0x8000de34 (0x5d120693) addi    a3, tp, 1489
core   0: 3 0x8000de34 (0x5d120693) x13 0x00000562
core   0: 0x8000de38 (0x00aca4b3) slt     s1, s9, a0
core   0: 3 0x8000de38 (0x00aca4b3) x 9 0x00000000
core   0: 0x8000de3c (0x032a3533) mulhu   a0, s4, s2
core   0: 3 0x8000de3c (0x032a3533) x10 0x00000000
core   0: 0x8000de40 (0x40b85c33) sra     s8, a6, a1
core   0: 3 0x8000de40 (0x40b85c33) x24 0x00000073
core   0: 0x8000de44 (0x0000f765) c.bnez  a4, pc - 24
core   0: 3 0x8000de44 (0xf765)
core   0: 0x8000de2c (0x0000008c) c.addi4spn a1, sp, 64
core   0: 3 0x8000de2c (0x008c) x11 0x80010220
core   0: 0x8000de2e (0x0ff0000f) fence   iorw,iorw
core   0: 3 0x8000de2e (0x0ff0000f)
core   0: 0x8000de32 (0x00000705) c.addi  a4, 1
core   0: 3 0x8000de32 (0x0705) x14 0xfffffff9
core   0: 0x8000de34 (0x5d120693) addi    a3, tp, 1489
core   0: 3 0x8000de34 (0x5d120693) x13 0x00000562
core   0: 0x8000de38 (0x00aca4b3) slt     s1, s9, a0
core   0: 3 0x8000de38 (0x00aca4b3) x 9 0x00000000
core   0: 0x8000de3c (0x032a3533) mulhu   a0, s4, s2
core   0: 3 0x8000de3c (0x032a3533) x10 0x00000000
core   0: 0x8000de40 (0x40b85c33) sra     s8, a6, a1
core   0: 3 0x8000de40 (0x40b85c33) x24 0x00000073
core   0: 0x8000de44 (0x0000f765) c.bnez  a4, pc - 24
core   0: 3 0x8000de44 (0xf765)
core   0: 0x8000de2c (0x0000008c) c.addi4spn a1, sp, 64
core   0: 3 0x8000de2c (0x008c) x11 0x80010220
core   0: 0x8000de2e (0x0ff0000f) fence   iorw,iorw
core   0: 3 0x8000de2e (0x0ff0000f)
core   0: 0x8000de32 (0x00000705) c.addi  a4, 1
core   0: 3 0x8000de32 (0x0705) x14 0xfffffffa
core   0: 0x8000de34 (0x5d120693) addi    a3, tp, 1489
core   0: 3 0x8000de34 (0x5d120693) x13 0x00000562
core   0: 0x8000de38 (0x00aca4b3) slt     s1, s9, a0
core   0: 3 0x8000de38 (0x00aca4b3) x 9 0x00000000
core   0: 0x8000de3c (0x032a3533) mulhu   a0, s4, s2
core   0: 3 0x8000de3c (0x032a3533) x10 0x00000000
core   0: 0x8000de40 (0x40b85c33) sra     s8, a6, a1
core   0: 3 0x8000de40 (0x40b85c33) x24 0x00000073
core   0: 0x8000de44 (0x0000f765) c.bnez  a4, pc - 24
core   0: 3 0x8000de44 (0xf765)
core   0: 0x8000de2c (0x0000008c) c.addi4spn a1, sp, 64
core   0: 3 0x8000de2c (0x008c) x11 0x80010220
core   0: 0x8000de2e (0x0ff0000f) fence   iorw,iorw
core   0: 3 0x8000de2e (0x0ff0000f)
core   0: 0x8000de32 (0x00000705) c.addi  a4, 1
core   0: 3 0x8000de32 (0x0705) x14 0xfffffffb
core   0: 0x8000de34 (0x5d120693) addi    a3, tp, 1489
core   0: 3 0x8000de34 (0x5d120693) x13 0x00000562
core   0: 0x8000de38 (0x00aca4b3) slt     s1, s9, a0
core   0: 3 0x8000de38 (0x00aca4b3) x 9 0x00000000
core   0: 0x8000de3c (0x032a3533) mulhu   a0, s4, s2
core   0: 3 0x8000de3c (0x032a3533) x10 0x00000000
core   0: 0x8000de40 (0x40b85c33) sra     s8, a6, a1
core   0: 3 0x8000de40 (0x40b85c33) x24 0x00000073
core   0: 0x8000de44 (0x0000f765) c.bnez  a4, pc - 24
core   0: 3 0x8000de44 (0xf765)
core   0: 0x8000de2c (0x0000008c) c.addi4spn a1, sp, 64
core   0: 3 0x8000de2c (0x008c) x11 0x80010220
core   0: 0x8000de2e (0x0ff0000f) fence   iorw,iorw
core   0: 3 0x8000de2e (0x0ff0000f)
core   0: 0x8000de32 (0x00000705) c.addi  a4, 1
core   0: 3 0x8000de32 (0x0705) x14 0xfffffffc
core   0: 0x8000de34 (0x5d120693) addi    a3, tp, 1489
core   0: 3 0x8000de34 (0x5d120693) x13 0x00000562
core   0: 0x8000de38 (0x00aca4b3) slt     s1, s9, a0
core   0: 3 0x8000de38 (0x00aca4b3) x 9 0x00000000
core   0: 0x8000de3c (0x032a3533) mulhu   a0, s4, s2
core   0: 3 0x8000de3c (0x032a3533) x10 0x00000000
core   0: 0x8000de40 (0x40b85c33) sra     s8, a6, a1
core   0: 3 0x8000de40 (0x40b85c33) x24 0x00000073
core   0: 0x8000de44 (0x0000f765) c.bnez  a4, pc - 24
core   0: 3 0x8000de44 (0xf765)
core   0: 0x8000de2c (0x0000008c) c.addi4spn a1, sp, 64
core   0: 3 0x8000de2c (0x008c) x11 0x80010220
core   0: 0x8000de2e (0x0ff0000f) fence   iorw,iorw
core   0: 3 0x8000de2e (0x0ff0000f)
core   0: 0x8000de32 (0x00000705) c.addi  a4, 1
core   0: 3 0x8000de32 (0x0705) x14 0xfffffffd
core   0: 0x8000de34 (0x5d120693) addi    a3, tp, 1489
core   0: 3 0x8000de34 (0x5d120693) x13 0x00000562
core   0: 0x8000de38 (0x00aca4b3) slt     s1, s9, a0
core   0: 3 0x8000de38 (0x00aca4b3) x 9 0x00000000
core   0: 0x8000de3c (0x032a3533) mulhu   a0, s4, s2
core   0: 3 0x8000de3c (0x032a3533) x10 0x00000000
core   0: 0x8000de40 (0x40b85c33) sra     s8, a6, a1
core   0: 3 0x8000de40 (0x40b85c33) x24 0x00000073
core   0: 0x8000de44 (0x0000f765) c.bnez  a4, pc - 24
core   0: 3 0x8000de44 (0xf765)
core   0: 0x8000de2c (0x0000008c) c.addi4spn a1, sp, 64
core   0: 3 0x8000de2c (0x008c) x11 0x80010220
core   0: 0x8000de2e (0x0ff0000f) fence   iorw,iorw
core   0: 3 0x8000de2e (0x0ff0000f)
core   0: 0x8000de32 (0x00000705) c.addi  a4, 1
core   0: 3 0x8000de32 (0x0705) x14 0xfffffffe
core   0: 0x8000de34 (0x5d120693) addi    a3, tp, 1489
core   0: 3 0x8000de34 (0x5d120693) x13 0x00000562
core   0: 0x8000de38 (0x00aca4b3) slt     s1, s9, a0
core   0: 3 0x8000de38 (0x00aca4b3) x 9 0x00000000
core   0: 0x8000de3c (0x032a3533) mulhu   a0, s4, s2
core   0: 3 0x8000de3c (0x032a3533) x10 0x00000000
core   0: 0x8000de40 (0x40b85c33) sra     s8, a6, a1
core   0: 3 0x8000de40 (0x40b85c33) x24 0x00000073
core   0: 0x8000de44 (0x0000f765) c.bnez  a4, pc - 24
core   0: 3 0x8000de44 (0xf765)
core   0: 0x8000de2c (0x0000008c) c.addi4spn a1, sp, 64
core   0: 3 0x8000de2c (0x008c) x11 0x80010220
core   0: 0x8000de2e (0x0ff0000f) fence   iorw,iorw
core   0: 3 0x8000de2e (0x0ff0000f)
core   0: 0x8000de32 (0x00000705) c.addi  a4, 1
core   0: 3 0x8000de32 (0x0705) x14 0xffffffff
core   0: 0x8000de34 (0x5d120693) addi    a3, tp, 1489
core   0: 3 0x8000de34 (0x5d120693) x13 0x00000562
core   0: 0x8000de38 (0x00aca4b3) slt     s1, s9, a0
core   0: 3 0x8000de38 (0x00aca4b3) x 9 0x00000000
core   0: 0x8000de3c (0x032a3533) mulhu   a0, s4, s2
core   0: 3 0x8000de3c (0x032a3533) x10 0x00000000
core   0: 0x8000de40 (0x40b85c33) sra     s8, a6, a1
core   0: 3 0x8000de40 (0x40b85c33) x24 0x00000073
core   0: 0x8000de44 (0x0000f765) c.bnez  a4, pc - 24
core   0: 3 0x8000de44 (0xf765)
core   0: 0x8000de2c (0x0000008c) c.addi4spn a1, sp, 64
core   0: 3 0x8000de2c (0x008c) x11 0x80010220
core   0: 0x8000de2e (0x0ff0000f) fence   iorw,iorw
core   0: 3 0x8000de2e (0x0ff0000f)
core   0: 0x8000de32 (0x00000705) c.addi  a4, 1
core   0: 3 0x8000de32 (0x0705) x14 0x00000000
core   0: 0x8000de34 (0x5d120693) addi    a3, tp, 1489
core   0: 3 0x8000de34 (0x5d120693) x13 0x00000562
core   0: 0x8000de38 (0x00aca4b3) slt     s1, s9, a0
core   0: 3 0x8000de38 (0x00aca4b3) x 9 0x00000000
core   0: 0x8000de3c (0x032a3533) mulhu   a0, s4, s2
core   0: 3 0x8000de3c (0x032a3533) x10 0x00000000
core   0: 0x8000de40 (0x40b85c33) sra     s8, a6, a1
core   0: 3 0x8000de40 (0x40b85c33) x24 0x00000073
core   0: 0x8000de44 (0x0000f765) c.bnez  a4, pc - 24
core   0: 3 0x8000de44 (0xf765)
core   0: 0x8000de46 (0x019a9cb3) sll     s9, s5, s9
core   0: 3 0x8000de46 (0x019a9cb3) x25 0x000079dc
core   0: 0x8000de4a (0x00003117) auipc   sp, 0x3
core   0: 3 0x8000de4a (0x00003117) x 2 0x80010e4a
core   0: 0x8000de4e (0xba510113) addi    sp, sp, -1115
core   0: 3 0x8000de4e (0xba510113) x 2 0x800109ef
core   0: 0x8000de52 (0x49f10283) lb      t0, 1183(sp)
core   0: 3 0x8000de52 (0x49f10283) x 5 0xffffffac mem 0x80010e8e
core   0: 0x8000de56 (0x00014e03) lbu     t3, 0(sp)
core   0: 3 0x8000de56 (0x00014e03) x28 0x00000094 mem 0x800109ef
core   0: 0x8000de5a (0x00004d55) c.li    s10, 21
core   0: 3 0x8000de5a (0x4d55) x26 0x00000015
core   0: 0x8000de5c (0xde7e6c17) auipc   s8, 0xde7e6
core   0: 3 0x8000de5c (0xde7e6c17) x24 0x5e7f3e5c
core   0: 0x8000de60 (0x00008e66) c.mv    t3, s9
core   0: 3 0x8000de60 (0x8e66) x28 0x000079dc
core   0: 0x8000de62 (0x006c9693) slli    a3, s9, 6
core   0: 3 0x8000de62 (0x006c9693) x13 0x001e7700
core   0: 0x8000de66 (0x00000001) c.nop
core   0: 3 0x8000de66 (0x0001)
core   0: 0x8000de68 (0x638d8693) addi    a3, s11, 1592
core   0: 3 0x8000de68 (0x638d8693) x13 0x80011269
core   0: 0x8000de6c (0xd9511003) lh      zero, -619(sp)
core   0: 3 0x8000de6c (0xd9511003) mem 0x80010784
core   0: 0x8000de70 (0x7db9c193) xori    gp, s3, 2011
core   0: 3 0x8000de70 (0x7db9c193) x 3 0x000007e8
core   0: 0x8000de74 (0x00a9ca33) xor     s4, s3, a0
core   0: 3 0x8000de74 (0x00a9ca33) x20 0x00000033
core   0: 0x8000de78 (0x38160713) addi    a4, a2, 897
core   0: 3 0x8000de78 (0x38160713) x14 0x8002a065
core   0: 0x8000de7c (0xc0014203) lbu     tp, -1024(sp)
core   0: 3 0x8000de7c (0xc0014203) x 4 0x00000073 mem 0x800105ef
core   0: 0x8000de80 (0x94c119a3) sh      a2, -1709(sp)
core   0: 3 0x8000de80 (0x94c119a3) mem 0x80010342 0x9ce4
core   0: 0x8000de84 (0x61f10223) sb      t6, 1540(sp)
core   0: 3 0x8000de84 (0x61f10223) mem 0x80010ff3 0x36
core   0: 0x8000de88 (0x00008cd5) c.or    s1, a3
core   0: 3 0x8000de88 (0x8cd5) x 9 0x80011269
core   0: 0x8000de8a (0x88711a03) lh      s4, -1913(sp)
core   0: 3 0x8000de8a (0x88711a03) x20 0xffffd931 mem 0x80010276
core   0: 0x8000de8e (0x20710a23) sb      t2, 532(sp)
core   0: 3 0x8000de8e (0x20710a23) mem 0x80010c03 0x0
core   0: 0x8000de92 (0x1f515583) lhu     a1, 501(sp)
core   0: 3 0x8000de92 (0x1f515583) x11 0x00005924 mem 0x80010be4
core   0: 0x8000de96 (0x00008ef1) c.and   a3, a2
core   0: 3 0x8000de96 (0x8ef1) x13 0x80001060
core   0: 0x8000de98 (0x61915983) lhu     s3, 1561(sp)
core   0: 3 0x8000de98 (0x61915983) x19 0x00009dc8 mem 0x80011008
core   0: 0x8000de9c (0x01210fb3) add     t6, sp, s2
core   0: 3 0x8000de9c (0x01210fb3) x31 0x800109f0
core   0: 0x8000dea0 (0x030b7433) remu    s0, s6, a6
core   0: 3 0x8000dea0 (0x030b7433) x 8 0x00000036
core   0: 0x8000dea4 (0x6386a593) slti    a1, a3, 1592
core   0: 3 0x8000dea4 (0x6386a593) x11 0x00000001
core   0: 0x8000dea8 (0x035d7fb3) remu    t6, s10, s5
core   0: 3 0x8000dea8 (0x035d7fb3) x31 0x00000015
core   0: 0x8000deac (0xc1310d23) sb      s3, -998(sp)
core   0: 3 0x8000deac (0xc1310d23) mem 0x80010609 0xc8
core   0: 0x8000deb0 (0x03b6f4b3) remu    s1, a3, s11
core   0: 3 0x8000deb0 (0x03b6f4b3) x 9 0x80001060
core   0: 0x8000deb4 (0x14c14f83) lbu     t6, 332(sp)
core   0: 3 0x8000deb4 (0x14c14f83) x31 0x000000b1 mem 0x80010b3b
core   0: 0x8000deb8 (0x2e20ba93) sltiu   s5, ra, 738
core   0: 3 0x8000deb8 (0x2e20ba93) x21 0x00000000
core   0: 0x8000debc (0xfc110a23) sb      ra, -44(sp)
core   0: 3 0x8000debc (0xfc110a23) mem 0x800109c3 0x36
core   0: 0x8000dec0 (0xc35124a3) sw      s5, -983(sp)
core   0: 3 0x8000dec0 (0xc35124a3) mem 0x80010618 0x00000000
core   0: 0x8000dec4 (0x0203e5b3) rem     a1, t2, zero
core   0: 3 0x8000dec4 (0x0203e5b3) x11 0x00000000
core   0: 0x8000dec8 (0x06210d03) lb      s10, 98(sp)
core   0: 3 0x8000dec8 (0x06210d03) x26 0x00000000 mem 0x80010a51
core   0: 0x8000decc (0xd6814e03) lbu     t3, -664(sp)
core   0: 3 0x8000decc (0xd6814e03) x28 0x000000ad mem 0x80010757
core   0: 0x8000ded0 (0x30c116a3) sh      a2, 781(sp)
core   0: 3 0x8000ded0 (0x30c116a3) mem 0x80010cfc 0x9ce4
core   0: 0x8000ded4 (0x3e010483) lb      s1, 992(sp)
core   0: 3 0x8000ded4 (0x3e010483) x 9 0x00000079 mem 0x80010dcf
core   0: 0x8000ded8 (0x000082e9) c.srli  a3, 26
core   0: 3 0x8000ded8 (0x82e9) x13 0x00000020
core   0: 0x8000deda (0x8e814903) lbu     s2, -1816(sp)
core   0: 3 0x8000deda (0x8e814903) x18 0x00000099 mem 0x800102d7
core   0: 0x8000dede (0xc0410d03) lb      s10, -1020(sp)
core   0: 3 0x8000dede (0xc0410d03) x26 0xffffffc1 mem 0x800105f3
core   0: 0x8000dee2 (0xbff10423) sb      t6, -1048(sp)
core   0: 3 0x8000dee2 (0xbff10423) mem 0x800105d7 0xb1
core   0: 0x8000dee6 (0x1c414683) lbu     a3, 452(sp)
core   0: 3 0x8000dee6 (0x1c414683) x13 0x000000a5 mem 0x80010bb3
core   0: 0x8000deea (0x64c14c83) lbu     s9, 1612(sp)
core   0: 3 0x8000deea (0x64c14c83) x25 0x00000097 mem 0x8001103b
core   0: 0x8000deee (0x70724293) xori    t0, tp, 1799
core   0: 3 0x8000deee (0x70724293) x 5 0x00000774
core   0: 0x8000def2 (0x1b5e5937) lui     s2, 0x1b5e5
core   0: 3 0x8000def2 (0x1b5e5937) x18 0x1b5e5000
core   0: 0x8000def6 (0x00008779) c.srai  a4, 30
core   0: 3 0x8000def6 (0x8779) x14 0xfffffffe
core   0: 0x8000def8 (0x021d9b33) mulh    s6, s11, ra
core   0: 3 0x8000def8 (0x021d9b33) x22 0x3fff0b4d
core   0: 0x8000defc (0x03ca8433) mul     s0, s5, t3
core   0: 3 0x8000defc (0x03ca8433) x 8 0x00000000
core   0: 0x8000df00 (0xd1910623) sb      s9, -756(sp)
core   0: 3 0x8000df00 (0xd1910623) mem 0x800106fb 0x97
core   0: 0x8000df04 (0x0000a697) auipc   a3, 0xa
core   0: 3 0x8000df04 (0x0000a697) x13 0x80017f04
core   0: 0x8000df08 (0xa2d68693) addi    a3, a3, -1491
core   0: 3 0x8000df08 (0xa2d68693) x13 0x80017931
core   0: 0x8000df0c (0x0c46ca03) lbu     s4, 196(a3)
core   0: 3 0x8000df0c (0x0c46ca03) x20 0x00000041 mem 0x800179f5
core   0: 0x8000df10 (0x00003517) auipc   a0, 0x3
core   0: 3 0x8000df10 (0x00003517) x10 0x80010f10
core   0: 0x8000df14 (0xa5b50513) addi    a0, a0, -1445
core   0: 3 0x8000df14 (0xa5b50513) x10 0x8001096b
core   0: 0x8000df18 (0x04868b03) lb      s6, 72(a3)
core   0: 3 0x8000df18 (0x04868b03) x22 0xffffff8d mem 0x80017979
core   0: 0x8000df1c (0x0bc54583) lbu     a1, 188(a0)
core   0: 3 0x8000df1c (0x0bc54583) x11 0x00000085 mem 0x80010a27
core   0: 0x8000df20 (0xfbb51883) lh      a7, -69(a0)
core   0: 3 0x8000df20 (0xfbb51883) x17 0xffffd6c6 mem 0x80010926
core   0: 0x8000df24 (0x00c50e03) lb      t3, 12(a0)
core   0: 3 0x8000df24 (0x00c50e03) x28 0x00000036 mem 0x80010977
core   0: 0x8000df28 (0xf9068583) lb      a1, -112(a3)
core   0: 3 0x8000df28 (0xf9068583) x11 0x00000072 mem 0x800178c1
core   0: 0x8000df2c (0xf8068223) sb      zero, -124(a3)
core   0: 3 0x8000df2c (0xf8068223) mem 0x800178b5 0x0
core   0: 0x8000df30 (0x05750023) sb      s7, 64(a0)
core   0: 3 0x8000df30 (0x05750023) mem 0x800109ab 0x1
core   0: 0x8000df34 (0x0f051da3) sh      a6, 251(a0)
core   0: 3 0x8000df34 (0x0f051da3) mem 0x80010a66 0x0073
core   0: 0x8000df38 (0x05368303) lb      t1, 83(a3)
core   0: 3 0x8000df38 (0x05368303) x 6 0x00000017 mem 0x80017984
core   0: 0x8000df3c (0xff254203) lbu     tp, -14(a0)
core   0: 3 0x8000df3c (0xff254203) x 4 0x00000077 mem 0x8001095d
core   0: 0x8000df40 (0xf3d68c23) sb      t4, -200(a3)
core   0: 3 0x8000df40 (0xf3d68c23) mem 0x80017869 0x0
core   0: 0x8000df44 (0xf6355f03) lhu     t5, -157(a0)
core   0: 3 0x8000df44 (0xf6355f03) x30 0x0000f3fa mem 0x800108ce
core   0: 0x8000df48 (0xfa86c003) lbu     zero, -88(a3)
core   0: 3 0x8000df48 (0xfa86c003) mem 0x800178d9
core   0: 0x8000df4c (0x07450fa3) sb      s4, 127(a0)
core   0: 3 0x8000df4c (0x07450fa3) mem 0x800109ea 0x41
core   0: 0x8000df50 (0x0ad68623) sb      a3, 172(a3)
core   0: 3 0x8000df50 (0x0ad68623) mem 0x800179dd 0x31
core   0: 0x8000df54 (0xfc150c23) sb      ra, -40(a0)
core   0: 3 0x8000df54 (0xfc150c23) mem 0x80010943 0x36
core   0: 0x8000df58 (0xfad6d883) lhu     a7, -83(a3)
core   0: 3 0x8000df58 (0xfad6d883) x17 0x00008fcc mem 0x800178de
core   0: 0x8000df5c (0xf7755203) lhu     tp, -137(a0)
core   0: 3 0x8000df5c (0xf7755203) x 4 0x0000132a mem 0x800108e2
core   0: 0x8000df60 (0xfae68983) lb      s3, -82(a3)
core   0: 3 0x8000df60 (0xfae68983) x19 0xffffff8f mem 0x800178df
core   0: 0x8000df64 (0x000015fd) c.addi  a1, -1
core   0: 3 0x8000df64 (0x15fd) x11 0x00000071
core   0: 0x8000df66 (0xb779eb93) ori     s7, s3, -1161
core   0: 3 0x8000df66 (0xb779eb93) x23 0xffffffff
core   0: 0x8000df6a (0x01f44933) xor     s2, s0, t6
core   0: 3 0x8000df6a (0x01f44933) x18 0x000000b1
core   0: 0x8000df6e (0x01ac63b3) or      t2, s8, s10
core   0: 3 0x8000df6e (0x01ac63b3) x 7 0xffffffdd
core   0: 0x8000df72 (0x00879c93) slli    s9, a5, 8
core   0: 3 0x8000df72 (0x00879c93) x25 0x025e2400
core   0: 0x8000df76 (0x4d9c3293) sltiu   t0, s8, 1241
core   0: 3 0x8000df76 (0x4d9c3293) x 5 0x00000000
core   0: 0x8000df7a (0x00008d91) c.sub   a1, a2
core   0: 3 0x8000df7a (0x8d91) x11 0x7ffd638d
core   0: 0x8000df7c (0x02c90db3) mul     s11, s2, a2
core   0: 3 0x8000df7c (0x02c90db3) x27 0x81ce79a4
core   0: 0x8000df80 (0x03548b33) mul     s6, s1, s5
core   0: 3 0x8000df80 (0x03548b33) x22 0x00000000
core   0: 0x8000df84 (0x02f173b3) remu    t2, sp, a5
core   0: 3 0x8000df84 (0x02f173b3) x 7 0x800109ef
core   0: 0x8000df88 (0x00006119) c.addi16sp sp, 384
core   0: 3 0x8000df88 (0x6119) x 2 0x80010b6f
core   0: 0x8000df8a (0x0ff0000f) fence   iorw,iorw
core   0: 3 0x8000df8a (0x0ff0000f)
core   0: 0x8000df8e (0x40e2d193) srai    gp, t0, 14
core   0: 3 0x8000df8e (0x40e2d193) x 3 0x00000000
core   0: 0x8000df92 (0x0000100f) fence.i
core   0: 3 0x8000df92 (0x0000100f)
core   0: 0x8000df96 (0x42a20b13) addi    s6, tp, 1066
core   0: 3 0x8000df96 (0x42a20b13) x22 0x00001754
core   0: 0x8000df9a (0x0ff0000f) fence   iorw,iorw
core   0: 3 0x8000df9a (0x0ff0000f)
core   0: 0x8000df9e (0x418f09b3) sub     s3, t5, s8
core   0: 3 0x8000df9e (0x418f09b3) x19 0xa181b59e
core   0: 0x8000dfa2 (0x000085c6) c.mv    a1, a7
core   0: 3 0x8000dfa2 (0x85c6) x11 0x00008fcc
core   0: 0x8000dfa4 (0x00a17bb3) and     s7, sp, a0
core   0: 3 0x8000dfa4 (0x00a17bb3) x23 0x8001096b
core   0: 0x8000dfa8 (0x000006da) c.slli  a3, 22
core   0: 3 0x8000dfa8 (0x06da) x13 0x4c400000
core   0: 0x8000dfaa (0x01d44833) xor     a6, s0, t4
core   0: 3 0x8000dfaa (0x01d44833) x16 0x00000000
core   0: 0x8000dfae (0x03797333) remu    t1, s2, s7
core   0: 3 0x8000dfae (0x03797333) x 6 0x000000b1
core   0: 0x8000dfb2 (0x000085ea) c.mv    a1, s10
core   0: 3 0x8000dfb2 (0x85ea) x11 0xffffffc1
core   0: 0x8000dfb4 (0x00004765) c.li    a4, 25
core   0: 3 0x8000dfb4 (0x4765) x14 0x00000019
core   0: 0x8000dfb6 (0x00b6c833) xor     a6, a3, a1
core   0: 3 0x8000dfb6 (0x00b6c833) x16 0xb3bfffc1
core   0: 0x8000dfba (0x0000098e) c.slli  s3, 3
core   0: 3 0x8000dfba (0x098e) x19 0x0c0dacf0
core   0: 0x8000dfbc (0x003bae33) slt     t3, s7, gp
core   0: 3 0x8000dfbc (0x003bae33) x28 0x00000001
core   0: 0x8000dfc0 (0x0075d693) srli    a3, a1, 7
core   0: 3 0x8000dfc0 (0x0075d693) x13 0x01ffffff
core   0: 0x8000dfc4 (0xa7acce13) xori    t3, s9, -1414
core   0: 3 0x8000dfc4 (0xa7acce13) x28 0xfda1de7a
core   0: 0x8000dfc8 (0x40615f93) srai    t6, sp, 6
core   0: 3 0x8000dfc8 (0x40615f93) x31 0xfe00042d
core   0: 0x8000dfcc (0x0000058e) c.slli  a1, 3
core   0: 3 0x8000dfcc (0x058e) x11 0xfffffe08
core   0: 0x8000dfce (0x04284363) blt     a6, sp, pc + 70
core   0: 3 0x8000dfce (0x04284363)
core   0: 0x8000dfd2 (0x03e84333) div     t1, a6, t5
core   0: 3 0x8000dfd2 (0x03e84333) x 6 0xffffafff
core   0: 0x8000dfd6 (0x0189d913) srli    s2, s3, 24
core   0: 3 0x8000dfd6 (0x0189d913) x18 0x0000000c
core   0: 0x8000dfda (0x00008cbd) c.xor   s1, a5
core   0: 3 0x8000dfda (0x8cbd) x 9 0x80025e5d
core   0: 0x8000dfdc (0x40cf52b3) sra     t0, t5, a2
core   0: 3 0x8000dfdc (0x40cf52b3) x 5 0x00000f3f
core   0: 0x8000dfe0 (0x01e681b3) add     gp, a3, t5
core   0: 3 0x8000dfe0 (0x01e681b3) x 3 0x0200f3f9
core   0: 0x8000dfe4 (0x03e78333) mul     t1, a5, t5
core   0: 3 0x8000dfe4 (0x03e78333) x 6 0x41ac1b28
core   0: 0x8000dfe8 (0x03a16663) bltu    sp, s10, pc + 44
core   0: 3 0x8000dfe8 (0x03a16663)
core   0: 0x8000e014 (0x015bb0b3) sltu    ra, s7, s5
core   0: 3 0x8000e014 (0x015bb0b3) x 1 0x00000000
core   0: 0x8000e018 (0x00006bb9) c.lui   s7, 0xe
core   0: 3 0x8000e018 (0x6bb9) x23 0x0000e000
core   0: 0x8000e01a (0xaaa50237) lui     tp, 0xaaa50
core   0: 3 0x8000e01a (0xaaa50237) x 4 0xaaa50000
core   0: 0x8000e01e (0x000091ce) c.add   gp, s3
core   0: 3 0x8000e01e (0x91ce) x 3 0x0e0ea0e9
core   0: 0x8000e020 (0x00008ddd) c.or    a1, a5
core   0: 3 0x8000e020 (0x8ddd) x11 0xfffffe2c
core   0: 0x8000e022 (0x0ff0000f) fence   iorw,iorw
core   0: 3 0x8000e022 (0x0ff0000f)
core   0: 0x8000e026 (0x41305313) srai    t1, zero, 19
core   0: 3 0x8000e026 (0x41305313) x 6 0x00000000
core   0: 0x8000e02a (0x1dc71337) lui     t1, 0x1dc71
core   0: 3 0x8000e02a (0x1dc71337) x 6 0x1dc71000
core   0: 0x8000e02e (0x02797733) remu    a4, s2, t2
core   0: 3 0x8000e02e (0x02797733) x14 0x0000000c
core   0: 0x8000e032 (0x00000001) c.nop
core   0: 3 0x8000e032 (0x0001)
core   0: 0x8000e034 (0x000054fd) c.li    s1, -1
core   0: 3 0x8000e034 (0x54fd) x 9 0xffffffff
core   0: 0x8000e036 (0x00000001) c.nop
core   0: 3 0x8000e036 (0x0001)
core   0: 0x8000e038 (0x000001da) c.slli  gp, 22
core   0: 3 0x8000e038 (0x01da) x 3 0x3a400000
core   0: 0x8000e03a (0x32897d13) andi    s10, s2, 808
core   0: 3 0x8000e03a (0x32897d13) x26 0x00000008
core   0: 0x8000e03e (0xd9247493) andi    s1, s0, -622
core   0: 3 0x8000e03e (0xd9247493) x 9 0x00000000
core   0: 0x8000e042 (0x03933133) mulhu   sp, t1, s9
core   0: 3 0x8000e042 (0x03933133) x 2 0x00468167
core   0: 0x8000e046 (0x03b9cc63) blt     s3, s11, pc + 56
core   0: 3 0x8000e046 (0x03b9cc63)
core   0: 0x8000e04a (0x8c5d0f13) addi    t5, s10, -1851
core   0: 3 0x8000e04a (0x8c5d0f13) x30 0xfffff8cd
core   0: 0x8000e04e (0x00008c09) c.sub   s0, a0
core   0: 3 0x8000e04e (0x8c09) x 8 0x7ffef695
core   0: 0x8000e050 (0x4166db93) srai    s7, a3, 22
core   0: 3 0x8000e050 (0x4166db93) x23 0x00000007
core   0: 0x8000e054 (0x007ed8b3) srl     a7, t4, t2
core   0: 3 0x8000e054 (0x007ed8b3) x17 0x00000000
core   0: 0x8000e058 (0x00fd14b3) sll     s1, s10, a5
core   0: 3 0x8000e058 (0x00fd14b3) x 9 0x00000080
core   0: 0x8000e05c (0x40730ab3) sub     s5, t1, t2
core   0: 3 0x8000e05c (0x40730ab3) x21 0x9dc60611
core   0: 0x8000e060 (0x0ff0000f) fence   iorw,iorw
core   0: 3 0x8000e060 (0x0ff0000f)
core   0: 0x8000e064 (0x05a54163) blt     a0, s10, pc + 66
core   0: 3 0x8000e064 (0x05a54163)
core   0: 0x8000e0a6 (0x00009c4a) c.add   s8, s2
core   0: 3 0x8000e0a6 (0x9c4a) x24 0x5e7f3e68
core   0: 0x8000e0a8 (0x00008535) c.srai  a0, 13
core   0: 3 0x8000e0a8 (0x8535) x10 0xfffc0008
core   0: 0x8000e0aa (0x0250f4b3) remu    s1, ra, t0
core   0: 3 0x8000e0aa (0x0250f4b3) x 9 0x00000000
core   0: 0x8000e0ae (0x00a8d693) srli    a3, a7, 10
core   0: 3 0x8000e0ae (0x00a8d693) x13 0x00000000
core   0: 0x8000e0b2 (0x03f94d63) blt     s2, t6, pc + 58
core   0: 3 0x8000e0b2 (0x03f94d63)
core   0: 0x8000e0b6 (0x034c14b3) mulh    s1, s8, s4
core   0: 3 0x8000e0b6 (0x034c14b3) x 9 0x00000017
core   0: 0x8000e0ba (0x0083cbb3) xor     s7, t2, s0
core   0: 3 0x8000e0ba (0x0083cbb3) x23 0xffffff7a
core   0: 0x8000e0be (0x41690c33) sub     s8, s2, s6
core   0: 3 0x8000e0be (0x41690c33) x24 0xffffe8b8
core   0: 0x8000e0c2 (0x00008f55) c.or    a4, a3
core   0: 3 0x8000e0c2 (0x8f55) x14 0x0000000c
core   0: 0x8000e0c4 (0x01dbd593) srli    a1, s7, 29
core   0: 3 0x8000e0c4 (0x01dbd593) x11 0x00000007
core   0: 0x8000e0c8 (0x03247c33) remu    s8, s0, s2
core   0: 3 0x8000e0c8 (0x03247c33) x24 0x00000005
core   0: 0x8000e0cc (0x00008f65) c.and   a4, s1
core   0: 3 0x8000e0cc (0x8f65) x14 0x00000004
core   0: 0x8000e0ce (0x01ab4ab3) xor     s5, s6, s10
core   0: 3 0x8000e0ce (0x01ab4ab3) x21 0x0000175c
core   0: 0x8000e0d2 (0x00008f6d) c.and   a4, a1
core   0: 3 0x8000e0d2 (0x8f6d) x14 0x00000004
core   0: 0x8000e0d4 (0x00008475) c.srai  s0, 29
core   0: 3 0x8000e0d4 (0x8475) x 8 0x00000003
core   0: 0x8000e0d6 (0xfcdc6013) ori     zero, s8, -51
core   0: 3 0x8000e0d6 (0xfcdc6013)
core   0: 0x8000e0da (0x00008f41) c.or    a4, s0
core   0: 3 0x8000e0da (0x8f41) x14 0x00000007
core   0: 0x8000e0dc (0x0000100f) fence.i
core   0: 3 0x8000e0dc (0x0000100f)
core   0: 0x8000e0e0 (0x413a5b93) srai    s7, s4, 19
core   0: 3 0x8000e0e0 (0x413a5b93) x23 0x00000000
core   0: 0x8000e0e4 (0x017e53b3) srl     t2, t3, s7
core   0: 3 0x8000e0e4 (0x017e53b3) x 7 0xfda1de7a
core   0: 0x8000e0e8 (0x1267e293) ori     t0, a5, 294
core   0: 3 0x8000e0e8 (0x1267e293) x 5 0x80025f26
core   0: 0x8000e0ec (0x014eabb3) slt     s7, t4, s4
core   0: 3 0x8000e0ec (0x014eabb3) x23 0x00000001
core   0: 0x8000e0f0 (0x40ebdf93) srai    t6, s7, 14
core   0: 3 0x8000e0f0 (0x40ebdf93) x31 0x00000000
core   0: 0x8000e0f4 (0x0287afb3) mulhsu  t6, a5, s0
core   0: 3 0x8000e0f4 (0x0287afb3) x31 0xfffffffe
core   0: 0x8000e0f8 (0x00000266) c.slli  tp, 25
core   0: 3 0x8000e0f8 (0x0266) x 4 0x00000000
core   0: 0x8000e0fa (0x001646b3) xor     a3, a2, ra
core   0: 3 0x8000e0fa (0x001646b3) x13 0x80029ce4
core   0: 0x8000e0fe (0x01289b63) bne     a7, s2, pc + 22
core   0: 3 0x8000e0fe (0x01289b63)
core   0: 0x8000e114 (0x00009f62) c.add   t5, s8
core   0: 3 0x8000e114 (0x9f62) x30 0xfffff8d2
core   0: 0x8000e116 (0x000058fd) c.li    a7, -1
core   0: 3 0x8000e116 (0x58fd) x17 0xffffffff
core   0: 0x8000e118 (0x00000001) c.nop
core   0: 3 0x8000e118 (0x0001)
core   0: 0x8000e11a (0x00008c49) c.or    s0, a0
core   0: 3 0x8000e11a (0x8c49) x 8 0xfffc000b
core   0: 0x8000e11c (0x902c3e13) sltiu   t3, s8, -1790
core   0: 3 0x8000e11c (0x902c3e13) x28 0x00000001
core   0: 0x8000e120 (0x0117bc33) sltu    s8, a5, a7
core   0: 3 0x8000e120 (0x0117bc33) x24 0x00000001
core   0: 0x8000e124 (0x02fe1463) bne     t3, a5, pc + 40
core   0: 3 0x8000e124 (0x02fe1463)
core   0: 0x8000e14c (0xd8aec713) xori    a4, t4, -630
core   0: 3 0x8000e14c (0xd8aec713) x14 0xfffffd8a
core   0: 0x8000e150 (0xfd78b493) sltiu   s1, a7, -41
core   0: 3 0x8000e150 (0xfd78b493) x 9 0x00000000
core   0: 0x8000e154 (0x0000717d) c.addi16sp sp, -16
core   0: 3 0x8000e154 (0x717d) x 2 0x00468157
core   0: 0x8000e156 (0x055b4263) blt     s6, s5, pc + 68
core   0: 3 0x8000e156 (0x055b4263)
core   0: 0x8000e19a (0x4e4dec17) auipc   s8, 0x4e4de
core   0: 3 0x8000e19a (0x4e4dec17) x24 0xce4ec19a
core   0: 0x8000e19e (0x02d30f63) beq     t1, a3, pc + 62
core   0: 3 0x8000e19e (0x02d30f63)
core   0: 0x8000e1a2 (0x01375263) bge     a4, s3, pc + 4
core   0: 3 0x8000e1a2 (0x01375263)
core   0: 0x8000e1a6 (0x037cd233) divu    tp, s9, s7
core   0: 3 0x8000e1a6 (0x037cd233) x 4 0x025e2400
core   0: 0x8000e1aa (0x00d36563) bltu    t1, a3, pc + 10
core   0: 3 0x8000e1aa (0x00d36563)
core   0: 0x8000e1b4 (0x034052b3) divu    t0, zero, s4
core   0: 3 0x8000e1b4 (0x034052b3) x 5 0x00000000
core   0: 0x8000e1b8 (0x00008295) c.srli  a3, 5
core   0: 3 0x8000e1b8 (0x8295) x13 0x040014e7
core   0: 0x8000e1ba (0x00000d00) c.addi4spn s0, sp, 656
core   0: 3 0x8000e1ba (0x0d00) x 8 0x004683e7
core   0: 0x8000e1bc (0x01b4d393) srli    t2, s1, 27
core   0: 3 0x8000e1bc (0x01b4d393) x 7 0x00000000
core   0: 0x8000e1c0 (0x0000717d) c.addi16sp sp, -16
core   0: 3 0x8000e1c0 (0x717d) x 2 0x00468147
core   0: 0x8000e1c2 (0x0000717d) c.addi16sp sp, -16
core   0: 3 0x8000e1c2 (0x717d) x 2 0x00468137
core   0: 0x8000e1c4 (0x001cdb63) bge     s9, ra, pc + 22
core   0: 3 0x8000e1c4 (0x001cdb63)
core   0: 0x8000e1da (0x00006255) c.lui   tp, 0x15
core   0: 3 0x8000e1da (0x6255) x 4 0x00015000
core   0: 0x8000e1dc (0x00e39293) slli    t0, t2, 14
core   0: 3 0x8000e1dc (0x00e39293) x 5 0x00000000
core   0: 0x8000e1e0 (0x00008cf1) c.and   s1, a2
core   0: 3 0x8000e1e0 (0x8cf1) x 9 0x00000000
core   0: 0x8000e1e2 (0x14487a93) andi    s5, a6, 324
core   0: 3 0x8000e1e2 (0x14487a93) x21 0x00000140
core   0: 0x8000e1e6 (0x3f4ef013) andi    zero, t4, 1012
core   0: 3 0x8000e1e6 (0x3f4ef013)
core   0: 0x8000e1ea (0x011cd413) srli    s0, s9, 17
core   0: 3 0x8000e1ea (0x011cd413) x 8 0x0000012f
core   0: 0x8000e1ee (0x00004d2d) c.li    s10, 11
core   0: 3 0x8000e1ee (0x4d2d) x26 0x0000000b
core   0: 0x8000e1f0 (0x4119d813) srai    a6, s3, 17
core   0: 3 0x8000e1f0 (0x4119d813) x16 0x00000606
core   0: 0x8000e1f4 (0x41678433) sub     s0, a5, s6
core   0: 3 0x8000e1f4 (0x41678433) x 8 0x800246d0
core   0: 0x8000e1f8 (0x00008c69) c.and   s0, a0
core   0: 3 0x8000e1f8 (0x8c69) x 8 0x80000000
core   0: 0x8000e1fa (0x00000001) c.nop
core   0: 3 0x8000e1fa (0x0001)
core   0: 0x8000e1fc (0x00000001) c.nop
core   0: 3 0x8000e1fc (0x0001)
core   0: 0x8000e1fe (0x000089d1) c.andi  a1, 20
core   0: 3 0x8000e1fe (0x89d1) x11 0x00000004
core   0: 0x8000e200 (0x002aeab3) or      s5, s5, sp
core   0: 3 0x8000e200 (0x002aeab3) x21 0x00468177
core   0: 0x8000e204 (0x01bdfc63) bgeu    s11, s11, pc + 24
core   0: 3 0x8000e204 (0x01bdfc63)
core   0: 0x8000e21c (0x00009bc6) c.add   s7, a7
core   0: 3 0x8000e21c (0x9bc6) x23 0x00000000
core   0: 0x8000e21e (0x00008efd) c.and   a3, a5
core   0: 3 0x8000e21e (0x8efd) x13 0x00001424
core   0: 0x8000e220 (0x0000996e) c.add   s2, s11
core   0: 3 0x8000e220 (0x996e) x18 0x81ce79b0
core   0: 0x8000e222 (0x02fd32b3) mulhu   t0, s10, a5
core   0: 3 0x8000e222 (0x02fd32b3) x 5 0x00000005
core   0: 0x8000e226 (0x020343b3) div     t2, t1, zero
core   0: 3 0x8000e226 (0x020343b3) x 7 0xffffffff
core   0: 0x8000e22a (0x8435dd37) lui     s10, 0x8435d
core   0: 3 0x8000e22a (0x8435dd37) x26 0x8435d000
core   0: 0x8000e22e (0x0000cc01) c.beqz  s0, pc + 24
core   0: 3 0x8000e22e (0xcc01)
core   0: 0x8000e230 (0x0000717d) c.addi16sp sp, -16
core   0: 3 0x8000e230 (0x717d) x 2 0x00468127
core   0: 0x8000e232 (0x4072d493) srai    s1, t0, 7
core   0: 3 0x8000e232 (0x4072d493) x 9 0x00000000
core   0: 0x8000e236 (0x0000c981) c.beqz  a1, pc + 16
core   0: 3 0x8000e236 (0xc981)
core   0: 0x8000e238 (0x01b739b3) sltu    s3, a4, s11
core   0: 3 0x8000e238 (0x01b739b3) x19 0x00000000
core   0: 0x8000e23c (0x000089f6) c.mv    s3, t4
core   0: 3 0x8000e23c (0x89f6) x19 0x00000000
core   0: 0x8000e23e (0x02fc16b3) mulh    a3, s8, a5
core   0: 3 0x8000e23e (0x02fc16b3) x13 0x18d8298a
core   0: 0x8000e242 (0x02d45f63) bge     s0, a3, pc + 62
core   0: 3 0x8000e242 (0x02d45f63)
core   0: 0x8000e246 (0xd8a97c13) andi    s8, s2, -630
core   0: 3 0x8000e246 (0xd8a97c13) x24 0x81ce7980
core   0: 0x8000e24a (0x41bf0fb3) sub     t6, t5, s11
core   0: 3 0x8000e24a (0x41bf0fb3) x31 0x7e317f2e
core   0: 0x8000e24e (0x000086c2) c.mv    a3, a6
core   0: 3 0x8000e24e (0x86c2) x13 0x00000606
core   0: 0x8000e250 (0x40148833) sub     a6, s1, ra
core   0: 3 0x8000e250 (0x40148833) x16 0x00000000
core   0: 0x8000e254 (0x00008de5) c.and   a1, s1
core   0: 3 0x8000e254 (0x8de5) x11 0x00000000
core   0: 0x8000e256 (0x00008895) c.andi  s1, 5
core   0: 3 0x8000e256 (0x8895) x 9 0x00000000
core   0: 0x8000e258 (0x9eb93337) lui     t1, 0x9eb93
core   0: 3 0x8000e258 (0x9eb93337) x 6 0x9eb93000
core   0: 0x8000e25c (0x015c1593) slli    a1, s8, 21
core   0: 3 0x8000e25c (0x015c1593) x11 0x30000000
core   0: 0x8000e260 (0x01d0c833) xor     a6, ra, t4
core   0: 3 0x8000e260 (0x01d0c833) x16 0x00000000
core   0: 0x8000e264 (0x05768163) beq     a3, s7, pc + 66
core   0: 3 0x8000e264 (0x05768163)
core   0: 0x8000e268 (0xd256d2b7) lui     t0, 0xd256d
core   0: 3 0x8000e268 (0xd256d2b7) x 5 0xd256d000
core   0: 0x8000e26c (0x034d0e33) mul     t3, s10, s4
core   0: 3 0x8000e26c (0x034d0e33) x28 0x91a9d000
core   0: 0x8000e270 (0xd3234b17) auipc   s6, 0xd3234
core   0: 3 0x8000e270 (0xd3234b17) x22 0x53242270
core   0: 0x8000e274 (0x00008dad) c.xor   a1, a1
core   0: 3 0x8000e274 (0x8dad) x11 0x00000000
core   0: 0x8000e276 (0x00008d31) c.xor   a0, a2
core   0: 3 0x8000e276 (0x8d31) x10 0x7ffe9cec
core   0: 0x8000e278 (0x033bdcb3) divu    s9, s7, s3
core   0: 3 0x8000e278 (0x033bdcb3) x25 0xffffffff
core   0: 0x8000e27c (0x5c370c93) addi    s9, a4, 1475
core   0: 3 0x8000e27c (0x5c370c93) x25 0x0000034d
core   0: 0x8000e280 (0x02677833) remu    a6, a4, t1
core   0: 3 0x8000e280 (0x02677833) x16 0x6146cd8a
core   0: 0x8000e284 (0x0000100f) fence.i
core   0: 3 0x8000e284 (0x0000100f)
core   0: 0x8000e288 (0x0000717d) c.addi16sp sp, -16
core   0: 3 0x8000e288 (0x717d) x 2 0x00468117
core   0: 0x8000e28a (0x02049133) mulh    sp, s1, zero
core   0: 3 0x8000e28a (0x02049133) x 2 0x00000000
core   0: 0x8000e28e (0x403984b3) sub     s1, s3, gp
core   0: 3 0x8000e28e (0x403984b3) x 9 0xc5c00000
core   0: 0x8000e292 (0x00008d35) c.xor   a0, a3
core   0: 3 0x8000e292 (0x8d35) x10 0x7ffe9aea
core   0: 0x8000e294 (0x00008699) c.srai  a3, 6
core   0: 3 0x8000e294 (0x8699) x13 0x00000018
core   0: 0x8000e296 (0x00e0d093) srli    ra, ra, 14
core   0: 3 0x8000e296 (0x00e0d093) x 1 0x00000000
core   0: 0x8000e29a (0x000085d2) c.mv    a1, s4
core   0: 3 0x8000e29a (0x85d2) x11 0x00000041
core   0: 0x8000e29c (0x0207c5b3) div     a1, a5, zero
core   0: 3 0x8000e29c (0x0207c5b3) x11 0xffffffff
core   0: 0x8000e2a0 (0x00008c15) c.sub   s0, a3
core   0: 3 0x8000e2a0 (0x8c15) x 8 0x7fffffe8
core   0: 0x8000e2a2 (0x419654b3) sra     s1, a2, s9
core   0: 3 0x8000e2a2 (0x419654b3) x 9 0xfffc0014
core   0: 0x8000e2a6 (0x018f93b3) sll     t2, t6, s8
core   0: 3 0x8000e2a6 (0x018f93b3) x 7 0x7e317f2e
core   0: 0x8000e2aa (0x00000df9) c.addi  s11, 30
core   0: 3 0x8000e2aa (0x0df9) x27 0x81ce79c2
core   0: 0x8000e2ac (0x00004769) c.li    a4, 26
core   0: 3 0x8000e2ac (0x4769) x14 0x0000001a
core   0: 0x8000e2ae (0xe4156193) ori     gp, a0, -447
core   0: 3 0x8000e2ae (0xe4156193) x 3 0xfffffeeb
core   0: 0x8000e2b2 (0x03c3d0b3) divu    ra, t2, t3
core   0: 3 0x8000e2b2 (0x03c3d0b3) x 1 0x00000000
core   0: 0x8000e2b6 (0x0000980e) c.add   a6, gp
core   0: 3 0x8000e2b6 (0x980e) x16 0x6146cc75
core   0: 0x8000e2b8 (0xddf02193) slti    gp, zero, -545
core   0: 3 0x8000e2b8 (0xddf02193) x 3 0x00000000
core   0: 0x8000e2bc (0x0175dd93) srli    s11, a1, 23
core   0: 3 0x8000e2bc (0x0175dd93) x27 0x000001ff
core   0: 0x8000e2c0 (0x01152433) slt     s0, a0, a7
core   0: 3 0x8000e2c0 (0x01152433) x 8 0x00000000
core   0: 0x8000e2c4 (0x033492b3) mulh    t0, s1, s3
core   0: 3 0x8000e2c4 (0x033492b3) x 5 0x00000000
core   0: 0x8000e2c8 (0x00000d4a) c.slli  s10, 18
core   0: 3 0x8000e2c8 (0x0d4a) x26 0x40000000
core   0: 0x8000e2ca (0x0328a833) mulhsu  a6, a7, s2
core   0: 3 0x8000e2ca (0x0328a833) x16 0xffffffff
core   0: 0x8000e2ce (0xfe5aa313) slti    t1, s5, -27
core   0: 3 0x8000e2ce (0xfe5aa313) x 6 0x00000000
core   0: 0x8000e2d2 (0x4088d093) srai    ra, a7, 8
core   0: 3 0x8000e2d2 (0x4088d093) x 1 0xffffffff
core   0: 0x8000e2d6 (0x109ebd13) sltiu   s10, t4, 265
core   0: 3 0x8000e2d6 (0x109ebd13) x26 0x00000001
core   0: 0x8000e2da (0x00391e33) sll     t3, s2, gp
core   0: 3 0x8000e2da (0x00391e33) x28 0x81ce79b0
core   0: 0x8000e2de (0xc0108713) addi    a4, ra, -1023
core   0: 3 0x8000e2de (0xc0108713) x14 0xfffffc00
core   0: 0x8000e2e2 (0x00009b7d) c.andi  a4, -1
core   0: 3 0x8000e2e2 (0x9b7d) x14 0xfffffc00
core   0: 0x8000e2e4 (0x00000a80) c.addi4spn s0, sp, 336
core   0: 3 0x8000e2e4 (0x0a80) x 8 0x00000150
core   0: 0x8000e2e6 (0x010a94b3) sll     s1, s5, a6
core   0: 3 0x8000e2e6 (0x010a94b3) x 9 0x80000000
core   0: 0x8000e2ea (0x029f8863) beq     t6, s1, pc + 48
core   0: 3 0x8000e2ea (0x029f8863)
core   0: 0x8000e2ee (0x1dfebf93) sltiu   t6, t4, 479
core   0: 3 0x8000e2ee (0x1dfebf93) x31 0x00000001
core   0: 0x8000e2f2 (0x89aee913) ori     s2, t4, -1894
core   0: 3 0x8000e2f2 (0x89aee913) x18 0xfffff89a
core   0: 0x8000e2f6 (0x03847fb3) remu    t6, s0, s8
core   0: 3 0x8000e2f6 (0x03847fb3) x31 0x00000150
core   0: 0x8000e2fa (0x4f913c93) sltiu   s9, sp, 1273
core   0: 3 0x8000e2fa (0x4f913c93) x25 0x00000001
core   0: 0x8000e2fe (0x40c85393) srai    t2, a6, 12
core   0: 3 0x8000e2fe (0x40c85393) x 7 0xffffffff
core   0: 0x8000e302 (0x0324a333) mulhsu  t1, s1, s2
core   0: 3 0x8000e302 (0x0324a333) x 6 0x800003b3
core   0: 0x8000e306 (0xc65bbf13) sltiu   t5, s7, -923
core   0: 3 0x8000e306 (0xc65bbf13) x30 0x00000001
core   0: 0x8000e30a (0x025cdfb3) divu    t6, s9, t0
core   0: 3 0x8000e30a (0x025cdfb3) x31 0xffffffff
core   0: 0x8000e30e (0x04576263) bltu    a4, t0, pc + 68
core   0: 3 0x8000e30e (0x04576263)
core   0: 0x8000e312 (0x01cf5f93) srli    t6, t5, 28
core   0: 3 0x8000e312 (0x01cf5f93) x31 0x00000000
core   0: 0x8000e316 (0x41085333) sra     t1, a6, a6
core   0: 3 0x8000e316 (0x41085333) x 6 0xffffffff
core   0: 0x8000e31a (0x00400b63) beq     zero, tp, pc + 22
core   0: 3 0x8000e31a (0x00400b63)
core   0: 0x8000e31e (0x01fad113) srli    sp, s5, 31
core   0: 3 0x8000e31e (0x01fad113) x 2 0x00000000
core   0: 0x8000e322 (0x03be9f33) mulh    t5, t4, s11
core   0: 3 0x8000e322 (0x03be9f33) x30 0x00000000
core   0: 0x8000e326 (0x020abe33) mulhu   t3, s5, zero
core   0: 3 0x8000e326 (0x020abe33) x28 0x00000000
core   0: 0x8000e32a (0x0000c989) c.beqz  a1, pc + 18
core   0: 3 0x8000e32a (0xc989)
core   0: 0x8000e32c (0x00a41e13) slli    t3, s0, 10
core   0: 3 0x8000e32c (0x00a41e13) x28 0x00054000
core   0: 0x8000e330 (0x00435763) bge     t1, tp, pc + 14
core   0: 3 0x8000e330 (0x00435763)
core   0: 0x8000e334 (0x408e5233) sra     tp, t3, s0
core   0: 3 0x8000e334 (0x408e5233) x 4 0x00000005
core   0: 0x8000e338 (0x000081d9) c.srli  a1, 22
core   0: 3 0x8000e338 (0x81d9) x11 0x000003ff
core   0: 0x8000e33a (0x0000cb0d) c.beqz  a4, pc + 50
core   0: 3 0x8000e33a (0xcb0d)
core   0: 0x8000e33c (0x00008dc5) c.or    a1, s1
core   0: 3 0x8000e33c (0x8dc5) x11 0x800003ff
core   0: 0x8000e33e (0x00006105) c.addi16sp sp, 32
core   0: 3 0x8000e33e (0x6105) x 2 0x00000020
core   0: 0x8000e340 (0x00000ae1) c.addi  s5, 24
core   0: 3 0x8000e340 (0x0ae1) x21 0x0046818f
core   0: 0x8000e342 (0x01e75c93) srli    s9, a4, 30
core   0: 3 0x8000e342 (0x01e75c93) x25 0x00000003
core   0: 0x8000e346 (0x024720b3) mulhsu  ra, a4, tp
core   0: 3 0x8000e346 (0x024720b3) x 1 0xffffffff
core   0: 0x8000e34a (0x1a9c8493) addi    s1, s9, 425
core   0: 3 0x8000e34a (0x1a9c8493) x 9 0x000001ac
core   0: 0x8000e34e (0xd3b6e493) ori     s1, a3, -709
core   0: 3 0x8000e34e (0xd3b6e493) x 9 0xfffffd3b
core   0: 0x8000e352 (0x00000fa5) c.addi  t6, 9
core   0: 3 0x8000e352 (0x0fa5) x31 0x00000009
core   0: 0x8000e354 (0xc4443e17) auipc   t3, 0xc4443
core   0: 3 0x8000e354 (0xc4443e17) x28 0x44451354
core   0: 0x8000e358 (0x00000aba) c.slli  s5, 14
core   0: 3 0x8000e358 (0x0aba) x21 0xa063c000
core   0: 0x8000e35a (0x0000eafd) c.bnez  a3, pc + 246
core   0: 3 0x8000e35a (0xeafd)
core   0: 0x8000e450 (0x01b3cf33) xor     t5, t2, s11
core   0: 3 0x8000e450 (0x01b3cf33) x30 0xfffffe00
core   0: 0x8000e454 (0x00008f49) c.or    a4, a0
core   0: 3 0x8000e454 (0x8f49) x14 0xfffffeea
core   0: 0x8000e456 (0xbaca7b97) auipc   s7, 0xbaca7
core   0: 3 0x8000e456 (0xbaca7b97) x23 0x3acb5456
core   0: 0x8000e45a (0x02f97c33) remu    s8, s2, a5
core   0: 3 0x8000e45a (0x02f97c33) x24 0x7ffd9a76
core   0: 0x8000e45e (0x001ca033) slt     zero, s9, ra
core   0: 3 0x8000e45e (0x001ca033)
core   0: 0x8000e462 (0x00008ef1) c.and   a3, a2
core   0: 3 0x8000e462 (0x8ef1) x13 0x00000000
core   0: 0x8000e464 (0x00000001) c.nop
core   0: 3 0x8000e464 (0x0001)
core   0: 0x8000e466 (0x0000983a) c.add   a6, a4
core   0: 3 0x8000e466 (0x983a) x16 0xfffffee9
core   0: 0x8000e468 (0x40b0d413) srai    s0, ra, 11
core   0: 3 0x8000e468 (0x40b0d413) x 8 0xffffffff
core   0: 0x8000e46c (0x0000100f) fence.i
core   0: 3 0x8000e46c (0x0000100f)
core   0: 0x8000e470 (0x01fa2db3) slt     s11, s4, t6
core   0: 3 0x8000e470 (0x01fa2db3) x27 0x00000000
core   0: 0x8000e474 (0x0000940e) c.add   s0, gp
core   0: 3 0x8000e474 (0x940e) x 8 0xffffffff
core   0: 0x8000e476 (0x04989063) bne     a7, s1, pc + 64
core   0: 3 0x8000e476 (0x04989063)
core   0: 0x8000e4b6 (0x00008f71) c.and   a4, a2
core   0: 3 0x8000e4b6 (0x8f71) x14 0x80029ce0
core   0: 0x8000e4b8 (0x03dedb63) bge     t4, t4, pc + 54
core   0: 3 0x8000e4b8 (0x03dedb63)
core   0: 0x8000e4ee (0x00000c04) c.addi4spn s1, sp, 528
core   0: 3 0x8000e4ee (0x0c04) x 9 0x00000230
core   0: 0x8000e4f0 (0x992be597) auipc   a1, 0x992be
core   0: 3 0x8000e4f0 (0x992be597) x11 0x192cc4f0
core   0: 0x8000e4f4 (0x000018fd) c.addi  a7, -1
core   0: 3 0x8000e4f4 (0x18fd) x17 0xfffffffe
core   0: 0x8000e4f6 (0x40fb0733) sub     a4, s6, a5
core   0: 3 0x8000e4f6 (0x40fb0733) x14 0xd321c44c
core   0: 0x8000e4fa (0x00008f5d) c.or    a4, a5
core   0: 3 0x8000e4fa (0x8f5d) x14 0xd323de6c
core   0: 0x8000e4fc (0x00b11c93) slli    s9, sp, 11
core   0: 3 0x8000e4fc (0x00b11c93) x25 0x00010000
core   0: 0x8000e500 (0x404cd113) srai    sp, s9, 4
core   0: 3 0x8000e500 (0x404cd113) x 2 0x00001000
core   0: 0x8000e504 (0x8a8c8d13) addi    s10, s9, -1880
core   0: 3 0x8000e504 (0x8a8c8d13) x26 0x0000f8a8
core   0: 0x8000e508 (0xac4f6893) ori     a7, t5, -1340
core   0: 3 0x8000e508 (0xac4f6893) x17 0xfffffec4
core   0: 0x8000e50c (0x00635713) srli    a4, t1, 6
core   0: 3 0x8000e50c (0x00635713) x14 0x03ffffff
core   0: 0x8000e510 (0x00f332b3) sltu    t0, t1, a5
core   0: 3 0x8000e510 (0x00f332b3) x 5 0x00000000
core   0: 0x8000e514 (0x00008b61) c.andi  a4, 24
core   0: 3 0x8000e514 (0x8b61) x14 0x00000018
core   0: 0x8000e516 (0x0000614d) c.addi16sp sp, 176
core   0: 3 0x8000e516 (0x614d) x 2 0x000010b0
core   0: 0x8000e518 (0x414c5f93) srai    t6, s8, 20
core   0: 3 0x8000e518 (0x414c5f93) x31 0x000007ff
core   0: 0x8000e51c (0x00008d61) c.and   a0, s0
core   0: 3 0x8000e51c (0x8d61) x10 0x7ffe9aea
core   0: 0x8000e51e (0x029736b3) mulhu   a3, a4, s1
core   0: 3 0x8000e51e (0x029736b3) x13 0x00000000
core   0: 0x8000e522 (0x00b212b3) sll     t0, tp, a1
core   0: 3 0x8000e522 (0x00b212b3) x 5 0x00050000
core   0: 0x8000e526 (0x00008d41) c.or    a0, s0
core   0: 3 0x8000e526 (0x8d41) x10 0xffffffff
core   0: 0x8000e528 (0xe5ee4193) xori    gp, t3, -418
core   0: 3 0x8000e528 (0xe5ee4193) x 3 0xbbbaed0a
core   0: 0x8000e52c (0x41b25913) srai    s2, tp, 27
core   0: 3 0x8000e52c (0x41b25913) x18 0x00000000
core   0: 0x8000e530 (0x02de28b3) mulhsu  a7, t3, a3
core   0: 3 0x8000e530 (0x02de28b3) x17 0x00000000
core   0: 0x8000e534 (0x00950cb3) add     s9, a0, s1
core   0: 3 0x8000e534 (0x00950cb3) x25 0x0000022f
core   0: 0x8000e538 (0x00008951) c.andi  a0, 20
core   0: 3 0x8000e538 (0x8951) x10 0x00000014
core   0: 0x8000e53a (0x0ff0000f) fence   iorw,iorw
core   0: 3 0x8000e53a (0x0ff0000f)
core   0: 0x8000e53e (0x401bd433) sra     s0, s7, ra
core   0: 3 0x8000e53e (0x401bd433) x 8 0x00000000
core   0: 0x8000e542 (0x01785d33) srl     s10, a6, s7
core   0: 3 0x8000e542 (0x01785d33) x26 0x000003ff
core   0: 0x8000e546 (0x00009c9a) c.add   s9, t1
core   0: 3 0x8000e546 (0x9c9a) x25 0x0000022e
core   0: 0x8000e548 (0x4192d933) sra     s2, t0, s9
core   0: 3 0x8000e548 (0x4192d933) x18 0x00000014
core   0: 0x8000e54c (0x01c77433) and     s0, a4, t3
core   0: 3 0x8000e54c (0x01c77433) x 8 0x00000010
core   0: 0x8000e550 (0x81a27093) andi    ra, tp, -2022
core   0: 3 0x8000e550 (0x81a27093) x 1 0x00000000
core   0: 0x8000e554 (0x0000717d) c.addi16sp sp, -16
core   0: 3 0x8000e554 (0x717d) x 2 0x000010a0
core   0: 0x8000e556 (0xe5e1ff93) andi    t6, gp, -418
core   0: 3 0x8000e556 (0xe5e1ff93) x31 0xbbbaec0a
core   0: 0x8000e55a (0x01ec9313) slli    t1, s9, 30
core   0: 3 0x8000e55a (0x01ec9313) x 6 0x80000000
core   0: 0x8000e55e (0x0372ca33) div     s4, t0, s7
core   0: 3 0x8000e55e (0x0372ca33) x20 0x00000000
core   0: 0x8000e562 (0xf4ec9c37) lui     s8, 0xf4ec9
core   0: 3 0x8000e562 (0xf4ec9c37) x24 0xf4ec9000
core   0: 0x8000e566 (0x00008b2a) c.mv    s6, a0
core   0: 3 0x8000e566 (0x8b2a) x22 0x00000014
core   0: 0x8000e568 (0x8d0ab213) sltiu   tp, s5, -1840
core   0: 3 0x8000e568 (0x8d0ab213) x 4 0x00000001
core   0: 0x8000e56c (0x40d68ab3) sub     s5, a3, a3
core   0: 3 0x8000e56c (0x40d68ab3) x21 0x00000000
core   0: 0x8000e570 (0xd78eba93) sltiu   s5, t4, -648
core   0: 3 0x8000e570 (0xd78eba93) x21 0x00000001
core   0: 0x8000e574 (0x0213ab33) mulhsu  s6, t2, ra
core   0: 3 0x8000e574 (0x0213ab33) x22 0x00000000
core   0: 0x8000e578 (0x00001618) c.addi4spn a4, sp, 800
core   0: 3 0x8000e578 (0x1618) x14 0x000013c0
core   0: 0x8000e57a (0x02e1f463) bgeu    gp, a4, pc + 40
core   0: 3 0x8000e57a (0x02e1f463)
core   0: 0x8000e5a2 (0x02e43fb3) mulhu   t6, s0, a4
core   0: 3 0x8000e5a2 (0x02e43fb3) x31 0x00000000
core   0: 0x8000e5a6 (0x00009c7a) c.add   s8, t5
core   0: 3 0x8000e5a6 (0x9c7a) x24 0xf4ec8e00
core   0: 0x8000e5a8 (0x00004325) c.li    t1, 9
core   0: 3 0x8000e5a8 (0x4325) x 6 0x00000009
core   0: 0x8000e5aa (0x00008479) c.srai  s0, 30
core   0: 3 0x8000e5aa (0x8479) x 8 0x00000000
core   0: 0x8000e5ac (0x00000001) c.nop
core   0: 3 0x8000e5ac (0x0001)
core   0: 0x8000e5ae (0x010c2d33) slt     s10, s8, a6
core   0: 3 0x8000e5ae (0x010c2d33) x26 0x00000001
core   0: 0x8000e5b2 (0x00743933) sltu    s2, s0, t2
core   0: 3 0x8000e5b2 (0x00743933) x18 0x00000001
core   0: 0x8000e5b6 (0x0000e1b1) c.bnez  a1, pc + 68
core   0: 3 0x8000e5b6 (0xe1b1)
core   0: 0x8000e5fa (0x02f96f33) rem     t5, s2, a5
core   0: 3 0x8000e5fa (0x02f96f33) x30 0x00000001
core   0: 0x8000e5fe (0x7279f193) andi    gp, s3, 1831
core   0: 3 0x8000e5fe (0x7279f193) x 3 0x00000000
core   0: 0x8000e602 (0x0000c289) c.beqz  a3, pc + 2
core   0: 3 0x8000e602 (0xc289)
core   0: 0x8000e604 (0x05344163) blt     s0, s3, pc + 66
core   0: 3 0x8000e604 (0x05344163)
core   0: 0x8000e608 (0x00ca4a63) blt     s4, a2, pc + 20
core   0: 3 0x8000e608 (0x00ca4a63)
core   0: 0x8000e60c (0x00008f1d) c.sub   a4, a5
core   0: 3 0x8000e60c (0x8f1d) x14 0x7ffdb59c
core   0: 0x8000e60e (0x005b8033) add     zero, s7, t0
core   0: 3 0x8000e60e (0x005b8033)
core   0: 0x8000e612 (0x00008ddd) c.or    a1, a5
core   0: 3 0x8000e612 (0x8ddd) x11 0x992edef4
core   0: 0x8000e614 (0x04364463) blt     a2, gp, pc + 72
core   0: 3 0x8000e614 (0x04364463)
core   0: 0x8000e65c (0x6e94c593) xori    a1, s1, 1769
core   0: 3 0x8000e65c (0x6e94c593) x11 0x000004d9
core   0: 0x8000e660 (0x001bc533) xor     a0, s7, ra
core   0: 3 0x8000e660 (0x001bc533) x10 0x3acb5456
core   0: 0x8000e664 (0x00f49893) slli    a7, s1, 15
core   0: 3 0x8000e664 (0x00f49893) x17 0x01180000
core   0: 0x8000e668 (0x00008f41) c.or    a4, s0
core   0: 3 0x8000e668 (0x8f41) x14 0x7ffdb59c
core   0: 0x8000e66a (0x032c50b3) divu    ra, s8, s2
core   0: 3 0x8000e66a (0x032c50b3) x 1 0xf4ec8e00
core   0: 0x8000e66e (0x02df9d33) mulh    s10, t6, a3
core   0: 3 0x8000e66e (0x02df9d33) x26 0x00000000
core   0: 0x8000e672 (0x00145313) srli    t1, s0, 1
core   0: 3 0x8000e672 (0x00145313) x 6 0x00000000
core   0: 0x8000e676 (0x41b8d093) srai    ra, a7, 27
core   0: 3 0x8000e676 (0x41b8d093) x 1 0x00000000
core   0: 0x8000e67a (0x41375233) sra     tp, a4, s3
core   0: 3 0x8000e67a (0x41375233) x 4 0x7ffdb59c
core   0: 0x8000e67e (0x014465b3) or      a1, s0, s4
core   0: 3 0x8000e67e (0x014465b3) x11 0x00000000
core   0: 0x8000e682 (0x47fcad13) slti    s10, s9, 1151
core   0: 3 0x8000e682 (0x47fcad13) x26 0x00000001
core   0: 0x8000e686 (0x02ffbbb3) mulhu   s7, t6, a5
core   0: 3 0x8000e686 (0x02ffbbb3) x23 0x00000000
core   0: 0x8000e68a (0x000090f6) c.add   ra, t4
core   0: 3 0x8000e68a (0x90f6) x 1 0x00000000
core   0: 0x8000e68c (0x00ff65b3) or      a1, t5, a5
core   0: 3 0x8000e68c (0x00ff65b3) x11 0x80025e25
core   0: 0x8000e690 (0x0000876e) c.mv    a4, s11
core   0: 3 0x8000e690 (0x876e) x14 0x00000000
core   0: 0x8000e692 (0x03648cb3) mul     s9, s1, s6
core   0: 3 0x8000e692 (0x03648cb3) x25 0x00000000
core   0: 0x8000e696 (0x023cc033) div     zero, s9, gp
core   0: 3 0x8000e696 (0x023cc033)
core   0: 0x8000e69a (0x013b9c13) slli    s8, s7, 19
core   0: 3 0x8000e69a (0x013b9c13) x24 0x00000000
core   0: 0x8000e69e (0x00777a63) bgeu    a4, t2, pc + 20
core   0: 3 0x8000e69e (0x00777a63)
core   0: 0x8000e6a2 (0x00008725) c.srai  a4, 9
core   0: 3 0x8000e6a2 (0x8725) x14 0x00000000
core   0: 0x8000e6a4 (0x001d6d63) bltu    s10, ra, pc + 26
core   0: 3 0x8000e6a4 (0x001d6d63)
core   0: 0x8000e6a8 (0x00000a7e) c.slli  s4, 31
core   0: 3 0x8000e6a8 (0x0a7e) x20 0x00000000
core   0: 0x8000e6aa (0x417a5fb3) sra     t6, s4, s7
core   0: 3 0x8000e6aa (0x417a5fb3) x31 0x00000000
core   0: 0x8000e6ae (0x0113cf63) blt     t2, a7, pc + 30
core   0: 3 0x8000e6ae (0x0113cf63)
core   0: 0x8000e6cc (0x0000616d) c.addi16sp sp, 240
core   0: 3 0x8000e6cc (0x616d) x 2 0x00001190
core   0: 0x8000e6ce (0x03bff463) bgeu    t6, s11, pc + 40
core   0: 3 0x8000e6ce (0x03bff463)
core   0: 0x8000e6f6 (0x004921b3) slt     gp, s2, tp
core   0: 3 0x8000e6f6 (0x004921b3) x 3 0x00000001
core   0: 0x8000e6fa (0x010e0cb3) add     s9, t3, a6
core   0: 3 0x8000e6fa (0x010e0cb3) x25 0x4445123d
core   0: 0x8000e6fe (0x03fb7963) bgeu    s6, t6, pc + 50
core   0: 3 0x8000e6fe (0x03fb7963)
core   0: 0x8000e730 (0x00008f9e) c.mv    t6, t2
core   0: 3 0x8000e730 (0x8f9e) x31 0xffffffff
core   0: 0x8000e732 (0x000086f1) c.srai  a3, 28
core   0: 3 0x8000e732 (0x86f1) x13 0x00000000
core   0: 0x8000e734 (0x02379733) mulh    a4, a5, gp
core   0: 3 0x8000e734 (0x02379733) x14 0xffffffff
core   0: 0x8000e738 (0x01654263) blt     a0, s6, pc + 4
core   0: 3 0x8000e738 (0x01654263)
core   0: 0x8000e73c (0x01cdda33) srl     s4, s11, t3
core   0: 3 0x8000e73c (0x01cdda33) x20 0x00000000
core   0: 0x8000e740 (0x0573f163) bgeu    t2, s7, pc + 66
core   0: 3 0x8000e740 (0x0573f163)
core   0: 0x8000e782 (0x028cfe63) bgeu    s9, s0, pc + 60
core   0: 3 0x8000e782 (0x028cfe63)
core   0: 0x8000e7be (0x00006545) c.lui   a0, 0x11
core   0: 3 0x8000e7be (0x6545) x10 0x00011000
core   0: 0x8000e7c0 (0x00008c39) c.xor   s0, a4
core   0: 3 0x8000e7c0 (0x8c39) x 8 0xffffffff
core   0: 0x8000e7c2 (0x037056b3) divu    a3, zero, s7
core   0: 3 0x8000e7c2 (0x037056b3) x13 0xffffffff
core   0: 0x8000e7c6 (0xd7befd13) andi    s10, t4, -645
core   0: 3 0x8000e7c6 (0xd7befd13) x26 0x00000000
core   0: 0x8000e7ca (0x00008d9d) c.sub   a1, a5
core   0: 3 0x8000e7ca (0x8d9d) x11 0x00000001
core   0: 0x8000e7cc (0x000085b5) c.srai  a1, 13
core   0: 3 0x8000e7cc (0x85b5) x11 0x00000000
core   0: 0x8000e7ce (0x0000100f) fence.i
core   0: 3 0x8000e7ce (0x0000100f)
core   0: 0x8000e7d2 (0x01a17963) bgeu    sp, s10, pc + 18
core   0: 3 0x8000e7d2 (0x01a17963)
core   0: 0x8000e7e4 (0x0000c919) c.beqz  a0, pc + 22
core   0: 3 0x8000e7e4 (0xc919)
core   0: 0x8000e7e6 (0x0f7eb1b7) lui     gp, 0xf7eb
core   0: 3 0x8000e7e6 (0x0f7eb1b7) x 3 0x0f7eb000
core   0: 0x8000e7ea (0x005ecf33) xor     t5, t4, t0
core   0: 3 0x8000e7ea (0x005ecf33) x30 0x00050000
core   0: 0x8000e7ee (0x40d8d433) sra     s0, a7, a3
core   0: 3 0x8000e7ee (0x40d8d433) x 8 0x00000000
core   0: 0x8000e7f2 (0x209cc213) xori    tp, s9, 521
core   0: 3 0x8000e7f2 (0x209cc213) x 4 0x44451034
core   0: 0x8000e7f6 (0x2704bb13) sltiu   s6, s1, 624
core   0: 3 0x8000e7f6 (0x2704bb13) x22 0x00000001
core   0: 0x8000e7fa (0x000080e9) c.srli  s1, 26
core   0: 3 0x8000e7fa (0x80e9) x 9 0x00000000
core   0: 0x8000e7fc (0x370294b7) lui     s1, 0x37029
core   0: 3 0x8000e7fc (0x370294b7) x 9 0x37029000
core   0: 0x8000e800 (0x01003d33) snez    s10, a6
core   0: 3 0x8000e800 (0x01003d33) x26 0x00000001
core   0: 0x8000e804 (0x00008f59) c.or    a4, a4
core   0: 3 0x8000e804 (0x8f59) x14 0xffffffff
core   0: 0x8000e806 (0x00900a33) add     s4, zero, s1
core   0: 3 0x8000e806 (0x00900a33) x20 0x37029000
core   0: 0x8000e80a (0x0131b733) sltu    a4, gp, s3
core   0: 3 0x8000e80a (0x0131b733) x14 0x00000000
core   0: 0x8000e80e (0x0000e331) c.bnez  a4, pc + 68
core   0: 3 0x8000e80e (0xe331)
core   0: 0x8000e810 (0x03489433) mulh    s0, a7, s4
core   0: 3 0x8000e810 (0x03489433) x 8 0x003c2acd
core   0: 0x8000e814 (0x0076d413) srli    s0, a3, 7
core   0: 3 0x8000e814 (0x0076d413) x 8 0x01ffffff
core   0: 0x8000e818 (0x000081a1) c.srli  a1, 8
core   0: 3 0x8000e818 (0x81a1) x11 0x00000000
core   0: 0x8000e81a (0x4159d8b3) sra     a7, s3, s5
core   0: 3 0x8000e81a (0x4159d8b3) x17 0x00000000
core   0: 0x8000e81e (0xe03acfb7) lui     t6, 0xe03ac
core   0: 3 0x8000e81e (0xe03acfb7) x31 0xe03ac000
core   0: 0x8000e822 (0x0064c733) xor     a4, s1, t1
core   0: 3 0x8000e822 (0x0064c733) x14 0x37029000
core   0: 0x8000e826 (0x024c1563) bne     s8, tp, pc + 42
core   0: 3 0x8000e826 (0x024c1563)
core   0: 0x8000e850 (0x00009406) c.add   s0, ra
core   0: 3 0x8000e850 (0x9406) x 8 0x01ffffff
core   0: 0x8000e852 (0x00008f69) c.and   a4, a0
core   0: 3 0x8000e852 (0x8f69) x14 0x00001000
core   0: 0x8000e854 (0x0000100f) fence.i
core   0: 3 0x8000e854 (0x0000100f)
core   0: 0x8000e858 (0x01028033) add     zero, t0, a6
core   0: 3 0x8000e858 (0x01028033)
core   0: 0x8000e85c (0x039daa33) mulhsu  s4, s11, s9
core   0: 3 0x8000e85c (0x039daa33) x20 0x00000000
core   0: 0x8000e860 (0x00009f5a) c.add   t5, s6
core   0: 3 0x8000e860 (0x9f5a) x30 0x00050001
core   0: 0x8000e862 (0x0016a533) slt     a0, a3, ra
core   0: 3 0x8000e862 (0x0016a533) x10 0x00000001
core   0: 0x8000e866 (0x00000500) c.addi4spn s0, sp, 640
core   0: 3 0x8000e866 (0x0500) x 8 0x00001410
core   0: 0x8000e868 (0x00004a39) c.li    s4, 14
core   0: 3 0x8000e868 (0x4a39) x20 0x0000000e
core   0: 0x8000e86a (0x01151113) slli    sp, a0, 17
core   0: 3 0x8000e86a (0x01151113) x 2 0x00020000
core   0: 0x8000e86e (0x001a8a63) beq     s5, ra, pc + 20
core   0: 3 0x8000e86e (0x001a8a63)
core   0: 0x8000e872 (0x035c62b3) rem     t0, s8, s5
core   0: 3 0x8000e872 (0x035c62b3) x 5 0x00000000
core   0: 0x8000e876 (0x008986b3) add     a3, s3, s0
core   0: 3 0x8000e876 (0x008986b3) x13 0x00001410
core   0: 0x8000e87a (0x0000ca95) c.beqz  a3, pc + 52
core   0: 3 0x8000e87a (0xca95)
core   0: 0x8000e87c (0x00afe863) bltu    t6, a0, pc + 16
core   0: 3 0x8000e87c (0x00afe863)
core   0: 0x8000e880 (0x00008f05) c.sub   a4, s1
core   0: 3 0x8000e880 (0x8f05) x14 0xc8fd8000
core   0: 0x8000e882 (0x02c40d63) beq     s0, a2, pc + 58
core   0: 3 0x8000e882 (0x02c40d63)
core   0: 0x8000e886 (0x0196f6b3) and     a3, a3, s9
core   0: 3 0x8000e886 (0x0196f6b3) x13 0x00001010
core   0: 0x8000e88a (0x00008f01) c.sub   a4, s0
core   0: 3 0x8000e88a (0x8f01) x14 0xc8fd6bf0
core   0: 0x8000e88c (0x00008dc1) c.or    a1, s0
core   0: 3 0x8000e88c (0x8dc1) x11 0x00001410
core   0: 0x8000e88e (0x0000ca85) c.beqz  a3, pc + 48
core   0: 3 0x8000e88e (0xca85)
core   0: 0x8000e890 (0x01c02933) slt     s2, zero, t3
core   0: 3 0x8000e890 (0x01c02933) x18 0x00000001
core   0: 0x8000e894 (0x0000009d) c.addi  ra, 7
core   0: 3 0x8000e894 (0x009d) x 1 0x00000007
core   0: 0x8000e896 (0xa5124213) xori    tp, tp, -1455
core   0: 3 0x8000e896 (0xa5124213) x 4 0xbbbaea65
core   0: 0x8000e89a (0x00006cdd) c.lui   s9, 0x17
core   0: 3 0x8000e89a (0x6cdd) x25 0x00017000
core   0: 0x8000e89c (0x00008d85) c.sub   a1, s1
core   0: 3 0x8000e89c (0x8d85) x11 0xc8fd8410
core   0: 0x8000e89e (0x03978a33) mul     s4, a5, s9
core   0: 3 0x8000e89e (0x03978a33) x20 0x6753c000
core   0: 0x8000e8a2 (0x01f9f2b3) and     t0, s3, t6
core   0: 3 0x8000e8a2 (0x01f9f2b3) x 5 0x00000000
core   0: 0x8000e8a6 (0x000063e1) c.lui   t2, 0x18
core   0: 3 0x8000e8a6 (0x63e1) x 7 0x00018000
core   0: 0x8000e8a8 (0x00005a7d) c.li    s4, -1
core   0: 3 0x8000e8a8 (0x5a7d) x20 0xffffffff
core   0: 0x8000e8aa (0x02063f33) mulhu   t5, a2, zero
core   0: 3 0x8000e8aa (0x02063f33) x30 0x00000000
core   0: 0x8000e8ae (0x0260a533) mulhsu  a0, ra, t1
core   0: 3 0x8000e8ae (0x0260a533) x10 0x00000000
core   0: 0x8000e8b2 (0x000081d1) c.srli  a1, 20
core   0: 3 0x8000e8b2 (0x81d1) x11 0x00000c8f
core   0: 0x8000e8b4 (0x007f2933) slt     s2, t5, t2
core   0: 3 0x8000e8b4 (0x007f2933) x18 0x00000001
core   0: 0x8000e8b8 (0x01fca533) slt     a0, s9, t6
core   0: 3 0x8000e8b8 (0x01fca533) x10 0x00000000
core   0: 0x8000e8bc (0x000083da) c.mv    t2, s6
core   0: 3 0x8000e8bc (0x83da) x 7 0x00000001
core   0: 0x8000e8be (0x00c4df33) srl     t5, s1, a2
core   0: 3 0x8000e8be (0x00c4df33) x30 0x03702900
core   0: 0x8000e8c2 (0x00008139) c.srli  a0, 14
core   0: 3 0x8000e8c2 (0x8139) x10 0x00000000
core   0: 0x8000e8c4 (0x021a5b33) divu    s6, s4, ra
core   0: 3 0x8000e8c4 (0x021a5b33) x22 0x24924924
core   0: 0x8000e8c8 (0xbd0cec13) ori     s8, s9, -1072
core   0: 3 0x8000e8c8 (0xbd0cec13) x24 0xfffffbd0
core   0: 0x8000e8cc (0xa6d28593) addi    a1, t0, -1427
core   0: 3 0x8000e8cc (0xa6d28593) x11 0xfffffa6d
core   0: 0x8000e8d0 (0x026fb4b3) mulhu   s1, t6, t1
core   0: 3 0x8000e8d0 (0x026fb4b3) x 9 0x00000000
core   0: 0x8000e8d4 (0x41df5a93) srai    s5, t5, 29
core   0: 3 0x8000e8d4 (0x41df5a93) x21 0x00000000
core   0: 0x8000e8d8 (0x03caea63) bltu    s5, t3, pc + 52
core   0: 3 0x8000e8d8 (0x03caea63)
core   0: 0x8000e90c (0x0165cc63) blt     a1, s6, pc + 24
core   0: 3 0x8000e90c (0x0165cc63)
core   0: 0x8000e924 (0x0000e11d) c.bnez  a0, pc + 38
core   0: 3 0x8000e924 (0xe11d)
core   0: 0x8000e926 (0x70bfaf13) slti    t5, t6, 1803
core   0: 3 0x8000e926 (0x70bfaf13) x30 0x00000001
core   0: 0x8000e92a (0x0120e863) bltu    ra, s2, pc + 16
core   0: 3 0x8000e92a (0x0120e863)
core   0: 0x8000e92e (0x00006d19) c.lui   s10, 0x6
core   0: 3 0x8000e92e (0x6d19) x26 0x00006000
core   0: 0x8000e930 (0x030e1a33) mulh    s4, t3, a6
core   0: 3 0x8000e930 (0x030e1a33) x20 0xffffffb5
core   0: 0x8000e934 (0x00000001) c.nop
core   0: 3 0x8000e934 (0x0001)
core   0: 0x8000e936 (0x00004761) c.li    a4, 24
core   0: 3 0x8000e936 (0x4761) x14 0x00000018
core   0: 0x8000e938 (0x000082a9) c.srli  a3, 10
core   0: 3 0x8000e938 (0x82a9) x13 0x00000004
core   0: 0x8000e93a (0x03edbfb3) mulhu   t6, s11, t5
core   0: 3 0x8000e93a (0x03edbfb3) x31 0x00000000
core   0: 0x8000e93e (0x2030cc13) xori    s8, ra, 515
core   0: 3 0x8000e93e (0x2030cc13) x24 0x00000204
core   0: 0x8000e942 (0x03d40933) mul     s2, s0, t4
core   0: 3 0x8000e942 (0x03d40933) x18 0x00000000
core   0: 0x8000e946 (0x03950363) beq     a0, s9, pc + 38
core   0: 3 0x8000e946 (0x03950363)
core   0: 0x8000e94a (0x004b7c33) and     s8, s6, tp
core   0: 3 0x8000e94a (0x004b7c33) x24 0x20924824
core   0: 0x8000e94e (0x02631133) mulh    sp, t1, t1
core   0: 3 0x8000e94e (0x02631133) x 2 0x00000000
core   0: 0x8000e952 (0x220aed13) ori     s10, s5, 544
core   0: 3 0x8000e952 (0x220aed13) x26 0x00000220
core   0: 0x8000e956 (0x0ff0000f) fence   iorw,iorw
core   0: 3 0x8000e956 (0x0ff0000f)
core   0: 0x8000e95a (0x0000e985) c.bnez  a1, pc + 48
core   0: 3 0x8000e95a (0xe985)
core   0: 0x8000e98a (0xc2727f13) andi    t5, tp, -985
core   0: 3 0x8000e98a (0xc2727f13) x30 0xbbbae825
core   0: 0x8000e98e (0x0000823e) c.mv    tp, a5
core   0: 3 0x8000e98e (0x823e) x 4 0x80025e24
core   0: 0x8000e990 (0x000000e9) c.addi  ra, 26
core   0: 3 0x8000e990 (0x00e9) x 1 0x00000021
core   0: 0x8000e992 (0x0ff0000f) fence   iorw,iorw
core   0: 3 0x8000e992 (0x0ff0000f)
core   0: 0x8000e996 (0x01fee6b3) or      a3, t4, t6
core   0: 3 0x8000e996 (0x01fee6b3) x13 0x00000000
core   0: 0x8000e99a (0x011779b3) and     s3, a4, a7
core   0: 3 0x8000e99a (0x011779b3) x19 0x00000000
core   0: 0x8000e99e (0x02e66263) bltu    a2, a4, pc + 36
core   0: 3 0x8000e99e (0x02e66263)
core   0: 0x8000e9a2 (0x0000988e) c.add   a7, gp
core   0: 3 0x8000e9a2 (0x988e) x17 0x0f7eb000
core   0: 0x8000e9a4 (0x00004dc9) c.li    s11, 18
core   0: 3 0x8000e9a4 (0x4dc9) x27 0x00000012
core   0: 0x8000e9a6 (0x00351263) bne     a0, gp, pc + 4
core   0: 3 0x8000e9a6 (0x00351263)
core   0: 0x8000e9aa (0x43424593) xori    a1, tp, 1076
core   0: 3 0x8000e9aa (0x43424593) x11 0x80025a10
core   0: 0x8000e9ae (0x0115c1b3) xor     gp, a1, a7
core   0: 3 0x8000e9ae (0x0115c1b3) x 3 0x8f7cea10
core   0: 0x8000e9b2 (0x01ed2233) slt     tp, s10, t5
core   0: 3 0x8000e9b2 (0x01ed2233) x 4 0x00000000
core   0: 0x8000e9b6 (0x29302913) slti    s2, zero, 659
core   0: 3 0x8000e9b6 (0x29302913) x18 0x00000001
core   0: 0x8000e9ba (0x00008779) c.srai  a4, 30
core   0: 3 0x8000e9ba (0x8779) x14 0x00000000
core   0: 0x8000e9bc (0x0000cf09) c.beqz  a4, pc + 26
core   0: 3 0x8000e9bc (0xcf09)
core   0: 0x8000e9d6 (0x00000fc1) c.addi  t6, 16
core   0: 3 0x8000e9d6 (0x0fc1) x31 0x00000010
core   0: 0x8000e9d8 (0x00000001) c.nop
core   0: 3 0x8000e9d8 (0x0001)
core   0: 0x8000e9da (0x05e14063) blt     sp, t5, pc + 64
core   0: 3 0x8000e9da (0x05e14063)
core   0: 0x8000e9de (0x2d013993) sltiu   s3, sp, 720
core   0: 3 0x8000e9de (0x2d013993) x19 0x00000001
core   0: 0x8000e9e2 (0xeec3ab13) slti    s6, t2, -276
core   0: 3 0x8000e9e2 (0xeec3ab13) x22 0x00000000
core   0: 0x8000e9e6 (0x000080fd) c.srli  s1, 31
core   0: 3 0x8000e9e6 (0x80fd) x 9 0x00000000
core   0: 0x8000e9e8 (0x03ac29b3) mulhsu  s3, s8, s10
core   0: 3 0x8000e9e8 (0x03ac29b3) x19 0x00000045
core   0: 0x8000e9ec (0x03422433) mulhsu  s0, tp, s4
core   0: 3 0x8000e9ec (0x03422433) x 8 0x00000000
core   0: 0x8000e9f0 (0xe4252293) slti    t0, a0, -446
core   0: 3 0x8000e9f0 (0xe4252293) x 5 0x00000000
core   0: 0x8000e9f4 (0x00004ca9) c.li    s9, 10
core   0: 3 0x8000e9f4 (0x4ca9) x25 0x0000000a
core   0: 0x8000e9f6 (0x00b5d663) bge     a1, a1, pc + 12
core   0: 3 0x8000e9f6 (0x00b5d663)
core   0: 0x8000ea02 (0x56b13993) sltiu   s3, sp, 1387
core   0: 3 0x8000ea02 (0x56b13993) x19 0x00000001
core   0: 0x8000ea06 (0x000006c1) c.addi  a3, 16
core   0: 3 0x8000ea06 (0x06c1) x13 0x00000010
core   0: 0x8000ea08 (0x00008f1d) c.sub   a4, a5
core   0: 3 0x8000ea08 (0x8f1d) x14 0x7ffda1dc
core   0: 0x8000ea0a (0x03485b33) divu    s6, a6, s4
core   0: 3 0x8000ea0a (0x03485b33) x22 0x00000000
core   0: 0x8000ea0e (0x0245e6b3) rem     a3, a1, tp
core   0: 3 0x8000ea0e (0x0245e6b3) x13 0x80025a10
core   0: 0x8000ea12 (0x00008c29) c.xor   s0, a0
core   0: 3 0x8000ea12 (0x8c29) x 8 0x00000000
core   0: 0x8000ea14 (0x000091be) c.add   gp, a5
core   0: 3 0x8000ea14 (0x91be) x 3 0x0f7f4834
core   0: 0x8000ea16 (0xb6444193) xori    gp, s0, -1180
core   0: 3 0x8000ea16 (0xb6444193) x 3 0xfffffb64
core   0: 0x8000ea1a (0x01ee6d33) or      s10, t3, t5
core   0: 3 0x8000ea1a (0x01ee6d33) x26 0xfffffb75
core   0: 0x8000ea1e (0x023413b3) mulh    t2, s0, gp
core   0: 3 0x8000ea1e (0x023413b3) x 7 0x00000000
core   0: 0x8000ea22 (0x7ecbbb13) sltiu   s6, s7, 2028
core   0: 3 0x8000ea22 (0x7ecbbb13) x22 0x00000001
core   0: 0x8000ea26 (0x00205333) srl     t1, zero, sp
core   0: 3 0x8000ea26 (0x00205333) x 6 0x00000000
core   0: 0x8000ea2a (0x0000100f) fence.i
core   0: 3 0x8000ea2a (0x0000100f)
core   0: 0x8000ea2e (0x0ff0000f) fence   iorw,iorw
core   0: 3 0x8000ea2e (0x0ff0000f)
core   0: 0x8000ea32 (0x02bcb0b3) mulhu   ra, s9, a1
core   0: 3 0x8000ea32 (0x02bcb0b3) x 1 0x00000005
core   0: 0x8000ea36 (0x01affb63) bgeu    t6, s10, pc + 22
core   0: 3 0x8000ea36 (0x01affb63)
core   0: 0x8000ea3a (0x0000c6f1) c.beqz  a3, pc + 204
core   0: 3 0x8000ea3a (0xc6f1)
core   0: 0x8000ea3c (0x000001b2) c.slli  gp, 12
core   0: 3 0x8000ea3c (0x01b2) x 3 0xffb64000
core   0: 0x8000ea3e (0x03b2de33) divu    t3, t0, s11
core   0: 3 0x8000ea3e (0x03b2de33) x28 0x00000000
core   0: 0x8000ea42 (0x00001f7d) c.addi  t5, -1
core   0: 3 0x8000ea42 (0x1f7d) x30 0xbbbae824
core   0: 0x8000ea44 (0x0ff0000f) fence   iorw,iorw
core   0: 3 0x8000ea44 (0x0ff0000f)
core   0: 0x8000ea48 (0x415606b3) sub     a3, a2, s5
core   0: 3 0x8000ea48 (0x415606b3) x13 0x80029ce4
core   0: 0x8000ea4c (0x00008429) c.srai  s0, 10
core   0: 3 0x8000ea4c (0x8429) x 8 0x00000000
core   0: 0x8000ea4e (0x412f8ab3) sub     s5, t6, s2
core   0: 3 0x8000ea4e (0x412f8ab3) x21 0x0000000f
core   0: 0x8000ea52 (0x0034f263) bgeu    s1, gp, pc + 4
core   0: 3 0x8000ea52 (0x0034f263)
core   0: 0x8000ea56 (0x000099fd) c.andi  a1, -1
core   0: 3 0x8000ea56 (0x99fd) x11 0x80025a10
core   0: 0x8000ea58 (0x00006125) c.addi16sp sp, 96
core   0: 3 0x8000ea58 (0x6125) x 2 0x00000060
core   0: 0x8000ea5a (0x00008f09) c.sub   a4, a0
core   0: 3 0x8000ea5a (0x8f09) x14 0x7ffda1dc
core   0: 0x8000ea5c (0x035349b3) div     s3, t1, s5
core   0: 3 0x8000ea5c (0x035349b3) x19 0x00000000
core   0: 0x8000ea60 (0x03e6d3b3) divu    t2, a3, t5
core   0: 3 0x8000ea60 (0x03e6d3b3) x 7 0x00000000
core   0: 0x8000ea64 (0x019b4fb3) xor     t6, s6, s9
core   0: 3 0x8000ea64 (0x019b4fb3) x31 0x0000000b
core   0: 0x8000ea68 (0x942ebd13) sltiu   s10, t4, -1726
core   0: 3 0x8000ea68 (0x942ebd13) x26 0x00000001
core   0: 0x8000ea6c (0x00011f17) auipc   t5, 0x11
core   0: 3 0x8000ea6c (0x00011f17) x30 0x8001fa6c
core   0: 0x8000ea70 (0x038f0f13) addi    t5, t5, 56
core   0: 3 0x8000ea70 (0x038f0f13) x30 0x8001faa4
core   0: 0x8000ea74 (0x00001ffd) c.addi  t6, -1
core   0: 3 0x8000ea74 (0x1ffd) x31 0x0000000a
core   0: 0x8000ea76 (0xfcef5c03) lhu     s8, -50(t5)
core   0: 3 0x8000ea76 (0xfcef5c03) x24 0x0000cec8 mem 0x8001fa72
core   0: 0x8000ea7a (0x02e3f1b3) remu    gp, t2, a4
core   0: 3 0x8000ea7a (0x02e3f1b3) x 3 0x00000000
core   0: 0x8000ea7e (0xfe5f4e03) lbu     t3, -27(t5)
core   0: 3 0x8000ea7e (0xfe5f4e03) x28 0x00000063 mem 0x8001fa89
core   0: 0x8000ea82 (0x00f136b3) sltu    a3, sp, a5
core   0: 3 0x8000ea82 (0x00f136b3) x13 0x00000001
core   0: 0x8000ea86 (0x0310b833) mulhu   a6, ra, a7
core   0: 3 0x8000ea86 (0x0310b833) x16 0x00000000
core   0: 0x8000ea8a (0x02ff4a03) lbu     s4, 47(t5)
core   0: 3 0x8000ea8a (0x02ff4a03) x20 0x00000050 mem 0x8001fad3
core   0: 0x8000ea8e (0x1efeed93) ori     s11, t4, 495
core   0: 3 0x8000ea8e (0x1efeed93) x27 0x000001ef
core   0: 0x8000ea92 (0x0022e933) or      s2, t0, sp
core   0: 3 0x8000ea92 (0x0022e933) x18 0x00000060
core   0: 0x8000ea96 (0x011f4703) lbu     a4, 17(t5)
core   0: 3 0x8000ea96 (0x011f4703) x14 0x00000004 mem 0x8001fab5
core   0: 0x8000ea9a (0x008aac33) slt     s8, s5, s0
core   0: 3 0x8000ea9a (0x008aac33) x24 0x00000000
core   0: 0x8000ea9e (0x02c404b3) mul     s1, s0, a2
core   0: 3 0x8000ea9e (0x02c404b3) x 9 0x00000000
core   0: 0x8000eaa2 (0x030002b3) mul     t0, zero, a6
core   0: 3 0x8000eaa2 (0x030002b3) x 5 0x00000000
core   0: 0x8000eaa6 (0x0000614d) c.addi16sp sp, 176
core   0: 3 0x8000eaa6 (0x614d) x 2 0x00000110
core   0: 0x8000eaa8 (0x0000982e) c.add   a6, a1
core   0: 3 0x8000eaa8 (0x982e) x16 0x80025a10
core   0: 0x8000eaaa (0x2382f393) andi    t2, t0, 568
core   0: 3 0x8000eaaa (0x2382f393) x 7 0x00000000
core   0: 0x8000eaae (0x02bf0903) lb      s2, 43(t5)
core   0: 3 0x8000eaae (0x02bf0903) x18 0x00000017 mem 0x8001facf
core   0: 0x8000eab2 (0x033f9533) mulh    a0, t6, s3
core   0: 3 0x8000eab2 (0x033f9533) x10 0x00000000
core   0: 0x8000eab6 (0x039f0fa3) sb      s9, 63(t5)
core   0: 3 0x8000eab6 (0x039f0fa3) mem 0x8001fae3 0xa
core   0: 0x8000eaba (0x03ca68b3) rem     a7, s4, t3
core   0: 3 0x8000eaba (0x03ca68b3) x17 0x00000050
core   0: 0x8000eabe (0x02c68cb3) mul     s9, a3, a2
core   0: 3 0x8000eabe (0x02c68cb3) x25 0x80029ce4
core   0: 0x8000eac2 (0x01df0ea3) sb      t4, 29(t5)
core   0: 3 0x8000eac2 (0x01df0ea3) mem 0x8001fac1 0x0
core   0: 0x8000eac6 (0x00000001) c.nop
core   0: 3 0x8000eac6 (0x0001)
core   0: 0x8000eac8 (0x01219033) sll     zero, gp, s2
core   0: 3 0x8000eac8 (0x01219033)
core   0: 0x8000eacc (0xfdef0ca3) sb      t5, -39(t5)
core   0: 3 0x8000eacc (0xfdef0ca3) mem 0x8001fa7d 0xa4
core   0: 0x8000ead0 (0x0000100f) fence.i
core   0: 3 0x8000ead0 (0x0000100f)
core   0: 0x8000ead4 (0x695f1e17) auipc   t3, 0x695f1
core   0: 3 0x8000ead4 (0x695f1e17) x28 0xe95ffad4
core   0: 0x8000ead8 (0xff8f2103) lw      sp, -8(t5)
core   0: 3 0x8000ead8 (0xff8f2103) x 2 0x702917c8 mem 0x8001fa9c
core   0: 0x8000eadc (0x00000001) c.nop
core   0: 3 0x8000eadc (0x0001)
core   0: 0x8000eade (0x0000717d) c.addi16sp sp, -16
core   0: 3 0x8000eade (0x717d) x 2 0x702917b8
core   0: 0x8000eae0 (0x017110b3) sll     ra, sp, s7
core   0: 3 0x8000eae0 (0x017110b3) x 1 0x702917b8
core   0: 0x8000eae4 (0x00a468b3) or      a7, s0, a0
core   0: 3 0x8000eae4 (0x00a468b3) x17 0x00000000
core   0: 0x8000eae8 (0x00001314) c.addi4spn a3, sp, 416
core   0: 3 0x8000eae8 (0x1314) x13 0x70291958
core   0: 0x8000eaea (0x0000527d) c.li    tp, -1
core   0: 3 0x8000eaea (0x527d) x 4 0xffffffff
core   0: 0x8000eaec (0xfdaf0383) lb      t2, -38(t5)
core   0: 3 0x8000eaec (0xfdaf0383) x 7 0xffffffd8 mem 0x8001fa7e
core   0: 0x8000eaf0 (0x02df0283) lb      t0, 45(t5)
core   0: 3 0x8000eaf0 (0x02df0283) x 5 0xffffffb2 mem 0x8001fad1
core   0: 0x8000eaf4 (0x41e5df93) srai    t6, a1, 30
core   0: 3 0x8000eaf4 (0x41e5df93) x31 0xfffffffe
core   0: 0x8000eaf8 (0x00000001) c.nop
core   0: 3 0x8000eaf8 (0x0001)
core   0: 0x8000eafa (0x0ff0000f) fence   iorw,iorw
core   0: 3 0x8000eafa (0x0ff0000f)
core   0: 0x8000eafe (0x015f1d23) sh      s5, 26(t5)
core   0: 3 0x8000eafe (0x015f1d23) mem 0x8001fabe 0x000f
core   0: 0x8000eb02 (0x026f1723) sh      t1, 46(t5)
core   0: 3 0x8000eb02 (0x026f1723) mem 0x8001fad2 0x0000
core   0: 0x8000eb06 (0x4048c017) auipc   zero, 0x4048c
core   0: 3 0x8000eb06 (0x4048c017)
core   0: 0x8000eb0a (0x0000643d) c.lui   s0, 0xf
core   0: 3 0x8000eb0a (0x643d) x 8 0x0000f000
core   0: 0x8000eb0c (0x00008d2d) c.xor   a0, a1
core   0: 3 0x8000eb0c (0x8d2d) x10 0x80025a10
core   0: 0x8000eb0e (0x00ea7d33) and     s10, s4, a4
core   0: 3 0x8000eb0e (0x00ea7d33) x26 0x00000000
core   0: 0x8000eb12 (0x00006135) c.addi16sp sp, 352
core   0: 3 0x8000eb12 (0x6135) x 2 0x70291918
core   0: 0x8000eb14 (0x00008ec5) c.or    a3, s1
core   0: 3 0x8000eb14 (0x8ec5) x13 0x70291958
core   0: 0x8000eb16 (0x00008159) c.srli  a0, 22
core   0: 3 0x8000eb16 (0x8159) x10 0x00000200
core   0: 0x8000eb18 (0x03fbcfb3) div     t6, s7, t6
core   0: 3 0x8000eb18 (0x03fbcfb3) x31 0x00000000
core   0: 0x8000eb1c (0x00d7d563) bge     a5, a3, pc + 10
core   0: 3 0x8000eb1c (0x00d7d563)
core   0: 0x8000eb20 (0x00958d33) add     s10, a1, s1
core   0: 3 0x8000eb20 (0x00958d33) x26 0x80025a10
core   0: 0x8000eb24 (0x00008eb9) c.xor   a3, a4
core   0: 3 0x8000eb24 (0x8eb9) x13 0x7029195c
core   0: 0x8000eb26 (0x00008031) c.srli  s0, 12
core   0: 3 0x8000eb26 (0x8031) x 8 0x0000000f
core   0: 0x8000eb28 (0x08ab2313) slti    t1, s6, 138
core   0: 3 0x8000eb28 (0x08ab2313) x 6 0x00000001
core   0: 0x8000eb2c (0x01ef3bb3) sltu    s7, t5, t5
core   0: 3 0x8000eb2c (0x01ef3bb3) x23 0x00000000
core   0: 0x8000eb30 (0x01e2c433) xor     s0, t0, t5
core   0: 3 0x8000eb30 (0x01e2c433) x 8 0x7ffe0516
core   0: 0x8000eb34 (0x02417cb3) remu    s9, sp, tp
core   0: 3 0x8000eb34 (0x02417cb3) x25 0x70291918
core   0: 0x8000eb38 (0x9aeb8513) addi    a0, s7, -1618
core   0: 3 0x8000eb38 (0x9aeb8513) x10 0xfffff9ae
core   0: 0x8000eb3c (0x00008d46) c.mv    s10, a7
core   0: 3 0x8000eb3c (0x8d46) x26 0x00000000
core   0: 0x8000eb3e (0x41c95213) srai    tp, s2, 28
core   0: 3 0x8000eb3e (0x41c95213) x 4 0x00000000
core   0: 0x8000eb42 (0x0284ea33) rem     s4, s1, s0
core   0: 3 0x8000eb42 (0x0284ea33) x20 0x00000000
core   0: 0x8000eb46 (0xee39f593) andi    a1, s3, -285
core   0: 3 0x8000eb46 (0xee39f593) x11 0x00000000
core   0: 0x8000eb4a (0x00006979) c.lui   s2, 0x1e
core   0: 3 0x8000eb4a (0x6979) x18 0x0001e000
core   0: 0x8000eb4c (0x00000001) c.nop
core   0: 3 0x8000eb4c (0x0001)
core   0: 0x8000eb4e (0x000082f2) c.mv    t0, t3
core   0: 3 0x8000eb4e (0x82f2) x 5 0xe95ffad4
core   0: 0x8000eb50 (0x0000c89d) c.beqz  s1, pc + 54
core   0: 3 0x8000eb50 (0xc89d)
core   0: 0x8000eb86 (0x030d6533) rem     a0, s10, a6
core   0: 3 0x8000eb86 (0x030d6533) x10 0x00000000
core   0: 0x8000eb8a (0xffb54813) xori    a6, a0, -5
core   0: 3 0x8000eb8a (0xffb54813) x16 0xfffffffb
core   0: 0x8000eb8e (0x41dade13) srai    t3, s5, 29
core   0: 3 0x8000eb8e (0x41dade13) x28 0x00000000
core   0: 0x8000eb92 (0x009f8ab3) add     s5, t6, s1
core   0: 3 0x8000eb92 (0x009f8ab3) x21 0x00000000
core   0: 0x8000eb96 (0x00a71fb3) sll     t6, a4, a0
core   0: 3 0x8000eb96 (0x00a71fb3) x31 0x00000004
core   0: 0x8000eb9a (0x00000700) c.addi4spn s0, sp, 896
core   0: 3 0x8000eb9a (0x0700) x 8 0x70291c98
core   0: 0x8000eb9c (0x005ddfb3) srl     t6, s11, t0
core   0: 3 0x8000eb9c (0x005ddfb3) x31 0x00000000
core   0: 0x8000eba0 (0x00fe1c33) sll     s8, t3, a5
core   0: 3 0x8000eba0 (0x00fe1c33) x24 0x00000000
core   0: 0x8000eba4 (0x000098ae) c.add   a7, a1
core   0: 3 0x8000eba4 (0x98ae) x17 0x00000000
core   0: 0x8000eba6 (0x89618113) addi    sp, gp, -1898
core   0: 3 0x8000eba6 (0x89618113) x 2 0xfffff896
core   0: 0x8000ebaa (0x0000c685) c.beqz  a3, pc + 40
core   0: 3 0x8000ebaa (0xc685)
core   0: 0x8000ebac (0x04e3c463) blt     t2, a4, pc + 72
core   0: 3 0x8000ebac (0x04e3c463)
core   0: 0x8000ebf4 (0x53d18d13) addi    s10, gp, 1341
core   0: 3 0x8000ebf4 (0x53d18d13) x26 0x0000053d
core   0: 0x8000ebf8 (0x005ba533) slt     a0, s7, t0
core   0: 3 0x8000ebf8 (0x005ba533) x10 0x00000000
core   0: 0x8000ebfc (0x00117ab3) and     s5, sp, ra
core   0: 3 0x8000ebfc (0x00117ab3) x21 0x70291090
core   0: 0x8000ec00 (0x01f1ae33) slt     t3, gp, t6
core   0: 3 0x8000ec00 (0x01f1ae33) x28 0x00000000
core   0: 0x8000ec04 (0x00000001) c.nop
core   0: 3 0x8000ec04 (0x0001)
core   0: 0x8000ec06 (0xa224b493) sltiu   s1, s1, -1502
core   0: 3 0x8000ec06 (0xa224b493) x 9 0x00000001
core   0: 0x8000ec0a (0x0000e309) c.bnez  a4, pc + 2
core   0: 3 0x8000ec0a (0xe309)
core   0: 0x8000ec0c (0x02d52c33) mulhsu  s8, a0, a3
core   0: 3 0x8000ec0c (0x02d52c33) x24 0x00000000
core   0: 0x8000ec10 (0x000e1763) bnez    t3, pc + 14
core   0: 3 0x8000ec10 (0x000e1763)
core   0: 0x8000ec14 (0x03b4f233) remu    tp, s1, s11
core   0: 3 0x8000ec14 (0x03b4f233) x 4 0x00000001
core   0: 0x8000ec18 (0x00000001) c.nop
core   0: 3 0x8000ec18 (0x0001)
core   0: 0x8000ec1a (0x00008e95) c.sub   a3, a3
core   0: 3 0x8000ec1a (0x8e95) x13 0x00000000
core   0: 0x8000ec1c (0x00000984) c.addi4spn s1, sp, 208
core   0: 3 0x8000ec1c (0x0984) x 9 0xfffff966
core   0: 0x8000ec1e (0x407a01b3) sub     gp, s4, t2
core   0: 3 0x8000ec1e (0x407a01b3) x 3 0x00000028
core   0: 0x8000ec22 (0x0000870d) c.srai  a4, 3
core   0: 3 0x8000ec22 (0x870d) x14 0x00000000
core   0: 0x8000ec24 (0x0000100f) fence.i
core   0: 3 0x8000ec24 (0x0000100f)
core   0: 0x8000ec28 (0x0332dc33) divu    s8, t0, s3
core   0: 3 0x8000ec28 (0x0332dc33) x24 0xffffffff
core   0: 0x8000ec2c (0x01414963) blt     sp, s4, pc + 18
core   0: 3 0x8000ec2c (0x01414963)
core   0: 0x8000ec3e (0x0000829d) c.srli  a3, 7
core   0: 3 0x8000ec3e (0x829d) x13 0x00000000
core   0: 0x8000ec40 (0x1dbedd97) auipc   s11, 0x1dbed
core   0: 3 0x8000ec40 (0x1dbedd97) x27 0x9dbfbc40
core   0: 0x8000ec44 (0x010f7c63) bgeu    t5, a6, pc + 24
core   0: 3 0x8000ec44 (0x010f7c63)
core   0: 0x8000ec48 (0xd8e2f213) andi    tp, t0, -626
core   0: 3 0x8000ec48 (0xd8e2f213) x 4 0xe95ff884
core   0: 0x8000ec4c (0x0279e3b3) rem     t2, s3, t2
core   0: 3 0x8000ec4c (0x0279e3b3) x 7 0x00000000
core   0: 0x8000ec50 (0x00cf9fb3) sll     t6, t6, a2
core   0: 3 0x8000ec50 (0x00cf9fb3) x31 0x00000000
core   0: 0x8000ec54 (0x00008ad2) c.mv    s5, s4
core   0: 3 0x8000ec54 (0x8ad2) x21 0x00000000
core   0: 0x8000ec56 (0x0000053d) c.addi  a0, 15
core   0: 3 0x8000ec56 (0x053d) x10 0x0000000f
core   0: 0x8000ec58 (0x02a091b3) mulh    gp, ra, a0
core   0: 3 0x8000ec58 (0x02a091b3) x 3 0x00000006
core   0: 0x8000ec5c (0x02c5cb33) div     s6, a1, a2
core   0: 3 0x8000ec5c (0x02c5cb33) x22 0x00000000
core   0: 0x8000ec60 (0x0000e18d) c.bnez  a1, pc + 34
core   0: 3 0x8000ec60 (0xe18d)
core   0: 0x8000ec62 (0x00008ee5) c.and   a3, s1
core   0: 3 0x8000ec62 (0x8ee5) x13 0x00000000
core   0: 0x8000ec64 (0x0000547d) c.li    s0, -1
core   0: 3 0x8000ec64 (0x547d) x 8 0xffffffff
core   0: 0x8000ec66 (0x00008b0e) c.mv    s6, gp
core   0: 3 0x8000ec66 (0x8b0e) x22 0x00000006
core   0: 0x8000ec68 (0x0000c1a1) c.beqz  a1, pc + 64
core   0: 3 0x8000ec68 (0xc1a1)
core   0: 0x8000eca8 (0x0065d293) srli    t0, a1, 6
core   0: 3 0x8000eca8 (0x0065d293) x 5 0x00000000
core   0: 0x8000ecac (0x0068d393) srli    t2, a7, 6
core   0: 3 0x8000ecac (0x0068d393) x 7 0x00000000
core   0: 0x8000ecb0 (0x0000717d) c.addi16sp sp, -16
core   0: 3 0x8000ecb0 (0x717d) x 2 0xfffff886
core   0: 0x8000ecb2 (0x000096ca) c.add   a3, s2
core   0: 3 0x8000ecb2 (0x96ca) x13 0x0001e000
core   0: 0x8000ecb4 (0x4199d933) sra     s2, s3, s9
core   0: 3 0x8000ecb4 (0x4199d933) x18 0x00000000
core   0: 0x8000ecb8 (0x0ff0000f) fence   iorw,iorw
core   0: 3 0x8000ecb8 (0x0ff0000f)
core   0: 0x8000ecbc (0x01807763) bgeu    zero, s8, pc + 14
core   0: 3 0x8000ecbc (0x01807763)
core   0: 0x8000ecc0 (0x00000c8d) c.addi  s9, 3
core   0: 3 0x8000ecc0 (0x0c8d) x25 0x7029191b
core   0: 0x8000ecc2 (0x03b5df33) divu    t5, a1, s11
core   0: 3 0x8000ecc2 (0x03b5df33) x30 0x00000000
core   0: 0x8000ecc6 (0xfe580e13) addi    t3, a6, -27
core   0: 3 0x8000ecc6 (0xfe580e13) x28 0xffffffe0
core   0: 0x8000ecca (0x01139933) sll     s2, t2, a7
core   0: 3 0x8000ecca (0x01139933) x18 0x00000000
core   0: 0x8000ecce (0x00829833) sll     a6, t0, s0
core   0: 3 0x8000ecce (0x00829833) x16 0x00000000
core   0: 0x8000ecd2 (0x0047a303) lw      t1, 4(a5)
core   0: 3 0x8000ecd2 (0x0047a303) x 6 0x800067bc mem 0x80025e28
core   0: 0x8000ecd6 (0x5ace6d93) ori     s11, t3, 1452
core   0: 3 0x8000ecd6 (0x5ace6d93) x27 0xffffffec
core   0: 0x8000ecda (0x04078793) addi    a5, a5, 64
core   0: 3 0x8000ecda (0x04078793) x15 0x80025e64
core   0: 0x8000ecde (0x01d9f033) and     zero, s3, t4
core   0: 3 0x8000ecde (0x01d9f033)
core   0: 0x8000ece2 (0x00130f13) addi    t5, t1, 1
core   0: 3 0x8000ece2 (0x00130f13) x30 0x800067bd
core   0: 0x8000ece6 (0x00008f02) c.jr    t5
core   0: 3 0x8000ece6 (0x8f02)
core   0: 0x800067bc (0x00009b7d) c.andi  a4, -1
core   0: 3 0x800067bc (0x9b7d) x14 0x00000000
core   0: 0x800067be (0x0000612d) c.addi16sp sp, 224
core   0: 3 0x800067be (0x612d) x 2 0xfffff966
core   0: 0x800067c0 (0x02669433) mulh    s0, a3, t1
core   0: 3 0x800067c0 (0x02669433) x 8 0xffff1000
core   0: 0x800067c4 (0x02d215b3) mulh    a1, tp, a3
core   0: 3 0x800067c4 (0x02d215b3) x11 0xffffd593
core   0: 0x800067c8 (0x00c48263) beq     s1, a2, pc + 4
core   0: 3 0x800067c8 (0x00c48263)
core   0: 0x800067cc (0x018b7e33) and     t3, s6, s8
core   0: 3 0x800067cc (0x018b7e33) x28 0x00000006
core   0: 0x800067d0 (0x0159c6b3) xor     a3, s3, s5
core   0: 3 0x800067d0 (0x0159c6b3) x13 0x00000000
core   0: 0x800067d4 (0x00008f11) c.sub   a4, a2
core   0: 3 0x800067d4 (0x8f11) x14 0x7ffd631c
core   0: 0x800067d6 (0xce9c2913) slti    s2, s8, -791
core   0: 3 0x800067d6 (0xce9c2913) x18 0x00000000
core   0: 0x800067da (0x00a3a6b3) slt     a3, t2, a0
core   0: 3 0x800067da (0x00a3a6b3) x13 0x00000001
core   0: 0x800067de (0x32cc7e13) andi    t3, s8, 812
core   0: 3 0x800067de (0x32cc7e13) x28 0x0000032c
core   0: 0x800067e2 (0x02994fb3) div     t6, s2, s1
core   0: 3 0x800067e2 (0x02994fb3) x31 0x00000000
core   0: 0x800067e6 (0x000099fd) c.andi  a1, -1
core   0: 3 0x800067e6 (0x99fd) x11 0xffffd593
core   0: 0x800067e8 (0x00008329) c.srli  a4, 10
core   0: 3 0x800067e8 (0x8329) x14 0x001fff58
core   0: 0x800067ea (0x00008c1d) c.sub   s0, a5
core   0: 3 0x800067ea (0x8c1d) x 8 0x7ffcb19c
core   0: 0x800067ec (0x007998b3) sll     a7, s3, t2
core   0: 3 0x800067ec (0x007998b3) x17 0x00000000
core   0: 0x800067f0 (0x000088ba) c.mv    a7, a4
core   0: 3 0x800067f0 (0x88ba) x17 0x001fff58
core   0: 0x800067f2 (0x40a5d693) srai    a3, a1, 10
core   0: 3 0x800067f2 (0x40a5d693) x13 0xfffffff5
core   0: 0x800067f6 (0x022b7e33) remu    t3, s6, sp
core   0: 3 0x800067f6 (0x022b7e33) x28 0x00000006
core   0: 0x800067fa (0x00000001) c.nop
core   0: 3 0x800067fa (0x0001)
core   0: 0x800067fc (0x0247f563) bgeu    a5, tp, pc + 42
core   0: 3 0x800067fc (0x0247f563)
core   0: 0x80006800 (0x0000885e) c.mv    a6, s7
core   0: 3 0x80006800 (0x885e) x16 0x00000000
core   0: 0x80006802 (0x00009baa) c.add   s7, a0
core   0: 3 0x80006802 (0x9baa) x23 0x0000000f
core   0: 0x80006804 (0xe05a8f93) addi    t6, s5, -507
core   0: 3 0x80006804 (0xe05a8f93) x31 0xfffffe05
core   0: 0x80006808 (0x017cb533) sltu    a0, s9, s7
core   0: 3 0x80006808 (0x017cb533) x10 0x00000000
core   0: 0x8000680c (0x0000e131) c.bnez  a0, pc + 68
core   0: 3 0x8000680c (0xe131)
core   0: 0x8000680e (0x402a56b3) sra     a3, s4, sp
core   0: 3 0x8000680e (0x402a56b3) x13 0x00000000
core   0: 0x80006812 (0x9dc76d13) ori     s10, a4, -1572
core   0: 3 0x80006812 (0x9dc76d13) x26 0xffffffdc
core   0: 0x80006816 (0x011d5f93) srli    t6, s10, 17
core   0: 3 0x80006816 (0x011d5f93) x31 0x00007fff
core   0: 0x8000681a (0x00008f35) c.xor   a4, a3
core   0: 3 0x8000681a (0x8f35) x14 0x001fff58
core   0: 0x8000681c (0x25ca7393) andi    t2, s4, 604
core   0: 3 0x8000681c (0x25ca7393) x 7 0x00000000
core   0: 0x80006820 (0x0191c833) xor     a6, gp, s9
core   0: 3 0x80006820 (0x0191c833) x16 0x7029191d
core   0: 0x80006824 (0x0000717d) c.addi16sp sp, -16
core   0: 3 0x80006824 (0x717d) x 2 0xfffff956
core   0: 0x80006826 (0x008241b3) xor     gp, tp, s0
core   0: 3 0x80006826 (0x008241b3) x 3 0x96a34918
core   0: 0x8000682a (0x00000001) c.nop
core   0: 3 0x8000682a (0x0001)
core   0: 0x8000682c (0xe4e58113) addi    sp, a1, -434
core   0: 3 0x8000682c (0xe4e58113) x 2 0xffffd3e1
core   0: 0x80006830 (0x00008d71) c.and   a0, a2
core   0: 3 0x80006830 (0x8d71) x10 0x00000000
core   0: 0x80006832 (0x4142dd33) sra     s10, t0, s4
core   0: 3 0x80006832 (0x4142dd33) x26 0x00000000
core   0: 0x80006836 (0x94e7ba13) sltiu   s4, a5, -1714
core   0: 3 0x80006836 (0x94e7ba13) x20 0x00000001
core   0: 0x8000683a (0x00962833) slt     a6, a2, s1
core   0: 3 0x8000683a (0x00962833) x16 0x00000001
core   0: 0x8000683e (0x031bea63) bltu    s7, a7, pc + 52
core   0: 3 0x8000683e (0x031bea63)
core   0: 0x80006872 (0x00008ee9) c.and   a3, a0
core   0: 3 0x80006872 (0x8ee9) x13 0x00000000
core   0: 0x80006874 (0x02bbdbb3) divu    s7, s7, a1
core   0: 3 0x80006874 (0x02bbdbb3) x23 0x00000000
core   0: 0x80006878 (0xe7a4ec93) ori     s9, s1, -390
core   0: 3 0x80006878 (0xe7a4ec93) x25 0xffffff7e
core   0: 0x8000687c (0x00000001) c.nop
core   0: 3 0x8000687c (0x0001)
core   0: 0x8000687e (0xc05b6f93) ori     t6, s6, -1019
core   0: 3 0x8000687e (0xc05b6f93) x31 0xfffffc07
core   0: 0x80006882 (0x0ff0000f) fence   iorw,iorw
core   0: 3 0x80006882 (0x0ff0000f)
core   0: 0x80006886 (0x7bfd3817) auipc   a6, 0x7bfd3
core   0: 3 0x80006886 (0x7bfd3817) x16 0xfbfd9886
core   0: 0x8000688a (0x024c75b3) remu    a1, s8, tp
core   0: 3 0x8000688a (0x024c75b3) x11 0x16a0077b
core   0: 0x8000688e (0x03656863) bltu    a0, s6, pc + 48
core   0: 3 0x8000688e (0x03656863)
core   0: 0x800068be (0x0001a6b3) slt     a3, gp, zero
core   0: 3 0x800068be (0x0001a6b3) x13 0x00000001
core   0: 0x800068c2 (0x0000889a) c.mv    a7, t1
core   0: 3 0x800068c2 (0x889a) x17 0x800067bc
core   0: 0x800068c4 (0x013a7fb3) and     t6, s4, s3
core   0: 3 0x800068c4 (0x013a7fb3) x31 0x00000000
core   0: 0x800068c8 (0xcc5e6593) ori     a1, t3, -827
core   0: 3 0x800068c8 (0xcc5e6593) x11 0xfffffcc7
core   0: 0x800068cc (0x0000832d) c.srli  a4, 11
core   0: 3 0x800068cc (0x832d) x14 0x000003ff
core   0: 0x800068ce (0x40360db3) sub     s11, a2, gp
core   0: 3 0x800068ce (0x40360db3) x27 0xe95f53cc
core   0: 0x800068d2 (0x03973133) mulhu   sp, a4, s9
core   0: 3 0x800068d2 (0x03973133) x 2 0x000003fe
core   0: 0x800068d6 (0x00008f01) c.sub   a4, s0
core   0: 3 0x800068d6 (0x8f01) x14 0x80035263
core   0: 0x800068d8 (0x00008111) c.srli  a0, 4
core   0: 3 0x800068d8 (0x8111) x10 0x00000000
core   0: 0x800068da (0x037ee333) rem     t1, t4, s7
core   0: 3 0x800068da (0x037ee333) x 6 0x00000000
core   0: 0x800068de (0x0000c189) c.beqz  a1, pc + 2
core   0: 3 0x800068de (0xc189)
core   0: 0x800068e0 (0x5304ea93) ori     s5, s1, 1328
core   0: 3 0x800068e0 (0x5304ea93) x21 0xfffffd76
core   0: 0x800068e4 (0x0160e3b3) or      t2, ra, s6
core   0: 3 0x800068e4 (0x0160e3b3) x 7 0x702917be
core   0: 0x800068e8 (0x00628a33) add     s4, t0, t1
core   0: 3 0x800068e8 (0x00628a33) x20 0x00000000
core   0: 0x800068ec (0x0ff0000f) fence   iorw,iorw
core   0: 3 0x800068ec (0x0ff0000f)
core   0: 0x800068f0 (0x023c9f33) mulh    t5, s9, gp
core   0: 3 0x800068f0 (0x023c9f33) x30 0x00000035
core   0: 0x800068f4 (0x00008779) c.srai  a4, 30
core   0: 3 0x800068f4 (0x8779) x14 0xfffffffe
core   0: 0x800068f6 (0x02331463) bne     t1, gp, pc + 40
core   0: 3 0x800068f6 (0x02331463)
core   0: 0x8000691e (0x01ff61b3) or      gp, t5, t6
core   0: 3 0x8000691e (0x01ff61b3) x 3 0x00000035
core   0: 0x80006922 (0x00008ef9) c.and   a3, a4
core   0: 3 0x80006922 (0x8ef9) x13 0x00000000
core   0: 0x80006924 (0x017c2833) slt     a6, s8, s7
core   0: 3 0x80006924 (0x017c2833) x16 0x00000001
core   0: 0x80006928 (0x2bce6a17) auipc   s4, 0x2bce6
core   0: 3 0x80006928 (0x2bce6a17) x20 0xabcec928
core   0: 0x8000692c (0x0183f0b3) and     ra, t2, s8
core   0: 3 0x8000692c (0x0183f0b3) x 1 0x702917be
core   0: 0x80006930 (0x03a6ebb3) rem     s7, a3, s10
core   0: 3 0x80006930 (0x03a6ebb3) x23 0x00000000
core   0: 0x80006934 (0x03f0fdb3) remu    s11, ra, t6
core   0: 3 0x80006934 (0x03f0fdb3) x27 0x702917be
core   0: 0x80006938 (0x019a74b3) and     s1, s4, s9
core   0: 3 0x80006938 (0x019a74b3) x 9 0xabcec928
core   0: 0x8000693c (0x31f7fe13) andi    t3, a5, 799
core   0: 3 0x8000693c (0x31f7fe13) x28 0x00000204
core   0: 0x80006940 (0x0496d163) bge     a3, s1, pc + 66
core   0: 3 0x80006940 (0x0496d163)
core   0: 0x80006982 (0x00000f18) c.addi4spn a4, sp, 912
core   0: 3 0x80006982 (0x0f18) x14 0x0000078e
core   0: 0x80006984 (0x014693b3) sll     t2, a3, s4
core   0: 3 0x80006984 (0x014693b3) x 7 0x00000000
core   0: 0x80006988 (0x0000cd01) c.beqz  a0, pc + 24
core   0: 3 0x80006988 (0xcd01)
core   0: 0x800069a0 (0x000085a1) c.srai  a1, 8
core   0: 3 0x800069a0 (0x85a1) x11 0xfffffffc
core   0: 0x800069a2 (0x00446863) bltu    s0, tp, pc + 16
core   0: 3 0x800069a2 (0x00446863)
core   0: 0x800069b2 (0x0000e419) c.bnez  s0, pc + 14
core   0: 3 0x800069b2 (0xe419)
core   0: 0x800069c0 (0x0ff0000f) fence   iorw,iorw
core   0: 3 0x800069c0 (0x0ff0000f)
core   0: 0x800069c4 (0x0000e485) c.bnez  s1, pc + 40
core   0: 3 0x800069c4 (0xe485)
core   0: 0x800069ec (0x01055e63) bge     a0, a6, pc + 28
core   0: 3 0x800069ec (0x01055e63)
core   0: 0x800069f0 (0x00c15b63) bge     sp, a2, pc + 22
core   0: 3 0x800069f0 (0x00c15b63)
core   0: 0x80006a06 (0x00000001) c.nop
core   0: 3 0x80006a06 (0x0001)
core   0: 0x80006a08 (0x4662bb93) sltiu   s7, t0, 1126
core   0: 3 0x80006a08 (0x4662bb93) x23 0x00000001
core   0: 0x80006a0c (0x005e6033) or      zero, t3, t0
core   0: 3 0x80006a0c (0x005e6033)
core   0: 0x80006a10 (0x0000e289) c.bnez  a3, pc + 2
core   0: 3 0x80006a10 (0xe289)
core   0: 0x80006a12 (0x41265e33) sra     t3, a2, s2
core   0: 3 0x80006a12 (0x41265e33) x28 0x80029ce4
core   0: 0x80006a16 (0x00001298) c.addi4spn a4, sp, 352
core   0: 3 0x80006a16 (0x1298) x14 0x0000055e
core   0: 0x80006a18 (0x030e5663) bge     t3, a6, pc + 44
core   0: 3 0x80006a18 (0x030e5663)
core   0: 0x80006a1c (0x035864b3) rem     s1, a6, s5
core   0: 3 0x80006a1c (0x035864b3) x 9 0x00000001
core   0: 0x80006a20 (0x0366ffb3) remu    t6, a3, s6
core   0: 3 0x80006a20 (0x0366ffb3) x31 0x00000000
core   0: 0x80006a24 (0x00b01e33) sll     t3, zero, a1
core   0: 3 0x80006a24 (0x00b01e33) x28 0x00000000
core   0: 0x80006a28 (0x00000001) c.nop
core   0: 3 0x80006a28 (0x0001)
core   0: 0x80006a2a (0x40035333) sra     t1, t1, zero
core   0: 3 0x80006a2a (0x40035333) x 6 0x00000000
core   0: 0x80006a2e (0x021882b3) mul     t0, a7, ra
core   0: 3 0x80006a2e (0x021882b3) x 5 0xe6bae188
core   0: 0x80006a32 (0x0000cd1d) c.beqz  a0, pc + 62
core   0: 3 0x80006a32 (0xcd1d)
core   0: 0x80006a70 (0x000005d2) c.slli  a1, 20
core   0: 3 0x80006a70 (0x05d2) x11 0xffc00000
core   0: 0x80006a72 (0x000004e9) c.addi  s1, 26
core   0: 3 0x80006a72 (0x04e9) x 9 0x0000001b
core   0: 0x80006a74 (0x00ef4263) blt     t5, a4, pc + 4
core   0: 3 0x80006a74 (0x00ef4263)
core   0: 0x80006a78 (0x03b69963) bne     a3, s11, pc + 50
core   0: 3 0x80006a78 (0x03b69963)
core   0: 0x80006aaa (0xbeb4a693) slti    a3, s1, -1045
core   0: 3 0x80006aaa (0xbeb4a693) x13 0x00000000
core   0: 0x80006aae (0x5c65e013) ori     zero, a1, 1478
core   0: 3 0x80006aae (0x5c65e013)
core   0: 0x80006ab2 (0x00fad713) srli    a4, s5, 15
core   0: 3 0x80006ab2 (0x00fad713) x14 0x0001ffff
core   0: 0x80006ab6 (0x0ff0000f) fence   iorw,iorw
core   0: 3 0x80006ab6 (0x0ff0000f)
core   0: 0x80006aba (0x00008ca1) c.xor   s1, s0
core   0: 3 0x80006aba (0x8ca1) x 9 0x7ffcb187
core   0: 0x80006abc (0x00000001) c.nop
core   0: 3 0x80006abc (0x0001)
core   0: 0x80006abe (0x7c532f93) slti    t6, t1, 1989
core   0: 3 0x80006abe (0x7c532f93) x31 0x00000001
core   0: 0x80006ac2 (0x1c4f2493) slti    s1, t5, 452
core   0: 3 0x80006ac2 (0x1c4f2493) x 9 0x00000001
core   0: 0x80006ac6 (0x00008eb9) c.xor   a3, a4
core   0: 3 0x80006ac6 (0x8eb9) x13 0x0001ffff
core   0: 0x80006ac8 (0x03189f33) mulh    t5, a7, a7
core   0: 3 0x80006ac8 (0x03189f33) x30 0x3fff9844
core   0: 0x80006acc (0x00008ef9) c.and   a3, a4
core   0: 3 0x80006acc (0x8ef9) x13 0x0001ffff
core   0: 0x80006ace (0x41528833) sub     a6, t0, s5
core   0: 3 0x80006ace (0x41528833) x16 0xe6bae412
core   0: 0x80006ad2 (0x0000c321) c.beqz  a4, pc + 64
core   0: 3 0x80006ad2 (0xc321)
core   0: 0x80006ad4 (0x0ff0000f) fence   iorw,iorw
core   0: 3 0x80006ad4 (0x0ff0000f)
core   0: 0x80006ad8 (0x03ab3cb3) mulhu   s9, s6, s10
core   0: 3 0x80006ad8 (0x03ab3cb3) x25 0x00000000
core   0: 0x80006adc (0xf6415a17) auipc   s4, 0xf6415
core   0: 3 0x80006adc (0xf6415a17) x20 0x7641badc
core   0: 0x80006ae0 (0x0f19fe13) andi    t3, s3, 241
core   0: 3 0x80006ae0 (0x0f19fe13) x28 0x00000000
core   0: 0x80006ae4 (0x00000dad) c.addi  s11, 11
core   0: 3 0x80006ae4 (0x0dad) x27 0x702917c9
core   0: 0x80006ae6 (0x00000001) c.nop
core   0: 3 0x80006ae6 (0x0001)
core   0: 0x80006ae8 (0x00000001) c.nop
core   0: 3 0x80006ae8 (0x0001)
core   0: 0x80006aea (0x41fbd913) srai    s2, s7, 31
core   0: 3 0x80006aea (0x41fbd913) x18 0x00000000
core   0: 0x80006aee (0x00008025) c.srli  s0, 9
core   0: 3 0x80006aee (0x8025) x 8 0x003ffe58
core   0: 0x80006af0 (0x418e5393) srai    t2, t3, 24
core   0: 3 0x80006af0 (0x418e5393) x 7 0x00000000
core   0: 0x80006af4 (0x41065033) sra     zero, a2, a6
core   0: 3 0x80006af4 (0x41065033)
core   0: 0x80006af8 (0x0ff0000f) fence   iorw,iorw
core   0: 3 0x80006af8 (0x0ff0000f)
core   0: 0x80006afc (0x03e90b63) beq     s2, t5, pc + 54
core   0: 3 0x80006afc (0x03e90b63)
core   0: 0x80006b00 (0x00076a33) or      s4, a4, zero
core   0: 3 0x80006b00 (0x00076a33) x20 0x0001ffff
core   0: 0x80006b04 (0x00005c7d) c.li    s8, -1
core   0: 3 0x80006b04 (0x5c7d) x24 0xffffffff
core   0: 0x80006b06 (0x00000704) c.addi4spn s1, sp, 896
core   0: 3 0x80006b06 (0x0704) x 9 0x0000077e
core   0: 0x80006b08 (0x00127a63) bgeu    tp, ra, pc + 20
core   0: 3 0x80006b08 (0x00127a63)
core   0: 0x80006b1c (0x00008f6d) c.and   a4, a1
core   0: 3 0x80006b1c (0x8f6d) x14 0x00000000
core   0: 0x80006b1e (0x35c98b13) addi    s6, s3, 860
core   0: 3 0x80006b1e (0x35c98b13) x22 0x0000035c
core   0: 0x80006b22 (0x41fc5fb3) sra     t6, s8, t6
core   0: 3 0x80006b22 (0x41fc5fb3) x31 0xffffffff
core   0: 0x80006b26 (0x03f2bdb3) mulhu   s11, t0, t6
core   0: 3 0x80006b26 (0x03f2bdb3) x27 0xe6bae187
core   0: 0x80006b2a (0xe09e3293) sltiu   t0, t3, -503
core   0: 3 0x80006b2a (0xe09e3293) x 5 0x00000001
core   0: 0x80006b2e (0x00d2eb63) bltu    t0, a3, pc + 22
core   0: 3 0x80006b2e (0x00d2eb63)
core   0: 0x80006b44 (0x0000c2a9) c.beqz  a3, pc + 66
core   0: 3 0x80006b44 (0xc2a9)
core   0: 0x80006b46 (0x029f2833) mulhsu  a6, t5, s1
core   0: 3 0x80006b46 (0x029f2833) x16 0x000001df
core   0: 0x80006b4a (0x0000117d) c.addi  sp, -1
core   0: 3 0x80006b4a (0x117d) x 2 0x000003fd
core   0: 0x80006b4c (0x0ff0000f) fence   iorw,iorw
core   0: 3 0x80006b4c (0x0ff0000f)
core   0: 0x80006b50 (0x005b5db3) srl     s11, s6, t0
core   0: 3 0x80006b50 (0x005b5db3) x27 0x000001ae
core   0: 0x80006b54 (0x013be533) or      a0, s7, s3
core   0: 3 0x80006b54 (0x013be533) x10 0x00000001
core   0: 0x80006b58 (0x0353b4b3) mulhu   s1, t2, s5
core   0: 3 0x80006b58 (0x0353b4b3) x 9 0x00000000
core   0: 0x80006b5c (0xe0d37993) andi    s3, t1, -499
core   0: 3 0x80006b5c (0xe0d37993) x19 0x00000000
core   0: 0x80006b60 (0x0ff0000f) fence   iorw,iorw
core   0: 3 0x80006b60 (0x0ff0000f)
core   0: 0x80006b64 (0x00008d9d) c.sub   a1, a5
core   0: 3 0x80006b64 (0x8d9d) x11 0x7fbda19c
core   0: 0x80006b66 (0x01c29393) slli    t2, t0, 28
core   0: 3 0x80006b66 (0x01c29393) x 7 0x10000000
core   0: 0x80006b6a (0x00af9b13) slli    s6, t6, 10
core   0: 3 0x80006b6a (0x00af9b13) x22 0xfffffc00
core   0: 0x80006b6e (0x26626e17) auipc   t3, 0x26626
core   0: 3 0x80006b6e (0x26626e17) x28 0xa662cb6e
core   0: 0x80006b72 (0x02e88863) beq     a7, a4, pc + 48
core   0: 3 0x80006b72 (0x02e88863)
core   0: 0x80006b76 (0x0ff0000f) fence   iorw,iorw
core   0: 3 0x80006b76 (0x0ff0000f)
core   0: 0x80006b7a (0x02f451b3) divu    gp, s0, a5
core   0: 3 0x80006b7a (0x02f451b3) x 3 0x00000000
core   0: 0x80006b7e (0x40170733) sub     a4, a4, ra
core   0: 3 0x80006b7e (0x40170733) x14 0x8fd6e842
core   0: 0x80006b82 (0xe9416713) ori     a4, sp, -364
core   0: 3 0x80006b82 (0xe9416713) x14 0xfffffffd
core   0: 0x80006b86 (0xa47bac13) slti    s8, s7, -1465
core   0: 3 0x80006b86 (0xa47bac13) x24 0x00000000
core   0: 0x80006b8a (0x00d14833) xor     a6, sp, a3
core   0: 3 0x80006b8a (0x00d14833) x16 0x0001fc02
core   0: 0x80006b8e (0x01347263) bgeu    s0, s3, pc + 4
core   0: 3 0x80006b8e (0x01347263)
core   0: 0x80006b92 (0x00721293) slli    t0, tp, 7
core   0: 3 0x80006b92 (0x00721293) x 5 0xaffc4200
core   0: 0x80006b96 (0x01662d33) slt     s10, a2, s6
core   0: 3 0x80006b96 (0x01662d33) x26 0x00000001
core   0: 0x80006b9a (0x01f36ab3) or      s5, t1, t6
core   0: 3 0x80006b9a (0x01f36ab3) x21 0xffffffff
core   0: 0x80006b9e (0x0000100f) fence.i
core   0: 3 0x80006b9e (0x0000100f)
core   0: 0x80006ba2 (0x00008f31) c.xor   a4, a2
core   0: 3 0x80006ba2 (0x8f31) x14 0x7ffd6319
core   0: 0x80006ba4 (0x00006cf1) c.lui   s9, 0x1c
core   0: 3 0x80006ba4 (0x6cf1) x25 0x0001c000
core   0: 0x80006ba6 (0x038bf333) remu    t1, s7, s8
core   0: 3 0x80006ba6 (0x038bf333) x 6 0x00000001
core   0: 0x80006baa (0x0000100f) fence.i
core   0: 3 0x80006baa (0x0000100f)
core   0: 0x80006bae (0x02e59863) bne     a1, a4, pc + 48
core   0: 3 0x80006bae (0x02e59863)
core   0: 0x80006bde (0x03bca9b3) mulhsu  s3, s9, s11
core   0: 3 0x80006bde (0x03bca9b3) x19 0x00000000
core   0: 0x80006be2 (0x95288593) addi    a1, a7, -1710
core   0: 3 0x80006be2 (0x95288593) x11 0x8000610e
core   0: 0x80006be6 (0x035a1b33) mulh    s6, s4, s5
core   0: 3 0x80006be6 (0x035a1b33) x22 0xffffffff
core   0: 0x80006bea (0x403150b3) sra     ra, sp, gp
core   0: 3 0x80006bea (0x403150b3) x 1 0x000003fd
core   0: 0x80006bee (0xdca196b7) lui     a3, 0xdca19
core   0: 3 0x80006bee (0xdca196b7) x13 0xdca19000
core   0: 0x80006bf2 (0x00000480) c.addi4spn s0, sp, 576
core   0: 3 0x80006bf2 (0x0480) x 8 0x0000063d
core   0: 0x80006bf4 (0x02a28833) mul     a6, t0, a0
core   0: 3 0x80006bf4 (0x02a28833) x16 0xaffc4200
core   0: 0x80006bf8 (0x00248533) add     a0, s1, sp
core   0: 3 0x80006bf8 (0x00248533) x10 0x000003fd
core   0: 0x80006bfc (0x00008a1e) c.mv    s4, t2
core   0: 3 0x80006bfc (0x8a1e) x20 0x10000000
core   0: 0x80006bfe (0x01565d13) srli    s10, a2, 21
core   0: 3 0x80006bfe (0x01565d13) x26 0x00000400
core   0: 0x80006c02 (0x00001dfd) c.addi  s11, -1
core   0: 3 0x80006c02 (0x1dfd) x27 0x000001ad
core   0: 0x80006c04 (0x008674b3) and     s1, a2, s0
core   0: 3 0x80006c04 (0x008674b3) x 9 0x00000424
core   0: 0x80006c08 (0x01c1ccb3) xor     s9, gp, t3
core   0: 3 0x80006c08 (0x01c1ccb3) x25 0xa662cb6e
core   0: 0x80006c0c (0xb3da3c13) sltiu   s8, s4, -1219
core   0: 3 0x80006c0c (0xb3da3c13) x24 0x00000001
core   0: 0x80006c10 (0x00008dd9) c.or    a1, a4
core   0: 3 0x80006c10 (0x8dd9) x11 0xfffd631f
core   0: 0x80006c12 (0x26c87013) andi    zero, a6, 620
core   0: 3 0x80006c12 (0x26c87013)
core   0: 0x80006c16 (0x03a7bfb3) mulhu   t6, a5, s10
core   0: 3 0x80006c16 (0x03a7bfb3) x31 0x00000200
core   0: 0x80006c1a (0x0000717d) c.addi16sp sp, -16
core   0: 3 0x80006c1a (0x717d) x 2 0x000003ed
core   0: 0x80006c1c (0x011a41b3) xor     gp, s4, a7
core   0: 3 0x80006c1c (0x011a41b3) x 3 0x900067bc
core   0: 0x80006c20 (0x00035813) srli    a6, t1, 0
core   0: 3 0x80006c20 (0x00035813) x16 0x00000001
core   0: 0x80006c24 (0x00008d15) c.sub   a0, a3
core   0: 3 0x80006c24 (0x8d15) x10 0x235e73fd
core   0: 0x80006c26 (0x00280cb3) add     s9, a6, sp
core   0: 3 0x80006c26 (0x00280cb3) x25 0x000003ee
core   0: 0x80006c2a (0x00008d15) c.sub   a0, a3
core   0: 3 0x80006c2a (0x8d15) x10 0x46bce3fd
core   0: 0x80006c2c (0x0000ed91) c.bnez  a1, pc + 28
core   0: 3 0x80006c2c (0xed91)
core   0: 0x80006c48 (0x00000001) c.nop
core   0: 3 0x80006c48 (0x0001)
core   0: 0x80006c4a (0x40495fb3) sra     t6, s2, tp
core   0: 3 0x80006c4a (0x40495fb3) x31 0x00000000
core   0: 0x80006c4e (0x00008ef9) c.and   a3, a4
core   0: 3 0x80006c4e (0x8ef9) x13 0x5ca10000
core   0: 0x80006c50 (0xb6312c93) slti    s9, sp, -1181
core   0: 3 0x80006c50 (0xb6312c93) x25 0x00000000
core   0: 0x80006c54 (0x00e044b3) xor     s1, zero, a4
core   0: 3 0x80006c54 (0x00e044b3) x 9 0x7ffd6319
core   0: 0x80006c58 (0x022172b3) remu    t0, sp, sp
core   0: 3 0x80006c58 (0x022172b3) x 5 0x00000000
core   0: 0x80006c5c (0x000b6db3) or      s11, s6, zero
core   0: 3 0x80006c5c (0x000b6db3) x27 0xffffffff
core   0: 0x80006c60 (0x038f89b3) mul     s3, t6, s8
core   0: 3 0x80006c60 (0x038f89b3) x19 0x00000000
core   0: 0x80006c64 (0x00000966) c.slli  s2, 25
core   0: 3 0x80006c64 (0x0966) x18 0x00000000
core   0: 0x80006c66 (0x00aafa33) and     s4, s5, a0
core   0: 3 0x80006c66 (0x00aafa33) x20 0x46bce3fd
core   0: 0x80006c6a (0x00008f59) c.or    a4, a4
core   0: 3 0x80006c6a (0x8f59) x14 0x7ffd6319
core   0: 0x80006c6c (0x03a12733) mulhsu  a4, sp, s10
core   0: 3 0x80006c6c (0x03a12733) x14 0x00000000
core   0: 0x80006c70 (0x03b244b3) div     s1, tp, s11
core   0: 3 0x80006c70 (0x03b244b3) x 9 0x16a0077c
core   0: 0x80006c74 (0x37fc2417) auipc   s0, 0x37fc2
core   0: 3 0x80006c74 (0x37fc2417) x 8 0xb7fc8c74
core   0: 0x80006c78 (0x5450e6b7) lui     a3, 0x5450e
core   0: 3 0x80006c78 (0x5450e6b7) x13 0x5450e000
core   0: 0x80006c7c (0xec1d5817) auipc   a6, 0xec1d5
core   0: 3 0x80006c7c (0xec1d5817) x16 0x6c1dbc7c
core   0: 0x80006c80 (0x0000c69d) c.beqz  a3, pc + 46
core   0: 3 0x80006c80 (0xc69d)
core   0: 0x80006c82 (0x00008cf9) c.and   s1, a4
core   0: 3 0x80006c82 (0x8cf9) x 9 0x00000000
core   0: 0x80006c84 (0x00000001) c.nop
core   0: 3 0x80006c84 (0x0001)
core   0: 0x80006c86 (0x00008f65) c.and   a4, s1
core   0: 3 0x80006c86 (0x8f65) x14 0x00000000
core   0: 0x80006c88 (0x0ff0000f) fence   iorw,iorw
core   0: 3 0x80006c88 (0x0ff0000f)
core   0: 0x80006c8c (0x4f1d3213) sltiu   tp, s10, 1265
core   0: 3 0x80006c8c (0x4f1d3213) x 4 0x00000001
core   0: 0x80006c90 (0x02f84c33) div     s8, a6, a5
core   0: 3 0x80006c90 (0x02f84c33) x24 0x00000000
core   0: 0x80006c94 (0x00000001) c.nop
core   0: 3 0x80006c94 (0x0001)
core   0: 0x80006c96 (0x00000001) c.nop
core   0: 3 0x80006c96 (0x0001)
core   0: 0x80006c98 (0x00008f4d) c.or    a4, a1
core   0: 3 0x80006c98 (0x8f4d) x14 0xfffd631f
core   0: 0x80006c9a (0xa21f8893) addi    a7, t6, -1503
core   0: 3 0x80006c9a (0xa21f8893) x17 0xfffffa21
core   0: 0x80006c9e (0x0089e9b3) or      s3, s3, s0
core   0: 3 0x80006c9e (0x0089e9b3) x19 0xb7fc8c74
core   0: 0x80006ca2 (0x0000100f) fence.i
core   0: 3 0x80006ca2 (0x0000100f)
core   0: 0x80006ca6 (0xd9d09e17) auipc   t3, 0xd9d09
core   0: 3 0x80006ca6 (0xd9d09e17) x28 0x59d0fca6
core   0: 0x80006caa (0xc00c2193) slti    gp, s8, -1024
core   0: 3 0x80006caa (0xc00c2193) x 3 0x00000000
core   0: 0x80006cae (0x01d9f263) bgeu    s3, t4, pc + 4
core   0: 3 0x80006cae (0x01d9f263)
core   0: 0x80006cb2 (0x02bdd733) divu    a4, s11, a1
core   0: 3 0x80006cb2 (0x02bdd733) x14 0x00000001
core   0: 0x80006cb6 (0x0079cc63) blt     s3, t2, pc + 24
core   0: 3 0x80006cb6 (0x0079cc63)
core   0: 0x80006cce (0x02015ab3) divu    s5, sp, zero
core   0: 3 0x80006cce (0x02015ab3) x21 0xffffffff
core   0: 0x80006cd2 (0x01fa1393) slli    t2, s4, 31
core   0: 3 0x80006cd2 (0x01fa1393) x 7 0x80000000
core   0: 0x80006cd6 (0x5cac30b7) lui     ra, 0x5cac3
core   0: 3 0x80006cd6 (0x5cac30b7) x 1 0x5cac3000
core   0: 0x80006cda (0x23a76913) ori     s2, a4, 570
core   0: 3 0x80006cda (0x23a76913) x18 0x0000023b
core   0: 0x80006cde (0x01d11933) sll     s2, sp, t4
core   0: 3 0x80006cde (0x01d11933) x18 0x000003ed
core   0: 0x80006ce2 (0x023a2333) mulhsu  t1, s4, gp
core   0: 3 0x80006ce2 (0x023a2333) x 6 0x00000000
core   0: 0x80006ce6 (0x00009b7d) c.andi  a4, -1
core   0: 3 0x80006ce6 (0x9b7d) x14 0x00000001
core   0: 0x80006ce8 (0x023dbab3) mulhu   s5, s11, gp
core   0: 3 0x80006ce8 (0x023dbab3) x21 0x00000000
core   0: 0x80006cec (0x008de833) or      a6, s11, s0
core   0: 3 0x80006cec (0x008de833) x16 0xffffffff
core   0: 0x80006cf0 (0x0ff0000f) fence   iorw,iorw
core   0: 3 0x80006cf0 (0x0ff0000f)
core   0: 0x80006cf4 (0x0262fab3) remu    s5, t0, t1
core   0: 3 0x80006cf4 (0x0262fab3) x21 0x00000000
core   0: 0x80006cf8 (0x003590b3) sll     ra, a1, gp
core   0: 3 0x80006cf8 (0x003590b3) x 1 0xfffd631f
core   0: 0x80006cfc (0x00d29013) slli    zero, t0, 13
core   0: 3 0x80006cfc (0x00d29013)
core   0: 0x80006d00 (0x00008055) c.srli  s0, 21
core   0: 3 0x80006d00 (0x8055) x 8 0x000005bf
core   0: 0x80006d02 (0x00009f8a) c.add   t6, sp
core   0: 3 0x80006d02 (0x9f8a) x31 0x000003ed
core   0: 0x80006d04 (0x0000877d) c.srai  a4, 31
core   0: 3 0x80006d04 (0x877d) x14 0x00000000
core   0: 0x80006d06 (0x04bed163) bge     t4, a1, pc + 66
core   0: 3 0x80006d06 (0x04bed163)
core   0: 0x80006d48 (0x8e253bb7) lui     s7, 0x8e253
core   0: 3 0x80006d48 (0x8e253bb7) x23 0x8e253000
core   0: 0x80006d4c (0x00b45c93) srli    s9, s0, 11
core   0: 3 0x80006d4c (0x00b45c93) x25 0x00000000
core   0: 0x80006d50 (0x016d8a33) add     s4, s11, s6
core   0: 3 0x80006d50 (0x016d8a33) x20 0xfffffffe
core   0: 0x80006d54 (0x00a8c733) xor     a4, a7, a0
core   0: 3 0x80006d54 (0x00a8c733) x14 0xb94319dc
core   0: 0x80006d58 (0x0000cb09) c.beqz  a4, pc + 18
core   0: 3 0x80006d58 (0xcb09)
core   0: 0x80006d5a (0x0ff0000f) fence   iorw,iorw
core   0: 3 0x80006d5a (0x0ff0000f)
core   0: 0x80006d5e (0x0ff0000f) fence   iorw,iorw
core   0: 3 0x80006d5e (0x0ff0000f)
core   0: 0x80006d62 (0x40398fb3) sub     t6, s3, gp
core   0: 3 0x80006d62 (0x40398fb3) x31 0xb7fc8c74
core   0: 0x80006d66 (0x12b3d717) auipc   a4, 0x12b3d
core   0: 3 0x80006d66 (0x12b3d717) x14 0x92b43d66
core   0: 0x80006d6a (0x00e7da93) srli    s5, a5, 14
core   0: 3 0x80006d6a (0x00e7da93) x21 0x00020009
core   0: 0x80006d6e (0x008d7ab3) and     s5, s10, s0
core   0: 3 0x80006d6e (0x008d7ab3) x21 0x00000400
core   0: 0x80006d72 (0x00000894) c.addi4spn a3, sp, 80
core   0: 3 0x80006d72 (0x0894) x13 0x0000043d
core   0: 0x80006d74 (0x00000718) c.addi4spn a4, sp, 896
core   0: 3 0x80006d74 (0x0718) x14 0x0000076d
core   0: 0x80006d76 (0x4186d193) srai    gp, a3, 24
core   0: 3 0x80006d76 (0x4186d193) x 3 0x00000000
core   0: 0x80006d7a (0xce6ea093) slti    ra, t4, -794
core   0: 3 0x80006d7a (0xce6ea093) x 1 0x00000000
core   0: 0x80006d7e (0x00329a33) sll     s4, t0, gp
core   0: 3 0x80006d7e (0x00329a33) x20 0x00000000
core   0: 0x80006d82 (0x0000a117) auipc   sp, 0xa
core   0: 3 0x80006d82 (0x0000a117) x 2 0x80010d82
core   0: 0x80006d86 (0xd7410113) addi    sp, sp, -652
core   0: 3 0x80006d86 (0xd7410113) x 2 0x80010af6
core   0: 0x80006d8a (0x00000001) c.nop
core   0: 3 0x80006d8a (0x0001)
core   0: 0x80006d8c (0xf83107a3) sb      gp, -113(sp)
core   0: 3 0x80006d8c (0xf83107a3) mem 0x80010a85 0x0
core   0: 0x80006d90 (0x40350533) sub     a0, a0, gp
core   0: 3 0x80006d90 (0x40350533) x10 0x46bce3fd
core   0: 0x80006d94 (0x0000853a) c.mv    a0, a4
core   0: 3 0x80006d94 (0x853a) x10 0x0000076d
core   0: 0x80006d96 (0xbd2be693) ori     a3, s7, -1070
core   0: 3 0x80006d96 (0xbd2be693) x13 0xfffffbd2
core   0: 0x80006d9a (0x0ac10003) lb      zero, 172(sp)
core   0: 3 0x80006d9a (0x0ac10003) mem 0x80010ba2
core   0: 0x80006d9e (0x01175013) srli    zero, a4, 17
core   0: 3 0x80006d9e (0x01175013)
core   0: 0x80006da2 (0x0d415503) lhu     a0, 212(sp)
core   0: 3 0x80006da2 (0x0d415503) x10 0x00005936 mem 0x80010bca
core   0: 0x80006da6 (0xf2e12683) lw      a3, -210(sp)
core   0: 3 0x80006da6 (0xf2e12683) x13 0x852b7077 mem 0x80010a24
core   0: 0x80006daa (0x04811b83) lh      s7, 72(sp)
core   0: 3 0x80006daa (0x04811b83) x23 0xffffffff mem 0x80010b3e
core   0: 0x80006dae (0x05211003) lh      zero, 82(sp)
core   0: 3 0x80006dae (0x05211003) mem 0x80010b48
core   0: 0x80006db2 (0xfa714003) lbu     zero, -89(sp)
core   0: 3 0x80006db2 (0xfa714003) mem 0x80010a9d
core   0: 0x80006db6 (0xf1f10b83) lb      s7, -225(sp)
core   0: 3 0x80006db6 (0xf1f10b83) x23 0x00000057 mem 0x80010a15
core   0: 0x80006dba (0x02612183) lw      gp, 38(sp)
core   0: 3 0x80006dba (0x02612183) x 3 0x8b346c81 mem 0x80010b1c
core   0: 0x80006dbe (0x03c15183) lhu     gp, 60(sp)
core   0: 3 0x80006dbe (0x03c15183) x 3 0x0000ccf7 mem 0x80010b32
core   0: 0x80006dc2 (0x000061ad) c.lui   gp, 0xb
core   0: 3 0x80006dc2 (0x61ad) x 3 0x0000b000
core   0: 0x80006dc4 (0xf9e10503) lb      a0, -98(sp)
core   0: 3 0x80006dc4 (0xf9e10503) x10 0xffffffc6 mem 0x80010a94
core   0: 0x80006dc8 (0xfc410683) lb      a3, -60(sp)
core   0: 3 0x80006dc8 (0xfc410683) x13 0x00000075 mem 0x80010aba
core   0: 0x80006dcc (0x040108a3) sb      zero, 81(sp)
core   0: 3 0x80006dcc (0x040108a3) mem 0x80010b47 0x0
core   0: 0x80006dd0 (0x02414503) lbu     a0, 36(sp)
core   0: 3 0x80006dd0 (0x02414503) x10 0x00000092 mem 0x80010b1a
core   0: 0x80006dd4 (0x1c7b8193) addi    gp, s7, 455
core   0: 3 0x80006dd4 (0x1c7b8193) x 3 0x0000021e
core   0: 0x80006dd8 (0xffd10683) lb      a3, -3(sp)
core   0: 3 0x80006dd8 (0xffd10683) x13 0xffffffa7 mem 0x80010af3
core   0: 0x80006ddc (0xfda11b83) lh      s7, -38(sp)
core   0: 3 0x80006ddc (0xfda11b83) x23 0x000045f5 mem 0x80010ad0
core   0: 0x80006de0 (0x02300033) mul     zero, zero, gp
core   0: 3 0x80006de0 (0x02300033)
core   0: 0x80006de4 (0xf8e10023) sb      a4, -128(sp)
core   0: 3 0x80006de4 (0xf8e10023) mem 0x80010a76 0x6d
core   0: 0x80006de8 (0x00000745) c.addi  a4, 17
core   0: 3 0x80006de8 (0x0745) x14 0x0000077e
core   0: 0x80006dea (0xf6f14b83) lbu     s7, -145(sp)
core   0: 3 0x80006dea (0xf6f14b83) x23 0x00000094 mem 0x80010a65
core   0: 0x80006dee (0x03a14183) lbu     gp, 58(sp)
core   0: 3 0x80006dee (0x03a14183) x 3 0x00000025 mem 0x80010b30
core   0: 0x80006df2 (0x08214683) lbu     a3, 130(sp)
core   0: 3 0x80006df2 (0x08214683) x13 0x00000047 mem 0x80010b78
core   0: 0x80006df6 (0x00000bd9) c.addi  s7, 22
core   0: 3 0x80006df6 (0x0bd9) x23 0x000000aa
core   0: 0x80006df8 (0x00008eb9) c.xor   a3, a4
core   0: 3 0x80006df8 (0x8eb9) x13 0x00000739
core   0: 0x80006dfa (0xf4a10ea3) sb      a0, -163(sp)
core   0: 3 0x80006dfa (0xf4a10ea3) mem 0x80010a53 0x92
core   0: 0x80006dfe (0x1a953b93) sltiu   s7, a0, 425
core   0: 3 0x80006dfe (0x1a953b93) x23 0x00000001
core   0: 0x80006e02 (0x0000100f) fence.i
core   0: 3 0x80006e02 (0x0000100f)
core   0: 0x80006e06 (0xe79df6b7) lui     a3, 0xe79df
core   0: 3 0x80006e06 (0xe79df6b7) x13 0xe79df000
core   0: 0x80006e0a (0xf9314703) lbu     a4, -109(sp)
core   0: 3 0x80006e0a (0xf9314703) x14 0x00000079 mem 0x80010a89
core   0: 0x80006e0e (0x06c14683) lbu     a3, 108(sp)
core   0: 3 0x80006e0e (0x06c14683) x13 0x00000075 mem 0x80010b62
core   0: 0x80006e12 (0x00e77033) and     zero, a4, a4
core   0: 3 0x80006e12 (0x00e77033)
core   0: 0x80006e16 (0xf0d101a3) sb      a3, -253(sp)
core   0: 3 0x80006e16 (0xf0d101a3) mem 0x800109f9 0x75
core   0: 0x80006e1a (0x0281a9b3) mulhsu  s3, gp, s0
core   0: 3 0x80006e1a (0x0281a9b3) x19 0x00000000
core   0: 0x80006e1e (0xf6fde593) ori     a1, s11, -145
core   0: 3 0x80006e1e (0xf6fde593) x11 0xffffffff
core   0: 0x80006e22 (0x01d41593) slli    a1, s0, 29
core   0: 3 0x80006e22 (0x01d41593) x11 0xe0000000
core   0: 0x80006e26 (0x0000691d) c.lui   s2, 0x7
core   0: 3 0x80006e26 (0x691d) x18 0x00007000
core   0: 0x80006e28 (0x00008529) c.srai  a0, 10
core   0: 3 0x80006e28 (0x8529) x10 0x00000000
core   0: 0x80006e2a (0x016bdb63) bge     s7, s6, pc + 22
core   0: 3 0x80006e2a (0x016bdb63)
core   0: 0x80006e40 (0x00008ddd) c.or    a1, a5
core   0: 3 0x80006e40 (0x8ddd) x11 0xe0025e64
core   0: 0x80006e42 (0x02c54733) div     a4, a0, a2
core   0: 3 0x80006e42 (0x02c54733) x14 0x00000000
core   0: 0x80006e46 (0x03a54d33) div     s10, a0, s10
core   0: 3 0x80006e46 (0x03a54d33) x26 0x00000000
core   0: 0x80006e4a (0x0337ea63) bltu    a5, s3, pc + 52
core   0: 3 0x80006e4a (0x0337ea63)
core   0: 0x80006e4e (0x00c37533) and     a0, t1, a2
core   0: 3 0x80006e4e (0x00c37533) x10 0x00000000
core   0: 0x80006e52 (0x034ad663) bge     s5, s4, pc + 44
core   0: 3 0x80006e52 (0x034ad663)
core   0: 0x80006e7e (0x05541263) bne     s0, s5, pc + 68
core   0: 3 0x80006e7e (0x05541263)
core   0: 0x80006ec2 (0x00000ff5) c.addi  t6, 29
core   0: 3 0x80006ec2 (0x0ff5) x31 0xb7fc8c91
core   0: 0x80006ec4 (0x0329fb33) remu    s6, s3, s2
core   0: 3 0x80006ec4 (0x0329fb33) x22 0x00000000
core   0: 0x80006ec8 (0x03679b33) mulh    s6, a5, s6
core   0: 3 0x80006ec8 (0x03679b33) x22 0x00000000
core   0: 0x80006ecc (0x00008f5d) c.or    a4, a5
core   0: 3 0x80006ecc (0x8f5d) x14 0x80025e64
core   0: 0x80006ece (0x0155f2b3) and     t0, a1, s5
core   0: 3 0x80006ece (0x0155f2b3) x 5 0x00000400
core   0: 0x80006ed2 (0x0ff0000f) fence   iorw,iorw
core   0: 3 0x80006ed2 (0x0ff0000f)
core   0: 0x80006ed6 (0x00a41463) bne     s0, a0, pc + 8
core   0: 3 0x80006ed6 (0x00a41463)
core   0: 0x80006ede (0x06f41863) bne     s0, a5, pc + 112
core   0: 3 0x80006ede (0x06f41863)
core   0: 0x80006f4e (0x0237b9b3) mulhu   s3, a5, gp
core   0: 3 0x80006f4e (0x0237b9b3) x19 0x00000012
core   0: 0x80006f52 (0xbf04ae13) slti    t3, s1, -1040
core   0: 3 0x80006f52 (0xbf04ae13) x28 0x00000000
core   0: 0x80006f56 (0x00206533) or      a0, zero, sp
core   0: 3 0x80006f56 (0x00206533) x10 0x80010af6
core   0: 0x80006f5a (0x0ff0000f) fence   iorw,iorw
core   0: 3 0x80006f5a (0x0ff0000f)
core   0: 0x80006f5e (0x0ff0000f) fence   iorw,iorw
core   0: 3 0x80006f5e (0x0ff0000f)
core   0: 0x80006f62 (0xc21e6013) ori     zero, t3, -991
core   0: 3 0x80006f62 (0xc21e6013)
core   0: 0x80006f66 (0x0000717d) c.addi16sp sp, -16
core   0: 3 0x80006f66 (0x717d) x 2 0x80010ae6
core   0: 0x80006f68 (0x0000615d) c.addi16sp sp, 432
core   0: 3 0x80006f68 (0x615d) x 2 0x80010c96
core   0: 0x80006f6a (0x02f414b3) mulh    s1, s0, a5
core   0: 3 0x80006f6a (0x02f414b3) x 9 0xfffffd20
core   0: 0x80006f6e (0x0000100f) fence.i
core   0: 3 0x80006f6e (0x0000100f)
core   0: 0x80006f72 (0x01af4c63) blt     t5, s10, pc + 24
core   0: 3 0x80006f72 (0x01af4c63)
core   0: 0x80006f76 (0x00d2cfb3) xor     t6, t0, a3
core   0: 3 0x80006f76 (0x00d2cfb3) x31 0x00000475
core   0: 0x80006f7a (0x00000d61) c.addi  s10, 24
core   0: 3 0x80006f7a (0x0d61) x26 0x00000018
core   0: 0x80006f7c (0x00001580) c.addi4spn s0, sp, 736
core   0: 3 0x80006f7c (0x1580) x 8 0x80010f76
core   0: 0x80006f7e (0x03ab4c33) div     s8, s6, s10
core   0: 3 0x80006f7e (0x03ab4c33) x24 0x00000000
core   0: 0x80006f82 (0x0000c705) c.beqz  a4, pc + 40
core   0: 3 0x80006f82 (0xc705)
core   0: 0x80006f84 (0x41ce8fb3) sub     t6, t4, t3
core   0: 3 0x80006f84 (0x41ce8fb3) x31 0x00000000
core   0: 0x80006f88 (0x0000c895) c.beqz  s1, pc + 52
core   0: 3 0x80006f88 (0xc895)
core   0: 0x80006f8a (0x01a3ff63) bgeu    t2, s10, pc + 30
core   0: 3 0x80006f8a (0x01a3ff63)
core   0: 0x80006fa8 (0x00000ba1) c.addi  s7, 8
core   0: 3 0x80006fa8 (0x0ba1) x23 0x00000009
core   0: 0x80006faa (0x003b69b3) or      s3, s6, gp
core   0: 3 0x80006faa (0x003b69b3) x19 0x00000025
core   0: 0x80006fae (0x00008f5d) c.or    a4, a5
core   0: 3 0x80006fae (0x8f5d) x14 0x80025e64
core   0: 0x80006fb0 (0x0000100f) fence.i
core   0: 3 0x80006fb0 (0x0000100f)
core   0: 0x80006fb4 (0x415805b3) sub     a1, a6, s5
core   0: 3 0x80006fb4 (0x415805b3) x11 0xfffffbff
core   0: 0x80006fb8 (0x013d8b33) add     s6, s11, s3
core   0: 3 0x80006fb8 (0x013d8b33) x22 0x00000024
core   0: 0x80006fbc (0x000084c6) c.mv    s1, a7
core   0: 3 0x80006fbc (0x84c6) x 9 0xfffffa21
core   0: 0x80006fbe (0x017615b3) sll     a1, a2, s7
core   0: 3 0x80006fbe (0x017615b3) x11 0x0539c800
core   0: 0x80006fc2 (0xea577893) andi    a7, a4, -347
core   0: 3 0x80006fc2 (0xea577893) x17 0x80025e24
core   0: 0x80006fc6 (0x0000100f) fence.i
core   0: 3 0x80006fc6 (0x0000100f)
core   0: 0x80006fca (0x41e4d593) srai    a1, s1, 30
core   0: 3 0x80006fca (0x41e4d593) x11 0xffffffff
core   0: 0x80006fce (0x00008349) c.srli  a4, 18
core   0: 3 0x80006fce (0x8349) x14 0x00002000
core   0: 0x80006fd0 (0x056f0063) beq     t5, s6, pc + 64
core   0: 3 0x80006fd0 (0x056f0063)
core   0: 0x80006fd4 (0x403153b3) sra     t2, sp, gp
core   0: 3 0x80006fd4 (0x403153b3) x 7 0xfc000864
core   0: 0x80006fd8 (0x0000014a) c.slli  sp, 18
core   0: 3 0x80006fd8 (0x014a) x 2 0x32580000
core   0: 0x80006fda (0x005d6a63) bltu    s10, t0, pc + 20
core   0: 3 0x80006fda (0x005d6a63)
core   0: 0x80006fee (0xae074013) xori    zero, a4, -1312
core   0: 3 0x80006fee (0xae074013)
core   0: 0x80006ff2 (0x00e4ca63) blt     s1, a4, pc + 20
core   0: 3 0x80006ff2 (0x00e4ca63)
core   0: 0x80007006 (0x008430b3) sltu    ra, s0, s0
core   0: 3 0x80007006 (0x008430b3) x 1 0x00000000
core   0: 0x8000700a (0x01489913) slli    s2, a7, 20
core   0: 3 0x8000700a (0x01489913) x18 0xe2400000
core   0: 0x8000700e (0x0000ec61) c.bnez  s0, pc + 216
core   0: 3 0x8000700e (0xec61)
core   0: 0x800070e6 (0x02a50fb3) mul     t6, a0, a0
core   0: 3 0x800070e6 (0x02a50fb3) x31 0x16642464
core   0: 0x800070ea (0x029595b3) mulh    a1, a1, s1
core   0: 3 0x800070ea (0x029595b3) x11 0x00000000
core   0: 0x800070ee (0x4d4ef893) andi    a7, t4, 1236
core   0: 3 0x800070ee (0x4d4ef893) x17 0x00000000
core   0: 0x800070f2 (0x00008cb9) c.xor   s1, a4
core   0: 3 0x800070f2 (0x8cb9) x 9 0xffffda21
core   0: 0x800070f4 (0x02515563) bge     sp, t0, pc + 42
core   0: 3 0x800070f4 (0x02515563)
core   0: 0x8000711e (0x00008285) c.srli  a3, 1
core   0: 3 0x8000711e (0x8285) x13 0x0000003a
core   0: 0x80007120 (0x00008489) c.srai  s1, 2
core   0: 3 0x80007120 (0x8489) x 9 0xfffff688
core   0: 0x80007122 (0x0000846e) c.mv    s0, s11
core   0: 3 0x80007122 (0x846e) x 8 0xffffffff
core   0: 0x80007124 (0x00008d61) c.and   a0, s0
core   0: 3 0x80007124 (0x8d61) x10 0x80010af6
core   0: 0x80007126 (0x0000eb33) or      s6, ra, zero
core   0: 3 0x80007126 (0x0000eb33) x22 0x00000000
core   0: 0x8000712a (0x02047db3) remu    s11, s0, zero
core   0: 3 0x8000712a (0x02047db3) x27 0xffffffff
core   0: 0x8000712e (0x038d24b3) mulhsu  s1, s10, s8
core   0: 3 0x8000712e (0x038d24b3) x 9 0x00000000
core   0: 0x80007132 (0x00008ecd) c.or    a3, a1
core   0: 3 0x80007132 (0x8ecd) x13 0x0000003a
core   0: 0x80007134 (0x9280b697) auipc   a3, 0x9280b
core   0: 3 0x80007134 (0x9280b697) x13 0x12812134
core   0: 0x80007138 (0x000040f5) c.li    ra, 29
core   0: 3 0x80007138 (0x40f5) x 1 0x0000001d
core   0: 0x8000713a (0x026256b3) divu    a3, tp, t1
core   0: 3 0x8000713a (0x026256b3) x13 0xffffffff
core   0: 0x8000713e (0x00008d59) c.or    a0, a4
core   0: 3 0x8000713e (0x8d59) x10 0x80012af6
core   0: 0x80007140 (0x00008d39) c.xor   a0, a4
core   0: 3 0x80007140 (0x8d39) x10 0x80010af6
core   0: 0x80007142 (0x40f20fb3) sub     t6, tp, a5
core   0: 3 0x80007142 (0x40f20fb3) x31 0x7ffda19d
core   0: 0x80007146 (0x00001b08) c.addi4spn a0, sp, 432
core   0: 3 0x80007146 (0x1b08) x10 0x325801b0
core   0: 0x80007148 (0x005a9693) slli    a3, s5, 5
core   0: 3 0x80007148 (0x005a9693) x13 0x00008000
core   0: 0x8000714c (0x4106d013) srai    zero, a3, 16
core   0: 3 0x8000714c (0x4106d013)
core   0: 0x80007150 (0x05e69163) bne     a3, t5, pc + 66
core   0: 3 0x80007150 (0x05e69163)
core   0: 0x80007192 (0x0354df63) bge     s1, s5, pc + 62
core   0: 3 0x80007192 (0x0354df63)
core   0: 0x80007196 (0x5f76fd13) andi    s10, a3, 1527
core   0: 3 0x80007196 (0x5f76fd13) x26 0x00000000
core   0: 0x8000719a (0x00407d33) and     s10, zero, tp
core   0: 3 0x8000719a (0x00407d33) x26 0x00000000
core   0: 0x8000719e (0x00008e99) c.sub   a3, a4
core   0: 3 0x8000719e (0x8e99) x13 0x00006000
core   0: 0x800071a0 (0x015d6a63) bltu    s10, s5, pc + 20
core   0: 3 0x800071a0 (0x015d6a63)
core   0: 0x800071b4 (0x0000455d) c.li    a0, 23
core   0: 3 0x800071b4 (0x455d) x10 0x00000017
core   0: 0x800071b6 (0x41550833) sub     a6, a0, s5
core   0: 3 0x800071b6 (0x41550833) x16 0xfffffc17
core   0: 0x800071ba (0x02170db3) mul     s11, a4, ra
core   0: 3 0x800071ba (0x02170db3) x27 0x0003a000
core   0: 0x800071be (0x02c53a33) mulhu   s4, a0, a2
core   0: 3 0x800071be (0x02c53a33) x20 0x0000000b
core   0: 0x800071c2 (0x00008df5) c.and   a1, a3
core   0: 3 0x800071c2 (0x8df5) x11 0x00000000
core   0: 0x800071c4 (0x0000100f) fence.i
core   0: 3 0x800071c4 (0x0000100f)
core   0: 0x800071c8 (0x0000080c) c.addi4spn a1, sp, 16
core   0: 3 0x800071c8 (0x080c) x11 0x32580010
core   0: 0x800071ca (0x00004e09) c.li    t3, 2
core   0: 3 0x800071ca (0x4e09) x28 0x00000002
core   0: 0x800071cc (0x00000001) c.nop
core   0: 3 0x800071cc (0x0001)
core   0: 0x800071ce (0x0000ec0d) c.bnez  s0, pc + 58
core   0: 3 0x800071ce (0xec0d)
core   0: 0x80007208 (0xe5d0d437) lui     s0, 0xe5d0d
core   0: 3 0x80007208 (0xe5d0d437) x 8 0xe5d0d000
core   0: 0x8000720c (0x00008ea5) c.xor   a3, s1
core   0: 3 0x8000720c (0x8ea5) x13 0x00006000
core   0: 0x8000720e (0x00008edd) c.or    a3, a5
core   0: 3 0x8000720e (0x8edd) x13 0x80027e64
core   0: 0x80007210 (0x54783993) sltiu   s3, a6, 1351
core   0: 3 0x80007210 (0x54783993) x19 0x00000000
core   0: 0x80007214 (0x006c7263) bgeu    s8, t1, pc + 4
core   0: 3 0x80007214 (0x006c7263)
core   0: 0x80007218 (0x00e0dfb3) srl     t6, ra, a4
core   0: 3 0x80007218 (0x00e0dfb3) x31 0x0000001d
core   0: 0x8000721c (0x00008d81) c.sub   a1, s0
core   0: 3 0x8000721c (0x8d81) x11 0x4c873010
core   0: 0x8000721e (0x98f93213) sltiu   tp, s2, -1649
core   0: 3 0x8000721e (0x98f93213) x 4 0x00000001
core   0: 0x80007222 (0x40785133) sra     sp, a6, t2
core   0: 3 0x80007222 (0x40785133) x 2 0xffffffc1
core   0: 0x80007226 (0x3c92cd13) xori    s10, t0, 969
core   0: 3 0x80007226 (0x3c92cd13) x26 0x000007c9
core   0: 0x8000722a (0x41110fb3) sub     t6, sp, a7
core   0: 3 0x8000722a (0x41110fb3) x31 0xffffffc1
core   0: 0x8000722e (0x00001a14) c.addi4spn a3, sp, 304
core   0: 3 0x8000722e (0x1a14) x13 0x000000f1
core   0: 0x80007230 (0x00001b7d) c.addi  s6, -1
core   0: 3 0x80007230 (0x1b7d) x22 0xffffffff
core   0: 0x80007232 (0x00008341) c.srli  a4, 16
core   0: 3 0x80007232 (0x8341) x14 0x00000000
core   0: 0x80007234 (0x00000001) c.nop
core   0: 3 0x80007234 (0x0001)
core   0: 0x80007236 (0x02ab5733) divu    a4, s6, a0
core   0: 3 0x80007236 (0x02ab5733) x14 0x0b21642c
core   0: 0x8000723a (0x03a3c663) blt     t2, s10, pc + 44
core   0: 3 0x8000723a (0x03a3c663)
core   0: 0x80007266 (0xbfe0b893) sltiu   a7, ra, -1026
core   0: 3 0x80007266 (0xbfe0b893) x17 0x00000001
core   0: 0x8000726a (0x41eb8ab3) sub     s5, s7, t5
core   0: 3 0x8000726a (0x41eb8ab3) x21 0xc00067c5
core   0: 0x8000726e (0x04c3fe13) andi    t3, t2, 76
core   0: 3 0x8000726e (0x04c3fe13) x28 0x00000044
core   0: 0x80007272 (0x00008c79) c.and   s0, a4
core   0: 3 0x80007272 (0x8c79) x 8 0x01004000
core   0: 0x80007274 (0x02dc6833) rem     a6, s8, a3
core   0: 3 0x80007274 (0x02dc6833) x16 0x00000000
core   0: 0x80007278 (0x027a6033) rem     zero, s4, t2
core   0: 3 0x80007278 (0x027a6033)
core   0: 0x8000727c (0xdf0c4293) xori    t0, s8, -528
core   0: 3 0x8000727c (0xdf0c4293) x 5 0xfffffdf0
core   0: 0x80007280 (0x007cdab3) srl     s5, s9, t2
core   0: 3 0x80007280 (0x007cdab3) x21 0x00000000
core   0: 0x80007284 (0x01576c63) bltu    a4, s5, pc + 24
core   0: 3 0x80007284 (0x01576c63)
core   0: 0x80007288 (0xa74a0013) addi    zero, s4, -1420
core   0: 3 0x80007288 (0xa74a0013)
core   0: 0x8000728c (0x00008875) c.andi  s0, 29
core   0: 3 0x8000728c (0x8875) x 8 0x00000000
core   0: 0x8000728e (0x006671b3) and     gp, a2, t1
core   0: 3 0x8000728e (0x006671b3) x 3 0x00000000
core   0: 0x80007292 (0x41c7d393) srai    t2, a5, 28
core   0: 3 0x80007292 (0x41c7d393) x 7 0xfffffff8
core   0: 0x80007296 (0x00008f55) c.or    a4, a3
core   0: 3 0x80007296 (0x8f55) x14 0x0b2164fd
core   0: 0x80007298 (0xe0e24293) xori    t0, tp, -498
core   0: 3 0x80007298 (0xe0e24293) x 5 0xfffffe0f
core   0: 0x8000729c (0x00194f33) xor     t5, s2, ra
core   0: 3 0x8000729c (0x00194f33) x30 0xe240001d
core   0: 0x800072a0 (0x410b5db3) sra     s11, s6, a6
core   0: 3 0x800072a0 (0x410b5db3) x27 0xffffffff
core   0: 0x800072a4 (0x008d5513) srli    a0, s10, 8
core   0: 3 0x800072a4 (0x008d5513) x10 0x00000007
core   0: 0x800072a8 (0x010c9a93) slli    s5, s9, 16
core   0: 3 0x800072a8 (0x010c9a93) x21 0x00000000
core   0: 0x800072ac (0x40705a13) srai    s4, zero, 7
core   0: 3 0x800072ac (0x40705a13) x20 0x00000000
core   0: 0x800072b0 (0x001a0263) beq     s4, ra, pc + 4
core   0: 3 0x800072b0 (0x001a0263)
core   0: 0x800072b4 (0x00bad693) srli    a3, s5, 11
core   0: 3 0x800072b4 (0x00bad693) x13 0x00000000
core   0: 0x800072b8 (0x000060f1) c.lui   ra, 0x1c
core   0: 3 0x800072b8 (0x60f1) x 1 0x0001c000
core   0: 0x800072ba (0x01661db3) sll     s11, a2, s6
core   0: 3 0x800072ba (0x01661db3) x27 0x00000000
core   0: 0x800072be (0xc3040113) addi    sp, s0, -976
core   0: 3 0x800072be (0xc3040113) x 2 0xfffffc30
core   0: 0x800072c2 (0x0182d313) srli    t1, t0, 24
core   0: 3 0x800072c2 (0x0182d313) x 6 0x000000ff
core   0: 0x800072c6 (0xa88e4817) auipc   a6, 0xa88e4
core   0: 3 0x800072c6 (0xa88e4817) x16 0x288eb2c6
core   0: 0x800072ca (0x500d4c97) auipc   s9, 0x500d4
core   0: 3 0x800072ca (0x500d4c97) x25 0xd00db2ca
core   0: 0x800072ce (0x00001e0c) c.addi4spn a1, sp, 816
core   0: 3 0x800072ce (0x1e0c) x11 0xffffff60
core   0: 0x800072d0 (0xdb078893) addi    a7, a5, -592
core   0: 3 0x800072d0 (0xdb078893) x17 0x80025c14
core   0: 0x800072d4 (0x0162ce63) blt     t0, s6, pc + 28
core   0: 3 0x800072d4 (0x0162ce63)
core   0: 0x800072f0 (0x4069d693) srai    a3, s3, 6
core   0: 3 0x800072f0 (0x4069d693) x13 0x00000000
core   0: 0x800072f4 (0x0000044e) c.slli  s0, 19
core   0: 3 0x800072f4 (0x044e) x 8 0x00000000
core   0: 0x800072f6 (0x0037ce33) xor     t3, a5, gp
core   0: 3 0x800072f6 (0x0037ce33) x28 0x80025e64
core   0: 0x800072fa (0x039d5b33) divu    s6, s10, s9
core   0: 3 0x800072fa (0x039d5b33) x22 0x00000000
core   0: 0x800072fe (0x59b08693) addi    a3, ra, 1435
core   0: 3 0x800072fe (0x59b08693) x13 0x0001c59b
core   0: 0x80007302 (0x002f7ab3) and     s5, t5, sp
core   0: 3 0x80007302 (0x002f7ab3) x21 0xe2400010
core   0: 0x80007306 (0x6fff2693) slti    a3, t5, 1791
core   0: 3 0x80007306 (0x6fff2693) x13 0x00000001
core   0: 0x8000730a (0x03d97db3) remu    s11, s2, t4
core   0: 3 0x8000730a (0x03d97db3) x27 0xe2400000
core   0: 0x8000730e (0x00008c21) c.xor   s0, s0
core   0: 3 0x8000730e (0x8c21) x 8 0x00000000
core   0: 0x80007310 (0x00008d65) c.and   a0, s1
core   0: 3 0x80007310 (0x8d65) x10 0x00000000
core   0: 0x80007312 (0x0000e299) c.bnez  a3, pc + 6
core   0: 3 0x80007312 (0xe299)
core   0: 0x80007318 (0xd9873913) sltiu   s2, a4, -616
core   0: 3 0x80007318 (0xd9873913) x18 0x00000001
core   0: 0x8000731c (0x0000717d) c.addi16sp sp, -16
core   0: 3 0x8000731c (0x717d) x 2 0xfffffc20
core   0: 0x8000731e (0x00008de1) c.and   a1, s0
core   0: 3 0x8000731e (0x8de1) x11 0x00000000
core   0: 0x80007320 (0x01ccf863) bgeu    s9, t3, pc + 16
core   0: 3 0x80007320 (0x01ccf863)
core   0: 0x80007330 (0x00008069) c.srli  s0, 26
core   0: 3 0x80007330 (0x8069) x 8 0x00000000
core   0: 0x80007332 (0x132d6893) ori     a7, s10, 306
core   0: 3 0x80007332 (0x132d6893) x17 0x000007fb
core   0: 0x80007336 (0x00000d94) c.addi4spn a3, sp, 720
core   0: 3 0x80007336 (0x0d94) x13 0xfffffef0
core   0: 0x80007338 (0x00008c0d) c.sub   s0, a1
core   0: 3 0x80007338 (0x8c0d) x 8 0x00000000
core   0: 0x8000733a (0x005f4863) blt     t5, t0, pc + 16
core   0: 3 0x8000733a (0x005f4863)
core   0: 0x8000734a (0x0000cc11) c.beqz  s0, pc + 28
core   0: 3 0x8000734a (0xcc11)
core   0: 0x80007366 (0x0164ef33) or      t5, s1, s6
core   0: 3 0x80007366 (0x0164ef33) x30 0x00000000
core   0: 0x8000736a (0xfdbc45b7) lui     a1, 0xfdbc4
core   0: 3 0x8000736a (0xfdbc45b7) x11 0xfdbc4000
core   0: 0x8000736e (0x00000001) c.nop
core   0: 3 0x8000736e (0x0001)
core   0: 0x80007370 (0x0338b033) mulhu   zero, a7, s3
core   0: 3 0x80007370 (0x0338b033)
core   0: 0x80007374 (0x00ffca33) xor     s4, t6, a5
core   0: 3 0x80007374 (0x00ffca33) x20 0x7ffda1a5
core   0: 0x80007378 (0xec3c2013) slti    zero, s8, -317
core   0: 3 0x80007378 (0xec3c2013)
core   0: 0x8000737c (0x00009c3a) c.add   s8, a4
core   0: 3 0x8000737c (0x9c3a) x24 0x0b2164fd
core   0: 0x8000737e (0x0ff0000f) fence   iorw,iorw
core   0: 3 0x8000737e (0x0ff0000f)
core   0: 0x80007382 (0x0059ad33) slt     s10, s3, t0
core   0: 3 0x80007382 (0x0059ad33) x26 0x00000000
core   0: 0x80007386 (0x0000c009) c.beqz  s0, pc + 2
core   0: 3 0x80007386 (0xc009)
core   0: 0x80007388 (0x00008f51) c.or    a4, a2
core   0: 3 0x80007388 (0x8f51) x14 0x8b23fcfd
core   0: 0x8000738a (0x00af9263) bne     t6, a0, pc + 4
core   0: 3 0x8000738a (0x00af9263)
core   0: 0x8000738e (0x41a65b13) srai    s6, a2, 26
core   0: 3 0x8000738e (0x41a65b13) x22 0xffffffe0
core   0: 0x80007392 (0x014106b3) add     a3, sp, s4
core   0: 3 0x80007392 (0x014106b3) x13 0x7ffd9dc5
core   0: 0x80007396 (0xaadd2f93) slti    t6, s10, -1363
core   0: 3 0x80007396 (0xaadd2f93) x31 0x00000000
core   0: 0x8000739a (0x41df5733) sra     a4, t5, t4
core   0: 3 0x8000739a (0x41df5733) x14 0x00000000
core   0: 0x8000739e (0x031cf2b3) remu    t0, s9, a7
core   0: 3 0x8000739e (0x031cf2b3) x 5 0x000004cf
core   0: 0x800073a2 (0x00008539) c.srai  a0, 14
core   0: 3 0x800073a2 (0x8539) x10 0x00000000
core   0: 0x800073a4 (0x015d5e13) srli    t3, s10, 21
core   0: 3 0x800073a4 (0x015d5e13) x28 0x00000000
core   0: 0x800073a8 (0x406902b3) sub     t0, s2, t1
core   0: 3 0x800073a8 (0x406902b3) x 5 0xffffff02
core   0: 0x800073ac (0xc0ec4d93) xori    s11, s8, -1010
core   0: 3 0x800073ac (0xc0ec4d93) x27 0xf4de98f3
core   0: 0x800073b0 (0x03747333) remu    t1, s0, s7
core   0: 3 0x800073b0 (0x03747333) x 6 0x00000000
core   0: 0x800073b4 (0x0000c895) c.beqz  s1, pc + 52
core   0: 3 0x800073b4 (0xc895)
core   0: 0x800073e8 (0x00001794) c.addi4spn a3, sp, 992
core   0: 3 0x800073e8 (0x1794) x13 0x00000000
core   0: 0x800073ea (0x00ebd733) srl     a4, s7, a4
core   0: 3 0x800073ea (0x00ebd733) x14 0x00000009
core   0: 0x800073ee (0x0000c41d) c.beqz  s0, pc + 46
core   0: 3 0x800073ee (0xc41d)
core   0: 0x8000741c (0x0000e915) c.bnez  a0, pc + 52
core   0: 3 0x8000741c (0xe915)
core   0: 0x8000741e (0x017e0cb3) add     s9, t3, s7
core   0: 3 0x8000741e (0x017e0cb3) x25 0x00000009
core   0: 0x80007422 (0x01b91f33) sll     t5, s2, s11
core   0: 3 0x80007422 (0x01b91f33) x30 0x00080000
core   0: 0x80007426 (0x00e25f63) bge     tp, a4, pc + 30
core   0: 3 0x80007426 (0x00e25f63)
core   0: 0x8000742a (0x03b95b63) bge     s2, s11, pc + 54
core   0: 3 0x8000742a (0x03b95b63)
core   0: 0x80007460 (0x0384dbb3) divu    s7, s1, s8
core   0: 3 0x80007460 (0x0384dbb3) x23 0x00000000
core   0: 0x80007464 (0x03f739b3) mulhu   s3, a4, t6
core   0: 3 0x80007464 (0x03f739b3) x19 0x00000000
core   0: 0x80007468 (0x0081c933) xor     s2, gp, s0
core   0: 3 0x80007468 (0x0081c933) x18 0x00000000
core   0: 0x8000746c (0x000082e1) c.srli  a3, 24
core   0: 3 0x8000746c (0x82e1) x13 0x00000000
core   0: 0x8000746e (0x01824cb3) xor     s9, tp, s8
core   0: 3 0x8000746e (0x01824cb3) x25 0x0b2164fc
core   0: 0x80007472 (0x023d1f33) mulh    t5, s10, gp
core   0: 3 0x80007472 (0x023d1f33) x30 0x00000000
core   0: 0x80007476 (0x00000001) c.nop
core   0: 3 0x80007476 (0x0001)
core   0: 0x80007478 (0x01a01b63) bne     zero, s10, pc + 22
core   0: 3 0x80007478 (0x01a01b63)
core   0: 0x8000747c (0x00008031) c.srli  s0, 12
core   0: 3 0x8000747c (0x8031) x 8 0x00000000
core   0: 0x8000747e (0x6eb7ee13) ori     t3, a5, 1771
core   0: 3 0x8000747e (0x6eb7ee13) x28 0x80025eef
core   0: 0x80007482 (0x402a5733) sra     a4, s4, sp
core   0: 3 0x80007482 (0x402a5733) x14 0x7ffda1a5
core   0: 0x80007486 (0x039d6763) bltu    s10, s9, pc + 46
core   0: 3 0x80007486 (0x039d6763)
core   0: 0x800074b4 (0x0000100f) fence.i
core   0: 3 0x800074b4 (0x0000100f)
core   0: 0x800074b8 (0x00c10f63) beq     sp, a2, pc + 30
core   0: 3 0x800074b8 (0x00c10f63)
core   0: 0x800074bc (0x03f4ba33) mulhu   s4, s1, t6
core   0: 3 0x800074bc (0x03f4ba33) x20 0x00000000
core   0: 0x800074c0 (0x01262533) slt     a0, a2, s2
core   0: 3 0x800074c0 (0x01262533) x10 0x00000001
core   0: 0x800074c4 (0xe06a3493) sltiu   s1, s4, -506
core   0: 3 0x800074c4 (0xe06a3493) x 9 0x00000001
core   0: 0x800074c8 (0x406fd933) sra     s2, t6, t1
core   0: 3 0x800074c8 (0x406fd933) x18 0x00000000
core   0: 0x800074cc (0x409c8433) sub     s0, s9, s1
core   0: 3 0x800074cc (0x409c8433) x 8 0x0b2164fb
core   0: 0x800074d0 (0x0000e189) c.bnez  a1, pc + 2
core   0: 3 0x800074d0 (0xe189)
core   0: 0x800074d2 (0x011c95b3) sll     a1, s9, a7
core   0: 3 0x800074d2 (0x011c95b3) x11 0xe0000000
core   0: 0x800074d6 (0x4139d8b3) sra     a7, s3, s3
core   0: 3 0x800074d6 (0x4139d8b3) x17 0x00000000
core   0: 0x800074da (0x00e31213) slli    tp, t1, 14
core   0: 3 0x800074da (0x00e31213) x 4 0x00000000
core   0: 0x800074de (0x0046ddb3) srl     s11, a3, tp
core   0: 3 0x800074de (0x0046ddb3) x27 0x00000000
core   0: 0x800074e2 (0x00cfdb63) bge     t6, a2, pc + 22
core   0: 3 0x800074e2 (0x00cfdb63)
core   0: 0x800074f8 (0x01f44e63) blt     s0, t6, pc + 28
core   0: 3 0x800074f8 (0x01f44e63)
core   0: 0x800074fc (0x0018dd33) srl     s10, a7, ra
core   0: 3 0x800074fc (0x0018dd33) x26 0x00000000
core   0: 0x80007500 (0xaa07e737) lui     a4, 0xaa07e
core   0: 3 0x80007500 (0xaa07e737) x14 0xaa07e000
core   0: 0x80007504 (0x0000ef1d) c.bnez  a4, pc + 62
core   0: 3 0x80007504 (0xef1d)
core   0: 0x80007542 (0x00340263) beq     s0, gp, pc + 4
core   0: 3 0x80007542 (0x00340263)
core   0: 0x80007546 (0x03e4bb33) mulhu   s6, s1, t5
core   0: 3 0x80007546 (0x03e4bb33) x22 0x00000000
core   0: 0x8000754a (0x0000024e) c.slli  tp, 19
core   0: 3 0x8000754a (0x024e) x 4 0x00000000
core   0: 0x8000754c (0x02fbbd33) mulhu   s10, s7, a5
core   0: 3 0x8000754c (0x02fbbd33) x26 0x00000000
core   0: 0x80007550 (0x40c3d9b3) sra     s3, t2, a2
core   0: 3 0x80007550 (0x40c3d9b3) x19 0xffffffff
core   0: 0x80007554 (0x40398fb3) sub     t6, s3, gp
core   0: 3 0x80007554 (0x40398fb3) x31 0xffffffff
core   0: 0x80007558 (0x036d6963) bltu    s10, s6, pc + 50
core   0: 3 0x80007558 (0x036d6963)
core   0: 0x8000755c (0x01221293) slli    t0, tp, 18
core   0: 3 0x8000755c (0x01221293) x 5 0x00000000
core   0: 0x80007560 (0x018125b3) slt     a1, sp, s8
core   0: 3 0x80007560 (0x018125b3) x11 0x00000001
core   0: 0x80007564 (0x0000cd9d) c.beqz  a1, pc + 62
core   0: 3 0x80007564 (0xcd9d)
core   0: 0x80007566 (0x00008089) c.srli  s1, 2
core   0: 3 0x80007566 (0x8089) x 9 0x00000000
core   0: 0x80007568 (0x0000100f) fence.i
core   0: 3 0x80007568 (0x0000100f)
core   0: 0x8000756c (0x00b64d33) xor     s10, a2, a1
core   0: 3 0x8000756c (0x00b64d33) x26 0x80029ce5
core   0: 0x80007570 (0x402253b3) sra     t2, tp, sp
core   0: 3 0x80007570 (0x402253b3) x 7 0x00000000
core   0: 0x80007574 (0x000091fa) c.add   gp, t5
core   0: 3 0x80007574 (0x91fa) x 3 0x00000000
core   0: 0x80007576 (0x01ece263) bltu    s9, t5, pc + 4
core   0: 3 0x80007576 (0x01ece263)
core   0: 0x8000757a (0x3a98bf13) sltiu   t5, a7, 937
core   0: 3 0x8000757a (0x3a98bf13) x30 0x00000001
core   0: 0x8000757e (0x0000058a) c.slli  a1, 2
core   0: 3 0x8000757e (0x058a) x11 0x00000004
core   0: 0x80007580 (0xc791c113) xori    sp, gp, -903
core   0: 3 0x80007580 (0xc791c113) x 2 0xfffffc79
core   0: 0x80007584 (0x00006141) c.addi16sp sp, 16
core   0: 3 0x80007584 (0x6141) x 2 0xfffffc89
core   0: 0x80007586 (0x7e9b1fb7) lui     t6, 0x7e9b1
core   0: 3 0x80007586 (0x7e9b1fb7) x31 0x7e9b1000
core   0: 0x8000758a (0x00009322) c.add   t1, s0
core   0: 3 0x8000758a (0x9322) x 6 0x0b2164fb
core   0: 0x8000758c (0x0000ef09) c.bnez  a4, pc + 26
core   0: 3 0x8000758c (0xef09)
core   0: 0x800075a6 (0x00000001) c.nop
core   0: 3 0x800075a6 (0x0001)
core   0: 0x800075a8 (0x000084d9) c.srai  s1, 22
core   0: 3 0x800075a8 (0x84d9) x 9 0x00000000
core   0: 0x800075aa (0x00000001) c.nop
core   0: 3 0x800075aa (0x0001)
core   0: 0x800075ac (0x01e70433) add     s0, a4, t5
core   0: 3 0x800075ac (0x01e70433) x 8 0xaa07e001
core   0: 0x800075b0 (0x00008c11) c.sub   s0, a2
core   0: 3 0x800075b0 (0x8c11) x 8 0x2a05431d
core   0: 0x800075b2 (0x0000717d) c.addi16sp sp, -16
core   0: 3 0x800075b2 (0x717d) x 2 0xfffffc79
core   0: 0x800075b4 (0x00006169) c.addi16sp sp, 208
core   0: 3 0x800075b4 (0x6169) x 2 0xfffffd49
core   0: 0x800075b6 (0x4ce52813) slti    a6, a0, 1230
core   0: 3 0x800075b6 (0x4ce52813) x16 0x00000001
core   0: 0x800075ba (0x00008ed5) c.or    a3, a3
core   0: 3 0x800075ba (0x8ed5) x13 0x00000000
core   0: 0x800075bc (0x0000147d) c.addi  s0, -1
core   0: 3 0x800075bc (0x147d) x 8 0x2a05431c
core   0: 0x800075be (0x00dc64b3) or      s1, s8, a3
core   0: 3 0x800075be (0x00dc64b3) x 9 0x0b2164fd
core   0: 0x800075c2 (0x00000206) c.slli  tp, 1
core   0: 3 0x800075c2 (0x0206) x 4 0x00000000
core   0: 0x800075c4 (0x00234e33) xor     t3, t1, sp
core   0: 3 0x800075c4 (0x00234e33) x28 0xf4de99b2
core   0: 0x800075c8 (0x01e2f9b3) and     s3, t0, t5
core   0: 3 0x800075c8 (0x01e2f9b3) x19 0x00000000
core   0: 0x800075cc (0x01b65e13) srli    t3, a2, 27
core   0: 3 0x800075cc (0x01b65e13) x28 0x00000010
core   0: 0x800075d0 (0x00000001) c.nop
core   0: 3 0x800075d0 (0x0001)
core   0: 0x800075d2 (0x00483e33) sltu    t3, a6, tp
core   0: 3 0x800075d2 (0x00483e33) x28 0x00000000
core   0: 0x800075d6 (0x032fe963) bltu    t6, s2, pc + 50
core   0: 3 0x800075d6 (0x032fe963)
core   0: 0x800075da (0x00008731) c.srai  a4, 12
core   0: 3 0x800075da (0x8731) x14 0xfffaa07e
core   0: 0x800075dc (0x00008449) c.srai  s0, 18
core   0: 3 0x800075dc (0x8449) x 8 0x00000a81
core   0: 0x800075de (0x00000001) c.nop
core   0: 3 0x800075de (0x0001)
core   0: 0x800075e0 (0x00ba1663) bne     s4, a1, pc + 12
core   0: 3 0x800075e0 (0x00ba1663)
core   0: 0x800075ec (0x02d48ab3) mul     s5, s1, a3
core   0: 3 0x800075ec (0x02d48ab3) x21 0x00000000
core   0: 0x800075f0 (0x00000001) c.nop
core   0: 3 0x800075f0 (0x0001)
core   0: 0x800075f2 (0x05c61463) bne     a2, t3, pc + 72
core   0: 3 0x800075f2 (0x05c61463)
core   0: 0x8000763a (0x00109433) sll     s0, ra, ra
core   0: 3 0x8000763a (0x00109433) x 8 0x0001c000
core   0: 0x8000763e (0x00000732) c.slli  a4, 12
core   0: 3 0x8000763e (0x0732) x14 0xaa07e000
core   0: 0x80007640 (0x00f28e33) add     t3, t0, a5
core   0: 3 0x80007640 (0x00f28e33) x28 0x80025e64
core   0: 0x80007644 (0x1ef62813) slti    a6, a2, 495
core   0: 3 0x80007644 (0x1ef62813) x16 0x00000001
core   0: 0x80007648 (0x0074af33) slt     t5, s1, t2
core   0: 3 0x80007648 (0x0074af33) x30 0x00000000
core   0: 0x8000764c (0x029b1a33) mulh    s4, s6, s1
core   0: 3 0x8000764c (0x029b1a33) x20 0x00000000
core   0: 0x80007650 (0x7c2d3913) sltiu   s2, s10, 1986
core   0: 3 0x80007650 (0x7c2d3913) x18 0x00000000
core   0: 0x80007654 (0x029044b3) div     s1, zero, s1
core   0: 3 0x80007654 (0x029044b3) x 9 0x00000000
core   0: 0x80007658 (0x03910e33) mul     t3, sp, s9
core   0: 3 0x80007658 (0x03910e33) x28 0xc856d7dc
core   0: 0x8000765c (0x00000399) c.addi  t2, 6
core   0: 3 0x8000765c (0x0399) x 7 0x00000006
core   0: 0x8000765e (0xe8b95937) lui     s2, 0xe8b95
core   0: 3 0x8000765e (0xe8b95937) x18 0xe8b95000
core   0: 0x80007662 (0x7e492317) auipc   t1, 0x7e492
core   0: 3 0x80007662 (0x7e492317) x 6 0xfe499662
core   0: 0x80007666 (0x00009dbe) c.add   s11, a5
core   0: 3 0x80007666 (0x9dbe) x27 0x80025e64
core   0: 0x80007668 (0x0000ed89) c.bnez  a1, pc + 26
core   0: 3 0x80007668 (0xed89)
core   0: 0x80007682 (0x0015da33) srl     s4, a1, ra
core   0: 3 0x80007682 (0x0015da33) x20 0x00000004
core   0: 0x80007686 (0x02062fb3) mulhsu  t6, a2, zero
core   0: 3 0x80007686 (0x02062fb3) x31 0x00000000
core   0: 0x8000768a (0x0000ea95) c.bnez  a3, pc + 52
core   0: 3 0x8000768a (0xea95)
core   0: 0x8000768c (0x000006ee) c.slli  a3, 27
core   0: 3 0x8000768c (0x06ee) x13 0x00000000
core   0: 0x8000768e (0x018e03b3) add     t2, t3, s8
core   0: 3 0x8000768e (0x018e03b3) x 7 0xd3783cd9
core   0: 0x80007692 (0x00000001) c.nop
core   0: 3 0x80007692 (0x0001)
core   0: 0x80007694 (0x00008f1d) c.sub   a4, a5
core   0: 3 0x80007694 (0x8f1d) x14 0x2a05819c
core   0: 0x80007696 (0x038d0ab3) mul     s5, s10, s8
core   0: 3 0x80007696 (0x038d0ab3) x21 0x98638251
core   0: 0x8000769a (0x027cfd33) remu    s10, s9, t2
core   0: 3 0x8000769a (0x027cfd33) x26 0x0b2164fc
core   0: 0x8000769e (0x00008d41) c.or    a0, s0
core   0: 3 0x8000769e (0x8d41) x10 0x0001c001
core   0: 0x800076a0 (0x008968b3) or      a7, s2, s0
core   0: 3 0x800076a0 (0x008968b3) x17 0xe8b9d000
core   0: 0x800076a4 (0x02d9fb63) bgeu    s3, a3, pc + 54
core   0: 3 0x800076a4 (0x02d9fb63)
core   0: 0x800076da (0x0000717d) c.addi16sp sp, -16
core   0: 3 0x800076da (0x717d) x 2 0xfffffd39
core   0: 0x800076dc (0x00008a96) c.mv    s5, t0
core   0: 3 0x800076dc (0x8a96) x21 0x00000000
core   0: 0x800076de (0x00006815) c.lui   a6, 0x5
core   0: 3 0x800076de (0x6815) x16 0x00005000
core   0: 0x800076e0 (0x0000e19d) c.bnez  a1, pc + 38
core   0: 3 0x800076e0 (0xe19d)
core   0: 0x80007706 (0x00008f65) c.and   a4, s1
core   0: 3 0x80007706 (0x8f65) x14 0x00000000
core   0: 0x80007708 (0x00006139) c.addi16sp sp, 448
core   0: 3 0x80007708 (0x6139) x 2 0xfffffef9
core   0: 0x8000770a (0x0000e11d) c.bnez  a0, pc + 38
core   0: 3 0x8000770a (0xe11d)
core   0: 0x80007730 (0x00a82f33) slt     t5, a6, a0
core   0: 3 0x80007730 (0x00a82f33) x30 0x00000001
core   0: 0x80007734 (0x0000c0a1) c.beqz  s1, pc + 64
core   0: 3 0x80007734 (0xc0a1)
core   0: 0x80007774 (0x03f5a8b3) mulhsu  a7, a1, t6
core   0: 3 0x80007774 (0x03f5a8b3) x17 0x00000000
core   0: 0x80007778 (0x0000806d) c.srli  s0, 27
core   0: 3 0x80007778 (0x806d) x 8 0x00000000
core   0: 0x8000777a (0x0000040e) c.slli  s0, 3
core   0: 3 0x8000777a (0x040e) x 8 0x00000000
core   0: 0x8000777c (0x00196963) bltu    s2, ra, pc + 18
core   0: 3 0x8000777c (0x00196963)
core   0: 0x80007780 (0x0000c289) c.beqz  a3, pc + 2
core   0: 3 0x80007780 (0xc289)
core   0: 0x80007782 (0x00560333) add     t1, a2, t0
core   0: 3 0x80007782 (0x00560333) x 6 0x80029ce4
core   0: 0x80007786 (0x0ff0000f) fence   iorw,iorw
core   0: 3 0x80007786 (0x0ff0000f)
core   0: 0x8000778a (0x00008189) c.srli  a1, 2
core   0: 3 0x8000778a (0x8189) x11 0x00000001
core   0: 0x8000778c (0x00000001) c.nop
core   0: 3 0x8000778c (0x0001)
core   0: 0x8000778e (0x034b4b63) blt     s6, s4, pc + 54
core   0: 3 0x8000778e (0x034b4b63)
core   0: 0x800077c4 (0x012902b3) add     t0, s2, s2
core   0: 3 0x800077c4 (0x012902b3) x 5 0xd172a000
core   0: 0x800077c8 (0x4f396213) ori     tp, s2, 1267
core   0: 3 0x800077c8 (0x4f396213) x 4 0xe8b954f3
core   0: 0x800077cc (0x00001c80) c.addi4spn s0, sp, 624
core   0: 3 0x800077cc (0x1c80) x 8 0x00000169
core   0: 0x800077ce (0x01589e63) bne     a7, s5, pc + 28
core   0: 3 0x800077ce (0x01589e63)
core   0: 0x800077d2 (0xadf249b7) lui     s3, 0xadf24
core   0: 3 0x800077d2 (0xadf249b7) x19 0xadf24000
core   0: 0x800077d6 (0x008c1713) slli    a4, s8, 8
core   0: 3 0x800077d6 (0x008c1713) x14 0x2164fd00
core   0: 0x800077da (0x01ef9a93) slli    s5, t6, 30
core   0: 3 0x800077da (0x01ef9a93) x21 0x00000000
core   0: 0x800077de (0x0000100f) fence.i
core   0: 3 0x800077de (0x0000100f)
core   0: 0x800077e2 (0x0000018c) c.addi4spn a1, sp, 192
core   0: 3 0x800077e2 (0x018c) x11 0xffffffb9
core   0: 0x800077e4 (0x0101fa33) and     s4, gp, a6
core   0: 3 0x800077e4 (0x0101fa33) x20 0x00000000
core   0: 0x800077e8 (0x000068f9) c.lui   a7, 0x1e
core   0: 3 0x800077e8 (0x68f9) x17 0x0001e000
core   0: 0x800077ea (0x0000100f) fence.i
core   0: 3 0x800077ea (0x0000100f)
core   0: 0x800077ee (0x007943b3) xor     t2, s2, t2
core   0: 3 0x800077ee (0x007943b3) x 7 0x3bc16cd9
core   0: 0x800077f2 (0x01b7fb63) bgeu    a5, s11, pc + 22
core   0: 3 0x800077f2 (0x01b7fb63)
core   0: 0x80007808 (0x019ef6b3) and     a3, t4, s9
core   0: 3 0x80007808 (0x019ef6b3) x13 0x00000000
core   0: 0x8000780c (0xdda7cb13) xori    s6, a5, -550
core   0: 3 0x8000780c (0xdda7cb13) x22 0x7ffda3be
core   0: 0x80007810 (0x40a1dd93) srai    s11, gp, 10
core   0: 3 0x80007810 (0x40a1dd93) x27 0x00000000
core   0: 0x80007814 (0x00008d29) c.xor   a0, a0
core   0: 3 0x80007814 (0x8d29) x10 0x00000000
core   0: 0x80007816 (0x00000001) c.nop
core   0: 3 0x80007816 (0x0001)
core   0: 0x80007818 (0x038c9963) bne     s9, s8, pc + 50
core   0: 3 0x80007818 (0x038c9963)
core   0: 0x8000784a (0x00008c7d) c.and   s0, a5
core   0: 3 0x8000784a (0x8c7d) x 8 0x00000060
core   0: 0x8000784c (0x00008121) c.srli  a0, 8
core   0: 3 0x8000784c (0x8121) x10 0x00000000
core   0: 0x8000784e (0x00e6c0b3) xor     ra, a3, a4
core   0: 3 0x8000784e (0x00e6c0b3) x 1 0x2164fd00
core   0: 0x80007852 (0x00008741) c.srai  a4, 16
core   0: 3 0x80007852 (0x8741) x14 0x00002164
core   0: 0x80007854 (0x02ac28b3) mulhsu  a7, s8, a0
core   0: 3 0x80007854 (0x02ac28b3) x17 0x00000000
core   0: 0x80007858 (0x037790b3) mulh    ra, a5, s7
core   0: 3 0x80007858 (0x037790b3) x 1 0x00000000
core   0: 0x8000785c (0x41895713) srai    a4, s2, 24
core   0: 3 0x8000785c (0x41895713) x14 0xffffffe8
core   0: 0x80007860 (0x024520b3) mulhsu  ra, a0, tp
core   0: 3 0x80007860 (0x024520b3) x 1 0x00000000
core   0: 0x80007864 (0x0000ed11) c.bnez  a0, pc + 28
core   0: 3 0x80007864 (0xed11)
core   0: 0x80007866 (0x00b6f8b3) and     a7, a3, a1
core   0: 3 0x80007866 (0x00b6f8b3) x17 0x00000000
core   0: 0x8000786a (0x0464e163) bltu    s1, t1, pc + 66
core   0: 3 0x8000786a (0x0464e163)
core   0: 0x800078ac (0x0000100f) fence.i
core   0: 3 0x800078ac (0x0000100f)
core   0: 0x800078b0 (0x40d20b33) sub     s6, tp, a3
core   0: 3 0x800078b0 (0x40d20b33) x22 0xe8b954f3
core   0: 0x800078b4 (0x00a5ef33) or      t5, a1, a0
core   0: 3 0x800078b4 (0x00a5ef33) x30 0xffffffb9
core   0: 0x800078b8 (0x02959a63) bne     a1, s1, pc + 52
core   0: 3 0x800078b8 (0x02959a63)
core   0: 0x800078ec (0x00ebecb3) or      s9, s7, a4
core   0: 3 0x800078ec (0x00ebecb3) x25 0xffffffe8
core   0: 0x800078f0 (0x0ff0000f) fence   iorw,iorw
core   0: 3 0x800078f0 (0x0ff0000f)
core   0: 0x800078f4 (0x03f63c33) mulhu   s8, a2, t6
core   0: 3 0x800078f4 (0x03f63c33) x24 0x00000000
core   0: 0x800078f8 (0x02ee1033) mulh    zero, t3, a4
core   0: 3 0x800078f8 (0x02ee1033)
core   0: 0x800078fc (0x021d91b3) mulh    gp, s11, ra
core   0: 3 0x800078fc (0x021d91b3) x 3 0x00000000
core   0: 0x80007900 (0x0000032a) c.slli  t1, 10
core   0: 3 0x80007900 (0x032a) x 6 0x0a739000
core   0: 0x80007902 (0x01e689b3) add     s3, a3, t5
core   0: 3 0x80007902 (0x01e689b3) x19 0xffffffb9
core   0: 0x80007906 (0x00000001) c.nop
core   0: 3 0x80007906 (0x0001)
core   0: 0x80007908 (0x00000798) c.addi4spn a4, sp, 960
core   0: 3 0x80007908 (0x0798) x14 0x000002b9
core   0: 0x8000790a (0x01405c33) srl     s8, zero, s4
core   0: 3 0x8000790a (0x01405c33) x24 0x00000000
core   0: 0x8000790e (0x059c6163) bltu    s8, s9, pc + 66
core   0: 3 0x8000790e (0x059c6163)
core   0: 0x80007950 (0x01924bb3) xor     s7, tp, s9
core   0: 3 0x80007950 (0x01924bb3) x23 0x1746ab1b
core   0: 0x80007954 (0x00008c11) c.sub   s0, a2
core   0: 3 0x80007954 (0x8c11) x 8 0x7ffd637c
core   0: 0x80007956 (0x0000157d) c.addi  a0, -1
core   0: 3 0x80007956 (0x157d) x10 0xffffffff
core   0: 0x80007958 (0x03c96cb3) rem     s9, s2, t3
core   0: 3 0x80007958 (0x03c96cb3) x25 0xe8b95000
core   0: 0x8000795c (0x00008872) c.mv    a6, t3
core   0: 3 0x8000795c (0x8872) x16 0xc856d7dc
core   0: 0x8000795e (0x00000e5a) c.slli  t3, 22
core   0: 3 0x8000795e (0x0e5a) x28 0xf7000000
core   0: 0x80007960 (0x00009b7d) c.andi  a4, -1
core   0: 3 0x80007960 (0x9b7d) x14 0x000002b9
core   0: 0x80007962 (0x62d5e093) ori     ra, a1, 1581
core   0: 3 0x80007962 (0x62d5e093) x 1 0xffffffbd
core   0: 0x80007966 (0x00008d2d) c.xor   a0, a1
core   0: 3 0x80007966 (0x8d2d) x10 0x00000046
core   0: 0x80007968 (0x40bc5533) sra     a0, s8, a1
core   0: 3 0x80007968 (0x40bc5533) x10 0x00000000
core   0: 0x8000796c (0x00001618) c.addi4spn a4, sp, 800
core   0: 3 0x8000796c (0x1618) x14 0x00000219
core   0: 0x8000796e (0x01021f13) slli    t5, tp, 16
core   0: 3 0x8000796e (0x01021f13) x30 0x54f30000
core   0: 0x80007972 (0x01cb8433) add     s0, s7, t3
core   0: 3 0x80007972 (0x01cb8433) x 8 0x0e46ab1b
core   0: 0x80007976 (0x00008f31) c.xor   a4, a2
core   0: 3 0x80007976 (0x8f31) x14 0x80029efd
core   0: 0x80007978 (0x1bbaf093) andi    ra, s5, 443
core   0: 3 0x80007978 (0x1bbaf093) x 1 0x00000000
core   0: 0x8000797c (0x00000c7a) c.slli  s8, 30
core   0: 3 0x8000797c (0x0c7a) x24 0x00000000
core   0: 0x8000797e (0x00908933) add     s2, ra, s1
core   0: 3 0x8000797e (0x00908933) x18 0x00000000
core   0: 0x80007982 (0x0000717d) c.addi16sp sp, -16
core   0: 3 0x80007982 (0x717d) x 2 0xfffffee9
core   0: 0x80007984 (0x02e0e2b3) rem     t0, ra, a4
core   0: 3 0x80007984 (0x02e0e2b3) x 5 0x00000000
core   0: 0x80007988 (0x00008c65) c.and   s0, s1
core   0: 3 0x80007988 (0x8c65) x 8 0x00000000
core   0: 0x8000798a (0x966b8817) auipc   a6, 0x966b8
core   0: 3 0x8000798a (0x966b8817) x16 0x166bf98a
core   0: 0x8000798e (0x00008c51) c.or    s0, a2
core   0: 3 0x8000798e (0x8c51) x 8 0x80029ce4
core   0: 0x80007990 (0x0ff0000f) fence   iorw,iorw
core   0: 3 0x80007990 (0x0ff0000f)
core   0: 0x80007994 (0x41d3d433) sra     s0, t2, t4
core   0: 3 0x80007994 (0x41d3d433) x 8 0x3bc16cd9
core   0: 0x80007998 (0x00009bf6) c.add   s7, t4
core   0: 3 0x80007998 (0x9bf6) x23 0x1746ab1b
core   0: 0x8000799a (0x00000001) c.nop
core   0: 3 0x8000799a (0x0001)
core   0: 0x8000799c (0x00b19993) slli    s3, gp, 11
core   0: 3 0x8000799c (0x00b19993) x19 0x00000000
core   0: 0x800079a0 (0x000081c5) c.srli  a1, 17
core   0: 3 0x800079a0 (0x81c5) x11 0x00007fff
core   0: 0x800079a2 (0x000084e1) c.srai  s1, 24
core   0: 3 0x800079a2 (0x84e1) x 9 0x00000000
core   0: 0x800079a4 (0xa801c193) xori    gp, gp, -1408
core   0: 3 0x800079a4 (0xa801c193) x 3 0xfffffa80
core   0: 0x800079a8 (0xbd680693) addi    a3, a6, -1066
core   0: 3 0x800079a8 (0xbd680693) x13 0x166bf560
core   0: 0x800079ac (0x00957f63) bgeu    a0, s1, pc + 30
core   0: 3 0x800079ac (0x00957f63)
core   0: 0x800079ca (0x019396b3) sll     a3, t2, s9
core   0: 3 0x800079ca (0x019396b3) x13 0x3bc16cd9
core   0: 0x800079ce (0x00c540b3) xor     ra, a0, a2
core   0: 3 0x800079ce (0x00c540b3) x 1 0x80029ce4
core   0: 0x800079d2 (0x02345363) bge     s0, gp, pc + 38
core   0: 3 0x800079d2 (0x02345363)
core   0: 0x800079f8 (0x00006fdd) c.lui   t6, 0x17
core   0: 3 0x800079f8 (0x6fdd) x31 0x00017000
core   0: 0x800079fa (0x0000987d) c.andi  s0, -1
core   0: 3 0x800079fa (0x987d) x 8 0x3bc16cd9
core   0: 0x800079fc (0x00008eed) c.and   a3, a1
core   0: 3 0x800079fc (0x8eed) x13 0x00006cd9
core   0: 0x800079fe (0x00000001) c.nop
core   0: 3 0x800079fe (0x0001)
core   0: 0x80007a00 (0x00f32b33) slt     s6, t1, a5
core   0: 3 0x80007a00 (0x00f32b33) x22 0x00000000
core   0: 0x80007a04 (0x00c403b3) add     t2, s0, a2
core   0: 3 0x80007a04 (0x00c403b3) x 7 0xbbc409bd
core   0: 0x80007a08 (0x01c42e33) slt     t3, s0, t3
core   0: 3 0x80007a08 (0x01c42e33) x28 0x00000000
core   0: 0x80007a0c (0x3a482493) slti    s1, a6, 932
core   0: 3 0x80007a0c (0x3a482493) x 9 0x00000000
core   0: 0x80007a10 (0x00d0a333) slt     t1, ra, a3
core   0: 3 0x80007a10 (0x00d0a333) x 6 0x00000001
core   0: 0x80007a14 (0x7c816d93) ori     s11, sp, 1992
core   0: 3 0x80007a14 (0x7c816d93) x27 0xffffffe9
core   0: 0x80007a18 (0x00009afd) c.andi  a3, -1
core   0: 3 0x80007a18 (0x9afd) x13 0x00006cd9
core   0: 0x80007a1a (0x03dfe3b3) rem     t2, t6, t4
core   0: 3 0x80007a1a (0x03dfe3b3) x 7 0x00017000
core   0: 0x80007a1e (0x0523d063) bge     t2, s2, pc + 64
core   0: 3 0x80007a1e (0x0523d063)
core   0: 0x80007a5e (0x03729a33) mulh    s4, t0, s7
core   0: 3 0x80007a5e (0x03729a33) x20 0x00000000
core   0: 0x80007a62 (0x0000557d) c.li    a0, -1
core   0: 3 0x80007a62 (0x557d) x10 0xffffffff
core   0: 0x80007a64 (0x00000001) c.nop
core   0: 3 0x80007a64 (0x0001)
core   0: 0x80007a66 (0x00000205) c.addi  tp, 1
core   0: 3 0x80007a66 (0x0205) x 4 0xe8b954f4
core   0: 0x80007a68 (0x00000a49) c.addi  s4, 18
core   0: 3 0x80007a68 (0x0a49) x20 0x00000012
core   0: 0x80007a6a (0x036538b3) mulhu   a7, a0, s6
core   0: 3 0x80007a6a (0x036538b3) x17 0x00000000
core   0: 0x80007a6e (0x00009096) c.add   ra, t0
core   0: 3 0x80007a6e (0x9096) x 1 0x80029ce4
core   0: 0x80007a70 (0x40f58fb3) sub     t6, a1, a5
core   0: 3 0x80007a70 (0x40f58fb3) x31 0x7ffe219b
core   0: 0x80007a74 (0x009f1ab3) sll     s5, t5, s1
core   0: 3 0x80007a74 (0x009f1ab3) x21 0x54f30000
core   0: 0x80007a78 (0x022d03b3) mul     t2, s10, sp
core   0: 3 0x80007a78 (0x022d03b3) x 7 0xde9af15c
core   0: 0x80007a7c (0x0378e313) ori     t1, a7, 55
core   0: 3 0x80007a7c (0x0378e313) x 6 0x00000037
core   0: 0x80007a80 (0x0000801d) c.srli  s0, 7
core   0: 3 0x80007a80 (0x801d) x 8 0x007782d9
core   0: 0x80007a82 (0x00008075) c.srli  s0, 29
core   0: 3 0x80007a82 (0x8075) x 8 0x00000000
core   0: 0x80007a84 (0x02044d33) div     s10, s0, zero
core   0: 3 0x80007a84 (0x02044d33) x26 0xffffffff
core   0: 0x80007a88 (0x7d29d5b7) lui     a1, 0x7d29d
core   0: 3 0x80007a88 (0x7d29d5b7) x11 0x7d29d000
core   0: 0x80007a8c (0x00009afd) c.andi  a3, -1
core   0: 3 0x80007a8c (0x9afd) x13 0x00006cd9
core   0: 0x80007a8e (0x00008df9) c.and   a1, a4
core   0: 3 0x80007a8e (0x8df9) x11 0x00009000
core   0: 0x80007a90 (0x05caf063) bgeu    s5, t3, pc + 64
core   0: 3 0x80007a90 (0x05caf063)
core   0: 0x80007ad0 (0x02987e33) remu    t3, a6, s1
core   0: 3 0x80007ad0 (0x02987e33) x28 0x166bf98a
core   0: 0x80007ad4 (0x00008add) c.andi  a3, 23
core   0: 3 0x80007ad4 (0x8add) x13 0x00000011
core   0: 0x80007ad6 (0x0051dd33) srl     s10, gp, t0
core   0: 3 0x80007ad6 (0x0051dd33) x26 0xfffffa80
core   0: 0x80007ada (0x00008f2d) c.xor   a4, a1
core   0: 3 0x80007ada (0x8f2d) x14 0x80020efd
core   0: 0x80007adc (0x0126b3b3) sltu    t2, a3, s2
core   0: 3 0x80007adc (0x0126b3b3) x 7 0x00000000
core   0: 0x80007ae0 (0x401e8f33) sub     t5, t4, ra
core   0: 3 0x80007ae0 (0x401e8f33) x30 0x7ffd631c
core   0: 0x80007ae4 (0x0000100f) fence.i
core   0: 3 0x80007ae4 (0x0000100f)
core   0: 0x80007ae8 (0xa1b50b13) addi    s6, a0, -1509
core   0: 3 0x80007ae8 (0xa1b50b13) x22 0xfffffa1a
core   0: 0x80007aec (0x029726b3) mulhsu  a3, a4, s1
core   0: 3 0x80007aec (0x029726b3) x13 0x00000000
core   0: 0x80007af0 (0x402a51b3) sra     gp, s4, sp
core   0: 3 0x80007af0 (0x402a51b3) x 3 0x00000000
core   0: 0x80007af4 (0x0234f563) bgeu    s1, gp, pc + 42
core   0: 3 0x80007af4 (0x0234f563)
core   0: 0x80007b1e (0x99672493) slti    s1, a4, -1642
core   0: 3 0x80007b1e (0x99672493) x 9 0x00000001
core   0: 0x80007b22 (0xf20ea013) slti    zero, t4, -224
core   0: 3 0x80007b22 (0xf20ea013)
core   0: 0x80007b26 (0x02b806b3) mul     a3, a6, a1
core   0: 3 0x80007b26 (0x02b806b3) x13 0xbc5da000
core   0: 0x80007b2a (0x00008f55) c.or    a4, a3
core   0: 3 0x80007b2a (0x8f55) x14 0xbc5faefd
core   0: 0x80007b2c (0x0000717d) c.addi16sp sp, -16
core   0: 3 0x80007b2c (0x717d) x 2 0xfffffed9
core   0: 0x80007b2e (0x0000537d) c.li    t1, -1
core   0: 3 0x80007b2e (0x537d) x 6 0xffffffff
core   0: 0x80007b30 (0x035fdb63) bge     t6, s5, pc + 54
core   0: 3 0x80007b30 (0x035fdb63)
core   0: 0x80007b66 (0x00000a9e) c.slli  s5, 7
core   0: 3 0x80007b66 (0x0a9e) x21 0x79800000
core   0: 0x80007b68 (0x000a7263) bgeu    s4, zero, pc + 4
core   0: 3 0x80007b68 (0x000a7263)
core   0: 0x80007b6c (0xb3e94493) xori    s1, s2, -1218
core   0: 3 0x80007b6c (0xb3e94493) x 9 0xfffffb3e
core   0: 0x80007b70 (0x00000001) c.nop
core   0: 3 0x80007b70 (0x0001)
core   0: 0x80007b72 (0x01664ab3) xor     s5, a2, s6
core   0: 3 0x80007b72 (0x01664ab3) x21 0x7ffd66fe
core   0: 0x80007b76 (0x00aaa733) slt     a4, s5, a0
core   0: 3 0x80007b76 (0x00aaa733) x14 0x00000000
core   0: 0x80007b7a (0x00cfca63) blt     t6, a2, pc + 20
core   0: 3 0x80007b7a (0x00cfca63)
core   0: 0x80007b7e (0x4f837b93) andi    s7, t1, 1272
core   0: 3 0x80007b7e (0x4f837b93) x23 0x000004f8
core   0: 0x80007b82 (0x00008409) c.srai  s0, 2
core   0: 3 0x80007b82 (0x8409) x 8 0x00000000
core   0: 0x80007b84 (0x0000843d) c.srai  s0, 15
core   0: 3 0x80007b84 (0x843d) x 8 0x00000000
core   0: 0x80007b86 (0x024a0733) mul     a4, s4, tp
core   0: 3 0x80007b86 (0x024a0733) x14 0x5d07f928
core   0: 0x80007b8a (0x005649b3) xor     s3, a2, t0
core   0: 3 0x80007b8a (0x005649b3) x19 0x80029ce4
core   0: 0x80007b8e (0xc39dbc13) sltiu   s8, s11, -967
core   0: 3 0x80007b8e (0xc39dbc13) x24 0x00000000
core   0: 0x80007b92 (0x002a9bb3) sll     s7, s5, sp
core   0: 3 0x80007b92 (0x002a9bb3) x23 0xfc000000
core   0: 0x80007b96 (0x000081b5) c.srli  a1, 13
core   0: 3 0x80007b96 (0x81b5) x11 0x00000004
core   0: 0x80007b98 (0x02abdcb3) divu    s9, s7, a0
core   0: 3 0x80007b98 (0x02abdcb3) x25 0x00000000
core   0: 0x80007b9c (0x00008571) c.srai  a0, 28
core   0: 3 0x80007b9c (0x8571) x10 0xffffffff
core   0: 0x80007b9e (0x0000e529) c.bnez  a0, pc + 74
core   0: 3 0x80007b9e (0xe529)
core   0: 0x80007be8 (0x00b04563) blt     zero, a1, pc + 10
core   0: 3 0x80007be8 (0x00b04563)
core   0: 0x80007bf2 (0x00009472) c.add   s0, t3
core   0: 3 0x80007bf2 (0x9472) x 8 0x166bf98a
core   0: 0x80007bf4 (0x00008c01) c.sub   s0, s0
core   0: 3 0x80007bf4 (0x8c01) x 8 0x00000000
core   0: 0x80007bf6 (0x00000001) c.nop
core   0: 3 0x80007bf6 (0x0001)
core   0: 0x80007bf8 (0x97ed7017) auipc   zero, 0x97ed7
core   0: 3 0x80007bf8 (0x97ed7017)
core   0: 0x80007bfc (0x40cd83b3) sub     t2, s11, a2
core   0: 3 0x80007bfc (0x40cd83b3) x 7 0x7ffd6305
core   0: 0x80007c00 (0x41f95513) srai    a0, s2, 31
core   0: 3 0x80007c00 (0x41f95513) x10 0x00000000
core   0: 0x80007c04 (0x00008e52) c.mv    t3, s4
core   0: 3 0x80007c04 (0x8e52) x28 0x00000012
core   0: 0x80007c06 (0x0074c8b3) xor     a7, s1, t2
core   0: 3 0x80007c06 (0x0074c8b3) x17 0x8002983b
core   0: 0x80007c0a (0x059de363) bltu    s11, s9, pc + 70
core   0: 3 0x80007c0a (0x059de363)
core   0: 0x80007c0e (0x018dc4b3) xor     s1, s11, s8
core   0: 3 0x80007c0e (0x018dc4b3) x 9 0xffffffe9
core   0: 0x80007c12 (0x025253b3) divu    t2, tp, t0
core   0: 3 0x80007c12 (0x025253b3) x 7 0xffffffff
core   0: 0x80007c16 (0x00541193) slli    gp, s0, 5
core   0: 3 0x80007c16 (0x00541193) x 3 0x00000000
core   0: 0x80007c1a (0x00008ddd) c.or    a1, a5
core   0: 3 0x80007c1a (0x8ddd) x11 0x80025e64
core   0: 0x80007c1c (0x0ff0000f) fence   iorw,iorw
core   0: 3 0x80007c1c (0x0ff0000f)
core   0: 0x80007c20 (0x41f05893) srai    a7, zero, 31
core   0: 3 0x80007c20 (0x41f05893) x17 0x00000000
core   0: 0x80007c24 (0xcbd6be13) sltiu   t3, a3, -835
core   0: 3 0x80007c24 (0xcbd6be13) x28 0x00000001
core   0: 0x80007c28 (0x71b42593) slti    a1, s0, 1819
core   0: 3 0x80007c28 (0x71b42593) x11 0x00000001
core   0: 0x80007c2c (0x0ff0000f) fence   iorw,iorw
core   0: 3 0x80007c2c (0x0ff0000f)
core   0: 0x80007c30 (0x012022b3) slt     t0, zero, s2
core   0: 3 0x80007c30 (0x012022b3) x 5 0x00000000
core   0: 0x80007c34 (0x000086be) c.mv    a3, a5
core   0: 3 0x80007c34 (0x86be) x13 0x80025e64
core   0: 0x80007c36 (0x03135333) divu    t1, t1, a7
core   0: 3 0x80007c36 (0x03135333) x 6 0xffffffff
core   0: 0x80007c3a (0xecb6c413) xori    s0, a3, -309
core   0: 3 0x80007c3a (0xecb6c413) x 8 0x7ffda0af
core   0: 0x80007c3e (0x0000cb15) c.beqz  a4, pc + 52
core   0: 3 0x80007c3e (0xcb15)
core   0: 0x80007c40 (0xf9fe0693) addi    a3, t3, -97
core   0: 3 0x80007c40 (0xf9fe0693) x13 0xffffffa0
core   0: 0x80007c44 (0x00ce7533) and     a0, t3, a2
core   0: 3 0x80007c44 (0x00ce7533) x10 0x00000000
core   0: 0x80007c48 (0x00703233) snez    tp, t2
core   0: 3 0x80007c48 (0x00703233) x 4 0x00000001
core   0: 0x80007c4c (0x001d2c33) slt     s8, s10, ra
core   0: 3 0x80007c4c (0x001d2c33) x24 0x00000000
core   0: 0x80007c50 (0x00009fc2) c.add   t6, a6
core   0: 3 0x80007c50 (0x9fc2) x31 0x966a1b25
core   0: 0x80007c52 (0x02596a33) rem     s4, s2, t0
core   0: 3 0x80007c52 (0x02596a33) x20 0x00000000
core   0: 0x80007c56 (0x00008de1) c.and   a1, s0
core   0: 3 0x80007c56 (0x8de1) x11 0x00000001
core   0: 0x80007c58 (0x002466b3) or      a3, s0, sp
core   0: 3 0x80007c58 (0x002466b3) x13 0xfffffeff
core   0: 0x80007c5c (0x02d281b3) mul     gp, t0, a3
core   0: 3 0x80007c5c (0x02d281b3) x 3 0x00000000
core   0: 0x80007c60 (0x40675433) sra     s0, a4, t1
core   0: 3 0x80007c60 (0x40675433) x 8 0x00000000
core   0: 0x80007c64 (0x0000100f) fence.i
core   0: 3 0x80007c64 (0x0000100f)
core   0: 0x80007c68 (0x00bbea63) bltu    s7, a1, pc + 20
core   0: 3 0x80007c68 (0x00bbea63)
core   0: 0x80007c6c (0xc5d6c493) xori    s1, a3, -931
core   0: 3 0x80007c6c (0xc5d6c493) x 9 0x000002a2
core   0: 0x80007c70 (0x0000717d) c.addi16sp sp, -16
core   0: 3 0x80007c70 (0x717d) x 2 0xfffffec9
core   0: 0x80007c72 (0x00cd8a33) add     s4, s11, a2
core   0: 3 0x80007c72 (0x00cd8a33) x20 0x80029ccd
core   0: 0x80007c76 (0x0000e511) c.bnez  a0, pc + 12
core   0: 3 0x80007c76 (0xe511)
core   0: 0x80007c78 (0x005bed63) bltu    s7, t0, pc + 26
core   0: 3 0x80007c78 (0x005bed63)
core   0: 0x80007c7c (0x00000c72) c.slli  s8, 28
core   0: 3 0x80007c7c (0x0c72) x24 0x00000000
core   0: 0x80007c7e (0x02518d33) mul     s10, gp, t0
core   0: 3 0x80007c7e (0x02518d33) x26 0x00000000
core   0: 0x80007c82 (0x02374bb3) div     s7, a4, gp
core   0: 3 0x80007c82 (0x02374bb3) x23 0xffffffff
core   0: 0x80007c86 (0x40d90e13) addi    t3, s2, 1037
core   0: 3 0x80007c86 (0x40d90e13) x28 0x0000040d
core   0: 0x80007c8a (0x00008055) c.srli  s0, 21
core   0: 3 0x80007c8a (0x8055) x 8 0x00000000
core   0: 0x80007c8c (0x11cb3c13) sltiu   s8, s6, 284
core   0: 3 0x80007c8c (0x11cb3c13) x24 0x00000000
core   0: 0x80007c90 (0x0000941e) c.add   s0, t2
core   0: 3 0x80007c90 (0x941e) x 8 0xffffffff
core   0: 0x80007c92 (0x0000717d) c.addi16sp sp, -16
core   0: 3 0x80007c92 (0x717d) x 2 0xfffffeb9
core   0: 0x80007c94 (0x017cda93) srli    s5, s9, 23
core   0: 3 0x80007c94 (0x017cda93) x21 0x00000000
core   0: 0x80007c98 (0x00001288) c.addi4spn a0, sp, 352
core   0: 3 0x80007c98 (0x1288) x10 0x00000019
core   0: 0x80007c9a (0x00008185) c.srli  a1, 1
core   0: 3 0x80007c9a (0x8185) x11 0x00000000
core   0: 0x80007c9c (0x02813db3) mulhu   s11, sp, s0
core   0: 3 0x80007c9c (0x02813db3) x27 0xfffffeb8
core   0: 0x80007ca0 (0x00000001) c.nop
core   0: 3 0x80007ca0 (0x0001)
core   0: 0x80007ca2 (0x005cee33) or      t3, s9, t0
core   0: 3 0x80007ca2 (0x005cee33) x28 0x00000000
core   0: 0x80007ca6 (0xf8edca93) xori    s5, s11, -114
core   0: 3 0x80007ca6 (0xf8edca93) x21 0x00000136
core   0: 0x80007caa (0x00000001) c.nop
core   0: 3 0x80007caa (0x0001)
core   0: 0x80007cac (0x017ec263) blt     t4, s7, pc + 4
core   0: 3 0x80007cac (0x017ec263)
core   0: 0x80007cb0 (0x03d56fb3) rem     t6, a0, t4
core   0: 3 0x80007cb0 (0x03d56fb3) x31 0x00000019
core   0: 0x80007cb4 (0x000081de) c.mv    gp, s7
core   0: 3 0x80007cb4 (0x81de) x 3 0xffffffff
core   0: 0x80007cb6 (0x01a5fc63) bgeu    a1, s10, pc + 24
core   0: 3 0x80007cb6 (0x01a5fc63)
core   0: 0x80007cce (0x40f58fb3) sub     t6, a1, a5
core   0: 3 0x80007cce (0x40f58fb3) x31 0x7ffda19c
core   0: 0x80007cd2 (0x000098fd) c.andi  s1, -1
core   0: 3 0x80007cd2 (0x98fd) x 9 0x000002a2
core   0: 0x80007cd4 (0x0000811e) c.mv    sp, t2
core   0: 3 0x80007cd4 (0x811e) x 2 0xffffffff
core   0: 0x80007cd6 (0x015e1a93) slli    s5, t3, 21
core   0: 3 0x80007cd6 (0x015e1a93) x21 0x00000000
core   0: 0x80007cda (0x0000717d) c.addi16sp sp, -16
core   0: 3 0x80007cda (0x717d) x 2 0xffffffef
core   0: 0x80007cdc (0x02fd5b63) bge     s10, a5, pc + 54
core   0: 3 0x80007cdc (0x02fd5b63)
core   0: 0x80007d12 (0x00000001) c.nop
core   0: 3 0x80007d12 (0x0001)
core   0: 0x80007d14 (0x00008de5) c.and   a1, s1
core   0: 3 0x80007d14 (0x8de5) x11 0x00000000
core   0: 0x80007d16 (0x00008f75) c.and   a4, a3
core   0: 3 0x80007d16 (0x8f75) x14 0x5d07f828
core   0: 0x80007d18 (0x000088f2) c.mv    a7, t3
core   0: 3 0x80007d18 (0x88f2) x17 0x00000000
core   0: 0x80007d1a (0x0000ef09) c.bnez  a4, pc + 26
core   0: 3 0x80007d1a (0xef09)
core   0: 0x80007d34 (0x00000001) c.nop
core   0: 3 0x80007d34 (0x0001)
core   0: 0x80007d36 (0xb64c8513) addi    a0, s9, -1180
core   0: 3 0x80007d36 (0xb64c8513) x10 0xfffffb64
core   0: 0x80007d3a (0x40218ab3) sub     s5, gp, sp
core   0: 3 0x80007d3a (0x40218ab3) x21 0x00000010
core   0: 0x80007d3e (0xd732b313) sltiu   t1, t0, -653
core   0: 3 0x80007d3e (0xd732b313) x 6 0x00000001
core   0: 0x80007d42 (0x028d0533) mul     a0, s10, s0
core   0: 3 0x80007d42 (0x028d0533) x10 0x00000000
core   0: 0x80007d46 (0x001bf433) and     s0, s7, ra
core   0: 3 0x80007d46 (0x001bf433) x 8 0x80029ce4
core   0: 0x80007d4a (0x0000897d) c.andi  a0, 31
core   0: 3 0x80007d4a (0x897d) x10 0x00000000
core   0: 0x80007d4c (0x012759b3) srl     s3, a4, s2
core   0: 3 0x80007d4c (0x012759b3) x19 0x5d07f828
core   0: 0x80007d50 (0xe9e00d13) li      s10, -354
core   0: 3 0x80007d50 (0xe9e00d13) x26 0xfffffe9e
core   0: 0x80007d54 (0x0f5d7063) bgeu    s10, s5, pc + 224
core   0: 3 0x80007d54 (0x0f5d7063)
core   0: 0x80007e34 (0x22c20d93) addi    s11, tp, 556
core   0: 3 0x80007e34 (0x22c20d93) x27 0x0000022d
core   0: 0x80007e38 (0x00006551) c.lui   a0, 0x14
core   0: 3 0x80007e38 (0x6551) x10 0x00014000
core   0: 0x80007e3a (0x02d6a5b3) mulhsu  a1, a3, a3
core   0: 3 0x80007e3a (0x02d6a5b3) x11 0xfffffeff
core   0: 0x80007e3e (0x00006519) c.lui   a0, 0x6
core   0: 3 0x80007e3e (0x6519) x10 0x00006000
core   0: 0x80007e40 (0x67f26cb7) lui     s9, 0x67f26
core   0: 3 0x80007e40 (0x67f26cb7) x25 0x67f26000
core   0: 0x80007e44 (0x00659333) sll     t1, a1, t1
core   0: 3 0x80007e44 (0x00659333) x 6 0xfffffdfe
core   0: 0x80007e48 (0x02f378b3) remu    a7, t1, a5
core   0: 3 0x80007e48 (0x02f378b3) x17 0x7ffd9f9a
core   0: 0x80007e4c (0x063bbc13) sltiu   s8, s7, 99
core   0: 3 0x80007e4c (0x063bbc13) x24 0x00000000
core   0: 0x80007e50 (0x417c5a93) srai    s5, s8, 23
core   0: 3 0x80007e50 (0x417c5a93) x21 0x00000000
core   0: 0x80007e54 (0x00000f8a) c.slli  t6, 2
core   0: 3 0x80007e54 (0x0f8a) x31 0xfff68670
core   0: 0x80007e56 (0x00000001) c.nop
core   0: 3 0x80007e56 (0x0001)
core   0: 0x80007e58 (0x1ced3993) sltiu   s3, s10, 462
core   0: 3 0x80007e58 (0x1ced3993) x19 0x00000000
core   0: 0x80007e5c (0x03a76233) rem     tp, a4, s10
core   0: 3 0x80007e5c (0x03a76233) x 4 0x00000016
core   0: 0x80007e60 (0x01fefc33) and     s8, t4, t6
core   0: 3 0x80007e60 (0x01fefc33) x24 0x00000000
core   0: 0x80007e64 (0x02eb7433) remu    s0, s6, a4
core   0: 3 0x80007e64 (0x02eb7433) x 8 0x45f009ca
core   0: 0x80007e68 (0x00000001) c.nop
core   0: 3 0x80007e68 (0x0001)
core   0: 0x80007e6a (0x00008c69) c.and   s0, a0
core   0: 3 0x80007e6a (0x8c69) x 8 0x00000000
core   0: 0x80007e6c (0x00000001) c.nop
core   0: 3 0x80007e6c (0x0001)
core   0: 0x80007e6e (0x00008ee1) c.and   a3, s0
core   0: 3 0x80007e6e (0x8ee1) x13 0x00000000
core   0: 0x80007e70 (0x00008ef1) c.and   a3, a2
core   0: 3 0x80007e70 (0x8ef1) x13 0x00000000
core   0: 0x80007e72 (0x0000897d) c.andi  a0, 31
core   0: 3 0x80007e72 (0x897d) x10 0x00000000
core   0: 0x80007e74 (0x00d9d933) srl     s2, s3, a3
core   0: 3 0x80007e74 (0x00d9d933) x18 0x00000000
core   0: 0x80007e78 (0x005e5b33) srl     s6, t3, t0
core   0: 3 0x80007e78 (0x005e5b33) x22 0x00000000
core   0: 0x80007e7c (0x00008e85) c.sub   a3, s1
core   0: 3 0x80007e7c (0x8e85) x13 0xfffffd5e
core   0: 0x80007e7e (0x41b3dcb3) sra     s9, t2, s11
core   0: 3 0x80007e7e (0x41b3dcb3) x25 0xffffffff
core   0: 0x80007e82 (0x007c9a33) sll     s4, s9, t2
core   0: 3 0x80007e82 (0x007c9a33) x20 0x80000000
core   0: 0x80007e86 (0x01cd9f93) slli    t6, s11, 28
core   0: 3 0x80007e86 (0x01cd9f93) x31 0xd0000000
core   0: 0x80007e8a (0x00006fb1) c.lui   t6, 0xc
core   0: 3 0x80007e8a (0x6fb1) x31 0x0000c000
core   0: 0x80007e8c (0x01925233) srl     tp, tp, s9
core   0: 3 0x80007e8c (0x01925233) x 4 0x00000000
core   0: 0x80007e90 (0x02897f63) bgeu    s2, s0, pc + 62
core   0: 3 0x80007e90 (0x02897f63)
core   0: 0x80007ece (0x000099fd) c.andi  a1, -1
core   0: 3 0x80007ece (0x99fd) x11 0xfffffeff
core   0: 0x80007ed0 (0x02adc833) div     a6, s11, a0
core   0: 3 0x80007ed0 (0x02adc833) x16 0xffffffff
core   0: 0x80007ed4 (0x00008f7d) c.and   a4, a5
core   0: 3 0x80007ed4 (0x8f7d) x14 0x00025820
core   0: 0x80007ed6 (0x0000ea89) c.bnez  a3, pc + 18
core   0: 3 0x80007ed6 (0xea89)
core   0: 0x80007ee8 (0xbf2a2313) slti    t1, s4, -1038
core   0: 3 0x80007ee8 (0xbf2a2313) x 6 0x00000001
core   0: 0x80007eec (0x0000c499) c.beqz  s1, pc + 14
core   0: 3 0x80007eec (0xc499)
core   0: 0x80007eee (0xd38ee0b7) lui     ra, 0xd38ee
core   0: 3 0x80007eee (0xd38ee0b7) x 1 0xd38ee000
core   0: 0x80007ef2 (0x00008c95) c.sub   s1, a3
core   0: 3 0x80007ef2 (0x8c95) x 9 0x00000544
core   0: 0x80007ef4 (0x0000717d) c.addi16sp sp, -16
core   0: 3 0x80007ef4 (0x717d) x 2 0xffffffdf
core   0: 0x80007ef6 (0x00008aca) c.mv    s5, s2
core   0: 3 0x80007ef6 (0x8aca) x21 0x00000000
core   0: 0x80007ef8 (0x0000039a) c.slli  t2, 6
core   0: 3 0x80007ef8 (0x039a) x 7 0xffffffc0
core   0: 0x80007efa (0x014815b3) sll     a1, a6, s4
core   0: 3 0x80007efa (0x014815b3) x11 0xffffffff
core   0: 0x80007efe (0x0ff0000f) fence   iorw,iorw
core   0: 3 0x80007efe (0x0ff0000f)
core   0: 0x80007f02 (0x00001c7d) c.addi  s8, -1
core   0: 3 0x80007f02 (0x1c7d) x24 0xffffffff
core   0: 0x80007f04 (0xcacd3193) sltiu   gp, s10, -852
core   0: 3 0x80007f04 (0xcacd3193) x 3 0x00000000
core   0: 0x80007f08 (0x0000547d) c.li    s0, -1
core   0: 3 0x80007f08 (0x547d) x 8 0xffffffff
core   0: 0x80007f0a (0x1a293f13) sltiu   t5, s2, 418
core   0: 3 0x80007f0a (0x1a293f13) x30 0x00000001
core   0: 0x80007f0e (0x01941263) bne     s0, s9, pc + 4
core   0: 3 0x80007f0e (0x01941263)
core   0: 0x80007f12 (0x014381b3) add     gp, t2, s4
core   0: 3 0x80007f12 (0x014381b3) x 3 0x7fffffc0
core   0: 0x80007f16 (0x5cff3913) sltiu   s2, t5, 1487
core   0: 3 0x80007f16 (0x5cff3913) x18 0x00000001
core   0: 0x80007f1a (0x0000eb1d) c.bnez  a4, pc + 54
core   0: 3 0x80007f1a (0xeb1d)
core   0: 0x80007f50 (0x00008d39) c.xor   a0, a4
core   0: 3 0x80007f50 (0x8d39) x10 0x00025820
core   0: 0x80007f52 (0x03076f33) rem     t5, a4, a6
core   0: 3 0x80007f52 (0x03076f33) x30 0x00000000
core   0: 0x80007f56 (0x43790293) addi    t0, s2, 1079
core   0: 3 0x80007f56 (0x43790293) x 5 0x00000438
core   0: 0x80007f5a (0x037161b3) rem     gp, sp, s7
core   0: 3 0x80007f5a (0x037161b3) x 3 0x00000000
core   0: 0x80007f5e (0xb17fb993) sltiu   s3, t6, -1257
core   0: 3 0x80007f5e (0xb17fb993) x19 0x00000001
core   0: 0x80007f62 (0x03c420b3) mulhsu  ra, s0, t3
core   0: 3 0x80007f62 (0x03c420b3) x 1 0x00000000
core   0: 0x80007f66 (0x0046dc63) bge     a3, tp, pc + 24
core   0: 3 0x80007f66 (0x0046dc63)
core   0: 0x80007f6a (0x0000577d) c.li    a4, -1
core   0: 3 0x80007f6a (0x577d) x14 0xffffffff
core   0: 0x80007f6c (0x00008f61) c.and   a4, s0
core   0: 3 0x80007f6c (0x8f61) x14 0xffffffff
core   0: 0x80007f6e (0x0ff0000f) fence   iorw,iorw
core   0: 3 0x80007f6e (0x0ff0000f)
core   0: 0x80007f72 (0x00000001) c.nop
core   0: 3 0x80007f72 (0x0001)
core   0: 0x80007f74 (0x03f42cb3) mulhsu  s9, s0, t6
core   0: 3 0x80007f74 (0x03f42cb3) x25 0xffffffff
core   0: 0x80007f78 (0x39987293) andi    t0, a6, 921
core   0: 3 0x80007f78 (0x39987293) x 5 0x00000399
core   0: 0x80007f7c (0x00000001) c.nop
core   0: 3 0x80007f7c (0x0001)
core   0: 0x80007f7e (0x0000100f) fence.i
core   0: 3 0x80007f7e (0x0000100f)
core   0: 0x80007f82 (0x0000ca81) c.beqz  a3, pc + 16
core   0: 3 0x80007f82 (0xca81)
core   0: 0x80007f84 (0x00f50f33) add     t5, a0, a5
core   0: 3 0x80007f84 (0x00f50f33) x30 0x8004b684
core   0: 0x80007f88 (0x02b85533) divu    a0, a6, a1
core   0: 3 0x80007f88 (0x02b85533) x10 0x00000001
core   0: 0x80007f8c (0x00b24033) xor     zero, tp, a1
core   0: 3 0x80007f8c (0x00b24033)
core   0: 0x80007f90 (0x0000073a) c.slli  a4, 14
core   0: 3 0x80007f90 (0x073a) x14 0xffffc000
core   0: 0x80007f92 (0x0017d993) srli    s3, a5, 1
core   0: 3 0x80007f92 (0x0017d993) x19 0x40012f32
core   0: 0x80007f96 (0x0000177d) c.addi  a4, -1
core   0: 3 0x80007f96 (0x177d) x14 0xffffbfff
core   0: 0x80007f98 (0x0281a9b3) mulhsu  s3, gp, s0
core   0: 3 0x80007f98 (0x0281a9b3) x19 0x00000000
core   0: 0x80007f9c (0x00000876) c.slli  a6, 29
core   0: 3 0x80007f9c (0x0876) x16 0xe0000000
core   0: 0x80007f9e (0x89169417) auipc   s0, 0x89169
core   0: 3 0x80007f9e (0x89169417) x 8 0x09170f9e
core   0: 0x80007fa2 (0xd043e6b7) lui     a3, 0xd043e
core   0: 3 0x80007fa2 (0xd043e6b7) x13 0xd043e000
core   0: 0x80007fa6 (0x000089fd) c.andi  a1, 31
core   0: 3 0x80007fa6 (0x89fd) x11 0x0000001f
core   0: 0x80007fa8 (0x0000030c) c.addi4spn a1, sp, 384
core   0: 3 0x80007fa8 (0x030c) x11 0x0000015f
core   0: 0x80007faa (0x00e3b133) sltu    sp, t2, a4
core   0: 3 0x80007faa (0x00e3b133) x 2 0x00000000
core   0: 0x80007fae (0x00008952) c.mv    s2, s4
core   0: 3 0x80007fae (0x8952) x18 0x80000000
core   0: 0x80007fb0 (0x0037d263) bge     a5, gp, pc + 4
core   0: 3 0x80007fb0 (0x0037d263)
core   0: 0x80007fb4 (0x00008c25) c.xor   s0, s1
core   0: 3 0x80007fb4 (0x8c25) x 8 0x09170ada
core   0: 0x80007fb6 (0x0000934e) c.add   t1, s3
core   0: 3 0x80007fb6 (0x934e) x 6 0x00000001
core   0: 0x80007fb8 (0x4620bd93) sltiu   s11, ra, 1122
core   0: 3 0x80007fb8 (0x4620bd93) x27 0x00000001
core   0: 0x80007fbc (0x0be01497) auipc   s1, 0xbe01
core   0: 3 0x80007fbc (0x0be01497) x 9 0x8be08fbc
core   0: 0x80007fc0 (0x00011cb3) sll     s9, sp, zero
core   0: 3 0x80007fc0 (0x00011cb3) x25 0x00000000
core   0: 0x80007fc4 (0x0000717d) c.addi16sp sp, -16
core   0: 3 0x80007fc4 (0x717d) x 2 0xfffffff0
core   0: 0x80007fc6 (0x000093c2) c.add   t2, a6
core   0: 3 0x80007fc6 (0x93c2) x 7 0xdfffffc0
core   0: 0x80007fc8 (0x05df1563) bne     t5, t4, pc + 74
core   0: 3 0x80007fc8 (0x05df1563)
core   0: 0x80008012 (0x00008d1d) c.sub   a0, a5
core   0: 3 0x80008012 (0x8d1d) x10 0x7ffda19d
core   0: 0x80008014 (0x034d5563) bge     s10, s4, pc + 42
core   0: 3 0x80008014 (0x034d5563)
core   0: 0x8000803e (0x0000100f) fence.i
core   0: 3 0x8000803e (0x0000100f)
core   0: 0x80008042 (0x33d06f13) ori     t5, zero, 829
core   0: 3 0x80008042 (0x33d06f13) x30 0x0000033d
core   0: 0x80008046 (0x00009836) c.add   a6, a3
core   0: 3 0x80008046 (0x9836) x16 0xb043e000
core   0: 0x80008048 (0x418ed533) sra     a0, t4, s8
core   0: 3 0x80008048 (0x418ed533) x10 0x00000000
core   0: 0x8000804c (0x8a896693) ori     a3, s2, -1880
core   0: 3 0x8000804c (0x8a896693) x13 0xfffff8a8
core   0: 0x80008050 (0x00000001) c.nop
core   0: 3 0x80008050 (0x0001)
core   0: 0x80008052 (0x0000987d) c.andi  s0, -1
core   0: 3 0x80008052 (0x987d) x 8 0x09170ada
core   0: 0x80008054 (0x00e343b3) xor     t2, t1, a4
core   0: 3 0x80008054 (0x00e343b3) x 7 0xffffbffe
core   0: 0x80008058 (0x011e6f33) or      t5, t3, a7
core   0: 3 0x80008058 (0x011e6f33) x30 0x7ffd9f9a
core   0: 0x8000805c (0x0ff0000f) fence   iorw,iorw
core   0: 3 0x8000805c (0x0ff0000f)
core   0: 0x80008060 (0x40e9de13) srai    t3, s3, 14
core   0: 3 0x80008060 (0x40e9de13) x28 0x00000000
core   0: 0x80008064 (0x00008ea1) c.xor   a3, s0
core   0: 3 0x80008064 (0x8ea1) x13 0xf6e8f272
core   0: 0x80008066 (0x00000001) c.nop
core   0: 3 0x80008066 (0x0001)
core   0: 0x80008068 (0x00008775) c.srai  a4, 29
core   0: 3 0x80008068 (0x8775) x14 0xffffffff
core   0: 0x8000806a (0x00146e63) bltu    s0, ra, pc + 28
core   0: 3 0x8000806a (0x00146e63)
core   0: 0x8000806e (0x007de8b3) or      a7, s11, t2
core   0: 3 0x8000806e (0x007de8b3) x17 0xffffbfff
core   0: 0x80008072 (0x02d41c63) bne     s0, a3, pc + 56
core   0: 3 0x80008072 (0x02d41c63)
core   0: 0x800080aa (0x0000cb09) c.beqz  a4, pc + 18
core   0: 3 0x800080aa (0xcb09)
core   0: 0x800080ac (0x01825413) srli    s0, tp, 24
core   0: 3 0x800080ac (0x01825413) x 8 0x00000000
core   0: 0x800080b0 (0x00008cdd) c.or    s1, a5
core   0: 3 0x800080b0 (0x8cdd) x 9 0x8be2dffc
core   0: 0x800080b2 (0x00008d06) c.mv    s10, ra
core   0: 3 0x800080b2 (0x8d06) x26 0x00000000
core   0: 0x800080b4 (0x0000420d) c.li    tp, 3
core   0: 3 0x800080b4 (0x420d) x 4 0x00000003
core   0: 0x800080b6 (0x00001d7d) c.addi  s10, -1
core   0: 3 0x800080b6 (0x1d7d) x26 0xffffffff
core   0: 0x800080b8 (0x00008d39) c.xor   a0, a4
core   0: 3 0x800080b8 (0x8d39) x10 0xffffffff
core   0: 0x800080ba (0x00008ded) c.and   a1, a1
core   0: 3 0x800080ba (0x8ded) x11 0x0000015f
core   0: 0x800080bc (0x00000205) c.addi  tp, 1
core   0: 3 0x800080bc (0x0205) x 4 0x00000004
core   0: 0x800080be (0x0ff0000f) fence   iorw,iorw
core   0: 3 0x800080be (0x0ff0000f)
core   0: 0x800080c2 (0x00a0dab3) srl     s5, ra, a0
core   0: 3 0x800080c2 (0x00a0dab3) x21 0x00000000
core   0: 0x800080c6 (0x02770ab3) mul     s5, a4, t2
core   0: 3 0x800080c6 (0x02770ab3) x21 0x00004002
core   0: 0x800080ca (0x03f76bb3) rem     s7, a4, t6
core   0: 3 0x800080ca (0x03f76bb3) x23 0xffffffff
core   0: 0x800080ce (0xec366c97) auipc   s9, 0xec366
core   0: 3 0x800080ce (0xec366c97) x25 0x6c36e0ce
core   0: 0x800080d2 (0x0000100f) fence.i
core   0: 3 0x800080d2 (0x0000100f)
core   0: 0x800080d6 (0x021166b3) rem     a3, sp, ra
core   0: 3 0x800080d6 (0x021166b3) x13 0xfffffff0
core   0: 0x800080da (0x00009c16) c.add   s8, t0
core   0: 3 0x800080da (0x9c16) x24 0x00000398
core   0: 0x800080dc (0x01c0e1b3) or      gp, ra, t3
core   0: 3 0x800080dc (0x01c0e1b3) x 3 0x00000000
core   0: 0x800080e0 (0xa3462213) slti    tp, a2, -1484
core   0: 3 0x800080e0 (0xa3462213) x 4 0x00000001
core   0: 0x800080e4 (0x02607663) bgeu    zero, t1, pc + 44
core   0: 3 0x800080e4 (0x02607663)
core   0: 0x800080e8 (0x011a4733) xor     a4, s4, a7
core   0: 3 0x800080e8 (0x011a4733) x14 0x7fffbfff
core   0: 0x800080ec (0x02d842b3) div     t0, a6, a3
core   0: 3 0x800080ec (0x02d842b3) x 5 0x04fbc200
core   0: 0x800080f0 (0x000081e9) c.srli  a1, 26
core   0: 3 0x800080f0 (0x81e9) x11 0x00000000
core   0: 0x800080f2 (0x00000001) c.nop
core   0: 3 0x800080f2 (0x0001)
core   0: 0x800080f4 (0x030bf263) bgeu    s7, a6, pc + 36
core   0: 3 0x800080f4 (0x030bf263)
core   0: 0x80008118 (0x03d0cc63) blt     ra, t4, pc + 56
core   0: 3 0x80008118 (0x03d0cc63)
core   0: 0x8000811c (0x40d65813) srai    a6, a2, 13
core   0: 3 0x8000811c (0x40d65813) x16 0xfffc0014
core   0: 0x80008120 (0x014705b3) add     a1, a4, s4
core   0: 3 0x80008120 (0x014705b3) x11 0xffffbfff
core   0: 0x80008124 (0x40055833) sra     a6, a0, zero
core   0: 3 0x80008124 (0x40055833) x16 0xffffffff
core   0: 0x80008128 (0xc7be8013) addi    zero, t4, -901
core   0: 3 0x80008128 (0xc7be8013)
core   0: 0x8000812c (0x03365db3) divu    s11, a2, s3
core   0: 3 0x8000812c (0x03365db3) x27 0xffffffff
core   0: 0x80008130 (0x0000617d) c.addi16sp sp, 496
core   0: 3 0x80008130 (0x617d) x 2 0x000001e0
core   0: 0x80008132 (0x3a16c293) xori    t0, a3, 929
core   0: 3 0x80008132 (0x3a16c293) x 5 0xfffffc51
core   0: 0x80008136 (0x04f58363) beq     a1, a5, pc + 70
core   0: 3 0x80008136 (0x04f58363)
core   0: 0x8000813a (0x0000717d) c.addi16sp sp, -16
core   0: 3 0x8000813a (0x717d) x 2 0x000001d0
core   0: 0x8000813c (0x01189263) bne     a7, a7, pc + 4
core   0: 3 0x8000813c (0x01189263)
core   0: 0x80008140 (0x0000100f) fence.i
core   0: 3 0x80008140 (0x0000100f)
core   0: 0x80008144 (0x037ca8b3) mulhsu  a7, s9, s7
core   0: 3 0x80008144 (0x037ca8b3) x17 0x6c36e0cd
core   0: 0x80008148 (0x00860733) add     a4, a2, s0
core   0: 3 0x80008148 (0x00860733) x14 0x80029ce4
core   0: 0x8000814c (0x01439893) slli    a7, t2, 20
core   0: 3 0x8000814c (0x01439893) x17 0xffe00000
core   0: 0x80008150 (0xb7f6e913) ori     s2, a3, -1153
core   0: 3 0x80008150 (0xb7f6e913) x18 0xffffffff
core   0: 0x80008154 (0x8277b813) sltiu   a6, a5, -2009
core   0: 3 0x80008154 (0x8277b813) x16 0x00000001
core   0: 0x80008158 (0x0154fd33) and     s10, s1, s5
core   0: 3 0x80008158 (0x0154fd33) x26 0x00004000
core   0: 0x8000815c (0x40d6dfb3) sra     t6, a3, a3
core   0: 3 0x8000815c (0x40d6dfb3) x31 0xffffffff
core   0: 0x80008160 (0x02a97463) bgeu    s2, a0, pc + 40
core   0: 3 0x80008160 (0x02a97463)
core   0: 0x80008188 (0x6abe6413) ori     s0, t3, 1707
core   0: 3 0x80008188 (0x6abe6413) x 8 0x000006ab
core   0: 0x8000818c (0x00000188) c.addi4spn a0, sp, 192
core   0: 3 0x8000818c (0x0188) x10 0x00000290
core   0: 0x8000818e (0x77106213) ori     tp, zero, 1905
core   0: 3 0x8000818e (0x77106213) x 4 0x00000771
core   0: 0x80008192 (0x03427133) remu    sp, tp, s4
core   0: 3 0x80008192 (0x03427133) x 2 0x00000771
core   0: 0x80008196 (0x00d56fb3) or      t6, a0, a3
core   0: 3 0x80008196 (0x00d56fb3) x31 0xfffffff0
core   0: 0x8000819a (0x00008c61) c.and   s0, s0
core   0: 3 0x8000819a (0x8c61) x 8 0x000006ab
core   0: 0x8000819c (0x0000cf55) c.beqz  a4, pc + 188
core   0: 3 0x8000819c (0xcf55)
core   0: 0x8000819e (0x0000e117) auipc   sp, 0xe
core   0: 3 0x8000819e (0x0000e117) x 2 0x8001619e
core   0: 0x800081a2 (0x94210113) addi    sp, sp, -1726
core   0: 3 0x800081a2 (0x94210113) x 2 0x80015ae0
core   0: 0x800081a6 (0x000009d9) c.addi  s3, 22
core   0: 3 0x800081a6 (0x09d9) x19 0x00000016
core   0: 0x800081a8 (0x000095f6) c.add   a1, t4
core   0: 3 0x800081a8 (0x95f6) x11 0xffffbfff
core   0: 0x800081aa (0x00714383) lbu     t2, 7(sp)
core   0: 3 0x800081aa (0x00714383) x 7 0x0000001c mem 0x80015ae7
core   0: 0x800081ae (0xff310d03) lb      s10, -13(sp)
core   0: 3 0x800081ae (0xff310d03) x26 0xffffffd1 mem 0x80015ad3
core   0: 0x800081b2 (0x00008d85) c.sub   a1, s1
core   0: 3 0x800081b2 (0x8d85) x11 0x741ce003
core   0: 0x800081b4 (0x40538e33) sub     t3, t2, t0
core   0: 3 0x800081b4 (0x40538e33) x28 0x000003cb
core   0: 0x800081b8 (0xf9910e23) sb      s9, -100(sp)
core   0: 3 0x800081b8 (0xf9910e23) mem 0x80015a7c 0xce
core   0: 0x800081bc (0xe84d5697) auipc   a3, 0xe84d5
core   0: 3 0x800081bc (0xe84d5697) x13 0x684dd1bc
core   0: 0x800081c0 (0x404dd593) srai    a1, s11, 4
core   0: 3 0x800081c0 (0x404dd593) x11 0xffffffff
core   0: 0x800081c4 (0x06f105a3) sb      a5, 107(sp)
core   0: 3 0x800081c4 (0x06f105a3) mem 0x80015b4b 0x64
core   0: 0x800081c8 (0x429fa813) slti    a6, t6, 1065
core   0: 3 0x800081c8 (0x429fa813) x16 0x00000001
core   0: 0x800081cc (0x01b14f83) lbu     t6, 27(sp)
core   0: 3 0x800081cc (0x01b14f83) x31 0x000000bb mem 0x80015afb
core   0: 0x800081d0 (0x00ace533) or      a0, s9, a0
core   0: 3 0x800081d0 (0x00ace533) x10 0x6c36e2de
core   0: 0x800081d4 (0x01f05db3) srl     s11, zero, t6
core   0: 3 0x800081d4 (0x01f05db3) x27 0x00000000
core   0: 0x800081d8 (0x03ff3ab3) mulhu   s5, t5, t6
core   0: 3 0x800081d8 (0x03ff3ab3) x21 0x0000005d
core   0: 0x800081dc (0x000106a3) sb      zero, 13(sp)
core   0: 3 0x800081dc (0x000106a3) mem 0x80015aed 0x0
core   0: 0x800081e0 (0x0e310d83) lb      s11, 227(sp)
core   0: 3 0x800081e0 (0x0e310d83) x27 0x00000028 mem 0x80015bc3
core   0: 0x800081e4 (0x020cb933) mulhu   s2, s9, zero
core   0: 3 0x800081e4 (0x020cb933) x18 0x00000000
core   0: 0x800081e8 (0xf1811c03) lh      s8, -232(sp)
core   0: 3 0x800081e8 (0xf1811c03) x24 0x00007336 mem 0x800159f8
core   0: 0x800081ec (0xf3e14203) lbu     tp, -194(sp)
core   0: 3 0x800081ec (0xf3e14203) x 4 0x00000042 mem 0x80015a1e
core   0: 0x800081f0 (0x00485833) srl     a6, a6, tp
core   0: 3 0x800081f0 (0x00485833) x16 0x00000000
core   0: 0x800081f4 (0x0ca15683) lhu     a3, 202(sp)
core   0: 3 0x800081f4 (0x0ca15683) x13 0x0000c81a mem 0x80015baa
core   0: 0x800081f8 (0x40c3d3b3) sra     t2, t2, a2
core   0: 3 0x800081f8 (0x40c3d3b3) x 7 0x00000001
core   0: 0x800081fc (0xfea11f03) lh      t5, -22(sp)
core   0: 3 0x800081fc (0xfea11f03) x30 0x000026d5 mem 0x80015aca
core   0: 0x80008200 (0x0000880d) c.andi  s0, 3
core   0: 3 0x80008200 (0x880d) x 8 0x00000003
core   0: 0x80008202 (0x769bb513) sltiu   a0, s7, 1897
core   0: 3 0x80008202 (0x769bb513) x10 0x00000000
core   0: 0x80008206 (0xf2810623) sb      s0, -212(sp)
core   0: 3 0x80008206 (0xf2810623) mem 0x80015a0c 0x3
core   0: 0x8000820a (0xff610c83) lb      s9, -10(sp)
core   0: 3 0x8000820a (0xff610c83) x25 0x00000040 mem 0x80015ad6
core   0: 0x8000820e (0x01ed9233) sll     tp, s11, t5
core   0: 3 0x8000820e (0x01ed9233) x 4 0x05000000
core   0: 0x80008212 (0x00009c92) c.add   s9, tp
core   0: 3 0x80008212 (0x9c92) x25 0x05000040
core   0: 0x80008214 (0xfa011003) lh      zero, -96(sp)
core   0: 3 0x80008214 (0xfa011003) mem 0x80015a80
core   0: 0x80008218 (0x000083ee) c.mv    t2, s11
core   0: 3 0x80008218 (0x83ee) x 7 0x00000028
core   0: 0x8000821a (0x1ca80213) addi    tp, a6, 458
core   0: 3 0x8000821a (0x1ca80213) x 4 0x000001ca
core   0: 0x8000821e (0x0000997d) c.andi  a0, -1
core   0: 3 0x8000821e (0x997d) x10 0x00000000
core   0: 0x80008220 (0xff914d03) lbu     s10, -7(sp)
core   0: 3 0x80008220 (0xff914d03) x26 0x0000003c mem 0x80015ad9
core   0: 0x80008224 (0x02208c33) mul     s8, ra, sp
core   0: 3 0x80008224 (0x02208c33) x24 0x00000000
core   0: 0x80008228 (0x008e5893) srli    a7, t3, 8
core   0: 3 0x80008228 (0x008e5893) x17 0x00000003
core   0: 0x8000822c (0x0d210da3) sb      s2, 219(sp)
core   0: 3 0x8000822c (0x0d210da3) mem 0x80015bbb 0x0
core   0: 0x80008230 (0x00008d5d) c.or    a0, a5
core   0: 3 0x80008230 (0x8d5d) x10 0x80025e64
core   0: 0x80008232 (0x000095ae) c.add   a1, a1
core   0: 3 0x80008232 (0x95ae) x11 0xfffffffe
core   0: 0x80008234 (0x00745893) srli    a7, s0, 7
core   0: 3 0x80008234 (0x00745893) x17 0x00000000
core   0: 0x80008238 (0xf4410d23) sb      tp, -166(sp)
core   0: 3 0x80008238 (0xf4410d23) mem 0x80015a3a 0xca
core   0: 0x8000823c (0x009c8e33) add     t3, s9, s1
core   0: 3 0x8000823c (0x009c8e33) x28 0x90e2e03c
core   0: 0x80008240 (0x010b5713) srli    a4, s6, 16
core   0: 3 0x80008240 (0x010b5713) x14 0x00000000
core   0: 0x80008244 (0x00408f33) add     t5, ra, tp
core   0: 3 0x80008244 (0x00408f33) x30 0x000001ca
core   0: 0x80008248 (0x41895b33) sra     s6, s2, s8
core   0: 3 0x80008248 (0x41895b33) x22 0x00000000
core   0: 0x8000824c (0xff215003) lhu     zero, -14(sp)
core   0: 3 0x8000824c (0xff215003) mem 0x80015ad2
core   0: 0x80008250 (0xf8110ba3) sb      ra, -105(sp)
core   0: 3 0x80008250 (0xf8110ba3) mem 0x80015a77 0x0
core   0: 0x80008254 (0xf5710aa3) sb      s7, -171(sp)
core   0: 3 0x80008254 (0xf5710aa3) mem 0x80015a35 0xff
core   0: 0x80008258 (0x0000ec91) c.bnez  s1, pc + 28
core   0: 3 0x80008258 (0xec91)
core   0: 0x80008274 (0x03b72c33) mulhsu  s8, a4, s11
core   0: 3 0x80008274 (0x03b72c33) x24 0x00000000
core   0: 0x80008278 (0x29a43713) sltiu   a4, s0, 666
core   0: 3 0x80008278 (0x29a43713) x14 0x00000001
core   0: 0x8000827c (0x41380d33) sub     s10, a6, s3
core   0: 3 0x8000827c (0x41380d33) x26 0xffffffea
core   0: 0x80008280 (0x0130e133) or      sp, ra, s3
core   0: 3 0x80008280 (0x0130e133) x 2 0x00000016
core   0: 0x80008284 (0x03da6b33) rem     s6, s4, t4
core   0: 3 0x80008284 (0x03da6b33) x22 0x80000000
core   0: 0x80008288 (0x00000001) c.nop
core   0: 3 0x80008288 (0x0001)
core   0: 0x8000828a (0x023e0533) mul     a0, t3, gp
core   0: 3 0x8000828a (0x023e0533) x10 0x00000000
core   0: 0x8000828e (0x024f1733) mulh    a4, t5, tp
core   0: 3 0x8000828e (0x024f1733) x14 0x00000000
core   0: 0x80008292 (0x03acf963) bgeu    s9, s10, pc + 50
core   0: 3 0x80008292 (0x03acf963)
core   0: 0x80008296 (0x0000e995) c.bnez  a1, pc + 52
core   0: 3 0x80008296 (0xe995)
core   0: 0x800082ca (0x00008a22) c.mv    s4, s0
core   0: 3 0x800082ca (0x8a22) x20 0x00000003
core   0: 0x800082cc (0x013f9933) sll     s2, t6, s3
core   0: 3 0x800082cc (0x013f9933) x18 0x2ec00000
core   0: 0x800082d0 (0x02b41933) mulh    s2, s0, a1
core   0: 3 0x800082d0 (0x02b41933) x18 0xffffffff
core   0: 0x800082d4 (0x199e3813) sltiu   a6, t3, 409
core   0: 3 0x800082d4 (0x199e3813) x16 0x00000000
core   0: 0x800082d8 (0xbf9fe993) ori     s3, t6, -1031
core   0: 3 0x800082d8 (0xbf9fe993) x19 0xfffffbfb
core   0: 0x800082dc (0x0000130c) c.addi4spn a1, sp, 416
core   0: 3 0x800082dc (0x130c) x11 0x000001b6
core   0: 0x800082de (0x02256c63) bltu    a0, sp, pc + 56
core   0: 3 0x800082de (0x02256c63)
core   0: 0x80008316 (0x01289033) sll     zero, a7, s2
core   0: 3 0x80008316 (0x01289033)
core   0: 0x8000831a (0x56a0ea93) ori     s5, ra, 1386
core   0: 3 0x8000831a (0x56a0ea93) x21 0x0000056a
core   0: 0x8000831e (0x009a2db3) slt     s11, s4, s1
core   0: 3 0x8000831e (0x009a2db3) x27 0x00000000
core   0: 0x80008322 (0x01073233) sltu    tp, a4, a6
core   0: 3 0x80008322 (0x01073233) x 4 0x00000000
core   0: 0x80008326 (0x01479a93) slli    s5, a5, 20
core   0: 3 0x80008326 (0x01479a93) x21 0xe6400000
core   0: 0x8000832a (0xdaecc497) auipc   s1, 0xdaecc
core   0: 3 0x8000832a (0xdaecc497) x 9 0x5aed432a
core   0: 0x8000832e (0x02e76333) rem     t1, a4, a4
core   0: 3 0x8000832e (0x02e76333) x 6 0x00000000
core   0: 0x80008332 (0x006652b3) srl     t0, a2, t1
core   0: 3 0x80008332 (0x006652b3) x 5 0x80029ce4
core   0: 0x80008336 (0x0ff0000f) fence   iorw,iorw
core   0: 3 0x80008336 (0x0ff0000f)
core   0: 0x8000833a (0x00006699) c.lui   a3, 0x6
core   0: 3 0x8000833a (0x6699) x13 0x00006000
core   0: 0x8000833c (0x92553a93) sltiu   s5, a0, -1755
core   0: 3 0x8000833c (0x92553a93) x21 0x00000001
core   0: 0x80008340 (0x000065dd) c.lui   a1, 0x17
core   0: 3 0x80008340 (0x65dd) x11 0x00017000
core   0: 0x80008342 (0x00000001) c.nop
core   0: 3 0x80008342 (0x0001)
core   0: 0x80008344 (0x00009afd) c.andi  a3, -1
core   0: 3 0x80008344 (0x9afd) x13 0x00006000
core   0: 0x80008346 (0x01abd933) srl     s2, s7, s10
core   0: 3 0x80008346 (0x01abd933) x18 0x003fffff
core   0: 0x8000834a (0x038ab0b3) mulhu   ra, s5, s8
core   0: 3 0x8000834a (0x038ab0b3) x 1 0x00000000
core   0: 0x8000834e (0x00000001) c.nop
core   0: 3 0x8000834e (0x0001)
core   0: 0x80008350 (0x03703bb3) mulhu   s7, zero, s7
core   0: 3 0x80008350 (0x03703bb3) x23 0x00000000
core   0: 0x80008354 (0x000082c1) c.srli  a3, 16
core   0: 3 0x80008354 (0x82c1) x13 0x00000000
core   0: 0x80008356 (0x0054c133) xor     sp, s1, t0
core   0: 3 0x80008356 (0x0054c133) x 2 0xdaefdfce
core   0: 0x8000835a (0x03971ab3) mulh    s5, a4, s9
core   0: 3 0x8000835a (0x03971ab3) x21 0x00000000
core   0: 0x8000835e (0x0000100f) fence.i
core   0: 3 0x8000835e (0x0000100f)
core   0: 0x80008362 (0x5f82ac13) slti    s8, t0, 1528
core   0: 3 0x80008362 (0x5f82ac13) x24 0x00000001
core   0: 0x80008366 (0x00005e7d) c.li    t3, -1
core   0: 3 0x80008366 (0x5e7d) x28 0xffffffff
core   0: 0x80008368 (0x00000472) c.slli  s0, 28
core   0: 3 0x80008368 (0x0472) x 8 0x30000000
core   0: 0x8000836a (0x0259d4b3) divu    s1, s3, t0
core   0: 3 0x8000836a (0x0259d4b3) x 9 0x00000001
core   0: 0x8000836e (0x03eefb63) bgeu    t4, t5, pc + 54
core   0: 3 0x8000836e (0x03eefb63)
core   0: 0x80008372 (0x00164733) xor     a4, a2, ra
core   0: 3 0x80008372 (0x00164733) x14 0x80029ce4
core   0: 0x80008376 (0x00000152) c.slli  sp, 20
core   0: 3 0x80008376 (0x0152) x 2 0xfce00000
core   0: 0x80008378 (0x031c0c33) mul     s8, s8, a7
core   0: 3 0x80008378 (0x031c0c33) x24 0x00000000
core   0: 0x8000837c (0x00111933) sll     s2, sp, ra
core   0: 3 0x8000837c (0x00111933) x18 0xfce00000
core   0: 0x80008380 (0x02896463) bltu    s2, s0, pc + 40
core   0: 3 0x80008380 (0x02896463)
core   0: 0x80008384 (0x03a14cb3) div     s9, sp, s10
core   0: 3 0x80008384 (0x03a14cb3) x25 0x00245d17
core   0: 0x80008388 (0x02198533) mul     a0, s3, ra
core   0: 3 0x80008388 (0x02198533) x10 0x00000000
core   0: 0x8000838c (0x00008739) c.srai  a4, 14
core   0: 3 0x8000838c (0x8739) x14 0xfffe000a
core   0: 0x8000838e (0x02cceab3) rem     s5, s9, a2
core   0: 3 0x8000838e (0x02cceab3) x21 0x00245d17
core   0: 0x80008392 (0x0000e589) c.bnez  a1, pc + 10
core   0: 3 0x80008392 (0xe589)
core   0: 0x8000839c (0x0009d093) srli    ra, s3, 0
core   0: 3 0x8000839c (0x0009d093) x 1 0xfffffbfb
core   0: 0x800083a0 (0xcd9ce593) ori     a1, s9, -807
core   0: 3 0x800083a0 (0xcd9ce593) x11 0xfffffddf
core   0: 0x800083a4 (0x1a344237) lui     tp, 0x1a344
core   0: 3 0x800083a4 (0x1a344237) x 4 0x1a344000
core   0: 0x800083a8 (0xe7a68493) addi    s1, a3, -390
core   0: 3 0x800083a8 (0xe7a68493) x 9 0xfffffe7a
core   0: 0x800083ac (0x0000612d) c.addi16sp sp, 224
core   0: 3 0x800083ac (0x612d) x 2 0xfce000e0
core   0: 0x800083ae (0x02bf6e63) bltu    t5, a1, pc + 60
core   0: 3 0x800083ae (0x02bf6e63)
core   0: 0x800083ea (0x005cdc33) srl     s8, s9, t0
core   0: 3 0x800083ea (0x005cdc33) x24 0x000245d1
core   0: 0x800083ee (0x027f7733) remu    a4, t5, t2
core   0: 3 0x800083ee (0x027f7733) x14 0x00000012
core   0: 0x800083f2 (0x00008ca1) c.xor   s1, s0
core   0: 3 0x800083f2 (0x8ca1) x 9 0xcffffe7a
core   0: 0x800083f4 (0x004a6b33) or      s6, s4, tp
core   0: 3 0x800083f4 (0x004a6b33) x22 0x1a344003
core   0: 0x800083f8 (0x000051fd) c.li    gp, -1
core   0: 3 0x800083f8 (0x51fd) x 3 0xffffffff
core   0: 0x800083fa (0x4d740593) addi    a1, s0, 1239
core   0: 3 0x800083fa (0x4d740593) x11 0x300004d7
core   0: 0x800083fe (0x021d38b3) mulhu   a7, s10, ra
core   0: 3 0x800083fe (0x021d38b3) x17 0xfffffbe5
core   0: 0x80008402 (0x400b8f33) sub     t5, s7, zero
core   0: 3 0x80008402 (0x400b8f33) x30 0x00000000
core   0: 0x80008406 (0x0000117d) c.addi  sp, -1
core   0: 3 0x80008406 (0x117d) x 2 0xfce000df
core   0: 0x80008408 (0x00000b8a) c.slli  s7, 2
core   0: 3 0x80008408 (0x0b8a) x23 0x00000000
core   0: 0x8000840a (0x977612b7) lui     t0, 0x97761
core   0: 3 0x8000840a (0x977612b7) x 5 0x97761000
core   0: 0x8000840e (0x01825e33) srl     t3, tp, s8
core   0: 3 0x8000840e (0x01825e33) x28 0x00000d1a
core   0: 0x80008412 (0x00f36a63) bltu    t1, a5, pc + 20
core   0: 3 0x80008412 (0x00f36a63)
core   0: 0x80008426 (0x215f0813) addi    a6, t5, 533
core   0: 3 0x80008426 (0x215f0813) x16 0x00000215
core   0: 0x8000842a (0x02166663) bltu    a2, ra, pc + 44
core   0: 3 0x8000842a (0x02166663)
core   0: 0x80008456 (0x01b5f263) bgeu    a1, s11, pc + 4
core   0: 3 0x80008456 (0x01b5f263)
core   0: 0x8000845a (0x005b9413) slli    s0, s7, 5
core   0: 3 0x8000845a (0x005b9413) x 8 0x00000000
core   0: 0x8000845e (0x002e8d63) beq     t4, sp, pc + 26
core   0: 3 0x8000845e (0x002e8d63)
core   0: 0x80008462 (0x0000009e) c.slli  ra, 7
core   0: 3 0x80008462 (0x009e) x 1 0xfffdfd80
core   0: 0x80008464 (0x00008d4d) c.or    a0, a1
core   0: 3 0x80008464 (0x8d4d) x10 0x300004d7
core   0: 0x80008466 (0x036b9463) bne     s7, s6, pc + 40
core   0: 3 0x80008466 (0x036b9463)
core   0: 0x8000848e (0x0000c419) c.beqz  s0, pc + 14
core   0: 3 0x8000848e (0xc419)
core   0: 0x8000849c (0x0238fab3) remu    s5, a7, gp
core   0: 3 0x8000849c (0x0238fab3) x21 0xfffffbe5
core   0: 0x800084a0 (0x00000001) c.nop
core   0: 3 0x800084a0 (0x0001)
core   0: 0x800084a2 (0x0268cb63) blt     a7, t1, pc + 54
core   0: 3 0x800084a2 (0x0268cb63)
core   0: 0x800084d8 (0x00000b8e) c.slli  s7, 3
core   0: 3 0x800084d8 (0x0b8e) x23 0x00000000
core   0: 0x800084da (0xb6f69d17) auipc   s10, 0xb6f69
core   0: 3 0x800084da (0xb6f69d17) x26 0x36f714da
core   0: 0x800084de (0x0369d1b3) divu    gp, s3, s6
core   0: 3 0x800084de (0x0369d1b3) x 3 0x00000009
core   0: 0x800084e2 (0x00004c6d) c.li    s8, 27
core   0: 3 0x800084e2 (0x4c6d) x24 0x0000001b
core   0: 0x800084e4 (0x5c791f37) lui     t5, 0x5c791
core   0: 3 0x800084e4 (0x5c791f37) x30 0x5c791000
core   0: 0x800084e8 (0xfdc57d13) andi    s10, a0, -36
core   0: 3 0x800084e8 (0xfdc57d13) x26 0x300004d4
core   0: 0x800084ec (0x04a41363) bne     s0, a0, pc + 70
core   0: 3 0x800084ec (0x04a41363)
core   0: 0x80008532 (0x0000815d) c.srli  a0, 23
core   0: 3 0x80008532 (0x815d) x10 0x00000060
core   0: 0x80008534 (0x00000a2e) c.slli  s4, 11
core   0: 3 0x80008534 (0x0a2e) x20 0x00001800
core   0: 0x80008536 (0x00008575) c.srai  a0, 29
core   0: 3 0x80008536 (0x8575) x10 0x00000000
core   0: 0x80008538 (0x01fa6263) bltu    s4, t6, pc + 4
core   0: 3 0x80008538 (0x01fa6263)
core   0: 0x8000853c (0x00004d09) c.li    s10, 2
core   0: 3 0x8000853c (0x4d09) x26 0x00000002
core   0: 0x8000853e (0x023679b3) remu    s3, a2, gp
core   0: 3 0x8000853e (0x023679b3) x19 0x00000004
core   0: 0x80008542 (0x01b7acb3) slt     s9, a5, s11
core   0: 3 0x80008542 (0x01b7acb3) x25 0x00000001
core   0: 0x80008546 (0x259d7a13) andi    s4, s10, 601
core   0: 3 0x80008546 (0x259d7a13) x20 0x00000000
core   0: 0x8000854a (0x00008691) c.srai  a3, 4
core   0: 3 0x8000854a (0x8691) x13 0x00000000
core   0: 0x8000854c (0x0299f133) remu    sp, s3, s1
core   0: 3 0x8000854c (0x0299f133) x 2 0x00000004
core   0: 0x80008550 (0x000081e1) c.srli  a1, 24
core   0: 3 0x80008550 (0x81e1) x11 0x00000030
core   0: 0x80008552 (0x008673b3) and     t2, a2, s0
core   0: 3 0x80008552 (0x008673b3) x 7 0x00000000
core   0: 0x80008556 (0x00000001) c.nop
core   0: 3 0x80008556 (0x0001)
core   0: 0x80008558 (0x00b42233) slt     tp, s0, a1
core   0: 3 0x80008558 (0x00b42233) x 4 0x00000001
core   0: 0x8000855c (0x026df0b3) remu    ra, s11, t1
core   0: 3 0x8000855c (0x026df0b3) x 1 0x00000000
core   0: 0x80008560 (0x02a1dfb3) divu    t6, gp, a0
core   0: 3 0x80008560 (0x02a1dfb3) x31 0xffffffff
core   0: 0x80008564 (0x40d5d293) srai    t0, a1, 13
core   0: 3 0x80008564 (0x40d5d293) x 5 0x00000000
core   0: 0x80008568 (0x00008f21) c.xor   a4, s0
core   0: 3 0x80008568 (0x8f21) x14 0x00000012
core   0: 0x8000856a (0x00008d32) c.mv    s10, a2
core   0: 3 0x8000856a (0x8d32) x26 0x80029ce4
core   0: 0x8000856c (0x017a2db3) slt     s11, s4, s7
core   0: 3 0x8000856c (0x017a2db3) x27 0x00000000
core   0: 0x80008570 (0x052c6263) bltu    s8, s2, pc + 68
core   0: 3 0x80008570 (0x052c6263)
core   0: 0x800085b4 (0x0000ca9d) c.beqz  a3, pc + 54
core   0: 3 0x800085b4 (0xca9d)
core   0: 0x800085ea (0xfdbe2c13) slti    s8, t3, -37
core   0: 3 0x800085ea (0xfdbe2c13) x24 0x00000000
core   0: 0x800085ee (0x015f58b3) srl     a7, t5, s5
core   0: 3 0x800085ee (0x015f58b3) x17 0x02e3c880
core   0: 0x800085f2 (0x03630733) mul     a4, t1, s6
core   0: 3 0x800085f2 (0x03630733) x14 0x00000000
core   0: 0x800085f6 (0x01dbea33) or      s4, s7, t4
core   0: 3 0x800085f6 (0x01dbea33) x20 0x00000000
core   0: 0x800085fa (0x01d7ad33) slt     s10, a5, t4
core   0: 3 0x800085fa (0x01d7ad33) x26 0x00000001
core   0: 0x800085fe (0xe7b5fc93) andi    s9, a1, -389
core   0: 3 0x800085fe (0xe7b5fc93) x25 0x00000030
core   0: 0x80008602 (0x8aa07b37) lui     s6, 0x8aa07
core   0: 3 0x80008602 (0x8aa07b37) x22 0x8aa07000
core   0: 0x80008606 (0x85a8cd13) xori    s10, a7, -1958
core   0: 3 0x80008606 (0x85a8cd13) x26 0xfd1c30da
core   0: 0x8000860a (0x00006179) c.addi16sp sp, 464
core   0: 3 0x8000860a (0x6179) x 2 0x000001d4
core   0: 0x8000860c (0x00c4a333) slt     t1, s1, a2
core   0: 3 0x8000860c (0x00c4a333) x 6 0x00000000
core   0: 0x80008610 (0x0000cd09) c.beqz  a0, pc + 26
core   0: 3 0x80008610 (0xcd09)
core   0: 0x8000862a (0x04736263) bltu    t1, t2, pc + 68
core   0: 3 0x8000862a (0x04736263)
core   0: 0x8000862e (0x0392b433) mulhu   s0, t0, s9
core   0: 3 0x8000862e (0x0392b433) x 8 0x00000000
core   0: 0x80008632 (0x00008f1d) c.sub   a4, a5
core   0: 3 0x80008632 (0x8f1d) x14 0x7ffda19c
core   0: 0x80008634 (0x0ff0000f) fence   iorw,iorw
core   0: 3 0x80008634 (0x0ff0000f)
core   0: 0x80008638 (0x01fb1d33) sll     s10, s6, t6
core   0: 3 0x80008638 (0x01fb1d33) x26 0x00000000
core   0: 0x8000863c (0x03af94b3) mulh    s1, t6, s10
core   0: 3 0x8000863c (0x03af94b3) x 9 0x00000000
core   0: 0x80008640 (0x0363da63) bge     t2, s6, pc + 52
core   0: 3 0x80008640 (0x0363da63)
core   0: 0x80008674 (0x92a71597) auipc   a1, 0x92a71
core   0: 3 0x80008674 (0x92a71597) x11 0x12a79674
core   0: 0x80008678 (0x0000813e) c.mv    sp, a5
core   0: 3 0x80008678 (0x813e) x 2 0x80025e64
core   0: 0x8000867a (0x01d11263) bne     sp, t4, pc + 4
core   0: 3 0x8000867a (0x01d11263)
core   0: 0x8000867e (0x0000eb05) c.bnez  a4, pc + 48
core   0: 3 0x8000867e (0xeb05)
core   0: 0x800086ae (0x00006e41) c.lui   t3, 0x10
core   0: 3 0x800086ae (0x6e41) x28 0x00010000
core   0: 0x800086b0 (0x412e8033) sub     zero, t4, s2
core   0: 3 0x800086b0 (0x412e8033)
core   0: 0x800086b4 (0x031a8b63) beq     s5, a7, pc + 54
core   0: 3 0x800086b4 (0x031a8b63)
core   0: 0x800086b8 (0x40d85fb3) sra     t6, a6, a3
core   0: 3 0x800086b8 (0x40d85fb3) x31 0x00000215
core   0: 0x800086bc (0x025d5c33) divu    s8, s10, t0
core   0: 3 0x800086bc (0x025d5c33) x24 0xffffffff
core   0: 0x800086c0 (0x035eee33) rem     t3, t4, s5
core   0: 3 0x800086c0 (0x035eee33) x28 0x00000000
core   0: 0x800086c4 (0x40ffd6b3) sra     a3, t6, a5
core   0: 3 0x800086c4 (0x40ffd6b3) x13 0x00000021
core   0: 0x800086c8 (0x00008739) c.srai  a4, 14
core   0: 3 0x800086c8 (0x8739) x14 0x0001fff6
core   0: 0x800086ca (0x00f5e963) bltu    a1, a5, pc + 18
core   0: 3 0x800086ca (0x00f5e963)
core   0: 0x800086dc (0x02f13a33) mulhu   s4, sp, a5
core   0: 3 0x800086dc (0x02f13a33) x20 0x40025e69
core   0: 0x800086e0 (0x404f0733) sub     a4, t5, tp
core   0: 3 0x800086e0 (0x404f0733) x14 0x5c790fff
core   0: 0x800086e4 (0x31117213) andi    tp, sp, 785
core   0: 3 0x800086e4 (0x31117213) x 4 0x00000200
core   0: 0x800086e8 (0x00000a46) c.slli  s4, 17
core   0: 3 0x800086e8 (0x0a46) x20 0xbcd20000
core   0: 0x800086ea (0x035364b3) rem     s1, t1, s5
core   0: 3 0x800086ea (0x035364b3) x 9 0x00000000
core   0: 0x800086ee (0x028e0963) beq     t3, s0, pc + 50
core   0: 3 0x800086ee (0x028e0963)
core   0: 0x80008720 (0x00000001) c.nop
core   0: 3 0x80008720 (0x0001)
core   0: 0x80008722 (0x02e10863) beq     sp, a4, pc + 48
core   0: 3 0x80008722 (0x02e10863)
core   0: 0x80008726 (0x000088ee) c.mv    a7, s11
core   0: 3 0x80008726 (0x88ee) x17 0x00000000
core   0: 0x80008728 (0x00009afd) c.andi  a3, -1
core   0: 3 0x80008728 (0x9afd) x13 0x00000021
core   0: 0x8000872a (0x01b73b33) sltu    s6, a4, s11
core   0: 3 0x8000872a (0x01b73b33) x22 0x00000000
core   0: 0x8000872e (0x01339a93) slli    s5, t2, 19
core   0: 3 0x8000872e (0x01339a93) x21 0x00000000
core   0: 0x80008732 (0x02938e33) mul     t3, t2, s1
core   0: 3 0x80008732 (0x02938e33) x28 0x00000000
core   0: 0x80008736 (0x0016d993) srli    s3, a3, 1
core   0: 3 0x80008736 (0x0016d993) x19 0x00000010
core   0: 0x8000873a (0x768d3017) auipc   zero, 0x768d3
core   0: 3 0x8000873a (0x768d3017)
core   0: 0x8000873e (0x0000e189) c.bnez  a1, pc + 2
core   0: 3 0x8000873e (0xe189)
core   0: 0x80008740 (0x00caf963) bgeu    s5, a2, pc + 18
core   0: 3 0x80008740 (0x00caf963)
core   0: 0x80008744 (0x0000717d) c.addi16sp sp, -16
core   0: 3 0x80008744 (0x717d) x 2 0x80025e54
core   0: 0x80008746 (0x00001a94) c.addi4spn a3, sp, 368
core   0: 3 0x80008746 (0x1a94) x13 0x80025fc4
core   0: 0x80008748 (0xac7dee13) ori     t3, s11, -1337
core   0: 3 0x80008748 (0xac7dee13) x28 0xfffffac7
core   0: 0x8000874c (0x01e3d963) bge     t2, t5, pc + 18
core   0: 3 0x8000874c (0x01e3d963)
core   0: 0x80008750 (0x00008092) c.mv    ra, tp
core   0: 3 0x80008750 (0x8092) x 1 0x00000200
core   0: 0x80008752 (0x0346c5b3) div     a1, a3, s4
core   0: 3 0x80008752 (0x0346c5b3) x11 0x00000001
core   0: 0x80008756 (0x017025b3) slt     a1, zero, s7
core   0: 3 0x80008756 (0x017025b3) x11 0x00000000
core   0: 0x8000875a (0x04e84563) blt     a6, a4, pc + 74
core   0: 3 0x8000875a (0x04e84563)
core   0: 0x800087a4 (0x00008f61) c.and   a4, s0
core   0: 3 0x800087a4 (0x8f61) x14 0x00000000
core   0: 0x800087a6 (0x007a2c33) slt     s8, s4, t2
core   0: 3 0x800087a6 (0x007a2c33) x24 0x00000001
core   0: 0x800087aa (0x0000100f) fence.i
core   0: 3 0x800087aa (0x0000100f)
core   0: 0x800087ae (0x022d3733) mulhu   a4, s10, sp
core   0: 3 0x800087ae (0x022d3733) x14 0x00000000
core   0: 0x800087b2 (0x01679d33) sll     s10, a5, s6
core   0: 3 0x800087b2 (0x01679d33) x26 0x80025e64
core   0: 0x800087b6 (0x00dab733) sltu    a4, s5, a3
core   0: 3 0x800087b6 (0x00dab733) x14 0x00000001
core   0: 0x800087ba (0x03558e33) mul     t3, a1, s5
core   0: 3 0x800087ba (0x03558e33) x28 0x00000000
core   0: 0x800087be (0x000001ca) c.slli  gp, 18
core   0: 3 0x800087be (0x01ca) x 3 0x00240000
core   0: 0x800087c0 (0x03be85b3) mul     a1, t4, s11
core   0: 3 0x800087c0 (0x03be85b3) x11 0x00000000
core   0: 0x800087c4 (0x03a88d33) mul     s10, a7, s10
core   0: 3 0x800087c4 (0x03a88d33) x26 0x00000000
core   0: 0x800087c8 (0x009155b3) srl     a1, sp, s1
core   0: 3 0x800087c8 (0x009155b3) x11 0x80025e54
core   0: 0x800087cc (0x00000001) c.nop
core   0: 3 0x800087cc (0x0001)
core   0: 0x800087ce (0x0000626d) c.lui   tp, 0x1b
core   0: 3 0x800087ce (0x626d) x 4 0x0001b000
core   0: 0x800087d0 (0x01e86cb3) or      s9, a6, t5
core   0: 3 0x800087d0 (0x01e86cb3) x25 0x5c791215
core   0: 0x800087d4 (0x0030c263) blt     ra, gp, pc + 4
core   0: 3 0x800087d4 (0x0030c263)
core   0: 0x800087d8 (0x0000100f) fence.i
core   0: 3 0x800087d8 (0x0000100f)
core   0: 0x800087dc (0x003c6f63) bltu    s8, gp, pc + 30
core   0: 3 0x800087dc (0x003c6f63)
core   0: 0x800087fa (0x00008c25) c.xor   s0, s1
core   0: 3 0x800087fa (0x8c25) x 8 0x00000000
core   0: 0x800087fc (0x00006dbd) c.lui   s11, 0xf
core   0: 3 0x800087fc (0x6dbd) x27 0x0000f000
core   0: 0x800087fe (0x40d28fb3) sub     t6, t0, a3
core   0: 3 0x800087fe (0x40d28fb3) x31 0x7ffda03c
core   0: 0x80008802 (0x032b8563) beq     s7, s2, pc + 42
core   0: 3 0x80008802 (0x032b8563)
core   0: 0x80008806 (0x0000cc91) c.beqz  s1, pc + 28
core   0: 3 0x80008806 (0xcc91)
core   0: 0x80008822 (0x02ca70b3) remu    ra, s4, a2
core   0: 3 0x80008822 (0x02ca70b3) x 1 0x3ccf631c
core   0: 0x80008826 (0x00001d8c) c.addi4spn a1, sp, 752
core   0: 3 0x80008826 (0x1d8c) x11 0x80026144
core   0: 0x80008828 (0x019915b3) sll     a1, s2, s9
core   0: 3 0x80008828 (0x019915b3) x11 0x00000000
core   0: 0x8000882c (0x0000e99d) c.bnez  a1, pc + 54
core   0: 3 0x8000882c (0xe99d)
core   0: 0x8000882e (0xb4ae6293) ori     t0, t3, -1206
core   0: 3 0x8000882e (0xb4ae6293) x 5 0xfffffb4a
core   0: 0x80008832 (0x01c92ab3) slt     s5, s2, t3
core   0: 3 0x80008832 (0x01c92ab3) x21 0x00000001
core   0: 0x80008836 (0x00008285) c.srli  a3, 1
core   0: 3 0x80008836 (0x8285) x13 0x40012fe2
core   0: 0x80008838 (0xedbf0f13) addi    t5, t5, -293
core   0: 3 0x80008838 (0xedbf0f13) x30 0x5c790edb
core   0: 0x8000883c (0x00008c75) c.and   s0, a3
core   0: 3 0x8000883c (0x8c75) x 8 0x00000000
core   0: 0x8000883e (0x00000001) c.nop
core   0: 3 0x8000883e (0x0001)
core   0: 0x80008840 (0x0000557d) c.li    a0, -1
core   0: 3 0x80008840 (0x557d) x10 0xffffffff
core   0: 0x80008842 (0x40cf5813) srai    a6, t5, 12
core   0: 3 0x80008842 (0x40cf5813) x16 0x0005c790
core   0: 0x80008846 (0x00008765) c.srai  a4, 25
core   0: 3 0x80008846 (0x8765) x14 0x00000000
core   0: 0x80008848 (0x00000e32) c.slli  t3, 12
core   0: 3 0x80008848 (0x0e32) x28 0x00000000
core   0: 0x8000884a (0x0004f4b3) and     s1, s1, zero
core   0: 3 0x8000884a (0x0004f4b3) x 9 0x00000000
core   0: 0x8000884e (0x02098b33) mul     s6, s3, zero
core   0: 3 0x8000884e (0x02098b33) x22 0x00000000
core   0: 0x80008852 (0x0000614d) c.addi16sp sp, 176
core   0: 3 0x80008852 (0x614d) x 2 0x80025f04
core   0: 0x80008854 (0x0000557d) c.li    a0, -1
core   0: 3 0x80008854 (0x557d) x10 0xffffffff
core   0: 0x80008856 (0xbcfa8297) auipc   t0, 0xbcfa8
core   0: 3 0x80008856 (0xbcfa8297) x 5 0x3cfb0856
core   0: 0x8000885a (0x9e9a2097) auipc   ra, 0x9e9a2
core   0: 3 0x8000885a (0x9e9a2097) x 1 0x1e9aa85a
core   0: 0x8000885e (0x00000f88) c.addi4spn a0, sp, 976
core   0: 3 0x8000885e (0x0f88) x10 0x800262d4
core   0: 0x80008860 (0x0000840d) c.srai  s0, 3
core   0: 3 0x80008860 (0x840d) x 8 0x00000000
core   0: 0x80008862 (0x000e3233) sltu    tp, t3, zero
core   0: 3 0x80008862 (0x000e3233) x 4 0x00000000
core   0: 0x80008866 (0x00008c3d) c.xor   s0, a5
core   0: 3 0x80008866 (0x8c3d) x 8 0x80025e64
core   0: 0x80008868 (0x00008719) c.srai  a4, 6
core   0: 3 0x80008868 (0x8719) x14 0x00000000
core   0: 0x8000886a (0x0000557d) c.li    a0, -1
core   0: 3 0x8000886a (0x557d) x10 0xffffffff
core   0: 0x8000886c (0x00008f29) c.xor   a4, a0
core   0: 3 0x8000886c (0x8f29) x14 0xffffffff
core   0: 0x8000886e (0x0000e489) c.bnez  s1, pc + 10
core   0: 3 0x8000886e (0xe489)
core   0: 0x80008870 (0x00000591) c.addi  a1, 4
core   0: 3 0x80008870 (0x0591) x11 0x00000004
core   0: 0x80008872 (0x0000717d) c.addi16sp sp, -16
core   0: 3 0x80008872 (0x717d) x 2 0x80025ef4
core   0: 0x80008874 (0x03ffc133) div     sp, t6, t6
core   0: 3 0x80008874 (0x03ffc133) x 2 0x00000001
core   0: 0x80008878 (0x00000814) c.addi4spn a3, sp, 16
core   0: 3 0x80008878 (0x0814) x13 0x00000011
core   0: 0x8000887a (0x02059833) mulh    a6, a1, zero
core   0: 3 0x8000887a (0x02059833) x16 0x00000000
core   0: 0x8000887e (0x000006a5) c.addi  a3, 9
core   0: 3 0x8000887e (0x06a5) x13 0x0000001a
core   0: 0x80008880 (0x022f9fb3) mulh    t6, t6, sp
core   0: 3 0x80008880 (0x022f9fb3) x31 0x00000000
core   0: 0x80008884 (0x00008d45) c.or    a0, s1
core   0: 3 0x80008884 (0x8d45) x10 0xffffffff
core   0: 0x80008886 (0x025d14b3) mulh    s1, s10, t0
core   0: 3 0x80008886 (0x025d14b3) x 9 0x00000000
core   0: 0x8000888a (0xec7a7193) andi    gp, s4, -313
core   0: 3 0x8000888a (0xec7a7193) x 3 0xbcd20000
core   0: 0x8000888e (0x837bff93) andi    t6, s7, -1993
core   0: 3 0x8000888e (0x837bff93) x31 0x00000000
core   0: 0x80008892 (0x00000001) c.nop
core   0: 3 0x80008892 (0x0001)
core   0: 0x80008894 (0x003815b3) sll     a1, a6, gp
core   0: 3 0x80008894 (0x003815b3) x11 0x00000000
core   0: 0x80008898 (0x01f01e63) bne     zero, t6, pc + 28
core   0: 3 0x80008898 (0x01f01e63)
core   0: 0x8000889c (0x0ff0000f) fence   iorw,iorw
core   0: 3 0x8000889c (0x0ff0000f)
core   0: 0x800088a0 (0x00c77fb3) and     t6, a4, a2
core   0: 3 0x800088a0 (0x00c77fb3) x31 0x80029ce4
core   0: 0x800088a4 (0x00008ca5) c.xor   s1, s1
core   0: 3 0x800088a4 (0x8ca5) x 9 0x00000000
core   0: 0x800088a6 (0x0000100f) fence.i
core   0: 3 0x800088a6 (0x0000100f)
core   0: 0x800088aa (0x023985b3) mul     a1, s3, gp
core   0: 3 0x800088aa (0x023985b3) x11 0xcd200000
core   0: 0x800088ae (0x00008e95) c.sub   a3, a3
core   0: 3 0x800088ae (0x8e95) x13 0x00000000
core   0: 0x800088b0 (0x00079c33) sll     s8, a5, zero
core   0: 3 0x800088b0 (0x00079c33) x24 0x80025e64
core   0: 0x800088b4 (0x01ec44b3) xor     s1, s8, t5
core   0: 3 0x800088b4 (0x01ec44b3) x 9 0xdc7b50bf
core   0: 0x800088b8 (0x02fde2b3) rem     t0, s11, a5
core   0: 3 0x800088b8 (0x02fde2b3) x 5 0x0000f000
core   0: 0x800088bc (0x00000d6a) c.slli  s10, 26
core   0: 3 0x800088bc (0x0d6a) x26 0x00000000
core   0: 0x800088be (0x03b11563) bne     sp, s11, pc + 42
core   0: 3 0x800088be (0x03b11563)
core   0: 0x800088e8 (0x00000001) c.nop
core   0: 3 0x800088e8 (0x0001)
core   0: 0x800088ea (0x401e0833) sub     a6, t3, ra
core   0: 3 0x800088ea (0x401e0833) x16 0xe16557a6
core   0: 0x800088ee (0x0000717d) c.addi16sp sp, -16
core   0: 3 0x800088ee (0x717d) x 2 0xfffffff1
core   0: 0x800088f0 (0x02fc3133) mulhu   sp, s8, a5
core   0: 3 0x800088f0 (0x02fc3133) x 2 0x40025e69
core   0: 0x800088f4 (0x03af8233) mul     tp, t6, s10
core   0: 3 0x800088f4 (0x03af8233) x 4 0x00000000
core   0: 0x800088f8 (0x79fc7e13) andi    t3, s8, 1951
core   0: 3 0x800088f8 (0x79fc7e13) x28 0x00000604
core   0: 0x800088fc (0x02678363) beq     a5, t1, pc + 38
core   0: 3 0x800088fc (0x02678363)
core   0: 0x80008900 (0x0354ba33) mulhu   s4, s1, s5
core   0: 3 0x80008900 (0x0354ba33) x20 0x00000000
core   0: 0x80008904 (0x17ca4c13) xori    s8, s4, 380
core   0: 3 0x80008904 (0x17ca4c13) x24 0x0000017c
core   0: 0x80008908 (0x000062f1) c.lui   t0, 0x1c
core   0: 3 0x80008908 (0x62f1) x 5 0x0001c000
core   0: 0x8000890a (0xbdf70213) addi    tp, a4, -1057
core   0: 3 0x8000890a (0xbdf70213) x 4 0xfffffbde
core   0: 0x8000890e (0x97a8af13) slti    t5, a7, -1670
core   0: 3 0x8000890e (0x97a8af13) x30 0x00000000
core   0: 0x80008912 (0x01e88b33) add     s6, a7, t5
core   0: 3 0x80008912 (0x01e88b33) x22 0x00000000
core   0: 0x80008916 (0x000013fd) c.addi  t2, -1
core   0: 3 0x80008916 (0x13fd) x 7 0xffffffff
core   0: 0x80008918 (0x0000cc0d) c.beqz  s0, pc + 58
core   0: 3 0x80008918 (0xcc0d)
core   0: 0x8000891a (0x00008f45) c.or    a4, s1
core   0: 3 0x8000891a (0x8f45) x14 0xffffffff
core   0: 0x8000891c (0x41008db3) sub     s11, ra, a6
core   0: 3 0x8000891c (0x41008db3) x27 0x3d3550b4
core   0: 0x80008920 (0x00008e81) c.sub   a3, s0
core   0: 3 0x80008920 (0x8e81) x13 0x7ffda19c
core   0: 0x80008922 (0x039486b3) mul     a3, s1, s9
core   0: 3 0x80008922 (0x039486b3) x13 0x90120dab
core   0: 0x80008926 (0x00000298) c.addi4spn a4, sp, 320
core   0: 3 0x80008926 (0x0298) x14 0x40025fa9
core   0: 0x80008928 (0x0000717d) c.addi16sp sp, -16
core   0: 3 0x80008928 (0x717d) x 2 0x40025e59
core   0: 0x8000892a (0x000112b3) sll     t0, sp, zero
core   0: 3 0x8000892a (0x000112b3) x 5 0x40025e59
core   0: 0x8000892e (0x03e15f33) divu    t5, sp, t5
core   0: 3 0x8000892e (0x03e15f33) x30 0xffffffff
core   0: 0x80008932 (0x0ff0000f) fence   iorw,iorw
core   0: 3 0x80008932 (0x0ff0000f)
core   0: 0x80008936 (0x00335593) srli    a1, t1, 3
core   0: 3 0x80008936 (0x00335593) x11 0x00000000
core   0: 0x8000893a (0x3a7bb713) sltiu   a4, s7, 935
core   0: 3 0x8000893a (0x3a7bb713) x14 0x00000001
core   0: 0x8000893e (0x0000717d) c.addi16sp sp, -16
core   0: 3 0x8000893e (0x717d) x 2 0x40025e49
core   0: 0x80008940 (0x039a79b3) remu    s3, s4, s9
core   0: 3 0x80008940 (0x039a79b3) x19 0x00000000
core   0: 0x80008944 (0x40c40fb3) sub     t6, s0, a2
core   0: 3 0x80008944 (0x40c40fb3) x31 0xffffc180
core   0: 0x80008948 (0x01a398b3) sll     a7, t2, s10
core   0: 3 0x80008948 (0x01a398b3) x17 0xffffffff
core   0: 0x8000894c (0x01d59f13) slli    t5, a1, 29
core   0: 3 0x8000894c (0x01d59f13) x30 0x00000000
core   0: 0x80008950 (0x0000ca95) c.beqz  a3, pc + 52
core   0: 3 0x80008950 (0xca95)
core   0: 0x80008952 (0x12120593) addi    a1, tp, 289
core   0: 3 0x80008952 (0x12120593) x11 0xfffffcff
core   0: 0x80008956 (0x0ff0000f) fence   iorw,iorw
core   0: 3 0x80008956 (0x0ff0000f)
core   0: 0x8000895a (0x411606b3) sub     a3, a2, a7
core   0: 3 0x8000895a (0x411606b3) x13 0x80029ce5
core   0: 0x8000895e (0xf9cdf313) andi    t1, s11, -100
core   0: 3 0x8000895e (0xf9cdf313) x 6 0x3d355094
core   0: 0x80008962 (0x01e4b133) sltu    sp, s1, t5
core   0: 3 0x80008962 (0x01e4b133) x 2 0x00000000
core   0: 0x80008966 (0x023d9933) mulh    s2, s11, gp
core   0: 3 0x80008966 (0x023d9933) x18 0xeff00c4c
core   0: 0x8000896a (0x40f85413) srai    s0, a6, 15
core   0: 3 0x8000896a (0x40f85413) x 8 0xffffc2ca
core   0: 0x8000896e (0x00d8db33) srl     s6, a7, a3
core   0: 3 0x8000896e (0x00d8db33) x22 0x07ffffff
core   0: 0x80008972 (0x00008dd5) c.or    a1, a3
core   0: 3 0x80008972 (0x8dd5) x11 0xfffffcff
core   0: 0x80008974 (0x026188b3) mul     a7, gp, t1
core   0: 3 0x80008974 (0x026188b3) x17 0xc9680000
core   0: 0x80008978 (0x00004841) c.li    a6, 16
core   0: 3 0x80008978 (0x4841) x16 0x00000010
core   0: 0x8000897a (0x00000252) c.slli  tp, 20
core   0: 3 0x8000897a (0x0252) x 4 0xbde00000
core   0: 0x8000897c (0x4022d433) sra     s0, t0, sp
core   0: 3 0x8000897c (0x4022d433) x 8 0x40025e59
core   0: 0x80008980 (0x03a78a33) mul     s4, a5, s10
core   0: 3 0x80008980 (0x03a78a33) x20 0x00000000
core   0: 0x80008984 (0xd6e72597) auipc   a1, 0xd6e72
core   0: 3 0x80008984 (0xd6e72597) x11 0x56e7a984
core   0: 0x80008988 (0x00ca9263) bne     s5, a2, pc + 4
core   0: 3 0x80008988 (0x00ca9263)
core   0: 0x8000898c (0x00008c45) c.or    s0, s1
core   0: 3 0x8000898c (0x8c45) x 8 0xdc7b5eff
core   0: 0x8000898e (0x000084fd) c.srai  s1, 31
core   0: 3 0x8000898e (0x84fd) x 9 0xffffffff
core   0: 0x80008990 (0x00905e33) srl     t3, zero, s1
core   0: 3 0x80008990 (0x00905e33) x28 0x00000000
core   0: 0x80008994 (0x000088c5) c.andi  s1, 17
core   0: 3 0x80008994 (0x88c5) x 9 0x00000011
core   0: 0x80008996 (0x01b0a333) slt     t1, ra, s11
core   0: 3 0x80008996 (0x01b0a333) x 6 0x00000001
core   0: 0x8000899a (0x000081cd) c.srli  a1, 19
core   0: 3 0x8000899a (0x81cd) x11 0x00000adc
core   0: 0x8000899c (0x03004b33) div     s6, zero, a6
core   0: 3 0x8000899c (0x03004b33) x22 0x00000000
core   0: 0x800089a0 (0x0000100f) fence.i
core   0: 3 0x800089a0 (0x0000100f)
core   0: 0x800089a4 (0x01a0b433) sltu    s0, ra, s10
core   0: 3 0x800089a4 (0x01a0b433) x 8 0x00000000
core   0: 0x800089a8 (0x00008ddd) c.or    a1, a5
core   0: 3 0x800089a8 (0x8ddd) x11 0x80025efc
core   0: 0x800089aa (0x00000f0a) c.slli  t5, 2
core   0: 3 0x800089aa (0x0f0a) x30 0x00000000
core   0: 0x800089ac (0x00d6ec33) or      s8, a3, a3
core   0: 3 0x800089ac (0x00d6ec33) x24 0x80029ce5
core   0: 0x800089b0 (0x41205733) sra     a4, zero, s2
core   0: 3 0x800089b0 (0x41205733) x14 0x00000000
core   0: 0x800089b4 (0x00008f69) c.and   a4, a0
core   0: 3 0x800089b4 (0x8f69) x14 0x00000000
core   0: 0x800089b6 (0x00008c95) c.sub   s1, a3
core   0: 3 0x800089b6 (0x8c95) x 9 0x7ffd632c
core   0: 0x800089b8 (0x02e18a33) mul     s4, gp, a4
core   0: 3 0x800089b8 (0x02e18a33) x20 0x00000000
core   0: 0x800089bc (0x008f6a63) bltu    t5, s0, pc + 20
core   0: 3 0x800089bc (0x008f6a63)
core   0: 0x800089c0 (0x029c5963) bge     s8, s1, pc + 50
core   0: 3 0x800089c0 (0x029c5963)
core   0: 0x800089c4 (0x01889513) slli    a0, a7, 24
core   0: 3 0x800089c4 (0x01889513) x10 0x00000000
core   0: 0x800089c8 (0x00004969) c.li    s2, 26
core   0: 3 0x800089c8 (0x4969) x18 0x0000001a
core   0: 0x800089ca (0x0267c233) div     tp, a5, t1
core   0: 3 0x800089ca (0x0267c233) x 4 0x80025e64
core   0: 0x800089ce (0x00008d71) c.and   a0, a2
core   0: 3 0x800089ce (0x8d71) x10 0x00000000
core   0: 0x800089d0 (0xb430f013) andi    zero, ra, -1213
core   0: 3 0x800089d0 (0xb430f013)
core   0: 0x800089d4 (0x0000843d) c.srai  s0, 15
core   0: 3 0x800089d4 (0x843d) x 8 0x00000000
core   0: 0x800089d6 (0x40b75413) srai    s0, a4, 11
core   0: 3 0x800089d6 (0x40b75413) x 8 0x00000000
core   0: 0x800089da (0x01ec0263) beq     s8, t5, pc + 4
core   0: 3 0x800089da (0x01ec0263)
core   0: 0x800089de (0x00009f3e) c.add   t5, a5
core   0: 3 0x800089de (0x9f3e) x30 0x80025e64
core   0: 0x800089e0 (0x00008999) c.andi  a1, 6
core   0: 3 0x800089e0 (0x8999) x11 0x00000004
core   0: 0x800089e2 (0x0000010a) c.slli  sp, 2
core   0: 3 0x800089e2 (0x010a) x 2 0x00000000
core   0: 0x800089e4 (0x00000c51) c.addi  s8, 20
core   0: 3 0x800089e4 (0x0c51) x24 0x80029cf9
core   0: 0x800089e6 (0x0499c063) blt     s3, s1, pc + 64
core   0: 3 0x800089e6 (0x0499c063)
core   0: 0x80008a26 (0x0000ce91) c.beqz  a3, pc + 28
core   0: 3 0x80008a26 (0xce91)
core   0: 0x80008a28 (0x0000197d) c.addi  s2, -1
core   0: 3 0x80008a28 (0x197d) x18 0x00000019
core   0: 0x80008a2a (0x03dbfe63) bgeu    s7, t4, pc + 60
core   0: 3 0x80008a2a (0x03dbfe63)
core   0: 0x80008a66 (0x01747db3) and     s11, s0, s7
core   0: 3 0x80008a66 (0x01747db3) x27 0x00000000
core   0: 0x80008a6a (0x016c5c33) srl     s8, s8, s6
core   0: 3 0x80008a6a (0x016c5c33) x24 0x80029cf9
core   0: 0x80008a6e (0x038c3833) mulhu   a6, s8, s8
core   0: 3 0x80008a6e (0x038c3833) x16 0x40029cff
core   0: 0x80008a72 (0x018586b3) add     a3, a1, s8
core   0: 3 0x80008a72 (0x018586b3) x13 0x80029cfd
core   0: 0x80008a76 (0x01d96bb3) or      s7, s2, t4
core   0: 3 0x80008a76 (0x01d96bb3) x23 0x00000019
core   0: 0x80008a7a (0x018f1f63) bne     t5, s8, pc + 30
core   0: 3 0x80008a7a (0x018f1f63)
core   0: 0x80008a98 (0x00006bc9) c.lui   s7, 0x12
core   0: 3 0x80008a98 (0x6bc9) x23 0x00012000
core   0: 0x80008a9a (0x0000913a) c.add   sp, a4
core   0: 3 0x80008a9a (0x913a) x 2 0x00000000
core   0: 0x80008a9c (0xdf88a693) slti    a3, a7, -520
core   0: 3 0x80008a9c (0xdf88a693) x13 0x00000001
core   0: 0x80008aa0 (0x000016fd) c.addi  a3, -1
core   0: 3 0x80008aa0 (0x16fd) x13 0x00000000
core   0: 0x80008aa2 (0x41235693) srai    a3, t1, 18
core   0: 3 0x80008aa2 (0x41235693) x13 0x00000000
core   0: 0x80008aa6 (0x0000e819) c.bnez  s0, pc + 22
core   0: 3 0x80008aa6 (0xe819)
core   0: 0x80008aa8 (0x0215bfb3) mulhu   t6, a1, ra
core   0: 3 0x80008aa8 (0x0215bfb3) x31 0x00000000
core   0: 0x80008aac (0x00001ffd) c.addi  t6, -1
core   0: 3 0x80008aac (0x1ffd) x31 0xffffffff
core   0: 0x80008aae (0x0d2c6f93) ori     t6, s8, 210
core   0: 3 0x80008aae (0x0d2c6f93) x31 0x80029cfb
core   0: 0x80008ab2 (0xf985cc17) auipc   s8, 0xf985c
core   0: 3 0x80008ab2 (0xf985cc17) x24 0x79864ab2
core   0: 0x80008ab6 (0x0000076d) c.addi  a4, 27
core   0: 3 0x80008ab6 (0x076d) x14 0x0000001b
core   0: 0x80008ab8 (0x0e0f9017) auipc   zero, 0xe0f9
core   0: 3 0x80008ab8 (0x0e0f9017)
core   0: 0x80008abc (0x03036cb3) rem     s9, t1, a6
core   0: 3 0x80008abc (0x03036cb3) x25 0x00000001
core   0: 0x80008ac0 (0x4096d013) srai    zero, a3, 9
core   0: 3 0x80008ac0 (0x4096d013)
core   0: 0x80008ac4 (0x00004839) c.li    a6, 14
core   0: 3 0x80008ac4 (0x4839) x16 0x0000000e
core   0: 0x80008ac6 (0x23f63fb7) lui     t6, 0x23f63
core   0: 3 0x80008ac6 (0x23f63fb7) x31 0x23f63000
core   0: 0x80008aca (0x41a65c93) srai    s9, a2, 26
core   0: 3 0x80008aca (0x41a65c93) x25 0xffffffe0
core   0: 0x80008ace (0x6f936293) ori     t0, t1, 1785
core   0: 3 0x80008ace (0x6f936293) x 5 0x000006f9
core   0: 0x80008ad2 (0x00008e95) c.sub   a3, a3
core   0: 3 0x80008ad2 (0x8e95) x13 0x00000000
core   0: 0x80008ad4 (0x0265f033) remu    zero, a1, t1
core   0: 3 0x80008ad4 (0x0265f033)
core   0: 0x80008ad8 (0x0000885d) c.andi  s0, 23
core   0: 3 0x80008ad8 (0x885d) x 8 0x00000000
core   0: 0x80008ada (0x05c67163) bgeu    a2, t3, pc + 66
core   0: 3 0x80008ada (0x05c67163)
core   0: 0x80008b1c (0x03706c63) bltu    zero, s7, pc + 56
core   0: 3 0x80008b1c (0x03706c63)
core   0: 0x80008b54 (0x00004185) c.li    gp, 1
core   0: 3 0x80008b54 (0x4185) x 3 0x00000001
core   0: 0x80008b56 (0x413d5e13) srai    t3, s10, 19
core   0: 3 0x80008b56 (0x413d5e13) x28 0x00000000
core   0: 0x80008b5a (0x015aa733) slt     a4, s5, s5
core   0: 3 0x80008b5a (0x015aa733) x14 0x00000000
core   0: 0x80008b5e (0x02f85563) bge     a6, a5, pc + 42
core   0: 3 0x80008b5e (0x02f85563)
core   0: 0x80008b88 (0x000084c1) c.srai  s1, 16
core   0: 3 0x80008b88 (0x84c1) x 9 0x00007ffd
core   0: 0x80008b8a (0x000058fd) c.li    a7, -1
core   0: 3 0x80008b8a (0x58fd) x17 0xffffffff
core   0: 0x80008b8c (0x00008f59) c.or    a4, a4
core   0: 3 0x80008b8c (0x8f59) x14 0x00000000
core   0: 0x80008b8e (0x002bcb63) blt     s7, sp, pc + 22
core   0: 3 0x80008b8e (0x002bcb63)
core   0: 0x80008b92 (0x00008da5) c.xor   a1, s1
core   0: 3 0x80008b92 (0x8da5) x11 0x00007ff9
core   0: 0x80008b94 (0x41b98233) sub     tp, s3, s11
core   0: 3 0x80008b94 (0x41b98233) x 4 0x00000000
core   0: 0x80008b98 (0x01614f63) blt     sp, s6, pc + 30
core   0: 3 0x80008b98 (0x01614f63)
core   0: 0x80008b9c (0x03017f63) bgeu    sp, a6, pc + 62
core   0: 3 0x80008b9c (0x03017f63)
core   0: 0x80008ba0 (0x00e9a533) slt     a0, s3, a4
core   0: 3 0x80008ba0 (0x00e9a533) x10 0x00000000
core   0: 0x80008ba4 (0x047ae263) bltu    s5, t2, pc + 68
core   0: 3 0x80008ba4 (0x047ae263)
core   0: 0x80008be8 (0x0000188c) c.addi4spn a1, sp, 112
core   0: 3 0x80008be8 (0x188c) x11 0x00000070
core   0: 0x80008bea (0x00006af1) c.lui   s5, 0x1c
core   0: 3 0x80008bea (0x6af1) x21 0x0001c000
core   0: 0x80008bec (0x01d54263) blt     a0, t4, pc + 4
core   0: 3 0x80008bec (0x01d54263)
core   0: 0x80008bf0 (0x01a265b3) or      a1, tp, s10
core   0: 3 0x80008bf0 (0x01a265b3) x11 0x00000000
core   0: 0x80008bf4 (0x01f79293) slli    t0, a5, 31
core   0: 3 0x80008bf4 (0x01f79293) x 5 0x00000000
core   0: 0x80008bf8 (0xb0da2093) slti    ra, s4, -1267
core   0: 3 0x80008bf8 (0xb0da2093) x 1 0x00000000
core   0: 0x80008bfc (0x0204cd33) div     s10, s1, zero
core   0: 3 0x80008bfc (0x0204cd33) x26 0xffffffff
core   0: 0x80008c00 (0x00008692) c.mv    a3, tp
core   0: 3 0x80008c00 (0x8692) x13 0x00000000
core   0: 0x80008c02 (0x03507433) remu    s0, zero, s5
core   0: 3 0x80008c02 (0x03507433) x 8 0x00000000
core   0: 0x80008c06 (0x01a26d63) bltu    tp, s10, pc + 26
core   0: 3 0x80008c06 (0x01a26d63)
core   0: 0x80008c20 (0x00009436) c.add   s0, a3
core   0: 3 0x80008c20 (0x9436) x 8 0x00000000
core   0: 0x80008c22 (0x00d59133) sll     sp, a1, a3
core   0: 3 0x80008c22 (0x00d59133) x 2 0x00000000
core   0: 0x80008c26 (0x00008a22) c.mv    s4, s0
core   0: 3 0x80008c26 (0x8a22) x20 0x00000000
core   0: 0x80008c28 (0x00000001) c.nop
core   0: 3 0x80008c28 (0x0001)
core   0: 0x80008c2a (0x03a08a33) mul     s4, ra, s10
core   0: 3 0x80008c2a (0x03a08a33) x20 0x00000000
core   0: 0x80008c2e (0x03b9efb3) rem     t6, s3, s11
core   0: 3 0x80008c2e (0x03b9efb3) x31 0x00000000
core   0: 0x80008c32 (0x016c9693) slli    a3, s9, 22
core   0: 3 0x80008c32 (0x016c9693) x13 0xf8000000
core   0: 0x80008c36 (0x019b74b3) and     s1, s6, s9
core   0: 3 0x80008c36 (0x019b74b3) x 9 0x00000000
core   0: 0x80008c3a (0x00008c05) c.sub   s0, s1
core   0: 3 0x80008c3a (0x8c05) x 8 0x00000000
core   0: 0x80008c3c (0x7f125517) auipc   a0, 0x7f125
core   0: 3 0x80008c3c (0x7f125517) x10 0xff12dc3c
core   0: 0x80008c40 (0x0000987d) c.andi  s0, -1
core   0: 3 0x80008c40 (0x987d) x 8 0x00000000
core   0: 0x80008c42 (0x00004cbd) c.li    s9, 15
core   0: 3 0x80008c42 (0x4cbd) x25 0x0000000f
core   0: 0x80008c44 (0x02754cb3) div     s9, a0, t2
core   0: 3 0x80008c44 (0x02754cb3) x25 0x00ed23c4
core   0: 0x80008c48 (0xcd4a8093) addi    ra, s5, -812
core   0: 3 0x80008c48 (0xcd4a8093) x 1 0x0001bcd4
core   0: 0x80008c4c (0x00006949) c.lui   s2, 0x12
core   0: 3 0x80008c4c (0x6949) x18 0x00012000
core   0: 0x80008c4e (0x011ac733) xor     a4, s5, a7
core   0: 3 0x80008c4e (0x011ac733) x14 0xfffe3fff
core   0: 0x80008c52 (0x00008f39) c.xor   a4, a4
core   0: 3 0x80008c52 (0x8f39) x14 0x00000000
core   0: 0x80008c54 (0x01c70b33) add     s6, a4, t3
core   0: 3 0x80008c54 (0x01c70b33) x22 0x00000000
core   0: 0x80008c58 (0x00008e9d) c.sub   a3, a5
core   0: 3 0x80008c58 (0x8e9d) x13 0x77fda19c
core   0: 0x80008c5a (0xd77dc013) xori    zero, s11, -649
core   0: 3 0x80008c5a (0xd77dc013)
core   0: 0x80008c5e (0x0191d813) srli    a6, gp, 25
core   0: 3 0x80008c5e (0x0191d813) x16 0x00000000
core   0: 0x80008c62 (0x011b01b3) add     gp, s6, a7
core   0: 3 0x80008c62 (0x011b01b3) x 3 0xffffffff
core   0: 0x80008c66 (0x00e85563) bge     a6, a4, pc + 10
core   0: 3 0x80008c66 (0x00e85563)
core   0: 0x80008c70 (0x0000e50d) c.bnez  a0, pc + 42
core   0: 3 0x80008c70 (0xe50d)
core   0: 0x80008c9a (0x0000c59d) c.beqz  a1, pc + 46
core   0: 3 0x80008c9a (0xc59d)
core   0: 0x80008cc8 (0x00adc263) blt     s11, a0, pc + 4
core   0: 3 0x80008cc8 (0x00adc263)
core   0: 0x80008ccc (0x02ed6663) bltu    s10, a4, pc + 44
core   0: 3 0x80008ccc (0x02ed6663)
core   0: 0x80008cd0 (0x00008ae9) c.andi  a3, 26
core   0: 3 0x80008cd0 (0x8ae9) x13 0x00000018
core   0: 0x80008cd2 (0xcb3a2117) auipc   sp, 0xcb3a2
core   0: 3 0x80008cd2 (0xcb3a2117) x 2 0x4b3aacd2
core   0: 0x80008cd6 (0x03534f63) blt     t1, s5, pc + 62
core   0: 3 0x80008cd6 (0x03534f63)
core   0: 0x80008d14 (0x00008779) c.srai  a4, 30
core   0: 3 0x80008d14 (0x8779) x14 0x00000000
core   0: 0x80008d16 (0x5c0fc093) xori    ra, t6, 1472
core   0: 3 0x80008d16 (0x5c0fc093) x 1 0x000005c0
core   0: 0x80008d1a (0x00008c2d) c.xor   s0, a1
core   0: 3 0x80008d1a (0x8c2d) x 8 0x00000000
core   0: 0x80008d1c (0x0090b4b3) sltu    s1, ra, s1
core   0: 3 0x80008d1c (0x0090b4b3) x 9 0x00000000
core   0: 0x80008d20 (0x68b6ac97) auipc   s9, 0x68b6a
core   0: 3 0x80008d20 (0x68b6ac97) x25 0xe8b72d20
core   0: 0x80008d24 (0x0159df13) srli    t5, s3, 21
core   0: 3 0x80008d24 (0x0159df13) x30 0x00000000
core   0: 0x80008d28 (0x40905cb3) sra     s9, zero, s1
core   0: 3 0x80008d28 (0x40905cb3) x25 0x00000000
core   0: 0x80008d2c (0x00001708) c.addi4spn a0, sp, 928
core   0: 3 0x80008d2c (0x1708) x10 0x4b3ab072
core   0: 0x80008d2e (0x03729833) mulh    a6, t0, s7
core   0: 3 0x80008d2e (0x03729833) x16 0x00000000
core   0: 0x80008d32 (0x009d7733) and     a4, s10, s1
core   0: 3 0x80008d32 (0x009d7733) x14 0x00000000
core   0: 0x80008d36 (0xe61ce6b7) lui     a3, 0xe61ce
core   0: 3 0x80008d36 (0xe61ce6b7) x13 0xe61ce000
core   0: 0x80008d3a (0x7e9f0113) addi    sp, t5, 2025
core   0: 3 0x80008d3a (0x7e9f0113) x 2 0x000007e9
core   0: 0x80008d3e (0x0398b1b3) mulhu   gp, a7, s9
core   0: 3 0x80008d3e (0x0398b1b3) x 3 0x00000000
core   0: 0x80008d42 (0x02c33f33) mulhu   t5, t1, a2
core   0: 3 0x80008d42 (0x02c33f33) x30 0x00000000
core   0: 0x80008d46 (0x00009d2a) c.add   s10, a0
core   0: 3 0x80008d46 (0x9d2a) x26 0x4b3ab071
core   0: 0x80008d48 (0x02bfefb3) rem     t6, t6, a1
core   0: 3 0x80008d48 (0x02bfefb3) x31 0x00000000
core   0: 0x80008d4c (0x00008755) c.srai  a4, 21
core   0: 3 0x80008d4c (0x8755) x14 0x00000000
core   0: 0x80008d4e (0x0342fb63) bgeu    t0, s4, pc + 54
core   0: 3 0x80008d4e (0x0342fb63)
core   0: 0x80008d84 (0x02744a33) div     s4, s0, t2
core   0: 3 0x80008d84 (0x02744a33) x20 0x00000000
core   0: 0x80008d88 (0x0326be33) mulhu   t3, a3, s2
core   0: 3 0x80008d88 (0x0326be33) x28 0x000102e0
core   0: 0x80008d8c (0x013880b3) add     ra, a7, s3
core   0: 3 0x80008d8c (0x013880b3) x 1 0xffffffff
core   0: 0x80008d90 (0x00008f35) c.xor   a4, a3
core   0: 3 0x80008d90 (0x8f35) x14 0xe61ce000
core   0: 0x80008d92 (0xc6d7ec93) ori     s9, a5, -915
core   0: 3 0x80008d92 (0xc6d7ec93) x25 0xfffffe6d
core   0: 0x80008d96 (0x000fcdb3) xor     s11, t6, zero
core   0: 3 0x80008d96 (0x000fcdb3) x27 0x00000000
core   0: 0x80008d9a (0x1a3c8213) addi    tp, s9, 419
core   0: 3 0x80008d9a (0x1a3c8213) x 4 0x00000010
core   0: 0x80008d9e (0x0000eb11) c.bnez  a4, pc + 20
core   0: 3 0x80008d9e (0xeb11)
core   0: 0x80008db2 (0x0000987d) c.andi  s0, -1
core   0: 3 0x80008db2 (0x987d) x 8 0x00000000
core   0: 0x80008db4 (0x00001384) c.addi4spn s1, sp, 480
core   0: 3 0x80008db4 (0x1384) x 9 0x000009c9
core   0: 0x80008db6 (0x00008931) c.andi  a0, 12
core   0: 3 0x80008db6 (0x8931) x10 0x00000000
core   0: 0x80008db8 (0x00008197) auipc   gp, 0x8
core   0: 3 0x80008db8 (0x00008197) x 3 0x80010db8
core   0: 0x80008dbc (0xb4218193) addi    gp, gp, -1214
core   0: 3 0x80008dbc (0xb4218193) x 3 0x800108fa
core   0: 0x80008dc0 (0x00008417) auipc   s0, 0x8
core   0: 3 0x80008dc0 (0x00008417) x 8 0x80010dc0
core   0: 0x80008dc4 (0xf6540413) addi    s0, s0, -155
core   0: 3 0x80008dc4 (0xf6540413) x 8 0x80010d25
core   0: 0x80008dc8 (0x00008517) auipc   a0, 0x8
core   0: 3 0x80008dc8 (0x00008517) x10 0x80010dc8
core   0: 0x80008dcc (0xd1550513) addi    a0, a0, -747
core   0: 3 0x80008dcc (0xd1550513) x10 0x80010add
core   0: 0x80008dd0 (0xff819b23) sh      s8, -10(gp)
core   0: 3 0x80008dd0 (0xff819b23) mem 0x800108f0 0x4ab2
core   0: 0x80008dd4 (0x2d040e23) sb      a6, 732(s0)
core   0: 3 0x80008dd4 (0x2d040e23) mem 0x80011001 0x0
core   0: 0x80008dd8 (0x0c350fa3) sb      gp, 223(a0)
core   0: 3 0x80008dd8 (0x0c350fa3) mem 0x80010bbc 0xfa
core   0: 0x80008ddc (0xf57184a3) sb      s7, -183(gp)
core   0: 3 0x80008ddc (0xf57184a3) mem 0x80010843 0x0
core   0: 0x80008de0 (0xfdf1cd03) lbu     s10, -33(gp)
core   0: 3 0x80008de0 (0xfdf1cd03) x26 0x000000ac mem 0x800108d9
core   0: 0x80008de4 (0x01319d23) sh      s3, 26(gp)
core   0: 3 0x80008de4 (0x01319d23) mem 0x80010914 0x0000
core   0: 0x80008de8 (0x82d415a3) sh      a3, -2005(s0)
core   0: 3 0x80008de8 (0x82d415a3) mem 0x80010550 0xe000
core   0: 0x80008dec (0xf241d103) lhu     sp, -220(gp)
core   0: 3 0x80008dec (0xf241d103) x 2 0x0000dd71 mem 0x8001081e
core   0: 0x80008df0 (0x83541483) lh      s1, -1995(s0)
core   0: 3 0x80008df0 (0x83541483) x 9 0xffffc7d3 mem 0x8001055a
core   0: 0x80008df4 (0x05354683) lbu     a3, 83(a0)
core   0: 3 0x80008df4 (0x05354683) x13 0x00000025 mem 0x80010b30
core   0: 0x80008df8 (0xf8818383) lb      t2, -120(gp)
core   0: 3 0x80008df8 (0xf8818383) x 7 0x00000038 mem 0x80010882
core   0: 0x80008dfc (0x95542ba3) sw      s5, -1705(s0)
core   0: 3 0x80008dfc (0x95542ba3) mem 0x8001067c 0x0001c000
core   0: 0x80008e00 (0xf8551b83) lh      s7, -123(a0)
core   0: 3 0x80008e00 (0xf8551b83) x23 0xffffe896 mem 0x80010a62
core   0: 0x80008e04 (0x0fa50223) sb      s10, 228(a0)
core   0: 3 0x80008e04 (0x0fa50223) mem 0x80010bc1 0xac
core   0: 0x80008e08 (0xfe4188a3) sb      tp, -15(gp)
core   0: 3 0x80008e08 (0xfe4188a3) mem 0x800108eb 0x10
core   0: 0x80008e0c (0x05c54203) lbu     tp, 92(a0)
core   0: 3 0x80008e0c (0x05c54203) x 4 0x00000061 mem 0x80010b39
core   0: 0x80008e10 (0x06118383) lb      t2, 97(gp)
core   0: 3 0x80008e10 (0x06118383) x 7 0x00000077 mem 0x8001095b
core   0: 0x80008e14 (0x0a540f23) sb      t0, 190(s0)
core   0: 3 0x80008e14 (0x0a540f23) mem 0x80010de3 0x0
core   0: 0x80008e18 (0xf7a40e03) lb      t3, -134(s0)
core   0: 3 0x80008e18 (0xf7a40e03) x28 0xffffffd4 mem 0x80010c9f
core   0: 0x80008e1c (0x16044703) lbu     a4, 352(s0)
core   0: 3 0x80008e1c (0x16044703) x14 0x00000028 mem 0x80010e85
core   0: 0x80008e20 (0xf4e18ea3) sb      a4, -163(gp)
core   0: 3 0x80008e20 (0xf4e18ea3) mem 0x80010857 0x28
core   0: 0x80008e24 (0xc4d40123) sb      a3, -958(s0)
core   0: 3 0x80008e24 (0xc4d40123) mem 0x80010967 0x25
core   0: 0x80008e28 (0xf5019223) sh      a6, -188(gp)
core   0: 3 0x80008e28 (0xf5019223) mem 0x8001083e 0x0000
core   0: 0x80008e2c (0x034cb733) mulhu   a4, s9, s4
core   0: 3 0x80008e2c (0x034cb733) x14 0x00000000
core   0: 0x80008e30 (0x00a68133) add     sp, a3, a0
core   0: 3 0x80008e30 (0x00a68133) x 2 0x80010b02
core   0: 0x80008e34 (0x00006b9d) c.lui   s7, 0x7
core   0: 3 0x80008e34 (0x6b9d) x23 0x00007000
core   0: 0x80008e36 (0x02150763) beq     a0, ra, pc + 46
core   0: 3 0x80008e36 (0x02150763)
core   0: 0x80008e3a (0x028e66b3) rem     a3, t3, s0
core   0: 3 0x80008e3a (0x028e66b3) x13 0xffffffd4
core   0: 0x80008e3e (0x00bb7263) bgeu    s6, a1, pc + 4
core   0: 3 0x80008e3e (0x00bb7263)
core   0: 0x80008e42 (0x003239b3) sltu    s3, tp, gp
core   0: 3 0x80008e42 (0x003239b3) x19 0x00000001
core   0: 0x80008e46 (0x00008f16) c.mv    t5, t0
core   0: 3 0x80008e46 (0x8f16) x30 0x00000000
core   0: 0x80008e48 (0x0000100f) fence.i
core   0: 3 0x80008e48 (0x0000100f)
core   0: 0x80008e4c (0x0090da93) srli    s5, ra, 9
core   0: 3 0x80008e4c (0x0090da93) x21 0x007fffff
core   0: 0x80008e50 (0x01969033) sll     zero, a3, s9
core   0: 3 0x80008e50 (0x01969033)
core   0: 0x80008e54 (0x005ed6b3) srl     a3, t4, t0
core   0: 3 0x80008e54 (0x005ed6b3) x13 0x00000000
core   0: 0x80008e58 (0x00000e0c) c.addi4spn a1, sp, 784
core   0: 3 0x80008e58 (0x0e0c) x11 0x80010e12
core   0: 0x80008e5a (0x00004e11) c.li    t3, 4
core   0: 3 0x80008e5a (0x4e11) x28 0x00000004
core   0: 0x80008e5c (0x01988a63) beq     a7, s9, pc + 20
core   0: 3 0x80008e5c (0x01988a63)
core   0: 0x80008e60 (0x03465cb3) divu    s9, a2, s4
core   0: 3 0x80008e60 (0x03465cb3) x25 0xffffffff
core   0: 0x80008e64 (0x41b48a33) sub     s4, s1, s11
core   0: 3 0x80008e64 (0x41b48a33) x20 0xffffc7d3
core   0: 0x80008e68 (0x00000096) c.slli  ra, 5
core   0: 3 0x80008e68 (0x0096) x 1 0xffffffe0
core   0: 0x80008e6a (0x00000c9d) c.addi  s9, 7
core   0: 3 0x80008e6a (0x0c9d) x25 0x00000006
core   0: 0x80008e6c (0xf46beb13) ori     s6, s7, -186
core   0: 3 0x80008e6c (0xf46beb13) x22 0xffffff46
core   0: 0x80008e70 (0xeb93a493) slti    s1, t2, -327
core   0: 3 0x80008e70 (0xeb93a493) x 9 0x00000000
core   0: 0x80008e74 (0xcf6e8c93) addi    s9, t4, -778
core   0: 3 0x80008e74 (0xcf6e8c93) x25 0xfffffcf6
core   0: 0x80008e78 (0x00008d09) c.sub   a0, a0
core   0: 3 0x80008e78 (0x8d09) x10 0x00000000
core   0: 0x80008e7a (0x97f53493) sltiu   s1, a0, -1665
core   0: 3 0x80008e7a (0x97f53493) x 9 0x00000001
core   0: 0x80008e7e (0x932cc313) xori    t1, s9, -1742
core   0: 3 0x80008e7e (0x932cc313) x 6 0x000005c4
core   0: 0x80008e82 (0x02cdfa63) bgeu    s11, a2, pc + 52
core   0: 3 0x80008e82 (0x02cdfa63)
core   0: 0x80008e86 (0x00000fc5) c.addi  t6, 17
core   0: 3 0x80008e86 (0x0fc5) x31 0x00000011
core   0: 0x80008e88 (0x000086d1) c.srai  a3, 20
core   0: 3 0x80008e88 (0x86d1) x13 0x00000000
core   0: 0x80008e8a (0x033dcab3) div     s5, s11, s3
core   0: 3 0x80008e8a (0x033dcab3) x21 0x00000000
core   0: 0x80008e8e (0x030a59b3) divu    s3, s4, a6
core   0: 3 0x80008e8e (0x030a59b3) x19 0xffffffff
core   0: 0x80008e92 (0x0000100f) fence.i
core   0: 3 0x80008e92 (0x0000100f)
core   0: 0x80008e96 (0xef0f3a17) auipc   s4, 0xef0f3
core   0: 3 0x80008e96 (0xef0f3a17) x20 0x6f0fbe96
core   0: 0x80008e9a (0x0000869a) c.mv    a3, t1
core   0: 3 0x80008e9a (0x869a) x13 0x000005c4
core   0: 0x80008e9c (0x013aac33) slt     s8, s5, s3
core   0: 3 0x80008e9c (0x013aac33) x24 0x00000000
core   0: 0x80008ea0 (0x40cb0833) sub     a6, s6, a2
core   0: 3 0x80008ea0 (0x40cb0833) x16 0x7ffd6262
core   0: 0x80008ea4 (0x00399a33) sll     s4, s3, gp
core   0: 3 0x80008ea4 (0x00399a33) x20 0xfc000000
core   0: 0x80008ea8 (0xb8bef113) andi    sp, t4, -1141
core   0: 3 0x80008ea8 (0xb8bef113) x 2 0x00000000
core   0: 0x80008eac (0x03e5e733) rem     a4, a1, t5
core   0: 3 0x80008eac (0x03e5e733) x14 0x80010e12
core   0: 0x80008eb0 (0x00001c98) c.addi4spn a4, sp, 624
core   0: 3 0x80008eb0 (0x1c98) x14 0x00000270
core   0: 0x80008eb2 (0x0326de33) divu    t3, a3, s2
core   0: 3 0x80008eb2 (0x0326de33) x28 0x00000000
core   0: 0x80008eb6 (0x00006929) c.lui   s2, 0xa
core   0: 3 0x80008eb6 (0x6929) x18 0x0000a000
core   0: 0x80008eb8 (0x0000127d) c.addi  tp, -1
core   0: 3 0x80008eb8 (0x127d) x 4 0x00000060
core   0: 0x80008eba (0xbe4f4413) xori    s0, t5, -1052
core   0: 3 0x80008eba (0xbe4f4413) x 8 0xfffffbe4
core   0: 0x80008ebe (0x00008d79) c.and   a0, a4
core   0: 3 0x80008ebe (0x8d79) x10 0x00000000
core   0: 0x80008ec0 (0x7ab3ed13) ori     s10, t2, 1963
core   0: 3 0x80008ec0 (0x7ab3ed13) x26 0x000007ff
core   0: 0x80008ec4 (0x00008f1d) c.sub   a4, a5
core   0: 3 0x80008ec4 (0x8f1d) x14 0x7ffda40c
core   0: 0x80008ec6 (0xe1a5f393) andi    t2, a1, -486
core   0: 3 0x80008ec6 (0xe1a5f393) x 7 0x80010e12
core   0: 0x80008eca (0x01a39863) bne     t2, s10, pc + 16
core   0: 3 0x80008eca (0x01a39863)
core   0: 0x80008eda (0x0130cfb3) xor     t6, ra, s3
core   0: 3 0x80008eda (0x0130cfb3) x31 0x0000001f
core   0: 0x80008ede (0x01240863) beq     s0, s2, pc + 16
core   0: 3 0x80008ede (0x01240863)
core   0: 0x80008ee2 (0x00008c65) c.and   s0, s1
core   0: 3 0x80008ee2 (0x8c65) x 8 0x00000000
core   0: 0x80008ee4 (0x029a0fb3) mul     t6, s4, s1
core   0: 3 0x80008ee4 (0x029a0fb3) x31 0xfc000000
core   0: 0x80008ee8 (0x0000717d) c.addi16sp sp, -16
core   0: 3 0x80008ee8 (0x717d) x 2 0xfffffff0
core   0: 0x80008eea (0x05997063) bgeu    s2, s9, pc + 64
core   0: 3 0x80008eea (0x05997063)
core   0: 0x80008eee (0xb6fd0a13) addi    s4, s10, -1169
core   0: 3 0x80008eee (0xb6fd0a13) x20 0x0000036e
core   0: 0x80008ef2 (0x97dcab13) slti    s6, s9, -1667
core   0: 3 0x80008ef2 (0x97dcab13) x22 0x00000000
core   0: 0x80008ef6 (0x000015fd) c.addi  a1, -1
core   0: 3 0x80008ef6 (0x15fd) x11 0x80010e11
core   0: 0x80008ef8 (0x01ee1493) slli    s1, t3, 30
core   0: 3 0x80008ef8 (0x01ee1493) x 9 0x00000000
core   0: 0x80008efc (0x037c0933) mul     s2, s8, s7
core   0: 3 0x80008efc (0x037c0933) x18 0x00000000
core   0: 0x80008f00 (0x00001b7d) c.addi  s6, -1
core   0: 3 0x80008f00 (0x1b7d) x22 0xffffffff
core   0: 0x80008f02 (0x025565b3) rem     a1, a0, t0
core   0: 3 0x80008f02 (0x025565b3) x11 0x00000000
core   0: 0x80008f06 (0x30d18113) addi    sp, gp, 781
core   0: 3 0x80008f06 (0x30d18113) x 2 0x80010c07
core   0: 0x80008f0a (0x0000717d) c.addi16sp sp, -16
core   0: 3 0x80008f0a (0x717d) x 2 0x80010bf7
core   0: 0x80008f0c (0x010ff933) and     s2, t6, a6
core   0: 3 0x80008f0c (0x010ff933) x18 0x7c000000
core   0: 0x80008f10 (0x401a56b3) sra     a3, s4, ra
core   0: 3 0x80008f10 (0x401a56b3) x13 0x0000036e
core   0: 0x80008f14 (0x04b9fe63) bgeu    s3, a1, pc + 92
core   0: 3 0x80008f14 (0x04b9fe63)
core   0: 0x80008f70 (0x0000669d) c.lui   a3, 0x7
core   0: 3 0x80008f70 (0x669d) x13 0x00007000
core   0: 0x80008f72 (0x00001e80) c.addi4spn s0, sp, 880
core   0: 3 0x80008f72 (0x1e80) x 8 0x80010f67
core   0: 0x80008f74 (0x03ec8c33) mul     s8, s9, t5
core   0: 3 0x80008f74 (0x03ec8c33) x24 0x00000000
core   0: 0x80008f78 (0x00cbdf33) srl     t5, s7, a2
core   0: 3 0x80008f78 (0x00cbdf33) x30 0x00000700
core   0: 0x80008f7c (0x00000001) c.nop
core   0: 3 0x80008f7c (0x0001)
core   0: 0x80008f7e (0x00008d9d) c.sub   a1, a5
core   0: 3 0x80008f7e (0x8d9d) x11 0x7ffda19c
core   0: 0x80008f80 (0x01258533) add     a0, a1, s2
core   0: 3 0x80008f80 (0x01258533) x10 0xfbfda19c
core   0: 0x80008f84 (0x0000e915) c.bnez  a0, pc + 52
core   0: 3 0x80008f84 (0xe915)
core   0: 0x80008fb8 (0xf3727a93) andi    s5, tp, -201
core   0: 3 0x80008fb8 (0xf3727a93) x21 0x00000020
core   0: 0x80008fbc (0x00000305) c.addi  t1, 1
core   0: 3 0x80008fbc (0x0305) x 6 0x000005c5
core   0: 0x80008fbe (0x6e117a13) andi    s4, sp, 1761
core   0: 3 0x80008fbe (0x6e117a13) x20 0x000002e1
core   0: 0x80008fc2 (0x00cbb733) sltu    a4, s7, a2
core   0: 3 0x80008fc2 (0x00cbb733) x14 0x00000001
core   0: 0x80008fc6 (0x0000872d) c.srai  a4, 11
core   0: 3 0x80008fc6 (0x872d) x14 0x00000000
core   0: 0x80008fc8 (0x00c01833) sll     a6, zero, a2
core   0: 3 0x80008fc8 (0x00c01833) x16 0x00000000
core   0: 0x80008fcc (0x01195a93) srli    s5, s2, 17
core   0: 3 0x80008fcc (0x01195a93) x21 0x00003e00
core   0: 0x80008fd0 (0x00005afd) c.li    s5, -1
core   0: 3 0x80008fd0 (0x5afd) x21 0xffffffff
core   0: 0x80008fd2 (0x05d44263) blt     s0, t4, pc + 68
core   0: 3 0x80008fd2 (0x05d44263)
core   0: 0x80009016 (0x00008db9) c.xor   a1, a4
core   0: 3 0x80009016 (0x8db9) x11 0x7ffda19c
core   0: 0x80009018 (0x030471b3) remu    gp, s0, a6
core   0: 3 0x80009018 (0x030471b3) x 3 0x80010f67
core   0: 0x8000901c (0x017c0233) add     tp, s8, s7
core   0: 3 0x8000901c (0x017c0233) x 4 0x00007000
core   0: 0x80009020 (0x01d78c63) beq     a5, t4, pc + 24
core   0: 3 0x80009020 (0x01d78c63)
core   0: 0x80009024 (0x00008c55) c.or    s0, a3
core   0: 3 0x80009024 (0x8c55) x 8 0x80017f67
core   0: 0x80009026 (0x034efe33) remu    t3, t4, s4
core   0: 3 0x80009026 (0x034efe33) x28 0x00000000
core   0: 0x8000902a (0x00008c01) c.sub   s0, s0
core   0: 3 0x8000902a (0x8c01) x 8 0x00000000
core   0: 0x8000902c (0x0000ea99) c.bnez  a3, pc + 22
core   0: 3 0x8000902c (0xea99)
core   0: 0x80009042 (0x00000001) c.nop
core   0: 3 0x80009042 (0x0001)
core   0: 0x80009044 (0x0014c133) xor     sp, s1, ra
core   0: 3 0x80009044 (0x0014c133) x 2 0xffffffe0
core   0: 0x80009048 (0x03f00733) mul     a4, zero, t6
core   0: 3 0x80009048 (0x03f00733) x14 0x00000000
core   0: 0x8000904c (0x70ae0d13) addi    s10, t3, 1802
core   0: 3 0x8000904c (0x70ae0d13) x26 0x0000070a
core   0: 0x80009050 (0x000b4263) bltz    s6, pc + 4
core   0: 3 0x80009050 (0x000b4263)
core   0: 0x80009054 (0x412f5113) srai    sp, t5, 18
core   0: 3 0x80009054 (0x412f5113) x 2 0x00000000
core   0: 0x80009058 (0x8a4b6413) ori     s0, s6, -1884
core   0: 3 0x80009058 (0x8a4b6413) x 8 0xffffffff
core   0: 0x8000905c (0x0000717d) c.addi16sp sp, -16
core   0: 3 0x8000905c (0x717d) x 2 0xfffffff0
core   0: 0x8000905e (0x0133e1b3) or      gp, t2, s3
core   0: 3 0x8000905e (0x0133e1b3) x 3 0xffffffff
core   0: 0x80009062 (0x0000717d) c.addi16sp sp, -16
core   0: 3 0x80009062 (0x717d) x 2 0xffffffe0
core   0: 0x80009064 (0x00008f01) c.sub   a4, s0
core   0: 3 0x80009064 (0x8f01) x14 0x00000001
core   0: 0x80009066 (0x02495233) divu    tp, s2, tp
core   0: 3 0x80009066 (0x02495233) x 4 0x00011b6d
core   0: 0x8000906a (0x00000001) c.nop
core   0: 3 0x8000906a (0x0001)
core   0: 0x8000906c (0x00000998) c.addi4spn a4, sp, 208
core   0: 3 0x8000906c (0x0998) x14 0x000000b0
core   0: 0x8000906e (0x40ee5db3) sra     s11, t3, a4
core   0: 3 0x8000906e (0x40ee5db3) x27 0x00000000
core   0: 0x80009072 (0x000082b9) c.srli  a3, 14
core   0: 3 0x80009072 (0x82b9) x13 0x00000001
core   0: 0x80009074 (0x00008ca5) c.xor   s1, s1
core   0: 3 0x80009074 (0x8ca5) x 9 0x00000000
core   0: 0x80009076 (0x000052fd) c.li    t0, -1
core   0: 3 0x80009076 (0x52fd) x 5 0xffffffff
core   0: 0x80009078 (0x461caf17) auipc   t5, 0x461ca
core   0: 3 0x80009078 (0x461caf17) x30 0xc61d3078
core   0: 0x8000907c (0x01a544b3) xor     s1, a0, s10
core   0: 3 0x8000907c (0x01a544b3) x 9 0xfbfda696
core   0: 0x80009080 (0x000e7933) and     s2, t3, zero
core   0: 3 0x80009080 (0x000e7933) x18 0x00000000
core   0: 0x80009084 (0x00000e26) c.slli  t3, 9
core   0: 3 0x80009084 (0x0e26) x28 0x00000000
core   0: 0x80009086 (0xb65744b7) lui     s1, 0xb6574
core   0: 3 0x80009086 (0xb65744b7) x 9 0xb6574000
core   0: 0x8000908a (0x011ff263) bgeu    t6, a7, pc + 4
core   0: 3 0x8000908a (0x011ff263)
core   0: 0x8000908e (0x00008ed5) c.or    a3, a3
core   0: 3 0x8000908e (0x8ed5) x13 0x00000001
core   0: 0x80009090 (0x00008891) c.andi  s1, 4
core   0: 3 0x80009090 (0x8891) x 9 0x00000000
core   0: 0x80009092 (0x02d8fc33) remu    s8, a7, a3
core   0: 3 0x80009092 (0x02d8fc33) x24 0x00000000
core   0: 0x80009096 (0x01915c33) srl     s8, sp, s9
core   0: 3 0x80009096 (0x01915c33) x24 0x000003ff
core   0: 0x8000909a (0x7ccfbd93) sltiu   s11, t6, 1996
core   0: 3 0x8000909a (0x7ccfbd93) x27 0x00000000
core   0: 0x8000909e (0x40430b33) sub     s6, t1, tp
core   0: 3 0x8000909e (0x40430b33) x22 0xfffeea58
core   0: 0x800090a2 (0xee437693) andi    a3, t1, -284
core   0: 3 0x800090a2 (0xee437693) x13 0x000004c4
core   0: 0x800090a6 (0x40585fb3) sra     t6, a6, t0
core   0: 3 0x800090a6 (0x40585fb3) x31 0x00000000
core   0: 0x800090aa (0x000094be) c.add   s1, a5
core   0: 3 0x800090aa (0x94be) x 9 0x80025e64
core   0: 0x800090ac (0x00008759) c.srai  a4, 22
core   0: 3 0x800090ac (0x8759) x14 0x00000000
core   0: 0x800090ae (0x02d27963) bgeu    tp, a3, pc + 50
core   0: 3 0x800090ae (0x02d27963)
core   0: 0x800090e0 (0x00008c11) c.sub   s0, a2
core   0: 3 0x800090e0 (0x8c11) x 8 0x7ffd631b
core   0: 0x800090e2 (0x00001c08) c.addi4spn a0, sp, 560
core   0: 3 0x800090e2 (0x1c08) x10 0x00000210
core   0: 0x800090e4 (0x0000100f) fence.i
core   0: 3 0x800090e4 (0x0000100f)
core   0: 0x800090e8 (0xfa690c17) auipc   s8, 0xfa690
core   0: 3 0x800090e8 (0xfa690c17) x24 0x7a6990e8
core   0: 0x800090ec (0x40da81b3) sub     gp, s5, a3
core   0: 3 0x800090ec (0x40da81b3) x 3 0xfffffb3b
core   0: 0x800090f0 (0x000626b3) slt     a3, a2, zero
core   0: 3 0x800090f0 (0x000626b3) x13 0x00000001
core   0: 0x800090f4 (0x00000001) c.nop
core   0: 3 0x800090f4 (0x0001)
core   0: 0x800090f6 (0x4d75bb13) sltiu   s6, a1, 1239
core   0: 3 0x800090f6 (0x4d75bb13) x22 0x00000000
core   0: 0x800090fa (0x00008689) c.srai  a3, 2
core   0: 3 0x800090fa (0x8689) x13 0x00000000
core   0: 0x800090fc (0xffd00593) li      a1, -3
core   0: 3 0x800090fc (0xffd00593) x11 0xfffffffd
core   0: 0x80009100 (0x00000001) c.nop
core   0: 3 0x80009100 (0x0001)
core   0: 0x80009102 (0x00000bae) c.slli  s7, 11
core   0: 3 0x80009102 (0x0bae) x23 0x03800000
core   0: 0x80009104 (0x00008e95) c.sub   a3, a3
core   0: 3 0x80009104 (0x8e95) x13 0x00000000
core   0: 0x80009106 (0x00000001) c.nop
core   0: 3 0x80009106 (0x0001)
core   0: 0x80009108 (0xb28f9717) auipc   a4, 0xb28f9
core   0: 3 0x80009108 (0xb28f9717) x14 0x32902108
core   0: 0x8000910c (0x00000585) c.addi  a1, 1
core   0: 3 0x8000910c (0x0585) x11 0xfffffffe
core   0: 0x8000910e (0x00600a93) li      s5, 6
core   0: 3 0x8000910e (0x00600a93) x21 0x00000006
core   0: 0x80009112 (0x6ee70413) addi    s0, a4, 1774
core   0: 3 0x80009112 (0x6ee70413) x 8 0x329027f6
core   0: 0x80009116 (0x0302ae33) mulhsu  t3, t0, a6
core   0: 3 0x80009116 (0x0302ae33) x28 0x00000000
core   0: 0x8000911a (0xa5be6413) ori     s0, t3, -1445
core   0: 3 0x8000911a (0xa5be6413) x 8 0xfffffa5b
core   0: 0x8000911e (0x0000717d) c.addi16sp sp, -16
core   0: 3 0x8000911e (0x717d) x 2 0xffffffd0
core   0: 0x80009120 (0x00008a76) c.mv    s4, t4
core   0: 3 0x80009120 (0x8a76) x20 0x00000000
core   0: 0x80009122 (0x039a36b3) mulhu   a3, s4, s9
core   0: 3 0x80009122 (0x039a36b3) x13 0x00000000
core   0: 0x80009126 (0x01400513) li      a0, 20
core   0: 3 0x80009126 (0x01400513) x10 0x00000014
core   0: 0x8000912a (0x03cf04b3) mul     s1, t5, t3
core   0: 3 0x8000912a (0x03cf04b3) x 9 0x00000000
core   0: 0x8000912e (0x00008c6d) c.and   s0, a1
core   0: 3 0x8000912e (0x8c6d) x 8 0xfffffa5a
core   0: 0x80009130 (0x03bee3b3) rem     t2, t4, s11
core   0: 3 0x80009130 (0x03bee3b3) x 7 0x00000000
core   0: 0x80009134 (0x8e1b9937) lui     s2, 0x8e1b9
core   0: 3 0x80009134 (0x8e1b9937) x18 0x8e1b9000
core   0: 0x80009138 (0x00000aa9) c.addi  s5, 10
core   0: 3 0x80009138 (0x0aa9) x21 0x00000010
core   0: 0x8000913a (0x0000946a) c.add   s0, s10
core   0: 3 0x8000913a (0x946a) x 8 0x00000164
core   0: 0x8000913c (0x0000717d) c.addi16sp sp, -16
core   0: 3 0x8000913c (0x717d) x 2 0xffffffc0
core   0: 0x8000913e (0xfeaac8e3) blt     s5, a0, pc - 16
core   0: 3 0x8000913e (0xfeaac8e3)
core   0: 0x8000912e (0x00008c6d) c.and   s0, a1
core   0: 3 0x8000912e (0x8c6d) x 8 0x00000164
core   0: 0x80009130 (0x03bee3b3) rem     t2, t4, s11
core   0: 3 0x80009130 (0x03bee3b3) x 7 0x00000000
core   0: 0x80009134 (0x8e1b9937) lui     s2, 0x8e1b9
core   0: 3 0x80009134 (0x8e1b9937) x18 0x8e1b9000
core   0: 0x80009138 (0x00000aa9) c.addi  s5, 10
core   0: 3 0x80009138 (0x0aa9) x21 0x0000001a
core   0: 0x8000913a (0x0000946a) c.add   s0, s10
core   0: 3 0x8000913a (0x946a) x 8 0x0000086e
core   0: 0x8000913c (0x0000717d) c.addi16sp sp, -16
core   0: 3 0x8000913c (0x717d) x 2 0xffffffb0
core   0: 0x8000913e (0xfeaac8e3) blt     s5, a0, pc - 16
core   0: 3 0x8000913e (0xfeaac8e3)
core   0: 0x80009142 (0x02f1da33) divu    s4, gp, a5
core   0: 3 0x80009142 (0x02f1da33) x20 0x00000001
core   0: 0x80009146 (0x027fafb3) mulhsu  t6, t6, t2
core   0: 3 0x80009146 (0x027fafb3) x31 0x00000000
core   0: 0x8000914a (0x00004c41) c.li    s8, 16
core   0: 3 0x8000914a (0x4c41) x24 0x00000010
core   0: 0x8000914c (0x0000ddc5) c.beqz  a1, pc - 72
core   0: 3 0x8000914c (0xddc5)
core   0: 0x8000914e (0x02d4e1b3) rem     gp, s1, a3
core   0: 3 0x8000914e (0x02d4e1b3) x 3 0x00000000
core   0: 0x80009152 (0x00008117) auipc   sp, 0x8
core   0: 3 0x80009152 (0x00008117) x 2 0x80011152
core   0: 0x80009156 (0xa2710113) addi    sp, sp, -1497
core   0: 3 0x80009156 (0xa2710113) x 2 0x80010b79
core   0: 0x8000915a (0x0000100f) fence.i
core   0: 3 0x8000915a (0x0000100f)
core   0: 0x8000915e (0xcc610923) sb      t1, -814(sp)
core   0: 3 0x8000915e (0xcc610923) mem 0x8001084b 0xc5
core   0: 0x80009162 (0x12c14f03) lbu     t5, 300(sp)
core   0: 3 0x80009162 (0x12c14f03) x30 0x0000008c mem 0x80010ca5
core   0: 0x80009166 (0x06910523) sb      s1, 106(sp)
core   0: 3 0x80009166 (0x06910523) mem 0x80010be3 0x0
core   0: 0x8000916a (0x03e684b3) mul     s1, a3, t5
core   0: 3 0x8000916a (0x03e684b3) x 9 0x00000000
core   0: 0x8000916e (0x00000001) c.nop
core   0: 3 0x8000916e (0x0001)
core   0: 0x80009170 (0x3a711303) lh      t1, 935(sp)
core   0: 3 0x80009170 (0x3a711303) x 6 0xffffd216 mem 0x80010f20
core   0: 0x80009174 (0x00000001) c.nop
core   0: 3 0x80009174 (0x0001)
core   0: 0x80009176 (0xd3214f03) lbu     t5, -718(sp)
core   0: 3 0x80009176 (0xd3214f03) x30 0x00000082 mem 0x800108ab
core   0: 0x8000917a (0x01935f13) srli    t5, t1, 25
core   0: 3 0x8000917a (0x01935f13) x30 0x0000007f
core   0: 0x8000917e (0x8f715183) lhu     gp, -1801(sp)
core   0: 3 0x8000917e (0x8f715183) x 3 0x00003e0b mem 0x80010470
core   0: 0x80009182 (0x000094f2) c.add   s1, t3
core   0: 3 0x80009182 (0x94f2) x 9 0x00000000
core   0: 0x80009184 (0x4066d4b3) sra     s1, a3, t1
core   0: 3 0x80009184 (0x4066d4b3) x 9 0x00000000
core   0: 0x80009188 (0xe5010f03) lb      t5, -432(sp)
core   0: 3 0x80009188 (0xe5010f03) x30 0x0000007f mem 0x800109c9
core   0: 0x8000918c (0xa6010483) lb      s1, -1440(sp)
core   0: 3 0x8000918c (0xa6010483) x 9 0xfffffff1 mem 0x800105d9
core   0: 0x80009190 (0x0a910b23) sb      s1, 182(sp)
core   0: 3 0x80009190 (0x0a910b23) mem 0x80010c2f 0xf1
core   0: 0x80009194 (0xc8714183) lbu     gp, -889(sp)
core   0: 3 0x80009194 (0xc8714183) x 3 0x0000008a mem 0x80010800
core   0: 0x80009198 (0x92310e23) sb      gp, -1732(sp)
core   0: 3 0x80009198 (0x92310e23) mem 0x800104b5 0x8a
core   0: 0x8000919c (0x4dc105a3) sb      t3, 1227(sp)
core   0: 3 0x8000919c (0x4dc105a3) mem 0x80011044 0x0
core   0: 0x800091a0 (0x49115303) lhu     t1, 1169(sp)
core   0: 3 0x800091a0 (0x49115303) x 6 0x0000fb69 mem 0x8001100a
core   0: 0x800091a4 (0x026f6e33) rem     t3, t5, t1
core   0: 3 0x800091a4 (0x026f6e33) x28 0x0000007f
core   0: 0x800091a8 (0xc3214483) lbu     s1, -974(sp)
core   0: 3 0x800091a8 (0xc3214483) x 9 0x00000078 mem 0x800107ab
core   0: 0x800091ac (0xda214303) lbu     t1, -606(sp)
core   0: 3 0x800091ac (0xda214303) x 6 0x0000000c mem 0x8001091b
core   0: 0x800091b0 (0x000082a5) c.srli  a3, 9
core   0: 3 0x800091b0 (0x82a5) x13 0x00000000
core   0: 0x800091b2 (0x593be197) auipc   gp, 0x593be
core   0: 3 0x800091b2 (0x593be197) x 3 0xd93c71b2
core   0: 0x800091b6 (0xf4d11683) lh      a3, -179(sp)
core   0: 3 0x800091b6 (0xf4d11683) x13 0xfffff600 mem 0x80010ac6
core   0: 0x800091ba (0xe7f48693) addi    a3, s1, -385
core   0: 3 0x800091ba (0xe7f48693) x13 0xfffffef7
core   0: 0x800091be (0x95c127a3) sw      t3, -1713(sp)
core   0: 3 0x800091be (0x95c127a3) mem 0x800104c8 0x0000007f
core   0: 0x800091c2 (0xf7610483) lb      s1, -138(sp)
core   0: 3 0x800091c2 (0xf7610483) x 9 0xffffff8f mem 0x80010aef
core   0: 0x800091c6 (0x4a010f03) lb      t5, 1184(sp)
core   0: 3 0x800091c6 (0x4a010f03) x30 0x00000027 mem 0x80011019
core   0: 0x800091ca (0x10610f23) sb      t1, 286(sp)
core   0: 3 0x800091ca (0x10610f23) mem 0x80010c97 0xc
core   0: 0x800091ce (0xd7e10303) lb      t1, -642(sp)
core   0: 3 0x800091ce (0xd7e10303) x 6 0x00000020 mem 0x800108f7
core   0: 0x800091d2 (0xcbf11483) lh      s1, -833(sp)
core   0: 3 0x800091d2 (0xcbf11483) x 9 0x00002069 mem 0x80010838
core   0: 0x800091d6 (0x00008ce5) c.and   s1, s1
core   0: 3 0x800091d6 (0x8ce5) x 9 0x00002069
core   0: 0x800091d8 (0x25214f03) lbu     t5, 594(sp)
core   0: 3 0x800091d8 (0x25214f03) x30 0x000000b2 mem 0x80010dcb
core   0: 0x800091dc (0x00008095) c.srli  s1, 5
core   0: 3 0x800091dc (0x8095) x 9 0x00000103
core   0: 0x800091de (0xc7530693) addi    a3, t1, -907
core   0: 3 0x800091de (0xc7530693) x13 0xfffffc95
core   0: 0x800091e2 (0x8f614303) lbu     t1, -1802(sp)
core   0: 3 0x800091e2 (0x8f614303) x 6 0x00000017 mem 0x8001046f
core   0: 0x800091e6 (0x0166de13) srli    t3, a3, 22
core   0: 3 0x800091e6 (0x0166de13) x28 0x000003ff
core   0: 0x800091ea (0xdde10923) sb      t5, -558(sp)
core   0: 3 0x800091ea (0xdde10923) mem 0x8001094b 0xb2
core   0: 0x800091ee (0x003486b3) add     a3, s1, gp
core   0: 3 0x800091ee (0x003486b3) x13 0xd93c72b5
core   0: 0x800091f2 (0x03ce1333) mulh    t1, t3, t3
core   0: 3 0x800091f2 (0x03ce1333) x 6 0x00000000
core   0: 0x800091f6 (0xbe818193) addi    gp, gp, -1048
core   0: 3 0x800091f6 (0xbe818193) x 3 0xd93c6d9a
core   0: 0x800091fa (0x0000818e) c.mv    gp, gp
core   0: 3 0x800091fa (0x818e) x 3 0xd93c6d9a
core   0: 0x800091fc (0x2c6109a3) sb      t1, 723(sp)
core   0: 3 0x800091fc (0x2c6109a3) mem 0x80010e4c 0x0
core   0: 0x80009200 (0xa9614e03) lbu     t3, -1386(sp)
core   0: 3 0x80009200 (0xa9614e03) x28 0x00000087 mem 0x8001060f
core   0: 0x80009204 (0xd6410483) lb      s1, -668(sp)
core   0: 3 0x80009204 (0xd6410483) x 9 0xffffffdb mem 0x800108dd
core   0: 0x80009208 (0x00008cd5) c.or    s1, a3
core   0: 3 0x80009208 (0x8cd5) x 9 0xffffffff
core   0: 0x8000920a (0x12210f03) lb      t5, 290(sp)
core   0: 3 0x8000920a (0x12210f03) x30 0x00000043 mem 0x80010c9b
core   0: 0x8000920e (0x02d98b33) mul     s6, s3, a3
core   0: 3 0x8000920e (0x02d98b33) x22 0x26c38d4b
core   0: 0x80009212 (0x05e81063) bne     a6, t5, pc + 64
core   0: 3 0x80009212 (0x05e81063)
core   0: 0x80009252 (0x01a09933) sll     s2, ra, s10
core   0: 3 0x80009252 (0x01a09933) x18 0xffff8000
core   0: 0x80009256 (0x02b0bdb3) mulhu   s11, ra, a1
core   0: 3 0x80009256 (0x02b0bdb3) x27 0xffffffde
core   0: 0x8000925a (0x01273433) sltu    s0, a4, s2
core   0: 3 0x8000925a (0x01273433) x 8 0x00000001
core   0: 0x8000925e (0x0000819d) c.srli  a1, 7
core   0: 3 0x8000925e (0x819d) x11 0x01ffffff
core   0: 0x80009260 (0x00008825) c.andi  s0, 9
core   0: 3 0x80009260 (0x8825) x 8 0x00000001
core   0: 0x80009262 (0x0000100f) fence.i
core   0: 3 0x80009262 (0x0000100f)
core   0: 0x80009266 (0x01155593) srli    a1, a0, 17
core   0: 3 0x80009266 (0x01155593) x11 0x00000000
core   0: 0x8000926a (0x00008dd5) c.or    a1, a3
core   0: 3 0x8000926a (0x8dd5) x11 0xd93c72b5
core   0: 0x8000926c (0x0ff0000f) fence   iorw,iorw
core   0: 3 0x8000926c (0x0ff0000f)
core   0: 0x80009270 (0x00000918) c.addi4spn a4, sp, 144
core   0: 3 0x80009270 (0x0918) x14 0x80010c09
core   0: 0x80009272 (0x16a51a37) lui     s4, 0x16a51
core   0: 3 0x80009272 (0x16a51a37) x20 0x16a51000
core   0: 0x80009276 (0x020f5863) bgez    t5, pc + 48
core   0: 3 0x80009276 (0x020f5863)
core   0: 0x800092a6 (0x00000001) c.nop
core   0: 3 0x800092a6 (0x0001)
core   0: 0x800092a8 (0x00000001) c.nop
core   0: 3 0x800092a8 (0x0001)
core   0: 0x800092aa (0x009a9e63) bne     s5, s1, pc + 28
core   0: 3 0x800092aa (0x009a9e63)
core   0: 0x800092c6 (0x022eec63) bltu    t4, sp, pc + 56
core   0: 3 0x800092c6 (0x022eec63)
core   0: 0x800092fe (0x00000fee) c.slli  t6, 27
core   0: 3 0x800092fe (0x0fee) x31 0x00000000
core   0: 0x80009300 (0x0141dd13) srli    s10, gp, 20
core   0: 3 0x80009300 (0x0141dd13) x26 0x00000d93
core   0: 0x80009304 (0x00511013) slli    zero, sp, 5
core   0: 3 0x80009304 (0x00511013)
core   0: 0x80009308 (0x02868a33) mul     s4, a3, s0
core   0: 3 0x80009308 (0x02868a33) x20 0xd93c72b5
core   0: 0x8000930c (0x00000001) c.nop
core   0: 3 0x8000930c (0x0001)
core   0: 0x8000930e (0x01121313) slli    t1, tp, 17
core   0: 3 0x8000930e (0x01121313) x 6 0x36da0000
core   0: 0x80009312 (0x00004721) c.li    a4, 8
core   0: 3 0x80009312 (0x4721) x14 0x00000008
core   0: 0x80009314 (0x40df00b3) sub     ra, t5, a3
core   0: 3 0x80009314 (0x40df00b3) x 1 0x26c38d8e
core   0: 0x80009318 (0x00001808) c.addi4spn a0, sp, 48
core   0: 3 0x80009318 (0x1808) x10 0x80010ba9
core   0: 0x8000931a (0x00d9c8b3) xor     a7, s3, a3
core   0: 3 0x8000931a (0x00d9c8b3) x17 0x26c38d4a
core   0: 0x8000931e (0x006e5433) srl     s0, t3, t1
core   0: 3 0x8000931e (0x006e5433) x 8 0x00000087
core   0: 0x80009322 (0x00008405) c.srai  s0, 1
core   0: 3 0x80009322 (0x8405) x 8 0x00000043
core   0: 0x80009324 (0x00004869) c.li    a6, 26
core   0: 3 0x80009324 (0x4869) x16 0x0000001a
core   0: 0x80009326 (0x0000ec09) c.bnez  s0, pc + 26
core   0: 3 0x80009326 (0xec09)
core   0: 0x80009340 (0x00001a18) c.addi4spn a4, sp, 304
core   0: 3 0x80009340 (0x1a18) x14 0x80010ca9
core   0: 0x80009342 (0x00001cfd) c.addi  s9, -1
core   0: 3 0x80009342 (0x1cfd) x25 0xfffffcf5
core   0: 0x80009344 (0x0088b3b3) sltu    t2, a7, s0
core   0: 3 0x80009344 (0x0088b3b3) x 7 0x00000000
core   0: 0x80009348 (0x01003ab3) snez    s5, a6
core   0: 3 0x80009348 (0x01003ab3) x21 0x00000001
core   0: 0x8000934c (0xf02a7113) andi    sp, s4, -254
core   0: 3 0x8000934c (0xf02a7113) x 2 0xd93c7200
core   0: 0x80009350 (0x00001c94) c.addi4spn a3, sp, 624
core   0: 3 0x80009350 (0x1c94) x13 0xd93c7470
core   0: 0x80009352 (0x00001dfd) c.addi  s11, -1
core   0: 3 0x80009352 (0x1dfd) x27 0xffffffdd
core   0: 0x80009354 (0x023e45b3) div     a1, t3, gp
core   0: 3 0x80009354 (0x023e45b3) x11 0x00000000
core   0: 0x80009358 (0x0188fdb3) and     s11, a7, s8
core   0: 3 0x80009358 (0x0188fdb3) x27 0x00000000
core   0: 0x8000935c (0x000011fd) c.addi  gp, -1
core   0: 3 0x8000935c (0x11fd) x 3 0xd93c6d99
core   0: 0x8000935e (0x7837e9b7) lui     s3, 0x7837e
core   0: 3 0x8000935e (0x7837e9b7) x19 0x7837e000
core   0: 0x80009362 (0x477a3f13) sltiu   t5, s4, 1143
core   0: 3 0x80009362 (0x477a3f13) x30 0x00000000
core   0: 0x80009366 (0x00008ea5) c.xor   a3, s1
core   0: 3 0x80009366 (0x8ea5) x13 0x26c38b8f
core   0: 0x80009368 (0x00866e63) bltu    a2, s0, pc + 28
core   0: 3 0x80009368 (0x00866e63)
core   0: 0x8000936c (0x038fef33) rem     t5, t6, s8
core   0: 3 0x8000936c (0x038fef33) x30 0x00000000
core   0: 0x80009370 (0x03340963) beq     s0, s3, pc + 50
core   0: 3 0x80009370 (0x03340963)
core   0: 0x80009374 (0x016f0563) beq     t5, s6, pc + 10
core   0: 3 0x80009374 (0x016f0563)
core   0: 0x80009378 (0x03110f33) mul     t5, sp, a7
core   0: 3 0x80009378 (0x03110f33) x30 0xec42f400
core   0: 0x8000937c (0x00006129) c.addi16sp sp, 192
core   0: 3 0x8000937c (0x6129) x 2 0xd93c72c0
core   0: 0x8000937e (0xd9bba413) slti    s0, s7, -613
core   0: 3 0x8000937e (0xd9bba413) x 8 0x00000000
core   0: 0x80009382 (0x00008109) c.srli  a0, 2
core   0: 3 0x80009382 (0x8109) x10 0x200042ea
core   0: 0x80009384 (0x00000488) c.addi4spn a0, sp, 576
core   0: 3 0x80009384 (0x0488) x10 0xd93c7500
core   0: 0x80009386 (0x41255c93) srai    s9, a0, 18
core   0: 3 0x80009386 (0x41255c93) x25 0xfffff64f
core   0: 0x8000938a (0x018e5193) srli    gp, t3, 24
core   0: 3 0x8000938a (0x018e5193) x 3 0x00000000
core   0: 0x8000938e (0x0000158c) c.addi4spn a1, sp, 736
core   0: 3 0x8000938e (0x158c) x11 0xd93c75a0
core   0: 0x80009390 (0x0000613d) c.addi16sp sp, 480
core   0: 3 0x80009390 (0x613d) x 2 0xd93c74a0
core   0: 0x80009392 (0x00ff8963) beq     t6, a5, pc + 18
core   0: 3 0x80009392 (0x00ff8963)
core   0: 0x80009396 (0x00009b3e) c.add   s6, a5
core   0: 3 0x80009396 (0x9b3e) x22 0xa6c5ebaf
core   0: 0x80009398 (0x00005cfd) c.li    s9, -1
core   0: 3 0x80009398 (0x5cfd) x25 0xffffffff
core   0: 0x8000939a (0x02cf2933) mulhsu  s2, t5, a2
core   0: 3 0x8000939a (0x02cf2933) x18 0xf621466d
core   0: 0x8000939e (0x02d943b3) div     t2, s2, a3
core   0: 3 0x8000939e (0x02d943b3) x 7 0x00000000
core   0: 0x800093a2 (0x000089d2) c.mv    s3, s4
core   0: 3 0x800093a2 (0x89d2) x19 0xd93c72b5
core   0: 0x800093a4 (0x4e994a13) xori    s4, s2, 1257
core   0: 3 0x800093a4 (0x4e994a13) x20 0xf6214284
core   0: 0x800093a8 (0x00008151) c.srli  a0, 20
core   0: 3 0x800093a8 (0x8151) x10 0x00000d93
core   0: 0x800093aa (0x41050433) sub     s0, a0, a6
core   0: 3 0x800093aa (0x41050433) x 8 0x00000d79
core   0: 0x800093ae (0x00009b7d) c.andi  a4, -1
core   0: 3 0x800093ae (0x9b7d) x14 0x80010ca9
core   0: 0x800093b0 (0x00000001) c.nop
core   0: 3 0x800093b0 (0x0001)
core   0: 0x800093b2 (0x584ef817) auipc   a6, 0x584ef
core   0: 3 0x800093b2 (0x584ef817) x16 0xd84f83b2
core   0: 0x800093b6 (0x00008dbd) c.xor   a1, a5
core   0: 3 0x800093b6 (0x8dbd) x11 0x593e2bc4
core   0: 0x800093b8 (0x0000e31d) c.bnez  a4, pc + 38
core   0: 3 0x800093b8 (0xe31d)
core   0: 0x800093de (0x01560fb3) add     t6, a2, s5
core   0: 3 0x800093de (0x01560fb3) x31 0x80029ce5
core   0: 0x800093e2 (0x00009c42) c.add   s8, a6
core   0: 3 0x800093e2 (0x9c42) x24 0xd84f83c2
core   0: 0x800093e4 (0x0000100f) fence.i
core   0: 3 0x800093e4 (0x0000100f)
core   0: 0x800093e8 (0x7adaf913) andi    s2, s5, 1965
core   0: 3 0x800093e8 (0x7adaf913) x18 0x00000001
core   0: 0x800093ec (0x02043e33) mulhu   t3, s0, zero
core   0: 3 0x800093ec (0x02043e33) x28 0x00000000
core   0: 0x800093f0 (0xb9284d93) xori    s11, a6, -1134
core   0: 3 0x800093f0 (0xb9284d93) x27 0x27b07820
core   0: 0x800093f4 (0xc223bd93) sltiu   s11, t2, -990
core   0: 3 0x800093f4 (0xc223bd93) x27 0x00000001
core   0: 0x800093f8 (0x4d2ae693) ori     a3, s5, 1234
core   0: 3 0x800093f8 (0x4d2ae693) x13 0x000004d3
core   0: 0x800093fc (0x00008db5) c.xor   a1, a3
core   0: 3 0x800093fc (0x8db5) x11 0x593e2f17
core   0: 0x800093fe (0x000086b5) c.srai  a3, 13
core   0: 3 0x800093fe (0x86b5) x13 0x00000000
core   0: 0x80009400 (0x03b2e6b3) rem     a3, t0, s11
core   0: 3 0x80009400 (0x03b2e6b3) x13 0x00000000
core   0: 0x80009404 (0x0000829d) c.srli  a3, 7
core   0: 3 0x80009404 (0x829d) x13 0x00000000
core   0: 0x80009406 (0x02db4663) blt     s6, a3, pc + 44
core   0: 3 0x80009406 (0x02db4663)
core   0: 0x80009432 (0x45536993) ori     s3, t1, 1109
core   0: 3 0x80009432 (0x45536993) x19 0x36da0455
core   0: 0x80009436 (0x6e23e693) ori     a3, t2, 1762
core   0: 3 0x80009436 (0x6e23e693) x13 0x000006e2
core   0: 0x8000943a (0x0000cf05) c.beqz  a4, pc + 56
core   0: 3 0x8000943a (0xcf05)
core   0: 0x8000943c (0x01da1733) sll     a4, s4, t4
core   0: 3 0x8000943c (0x01da1733) x14 0xf6214284
core   0: 0x80009440 (0x03b1ecb3) rem     s9, gp, s11
core   0: 3 0x80009440 (0x03b1ecb3) x25 0x00000000
core   0: 0x80009444 (0x0000080c) c.addi4spn a1, sp, 16
core   0: 3 0x80009444 (0x080c) x11 0xd93c74b0
core   0: 0x80009446 (0x40878933) sub     s2, a5, s0
core   0: 3 0x80009446 (0x40878933) x18 0x800250eb
core   0: 0x8000944a (0x01a58e63) beq     a1, s10, pc + 28
core   0: 3 0x8000944a (0x01a58e63)
core   0: 0x8000944e (0x3a718197) auipc   gp, 0x3a718
core   0: 3 0x8000944e (0x3a718197) x 3 0xba72144e
core   0: 0x80009452 (0x40ed0433) sub     s0, s10, a4
core   0: 3 0x80009452 (0x40ed0433) x 8 0x09decb0f
core   0: 0x80009456 (0x009e9863) bne     t4, s1, pc + 16
core   0: 3 0x80009456 (0x009e9863)
core   0: 0x80009466 (0x00001988) c.addi4spn a0, sp, 240
core   0: 3 0x80009466 (0x1988) x10 0xd93c7590
core   0: 0x80009468 (0x01cd2bb3) slt     s7, s10, t3
core   0: 3 0x80009468 (0x01cd2bb3) x23 0x00000000
core   0: 0x8000946c (0x00001e00) c.addi4spn s0, sp, 816
core   0: 3 0x8000946c (0x1e00) x 8 0xd93c77d0
core   0: 0x8000946e (0x00bf88b3) add     a7, t6, a1
core   0: 3 0x8000946e (0x00bf88b3) x17 0x593f1195
core   0: 0x80009472 (0x00008da9) c.xor   a1, a0
core   0: 3 0x80009472 (0x8da9) x11 0x00000120
core   0: 0x80009474 (0xe3b7d997) auipc   s3, 0xe3b7d
core   0: 3 0x80009474 (0xe3b7d997) x19 0x63b86474
core   0: 0x80009478 (0x00001f08) c.addi4spn a0, sp, 944
core   0: 3 0x80009478 (0x1f08) x10 0xd93c7850
core   0: 0x8000947a (0x87546413) ori     s0, s0, -1931
core   0: 3 0x8000947a (0x87546413) x 8 0xfffffff5
core   0: 0x8000947e (0x53113293) sltiu   t0, sp, 1329
core   0: 3 0x8000947e (0x53113293) x 5 0x00000000
core   0: 0x80009482 (0x00008ee1) c.and   a3, s0
core   0: 3 0x80009482 (0x8ee1) x13 0x000006e0
core   0: 0x80009484 (0x020d22b3) mulhsu  t0, s10, zero
core   0: 3 0x80009484 (0x020d22b3) x 5 0x00000000
core   0: 0x80009488 (0x00008425) c.srai  s0, 9
core   0: 3 0x80009488 (0x8425) x 8 0xffffffff
core   0: 0x8000948a (0x00008dcd) c.or    a1, a1
core   0: 3 0x8000948a (0x8dcd) x11 0x00000120
core   0: 0x8000948c (0xf4cfed93) ori     s11, t6, -180
core   0: 3 0x8000948c (0xf4cfed93) x27 0xffffffed
core   0: 0x80009490 (0xe649a913) slti    s2, s3, -412
core   0: 3 0x80009490 (0xe649a913) x18 0x00000000
core   0: 0x80009494 (0x00000b41) c.addi  s6, 16
core   0: 3 0x80009494 (0x0b41) x22 0xa6c5ebbf
core   0: 0x80009496 (0x402e5913) srai    s2, t3, 2
core   0: 3 0x80009496 (0x402e5913) x18 0x00000000
core   0: 0x8000949a (0x00001b18) c.addi4spn a4, sp, 432
core   0: 3 0x8000949a (0x1b18) x14 0xd93c7650
core   0: 0x8000949c (0x00006149) c.addi16sp sp, 144
core   0: 3 0x8000949c (0x6149) x 2 0xd93c7530
core   0: 0x8000949e (0x000053fd) c.li    t2, -1
core   0: 3 0x8000949e (0x53fd) x 7 0xffffffff
core   0: 0x800094a0 (0xf1ace913) ori     s2, s9, -230
core   0: 3 0x800094a0 (0xf1ace913) x18 0xffffff1a
core   0: 0x800094a4 (0x01501593) slli    a1, zero, 21
core   0: 3 0x800094a4 (0x01501593) x11 0x00000000
core   0: 0x800094a8 (0x01ae6a33) or      s4, t3, s10
core   0: 3 0x800094a8 (0x01ae6a33) x20 0x00000d93
core   0: 0x800094ac (0x012092b3) sll     t0, ra, s2
core   0: 3 0x800094ac (0x012092b3) x 5 0x38000000
core   0: 0x800094b0 (0x03ee8fb3) mul     t6, t4, t5
core   0: 3 0x800094b0 (0x03ee8fb3) x31 0x00000000
core   0: 0x800094b4 (0x03448163) beq     s1, s4, pc + 34
core   0: 3 0x800094b4 (0x03448163)
core   0: 0x800094b8 (0x00008f45) c.or    a4, s1
core   0: 3 0x800094b8 (0x8f45) x14 0xffffffff
core   0: 0x800094ba (0x021c2e33) mulhsu  t3, s8, ra
core   0: 3 0x800094ba (0x021c2e33) x28 0xf9fd7c2d
core   0: 0x800094be (0x0000ec95) c.bnez  s1, pc + 60
core   0: 3 0x800094be (0xec95)
core   0: 0x800094fa (0x00de61b3) or      gp, t3, a3
core   0: 3 0x800094fa (0x00de61b3) x 3 0xf9fd7eed
core   0: 0x800094fe (0x0100df13) srli    t5, ra, 16
core   0: 3 0x800094fe (0x0100df13) x30 0x000026c3
core   0: 0x80009502 (0x000060ed) c.lui   ra, 0x1b
core   0: 3 0x80009502 (0x60ed) x 1 0x0001b000
core   0: 0x80009504 (0x001bc3b3) xor     t2, s7, ra
core   0: 3 0x80009504 (0x001bc3b3) x 7 0x0001b000
core   0: 0x80009508 (0x010e9f33) sll     t5, t4, a6
core   0: 3 0x80009508 (0x010e9f33) x30 0x00000000
core   0: 0x8000950c (0x038eea63) bltu    t4, s8, pc + 52
core   0: 3 0x8000950c (0x038eea63)
core   0: 0x80009540 (0x01b2d293) srli    t0, t0, 27
core   0: 3 0x80009540 (0x01b2d293) x 5 0x00000007
core   0: 0x80009544 (0xae016913) ori     s2, sp, -1312
core   0: 3 0x80009544 (0xae016913) x18 0xfffffff0
core   0: 0x80009548 (0x6d54bf13) sltiu   t5, s1, 1749
core   0: 3 0x80009548 (0x6d54bf13) x30 0x00000000
core   0: 0x8000954c (0x03f6fa33) remu    s4, a3, t6
core   0: 3 0x8000954c (0x03f6fa33) x20 0x000006e0
core   0: 0x80009550 (0x0191ef33) or      t5, gp, s9
core   0: 3 0x80009550 (0x0191ef33) x30 0xf9fd7eed
core   0: 0x80009554 (0x03bff833) remu    a6, t6, s11
core   0: 3 0x80009554 (0x03bff833) x16 0x00000000
core   0: 0x80009558 (0x00008f6d) c.and   a4, a1
core   0: 3 0x80009558 (0x8f6d) x14 0x00000000
core   0: 0x8000955a (0x0000127d) c.addi  tp, -1
core   0: 3 0x8000955a (0x127d) x 4 0x00011b6c
core   0: 0x8000955c (0x035301b3) mul     gp, t1, s5
core   0: 3 0x8000955c (0x035301b3) x 3 0x36da0000
core   0: 0x80009560 (0x00729b13) slli    s6, t0, 7
core   0: 3 0x80009560 (0x00729b13) x22 0x00000380
core   0: 0x80009564 (0xa8f92d93) slti    s11, s2, -1393
core   0: 3 0x80009564 (0xa8f92d93) x27 0x00000000
core   0: 0x80009568 (0x02c2e0b3) rem     ra, t0, a2
core   0: 3 0x80009568 (0x02c2e0b3) x 1 0x00000007
core   0: 0x8000956c (0xfa51a713) slti    a4, gp, -91
core   0: 3 0x8000956c (0xfa51a713) x14 0x00000000
core   0: 0x80009570 (0x00f5f6b3) and     a3, a1, a5
core   0: 3 0x80009570 (0x00f5f6b3) x13 0x00000000
core   0: 0x80009574 (0x00000001) c.nop
core   0: 3 0x80009574 (0x0001)
core   0: 0x80009576 (0x00006b09) c.lui   s6, 0x2
core   0: 3 0x80009576 (0x6b09) x22 0x00002000
core   0: 0x80009578 (0x354bea13) ori     s4, s7, 852
core   0: 3 0x80009578 (0x354bea13) x20 0x00000354
core   0: 0x8000957c (0x0db10113) addi    sp, sp, 219
core   0: 3 0x8000957c (0x0db10113) x 2 0xd93c760b
core   0: 0x80009580 (0x00001a08) c.addi4spn a0, sp, 304
core   0: 3 0x80009580 (0x1a08) x10 0xd93c773b
core   0: 0x80009582 (0x0000e189) c.bnez  a1, pc + 2
core   0: 3 0x80009582 (0xe189)
core   0: 0x80009584 (0xff06f697) auipc   a3, 0xff06f
core   0: 3 0x80009584 (0xff06f697) x13 0x7f078584
core   0: 0x80009588 (0x03ba7f63) bgeu    s4, s11, pc + 62
core   0: 3 0x80009588 (0x03ba7f63)
core   0: 0x800095c6 (0x00008f3d) c.xor   a4, a5
core   0: 3 0x800095c6 (0x8f3d) x14 0x80025e64
core   0: 0x800095c8 (0x03a8fb63) bgeu    a7, s10, pc + 54
core   0: 3 0x800095c8 (0x03a8fb63)
core   0: 0x800095fe (0xe9448c93) addi    s9, s1, -364
core   0: 3 0x800095fe (0xe9448c93) x25 0xfffffe93
core   0: 0x80009602 (0x00000918) c.addi4spn a4, sp, 144
core   0: 3 0x80009602 (0x0918) x14 0xd93c769b
core   0: 0x80009604 (0x0000e69d) c.bnez  a3, pc + 46
core   0: 3 0x80009604 (0xe69d)
core   0: 0x80009632 (0x00008272) c.mv    tp, t3
core   0: 3 0x80009632 (0x8272) x 4 0xf9fd7c2d
core   0: 0x80009634 (0x01510963) beq     sp, s5, pc + 18
core   0: 3 0x80009634 (0x01510963)
core   0: 0x80009638 (0xfb5fed93) ori     s11, t6, -75
core   0: 3 0x80009638 (0xfb5fed93) x27 0xffffffb5
core   0: 0x8000963c (0x00006fad) c.lui   t6, 0xb
core   0: 3 0x8000963c (0x6fad) x31 0x0000b000
core   0: 0x8000963e (0x1a6dec93) ori     s9, s11, 422
core   0: 3 0x8000963e (0x1a6dec93) x25 0xffffffb7
core   0: 0x80009642 (0xb14d4313) xori    t1, s10, -1260
core   0: 3 0x80009642 (0xb14d4313) x 6 0xfffff687
core   0: 0x80009646 (0x00000001) c.nop
core   0: 3 0x80009646 (0x0001)
core   0: 0x80009648 (0x018f7ab3) and     s5, t5, s8
core   0: 3 0x80009648 (0x018f7ab3) x21 0xd84d02c0
core   0: 0x8000964c (0x019a7263) bgeu    s4, s9, pc + 4
core   0: 3 0x8000964c (0x019a7263)
core   0: 0x80009650 (0x00009bb2) c.add   s7, a2
core   0: 3 0x80009650 (0x9bb2) x23 0x80029ce4
core   0: 0x80009652 (0x00008535) c.srai  a0, 13
core   0: 3 0x80009652 (0x8535) x10 0xfffec9e3
core   0: 0x80009654 (0x0000045e) c.slli  s0, 23
core   0: 3 0x80009654 (0x045e) x 8 0xff800000
core   0: 0x80009656 (0x011ed863) bge     t4, a7, pc + 16
core   0: 3 0x80009656 (0x011ed863)
core   0: 0x8000965a (0x00008769) c.srai  a4, 26
core   0: 3 0x8000965a (0x8769) x14 0xfffffff6
core   0: 0x8000965c (0x00000001) c.nop
core   0: 3 0x8000965c (0x0001)
core   0: 0x8000965e (0x00008ead) c.xor   a3, a1
core   0: 3 0x8000965e (0x8ead) x13 0x7f078584
core   0: 0x80009660 (0x00008019) c.srli  s0, 6
core   0: 3 0x80009660 (0x8019) x 8 0x03fe0000
core   0: 0x80009662 (0x529e4f93) xori    t6, t3, 1321
core   0: 3 0x80009662 (0x529e4f93) x31 0xf9fd7904
core   0: 0x80009666 (0x01018233) add     tp, gp, a6
core   0: 3 0x80009666 (0x01018233) x 4 0x36da0000
core   0: 0x8000966a (0x025fb9b3) mulhu   s3, t6, t0
core   0: 3 0x8000966a (0x025fb9b3) x19 0x00000006
core   0: 0x8000966e (0x00008ec1) c.or    a3, s0
core   0: 3 0x8000966e (0x8ec1) x13 0x7fff8584
core   0: 0x80009670 (0x017243b3) xor     t2, tp, s7
core   0: 3 0x80009670 (0x017243b3) x 7 0xb6d89ce4
core   0: 0x80009674 (0x00fc1933) sll     s2, s8, a5
core   0: 3 0x80009674 (0x00fc1933) x18 0x84f83c20
core   0: 0x80009678 (0x028cfa33) remu    s4, s9, s0
core   0: 3 0x80009678 (0x028cfa33) x20 0x007fffb7
core   0: 0x8000967c (0x00221b93) slli    s7, tp, 2
core   0: 3 0x8000967c (0x00221b93) x23 0xdb680000
core   0: 0x80009680 (0xf0e42213) slti    tp, s0, -242
core   0: 3 0x80009680 (0xf0e42213) x 4 0x00000000
core   0: 0x80009684 (0x000002a6) c.slli  t0, 9
core   0: 3 0x80009684 (0x02a6) x 5 0x00000e00
core   0: 0x80009686 (0x00000c14) c.addi4spn a3, sp, 528
core   0: 3 0x80009686 (0x0c14) x13 0xd93c781b
core   0: 0x80009688 (0x00749fb3) sll     t6, s1, t2
core   0: 3 0x80009688 (0x00749fb3) x31 0xfffffff0
core   0: 0x8000968c (0x0000612d) c.addi16sp sp, 224
core   0: 3 0x8000968c (0x612d) x 2 0xd93c76eb
core   0: 0x8000968e (0x010c44b3) xor     s1, s8, a6
core   0: 3 0x8000968e (0x010c44b3) x 9 0xd84f83c2
core   0: 0x80009692 (0x000069c5) c.lui   s3, 0x11
core   0: 3 0x80009692 (0x69c5) x19 0x00011000
core   0: 0x80009694 (0x0317d433) divu    s0, a5, a7
core   0: 3 0x80009694 (0x0317d433) x 8 0x00000001
core   0: 0x80009698 (0x40fd8ab3) sub     s5, s11, a5
core   0: 3 0x80009698 (0x40fd8ab3) x21 0x7ffda151
core   0: 0x8000969c (0x0000849d) c.srai  s1, 7
core   0: 3 0x8000969c (0x849d) x 9 0xffb09f07
core   0: 0x8000969e (0x4d4d4a97) auipc   s5, 0x4d4d4
core   0: 3 0x8000969e (0x4d4d4a97) x21 0xcd4dd69e
core   0: 0x800096a2 (0x20ebca93) xori    s5, s7, 526
core   0: 3 0x800096a2 (0x20ebca93) x21 0xdb68020e
core   0: 0x800096a6 (0xee2e7717) auipc   a4, 0xee2e7
core   0: 3 0x800096a6 (0xee2e7717) x14 0x6e2f06a6
core   0: 0x800096aa (0x0000100f) fence.i
core   0: 3 0x800096aa (0x0000100f)
core   0: 0x800096ae (0x00008e91) c.sub   a3, a2
core   0: 3 0x800096ae (0x8e91) x13 0x5939db37
core   0: 0x800096b0 (0xa4ee6913) ori     s2, t3, -1458
core   0: 3 0x800096b0 (0xa4ee6913) x18 0xfffffe6f
core   0: 0x800096b4 (0x68cde213) ori     tp, s11, 1676
core   0: 3 0x800096b4 (0x68cde213) x 4 0xffffffbd
core   0: 0x800096b8 (0x0148dc93) srli    s9, a7, 20
core   0: 3 0x800096b8 (0x0148dc93) x25 0x00000593
core   0: 0x800096bc (0x00ae06b3) add     a3, t3, a0
core   0: 3 0x800096bc (0x00ae06b3) x13 0xf9fc4610
core   0: 0x800096c0 (0x0000ec99) c.bnez  s1, pc + 30
core   0: 3 0x800096c0 (0xec99)
core   0: 0x800096de (0x003000b3) add     ra, zero, gp
core   0: 3 0x800096de (0x003000b3) x 1 0x36da0000
core   0: 0x800096e2 (0x00c99663) bne     s3, a2, pc + 12
core   0: 3 0x800096e2 (0x00c99663)
core   0: 0x800096ee (0x00859e13) slli    t3, a1, 8
core   0: 3 0x800096ee (0x00859e13) x28 0x00000000
core   0: 0x800096f2 (0x03c435b3) mulhu   a1, s0, t3
core   0: 3 0x800096f2 (0x03c435b3) x11 0x00000000
core   0: 0x800096f6 (0x031f1ab3) mulh    s5, t5, a7
core   0: 3 0x800096f6 (0x031f1ab3) x21 0xfde7a618
core   0: 0x800096fa (0x00000001) c.nop
core   0: 3 0x800096fa (0x0001)
core   0: 0x800096fc (0x0000610d) c.addi16sp sp, 160
core   0: 3 0x800096fc (0x610d) x 2 0xd93c778b
core   0: 0x800096fe (0x03e3f2b3) remu    t0, t2, t5
core   0: 3 0x800096fe (0x03e3f2b3) x 5 0xb6d89ce4
core   0: 0x80009702 (0x0050b733) sltu    a4, ra, t0
core   0: 3 0x80009702 (0x0050b733) x14 0x00000001
core   0: 0x80009706 (0x0000eb1d) c.bnez  a4, pc + 54
core   0: 3 0x80009706 (0xeb1d)
core   0: 0x8000973c (0x5779ad13) slti    s10, s3, 1399
core   0: 3 0x8000973c (0x5779ad13) x26 0x00000000
core   0: 0x80009740 (0x00008c8d) c.sub   s1, a1
core   0: 3 0x80009740 (0x8c8d) x 9 0xffb09f07
core   0: 0x80009742 (0x0000717d) c.addi16sp sp, -16
core   0: 3 0x80009742 (0x717d) x 2 0xd93c777b
core   0: 0x80009744 (0x00008015) c.srli  s0, 5
core   0: 3 0x80009744 (0x8015) x 8 0x00000000
core   0: 0x80009746 (0x00009a4a) c.add   s4, s2
core   0: 3 0x80009746 (0x9a4a) x20 0x007ffe26
core   0: 0x80009748 (0x00008dcd) c.or    a1, a1
core   0: 3 0x80009748 (0x8dcd) x11 0x00000000
core   0: 0x8000974a (0xcdc00c93) li      s9, -804
core   0: 3 0x8000974a (0xcdc00c93) x25 0xfffffcdc
core   0: 0x8000974e (0x00000001) c.nop
core   0: 3 0x8000974e (0x0001)
core   0: 0x80009750 (0x00000001) c.nop
core   0: 3 0x80009750 (0x0001)
core   0: 0x80009752 (0x022e93b3) mulh    t2, t4, sp
core   0: 3 0x80009752 (0x022e93b3) x 7 0x00000000
core   0: 0x80009756 (0x1746c237) lui     tp, 0x1746c
core   0: 3 0x80009756 (0x1746c237) x 4 0x1746c000
core   0: 0x8000975a (0x03346cb3) rem     s9, s0, s3
core   0: 3 0x8000975a (0x03346cb3) x25 0x00000000
core   0: 0x8000975e (0x0312f3b3) remu    t2, t0, a7
core   0: 3 0x8000975e (0x0312f3b3) x 7 0x045a79ba
core   0: 0x80009762 (0x01bacb33) xor     s6, s5, s11
core   0: 3 0x80009762 (0x01bacb33) x22 0x021859ad
core   0: 0x80009766 (0x018693b3) sll     t2, a3, s8
core   0: 3 0x80009766 (0x018693b3) x 7 0xe7f11840
core   0: 0x8000976a (0x000082ae) c.mv    t0, a1
core   0: 3 0x8000976a (0x82ae) x 5 0x00000000
core   0: 0x8000976c (0x01de2db3) slt     s11, t3, t4
core   0: 3 0x8000976c (0x01de2db3) x27 0x00000000
core   0: 0x80009770 (0x00008dd5) c.or    a1, a3
core   0: 3 0x80009770 (0x8dd5) x11 0xf9fc4610
core   0: 0x80009772 (0x0395f663) bgeu    a1, s9, pc + 44
core   0: 3 0x80009772 (0x0395f663)
core   0: 0x8000979e (0xb0507c17) auipc   s8, 0xb0507
core   0: 3 0x8000979e (0xb0507c17) x24 0x3051079e
core   0: 0x800097a2 (0x00008859) c.andi  s0, 22
core   0: 3 0x800097a2 (0x8859) x 8 0x00000000
core   0: 0x800097a4 (0x00deec33) or      s8, t4, a3
core   0: 3 0x800097a4 (0x00deec33) x24 0xf9fc4610
core   0: 0x800097a8 (0x019fbdb3) sltu    s11, t6, s9
core   0: 3 0x800097a8 (0x019fbdb3) x27 0x00000000
core   0: 0x800097ac (0x80093d93) sltiu   s11, s2, -2048
core   0: 3 0x800097ac (0x80093d93) x27 0x00000000
core   0: 0x800097b0 (0x039e6933) rem     s2, t3, s9
core   0: 3 0x800097b0 (0x039e6933) x18 0x00000000
core   0: 0x800097b4 (0x00357733) and     a4, a0, gp
core   0: 3 0x800097b4 (0x00357733) x14 0x36da0000
core   0: 0x800097b8 (0x02b4ce33) div     t3, s1, a1
core   0: 3 0x800097b8 (0x02b4ce33) x28 0x00000000
core   0: 0x800097bc (0x00000d0a) c.slli  s10, 2
core   0: 3 0x800097bc (0x0d0a) x26 0x00000000
core   0: 0x800097be (0x0000816d) c.srli  a0, 27
core   0: 3 0x800097be (0x816d) x10 0x0000001f
core   0: 0x800097c0 (0x00006151) c.addi16sp sp, 272
core   0: 3 0x800097c0 (0x6151) x 2 0xd93c788b
core   0: 0x800097c2 (0x00008c1d) c.sub   s0, a5
core   0: 3 0x800097c2 (0x8c1d) x 8 0x7ffda19c
core   0: 0x800097c4 (0x00008b71) c.andi  a4, 28
core   0: 3 0x800097c4 (0x8b71) x14 0x00000000
core   0: 0x800097c6 (0x02496c63) bltu    s2, tp, pc + 56
core   0: 3 0x800097c6 (0x02496c63)
core   0: 0x800097fe (0x0000cd95) c.beqz  a1, pc + 60
core   0: 3 0x800097fe (0xcd95)
core   0: 0x80009800 (0x41215733) sra     a4, sp, s2
core   0: 3 0x80009800 (0x41215733) x14 0xd93c788b
core   0: 0x80009804 (0xd9e20d37) lui     s10, 0xd9e20
core   0: 3 0x80009804 (0xd9e20d37) x26 0xd9e20000
core   0: 0x80009808 (0x64a9eb13) ori     s6, s3, 1610
core   0: 3 0x80009808 (0x64a9eb13) x22 0x0001164a
core   0: 0x8000980c (0x0ff0000f) fence   iorw,iorw
core   0: 3 0x8000980c (0x0ff0000f)
core   0: 0x80009810 (0x015b4e63) blt     s6, s5, pc + 28
core   0: 3 0x80009810 (0x015b4e63)
core   0: 0x80009814 (0x0668a693) slti    a3, a7, 102
core   0: 3 0x80009814 (0x0668a693) x13 0x00000000
core   0: 0x80009818 (0x0035e263) bltu    a1, gp, pc + 4
core   0: 3 0x80009818 (0x0035e263)
core   0: 0x8000981c (0x000052fd) c.li    t0, -1
core   0: 3 0x8000981c (0x52fd) x 5 0xffffffff
core   0: 0x8000981e (0x0ff0000f) fence   iorw,iorw
core   0: 3 0x8000981e (0x0ff0000f)
core   0: 0x80009822 (0x00e35713) srli    a4, t1, 14
core   0: 3 0x80009822 (0x00e35713) x14 0x0003ffff
core   0: 0x80009826 (0x0000616d) c.addi16sp sp, 240
core   0: 3 0x80009826 (0x616d) x 2 0xd93c797b
core   0: 0x80009828 (0x003fb9b3) sltu    s3, t6, gp
core   0: 3 0x80009828 (0x003fb9b3) x19 0x00000000
core   0: 0x8000982c (0x0000ec1d) c.bnez  s0, pc + 62
core   0: 3 0x8000982c (0xec1d)
core   0: 0x8000986a (0x000082b9) c.srli  a3, 14
core   0: 3 0x8000986a (0x82b9) x13 0x00000000
core   0: 0x8000986c (0x0252c333) div     t1, t0, t0
core   0: 3 0x8000986c (0x0252c333) x 6 0x00000001
core   0: 0x80009870 (0x034ffab7) lui     s5, 0x34ff
core   0: 3 0x80009870 (0x034ffab7) x21 0x034ff000
core   0: 0x80009874 (0x00009e66) c.add   t3, s9
core   0: 3 0x80009874 (0x9e66) x28 0x00000000
core   0: 0x80009876 (0x00000001) c.nop
core   0: 3 0x80009876 (0x0001)
core   0: 0x80009878 (0x0000717d) c.addi16sp sp, -16
core   0: 3 0x80009878 (0x717d) x 2 0xd93c796b
core   0: 0x8000987a (0x00dad8b3) srl     a7, s5, a3
core   0: 3 0x8000987a (0x00dad8b3) x17 0x034ff000
core   0: 0x8000987e (0x000014fd) c.addi  s1, -1
core   0: 3 0x8000987e (0x14fd) x 9 0xffb09f06
core   0: 0x80009880 (0x001bd113) srli    sp, s7, 1
core   0: 3 0x80009880 (0x001bd113) x 2 0x6db40000
core   0: 0x80009884 (0x0000848d) c.srai  s1, 3
core   0: 3 0x80009884 (0x848d) x 9 0xfff613e0
core   0: 0x80009886 (0x0300e033) rem     zero, ra, a6
core   0: 3 0x80009886 (0x0300e033)
core   0: 0x8000988a (0x0000693d) c.lui   s2, 0xf
core   0: 3 0x8000988a (0x693d) x18 0x0000f000
core   0: 0x8000988c (0x007695b3) sll     a1, a3, t2
core   0: 3 0x8000988c (0x007695b3) x11 0x00000000
core   0: 0x80009890 (0x00008ab5) c.andi  a3, 13
core   0: 3 0x80009890 (0x8ab5) x13 0x00000000
core   0: 0x80009892 (0x01cc5313) srli    t1, s8, 28
core   0: 3 0x80009892 (0x01cc5313) x 6 0x0000000f
core   0: 0x80009896 (0x02e96363) bltu    s2, a4, pc + 38
core   0: 3 0x80009896 (0x02e96363)
core   0: 0x800098bc (0x011b8433) add     s0, s7, a7
core   0: 3 0x800098bc (0x011b8433) x 8 0xdeb7f000
core   0: 0x800098c0 (0x412b5433) sra     s0, s6, s2
core   0: 3 0x800098c0 (0x412b5433) x 8 0x0001164a
core   0: 0x800098c4 (0x0170f0b3) and     ra, ra, s7
core   0: 3 0x800098c4 (0x0170f0b3) x 1 0x12480000
core   0: 0x800098c8 (0x00008c75) c.and   s0, a3
core   0: 3 0x800098c8 (0x8c75) x 8 0x00000000
core   0: 0x800098ca (0x001e8e63) beq     t4, ra, pc + 28
core   0: 3 0x800098ca (0x001e8e63)
core   0: 0x800098ce (0x0000100f) fence.i
core   0: 3 0x800098ce (0x0000100f)
core   0: 0x800098d2 (0x00008d99) c.sub   a1, a4
core   0: 3 0x800098d2 (0x8d99) x11 0xfffc0001
core   0: 0x800098d4 (0x000096b6) c.add   a3, a3
core   0: 3 0x800098d4 (0x96b6) x13 0x00000000
core   0: 0x800098d6 (0x01e40663) beq     s0, t5, pc + 12
core   0: 3 0x800098d6 (0x01e40663)
core   0: 0x800098da (0x4059da93) srai    s5, s3, 5
core   0: 3 0x800098da (0x4059da93) x21 0x00000000
core   0: 0x800098de (0x010e4cb3) xor     s9, t3, a6
core   0: 3 0x800098de (0x010e4cb3) x25 0x00000000
core   0: 0x800098e2 (0x019bc533) xor     a0, s7, s9
core   0: 3 0x800098e2 (0x019bc533) x10 0xdb680000
core   0: 0x800098e6 (0x00110533) add     a0, sp, ra
core   0: 3 0x800098e6 (0x00110533) x10 0x7ffc0000
core   0: 0x800098ea (0x03fdc1b3) div     gp, s11, t6
core   0: 3 0x800098ea (0x03fdc1b3) x 3 0x00000000
core   0: 0x800098ee (0x003d8433) add     s0, s11, gp
core   0: 3 0x800098ee (0x003d8433) x 8 0x00000000
core   0: 0x800098f2 (0x387c2093) slti    ra, s8, 903
core   0: 3 0x800098f2 (0x387c2093) x 1 0x00000001
core   0: 0x800098f6 (0x03bed1b3) divu    gp, t4, s11
core   0: 3 0x800098f6 (0x03bed1b3) x 3 0xffffffff
core   0: 0x800098fa (0xda386713) ori     a4, a6, -605
core   0: 3 0x800098fa (0xda386713) x14 0xfffffda3
core   0: 0x800098fe (0x009610b3) sll     ra, a2, s1
core   0: 3 0x800098fe (0x009610b3) x 1 0x80029ce4
core   0: 0x80009902 (0x00b0fa33) and     s4, ra, a1
core   0: 3 0x80009902 (0x00b0fa33) x20 0x80000000
core   0: 0x80009906 (0x0000871e) c.mv    a4, t2
core   0: 3 0x80009906 (0x871e) x14 0xe7f11840
core   0: 0x80009908 (0x22176293) ori     t0, a4, 545
core   0: 3 0x80009908 (0x22176293) x 5 0xe7f11a61
core   0: 0x8000990c (0xfbd93393) sltiu   t2, s2, -67
core   0: 3 0x8000990c (0xfbd93393) x 7 0x00000001
core   0: 0x80009910 (0x00008ec5) c.or    a3, s1
core   0: 3 0x80009910 (0x8ec5) x13 0xfff613e0
core   0: 0x80009912 (0x00000e25) c.addi  t3, 9
core   0: 3 0x80009912 (0x0e25) x28 0x00000009
core   0: 0x80009914 (0xd05ef913) andi    s2, t4, -763
core   0: 3 0x80009914 (0xd05ef913) x18 0x00000000
core   0: 0x80009918 (0x000044a5) c.li    s1, 9
core   0: 3 0x80009918 (0x44a5) x 9 0x00000009
core   0: 0x8000991a (0x00218033) add     zero, gp, sp
core   0: 3 0x8000991a (0x00218033)
core   0: 0x8000991e (0x035bc333) div     t1, s7, s5
core   0: 3 0x8000991e (0x035bc333) x 6 0xffffffff
core   0: 0x80009922 (0x00008dfd) c.and   a1, a5
core   0: 3 0x80009922 (0x8dfd) x11 0x80000000
core   0: 0x80009924 (0x0ff0000f) fence   iorw,iorw
core   0: 3 0x80009924 (0x0ff0000f)
core   0: 0x80009928 (0x000081f9) c.srli  a1, 30
core   0: 3 0x80009928 (0x81f9) x11 0x00000002
core   0: 0x8000992a (0xf1e93113) sltiu   sp, s2, -226
core   0: 3 0x8000992a (0xf1e93113) x 2 0x00000001
core   0: 0x8000992e (0x000045ad) c.li    a1, 11
core   0: 3 0x8000992e (0x45ad) x11 0x0000000b
core   0: 0x80009930 (0x0000e515) c.bnez  a0, pc + 44
core   0: 3 0x80009930 (0xe515)
core   0: 0x8000995c (0x00d71e63) bne     a4, a3, pc + 28
core   0: 3 0x8000995c (0x00d71e63)
core   0: 0x80009978 (0x0000100f) fence.i
core   0: 3 0x80009978 (0x0000100f)
core   0: 0x8000997c (0x03505a63) bge     zero, s5, pc + 52
core   0: 3 0x8000997c (0x03505a63)
core   0: 0x800099b0 (0x00008371) c.srli  a4, 28
core   0: 3 0x800099b0 (0x8371) x14 0x0000000e
core   0: 0x800099b2 (0x00006e69) c.lui   t3, 0x1a
core   0: 3 0x800099b2 (0x6e69) x28 0x0001a000
core   0: 0x800099b4 (0x00001e98) c.addi4spn a4, sp, 880
core   0: 3 0x800099b4 (0x1e98) x14 0x00000371
core   0: 0x800099b6 (0x02c1d563) bge     gp, a2, pc + 42
core   0: 3 0x800099b6 (0x02c1d563)
core   0: 0x800099e0 (0x00ef8bb3) add     s7, t6, a4
core   0: 3 0x800099e0 (0x00ef8bb3) x23 0x00000361
core   0: 0x800099e4 (0x000063e9) c.lui   t2, 0x1a
core   0: 3 0x800099e4 (0x63e9) x 7 0x0001a000
core   0: 0x800099e6 (0x00000991) c.addi  s3, 4
core   0: 3 0x800099e6 (0x0991) x19 0x00000004
core   0: 0x800099e8 (0x00e49d93) slli    s11, s1, 14
core   0: 3 0x800099e8 (0x00e49d93) x27 0x00024000
core   0: 0x800099ec (0x00006165) c.addi16sp sp, 112
core   0: 3 0x800099ec (0x6165) x 2 0x00000071
core   0: 0x800099ee (0x039aee33) rem     t3, s5, s9
core   0: 3 0x800099ee (0x039aee33) x28 0x00000000
core   0: 0x800099f2 (0x000086a9) c.srai  a3, 10
core   0: 3 0x800099f2 (0x86a9) x13 0xfffffd84
core   0: 0x800099f4 (0x00000001) c.nop
core   0: 3 0x800099f4 (0x0001)
core   0: 0x800099f6 (0x76a5ef93) ori     t6, a1, 1898
core   0: 3 0x800099f6 (0x76a5ef93) x31 0x0000076b
core   0: 0x800099fa (0x0000912a) c.add   sp, a0
core   0: 3 0x800099fa (0x912a) x 2 0x7ffc0071
core   0: 0x800099fc (0x00008ea9) c.xor   a3, a0
core   0: 3 0x800099fc (0x8ea9) x13 0x8003fd84
core   0: 0x800099fe (0x0000100f) fence.i
core   0: 3 0x800099fe (0x0000100f)
core   0: 0x80009a02 (0x0000c009) c.beqz  s0, pc + 2
core   0: 3 0x80009a02 (0xc009)
core   0: 0x80009a04 (0x0196ebb3) or      s7, a3, s9
core   0: 3 0x80009a04 (0x0196ebb3) x23 0x8003fd84
core   0: 0x80009a08 (0x40105433) sra     s0, zero, ra
core   0: 3 0x80009a08 (0x40105433) x 8 0x00000000
core   0: 0x80009a0c (0xb626e297) auipc   t0, 0xb626e
core   0: 3 0x80009a0c (0xb626e297) x 5 0x36277a0c
core   0: 0x80009a10 (0x687dc713) xori    a4, s11, 1671
core   0: 3 0x80009a10 (0x687dc713) x14 0x00024687
core   0: 0x80009a14 (0x00001684) c.addi4spn s1, sp, 864
core   0: 3 0x80009a14 (0x1684) x 9 0x7ffc03d1
core   0: 0x80009a16 (0x014eee63) bltu    t4, s4, pc + 28
core   0: 3 0x80009a16 (0x014eee63)
core   0: 0x80009a32 (0x54daa693) slti    a3, s5, 1357
core   0: 3 0x80009a32 (0x54daa693) x13 0x00000001
core   0: 0x80009a36 (0x00008b49) c.andi  a4, 18
core   0: 3 0x80009a36 (0x8b49) x14 0x00000002
core   0: 0x80009a38 (0x8446b213) sltiu   tp, a3, -1980
core   0: 3 0x80009a38 (0x8446b213) x 4 0x00000001
core   0: 0x80009a3c (0x00009bce) c.add   s7, s3
core   0: 3 0x80009a3c (0x9bce) x23 0x8003fd88
core   0: 0x80009a3e (0x0259f033) remu    zero, s3, t0
core   0: 3 0x80009a3e (0x0259f033)
core   0: 0x80009a42 (0x001b1263) bne     s6, ra, pc + 4
core   0: 3 0x80009a42 (0x001b1263)
core   0: 0x80009a46 (0x01fa4333) xor     t1, s4, t6
core   0: 3 0x80009a46 (0x01fa4333) x 6 0x8000076b
core   0: 0x80009a4a (0x00008d95) c.sub   a1, a3
core   0: 3 0x80009a4a (0x8d95) x11 0x0000000a
core   0: 0x80009a4c (0x00008f41) c.or    a4, s0
core   0: 3 0x80009a4c (0x8f41) x14 0x00000002
core   0: 0x80009a4e (0x0000100f) fence.i
core   0: 3 0x80009a4e (0x0000100f)
core   0: 0x80009a52 (0x0ff0000f) fence   iorw,iorw
core   0: 3 0x80009a52 (0x0ff0000f)
core   0: 0x80009a56 (0x00004419) c.li    s0, 6
core   0: 3 0x80009a56 (0x4419) x 8 0x00000006
core   0: 0x80009a58 (0x0000c999) c.beqz  a1, pc + 22
core   0: 3 0x80009a58 (0xc999)
core   0: 0x80009a5a (0x0000c2a1) c.beqz  a3, pc + 64
core   0: 3 0x80009a5a (0xc2a1)
core   0: 0x80009a5c (0x03213fb3) mulhu   t6, sp, s2
core   0: 3 0x80009a5c (0x03213fb3) x31 0x00000000
core   0: 0x80009a60 (0x0ff0000f) fence   iorw,iorw
core   0: 3 0x80009a60 (0x0ff0000f)
core   0: 0x80009a64 (0x0000030c) c.addi4spn a1, sp, 384
core   0: 3 0x80009a64 (0x030c) x11 0x7ffc01f1
core   0: 0x80009a66 (0x020872b3) remu    t0, a6, zero
core   0: 3 0x80009a66 (0x020872b3) x 5 0x00000000
core   0: 0x80009a6a (0x0224e9b3) rem     s3, s1, sp
core   0: 3 0x80009a6a (0x0224e9b3) x19 0x00000360
core   0: 0x80009a6e (0x016d1fb3) sll     t6, s10, s6
core   0: 3 0x80009a6e (0x016d1fb3) x31 0x88000000
core   0: 0x80009a72 (0x026f1833) mulh    a6, t5, t1
core   0: 3 0x80009a72 (0x026f1833) x16 0x0301405c
core   0: 0x80009a76 (0x78317f93) andi    t6, sp, 1923
core   0: 3 0x80009a76 (0x78317f93) x31 0x00000001
core   0: 0x80009a7a (0xc1d32193) slti    gp, t1, -995
core   0: 3 0x80009a7a (0xc1d32193) x 3 0x00000001
core   0: 0x80009a7e (0x0107db33) srl     s6, a5, a6
core   0: 3 0x80009a7e (0x0107db33) x22 0x00000008
core   0: 0x80009a82 (0x0000717d) c.addi16sp sp, -16
core   0: 3 0x80009a82 (0x717d) x 2 0x7ffc0061
core   0: 0x80009a84 (0x00008e91) c.sub   a3, a2
core   0: 3 0x80009a84 (0x8e91) x13 0x7ffd631d
core   0: 0x80009a86 (0x0000cf0d) c.beqz  a4, pc + 58
core   0: 3 0x80009a86 (0xcf0d)
core   0: 0x80009a88 (0x03161533) mulh    a0, a2, a7
core   0: 3 0x80009a88 (0x03161533) x10 0xfe5810a7
core   0: 0x80009a8c (0x00008edd) c.or    a3, a5
core   0: 3 0x80009a8c (0x8edd) x13 0xffff7f7d
core   0: 0x80009a8e (0x0ff0000f) fence   iorw,iorw
core   0: 3 0x80009a8e (0x0ff0000f)
core   0: 0x80009a92 (0x00000fae) c.slli  t6, 11
core   0: 3 0x80009a92 (0x0fae) x31 0x00000800
core   0: 0x80009a94 (0x02a02a33) mulhsu  s4, zero, a0
core   0: 3 0x80009a94 (0x02a02a33) x20 0x00000000
core   0: 0x80009a98 (0x00008ce5) c.and   s1, s1
core   0: 3 0x80009a98 (0x8ce5) x 9 0x7ffc03d1
core   0: 0x80009a9a (0x3bb10c13) addi    s8, sp, 955
core   0: 3 0x80009a9a (0x3bb10c13) x24 0x7ffc041c
core   0: 0x80009a9e (0x72e78293) addi    t0, a5, 1838
core   0: 3 0x80009a9e (0x72e78293) x 5 0x80026592
core   0: 0x80009aa2 (0x00cb9093) slli    ra, s7, 12
core   0: 3 0x80009aa2 (0x00cb9093) x 1 0x3fd88000
core   0: 0x80009aa6 (0x415dd0b3) sra     ra, s11, s5
core   0: 3 0x80009aa6 (0x415dd0b3) x 1 0x00024000
core   0: 0x80009aaa (0x00008759) c.srai  a4, 22
core   0: 3 0x80009aaa (0x8759) x14 0x00000000
core   0: 0x80009aac (0x0000c98d) c.beqz  a1, pc + 50
core   0: 3 0x80009aac (0xc98d)
core   0: 0x80009aae (0x2cfe7513) andi    a0, t3, 719
core   0: 3 0x80009aae (0x2cfe7513) x10 0x00000000
core   0: 0x80009ab2 (0x00691e13) slli    t3, s2, 6
core   0: 3 0x80009ab2 (0x00691e13) x28 0x00000000
core   0: 0x80009ab6 (0x00009ffe) c.add   t6, t6
core   0: 3 0x80009ab6 (0x9ffe) x31 0x00001000
core   0: 0x80009ab8 (0x0291b1b3) mulhu   gp, gp, s1
core   0: 3 0x80009ab8 (0x0291b1b3) x 3 0x00000000
core   0: 0x80009abc (0xedb33413) sltiu   s0, t1, -293
core   0: 3 0x80009abc (0xedb33413) x 8 0x00000001
core   0: 0x80009ac0 (0x031833b3) mulhu   t2, a6, a7
core   0: 3 0x80009ac0 (0x031833b3) x 7 0x0009f3f5
core   0: 0x80009ac4 (0x0000100f) fence.i
core   0: 3 0x80009ac4 (0x0000100f)
core   0: 0x80009ac8 (0x0373c5b3) div     a1, t2, s7
core   0: 3 0x80009ac8 (0x0373c5b3) x11 0x00000000
core   0: 0x80009acc (0x1a0f0993) addi    s3, t5, 416
core   0: 3 0x80009acc (0x1a0f0993) x19 0xf9fd808d
core   0: 0x80009ad0 (0x000086e5) c.srai  a3, 25
core   0: 3 0x80009ad0 (0x86e5) x13 0xffffffff
core   0: 0x80009ad2 (0x1ec36213) ori     tp, t1, 492
core   0: 3 0x80009ad2 (0x1ec36213) x 4 0x800007ef
core   0: 0x80009ad6 (0x00008741) c.srai  a4, 16
core   0: 3 0x80009ad6 (0x8741) x14 0x00000000
core   0: 0x80009ad8 (0x0166a933) slt     s2, a3, s6
core   0: 3 0x80009ad8 (0x0166a933) x18 0x00000001
core   0: 0x80009adc (0x0000876d) c.srai  a4, 27
core   0: 3 0x80009adc (0x876d) x14 0x00000000
core   0: 0x80009ade (0x4dd63337) lui     t1, 0x4dd63
core   0: 3 0x80009ade (0x4dd63337) x 6 0x4dd63000
core   0: 0x80009ae2 (0x0094c263) blt     s1, s1, pc + 4
core   0: 3 0x80009ae2 (0x0094c263)
core   0: 0x80009ae6 (0x00008de5) c.and   a1, s1
core   0: 3 0x80009ae6 (0x8de5) x11 0x00000000
core   0: 0x80009ae8 (0x01204fb3) xor     t6, zero, s2
core   0: 3 0x80009ae8 (0x01204fb3) x31 0x00000001
core   0: 0x80009aec (0x000081a9) c.srli  a1, 10
core   0: 3 0x80009aec (0x81a9) x11 0x00000000
core   0: 0x80009aee (0x0210b5b3) mulhu   a1, ra, ra
core   0: 3 0x80009aee (0x0210b5b3) x11 0x00000005
core   0: 0x80009af2 (0x0000e905) c.bnez  a0, pc + 48
core   0: 3 0x80009af2 (0xe905)
core   0: 0x80009af4 (0x00006159) c.addi16sp sp, 400
core   0: 3 0x80009af4 (0x6159) x 2 0x7ffc01f1
core   0: 0x80009af6 (0x0000c309) c.beqz  a4, pc + 2
core   0: 3 0x80009af6 (0xc309)
core   0: 0x80009af8 (0x006381b3) add     gp, t2, t1
core   0: 3 0x80009af8 (0x006381b3) x 3 0x4de023f5
core   0: 0x80009afc (0xd8573313) sltiu   t1, a4, -635
core   0: 3 0x80009afc (0xd8573313) x 6 0x00000001
core   0: 0x80009b00 (0xcad37f93) andi    t6, t1, -851
core   0: 3 0x80009b00 (0xcad37f93) x31 0x00000001
core   0: 0x80009b04 (0x011e0d63) beq     t3, a7, pc + 26
core   0: 3 0x80009b04 (0x011e0d63)
core   0: 0x80009b08 (0x03493d33) mulhu   s10, s2, s4
core   0: 3 0x80009b08 (0x03493d33) x26 0x00000000
core   0: 0x80009b0c (0x024efd33) remu    s10, t4, tp
core   0: 3 0x80009b0c (0x024efd33) x26 0x00000000
core   0: 0x80009b10 (0x41d0d733) sra     a4, ra, t4
core   0: 3 0x80009b10 (0x41d0d733) x14 0x00024000
core   0: 0x80009b14 (0x000082d1) c.srli  a3, 20
core   0: 3 0x80009b14 (0x82d1) x13 0x00000fff
core   0: 0x80009b16 (0x000060a1) c.lui   ra, 0x8
core   0: 3 0x80009b16 (0x60a1) x 1 0x00008000
core   0: 0x80009b18 (0x03357fb3) remu    t6, a0, s3
core   0: 3 0x80009b18 (0x03357fb3) x31 0x00000000
core   0: 0x80009b1c (0x00001288) c.addi4spn a0, sp, 352
core   0: 3 0x80009b1c (0x1288) x10 0x7ffc0351
core   0: 0x80009b1e (0x00000001) c.nop
core   0: 3 0x80009b1e (0x0001)
core   0: 0x80009b20 (0x00009422) c.add   s0, s0
core   0: 3 0x80009b20 (0x9422) x 8 0x00000002
core   0: 0x80009b22 (0xe96d7713) andi    a4, s10, -362
core   0: 3 0x80009b22 (0xe96d7713) x14 0x00000000
core   0: 0x80009b26 (0x03e74363) blt     a4, t5, pc + 38
core   0: 3 0x80009b26 (0x03e74363)
core   0: 0x80009b2a (0x000dea93) ori     s5, s11, 0
core   0: 3 0x80009b2a (0x000dea93) x21 0x00024000
core   0: 0x80009b2e (0x018e36b3) sltu    a3, t3, s8
core   0: 3 0x80009b2e (0x018e36b3) x13 0x00000001
core   0: 0x80009b32 (0x40fbd5b3) sra     a1, s7, a5
core   0: 3 0x80009b32 (0x40fbd5b3) x11 0xf8003fd8
core   0: 0x80009b36 (0x322a8a93) addi    s5, s5, 802
core   0: 3 0x80009b36 (0x322a8a93) x21 0x00024322
core   0: 0x80009b3a (0x00008dd1) c.or    a1, a2
core   0: 3 0x80009b3a (0x8dd1) x11 0xf802bffc
core   0: 0x80009b3c (0x00949c13) slli    s8, s1, 9
core   0: 3 0x80009b3c (0x00949c13) x24 0xf807a200
core   0: 0x80009b40 (0x000085b2) c.mv    a1, a2
core   0: 3 0x80009b40 (0x85b2) x11 0x80029ce4
core   0: 0x80009b42 (0x033fa1b3) mulhsu  gp, t6, s3
core   0: 3 0x80009b42 (0x033fa1b3) x 3 0x00000000
core   0: 0x80009b46 (0x00000115) c.addi  sp, 5
core   0: 3 0x80009b46 (0x0115) x 2 0x7ffc01f6
core   0: 0x80009b48 (0x017636b3) sltu    a3, a2, s7
core   0: 3 0x80009b48 (0x017636b3) x13 0x00000001
core   0: 0x80009b4c (0x0149b6b3) sltu    a3, s3, s4
core   0: 3 0x80009b4c (0x0149b6b3) x13 0x00000000
core   0: 0x80009b50 (0xd4a1c413) xori    s0, gp, -694
core   0: 3 0x80009b50 (0xd4a1c413) x 8 0xfffffd4a
core   0: 0x80009b54 (0x10fe9a63) bne     t4, a5, pc + 276
core   0: 3 0x80009b54 (0x10fe9a63)
core   0: 0x80009c68 (0x00000001) c.nop
core   0: 3 0x80009c68 (0x0001)
core   0: 0x80009c6a (0x00008d2d) c.xor   a0, a1
core   0: 3 0x80009c6a (0x8d2d) x10 0xfffe9fb5
core   0: 0x80009c6c (0x00b676b3) and     a3, a2, a1
core   0: 3 0x80009c6c (0x00b676b3) x13 0x80029ce4
core   0: 0x80009c70 (0x31879817) auipc   a6, 0x31879
core   0: 3 0x80009c70 (0x31879817) x16 0xb1882c70
core   0: 0x80009c74 (0x01dc1db3) sll     s11, s8, t4
core   0: 3 0x80009c74 (0x01dc1db3) x27 0xf807a200
core   0: 0x80009c78 (0x0375dd63) bge     a1, s7, pc + 58
core   0: 3 0x80009c78 (0x0375dd63)
core   0: 0x80009c7c (0x01996f33) or      t5, s2, s9
core   0: 3 0x80009c7c (0x01996f33) x30 0x00000001
core   0: 0x80009c80 (0x0108d433) srl     s0, a7, a6
core   0: 3 0x80009c80 (0x0108d433) x 8 0x0000034f
core   0: 0x80009c84 (0x03114233) div     tp, sp, a7
core   0: 3 0x80009c84 (0x03114233) x 4 0x00000026
core   0: 0x80009c88 (0x004b1693) slli    a3, s6, 4
core   0: 3 0x80009c88 (0x004b1693) x13 0x00000080
core   0: 0x80009c8c (0x01e80b63) beq     a6, t5, pc + 22
core   0: 3 0x80009c8c (0x01e80b63)
core   0: 0x80009c90 (0x0000100f) fence.i
core   0: 3 0x80009c90 (0x0000100f)
core   0: 0x80009c94 (0x00008ce6) c.mv    s9, s9
core   0: 3 0x80009c94 (0x8ce6) x25 0x00000000
core   0: 0x80009c96 (0x00008cad) c.xor   s1, a1
core   0: 3 0x80009c96 (0x8cad) x 9 0xfffe9f35
core   0: 0x80009c98 (0x03074963) blt     a4, a6, pc + 50
core   0: 3 0x80009c98 (0x03074963)
core   0: 0x80009c9c (0x40c9d6b3) sra     a3, s3, a2
core   0: 3 0x80009c9c (0x40c9d6b3) x13 0xff9fd808
core   0: 0x80009ca0 (0x00008efd) c.and   a3, a5
core   0: 3 0x80009ca0 (0x8efd) x13 0x80025800
core   0: 0x80009ca2 (0x00459e13) slli    t3, a1, 4
core   0: 3 0x80009ca2 (0x00459e13) x28 0x0029ce40
core   0: 0x80009ca6 (0x03c6a0b3) mulhsu  ra, a3, t3
core   0: 3 0x80009ca6 (0x03c6a0b3) x 1 0xffeb1941
core   0: 0x80009caa (0x40b803b3) sub     t2, a6, a1
core   0: 3 0x80009caa (0x40b803b3) x 7 0x31858f8c
core   0: 0x80009cae (0x0c61c413) xori    s0, gp, 198
core   0: 3 0x80009cae (0x0c61c413) x 8 0x000000c6
core   0: 0x80009cb2 (0x2e0bc313) xori    t1, s7, 736
core   0: 3 0x80009cb2 (0x2e0bc313) x 6 0x8003ff68
core   0: 0x80009cb6 (0x0000956a) c.add   a0, s10
core   0: 3 0x80009cb6 (0x956a) x10 0xfffe9fb5
core   0: 0x80009cb8 (0x027e1763) bne     t3, t2, pc + 46
core   0: 3 0x80009cb8 (0x027e1763)
core   0: 0x80009ce6 (0x01fecf33) xor     t5, t4, t6
core   0: 3 0x80009ce6 (0x01fecf33) x30 0x00000000
core   0: 0x80009cea (0x0229cb33) div     s6, s3, sp
core   0: 3 0x80009cea (0x0229cb33) x22 0x00000000
core   0: 0x80009cee (0x0307c6b3) div     a3, a5, a6
core   0: 3 0x80009cee (0x0307c6b3) x13 0x00000001
core   0: 0x80009cf2 (0x03125ab3) divu    s5, tp, a7
core   0: 3 0x80009cf2 (0x03125ab3) x21 0x00000000
core   0: 0x80009cf6 (0x03d52b33) mulhsu  s6, a0, t4
core   0: 3 0x80009cf6 (0x03d52b33) x22 0x00000000
core   0: 0x80009cfa (0x843a9497) auipc   s1, 0x843a9
core   0: 3 0x80009cfa (0x843a9497) x 9 0x043b2cfa
core   0: 0x80009cfe (0x00008079) c.srli  s0, 30
core   0: 3 0x80009cfe (0x8079) x 8 0x00000000
core   0: 0x80009d00 (0x034512b3) mulh    t0, a0, s4
core   0: 3 0x80009d00 (0x034512b3) x 5 0x00000000
core   0: 0x80009d04 (0x011ca033) slt     zero, s9, a7
core   0: 3 0x80009d04 (0x011ca033)
core   0: 0x80009d08 (0xccd8f493) andi    s1, a7, -819
core   0: 3 0x80009d08 (0xccd8f493) x 9 0x034ff000
core   0: 0x80009d0c (0x00006b15) c.lui   s6, 0x5
core   0: 3 0x80009d0c (0x6b15) x22 0x00005000
core   0: 0x80009d0e (0x0ff0000f) fence   iorw,iorw
core   0: 3 0x80009d0e (0x0ff0000f)
core   0: 0x80009d12 (0x39217013) andi    zero, sp, 914
core   0: 3 0x80009d12 (0x39217013)
core   0: 0x80009d16 (0x00008c11) c.sub   s0, a2
core   0: 3 0x80009d16 (0x8c11) x 8 0x7ffd631c
core   0: 0x80009d18 (0x00b304b3) add     s1, t1, a1
core   0: 3 0x80009d18 (0x00b304b3) x 9 0x00069c4c
core   0: 0x80009d1c (0x00008dc1) c.or    a1, s0
core   0: 3 0x80009d1c (0x8dc1) x11 0xfffffffc
core   0: 0x80009d1e (0x0376d763) bge     a3, s7, pc + 46
core   0: 3 0x80009d1e (0x0376d763)
core   0: 0x80009d4c (0x022c93b3) mulh    t2, s9, sp
core   0: 3 0x80009d4c (0x022c93b3) x 7 0x00000000
core   0: 0x80009d50 (0x00008e8d) c.sub   a3, a1
core   0: 3 0x80009d50 (0x8e8d) x13 0x00000005
core   0: 0x80009d52 (0x7292a313) slti    t1, t0, 1833
core   0: 3 0x80009d52 (0x7292a313) x 6 0x00000001
core   0: 0x80009d56 (0x0000852e) c.mv    a0, a1
core   0: 3 0x80009d56 (0x852e) x10 0xfffffffc
core   0: 0x80009d58 (0x01fb75b3) and     a1, s6, t6
core   0: 3 0x80009d58 (0x01fb75b3) x11 0x00000000
core   0: 0x80009d5c (0x00a81663) bne     a6, a0, pc + 12
core   0: 3 0x80009d5c (0x00a81663)
core   0: 0x80009d68 (0x01289133) sll     sp, a7, s2
core   0: 3 0x80009d68 (0x01289133) x 2 0x069fe000
core   0: 0x80009d6c (0x00001598) c.addi4spn a4, sp, 736
core   0: 3 0x80009d6c (0x1598) x14 0x069fe2e0
core   0: 0x80009d6e (0x0000100f) fence.i
core   0: 3 0x80009d6e (0x0000100f)
core   0: 0x80009d72 (0x03e07fb3) remu    t6, zero, t5
core   0: 3 0x80009d72 (0x03e07fb3) x31 0x00000000
core   0: 0x80009d76 (0x0000842d) c.srai  s0, 11
core   0: 3 0x80009d76 (0x842d) x 8 0x000fffac
core   0: 0x80009d78 (0x01706cb3) or      s9, zero, s7
core   0: 3 0x80009d78 (0x01706cb3) x25 0x8003fd88
core   0: 0x80009d7c (0x03cd9a63) bne     s11, t3, pc + 52
core   0: 3 0x80009d7c (0x03cd9a63)
core   0: 0x80009db0 (0x03d34cb3) div     s9, t1, t4
core   0: 3 0x80009db0 (0x03d34cb3) x25 0xffffffff
core   0: 0x80009db4 (0x00bcf9b3) and     s3, s9, a1
core   0: 3 0x80009db4 (0x00bcf9b3) x19 0x00000000
core   0: 0x80009db8 (0x00055013) srli    zero, a0, 0
core   0: 3 0x80009db8 (0x00055013)
core   0: 0x80009dbc (0x000058fd) c.li    a7, -1
core   0: 3 0x80009dbc (0x58fd) x17 0xffffffff
core   0: 0x80009dbe (0x038e36b3) mulhu   a3, t3, s8
core   0: 3 0x80009dbe (0x038e36b3) x13 0x0028810d
core   0: 0x80009dc2 (0x58f13993) sltiu   s3, sp, 1423
core   0: 3 0x80009dc2 (0x58f13993) x19 0x00000000
core   0: 0x80009dc6 (0x00006119) c.addi16sp sp, 384
core   0: 3 0x80009dc6 (0x6119) x 2 0x069fe180
core   0: 0x80009dc8 (0x01433933) sltu    s2, t1, s4
core   0: 3 0x80009dc8 (0x01433933) x18 0x00000000
core   0: 0x80009dcc (0x00000a94) c.addi4spn a3, sp, 336
core   0: 3 0x80009dcc (0x0a94) x13 0x069fe2d0
core   0: 0x80009dce (0x02c9f833) remu    a6, s3, a2
core   0: 3 0x80009dce (0x02c9f833) x16 0x00000000
core   0: 0x80009dd2 (0x00000001) c.nop
core   0: 3 0x80009dd2 (0x0001)
core   0: 0x80009dd4 (0x5b496313) ori     t1, s2, 1460
core   0: 3 0x80009dd4 (0x5b496313) x 6 0x000005b4
core   0: 0x80009dd8 (0x93260093) addi    ra, a2, -1742
core   0: 3 0x80009dd8 (0x93260093) x 1 0x80029616
core   0: 0x80009ddc (0x01b11393) slli    t2, sp, 27
core   0: 3 0x80009ddc (0x01b11393) x 7 0x00000000
core   0: 0x80009de0 (0x01439863) bne     t2, s4, pc + 16
core   0: 3 0x80009de0 (0x01439863)
core   0: 0x80009de4 (0x00000001) c.nop
core   0: 3 0x80009de4 (0x0001)
core   0: 0x80009de6 (0x63204d13) xori    s10, zero, 1586
core   0: 3 0x80009de6 (0x63204d13) x26 0x00000632
core   0: 0x80009dea (0x00008dc5) c.or    a1, s1
core   0: 3 0x80009dea (0x8dc5) x11 0x00069c4c
core   0: 0x80009dec (0x0000cc11) c.beqz  s0, pc + 28
core   0: 3 0x80009dec (0xcc11)
core   0: 0x80009dee (0x00001294) c.addi4spn a3, sp, 352
core   0: 3 0x80009dee (0x1294) x13 0x069fe2e0
core   0: 0x80009df0 (0xea68e013) ori     zero, a7, -346
core   0: 3 0x80009df0 (0xea68e013)
core   0: 0x80009df4 (0x0398ea33) rem     s4, a7, s9
core   0: 3 0x80009df4 (0x0398ea33) x20 0x00000000
core   0: 0x80009df8 (0x0000616d) c.addi16sp sp, 240
core   0: 3 0x80009df8 (0x616d) x 2 0x069fe270
core   0: 0x80009dfa (0x00006a1d) c.lui   s4, 0x7
core   0: 3 0x80009dfa (0x6a1d) x20 0x00007000
core   0: 0x80009dfc (0x00000001) c.nop
core   0: 3 0x80009dfc (0x0001)
core   0: 0x80009dfe (0x000099fd) c.andi  a1, -1
core   0: 3 0x80009dfe (0x99fd) x11 0x00069c4c
core   0: 0x80009e00 (0x00006149) c.addi16sp sp, 144
core   0: 3 0x80009e00 (0x6149) x 2 0x069fe300
core   0: 0x80009e02 (0x41dddf93) srai    t6, s11, 29
core   0: 3 0x80009e02 (0x41dddf93) x31 0xffffffff
core   0: 0x80009e06 (0x0000c195) c.beqz  a1, pc + 36
core   0: 3 0x80009e06 (0xc195)
core   0: 0x80009e08 (0x00a11e13) slli    t3, sp, 10
core   0: 3 0x80009e08 (0x00a11e13) x28 0x7f8c0000
core   0: 0x80009e0c (0x02a9b233) mulhu   tp, s3, a0
core   0: 3 0x80009e0c (0x02a9b233) x 4 0x00000000
core   0: 0x80009e10 (0x00006c59) c.lui   s8, 0x16
core   0: 3 0x80009e10 (0x6c59) x24 0x00016000
core   0: 0x80009e12 (0x00008cd1) c.or    s1, a2
core   0: 3 0x80009e12 (0x8cd1) x 9 0x80069cec
core   0: 0x80009e14 (0x401f5993) srai    s3, t5, 1
core   0: 3 0x80009e14 (0x401f5993) x19 0x00000000
core   0: 0x80009e18 (0x40885713) srai    a4, a6, 8
core   0: 3 0x80009e18 (0x40885713) x14 0x00000000
core   0: 0x80009e1c (0x00a59013) slli    zero, a1, 10
core   0: 3 0x80009e1c (0x00a59013)
core   0: 0x80009e20 (0x000084ee) c.mv    s1, s11
core   0: 3 0x80009e20 (0x84ee) x 9 0xf807a200
core   0: 0x80009e22 (0x008fd113) srli    sp, t6, 8
core   0: 3 0x80009e22 (0x008fd113) x 2 0x00ffffff
core   0: 0x80009e26 (0x00000001) c.nop
core   0: 3 0x80009e26 (0x0001)
core   0: 0x80009e28 (0x000098fd) c.andi  s1, -1
core   0: 3 0x80009e28 (0x98fd) x 9 0xf807a200
core   0: 0x80009e2a (0x00008f31) c.xor   a4, a2
core   0: 3 0x80009e2a (0x8f31) x14 0x80029ce4
core   0: 0x80009e2c (0x00008ec1) c.or    a3, s0
core   0: 3 0x80009e2c (0x8ec1) x13 0x069fffec
core   0: 0x80009e2e (0x03d05b33) divu    s6, zero, t4
core   0: 3 0x80009e2e (0x03d05b33) x22 0xffffffff
core   0: 0x80009e32 (0x023321b3) mulhsu  gp, t1, gp
core   0: 3 0x80009e32 (0x023321b3) x 3 0x00000000
core   0: 0x80009e36 (0x0035a333) slt     t1, a1, gp
core   0: 3 0x80009e36 (0x0035a333) x 6 0x00000000
core   0: 0x80009e3a (0x0000e701) c.bnez  a4, pc + 8
core   0: 3 0x80009e3a (0xe701)
core   0: 0x80009e42 (0x00009afd) c.andi  a3, -1
core   0: 3 0x80009e42 (0x9afd) x13 0x069fffec
core   0: 0x80009e44 (0x417b89b3) sub     s3, s7, s7
core   0: 3 0x80009e44 (0x417b89b3) x19 0x00000000
core   0: 0x80009e48 (0x00005c7d) c.li    s8, -1
core   0: 3 0x80009e48 (0x5c7d) x24 0xffffffff
core   0: 0x80009e4a (0x001120b3) slt     ra, sp, ra
core   0: 3 0x80009e4a (0x001120b3) x 1 0x00000000
core   0: 0x80009e4e (0x0151ecb3) or      s9, gp, s5
core   0: 3 0x80009e4e (0x0151ecb3) x25 0x00000000
core   0: 0x80009e52 (0x00008dfd) c.and   a1, a5
core   0: 3 0x80009e52 (0x8dfd) x11 0x00021c44
core   0: 0x80009e54 (0x036ff033) remu    zero, t6, s6
core   0: 3 0x80009e54 (0x036ff033)
core   0: 0x80009e58 (0x007ada13) srli    s4, s5, 7
core   0: 3 0x80009e58 (0x007ada13) x20 0x00000000
core   0: 0x80009e5c (0x40548ab3) sub     s5, s1, t0
core   0: 3 0x80009e5c (0x40548ab3) x21 0xf807a200
core   0: 0x80009e60 (0x00000001) c.nop
core   0: 3 0x80009e60 (0x0001)
core   0: 0x80009e62 (0x0000717d) c.addi16sp sp, -16
core   0: 3 0x80009e62 (0x717d) x 2 0x00ffffef
core   0: 0x80009e64 (0x4080d093) srai    ra, ra, 8
core   0: 3 0x80009e64 (0x4080d093) x 1 0x00000000
core   0: 0x80009e68 (0x03c7cd33) div     s10, a5, t3
core   0: 3 0x80009e68 (0x03c7cd33) x26 0xffffffff
core   0: 0x80009e6c (0x03150d33) mul     s10, a0, a7
core   0: 3 0x80009e6c (0x03150d33) x26 0x00000004
core   0: 0x80009e70 (0x000069dd) c.lui   s3, 0x17
core   0: 3 0x80009e70 (0x69dd) x19 0x00017000
core   0: 0x80009e72 (0x00000001) c.nop
core   0: 3 0x80009e72 (0x0001)
core   0: 0x80009e74 (0x00008d45) c.or    a0, s1
core   0: 3 0x80009e74 (0x8d45) x10 0xfffffffc
core   0: 0x80009e76 (0x03fcfa63) bgeu    s9, t6, pc + 52
core   0: 3 0x80009e76 (0x03fcfa63)
core   0: 0x80009e7a (0x1cf62993) slti    s3, a2, 463
core   0: 3 0x80009e7a (0x1cf62993) x19 0x00000001
core   0: 0x80009e7e (0x000085a1) c.srai  a1, 8
core   0: 3 0x80009e7e (0x85a1) x11 0x0000021c
core   0: 0x80009e80 (0x003ac1b3) xor     gp, s5, gp
core   0: 3 0x80009e80 (0x003ac1b3) x 3 0xf807a200
core   0: 0x80009e84 (0x027c5cb3) divu    s9, s8, t2
core   0: 3 0x80009e84 (0x027c5cb3) x25 0xffffffff
core   0: 0x80009e88 (0x035791b3) mulh    gp, a5, s5
core   0: 3 0x80009e88 (0x035791b3) x 3 0x03fc1c1e
core   0: 0x80009e8c (0x0ff0000f) fence   iorw,iorw
core   0: 3 0x80009e8c (0x0ff0000f)
core   0: 0x80009e90 (0xd8922993) slti    s3, tp, -631
core   0: 3 0x80009e90 (0xd8922993) x19 0x00000000
core   0: 0x80009e94 (0x00accd63) blt     s9, a0, pc + 26
core   0: 3 0x80009e94 (0x00accd63)
core   0: 0x80009e98 (0x01919993) slli    s3, gp, 25
core   0: 3 0x80009e98 (0x01919993) x19 0x3c000000
core   0: 0x80009e9c (0x01e6dc13) srli    s8, a3, 30
core   0: 3 0x80009e9c (0x01e6dc13) x24 0x00000000
core   0: 0x80009ea0 (0x00000909) c.addi  s2, 2
core   0: 3 0x80009ea0 (0x0909) x18 0x00000002
core   0: 0x80009ea2 (0x00008d3d) c.xor   a0, a5
core   0: 3 0x80009ea2 (0x8d3d) x10 0x7ffda198
core   0: 0x80009ea4 (0x00b0f263) bgeu    ra, a1, pc + 4
core   0: 3 0x80009ea4 (0x00b0f263)
core   0: 0x80009ea8 (0x0000074a) c.slli  a4, 18
core   0: 3 0x80009ea8 (0x074a) x14 0x73900000
core   0: 0x80009eaa (0x0000100f) fence.i
core   0: 3 0x80009eaa (0x0000100f)
core   0: 0x80009eae (0x00aa58b3) srl     a7, s4, a0
core   0: 3 0x80009eae (0x00aa58b3) x17 0x00000000
core   0: 0x80009eb2 (0x0047f263) bgeu    a5, tp, pc + 4
core   0: 3 0x80009eb2 (0x0047f263)
core   0: 0x80009eb6 (0x413a5493) srai    s1, s4, 19
core   0: 3 0x80009eb6 (0x413a5493) x 9 0x00000000
core   0: 0x80009eba (0x000098fd) c.andi  s1, -1
core   0: 3 0x80009eba (0x98fd) x 9 0x00000000
core   0: 0x80009ebc (0x45c43697) auipc   a3, 0x45c43
core   0: 3 0x80009ebc (0x45c43697) x13 0xc5c4cebc
core   0: 0x80009ec0 (0x011e13b3) sll     t2, t3, a7
core   0: 3 0x80009ec0 (0x011e13b3) x 7 0x7f8c0000
core   0: 0x80009ec4 (0x0115d133) srl     sp, a1, a7
core   0: 3 0x80009ec4 (0x0115d133) x 2 0x0000021c
core   0: 0x80009ec8 (0x00000fc5) c.addi  t6, 17
core   0: 3 0x80009ec8 (0x0fc5) x31 0x00000010
core   0: 0x80009eca (0x00008532) c.mv    a0, a2
core   0: 3 0x80009eca (0x8532) x10 0x80029ce4
core   0: 0x80009ecc (0x4122dc33) sra     s8, t0, s2
core   0: 3 0x80009ecc (0x4122dc33) x24 0x00000000
core   0: 0x80009ed0 (0x000080fe) c.mv    ra, t6
core   0: 3 0x80009ed0 (0x80fe) x 1 0x00000010
core   0: 0x80009ed2 (0x037a2833) mulhsu  a6, s4, s7
core   0: 3 0x80009ed2 (0x037a2833) x16 0x00000000
core   0: 0x80009ed6 (0x04510263) beq     sp, t0, pc + 68
core   0: 3 0x80009ed6 (0x04510263)
core   0: 0x80009eda (0x7514e093) ori     ra, s1, 1873
core   0: 3 0x80009eda (0x7514e093) x 1 0x00000751
core   0: 0x80009ede (0x00029033) sll     zero, t0, zero
core   0: 3 0x80009ede (0x00029033)
core   0: 0x80009ee2 (0x0277e433) rem     s0, a5, t2
core   0: 3 0x80009ee2 (0x0277e433) x 8 0xff8e5e64
core   0: 0x80009ee6 (0x0000ea91) c.bnez  a3, pc + 20
core   0: 3 0x80009ee6 (0xea91)
core   0: 0x80009efa (0x41f65333) sra     t1, a2, t6
core   0: 3 0x80009efa (0x41f65333) x 6 0xffff8002
core   0: 0x80009efe (0x04d94263) blt     s2, a3, pc + 68
core   0: 3 0x80009efe (0x04d94263)
core   0: 0x80009f02 (0x02357363) bgeu    a0, gp, pc + 38
core   0: 3 0x80009f02 (0x02357363)
core   0: 0x80009f28 (0x00a55533) srl     a0, a0, a0
core   0: 3 0x80009f28 (0x00a55533) x10 0x080029ce
core   0: 0x80009f2c (0x00b75f63) bge     a4, a1, pc + 30
core   0: 3 0x80009f2c (0x00b75f63)
core   0: 0x80009f4a (0x005fa9b3) slt     s3, t6, t0
core   0: 3 0x80009f4a (0x005fa9b3) x19 0x00000000
core   0: 0x80009f4e (0x01989b13) slli    s6, a7, 25
core   0: 3 0x80009f4e (0x01989b13) x22 0x00000000
core   0: 0x80009f52 (0x00000b75) c.addi  s6, 29
core   0: 3 0x80009f52 (0x0b75) x22 0x0000001d
core   0: 0x80009f54 (0xcdefb413) sltiu   s0, t6, -802
core   0: 3 0x80009f54 (0xcdefb413) x 8 0x00000001
core   0: 0x80009f58 (0x00006149) c.addi16sp sp, 144
core   0: 3 0x80009f58 (0x6149) x 2 0x000002ac
core   0: 0x80009f5a (0x0c095363) bgez    s2, pc + 198
core   0: 3 0x80009f5a (0x0c095363)
core   0: 0x8000a020 (0x6d694313) xori    t1, s2, 1750
core   0: 3 0x8000a020 (0x6d694313) x 6 0x000006d4
core   0: 0x8000a024 (0xac49f113) andi    sp, s3, -1340
core   0: 3 0x8000a024 (0xac49f113) x 2 0x00000000
core   0: 0x8000a028 (0x00008e91) c.sub   a3, a2
core   0: 3 0x8000a028 (0x8e91) x13 0x45c231d8
core   0: 0x8000a02a (0xe2a68893) addi    a7, a3, -470
core   0: 3 0x8000a02a (0xe2a68893) x17 0x45c23002
core   0: 0x8000a02e (0x02467ab3) remu    s5, a2, tp
core   0: 3 0x8000a02e (0x02467ab3) x21 0x80029ce4
core   0: 0x8000a032 (0x0203bbb3) mulhu   s7, t2, zero
core   0: 3 0x8000a032 (0x0203bbb3) x23 0x00000000
core   0: 0x8000a036 (0x00006099) c.lui   ra, 0x6
core   0: 3 0x8000a036 (0x6099) x 1 0x00006000
core   0: 0x8000a038 (0x00000001) c.nop
core   0: 3 0x8000a038 (0x0001)
core   0: 0x8000a03a (0x00008011) c.srli  s0, 4
core   0: 3 0x8000a03a (0x8011) x 8 0x00000000
core   0: 0x8000a03c (0x00008cf5) c.and   s1, a3
core   0: 3 0x8000a03c (0x8cf5) x 9 0x00000000
core   0: 0x8000a03e (0x9e732113) slti    sp, t1, -1561
core   0: 3 0x8000a03e (0x9e732113) x 2 0x00000000
core   0: 0x8000a042 (0x017c1293) slli    t0, s8, 23
core   0: 3 0x8000a042 (0x017c1293) x 5 0x00000000
core   0: 0x8000a046 (0x000085e1) c.srai  a1, 24
core   0: 3 0x8000a046 (0x85e1) x11 0x00000000
core   0: 0x8000a048 (0x41b25b93) srai    s7, tp, 27
core   0: 3 0x8000a048 (0x41b25b93) x23 0x00000000
core   0: 0x8000a04c (0x00008ea9) c.xor   a3, a0
core   0: 3 0x8000a04c (0x8ea9) x13 0x4dc21816
core   0: 0x8000a04e (0xdb4c3e13) sltiu   t3, s8, -588
core   0: 3 0x8000a04e (0xdb4c3e13) x28 0x00000001
core   0: 0x8000a052 (0x01f01c13) slli    s8, zero, 31
core   0: 3 0x8000a052 (0x01f01c13) x24 0x00000000
core   0: 0x8000a056 (0x03b743b3) div     t2, a4, s11
core   0: 3 0x8000a056 (0x03b743b3) x 7 0xfffffff2
core   0: 0x8000a05a (0x03b73233) mulhu   tp, a4, s11
core   0: 3 0x8000a05a (0x03b73233) x 4 0x6ff6f211
core   0: 0x8000a05e (0x00000298) c.addi4spn a4, sp, 320
core   0: 3 0x8000a05e (0x0298) x14 0x00000140
core   0: 0x8000a060 (0x03c9b733) mulhu   a4, s3, t3
core   0: 3 0x8000a060 (0x03c9b733) x14 0x00000000
core   0: 0x8000a064 (0x0000975e) c.add   a4, s7
core   0: 3 0x8000a064 (0x975e) x14 0x00000000
core   0: 0x8000a066 (0x0000814d) c.srli  a0, 19
core   0: 3 0x8000a066 (0x814d) x10 0x00000100
core   0: 0x8000a068 (0x0162d133) srl     sp, t0, s6
core   0: 3 0x8000a068 (0x0162d133) x 2 0x00000000
core   0: 0x8000a06c (0x00000c19) c.addi  s8, 6
core   0: 3 0x8000a06c (0x0c19) x24 0x00000006
core   0: 0x8000a06e (0xfb122d93) slti    s11, tp, -79
core   0: 3 0x8000a06e (0xfb122d93) x27 0x00000000
core   0: 0x8000a072 (0x0429e763) bltu    s3, sp, pc + 78
core   0: 3 0x8000a072 (0x0429e763)
core   0: 0x8000a076 (0x0000717d) c.addi16sp sp, -16
core   0: 3 0x8000a076 (0x717d) x 2 0xfffffff0
core   0: 0x8000a078 (0x53456293) ori     t0, a0, 1332
core   0: 3 0x8000a078 (0x53456293) x 5 0x00000534
core   0: 0x8000a07c (0x40f85d33) sra     s10, a6, a5
core   0: 3 0x8000a07c (0x40f85d33) x26 0x00000000
core   0: 0x8000a080 (0x755fb813) sltiu   a6, t6, 1877
core   0: 3 0x8000a080 (0x755fb813) x16 0x00000001
core   0: 0x8000a084 (0x00900493) li      s1, 9
core   0: 3 0x8000a084 (0x00900493) x 9 0x00000009
core   0: 0x8000a088 (0x00009b7d) c.andi  a4, -1
core   0: 3 0x8000a088 (0x9b7d) x14 0x00000000
core   0: 0x8000a08a (0x00000001) c.nop
core   0: 3 0x8000a08a (0x0001)
core   0: 0x8000a08c (0x00008d61) c.and   a0, s0
core   0: 3 0x8000a08c (0x8d61) x10 0x00000000
core   0: 0x8000a08e (0x000014dd) c.addi  s1, -9
core   0: 3 0x8000a08e (0x14dd) x 9 0x00000000
core   0: 0x8000a090 (0x0000dcf5) c.beqz  s1, pc - 4
core   0: 3 0x8000a090 (0xdcf5)
core   0: 0x8000a08c (0x00008d61) c.and   a0, s0
core   0: 3 0x8000a08c (0x8d61) x10 0x00000000
core   0: 0x8000a08e (0x000014dd) c.addi  s1, -9
core   0: 3 0x8000a08e (0x14dd) x 9 0xfffffff7
core   0: 0x8000a090 (0x0000dcf5) c.beqz  s1, pc - 4
core   0: 3 0x8000a090 (0xdcf5)
core   0: 0x8000a092 (0x03db6ab3) rem     s5, s6, t4
core   0: 3 0x8000a092 (0x03db6ab3) x21 0x0000001d
core   0: 0x8000a096 (0x013e8a63) beq     t4, s3, pc + 20
core   0: 3 0x8000a096 (0x013e8a63)
core   0: 0x8000a0aa (0x00006691) c.lui   a3, 0x4
core   0: 3 0x8000a0aa (0x6691) x13 0x00004000
core   0: 0x8000a0ac (0x03d674b3) remu    s1, a2, t4
core   0: 3 0x8000a0ac (0x03d674b3) x 9 0x80029ce4
core   0: 0x8000a0b0 (0x132ea293) slti    t0, t4, 306
core   0: 3 0x8000a0b0 (0x132ea293) x 5 0x00000001
core   0: 0x8000a0b4 (0x01160263) beq     a2, a7, pc + 4
core   0: 3 0x8000a0b4 (0x01160263)
core   0: 0x8000a0b8 (0x00008409) c.srai  s0, 2
core   0: 3 0x8000a0b8 (0x8409) x 8 0x00000000
core   0: 0x8000a0ba (0x00008695) c.srai  a3, 5
core   0: 3 0x8000a0ba (0x8695) x13 0x00000200
core   0: 0x8000a0bc (0x00006921) c.lui   s2, 0x8
core   0: 3 0x8000a0bc (0x6921) x18 0x00008000
core   0: 0x8000a0be (0x00008c45) c.or    s0, s1
core   0: 3 0x8000a0be (0x8c45) x 8 0x80029ce4
core   0: 0x8000a0c0 (0x01119ab3) sll     s5, gp, a7
core   0: 3 0x8000a0c0 (0x01119ab3) x21 0x0ff07078
core   0: 0x8000a0c4 (0x00000001) c.nop
core   0: 3 0x8000a0c4 (0x0001)
core   0: 0x8000a0c6 (0x030b0563) beq     s6, a6, pc + 42
core   0: 3 0x8000a0c6 (0x030b0563)
core   0: 0x8000a0ca (0x00a11e13) slli    t3, sp, 10
core   0: 3 0x8000a0ca (0x00a11e13) x28 0xffffc000
core   0: 0x8000a0ce (0x15898c17) auipc   s8, 0x15898
core   0: 3 0x8000a0ce (0x15898c17) x24 0x958a20ce
core   0: 0x8000a0d2 (0x023685b3) mul     a1, a3, gp
core   0: 3 0x8000a0d2 (0x023685b3) x11 0xf8383c00
core   0: 0x8000a0d6 (0x00c26d63) bltu    tp, a2, pc + 26
core   0: 3 0x8000a0d6 (0x00c26d63)
core   0: 0x8000a0f0 (0x00000001) c.nop
core   0: 3 0x8000a0f0 (0x0001)
core   0: 0x8000a0f2 (0x013b0263) beq     s6, s3, pc + 4
core   0: 3 0x8000a0f2 (0x013b0263)
core   0: 0x8000a0f6 (0x0202b0b3) mulhu   ra, t0, zero
core   0: 3 0x8000a0f6 (0x0202b0b3) x 1 0x00000000
core   0: 0x8000a0fa (0x00008dfd) c.and   a1, a5
core   0: 3 0x8000a0fa (0x8dfd) x11 0x80001c00
core   0: 0x8000a0fc (0x013d0c63) beq     s10, s3, pc + 24
core   0: 3 0x8000a0fc (0x013d0c63)
core   0: 0x8000a114 (0x024e7233) remu    tp, t3, tp
core   0: 3 0x8000a114 (0x024e7233) x 4 0x2011dbde
core   0: 0x8000a118 (0x01fac8b3) xor     a7, s5, t6
core   0: 3 0x8000a118 (0x01fac8b3) x17 0x0ff07068
core   0: 0x8000a11c (0x01a036b3) snez    a3, s10
core   0: 3 0x8000a11c (0x01a036b3) x13 0x00000000
core   0: 0x8000a120 (0x04ee1163) bne     t3, a4, pc + 66
core   0: 3 0x8000a120 (0x04ee1163)
core   0: 0x8000a162 (0x03d80a63) beq     a6, t4, pc + 52
core   0: 3 0x8000a162 (0x03d80a63)
core   0: 0x8000a166 (0x00d61b93) slli    s7, a2, 13
core   0: 3 0x8000a166 (0x00d61b93) x23 0x539c8000
core   0: 0x8000a16a (0x00006165) c.addi16sp sp, 112
core   0: 3 0x8000a16a (0x6165) x 2 0x00000060
core   0: 0x8000a16c (0x003e4fb3) xor     t6, t3, gp
core   0: 3 0x8000a16c (0x003e4fb3) x31 0xfc03dc1e
core   0: 0x8000a170 (0x00008f5d) c.or    a4, a5
core   0: 3 0x8000a170 (0x8f5d) x14 0x80025e64
core   0: 0x8000a172 (0x000019fd) c.addi  s3, -1
core   0: 3 0x8000a172 (0x19fd) x19 0xffffffff
core   0: 0x8000a174 (0x03690763) beq     s2, s6, pc + 46
core   0: 3 0x8000a174 (0x03690763)
core   0: 0x8000a178 (0x00d21db3) sll     s11, tp, a3
core   0: 3 0x8000a178 (0x00d21db3) x27 0x2011dbde
core   0: 0x8000a17c (0x00000001) c.nop
core   0: 3 0x8000a17c (0x0001)
core   0: 0x8000a17e (0x0233c533) div     a0, t2, gp
core   0: 3 0x8000a17e (0x0233c533) x10 0x00000000
core   0: 0x8000a182 (0x02e8a233) mulhsu  tp, a7, a4
core   0: 3 0x8000a182 (0x02e8a233) x 4 0x07f85df5
core   0: 0x8000a186 (0x0113ecb3) or      s9, t2, a7
core   0: 3 0x8000a186 (0x0113ecb3) x25 0xfffffffa
core   0: 0x8000a18a (0x00a7d293) srli    t0, a5, 10
core   0: 3 0x8000a18a (0x00a7d293) x 5 0x00200097
core   0: 0x8000a18e (0x01205bb3) srl     s7, zero, s2
core   0: 3 0x8000a18e (0x01205bb3) x23 0x00000000
core   0: 0x8000a192 (0x02af45b3) div     a1, t5, a0
core   0: 3 0x8000a192 (0x02af45b3) x11 0xffffffff
core   0: 0x8000a196 (0x02642fb3) mulhsu  t6, s0, t1
core   0: 3 0x8000a196 (0x02642fb3) x31 0xfffffc96
core   0: 0x8000a19a (0x038af2b3) remu    t0, s5, s8
core   0: 3 0x8000a19a (0x038af2b3) x 5 0x0ff07078
core   0: 0x8000a19e (0x4118d313) srai    t1, a7, 17
core   0: 3 0x8000a19e (0x4118d313) x 6 0x000007f8
core   0: 0x8000a1a2 (0x02564a63) blt     a2, t0, pc + 52
core   0: 3 0x8000a1a2 (0x02564a63)
core   0: 0x8000a1d6 (0x01b92d33) slt     s10, s2, s11
core   0: 3 0x8000a1d6 (0x01b92d33) x26 0x00000001
core   0: 0x8000a1da (0x000005a2) c.slli  a1, 8
core   0: 3 0x8000a1da (0x05a2) x11 0xffffff00
core   0: 0x8000a1dc (0x02fedab3) divu    s5, t4, a5
core   0: 3 0x8000a1dc (0x02fedab3) x21 0x00000000
core   0: 0x8000a1e0 (0x414e54b3) sra     s1, t3, s4
core   0: 3 0x8000a1e0 (0x414e54b3) x 9 0xffffc000
core   0: 0x8000a1e4 (0x00008415) c.srai  s0, 5
core   0: 3 0x8000a1e4 (0x8415) x 8 0xfc0014e7
core   0: 0x8000a1e6 (0x0000997d) c.andi  a0, -1
core   0: 3 0x8000a1e6 (0x997d) x10 0x00000000
core   0: 0x8000a1e8 (0x0287efb3) rem     t6, a5, s0
core   0: 3 0x8000a1e8 (0x0287efb3) x31 0xffffc184
core   0: 0x8000a1ec (0x2127f397) auipc   t2, 0x2127f
core   0: 3 0x8000a1ec (0x2127f397) x 7 0xa12891ec
core   0: 0x8000a1f0 (0x000096e2) c.add   a3, s8
core   0: 3 0x8000a1f0 (0x96e2) x13 0x958a20ce
core   0: 0x8000a1f2 (0x033ad2b3) divu    t0, s5, s3
core   0: 3 0x8000a1f2 (0x033ad2b3) x 5 0x00000000
core   0: 0x8000a1f6 (0x00006155) c.addi16sp sp, 304
core   0: 3 0x8000a1f6 (0x6155) x 2 0x00000190
core   0: 0x8000a1f8 (0x00008521) c.srai  a0, 8
core   0: 3 0x8000a1f8 (0x8521) x10 0x00000000
core   0: 0x8000a1fa (0x00006275) c.lui   tp, 0x1d
core   0: 3 0x8000a1fa (0x6275) x 4 0x0001d000
core   0: 0x8000a1fc (0x0330e563) bltu    ra, s3, pc + 42
core   0: 3 0x8000a1fc (0x0330e563)
core   0: 0x8000a226 (0x03247033) remu    zero, s0, s2
core   0: 3 0x8000a226 (0x03247033)
core   0: 0x8000a22a (0x94b2cf93) xori    t6, t0, -1717
core   0: 3 0x8000a22a (0x94b2cf93) x31 0xfffff94b
core   0: 0x8000a22e (0x0cac0813) addi    a6, s8, 202
core   0: 3 0x8000a22e (0x0cac0813) x16 0x958a2198
core   0: 0x8000a232 (0x406553b3) sra     t2, a0, t1
core   0: 3 0x8000a232 (0x406553b3) x 7 0x00000000
core   0: 0x8000a236 (0x00008f4d) c.or    a4, a1
core   0: 3 0x8000a236 (0x8f4d) x14 0xffffff64
core   0: 0x8000a238 (0x0000997d) c.andi  a0, -1
core   0: 3 0x8000a238 (0x997d) x10 0x00000000
core   0: 0x8000a23a (0x00311d93) slli    s11, sp, 3
core   0: 3 0x8000a23a (0x00311d93) x27 0x00000c80
core   0: 0x8000a23e (0x0077c863) blt     a5, t2, pc + 16
core   0: 3 0x8000a23e (0x0077c863)
core   0: 0x8000a24e (0x0a144d13) xori    s10, s0, 161
core   0: 3 0x8000a24e (0x0a144d13) x26 0xfc001446
core   0: 0x8000a252 (0x0000717d) c.addi16sp sp, -16
core   0: 3 0x8000a252 (0x717d) x 2 0x00000180
core   0: 0x8000a254 (0x01311493) slli    s1, sp, 19
core   0: 3 0x8000a254 (0x01311493) x 9 0x0c000000
core   0: 0x8000a258 (0x03bb54b3) divu    s1, s6, s11
core   0: 3 0x8000a258 (0x03bb54b3) x 9 0x00000000
core   0: 0x8000a25c (0x00000f6e) c.slli  t5, 27
core   0: 3 0x8000a25c (0x0f6e) x30 0x00000000
core   0: 0x8000a25e (0x0000829d) c.srli  a3, 7
core   0: 3 0x8000a25e (0x829d) x13 0x012b1441
core   0: 0x8000a260 (0x0000100f) fence.i
core   0: 3 0x8000a260 (0x0000100f)
core   0: 0x8000a264 (0x00009266) c.add   tp, s9
core   0: 3 0x8000a264 (0x9266) x 4 0x0001cffa
core   0: 0x8000a266 (0x0256cdb3) div     s11, a3, t0
core   0: 3 0x8000a266 (0x0256cdb3) x27 0xffffffff
core   0: 0x8000a26a (0x0133db13) srli    s6, t2, 19
core   0: 3 0x8000a26a (0x0133db13) x22 0x00000000
core   0: 0x8000a26e (0x019c80b3) add     ra, s9, s9
core   0: 3 0x8000a26e (0x019c80b3) x 1 0xfffffff4
core   0: 0x8000a272 (0x03dcdb63) bge     s9, t4, pc + 54
core   0: 3 0x8000a272 (0x03dcdb63)
core   0: 0x8000a276 (0x00940133) add     sp, s0, s1
core   0: 3 0x8000a276 (0x00940133) x 2 0xfc0014e7
core   0: 0x8000a27a (0x0000717d) c.addi16sp sp, -16
core   0: 3 0x8000a27a (0x717d) x 2 0xfc0014d7
core   0: 0x8000a27c (0x0ff0000f) fence   iorw,iorw
core   0: 3 0x8000a27c (0x0ff0000f)
core   0: 0x8000a280 (0x019183b3) add     t2, gp, s9
core   0: 3 0x8000a280 (0x019183b3) x 7 0x03fc1c18
core   0: 0x8000a284 (0x27e6e513) ori     a0, a3, 638
core   0: 3 0x8000a284 (0x27e6e513) x10 0x012b167f
core   0: 0x8000a288 (0x029434b3) mulhu   s1, s0, s1
core   0: 3 0x8000a288 (0x029434b3) x 9 0x00000000
core   0: 0x8000a28c (0xc1f4c393) xori    t2, s1, -993
core   0: 3 0x8000a28c (0xc1f4c393) x 7 0xfffffc1f
core   0: 0x8000a290 (0x030bdd63) bge     s7, a6, pc + 58
core   0: 3 0x8000a290 (0x030bdd63)
core   0: 0x8000a2ca (0xa35b2a93) slti    s5, s6, -1483
core   0: 3 0x8000a2ca (0xa35b2a93) x21 0x00000000
core   0: 0x8000a2ce (0x03e30d63) beq     t1, t5, pc + 58
core   0: 3 0x8000a2ce (0x03e30d63)
core   0: 0x8000a2d2 (0x60f22b93) slti    s7, tp, 1551
core   0: 3 0x8000a2d2 (0x60f22b93) x23 0x00000000
core   0: 0x8000a2d6 (0x402250b3) sra     ra, tp, sp
core   0: 3 0x8000a2d6 (0x402250b3) x 1 0x00000000
core   0: 0x8000a2da (0x01929433) sll     s0, t0, s9
core   0: 3 0x8000a2da (0x01929433) x 8 0x00000000
core   0: 0x8000a2de (0x00006b55) c.lui   s6, 0x15
core   0: 3 0x8000a2de (0x6b55) x22 0x00015000
core   0: 0x8000a2e0 (0x00008c39) c.xor   s0, a4
core   0: 3 0x8000a2e0 (0x8c39) x 8 0xffffff64
core   0: 0x8000a2e2 (0x018e5db3) srl     s11, t3, s8
core   0: 3 0x8000a2e2 (0x018e5db3) x27 0x0003ffff
core   0: 0x8000a2e6 (0x000084ba) c.mv    s1, a4
core   0: 3 0x8000a2e6 (0x84ba) x 9 0xffffff64
core   0: 0x8000a2e8 (0x0000c89d) c.beqz  s1, pc + 54
core   0: 3 0x8000a2e8 (0xc89d)
core   0: 0x8000a2ea (0x01a9a2b3) slt     t0, s3, s10
core   0: 3 0x8000a2ea (0x01a9a2b3) x 5 0x00000000
core   0: 0x8000a2ee (0xf58b4993) xori    s3, s6, -168
core   0: 3 0x8000a2ee (0xf58b4993) x19 0xfffeaf58
core   0: 0x8000a2f2 (0x0ff0000f) fence   iorw,iorw
core   0: 3 0x8000a2f2 (0x0ff0000f)
core   0: 0x8000a2f6 (0x0000100f) fence.i
core   0: 3 0x8000a2f6 (0x0000100f)
core   0: 0x8000a2fa (0x0109e263) bltu    s3, a6, pc + 4
core   0: 3 0x8000a2fa (0x0109e263)
core   0: 0x8000a2fe (0x6fd1a997) auipc   s3, 0x6fd1a
core   0: 3 0x8000a2fe (0x6fd1a997) x19 0xefd242fe
core   0: 0x8000a302 (0x00008efd) c.and   a3, a5
core   0: 3 0x8000a302 (0x8efd) x13 0x00021440
core   0: 0x8000a304 (0x03b9bbb3) mulhu   s7, s3, s11
core   0: 3 0x8000a304 (0x03b9bbb3) x23 0x0003bf48
core   0: 0x8000a308 (0xe1190d93) addi    s11, s2, -495
core   0: 3 0x8000a308 (0xe1190d93) x27 0x00007e11
core   0: 0x8000a30c (0x01a434b3) sltu    s1, s0, s10
core   0: 3 0x8000a30c (0x01a434b3) x 9 0x00000000
core   0: 0x8000a310 (0x00000001) c.nop
core   0: 3 0x8000a310 (0x0001)
core   0: 0x8000a312 (0x4198d233) sra     tp, a7, s9
core   0: 3 0x8000a312 (0x4198d233) x 4 0x00000003
core   0: 0x8000a316 (0x000088b2) c.mv    a7, a2
core   0: 3 0x8000a316 (0x88b2) x17 0x80029ce4
core   0: 0x8000a318 (0x0095d263) bge     a1, s1, pc + 4
core   0: 3 0x8000a318 (0x0095d263)
core   0: 0x8000a31c (0x0000cd89) c.beqz  a1, pc + 26
core   0: 3 0x8000a31c (0xcd89)
core   0: 0x8000a31e (0xba865c17) auipc   s8, 0xba865
core   0: 3 0x8000a31e (0xba865c17) x24 0x3a86f31e
core   0: 0x8000a322 (0x003f4563) blt     t5, gp, pc + 10
core   0: 3 0x8000a322 (0x003f4563)
core   0: 0x8000a32c (0x00001004) c.addi4spn s1, sp, 32
core   0: 3 0x8000a32c (0x1004) x 9 0xfc0014f7
core   0: 0x8000a32e (0x0353c733) div     a4, t2, s5
core   0: 3 0x8000a32e (0x0353c733) x14 0xffffffff
core   0: 0x8000a332 (0x008033b3) snez    t2, s0
core   0: 3 0x8000a332 (0x008033b3) x 7 0x00000001
core   0: 0x8000a336 (0x0067d133) srl     sp, a5, t1
core   0: 3 0x8000a336 (0x0067d133) x 2 0x00000080
core   0: 0x8000a33a (0x2903ee17) auipc   t3, 0x2903e
core   0: 3 0x8000a33a (0x2903ee17) x28 0xa904833a
core   0: 0x8000a33e (0x03087863) bgeu    a6, a6, pc + 48
core   0: 3 0x8000a33e (0x03087863)
core   0: 0x8000a36e (0x00006159) c.addi16sp sp, 400
core   0: 3 0x8000a36e (0x6159) x 2 0x00000210
core   0: 0x8000a370 (0x792c4993) xori    s3, s8, 1938
core   0: 3 0x8000a370 (0x792c4993) x19 0x3a86f48c
core   0: 0x8000a374 (0x00000001) c.nop
core   0: 3 0x8000a374 (0x0001)
core   0: 0x8000a376 (0x02519d63) bne     gp, t0, pc + 58
core   0: 3 0x8000a376 (0x02519d63)
core   0: 0x8000a3b0 (0x01401f33) sll     t5, zero, s4
core   0: 3 0x8000a3b0 (0x01401f33) x30 0x00000000
core   0: 0x8000a3b4 (0x0000eb09) c.bnez  a4, pc + 18
core   0: 3 0x8000a3b4 (0xeb09)
core   0: 0x8000a3c6 (0x03ec7e33) remu    t3, s8, t5
core   0: 3 0x8000a3c6 (0x03ec7e33) x28 0x3a86f31e
core   0: 0x8000a3ca (0x0214f563) bgeu    s1, ra, pc + 42
core   0: 3 0x8000a3ca (0x0214f563)
core   0: 0x8000a3f4 (0x023e8c33) mul     s8, t4, gp
core   0: 3 0x8000a3f4 (0x023e8c33) x24 0x00000000
core   0: 0x8000a3f8 (0x00000280) c.addi4spn s0, sp, 320
core   0: 3 0x8000a3f8 (0x0280) x 8 0x00000350
core   0: 0x8000a3fa (0x0242ac33) mulhsu  s8, t0, tp
core   0: 3 0x8000a3fa (0x0242ac33) x24 0x00000000
core   0: 0x8000a3fe (0x00006961) c.lui   s2, 0x18
core   0: 3 0x8000a3fe (0x6961) x18 0x00018000
core   0: 0x8000a400 (0x029c0963) beq     s8, s1, pc + 50
core   0: 3 0x8000a400 (0x029c0963)
core   0: 0x8000a404 (0x023e0e33) mul     t3, t3, gp
core   0: 3 0x8000a404 (0x023e0e33) x28 0x49efc584
core   0: 0x8000a408 (0xb69d6c93) ori     s9, s10, -1175
core   0: 3 0x8000a408 (0xb69d6c93) x25 0xffffff6f
core   0: 0x8000a40c (0x817bab97) auipc   s7, 0x817ba
core   0: 3 0x8000a40c (0x817bab97) x23 0x017c440c
core   0: 0x8000a410 (0x005e0863) beq     t3, t0, pc + 16
core   0: 3 0x8000a410 (0x005e0863)
core   0: 0x8000a414 (0x01376f33) or      t5, a4, s3
core   0: 3 0x8000a414 (0x01376f33) x30 0xffffffff
core   0: 0x8000a418 (0x02a04833) div     a6, zero, a0
core   0: 3 0x8000a418 (0x02a04833) x16 0x00000000
core   0: 0x8000a41c (0x00092fb3) slt     t6, s2, zero
core   0: 3 0x8000a41c (0x00092fb3) x31 0x00000000
core   0: 0x8000a420 (0x014b6d63) bltu    s6, s4, pc + 26
core   0: 3 0x8000a420 (0x014b6d63)
core   0: 0x8000a424 (0x012effb3) and     t6, t4, s2
core   0: 3 0x8000a424 (0x012effb3) x31 0x00000000
core   0: 0x8000a428 (0x000004be) c.slli  s1, 15
core   0: 3 0x8000a428 (0x04be) x 9 0x0a7b8000
core   0: 0x8000a42a (0x2ceb3813) sltiu   a6, s6, 718
core   0: 3 0x8000a42a (0x2ceb3813) x16 0x00000000
core   0: 0x8000a42e (0x0022c433) xor     s0, t0, sp
core   0: 3 0x8000a42e (0x0022c433) x 8 0x00000210
core   0: 0x8000a432 (0x0000c405) c.beqz  s0, pc + 40
core   0: 3 0x8000a432 (0xc405)
core   0: 0x8000a434 (0x000084ad) c.srai  s1, 11
core   0: 3 0x8000a434 (0x84ad) x 9 0x00014f70
core   0: 0x8000a436 (0x00333233) sltu    tp, t1, gp
core   0: 3 0x8000a436 (0x00333233) x 4 0x00000001
core   0: 0x8000a43a (0x00008745) c.srai  a4, 17
core   0: 3 0x8000a43a (0x8745) x14 0xffffffff
core   0: 0x8000a43c (0x40cd86b3) sub     a3, s11, a2
core   0: 3 0x8000a43c (0x40cd86b3) x13 0x7ffde12d
core   0: 0x8000a440 (0x082c4563) blt     s8, sp, pc + 138
core   0: 3 0x8000a440 (0x082c4563)
core   0: 0x8000a4ca (0x031fabb3) mulhsu  s7, t6, a7
core   0: 3 0x8000a4ca (0x031fabb3) x23 0x00000000
core   0: 0x8000a4ce (0x02fede63) bge     t4, a5, pc + 60
core   0: 3 0x8000a4ce (0x02fede63)
core   0: 0x8000a50a (0x00000001) c.nop
core   0: 3 0x8000a50a (0x0001)
core   0: 0x8000a50c (0x0000058d) c.addi  a1, 3
core   0: 3 0x8000a50c (0x058d) x11 0xffffff03
core   0: 0x8000a50e (0x01eb95b3) sll     a1, s7, t5
core   0: 3 0x8000a50e (0x01eb95b3) x11 0x00000000
core   0: 0x8000a512 (0x40020c33) sub     s8, tp, zero
core   0: 3 0x8000a512 (0x40020c33) x24 0x00000001
core   0: 0x8000a516 (0x00008cd5) c.or    s1, a3
core   0: 3 0x8000a516 (0x8cd5) x 9 0x7ffdef7d
core   0: 0x8000a518 (0x022693b3) mulh    t2, a3, sp
core   0: 3 0x8000a518 (0x022693b3) x 7 0x00000107
core   0: 0x8000a51c (0x00c80263) beq     a6, a2, pc + 4
core   0: 3 0x8000a51c (0x00c80263)
core   0: 0x8000a520 (0x037c2833) mulhsu  a6, s8, s7
core   0: 3 0x8000a520 (0x037c2833) x16 0x00000000
core   0: 0x8000a524 (0x01706133) or      sp, zero, s7
core   0: 3 0x8000a524 (0x01706133) x 2 0x00000000
core   0: 0x8000a528 (0x03658233) mul     tp, a1, s6
core   0: 3 0x8000a528 (0x03658233) x 4 0x00000000
core   0: 0x8000a52c (0x417608b3) sub     a7, a2, s7
core   0: 3 0x8000a52c (0x417608b3) x17 0x80029ce4
core   0: 0x8000a530 (0x0000e499) c.bnez  s1, pc + 14
core   0: 3 0x8000a530 (0xe499)
core   0: 0x8000a53e (0x020976b3) remu    a3, s2, zero
core   0: 3 0x8000a53e (0x020976b3) x13 0x00018000
core   0: 0x8000a542 (0x00000371) c.addi  t1, 28
core   0: 3 0x8000a542 (0x0371) x 6 0x00000814
core   0: 0x8000a544 (0x01589693) slli    a3, a7, 21
core   0: 3 0x8000a544 (0x01589693) x13 0x9c800000
core   0: 0x8000a548 (0x02c32e33) mulhsu  t3, t1, a2
core   0: 3 0x8000a548 (0x02c32e33) x28 0x0000040a
core   0: 0x8000a54c (0x00000001) c.nop
core   0: 3 0x8000a54c (0x0001)
core   0: 0x8000a54e (0x40030233) sub     tp, t1, zero
core   0: 3 0x8000a54e (0x40030233) x 4 0x00000814
core   0: 0x8000a552 (0x02a91763) bne     s2, a0, pc + 46
core   0: 3 0x8000a552 (0x02a91763)
core   0: 0x8000a580 (0x0000969a) c.add   a3, t1
core   0: 3 0x8000a580 (0x969a) x13 0x9c800814
core   0: 0x8000a582 (0xe8ccf193) andi    gp, s9, -372
core   0: 3 0x8000a582 (0xe8ccf193) x 3 0xfffffe0c
core   0: 0x8000a586 (0x01bc8e63) beq     s9, s11, pc + 28
core   0: 3 0x8000a586 (0x01bc8e63)
core   0: 0x8000a58a (0x00804e63) blt     zero, s0, pc + 28
core   0: 3 0x8000a58a (0x00804e63)
core   0: 0x8000a5a6 (0x8f931897) auipc   a7, 0x8f931
core   0: 3 0x8000a5a6 (0x8f931897) x17 0x0f93b5a6
core   0: 0x8000a5aa (0x0000849a) c.mv    s1, t1
core   0: 3 0x8000a5aa (0x849a) x 9 0x00000814
core   0: 0x8000a5ac (0x0000717d) c.addi16sp sp, -16
core   0: 3 0x8000a5ac (0x717d) x 2 0xfffffff0
core   0: 0x8000a5ae (0x0243ec33) rem     s8, t2, tp
core   0: 3 0x8000a5ae (0x0243ec33) x24 0x00000107
core   0: 0x8000a5b2 (0x3de57693) andi    a3, a0, 990
core   0: 3 0x8000a5b2 (0x3de57693) x13 0x0000025e
core   0: 0x8000a5b6 (0x030fc6b3) div     a3, t6, a6
core   0: 3 0x8000a5b6 (0x030fc6b3) x13 0xffffffff
core   0: 0x8000a5ba (0x0ff0000f) fence   iorw,iorw
core   0: 3 0x8000a5ba (0x0ff0000f)
core   0: 0x8000a5be (0x2639ff93) andi    t6, s3, 611
core   0: 3 0x8000a5be (0x2639ff93) x31 0x00000000
core   0: 0x8000a5c2 (0x1a70aa97) auipc   s5, 0x1a70a
core   0: 3 0x8000a5c2 (0x1a70aa97) x21 0x9a7145c2
core   0: 0x8000a5c6 (0x000082b1) c.srli  a3, 12
core   0: 3 0x8000a5c6 (0x82b1) x13 0x000fffff
core   0: 0x8000a5c8 (0x856eea13) ori     s4, t4, -1962
core   0: 3 0x8000a5c8 (0x856eea13) x20 0xfffff856
core   0: 0x8000a5cc (0x01a99c13) slli    s8, s3, 26
core   0: 3 0x8000a5cc (0x01a99c13) x24 0x30000000
core   0: 0x8000a5d0 (0x03c44733) div     a4, s0, t3
core   0: 3 0x8000a5d0 (0x03c44733) x14 0x00000000
core   0: 0x8000a5d4 (0x00001108) c.addi4spn a0, sp, 160
core   0: 3 0x8000a5d4 (0x1108) x10 0x00000090
core   0: 0x8000a5d6 (0xf9894c93) xori    s9, s2, -104
core   0: 3 0x8000a5d6 (0xf9894c93) x25 0xfffe7f98
core   0: 0x8000a5da (0x00008896) c.mv    a7, t0
core   0: 3 0x8000a5da (0x8896) x17 0x00000000
core   0: 0x8000a5dc (0x40855893) srai    a7, a0, 8
core   0: 3 0x8000a5dc (0x40855893) x17 0x00000000
core   0: 0x8000a5e0 (0x00008995) c.andi  a1, 5
core   0: 3 0x8000a5e0 (0x8995) x11 0x00000000
core   0: 0x8000a5e2 (0x008d1d93) slli    s11, s10, 8
core   0: 3 0x8000a5e2 (0x008d1d93) x27 0x00144600
core   0: 0x8000a5e6 (0x00001c18) c.addi4spn a4, sp, 560
core   0: 3 0x8000a5e6 (0x1c18) x14 0x00000220
core   0: 0x8000a5e8 (0x441b2f13) slti    t5, s6, 1089
core   0: 3 0x8000a5e8 (0x441b2f13) x30 0x00000000
core   0: 0x8000a5ec (0x00e33c33) sltu    s8, t1, a4
core   0: 3 0x8000a5ec (0x00e33c33) x24 0x00000000
core   0: 0x8000a5f0 (0x0000997d) c.andi  a0, -1
core   0: 3 0x8000a5f0 (0x997d) x10 0x00000090
core   0: 0x8000a5f2 (0x03383833) mulhu   a6, a6, s3
core   0: 3 0x8000a5f2 (0x03383833) x16 0x00000000
core   0: 0x8000a5f6 (0x00005cfd) c.li    s9, -1
core   0: 3 0x8000a5f6 (0x5cfd) x25 0xffffffff
core   0: 0x8000a5f8 (0x0415f063) bgeu    a1, ra, pc + 64
core   0: 3 0x8000a5f8 (0x0415f063)
core   0: 0x8000a638 (0x00001798) c.addi4spn a4, sp, 992
core   0: 3 0x8000a638 (0x1798) x14 0x000003d0
core   0: 0x8000a63a (0xa5e38713) addi    a4, t2, -1442
core   0: 3 0x8000a63a (0xa5e38713) x14 0xfffffb65
core   0: 0x8000a63e (0x3c756f93) ori     t6, a0, 967
core   0: 3 0x8000a63e (0x3c756f93) x31 0x000003d7
core   0: 0x8000a642 (0x0000987d) c.andi  s0, -1
core   0: 3 0x8000a642 (0x987d) x 8 0x00000210
core   0: 0x8000a644 (0xd11a4d93) xori    s11, s4, -751
core   0: 3 0x8000a644 (0xd11a4d93) x27 0x00000547
core   0: 0x8000a648 (0x0ba00163) beq     zero, s10, pc + 162
core   0: 3 0x8000a648 (0x0ba00163)
core   0: 0x8000a64c (0x86642a13) slti    s4, s0, -1946
core   0: 3 0x8000a64c (0x86642a13) x20 0x00000000
core   0: 0x8000a650 (0x0278a0b3) mulhsu  ra, a7, t2
core   0: 3 0x8000a650 (0x0278a0b3) x 1 0x00000000
core   0: 0x8000a654 (0x02998833) mul     a6, s3, s1
core   0: 3 0x8000a654 (0x02998833) x16 0xca2f7af0
core   0: 0x8000a658 (0x00001c7d) c.addi  s8, -1
core   0: 3 0x8000a658 (0x1c7d) x24 0xffffffff
core   0: 0x8000a65a (0x00000001) c.nop
core   0: 3 0x8000a65a (0x0001)
core   0: 0x8000a65c (0x01108333) add     t1, ra, a7
core   0: 3 0x8000a65c (0x01108333) x 6 0x00000000
core   0: 0x8000a660 (0x0bc5c463) blt     a1, t3, pc + 168
core   0: 3 0x8000a660 (0x0bc5c463)
core   0: 0x8000a708 (0x49b50d13) addi    s10, a0, 1179
core   0: 3 0x8000a708 (0x49b50d13) x26 0x0000052b
core   0: 0x8000a70c (0x02851a63) bne     a0, s0, pc + 52
core   0: 3 0x8000a70c (0x02851a63)
core   0: 0x8000a740 (0x00001b88) c.addi4spn a0, sp, 496
core   0: 3 0x8000a740 (0x1b88) x10 0x000001e0
core   0: 0x8000a742 (0x0000717d) c.addi16sp sp, -16
core   0: 3 0x8000a742 (0x717d) x 2 0xffffffe0
core   0: 0x8000a744 (0x02018533) mul     a0, gp, zero
core   0: 3 0x8000a744 (0x02018533) x10 0x00000000
core   0: 0x8000a748 (0x01eccfb3) xor     t6, s9, t5
core   0: 3 0x8000a748 (0x01eccfb3) x31 0xffffffff
core   0: 0x8000a74c (0x02de5e33) divu    t3, t3, a3
core   0: 3 0x8000a74c (0x02de5e33) x28 0x00000000
core   0: 0x8000a750 (0x00777963) bgeu    a4, t2, pc + 18
core   0: 3 0x8000a750 (0x00777963)
core   0: 0x8000a762 (0x03e8efb3) rem     t6, a7, t5
core   0: 3 0x8000a762 (0x03e8efb3) x31 0x00000000
core   0: 0x8000a766 (0x056e6163) bltu    t3, s6, pc + 66
core   0: 3 0x8000a766 (0x056e6163)
core   0: 0x8000a7a8 (0xfeff83b7) lui     t2, 0xfeff8
core   0: 3 0x8000a7a8 (0xfeff83b7) x 7 0xfeff8000
core   0: 0x8000a7ac (0x0000100f) fence.i
core   0: 3 0x8000a7ac (0x0000100f)
core   0: 0x8000a7b0 (0xadfe6717) auipc   a4, 0xadfe6
core   0: 3 0x8000a7b0 (0xadfe6717) x14 0x2dff07b0
core   0: 0x8000a7b4 (0x000a1863) bnez    s4, pc + 16
core   0: 3 0x8000a7b4 (0x000a1863)
core   0: 0x8000a7b8 (0x0119e6b3) or      a3, s3, a7
core   0: 3 0x8000a7b8 (0x0119e6b3) x13 0x3a86f48c
core   0: 0x8000a7bc (0x00009fd6) c.add   t6, s5
core   0: 3 0x8000a7bc (0x9fd6) x31 0x9a7145c2
core   0: 0x8000a7be (0x00000e7a) c.slli  t3, 30
core   0: 3 0x8000a7be (0x0e7a) x28 0x00000000
core   0: 0x8000a7c0 (0xa8fccc37) lui     s8, 0xa8fcc
core   0: 3 0x8000a7c0 (0xa8fccc37) x24 0xa8fcc000
core   0: 0x8000a7c4 (0x033b9333) mulh    t1, s7, s3
core   0: 3 0x8000a7c4 (0x033b9333) x 6 0x00000000
core   0: 0x8000a7c8 (0x03573233) mulhu   tp, a4, s5
core   0: 3 0x8000a7c8 (0x03573233) x 4 0x1bbfc4ba
core   0: 0x8000a7cc (0x00008df1) c.and   a1, a2
core   0: 3 0x8000a7cc (0x8df1) x11 0x00000000
core   0: 0x8000a7ce (0x00004b65) c.li    s6, 25
core   0: 3 0x8000a7ce (0x4b65) x22 0x00000019
core   0: 0x8000a7d0 (0x00008721) c.srai  a4, 8
core   0: 3 0x8000a7d0 (0x8721) x14 0x002dff07
core   0: 0x8000a7d2 (0x03685833) divu    a6, a6, s6
core   0: 3 0x8000a7d2 (0x03685833) x16 0x08166113
core   0: 0x8000a7d6 (0x02ac9763) bne     s9, a0, pc + 46
core   0: 3 0x8000a7d6 (0x02ac9763)
core   0: 0x8000a804 (0x009ea933) slt     s2, t4, s1
core   0: 3 0x8000a804 (0x009ea933) x18 0x00000001
core   0: 0x8000a808 (0x00001c8c) c.addi4spn a1, sp, 624
core   0: 3 0x8000a808 (0x1c8c) x11 0x00000250
core   0: 0x8000a80a (0x008e93b3) sll     t2, t4, s0
core   0: 3 0x8000a80a (0x008e93b3) x 7 0x00000000
core   0: 0x8000a80e (0x036bb733) mulhu   a4, s7, s6
core   0: 3 0x8000a80e (0x036bb733) x14 0x00000000
core   0: 0x8000a812 (0x03660d33) mul     s10, a2, s6
core   0: 3 0x8000a812 (0x03660d33) x26 0x80415244
core   0: 0x8000a816 (0x00000001) c.nop
core   0: 3 0x8000a816 (0x0001)
core   0: 0x8000a818 (0x03332233) mulhsu  tp, t1, s3
core   0: 3 0x8000a818 (0x03332233) x 4 0x00000000
core   0: 0x8000a81c (0x00009b4a) c.add   s6, s2
core   0: 3 0x8000a81c (0x9b4a) x22 0x0000001a
core   0: 0x8000a81e (0x0000c915) c.beqz  a0, pc + 52
core   0: 3 0x8000a81e (0xc915)
core   0: 0x8000a852 (0x00000001) c.nop
core   0: 3 0x8000a852 (0x0001)
core   0: 0x8000a854 (0x00008e95) c.sub   a3, a3
core   0: 3 0x8000a854 (0x8e95) x13 0x00000000
core   0: 0x8000a856 (0x4ebd2993) slti    s3, s10, 1259
core   0: 3 0x8000a856 (0x4ebd2993) x19 0x00000001
core   0: 0x8000a85a (0x038db033) mulhu   zero, s11, s8
core   0: 3 0x8000a85a (0x038db033)
core   0: 0x8000a85e (0x00000001) c.nop
core   0: 3 0x8000a85e (0x0001)
core   0: 0x8000a860 (0x00008d79) c.and   a0, a4
core   0: 3 0x8000a860 (0x8d79) x10 0x00000000
core   0: 0x8000a862 (0x40dd0433) sub     s0, s10, a3
core   0: 3 0x8000a862 (0x40dd0433) x 8 0x80415244
core   0: 0x8000a866 (0x02aa09b3) mul     s3, s4, a0
core   0: 3 0x8000a866 (0x02aa09b3) x19 0x00000000
core   0: 0x8000a86a (0x00000cfd) c.addi  s9, 31
core   0: 3 0x8000a86a (0x0cfd) x25 0x0000001e
core   0: 0x8000a86c (0x4161d113) srai    sp, gp, 22
core   0: 3 0x8000a86c (0x4161d113) x 2 0xffffffff
core   0: 0x8000a870 (0x00d9de33) srl     t3, s3, a3
core   0: 3 0x8000a870 (0x00d9de33) x28 0x00000000
core   0: 0x8000a874 (0x00008ed1) c.or    a3, a2
core   0: 3 0x8000a874 (0x8ed1) x13 0x80029ce4
core   0: 0x8000a876 (0x03e59e63) bne     a1, t5, pc + 60
core   0: 3 0x8000a876 (0x03e59e63)
core   0: 0x8000a8b2 (0x49e2d417) auipc   s0, 0x49e2d
core   0: 3 0x8000a8b2 (0x49e2d417) x 8 0xc9e378b2
core   0: 0x8000a8b6 (0x0ff0000f) fence   iorw,iorw
core   0: 3 0x8000a8b6 (0x0ff0000f)
core   0: 0x8000a8ba (0x0ff0000f) fence   iorw,iorw
core   0: 3 0x8000a8ba (0x0ff0000f)
core   0: 0x8000a8be (0x021b2933) mulhsu  s2, s6, ra
core   0: 3 0x8000a8be (0x021b2933) x18 0x00000000
core   0: 0x8000a8c2 (0x03b6d863) bge     a3, s11, pc + 48
core   0: 3 0x8000a8c2 (0x03b6d863)
core   0: 0x8000a8c6 (0xa4f03713) sltiu   a4, zero, -1457
core   0: 3 0x8000a8c6 (0xa4f03713) x14 0x00000001
core   0: 0x8000a8ca (0x00000f35) c.addi  t5, 13
core   0: 3 0x8000a8ca (0x0f35) x30 0x0000000d
core   0: 0x8000a8cc (0x0ff0000f) fence   iorw,iorw
core   0: 3 0x8000a8cc (0x0ff0000f)
core   0: 0x8000a8d0 (0x00008dae) c.mv    s11, a1
core   0: 3 0x8000a8d0 (0x8dae) x27 0x00000250
core   0: 0x8000a8d2 (0x0000c689) c.beqz  a3, pc + 10
core   0: 3 0x8000a8d2 (0xc689)
core   0: 0x8000a8d4 (0x00001b7d) c.addi  s6, -1
core   0: 3 0x8000a8d4 (0x1b7d) x22 0x00000019
core   0: 0x8000a8d6 (0x00d838b3) sltu    a7, a6, a3
core   0: 3 0x8000a8d6 (0x00d838b3) x17 0x00000001
core   0: 0x8000a8da (0x00008e9d) c.sub   a3, a5
core   0: 3 0x8000a8da (0x8e9d) x13 0x00003e80
core   0: 0x8000a8dc (0x035a7c33) remu    s8, s4, s5
core   0: 3 0x8000a8dc (0x035a7c33) x24 0x00000000
core   0: 0x8000a8e0 (0x0ff0000f) fence   iorw,iorw
core   0: 3 0x8000a8e0 (0x0ff0000f)
core   0: 0x8000a8e4 (0x039411b3) mulh    gp, s0, s9
core   0: 3 0x8000a8e4 (0x039411b3) x 3 0xfffffff9
core   0: 0x8000a8e8 (0x0ff0000f) fence   iorw,iorw
core   0: 3 0x8000a8e8 (0x0ff0000f)
core   0: 0x8000a8ec (0x00008b31) c.andi  a4, 12
core   0: 3 0x8000a8ec (0x8b31) x14 0x00000000
core   0: 0x8000a8ee (0x00eaefb3) or      t6, s5, a4
core   0: 3 0x8000a8ee (0x00eaefb3) x31 0x9a7145c2
core   0: 0x8000a8f2 (0x039ea833) mulhsu  a6, t4, s9
core   0: 3 0x8000a8f2 (0x039ea833) x16 0x00000000
core   0: 0x8000a8f6 (0x00008df1) c.and   a1, a2
core   0: 3 0x8000a8f6 (0x8df1) x11 0x00000040
core   0: 0x8000a8f8 (0x01c60cb3) add     s9, a2, t3
core   0: 3 0x8000a8f8 (0x01c60cb3) x25 0x80029ce4
core   0: 0x8000a8fc (0x010bb2b3) sltu    t0, s7, a6
core   0: 3 0x8000a8fc (0x010bb2b3) x 5 0x00000000
core   0: 0x8000a900 (0xb87e2393) slti    t2, t3, -1145
core   0: 3 0x8000a900 (0xb87e2393) x 7 0x00000000
core   0: 0x8000a904 (0x03ceee33) rem     t3, t4, t3
core   0: 3 0x8000a904 (0x03ceee33) x28 0x00000000
core   0: 0x8000a908 (0x00000198) c.addi4spn a4, sp, 192
core   0: 3 0x8000a908 (0x0198) x14 0x000000bf
core   0: 0x8000a90a (0x00337733) and     a4, t1, gp
core   0: 3 0x8000a90a (0x00337733) x14 0x00000000
core   0: 0x8000a90e (0x019d0fb3) add     t6, s10, s9
core   0: 3 0x8000a90e (0x019d0fb3) x31 0x0043ef28
core   0: 0x8000a912 (0x03d92333) mulhsu  t1, s2, t4
core   0: 3 0x8000a912 (0x03d92333) x 6 0x00000000
core   0: 0x8000a916 (0x5d863193) sltiu   gp, a2, 1496
core   0: 3 0x8000a916 (0x5d863193) x 3 0x00000000
core   0: 0x8000a91a (0x0000c705) c.beqz  a4, pc + 40
core   0: 3 0x8000a91a (0xc705)
core   0: 0x8000a942 (0x000006ed) c.addi  a3, 27
core   0: 3 0x8000a942 (0x06ed) x13 0x00003e9b
core   0: 0x8000a944 (0x00479833) sll     a6, a5, tp
core   0: 3 0x8000a944 (0x00479833) x16 0x80025e64
core   0: 0x8000a948 (0x03ed8933) mul     s2, s11, t5
core   0: 3 0x8000a948 (0x03ed8933) x18 0x00001e10
core   0: 0x8000a94c (0x00001ffd) c.addi  t6, -1
core   0: 3 0x8000a94c (0x1ffd) x31 0x0043ef27
core   0: 0x8000a94e (0x0312bb33) mulhu   s6, t0, a7
core   0: 3 0x8000a94e (0x0312bb33) x22 0x00000000
core   0: 0x8000a952 (0x0067e133) or      sp, a5, t1
core   0: 3 0x8000a952 (0x0067e133) x 2 0x80025e64
core   0: 0x8000a956 (0x03219a33) mulh    s4, gp, s2
core   0: 3 0x8000a956 (0x03219a33) x20 0x00000000
core   0: 0x8000a95a (0x00000b8d) c.addi  s7, 3
core   0: 3 0x8000a95a (0x0b8d) x23 0x00000003
core   0: 0x8000a95c (0x030b5233) divu    tp, s6, a6
core   0: 3 0x8000a95c (0x030b5233) x 4 0x00000000
core   0: 0x8000a960 (0x00241233) sll     tp, s0, sp
core   0: 3 0x8000a960 (0x00241233) x 4 0x9e378b20
core   0: 0x8000a964 (0x000099fd) c.andi  a1, -1
core   0: 3 0x8000a964 (0x99fd) x11 0x00000040
core   0: 0x8000a966 (0x00006117) auipc   sp, 0x6
core   0: 3 0x8000a966 (0x00006117) x 2 0x80010966
core   0: 0x8000a96a (0x66a10113) addi    sp, sp, 1642
core   0: 3 0x8000a96a (0x66a10113) x 2 0x80010fd0
core   0: 0x8000a96e (0x00008ee9) c.and   a3, a0
core   0: 3 0x8000a96e (0x8ee9) x13 0x00000000
core   0: 0x8000a970 (0x00008cb9) c.xor   s1, a4
core   0: 3 0x8000a970 (0x8cb9) x 9 0x00000814
core   0: 0x8000a972 (0xffc10f03) lb      t5, -4(sp)
core   0: 3 0x8000a972 (0xffc10f03) x30 0xffffffac mem 0x80010fcc
core   0: 0x8000a976 (0x01710323) sb      s7, 6(sp)
core   0: 3 0x8000a976 (0x01710323) mem 0x80010fd6 0x3
core   0: 0x8000a97a (0x03cf15b3) mulh    a1, t5, t3
core   0: 3 0x8000a97a (0x03cf15b3) x11 0x00000000
core   0: 0x8000a97e (0x00610323) sb      t1, 6(sp)
core   0: 3 0x8000a97e (0x00610323) mem 0x80010fd6 0x0
core   0: 0x8000a982 (0x00a7d593) srli    a1, a5, 10
core   0: 3 0x8000a982 (0x00a7d593) x11 0x00200097
core   0: 0x8000a986 (0x00005afd) c.li    s5, -1
core   0: 3 0x8000a986 (0x5afd) x21 0xffffffff
core   0: 0x8000a988 (0x00010323) sb      zero, 6(sp)
core   0: 3 0x8000a988 (0x00010323) mem 0x80010fd6 0x0
core   0: 0x8000a98c (0x01494e33) xor     t3, s2, s4
core   0: 3 0x8000a98c (0x01494e33) x28 0x00001e10
core   0: 0x8000a990 (0x00614703) lbu     a4, 6(sp)
core   0: 3 0x8000a990 (0x00614703) x14 0x00000000 mem 0x80010fd6
core   0: 0x8000a994 (0x0000c026) c.swsp  s1, 0(sp)
core   0: 3 0x8000a994 (0xc026) mem 0x80010fd0 0x00000814
core   0: 0x8000a996 (0x00004332) c.lwsp  t1, 12(sp)
core   0: 3 0x8000a996 (0x4332) x 6 0x82127d62 mem 0x80010fdc
core   0: 0x8000a998 (0x00d14183) lbu     gp, 13(sp)
core   0: 3 0x8000a998 (0x00d14183) x 3 0x0000007d mem 0x80010fdd
core   0: 0x8000a99c (0x00d10803) lb      a6, 13(sp)
core   0: 3 0x8000a99c (0x00d10803) x16 0x0000007d mem 0x80010fdd
core   0: 0x8000a9a0 (0xff314d83) lbu     s11, -13(sp)
core   0: 3 0x8000a9a0 (0xff314d83) x27 0x000000e0 mem 0x80010fc3
core   0: 0x8000a9a4 (0x000005a6) c.slli  a1, 9
core   0: 3 0x8000a9a4 (0x05a6) x11 0x40012e00
core   0: 0x8000a9a6 (0x00e10683) lb      a3, 14(sp)
core   0: 3 0x8000a9a6 (0x00e10683) x13 0x00000012 mem 0x80010fde
core   0: 0x8000a9aa (0x00e14403) lbu     s0, 14(sp)
core   0: 3 0x8000a9aa (0x00e14403) x 8 0x00000012 mem 0x80010fde
core   0: 0x8000a9ae (0xf8350d13) addi    s10, a0, -125
core   0: 3 0x8000a9ae (0xf8350d13) x26 0xffffff83
core   0: 0x8000a9b2 (0x000080a1) c.srli  s1, 8
core   0: 3 0x8000a9b2 (0x80a1) x 9 0x00000008
core   0: 0x8000a9b4 (0x00008dcd) c.or    a1, a1
core   0: 3 0x8000a9b4 (0x8dcd) x11 0x40012e00
core   0: 0x8000a9b6 (0x0074a033) slt     zero, s1, t2
core   0: 3 0x8000a9b6 (0x0074a033)
core   0: 0x8000a9ba (0x0ff0000f) fence   iorw,iorw
core   0: 3 0x8000a9ba (0x0ff0000f)
core   0: 0x8000a9be (0x016c7cb3) and     s9, s8, s6
core   0: 3 0x8000a9be (0x016c7cb3) x25 0x00000000
core   0: 0x8000a9c2 (0x03c82ab3) mulhsu  s5, a6, t3
core   0: 3 0x8000a9c2 (0x03c82ab3) x21 0x00000000
core   0: 0x8000a9c6 (0x000080b5) c.srli  s1, 13
core   0: 3 0x8000a9c6 (0x80b5) x 9 0x00000000
core   0: 0x8000a9c8 (0x0000717d) c.addi16sp sp, -16
core   0: 3 0x8000a9c8 (0x717d) x 2 0x80010fc0
core   0: 0x8000a9ca (0xc0ee3213) sltiu   tp, t3, -1010
core   0: 3 0x8000a9ca (0xc0ee3213) x 4 0x00000001
core   0: 0x8000a9ce (0x41d85513) srai    a0, a6, 29
core   0: 3 0x8000a9ce (0x41d85513) x10 0x00000000
core   0: 0x8000a9d2 (0x0000100f) fence.i
core   0: 3 0x8000a9d2 (0x0000100f)
core   0: 0x8000a9d6 (0x01649263) bne     s1, s6, pc + 4
core   0: 3 0x8000a9d6 (0x01649263)
core   0: 0x8000a9da (0x6bd17413) andi    s0, sp, 1725
core   0: 3 0x8000a9da (0x6bd17413) x 8 0x00000680
core   0: 0x8000a9de (0x36c32993) slti    s3, t1, 876
core   0: 3 0x8000a9de (0x36c32993) x19 0x00000001
core   0: 0x8000a9e2 (0x00008c4d) c.or    s0, a1
core   0: 3 0x8000a9e2 (0x8c4d) x 8 0x40012e80
core   0: 0x8000a9e4 (0x405002b3) sub     t0, zero, t0
core   0: 3 0x8000a9e4 (0x405002b3) x 5 0x00000000
core   0: 0x8000a9e8 (0x035c1963) bne     s8, s5, pc + 50
core   0: 3 0x8000a9e8 (0x035c1963)
core   0: 0x8000a9ec (0x00000365) c.addi  t1, 25
core   0: 3 0x8000a9ec (0x0365) x 6 0x82127d7b
core   0: 0x8000a9ee (0x00000001) c.nop
core   0: 3 0x8000a9ee (0x0001)
core   0: 0x8000a9f0 (0x98d64213) xori    tp, a2, -1651
core   0: 3 0x8000a9f0 (0x98d64213) x 4 0x7ffd6569
core   0: 0x8000a9f4 (0x000088a2) c.mv    a7, s0
core   0: 3 0x8000a9f4 (0x88a2) x17 0x40012e80
core   0: 0x8000a9f6 (0x00008c69) c.and   s0, a0
core   0: 3 0x8000a9f6 (0x8c69) x 8 0x00000000
core   0: 0x8000a9f8 (0x00c2bf33) sltu    t5, t0, a2
core   0: 3 0x8000a9f8 (0x00c2bf33) x30 0x00000001
core   0: 0x8000a9fc (0x00006b0d) c.lui   s6, 0x3
core   0: 3 0x8000a9fc (0x6b0d) x22 0x00003000
core   0: 0x8000a9fe (0xc8d9ac93) slti    s9, s3, -883
core   0: 3 0x8000a9fe (0xc8d9ac93) x25 0x00000000
core   0: 0x8000aa02 (0x03959b63) bne     a1, s9, pc + 54
core   0: 3 0x8000aa02 (0x03959b63)
core   0: 0x8000aa38 (0x02271ab3) mulh    s5, a4, sp
core   0: 3 0x8000aa38 (0x02271ab3) x21 0x00000000
core   0: 0x8000aa3c (0xd8de2137) lui     sp, 0xd8de2
core   0: 3 0x8000aa3c (0xd8de2137) x 2 0xd8de2000
core   0: 0x8000aa40 (0x03aaacb3) mulhsu  s9, s5, s10
core   0: 3 0x8000aa40 (0x03aaacb3) x25 0x00000000
core   0: 0x8000aa44 (0x000045f1) c.li    a1, 28
core   0: 3 0x8000aa44 (0x45f1) x11 0x0000001c
core   0: 0x8000aa46 (0x0000100f) fence.i
core   0: 3 0x8000aa46 (0x0000100f)
core   0: 0x8000aa4a (0x40ee5593) srai    a1, t3, 14
core   0: 3 0x8000aa4a (0x40ee5593) x11 0x00000000
core   0: 0x8000aa4e (0x00008755) c.srai  a4, 21
core   0: 3 0x8000aa4e (0x8755) x14 0x00000000
core   0: 0x8000aa50 (0x00000001) c.nop
core   0: 3 0x8000aa50 (0x0001)
core   0: 0x8000aa52 (0x0ff0000f) fence   iorw,iorw
core   0: 3 0x8000aa52 (0x0ff0000f)
core   0: 0x8000aa56 (0x00008d21) c.xor   a0, s0
core   0: 3 0x8000aa56 (0x8d21) x10 0x00000000
core   0: 0x8000aa58 (0x0ff0000f) fence   iorw,iorw
core   0: 3 0x8000aa58 (0x0ff0000f)
core   0: 0x8000aa5c (0xdf4d6693) ori     a3, s10, -524
core   0: 3 0x8000aa5c (0xdf4d6693) x13 0xfffffff7
core   0: 0x8000aa60 (0x0000e719) c.bnez  a4, pc + 14
core   0: 3 0x8000aa60 (0xe719)
core   0: 0x8000aa62 (0x01435d93) srli    s11, t1, 20
core   0: 3 0x8000aa62 (0x01435d93) x27 0x00000821
core   0: 0x8000aa66 (0x032792b3) mulh    t0, a5, s2
core   0: 3 0x8000aa66 (0x032792b3) x 5 0xfffff0f8
core   0: 0x8000aa6a (0x00006389) c.lui   t2, 0x2
core   0: 3 0x8000aa6a (0x6389) x 7 0x00002000
core   0: 0x8000aa6c (0x00008972) c.mv    s2, t3
core   0: 3 0x8000aa6c (0x8972) x18 0x00001e10
core   0: 0x8000aa6e (0x019440b3) xor     ra, s0, s9
core   0: 3 0x8000aa6e (0x019440b3) x 1 0x00000000
core   0: 0x8000aa72 (0x00008d4d) c.or    a0, a1
core   0: 3 0x8000aa72 (0x8d4d) x10 0x00000000
core   0: 0x8000aa74 (0x0ff0000f) fence   iorw,iorw
core   0: 3 0x8000aa74 (0x0ff0000f)
core   0: 0x8000aa78 (0x0ff0000f) fence   iorw,iorw
core   0: 3 0x8000aa78 (0x0ff0000f)
core   0: 0x8000aa7c (0x3cc7b993) sltiu   s3, a5, 972
core   0: 3 0x8000aa7c (0x3cc7b993) x19 0x00000000
core   0: 0x8000aa80 (0x000010fd) c.addi  ra, -1
core   0: 3 0x8000aa80 (0x10fd) x 1 0xffffffff
core   0: 0x8000aa82 (0x02f606b3) mul     a3, a2, a5
core   0: 3 0x8000aa82 (0x02f606b3) x13 0x30690110
core   0: 0x8000aa86 (0x01c48c63) beq     s1, t3, pc + 24
core   0: 3 0x8000aa86 (0x01c48c63)
core   0: 0x8000aa8a (0x5e9d3413) sltiu   s0, s10, 1513
core   0: 3 0x8000aa8a (0x5e9d3413) x 8 0x00000000
core   0: 0x8000aa8e (0x00009532) c.add   a0, a2
core   0: 3 0x8000aa8e (0x9532) x10 0x80029ce4
core   0: 0x8000aa90 (0x00000498) c.addi4spn a4, sp, 576
core   0: 3 0x8000aa90 (0x0498) x14 0xd8de2240
core   0: 0x8000aa92 (0x03623c33) mulhu   s8, tp, s6
core   0: 3 0x8000aa92 (0x03623c33) x24 0x000017ff
core   0: 0x8000aa96 (0x02c8f033) remu    zero, a7, a2
core   0: 3 0x8000aa96 (0x02c8f033)
core   0: 0x8000aa9a (0xb964f693) andi    a3, s1, -1130
core   0: 3 0x8000aa9a (0xb964f693) x13 0x00000000
core   0: 0x8000aa9e (0xdbf8a313) slti    t1, a7, -577
core   0: 3 0x8000aa9e (0xdbf8a313) x 6 0x00000000
core   0: 0x8000aaa2 (0x029a30b3) mulhu   ra, s4, s1
core   0: 3 0x8000aaa2 (0x029a30b3) x 1 0x00000000
core   0: 0x8000aaa6 (0x018e6263) bltu    t3, s8, pc + 4
core   0: 3 0x8000aaa6 (0x018e6263)
core   0: 0x8000aaaa (0x00e7fe63) bgeu    a5, a4, pc + 28
core   0: 3 0x8000aaaa (0x00e7fe63)
core   0: 0x8000aaae (0x001078b3) and     a7, zero, ra
core   0: 3 0x8000aaae (0x001078b3) x17 0x00000000
core   0: 0x8000aab2 (0x011b9fb3) sll     t6, s7, a7
core   0: 3 0x8000aab2 (0x011b9fb3) x31 0x00000003
core   0: 0x8000aab6 (0x031f0c63) beq     t5, a7, pc + 56
core   0: 3 0x8000aab6 (0x031f0c63)
core   0: 0x8000aaba (0x0000c28d) c.beqz  a3, pc + 34
core   0: 3 0x8000aaba (0xc28d)
core   0: 0x8000aadc (0xd26fef93) ori     t6, t6, -730
core   0: 3 0x8000aadc (0xd26fef93) x31 0xfffffd27
core   0: 0x8000aae0 (0x00009d72) c.add   s10, t3
core   0: 3 0x8000aae0 (0x9d72) x26 0x00001d93
core   0: 0x8000aae2 (0x03d535b3) mulhu   a1, a0, t4
core   0: 3 0x8000aae2 (0x03d535b3) x11 0x00000000
core   0: 0x8000aae6 (0x00008dc9) c.or    a1, a0
core   0: 3 0x8000aae6 (0x8dc9) x11 0x80029ce4
core   0: 0x8000aae8 (0x057b8263) beq     s7, s7, pc + 68
core   0: 3 0x8000aae8 (0x057b8263)
core   0: 0x8000ab2c (0x000089dd) c.andi  a1, 23
core   0: 3 0x8000ab2c (0x89dd) x11 0x00000004
core   0: 0x8000ab2e (0x00008419) c.srai  s0, 6
core   0: 3 0x8000ab2e (0x8419) x 8 0x00000000
core   0: 0x8000ab30 (0x43f4a113) slti    sp, s1, 1087
core   0: 3 0x8000ab30 (0x43f4a113) x 2 0x00000001
core   0: 0x8000ab34 (0x00009e5e) c.add   t3, s7
core   0: 3 0x8000ab34 (0x9e5e) x28 0x00001e13
core   0: 0x8000ab36 (0x00008d85) c.sub   a1, s1
core   0: 3 0x8000ab36 (0x8d85) x11 0x00000004
core   0: 0x8000ab38 (0x010e0333) add     t1, t3, a6
core   0: 3 0x8000ab38 (0x010e0333) x 6 0x00001e90
core   0: 0x8000ab3c (0x0000880d) c.andi  s0, 3
core   0: 3 0x8000ab3c (0x880d) x 8 0x00000000
core   0: 0x8000ab3e (0x000044a9) c.li    s1, 10
core   0: 3 0x8000ab3e (0x44a9) x 9 0x0000000a
core   0: 0x8000ab40 (0x8b469917) auipc   s2, 0x8b469
core   0: 3 0x8000ab40 (0x8b469917) x18 0x0b473b40
core   0: 0x8000ab44 (0x0011d563) bge     gp, ra, pc + 10
core   0: 3 0x8000ab44 (0x0011d563)
core   0: 0x8000ab4e (0x00008ea9) c.xor   a3, a0
core   0: 3 0x8000ab4e (0x8ea9) x13 0x80029ce4
core   0: 0x8000ab50 (0x00891293) slli    t0, s2, 8
core   0: 3 0x8000ab50 (0x00891293) x 5 0x473b4000
core   0: 0x8000ab54 (0x02fec9b3) div     s3, t4, a5
core   0: 3 0x8000ab54 (0x02fec9b3) x19 0x00000000
core   0: 0x8000ab58 (0x1887fd13) andi    s10, a5, 392
core   0: 3 0x8000ab58 (0x1887fd13) x26 0x00000000
core   0: 0x8000ab5c (0x00008c69) c.and   s0, a0
core   0: 3 0x8000ab5c (0x8c69) x 8 0x00000000
core   0: 0x8000ab5e (0x006c5213) srli    tp, s8, 6
core   0: 3 0x8000ab5e (0x006c5213) x 4 0x0000005f
core   0: 0x8000ab62 (0x00008c09) c.sub   s0, a0
core   0: 3 0x8000ab62 (0x8c09) x 8 0x7ffd631c
core   0: 0x8000ab64 (0x00000001) c.nop
core   0: 3 0x8000ab64 (0x0001)
core   0: 0x8000ab66 (0x0000e985) c.bnez  a1, pc + 48
core   0: 3 0x8000ab66 (0xe985)
core   0: 0x8000ab96 (0x40085433) sra     s0, a6, zero
core   0: 3 0x8000ab96 (0x40085433) x 8 0x0000007d
core   0: 0x8000ab9a (0x031f5fb3) divu    t6, t5, a7
core   0: 3 0x8000ab9a (0x031f5fb3) x31 0xffffffff
core   0: 0x8000ab9e (0x03f1f563) bgeu    gp, t6, pc + 42
core   0: 3 0x8000ab9e (0x03f1f563)
core   0: 0x8000aba2 (0x00000001) c.nop
core   0: 3 0x8000aba2 (0x0001)
core   0: 0x8000aba4 (0x03b0e9b3) rem     s3, ra, s11
core   0: 3 0x8000aba4 (0x03b0e9b3) x19 0x00000000
core   0: 0x8000aba8 (0x02eb9e33) mulh    t3, s7, a4
core   0: 3 0x8000aba8 (0x02eb9e33) x28 0xffffffff
core   0: 0x8000abac (0xe57d8413) addi    s0, s11, -425
core   0: 3 0x8000abac (0xe57d8413) x 8 0x00000678
core   0: 0x8000abb0 (0x034ff533) remu    a0, t6, s4
core   0: 3 0x8000abb0 (0x034ff533) x10 0xffffffff
core   0: 0x8000abb4 (0x00008d49) c.or    a0, a0
core   0: 3 0x8000abb4 (0x8d49) x10 0xffffffff
core   0: 0x8000abb6 (0x01c6e833) or      a6, a3, t3
core   0: 3 0x8000abb6 (0x01c6e833) x16 0xffffffff
core   0: 0x8000abba (0xf56fe993) ori     s3, t6, -170
core   0: 3 0x8000abba (0xf56fe993) x19 0xffffffff
core   0: 0x8000abbe (0x0000e909) c.bnez  a0, pc + 18
core   0: 3 0x8000abbe (0xe909)
core   0: 0x8000abd0 (0x00008439) c.srai  s0, 14
core   0: 3 0x8000abd0 (0x8439) x 8 0x00000000
core   0: 0x8000abd2 (0x007f4e63) blt     t5, t2, pc + 28
core   0: 3 0x8000abd2 (0x007f4e63)
core   0: 0x8000abee (0x0000cf01) c.beqz  a4, pc + 24
core   0: 3 0x8000abee (0xcf01)
core   0: 0x8000abf0 (0x00008c85) c.sub   s1, s1
core   0: 3 0x8000abf0 (0x8c85) x 9 0x00000000
core   0: 0x8000abf2 (0x02425a63) bge     tp, tp, pc + 52
core   0: 3 0x8000abf2 (0x02425a63)
core   0: 0x8000ac26 (0x02f4b733) mulhu   a4, s1, a5
core   0: 3 0x8000ac26 (0x02f4b733) x14 0x00000000
core   0: 0x8000ac2a (0x9c2ebc93) sltiu   s9, t4, -1598
core   0: 3 0x8000ac2a (0x9c2ebc93) x25 0x00000001
core   0: 0x8000ac2e (0x000048cd) c.li    a7, 19
core   0: 3 0x8000ac2e (0x48cd) x17 0x00000013
core   0: 0x8000ac30 (0x0240c4b3) div     s1, ra, tp
core   0: 3 0x8000ac30 (0x0240c4b3) x 9 0x00000000
core   0: 0x8000ac34 (0x01c73a33) sltu    s4, a4, t3
core   0: 3 0x8000ac34 (0x01c73a33) x20 0x00000001
core   0: 0x8000ac38 (0xbaccfd93) andi    s11, s9, -1108
core   0: 3 0x8000ac38 (0xbaccfd93) x27 0x00000000
core   0: 0x8000ac3c (0x00de1033) sll     zero, t3, a3
core   0: 3 0x8000ac3c (0x00de1033)
core   0: 0x8000ac40 (0x408a8c33) sub     s8, s5, s0
core   0: 3 0x8000ac40 (0x408a8c33) x24 0x00000000
core   0: 0x8000ac44 (0x26115f37) lui     t5, 0x26115
core   0: 3 0x8000ac44 (0x26115f37) x30 0x26115000
core   0: 0x8000ac48 (0x03e1ec33) rem     s8, gp, t5
core   0: 3 0x8000ac48 (0x03e1ec33) x24 0x0000007d
core   0: 0x8000ac4c (0x40f0df33) sra     t5, ra, a5
core   0: 3 0x8000ac4c (0x40f0df33) x30 0x00000000
core   0: 0x8000ac50 (0x00008f0d) c.sub   a4, a1
core   0: 3 0x8000ac50 (0x8f0d) x14 0xfffffffc
core   0: 0x8000ac52 (0x01c1c663) blt     gp, t3, pc + 12
core   0: 3 0x8000ac52 (0x01c1c663)
core   0: 0x8000ac56 (0x0000100f) fence.i
core   0: 3 0x8000ac56 (0x0000100f)
core   0: 0x8000ac5a (0x03431163) bne     t1, s4, pc + 34
core   0: 3 0x8000ac5a (0x03431163)
core   0: 0x8000ac7c (0x0000858d) c.srai  a1, 3
core   0: 3 0x8000ac7c (0x858d) x11 0x00000000
core   0: 0x8000ac7e (0x0317e9b3) rem     s3, a5, a7
core   0: 3 0x8000ac7e (0x0317e9b3) x19 0xfffffff0
core   0: 0x8000ac82 (0x41cb5c93) srai    s9, s6, 28
core   0: 3 0x8000ac82 (0x41cb5c93) x25 0x00000000
core   0: 0x8000ac86 (0x01c40763) beq     s0, t3, pc + 14
core   0: 3 0x8000ac86 (0x01c40763)
core   0: 0x8000ac8a (0x00000725) c.addi  a4, 9
core   0: 3 0x8000ac8a (0x0725) x14 0x00000005
core   0: 0x8000ac8c (0x402a0d33) sub     s10, s4, sp
core   0: 3 0x8000ac8c (0x402a0d33) x26 0x00000000
core   0: 0x8000ac90 (0x00e76433) or      s0, a4, a4
core   0: 3 0x8000ac90 (0x00e76433) x 8 0x00000005
core   0: 0x8000ac94 (0x0000ee81) c.bnez  a3, pc + 24
core   0: 3 0x8000ac94 (0xee81)
core   0: 0x8000acac (0x000012fd) c.addi  t0, -1
core   0: 3 0x8000acac (0x12fd) x 5 0x473b3fff
core   0: 0x8000acae (0x00545b93) srli    s7, s0, 5
core   0: 3 0x8000acae (0x00545b93) x23 0x00000000
core   0: 0x8000acb2 (0x00008d0d) c.sub   a0, a1
core   0: 3 0x8000acb2 (0x8d0d) x10 0xffffffff
core   0: 0x8000acb4 (0x029195b3) mulh    a1, gp, s1
core   0: 3 0x8000acb4 (0x029195b3) x11 0x00000000
core   0: 0x8000acb8 (0x00c6e8b3) or      a7, a3, a2
core   0: 3 0x8000acb8 (0x00c6e8b3) x17 0x80029ce4
core   0: 0x8000acbc (0x0159de33) srl     t3, s3, s5
core   0: 3 0x8000acbc (0x0159de33) x28 0xfffffff0
core   0: 0x8000acc0 (0x00008c81) c.sub   s1, s0
core   0: 3 0x8000acc0 (0x8c81) x 9 0xfffffffb
core   0: 0x8000acc2 (0x035a6fb3) rem     t6, s4, s5
core   0: 3 0x8000acc2 (0x035a6fb3) x31 0x00000001
core   0: 0x8000acc6 (0x030ebd33) mulhu   s10, t4, a6
core   0: 3 0x8000acc6 (0x030ebd33) x26 0x00000000
core   0: 0x8000acca (0x0400c263) bltz    ra, pc + 68
core   0: 3 0x8000acca (0x0400c263)
core   0: 0x8000acce (0x00009afd) c.andi  a3, -1
core   0: 3 0x8000acce (0x9afd) x13 0x80029ce4
core   0: 0x8000acd0 (0x03652933) mulhsu  s2, a0, s6
core   0: 3 0x8000acd0 (0x03652933) x18 0xffffffff
core   0: 0x8000acd4 (0x00000001) c.nop
core   0: 3 0x8000acd4 (0x0001)
core   0: 0x8000acd6 (0x0000817a) c.mv    sp, t5
core   0: 3 0x8000acd6 (0x817a) x 2 0x00000000
core   0: 0x8000acd8 (0x00006735) c.lui   a4, 0xd
core   0: 3 0x8000acd8 (0x6735) x14 0x0000d000
core   0: 0x8000acda (0x0006f033) and     zero, a3, zero
core   0: 3 0x8000acda (0x0006f033)
core   0: 0x8000acde (0x03c5fd93) andi    s11, a1, 60
core   0: 3 0x8000acde (0x03c5fd93) x27 0x00000000
core   0: 0x8000ace2 (0x00008cb1) c.xor   s1, a2
core   0: 3 0x8000ace2 (0x8cb1) x 9 0x7ffd631f
core   0: 0x8000ace4 (0x00aa5fb3) srl     t6, s4, a0
core   0: 3 0x8000ace4 (0x00aa5fb3) x31 0x00000000
core   0: 0x8000ace8 (0x01e6b5b3) sltu    a1, a3, t5
core   0: 3 0x8000ace8 (0x01e6b5b3) x11 0x00000000
core   0: 0x8000acec (0x044a8713) addi    a4, s5, 68
core   0: 3 0x8000acec (0x044a8713) x14 0x00000044
core   0: 0x8000acf0 (0x00000c3a) c.slli  s8, 14
core   0: 3 0x8000acf0 (0x0c3a) x24 0x001f4000
core   0: 0x8000acf2 (0x021d6663) bltu    s10, ra, pc + 44
core   0: 3 0x8000acf2 (0x021d6663)
core   0: 0x8000acf6 (0x00a81f33) sll     t5, a6, a0
core   0: 3 0x8000acf6 (0x00a81f33) x30 0x80000000
core   0: 0x8000acfa (0x857eca93) xori    s5, t4, -1961
core   0: 3 0x8000acfa (0x857eca93) x21 0xfffff857
core   0: 0x8000acfe (0x4c06da97) auipc   s5, 0x4c06d
core   0: 3 0x8000acfe (0x4c06da97) x21 0xcc077cfe
core   0: 0x8000ad02 (0x0062a1b3) slt     gp, t0, t1
core   0: 3 0x8000ad02 (0x0062a1b3) x 3 0x00000000
core   0: 0x8000ad06 (0x51908913) addi    s2, ra, 1305
core   0: 3 0x8000ad06 (0x51908913) x18 0x00000519
core   0: 0x8000ad0a (0x3b1f0693) addi    a3, t5, 945
core   0: 3 0x8000ad0a (0x3b1f0693) x13 0x800003b1
core   0: 0x8000ad0e (0x00008c39) c.xor   s0, a4
core   0: 3 0x8000ad0e (0x8c39) x 8 0x00000041
core   0: 0x8000ad10 (0x00000b2a) c.slli  s6, 10
core   0: 3 0x8000ad10 (0x0b2a) x22 0x00c00000
core   0: 0x8000ad12 (0x007b7e63) bgeu    s6, t2, pc + 28
core   0: 3 0x8000ad12 (0x007b7e63)
core   0: 0x8000ad2e (0x0000882e) c.mv    a6, a1
core   0: 3 0x8000ad2e (0x882e) x16 0x00000000
core   0: 0x8000ad30 (0x170ee213) ori     tp, t4, 368
core   0: 3 0x8000ad30 (0x170ee213) x 4 0x00000170
core   0: 0x8000ad34 (0x01b1f3b3) and     t2, gp, s11
core   0: 3 0x8000ad34 (0x01b1f3b3) x 7 0x00000000
core   0: 0x8000ad38 (0x02998963) beq     s3, s1, pc + 50
core   0: 3 0x8000ad38 (0x02998963)
core   0: 0x8000ad3c (0x02a06963) bltu    zero, a0, pc + 50
core   0: 3 0x8000ad3c (0x02a06963)
core   0: 0x8000ad6e (0x0315e863) bltu    a1, a7, pc + 48
core   0: 3 0x8000ad6e (0x0315e863)
core   0: 0x8000ad9e (0x03fed433) divu    s0, t4, t6
core   0: 3 0x8000ad9e (0x03fed433) x 8 0xffffffff
core   0: 0x8000ada2 (0x000059fd) c.li    s3, -1
core   0: 3 0x8000ada2 (0x59fd) x19 0xffffffff
core   0: 0x8000ada4 (0x00edc263) blt     s11, a4, pc + 4
core   0: 3 0x8000ada4 (0x00edc263)
core   0: 0x8000ada8 (0x021c4333) div     t1, s8, ra
core   0: 3 0x8000ada8 (0x021c4333) x 6 0xffffffff
core   0: 0x8000adac (0x0000c139) c.beqz  a0, pc + 70
core   0: 3 0x8000adac (0xc139)
core   0: 0x8000adae (0x92a8b497) auipc   s1, 0x92a8b
core   0: 3 0x8000adae (0x92a8b497) x 9 0x12a95dae
core   0: 0x8000adb2 (0x026cb1b3) mulhu   gp, s9, t1
core   0: 3 0x8000adb2 (0x026cb1b3) x 3 0x00000000
core   0: 0x8000adb6 (0x02948c63) beq     s1, s1, pc + 56
core   0: 3 0x8000adb6 (0x02948c63)
core   0: 0x8000adee (0x0104c433) xor     s0, s1, a6
core   0: 3 0x8000adee (0x0104c433) x 8 0x12a95dae
core   0: 0x8000adf2 (0x01719a63) bne     gp, s7, pc + 20
core   0: 3 0x8000adf2 (0x01719a63)
core   0: 0x8000adf6 (0x00000104) c.addi4spn s1, sp, 128
core   0: 3 0x8000adf6 (0x0104) x 9 0x00000080
core   0: 0x8000adf8 (0x000098fd) c.andi  s1, -1
core   0: 3 0x8000adf8 (0x98fd) x 9 0x00000080
core   0: 0x8000adfa (0x4b9ff337) lui     t1, 0x4b9ff
core   0: 3 0x8000adfa (0x4b9ff337) x 6 0x4b9ff000
core   0: 0x8000adfe (0x29e7c393) xori    t2, a5, 670
core   0: 3 0x8000adfe (0x29e7c393) x 7 0x80025cfa
core   0: 0x8000ae02 (0x03498333) mul     t1, s3, s4
core   0: 3 0x8000ae02 (0x03498333) x 6 0xffffffff
core   0: 0x8000ae06 (0x00a9f5b3) and     a1, s3, a0
core   0: 3 0x8000ae06 (0x00a9f5b3) x11 0xffffffff
core   0: 0x8000ae0a (0x00969433) sll     s0, a3, s1
core   0: 3 0x8000ae0a (0x00969433) x 8 0x800003b1
core   0: 0x8000ae0e (0x000080e5) c.srli  s1, 25
core   0: 3 0x8000ae0e (0x80e5) x 9 0x00000000
core   0: 0x8000ae10 (0x00fbc2b3) xor     t0, s7, a5
core   0: 3 0x8000ae10 (0x00fbc2b3) x 5 0x80025e64
core   0: 0x8000ae14 (0x02b4f5b3) remu    a1, s1, a1
core   0: 3 0x8000ae14 (0x02b4f5b3) x11 0x00000000
core   0: 0x8000ae18 (0x010c8263) beq     s9, a6, pc + 4
core   0: 3 0x8000ae18 (0x010c8263)
core   0: 0x8000ae1c (0x02a23e33) mulhu   t3, tp, a0
core   0: 3 0x8000ae1c (0x02a23e33) x28 0x0000016f
core   0: 0x8000ae20 (0x01371b13) slli    s6, a4, 19
core   0: 3 0x8000ae20 (0x01371b13) x22 0x02200000
core   0: 0x8000ae24 (0x00008d19) c.sub   a0, a4
core   0: 3 0x8000ae24 (0x8d19) x10 0xffffffbb
core   0: 0x8000ae26 (0x71480813) addi    a6, a6, 1812
core   0: 3 0x8000ae26 (0x71480813) x16 0x00000714
core   0: 0x8000ae2a (0x1f0a9fb7) lui     t6, 0x1f0a9
core   0: 3 0x8000ae2a (0x1f0a9fb7) x31 0x1f0a9000
core   0: 0x8000ae2e (0x0000068d) c.addi  a3, 3
core   0: 3 0x8000ae2e (0x068d) x13 0x800003b4
core   0: 0x8000ae30 (0x00008319) c.srli  a4, 6
core   0: 3 0x8000ae30 (0x8319) x14 0x00000001
core   0: 0x8000ae32 (0x000019fd) c.addi  s3, -1
core   0: 3 0x8000ae32 (0x19fd) x19 0xfffffffe
core   0: 0x8000ae34 (0x01065d13) srli    s10, a2, 16
core   0: 3 0x8000ae34 (0x01065d13) x26 0x00008002
core   0: 0x8000ae38 (0x033f5333) divu    t1, t5, s3
core   0: 3 0x8000ae38 (0x033f5333) x 6 0x00000000
core   0: 0x8000ae3c (0x005ad913) srli    s2, s5, 5
core   0: 3 0x8000ae3c (0x005ad913) x18 0x06603be7
core   0: 0x8000ae40 (0x30983393) sltiu   t2, a6, 777
core   0: 3 0x8000ae40 (0x30983393) x 7 0x00000000
core   0: 0x8000ae44 (0x7ff86393) ori     t2, a6, 2047
core   0: 3 0x8000ae44 (0x7ff86393) x 7 0x000007ff
core   0: 0x8000ae48 (0x024c0fb3) mul     t6, s8, tp
core   0: 3 0x8000ae48 (0x024c0fb3) x31 0x2cec0000
core   0: 0x8000ae4c (0x03b3a133) mulhsu  sp, t2, s11
core   0: 3 0x8000ae4c (0x03b3a133) x 2 0x00000000
core   0: 0x8000ae50 (0x02d0c433) div     s0, ra, a3
core   0: 3 0x8000ae50 (0x02d0c433) x 8 0x00000000
core   0: 0x8000ae54 (0x0000c31d) c.beqz  a4, pc + 38
core   0: 3 0x8000ae54 (0xc31d)
core   0: 0x8000ae56 (0x00005b7d) c.li    s6, -1
core   0: 3 0x8000ae56 (0x5b7d) x22 0xffffffff
core   0: 0x8000ae58 (0x00000001) c.nop
core   0: 3 0x8000ae58 (0x0001)
core   0: 0x8000ae5a (0x2c465597) auipc   a1, 0x2c465
core   0: 3 0x8000ae5a (0x2c465597) x11 0xac46fe5a
core   0: 0x8000ae5e (0x03bd4f63) blt     s10, s11, pc + 62
core   0: 3 0x8000ae5e (0x03bd4f63)
core   0: 0x8000ae62 (0x00008c01) c.sub   s0, s0
core   0: 3 0x8000ae62 (0x8c01) x 8 0x00000000
core   0: 0x8000ae64 (0x039d81b3) mul     gp, s11, s9
core   0: 3 0x8000ae64 (0x039d81b3) x 3 0x00000000
core   0: 0x8000ae68 (0x00009aca) c.add   s5, s2
core   0: 3 0x8000ae68 (0x9aca) x21 0xd267b8e5
core   0: 0x8000ae6a (0x0000100f) fence.i
core   0: 3 0x8000ae6a (0x0000100f)
core   0: 0x8000ae6e (0xb232ff93) andi    t6, t0, -1245
core   0: 3 0x8000ae6e (0xb232ff93) x31 0x80025a20
core   0: 0x8000ae72 (0x000082e1) c.srli  a3, 24
core   0: 3 0x8000ae72 (0x82e1) x13 0x00000080
core   0: 0x8000ae74 (0x0000100f) fence.i
core   0: 3 0x8000ae74 (0x0000100f)
core   0: 0x8000ae78 (0x0000832d) c.srli  a4, 11
core   0: 3 0x8000ae78 (0x832d) x14 0x00000000
core   0: 0x8000ae7a (0x0000688d) c.lui   a7, 0x3
core   0: 3 0x8000ae7a (0x688d) x17 0x00003000
core   0: 0x8000ae7c (0x00008c79) c.and   s0, a4
core   0: 3 0x8000ae7c (0x8c79) x 8 0x00000000
core   0: 0x8000ae7e (0x00006149) c.addi16sp sp, 144
core   0: 3 0x8000ae7e (0x6149) x 2 0x00000090
core   0: 0x8000ae80 (0x01921d93) slli    s11, tp, 25
core   0: 3 0x8000ae80 (0x01921d93) x27 0xe0000000
core   0: 0x8000ae84 (0x005462b3) or      t0, s0, t0
core   0: 3 0x8000ae84 (0x005462b3) x 5 0x80025e64
core   0: 0x8000ae88 (0x03944163) blt     s0, s9, pc + 34
core   0: 3 0x8000ae88 (0x03944163)
core   0: 0x8000ae8c (0x00008fb2) c.mv    t6, a2
core   0: 3 0x8000ae8c (0x8fb2) x31 0x80029ce4
core   0: 0x8000ae8e (0x9efb8193) addi    gp, s7, -1553
core   0: 3 0x8000ae8e (0x9efb8193) x 3 0xfffff9ef
core   0: 0x8000ae92 (0x03c7d833) divu    a6, a5, t3
core   0: 3 0x8000ae92 (0x03c7d833) x16 0x00594ae5
core   0: 0x8000ae96 (0x00008ce9) c.and   s1, a0
core   0: 3 0x8000ae96 (0x8ce9) x 9 0x00000000
core   0: 0x8000ae98 (0x0209c333) div     t1, s3, zero
core   0: 3 0x8000ae98 (0x0209c333) x 6 0xffffffff
core   0: 0x8000ae9c (0x0000621d) c.lui   tp, 0x7
core   0: 3 0x8000ae9c (0x621d) x 4 0x00007000
core   0: 0x8000ae9e (0x9072cf93) xori    t6, t0, -1785
core   0: 3 0x8000ae9e (0x9072cf93) x31 0x7ffda763
core   0: 0x8000aea2 (0x024723b3) mulhsu  t2, a4, tp
core   0: 3 0x8000aea2 (0x024723b3) x 7 0x00000000
core   0: 0x8000aea6 (0x0000ee8d) c.bnez  a3, pc + 58
core   0: 3 0x8000aea6 (0xee8d)
core   0: 0x8000aee0 (0x0010f6b3) and     a3, ra, ra
core   0: 3 0x8000aee0 (0x0010f6b3) x13 0x00000000
core   0: 0x8000aee4 (0x00c41263) bne     s0, a2, pc + 4
core   0: 3 0x8000aee4 (0x00c41263)
core   0: 0x8000aee8 (0x038ca9b3) mulhsu  s3, s9, s8
core   0: 3 0x8000aee8 (0x038ca9b3) x19 0x00000000
core   0: 0x8000aeec (0x00008421) c.srai  s0, 8
core   0: 3 0x8000aeec (0x8421) x 8 0x00000000
core   0: 0x8000aeee (0x00008559) c.srai  a0, 22
core   0: 3 0x8000aeee (0x8559) x10 0xffffffff
core   0: 0x8000aef0 (0x000642b3) xor     t0, a2, zero
core   0: 3 0x8000aef0 (0x000642b3) x 5 0x80029ce4
core   0: 0x8000aef4 (0x41dedb33) sra     s6, t4, t4
core   0: 3 0x8000aef4 (0x41dedb33) x22 0x00000000
core   0: 0x8000aef8 (0x0117bc33) sltu    s8, a5, a7
core   0: 3 0x8000aef8 (0x0117bc33) x24 0x00000000
core   0: 0x8000aefc (0x00009dbe) c.add   s11, a5
core   0: 3 0x8000aefc (0x9dbe) x27 0x60025e64
core   0: 0x8000aefe (0x0000137d) c.addi  t1, -1
core   0: 3 0x8000aefe (0x137d) x 6 0xfffffffe
core   0: 0x8000af00 (0x01fa4263) blt     s4, t6, pc + 4
core   0: 3 0x8000af00 (0x01fa4263)
core   0: 0x8000af04 (0x00008cb9) c.xor   s1, a4
core   0: 3 0x8000af04 (0x8cb9) x 9 0x00000000
core   0: 0x8000af06 (0x000010fd) c.addi  ra, -1
core   0: 3 0x8000af06 (0x10fd) x 1 0xffffffff
core   0: 0x8000af08 (0x02380133) mul     sp, a6, gp
core   0: 3 0x8000af08 (0x02380133) x 2 0xe250a8cb
core   0: 0x8000af0c (0x001fd313) srli    t1, t6, 1
core   0: 3 0x8000af0c (0x001fd313) x 6 0x3ffed3b1
core   0: 0x8000af10 (0x41058733) sub     a4, a1, a6
core   0: 3 0x8000af10 (0x41058733) x14 0xabedb375
core   0: 0x8000af14 (0x000060d5) c.lui   ra, 0x15
core   0: 3 0x8000af14 (0x60d5) x 1 0x00015000
core   0: 0x8000af16 (0x0000818e) c.mv    gp, gp
core   0: 3 0x8000af16 (0x818e) x 3 0xfffff9ef
core   0: 0x8000af18 (0x0393ce33) div     t3, t2, s9
core   0: 3 0x8000af18 (0x0393ce33) x28 0xffffffff
core   0: 0x8000af1c (0x40595d93) srai    s11, s2, 5
core   0: 3 0x8000af1c (0x40595d93) x27 0x003301df
core   0: 0x8000af20 (0x000086f5) c.srai  a3, 29
core   0: 3 0x8000af20 (0x86f5) x13 0x00000000
core   0: 0x8000af22 (0x02548c63) beq     s1, t0, pc + 56
core   0: 3 0x8000af22 (0x02548c63)
core   0: 0x8000af26 (0x03e10d63) beq     sp, t5, pc + 58
core   0: 3 0x8000af26 (0x03e10d63)
core   0: 0x8000af2a (0x014696b3) sll     a3, a3, s4
core   0: 3 0x8000af2a (0x014696b3) x13 0x00000000
core   0: 0x8000af2e (0x00000001) c.nop
core   0: 3 0x8000af2e (0x0001)
core   0: 0x8000af30 (0x01bd2333) slt     t1, s10, s11
core   0: 3 0x8000af30 (0x01bd2333) x 6 0x00000001
core   0: 0x8000af34 (0x038e7d33) remu    s10, t3, s8
core   0: 3 0x8000af34 (0x038e7d33) x26 0xffffffff
core   0: 0x8000af38 (0x00008e76) c.mv    t3, t4
core   0: 3 0x8000af38 (0x8e76) x28 0x00000000
core   0: 0x8000af3a (0x0238b2b3) mulhu   t0, a7, gp
core   0: 3 0x8000af3a (0x0238b2b3) x 5 0x00002fff
core   0: 0x8000af3e (0x03317963) bgeu    sp, s3, pc + 50
core   0: 3 0x8000af3e (0x03317963)
core   0: 0x8000af70 (0x0021db63) bge     gp, sp, pc + 22
core   0: 3 0x8000af70 (0x0021db63)
core   0: 0x8000af86 (0x41608833) sub     a6, ra, s6
core   0: 3 0x8000af86 (0x41608833) x16 0x00015000
core   0: 0x8000af8a (0x016973b3) and     t2, s2, s6
core   0: 3 0x8000af8a (0x016973b3) x 7 0x00000000
core   0: 0x8000af8e (0x67d0f113) andi    sp, ra, 1661
core   0: 3 0x8000af8e (0x67d0f113) x 2 0x00000000
core   0: 0x8000af92 (0x0000717d) c.addi16sp sp, -16
core   0: 3 0x8000af92 (0x717d) x 2 0xfffffff0
core   0: 0x8000af94 (0x0000e495) c.bnez  s1, pc + 44
core   0: 3 0x8000af94 (0xe495)
core   0: 0x8000af96 (0xa8a8ce13) xori    t3, a7, -1398
core   0: 3 0x8000af96 (0xa8a8ce13) x28 0xffffca8a
core   0: 0x8000af9a (0x03a16433) rem     s0, sp, s10
core   0: 3 0x8000af9a (0x03a16433) x 8 0x00000000
core   0: 0x8000af9e (0x03a1f563) bgeu    gp, s10, pc + 42
core   0: 3 0x8000af9e (0x03a1f563)
core   0: 0x8000afa2 (0x00001a14) c.addi4spn a3, sp, 304
core   0: 3 0x8000afa2 (0x1a14) x13 0x00000120
core   0: 0x8000afa4 (0x00008299) c.srli  a3, 6
core   0: 3 0x8000afa4 (0x8299) x13 0x00000004
core   0: 0x8000afa6 (0x00026333) or      t1, tp, zero
core   0: 3 0x8000afa6 (0x00026333) x 6 0x00007000
core   0: 0x8000afaa (0x000062f5) c.lui   t0, 0x1d
core   0: 3 0x8000afaa (0x62f5) x 5 0x0001d000
core   0: 0x8000afac (0x00000001) c.nop
core   0: 3 0x8000afac (0x0001)
core   0: 0x8000afae (0x00000001) c.nop
core   0: 3 0x8000afae (0x0001)
core   0: 0x8000afb0 (0x00006165) c.addi16sp sp, 112
core   0: 3 0x8000afb0 (0x6165) x 2 0x00000060
core   0: 0x8000afb2 (0x0361e9b3) rem     s3, gp, s6
core   0: 3 0x8000afb2 (0x0361e9b3) x19 0xfffff9ef
core   0: 0x8000afb6 (0x01549ab3) sll     s5, s1, s5
core   0: 3 0x8000afb6 (0x01549ab3) x21 0x00000000
core   0: 0x8000afba (0x00006229) c.lui   tp, 0xa
core   0: 3 0x8000afba (0x6229) x 4 0x0000a000
core   0: 0x8000afbc (0x00fbf263) bgeu    s7, a5, pc + 4
core   0: 3 0x8000afbc (0x00fbf263)
core   0: 0x8000afc0 (0x035c3bb3) mulhu   s7, s8, s5
core   0: 3 0x8000afc0 (0x035c3bb3) x23 0x00000000
core   0: 0x8000afc4 (0x000045c9) c.li    a1, 18
core   0: 3 0x8000afc4 (0x45c9) x11 0x00000012
core   0: 0x8000afc6 (0x0000875d) c.srai  a4, 23
core   0: 3 0x8000afc6 (0x875d) x14 0xffffff57
core   0: 0x8000afc8 (0x0000100f) fence.i
core   0: 3 0x8000afc8 (0x0000100f)
core   0: 0x8000afcc (0x00000b7e) c.slli  s6, 31
core   0: 3 0x8000afcc (0x0b7e) x22 0x00000000
core   0: 0x8000afce (0x01932d33) slt     s10, t1, s9
core   0: 3 0x8000afce (0x01932d33) x26 0x00000000
core   0: 0x8000afd2 (0x8e50a993) slti    s3, ra, -1819
core   0: 3 0x8000afd2 (0x8e50a993) x19 0x00000000
core   0: 0x8000afd6 (0x00000001) c.nop
core   0: 3 0x8000afd6 (0x0001)
core   0: 0x8000afd8 (0x01e21ab3) sll     s5, tp, t5
core   0: 3 0x8000afd8 (0x01e21ab3) x21 0x0000a000
core   0: 0x8000afdc (0x03e41bb3) mulh    s7, s0, t5
core   0: 3 0x8000afdc (0x03e41bb3) x23 0x00000000
core   0: 0x8000afe0 (0x0000cc89) c.beqz  s1, pc + 26
core   0: 3 0x8000afe0 (0xcc89)
core   0: 0x8000affa (0x02b51ab3) mulh    s5, a0, a1
core   0: 3 0x8000affa (0x02b51ab3) x21 0xffffffff
core   0: 0x8000affe (0x03236863) bltu    t1, s2, pc + 48
core   0: 3 0x8000affe (0x03236863)
core   0: 0x8000b02e (0x07917563) bgeu    sp, s9, pc + 106
core   0: 3 0x8000b02e (0x07917563)
core   0: 0x8000b098 (0x404182b3) sub     t0, gp, tp
core   0: 3 0x8000b098 (0x404182b3) x 5 0xffff59ef
core   0: 0x8000b09c (0x006c6e33) or      t3, s8, t1
core   0: 3 0x8000b09c (0x006c6e33) x28 0x00007000
core   0: 0x8000b0a0 (0x00790d33) add     s10, s2, t2
core   0: 3 0x8000b0a0 (0x00790d33) x26 0x06603be7
core   0: 0x8000b0a4 (0x00f9f5b3) and     a1, s3, a5
core   0: 3 0x8000b0a4 (0x00f9f5b3) x11 0x00000000
core   0: 0x8000b0a8 (0x00008d15) c.sub   a0, a3
core   0: 3 0x8000b0a8 (0x8d15) x10 0xfffffffb
core   0: 0x8000b0aa (0x01db1db3) sll     s11, s6, t4
core   0: 3 0x8000b0aa (0x01db1db3) x27 0x00000000
core   0: 0x8000b0ae (0x009cdd63) bge     s9, s1, pc + 26
core   0: 3 0x8000b0ae (0x009cdd63)
core   0: 0x8000b0c8 (0x7cdee517) auipc   a0, 0x7cdee
core   0: 3 0x8000b0c8 (0x7cdee517) x10 0xfcdf90c8
core   0: 0x8000b0cc (0x12f32397) auipc   t2, 0x12f32
core   0: 3 0x8000b0cc (0x12f32397) x 7 0x92f3d0cc
core   0: 0x8000b0d0 (0x47adaa97) auipc   s5, 0x47ada
core   0: 3 0x8000b0d0 (0x47adaa97) x21 0xc7ae50d0
core   0: 0x8000b0d4 (0x00008de1) c.and   a1, s0
core   0: 3 0x8000b0d4 (0x8de1) x11 0x00000000
core   0: 0x8000b0d6 (0x0ff0000f) fence   iorw,iorw
core   0: 3 0x8000b0d6 (0x0ff0000f)
core   0: 0x8000b0da (0x00d36763) bltu    t1, a3, pc + 14
core   0: 3 0x8000b0da (0x00d36763)
core   0: 0x8000b0de (0x01b28033) add     zero, t0, s11
core   0: 3 0x8000b0de (0x01b28033)
core   0: 0x8000b0e2 (0x000099f2) c.add   s3, t3
core   0: 3 0x8000b0e2 (0x99f2) x19 0x00007000
core   0: 0x8000b0e4 (0x028b9f63) bne     s7, s0, pc + 62
core   0: 3 0x8000b0e4 (0x028b9f63)
core   0: 0x8000b0e8 (0x00109e33) sll     t3, ra, ra
core   0: 3 0x8000b0e8 (0x00109e33) x28 0x00015000
core   0: 0x8000b0ec (0x03327833) remu    a6, tp, s3
core   0: 3 0x8000b0ec (0x03327833) x16 0x00003000
core   0: 0x8000b0f0 (0x00008c31) c.xor   s0, a2
core   0: 3 0x8000b0f0 (0x8c31) x 8 0x80029ce4
core   0: 0x8000b0f2 (0x0131edb3) or      s11, gp, s3
core   0: 3 0x8000b0f2 (0x0131edb3) x27 0xfffff9ef
core   0: 0x8000b0f6 (0xd5b43213) sltiu   tp, s0, -677
core   0: 3 0x8000b0f6 (0xd5b43213) x 4 0x00000001
core   0: 0x8000b0fa (0x0000807d) c.srli  s0, 31
core   0: 3 0x8000b0fa (0x807d) x 8 0x00000001
core   0: 0x8000b0fc (0x000001ce) c.slli  gp, 19
core   0: 3 0x8000b0fc (0x01ce) x 3 0xcf780000
core   0: 0x8000b0fe (0xa3543293) sltiu   t0, s0, -1483
core   0: 3 0x8000b0fe (0xa3543293) x 5 0x00000001
core   0: 0x8000b102 (0x00008d45) c.or    a0, s1
core   0: 3 0x8000b102 (0x8d45) x10 0xfcdf90c8
core   0: 0x8000b104 (0x01fc0e33) add     t3, s8, t6
core   0: 3 0x8000b104 (0x01fc0e33) x28 0x7ffda763
core   0: 0x8000b108 (0x01cf7e63) bgeu    t5, t3, pc + 28
core   0: 3 0x8000b108 (0x01cf7e63)
core   0: 0x8000b124 (0x0000cd81) c.beqz  a1, pc + 24
core   0: 3 0x8000b124 (0xcd81)
core   0: 0x8000b13c (0xc3f4ac13) slti    s8, s1, -961
core   0: 3 0x8000b13c (0xc3f4ac13) x24 0x00000000
core   0: 0x8000b140 (0x00354597) auipc   a1, 0x354
core   0: 3 0x8000b140 (0x00354597) x11 0x8035f140
core   0: 0x8000b144 (0x02d75bb3) divu    s7, a4, a3
core   0: 3 0x8000b144 (0x02d75bb3) x23 0x3fffffd5
core   0: 0x8000b148 (0x02c318b3) mulh    a7, t1, a2
core   0: 3 0x8000b148 (0x02c318b3) x17 0xffffc801
core   0: 0x8000b14c (0x00000de5) c.addi  s11, 25
core   0: 3 0x8000b14c (0x0de5) x27 0xfffffa08
core   0: 0x8000b14e (0x00969113) slli    sp, a3, 9
core   0: 3 0x8000b14e (0x00969113) x 2 0x00000800
core   0: 0x8000b152 (0x004eed33) or      s10, t4, tp
core   0: 3 0x8000b152 (0x004eed33) x26 0x00000001
core   0: 0x8000b156 (0x067ef093) andi    ra, t4, 103
core   0: 3 0x8000b156 (0x067ef093) x 1 0x00000000
core   0: 0x8000b15a (0x00008841) c.andi  s0, 16
core   0: 3 0x8000b15a (0x8841) x 8 0x00000000
core   0: 0x8000b15c (0x034556b3) divu    a3, a0, s4
core   0: 3 0x8000b15c (0x034556b3) x13 0xfcdf90c8
core   0: 0x8000b160 (0x00f06b33) or      s6, zero, a5
core   0: 3 0x8000b160 (0x00f06b33) x22 0x80025e64
core   0: 0x8000b164 (0x41ac8733) sub     a4, s9, s10
core   0: 3 0x8000b164 (0x41ac8733) x14 0xffffffff
core   0: 0x8000b168 (0x0000100f) fence.i
core   0: 3 0x8000b168 (0x0000100f)
core   0: 0x8000b16c (0x00005b17) auipc   s6, 0x5
core   0: 3 0x8000b16c (0x00005b17) x22 0x8001016c
core   0: 0x8000b170 (0xfcbb0b13) addi    s6, s6, -53
core   0: 3 0x8000b170 (0xfcbb0b13) x22 0x80010137
core   0: 0x8000b174 (0x02e55c33) divu    s8, a0, a4
core   0: 3 0x8000b174 (0x02e55c33) x24 0x00000000
core   0: 0x8000b178 (0x09ab4383) lbu     t2, 154(s6)
core   0: 3 0x8000b178 (0x09ab4383) x 7 0x00000051 mem 0x800101d1
core   0: 0x8000b17c (0x01876733) or      a4, a4, s8
core   0: 3 0x8000b17c (0x01876733) x14 0xffffffff
core   0: 0x8000b180 (0xf2eb0123) sb      a4, -222(s6)
core   0: 3 0x8000b180 (0xf2eb0123) mem 0x80010059 0xff
core   0: 0x8000b184 (0x00008d39) c.xor   a0, a4
core   0: 3 0x8000b184 (0x8d39) x10 0x03206f37
core   0: 0x8000b186 (0x410803b3) sub     t2, a6, a6
core   0: 3 0x8000b186 (0x410803b3) x 7 0x00000000
core   0: 0x8000b18a (0xef850393) addi    t2, a0, -264
core   0: 3 0x8000b18a (0xef850393) x 7 0x03206e2f
core   0: 0x8000b18e (0x00008762) c.mv    a4, s8
core   0: 3 0x8000b18e (0x8762) x14 0x00000000
core   0: 0x8000b190 (0x00000001) c.nop
core   0: 3 0x8000b190 (0x0001)
core   0: 0x8000b192 (0xf58b0d23) sb      s8, -166(s6)
core   0: 3 0x8000b192 (0xf58b0d23) mem 0x80010091 0x0
core   0: 0x8000b196 (0x0d6b4803) lbu     a6, 214(s6)
core   0: 3 0x8000b196 (0x0d6b4803) x16 0x00000000 mem 0x8001020d
core   0: 0x8000b19a (0x410c0a33) sub     s4, s8, a6
core   0: 3 0x8000b19a (0x410c0a33) x20 0x00000000
core   0: 0x8000b19e (0x2d2073b7) lui     t2, 0x2d207
core   0: 3 0x8000b19e (0x2d2073b7) x 7 0x2d207000
core   0: 0x8000b1a2 (0xfb4b12a3) sh      s4, -91(s6)
core   0: 3 0x8000b1a2 (0xfb4b12a3) mem 0x800100dc 0x0000
core   0: 0x8000b1a6 (0x000093aa) c.add   t2, a0
core   0: 3 0x8000b1a6 (0x93aa) x 7 0x3040df37
core   0: 0x8000b1a8 (0x000003c5) c.addi  t2, 17
core   0: 3 0x8000b1a8 (0x03c5) x 7 0x3040df48
core   0: 0x8000b1aa (0x00009b7d) c.andi  a4, -1
core   0: 3 0x8000b1aa (0x9b7d) x14 0x00000000
core   0: 0x8000b1ac (0x00004c3d) c.li    s8, 15
core   0: 3 0x8000b1ac (0x4c3d) x24 0x0000000f
core   0: 0x8000b1ae (0xfc7b0523) sb      t2, -54(s6)
core   0: 3 0x8000b1ae (0xfc7b0523) mem 0x80010101 0x48
core   0: 0x8000b1b2 (0x02ec7833) remu    a6, s8, a4
core   0: 3 0x8000b1b2 (0x02ec7833) x16 0x0000000f
core   0: 0x8000b1b6 (0x02a753b3) divu    t2, a4, a0
core   0: 3 0x8000b1b6 (0x02a753b3) x 7 0x00000000
core   0: 0x8000b1ba (0x414703b3) sub     t2, a4, s4
core   0: 3 0x8000b1ba (0x414703b3) x 7 0x00000000
core   0: 0x8000b1be (0xf6ab2ca3) sw      a0, -135(s6)
core   0: 3 0x8000b1be (0xf6ab2ca3) mem 0x800100b0 0x03206f37
core   0: 0x8000b1c2 (0x00008d19) c.sub   a0, a4
core   0: 3 0x8000b1c2 (0x8d19) x10 0x03206f37
core   0: 0x8000b1c4 (0xd2a73513) sltiu   a0, a4, -726
core   0: 3 0x8000b1c4 (0xd2a73513) x10 0x00000001
core   0: 0x8000b1c8 (0x054b13a3) sh      s4, 71(s6)
core   0: 3 0x8000b1c8 (0x054b13a3) mem 0x8001017e 0x0000
core   0: 0x8000b1cc (0xf31b1803) lh      a6, -207(s6)
core   0: 3 0x8000b1cc (0xf31b1803) x16 0x000000c0 mem 0x80010068
core   0: 0x8000b1d0 (0x02ac53b3) divu    t2, s8, a0
core   0: 3 0x8000b1d0 (0x02ac53b3) x 7 0x0000000f
core   0: 0x8000b1d4 (0x000093e2) c.add   t2, s8
core   0: 3 0x8000b1d4 (0x93e2) x 7 0x0000001e
core   0: 0x8000b1d6 (0x02e53a33) mulhu   s4, a0, a4
core   0: 3 0x8000b1d6 (0x02e53a33) x20 0x00000000
core   0: 0x8000b1da (0x000013fd) c.addi  t2, -1
core   0: 3 0x8000b1da (0x13fd) x 7 0x0000001d
core   0: 0x8000b1dc (0x0d8b07a3) sb      s8, 207(s6)
core   0: 3 0x8000b1dc (0x0d8b07a3) mem 0x80010206 0xf
core   0: 0x8000b1e0 (0x001abab3) sltu    s5, s5, ra
core   0: 3 0x8000b1e0 (0x001abab3) x21 0x00000000
core   0: 0x8000b1e4 (0x0076b0b3) sltu    ra, a3, t2
core   0: 3 0x8000b1e4 (0x0076b0b3) x 1 0x00000000
core   0: 0x8000b1e8 (0x0000100f) fence.i
core   0: 3 0x8000b1e8 (0x0000100f)
core   0: 0x8000b1ec (0x0000e121) c.bnez  a0, pc + 64
core   0: 3 0x8000b1ec (0xe121)
core   0: 0x8000b22c (0x413854b3) sra     s1, a6, s3
core   0: 3 0x8000b22c (0x413854b3) x 9 0x000000c0
core   0: 0x8000b230 (0x03c0adb3) mulhsu  s11, ra, t3
core   0: 3 0x8000b230 (0x03c0adb3) x27 0x00000000
core   0: 0x8000b234 (0x00853fb3) sltu    t6, a0, s0
core   0: 3 0x8000b234 (0x00853fb3) x31 0x00000000
core   0: 0x8000b238 (0x00008365) c.srli  a4, 25
core   0: 3 0x8000b238 (0x8365) x14 0x00000000
core   0: 0x8000b23a (0xb392b693) sltiu   a3, t0, -1223
core   0: 3 0x8000b23a (0xb392b693) x13 0x00000001
core   0: 0x8000b23e (0x00006ccd) c.lui   s9, 0x13
core   0: 3 0x8000b23e (0x6ccd) x25 0x00013000
core   0: 0x8000b240 (0x00001c7d) c.addi  s8, -1
core   0: 3 0x8000b240 (0x1c7d) x24 0x0000000e
core   0: 0x8000b242 (0x038ff763) bgeu    t6, s8, pc + 46
core   0: 3 0x8000b242 (0x038ff763)
core   0: 0x8000b246 (0x03f3ffb3) remu    t6, t2, t6
core   0: 3 0x8000b246 (0x03f3ffb3) x31 0x0000001d
core   0: 0x8000b24a (0x0000c819) c.beqz  s0, pc + 22
core   0: 3 0x8000b24a (0xc819)
core   0: 0x8000b260 (0x030dd933) divu    s2, s11, a6
core   0: 3 0x8000b260 (0x030dd933) x18 0x00000000
core   0: 0x8000b264 (0x00008d29) c.xor   a0, a0
core   0: 3 0x8000b264 (0x8d29) x10 0x00000000
core   0: 0x8000b266 (0x00000001) c.nop
core   0: 3 0x8000b266 (0x0001)
core   0: 0x8000b268 (0x000063e5) c.lui   t2, 0x19
core   0: 3 0x8000b268 (0x63e5) x 7 0x00019000
core   0: 0x8000b26a (0x03101033) mulh    zero, zero, a7
core   0: 3 0x8000b26a (0x03101033)
core   0: 0x8000b26e (0x00008c99) c.sub   s1, a4
core   0: 3 0x8000b26e (0x8c99) x 9 0x000000c0
core   0: 0x8000b270 (0x0000717d) c.addi16sp sp, -16
core   0: 3 0x8000b270 (0x717d) x 2 0x000007f0
core   0: 0x8000b272 (0x5a357197) auipc   gp, 0x5a357
core   0: 3 0x8000b272 (0x5a357197) x 3 0xda362272
core   0: 0x8000b276 (0x6f2dce37) lui     t3, 0x6f2dc
core   0: 3 0x8000b276 (0x6f2dce37) x28 0x6f2dc000
core   0: 0x8000b27a (0x00008af5) c.andi  a3, 29
core   0: 3 0x8000b27a (0x8af5) x13 0x00000001
core   0: 0x8000b27c (0x00006979) c.lui   s2, 0x1e
core   0: 3 0x8000b27c (0x6979) x18 0x0001e000
core   0: 0x8000b27e (0x00ebf263) bgeu    s7, a4, pc + 4
core   0: 3 0x8000b27e (0x00ebf263)
core   0: 0x8000b282 (0x00640663) beq     s0, t1, pc + 12
core   0: 3 0x8000b282 (0x00640663)
core   0: 0x8000b286 (0x00006151) c.addi16sp sp, 272
core   0: 3 0x8000b286 (0x6151) x 2 0x00000900
core   0: 0x8000b288 (0x000062a1) c.lui   t0, 0x8
core   0: 3 0x8000b288 (0x62a1) x 5 0x00008000
core   0: 0x8000b28a (0x000080fd) c.srli  s1, 31
core   0: 3 0x8000b28a (0x80fd) x 9 0x00000000
core   0: 0x8000b28c (0x0000c805) c.beqz  s0, pc + 48
core   0: 3 0x8000b28c (0xc805)
core   0: 0x8000b2bc (0x0000cb11) c.beqz  a4, pc + 20
core   0: 3 0x8000b2bc (0xcb11)
core   0: 0x8000b2d0 (0x00008dbd) c.xor   a1, a5
core   0: 3 0x8000b2d0 (0x8dbd) x11 0x0037af24
core   0: 0x8000b2d2 (0x0070fb63) bgeu    ra, t2, pc + 22
core   0: 3 0x8000b2d2 (0x0070fb63)
core   0: 0x8000b2d6 (0x7b540b13) addi    s6, s0, 1973
core   0: 3 0x8000b2d6 (0x7b540b13) x22 0x000007b5
core   0: 0x8000b2da (0x01765463) bge     a2, s7, pc + 8
core   0: 3 0x8000b2da (0x01765463)
core   0: 0x8000b2de (0x00009e26) c.add   t3, s1
core   0: 3 0x8000b2de (0x9e26) x28 0x6f2dc000
core   0: 0x8000b2e0 (0x00000e49) c.addi  t3, 18
core   0: 3 0x8000b2e0 (0x0e49) x28 0x6f2dc012
core   0: 0x8000b2e2 (0x00008c49) c.or    s0, a0
core   0: 3 0x8000b2e2 (0x8c49) x 8 0x00000000
core   0: 0x8000b2e4 (0x00008abd) c.andi  a3, 15
core   0: 3 0x8000b2e4 (0x8abd) x13 0x00000001
core   0: 0x8000b2e6 (0x00000001) c.nop
core   0: 3 0x8000b2e6 (0x0001)
core   0: 0x8000b2e8 (0x402cdf13) srai    t5, s9, 2
core   0: 3 0x8000b2e8 (0x402cdf13) x30 0x00004c00
core   0: 0x8000b2ec (0x00006109) c.addi16sp sp, 128
core   0: 3 0x8000b2ec (0x6109) x 2 0x00000980
core   0: 0x8000b2ee (0xed7f4b93) xori    s7, t5, -297
core   0: 3 0x8000b2ee (0xed7f4b93) x23 0xffffb2d7
core   0: 0x8000b2f2 (0x00008f2d) c.xor   a4, a1
core   0: 3 0x8000b2f2 (0x8f2d) x14 0x0037af24
core   0: 0x8000b2f4 (0x00009afe) c.add   s5, t6
core   0: 3 0x8000b2f4 (0x9afe) x21 0x0000001d
core   0: 0x8000b2f6 (0x00006131) c.addi16sp sp, 320
core   0: 3 0x8000b2f6 (0x6131) x 2 0x00000ac0
core   0: 0x8000b2f8 (0x022ddf33) divu    t5, s11, sp
core   0: 3 0x8000b2f8 (0x022ddf33) x30 0x00000000
core   0: 0x8000b2fc (0x02ef7533) remu    a0, t5, a4
core   0: 3 0x8000b2fc (0x02ef7533) x10 0x00000000
core   0: 0x8000b300 (0xd67c0917) auipc   s2, 0xd67c0
core   0: 3 0x8000b300 (0xd67c0917) x18 0x567cb300
core   0: 0x8000b304 (0x7bba4e13) xori    t3, s4, 1979
core   0: 3 0x8000b304 (0x7bba4e13) x28 0x000007bb
core   0: 0x8000b308 (0x02378d33) mul     s10, a5, gp
core   0: 3 0x8000b308 (0x02378d33) x26 0x62af5088
core   0: 0x8000b30c (0x00197ab3) and     s5, s2, ra
core   0: 3 0x8000b30c (0x00197ab3) x21 0x00000000
core   0: 0x8000b310 (0x1b683513) sltiu   a0, a6, 438
core   0: 3 0x8000b310 (0x1b683513) x10 0x00000001
core   0: 0x8000b314 (0x16ed0393) addi    t2, s10, 366
core   0: 3 0x8000b314 (0x16ed0393) x 7 0x62af51f6
core   0: 0x8000b318 (0x00000c2a) c.slli  s8, 10
core   0: 3 0x8000b318 (0x0c2a) x24 0x00003800
core   0: 0x8000b31a (0x02b612b3) mulh    t0, a2, a1
core   0: 3 0x8000b31a (0x02b612b3) x 5 0xffe428ff
core   0: 0x8000b31e (0x40b6d713) srai    a4, a3, 11
core   0: 3 0x8000b31e (0x40b6d713) x14 0x00000000
core   0: 0x8000b322 (0x02d296b3) mulh    a3, t0, a3
core   0: 3 0x8000b322 (0x02d296b3) x13 0xffffffff
core   0: 0x8000b326 (0x00004a69) c.li    s4, 26
core   0: 3 0x8000b326 (0x4a69) x20 0x0000001a
core   0: 0x8000b328 (0x00008479) c.srai  s0, 30
core   0: 3 0x8000b328 (0x8479) x 8 0x00000000
core   0: 0x8000b32a (0x00008dcd) c.or    a1, a1
core   0: 3 0x8000b32a (0x8dcd) x11 0x0037af24
core   0: 0x8000b32c (0x411fdfb3) sra     t6, t6, a7
core   0: 3 0x8000b32c (0x411fdfb3) x31 0x0000000e
core   0: 0x8000b330 (0xce48c893) xori    a7, a7, -796
core   0: 3 0x8000b330 (0xce48c893) x17 0x000034e5
core   0: 0x8000b334 (0x01edd763) bge     s11, t5, pc + 14
core   0: 3 0x8000b334 (0x01edd763)
core   0: 0x8000b342 (0x03e36733) rem     a4, t1, t5
core   0: 3 0x8000b342 (0x03e36733) x14 0x00007000
core   0: 0x8000b346 (0x000086b9) c.srai  a3, 14
core   0: 3 0x8000b346 (0x86b9) x13 0xffffffff
core   0: 0x8000b348 (0x1b7362b7) lui     t0, 0x1b736
core   0: 3 0x8000b348 (0x1b7362b7) x 5 0x1b736000
core   0: 0x8000b34c (0x003db933) sltu    s2, s11, gp
core   0: 3 0x8000b34c (0x003db933) x18 0x00000001
core   0: 0x8000b350 (0x40f1d493) srai    s1, gp, 15
core   0: 3 0x8000b350 (0x40f1d493) x 9 0xffffb46c
core   0: 0x8000b354 (0x00005a7d) c.li    s4, -1
core   0: 3 0x8000b354 (0x5a7d) x20 0xffffffff
core   0: 0x8000b356 (0x0000ee85) c.bnez  a3, pc + 56
core   0: 3 0x8000b356 (0xee85)
core   0: 0x8000b38e (0x000065ed) c.lui   a1, 0x1b
core   0: 3 0x8000b38e (0x65ed) x11 0x0001b000
core   0: 0x8000b390 (0x00006d55) c.lui   s10, 0x15
core   0: 3 0x8000b390 (0x6d55) x26 0x00015000
core   0: 0x8000b392 (0x03a45c63) bge     s0, s10, pc + 56
core   0: 3 0x8000b392 (0x03a45c63)
core   0: 0x8000b396 (0x00001014) c.addi4spn a3, sp, 32
core   0: 3 0x8000b396 (0x1014) x13 0x00000ae0
core   0: 0x8000b398 (0x0000e88d) c.bnez  s1, pc + 50
core   0: 3 0x8000b398 (0xe88d)
core   0: 0x8000b3ca (0x000098fd) c.andi  s1, -1
core   0: 3 0x8000b3ca (0x98fd) x 9 0xffffb46c
core   0: 0x8000b3cc (0x403b5e33) sra     t3, s6, gp
core   0: 3 0x8000b3cc (0x403b5e33) x28 0x00000000
core   0: 0x8000b3d0 (0x0201bd33) mulhu   s10, gp, zero
core   0: 3 0x8000b3d0 (0x0201bd33) x26 0x00000000
core   0: 0x8000b3d4 (0x034c41b3) div     gp, s8, s4
core   0: 3 0x8000b3d4 (0x034c41b3) x 3 0xffffc800
core   0: 0x8000b3d8 (0x000056fd) c.li    a3, -1
core   0: 3 0x8000b3d8 (0x56fd) x13 0xffffffff
core   0: 0x8000b3da (0x00008c91) c.sub   s1, a2
core   0: 3 0x8000b3da (0x8c91) x 9 0x7ffd1788
core   0: 0x8000b3dc (0x013236b3) sltu    a3, tp, s3
core   0: 3 0x8000b3dc (0x013236b3) x13 0x00000001
core   0: 0x8000b3e0 (0x00000ad2) c.slli  s5, 20
core   0: 3 0x8000b3e0 (0x0ad2) x21 0x00000000
core   0: 0x8000b3e2 (0x00006105) c.addi16sp sp, 32
core   0: 3 0x8000b3e2 (0x6105) x 2 0x00000ae0
core   0: 0x8000b3e4 (0x03a603b3) mul     t2, a2, s10
core   0: 3 0x8000b3e4 (0x03a603b3) x 7 0x00000000
core   0: 0x8000b3e8 (0xd87f6d93) ori     s11, t5, -633
core   0: 3 0x8000b3e8 (0xd87f6d93) x27 0xfffffd87
core   0: 0x8000b3ec (0x00000001) c.nop
core   0: 3 0x8000b3ec (0x0001)
core   0: 0x8000b3ee (0x0093e0b3) or      ra, t2, s1
core   0: 3 0x8000b3ee (0x0093e0b3) x 1 0x7ffd1788
core   0: 0x8000b3f2 (0x01705b13) srli    s6, zero, 23
core   0: 3 0x8000b3f2 (0x01705b13) x22 0x00000000
core   0: 0x8000b3f6 (0x01623fb3) sltu    t6, tp, s6
core   0: 3 0x8000b3f6 (0x01623fb3) x31 0x00000000
core   0: 0x8000b3fa (0x00000001) c.nop
core   0: 3 0x8000b3fa (0x0001)
core   0: 0x8000b3fc (0x00000001) c.nop
core   0: 3 0x8000b3fc (0x0001)
core   0: 0x8000b3fe (0x00008f79) c.and   a4, a4
core   0: 3 0x8000b3fe (0x8f79) x14 0x00007000
core   0: 0x8000b400 (0x02a4f0b3) remu    ra, s1, a0
core   0: 3 0x8000b400 (0x02a4f0b3) x 1 0x00000000
core   0: 0x8000b404 (0x91c23d93) sltiu   s11, tp, -1764
core   0: 3 0x8000b404 (0x91c23d93) x27 0x00000001
core   0: 0x8000b408 (0x00006141) c.addi16sp sp, 16
core   0: 3 0x8000b408 (0x6141) x 2 0x00000af0
core   0: 0x8000b40a (0x01a64e63) blt     a2, s10, pc + 28
core   0: 3 0x8000b40a (0x01a64e63)
core   0: 0x8000b426 (0x00101e63) bne     zero, ra, pc + 28
core   0: 3 0x8000b426 (0x00101e63)
core   0: 0x8000b42a (0x000000c5) c.addi  ra, 17
core   0: 3 0x8000b42a (0x00c5) x 1 0x00000011
core   0: 0x8000b42c (0x0000e109) c.bnez  a0, pc + 2
core   0: 3 0x8000b42c (0xe109)
core   0: 0x8000b42e (0x010b38b3) sltu    a7, s6, a6
core   0: 3 0x8000b42e (0x010b38b3) x17 0x00000001
core   0: 0x8000b432 (0x00008f19) c.sub   a4, a4
core   0: 3 0x8000b432 (0x8f19) x14 0x00000000
core   0: 0x8000b434 (0x000003d1) c.addi  t2, 20
core   0: 3 0x8000b434 (0x03d1) x 7 0x00000014
core   0: 0x8000b436 (0x000099be) c.add   s3, a5
core   0: 3 0x8000b436 (0x99be) x19 0x8002ce64
core   0: 0x8000b438 (0x00005bfd) c.li    s7, -1
core   0: 3 0x8000b438 (0x5bfd) x23 0xffffffff
core   0: 0x8000b43a (0x00008c09) c.sub   s0, a0
core   0: 3 0x8000b43a (0x8c09) x 8 0xffffffff
core   0: 0x8000b43c (0x3ce2c713) xori    a4, t0, 974
core   0: 3 0x8000b43c (0x3ce2c713) x14 0x1b7363ce
core   0: 0x8000b440 (0x00000001) c.nop
core   0: 3 0x8000b440 (0x0001)
core   0: 0x8000b442 (0x00000001) c.nop
core   0: 3 0x8000b442 (0x0001)
core   0: 0x8000b444 (0x00000e97) auipc   t4, 0x0
core   0: 3 0x8000b444 (0x00000e97) x29 0x8000b444
core   0: 0x8000b448 (0x00ce8e93) addi    t4, t4, 12
core   0: 3 0x8000b448 (0x00ce8e93) x29 0x8000b450
core   0: 0x8000b44c (0x000e8067) jr      t4
core   0: 3 0x8000b44c (0x000e8067)
core   0: 0x8000b450 (0x00004185) c.li    gp, 1
core   0: 3 0x8000b450 (0x4185) x 3 0x00000001
core   0: 0x8000b452 (0x00000073) ecall
core   0: exception trap_machine_ecall, epc 0x8000b452
core   0: >>>>  mtvec_handler
core   0: 0x8000ecf4 (0x00001671) c.addi  a2, -4
core   0: 3 0x8000ecf4 (0x1671) x12 0x80029ce0
core   0: 0x8000ecf6 (0x0000c21c) c.sw    a5, 0(a2)
core   0: 3 0x8000ecf6 (0xc21c) mem 0x80029ce0 0x80025e64
core   0: 0x8000ecf8 (0x000607b3) add     a5, a2, zero
core   0: 3 0x8000ecf8 (0x000607b3) x15 0x80029ce0
core   0: 0x8000ecfc (0xf8078793) addi    a5, a5, -128
core   0: 3 0x8000ecfc (0xf8078793) x15 0x80029c60
core   0: 0x8000ed00 (0x0017a223) sw      ra, 4(a5)
core   0: 3 0x8000ed00 (0x0017a223) mem 0x80029c64 0x00000011
core   0: 0x8000ed04 (0x0027a423) sw      sp, 8(a5)
core   0: 3 0x8000ed04 (0x0027a423) mem 0x80029c68 0x00000af0
core   0: 0x8000ed08 (0x0037a623) sw      gp, 12(a5)
core   0: 3 0x8000ed08 (0x0037a623) mem 0x80029c6c 0x00000001
core   0: 0x8000ed0c (0x0047a823) sw      tp, 16(a5)
core   0: 3 0x8000ed0c (0x0047a823) mem 0x80029c70 0x00000001
core   0: 0x8000ed10 (0x0057aa23) sw      t0, 20(a5)
core   0: 3 0x8000ed10 (0x0057aa23) mem 0x80029c74 0x1b736000
core   0: 0x8000ed14 (0x0067ac23) sw      t1, 24(a5)
core   0: 3 0x8000ed14 (0x0067ac23) mem 0x80029c78 0x00007000
core   0: 0x8000ed18 (0x0077ae23) sw      t2, 28(a5)
core   0: 3 0x8000ed18 (0x0077ae23) mem 0x80029c7c 0x00000014
core   0: 0x8000ed1c (0x0000d380) c.sw    s0, 32(a5)
core   0: 3 0x8000ed1c (0xd380) mem 0x80029c80 0xffffffff
core   0: 0x8000ed1e (0x0000d3c4) c.sw    s1, 36(a5)
core   0: 3 0x8000ed1e (0xd3c4) mem 0x80029c84 0x7ffd1788
core   0: 0x8000ed20 (0x0000d788) c.sw    a0, 40(a5)
core   0: 3 0x8000ed20 (0xd788) mem 0x80029c88 0x00000001
core   0: 0x8000ed22 (0x0000d7cc) c.sw    a1, 44(a5)
core   0: 3 0x8000ed22 (0xd7cc) mem 0x80029c8c 0x0001b000
core   0: 0x8000ed24 (0x0000db90) c.sw    a2, 48(a5)
core   0: 3 0x8000ed24 (0xdb90) mem 0x80029c90 0x80029ce0
core   0: 0x8000ed26 (0x0000dbd4) c.sw    a3, 52(a5)
core   0: 3 0x8000ed26 (0xdbd4) mem 0x80029c94 0x00000001
core   0: 0x8000ed28 (0x0000df98) c.sw    a4, 56(a5)
core   0: 3 0x8000ed28 (0xdf98) mem 0x80029c98 0x1b7363ce
core   0: 0x8000ed2a (0x0000dfdc) c.sw    a5, 60(a5)
core   0: 3 0x8000ed2a (0xdfdc) mem 0x80029c9c 0x80029c60
core   0: 0x8000ed2c (0x0507a023) sw      a6, 64(a5)
core   0: 3 0x8000ed2c (0x0507a023) mem 0x80029ca0 0x000000c0
core   0: 0x8000ed30 (0x0517a223) sw      a7, 68(a5)
core   0: 3 0x8000ed30 (0x0517a223) mem 0x80029ca4 0x00000001
core   0: 0x8000ed34 (0x0527a423) sw      s2, 72(a5)
core   0: 3 0x8000ed34 (0x0527a423) mem 0x80029ca8 0x00000001
core   0: 0x8000ed38 (0x0537a623) sw      s3, 76(a5)
core   0: 3 0x8000ed38 (0x0537a623) mem 0x80029cac 0x8002ce64
core   0: 0x8000ed3c (0x0547a823) sw      s4, 80(a5)
core   0: 3 0x8000ed3c (0x0547a823) mem 0x80029cb0 0xffffffff
core   0: 0x8000ed40 (0x0557aa23) sw      s5, 84(a5)
core   0: 3 0x8000ed40 (0x0557aa23) mem 0x80029cb4 0x00000000
core   0: 0x8000ed44 (0x0567ac23) sw      s6, 88(a5)
core   0: 3 0x8000ed44 (0x0567ac23) mem 0x80029cb8 0x00000000
core   0: 0x8000ed48 (0x0577ae23) sw      s7, 92(a5)
core   0: 3 0x8000ed48 (0x0577ae23) mem 0x80029cbc 0xffffffff
core   0: 0x8000ed4c (0x0787a023) sw      s8, 96(a5)
core   0: 3 0x8000ed4c (0x0787a023) mem 0x80029cc0 0x00003800
core   0: 0x8000ed50 (0x0797a223) sw      s9, 100(a5)
core   0: 3 0x8000ed50 (0x0797a223) mem 0x80029cc4 0x00013000
core   0: 0x8000ed54 (0x07a7a423) sw      s10, 104(a5)
core   0: 3 0x8000ed54 (0x07a7a423) mem 0x80029cc8 0x00000000
core   0: 0x8000ed58 (0x07b7a623) sw      s11, 108(a5)
core   0: 3 0x8000ed58 (0x07b7a623) mem 0x80029ccc 0x00000001
core   0: 0x8000ed5c (0x07c7a823) sw      t3, 112(a5)
core   0: 3 0x8000ed5c (0x07c7a823) mem 0x80029cd0 0x00000000
core   0: 0x8000ed60 (0x07d7aa23) sw      t4, 116(a5)
core   0: 3 0x8000ed60 (0x07d7aa23) mem 0x80029cd4 0x8000b450
core   0: 0x8000ed64 (0x07e7ac23) sw      t5, 120(a5)
core   0: 3 0x8000ed64 (0x07e7ac23) mem 0x80029cd8 0x00000000
core   0: 0x8000ed68 (0x07f7ae23) sw      t6, 124(a5)
core   0: 3 0x8000ed68 (0x07f7ae23) mem 0x80029cdc 0x00000000
core   0: 0x8000ed6c (0x00078633) add     a2, a5, zero
core   0: 3 0x8000ed6c (0x00078633) x12 0x80029c60
core   0: 0x8000ed70 (0x30002973) csrr    s2, mstatus
core   0: 3 0x8000ed70 (0x30002973) x18 0x00001800
core   0: 0x8000ed74 (0x34202973) csrr    s2, mcause
core   0: 3 0x8000ed74 (0x34202973) x18 0x0000000b
core   0: 0x8000ed78 (0x01f95913) srli    s2, s2, 31
core   0: 3 0x8000ed78 (0x01f95913) x18 0x00000000
core   0: 0x8000ed7c (0x38091463) bnez    s2, pc + 904
core   0: 3 0x8000ed7c (0x38091463)
core   0: 0x8000ed80 (0x34102973) csrr    s2, mepc
core   0: 3 0x8000ed80 (0x34102973) x18 0x8000b452
core   0: 0x8000ed84 (0x34202973) csrr    s2, mcause
core   0: 3 0x8000ed84 (0x34202973) x18 0x0000000b
core   0: 0x8000ed88 (0x0000480d) c.li    a6, 3
core   0: 3 0x8000ed88 (0x480d) x16 0x00000003
core   0: 0x8000ed8a (0x27090263) beq     s2, a6, pc + 612
core   0: 3 0x8000ed8a (0x27090263)
core   0: 0x8000ed8e (0x00004821) c.li    a6, 8
core   0: 3 0x8000ed8e (0x4821) x16 0x00000008
core   0: 0x8000ed90 (0x05090563) beq     s2, a6, pc + 74
core   0: 3 0x8000ed90 (0x05090563)
core   0: 0x8000ed94 (0x00004825) c.li    a6, 9
core   0: 3 0x8000ed94 (0x4825) x16 0x00000009
core   0: 0x8000ed96 (0x05090263) beq     s2, a6, pc + 68
core   0: 3 0x8000ed96 (0x05090263)
core   0: 0x8000ed9a (0x0000482d) c.li    a6, 11
core   0: 3 0x8000ed9a (0x482d) x16 0x0000000b
core   0: 0x8000ed9c (0x03090f63) beq     s2, a6, pc + 62
core   0: 3 0x8000ed9c (0x03090f63)
core   0: 0x8000edda (0xffff1917) auipc   s2, 0xffff1
core   0: 3 0x8000edda (0xffff1917) x18 0x7ffffdda
core   0: 0x8000edde (0x22690913) addi    s2, s2, 550
core   0: 3 0x8000edde (0x22690913) x18 0x80000000
core   0: 0x8000ede2 (0x00092023) sw      zero, 0(s2)
core   0: 3 0x8000ede2 (0x00092023) mem 0x80000000 0x00000000
core   0: 0x8000ede6 (0x00192223) sw      ra, 4(s2)
core   0: 3 0x8000ede6 (0x00192223) mem 0x80000004 0x00000011
core   0: 0x8000edea (0x00292423) sw      sp, 8(s2)
core   0: 3 0x8000edea (0x00292423) mem 0x80000008 0x00000af0
core   0: 0x8000edee (0x00392623) sw      gp, 12(s2)
core   0: 3 0x8000edee (0x00392623) mem 0x8000000c 0x00000001
core   0: 0x8000edf2 (0x00492823) sw      tp, 16(s2)
core   0: 3 0x8000edf2 (0x00492823) mem 0x80000010 0x00000001
core   0: 0x8000edf6 (0x00592a23) sw      t0, 20(s2)
core   0: 3 0x8000edf6 (0x00592a23) mem 0x80000014 0x1b736000
core   0: 0x8000edfa (0x00692c23) sw      t1, 24(s2)
core   0: 3 0x8000edfa (0x00692c23) mem 0x80000018 0x00007000
core   0: 0x8000edfe (0x00792e23) sw      t2, 28(s2)
core   0: 3 0x8000edfe (0x00792e23) mem 0x8000001c 0x00000014
core   0: 0x8000ee02 (0x02892023) sw      s0, 32(s2)
core   0: 3 0x8000ee02 (0x02892023) mem 0x80000020 0xffffffff
core   0: 0x8000ee06 (0x02992223) sw      s1, 36(s2)
core   0: 3 0x8000ee06 (0x02992223) mem 0x80000024 0x7ffd1788
core   0: 0x8000ee0a (0x02a92423) sw      a0, 40(s2)
core   0: 3 0x8000ee0a (0x02a92423) mem 0x80000028 0x00000001
core   0: 0x8000ee0e (0x02b92623) sw      a1, 44(s2)
core   0: 3 0x8000ee0e (0x02b92623) mem 0x8000002c 0x0001b000
core   0: 0x8000ee12 (0x02c92823) sw      a2, 48(s2)
core   0: 3 0x8000ee12 (0x02c92823) mem 0x80000030 0x80029c60
core   0: 0x8000ee16 (0x02d92a23) sw      a3, 52(s2)
core   0: 3 0x8000ee16 (0x02d92a23) mem 0x80000034 0x00000001
core   0: 0x8000ee1a (0x02e92c23) sw      a4, 56(s2)
core   0: 3 0x8000ee1a (0x02e92c23) mem 0x80000038 0x1b7363ce
core   0: 0x8000ee1e (0x02f92e23) sw      a5, 60(s2)
core   0: 3 0x8000ee1e (0x02f92e23) mem 0x8000003c 0x80029c60
core   0: 0x8000ee22 (0x05092023) sw      a6, 64(s2)
core   0: 3 0x8000ee22 (0x05092023) mem 0x80000040 0x0000000b
core   0: 0x8000ee26 (0x05192223) sw      a7, 68(s2)
core   0: 3 0x8000ee26 (0x05192223) mem 0x80000044 0x00000001
core   0: 0x8000ee2a (0x05292423) sw      s2, 72(s2)
core   0: 3 0x8000ee2a (0x05292423) mem 0x80000048 0x80000000
core   0: 0x8000ee2e (0x05392623) sw      s3, 76(s2)
core   0: 3 0x8000ee2e (0x05392623) mem 0x8000004c 0x8002ce64
core   0: 0x8000ee32 (0x05492823) sw      s4, 80(s2)
core   0: 3 0x8000ee32 (0x05492823) mem 0x80000050 0xffffffff
core   0: 0x8000ee36 (0x05592a23) sw      s5, 84(s2)
core   0: 3 0x8000ee36 (0x05592a23) mem 0x80000054 0x00000000
core   0: 0x8000ee3a (0x05692c23) sw      s6, 88(s2)
core   0: 3 0x8000ee3a (0x05692c23) mem 0x80000058 0x00000000
core   0: 0x8000ee3e (0x05792e23) sw      s7, 92(s2)
core   0: 3 0x8000ee3e (0x05792e23) mem 0x8000005c 0xffffffff
core   0: 0x8000ee42 (0x07892023) sw      s8, 96(s2)
core   0: 3 0x8000ee42 (0x07892023) mem 0x80000060 0x00003800
core   0: 0x8000ee46 (0x07992223) sw      s9, 100(s2)
core   0: 3 0x8000ee46 (0x07992223) mem 0x80000064 0x00013000
core   0: 0x8000ee4a (0x07a92423) sw      s10, 104(s2)
core   0: 3 0x8000ee4a (0x07a92423) mem 0x80000068 0x00000000
core   0: 0x8000ee4e (0x07b92623) sw      s11, 108(s2)
core   0: 3 0x8000ee4e (0x07b92623) mem 0x8000006c 0x00000001
core   0: 0x8000ee52 (0x07c92823) sw      t3, 112(s2)
core   0: 3 0x8000ee52 (0x07c92823) mem 0x80000070 0x00000000
core   0: 0x8000ee56 (0x07d92a23) sw      t4, 116(s2)
core   0: 3 0x8000ee56 (0x07d92a23) mem 0x80000074 0x8000b450
core   0: 0x8000ee5a (0x07e92c23) sw      t5, 120(s2)
core   0: 3 0x8000ee5a (0x07e92c23) mem 0x80000078 0x00000000
core   0: 0x8000ee5e (0x07f92e23) sw      t6, 124(s2)
core   0: 3 0x8000ee5e (0x07f92e23) mem 0x8000007c 0x00000000
core   0: 0x8000ee62 (0x00000e97) auipc   t4, 0x0
core   0: 3 0x8000ee62 (0x00000e97) x29 0x8000ee62
core   0: 0x8000ee66 (0xe86e8e93) addi    t4, t4, -378
core   0: 3 0x8000ee66 (0xe86e8e93) x29 0x8000ece8
core   0: 0x8000ee6a (0x000e8067) jr      t4
core   0: 3 0x8000ee6a (0x000e8067)
core   0: 0x8000ece8 (0x00001f17) auipc   t5, 0x1
core   0: 3 0x8000ece8 (0x00001f17) x30 0x8000fce8
core   0: 0x8000ecec (0x303f2c23) sw      gp, 792(t5)
core   0: 3 0x8000ecec (0x303f2c23) mem 0x80010000 0x00000001
core   0: 0x8000ecf0 (0x0000bfe5) c.j     pc - 8
core   0: 3 0x8000ecf0 (0xbfe5)
core   0: 0x8000ece8 (0x00001f17) auipc   t5, 0x1
core   0: 3 0x8000ece8 (0x00001f17) x30 0x8000fce8
core   0: 0x8000ecec (0x303f2c23) sw      gp, 792(t5)
core   0: 3 0x8000ecec (0x303f2c23) mem 0x80010000 0x00000001
core   0: 0x8000ecf0 (0x0000bfe5) c.j     pc - 8
core   0: 3 0x8000ecf0 (0xbfe5)
core   0: 0x8000ece8 (0x00001f17) auipc   t5, 0x1
core   0: 3 0x8000ece8 (0x00001f17) x30 0x8000fce8
core   0: 0x8000ecec (0x303f2c23) sw      gp, 792(t5)
core   0: 3 0x8000ecec (0x303f2c23) mem 0x80010000 0x00000001
core   0: 0x8000ecf0 (0x0000bfe5) c.j     pc - 8
core   0: 3 0x8000ecf0 (0xbfe5)
core   0: 0x8000ece8 (0x00001f17) auipc   t5, 0x1
core   0: 3 0x8000ece8 (0x00001f17) x30 0x8000fce8
core   0: 0x8000ecec (0x303f2c23) sw      gp, 792(t5)
core   0: 3 0x8000ecec (0x303f2c23) mem 0x80010000 0x00000001
core   0: 0x8000ecf0 (0x0000bfe5) c.j     pc - 8
core   0: 3 0x8000ecf0 (0xbfe5)
core   0: 0x8000ece8 (0x00001f17) auipc   t5, 0x1
core   0: 3 0x8000ece8 (0x00001f17) x30 0x8000fce8
core   0: 0x8000ecec (0x303f2c23) sw      gp, 792(t5)
core   0: 3 0x8000ecec (0x303f2c23) mem 0x80010000 0x00000001
core   0: 0x8000ecf0 (0x0000bfe5) c.j     pc - 8
core   0: 3 0x8000ecf0 (0xbfe5)
core   0: 0x8000ece8 (0x00001f17) auipc   t5, 0x1
core   0: 3 0x8000ece8 (0x00001f17) x30 0x8000fce8
core   0: 0x8000ecec (0x303f2c23) sw      gp, 792(t5)
core   0: 3 0x8000ecec (0x303f2c23) mem 0x80010000 0x00000001
core   0: 0x8000ecf0 (0x0000bfe5) c.j     pc - 8
core   0: 3 0x8000ecf0 (0xbfe5)
core   0: 0x8000ece8 (0x00001f17) auipc   t5, 0x1
core   0: 3 0x8000ece8 (0x00001f17) x30 0x8000fce8
core   0: 0x8000ecec (0x303f2c23) sw      gp, 792(t5)
core   0: 3 0x8000ecec (0x303f2c23) mem 0x80010000 0x00000001
core   0: 0x8000ecf0 (0x0000bfe5) c.j     pc - 8
core   0: 3 0x8000ecf0 (0xbfe5)
core   0: 0x8000ece8 (0x00001f17) auipc   t5, 0x1
core   0: 3 0x8000ece8 (0x00001f17) x30 0x8000fce8
core   0: 0x8000ecec (0x303f2c23) sw      gp, 792(t5)
core   0: 3 0x8000ecec (0x303f2c23) mem 0x80010000 0x00000001
core   0: 0x8000ecf0 (0x0000bfe5) c.j     pc - 8
core   0: 3 0x8000ecf0 (0xbfe5)
core   0: 0x8000ece8 (0x00001f17) auipc   t5, 0x1
core   0: 3 0x8000ece8 (0x00001f17) x30 0x8000fce8
core   0: 0x8000ecec (0x303f2c23) sw      gp, 792(t5)
core   0: 3 0x8000ecec (0x303f2c23) mem 0x80010000 0x00000001
core   0: 0x8000ecf0 (0x0000bfe5) c.j     pc - 8
core   0: 3 0x8000ecf0 (0xbfe5)
core   0: 0x8000ece8 (0x00001f17) auipc   t5, 0x1
core   0: 3 0x8000ece8 (0x00001f17) x30 0x8000fce8
core   0: 0x8000ecec (0x303f2c23) sw      gp, 792(t5)
core   0: 3 0x8000ecec (0x303f2c23) mem 0x80010000 0x00000001
core   0: 0x8000ecf0 (0x0000bfe5) c.j     pc - 8
core   0: 3 0x8000ecf0 (0xbfe5)
core   0: 0x8000ece8 (0x00001f17) auipc   t5, 0x1
core   0: 3 0x8000ece8 (0x00001f17) x30 0x8000fce8
core   0: 0x8000ecec (0x303f2c23) sw      gp, 792(t5)
core   0: 3 0x8000ecec (0x303f2c23) mem 0x80010000 0x00000001
core   0: 0x8000ecf0 (0x0000bfe5) c.j     pc - 8
core   0: 3 0x8000ecf0 (0xbfe5)
core   0: 0x8000ece8 (0x00001f17) auipc   t5, 0x1
core   0: 3 0x8000ece8 (0x00001f17) x30 0x8000fce8
core   0: 0x8000ecec (0x303f2c23) sw      gp, 792(t5)
core   0: 3 0x8000ecec (0x303f2c23) mem 0x80010000 0x00000001
core   0: 0x8000ecf0 (0x0000bfe5) c.j     pc - 8
core   0: 3 0x8000ecf0 (0xbfe5)
core   0: 0x8000ece8 (0x00001f17) auipc   t5, 0x1
core   0: 3 0x8000ece8 (0x00001f17) x30 0x8000fce8
core   0: 0x8000ecec (0x303f2c23) sw      gp, 792(t5)
core   0: 3 0x8000ecec (0x303f2c23) mem 0x80010000 0x00000001
core   0: 0x8000ecf0 (0x0000bfe5) c.j     pc - 8
core   0: 3 0x8000ecf0 (0xbfe5)
core   0: 0x8000ece8 (0x00001f17) auipc   t5, 0x1
core   0: 3 0x8000ece8 (0x00001f17) x30 0x8000fce8
core   0: 0x8000ecec (0x303f2c23) sw      gp, 792(t5)
core   0: 3 0x8000ecec (0x303f2c23) mem 0x80010000 0x00000001
core   0: 0x8000ecf0 (0x0000bfe5) c.j     pc - 8
core   0: 3 0x8000ecf0 (0xbfe5)
core   0: 0x8000ece8 (0x00001f17) auipc   t5, 0x1
core   0: 3 0x8000ece8 (0x00001f17) x30 0x8000fce8
core   0: 0x8000ecec (0x303f2c23) sw      gp, 792(t5)
core   0: 3 0x8000ecec (0x303f2c23) mem 0x80010000 0x00000001
core   0: 0x8000ecf0 (0x0000bfe5) c.j     pc - 8
core   0: 3 0x8000ecf0 (0xbfe5)
core   0: 0x8000ece8 (0x00001f17) auipc   t5, 0x1
core   0: 3 0x8000ece8 (0x00001f17) x30 0x8000fce8
core   0: 0x8000ecec (0x303f2c23) sw      gp, 792(t5)
core   0: 3 0x8000ecec (0x303f2c23) mem 0x80010000 0x00000001
core   0: 0x8000ecf0 (0x0000bfe5) c.j     pc - 8
core   0: 3 0x8000ecf0 (0xbfe5)
core   0: 0x8000ece8 (0x00001f17) auipc   t5, 0x1
core   0: 3 0x8000ece8 (0x00001f17) x30 0x8000fce8
core   0: 0x8000ecec (0x303f2c23) sw      gp, 792(t5)
core   0: 3 0x8000ecec (0x303f2c23) mem 0x80010000 0x00000001
core   0: 0x8000ecf0 (0x0000bfe5) c.j     pc - 8
core   0: 3 0x8000ecf0 (0xbfe5)
core   0: 0x8000ece8 (0x00001f17) auipc   t5, 0x1
core   0: 3 0x8000ece8 (0x00001f17) x30 0x8000fce8
core   0: 0x8000ecec (0x303f2c23) sw      gp, 792(t5)
core   0: 3 0x8000ecec (0x303f2c23) mem 0x80010000 0x00000001
core   0: 0x8000ecf0 (0x0000bfe5) c.j     pc - 8
core   0: 3 0x8000ecf0 (0xbfe5)
core   0: 0x8000ece8 (0x00001f17) auipc   t5, 0x1
core   0: 3 0x8000ece8 (0x00001f17) x30 0x8000fce8
core   0: 0x8000ecec (0x303f2c23) sw      gp, 792(t5)
core   0: 3 0x8000ecec (0x303f2c23) mem 0x80010000 0x00000001
core   0: 0x8000ecf0 (0x0000bfe5) c.j     pc - 8
core   0: 3 0x8000ecf0 (0xbfe5)
core   0: 0x8000ece8 (0x00001f17) auipc   t5, 0x1
core   0: 3 0x8000ece8 (0x00001f17) x30 0x8000fce8
core   0: 0x8000ecec (0x303f2c23) sw      gp, 792(t5)
core   0: 3 0x8000ecec (0x303f2c23) mem 0x80010000 0x00000001
core   0: 0x8000ecf0 (0x0000bfe5) c.j     pc - 8
core   0: 3 0x8000ecf0 (0xbfe5)
core   0: 0x8000ece8 (0x00001f17) auipc   t5, 0x1
core   0: 3 0x8000ece8 (0x00001f17) x30 0x8000fce8
core   0: 0x8000ecec (0x303f2c23) sw      gp, 792(t5)
core   0: 3 0x8000ecec (0x303f2c23) mem 0x80010000 0x00000001
core   0: 0x8000ecf0 (0x0000bfe5) c.j     pc - 8
core   0: 3 0x8000ecf0 (0xbfe5)
core   0: 0x8000ece8 (0x00001f17) auipc   t5, 0x1
core   0: 3 0x8000ece8 (0x00001f17) x30 0x8000fce8
core   0: 0x8000ecec (0x303f2c23) sw      gp, 792(t5)
core   0: 3 0x8000ecec (0x303f2c23) mem 0x80010000 0x00000001
core   0: 0x8000ecf0 (0x0000bfe5) c.j     pc - 8
core   0: 3 0x8000ecf0 (0xbfe5)
core   0: 0x8000ece8 (0x00001f17) auipc   t5, 0x1
core   0: 3 0x8000ece8 (0x00001f17) x30 0x8000fce8
core   0: 0x8000ecec (0x303f2c23) sw      gp, 792(t5)
core   0: 3 0x8000ecec (0x303f2c23) mem 0x80010000 0x00000001
core   0: 0x8000ecf0 (0x0000bfe5) c.j     pc - 8
core   0: 3 0x8000ecf0 (0xbfe5)
core   0: 0x8000ece8 (0x00001f17) auipc   t5, 0x1
core   0: 3 0x8000ece8 (0x00001f17) x30 0x8000fce8
core   0: 0x8000ecec (0x303f2c23) sw      gp, 792(t5)
core   0: 3 0x8000ecec (0x303f2c23) mem 0x80010000 0x00000001
core   0: 0x8000ecf0 (0x0000bfe5) c.j     pc - 8
core   0: 3 0x8000ecf0 (0xbfe5)
core   0: 0x8000ece8 (0x00001f17) auipc   t5, 0x1
core   0: 3 0x8000ece8 (0x00001f17) x30 0x8000fce8
core   0: 0x8000ecec (0x303f2c23) sw      gp, 792(t5)
core   0: 3 0x8000ecec (0x303f2c23) mem 0x80010000 0x00000001
core   0: 0x8000ecf0 (0x0000bfe5) c.j     pc - 8
core   0: 3 0x8000ecf0 (0xbfe5)
core   0: 0x8000ece8 (0x00001f17) auipc   t5, 0x1
core   0: 3 0x8000ece8 (0x00001f17) x30 0x8000fce8
core   0: 0x8000ecec (0x303f2c23) sw      gp, 792(t5)
core   0: 3 0x8000ecec (0x303f2c23) mem 0x80010000 0x00000001
core   0: 0x8000ecf0 (0x0000bfe5) c.j     pc - 8
core   0: 3 0x8000ecf0 (0xbfe5)
core   0: 0x8000ece8 (0x00001f17) auipc   t5, 0x1
core   0: 3 0x8000ece8 (0x00001f17) x30 0x8000fce8
core   0: 0x8000ecec (0x303f2c23) sw      gp, 792(t5)
core   0: 3 0x8000ecec (0x303f2c23) mem 0x80010000 0x00000001
core   0: 0x8000ecf0 (0x0000bfe5) c.j     pc - 8
core   0: 3 0x8000ecf0 (0xbfe5)
core   0: 0x8000ece8 (0x00001f17) auipc   t5, 0x1
core   0: 3 0x8000ece8 (0x00001f17) x30 0x8000fce8
core   0: 0x8000ecec (0x303f2c23) sw      gp, 792(t5)
core   0: 3 0x8000ecec (0x303f2c23) mem 0x80010000 0x00000001
core   0: 0x8000ecf0 (0x0000bfe5) c.j     pc - 8
core   0: 3 0x8000ecf0 (0xbfe5)
core   0: 0x8000ece8 (0x00001f17) auipc   t5, 0x1
core   0: 3 0x8000ece8 (0x00001f17) x30 0x8000fce8
core   0: 0x8000ecec (0x303f2c23) sw      gp, 792(t5)
core   0: 3 0x8000ecec (0x303f2c23) mem 0x80010000 0x00000001
core   0: 0x8000ecf0 (0x0000bfe5) c.j     pc - 8
core   0: 3 0x8000ecf0 (0xbfe5)
core   0: 0x8000ece8 (0x00001f17) auipc   t5, 0x1
core   0: 3 0x8000ece8 (0x00001f17) x30 0x8000fce8
core   0: 0x8000ecec (0x303f2c23) sw      gp, 792(t5)
core   0: 3 0x8000ecec (0x303f2c23) mem 0x80010000 0x00000001
core   0: 0x8000ecf0 (0x0000bfe5) c.j     pc - 8
core   0: 3 0x8000ecf0 (0xbfe5)
core   0: 0x8000ece8 (0x00001f17) auipc   t5, 0x1
core   0: 3 0x8000ece8 (0x00001f17) x30 0x8000fce8
core   0: 0x8000ecec (0x303f2c23) sw      gp, 792(t5)
core   0: 3 0x8000ecec (0x303f2c23) mem 0x80010000 0x00000001
core   0: 0x8000ecf0 (0x0000bfe5) c.j     pc - 8
core   0: 3 0x8000ecf0 (0xbfe5)
core   0: 0x8000ece8 (0x00001f17) auipc   t5, 0x1
core   0: 3 0x8000ece8 (0x00001f17) x30 0x8000fce8
core   0: 0x8000ecec (0x303f2c23) sw      gp, 792(t5)
core   0: 3 0x8000ecec (0x303f2c23) mem 0x80010000 0x00000001
core   0: 0x8000ecf0 (0x0000bfe5) c.j     pc - 8
core   0: 3 0x8000ecf0 (0xbfe5)
core   0: 0x8000ece8 (0x00001f17) auipc   t5, 0x1
core   0: 3 0x8000ece8 (0x00001f17) x30 0x8000fce8
core   0: 0x8000ecec (0x303f2c23) sw      gp, 792(t5)
core   0: 3 0x8000ecec (0x303f2c23) mem 0x80010000 0x00000001
core   0: 0x8000ecf0 (0x0000bfe5) c.j     pc - 8
core   0: 3 0x8000ecf0 (0xbfe5)
core   0: 0x8000ece8 (0x00001f17) auipc   t5, 0x1
core   0: 3 0x8000ece8 (0x00001f17) x30 0x8000fce8
core   0: 0x8000ecec (0x303f2c23) sw      gp, 792(t5)
core   0: 3 0x8000ecec (0x303f2c23) mem 0x80010000 0x00000001
core   0: 0x8000ecf0 (0x0000bfe5) c.j     pc - 8
core   0: 3 0x8000ecf0 (0xbfe5)
core   0: 0x8000ece8 (0x00001f17) auipc   t5, 0x1
core   0: 3 0x8000ece8 (0x00001f17) x30 0x8000fce8
core   0: 0x8000ecec (0x303f2c23) sw      gp, 792(t5)
core   0: 3 0x8000ecec (0x303f2c23) mem 0x80010000 0x00000001
core   0: 0x8000ecf0 (0x0000bfe5) c.j     pc - 8
core   0: 3 0x8000ecf0 (0xbfe5)
core   0: 0x8000ece8 (0x00001f17) auipc   t5, 0x1
core   0: 3 0x8000ece8 (0x00001f17) x30 0x8000fce8
core   0: 0x8000ecec (0x303f2c23) sw      gp, 792(t5)
core   0: 3 0x8000ecec (0x303f2c23) mem 0x80010000 0x00000001
core   0: 0x8000ecf0 (0x0000bfe5) c.j     pc - 8
core   0: 3 0x8000ecf0 (0xbfe5)
core   0: 0x8000ece8 (0x00001f17) auipc   t5, 0x1
core   0: 3 0x8000ece8 (0x00001f17) x30 0x8000fce8
core   0: 0x8000ecec (0x303f2c23) sw      gp, 792(t5)
core   0: 3 0x8000ecec (0x303f2c23) mem 0x80010000 0x00000001
core   0: 0x8000ecf0 (0x0000bfe5) c.j     pc - 8
core   0: 3 0x8000ecf0 (0xbfe5)
core   0: 0x8000ece8 (0x00001f17) auipc   t5, 0x1
core   0: 3 0x8000ece8 (0x00001f17) x30 0x8000fce8
core   0: 0x8000ecec (0x303f2c23) sw      gp, 792(t5)
core   0: 3 0x8000ecec (0x303f2c23) mem 0x80010000 0x00000001
core   0: 0x8000ecf0 (0x0000bfe5) c.j     pc - 8
core   0: 3 0x8000ecf0 (0xbfe5)
core   0: 0x8000ece8 (0x00001f17) auipc   t5, 0x1
core   0: 3 0x8000ece8 (0x00001f17) x30 0x8000fce8
core   0: 0x8000ecec (0x303f2c23) sw      gp, 792(t5)
core   0: 3 0x8000ecec (0x303f2c23) mem 0x80010000 0x00000001
core   0: 0x8000ecf0 (0x0000bfe5) c.j     pc - 8
core   0: 3 0x8000ecf0 (0xbfe5)
core   0: 0x8000ece8 (0x00001f17) auipc   t5, 0x1
core   0: 3 0x8000ece8 (0x00001f17) x30 0x8000fce8
core   0: 0x8000ecec (0x303f2c23) sw      gp, 792(t5)
core   0: 3 0x8000ecec (0x303f2c23) mem 0x80010000 0x00000001
core   0: 0x8000ecf0 (0x0000bfe5) c.j     pc - 8
core   0: 3 0x8000ecf0 (0xbfe5)
core   0: 0x8000ece8 (0x00001f17) auipc   t5, 0x1
core   0: 3 0x8000ece8 (0x00001f17) x30 0x8000fce8
core   0: 0x8000ecec (0x303f2c23) sw      gp, 792(t5)
core   0: 3 0x8000ecec (0x303f2c23) mem 0x80010000 0x00000001
core   0: 0x8000ecf0 (0x0000bfe5) c.j     pc - 8
core   0: 3 0x8000ecf0 (0xbfe5)
core   0: 0x8000ece8 (0x00001f17) auipc   t5, 0x1
core   0: 3 0x8000ece8 (0x00001f17) x30 0x8000fce8
core   0: 0x8000ecec (0x303f2c23) sw      gp, 792(t5)
core   0: 3 0x8000ecec (0x303f2c23) mem 0x80010000 0x00000001
core   0: 0x8000ecf0 (0x0000bfe5) c.j     pc - 8
core   0: 3 0x8000ecf0 (0xbfe5)
core   0: 0x8000ece8 (0x00001f17) auipc   t5, 0x1
core   0: 3 0x8000ece8 (0x00001f17) x30 0x8000fce8
core   0: 0x8000ecec (0x303f2c23) sw      gp, 792(t5)
core   0: 3 0x8000ecec (0x303f2c23) mem 0x80010000 0x00000001
core   0: 0x8000ecf0 (0x0000bfe5) c.j     pc - 8
core   0: 3 0x8000ecf0 (0xbfe5)
core   0: 0x8000ece8 (0x00001f17) auipc   t5, 0x1
core   0: 3 0x8000ece8 (0x00001f17) x30 0x8000fce8
core   0: 0x8000ecec (0x303f2c23) sw      gp, 792(t5)
core   0: 3 0x8000ecec (0x303f2c23) mem 0x80010000 0x00000001
core   0: 0x8000ecf0 (0x0000bfe5) c.j     pc - 8
core   0: 3 0x8000ecf0 (0xbfe5)
core   0: 0x8000ece8 (0x00001f17) auipc   t5, 0x1
core   0: 3 0x8000ece8 (0x00001f17) x30 0x8000fce8
core   0: 0x8000ecec (0x303f2c23) sw      gp, 792(t5)
core   0: 3 0x8000ecec (0x303f2c23) mem 0x80010000 0x00000001
core   0: 0x8000ecf0 (0x0000bfe5) c.j     pc - 8
core   0: 3 0x8000ecf0 (0xbfe5)
core   0: 0x8000ece8 (0x00001f17) auipc   t5, 0x1
core   0: 3 0x8000ece8 (0x00001f17) x30 0x8000fce8
core   0: 0x8000ecec (0x303f2c23) sw      gp, 792(t5)
core   0: 3 0x8000ecec (0x303f2c23) mem 0x80010000 0x00000001
core   0: 0x8000ecf0 (0x0000bfe5) c.j     pc - 8
core   0: 3 0x8000ecf0 (0xbfe5)
core   0: 0x8000ece8 (0x00001f17) auipc   t5, 0x1
core   0: 3 0x8000ece8 (0x00001f17) x30 0x8000fce8
core   0: 0x8000ecec (0x303f2c23) sw      gp, 792(t5)
core   0: 3 0x8000ecec (0x303f2c23) mem 0x80010000 0x00000001
core   0: 0x8000ecf0 (0x0000bfe5) c.j     pc - 8
core   0: 3 0x8000ecf0 (0xbfe5)
core   0: 0x8000ece8 (0x00001f17) auipc   t5, 0x1
core   0: 3 0x8000ece8 (0x00001f17) x30 0x8000fce8
core   0: 0x8000ecec (0x303f2c23) sw      gp, 792(t5)
core   0: 3 0x8000ecec (0x303f2c23) mem 0x80010000 0x00000001
core   0: 0x8000ecf0 (0x0000bfe5) c.j     pc - 8
core   0: 3 0x8000ecf0 (0xbfe5)
core   0: 0x8000ece8 (0x00001f17) auipc   t5, 0x1
core   0: 3 0x8000ece8 (0x00001f17) x30 0x8000fce8
core   0: 0x8000ecec (0x303f2c23) sw      gp, 792(t5)
core   0: 3 0x8000ecec (0x303f2c23) mem 0x80010000 0x00000001
core   0: 0x8000ecf0 (0x0000bfe5) c.j     pc - 8
core   0: 3 0x8000ecf0 (0xbfe5)
core   0: 0x8000ece8 (0x00001f17) auipc   t5, 0x1
core   0: 3 0x8000ece8 (0x00001f17) x30 0x8000fce8
core   0: 0x8000ecec (0x303f2c23) sw      gp, 792(t5)
core   0: 3 0x8000ecec (0x303f2c23) mem 0x80010000 0x00000001
core   0: 0x8000ecf0 (0x0000bfe5) c.j     pc - 8
core   0: 3 0x8000ecf0 (0xbfe5)
core   0: 0x8000ece8 (0x00001f17) auipc   t5, 0x1
core   0: 3 0x8000ece8 (0x00001f17) x30 0x8000fce8
core   0: 0x8000ecec (0x303f2c23) sw      gp, 792(t5)
core   0: 3 0x8000ecec (0x303f2c23) mem 0x80010000 0x00000001
core   0: 0x8000ecf0 (0x0000bfe5) c.j     pc - 8
core   0: 3 0x8000ecf0 (0xbfe5)
core   0: 0x8000ece8 (0x00001f17) auipc   t5, 0x1
core   0: 3 0x8000ece8 (0x00001f17) x30 0x8000fce8
core   0: 0x8000ecec (0x303f2c23) sw      gp, 792(t5)
core   0: 3 0x8000ecec (0x303f2c23) mem 0x80010000 0x00000001
core   0: 0x8000ecf0 (0x0000bfe5) c.j     pc - 8
core   0: 3 0x8000ecf0 (0xbfe5)
core   0: 0x8000ece8 (0x00001f17) auipc   t5, 0x1
core   0: 3 0x8000ece8 (0x00001f17) x30 0x8000fce8
core   0: 0x8000ecec (0x303f2c23) sw      gp, 792(t5)
core   0: 3 0x8000ecec (0x303f2c23) mem 0x80010000 0x00000001
core   0: 0x8000ecf0 (0x0000bfe5) c.j     pc - 8
core   0: 3 0x8000ecf0 (0xbfe5)
core   0: 0x8000ece8 (0x00001f17) auipc   t5, 0x1
core   0: 3 0x8000ece8 (0x00001f17) x30 0x8000fce8
core   0: 0x8000ecec (0x303f2c23) sw      gp, 792(t5)
core   0: 3 0x8000ecec (0x303f2c23) mem 0x80010000 0x00000001
core   0: 0x8000ecf0 (0x0000bfe5) c.j     pc - 8
core   0: 3 0x8000ecf0 (0xbfe5)
core   0: 0x8000ece8 (0x00001f17) auipc   t5, 0x1
core   0: 3 0x8000ece8 (0x00001f17) x30 0x8000fce8
core   0: 0x8000ecec (0x303f2c23) sw      gp, 792(t5)
core   0: 3 0x8000ecec (0x303f2c23) mem 0x80010000 0x00000001
core   0: 0x8000ecf0 (0x0000bfe5) c.j     pc - 8
core   0: 3 0x8000ecf0 (0xbfe5)
core   0: 0x8000ece8 (0x00001f17) auipc   t5, 0x1
core   0: 3 0x8000ece8 (0x00001f17) x30 0x8000fce8
core   0: 0x8000ecec (0x303f2c23) sw      gp, 792(t5)
core   0: 3 0x8000ecec (0x303f2c23) mem 0x80010000 0x00000001
core   0: 0x8000ecf0 (0x0000bfe5) c.j     pc - 8
core   0: 3 0x8000ecf0 (0xbfe5)
core   0: 0x8000ece8 (0x00001f17) auipc   t5, 0x1
core   0: 3 0x8000ece8 (0x00001f17) x30 0x8000fce8
core   0: 0x8000ecec (0x303f2c23) sw      gp, 792(t5)
core   0: 3 0x8000ecec (0x303f2c23) mem 0x80010000 0x00000001
core   0: 0x8000ecf0 (0x0000bfe5) c.j     pc - 8
core   0: 3 0x8000ecf0 (0xbfe5)
core   0: 0x8000ece8 (0x00001f17) auipc   t5, 0x1
core   0: 3 0x8000ece8 (0x00001f17) x30 0x8000fce8
core   0: 0x8000ecec (0x303f2c23) sw      gp, 792(t5)
core   0: 3 0x8000ecec (0x303f2c23) mem 0x80010000 0x00000001
core   0: 0x8000ecf0 (0x0000bfe5) c.j     pc - 8
core   0: 3 0x8000ecf0 (0xbfe5)
core   0: 0x8000ece8 (0x00001f17) auipc   t5, 0x1
core   0: 3 0x8000ece8 (0x00001f17) x30 0x8000fce8
core   0: 0x8000ecec (0x303f2c23) sw      gp, 792(t5)
core   0: 3 0x8000ecec (0x303f2c23) mem 0x80010000 0x00000001
core   0: 0x8000ecf0 (0x0000bfe5) c.j     pc - 8
core   0: 3 0x8000ecf0 (0xbfe5)
core   0: 0x8000ece8 (0x00001f17) auipc   t5, 0x1
core   0: 3 0x8000ece8 (0x00001f17) x30 0x8000fce8
core   0: 0x8000ecec (0x303f2c23) sw      gp, 792(t5)
core   0: 3 0x8000ecec (0x303f2c23) mem 0x80010000 0x00000001
core   0: 0x8000ecf0 (0x0000bfe5) c.j     pc - 8
core   0: 3 0x8000ecf0 (0xbfe5)
core   0: 0x8000ece8 (0x00001f17) auipc   t5, 0x1
core   0: 3 0x8000ece8 (0x00001f17) x30 0x8000fce8
core   0: 0x8000ecec (0x303f2c23) sw      gp, 792(t5)
core   0: 3 0x8000ecec (0x303f2c23) mem 0x80010000 0x00000001
core   0: 0x8000ecf0 (0x0000bfe5) c.j     pc - 8
core   0: 3 0x8000ecf0 (0xbfe5)
core   0: 0x8000ece8 (0x00001f17) auipc   t5, 0x1
core   0: 3 0x8000ece8 (0x00001f17) x30 0x8000fce8
core   0: 0x8000ecec (0x303f2c23) sw      gp, 792(t5)
core   0: 3 0x8000ecec (0x303f2c23) mem 0x80010000 0x00000001
core   0: 0x8000ecf0 (0x0000bfe5) c.j     pc - 8
core   0: 3 0x8000ecf0 (0xbfe5)
core   0: 0x8000ece8 (0x00001f17) auipc   t5, 0x1
core   0: 3 0x8000ece8 (0x00001f17) x30 0x8000fce8
core   0: 0x8000ecec (0x303f2c23) sw      gp, 792(t5)
core   0: 3 0x8000ecec (0x303f2c23) mem 0x80010000 0x00000001
core   0: 0x8000ecf0 (0x0000bfe5) c.j     pc - 8
core   0: 3 0x8000ecf0 (0xbfe5)
core   0: 0x8000ece8 (0x00001f17) auipc   t5, 0x1
core   0: 3 0x8000ece8 (0x00001f17) x30 0x8000fce8
core   0: 0x8000ecec (0x303f2c23) sw      gp, 792(t5)
core   0: 3 0x8000ecec (0x303f2c23) mem 0x80010000 0x00000001
core   0: 0x8000ecf0 (0x0000bfe5) c.j     pc - 8
core   0: 3 0x8000ecf0 (0xbfe5)
core   0: 0x8000ece8 (0x00001f17) auipc   t5, 0x1
core   0: 3 0x8000ece8 (0x00001f17) x30 0x8000fce8
core   0: 0x8000ecec (0x303f2c23) sw      gp, 792(t5)
core   0: 3 0x8000ecec (0x303f2c23) mem 0x80010000 0x00000001
core   0: 0x8000ecf0 (0x0000bfe5) c.j     pc - 8
core   0: 3 0x8000ecf0 (0xbfe5)
core   0: 0x8000ece8 (0x00001f17) auipc   t5, 0x1
core   0: 3 0x8000ece8 (0x00001f17) x30 0x8000fce8
core   0: 0x8000ecec (0x303f2c23) sw      gp, 792(t5)
core   0: 3 0x8000ecec (0x303f2c23) mem 0x80010000 0x00000001
core   0: 0x8000ecf0 (0x0000bfe5) c.j     pc - 8
core   0: 3 0x8000ecf0 (0xbfe5)
core   0: 0x8000ece8 (0x00001f17) auipc   t5, 0x1
core   0: 3 0x8000ece8 (0x00001f17) x30 0x8000fce8
core   0: 0x8000ecec (0x303f2c23) sw      gp, 792(t5)
core   0: 3 0x8000ecec (0x303f2c23) mem 0x80010000 0x00000001
core   0: 0x8000ecf0 (0x0000bfe5) c.j     pc - 8
core   0: 3 0x8000ecf0 (0xbfe5)
core   0: 0x8000ece8 (0x00001f17) auipc   t5, 0x1
core   0: 3 0x8000ece8 (0x00001f17) x30 0x8000fce8
core   0: 0x8000ecec (0x303f2c23) sw      gp, 792(t5)
core   0: 3 0x8000ecec (0x303f2c23) mem 0x80010000 0x00000001
core   0: 0x8000ecf0 (0x0000bfe5) c.j     pc - 8
core   0: 3 0x8000ecf0 (0xbfe5)
core   0: 0x8000ece8 (0x00001f17) auipc   t5, 0x1
core   0: 3 0x8000ece8 (0x00001f17) x30 0x8000fce8
core   0: 0x8000ecec (0x303f2c23) sw      gp, 792(t5)
core   0: 3 0x8000ecec (0x303f2c23) mem 0x80010000 0x00000001
core   0: 0x8000ecf0 (0x0000bfe5) c.j     pc - 8
core   0: 3 0x8000ecf0 (0xbfe5)
core   0: 0x8000ece8 (0x00001f17) auipc   t5, 0x1
core   0: 3 0x8000ece8 (0x00001f17) x30 0x8000fce8
core   0: 0x8000ecec (0x303f2c23) sw      gp, 792(t5)
core   0: 3 0x8000ecec (0x303f2c23) mem 0x80010000 0x00000001
core   0: 0x8000ecf0 (0x0000bfe5) c.j     pc - 8
core   0: 3 0x8000ecf0 (0xbfe5)
core   0: 0x8000ece8 (0x00001f17) auipc   t5, 0x1
core   0: 3 0x8000ece8 (0x00001f17) x30 0x8000fce8
core   0: 0x8000ecec (0x303f2c23) sw      gp, 792(t5)
core   0: 3 0x8000ecec (0x303f2c23) mem 0x80010000 0x00000001
core   0: 0x8000ecf0 (0x0000bfe5) c.j     pc - 8
core   0: 3 0x8000ecf0 (0xbfe5)
core   0: 0x8000ece8 (0x00001f17) auipc   t5, 0x1
core   0: 3 0x8000ece8 (0x00001f17) x30 0x8000fce8
core   0: 0x8000ecec (0x303f2c23) sw      gp, 792(t5)
core   0: 3 0x8000ecec (0x303f2c23) mem 0x80010000 0x00000001
core   0: 0x8000ecf0 (0x0000bfe5) c.j     pc - 8
core   0: 3 0x8000ecf0 (0xbfe5)
core   0: 0x8000ece8 (0x00001f17) auipc   t5, 0x1
core   0: 3 0x8000ece8 (0x00001f17) x30 0x8000fce8
core   0: 0x8000ecec (0x303f2c23) sw      gp, 792(t5)
core   0: 3 0x8000ecec (0x303f2c23) mem 0x80010000 0x00000001
core   0: 0x8000ecf0 (0x0000bfe5) c.j     pc - 8
core   0: 3 0x8000ecf0 (0xbfe5)
core   0: 0x8000ece8 (0x00001f17) auipc   t5, 0x1
core   0: 3 0x8000ece8 (0x00001f17) x30 0x8000fce8
core   0: 0x8000ecec (0x303f2c23) sw      gp, 792(t5)
core   0: 3 0x8000ecec (0x303f2c23) mem 0x80010000 0x00000001
core   0: 0x8000ecf0 (0x0000bfe5) c.j     pc - 8
core   0: 3 0x8000ecf0 (0xbfe5)
core   0: 0x8000ece8 (0x00001f17) auipc   t5, 0x1
core   0: 3 0x8000ece8 (0x00001f17) x30 0x8000fce8
core   0: 0x8000ecec (0x303f2c23) sw      gp, 792(t5)
core   0: 3 0x8000ecec (0x303f2c23) mem 0x80010000 0x00000001
core   0: 0x8000ecf0 (0x0000bfe5) c.j     pc - 8
core   0: 3 0x8000ecf0 (0xbfe5)
core   0: 0x8000ece8 (0x00001f17) auipc   t5, 0x1
core   0: 3 0x8000ece8 (0x00001f17) x30 0x8000fce8
core   0: 0x8000ecec (0x303f2c23) sw      gp, 792(t5)
core   0: 3 0x8000ecec (0x303f2c23) mem 0x80010000 0x00000001
core   0: 0x8000ecf0 (0x0000bfe5) c.j     pc - 8
core   0: 3 0x8000ecf0 (0xbfe5)
core   0: 0x8000ece8 (0x00001f17) auipc   t5, 0x1
core   0: 3 0x8000ece8 (0x00001f17) x30 0x8000fce8
core   0: 0x8000ecec (0x303f2c23) sw      gp, 792(t5)
core   0: 3 0x8000ecec (0x303f2c23) mem 0x80010000 0x00000001
core   0: 0x8000ecf0 (0x0000bfe5) c.j     pc - 8
core   0: 3 0x8000ecf0 (0xbfe5)
core   0: 0x8000ece8 (0x00001f17) auipc   t5, 0x1
core   0: 3 0x8000ece8 (0x00001f17) x30 0x8000fce8
core   0: 0x8000ecec (0x303f2c23) sw      gp, 792(t5)
core   0: 3 0x8000ecec (0x303f2c23) mem 0x80010000 0x00000001
core   0: 0x8000ecf0 (0x0000bfe5) c.j     pc - 8
core   0: 3 0x8000ecf0 (0xbfe5)
core   0: 0x8000ece8 (0x00001f17) auipc   t5, 0x1
core   0: 3 0x8000ece8 (0x00001f17) x30 0x8000fce8
core   0: 0x8000ecec (0x303f2c23) sw      gp, 792(t5)
core   0: 3 0x8000ecec (0x303f2c23) mem 0x80010000 0x00000001
core   0: 0x8000ecf0 (0x0000bfe5) c.j     pc - 8
core   0: 3 0x8000ecf0 (0xbfe5)
core   0: 0x8000ece8 (0x00001f17) auipc   t5, 0x1
core   0: 3 0x8000ece8 (0x00001f17) x30 0x8000fce8
core   0: 0x8000ecec (0x303f2c23) sw      gp, 792(t5)
core   0: 3 0x8000ecec (0x303f2c23) mem 0x80010000 0x00000001
core   0: 0x8000ecf0 (0x0000bfe5) c.j     pc - 8
core   0: 3 0x8000ecf0 (0xbfe5)
core   0: 0x8000ece8 (0x00001f17) auipc   t5, 0x1
core   0: 3 0x8000ece8 (0x00001f17) x30 0x8000fce8
core   0: 0x8000ecec (0x303f2c23) sw      gp, 792(t5)
core   0: 3 0x8000ecec (0x303f2c23) mem 0x80010000 0x00000001
core   0: 0x8000ecf0 (0x0000bfe5) c.j     pc - 8
core   0: 3 0x8000ecf0 (0xbfe5)
core   0: 0x8000ece8 (0x00001f17) auipc   t5, 0x1
core   0: 3 0x8000ece8 (0x00001f17) x30 0x8000fce8
core   0: 0x8000ecec (0x303f2c23) sw      gp, 792(t5)
core   0: 3 0x8000ecec (0x303f2c23) mem 0x80010000 0x00000001
core   0: 0x8000ecf0 (0x0000bfe5) c.j     pc - 8
core   0: 3 0x8000ecf0 (0xbfe5)
core   0: 0x8000ece8 (0x00001f17) auipc   t5, 0x1
core   0: 3 0x8000ece8 (0x00001f17) x30 0x8000fce8
core   0: 0x8000ecec (0x303f2c23) sw      gp, 792(t5)
core   0: 3 0x8000ecec (0x303f2c23) mem 0x80010000 0x00000001
core   0: 0x8000ecf0 (0x0000bfe5) c.j     pc - 8
core   0: 3 0x8000ecf0 (0xbfe5)
core   0: 0x8000ece8 (0x00001f17) auipc   t5, 0x1
core   0: 3 0x8000ece8 (0x00001f17) x30 0x8000fce8
core   0: 0x8000ecec (0x303f2c23) sw      gp, 792(t5)
core   0: 3 0x8000ecec (0x303f2c23) mem 0x80010000 0x00000001
core   0: 0x8000ecf0 (0x0000bfe5) c.j     pc - 8
core   0: 3 0x8000ecf0 (0xbfe5)
core   0: 0x8000ece8 (0x00001f17) auipc   t5, 0x1
core   0: 3 0x8000ece8 (0x00001f17) x30 0x8000fce8
core   0: 0x8000ecec (0x303f2c23) sw      gp, 792(t5)
core   0: 3 0x8000ecec (0x303f2c23) mem 0x80010000 0x00000001
core   0: 0x8000ecf0 (0x0000bfe5) c.j     pc - 8
core   0: 3 0x8000ecf0 (0xbfe5)
core   0: 0x8000ece8 (0x00001f17) auipc   t5, 0x1
core   0: 3 0x8000ece8 (0x00001f17) x30 0x8000fce8
core   0: 0x8000ecec (0x303f2c23) sw      gp, 792(t5)
core   0: 3 0x8000ecec (0x303f2c23) mem 0x80010000 0x00000001
core   0: 0x8000ecf0 (0x0000bfe5) c.j     pc - 8
core   0: 3 0x8000ecf0 (0xbfe5)
core   0: 0x8000ece8 (0x00001f17) auipc   t5, 0x1
core   0: 3 0x8000ece8 (0x00001f17) x30 0x8000fce8
core   0: 0x8000ecec (0x303f2c23) sw      gp, 792(t5)
core   0: 3 0x8000ecec (0x303f2c23) mem 0x80010000 0x00000001
core   0: 0x8000ecf0 (0x0000bfe5) c.j     pc - 8
core   0: 3 0x8000ecf0 (0xbfe5)
core   0: 0x8000ece8 (0x00001f17) auipc   t5, 0x1
core   0: 3 0x8000ece8 (0x00001f17) x30 0x8000fce8
core   0: 0x8000ecec (0x303f2c23) sw      gp, 792(t5)
core   0: 3 0x8000ecec (0x303f2c23) mem 0x80010000 0x00000001
core   0: 0x8000ecf0 (0x0000bfe5) c.j     pc - 8
core   0: 3 0x8000ecf0 (0xbfe5)
core   0: 0x8000ece8 (0x00001f17) auipc   t5, 0x1
core   0: 3 0x8000ece8 (0x00001f17) x30 0x8000fce8
core   0: 0x8000ecec (0x303f2c23) sw      gp, 792(t5)
core   0: 3 0x8000ecec (0x303f2c23) mem 0x80010000 0x00000001
core   0: 0x8000ecf0 (0x0000bfe5) c.j     pc - 8
core   0: 3 0x8000ecf0 (0xbfe5)
core   0: 0x8000ece8 (0x00001f17) auipc   t5, 0x1
core   0: 3 0x8000ece8 (0x00001f17) x30 0x8000fce8
core   0: 0x8000ecec (0x303f2c23) sw      gp, 792(t5)
core   0: 3 0x8000ecec (0x303f2c23) mem 0x80010000 0x00000001
core   0: 0x8000ecf0 (0x0000bfe5) c.j     pc - 8
core   0: 3 0x8000ecf0 (0xbfe5)
core   0: 0x8000ece8 (0x00001f17) auipc   t5, 0x1
core   0: 3 0x8000ece8 (0x00001f17) x30 0x8000fce8
core   0: 0x8000ecec (0x303f2c23) sw      gp, 792(t5)
core   0: 3 0x8000ecec (0x303f2c23) mem 0x80010000 0x00000001
core   0: 0x8000ecf0 (0x0000bfe5) c.j     pc - 8
core   0: 3 0x8000ecf0 (0xbfe5)
core   0: 0x8000ece8 (0x00001f17) auipc   t5, 0x1
core   0: 3 0x8000ece8 (0x00001f17) x30 0x8000fce8
core   0: 0x8000ecec (0x303f2c23) sw      gp, 792(t5)
core   0: 3 0x8000ecec (0x303f2c23) mem 0x80010000 0x00000001
core   0: 0x8000ecf0 (0x0000bfe5) c.j     pc - 8
core   0: 3 0x8000ecf0 (0xbfe5)
core   0: 0x8000ece8 (0x00001f17) auipc   t5, 0x1
core   0: 3 0x8000ece8 (0x00001f17) x30 0x8000fce8
core   0: 0x8000ecec (0x303f2c23) sw      gp, 792(t5)
core   0: 3 0x8000ecec (0x303f2c23) mem 0x80010000 0x00000001
core   0: 0x8000ecf0 (0x0000bfe5) c.j     pc - 8
core   0: 3 0x8000ecf0 (0xbfe5)
core   0: 0x8000ece8 (0x00001f17) auipc   t5, 0x1
core   0: 3 0x8000ece8 (0x00001f17) x30 0x8000fce8
core   0: 0x8000ecec (0x303f2c23) sw      gp, 792(t5)
core   0: 3 0x8000ecec (0x303f2c23) mem 0x80010000 0x00000001
core   0: 0x8000ecf0 (0x0000bfe5) c.j     pc - 8
core   0: 3 0x8000ecf0 (0xbfe5)
core   0: 0x8000ece8 (0x00001f17) auipc   t5, 0x1
core   0: 3 0x8000ece8 (0x00001f17) x30 0x8000fce8
core   0: 0x8000ecec (0x303f2c23) sw      gp, 792(t5)
core   0: 3 0x8000ecec (0x303f2c23) mem 0x80010000 0x00000001
core   0: 0x8000ecf0 (0x0000bfe5) c.j     pc - 8
core   0: 3 0x8000ecf0 (0xbfe5)
core   0: 0x8000ece8 (0x00001f17) auipc   t5, 0x1
core   0: 3 0x8000ece8 (0x00001f17) x30 0x8000fce8
core   0: 0x8000ecec (0x303f2c23) sw      gp, 792(t5)
core   0: 3 0x8000ecec (0x303f2c23) mem 0x80010000 0x00000001
core   0: 0x8000ecf0 (0x0000bfe5) c.j     pc - 8
core   0: 3 0x8000ecf0 (0xbfe5)
core   0: 0x8000ece8 (0x00001f17) auipc   t5, 0x1
core   0: 3 0x8000ece8 (0x00001f17) x30 0x8000fce8
core   0: 0x8000ecec (0x303f2c23) sw      gp, 792(t5)
core   0: 3 0x8000ecec (0x303f2c23) mem 0x80010000 0x00000001
core   0: 0x8000ecf0 (0x0000bfe5) c.j     pc - 8
core   0: 3 0x8000ecf0 (0xbfe5)
core   0: 0x8000ece8 (0x00001f17) auipc   t5, 0x1
core   0: 3 0x8000ece8 (0x00001f17) x30 0x8000fce8
core   0: 0x8000ecec (0x303f2c23) sw      gp, 792(t5)
core   0: 3 0x8000ecec (0x303f2c23) mem 0x80010000 0x00000001
core   0: 0x8000ecf0 (0x0000bfe5) c.j     pc - 8
core   0: 3 0x8000ecf0 (0xbfe5)
core   0: 0x8000ece8 (0x00001f17) auipc   t5, 0x1
core   0: 3 0x8000ece8 (0x00001f17) x30 0x8000fce8
core   0: 0x8000ecec (0x303f2c23) sw      gp, 792(t5)
core   0: 3 0x8000ecec (0x303f2c23) mem 0x80010000 0x00000001
core   0: 0x8000ecf0 (0x0000bfe5) c.j     pc - 8
core   0: 3 0x8000ecf0 (0xbfe5)
core   0: 0x8000ece8 (0x00001f17) auipc   t5, 0x1
core   0: 3 0x8000ece8 (0x00001f17) x30 0x8000fce8
core   0: 0x8000ecec (0x303f2c23) sw      gp, 792(t5)
core   0: 3 0x8000ecec (0x303f2c23) mem 0x80010000 0x00000001
core   0: 0x8000ecf0 (0x0000bfe5) c.j     pc - 8
core   0: 3 0x8000ecf0 (0xbfe5)
core   0: 0x8000ece8 (0x00001f17) auipc   t5, 0x1
core   0: 3 0x8000ece8 (0x00001f17) x30 0x8000fce8
core   0: 0x8000ecec (0x303f2c23) sw      gp, 792(t5)
core   0: 3 0x8000ecec (0x303f2c23) mem 0x80010000 0x00000001
core   0: 0x8000ecf0 (0x0000bfe5) c.j     pc - 8
core   0: 3 0x8000ecf0 (0xbfe5)
core   0: 0x8000ece8 (0x00001f17) auipc   t5, 0x1
core   0: 3 0x8000ece8 (0x00001f17) x30 0x8000fce8
core   0: 0x8000ecec (0x303f2c23) sw      gp, 792(t5)
core   0: 3 0x8000ecec (0x303f2c23) mem 0x80010000 0x00000001
core   0: 0x8000ecf0 (0x0000bfe5) c.j     pc - 8
core   0: 3 0x8000ecf0 (0xbfe5)
core   0: 0x8000ece8 (0x00001f17) auipc   t5, 0x1
core   0: 3 0x8000ece8 (0x00001f17) x30 0x8000fce8
core   0: 0x8000ecec (0x303f2c23) sw      gp, 792(t5)
core   0: 3 0x8000ecec (0x303f2c23) mem 0x80010000 0x00000001
core   0: 0x8000ecf0 (0x0000bfe5) c.j     pc - 8
core   0: 3 0x8000ecf0 (0xbfe5)
core   0: 0x8000ece8 (0x00001f17) auipc   t5, 0x1
core   0: 3 0x8000ece8 (0x00001f17) x30 0x8000fce8
core   0: 0x8000ecec (0x303f2c23) sw      gp, 792(t5)
core   0: 3 0x8000ecec (0x303f2c23) mem 0x80010000 0x00000001
core   0: 0x8000ecf0 (0x0000bfe5) c.j     pc - 8
core   0: 3 0x8000ecf0 (0xbfe5)
core   0: 0x8000ece8 (0x00001f17) auipc   t5, 0x1
core   0: 3 0x8000ece8 (0x00001f17) x30 0x8000fce8
core   0: 0x8000ecec (0x303f2c23) sw      gp, 792(t5)
core   0: 3 0x8000ecec (0x303f2c23) mem 0x80010000 0x00000001
core   0: 0x8000ecf0 (0x0000bfe5) c.j     pc - 8
core   0: 3 0x8000ecf0 (0xbfe5)
core   0: 0x8000ece8 (0x00001f17) auipc   t5, 0x1
core   0: 3 0x8000ece8 (0x00001f17) x30 0x8000fce8
core   0: 0x8000ecec (0x303f2c23) sw      gp, 792(t5)
core   0: 3 0x8000ecec (0x303f2c23) mem 0x80010000 0x00000001
core   0: 0x8000ecf0 (0x0000bfe5) c.j     pc - 8
core   0: 3 0x8000ecf0 (0xbfe5)
core   0: 0x8000ece8 (0x00001f17) auipc   t5, 0x1
core   0: 3 0x8000ece8 (0x00001f17) x30 0x8000fce8
core   0: 0x8000ecec (0x303f2c23) sw      gp, 792(t5)
core   0: 3 0x8000ecec (0x303f2c23) mem 0x80010000 0x00000001
core   0: 0x8000ecf0 (0x0000bfe5) c.j     pc - 8
core   0: 3 0x8000ecf0 (0xbfe5)
core   0: 0x8000ece8 (0x00001f17) auipc   t5, 0x1
core   0: 3 0x8000ece8 (0x00001f17) x30 0x8000fce8
core   0: 0x8000ecec (0x303f2c23) sw      gp, 792(t5)
core   0: 3 0x8000ecec (0x303f2c23) mem 0x80010000 0x00000001
core   0: 0x8000ecf0 (0x0000bfe5) c.j     pc - 8
core   0: 3 0x8000ecf0 (0xbfe5)
core   0: 0x8000ece8 (0x00001f17) auipc   t5, 0x1
core   0: 3 0x8000ece8 (0x00001f17) x30 0x8000fce8
core   0: 0x8000ecec (0x303f2c23) sw      gp, 792(t5)
core   0: 3 0x8000ecec (0x303f2c23) mem 0x80010000 0x00000001
core   0: 0x8000ecf0 (0x0000bfe5) c.j     pc - 8
core   0: 3 0x8000ecf0 (0xbfe5)
core   0: 0x8000ece8 (0x00001f17) auipc   t5, 0x1
core   0: 3 0x8000ece8 (0x00001f17) x30 0x8000fce8
core   0: 0x8000ecec (0x303f2c23) sw      gp, 792(t5)
core   0: 3 0x8000ecec (0x303f2c23) mem 0x80010000 0x00000001
core   0: 0x8000ecf0 (0x0000bfe5) c.j     pc - 8
core   0: 3 0x8000ecf0 (0xbfe5)
core   0: 0x8000ece8 (0x00001f17) auipc   t5, 0x1
core   0: 3 0x8000ece8 (0x00001f17) x30 0x8000fce8
core   0: 0x8000ecec (0x303f2c23) sw      gp, 792(t5)
core   0: 3 0x8000ecec (0x303f2c23) mem 0x80010000 0x00000001
core   0: 0x8000ecf0 (0x0000bfe5) c.j     pc - 8
core   0: 3 0x8000ecf0 (0xbfe5)
core   0: 0x8000ece8 (0x00001f17) auipc   t5, 0x1
core   0: 3 0x8000ece8 (0x00001f17) x30 0x8000fce8
core   0: 0x8000ecec (0x303f2c23) sw      gp, 792(t5)
core   0: 3 0x8000ecec (0x303f2c23) mem 0x80010000 0x00000001
core   0: 0x8000ecf0 (0x0000bfe5) c.j     pc - 8
core   0: 3 0x8000ecf0 (0xbfe5)
core   0: 0x8000ece8 (0x00001f17) auipc   t5, 0x1
core   0: 3 0x8000ece8 (0x00001f17) x30 0x8000fce8
core   0: 0x8000ecec (0x303f2c23) sw      gp, 792(t5)
core   0: 3 0x8000ecec (0x303f2c23) mem 0x80010000 0x00000001
core   0: 0x8000ecf0 (0x0000bfe5) c.j     pc - 8
core   0: 3 0x8000ecf0 (0xbfe5)
core   0: 0x8000ece8 (0x00001f17) auipc   t5, 0x1
core   0: 3 0x8000ece8 (0x00001f17) x30 0x8000fce8
core   0: 0x8000ecec (0x303f2c23) sw      gp, 792(t5)
core   0: 3 0x8000ecec (0x303f2c23) mem 0x80010000 0x00000001
core   0: 0x8000ecf0 (0x0000bfe5) c.j     pc - 8
core   0: 3 0x8000ecf0 (0xbfe5)
core   0: 0x8000ece8 (0x00001f17) auipc   t5, 0x1
core   0: 3 0x8000ece8 (0x00001f17) x30 0x8000fce8
core   0: 0x8000ecec (0x303f2c23) sw      gp, 792(t5)
core   0: 3 0x8000ecec (0x303f2c23) mem 0x80010000 0x00000001
core   0: 0x8000ecf0 (0x0000bfe5) c.j     pc - 8
core   0: 3 0x8000ecf0 (0xbfe5)
core   0: 0x8000ece8 (0x00001f17) auipc   t5, 0x1
core   0: 3 0x8000ece8 (0x00001f17) x30 0x8000fce8
core   0: 0x8000ecec (0x303f2c23) sw      gp, 792(t5)
core   0: 3 0x8000ecec (0x303f2c23) mem 0x80010000 0x00000001
core   0: 0x8000ecf0 (0x0000bfe5) c.j     pc - 8
core   0: 3 0x8000ecf0 (0xbfe5)
core   0: 0x8000ece8 (0x00001f17) auipc   t5, 0x1
core   0: 3 0x8000ece8 (0x00001f17) x30 0x8000fce8
core   0: 0x8000ecec (0x303f2c23) sw      gp, 792(t5)
core   0: 3 0x8000ecec (0x303f2c23) mem 0x80010000 0x00000001
core   0: 0x8000ecf0 (0x0000bfe5) c.j     pc - 8
core   0: 3 0x8000ecf0 (0xbfe5)
core   0: 0x8000ece8 (0x00001f17) auipc   t5, 0x1
core   0: 3 0x8000ece8 (0x00001f17) x30 0x8000fce8
core   0: 0x8000ecec (0x303f2c23) sw      gp, 792(t5)
core   0: 3 0x8000ecec (0x303f2c23) mem 0x80010000 0x00000001
core   0: 0x8000ecf0 (0x0000bfe5) c.j     pc - 8
core   0: 3 0x8000ecf0 (0xbfe5)
core   0: 0x8000ece8 (0x00001f17) auipc   t5, 0x1
core   0: 3 0x8000ece8 (0x00001f17) x30 0x8000fce8
core   0: 0x8000ecec (0x303f2c23) sw      gp, 792(t5)
core   0: 3 0x8000ecec (0x303f2c23) mem 0x80010000 0x00000001
core   0: 0x8000ecf0 (0x0000bfe5) c.j     pc - 8
core   0: 3 0x8000ecf0 (0xbfe5)
core   0: 0x8000ece8 (0x00001f17) auipc   t5, 0x1
core   0: 3 0x8000ece8 (0x00001f17) x30 0x8000fce8
core   0: 0x8000ecec (0x303f2c23) sw      gp, 792(t5)
core   0: 3 0x8000ecec (0x303f2c23) mem 0x80010000 0x00000001
core   0: 0x8000ecf0 (0x0000bfe5) c.j     pc - 8
core   0: 3 0x8000ecf0 (0xbfe5)
core   0: 0x8000ece8 (0x00001f17) auipc   t5, 0x1
core   0: 3 0x8000ece8 (0x00001f17) x30 0x8000fce8
core   0: 0x8000ecec (0x303f2c23) sw      gp, 792(t5)
core   0: 3 0x8000ecec (0x303f2c23) mem 0x80010000 0x00000001
core   0: 0x8000ecf0 (0x0000bfe5) c.j     pc - 8
core   0: 3 0x8000ecf0 (0xbfe5)
core   0: 0x8000ece8 (0x00001f17) auipc   t5, 0x1
core   0: 3 0x8000ece8 (0x00001f17) x30 0x8000fce8
core   0: 0x8000ecec (0x303f2c23) sw      gp, 792(t5)
core   0: 3 0x8000ecec (0x303f2c23) mem 0x80010000 0x00000001
core   0: 0x8000ecf0 (0x0000bfe5) c.j     pc - 8
core   0: 3 0x8000ecf0 (0xbfe5)
core   0: 0x8000ece8 (0x00001f17) auipc   t5, 0x1
core   0: 3 0x8000ece8 (0x00001f17) x30 0x8000fce8
core   0: 0x8000ecec (0x303f2c23) sw      gp, 792(t5)
core   0: 3 0x8000ecec (0x303f2c23) mem 0x80010000 0x00000001
core   0: 0x8000ecf0 (0x0000bfe5) c.j     pc - 8
core   0: 3 0x8000ecf0 (0xbfe5)
core   0: 0x8000ece8 (0x00001f17) auipc   t5, 0x1
core   0: 3 0x8000ece8 (0x00001f17) x30 0x8000fce8
core   0: 0x8000ecec (0x303f2c23) sw      gp, 792(t5)
core   0: 3 0x8000ecec (0x303f2c23) mem 0x80010000 0x00000001
core   0: 0x8000ecf0 (0x0000bfe5) c.j     pc - 8
core   0: 3 0x8000ecf0 (0xbfe5)
core   0: 0x8000ece8 (0x00001f17) auipc   t5, 0x1
core   0: 3 0x8000ece8 (0x00001f17) x30 0x8000fce8
core   0: 0x8000ecec (0x303f2c23) sw      gp, 792(t5)
core   0: 3 0x8000ecec (0x303f2c23) mem 0x80010000 0x00000001
core   0: 0x8000ecf0 (0x0000bfe5) c.j     pc - 8
core   0: 3 0x8000ecf0 (0xbfe5)
core   0: 0x8000ece8 (0x00001f17) auipc   t5, 0x1
core   0: 3 0x8000ece8 (0x00001f17) x30 0x8000fce8
core   0: 0x8000ecec (0x303f2c23) sw      gp, 792(t5)
core   0: 3 0x8000ecec (0x303f2c23) mem 0x80010000 0x00000001
core   0: 0x8000ecf0 (0x0000bfe5) c.j     pc - 8
core   0: 3 0x8000ecf0 (0xbfe5)
core   0: 0x8000ece8 (0x00001f17) auipc   t5, 0x1
core   0: 3 0x8000ece8 (0x00001f17) x30 0x8000fce8
core   0: 0x8000ecec (0x303f2c23) sw      gp, 792(t5)
core   0: 3 0x8000ecec (0x303f2c23) mem 0x80010000 0x00000001
core   0: 0x8000ecf0 (0x0000bfe5) c.j     pc - 8
core   0: 3 0x8000ecf0 (0xbfe5)
core   0: 0x8000ece8 (0x00001f17) auipc   t5, 0x1
core   0: 3 0x8000ece8 (0x00001f17) x30 0x8000fce8
core   0: 0x8000ecec (0x303f2c23) sw      gp, 792(t5)
core   0: 3 0x8000ecec (0x303f2c23) mem 0x80010000 0x00000001
core   0: 0x8000ecf0 (0x0000bfe5) c.j     pc - 8
core   0: 3 0x8000ecf0 (0xbfe5)
core   0: 0x8000ece8 (0x00001f17) auipc   t5, 0x1
core   0: 3 0x8000ece8 (0x00001f17) x30 0x8000fce8
core   0: 0x8000ecec (0x303f2c23) sw      gp, 792(t5)
core   0: 3 0x8000ecec (0x303f2c23) mem 0x80010000 0x00000001
core   0: 0x8000ecf0 (0x0000bfe5) c.j     pc - 8
core   0: 3 0x8000ecf0 (0xbfe5)
core   0: 0x8000ece8 (0x00001f17) auipc   t5, 0x1
core   0: 3 0x8000ece8 (0x00001f17) x30 0x8000fce8
core   0: 0x8000ecec (0x303f2c23) sw      gp, 792(t5)
core   0: 3 0x8000ecec (0x303f2c23) mem 0x80010000 0x00000001
core   0: 0x8000ecf0 (0x0000bfe5) c.j     pc - 8
core   0: 3 0x8000ecf0 (0xbfe5)
core   0: 0x8000ece8 (0x00001f17) auipc   t5, 0x1
core   0: 3 0x8000ece8 (0x00001f17) x30 0x8000fce8
core   0: 0x8000ecec (0x303f2c23) sw      gp, 792(t5)
core   0: 3 0x8000ecec (0x303f2c23) mem 0x80010000 0x00000001
core   0: 0x8000ecf0 (0x0000bfe5) c.j     pc - 8
core   0: 3 0x8000ecf0 (0xbfe5)
core   0: 0x8000ece8 (0x00001f17) auipc   t5, 0x1
core   0: 3 0x8000ece8 (0x00001f17) x30 0x8000fce8
core   0: 0x8000ecec (0x303f2c23) sw      gp, 792(t5)
core   0: 3 0x8000ecec (0x303f2c23) mem 0x80010000 0x00000001
core   0: 0x8000ecf0 (0x0000bfe5) c.j     pc - 8
core   0: 3 0x8000ecf0 (0xbfe5)
core   0: 0x8000ece8 (0x00001f17) auipc   t5, 0x1
core   0: 3 0x8000ece8 (0x00001f17) x30 0x8000fce8
core   0: 0x8000ecec (0x303f2c23) sw      gp, 792(t5)
core   0: 3 0x8000ecec (0x303f2c23) mem 0x80010000 0x00000001
core   0: 0x8000ecf0 (0x0000bfe5) c.j     pc - 8
core   0: 3 0x8000ecf0 (0xbfe5)
core   0: 0x8000ece8 (0x00001f17) auipc   t5, 0x1
core   0: 3 0x8000ece8 (0x00001f17) x30 0x8000fce8
core   0: 0x8000ecec (0x303f2c23) sw      gp, 792(t5)
core   0: 3 0x8000ecec (0x303f2c23) mem 0x80010000 0x00000001
core   0: 0x8000ecf0 (0x0000bfe5) c.j     pc - 8
core   0: 3 0x8000ecf0 (0xbfe5)
core   0: 0x8000ece8 (0x00001f17) auipc   t5, 0x1
core   0: 3 0x8000ece8 (0x00001f17) x30 0x8000fce8
core   0: 0x8000ecec (0x303f2c23) sw      gp, 792(t5)
core   0: 3 0x8000ecec (0x303f2c23) mem 0x80010000 0x00000001
core   0: 0x8000ecf0 (0x0000bfe5) c.j     pc - 8
core   0: 3 0x8000ecf0 (0xbfe5)
core   0: 0x8000ece8 (0x00001f17) auipc   t5, 0x1
core   0: 3 0x8000ece8 (0x00001f17) x30 0x8000fce8
core   0: 0x8000ecec (0x303f2c23) sw      gp, 792(t5)
core   0: 3 0x8000ecec (0x303f2c23) mem 0x80010000 0x00000001
core   0: 0x8000ecf0 (0x0000bfe5) c.j     pc - 8
core   0: 3 0x8000ecf0 (0xbfe5)
core   0: 0x8000ece8 (0x00001f17) auipc   t5, 0x1
core   0: 3 0x8000ece8 (0x00001f17) x30 0x8000fce8
core   0: 0x8000ecec (0x303f2c23) sw      gp, 792(t5)
core   0: 3 0x8000ecec (0x303f2c23) mem 0x80010000 0x00000001
core   0: 0x8000ecf0 (0x0000bfe5) c.j     pc - 8
core   0: 3 0x8000ecf0 (0xbfe5)
core   0: 0x8000ece8 (0x00001f17) auipc   t5, 0x1
core   0: 3 0x8000ece8 (0x00001f17) x30 0x8000fce8
core   0: 0x8000ecec (0x303f2c23) sw      gp, 792(t5)
core   0: 3 0x8000ecec (0x303f2c23) mem 0x80010000 0x00000001
core   0: 0x8000ecf0 (0x0000bfe5) c.j     pc - 8
core   0: 3 0x8000ecf0 (0xbfe5)
core   0: 0x8000ece8 (0x00001f17) auipc   t5, 0x1
core   0: 3 0x8000ece8 (0x00001f17) x30 0x8000fce8
core   0: 0x8000ecec (0x303f2c23) sw      gp, 792(t5)
core   0: 3 0x8000ecec (0x303f2c23) mem 0x80010000 0x00000001
core   0: 0x8000ecf0 (0x0000bfe5) c.j     pc - 8
core   0: 3 0x8000ecf0 (0xbfe5)
core   0: 0x8000ece8 (0x00001f17) auipc   t5, 0x1
core   0: 3 0x8000ece8 (0x00001f17) x30 0x8000fce8
core   0: 0x8000ecec (0x303f2c23) sw      gp, 792(t5)
core   0: 3 0x8000ecec (0x303f2c23) mem 0x80010000 0x00000001
core   0: 0x8000ecf0 (0x0000bfe5) c.j     pc - 8
core   0: 3 0x8000ecf0 (0xbfe5)
core   0: 0x8000ece8 (0x00001f17) auipc   t5, 0x1
core   0: 3 0x8000ece8 (0x00001f17) x30 0x8000fce8
core   0: 0x8000ecec (0x303f2c23) sw      gp, 792(t5)
core   0: 3 0x8000ecec (0x303f2c23) mem 0x80010000 0x00000001
core   0: 0x8000ecf0 (0x0000bfe5) c.j     pc - 8
core   0: 3 0x8000ecf0 (0xbfe5)
core   0: 0x8000ece8 (0x00001f17) auipc   t5, 0x1
core   0: 3 0x8000ece8 (0x00001f17) x30 0x8000fce8
core   0: 0x8000ecec (0x303f2c23) sw      gp, 792(t5)
core   0: 3 0x8000ecec (0x303f2c23) mem 0x80010000 0x00000001
core   0: 0x8000ecf0 (0x0000bfe5) c.j     pc - 8
core   0: 3 0x8000ecf0 (0xbfe5)
core   0: 0x8000ece8 (0x00001f17) auipc   t5, 0x1
core   0: 3 0x8000ece8 (0x00001f17) x30 0x8000fce8
core   0: 0x8000ecec (0x303f2c23) sw      gp, 792(t5)
core   0: 3 0x8000ecec (0x303f2c23) mem 0x80010000 0x00000001
core   0: 0x8000ecf0 (0x0000bfe5) c.j     pc - 8
core   0: 3 0x8000ecf0 (0xbfe5)
core   0: 0x8000ece8 (0x00001f17) auipc   t5, 0x1
core   0: 3 0x8000ece8 (0x00001f17) x30 0x8000fce8
core   0: 0x8000ecec (0x303f2c23) sw      gp, 792(t5)
core   0: 3 0x8000ecec (0x303f2c23) mem 0x80010000 0x00000001
core   0: 0x8000ecf0 (0x0000bfe5) c.j     pc - 8
core   0: 3 0x8000ecf0 (0xbfe5)
core   0: 0x8000ece8 (0x00001f17) auipc   t5, 0x1
core   0: 3 0x8000ece8 (0x00001f17) x30 0x8000fce8
core   0: 0x8000ecec (0x303f2c23) sw      gp, 792(t5)
core   0: 3 0x8000ecec (0x303f2c23) mem 0x80010000 0x00000001
core   0: 0x8000ecf0 (0x0000bfe5) c.j     pc - 8
core   0: 3 0x8000ecf0 (0xbfe5)
core   0: 0x8000ece8 (0x00001f17) auipc   t5, 0x1
core   0: 3 0x8000ece8 (0x00001f17) x30 0x8000fce8
core   0: 0x8000ecec (0x303f2c23) sw      gp, 792(t5)
core   0: 3 0x8000ecec (0x303f2c23) mem 0x80010000 0x00000001
core   0: 0x8000ecf0 (0x0000bfe5) c.j     pc - 8
core   0: 3 0x8000ecf0 (0xbfe5)
core   0: 0x8000ece8 (0x00001f17) auipc   t5, 0x1
core   0: 3 0x8000ece8 (0x00001f17) x30 0x8000fce8
core   0: 0x8000ecec (0x303f2c23) sw      gp, 792(t5)
core   0: 3 0x8000ecec (0x303f2c23) mem 0x80010000 0x00000001
core   0: 0x8000ecf0 (0x0000bfe5) c.j     pc - 8
core   0: 3 0x8000ecf0 (0xbfe5)
core   0: 0x8000ece8 (0x00001f17) auipc   t5, 0x1
core   0: 3 0x8000ece8 (0x00001f17) x30 0x8000fce8
core   0: 0x8000ecec (0x303f2c23) sw      gp, 792(t5)
core   0: 3 0x8000ecec (0x303f2c23) mem 0x80010000 0x00000001
core   0: 0x8000ecf0 (0x0000bfe5) c.j     pc - 8
core   0: 3 0x8000ecf0 (0xbfe5)
core   0: 0x8000ece8 (0x00001f17) auipc   t5, 0x1
core   0: 3 0x8000ece8 (0x00001f17) x30 0x8000fce8
core   0: 0x8000ecec (0x303f2c23) sw      gp, 792(t5)
core   0: 3 0x8000ecec (0x303f2c23) mem 0x80010000 0x00000001
core   0: 0x8000ecf0 (0x0000bfe5) c.j     pc - 8
core   0: 3 0x8000ecf0 (0xbfe5)
core   0: 0x8000ece8 (0x00001f17) auipc   t5, 0x1
core   0: 3 0x8000ece8 (0x00001f17) x30 0x8000fce8
core   0: 0x8000ecec (0x303f2c23) sw      gp, 792(t5)
core   0: 3 0x8000ecec (0x303f2c23) mem 0x80010000 0x00000001
core   0: 0x8000ecf0 (0x0000bfe5) c.j     pc - 8
core   0: 3 0x8000ecf0 (0xbfe5)
core   0: 0x8000ece8 (0x00001f17) auipc   t5, 0x1
core   0: 3 0x8000ece8 (0x00001f17) x30 0x8000fce8
core   0: 0x8000ecec (0x303f2c23) sw      gp, 792(t5)
core   0: 3 0x8000ecec (0x303f2c23) mem 0x80010000 0x00000001
core   0: 0x8000ecf0 (0x0000bfe5) c.j     pc - 8
core   0: 3 0x8000ecf0 (0xbfe5)
core   0: 0x8000ece8 (0x00001f17) auipc   t5, 0x1
core   0: 3 0x8000ece8 (0x00001f17) x30 0x8000fce8
core   0: 0x8000ecec (0x303f2c23) sw      gp, 792(t5)
core   0: 3 0x8000ecec (0x303f2c23) mem 0x80010000 0x00000001
core   0: 0x8000ecf0 (0x0000bfe5) c.j     pc - 8
core   0: 3 0x8000ecf0 (0xbfe5)
core   0: 0x8000ece8 (0x00001f17) auipc   t5, 0x1
core   0: 3 0x8000ece8 (0x00001f17) x30 0x8000fce8
core   0: 0x8000ecec (0x303f2c23) sw      gp, 792(t5)
core   0: 3 0x8000ecec (0x303f2c23) mem 0x80010000 0x00000001
core   0: 0x8000ecf0 (0x0000bfe5) c.j     pc - 8
core   0: 3 0x8000ecf0 (0xbfe5)
core   0: 0x8000ece8 (0x00001f17) auipc   t5, 0x1
core   0: 3 0x8000ece8 (0x00001f17) x30 0x8000fce8
core   0: 0x8000ecec (0x303f2c23) sw      gp, 792(t5)
core   0: 3 0x8000ecec (0x303f2c23) mem 0x80010000 0x00000001
core   0: 0x8000ecf0 (0x0000bfe5) c.j     pc - 8
core   0: 3 0x8000ecf0 (0xbfe5)
core   0: 0x8000ece8 (0x00001f17) auipc   t5, 0x1
core   0: 3 0x8000ece8 (0x00001f17) x30 0x8000fce8
core   0: 0x8000ecec (0x303f2c23) sw      gp, 792(t5)
core   0: 3 0x8000ecec (0x303f2c23) mem 0x80010000 0x00000001
core   0: 0x8000ecf0 (0x0000bfe5) c.j     pc - 8
core   0: 3 0x8000ecf0 (0xbfe5)
core   0: 0x8000ece8 (0x00001f17) auipc   t5, 0x1
core   0: 3 0x8000ece8 (0x00001f17) x30 0x8000fce8
core   0: 0x8000ecec (0x303f2c23) sw      gp, 792(t5)
core   0: 3 0x8000ecec (0x303f2c23) mem 0x80010000 0x00000001
core   0: 0x8000ecf0 (0x0000bfe5) c.j     pc - 8
core   0: 3 0x8000ecf0 (0xbfe5)
core   0: 0x8000ece8 (0x00001f17) auipc   t5, 0x1
core   0: 3 0x8000ece8 (0x00001f17) x30 0x8000fce8
core   0: 0x8000ecec (0x303f2c23) sw      gp, 792(t5)
core   0: 3 0x8000ecec (0x303f2c23) mem 0x80010000 0x00000001
core   0: 0x8000ecf0 (0x0000bfe5) c.j     pc - 8
core   0: 3 0x8000ecf0 (0xbfe5)
core   0: 0x8000ece8 (0x00001f17) auipc   t5, 0x1
core   0: 3 0x8000ece8 (0x00001f17) x30 0x8000fce8
core   0: 0x8000ecec (0x303f2c23) sw      gp, 792(t5)
core   0: 3 0x8000ecec (0x303f2c23) mem 0x80010000 0x00000001
core   0: 0x8000ecf0 (0x0000bfe5) c.j     pc - 8
core   0: 3 0x8000ecf0 (0xbfe5)
core   0: 0x8000ece8 (0x00001f17) auipc   t5, 0x1
core   0: 3 0x8000ece8 (0x00001f17) x30 0x8000fce8
core   0: 0x8000ecec (0x303f2c23) sw      gp, 792(t5)
core   0: 3 0x8000ecec (0x303f2c23) mem 0x80010000 0x00000001
core   0: 0x8000ecf0 (0x0000bfe5) c.j     pc - 8
core   0: 3 0x8000ecf0 (0xbfe5)
core   0: 0x8000ece8 (0x00001f17) auipc   t5, 0x1
core   0: 3 0x8000ece8 (0x00001f17) x30 0x8000fce8
core   0: 0x8000ecec (0x303f2c23) sw      gp, 792(t5)
core   0: 3 0x8000ecec (0x303f2c23) mem 0x80010000 0x00000001
core   0: 0x8000ecf0 (0x0000bfe5) c.j     pc - 8
core   0: 3 0x8000ecf0 (0xbfe5)
core   0: 0x8000ece8 (0x00001f17) auipc   t5, 0x1
core   0: 3 0x8000ece8 (0x00001f17) x30 0x8000fce8
core   0: 0x8000ecec (0x303f2c23) sw      gp, 792(t5)
core   0: 3 0x8000ecec (0x303f2c23) mem 0x80010000 0x00000001
core   0: 0x8000ecf0 (0x0000bfe5) c.j     pc - 8
core   0: 3 0x8000ecf0 (0xbfe5)
core   0: 0x8000ece8 (0x00001f17) auipc   t5, 0x1
core   0: 3 0x8000ece8 (0x00001f17) x30 0x8000fce8
core   0: 0x8000ecec (0x303f2c23) sw      gp, 792(t5)
core   0: 3 0x8000ecec (0x303f2c23) mem 0x80010000 0x00000001
core   0: 0x8000ecf0 (0x0000bfe5) c.j     pc - 8
core   0: 3 0x8000ecf0 (0xbfe5)
core   0: 0x8000ece8 (0x00001f17) auipc   t5, 0x1
core   0: 3 0x8000ece8 (0x00001f17) x30 0x8000fce8
core   0: 0x8000ecec (0x303f2c23) sw      gp, 792(t5)
core   0: 3 0x8000ecec (0x303f2c23) mem 0x80010000 0x00000001
core   0: 0x8000ecf0 (0x0000bfe5) c.j     pc - 8
core   0: 3 0x8000ecf0 (0xbfe5)
core   0: 0x8000ece8 (0x00001f17) auipc   t5, 0x1
core   0: 3 0x8000ece8 (0x00001f17) x30 0x8000fce8
core   0: 0x8000ecec (0x303f2c23) sw      gp, 792(t5)
core   0: 3 0x8000ecec (0x303f2c23) mem 0x80010000 0x00000001
core   0: 0x8000ecf0 (0x0000bfe5) c.j     pc - 8
core   0: 3 0x8000ecf0 (0xbfe5)
core   0: 0x8000ece8 (0x00001f17) auipc   t5, 0x1
core   0: 3 0x8000ece8 (0x00001f17) x30 0x8000fce8
core   0: 0x8000ecec (0x303f2c23) sw      gp, 792(t5)
core   0: 3 0x8000ecec (0x303f2c23) mem 0x80010000 0x00000001
core   0: 0x8000ecf0 (0x0000bfe5) c.j     pc - 8
core   0: 3 0x8000ecf0 (0xbfe5)
core   0: 0x8000ece8 (0x00001f17) auipc   t5, 0x1
core   0: 3 0x8000ece8 (0x00001f17) x30 0x8000fce8
core   0: 0x8000ecec (0x303f2c23) sw      gp, 792(t5)
core   0: 3 0x8000ecec (0x303f2c23) mem 0x80010000 0x00000001
core   0: 0x8000ecf0 (0x0000bfe5) c.j     pc - 8
core   0: 3 0x8000ecf0 (0xbfe5)
core   0: 0x8000ece8 (0x00001f17) auipc   t5, 0x1
core   0: 3 0x8000ece8 (0x00001f17) x30 0x8000fce8
core   0: 0x8000ecec (0x303f2c23) sw      gp, 792(t5)
core   0: 3 0x8000ecec (0x303f2c23) mem 0x80010000 0x00000001
core   0: 0x8000ecf0 (0x0000bfe5) c.j     pc - 8
core   0: 3 0x8000ecf0 (0xbfe5)
core   0: 0x8000ece8 (0x00001f17) auipc   t5, 0x1
core   0: 3 0x8000ece8 (0x00001f17) x30 0x8000fce8
core   0: 0x8000ecec (0x303f2c23) sw      gp, 792(t5)
core   0: 3 0x8000ecec (0x303f2c23) mem 0x80010000 0x00000001
core   0: 0x8000ecf0 (0x0000bfe5) c.j     pc - 8
core   0: 3 0x8000ecf0 (0xbfe5)
core   0: 0x8000ece8 (0x00001f17) auipc   t5, 0x1
core   0: 3 0x8000ece8 (0x00001f17) x30 0x8000fce8
core   0: 0x8000ecec (0x303f2c23) sw      gp, 792(t5)
core   0: 3 0x8000ecec (0x303f2c23) mem 0x80010000 0x00000001
core   0: 0x8000ecf0 (0x0000bfe5) c.j     pc - 8
core   0: 3 0x8000ecf0 (0xbfe5)
core   0: 0x8000ece8 (0x00001f17) auipc   t5, 0x1
core   0: 3 0x8000ece8 (0x00001f17) x30 0x8000fce8
core   0: 0x8000ecec (0x303f2c23) sw      gp, 792(t5)
core   0: 3 0x8000ecec (0x303f2c23) mem 0x80010000 0x00000001
core   0: 0x8000ecf0 (0x0000bfe5) c.j     pc - 8
core   0: 3 0x8000ecf0 (0xbfe5)
core   0: 0x8000ece8 (0x00001f17) auipc   t5, 0x1
core   0: 3 0x8000ece8 (0x00001f17) x30 0x8000fce8
core   0: 0x8000ecec (0x303f2c23) sw      gp, 792(t5)
core   0: 3 0x8000ecec (0x303f2c23) mem 0x80010000 0x00000001
core   0: 0x8000ecf0 (0x0000bfe5) c.j     pc - 8
core   0: 3 0x8000ecf0 (0xbfe5)
core   0: 0x8000ece8 (0x00001f17) auipc   t5, 0x1
core   0: 3 0x8000ece8 (0x00001f17) x30 0x8000fce8
core   0: 0x8000ecec (0x303f2c23) sw      gp, 792(t5)
core   0: 3 0x8000ecec (0x303f2c23) mem 0x80010000 0x00000001
core   0: 0x8000ecf0 (0x0000bfe5) c.j     pc - 8
core   0: 3 0x8000ecf0 (0xbfe5)
core   0: 0x8000ece8 (0x00001f17) auipc   t5, 0x1
core   0: 3 0x8000ece8 (0x00001f17) x30 0x8000fce8
core   0: 0x8000ecec (0x303f2c23) sw      gp, 792(t5)
core   0: 3 0x8000ecec (0x303f2c23) mem 0x80010000 0x00000001
core   0: 0x8000ecf0 (0x0000bfe5) c.j     pc - 8
core   0: 3 0x8000ecf0 (0xbfe5)
core   0: 0x8000ece8 (0x00001f17) auipc   t5, 0x1
core   0: 3 0x8000ece8 (0x00001f17) x30 0x8000fce8
core   0: 0x8000ecec (0x303f2c23) sw      gp, 792(t5)
core   0: 3 0x8000ecec (0x303f2c23) mem 0x80010000 0x00000001
core   0: 0x8000ecf0 (0x0000bfe5) c.j     pc - 8
core   0: 3 0x8000ecf0 (0xbfe5)
core   0: 0x8000ece8 (0x00001f17) auipc   t5, 0x1
core   0: 3 0x8000ece8 (0x00001f17) x30 0x8000fce8
core   0: 0x8000ecec (0x303f2c23) sw      gp, 792(t5)
core   0: 3 0x8000ecec (0x303f2c23) mem 0x80010000 0x00000001
core   0: 0x8000ecf0 (0x0000bfe5) c.j     pc - 8
core   0: 3 0x8000ecf0 (0xbfe5)
core   0: 0x8000ece8 (0x00001f17) auipc   t5, 0x1
core   0: 3 0x8000ece8 (0x00001f17) x30 0x8000fce8
core   0: 0x8000ecec (0x303f2c23) sw      gp, 792(t5)
core   0: 3 0x8000ecec (0x303f2c23) mem 0x80010000 0x00000001
core   0: 0x8000ecf0 (0x0000bfe5) c.j     pc - 8
core   0: 3 0x8000ecf0 (0xbfe5)
core   0: 0x8000ece8 (0x00001f17) auipc   t5, 0x1
core   0: 3 0x8000ece8 (0x00001f17) x30 0x8000fce8
core   0: 0x8000ecec (0x303f2c23) sw      gp, 792(t5)
core   0: 3 0x8000ecec (0x303f2c23) mem 0x80010000 0x00000001
core   0: 0x8000ecf0 (0x0000bfe5) c.j     pc - 8
core   0: 3 0x8000ecf0 (0xbfe5)
core   0: 0x8000ece8 (0x00001f17) auipc   t5, 0x1
core   0: 3 0x8000ece8 (0x00001f17) x30 0x8000fce8
core   0: 0x8000ecec (0x303f2c23) sw      gp, 792(t5)
core   0: 3 0x8000ecec (0x303f2c23) mem 0x80010000 0x00000001
core   0: 0x8000ecf0 (0x0000bfe5) c.j     pc - 8
core   0: 3 0x8000ecf0 (0xbfe5)
core   0: 0x8000ece8 (0x00001f17) auipc   t5, 0x1
core   0: 3 0x8000ece8 (0x00001f17) x30 0x8000fce8
core   0: 0x8000ecec (0x303f2c23) sw      gp, 792(t5)
core   0: 3 0x8000ecec (0x303f2c23) mem 0x80010000 0x00000001
core   0: 0x8000ecf0 (0x0000bfe5) c.j     pc - 8
core   0: 3 0x8000ecf0 (0xbfe5)
core   0: 0x8000ece8 (0x00001f17) auipc   t5, 0x1
core   0: 3 0x8000ece8 (0x00001f17) x30 0x8000fce8
core   0: 0x8000ecec (0x303f2c23) sw      gp, 792(t5)
core   0: 3 0x8000ecec (0x303f2c23) mem 0x80010000 0x00000001
core   0: 0x8000ecf0 (0x0000bfe5) c.j     pc - 8
core   0: 3 0x8000ecf0 (0xbfe5)
core   0: 0x8000ece8 (0x00001f17) auipc   t5, 0x1
core   0: 3 0x8000ece8 (0x00001f17) x30 0x8000fce8
core   0: 0x8000ecec (0x303f2c23) sw      gp, 792(t5)
core   0: 3 0x8000ecec (0x303f2c23) mem 0x80010000 0x00000001
core   0: 0x8000ecf0 (0x0000bfe5) c.j     pc - 8
core   0: 3 0x8000ecf0 (0xbfe5)
core   0: 0x8000ece8 (0x00001f17) auipc   t5, 0x1
core   0: 3 0x8000ece8 (0x00001f17) x30 0x8000fce8
core   0: 0x8000ecec (0x303f2c23) sw      gp, 792(t5)
core   0: 3 0x8000ecec (0x303f2c23) mem 0x80010000 0x00000001
core   0: 0x8000ecf0 (0x0000bfe5) c.j     pc - 8
core   0: 3 0x8000ecf0 (0xbfe5)
core   0: 0x8000ece8 (0x00001f17) auipc   t5, 0x1
core   0: 3 0x8000ece8 (0x00001f17) x30 0x8000fce8
core   0: 0x8000ecec (0x303f2c23) sw      gp, 792(t5)
core   0: 3 0x8000ecec (0x303f2c23) mem 0x80010000 0x00000001
core   0: 0x8000ecf0 (0x0000bfe5) c.j     pc - 8
core   0: 3 0x8000ecf0 (0xbfe5)
core   0: 0x8000ece8 (0x00001f17) auipc   t5, 0x1
core   0: 3 0x8000ece8 (0x00001f17) x30 0x8000fce8
core   0: 0x8000ecec (0x303f2c23) sw      gp, 792(t5)
core   0: 3 0x8000ecec (0x303f2c23) mem 0x80010000 0x00000001
core   0: 0x8000ecf0 (0x0000bfe5) c.j     pc - 8
core   0: 3 0x8000ecf0 (0xbfe5)
core   0: 0x8000ece8 (0x00001f17) auipc   t5, 0x1
core   0: 3 0x8000ece8 (0x00001f17) x30 0x8000fce8
core   0: 0x8000ecec (0x303f2c23) sw      gp, 792(t5)
core   0: 3 0x8000ecec (0x303f2c23) mem 0x80010000 0x00000001
core   0: 0x8000ecf0 (0x0000bfe5) c.j     pc - 8
core   0: 3 0x8000ecf0 (0xbfe5)
core   0: 0x8000ece8 (0x00001f17) auipc   t5, 0x1
core   0: 3 0x8000ece8 (0x00001f17) x30 0x8000fce8
core   0: 0x8000ecec (0x303f2c23) sw      gp, 792(t5)
core   0: 3 0x8000ecec (0x303f2c23) mem 0x80010000 0x00000001
core   0: 0x8000ecf0 (0x0000bfe5) c.j     pc - 8
core   0: 3 0x8000ecf0 (0xbfe5)
core   0: 0x8000ece8 (0x00001f17) auipc   t5, 0x1
core   0: 3 0x8000ece8 (0x00001f17) x30 0x8000fce8
core   0: 0x8000ecec (0x303f2c23) sw      gp, 792(t5)
core   0: 3 0x8000ecec (0x303f2c23) mem 0x80010000 0x00000001
core   0: 0x8000ecf0 (0x0000bfe5) c.j     pc - 8
core   0: 3 0x8000ecf0 (0xbfe5)
core   0: 0x8000ece8 (0x00001f17) auipc   t5, 0x1
core   0: 3 0x8000ece8 (0x00001f17) x30 0x8000fce8
core   0: 0x8000ecec (0x303f2c23) sw      gp, 792(t5)
core   0: 3 0x8000ecec (0x303f2c23) mem 0x80010000 0x00000001
core   0: 0x8000ecf0 (0x0000bfe5) c.j     pc - 8
core   0: 3 0x8000ecf0 (0xbfe5)
core   0: 0x8000ece8 (0x00001f17) auipc   t5, 0x1
core   0: 3 0x8000ece8 (0x00001f17) x30 0x8000fce8
core   0: 0x8000ecec (0x303f2c23) sw      gp, 792(t5)
core   0: 3 0x8000ecec (0x303f2c23) mem 0x80010000 0x00000001
core   0: 0x8000ecf0 (0x0000bfe5) c.j     pc - 8
core   0: 3 0x8000ecf0 (0xbfe5)
core   0: 0x8000ece8 (0x00001f17) auipc   t5, 0x1
core   0: 3 0x8000ece8 (0x00001f17) x30 0x8000fce8
core   0: 0x8000ecec (0x303f2c23) sw      gp, 792(t5)
core   0: 3 0x8000ecec (0x303f2c23) mem 0x80010000 0x00000001
core   0: 0x8000ecf0 (0x0000bfe5) c.j     pc - 8
core   0: 3 0x8000ecf0 (0xbfe5)
core   0: 0x8000ece8 (0x00001f17) auipc   t5, 0x1
core   0: 3 0x8000ece8 (0x00001f17) x30 0x8000fce8
core   0: 0x8000ecec (0x303f2c23) sw      gp, 792(t5)
core   0: 3 0x8000ecec (0x303f2c23) mem 0x80010000 0x00000001
core   0: 0x8000ecf0 (0x0000bfe5) c.j     pc - 8
core   0: 3 0x8000ecf0 (0xbfe5)
core   0: 0x8000ece8 (0x00001f17) auipc   t5, 0x1
core   0: 3 0x8000ece8 (0x00001f17) x30 0x8000fce8
core   0: 0x8000ecec (0x303f2c23) sw      gp, 792(t5)
core   0: 3 0x8000ecec (0x303f2c23) mem 0x80010000 0x00000001
core   0: 0x8000ecf0 (0x0000bfe5) c.j     pc - 8
core   0: 3 0x8000ecf0 (0xbfe5)
core   0: 0x8000ece8 (0x00001f17) auipc   t5, 0x1
core   0: 3 0x8000ece8 (0x00001f17) x30 0x8000fce8
core   0: 0x8000ecec (0x303f2c23) sw      gp, 792(t5)
core   0: 3 0x8000ecec (0x303f2c23) mem 0x80010000 0x00000001
core   0: 0x8000ecf0 (0x0000bfe5) c.j     pc - 8
core   0: 3 0x8000ecf0 (0xbfe5)
core   0: 0x8000ece8 (0x00001f17) auipc   t5, 0x1
core   0: 3 0x8000ece8 (0x00001f17) x30 0x8000fce8
core   0: 0x8000ecec (0x303f2c23) sw      gp, 792(t5)
core   0: 3 0x8000ecec (0x303f2c23) mem 0x80010000 0x00000001
core   0: 0x8000ecf0 (0x0000bfe5) c.j     pc - 8
core   0: 3 0x8000ecf0 (0xbfe5)
core   0: 0x8000ece8 (0x00001f17) auipc   t5, 0x1
core   0: 3 0x8000ece8 (0x00001f17) x30 0x8000fce8
core   0: 0x8000ecec (0x303f2c23) sw      gp, 792(t5)
core   0: 3 0x8000ecec (0x303f2c23) mem 0x80010000 0x00000001
core   0: 0x8000ecf0 (0x0000bfe5) c.j     pc - 8
core   0: 3 0x8000ecf0 (0xbfe5)
core   0: 0x8000ece8 (0x00001f17) auipc   t5, 0x1
core   0: 3 0x8000ece8 (0x00001f17) x30 0x8000fce8
core   0: 0x8000ecec (0x303f2c23) sw      gp, 792(t5)
core   0: 3 0x8000ecec (0x303f2c23) mem 0x80010000 0x00000001
core   0: 0x8000ecf0 (0x0000bfe5) c.j     pc - 8
core   0: 3 0x8000ecf0 (0xbfe5)
core   0: 0x8000ece8 (0x00001f17) auipc   t5, 0x1
core   0: 3 0x8000ece8 (0x00001f17) x30 0x8000fce8
core   0: 0x8000ecec (0x303f2c23) sw      gp, 792(t5)
core   0: 3 0x8000ecec (0x303f2c23) mem 0x80010000 0x00000001
core   0: 0x8000ecf0 (0x0000bfe5) c.j     pc - 8
core   0: 3 0x8000ecf0 (0xbfe5)
core   0: 0x8000ece8 (0x00001f17) auipc   t5, 0x1
core   0: 3 0x8000ece8 (0x00001f17) x30 0x8000fce8
core   0: 0x8000ecec (0x303f2c23) sw      gp, 792(t5)
core   0: 3 0x8000ecec (0x303f2c23) mem 0x80010000 0x00000001
core   0: 0x8000ecf0 (0x0000bfe5) c.j     pc - 8
core   0: 3 0x8000ecf0 (0xbfe5)
core   0: 0x8000ece8 (0x00001f17) auipc   t5, 0x1
core   0: 3 0x8000ece8 (0x00001f17) x30 0x8000fce8
core   0: 0x8000ecec (0x303f2c23) sw      gp, 792(t5)
core   0: 3 0x8000ecec (0x303f2c23) mem 0x80010000 0x00000001
core   0: 0x8000ecf0 (0x0000bfe5) c.j     pc - 8
core   0: 3 0x8000ecf0 (0xbfe5)
core   0: 0x8000ece8 (0x00001f17) auipc   t5, 0x1
core   0: 3 0x8000ece8 (0x00001f17) x30 0x8000fce8
core   0: 0x8000ecec (0x303f2c23) sw      gp, 792(t5)
core   0: 3 0x8000ecec (0x303f2c23) mem 0x80010000 0x00000001
core   0: 0x8000ecf0 (0x0000bfe5) c.j     pc - 8
core   0: 3 0x8000ecf0 (0xbfe5)
core   0: 0x8000ece8 (0x00001f17) auipc   t5, 0x1
core   0: 3 0x8000ece8 (0x00001f17) x30 0x8000fce8
core   0: 0x8000ecec (0x303f2c23) sw      gp, 792(t5)
core   0: 3 0x8000ecec (0x303f2c23) mem 0x80010000 0x00000001
core   0: 0x8000ecf0 (0x0000bfe5) c.j     pc - 8
core   0: 3 0x8000ecf0 (0xbfe5)
core   0: 0x8000ece8 (0x00001f17) auipc   t5, 0x1
core   0: 3 0x8000ece8 (0x00001f17) x30 0x8000fce8
core   0: 0x8000ecec (0x303f2c23) sw      gp, 792(t5)
core   0: 3 0x8000ecec (0x303f2c23) mem 0x80010000 0x00000001
core   0: 0x8000ecf0 (0x0000bfe5) c.j     pc - 8
core   0: 3 0x8000ecf0 (0xbfe5)
core   0: 0x8000ece8 (0x00001f17) auipc   t5, 0x1
core   0: 3 0x8000ece8 (0x00001f17) x30 0x8000fce8
core   0: 0x8000ecec (0x303f2c23) sw      gp, 792(t5)
core   0: 3 0x8000ecec (0x303f2c23) mem 0x80010000 0x00000001
core   0: 0x8000ecf0 (0x0000bfe5) c.j     pc - 8
core   0: 3 0x8000ecf0 (0xbfe5)
core   0: 0x8000ece8 (0x00001f17) auipc   t5, 0x1
core   0: 3 0x8000ece8 (0x00001f17) x30 0x8000fce8
core   0: 0x8000ecec (0x303f2c23) sw      gp, 792(t5)
core   0: 3 0x8000ecec (0x303f2c23) mem 0x80010000 0x00000001
core   0: 0x8000ecf0 (0x0000bfe5) c.j     pc - 8
core   0: 3 0x8000ecf0 (0xbfe5)
core   0: 0x8000ece8 (0x00001f17) auipc   t5, 0x1
core   0: 3 0x8000ece8 (0x00001f17) x30 0x8000fce8
core   0: 0x8000ecec (0x303f2c23) sw      gp, 792(t5)
core   0: 3 0x8000ecec (0x303f2c23) mem 0x80010000 0x00000001
core   0: 0x8000ecf0 (0x0000bfe5) c.j     pc - 8
core   0: 3 0x8000ecf0 (0xbfe5)
core   0: 0x8000ece8 (0x00001f17) auipc   t5, 0x1
core   0: 3 0x8000ece8 (0x00001f17) x30 0x8000fce8
core   0: 0x8000ecec (0x303f2c23) sw      gp, 792(t5)
core   0: 3 0x8000ecec (0x303f2c23) mem 0x80010000 0x00000001
core   0: 0x8000ecf0 (0x0000bfe5) c.j     pc - 8
core   0: 3 0x8000ecf0 (0xbfe5)
core   0: 0x8000ece8 (0x00001f17) auipc   t5, 0x1
core   0: 3 0x8000ece8 (0x00001f17) x30 0x8000fce8
core   0: 0x8000ecec (0x303f2c23) sw      gp, 792(t5)
core   0: 3 0x8000ecec (0x303f2c23) mem 0x80010000 0x00000001
core   0: 0x8000ecf0 (0x0000bfe5) c.j     pc - 8
core   0: 3 0x8000ecf0 (0xbfe5)
core   0: 0x8000ece8 (0x00001f17) auipc   t5, 0x1
core   0: 3 0x8000ece8 (0x00001f17) x30 0x8000fce8
core   0: 0x8000ecec (0x303f2c23) sw      gp, 792(t5)
core   0: 3 0x8000ecec (0x303f2c23) mem 0x80010000 0x00000001
core   0: 0x8000ecf0 (0x0000bfe5) c.j     pc - 8
core   0: 3 0x8000ecf0 (0xbfe5)
core   0: 0x8000ece8 (0x00001f17) auipc   t5, 0x1
core   0: 3 0x8000ece8 (0x00001f17) x30 0x8000fce8
core   0: 0x8000ecec (0x303f2c23) sw      gp, 792(t5)
core   0: 3 0x8000ecec (0x303f2c23) mem 0x80010000 0x00000001
core   0: 0x8000ecf0 (0x0000bfe5) c.j     pc - 8
core   0: 3 0x8000ecf0 (0xbfe5)
core   0: 0x8000ece8 (0x00001f17) auipc   t5, 0x1
core   0: 3 0x8000ece8 (0x00001f17) x30 0x8000fce8
core   0: 0x8000ecec (0x303f2c23) sw      gp, 792(t5)
core   0: 3 0x8000ecec (0x303f2c23) mem 0x80010000 0x00000001
core   0: 0x8000ecf0 (0x0000bfe5) c.j     pc - 8
core   0: 3 0x8000ecf0 (0xbfe5)
core   0: 0x8000ece8 (0x00001f17) auipc   t5, 0x1
core   0: 3 0x8000ece8 (0x00001f17) x30 0x8000fce8
core   0: 0x8000ecec (0x303f2c23) sw      gp, 792(t5)
core   0: 3 0x8000ecec (0x303f2c23) mem 0x80010000 0x00000001
core   0: 0x8000ecf0 (0x0000bfe5) c.j     pc - 8
core   0: 3 0x8000ecf0 (0xbfe5)
core   0: 0x8000ece8 (0x00001f17) auipc   t5, 0x1
core   0: 3 0x8000ece8 (0x00001f17) x30 0x8000fce8
core   0: 0x8000ecec (0x303f2c23) sw      gp, 792(t5)
core   0: 3 0x8000ecec (0x303f2c23) mem 0x80010000 0x00000001
core   0: 0x8000ecf0 (0x0000bfe5) c.j     pc - 8
core   0: 3 0x8000ecf0 (0xbfe5)
core   0: 0x8000ece8 (0x00001f17) auipc   t5, 0x1
core   0: 3 0x8000ece8 (0x00001f17) x30 0x8000fce8
core   0: 0x8000ecec (0x303f2c23) sw      gp, 792(t5)
core   0: 3 0x8000ecec (0x303f2c23) mem 0x80010000 0x00000001
core   0: 0x8000ecf0 (0x0000bfe5) c.j     pc - 8
core   0: 3 0x8000ecf0 (0xbfe5)
core   0: 0x8000ece8 (0x00001f17) auipc   t5, 0x1
core   0: 3 0x8000ece8 (0x00001f17) x30 0x8000fce8
core   0: 0x8000ecec (0x303f2c23) sw      gp, 792(t5)
core   0: 3 0x8000ecec (0x303f2c23) mem 0x80010000 0x00000001
core   0: 0x8000ecf0 (0x0000bfe5) c.j     pc - 8
core   0: 3 0x8000ecf0 (0xbfe5)
core   0: 0x8000ece8 (0x00001f17) auipc   t5, 0x1
core   0: 3 0x8000ece8 (0x00001f17) x30 0x8000fce8
core   0: 0x8000ecec (0x303f2c23) sw      gp, 792(t5)
core   0: 3 0x8000ecec (0x303f2c23) mem 0x80010000 0x00000001
core   0: 0x8000ecf0 (0x0000bfe5) c.j     pc - 8
core   0: 3 0x8000ecf0 (0xbfe5)
core   0: 0x8000ece8 (0x00001f17) auipc   t5, 0x1
core   0: 3 0x8000ece8 (0x00001f17) x30 0x8000fce8
core   0: 0x8000ecec (0x303f2c23) sw      gp, 792(t5)
core   0: 3 0x8000ecec (0x303f2c23) mem 0x80010000 0x00000001
core   0: 0x8000ecf0 (0x0000bfe5) c.j     pc - 8
core   0: 3 0x8000ecf0 (0xbfe5)
core   0: 0x8000ece8 (0x00001f17) auipc   t5, 0x1
core   0: 3 0x8000ece8 (0x00001f17) x30 0x8000fce8
core   0: 0x8000ecec (0x303f2c23) sw      gp, 792(t5)
core   0: 3 0x8000ecec (0x303f2c23) mem 0x80010000 0x00000001
core   0: 0x8000ecf0 (0x0000bfe5) c.j     pc - 8
core   0: 3 0x8000ecf0 (0xbfe5)
core   0: 0x8000ece8 (0x00001f17) auipc   t5, 0x1
core   0: 3 0x8000ece8 (0x00001f17) x30 0x8000fce8
core   0: 0x8000ecec (0x303f2c23) sw      gp, 792(t5)
core   0: 3 0x8000ecec (0x303f2c23) mem 0x80010000 0x00000001
core   0: 0x8000ecf0 (0x0000bfe5) c.j     pc - 8
core   0: 3 0x8000ecf0 (0xbfe5)
core   0: 0x8000ece8 (0x00001f17) auipc   t5, 0x1
core   0: 3 0x8000ece8 (0x00001f17) x30 0x8000fce8
core   0: 0x8000ecec (0x303f2c23) sw      gp, 792(t5)
core   0: 3 0x8000ecec (0x303f2c23) mem 0x80010000 0x00000001
core   0: 0x8000ecf0 (0x0000bfe5) c.j     pc - 8
core   0: 3 0x8000ecf0 (0xbfe5)
core   0: 0x8000ece8 (0x00001f17) auipc   t5, 0x1
core   0: 3 0x8000ece8 (0x00001f17) x30 0x8000fce8
core   0: 0x8000ecec (0x303f2c23) sw      gp, 792(t5)
core   0: 3 0x8000ecec (0x303f2c23) mem 0x80010000 0x00000001
core   0: 0x8000ecf0 (0x0000bfe5) c.j     pc - 8
core   0: 3 0x8000ecf0 (0xbfe5)
core   0: 0x8000ece8 (0x00001f17) auipc   t5, 0x1
core   0: 3 0x8000ece8 (0x00001f17) x30 0x8000fce8
core   0: 0x8000ecec (0x303f2c23) sw      gp, 792(t5)
core   0: 3 0x8000ecec (0x303f2c23) mem 0x80010000 0x00000001
core   0: 0x8000ecf0 (0x0000bfe5) c.j     pc - 8
core   0: 3 0x8000ecf0 (0xbfe5)
core   0: 0x8000ece8 (0x00001f17) auipc   t5, 0x1
core   0: 3 0x8000ece8 (0x00001f17) x30 0x8000fce8
core   0: 0x8000ecec (0x303f2c23) sw      gp, 792(t5)
core   0: 3 0x8000ecec (0x303f2c23) mem 0x80010000 0x00000001
core   0: 0x8000ecf0 (0x0000bfe5) c.j     pc - 8
core   0: 3 0x8000ecf0 (0xbfe5)
core   0: 0x8000ece8 (0x00001f17) auipc   t5, 0x1
core   0: 3 0x8000ece8 (0x00001f17) x30 0x8000fce8
core   0: 0x8000ecec (0x303f2c23) sw      gp, 792(t5)
core   0: 3 0x8000ecec (0x303f2c23) mem 0x80010000 0x00000001
core   0: 0x8000ecf0 (0x0000bfe5) c.j     pc - 8
core   0: 3 0x8000ecf0 (0xbfe5)
core   0: 0x8000ece8 (0x00001f17) auipc   t5, 0x1
core   0: 3 0x8000ece8 (0x00001f17) x30 0x8000fce8
core   0: 0x8000ecec (0x303f2c23) sw      gp, 792(t5)
core   0: 3 0x8000ecec (0x303f2c23) mem 0x80010000 0x00000001
core   0: 0x8000ecf0 (0x0000bfe5) c.j     pc - 8
core   0: 3 0x8000ecf0 (0xbfe5)
core   0: 0x8000ece8 (0x00001f17) auipc   t5, 0x1
core   0: 3 0x8000ece8 (0x00001f17) x30 0x8000fce8
core   0: 0x8000ecec (0x303f2c23) sw      gp, 792(t5)
core   0: 3 0x8000ecec (0x303f2c23) mem 0x80010000 0x00000001
core   0: 0x8000ecf0 (0x0000bfe5) c.j     pc - 8
core   0: 3 0x8000ecf0 (0xbfe5)
core   0: 0x8000ece8 (0x00001f17) auipc   t5, 0x1
core   0: 3 0x8000ece8 (0x00001f17) x30 0x8000fce8
core   0: 0x8000ecec (0x303f2c23) sw      gp, 792(t5)
core   0: 3 0x8000ecec (0x303f2c23) mem 0x80010000 0x00000001
core   0: 0x8000ecf0 (0x0000bfe5) c.j     pc - 8
core   0: 3 0x8000ecf0 (0xbfe5)
core   0: 0x8000ece8 (0x00001f17) auipc   t5, 0x1
core   0: 3 0x8000ece8 (0x00001f17) x30 0x8000fce8
core   0: 0x8000ecec (0x303f2c23) sw      gp, 792(t5)
core   0: 3 0x8000ecec (0x303f2c23) mem 0x80010000 0x00000001
core   0: 0x8000ecf0 (0x0000bfe5) c.j     pc - 8
core   0: 3 0x8000ecf0 (0xbfe5)
core   0: 0x8000ece8 (0x00001f17) auipc   t5, 0x1
core   0: 3 0x8000ece8 (0x00001f17) x30 0x8000fce8
core   0: 0x8000ecec (0x303f2c23) sw      gp, 792(t5)
core   0: 3 0x8000ecec (0x303f2c23) mem 0x80010000 0x00000001
core   0: 0x8000ecf0 (0x0000bfe5) c.j     pc - 8
core   0: 3 0x8000ecf0 (0xbfe5)
core   0: 0x8000ece8 (0x00001f17) auipc   t5, 0x1
core   0: 3 0x8000ece8 (0x00001f17) x30 0x8000fce8
core   0: 0x8000ecec (0x303f2c23) sw      gp, 792(t5)
core   0: 3 0x8000ecec (0x303f2c23) mem 0x80010000 0x00000001
core   0: 0x8000ecf0 (0x0000bfe5) c.j     pc - 8
core   0: 3 0x8000ecf0 (0xbfe5)
core   0: 0x8000ece8 (0x00001f17) auipc   t5, 0x1
core   0: 3 0x8000ece8 (0x00001f17) x30 0x8000fce8
core   0: 0x8000ecec (0x303f2c23) sw      gp, 792(t5)
core   0: 3 0x8000ecec (0x303f2c23) mem 0x80010000 0x00000001
core   0: 0x8000ecf0 (0x0000bfe5) c.j     pc - 8
core   0: 3 0x8000ecf0 (0xbfe5)
core   0: 0x8000ece8 (0x00001f17) auipc   t5, 0x1
core   0: 3 0x8000ece8 (0x00001f17) x30 0x8000fce8
core   0: 0x8000ecec (0x303f2c23) sw      gp, 792(t5)
core   0: 3 0x8000ecec (0x303f2c23) mem 0x80010000 0x00000001
core   0: 0x8000ecf0 (0x0000bfe5) c.j     pc - 8
core   0: 3 0x8000ecf0 (0xbfe5)
core   0: 0x8000ece8 (0x00001f17) auipc   t5, 0x1
core   0: 3 0x8000ece8 (0x00001f17) x30 0x8000fce8
core   0: 0x8000ecec (0x303f2c23) sw      gp, 792(t5)
core   0: 3 0x8000ecec (0x303f2c23) mem 0x80010000 0x00000001
core   0: 0x8000ecf0 (0x0000bfe5) c.j     pc - 8
core   0: 3 0x8000ecf0 (0xbfe5)
core   0: 0x8000ece8 (0x00001f17) auipc   t5, 0x1
core   0: 3 0x8000ece8 (0x00001f17) x30 0x8000fce8
core   0: 0x8000ecec (0x303f2c23) sw      gp, 792(t5)
core   0: 3 0x8000ecec (0x303f2c23) mem 0x80010000 0x00000001
core   0: 0x8000ecf0 (0x0000bfe5) c.j     pc - 8
core   0: 3 0x8000ecf0 (0xbfe5)
core   0: 0x8000ece8 (0x00001f17) auipc   t5, 0x1
core   0: 3 0x8000ece8 (0x00001f17) x30 0x8000fce8
core   0: 0x8000ecec (0x303f2c23) sw      gp, 792(t5)
core   0: 3 0x8000ecec (0x303f2c23) mem 0x80010000 0x00000001
core   0: 0x8000ecf0 (0x0000bfe5) c.j     pc - 8
core   0: 3 0x8000ecf0 (0xbfe5)
core   0: 0x8000ece8 (0x00001f17) auipc   t5, 0x1
core   0: 3 0x8000ece8 (0x00001f17) x30 0x8000fce8
core   0: 0x8000ecec (0x303f2c23) sw      gp, 792(t5)
core   0: 3 0x8000ecec (0x303f2c23) mem 0x80010000 0x00000001
core   0: 0x8000ecf0 (0x0000bfe5) c.j     pc - 8
core   0: 3 0x8000ecf0 (0xbfe5)
core   0: 0x8000ece8 (0x00001f17) auipc   t5, 0x1
core   0: 3 0x8000ece8 (0x00001f17) x30 0x8000fce8
core   0: 0x8000ecec (0x303f2c23) sw      gp, 792(t5)
core   0: 3 0x8000ecec (0x303f2c23) mem 0x80010000 0x00000001
core   0: 0x8000ecf0 (0x0000bfe5) c.j     pc - 8
core   0: 3 0x8000ecf0 (0xbfe5)
core   0: 0x8000ece8 (0x00001f17) auipc   t5, 0x1
core   0: 3 0x8000ece8 (0x00001f17) x30 0x8000fce8
core   0: 0x8000ecec (0x303f2c23) sw      gp, 792(t5)
core   0: 3 0x8000ecec (0x303f2c23) mem 0x80010000 0x00000001
core   0: 0x8000ecf0 (0x0000bfe5) c.j     pc - 8
core   0: 3 0x8000ecf0 (0xbfe5)
core   0: 0x8000ece8 (0x00001f17) auipc   t5, 0x1
core   0: 3 0x8000ece8 (0x00001f17) x30 0x8000fce8
core   0: 0x8000ecec (0x303f2c23) sw      gp, 792(t5)
core   0: 3 0x8000ecec (0x303f2c23) mem 0x80010000 0x00000001
core   0: 0x8000ecf0 (0x0000bfe5) c.j     pc - 8
core   0: 3 0x8000ecf0 (0xbfe5)
core   0: 0x8000ece8 (0x00001f17) auipc   t5, 0x1
core   0: 3 0x8000ece8 (0x00001f17) x30 0x8000fce8
core   0: 0x8000ecec (0x303f2c23) sw      gp, 792(t5)
core   0: 3 0x8000ecec (0x303f2c23) mem 0x80010000 0x00000001
core   0: 0x8000ecf0 (0x0000bfe5) c.j     pc - 8
core   0: 3 0x8000ecf0 (0xbfe5)
core   0: 0x8000ece8 (0x00001f17) auipc   t5, 0x1
core   0: 3 0x8000ece8 (0x00001f17) x30 0x8000fce8
core   0: 0x8000ecec (0x303f2c23) sw      gp, 792(t5)
core   0: 3 0x8000ecec (0x303f2c23) mem 0x80010000 0x00000001
core   0: 0x8000ecf0 (0x0000bfe5) c.j     pc - 8
core   0: 3 0x8000ecf0 (0xbfe5)
core   0: 0x8000ece8 (0x00001f17) auipc   t5, 0x1
core   0: 3 0x8000ece8 (0x00001f17) x30 0x8000fce8
core   0: 0x8000ecec (0x303f2c23) sw      gp, 792(t5)
core   0: 3 0x8000ecec (0x303f2c23) mem 0x80010000 0x00000001
core   0: 0x8000ecf0 (0x0000bfe5) c.j     pc - 8
core   0: 3 0x8000ecf0 (0xbfe5)
core   0: 0x8000ece8 (0x00001f17) auipc   t5, 0x1
core   0: 3 0x8000ece8 (0x00001f17) x30 0x8000fce8
core   0: 0x8000ecec (0x303f2c23) sw      gp, 792(t5)
core   0: 3 0x8000ecec (0x303f2c23) mem 0x80010000 0x00000001
core   0: 0x8000ecf0 (0x0000bfe5) c.j     pc - 8
core   0: 3 0x8000ecf0 (0xbfe5)
core   0: 0x8000ece8 (0x00001f17) auipc   t5, 0x1
core   0: 3 0x8000ece8 (0x00001f17) x30 0x8000fce8
core   0: 0x8000ecec (0x303f2c23) sw      gp, 792(t5)
core   0: 3 0x8000ecec (0x303f2c23) mem 0x80010000 0x00000001
core   0: 0x8000ecf0 (0x0000bfe5) c.j     pc - 8
core   0: 3 0x8000ecf0 (0xbfe5)
core   0: 0x8000ece8 (0x00001f17) auipc   t5, 0x1
core   0: 3 0x8000ece8 (0x00001f17) x30 0x8000fce8
core   0: 0x8000ecec (0x303f2c23) sw      gp, 792(t5)
core   0: 3 0x8000ecec (0x303f2c23) mem 0x80010000 0x00000001
core   0: 0x8000ecf0 (0x0000bfe5) c.j     pc - 8
core   0: 3 0x8000ecf0 (0xbfe5)
core   0: 0x8000ece8 (0x00001f17) auipc   t5, 0x1
core   0: 3 0x8000ece8 (0x00001f17) x30 0x8000fce8
core   0: 0x8000ecec (0x303f2c23) sw      gp, 792(t5)
core   0: 3 0x8000ecec (0x303f2c23) mem 0x80010000 0x00000001
core   0: 0x8000ecf0 (0x0000bfe5) c.j     pc - 8
core   0: 3 0x8000ecf0 (0xbfe5)
core   0: 0x8000ece8 (0x00001f17) auipc   t5, 0x1
core   0: 3 0x8000ece8 (0x00001f17) x30 0x8000fce8
core   0: 0x8000ecec (0x303f2c23) sw      gp, 792(t5)
core   0: 3 0x8000ecec (0x303f2c23) mem 0x80010000 0x00000001
core   0: 0x8000ecf0 (0x0000bfe5) c.j     pc - 8
core   0: 3 0x8000ecf0 (0xbfe5)
core   0: 0x8000ece8 (0x00001f17) auipc   t5, 0x1
core   0: 3 0x8000ece8 (0x00001f17) x30 0x8000fce8
core   0: 0x8000ecec (0x303f2c23) sw      gp, 792(t5)
core   0: 3 0x8000ecec (0x303f2c23) mem 0x80010000 0x00000001
core   0: 0x8000ecf0 (0x0000bfe5) c.j     pc - 8
core   0: 3 0x8000ecf0 (0xbfe5)
core   0: 0x8000ece8 (0x00001f17) auipc   t5, 0x1
core   0: 3 0x8000ece8 (0x00001f17) x30 0x8000fce8
core   0: 0x8000ecec (0x303f2c23) sw      gp, 792(t5)
core   0: 3 0x8000ecec (0x303f2c23) mem 0x80010000 0x00000001
core   0: 0x8000ecf0 (0x0000bfe5) c.j     pc - 8
core   0: 3 0x8000ecf0 (0xbfe5)
core   0: 0x8000ece8 (0x00001f17) auipc   t5, 0x1
core   0: 3 0x8000ece8 (0x00001f17) x30 0x8000fce8
core   0: 0x8000ecec (0x303f2c23) sw      gp, 792(t5)
core   0: 3 0x8000ecec (0x303f2c23) mem 0x80010000 0x00000001
core   0: 0x8000ecf0 (0x0000bfe5) c.j     pc - 8
core   0: 3 0x8000ecf0 (0xbfe5)
core   0: 0x8000ece8 (0x00001f17) auipc   t5, 0x1
core   0: 3 0x8000ece8 (0x00001f17) x30 0x8000fce8
core   0: 0x8000ecec (0x303f2c23) sw      gp, 792(t5)
core   0: 3 0x8000ecec (0x303f2c23) mem 0x80010000 0x00000001
core   0: 0x8000ecf0 (0x0000bfe5) c.j     pc - 8
core   0: 3 0x8000ecf0 (0xbfe5)
core   0: 0x8000ece8 (0x00001f17) auipc   t5, 0x1
core   0: 3 0x8000ece8 (0x00001f17) x30 0x8000fce8
core   0: 0x8000ecec (0x303f2c23) sw      gp, 792(t5)
core   0: 3 0x8000ecec (0x303f2c23) mem 0x80010000 0x00000001
core   0: 0x8000ecf0 (0x0000bfe5) c.j     pc - 8
core   0: 3 0x8000ecf0 (0xbfe5)
core   0: 0x8000ece8 (0x00001f17) auipc   t5, 0x1
core   0: 3 0x8000ece8 (0x00001f17) x30 0x8000fce8
core   0: 0x8000ecec (0x303f2c23) sw      gp, 792(t5)
core   0: 3 0x8000ecec (0x303f2c23) mem 0x80010000 0x00000001
core   0: 0x8000ecf0 (0x0000bfe5) c.j     pc - 8
core   0: 3 0x8000ecf0 (0xbfe5)
core   0: 0x8000ece8 (0x00001f17) auipc   t5, 0x1
core   0: 3 0x8000ece8 (0x00001f17) x30 0x8000fce8
core   0: 0x8000ecec (0x303f2c23) sw      gp, 792(t5)
core   0: 3 0x8000ecec (0x303f2c23) mem 0x80010000 0x00000001
core   0: 0x8000ecf0 (0x0000bfe5) c.j     pc - 8
core   0: 3 0x8000ecf0 (0xbfe5)
core   0: 0x8000ece8 (0x00001f17) auipc   t5, 0x1
core   0: 3 0x8000ece8 (0x00001f17) x30 0x8000fce8
core   0: 0x8000ecec (0x303f2c23) sw      gp, 792(t5)
core   0: 3 0x8000ecec (0x303f2c23) mem 0x80010000 0x00000001
core   0: 0x8000ecf0 (0x0000bfe5) c.j     pc - 8
core   0: 3 0x8000ecf0 (0xbfe5)
core   0: 0x8000ece8 (0x00001f17) auipc   t5, 0x1
core   0: 3 0x8000ece8 (0x00001f17) x30 0x8000fce8
core   0: 0x8000ecec (0x303f2c23) sw      gp, 792(t5)
core   0: 3 0x8000ecec (0x303f2c23) mem 0x80010000 0x00000001
core   0: 0x8000ecf0 (0x0000bfe5) c.j     pc - 8
core   0: 3 0x8000ecf0 (0xbfe5)
core   0: 0x8000ece8 (0x00001f17) auipc   t5, 0x1
core   0: 3 0x8000ece8 (0x00001f17) x30 0x8000fce8
core   0: 0x8000ecec (0x303f2c23) sw      gp, 792(t5)
core   0: 3 0x8000ecec (0x303f2c23) mem 0x80010000 0x00000001
core   0: 0x8000ecf0 (0x0000bfe5) c.j     pc - 8
core   0: 3 0x8000ecf0 (0xbfe5)
core   0: 0x8000ece8 (0x00001f17) auipc   t5, 0x1
core   0: 3 0x8000ece8 (0x00001f17) x30 0x8000fce8
core   0: 0x8000ecec (0x303f2c23) sw      gp, 792(t5)
core   0: 3 0x8000ecec (0x303f2c23) mem 0x80010000 0x00000001
core   0: 0x8000ecf0 (0x0000bfe5) c.j     pc - 8
core   0: 3 0x8000ecf0 (0xbfe5)
core   0: 0x8000ece8 (0x00001f17) auipc   t5, 0x1
core   0: 3 0x8000ece8 (0x00001f17) x30 0x8000fce8
core   0: 0x8000ecec (0x303f2c23) sw      gp, 792(t5)
core   0: 3 0x8000ecec (0x303f2c23) mem 0x80010000 0x00000001
core   0: 0x8000ecf0 (0x0000bfe5) c.j     pc - 8
core   0: 3 0x8000ecf0 (0xbfe5)
core   0: 0x8000ece8 (0x00001f17) auipc   t5, 0x1
core   0: 3 0x8000ece8 (0x00001f17) x30 0x8000fce8
core   0: 0x8000ecec (0x303f2c23) sw      gp, 792(t5)
core   0: 3 0x8000ecec (0x303f2c23) mem 0x80010000 0x00000001
core   0: 0x8000ecf0 (0x0000bfe5) c.j     pc - 8
core   0: 3 0x8000ecf0 (0xbfe5)
core   0: 0x8000ece8 (0x00001f17) auipc   t5, 0x1
core   0: 3 0x8000ece8 (0x00001f17) x30 0x8000fce8
core   0: 0x8000ecec (0x303f2c23) sw      gp, 792(t5)
core   0: 3 0x8000ecec (0x303f2c23) mem 0x80010000 0x00000001
core   0: 0x8000ecf0 (0x0000bfe5) c.j     pc - 8
core   0: 3 0x8000ecf0 (0xbfe5)
core   0: 0x8000ece8 (0x00001f17) auipc   t5, 0x1
core   0: 3 0x8000ece8 (0x00001f17) x30 0x8000fce8
core   0: 0x8000ecec (0x303f2c23) sw      gp, 792(t5)
core   0: 3 0x8000ecec (0x303f2c23) mem 0x80010000 0x00000001
core   0: 0x8000ecf0 (0x0000bfe5) c.j     pc - 8
core   0: 3 0x8000ecf0 (0xbfe5)
core   0: 0x8000ece8 (0x00001f17) auipc   t5, 0x1
core   0: 3 0x8000ece8 (0x00001f17) x30 0x8000fce8
core   0: 0x8000ecec (0x303f2c23) sw      gp, 792(t5)
core   0: 3 0x8000ecec (0x303f2c23) mem 0x80010000 0x00000001
core   0: 0x8000ecf0 (0x0000bfe5) c.j     pc - 8
core   0: 3 0x8000ecf0 (0xbfe5)
core   0: 0x8000ece8 (0x00001f17) auipc   t5, 0x1
core   0: 3 0x8000ece8 (0x00001f17) x30 0x8000fce8
core   0: 0x8000ecec (0x303f2c23) sw      gp, 792(t5)
core   0: 3 0x8000ecec (0x303f2c23) mem 0x80010000 0x00000001
core   0: 0x8000ecf0 (0x0000bfe5) c.j     pc - 8
core   0: 3 0x8000ecf0 (0xbfe5)
core   0: 0x8000ece8 (0x00001f17) auipc   t5, 0x1
core   0: 3 0x8000ece8 (0x00001f17) x30 0x8000fce8
core   0: 0x8000ecec (0x303f2c23) sw      gp, 792(t5)
core   0: 3 0x8000ecec (0x303f2c23) mem 0x80010000 0x00000001
core   0: 0x8000ecf0 (0x0000bfe5) c.j     pc - 8
core   0: 3 0x8000ecf0 (0xbfe5)
core   0: 0x8000ece8 (0x00001f17) auipc   t5, 0x1
core   0: 3 0x8000ece8 (0x00001f17) x30 0x8000fce8
core   0: 0x8000ecec (0x303f2c23) sw      gp, 792(t5)
core   0: 3 0x8000ecec (0x303f2c23) mem 0x80010000 0x00000001
core   0: 0x8000ecf0 (0x0000bfe5) c.j     pc - 8
core   0: 3 0x8000ecf0 (0xbfe5)
core   0: 0x8000ece8 (0x00001f17) auipc   t5, 0x1
core   0: 3 0x8000ece8 (0x00001f17) x30 0x8000fce8
core   0: 0x8000ecec (0x303f2c23) sw      gp, 792(t5)
core   0: 3 0x8000ecec (0x303f2c23) mem 0x80010000 0x00000001
core   0: 0x8000ecf0 (0x0000bfe5) c.j     pc - 8
core   0: 3 0x8000ecf0 (0xbfe5)
core   0: 0x8000ece8 (0x00001f17) auipc   t5, 0x1
core   0: 3 0x8000ece8 (0x00001f17) x30 0x8000fce8
core   0: 0x8000ecec (0x303f2c23) sw      gp, 792(t5)
core   0: 3 0x8000ecec (0x303f2c23) mem 0x80010000 0x00000001
core   0: 0x8000ecf0 (0x0000bfe5) c.j     pc - 8
core   0: 3 0x8000ecf0 (0xbfe5)
core   0: 0x8000ece8 (0x00001f17) auipc   t5, 0x1
core   0: 3 0x8000ece8 (0x00001f17) x30 0x8000fce8
core   0: 0x8000ecec (0x303f2c23) sw      gp, 792(t5)
core   0: 3 0x8000ecec (0x303f2c23) mem 0x80010000 0x00000001
core   0: 0x8000ecf0 (0x0000bfe5) c.j     pc - 8
core   0: 3 0x8000ecf0 (0xbfe5)
core   0: 0x8000ece8 (0x00001f17) auipc   t5, 0x1
core   0: 3 0x8000ece8 (0x00001f17) x30 0x8000fce8
core   0: 0x8000ecec (0x303f2c23) sw      gp, 792(t5)
core   0: 3 0x8000ecec (0x303f2c23) mem 0x80010000 0x00000001
core   0: 0x8000ecf0 (0x0000bfe5) c.j     pc - 8
core   0: 3 0x8000ecf0 (0xbfe5)
core   0: 0x8000ece8 (0x00001f17) auipc   t5, 0x1
core   0: 3 0x8000ece8 (0x00001f17) x30 0x8000fce8
core   0: 0x8000ecec (0x303f2c23) sw      gp, 792(t5)
core   0: 3 0x8000ecec (0x303f2c23) mem 0x80010000 0x00000001
core   0: 0x8000ecf0 (0x0000bfe5) c.j     pc - 8
core   0: 3 0x8000ecf0 (0xbfe5)
core   0: 0x8000ece8 (0x00001f17) auipc   t5, 0x1
core   0: 3 0x8000ece8 (0x00001f17) x30 0x8000fce8
core   0: 0x8000ecec (0x303f2c23) sw      gp, 792(t5)
core   0: 3 0x8000ecec (0x303f2c23) mem 0x80010000 0x00000001
core   0: 0x8000ecf0 (0x0000bfe5) c.j     pc - 8
core   0: 3 0x8000ecf0 (0xbfe5)
core   0: 0x8000ece8 (0x00001f17) auipc   t5, 0x1
core   0: 3 0x8000ece8 (0x00001f17) x30 0x8000fce8
core   0: 0x8000ecec (0x303f2c23) sw      gp, 792(t5)
core   0: 3 0x8000ecec (0x303f2c23) mem 0x80010000 0x00000001
core   0: 0x8000ecf0 (0x0000bfe5) c.j     pc - 8
core   0: 3 0x8000ecf0 (0xbfe5)
core   0: 0x8000ece8 (0x00001f17) auipc   t5, 0x1
core   0: 3 0x8000ece8 (0x00001f17) x30 0x8000fce8
core   0: 0x8000ecec (0x303f2c23) sw      gp, 792(t5)
core   0: 3 0x8000ecec (0x303f2c23) mem 0x80010000 0x00000001
core   0: 0x8000ecf0 (0x0000bfe5) c.j     pc - 8
core   0: 3 0x8000ecf0 (0xbfe5)
core   0: 0x8000ece8 (0x00001f17) auipc   t5, 0x1
core   0: 3 0x8000ece8 (0x00001f17) x30 0x8000fce8
core   0: 0x8000ecec (0x303f2c23) sw      gp, 792(t5)
core   0: 3 0x8000ecec (0x303f2c23) mem 0x80010000 0x00000001
core   0: 0x8000ecf0 (0x0000bfe5) c.j     pc - 8
core   0: 3 0x8000ecf0 (0xbfe5)
core   0: 0x8000ece8 (0x00001f17) auipc   t5, 0x1
core   0: 3 0x8000ece8 (0x00001f17) x30 0x8000fce8
core   0: 0x8000ecec (0x303f2c23) sw      gp, 792(t5)
core   0: 3 0x8000ecec (0x303f2c23) mem 0x80010000 0x00000001
core   0: 0x8000ecf0 (0x0000bfe5) c.j     pc - 8
core   0: 3 0x8000ecf0 (0xbfe5)
core   0: 0x8000ece8 (0x00001f17) auipc   t5, 0x1
core   0: 3 0x8000ece8 (0x00001f17) x30 0x8000fce8
core   0: 0x8000ecec (0x303f2c23) sw      gp, 792(t5)
core   0: 3 0x8000ecec (0x303f2c23) mem 0x80010000 0x00000001
core   0: 0x8000ecf0 (0x0000bfe5) c.j     pc - 8
core   0: 3 0x8000ecf0 (0xbfe5)
core   0: 0x8000ece8 (0x00001f17) auipc   t5, 0x1
core   0: 3 0x8000ece8 (0x00001f17) x30 0x8000fce8
core   0: 0x8000ecec (0x303f2c23) sw      gp, 792(t5)
core   0: 3 0x8000ecec (0x303f2c23) mem 0x80010000 0x00000001
core   0: 0x8000ecf0 (0x0000bfe5) c.j     pc - 8
core   0: 3 0x8000ecf0 (0xbfe5)
core   0: 0x8000ece8 (0x00001f17) auipc   t5, 0x1
core   0: 3 0x8000ece8 (0x00001f17) x30 0x8000fce8
core   0: 0x8000ecec (0x303f2c23) sw      gp, 792(t5)
core   0: 3 0x8000ecec (0x303f2c23) mem 0x80010000 0x00000001
core   0: 0x8000ecf0 (0x0000bfe5) c.j     pc - 8
core   0: 3 0x8000ecf0 (0xbfe5)
core   0: 0x8000ece8 (0x00001f17) auipc   t5, 0x1
core   0: 3 0x8000ece8 (0x00001f17) x30 0x8000fce8
core   0: 0x8000ecec (0x303f2c23) sw      gp, 792(t5)
core   0: 3 0x8000ecec (0x303f2c23) mem 0x80010000 0x00000001
core   0: 0x8000ecf0 (0x0000bfe5) c.j     pc - 8
core   0: 3 0x8000ecf0 (0xbfe5)
core   0: 0x8000ece8 (0x00001f17) auipc   t5, 0x1
core   0: 3 0x8000ece8 (0x00001f17) x30 0x8000fce8
core   0: 0x8000ecec (0x303f2c23) sw      gp, 792(t5)
core   0: 3 0x8000ecec (0x303f2c23) mem 0x80010000 0x00000001
core   0: 0x8000ecf0 (0x0000bfe5) c.j     pc - 8
core   0: 3 0x8000ecf0 (0xbfe5)
core   0: 0x8000ece8 (0x00001f17) auipc   t5, 0x1
core   0: 3 0x8000ece8 (0x00001f17) x30 0x8000fce8
core   0: 0x8000ecec (0x303f2c23) sw      gp, 792(t5)
core   0: 3 0x8000ecec (0x303f2c23) mem 0x80010000 0x00000001
core   0: 0x8000ecf0 (0x0000bfe5) c.j     pc - 8
core   0: 3 0x8000ecf0 (0xbfe5)
core   0: 0x8000ece8 (0x00001f17) auipc   t5, 0x1
core   0: 3 0x8000ece8 (0x00001f17) x30 0x8000fce8
core   0: 0x8000ecec (0x303f2c23) sw      gp, 792(t5)
core   0: 3 0x8000ecec (0x303f2c23) mem 0x80010000 0x00000001
core   0: 0x8000ecf0 (0x0000bfe5) c.j     pc - 8
core   0: 3 0x8000ecf0 (0xbfe5)
core   0: 0x8000ece8 (0x00001f17) auipc   t5, 0x1
core   0: 3 0x8000ece8 (0x00001f17) x30 0x8000fce8
core   0: 0x8000ecec (0x303f2c23) sw      gp, 792(t5)
core   0: 3 0x8000ecec (0x303f2c23) mem 0x80010000 0x00000001
core   0: 0x8000ecf0 (0x0000bfe5) c.j     pc - 8
core   0: 3 0x8000ecf0 (0xbfe5)
core   0: 0x8000ece8 (0x00001f17) auipc   t5, 0x1
core   0: 3 0x8000ece8 (0x00001f17) x30 0x8000fce8
core   0: 0x8000ecec (0x303f2c23) sw      gp, 792(t5)
core   0: 3 0x8000ecec (0x303f2c23) mem 0x80010000 0x00000001
core   0: 0x8000ecf0 (0x0000bfe5) c.j     pc - 8
core   0: 3 0x8000ecf0 (0xbfe5)
core   0: 0x8000ece8 (0x00001f17) auipc   t5, 0x1
core   0: 3 0x8000ece8 (0x00001f17) x30 0x8000fce8
core   0: 0x8000ecec (0x303f2c23) sw      gp, 792(t5)
core   0: 3 0x8000ecec (0x303f2c23) mem 0x80010000 0x00000001
core   0: 0x8000ecf0 (0x0000bfe5) c.j     pc - 8
core   0: 3 0x8000ecf0 (0xbfe5)
core   0: 0x8000ece8 (0x00001f17) auipc   t5, 0x1
core   0: 3 0x8000ece8 (0x00001f17) x30 0x8000fce8
core   0: 0x8000ecec (0x303f2c23) sw      gp, 792(t5)
core   0: 3 0x8000ecec (0x303f2c23) mem 0x80010000 0x00000001
core   0: 0x8000ecf0 (0x0000bfe5) c.j     pc - 8
core   0: 3 0x8000ecf0 (0xbfe5)
core   0: 0x8000ece8 (0x00001f17) auipc   t5, 0x1
core   0: 3 0x8000ece8 (0x00001f17) x30 0x8000fce8
core   0: 0x8000ecec (0x303f2c23) sw      gp, 792(t5)
core   0: 3 0x8000ecec (0x303f2c23) mem 0x80010000 0x00000001
core   0: 0x8000ecf0 (0x0000bfe5) c.j     pc - 8
core   0: 3 0x8000ecf0 (0xbfe5)
core   0: 0x8000ece8 (0x00001f17) auipc   t5, 0x1
core   0: 3 0x8000ece8 (0x00001f17) x30 0x8000fce8
core   0: 0x8000ecec (0x303f2c23) sw      gp, 792(t5)
core   0: 3 0x8000ecec (0x303f2c23) mem 0x80010000 0x00000001
core   0: 0x8000ecf0 (0x0000bfe5) c.j     pc - 8
core   0: 3 0x8000ecf0 (0xbfe5)
core   0: 0x8000ece8 (0x00001f17) auipc   t5, 0x1
core   0: 3 0x8000ece8 (0x00001f17) x30 0x8000fce8
core   0: 0x8000ecec (0x303f2c23) sw      gp, 792(t5)
core   0: 3 0x8000ecec (0x303f2c23) mem 0x80010000 0x00000001
core   0: 0x8000ecf0 (0x0000bfe5) c.j     pc - 8
core   0: 3 0x8000ecf0 (0xbfe5)
core   0: 0x8000ece8 (0x00001f17) auipc   t5, 0x1
core   0: 3 0x8000ece8 (0x00001f17) x30 0x8000fce8
core   0: 0x8000ecec (0x303f2c23) sw      gp, 792(t5)
core   0: 3 0x8000ecec (0x303f2c23) mem 0x80010000 0x00000001
core   0: 0x8000ecf0 (0x0000bfe5) c.j     pc - 8
core   0: 3 0x8000ecf0 (0xbfe5)
core   0: 0x8000ece8 (0x00001f17) auipc   t5, 0x1
core   0: 3 0x8000ece8 (0x00001f17) x30 0x8000fce8
core   0: 0x8000ecec (0x303f2c23) sw      gp, 792(t5)
core   0: 3 0x8000ecec (0x303f2c23) mem 0x80010000 0x00000001
core   0: 0x8000ecf0 (0x0000bfe5) c.j     pc - 8
core   0: 3 0x8000ecf0 (0xbfe5)
core   0: 0x8000ece8 (0x00001f17) auipc   t5, 0x1
core   0: 3 0x8000ece8 (0x00001f17) x30 0x8000fce8
core   0: 0x8000ecec (0x303f2c23) sw      gp, 792(t5)
core   0: 3 0x8000ecec (0x303f2c23) mem 0x80010000 0x00000001
core   0: 0x8000ecf0 (0x0000bfe5) c.j     pc - 8
core   0: 3 0x8000ecf0 (0xbfe5)
core   0: 0x8000ece8 (0x00001f17) auipc   t5, 0x1
core   0: 3 0x8000ece8 (0x00001f17) x30 0x8000fce8
core   0: 0x8000ecec (0x303f2c23) sw      gp, 792(t5)
core   0: 3 0x8000ecec (0x303f2c23) mem 0x80010000 0x00000001
core   0: 0x8000ecf0 (0x0000bfe5) c.j     pc - 8
core   0: 3 0x8000ecf0 (0xbfe5)
core   0: 0x8000ece8 (0x00001f17) auipc   t5, 0x1
core   0: 3 0x8000ece8 (0x00001f17) x30 0x8000fce8
core   0: 0x8000ecec (0x303f2c23) sw      gp, 792(t5)
core   0: 3 0x8000ecec (0x303f2c23) mem 0x80010000 0x00000001
core   0: 0x8000ecf0 (0x0000bfe5) c.j     pc - 8
core   0: 3 0x8000ecf0 (0xbfe5)
core   0: 0x8000ece8 (0x00001f17) auipc   t5, 0x1
core   0: 3 0x8000ece8 (0x00001f17) x30 0x8000fce8
core   0: 0x8000ecec (0x303f2c23) sw      gp, 792(t5)
core   0: 3 0x8000ecec (0x303f2c23) mem 0x80010000 0x00000001
core   0: 0x8000ecf0 (0x0000bfe5) c.j     pc - 8
core   0: 3 0x8000ecf0 (0xbfe5)
core   0: 0x8000ece8 (0x00001f17) auipc   t5, 0x1
core   0: 3 0x8000ece8 (0x00001f17) x30 0x8000fce8
core   0: 0x8000ecec (0x303f2c23) sw      gp, 792(t5)
core   0: 3 0x8000ecec (0x303f2c23) mem 0x80010000 0x00000001
core   0: 0x8000ecf0 (0x0000bfe5) c.j     pc - 8
core   0: 3 0x8000ecf0 (0xbfe5)
core   0: 0x8000ece8 (0x00001f17) auipc   t5, 0x1
core   0: 3 0x8000ece8 (0x00001f17) x30 0x8000fce8
core   0: 0x8000ecec (0x303f2c23) sw      gp, 792(t5)
core   0: 3 0x8000ecec (0x303f2c23) mem 0x80010000 0x00000001
core   0: 0x8000ecf0 (0x0000bfe5) c.j     pc - 8
core   0: 3 0x8000ecf0 (0xbfe5)
core   0: 0x8000ece8 (0x00001f17) auipc   t5, 0x1
core   0: 3 0x8000ece8 (0x00001f17) x30 0x8000fce8
core   0: 0x8000ecec (0x303f2c23) sw      gp, 792(t5)
core   0: 3 0x8000ecec (0x303f2c23) mem 0x80010000 0x00000001
core   0: 0x8000ecf0 (0x0000bfe5) c.j     pc - 8
core   0: 3 0x8000ecf0 (0xbfe5)
core   0: 0x8000ece8 (0x00001f17) auipc   t5, 0x1
core   0: 3 0x8000ece8 (0x00001f17) x30 0x8000fce8
core   0: 0x8000ecec (0x303f2c23) sw      gp, 792(t5)
core   0: 3 0x8000ecec (0x303f2c23) mem 0x80010000 0x00000001
core   0: 0x8000ecf0 (0x0000bfe5) c.j     pc - 8
core   0: 3 0x8000ecf0 (0xbfe5)
core   0: 0x8000ece8 (0x00001f17) auipc   t5, 0x1
core   0: 3 0x8000ece8 (0x00001f17) x30 0x8000fce8
core   0: 0x8000ecec (0x303f2c23) sw      gp, 792(t5)
core   0: 3 0x8000ecec (0x303f2c23) mem 0x80010000 0x00000001
core   0: 0x8000ecf0 (0x0000bfe5) c.j     pc - 8
core   0: 3 0x8000ecf0 (0xbfe5)
core   0: 0x8000ece8 (0x00001f17) auipc   t5, 0x1
core   0: 3 0x8000ece8 (0x00001f17) x30 0x8000fce8
core   0: 0x8000ecec (0x303f2c23) sw      gp, 792(t5)
core   0: 3 0x8000ecec (0x303f2c23) mem 0x80010000 0x00000001
core   0: 0x8000ecf0 (0x0000bfe5) c.j     pc - 8
core   0: 3 0x8000ecf0 (0xbfe5)
core   0: 0x8000ece8 (0x00001f17) auipc   t5, 0x1
core   0: 3 0x8000ece8 (0x00001f17) x30 0x8000fce8
core   0: 0x8000ecec (0x303f2c23) sw      gp, 792(t5)
core   0: 3 0x8000ecec (0x303f2c23) mem 0x80010000 0x00000001
core   0: 0x8000ecf0 (0x0000bfe5) c.j     pc - 8
core   0: 3 0x8000ecf0 (0xbfe5)
core   0: 0x8000ece8 (0x00001f17) auipc   t5, 0x1
core   0: 3 0x8000ece8 (0x00001f17) x30 0x8000fce8
core   0: 0x8000ecec (0x303f2c23) sw      gp, 792(t5)
core   0: 3 0x8000ecec (0x303f2c23) mem 0x80010000 0x00000001
core   0: 0x8000ecf0 (0x0000bfe5) c.j     pc - 8
core   0: 3 0x8000ecf0 (0xbfe5)
core   0: 0x8000ece8 (0x00001f17) auipc   t5, 0x1
core   0: 3 0x8000ece8 (0x00001f17) x30 0x8000fce8
core   0: 0x8000ecec (0x303f2c23) sw      gp, 792(t5)
core   0: 3 0x8000ecec (0x303f2c23) mem 0x80010000 0x00000001
core   0: 0x8000ecf0 (0x0000bfe5) c.j     pc - 8
core   0: 3 0x8000ecf0 (0xbfe5)
core   0: 0x8000ece8 (0x00001f17) auipc   t5, 0x1
core   0: 3 0x8000ece8 (0x00001f17) x30 0x8000fce8
core   0: 0x8000ecec (0x303f2c23) sw      gp, 792(t5)
core   0: 3 0x8000ecec (0x303f2c23) mem 0x80010000 0x00000001
core   0: 0x8000ecf0 (0x0000bfe5) c.j     pc - 8
core   0: 3 0x8000ecf0 (0xbfe5)
core   0: 0x8000ece8 (0x00001f17) auipc   t5, 0x1
core   0: 3 0x8000ece8 (0x00001f17) x30 0x8000fce8
core   0: 0x8000ecec (0x303f2c23) sw      gp, 792(t5)
core   0: 3 0x8000ecec (0x303f2c23) mem 0x80010000 0x00000001
core   0: 0x8000ecf0 (0x0000bfe5) c.j     pc - 8
core   0: 3 0x8000ecf0 (0xbfe5)
core   0: 0x8000ece8 (0x00001f17) auipc   t5, 0x1
core   0: 3 0x8000ece8 (0x00001f17) x30 0x8000fce8
core   0: 0x8000ecec (0x303f2c23) sw      gp, 792(t5)
core   0: 3 0x8000ecec (0x303f2c23) mem 0x80010000 0x00000001
core   0: 0x8000ecf0 (0x0000bfe5) c.j     pc - 8
core   0: 3 0x8000ecf0 (0xbfe5)
core   0: 0x8000ece8 (0x00001f17) auipc   t5, 0x1
core   0: 3 0x8000ece8 (0x00001f17) x30 0x8000fce8
core   0: 0x8000ecec (0x303f2c23) sw      gp, 792(t5)
core   0: 3 0x8000ecec (0x303f2c23) mem 0x80010000 0x00000001
core   0: 0x8000ecf0 (0x0000bfe5) c.j     pc - 8
core   0: 3 0x8000ecf0 (0xbfe5)
core   0: 0x8000ece8 (0x00001f17) auipc   t5, 0x1
core   0: 3 0x8000ece8 (0x00001f17) x30 0x8000fce8
core   0: 0x8000ecec (0x303f2c23) sw      gp, 792(t5)
core   0: 3 0x8000ecec (0x303f2c23) mem 0x80010000 0x00000001
core   0: 0x8000ecf0 (0x0000bfe5) c.j     pc - 8
core   0: 3 0x8000ecf0 (0xbfe5)
core   0: 0x8000ece8 (0x00001f17) auipc   t5, 0x1
core   0: 3 0x8000ece8 (0x00001f17) x30 0x8000fce8
core   0: 0x8000ecec (0x303f2c23) sw      gp, 792(t5)
core   0: 3 0x8000ecec (0x303f2c23) mem 0x80010000 0x00000001
core   0: 0x8000ecf0 (0x0000bfe5) c.j     pc - 8
core   0: 3 0x8000ecf0 (0xbfe5)
core   0: 0x8000ece8 (0x00001f17) auipc   t5, 0x1
core   0: 3 0x8000ece8 (0x00001f17) x30 0x8000fce8
core   0: 0x8000ecec (0x303f2c23) sw      gp, 792(t5)
core   0: 3 0x8000ecec (0x303f2c23) mem 0x80010000 0x00000001
core   0: 0x8000ecf0 (0x0000bfe5) c.j     pc - 8
core   0: 3 0x8000ecf0 (0xbfe5)
core   0: 0x8000ece8 (0x00001f17) auipc   t5, 0x1
core   0: 3 0x8000ece8 (0x00001f17) x30 0x8000fce8
core   0: 0x8000ecec (0x303f2c23) sw      gp, 792(t5)
core   0: 3 0x8000ecec (0x303f2c23) mem 0x80010000 0x00000001
core   0: 0x8000ecf0 (0x0000bfe5) c.j     pc - 8
core   0: 3 0x8000ecf0 (0xbfe5)
core   0: 0x8000ece8 (0x00001f17) auipc   t5, 0x1
core   0: 3 0x8000ece8 (0x00001f17) x30 0x8000fce8
core   0: 0x8000ecec (0x303f2c23) sw      gp, 792(t5)
core   0: 3 0x8000ecec (0x303f2c23) mem 0x80010000 0x00000001
core   0: 0x8000ecf0 (0x0000bfe5) c.j     pc - 8
core   0: 3 0x8000ecf0 (0xbfe5)
core   0: 0x8000ece8 (0x00001f17) auipc   t5, 0x1
core   0: 3 0x8000ece8 (0x00001f17) x30 0x8000fce8
core   0: 0x8000ecec (0x303f2c23) sw      gp, 792(t5)
core   0: 3 0x8000ecec (0x303f2c23) mem 0x80010000 0x00000001
core   0: 0x8000ecf0 (0x0000bfe5) c.j     pc - 8
core   0: 3 0x8000ecf0 (0xbfe5)
core   0: 0x8000ece8 (0x00001f17) auipc   t5, 0x1
core   0: 3 0x8000ece8 (0x00001f17) x30 0x8000fce8
core   0: 0x8000ecec (0x303f2c23) sw      gp, 792(t5)
core   0: 3 0x8000ecec (0x303f2c23) mem 0x80010000 0x00000001
core   0: 0x8000ecf0 (0x0000bfe5) c.j     pc - 8
core   0: 3 0x8000ecf0 (0xbfe5)
core   0: 0x8000ece8 (0x00001f17) auipc   t5, 0x1
core   0: 3 0x8000ece8 (0x00001f17) x30 0x8000fce8
core   0: 0x8000ecec (0x303f2c23) sw      gp, 792(t5)
core   0: 3 0x8000ecec (0x303f2c23) mem 0x80010000 0x00000001
core   0: 0x8000ecf0 (0x0000bfe5) c.j     pc - 8
core   0: 3 0x8000ecf0 (0xbfe5)
core   0: 0x8000ece8 (0x00001f17) auipc   t5, 0x1
core   0: 3 0x8000ece8 (0x00001f17) x30 0x8000fce8
core   0: 0x8000ecec (0x303f2c23) sw      gp, 792(t5)
core   0: 3 0x8000ecec (0x303f2c23) mem 0x80010000 0x00000001
core   0: 0x8000ecf0 (0x0000bfe5) c.j     pc - 8
core   0: 3 0x8000ecf0 (0xbfe5)
core   0: 0x8000ece8 (0x00001f17) auipc   t5, 0x1
core   0: 3 0x8000ece8 (0x00001f17) x30 0x8000fce8
core   0: 0x8000ecec (0x303f2c23) sw      gp, 792(t5)
core   0: 3 0x8000ecec (0x303f2c23) mem 0x80010000 0x00000001
core   0: 0x8000ecf0 (0x0000bfe5) c.j     pc - 8
core   0: 3 0x8000ecf0 (0xbfe5)
core   0: 0x8000ece8 (0x00001f17) auipc   t5, 0x1
core   0: 3 0x8000ece8 (0x00001f17) x30 0x8000fce8
core   0: 0x8000ecec (0x303f2c23) sw      gp, 792(t5)
core   0: 3 0x8000ecec (0x303f2c23) mem 0x80010000 0x00000001
core   0: 0x8000ecf0 (0x0000bfe5) c.j     pc - 8
core   0: 3 0x8000ecf0 (0xbfe5)
core   0: 0x8000ece8 (0x00001f17) auipc   t5, 0x1
core   0: 3 0x8000ece8 (0x00001f17) x30 0x8000fce8
core   0: 0x8000ecec (0x303f2c23) sw      gp, 792(t5)
core   0: 3 0x8000ecec (0x303f2c23) mem 0x80010000 0x00000001
core   0: 0x8000ecf0 (0x0000bfe5) c.j     pc - 8
core   0: 3 0x8000ecf0 (0xbfe5)
core   0: 0x8000ece8 (0x00001f17) auipc   t5, 0x1
core   0: 3 0x8000ece8 (0x00001f17) x30 0x8000fce8
core   0: 0x8000ecec (0x303f2c23) sw      gp, 792(t5)
core   0: 3 0x8000ecec (0x303f2c23) mem 0x80010000 0x00000001
core   0: 0x8000ecf0 (0x0000bfe5) c.j     pc - 8
core   0: 3 0x8000ecf0 (0xbfe5)
core   0: 0x8000ece8 (0x00001f17) auipc   t5, 0x1
core   0: 3 0x8000ece8 (0x00001f17) x30 0x8000fce8
core   0: 0x8000ecec (0x303f2c23) sw      gp, 792(t5)
core   0: 3 0x8000ecec (0x303f2c23) mem 0x80010000 0x00000001
core   0: 0x8000ecf0 (0x0000bfe5) c.j     pc - 8
core   0: 3 0x8000ecf0 (0xbfe5)
core   0: 0x8000ece8 (0x00001f17) auipc   t5, 0x1
core   0: 3 0x8000ece8 (0x00001f17) x30 0x8000fce8
core   0: 0x8000ecec (0x303f2c23) sw      gp, 792(t5)
core   0: 3 0x8000ecec (0x303f2c23) mem 0x80010000 0x00000001
core   0: 0x8000ecf0 (0x0000bfe5) c.j     pc - 8
core   0: 3 0x8000ecf0 (0xbfe5)
core   0: 0x8000ece8 (0x00001f17) auipc   t5, 0x1
core   0: 3 0x8000ece8 (0x00001f17) x30 0x8000fce8
core   0: 0x8000ecec (0x303f2c23) sw      gp, 792(t5)
core   0: 3 0x8000ecec (0x303f2c23) mem 0x80010000 0x00000001
core   0: 0x8000ecf0 (0x0000bfe5) c.j     pc - 8
core   0: 3 0x8000ecf0 (0xbfe5)
core   0: 0x8000ece8 (0x00001f17) auipc   t5, 0x1
core   0: 3 0x8000ece8 (0x00001f17) x30 0x8000fce8
core   0: 0x8000ecec (0x303f2c23) sw      gp, 792(t5)
core   0: 3 0x8000ecec (0x303f2c23) mem 0x80010000 0x00000001
core   0: 0x8000ecf0 (0x0000bfe5) c.j     pc - 8
core   0: 3 0x8000ecf0 (0xbfe5)
core   0: 0x8000ece8 (0x00001f17) auipc   t5, 0x1
core   0: 3 0x8000ece8 (0x00001f17) x30 0x8000fce8
core   0: 0x8000ecec (0x303f2c23) sw      gp, 792(t5)
core   0: 3 0x8000ecec (0x303f2c23) mem 0x80010000 0x00000001
core   0: 0x8000ecf0 (0x0000bfe5) c.j     pc - 8
core   0: 3 0x8000ecf0 (0xbfe5)
core   0: 0x8000ece8 (0x00001f17) auipc   t5, 0x1
core   0: 3 0x8000ece8 (0x00001f17) x30 0x8000fce8
core   0: 0x8000ecec (0x303f2c23) sw      gp, 792(t5)
core   0: 3 0x8000ecec (0x303f2c23) mem 0x80010000 0x00000001
core   0: 0x8000ecf0 (0x0000bfe5) c.j     pc - 8
core   0: 3 0x8000ecf0 (0xbfe5)
core   0: 0x8000ece8 (0x00001f17) auipc   t5, 0x1
core   0: 3 0x8000ece8 (0x00001f17) x30 0x8000fce8
core   0: 0x8000ecec (0x303f2c23) sw      gp, 792(t5)
core   0: 3 0x8000ecec (0x303f2c23) mem 0x80010000 0x00000001
core   0: 0x8000ecf0 (0x0000bfe5) c.j     pc - 8
core   0: 3 0x8000ecf0 (0xbfe5)
core   0: 0x8000ece8 (0x00001f17) auipc   t5, 0x1
core   0: 3 0x8000ece8 (0x00001f17) x30 0x8000fce8
core   0: 0x8000ecec (0x303f2c23) sw      gp, 792(t5)
core   0: 3 0x8000ecec (0x303f2c23) mem 0x80010000 0x00000001
core   0: 0x8000ecf0 (0x0000bfe5) c.j     pc - 8
core   0: 3 0x8000ecf0 (0xbfe5)
core   0: 0x8000ece8 (0x00001f17) auipc   t5, 0x1
core   0: 3 0x8000ece8 (0x00001f17) x30 0x8000fce8
core   0: 0x8000ecec (0x303f2c23) sw      gp, 792(t5)
core   0: 3 0x8000ecec (0x303f2c23) mem 0x80010000 0x00000001
core   0: 0x8000ecf0 (0x0000bfe5) c.j     pc - 8
core   0: 3 0x8000ecf0 (0xbfe5)
core   0: 0x8000ece8 (0x00001f17) auipc   t5, 0x1
core   0: 3 0x8000ece8 (0x00001f17) x30 0x8000fce8
core   0: 0x8000ecec (0x303f2c23) sw      gp, 792(t5)
core   0: 3 0x8000ecec (0x303f2c23) mem 0x80010000 0x00000001
core   0: 0x8000ecf0 (0x0000bfe5) c.j     pc - 8
core   0: 3 0x8000ecf0 (0xbfe5)
core   0: 0x8000ece8 (0x00001f17) auipc   t5, 0x1
core   0: 3 0x8000ece8 (0x00001f17) x30 0x8000fce8
core   0: 0x8000ecec (0x303f2c23) sw      gp, 792(t5)
core   0: 3 0x8000ecec (0x303f2c23) mem 0x80010000 0x00000001
core   0: 0x8000ecf0 (0x0000bfe5) c.j     pc - 8
core   0: 3 0x8000ecf0 (0xbfe5)
core   0: 0x8000ece8 (0x00001f17) auipc   t5, 0x1
core   0: 3 0x8000ece8 (0x00001f17) x30 0x8000fce8
core   0: 0x8000ecec (0x303f2c23) sw      gp, 792(t5)
core   0: 3 0x8000ecec (0x303f2c23) mem 0x80010000 0x00000001
core   0: 0x8000ecf0 (0x0000bfe5) c.j     pc - 8
core   0: 3 0x8000ecf0 (0xbfe5)
core   0: 0x8000ece8 (0x00001f17) auipc   t5, 0x1
core   0: 3 0x8000ece8 (0x00001f17) x30 0x8000fce8
core   0: 0x8000ecec (0x303f2c23) sw      gp, 792(t5)
core   0: 3 0x8000ecec (0x303f2c23) mem 0x80010000 0x00000001
core   0: 0x8000ecf0 (0x0000bfe5) c.j     pc - 8
core   0: 3 0x8000ecf0 (0xbfe5)
core   0: 0x8000ece8 (0x00001f17) auipc   t5, 0x1
core   0: 3 0x8000ece8 (0x00001f17) x30 0x8000fce8
core   0: 0x8000ecec (0x303f2c23) sw      gp, 792(t5)
core   0: 3 0x8000ecec (0x303f2c23) mem 0x80010000 0x00000001
core   0: 0x8000ecf0 (0x0000bfe5) c.j     pc - 8
core   0: 3 0x8000ecf0 (0xbfe5)
core   0: 0x8000ece8 (0x00001f17) auipc   t5, 0x1
core   0: 3 0x8000ece8 (0x00001f17) x30 0x8000fce8
core   0: 0x8000ecec (0x303f2c23) sw      gp, 792(t5)
core   0: 3 0x8000ecec (0x303f2c23) mem 0x80010000 0x00000001
core   0: 0x8000ecf0 (0x0000bfe5) c.j     pc - 8
core   0: 3 0x8000ecf0 (0xbfe5)
core   0: 0x8000ece8 (0x00001f17) auipc   t5, 0x1
core   0: 3 0x8000ece8 (0x00001f17) x30 0x8000fce8
core   0: 0x8000ecec (0x303f2c23) sw      gp, 792(t5)
core   0: 3 0x8000ecec (0x303f2c23) mem 0x80010000 0x00000001
core   0: 0x8000ecf0 (0x0000bfe5) c.j     pc - 8
core   0: 3 0x8000ecf0 (0xbfe5)
core   0: 0x8000ece8 (0x00001f17) auipc   t5, 0x1
core   0: 3 0x8000ece8 (0x00001f17) x30 0x8000fce8
core   0: 0x8000ecec (0x303f2c23) sw      gp, 792(t5)
core   0: 3 0x8000ecec (0x303f2c23) mem 0x80010000 0x00000001
core   0: 0x8000ecf0 (0x0000bfe5) c.j     pc - 8
core   0: 3 0x8000ecf0 (0xbfe5)
core   0: 0x8000ece8 (0x00001f17) auipc   t5, 0x1
core   0: 3 0x8000ece8 (0x00001f17) x30 0x8000fce8
core   0: 0x8000ecec (0x303f2c23) sw      gp, 792(t5)
core   0: 3 0x8000ecec (0x303f2c23) mem 0x80010000 0x00000001
core   0: 0x8000ecf0 (0x0000bfe5) c.j     pc - 8
core   0: 3 0x8000ecf0 (0xbfe5)
core   0: 0x8000ece8 (0x00001f17) auipc   t5, 0x1
core   0: 3 0x8000ece8 (0x00001f17) x30 0x8000fce8
core   0: 0x8000ecec (0x303f2c23) sw      gp, 792(t5)
core   0: 3 0x8000ecec (0x303f2c23) mem 0x80010000 0x00000001
core   0: 0x8000ecf0 (0x0000bfe5) c.j     pc - 8
core   0: 3 0x8000ecf0 (0xbfe5)
core   0: 0x8000ece8 (0x00001f17) auipc   t5, 0x1
core   0: 3 0x8000ece8 (0x00001f17) x30 0x8000fce8
core   0: 0x8000ecec (0x303f2c23) sw      gp, 792(t5)
core   0: 3 0x8000ecec (0x303f2c23) mem 0x80010000 0x00000001
core   0: 0x8000ecf0 (0x0000bfe5) c.j     pc - 8
core   0: 3 0x8000ecf0 (0xbfe5)
core   0: 0x8000ece8 (0x00001f17) auipc   t5, 0x1
core   0: 3 0x8000ece8 (0x00001f17) x30 0x8000fce8
core   0: 0x8000ecec (0x303f2c23) sw      gp, 792(t5)
core   0: 3 0x8000ecec (0x303f2c23) mem 0x80010000 0x00000001
core   0: 0x8000ecf0 (0x0000bfe5) c.j     pc - 8
core   0: 3 0x8000ecf0 (0xbfe5)
core   0: 0x8000ece8 (0x00001f17) auipc   t5, 0x1
core   0: 3 0x8000ece8 (0x00001f17) x30 0x8000fce8
core   0: 0x8000ecec (0x303f2c23) sw      gp, 792(t5)
core   0: 3 0x8000ecec (0x303f2c23) mem 0x80010000 0x00000001
core   0: 0x8000ecf0 (0x0000bfe5) c.j     pc - 8
core   0: 3 0x8000ecf0 (0xbfe5)
core   0: 0x8000ece8 (0x00001f17) auipc   t5, 0x1
core   0: 3 0x8000ece8 (0x00001f17) x30 0x8000fce8
core   0: 0x8000ecec (0x303f2c23) sw      gp, 792(t5)
core   0: 3 0x8000ecec (0x303f2c23) mem 0x80010000 0x00000001
core   0: 0x8000ecf0 (0x0000bfe5) c.j     pc - 8
core   0: 3 0x8000ecf0 (0xbfe5)
core   0: 0x8000ece8 (0x00001f17) auipc   t5, 0x1
core   0: 3 0x8000ece8 (0x00001f17) x30 0x8000fce8
core   0: 0x8000ecec (0x303f2c23) sw      gp, 792(t5)
core   0: 3 0x8000ecec (0x303f2c23) mem 0x80010000 0x00000001
core   0: 0x8000ecf0 (0x0000bfe5) c.j     pc - 8
core   0: 3 0x8000ecf0 (0xbfe5)
core   0: 0x8000ece8 (0x00001f17) auipc   t5, 0x1
core   0: 3 0x8000ece8 (0x00001f17) x30 0x8000fce8
core   0: 0x8000ecec (0x303f2c23) sw      gp, 792(t5)
core   0: 3 0x8000ecec (0x303f2c23) mem 0x80010000 0x00000001
core   0: 0x8000ecf0 (0x0000bfe5) c.j     pc - 8
core   0: 3 0x8000ecf0 (0xbfe5)
core   0: 0x8000ece8 (0x00001f17) auipc   t5, 0x1
core   0: 3 0x8000ece8 (0x00001f17) x30 0x8000fce8
core   0: 0x8000ecec (0x303f2c23) sw      gp, 792(t5)
core   0: 3 0x8000ecec (0x303f2c23) mem 0x80010000 0x00000001
core   0: 0x8000ecf0 (0x0000bfe5) c.j     pc - 8
core   0: 3 0x8000ecf0 (0xbfe5)
core   0: 0x8000ece8 (0x00001f17) auipc   t5, 0x1
core   0: 3 0x8000ece8 (0x00001f17) x30 0x8000fce8
core   0: 0x8000ecec (0x303f2c23) sw      gp, 792(t5)
core   0: 3 0x8000ecec (0x303f2c23) mem 0x80010000 0x00000001
core   0: 0x8000ecf0 (0x0000bfe5) c.j     pc - 8
core   0: 3 0x8000ecf0 (0xbfe5)
core   0: 0x8000ece8 (0x00001f17) auipc   t5, 0x1
core   0: 3 0x8000ece8 (0x00001f17) x30 0x8000fce8
core   0: 0x8000ecec (0x303f2c23) sw      gp, 792(t5)
core   0: 3 0x8000ecec (0x303f2c23) mem 0x80010000 0x00000001
core   0: 0x8000ecf0 (0x0000bfe5) c.j     pc - 8
core   0: 3 0x8000ecf0 (0xbfe5)
core   0: 0x8000ece8 (0x00001f17) auipc   t5, 0x1
core   0: 3 0x8000ece8 (0x00001f17) x30 0x8000fce8
core   0: 0x8000ecec (0x303f2c23) sw      gp, 792(t5)
core   0: 3 0x8000ecec (0x303f2c23) mem 0x80010000 0x00000001
core   0: 0x8000ecf0 (0x0000bfe5) c.j     pc - 8
core   0: 3 0x8000ecf0 (0xbfe5)
core   0: 0x8000ece8 (0x00001f17) auipc   t5, 0x1
core   0: 3 0x8000ece8 (0x00001f17) x30 0x8000fce8
core   0: 0x8000ecec (0x303f2c23) sw      gp, 792(t5)
core   0: 3 0x8000ecec (0x303f2c23) mem 0x80010000 0x00000001
core   0: 0x8000ecf0 (0x0000bfe5) c.j     pc - 8
core   0: 3 0x8000ecf0 (0xbfe5)
core   0: 0x8000ece8 (0x00001f17) auipc   t5, 0x1
core   0: 3 0x8000ece8 (0x00001f17) x30 0x8000fce8
core   0: 0x8000ecec (0x303f2c23) sw      gp, 792(t5)
core   0: 3 0x8000ecec (0x303f2c23) mem 0x80010000 0x00000001
core   0: 0x8000ecf0 (0x0000bfe5) c.j     pc - 8
core   0: 3 0x8000ecf0 (0xbfe5)
core   0: 0x8000ece8 (0x00001f17) auipc   t5, 0x1
core   0: 3 0x8000ece8 (0x00001f17) x30 0x8000fce8
core   0: 0x8000ecec (0x303f2c23) sw      gp, 792(t5)
core   0: 3 0x8000ecec (0x303f2c23) mem 0x80010000 0x00000001
core   0: 0x8000ecf0 (0x0000bfe5) c.j     pc - 8
core   0: 3 0x8000ecf0 (0xbfe5)
core   0: 0x8000ece8 (0x00001f17) auipc   t5, 0x1
core   0: 3 0x8000ece8 (0x00001f17) x30 0x8000fce8
core   0: 0x8000ecec (0x303f2c23) sw      gp, 792(t5)
core   0: 3 0x8000ecec (0x303f2c23) mem 0x80010000 0x00000001
core   0: 0x8000ecf0 (0x0000bfe5) c.j     pc - 8
core   0: 3 0x8000ecf0 (0xbfe5)
core   0: 0x8000ece8 (0x00001f17) auipc   t5, 0x1
core   0: 3 0x8000ece8 (0x00001f17) x30 0x8000fce8
core   0: 0x8000ecec (0x303f2c23) sw      gp, 792(t5)
core   0: 3 0x8000ecec (0x303f2c23) mem 0x80010000 0x00000001
core   0: 0x8000ecf0 (0x0000bfe5) c.j     pc - 8
core   0: 3 0x8000ecf0 (0xbfe5)
core   0: 0x8000ece8 (0x00001f17) auipc   t5, 0x1
core   0: 3 0x8000ece8 (0x00001f17) x30 0x8000fce8
core   0: 0x8000ecec (0x303f2c23) sw      gp, 792(t5)
core   0: 3 0x8000ecec (0x303f2c23) mem 0x80010000 0x00000001
core   0: 0x8000ecf0 (0x0000bfe5) c.j     pc - 8
core   0: 3 0x8000ecf0 (0xbfe5)
core   0: 0x8000ece8 (0x00001f17) auipc   t5, 0x1
core   0: 3 0x8000ece8 (0x00001f17) x30 0x8000fce8
core   0: 0x8000ecec (0x303f2c23) sw      gp, 792(t5)
core   0: 3 0x8000ecec (0x303f2c23) mem 0x80010000 0x00000001
core   0: 0x8000ecf0 (0x0000bfe5) c.j     pc - 8
core   0: 3 0x8000ecf0 (0xbfe5)
core   0: 0x8000ece8 (0x00001f17) auipc   t5, 0x1
core   0: 3 0x8000ece8 (0x00001f17) x30 0x8000fce8
core   0: 0x8000ecec (0x303f2c23) sw      gp, 792(t5)
core   0: 3 0x8000ecec (0x303f2c23) mem 0x80010000 0x00000001
core   0: 0x8000ecf0 (0x0000bfe5) c.j     pc - 8
core   0: 3 0x8000ecf0 (0xbfe5)
core   0: 0x8000ece8 (0x00001f17) auipc   t5, 0x1
core   0: 3 0x8000ece8 (0x00001f17) x30 0x8000fce8
core   0: 0x8000ecec (0x303f2c23) sw      gp, 792(t5)
core   0: 3 0x8000ecec (0x303f2c23) mem 0x80010000 0x00000001
core   0: 0x8000ecf0 (0x0000bfe5) c.j     pc - 8
core   0: 3 0x8000ecf0 (0xbfe5)
core   0: 0x8000ece8 (0x00001f17) auipc   t5, 0x1
core   0: 3 0x8000ece8 (0x00001f17) x30 0x8000fce8
core   0: 0x8000ecec (0x303f2c23) sw      gp, 792(t5)
core   0: 3 0x8000ecec (0x303f2c23) mem 0x80010000 0x00000001
core   0: 0x8000ecf0 (0x0000bfe5) c.j     pc - 8
core   0: 3 0x8000ecf0 (0xbfe5)
core   0: 0x8000ece8 (0x00001f17) auipc   t5, 0x1
core   0: 3 0x8000ece8 (0x00001f17) x30 0x8000fce8
core   0: 0x8000ecec (0x303f2c23) sw      gp, 792(t5)
core   0: 3 0x8000ecec (0x303f2c23) mem 0x80010000 0x00000001
core   0: 0x8000ecf0 (0x0000bfe5) c.j     pc - 8
core   0: 3 0x8000ecf0 (0xbfe5)
core   0: 0x8000ece8 (0x00001f17) auipc   t5, 0x1
core   0: 3 0x8000ece8 (0x00001f17) x30 0x8000fce8
core   0: 0x8000ecec (0x303f2c23) sw      gp, 792(t5)
core   0: 3 0x8000ecec (0x303f2c23) mem 0x80010000 0x00000001
core   0: 0x8000ecf0 (0x0000bfe5) c.j     pc - 8
core   0: 3 0x8000ecf0 (0xbfe5)
core   0: 0x8000ece8 (0x00001f17) auipc   t5, 0x1
core   0: 3 0x8000ece8 (0x00001f17) x30 0x8000fce8
core   0: 0x8000ecec (0x303f2c23) sw      gp, 792(t5)
core   0: 3 0x8000ecec (0x303f2c23) mem 0x80010000 0x00000001
core   0: 0x8000ecf0 (0x0000bfe5) c.j     pc - 8
core   0: 3 0x8000ecf0 (0xbfe5)
core   0: 0x8000ece8 (0x00001f17) auipc   t5, 0x1
core   0: 3 0x8000ece8 (0x00001f17) x30 0x8000fce8
core   0: 0x8000ecec (0x303f2c23) sw      gp, 792(t5)
core   0: 3 0x8000ecec (0x303f2c23) mem 0x80010000 0x00000001
core   0: 0x8000ecf0 (0x0000bfe5) c.j     pc - 8
core   0: 3 0x8000ecf0 (0xbfe5)
core   0: 0x8000ece8 (0x00001f17) auipc   t5, 0x1
core   0: 3 0x8000ece8 (0x00001f17) x30 0x8000fce8
core   0: 0x8000ecec (0x303f2c23) sw      gp, 792(t5)
core   0: 3 0x8000ecec (0x303f2c23) mem 0x80010000 0x00000001
core   0: 0x8000ecf0 (0x0000bfe5) c.j     pc - 8
core   0: 3 0x8000ecf0 (0xbfe5)
core   0: 0x8000ece8 (0x00001f17) auipc   t5, 0x1
core   0: 3 0x8000ece8 (0x00001f17) x30 0x8000fce8
core   0: 0x8000ecec (0x303f2c23) sw      gp, 792(t5)
core   0: 3 0x8000ecec (0x303f2c23) mem 0x80010000 0x00000001
core   0: 0x8000ecf0 (0x0000bfe5) c.j     pc - 8
core   0: 3 0x8000ecf0 (0xbfe5)
core   0: 0x8000ece8 (0x00001f17) auipc   t5, 0x1
core   0: 3 0x8000ece8 (0x00001f17) x30 0x8000fce8
core   0: 0x8000ecec (0x303f2c23) sw      gp, 792(t5)
core   0: 3 0x8000ecec (0x303f2c23) mem 0x80010000 0x00000001
core   0: 0x8000ecf0 (0x0000bfe5) c.j     pc - 8
core   0: 3 0x8000ecf0 (0xbfe5)
core   0: 0x8000ece8 (0x00001f17) auipc   t5, 0x1
core   0: 3 0x8000ece8 (0x00001f17) x30 0x8000fce8
core   0: 0x8000ecec (0x303f2c23) sw      gp, 792(t5)
core   0: 3 0x8000ecec (0x303f2c23) mem 0x80010000 0x00000001
core   0: 0x8000ecf0 (0x0000bfe5) c.j     pc - 8
core   0: 3 0x8000ecf0 (0xbfe5)
core   0: 0x8000ece8 (0x00001f17) auipc   t5, 0x1
core   0: 3 0x8000ece8 (0x00001f17) x30 0x8000fce8
core   0: 0x8000ecec (0x303f2c23) sw      gp, 792(t5)
core   0: 3 0x8000ecec (0x303f2c23) mem 0x80010000 0x00000001
core   0: 0x8000ecf0 (0x0000bfe5) c.j     pc - 8
core   0: 3 0x8000ecf0 (0xbfe5)
core   0: 0x8000ece8 (0x00001f17) auipc   t5, 0x1
core   0: 3 0x8000ece8 (0x00001f17) x30 0x8000fce8
core   0: 0x8000ecec (0x303f2c23) sw      gp, 792(t5)
core   0: 3 0x8000ecec (0x303f2c23) mem 0x80010000 0x00000001
core   0: 0x8000ecf0 (0x0000bfe5) c.j     pc - 8
core   0: 3 0x8000ecf0 (0xbfe5)
core   0: 0x8000ece8 (0x00001f17) auipc   t5, 0x1
core   0: 3 0x8000ece8 (0x00001f17) x30 0x8000fce8
core   0: 0x8000ecec (0x303f2c23) sw      gp, 792(t5)
core   0: 3 0x8000ecec (0x303f2c23) mem 0x80010000 0x00000001
core   0: 0x8000ecf0 (0x0000bfe5) c.j     pc - 8
core   0: 3 0x8000ecf0 (0xbfe5)
core   0: 0x8000ece8 (0x00001f17) auipc   t5, 0x1
core   0: 3 0x8000ece8 (0x00001f17) x30 0x8000fce8
core   0: 0x8000ecec (0x303f2c23) sw      gp, 792(t5)
core   0: 3 0x8000ecec (0x303f2c23) mem 0x80010000 0x00000001
core   0: 0x8000ecf0 (0x0000bfe5) c.j     pc - 8
core   0: 3 0x8000ecf0 (0xbfe5)
core   0: 0x8000ece8 (0x00001f17) auipc   t5, 0x1
core   0: 3 0x8000ece8 (0x00001f17) x30 0x8000fce8
core   0: 0x8000ecec (0x303f2c23) sw      gp, 792(t5)
core   0: 3 0x8000ecec (0x303f2c23) mem 0x80010000 0x00000001
core   0: 0x8000ecf0 (0x0000bfe5) c.j     pc - 8
core   0: 3 0x8000ecf0 (0xbfe5)
core   0: 0x8000ece8 (0x00001f17) auipc   t5, 0x1
core   0: 3 0x8000ece8 (0x00001f17) x30 0x8000fce8
core   0: 0x8000ecec (0x303f2c23) sw      gp, 792(t5)
core   0: 3 0x8000ecec (0x303f2c23) mem 0x80010000 0x00000001
core   0: 0x8000ecf0 (0x0000bfe5) c.j     pc - 8
core   0: 3 0x8000ecf0 (0xbfe5)
core   0: 0x8000ece8 (0x00001f17) auipc   t5, 0x1
core   0: 3 0x8000ece8 (0x00001f17) x30 0x8000fce8
core   0: 0x8000ecec (0x303f2c23) sw      gp, 792(t5)
core   0: 3 0x8000ecec (0x303f2c23) mem 0x80010000 0x00000001
core   0: 0x8000ecf0 (0x0000bfe5) c.j     pc - 8
core   0: 3 0x8000ecf0 (0xbfe5)
core   0: 0x8000ece8 (0x00001f17) auipc   t5, 0x1
core   0: 3 0x8000ece8 (0x00001f17) x30 0x8000fce8
core   0: 0x8000ecec (0x303f2c23) sw      gp, 792(t5)
core   0: 3 0x8000ecec (0x303f2c23) mem 0x80010000 0x00000001
core   0: 0x8000ecf0 (0x0000bfe5) c.j     pc - 8
core   0: 3 0x8000ecf0 (0xbfe5)
core   0: 0x8000ece8 (0x00001f17) auipc   t5, 0x1
core   0: 3 0x8000ece8 (0x00001f17) x30 0x8000fce8
core   0: 0x8000ecec (0x303f2c23) sw      gp, 792(t5)
core   0: 3 0x8000ecec (0x303f2c23) mem 0x80010000 0x00000001
core   0: 0x8000ecf0 (0x0000bfe5) c.j     pc - 8
core   0: 3 0x8000ecf0 (0xbfe5)
core   0: 0x8000ece8 (0x00001f17) auipc   t5, 0x1
core   0: 3 0x8000ece8 (0x00001f17) x30 0x8000fce8
core   0: 0x8000ecec (0x303f2c23) sw      gp, 792(t5)
core   0: 3 0x8000ecec (0x303f2c23) mem 0x80010000 0x00000001
core   0: 0x8000ecf0 (0x0000bfe5) c.j     pc - 8
core   0: 3 0x8000ecf0 (0xbfe5)
core   0: 0x8000ece8 (0x00001f17) auipc   t5, 0x1
core   0: 3 0x8000ece8 (0x00001f17) x30 0x8000fce8
core   0: 0x8000ecec (0x303f2c23) sw      gp, 792(t5)
core   0: 3 0x8000ecec (0x303f2c23) mem 0x80010000 0x00000001
core   0: 0x8000ecf0 (0x0000bfe5) c.j     pc - 8
core   0: 3 0x8000ecf0 (0xbfe5)
core   0: 0x8000ece8 (0x00001f17) auipc   t5, 0x1
core   0: 3 0x8000ece8 (0x00001f17) x30 0x8000fce8
core   0: 0x8000ecec (0x303f2c23) sw      gp, 792(t5)
core   0: 3 0x8000ecec (0x303f2c23) mem 0x80010000 0x00000001
core   0: 0x8000ecf0 (0x0000bfe5) c.j     pc - 8
core   0: 3 0x8000ecf0 (0xbfe5)
core   0: 0x8000ece8 (0x00001f17) auipc   t5, 0x1
core   0: 3 0x8000ece8 (0x00001f17) x30 0x8000fce8
core   0: 0x8000ecec (0x303f2c23) sw      gp, 792(t5)
core   0: 3 0x8000ecec (0x303f2c23) mem 0x80010000 0x00000001
core   0: 0x8000ecf0 (0x0000bfe5) c.j     pc - 8
core   0: 3 0x8000ecf0 (0xbfe5)
core   0: 0x8000ece8 (0x00001f17) auipc   t5, 0x1
core   0: 3 0x8000ece8 (0x00001f17) x30 0x8000fce8
core   0: 0x8000ecec (0x303f2c23) sw      gp, 792(t5)
core   0: 3 0x8000ecec (0x303f2c23) mem 0x80010000 0x00000001
core   0: 0x8000ecf0 (0x0000bfe5) c.j     pc - 8
core   0: 3 0x8000ecf0 (0xbfe5)
core   0: 0x8000ece8 (0x00001f17) auipc   t5, 0x1
core   0: 3 0x8000ece8 (0x00001f17) x30 0x8000fce8
core   0: 0x8000ecec (0x303f2c23) sw      gp, 792(t5)
core   0: 3 0x8000ecec (0x303f2c23) mem 0x80010000 0x00000001
core   0: 0x8000ecf0 (0x0000bfe5) c.j     pc - 8
core   0: 3 0x8000ecf0 (0xbfe5)
core   0: 0x8000ece8 (0x00001f17) auipc   t5, 0x1
core   0: 3 0x8000ece8 (0x00001f17) x30 0x8000fce8
core   0: 0x8000ecec (0x303f2c23) sw      gp, 792(t5)
core   0: 3 0x8000ecec (0x303f2c23) mem 0x80010000 0x00000001
core   0: 0x8000ecf0 (0x0000bfe5) c.j     pc - 8
core   0: 3 0x8000ecf0 (0xbfe5)
core   0: 0x8000ece8 (0x00001f17) auipc   t5, 0x1
core   0: 3 0x8000ece8 (0x00001f17) x30 0x8000fce8
core   0: 0x8000ecec (0x303f2c23) sw      gp, 792(t5)
core   0: 3 0x8000ecec (0x303f2c23) mem 0x80010000 0x00000001
core   0: 0x8000ecf0 (0x0000bfe5) c.j     pc - 8
core   0: 3 0x8000ecf0 (0xbfe5)
core   0: 0x8000ece8 (0x00001f17) auipc   t5, 0x1
core   0: 3 0x8000ece8 (0x00001f17) x30 0x8000fce8
core   0: 0x8000ecec (0x303f2c23) sw      gp, 792(t5)
core   0: 3 0x8000ecec (0x303f2c23) mem 0x80010000 0x00000001
core   0: 0x8000ecf0 (0x0000bfe5) c.j     pc - 8
core   0: 3 0x8000ecf0 (0xbfe5)
core   0: 0x8000ece8 (0x00001f17) auipc   t5, 0x1
core   0: 3 0x8000ece8 (0x00001f17) x30 0x8000fce8
core   0: 0x8000ecec (0x303f2c23) sw      gp, 792(t5)
core   0: 3 0x8000ecec (0x303f2c23) mem 0x80010000 0x00000001
core   0: 0x8000ecf0 (0x0000bfe5) c.j     pc - 8
core   0: 3 0x8000ecf0 (0xbfe5)
core   0: 0x8000ece8 (0x00001f17) auipc   t5, 0x1
core   0: 3 0x8000ece8 (0x00001f17) x30 0x8000fce8
core   0: 0x8000ecec (0x303f2c23) sw      gp, 792(t5)
core   0: 3 0x8000ecec (0x303f2c23) mem 0x80010000 0x00000001
core   0: 0x8000ecf0 (0x0000bfe5) c.j     pc - 8
core   0: 3 0x8000ecf0 (0xbfe5)
core   0: 0x8000ece8 (0x00001f17) auipc   t5, 0x1
core   0: 3 0x8000ece8 (0x00001f17) x30 0x8000fce8
core   0: 0x8000ecec (0x303f2c23) sw      gp, 792(t5)
core   0: 3 0x8000ecec (0x303f2c23) mem 0x80010000 0x00000001
core   0: 0x8000ecf0 (0x0000bfe5) c.j     pc - 8
core   0: 3 0x8000ecf0 (0xbfe5)
core   0: 0x8000ece8 (0x00001f17) auipc   t5, 0x1
core   0: 3 0x8000ece8 (0x00001f17) x30 0x8000fce8
core   0: 0x8000ecec (0x303f2c23) sw      gp, 792(t5)
core   0: 3 0x8000ecec (0x303f2c23) mem 0x80010000 0x00000001
core   0: 0x8000ecf0 (0x0000bfe5) c.j     pc - 8
core   0: 3 0x8000ecf0 (0xbfe5)
core   0: 0x8000ece8 (0x00001f17) auipc   t5, 0x1
core   0: 3 0x8000ece8 (0x00001f17) x30 0x8000fce8
core   0: 0x8000ecec (0x303f2c23) sw      gp, 792(t5)
core   0: 3 0x8000ecec (0x303f2c23) mem 0x80010000 0x00000001
core   0: 0x8000ecf0 (0x0000bfe5) c.j     pc - 8
core   0: 3 0x8000ecf0 (0xbfe5)
core   0: 0x8000ece8 (0x00001f17) auipc   t5, 0x1
core   0: 3 0x8000ece8 (0x00001f17) x30 0x8000fce8
core   0: 0x8000ecec (0x303f2c23) sw      gp, 792(t5)
core   0: 3 0x8000ecec (0x303f2c23) mem 0x80010000 0x00000001
core   0: 0x8000ecf0 (0x0000bfe5) c.j     pc - 8
core   0: 3 0x8000ecf0 (0xbfe5)
core   0: 0x8000ece8 (0x00001f17) auipc   t5, 0x1
core   0: 3 0x8000ece8 (0x00001f17) x30 0x8000fce8
core   0: 0x8000ecec (0x303f2c23) sw      gp, 792(t5)
core   0: 3 0x8000ecec (0x303f2c23) mem 0x80010000 0x00000001
core   0: 0x8000ecf0 (0x0000bfe5) c.j     pc - 8
core   0: 3 0x8000ecf0 (0xbfe5)
core   0: 0x8000ece8 (0x00001f17) auipc   t5, 0x1
core   0: 3 0x8000ece8 (0x00001f17) x30 0x8000fce8
core   0: 0x8000ecec (0x303f2c23) sw      gp, 792(t5)
core   0: 3 0x8000ecec (0x303f2c23) mem 0x80010000 0x00000001
core   0: 0x8000ecf0 (0x0000bfe5) c.j     pc - 8
core   0: 3 0x8000ecf0 (0xbfe5)
core   0: 0x8000ece8 (0x00001f17) auipc   t5, 0x1
core   0: 3 0x8000ece8 (0x00001f17) x30 0x8000fce8
core   0: 0x8000ecec (0x303f2c23) sw      gp, 792(t5)
core   0: 3 0x8000ecec (0x303f2c23) mem 0x80010000 0x00000001
core   0: 0x8000ecf0 (0x0000bfe5) c.j     pc - 8
core   0: 3 0x8000ecf0 (0xbfe5)
core   0: 0x8000ece8 (0x00001f17) auipc   t5, 0x1
core   0: 3 0x8000ece8 (0x00001f17) x30 0x8000fce8
core   0: 0x8000ecec (0x303f2c23) sw      gp, 792(t5)
core   0: 3 0x8000ecec (0x303f2c23) mem 0x80010000 0x00000001
core   0: 0x8000ecf0 (0x0000bfe5) c.j     pc - 8
core   0: 3 0x8000ecf0 (0xbfe5)
core   0: 0x8000ece8 (0x00001f17) auipc   t5, 0x1
core   0: 3 0x8000ece8 (0x00001f17) x30 0x8000fce8
core   0: 0x8000ecec (0x303f2c23) sw      gp, 792(t5)
core   0: 3 0x8000ecec (0x303f2c23) mem 0x80010000 0x00000001
core   0: 0x8000ecf0 (0x0000bfe5) c.j     pc - 8
core   0: 3 0x8000ecf0 (0xbfe5)
core   0: 0x8000ece8 (0x00001f17) auipc   t5, 0x1
core   0: 3 0x8000ece8 (0x00001f17) x30 0x8000fce8
core   0: 0x8000ecec (0x303f2c23) sw      gp, 792(t5)
core   0: 3 0x8000ecec (0x303f2c23) mem 0x80010000 0x00000001
core   0: 0x8000ecf0 (0x0000bfe5) c.j     pc - 8
core   0: 3 0x8000ecf0 (0xbfe5)
core   0: 0x8000ece8 (0x00001f17) auipc   t5, 0x1
core   0: 3 0x8000ece8 (0x00001f17) x30 0x8000fce8
core   0: 0x8000ecec (0x303f2c23) sw      gp, 792(t5)
core   0: 3 0x8000ecec (0x303f2c23) mem 0x80010000 0x00000001
core   0: 0x8000ecf0 (0x0000bfe5) c.j     pc - 8
core   0: 3 0x8000ecf0 (0xbfe5)
core   0: 0x8000ece8 (0x00001f17) auipc   t5, 0x1
core   0: 3 0x8000ece8 (0x00001f17) x30 0x8000fce8
core   0: 0x8000ecec (0x303f2c23) sw      gp, 792(t5)
core   0: 3 0x8000ecec (0x303f2c23) mem 0x80010000 0x00000001
core   0: 0x8000ecf0 (0x0000bfe5) c.j     pc - 8
core   0: 3 0x8000ecf0 (0xbfe5)
core   0: 0x8000ece8 (0x00001f17) auipc   t5, 0x1
core   0: 3 0x8000ece8 (0x00001f17) x30 0x8000fce8
core   0: 0x8000ecec (0x303f2c23) sw      gp, 792(t5)
core   0: 3 0x8000ecec (0x303f2c23) mem 0x80010000 0x00000001
core   0: 0x8000ecf0 (0x0000bfe5) c.j     pc - 8
core   0: 3 0x8000ecf0 (0xbfe5)
core   0: 0x8000ece8 (0x00001f17) auipc   t5, 0x1
core   0: 3 0x8000ece8 (0x00001f17) x30 0x8000fce8
core   0: 0x8000ecec (0x303f2c23) sw      gp, 792(t5)
core   0: 3 0x8000ecec (0x303f2c23) mem 0x80010000 0x00000001
core   0: 0x8000ecf0 (0x0000bfe5) c.j     pc - 8
core   0: 3 0x8000ecf0 (0xbfe5)
core   0: 0x8000ece8 (0x00001f17) auipc   t5, 0x1
core   0: 3 0x8000ece8 (0x00001f17) x30 0x8000fce8
core   0: 0x8000ecec (0x303f2c23) sw      gp, 792(t5)
core   0: 3 0x8000ecec (0x303f2c23) mem 0x80010000 0x00000001
core   0: 0x8000ecf0 (0x0000bfe5) c.j     pc - 8
core   0: 3 0x8000ecf0 (0xbfe5)
core   0: 0x8000ece8 (0x00001f17) auipc   t5, 0x1
core   0: 3 0x8000ece8 (0x00001f17) x30 0x8000fce8
core   0: 0x8000ecec (0x303f2c23) sw      gp, 792(t5)
core   0: 3 0x8000ecec (0x303f2c23) mem 0x80010000 0x00000001
core   0: 0x8000ecf0 (0x0000bfe5) c.j     pc - 8
core   0: 3 0x8000ecf0 (0xbfe5)
core   0: 0x8000ece8 (0x00001f17) auipc   t5, 0x1
core   0: 3 0x8000ece8 (0x00001f17) x30 0x8000fce8
core   0: 0x8000ecec (0x303f2c23) sw      gp, 792(t5)
core   0: 3 0x8000ecec (0x303f2c23) mem 0x80010000 0x00000001
core   0: 0x8000ecf0 (0x0000bfe5) c.j     pc - 8
core   0: 3 0x8000ecf0 (0xbfe5)
core   0: 0x8000ece8 (0x00001f17) auipc   t5, 0x1
core   0: 3 0x8000ece8 (0x00001f17) x30 0x8000fce8
core   0: 0x8000ecec (0x303f2c23) sw      gp, 792(t5)
core   0: 3 0x8000ecec (0x303f2c23) mem 0x80010000 0x00000001
core   0: 0x8000ecf0 (0x0000bfe5) c.j     pc - 8
core   0: 3 0x8000ecf0 (0xbfe5)
core   0: 0x8000ece8 (0x00001f17) auipc   t5, 0x1
core   0: 3 0x8000ece8 (0x00001f17) x30 0x8000fce8
core   0: 0x8000ecec (0x303f2c23) sw      gp, 792(t5)
core   0: 3 0x8000ecec (0x303f2c23) mem 0x80010000 0x00000001
core   0: 0x8000ecf0 (0x0000bfe5) c.j     pc - 8
core   0: 3 0x8000ecf0 (0xbfe5)
core   0: 0x8000ece8 (0x00001f17) auipc   t5, 0x1
core   0: 3 0x8000ece8 (0x00001f17) x30 0x8000fce8
core   0: 0x8000ecec (0x303f2c23) sw      gp, 792(t5)
core   0: 3 0x8000ecec (0x303f2c23) mem 0x80010000 0x00000001
core   0: 0x8000ecf0 (0x0000bfe5) c.j     pc - 8
core   0: 3 0x8000ecf0 (0xbfe5)
core   0: 0x8000ece8 (0x00001f17) auipc   t5, 0x1
core   0: 3 0x8000ece8 (0x00001f17) x30 0x8000fce8
core   0: 0x8000ecec (0x303f2c23) sw      gp, 792(t5)
core   0: 3 0x8000ecec (0x303f2c23) mem 0x80010000 0x00000001
core   0: 0x8000ecf0 (0x0000bfe5) c.j     pc - 8
core   0: 3 0x8000ecf0 (0xbfe5)
core   0: 0x8000ece8 (0x00001f17) auipc   t5, 0x1
core   0: 3 0x8000ece8 (0x00001f17) x30 0x8000fce8
core   0: 0x8000ecec (0x303f2c23) sw      gp, 792(t5)
core   0: 3 0x8000ecec (0x303f2c23) mem 0x80010000 0x00000001
core   0: 0x8000ecf0 (0x0000bfe5) c.j     pc - 8
core   0: 3 0x8000ecf0 (0xbfe5)
core   0: 0x8000ece8 (0x00001f17) auipc   t5, 0x1
core   0: 3 0x8000ece8 (0x00001f17) x30 0x8000fce8
core   0: 0x8000ecec (0x303f2c23) sw      gp, 792(t5)
core   0: 3 0x8000ecec (0x303f2c23) mem 0x80010000 0x00000001
core   0: 0x8000ecf0 (0x0000bfe5) c.j     pc - 8
core   0: 3 0x8000ecf0 (0xbfe5)
core   0: 0x8000ece8 (0x00001f17) auipc   t5, 0x1
core   0: 3 0x8000ece8 (0x00001f17) x30 0x8000fce8
core   0: 0x8000ecec (0x303f2c23) sw      gp, 792(t5)
core   0: 3 0x8000ecec (0x303f2c23) mem 0x80010000 0x00000001
core   0: 0x8000ecf0 (0x0000bfe5) c.j     pc - 8
core   0: 3 0x8000ecf0 (0xbfe5)
core   0: 0x8000ece8 (0x00001f17) auipc   t5, 0x1
core   0: 3 0x8000ece8 (0x00001f17) x30 0x8000fce8
core   0: 0x8000ecec (0x303f2c23) sw      gp, 792(t5)
core   0: 3 0x8000ecec (0x303f2c23) mem 0x80010000 0x00000001
core   0: 0x8000ecf0 (0x0000bfe5) c.j     pc - 8
core   0: 3 0x8000ecf0 (0xbfe5)
core   0: 0x8000ece8 (0x00001f17) auipc   t5, 0x1
core   0: 3 0x8000ece8 (0x00001f17) x30 0x8000fce8
core   0: 0x8000ecec (0x303f2c23) sw      gp, 792(t5)
core   0: 3 0x8000ecec (0x303f2c23) mem 0x80010000 0x00000001
core   0: 0x8000ecf0 (0x0000bfe5) c.j     pc - 8
core   0: 3 0x8000ecf0 (0xbfe5)
core   0: 0x8000ece8 (0x00001f17) auipc   t5, 0x1
core   0: 3 0x8000ece8 (0x00001f17) x30 0x8000fce8
core   0: 0x8000ecec (0x303f2c23) sw      gp, 792(t5)
core   0: 3 0x8000ecec (0x303f2c23) mem 0x80010000 0x00000001
core   0: 0x8000ecf0 (0x0000bfe5) c.j     pc - 8
core   0: 3 0x8000ecf0 (0xbfe5)
core   0: 0x8000ece8 (0x00001f17) auipc   t5, 0x1
core   0: 3 0x8000ece8 (0x00001f17) x30 0x8000fce8
core   0: 0x8000ecec (0x303f2c23) sw      gp, 792(t5)
core   0: 3 0x8000ecec (0x303f2c23) mem 0x80010000 0x00000001
core   0: 0x8000ecf0 (0x0000bfe5) c.j     pc - 8
core   0: 3 0x8000ecf0 (0xbfe5)
core   0: 0x8000ece8 (0x00001f17) auipc   t5, 0x1
core   0: 3 0x8000ece8 (0x00001f17) x30 0x8000fce8
core   0: 0x8000ecec (0x303f2c23) sw      gp, 792(t5)
core   0: 3 0x8000ecec (0x303f2c23) mem 0x80010000 0x00000001
core   0: 0x8000ecf0 (0x0000bfe5) c.j     pc - 8
core   0: 3 0x8000ecf0 (0xbfe5)
core   0: 0x8000ece8 (0x00001f17) auipc   t5, 0x1
core   0: 3 0x8000ece8 (0x00001f17) x30 0x8000fce8
core   0: 0x8000ecec (0x303f2c23) sw      gp, 792(t5)
core   0: 3 0x8000ecec (0x303f2c23) mem 0x80010000 0x00000001
core   0: 0x8000ecf0 (0x0000bfe5) c.j     pc - 8
core   0: 3 0x8000ecf0 (0xbfe5)
core   0: 0x8000ece8 (0x00001f17) auipc   t5, 0x1
core   0: 3 0x8000ece8 (0x00001f17) x30 0x8000fce8
core   0: 0x8000ecec (0x303f2c23) sw      gp, 792(t5)
core   0: 3 0x8000ecec (0x303f2c23) mem 0x80010000 0x00000001
core   0: 0x8000ecf0 (0x0000bfe5) c.j     pc - 8
core   0: 3 0x8000ecf0 (0xbfe5)
core   0: 0x8000ece8 (0x00001f17) auipc   t5, 0x1
core   0: 3 0x8000ece8 (0x00001f17) x30 0x8000fce8
core   0: 0x8000ecec (0x303f2c23) sw      gp, 792(t5)
core   0: 3 0x8000ecec (0x303f2c23) mem 0x80010000 0x00000001
core   0: 0x8000ecf0 (0x0000bfe5) c.j     pc - 8
core   0: 3 0x8000ecf0 (0xbfe5)
core   0: 0x8000ece8 (0x00001f17) auipc   t5, 0x1
core   0: 3 0x8000ece8 (0x00001f17) x30 0x8000fce8
core   0: 0x8000ecec (0x303f2c23) sw      gp, 792(t5)
core   0: 3 0x8000ecec (0x303f2c23) mem 0x80010000 0x00000001
core   0: 0x8000ecf0 (0x0000bfe5) c.j     pc - 8
core   0: 3 0x8000ecf0 (0xbfe5)
core   0: 0x8000ece8 (0x00001f17) auipc   t5, 0x1
core   0: 3 0x8000ece8 (0x00001f17) x30 0x8000fce8
core   0: 0x8000ecec (0x303f2c23) sw      gp, 792(t5)
core   0: 3 0x8000ecec (0x303f2c23) mem 0x80010000 0x00000001
core   0: 0x8000ecf0 (0x0000bfe5) c.j     pc - 8
core   0: 3 0x8000ecf0 (0xbfe5)
core   0: 0x8000ece8 (0x00001f17) auipc   t5, 0x1
core   0: 3 0x8000ece8 (0x00001f17) x30 0x8000fce8
core   0: 0x8000ecec (0x303f2c23) sw      gp, 792(t5)
core   0: 3 0x8000ecec (0x303f2c23) mem 0x80010000 0x00000001
core   0: 0x8000ecf0 (0x0000bfe5) c.j     pc - 8
core   0: 3 0x8000ecf0 (0xbfe5)
core   0: 0x8000ece8 (0x00001f17) auipc   t5, 0x1
core   0: 3 0x8000ece8 (0x00001f17) x30 0x8000fce8
core   0: 0x8000ecec (0x303f2c23) sw      gp, 792(t5)
core   0: 3 0x8000ecec (0x303f2c23) mem 0x80010000 0x00000001
core   0: 0x8000ecf0 (0x0000bfe5) c.j     pc - 8
core   0: 3 0x8000ecf0 (0xbfe5)
core   0: 0x8000ece8 (0x00001f17) auipc   t5, 0x1
core   0: 3 0x8000ece8 (0x00001f17) x30 0x8000fce8
core   0: 0x8000ecec (0x303f2c23) sw      gp, 792(t5)
core   0: 3 0x8000ecec (0x303f2c23) mem 0x80010000 0x00000001
core   0: 0x8000ecf0 (0x0000bfe5) c.j     pc - 8
core   0: 3 0x8000ecf0 (0xbfe5)
core   0: 0x8000ece8 (0x00001f17) auipc   t5, 0x1
core   0: 3 0x8000ece8 (0x00001f17) x30 0x8000fce8
core   0: 0x8000ecec (0x303f2c23) sw      gp, 792(t5)
core   0: 3 0x8000ecec (0x303f2c23) mem 0x80010000 0x00000001
core   0: 0x8000ecf0 (0x0000bfe5) c.j     pc - 8
core   0: 3 0x8000ecf0 (0xbfe5)
core   0: 0x8000ece8 (0x00001f17) auipc   t5, 0x1
core   0: 3 0x8000ece8 (0x00001f17) x30 0x8000fce8
core   0: 0x8000ecec (0x303f2c23) sw      gp, 792(t5)
core   0: 3 0x8000ecec (0x303f2c23) mem 0x80010000 0x00000001
core   0: 0x8000ecf0 (0x0000bfe5) c.j     pc - 8
core   0: 3 0x8000ecf0 (0xbfe5)
core   0: 0x8000ece8 (0x00001f17) auipc   t5, 0x1
core   0: 3 0x8000ece8 (0x00001f17) x30 0x8000fce8
core   0: 0x8000ecec (0x303f2c23) sw      gp, 792(t5)
core   0: 3 0x8000ecec (0x303f2c23) mem 0x80010000 0x00000001
core   0: 0x8000ecf0 (0x0000bfe5) c.j     pc - 8
core   0: 3 0x8000ecf0 (0xbfe5)
core   0: 0x8000ece8 (0x00001f17) auipc   t5, 0x1
core   0: 3 0x8000ece8 (0x00001f17) x30 0x8000fce8
core   0: 0x8000ecec (0x303f2c23) sw      gp, 792(t5)
core   0: 3 0x8000ecec (0x303f2c23) mem 0x80010000 0x00000001
core   0: 0x8000ecf0 (0x0000bfe5) c.j     pc - 8
core   0: 3 0x8000ecf0 (0xbfe5)
core   0: 0x8000ece8 (0x00001f17) auipc   t5, 0x1
core   0: 3 0x8000ece8 (0x00001f17) x30 0x8000fce8
core   0: 0x8000ecec (0x303f2c23) sw      gp, 792(t5)
core   0: 3 0x8000ecec (0x303f2c23) mem 0x80010000 0x00000001
core   0: 0x8000ecf0 (0x0000bfe5) c.j     pc - 8
core   0: 3 0x8000ecf0 (0xbfe5)
core   0: 0x8000ece8 (0x00001f17) auipc   t5, 0x1
core   0: 3 0x8000ece8 (0x00001f17) x30 0x8000fce8
core   0: 0x8000ecec (0x303f2c23) sw      gp, 792(t5)
core   0: 3 0x8000ecec (0x303f2c23) mem 0x80010000 0x00000001
core   0: 0x8000ecf0 (0x0000bfe5) c.j     pc - 8
core   0: 3 0x8000ecf0 (0xbfe5)
core   0: 0x8000ece8 (0x00001f17) auipc   t5, 0x1
core   0: 3 0x8000ece8 (0x00001f17) x30 0x8000fce8
core   0: 0x8000ecec (0x303f2c23) sw      gp, 792(t5)
core   0: 3 0x8000ecec (0x303f2c23) mem 0x80010000 0x00000001
core   0: 0x8000ecf0 (0x0000bfe5) c.j     pc - 8
core   0: 3 0x8000ecf0 (0xbfe5)
core   0: 0x8000ece8 (0x00001f17) auipc   t5, 0x1
core   0: 3 0x8000ece8 (0x00001f17) x30 0x8000fce8
core   0: 0x8000ecec (0x303f2c23) sw      gp, 792(t5)
core   0: 3 0x8000ecec (0x303f2c23) mem 0x80010000 0x00000001
core   0: 0x8000ecf0 (0x0000bfe5) c.j     pc - 8
core   0: 3 0x8000ecf0 (0xbfe5)
core   0: 0x8000ece8 (0x00001f17) auipc   t5, 0x1
core   0: 3 0x8000ece8 (0x00001f17) x30 0x8000fce8
core   0: 0x8000ecec (0x303f2c23) sw      gp, 792(t5)
core   0: 3 0x8000ecec (0x303f2c23) mem 0x80010000 0x00000001
core   0: 0x8000ecf0 (0x0000bfe5) c.j     pc - 8
core   0: 3 0x8000ecf0 (0xbfe5)
core   0: 0x8000ece8 (0x00001f17) auipc   t5, 0x1
core   0: 3 0x8000ece8 (0x00001f17) x30 0x8000fce8
core   0: 0x8000ecec (0x303f2c23) sw      gp, 792(t5)
core   0: 3 0x8000ecec (0x303f2c23) mem 0x80010000 0x00000001
core   0: 0x8000ecf0 (0x0000bfe5) c.j     pc - 8
core   0: 3 0x8000ecf0 (0xbfe5)
core   0: 0x8000ece8 (0x00001f17) auipc   t5, 0x1
core   0: 3 0x8000ece8 (0x00001f17) x30 0x8000fce8
core   0: 0x8000ecec (0x303f2c23) sw      gp, 792(t5)
core   0: 3 0x8000ecec (0x303f2c23) mem 0x80010000 0x00000001
core   0: 0x8000ecf0 (0x0000bfe5) c.j     pc - 8
core   0: 3 0x8000ecf0 (0xbfe5)
core   0: 0x8000ece8 (0x00001f17) auipc   t5, 0x1
core   0: 3 0x8000ece8 (0x00001f17) x30 0x8000fce8
core   0: 0x8000ecec (0x303f2c23) sw      gp, 792(t5)
core   0: 3 0x8000ecec (0x303f2c23) mem 0x80010000 0x00000001
core   0: 0x8000ecf0 (0x0000bfe5) c.j     pc - 8
core   0: 3 0x8000ecf0 (0xbfe5)
core   0: 0x8000ece8 (0x00001f17) auipc   t5, 0x1
core   0: 3 0x8000ece8 (0x00001f17) x30 0x8000fce8
core   0: 0x8000ecec (0x303f2c23) sw      gp, 792(t5)
core   0: 3 0x8000ecec (0x303f2c23) mem 0x80010000 0x00000001
core   0: 0x8000ecf0 (0x0000bfe5) c.j     pc - 8
core   0: 3 0x8000ecf0 (0xbfe5)
core   0: 0x8000ece8 (0x00001f17) auipc   t5, 0x1
core   0: 3 0x8000ece8 (0x00001f17) x30 0x8000fce8
core   0: 0x8000ecec (0x303f2c23) sw      gp, 792(t5)
core   0: 3 0x8000ecec (0x303f2c23) mem 0x80010000 0x00000001
core   0: 0x8000ecf0 (0x0000bfe5) c.j     pc - 8
core   0: 3 0x8000ecf0 (0xbfe5)
core   0: 0x8000ece8 (0x00001f17) auipc   t5, 0x1
core   0: 3 0x8000ece8 (0x00001f17) x30 0x8000fce8
core   0: 0x8000ecec (0x303f2c23) sw      gp, 792(t5)
core   0: 3 0x8000ecec (0x303f2c23) mem 0x80010000 0x00000001
core   0: 0x8000ecf0 (0x0000bfe5) c.j     pc - 8
core   0: 3 0x8000ecf0 (0xbfe5)
core   0: 0x8000ece8 (0x00001f17) auipc   t5, 0x1
core   0: 3 0x8000ece8 (0x00001f17) x30 0x8000fce8
core   0: 0x8000ecec (0x303f2c23) sw      gp, 792(t5)
core   0: 3 0x8000ecec (0x303f2c23) mem 0x80010000 0x00000001
core   0: 0x8000ecf0 (0x0000bfe5) c.j     pc - 8
core   0: 3 0x8000ecf0 (0xbfe5)
core   0: 0x8000ece8 (0x00001f17) auipc   t5, 0x1
core   0: 3 0x8000ece8 (0x00001f17) x30 0x8000fce8
core   0: 0x8000ecec (0x303f2c23) sw      gp, 792(t5)
core   0: 3 0x8000ecec (0x303f2c23) mem 0x80010000 0x00000001
core   0: 0x8000ecf0 (0x0000bfe5) c.j     pc - 8
core   0: 3 0x8000ecf0 (0xbfe5)
core   0: 0x8000ece8 (0x00001f17) auipc   t5, 0x1
core   0: 3 0x8000ece8 (0x00001f17) x30 0x8000fce8
core   0: 0x8000ecec (0x303f2c23) sw      gp, 792(t5)
core   0: 3 0x8000ecec (0x303f2c23) mem 0x80010000 0x00000001
core   0: 0x8000ecf0 (0x0000bfe5) c.j     pc - 8
core   0: 3 0x8000ecf0 (0xbfe5)
core   0: 0x8000ece8 (0x00001f17) auipc   t5, 0x1
core   0: 3 0x8000ece8 (0x00001f17) x30 0x8000fce8
core   0: 0x8000ecec (0x303f2c23) sw      gp, 792(t5)
core   0: 3 0x8000ecec (0x303f2c23) mem 0x80010000 0x00000001
core   0: 0x8000ecf0 (0x0000bfe5) c.j     pc - 8
core   0: 3 0x8000ecf0 (0xbfe5)
core   0: 0x8000ece8 (0x00001f17) auipc   t5, 0x1
core   0: 3 0x8000ece8 (0x00001f17) x30 0x8000fce8
core   0: 0x8000ecec (0x303f2c23) sw      gp, 792(t5)
core   0: 3 0x8000ecec (0x303f2c23) mem 0x80010000 0x00000001
core   0: 0x8000ecf0 (0x0000bfe5) c.j     pc - 8
core   0: 3 0x8000ecf0 (0xbfe5)
core   0: 0x8000ece8 (0x00001f17) auipc   t5, 0x1
core   0: 3 0x8000ece8 (0x00001f17) x30 0x8000fce8
core   0: 0x8000ecec (0x303f2c23) sw      gp, 792(t5)
core   0: 3 0x8000ecec (0x303f2c23) mem 0x80010000 0x00000001
core   0: 0x8000ecf0 (0x0000bfe5) c.j     pc - 8
core   0: 3 0x8000ecf0 (0xbfe5)
core   0: 0x8000ece8 (0x00001f17) auipc   t5, 0x1
core   0: 3 0x8000ece8 (0x00001f17) x30 0x8000fce8
core   0: 0x8000ecec (0x303f2c23) sw      gp, 792(t5)
core   0: 3 0x8000ecec (0x303f2c23) mem 0x80010000 0x00000001
core   0: 0x8000ecf0 (0x0000bfe5) c.j     pc - 8
core   0: 3 0x8000ecf0 (0xbfe5)
core   0: 0x8000ece8 (0x00001f17) auipc   t5, 0x1
core   0: 3 0x8000ece8 (0x00001f17) x30 0x8000fce8
core   0: 0x8000ecec (0x303f2c23) sw      gp, 792(t5)
core   0: 3 0x8000ecec (0x303f2c23) mem 0x80010000 0x00000001
core   0: 0x8000ecf0 (0x0000bfe5) c.j     pc - 8
core   0: 3 0x8000ecf0 (0xbfe5)
core   0: 0x8000ece8 (0x00001f17) auipc   t5, 0x1
core   0: 3 0x8000ece8 (0x00001f17) x30 0x8000fce8
core   0: 0x8000ecec (0x303f2c23) sw      gp, 792(t5)
core   0: 3 0x8000ecec (0x303f2c23) mem 0x80010000 0x00000001
core   0: 0x8000ecf0 (0x0000bfe5) c.j     pc - 8
core   0: 3 0x8000ecf0 (0xbfe5)
core   0: 0x8000ece8 (0x00001f17) auipc   t5, 0x1
core   0: 3 0x8000ece8 (0x00001f17) x30 0x8000fce8
core   0: 0x8000ecec (0x303f2c23) sw      gp, 792(t5)
core   0: 3 0x8000ecec (0x303f2c23) mem 0x80010000 0x00000001
core   0: 0x8000ecf0 (0x0000bfe5) c.j     pc - 8
core   0: 3 0x8000ecf0 (0xbfe5)
core   0: 0x8000ece8 (0x00001f17) auipc   t5, 0x1
core   0: 3 0x8000ece8 (0x00001f17) x30 0x8000fce8
core   0: 0x8000ecec (0x303f2c23) sw      gp, 792(t5)
core   0: 3 0x8000ecec (0x303f2c23) mem 0x80010000 0x00000001
core   0: 0x8000ecf0 (0x0000bfe5) c.j     pc - 8
core   0: 3 0x8000ecf0 (0xbfe5)
core   0: 0x8000ece8 (0x00001f17) auipc   t5, 0x1
core   0: 3 0x8000ece8 (0x00001f17) x30 0x8000fce8
core   0: 0x8000ecec (0x303f2c23) sw      gp, 792(t5)
core   0: 3 0x8000ecec (0x303f2c23) mem 0x80010000 0x00000001
core   0: 0x8000ecf0 (0x0000bfe5) c.j     pc - 8
core   0: 3 0x8000ecf0 (0xbfe5)
core   0: 0x8000ece8 (0x00001f17) auipc   t5, 0x1
core   0: 3 0x8000ece8 (0x00001f17) x30 0x8000fce8
core   0: 0x8000ecec (0x303f2c23) sw      gp, 792(t5)
core   0: 3 0x8000ecec (0x303f2c23) mem 0x80010000 0x00000001
core   0: 0x8000ecf0 (0x0000bfe5) c.j     pc - 8
core   0: 3 0x8000ecf0 (0xbfe5)
core   0: 0x8000ece8 (0x00001f17) auipc   t5, 0x1
core   0: 3 0x8000ece8 (0x00001f17) x30 0x8000fce8
core   0: 0x8000ecec (0x303f2c23) sw      gp, 792(t5)
core   0: 3 0x8000ecec (0x303f2c23) mem 0x80010000 0x00000001
core   0: 0x8000ecf0 (0x0000bfe5) c.j     pc - 8
core   0: 3 0x8000ecf0 (0xbfe5)
core   0: 0x8000ece8 (0x00001f17) auipc   t5, 0x1
core   0: 3 0x8000ece8 (0x00001f17) x30 0x8000fce8
core   0: 0x8000ecec (0x303f2c23) sw      gp, 792(t5)
core   0: 3 0x8000ecec (0x303f2c23) mem 0x80010000 0x00000001
core   0: 0x8000ecf0 (0x0000bfe5) c.j     pc - 8
core   0: 3 0x8000ecf0 (0xbfe5)
core   0: 0x8000ece8 (0x00001f17) auipc   t5, 0x1
core   0: 3 0x8000ece8 (0x00001f17) x30 0x8000fce8
core   0: 0x8000ecec (0x303f2c23) sw      gp, 792(t5)
core   0: 3 0x8000ecec (0x303f2c23) mem 0x80010000 0x00000001
core   0: 0x8000ecf0 (0x0000bfe5) c.j     pc - 8
core   0: 3 0x8000ecf0 (0xbfe5)
core   0: 0x8000ece8 (0x00001f17) auipc   t5, 0x1
core   0: 3 0x8000ece8 (0x00001f17) x30 0x8000fce8
core   0: 0x8000ecec (0x303f2c23) sw      gp, 792(t5)
core   0: 3 0x8000ecec (0x303f2c23) mem 0x80010000 0x00000001
core   0: 0x8000ecf0 (0x0000bfe5) c.j     pc - 8
core   0: 3 0x8000ecf0 (0xbfe5)
core   0: 0x8000ece8 (0x00001f17) auipc   t5, 0x1
core   0: 3 0x8000ece8 (0x00001f17) x30 0x8000fce8
core   0: 0x8000ecec (0x303f2c23) sw      gp, 792(t5)
core   0: 3 0x8000ecec (0x303f2c23) mem 0x80010000 0x00000001
core   0: 0x8000ecf0 (0x0000bfe5) c.j     pc - 8
core   0: 3 0x8000ecf0 (0xbfe5)
core   0: 0x8000ece8 (0x00001f17) auipc   t5, 0x1
core   0: 3 0x8000ece8 (0x00001f17) x30 0x8000fce8
core   0: 0x8000ecec (0x303f2c23) sw      gp, 792(t5)
core   0: 3 0x8000ecec (0x303f2c23) mem 0x80010000 0x00000001
core   0: 0x8000ecf0 (0x0000bfe5) c.j     pc - 8
core   0: 3 0x8000ecf0 (0xbfe5)
core   0: 0x8000ece8 (0x00001f17) auipc   t5, 0x1
core   0: 3 0x8000ece8 (0x00001f17) x30 0x8000fce8
core   0: 0x8000ecec (0x303f2c23) sw      gp, 792(t5)
core   0: 3 0x8000ecec (0x303f2c23) mem 0x80010000 0x00000001
core   0: 0x8000ecf0 (0x0000bfe5) c.j     pc - 8
core   0: 3 0x8000ecf0 (0xbfe5)
core   0: 0x8000ece8 (0x00001f17) auipc   t5, 0x1
core   0: 3 0x8000ece8 (0x00001f17) x30 0x8000fce8
core   0: 0x8000ecec (0x303f2c23) sw      gp, 792(t5)
core   0: 3 0x8000ecec (0x303f2c23) mem 0x80010000 0x00000001
core   0: 0x8000ecf0 (0x0000bfe5) c.j     pc - 8
core   0: 3 0x8000ecf0 (0xbfe5)
core   0: 0x8000ece8 (0x00001f17) auipc   t5, 0x1
core   0: 3 0x8000ece8 (0x00001f17) x30 0x8000fce8
core   0: 0x8000ecec (0x303f2c23) sw      gp, 792(t5)
core   0: 3 0x8000ecec (0x303f2c23) mem 0x80010000 0x00000001
core   0: 0x8000ecf0 (0x0000bfe5) c.j     pc - 8
core   0: 3 0x8000ecf0 (0xbfe5)
core   0: 0x8000ece8 (0x00001f17) auipc   t5, 0x1
core   0: 3 0x8000ece8 (0x00001f17) x30 0x8000fce8
core   0: 0x8000ecec (0x303f2c23) sw      gp, 792(t5)
core   0: 3 0x8000ecec (0x303f2c23) mem 0x80010000 0x00000001
core   0: 0x8000ecf0 (0x0000bfe5) c.j     pc - 8
core   0: 3 0x8000ecf0 (0xbfe5)
core   0: 0x8000ece8 (0x00001f17) auipc   t5, 0x1
core   0: 3 0x8000ece8 (0x00001f17) x30 0x8000fce8
core   0: 0x8000ecec (0x303f2c23) sw      gp, 792(t5)
core   0: 3 0x8000ecec (0x303f2c23) mem 0x80010000 0x00000001
core   0: 0x8000ecf0 (0x0000bfe5) c.j     pc - 8
core   0: 3 0x8000ecf0 (0xbfe5)
core   0: 0x8000ece8 (0x00001f17) auipc   t5, 0x1
core   0: 3 0x8000ece8 (0x00001f17) x30 0x8000fce8
core   0: 0x8000ecec (0x303f2c23) sw      gp, 792(t5)
core   0: 3 0x8000ecec (0x303f2c23) mem 0x80010000 0x00000001
core   0: 0x8000ecf0 (0x0000bfe5) c.j     pc - 8
core   0: 3 0x8000ecf0 (0xbfe5)
core   0: 0x8000ece8 (0x00001f17) auipc   t5, 0x1
core   0: 3 0x8000ece8 (0x00001f17) x30 0x8000fce8
core   0: 0x8000ecec (0x303f2c23) sw      gp, 792(t5)
core   0: 3 0x8000ecec (0x303f2c23) mem 0x80010000 0x00000001
core   0: 0x8000ecf0 (0x0000bfe5) c.j     pc - 8
core   0: 3 0x8000ecf0 (0xbfe5)
core   0: 0x8000ece8 (0x00001f17) auipc   t5, 0x1
core   0: 3 0x8000ece8 (0x00001f17) x30 0x8000fce8
core   0: 0x8000ecec (0x303f2c23) sw      gp, 792(t5)
core   0: 3 0x8000ecec (0x303f2c23) mem 0x80010000 0x00000001
core   0: 0x8000ecf0 (0x0000bfe5) c.j     pc - 8
core   0: 3 0x8000ecf0 (0xbfe5)
core   0: 0x8000ece8 (0x00001f17) auipc   t5, 0x1
core   0: 3 0x8000ece8 (0x00001f17) x30 0x8000fce8
core   0: 0x8000ecec (0x303f2c23) sw      gp, 792(t5)
core   0: 3 0x8000ecec (0x303f2c23) mem 0x80010000 0x00000001
core   0: 0x8000ecf0 (0x0000bfe5) c.j     pc - 8
core   0: 3 0x8000ecf0 (0xbfe5)
core   0: 0x8000ece8 (0x00001f17) auipc   t5, 0x1
core   0: 3 0x8000ece8 (0x00001f17) x30 0x8000fce8
core   0: 0x8000ecec (0x303f2c23) sw      gp, 792(t5)
core   0: 3 0x8000ecec (0x303f2c23) mem 0x80010000 0x00000001
core   0: 0x8000ecf0 (0x0000bfe5) c.j     pc - 8
core   0: 3 0x8000ecf0 (0xbfe5)
core   0: 0x8000ece8 (0x00001f17) auipc   t5, 0x1
core   0: 3 0x8000ece8 (0x00001f17) x30 0x8000fce8
core   0: 0x8000ecec (0x303f2c23) sw      gp, 792(t5)
core   0: 3 0x8000ecec (0x303f2c23) mem 0x80010000 0x00000001
core   0: 0x8000ecf0 (0x0000bfe5) c.j     pc - 8
core   0: 3 0x8000ecf0 (0xbfe5)
core   0: 0x8000ece8 (0x00001f17) auipc   t5, 0x1
core   0: 3 0x8000ece8 (0x00001f17) x30 0x8000fce8
core   0: 0x8000ecec (0x303f2c23) sw      gp, 792(t5)
core   0: 3 0x8000ecec (0x303f2c23) mem 0x80010000 0x00000001
core   0: 0x8000ecf0 (0x0000bfe5) c.j     pc - 8
core   0: 3 0x8000ecf0 (0xbfe5)
core   0: 0x8000ece8 (0x00001f17) auipc   t5, 0x1
core   0: 3 0x8000ece8 (0x00001f17) x30 0x8000fce8
core   0: 0x8000ecec (0x303f2c23) sw      gp, 792(t5)
core   0: 3 0x8000ecec (0x303f2c23) mem 0x80010000 0x00000001
core   0: 0x8000ecf0 (0x0000bfe5) c.j     pc - 8
core   0: 3 0x8000ecf0 (0xbfe5)
core   0: 0x8000ece8 (0x00001f17) auipc   t5, 0x1
core   0: 3 0x8000ece8 (0x00001f17) x30 0x8000fce8
core   0: 0x8000ecec (0x303f2c23) sw      gp, 792(t5)
core   0: 3 0x8000ecec (0x303f2c23) mem 0x80010000 0x00000001
core   0: 0x8000ecf0 (0x0000bfe5) c.j     pc - 8
core   0: 3 0x8000ecf0 (0xbfe5)
core   0: 0x8000ece8 (0x00001f17) auipc   t5, 0x1
core   0: 3 0x8000ece8 (0x00001f17) x30 0x8000fce8
core   0: 0x8000ecec (0x303f2c23) sw      gp, 792(t5)
core   0: 3 0x8000ecec (0x303f2c23) mem 0x80010000 0x00000001
core   0: 0x8000ecf0 (0x0000bfe5) c.j     pc - 8
core   0: 3 0x8000ecf0 (0xbfe5)
core   0: 0x8000ece8 (0x00001f17) auipc   t5, 0x1
core   0: 3 0x8000ece8 (0x00001f17) x30 0x8000fce8
core   0: 0x8000ecec (0x303f2c23) sw      gp, 792(t5)
core   0: 3 0x8000ecec (0x303f2c23) mem 0x80010000 0x00000001
core   0: 0x8000ecf0 (0x0000bfe5) c.j     pc - 8
core   0: 3 0x8000ecf0 (0xbfe5)
core   0: 0x8000ece8 (0x00001f17) auipc   t5, 0x1
core   0: 3 0x8000ece8 (0x00001f17) x30 0x8000fce8
core   0: 0x8000ecec (0x303f2c23) sw      gp, 792(t5)
core   0: 3 0x8000ecec (0x303f2c23) mem 0x80010000 0x00000001
core   0: 0x8000ecf0 (0x0000bfe5) c.j     pc - 8
core   0: 3 0x8000ecf0 (0xbfe5)
core   0: 0x8000ece8 (0x00001f17) auipc   t5, 0x1
core   0: 3 0x8000ece8 (0x00001f17) x30 0x8000fce8
core   0: 0x8000ecec (0x303f2c23) sw      gp, 792(t5)
core   0: 3 0x8000ecec (0x303f2c23) mem 0x80010000 0x00000001
core   0: 0x8000ecf0 (0x0000bfe5) c.j     pc - 8
core   0: 3 0x8000ecf0 (0xbfe5)
core   0: 0x8000ece8 (0x00001f17) auipc   t5, 0x1
core   0: 3 0x8000ece8 (0x00001f17) x30 0x8000fce8
core   0: 0x8000ecec (0x303f2c23) sw      gp, 792(t5)
core   0: 3 0x8000ecec (0x303f2c23) mem 0x80010000 0x00000001
core   0: 0x8000ecf0 (0x0000bfe5) c.j     pc - 8
core   0: 3 0x8000ecf0 (0xbfe5)
core   0: 0x8000ece8 (0x00001f17) auipc   t5, 0x1
core   0: 3 0x8000ece8 (0x00001f17) x30 0x8000fce8
core   0: 0x8000ecec (0x303f2c23) sw      gp, 792(t5)
core   0: 3 0x8000ecec (0x303f2c23) mem 0x80010000 0x00000001
core   0: 0x8000ecf0 (0x0000bfe5) c.j     pc - 8
core   0: 3 0x8000ecf0 (0xbfe5)
core   0: 0x8000ece8 (0x00001f17) auipc   t5, 0x1
core   0: 3 0x8000ece8 (0x00001f17) x30 0x8000fce8
core   0: 0x8000ecec (0x303f2c23) sw      gp, 792(t5)
core   0: 3 0x8000ecec (0x303f2c23) mem 0x80010000 0x00000001
core   0: 0x8000ecf0 (0x0000bfe5) c.j     pc - 8
core   0: 3 0x8000ecf0 (0xbfe5)
core   0: 0x8000ece8 (0x00001f17) auipc   t5, 0x1
core   0: 3 0x8000ece8 (0x00001f17) x30 0x8000fce8
core   0: 0x8000ecec (0x303f2c23) sw      gp, 792(t5)
core   0: 3 0x8000ecec (0x303f2c23) mem 0x80010000 0x00000001
core   0: 0x8000ecf0 (0x0000bfe5) c.j     pc - 8
core   0: 3 0x8000ecf0 (0xbfe5)
core   0: 0x8000ece8 (0x00001f17) auipc   t5, 0x1
core   0: 3 0x8000ece8 (0x00001f17) x30 0x8000fce8
core   0: 0x8000ecec (0x303f2c23) sw      gp, 792(t5)
core   0: 3 0x8000ecec (0x303f2c23) mem 0x80010000 0x00000001
core   0: 0x8000ecf0 (0x0000bfe5) c.j     pc - 8
core   0: 3 0x8000ecf0 (0xbfe5)
core   0: 0x8000ece8 (0x00001f17) auipc   t5, 0x1
core   0: 3 0x8000ece8 (0x00001f17) x30 0x8000fce8
core   0: 0x8000ecec (0x303f2c23) sw      gp, 792(t5)
core   0: 3 0x8000ecec (0x303f2c23) mem 0x80010000 0x00000001
core   0: 0x8000ecf0 (0x0000bfe5) c.j     pc - 8
core   0: 3 0x8000ecf0 (0xbfe5)
core   0: 0x8000ece8 (0x00001f17) auipc   t5, 0x1
core   0: 3 0x8000ece8 (0x00001f17) x30 0x8000fce8
core   0: 0x8000ecec (0x303f2c23) sw      gp, 792(t5)
core   0: 3 0x8000ecec (0x303f2c23) mem 0x80010000 0x00000001
core   0: 0x8000ecf0 (0x0000bfe5) c.j     pc - 8
core   0: 3 0x8000ecf0 (0xbfe5)
core   0: 0x8000ece8 (0x00001f17) auipc   t5, 0x1
core   0: 3 0x8000ece8 (0x00001f17) x30 0x8000fce8
core   0: 0x8000ecec (0x303f2c23) sw      gp, 792(t5)
core   0: 3 0x8000ecec (0x303f2c23) mem 0x80010000 0x00000001
core   0: 0x8000ecf0 (0x0000bfe5) c.j     pc - 8
core   0: 3 0x8000ecf0 (0xbfe5)
core   0: 0x8000ece8 (0x00001f17) auipc   t5, 0x1
core   0: 3 0x8000ece8 (0x00001f17) x30 0x8000fce8
core   0: 0x8000ecec (0x303f2c23) sw      gp, 792(t5)
core   0: 3 0x8000ecec (0x303f2c23) mem 0x80010000 0x00000001
core   0: 0x8000ecf0 (0x0000bfe5) c.j     pc - 8
core   0: 3 0x8000ecf0 (0xbfe5)
core   0: 0x8000ece8 (0x00001f17) auipc   t5, 0x1
core   0: 3 0x8000ece8 (0x00001f17) x30 0x8000fce8
core   0: 0x8000ecec (0x303f2c23) sw      gp, 792(t5)
core   0: 3 0x8000ecec (0x303f2c23) mem 0x80010000 0x00000001
core   0: 0x8000ecf0 (0x0000bfe5) c.j     pc - 8
core   0: 3 0x8000ecf0 (0xbfe5)
core   0: 0x8000ece8 (0x00001f17) auipc   t5, 0x1
core   0: 3 0x8000ece8 (0x00001f17) x30 0x8000fce8
core   0: 0x8000ecec (0x303f2c23) sw      gp, 792(t5)
core   0: 3 0x8000ecec (0x303f2c23) mem 0x80010000 0x00000001
core   0: 0x8000ecf0 (0x0000bfe5) c.j     pc - 8
core   0: 3 0x8000ecf0 (0xbfe5)
core   0: 0x8000ece8 (0x00001f17) auipc   t5, 0x1
core   0: 3 0x8000ece8 (0x00001f17) x30 0x8000fce8
core   0: 0x8000ecec (0x303f2c23) sw      gp, 792(t5)
core   0: 3 0x8000ecec (0x303f2c23) mem 0x80010000 0x00000001
core   0: 0x8000ecf0 (0x0000bfe5) c.j     pc - 8
core   0: 3 0x8000ecf0 (0xbfe5)
core   0: 0x8000ece8 (0x00001f17) auipc   t5, 0x1
core   0: 3 0x8000ece8 (0x00001f17) x30 0x8000fce8
core   0: 0x8000ecec (0x303f2c23) sw      gp, 792(t5)
core   0: 3 0x8000ecec (0x303f2c23) mem 0x80010000 0x00000001
core   0: 0x8000ecf0 (0x0000bfe5) c.j     pc - 8
core   0: 3 0x8000ecf0 (0xbfe5)
core   0: 0x8000ece8 (0x00001f17) auipc   t5, 0x1
core   0: 3 0x8000ece8 (0x00001f17) x30 0x8000fce8
core   0: 0x8000ecec (0x303f2c23) sw      gp, 792(t5)
core   0: 3 0x8000ecec (0x303f2c23) mem 0x80010000 0x00000001
core   0: 0x8000ecf0 (0x0000bfe5) c.j     pc - 8
core   0: 3 0x8000ecf0 (0xbfe5)
core   0: 0x8000ece8 (0x00001f17) auipc   t5, 0x1
core   0: 3 0x8000ece8 (0x00001f17) x30 0x8000fce8
core   0: 0x8000ecec (0x303f2c23) sw      gp, 792(t5)
core   0: 3 0x8000ecec (0x303f2c23) mem 0x80010000 0x00000001
core   0: 0x8000ecf0 (0x0000bfe5) c.j     pc - 8
core   0: 3 0x8000ecf0 (0xbfe5)
core   0: 0x8000ece8 (0x00001f17) auipc   t5, 0x1
core   0: 3 0x8000ece8 (0x00001f17) x30 0x8000fce8
core   0: 0x8000ecec (0x303f2c23) sw      gp, 792(t5)
core   0: 3 0x8000ecec (0x303f2c23) mem 0x80010000 0x00000001
core   0: 0x8000ecf0 (0x0000bfe5) c.j     pc - 8
core   0: 3 0x8000ecf0 (0xbfe5)
core   0: 0x8000ece8 (0x00001f17) auipc   t5, 0x1
core   0: 3 0x8000ece8 (0x00001f17) x30 0x8000fce8
core   0: 0x8000ecec (0x303f2c23) sw      gp, 792(t5)
core   0: 3 0x8000ecec (0x303f2c23) mem 0x80010000 0x00000001
core   0: 0x8000ecf0 (0x0000bfe5) c.j     pc - 8
core   0: 3 0x8000ecf0 (0xbfe5)
core   0: 0x8000ece8 (0x00001f17) auipc   t5, 0x1
core   0: 3 0x8000ece8 (0x00001f17) x30 0x8000fce8
core   0: 0x8000ecec (0x303f2c23) sw      gp, 792(t5)
core   0: 3 0x8000ecec (0x303f2c23) mem 0x80010000 0x00000001
core   0: 0x8000ecf0 (0x0000bfe5) c.j     pc - 8
core   0: 3 0x8000ecf0 (0xbfe5)
core   0: 0x8000ece8 (0x00001f17) auipc   t5, 0x1
core   0: 3 0x8000ece8 (0x00001f17) x30 0x8000fce8
core   0: 0x8000ecec (0x303f2c23) sw      gp, 792(t5)
core   0: 3 0x8000ecec (0x303f2c23) mem 0x80010000 0x00000001
core   0: 0x8000ecf0 (0x0000bfe5) c.j     pc - 8
core   0: 3 0x8000ecf0 (0xbfe5)
core   0: 0x8000ece8 (0x00001f17) auipc   t5, 0x1
core   0: 3 0x8000ece8 (0x00001f17) x30 0x8000fce8
core   0: 0x8000ecec (0x303f2c23) sw      gp, 792(t5)
core   0: 3 0x8000ecec (0x303f2c23) mem 0x80010000 0x00000001
core   0: 0x8000ecf0 (0x0000bfe5) c.j     pc - 8
core   0: 3 0x8000ecf0 (0xbfe5)
core   0: 0x8000ece8 (0x00001f17) auipc   t5, 0x1
core   0: 3 0x8000ece8 (0x00001f17) x30 0x8000fce8
core   0: 0x8000ecec (0x303f2c23) sw      gp, 792(t5)
core   0: 3 0x8000ecec (0x303f2c23) mem 0x80010000 0x00000001
core   0: 0x8000ecf0 (0x0000bfe5) c.j     pc - 8
core   0: 3 0x8000ecf0 (0xbfe5)
core   0: 0x8000ece8 (0x00001f17) auipc   t5, 0x1
core   0: 3 0x8000ece8 (0x00001f17) x30 0x8000fce8
core   0: 0x8000ecec (0x303f2c23) sw      gp, 792(t5)
core   0: 3 0x8000ecec (0x303f2c23) mem 0x80010000 0x00000001
core   0: 0x8000ecf0 (0x0000bfe5) c.j     pc - 8
core   0: 3 0x8000ecf0 (0xbfe5)
core   0: 0x8000ece8 (0x00001f17) auipc   t5, 0x1
core   0: 3 0x8000ece8 (0x00001f17) x30 0x8000fce8
core   0: 0x8000ecec (0x303f2c23) sw      gp, 792(t5)
core   0: 3 0x8000ecec (0x303f2c23) mem 0x80010000 0x00000001
core   0: 0x8000ecf0 (0x0000bfe5) c.j     pc - 8
core   0: 3 0x8000ecf0 (0xbfe5)
core   0: 0x8000ece8 (0x00001f17) auipc   t5, 0x1
core   0: 3 0x8000ece8 (0x00001f17) x30 0x8000fce8
core   0: 0x8000ecec (0x303f2c23) sw      gp, 792(t5)
core   0: 3 0x8000ecec (0x303f2c23) mem 0x80010000 0x00000001
core   0: 0x8000ecf0 (0x0000bfe5) c.j     pc - 8
core   0: 3 0x8000ecf0 (0xbfe5)
core   0: 0x8000ece8 (0x00001f17) auipc   t5, 0x1
core   0: 3 0x8000ece8 (0x00001f17) x30 0x8000fce8
core   0: 0x8000ecec (0x303f2c23) sw      gp, 792(t5)
core   0: 3 0x8000ecec (0x303f2c23) mem 0x80010000 0x00000001
core   0: 0x8000ecf0 (0x0000bfe5) c.j     pc - 8
core   0: 3 0x8000ecf0 (0xbfe5)
core   0: 0x8000ece8 (0x00001f17) auipc   t5, 0x1
core   0: 3 0x8000ece8 (0x00001f17) x30 0x8000fce8
core   0: 0x8000ecec (0x303f2c23) sw      gp, 792(t5)
core   0: 3 0x8000ecec (0x303f2c23) mem 0x80010000 0x00000001
core   0: 0x8000ecf0 (0x0000bfe5) c.j     pc - 8
core   0: 3 0x8000ecf0 (0xbfe5)
core   0: 0x8000ece8 (0x00001f17) auipc   t5, 0x1
core   0: 3 0x8000ece8 (0x00001f17) x30 0x8000fce8
core   0: 0x8000ecec (0x303f2c23) sw      gp, 792(t5)
core   0: 3 0x8000ecec (0x303f2c23) mem 0x80010000 0x00000001
core   0: 0x8000ecf0 (0x0000bfe5) c.j     pc - 8
core   0: 3 0x8000ecf0 (0xbfe5)
core   0: 0x8000ece8 (0x00001f17) auipc   t5, 0x1
core   0: 3 0x8000ece8 (0x00001f17) x30 0x8000fce8
core   0: 0x8000ecec (0x303f2c23) sw      gp, 792(t5)
core   0: 3 0x8000ecec (0x303f2c23) mem 0x80010000 0x00000001
core   0: 0x8000ecf0 (0x0000bfe5) c.j     pc - 8
core   0: 3 0x8000ecf0 (0xbfe5)
core   0: 0x8000ece8 (0x00001f17) auipc   t5, 0x1
core   0: 3 0x8000ece8 (0x00001f17) x30 0x8000fce8
core   0: 0x8000ecec (0x303f2c23) sw      gp, 792(t5)
core   0: 3 0x8000ecec (0x303f2c23) mem 0x80010000 0x00000001
core   0: 0x8000ecf0 (0x0000bfe5) c.j     pc - 8
core   0: 3 0x8000ecf0 (0xbfe5)
core   0: 0x8000ece8 (0x00001f17) auipc   t5, 0x1
core   0: 3 0x8000ece8 (0x00001f17) x30 0x8000fce8
core   0: 0x8000ecec (0x303f2c23) sw      gp, 792(t5)
core   0: 3 0x8000ecec (0x303f2c23) mem 0x80010000 0x00000001
core   0: 0x8000ecf0 (0x0000bfe5) c.j     pc - 8
core   0: 3 0x8000ecf0 (0xbfe5)
core   0: 0x8000ece8 (0x00001f17) auipc   t5, 0x1
core   0: 3 0x8000ece8 (0x00001f17) x30 0x8000fce8
core   0: 0x8000ecec (0x303f2c23) sw      gp, 792(t5)
core   0: 3 0x8000ecec (0x303f2c23) mem 0x80010000 0x00000001
core   0: 0x8000ecf0 (0x0000bfe5) c.j     pc - 8
core   0: 3 0x8000ecf0 (0xbfe5)
core   0: 0x8000ece8 (0x00001f17) auipc   t5, 0x1
core   0: 3 0x8000ece8 (0x00001f17) x30 0x8000fce8
core   0: 0x8000ecec (0x303f2c23) sw      gp, 792(t5)
core   0: 3 0x8000ecec (0x303f2c23) mem 0x80010000 0x00000001
core   0: 0x8000ecf0 (0x0000bfe5) c.j     pc - 8
core   0: 3 0x8000ecf0 (0xbfe5)
core   0: 0x8000ece8 (0x00001f17) auipc   t5, 0x1
core   0: 3 0x8000ece8 (0x00001f17) x30 0x8000fce8
core   0: 0x8000ecec (0x303f2c23) sw      gp, 792(t5)
core   0: 3 0x8000ecec (0x303f2c23) mem 0x80010000 0x00000001
core   0: 0x8000ecf0 (0x0000bfe5) c.j     pc - 8
core   0: 3 0x8000ecf0 (0xbfe5)
core   0: 0x8000ece8 (0x00001f17) auipc   t5, 0x1
core   0: 3 0x8000ece8 (0x00001f17) x30 0x8000fce8
core   0: 0x8000ecec (0x303f2c23) sw      gp, 792(t5)
core   0: 3 0x8000ecec (0x303f2c23) mem 0x80010000 0x00000001
core   0: 0x8000ecf0 (0x0000bfe5) c.j     pc - 8
core   0: 3 0x8000ecf0 (0xbfe5)
core   0: 0x8000ece8 (0x00001f17) auipc   t5, 0x1
core   0: 3 0x8000ece8 (0x00001f17) x30 0x8000fce8
core   0: 0x8000ecec (0x303f2c23) sw      gp, 792(t5)
core   0: 3 0x8000ecec (0x303f2c23) mem 0x80010000 0x00000001
core   0: 0x8000ecf0 (0x0000bfe5) c.j     pc - 8
core   0: 3 0x8000ecf0 (0xbfe5)
core   0: 0x8000ece8 (0x00001f17) auipc   t5, 0x1
core   0: 3 0x8000ece8 (0x00001f17) x30 0x8000fce8
core   0: 0x8000ecec (0x303f2c23) sw      gp, 792(t5)
core   0: 3 0x8000ecec (0x303f2c23) mem 0x80010000 0x00000001
core   0: 0x8000ecf0 (0x0000bfe5) c.j     pc - 8
core   0: 3 0x8000ecf0 (0xbfe5)
core   0: 0x8000ece8 (0x00001f17) auipc   t5, 0x1
core   0: 3 0x8000ece8 (0x00001f17) x30 0x8000fce8
core   0: 0x8000ecec (0x303f2c23) sw      gp, 792(t5)
core   0: 3 0x8000ecec (0x303f2c23) mem 0x80010000 0x00000001
core   0: 0x8000ecf0 (0x0000bfe5) c.j     pc - 8
core   0: 3 0x8000ecf0 (0xbfe5)
core   0: 0x8000ece8 (0x00001f17) auipc   t5, 0x1
core   0: 3 0x8000ece8 (0x00001f17) x30 0x8000fce8
core   0: 0x8000ecec (0x303f2c23) sw      gp, 792(t5)
core   0: 3 0x8000ecec (0x303f2c23) mem 0x80010000 0x00000001
core   0: 0x8000ecf0 (0x0000bfe5) c.j     pc - 8
core   0: 3 0x8000ecf0 (0xbfe5)
core   0: 0x8000ece8 (0x00001f17) auipc   t5, 0x1
core   0: 3 0x8000ece8 (0x00001f17) x30 0x8000fce8
core   0: 0x8000ecec (0x303f2c23) sw      gp, 792(t5)
core   0: 3 0x8000ecec (0x303f2c23) mem 0x80010000 0x00000001
core   0: 0x8000ecf0 (0x0000bfe5) c.j     pc - 8
core   0: 3 0x8000ecf0 (0xbfe5)
core   0: 0x8000ece8 (0x00001f17) auipc   t5, 0x1
core   0: 3 0x8000ece8 (0x00001f17) x30 0x8000fce8
core   0: 0x8000ecec (0x303f2c23) sw      gp, 792(t5)
core   0: 3 0x8000ecec (0x303f2c23) mem 0x80010000 0x00000001
core   0: 0x8000ecf0 (0x0000bfe5) c.j     pc - 8
core   0: 3 0x8000ecf0 (0xbfe5)
core   0: 0x8000ece8 (0x00001f17) auipc   t5, 0x1
core   0: 3 0x8000ece8 (0x00001f17) x30 0x8000fce8
core   0: 0x8000ecec (0x303f2c23) sw      gp, 792(t5)
core   0: 3 0x8000ecec (0x303f2c23) mem 0x80010000 0x00000001
core   0: 0x8000ecf0 (0x0000bfe5) c.j     pc - 8
core   0: 3 0x8000ecf0 (0xbfe5)
core   0: 0x8000ece8 (0x00001f17) auipc   t5, 0x1
core   0: 3 0x8000ece8 (0x00001f17) x30 0x8000fce8
core   0: 0x8000ecec (0x303f2c23) sw      gp, 792(t5)
core   0: 3 0x8000ecec (0x303f2c23) mem 0x80010000 0x00000001
core   0: 0x8000ecf0 (0x0000bfe5) c.j     pc - 8
core   0: 3 0x8000ecf0 (0xbfe5)
core   0: 0x8000ece8 (0x00001f17) auipc   t5, 0x1
core   0: 3 0x8000ece8 (0x00001f17) x30 0x8000fce8
core   0: 0x8000ecec (0x303f2c23) sw      gp, 792(t5)
core   0: 3 0x8000ecec (0x303f2c23) mem 0x80010000 0x00000001
core   0: 0x8000ecf0 (0x0000bfe5) c.j     pc - 8
core   0: 3 0x8000ecf0 (0xbfe5)
core   0: 0x8000ece8 (0x00001f17) auipc   t5, 0x1
core   0: 3 0x8000ece8 (0x00001f17) x30 0x8000fce8
core   0: 0x8000ecec (0x303f2c23) sw      gp, 792(t5)
core   0: 3 0x8000ecec (0x303f2c23) mem 0x80010000 0x00000001
core   0: 0x8000ecf0 (0x0000bfe5) c.j     pc - 8
core   0: 3 0x8000ecf0 (0xbfe5)
core   0: 0x8000ece8 (0x00001f17) auipc   t5, 0x1
core   0: 3 0x8000ece8 (0x00001f17) x30 0x8000fce8
core   0: 0x8000ecec (0x303f2c23) sw      gp, 792(t5)
core   0: 3 0x8000ecec (0x303f2c23) mem 0x80010000 0x00000001
core   0: 0x8000ecf0 (0x0000bfe5) c.j     pc - 8
core   0: 3 0x8000ecf0 (0xbfe5)
core   0: 0x8000ece8 (0x00001f17) auipc   t5, 0x1
core   0: 3 0x8000ece8 (0x00001f17) x30 0x8000fce8
core   0: 0x8000ecec (0x303f2c23) sw      gp, 792(t5)
core   0: 3 0x8000ecec (0x303f2c23) mem 0x80010000 0x00000001
core   0: 0x8000ecf0 (0x0000bfe5) c.j     pc - 8
core   0: 3 0x8000ecf0 (0xbfe5)
core   0: 0x8000ece8 (0x00001f17) auipc   t5, 0x1
core   0: 3 0x8000ece8 (0x00001f17) x30 0x8000fce8
core   0: 0x8000ecec (0x303f2c23) sw      gp, 792(t5)
core   0: 3 0x8000ecec (0x303f2c23) mem 0x80010000 0x00000001
core   0: 0x8000ecf0 (0x0000bfe5) c.j     pc - 8
core   0: 3 0x8000ecf0 (0xbfe5)
core   0: 0x8000ece8 (0x00001f17) auipc   t5, 0x1
core   0: 3 0x8000ece8 (0x00001f17) x30 0x8000fce8
core   0: 0x8000ecec (0x303f2c23) sw      gp, 792(t5)
core   0: 3 0x8000ecec (0x303f2c23) mem 0x80010000 0x00000001
core   0: 0x8000ecf0 (0x0000bfe5) c.j     pc - 8
core   0: 3 0x8000ecf0 (0xbfe5)
core   0: 0x8000ece8 (0x00001f17) auipc   t5, 0x1
core   0: 3 0x8000ece8 (0x00001f17) x30 0x8000fce8
core   0: 0x8000ecec (0x303f2c23) sw      gp, 792(t5)
core   0: 3 0x8000ecec (0x303f2c23) mem 0x80010000 0x00000001
core   0: 0x8000ecf0 (0x0000bfe5) c.j     pc - 8
core   0: 3 0x8000ecf0 (0xbfe5)
core   0: 0x8000ece8 (0x00001f17) auipc   t5, 0x1
core   0: 3 0x8000ece8 (0x00001f17) x30 0x8000fce8
core   0: 0x8000ecec (0x303f2c23) sw      gp, 792(t5)
core   0: 3 0x8000ecec (0x303f2c23) mem 0x80010000 0x00000001
core   0: 0x8000ecf0 (0x0000bfe5) c.j     pc - 8
core   0: 3 0x8000ecf0 (0xbfe5)
core   0: 0x8000ece8 (0x00001f17) auipc   t5, 0x1
core   0: 3 0x8000ece8 (0x00001f17) x30 0x8000fce8
core   0: 0x8000ecec (0x303f2c23) sw      gp, 792(t5)
core   0: 3 0x8000ecec (0x303f2c23) mem 0x80010000 0x00000001
core   0: 0x8000ecf0 (0x0000bfe5) c.j     pc - 8
core   0: 3 0x8000ecf0 (0xbfe5)
core   0: 0x8000ece8 (0x00001f17) auipc   t5, 0x1
core   0: 3 0x8000ece8 (0x00001f17) x30 0x8000fce8
core   0: 0x8000ecec (0x303f2c23) sw      gp, 792(t5)
core   0: 3 0x8000ecec (0x303f2c23) mem 0x80010000 0x00000001
core   0: 0x8000ecf0 (0x0000bfe5) c.j     pc - 8
core   0: 3 0x8000ecf0 (0xbfe5)
core   0: 0x8000ece8 (0x00001f17) auipc   t5, 0x1
core   0: 3 0x8000ece8 (0x00001f17) x30 0x8000fce8
core   0: 0x8000ecec (0x303f2c23) sw      gp, 792(t5)
core   0: 3 0x8000ecec (0x303f2c23) mem 0x80010000 0x00000001
core   0: 0x8000ecf0 (0x0000bfe5) c.j     pc - 8
core   0: 3 0x8000ecf0 (0xbfe5)
core   0: 0x8000ece8 (0x00001f17) auipc   t5, 0x1
core   0: 3 0x8000ece8 (0x00001f17) x30 0x8000fce8
core   0: 0x8000ecec (0x303f2c23) sw      gp, 792(t5)
core   0: 3 0x8000ecec (0x303f2c23) mem 0x80010000 0x00000001
core   0: 0x8000ecf0 (0x0000bfe5) c.j     pc - 8
core   0: 3 0x8000ecf0 (0xbfe5)
core   0: 0x8000ece8 (0x00001f17) auipc   t5, 0x1
core   0: 3 0x8000ece8 (0x00001f17) x30 0x8000fce8
core   0: 0x8000ecec (0x303f2c23) sw      gp, 792(t5)
core   0: 3 0x8000ecec (0x303f2c23) mem 0x80010000 0x00000001
core   0: 0x8000ecf0 (0x0000bfe5) c.j     pc - 8
core   0: 3 0x8000ecf0 (0xbfe5)
core   0: 0x8000ece8 (0x00001f17) auipc   t5, 0x1
core   0: 3 0x8000ece8 (0x00001f17) x30 0x8000fce8
core   0: 0x8000ecec (0x303f2c23) sw      gp, 792(t5)
core   0: 3 0x8000ecec (0x303f2c23) mem 0x80010000 0x00000001
core   0: 0x8000ecf0 (0x0000bfe5) c.j     pc - 8
core   0: 3 0x8000ecf0 (0xbfe5)
core   0: 0x8000ece8 (0x00001f17) auipc   t5, 0x1
core   0: 3 0x8000ece8 (0x00001f17) x30 0x8000fce8
core   0: 0x8000ecec (0x303f2c23) sw      gp, 792(t5)
core   0: 3 0x8000ecec (0x303f2c23) mem 0x80010000 0x00000001
core   0: 0x8000ecf0 (0x0000bfe5) c.j     pc - 8
core   0: 3 0x8000ecf0 (0xbfe5)
core   0: 0x8000ece8 (0x00001f17) auipc   t5, 0x1
core   0: 3 0x8000ece8 (0x00001f17) x30 0x8000fce8
core   0: 0x8000ecec (0x303f2c23) sw      gp, 792(t5)
core   0: 3 0x8000ecec (0x303f2c23) mem 0x80010000 0x00000001
core   0: 0x8000ecf0 (0x0000bfe5) c.j     pc - 8
core   0: 3 0x8000ecf0 (0xbfe5)
core   0: 0x8000ece8 (0x00001f17) auipc   t5, 0x1
core   0: 3 0x8000ece8 (0x00001f17) x30 0x8000fce8
core   0: 0x8000ecec (0x303f2c23) sw      gp, 792(t5)
core   0: 3 0x8000ecec (0x303f2c23) mem 0x80010000 0x00000001
core   0: 0x8000ecf0 (0x0000bfe5) c.j     pc - 8
core   0: 3 0x8000ecf0 (0xbfe5)
core   0: 0x8000ece8 (0x00001f17) auipc   t5, 0x1
core   0: 3 0x8000ece8 (0x00001f17) x30 0x8000fce8
core   0: 0x8000ecec (0x303f2c23) sw      gp, 792(t5)
core   0: 3 0x8000ecec (0x303f2c23) mem 0x80010000 0x00000001
core   0: 0x8000ecf0 (0x0000bfe5) c.j     pc - 8
core   0: 3 0x8000ecf0 (0xbfe5)
core   0: 0x8000ece8 (0x00001f17) auipc   t5, 0x1
core   0: 3 0x8000ece8 (0x00001f17) x30 0x8000fce8
core   0: 0x8000ecec (0x303f2c23) sw      gp, 792(t5)
core   0: 3 0x8000ecec (0x303f2c23) mem 0x80010000 0x00000001
core   0: 0x8000ecf0 (0x0000bfe5) c.j     pc - 8
core   0: 3 0x8000ecf0 (0xbfe5)
core   0: 0x8000ece8 (0x00001f17) auipc   t5, 0x1
core   0: 3 0x8000ece8 (0x00001f17) x30 0x8000fce8
core   0: 0x8000ecec (0x303f2c23) sw      gp, 792(t5)
core   0: 3 0x8000ecec (0x303f2c23) mem 0x80010000 0x00000001
core   0: 0x8000ecf0 (0x0000bfe5) c.j     pc - 8
core   0: 3 0x8000ecf0 (0xbfe5)
core   0: 0x8000ece8 (0x00001f17) auipc   t5, 0x1
core   0: 3 0x8000ece8 (0x00001f17) x30 0x8000fce8
core   0: 0x8000ecec (0x303f2c23) sw      gp, 792(t5)
core   0: 3 0x8000ecec (0x303f2c23) mem 0x80010000 0x00000001
core   0: 0x8000ecf0 (0x0000bfe5) c.j     pc - 8
core   0: 3 0x8000ecf0 (0xbfe5)
core   0: 0x8000ece8 (0x00001f17) auipc   t5, 0x1
core   0: 3 0x8000ece8 (0x00001f17) x30 0x8000fce8
core   0: 0x8000ecec (0x303f2c23) sw      gp, 792(t5)
core   0: 3 0x8000ecec (0x303f2c23) mem 0x80010000 0x00000001
core   0: 0x8000ecf0 (0x0000bfe5) c.j     pc - 8
core   0: 3 0x8000ecf0 (0xbfe5)
core   0: 0x8000ece8 (0x00001f17) auipc   t5, 0x1
core   0: 3 0x8000ece8 (0x00001f17) x30 0x8000fce8
core   0: 0x8000ecec (0x303f2c23) sw      gp, 792(t5)
core   0: 3 0x8000ecec (0x303f2c23) mem 0x80010000 0x00000001
core   0: 0x8000ecf0 (0x0000bfe5) c.j     pc - 8
core   0: 3 0x8000ecf0 (0xbfe5)
core   0: 0x8000ece8 (0x00001f17) auipc   t5, 0x1
core   0: 3 0x8000ece8 (0x00001f17) x30 0x8000fce8
core   0: 0x8000ecec (0x303f2c23) sw      gp, 792(t5)
core   0: 3 0x8000ecec (0x303f2c23) mem 0x80010000 0x00000001
core   0: 0x8000ecf0 (0x0000bfe5) c.j     pc - 8
core   0: 3 0x8000ecf0 (0xbfe5)
core   0: 0x8000ece8 (0x00001f17) auipc   t5, 0x1
core   0: 3 0x8000ece8 (0x00001f17) x30 0x8000fce8
core   0: 0x8000ecec (0x303f2c23) sw      gp, 792(t5)
core   0: 3 0x8000ecec (0x303f2c23) mem 0x80010000 0x00000001
core   0: 0x8000ecf0 (0x0000bfe5) c.j     pc - 8
core   0: 3 0x8000ecf0 (0xbfe5)
core   0: 0x8000ece8 (0x00001f17) auipc   t5, 0x1
core   0: 3 0x8000ece8 (0x00001f17) x30 0x8000fce8
core   0: 0x8000ecec (0x303f2c23) sw      gp, 792(t5)
core   0: 3 0x8000ecec (0x303f2c23) mem 0x80010000 0x00000001
core   0: 0x8000ecf0 (0x0000bfe5) c.j     pc - 8
core   0: 3 0x8000ecf0 (0xbfe5)
core   0: 0x8000ece8 (0x00001f17) auipc   t5, 0x1
core   0: 3 0x8000ece8 (0x00001f17) x30 0x8000fce8
core   0: 0x8000ecec (0x303f2c23) sw      gp, 792(t5)
core   0: 3 0x8000ecec (0x303f2c23) mem 0x80010000 0x00000001
core   0: 0x8000ecf0 (0x0000bfe5) c.j     pc - 8
core   0: 3 0x8000ecf0 (0xbfe5)
core   0: 0x8000ece8 (0x00001f17) auipc   t5, 0x1
core   0: 3 0x8000ece8 (0x00001f17) x30 0x8000fce8
core   0: 0x8000ecec (0x303f2c23) sw      gp, 792(t5)
core   0: 3 0x8000ecec (0x303f2c23) mem 0x80010000 0x00000001
core   0: 0x8000ecf0 (0x0000bfe5) c.j     pc - 8
core   0: 3 0x8000ecf0 (0xbfe5)
core   0: 0x8000ece8 (0x00001f17) auipc   t5, 0x1
core   0: 3 0x8000ece8 (0x00001f17) x30 0x8000fce8
core   0: 0x8000ecec (0x303f2c23) sw      gp, 792(t5)
core   0: 3 0x8000ecec (0x303f2c23) mem 0x80010000 0x00000001
core   0: 0x8000ecf0 (0x0000bfe5) c.j     pc - 8
core   0: 3 0x8000ecf0 (0xbfe5)
core   0: 0x8000ece8 (0x00001f17) auipc   t5, 0x1
core   0: 3 0x8000ece8 (0x00001f17) x30 0x8000fce8
core   0: 0x8000ecec (0x303f2c23) sw      gp, 792(t5)
core   0: 3 0x8000ecec (0x303f2c23) mem 0x80010000 0x00000001
core   0: 0x8000ecf0 (0x0000bfe5) c.j     pc - 8
core   0: 3 0x8000ecf0 (0xbfe5)
core   0: 0x8000ece8 (0x00001f17) auipc   t5, 0x1
core   0: 3 0x8000ece8 (0x00001f17) x30 0x8000fce8
core   0: 0x8000ecec (0x303f2c23) sw      gp, 792(t5)
core   0: 3 0x8000ecec (0x303f2c23) mem 0x80010000 0x00000001
core   0: 0x8000ecf0 (0x0000bfe5) c.j     pc - 8
core   0: 3 0x8000ecf0 (0xbfe5)
core   0: 0x8000ece8 (0x00001f17) auipc   t5, 0x1
core   0: 3 0x8000ece8 (0x00001f17) x30 0x8000fce8
core   0: 0x8000ecec (0x303f2c23) sw      gp, 792(t5)
core   0: 3 0x8000ecec (0x303f2c23) mem 0x80010000 0x00000001
core   0: 0x8000ecf0 (0x0000bfe5) c.j     pc - 8
core   0: 3 0x8000ecf0 (0xbfe5)
core   0: 0x8000ece8 (0x00001f17) auipc   t5, 0x1
core   0: 3 0x8000ece8 (0x00001f17) x30 0x8000fce8
core   0: 0x8000ecec (0x303f2c23) sw      gp, 792(t5)
core   0: 3 0x8000ecec (0x303f2c23) mem 0x80010000 0x00000001
core   0: 0x8000ecf0 (0x0000bfe5) c.j     pc - 8
core   0: 3 0x8000ecf0 (0xbfe5)
core   0: 0x8000ece8 (0x00001f17) auipc   t5, 0x1
core   0: 3 0x8000ece8 (0x00001f17) x30 0x8000fce8
core   0: 0x8000ecec (0x303f2c23) sw      gp, 792(t5)
core   0: 3 0x8000ecec (0x303f2c23) mem 0x80010000 0x00000001
core   0: 0x8000ecf0 (0x0000bfe5) c.j     pc - 8
core   0: 3 0x8000ecf0 (0xbfe5)
core   0: 0x8000ece8 (0x00001f17) auipc   t5, 0x1
core   0: 3 0x8000ece8 (0x00001f17) x30 0x8000fce8
core   0: 0x8000ecec (0x303f2c23) sw      gp, 792(t5)
core   0: 3 0x8000ecec (0x303f2c23) mem 0x80010000 0x00000001
core   0: 0x8000ecf0 (0x0000bfe5) c.j     pc - 8
core   0: 3 0x8000ecf0 (0xbfe5)
core   0: 0x8000ece8 (0x00001f17) auipc   t5, 0x1
core   0: 3 0x8000ece8 (0x00001f17) x30 0x8000fce8
core   0: 0x8000ecec (0x303f2c23) sw      gp, 792(t5)
core   0: 3 0x8000ecec (0x303f2c23) mem 0x80010000 0x00000001
core   0: 0x8000ecf0 (0x0000bfe5) c.j     pc - 8
core   0: 3 0x8000ecf0 (0xbfe5)
core   0: 0x8000ece8 (0x00001f17) auipc   t5, 0x1
core   0: 3 0x8000ece8 (0x00001f17) x30 0x8000fce8
core   0: 0x8000ecec (0x303f2c23) sw      gp, 792(t5)
core   0: 3 0x8000ecec (0x303f2c23) mem 0x80010000 0x00000001
core   0: 0x8000ecf0 (0x0000bfe5) c.j     pc - 8
core   0: 3 0x8000ecf0 (0xbfe5)
core   0: 0x8000ece8 (0x00001f17) auipc   t5, 0x1
core   0: 3 0x8000ece8 (0x00001f17) x30 0x8000fce8
core   0: 0x8000ecec (0x303f2c23) sw      gp, 792(t5)
core   0: 3 0x8000ecec (0x303f2c23) mem 0x80010000 0x00000001
core   0: 0x8000ecf0 (0x0000bfe5) c.j     pc - 8
core   0: 3 0x8000ecf0 (0xbfe5)
core   0: 0x8000ece8 (0x00001f17) auipc   t5, 0x1
core   0: 3 0x8000ece8 (0x00001f17) x30 0x8000fce8
core   0: 0x8000ecec (0x303f2c23) sw      gp, 792(t5)
core   0: 3 0x8000ecec (0x303f2c23) mem 0x80010000 0x00000001
core   0: 0x8000ecf0 (0x0000bfe5) c.j     pc - 8
core   0: 3 0x8000ecf0 (0xbfe5)
core   0: 0x8000ece8 (0x00001f17) auipc   t5, 0x1
core   0: 3 0x8000ece8 (0x00001f17) x30 0x8000fce8
core   0: 0x8000ecec (0x303f2c23) sw      gp, 792(t5)
core   0: 3 0x8000ecec (0x303f2c23) mem 0x80010000 0x00000001
core   0: 0x8000ecf0 (0x0000bfe5) c.j     pc - 8
core   0: 3 0x8000ecf0 (0xbfe5)
core   0: 0x8000ece8 (0x00001f17) auipc   t5, 0x1
core   0: 3 0x8000ece8 (0x00001f17) x30 0x8000fce8
core   0: 0x8000ecec (0x303f2c23) sw      gp, 792(t5)
core   0: 3 0x8000ecec (0x303f2c23) mem 0x80010000 0x00000001
core   0: 0x8000ecf0 (0x0000bfe5) c.j     pc - 8
core   0: 3 0x8000ecf0 (0xbfe5)
core   0: 0x8000ece8 (0x00001f17) auipc   t5, 0x1
core   0: 3 0x8000ece8 (0x00001f17) x30 0x8000fce8
core   0: 0x8000ecec (0x303f2c23) sw      gp, 792(t5)
core   0: 3 0x8000ecec (0x303f2c23) mem 0x80010000 0x00000001
core   0: 0x8000ecf0 (0x0000bfe5) c.j     pc - 8
core   0: 3 0x8000ecf0 (0xbfe5)
core   0: 0x8000ece8 (0x00001f17) auipc   t5, 0x1
core   0: 3 0x8000ece8 (0x00001f17) x30 0x8000fce8
core   0: 0x8000ecec (0x303f2c23) sw      gp, 792(t5)
core   0: 3 0x8000ecec (0x303f2c23) mem 0x80010000 0x00000001
core   0: 0x8000ecf0 (0x0000bfe5) c.j     pc - 8
core   0: 3 0x8000ecf0 (0xbfe5)
core   0: 0x8000ece8 (0x00001f17) auipc   t5, 0x1
core   0: 3 0x8000ece8 (0x00001f17) x30 0x8000fce8
core   0: 0x8000ecec (0x303f2c23) sw      gp, 792(t5)
core   0: 3 0x8000ecec (0x303f2c23) mem 0x80010000 0x00000001
core   0: 0x8000ecf0 (0x0000bfe5) c.j     pc - 8
core   0: 3 0x8000ecf0 (0xbfe5)
core   0: 0x8000ece8 (0x00001f17) auipc   t5, 0x1
core   0: 3 0x8000ece8 (0x00001f17) x30 0x8000fce8
core   0: 0x8000ecec (0x303f2c23) sw      gp, 792(t5)
core   0: 3 0x8000ecec (0x303f2c23) mem 0x80010000 0x00000001
core   0: 0x8000ecf0 (0x0000bfe5) c.j     pc - 8
core   0: 3 0x8000ecf0 (0xbfe5)
core   0: 0x8000ece8 (0x00001f17) auipc   t5, 0x1
core   0: 3 0x8000ece8 (0x00001f17) x30 0x8000fce8
core   0: 0x8000ecec (0x303f2c23) sw      gp, 792(t5)
core   0: 3 0x8000ecec (0x303f2c23) mem 0x80010000 0x00000001
core   0: 0x8000ecf0 (0x0000bfe5) c.j     pc - 8
core   0: 3 0x8000ecf0 (0xbfe5)
core   0: 0x8000ece8 (0x00001f17) auipc   t5, 0x1
core   0: 3 0x8000ece8 (0x00001f17) x30 0x8000fce8
core   0: 0x8000ecec (0x303f2c23) sw      gp, 792(t5)
core   0: 3 0x8000ecec (0x303f2c23) mem 0x80010000 0x00000001
core   0: 0x8000ecf0 (0x0000bfe5) c.j     pc - 8
core   0: 3 0x8000ecf0 (0xbfe5)
core   0: 0x8000ece8 (0x00001f17) auipc   t5, 0x1
core   0: 3 0x8000ece8 (0x00001f17) x30 0x8000fce8
core   0: 0x8000ecec (0x303f2c23) sw      gp, 792(t5)
core   0: 3 0x8000ecec (0x303f2c23) mem 0x80010000 0x00000001
core   0: 0x8000ecf0 (0x0000bfe5) c.j     pc - 8
core   0: 3 0x8000ecf0 (0xbfe5)
core   0: 0x8000ece8 (0x00001f17) auipc   t5, 0x1
core   0: 3 0x8000ece8 (0x00001f17) x30 0x8000fce8
core   0: 0x8000ecec (0x303f2c23) sw      gp, 792(t5)
core   0: 3 0x8000ecec (0x303f2c23) mem 0x80010000 0x00000001
core   0: 0x8000ecf0 (0x0000bfe5) c.j     pc - 8
core   0: 3 0x8000ecf0 (0xbfe5)
core   0: 0x8000ece8 (0x00001f17) auipc   t5, 0x1
core   0: 3 0x8000ece8 (0x00001f17) x30 0x8000fce8
core   0: 0x8000ecec (0x303f2c23) sw      gp, 792(t5)
core   0: 3 0x8000ecec (0x303f2c23) mem 0x80010000 0x00000001
core   0: 0x8000ecf0 (0x0000bfe5) c.j     pc - 8
core   0: 3 0x8000ecf0 (0xbfe5)
core   0: 0x8000ece8 (0x00001f17) auipc   t5, 0x1
core   0: 3 0x8000ece8 (0x00001f17) x30 0x8000fce8
core   0: 0x8000ecec (0x303f2c23) sw      gp, 792(t5)
core   0: 3 0x8000ecec (0x303f2c23) mem 0x80010000 0x00000001
core   0: 0x8000ecf0 (0x0000bfe5) c.j     pc - 8
core   0: 3 0x8000ecf0 (0xbfe5)
core   0: 0x8000ece8 (0x00001f17) auipc   t5, 0x1
core   0: 3 0x8000ece8 (0x00001f17) x30 0x8000fce8
core   0: 0x8000ecec (0x303f2c23) sw      gp, 792(t5)
core   0: 3 0x8000ecec (0x303f2c23) mem 0x80010000 0x00000001
core   0: 0x8000ecf0 (0x0000bfe5) c.j     pc - 8
core   0: 3 0x8000ecf0 (0xbfe5)
core   0: 0x8000ece8 (0x00001f17) auipc   t5, 0x1
core   0: 3 0x8000ece8 (0x00001f17) x30 0x8000fce8
core   0: 0x8000ecec (0x303f2c23) sw      gp, 792(t5)
core   0: 3 0x8000ecec (0x303f2c23) mem 0x80010000 0x00000001
core   0: 0x8000ecf0 (0x0000bfe5) c.j     pc - 8
core   0: 3 0x8000ecf0 (0xbfe5)
core   0: 0x8000ece8 (0x00001f17) auipc   t5, 0x1
core   0: 3 0x8000ece8 (0x00001f17) x30 0x8000fce8
core   0: 0x8000ecec (0x303f2c23) sw      gp, 792(t5)
core   0: 3 0x8000ecec (0x303f2c23) mem 0x80010000 0x00000001
core   0: 0x8000ecf0 (0x0000bfe5) c.j     pc - 8
core   0: 3 0x8000ecf0 (0xbfe5)
core   0: 0x8000ece8 (0x00001f17) auipc   t5, 0x1
core   0: 3 0x8000ece8 (0x00001f17) x30 0x8000fce8
core   0: 0x8000ecec (0x303f2c23) sw      gp, 792(t5)
core   0: 3 0x8000ecec (0x303f2c23) mem 0x80010000 0x00000001
core   0: 0x8000ecf0 (0x0000bfe5) c.j     pc - 8
core   0: 3 0x8000ecf0 (0xbfe5)
core   0: 0x8000ece8 (0x00001f17) auipc   t5, 0x1
core   0: 3 0x8000ece8 (0x00001f17) x30 0x8000fce8
core   0: 0x8000ecec (0x303f2c23) sw      gp, 792(t5)
core   0: 3 0x8000ecec (0x303f2c23) mem 0x80010000 0x00000001
core   0: 0x8000ecf0 (0x0000bfe5) c.j     pc - 8
core   0: 3 0x8000ecf0 (0xbfe5)
core   0: 0x8000ece8 (0x00001f17) auipc   t5, 0x1
core   0: 3 0x8000ece8 (0x00001f17) x30 0x8000fce8
core   0: 0x8000ecec (0x303f2c23) sw      gp, 792(t5)
core   0: 3 0x8000ecec (0x303f2c23) mem 0x80010000 0x00000001
core   0: 0x8000ecf0 (0x0000bfe5) c.j     pc - 8
core   0: 3 0x8000ecf0 (0xbfe5)
core   0: 0x8000ece8 (0x00001f17) auipc   t5, 0x1
core   0: 3 0x8000ece8 (0x00001f17) x30 0x8000fce8
core   0: 0x8000ecec (0x303f2c23) sw      gp, 792(t5)
core   0: 3 0x8000ecec (0x303f2c23) mem 0x80010000 0x00000001
core   0: 0x8000ecf0 (0x0000bfe5) c.j     pc - 8
core   0: 3 0x8000ecf0 (0xbfe5)
core   0: 0x8000ece8 (0x00001f17) auipc   t5, 0x1
core   0: 3 0x8000ece8 (0x00001f17) x30 0x8000fce8
core   0: 0x8000ecec (0x303f2c23) sw      gp, 792(t5)
core   0: 3 0x8000ecec (0x303f2c23) mem 0x80010000 0x00000001
core   0: 0x8000ecf0 (0x0000bfe5) c.j     pc - 8
core   0: 3 0x8000ecf0 (0xbfe5)
core   0: 0x8000ece8 (0x00001f17) auipc   t5, 0x1
core   0: 3 0x8000ece8 (0x00001f17) x30 0x8000fce8
core   0: 0x8000ecec (0x303f2c23) sw      gp, 792(t5)
core   0: 3 0x8000ecec (0x303f2c23) mem 0x80010000 0x00000001
core   0: 0x8000ecf0 (0x0000bfe5) c.j     pc - 8
core   0: 3 0x8000ecf0 (0xbfe5)
core   0: 0x8000ece8 (0x00001f17) auipc   t5, 0x1
core   0: 3 0x8000ece8 (0x00001f17) x30 0x8000fce8
core   0: 0x8000ecec (0x303f2c23) sw      gp, 792(t5)
core   0: 3 0x8000ecec (0x303f2c23) mem 0x80010000 0x00000001
core   0: 0x8000ecf0 (0x0000bfe5) c.j     pc - 8
core   0: 3 0x8000ecf0 (0xbfe5)
core   0: 0x8000ece8 (0x00001f17) auipc   t5, 0x1
core   0: 3 0x8000ece8 (0x00001f17) x30 0x8000fce8
core   0: 0x8000ecec (0x303f2c23) sw      gp, 792(t5)
core   0: 3 0x8000ecec (0x303f2c23) mem 0x80010000 0x00000001
core   0: 0x8000ecf0 (0x0000bfe5) c.j     pc - 8
core   0: 3 0x8000ecf0 (0xbfe5)
core   0: 0x8000ece8 (0x00001f17) auipc   t5, 0x1
core   0: 3 0x8000ece8 (0x00001f17) x30 0x8000fce8
core   0: 0x8000ecec (0x303f2c23) sw      gp, 792(t5)
core   0: 3 0x8000ecec (0x303f2c23) mem 0x80010000 0x00000001
core   0: 0x8000ecf0 (0x0000bfe5) c.j     pc - 8
core   0: 3 0x8000ecf0 (0xbfe5)
core   0: 0x8000ece8 (0x00001f17) auipc   t5, 0x1
core   0: 3 0x8000ece8 (0x00001f17) x30 0x8000fce8
core   0: 0x8000ecec (0x303f2c23) sw      gp, 792(t5)
core   0: 3 0x8000ecec (0x303f2c23) mem 0x80010000 0x00000001
core   0: 0x8000ecf0 (0x0000bfe5) c.j     pc - 8
core   0: 3 0x8000ecf0 (0xbfe5)
core   0: 0x8000ece8 (0x00001f17) auipc   t5, 0x1
core   0: 3 0x8000ece8 (0x00001f17) x30 0x8000fce8
core   0: 0x8000ecec (0x303f2c23) sw      gp, 792(t5)
core   0: 3 0x8000ecec (0x303f2c23) mem 0x80010000 0x00000001
core   0: 0x8000ecf0 (0x0000bfe5) c.j     pc - 8
core   0: 3 0x8000ecf0 (0xbfe5)
core   0: 0x8000ece8 (0x00001f17) auipc   t5, 0x1
core   0: 3 0x8000ece8 (0x00001f17) x30 0x8000fce8
core   0: 0x8000ecec (0x303f2c23) sw      gp, 792(t5)
core   0: 3 0x8000ecec (0x303f2c23) mem 0x80010000 0x00000001
core   0: 0x8000ecf0 (0x0000bfe5) c.j     pc - 8
core   0: 3 0x8000ecf0 (0xbfe5)
core   0: 0x8000ece8 (0x00001f17) auipc   t5, 0x1
core   0: 3 0x8000ece8 (0x00001f17) x30 0x8000fce8
core   0: 0x8000ecec (0x303f2c23) sw      gp, 792(t5)
core   0: 3 0x8000ecec (0x303f2c23) mem 0x80010000 0x00000001
core   0: 0x8000ecf0 (0x0000bfe5) c.j     pc - 8
core   0: 3 0x8000ecf0 (0xbfe5)
core   0: 0x8000ece8 (0x00001f17) auipc   t5, 0x1
core   0: 3 0x8000ece8 (0x00001f17) x30 0x8000fce8
core   0: 0x8000ecec (0x303f2c23) sw      gp, 792(t5)
core   0: 3 0x8000ecec (0x303f2c23) mem 0x80010000 0x00000001
core   0: 0x8000ecf0 (0x0000bfe5) c.j     pc - 8
core   0: 3 0x8000ecf0 (0xbfe5)
core   0: 0x8000ece8 (0x00001f17) auipc   t5, 0x1
core   0: 3 0x8000ece8 (0x00001f17) x30 0x8000fce8
core   0: 0x8000ecec (0x303f2c23) sw      gp, 792(t5)
core   0: 3 0x8000ecec (0x303f2c23) mem 0x80010000 0x00000001
core   0: 0x8000ecf0 (0x0000bfe5) c.j     pc - 8
core   0: 3 0x8000ecf0 (0xbfe5)
core   0: 0x8000ece8 (0x00001f17) auipc   t5, 0x1
core   0: 3 0x8000ece8 (0x00001f17) x30 0x8000fce8
core   0: 0x8000ecec (0x303f2c23) sw      gp, 792(t5)
core   0: 3 0x8000ecec (0x303f2c23) mem 0x80010000 0x00000001
core   0: 0x8000ecf0 (0x0000bfe5) c.j     pc - 8
core   0: 3 0x8000ecf0 (0xbfe5)
core   0: 0x8000ece8 (0x00001f17) auipc   t5, 0x1
core   0: 3 0x8000ece8 (0x00001f17) x30 0x8000fce8
core   0: 0x8000ecec (0x303f2c23) sw      gp, 792(t5)
core   0: 3 0x8000ecec (0x303f2c23) mem 0x80010000 0x00000001
core   0: 0x8000ecf0 (0x0000bfe5) c.j     pc - 8
core   0: 3 0x8000ecf0 (0xbfe5)
core   0: 0x8000ece8 (0x00001f17) auipc   t5, 0x1
core   0: 3 0x8000ece8 (0x00001f17) x30 0x8000fce8
core   0: 0x8000ecec (0x303f2c23) sw      gp, 792(t5)
core   0: 3 0x8000ecec (0x303f2c23) mem 0x80010000 0x00000001
core   0: 0x8000ecf0 (0x0000bfe5) c.j     pc - 8
core   0: 3 0x8000ecf0 (0xbfe5)
core   0: 0x8000ece8 (0x00001f17) auipc   t5, 0x1
core   0: 3 0x8000ece8 (0x00001f17) x30 0x8000fce8
core   0: 0x8000ecec (0x303f2c23) sw      gp, 792(t5)
core   0: 3 0x8000ecec (0x303f2c23) mem 0x80010000 0x00000001
core   0: 0x8000ecf0 (0x0000bfe5) c.j     pc - 8
core   0: 3 0x8000ecf0 (0xbfe5)
core   0: 0x8000ece8 (0x00001f17) auipc   t5, 0x1
core   0: 3 0x8000ece8 (0x00001f17) x30 0x8000fce8
core   0: 0x8000ecec (0x303f2c23) sw      gp, 792(t5)
core   0: 3 0x8000ecec (0x303f2c23) mem 0x80010000 0x00000001
core   0: 0x8000ecf0 (0x0000bfe5) c.j     pc - 8
core   0: 3 0x8000ecf0 (0xbfe5)
core   0: 0x8000ece8 (0x00001f17) auipc   t5, 0x1
core   0: 3 0x8000ece8 (0x00001f17) x30 0x8000fce8
core   0: 0x8000ecec (0x303f2c23) sw      gp, 792(t5)
core   0: 3 0x8000ecec (0x303f2c23) mem 0x80010000 0x00000001
core   0: 0x8000ecf0 (0x0000bfe5) c.j     pc - 8
core   0: 3 0x8000ecf0 (0xbfe5)
core   0: 0x8000ece8 (0x00001f17) auipc   t5, 0x1
core   0: 3 0x8000ece8 (0x00001f17) x30 0x8000fce8
core   0: 0x8000ecec (0x303f2c23) sw      gp, 792(t5)
core   0: 3 0x8000ecec (0x303f2c23) mem 0x80010000 0x00000001
core   0: 0x8000ecf0 (0x0000bfe5) c.j     pc - 8
core   0: 3 0x8000ecf0 (0xbfe5)
core   0: 0x8000ece8 (0x00001f17) auipc   t5, 0x1
core   0: 3 0x8000ece8 (0x00001f17) x30 0x8000fce8
core   0: 0x8000ecec (0x303f2c23) sw      gp, 792(t5)
core   0: 3 0x8000ecec (0x303f2c23) mem 0x80010000 0x00000001
core   0: 0x8000ecf0 (0x0000bfe5) c.j     pc - 8
core   0: 3 0x8000ecf0 (0xbfe5)
core   0: 0x8000ece8 (0x00001f17) auipc   t5, 0x1
core   0: 3 0x8000ece8 (0x00001f17) x30 0x8000fce8
core   0: 0x8000ecec (0x303f2c23) sw      gp, 792(t5)
core   0: 3 0x8000ecec (0x303f2c23) mem 0x80010000 0x00000001
core   0: 0x8000ecf0 (0x0000bfe5) c.j     pc - 8
core   0: 3 0x8000ecf0 (0xbfe5)
core   0: 0x8000ece8 (0x00001f17) auipc   t5, 0x1
core   0: 3 0x8000ece8 (0x00001f17) x30 0x8000fce8
core   0: 0x8000ecec (0x303f2c23) sw      gp, 792(t5)
core   0: 3 0x8000ecec (0x303f2c23) mem 0x80010000 0x00000001
core   0: 0x8000ecf0 (0x0000bfe5) c.j     pc - 8
core   0: 3 0x8000ecf0 (0xbfe5)
core   0: 0x8000ece8 (0x00001f17) auipc   t5, 0x1
core   0: 3 0x8000ece8 (0x00001f17) x30 0x8000fce8
core   0: 0x8000ecec (0x303f2c23) sw      gp, 792(t5)
core   0: 3 0x8000ecec (0x303f2c23) mem 0x80010000 0x00000001
core   0: 0x8000ecf0 (0x0000bfe5) c.j     pc - 8
core   0: 3 0x8000ecf0 (0xbfe5)
core   0: 0x8000ece8 (0x00001f17) auipc   t5, 0x1
core   0: 3 0x8000ece8 (0x00001f17) x30 0x8000fce8
core   0: 0x8000ecec (0x303f2c23) sw      gp, 792(t5)
core   0: 3 0x8000ecec (0x303f2c23) mem 0x80010000 0x00000001
core   0: 0x8000ecf0 (0x0000bfe5) c.j     pc - 8
core   0: 3 0x8000ecf0 (0xbfe5)
core   0: 0x8000ece8 (0x00001f17) auipc   t5, 0x1
core   0: 3 0x8000ece8 (0x00001f17) x30 0x8000fce8
core   0: 0x8000ecec (0x303f2c23) sw      gp, 792(t5)
core   0: 3 0x8000ecec (0x303f2c23) mem 0x80010000 0x00000001
core   0: 0x8000ecf0 (0x0000bfe5) c.j     pc - 8
core   0: 3 0x8000ecf0 (0xbfe5)
core   0: 0x8000ece8 (0x00001f17) auipc   t5, 0x1
core   0: 3 0x8000ece8 (0x00001f17) x30 0x8000fce8
core   0: 0x8000ecec (0x303f2c23) sw      gp, 792(t5)
core   0: 3 0x8000ecec (0x303f2c23) mem 0x80010000 0x00000001
core   0: 0x8000ecf0 (0x0000bfe5) c.j     pc - 8
core   0: 3 0x8000ecf0 (0xbfe5)
core   0: 0x8000ece8 (0x00001f17) auipc   t5, 0x1
core   0: 3 0x8000ece8 (0x00001f17) x30 0x8000fce8
core   0: 0x8000ecec (0x303f2c23) sw      gp, 792(t5)
core   0: 3 0x8000ecec (0x303f2c23) mem 0x80010000 0x00000001
core   0: 0x8000ecf0 (0x0000bfe5) c.j     pc - 8
core   0: 3 0x8000ecf0 (0xbfe5)
core   0: 0x8000ece8 (0x00001f17) auipc   t5, 0x1
core   0: 3 0x8000ece8 (0x00001f17) x30 0x8000fce8
core   0: 0x8000ecec (0x303f2c23) sw      gp, 792(t5)
core   0: 3 0x8000ecec (0x303f2c23) mem 0x80010000 0x00000001
core   0: 0x8000ecf0 (0x0000bfe5) c.j     pc - 8
core   0: 3 0x8000ecf0 (0xbfe5)
core   0: 0x8000ece8 (0x00001f17) auipc   t5, 0x1
core   0: 3 0x8000ece8 (0x00001f17) x30 0x8000fce8
core   0: 0x8000ecec (0x303f2c23) sw      gp, 792(t5)
core   0: 3 0x8000ecec (0x303f2c23) mem 0x80010000 0x00000001
core   0: 0x8000ecf0 (0x0000bfe5) c.j     pc - 8
core   0: 3 0x8000ecf0 (0xbfe5)
core   0: 0x8000ece8 (0x00001f17) auipc   t5, 0x1
core   0: 3 0x8000ece8 (0x00001f17) x30 0x8000fce8
core   0: 0x8000ecec (0x303f2c23) sw      gp, 792(t5)
core   0: 3 0x8000ecec (0x303f2c23) mem 0x80010000 0x00000001
core   0: 0x8000ecf0 (0x0000bfe5) c.j     pc - 8
core   0: 3 0x8000ecf0 (0xbfe5)
core   0: 0x8000ece8 (0x00001f17) auipc   t5, 0x1
core   0: 3 0x8000ece8 (0x00001f17) x30 0x8000fce8
core   0: 0x8000ecec (0x303f2c23) sw      gp, 792(t5)
core   0: 3 0x8000ecec (0x303f2c23) mem 0x80010000 0x00000001
core   0: 0x8000ecf0 (0x0000bfe5) c.j     pc - 8
core   0: 3 0x8000ecf0 (0xbfe5)
core   0: 0x8000ece8 (0x00001f17) auipc   t5, 0x1
core   0: 3 0x8000ece8 (0x00001f17) x30 0x8000fce8
core   0: 0x8000ecec (0x303f2c23) sw      gp, 792(t5)
core   0: 3 0x8000ecec (0x303f2c23) mem 0x80010000 0x00000001
core   0: 0x8000ecf0 (0x0000bfe5) c.j     pc - 8
core   0: 3 0x8000ecf0 (0xbfe5)
core   0: 0x8000ece8 (0x00001f17) auipc   t5, 0x1
core   0: 3 0x8000ece8 (0x00001f17) x30 0x8000fce8
core   0: 0x8000ecec (0x303f2c23) sw      gp, 792(t5)
core   0: 3 0x8000ecec (0x303f2c23) mem 0x80010000 0x00000001
core   0: 0x8000ecf0 (0x0000bfe5) c.j     pc - 8
core   0: 3 0x8000ecf0 (0xbfe5)
core   0: 0x8000ece8 (0x00001f17) auipc   t5, 0x1
core   0: 3 0x8000ece8 (0x00001f17) x30 0x8000fce8
core   0: 0x8000ecec (0x303f2c23) sw      gp, 792(t5)
core   0: 3 0x8000ecec (0x303f2c23) mem 0x80010000 0x00000001
core   0: 0x8000ecf0 (0x0000bfe5) c.j     pc - 8
core   0: 3 0x8000ecf0 (0xbfe5)
core   0: 0x8000ece8 (0x00001f17) auipc   t5, 0x1
core   0: 3 0x8000ece8 (0x00001f17) x30 0x8000fce8
core   0: 0x8000ecec (0x303f2c23) sw      gp, 792(t5)
core   0: 3 0x8000ecec (0x303f2c23) mem 0x80010000 0x00000001
core   0: 0x8000ecf0 (0x0000bfe5) c.j     pc - 8
core   0: 3 0x8000ecf0 (0xbfe5)
core   0: 0x8000ece8 (0x00001f17) auipc   t5, 0x1
core   0: 3 0x8000ece8 (0x00001f17) x30 0x8000fce8
core   0: 0x8000ecec (0x303f2c23) sw      gp, 792(t5)
core   0: 3 0x8000ecec (0x303f2c23) mem 0x80010000 0x00000001
core   0: 0x8000ecf0 (0x0000bfe5) c.j     pc - 8
core   0: 3 0x8000ecf0 (0xbfe5)
core   0: 0x8000ece8 (0x00001f17) auipc   t5, 0x1
core   0: 3 0x8000ece8 (0x00001f17) x30 0x8000fce8
core   0: 0x8000ecec (0x303f2c23) sw      gp, 792(t5)
core   0: 3 0x8000ecec (0x303f2c23) mem 0x80010000 0x00000001
core   0: 0x8000ecf0 (0x0000bfe5) c.j     pc - 8
core   0: 3 0x8000ecf0 (0xbfe5)
core   0: 0x8000ece8 (0x00001f17) auipc   t5, 0x1
core   0: 3 0x8000ece8 (0x00001f17) x30 0x8000fce8
core   0: 0x8000ecec (0x303f2c23) sw      gp, 792(t5)
core   0: 3 0x8000ecec (0x303f2c23) mem 0x80010000 0x00000001
core   0: 0x8000ecf0 (0x0000bfe5) c.j     pc - 8
core   0: 3 0x8000ecf0 (0xbfe5)
core   0: 0x8000ece8 (0x00001f17) auipc   t5, 0x1
core   0: 3 0x8000ece8 (0x00001f17) x30 0x8000fce8
core   0: 0x8000ecec (0x303f2c23) sw      gp, 792(t5)
core   0: 3 0x8000ecec (0x303f2c23) mem 0x80010000 0x00000001
core   0: 0x8000ecf0 (0x0000bfe5) c.j     pc - 8
core   0: 3 0x8000ecf0 (0xbfe5)
core   0: 0x8000ece8 (0x00001f17) auipc   t5, 0x1
core   0: 3 0x8000ece8 (0x00001f17) x30 0x8000fce8
core   0: 0x8000ecec (0x303f2c23) sw      gp, 792(t5)
core   0: 3 0x8000ecec (0x303f2c23) mem 0x80010000 0x00000001
core   0: 0x8000ecf0 (0x0000bfe5) c.j     pc - 8
core   0: 3 0x8000ecf0 (0xbfe5)
core   0: 0x8000ece8 (0x00001f17) auipc   t5, 0x1
core   0: 3 0x8000ece8 (0x00001f17) x30 0x8000fce8
core   0: 0x8000ecec (0x303f2c23) sw      gp, 792(t5)
core   0: 3 0x8000ecec (0x303f2c23) mem 0x80010000 0x00000001
core   0: 0x8000ecf0 (0x0000bfe5) c.j     pc - 8
core   0: 3 0x8000ecf0 (0xbfe5)
core   0: 0x8000ece8 (0x00001f17) auipc   t5, 0x1
core   0: 3 0x8000ece8 (0x00001f17) x30 0x8000fce8
core   0: 0x8000ecec (0x303f2c23) sw      gp, 792(t5)
core   0: 3 0x8000ecec (0x303f2c23) mem 0x80010000 0x00000001
core   0: 0x8000ecf0 (0x0000bfe5) c.j     pc - 8
core   0: 3 0x8000ecf0 (0xbfe5)
core   0: 0x8000ece8 (0x00001f17) auipc   t5, 0x1
core   0: 3 0x8000ece8 (0x00001f17) x30 0x8000fce8
core   0: 0x8000ecec (0x303f2c23) sw      gp, 792(t5)
core   0: 3 0x8000ecec (0x303f2c23) mem 0x80010000 0x00000001
core   0: 0x8000ecf0 (0x0000bfe5) c.j     pc - 8
core   0: 3 0x8000ecf0 (0xbfe5)
core   0: 0x8000ece8 (0x00001f17) auipc   t5, 0x1
core   0: 3 0x8000ece8 (0x00001f17) x30 0x8000fce8
core   0: 0x8000ecec (0x303f2c23) sw      gp, 792(t5)
core   0: 3 0x8000ecec (0x303f2c23) mem 0x80010000 0x00000001
core   0: 0x8000ecf0 (0x0000bfe5) c.j     pc - 8
core   0: 3 0x8000ecf0 (0xbfe5)
core   0: 0x8000ece8 (0x00001f17) auipc   t5, 0x1
core   0: 3 0x8000ece8 (0x00001f17) x30 0x8000fce8
core   0: 0x8000ecec (0x303f2c23) sw      gp, 792(t5)
core   0: 3 0x8000ecec (0x303f2c23) mem 0x80010000 0x00000001
core   0: 0x8000ecf0 (0x0000bfe5) c.j     pc - 8
core   0: 3 0x8000ecf0 (0xbfe5)
core   0: 0x8000ece8 (0x00001f17) auipc   t5, 0x1
core   0: 3 0x8000ece8 (0x00001f17) x30 0x8000fce8
core   0: 0x8000ecec (0x303f2c23) sw      gp, 792(t5)
core   0: 3 0x8000ecec (0x303f2c23) mem 0x80010000 0x00000001
core   0: 0x8000ecf0 (0x0000bfe5) c.j     pc - 8
core   0: 3 0x8000ecf0 (0xbfe5)
core   0: 0x8000ece8 (0x00001f17) auipc   t5, 0x1
core   0: 3 0x8000ece8 (0x00001f17) x30 0x8000fce8
core   0: 0x8000ecec (0x303f2c23) sw      gp, 792(t5)
core   0: 3 0x8000ecec (0x303f2c23) mem 0x80010000 0x00000001
core   0: 0x8000ecf0 (0x0000bfe5) c.j     pc - 8
core   0: 3 0x8000ecf0 (0xbfe5)
core   0: 0x8000ece8 (0x00001f17) auipc   t5, 0x1
core   0: 3 0x8000ece8 (0x00001f17) x30 0x8000fce8
core   0: 0x8000ecec (0x303f2c23) sw      gp, 792(t5)
core   0: 3 0x8000ecec (0x303f2c23) mem 0x80010000 0x00000001
core   0: 0x8000ecf0 (0x0000bfe5) c.j     pc - 8
core   0: 3 0x8000ecf0 (0xbfe5)
core   0: 0x8000ece8 (0x00001f17) auipc   t5, 0x1
core   0: 3 0x8000ece8 (0x00001f17) x30 0x8000fce8
core   0: 0x8000ecec (0x303f2c23) sw      gp, 792(t5)
core   0: 3 0x8000ecec (0x303f2c23) mem 0x80010000 0x00000001
core   0: 0x8000ecf0 (0x0000bfe5) c.j     pc - 8
core   0: 3 0x8000ecf0 (0xbfe5)
core   0: 0x8000ece8 (0x00001f17) auipc   t5, 0x1
core   0: 3 0x8000ece8 (0x00001f17) x30 0x8000fce8
core   0: 0x8000ecec (0x303f2c23) sw      gp, 792(t5)
core   0: 3 0x8000ecec (0x303f2c23) mem 0x80010000 0x00000001
core   0: 0x8000ecf0 (0x0000bfe5) c.j     pc - 8
core   0: 3 0x8000ecf0 (0xbfe5)
core   0: 0x8000ece8 (0x00001f17) auipc   t5, 0x1
core   0: 3 0x8000ece8 (0x00001f17) x30 0x8000fce8
core   0: 0x8000ecec (0x303f2c23) sw      gp, 792(t5)
core   0: 3 0x8000ecec (0x303f2c23) mem 0x80010000 0x00000001
core   0: 0x8000ecf0 (0x0000bfe5) c.j     pc - 8
core   0: 3 0x8000ecf0 (0xbfe5)
core   0: 0x8000ece8 (0x00001f17) auipc   t5, 0x1
core   0: 3 0x8000ece8 (0x00001f17) x30 0x8000fce8
core   0: 0x8000ecec (0x303f2c23) sw      gp, 792(t5)
core   0: 3 0x8000ecec (0x303f2c23) mem 0x80010000 0x00000001
core   0: 0x8000ecf0 (0x0000bfe5) c.j     pc - 8
core   0: 3 0x8000ecf0 (0xbfe5)
core   0: 0x8000ece8 (0x00001f17) auipc   t5, 0x1
core   0: 3 0x8000ece8 (0x00001f17) x30 0x8000fce8
core   0: 0x8000ecec (0x303f2c23) sw      gp, 792(t5)
core   0: 3 0x8000ecec (0x303f2c23) mem 0x80010000 0x00000001
core   0: 0x8000ecf0 (0x0000bfe5) c.j     pc - 8
core   0: 3 0x8000ecf0 (0xbfe5)
core   0: 0x8000ece8 (0x00001f17) auipc   t5, 0x1
core   0: 3 0x8000ece8 (0x00001f17) x30 0x8000fce8
core   0: 0x8000ecec (0x303f2c23) sw      gp, 792(t5)
core   0: 3 0x8000ecec (0x303f2c23) mem 0x80010000 0x00000001
core   0: 0x8000ecf0 (0x0000bfe5) c.j     pc - 8
core   0: 3 0x8000ecf0 (0xbfe5)
core   0: 0x8000ece8 (0x00001f17) auipc   t5, 0x1
core   0: 3 0x8000ece8 (0x00001f17) x30 0x8000fce8
core   0: 0x8000ecec (0x303f2c23) sw      gp, 792(t5)
core   0: 3 0x8000ecec (0x303f2c23) mem 0x80010000 0x00000001
core   0: 0x8000ecf0 (0x0000bfe5) c.j     pc - 8
core   0: 3 0x8000ecf0 (0xbfe5)
core   0: 0x8000ece8 (0x00001f17) auipc   t5, 0x1
core   0: 3 0x8000ece8 (0x00001f17) x30 0x8000fce8
core   0: 0x8000ecec (0x303f2c23) sw      gp, 792(t5)
core   0: 3 0x8000ecec (0x303f2c23) mem 0x80010000 0x00000001
core   0: 0x8000ecf0 (0x0000bfe5) c.j     pc - 8
core   0: 3 0x8000ecf0 (0xbfe5)
core   0: 0x8000ece8 (0x00001f17) auipc   t5, 0x1
core   0: 3 0x8000ece8 (0x00001f17) x30 0x8000fce8
core   0: 0x8000ecec (0x303f2c23) sw      gp, 792(t5)
core   0: 3 0x8000ecec (0x303f2c23) mem 0x80010000 0x00000001
core   0: 0x8000ecf0 (0x0000bfe5) c.j     pc - 8
core   0: 3 0x8000ecf0 (0xbfe5)
core   0: 0x8000ece8 (0x00001f17) auipc   t5, 0x1
core   0: 3 0x8000ece8 (0x00001f17) x30 0x8000fce8
core   0: 0x8000ecec (0x303f2c23) sw      gp, 792(t5)
core   0: 3 0x8000ecec (0x303f2c23) mem 0x80010000 0x00000001
core   0: 0x8000ecf0 (0x0000bfe5) c.j     pc - 8
core   0: 3 0x8000ecf0 (0xbfe5)
core   0: 0x8000ece8 (0x00001f17) auipc   t5, 0x1
core   0: 3 0x8000ece8 (0x00001f17) x30 0x8000fce8
core   0: 0x8000ecec (0x303f2c23) sw      gp, 792(t5)
core   0: 3 0x8000ecec (0x303f2c23) mem 0x80010000 0x00000001
core   0: 0x8000ecf0 (0x0000bfe5) c.j     pc - 8
core   0: 3 0x8000ecf0 (0xbfe5)
core   0: 0x8000ece8 (0x00001f17) auipc   t5, 0x1
core   0: 3 0x8000ece8 (0x00001f17) x30 0x8000fce8
core   0: 0x8000ecec (0x303f2c23) sw      gp, 792(t5)
core   0: 3 0x8000ecec (0x303f2c23) mem 0x80010000 0x00000001
core   0: 0x8000ecf0 (0x0000bfe5) c.j     pc - 8
core   0: 3 0x8000ecf0 (0xbfe5)
core   0: 0x8000ece8 (0x00001f17) auipc   t5, 0x1
core   0: 3 0x8000ece8 (0x00001f17) x30 0x8000fce8
core   0: 0x8000ecec (0x303f2c23) sw      gp, 792(t5)
core   0: 3 0x8000ecec (0x303f2c23) mem 0x80010000 0x00000001
core   0: 0x8000ecf0 (0x0000bfe5) c.j     pc - 8
core   0: 3 0x8000ecf0 (0xbfe5)
core   0: 0x8000ece8 (0x00001f17) auipc   t5, 0x1
core   0: 3 0x8000ece8 (0x00001f17) x30 0x8000fce8
core   0: 0x8000ecec (0x303f2c23) sw      gp, 792(t5)
core   0: 3 0x8000ecec (0x303f2c23) mem 0x80010000 0x00000001
core   0: 0x8000ecf0 (0x0000bfe5) c.j     pc - 8
core   0: 3 0x8000ecf0 (0xbfe5)
core   0: 0x8000ece8 (0x00001f17) auipc   t5, 0x1
core   0: 3 0x8000ece8 (0x00001f17) x30 0x8000fce8
core   0: 0x8000ecec (0x303f2c23) sw      gp, 792(t5)
core   0: 3 0x8000ecec (0x303f2c23) mem 0x80010000 0x00000001
core   0: 0x8000ecf0 (0x0000bfe5) c.j     pc - 8
core   0: 3 0x8000ecf0 (0xbfe5)
core   0: 0x8000ece8 (0x00001f17) auipc   t5, 0x1
core   0: 3 0x8000ece8 (0x00001f17) x30 0x8000fce8
core   0: 0x8000ecec (0x303f2c23) sw      gp, 792(t5)
core   0: 3 0x8000ecec (0x303f2c23) mem 0x80010000 0x00000001
core   0: 0x8000ecf0 (0x0000bfe5) c.j     pc - 8
core   0: 3 0x8000ecf0 (0xbfe5)
core   0: 0x8000ece8 (0x00001f17) auipc   t5, 0x1
core   0: 3 0x8000ece8 (0x00001f17) x30 0x8000fce8
core   0: 0x8000ecec (0x303f2c23) sw      gp, 792(t5)
core   0: 3 0x8000ecec (0x303f2c23) mem 0x80010000 0x00000001
core   0: 0x8000ecf0 (0x0000bfe5) c.j     pc - 8
core   0: 3 0x8000ecf0 (0xbfe5)
core   0: 0x8000ece8 (0x00001f17) auipc   t5, 0x1
core   0: 3 0x8000ece8 (0x00001f17) x30 0x8000fce8
core   0: 0x8000ecec (0x303f2c23) sw      gp, 792(t5)
core   0: 3 0x8000ecec (0x303f2c23) mem 0x80010000 0x00000001
core   0: 0x8000ecf0 (0x0000bfe5) c.j     pc - 8
core   0: 3 0x8000ecf0 (0xbfe5)
core   0: 0x8000ece8 (0x00001f17) auipc   t5, 0x1
core   0: 3 0x8000ece8 (0x00001f17) x30 0x8000fce8
core   0: 0x8000ecec (0x303f2c23) sw      gp, 792(t5)
core   0: 3 0x8000ecec (0x303f2c23) mem 0x80010000 0x00000001
core   0: 0x8000ecf0 (0x0000bfe5) c.j     pc - 8
core   0: 3 0x8000ecf0 (0xbfe5)
core   0: 0x8000ece8 (0x00001f17) auipc   t5, 0x1
core   0: 3 0x8000ece8 (0x00001f17) x30 0x8000fce8
core   0: 0x8000ecec (0x303f2c23) sw      gp, 792(t5)
core   0: 3 0x8000ecec (0x303f2c23) mem 0x80010000 0x00000001
core   0: 0x8000ecf0 (0x0000bfe5) c.j     pc - 8
core   0: 3 0x8000ecf0 (0xbfe5)
core   0: 0x8000ece8 (0x00001f17) auipc   t5, 0x1
core   0: 3 0x8000ece8 (0x00001f17) x30 0x8000fce8
core   0: 0x8000ecec (0x303f2c23) sw      gp, 792(t5)
core   0: 3 0x8000ecec (0x303f2c23) mem 0x80010000 0x00000001
core   0: 0x8000ecf0 (0x0000bfe5) c.j     pc - 8
core   0: 3 0x8000ecf0 (0xbfe5)
core   0: 0x8000ece8 (0x00001f17) auipc   t5, 0x1
core   0: 3 0x8000ece8 (0x00001f17) x30 0x8000fce8
core   0: 0x8000ecec (0x303f2c23) sw      gp, 792(t5)
core   0: 3 0x8000ecec (0x303f2c23) mem 0x80010000 0x00000001
core   0: 0x8000ecf0 (0x0000bfe5) c.j     pc - 8
core   0: 3 0x8000ecf0 (0xbfe5)
core   0: 0x8000ece8 (0x00001f17) auipc   t5, 0x1
core   0: 3 0x8000ece8 (0x00001f17) x30 0x8000fce8
core   0: 0x8000ecec (0x303f2c23) sw      gp, 792(t5)
core   0: 3 0x8000ecec (0x303f2c23) mem 0x80010000 0x00000001
core   0: 0x8000ecf0 (0x0000bfe5) c.j     pc - 8
core   0: 3 0x8000ecf0 (0xbfe5)
core   0: 0x8000ece8 (0x00001f17) auipc   t5, 0x1
core   0: 3 0x8000ece8 (0x00001f17) x30 0x8000fce8
core   0: 0x8000ecec (0x303f2c23) sw      gp, 792(t5)
core   0: 3 0x8000ecec (0x303f2c23) mem 0x80010000 0x00000001
core   0: 0x8000ecf0 (0x0000bfe5) c.j     pc - 8
core   0: 3 0x8000ecf0 (0xbfe5)
core   0: 0x8000ece8 (0x00001f17) auipc   t5, 0x1
core   0: 3 0x8000ece8 (0x00001f17) x30 0x8000fce8
core   0: 0x8000ecec (0x303f2c23) sw      gp, 792(t5)
core   0: 3 0x8000ecec (0x303f2c23) mem 0x80010000 0x00000001
core   0: 0x8000ecf0 (0x0000bfe5) c.j     pc - 8
core   0: 3 0x8000ecf0 (0xbfe5)
core   0: 0x8000ece8 (0x00001f17) auipc   t5, 0x1
core   0: 3 0x8000ece8 (0x00001f17) x30 0x8000fce8
core   0: 0x8000ecec (0x303f2c23) sw      gp, 792(t5)
core   0: 3 0x8000ecec (0x303f2c23) mem 0x80010000 0x00000001
core   0: 0x8000ecf0 (0x0000bfe5) c.j     pc - 8
core   0: 3 0x8000ecf0 (0xbfe5)
core   0: 0x8000ece8 (0x00001f17) auipc   t5, 0x1
core   0: 3 0x8000ece8 (0x00001f17) x30 0x8000fce8
core   0: 0x8000ecec (0x303f2c23) sw      gp, 792(t5)
core   0: 3 0x8000ecec (0x303f2c23) mem 0x80010000 0x00000001
core   0: 0x8000ecf0 (0x0000bfe5) c.j     pc - 8
core   0: 3 0x8000ecf0 (0xbfe5)
core   0: 0x8000ece8 (0x00001f17) auipc   t5, 0x1
core   0: 3 0x8000ece8 (0x00001f17) x30 0x8000fce8
core   0: 0x8000ecec (0x303f2c23) sw      gp, 792(t5)
core   0: 3 0x8000ecec (0x303f2c23) mem 0x80010000 0x00000001
core   0: 0x8000ecf0 (0x0000bfe5) c.j     pc - 8
core   0: 3 0x8000ecf0 (0xbfe5)
core   0: 0x8000ece8 (0x00001f17) auipc   t5, 0x1
core   0: 3 0x8000ece8 (0x00001f17) x30 0x8000fce8
core   0: 0x8000ecec (0x303f2c23) sw      gp, 792(t5)
core   0: 3 0x8000ecec (0x303f2c23) mem 0x80010000 0x00000001
core   0: 0x8000ecf0 (0x0000bfe5) c.j     pc - 8
core   0: 3 0x8000ecf0 (0xbfe5)
core   0: 0x8000ece8 (0x00001f17) auipc   t5, 0x1
core   0: 3 0x8000ece8 (0x00001f17) x30 0x8000fce8
core   0: 0x8000ecec (0x303f2c23) sw      gp, 792(t5)
core   0: 3 0x8000ecec (0x303f2c23) mem 0x80010000 0x00000001
core   0: 0x8000ecf0 (0x0000bfe5) c.j     pc - 8
core   0: 3 0x8000ecf0 (0xbfe5)
core   0: 0x8000ece8 (0x00001f17) auipc   t5, 0x1
core   0: 3 0x8000ece8 (0x00001f17) x30 0x8000fce8
core   0: 0x8000ecec (0x303f2c23) sw      gp, 792(t5)
core   0: 3 0x8000ecec (0x303f2c23) mem 0x80010000 0x00000001
core   0: 0x8000ecf0 (0x0000bfe5) c.j     pc - 8
core   0: 3 0x8000ecf0 (0xbfe5)
core   0: 0x8000ece8 (0x00001f17) auipc   t5, 0x1
core   0: 3 0x8000ece8 (0x00001f17) x30 0x8000fce8
core   0: 0x8000ecec (0x303f2c23) sw      gp, 792(t5)
core   0: 3 0x8000ecec (0x303f2c23) mem 0x80010000 0x00000001
core   0: 0x8000ecf0 (0x0000bfe5) c.j     pc - 8
core   0: 3 0x8000ecf0 (0xbfe5)
core   0: 0x8000ece8 (0x00001f17) auipc   t5, 0x1
core   0: 3 0x8000ece8 (0x00001f17) x30 0x8000fce8
core   0: 0x8000ecec (0x303f2c23) sw      gp, 792(t5)
core   0: 3 0x8000ecec (0x303f2c23) mem 0x80010000 0x00000001
core   0: 0x8000ecf0 (0x0000bfe5) c.j     pc - 8
core   0: 3 0x8000ecf0 (0xbfe5)
core   0: 0x8000ece8 (0x00001f17) auipc   t5, 0x1
core   0: 3 0x8000ece8 (0x00001f17) x30 0x8000fce8
core   0: 0x8000ecec (0x303f2c23) sw      gp, 792(t5)
core   0: 3 0x8000ecec (0x303f2c23) mem 0x80010000 0x00000001
core   0: 0x8000ecf0 (0x0000bfe5) c.j     pc - 8
core   0: 3 0x8000ecf0 (0xbfe5)
core   0: 0x8000ece8 (0x00001f17) auipc   t5, 0x1
core   0: 3 0x8000ece8 (0x00001f17) x30 0x8000fce8
core   0: 0x8000ecec (0x303f2c23) sw      gp, 792(t5)
core   0: 3 0x8000ecec (0x303f2c23) mem 0x80010000 0x00000001
core   0: 0x8000ecf0 (0x0000bfe5) c.j     pc - 8
core   0: 3 0x8000ecf0 (0xbfe5)
core   0: 0x8000ece8 (0x00001f17) auipc   t5, 0x1
core   0: 3 0x8000ece8 (0x00001f17) x30 0x8000fce8
core   0: 0x8000ecec (0x303f2c23) sw      gp, 792(t5)
core   0: 3 0x8000ecec (0x303f2c23) mem 0x80010000 0x00000001
core   0: 0x8000ecf0 (0x0000bfe5) c.j     pc - 8
core   0: 3 0x8000ecf0 (0xbfe5)
core   0: 0x8000ece8 (0x00001f17) auipc   t5, 0x1
core   0: 3 0x8000ece8 (0x00001f17) x30 0x8000fce8
core   0: 0x8000ecec (0x303f2c23) sw      gp, 792(t5)
core   0: 3 0x8000ecec (0x303f2c23) mem 0x80010000 0x00000001
core   0: 0x8000ecf0 (0x0000bfe5) c.j     pc - 8
core   0: 3 0x8000ecf0 (0xbfe5)
core   0: 0x8000ece8 (0x00001f17) auipc   t5, 0x1
core   0: 3 0x8000ece8 (0x00001f17) x30 0x8000fce8
core   0: 0x8000ecec (0x303f2c23) sw      gp, 792(t5)
core   0: 3 0x8000ecec (0x303f2c23) mem 0x80010000 0x00000001
core   0: 0x8000ecf0 (0x0000bfe5) c.j     pc - 8
core   0: 3 0x8000ecf0 (0xbfe5)
core   0: 0x8000ece8 (0x00001f17) auipc   t5, 0x1
core   0: 3 0x8000ece8 (0x00001f17) x30 0x8000fce8
core   0: 0x8000ecec (0x303f2c23) sw      gp, 792(t5)
core   0: 3 0x8000ecec (0x303f2c23) mem 0x80010000 0x00000001
core   0: 0x8000ecf0 (0x0000bfe5) c.j     pc - 8
core   0: 3 0x8000ecf0 (0xbfe5)
core   0: 0x8000ece8 (0x00001f17) auipc   t5, 0x1
core   0: 3 0x8000ece8 (0x00001f17) x30 0x8000fce8
core   0: 0x8000ecec (0x303f2c23) sw      gp, 792(t5)
core   0: 3 0x8000ecec (0x303f2c23) mem 0x80010000 0x00000001
core   0: 0x8000ecf0 (0x0000bfe5) c.j     pc - 8
core   0: 3 0x8000ecf0 (0xbfe5)
core   0: 0x8000ece8 (0x00001f17) auipc   t5, 0x1
core   0: 3 0x8000ece8 (0x00001f17) x30 0x8000fce8
core   0: 0x8000ecec (0x303f2c23) sw      gp, 792(t5)
core   0: 3 0x8000ecec (0x303f2c23) mem 0x80010000 0x00000001
core   0: 0x8000ecf0 (0x0000bfe5) c.j     pc - 8
core   0: 3 0x8000ecf0 (0xbfe5)
core   0: 0x8000ece8 (0x00001f17) auipc   t5, 0x1
core   0: 3 0x8000ece8 (0x00001f17) x30 0x8000fce8
core   0: 0x8000ecec (0x303f2c23) sw      gp, 792(t5)
core   0: 3 0x8000ecec (0x303f2c23) mem 0x80010000 0x00000001
core   0: 0x8000ecf0 (0x0000bfe5) c.j     pc - 8
core   0: 3 0x8000ecf0 (0xbfe5)
core   0: 0x8000ece8 (0x00001f17) auipc   t5, 0x1
core   0: 3 0x8000ece8 (0x00001f17) x30 0x8000fce8
core   0: 0x8000ecec (0x303f2c23) sw      gp, 792(t5)
core   0: 3 0x8000ecec (0x303f2c23) mem 0x80010000 0x00000001
core   0: 0x8000ecf0 (0x0000bfe5) c.j     pc - 8
core   0: 3 0x8000ecf0 (0xbfe5)
core   0: 0x8000ece8 (0x00001f17) auipc   t5, 0x1
core   0: 3 0x8000ece8 (0x00001f17) x30 0x8000fce8
core   0: 0x8000ecec (0x303f2c23) sw      gp, 792(t5)
core   0: 3 0x8000ecec (0x303f2c23) mem 0x80010000 0x00000001
core   0: 0x8000ecf0 (0x0000bfe5) c.j     pc - 8
core   0: 3 0x8000ecf0 (0xbfe5)
core   0: 0x8000ece8 (0x00001f17) auipc   t5, 0x1
core   0: 3 0x8000ece8 (0x00001f17) x30 0x8000fce8
core   0: 0x8000ecec (0x303f2c23) sw      gp, 792(t5)
core   0: 3 0x8000ecec (0x303f2c23) mem 0x80010000 0x00000001
core   0: 0x8000ecf0 (0x0000bfe5) c.j     pc - 8
core   0: 3 0x8000ecf0 (0xbfe5)
core   0: 0x8000ece8 (0x00001f17) auipc   t5, 0x1
core   0: 3 0x8000ece8 (0x00001f17) x30 0x8000fce8
core   0: 0x8000ecec (0x303f2c23) sw      gp, 792(t5)
core   0: 3 0x8000ecec (0x303f2c23) mem 0x80010000 0x00000001
core   0: 0x8000ecf0 (0x0000bfe5) c.j     pc - 8
core   0: 3 0x8000ecf0 (0xbfe5)
core   0: 0x8000ece8 (0x00001f17) auipc   t5, 0x1
core   0: 3 0x8000ece8 (0x00001f17) x30 0x8000fce8
core   0: 0x8000ecec (0x303f2c23) sw      gp, 792(t5)
core   0: 3 0x8000ecec (0x303f2c23) mem 0x80010000 0x00000001
core   0: 0x8000ecf0 (0x0000bfe5) c.j     pc - 8
core   0: 3 0x8000ecf0 (0xbfe5)
core   0: 0x8000ece8 (0x00001f17) auipc   t5, 0x1
core   0: 3 0x8000ece8 (0x00001f17) x30 0x8000fce8
core   0: 0x8000ecec (0x303f2c23) sw      gp, 792(t5)
core   0: 3 0x8000ecec (0x303f2c23) mem 0x80010000 0x00000001
core   0: 0x8000ecf0 (0x0000bfe5) c.j     pc - 8
core   0: 3 0x8000ecf0 (0xbfe5)
core   0: 0x8000ece8 (0x00001f17) auipc   t5, 0x1
core   0: 3 0x8000ece8 (0x00001f17) x30 0x8000fce8
core   0: 0x8000ecec (0x303f2c23) sw      gp, 792(t5)
core   0: 3 0x8000ecec (0x303f2c23) mem 0x80010000 0x00000001
core   0: 0x8000ecf0 (0x0000bfe5) c.j     pc - 8
core   0: 3 0x8000ecf0 (0xbfe5)
core   0: 0x8000ece8 (0x00001f17) auipc   t5, 0x1
core   0: 3 0x8000ece8 (0x00001f17) x30 0x8000fce8
core   0: 0x8000ecec (0x303f2c23) sw      gp, 792(t5)
core   0: 3 0x8000ecec (0x303f2c23) mem 0x80010000 0x00000001
core   0: 0x8000ecf0 (0x0000bfe5) c.j     pc - 8
core   0: 3 0x8000ecf0 (0xbfe5)
core   0: 0x8000ece8 (0x00001f17) auipc   t5, 0x1
core   0: 3 0x8000ece8 (0x00001f17) x30 0x8000fce8
core   0: 0x8000ecec (0x303f2c23) sw      gp, 792(t5)
core   0: 3 0x8000ecec (0x303f2c23) mem 0x80010000 0x00000001
core   0: 0x8000ecf0 (0x0000bfe5) c.j     pc - 8
core   0: 3 0x8000ecf0 (0xbfe5)
core   0: 0x8000ece8 (0x00001f17) auipc   t5, 0x1
core   0: 3 0x8000ece8 (0x00001f17) x30 0x8000fce8
core   0: 0x8000ecec (0x303f2c23) sw      gp, 792(t5)
core   0: 3 0x8000ecec (0x303f2c23) mem 0x80010000 0x00000001
core   0: 0x8000ecf0 (0x0000bfe5) c.j     pc - 8
core   0: 3 0x8000ecf0 (0xbfe5)
core   0: 0x8000ece8 (0x00001f17) auipc   t5, 0x1
core   0: 3 0x8000ece8 (0x00001f17) x30 0x8000fce8
core   0: 0x8000ecec (0x303f2c23) sw      gp, 792(t5)
core   0: 3 0x8000ecec (0x303f2c23) mem 0x80010000 0x00000001
core   0: 0x8000ecf0 (0x0000bfe5) c.j     pc - 8
core   0: 3 0x8000ecf0 (0xbfe5)
core   0: 0x8000ece8 (0x00001f17) auipc   t5, 0x1
core   0: 3 0x8000ece8 (0x00001f17) x30 0x8000fce8
core   0: 0x8000ecec (0x303f2c23) sw      gp, 792(t5)
core   0: 3 0x8000ecec (0x303f2c23) mem 0x80010000 0x00000001
core   0: 0x8000ecf0 (0x0000bfe5) c.j     pc - 8
core   0: 3 0x8000ecf0 (0xbfe5)
core   0: 0x8000ece8 (0x00001f17) auipc   t5, 0x1
core   0: 3 0x8000ece8 (0x00001f17) x30 0x8000fce8
core   0: 0x8000ecec (0x303f2c23) sw      gp, 792(t5)
core   0: 3 0x8000ecec (0x303f2c23) mem 0x80010000 0x00000001
core   0: 0x8000ecf0 (0x0000bfe5) c.j     pc - 8
core   0: 3 0x8000ecf0 (0xbfe5)
core   0: 0x8000ece8 (0x00001f17) auipc   t5, 0x1
core   0: 3 0x8000ece8 (0x00001f17) x30 0x8000fce8
core   0: 0x8000ecec (0x303f2c23) sw      gp, 792(t5)
core   0: 3 0x8000ecec (0x303f2c23) mem 0x80010000 0x00000001
core   0: 0x8000ecf0 (0x0000bfe5) c.j     pc - 8
core   0: 3 0x8000ecf0 (0xbfe5)
core   0: 0x8000ece8 (0x00001f17) auipc   t5, 0x1
core   0: 3 0x8000ece8 (0x00001f17) x30 0x8000fce8
core   0: 0x8000ecec (0x303f2c23) sw      gp, 792(t5)
core   0: 3 0x8000ecec (0x303f2c23) mem 0x80010000 0x00000001
core   0: 0x8000ecf0 (0x0000bfe5) c.j     pc - 8
core   0: 3 0x8000ecf0 (0xbfe5)
core   0: 0x8000ece8 (0x00001f17) auipc   t5, 0x1
core   0: 3 0x8000ece8 (0x00001f17) x30 0x8000fce8
core   0: 0x8000ecec (0x303f2c23) sw      gp, 792(t5)
core   0: 3 0x8000ecec (0x303f2c23) mem 0x80010000 0x00000001
core   0: 0x8000ecf0 (0x0000bfe5) c.j     pc - 8
core   0: 3 0x8000ecf0 (0xbfe5)
core   0: 0x8000ece8 (0x00001f17) auipc   t5, 0x1
core   0: 3 0x8000ece8 (0x00001f17) x30 0x8000fce8
core   0: 0x8000ecec (0x303f2c23) sw      gp, 792(t5)
core   0: 3 0x8000ecec (0x303f2c23) mem 0x80010000 0x00000001
core   0: 0x8000ecf0 (0x0000bfe5) c.j     pc - 8
core   0: 3 0x8000ecf0 (0xbfe5)
core   0: 0x8000ece8 (0x00001f17) auipc   t5, 0x1
core   0: 3 0x8000ece8 (0x00001f17) x30 0x8000fce8
core   0: 0x8000ecec (0x303f2c23) sw      gp, 792(t5)
core   0: 3 0x8000ecec (0x303f2c23) mem 0x80010000 0x00000001
core   0: 0x8000ecf0 (0x0000bfe5) c.j     pc - 8
core   0: 3 0x8000ecf0 (0xbfe5)
core   0: 0x8000ece8 (0x00001f17) auipc   t5, 0x1
core   0: 3 0x8000ece8 (0x00001f17) x30 0x8000fce8
core   0: 0x8000ecec (0x303f2c23) sw      gp, 792(t5)
core   0: 3 0x8000ecec (0x303f2c23) mem 0x80010000 0x00000001
core   0: 0x8000ecf0 (0x0000bfe5) c.j     pc - 8
core   0: 3 0x8000ecf0 (0xbfe5)
core   0: 0x8000ece8 (0x00001f17) auipc   t5, 0x1
core   0: 3 0x8000ece8 (0x00001f17) x30 0x8000fce8
core   0: 0x8000ecec (0x303f2c23) sw      gp, 792(t5)
core   0: 3 0x8000ecec (0x303f2c23) mem 0x80010000 0x00000001
core   0: 0x8000ecf0 (0x0000bfe5) c.j     pc - 8
core   0: 3 0x8000ecf0 (0xbfe5)
core   0: 0x8000ece8 (0x00001f17) auipc   t5, 0x1
core   0: 3 0x8000ece8 (0x00001f17) x30 0x8000fce8
core   0: 0x8000ecec (0x303f2c23) sw      gp, 792(t5)
core   0: 3 0x8000ecec (0x303f2c23) mem 0x80010000 0x00000001
core   0: 0x8000ecf0 (0x0000bfe5) c.j     pc - 8
core   0: 3 0x8000ecf0 (0xbfe5)
core   0: 0x8000ece8 (0x00001f17) auipc   t5, 0x1
core   0: 3 0x8000ece8 (0x00001f17) x30 0x8000fce8
core   0: 0x8000ecec (0x303f2c23) sw      gp, 792(t5)
core   0: 3 0x8000ecec (0x303f2c23) mem 0x80010000 0x00000001
core   0: 0x8000ecf0 (0x0000bfe5) c.j     pc - 8
core   0: 3 0x8000ecf0 (0xbfe5)
core   0: 0x8000ece8 (0x00001f17) auipc   t5, 0x1
core   0: 3 0x8000ece8 (0x00001f17) x30 0x8000fce8
core   0: 0x8000ecec (0x303f2c23) sw      gp, 792(t5)
core   0: 3 0x8000ecec (0x303f2c23) mem 0x80010000 0x00000001
core   0: 0x8000ecf0 (0x0000bfe5) c.j     pc - 8
core   0: 3 0x8000ecf0 (0xbfe5)
core   0: 0x8000ece8 (0x00001f17) auipc   t5, 0x1
core   0: 3 0x8000ece8 (0x00001f17) x30 0x8000fce8
core   0: 0x8000ecec (0x303f2c23) sw      gp, 792(t5)
core   0: 3 0x8000ecec (0x303f2c23) mem 0x80010000 0x00000001
core   0: 0x8000ecf0 (0x0000bfe5) c.j     pc - 8
core   0: 3 0x8000ecf0 (0xbfe5)
core   0: 0x8000ece8 (0x00001f17) auipc   t5, 0x1
core   0: 3 0x8000ece8 (0x00001f17) x30 0x8000fce8
core   0: 0x8000ecec (0x303f2c23) sw      gp, 792(t5)
core   0: 3 0x8000ecec (0x303f2c23) mem 0x80010000 0x00000001
core   0: 0x8000ecf0 (0x0000bfe5) c.j     pc - 8
core   0: 3 0x8000ecf0 (0xbfe5)
core   0: 0x8000ece8 (0x00001f17) auipc   t5, 0x1
core   0: 3 0x8000ece8 (0x00001f17) x30 0x8000fce8
core   0: 0x8000ecec (0x303f2c23) sw      gp, 792(t5)
core   0: 3 0x8000ecec (0x303f2c23) mem 0x80010000 0x00000001
core   0: 0x8000ecf0 (0x0000bfe5) c.j     pc - 8
core   0: 3 0x8000ecf0 (0xbfe5)
core   0: 0x8000ece8 (0x00001f17) auipc   t5, 0x1
core   0: 3 0x8000ece8 (0x00001f17) x30 0x8000fce8
core   0: 0x8000ecec (0x303f2c23) sw      gp, 792(t5)
core   0: 3 0x8000ecec (0x303f2c23) mem 0x80010000 0x00000001
core   0: 0x8000ecf0 (0x0000bfe5) c.j     pc - 8
core   0: 3 0x8000ecf0 (0xbfe5)
core   0: 0x8000ece8 (0x00001f17) auipc   t5, 0x1
core   0: 3 0x8000ece8 (0x00001f17) x30 0x8000fce8
core   0: 0x8000ecec (0x303f2c23) sw      gp, 792(t5)
core   0: 3 0x8000ecec (0x303f2c23) mem 0x80010000 0x00000001
core   0: 0x8000ecf0 (0x0000bfe5) c.j     pc - 8
core   0: 3 0x8000ecf0 (0xbfe5)
core   0: 0x8000ece8 (0x00001f17) auipc   t5, 0x1
core   0: 3 0x8000ece8 (0x00001f17) x30 0x8000fce8
core   0: 0x8000ecec (0x303f2c23) sw      gp, 792(t5)
core   0: 3 0x8000ecec (0x303f2c23) mem 0x80010000 0x00000001
core   0: 0x8000ecf0 (0x0000bfe5) c.j     pc - 8
core   0: 3 0x8000ecf0 (0xbfe5)
core   0: 0x8000ece8 (0x00001f17) auipc   t5, 0x1
core   0: 3 0x8000ece8 (0x00001f17) x30 0x8000fce8
core   0: 0x8000ecec (0x303f2c23) sw      gp, 792(t5)
core   0: 3 0x8000ecec (0x303f2c23) mem 0x80010000 0x00000001
core   0: 0x8000ecf0 (0x0000bfe5) c.j     pc - 8
core   0: 3 0x8000ecf0 (0xbfe5)
core   0: 0x8000ece8 (0x00001f17) auipc   t5, 0x1
core   0: 3 0x8000ece8 (0x00001f17) x30 0x8000fce8
core   0: 0x8000ecec (0x303f2c23) sw      gp, 792(t5)
core   0: 3 0x8000ecec (0x303f2c23) mem 0x80010000 0x00000001
core   0: 0x8000ecf0 (0x0000bfe5) c.j     pc - 8
core   0: 3 0x8000ecf0 (0xbfe5)
core   0: 0x8000ece8 (0x00001f17) auipc   t5, 0x1
core   0: 3 0x8000ece8 (0x00001f17) x30 0x8000fce8
core   0: 0x8000ecec (0x303f2c23) sw      gp, 792(t5)
core   0: 3 0x8000ecec (0x303f2c23) mem 0x80010000 0x00000001
core   0: 0x8000ecf0 (0x0000bfe5) c.j     pc - 8
core   0: 3 0x8000ecf0 (0xbfe5)
core   0: 0x8000ece8 (0x00001f17) auipc   t5, 0x1
core   0: 3 0x8000ece8 (0x00001f17) x30 0x8000fce8
core   0: 0x8000ecec (0x303f2c23) sw      gp, 792(t5)
core   0: 3 0x8000ecec (0x303f2c23) mem 0x80010000 0x00000001
core   0: 0x8000ecf0 (0x0000bfe5) c.j     pc - 8
core   0: 3 0x8000ecf0 (0xbfe5)
core   0: 0x8000ece8 (0x00001f17) auipc   t5, 0x1
core   0: 3 0x8000ece8 (0x00001f17) x30 0x8000fce8
core   0: 0x8000ecec (0x303f2c23) sw      gp, 792(t5)
core   0: 3 0x8000ecec (0x303f2c23) mem 0x80010000 0x00000001
core   0: 0x8000ecf0 (0x0000bfe5) c.j     pc - 8
core   0: 3 0x8000ecf0 (0xbfe5)
core   0: 0x8000ece8 (0x00001f17) auipc   t5, 0x1
core   0: 3 0x8000ece8 (0x00001f17) x30 0x8000fce8
core   0: 0x8000ecec (0x303f2c23) sw      gp, 792(t5)
core   0: 3 0x8000ecec (0x303f2c23) mem 0x80010000 0x00000001
core   0: 0x8000ecf0 (0x0000bfe5) c.j     pc - 8
core   0: 3 0x8000ecf0 (0xbfe5)
core   0: 0x8000ece8 (0x00001f17) auipc   t5, 0x1
core   0: 3 0x8000ece8 (0x00001f17) x30 0x8000fce8
core   0: 0x8000ecec (0x303f2c23) sw      gp, 792(t5)
core   0: 3 0x8000ecec (0x303f2c23) mem 0x80010000 0x00000001
core   0: 0x8000ecf0 (0x0000bfe5) c.j     pc - 8
core   0: 3 0x8000ecf0 (0xbfe5)
core   0: 0x8000ece8 (0x00001f17) auipc   t5, 0x1
core   0: 3 0x8000ece8 (0x00001f17) x30 0x8000fce8
core   0: 0x8000ecec (0x303f2c23) sw      gp, 792(t5)
core   0: 3 0x8000ecec (0x303f2c23) mem 0x80010000 0x00000001
core   0: 0x8000ecf0 (0x0000bfe5) c.j     pc - 8
core   0: 3 0x8000ecf0 (0xbfe5)
core   0: 0x8000ece8 (0x00001f17) auipc   t5, 0x1
core   0: 3 0x8000ece8 (0x00001f17) x30 0x8000fce8
core   0: 0x8000ecec (0x303f2c23) sw      gp, 792(t5)
core   0: 3 0x8000ecec (0x303f2c23) mem 0x80010000 0x00000001
core   0: 0x8000ecf0 (0x0000bfe5) c.j     pc - 8
core   0: 3 0x8000ecf0 (0xbfe5)
core   0: 0x8000ece8 (0x00001f17) auipc   t5, 0x1
core   0: 3 0x8000ece8 (0x00001f17) x30 0x8000fce8
core   0: 0x8000ecec (0x303f2c23) sw      gp, 792(t5)
core   0: 3 0x8000ecec (0x303f2c23) mem 0x80010000 0x00000001
core   0: 0x8000ecf0 (0x0000bfe5) c.j     pc - 8
core   0: 3 0x8000ecf0 (0xbfe5)
core   0: 0x8000ece8 (0x00001f17) auipc   t5, 0x1
core   0: 3 0x8000ece8 (0x00001f17) x30 0x8000fce8
core   0: 0x8000ecec (0x303f2c23) sw      gp, 792(t5)
core   0: 3 0x8000ecec (0x303f2c23) mem 0x80010000 0x00000001
core   0: 0x8000ecf0 (0x0000bfe5) c.j     pc - 8
core   0: 3 0x8000ecf0 (0xbfe5)
core   0: 0x8000ece8 (0x00001f17) auipc   t5, 0x1
core   0: 3 0x8000ece8 (0x00001f17) x30 0x8000fce8
core   0: 0x8000ecec (0x303f2c23) sw      gp, 792(t5)
core   0: 3 0x8000ecec (0x303f2c23) mem 0x80010000 0x00000001
core   0: 0x8000ecf0 (0x0000bfe5) c.j     pc - 8
core   0: 3 0x8000ecf0 (0xbfe5)
core   0: 0x8000ece8 (0x00001f17) auipc   t5, 0x1
core   0: 3 0x8000ece8 (0x00001f17) x30 0x8000fce8
core   0: 0x8000ecec (0x303f2c23) sw      gp, 792(t5)
core   0: 3 0x8000ecec (0x303f2c23) mem 0x80010000 0x00000001
core   0: 0x8000ecf0 (0x0000bfe5) c.j     pc - 8
core   0: 3 0x8000ecf0 (0xbfe5)
core   0: 0x8000ece8 (0x00001f17) auipc   t5, 0x1
core   0: 3 0x8000ece8 (0x00001f17) x30 0x8000fce8
core   0: 0x8000ecec (0x303f2c23) sw      gp, 792(t5)
core   0: 3 0x8000ecec (0x303f2c23) mem 0x80010000 0x00000001
core   0: 0x8000ecf0 (0x0000bfe5) c.j     pc - 8
core   0: 3 0x8000ecf0 (0xbfe5)
core   0: 0x8000ece8 (0x00001f17) auipc   t5, 0x1
core   0: 3 0x8000ece8 (0x00001f17) x30 0x8000fce8
core   0: 0x8000ecec (0x303f2c23) sw      gp, 792(t5)
core   0: 3 0x8000ecec (0x303f2c23) mem 0x80010000 0x00000001
core   0: 0x8000ecf0 (0x0000bfe5) c.j     pc - 8
core   0: 3 0x8000ecf0 (0xbfe5)
core   0: 0x8000ece8 (0x00001f17) auipc   t5, 0x1
core   0: 3 0x8000ece8 (0x00001f17) x30 0x8000fce8
core   0: 0x8000ecec (0x303f2c23) sw      gp, 792(t5)
core   0: 3 0x8000ecec (0x303f2c23) mem 0x80010000 0x00000001
core   0: 0x8000ecf0 (0x0000bfe5) c.j     pc - 8
core   0: 3 0x8000ecf0 (0xbfe5)
core   0: 0x8000ece8 (0x00001f17) auipc   t5, 0x1
core   0: 3 0x8000ece8 (0x00001f17) x30 0x8000fce8
core   0: 0x8000ecec (0x303f2c23) sw      gp, 792(t5)
core   0: 3 0x8000ecec (0x303f2c23) mem 0x80010000 0x00000001
core   0: 0x8000ecf0 (0x0000bfe5) c.j     pc - 8
core   0: 3 0x8000ecf0 (0xbfe5)
core   0: 0x8000ece8 (0x00001f17) auipc   t5, 0x1
core   0: 3 0x8000ece8 (0x00001f17) x30 0x8000fce8
core   0: 0x8000ecec (0x303f2c23) sw      gp, 792(t5)
core   0: 3 0x8000ecec (0x303f2c23) mem 0x80010000 0x00000001
core   0: 0x8000ecf0 (0x0000bfe5) c.j     pc - 8
core   0: 3 0x8000ecf0 (0xbfe5)
core   0: 0x8000ece8 (0x00001f17) auipc   t5, 0x1
core   0: 3 0x8000ece8 (0x00001f17) x30 0x8000fce8
core   0: 0x8000ecec (0x303f2c23) sw      gp, 792(t5)
core   0: 3 0x8000ecec (0x303f2c23) mem 0x80010000 0x00000001
core   0: 0x8000ecf0 (0x0000bfe5) c.j     pc - 8
core   0: 3 0x8000ecf0 (0xbfe5)
core   0: 0x8000ece8 (0x00001f17) auipc   t5, 0x1
core   0: 3 0x8000ece8 (0x00001f17) x30 0x8000fce8
core   0: 0x8000ecec (0x303f2c23) sw      gp, 792(t5)
core   0: 3 0x8000ecec (0x303f2c23) mem 0x80010000 0x00000001
core   0: 0x8000ecf0 (0x0000bfe5) c.j     pc - 8
core   0: 3 0x8000ecf0 (0xbfe5)
core   0: 0x8000ece8 (0x00001f17) auipc   t5, 0x1
core   0: 3 0x8000ece8 (0x00001f17) x30 0x8000fce8
core   0: 0x8000ecec (0x303f2c23) sw      gp, 792(t5)
core   0: 3 0x8000ecec (0x303f2c23) mem 0x80010000 0x00000001
core   0: 0x8000ecf0 (0x0000bfe5) c.j     pc - 8
core   0: 3 0x8000ecf0 (0xbfe5)
core   0: 0x8000ece8 (0x00001f17) auipc   t5, 0x1
core   0: 3 0x8000ece8 (0x00001f17) x30 0x8000fce8
core   0: 0x8000ecec (0x303f2c23) sw      gp, 792(t5)
core   0: 3 0x8000ecec (0x303f2c23) mem 0x80010000 0x00000001
core   0: 0x8000ecf0 (0x0000bfe5) c.j     pc - 8
core   0: 3 0x8000ecf0 (0xbfe5)
core   0: 0x8000ece8 (0x00001f17) auipc   t5, 0x1
core   0: 3 0x8000ece8 (0x00001f17) x30 0x8000fce8
core   0: 0x8000ecec (0x303f2c23) sw      gp, 792(t5)
core   0: 3 0x8000ecec (0x303f2c23) mem 0x80010000 0x00000001
core   0: 0x8000ecf0 (0x0000bfe5) c.j     pc - 8
core   0: 3 0x8000ecf0 (0xbfe5)
core   0: 0x8000ece8 (0x00001f17) auipc   t5, 0x1
core   0: 3 0x8000ece8 (0x00001f17) x30 0x8000fce8
core   0: 0x8000ecec (0x303f2c23) sw      gp, 792(t5)
core   0: 3 0x8000ecec (0x303f2c23) mem 0x80010000 0x00000001
core   0: 0x8000ecf0 (0x0000bfe5) c.j     pc - 8
core   0: 3 0x8000ecf0 (0xbfe5)
core   0: 0x8000ece8 (0x00001f17) auipc   t5, 0x1
core   0: 3 0x8000ece8 (0x00001f17) x30 0x8000fce8
core   0: 0x8000ecec (0x303f2c23) sw      gp, 792(t5)
core   0: 3 0x8000ecec (0x303f2c23) mem 0x80010000 0x00000001
core   0: 0x8000ecf0 (0x0000bfe5) c.j     pc - 8
core   0: 3 0x8000ecf0 (0xbfe5)
core   0: 0x8000ece8 (0x00001f17) auipc   t5, 0x1
core   0: 3 0x8000ece8 (0x00001f17) x30 0x8000fce8
core   0: 0x8000ecec (0x303f2c23) sw      gp, 792(t5)
core   0: 3 0x8000ecec (0x303f2c23) mem 0x80010000 0x00000001
core   0: 0x8000ecf0 (0x0000bfe5) c.j     pc - 8
core   0: 3 0x8000ecf0 (0xbfe5)
core   0: 0x8000ece8 (0x00001f17) auipc   t5, 0x1
core   0: 3 0x8000ece8 (0x00001f17) x30 0x8000fce8
core   0: 0x8000ecec (0x303f2c23) sw      gp, 792(t5)
core   0: 3 0x8000ecec (0x303f2c23) mem 0x80010000 0x00000001
core   0: 0x8000ecf0 (0x0000bfe5) c.j     pc - 8
core   0: 3 0x8000ecf0 (0xbfe5)
core   0: 0x8000ece8 (0x00001f17) auipc   t5, 0x1
core   0: 3 0x8000ece8 (0x00001f17) x30 0x8000fce8
core   0: 0x8000ecec (0x303f2c23) sw      gp, 792(t5)
core   0: 3 0x8000ecec (0x303f2c23) mem 0x80010000 0x00000001
core   0: 0x8000ecf0 (0x0000bfe5) c.j     pc - 8
core   0: 3 0x8000ecf0 (0xbfe5)
core   0: 0x8000ece8 (0x00001f17) auipc   t5, 0x1
core   0: 3 0x8000ece8 (0x00001f17) x30 0x8000fce8
core   0: 0x8000ecec (0x303f2c23) sw      gp, 792(t5)
core   0: 3 0x8000ecec (0x303f2c23) mem 0x80010000 0x00000001
core   0: 0x8000ecf0 (0x0000bfe5) c.j     pc - 8
core   0: 3 0x8000ecf0 (0xbfe5)
core   0: 0x8000ece8 (0x00001f17) auipc   t5, 0x1
core   0: 3 0x8000ece8 (0x00001f17) x30 0x8000fce8
core   0: 0x8000ecec (0x303f2c23) sw      gp, 792(t5)
core   0: 3 0x8000ecec (0x303f2c23) mem 0x80010000 0x00000001
core   0: 0x8000ecf0 (0x0000bfe5) c.j     pc - 8
core   0: 3 0x8000ecf0 (0xbfe5)
core   0: 0x8000ece8 (0x00001f17) auipc   t5, 0x1
core   0: 3 0x8000ece8 (0x00001f17) x30 0x8000fce8
core   0: 0x8000ecec (0x303f2c23) sw      gp, 792(t5)
core   0: 3 0x8000ecec (0x303f2c23) mem 0x80010000 0x00000001
core   0: 0x8000ecf0 (0x0000bfe5) c.j     pc - 8
core   0: 3 0x8000ecf0 (0xbfe5)
core   0: 0x8000ece8 (0x00001f17) auipc   t5, 0x1
core   0: 3 0x8000ece8 (0x00001f17) x30 0x8000fce8
core   0: 0x8000ecec (0x303f2c23) sw      gp, 792(t5)
core   0: 3 0x8000ecec (0x303f2c23) mem 0x80010000 0x00000001
core   0: 0x8000ecf0 (0x0000bfe5) c.j     pc - 8
core   0: 3 0x8000ecf0 (0xbfe5)
core   0: 0x8000ece8 (0x00001f17) auipc   t5, 0x1
core   0: 3 0x8000ece8 (0x00001f17) x30 0x8000fce8
core   0: 0x8000ecec (0x303f2c23) sw      gp, 792(t5)
core   0: 3 0x8000ecec (0x303f2c23) mem 0x80010000 0x00000001
core   0: 0x8000ecf0 (0x0000bfe5) c.j     pc - 8
core   0: 3 0x8000ecf0 (0xbfe5)
core   0: 0x8000ece8 (0x00001f17) auipc   t5, 0x1
core   0: 3 0x8000ece8 (0x00001f17) x30 0x8000fce8
core   0: 0x8000ecec (0x303f2c23) sw      gp, 792(t5)
core   0: 3 0x8000ecec (0x303f2c23) mem 0x80010000 0x00000001
core   0: 0x8000ecf0 (0x0000bfe5) c.j     pc - 8
core   0: 3 0x8000ecf0 (0xbfe5)
core   0: 0x8000ece8 (0x00001f17) auipc   t5, 0x1
core   0: 3 0x8000ece8 (0x00001f17) x30 0x8000fce8
core   0: 0x8000ecec (0x303f2c23) sw      gp, 792(t5)
core   0: 3 0x8000ecec (0x303f2c23) mem 0x80010000 0x00000001
core   0: 0x8000ecf0 (0x0000bfe5) c.j     pc - 8
core   0: 3 0x8000ecf0 (0xbfe5)
core   0: 0x8000ece8 (0x00001f17) auipc   t5, 0x1
core   0: 3 0x8000ece8 (0x00001f17) x30 0x8000fce8
core   0: 0x8000ecec (0x303f2c23) sw      gp, 792(t5)
core   0: 3 0x8000ecec (0x303f2c23) mem 0x80010000 0x00000001
core   0: 0x8000ecf0 (0x0000bfe5) c.j     pc - 8
core   0: 3 0x8000ecf0 (0xbfe5)
core   0: 0x8000ece8 (0x00001f17) auipc   t5, 0x1
core   0: 3 0x8000ece8 (0x00001f17) x30 0x8000fce8
core   0: 0x8000ecec (0x303f2c23) sw      gp, 792(t5)
core   0: 3 0x8000ecec (0x303f2c23) mem 0x80010000 0x00000001
core   0: 0x8000ecf0 (0x0000bfe5) c.j     pc - 8
core   0: 3 0x8000ecf0 (0xbfe5)
core   0: 0x8000ece8 (0x00001f17) auipc   t5, 0x1
core   0: 3 0x8000ece8 (0x00001f17) x30 0x8000fce8
core   0: 0x8000ecec (0x303f2c23) sw      gp, 792(t5)
core   0: 3 0x8000ecec (0x303f2c23) mem 0x80010000 0x00000001
core   0: 0x8000ecf0 (0x0000bfe5) c.j     pc - 8
core   0: 3 0x8000ecf0 (0xbfe5)
core   0: 0x8000ece8 (0x00001f17) auipc   t5, 0x1
core   0: 3 0x8000ece8 (0x00001f17) x30 0x8000fce8
core   0: 0x8000ecec (0x303f2c23) sw      gp, 792(t5)
core   0: 3 0x8000ecec (0x303f2c23) mem 0x80010000 0x00000001
core   0: 0x8000ecf0 (0x0000bfe5) c.j     pc - 8
core   0: 3 0x8000ecf0 (0xbfe5)
core   0: 0x8000ece8 (0x00001f17) auipc   t5, 0x1
core   0: 3 0x8000ece8 (0x00001f17) x30 0x8000fce8
core   0: 0x8000ecec (0x303f2c23) sw      gp, 792(t5)
core   0: 3 0x8000ecec (0x303f2c23) mem 0x80010000 0x00000001
core   0: 0x8000ecf0 (0x0000bfe5) c.j     pc - 8
core   0: 3 0x8000ecf0 (0xbfe5)
core   0: 0x8000ece8 (0x00001f17) auipc   t5, 0x1
core   0: 3 0x8000ece8 (0x00001f17) x30 0x8000fce8
core   0: 0x8000ecec (0x303f2c23) sw      gp, 792(t5)
core   0: 3 0x8000ecec (0x303f2c23) mem 0x80010000 0x00000001
core   0: 0x8000ecf0 (0x0000bfe5) c.j     pc - 8
core   0: 3 0x8000ecf0 (0xbfe5)
core   0: 0x8000ece8 (0x00001f17) auipc   t5, 0x1
core   0: 3 0x8000ece8 (0x00001f17) x30 0x8000fce8
core   0: 0x8000ecec (0x303f2c23) sw      gp, 792(t5)
core   0: 3 0x8000ecec (0x303f2c23) mem 0x80010000 0x00000001
core   0: 0x8000ecf0 (0x0000bfe5) c.j     pc - 8
core   0: 3 0x8000ecf0 (0xbfe5)
core   0: 0x8000ece8 (0x00001f17) auipc   t5, 0x1
core   0: 3 0x8000ece8 (0x00001f17) x30 0x8000fce8
core   0: 0x8000ecec (0x303f2c23) sw      gp, 792(t5)
core   0: 3 0x8000ecec (0x303f2c23) mem 0x80010000 0x00000001
core   0: 0x8000ecf0 (0x0000bfe5) c.j     pc - 8
core   0: 3 0x8000ecf0 (0xbfe5)
core   0: 0x8000ece8 (0x00001f17) auipc   t5, 0x1
core   0: 3 0x8000ece8 (0x00001f17) x30 0x8000fce8
core   0: 0x8000ecec (0x303f2c23) sw      gp, 792(t5)
core   0: 3 0x8000ecec (0x303f2c23) mem 0x80010000 0x00000001
core   0: 0x8000ecf0 (0x0000bfe5) c.j     pc - 8
core   0: 3 0x8000ecf0 (0xbfe5)
core   0: 0x8000ece8 (0x00001f17) auipc   t5, 0x1
core   0: 3 0x8000ece8 (0x00001f17) x30 0x8000fce8
core   0: 0x8000ecec (0x303f2c23) sw      gp, 792(t5)
core   0: 3 0x8000ecec (0x303f2c23) mem 0x80010000 0x00000001
core   0: 0x8000ecf0 (0x0000bfe5) c.j     pc - 8
core   0: 3 0x8000ecf0 (0xbfe5)
core   0: 0x8000ece8 (0x00001f17) auipc   t5, 0x1
core   0: 3 0x8000ece8 (0x00001f17) x30 0x8000fce8
core   0: 0x8000ecec (0x303f2c23) sw      gp, 792(t5)
core   0: 3 0x8000ecec (0x303f2c23) mem 0x80010000 0x00000001
core   0: 0x8000ecf0 (0x0000bfe5) c.j     pc - 8
core   0: 3 0x8000ecf0 (0xbfe5)
core   0: 0x8000ece8 (0x00001f17) auipc   t5, 0x1
core   0: 3 0x8000ece8 (0x00001f17) x30 0x8000fce8
core   0: 0x8000ecec (0x303f2c23) sw      gp, 792(t5)
core   0: 3 0x8000ecec (0x303f2c23) mem 0x80010000 0x00000001
core   0: 0x8000ecf0 (0x0000bfe5) c.j     pc - 8
core   0: 3 0x8000ecf0 (0xbfe5)
core   0: 0x8000ece8 (0x00001f17) auipc   t5, 0x1
core   0: 3 0x8000ece8 (0x00001f17) x30 0x8000fce8
core   0: 0x8000ecec (0x303f2c23) sw      gp, 792(t5)
core   0: 3 0x8000ecec (0x303f2c23) mem 0x80010000 0x00000001
core   0: 0x8000ecf0 (0x0000bfe5) c.j     pc - 8
core   0: 3 0x8000ecf0 (0xbfe5)
core   0: 0x8000ece8 (0x00001f17) auipc   t5, 0x1
core   0: 3 0x8000ece8 (0x00001f17) x30 0x8000fce8
core   0: 0x8000ecec (0x303f2c23) sw      gp, 792(t5)
core   0: 3 0x8000ecec (0x303f2c23) mem 0x80010000 0x00000001
core   0: 0x8000ecf0 (0x0000bfe5) c.j     pc - 8
core   0: 3 0x8000ecf0 (0xbfe5)
core   0: 0x8000ece8 (0x00001f17) auipc   t5, 0x1
core   0: 3 0x8000ece8 (0x00001f17) x30 0x8000fce8
core   0: 0x8000ecec (0x303f2c23) sw      gp, 792(t5)
core   0: 3 0x8000ecec (0x303f2c23) mem 0x80010000 0x00000001
core   0: 0x8000ecf0 (0x0000bfe5) c.j     pc - 8
core   0: 3 0x8000ecf0 (0xbfe5)
core   0: 0x8000ece8 (0x00001f17) auipc   t5, 0x1
core   0: 3 0x8000ece8 (0x00001f17) x30 0x8000fce8
core   0: 0x8000ecec (0x303f2c23) sw      gp, 792(t5)
core   0: 3 0x8000ecec (0x303f2c23) mem 0x80010000 0x00000001
core   0: 0x8000ecf0 (0x0000bfe5) c.j     pc - 8
core   0: 3 0x8000ecf0 (0xbfe5)
core   0: 0x8000ece8 (0x00001f17) auipc   t5, 0x1
core   0: 3 0x8000ece8 (0x00001f17) x30 0x8000fce8
core   0: 0x8000ecec (0x303f2c23) sw      gp, 792(t5)
core   0: 3 0x8000ecec (0x303f2c23) mem 0x80010000 0x00000001
core   0: 0x8000ecf0 (0x0000bfe5) c.j     pc - 8
core   0: 3 0x8000ecf0 (0xbfe5)
core   0: 0x8000ece8 (0x00001f17) auipc   t5, 0x1
core   0: 3 0x8000ece8 (0x00001f17) x30 0x8000fce8
core   0: 0x8000ecec (0x303f2c23) sw      gp, 792(t5)
core   0: 3 0x8000ecec (0x303f2c23) mem 0x80010000 0x00000001
core   0: 0x8000ecf0 (0x0000bfe5) c.j     pc - 8
core   0: 3 0x8000ecf0 (0xbfe5)
core   0: 0x8000ece8 (0x00001f17) auipc   t5, 0x1
core   0: 3 0x8000ece8 (0x00001f17) x30 0x8000fce8
core   0: 0x8000ecec (0x303f2c23) sw      gp, 792(t5)
core   0: 3 0x8000ecec (0x303f2c23) mem 0x80010000 0x00000001
core   0: 0x8000ecf0 (0x0000bfe5) c.j     pc - 8
core   0: 3 0x8000ecf0 (0xbfe5)
core   0: 0x8000ece8 (0x00001f17) auipc   t5, 0x1
core   0: 3 0x8000ece8 (0x00001f17) x30 0x8000fce8
core   0: 0x8000ecec (0x303f2c23) sw      gp, 792(t5)
core   0: 3 0x8000ecec (0x303f2c23) mem 0x80010000 0x00000001
core   0: 0x8000ecf0 (0x0000bfe5) c.j     pc - 8
core   0: 3 0x8000ecf0 (0xbfe5)
core   0: 0x8000ece8 (0x00001f17) auipc   t5, 0x1
core   0: 3 0x8000ece8 (0x00001f17) x30 0x8000fce8
core   0: 0x8000ecec (0x303f2c23) sw      gp, 792(t5)
core   0: 3 0x8000ecec (0x303f2c23) mem 0x80010000 0x00000001
core   0: 0x8000ecf0 (0x0000bfe5) c.j     pc - 8
core   0: 3 0x8000ecf0 (0xbfe5)
core   0: 0x8000ece8 (0x00001f17) auipc   t5, 0x1
core   0: 3 0x8000ece8 (0x00001f17) x30 0x8000fce8
core   0: 0x8000ecec (0x303f2c23) sw      gp, 792(t5)
core   0: 3 0x8000ecec (0x303f2c23) mem 0x80010000 0x00000001
core   0: 0x8000ecf0 (0x0000bfe5) c.j     pc - 8
core   0: 3 0x8000ecf0 (0xbfe5)
core   0: 0x8000ece8 (0x00001f17) auipc   t5, 0x1
core   0: 3 0x8000ece8 (0x00001f17) x30 0x8000fce8
core   0: 0x8000ecec (0x303f2c23) sw      gp, 792(t5)
core   0: 3 0x8000ecec (0x303f2c23) mem 0x80010000 0x00000001
core   0: 0x8000ecf0 (0x0000bfe5) c.j     pc - 8
core   0: 3 0x8000ecf0 (0xbfe5)
core   0: 0x8000ece8 (0x00001f17) auipc   t5, 0x1
core   0: 3 0x8000ece8 (0x00001f17) x30 0x8000fce8
core   0: 0x8000ecec (0x303f2c23) sw      gp, 792(t5)
core   0: 3 0x8000ecec (0x303f2c23) mem 0x80010000 0x00000001
core   0: 0x8000ecf0 (0x0000bfe5) c.j     pc - 8
core   0: 3 0x8000ecf0 (0xbfe5)
core   0: 0x8000ece8 (0x00001f17) auipc   t5, 0x1
core   0: 3 0x8000ece8 (0x00001f17) x30 0x8000fce8
core   0: 0x8000ecec (0x303f2c23) sw      gp, 792(t5)
core   0: 3 0x8000ecec (0x303f2c23) mem 0x80010000 0x00000001
core   0: 0x8000ecf0 (0x0000bfe5) c.j     pc - 8
core   0: 3 0x8000ecf0 (0xbfe5)
core   0: 0x8000ece8 (0x00001f17) auipc   t5, 0x1
core   0: 3 0x8000ece8 (0x00001f17) x30 0x8000fce8
core   0: 0x8000ecec (0x303f2c23) sw      gp, 792(t5)
core   0: 3 0x8000ecec (0x303f2c23) mem 0x80010000 0x00000001
core   0: 0x8000ecf0 (0x0000bfe5) c.j     pc - 8
core   0: 3 0x8000ecf0 (0xbfe5)
core   0: 0x8000ece8 (0x00001f17) auipc   t5, 0x1
core   0: 3 0x8000ece8 (0x00001f17) x30 0x8000fce8
core   0: 0x8000ecec (0x303f2c23) sw      gp, 792(t5)
core   0: 3 0x8000ecec (0x303f2c23) mem 0x80010000 0x00000001
core   0: 0x8000ecf0 (0x0000bfe5) c.j     pc - 8
core   0: 3 0x8000ecf0 (0xbfe5)
core   0: 0x8000ece8 (0x00001f17) auipc   t5, 0x1
core   0: 3 0x8000ece8 (0x00001f17) x30 0x8000fce8
core   0: 0x8000ecec (0x303f2c23) sw      gp, 792(t5)
core   0: 3 0x8000ecec (0x303f2c23) mem 0x80010000 0x00000001
core   0: 0x8000ecf0 (0x0000bfe5) c.j     pc - 8
core   0: 3 0x8000ecf0 (0xbfe5)
core   0: 0x8000ece8 (0x00001f17) auipc   t5, 0x1
core   0: 3 0x8000ece8 (0x00001f17) x30 0x8000fce8
core   0: 0x8000ecec (0x303f2c23) sw      gp, 792(t5)
core   0: 3 0x8000ecec (0x303f2c23) mem 0x80010000 0x00000001
core   0: 0x8000ecf0 (0x0000bfe5) c.j     pc - 8
core   0: 3 0x8000ecf0 (0xbfe5)
core   0: 0x8000ece8 (0x00001f17) auipc   t5, 0x1
core   0: 3 0x8000ece8 (0x00001f17) x30 0x8000fce8
core   0: 0x8000ecec (0x303f2c23) sw      gp, 792(t5)
core   0: 3 0x8000ecec (0x303f2c23) mem 0x80010000 0x00000001
core   0: 0x8000ecf0 (0x0000bfe5) c.j     pc - 8
core   0: 3 0x8000ecf0 (0xbfe5)
core   0: 0x8000ece8 (0x00001f17) auipc   t5, 0x1
core   0: 3 0x8000ece8 (0x00001f17) x30 0x8000fce8
core   0: 0x8000ecec (0x303f2c23) sw      gp, 792(t5)
core   0: 3 0x8000ecec (0x303f2c23) mem 0x80010000 0x00000001
core   0: 0x8000ecf0 (0x0000bfe5) c.j     pc - 8
core   0: 3 0x8000ecf0 (0xbfe5)
core   0: 0x8000ece8 (0x00001f17) auipc   t5, 0x1
core   0: 3 0x8000ece8 (0x00001f17) x30 0x8000fce8
core   0: 0x8000ecec (0x303f2c23) sw      gp, 792(t5)
core   0: 3 0x8000ecec (0x303f2c23) mem 0x80010000 0x00000001
core   0: 0x8000ecf0 (0x0000bfe5) c.j     pc - 8
core   0: 3 0x8000ecf0 (0xbfe5)
core   0: 0x8000ece8 (0x00001f17) auipc   t5, 0x1
core   0: 3 0x8000ece8 (0x00001f17) x30 0x8000fce8
core   0: 0x8000ecec (0x303f2c23) sw      gp, 792(t5)
core   0: 3 0x8000ecec (0x303f2c23) mem 0x80010000 0x00000001
core   0: 0x8000ecf0 (0x0000bfe5) c.j     pc - 8
core   0: 3 0x8000ecf0 (0xbfe5)
core   0: 0x8000ece8 (0x00001f17) auipc   t5, 0x1
core   0: 3 0x8000ece8 (0x00001f17) x30 0x8000fce8
core   0: 0x8000ecec (0x303f2c23) sw      gp, 792(t5)
core   0: 3 0x8000ecec (0x303f2c23) mem 0x80010000 0x00000001
core   0: 0x8000ecf0 (0x0000bfe5) c.j     pc - 8
core   0: 3 0x8000ecf0 (0xbfe5)
core   0: 0x8000ece8 (0x00001f17) auipc   t5, 0x1
core   0: 3 0x8000ece8 (0x00001f17) x30 0x8000fce8
core   0: 0x8000ecec (0x303f2c23) sw      gp, 792(t5)
core   0: 3 0x8000ecec (0x303f2c23) mem 0x80010000 0x00000001
core   0: 0x8000ecf0 (0x0000bfe5) c.j     pc - 8
core   0: 3 0x8000ecf0 (0xbfe5)
core   0: 0x8000ece8 (0x00001f17) auipc   t5, 0x1
core   0: 3 0x8000ece8 (0x00001f17) x30 0x8000fce8
core   0: 0x8000ecec (0x303f2c23) sw      gp, 792(t5)
core   0: 3 0x8000ecec (0x303f2c23) mem 0x80010000 0x00000001
core   0: 0x8000ecf0 (0x0000bfe5) c.j     pc - 8
core   0: 3 0x8000ecf0 (0xbfe5)
core   0: 0x8000ece8 (0x00001f17) auipc   t5, 0x1
core   0: 3 0x8000ece8 (0x00001f17) x30 0x8000fce8
core   0: 0x8000ecec (0x303f2c23) sw      gp, 792(t5)
core   0: 3 0x8000ecec (0x303f2c23) mem 0x80010000 0x00000001
core   0: 0x8000ecf0 (0x0000bfe5) c.j     pc - 8
core   0: 3 0x8000ecf0 (0xbfe5)
core   0: 0x8000ece8 (0x00001f17) auipc   t5, 0x1
core   0: 3 0x8000ece8 (0x00001f17) x30 0x8000fce8
core   0: 0x8000ecec (0x303f2c23) sw      gp, 792(t5)
core   0: 3 0x8000ecec (0x303f2c23) mem 0x80010000 0x00000001
core   0: 0x8000ecf0 (0x0000bfe5) c.j     pc - 8
core   0: 3 0x8000ecf0 (0xbfe5)
core   0: 0x8000ece8 (0x00001f17) auipc   t5, 0x1
core   0: 3 0x8000ece8 (0x00001f17) x30 0x8000fce8
core   0: 0x8000ecec (0x303f2c23) sw      gp, 792(t5)
core   0: 3 0x8000ecec (0x303f2c23) mem 0x80010000 0x00000001
core   0: 0x8000ecf0 (0x0000bfe5) c.j     pc - 8
core   0: 3 0x8000ecf0 (0xbfe5)
core   0: 0x8000ece8 (0x00001f17) auipc   t5, 0x1
core   0: 3 0x8000ece8 (0x00001f17) x30 0x8000fce8
core   0: 0x8000ecec (0x303f2c23) sw      gp, 792(t5)
core   0: 3 0x8000ecec (0x303f2c23) mem 0x80010000 0x00000001
core   0: 0x8000ecf0 (0x0000bfe5) c.j     pc - 8
core   0: 3 0x8000ecf0 (0xbfe5)
core   0: 0x8000ece8 (0x00001f17) auipc   t5, 0x1
core   0: 3 0x8000ece8 (0x00001f17) x30 0x8000fce8
core   0: 0x8000ecec (0x303f2c23) sw      gp, 792(t5)
core   0: 3 0x8000ecec (0x303f2c23) mem 0x80010000 0x00000001
core   0: 0x8000ecf0 (0x0000bfe5) c.j     pc - 8
core   0: 3 0x8000ecf0 (0xbfe5)
core   0: 0x8000ece8 (0x00001f17) auipc   t5, 0x1
core   0: 3 0x8000ece8 (0x00001f17) x30 0x8000fce8
core   0: 0x8000ecec (0x303f2c23) sw      gp, 792(t5)
core   0: 3 0x8000ecec (0x303f2c23) mem 0x80010000 0x00000001
core   0: 0x8000ecf0 (0x0000bfe5) c.j     pc - 8
core   0: 3 0x8000ecf0 (0xbfe5)
core   0: 0x8000ece8 (0x00001f17) auipc   t5, 0x1
core   0: 3 0x8000ece8 (0x00001f17) x30 0x8000fce8
core   0: 0x8000ecec (0x303f2c23) sw      gp, 792(t5)
core   0: 3 0x8000ecec (0x303f2c23) mem 0x80010000 0x00000001
core   0: 0x8000ecf0 (0x0000bfe5) c.j     pc - 8
core   0: 3 0x8000ecf0 (0xbfe5)
core   0: 0x8000ece8 (0x00001f17) auipc   t5, 0x1
core   0: 3 0x8000ece8 (0x00001f17) x30 0x8000fce8
core   0: 0x8000ecec (0x303f2c23) sw      gp, 792(t5)
core   0: 3 0x8000ecec (0x303f2c23) mem 0x80010000 0x00000001
core   0: 0x8000ecf0 (0x0000bfe5) c.j     pc - 8
core   0: 3 0x8000ecf0 (0xbfe5)
core   0: 0x8000ece8 (0x00001f17) auipc   t5, 0x1
core   0: 3 0x8000ece8 (0x00001f17) x30 0x8000fce8
core   0: 0x8000ecec (0x303f2c23) sw      gp, 792(t5)
core   0: 3 0x8000ecec (0x303f2c23) mem 0x80010000 0x00000001
core   0: 0x8000ecf0 (0x0000bfe5) c.j     pc - 8
core   0: 3 0x8000ecf0 (0xbfe5)
core   0: 0x8000ece8 (0x00001f17) auipc   t5, 0x1
core   0: 3 0x8000ece8 (0x00001f17) x30 0x8000fce8
core   0: 0x8000ecec (0x303f2c23) sw      gp, 792(t5)
core   0: 3 0x8000ecec (0x303f2c23) mem 0x80010000 0x00000001
core   0: 0x8000ecf0 (0x0000bfe5) c.j     pc - 8
core   0: 3 0x8000ecf0 (0xbfe5)
core   0: 0x8000ece8 (0x00001f17) auipc   t5, 0x1
core   0: 3 0x8000ece8 (0x00001f17) x30 0x8000fce8
core   0: 0x8000ecec (0x303f2c23) sw      gp, 792(t5)
core   0: 3 0x8000ecec (0x303f2c23) mem 0x80010000 0x00000001
core   0: 0x8000ecf0 (0x0000bfe5) c.j     pc - 8
core   0: 3 0x8000ecf0 (0xbfe5)
core   0: 0x8000ece8 (0x00001f17) auipc   t5, 0x1
core   0: 3 0x8000ece8 (0x00001f17) x30 0x8000fce8
core   0: 0x8000ecec (0x303f2c23) sw      gp, 792(t5)
core   0: 3 0x8000ecec (0x303f2c23) mem 0x80010000 0x00000001
core   0: 0x8000ecf0 (0x0000bfe5) c.j     pc - 8
core   0: 3 0x8000ecf0 (0xbfe5)
core   0: 0x8000ece8 (0x00001f17) auipc   t5, 0x1
core   0: 3 0x8000ece8 (0x00001f17) x30 0x8000fce8
core   0: 0x8000ecec (0x303f2c23) sw      gp, 792(t5)
core   0: 3 0x8000ecec (0x303f2c23) mem 0x80010000 0x00000001
core   0: 0x8000ecf0 (0x0000bfe5) c.j     pc - 8
core   0: 3 0x8000ecf0 (0xbfe5)
core   0: 0x8000ece8 (0x00001f17) auipc   t5, 0x1
core   0: 3 0x8000ece8 (0x00001f17) x30 0x8000fce8
core   0: 0x8000ecec (0x303f2c23) sw      gp, 792(t5)
core   0: 3 0x8000ecec (0x303f2c23) mem 0x80010000 0x00000001
core   0: 0x8000ecf0 (0x0000bfe5) c.j     pc - 8
core   0: 3 0x8000ecf0 (0xbfe5)
core   0: 0x8000ece8 (0x00001f17) auipc   t5, 0x1
core   0: 3 0x8000ece8 (0x00001f17) x30 0x8000fce8
core   0: 0x8000ecec (0x303f2c23) sw      gp, 792(t5)
core   0: 3 0x8000ecec (0x303f2c23) mem 0x80010000 0x00000001
core   0: 0x8000ecf0 (0x0000bfe5) c.j     pc - 8
core   0: 3 0x8000ecf0 (0xbfe5)
core   0: 0x8000ece8 (0x00001f17) auipc   t5, 0x1
core   0: 3 0x8000ece8 (0x00001f17) x30 0x8000fce8
core   0: 0x8000ecec (0x303f2c23) sw      gp, 792(t5)
core   0: 3 0x8000ecec (0x303f2c23) mem 0x80010000 0x00000001
core   0: 0x8000ecf0 (0x0000bfe5) c.j     pc - 8
core   0: 3 0x8000ecf0 (0xbfe5)
core   0: 0x8000ece8 (0x00001f17) auipc   t5, 0x1
core   0: 3 0x8000ece8 (0x00001f17) x30 0x8000fce8
core   0: 0x8000ecec (0x303f2c23) sw      gp, 792(t5)
core   0: 3 0x8000ecec (0x303f2c23) mem 0x80010000 0x00000001
core   0: 0x8000ecf0 (0x0000bfe5) c.j     pc - 8
core   0: 3 0x8000ecf0 (0xbfe5)
core   0: 0x8000ece8 (0x00001f17) auipc   t5, 0x1
core   0: 3 0x8000ece8 (0x00001f17) x30 0x8000fce8
core   0: 0x8000ecec (0x303f2c23) sw      gp, 792(t5)
core   0: 3 0x8000ecec (0x303f2c23) mem 0x80010000 0x00000001
core   0: 0x8000ecf0 (0x0000bfe5) c.j     pc - 8
core   0: 3 0x8000ecf0 (0xbfe5)
core   0: 0x8000ece8 (0x00001f17) auipc   t5, 0x1
core   0: 3 0x8000ece8 (0x00001f17) x30 0x8000fce8
core   0: 0x8000ecec (0x303f2c23) sw      gp, 792(t5)
core   0: 3 0x8000ecec (0x303f2c23) mem 0x80010000 0x00000001
core   0: 0x8000ecf0 (0x0000bfe5) c.j     pc - 8
core   0: 3 0x8000ecf0 (0xbfe5)
core   0: 0x8000ece8 (0x00001f17) auipc   t5, 0x1
core   0: 3 0x8000ece8 (0x00001f17) x30 0x8000fce8
core   0: 0x8000ecec (0x303f2c23) sw      gp, 792(t5)
core   0: 3 0x8000ecec (0x303f2c23) mem 0x80010000 0x00000001
core   0: 0x8000ecf0 (0x0000bfe5) c.j     pc - 8
core   0: 3 0x8000ecf0 (0xbfe5)
core   0: 0x8000ece8 (0x00001f17) auipc   t5, 0x1
core   0: 3 0x8000ece8 (0x00001f17) x30 0x8000fce8
core   0: 0x8000ecec (0x303f2c23) sw      gp, 792(t5)
core   0: 3 0x8000ecec (0x303f2c23) mem 0x80010000 0x00000001
core   0: 0x8000ecf0 (0x0000bfe5) c.j     pc - 8
core   0: 3 0x8000ecf0 (0xbfe5)
core   0: 0x8000ece8 (0x00001f17) auipc   t5, 0x1
core   0: 3 0x8000ece8 (0x00001f17) x30 0x8000fce8
core   0: 0x8000ecec (0x303f2c23) sw      gp, 792(t5)
core   0: 3 0x8000ecec (0x303f2c23) mem 0x80010000 0x00000001
core   0: 0x8000ecf0 (0x0000bfe5) c.j     pc - 8
core   0: 3 0x8000ecf0 (0xbfe5)
core   0: 0x8000ece8 (0x00001f17) auipc   t5, 0x1
core   0: 3 0x8000ece8 (0x00001f17) x30 0x8000fce8
core   0: 0x8000ecec (0x303f2c23) sw      gp, 792(t5)
core   0: 3 0x8000ecec (0x303f2c23) mem 0x80010000 0x00000001
core   0: 0x8000ecf0 (0x0000bfe5) c.j     pc - 8
core   0: 3 0x8000ecf0 (0xbfe5)
core   0: 0x8000ece8 (0x00001f17) auipc   t5, 0x1
core   0: 3 0x8000ece8 (0x00001f17) x30 0x8000fce8
core   0: 0x8000ecec (0x303f2c23) sw      gp, 792(t5)
core   0: 3 0x8000ecec (0x303f2c23) mem 0x80010000 0x00000001
core   0: 0x8000ecf0 (0x0000bfe5) c.j     pc - 8
core   0: 3 0x8000ecf0 (0xbfe5)
core   0: 0x8000ece8 (0x00001f17) auipc   t5, 0x1
core   0: 3 0x8000ece8 (0x00001f17) x30 0x8000fce8
core   0: 0x8000ecec (0x303f2c23) sw      gp, 792(t5)
core   0: 3 0x8000ecec (0x303f2c23) mem 0x80010000 0x00000001
core   0: 0x8000ecf0 (0x0000bfe5) c.j     pc - 8
core   0: 3 0x8000ecf0 (0xbfe5)
core   0: 0x8000ece8 (0x00001f17) auipc   t5, 0x1
core   0: 3 0x8000ece8 (0x00001f17) x30 0x8000fce8
core   0: 0x8000ecec (0x303f2c23) sw      gp, 792(t5)
core   0: 3 0x8000ecec (0x303f2c23) mem 0x80010000 0x00000001
core   0: 0x8000ecf0 (0x0000bfe5) c.j     pc - 8
core   0: 3 0x8000ecf0 (0xbfe5)
core   0: 0x8000ece8 (0x00001f17) auipc   t5, 0x1
core   0: 3 0x8000ece8 (0x00001f17) x30 0x8000fce8
core   0: 0x8000ecec (0x303f2c23) sw      gp, 792(t5)
core   0: 3 0x8000ecec (0x303f2c23) mem 0x80010000 0x00000001
core   0: 0x8000ecf0 (0x0000bfe5) c.j     pc - 8
core   0: 3 0x8000ecf0 (0xbfe5)
core   0: 0x8000ece8 (0x00001f17) auipc   t5, 0x1
core   0: 3 0x8000ece8 (0x00001f17) x30 0x8000fce8
core   0: 0x8000ecec (0x303f2c23) sw      gp, 792(t5)
core   0: 3 0x8000ecec (0x303f2c23) mem 0x80010000 0x00000001
core   0: 0x8000ecf0 (0x0000bfe5) c.j     pc - 8
core   0: 3 0x8000ecf0 (0xbfe5)
core   0: 0x8000ece8 (0x00001f17) auipc   t5, 0x1
core   0: 3 0x8000ece8 (0x00001f17) x30 0x8000fce8
core   0: 0x8000ecec (0x303f2c23) sw      gp, 792(t5)
core   0: 3 0x8000ecec (0x303f2c23) mem 0x80010000 0x00000001
core   0: 0x8000ecf0 (0x0000bfe5) c.j     pc - 8
core   0: 3 0x8000ecf0 (0xbfe5)
core   0: 0x8000ece8 (0x00001f17) auipc   t5, 0x1
core   0: 3 0x8000ece8 (0x00001f17) x30 0x8000fce8
core   0: 0x8000ecec (0x303f2c23) sw      gp, 792(t5)
core   0: 3 0x8000ecec (0x303f2c23) mem 0x80010000 0x00000001
core   0: 0x8000ecf0 (0x0000bfe5) c.j     pc - 8
core   0: 3 0x8000ecf0 (0xbfe5)
core   0: 0x8000ece8 (0x00001f17) auipc   t5, 0x1
core   0: 3 0x8000ece8 (0x00001f17) x30 0x8000fce8
core   0: 0x8000ecec (0x303f2c23) sw      gp, 792(t5)
core   0: 3 0x8000ecec (0x303f2c23) mem 0x80010000 0x00000001
core   0: 0x8000ecf0 (0x0000bfe5) c.j     pc - 8
core   0: 3 0x8000ecf0 (0xbfe5)
core   0: 0x8000ece8 (0x00001f17) auipc   t5, 0x1
core   0: 3 0x8000ece8 (0x00001f17) x30 0x8000fce8
core   0: 0x8000ecec (0x303f2c23) sw      gp, 792(t5)
core   0: 3 0x8000ecec (0x303f2c23) mem 0x80010000 0x00000001
core   0: 0x8000ecf0 (0x0000bfe5) c.j     pc - 8
core   0: 3 0x8000ecf0 (0xbfe5)
core   0: 0x8000ece8 (0x00001f17) auipc   t5, 0x1
core   0: 3 0x8000ece8 (0x00001f17) x30 0x8000fce8
core   0: 0x8000ecec (0x303f2c23) sw      gp, 792(t5)
core   0: 3 0x8000ecec (0x303f2c23) mem 0x80010000 0x00000001
core   0: 0x8000ecf0 (0x0000bfe5) c.j     pc - 8
core   0: 3 0x8000ecf0 (0xbfe5)
core   0: 0x8000ece8 (0x00001f17) auipc   t5, 0x1
core   0: 3 0x8000ece8 (0x00001f17) x30 0x8000fce8
core   0: 0x8000ecec (0x303f2c23) sw      gp, 792(t5)
core   0: 3 0x8000ecec (0x303f2c23) mem 0x80010000 0x00000001
core   0: 0x8000ecf0 (0x0000bfe5) c.j     pc - 8
core   0: 3 0x8000ecf0 (0xbfe5)
core   0: 0x8000ece8 (0x00001f17) auipc   t5, 0x1
core   0: 3 0x8000ece8 (0x00001f17) x30 0x8000fce8
core   0: 0x8000ecec (0x303f2c23) sw      gp, 792(t5)
core   0: 3 0x8000ecec (0x303f2c23) mem 0x80010000 0x00000001
core   0: 0x8000ecf0 (0x0000bfe5) c.j     pc - 8
core   0: 3 0x8000ecf0 (0xbfe5)
core   0: 0x8000ece8 (0x00001f17) auipc   t5, 0x1
core   0: 3 0x8000ece8 (0x00001f17) x30 0x8000fce8
core   0: 0x8000ecec (0x303f2c23) sw      gp, 792(t5)
core   0: 3 0x8000ecec (0x303f2c23) mem 0x80010000 0x00000001
core   0: 0x8000ecf0 (0x0000bfe5) c.j     pc - 8
core   0: 3 0x8000ecf0 (0xbfe5)
core   0: 0x8000ece8 (0x00001f17) auipc   t5, 0x1
core   0: 3 0x8000ece8 (0x00001f17) x30 0x8000fce8
core   0: 0x8000ecec (0x303f2c23) sw      gp, 792(t5)
core   0: 3 0x8000ecec (0x303f2c23) mem 0x80010000 0x00000001
core   0: 0x8000ecf0 (0x0000bfe5) c.j     pc - 8
core   0: 3 0x8000ecf0 (0xbfe5)
core   0: 0x8000ece8 (0x00001f17) auipc   t5, 0x1
core   0: 3 0x8000ece8 (0x00001f17) x30 0x8000fce8
core   0: 0x8000ecec (0x303f2c23) sw      gp, 792(t5)
core   0: 3 0x8000ecec (0x303f2c23) mem 0x80010000 0x00000001
core   0: 0x8000ecf0 (0x0000bfe5) c.j     pc - 8
core   0: 3 0x8000ecf0 (0xbfe5)
core   0: 0x8000ece8 (0x00001f17) auipc   t5, 0x1
core   0: 3 0x8000ece8 (0x00001f17) x30 0x8000fce8
core   0: 0x8000ecec (0x303f2c23) sw      gp, 792(t5)
core   0: 3 0x8000ecec (0x303f2c23) mem 0x80010000 0x00000001
core   0: 0x8000ecf0 (0x0000bfe5) c.j     pc - 8
core   0: 3 0x8000ecf0 (0xbfe5)
core   0: 0x8000ece8 (0x00001f17) auipc   t5, 0x1
core   0: 3 0x8000ece8 (0x00001f17) x30 0x8000fce8
core   0: 0x8000ecec (0x303f2c23) sw      gp, 792(t5)
core   0: 3 0x8000ecec (0x303f2c23) mem 0x80010000 0x00000001
core   0: 0x8000ecf0 (0x0000bfe5) c.j     pc - 8
core   0: 3 0x8000ecf0 (0xbfe5)
core   0: 0x8000ece8 (0x00001f17) auipc   t5, 0x1
core   0: 3 0x8000ece8 (0x00001f17) x30 0x8000fce8
core   0: 0x8000ecec (0x303f2c23) sw      gp, 792(t5)
core   0: 3 0x8000ecec (0x303f2c23) mem 0x80010000 0x00000001
core   0: 0x8000ecf0 (0x0000bfe5) c.j     pc - 8
core   0: 3 0x8000ecf0 (0xbfe5)
core   0: 0x8000ece8 (0x00001f17) auipc   t5, 0x1
core   0: 3 0x8000ece8 (0x00001f17) x30 0x8000fce8
core   0: 0x8000ecec (0x303f2c23) sw      gp, 792(t5)
core   0: 3 0x8000ecec (0x303f2c23) mem 0x80010000 0x00000001
core   0: 0x8000ecf0 (0x0000bfe5) c.j     pc - 8
core   0: 3 0x8000ecf0 (0xbfe5)
core   0: 0x8000ece8 (0x00001f17) auipc   t5, 0x1
core   0: 3 0x8000ece8 (0x00001f17) x30 0x8000fce8
core   0: 0x8000ecec (0x303f2c23) sw      gp, 792(t5)
core   0: 3 0x8000ecec (0x303f2c23) mem 0x80010000 0x00000001
core   0: 0x8000ecf0 (0x0000bfe5) c.j     pc - 8
core   0: 3 0x8000ecf0 (0xbfe5)
core   0: 0x8000ece8 (0x00001f17) auipc   t5, 0x1
core   0: 3 0x8000ece8 (0x00001f17) x30 0x8000fce8
core   0: 0x8000ecec (0x303f2c23) sw      gp, 792(t5)
core   0: 3 0x8000ecec (0x303f2c23) mem 0x80010000 0x00000001
core   0: 0x8000ecf0 (0x0000bfe5) c.j     pc - 8
core   0: 3 0x8000ecf0 (0xbfe5)
core   0: 0x8000ece8 (0x00001f17) auipc   t5, 0x1
core   0: 3 0x8000ece8 (0x00001f17) x30 0x8000fce8
core   0: 0x8000ecec (0x303f2c23) sw      gp, 792(t5)
core   0: 3 0x8000ecec (0x303f2c23) mem 0x80010000 0x00000001
core   0: 0x8000ecf0 (0x0000bfe5) c.j     pc - 8
core   0: 3 0x8000ecf0 (0xbfe5)
core   0: 0x8000ece8 (0x00001f17) auipc   t5, 0x1
core   0: 3 0x8000ece8 (0x00001f17) x30 0x8000fce8
core   0: 0x8000ecec (0x303f2c23) sw      gp, 792(t5)
core   0: 3 0x8000ecec (0x303f2c23) mem 0x80010000 0x00000001
core   0: 0x8000ecf0 (0x0000bfe5) c.j     pc - 8
core   0: 3 0x8000ecf0 (0xbfe5)
core   0: 0x8000ece8 (0x00001f17) auipc   t5, 0x1
core   0: 3 0x8000ece8 (0x00001f17) x30 0x8000fce8
core   0: 0x8000ecec (0x303f2c23) sw      gp, 792(t5)
core   0: 3 0x8000ecec (0x303f2c23) mem 0x80010000 0x00000001
core   0: 0x8000ecf0 (0x0000bfe5) c.j     pc - 8
core   0: 3 0x8000ecf0 (0xbfe5)
core   0: 0x8000ece8 (0x00001f17) auipc   t5, 0x1
core   0: 3 0x8000ece8 (0x00001f17) x30 0x8000fce8
core   0: 0x8000ecec (0x303f2c23) sw      gp, 792(t5)
core   0: 3 0x8000ecec (0x303f2c23) mem 0x80010000 0x00000001
core   0: 0x8000ecf0 (0x0000bfe5) c.j     pc - 8
core   0: 3 0x8000ecf0 (0xbfe5)
core   0: 0x8000ece8 (0x00001f17) auipc   t5, 0x1
core   0: 3 0x8000ece8 (0x00001f17) x30 0x8000fce8
core   0: 0x8000ecec (0x303f2c23) sw      gp, 792(t5)
core   0: 3 0x8000ecec (0x303f2c23) mem 0x80010000 0x00000001
core   0: 0x8000ecf0 (0x0000bfe5) c.j     pc - 8
core   0: 3 0x8000ecf0 (0xbfe5)
core   0: 0x8000ece8 (0x00001f17) auipc   t5, 0x1
core   0: 3 0x8000ece8 (0x00001f17) x30 0x8000fce8
core   0: 0x8000ecec (0x303f2c23) sw      gp, 792(t5)
core   0: 3 0x8000ecec (0x303f2c23) mem 0x80010000 0x00000001
core   0: 0x8000ecf0 (0x0000bfe5) c.j     pc - 8
core   0: 3 0x8000ecf0 (0xbfe5)
core   0: 0x8000ece8 (0x00001f17) auipc   t5, 0x1
core   0: 3 0x8000ece8 (0x00001f17) x30 0x8000fce8
core   0: 0x8000ecec (0x303f2c23) sw      gp, 792(t5)
core   0: 3 0x8000ecec (0x303f2c23) mem 0x80010000 0x00000001
core   0: 0x8000ecf0 (0x0000bfe5) c.j     pc - 8
core   0: 3 0x8000ecf0 (0xbfe5)
core   0: 0x8000ece8 (0x00001f17) auipc   t5, 0x1
core   0: 3 0x8000ece8 (0x00001f17) x30 0x8000fce8
core   0: 0x8000ecec (0x303f2c23) sw      gp, 792(t5)
core   0: 3 0x8000ecec (0x303f2c23) mem 0x80010000 0x00000001
core   0: 0x8000ecf0 (0x0000bfe5) c.j     pc - 8
core   0: 3 0x8000ecf0 (0xbfe5)
core   0: 0x8000ece8 (0x00001f17) auipc   t5, 0x1
core   0: 3 0x8000ece8 (0x00001f17) x30 0x8000fce8
core   0: 0x8000ecec (0x303f2c23) sw      gp, 792(t5)
core   0: 3 0x8000ecec (0x303f2c23) mem 0x80010000 0x00000001
core   0: 0x8000ecf0 (0x0000bfe5) c.j     pc - 8
core   0: 3 0x8000ecf0 (0xbfe5)
core   0: 0x8000ece8 (0x00001f17) auipc   t5, 0x1
core   0: 3 0x8000ece8 (0x00001f17) x30 0x8000fce8
core   0: 0x8000ecec (0x303f2c23) sw      gp, 792(t5)
core   0: 3 0x8000ecec (0x303f2c23) mem 0x80010000 0x00000001
core   0: 0x8000ecf0 (0x0000bfe5) c.j     pc - 8
core   0: 3 0x8000ecf0 (0xbfe5)
core   0: 0x8000ece8 (0x00001f17) auipc   t5, 0x1
core   0: 3 0x8000ece8 (0x00001f17) x30 0x8000fce8
core   0: 0x8000ecec (0x303f2c23) sw      gp, 792(t5)
core   0: 3 0x8000ecec (0x303f2c23) mem 0x80010000 0x00000001
core   0: 0x8000ecf0 (0x0000bfe5) c.j     pc - 8
core   0: 3 0x8000ecf0 (0xbfe5)
core   0: 0x8000ece8 (0x00001f17) auipc   t5, 0x1
core   0: 3 0x8000ece8 (0x00001f17) x30 0x8000fce8
core   0: 0x8000ecec (0x303f2c23) sw      gp, 792(t5)
core   0: 3 0x8000ecec (0x303f2c23) mem 0x80010000 0x00000001
core   0: 0x8000ecf0 (0x0000bfe5) c.j     pc - 8
core   0: 3 0x8000ecf0 (0xbfe5)
core   0: 0x8000ece8 (0x00001f17) auipc   t5, 0x1
core   0: 3 0x8000ece8 (0x00001f17) x30 0x8000fce8
core   0: 0x8000ecec (0x303f2c23) sw      gp, 792(t5)
core   0: 3 0x8000ecec (0x303f2c23) mem 0x80010000 0x00000001
core   0: 0x8000ecf0 (0x0000bfe5) c.j     pc - 8
core   0: 3 0x8000ecf0 (0xbfe5)
core   0: 0x8000ece8 (0x00001f17) auipc   t5, 0x1
core   0: 3 0x8000ece8 (0x00001f17) x30 0x8000fce8
core   0: 0x8000ecec (0x303f2c23) sw      gp, 792(t5)
core   0: 3 0x8000ecec (0x303f2c23) mem 0x80010000 0x00000001
core   0: 0x8000ecf0 (0x0000bfe5) c.j     pc - 8
core   0: 3 0x8000ecf0 (0xbfe5)
core   0: 0x8000ece8 (0x00001f17) auipc   t5, 0x1
core   0: 3 0x8000ece8 (0x00001f17) x30 0x8000fce8
core   0: 0x8000ecec (0x303f2c23) sw      gp, 792(t5)
core   0: 3 0x8000ecec (0x303f2c23) mem 0x80010000 0x00000001
core   0: 0x8000ecf0 (0x0000bfe5) c.j     pc - 8
core   0: 3 0x8000ecf0 (0xbfe5)
core   0: 0x8000ece8 (0x00001f17) auipc   t5, 0x1
core   0: 3 0x8000ece8 (0x00001f17) x30 0x8000fce8
core   0: 0x8000ecec (0x303f2c23) sw      gp, 792(t5)
core   0: 3 0x8000ecec (0x303f2c23) mem 0x80010000 0x00000001
core   0: 0x8000ecf0 (0x0000bfe5) c.j     pc - 8
core   0: 3 0x8000ecf0 (0xbfe5)
core   0: 0x8000ece8 (0x00001f17) auipc   t5, 0x1
core   0: 3 0x8000ece8 (0x00001f17) x30 0x8000fce8
core   0: 0x8000ecec (0x303f2c23) sw      gp, 792(t5)
core   0: 3 0x8000ecec (0x303f2c23) mem 0x80010000 0x00000001
core   0: 0x8000ecf0 (0x0000bfe5) c.j     pc - 8
core   0: 3 0x8000ecf0 (0xbfe5)
core   0: 0x8000ece8 (0x00001f17) auipc   t5, 0x1
core   0: 3 0x8000ece8 (0x00001f17) x30 0x8000fce8
core   0: 0x8000ecec (0x303f2c23) sw      gp, 792(t5)
core   0: 3 0x8000ecec (0x303f2c23) mem 0x80010000 0x00000001
core   0: 0x8000ecf0 (0x0000bfe5) c.j     pc - 8
core   0: 3 0x8000ecf0 (0xbfe5)
core   0: 0x8000ece8 (0x00001f17) auipc   t5, 0x1
core   0: 3 0x8000ece8 (0x00001f17) x30 0x8000fce8
core   0: 0x8000ecec (0x303f2c23) sw      gp, 792(t5)
core   0: 3 0x8000ecec (0x303f2c23) mem 0x80010000 0x00000001
core   0: 0x8000ecf0 (0x0000bfe5) c.j     pc - 8
core   0: 3 0x8000ecf0 (0xbfe5)
core   0: 0x8000ece8 (0x00001f17) auipc   t5, 0x1
core   0: 3 0x8000ece8 (0x00001f17) x30 0x8000fce8
core   0: 0x8000ecec (0x303f2c23) sw      gp, 792(t5)
core   0: 3 0x8000ecec (0x303f2c23) mem 0x80010000 0x00000001
core   0: 0x8000ecf0 (0x0000bfe5) c.j     pc - 8
core   0: 3 0x8000ecf0 (0xbfe5)
core   0: 0x8000ece8 (0x00001f17) auipc   t5, 0x1
core   0: 3 0x8000ece8 (0x00001f17) x30 0x8000fce8
core   0: 0x8000ecec (0x303f2c23) sw      gp, 792(t5)
core   0: 3 0x8000ecec (0x303f2c23) mem 0x80010000 0x00000001
core   0: 0x8000ecf0 (0x0000bfe5) c.j     pc - 8
core   0: 3 0x8000ecf0 (0xbfe5)
core   0: 0x8000ece8 (0x00001f17) auipc   t5, 0x1
core   0: 3 0x8000ece8 (0x00001f17) x30 0x8000fce8
core   0: 0x8000ecec (0x303f2c23) sw      gp, 792(t5)
core   0: 3 0x8000ecec (0x303f2c23) mem 0x80010000 0x00000001
core   0: 0x8000ecf0 (0x0000bfe5) c.j     pc - 8
core   0: 3 0x8000ecf0 (0xbfe5)
core   0: 0x8000ece8 (0x00001f17) auipc   t5, 0x1
core   0: 3 0x8000ece8 (0x00001f17) x30 0x8000fce8
core   0: 0x8000ecec (0x303f2c23) sw      gp, 792(t5)
core   0: 3 0x8000ecec (0x303f2c23) mem 0x80010000 0x00000001
core   0: 0x8000ecf0 (0x0000bfe5) c.j     pc - 8
core   0: 3 0x8000ecf0 (0xbfe5)
core   0: 0x8000ece8 (0x00001f17) auipc   t5, 0x1
core   0: 3 0x8000ece8 (0x00001f17) x30 0x8000fce8
core   0: 0x8000ecec (0x303f2c23) sw      gp, 792(t5)
core   0: 3 0x8000ecec (0x303f2c23) mem 0x80010000 0x00000001
core   0: 0x8000ecf0 (0x0000bfe5) c.j     pc - 8
core   0: 3 0x8000ecf0 (0xbfe5)
core   0: 0x8000ece8 (0x00001f17) auipc   t5, 0x1
core   0: 3 0x8000ece8 (0x00001f17) x30 0x8000fce8
core   0: 0x8000ecec (0x303f2c23) sw      gp, 792(t5)
core   0: 3 0x8000ecec (0x303f2c23) mem 0x80010000 0x00000001
core   0: 0x8000ecf0 (0x0000bfe5) c.j     pc - 8
core   0: 3 0x8000ecf0 (0xbfe5)
core   0: 0x8000ece8 (0x00001f17) auipc   t5, 0x1
core   0: 3 0x8000ece8 (0x00001f17) x30 0x8000fce8
core   0: 0x8000ecec (0x303f2c23) sw      gp, 792(t5)
core   0: 3 0x8000ecec (0x303f2c23) mem 0x80010000 0x00000001
core   0: 0x8000ecf0 (0x0000bfe5) c.j     pc - 8
core   0: 3 0x8000ecf0 (0xbfe5)
core   0: 0x8000ece8 (0x00001f17) auipc   t5, 0x1
core   0: 3 0x8000ece8 (0x00001f17) x30 0x8000fce8
core   0: 0x8000ecec (0x303f2c23) sw      gp, 792(t5)
core   0: 3 0x8000ecec (0x303f2c23) mem 0x80010000 0x00000001
core   0: 0x8000ecf0 (0x0000bfe5) c.j     pc - 8
core   0: 3 0x8000ecf0 (0xbfe5)
core   0: 0x8000ece8 (0x00001f17) auipc   t5, 0x1
core   0: 3 0x8000ece8 (0x00001f17) x30 0x8000fce8
core   0: 0x8000ecec (0x303f2c23) sw      gp, 792(t5)
core   0: 3 0x8000ecec (0x303f2c23) mem 0x80010000 0x00000001
core   0: 0x8000ecf0 (0x0000bfe5) c.j     pc - 8
core   0: 3 0x8000ecf0 (0xbfe5)
core   0: 0x8000ece8 (0x00001f17) auipc   t5, 0x1
core   0: 3 0x8000ece8 (0x00001f17) x30 0x8000fce8
core   0: 0x8000ecec (0x303f2c23) sw      gp, 792(t5)
core   0: 3 0x8000ecec (0x303f2c23) mem 0x80010000 0x00000001
core   0: 0x8000ecf0 (0x0000bfe5) c.j     pc - 8
core   0: 3 0x8000ecf0 (0xbfe5)
core   0: 0x8000ece8 (0x00001f17) auipc   t5, 0x1
core   0: 3 0x8000ece8 (0x00001f17) x30 0x8000fce8
core   0: 0x8000ecec (0x303f2c23) sw      gp, 792(t5)
core   0: 3 0x8000ecec (0x303f2c23) mem 0x80010000 0x00000001
core   0: 0x8000ecf0 (0x0000bfe5) c.j     pc - 8
core   0: 3 0x8000ecf0 (0xbfe5)
core   0: 0x8000ece8 (0x00001f17) auipc   t5, 0x1
core   0: 3 0x8000ece8 (0x00001f17) x30 0x8000fce8
core   0: 0x8000ecec (0x303f2c23) sw      gp, 792(t5)
core   0: 3 0x8000ecec (0x303f2c23) mem 0x80010000 0x00000001
core   0: 0x8000ecf0 (0x0000bfe5) c.j     pc - 8
core   0: 3 0x8000ecf0 (0xbfe5)
core   0: 0x8000ece8 (0x00001f17) auipc   t5, 0x1
core   0: 3 0x8000ece8 (0x00001f17) x30 0x8000fce8
core   0: 0x8000ecec (0x303f2c23) sw      gp, 792(t5)
core   0: 3 0x8000ecec (0x303f2c23) mem 0x80010000 0x00000001
core   0: 0x8000ecf0 (0x0000bfe5) c.j     pc - 8
core   0: 3 0x8000ecf0 (0xbfe5)
core   0: 0x8000ece8 (0x00001f17) auipc   t5, 0x1
core   0: 3 0x8000ece8 (0x00001f17) x30 0x8000fce8
core   0: 0x8000ecec (0x303f2c23) sw      gp, 792(t5)
core   0: 3 0x8000ecec (0x303f2c23) mem 0x80010000 0x00000001
core   0: 0x8000ecf0 (0x0000bfe5) c.j     pc - 8
core   0: 3 0x8000ecf0 (0xbfe5)
core   0: 0x8000ece8 (0x00001f17) auipc   t5, 0x1
core   0: 3 0x8000ece8 (0x00001f17) x30 0x8000fce8
core   0: 0x8000ecec (0x303f2c23) sw      gp, 792(t5)
core   0: 3 0x8000ecec (0x303f2c23) mem 0x80010000 0x00000001
core   0: 0x8000ecf0 (0x0000bfe5) c.j     pc - 8
core   0: 3 0x8000ecf0 (0xbfe5)
core   0: 0x8000ece8 (0x00001f17) auipc   t5, 0x1
core   0: 3 0x8000ece8 (0x00001f17) x30 0x8000fce8
core   0: 0x8000ecec (0x303f2c23) sw      gp, 792(t5)
core   0: 3 0x8000ecec (0x303f2c23) mem 0x80010000 0x00000001
core   0: 0x8000ecf0 (0x0000bfe5) c.j     pc - 8
core   0: 3 0x8000ecf0 (0xbfe5)
core   0: 0x8000ece8 (0x00001f17) auipc   t5, 0x1
core   0: 3 0x8000ece8 (0x00001f17) x30 0x8000fce8
core   0: 0x8000ecec (0x303f2c23) sw      gp, 792(t5)
core   0: 3 0x8000ecec (0x303f2c23) mem 0x80010000 0x00000001
core   0: 0x8000ecf0 (0x0000bfe5) c.j     pc - 8
core   0: 3 0x8000ecf0 (0xbfe5)
core   0: 0x8000ece8 (0x00001f17) auipc   t5, 0x1
core   0: 3 0x8000ece8 (0x00001f17) x30 0x8000fce8
core   0: 0x8000ecec (0x303f2c23) sw      gp, 792(t5)
core   0: 3 0x8000ecec (0x303f2c23) mem 0x80010000 0x00000001
core   0: 0x8000ecf0 (0x0000bfe5) c.j     pc - 8
core   0: 3 0x8000ecf0 (0xbfe5)
core   0: 0x8000ece8 (0x00001f17) auipc   t5, 0x1
core   0: 3 0x8000ece8 (0x00001f17) x30 0x8000fce8
core   0: 0x8000ecec (0x303f2c23) sw      gp, 792(t5)
core   0: 3 0x8000ecec (0x303f2c23) mem 0x80010000 0x00000001
core   0: 0x8000ecf0 (0x0000bfe5) c.j     pc - 8
core   0: 3 0x8000ecf0 (0xbfe5)
core   0: 0x8000ece8 (0x00001f17) auipc   t5, 0x1
core   0: 3 0x8000ece8 (0x00001f17) x30 0x8000fce8
core   0: 0x8000ecec (0x303f2c23) sw      gp, 792(t5)
core   0: 3 0x8000ecec (0x303f2c23) mem 0x80010000 0x00000001
core   0: 0x8000ecf0 (0x0000bfe5) c.j     pc - 8
core   0: 3 0x8000ecf0 (0xbfe5)
core   0: 0x8000ece8 (0x00001f17) auipc   t5, 0x1
core   0: 3 0x8000ece8 (0x00001f17) x30 0x8000fce8
core   0: 0x8000ecec (0x303f2c23) sw      gp, 792(t5)
core   0: 3 0x8000ecec (0x303f2c23) mem 0x80010000 0x00000001
core   0: 0x8000ecf0 (0x0000bfe5) c.j     pc - 8
core   0: 3 0x8000ecf0 (0xbfe5)
core   0: 0x8000ece8 (0x00001f17) auipc   t5, 0x1
core   0: 3 0x8000ece8 (0x00001f17) x30 0x8000fce8
core   0: 0x8000ecec (0x303f2c23) sw      gp, 792(t5)
core   0: 3 0x8000ecec (0x303f2c23) mem 0x80010000 0x00000001
core   0: 0x8000ecf0 (0x0000bfe5) c.j     pc - 8
core   0: 3 0x8000ecf0 (0xbfe5)
core   0: 0x8000ece8 (0x00001f17) auipc   t5, 0x1
core   0: 3 0x8000ece8 (0x00001f17) x30 0x8000fce8
core   0: 0x8000ecec (0x303f2c23) sw      gp, 792(t5)
core   0: 3 0x8000ecec (0x303f2c23) mem 0x80010000 0x00000001
core   0: 0x8000ecf0 (0x0000bfe5) c.j     pc - 8
core   0: 3 0x8000ecf0 (0xbfe5)
core   0: 0x8000ece8 (0x00001f17) auipc   t5, 0x1
core   0: 3 0x8000ece8 (0x00001f17) x30 0x8000fce8
core   0: 0x8000ecec (0x303f2c23) sw      gp, 792(t5)
core   0: 3 0x8000ecec (0x303f2c23) mem 0x80010000 0x00000001
core   0: 0x8000ecf0 (0x0000bfe5) c.j     pc - 8
core   0: 3 0x8000ecf0 (0xbfe5)
core   0: 0x8000ece8 (0x00001f17) auipc   t5, 0x1
core   0: 3 0x8000ece8 (0x00001f17) x30 0x8000fce8
core   0: 0x8000ecec (0x303f2c23) sw      gp, 792(t5)
core   0: 3 0x8000ecec (0x303f2c23) mem 0x80010000 0x00000001
core   0: 0x8000ecf0 (0x0000bfe5) c.j     pc - 8
core   0: 3 0x8000ecf0 (0xbfe5)
core   0: 0x8000ece8 (0x00001f17) auipc   t5, 0x1
core   0: 3 0x8000ece8 (0x00001f17) x30 0x8000fce8
core   0: 0x8000ecec (0x303f2c23) sw      gp, 792(t5)
core   0: 3 0x8000ecec (0x303f2c23) mem 0x80010000 0x00000001
core   0: 0x8000ecf0 (0x0000bfe5) c.j     pc - 8
core   0: 3 0x8000ecf0 (0xbfe5)
core   0: 0x8000ece8 (0x00001f17) auipc   t5, 0x1
core   0: 3 0x8000ece8 (0x00001f17) x30 0x8000fce8
core   0: 0x8000ecec (0x303f2c23) sw      gp, 792(t5)
core   0: 3 0x8000ecec (0x303f2c23) mem 0x80010000 0x00000001
core   0: 0x8000ecf0 (0x0000bfe5) c.j     pc - 8
core   0: 3 0x8000ecf0 (0xbfe5)
core   0: 0x8000ece8 (0x00001f17) auipc   t5, 0x1
core   0: 3 0x8000ece8 (0x00001f17) x30 0x8000fce8
core   0: 0x8000ecec (0x303f2c23) sw      gp, 792(t5)
core   0: 3 0x8000ecec (0x303f2c23) mem 0x80010000 0x00000001
core   0: 0x8000ecf0 (0x0000bfe5) c.j     pc - 8
core   0: 3 0x8000ecf0 (0xbfe5)
core   0: 0x8000ece8 (0x00001f17) auipc   t5, 0x1
core   0: 3 0x8000ece8 (0x00001f17) x30 0x8000fce8
core   0: 0x8000ecec (0x303f2c23) sw      gp, 792(t5)
core   0: 3 0x8000ecec (0x303f2c23) mem 0x80010000 0x00000001
core   0: 0x8000ecf0 (0x0000bfe5) c.j     pc - 8
core   0: 3 0x8000ecf0 (0xbfe5)
core   0: 0x8000ece8 (0x00001f17) auipc   t5, 0x1
core   0: 3 0x8000ece8 (0x00001f17) x30 0x8000fce8
core   0: 0x8000ecec (0x303f2c23) sw      gp, 792(t5)
core   0: 3 0x8000ecec (0x303f2c23) mem 0x80010000 0x00000001
core   0: 0x8000ecf0 (0x0000bfe5) c.j     pc - 8
core   0: 3 0x8000ecf0 (0xbfe5)
core   0: 0x8000ece8 (0x00001f17) auipc   t5, 0x1
core   0: 3 0x8000ece8 (0x00001f17) x30 0x8000fce8
core   0: 0x8000ecec (0x303f2c23) sw      gp, 792(t5)
core   0: 3 0x8000ecec (0x303f2c23) mem 0x80010000 0x00000001
core   0: 0x8000ecf0 (0x0000bfe5) c.j     pc - 8
core   0: 3 0x8000ecf0 (0xbfe5)
core   0: 0x8000ece8 (0x00001f17) auipc   t5, 0x1
core   0: 3 0x8000ece8 (0x00001f17) x30 0x8000fce8
core   0: 0x8000ecec (0x303f2c23) sw      gp, 792(t5)
core   0: 3 0x8000ecec (0x303f2c23) mem 0x80010000 0x00000001
core   0: 0x8000ecf0 (0x0000bfe5) c.j     pc - 8
core   0: 3 0x8000ecf0 (0xbfe5)
core   0: 0x8000ece8 (0x00001f17) auipc   t5, 0x1
core   0: 3 0x8000ece8 (0x00001f17) x30 0x8000fce8
core   0: 0x8000ecec (0x303f2c23) sw      gp, 792(t5)
core   0: 3 0x8000ecec (0x303f2c23) mem 0x80010000 0x00000001
core   0: 0x8000ecf0 (0x0000bfe5) c.j     pc - 8
core   0: 3 0x8000ecf0 (0xbfe5)
core   0: 0x8000ece8 (0x00001f17) auipc   t5, 0x1
core   0: 3 0x8000ece8 (0x00001f17) x30 0x8000fce8
core   0: 0x8000ecec (0x303f2c23) sw      gp, 792(t5)
core   0: 3 0x8000ecec (0x303f2c23) mem 0x80010000 0x00000001
core   0: 0x8000ecf0 (0x0000bfe5) c.j     pc - 8
core   0: 3 0x8000ecf0 (0xbfe5)
core   0: 0x8000ece8 (0x00001f17) auipc   t5, 0x1
core   0: 3 0x8000ece8 (0x00001f17) x30 0x8000fce8
core   0: 0x8000ecec (0x303f2c23) sw      gp, 792(t5)
core   0: 3 0x8000ecec (0x303f2c23) mem 0x80010000 0x00000001
core   0: 0x8000ecf0 (0x0000bfe5) c.j     pc - 8
core   0: 3 0x8000ecf0 (0xbfe5)
core   0: 0x8000ece8 (0x00001f17) auipc   t5, 0x1
core   0: 3 0x8000ece8 (0x00001f17) x30 0x8000fce8
core   0: 0x8000ecec (0x303f2c23) sw      gp, 792(t5)
core   0: 3 0x8000ecec (0x303f2c23) mem 0x80010000 0x00000001
core   0: 0x8000ecf0 (0x0000bfe5) c.j     pc - 8
core   0: 3 0x8000ecf0 (0xbfe5)
core   0: 0x8000ece8 (0x00001f17) auipc   t5, 0x1
core   0: 3 0x8000ece8 (0x00001f17) x30 0x8000fce8
core   0: 0x8000ecec (0x303f2c23) sw      gp, 792(t5)
core   0: 3 0x8000ecec (0x303f2c23) mem 0x80010000 0x00000001
core   0: 0x8000ecf0 (0x0000bfe5) c.j     pc - 8
core   0: 3 0x8000ecf0 (0xbfe5)
core   0: 0x8000ece8 (0x00001f17) auipc   t5, 0x1
core   0: 3 0x8000ece8 (0x00001f17) x30 0x8000fce8
core   0: 0x8000ecec (0x303f2c23) sw      gp, 792(t5)
core   0: 3 0x8000ecec (0x303f2c23) mem 0x80010000 0x00000001
core   0: 0x8000ecf0 (0x0000bfe5) c.j     pc - 8
core   0: 3 0x8000ecf0 (0xbfe5)
core   0: 0x8000ece8 (0x00001f17) auipc   t5, 0x1
core   0: 3 0x8000ece8 (0x00001f17) x30 0x8000fce8
core   0: 0x8000ecec (0x303f2c23) sw      gp, 792(t5)
core   0: 3 0x8000ecec (0x303f2c23) mem 0x80010000 0x00000001
core   0: 0x8000ecf0 (0x0000bfe5) c.j     pc - 8
core   0: 3 0x8000ecf0 (0xbfe5)
core   0: 0x8000ece8 (0x00001f17) auipc   t5, 0x1
core   0: 3 0x8000ece8 (0x00001f17) x30 0x8000fce8
core   0: 0x8000ecec (0x303f2c23) sw      gp, 792(t5)
core   0: 3 0x8000ecec (0x303f2c23) mem 0x80010000 0x00000001
core   0: 0x8000ecf0 (0x0000bfe5) c.j     pc - 8
core   0: 3 0x8000ecf0 (0xbfe5)
core   0: 0x8000ece8 (0x00001f17) auipc   t5, 0x1
core   0: 3 0x8000ece8 (0x00001f17) x30 0x8000fce8
core   0: 0x8000ecec (0x303f2c23) sw      gp, 792(t5)
core   0: 3 0x8000ecec (0x303f2c23) mem 0x80010000 0x00000001
core   0: 0x8000ecf0 (0x0000bfe5) c.j     pc - 8
core   0: 3 0x8000ecf0 (0xbfe5)
core   0: 0x8000ece8 (0x00001f17) auipc   t5, 0x1
core   0: 3 0x8000ece8 (0x00001f17) x30 0x8000fce8
core   0: 0x8000ecec (0x303f2c23) sw      gp, 792(t5)
core   0: 3 0x8000ecec (0x303f2c23) mem 0x80010000 0x00000001
core   0: 0x8000ecf0 (0x0000bfe5) c.j     pc - 8
core   0: 3 0x8000ecf0 (0xbfe5)
core   0: 0x8000ece8 (0x00001f17) auipc   t5, 0x1
core   0: 3 0x8000ece8 (0x00001f17) x30 0x8000fce8
core   0: 0x8000ecec (0x303f2c23) sw      gp, 792(t5)
core   0: 3 0x8000ecec (0x303f2c23) mem 0x80010000 0x00000001
core   0: 0x8000ecf0 (0x0000bfe5) c.j     pc - 8
core   0: 3 0x8000ecf0 (0xbfe5)
core   0: 0x8000ece8 (0x00001f17) auipc   t5, 0x1
core   0: 3 0x8000ece8 (0x00001f17) x30 0x8000fce8
core   0: 0x8000ecec (0x303f2c23) sw      gp, 792(t5)
core   0: 3 0x8000ecec (0x303f2c23) mem 0x80010000 0x00000001
core   0: 0x8000ecf0 (0x0000bfe5) c.j     pc - 8
core   0: 3 0x8000ecf0 (0xbfe5)
core   0: 0x8000ece8 (0x00001f17) auipc   t5, 0x1
core   0: 3 0x8000ece8 (0x00001f17) x30 0x8000fce8
core   0: 0x8000ecec (0x303f2c23) sw      gp, 792(t5)
core   0: 3 0x8000ecec (0x303f2c23) mem 0x80010000 0x00000001
core   0: 0x8000ecf0 (0x0000bfe5) c.j     pc - 8
core   0: 3 0x8000ecf0 (0xbfe5)
core   0: 0x8000ece8 (0x00001f17) auipc   t5, 0x1
core   0: 3 0x8000ece8 (0x00001f17) x30 0x8000fce8
core   0: 0x8000ecec (0x303f2c23) sw      gp, 792(t5)
core   0: 3 0x8000ecec (0x303f2c23) mem 0x80010000 0x00000001
core   0: 0x8000ecf0 (0x0000bfe5) c.j     pc - 8
core   0: 3 0x8000ecf0 (0xbfe5)
core   0: 0x8000ece8 (0x00001f17) auipc   t5, 0x1
core   0: 3 0x8000ece8 (0x00001f17) x30 0x8000fce8
core   0: 0x8000ecec (0x303f2c23) sw      gp, 792(t5)
core   0: 3 0x8000ecec (0x303f2c23) mem 0x80010000 0x00000001
core   0: 0x8000ecf0 (0x0000bfe5) c.j     pc - 8
core   0: 3 0x8000ecf0 (0xbfe5)
core   0: 0x8000ece8 (0x00001f17) auipc   t5, 0x1
core   0: 3 0x8000ece8 (0x00001f17) x30 0x8000fce8
core   0: 0x8000ecec (0x303f2c23) sw      gp, 792(t5)
core   0: 3 0x8000ecec (0x303f2c23) mem 0x80010000 0x00000001
core   0: 0x8000ecf0 (0x0000bfe5) c.j     pc - 8
core   0: 3 0x8000ecf0 (0xbfe5)
core   0: 0x8000ece8 (0x00001f17) auipc   t5, 0x1
core   0: 3 0x8000ece8 (0x00001f17) x30 0x8000fce8
core   0: 0x8000ecec (0x303f2c23) sw      gp, 792(t5)
core   0: 3 0x8000ecec (0x303f2c23) mem 0x80010000 0x00000001
core   0: 0x8000ecf0 (0x0000bfe5) c.j     pc - 8
core   0: 3 0x8000ecf0 (0xbfe5)
core   0: 0x8000ece8 (0x00001f17) auipc   t5, 0x1
core   0: 3 0x8000ece8 (0x00001f17) x30 0x8000fce8
core   0: 0x8000ecec (0x303f2c23) sw      gp, 792(t5)
core   0: 3 0x8000ecec (0x303f2c23) mem 0x80010000 0x00000001
core   0: 0x8000ecf0 (0x0000bfe5) c.j     pc - 8
core   0: 3 0x8000ecf0 (0xbfe5)
core   0: 0x8000ece8 (0x00001f17) auipc   t5, 0x1
core   0: 3 0x8000ece8 (0x00001f17) x30 0x8000fce8
core   0: 0x8000ecec (0x303f2c23) sw      gp, 792(t5)
core   0: 3 0x8000ecec (0x303f2c23) mem 0x80010000 0x00000001
core   0: 0x8000ecf0 (0x0000bfe5) c.j     pc - 8
core   0: 3 0x8000ecf0 (0xbfe5)
core   0: 0x8000ece8 (0x00001f17) auipc   t5, 0x1
core   0: 3 0x8000ece8 (0x00001f17) x30 0x8000fce8
core   0: 0x8000ecec (0x303f2c23) sw      gp, 792(t5)
core   0: 3 0x8000ecec (0x303f2c23) mem 0x80010000 0x00000001
core   0: 0x8000ecf0 (0x0000bfe5) c.j     pc - 8
core   0: 3 0x8000ecf0 (0xbfe5)
core   0: 0x8000ece8 (0x00001f17) auipc   t5, 0x1
core   0: 3 0x8000ece8 (0x00001f17) x30 0x8000fce8
core   0: 0x8000ecec (0x303f2c23) sw      gp, 792(t5)
core   0: 3 0x8000ecec (0x303f2c23) mem 0x80010000 0x00000001
core   0: 0x8000ecf0 (0x0000bfe5) c.j     pc - 8
core   0: 3 0x8000ecf0 (0xbfe5)
core   0: 0x8000ece8 (0x00001f17) auipc   t5, 0x1
core   0: 3 0x8000ece8 (0x00001f17) x30 0x8000fce8
core   0: 0x8000ecec (0x303f2c23) sw      gp, 792(t5)
core   0: 3 0x8000ecec (0x303f2c23) mem 0x80010000 0x00000001
core   0: 0x8000ecf0 (0x0000bfe5) c.j     pc - 8
core   0: 3 0x8000ecf0 (0xbfe5)
core   0: 0x8000ece8 (0x00001f17) auipc   t5, 0x1
core   0: 3 0x8000ece8 (0x00001f17) x30 0x8000fce8
core   0: 0x8000ecec (0x303f2c23) sw      gp, 792(t5)
core   0: 3 0x8000ecec (0x303f2c23) mem 0x80010000 0x00000001
core   0: 0x8000ecf0 (0x0000bfe5) c.j     pc - 8
core   0: 3 0x8000ecf0 (0xbfe5)
core   0: 0x8000ece8 (0x00001f17) auipc   t5, 0x1
core   0: 3 0x8000ece8 (0x00001f17) x30 0x8000fce8
core   0: 0x8000ecec (0x303f2c23) sw      gp, 792(t5)
core   0: 3 0x8000ecec (0x303f2c23) mem 0x80010000 0x00000001
core   0: 0x8000ecf0 (0x0000bfe5) c.j     pc - 8
core   0: 3 0x8000ecf0 (0xbfe5)
core   0: 0x8000ece8 (0x00001f17) auipc   t5, 0x1
core   0: 3 0x8000ece8 (0x00001f17) x30 0x8000fce8
core   0: 0x8000ecec (0x303f2c23) sw      gp, 792(t5)
core   0: 3 0x8000ecec (0x303f2c23) mem 0x80010000 0x00000001
core   0: 0x8000ecf0 (0x0000bfe5) c.j     pc - 8
core   0: 3 0x8000ecf0 (0xbfe5)
core   0: 0x8000ece8 (0x00001f17) auipc   t5, 0x1
core   0: 3 0x8000ece8 (0x00001f17) x30 0x8000fce8
core   0: 0x8000ecec (0x303f2c23) sw      gp, 792(t5)
core   0: 3 0x8000ecec (0x303f2c23) mem 0x80010000 0x00000001
core   0: 0x8000ecf0 (0x0000bfe5) c.j     pc - 8
core   0: 3 0x8000ecf0 (0xbfe5)
core   0: 0x8000ece8 (0x00001f17) auipc   t5, 0x1
core   0: 3 0x8000ece8 (0x00001f17) x30 0x8000fce8
core   0: 0x8000ecec (0x303f2c23) sw      gp, 792(t5)
core   0: 3 0x8000ecec (0x303f2c23) mem 0x80010000 0x00000001
core   0: 0x8000ecf0 (0x0000bfe5) c.j     pc - 8
core   0: 3 0x8000ecf0 (0xbfe5)
core   0: 0x8000ece8 (0x00001f17) auipc   t5, 0x1
core   0: 3 0x8000ece8 (0x00001f17) x30 0x8000fce8
core   0: 0x8000ecec (0x303f2c23) sw      gp, 792(t5)
core   0: 3 0x8000ecec (0x303f2c23) mem 0x80010000 0x00000001
core   0: 0x8000ecf0 (0x0000bfe5) c.j     pc - 8
core   0: 3 0x8000ecf0 (0xbfe5)
core   0: 0x8000ece8 (0x00001f17) auipc   t5, 0x1
core   0: 3 0x8000ece8 (0x00001f17) x30 0x8000fce8
core   0: 0x8000ecec (0x303f2c23) sw      gp, 792(t5)
core   0: 3 0x8000ecec (0x303f2c23) mem 0x80010000 0x00000001
core   0: 0x8000ecf0 (0x0000bfe5) c.j     pc - 8
core   0: 3 0x8000ecf0 (0xbfe5)
core   0: 0x8000ece8 (0x00001f17) auipc   t5, 0x1
core   0: 3 0x8000ece8 (0x00001f17) x30 0x8000fce8
core   0: 0x8000ecec (0x303f2c23) sw      gp, 792(t5)
core   0: 3 0x8000ecec (0x303f2c23) mem 0x80010000 0x00000001
core   0: 0x8000ecf0 (0x0000bfe5) c.j     pc - 8
core   0: 3 0x8000ecf0 (0xbfe5)
core   0: 0x8000ece8 (0x00001f17) auipc   t5, 0x1
core   0: 3 0x8000ece8 (0x00001f17) x30 0x8000fce8
core   0: 0x8000ecec (0x303f2c23) sw      gp, 792(t5)
core   0: 3 0x8000ecec (0x303f2c23) mem 0x80010000 0x00000001
core   0: 0x8000ecf0 (0x0000bfe5) c.j     pc - 8
core   0: 3 0x8000ecf0 (0xbfe5)
core   0: 0x8000ece8 (0x00001f17) auipc   t5, 0x1
core   0: 3 0x8000ece8 (0x00001f17) x30 0x8000fce8
core   0: 0x8000ecec (0x303f2c23) sw      gp, 792(t5)
core   0: 3 0x8000ecec (0x303f2c23) mem 0x80010000 0x00000001
core   0: 0x8000ecf0 (0x0000bfe5) c.j     pc - 8
core   0: 3 0x8000ecf0 (0xbfe5)
core   0: 0x8000ece8 (0x00001f17) auipc   t5, 0x1
core   0: 3 0x8000ece8 (0x00001f17) x30 0x8000fce8
core   0: 0x8000ecec (0x303f2c23) sw      gp, 792(t5)
core   0: 3 0x8000ecec (0x303f2c23) mem 0x80010000 0x00000001
core   0: 0x8000ecf0 (0x0000bfe5) c.j     pc - 8
core   0: 3 0x8000ecf0 (0xbfe5)
core   0: 0x8000ece8 (0x00001f17) auipc   t5, 0x1
core   0: 3 0x8000ece8 (0x00001f17) x30 0x8000fce8
core   0: 0x8000ecec (0x303f2c23) sw      gp, 792(t5)
core   0: 3 0x8000ecec (0x303f2c23) mem 0x80010000 0x00000001
core   0: 0x8000ecf0 (0x0000bfe5) c.j     pc - 8
core   0: 3 0x8000ecf0 (0xbfe5)
core   0: 0x8000ece8 (0x00001f17) auipc   t5, 0x1
core   0: 3 0x8000ece8 (0x00001f17) x30 0x8000fce8
core   0: 0x8000ecec (0x303f2c23) sw      gp, 792(t5)
core   0: 3 0x8000ecec (0x303f2c23) mem 0x80010000 0x00000001
core   0: 0x8000ecf0 (0x0000bfe5) c.j     pc - 8
core   0: 3 0x8000ecf0 (0xbfe5)
core   0: 0x8000ece8 (0x00001f17) auipc   t5, 0x1
core   0: 3 0x8000ece8 (0x00001f17) x30 0x8000fce8
core   0: 0x8000ecec (0x303f2c23) sw      gp, 792(t5)
core   0: 3 0x8000ecec (0x303f2c23) mem 0x80010000 0x00000001
core   0: 0x8000ecf0 (0x0000bfe5) c.j     pc - 8
core   0: 3 0x8000ecf0 (0xbfe5)
core   0: 0x8000ece8 (0x00001f17) auipc   t5, 0x1
core   0: 3 0x8000ece8 (0x00001f17) x30 0x8000fce8
core   0: 0x8000ecec (0x303f2c23) sw      gp, 792(t5)
core   0: 3 0x8000ecec (0x303f2c23) mem 0x80010000 0x00000001
core   0: 0x8000ecf0 (0x0000bfe5) c.j     pc - 8
core   0: 3 0x8000ecf0 (0xbfe5)
core   0: 0x8000ece8 (0x00001f17) auipc   t5, 0x1
core   0: 3 0x8000ece8 (0x00001f17) x30 0x8000fce8
core   0: 0x8000ecec (0x303f2c23) sw      gp, 792(t5)
core   0: 3 0x8000ecec (0x303f2c23) mem 0x80010000 0x00000001
core   0: 0x8000ecf0 (0x0000bfe5) c.j     pc - 8
core   0: 3 0x8000ecf0 (0xbfe5)
core   0: 0x8000ece8 (0x00001f17) auipc   t5, 0x1
core   0: 3 0x8000ece8 (0x00001f17) x30 0x8000fce8
core   0: 0x8000ecec (0x303f2c23) sw      gp, 792(t5)
core   0: 3 0x8000ecec (0x303f2c23) mem 0x80010000 0x00000001
core   0: 0x8000ecf0 (0x0000bfe5) c.j     pc - 8
core   0: 3 0x8000ecf0 (0xbfe5)
core   0: 0x8000ece8 (0x00001f17) auipc   t5, 0x1
core   0: 3 0x8000ece8 (0x00001f17) x30 0x8000fce8
core   0: 0x8000ecec (0x303f2c23) sw      gp, 792(t5)
core   0: 3 0x8000ecec (0x303f2c23) mem 0x80010000 0x00000001
core   0: 0x8000ecf0 (0x0000bfe5) c.j     pc - 8
core   0: 3 0x8000ecf0 (0xbfe5)
core   0: 0x8000ece8 (0x00001f17) auipc   t5, 0x1
core   0: 3 0x8000ece8 (0x00001f17) x30 0x8000fce8
core   0: 0x8000ecec (0x303f2c23) sw      gp, 792(t5)
core   0: 3 0x8000ecec (0x303f2c23) mem 0x80010000 0x00000001
core   0: 0x8000ecf0 (0x0000bfe5) c.j     pc - 8
core   0: 3 0x8000ecf0 (0xbfe5)
core   0: 0x8000ece8 (0x00001f17) auipc   t5, 0x1
core   0: 3 0x8000ece8 (0x00001f17) x30 0x8000fce8
core   0: 0x8000ecec (0x303f2c23) sw      gp, 792(t5)
core   0: 3 0x8000ecec (0x303f2c23) mem 0x80010000 0x00000001
core   0: 0x8000ecf0 (0x0000bfe5) c.j     pc - 8
core   0: 3 0x8000ecf0 (0xbfe5)
core   0: 0x8000ece8 (0x00001f17) auipc   t5, 0x1
core   0: 3 0x8000ece8 (0x00001f17) x30 0x8000fce8
core   0: 0x8000ecec (0x303f2c23) sw      gp, 792(t5)
core   0: 3 0x8000ecec (0x303f2c23) mem 0x80010000 0x00000001
core   0: 0x8000ecf0 (0x0000bfe5) c.j     pc - 8
core   0: 3 0x8000ecf0 (0xbfe5)
core   0: 0x8000ece8 (0x00001f17) auipc   t5, 0x1
core   0: 3 0x8000ece8 (0x00001f17) x30 0x8000fce8
core   0: 0x8000ecec (0x303f2c23) sw      gp, 792(t5)
core   0: 3 0x8000ecec (0x303f2c23) mem 0x80010000 0x00000001
core   0: 0x8000ecf0 (0x0000bfe5) c.j     pc - 8
core   0: 3 0x8000ecf0 (0xbfe5)
core   0: 0x8000ece8 (0x00001f17) auipc   t5, 0x1
core   0: 3 0x8000ece8 (0x00001f17) x30 0x8000fce8
core   0: 0x8000ecec (0x303f2c23) sw      gp, 792(t5)
core   0: 3 0x8000ecec (0x303f2c23) mem 0x80010000 0x00000001
core   0: 0x8000ecf0 (0x0000bfe5) c.j     pc - 8
core   0: 3 0x8000ecf0 (0xbfe5)
core   0: 0x8000ece8 (0x00001f17) auipc   t5, 0x1
core   0: 3 0x8000ece8 (0x00001f17) x30 0x8000fce8
core   0: 0x8000ecec (0x303f2c23) sw      gp, 792(t5)
core   0: 3 0x8000ecec (0x303f2c23) mem 0x80010000 0x00000001
core   0: 0x8000ecf0 (0x0000bfe5) c.j     pc - 8
core   0: 3 0x8000ecf0 (0xbfe5)
core   0: 0x8000ece8 (0x00001f17) auipc   t5, 0x1
core   0: 3 0x8000ece8 (0x00001f17) x30 0x8000fce8
core   0: 0x8000ecec (0x303f2c23) sw      gp, 792(t5)
core   0: 3 0x8000ecec (0x303f2c23) mem 0x80010000 0x00000001
core   0: 0x8000ecf0 (0x0000bfe5) c.j     pc - 8
core   0: 3 0x8000ecf0 (0xbfe5)
core   0: 0x8000ece8 (0x00001f17) auipc   t5, 0x1
core   0: 3 0x8000ece8 (0x00001f17) x30 0x8000fce8
core   0: 0x8000ecec (0x303f2c23) sw      gp, 792(t5)
core   0: 3 0x8000ecec (0x303f2c23) mem 0x80010000 0x00000001
core   0: 0x8000ecf0 (0x0000bfe5) c.j     pc - 8
core   0: 3 0x8000ecf0 (0xbfe5)
core   0: 0x8000ece8 (0x00001f17) auipc   t5, 0x1
core   0: 3 0x8000ece8 (0x00001f17) x30 0x8000fce8
core   0: 0x8000ecec (0x303f2c23) sw      gp, 792(t5)
core   0: 3 0x8000ecec (0x303f2c23) mem 0x80010000 0x00000001
core   0: 0x8000ecf0 (0x0000bfe5) c.j     pc - 8
core   0: 3 0x8000ecf0 (0xbfe5)
core   0: 0x8000ece8 (0x00001f17) auipc   t5, 0x1
core   0: 3 0x8000ece8 (0x00001f17) x30 0x8000fce8
core   0: 0x8000ecec (0x303f2c23) sw      gp, 792(t5)
core   0: 3 0x8000ecec (0x303f2c23) mem 0x80010000 0x00000001
core   0: 0x8000ecf0 (0x0000bfe5) c.j     pc - 8
core   0: 3 0x8000ecf0 (0xbfe5)
core   0: 0x8000ece8 (0x00001f17) auipc   t5, 0x1
core   0: 3 0x8000ece8 (0x00001f17) x30 0x8000fce8
core   0: 0x8000ecec (0x303f2c23) sw      gp, 792(t5)
core   0: 3 0x8000ecec (0x303f2c23) mem 0x80010000 0x00000001
core   0: 0x8000ecf0 (0x0000bfe5) c.j     pc - 8
core   0: 3 0x8000ecf0 (0xbfe5)
core   0: 0x8000ece8 (0x00001f17) auipc   t5, 0x1
core   0: 3 0x8000ece8 (0x00001f17) x30 0x8000fce8
core   0: 0x8000ecec (0x303f2c23) sw      gp, 792(t5)
core   0: 3 0x8000ecec (0x303f2c23) mem 0x80010000 0x00000001
core   0: 0x8000ecf0 (0x0000bfe5) c.j     pc - 8
core   0: 3 0x8000ecf0 (0xbfe5)
core   0: 0x8000ece8 (0x00001f17) auipc   t5, 0x1
core   0: 3 0x8000ece8 (0x00001f17) x30 0x8000fce8
core   0: 0x8000ecec (0x303f2c23) sw      gp, 792(t5)
core   0: 3 0x8000ecec (0x303f2c23) mem 0x80010000 0x00000001
core   0: 0x8000ecf0 (0x0000bfe5) c.j     pc - 8
core   0: 3 0x8000ecf0 (0xbfe5)
core   0: 0x8000ece8 (0x00001f17) auipc   t5, 0x1
core   0: 3 0x8000ece8 (0x00001f17) x30 0x8000fce8
core   0: 0x8000ecec (0x303f2c23) sw      gp, 792(t5)
core   0: 3 0x8000ecec (0x303f2c23) mem 0x80010000 0x00000001
core   0: 0x8000ecf0 (0x0000bfe5) c.j     pc - 8
core   0: 3 0x8000ecf0 (0xbfe5)
core   0: 0x8000ece8 (0x00001f17) auipc   t5, 0x1
core   0: 3 0x8000ece8 (0x00001f17) x30 0x8000fce8
core   0: 0x8000ecec (0x303f2c23) sw      gp, 792(t5)
core   0: 3 0x8000ecec (0x303f2c23) mem 0x80010000 0x00000001
core   0: 0x8000ecf0 (0x0000bfe5) c.j     pc - 8
core   0: 3 0x8000ecf0 (0xbfe5)
core   0: 0x8000ece8 (0x00001f17) auipc   t5, 0x1
core   0: 3 0x8000ece8 (0x00001f17) x30 0x8000fce8
core   0: 0x8000ecec (0x303f2c23) sw      gp, 792(t5)
core   0: 3 0x8000ecec (0x303f2c23) mem 0x80010000 0x00000001
core   0: 0x8000ecf0 (0x0000bfe5) c.j     pc - 8
core   0: 3 0x8000ecf0 (0xbfe5)
core   0: 0x8000ece8 (0x00001f17) auipc   t5, 0x1
core   0: 3 0x8000ece8 (0x00001f17) x30 0x8000fce8
core   0: 0x8000ecec (0x303f2c23) sw      gp, 792(t5)
core   0: 3 0x8000ecec (0x303f2c23) mem 0x80010000 0x00000001
core   0: 0x8000ecf0 (0x0000bfe5) c.j     pc - 8
core   0: 3 0x8000ecf0 (0xbfe5)
core   0: 0x8000ece8 (0x00001f17) auipc   t5, 0x1
core   0: 3 0x8000ece8 (0x00001f17) x30 0x8000fce8
core   0: 0x8000ecec (0x303f2c23) sw      gp, 792(t5)
core   0: 3 0x8000ecec (0x303f2c23) mem 0x80010000 0x00000001
core   0: 0x8000ecf0 (0x0000bfe5) c.j     pc - 8
core   0: 3 0x8000ecf0 (0xbfe5)
core   0: 0x8000ece8 (0x00001f17) auipc   t5, 0x1
core   0: 3 0x8000ece8 (0x00001f17) x30 0x8000fce8
core   0: 0x8000ecec (0x303f2c23) sw      gp, 792(t5)
core   0: 3 0x8000ecec (0x303f2c23) mem 0x80010000 0x00000001
core   0: 0x8000ecf0 (0x0000bfe5) c.j     pc - 8
core   0: 3 0x8000ecf0 (0xbfe5)
core   0: 0x8000ece8 (0x00001f17) auipc   t5, 0x1
core   0: 3 0x8000ece8 (0x00001f17) x30 0x8000fce8
core   0: 0x8000ecec (0x303f2c23) sw      gp, 792(t5)
core   0: 3 0x8000ecec (0x303f2c23) mem 0x80010000 0x00000001
core   0: 0x8000ecf0 (0x0000bfe5) c.j     pc - 8
core   0: 3 0x8000ecf0 (0xbfe5)
core   0: 0x8000ece8 (0x00001f17) auipc   t5, 0x1
core   0: 3 0x8000ece8 (0x00001f17) x30 0x8000fce8
core   0: 0x8000ecec (0x303f2c23) sw      gp, 792(t5)
core   0: 3 0x8000ecec (0x303f2c23) mem 0x80010000 0x00000001
core   0: 0x8000ecf0 (0x0000bfe5) c.j     pc - 8
core   0: 3 0x8000ecf0 (0xbfe5)
core   0: 0x8000ece8 (0x00001f17) auipc   t5, 0x1
core   0: 3 0x8000ece8 (0x00001f17) x30 0x8000fce8
core   0: 0x8000ecec (0x303f2c23) sw      gp, 792(t5)
core   0: 3 0x8000ecec (0x303f2c23) mem 0x80010000 0x00000001
core   0: 0x8000ecf0 (0x0000bfe5) c.j     pc - 8
core   0: 3 0x8000ecf0 (0xbfe5)
core   0: 0x8000ece8 (0x00001f17) auipc   t5, 0x1
core   0: 3 0x8000ece8 (0x00001f17) x30 0x8000fce8
core   0: 0x8000ecec (0x303f2c23) sw      gp, 792(t5)
core   0: 3 0x8000ecec (0x303f2c23) mem 0x80010000 0x00000001
core   0: 0x8000ecf0 (0x0000bfe5) c.j     pc - 8
core   0: 3 0x8000ecf0 (0xbfe5)
core   0: 0x8000ece8 (0x00001f17) auipc   t5, 0x1
core   0: 3 0x8000ece8 (0x00001f17) x30 0x8000fce8
core   0: 0x8000ecec (0x303f2c23) sw      gp, 792(t5)
core   0: 3 0x8000ecec (0x303f2c23) mem 0x80010000 0x00000001
core   0: 0x8000ecf0 (0x0000bfe5) c.j     pc - 8
core   0: 3 0x8000ecf0 (0xbfe5)
core   0: 0x8000ece8 (0x00001f17) auipc   t5, 0x1
core   0: 3 0x8000ece8 (0x00001f17) x30 0x8000fce8
core   0: 0x8000ecec (0x303f2c23) sw      gp, 792(t5)
core   0: 3 0x8000ecec (0x303f2c23) mem 0x80010000 0x00000001
core   0: 0x8000ecf0 (0x0000bfe5) c.j     pc - 8
core   0: 3 0x8000ecf0 (0xbfe5)
core   0: 0x8000ece8 (0x00001f17) auipc   t5, 0x1
core   0: 3 0x8000ece8 (0x00001f17) x30 0x8000fce8
core   0: 0x8000ecec (0x303f2c23) sw      gp, 792(t5)
core   0: 3 0x8000ecec (0x303f2c23) mem 0x80010000 0x00000001
core   0: 0x8000ecf0 (0x0000bfe5) c.j     pc - 8
core   0: 3 0x8000ecf0 (0xbfe5)
core   0: 0x8000ece8 (0x00001f17) auipc   t5, 0x1
core   0: 3 0x8000ece8 (0x00001f17) x30 0x8000fce8
core   0: 0x8000ecec (0x303f2c23) sw      gp, 792(t5)
core   0: 3 0x8000ecec (0x303f2c23) mem 0x80010000 0x00000001
core   0: 0x8000ecf0 (0x0000bfe5) c.j     pc - 8
core   0: 3 0x8000ecf0 (0xbfe5)
core   0: 0x8000ece8 (0x00001f17) auipc   t5, 0x1
core   0: 3 0x8000ece8 (0x00001f17) x30 0x8000fce8
core   0: 0x8000ecec (0x303f2c23) sw      gp, 792(t5)
core   0: 3 0x8000ecec (0x303f2c23) mem 0x80010000 0x00000001
core   0: 0x8000ecf0 (0x0000bfe5) c.j     pc - 8
core   0: 3 0x8000ecf0 (0xbfe5)
core   0: 0x8000ece8 (0x00001f17) auipc   t5, 0x1
core   0: 3 0x8000ece8 (0x00001f17) x30 0x8000fce8
core   0: 0x8000ecec (0x303f2c23) sw      gp, 792(t5)
core   0: 3 0x8000ecec (0x303f2c23) mem 0x80010000 0x00000001
core   0: 0x8000ecf0 (0x0000bfe5) c.j     pc - 8
core   0: 3 0x8000ecf0 (0xbfe5)
core   0: 0x8000ece8 (0x00001f17) auipc   t5, 0x1
core   0: 3 0x8000ece8 (0x00001f17) x30 0x8000fce8
core   0: 0x8000ecec (0x303f2c23) sw      gp, 792(t5)
core   0: 3 0x8000ecec (0x303f2c23) mem 0x80010000 0x00000001
core   0: 0x8000ecf0 (0x0000bfe5) c.j     pc - 8
core   0: 3 0x8000ecf0 (0xbfe5)
core   0: 0x8000ece8 (0x00001f17) auipc   t5, 0x1
core   0: 3 0x8000ece8 (0x00001f17) x30 0x8000fce8
core   0: 0x8000ecec (0x303f2c23) sw      gp, 792(t5)
core   0: 3 0x8000ecec (0x303f2c23) mem 0x80010000 0x00000001
core   0: 0x8000ecf0 (0x0000bfe5) c.j     pc - 8
core   0: 3 0x8000ecf0 (0xbfe5)
core   0: 0x8000ece8 (0x00001f17) auipc   t5, 0x1
core   0: 3 0x8000ece8 (0x00001f17) x30 0x8000fce8
core   0: 0x8000ecec (0x303f2c23) sw      gp, 792(t5)
core   0: 3 0x8000ecec (0x303f2c23) mem 0x80010000 0x00000001
core   0: 0x8000ecf0 (0x0000bfe5) c.j     pc - 8
core   0: 3 0x8000ecf0 (0xbfe5)
core   0: 0x8000ece8 (0x00001f17) auipc   t5, 0x1
core   0: 3 0x8000ece8 (0x00001f17) x30 0x8000fce8
core   0: 0x8000ecec (0x303f2c23) sw      gp, 792(t5)
core   0: 3 0x8000ecec (0x303f2c23) mem 0x80010000 0x00000001
core   0: 0x8000ecf0 (0x0000bfe5) c.j     pc - 8
core   0: 3 0x8000ecf0 (0xbfe5)
core   0: 0x8000ece8 (0x00001f17) auipc   t5, 0x1
core   0: 3 0x8000ece8 (0x00001f17) x30 0x8000fce8
core   0: 0x8000ecec (0x303f2c23) sw      gp, 792(t5)
core   0: 3 0x8000ecec (0x303f2c23) mem 0x80010000 0x00000001
core   0: 0x8000ecf0 (0x0000bfe5) c.j     pc - 8
core   0: 3 0x8000ecf0 (0xbfe5)
core   0: 0x8000ece8 (0x00001f17) auipc   t5, 0x1
core   0: 3 0x8000ece8 (0x00001f17) x30 0x8000fce8
core   0: 0x8000ecec (0x303f2c23) sw      gp, 792(t5)
core   0: 3 0x8000ecec (0x303f2c23) mem 0x80010000 0x00000001
core   0: 0x8000ecf0 (0x0000bfe5) c.j     pc - 8
core   0: 3 0x8000ecf0 (0xbfe5)
core   0: 0x8000ece8 (0x00001f17) auipc   t5, 0x1
core   0: 3 0x8000ece8 (0x00001f17) x30 0x8000fce8
core   0: 0x8000ecec (0x303f2c23) sw      gp, 792(t5)
core   0: 3 0x8000ecec (0x303f2c23) mem 0x80010000 0x00000001
core   0: 0x8000ecf0 (0x0000bfe5) c.j     pc - 8
core   0: 3 0x8000ecf0 (0xbfe5)
core   0: 0x8000ece8 (0x00001f17) auipc   t5, 0x1
core   0: 3 0x8000ece8 (0x00001f17) x30 0x8000fce8
core   0: 0x8000ecec (0x303f2c23) sw      gp, 792(t5)
core   0: 3 0x8000ecec (0x303f2c23) mem 0x80010000 0x00000001
core   0: 0x8000ecf0 (0x0000bfe5) c.j     pc - 8
core   0: 3 0x8000ecf0 (0xbfe5)
core   0: 0x8000ece8 (0x00001f17) auipc   t5, 0x1
core   0: 3 0x8000ece8 (0x00001f17) x30 0x8000fce8
core   0: 0x8000ecec (0x303f2c23) sw      gp, 792(t5)
core   0: 3 0x8000ecec (0x303f2c23) mem 0x80010000 0x00000001
core   0: 0x8000ecf0 (0x0000bfe5) c.j     pc - 8
core   0: 3 0x8000ecf0 (0xbfe5)
core   0: 0x8000ece8 (0x00001f17) auipc   t5, 0x1
core   0: 3 0x8000ece8 (0x00001f17) x30 0x8000fce8
core   0: 0x8000ecec (0x303f2c23) sw      gp, 792(t5)
core   0: 3 0x8000ecec (0x303f2c23) mem 0x80010000 0x00000001
core   0: 0x8000ecf0 (0x0000bfe5) c.j     pc - 8
core   0: 3 0x8000ecf0 (0xbfe5)
core   0: 0x8000ece8 (0x00001f17) auipc   t5, 0x1
core   0: 3 0x8000ece8 (0x00001f17) x30 0x8000fce8
core   0: 0x8000ecec (0x303f2c23) sw      gp, 792(t5)
core   0: 3 0x8000ecec (0x303f2c23) mem 0x80010000 0x00000001
core   0: 0x8000ecf0 (0x0000bfe5) c.j     pc - 8
core   0: 3 0x8000ecf0 (0xbfe5)
core   0: 0x8000ece8 (0x00001f17) auipc   t5, 0x1
core   0: 3 0x8000ece8 (0x00001f17) x30 0x8000fce8
core   0: 0x8000ecec (0x303f2c23) sw      gp, 792(t5)
core   0: 3 0x8000ecec (0x303f2c23) mem 0x80010000 0x00000001
core   0: 0x8000ecf0 (0x0000bfe5) c.j     pc - 8
core   0: 3 0x8000ecf0 (0xbfe5)
core   0: 0x8000ece8 (0x00001f17) auipc   t5, 0x1
core   0: 3 0x8000ece8 (0x00001f17) x30 0x8000fce8
core   0: 0x8000ecec (0x303f2c23) sw      gp, 792(t5)
core   0: 3 0x8000ecec (0x303f2c23) mem 0x80010000 0x00000001
core   0: 0x8000ecf0 (0x0000bfe5) c.j     pc - 8
core   0: 3 0x8000ecf0 (0xbfe5)
core   0: 0x8000ece8 (0x00001f17) auipc   t5, 0x1
core   0: 3 0x8000ece8 (0x00001f17) x30 0x8000fce8
core   0: 0x8000ecec (0x303f2c23) sw      gp, 792(t5)
core   0: 3 0x8000ecec (0x303f2c23) mem 0x80010000 0x00000001
core   0: 0x8000ecf0 (0x0000bfe5) c.j     pc - 8
core   0: 3 0x8000ecf0 (0xbfe5)
core   0: 0x8000ece8 (0x00001f17) auipc   t5, 0x1
core   0: 3 0x8000ece8 (0x00001f17) x30 0x8000fce8
core   0: 0x8000ecec (0x303f2c23) sw      gp, 792(t5)
core   0: 3 0x8000ecec (0x303f2c23) mem 0x80010000 0x00000001
core   0: 0x8000ecf0 (0x0000bfe5) c.j     pc - 8
core   0: 3 0x8000ecf0 (0xbfe5)
core   0: 0x8000ece8 (0x00001f17) auipc   t5, 0x1
core   0: 3 0x8000ece8 (0x00001f17) x30 0x8000fce8
core   0: 0x8000ecec (0x303f2c23) sw      gp, 792(t5)
core   0: 3 0x8000ecec (0x303f2c23) mem 0x80010000 0x00000001
core   0: 0x8000ecf0 (0x0000bfe5) c.j     pc - 8
core   0: 3 0x8000ecf0 (0xbfe5)
core   0: 0x8000ece8 (0x00001f17) auipc   t5, 0x1
core   0: 3 0x8000ece8 (0x00001f17) x30 0x8000fce8
core   0: 0x8000ecec (0x303f2c23) sw      gp, 792(t5)
core   0: 3 0x8000ecec (0x303f2c23) mem 0x80010000 0x00000001
core   0: 0x8000ecf0 (0x0000bfe5) c.j     pc - 8
core   0: 3 0x8000ecf0 (0xbfe5)
core   0: 0x8000ece8 (0x00001f17) auipc   t5, 0x1
core   0: 3 0x8000ece8 (0x00001f17) x30 0x8000fce8
core   0: 0x8000ecec (0x303f2c23) sw      gp, 792(t5)
core   0: 3 0x8000ecec (0x303f2c23) mem 0x80010000 0x00000001
core   0: 0x8000ecf0 (0x0000bfe5) c.j     pc - 8
core   0: 3 0x8000ecf0 (0xbfe5)
core   0: 0x8000ece8 (0x00001f17) auipc   t5, 0x1
core   0: 3 0x8000ece8 (0x00001f17) x30 0x8000fce8
core   0: 0x8000ecec (0x303f2c23) sw      gp, 792(t5)
core   0: 3 0x8000ecec (0x303f2c23) mem 0x80010000 0x00000001
core   0: 0x8000ecf0 (0x0000bfe5) c.j     pc - 8
core   0: 3 0x8000ecf0 (0xbfe5)
core   0: 0x8000ece8 (0x00001f17) auipc   t5, 0x1
core   0: 3 0x8000ece8 (0x00001f17) x30 0x8000fce8
core   0: 0x8000ecec (0x303f2c23) sw      gp, 792(t5)
core   0: 3 0x8000ecec (0x303f2c23) mem 0x80010000 0x00000001
core   0: 0x8000ecf0 (0x0000bfe5) c.j     pc - 8
core   0: 3 0x8000ecf0 (0xbfe5)
core   0: 0x8000ece8 (0x00001f17) auipc   t5, 0x1
core   0: 3 0x8000ece8 (0x00001f17) x30 0x8000fce8
core   0: 0x8000ecec (0x303f2c23) sw      gp, 792(t5)
core   0: 3 0x8000ecec (0x303f2c23) mem 0x80010000 0x00000001
core   0: 0x8000ecf0 (0x0000bfe5) c.j     pc - 8
core   0: 3 0x8000ecf0 (0xbfe5)
core   0: 0x8000ece8 (0x00001f17) auipc   t5, 0x1
core   0: 3 0x8000ece8 (0x00001f17) x30 0x8000fce8
core   0: 0x8000ecec (0x303f2c23) sw      gp, 792(t5)
core   0: 3 0x8000ecec (0x303f2c23) mem 0x80010000 0x00000001
core   0: 0x8000ecf0 (0x0000bfe5) c.j     pc - 8
core   0: 3 0x8000ecf0 (0xbfe5)
core   0: 0x8000ece8 (0x00001f17) auipc   t5, 0x1
core   0: 3 0x8000ece8 (0x00001f17) x30 0x8000fce8
core   0: 0x8000ecec (0x303f2c23) sw      gp, 792(t5)
core   0: 3 0x8000ecec (0x303f2c23) mem 0x80010000 0x00000001
core   0: 0x8000ecf0 (0x0000bfe5) c.j     pc - 8
core   0: 3 0x8000ecf0 (0xbfe5)
core   0: 0x8000ece8 (0x00001f17) auipc   t5, 0x1
core   0: 3 0x8000ece8 (0x00001f17) x30 0x8000fce8
core   0: 0x8000ecec (0x303f2c23) sw      gp, 792(t5)
core   0: 3 0x8000ecec (0x303f2c23) mem 0x80010000 0x00000001
core   0: 0x8000ecf0 (0x0000bfe5) c.j     pc - 8
core   0: 3 0x8000ecf0 (0xbfe5)
core   0: 0x8000ece8 (0x00001f17) auipc   t5, 0x1
core   0: 3 0x8000ece8 (0x00001f17) x30 0x8000fce8
core   0: 0x8000ecec (0x303f2c23) sw      gp, 792(t5)
core   0: 3 0x8000ecec (0x303f2c23) mem 0x80010000 0x00000001
core   0: 0x8000ecf0 (0x0000bfe5) c.j     pc - 8
core   0: 3 0x8000ecf0 (0xbfe5)
core   0: 0x8000ece8 (0x00001f17) auipc   t5, 0x1
core   0: 3 0x8000ece8 (0x00001f17) x30 0x8000fce8
core   0: 0x8000ecec (0x303f2c23) sw      gp, 792(t5)
core   0: 3 0x8000ecec (0x303f2c23) mem 0x80010000 0x00000001
core   0: 0x8000ecf0 (0x0000bfe5) c.j     pc - 8
core   0: 3 0x8000ecf0 (0xbfe5)
core   0: 0x8000ece8 (0x00001f17) auipc   t5, 0x1
core   0: 3 0x8000ece8 (0x00001f17) x30 0x8000fce8
core   0: 0x8000ecec (0x303f2c23) sw      gp, 792(t5)
core   0: 3 0x8000ecec (0x303f2c23) mem 0x80010000 0x00000001
core   0: 0x8000ecf0 (0x0000bfe5) c.j     pc - 8
core   0: 3 0x8000ecf0 (0xbfe5)
core   0: 0x8000ece8 (0x00001f17) auipc   t5, 0x1
core   0: 3 0x8000ece8 (0x00001f17) x30 0x8000fce8
core   0: 0x8000ecec (0x303f2c23) sw      gp, 792(t5)
core   0: 3 0x8000ecec (0x303f2c23) mem 0x80010000 0x00000001
core   0: 0x8000ecf0 (0x0000bfe5) c.j     pc - 8
core   0: 3 0x8000ecf0 (0xbfe5)
core   0: 0x8000ece8 (0x00001f17) auipc   t5, 0x1
core   0: 3 0x8000ece8 (0x00001f17) x30 0x8000fce8
core   0: 0x8000ecec (0x303f2c23) sw      gp, 792(t5)
core   0: 3 0x8000ecec (0x303f2c23) mem 0x80010000 0x00000001
core   0: 0x8000ecf0 (0x0000bfe5) c.j     pc - 8
core   0: 3 0x8000ecf0 (0xbfe5)
core   0: 0x8000ece8 (0x00001f17) auipc   t5, 0x1
core   0: 3 0x8000ece8 (0x00001f17) x30 0x8000fce8
core   0: 0x8000ecec (0x303f2c23) sw      gp, 792(t5)
core   0: 3 0x8000ecec (0x303f2c23) mem 0x80010000 0x00000001
core   0: 0x8000ecf0 (0x0000bfe5) c.j     pc - 8
core   0: 3 0x8000ecf0 (0xbfe5)
core   0: 0x8000ece8 (0x00001f17) auipc   t5, 0x1
core   0: 3 0x8000ece8 (0x00001f17) x30 0x8000fce8
core   0: 0x8000ecec (0x303f2c23) sw      gp, 792(t5)
core   0: 3 0x8000ecec (0x303f2c23) mem 0x80010000 0x00000001
core   0: 0x8000ecf0 (0x0000bfe5) c.j     pc - 8
core   0: 3 0x8000ecf0 (0xbfe5)
core   0: 0x8000ece8 (0x00001f17) auipc   t5, 0x1
core   0: 3 0x8000ece8 (0x00001f17) x30 0x8000fce8
core   0: 0x8000ecec (0x303f2c23) sw      gp, 792(t5)
core   0: 3 0x8000ecec (0x303f2c23) mem 0x80010000 0x00000001
core   0: 0x8000ecf0 (0x0000bfe5) c.j     pc - 8
core   0: 3 0x8000ecf0 (0xbfe5)
core   0: 0x8000ece8 (0x00001f17) auipc   t5, 0x1
core   0: 3 0x8000ece8 (0x00001f17) x30 0x8000fce8
core   0: 0x8000ecec (0x303f2c23) sw      gp, 792(t5)
core   0: 3 0x8000ecec (0x303f2c23) mem 0x80010000 0x00000001
core   0: 0x8000ecf0 (0x0000bfe5) c.j     pc - 8
core   0: 3 0x8000ecf0 (0xbfe5)
core   0: 0x8000ece8 (0x00001f17) auipc   t5, 0x1
core   0: 3 0x8000ece8 (0x00001f17) x30 0x8000fce8
core   0: 0x8000ecec (0x303f2c23) sw      gp, 792(t5)
core   0: 3 0x8000ecec (0x303f2c23) mem 0x80010000 0x00000001
core   0: 0x8000ecf0 (0x0000bfe5) c.j     pc - 8
core   0: 3 0x8000ecf0 (0xbfe5)
core   0: 0x8000ece8 (0x00001f17) auipc   t5, 0x1
core   0: 3 0x8000ece8 (0x00001f17) x30 0x8000fce8
core   0: 0x8000ecec (0x303f2c23) sw      gp, 792(t5)
core   0: 3 0x8000ecec (0x303f2c23) mem 0x80010000 0x00000001
core   0: 0x8000ecf0 (0x0000bfe5) c.j     pc - 8
core   0: 3 0x8000ecf0 (0xbfe5)
core   0: 0x8000ece8 (0x00001f17) auipc   t5, 0x1
core   0: 3 0x8000ece8 (0x00001f17) x30 0x8000fce8
core   0: 0x8000ecec (0x303f2c23) sw      gp, 792(t5)
core   0: 3 0x8000ecec (0x303f2c23) mem 0x80010000 0x00000001
core   0: 0x8000ecf0 (0x0000bfe5) c.j     pc - 8
core   0: 3 0x8000ecf0 (0xbfe5)
core   0: 0x8000ece8 (0x00001f17) auipc   t5, 0x1
core   0: 3 0x8000ece8 (0x00001f17) x30 0x8000fce8
core   0: 0x8000ecec (0x303f2c23) sw      gp, 792(t5)
core   0: 3 0x8000ecec (0x303f2c23) mem 0x80010000 0x00000001
core   0: 0x8000ecf0 (0x0000bfe5) c.j     pc - 8
core   0: 3 0x8000ecf0 (0xbfe5)
core   0: 0x8000ece8 (0x00001f17) auipc   t5, 0x1
core   0: 3 0x8000ece8 (0x00001f17) x30 0x8000fce8
core   0: 0x8000ecec (0x303f2c23) sw      gp, 792(t5)
core   0: 3 0x8000ecec (0x303f2c23) mem 0x80010000 0x00000001
core   0: 0x8000ecf0 (0x0000bfe5) c.j     pc - 8
core   0: 3 0x8000ecf0 (0xbfe5)
core   0: 0x8000ece8 (0x00001f17) auipc   t5, 0x1
core   0: 3 0x8000ece8 (0x00001f17) x30 0x8000fce8
core   0: 0x8000ecec (0x303f2c23) sw      gp, 792(t5)
core   0: 3 0x8000ecec (0x303f2c23) mem 0x80010000 0x00000001
core   0: 0x8000ecf0 (0x0000bfe5) c.j     pc - 8
core   0: 3 0x8000ecf0 (0xbfe5)
core   0: 0x8000ece8 (0x00001f17) auipc   t5, 0x1
core   0: 3 0x8000ece8 (0x00001f17) x30 0x8000fce8
core   0: 0x8000ecec (0x303f2c23) sw      gp, 792(t5)
core   0: 3 0x8000ecec (0x303f2c23) mem 0x80010000 0x00000001
core   0: 0x8000ecf0 (0x0000bfe5) c.j     pc - 8
core   0: 3 0x8000ecf0 (0xbfe5)
core   0: 0x8000ece8 (0x00001f17) auipc   t5, 0x1
core   0: 3 0x8000ece8 (0x00001f17) x30 0x8000fce8
core   0: 0x8000ecec (0x303f2c23) sw      gp, 792(t5)
core   0: 3 0x8000ecec (0x303f2c23) mem 0x80010000 0x00000001
core   0: 0x8000ecf0 (0x0000bfe5) c.j     pc - 8
core   0: 3 0x8000ecf0 (0xbfe5)
core   0: 0x8000ece8 (0x00001f17) auipc   t5, 0x1
core   0: 3 0x8000ece8 (0x00001f17) x30 0x8000fce8
core   0: 0x8000ecec (0x303f2c23) sw      gp, 792(t5)
core   0: 3 0x8000ecec (0x303f2c23) mem 0x80010000 0x00000001
core   0: 0x8000ecf0 (0x0000bfe5) c.j     pc - 8
core   0: 3 0x8000ecf0 (0xbfe5)
core   0: 0x8000ece8 (0x00001f17) auipc   t5, 0x1
core   0: 3 0x8000ece8 (0x00001f17) x30 0x8000fce8
core   0: 0x8000ecec (0x303f2c23) sw      gp, 792(t5)
core   0: 3 0x8000ecec (0x303f2c23) mem 0x80010000 0x00000001
core   0: 0x8000ecf0 (0x0000bfe5) c.j     pc - 8
core   0: 3 0x8000ecf0 (0xbfe5)
core   0: 0x8000ece8 (0x00001f17) auipc   t5, 0x1
core   0: 3 0x8000ece8 (0x00001f17) x30 0x8000fce8
core   0: 0x8000ecec (0x303f2c23) sw      gp, 792(t5)
core   0: 3 0x8000ecec (0x303f2c23) mem 0x80010000 0x00000001
core   0: 0x8000ecf0 (0x0000bfe5) c.j     pc - 8
core   0: 3 0x8000ecf0 (0xbfe5)
core   0: 0x8000ece8 (0x00001f17) auipc   t5, 0x1
core   0: 3 0x8000ece8 (0x00001f17) x30 0x8000fce8
core   0: 0x8000ecec (0x303f2c23) sw      gp, 792(t5)
core   0: 3 0x8000ecec (0x303f2c23) mem 0x80010000 0x00000001
core   0: 0x8000ecf0 (0x0000bfe5) c.j     pc - 8
core   0: 3 0x8000ecf0 (0xbfe5)
core   0: 0x8000ece8 (0x00001f17) auipc   t5, 0x1
core   0: 3 0x8000ece8 (0x00001f17) x30 0x8000fce8
core   0: 0x8000ecec (0x303f2c23) sw      gp, 792(t5)
core   0: 3 0x8000ecec (0x303f2c23) mem 0x80010000 0x00000001
core   0: 0x8000ecf0 (0x0000bfe5) c.j     pc - 8
core   0: 3 0x8000ecf0 (0xbfe5)
core   0: 0x8000ece8 (0x00001f17) auipc   t5, 0x1
core   0: 3 0x8000ece8 (0x00001f17) x30 0x8000fce8
core   0: 0x8000ecec (0x303f2c23) sw      gp, 792(t5)
core   0: 3 0x8000ecec (0x303f2c23) mem 0x80010000 0x00000001
core   0: 0x8000ecf0 (0x0000bfe5) c.j     pc - 8
core   0: 3 0x8000ecf0 (0xbfe5)
core   0: 0x8000ece8 (0x00001f17) auipc   t5, 0x1
core   0: 3 0x8000ece8 (0x00001f17) x30 0x8000fce8
core   0: 0x8000ecec (0x303f2c23) sw      gp, 792(t5)
core   0: 3 0x8000ecec (0x303f2c23) mem 0x80010000 0x00000001
core   0: 0x8000ecf0 (0x0000bfe5) c.j     pc - 8
core   0: 3 0x8000ecf0 (0xbfe5)
core   0: 0x8000ece8 (0x00001f17) auipc   t5, 0x1
core   0: 3 0x8000ece8 (0x00001f17) x30 0x8000fce8
core   0: 0x8000ecec (0x303f2c23) sw      gp, 792(t5)
core   0: 3 0x8000ecec (0x303f2c23) mem 0x80010000 0x00000001
core   0: 0x8000ecf0 (0x0000bfe5) c.j     pc - 8
core   0: 3 0x8000ecf0 (0xbfe5)
core   0: 0x8000ece8 (0x00001f17) auipc   t5, 0x1
core   0: 3 0x8000ece8 (0x00001f17) x30 0x8000fce8
core   0: 0x8000ecec (0x303f2c23) sw      gp, 792(t5)
core   0: 3 0x8000ecec (0x303f2c23) mem 0x80010000 0x00000001
core   0: 0x8000ecf0 (0x0000bfe5) c.j     pc - 8
core   0: 3 0x8000ecf0 (0xbfe5)
core   0: 0x8000ece8 (0x00001f17) auipc   t5, 0x1
core   0: 3 0x8000ece8 (0x00001f17) x30 0x8000fce8
core   0: 0x8000ecec (0x303f2c23) sw      gp, 792(t5)
core   0: 3 0x8000ecec (0x303f2c23) mem 0x80010000 0x00000001
core   0: 0x8000ecf0 (0x0000bfe5) c.j     pc - 8
core   0: 3 0x8000ecf0 (0xbfe5)
core   0: 0x8000ece8 (0x00001f17) auipc   t5, 0x1
core   0: 3 0x8000ece8 (0x00001f17) x30 0x8000fce8
core   0: 0x8000ecec (0x303f2c23) sw      gp, 792(t5)
core   0: 3 0x8000ecec (0x303f2c23) mem 0x80010000 0x00000001
core   0: 0x8000ecf0 (0x0000bfe5) c.j     pc - 8
core   0: 3 0x8000ecf0 (0xbfe5)
core   0: 0x8000ece8 (0x00001f17) auipc   t5, 0x1
core   0: 3 0x8000ece8 (0x00001f17) x30 0x8000fce8
core   0: 0x8000ecec (0x303f2c23) sw      gp, 792(t5)
core   0: 3 0x8000ecec (0x303f2c23) mem 0x80010000 0x00000001
core   0: 0x8000ecf0 (0x0000bfe5) c.j     pc - 8
core   0: 3 0x8000ecf0 (0xbfe5)
core   0: 0x8000ece8 (0x00001f17) auipc   t5, 0x1
core   0: 3 0x8000ece8 (0x00001f17) x30 0x8000fce8
core   0: 0x8000ecec (0x303f2c23) sw      gp, 792(t5)
core   0: 3 0x8000ecec (0x303f2c23) mem 0x80010000 0x00000001
core   0: 0x8000ecf0 (0x0000bfe5) c.j     pc - 8
core   0: 3 0x8000ecf0 (0xbfe5)
core   0: 0x8000ece8 (0x00001f17) auipc   t5, 0x1
core   0: 3 0x8000ece8 (0x00001f17) x30 0x8000fce8
core   0: 0x8000ecec (0x303f2c23) sw      gp, 792(t5)
core   0: 3 0x8000ecec (0x303f2c23) mem 0x80010000 0x00000001
core   0: 0x8000ecf0 (0x0000bfe5) c.j     pc - 8
core   0: 3 0x8000ecf0 (0xbfe5)
core   0: 0x8000ece8 (0x00001f17) auipc   t5, 0x1
core   0: 3 0x8000ece8 (0x00001f17) x30 0x8000fce8
core   0: 0x8000ecec (0x303f2c23) sw      gp, 792(t5)
core   0: 3 0x8000ecec (0x303f2c23) mem 0x80010000 0x00000001
core   0: 0x8000ecf0 (0x0000bfe5) c.j     pc - 8
core   0: 3 0x8000ecf0 (0xbfe5)
core   0: 0x8000ece8 (0x00001f17) auipc   t5, 0x1
core   0: 3 0x8000ece8 (0x00001f17) x30 0x8000fce8
core   0: 0x8000ecec (0x303f2c23) sw      gp, 792(t5)
core   0: 3 0x8000ecec (0x303f2c23) mem 0x80010000 0x00000001
core   0: 0x8000ecf0 (0x0000bfe5) c.j     pc - 8
core   0: 3 0x8000ecf0 (0xbfe5)
core   0: 0x8000ece8 (0x00001f17) auipc   t5, 0x1
core   0: 3 0x8000ece8 (0x00001f17) x30 0x8000fce8
core   0: 0x8000ecec (0x303f2c23) sw      gp, 792(t5)
core   0: 3 0x8000ecec (0x303f2c23) mem 0x80010000 0x00000001
core   0: 0x8000ecf0 (0x0000bfe5) c.j     pc - 8
core   0: 3 0x8000ecf0 (0xbfe5)
core   0: 0x8000ece8 (0x00001f17) auipc   t5, 0x1
core   0: 3 0x8000ece8 (0x00001f17) x30 0x8000fce8
core   0: 0x8000ecec (0x303f2c23) sw      gp, 792(t5)
core   0: 3 0x8000ecec (0x303f2c23) mem 0x80010000 0x00000001
core   0: 0x8000ecf0 (0x0000bfe5) c.j     pc - 8
core   0: 3 0x8000ecf0 (0xbfe5)
core   0: 0x8000ece8 (0x00001f17) auipc   t5, 0x1
core   0: 3 0x8000ece8 (0x00001f17) x30 0x8000fce8
core   0: 0x8000ecec (0x303f2c23) sw      gp, 792(t5)
core   0: 3 0x8000ecec (0x303f2c23) mem 0x80010000 0x00000001
core   0: 0x8000ecf0 (0x0000bfe5) c.j     pc - 8
core   0: 3 0x8000ecf0 (0xbfe5)
core   0: 0x8000ece8 (0x00001f17) auipc   t5, 0x1
core   0: 3 0x8000ece8 (0x00001f17) x30 0x8000fce8
core   0: 0x8000ecec (0x303f2c23) sw      gp, 792(t5)
core   0: 3 0x8000ecec (0x303f2c23) mem 0x80010000 0x00000001
core   0: 0x8000ecf0 (0x0000bfe5) c.j     pc - 8
core   0: 3 0x8000ecf0 (0xbfe5)
core   0: 0x8000ece8 (0x00001f17) auipc   t5, 0x1
core   0: 3 0x8000ece8 (0x00001f17) x30 0x8000fce8
core   0: 0x8000ecec (0x303f2c23) sw      gp, 792(t5)
core   0: 3 0x8000ecec (0x303f2c23) mem 0x80010000 0x00000001
core   0: 0x8000ecf0 (0x0000bfe5) c.j     pc - 8
core   0: 3 0x8000ecf0 (0xbfe5)
core   0: 0x8000ece8 (0x00001f17) auipc   t5, 0x1
core   0: 3 0x8000ece8 (0x00001f17) x30 0x8000fce8
core   0: 0x8000ecec (0x303f2c23) sw      gp, 792(t5)
core   0: 3 0x8000ecec (0x303f2c23) mem 0x80010000 0x00000001
core   0: 0x8000ecf0 (0x0000bfe5) c.j     pc - 8
core   0: 3 0x8000ecf0 (0xbfe5)
core   0: 0x8000ece8 (0x00001f17) auipc   t5, 0x1
core   0: 3 0x8000ece8 (0x00001f17) x30 0x8000fce8
core   0: 0x8000ecec (0x303f2c23) sw      gp, 792(t5)
core   0: 3 0x8000ecec (0x303f2c23) mem 0x80010000 0x00000001
core   0: 0x8000ecf0 (0x0000bfe5) c.j     pc - 8
core   0: 3 0x8000ecf0 (0xbfe5)
core   0: 0x8000ece8 (0x00001f17) auipc   t5, 0x1
core   0: 3 0x8000ece8 (0x00001f17) x30 0x8000fce8
core   0: 0x8000ecec (0x303f2c23) sw      gp, 792(t5)
core   0: 3 0x8000ecec (0x303f2c23) mem 0x80010000 0x00000001
core   0: 0x8000ecf0 (0x0000bfe5) c.j     pc - 8
core   0: 3 0x8000ecf0 (0xbfe5)
core   0: 0x8000ece8 (0x00001f17) auipc   t5, 0x1
core   0: 3 0x8000ece8 (0x00001f17) x30 0x8000fce8
core   0: 0x8000ecec (0x303f2c23) sw      gp, 792(t5)
core   0: 3 0x8000ecec (0x303f2c23) mem 0x80010000 0x00000001
core   0: 0x8000ecf0 (0x0000bfe5) c.j     pc - 8
core   0: 3 0x8000ecf0 (0xbfe5)
core   0: 0x8000ece8 (0x00001f17) auipc   t5, 0x1
core   0: 3 0x8000ece8 (0x00001f17) x30 0x8000fce8
core   0: 0x8000ecec (0x303f2c23) sw      gp, 792(t5)
core   0: 3 0x8000ecec (0x303f2c23) mem 0x80010000 0x00000001
core   0: 0x8000ecf0 (0x0000bfe5) c.j     pc - 8
core   0: 3 0x8000ecf0 (0xbfe5)
core   0: 0x8000ece8 (0x00001f17) auipc   t5, 0x1
core   0: 3 0x8000ece8 (0x00001f17) x30 0x8000fce8
core   0: 0x8000ecec (0x303f2c23) sw      gp, 792(t5)
core   0: 3 0x8000ecec (0x303f2c23) mem 0x80010000 0x00000001
core   0: 0x8000ecf0 (0x0000bfe5) c.j     pc - 8
core   0: 3 0x8000ecf0 (0xbfe5)
core   0: 0x8000ece8 (0x00001f17) auipc   t5, 0x1
core   0: 3 0x8000ece8 (0x00001f17) x30 0x8000fce8
core   0: 0x8000ecec (0x303f2c23) sw      gp, 792(t5)
core   0: 3 0x8000ecec (0x303f2c23) mem 0x80010000 0x00000001
core   0: 0x8000ecf0 (0x0000bfe5) c.j     pc - 8
core   0: 3 0x8000ecf0 (0xbfe5)
core   0: 0x8000ece8 (0x00001f17) auipc   t5, 0x1
core   0: 3 0x8000ece8 (0x00001f17) x30 0x8000fce8
core   0: 0x8000ecec (0x303f2c23) sw      gp, 792(t5)
core   0: 3 0x8000ecec (0x303f2c23) mem 0x80010000 0x00000001
core   0: 0x8000ecf0 (0x0000bfe5) c.j     pc - 8
core   0: 3 0x8000ecf0 (0xbfe5)
core   0: 0x8000ece8 (0x00001f17) auipc   t5, 0x1
core   0: 3 0x8000ece8 (0x00001f17) x30 0x8000fce8
core   0: 0x8000ecec (0x303f2c23) sw      gp, 792(t5)
core   0: 3 0x8000ecec (0x303f2c23) mem 0x80010000 0x00000001
core   0: 0x8000ecf0 (0x0000bfe5) c.j     pc - 8
core   0: 3 0x8000ecf0 (0xbfe5)
core   0: 0x8000ece8 (0x00001f17) auipc   t5, 0x1
core   0: 3 0x8000ece8 (0x00001f17) x30 0x8000fce8
core   0: 0x8000ecec (0x303f2c23) sw      gp, 792(t5)
core   0: 3 0x8000ecec (0x303f2c23) mem 0x80010000 0x00000001
core   0: 0x8000ecf0 (0x0000bfe5) c.j     pc - 8
core   0: 3 0x8000ecf0 (0xbfe5)
core   0: 0x8000ece8 (0x00001f17) auipc   t5, 0x1
core   0: 3 0x8000ece8 (0x00001f17) x30 0x8000fce8
core   0: 0x8000ecec (0x303f2c23) sw      gp, 792(t5)
core   0: 3 0x8000ecec (0x303f2c23) mem 0x80010000 0x00000001
core   0: 0x8000ecf0 (0x0000bfe5) c.j     pc - 8
core   0: 3 0x8000ecf0 (0xbfe5)
core   0: 0x8000ece8 (0x00001f17) auipc   t5, 0x1
core   0: 3 0x8000ece8 (0x00001f17) x30 0x8000fce8
core   0: 0x8000ecec (0x303f2c23) sw      gp, 792(t5)
core   0: 3 0x8000ecec (0x303f2c23) mem 0x80010000 0x00000001
core   0: 0x8000ecf0 (0x0000bfe5) c.j     pc - 8
core   0: 3 0x8000ecf0 (0xbfe5)
core   0: 0x8000ece8 (0x00001f17) auipc   t5, 0x1
core   0: 3 0x8000ece8 (0x00001f17) x30 0x8000fce8
core   0: 0x8000ecec (0x303f2c23) sw      gp, 792(t5)
core   0: 3 0x8000ecec (0x303f2c23) mem 0x80010000 0x00000001
core   0: 0x8000ecf0 (0x0000bfe5) c.j     pc - 8
core   0: 3 0x8000ecf0 (0xbfe5)
core   0: 0x8000ece8 (0x00001f17) auipc   t5, 0x1
core   0: 3 0x8000ece8 (0x00001f17) x30 0x8000fce8
core   0: 0x8000ecec (0x303f2c23) sw      gp, 792(t5)
core   0: 3 0x8000ecec (0x303f2c23) mem 0x80010000 0x00000001
core   0: 0x8000ecf0 (0x0000bfe5) c.j     pc - 8
core   0: 3 0x8000ecf0 (0xbfe5)
core   0: 0x8000ece8 (0x00001f17) auipc   t5, 0x1
core   0: 3 0x8000ece8 (0x00001f17) x30 0x8000fce8
core   0: 0x8000ecec (0x303f2c23) sw      gp, 792(t5)
core   0: 3 0x8000ecec (0x303f2c23) mem 0x80010000 0x00000001
core   0: 0x8000ecf0 (0x0000bfe5) c.j     pc - 8
core   0: 3 0x8000ecf0 (0xbfe5)
core   0: 0x8000ece8 (0x00001f17) auipc   t5, 0x1
core   0: 3 0x8000ece8 (0x00001f17) x30 0x8000fce8
core   0: 0x8000ecec (0x303f2c23) sw      gp, 792(t5)
core   0: 3 0x8000ecec (0x303f2c23) mem 0x80010000 0x00000001
core   0: 0x8000ecf0 (0x0000bfe5) c.j     pc - 8
core   0: 3 0x8000ecf0 (0xbfe5)
core   0: 0x8000ece8 (0x00001f17) auipc   t5, 0x1
core   0: 3 0x8000ece8 (0x00001f17) x30 0x8000fce8
core   0: 0x8000ecec (0x303f2c23) sw      gp, 792(t5)
core   0: 3 0x8000ecec (0x303f2c23) mem 0x80010000 0x00000001
core   0: 0x8000ecf0 (0x0000bfe5) c.j     pc - 8
core   0: 3 0x8000ecf0 (0xbfe5)
core   0: 0x8000ece8 (0x00001f17) auipc   t5, 0x1
core   0: 3 0x8000ece8 (0x00001f17) x30 0x8000fce8
core   0: 0x8000ecec (0x303f2c23) sw      gp, 792(t5)
core   0: 3 0x8000ecec (0x303f2c23) mem 0x80010000 0x00000001
core   0: 0x8000ecf0 (0x0000bfe5) c.j     pc - 8
core   0: 3 0x8000ecf0 (0xbfe5)
core   0: 0x8000ece8 (0x00001f17) auipc   t5, 0x1
core   0: 3 0x8000ece8 (0x00001f17) x30 0x8000fce8
core   0: 0x8000ecec (0x303f2c23) sw      gp, 792(t5)
core   0: 3 0x8000ecec (0x303f2c23) mem 0x80010000 0x00000001
core   0: 0x8000ecf0 (0x0000bfe5) c.j     pc - 8
core   0: 3 0x8000ecf0 (0xbfe5)
core   0: 0x8000ece8 (0x00001f17) auipc   t5, 0x1
core   0: 3 0x8000ece8 (0x00001f17) x30 0x8000fce8
core   0: 0x8000ecec (0x303f2c23) sw      gp, 792(t5)
core   0: 3 0x8000ecec (0x303f2c23) mem 0x80010000 0x00000001
core   0: 0x8000ecf0 (0x0000bfe5) c.j     pc - 8
core   0: 3 0x8000ecf0 (0xbfe5)
core   0: 0x8000ece8 (0x00001f17) auipc   t5, 0x1
core   0: 3 0x8000ece8 (0x00001f17) x30 0x8000fce8
core   0: 0x8000ecec (0x303f2c23) sw      gp, 792(t5)
core   0: 3 0x8000ecec (0x303f2c23) mem 0x80010000 0x00000001
core   0: 0x8000ecf0 (0x0000bfe5) c.j     pc - 8
core   0: 3 0x8000ecf0 (0xbfe5)
core   0: 0x8000ece8 (0x00001f17) auipc   t5, 0x1
core   0: 3 0x8000ece8 (0x00001f17) x30 0x8000fce8
core   0: 0x8000ecec (0x303f2c23) sw      gp, 792(t5)
core   0: 3 0x8000ecec (0x303f2c23) mem 0x80010000 0x00000001
core   0: 0x8000ecf0 (0x0000bfe5) c.j     pc - 8
core   0: 3 0x8000ecf0 (0xbfe5)
core   0: 0x8000ece8 (0x00001f17) auipc   t5, 0x1
core   0: 3 0x8000ece8 (0x00001f17) x30 0x8000fce8
core   0: 0x8000ecec (0x303f2c23) sw      gp, 792(t5)
core   0: 3 0x8000ecec (0x303f2c23) mem 0x80010000 0x00000001
core   0: 0x8000ecf0 (0x0000bfe5) c.j     pc - 8
core   0: 3 0x8000ecf0 (0xbfe5)
core   0: 0x8000ece8 (0x00001f17) auipc   t5, 0x1
core   0: 3 0x8000ece8 (0x00001f17) x30 0x8000fce8
core   0: 0x8000ecec (0x303f2c23) sw      gp, 792(t5)
core   0: 3 0x8000ecec (0x303f2c23) mem 0x80010000 0x00000001
core   0: 0x8000ecf0 (0x0000bfe5) c.j     pc - 8
core   0: 3 0x8000ecf0 (0xbfe5)
core   0: 0x8000ece8 (0x00001f17) auipc   t5, 0x1
core   0: 3 0x8000ece8 (0x00001f17) x30 0x8000fce8
core   0: 0x8000ecec (0x303f2c23) sw      gp, 792(t5)
core   0: 3 0x8000ecec (0x303f2c23) mem 0x80010000 0x00000001
core   0: 0x8000ecf0 (0x0000bfe5) c.j     pc - 8
core   0: 3 0x8000ecf0 (0xbfe5)
core   0: 0x8000ece8 (0x00001f17) auipc   t5, 0x1
core   0: 3 0x8000ece8 (0x00001f17) x30 0x8000fce8
core   0: 0x8000ecec (0x303f2c23) sw      gp, 792(t5)
core   0: 3 0x8000ecec (0x303f2c23) mem 0x80010000 0x00000001
core   0: 0x8000ecf0 (0x0000bfe5) c.j     pc - 8
core   0: 3 0x8000ecf0 (0xbfe5)
core   0: 0x8000ece8 (0x00001f17) auipc   t5, 0x1
core   0: 3 0x8000ece8 (0x00001f17) x30 0x8000fce8
core   0: 0x8000ecec (0x303f2c23) sw      gp, 792(t5)
core   0: 3 0x8000ecec (0x303f2c23) mem 0x80010000 0x00000001
core   0: 0x8000ecf0 (0x0000bfe5) c.j     pc - 8
core   0: 3 0x8000ecf0 (0xbfe5)
core   0: 0x8000ece8 (0x00001f17) auipc   t5, 0x1
core   0: 3 0x8000ece8 (0x00001f17) x30 0x8000fce8
core   0: 0x8000ecec (0x303f2c23) sw      gp, 792(t5)
core   0: 3 0x8000ecec (0x303f2c23) mem 0x80010000 0x00000001
core   0: 0x8000ecf0 (0x0000bfe5) c.j     pc - 8
core   0: 3 0x8000ecf0 (0xbfe5)
core   0: 0x8000ece8 (0x00001f17) auipc   t5, 0x1
core   0: 3 0x8000ece8 (0x00001f17) x30 0x8000fce8
core   0: 0x8000ecec (0x303f2c23) sw      gp, 792(t5)
core   0: 3 0x8000ecec (0x303f2c23) mem 0x80010000 0x00000001
core   0: 0x8000ecf0 (0x0000bfe5) c.j     pc - 8
core   0: 3 0x8000ecf0 (0xbfe5)
core   0: 0x8000ece8 (0x00001f17) auipc   t5, 0x1
core   0: 3 0x8000ece8 (0x00001f17) x30 0x8000fce8
core   0: 0x8000ecec (0x303f2c23) sw      gp, 792(t5)
core   0: 3 0x8000ecec (0x303f2c23) mem 0x80010000 0x00000001
core   0: 0x8000ecf0 (0x0000bfe5) c.j     pc - 8
core   0: 3 0x8000ecf0 (0xbfe5)
core   0: 0x8000ece8 (0x00001f17) auipc   t5, 0x1
core   0: 3 0x8000ece8 (0x00001f17) x30 0x8000fce8
core   0: 0x8000ecec (0x303f2c23) sw      gp, 792(t5)
core   0: 3 0x8000ecec (0x303f2c23) mem 0x80010000 0x00000001
core   0: 0x8000ecf0 (0x0000bfe5) c.j     pc - 8
core   0: 3 0x8000ecf0 (0xbfe5)
core   0: 0x8000ece8 (0x00001f17) auipc   t5, 0x1
core   0: 3 0x8000ece8 (0x00001f17) x30 0x8000fce8
core   0: 0x8000ecec (0x303f2c23) sw      gp, 792(t5)
core   0: 3 0x8000ecec (0x303f2c23) mem 0x80010000 0x00000001
core   0: 0x8000ecf0 (0x0000bfe5) c.j     pc - 8
core   0: 3 0x8000ecf0 (0xbfe5)
core   0: 0x8000ece8 (0x00001f17) auipc   t5, 0x1
core   0: 3 0x8000ece8 (0x00001f17) x30 0x8000fce8
core   0: 0x8000ecec (0x303f2c23) sw      gp, 792(t5)
core   0: 3 0x8000ecec (0x303f2c23) mem 0x80010000 0x00000001
core   0: 0x8000ecf0 (0x0000bfe5) c.j     pc - 8
core   0: 3 0x8000ecf0 (0xbfe5)
core   0: 0x8000ece8 (0x00001f17) auipc   t5, 0x1
core   0: 3 0x8000ece8 (0x00001f17) x30 0x8000fce8
core   0: 0x8000ecec (0x303f2c23) sw      gp, 792(t5)
core   0: 3 0x8000ecec (0x303f2c23) mem 0x80010000 0x00000001
core   0: 0x8000ecf0 (0x0000bfe5) c.j     pc - 8
core   0: 3 0x8000ecf0 (0xbfe5)
core   0: 0x8000ece8 (0x00001f17) auipc   t5, 0x1
core   0: 3 0x8000ece8 (0x00001f17) x30 0x8000fce8
core   0: 0x8000ecec (0x303f2c23) sw      gp, 792(t5)
core   0: 3 0x8000ecec (0x303f2c23) mem 0x80010000 0x00000001
core   0: 0x8000ecf0 (0x0000bfe5) c.j     pc - 8
core   0: 3 0x8000ecf0 (0xbfe5)
core   0: 0x8000ece8 (0x00001f17) auipc   t5, 0x1
core   0: 3 0x8000ece8 (0x00001f17) x30 0x8000fce8
core   0: 0x8000ecec (0x303f2c23) sw      gp, 792(t5)
core   0: 3 0x8000ecec (0x303f2c23) mem 0x80010000 0x00000001
core   0: 0x8000ecf0 (0x0000bfe5) c.j     pc - 8
core   0: 3 0x8000ecf0 (0xbfe5)
core   0: 0x8000ece8 (0x00001f17) auipc   t5, 0x1
core   0: 3 0x8000ece8 (0x00001f17) x30 0x8000fce8
core   0: 0x8000ecec (0x303f2c23) sw      gp, 792(t5)
core   0: 3 0x8000ecec (0x303f2c23) mem 0x80010000 0x00000001
core   0: 0x8000ecf0 (0x0000bfe5) c.j     pc - 8
core   0: 3 0x8000ecf0 (0xbfe5)
core   0: 0x8000ece8 (0x00001f17) auipc   t5, 0x1
core   0: 3 0x8000ece8 (0x00001f17) x30 0x8000fce8
core   0: 0x8000ecec (0x303f2c23) sw      gp, 792(t5)
core   0: 3 0x8000ecec (0x303f2c23) mem 0x80010000 0x00000001
core   0: 0x8000ecf0 (0x0000bfe5) c.j     pc - 8
core   0: 3 0x8000ecf0 (0xbfe5)
core   0: 0x8000ece8 (0x00001f17) auipc   t5, 0x1
core   0: 3 0x8000ece8 (0x00001f17) x30 0x8000fce8
core   0: 0x8000ecec (0x303f2c23) sw      gp, 792(t5)
core   0: 3 0x8000ecec (0x303f2c23) mem 0x80010000 0x00000001
core   0: 0x8000ecf0 (0x0000bfe5) c.j     pc - 8
core   0: 3 0x8000ecf0 (0xbfe5)
core   0: 0x8000ece8 (0x00001f17) auipc   t5, 0x1
core   0: 3 0x8000ece8 (0x00001f17) x30 0x8000fce8
core   0: 0x8000ecec (0x303f2c23) sw      gp, 792(t5)
core   0: 3 0x8000ecec (0x303f2c23) mem 0x80010000 0x00000001
core   0: 0x8000ecf0 (0x0000bfe5) c.j     pc - 8
core   0: 3 0x8000ecf0 (0xbfe5)
core   0: 0x8000ece8 (0x00001f17) auipc   t5, 0x1
core   0: 3 0x8000ece8 (0x00001f17) x30 0x8000fce8
core   0: 0x8000ecec (0x303f2c23) sw      gp, 792(t5)
core   0: 3 0x8000ecec (0x303f2c23) mem 0x80010000 0x00000001
core   0: 0x8000ecf0 (0x0000bfe5) c.j     pc - 8
core   0: 3 0x8000ecf0 (0xbfe5)
core   0: 0x8000ece8 (0x00001f17) auipc   t5, 0x1
core   0: 3 0x8000ece8 (0x00001f17) x30 0x8000fce8
core   0: 0x8000ecec (0x303f2c23) sw      gp, 792(t5)
core   0: 3 0x8000ecec (0x303f2c23) mem 0x80010000 0x00000001
core   0: 0x8000ecf0 (0x0000bfe5) c.j     pc - 8
core   0: 3 0x8000ecf0 (0xbfe5)
core   0: 0x8000ece8 (0x00001f17) auipc   t5, 0x1
core   0: 3 0x8000ece8 (0x00001f17) x30 0x8000fce8
core   0: 0x8000ecec (0x303f2c23) sw      gp, 792(t5)
core   0: 3 0x8000ecec (0x303f2c23) mem 0x80010000 0x00000001
core   0: 0x8000ecf0 (0x0000bfe5) c.j     pc - 8
core   0: 3 0x8000ecf0 (0xbfe5)
core   0: 0x8000ece8 (0x00001f17) auipc   t5, 0x1
core   0: 3 0x8000ece8 (0x00001f17) x30 0x8000fce8
core   0: 0x8000ecec (0x303f2c23) sw      gp, 792(t5)
core   0: 3 0x8000ecec (0x303f2c23) mem 0x80010000 0x00000001
core   0: 0x8000ecf0 (0x0000bfe5) c.j     pc - 8
core   0: 3 0x8000ecf0 (0xbfe5)
core   0: 0x8000ece8 (0x00001f17) auipc   t5, 0x1
core   0: 3 0x8000ece8 (0x00001f17) x30 0x8000fce8
core   0: 0x8000ecec (0x303f2c23) sw      gp, 792(t5)
core   0: 3 0x8000ecec (0x303f2c23) mem 0x80010000 0x00000001
core   0: 0x8000ecf0 (0x0000bfe5) c.j     pc - 8
core   0: 3 0x8000ecf0 (0xbfe5)
core   0: 0x8000ece8 (0x00001f17) auipc   t5, 0x1
core   0: 3 0x8000ece8 (0x00001f17) x30 0x8000fce8
core   0: 0x8000ecec (0x303f2c23) sw      gp, 792(t5)
core   0: 3 0x8000ecec (0x303f2c23) mem 0x80010000 0x00000001
core   0: 0x8000ecf0 (0x0000bfe5) c.j     pc - 8
core   0: 3 0x8000ecf0 (0xbfe5)
core   0: 0x8000ece8 (0x00001f17) auipc   t5, 0x1
core   0: 3 0x8000ece8 (0x00001f17) x30 0x8000fce8
core   0: 0x8000ecec (0x303f2c23) sw      gp, 792(t5)
core   0: 3 0x8000ecec (0x303f2c23) mem 0x80010000 0x00000001
core   0: 0x8000ecf0 (0x0000bfe5) c.j     pc - 8
core   0: 3 0x8000ecf0 (0xbfe5)
core   0: 0x8000ece8 (0x00001f17) auipc   t5, 0x1
core   0: 3 0x8000ece8 (0x00001f17) x30 0x8000fce8
core   0: 0x8000ecec (0x303f2c23) sw      gp, 792(t5)
core   0: 3 0x8000ecec (0x303f2c23) mem 0x80010000 0x00000001
core   0: 0x8000ecf0 (0x0000bfe5) c.j     pc - 8
core   0: 3 0x8000ecf0 (0xbfe5)
core   0: 0x8000ece8 (0x00001f17) auipc   t5, 0x1
core   0: 3 0x8000ece8 (0x00001f17) x30 0x8000fce8
core   0: 0x8000ecec (0x303f2c23) sw      gp, 792(t5)
core   0: 3 0x8000ecec (0x303f2c23) mem 0x80010000 0x00000001
core   0: 0x8000ecf0 (0x0000bfe5) c.j     pc - 8
core   0: 3 0x8000ecf0 (0xbfe5)
core   0: 0x8000ece8 (0x00001f17) auipc   t5, 0x1
core   0: 3 0x8000ece8 (0x00001f17) x30 0x8000fce8
core   0: 0x8000ecec (0x303f2c23) sw      gp, 792(t5)
core   0: 3 0x8000ecec (0x303f2c23) mem 0x80010000 0x00000001
core   0: 0x8000ecf0 (0x0000bfe5) c.j     pc - 8
core   0: 3 0x8000ecf0 (0xbfe5)
core   0: 0x8000ece8 (0x00001f17) auipc   t5, 0x1
core   0: 3 0x8000ece8 (0x00001f17) x30 0x8000fce8
core   0: 0x8000ecec (0x303f2c23) sw      gp, 792(t5)
core   0: 3 0x8000ecec (0x303f2c23) mem 0x80010000 0x00000001
core   0: 0x8000ecf0 (0x0000bfe5) c.j     pc - 8
core   0: 3 0x8000ecf0 (0xbfe5)
core   0: 0x8000ece8 (0x00001f17) auipc   t5, 0x1
core   0: 3 0x8000ece8 (0x00001f17) x30 0x8000fce8
core   0: 0x8000ecec (0x303f2c23) sw      gp, 792(t5)
core   0: 3 0x8000ecec (0x303f2c23) mem 0x80010000 0x00000001
core   0: 0x8000ecf0 (0x0000bfe5) c.j     pc - 8
core   0: 3 0x8000ecf0 (0xbfe5)
core   0: 0x8000ece8 (0x00001f17) auipc   t5, 0x1
core   0: 3 0x8000ece8 (0x00001f17) x30 0x8000fce8
core   0: 0x8000ecec (0x303f2c23) sw      gp, 792(t5)
core   0: 3 0x8000ecec (0x303f2c23) mem 0x80010000 0x00000001
core   0: 0x8000ecf0 (0x0000bfe5) c.j     pc - 8
core   0: 3 0x8000ecf0 (0xbfe5)
core   0: 0x8000ece8 (0x00001f17) auipc   t5, 0x1
core   0: 3 0x8000ece8 (0x00001f17) x30 0x8000fce8
core   0: 0x8000ecec (0x303f2c23) sw      gp, 792(t5)
core   0: 3 0x8000ecec (0x303f2c23) mem 0x80010000 0x00000001
core   0: 0x8000ecf0 (0x0000bfe5) c.j     pc - 8
core   0: 3 0x8000ecf0 (0xbfe5)
core   0: 0x8000ece8 (0x00001f17) auipc   t5, 0x1
core   0: 3 0x8000ece8 (0x00001f17) x30 0x8000fce8
core   0: 0x8000ecec (0x303f2c23) sw      gp, 792(t5)
core   0: 3 0x8000ecec (0x303f2c23) mem 0x80010000 0x00000001
core   0: 0x8000ecf0 (0x0000bfe5) c.j     pc - 8
core   0: 3 0x8000ecf0 (0xbfe5)
core   0: 0x8000ece8 (0x00001f17) auipc   t5, 0x1
core   0: 3 0x8000ece8 (0x00001f17) x30 0x8000fce8
core   0: 0x8000ecec (0x303f2c23) sw      gp, 792(t5)
core   0: 3 0x8000ecec (0x303f2c23) mem 0x80010000 0x00000001
core   0: 0x8000ecf0 (0x0000bfe5) c.j     pc - 8
core   0: 3 0x8000ecf0 (0xbfe5)
core   0: 0x8000ece8 (0x00001f17) auipc   t5, 0x1
core   0: 3 0x8000ece8 (0x00001f17) x30 0x8000fce8
core   0: 0x8000ecec (0x303f2c23) sw      gp, 792(t5)
core   0: 3 0x8000ecec (0x303f2c23) mem 0x80010000 0x00000001
core   0: 0x8000ecf0 (0x0000bfe5) c.j     pc - 8
core   0: 3 0x8000ecf0 (0xbfe5)
core   0: 0x8000ece8 (0x00001f17) auipc   t5, 0x1
core   0: 3 0x8000ece8 (0x00001f17) x30 0x8000fce8
core   0: 0x8000ecec (0x303f2c23) sw      gp, 792(t5)
core   0: 3 0x8000ecec (0x303f2c23) mem 0x80010000 0x00000001
core   0: 0x8000ecf0 (0x0000bfe5) c.j     pc - 8
core   0: 3 0x8000ecf0 (0xbfe5)
core   0: 0x8000ece8 (0x00001f17) auipc   t5, 0x1
core   0: 3 0x8000ece8 (0x00001f17) x30 0x8000fce8
core   0: 0x8000ecec (0x303f2c23) sw      gp, 792(t5)
core   0: 3 0x8000ecec (0x303f2c23) mem 0x80010000 0x00000001
core   0: 0x8000ecf0 (0x0000bfe5) c.j     pc - 8
core   0: 3 0x8000ecf0 (0xbfe5)
core   0: 0x8000ece8 (0x00001f17) auipc   t5, 0x1
core   0: 3 0x8000ece8 (0x00001f17) x30 0x8000fce8
core   0: 0x8000ecec (0x303f2c23) sw      gp, 792(t5)
core   0: 3 0x8000ecec (0x303f2c23) mem 0x80010000 0x00000001
core   0: 0x8000ecf0 (0x0000bfe5) c.j     pc - 8
core   0: 3 0x8000ecf0 (0xbfe5)
core   0: 0x8000ece8 (0x00001f17) auipc   t5, 0x1
core   0: 3 0x8000ece8 (0x00001f17) x30 0x8000fce8
core   0: 0x8000ecec (0x303f2c23) sw      gp, 792(t5)
core   0: 3 0x8000ecec (0x303f2c23) mem 0x80010000 0x00000001
core   0: 0x8000ecf0 (0x0000bfe5) c.j     pc - 8
core   0: 3 0x8000ecf0 (0xbfe5)
core   0: 0x8000ece8 (0x00001f17) auipc   t5, 0x1
core   0: 3 0x8000ece8 (0x00001f17) x30 0x8000fce8
core   0: 0x8000ecec (0x303f2c23) sw      gp, 792(t5)
core   0: 3 0x8000ecec (0x303f2c23) mem 0x80010000 0x00000001
core   0: 0x8000ecf0 (0x0000bfe5) c.j     pc - 8
core   0: 3 0x8000ecf0 (0xbfe5)
core   0: 0x8000ece8 (0x00001f17) auipc   t5, 0x1
core   0: 3 0x8000ece8 (0x00001f17) x30 0x8000fce8
core   0: 0x8000ecec (0x303f2c23) sw      gp, 792(t5)
core   0: 3 0x8000ecec (0x303f2c23) mem 0x80010000 0x00000001
core   0: 0x8000ecf0 (0x0000bfe5) c.j     pc - 8
core   0: 3 0x8000ecf0 (0xbfe5)
core   0: 0x8000ece8 (0x00001f17) auipc   t5, 0x1
core   0: 3 0x8000ece8 (0x00001f17) x30 0x8000fce8
core   0: 0x8000ecec (0x303f2c23) sw      gp, 792(t5)
core   0: 3 0x8000ecec (0x303f2c23) mem 0x80010000 0x00000001
core   0: 0x8000ecf0 (0x0000bfe5) c.j     pc - 8
core   0: 3 0x8000ecf0 (0xbfe5)
core   0: 0x8000ece8 (0x00001f17) auipc   t5, 0x1
core   0: 3 0x8000ece8 (0x00001f17) x30 0x8000fce8
core   0: 0x8000ecec (0x303f2c23) sw      gp, 792(t5)
core   0: 3 0x8000ecec (0x303f2c23) mem 0x80010000 0x00000001
core   0: 0x8000ecf0 (0x0000bfe5) c.j     pc - 8
core   0: 3 0x8000ecf0 (0xbfe5)
core   0: 0x8000ece8 (0x00001f17) auipc   t5, 0x1
core   0: 3 0x8000ece8 (0x00001f17) x30 0x8000fce8
core   0: 0x8000ecec (0x303f2c23) sw      gp, 792(t5)
core   0: 3 0x8000ecec (0x303f2c23) mem 0x80010000 0x00000001
core   0: 0x8000ecf0 (0x0000bfe5) c.j     pc - 8
core   0: 3 0x8000ecf0 (0xbfe5)
core   0: 0x8000ece8 (0x00001f17) auipc   t5, 0x1
core   0: 3 0x8000ece8 (0x00001f17) x30 0x8000fce8
core   0: 0x8000ecec (0x303f2c23) sw      gp, 792(t5)
core   0: 3 0x8000ecec (0x303f2c23) mem 0x80010000 0x00000001
core   0: 0x8000ecf0 (0x0000bfe5) c.j     pc - 8
core   0: 3 0x8000ecf0 (0xbfe5)
core   0: 0x8000ece8 (0x00001f17) auipc   t5, 0x1
core   0: 3 0x8000ece8 (0x00001f17) x30 0x8000fce8
core   0: 0x8000ecec (0x303f2c23) sw      gp, 792(t5)
core   0: 3 0x8000ecec (0x303f2c23) mem 0x80010000 0x00000001
core   0: 0x8000ecf0 (0x0000bfe5) c.j     pc - 8
core   0: 3 0x8000ecf0 (0xbfe5)
core   0: 0x8000ece8 (0x00001f17) auipc   t5, 0x1
core   0: 3 0x8000ece8 (0x00001f17) x30 0x8000fce8
core   0: 0x8000ecec (0x303f2c23) sw      gp, 792(t5)
core   0: 3 0x8000ecec (0x303f2c23) mem 0x80010000 0x00000001
core   0: 0x8000ecf0 (0x0000bfe5) c.j     pc - 8
core   0: 3 0x8000ecf0 (0xbfe5)
core   0: 0x8000ece8 (0x00001f17) auipc   t5, 0x1
core   0: 3 0x8000ece8 (0x00001f17) x30 0x8000fce8
core   0: 0x8000ecec (0x303f2c23) sw      gp, 792(t5)
core   0: 3 0x8000ecec (0x303f2c23) mem 0x80010000 0x00000001
core   0: 0x8000ecf0 (0x0000bfe5) c.j     pc - 8
core   0: 3 0x8000ecf0 (0xbfe5)
core   0: 0x8000ece8 (0x00001f17) auipc   t5, 0x1
core   0: 3 0x8000ece8 (0x00001f17) x30 0x8000fce8
core   0: 0x8000ecec (0x303f2c23) sw      gp, 792(t5)
core   0: 3 0x8000ecec (0x303f2c23) mem 0x80010000 0x00000001
core   0: 0x8000ecf0 (0x0000bfe5) c.j     pc - 8
core   0: 3 0x8000ecf0 (0xbfe5)
core   0: 0x8000ece8 (0x00001f17) auipc   t5, 0x1
core   0: 3 0x8000ece8 (0x00001f17) x30 0x8000fce8
core   0: 0x8000ecec (0x303f2c23) sw      gp, 792(t5)
core   0: 3 0x8000ecec (0x303f2c23) mem 0x80010000 0x00000001
core   0: 0x8000ecf0 (0x0000bfe5) c.j     pc - 8
core   0: 3 0x8000ecf0 (0xbfe5)
core   0: 0x8000ece8 (0x00001f17) auipc   t5, 0x1
core   0: 3 0x8000ece8 (0x00001f17) x30 0x8000fce8
core   0: 0x8000ecec (0x303f2c23) sw      gp, 792(t5)
core   0: 3 0x8000ecec (0x303f2c23) mem 0x80010000 0x00000001
core   0: 0x8000ecf0 (0x0000bfe5) c.j     pc - 8
core   0: 3 0x8000ecf0 (0xbfe5)
core   0: 0x8000ece8 (0x00001f17) auipc   t5, 0x1
core   0: 3 0x8000ece8 (0x00001f17) x30 0x8000fce8
core   0: 0x8000ecec (0x303f2c23) sw      gp, 792(t5)
core   0: 3 0x8000ecec (0x303f2c23) mem 0x80010000 0x00000001
core   0: 0x8000ecf0 (0x0000bfe5) c.j     pc - 8
core   0: 3 0x8000ecf0 (0xbfe5)
core   0: 0x8000ece8 (0x00001f17) auipc   t5, 0x1
core   0: 3 0x8000ece8 (0x00001f17) x30 0x8000fce8
core   0: 0x8000ecec (0x303f2c23) sw      gp, 792(t5)
core   0: 3 0x8000ecec (0x303f2c23) mem 0x80010000 0x00000001
core   0: 0x8000ecf0 (0x0000bfe5) c.j     pc - 8
core   0: 3 0x8000ecf0 (0xbfe5)
core   0: 0x8000ece8 (0x00001f17) auipc   t5, 0x1
core   0: 3 0x8000ece8 (0x00001f17) x30 0x8000fce8
core   0: 0x8000ecec (0x303f2c23) sw      gp, 792(t5)
core   0: 3 0x8000ecec (0x303f2c23) mem 0x80010000 0x00000001
core   0: 0x8000ecf0 (0x0000bfe5) c.j     pc - 8
core   0: 3 0x8000ecf0 (0xbfe5)
core   0: 0x8000ece8 (0x00001f17) auipc   t5, 0x1
core   0: 3 0x8000ece8 (0x00001f17) x30 0x8000fce8
core   0: 0x8000ecec (0x303f2c23) sw      gp, 792(t5)
core   0: 3 0x8000ecec (0x303f2c23) mem 0x80010000 0x00000001
core   0: 0x8000ecf0 (0x0000bfe5) c.j     pc - 8
core   0: 3 0x8000ecf0 (0xbfe5)
core   0: 0x8000ece8 (0x00001f17) auipc   t5, 0x1
core   0: 3 0x8000ece8 (0x00001f17) x30 0x8000fce8
core   0: 0x8000ecec (0x303f2c23) sw      gp, 792(t5)
core   0: 3 0x8000ecec (0x303f2c23) mem 0x80010000 0x00000001
core   0: 0x8000ecf0 (0x0000bfe5) c.j     pc - 8
core   0: 3 0x8000ecf0 (0xbfe5)
core   0: 0x8000ece8 (0x00001f17) auipc   t5, 0x1
core   0: 3 0x8000ece8 (0x00001f17) x30 0x8000fce8
core   0: 0x8000ecec (0x303f2c23) sw      gp, 792(t5)
core   0: 3 0x8000ecec (0x303f2c23) mem 0x80010000 0x00000001
core   0: 0x8000ecf0 (0x0000bfe5) c.j     pc - 8
core   0: 3 0x8000ecf0 (0xbfe5)
core   0: 0x8000ece8 (0x00001f17) auipc   t5, 0x1
core   0: 3 0x8000ece8 (0x00001f17) x30 0x8000fce8
core   0: 0x8000ecec (0x303f2c23) sw      gp, 792(t5)
core   0: 3 0x8000ecec (0x303f2c23) mem 0x80010000 0x00000001
core   0: 0x8000ecf0 (0x0000bfe5) c.j     pc - 8
core   0: 3 0x8000ecf0 (0xbfe5)
core   0: 0x8000ece8 (0x00001f17) auipc   t5, 0x1
core   0: 3 0x8000ece8 (0x00001f17) x30 0x8000fce8
core   0: 0x8000ecec (0x303f2c23) sw      gp, 792(t5)
core   0: 3 0x8000ecec (0x303f2c23) mem 0x80010000 0x00000001
core   0: 0x8000ecf0 (0x0000bfe5) c.j     pc - 8
core   0: 3 0x8000ecf0 (0xbfe5)
core   0: 0x8000ece8 (0x00001f17) auipc   t5, 0x1
core   0: 3 0x8000ece8 (0x00001f17) x30 0x8000fce8
core   0: 0x8000ecec (0x303f2c23) sw      gp, 792(t5)
core   0: 3 0x8000ecec (0x303f2c23) mem 0x80010000 0x00000001
core   0: 0x8000ecf0 (0x0000bfe5) c.j     pc - 8
core   0: 3 0x8000ecf0 (0xbfe5)
core   0: 0x8000ece8 (0x00001f17) auipc   t5, 0x1
core   0: 3 0x8000ece8 (0x00001f17) x30 0x8000fce8
core   0: 0x8000ecec (0x303f2c23) sw      gp, 792(t5)
core   0: 3 0x8000ecec (0x303f2c23) mem 0x80010000 0x00000001
core   0: 0x8000ecf0 (0x0000bfe5) c.j     pc - 8
core   0: 3 0x8000ecf0 (0xbfe5)
core   0: 0x8000ece8 (0x00001f17) auipc   t5, 0x1
core   0: 3 0x8000ece8 (0x00001f17) x30 0x8000fce8
core   0: 0x8000ecec (0x303f2c23) sw      gp, 792(t5)
core   0: 3 0x8000ecec (0x303f2c23) mem 0x80010000 0x00000001
core   0: 0x8000ecf0 (0x0000bfe5) c.j     pc - 8
core   0: 3 0x8000ecf0 (0xbfe5)
core   0: 0x8000ece8 (0x00001f17) auipc   t5, 0x1
core   0: 3 0x8000ece8 (0x00001f17) x30 0x8000fce8
core   0: 0x8000ecec (0x303f2c23) sw      gp, 792(t5)
core   0: 3 0x8000ecec (0x303f2c23) mem 0x80010000 0x00000001
core   0: 0x8000ecf0 (0x0000bfe5) c.j     pc - 8
core   0: 3 0x8000ecf0 (0xbfe5)
core   0: 0x8000ece8 (0x00001f17) auipc   t5, 0x1
core   0: 3 0x8000ece8 (0x00001f17) x30 0x8000fce8
core   0: 0x8000ecec (0x303f2c23) sw      gp, 792(t5)
core   0: 3 0x8000ecec (0x303f2c23) mem 0x80010000 0x00000001
core   0: 0x8000ecf0 (0x0000bfe5) c.j     pc - 8
core   0: 3 0x8000ecf0 (0xbfe5)
core   0: 0x8000ece8 (0x00001f17) auipc   t5, 0x1
core   0: 3 0x8000ece8 (0x00001f17) x30 0x8000fce8
core   0: 0x8000ecec (0x303f2c23) sw      gp, 792(t5)
core   0: 3 0x8000ecec (0x303f2c23) mem 0x80010000 0x00000001
core   0: 0x8000ecf0 (0x0000bfe5) c.j     pc - 8
core   0: 3 0x8000ecf0 (0xbfe5)
core   0: 0x8000ece8 (0x00001f17) auipc   t5, 0x1
core   0: 3 0x8000ece8 (0x00001f17) x30 0x8000fce8
core   0: 0x8000ecec (0x303f2c23) sw      gp, 792(t5)
core   0: 3 0x8000ecec (0x303f2c23) mem 0x80010000 0x00000001
core   0: 0x8000ecf0 (0x0000bfe5) c.j     pc - 8
core   0: 3 0x8000ecf0 (0xbfe5)
core   0: 0x8000ece8 (0x00001f17) auipc   t5, 0x1
core   0: 3 0x8000ece8 (0x00001f17) x30 0x8000fce8
core   0: 0x8000ecec (0x303f2c23) sw      gp, 792(t5)
core   0: 3 0x8000ecec (0x303f2c23) mem 0x80010000 0x00000001
core   0: 0x8000ecf0 (0x0000bfe5) c.j     pc - 8
core   0: 3 0x8000ecf0 (0xbfe5)
core   0: 0x8000ece8 (0x00001f17) auipc   t5, 0x1
core   0: 3 0x8000ece8 (0x00001f17) x30 0x8000fce8
core   0: 0x8000ecec (0x303f2c23) sw      gp, 792(t5)
core   0: 3 0x8000ecec (0x303f2c23) mem 0x80010000 0x00000001
core   0: 0x8000ecf0 (0x0000bfe5) c.j     pc - 8
core   0: 3 0x8000ecf0 (0xbfe5)
core   0: 0x8000ece8 (0x00001f17) auipc   t5, 0x1
core   0: 3 0x8000ece8 (0x00001f17) x30 0x8000fce8
core   0: 0x8000ecec (0x303f2c23) sw      gp, 792(t5)
core   0: 3 0x8000ecec (0x303f2c23) mem 0x80010000 0x00000001
core   0: 0x8000ecf0 (0x0000bfe5) c.j     pc - 8
core   0: 3 0x8000ecf0 (0xbfe5)
core   0: 0x8000ece8 (0x00001f17) auipc   t5, 0x1
core   0: 3 0x8000ece8 (0x00001f17) x30 0x8000fce8
core   0: 0x8000ecec (0x303f2c23) sw      gp, 792(t5)
core   0: 3 0x8000ecec (0x303f2c23) mem 0x80010000 0x00000001
core   0: 0x8000ecf0 (0x0000bfe5) c.j     pc - 8
core   0: 3 0x8000ecf0 (0xbfe5)
core   0: 0x8000ece8 (0x00001f17) auipc   t5, 0x1
core   0: 3 0x8000ece8 (0x00001f17) x30 0x8000fce8
core   0: 0x8000ecec (0x303f2c23) sw      gp, 792(t5)
core   0: 3 0x8000ecec (0x303f2c23) mem 0x80010000 0x00000001
core   0: 0x8000ecf0 (0x0000bfe5) c.j     pc - 8
core   0: 3 0x8000ecf0 (0xbfe5)
core   0: 0x8000ece8 (0x00001f17) auipc   t5, 0x1
core   0: 3 0x8000ece8 (0x00001f17) x30 0x8000fce8
core   0: 0x8000ecec (0x303f2c23) sw      gp, 792(t5)
core   0: 3 0x8000ecec (0x303f2c23) mem 0x80010000 0x00000001
core   0: 0x8000ecf0 (0x0000bfe5) c.j     pc - 8
core   0: 3 0x8000ecf0 (0xbfe5)
core   0: 0x8000ece8 (0x00001f17) auipc   t5, 0x1
core   0: 3 0x8000ece8 (0x00001f17) x30 0x8000fce8
core   0: 0x8000ecec (0x303f2c23) sw      gp, 792(t5)
core   0: 3 0x8000ecec (0x303f2c23) mem 0x80010000 0x00000001
core   0: 0x8000ecf0 (0x0000bfe5) c.j     pc - 8
core   0: 3 0x8000ecf0 (0xbfe5)
core   0: 0x8000ece8 (0x00001f17) auipc   t5, 0x1
core   0: 3 0x8000ece8 (0x00001f17) x30 0x8000fce8
core   0: 0x8000ecec (0x303f2c23) sw      gp, 792(t5)
core   0: 3 0x8000ecec (0x303f2c23) mem 0x80010000 0x00000001
core   0: 0x8000ecf0 (0x0000bfe5) c.j     pc - 8
core   0: 3 0x8000ecf0 (0xbfe5)
core   0: 0x8000ece8 (0x00001f17) auipc   t5, 0x1
core   0: 3 0x8000ece8 (0x00001f17) x30 0x8000fce8
core   0: 0x8000ecec (0x303f2c23) sw      gp, 792(t5)
core   0: 3 0x8000ecec (0x303f2c23) mem 0x80010000 0x00000001
core   0: 0x8000ecf0 (0x0000bfe5) c.j     pc - 8
core   0: 3 0x8000ecf0 (0xbfe5)
core   0: 0x8000ece8 (0x00001f17) auipc   t5, 0x1
core   0: 3 0x8000ece8 (0x00001f17) x30 0x8000fce8
core   0: 0x8000ecec (0x303f2c23) sw      gp, 792(t5)
core   0: 3 0x8000ecec (0x303f2c23) mem 0x80010000 0x00000001
core   0: 0x8000ecf0 (0x0000bfe5) c.j     pc - 8
core   0: 3 0x8000ecf0 (0xbfe5)
core   0: 0x8000ece8 (0x00001f17) auipc   t5, 0x1
core   0: 3 0x8000ece8 (0x00001f17) x30 0x8000fce8
core   0: 0x8000ecec (0x303f2c23) sw      gp, 792(t5)
core   0: 3 0x8000ecec (0x303f2c23) mem 0x80010000 0x00000001
core   0: 0x8000ecf0 (0x0000bfe5) c.j     pc - 8
core   0: 3 0x8000ecf0 (0xbfe5)
core   0: 0x8000ece8 (0x00001f17) auipc   t5, 0x1
core   0: 3 0x8000ece8 (0x00001f17) x30 0x8000fce8
core   0: 0x8000ecec (0x303f2c23) sw      gp, 792(t5)
core   0: 3 0x8000ecec (0x303f2c23) mem 0x80010000 0x00000001
core   0: 0x8000ecf0 (0x0000bfe5) c.j     pc - 8
core   0: 3 0x8000ecf0 (0xbfe5)
core   0: 0x8000ece8 (0x00001f17) auipc   t5, 0x1
core   0: 3 0x8000ece8 (0x00001f17) x30 0x8000fce8
core   0: 0x8000ecec (0x303f2c23) sw      gp, 792(t5)
core   0: 3 0x8000ecec (0x303f2c23) mem 0x80010000 0x00000001
core   0: 0x8000ecf0 (0x0000bfe5) c.j     pc - 8
core   0: 3 0x8000ecf0 (0xbfe5)
core   0: 0x8000ece8 (0x00001f17) auipc   t5, 0x1
core   0: 3 0x8000ece8 (0x00001f17) x30 0x8000fce8
core   0: 0x8000ecec (0x303f2c23) sw      gp, 792(t5)
core   0: 3 0x8000ecec (0x303f2c23) mem 0x80010000 0x00000001
core   0: 0x8000ecf0 (0x0000bfe5) c.j     pc - 8
core   0: 3 0x8000ecf0 (0xbfe5)
core   0: 0x8000ece8 (0x00001f17) auipc   t5, 0x1
core   0: 3 0x8000ece8 (0x00001f17) x30 0x8000fce8
core   0: 0x8000ecec (0x303f2c23) sw      gp, 792(t5)
core   0: 3 0x8000ecec (0x303f2c23) mem 0x80010000 0x00000001
core   0: 0x8000ecf0 (0x0000bfe5) c.j     pc - 8
core   0: 3 0x8000ecf0 (0xbfe5)
core   0: 0x8000ece8 (0x00001f17) auipc   t5, 0x1
core   0: 3 0x8000ece8 (0x00001f17) x30 0x8000fce8
core   0: 0x8000ecec (0x303f2c23) sw      gp, 792(t5)
core   0: 3 0x8000ecec (0x303f2c23) mem 0x80010000 0x00000001
core   0: 0x8000ecf0 (0x0000bfe5) c.j     pc - 8
core   0: 3 0x8000ecf0 (0xbfe5)
core   0: 0x8000ece8 (0x00001f17) auipc   t5, 0x1
core   0: 3 0x8000ece8 (0x00001f17) x30 0x8000fce8
core   0: 0x8000ecec (0x303f2c23) sw      gp, 792(t5)
core   0: 3 0x8000ecec (0x303f2c23) mem 0x80010000 0x00000001
core   0: 0x8000ecf0 (0x0000bfe5) c.j     pc - 8
core   0: 3 0x8000ecf0 (0xbfe5)
core   0: 0x8000ece8 (0x00001f17) auipc   t5, 0x1
core   0: 3 0x8000ece8 (0x00001f17) x30 0x8000fce8
core   0: 0x8000ecec (0x303f2c23) sw      gp, 792(t5)
core   0: 3 0x8000ecec (0x303f2c23) mem 0x80010000 0x00000001
core   0: 0x8000ecf0 (0x0000bfe5) c.j     pc - 8
core   0: 3 0x8000ecf0 (0xbfe5)
core   0: 0x8000ece8 (0x00001f17) auipc   t5, 0x1
core   0: 3 0x8000ece8 (0x00001f17) x30 0x8000fce8
core   0: 0x8000ecec (0x303f2c23) sw      gp, 792(t5)
core   0: 3 0x8000ecec (0x303f2c23) mem 0x80010000 0x00000001
core   0: 0x8000ecf0 (0x0000bfe5) c.j     pc - 8
core   0: 3 0x8000ecf0 (0xbfe5)
core   0: 0x8000ece8 (0x00001f17) auipc   t5, 0x1
core   0: 3 0x8000ece8 (0x00001f17) x30 0x8000fce8
core   0: 0x8000ecec (0x303f2c23) sw      gp, 792(t5)
core   0: 3 0x8000ecec (0x303f2c23) mem 0x80010000 0x00000001
core   0: 0x8000ecf0 (0x0000bfe5) c.j     pc - 8
core   0: 3 0x8000ecf0 (0xbfe5)
core   0: 0x8000ece8 (0x00001f17) auipc   t5, 0x1
core   0: 3 0x8000ece8 (0x00001f17) x30 0x8000fce8
core   0: 0x8000ecec (0x303f2c23) sw      gp, 792(t5)
core   0: 3 0x8000ecec (0x303f2c23) mem 0x80010000 0x00000001
core   0: 0x8000ecf0 (0x0000bfe5) c.j     pc - 8
core   0: 3 0x8000ecf0 (0xbfe5)
core   0: 0x8000ece8 (0x00001f17) auipc   t5, 0x1
core   0: 3 0x8000ece8 (0x00001f17) x30 0x8000fce8
core   0: 0x8000ecec (0x303f2c23) sw      gp, 792(t5)
core   0: 3 0x8000ecec (0x303f2c23) mem 0x80010000 0x00000001
core   0: 0x8000ecf0 (0x0000bfe5) c.j     pc - 8
core   0: 3 0x8000ecf0 (0xbfe5)
core   0: 0x8000ece8 (0x00001f17) auipc   t5, 0x1
core   0: 3 0x8000ece8 (0x00001f17) x30 0x8000fce8
core   0: 0x8000ecec (0x303f2c23) sw      gp, 792(t5)
core   0: 3 0x8000ecec (0x303f2c23) mem 0x80010000 0x00000001
core   0: 0x8000ecf0 (0x0000bfe5) c.j     pc - 8
core   0: 3 0x8000ecf0 (0xbfe5)
core   0: 0x8000ece8 (0x00001f17) auipc   t5, 0x1
core   0: 3 0x8000ece8 (0x00001f17) x30 0x8000fce8
core   0: 0x8000ecec (0x303f2c23) sw      gp, 792(t5)
core   0: 3 0x8000ecec (0x303f2c23) mem 0x80010000 0x00000001
core   0: 0x8000ecf0 (0x0000bfe5) c.j     pc - 8
core   0: 3 0x8000ecf0 (0xbfe5)
core   0: 0x8000ece8 (0x00001f17) auipc   t5, 0x1
core   0: 3 0x8000ece8 (0x00001f17) x30 0x8000fce8
core   0: 0x8000ecec (0x303f2c23) sw      gp, 792(t5)
core   0: 3 0x8000ecec (0x303f2c23) mem 0x80010000 0x00000001
core   0: 0x8000ecf0 (0x0000bfe5) c.j     pc - 8
core   0: 3 0x8000ecf0 (0xbfe5)
core   0: 0x8000ece8 (0x00001f17) auipc   t5, 0x1
core   0: 3 0x8000ece8 (0x00001f17) x30 0x8000fce8
core   0: 0x8000ecec (0x303f2c23) sw      gp, 792(t5)
core   0: 3 0x8000ecec (0x303f2c23) mem 0x80010000 0x00000001
core   0: 0x8000ecf0 (0x0000bfe5) c.j     pc - 8
core   0: 3 0x8000ecf0 (0xbfe5)
core   0: 0x8000ece8 (0x00001f17) auipc   t5, 0x1
core   0: 3 0x8000ece8 (0x00001f17) x30 0x8000fce8
core   0: 0x8000ecec (0x303f2c23) sw      gp, 792(t5)
core   0: 3 0x8000ecec (0x303f2c23) mem 0x80010000 0x00000001
core   0: 0x8000ecf0 (0x0000bfe5) c.j     pc - 8
core   0: 3 0x8000ecf0 (0xbfe5)
core   0: 0x8000ece8 (0x00001f17) auipc   t5, 0x1
core   0: 3 0x8000ece8 (0x00001f17) x30 0x8000fce8
core   0: 0x8000ecec (0x303f2c23) sw      gp, 792(t5)
core   0: 3 0x8000ecec (0x303f2c23) mem 0x80010000 0x00000001
core   0: 0x8000ecf0 (0x0000bfe5) c.j     pc - 8
core   0: 3 0x8000ecf0 (0xbfe5)
core   0: 0x8000ece8 (0x00001f17) auipc   t5, 0x1
core   0: 3 0x8000ece8 (0x00001f17) x30 0x8000fce8
core   0: 0x8000ecec (0x303f2c23) sw      gp, 792(t5)
core   0: 3 0x8000ecec (0x303f2c23) mem 0x80010000 0x00000001
core   0: 0x8000ecf0 (0x0000bfe5) c.j     pc - 8
core   0: 3 0x8000ecf0 (0xbfe5)
core   0: 0x8000ece8 (0x00001f17) auipc   t5, 0x1
core   0: 3 0x8000ece8 (0x00001f17) x30 0x8000fce8
core   0: 0x8000ecec (0x303f2c23) sw      gp, 792(t5)
core   0: 3 0x8000ecec (0x303f2c23) mem 0x80010000 0x00000001
core   0: 0x8000ecf0 (0x0000bfe5) c.j     pc - 8
core   0: 3 0x8000ecf0 (0xbfe5)
core   0: 0x8000ece8 (0x00001f17) auipc   t5, 0x1
core   0: 3 0x8000ece8 (0x00001f17) x30 0x8000fce8
core   0: 0x8000ecec (0x303f2c23) sw      gp, 792(t5)
core   0: 3 0x8000ecec (0x303f2c23) mem 0x80010000 0x00000001
core   0: 0x8000ecf0 (0x0000bfe5) c.j     pc - 8
core   0: 3 0x8000ecf0 (0xbfe5)
core   0: 0x8000ece8 (0x00001f17) auipc   t5, 0x1
core   0: 3 0x8000ece8 (0x00001f17) x30 0x8000fce8
core   0: 0x8000ecec (0x303f2c23) sw      gp, 792(t5)
core   0: 3 0x8000ecec (0x303f2c23) mem 0x80010000 0x00000001
core   0: 0x8000ecf0 (0x0000bfe5) c.j     pc - 8
core   0: 3 0x8000ecf0 (0xbfe5)
core   0: 0x8000ece8 (0x00001f17) auipc   t5, 0x1
core   0: 3 0x8000ece8 (0x00001f17) x30 0x8000fce8
core   0: 0x8000ecec (0x303f2c23) sw      gp, 792(t5)
core   0: 3 0x8000ecec (0x303f2c23) mem 0x80010000 0x00000001
core   0: 0x8000ecf0 (0x0000bfe5) c.j     pc - 8
core   0: 3 0x8000ecf0 (0xbfe5)
core   0: 0x8000ece8 (0x00001f17) auipc   t5, 0x1
core   0: 3 0x8000ece8 (0x00001f17) x30 0x8000fce8
core   0: 0x8000ecec (0x303f2c23) sw      gp, 792(t5)
core   0: 3 0x8000ecec (0x303f2c23) mem 0x80010000 0x00000001
core   0: 0x8000ecf0 (0x0000bfe5) c.j     pc - 8
core   0: 3 0x8000ecf0 (0xbfe5)
core   0: 0x8000ece8 (0x00001f17) auipc   t5, 0x1
core   0: 3 0x8000ece8 (0x00001f17) x30 0x8000fce8
core   0: 0x8000ecec (0x303f2c23) sw      gp, 792(t5)
core   0: 3 0x8000ecec (0x303f2c23) mem 0x80010000 0x00000001
core   0: 0x8000ecf0 (0x0000bfe5) c.j     pc - 8
core   0: 3 0x8000ecf0 (0xbfe5)
core   0: 0x8000ece8 (0x00001f17) auipc   t5, 0x1
core   0: 3 0x8000ece8 (0x00001f17) x30 0x8000fce8
core   0: 0x8000ecec (0x303f2c23) sw      gp, 792(t5)
core   0: 3 0x8000ecec (0x303f2c23) mem 0x80010000 0x00000001
core   0: 0x8000ecf0 (0x0000bfe5) c.j     pc - 8
core   0: 3 0x8000ecf0 (0xbfe5)
core   0: 0x8000ece8 (0x00001f17) auipc   t5, 0x1
core   0: 3 0x8000ece8 (0x00001f17) x30 0x8000fce8
core   0: 0x8000ecec (0x303f2c23) sw      gp, 792(t5)
core   0: 3 0x8000ecec (0x303f2c23) mem 0x80010000 0x00000001
core   0: 0x8000ecf0 (0x0000bfe5) c.j     pc - 8
core   0: 3 0x8000ecf0 (0xbfe5)
core   0: 0x8000ece8 (0x00001f17) auipc   t5, 0x1
core   0: 3 0x8000ece8 (0x00001f17) x30 0x8000fce8
core   0: 0x8000ecec (0x303f2c23) sw      gp, 792(t5)
core   0: 3 0x8000ecec (0x303f2c23) mem 0x80010000 0x00000001
core   0: 0x8000ecf0 (0x0000bfe5) c.j     pc - 8
core   0: 3 0x8000ecf0 (0xbfe5)
core   0: 0x8000ece8 (0x00001f17) auipc   t5, 0x1
core   0: 3 0x8000ece8 (0x00001f17) x30 0x8000fce8
core   0: 0x8000ecec (0x303f2c23) sw      gp, 792(t5)
core   0: 3 0x8000ecec (0x303f2c23) mem 0x80010000 0x00000001
core   0: 0x8000ecf0 (0x0000bfe5) c.j     pc - 8
core   0: 3 0x8000ecf0 (0xbfe5)
core   0: 0x8000ece8 (0x00001f17) auipc   t5, 0x1
core   0: 3 0x8000ece8 (0x00001f17) x30 0x8000fce8
core   0: 0x8000ecec (0x303f2c23) sw      gp, 792(t5)
core   0: 3 0x8000ecec (0x303f2c23) mem 0x80010000 0x00000001
core   0: 0x8000ecf0 (0x0000bfe5) c.j     pc - 8
core   0: 3 0x8000ecf0 (0xbfe5)
core   0: 0x8000ece8 (0x00001f17) auipc   t5, 0x1
core   0: 3 0x8000ece8 (0x00001f17) x30 0x8000fce8
core   0: 0x8000ecec (0x303f2c23) sw      gp, 792(t5)
core   0: 3 0x8000ecec (0x303f2c23) mem 0x80010000 0x00000001
core   0: 0x8000ecf0 (0x0000bfe5) c.j     pc - 8
core   0: 3 0x8000ecf0 (0xbfe5)
core   0: 0x8000ece8 (0x00001f17) auipc   t5, 0x1
core   0: 3 0x8000ece8 (0x00001f17) x30 0x8000fce8
core   0: 0x8000ecec (0x303f2c23) sw      gp, 792(t5)
core   0: 3 0x8000ecec (0x303f2c23) mem 0x80010000 0x00000001
core   0: 0x8000ecf0 (0x0000bfe5) c.j     pc - 8
core   0: 3 0x8000ecf0 (0xbfe5)
core   0: 0x8000ece8 (0x00001f17) auipc   t5, 0x1
core   0: 3 0x8000ece8 (0x00001f17) x30 0x8000fce8
core   0: 0x8000ecec (0x303f2c23) sw      gp, 792(t5)
core   0: 3 0x8000ecec (0x303f2c23) mem 0x80010000 0x00000001
core   0: 0x8000ecf0 (0x0000bfe5) c.j     pc - 8
core   0: 3 0x8000ecf0 (0xbfe5)
core   0: 0x8000ece8 (0x00001f17) auipc   t5, 0x1
core   0: 3 0x8000ece8 (0x00001f17) x30 0x8000fce8
core   0: 0x8000ecec (0x303f2c23) sw      gp, 792(t5)
core   0: 3 0x8000ecec (0x303f2c23) mem 0x80010000 0x00000001
core   0: 0x8000ecf0 (0x0000bfe5) c.j     pc - 8
core   0: 3 0x8000ecf0 (0xbfe5)
core   0: 0x8000ece8 (0x00001f17) auipc   t5, 0x1
core   0: 3 0x8000ece8 (0x00001f17) x30 0x8000fce8
core   0: 0x8000ecec (0x303f2c23) sw      gp, 792(t5)
core   0: 3 0x8000ecec (0x303f2c23) mem 0x80010000 0x00000001
core   0: 0x8000ecf0 (0x0000bfe5) c.j     pc - 8
core   0: 3 0x8000ecf0 (0xbfe5)
core   0: 0x8000ece8 (0x00001f17) auipc   t5, 0x1
core   0: 3 0x8000ece8 (0x00001f17) x30 0x8000fce8
core   0: 0x8000ecec (0x303f2c23) sw      gp, 792(t5)
core   0: 3 0x8000ecec (0x303f2c23) mem 0x80010000 0x00000001
core   0: 0x8000ecf0 (0x0000bfe5) c.j     pc - 8
core   0: 3 0x8000ecf0 (0xbfe5)
core   0: 0x8000ece8 (0x00001f17) auipc   t5, 0x1
core   0: 3 0x8000ece8 (0x00001f17) x30 0x8000fce8
core   0: 0x8000ecec (0x303f2c23) sw      gp, 792(t5)
core   0: 3 0x8000ecec (0x303f2c23) mem 0x80010000 0x00000001
core   0: 0x8000ecf0 (0x0000bfe5) c.j     pc - 8
core   0: 3 0x8000ecf0 (0xbfe5)
core   0: 0x8000ece8 (0x00001f17) auipc   t5, 0x1
core   0: 3 0x8000ece8 (0x00001f17) x30 0x8000fce8
core   0: 0x8000ecec (0x303f2c23) sw      gp, 792(t5)
core   0: 3 0x8000ecec (0x303f2c23) mem 0x80010000 0x00000001
core   0: 0x8000ecf0 (0x0000bfe5) c.j     pc - 8
core   0: 3 0x8000ecf0 (0xbfe5)
core   0: 0x8000ece8 (0x00001f17) auipc   t5, 0x1
core   0: 3 0x8000ece8 (0x00001f17) x30 0x8000fce8
core   0: 0x8000ecec (0x303f2c23) sw      gp, 792(t5)
core   0: 3 0x8000ecec (0x303f2c23) mem 0x80010000 0x00000001
core   0: 0x8000ecf0 (0x0000bfe5) c.j     pc - 8
core   0: 3 0x8000ecf0 (0xbfe5)
core   0: 0x8000ece8 (0x00001f17) auipc   t5, 0x1
core   0: 3 0x8000ece8 (0x00001f17) x30 0x8000fce8
core   0: 0x8000ecec (0x303f2c23) sw      gp, 792(t5)
core   0: 3 0x8000ecec (0x303f2c23) mem 0x80010000 0x00000001
core   0: 0x8000ecf0 (0x0000bfe5) c.j     pc - 8
core   0: 3 0x8000ecf0 (0xbfe5)
core   0: 0x8000ece8 (0x00001f17) auipc   t5, 0x1
core   0: 3 0x8000ece8 (0x00001f17) x30 0x8000fce8
core   0: 0x8000ecec (0x303f2c23) sw      gp, 792(t5)
core   0: 3 0x8000ecec (0x303f2c23) mem 0x80010000 0x00000001
core   0: 0x8000ecf0 (0x0000bfe5) c.j     pc - 8
core   0: 3 0x8000ecf0 (0xbfe5)
core   0: 0x8000ece8 (0x00001f17) auipc   t5, 0x1
core   0: 3 0x8000ece8 (0x00001f17) x30 0x8000fce8
core   0: 0x8000ecec (0x303f2c23) sw      gp, 792(t5)
core   0: 3 0x8000ecec (0x303f2c23) mem 0x80010000 0x00000001
core   0: 0x8000ecf0 (0x0000bfe5) c.j     pc - 8
core   0: 3 0x8000ecf0 (0xbfe5)
core   0: 0x8000ece8 (0x00001f17) auipc   t5, 0x1
core   0: 3 0x8000ece8 (0x00001f17) x30 0x8000fce8
core   0: 0x8000ecec (0x303f2c23) sw      gp, 792(t5)
core   0: 3 0x8000ecec (0x303f2c23) mem 0x80010000 0x00000001
core   0: 0x8000ecf0 (0x0000bfe5) c.j     pc - 8
core   0: 3 0x8000ecf0 (0xbfe5)
core   0: 0x8000ece8 (0x00001f17) auipc   t5, 0x1
core   0: 3 0x8000ece8 (0x00001f17) x30 0x8000fce8
core   0: 0x8000ecec (0x303f2c23) sw      gp, 792(t5)
core   0: 3 0x8000ecec (0x303f2c23) mem 0x80010000 0x00000001
core   0: 0x8000ecf0 (0x0000bfe5) c.j     pc - 8
core   0: 3 0x8000ecf0 (0xbfe5)
core   0: 0x8000ece8 (0x00001f17) auipc   t5, 0x1
core   0: 3 0x8000ece8 (0x00001f17) x30 0x8000fce8
core   0: 0x8000ecec (0x303f2c23) sw      gp, 792(t5)
core   0: 3 0x8000ecec (0x303f2c23) mem 0x80010000 0x00000001
core   0: 0x8000ecf0 (0x0000bfe5) c.j     pc - 8
core   0: 3 0x8000ecf0 (0xbfe5)
core   0: 0x8000ece8 (0x00001f17) auipc   t5, 0x1
core   0: 3 0x8000ece8 (0x00001f17) x30 0x8000fce8
core   0: 0x8000ecec (0x303f2c23) sw      gp, 792(t5)
core   0: 3 0x8000ecec (0x303f2c23) mem 0x80010000 0x00000001
core   0: 0x8000ecf0 (0x0000bfe5) c.j     pc - 8
core   0: 3 0x8000ecf0 (0xbfe5)
core   0: 0x8000ece8 (0x00001f17) auipc   t5, 0x1
core   0: 3 0x8000ece8 (0x00001f17) x30 0x8000fce8
core   0: 0x8000ecec (0x303f2c23) sw      gp, 792(t5)
core   0: 3 0x8000ecec (0x303f2c23) mem 0x80010000 0x00000001
core   0: 0x8000ecf0 (0x0000bfe5) c.j     pc - 8
core   0: 3 0x8000ecf0 (0xbfe5)
core   0: 0x8000ece8 (0x00001f17) auipc   t5, 0x1
core   0: 3 0x8000ece8 (0x00001f17) x30 0x8000fce8
core   0: 0x8000ecec (0x303f2c23) sw      gp, 792(t5)
core   0: 3 0x8000ecec (0x303f2c23) mem 0x80010000 0x00000001
core   0: 0x8000ecf0 (0x0000bfe5) c.j     pc - 8
core   0: 3 0x8000ecf0 (0xbfe5)
core   0: 0x8000ece8 (0x00001f17) auipc   t5, 0x1
core   0: 3 0x8000ece8 (0x00001f17) x30 0x8000fce8
core   0: 0x8000ecec (0x303f2c23) sw      gp, 792(t5)
core   0: 3 0x8000ecec (0x303f2c23) mem 0x80010000 0x00000001
core   0: 0x8000ecf0 (0x0000bfe5) c.j     pc - 8
core   0: 3 0x8000ecf0 (0xbfe5)
core   0: 0x8000ece8 (0x00001f17) auipc   t5, 0x1
core   0: 3 0x8000ece8 (0x00001f17) x30 0x8000fce8
core   0: 0x8000ecec (0x303f2c23) sw      gp, 792(t5)
core   0: 3 0x8000ecec (0x303f2c23) mem 0x80010000 0x00000001
core   0: 0x8000ecf0 (0x0000bfe5) c.j     pc - 8
core   0: 3 0x8000ecf0 (0xbfe5)
core   0: 0x8000ece8 (0x00001f17) auipc   t5, 0x1
core   0: 3 0x8000ece8 (0x00001f17) x30 0x8000fce8
core   0: 0x8000ecec (0x303f2c23) sw      gp, 792(t5)
core   0: 3 0x8000ecec (0x303f2c23) mem 0x80010000 0x00000001
core   0: 0x8000ecf0 (0x0000bfe5) c.j     pc - 8
core   0: 3 0x8000ecf0 (0xbfe5)
core   0: 0x8000ece8 (0x00001f17) auipc   t5, 0x1
core   0: 3 0x8000ece8 (0x00001f17) x30 0x8000fce8
core   0: 0x8000ecec (0x303f2c23) sw      gp, 792(t5)
core   0: 3 0x8000ecec (0x303f2c23) mem 0x80010000 0x00000001
core   0: 0x8000ecf0 (0x0000bfe5) c.j     pc - 8
core   0: 3 0x8000ecf0 (0xbfe5)
core   0: 0x8000ece8 (0x00001f17) auipc   t5, 0x1
core   0: 3 0x8000ece8 (0x00001f17) x30 0x8000fce8
core   0: 0x8000ecec (0x303f2c23) sw      gp, 792(t5)
core   0: 3 0x8000ecec (0x303f2c23) mem 0x80010000 0x00000001
core   0: 0x8000ecf0 (0x0000bfe5) c.j     pc - 8
core   0: 3 0x8000ecf0 (0xbfe5)
core   0: 0x8000ece8 (0x00001f17) auipc   t5, 0x1
core   0: 3 0x8000ece8 (0x00001f17) x30 0x8000fce8
core   0: 0x8000ecec (0x303f2c23) sw      gp, 792(t5)
core   0: 3 0x8000ecec (0x303f2c23) mem 0x80010000 0x00000001
core   0: 0x8000ecf0 (0x0000bfe5) c.j     pc - 8
core   0: 3 0x8000ecf0 (0xbfe5)
core   0: 0x8000ece8 (0x00001f17) auipc   t5, 0x1
core   0: 3 0x8000ece8 (0x00001f17) x30 0x8000fce8
core   0: 0x8000ecec (0x303f2c23) sw      gp, 792(t5)
core   0: 3 0x8000ecec (0x303f2c23) mem 0x80010000 0x00000001
core   0: 0x8000ecf0 (0x0000bfe5) c.j     pc - 8
core   0: 3 0x8000ecf0 (0xbfe5)
core   0: 0x8000ece8 (0x00001f17) auipc   t5, 0x1
core   0: 3 0x8000ece8 (0x00001f17) x30 0x8000fce8
core   0: 0x8000ecec (0x303f2c23) sw      gp, 792(t5)
core   0: 3 0x8000ecec (0x303f2c23) mem 0x80010000 0x00000001
core   0: 0x8000ecf0 (0x0000bfe5) c.j     pc - 8
core   0: 3 0x8000ecf0 (0xbfe5)
core   0: 0x8000ece8 (0x00001f17) auipc   t5, 0x1
core   0: 3 0x8000ece8 (0x00001f17) x30 0x8000fce8
core   0: 0x8000ecec (0x303f2c23) sw      gp, 792(t5)
core   0: 3 0x8000ecec (0x303f2c23) mem 0x80010000 0x00000001
core   0: 0x8000ecf0 (0x0000bfe5) c.j     pc - 8
core   0: 3 0x8000ecf0 (0xbfe5)
core   0: 0x8000ece8 (0x00001f17) auipc   t5, 0x1
core   0: 3 0x8000ece8 (0x00001f17) x30 0x8000fce8
core   0: 0x8000ecec (0x303f2c23) sw      gp, 792(t5)
core   0: 3 0x8000ecec (0x303f2c23) mem 0x80010000 0x00000001
core   0: 0x8000ecf0 (0x0000bfe5) c.j     pc - 8
core   0: 3 0x8000ecf0 (0xbfe5)
core   0: 0x8000ece8 (0x00001f17) auipc   t5, 0x1
core   0: 3 0x8000ece8 (0x00001f17) x30 0x8000fce8
core   0: 0x8000ecec (0x303f2c23) sw      gp, 792(t5)
core   0: 3 0x8000ecec (0x303f2c23) mem 0x80010000 0x00000001
core   0: 0x8000ecf0 (0x0000bfe5) c.j     pc - 8
core   0: 3 0x8000ecf0 (0xbfe5)
core   0: 0x8000ece8 (0x00001f17) auipc   t5, 0x1
core   0: 3 0x8000ece8 (0x00001f17) x30 0x8000fce8
core   0: 0x8000ecec (0x303f2c23) sw      gp, 792(t5)
core   0: 3 0x8000ecec (0x303f2c23) mem 0x80010000 0x00000001
core   0: 0x8000ecf0 (0x0000bfe5) c.j     pc - 8
core   0: 3 0x8000ecf0 (0xbfe5)
core   0: 0x8000ece8 (0x00001f17) auipc   t5, 0x1
core   0: 3 0x8000ece8 (0x00001f17) x30 0x8000fce8
core   0: 0x8000ecec (0x303f2c23) sw      gp, 792(t5)
core   0: 3 0x8000ecec (0x303f2c23) mem 0x80010000 0x00000001
core   0: 0x8000ecf0 (0x0000bfe5) c.j     pc - 8
core   0: 3 0x8000ecf0 (0xbfe5)
core   0: 0x8000ece8 (0x00001f17) auipc   t5, 0x1
core   0: 3 0x8000ece8 (0x00001f17) x30 0x8000fce8
core   0: 0x8000ecec (0x303f2c23) sw      gp, 792(t5)
core   0: 3 0x8000ecec (0x303f2c23) mem 0x80010000 0x00000001
core   0: 0x8000ecf0 (0x0000bfe5) c.j     pc - 8
core   0: 3 0x8000ecf0 (0xbfe5)
core   0: 0x8000ece8 (0x00001f17) auipc   t5, 0x1
core   0: 3 0x8000ece8 (0x00001f17) x30 0x8000fce8
core   0: 0x8000ecec (0x303f2c23) sw      gp, 792(t5)
core   0: 3 0x8000ecec (0x303f2c23) mem 0x80010000 0x00000001
core   0: 0x8000ecf0 (0x0000bfe5) c.j     pc - 8
core   0: 3 0x8000ecf0 (0xbfe5)
core   0: 0x8000ece8 (0x00001f17) auipc   t5, 0x1
core   0: 3 0x8000ece8 (0x00001f17) x30 0x8000fce8
core   0: 0x8000ecec (0x303f2c23) sw      gp, 792(t5)
core   0: 3 0x8000ecec (0x303f2c23) mem 0x80010000 0x00000001
core   0: 0x8000ecf0 (0x0000bfe5) c.j     pc - 8
core   0: 3 0x8000ecf0 (0xbfe5)
core   0: 0x8000ece8 (0x00001f17) auipc   t5, 0x1
core   0: 3 0x8000ece8 (0x00001f17) x30 0x8000fce8
core   0: 0x8000ecec (0x303f2c23) sw      gp, 792(t5)
core   0: 3 0x8000ecec (0x303f2c23) mem 0x80010000 0x00000001
core   0: 0x8000ecf0 (0x0000bfe5) c.j     pc - 8
core   0: 3 0x8000ecf0 (0xbfe5)
core   0: 0x8000ece8 (0x00001f17) auipc   t5, 0x1
core   0: 3 0x8000ece8 (0x00001f17) x30 0x8000fce8
core   0: 0x8000ecec (0x303f2c23) sw      gp, 792(t5)
core   0: 3 0x8000ecec (0x303f2c23) mem 0x80010000 0x00000001
core   0: 0x8000ecf0 (0x0000bfe5) c.j     pc - 8
core   0: 3 0x8000ecf0 (0xbfe5)
core   0: 0x8000ece8 (0x00001f17) auipc   t5, 0x1
core   0: 3 0x8000ece8 (0x00001f17) x30 0x8000fce8
core   0: 0x8000ecec (0x303f2c23) sw      gp, 792(t5)
core   0: 3 0x8000ecec (0x303f2c23) mem 0x80010000 0x00000001
core   0: 0x8000ecf0 (0x0000bfe5) c.j     pc - 8
core   0: 3 0x8000ecf0 (0xbfe5)
core   0: 0x8000ece8 (0x00001f17) auipc   t5, 0x1
core   0: 3 0x8000ece8 (0x00001f17) x30 0x8000fce8
core   0: 0x8000ecec (0x303f2c23) sw      gp, 792(t5)
core   0: 3 0x8000ecec (0x303f2c23) mem 0x80010000 0x00000001
core   0: 0x8000ecf0 (0x0000bfe5) c.j     pc - 8
core   0: 3 0x8000ecf0 (0xbfe5)
core   0: 0x8000ece8 (0x00001f17) auipc   t5, 0x1
core   0: 3 0x8000ece8 (0x00001f17) x30 0x8000fce8
core   0: 0x8000ecec (0x303f2c23) sw      gp, 792(t5)
core   0: 3 0x8000ecec (0x303f2c23) mem 0x80010000 0x00000001
core   0: 0x8000ecf0 (0x0000bfe5) c.j     pc - 8
core   0: 3 0x8000ecf0 (0xbfe5)
core   0: 0x8000ece8 (0x00001f17) auipc   t5, 0x1
core   0: 3 0x8000ece8 (0x00001f17) x30 0x8000fce8
core   0: 0x8000ecec (0x303f2c23) sw      gp, 792(t5)
core   0: 3 0x8000ecec (0x303f2c23) mem 0x80010000 0x00000001
core   0: 0x8000ecf0 (0x0000bfe5) c.j     pc - 8
core   0: 3 0x8000ecf0 (0xbfe5)
core   0: 0x8000ece8 (0x00001f17) auipc   t5, 0x1
core   0: 3 0x8000ece8 (0x00001f17) x30 0x8000fce8
core   0: 0x8000ecec (0x303f2c23) sw      gp, 792(t5)
core   0: 3 0x8000ecec (0x303f2c23) mem 0x80010000 0x00000001
core   0: 0x8000ecf0 (0x0000bfe5) c.j     pc - 8
core   0: 3 0x8000ecf0 (0xbfe5)
core   0: 0x8000ece8 (0x00001f17) auipc   t5, 0x1
core   0: 3 0x8000ece8 (0x00001f17) x30 0x8000fce8
core   0: 0x8000ecec (0x303f2c23) sw      gp, 792(t5)
core   0: 3 0x8000ecec (0x303f2c23) mem 0x80010000 0x00000001
core   0: 0x8000ecf0 (0x0000bfe5) c.j     pc - 8
core   0: 3 0x8000ecf0 (0xbfe5)
core   0: 0x8000ece8 (0x00001f17) auipc   t5, 0x1
core   0: 3 0x8000ece8 (0x00001f17) x30 0x8000fce8
core   0: 0x8000ecec (0x303f2c23) sw      gp, 792(t5)
core   0: 3 0x8000ecec (0x303f2c23) mem 0x80010000 0x00000001
core   0: 0x8000ecf0 (0x0000bfe5) c.j     pc - 8
core   0: 3 0x8000ecf0 (0xbfe5)
core   0: 0x8000ece8 (0x00001f17) auipc   t5, 0x1
core   0: 3 0x8000ece8 (0x00001f17) x30 0x8000fce8
core   0: 0x8000ecec (0x303f2c23) sw      gp, 792(t5)
core   0: 3 0x8000ecec (0x303f2c23) mem 0x80010000 0x00000001
core   0: 0x8000ecf0 (0x0000bfe5) c.j     pc - 8
core   0: 3 0x8000ecf0 (0xbfe5)
core   0: 0x8000ece8 (0x00001f17) auipc   t5, 0x1
core   0: 3 0x8000ece8 (0x00001f17) x30 0x8000fce8
core   0: 0x8000ecec (0x303f2c23) sw      gp, 792(t5)
core   0: 3 0x8000ecec (0x303f2c23) mem 0x80010000 0x00000001
core   0: 0x8000ecf0 (0x0000bfe5) c.j     pc - 8
core   0: 3 0x8000ecf0 (0xbfe5)
core   0: 0x8000ece8 (0x00001f17) auipc   t5, 0x1
core   0: 3 0x8000ece8 (0x00001f17) x30 0x8000fce8
core   0: 0x8000ecec (0x303f2c23) sw      gp, 792(t5)
core   0: 3 0x8000ecec (0x303f2c23) mem 0x80010000 0x00000001
core   0: 0x8000ecf0 (0x0000bfe5) c.j     pc - 8
core   0: 3 0x8000ecf0 (0xbfe5)
core   0: 0x8000ece8 (0x00001f17) auipc   t5, 0x1
core   0: 3 0x8000ece8 (0x00001f17) x30 0x8000fce8
core   0: 0x8000ecec (0x303f2c23) sw      gp, 792(t5)
core   0: 3 0x8000ecec (0x303f2c23) mem 0x80010000 0x00000001
core   0: 0x8000ecf0 (0x0000bfe5) c.j     pc - 8
core   0: 3 0x8000ecf0 (0xbfe5)
core   0: 0x8000ece8 (0x00001f17) auipc   t5, 0x1
core   0: 3 0x8000ece8 (0x00001f17) x30 0x8000fce8
core   0: 0x8000ecec (0x303f2c23) sw      gp, 792(t5)
core   0: 3 0x8000ecec (0x303f2c23) mem 0x80010000 0x00000001
core   0: 0x8000ecf0 (0x0000bfe5) c.j     pc - 8
core   0: 3 0x8000ecf0 (0xbfe5)
core   0: 0x8000ece8 (0x00001f17) auipc   t5, 0x1
core   0: 3 0x8000ece8 (0x00001f17) x30 0x8000fce8
core   0: 0x8000ecec (0x303f2c23) sw      gp, 792(t5)
core   0: 3 0x8000ecec (0x303f2c23) mem 0x80010000 0x00000001
core   0: 0x8000ecf0 (0x0000bfe5) c.j     pc - 8
core   0: 3 0x8000ecf0 (0xbfe5)
core   0: 0x8000ece8 (0x00001f17) auipc   t5, 0x1
core   0: 3 0x8000ece8 (0x00001f17) x30 0x8000fce8
core   0: 0x8000ecec (0x303f2c23) sw      gp, 792(t5)
core   0: 3 0x8000ecec (0x303f2c23) mem 0x80010000 0x00000001
core   0: 0x8000ecf0 (0x0000bfe5) c.j     pc - 8
core   0: 3 0x8000ecf0 (0xbfe5)
core   0: 0x8000ece8 (0x00001f17) auipc   t5, 0x1
core   0: 3 0x8000ece8 (0x00001f17) x30 0x8000fce8
core   0: 0x8000ecec (0x303f2c23) sw      gp, 792(t5)
core   0: 3 0x8000ecec (0x303f2c23) mem 0x80010000 0x00000001
core   0: 0x8000ecf0 (0x0000bfe5) c.j     pc - 8
core   0: 3 0x8000ecf0 (0xbfe5)
core   0: 0x8000ece8 (0x00001f17) auipc   t5, 0x1
core   0: 3 0x8000ece8 (0x00001f17) x30 0x8000fce8
core   0: 0x8000ecec (0x303f2c23) sw      gp, 792(t5)
core   0: 3 0x8000ecec (0x303f2c23) mem 0x80010000 0x00000001
core   0: 0x8000ecf0 (0x0000bfe5) c.j     pc - 8
core   0: 3 0x8000ecf0 (0xbfe5)
core   0: 0x8000ece8 (0x00001f17) auipc   t5, 0x1
core   0: 3 0x8000ece8 (0x00001f17) x30 0x8000fce8
core   0: 0x8000ecec (0x303f2c23) sw      gp, 792(t5)
core   0: 3 0x8000ecec (0x303f2c23) mem 0x80010000 0x00000001
core   0: 0x8000ecf0 (0x0000bfe5) c.j     pc - 8
core   0: 3 0x8000ecf0 (0xbfe5)
core   0: 0x8000ece8 (0x00001f17) auipc   t5, 0x1
core   0: 3 0x8000ece8 (0x00001f17) x30 0x8000fce8
core   0: 0x8000ecec (0x303f2c23) sw      gp, 792(t5)
core   0: 3 0x8000ecec (0x303f2c23) mem 0x80010000 0x00000001
core   0: 0x8000ecf0 (0x0000bfe5) c.j     pc - 8
core   0: 3 0x8000ecf0 (0xbfe5)
core   0: 0x8000ece8 (0x00001f17) auipc   t5, 0x1
core   0: 3 0x8000ece8 (0x00001f17) x30 0x8000fce8
core   0: 0x8000ecec (0x303f2c23) sw      gp, 792(t5)
core   0: 3 0x8000ecec (0x303f2c23) mem 0x80010000 0x00000001
core   0: 0x8000ecf0 (0x0000bfe5) c.j     pc - 8
core   0: 3 0x8000ecf0 (0xbfe5)
core   0: 0x8000ece8 (0x00001f17) auipc   t5, 0x1
core   0: 3 0x8000ece8 (0x00001f17) x30 0x8000fce8
core   0: 0x8000ecec (0x303f2c23) sw      gp, 792(t5)
core   0: 3 0x8000ecec (0x303f2c23) mem 0x80010000 0x00000001
core   0: 0x8000ecf0 (0x0000bfe5) c.j     pc - 8
core   0: 3 0x8000ecf0 (0xbfe5)
core   0: 0x8000ece8 (0x00001f17) auipc   t5, 0x1
core   0: 3 0x8000ece8 (0x00001f17) x30 0x8000fce8
core   0: 0x8000ecec (0x303f2c23) sw      gp, 792(t5)
core   0: 3 0x8000ecec (0x303f2c23) mem 0x80010000 0x00000001
core   0: 0x8000ecf0 (0x0000bfe5) c.j     pc - 8
core   0: 3 0x8000ecf0 (0xbfe5)
core   0: 0x8000ece8 (0x00001f17) auipc   t5, 0x1
core   0: 3 0x8000ece8 (0x00001f17) x30 0x8000fce8
core   0: 0x8000ecec (0x303f2c23) sw      gp, 792(t5)
core   0: 3 0x8000ecec (0x303f2c23) mem 0x80010000 0x00000001
core   0: 0x8000ecf0 (0x0000bfe5) c.j     pc - 8
core   0: 3 0x8000ecf0 (0xbfe5)
core   0: 0x8000ece8 (0x00001f17) auipc   t5, 0x1
core   0: 3 0x8000ece8 (0x00001f17) x30 0x8000fce8
core   0: 0x8000ecec (0x303f2c23) sw      gp, 792(t5)
core   0: 3 0x8000ecec (0x303f2c23) mem 0x80010000 0x00000001
core   0: 0x8000ecf0 (0x0000bfe5) c.j     pc - 8
core   0: 3 0x8000ecf0 (0xbfe5)
core   0: 0x8000ece8 (0x00001f17) auipc   t5, 0x1
core   0: 3 0x8000ece8 (0x00001f17) x30 0x8000fce8
core   0: 0x8000ecec (0x303f2c23) sw      gp, 792(t5)
core   0: 3 0x8000ecec (0x303f2c23) mem 0x80010000 0x00000001
core   0: 0x8000ecf0 (0x0000bfe5) c.j     pc - 8
core   0: 3 0x8000ecf0 (0xbfe5)
core   0: 0x8000ece8 (0x00001f17) auipc   t5, 0x1
core   0: 3 0x8000ece8 (0x00001f17) x30 0x8000fce8
core   0: 0x8000ecec (0x303f2c23) sw      gp, 792(t5)
core   0: 3 0x8000ecec (0x303f2c23) mem 0x80010000 0x00000001
core   0: 0x8000ecf0 (0x0000bfe5) c.j     pc - 8
core   0: 3 0x8000ecf0 (0xbfe5)
core   0: 0x8000ece8 (0x00001f17) auipc   t5, 0x1
core   0: 3 0x8000ece8 (0x00001f17) x30 0x8000fce8
core   0: 0x8000ecec (0x303f2c23) sw      gp, 792(t5)
core   0: 3 0x8000ecec (0x303f2c23) mem 0x80010000 0x00000001
core   0: 0x8000ecf0 (0x0000bfe5) c.j     pc - 8
core   0: 3 0x8000ecf0 (0xbfe5)
core   0: 0x8000ece8 (0x00001f17) auipc   t5, 0x1
core   0: 3 0x8000ece8 (0x00001f17) x30 0x8000fce8
core   0: 0x8000ecec (0x303f2c23) sw      gp, 792(t5)
core   0: 3 0x8000ecec (0x303f2c23) mem 0x80010000 0x00000001
core   0: 0x8000ecf0 (0x0000bfe5) c.j     pc - 8
core   0: 3 0x8000ecf0 (0xbfe5)
core   0: 0x8000ece8 (0x00001f17) auipc   t5, 0x1
core   0: 3 0x8000ece8 (0x00001f17) x30 0x8000fce8
core   0: 0x8000ecec (0x303f2c23) sw      gp, 792(t5)
core   0: 3 0x8000ecec (0x303f2c23) mem 0x80010000 0x00000001
core   0: 0x8000ecf0 (0x0000bfe5) c.j     pc - 8
core   0: 3 0x8000ecf0 (0xbfe5)
core   0: 0x8000ece8 (0x00001f17) auipc   t5, 0x1
core   0: 3 0x8000ece8 (0x00001f17) x30 0x8000fce8
core   0: 0x8000ecec (0x303f2c23) sw      gp, 792(t5)
core   0: 3 0x8000ecec (0x303f2c23) mem 0x80010000 0x00000001
core   0: 0x8000ecf0 (0x0000bfe5) c.j     pc - 8
core   0: 3 0x8000ecf0 (0xbfe5)
core   0: 0x8000ece8 (0x00001f17) auipc   t5, 0x1
core   0: 3 0x8000ece8 (0x00001f17) x30 0x8000fce8
core   0: 0x8000ecec (0x303f2c23) sw      gp, 792(t5)
core   0: 3 0x8000ecec (0x303f2c23) mem 0x80010000 0x00000001
core   0: 0x8000ecf0 (0x0000bfe5) c.j     pc - 8
core   0: 3 0x8000ecf0 (0xbfe5)
core   0: 0x8000ece8 (0x00001f17) auipc   t5, 0x1
core   0: 3 0x8000ece8 (0x00001f17) x30 0x8000fce8
core   0: 0x8000ecec (0x303f2c23) sw      gp, 792(t5)
core   0: 3 0x8000ecec (0x303f2c23) mem 0x80010000 0x00000001
core   0: 0x8000ecf0 (0x0000bfe5) c.j     pc - 8
core   0: 3 0x8000ecf0 (0xbfe5)
core   0: 0x8000ece8 (0x00001f17) auipc   t5, 0x1
core   0: 3 0x8000ece8 (0x00001f17) x30 0x8000fce8
core   0: 0x8000ecec (0x303f2c23) sw      gp, 792(t5)
core   0: 3 0x8000ecec (0x303f2c23) mem 0x80010000 0x00000001
core   0: 0x8000ecf0 (0x0000bfe5) c.j     pc - 8
core   0: 3 0x8000ecf0 (0xbfe5)
core   0: 0x8000ece8 (0x00001f17) auipc   t5, 0x1
core   0: 3 0x8000ece8 (0x00001f17) x30 0x8000fce8
core   0: 0x8000ecec (0x303f2c23) sw      gp, 792(t5)
core   0: 3 0x8000ecec (0x303f2c23) mem 0x80010000 0x00000001
core   0: 0x8000ecf0 (0x0000bfe5) c.j     pc - 8
core   0: 3 0x8000ecf0 (0xbfe5)
core   0: 0x8000ece8 (0x00001f17) auipc   t5, 0x1
core   0: 3 0x8000ece8 (0x00001f17) x30 0x8000fce8
core   0: 0x8000ecec (0x303f2c23) sw      gp, 792(t5)
core   0: 3 0x8000ecec (0x303f2c23) mem 0x80010000 0x00000001
core   0: 0x8000ecf0 (0x0000bfe5) c.j     pc - 8
core   0: 3 0x8000ecf0 (0xbfe5)
core   0: 0x8000ece8 (0x00001f17) auipc   t5, 0x1
core   0: 3 0x8000ece8 (0x00001f17) x30 0x8000fce8
core   0: 0x8000ecec (0x303f2c23) sw      gp, 792(t5)
core   0: 3 0x8000ecec (0x303f2c23) mem 0x80010000 0x00000001
core   0: 0x8000ecf0 (0x0000bfe5) c.j     pc - 8
core   0: 3 0x8000ecf0 (0xbfe5)
core   0: 0x8000ece8 (0x00001f17) auipc   t5, 0x1
core   0: 3 0x8000ece8 (0x00001f17) x30 0x8000fce8
core   0: 0x8000ecec (0x303f2c23) sw      gp, 792(t5)
core   0: 3 0x8000ecec (0x303f2c23) mem 0x80010000 0x00000001
core   0: 0x8000ecf0 (0x0000bfe5) c.j     pc - 8
core   0: 3 0x8000ecf0 (0xbfe5)
core   0: 0x8000ece8 (0x00001f17) auipc   t5, 0x1
core   0: 3 0x8000ece8 (0x00001f17) x30 0x8000fce8
core   0: 0x8000ecec (0x303f2c23) sw      gp, 792(t5)
core   0: 3 0x8000ecec (0x303f2c23) mem 0x80010000 0x00000001
core   0: 0x8000ecf0 (0x0000bfe5) c.j     pc - 8
core   0: 3 0x8000ecf0 (0xbfe5)
core   0: 0x8000ece8 (0x00001f17) auipc   t5, 0x1
core   0: 3 0x8000ece8 (0x00001f17) x30 0x8000fce8
core   0: 0x8000ecec (0x303f2c23) sw      gp, 792(t5)
core   0: 3 0x8000ecec (0x303f2c23) mem 0x80010000 0x00000001
core   0: 0x8000ecf0 (0x0000bfe5) c.j     pc - 8
core   0: 3 0x8000ecf0 (0xbfe5)
core   0: 0x8000ece8 (0x00001f17) auipc   t5, 0x1
core   0: 3 0x8000ece8 (0x00001f17) x30 0x8000fce8
core   0: 0x8000ecec (0x303f2c23) sw      gp, 792(t5)
core   0: 3 0x8000ecec (0x303f2c23) mem 0x80010000 0x00000001
core   0: 0x8000ecf0 (0x0000bfe5) c.j     pc - 8
core   0: 3 0x8000ecf0 (0xbfe5)
core   0: 0x8000ece8 (0x00001f17) auipc   t5, 0x1
core   0: 3 0x8000ece8 (0x00001f17) x30 0x8000fce8
core   0: 0x8000ecec (0x303f2c23) sw      gp, 792(t5)
core   0: 3 0x8000ecec (0x303f2c23) mem 0x80010000 0x00000001
core   0: 0x8000ecf0 (0x0000bfe5) c.j     pc - 8
core   0: 3 0x8000ecf0 (0xbfe5)
core   0: 0x8000ece8 (0x00001f17) auipc   t5, 0x1
core   0: 3 0x8000ece8 (0x00001f17) x30 0x8000fce8
core   0: 0x8000ecec (0x303f2c23) sw      gp, 792(t5)
core   0: 3 0x8000ecec (0x303f2c23) mem 0x80010000 0x00000001
core   0: 0x8000ecf0 (0x0000bfe5) c.j     pc - 8
core   0: 3 0x8000ecf0 (0xbfe5)
core   0: 0x8000ece8 (0x00001f17) auipc   t5, 0x1
core   0: 3 0x8000ece8 (0x00001f17) x30 0x8000fce8
core   0: 0x8000ecec (0x303f2c23) sw      gp, 792(t5)
core   0: 3 0x8000ecec (0x303f2c23) mem 0x80010000 0x00000001
core   0: 0x8000ecf0 (0x0000bfe5) c.j     pc - 8
core   0: 3 0x8000ecf0 (0xbfe5)
core   0: 0x8000ece8 (0x00001f17) auipc   t5, 0x1
core   0: 3 0x8000ece8 (0x00001f17) x30 0x8000fce8
core   0: 0x8000ecec (0x303f2c23) sw      gp, 792(t5)
core   0: 3 0x8000ecec (0x303f2c23) mem 0x80010000 0x00000001
core   0: 0x8000ecf0 (0x0000bfe5) c.j     pc - 8
core   0: 3 0x8000ecf0 (0xbfe5)
core   0: 0x8000ece8 (0x00001f17) auipc   t5, 0x1
core   0: 3 0x8000ece8 (0x00001f17) x30 0x8000fce8
core   0: 0x8000ecec (0x303f2c23) sw      gp, 792(t5)
core   0: 3 0x8000ecec (0x303f2c23) mem 0x80010000 0x00000001
core   0: 0x8000ecf0 (0x0000bfe5) c.j     pc - 8
core   0: 3 0x8000ecf0 (0xbfe5)
core   0: 0x8000ece8 (0x00001f17) auipc   t5, 0x1
core   0: 3 0x8000ece8 (0x00001f17) x30 0x8000fce8
core   0: 0x8000ecec (0x303f2c23) sw      gp, 792(t5)
core   0: 3 0x8000ecec (0x303f2c23) mem 0x80010000 0x00000001
core   0: 0x8000ecf0 (0x0000bfe5) c.j     pc - 8
core   0: 3 0x8000ecf0 (0xbfe5)
core   0: 0x8000ece8 (0x00001f17) auipc   t5, 0x1
core   0: 3 0x8000ece8 (0x00001f17) x30 0x8000fce8
core   0: 0x8000ecec (0x303f2c23) sw      gp, 792(t5)
core   0: 3 0x8000ecec (0x303f2c23) mem 0x80010000 0x00000001
core   0: 0x8000ecf0 (0x0000bfe5) c.j     pc - 8
core   0: 3 0x8000ecf0 (0xbfe5)
core   0: 0x8000ece8 (0x00001f17) auipc   t5, 0x1
core   0: 3 0x8000ece8 (0x00001f17) x30 0x8000fce8
core   0: 0x8000ecec (0x303f2c23) sw      gp, 792(t5)
core   0: 3 0x8000ecec (0x303f2c23) mem 0x80010000 0x00000001
core   0: 0x8000ecf0 (0x0000bfe5) c.j     pc - 8
core   0: 3 0x8000ecf0 (0xbfe5)
core   0: 0x8000ece8 (0x00001f17) auipc   t5, 0x1
core   0: 3 0x8000ece8 (0x00001f17) x30 0x8000fce8
core   0: 0x8000ecec (0x303f2c23) sw      gp, 792(t5)
core   0: 3 0x8000ecec (0x303f2c23) mem 0x80010000 0x00000001
core   0: 0x8000ecf0 (0x0000bfe5) c.j     pc - 8
core   0: 3 0x8000ecf0 (0xbfe5)
core   0: 0x8000ece8 (0x00001f17) auipc   t5, 0x1
core   0: 3 0x8000ece8 (0x00001f17) x30 0x8000fce8
core   0: 0x8000ecec (0x303f2c23) sw      gp, 792(t5)
core   0: 3 0x8000ecec (0x303f2c23) mem 0x80010000 0x00000001
core   0: 0x8000ecf0 (0x0000bfe5) c.j     pc - 8
core   0: 3 0x8000ecf0 (0xbfe5)
core   0: 0x8000ece8 (0x00001f17) auipc   t5, 0x1
core   0: 3 0x8000ece8 (0x00001f17) x30 0x8000fce8
core   0: 0x8000ecec (0x303f2c23) sw      gp, 792(t5)
core   0: 3 0x8000ecec (0x303f2c23) mem 0x80010000 0x00000001
core   0: 0x8000ecf0 (0x0000bfe5) c.j     pc - 8
core   0: 3 0x8000ecf0 (0xbfe5)
core   0: 0x8000ece8 (0x00001f17) auipc   t5, 0x1
core   0: 3 0x8000ece8 (0x00001f17) x30 0x8000fce8
core   0: 0x8000ecec (0x303f2c23) sw      gp, 792(t5)
core   0: 3 0x8000ecec (0x303f2c23) mem 0x80010000 0x00000001
core   0: 0x8000ecf0 (0x0000bfe5) c.j     pc - 8
core   0: 3 0x8000ecf0 (0xbfe5)
core   0: 0x8000ece8 (0x00001f17) auipc   t5, 0x1
core   0: 3 0x8000ece8 (0x00001f17) x30 0x8000fce8
core   0: 0x8000ecec (0x303f2c23) sw      gp, 792(t5)
core   0: 3 0x8000ecec (0x303f2c23) mem 0x80010000 0x00000001
core   0: 0x8000ecf0 (0x0000bfe5) c.j     pc - 8
core   0: 3 0x8000ecf0 (0xbfe5)
core   0: 0x8000ece8 (0x00001f17) auipc   t5, 0x1
core   0: 3 0x8000ece8 (0x00001f17) x30 0x8000fce8
core   0: 0x8000ecec (0x303f2c23) sw      gp, 792(t5)
core   0: 3 0x8000ecec (0x303f2c23) mem 0x80010000 0x00000001
core   0: 0x8000ecf0 (0x0000bfe5) c.j     pc - 8
core   0: 3 0x8000ecf0 (0xbfe5)
core   0: 0x8000ece8 (0x00001f17) auipc   t5, 0x1
core   0: 3 0x8000ece8 (0x00001f17) x30 0x8000fce8
core   0: 0x8000ecec (0x303f2c23) sw      gp, 792(t5)
core   0: 3 0x8000ecec (0x303f2c23) mem 0x80010000 0x00000001
core   0: 0x8000ecf0 (0x0000bfe5) c.j     pc - 8
core   0: 3 0x8000ecf0 (0xbfe5)
core   0: 0x8000ece8 (0x00001f17) auipc   t5, 0x1
core   0: 3 0x8000ece8 (0x00001f17) x30 0x8000fce8
core   0: 0x8000ecec (0x303f2c23) sw      gp, 792(t5)
core   0: 3 0x8000ecec (0x303f2c23) mem 0x80010000 0x00000001
core   0: 0x8000ecf0 (0x0000bfe5) c.j     pc - 8
core   0: 3 0x8000ecf0 (0xbfe5)
core   0: 0x8000ece8 (0x00001f17) auipc   t5, 0x1
core   0: 3 0x8000ece8 (0x00001f17) x30 0x8000fce8
core   0: 0x8000ecec (0x303f2c23) sw      gp, 792(t5)
core   0: 3 0x8000ecec (0x303f2c23) mem 0x80010000 0x00000001
core   0: 0x8000ecf0 (0x0000bfe5) c.j     pc - 8
core   0: 3 0x8000ecf0 (0xbfe5)
core   0: 0x8000ece8 (0x00001f17) auipc   t5, 0x1
core   0: 3 0x8000ece8 (0x00001f17) x30 0x8000fce8
core   0: 0x8000ecec (0x303f2c23) sw      gp, 792(t5)
core   0: 3 0x8000ecec (0x303f2c23) mem 0x80010000 0x00000001
core   0: 0x8000ecf0 (0x0000bfe5) c.j     pc - 8
core   0: 3 0x8000ecf0 (0xbfe5)
core   0: 0x8000ece8 (0x00001f17) auipc   t5, 0x1
core   0: 3 0x8000ece8 (0x00001f17) x30 0x8000fce8
core   0: 0x8000ecec (0x303f2c23) sw      gp, 792(t5)
core   0: 3 0x8000ecec (0x303f2c23) mem 0x80010000 0x00000001
core   0: 0x8000ecf0 (0x0000bfe5) c.j     pc - 8
core   0: 3 0x8000ecf0 (0xbfe5)
core   0: 0x8000ece8 (0x00001f17) auipc   t5, 0x1
core   0: 3 0x8000ece8 (0x00001f17) x30 0x8000fce8
core   0: 0x8000ecec (0x303f2c23) sw      gp, 792(t5)
core   0: 3 0x8000ecec (0x303f2c23) mem 0x80010000 0x00000001
core   0: 0x8000ecf0 (0x0000bfe5) c.j     pc - 8
core   0: 3 0x8000ecf0 (0xbfe5)
core   0: 0x8000ece8 (0x00001f17) auipc   t5, 0x1
core   0: 3 0x8000ece8 (0x00001f17) x30 0x8000fce8
core   0: 0x8000ecec (0x303f2c23) sw      gp, 792(t5)
core   0: 3 0x8000ecec (0x303f2c23) mem 0x80010000 0x00000001
core   0: 0x8000ecf0 (0x0000bfe5) c.j     pc - 8
core   0: 3 0x8000ecf0 (0xbfe5)
core   0: 0x8000ece8 (0x00001f17) auipc   t5, 0x1
core   0: 3 0x8000ece8 (0x00001f17) x30 0x8000fce8
core   0: 0x8000ecec (0x303f2c23) sw      gp, 792(t5)
core   0: 3 0x8000ecec (0x303f2c23) mem 0x80010000 0x00000001
core   0: 0x8000ecf0 (0x0000bfe5) c.j     pc - 8
core   0: 3 0x8000ecf0 (0xbfe5)
core   0: 0x8000ece8 (0x00001f17) auipc   t5, 0x1
core   0: 3 0x8000ece8 (0x00001f17) x30 0x8000fce8
core   0: 0x8000ecec (0x303f2c23) sw      gp, 792(t5)
core   0: 3 0x8000ecec (0x303f2c23) mem 0x80010000 0x00000001
core   0: 0x8000ecf0 (0x0000bfe5) c.j     pc - 8
core   0: 3 0x8000ecf0 (0xbfe5)
core   0: 0x8000ece8 (0x00001f17) auipc   t5, 0x1
core   0: 3 0x8000ece8 (0x00001f17) x30 0x8000fce8
core   0: 0x8000ecec (0x303f2c23) sw      gp, 792(t5)
core   0: 3 0x8000ecec (0x303f2c23) mem 0x80010000 0x00000001
core   0: 0x8000ecf0 (0x0000bfe5) c.j     pc - 8
core   0: 3 0x8000ecf0 (0xbfe5)
core   0: 0x8000ece8 (0x00001f17) auipc   t5, 0x1
core   0: 3 0x8000ece8 (0x00001f17) x30 0x8000fce8
core   0: 0x8000ecec (0x303f2c23) sw      gp, 792(t5)
core   0: 3 0x8000ecec (0x303f2c23) mem 0x80010000 0x00000001
core   0: 0x8000ecf0 (0x0000bfe5) c.j     pc - 8
core   0: 3 0x8000ecf0 (0xbfe5)
core   0: 0x8000ece8 (0x00001f17) auipc   t5, 0x1
core   0: 3 0x8000ece8 (0x00001f17) x30 0x8000fce8
core   0: 0x8000ecec (0x303f2c23) sw      gp, 792(t5)
core   0: 3 0x8000ecec (0x303f2c23) mem 0x80010000 0x00000001
core   0: 0x8000ecf0 (0x0000bfe5) c.j     pc - 8
core   0: 3 0x8000ecf0 (0xbfe5)
core   0: 0x8000ece8 (0x00001f17) auipc   t5, 0x1
core   0: 3 0x8000ece8 (0x00001f17) x30 0x8000fce8
core   0: 0x8000ecec (0x303f2c23) sw      gp, 792(t5)
core   0: 3 0x8000ecec (0x303f2c23) mem 0x80010000 0x00000001
core   0: 0x8000ecf0 (0x0000bfe5) c.j     pc - 8
core   0: 3 0x8000ecf0 (0xbfe5)
core   0: 0x8000ece8 (0x00001f17) auipc   t5, 0x1
core   0: 3 0x8000ece8 (0x00001f17) x30 0x8000fce8
core   0: 0x8000ecec (0x303f2c23) sw      gp, 792(t5)
core   0: 3 0x8000ecec (0x303f2c23) mem 0x80010000 0x00000001
core   0: 0x8000ecf0 (0x0000bfe5) c.j     pc - 8
core   0: 3 0x8000ecf0 (0xbfe5)
core   0: 0x8000ece8 (0x00001f17) auipc   t5, 0x1
core   0: 3 0x8000ece8 (0x00001f17) x30 0x8000fce8
core   0: 0x8000ecec (0x303f2c23) sw      gp, 792(t5)
core   0: 3 0x8000ecec (0x303f2c23) mem 0x80010000 0x00000001
core   0: 0x8000ecf0 (0x0000bfe5) c.j     pc - 8
core   0: 3 0x8000ecf0 (0xbfe5)
core   0: 0x8000ece8 (0x00001f17) auipc   t5, 0x1
core   0: 3 0x8000ece8 (0x00001f17) x30 0x8000fce8
core   0: 0x8000ecec (0x303f2c23) sw      gp, 792(t5)
core   0: 3 0x8000ecec (0x303f2c23) mem 0x80010000 0x00000001
core   0: 0x8000ecf0 (0x0000bfe5) c.j     pc - 8
core   0: 3 0x8000ecf0 (0xbfe5)
core   0: 0x8000ece8 (0x00001f17) auipc   t5, 0x1
core   0: 3 0x8000ece8 (0x00001f17) x30 0x8000fce8
core   0: 0x8000ecec (0x303f2c23) sw      gp, 792(t5)
core   0: 3 0x8000ecec (0x303f2c23) mem 0x80010000 0x00000001
core   0: 0x8000ecf0 (0x0000bfe5) c.j     pc - 8
core   0: 3 0x8000ecf0 (0xbfe5)
core   0: 0x8000ece8 (0x00001f17) auipc   t5, 0x1
core   0: 3 0x8000ece8 (0x00001f17) x30 0x8000fce8
core   0: 0x8000ecec (0x303f2c23) sw      gp, 792(t5)
core   0: 3 0x8000ecec (0x303f2c23) mem 0x80010000 0x00000001
core   0: 0x8000ecf0 (0x0000bfe5) c.j     pc - 8
core   0: 3 0x8000ecf0 (0xbfe5)
core   0: 0x8000ece8 (0x00001f17) auipc   t5, 0x1
core   0: 3 0x8000ece8 (0x00001f17) x30 0x8000fce8
core   0: 0x8000ecec (0x303f2c23) sw      gp, 792(t5)
core   0: 3 0x8000ecec (0x303f2c23) mem 0x80010000 0x00000001
core   0: 0x8000ecf0 (0x0000bfe5) c.j     pc - 8
core   0: 3 0x8000ecf0 (0xbfe5)
core   0: 0x8000ece8 (0x00001f17) auipc   t5, 0x1
core   0: 3 0x8000ece8 (0x00001f17) x30 0x8000fce8
core   0: 0x8000ecec (0x303f2c23) sw      gp, 792(t5)
core   0: 3 0x8000ecec (0x303f2c23) mem 0x80010000 0x00000001
core   0: 0x8000ecf0 (0x0000bfe5) c.j     pc - 8
core   0: 3 0x8000ecf0 (0xbfe5)
core   0: 0x8000ece8 (0x00001f17) auipc   t5, 0x1
core   0: 3 0x8000ece8 (0x00001f17) x30 0x8000fce8
core   0: 0x8000ecec (0x303f2c23) sw      gp, 792(t5)
core   0: 3 0x8000ecec (0x303f2c23) mem 0x80010000 0x00000001
core   0: 0x8000ecf0 (0x0000bfe5) c.j     pc - 8
core   0: 3 0x8000ecf0 (0xbfe5)
core   0: 0x8000ece8 (0x00001f17) auipc   t5, 0x1
core   0: 3 0x8000ece8 (0x00001f17) x30 0x8000fce8
core   0: 0x8000ecec (0x303f2c23) sw      gp, 792(t5)
core   0: 3 0x8000ecec (0x303f2c23) mem 0x80010000 0x00000001
core   0: 0x8000ecf0 (0x0000bfe5) c.j     pc - 8
core   0: 3 0x8000ecf0 (0xbfe5)
core   0: 0x8000ece8 (0x00001f17) auipc   t5, 0x1
core   0: 3 0x8000ece8 (0x00001f17) x30 0x8000fce8
core   0: 0x8000ecec (0x303f2c23) sw      gp, 792(t5)
core   0: 3 0x8000ecec (0x303f2c23) mem 0x80010000 0x00000001
core   0: 0x8000ecf0 (0x0000bfe5) c.j     pc - 8
core   0: 3 0x8000ecf0 (0xbfe5)
core   0: 0x8000ece8 (0x00001f17) auipc   t5, 0x1
core   0: 3 0x8000ece8 (0x00001f17) x30 0x8000fce8
core   0: 0x8000ecec (0x303f2c23) sw      gp, 792(t5)
core   0: 3 0x8000ecec (0x303f2c23) mem 0x80010000 0x00000001
core   0: 0x8000ecf0 (0x0000bfe5) c.j     pc - 8
core   0: 3 0x8000ecf0 (0xbfe5)
core   0: 0x8000ece8 (0x00001f17) auipc   t5, 0x1
core   0: 3 0x8000ece8 (0x00001f17) x30 0x8000fce8
core   0: 0x8000ecec (0x303f2c23) sw      gp, 792(t5)
core   0: 3 0x8000ecec (0x303f2c23) mem 0x80010000 0x00000001
core   0: 0x8000ecf0 (0x0000bfe5) c.j     pc - 8
core   0: 3 0x8000ecf0 (0xbfe5)
core   0: 0x8000ece8 (0x00001f17) auipc   t5, 0x1
core   0: 3 0x8000ece8 (0x00001f17) x30 0x8000fce8
core   0: 0x8000ecec (0x303f2c23) sw      gp, 792(t5)
core   0: 3 0x8000ecec (0x303f2c23) mem 0x80010000 0x00000001
core   0: 0x8000ecf0 (0x0000bfe5) c.j     pc - 8
core   0: 3 0x8000ecf0 (0xbfe5)
core   0: 0x8000ece8 (0x00001f17) auipc   t5, 0x1
core   0: 3 0x8000ece8 (0x00001f17) x30 0x8000fce8
core   0: 0x8000ecec (0x303f2c23) sw      gp, 792(t5)
core   0: 3 0x8000ecec (0x303f2c23) mem 0x80010000 0x00000001
core   0: 0x8000ecf0 (0x0000bfe5) c.j     pc - 8
core   0: 3 0x8000ecf0 (0xbfe5)
core   0: 0x8000ece8 (0x00001f17) auipc   t5, 0x1
core   0: 3 0x8000ece8 (0x00001f17) x30 0x8000fce8
core   0: 0x8000ecec (0x303f2c23) sw      gp, 792(t5)
core   0: 3 0x8000ecec (0x303f2c23) mem 0x80010000 0x00000001
core   0: 0x8000ecf0 (0x0000bfe5) c.j     pc - 8
core   0: 3 0x8000ecf0 (0xbfe5)
core   0: 0x8000ece8 (0x00001f17) auipc   t5, 0x1
core   0: 3 0x8000ece8 (0x00001f17) x30 0x8000fce8
core   0: 0x8000ecec (0x303f2c23) sw      gp, 792(t5)
core   0: 3 0x8000ecec (0x303f2c23) mem 0x80010000 0x00000001
core   0: 0x8000ecf0 (0x0000bfe5) c.j     pc - 8
core   0: 3 0x8000ecf0 (0xbfe5)
core   0: 0x8000ece8 (0x00001f17) auipc   t5, 0x1
core   0: 3 0x8000ece8 (0x00001f17) x30 0x8000fce8
core   0: 0x8000ecec (0x303f2c23) sw      gp, 792(t5)
core   0: 3 0x8000ecec (0x303f2c23) mem 0x80010000 0x00000001
core   0: 0x8000ecf0 (0x0000bfe5) c.j     pc - 8
core   0: 3 0x8000ecf0 (0xbfe5)
core   0: 0x8000ece8 (0x00001f17) auipc   t5, 0x1
core   0: 3 0x8000ece8 (0x00001f17) x30 0x8000fce8
core   0: 0x8000ecec (0x303f2c23) sw      gp, 792(t5)
core   0: 3 0x8000ecec (0x303f2c23) mem 0x80010000 0x00000001
core   0: 0x8000ecf0 (0x0000bfe5) c.j     pc - 8
core   0: 3 0x8000ecf0 (0xbfe5)
core   0: 0x8000ece8 (0x00001f17) auipc   t5, 0x1
core   0: 3 0x8000ece8 (0x00001f17) x30 0x8000fce8
core   0: 0x8000ecec (0x303f2c23) sw      gp, 792(t5)
core   0: 3 0x8000ecec (0x303f2c23) mem 0x80010000 0x00000001
core   0: 0x8000ecf0 (0x0000bfe5) c.j     pc - 8
core   0: 3 0x8000ecf0 (0xbfe5)
core   0: 0x8000ece8 (0x00001f17) auipc   t5, 0x1
core   0: 3 0x8000ece8 (0x00001f17) x30 0x8000fce8
core   0: 0x8000ecec (0x303f2c23) sw      gp, 792(t5)
core   0: 3 0x8000ecec (0x303f2c23) mem 0x80010000 0x00000001
core   0: 0x8000ecf0 (0x0000bfe5) c.j     pc - 8
core   0: 3 0x8000ecf0 (0xbfe5)
core   0: 0x8000ece8 (0x00001f17) auipc   t5, 0x1
core   0: 3 0x8000ece8 (0x00001f17) x30 0x8000fce8
core   0: 0x8000ecec (0x303f2c23) sw      gp, 792(t5)
core   0: 3 0x8000ecec (0x303f2c23) mem 0x80010000 0x00000001
core   0: 0x8000ecf0 (0x0000bfe5) c.j     pc - 8
core   0: 3 0x8000ecf0 (0xbfe5)
core   0: 0x8000ece8 (0x00001f17) auipc   t5, 0x1
core   0: 3 0x8000ece8 (0x00001f17) x30 0x8000fce8
core   0: 0x8000ecec (0x303f2c23) sw      gp, 792(t5)
core   0: 3 0x8000ecec (0x303f2c23) mem 0x80010000 0x00000001
core   0: 0x8000ecf0 (0x0000bfe5) c.j     pc - 8
core   0: 3 0x8000ecf0 (0xbfe5)
core   0: 0x8000ece8 (0x00001f17) auipc   t5, 0x1
core   0: 3 0x8000ece8 (0x00001f17) x30 0x8000fce8
core   0: 0x8000ecec (0x303f2c23) sw      gp, 792(t5)
core   0: 3 0x8000ecec (0x303f2c23) mem 0x80010000 0x00000001
core   0: 0x8000ecf0 (0x0000bfe5) c.j     pc - 8
core   0: 3 0x8000ecf0 (0xbfe5)
core   0: 0x8000ece8 (0x00001f17) auipc   t5, 0x1
core   0: 3 0x8000ece8 (0x00001f17) x30 0x8000fce8
core   0: 0x8000ecec (0x303f2c23) sw      gp, 792(t5)
core   0: 3 0x8000ecec (0x303f2c23) mem 0x80010000 0x00000001
core   0: 0x8000ecf0 (0x0000bfe5) c.j     pc - 8
core   0: 3 0x8000ecf0 (0xbfe5)
core   0: 0x8000ece8 (0x00001f17) auipc   t5, 0x1
core   0: 3 0x8000ece8 (0x00001f17) x30 0x8000fce8
core   0: 0x8000ecec (0x303f2c23) sw      gp, 792(t5)
core   0: 3 0x8000ecec (0x303f2c23) mem 0x80010000 0x00000001
core   0: 0x8000ecf0 (0x0000bfe5) c.j     pc - 8
core   0: 3 0x8000ecf0 (0xbfe5)
core   0: 0x8000ece8 (0x00001f17) auipc   t5, 0x1
core   0: 3 0x8000ece8 (0x00001f17) x30 0x8000fce8
core   0: 0x8000ecec (0x303f2c23) sw      gp, 792(t5)
core   0: 3 0x8000ecec (0x303f2c23) mem 0x80010000 0x00000001
core   0: 0x8000ecf0 (0x0000bfe5) c.j     pc - 8
core   0: 3 0x8000ecf0 (0xbfe5)
core   0: 0x8000ece8 (0x00001f17) auipc   t5, 0x1
core   0: 3 0x8000ece8 (0x00001f17) x30 0x8000fce8
core   0: 0x8000ecec (0x303f2c23) sw      gp, 792(t5)
core   0: 3 0x8000ecec (0x303f2c23) mem 0x80010000 0x00000001
core   0: 0x8000ecf0 (0x0000bfe5) c.j     pc - 8
core   0: 3 0x8000ecf0 (0xbfe5)
core   0: 0x8000ece8 (0x00001f17) auipc   t5, 0x1
core   0: 3 0x8000ece8 (0x00001f17) x30 0x8000fce8
core   0: 0x8000ecec (0x303f2c23) sw      gp, 792(t5)
core   0: 3 0x8000ecec (0x303f2c23) mem 0x80010000 0x00000001
core   0: 0x8000ecf0 (0x0000bfe5) c.j     pc - 8
core   0: 3 0x8000ecf0 (0xbfe5)
core   0: 0x8000ece8 (0x00001f17) auipc   t5, 0x1
core   0: 3 0x8000ece8 (0x00001f17) x30 0x8000fce8
core   0: 0x8000ecec (0x303f2c23) sw      gp, 792(t5)
core   0: 3 0x8000ecec (0x303f2c23) mem 0x80010000 0x00000001
core   0: 0x8000ecf0 (0x0000bfe5) c.j     pc - 8
core   0: 3 0x8000ecf0 (0xbfe5)
core   0: 0x8000ece8 (0x00001f17) auipc   t5, 0x1
core   0: 3 0x8000ece8 (0x00001f17) x30 0x8000fce8
core   0: 0x8000ecec (0x303f2c23) sw      gp, 792(t5)
core   0: 3 0x8000ecec (0x303f2c23) mem 0x80010000 0x00000001
core   0: 0x8000ecf0 (0x0000bfe5) c.j     pc - 8
core   0: 3 0x8000ecf0 (0xbfe5)
core   0: 0x8000ece8 (0x00001f17) auipc   t5, 0x1
core   0: 3 0x8000ece8 (0x00001f17) x30 0x8000fce8
core   0: 0x8000ecec (0x303f2c23) sw      gp, 792(t5)
core   0: 3 0x8000ecec (0x303f2c23) mem 0x80010000 0x00000001
core   0: 0x8000ecf0 (0x0000bfe5) c.j     pc - 8
core   0: 3 0x8000ecf0 (0xbfe5)
core   0: 0x8000ece8 (0x00001f17) auipc   t5, 0x1
core   0: 3 0x8000ece8 (0x00001f17) x30 0x8000fce8
core   0: 0x8000ecec (0x303f2c23) sw      gp, 792(t5)
core   0: 3 0x8000ecec (0x303f2c23) mem 0x80010000 0x00000001
core   0: 0x8000ecf0 (0x0000bfe5) c.j     pc - 8
core   0: 3 0x8000ecf0 (0xbfe5)
core   0: 0x8000ece8 (0x00001f17) auipc   t5, 0x1
core   0: 3 0x8000ece8 (0x00001f17) x30 0x8000fce8
core   0: 0x8000ecec (0x303f2c23) sw      gp, 792(t5)
core   0: 3 0x8000ecec (0x303f2c23) mem 0x80010000 0x00000001
core   0: 0x8000ecf0 (0x0000bfe5) c.j     pc - 8
core   0: 3 0x8000ecf0 (0xbfe5)
core   0: 0x8000ece8 (0x00001f17) auipc   t5, 0x1
core   0: 3 0x8000ece8 (0x00001f17) x30 0x8000fce8
core   0: 0x8000ecec (0x303f2c23) sw      gp, 792(t5)
core   0: 3 0x8000ecec (0x303f2c23) mem 0x80010000 0x00000001
core   0: 0x8000ecf0 (0x0000bfe5) c.j     pc - 8
core   0: 3 0x8000ecf0 (0xbfe5)
core   0: 0x8000ece8 (0x00001f17) auipc   t5, 0x1
core   0: 3 0x8000ece8 (0x00001f17) x30 0x8000fce8
core   0: 0x8000ecec (0x303f2c23) sw      gp, 792(t5)
core   0: 3 0x8000ecec (0x303f2c23) mem 0x80010000 0x00000001
core   0: 0x8000ecf0 (0x0000bfe5) c.j     pc - 8
core   0: 3 0x8000ecf0 (0xbfe5)
core   0: 0x8000ece8 (0x00001f17) auipc   t5, 0x1
core   0: 3 0x8000ece8 (0x00001f17) x30 0x8000fce8
core   0: 0x8000ecec (0x303f2c23) sw      gp, 792(t5)
core   0: 3 0x8000ecec (0x303f2c23) mem 0x80010000 0x00000001
core   0: 0x8000ecf0 (0x0000bfe5) c.j     pc - 8
core   0: 3 0x8000ecf0 (0xbfe5)
core   0: 0x8000ece8 (0x00001f17) auipc   t5, 0x1
core   0: 3 0x8000ece8 (0x00001f17) x30 0x8000fce8
core   0: 0x8000ecec (0x303f2c23) sw      gp, 792(t5)
core   0: 3 0x8000ecec (0x303f2c23) mem 0x80010000 0x00000001
core   0: 0x8000ecf0 (0x0000bfe5) c.j     pc - 8
core   0: 3 0x8000ecf0 (0xbfe5)
core   0: 0x8000ece8 (0x00001f17) auipc   t5, 0x1
core   0: 3 0x8000ece8 (0x00001f17) x30 0x8000fce8
core   0: 0x8000ecec (0x303f2c23) sw      gp, 792(t5)
core   0: 3 0x8000ecec (0x303f2c23) mem 0x80010000 0x00000001
core   0: 0x8000ecf0 (0x0000bfe5) c.j     pc - 8
core   0: 3 0x8000ecf0 (0xbfe5)
core   0: 0x8000ece8 (0x00001f17) auipc   t5, 0x1
core   0: 3 0x8000ece8 (0x00001f17) x30 0x8000fce8
core   0: 0x8000ecec (0x303f2c23) sw      gp, 792(t5)
core   0: 3 0x8000ecec (0x303f2c23) mem 0x80010000 0x00000001
core   0: 0x8000ecf0 (0x0000bfe5) c.j     pc - 8
core   0: 3 0x8000ecf0 (0xbfe5)
core   0: 0x8000ece8 (0x00001f17) auipc   t5, 0x1
core   0: 3 0x8000ece8 (0x00001f17) x30 0x8000fce8
core   0: 0x8000ecec (0x303f2c23) sw      gp, 792(t5)
core   0: 3 0x8000ecec (0x303f2c23) mem 0x80010000 0x00000001
core   0: 0x8000ecf0 (0x0000bfe5) c.j     pc - 8
core   0: 3 0x8000ecf0 (0xbfe5)
core   0: 0x8000ece8 (0x00001f17) auipc   t5, 0x1
core   0: 3 0x8000ece8 (0x00001f17) x30 0x8000fce8
core   0: 0x8000ecec (0x303f2c23) sw      gp, 792(t5)
core   0: 3 0x8000ecec (0x303f2c23) mem 0x80010000 0x00000001
core   0: 0x8000ecf0 (0x0000bfe5) c.j     pc - 8
core   0: 3 0x8000ecf0 (0xbfe5)
core   0: 0x8000ece8 (0x00001f17) auipc   t5, 0x1
core   0: 3 0x8000ece8 (0x00001f17) x30 0x8000fce8
core   0: 0x8000ecec (0x303f2c23) sw      gp, 792(t5)
core   0: 3 0x8000ecec (0x303f2c23) mem 0x80010000 0x00000001
core   0: 0x8000ecf0 (0x0000bfe5) c.j     pc - 8
core   0: 3 0x8000ecf0 (0xbfe5)
core   0: 0x8000ece8 (0x00001f17) auipc   t5, 0x1
core   0: 3 0x8000ece8 (0x00001f17) x30 0x8000fce8
core   0: 0x8000ecec (0x303f2c23) sw      gp, 792(t5)
core   0: 3 0x8000ecec (0x303f2c23) mem 0x80010000 0x00000001
core   0: 0x8000ecf0 (0x0000bfe5) c.j     pc - 8
core   0: 3 0x8000ecf0 (0xbfe5)
core   0: 0x8000ece8 (0x00001f17) auipc   t5, 0x1
core   0: 3 0x8000ece8 (0x00001f17) x30 0x8000fce8
core   0: 0x8000ecec (0x303f2c23) sw      gp, 792(t5)
core   0: 3 0x8000ecec (0x303f2c23) mem 0x80010000 0x00000001
core   0: 0x8000ecf0 (0x0000bfe5) c.j     pc - 8
core   0: 3 0x8000ecf0 (0xbfe5)
core   0: 0x8000ece8 (0x00001f17) auipc   t5, 0x1
core   0: 3 0x8000ece8 (0x00001f17) x30 0x8000fce8
core   0: 0x8000ecec (0x303f2c23) sw      gp, 792(t5)
core   0: 3 0x8000ecec (0x303f2c23) mem 0x80010000 0x00000001
core   0: 0x8000ecf0 (0x0000bfe5) c.j     pc - 8
core   0: 3 0x8000ecf0 (0xbfe5)
core   0: 0x8000ece8 (0x00001f17) auipc   t5, 0x1
core   0: 3 0x8000ece8 (0x00001f17) x30 0x8000fce8
core   0: 0x8000ecec (0x303f2c23) sw      gp, 792(t5)
core   0: 3 0x8000ecec (0x303f2c23) mem 0x80010000 0x00000001
core   0: 0x8000ecf0 (0x0000bfe5) c.j     pc - 8
core   0: 3 0x8000ecf0 (0xbfe5)
core   0: 0x8000ece8 (0x00001f17) auipc   t5, 0x1
core   0: 3 0x8000ece8 (0x00001f17) x30 0x8000fce8
core   0: 0x8000ecec (0x303f2c23) sw      gp, 792(t5)
core   0: 3 0x8000ecec (0x303f2c23) mem 0x80010000 0x00000001
core   0: 0x8000ecf0 (0x0000bfe5) c.j     pc - 8
core   0: 3 0x8000ecf0 (0xbfe5)
core   0: 0x8000ece8 (0x00001f17) auipc   t5, 0x1
core   0: 3 0x8000ece8 (0x00001f17) x30 0x8000fce8
core   0: 0x8000ecec (0x303f2c23) sw      gp, 792(t5)
core   0: 3 0x8000ecec (0x303f2c23) mem 0x80010000 0x00000001
core   0: 0x8000ecf0 (0x0000bfe5) c.j     pc - 8
core   0: 3 0x8000ecf0 (0xbfe5)
core   0: 0x8000ece8 (0x00001f17) auipc   t5, 0x1
core   0: 3 0x8000ece8 (0x00001f17) x30 0x8000fce8
core   0: 0x8000ecec (0x303f2c23) sw      gp, 792(t5)
core   0: 3 0x8000ecec (0x303f2c23) mem 0x80010000 0x00000001
core   0: 0x8000ecf0 (0x0000bfe5) c.j     pc - 8
core   0: 3 0x8000ecf0 (0xbfe5)
core   0: 0x8000ece8 (0x00001f17) auipc   t5, 0x1
core   0: 3 0x8000ece8 (0x00001f17) x30 0x8000fce8
core   0: 0x8000ecec (0x303f2c23) sw      gp, 792(t5)
core   0: 3 0x8000ecec (0x303f2c23) mem 0x80010000 0x00000001
core   0: 0x8000ecf0 (0x0000bfe5) c.j     pc - 8
core   0: 3 0x8000ecf0 (0xbfe5)
core   0: 0x8000ece8 (0x00001f17) auipc   t5, 0x1
core   0: 3 0x8000ece8 (0x00001f17) x30 0x8000fce8
core   0: 0x8000ecec (0x303f2c23) sw      gp, 792(t5)
core   0: 3 0x8000ecec (0x303f2c23) mem 0x80010000 0x00000001
core   0: 0x8000ecf0 (0x0000bfe5) c.j     pc - 8
core   0: 3 0x8000ecf0 (0xbfe5)
core   0: 0x8000ece8 (0x00001f17) auipc   t5, 0x1
core   0: 3 0x8000ece8 (0x00001f17) x30 0x8000fce8
core   0: 0x8000ecec (0x303f2c23) sw      gp, 792(t5)
core   0: 3 0x8000ecec (0x303f2c23) mem 0x80010000 0x00000001
core   0: 0x8000ecf0 (0x0000bfe5) c.j     pc - 8
core   0: 3 0x8000ecf0 (0xbfe5)
core   0: 0x8000ece8 (0x00001f17) auipc   t5, 0x1
core   0: 3 0x8000ece8 (0x00001f17) x30 0x8000fce8
core   0: 0x8000ecec (0x303f2c23) sw      gp, 792(t5)
core   0: 3 0x8000ecec (0x303f2c23) mem 0x80010000 0x00000001
core   0: 0x8000ecf0 (0x0000bfe5) c.j     pc - 8
core   0: 3 0x8000ecf0 (0xbfe5)
core   0: 0x8000ece8 (0x00001f17) auipc   t5, 0x1
core   0: 3 0x8000ece8 (0x00001f17) x30 0x8000fce8
core   0: 0x8000ecec (0x303f2c23) sw      gp, 792(t5)
core   0: 3 0x8000ecec (0x303f2c23) mem 0x80010000 0x00000001
core   0: 0x8000ecf0 (0x0000bfe5) c.j     pc - 8
core   0: 3 0x8000ecf0 (0xbfe5)
core   0: 0x8000ece8 (0x00001f17) auipc   t5, 0x1
core   0: 3 0x8000ece8 (0x00001f17) x30 0x8000fce8
core   0: 0x8000ecec (0x303f2c23) sw      gp, 792(t5)
core   0: 3 0x8000ecec (0x303f2c23) mem 0x80010000 0x00000001
core   0: 0x8000ecf0 (0x0000bfe5) c.j     pc - 8
core   0: 3 0x8000ecf0 (0xbfe5)
core   0: 0x8000ece8 (0x00001f17) auipc   t5, 0x1
core   0: 3 0x8000ece8 (0x00001f17) x30 0x8000fce8
core   0: 0x8000ecec (0x303f2c23) sw      gp, 792(t5)
core   0: 3 0x8000ecec (0x303f2c23) mem 0x80010000 0x00000001
core   0: 0x8000ecf0 (0x0000bfe5) c.j     pc - 8
core   0: 3 0x8000ecf0 (0xbfe5)
core   0: 0x8000ece8 (0x00001f17) auipc   t5, 0x1
core   0: 3 0x8000ece8 (0x00001f17) x30 0x8000fce8
core   0: 0x8000ecec (0x303f2c23) sw      gp, 792(t5)
core   0: 3 0x8000ecec (0x303f2c23) mem 0x80010000 0x00000001
core   0: 0x8000ecf0 (0x0000bfe5) c.j     pc - 8
core   0: 3 0x8000ecf0 (0xbfe5)
core   0: 0x8000ece8 (0x00001f17) auipc   t5, 0x1
core   0: 3 0x8000ece8 (0x00001f17) x30 0x8000fce8
core   0: 0x8000ecec (0x303f2c23) sw      gp, 792(t5)
core   0: 3 0x8000ecec (0x303f2c23) mem 0x80010000 0x00000001
core   0: 0x8000ecf0 (0x0000bfe5) c.j     pc - 8
core   0: 3 0x8000ecf0 (0xbfe5)
core   0: 0x8000ece8 (0x00001f17) auipc   t5, 0x1
core   0: 3 0x8000ece8 (0x00001f17) x30 0x8000fce8
core   0: 0x8000ecec (0x303f2c23) sw      gp, 792(t5)
core   0: 3 0x8000ecec (0x303f2c23) mem 0x80010000 0x00000001
core   0: 0x8000ecf0 (0x0000bfe5) c.j     pc - 8
core   0: 3 0x8000ecf0 (0xbfe5)
core   0: 0x8000ece8 (0x00001f17) auipc   t5, 0x1
core   0: 3 0x8000ece8 (0x00001f17) x30 0x8000fce8
core   0: 0x8000ecec (0x303f2c23) sw      gp, 792(t5)
core   0: 3 0x8000ecec (0x303f2c23) mem 0x80010000 0x00000001
core   0: 0x8000ecf0 (0x0000bfe5) c.j     pc - 8
core   0: 3 0x8000ecf0 (0xbfe5)
core   0: 0x8000ece8 (0x00001f17) auipc   t5, 0x1
core   0: 3 0x8000ece8 (0x00001f17) x30 0x8000fce8
core   0: 0x8000ecec (0x303f2c23) sw      gp, 792(t5)
core   0: 3 0x8000ecec (0x303f2c23) mem 0x80010000 0x00000001
core   0: 0x8000ecf0 (0x0000bfe5) c.j     pc - 8
core   0: 3 0x8000ecf0 (0xbfe5)
core   0: 0x8000ece8 (0x00001f17) auipc   t5, 0x1
core   0: 3 0x8000ece8 (0x00001f17) x30 0x8000fce8
core   0: 0x8000ecec (0x303f2c23) sw      gp, 792(t5)
core   0: 3 0x8000ecec (0x303f2c23) mem 0x80010000 0x00000001
core   0: 0x8000ecf0 (0x0000bfe5) c.j     pc - 8
core   0: 3 0x8000ecf0 (0xbfe5)
core   0: 0x8000ece8 (0x00001f17) auipc   t5, 0x1
core   0: 3 0x8000ece8 (0x00001f17) x30 0x8000fce8
core   0: 0x8000ecec (0x303f2c23) sw      gp, 792(t5)
core   0: 3 0x8000ecec (0x303f2c23) mem 0x80010000 0x00000001
core   0: 0x8000ecf0 (0x0000bfe5) c.j     pc - 8
core   0: 3 0x8000ecf0 (0xbfe5)
core   0: 0x8000ece8 (0x00001f17) auipc   t5, 0x1
core   0: 3 0x8000ece8 (0x00001f17) x30 0x8000fce8
core   0: 0x8000ecec (0x303f2c23) sw      gp, 792(t5)
core   0: 3 0x8000ecec (0x303f2c23) mem 0x80010000 0x00000001
core   0: 0x8000ecf0 (0x0000bfe5) c.j     pc - 8
core   0: 3 0x8000ecf0 (0xbfe5)
core   0: 0x8000ece8 (0x00001f17) auipc   t5, 0x1
core   0: 3 0x8000ece8 (0x00001f17) x30 0x8000fce8
core   0: 0x8000ecec (0x303f2c23) sw      gp, 792(t5)
core   0: 3 0x8000ecec (0x303f2c23) mem 0x80010000 0x00000001
core   0: 0x8000ecf0 (0x0000bfe5) c.j     pc - 8
core   0: 3 0x8000ecf0 (0xbfe5)
core   0: 0x8000ece8 (0x00001f17) auipc   t5, 0x1
core   0: 3 0x8000ece8 (0x00001f17) x30 0x8000fce8
core   0: 0x8000ecec (0x303f2c23) sw      gp, 792(t5)
core   0: 3 0x8000ecec (0x303f2c23) mem 0x80010000 0x00000001
core   0: 0x8000ecf0 (0x0000bfe5) c.j     pc - 8
core   0: 3 0x8000ecf0 (0xbfe5)
core   0: 0x8000ece8 (0x00001f17) auipc   t5, 0x1
core   0: 3 0x8000ece8 (0x00001f17) x30 0x8000fce8
core   0: 0x8000ecec (0x303f2c23) sw      gp, 792(t5)
core   0: 3 0x8000ecec (0x303f2c23) mem 0x80010000 0x00000001
core   0: 0x8000ecf0 (0x0000bfe5) c.j     pc - 8
core   0: 3 0x8000ecf0 (0xbfe5)
core   0: 0x8000ece8 (0x00001f17) auipc   t5, 0x1
core   0: 3 0x8000ece8 (0x00001f17) x30 0x8000fce8
core   0: 0x8000ecec (0x303f2c23) sw      gp, 792(t5)
core   0: 3 0x8000ecec (0x303f2c23) mem 0x80010000 0x00000001
core   0: 0x8000ecf0 (0x0000bfe5) c.j     pc - 8
core   0: 3 0x8000ecf0 (0xbfe5)
core   0: 0x8000ece8 (0x00001f17) auipc   t5, 0x1
core   0: 3 0x8000ece8 (0x00001f17) x30 0x8000fce8
core   0: 0x8000ecec (0x303f2c23) sw      gp, 792(t5)
core   0: 3 0x8000ecec (0x303f2c23) mem 0x80010000 0x00000001
core   0: 0x8000ecf0 (0x0000bfe5) c.j     pc - 8
core   0: 3 0x8000ecf0 (0xbfe5)
core   0: 0x8000ece8 (0x00001f17) auipc   t5, 0x1
core   0: 3 0x8000ece8 (0x00001f17) x30 0x8000fce8
core   0: 0x8000ecec (0x303f2c23) sw      gp, 792(t5)
core   0: 3 0x8000ecec (0x303f2c23) mem 0x80010000 0x00000001
core   0: 0x8000ecf0 (0x0000bfe5) c.j     pc - 8
core   0: 3 0x8000ecf0 (0xbfe5)
core   0: 0x8000ece8 (0x00001f17) auipc   t5, 0x1
core   0: 3 0x8000ece8 (0x00001f17) x30 0x8000fce8
core   0: 0x8000ecec (0x303f2c23) sw      gp, 792(t5)
core   0: 3 0x8000ecec (0x303f2c23) mem 0x80010000 0x00000001
core   0: 0x8000ecf0 (0x0000bfe5) c.j     pc - 8
core   0: 3 0x8000ecf0 (0xbfe5)
core   0: 0x8000ece8 (0x00001f17) auipc   t5, 0x1
core   0: 3 0x8000ece8 (0x00001f17) x30 0x8000fce8
core   0: 0x8000ecec (0x303f2c23) sw      gp, 792(t5)
core   0: 3 0x8000ecec (0x303f2c23) mem 0x80010000 0x00000001
core   0: 0x8000ecf0 (0x0000bfe5) c.j     pc - 8
core   0: 3 0x8000ecf0 (0xbfe5)
core   0: 0x8000ece8 (0x00001f17) auipc   t5, 0x1
core   0: 3 0x8000ece8 (0x00001f17) x30 0x8000fce8
core   0: 0x8000ecec (0x303f2c23) sw      gp, 792(t5)
core   0: 3 0x8000ecec (0x303f2c23) mem 0x80010000 0x00000001
core   0: 0x8000ecf0 (0x0000bfe5) c.j     pc - 8
core   0: 3 0x8000ecf0 (0xbfe5)
core   0: 0x8000ece8 (0x00001f17) auipc   t5, 0x1
core   0: 3 0x8000ece8 (0x00001f17) x30 0x8000fce8
core   0: 0x8000ecec (0x303f2c23) sw      gp, 792(t5)
core   0: 3 0x8000ecec (0x303f2c23) mem 0x80010000 0x00000001
core   0: 0x8000ecf0 (0x0000bfe5) c.j     pc - 8
core   0: 3 0x8000ecf0 (0xbfe5)
core   0: 0x8000ece8 (0x00001f17) auipc   t5, 0x1
core   0: 3 0x8000ece8 (0x00001f17) x30 0x8000fce8
core   0: 0x8000ecec (0x303f2c23) sw      gp, 792(t5)
core   0: 3 0x8000ecec (0x303f2c23) mem 0x80010000 0x00000001
core   0: 0x8000ecf0 (0x0000bfe5) c.j     pc - 8
core   0: 3 0x8000ecf0 (0xbfe5)
core   0: 0x8000ece8 (0x00001f17) auipc   t5, 0x1
core   0: 3 0x8000ece8 (0x00001f17) x30 0x8000fce8
core   0: 0x8000ecec (0x303f2c23) sw      gp, 792(t5)
core   0: 3 0x8000ecec (0x303f2c23) mem 0x80010000 0x00000001
core   0: 0x8000ecf0 (0x0000bfe5) c.j     pc - 8
core   0: 3 0x8000ecf0 (0xbfe5)
core   0: 0x8000ece8 (0x00001f17) auipc   t5, 0x1
core   0: 3 0x8000ece8 (0x00001f17) x30 0x8000fce8
core   0: 0x8000ecec (0x303f2c23) sw      gp, 792(t5)
core   0: 3 0x8000ecec (0x303f2c23) mem 0x80010000 0x00000001
core   0: 0x8000ecf0 (0x0000bfe5) c.j     pc - 8
core   0: 3 0x8000ecf0 (0xbfe5)
core   0: 0x8000ece8 (0x00001f17) auipc   t5, 0x1
core   0: 3 0x8000ece8 (0x00001f17) x30 0x8000fce8
core   0: 0x8000ecec (0x303f2c23) sw      gp, 792(t5)
core   0: 3 0x8000ecec (0x303f2c23) mem 0x80010000 0x00000001
core   0: 0x8000ecf0 (0x0000bfe5) c.j     pc - 8
core   0: 3 0x8000ecf0 (0xbfe5)
core   0: 0x8000ece8 (0x00001f17) auipc   t5, 0x1
core   0: 3 0x8000ece8 (0x00001f17) x30 0x8000fce8
core   0: 0x8000ecec (0x303f2c23) sw      gp, 792(t5)
core   0: 3 0x8000ecec (0x303f2c23) mem 0x80010000 0x00000001
core   0: 0x8000ecf0 (0x0000bfe5) c.j     pc - 8
core   0: 3 0x8000ecf0 (0xbfe5)
core   0: 0x8000ece8 (0x00001f17) auipc   t5, 0x1
core   0: 3 0x8000ece8 (0x00001f17) x30 0x8000fce8
core   0: 0x8000ecec (0x303f2c23) sw      gp, 792(t5)
core   0: 3 0x8000ecec (0x303f2c23) mem 0x80010000 0x00000001
core   0: 0x8000ecf0 (0x0000bfe5) c.j     pc - 8
core   0: 3 0x8000ecf0 (0xbfe5)
core   0: 0x8000ece8 (0x00001f17) auipc   t5, 0x1
core   0: 3 0x8000ece8 (0x00001f17) x30 0x8000fce8
core   0: 0x8000ecec (0x303f2c23) sw      gp, 792(t5)
core   0: 3 0x8000ecec (0x303f2c23) mem 0x80010000 0x00000001
core   0: 0x8000ecf0 (0x0000bfe5) c.j     pc - 8
core   0: 3 0x8000ecf0 (0xbfe5)
core   0: 0x8000ece8 (0x00001f17) auipc   t5, 0x1
core   0: 3 0x8000ece8 (0x00001f17) x30 0x8000fce8
core   0: 0x8000ecec (0x303f2c23) sw      gp, 792(t5)
core   0: 3 0x8000ecec (0x303f2c23) mem 0x80010000 0x00000001
core   0: 0x8000ecf0 (0x0000bfe5) c.j     pc - 8
core   0: 3 0x8000ecf0 (0xbfe5)
core   0: 0x8000ece8 (0x00001f17) auipc   t5, 0x1
core   0: 3 0x8000ece8 (0x00001f17) x30 0x8000fce8
core   0: 0x8000ecec (0x303f2c23) sw      gp, 792(t5)
core   0: 3 0x8000ecec (0x303f2c23) mem 0x80010000 0x00000001
core   0: 0x8000ecf0 (0x0000bfe5) c.j     pc - 8
core   0: 3 0x8000ecf0 (0xbfe5)
core   0: 0x8000ece8 (0x00001f17) auipc   t5, 0x1
core   0: 3 0x8000ece8 (0x00001f17) x30 0x8000fce8
core   0: 0x8000ecec (0x303f2c23) sw      gp, 792(t5)
core   0: 3 0x8000ecec (0x303f2c23) mem 0x80010000 0x00000001
core   0: 0x8000ecf0 (0x0000bfe5) c.j     pc - 8
core   0: 3 0x8000ecf0 (0xbfe5)
core   0: 0x8000ece8 (0x00001f17) auipc   t5, 0x1
core   0: 3 0x8000ece8 (0x00001f17) x30 0x8000fce8
core   0: 0x8000ecec (0x303f2c23) sw      gp, 792(t5)
core   0: 3 0x8000ecec (0x303f2c23) mem 0x80010000 0x00000001
core   0: 0x8000ecf0 (0x0000bfe5) c.j     pc - 8
core   0: 3 0x8000ecf0 (0xbfe5)
core   0: 0x8000ece8 (0x00001f17) auipc   t5, 0x1
core   0: 3 0x8000ece8 (0x00001f17) x30 0x8000fce8
core   0: 0x8000ecec (0x303f2c23) sw      gp, 792(t5)
core   0: 3 0x8000ecec (0x303f2c23) mem 0x80010000 0x00000001
core   0: 0x8000ecf0 (0x0000bfe5) c.j     pc - 8
core   0: 3 0x8000ecf0 (0xbfe5)
core   0: 0x8000ece8 (0x00001f17) auipc   t5, 0x1
core   0: 3 0x8000ece8 (0x00001f17) x30 0x8000fce8
core   0: 0x8000ecec (0x303f2c23) sw      gp, 792(t5)
core   0: 3 0x8000ecec (0x303f2c23) mem 0x80010000 0x00000001
core   0: 0x8000ecf0 (0x0000bfe5) c.j     pc - 8
core   0: 3 0x8000ecf0 (0xbfe5)
core   0: 0x8000ece8 (0x00001f17) auipc   t5, 0x1
core   0: 3 0x8000ece8 (0x00001f17) x30 0x8000fce8
core   0: 0x8000ecec (0x303f2c23) sw      gp, 792(t5)
core   0: 3 0x8000ecec (0x303f2c23) mem 0x80010000 0x00000001
core   0: 0x8000ecf0 (0x0000bfe5) c.j     pc - 8
core   0: 3 0x8000ecf0 (0xbfe5)
core   0: 0x8000ece8 (0x00001f17) auipc   t5, 0x1
core   0: 3 0x8000ece8 (0x00001f17) x30 0x8000fce8
core   0: 0x8000ecec (0x303f2c23) sw      gp, 792(t5)
core   0: 3 0x8000ecec (0x303f2c23) mem 0x80010000 0x00000001
core   0: 0x8000ecf0 (0x0000bfe5) c.j     pc - 8
core   0: 3 0x8000ecf0 (0xbfe5)
core   0: 0x8000ece8 (0x00001f17) auipc   t5, 0x1
core   0: 3 0x8000ece8 (0x00001f17) x30 0x8000fce8
core   0: 0x8000ecec (0x303f2c23) sw      gp, 792(t5)
core   0: 3 0x8000ecec (0x303f2c23) mem 0x80010000 0x00000001
core   0: 0x8000ecf0 (0x0000bfe5) c.j     pc - 8
core   0: 3 0x8000ecf0 (0xbfe5)
core   0: 0x8000ece8 (0x00001f17) auipc   t5, 0x1
core   0: 3 0x8000ece8 (0x00001f17) x30 0x8000fce8
core   0: 0x8000ecec (0x303f2c23) sw      gp, 792(t5)
core   0: 3 0x8000ecec (0x303f2c23) mem 0x80010000 0x00000001
core   0: 0x8000ecf0 (0x0000bfe5) c.j     pc - 8
core   0: 3 0x8000ecf0 (0xbfe5)
core   0: 0x8000ece8 (0x00001f17) auipc   t5, 0x1
core   0: 3 0x8000ece8 (0x00001f17) x30 0x8000fce8
core   0: 0x8000ecec (0x303f2c23) sw      gp, 792(t5)
core   0: 3 0x8000ecec (0x303f2c23) mem 0x80010000 0x00000001
core   0: 0x8000ecf0 (0x0000bfe5) c.j     pc - 8
core   0: 3 0x8000ecf0 (0xbfe5)
core   0: 0x8000ece8 (0x00001f17) auipc   t5, 0x1
core   0: 3 0x8000ece8 (0x00001f17) x30 0x8000fce8
core   0: 0x8000ecec (0x303f2c23) sw      gp, 792(t5)
core   0: 3 0x8000ecec (0x303f2c23) mem 0x80010000 0x00000001
core   0: 0x8000ecf0 (0x0000bfe5) c.j     pc - 8
core   0: 3 0x8000ecf0 (0xbfe5)
core   0: 0x8000ece8 (0x00001f17) auipc   t5, 0x1
core   0: 3 0x8000ece8 (0x00001f17) x30 0x8000fce8
core   0: 0x8000ecec (0x303f2c23) sw      gp, 792(t5)
core   0: 3 0x8000ecec (0x303f2c23) mem 0x80010000 0x00000001
core   0: 0x8000ecf0 (0x0000bfe5) c.j     pc - 8
core   0: 3 0x8000ecf0 (0xbfe5)
core   0: 0x8000ece8 (0x00001f17) auipc   t5, 0x1
core   0: 3 0x8000ece8 (0x00001f17) x30 0x8000fce8
core   0: 0x8000ecec (0x303f2c23) sw      gp, 792(t5)
core   0: 3 0x8000ecec (0x303f2c23) mem 0x80010000 0x00000001
core   0: 0x8000ecf0 (0x0000bfe5) c.j     pc - 8
core   0: 3 0x8000ecf0 (0xbfe5)
core   0: 0x8000ece8 (0x00001f17) auipc   t5, 0x1
core   0: 3 0x8000ece8 (0x00001f17) x30 0x8000fce8
core   0: 0x8000ecec (0x303f2c23) sw      gp, 792(t5)
core   0: 3 0x8000ecec (0x303f2c23) mem 0x80010000 0x00000001
core   0: 0x8000ecf0 (0x0000bfe5) c.j     pc - 8
core   0: 3 0x8000ecf0 (0xbfe5)
core   0: 0x8000ece8 (0x00001f17) auipc   t5, 0x1
core   0: 3 0x8000ece8 (0x00001f17) x30 0x8000fce8
core   0: 0x8000ecec (0x303f2c23) sw      gp, 792(t5)
core   0: 3 0x8000ecec (0x303f2c23) mem 0x80010000 0x00000001
core   0: 0x8000ecf0 (0x0000bfe5) c.j     pc - 8
core   0: 3 0x8000ecf0 (0xbfe5)
core   0: 0x8000ece8 (0x00001f17) auipc   t5, 0x1
core   0: 3 0x8000ece8 (0x00001f17) x30 0x8000fce8
core   0: 0x8000ecec (0x303f2c23) sw      gp, 792(t5)
core   0: 3 0x8000ecec (0x303f2c23) mem 0x80010000 0x00000001
core   0: 0x8000ecf0 (0x0000bfe5) c.j     pc - 8
core   0: 3 0x8000ecf0 (0xbfe5)
core   0: 0x8000ece8 (0x00001f17) auipc   t5, 0x1
core   0: 3 0x8000ece8 (0x00001f17) x30 0x8000fce8
core   0: 0x8000ecec (0x303f2c23) sw      gp, 792(t5)
core   0: 3 0x8000ecec (0x303f2c23) mem 0x80010000 0x00000001
core   0: 0x8000ecf0 (0x0000bfe5) c.j     pc - 8
core   0: 3 0x8000ecf0 (0xbfe5)
core   0: 0x8000ece8 (0x00001f17) auipc   t5, 0x1
core   0: 3 0x8000ece8 (0x00001f17) x30 0x8000fce8
core   0: 0x8000ecec (0x303f2c23) sw      gp, 792(t5)
core   0: 3 0x8000ecec (0x303f2c23) mem 0x80010000 0x00000001
core   0: 0x8000ecf0 (0x0000bfe5) c.j     pc - 8
core   0: 3 0x8000ecf0 (0xbfe5)
core   0: 0x8000ece8 (0x00001f17) auipc   t5, 0x1
core   0: 3 0x8000ece8 (0x00001f17) x30 0x8000fce8
core   0: 0x8000ecec (0x303f2c23) sw      gp, 792(t5)
core   0: 3 0x8000ecec (0x303f2c23) mem 0x80010000 0x00000001
core   0: 0x8000ecf0 (0x0000bfe5) c.j     pc - 8
core   0: 3 0x8000ecf0 (0xbfe5)
core   0: 0x8000ece8 (0x00001f17) auipc   t5, 0x1
core   0: 3 0x8000ece8 (0x00001f17) x30 0x8000fce8
core   0: 0x8000ecec (0x303f2c23) sw      gp, 792(t5)
core   0: 3 0x8000ecec (0x303f2c23) mem 0x80010000 0x00000001
core   0: 0x8000ecf0 (0x0000bfe5) c.j     pc - 8
core   0: 3 0x8000ecf0 (0xbfe5)
core   0: 0x8000ece8 (0x00001f17) auipc   t5, 0x1
core   0: 3 0x8000ece8 (0x00001f17) x30 0x8000fce8
core   0: 0x8000ecec (0x303f2c23) sw      gp, 792(t5)
core   0: 3 0x8000ecec (0x303f2c23) mem 0x80010000 0x00000001
core   0: 0x8000ecf0 (0x0000bfe5) c.j     pc - 8
core   0: 3 0x8000ecf0 (0xbfe5)
core   0: 0x8000ece8 (0x00001f17) auipc   t5, 0x1
core   0: 3 0x8000ece8 (0x00001f17) x30 0x8000fce8
core   0: 0x8000ecec (0x303f2c23) sw      gp, 792(t5)
core   0: 3 0x8000ecec (0x303f2c23) mem 0x80010000 0x00000001
core   0: 0x8000ecf0 (0x0000bfe5) c.j     pc - 8
core   0: 3 0x8000ecf0 (0xbfe5)
core   0: 0x8000ece8 (0x00001f17) auipc   t5, 0x1
core   0: 3 0x8000ece8 (0x00001f17) x30 0x8000fce8
core   0: 0x8000ecec (0x303f2c23) sw      gp, 792(t5)
core   0: 3 0x8000ecec (0x303f2c23) mem 0x80010000 0x00000001
core   0: 0x8000ecf0 (0x0000bfe5) c.j     pc - 8
core   0: 3 0x8000ecf0 (0xbfe5)
core   0: 0x8000ece8 (0x00001f17) auipc   t5, 0x1
core   0: 3 0x8000ece8 (0x00001f17) x30 0x8000fce8
core   0: 0x8000ecec (0x303f2c23) sw      gp, 792(t5)
core   0: 3 0x8000ecec (0x303f2c23) mem 0x80010000 0x00000001
core   0: 0x8000ecf0 (0x0000bfe5) c.j     pc - 8
core   0: 3 0x8000ecf0 (0xbfe5)
core   0: 0x8000ece8 (0x00001f17) auipc   t5, 0x1
core   0: 3 0x8000ece8 (0x00001f17) x30 0x8000fce8
core   0: 0x8000ecec (0x303f2c23) sw      gp, 792(t5)
core   0: 3 0x8000ecec (0x303f2c23) mem 0x80010000 0x00000001
core   0: 0x8000ecf0 (0x0000bfe5) c.j     pc - 8
core   0: 3 0x8000ecf0 (0xbfe5)
core   0: 0x8000ece8 (0x00001f17) auipc   t5, 0x1
core   0: 3 0x8000ece8 (0x00001f17) x30 0x8000fce8
core   0: 0x8000ecec (0x303f2c23) sw      gp, 792(t5)
core   0: 3 0x8000ecec (0x303f2c23) mem 0x80010000 0x00000001
core   0: 0x8000ecf0 (0x0000bfe5) c.j     pc - 8
core   0: 3 0x8000ecf0 (0xbfe5)
core   0: 0x8000ece8 (0x00001f17) auipc   t5, 0x1
core   0: 3 0x8000ece8 (0x00001f17) x30 0x8000fce8
core   0: 0x8000ecec (0x303f2c23) sw      gp, 792(t5)
core   0: 3 0x8000ecec (0x303f2c23) mem 0x80010000 0x00000001
core   0: 0x8000ecf0 (0x0000bfe5) c.j     pc - 8
core   0: 3 0x8000ecf0 (0xbfe5)
core   0: 0x8000ece8 (0x00001f17) auipc   t5, 0x1
core   0: 3 0x8000ece8 (0x00001f17) x30 0x8000fce8
core   0: 0x8000ecec (0x303f2c23) sw      gp, 792(t5)
core   0: 3 0x8000ecec (0x303f2c23) mem 0x80010000 0x00000001
core   0: 0x8000ecf0 (0x0000bfe5) c.j     pc - 8
core   0: 3 0x8000ecf0 (0xbfe5)
core   0: 0x8000ece8 (0x00001f17) auipc   t5, 0x1
core   0: 3 0x8000ece8 (0x00001f17) x30 0x8000fce8
core   0: 0x8000ecec (0x303f2c23) sw      gp, 792(t5)
core   0: 3 0x8000ecec (0x303f2c23) mem 0x80010000 0x00000001
core   0: 0x8000ecf0 (0x0000bfe5) c.j     pc - 8
core   0: 3 0x8000ecf0 (0xbfe5)
core   0: 0x8000ece8 (0x00001f17) auipc   t5, 0x1
core   0: 3 0x8000ece8 (0x00001f17) x30 0x8000fce8
core   0: 0x8000ecec (0x303f2c23) sw      gp, 792(t5)
core   0: 3 0x8000ecec (0x303f2c23) mem 0x80010000 0x00000001
core   0: 0x8000ecf0 (0x0000bfe5) c.j     pc - 8
core   0: 3 0x8000ecf0 (0xbfe5)
core   0: 0x8000ece8 (0x00001f17) auipc   t5, 0x1
core   0: 3 0x8000ece8 (0x00001f17) x30 0x8000fce8
core   0: 0x8000ecec (0x303f2c23) sw      gp, 792(t5)
core   0: 3 0x8000ecec (0x303f2c23) mem 0x80010000 0x00000001
core   0: 0x8000ecf0 (0x0000bfe5) c.j     pc - 8
core   0: 3 0x8000ecf0 (0xbfe5)
core   0: 0x8000ece8 (0x00001f17) auipc   t5, 0x1
core   0: 3 0x8000ece8 (0x00001f17) x30 0x8000fce8
core   0: 0x8000ecec (0x303f2c23) sw      gp, 792(t5)
core   0: 3 0x8000ecec (0x303f2c23) mem 0x80010000 0x00000001
core   0: 0x8000ecf0 (0x0000bfe5) c.j     pc - 8
core   0: 3 0x8000ecf0 (0xbfe5)
core   0: 0x8000ece8 (0x00001f17) auipc   t5, 0x1
core   0: 3 0x8000ece8 (0x00001f17) x30 0x8000fce8
core   0: 0x8000ecec (0x303f2c23) sw      gp, 792(t5)
core   0: 3 0x8000ecec (0x303f2c23) mem 0x80010000 0x00000001
core   0: 0x8000ecf0 (0x0000bfe5) c.j     pc - 8
core   0: 3 0x8000ecf0 (0xbfe5)
core   0: 0x8000ece8 (0x00001f17) auipc   t5, 0x1
core   0: 3 0x8000ece8 (0x00001f17) x30 0x8000fce8
core   0: 0x8000ecec (0x303f2c23) sw      gp, 792(t5)
core   0: 3 0x8000ecec (0x303f2c23) mem 0x80010000 0x00000001
core   0: 0x8000ecf0 (0x0000bfe5) c.j     pc - 8
core   0: 3 0x8000ecf0 (0xbfe5)
core   0: 0x8000ece8 (0x00001f17) auipc   t5, 0x1
core   0: 3 0x8000ece8 (0x00001f17) x30 0x8000fce8
core   0: 0x8000ecec (0x303f2c23) sw      gp, 792(t5)
core   0: 3 0x8000ecec (0x303f2c23) mem 0x80010000 0x00000001
core   0: 0x8000ecf0 (0x0000bfe5) c.j     pc - 8
core   0: 3 0x8000ecf0 (0xbfe5)
core   0: 0x8000ece8 (0x00001f17) auipc   t5, 0x1
core   0: 3 0x8000ece8 (0x00001f17) x30 0x8000fce8
core   0: 0x8000ecec (0x303f2c23) sw      gp, 792(t5)
core   0: 3 0x8000ecec (0x303f2c23) mem 0x80010000 0x00000001
core   0: 0x8000ecf0 (0x0000bfe5) c.j     pc - 8
core   0: 3 0x8000ecf0 (0xbfe5)
core   0: 0x8000ece8 (0x00001f17) auipc   t5, 0x1
core   0: 3 0x8000ece8 (0x00001f17) x30 0x8000fce8
core   0: 0x8000ecec (0x303f2c23) sw      gp, 792(t5)
core   0: 3 0x8000ecec (0x303f2c23) mem 0x80010000 0x00000001
core   0: 0x8000ecf0 (0x0000bfe5) c.j     pc - 8
core   0: 3 0x8000ecf0 (0xbfe5)
core   0: 0x8000ece8 (0x00001f17) auipc   t5, 0x1
core   0: 3 0x8000ece8 (0x00001f17) x30 0x8000fce8
core   0: 0x8000ecec (0x303f2c23) sw      gp, 792(t5)
core   0: 3 0x8000ecec (0x303f2c23) mem 0x80010000 0x00000001
core   0: 0x8000ecf0 (0x0000bfe5) c.j     pc - 8
core   0: 3 0x8000ecf0 (0xbfe5)
core   0: 0x8000ece8 (0x00001f17) auipc   t5, 0x1
core   0: 3 0x8000ece8 (0x00001f17) x30 0x8000fce8
core   0: 0x8000ecec (0x303f2c23) sw      gp, 792(t5)
core   0: 3 0x8000ecec (0x303f2c23) mem 0x80010000 0x00000001
core   0: 0x8000ecf0 (0x0000bfe5) c.j     pc - 8
core   0: 3 0x8000ecf0 (0xbfe5)
core   0: 0x8000ece8 (0x00001f17) auipc   t5, 0x1
core   0: 3 0x8000ece8 (0x00001f17) x30 0x8000fce8
core   0: 0x8000ecec (0x303f2c23) sw      gp, 792(t5)
core   0: 3 0x8000ecec (0x303f2c23) mem 0x80010000 0x00000001
core   0: 0x8000ecf0 (0x0000bfe5) c.j     pc - 8
core   0: 3 0x8000ecf0 (0xbfe5)
core   0: 0x8000ece8 (0x00001f17) auipc   t5, 0x1
core   0: 3 0x8000ece8 (0x00001f17) x30 0x8000fce8
core   0: 0x8000ecec (0x303f2c23) sw      gp, 792(t5)
core   0: 3 0x8000ecec (0x303f2c23) mem 0x80010000 0x00000001
core   0: 0x8000ecf0 (0x0000bfe5) c.j     pc - 8
core   0: 3 0x8000ecf0 (0xbfe5)
core   0: 0x8000ece8 (0x00001f17) auipc   t5, 0x1
core   0: 3 0x8000ece8 (0x00001f17) x30 0x8000fce8
core   0: 0x8000ecec (0x303f2c23) sw      gp, 792(t5)
core   0: 3 0x8000ecec (0x303f2c23) mem 0x80010000 0x00000001
core   0: 0x8000ecf0 (0x0000bfe5) c.j     pc - 8
core   0: 3 0x8000ecf0 (0xbfe5)
core   0: 0x8000ece8 (0x00001f17) auipc   t5, 0x1
core   0: 3 0x8000ece8 (0x00001f17) x30 0x8000fce8
core   0: 0x8000ecec (0x303f2c23) sw      gp, 792(t5)
core   0: 3 0x8000ecec (0x303f2c23) mem 0x80010000 0x00000001
core   0: 0x8000ecf0 (0x0000bfe5) c.j     pc - 8
core   0: 3 0x8000ecf0 (0xbfe5)
core   0: 0x8000ece8 (0x00001f17) auipc   t5, 0x1
core   0: 3 0x8000ece8 (0x00001f17) x30 0x8000fce8
core   0: 0x8000ecec (0x303f2c23) sw      gp, 792(t5)
core   0: 3 0x8000ecec (0x303f2c23) mem 0x80010000 0x00000001
core   0: 0x8000ecf0 (0x0000bfe5) c.j     pc - 8
core   0: 3 0x8000ecf0 (0xbfe5)
core   0: 0x8000ece8 (0x00001f17) auipc   t5, 0x1
core   0: 3 0x8000ece8 (0x00001f17) x30 0x8000fce8
core   0: 0x8000ecec (0x303f2c23) sw      gp, 792(t5)
core   0: 3 0x8000ecec (0x303f2c23) mem 0x80010000 0x00000001
core   0: 0x8000ecf0 (0x0000bfe5) c.j     pc - 8
core   0: 3 0x8000ecf0 (0xbfe5)
core   0: 0x8000ece8 (0x00001f17) auipc   t5, 0x1
core   0: 3 0x8000ece8 (0x00001f17) x30 0x8000fce8
core   0: 0x8000ecec (0x303f2c23) sw      gp, 792(t5)
core   0: 3 0x8000ecec (0x303f2c23) mem 0x80010000 0x00000001
core   0: 0x8000ecf0 (0x0000bfe5) c.j     pc - 8
core   0: 3 0x8000ecf0 (0xbfe5)
core   0: 0x8000ece8 (0x00001f17) auipc   t5, 0x1
core   0: 3 0x8000ece8 (0x00001f17) x30 0x8000fce8
core   0: 0x8000ecec (0x303f2c23) sw      gp, 792(t5)
core   0: 3 0x8000ecec (0x303f2c23) mem 0x80010000 0x00000001
core   0: 0x8000ecf0 (0x0000bfe5) c.j     pc - 8
core   0: 3 0x8000ecf0 (0xbfe5)
core   0: 0x8000ece8 (0x00001f17) auipc   t5, 0x1
core   0: 3 0x8000ece8 (0x00001f17) x30 0x8000fce8
core   0: 0x8000ecec (0x303f2c23) sw      gp, 792(t5)
core   0: 3 0x8000ecec (0x303f2c23) mem 0x80010000 0x00000001
core   0: 0x8000ecf0 (0x0000bfe5) c.j     pc - 8
core   0: 3 0x8000ecf0 (0xbfe5)
core   0: 0x8000ece8 (0x00001f17) auipc   t5, 0x1
core   0: 3 0x8000ece8 (0x00001f17) x30 0x8000fce8
core   0: 0x8000ecec (0x303f2c23) sw      gp, 792(t5)
core   0: 3 0x8000ecec (0x303f2c23) mem 0x80010000 0x00000001
core   0: 0x8000ecf0 (0x0000bfe5) c.j     pc - 8
core   0: 3 0x8000ecf0 (0xbfe5)
core   0: 0x8000ece8 (0x00001f17) auipc   t5, 0x1
core   0: 3 0x8000ece8 (0x00001f17) x30 0x8000fce8
core   0: 0x8000ecec (0x303f2c23) sw      gp, 792(t5)
core   0: 3 0x8000ecec (0x303f2c23) mem 0x80010000 0x00000001
core   0: 0x8000ecf0 (0x0000bfe5) c.j     pc - 8
core   0: 3 0x8000ecf0 (0xbfe5)
core   0: 0x8000ece8 (0x00001f17) auipc   t5, 0x1
core   0: 3 0x8000ece8 (0x00001f17) x30 0x8000fce8
core   0: 0x8000ecec (0x303f2c23) sw      gp, 792(t5)
core   0: 3 0x8000ecec (0x303f2c23) mem 0x80010000 0x00000001
core   0: 0x8000ecf0 (0x0000bfe5) c.j     pc - 8
core   0: 3 0x8000ecf0 (0xbfe5)
core   0: 0x8000ece8 (0x00001f17) auipc   t5, 0x1
core   0: 3 0x8000ece8 (0x00001f17) x30 0x8000fce8
core   0: 0x8000ecec (0x303f2c23) sw      gp, 792(t5)
core   0: 3 0x8000ecec (0x303f2c23) mem 0x80010000 0x00000001
core   0: 0x8000ecf0 (0x0000bfe5) c.j     pc - 8
core   0: 3 0x8000ecf0 (0xbfe5)
core   0: 0x8000ece8 (0x00001f17) auipc   t5, 0x1
core   0: 3 0x8000ece8 (0x00001f17) x30 0x8000fce8
core   0: 0x8000ecec (0x303f2c23) sw      gp, 792(t5)
core   0: 3 0x8000ecec (0x303f2c23) mem 0x80010000 0x00000001
core   0: 0x8000ecf0 (0x0000bfe5) c.j     pc - 8
core   0: 3 0x8000ecf0 (0xbfe5)
core   0: 0x8000ece8 (0x00001f17) auipc   t5, 0x1
core   0: 3 0x8000ece8 (0x00001f17) x30 0x8000fce8
core   0: 0x8000ecec (0x303f2c23) sw      gp, 792(t5)
core   0: 3 0x8000ecec (0x303f2c23) mem 0x80010000 0x00000001
core   0: 0x8000ecf0 (0x0000bfe5) c.j     pc - 8
core   0: 3 0x8000ecf0 (0xbfe5)
core   0: 0x8000ece8 (0x00001f17) auipc   t5, 0x1
core   0: 3 0x8000ece8 (0x00001f17) x30 0x8000fce8
core   0: 0x8000ecec (0x303f2c23) sw      gp, 792(t5)
core   0: 3 0x8000ecec (0x303f2c23) mem 0x80010000 0x00000001
core   0: 0x8000ecf0 (0x0000bfe5) c.j     pc - 8
core   0: 3 0x8000ecf0 (0xbfe5)
core   0: 0x8000ece8 (0x00001f17) auipc   t5, 0x1
core   0: 3 0x8000ece8 (0x00001f17) x30 0x8000fce8
core   0: 0x8000ecec (0x303f2c23) sw      gp, 792(t5)
core   0: 3 0x8000ecec (0x303f2c23) mem 0x80010000 0x00000001
core   0: 0x8000ecf0 (0x0000bfe5) c.j     pc - 8
core   0: 3 0x8000ecf0 (0xbfe5)
core   0: 0x8000ece8 (0x00001f17) auipc   t5, 0x1
core   0: 3 0x8000ece8 (0x00001f17) x30 0x8000fce8
core   0: 0x8000ecec (0x303f2c23) sw      gp, 792(t5)
core   0: 3 0x8000ecec (0x303f2c23) mem 0x80010000 0x00000001
core   0: 0x8000ecf0 (0x0000bfe5) c.j     pc - 8
core   0: 3 0x8000ecf0 (0xbfe5)
core   0: 0x8000ece8 (0x00001f17) auipc   t5, 0x1
core   0: 3 0x8000ece8 (0x00001f17) x30 0x8000fce8
core   0: 0x8000ecec (0x303f2c23) sw      gp, 792(t5)
core   0: 3 0x8000ecec (0x303f2c23) mem 0x80010000 0x00000001
core   0: 0x8000ecf0 (0x0000bfe5) c.j     pc - 8
core   0: 3 0x8000ecf0 (0xbfe5)
core   0: 0x8000ece8 (0x00001f17) auipc   t5, 0x1
core   0: 3 0x8000ece8 (0x00001f17) x30 0x8000fce8
core   0: 0x8000ecec (0x303f2c23) sw      gp, 792(t5)
core   0: 3 0x8000ecec (0x303f2c23) mem 0x80010000 0x00000001
core   0: 0x8000ecf0 (0x0000bfe5) c.j     pc - 8
core   0: 3 0x8000ecf0 (0xbfe5)
core   0: 0x8000ece8 (0x00001f17) auipc   t5, 0x1
core   0: 3 0x8000ece8 (0x00001f17) x30 0x8000fce8
core   0: 0x8000ecec (0x303f2c23) sw      gp, 792(t5)
core   0: 3 0x8000ecec (0x303f2c23) mem 0x80010000 0x00000001
core   0: 0x8000ecf0 (0x0000bfe5) c.j     pc - 8
core   0: 3 0x8000ecf0 (0xbfe5)
core   0: 0x8000ece8 (0x00001f17) auipc   t5, 0x1
core   0: 3 0x8000ece8 (0x00001f17) x30 0x8000fce8
core   0: 0x8000ecec (0x303f2c23) sw      gp, 792(t5)
core   0: 3 0x8000ecec (0x303f2c23) mem 0x80010000 0x00000001
core   0: 0x8000ecf0 (0x0000bfe5) c.j     pc - 8
core   0: 3 0x8000ecf0 (0xbfe5)
core   0: 0x8000ece8 (0x00001f17) auipc   t5, 0x1
core   0: 3 0x8000ece8 (0x00001f17) x30 0x8000fce8
core   0: 0x8000ecec (0x303f2c23) sw      gp, 792(t5)
core   0: 3 0x8000ecec (0x303f2c23) mem 0x80010000 0x00000001
core   0: 0x8000ecf0 (0x0000bfe5) c.j     pc - 8
core   0: 3 0x8000ecf0 (0xbfe5)
core   0: 0x8000ece8 (0x00001f17) auipc   t5, 0x1
core   0: 3 0x8000ece8 (0x00001f17) x30 0x8000fce8
core   0: 0x8000ecec (0x303f2c23) sw      gp, 792(t5)
core   0: 3 0x8000ecec (0x303f2c23) mem 0x80010000 0x00000001
core   0: 0x8000ecf0 (0x0000bfe5) c.j     pc - 8
core   0: 3 0x8000ecf0 (0xbfe5)
core   0: 0x8000ece8 (0x00001f17) auipc   t5, 0x1
core   0: 3 0x8000ece8 (0x00001f17) x30 0x8000fce8
core   0: 0x8000ecec (0x303f2c23) sw      gp, 792(t5)
core   0: 3 0x8000ecec (0x303f2c23) mem 0x80010000 0x00000001
core   0: 0x8000ecf0 (0x0000bfe5) c.j     pc - 8
core   0: 3 0x8000ecf0 (0xbfe5)
core   0: 0x8000ece8 (0x00001f17) auipc   t5, 0x1
core   0: 3 0x8000ece8 (0x00001f17) x30 0x8000fce8
core   0: 0x8000ecec (0x303f2c23) sw      gp, 792(t5)
core   0: 3 0x8000ecec (0x303f2c23) mem 0x80010000 0x00000001
core   0: 0x8000ecf0 (0x0000bfe5) c.j     pc - 8
core   0: 3 0x8000ecf0 (0xbfe5)
core   0: 0x8000ece8 (0x00001f17) auipc   t5, 0x1
core   0: 3 0x8000ece8 (0x00001f17) x30 0x8000fce8
core   0: 0x8000ecec (0x303f2c23) sw      gp, 792(t5)
core   0: 3 0x8000ecec (0x303f2c23) mem 0x80010000 0x00000001
core   0: 0x8000ecf0 (0x0000bfe5) c.j     pc - 8
core   0: 3 0x8000ecf0 (0xbfe5)
core   0: 0x8000ece8 (0x00001f17) auipc   t5, 0x1
core   0: 3 0x8000ece8 (0x00001f17) x30 0x8000fce8
core   0: 0x8000ecec (0x303f2c23) sw      gp, 792(t5)
core   0: 3 0x8000ecec (0x303f2c23) mem 0x80010000 0x00000001
core   0: 0x8000ecf0 (0x0000bfe5) c.j     pc - 8
core   0: 3 0x8000ecf0 (0xbfe5)
core   0: 0x8000ece8 (0x00001f17) auipc   t5, 0x1
core   0: 3 0x8000ece8 (0x00001f17) x30 0x8000fce8
core   0: 0x8000ecec (0x303f2c23) sw      gp, 792(t5)
core   0: 3 0x8000ecec (0x303f2c23) mem 0x80010000 0x00000001
core   0: 0x8000ecf0 (0x0000bfe5) c.j     pc - 8
core   0: 3 0x8000ecf0 (0xbfe5)
core   0: 0x8000ece8 (0x00001f17) auipc   t5, 0x1
core   0: 3 0x8000ece8 (0x00001f17) x30 0x8000fce8
core   0: 0x8000ecec (0x303f2c23) sw      gp, 792(t5)
core   0: 3 0x8000ecec (0x303f2c23) mem 0x80010000 0x00000001
core   0: 0x8000ecf0 (0x0000bfe5) c.j     pc - 8
core   0: 3 0x8000ecf0 (0xbfe5)
core   0: 0x8000ece8 (0x00001f17) auipc   t5, 0x1
core   0: 3 0x8000ece8 (0x00001f17) x30 0x8000fce8
core   0: 0x8000ecec (0x303f2c23) sw      gp, 792(t5)
core   0: 3 0x8000ecec (0x303f2c23) mem 0x80010000 0x00000001
core   0: 0x8000ecf0 (0x0000bfe5) c.j     pc - 8
core   0: 3 0x8000ecf0 (0xbfe5)
core   0: 0x8000ece8 (0x00001f17) auipc   t5, 0x1
core   0: 3 0x8000ece8 (0x00001f17) x30 0x8000fce8
core   0: 0x8000ecec (0x303f2c23) sw      gp, 792(t5)
core   0: 3 0x8000ecec (0x303f2c23) mem 0x80010000 0x00000001
core   0: 0x8000ecf0 (0x0000bfe5) c.j     pc - 8
core   0: 3 0x8000ecf0 (0xbfe5)
core   0: 0x8000ece8 (0x00001f17) auipc   t5, 0x1
core   0: 3 0x8000ece8 (0x00001f17) x30 0x8000fce8
core   0: 0x8000ecec (0x303f2c23) sw      gp, 792(t5)
core   0: 3 0x8000ecec (0x303f2c23) mem 0x80010000 0x00000001
core   0: 0x8000ecf0 (0x0000bfe5) c.j     pc - 8
core   0: 3 0x8000ecf0 (0xbfe5)
core   0: 0x8000ece8 (0x00001f17) auipc   t5, 0x1
core   0: 3 0x8000ece8 (0x00001f17) x30 0x8000fce8
core   0: 0x8000ecec (0x303f2c23) sw      gp, 792(t5)
core   0: 3 0x8000ecec (0x303f2c23) mem 0x80010000 0x00000001
core   0: 0x8000ecf0 (0x0000bfe5) c.j     pc - 8
core   0: 3 0x8000ecf0 (0xbfe5)
core   0: 0x8000ece8 (0x00001f17) auipc   t5, 0x1
core   0: 3 0x8000ece8 (0x00001f17) x30 0x8000fce8
core   0: 0x8000ecec (0x303f2c23) sw      gp, 792(t5)
core   0: 3 0x8000ecec (0x303f2c23) mem 0x80010000 0x00000001
core   0: 0x8000ecf0 (0x0000bfe5) c.j     pc - 8
core   0: 3 0x8000ecf0 (0xbfe5)
core   0: 0x8000ece8 (0x00001f17) auipc   t5, 0x1
core   0: 3 0x8000ece8 (0x00001f17) x30 0x8000fce8
core   0: 0x8000ecec (0x303f2c23) sw      gp, 792(t5)
core   0: 3 0x8000ecec (0x303f2c23) mem 0x80010000 0x00000001
core   0: 0x8000ecf0 (0x0000bfe5) c.j     pc - 8
core   0: 3 0x8000ecf0 (0xbfe5)
core   0: 0x8000ece8 (0x00001f17) auipc   t5, 0x1
core   0: 3 0x8000ece8 (0x00001f17) x30 0x8000fce8
core   0: 0x8000ecec (0x303f2c23) sw      gp, 792(t5)
core   0: 3 0x8000ecec (0x303f2c23) mem 0x80010000 0x00000001
core   0: 0x8000ecf0 (0x0000bfe5) c.j     pc - 8
core   0: 3 0x8000ecf0 (0xbfe5)
core   0: 0x8000ece8 (0x00001f17) auipc   t5, 0x1
core   0: 3 0x8000ece8 (0x00001f17) x30 0x8000fce8
core   0: 0x8000ecec (0x303f2c23) sw      gp, 792(t5)
core   0: 3 0x8000ecec (0x303f2c23) mem 0x80010000 0x00000001
core   0: 0x8000ecf0 (0x0000bfe5) c.j     pc - 8
core   0: 3 0x8000ecf0 (0xbfe5)
core   0: 0x8000ece8 (0x00001f17) auipc   t5, 0x1
core   0: 3 0x8000ece8 (0x00001f17) x30 0x8000fce8
core   0: 0x8000ecec (0x303f2c23) sw      gp, 792(t5)
core   0: 3 0x8000ecec (0x303f2c23) mem 0x80010000 0x00000001
core   0: 0x8000ecf0 (0x0000bfe5) c.j     pc - 8
core   0: 3 0x8000ecf0 (0xbfe5)
core   0: 0x8000ece8 (0x00001f17) auipc   t5, 0x1
core   0: 3 0x8000ece8 (0x00001f17) x30 0x8000fce8
core   0: 0x8000ecec (0x303f2c23) sw      gp, 792(t5)
core   0: 3 0x8000ecec (0x303f2c23) mem 0x80010000 0x00000001
core   0: 0x8000ecf0 (0x0000bfe5) c.j     pc - 8
core   0: 3 0x8000ecf0 (0xbfe5)
core   0: 0x8000ece8 (0x00001f17) auipc   t5, 0x1
core   0: 3 0x8000ece8 (0x00001f17) x30 0x8000fce8
core   0: 0x8000ecec (0x303f2c23) sw      gp, 792(t5)
core   0: 3 0x8000ecec (0x303f2c23) mem 0x80010000 0x00000001
core   0: 0x8000ecf0 (0x0000bfe5) c.j     pc - 8
core   0: 3 0x8000ecf0 (0xbfe5)
core   0: 0x8000ece8 (0x00001f17) auipc   t5, 0x1
core   0: 3 0x8000ece8 (0x00001f17) x30 0x8000fce8
core   0: 0x8000ecec (0x303f2c23) sw      gp, 792(t5)
core   0: 3 0x8000ecec (0x303f2c23) mem 0x80010000 0x00000001
core   0: 0x8000ecf0 (0x0000bfe5) c.j     pc - 8
core   0: 3 0x8000ecf0 (0xbfe5)
core   0: 0x8000ece8 (0x00001f17) auipc   t5, 0x1
core   0: 3 0x8000ece8 (0x00001f17) x30 0x8000fce8
core   0: 0x8000ecec (0x303f2c23) sw      gp, 792(t5)
core   0: 3 0x8000ecec (0x303f2c23) mem 0x80010000 0x00000001
core   0: 0x8000ecf0 (0x0000bfe5) c.j     pc - 8
core   0: 3 0x8000ecf0 (0xbfe5)
core   0: 0x8000ece8 (0x00001f17) auipc   t5, 0x1
core   0: 3 0x8000ece8 (0x00001f17) x30 0x8000fce8
core   0: 0x8000ecec (0x303f2c23) sw      gp, 792(t5)
core   0: 3 0x8000ecec (0x303f2c23) mem 0x80010000 0x00000001
core   0: 0x8000ecf0 (0x0000bfe5) c.j     pc - 8
core   0: 3 0x8000ecf0 (0xbfe5)
core   0: 0x8000ece8 (0x00001f17) auipc   t5, 0x1
core   0: 3 0x8000ece8 (0x00001f17) x30 0x8000fce8
core   0: 0x8000ecec (0x303f2c23) sw      gp, 792(t5)
core   0: 3 0x8000ecec (0x303f2c23) mem 0x80010000 0x00000001
core   0: 0x8000ecf0 (0x0000bfe5) c.j     pc - 8
core   0: 3 0x8000ecf0 (0xbfe5)
core   0: 0x8000ece8 (0x00001f17) auipc   t5, 0x1
core   0: 3 0x8000ece8 (0x00001f17) x30 0x8000fce8
core   0: 0x8000ecec (0x303f2c23) sw      gp, 792(t5)
core   0: 3 0x8000ecec (0x303f2c23) mem 0x80010000 0x00000001
core   0: 0x8000ecf0 (0x0000bfe5) c.j     pc - 8
core   0: 3 0x8000ecf0 (0xbfe5)
core   0: 0x8000ece8 (0x00001f17) auipc   t5, 0x1
core   0: 3 0x8000ece8 (0x00001f17) x30 0x8000fce8
core   0: 0x8000ecec (0x303f2c23) sw      gp, 792(t5)
core   0: 3 0x8000ecec (0x303f2c23) mem 0x80010000 0x00000001
core   0: 0x8000ecf0 (0x0000bfe5) c.j     pc - 8
core   0: 3 0x8000ecf0 (0xbfe5)
core   0: 0x8000ece8 (0x00001f17) auipc   t5, 0x1
core   0: 3 0x8000ece8 (0x00001f17) x30 0x8000fce8
core   0: 0x8000ecec (0x303f2c23) sw      gp, 792(t5)
core   0: 3 0x8000ecec (0x303f2c23) mem 0x80010000 0x00000001
core   0: 0x8000ecf0 (0x0000bfe5) c.j     pc - 8
core   0: 3 0x8000ecf0 (0xbfe5)
core   0: 0x8000ece8 (0x00001f17) auipc   t5, 0x1
core   0: 3 0x8000ece8 (0x00001f17) x30 0x8000fce8
core   0: 0x8000ecec (0x303f2c23) sw      gp, 792(t5)
core   0: 3 0x8000ecec (0x303f2c23) mem 0x80010000 0x00000001
core   0: 0x8000ecf0 (0x0000bfe5) c.j     pc - 8
core   0: 3 0x8000ecf0 (0xbfe5)
core   0: 0x8000ece8 (0x00001f17) auipc   t5, 0x1
core   0: 3 0x8000ece8 (0x00001f17) x30 0x8000fce8
core   0: 0x8000ecec (0x303f2c23) sw      gp, 792(t5)
core   0: 3 0x8000ecec (0x303f2c23) mem 0x80010000 0x00000001
core   0: 0x8000ecf0 (0x0000bfe5) c.j     pc - 8
core   0: 3 0x8000ecf0 (0xbfe5)
core   0: 0x8000ece8 (0x00001f17) auipc   t5, 0x1
core   0: 3 0x8000ece8 (0x00001f17) x30 0x8000fce8
core   0: 0x8000ecec (0x303f2c23) sw      gp, 792(t5)
core   0: 3 0x8000ecec (0x303f2c23) mem 0x80010000 0x00000001
core   0: 0x8000ecf0 (0x0000bfe5) c.j     pc - 8
core   0: 3 0x8000ecf0 (0xbfe5)
core   0: 0x8000ece8 (0x00001f17) auipc   t5, 0x1
core   0: 3 0x8000ece8 (0x00001f17) x30 0x8000fce8
core   0: 0x8000ecec (0x303f2c23) sw      gp, 792(t5)
core   0: 3 0x8000ecec (0x303f2c23) mem 0x80010000 0x00000001
core   0: 0x8000ecf0 (0x0000bfe5) c.j     pc - 8
core   0: 3 0x8000ecf0 (0xbfe5)
core   0: 0x8000ece8 (0x00001f17) auipc   t5, 0x1
core   0: 3 0x8000ece8 (0x00001f17) x30 0x8000fce8
core   0: 0x8000ecec (0x303f2c23) sw      gp, 792(t5)
core   0: 3 0x8000ecec (0x303f2c23) mem 0x80010000 0x00000001
core   0: 0x8000ecf0 (0x0000bfe5) c.j     pc - 8
core   0: 3 0x8000ecf0 (0xbfe5)
core   0: 0x8000ece8 (0x00001f17) auipc   t5, 0x1
core   0: 3 0x8000ece8 (0x00001f17) x30 0x8000fce8
core   0: 0x8000ecec (0x303f2c23) sw      gp, 792(t5)
core   0: 3 0x8000ecec (0x303f2c23) mem 0x80010000 0x00000001
core   0: 0x8000ecf0 (0x0000bfe5) c.j     pc - 8
core   0: 3 0x8000ecf0 (0xbfe5)
core   0: 0x8000ece8 (0x00001f17) auipc   t5, 0x1
core   0: 3 0x8000ece8 (0x00001f17) x30 0x8000fce8
core   0: 0x8000ecec (0x303f2c23) sw      gp, 792(t5)
core   0: 3 0x8000ecec (0x303f2c23) mem 0x80010000 0x00000001
core   0: 0x8000ecf0 (0x0000bfe5) c.j     pc - 8
core   0: 3 0x8000ecf0 (0xbfe5)
core   0: 0x8000ece8 (0x00001f17) auipc   t5, 0x1
core   0: 3 0x8000ece8 (0x00001f17) x30 0x8000fce8
core   0: 0x8000ecec (0x303f2c23) sw      gp, 792(t5)
core   0: 3 0x8000ecec (0x303f2c23) mem 0x80010000 0x00000001
core   0: 0x8000ecf0 (0x0000bfe5) c.j     pc - 8
core   0: 3 0x8000ecf0 (0xbfe5)
core   0: 0x8000ece8 (0x00001f17) auipc   t5, 0x1
core   0: 3 0x8000ece8 (0x00001f17) x30 0x8000fce8
core   0: 0x8000ecec (0x303f2c23) sw      gp, 792(t5)
core   0: 3 0x8000ecec (0x303f2c23) mem 0x80010000 0x00000001
core   0: 0x8000ecf0 (0x0000bfe5) c.j     pc - 8
core   0: 3 0x8000ecf0 (0xbfe5)
core   0: 0x8000ece8 (0x00001f17) auipc   t5, 0x1
core   0: 3 0x8000ece8 (0x00001f17) x30 0x8000fce8
core   0: 0x8000ecec (0x303f2c23) sw      gp, 792(t5)
core   0: 3 0x8000ecec (0x303f2c23) mem 0x80010000 0x00000001
core   0: 0x8000ecf0 (0x0000bfe5) c.j     pc - 8
core   0: 3 0x8000ecf0 (0xbfe5)
core   0: 0x8000ece8 (0x00001f17) auipc   t5, 0x1
core   0: 3 0x8000ece8 (0x00001f17) x30 0x8000fce8
core   0: 0x8000ecec (0x303f2c23) sw      gp, 792(t5)
core   0: 3 0x8000ecec (0x303f2c23) mem 0x80010000 0x00000001
core   0: 0x8000ecf0 (0x0000bfe5) c.j     pc - 8
core   0: 3 0x8000ecf0 (0xbfe5)
core   0: 0x8000ece8 (0x00001f17) auipc   t5, 0x1
core   0: 3 0x8000ece8 (0x00001f17) x30 0x8000fce8
core   0: 0x8000ecec (0x303f2c23) sw      gp, 792(t5)
core   0: 3 0x8000ecec (0x303f2c23) mem 0x80010000 0x00000001
core   0: 0x8000ecf0 (0x0000bfe5) c.j     pc - 8
core   0: 3 0x8000ecf0 (0xbfe5)
core   0: 0x8000ece8 (0x00001f17) auipc   t5, 0x1
core   0: 3 0x8000ece8 (0x00001f17) x30 0x8000fce8
core   0: 0x8000ecec (0x303f2c23) sw      gp, 792(t5)
core   0: 3 0x8000ecec (0x303f2c23) mem 0x80010000 0x00000001
core   0: 0x8000ecf0 (0x0000bfe5) c.j     pc - 8
core   0: 3 0x8000ecf0 (0xbfe5)
core   0: 0x8000ece8 (0x00001f17) auipc   t5, 0x1
core   0: 3 0x8000ece8 (0x00001f17) x30 0x8000fce8
core   0: 0x8000ecec (0x303f2c23) sw      gp, 792(t5)
core   0: 3 0x8000ecec (0x303f2c23) mem 0x80010000 0x00000001
core   0: 0x8000ecf0 (0x0000bfe5) c.j     pc - 8
core   0: 3 0x8000ecf0 (0xbfe5)
core   0: 0x8000ece8 (0x00001f17) auipc   t5, 0x1
core   0: 3 0x8000ece8 (0x00001f17) x30 0x8000fce8
core   0: 0x8000ecec (0x303f2c23) sw      gp, 792(t5)
core   0: 3 0x8000ecec (0x303f2c23) mem 0x80010000 0x00000001
core   0: 0x8000ecf0 (0x0000bfe5) c.j     pc - 8
core   0: 3 0x8000ecf0 (0xbfe5)
core   0: 0x8000ece8 (0x00001f17) auipc   t5, 0x1
core   0: 3 0x8000ece8 (0x00001f17) x30 0x8000fce8
core   0: 0x8000ecec (0x303f2c23) sw      gp, 792(t5)
core   0: 3 0x8000ecec (0x303f2c23) mem 0x80010000 0x00000001
core   0: 0x8000ecf0 (0x0000bfe5) c.j     pc - 8
core   0: 3 0x8000ecf0 (0xbfe5)
core   0: 0x8000ece8 (0x00001f17) auipc   t5, 0x1
core   0: 3 0x8000ece8 (0x00001f17) x30 0x8000fce8
core   0: 0x8000ecec (0x303f2c23) sw      gp, 792(t5)
core   0: 3 0x8000ecec (0x303f2c23) mem 0x80010000 0x00000001
core   0: 0x8000ecf0 (0x0000bfe5) c.j     pc - 8
core   0: 3 0x8000ecf0 (0xbfe5)
core   0: 0x8000ece8 (0x00001f17) auipc   t5, 0x1
core   0: 3 0x8000ece8 (0x00001f17) x30 0x8000fce8
core   0: 0x8000ecec (0x303f2c23) sw      gp, 792(t5)
core   0: 3 0x8000ecec (0x303f2c23) mem 0x80010000 0x00000001
core   0: 0x8000ecf0 (0x0000bfe5) c.j     pc - 8
core   0: 3 0x8000ecf0 (0xbfe5)
core   0: 0x8000ece8 (0x00001f17) auipc   t5, 0x1
core   0: 3 0x8000ece8 (0x00001f17) x30 0x8000fce8
core   0: 0x8000ecec (0x303f2c23) sw      gp, 792(t5)
core   0: 3 0x8000ecec (0x303f2c23) mem 0x80010000 0x00000001
core   0: 0x8000ecf0 (0x0000bfe5) c.j     pc - 8
core   0: 3 0x8000ecf0 (0xbfe5)
core   0: 0x8000ece8 (0x00001f17) auipc   t5, 0x1
core   0: 3 0x8000ece8 (0x00001f17) x30 0x8000fce8
core   0: 0x8000ecec (0x303f2c23) sw      gp, 792(t5)
core   0: 3 0x8000ecec (0x303f2c23) mem 0x80010000 0x00000001
core   0: 0x8000ecf0 (0x0000bfe5) c.j     pc - 8
core   0: 3 0x8000ecf0 (0xbfe5)
core   0: 0x8000ece8 (0x00001f17) auipc   t5, 0x1
core   0: 3 0x8000ece8 (0x00001f17) x30 0x8000fce8
core   0: 0x8000ecec (0x303f2c23) sw      gp, 792(t5)
core   0: 3 0x8000ecec (0x303f2c23) mem 0x80010000 0x00000001
core   0: 0x8000ecf0 (0x0000bfe5) c.j     pc - 8
core   0: 3 0x8000ecf0 (0xbfe5)
core   0: 0x8000ece8 (0x00001f17) auipc   t5, 0x1
core   0: 3 0x8000ece8 (0x00001f17) x30 0x8000fce8
core   0: 0x8000ecec (0x303f2c23) sw      gp, 792(t5)
core   0: 3 0x8000ecec (0x303f2c23) mem 0x80010000 0x00000001
core   0: 0x8000ecf0 (0x0000bfe5) c.j     pc - 8
core   0: 3 0x8000ecf0 (0xbfe5)
core   0: 0x8000ece8 (0x00001f17) auipc   t5, 0x1
core   0: 3 0x8000ece8 (0x00001f17) x30 0x8000fce8
core   0: 0x8000ecec (0x303f2c23) sw      gp, 792(t5)
core   0: 3 0x8000ecec (0x303f2c23) mem 0x80010000 0x00000001
core   0: 0x8000ecf0 (0x0000bfe5) c.j     pc - 8
core   0: 3 0x8000ecf0 (0xbfe5)
core   0: 0x8000ece8 (0x00001f17) auipc   t5, 0x1
core   0: 3 0x8000ece8 (0x00001f17) x30 0x8000fce8
core   0: 0x8000ecec (0x303f2c23) sw      gp, 792(t5)
core   0: 3 0x8000ecec (0x303f2c23) mem 0x80010000 0x00000001
core   0: 0x8000ecf0 (0x0000bfe5) c.j     pc - 8
core   0: 3 0x8000ecf0 (0xbfe5)
core   0: 0x8000ece8 (0x00001f17) auipc   t5, 0x1
core   0: 3 0x8000ece8 (0x00001f17) x30 0x8000fce8
core   0: 0x8000ecec (0x303f2c23) sw      gp, 792(t5)
core   0: 3 0x8000ecec (0x303f2c23) mem 0x80010000 0x00000001
core   0: 0x8000ecf0 (0x0000bfe5) c.j     pc - 8
core   0: 3 0x8000ecf0 (0xbfe5)
core   0: 0x8000ece8 (0x00001f17) auipc   t5, 0x1
core   0: 3 0x8000ece8 (0x00001f17) x30 0x8000fce8
core   0: 0x8000ecec (0x303f2c23) sw      gp, 792(t5)
core   0: 3 0x8000ecec (0x303f2c23) mem 0x80010000 0x00000001
core   0: 0x8000ecf0 (0x0000bfe5) c.j     pc - 8
core   0: 3 0x8000ecf0 (0xbfe5)
core   0: 0x8000ece8 (0x00001f17) auipc   t5, 0x1
core   0: 3 0x8000ece8 (0x00001f17) x30 0x8000fce8
core   0: 0x8000ecec (0x303f2c23) sw      gp, 792(t5)
core   0: 3 0x8000ecec (0x303f2c23) mem 0x80010000 0x00000001
core   0: 0x8000ecf0 (0x0000bfe5) c.j     pc - 8
core   0: 3 0x8000ecf0 (0xbfe5)
core   0: 0x8000ece8 (0x00001f17) auipc   t5, 0x1
core   0: 3 0x8000ece8 (0x00001f17) x30 0x8000fce8
core   0: 0x8000ecec (0x303f2c23) sw      gp, 792(t5)
core   0: 3 0x8000ecec (0x303f2c23) mem 0x80010000 0x00000001
core   0: 0x8000ecf0 (0x0000bfe5) c.j     pc - 8
core   0: 3 0x8000ecf0 (0xbfe5)
core   0: 0x8000ece8 (0x00001f17) auipc   t5, 0x1
core   0: 3 0x8000ece8 (0x00001f17) x30 0x8000fce8
core   0: 0x8000ecec (0x303f2c23) sw      gp, 792(t5)
core   0: 3 0x8000ecec (0x303f2c23) mem 0x80010000 0x00000001
core   0: 0x8000ecf0 (0x0000bfe5) c.j     pc - 8
core   0: 3 0x8000ecf0 (0xbfe5)
core   0: 0x8000ece8 (0x00001f17) auipc   t5, 0x1
core   0: 3 0x8000ece8 (0x00001f17) x30 0x8000fce8
core   0: 0x8000ecec (0x303f2c23) sw      gp, 792(t5)
core   0: 3 0x8000ecec (0x303f2c23) mem 0x80010000 0x00000001
core   0: 0x8000ecf0 (0x0000bfe5) c.j     pc - 8
core   0: 3 0x8000ecf0 (0xbfe5)
core   0: 0x8000ece8 (0x00001f17) auipc   t5, 0x1
core   0: 3 0x8000ece8 (0x00001f17) x30 0x8000fce8
core   0: 0x8000ecec (0x303f2c23) sw      gp, 792(t5)
core   0: 3 0x8000ecec (0x303f2c23) mem 0x80010000 0x00000001
core   0: 0x8000ecf0 (0x0000bfe5) c.j     pc - 8
core   0: 3 0x8000ecf0 (0xbfe5)
core   0: 0x8000ece8 (0x00001f17) auipc   t5, 0x1
core   0: 3 0x8000ece8 (0x00001f17) x30 0x8000fce8
core   0: 0x8000ecec (0x303f2c23) sw      gp, 792(t5)
core   0: 3 0x8000ecec (0x303f2c23) mem 0x80010000 0x00000001
core   0: 0x8000ecf0 (0x0000bfe5) c.j     pc - 8
core   0: 3 0x8000ecf0 (0xbfe5)
core   0: 0x8000ece8 (0x00001f17) auipc   t5, 0x1
core   0: 3 0x8000ece8 (0x00001f17) x30 0x8000fce8
core   0: 0x8000ecec (0x303f2c23) sw      gp, 792(t5)
core   0: 3 0x8000ecec (0x303f2c23) mem 0x80010000 0x00000001
core   0: 0x8000ecf0 (0x0000bfe5) c.j     pc - 8
core   0: 3 0x8000ecf0 (0xbfe5)
core   0: 0x8000ece8 (0x00001f17) auipc   t5, 0x1
core   0: 3 0x8000ece8 (0x00001f17) x30 0x8000fce8
core   0: 0x8000ecec (0x303f2c23) sw      gp, 792(t5)
core   0: 3 0x8000ecec (0x303f2c23) mem 0x80010000 0x00000001
core   0: 0x8000ecf0 (0x0000bfe5) c.j     pc - 8
core   0: 3 0x8000ecf0 (0xbfe5)
core   0: 0x8000ece8 (0x00001f17) auipc   t5, 0x1
core   0: 3 0x8000ece8 (0x00001f17) x30 0x8000fce8
core   0: 0x8000ecec (0x303f2c23) sw      gp, 792(t5)
core   0: 3 0x8000ecec (0x303f2c23) mem 0x80010000 0x00000001
core   0: 0x8000ecf0 (0x0000bfe5) c.j     pc - 8
core   0: 3 0x8000ecf0 (0xbfe5)
core   0: 0x8000ece8 (0x00001f17) auipc   t5, 0x1
core   0: 3 0x8000ece8 (0x00001f17) x30 0x8000fce8
core   0: 0x8000ecec (0x303f2c23) sw      gp, 792(t5)
core   0: 3 0x8000ecec (0x303f2c23) mem 0x80010000 0x00000001
core   0: 0x8000ecf0 (0x0000bfe5) c.j     pc - 8
core   0: 3 0x8000ecf0 (0xbfe5)
core   0: 0x8000ece8 (0x00001f17) auipc   t5, 0x1
core   0: 3 0x8000ece8 (0x00001f17) x30 0x8000fce8
core   0: 0x8000ecec (0x303f2c23) sw      gp, 792(t5)
core   0: 3 0x8000ecec (0x303f2c23) mem 0x80010000 0x00000001
core   0: 0x8000ecf0 (0x0000bfe5) c.j     pc - 8
core   0: 3 0x8000ecf0 (0xbfe5)
core   0: 0x8000ece8 (0x00001f17) auipc   t5, 0x1
core   0: 3 0x8000ece8 (0x00001f17) x30 0x8000fce8
core   0: 0x8000ecec (0x303f2c23) sw      gp, 792(t5)
core   0: 3 0x8000ecec (0x303f2c23) mem 0x80010000 0x00000001
core   0: 0x8000ecf0 (0x0000bfe5) c.j     pc - 8
core   0: 3 0x8000ecf0 (0xbfe5)
core   0: 0x8000ece8 (0x00001f17) auipc   t5, 0x1
core   0: 3 0x8000ece8 (0x00001f17) x30 0x8000fce8
core   0: 0x8000ecec (0x303f2c23) sw      gp, 792(t5)
core   0: 3 0x8000ecec (0x303f2c23) mem 0x80010000 0x00000001
core   0: 0x8000ecf0 (0x0000bfe5) c.j     pc - 8
core   0: 3 0x8000ecf0 (0xbfe5)
core   0: 0x8000ece8 (0x00001f17) auipc   t5, 0x1
core   0: 3 0x8000ece8 (0x00001f17) x30 0x8000fce8
core   0: 0x8000ecec (0x303f2c23) sw      gp, 792(t5)
core   0: 3 0x8000ecec (0x303f2c23) mem 0x80010000 0x00000001
core   0: 0x8000ecf0 (0x0000bfe5) c.j     pc - 8
core   0: 3 0x8000ecf0 (0xbfe5)
core   0: 0x8000ece8 (0x00001f17) auipc   t5, 0x1
core   0: 3 0x8000ece8 (0x00001f17) x30 0x8000fce8
core   0: 0x8000ecec (0x303f2c23) sw      gp, 792(t5)
core   0: 3 0x8000ecec (0x303f2c23) mem 0x80010000 0x00000001
core   0: 0x8000ecf0 (0x0000bfe5) c.j     pc - 8
core   0: 3 0x8000ecf0 (0xbfe5)
core   0: 0x8000ece8 (0x00001f17) auipc   t5, 0x1
core   0: 3 0x8000ece8 (0x00001f17) x30 0x8000fce8
core   0: 0x8000ecec (0x303f2c23) sw      gp, 792(t5)
core   0: 3 0x8000ecec (0x303f2c23) mem 0x80010000 0x00000001
core   0: 0x8000ecf0 (0x0000bfe5) c.j     pc - 8
core   0: 3 0x8000ecf0 (0xbfe5)
core   0: 0x8000ece8 (0x00001f17) auipc   t5, 0x1
core   0: 3 0x8000ece8 (0x00001f17) x30 0x8000fce8
core   0: 0x8000ecec (0x303f2c23) sw      gp, 792(t5)
core   0: 3 0x8000ecec (0x303f2c23) mem 0x80010000 0x00000001
core   0: 0x8000ecf0 (0x0000bfe5) c.j     pc - 8
core   0: 3 0x8000ecf0 (0xbfe5)
core   0: 0x8000ece8 (0x00001f17) auipc   t5, 0x1
core   0: 3 0x8000ece8 (0x00001f17) x30 0x8000fce8
core   0: 0x8000ecec (0x303f2c23) sw      gp, 792(t5)
core   0: 3 0x8000ecec (0x303f2c23) mem 0x80010000 0x00000001
core   0: 0x8000ecf0 (0x0000bfe5) c.j     pc - 8
core   0: 3 0x8000ecf0 (0xbfe5)
core   0: 0x8000ece8 (0x00001f17) auipc   t5, 0x1
core   0: 3 0x8000ece8 (0x00001f17) x30 0x8000fce8
core   0: 0x8000ecec (0x303f2c23) sw      gp, 792(t5)
core   0: 3 0x8000ecec (0x303f2c23) mem 0x80010000 0x00000001
core   0: 0x8000ecf0 (0x0000bfe5) c.j     pc - 8
core   0: 3 0x8000ecf0 (0xbfe5)
core   0: 0x8000ece8 (0x00001f17) auipc   t5, 0x1
core   0: 3 0x8000ece8 (0x00001f17) x30 0x8000fce8
core   0: 0x8000ecec (0x303f2c23) sw      gp, 792(t5)
core   0: 3 0x8000ecec (0x303f2c23) mem 0x80010000 0x00000001
core   0: 0x8000ecf0 (0x0000bfe5) c.j     pc - 8
core   0: 3 0x8000ecf0 (0xbfe5)
core   0: 0x8000ece8 (0x00001f17) auipc   t5, 0x1
core   0: 3 0x8000ece8 (0x00001f17) x30 0x8000fce8
core   0: 0x8000ecec (0x303f2c23) sw      gp, 792(t5)
core   0: 3 0x8000ecec (0x303f2c23) mem 0x80010000 0x00000001
core   0: 0x8000ecf0 (0x0000bfe5) c.j     pc - 8
core   0: 3 0x8000ecf0 (0xbfe5)
core   0: 0x8000ece8 (0x00001f17) auipc   t5, 0x1
core   0: 3 0x8000ece8 (0x00001f17) x30 0x8000fce8
core   0: 0x8000ecec (0x303f2c23) sw      gp, 792(t5)
core   0: 3 0x8000ecec (0x303f2c23) mem 0x80010000 0x00000001
core   0: 0x8000ecf0 (0x0000bfe5) c.j     pc - 8
core   0: 3 0x8000ecf0 (0xbfe5)
core   0: 0x8000ece8 (0x00001f17) auipc   t5, 0x1
core   0: 3 0x8000ece8 (0x00001f17) x30 0x8000fce8
core   0: 0x8000ecec (0x303f2c23) sw      gp, 792(t5)
core   0: 3 0x8000ecec (0x303f2c23) mem 0x80010000 0x00000001
core   0: 0x8000ecf0 (0x0000bfe5) c.j     pc - 8
core   0: 3 0x8000ecf0 (0xbfe5)
core   0: 0x8000ece8 (0x00001f17) auipc   t5, 0x1
core   0: 3 0x8000ece8 (0x00001f17) x30 0x8000fce8
core   0: 0x8000ecec (0x303f2c23) sw      gp, 792(t5)
core   0: 3 0x8000ecec (0x303f2c23) mem 0x80010000 0x00000001
core   0: 0x8000ecf0 (0x0000bfe5) c.j     pc - 8
core   0: 3 0x8000ecf0 (0xbfe5)
core   0: 0x8000ece8 (0x00001f17) auipc   t5, 0x1
core   0: 3 0x8000ece8 (0x00001f17) x30 0x8000fce8
core   0: 0x8000ecec (0x303f2c23) sw      gp, 792(t5)
core   0: 3 0x8000ecec (0x303f2c23) mem 0x80010000 0x00000001
core   0: 0x8000ecf0 (0x0000bfe5) c.j     pc - 8
core   0: 3 0x8000ecf0 (0xbfe5)
core   0: 0x8000ece8 (0x00001f17) auipc   t5, 0x1
core   0: 3 0x8000ece8 (0x00001f17) x30 0x8000fce8
core   0: 0x8000ecec (0x303f2c23) sw      gp, 792(t5)
core   0: 3 0x8000ecec (0x303f2c23) mem 0x80010000 0x00000001
core   0: 0x8000ecf0 (0x0000bfe5) c.j     pc - 8
core   0: 3 0x8000ecf0 (0xbfe5)
core   0: 0x8000ece8 (0x00001f17) auipc   t5, 0x1
core   0: 3 0x8000ece8 (0x00001f17) x30 0x8000fce8
core   0: 0x8000ecec (0x303f2c23) sw      gp, 792(t5)
core   0: 3 0x8000ecec (0x303f2c23) mem 0x80010000 0x00000001
core   0: 0x8000ecf0 (0x0000bfe5) c.j     pc - 8
core   0: 3 0x8000ecf0 (0xbfe5)
core   0: 0x8000ece8 (0x00001f17) auipc   t5, 0x1
core   0: 3 0x8000ece8 (0x00001f17) x30 0x8000fce8
core   0: 0x8000ecec (0x303f2c23) sw      gp, 792(t5)
core   0: 3 0x8000ecec (0x303f2c23) mem 0x80010000 0x00000001
core   0: 0x8000ecf0 (0x0000bfe5) c.j     pc - 8
core   0: 3 0x8000ecf0 (0xbfe5)
core   0: 0x8000ece8 (0x00001f17) auipc   t5, 0x1
core   0: 3 0x8000ece8 (0x00001f17) x30 0x8000fce8
core   0: 0x8000ecec (0x303f2c23) sw      gp, 792(t5)
core   0: 3 0x8000ecec (0x303f2c23) mem 0x80010000 0x00000001
core   0: 0x8000ecf0 (0x0000bfe5) c.j     pc - 8
core   0: 3 0x8000ecf0 (0xbfe5)
core   0: 0x8000ece8 (0x00001f17) auipc   t5, 0x1
core   0: 3 0x8000ece8 (0x00001f17) x30 0x8000fce8
core   0: 0x8000ecec (0x303f2c23) sw      gp, 792(t5)
core   0: 3 0x8000ecec (0x303f2c23) mem 0x80010000 0x00000001
core   0: 0x8000ecf0 (0x0000bfe5) c.j     pc - 8
core   0: 3 0x8000ecf0 (0xbfe5)
core   0: 0x8000ece8 (0x00001f17) auipc   t5, 0x1
core   0: 3 0x8000ece8 (0x00001f17) x30 0x8000fce8
core   0: 0x8000ecec (0x303f2c23) sw      gp, 792(t5)
core   0: 3 0x8000ecec (0x303f2c23) mem 0x80010000 0x00000001
core   0: 0x8000ecf0 (0x0000bfe5) c.j     pc - 8
core   0: 3 0x8000ecf0 (0xbfe5)
core   0: 0x8000ece8 (0x00001f17) auipc   t5, 0x1
core   0: 3 0x8000ece8 (0x00001f17) x30 0x8000fce8
core   0: 0x8000ecec (0x303f2c23) sw      gp, 792(t5)
core   0: 3 0x8000ecec (0x303f2c23) mem 0x80010000 0x00000001
core   0: 0x8000ecf0 (0x0000bfe5) c.j     pc - 8
core   0: 3 0x8000ecf0 (0xbfe5)
core   0: 0x8000ece8 (0x00001f17) auipc   t5, 0x1
core   0: 3 0x8000ece8 (0x00001f17) x30 0x8000fce8
core   0: 0x8000ecec (0x303f2c23) sw      gp, 792(t5)
core   0: 3 0x8000ecec (0x303f2c23) mem 0x80010000 0x00000001
core   0: 0x8000ecf0 (0x0000bfe5) c.j     pc - 8
core   0: 3 0x8000ecf0 (0xbfe5)
core   0: 0x8000ece8 (0x00001f17) auipc   t5, 0x1
core   0: 3 0x8000ece8 (0x00001f17) x30 0x8000fce8
core   0: 0x8000ecec (0x303f2c23) sw      gp, 792(t5)
core   0: 3 0x8000ecec (0x303f2c23) mem 0x80010000 0x00000001
core   0: 0x8000ecf0 (0x0000bfe5) c.j     pc - 8
core   0: 3 0x8000ecf0 (0xbfe5)
core   0: 0x8000ece8 (0x00001f17) auipc   t5, 0x1
core   0: 3 0x8000ece8 (0x00001f17) x30 0x8000fce8
core   0: 0x8000ecec (0x303f2c23) sw      gp, 792(t5)
core   0: 3 0x8000ecec (0x303f2c23) mem 0x80010000 0x00000001
core   0: 0x8000ecf0 (0x0000bfe5) c.j     pc - 8
core   0: 3 0x8000ecf0 (0xbfe5)
core   0: 0x8000ece8 (0x00001f17) auipc   t5, 0x1
core   0: 3 0x8000ece8 (0x00001f17) x30 0x8000fce8
core   0: 0x8000ecec (0x303f2c23) sw      gp, 792(t5)
core   0: 3 0x8000ecec (0x303f2c23) mem 0x80010000 0x00000001
core   0: 0x8000ecf0 (0x0000bfe5) c.j     pc - 8
core   0: 3 0x8000ecf0 (0xbfe5)
core   0: 0x8000ece8 (0x00001f17) auipc   t5, 0x1
core   0: 3 0x8000ece8 (0x00001f17) x30 0x8000fce8
core   0: 0x8000ecec (0x303f2c23) sw      gp, 792(t5)
core   0: 3 0x8000ecec (0x303f2c23) mem 0x80010000 0x00000001
core   0: 0x8000ecf0 (0x0000bfe5) c.j     pc - 8
core   0: 3 0x8000ecf0 (0xbfe5)
core   0: 0x8000ece8 (0x00001f17) auipc   t5, 0x1
core   0: 3 0x8000ece8 (0x00001f17) x30 0x8000fce8
core   0: 0x8000ecec (0x303f2c23) sw      gp, 792(t5)
core   0: 3 0x8000ecec (0x303f2c23) mem 0x80010000 0x00000001
core   0: 0x8000ecf0 (0x0000bfe5) c.j     pc - 8
core   0: 3 0x8000ecf0 (0xbfe5)
core   0: 0x8000ece8 (0x00001f17) auipc   t5, 0x1
core   0: 3 0x8000ece8 (0x00001f17) x30 0x8000fce8
core   0: 0x8000ecec (0x303f2c23) sw      gp, 792(t5)
core   0: 3 0x8000ecec (0x303f2c23) mem 0x80010000 0x00000001
core   0: 0x8000ecf0 (0x0000bfe5) c.j     pc - 8
core   0: 3 0x8000ecf0 (0xbfe5)
core   0: 0x8000ece8 (0x00001f17) auipc   t5, 0x1
core   0: 3 0x8000ece8 (0x00001f17) x30 0x8000fce8
core   0: 0x8000ecec (0x303f2c23) sw      gp, 792(t5)
core   0: 3 0x8000ecec (0x303f2c23) mem 0x80010000 0x00000001
core   0: 0x8000ecf0 (0x0000bfe5) c.j     pc - 8
core   0: 3 0x8000ecf0 (0xbfe5)
core   0: 0x8000ece8 (0x00001f17) auipc   t5, 0x1
core   0: 3 0x8000ece8 (0x00001f17) x30 0x8000fce8
core   0: 0x8000ecec (0x303f2c23) sw      gp, 792(t5)
core   0: 3 0x8000ecec (0x303f2c23) mem 0x80010000 0x00000001
core   0: 0x8000ecf0 (0x0000bfe5) c.j     pc - 8
core   0: 3 0x8000ecf0 (0xbfe5)
core   0: 0x8000ece8 (0x00001f17) auipc   t5, 0x1
core   0: 3 0x8000ece8 (0x00001f17) x30 0x8000fce8
core   0: 0x8000ecec (0x303f2c23) sw      gp, 792(t5)
core   0: 3 0x8000ecec (0x303f2c23) mem 0x80010000 0x00000001
core   0: 0x8000ecf0 (0x0000bfe5) c.j     pc - 8
core   0: 3 0x8000ecf0 (0xbfe5)
core   0: 0x8000ece8 (0x00001f17) auipc   t5, 0x1
core   0: 3 0x8000ece8 (0x00001f17) x30 0x8000fce8
core   0: 0x8000ecec (0x303f2c23) sw      gp, 792(t5)
core   0: 3 0x8000ecec (0x303f2c23) mem 0x80010000 0x00000001
core   0: 0x8000ecf0 (0x0000bfe5) c.j     pc - 8
core   0: 3 0x8000ecf0 (0xbfe5)
core   0: 0x8000ece8 (0x00001f17) auipc   t5, 0x1
core   0: 3 0x8000ece8 (0x00001f17) x30 0x8000fce8
core   0: 0x8000ecec (0x303f2c23) sw      gp, 792(t5)
core   0: 3 0x8000ecec (0x303f2c23) mem 0x80010000 0x00000001
core   0: 0x8000ecf0 (0x0000bfe5) c.j     pc - 8
core   0: 3 0x8000ecf0 (0xbfe5)
core   0: 0x8000ece8 (0x00001f17) auipc   t5, 0x1
core   0: 3 0x8000ece8 (0x00001f17) x30 0x8000fce8
core   0: 0x8000ecec (0x303f2c23) sw      gp, 792(t5)
core   0: 3 0x8000ecec (0x303f2c23) mem 0x80010000 0x00000001
core   0: 0x8000ecf0 (0x0000bfe5) c.j     pc - 8
core   0: 3 0x8000ecf0 (0xbfe5)
core   0: 0x8000ece8 (0x00001f17) auipc   t5, 0x1
core   0: 3 0x8000ece8 (0x00001f17) x30 0x8000fce8
core   0: 0x8000ecec (0x303f2c23) sw      gp, 792(t5)
core   0: 3 0x8000ecec (0x303f2c23) mem 0x80010000 0x00000001
core   0: 0x8000ecf0 (0x0000bfe5) c.j     pc - 8
core   0: 3 0x8000ecf0 (0xbfe5)
core   0: 0x8000ece8 (0x00001f17) auipc   t5, 0x1
core   0: 3 0x8000ece8 (0x00001f17) x30 0x8000fce8
core   0: 0x8000ecec (0x303f2c23) sw      gp, 792(t5)
core   0: 3 0x8000ecec (0x303f2c23) mem 0x80010000 0x00000001
core   0: 0x8000ecf0 (0x0000bfe5) c.j     pc - 8
core   0: 3 0x8000ecf0 (0xbfe5)
core   0: 0x8000ece8 (0x00001f17) auipc   t5, 0x1
core   0: 3 0x8000ece8 (0x00001f17) x30 0x8000fce8
core   0: 0x8000ecec (0x303f2c23) sw      gp, 792(t5)
core   0: 3 0x8000ecec (0x303f2c23) mem 0x80010000 0x00000001
core   0: 0x8000ecf0 (0x0000bfe5) c.j     pc - 8
core   0: 3 0x8000ecf0 (0xbfe5)
core   0: 0x8000ece8 (0x00001f17) auipc   t5, 0x1
core   0: 3 0x8000ece8 (0x00001f17) x30 0x8000fce8
core   0: 0x8000ecec (0x303f2c23) sw      gp, 792(t5)
core   0: 3 0x8000ecec (0x303f2c23) mem 0x80010000 0x00000001
core   0: 0x8000ecf0 (0x0000bfe5) c.j     pc - 8
core   0: 3 0x8000ecf0 (0xbfe5)
core   0: 0x8000ece8 (0x00001f17) auipc   t5, 0x1
core   0: 3 0x8000ece8 (0x00001f17) x30 0x8000fce8
core   0: 0x8000ecec (0x303f2c23) sw      gp, 792(t5)
core   0: 3 0x8000ecec (0x303f2c23) mem 0x80010000 0x00000001
core   0: 0x8000ecf0 (0x0000bfe5) c.j     pc - 8
core   0: 3 0x8000ecf0 (0xbfe5)
core   0: 0x8000ece8 (0x00001f17) auipc   t5, 0x1
core   0: 3 0x8000ece8 (0x00001f17) x30 0x8000fce8
core   0: 0x8000ecec (0x303f2c23) sw      gp, 792(t5)
core   0: 3 0x8000ecec (0x303f2c23) mem 0x80010000 0x00000001
core   0: 0x8000ecf0 (0x0000bfe5) c.j     pc - 8
core   0: 3 0x8000ecf0 (0xbfe5)
core   0: 0x8000ece8 (0x00001f17) auipc   t5, 0x1
core   0: 3 0x8000ece8 (0x00001f17) x30 0x8000fce8
core   0: 0x8000ecec (0x303f2c23) sw      gp, 792(t5)
core   0: 3 0x8000ecec (0x303f2c23) mem 0x80010000 0x00000001
core   0: 0x8000ecf0 (0x0000bfe5) c.j     pc - 8
core   0: 3 0x8000ecf0 (0xbfe5)
core   0: 0x8000ece8 (0x00001f17) auipc   t5, 0x1
core   0: 3 0x8000ece8 (0x00001f17) x30 0x8000fce8
core   0: 0x8000ecec (0x303f2c23) sw      gp, 792(t5)
core   0: 3 0x8000ecec (0x303f2c23) mem 0x80010000 0x00000001
core   0: 0x8000ecf0 (0x0000bfe5) c.j     pc - 8
core   0: 3 0x8000ecf0 (0xbfe5)
core   0: 0x8000ece8 (0x00001f17) auipc   t5, 0x1
core   0: 3 0x8000ece8 (0x00001f17) x30 0x8000fce8
core   0: 0x8000ecec (0x303f2c23) sw      gp, 792(t5)
core   0: 3 0x8000ecec (0x303f2c23) mem 0x80010000 0x00000001
core   0: 0x8000ecf0 (0x0000bfe5) c.j     pc - 8
core   0: 3 0x8000ecf0 (0xbfe5)
core   0: 0x8000ece8 (0x00001f17) auipc   t5, 0x1
core   0: 3 0x8000ece8 (0x00001f17) x30 0x8000fce8
core   0: 0x8000ecec (0x303f2c23) sw      gp, 792(t5)
core   0: 3 0x8000ecec (0x303f2c23) mem 0x80010000 0x00000001
core   0: 0x8000ecf0 (0x0000bfe5) c.j     pc - 8
core   0: 3 0x8000ecf0 (0xbfe5)
core   0: 0x8000ece8 (0x00001f17) auipc   t5, 0x1
core   0: 3 0x8000ece8 (0x00001f17) x30 0x8000fce8
core   0: 0x8000ecec (0x303f2c23) sw      gp, 792(t5)
core   0: 3 0x8000ecec (0x303f2c23) mem 0x80010000 0x00000001
core   0: 0x8000ecf0 (0x0000bfe5) c.j     pc - 8
core   0: 3 0x8000ecf0 (0xbfe5)
core   0: 0x8000ece8 (0x00001f17) auipc   t5, 0x1
core   0: 3 0x8000ece8 (0x00001f17) x30 0x8000fce8
core   0: 0x8000ecec (0x303f2c23) sw      gp, 792(t5)
core   0: 3 0x8000ecec (0x303f2c23) mem 0x80010000 0x00000001
core   0: 0x8000ecf0 (0x0000bfe5) c.j     pc - 8
core   0: 3 0x8000ecf0 (0xbfe5)
core   0: 0x8000ece8 (0x00001f17) auipc   t5, 0x1
core   0: 3 0x8000ece8 (0x00001f17) x30 0x8000fce8
core   0: 0x8000ecec (0x303f2c23) sw      gp, 792(t5)
core   0: 3 0x8000ecec (0x303f2c23) mem 0x80010000 0x00000001
core   0: 0x8000ecf0 (0x0000bfe5) c.j     pc - 8
core   0: 3 0x8000ecf0 (0xbfe5)
core   0: 0x8000ece8 (0x00001f17) auipc   t5, 0x1
core   0: 3 0x8000ece8 (0x00001f17) x30 0x8000fce8
core   0: 0x8000ecec (0x303f2c23) sw      gp, 792(t5)
core   0: 3 0x8000ecec (0x303f2c23) mem 0x80010000 0x00000001
core   0: 0x8000ecf0 (0x0000bfe5) c.j     pc - 8
core   0: 3 0x8000ecf0 (0xbfe5)
core   0: 0x8000ece8 (0x00001f17) auipc   t5, 0x1
core   0: 3 0x8000ece8 (0x00001f17) x30 0x8000fce8
core   0: 0x8000ecec (0x303f2c23) sw      gp, 792(t5)
core   0: 3 0x8000ecec (0x303f2c23) mem 0x80010000 0x00000001
core   0: 0x8000ecf0 (0x0000bfe5) c.j     pc - 8
core   0: 3 0x8000ecf0 (0xbfe5)
core   0: 0x8000ece8 (0x00001f17) auipc   t5, 0x1
core   0: 3 0x8000ece8 (0x00001f17) x30 0x8000fce8
core   0: 0x8000ecec (0x303f2c23) sw      gp, 792(t5)
core   0: 3 0x8000ecec (0x303f2c23) mem 0x80010000 0x00000001
core   0: 0x8000ecf0 (0x0000bfe5) c.j     pc - 8
core   0: 3 0x8000ecf0 (0xbfe5)
core   0: 0x8000ece8 (0x00001f17) auipc   t5, 0x1
core   0: 3 0x8000ece8 (0x00001f17) x30 0x8000fce8
core   0: 0x8000ecec (0x303f2c23) sw      gp, 792(t5)
core   0: 3 0x8000ecec (0x303f2c23) mem 0x80010000 0x00000001
core   0: 0x8000ecf0 (0x0000bfe5) c.j     pc - 8
core   0: 3 0x8000ecf0 (0xbfe5)
core   0: 0x8000ece8 (0x00001f17) auipc   t5, 0x1
core   0: 3 0x8000ece8 (0x00001f17) x30 0x8000fce8
core   0: 0x8000ecec (0x303f2c23) sw      gp, 792(t5)
core   0: 3 0x8000ecec (0x303f2c23) mem 0x80010000 0x00000001
core   0: 0x8000ecf0 (0x0000bfe5) c.j     pc - 8
core   0: 3 0x8000ecf0 (0xbfe5)
core   0: 0x8000ece8 (0x00001f17) auipc   t5, 0x1
core   0: 3 0x8000ece8 (0x00001f17) x30 0x8000fce8
core   0: 0x8000ecec (0x303f2c23) sw      gp, 792(t5)
core   0: 3 0x8000ecec (0x303f2c23) mem 0x80010000 0x00000001
core   0: 0x8000ecf0 (0x0000bfe5) c.j     pc - 8
core   0: 3 0x8000ecf0 (0xbfe5)
core   0: 0x8000ece8 (0x00001f17) auipc   t5, 0x1
core   0: 3 0x8000ece8 (0x00001f17) x30 0x8000fce8
core   0: 0x8000ecec (0x303f2c23) sw      gp, 792(t5)
core   0: 3 0x8000ecec (0x303f2c23) mem 0x80010000 0x00000001
core   0: 0x8000ecf0 (0x0000bfe5) c.j     pc - 8
core   0: 3 0x8000ecf0 (0xbfe5)
core   0: 0x8000ece8 (0x00001f17) auipc   t5, 0x1
core   0: 3 0x8000ece8 (0x00001f17) x30 0x8000fce8
core   0: 0x8000ecec (0x303f2c23) sw      gp, 792(t5)
core   0: 3 0x8000ecec (0x303f2c23) mem 0x80010000 0x00000001
core   0: 0x8000ecf0 (0x0000bfe5) c.j     pc - 8
core   0: 3 0x8000ecf0 (0xbfe5)
core   0: 0x8000ece8 (0x00001f17) auipc   t5, 0x1
core   0: 3 0x8000ece8 (0x00001f17) x30 0x8000fce8
core   0: 0x8000ecec (0x303f2c23) sw      gp, 792(t5)
core   0: 3 0x8000ecec (0x303f2c23) mem 0x80010000 0x00000001
core   0: 0x8000ecf0 (0x0000bfe5) c.j     pc - 8
core   0: 3 0x8000ecf0 (0xbfe5)
core   0: 0x8000ece8 (0x00001f17) auipc   t5, 0x1
core   0: 3 0x8000ece8 (0x00001f17) x30 0x8000fce8
core   0: 0x8000ecec (0x303f2c23) sw      gp, 792(t5)
core   0: 3 0x8000ecec (0x303f2c23) mem 0x80010000 0x00000001
core   0: 0x8000ecf0 (0x0000bfe5) c.j     pc - 8
core   0: 3 0x8000ecf0 (0xbfe5)
core   0: 0x8000ece8 (0x00001f17) auipc   t5, 0x1
core   0: 3 0x8000ece8 (0x00001f17) x30 0x8000fce8
core   0: 0x8000ecec (0x303f2c23) sw      gp, 792(t5)
core   0: 3 0x8000ecec (0x303f2c23) mem 0x80010000 0x00000001
core   0: 0x8000ecf0 (0x0000bfe5) c.j     pc - 8
core   0: 3 0x8000ecf0 (0xbfe5)
core   0: 0x8000ece8 (0x00001f17) auipc   t5, 0x1
core   0: 3 0x8000ece8 (0x00001f17) x30 0x8000fce8
core   0: 0x8000ecec (0x303f2c23) sw      gp, 792(t5)
core   0: 3 0x8000ecec (0x303f2c23) mem 0x80010000 0x00000001
core   0: 0x8000ecf0 (0x0000bfe5) c.j     pc - 8
core   0: 3 0x8000ecf0 (0xbfe5)
core   0: 0x8000ece8 (0x00001f17) auipc   t5, 0x1
core   0: 3 0x8000ece8 (0x00001f17) x30 0x8000fce8
core   0: 0x8000ecec (0x303f2c23) sw      gp, 792(t5)
core   0: 3 0x8000ecec (0x303f2c23) mem 0x80010000 0x00000001
core   0: 0x8000ecf0 (0x0000bfe5) c.j     pc - 8
core   0: 3 0x8000ecf0 (0xbfe5)
core   0: 0x8000ece8 (0x00001f17) auipc   t5, 0x1
core   0: 3 0x8000ece8 (0x00001f17) x30 0x8000fce8
core   0: 0x8000ecec (0x303f2c23) sw      gp, 792(t5)
core   0: 3 0x8000ecec (0x303f2c23) mem 0x80010000 0x00000001
core   0: 0x8000ecf0 (0x0000bfe5) c.j     pc - 8
core   0: 3 0x8000ecf0 (0xbfe5)
core   0: 0x8000ece8 (0x00001f17) auipc   t5, 0x1
core   0: 3 0x8000ece8 (0x00001f17) x30 0x8000fce8
core   0: 0x8000ecec (0x303f2c23) sw      gp, 792(t5)
core   0: 3 0x8000ecec (0x303f2c23) mem 0x80010000 0x00000001
core   0: 0x8000ecf0 (0x0000bfe5) c.j     pc - 8
core   0: 3 0x8000ecf0 (0xbfe5)
core   0: 0x8000ece8 (0x00001f17) auipc   t5, 0x1
core   0: 3 0x8000ece8 (0x00001f17) x30 0x8000fce8
core   0: 0x8000ecec (0x303f2c23) sw      gp, 792(t5)
core   0: 3 0x8000ecec (0x303f2c23) mem 0x80010000 0x00000001
core   0: 0x8000ecf0 (0x0000bfe5) c.j     pc - 8
core   0: 3 0x8000ecf0 (0xbfe5)
core   0: 0x8000ece8 (0x00001f17) auipc   t5, 0x1
core   0: 3 0x8000ece8 (0x00001f17) x30 0x8000fce8
core   0: 0x8000ecec (0x303f2c23) sw      gp, 792(t5)
core   0: 3 0x8000ecec (0x303f2c23) mem 0x80010000 0x00000001
core   0: 0x8000ecf0 (0x0000bfe5) c.j     pc - 8
core   0: 3 0x8000ecf0 (0xbfe5)
core   0: 0x8000ece8 (0x00001f17) auipc   t5, 0x1
core   0: 3 0x8000ece8 (0x00001f17) x30 0x8000fce8
core   0: 0x8000ecec (0x303f2c23) sw      gp, 792(t5)
core   0: 3 0x8000ecec (0x303f2c23) mem 0x80010000 0x00000001
core   0: 0x8000ecf0 (0x0000bfe5) c.j     pc - 8
core   0: 3 0x8000ecf0 (0xbfe5)
core   0: 0x8000ece8 (0x00001f17) auipc   t5, 0x1
core   0: 3 0x8000ece8 (0x00001f17) x30 0x8000fce8
core   0: 0x8000ecec (0x303f2c23) sw      gp, 792(t5)
core   0: 3 0x8000ecec (0x303f2c23) mem 0x80010000 0x00000001
core   0: 0x8000ecf0 (0x0000bfe5) c.j     pc - 8
core   0: 3 0x8000ecf0 (0xbfe5)
core   0: 0x8000ece8 (0x00001f17) auipc   t5, 0x1
core   0: 3 0x8000ece8 (0x00001f17) x30 0x8000fce8
core   0: 0x8000ecec (0x303f2c23) sw      gp, 792(t5)
core   0: 3 0x8000ecec (0x303f2c23) mem 0x80010000 0x00000001
core   0: 0x8000ecf0 (0x0000bfe5) c.j     pc - 8
core   0: 3 0x8000ecf0 (0xbfe5)
core   0: 0x8000ece8 (0x00001f17) auipc   t5, 0x1
core   0: 3 0x8000ece8 (0x00001f17) x30 0x8000fce8
core   0: 0x8000ecec (0x303f2c23) sw      gp, 792(t5)
core   0: 3 0x8000ecec (0x303f2c23) mem 0x80010000 0x00000001
core   0: 0x8000ecf0 (0x0000bfe5) c.j     pc - 8
core   0: 3 0x8000ecf0 (0xbfe5)
core   0: 0x8000ece8 (0x00001f17) auipc   t5, 0x1
core   0: 3 0x8000ece8 (0x00001f17) x30 0x8000fce8
core   0: 0x8000ecec (0x303f2c23) sw      gp, 792(t5)
core   0: 3 0x8000ecec (0x303f2c23) mem 0x80010000 0x00000001
core   0: 0x8000ecf0 (0x0000bfe5) c.j     pc - 8
core   0: 3 0x8000ecf0 (0xbfe5)
core   0: 0x8000ece8 (0x00001f17) auipc   t5, 0x1
core   0: 3 0x8000ece8 (0x00001f17) x30 0x8000fce8
core   0: 0x8000ecec (0x303f2c23) sw      gp, 792(t5)
core   0: 3 0x8000ecec (0x303f2c23) mem 0x80010000 0x00000001
core   0: 0x8000ecf0 (0x0000bfe5) c.j     pc - 8
core   0: 3 0x8000ecf0 (0xbfe5)
core   0: 0x8000ece8 (0x00001f17) auipc   t5, 0x1
core   0: 3 0x8000ece8 (0x00001f17) x30 0x8000fce8
core   0: 0x8000ecec (0x303f2c23) sw      gp, 792(t5)
core   0: 3 0x8000ecec (0x303f2c23) mem 0x80010000 0x00000001
core   0: 0x8000ecf0 (0x0000bfe5) c.j     pc - 8
core   0: 3 0x8000ecf0 (0xbfe5)
core   0: 0x8000ece8 (0x00001f17) auipc   t5, 0x1
core   0: 3 0x8000ece8 (0x00001f17) x30 0x8000fce8
core   0: 0x8000ecec (0x303f2c23) sw      gp, 792(t5)
core   0: 3 0x8000ecec (0x303f2c23) mem 0x80010000 0x00000001
core   0: 0x8000ecf0 (0x0000bfe5) c.j     pc - 8
core   0: 3 0x8000ecf0 (0xbfe5)
core   0: 0x8000ece8 (0x00001f17) auipc   t5, 0x1
core   0: 3 0x8000ece8 (0x00001f17) x30 0x8000fce8
core   0: 0x8000ecec (0x303f2c23) sw      gp, 792(t5)
core   0: 3 0x8000ecec (0x303f2c23) mem 0x80010000 0x00000001
core   0: 0x8000ecf0 (0x0000bfe5) c.j     pc - 8
core   0: 3 0x8000ecf0 (0xbfe5)
core   0: 0x8000ece8 (0x00001f17) auipc   t5, 0x1
core   0: 3 0x8000ece8 (0x00001f17) x30 0x8000fce8
core   0: 0x8000ecec (0x303f2c23) sw      gp, 792(t5)
core   0: 3 0x8000ecec (0x303f2c23) mem 0x80010000 0x00000001
core   0: 0x8000ecf0 (0x0000bfe5) c.j     pc - 8
core   0: 3 0x8000ecf0 (0xbfe5)
core   0: 0x8000ece8 (0x00001f17) auipc   t5, 0x1
core   0: 3 0x8000ece8 (0x00001f17) x30 0x8000fce8
core   0: 0x8000ecec (0x303f2c23) sw      gp, 792(t5)
core   0: 3 0x8000ecec (0x303f2c23) mem 0x80010000 0x00000001
core   0: 0x8000ecf0 (0x0000bfe5) c.j     pc - 8
core   0: 3 0x8000ecf0 (0xbfe5)
core   0: 0x8000ece8 (0x00001f17) auipc   t5, 0x1
core   0: 3 0x8000ece8 (0x00001f17) x30 0x8000fce8
core   0: 0x8000ecec (0x303f2c23) sw      gp, 792(t5)
core   0: 3 0x8000ecec (0x303f2c23) mem 0x80010000 0x00000001
core   0: 0x8000ecf0 (0x0000bfe5) c.j     pc - 8
core   0: 3 0x8000ecf0 (0xbfe5)
core   0: 0x8000ece8 (0x00001f17) auipc   t5, 0x1
core   0: 3 0x8000ece8 (0x00001f17) x30 0x8000fce8
core   0: 0x8000ecec (0x303f2c23) sw      gp, 792(t5)
core   0: 3 0x8000ecec (0x303f2c23) mem 0x80010000 0x00000001
core   0: 0x8000ecf0 (0x0000bfe5) c.j     pc - 8
core   0: 3 0x8000ecf0 (0xbfe5)
core   0: 0x8000ece8 (0x00001f17) auipc   t5, 0x1
core   0: 3 0x8000ece8 (0x00001f17) x30 0x8000fce8
core   0: 0x8000ecec (0x303f2c23) sw      gp, 792(t5)
core   0: 3 0x8000ecec (0x303f2c23) mem 0x80010000 0x00000001
core   0: 0x8000ecf0 (0x0000bfe5) c.j     pc - 8
core   0: 3 0x8000ecf0 (0xbfe5)
core   0: 0x8000ece8 (0x00001f17) auipc   t5, 0x1
core   0: 3 0x8000ece8 (0x00001f17) x30 0x8000fce8
core   0: 0x8000ecec (0x303f2c23) sw      gp, 792(t5)
core   0: 3 0x8000ecec (0x303f2c23) mem 0x80010000 0x00000001
core   0: 0x8000ecf0 (0x0000bfe5) c.j     pc - 8
core   0: 3 0x8000ecf0 (0xbfe5)
core   0: 0x8000ece8 (0x00001f17) auipc   t5, 0x1
core   0: 3 0x8000ece8 (0x00001f17) x30 0x8000fce8
core   0: 0x8000ecec (0x303f2c23) sw      gp, 792(t5)
core   0: 3 0x8000ecec (0x303f2c23) mem 0x80010000 0x00000001
core   0: 0x8000ecf0 (0x0000bfe5) c.j     pc - 8
core   0: 3 0x8000ecf0 (0xbfe5)
core   0: 0x8000ece8 (0x00001f17) auipc   t5, 0x1
core   0: 3 0x8000ece8 (0x00001f17) x30 0x8000fce8
core   0: 0x8000ecec (0x303f2c23) sw      gp, 792(t5)
core   0: 3 0x8000ecec (0x303f2c23) mem 0x80010000 0x00000001
core   0: 0x8000ecf0 (0x0000bfe5) c.j     pc - 8
core   0: 3 0x8000ecf0 (0xbfe5)
core   0: 0x8000ece8 (0x00001f17) auipc   t5, 0x1
core   0: 3 0x8000ece8 (0x00001f17) x30 0x8000fce8
core   0: 0x8000ecec (0x303f2c23) sw      gp, 792(t5)
core   0: 3 0x8000ecec (0x303f2c23) mem 0x80010000 0x00000001
core   0: 0x8000ecf0 (0x0000bfe5) c.j     pc - 8
core   0: 3 0x8000ecf0 (0xbfe5)
core   0: 0x8000ece8 (0x00001f17) auipc   t5, 0x1
core   0: 3 0x8000ece8 (0x00001f17) x30 0x8000fce8
core   0: 0x8000ecec (0x303f2c23) sw      gp, 792(t5)
core   0: 3 0x8000ecec (0x303f2c23) mem 0x80010000 0x00000001
core   0: 0x8000ecf0 (0x0000bfe5) c.j     pc - 8
core   0: 3 0x8000ecf0 (0xbfe5)
core   0: 0x8000ece8 (0x00001f17) auipc   t5, 0x1
core   0: 3 0x8000ece8 (0x00001f17) x30 0x8000fce8
core   0: 0x8000ecec (0x303f2c23) sw      gp, 792(t5)
core   0: 3 0x8000ecec (0x303f2c23) mem 0x80010000 0x00000001
core   0: 0x8000ecf0 (0x0000bfe5) c.j     pc - 8
core   0: 3 0x8000ecf0 (0xbfe5)
core   0: 0x8000ece8 (0x00001f17) auipc   t5, 0x1
core   0: 3 0x8000ece8 (0x00001f17) x30 0x8000fce8
core   0: 0x8000ecec (0x303f2c23) sw      gp, 792(t5)
core   0: 3 0x8000ecec (0x303f2c23) mem 0x80010000 0x00000001
core   0: 0x8000ecf0 (0x0000bfe5) c.j     pc - 8
core   0: 3 0x8000ecf0 (0xbfe5)
core   0: 0x8000ece8 (0x00001f17) auipc   t5, 0x1
core   0: 3 0x8000ece8 (0x00001f17) x30 0x8000fce8
core   0: 0x8000ecec (0x303f2c23) sw      gp, 792(t5)
core   0: 3 0x8000ecec (0x303f2c23) mem 0x80010000 0x00000001
core   0: 0x8000ecf0 (0x0000bfe5) c.j     pc - 8
core   0: 3 0x8000ecf0 (0xbfe5)
core   0: 0x8000ece8 (0x00001f17) auipc   t5, 0x1
core   0: 3 0x8000ece8 (0x00001f17) x30 0x8000fce8
core   0: 0x8000ecec (0x303f2c23) sw      gp, 792(t5)
core   0: 3 0x8000ecec (0x303f2c23) mem 0x80010000 0x00000001
core   0: 0x8000ecf0 (0x0000bfe5) c.j     pc - 8
core   0: 3 0x8000ecf0 (0xbfe5)
core   0: 0x8000ece8 (0x00001f17) auipc   t5, 0x1
core   0: 3 0x8000ece8 (0x00001f17) x30 0x8000fce8
core   0: 0x8000ecec (0x303f2c23) sw      gp, 792(t5)
core   0: 3 0x8000ecec (0x303f2c23) mem 0x80010000 0x00000001
core   0: 0x8000ecf0 (0x0000bfe5) c.j     pc - 8
core   0: 3 0x8000ecf0 (0xbfe5)
core   0: 0x8000ece8 (0x00001f17) auipc   t5, 0x1
core   0: 3 0x8000ece8 (0x00001f17) x30 0x8000fce8
core   0: 0x8000ecec (0x303f2c23) sw      gp, 792(t5)
core   0: 3 0x8000ecec (0x303f2c23) mem 0x80010000 0x00000001
core   0: 0x8000ecf0 (0x0000bfe5) c.j     pc - 8
core   0: 3 0x8000ecf0 (0xbfe5)
core   0: 0x8000ece8 (0x00001f17) auipc   t5, 0x1
core   0: 3 0x8000ece8 (0x00001f17) x30 0x8000fce8
core   0: 0x8000ecec (0x303f2c23) sw      gp, 792(t5)
core   0: 3 0x8000ecec (0x303f2c23) mem 0x80010000 0x00000001
core   0: 0x8000ecf0 (0x0000bfe5) c.j     pc - 8
core   0: 3 0x8000ecf0 (0xbfe5)
core   0: 0x8000ece8 (0x00001f17) auipc   t5, 0x1
core   0: 3 0x8000ece8 (0x00001f17) x30 0x8000fce8
core   0: 0x8000ecec (0x303f2c23) sw      gp, 792(t5)
core   0: 3 0x8000ecec (0x303f2c23) mem 0x80010000 0x00000001
core   0: 0x8000ecf0 (0x0000bfe5) c.j     pc - 8
core   0: 3 0x8000ecf0 (0xbfe5)
core   0: 0x8000ece8 (0x00001f17) auipc   t5, 0x1
core   0: 3 0x8000ece8 (0x00001f17) x30 0x8000fce8
core   0: 0x8000ecec (0x303f2c23) sw      gp, 792(t5)
core   0: 3 0x8000ecec (0x303f2c23) mem 0x80010000 0x00000001
core   0: 0x8000ecf0 (0x0000bfe5) c.j     pc - 8
core   0: 3 0x8000ecf0 (0xbfe5)
core   0: 0x8000ece8 (0x00001f17) auipc   t5, 0x1
core   0: 3 0x8000ece8 (0x00001f17) x30 0x8000fce8
core   0: 0x8000ecec (0x303f2c23) sw      gp, 792(t5)
core   0: 3 0x8000ecec (0x303f2c23) mem 0x80010000 0x00000001
core   0: 0x8000ecf0 (0x0000bfe5) c.j     pc - 8
core   0: 3 0x8000ecf0 (0xbfe5)
core   0: 0x8000ece8 (0x00001f17) auipc   t5, 0x1
core   0: 3 0x8000ece8 (0x00001f17) x30 0x8000fce8
core   0: 0x8000ecec (0x303f2c23) sw      gp, 792(t5)
core   0: 3 0x8000ecec (0x303f2c23) mem 0x80010000 0x00000001
core   0: 0x8000ecf0 (0x0000bfe5) c.j     pc - 8
core   0: 3 0x8000ecf0 (0xbfe5)
core   0: 0x8000ece8 (0x00001f17) auipc   t5, 0x1
core   0: 3 0x8000ece8 (0x00001f17) x30 0x8000fce8
core   0: 0x8000ecec (0x303f2c23) sw      gp, 792(t5)
core   0: 3 0x8000ecec (0x303f2c23) mem 0x80010000 0x00000001
core   0: 0x8000ecf0 (0x0000bfe5) c.j     pc - 8
core   0: 3 0x8000ecf0 (0xbfe5)
core   0: 0x8000ece8 (0x00001f17) auipc   t5, 0x1
core   0: 3 0x8000ece8 (0x00001f17) x30 0x8000fce8
core   0: 0x8000ecec (0x303f2c23) sw      gp, 792(t5)
core   0: 3 0x8000ecec (0x303f2c23) mem 0x80010000 0x00000001
core   0: 0x8000ecf0 (0x0000bfe5) c.j     pc - 8
core   0: 3 0x8000ecf0 (0xbfe5)
core   0: 0x8000ece8 (0x00001f17) auipc   t5, 0x1
core   0: 3 0x8000ece8 (0x00001f17) x30 0x8000fce8
core   0: 0x8000ecec (0x303f2c23) sw      gp, 792(t5)
core   0: 3 0x8000ecec (0x303f2c23) mem 0x80010000 0x00000001
core   0: 0x8000ecf0 (0x0000bfe5) c.j     pc - 8
core   0: 3 0x8000ecf0 (0xbfe5)
core   0: 0x8000ece8 (0x00001f17) auipc   t5, 0x1
core   0: 3 0x8000ece8 (0x00001f17) x30 0x8000fce8
core   0: 0x8000ecec (0x303f2c23) sw      gp, 792(t5)
core   0: 3 0x8000ecec (0x303f2c23) mem 0x80010000 0x00000001
core   0: 0x8000ecf0 (0x0000bfe5) c.j     pc - 8
core   0: 3 0x8000ecf0 (0xbfe5)
core   0: 0x8000ece8 (0x00001f17) auipc   t5, 0x1
core   0: 3 0x8000ece8 (0x00001f17) x30 0x8000fce8
core   0: 0x8000ecec (0x303f2c23) sw      gp, 792(t5)
core   0: 3 0x8000ecec (0x303f2c23) mem 0x80010000 0x00000001
core   0: 0x8000ecf0 (0x0000bfe5) c.j     pc - 8
core   0: 3 0x8000ecf0 (0xbfe5)
core   0: 0x8000ece8 (0x00001f17) auipc   t5, 0x1
core   0: 3 0x8000ece8 (0x00001f17) x30 0x8000fce8
core   0: 0x8000ecec (0x303f2c23) sw      gp, 792(t5)
core   0: 3 0x8000ecec (0x303f2c23) mem 0x80010000 0x00000001
core   0: 0x8000ecf0 (0x0000bfe5) c.j     pc - 8
core   0: 3 0x8000ecf0 (0xbfe5)
core   0: 0x8000ece8 (0x00001f17) auipc   t5, 0x1
core   0: 3 0x8000ece8 (0x00001f17) x30 0x8000fce8
core   0: 0x8000ecec (0x303f2c23) sw      gp, 792(t5)
core   0: 3 0x8000ecec (0x303f2c23) mem 0x80010000 0x00000001
core   0: 0x8000ecf0 (0x0000bfe5) c.j     pc - 8
core   0: 3 0x8000ecf0 (0xbfe5)
core   0: 0x8000ece8 (0x00001f17) auipc   t5, 0x1
core   0: 3 0x8000ece8 (0x00001f17) x30 0x8000fce8
core   0: 0x8000ecec (0x303f2c23) sw      gp, 792(t5)
core   0: 3 0x8000ecec (0x303f2c23) mem 0x80010000 0x00000001
core   0: 0x8000ecf0 (0x0000bfe5) c.j     pc - 8
core   0: 3 0x8000ecf0 (0xbfe5)
core   0: 0x8000ece8 (0x00001f17) auipc   t5, 0x1
core   0: 3 0x8000ece8 (0x00001f17) x30 0x8000fce8
core   0: 0x8000ecec (0x303f2c23) sw      gp, 792(t5)
core   0: 3 0x8000ecec (0x303f2c23) mem 0x80010000 0x00000001
core   0: 0x8000ecf0 (0x0000bfe5) c.j     pc - 8
core   0: 3 0x8000ecf0 (0xbfe5)
core   0: 0x8000ece8 (0x00001f17) auipc   t5, 0x1
core   0: 3 0x8000ece8 (0x00001f17) x30 0x8000fce8
core   0: 0x8000ecec (0x303f2c23) sw      gp, 792(t5)
core   0: 3 0x8000ecec (0x303f2c23) mem 0x80010000 0x00000001
core   0: 0x8000ecf0 (0x0000bfe5) c.j     pc - 8
core   0: 3 0x8000ecf0 (0xbfe5)
core   0: 0x8000ece8 (0x00001f17) auipc   t5, 0x1
core   0: 3 0x8000ece8 (0x00001f17) x30 0x8000fce8
core   0: 0x8000ecec (0x303f2c23) sw      gp, 792(t5)
core   0: 3 0x8000ecec (0x303f2c23) mem 0x80010000 0x00000001
core   0: 0x8000ecf0 (0x0000bfe5) c.j     pc - 8
core   0: 3 0x8000ecf0 (0xbfe5)
core   0: 0x8000ece8 (0x00001f17) auipc   t5, 0x1
core   0: 3 0x8000ece8 (0x00001f17) x30 0x8000fce8
core   0: 0x8000ecec (0x303f2c23) sw      gp, 792(t5)
core   0: 3 0x8000ecec (0x303f2c23) mem 0x80010000 0x00000001
core   0: 0x8000ecf0 (0x0000bfe5) c.j     pc - 8
core   0: 3 0x8000ecf0 (0xbfe5)
core   0: 0x8000ece8 (0x00001f17) auipc   t5, 0x1
core   0: 3 0x8000ece8 (0x00001f17) x30 0x8000fce8
core   0: 0x8000ecec (0x303f2c23) sw      gp, 792(t5)
core   0: 3 0x8000ecec (0x303f2c23) mem 0x80010000 0x00000001
core   0: 0x8000ecf0 (0x0000bfe5) c.j     pc - 8
core   0: 3 0x8000ecf0 (0xbfe5)
core   0: 0x8000ece8 (0x00001f17) auipc   t5, 0x1
core   0: 3 0x8000ece8 (0x00001f17) x30 0x8000fce8
core   0: 0x8000ecec (0x303f2c23) sw      gp, 792(t5)
core   0: 3 0x8000ecec (0x303f2c23) mem 0x80010000 0x00000001
core   0: 0x8000ecf0 (0x0000bfe5) c.j     pc - 8
core   0: 3 0x8000ecf0 (0xbfe5)
core   0: 0x8000ece8 (0x00001f17) auipc   t5, 0x1
core   0: 3 0x8000ece8 (0x00001f17) x30 0x8000fce8
core   0: 0x8000ecec (0x303f2c23) sw      gp, 792(t5)
core   0: 3 0x8000ecec (0x303f2c23) mem 0x80010000 0x00000001
core   0: 0x8000ecf0 (0x0000bfe5) c.j     pc - 8
core   0: 3 0x8000ecf0 (0xbfe5)
core   0: 0x8000ece8 (0x00001f17) auipc   t5, 0x1
core   0: 3 0x8000ece8 (0x00001f17) x30 0x8000fce8
core   0: 0x8000ecec (0x303f2c23) sw      gp, 792(t5)
core   0: 3 0x8000ecec (0x303f2c23) mem 0x80010000 0x00000001
core   0: 0x8000ecf0 (0x0000bfe5) c.j     pc - 8
core   0: 3 0x8000ecf0 (0xbfe5)
core   0: 0x8000ece8 (0x00001f17) auipc   t5, 0x1
core   0: 3 0x8000ece8 (0x00001f17) x30 0x8000fce8
core   0: 0x8000ecec (0x303f2c23) sw      gp, 792(t5)
core   0: 3 0x8000ecec (0x303f2c23) mem 0x80010000 0x00000001
core   0: 0x8000ecf0 (0x0000bfe5) c.j     pc - 8
core   0: 3 0x8000ecf0 (0xbfe5)
core   0: 0x8000ece8 (0x00001f17) auipc   t5, 0x1
core   0: 3 0x8000ece8 (0x00001f17) x30 0x8000fce8
core   0: 0x8000ecec (0x303f2c23) sw      gp, 792(t5)
core   0: 3 0x8000ecec (0x303f2c23) mem 0x80010000 0x00000001
core   0: 0x8000ecf0 (0x0000bfe5) c.j     pc - 8
core   0: 3 0x8000ecf0 (0xbfe5)
core   0: 0x8000ece8 (0x00001f17) auipc   t5, 0x1
core   0: 3 0x8000ece8 (0x00001f17) x30 0x8000fce8
core   0: 0x8000ecec (0x303f2c23) sw      gp, 792(t5)
core   0: 3 0x8000ecec (0x303f2c23) mem 0x80010000 0x00000001
core   0: 0x8000ecf0 (0x0000bfe5) c.j     pc - 8
core   0: 3 0x8000ecf0 (0xbfe5)
core   0: 0x8000ece8 (0x00001f17) auipc   t5, 0x1
core   0: 3 0x8000ece8 (0x00001f17) x30 0x8000fce8
core   0: 0x8000ecec (0x303f2c23) sw      gp, 792(t5)
core   0: 3 0x8000ecec (0x303f2c23) mem 0x80010000 0x00000001
core   0: 0x8000ecf0 (0x0000bfe5) c.j     pc - 8
core   0: 3 0x8000ecf0 (0xbfe5)
core   0: 0x8000ece8 (0x00001f17) auipc   t5, 0x1
core   0: 3 0x8000ece8 (0x00001f17) x30 0x8000fce8
core   0: 0x8000ecec (0x303f2c23) sw      gp, 792(t5)
core   0: 3 0x8000ecec (0x303f2c23) mem 0x80010000 0x00000001
core   0: 0x8000ecf0 (0x0000bfe5) c.j     pc - 8
core   0: 3 0x8000ecf0 (0xbfe5)
core   0: 0x8000ece8 (0x00001f17) auipc   t5, 0x1
core   0: 3 0x8000ece8 (0x00001f17) x30 0x8000fce8
core   0: 0x8000ecec (0x303f2c23) sw      gp, 792(t5)
core   0: 3 0x8000ecec (0x303f2c23) mem 0x80010000 0x00000001
core   0: 0x8000ecf0 (0x0000bfe5) c.j     pc - 8
core   0: 3 0x8000ecf0 (0xbfe5)
core   0: 0x8000ece8 (0x00001f17) auipc   t5, 0x1
core   0: 3 0x8000ece8 (0x00001f17) x30 0x8000fce8
core   0: 0x8000ecec (0x303f2c23) sw      gp, 792(t5)
core   0: 3 0x8000ecec (0x303f2c23) mem 0x80010000 0x00000001
core   0: 0x8000ecf0 (0x0000bfe5) c.j     pc - 8
core   0: 3 0x8000ecf0 (0xbfe5)
core   0: 0x8000ece8 (0x00001f17) auipc   t5, 0x1
core   0: 3 0x8000ece8 (0x00001f17) x30 0x8000fce8
core   0: 0x8000ecec (0x303f2c23) sw      gp, 792(t5)
core   0: 3 0x8000ecec (0x303f2c23) mem 0x80010000 0x00000001
core   0: 0x8000ecf0 (0x0000bfe5) c.j     pc - 8
core   0: 3 0x8000ecf0 (0xbfe5)
core   0: 0x8000ece8 (0x00001f17) auipc   t5, 0x1
core   0: 3 0x8000ece8 (0x00001f17) x30 0x8000fce8
core   0: 0x8000ecec (0x303f2c23) sw      gp, 792(t5)
core   0: 3 0x8000ecec (0x303f2c23) mem 0x80010000 0x00000001
core   0: 0x8000ecf0 (0x0000bfe5) c.j     pc - 8
core   0: 3 0x8000ecf0 (0xbfe5)
core   0: 0x8000ece8 (0x00001f17) auipc   t5, 0x1
core   0: 3 0x8000ece8 (0x00001f17) x30 0x8000fce8
core   0: 0x8000ecec (0x303f2c23) sw      gp, 792(t5)
core   0: 3 0x8000ecec (0x303f2c23) mem 0x80010000 0x00000001
core   0: 0x8000ecf0 (0x0000bfe5) c.j     pc - 8
core   0: 3 0x8000ecf0 (0xbfe5)
core   0: 0x8000ece8 (0x00001f17) auipc   t5, 0x1
core   0: 3 0x8000ece8 (0x00001f17) x30 0x8000fce8
core   0: 0x8000ecec (0x303f2c23) sw      gp, 792(t5)
core   0: 3 0x8000ecec (0x303f2c23) mem 0x80010000 0x00000001
core   0: 0x8000ecf0 (0x0000bfe5) c.j     pc - 8
core   0: 3 0x8000ecf0 (0xbfe5)
core   0: 0x8000ece8 (0x00001f17) auipc   t5, 0x1
core   0: 3 0x8000ece8 (0x00001f17) x30 0x8000fce8
core   0: 0x8000ecec (0x303f2c23) sw      gp, 792(t5)
core   0: 3 0x8000ecec (0x303f2c23) mem 0x80010000 0x00000001
core   0: 0x8000ecf0 (0x0000bfe5) c.j     pc - 8
core   0: 3 0x8000ecf0 (0xbfe5)
core   0: 0x8000ece8 (0x00001f17) auipc   t5, 0x1
core   0: 3 0x8000ece8 (0x00001f17) x30 0x8000fce8
core   0: 0x8000ecec (0x303f2c23) sw      gp, 792(t5)
core   0: 3 0x8000ecec (0x303f2c23) mem 0x80010000 0x00000001
core   0: 0x8000ecf0 (0x0000bfe5) c.j     pc - 8
core   0: 3 0x8000ecf0 (0xbfe5)
core   0: 0x8000ece8 (0x00001f17) auipc   t5, 0x1
core   0: 3 0x8000ece8 (0x00001f17) x30 0x8000fce8
core   0: 0x8000ecec (0x303f2c23) sw      gp, 792(t5)
core   0: 3 0x8000ecec (0x303f2c23) mem 0x80010000 0x00000001
core   0: 0x8000ecf0 (0x0000bfe5) c.j     pc - 8
core   0: 3 0x8000ecf0 (0xbfe5)
core   0: 0x8000ece8 (0x00001f17) auipc   t5, 0x1
core   0: 3 0x8000ece8 (0x00001f17) x30 0x8000fce8
core   0: 0x8000ecec (0x303f2c23) sw      gp, 792(t5)
core   0: 3 0x8000ecec (0x303f2c23) mem 0x80010000 0x00000001
core   0: 0x8000ecf0 (0x0000bfe5) c.j     pc - 8
core   0: 3 0x8000ecf0 (0xbfe5)
core   0: 0x8000ece8 (0x00001f17) auipc   t5, 0x1
core   0: 3 0x8000ece8 (0x00001f17) x30 0x8000fce8
core   0: 0x8000ecec (0x303f2c23) sw      gp, 792(t5)
core   0: 3 0x8000ecec (0x303f2c23) mem 0x80010000 0x00000001
core   0: 0x8000ecf0 (0x0000bfe5) c.j     pc - 8
core   0: 3 0x8000ecf0 (0xbfe5)
core   0: 0x8000ece8 (0x00001f17) auipc   t5, 0x1
core   0: 3 0x8000ece8 (0x00001f17) x30 0x8000fce8
core   0: 0x8000ecec (0x303f2c23) sw      gp, 792(t5)
core   0: 3 0x8000ecec (0x303f2c23) mem 0x80010000 0x00000001
core   0: 0x8000ecf0 (0x0000bfe5) c.j     pc - 8
core   0: 3 0x8000ecf0 (0xbfe5)
core   0: 0x8000ece8 (0x00001f17) auipc   t5, 0x1
core   0: 3 0x8000ece8 (0x00001f17) x30 0x8000fce8
core   0: 0x8000ecec (0x303f2c23) sw      gp, 792(t5)
core   0: 3 0x8000ecec (0x303f2c23) mem 0x80010000 0x00000001
core   0: 0x8000ecf0 (0x0000bfe5) c.j     pc - 8
core   0: 3 0x8000ecf0 (0xbfe5)
core   0: 0x8000ece8 (0x00001f17) auipc   t5, 0x1
core   0: 3 0x8000ece8 (0x00001f17) x30 0x8000fce8
core   0: 0x8000ecec (0x303f2c23) sw      gp, 792(t5)
core   0: 3 0x8000ecec (0x303f2c23) mem 0x80010000 0x00000001
core   0: 0x8000ecf0 (0x0000bfe5) c.j     pc - 8
core   0: 3 0x8000ecf0 (0xbfe5)
core   0: 0x8000ece8 (0x00001f17) auipc   t5, 0x1
core   0: 3 0x8000ece8 (0x00001f17) x30 0x8000fce8
core   0: 0x8000ecec (0x303f2c23) sw      gp, 792(t5)
core   0: 3 0x8000ecec (0x303f2c23) mem 0x80010000 0x00000001
core   0: 0x8000ecf0 (0x0000bfe5) c.j     pc - 8
core   0: 3 0x8000ecf0 (0xbfe5)
core   0: 0x8000ece8 (0x00001f17) auipc   t5, 0x1
core   0: 3 0x8000ece8 (0x00001f17) x30 0x8000fce8
core   0: 0x8000ecec (0x303f2c23) sw      gp, 792(t5)
core   0: 3 0x8000ecec (0x303f2c23) mem 0x80010000 0x00000001
core   0: 0x8000ecf0 (0x0000bfe5) c.j     pc - 8
core   0: 3 0x8000ecf0 (0xbfe5)
core   0: 0x8000ece8 (0x00001f17) auipc   t5, 0x1
core   0: 3 0x8000ece8 (0x00001f17) x30 0x8000fce8
core   0: 0x8000ecec (0x303f2c23) sw      gp, 792(t5)
core   0: 3 0x8000ecec (0x303f2c23) mem 0x80010000 0x00000001
core   0: 0x8000ecf0 (0x0000bfe5) c.j     pc - 8
core   0: 3 0x8000ecf0 (0xbfe5)
core   0: 0x8000ece8 (0x00001f17) auipc   t5, 0x1
core   0: 3 0x8000ece8 (0x00001f17) x30 0x8000fce8
core   0: 0x8000ecec (0x303f2c23) sw      gp, 792(t5)
core   0: 3 0x8000ecec (0x303f2c23) mem 0x80010000 0x00000001
core   0: 0x8000ecf0 (0x0000bfe5) c.j     pc - 8
core   0: 3 0x8000ecf0 (0xbfe5)
core   0: 0x8000ece8 (0x00001f17) auipc   t5, 0x1
core   0: 3 0x8000ece8 (0x00001f17) x30 0x8000fce8
core   0: 0x8000ecec (0x303f2c23) sw      gp, 792(t5)
core   0: 3 0x8000ecec (0x303f2c23) mem 0x80010000 0x00000001
core   0: 0x8000ecf0 (0x0000bfe5) c.j     pc - 8
core   0: 3 0x8000ecf0 (0xbfe5)
core   0: 0x8000ece8 (0x00001f17) auipc   t5, 0x1
core   0: 3 0x8000ece8 (0x00001f17) x30 0x8000fce8
core   0: 0x8000ecec (0x303f2c23) sw      gp, 792(t5)
core   0: 3 0x8000ecec (0x303f2c23) mem 0x80010000 0x00000001
core   0: 0x8000ecf0 (0x0000bfe5) c.j     pc - 8
core   0: 3 0x8000ecf0 (0xbfe5)
core   0: 0x8000ece8 (0x00001f17) auipc   t5, 0x1
core   0: 3 0x8000ece8 (0x00001f17) x30 0x8000fce8
core   0: 0x8000ecec (0x303f2c23) sw      gp, 792(t5)
core   0: 3 0x8000ecec (0x303f2c23) mem 0x80010000 0x00000001
core   0: 0x8000ecf0 (0x0000bfe5) c.j     pc - 8
core   0: 3 0x8000ecf0 (0xbfe5)
core   0: 0x8000ece8 (0x00001f17) auipc   t5, 0x1
core   0: 3 0x8000ece8 (0x00001f17) x30 0x8000fce8
core   0: 0x8000ecec (0x303f2c23) sw      gp, 792(t5)
core   0: 3 0x8000ecec (0x303f2c23) mem 0x80010000 0x00000001
core   0: 0x8000ecf0 (0x0000bfe5) c.j     pc - 8
core   0: 3 0x8000ecf0 (0xbfe5)
core   0: 0x8000ece8 (0x00001f17) auipc   t5, 0x1
core   0: 3 0x8000ece8 (0x00001f17) x30 0x8000fce8
core   0: 0x8000ecec (0x303f2c23) sw      gp, 792(t5)
core   0: 3 0x8000ecec (0x303f2c23) mem 0x80010000 0x00000001
core   0: 0x8000ecf0 (0x0000bfe5) c.j     pc - 8
core   0: 3 0x8000ecf0 (0xbfe5)
core   0: 0x8000ece8 (0x00001f17) auipc   t5, 0x1
core   0: 3 0x8000ece8 (0x00001f17) x30 0x8000fce8
core   0: 0x8000ecec (0x303f2c23) sw      gp, 792(t5)
core   0: 3 0x8000ecec (0x303f2c23) mem 0x80010000 0x00000001
core   0: 0x8000ecf0 (0x0000bfe5) c.j     pc - 8
core   0: 3 0x8000ecf0 (0xbfe5)
core   0: 0x8000ece8 (0x00001f17) auipc   t5, 0x1
core   0: 3 0x8000ece8 (0x00001f17) x30 0x8000fce8
core   0: 0x8000ecec (0x303f2c23) sw      gp, 792(t5)
core   0: 3 0x8000ecec (0x303f2c23) mem 0x80010000 0x00000001
core   0: 0x8000ecf0 (0x0000bfe5) c.j     pc - 8
core   0: 3 0x8000ecf0 (0xbfe5)
core   0: 0x8000ece8 (0x00001f17) auipc   t5, 0x1
core   0: 3 0x8000ece8 (0x00001f17) x30 0x8000fce8
core   0: 0x8000ecec (0x303f2c23) sw      gp, 792(t5)
core   0: 3 0x8000ecec (0x303f2c23) mem 0x80010000 0x00000001
core   0: 0x8000ecf0 (0x0000bfe5) c.j     pc - 8
core   0: 3 0x8000ecf0 (0xbfe5)
core   0: 0x8000ece8 (0x00001f17) auipc   t5, 0x1
core   0: 3 0x8000ece8 (0x00001f17) x30 0x8000fce8
core   0: 0x8000ecec (0x303f2c23) sw      gp, 792(t5)
core   0: 3 0x8000ecec (0x303f2c23) mem 0x80010000 0x00000001
core   0: 0x8000ecf0 (0x0000bfe5) c.j     pc - 8
core   0: 3 0x8000ecf0 (0xbfe5)
core   0: 0x8000ece8 (0x00001f17) auipc   t5, 0x1
core   0: 3 0x8000ece8 (0x00001f17) x30 0x8000fce8
core   0: 0x8000ecec (0x303f2c23) sw      gp, 792(t5)
core   0: 3 0x8000ecec (0x303f2c23) mem 0x80010000 0x00000001
core   0: 0x8000ecf0 (0x0000bfe5) c.j     pc - 8
core   0: 3 0x8000ecf0 (0xbfe5)
core   0: 0x8000ece8 (0x00001f17) auipc   t5, 0x1
core   0: 3 0x8000ece8 (0x00001f17) x30 0x8000fce8
core   0: 0x8000ecec (0x303f2c23) sw      gp, 792(t5)
core   0: 3 0x8000ecec (0x303f2c23) mem 0x80010000 0x00000001
core   0: 0x8000ecf0 (0x0000bfe5) c.j     pc - 8
core   0: 3 0x8000ecf0 (0xbfe5)
core   0: 0x8000ece8 (0x00001f17) auipc   t5, 0x1
core   0: 3 0x8000ece8 (0x00001f17) x30 0x8000fce8
core   0: 0x8000ecec (0x303f2c23) sw      gp, 792(t5)
core   0: 3 0x8000ecec (0x303f2c23) mem 0x80010000 0x00000001
core   0: 0x8000ecf0 (0x0000bfe5) c.j     pc - 8
core   0: 3 0x8000ecf0 (0xbfe5)
core   0: 0x8000ece8 (0x00001f17) auipc   t5, 0x1
core   0: 3 0x8000ece8 (0x00001f17) x30 0x8000fce8
core   0: 0x8000ecec (0x303f2c23) sw      gp, 792(t5)
core   0: 3 0x8000ecec (0x303f2c23) mem 0x80010000 0x00000001
core   0: 0x8000ecf0 (0x0000bfe5) c.j     pc - 8
core   0: 3 0x8000ecf0 (0xbfe5)
core   0: 0x8000ece8 (0x00001f17) auipc   t5, 0x1
core   0: 3 0x8000ece8 (0x00001f17) x30 0x8000fce8
core   0: 0x8000ecec (0x303f2c23) sw      gp, 792(t5)
core   0: 3 0x8000ecec (0x303f2c23) mem 0x80010000 0x00000001
core   0: 0x8000ecf0 (0x0000bfe5) c.j     pc - 8
core   0: 3 0x8000ecf0 (0xbfe5)
core   0: 0x8000ece8 (0x00001f17) auipc   t5, 0x1
core   0: 3 0x8000ece8 (0x00001f17) x30 0x8000fce8
core   0: 0x8000ecec (0x303f2c23) sw      gp, 792(t5)
core   0: 3 0x8000ecec (0x303f2c23) mem 0x80010000 0x00000001
core   0: 0x8000ecf0 (0x0000bfe5) c.j     pc - 8
core   0: 3 0x8000ecf0 (0xbfe5)
core   0: 0x8000ece8 (0x00001f17) auipc   t5, 0x1
core   0: 3 0x8000ece8 (0x00001f17) x30 0x8000fce8
core   0: 0x8000ecec (0x303f2c23) sw      gp, 792(t5)
core   0: 3 0x8000ecec (0x303f2c23) mem 0x80010000 0x00000001
core   0: 0x8000ecf0 (0x0000bfe5) c.j     pc - 8
core   0: 3 0x8000ecf0 (0xbfe5)
core   0: 0x8000ece8 (0x00001f17) auipc   t5, 0x1
core   0: 3 0x8000ece8 (0x00001f17) x30 0x8000fce8
core   0: 0x8000ecec (0x303f2c23) sw      gp, 792(t5)
core   0: 3 0x8000ecec (0x303f2c23) mem 0x80010000 0x00000001
core   0: 0x8000ecf0 (0x0000bfe5) c.j     pc - 8
core   0: 3 0x8000ecf0 (0xbfe5)
core   0: 0x8000ece8 (0x00001f17) auipc   t5, 0x1
core   0: 3 0x8000ece8 (0x00001f17) x30 0x8000fce8
core   0: 0x8000ecec (0x303f2c23) sw      gp, 792(t5)
core   0: 3 0x8000ecec (0x303f2c23) mem 0x80010000 0x00000001
core   0: 0x8000ecf0 (0x0000bfe5) c.j     pc - 8
core   0: 3 0x8000ecf0 (0xbfe5)
core   0: 0x8000ece8 (0x00001f17) auipc   t5, 0x1
core   0: 3 0x8000ece8 (0x00001f17) x30 0x8000fce8
core   0: 0x8000ecec (0x303f2c23) sw      gp, 792(t5)
core   0: 3 0x8000ecec (0x303f2c23) mem 0x80010000 0x00000001
core   0: 0x8000ecf0 (0x0000bfe5) c.j     pc - 8
core   0: 3 0x8000ecf0 (0xbfe5)
core   0: 0x8000ece8 (0x00001f17) auipc   t5, 0x1
core   0: 3 0x8000ece8 (0x00001f17) x30 0x8000fce8
core   0: 0x8000ecec (0x303f2c23) sw      gp, 792(t5)
core   0: 3 0x8000ecec (0x303f2c23) mem 0x80010000 0x00000001
core   0: 0x8000ecf0 (0x0000bfe5) c.j     pc - 8
core   0: 3 0x8000ecf0 (0xbfe5)
core   0: 0x8000ece8 (0x00001f17) auipc   t5, 0x1
core   0: 3 0x8000ece8 (0x00001f17) x30 0x8000fce8
core   0: 0x8000ecec (0x303f2c23) sw      gp, 792(t5)
core   0: 3 0x8000ecec (0x303f2c23) mem 0x80010000 0x00000001
core   0: 0x8000ecf0 (0x0000bfe5) c.j     pc - 8
core   0: 3 0x8000ecf0 (0xbfe5)
core   0: 0x8000ece8 (0x00001f17) auipc   t5, 0x1
core   0: 3 0x8000ece8 (0x00001f17) x30 0x8000fce8
core   0: 0x8000ecec (0x303f2c23) sw      gp, 792(t5)
core   0: 3 0x8000ecec (0x303f2c23) mem 0x80010000 0x00000001
core   0: 0x8000ecf0 (0x0000bfe5) c.j     pc - 8
core   0: 3 0x8000ecf0 (0xbfe5)
core   0: 0x8000ece8 (0x00001f17) auipc   t5, 0x1
core   0: 3 0x8000ece8 (0x00001f17) x30 0x8000fce8
core   0: 0x8000ecec (0x303f2c23) sw      gp, 792(t5)
core   0: 3 0x8000ecec (0x303f2c23) mem 0x80010000 0x00000001
core   0: 0x8000ecf0 (0x0000bfe5) c.j     pc - 8
core   0: 3 0x8000ecf0 (0xbfe5)
core   0: 0x8000ece8 (0x00001f17) auipc   t5, 0x1
core   0: 3 0x8000ece8 (0x00001f17) x30 0x8000fce8
core   0: 0x8000ecec (0x303f2c23) sw      gp, 792(t5)
core   0: 3 0x8000ecec (0x303f2c23) mem 0x80010000 0x00000001
core   0: 0x8000ecf0 (0x0000bfe5) c.j     pc - 8
core   0: 3 0x8000ecf0 (0xbfe5)
core   0: 0x8000ece8 (0x00001f17) auipc   t5, 0x1
core   0: 3 0x8000ece8 (0x00001f17) x30 0x8000fce8
core   0: 0x8000ecec (0x303f2c23) sw      gp, 792(t5)
core   0: 3 0x8000ecec (0x303f2c23) mem 0x80010000 0x00000001
core   0: 0x8000ecf0 (0x0000bfe5) c.j     pc - 8
core   0: 3 0x8000ecf0 (0xbfe5)
core   0: 0x8000ece8 (0x00001f17) auipc   t5, 0x1
core   0: 3 0x8000ece8 (0x00001f17) x30 0x8000fce8
core   0: 0x8000ecec (0x303f2c23) sw      gp, 792(t5)
core   0: 3 0x8000ecec (0x303f2c23) mem 0x80010000 0x00000001
core   0: 0x8000ecf0 (0x0000bfe5) c.j     pc - 8
core   0: 3 0x8000ecf0 (0xbfe5)
core   0: 0x8000ece8 (0x00001f17) auipc   t5, 0x1
core   0: 3 0x8000ece8 (0x00001f17) x30 0x8000fce8
core   0: 0x8000ecec (0x303f2c23) sw      gp, 792(t5)
core   0: 3 0x8000ecec (0x303f2c23) mem 0x80010000 0x00000001
core   0: 0x8000ecf0 (0x0000bfe5) c.j     pc - 8
core   0: 3 0x8000ecf0 (0xbfe5)
core   0: 0x8000ece8 (0x00001f17) auipc   t5, 0x1
core   0: 3 0x8000ece8 (0x00001f17) x30 0x8000fce8
core   0: 0x8000ecec (0x303f2c23) sw      gp, 792(t5)
core   0: 3 0x8000ecec (0x303f2c23) mem 0x80010000 0x00000001
core   0: 0x8000ecf0 (0x0000bfe5) c.j     pc - 8
core   0: 3 0x8000ecf0 (0xbfe5)
core   0: 0x8000ece8 (0x00001f17) auipc   t5, 0x1
core   0: 3 0x8000ece8 (0x00001f17) x30 0x8000fce8
core   0: 0x8000ecec (0x303f2c23) sw      gp, 792(t5)
core   0: 3 0x8000ecec (0x303f2c23) mem 0x80010000 0x00000001
core   0: 0x8000ecf0 (0x0000bfe5) c.j     pc - 8
core   0: 3 0x8000ecf0 (0xbfe5)
core   0: 0x8000ece8 (0x00001f17) auipc   t5, 0x1
core   0: 3 0x8000ece8 (0x00001f17) x30 0x8000fce8
core   0: 0x8000ecec (0x303f2c23) sw      gp, 792(t5)
core   0: 3 0x8000ecec (0x303f2c23) mem 0x80010000 0x00000001
core   0: 0x8000ecf0 (0x0000bfe5) c.j     pc - 8
core   0: 3 0x8000ecf0 (0xbfe5)
core   0: 0x8000ece8 (0x00001f17) auipc   t5, 0x1
core   0: 3 0x8000ece8 (0x00001f17) x30 0x8000fce8
core   0: 0x8000ecec (0x303f2c23) sw      gp, 792(t5)
core   0: 3 0x8000ecec (0x303f2c23) mem 0x80010000 0x00000001
core   0: 0x8000ecf0 (0x0000bfe5) c.j     pc - 8
core   0: 3 0x8000ecf0 (0xbfe5)
core   0: 0x8000ece8 (0x00001f17) auipc   t5, 0x1
core   0: 3 0x8000ece8 (0x00001f17) x30 0x8000fce8
core   0: 0x8000ecec (0x303f2c23) sw      gp, 792(t5)
core   0: 3 0x8000ecec (0x303f2c23) mem 0x80010000 0x00000001
core   0: 0x8000ecf0 (0x0000bfe5) c.j     pc - 8
core   0: 3 0x8000ecf0 (0xbfe5)
core   0: 0x8000ece8 (0x00001f17) auipc   t5, 0x1
core   0: 3 0x8000ece8 (0x00001f17) x30 0x8000fce8
core   0: 0x8000ecec (0x303f2c23) sw      gp, 792(t5)
core   0: 3 0x8000ecec (0x303f2c23) mem 0x80010000 0x00000001
core   0: 0x8000ecf0 (0x0000bfe5) c.j     pc - 8
core   0: 3 0x8000ecf0 (0xbfe5)
core   0: 0x8000ece8 (0x00001f17) auipc   t5, 0x1
core   0: 3 0x8000ece8 (0x00001f17) x30 0x8000fce8
core   0: 0x8000ecec (0x303f2c23) sw      gp, 792(t5)
core   0: 3 0x8000ecec (0x303f2c23) mem 0x80010000 0x00000001
core   0: 0x8000ecf0 (0x0000bfe5) c.j     pc - 8
core   0: 3 0x8000ecf0 (0xbfe5)
core   0: 0x8000ece8 (0x00001f17) auipc   t5, 0x1
core   0: 3 0x8000ece8 (0x00001f17) x30 0x8000fce8
core   0: 0x8000ecec (0x303f2c23) sw      gp, 792(t5)
core   0: 3 0x8000ecec (0x303f2c23) mem 0x80010000 0x00000001
core   0: 0x8000ecf0 (0x0000bfe5) c.j     pc - 8
core   0: 3 0x8000ecf0 (0xbfe5)
core   0: 0x8000ece8 (0x00001f17) auipc   t5, 0x1
core   0: 3 0x8000ece8 (0x00001f17) x30 0x8000fce8
core   0: 0x8000ecec (0x303f2c23) sw      gp, 792(t5)
core   0: 3 0x8000ecec (0x303f2c23) mem 0x80010000 0x00000001
core   0: 0x8000ecf0 (0x0000bfe5) c.j     pc - 8
core   0: 3 0x8000ecf0 (0xbfe5)
core   0: 0x8000ece8 (0x00001f17) auipc   t5, 0x1
core   0: 3 0x8000ece8 (0x00001f17) x30 0x8000fce8
core   0: 0x8000ecec (0x303f2c23) sw      gp, 792(t5)
core   0: 3 0x8000ecec (0x303f2c23) mem 0x80010000 0x00000001
core   0: 0x8000ecf0 (0x0000bfe5) c.j     pc - 8
core   0: 3 0x8000ecf0 (0xbfe5)
core   0: 0x8000ece8 (0x00001f17) auipc   t5, 0x1
core   0: 3 0x8000ece8 (0x00001f17) x30 0x8000fce8
core   0: 0x8000ecec (0x303f2c23) sw      gp, 792(t5)
core   0: 3 0x8000ecec (0x303f2c23) mem 0x80010000 0x00000001
core   0: 0x8000ecf0 (0x0000bfe5) c.j     pc - 8
core   0: 3 0x8000ecf0 (0xbfe5)
core   0: 0x8000ece8 (0x00001f17) auipc   t5, 0x1
core   0: 3 0x8000ece8 (0x00001f17) x30 0x8000fce8
core   0: 0x8000ecec (0x303f2c23) sw      gp, 792(t5)
core   0: 3 0x8000ecec (0x303f2c23) mem 0x80010000 0x00000001
core   0: 0x8000ecf0 (0x0000bfe5) c.j     pc - 8
core   0: 3 0x8000ecf0 (0xbfe5)
core   0: 0x8000ece8 (0x00001f17) auipc   t5, 0x1
core   0: 3 0x8000ece8 (0x00001f17) x30 0x8000fce8
core   0: 0x8000ecec (0x303f2c23) sw      gp, 792(t5)
core   0: 3 0x8000ecec (0x303f2c23) mem 0x80010000 0x00000001
core   0: 0x8000ecf0 (0x0000bfe5) c.j     pc - 8
core   0: 3 0x8000ecf0 (0xbfe5)
core   0: 0x8000ece8 (0x00001f17) auipc   t5, 0x1
core   0: 3 0x8000ece8 (0x00001f17) x30 0x8000fce8
core   0: 0x8000ecec (0x303f2c23) sw      gp, 792(t5)
core   0: 3 0x8000ecec (0x303f2c23) mem 0x80010000 0x00000001
core   0: 0x8000ecf0 (0x0000bfe5) c.j     pc - 8
core   0: 3 0x8000ecf0 (0xbfe5)
core   0: 0x8000ece8 (0x00001f17) auipc   t5, 0x1
core   0: 3 0x8000ece8 (0x00001f17) x30 0x8000fce8
core   0: 0x8000ecec (0x303f2c23) sw      gp, 792(t5)
core   0: 3 0x8000ecec (0x303f2c23) mem 0x80010000 0x00000001
core   0: 0x8000ecf0 (0x0000bfe5) c.j     pc - 8
core   0: 3 0x8000ecf0 (0xbfe5)
core   0: 0x8000ece8 (0x00001f17) auipc   t5, 0x1
core   0: 3 0x8000ece8 (0x00001f17) x30 0x8000fce8
core   0: 0x8000ecec (0x303f2c23) sw      gp, 792(t5)
core   0: 3 0x8000ecec (0x303f2c23) mem 0x80010000 0x00000001
core   0: 0x8000ecf0 (0x0000bfe5) c.j     pc - 8
core   0: 3 0x8000ecf0 (0xbfe5)
core   0: 0x8000ece8 (0x00001f17) auipc   t5, 0x1
core   0: 3 0x8000ece8 (0x00001f17) x30 0x8000fce8
core   0: 0x8000ecec (0x303f2c23) sw      gp, 792(t5)
core   0: 3 0x8000ecec (0x303f2c23) mem 0x80010000 0x00000001
core   0: 0x8000ecf0 (0x0000bfe5) c.j     pc - 8
core   0: 3 0x8000ecf0 (0xbfe5)
core   0: 0x8000ece8 (0x00001f17) auipc   t5, 0x1
core   0: 3 0x8000ece8 (0x00001f17) x30 0x8000fce8
core   0: 0x8000ecec (0x303f2c23) sw      gp, 792(t5)
core   0: 3 0x8000ecec (0x303f2c23) mem 0x80010000 0x00000001
core   0: 0x8000ecf0 (0x0000bfe5) c.j     pc - 8
core   0: 3 0x8000ecf0 (0xbfe5)
core   0: 0x8000ece8 (0x00001f17) auipc   t5, 0x1
core   0: 3 0x8000ece8 (0x00001f17) x30 0x8000fce8
core   0: 0x8000ecec (0x303f2c23) sw      gp, 792(t5)
core   0: 3 0x8000ecec (0x303f2c23) mem 0x80010000 0x00000001
core   0: 0x8000ecf0 (0x0000bfe5) c.j     pc - 8
core   0: 3 0x8000ecf0 (0xbfe5)
core   0: 0x8000ece8 (0x00001f17) auipc   t5, 0x1
core   0: 3 0x8000ece8 (0x00001f17) x30 0x8000fce8
core   0: 0x8000ecec (0x303f2c23) sw      gp, 792(t5)
core   0: 3 0x8000ecec (0x303f2c23) mem 0x80010000 0x00000001
core   0: 0x8000ecf0 (0x0000bfe5) c.j     pc - 8
core   0: 3 0x8000ecf0 (0xbfe5)
core   0: 0x8000ece8 (0x00001f17) auipc   t5, 0x1
core   0: 3 0x8000ece8 (0x00001f17) x30 0x8000fce8
core   0: 0x8000ecec (0x303f2c23) sw      gp, 792(t5)
core   0: 3 0x8000ecec (0x303f2c23) mem 0x80010000 0x00000001
core   0: 0x8000ecf0 (0x0000bfe5) c.j     pc - 8
core   0: 3 0x8000ecf0 (0xbfe5)
core   0: 0x8000ece8 (0x00001f17) auipc   t5, 0x1
core   0: 3 0x8000ece8 (0x00001f17) x30 0x8000fce8
core   0: 0x8000ecec (0x303f2c23) sw      gp, 792(t5)
core   0: 3 0x8000ecec (0x303f2c23) mem 0x80010000 0x00000001
core   0: 0x8000ecf0 (0x0000bfe5) c.j     pc - 8
core   0: 3 0x8000ecf0 (0xbfe5)
core   0: 0x8000ece8 (0x00001f17) auipc   t5, 0x1
core   0: 3 0x8000ece8 (0x00001f17) x30 0x8000fce8
core   0: 0x8000ecec (0x303f2c23) sw      gp, 792(t5)
core   0: 3 0x8000ecec (0x303f2c23) mem 0x80010000 0x00000001
core   0: 0x8000ecf0 (0x0000bfe5) c.j     pc - 8
core   0: 3 0x8000ecf0 (0xbfe5)
core   0: 0x8000ece8 (0x00001f17) auipc   t5, 0x1
core   0: 3 0x8000ece8 (0x00001f17) x30 0x8000fce8
core   0: 0x8000ecec (0x303f2c23) sw      gp, 792(t5)
core   0: 3 0x8000ecec (0x303f2c23) mem 0x80010000 0x00000001
core   0: 0x8000ecf0 (0x0000bfe5) c.j     pc - 8
core   0: 3 0x8000ecf0 (0xbfe5)
core   0: 0x8000ece8 (0x00001f17) auipc   t5, 0x1
core   0: 3 0x8000ece8 (0x00001f17) x30 0x8000fce8
core   0: 0x8000ecec (0x303f2c23) sw      gp, 792(t5)
core   0: 3 0x8000ecec (0x303f2c23) mem 0x80010000 0x00000001
core   0: 0x8000ecf0 (0x0000bfe5) c.j     pc - 8
core   0: 3 0x8000ecf0 (0xbfe5)
core   0: 0x8000ece8 (0x00001f17) auipc   t5, 0x1
core   0: 3 0x8000ece8 (0x00001f17) x30 0x8000fce8
core   0: 0x8000ecec (0x303f2c23) sw      gp, 792(t5)
core   0: 3 0x8000ecec (0x303f2c23) mem 0x80010000 0x00000001
core   0: 0x8000ecf0 (0x0000bfe5) c.j     pc - 8
core   0: 3 0x8000ecf0 (0xbfe5)
core   0: 0x8000ece8 (0x00001f17) auipc   t5, 0x1
core   0: 3 0x8000ece8 (0x00001f17) x30 0x8000fce8
core   0: 0x8000ecec (0x303f2c23) sw      gp, 792(t5)
core   0: 3 0x8000ecec (0x303f2c23) mem 0x80010000 0x00000001
core   0: 0x8000ecf0 (0x0000bfe5) c.j     pc - 8
core   0: 3 0x8000ecf0 (0xbfe5)
core   0: 0x8000ece8 (0x00001f17) auipc   t5, 0x1
core   0: 3 0x8000ece8 (0x00001f17) x30 0x8000fce8
core   0: 0x8000ecec (0x303f2c23) sw      gp, 792(t5)
core   0: 3 0x8000ecec (0x303f2c23) mem 0x80010000 0x00000001
core   0: 0x8000ecf0 (0x0000bfe5) c.j     pc - 8
core   0: 3 0x8000ecf0 (0xbfe5)
core   0: 0x8000ece8 (0x00001f17) auipc   t5, 0x1
core   0: 3 0x8000ece8 (0x00001f17) x30 0x8000fce8
core   0: 0x8000ecec (0x303f2c23) sw      gp, 792(t5)
core   0: 3 0x8000ecec (0x303f2c23) mem 0x80010000 0x00000001
core   0: 0x8000ecf0 (0x0000bfe5) c.j     pc - 8
core   0: 3 0x8000ecf0 (0xbfe5)
core   0: 0x8000ece8 (0x00001f17) auipc   t5, 0x1
core   0: 3 0x8000ece8 (0x00001f17) x30 0x8000fce8
core   0: 0x8000ecec (0x303f2c23) sw      gp, 792(t5)
core   0: 3 0x8000ecec (0x303f2c23) mem 0x80010000 0x00000001
core   0: 0x8000ecf0 (0x0000bfe5) c.j     pc - 8
core   0: 3 0x8000ecf0 (0xbfe5)
core   0: 0x8000ece8 (0x00001f17) auipc   t5, 0x1
core   0: 3 0x8000ece8 (0x00001f17) x30 0x8000fce8
core   0: 0x8000ecec (0x303f2c23) sw      gp, 792(t5)
core   0: 3 0x8000ecec (0x303f2c23) mem 0x80010000 0x00000001
core   0: 0x8000ecf0 (0x0000bfe5) c.j     pc - 8
core   0: 3 0x8000ecf0 (0xbfe5)
core   0: 0x8000ece8 (0x00001f17) auipc   t5, 0x1
core   0: 3 0x8000ece8 (0x00001f17) x30 0x8000fce8
core   0: 0x8000ecec (0x303f2c23) sw      gp, 792(t5)
core   0: 3 0x8000ecec (0x303f2c23) mem 0x80010000 0x00000001
core   0: 0x8000ecf0 (0x0000bfe5) c.j     pc - 8
core   0: 3 0x8000ecf0 (0xbfe5)
core   0: 0x8000ece8 (0x00001f17) auipc   t5, 0x1
core   0: 3 0x8000ece8 (0x00001f17) x30 0x8000fce8
core   0: 0x8000ecec (0x303f2c23) sw      gp, 792(t5)
core   0: 3 0x8000ecec (0x303f2c23) mem 0x80010000 0x00000001
core   0: 0x8000ecf0 (0x0000bfe5) c.j     pc - 8
core   0: 3 0x8000ecf0 (0xbfe5)
core   0: 0x8000ece8 (0x00001f17) auipc   t5, 0x1
core   0: 3 0x8000ece8 (0x00001f17) x30 0x8000fce8
core   0: 0x8000ecec (0x303f2c23) sw      gp, 792(t5)
core   0: 3 0x8000ecec (0x303f2c23) mem 0x80010000 0x00000001
core   0: 0x8000ecf0 (0x0000bfe5) c.j     pc - 8
core   0: 3 0x8000ecf0 (0xbfe5)
core   0: 0x8000ece8 (0x00001f17) auipc   t5, 0x1
core   0: 3 0x8000ece8 (0x00001f17) x30 0x8000fce8
core   0: 0x8000ecec (0x303f2c23) sw      gp, 792(t5)
core   0: 3 0x8000ecec (0x303f2c23) mem 0x80010000 0x00000001
core   0: 0x8000ecf0 (0x0000bfe5) c.j     pc - 8
core   0: 3 0x8000ecf0 (0xbfe5)
core   0: 0x8000ece8 (0x00001f17) auipc   t5, 0x1
core   0: 3 0x8000ece8 (0x00001f17) x30 0x8000fce8
core   0: 0x8000ecec (0x303f2c23) sw      gp, 792(t5)
core   0: 3 0x8000ecec (0x303f2c23) mem 0x80010000 0x00000001
core   0: 0x8000ecf0 (0x0000bfe5) c.j     pc - 8
core   0: 3 0x8000ecf0 (0xbfe5)
core   0: 0x8000ece8 (0x00001f17) auipc   t5, 0x1
core   0: 3 0x8000ece8 (0x00001f17) x30 0x8000fce8
core   0: 0x8000ecec (0x303f2c23) sw      gp, 792(t5)
core   0: 3 0x8000ecec (0x303f2c23) mem 0x80010000 0x00000001
core   0: 0x8000ecf0 (0x0000bfe5) c.j     pc - 8
core   0: 3 0x8000ecf0 (0xbfe5)
core   0: 0x8000ece8 (0x00001f17) auipc   t5, 0x1
core   0: 3 0x8000ece8 (0x00001f17) x30 0x8000fce8
core   0: 0x8000ecec (0x303f2c23) sw      gp, 792(t5)
core   0: 3 0x8000ecec (0x303f2c23) mem 0x80010000 0x00000001
core   0: 0x8000ecf0 (0x0000bfe5) c.j     pc - 8
core   0: 3 0x8000ecf0 (0xbfe5)
core   0: 0x8000ece8 (0x00001f17) auipc   t5, 0x1
core   0: 3 0x8000ece8 (0x00001f17) x30 0x8000fce8
core   0: 0x8000ecec (0x303f2c23) sw      gp, 792(t5)
core   0: 3 0x8000ecec (0x303f2c23) mem 0x80010000 0x00000001
core   0: 0x8000ecf0 (0x0000bfe5) c.j     pc - 8
core   0: 3 0x8000ecf0 (0xbfe5)
core   0: 0x8000ece8 (0x00001f17) auipc   t5, 0x1
core   0: 3 0x8000ece8 (0x00001f17) x30 0x8000fce8
core   0: 0x8000ecec (0x303f2c23) sw      gp, 792(t5)
core   0: 3 0x8000ecec (0x303f2c23) mem 0x80010000 0x00000001
core   0: 0x8000ecf0 (0x0000bfe5) c.j     pc - 8
core   0: 3 0x8000ecf0 (0xbfe5)
core   0: 0x8000ece8 (0x00001f17) auipc   t5, 0x1
core   0: 3 0x8000ece8 (0x00001f17) x30 0x8000fce8
core   0: 0x8000ecec (0x303f2c23) sw      gp, 792(t5)
core   0: 3 0x8000ecec (0x303f2c23) mem 0x80010000 0x00000001
core   0: 0x8000ecf0 (0x0000bfe5) c.j     pc - 8
core   0: 3 0x8000ecf0 (0xbfe5)
core   0: 0x8000ece8 (0x00001f17) auipc   t5, 0x1
core   0: 3 0x8000ece8 (0x00001f17) x30 0x8000fce8
core   0: 0x8000ecec (0x303f2c23) sw      gp, 792(t5)
core   0: 3 0x8000ecec (0x303f2c23) mem 0x80010000 0x00000001
core   0: 0x8000ecf0 (0x0000bfe5) c.j     pc - 8
core   0: 3 0x8000ecf0 (0xbfe5)
core   0: 0x8000ece8 (0x00001f17) auipc   t5, 0x1
core   0: 3 0x8000ece8 (0x00001f17) x30 0x8000fce8
core   0: 0x8000ecec (0x303f2c23) sw      gp, 792(t5)
core   0: 3 0x8000ecec (0x303f2c23) mem 0x80010000 0x00000001
core   0: 0x8000ecf0 (0x0000bfe5) c.j     pc - 8
core   0: 3 0x8000ecf0 (0xbfe5)
core   0: 0x8000ece8 (0x00001f17) auipc   t5, 0x1
core   0: 3 0x8000ece8 (0x00001f17) x30 0x8000fce8
core   0: 0x8000ecec (0x303f2c23) sw      gp, 792(t5)
core   0: 3 0x8000ecec (0x303f2c23) mem 0x80010000 0x00000001
core   0: 0x8000ecf0 (0x0000bfe5) c.j     pc - 8
core   0: 3 0x8000ecf0 (0xbfe5)
core   0: 0x8000ece8 (0x00001f17) auipc   t5, 0x1
core   0: 3 0x8000ece8 (0x00001f17) x30 0x8000fce8
core   0: 0x8000ecec (0x303f2c23) sw      gp, 792(t5)
core   0: 3 0x8000ecec (0x303f2c23) mem 0x80010000 0x00000001
core   0: 0x8000ecf0 (0x0000bfe5) c.j     pc - 8
core   0: 3 0x8000ecf0 (0xbfe5)
core   0: 0x8000ece8 (0x00001f17) auipc   t5, 0x1
core   0: 3 0x8000ece8 (0x00001f17) x30 0x8000fce8
core   0: 0x8000ecec (0x303f2c23) sw      gp, 792(t5)
core   0: 3 0x8000ecec (0x303f2c23) mem 0x80010000 0x00000001
core   0: 0x8000ecf0 (0x0000bfe5) c.j     pc - 8
core   0: 3 0x8000ecf0 (0xbfe5)
core   0: 0x8000ece8 (0x00001f17) auipc   t5, 0x1
core   0: 3 0x8000ece8 (0x00001f17) x30 0x8000fce8
core   0: 0x8000ecec (0x303f2c23) sw      gp, 792(t5)
core   0: 3 0x8000ecec (0x303f2c23) mem 0x80010000 0x00000001
core   0: 0x8000ecf0 (0x0000bfe5) c.j     pc - 8
core   0: 3 0x8000ecf0 (0xbfe5)
core   0: 0x8000ece8 (0x00001f17) auipc   t5, 0x1
core   0: 3 0x8000ece8 (0x00001f17) x30 0x8000fce8
core   0: 0x8000ecec (0x303f2c23) sw      gp, 792(t5)
core   0: 3 0x8000ecec (0x303f2c23) mem 0x80010000 0x00000001
core   0: 0x8000ecf0 (0x0000bfe5) c.j     pc - 8
core   0: 3 0x8000ecf0 (0xbfe5)
core   0: 0x8000ece8 (0x00001f17) auipc   t5, 0x1
core   0: 3 0x8000ece8 (0x00001f17) x30 0x8000fce8
core   0: 0x8000ecec (0x303f2c23) sw      gp, 792(t5)
core   0: 3 0x8000ecec (0x303f2c23) mem 0x80010000 0x00000001
core   0: 0x8000ecf0 (0x0000bfe5) c.j     pc - 8
core   0: 3 0x8000ecf0 (0xbfe5)
core   0: 0x8000ece8 (0x00001f17) auipc   t5, 0x1
core   0: 3 0x8000ece8 (0x00001f17) x30 0x8000fce8
core   0: 0x8000ecec (0x303f2c23) sw      gp, 792(t5)
core   0: 3 0x8000ecec (0x303f2c23) mem 0x80010000 0x00000001
