core   0: 0x00001000 (0x00000297) auipc   t0, 0x0
core   0: 3 0x00001000 (0x00000297) x 5 0x00001000
core   0: 0x00001004 (0x02028593) addi    a1, t0, 32
core   0: 3 0x00001004 (0x02028593) x11 0x00001020
core   0: 0x00001008 (0xf1402573) csrr    a0, mhartid
core   0: 3 0x00001008 (0xf1402573) x10 0x00000000
core   0: 0x0000100c (0x0182a283) lw      t0, 24(t0)
core   0: 3 0x0000100c (0x0182a283) x 5 0x80000000 mem 0x00001018
core   0: 0x00001010 (0x00028067) jr      t0
core   0: 3 0x00001010 (0x00028067)
core   0: 0x80000000 (0xf14022f3) csrr    t0, mhartid
core   0: 3 0x80000000 (0xf14022f3) x 5 0x00000000
core   0: 0x80000004 (0x00004301) c.li    t1, 0
core   0: 3 0x80000004 (0x4301) x 6 0x00000000
core   0: 0x80000006 (0x00628263) beq     t0, t1, pc + 4
core   0: 3 0x80000006 (0x00628263)
core   0: 0x8000000a (0x00000797) auipc   a5, 0x0
core   0: 3 0x8000000a (0x00000797) x15 0x8000000a
core   0: 0x8000000e (0x00c78793) addi    a5, a5, 12
core   0: 3 0x8000000e (0x00c78793) x15 0x80000016
core   0: 0x80000012 (0x00078067) jr      a5
core   0: 3 0x80000012 (0x00078067)
core   0: 0x80000016 (0x400016b7) lui     a3, 0x40001
core   0: 3 0x80000016 (0x400016b7) x13 0x40001000
core   0: 0x8000001a (0x10468693) addi    a3, a3, 260
core   0: 3 0x8000001a (0x10468693) x13 0x40001104
core   0: 0x8000001e (0x30169073) csrw    misa, a3
core   0: 3 0x8000001e (0x30169073) c769_misa 0x40141104
core   0: 0x80000022 (0x00027117) auipc   sp, 0x27
core   0: 3 0x80000022 (0x00027117) x 2 0x80027022
core   0: 0x80000026 (0xcc210113) addi    sp, sp, -830
core   0: 3 0x80000026 (0xcc210113) x 2 0x80026ce4
core   0: 0x8000002a (0x0000c697) auipc   a3, 0xc
core   0: 3 0x8000002a (0x0000c697) x13 0x8000c02a
core   0: 0x8000002e (0x6e668693) addi    a3, a3, 1766
core   0: 3 0x8000002e (0x6e668693) x13 0x8000c710
core   0: 0x80000032 (0x0016e693) ori     a3, a3, 1
core   0: 3 0x80000032 (0x0016e693) x13 0x8000c711
core   0: 0x80000036 (0x30569073) csrw    mtvec, a3
core   0: 3 0x80000036 (0x30569073) c773_mtvec 0x8000c711
core   0: 0x8000003a (0x00000697) auipc   a3, 0x0
core   0: 3 0x8000003a (0x00000697) x13 0x8000003a
core   0: 0x8000003e (0x02468693) addi    a3, a3, 36
core   0: 3 0x8000003e (0x02468693) x13 0x8000005e
core   0: 0x80000042 (0x34169073) csrw    mepc, a3
core   0: 3 0x80000042 (0x34169073) c833_mepc 0x8000005e
core   0: 0x80000046 (0x00000001) c.nop
core   0: 3 0x80000046 (0x0001)
core   0: 0x80000048 (0x000026b7) lui     a3, 0x2
core   0: 3 0x80000048 (0x000026b7) x13 0x00002000
core   0: 0x8000004c (0x80068693) addi    a3, a3, -2048
core   0: 3 0x8000004c (0x80068693) x13 0x00001800
core   0: 0x80000050 (0x30069073) csrw    mstatus, a3
core   0: 3 0x80000050 (0x30069073) c768_mstatus 0x00001800
core   0: 0x80000054 (0x00004681) c.li    a3, 0
core   0: 3 0x80000054 (0x4681) x13 0x00000000
core   0: 0x80000056 (0x30469073) csrw    mie, a3
core   0: 3 0x80000056 (0x30469073) c772_mie 0x00000000
core   0: 0x8000005a (0x30200073) mret
core   0: 3 0x8000005a (0x30200073) c768_mstatus 0x00000080
core   0: >>>>  init
core   0: 0x8000005e (0x103a2037) lui     zero, 0x103a2
core   0: 3 0x8000005e (0x103a2037)
core   0: 0x80000062 (0x13000013) li      zero, 304
core   0: 3 0x80000062 (0x13000013)
core   0: 0x80000066 (0x000040b1) c.li    ra, 12
core   0: 3 0x80000066 (0x40b1) x 1 0x0000000c
core   0: 0x80000068 (0xffdb51b7) lui     gp, 0xffdb5
core   0: 3 0x80000068 (0xffdb51b7) x 3 0xffdb5000
core   0: 0x8000006c (0x6ff18193) addi    gp, gp, 1791
core   0: 3 0x8000006c (0x6ff18193) x 3 0xffdb56ff
core   0: 0x80000070 (0xf2260237) lui     tp, 0xf2260
core   0: 3 0x80000070 (0xf2260237) x 4 0xf2260000
core   0: 0x80000074 (0xa6420213) addi    tp, tp, -1436
core   0: 3 0x80000074 (0xa6420213) x 4 0xf225fa64
core   0: 0x80000078 (0xfcd3d2b7) lui     t0, 0xfcd3d
core   0: 3 0x80000078 (0xfcd3d2b7) x 5 0xfcd3d000
core   0: 0x8000007c (0x97928293) addi    t0, t0, -1671
core   0: 3 0x8000007c (0x97928293) x 5 0xfcd3c979
core   0: 0x80000080 (0x00004339) c.li    t1, 14
core   0: 3 0x80000080 (0x4339) x 6 0x0000000e
core   0: 0x80000082 (0xf89db3b7) lui     t2, 0xf89db
core   0: 3 0x80000082 (0xf89db3b7) x 7 0xf89db000
core   0: 0x80000086 (0x4f138393) addi    t2, t2, 1265
core   0: 3 0x80000086 (0x4f138393) x 7 0xf89db4f1
core   0: 0x8000008a (0xf3f4e437) lui     s0, 0xf3f4e
core   0: 3 0x8000008a (0xf3f4e437) x 8 0xf3f4e000
core   0: 0x8000008e (0x04740413) addi    s0, s0, 71
core   0: 3 0x8000008e (0x04740413) x 8 0xf3f4e047
core   0: 0x80000092 (0x00004481) c.li    s1, 0
core   0: 3 0x80000092 (0x4481) x 9 0x00000000
core   0: 0x80000094 (0xfae3a537) lui     a0, 0xfae3a
core   0: 3 0x80000094 (0xfae3a537) x10 0xfae3a000
core   0: 0x80000098 (0x2f550513) addi    a0, a0, 757
core   0: 3 0x80000098 (0x2f550513) x10 0xfae3a2f5
core   0: 0x8000009c (0x00004581) c.li    a1, 0
core   0: 3 0x8000009c (0x4581) x11 0x00000000
core   0: 0x8000009e (0xfc6bb637) lui     a2, 0xfc6bb
core   0: 3 0x8000009e (0xfc6bb637) x12 0xfc6bb000
core   0: 0x800000a2 (0x8f860613) addi    a2, a2, -1800
core   0: 3 0x800000a2 (0x8f860613) x12 0xfc6ba8f8
core   0: 0x800000a6 (0x00004681) c.li    a3, 0
core   0: 3 0x800000a6 (0x4681) x13 0x00000000
core   0: 0x800000a8 (0x5977a737) lui     a4, 0x5977a
core   0: 3 0x800000a8 (0x5977a737) x14 0x5977a000
core   0: 0x800000ac (0x5c270713) addi    a4, a4, 1474
core   0: 3 0x800000ac (0x5c270713) x14 0x5977a5c2
core   0: 0x800000b0 (0x00004781) c.li    a5, 0
core   0: 3 0x800000b0 (0x4781) x15 0x00000000
core   0: 0x800000b2 (0x00004801) c.li    a6, 0
core   0: 3 0x800000b2 (0x4801) x16 0x00000000
core   0: 0x800000b4 (0x00004881) c.li    a7, 0
core   0: 3 0x800000b4 (0x4881) x17 0x00000000
core   0: 0x800000b6 (0x00004901) c.li    s2, 0
core   0: 3 0x800000b6 (0x4901) x18 0x00000000
core   0: 0x800000b8 (0xf5f499b7) lui     s3, 0xf5f49
core   0: 3 0x800000b8 (0xf5f499b7) x19 0xf5f49000
core   0: 0x800000bc (0x84b98993) addi    s3, s3, -1973
core   0: 3 0x800000bc (0x84b98993) x19 0xf5f4884b
core   0: 0x800000c0 (0x48e2da37) lui     s4, 0x48e2d
core   0: 3 0x800000c0 (0x48e2da37) x20 0x48e2d000
core   0: 0x800000c4 (0x7a1a0a13) addi    s4, s4, 1953
core   0: 3 0x800000c4 (0x7a1a0a13) x20 0x48e2d7a1
core   0: 0x800000c8 (0x04ab8ab7) lui     s5, 0x4ab8
core   0: 3 0x800000c8 (0x04ab8ab7) x21 0x04ab8000
core   0: 0x800000cc (0xd09a8a93) addi    s5, s5, -759
core   0: 3 0x800000cc (0xd09a8a93) x21 0x04ab7d09
core   0: 0x800000d0 (0xe81c3b37) lui     s6, 0xe81c3
core   0: 3 0x800000d0 (0xe81c3b37) x22 0xe81c3000
core   0: 0x800000d4 (0x6e0b0b13) addi    s6, s6, 1760
core   0: 3 0x800000d4 (0x6e0b0b13) x22 0xe81c36e0
core   0: 0x800000d8 (0x00004b81) c.li    s7, 0
core   0: 3 0x800000d8 (0x4b81) x23 0x00000000
core   0: 0x800000da (0xc99c3c37) lui     s8, 0xc99c3
core   0: 3 0x800000da (0xc99c3c37) x24 0xc99c3000
core   0: 0x800000de (0x0a3c0c13) addi    s8, s8, 163
core   0: 3 0x800000de (0x0a3c0c13) x24 0xc99c30a3
core   0: 0x800000e2 (0x80000cb7) lui     s9, 0x80000
core   0: 3 0x800000e2 (0x80000cb7) x25 0x80000000
core   0: 0x800000e6 (0x545c8db7) lui     s11, 0x545c8
core   0: 3 0x800000e6 (0x545c8db7) x27 0x545c8000
core   0: 0x800000ea (0x1b8d8d93) addi    s11, s11, 440
core   0: 3 0x800000ea (0x1b8d8d93) x27 0x545c81b8
core   0: 0x800000ee (0x00004e01) c.li    t3, 0
core   0: 3 0x800000ee (0x4e01) x28 0x00000000
core   0: 0x800000f0 (0xfae7deb7) lui     t4, 0xfae7d
core   0: 3 0x800000f0 (0xfae7deb7) x29 0xfae7d000
core   0: 0x800000f4 (0x395e8e93) addi    t4, t4, 917
core   0: 3 0x800000f4 (0x395e8e93) x29 0xfae7d395
core   0: 0x800000f8 (0x00004f01) c.li    t5, 0
core   0: 3 0x800000f8 (0x4f01) x30 0x00000000
core   0: 0x800000fa (0xf63ecfb7) lui     t6, 0xf63ec
core   0: 3 0x800000fa (0xf63ecfb7) x31 0xf63ec000
core   0: 0x800000fe (0x4ccf8f93) addi    t6, t6, 1228
core   0: 3 0x800000fe (0x4ccf8f93) x31 0xf63ec4cc
core   0: 0x80000102 (0x00023d17) auipc   s10, 0x23
core   0: 3 0x80000102 (0x00023d17) x26 0x80023102
core   0: 0x80000106 (0xd62d0d13) addi    s10, s10, -670
core   0: 3 0x80000106 (0xd62d0d13) x26 0x80022e64
core   0: 0x8000010a (0xffd00593) li      a1, -3
core   0: 3 0x8000010a (0xffd00593) x11 0xfffffffd
core   0: 0x8000010e (0x000008a1) c.addi  a7, 8
core   0: 3 0x8000010e (0x08a1) x17 0x00000008
core   0: 0x80000110 (0x00008c59) c.or    s0, a4
core   0: 3 0x80000110 (0x8c59) x 8 0xfbf7e5c7
core   0: 0x80000112 (0x00239a13) slli    s4, t2, 2
core   0: 3 0x80000112 (0x00239a13) x20 0xe276d3c4
core   0: 0x80000116 (0x00000001) c.nop
core   0: 3 0x80000116 (0x0001)
core   0: 0x80000118 (0x6f0129b7) lui     s3, 0x6f012
core   0: 3 0x80000118 (0x6f0129b7) x19 0x6f012000
core   0: 0x8000011c (0x6304c693) xori    a3, s1, 1584
core   0: 3 0x8000011c (0x6304c693) x13 0x00000630
core   0: 0x80000120 (0x0000839e) c.mv    t2, t2
core   0: 3 0x80000120 (0x839e) x 7 0xf89db4f1
core   0: 0x80000122 (0x0000822d) c.srli  a2, 11
core   0: 3 0x80000122 (0x822d) x12 0x001f8d75
core   0: 0x80000124 (0xf9e21a17) auipc   s4, 0xf9e21
core   0: 3 0x80000124 (0xf9e21a17) x20 0x79e21124
core   0: 0x80000128 (0x000016fd) c.addi  a3, -1
core   0: 3 0x80000128 (0x16fd) x13 0x0000062f
core   0: 0x8000012a (0x03a61433) mulh    s0, a2, s10
core   0: 3 0x8000012a (0x03a61433) x 8 0xfff0398a
core   0: 0x8000012e (0x00f34db3) xor     s11, t1, a5
core   0: 3 0x8000012e (0x00f34db3) x27 0x0000000e
core   0: 0x80000132 (0x00000585) c.addi  a1, 1
core   0: 3 0x80000132 (0x0585) x11 0xfffffffe
core   0: 0x80000134 (0x00008f3d) c.xor   a4, a5
core   0: 3 0x80000134 (0x8f3d) x14 0x5977a5c2
core   0: 0x80000136 (0xeee3ef13) ori     t5, t2, -274
core   0: 3 0x80000136 (0xeee3ef13) x30 0xfffffeff
core   0: 0x8000013a (0x00a00513) li      a0, 10
core   0: 3 0x8000013a (0x00a00513) x10 0x0000000a
core   0: 0x8000013e (0xad0f8d93) addi    s11, t6, -1328
core   0: 3 0x8000013e (0xad0f8d93) x27 0xf63ebf9c
core   0: 0x80000142 (0x01689833) sll     a6, a7, s6
core   0: 3 0x80000142 (0x01689833) x16 0x00000008
core   0: 0x80000146 (0x0151b933) sltu    s2, gp, s5
core   0: 3 0x80000146 (0x0151b933) x18 0x00000000
core   0: 0x8000014a (0x00c00b13) li      s6, 12
core   0: 3 0x8000014a (0x00c00b13) x22 0x0000000c
core   0: 0x8000014e (0x03ff60b3) rem     ra, t5, t6
core   0: 3 0x8000014e (0x03ff60b3) x 1 0xfffffeff
core   0: 0x80000152 (0x02bf10b3) mulh    ra, t5, a1
core   0: 3 0x80000152 (0x02bf10b3) x 1 0x00000000
core   0: 0x80000156 (0x00008ed9) c.or    a3, a4
core   0: 3 0x80000156 (0x8ed9) x13 0x5977a7ef
core   0: 0x80000158 (0x026caf33) mulhsu  t5, s9, t1
core   0: 3 0x80000158 (0x026caf33) x30 0xfffffff9
core   0: 0x8000015c (0x876331b7) lui     gp, 0x87633
core   0: 3 0x8000015c (0x876331b7) x 3 0x87633000
core   0: 0x80000160 (0xfdf83c37) lui     s8, 0xfdf83
core   0: 3 0x80000160 (0xfdf83c37) x24 0xfdf83000
core   0: 0x80000164 (0x03a16c33) rem     s8, sp, s10
core   0: 3 0x80000164 (0x03a16c33) x24 0x80026ce4
core   0: 0x80000168 (0x00000509) c.addi  a0, 2
core   0: 3 0x80000168 (0x0509) x10 0x0000000c
core   0: 0x8000016a (0x00006bcd) c.lui   s7, 0x13
core   0: 3 0x8000016a (0x6bcd) x23 0x00013000
core   0: 0x8000016c (0xff656ce3) bltu    a0, s6, pc - 8
core   0: 3 0x8000016c (0xff656ce3)
core   0: 0x80000170 (0x00008499) c.srai  s1, 6
core   0: 3 0x80000170 (0x8499) x 9 0x00000000
core   0: 0x80000172 (0x0000d5cd) c.beqz  a1, pc - 86
core   0: 3 0x80000172 (0xd5cd)
core   0: 0x80000174 (0x0328b833) mulhu   a6, a7, s2
core   0: 3 0x80000174 (0x0328b833) x16 0x00000000
core   0: 0x80000178 (0x00900513) li      a0, 9
core   0: 3 0x80000178 (0x00900513) x10 0x00000009
core   0: 0x8000017c (0x00d31433) sll     s0, t1, a3
core   0: 3 0x8000017c (0x00d31433) x 8 0x00070000
core   0: 0x80000180 (0x00008c69) c.and   s0, a0
core   0: 3 0x80000180 (0x8c69) x 8 0x00000000
core   0: 0x80000182 (0x3bebe8b7) lui     a7, 0x3bebe
core   0: 3 0x80000182 (0x3bebe8b7) x17 0x3bebe000
core   0: 0x80000186 (0x00211833) sll     a6, sp, sp
core   0: 3 0x80000186 (0x00211833) x16 0x0026ce40
core   0: 0x8000018a (0x00008ea5) c.xor   a3, s1
core   0: 3 0x8000018a (0x8ea5) x13 0x5977a7ef
core   0: 0x8000018c (0x0000987d) c.andi  s0, -1
core   0: 3 0x8000018c (0x987d) x 8 0x00000000
core   0: 0x8000018e (0x01daf2b3) and     t0, s5, t4
core   0: 3 0x8000018e (0x01daf2b3) x 5 0x00a35101
core   0: 0x80000192 (0x01145db3) srl     s11, s0, a7
core   0: 3 0x80000192 (0x01145db3) x27 0x00000000
core   0: 0x80000196 (0x024c1733) mulh    a4, s8, tp
core   0: 3 0x80000196 (0x024c1733) x14 0x06ece135
core   0: 0x8000019a (0x032c13b3) mulh    t2, s8, s2
core   0: 3 0x8000019a (0x032c13b3) x 7 0x00000000
core   0: 0x8000019e (0x00800493) li      s1, 8
core   0: 3 0x8000019e (0x00800493) x 9 0x00000008
core   0: 0x800001a2 (0x0000409d) c.li    ra, 7
core   0: 3 0x800001a2 (0x409d) x 1 0x00000007
core   0: 0x800001a4 (0x00008dda) c.mv    s11, s6
core   0: 3 0x800001a4 (0x8dda) x27 0x0000000c
core   0: 0x800001a6 (0x0000597d) c.li    s2, -1
core   0: 3 0x800001a6 (0x597d) x18 0xffffffff
core   0: 0x800001a8 (0x003ff933) and     s2, t6, gp
core   0: 3 0x800001a8 (0x003ff933) x18 0x86220000
core   0: 0x800001ac (0x0000137d) c.addi  t1, -1
core   0: 3 0x800001ac (0x137d) x 6 0x0000000d
core   0: 0x800001ae (0x00001569) c.addi  a0, -6
core   0: 3 0x800001ae (0x1569) x10 0x00000003
core   0: 0x800001b0 (0x55e0fc93) andi    s9, ra, 1374
core   0: 3 0x800001b0 (0x55e0fc93) x25 0x00000006
core   0: 0x800001b4 (0x00000001) c.nop
core   0: 3 0x800001b4 (0x0001)
core   0: 0x800001b6 (0xffb00593) li      a1, -5
core   0: 3 0x800001b6 (0xffb00593) x11 0xfffffffb
core   0: 0x800001ba (0x03a208b3) mul     a7, tp, s10
core   0: 3 0x800001ba (0x03a208b3) x17 0x5e9bc710
core   0: 0x800001be (0x026b4db3) div     s11, s6, t1
core   0: 3 0x800001be (0x026b4db3) x27 0x00000000
core   0: 0x800001c2 (0x00300a13) li      s4, 3
core   0: 3 0x800001c2 (0x00300a13) x20 0x00000003
core   0: 0x800001c6 (0x0220cfb3) div     t6, ra, sp
core   0: 3 0x800001c6 (0x0220cfb3) x31 0x00000000
core   0: 0x800001ca (0x0000058d) c.addi  a1, 3
core   0: 3 0x800001ca (0x058d) x11 0xfffffffe
core   0: 0x800001cc (0xff45ede3) bltu    a1, s4, pc - 6
core   0: 3 0x800001cc (0xff45ede3)
core   0: 0x800001d0 (0xe693ea93) ori     s5, t2, -407
core   0: 3 0x800001d0 (0xe693ea93) x21 0xfffffe69
core   0: 0x800001d4 (0x0ff0000f) fence   iorw,iorw
core   0: 3 0x800001d4 (0x0ff0000f)
core   0: 0x800001d8 (0x0000980a) c.add   a6, sp
core   0: 3 0x800001d8 (0x980a) x16 0x80293b24
core   0: 0x800001da (0xfc9576e3) bgeu    a0, s1, pc - 52
core   0: 3 0x800001da (0xfc9576e3)
core   0: 0x800001de (0x00008e5d) c.or    a2, a5
core   0: 3 0x800001de (0x8e5d) x12 0x001f8d75
core   0: 0x800001e0 (0xffd00a93) li      s5, -3
core   0: 3 0x800001e0 (0xffd00a93) x21 0xfffffffd
core   0: 0x800001e4 (0x036eb733) mulhu   a4, t4, s6
core   0: 3 0x800001e4 (0x036eb733) x14 0x0000000b
core   0: 0x800001e8 (0x017116b3) sll     a3, sp, s7
core   0: 3 0x800001e8 (0x017116b3) x13 0x80026ce4
core   0: 0x800001ec (0x03a42fb3) mulhsu  t6, s0, s10
core   0: 3 0x800001ec (0x03a42fb3) x31 0x00000000
core   0: 0x800001f0 (0x00462013) slti    zero, a2, 4
core   0: 3 0x800001f0 (0x00462013)
core   0: 0x800001f4 (0x000081a9) c.srli  a1, 10
core   0: 3 0x800001f4 (0x81a9) x11 0x003fffff
core   0: 0x800001f6 (0x8c618893) addi    a7, gp, -1850
core   0: 3 0x800001f6 (0x8c618893) x17 0x876328c6
core   0: 0x800001fa (0x9264e013) ori     zero, s1, -1754
core   0: 3 0x800001fa (0x9264e013)
core   0: 0x800001fe (0x038c4a33) div     s4, s8, s8
core   0: 3 0x800001fe (0x038c4a33) x20 0x00000001
core   0: 0x80000202 (0x0000806d) c.srli  s0, 27
core   0: 3 0x80000202 (0x806d) x 8 0x00000000
core   0: 0x80000204 (0x4197dcb3) sra     s9, a5, s9
core   0: 3 0x80000204 (0x4197dcb3) x25 0x00000000
core   0: 0x80000208 (0x691351b7) lui     gp, 0x69135
core   0: 3 0x80000208 (0x691351b7) x 3 0x69135000
core   0: 0x8000020c (0x01a240b3) xor     ra, tp, s10
core   0: 3 0x8000020c (0x01a240b3) x 1 0x7227d400
core   0: 0x80000210 (0xffe00213) li      tp, -2
core   0: 3 0x80000210 (0xffe00213) x 4 0xfffffffe
core   0: 0x80000214 (0x5244e813) ori     a6, s1, 1316
core   0: 3 0x80000214 (0x5244e813) x16 0x0000052c
core   0: 0x80000218 (0x000080c1) c.srli  s1, 16
core   0: 3 0x80000218 (0x80c1) x 9 0x00000000
core   0: 0x8000021a (0x00000001) c.nop
core   0: 3 0x8000021a (0x0001)
core   0: 0x8000021c (0x00000a85) c.addi  s5, 1
core   0: 3 0x8000021c (0x0a85) x21 0xfffffffe
core   0: 0x8000021e (0x00008f6d) c.and   a4, a1
core   0: 3 0x8000021e (0x8f6d) x14 0x0000000b
core   0: 0x80000220 (0x0094c033) xor     zero, s1, s1
core   0: 3 0x80000220 (0x0094c033)
core   0: 0x80000224 (0x00008bd2) c.mv    s7, s4
core   0: 3 0x80000224 (0x8bd2) x23 0x00000001
core   0: 0x80000226 (0x00008e0d) c.sub   a2, a1
core   0: 3 0x80000226 (0x8e0d) x12 0xffdf8d76
core   0: 0x80000228 (0x0200f733) remu    a4, ra, zero
core   0: 3 0x80000228 (0x0200f733) x14 0x7227d400
core   0: 0x8000022c (0x5c5efcb7) lui     s9, 0x5c5ef
core   0: 3 0x8000022c (0x5c5efcb7) x25 0x5c5ef000
core   0: 0x80000230 (0x0000860d) c.srai  a2, 3
core   0: 3 0x80000230 (0x860d) x12 0xfffbf1ae
core   0: 0x80000232 (0xfe4ac1e3) blt     s5, tp, pc - 30
core   0: 3 0x80000232 (0xfe4ac1e3)
core   0: 0x80000236 (0x00d5b733) sltu    a4, a1, a3
core   0: 3 0x80000236 (0x00d5b733) x14 0x00000001
core   0: 0x8000023a (0xffa00493) li      s1, -6
core   0: 3 0x8000023a (0xffa00493) x 9 0xfffffffa
core   0: 0x8000023e (0xfcb46213) ori     tp, s0, -53
core   0: 3 0x8000023e (0xfcb46213) x 4 0xffffffcb
core   0: 0x80000242 (0x01f73433) sltu    s0, a4, t6
core   0: 3 0x80000242 (0x01f73433) x 8 0x00000000
core   0: 0x80000246 (0x03300bb3) mul     s7, zero, s3
core   0: 3 0x80000246 (0x03300bb3) x23 0x00000000
core   0: 0x8000024a (0x417fdc33) sra     s8, t6, s7
core   0: 3 0x8000024a (0x417fdc33) x24 0x00000000
core   0: 0x8000024e (0x00400093) li      ra, 4
core   0: 3 0x8000024e (0x00400093) x 1 0x00000004
core   0: 0x80000252 (0x406481b3) sub     gp, s1, t1
core   0: 3 0x80000252 (0x406481b3) x 3 0xffffffed
core   0: 0x80000256 (0xd3438e13) addi    t3, t2, -716
core   0: 3 0x80000256 (0xd3438e13) x28 0xfffffd34
core   0: 0x8000025a (0x00000499) c.addi  s1, 6
core   0: 3 0x8000025a (0x0499) x 9 0x00000000
core   0: 0x8000025c (0x00000001) c.nop
core   0: 3 0x8000025c (0x0001)
core   0: 0x8000025e (0x00008135) c.srli  a0, 13
core   0: 3 0x8000025e (0x8135) x10 0x00000000
core   0: 0x80000260 (0x00000713) li      a4, 0
core   0: 3 0x80000260 (0x00000713) x14 0x00000000
core   0: 0x80000264 (0xff800913) li      s2, -8
core   0: 3 0x80000264 (0xff800913) x18 0xfffffff8
core   0: 0x80000268 (0x00008931) c.andi  a0, 12
core   0: 3 0x80000268 (0x8931) x10 0x00000000
core   0: 0x8000026a (0x000006bd) c.addi  a3, 15
core   0: 3 0x8000026a (0x06bd) x13 0x80026cf3
core   0: 0x8000026c (0x01b35e13) srli    t3, t1, 27
core   0: 3 0x8000026c (0x01b35e13) x28 0x00000000
core   0: 0x80000270 (0x016983b3) add     t2, s3, s6
core   0: 3 0x80000270 (0x016983b3) x 7 0x6f01200c
core   0: 0x80000274 (0x01e985b3) add     a1, s3, t5
core   0: 3 0x80000274 (0x01e985b3) x11 0x6f011ff9
core   0: 0x80000278 (0x00001771) c.addi  a4, -4
core   0: 3 0x80000278 (0x1771) x14 0xfffffffc
core   0: 0x8000027a (0x00008615) c.srai  a2, 5
core   0: 3 0x8000027a (0x8615) x12 0xffffdf8d
core   0: 0x8000027c (0xff2707e3) beq     a4, s2, pc - 18
core   0: 3 0x8000027c (0xff2707e3)
core   0: 0x80000280 (0x00000001) c.nop
core   0: 3 0x80000280 (0x0001)
core   0: 0x80000282 (0x007fa9b3) slt     s3, t6, t2
core   0: 3 0x80000282 (0x007fa9b3) x19 0x00000001
core   0: 0x80000286 (0xfc14e8e3) bltu    s1, ra, pc - 48
core   0: 3 0x80000286 (0xfc14e8e3)
core   0: 0x80000256 (0xd3438e13) addi    t3, t2, -716
core   0: 3 0x80000256 (0xd3438e13) x28 0x6f011d40
core   0: 0x8000025a (0x00000499) c.addi  s1, 6
core   0: 3 0x8000025a (0x0499) x 9 0x00000006
core   0: 0x8000025c (0x00000001) c.nop
core   0: 3 0x8000025c (0x0001)
core   0: 0x8000025e (0x00008135) c.srli  a0, 13
core   0: 3 0x8000025e (0x8135) x10 0x00000000
core   0: 0x80000260 (0x00000713) li      a4, 0
core   0: 3 0x80000260 (0x00000713) x14 0x00000000
core   0: 0x80000264 (0xff800913) li      s2, -8
core   0: 3 0x80000264 (0xff800913) x18 0xfffffff8
core   0: 0x80000268 (0x00008931) c.andi  a0, 12
core   0: 3 0x80000268 (0x8931) x10 0x00000000
core   0: 0x8000026a (0x000006bd) c.addi  a3, 15
core   0: 3 0x8000026a (0x06bd) x13 0x80026d02
core   0: 0x8000026c (0x01b35e13) srli    t3, t1, 27
core   0: 3 0x8000026c (0x01b35e13) x28 0x00000000
core   0: 0x80000270 (0x016983b3) add     t2, s3, s6
core   0: 3 0x80000270 (0x016983b3) x 7 0x0000000d
core   0: 0x80000274 (0x01e985b3) add     a1, s3, t5
core   0: 3 0x80000274 (0x01e985b3) x11 0xfffffffa
core   0: 0x80000278 (0x00001771) c.addi  a4, -4
core   0: 3 0x80000278 (0x1771) x14 0xfffffffc
core   0: 0x8000027a (0x00008615) c.srai  a2, 5
core   0: 3 0x8000027a (0x8615) x12 0xfffffefc
core   0: 0x8000027c (0xff2707e3) beq     a4, s2, pc - 18
core   0: 3 0x8000027c (0xff2707e3)
core   0: 0x80000280 (0x00000001) c.nop
core   0: 3 0x80000280 (0x0001)
core   0: 0x80000282 (0x007fa9b3) slt     s3, t6, t2
core   0: 3 0x80000282 (0x007fa9b3) x19 0x00000001
core   0: 0x80000286 (0xfc14e8e3) bltu    s1, ra, pc - 48
core   0: 3 0x80000286 (0xfc14e8e3)
core   0: 0x8000028a (0x004c12b3) sll     t0, s8, tp
core   0: 3 0x8000028a (0x004c12b3) x 5 0x00000000
core   0: 0x8000028e (0xffe00493) li      s1, -2
core   0: 3 0x8000028e (0xffe00493) x 9 0xfffffffe
core   0: 0x80000292 (0x00000572) c.slli  a0, 28
core   0: 3 0x80000292 (0x0572) x10 0x00000000
core   0: 0x80000294 (0x01845093) srli    ra, s0, 24
core   0: 3 0x80000294 (0x01845093) x 1 0x00000000
core   0: 0x80000298 (0x00008ddd) c.or    a1, a5
core   0: 3 0x80000298 (0x8ddd) x11 0xfffffffa
core   0: 0x8000029a (0x00800713) li      a4, 8
core   0: 3 0x8000029a (0x00800713) x14 0x00000008
core   0: 0x8000029e (0x03a40a33) mul     s4, s0, s10
core   0: 3 0x8000029e (0x03a40a33) x20 0x00000000
core   0: 0x800002a2 (0x00008da5) c.xor   a1, s1
core   0: 3 0x800002a2 (0x8da5) x11 0x00000004
core   0: 0x800002a4 (0x000004a9) c.addi  s1, 10
core   0: 3 0x800002a4 (0x04a9) x 9 0x00000008
core   0: 0x800002a6 (0x40255313) srai    t1, a0, 2
core   0: 3 0x800002a6 (0x40255313) x 6 0x00000000
core   0: 0x800002aa (0x00a00613) li      a2, 10
core   0: 3 0x800002aa (0x00a00613) x12 0x0000000a
core   0: 0x800002ae (0x41d482b3) sub     t0, s1, t4
core   0: 3 0x800002ae (0x41d482b3) x 5 0x05182c73
core   0: 0x800002b2 (0x00a00913) li      s2, 10
core   0: 3 0x800002b2 (0x00a00913) x18 0x0000000a
core   0: 0x800002b6 (0x005d6c33) or      s8, s10, t0
core   0: 3 0x800002b6 (0x005d6c33) x24 0x851a2e77
core   0: 0x800002ba (0x00001679) c.addi  a2, -2
core   0: 3 0x800002ba (0x1679) x12 0x00000008
core   0: 0x800002bc (0x03b57b33) remu    s6, a0, s11
core   0: 3 0x800002bc (0x03b57b33) x22 0x00000000
core   0: 0x800002c0 (0xff267be3) bgeu    a2, s2, pc - 10
core   0: 3 0x800002c0 (0xff267be3)
core   0: 0x800002c4 (0xfce49de3) bne     s1, a4, pc - 38
core   0: 3 0x800002c4 (0xfce49de3)
core   0: 0x800002c8 (0x405c5c33) sra     s8, s8, t0
core   0: 3 0x800002c8 (0x405c5c33) x24 0xfffff0a3
core   0: 0x800002cc (0x00800493) li      s1, 8
core   0: 3 0x800002cc (0x00800493) x 9 0x00000008
core   0: 0x800002d0 (0x00e00513) li      a0, 14
core   0: 3 0x800002d0 (0x00e00513) x10 0x0000000e
core   0: 0x800002d4 (0x000093aa) c.add   t2, a0
core   0: 3 0x800002d4 (0x93aa) x 7 0x0000001b
core   0: 0x800002d6 (0x00000489) c.addi  s1, 2
core   0: 3 0x800002d6 (0x0489) x 9 0x0000000a
core   0: 0x800002d8 (0x01111d93) slli    s11, sp, 17
core   0: 3 0x800002d8 (0x01111d93) x27 0xd9c80000
core   0: 0x800002dc (0x00900593) li      a1, 9
core   0: 3 0x800002dc (0x00900593) x11 0x00000009
core   0: 0x800002e0 (0x00008c5d) c.or    s0, a5
core   0: 3 0x800002e0 (0x8c5d) x 8 0x00000000
core   0: 0x800002e2 (0x00000001) c.nop
core   0: 3 0x800002e2 (0x0001)
core   0: 0x800002e4 (0x00008e41) c.or    a2, s0
core   0: 3 0x800002e4 (0x8e41) x12 0x00000008
core   0: 0x800002e6 (0x000082c1) c.srli  a3, 16
core   0: 3 0x800002e6 (0x82c1) x13 0x00008002
core   0: 0x800002e8 (0x00000001) c.nop
core   0: 3 0x800002e8 (0x0001)
core   0: 0x800002ea (0x03210c33) mul     s8, sp, s2
core   0: 3 0x800002ea (0x03210c33) x24 0x001840e8
core   0: 0x800002ee (0x02685bb3) divu    s7, a6, t1
core   0: 3 0x800002ee (0x02685bb3) x23 0xffffffff
core   0: 0x800002f2 (0xea3c7913) andi    s2, s8, -349
core   0: 3 0x800002f2 (0xea3c7913) x18 0x001840a0
core   0: 0x800002f6 (0x000015f5) c.addi  a1, -3
core   0: 3 0x800002f6 (0x15f5) x11 0x00000006
core   0: 0x800002f8 (0x0000f9ed) c.bnez  a1, pc - 14
core   0: 3 0x800002f8 (0xf9ed)
core   0: 0x800002ea (0x03210c33) mul     s8, sp, s2
core   0: 3 0x800002ea (0x03210c33) x24 0xd21d0e80
core   0: 0x800002ee (0x02685bb3) divu    s7, a6, t1
core   0: 3 0x800002ee (0x02685bb3) x23 0xffffffff
core   0: 0x800002f2 (0xea3c7913) andi    s2, s8, -349
core   0: 3 0x800002f2 (0xea3c7913) x18 0xd21d0e80
core   0: 0x800002f6 (0x000015f5) c.addi  a1, -3
core   0: 3 0x800002f6 (0x15f5) x11 0x00000003
core   0: 0x800002f8 (0x0000f9ed) c.bnez  a1, pc - 14
core   0: 3 0x800002f8 (0xf9ed)
core   0: 0x800002ea (0x03210c33) mul     s8, sp, s2
core   0: 3 0x800002ea (0x03210c33) x24 0x80feea00
core   0: 0x800002ee (0x02685bb3) divu    s7, a6, t1
core   0: 3 0x800002ee (0x02685bb3) x23 0xffffffff
core   0: 0x800002f2 (0xea3c7913) andi    s2, s8, -349
core   0: 3 0x800002f2 (0xea3c7913) x18 0x80feea00
core   0: 0x800002f6 (0x000015f5) c.addi  a1, -3
core   0: 3 0x800002f6 (0x15f5) x11 0x00000000
core   0: 0x800002f8 (0x0000f9ed) c.bnez  a1, pc - 14
core   0: 3 0x800002f8 (0xf9ed)
core   0: 0x800002fa (0x400d0413) addi    s0, s10, 1024
core   0: 3 0x800002fa (0x400d0413) x 8 0x80023264
core   0: 0x800002fe (0x40478733) sub     a4, a5, tp
core   0: 3 0x800002fe (0x40478733) x14 0x00000035
core   0: 0x80000302 (0xfca499e3) bne     s1, a0, pc - 46
core   0: 3 0x80000302 (0xfca499e3)
core   0: 0x800002d4 (0x000093aa) c.add   t2, a0
core   0: 3 0x800002d4 (0x93aa) x 7 0x00000029
core   0: 0x800002d6 (0x00000489) c.addi  s1, 2
core   0: 3 0x800002d6 (0x0489) x 9 0x0000000c
core   0: 0x800002d8 (0x01111d93) slli    s11, sp, 17
core   0: 3 0x800002d8 (0x01111d93) x27 0xd9c80000
core   0: 0x800002dc (0x00900593) li      a1, 9
core   0: 3 0x800002dc (0x00900593) x11 0x00000009
core   0: 0x800002e0 (0x00008c5d) c.or    s0, a5
core   0: 3 0x800002e0 (0x8c5d) x 8 0x80023264
core   0: 0x800002e2 (0x00000001) c.nop
core   0: 3 0x800002e2 (0x0001)
core   0: 0x800002e4 (0x00008e41) c.or    a2, s0
core   0: 3 0x800002e4 (0x8e41) x12 0x8002326c
core   0: 0x800002e6 (0x000082c1) c.srli  a3, 16
core   0: 3 0x800002e6 (0x82c1) x13 0x00000000
core   0: 0x800002e8 (0x00000001) c.nop
core   0: 3 0x800002e8 (0x0001)
core   0: 0x800002ea (0x03210c33) mul     s8, sp, s2
core   0: 3 0x800002ea (0x03210c33) x24 0x41c06800
core   0: 0x800002ee (0x02685bb3) divu    s7, a6, t1
core   0: 3 0x800002ee (0x02685bb3) x23 0xffffffff
core   0: 0x800002f2 (0xea3c7913) andi    s2, s8, -349
core   0: 3 0x800002f2 (0xea3c7913) x18 0x41c06800
core   0: 0x800002f6 (0x000015f5) c.addi  a1, -3
core   0: 3 0x800002f6 (0x15f5) x11 0x00000006
core   0: 0x800002f8 (0x0000f9ed) c.bnez  a1, pc - 14
core   0: 3 0x800002f8 (0xf9ed)
core   0: 0x800002ea (0x03210c33) mul     s8, sp, s2
core   0: 3 0x800002ea (0x03210c33) x24 0x8b3ca000
core   0: 0x800002ee (0x02685bb3) divu    s7, a6, t1
core   0: 3 0x800002ee (0x02685bb3) x23 0xffffffff
core   0: 0x800002f2 (0xea3c7913) andi    s2, s8, -349
core   0: 3 0x800002f2 (0xea3c7913) x18 0x8b3ca000
core   0: 0x800002f6 (0x000015f5) c.addi  a1, -3
core   0: 3 0x800002f6 (0x15f5) x11 0x00000003
core   0: 0x800002f8 (0x0000f9ed) c.bnez  a1, pc - 14
core   0: 3 0x800002f8 (0xf9ed)
core   0: 0x800002ea (0x03210c33) mul     s8, sp, s2
core   0: 3 0x800002ea (0x03210c33) x24 0xd57e8000
core   0: 0x800002ee (0x02685bb3) divu    s7, a6, t1
core   0: 3 0x800002ee (0x02685bb3) x23 0xffffffff
core   0: 0x800002f2 (0xea3c7913) andi    s2, s8, -349
core   0: 3 0x800002f2 (0xea3c7913) x18 0xd57e8000
core   0: 0x800002f6 (0x000015f5) c.addi  a1, -3
core   0: 3 0x800002f6 (0x15f5) x11 0x00000000
core   0: 0x800002f8 (0x0000f9ed) c.bnez  a1, pc - 14
core   0: 3 0x800002f8 (0xf9ed)
core   0: 0x800002fa (0x400d0413) addi    s0, s10, 1024
core   0: 3 0x800002fa (0x400d0413) x 8 0x80023264
core   0: 0x800002fe (0x40478733) sub     a4, a5, tp
core   0: 3 0x800002fe (0x40478733) x14 0x00000035
core   0: 0x80000302 (0xfca499e3) bne     s1, a0, pc - 46
core   0: 3 0x80000302 (0xfca499e3)
core   0: 0x800002d4 (0x000093aa) c.add   t2, a0
core   0: 3 0x800002d4 (0x93aa) x 7 0x00000037
core   0: 0x800002d6 (0x00000489) c.addi  s1, 2
core   0: 3 0x800002d6 (0x0489) x 9 0x0000000e
core   0: 0x800002d8 (0x01111d93) slli    s11, sp, 17
core   0: 3 0x800002d8 (0x01111d93) x27 0xd9c80000
core   0: 0x800002dc (0x00900593) li      a1, 9
core   0: 3 0x800002dc (0x00900593) x11 0x00000009
core   0: 0x800002e0 (0x00008c5d) c.or    s0, a5
core   0: 3 0x800002e0 (0x8c5d) x 8 0x80023264
core   0: 0x800002e2 (0x00000001) c.nop
core   0: 3 0x800002e2 (0x0001)
core   0: 0x800002e4 (0x00008e41) c.or    a2, s0
core   0: 3 0x800002e4 (0x8e41) x12 0x8002326c
core   0: 0x800002e6 (0x000082c1) c.srli  a3, 16
core   0: 3 0x800002e6 (0x82c1) x13 0x00000000
core   0: 0x800002e8 (0x00000001) c.nop
core   0: 3 0x800002e8 (0x0001)
core   0: 0x800002ea (0x03210c33) mul     s8, sp, s2
core   0: 3 0x800002ea (0x03210c33) x24 0x82aa0000
core   0: 0x800002ee (0x02685bb3) divu    s7, a6, t1
core   0: 3 0x800002ee (0x02685bb3) x23 0xffffffff
core   0: 0x800002f2 (0xea3c7913) andi    s2, s8, -349
core   0: 3 0x800002f2 (0xea3c7913) x18 0x82aa0000
core   0: 0x800002f6 (0x000015f5) c.addi  a1, -3
core   0: 3 0x800002f6 (0x15f5) x11 0x00000006
core   0: 0x800002f8 (0x0000f9ed) c.bnez  a1, pc - 14
core   0: 3 0x800002f8 (0xf9ed)
core   0: 0x800002ea (0x03210c33) mul     s8, sp, s2
core   0: 3 0x800002ea (0x03210c33) x24 0x17680000
core   0: 0x800002ee (0x02685bb3) divu    s7, a6, t1
core   0: 3 0x800002ee (0x02685bb3) x23 0xffffffff
core   0: 0x800002f2 (0xea3c7913) andi    s2, s8, -349
core   0: 3 0x800002f2 (0xea3c7913) x18 0x17680000
core   0: 0x800002f6 (0x000015f5) c.addi  a1, -3
core   0: 3 0x800002f6 (0x15f5) x11 0x00000003
core   0: 0x800002f8 (0x0000f9ed) c.bnez  a1, pc - 14
core   0: 3 0x800002f8 (0xf9ed)
core   0: 0x800002ea (0x03210c33) mul     s8, sp, s2
core   0: 3 0x800002ea (0x03210c33) x24 0xb8a00000
core   0: 0x800002ee (0x02685bb3) divu    s7, a6, t1
core   0: 3 0x800002ee (0x02685bb3) x23 0xffffffff
core   0: 0x800002f2 (0xea3c7913) andi    s2, s8, -349
core   0: 3 0x800002f2 (0xea3c7913) x18 0xb8a00000
core   0: 0x800002f6 (0x000015f5) c.addi  a1, -3
core   0: 3 0x800002f6 (0x15f5) x11 0x00000000
core   0: 0x800002f8 (0x0000f9ed) c.bnez  a1, pc - 14
core   0: 3 0x800002f8 (0xf9ed)
core   0: 0x800002fa (0x400d0413) addi    s0, s10, 1024
core   0: 3 0x800002fa (0x400d0413) x 8 0x80023264
core   0: 0x800002fe (0x40478733) sub     a4, a5, tp
core   0: 3 0x800002fe (0x40478733) x14 0x00000035
core   0: 0x80000302 (0xfca499e3) bne     s1, a0, pc - 46
core   0: 3 0x80000302 (0xfca499e3)
core   0: 0x80000306 (0x0180d093) srli    ra, ra, 24
core   0: 3 0x80000306 (0x0180d093) x 1 0x00000000
core   0: 0x8000030a (0xfff00713) li      a4, -1
core   0: 3 0x8000030a (0xfff00713) x14 0xffffffff
core   0: 0x8000030e (0x000081cd) c.srli  a1, 19
core   0: 3 0x8000030e (0x81cd) x11 0x00000000
core   0: 0x80000310 (0x00000001) c.nop
core   0: 3 0x80000310 (0x0001)
core   0: 0x80000312 (0x03494333) div     t1, s2, s4
core   0: 3 0x80000312 (0x03494333) x 6 0xffffffff
core   0: 0x80000316 (0x903aae13) slti    t3, s5, -1789
core   0: 3 0x80000316 (0x903aae13) x28 0x00000000
core   0: 0x8000031a (0x01d01b93) slli    s7, zero, 29
core   0: 3 0x8000031a (0x01d01b93) x23 0x00000000
core   0: 0x8000031e (0x016fe3b3) or      t2, t6, s6
core   0: 3 0x8000031e (0x016fe3b3) x 7 0x00000000
core   0: 0x80000322 (0x00000705) c.addi  a4, 1
core   0: 3 0x80000322 (0x0705) x14 0x00000000
core   0: 0x80000324 (0x0058cc33) xor     s8, a7, t0
core   0: 3 0x80000324 (0x0058cc33) x24 0x827b04b5
core   0: 0x80000328 (0xffb00513) li      a0, -5
core   0: 3 0x80000328 (0xffb00513) x10 0xfffffffb
core   0: 0x8000032c (0x029d1633) mulh    a2, s10, s1
core   0: 3 0x8000032c (0x029d1633) x12 0xfffffff9
core   0: 0x80000330 (0x40d9db13) srai    s6, s3, 13
core   0: 3 0x80000330 (0x40d9db13) x22 0x00000000
core   0: 0x80000334 (0x00200913) li      s2, 2
core   0: 3 0x80000334 (0x00200913) x18 0x00000002
core   0: 0x80000338 (0x00008dc9) c.or    a1, a0
core   0: 3 0x80000338 (0x8dc9) x11 0xfffffffb
core   0: 0x8000033a (0x019934b3) sltu    s1, s2, s9
core   0: 3 0x8000033a (0x019934b3) x 9 0x00000001
core   0: 0x8000033e (0x00006c2d) c.lui   s8, 0xb
core   0: 3 0x8000033e (0x6c2d) x24 0x0000b000
core   0: 0x80000340 (0x00008dc1) c.or    a1, s0
core   0: 3 0x80000340 (0x8dc1) x11 0xffffffff
core   0: 0x80000342 (0x00000001) c.nop
core   0: 3 0x80000342 (0x0001)
core   0: 0x80000344 (0x00008195) c.srli  a1, 5
core   0: 3 0x80000344 (0x8195) x11 0x07ffffff
core   0: 0x80000346 (0x00419db3) sll     s11, gp, tp
core   0: 3 0x80000346 (0x00419db3) x27 0xffff6800
core   0: 0x8000034a (0x03993bb3) mulhu   s7, s2, s9
core   0: 3 0x8000034a (0x03993bb3) x23 0x00000000
core   0: 0x8000034e (0x00008e75) c.and   a2, a3
core   0: 3 0x8000034e (0x8e75) x12 0x00000000
core   0: 0x80000350 (0x00000001) c.nop
core   0: 3 0x80000350 (0x0001)
core   0: 0x80000352 (0x0000051d) c.addi  a0, 7
core   0: 3 0x80000352 (0x051d) x10 0x00000002
core   0: 0x80000354 (0x00008eed) c.and   a3, a1
core   0: 3 0x80000354 (0x8eed) x13 0x00000000
core   0: 0x80000356 (0x01120433) add     s0, tp, a7
core   0: 3 0x80000356 (0x01120433) x 8 0x87632891
core   0: 0x8000035a (0x0000842d) c.srai  s0, 11
core   0: 3 0x8000035a (0x842d) x 8 0xfff0ec65
core   0: 0x8000035c (0x6fa6b893) sltiu   a7, a3, 1786
core   0: 3 0x8000035c (0x6fa6b893) x17 0x00000001
core   0: 0x80000360 (0xff2501e3) beq     a0, s2, pc - 30
core   0: 3 0x80000360 (0xff2501e3)
core   0: 0x80000342 (0x00000001) c.nop
core   0: 3 0x80000342 (0x0001)
core   0: 0x80000344 (0x00008195) c.srli  a1, 5
core   0: 3 0x80000344 (0x8195) x11 0x003fffff
core   0: 0x80000346 (0x00419db3) sll     s11, gp, tp
core   0: 3 0x80000346 (0x00419db3) x27 0xffff6800
core   0: 0x8000034a (0x03993bb3) mulhu   s7, s2, s9
core   0: 3 0x8000034a (0x03993bb3) x23 0x00000000
core   0: 0x8000034e (0x00008e75) c.and   a2, a3
core   0: 3 0x8000034e (0x8e75) x12 0x00000000
core   0: 0x80000350 (0x00000001) c.nop
core   0: 3 0x80000350 (0x0001)
core   0: 0x80000352 (0x0000051d) c.addi  a0, 7
core   0: 3 0x80000352 (0x051d) x10 0x00000009
core   0: 0x80000354 (0x00008eed) c.and   a3, a1
core   0: 3 0x80000354 (0x8eed) x13 0x00000000
core   0: 0x80000356 (0x01120433) add     s0, tp, a7
core   0: 3 0x80000356 (0x01120433) x 8 0xffffffcc
core   0: 0x8000035a (0x0000842d) c.srai  s0, 11
core   0: 3 0x8000035a (0x842d) x 8 0xffffffff
core   0: 0x8000035c (0x6fa6b893) sltiu   a7, a3, 1786
core   0: 3 0x8000035c (0x6fa6b893) x17 0x00000001
core   0: 0x80000360 (0xff2501e3) beq     a0, s2, pc - 30
core   0: 3 0x80000360 (0xff2501e3)
core   0: 0x80000364 (0x03bab233) mulhu   tp, s5, s11
core   0: 3 0x80000364 (0x03bab233) x 4 0xffff67fe
core   0: 0x80000368 (0x010365b3) or      a1, t1, a6
core   0: 3 0x80000368 (0x010365b3) x11 0xffffffff
core   0: 0x8000036c (0x0000f74d) c.bnez  a4, pc - 86
core   0: 3 0x8000036c (0xf74d)
core   0: 0x8000036e (0x000065cd) c.lui   a1, 0x13
core   0: 3 0x8000036e (0x65cd) x11 0x00013000
core   0: 0x80000370 (0xff600b13) li      s6, -10
core   0: 3 0x80000370 (0xff600b13) x22 0xfffffff6
core   0: 0x80000374 (0xff900393) li      t2, -7
core   0: 3 0x80000374 (0xff900393) x 7 0xfffffff9
core   0: 0x80000378 (0x3d4f4d93) xori    s11, t5, 980
core   0: 3 0x80000378 (0x3d4f4d93) x27 0xfffffc2d
core   0: 0x8000037c (0x01721093) slli    ra, tp, 23
core   0: 3 0x8000037c (0x01721093) x 1 0xff000000
core   0: 0x80000380 (0x02740733) mul     a4, s0, t2
core   0: 3 0x80000380 (0x02740733) x14 0x00000007
core   0: 0x80000384 (0x00000001) c.nop
core   0: 3 0x80000384 (0x0001)
core   0: 0x80000386 (0x00000b29) c.addi  s6, 10
core   0: 3 0x80000386 (0x0b29) x22 0x00000000
core   0: 0x80000388 (0xb4b30637) lui     a2, 0xb4b30
core   0: 3 0x80000388 (0xb4b30637) x12 0xb4b30000
core   0: 0x8000038c (0x00008711) c.srai  a4, 4
core   0: 3 0x8000038c (0x8711) x14 0x00000000
core   0: 0x8000038e (0xfe7b4be3) blt     s6, t2, pc - 10
core   0: 3 0x8000038e (0xfe7b4be3)
core   0: 0x80000392 (0x0000100f) fence.i
core   0: 3 0x80000392 (0x0000100f)
core   0: 0x80000396 (0xff700593) li      a1, -9
core   0: 3 0x80000396 (0xff700593) x11 0xfffffff7
core   0: 0x8000039a (0x02c57ab3) remu    s5, a0, a2
core   0: 3 0x8000039a (0x02c57ab3) x21 0x00000009
core   0: 0x8000039e (0x24260713) addi    a4, a2, 578
core   0: 3 0x8000039e (0x24260713) x14 0xb4b30242
core   0: 0x800003a2 (0x00000001) c.nop
core   0: 3 0x800003a2 (0x0001)
core   0: 0x800003a4 (0x0329c333) div     t1, s3, s2
core   0: 3 0x800003a4 (0x0329c333) x 6 0x00000000
core   0: 0x800003a8 (0x00c37f33) and     t5, t1, a2
core   0: 3 0x800003a8 (0x00c37f33) x30 0x00000000
core   0: 0x800003ac (0x00000001) c.nop
core   0: 3 0x800003ac (0x0001)
core   0: 0x800003ae (0x031e1833) mulh    a6, t3, a7
core   0: 3 0x800003ae (0x031e1833) x16 0x00000000
core   0: 0x800003b2 (0x1ce06093) ori     ra, zero, 462
core   0: 3 0x800003b2 (0x1ce06093) x 1 0x000001ce
core   0: 0x800003b6 (0x01577533) and     a0, a4, s5
core   0: 3 0x800003b6 (0x01577533) x10 0x00000000
core   0: 0x800003ba (0x00000736) c.slli  a4, 13
core   0: 3 0x800003ba (0x0736) x14 0x60484000
core   0: 0x800003bc (0x00000585) c.addi  a1, 1
core   0: 3 0x800003bc (0x0585) x11 0xfffffff8
core   0: 0x800003be (0x00000001) c.nop
core   0: 3 0x800003be (0x0001)
core   0: 0x800003c0 (0x0000f9ed) c.bnez  a1, pc - 14
core   0: 3 0x800003c0 (0xf9ed)
core   0: 0x800003b2 (0x1ce06093) ori     ra, zero, 462
core   0: 3 0x800003b2 (0x1ce06093) x 1 0x000001ce
core   0: 0x800003b6 (0x01577533) and     a0, a4, s5
core   0: 3 0x800003b6 (0x01577533) x10 0x00000000
core   0: 0x800003ba (0x00000736) c.slli  a4, 13
core   0: 3 0x800003ba (0x0736) x14 0x08000000
core   0: 0x800003bc (0x00000585) c.addi  a1, 1
core   0: 3 0x800003bc (0x0585) x11 0xfffffff9
core   0: 0x800003be (0x00000001) c.nop
core   0: 3 0x800003be (0x0001)
core   0: 0x800003c0 (0x0000f9ed) c.bnez  a1, pc - 14
core   0: 3 0x800003c0 (0xf9ed)
core   0: 0x800003b2 (0x1ce06093) ori     ra, zero, 462
core   0: 3 0x800003b2 (0x1ce06093) x 1 0x000001ce
core   0: 0x800003b6 (0x01577533) and     a0, a4, s5
core   0: 3 0x800003b6 (0x01577533) x10 0x00000000
core   0: 0x800003ba (0x00000736) c.slli  a4, 13
core   0: 3 0x800003ba (0x0736) x14 0x00000000
core   0: 0x800003bc (0x00000585) c.addi  a1, 1
core   0: 3 0x800003bc (0x0585) x11 0xfffffffa
core   0: 0x800003be (0x00000001) c.nop
core   0: 3 0x800003be (0x0001)
core   0: 0x800003c0 (0x0000f9ed) c.bnez  a1, pc - 14
core   0: 3 0x800003c0 (0xf9ed)
core   0: 0x800003b2 (0x1ce06093) ori     ra, zero, 462
core   0: 3 0x800003b2 (0x1ce06093) x 1 0x000001ce
core   0: 0x800003b6 (0x01577533) and     a0, a4, s5
core   0: 3 0x800003b6 (0x01577533) x10 0x00000000
core   0: 0x800003ba (0x00000736) c.slli  a4, 13
core   0: 3 0x800003ba (0x0736) x14 0x00000000
core   0: 0x800003bc (0x00000585) c.addi  a1, 1
core   0: 3 0x800003bc (0x0585) x11 0xfffffffb
core   0: 0x800003be (0x00000001) c.nop
core   0: 3 0x800003be (0x0001)
core   0: 0x800003c0 (0x0000f9ed) c.bnez  a1, pc - 14
core   0: 3 0x800003c0 (0xf9ed)
core   0: 0x800003b2 (0x1ce06093) ori     ra, zero, 462
core   0: 3 0x800003b2 (0x1ce06093) x 1 0x000001ce
core   0: 0x800003b6 (0x01577533) and     a0, a4, s5
core   0: 3 0x800003b6 (0x01577533) x10 0x00000000
core   0: 0x800003ba (0x00000736) c.slli  a4, 13
core   0: 3 0x800003ba (0x0736) x14 0x00000000
core   0: 0x800003bc (0x00000585) c.addi  a1, 1
core   0: 3 0x800003bc (0x0585) x11 0xfffffffc
core   0: 0x800003be (0x00000001) c.nop
core   0: 3 0x800003be (0x0001)
core   0: 0x800003c0 (0x0000f9ed) c.bnez  a1, pc - 14
core   0: 3 0x800003c0 (0xf9ed)
core   0: 0x800003b2 (0x1ce06093) ori     ra, zero, 462
core   0: 3 0x800003b2 (0x1ce06093) x 1 0x000001ce
core   0: 0x800003b6 (0x01577533) and     a0, a4, s5
core   0: 3 0x800003b6 (0x01577533) x10 0x00000000
core   0: 0x800003ba (0x00000736) c.slli  a4, 13
core   0: 3 0x800003ba (0x0736) x14 0x00000000
core   0: 0x800003bc (0x00000585) c.addi  a1, 1
core   0: 3 0x800003bc (0x0585) x11 0xfffffffd
core   0: 0x800003be (0x00000001) c.nop
core   0: 3 0x800003be (0x0001)
core   0: 0x800003c0 (0x0000f9ed) c.bnez  a1, pc - 14
core   0: 3 0x800003c0 (0xf9ed)
core   0: 0x800003b2 (0x1ce06093) ori     ra, zero, 462
core   0: 3 0x800003b2 (0x1ce06093) x 1 0x000001ce
core   0: 0x800003b6 (0x01577533) and     a0, a4, s5
core   0: 3 0x800003b6 (0x01577533) x10 0x00000000
core   0: 0x800003ba (0x00000736) c.slli  a4, 13
core   0: 3 0x800003ba (0x0736) x14 0x00000000
core   0: 0x800003bc (0x00000585) c.addi  a1, 1
core   0: 3 0x800003bc (0x0585) x11 0xfffffffe
core   0: 0x800003be (0x00000001) c.nop
core   0: 3 0x800003be (0x0001)
core   0: 0x800003c0 (0x0000f9ed) c.bnez  a1, pc - 14
core   0: 3 0x800003c0 (0xf9ed)
core   0: 0x800003b2 (0x1ce06093) ori     ra, zero, 462
core   0: 3 0x800003b2 (0x1ce06093) x 1 0x000001ce
core   0: 0x800003b6 (0x01577533) and     a0, a4, s5
core   0: 3 0x800003b6 (0x01577533) x10 0x00000000
core   0: 0x800003ba (0x00000736) c.slli  a4, 13
core   0: 3 0x800003ba (0x0736) x14 0x00000000
core   0: 0x800003bc (0x00000585) c.addi  a1, 1
core   0: 3 0x800003bc (0x0585) x11 0xffffffff
core   0: 0x800003be (0x00000001) c.nop
core   0: 3 0x800003be (0x0001)
core   0: 0x800003c0 (0x0000f9ed) c.bnez  a1, pc - 14
core   0: 3 0x800003c0 (0xf9ed)
core   0: 0x800003b2 (0x1ce06093) ori     ra, zero, 462
core   0: 3 0x800003b2 (0x1ce06093) x 1 0x000001ce
core   0: 0x800003b6 (0x01577533) and     a0, a4, s5
core   0: 3 0x800003b6 (0x01577533) x10 0x00000000
core   0: 0x800003ba (0x00000736) c.slli  a4, 13
core   0: 3 0x800003ba (0x0736) x14 0x00000000
core   0: 0x800003bc (0x00000585) c.addi  a1, 1
core   0: 3 0x800003bc (0x0585) x11 0x00000000
core   0: 0x800003be (0x00000001) c.nop
core   0: 3 0x800003be (0x0001)
core   0: 0x800003c0 (0x0000f9ed) c.bnez  a1, pc - 14
core   0: 3 0x800003c0 (0xf9ed)
core   0: 0x800003c2 (0x039810b3) mulh    ra, a6, s9
core   0: 3 0x800003c2 (0x039810b3) x 1 0x00000000
core   0: 0x800003c6 (0x00100313) li      t1, 1
core   0: 3 0x800003c6 (0x00100313) x 6 0x00000001
core   0: 0x800003ca (0xff800f13) li      t5, -8
core   0: 3 0x800003ca (0xff800f13) x30 0xfffffff8
core   0: 0x800003ce (0x00008f31) c.xor   a4, a2
core   0: 3 0x800003ce (0x8f31) x14 0xb4b30000
core   0: 0x800003d0 (0x02e911b3) mulh    gp, s2, a4
core   0: 3 0x800003d0 (0x02e911b3) x 3 0xffffffff
core   0: 0x800003d4 (0x00001371) c.addi  t1, -4
core   0: 3 0x800003d4 (0x1371) x 6 0xfffffffd
core   0: 0x800003d6 (0x2425ea37) lui     s4, 0x2425e
core   0: 3 0x800003d6 (0x2425ea37) x20 0x2425e000
core   0: 0x800003da (0xffc00e13) li      t3, -4
core   0: 3 0x800003da (0xffc00e13) x28 0xfffffffc
core   0: 0x800003de (0x00008f15) c.sub   a4, a3
core   0: 3 0x800003de (0x8f15) x14 0xb4b30000
core   0: 0x800003e0 (0x00300593) li      a1, 3
core   0: 3 0x800003e0 (0x00300593) x11 0x00000003
core   0: 0x800003e4 (0x00000001) c.nop
core   0: 3 0x800003e4 (0x0001)
core   0: 0x800003e6 (0x0318d033) divu    zero, a7, a7
core   0: 3 0x800003e6 (0x0318d033)
core   0: 0x800003ea (0x00000e21) c.addi  t3, 8
core   0: 3 0x800003ea (0x0e21) x28 0x00000004
core   0: 0x800003ec (0x008b16b3) sll     a3, s6, s0
core   0: 3 0x800003ec (0x008b16b3) x13 0x00000000
core   0: 0x800003f0 (0x415f5033) sra     zero, t5, s5
core   0: 3 0x800003f0 (0x415f5033)
core   0: 0x800003f4 (0xfebe48e3) blt     t3, a1, pc - 16
core   0: 3 0x800003f4 (0xfebe48e3)
core   0: 0x800003f8 (0xfde35ce3) bge     t1, t5, pc - 40
core   0: 3 0x800003f8 (0xfde35ce3)
core   0: 0x800003d0 (0x02e911b3) mulh    gp, s2, a4
core   0: 3 0x800003d0 (0x02e911b3) x 3 0xffffffff
core   0: 0x800003d4 (0x00001371) c.addi  t1, -4
core   0: 3 0x800003d4 (0x1371) x 6 0xfffffff9
core   0: 0x800003d6 (0x2425ea37) lui     s4, 0x2425e
core   0: 3 0x800003d6 (0x2425ea37) x20 0x2425e000
core   0: 0x800003da (0xffc00e13) li      t3, -4
core   0: 3 0x800003da (0xffc00e13) x28 0xfffffffc
core   0: 0x800003de (0x00008f15) c.sub   a4, a3
core   0: 3 0x800003de (0x8f15) x14 0xb4b30000
core   0: 0x800003e0 (0x00300593) li      a1, 3
core   0: 3 0x800003e0 (0x00300593) x11 0x00000003
core   0: 0x800003e4 (0x00000001) c.nop
core   0: 3 0x800003e4 (0x0001)
core   0: 0x800003e6 (0x0318d033) divu    zero, a7, a7
core   0: 3 0x800003e6 (0x0318d033)
core   0: 0x800003ea (0x00000e21) c.addi  t3, 8
core   0: 3 0x800003ea (0x0e21) x28 0x00000004
core   0: 0x800003ec (0x008b16b3) sll     a3, s6, s0
core   0: 3 0x800003ec (0x008b16b3) x13 0x00000000
core   0: 0x800003f0 (0x415f5033) sra     zero, t5, s5
core   0: 3 0x800003f0 (0x415f5033)
core   0: 0x800003f4 (0xfebe48e3) blt     t3, a1, pc - 16
core   0: 3 0x800003f4 (0xfebe48e3)
core   0: 0x800003f8 (0xfde35ce3) bge     t1, t5, pc - 40
core   0: 3 0x800003f8 (0xfde35ce3)
core   0: 0x800003d0 (0x02e911b3) mulh    gp, s2, a4
core   0: 3 0x800003d0 (0x02e911b3) x 3 0xffffffff
core   0: 0x800003d4 (0x00001371) c.addi  t1, -4
core   0: 3 0x800003d4 (0x1371) x 6 0xfffffff5
core   0: 0x800003d6 (0x2425ea37) lui     s4, 0x2425e
core   0: 3 0x800003d6 (0x2425ea37) x20 0x2425e000
core   0: 0x800003da (0xffc00e13) li      t3, -4
core   0: 3 0x800003da (0xffc00e13) x28 0xfffffffc
core   0: 0x800003de (0x00008f15) c.sub   a4, a3
core   0: 3 0x800003de (0x8f15) x14 0xb4b30000
core   0: 0x800003e0 (0x00300593) li      a1, 3
core   0: 3 0x800003e0 (0x00300593) x11 0x00000003
core   0: 0x800003e4 (0x00000001) c.nop
core   0: 3 0x800003e4 (0x0001)
core   0: 0x800003e6 (0x0318d033) divu    zero, a7, a7
core   0: 3 0x800003e6 (0x0318d033)
core   0: 0x800003ea (0x00000e21) c.addi  t3, 8
core   0: 3 0x800003ea (0x0e21) x28 0x00000004
core   0: 0x800003ec (0x008b16b3) sll     a3, s6, s0
core   0: 3 0x800003ec (0x008b16b3) x13 0x00000000
core   0: 0x800003f0 (0x415f5033) sra     zero, t5, s5
core   0: 3 0x800003f0 (0x415f5033)
core   0: 0x800003f4 (0xfebe48e3) blt     t3, a1, pc - 16
core   0: 3 0x800003f4 (0xfebe48e3)
core   0: 0x800003f8 (0xfde35ce3) bge     t1, t5, pc - 40
core   0: 3 0x800003f8 (0xfde35ce3)
core   0: 0x800003fc (0x40c80eb3) sub     t4, a6, a2
core   0: 3 0x800003fc (0x40c80eb3) x29 0x4b4d0000
core   0: 0x80000400 (0xff600713) li      a4, -10
core   0: 3 0x80000400 (0xff600713) x14 0xfffffff6
core   0: 0x80000404 (0xff000b93) li      s7, -16
core   0: 3 0x80000404 (0xff000b93) x23 0xfffffff0
core   0: 0x80000408 (0xdc3bc293) xori    t0, s7, -573
core   0: 3 0x80000408 (0xdc3bc293) x 5 0x00000233
core   0: 0x8000040c (0x00001769) c.addi  a4, -6
core   0: 3 0x8000040c (0x1769) x14 0xfffffff0
core   0: 0x8000040e (0x00000001) c.nop
core   0: 3 0x8000040e (0x0001)
core   0: 0x80000410 (0x00a00513) li      a0, 10
core   0: 3 0x80000410 (0x00a00513) x10 0x0000000a
core   0: 0x80000414 (0x00a00f93) li      t6, 10
core   0: 3 0x80000414 (0x00a00f93) x31 0x0000000a
core   0: 0x80000418 (0xd3637593) andi    a1, t1, -714
core   0: 3 0x80000418 (0xd3637593) x11 0xfffffd34
core   0: 0x8000041c (0x00008c11) c.sub   s0, a2
core   0: 3 0x8000041c (0x8c11) x 8 0x4b4cffff
core   0: 0x8000041e (0x0000155d) c.addi  a0, -9
core   0: 3 0x8000041e (0x155d) x10 0x00000001
core   0: 0x80000420 (0xfff57ee3) bgeu    a0, t6, pc - 4
core   0: 3 0x80000420 (0xfff57ee3)
core   0: 0x80000424 (0x012326b3) slt     a3, t1, s2
core   0: 3 0x80000424 (0x012326b3) x13 0x00000001
core   0: 0x80000428 (0x39bbac17) auipc   s8, 0x39bba
core   0: 3 0x80000428 (0x39bbac17) x24 0xb9bba428
core   0: 0x8000042c (0x000098b2) c.add   a7, a2
core   0: 3 0x8000042c (0x98b2) x17 0xb4b30001
core   0: 0x8000042e (0xfd770de3) beq     a4, s7, pc - 38
core   0: 3 0x8000042e (0xfd770de3)
core   0: 0x80000408 (0xdc3bc293) xori    t0, s7, -573
core   0: 3 0x80000408 (0xdc3bc293) x 5 0x00000233
core   0: 0x8000040c (0x00001769) c.addi  a4, -6
core   0: 3 0x8000040c (0x1769) x14 0xffffffea
core   0: 0x8000040e (0x00000001) c.nop
core   0: 3 0x8000040e (0x0001)
core   0: 0x80000410 (0x00a00513) li      a0, 10
core   0: 3 0x80000410 (0x00a00513) x10 0x0000000a
core   0: 0x80000414 (0x00a00f93) li      t6, 10
core   0: 3 0x80000414 (0x00a00f93) x31 0x0000000a
core   0: 0x80000418 (0xd3637593) andi    a1, t1, -714
core   0: 3 0x80000418 (0xd3637593) x11 0xfffffd34
core   0: 0x8000041c (0x00008c11) c.sub   s0, a2
core   0: 3 0x8000041c (0x8c11) x 8 0x9699ffff
core   0: 0x8000041e (0x0000155d) c.addi  a0, -9
core   0: 3 0x8000041e (0x155d) x10 0x00000001
core   0: 0x80000420 (0xfff57ee3) bgeu    a0, t6, pc - 4
core   0: 3 0x80000420 (0xfff57ee3)
core   0: 0x80000424 (0x012326b3) slt     a3, t1, s2
core   0: 3 0x80000424 (0x012326b3) x13 0x00000001
core   0: 0x80000428 (0x39bbac17) auipc   s8, 0x39bba
core   0: 3 0x80000428 (0x39bbac17) x24 0xb9bba428
core   0: 0x8000042c (0x000098b2) c.add   a7, a2
core   0: 3 0x8000042c (0x98b2) x17 0x69660001
core   0: 0x8000042e (0xfd770de3) beq     a4, s7, pc - 38
core   0: 3 0x8000042e (0xfd770de3)
core   0: 0x80000432 (0x003d1833) sll     a6, s10, gp
core   0: 3 0x80000432 (0x003d1833) x16 0x00000000
core   0: 0x80000436 (0xffd00e13) li      t3, -3
core   0: 3 0x80000436 (0xffd00e13) x28 0xfffffffd
core   0: 0x8000043a (0xc1b30093) addi    ra, t1, -997
core   0: 3 0x8000043a (0xc1b30093) x 1 0xfffffc10
core   0: 0x8000043e (0x0ff0000f) fence   iorw,iorw
core   0: 3 0x8000043e (0x0ff0000f)
core   0: 0x80000442 (0x01400413) li      s0, 20
core   0: 3 0x80000442 (0x01400413) x 8 0x00000014
core   0: 0x80000446 (0x3db11fb7) lui     t6, 0x3db11
core   0: 3 0x80000446 (0x3db11fb7) x31 0x3db11000
core   0: 0x8000044a (0x00000e05) c.addi  t3, 1
core   0: 3 0x8000044a (0x0e05) x28 0xfffffffe
core   0: 0x8000044c (0xffa00493) li      s1, -6
core   0: 3 0x8000044c (0xffa00493) x 9 0xfffffffa
core   0: 0x80000450 (0x1aac7597) auipc   a1, 0x1aac7
core   0: 3 0x80000450 (0x1aac7597) x11 0x9aac7450
core   0: 0x80000454 (0x00300693) li      a3, 3
core   0: 3 0x80000454 (0x00300693) x13 0x00000003
core   0: 0x80000458 (0x50349c37) lui     s8, 0x50349
core   0: 3 0x80000458 (0x50349c37) x24 0x50349000
core   0: 0x8000045c (0xf8f3deb7) lui     t4, 0xf8f3d
core   0: 3 0x8000045c (0xf8f3deb7) x29 0xf8f3d000
core   0: 0x80000460 (0x000004a1) c.addi  s1, 8
core   0: 3 0x80000460 (0x04a1) x 9 0x00000002
core   0: 0x80000462 (0x009630b3) sltu    ra, a2, s1
core   0: 3 0x80000462 (0x009630b3) x 1 0x00000000
core   0: 0x80000466 (0xfed4ebe3) bltu    s1, a3, pc - 10
core   0: 3 0x80000466 (0xfed4ebe3)
core   0: 0x8000045c (0xf8f3deb7) lui     t4, 0xf8f3d
core   0: 3 0x8000045c (0xf8f3deb7) x29 0xf8f3d000
core   0: 0x80000460 (0x000004a1) c.addi  s1, 8
core   0: 3 0x80000460 (0x04a1) x 9 0x0000000a
core   0: 0x80000462 (0x009630b3) sltu    ra, a2, s1
core   0: 3 0x80000462 (0x009630b3) x 1 0x00000000
core   0: 0x80000466 (0xfed4ebe3) bltu    s1, a3, pc - 10
core   0: 3 0x80000466 (0xfed4ebe3)
core   0: 0x8000046a (0xfc8e0ee3) beq     t3, s0, pc - 36
core   0: 3 0x8000046a (0xfc8e0ee3)
core   0: 0x8000046e (0x01781233) sll     tp, a6, s7
core   0: 3 0x8000046e (0x01781233) x 4 0x00000000
core   0: 0x80000472 (0x00100593) li      a1, 1
core   0: 3 0x80000472 (0x00100593) x11 0x00000001
core   0: 0x80000476 (0x00008836) c.mv    a6, a3
core   0: 3 0x80000476 (0x8836) x16 0x00000003
core   0: 0x80000478 (0x8c007a13) andi    s4, zero, -1856
core   0: 3 0x80000478 (0x8c007a13) x20 0x00000000
core   0: 0x8000047c (0xfef00a93) li      s5, -17
core   0: 3 0x8000047c (0xfef00a93) x21 0xffffffef
core   0: 0x80000480 (0x88783393) sltiu   t2, a6, -1913
core   0: 3 0x80000480 (0x88783393) x 7 0x00000001
core   0: 0x80000484 (0x03ae1b33) mulh    s6, t3, s10
core   0: 3 0x80000484 (0x03ae1b33) x22 0x00000000
core   0: 0x80000488 (0x02e642b3) div     t0, a2, a4
core   0: 3 0x80000488 (0x02e642b3) x 5 0x036c3a2e
core   0: 0x8000048c (0x00008c91) c.sub   s1, a2
core   0: 3 0x8000048c (0x8c91) x 9 0x4b4d000a
core   0: 0x8000048e (0xfc351697) auipc   a3, 0xfc351
core   0: 3 0x8000048e (0xfc351697) x13 0x7c35148e
core   0: 0x80000492 (0x00a6e733) or      a4, a3, a0
core   0: 3 0x80000492 (0x00a6e733) x14 0x7c35148f
core   0: 0x80000496 (0x025da8b3) mulhsu  a7, s11, t0
core   0: 3 0x80000496 (0x025da8b3) x17 0xfffffff2
core   0: 0x8000049a (0x029204b3) mul     s1, tp, s1
core   0: 3 0x8000049a (0x029204b3) x 9 0x00000000
core   0: 0x8000049e (0x0000100f) fence.i
core   0: 3 0x8000049e (0x0000100f)
core   0: 0x800004a2 (0x000015dd) c.addi  a1, -9
core   0: 3 0x800004a2 (0x15dd) x11 0xfffffff8
core   0: 0x800004a4 (0x415ed8b3) sra     a7, t4, s5
core   0: 3 0x800004a4 (0x415ed8b3) x17 0xfffff1e7
core   0: 0x800004a8 (0x03035eb3) divu    t4, t1, a6
core   0: 3 0x800004a8 (0x03035eb3) x29 0x55555551
core   0: 0x800004ac (0xfd558ee3) beq     a1, s5, pc - 36
core   0: 3 0x800004ac (0xfd558ee3)
core   0: 0x800004b0 (0x01a09b93) slli    s7, ra, 26
core   0: 3 0x800004b0 (0x01a09b93) x23 0x00000000
core   0: 0x800004b4 (0xffa00713) li      a4, -6
core   0: 3 0x800004b4 (0xffa00713) x14 0xfffffffa
core   0: 0x800004b8 (0x00000001) c.nop
core   0: 3 0x800004b8 (0x0001)
core   0: 0x800004ba (0x02532c33) mulhsu  s8, t1, t0
core   0: 3 0x800004ba (0x02532c33) x24 0xffffffff
core   0: 0x800004be (0x00000001) c.nop
core   0: 3 0x800004be (0x0001)
core   0: 0x800004c0 (0x00000709) c.addi  a4, 2
core   0: 3 0x800004c0 (0x0709) x14 0xfffffffc
core   0: 0x800004c2 (0x00008239) c.srli  a2, 14
core   0: 3 0x800004c2 (0x8239) x12 0x0002d2cc
core   0: 0x800004c4 (0x0000fb7d) c.bnez  a4, pc - 10
core   0: 3 0x800004c4 (0xfb7d)
core   0: 0x800004ba (0x02532c33) mulhsu  s8, t1, t0
core   0: 3 0x800004ba (0x02532c33) x24 0xffffffff
core   0: 0x800004be (0x00000001) c.nop
core   0: 3 0x800004be (0x0001)
core   0: 0x800004c0 (0x00000709) c.addi  a4, 2
core   0: 3 0x800004c0 (0x0709) x14 0xfffffffe
core   0: 0x800004c2 (0x00008239) c.srli  a2, 14
core   0: 3 0x800004c2 (0x8239) x12 0x0000000b
core   0: 0x800004c4 (0x0000fb7d) c.bnez  a4, pc - 10
core   0: 3 0x800004c4 (0xfb7d)
core   0: 0x800004ba (0x02532c33) mulhsu  s8, t1, t0
core   0: 3 0x800004ba (0x02532c33) x24 0xffffffff
core   0: 0x800004be (0x00000001) c.nop
core   0: 3 0x800004be (0x0001)
core   0: 0x800004c0 (0x00000709) c.addi  a4, 2
core   0: 3 0x800004c0 (0x0709) x14 0x00000000
core   0: 0x800004c2 (0x00008239) c.srli  a2, 14
core   0: 3 0x800004c2 (0x8239) x12 0x00000000
core   0: 0x800004c4 (0x0000fb7d) c.bnez  a4, pc - 10
core   0: 3 0x800004c4 (0xfb7d)
core   0: 0x800004c6 (0x034d69b3) rem     s3, s10, s4
core   0: 3 0x800004c6 (0x034d69b3) x19 0x80022e64
core   0: 0x800004ca (0xffa00593) li      a1, -6
core   0: 3 0x800004ca (0xffa00593) x11 0xfffffffa
core   0: 0x800004ce (0x00000001) c.nop
core   0: 3 0x800004ce (0x0001)
core   0: 0x800004d0 (0x003f46b3) xor     a3, t5, gp
core   0: 3 0x800004d0 (0x003f46b3) x13 0x00000007
core   0: 0x800004d4 (0x0278a1b3) mulhsu  gp, a7, t2
core   0: 3 0x800004d4 (0x0278a1b3) x 3 0xffffffff
core   0: 0x800004d8 (0x00000ad6) c.slli  s5, 21
core   0: 3 0x800004d8 (0x0ad6) x21 0xfde00000
core   0: 0x800004da (0x01aac733) xor     a4, s5, s10
core   0: 3 0x800004da (0x01aac733) x14 0x7de22e64
core   0: 0x800004de (0x00000599) c.addi  a1, 6
core   0: 3 0x800004de (0x0599) x11 0x00000000
core   0: 0x800004e0 (0x3f970c93) addi    s9, a4, 1017
core   0: 3 0x800004e0 (0x3f970c93) x25 0x7de2325d
core   0: 0x800004e4 (0xff700613) li      a2, -9
core   0: 3 0x800004e4 (0xff700613) x12 0xfffffff7
core   0: 0x800004e8 (0x13248193) addi    gp, s1, 306
core   0: 3 0x800004e8 (0x13248193) x 3 0x00000132
core   0: 0x800004ec (0x00100913) li      s2, 1
core   0: 3 0x800004ec (0x00100913) x18 0x00000001
core   0: 0x800004f0 (0x00000001) c.nop
core   0: 3 0x800004f0 (0x0001)
core   0: 0x800004f2 (0x4104d3b3) sra     t2, s1, a6
core   0: 3 0x800004f2 (0x4104d3b3) x 7 0x00000000
core   0: 0x800004f6 (0x00000605) c.addi  a2, 1
core   0: 3 0x800004f6 (0x0605) x12 0xfffffff8
core   0: 0x800004f8 (0x01cfd713) srli    a4, t6, 28
core   0: 3 0x800004f8 (0x01cfd713) x14 0x00000003
core   0: 0x800004fc (0xff261ae3) bne     a2, s2, pc - 12
core   0: 3 0x800004fc (0xff261ae3)
core   0: 0x800004f0 (0x00000001) c.nop
core   0: 3 0x800004f0 (0x0001)
core   0: 0x800004f2 (0x4104d3b3) sra     t2, s1, a6
core   0: 3 0x800004f2 (0x4104d3b3) x 7 0x00000000
core   0: 0x800004f6 (0x00000605) c.addi  a2, 1
core   0: 3 0x800004f6 (0x0605) x12 0xfffffff9
core   0: 0x800004f8 (0x01cfd713) srli    a4, t6, 28
core   0: 3 0x800004f8 (0x01cfd713) x14 0x00000003
core   0: 0x800004fc (0xff261ae3) bne     a2, s2, pc - 12
core   0: 3 0x800004fc (0xff261ae3)
core   0: 0x800004f0 (0x00000001) c.nop
core   0: 3 0x800004f0 (0x0001)
core   0: 0x800004f2 (0x4104d3b3) sra     t2, s1, a6
core   0: 3 0x800004f2 (0x4104d3b3) x 7 0x00000000
core   0: 0x800004f6 (0x00000605) c.addi  a2, 1
core   0: 3 0x800004f6 (0x0605) x12 0xfffffffa
core   0: 0x800004f8 (0x01cfd713) srli    a4, t6, 28
core   0: 3 0x800004f8 (0x01cfd713) x14 0x00000003
core   0: 0x800004fc (0xff261ae3) bne     a2, s2, pc - 12
core   0: 3 0x800004fc (0xff261ae3)
core   0: 0x800004f0 (0x00000001) c.nop
core   0: 3 0x800004f0 (0x0001)
core   0: 0x800004f2 (0x4104d3b3) sra     t2, s1, a6
core   0: 3 0x800004f2 (0x4104d3b3) x 7 0x00000000
core   0: 0x800004f6 (0x00000605) c.addi  a2, 1
core   0: 3 0x800004f6 (0x0605) x12 0xfffffffb
core   0: 0x800004f8 (0x01cfd713) srli    a4, t6, 28
core   0: 3 0x800004f8 (0x01cfd713) x14 0x00000003
core   0: 0x800004fc (0xff261ae3) bne     a2, s2, pc - 12
core   0: 3 0x800004fc (0xff261ae3)
core   0: 0x800004f0 (0x00000001) c.nop
core   0: 3 0x800004f0 (0x0001)
core   0: 0x800004f2 (0x4104d3b3) sra     t2, s1, a6
core   0: 3 0x800004f2 (0x4104d3b3) x 7 0x00000000
core   0: 0x800004f6 (0x00000605) c.addi  a2, 1
core   0: 3 0x800004f6 (0x0605) x12 0xfffffffc
core   0: 0x800004f8 (0x01cfd713) srli    a4, t6, 28
core   0: 3 0x800004f8 (0x01cfd713) x14 0x00000003
core   0: 0x800004fc (0xff261ae3) bne     a2, s2, pc - 12
core   0: 3 0x800004fc (0xff261ae3)
core   0: 0x800004f0 (0x00000001) c.nop
core   0: 3 0x800004f0 (0x0001)
core   0: 0x800004f2 (0x4104d3b3) sra     t2, s1, a6
core   0: 3 0x800004f2 (0x4104d3b3) x 7 0x00000000
core   0: 0x800004f6 (0x00000605) c.addi  a2, 1
core   0: 3 0x800004f6 (0x0605) x12 0xfffffffd
core   0: 0x800004f8 (0x01cfd713) srli    a4, t6, 28
core   0: 3 0x800004f8 (0x01cfd713) x14 0x00000003
core   0: 0x800004fc (0xff261ae3) bne     a2, s2, pc - 12
core   0: 3 0x800004fc (0xff261ae3)
core   0: 0x800004f0 (0x00000001) c.nop
core   0: 3 0x800004f0 (0x0001)
core   0: 0x800004f2 (0x4104d3b3) sra     t2, s1, a6
core   0: 3 0x800004f2 (0x4104d3b3) x 7 0x00000000
core   0: 0x800004f6 (0x00000605) c.addi  a2, 1
core   0: 3 0x800004f6 (0x0605) x12 0xfffffffe
core   0: 0x800004f8 (0x01cfd713) srli    a4, t6, 28
core   0: 3 0x800004f8 (0x01cfd713) x14 0x00000003
core   0: 0x800004fc (0xff261ae3) bne     a2, s2, pc - 12
core   0: 3 0x800004fc (0xff261ae3)
core   0: 0x800004f0 (0x00000001) c.nop
core   0: 3 0x800004f0 (0x0001)
core   0: 0x800004f2 (0x4104d3b3) sra     t2, s1, a6
core   0: 3 0x800004f2 (0x4104d3b3) x 7 0x00000000
core   0: 0x800004f6 (0x00000605) c.addi  a2, 1
core   0: 3 0x800004f6 (0x0605) x12 0xffffffff
core   0: 0x800004f8 (0x01cfd713) srli    a4, t6, 28
core   0: 3 0x800004f8 (0x01cfd713) x14 0x00000003
core   0: 0x800004fc (0xff261ae3) bne     a2, s2, pc - 12
core   0: 3 0x800004fc (0xff261ae3)
core   0: 0x800004f0 (0x00000001) c.nop
core   0: 3 0x800004f0 (0x0001)
core   0: 0x800004f2 (0x4104d3b3) sra     t2, s1, a6
core   0: 3 0x800004f2 (0x4104d3b3) x 7 0x00000000
core   0: 0x800004f6 (0x00000605) c.addi  a2, 1
core   0: 3 0x800004f6 (0x0605) x12 0x00000000
core   0: 0x800004f8 (0x01cfd713) srli    a4, t6, 28
core   0: 3 0x800004f8 (0x01cfd713) x14 0x00000003
core   0: 0x800004fc (0xff261ae3) bne     a2, s2, pc - 12
core   0: 3 0x800004fc (0xff261ae3)
core   0: 0x800004f0 (0x00000001) c.nop
core   0: 3 0x800004f0 (0x0001)
core   0: 0x800004f2 (0x4104d3b3) sra     t2, s1, a6
core   0: 3 0x800004f2 (0x4104d3b3) x 7 0x00000000
core   0: 0x800004f6 (0x00000605) c.addi  a2, 1
core   0: 3 0x800004f6 (0x0605) x12 0x00000001
core   0: 0x800004f8 (0x01cfd713) srli    a4, t6, 28
core   0: 3 0x800004f8 (0x01cfd713) x14 0x00000003
core   0: 0x800004fc (0xff261ae3) bne     a2, s2, pc - 12
core   0: 3 0x800004fc (0xff261ae3)
core   0: 0x80000500 (0x034cf533) remu    a0, s9, s4
core   0: 3 0x80000500 (0x034cf533) x10 0x7de2325d
core   0: 0x80000504 (0x02a09db3) mulh    s11, ra, a0
core   0: 3 0x80000504 (0x02a09db3) x27 0x00000000
core   0: 0x80000508 (0x02c2fb33) remu    s6, t0, a2
core   0: 3 0x80000508 (0x02c2fb33) x22 0x00000000
core   0: 0x8000050c (0x0000f5e1) c.bnez  a1, pc - 56
core   0: 3 0x8000050c (0xf5e1)
core   0: 0x8000050e (0x00008cb1) c.xor   s1, a2
core   0: 3 0x8000050e (0x8cb1) x 9 0x00000001
core   0: 0x80000510 (0x00200913) li      s2, 2
core   0: 3 0x80000510 (0x00200913) x18 0x00000002
core   0: 0x80000514 (0x00008e99) c.sub   a3, a4
core   0: 3 0x80000514 (0x8e99) x13 0x00000004
core   0: 0x80000516 (0x00400293) li      t0, 4
core   0: 3 0x80000516 (0x00400293) x 5 0x00000004
core   0: 0x8000051a (0x02527bb3) remu    s7, tp, t0
core   0: 3 0x8000051a (0x02527bb3) x23 0x00000000
core   0: 0x8000051e (0x0000567d) c.li    a2, -1
core   0: 3 0x8000051e (0x567d) x12 0xffffffff
core   0: 0x80000520 (0x01cf3e33) sltu    t3, t5, t3
core   0: 3 0x80000520 (0x01cf3e33) x28 0x00000001
core   0: 0x80000524 (0x00001c7d) c.addi  s8, -1
core   0: 3 0x80000524 (0x1c7d) x24 0xfffffffe
core   0: 0x80000526 (0x0000090d) c.addi  s2, 3
core   0: 3 0x80000526 (0x090d) x18 0x00000005
core   0: 0x80000528 (0x03de2233) mulhsu  tp, t3, t4
core   0: 3 0x80000528 (0x03de2233) x 4 0x00000000
core   0: 0x8000052c (0xff900513) li      a0, -7
core   0: 3 0x8000052c (0xff900513) x10 0xfffffff9
core   0: 0x80000530 (0x00ca9e33) sll     t3, s5, a2
core   0: 3 0x80000530 (0x00ca9e33) x28 0x00000000
core   0: 0x80000534 (0x00b00313) li      t1, 11
core   0: 3 0x80000534 (0x00b00313) x 6 0x0000000b
core   0: 0x80000538 (0x002ee1b3) or      gp, t4, sp
core   0: 3 0x80000538 (0x002ee1b3) x 3 0xd5577df5
core   0: 0x8000053c (0x00000001) c.nop
core   0: 3 0x8000053c (0x0001)
core   0: 0x8000053e (0x03124cb3) div     s9, tp, a7
core   0: 3 0x8000053e (0x03124cb3) x25 0x00000000
core   0: 0x80000542 (0x00008f35) c.xor   a4, a3
core   0: 3 0x80000542 (0x8f35) x14 0x00000007
core   0: 0x80000544 (0x03ec85b3) mul     a1, s9, t5
core   0: 3 0x80000544 (0x03ec85b3) x11 0x00000000
core   0: 0x80000548 (0x0a868093) addi    ra, a3, 168
core   0: 3 0x80000548 (0x0a868093) x 1 0x000000ac
core   0: 0x8000054c (0x010e6c33) or      s8, t3, a6
core   0: 3 0x8000054c (0x010e6c33) x24 0x00000003
core   0: 0x80000550 (0x08102593) slti    a1, zero, 129
core   0: 3 0x80000550 (0x08102593) x11 0x00000001
core   0: 0x80000554 (0x00008dd9) c.or    a1, a4
core   0: 3 0x80000554 (0x8dd9) x11 0x00000007
core   0: 0x80000556 (0x000095ba) c.add   a1, a4
core   0: 3 0x80000556 (0x95ba) x11 0x0000000e
core   0: 0x80000558 (0x0000919e) c.add   gp, t2
core   0: 3 0x80000558 (0x919e) x 3 0xd5577df5
core   0: 0x8000055a (0x00000505) c.addi  a0, 1
core   0: 3 0x8000055a (0x0505) x10 0xfffffffa
core   0: 0x8000055c (0x0228eeb3) rem     t4, a7, sp
core   0: 3 0x8000055c (0x0228eeb3) x29 0xfffff1e7
core   0: 0x80000560 (0xfe651ae3) bne     a0, t1, pc - 12
core   0: 3 0x80000560 (0xfe651ae3)
core   0: 0x80000554 (0x00008dd9) c.or    a1, a4
core   0: 3 0x80000554 (0x8dd9) x11 0x0000000f
core   0: 0x80000556 (0x000095ba) c.add   a1, a4
core   0: 3 0x80000556 (0x95ba) x11 0x00000016
core   0: 0x80000558 (0x0000919e) c.add   gp, t2
core   0: 3 0x80000558 (0x919e) x 3 0xd5577df5
core   0: 0x8000055a (0x00000505) c.addi  a0, 1
core   0: 3 0x8000055a (0x0505) x10 0xfffffffb
core   0: 0x8000055c (0x0228eeb3) rem     t4, a7, sp
core   0: 3 0x8000055c (0x0228eeb3) x29 0xfffff1e7
core   0: 0x80000560 (0xfe651ae3) bne     a0, t1, pc - 12
core   0: 3 0x80000560 (0xfe651ae3)
core   0: 0x80000554 (0x00008dd9) c.or    a1, a4
core   0: 3 0x80000554 (0x8dd9) x11 0x00000017
core   0: 0x80000556 (0x000095ba) c.add   a1, a4
core   0: 3 0x80000556 (0x95ba) x11 0x0000001e
core   0: 0x80000558 (0x0000919e) c.add   gp, t2
core   0: 3 0x80000558 (0x919e) x 3 0xd5577df5
core   0: 0x8000055a (0x00000505) c.addi  a0, 1
core   0: 3 0x8000055a (0x0505) x10 0xfffffffc
core   0: 0x8000055c (0x0228eeb3) rem     t4, a7, sp
core   0: 3 0x8000055c (0x0228eeb3) x29 0xfffff1e7
core   0: 0x80000560 (0xfe651ae3) bne     a0, t1, pc - 12
core   0: 3 0x80000560 (0xfe651ae3)
core   0: 0x80000554 (0x00008dd9) c.or    a1, a4
core   0: 3 0x80000554 (0x8dd9) x11 0x0000001f
core   0: 0x80000556 (0x000095ba) c.add   a1, a4
core   0: 3 0x80000556 (0x95ba) x11 0x00000026
core   0: 0x80000558 (0x0000919e) c.add   gp, t2
core   0: 3 0x80000558 (0x919e) x 3 0xd5577df5
core   0: 0x8000055a (0x00000505) c.addi  a0, 1
core   0: 3 0x8000055a (0x0505) x10 0xfffffffd
core   0: 0x8000055c (0x0228eeb3) rem     t4, a7, sp
core   0: 3 0x8000055c (0x0228eeb3) x29 0xfffff1e7
core   0: 0x80000560 (0xfe651ae3) bne     a0, t1, pc - 12
core   0: 3 0x80000560 (0xfe651ae3)
core   0: 0x80000554 (0x00008dd9) c.or    a1, a4
core   0: 3 0x80000554 (0x8dd9) x11 0x00000027
core   0: 0x80000556 (0x000095ba) c.add   a1, a4
core   0: 3 0x80000556 (0x95ba) x11 0x0000002e
core   0: 0x80000558 (0x0000919e) c.add   gp, t2
core   0: 3 0x80000558 (0x919e) x 3 0xd5577df5
core   0: 0x8000055a (0x00000505) c.addi  a0, 1
core   0: 3 0x8000055a (0x0505) x10 0xfffffffe
core   0: 0x8000055c (0x0228eeb3) rem     t4, a7, sp
core   0: 3 0x8000055c (0x0228eeb3) x29 0xfffff1e7
core   0: 0x80000560 (0xfe651ae3) bne     a0, t1, pc - 12
core   0: 3 0x80000560 (0xfe651ae3)
core   0: 0x80000554 (0x00008dd9) c.or    a1, a4
core   0: 3 0x80000554 (0x8dd9) x11 0x0000002f
core   0: 0x80000556 (0x000095ba) c.add   a1, a4
core   0: 3 0x80000556 (0x95ba) x11 0x00000036
core   0: 0x80000558 (0x0000919e) c.add   gp, t2
core   0: 3 0x80000558 (0x919e) x 3 0xd5577df5
core   0: 0x8000055a (0x00000505) c.addi  a0, 1
core   0: 3 0x8000055a (0x0505) x10 0xffffffff
core   0: 0x8000055c (0x0228eeb3) rem     t4, a7, sp
core   0: 3 0x8000055c (0x0228eeb3) x29 0xfffff1e7
core   0: 0x80000560 (0xfe651ae3) bne     a0, t1, pc - 12
core   0: 3 0x80000560 (0xfe651ae3)
core   0: 0x80000554 (0x00008dd9) c.or    a1, a4
core   0: 3 0x80000554 (0x8dd9) x11 0x00000037
core   0: 0x80000556 (0x000095ba) c.add   a1, a4
core   0: 3 0x80000556 (0x95ba) x11 0x0000003e
core   0: 0x80000558 (0x0000919e) c.add   gp, t2
core   0: 3 0x80000558 (0x919e) x 3 0xd5577df5
core   0: 0x8000055a (0x00000505) c.addi  a0, 1
core   0: 3 0x8000055a (0x0505) x10 0x00000000
core   0: 0x8000055c (0x0228eeb3) rem     t4, a7, sp
core   0: 3 0x8000055c (0x0228eeb3) x29 0xfffff1e7
core   0: 0x80000560 (0xfe651ae3) bne     a0, t1, pc - 12
core   0: 3 0x80000560 (0xfe651ae3)
core   0: 0x80000554 (0x00008dd9) c.or    a1, a4
core   0: 3 0x80000554 (0x8dd9) x11 0x0000003f
core   0: 0x80000556 (0x000095ba) c.add   a1, a4
core   0: 3 0x80000556 (0x95ba) x11 0x00000046
core   0: 0x80000558 (0x0000919e) c.add   gp, t2
core   0: 3 0x80000558 (0x919e) x 3 0xd5577df5
core   0: 0x8000055a (0x00000505) c.addi  a0, 1
core   0: 3 0x8000055a (0x0505) x10 0x00000001
core   0: 0x8000055c (0x0228eeb3) rem     t4, a7, sp
core   0: 3 0x8000055c (0x0228eeb3) x29 0xfffff1e7
core   0: 0x80000560 (0xfe651ae3) bne     a0, t1, pc - 12
core   0: 3 0x80000560 (0xfe651ae3)
core   0: 0x80000554 (0x00008dd9) c.or    a1, a4
core   0: 3 0x80000554 (0x8dd9) x11 0x00000047
core   0: 0x80000556 (0x000095ba) c.add   a1, a4
core   0: 3 0x80000556 (0x95ba) x11 0x0000004e
core   0: 0x80000558 (0x0000919e) c.add   gp, t2
core   0: 3 0x80000558 (0x919e) x 3 0xd5577df5
core   0: 0x8000055a (0x00000505) c.addi  a0, 1
core   0: 3 0x8000055a (0x0505) x10 0x00000002
core   0: 0x8000055c (0x0228eeb3) rem     t4, a7, sp
core   0: 3 0x8000055c (0x0228eeb3) x29 0xfffff1e7
core   0: 0x80000560 (0xfe651ae3) bne     a0, t1, pc - 12
core   0: 3 0x80000560 (0xfe651ae3)
core   0: 0x80000554 (0x00008dd9) c.or    a1, a4
core   0: 3 0x80000554 (0x8dd9) x11 0x0000004f
core   0: 0x80000556 (0x000095ba) c.add   a1, a4
core   0: 3 0x80000556 (0x95ba) x11 0x00000056
core   0: 0x80000558 (0x0000919e) c.add   gp, t2
core   0: 3 0x80000558 (0x919e) x 3 0xd5577df5
core   0: 0x8000055a (0x00000505) c.addi  a0, 1
core   0: 3 0x8000055a (0x0505) x10 0x00000003
core   0: 0x8000055c (0x0228eeb3) rem     t4, a7, sp
core   0: 3 0x8000055c (0x0228eeb3) x29 0xfffff1e7
core   0: 0x80000560 (0xfe651ae3) bne     a0, t1, pc - 12
core   0: 3 0x80000560 (0xfe651ae3)
core   0: 0x80000554 (0x00008dd9) c.or    a1, a4
core   0: 3 0x80000554 (0x8dd9) x11 0x00000057
core   0: 0x80000556 (0x000095ba) c.add   a1, a4
core   0: 3 0x80000556 (0x95ba) x11 0x0000005e
core   0: 0x80000558 (0x0000919e) c.add   gp, t2
core   0: 3 0x80000558 (0x919e) x 3 0xd5577df5
core   0: 0x8000055a (0x00000505) c.addi  a0, 1
core   0: 3 0x8000055a (0x0505) x10 0x00000004
core   0: 0x8000055c (0x0228eeb3) rem     t4, a7, sp
core   0: 3 0x8000055c (0x0228eeb3) x29 0xfffff1e7
core   0: 0x80000560 (0xfe651ae3) bne     a0, t1, pc - 12
core   0: 3 0x80000560 (0xfe651ae3)
core   0: 0x80000554 (0x00008dd9) c.or    a1, a4
core   0: 3 0x80000554 (0x8dd9) x11 0x0000005f
core   0: 0x80000556 (0x000095ba) c.add   a1, a4
core   0: 3 0x80000556 (0x95ba) x11 0x00000066
core   0: 0x80000558 (0x0000919e) c.add   gp, t2
core   0: 3 0x80000558 (0x919e) x 3 0xd5577df5
core   0: 0x8000055a (0x00000505) c.addi  a0, 1
core   0: 3 0x8000055a (0x0505) x10 0x00000005
core   0: 0x8000055c (0x0228eeb3) rem     t4, a7, sp
core   0: 3 0x8000055c (0x0228eeb3) x29 0xfffff1e7
core   0: 0x80000560 (0xfe651ae3) bne     a0, t1, pc - 12
core   0: 3 0x80000560 (0xfe651ae3)
core   0: 0x80000554 (0x00008dd9) c.or    a1, a4
core   0: 3 0x80000554 (0x8dd9) x11 0x00000067
core   0: 0x80000556 (0x000095ba) c.add   a1, a4
core   0: 3 0x80000556 (0x95ba) x11 0x0000006e
core   0: 0x80000558 (0x0000919e) c.add   gp, t2
core   0: 3 0x80000558 (0x919e) x 3 0xd5577df5
core   0: 0x8000055a (0x00000505) c.addi  a0, 1
core   0: 3 0x8000055a (0x0505) x10 0x00000006
core   0: 0x8000055c (0x0228eeb3) rem     t4, a7, sp
core   0: 3 0x8000055c (0x0228eeb3) x29 0xfffff1e7
core   0: 0x80000560 (0xfe651ae3) bne     a0, t1, pc - 12
core   0: 3 0x80000560 (0xfe651ae3)
core   0: 0x80000554 (0x00008dd9) c.or    a1, a4
core   0: 3 0x80000554 (0x8dd9) x11 0x0000006f
core   0: 0x80000556 (0x000095ba) c.add   a1, a4
core   0: 3 0x80000556 (0x95ba) x11 0x00000076
core   0: 0x80000558 (0x0000919e) c.add   gp, t2
core   0: 3 0x80000558 (0x919e) x 3 0xd5577df5
core   0: 0x8000055a (0x00000505) c.addi  a0, 1
core   0: 3 0x8000055a (0x0505) x10 0x00000007
core   0: 0x8000055c (0x0228eeb3) rem     t4, a7, sp
core   0: 3 0x8000055c (0x0228eeb3) x29 0xfffff1e7
core   0: 0x80000560 (0xfe651ae3) bne     a0, t1, pc - 12
core   0: 3 0x80000560 (0xfe651ae3)
core   0: 0x80000554 (0x00008dd9) c.or    a1, a4
core   0: 3 0x80000554 (0x8dd9) x11 0x00000077
core   0: 0x80000556 (0x000095ba) c.add   a1, a4
core   0: 3 0x80000556 (0x95ba) x11 0x0000007e
core   0: 0x80000558 (0x0000919e) c.add   gp, t2
core   0: 3 0x80000558 (0x919e) x 3 0xd5577df5
core   0: 0x8000055a (0x00000505) c.addi  a0, 1
core   0: 3 0x8000055a (0x0505) x10 0x00000008
core   0: 0x8000055c (0x0228eeb3) rem     t4, a7, sp
core   0: 3 0x8000055c (0x0228eeb3) x29 0xfffff1e7
core   0: 0x80000560 (0xfe651ae3) bne     a0, t1, pc - 12
core   0: 3 0x80000560 (0xfe651ae3)
core   0: 0x80000554 (0x00008dd9) c.or    a1, a4
core   0: 3 0x80000554 (0x8dd9) x11 0x0000007f
core   0: 0x80000556 (0x000095ba) c.add   a1, a4
core   0: 3 0x80000556 (0x95ba) x11 0x00000086
core   0: 0x80000558 (0x0000919e) c.add   gp, t2
core   0: 3 0x80000558 (0x919e) x 3 0xd5577df5
core   0: 0x8000055a (0x00000505) c.addi  a0, 1
core   0: 3 0x8000055a (0x0505) x10 0x00000009
core   0: 0x8000055c (0x0228eeb3) rem     t4, a7, sp
core   0: 3 0x8000055c (0x0228eeb3) x29 0xfffff1e7
core   0: 0x80000560 (0xfe651ae3) bne     a0, t1, pc - 12
core   0: 3 0x80000560 (0xfe651ae3)
core   0: 0x80000554 (0x00008dd9) c.or    a1, a4
core   0: 3 0x80000554 (0x8dd9) x11 0x00000087
core   0: 0x80000556 (0x000095ba) c.add   a1, a4
core   0: 3 0x80000556 (0x95ba) x11 0x0000008e
core   0: 0x80000558 (0x0000919e) c.add   gp, t2
core   0: 3 0x80000558 (0x919e) x 3 0xd5577df5
core   0: 0x8000055a (0x00000505) c.addi  a0, 1
core   0: 3 0x8000055a (0x0505) x10 0x0000000a
core   0: 0x8000055c (0x0228eeb3) rem     t4, a7, sp
core   0: 3 0x8000055c (0x0228eeb3) x29 0xfffff1e7
core   0: 0x80000560 (0xfe651ae3) bne     a0, t1, pc - 12
core   0: 3 0x80000560 (0xfe651ae3)
core   0: 0x80000554 (0x00008dd9) c.or    a1, a4
core   0: 3 0x80000554 (0x8dd9) x11 0x0000008f
core   0: 0x80000556 (0x000095ba) c.add   a1, a4
core   0: 3 0x80000556 (0x95ba) x11 0x00000096
core   0: 0x80000558 (0x0000919e) c.add   gp, t2
core   0: 3 0x80000558 (0x919e) x 3 0xd5577df5
core   0: 0x8000055a (0x00000505) c.addi  a0, 1
core   0: 3 0x8000055a (0x0505) x10 0x0000000b
core   0: 0x8000055c (0x0228eeb3) rem     t4, a7, sp
core   0: 3 0x8000055c (0x0228eeb3) x29 0xfffff1e7
core   0: 0x80000560 (0xfe651ae3) bne     a0, t1, pc - 12
core   0: 3 0x80000560 (0xfe651ae3)
core   0: 0x80000564 (0x03133ab3) mulhu   s5, t1, a7
core   0: 3 0x80000564 (0x03133ab3) x21 0x0000000a
core   0: 0x80000568 (0x01728fb3) add     t6, t0, s7
core   0: 3 0x80000568 (0x01728fb3) x31 0x00000004
core   0: 0x8000056c (0xfa5947e3) blt     s2, t0, pc - 82
core   0: 3 0x8000056c (0xfa5947e3)
core   0: 0x80000570 (0x03c10a33) mul     s4, sp, t3
core   0: 3 0x80000570 (0x03c10a33) x20 0x00000000
core   0: 0x80000574 (0xfff00413) li      s0, -1
core   0: 3 0x80000574 (0xfff00413) x 8 0xffffffff
core   0: 0x80000578 (0x0951f617) auipc   a2, 0x951f
core   0: 3 0x80000578 (0x0951f617) x12 0x8951f578
core   0: 0x8000057c (0x00001e7d) c.addi  t3, -1
core   0: 3 0x8000057c (0x1e7d) x28 0xffffffff
core   0: 0x8000057e (0x022cc633) div     a2, s9, sp
core   0: 3 0x8000057e (0x022cc633) x12 0x00000000
core   0: 0x80000582 (0x016621b3) slt     gp, a2, s6
core   0: 3 0x80000582 (0x016621b3) x 3 0x00000000
core   0: 0x80000586 (0x03f1d3b3) divu    t2, gp, t6
core   0: 3 0x80000586 (0x03f1d3b3) x 7 0x00000000
core   0: 0x8000058a (0x00200813) li      a6, 2
core   0: 3 0x8000058a (0x00200813) x16 0x00000002
core   0: 0x8000058e (0x031af3b3) remu    t2, s5, a7
core   0: 3 0x8000058e (0x031af3b3) x 7 0x0000000a
core   0: 0x80000592 (0x4b9c6617) auipc   a2, 0x4b9c6
core   0: 3 0x80000592 (0x4b9c6617) x12 0xcb9c6592
core   0: 0x80000596 (0x006534b3) sltu    s1, a0, t1
core   0: 3 0x80000596 (0x006534b3) x 9 0x00000000
core   0: 0x8000059a (0x00008dd2) c.mv    s11, s4
core   0: 3 0x8000059a (0x8dd2) x27 0x00000000
core   0: 0x8000059c (0x00000429) c.addi  s0, 10
core   0: 3 0x8000059c (0x0429) x 8 0x00000009
core   0: 0x8000059e (0x03f9c3b3) div     t2, s3, t6
core   0: 3 0x8000059e (0x03f9c3b3) x 7 0xe0008b99
core   0: 0x800005a2 (0xad32b713) sltiu   a4, t0, -1325
core   0: 3 0x800005a2 (0xad32b713) x14 0x00000001
core   0: 0x800005a6 (0x00001afd) c.addi  s5, -1
core   0: 3 0x800005a6 (0x1afd) x21 0x00000009
core   0: 0x800005a8 (0x00000b0a) c.slli  s6, 2
core   0: 3 0x800005a8 (0x0b0a) x22 0x00000000
core   0: 0x800005aa (0x005b72b3) and     t0, s6, t0
core   0: 3 0x800005aa (0x005b72b3) x 5 0x00000000
core   0: 0x800005ae (0x003f8933) add     s2, t6, gp
core   0: 3 0x800005ae (0x003f8933) x18 0x00000004
core   0: 0x800005b2 (0x8397bd93) sltiu   s11, a5, -1991
core   0: 3 0x800005b2 (0x8397bd93) x27 0x00000001
core   0: 0x800005b6 (0x028afcb3) remu    s9, s5, s0
core   0: 3 0x800005b6 (0x028afcb3) x25 0x00000000
core   0: 0x800005ba (0x0ff0000f) fence   iorw,iorw
core   0: 3 0x800005ba (0x0ff0000f)
core   0: 0x800005be (0x01cb3fb3) sltu    t6, s6, t3
core   0: 3 0x800005be (0x01cb3fb3) x31 0x00000001
core   0: 0x800005c2 (0x010ade93) srli    t4, s5, 16
core   0: 3 0x800005c2 (0x010ade93) x29 0x00000000
core   0: 0x800005c6 (0x01fb9533) sll     a0, s7, t6
core   0: 3 0x800005c6 (0x01fb9533) x10 0x00000000
core   0: 0x800005ca (0x03325333) divu    t1, tp, s3
core   0: 3 0x800005ca (0x03325333) x 6 0x00000000
core   0: 0x800005ce (0x00a89a13) slli    s4, a7, 10
core   0: 3 0x800005ce (0x00a89a13) x20 0xffc79c00
core   0: 0x800005d2 (0x005dd033) srl     zero, s11, t0
core   0: 3 0x800005d2 (0x005dd033)
core   0: 0x800005d6 (0xfb046ce3) bltu    s0, a6, pc - 72
core   0: 3 0x800005d6 (0xfb046ce3)
core   0: 0x800005da (0x4050df33) sra     t5, ra, t0
core   0: 3 0x800005da (0x4050df33) x30 0x000000ac
core   0: 0x800005de (0x00200593) li      a1, 2
core   0: 3 0x800005de (0x00200593) x11 0x00000002
core   0: 0x800005e2 (0xa2393413) sltiu   s0, s2, -1501
core   0: 3 0x800005e2 (0xa2393413) x 8 0x00000001
core   0: 0x800005e6 (0x00679513) slli    a0, a5, 6
core   0: 3 0x800005e6 (0x00679513) x10 0x00000000
core   0: 0x800005ea (0x002b9d93) slli    s11, s7, 2
core   0: 3 0x800005ea (0x002b9d93) x27 0x00000000
core   0: 0x800005ee (0x00000001) c.nop
core   0: 3 0x800005ee (0x0001)
core   0: 0x800005f0 (0x032301b3) mul     gp, t1, s2
core   0: 3 0x800005f0 (0x032301b3) x 3 0x00000000
core   0: 0x800005f4 (0x72702393) slti    t2, zero, 1831
core   0: 3 0x800005f4 (0x72702393) x 7 0x00000001
core   0: 0x800005f8 (0x00000c1a) c.slli  s8, 6
core   0: 3 0x800005f8 (0x0c1a) x24 0x000000c0
core   0: 0x800005fa (0x0000071e) c.slli  a4, 7
core   0: 3 0x800005fa (0x071e) x14 0x00000080
core   0: 0x800005fc (0x9c39ee93) ori     t4, s3, -1597
core   0: 3 0x800005fc (0x9c39ee93) x29 0xffffffe7
core   0: 0x80000600 (0x03dbe3b3) rem     t2, s7, t4
core   0: 3 0x80000600 (0x03dbe3b3) x 7 0x00000000
core   0: 0x80000604 (0x000082f2) c.mv    t0, t3
core   0: 3 0x80000604 (0x82f2) x 5 0xffffffff
core   0: 0x80000606 (0x000015f9) c.addi  a1, -2
core   0: 3 0x80000606 (0x15f9) x11 0x00000000
core   0: 0x80000608 (0x03e98ab3) mul     s5, s3, t5
core   0: 3 0x80000608 (0x03e98ab3) x21 0x01772b30
core   0: 0x8000060c (0x008d84b3) add     s1, s11, s0
core   0: 3 0x8000060c (0x008d84b3) x 9 0x00000001
core   0: 0x80000610 (0x029d1333) mulh    t1, s10, s1
core   0: 3 0x80000610 (0x029d1333) x 6 0xffffffff
core   0: 0x80000614 (0x0000d5e5) c.beqz  a1, pc - 24
core   0: 3 0x80000614 (0xd5e5)
core   0: 0x800005fc (0x9c39ee93) ori     t4, s3, -1597
core   0: 3 0x800005fc (0x9c39ee93) x29 0xffffffe7
core   0: 0x80000600 (0x03dbe3b3) rem     t2, s7, t4
core   0: 3 0x80000600 (0x03dbe3b3) x 7 0x00000000
core   0: 0x80000604 (0x000082f2) c.mv    t0, t3
core   0: 3 0x80000604 (0x82f2) x 5 0xffffffff
core   0: 0x80000606 (0x000015f9) c.addi  a1, -2
core   0: 3 0x80000606 (0x15f9) x11 0xfffffffe
core   0: 0x80000608 (0x03e98ab3) mul     s5, s3, t5
core   0: 3 0x80000608 (0x03e98ab3) x21 0x01772b30
core   0: 0x8000060c (0x008d84b3) add     s1, s11, s0
core   0: 3 0x8000060c (0x008d84b3) x 9 0x00000001
core   0: 0x80000610 (0x029d1333) mulh    t1, s10, s1
core   0: 3 0x80000610 (0x029d1333) x 6 0xffffffff
core   0: 0x80000614 (0x0000d5e5) c.beqz  a1, pc - 24
core   0: 3 0x80000614 (0xd5e5)
core   0: 0x80000616 (0x878b0913) addi    s2, s6, -1928
core   0: 3 0x80000616 (0x878b0913) x18 0xfffff878
core   0: 0x8000061a (0xffc00593) li      a1, -4
core   0: 3 0x8000061a (0xffc00593) x11 0xfffffffc
core   0: 0x8000061e (0x00000625) c.addi  a2, 9
core   0: 3 0x8000061e (0x0625) x12 0xcb9c659b
core   0: 0x80000620 (0x0000100f) fence.i
core   0: 3 0x80000620 (0x0000100f)
core   0: 0x80000624 (0x00004ddd) c.li    s11, 23
core   0: 3 0x80000624 (0x4ddd) x27 0x00000017
core   0: 0x80000626 (0x0134bdb3) sltu    s11, s1, s3
core   0: 3 0x80000626 (0x0134bdb3) x27 0x00000001
core   0: 0x8000062a (0x00008ecd) c.or    a3, a1
core   0: 3 0x8000062a (0x8ecd) x13 0xfffffffc
core   0: 0x8000062c (0x00000001) c.nop
core   0: 3 0x8000062c (0x0001)
core   0: 0x8000062e (0x0116c8b3) xor     a7, a3, a7
core   0: 3 0x8000062e (0x0116c8b3) x17 0x00000e1b
core   0: 0x80000632 (0x02079db3) mulh    s11, a5, zero
core   0: 3 0x80000632 (0x02079db3) x27 0x00000000
core   0: 0x80000636 (0x000060e9) c.lui   ra, 0x1a
core   0: 3 0x80000636 (0x60e9) x 1 0x0001a000
core   0: 0x80000638 (0xddab6fb7) lui     t6, 0xddab6
core   0: 3 0x80000638 (0xddab6fb7) x31 0xddab6000
core   0: 0x8000063c (0xb866b913) sltiu   s2, a3, -1146
core   0: 3 0x8000063c (0xb866b913) x18 0x00000000
core   0: 0x80000640 (0x00000721) c.addi  a4, 8
core   0: 3 0x80000640 (0x0721) x14 0x00000088
core   0: 0x80000642 (0x81f7f613) andi    a2, a5, -2017
core   0: 3 0x80000642 (0x81f7f613) x12 0x00000000
core   0: 0x80000646 (0x00000001) c.nop
core   0: 3 0x80000646 (0x0001)
core   0: 0x80000648 (0x0000820a) c.mv    tp, sp
core   0: 3 0x80000648 (0x820a) x 4 0x80026ce4
core   0: 0x8000064a (0x00000585) c.addi  a1, 1
core   0: 3 0x8000064a (0x0585) x11 0xfffffffd
core   0: 0x8000064c (0x02f004b3) mul     s1, zero, a5
core   0: 3 0x8000064c (0x02f004b3) x 9 0x00000000
core   0: 0x80000650 (0x01b03eb3) snez    t4, s11
core   0: 3 0x80000650 (0x01b03eb3) x29 0x00000000
core   0: 0x80000654 (0x63222213) slti    tp, tp, 1586
core   0: 3 0x80000654 (0x63222213) x 4 0x00000001
core   0: 0x80000658 (0x00008d49) c.or    a0, a0
core   0: 3 0x80000658 (0x8d49) x10 0x00000000
core   0: 0x8000065a (0x001b5c93) srli    s9, s6, 1
core   0: 3 0x8000065a (0x001b5c93) x25 0x00000000
core   0: 0x8000065e (0x03afab33) mulhsu  s6, t6, s10
core   0: 3 0x8000065e (0x03afab33) x22 0xeed5651e
core   0: 0x80000662 (0x26a81737) lui     a4, 0x26a81
core   0: 3 0x80000662 (0x26a81737) x14 0x26a81000
core   0: 0x80000666 (0x00e4be33) sltu    t3, s1, a4
core   0: 3 0x80000666 (0x00e4be33) x28 0x00000001
core   0: 0x8000066a (0x0000d9e9) c.beqz  a1, pc - 46
core   0: 3 0x8000066a (0xd9e9)
core   0: 0x8000066c (0xd5d00093) li      ra, -675
core   0: 3 0x8000066c (0xd5d00093) x 1 0xfffffd5d
core   0: 0x80000670 (0xffa00613) li      a2, -6
core   0: 3 0x80000670 (0xffa00613) x12 0xfffffffa
core   0: 0x80000674 (0x00ff6f33) or      t5, t5, a5
core   0: 3 0x80000674 (0x00ff6f33) x30 0x000000ac
core   0: 0x80000678 (0x00000001) c.nop
core   0: 3 0x80000678 (0x0001)
core   0: 0x8000067a (0x01793fb3) sltu    t6, s2, s7
core   0: 3 0x8000067a (0x01793fb3) x31 0x00000000
core   0: 0x8000067e (0x00000619) c.addi  a2, 6
core   0: 3 0x8000067e (0x0619) x12 0x00000000
core   0: 0x80000680 (0x00008f15) c.sub   a4, a3
core   0: 3 0x80000680 (0x8f15) x14 0x26a81004
core   0: 0x80000682 (0x0000de65) c.beqz  a2, pc - 8
core   0: 3 0x80000682 (0xde65)
core   0: 0x8000067a (0x01793fb3) sltu    t6, s2, s7
core   0: 3 0x8000067a (0x01793fb3) x31 0x00000000
core   0: 0x8000067e (0x00000619) c.addi  a2, 6
core   0: 3 0x8000067e (0x0619) x12 0x00000006
core   0: 0x80000680 (0x00008f15) c.sub   a4, a3
core   0: 3 0x80000680 (0x8f15) x14 0x26a81008
core   0: 0x80000682 (0x0000de65) c.beqz  a2, pc - 8
core   0: 3 0x80000682 (0xde65)
core   0: 0x80000684 (0x0192dd93) srli    s11, t0, 25
core   0: 3 0x80000684 (0x0192dd93) x27 0x0000007f
core   0: 0x80000688 (0xffa00893) li      a7, -6
core   0: 3 0x80000688 (0xffa00893) x17 0xfffffffa
core   0: 0x8000068c (0x02d03fb3) mulhu   t6, zero, a3
core   0: 3 0x8000068c (0x02d03fb3) x31 0x00000000
core   0: 0x80000690 (0x00008c4d) c.or    s0, a1
core   0: 3 0x80000690 (0x8c4d) x 8 0xfffffffd
core   0: 0x80000692 (0x000085b5) c.srai  a1, 13
core   0: 3 0x80000692 (0x85b5) x11 0xffffffff
core   0: 0x80000694 (0x00004939) c.li    s2, 14
core   0: 3 0x80000694 (0x4939) x18 0x0000000e
core   0: 0x80000696 (0x0000083d) c.addi  a6, 15
core   0: 3 0x80000696 (0x083d) x16 0x00000011
core   0: 0x80000698 (0x01544fb3) xor     t6, s0, s5
core   0: 3 0x80000698 (0x01544fb3) x31 0xfe88d4cd
core   0: 0x8000069c (0xff600213) li      tp, -10
core   0: 3 0x8000069c (0xff600213) x 4 0xfffffff6
core   0: 0x800006a0 (0x000089c1) c.andi  a1, 16
core   0: 3 0x800006a0 (0x89c1) x11 0x00000010
core   0: 0x800006a2 (0x400d86b3) sub     a3, s11, zero
core   0: 3 0x800006a2 (0x400d86b3) x13 0x0000007f
core   0: 0x800006a6 (0x00000001) c.nop
core   0: 3 0x800006a6 (0x0001)
core   0: 0x800006a8 (0x022deab3) rem     s5, s11, sp
core   0: 3 0x800006a8 (0x022deab3) x21 0x0000007f
core   0: 0x800006ac (0x40705413) srai    s0, zero, 7
core   0: 3 0x800006ac (0x40705413) x 8 0x00000000
core   0: 0x800006b0 (0x00000491) c.addi  s1, 4
core   0: 3 0x800006b0 (0x0491) x 9 0x00000004
core   0: 0x800006b2 (0x00000346) c.slli  t1, 17
core   0: 3 0x800006b2 (0x0346) x 6 0xfffe0000
core   0: 0x800006b4 (0x00008ec1) c.or    a3, s0
core   0: 3 0x800006b4 (0x8ec1) x13 0x0000007f
core   0: 0x800006b6 (0x00008efd) c.and   a3, a5
core   0: 3 0x800006b6 (0x8efd) x13 0x00000000
core   0: 0x800006b8 (0x00000f6a) c.slli  t5, 26
core   0: 3 0x800006b8 (0x0f6a) x30 0xb0000000
core   0: 0x800006ba (0x025392b3) mulh    t0, t2, t0
core   0: 3 0x800006ba (0x025392b3) x 5 0x00000000
core   0: 0x800006be (0xd92e8e93) addi    t4, t4, -622
core   0: 3 0x800006be (0xd92e8e93) x29 0xfffffd92
core   0: 0x800006c2 (0x000018f1) c.addi  a7, -4
core   0: 3 0x800006c2 (0x18f1) x17 0xfffffff6
core   0: 0x800006c4 (0x40ad5433) sra     s0, s10, a0
core   0: 3 0x800006c4 (0x40ad5433) x 8 0x80022e64
core   0: 0x800006c8 (0x015fde33) srl     t3, t6, s5
core   0: 3 0x800006c8 (0x015fde33) x28 0x00000001
core   0: 0x800006cc (0x00000001) c.nop
core   0: 3 0x800006cc (0x0001)
core   0: 0x800006ce (0xfc488ce3) beq     a7, tp, pc - 40
core   0: 3 0x800006ce (0xfc488ce3)
core   0: 0x800006a6 (0x00000001) c.nop
core   0: 3 0x800006a6 (0x0001)
core   0: 0x800006a8 (0x022deab3) rem     s5, s11, sp
core   0: 3 0x800006a8 (0x022deab3) x21 0x0000007f
core   0: 0x800006ac (0x40705413) srai    s0, zero, 7
core   0: 3 0x800006ac (0x40705413) x 8 0x00000000
core   0: 0x800006b0 (0x00000491) c.addi  s1, 4
core   0: 3 0x800006b0 (0x0491) x 9 0x00000008
core   0: 0x800006b2 (0x00000346) c.slli  t1, 17
core   0: 3 0x800006b2 (0x0346) x 6 0x00000000
core   0: 0x800006b4 (0x00008ec1) c.or    a3, s0
core   0: 3 0x800006b4 (0x8ec1) x13 0x00000000
core   0: 0x800006b6 (0x00008efd) c.and   a3, a5
core   0: 3 0x800006b6 (0x8efd) x13 0x00000000
core   0: 0x800006b8 (0x00000f6a) c.slli  t5, 26
core   0: 3 0x800006b8 (0x0f6a) x30 0x00000000
core   0: 0x800006ba (0x025392b3) mulh    t0, t2, t0
core   0: 3 0x800006ba (0x025392b3) x 5 0x00000000
core   0: 0x800006be (0xd92e8e93) addi    t4, t4, -622
core   0: 3 0x800006be (0xd92e8e93) x29 0xfffffb24
core   0: 0x800006c2 (0x000018f1) c.addi  a7, -4
core   0: 3 0x800006c2 (0x18f1) x17 0xfffffff2
core   0: 0x800006c4 (0x40ad5433) sra     s0, s10, a0
core   0: 3 0x800006c4 (0x40ad5433) x 8 0x80022e64
core   0: 0x800006c8 (0x015fde33) srl     t3, t6, s5
core   0: 3 0x800006c8 (0x015fde33) x28 0x00000001
core   0: 0x800006cc (0x00000001) c.nop
core   0: 3 0x800006cc (0x0001)
core   0: 0x800006ce (0xfc488ce3) beq     a7, tp, pc - 40
core   0: 3 0x800006ce (0xfc488ce3)
core   0: 0x800006d2 (0x00008d5d) c.or    a0, a5
core   0: 3 0x800006d2 (0x8d5d) x10 0x00000000
core   0: 0x800006d4 (0xff600413) li      s0, -10
core   0: 3 0x800006d4 (0xff600413) x 8 0xfffffff6
core   0: 0x800006d8 (0x01da9233) sll     tp, s5, t4
core   0: 3 0x800006d8 (0x01da9233) x 4 0x000007f0
core   0: 0x800006dc (0x000088c9) c.andi  s1, 18
core   0: 3 0x800006dc (0x88c9) x 9 0x00000000
core   0: 0x800006de (0x263c6b93) ori     s7, s8, 611
core   0: 3 0x800006de (0x263c6b93) x23 0x000002e3
core   0: 0x800006e2 (0x00009fb6) c.add   t6, a3
core   0: 3 0x800006e2 (0x9fb6) x31 0xfe88d4cd
core   0: 0x800006e4 (0x00000001) c.nop
core   0: 3 0x800006e4 (0x0001)
core   0: 0x800006e6 (0x40210fb3) sub     t6, sp, sp
core   0: 3 0x800006e6 (0x40210fb3) x31 0x00000000
core   0: 0x800006ea (0xf33ff1b7) lui     gp, 0xf33ff
core   0: 3 0x800006ea (0xf33ff1b7) x 3 0xf33ff000
core   0: 0x800006ee (0x00004259) c.li    tp, 22
core   0: 3 0x800006ee (0x4259) x 4 0x00000016
core   0: 0x800006f0 (0x47927093) andi    ra, tp, 1145
core   0: 3 0x800006f0 (0x47927093) x 1 0x00000010
core   0: 0x800006f4 (0xed09b913) sltiu   s2, s3, -304
core   0: 3 0x800006f4 (0xed09b913) x18 0x00000001
core   0: 0x800006f8 (0x00000405) c.addi  s0, 1
core   0: 3 0x800006f8 (0x0405) x 8 0xfffffff7
core   0: 0x800006fa (0x7f97b313) sltiu   t1, a5, 2041
core   0: 3 0x800006fa (0x7f97b313) x 6 0x00000001
core   0: 0x800006fe (0x0000100f) fence.i
core   0: 3 0x800006fe (0x0000100f)
core   0: 0x80000702 (0x6c844213) xori    tp, s0, 1736
core   0: 3 0x80000702 (0x6c844213) x 4 0xfffff93f
core   0: 0x80000706 (0xbfcee913) ori     s2, t4, -1028
core   0: 3 0x80000706 (0xbfcee913) x18 0xfffffbfc
core   0: 0x8000070a (0x00000f85) c.addi  t6, 1
core   0: 3 0x8000070a (0x0f85) x31 0x00000001
core   0: 0x8000070c (0x0e31b4b7) lui     s1, 0xe31b
core   0: 3 0x8000070c (0x0e31b4b7) x 9 0x0e31b000
core   0: 0x80000710 (0x00001ffd) c.addi  t6, -1
core   0: 3 0x80000710 (0x1ffd) x31 0x00000000
core   0: 0x80000712 (0x00000e8e) c.slli  t4, 3
core   0: 3 0x80000712 (0x0e8e) x29 0xffffd920
core   0: 0x80000714 (0x01c678b3) and     a7, a2, t3
core   0: 3 0x80000714 (0x01c678b3) x17 0x00000000
core   0: 0x80000718 (0x00008f29) c.xor   a4, a0
core   0: 3 0x80000718 (0x8f29) x14 0x26a81008
core   0: 0x8000071a (0x6c6f46b7) lui     a3, 0x6c6f4
core   0: 3 0x8000071a (0x6c6f46b7) x13 0x6c6f4000
core   0: 0x8000071e (0x02459cb3) mulh    s9, a1, tp
core   0: 3 0x8000071e (0x02459cb3) x25 0xffffffff
core   0: 0x80000722 (0x0000d479) c.beqz  s0, pc - 50
core   0: 3 0x80000722 (0xd479)
core   0: 0x80000724 (0x00001f7d) c.addi  t5, -1
core   0: 3 0x80000724 (0x1f7d) x30 0xffffffff
core   0: 0x80000726 (0xffe00413) li      s0, -2
core   0: 3 0x80000726 (0xffe00413) x 8 0xfffffffe
core   0: 0x8000072a (0x00008579) c.srai  a0, 30
core   0: 3 0x8000072a (0x8579) x10 0x00000000
core   0: 0x8000072c (0x00600993) li      s3, 6
core   0: 3 0x8000072c (0x00600993) x19 0x00000006
core   0: 0x80000730 (0xb6cc6093) ori     ra, s8, -1172
core   0: 3 0x80000730 (0xb6cc6093) x 1 0xfffffbec
core   0: 0x80000734 (0x03fa1eb3) mulh    t4, s4, t6
core   0: 3 0x80000734 (0x03fa1eb3) x29 0x00000000
core   0: 0x80000738 (0x000010fd) c.addi  ra, -1
core   0: 3 0x80000738 (0x10fd) x 1 0xfffffbeb
core   0: 0x8000073a (0x00000405) c.addi  s0, 1
core   0: 3 0x8000073a (0x0405) x 8 0xffffffff
core   0: 0x8000073c (0xffa00713) li      a4, -6
core   0: 3 0x8000073c (0xffa00713) x14 0xfffffffa
core   0: 0x80000740 (0x01c52533) slt     a0, a0, t3
core   0: 3 0x80000740 (0x01c52533) x10 0x00000001
core   0: 0x80000744 (0x002b6fb3) or      t6, s6, sp
core   0: 3 0x80000744 (0x002b6fb3) x31 0xeed76dfe
core   0: 0x80000748 (0x1173f017) auipc   zero, 0x1173f
core   0: 3 0x80000748 (0x1173f017)
core   0: 0x8000074c (0x02f686b3) mul     a3, a3, a5
core   0: 3 0x8000074c (0x02f686b3) x13 0x00000000
core   0: 0x80000750 (0x00500613) li      a2, 5
core   0: 3 0x80000750 (0x00500613) x12 0x00000005
core   0: 0x80000754 (0x030d5333) divu    t1, s10, a6
core   0: 3 0x80000754 (0x030d5333) x 6 0x0787a860
core   0: 0x80000758 (0x54622c93) slti    s9, tp, 1350
core   0: 3 0x80000758 (0x54622c93) x25 0x00000001
core   0: 0x8000075c (0x0000837a) c.mv    t1, t5
core   0: 3 0x8000075c (0x837a) x 6 0xffffffff
core   0: 0x8000075e (0x004cba33) sltu    s4, s9, tp
core   0: 3 0x8000075e (0x004cba33) x20 0x00000001
core   0: 0x80000762 (0x80925817) auipc   a6, 0x80925
core   0: 3 0x80000762 (0x80925817) x16 0x00925762
core   0: 0x80000766 (0x00000715) c.addi  a4, 5
core   0: 3 0x80000766 (0x0715) x14 0xffffffff
core   0: 0x80000768 (0xe217f5b7) lui     a1, 0xe217f
core   0: 3 0x80000768 (0xe217f5b7) x11 0xe217f000
core   0: 0x8000076c (0x00008acd) c.andi  a3, 19
core   0: 3 0x8000076c (0x8acd) x13 0x00000000
core   0: 0x8000076e (0xfec76ae3) bltu    a4, a2, pc - 12
core   0: 3 0x8000076e (0xfec76ae3)
core   0: 0x80000772 (0x00ebbe33) sltu    t3, s7, a4
core   0: 3 0x80000772 (0x00ebbe33) x28 0x00000001
core   0: 0x80000776 (0x01d49e13) slli    t3, s1, 29
core   0: 3 0x80000776 (0x01d49e13) x28 0x00000000
core   0: 0x8000077a (0xfb340de3) beq     s0, s3, pc - 70
core   0: 3 0x8000077a (0xfb340de3)
core   0: 0x8000077e (0x127b2f93) slti    t6, s6, 295
core   0: 3 0x8000077e (0x127b2f93) x31 0x00000001
core   0: 0x80000782 (0x00900b13) li      s6, 9
core   0: 3 0x80000782 (0x00900b13) x22 0x00000009
core   0: 0x80000786 (0x039f2fb3) mulhsu  t6, t5, s9
core   0: 3 0x80000786 (0x039f2fb3) x31 0xffffffff
core   0: 0x8000078a (0x00008dc5) c.or    a1, s1
core   0: 3 0x8000078a (0x8dc5) x11 0xee37f000
core   0: 0x8000078c (0x00b3c733) xor     a4, t2, a1
core   0: 3 0x8000078c (0x00b3c733) x14 0xee37f000
core   0: 0x80000790 (0x0ff0000f) fence   iorw,iorw
core   0: 3 0x80000790 (0x0ff0000f)
core   0: 0x80000794 (0x064b0a93) addi    s5, s6, 100
core   0: 3 0x80000794 (0x064b0a93) x21 0x0000006d
core   0: 0x80000798 (0x00c00f13) li      t5, 12
core   0: 3 0x80000798 (0x00c00f13) x30 0x0000000c
core   0: 0x8000079c (0x03764db3) div     s11, a2, s7
core   0: 3 0x8000079c (0x03764db3) x27 0x00000000
core   0: 0x800007a0 (0x3125bd93) sltiu   s11, a1, 786
core   0: 3 0x800007a0 (0x3125bd93) x27 0x00000000
core   0: 0x800007a4 (0x00000001) c.nop
core   0: 3 0x800007a4 (0x0001)
core   0: 0x800007a6 (0x00008e35) c.xor   a2, a3
core   0: 3 0x800007a6 (0x8e35) x12 0x00000005
core   0: 0x800007a8 (0xf280f013) andi    zero, ra, -216
core   0: 3 0x800007a8 (0xf280f013)
core   0: 0x800007ac (0x00000b05) c.addi  s6, 1
core   0: 3 0x800007ac (0x0b05) x22 0x0000000a
core   0: 0x800007ae (0x0ff0000f) fence   iorw,iorw
core   0: 3 0x800007ae (0x0ff0000f)
core   0: 0x800007b2 (0x414e5a13) srai    s4, t3, 20
core   0: 3 0x800007b2 (0x414e5a13) x20 0x00000000
core   0: 0x800007b6 (0x09b9b5b7) lui     a1, 0x9b9b
core   0: 3 0x800007b6 (0x09b9b5b7) x11 0x09b9b000
core   0: 0x800007ba (0x409d5fb3) sra     t6, s10, s1
core   0: 3 0x800007ba (0x409d5fb3) x31 0x80022e64
core   0: 0x800007be (0x5293bbb7) lui     s7, 0x5293b
core   0: 3 0x800007be (0x5293bbb7) x23 0x5293b000
core   0: 0x800007c2 (0xffeb01e3) beq     s6, t5, pc - 30
core   0: 3 0x800007c2 (0xffeb01e3)
core   0: 0x800007c6 (0x02d44533) div     a0, s0, a3
core   0: 3 0x800007c6 (0x02d44533) x10 0xffffffff
core   0: 0x800007ca (0xff800413) li      s0, -8
core   0: 3 0x800007ca (0xff800413) x 8 0xfffffff8
core   0: 0x800007ce (0x03a9df33) divu    t5, s3, s10
core   0: 3 0x800007ce (0x03a9df33) x30 0x00000000
core   0: 0x800007d2 (0x00008675) c.srai  a2, 29
core   0: 3 0x800007d2 (0x8675) x12 0x00000000
core   0: 0x800007d4 (0x00008dd5) c.or    a1, a3
core   0: 3 0x800007d4 (0x8dd5) x11 0x09b9b000
core   0: 0x800007d6 (0x00a00e93) li      t4, 10
core   0: 3 0x800007d6 (0x00a00e93) x29 0x0000000a
core   0: 0x800007da (0x8aed3213) sltiu   tp, s10, -1874
core   0: 3 0x800007da (0x8aed3213) x 4 0x00000001
core   0: 0x800007de (0x00000001) c.nop
core   0: 3 0x800007de (0x0001)
core   0: 0x800007e0 (0x00000429) c.addi  s0, 10
core   0: 3 0x800007e0 (0x0429) x 8 0x00000002
core   0: 0x800007e2 (0x030bbbb3) mulhu   s7, s7, a6
core   0: 3 0x800007e2 (0x030bbbb3) x23 0x002f346a
core   0: 0x800007e6 (0x02eabbb3) mulhu   s7, s5, a4
core   0: 3 0x800007e6 (0x02eabbb3) x23 0x00000065
core   0: 0x800007ea (0xffd448e3) blt     s0, t4, pc - 16
core   0: 3 0x800007ea (0xffd448e3)
core   0: 0x800007da (0x8aed3213) sltiu   tp, s10, -1874
core   0: 3 0x800007da (0x8aed3213) x 4 0x00000001
core   0: 0x800007de (0x00000001) c.nop
core   0: 3 0x800007de (0x0001)
core   0: 0x800007e0 (0x00000429) c.addi  s0, 10
core   0: 3 0x800007e0 (0x0429) x 8 0x0000000c
core   0: 0x800007e2 (0x030bbbb3) mulhu   s7, s7, a6
core   0: 3 0x800007e2 (0x030bbbb3) x23 0x00000000
core   0: 0x800007e6 (0x02eabbb3) mulhu   s7, s5, a4
core   0: 3 0x800007e6 (0x02eabbb3) x23 0x00000065
core   0: 0x800007ea (0xffd448e3) blt     s0, t4, pc - 16
core   0: 3 0x800007ea (0xffd448e3)
core   0: 0x800007ee (0x40d8db13) srai    s6, a7, 13
core   0: 3 0x800007ee (0x40d8db13) x22 0x00000000
core   0: 0x800007f2 (0x00a00413) li      s0, 10
core   0: 3 0x800007f2 (0x00a00413) x 8 0x0000000a
core   0: 0x800007f6 (0x03db9bb3) mulh    s7, s7, t4
core   0: 3 0x800007f6 (0x03db9bb3) x23 0x00000000
core   0: 0x800007fa (0x010d69b3) or      s3, s10, a6
core   0: 3 0x800007fa (0x010d69b3) x19 0x80927f66
core   0: 0x800007fe (0xb3726e13) ori     t3, tp, -1225
core   0: 3 0x800007fe (0xb3726e13) x28 0xfffffb37
core   0: 0x80000802 (0x00a00293) li      t0, 10
core   0: 3 0x80000802 (0x00a00293) x 5 0x0000000a
core   0: 0x80000806 (0x699a8a17) auipc   s4, 0x699a8
core   0: 3 0x80000806 (0x699a8a17) x20 0xe99a8806
core   0: 0x8000080a (0x0267c5b3) div     a1, a5, t1
core   0: 3 0x8000080a (0x0267c5b3) x11 0x00000000
core   0: 0x8000080e (0x0000145d) c.addi  s0, -9
core   0: 3 0x8000080e (0x145d) x 8 0x00000001
core   0: 0x80000810 (0x00008d75) c.and   a0, a3
core   0: 3 0x80000810 (0x8d75) x10 0x00000000
core   0: 0x80000812 (0xff700813) li      a6, -9
core   0: 3 0x80000812 (0xff700813) x16 0xfffffff7
core   0: 0x80000816 (0xff000c93) li      s9, -16
core   0: 3 0x80000816 (0xff000c93) x25 0xfffffff0
core   0: 0x8000081a (0xc9657213) andi    tp, a0, -874
core   0: 3 0x8000081a (0xc9657213) x 4 0x00000000
core   0: 0x8000081e (0x00008f1d) c.sub   a4, a5
core   0: 3 0x8000081e (0x8f1d) x14 0xee37f000
core   0: 0x80000820 (0x00001865) c.addi  a6, -7
core   0: 3 0x80000820 (0x1865) x16 0xfffffff0
core   0: 0x80000822 (0xff980ce3) beq     a6, s9, pc - 8
core   0: 3 0x80000822 (0xff980ce3)
core   0: 0x8000081a (0xc9657213) andi    tp, a0, -874
core   0: 3 0x8000081a (0xc9657213) x 4 0x00000000
core   0: 0x8000081e (0x00008f1d) c.sub   a4, a5
core   0: 3 0x8000081e (0x8f1d) x14 0xee37f000
core   0: 0x80000820 (0x00001865) c.addi  a6, -7
core   0: 3 0x80000820 (0x1865) x16 0xffffffe9
core   0: 0x80000822 (0xff980ce3) beq     a6, s9, pc - 8
core   0: 3 0x80000822 (0xff980ce3)
core   0: 0x80000826 (0x02f9dc33) divu    s8, s3, a5
core   0: 3 0x80000826 (0x02f9dc33) x24 0xffffffff
core   0: 0x8000082a (0xfe5470e3) bgeu    s0, t0, pc - 32
core   0: 3 0x8000082a (0xfe5470e3)
core   0: 0x8000082e (0x000069b9) c.lui   s3, 0xe
core   0: 3 0x8000082e (0x69b9) x19 0x0000e000
core   0: 0x80000830 (0xfff00313) li      t1, -1
core   0: 3 0x80000830 (0xfff00313) x 6 0xffffffff
core   0: 0x80000834 (0x01119a93) slli    s5, gp, 17
core   0: 3 0x80000834 (0x01119a93) x21 0xe0000000
core   0: 0x80000838 (0x0178ac33) slt     s8, a7, s7
core   0: 3 0x80000838 (0x0178ac33) x24 0x00000000
core   0: 0x8000083c (0x4ed93cb7) lui     s9, 0x4ed93
core   0: 3 0x8000083c (0x4ed93cb7) x25 0x4ed93000
core   0: 0x80000840 (0x41980b33) sub     s6, a6, s9
core   0: 3 0x80000840 (0x41980b33) x22 0xb126cfe9
core   0: 0x80000844 (0x00008ef1) c.and   a3, a2
core   0: 3 0x80000844 (0x8ef1) x13 0x00000000
core   0: 0x80000846 (0x00d5f1b3) and     gp, a1, a3
core   0: 3 0x80000846 (0x00d5f1b3) x 3 0x00000000
core   0: 0x8000084a (0x03afa513) slti    a0, t6, 58
core   0: 3 0x8000084a (0x03afa513) x10 0x00000001
core   0: 0x8000084e (0x001d9a13) slli    s4, s11, 1
core   0: 3 0x8000084e (0x001d9a13) x20 0x00000000
core   0: 0x80000852 (0x41a4d693) srai    a3, s1, 26
core   0: 3 0x80000852 (0x41a4d693) x13 0x00000003
core   0: 0x80000856 (0x41f7d933) sra     s2, a5, t6
core   0: 3 0x80000856 (0x41f7d933) x18 0x00000000
core   0: 0x8000085a (0x00a00413) li      s0, 10
core   0: 3 0x8000085a (0x00a00413) x 8 0x0000000a
core   0: 0x8000085e (0x008ad633) srl     a2, s5, s0
core   0: 3 0x8000085e (0x008ad633) x12 0x00380000
core   0: 0x80000862 (0x406b5733) sra     a4, s6, t1
core   0: 3 0x80000862 (0x406b5733) x14 0xffffffff
core   0: 0x80000866 (0x00008d79) c.and   a0, a4
core   0: 3 0x80000866 (0x8d79) x10 0x00000001
core   0: 0x80000868 (0xc48baf17) auipc   t5, 0xc48ba
core   0: 3 0x80000868 (0xc48baf17) x30 0x448ba868
core   0: 0x8000086c (0x2cd62d93) slti    s11, a2, 717
core   0: 3 0x8000086c (0x2cd62d93) x27 0x00000000
core   0: 0x80000870 (0x00000315) c.addi  t1, 5
core   0: 3 0x80000870 (0x0315) x 6 0x00000004
core   0: 0x80000872 (0x00000731) c.addi  a4, 12
core   0: 3 0x80000872 (0x0731) x14 0x0000000b
core   0: 0x80000874 (0xfbdcb297) auipc   t0, 0xfbdcb
core   0: 3 0x80000874 (0xfbdcb297) x 5 0x7bdcb874
core   0: 0x80000878 (0x01cc6ab3) or      s5, s8, t3
core   0: 3 0x80000878 (0x01cc6ab3) x21 0xfffffb37
core   0: 0x8000087c (0x00008d4d) c.or    a0, a1
core   0: 3 0x8000087c (0x8d4d) x10 0x00000001
core   0: 0x8000087e (0x03423233) mulhu   tp, tp, s4
core   0: 3 0x8000087e (0x03423233) x 4 0x00000000
core   0: 0x80000882 (0x0215d733) divu    a4, a1, ra
core   0: 3 0x80000882 (0x0215d733) x14 0x00000000
core   0: 0x80000886 (0x000040b1) c.li    ra, 12
core   0: 3 0x80000886 (0x40b1) x 1 0x0000000c
core   0: 0x80000888 (0xfe8362e3) bltu    t1, s0, pc - 28
core   0: 3 0x80000888 (0xfe8362e3)
core   0: 0x8000086c (0x2cd62d93) slti    s11, a2, 717
core   0: 3 0x8000086c (0x2cd62d93) x27 0x00000000
core   0: 0x80000870 (0x00000315) c.addi  t1, 5
core   0: 3 0x80000870 (0x0315) x 6 0x00000009
core   0: 0x80000872 (0x00000731) c.addi  a4, 12
core   0: 3 0x80000872 (0x0731) x14 0x0000000c
core   0: 0x80000874 (0xfbdcb297) auipc   t0, 0xfbdcb
core   0: 3 0x80000874 (0xfbdcb297) x 5 0x7bdcb874
core   0: 0x80000878 (0x01cc6ab3) or      s5, s8, t3
core   0: 3 0x80000878 (0x01cc6ab3) x21 0xfffffb37
core   0: 0x8000087c (0x00008d4d) c.or    a0, a1
core   0: 3 0x8000087c (0x8d4d) x10 0x00000001
core   0: 0x8000087e (0x03423233) mulhu   tp, tp, s4
core   0: 3 0x8000087e (0x03423233) x 4 0x00000000
core   0: 0x80000882 (0x0215d733) divu    a4, a1, ra
core   0: 3 0x80000882 (0x0215d733) x14 0x00000000
core   0: 0x80000886 (0x000040b1) c.li    ra, 12
core   0: 3 0x80000886 (0x40b1) x 1 0x0000000c
core   0: 0x80000888 (0xfe8362e3) bltu    t1, s0, pc - 28
core   0: 3 0x80000888 (0xfe8362e3)
core   0: 0x8000086c (0x2cd62d93) slti    s11, a2, 717
core   0: 3 0x8000086c (0x2cd62d93) x27 0x00000000
core   0: 0x80000870 (0x00000315) c.addi  t1, 5
core   0: 3 0x80000870 (0x0315) x 6 0x0000000e
core   0: 0x80000872 (0x00000731) c.addi  a4, 12
core   0: 3 0x80000872 (0x0731) x14 0x0000000c
core   0: 0x80000874 (0xfbdcb297) auipc   t0, 0xfbdcb
core   0: 3 0x80000874 (0xfbdcb297) x 5 0x7bdcb874
core   0: 0x80000878 (0x01cc6ab3) or      s5, s8, t3
core   0: 3 0x80000878 (0x01cc6ab3) x21 0xfffffb37
core   0: 0x8000087c (0x00008d4d) c.or    a0, a1
core   0: 3 0x8000087c (0x8d4d) x10 0x00000001
core   0: 0x8000087e (0x03423233) mulhu   tp, tp, s4
core   0: 3 0x8000087e (0x03423233) x 4 0x00000000
core   0: 0x80000882 (0x0215d733) divu    a4, a1, ra
core   0: 3 0x80000882 (0x0215d733) x14 0x00000000
core   0: 0x80000886 (0x000040b1) c.li    ra, 12
core   0: 3 0x80000886 (0x40b1) x 1 0x0000000c
core   0: 0x80000888 (0xfe8362e3) bltu    t1, s0, pc - 28
core   0: 3 0x80000888 (0xfe8362e3)
core   0: 0x8000088c (0x035fef17) auipc   t5, 0x35fe
core   0: 3 0x8000088c (0x035fef17) x30 0x835fe88c
core   0: 0x80000890 (0x00300c93) li      s9, 3
core   0: 3 0x80000890 (0x00300c93) x25 0x00000003
core   0: 0x80000894 (0x01200a93) li      s5, 18
core   0: 3 0x80000894 (0x01200a93) x21 0x00000012
core   0: 0x80000898 (0x00000001) c.nop
core   0: 3 0x80000898 (0x0001)
core   0: 0x8000089a (0xba9b4693) xori    a3, s6, -1111
core   0: 3 0x8000089a (0xba9b4693) x13 0x4ed93440
core   0: 0x8000089e (0x7dae7f37) lui     t5, 0x7dae7
core   0: 3 0x8000089e (0x7dae7f37) x30 0x7dae7000
core   0: 0x800008a2 (0x000000cd) c.addi  ra, 19
core   0: 3 0x800008a2 (0x00cd) x 1 0x0000001f
core   0: 0x800008a4 (0x00000c85) c.addi  s9, 1
core   0: 3 0x800008a4 (0x0c85) x25 0x00000004
core   0: 0x800008a6 (0xff5c9ce3) bne     s9, s5, pc - 8
core   0: 3 0x800008a6 (0xff5c9ce3)
core   0: 0x8000089e (0x7dae7f37) lui     t5, 0x7dae7
core   0: 3 0x8000089e (0x7dae7f37) x30 0x7dae7000
core   0: 0x800008a2 (0x000000cd) c.addi  ra, 19
core   0: 3 0x800008a2 (0x00cd) x 1 0x00000032
core   0: 0x800008a4 (0x00000c85) c.addi  s9, 1
core   0: 3 0x800008a4 (0x0c85) x25 0x00000005
core   0: 0x800008a6 (0xff5c9ce3) bne     s9, s5, pc - 8
core   0: 3 0x800008a6 (0xff5c9ce3)
core   0: 0x8000089e (0x7dae7f37) lui     t5, 0x7dae7
core   0: 3 0x8000089e (0x7dae7f37) x30 0x7dae7000
core   0: 0x800008a2 (0x000000cd) c.addi  ra, 19
core   0: 3 0x800008a2 (0x00cd) x 1 0x00000045
core   0: 0x800008a4 (0x00000c85) c.addi  s9, 1
core   0: 3 0x800008a4 (0x0c85) x25 0x00000006
core   0: 0x800008a6 (0xff5c9ce3) bne     s9, s5, pc - 8
core   0: 3 0x800008a6 (0xff5c9ce3)
core   0: 0x8000089e (0x7dae7f37) lui     t5, 0x7dae7
core   0: 3 0x8000089e (0x7dae7f37) x30 0x7dae7000
core   0: 0x800008a2 (0x000000cd) c.addi  ra, 19
core   0: 3 0x800008a2 (0x00cd) x 1 0x00000058
core   0: 0x800008a4 (0x00000c85) c.addi  s9, 1
core   0: 3 0x800008a4 (0x0c85) x25 0x00000007
core   0: 0x800008a6 (0xff5c9ce3) bne     s9, s5, pc - 8
core   0: 3 0x800008a6 (0xff5c9ce3)
core   0: 0x8000089e (0x7dae7f37) lui     t5, 0x7dae7
core   0: 3 0x8000089e (0x7dae7f37) x30 0x7dae7000
core   0: 0x800008a2 (0x000000cd) c.addi  ra, 19
core   0: 3 0x800008a2 (0x00cd) x 1 0x0000006b
core   0: 0x800008a4 (0x00000c85) c.addi  s9, 1
core   0: 3 0x800008a4 (0x0c85) x25 0x00000008
core   0: 0x800008a6 (0xff5c9ce3) bne     s9, s5, pc - 8
core   0: 3 0x800008a6 (0xff5c9ce3)
core   0: 0x8000089e (0x7dae7f37) lui     t5, 0x7dae7
core   0: 3 0x8000089e (0x7dae7f37) x30 0x7dae7000
core   0: 0x800008a2 (0x000000cd) c.addi  ra, 19
core   0: 3 0x800008a2 (0x00cd) x 1 0x0000007e
core   0: 0x800008a4 (0x00000c85) c.addi  s9, 1
core   0: 3 0x800008a4 (0x0c85) x25 0x00000009
core   0: 0x800008a6 (0xff5c9ce3) bne     s9, s5, pc - 8
core   0: 3 0x800008a6 (0xff5c9ce3)
core   0: 0x8000089e (0x7dae7f37) lui     t5, 0x7dae7
core   0: 3 0x8000089e (0x7dae7f37) x30 0x7dae7000
core   0: 0x800008a2 (0x000000cd) c.addi  ra, 19
core   0: 3 0x800008a2 (0x00cd) x 1 0x00000091
core   0: 0x800008a4 (0x00000c85) c.addi  s9, 1
core   0: 3 0x800008a4 (0x0c85) x25 0x0000000a
core   0: 0x800008a6 (0xff5c9ce3) bne     s9, s5, pc - 8
core   0: 3 0x800008a6 (0xff5c9ce3)
core   0: 0x8000089e (0x7dae7f37) lui     t5, 0x7dae7
core   0: 3 0x8000089e (0x7dae7f37) x30 0x7dae7000
core   0: 0x800008a2 (0x000000cd) c.addi  ra, 19
core   0: 3 0x800008a2 (0x00cd) x 1 0x000000a4
core   0: 0x800008a4 (0x00000c85) c.addi  s9, 1
core   0: 3 0x800008a4 (0x0c85) x25 0x0000000b
core   0: 0x800008a6 (0xff5c9ce3) bne     s9, s5, pc - 8
core   0: 3 0x800008a6 (0xff5c9ce3)
core   0: 0x8000089e (0x7dae7f37) lui     t5, 0x7dae7
core   0: 3 0x8000089e (0x7dae7f37) x30 0x7dae7000
core   0: 0x800008a2 (0x000000cd) c.addi  ra, 19
core   0: 3 0x800008a2 (0x00cd) x 1 0x000000b7
core   0: 0x800008a4 (0x00000c85) c.addi  s9, 1
core   0: 3 0x800008a4 (0x0c85) x25 0x0000000c
core   0: 0x800008a6 (0xff5c9ce3) bne     s9, s5, pc - 8
core   0: 3 0x800008a6 (0xff5c9ce3)
core   0: 0x8000089e (0x7dae7f37) lui     t5, 0x7dae7
core   0: 3 0x8000089e (0x7dae7f37) x30 0x7dae7000
core   0: 0x800008a2 (0x000000cd) c.addi  ra, 19
core   0: 3 0x800008a2 (0x00cd) x 1 0x000000ca
core   0: 0x800008a4 (0x00000c85) c.addi  s9, 1
core   0: 3 0x800008a4 (0x0c85) x25 0x0000000d
core   0: 0x800008a6 (0xff5c9ce3) bne     s9, s5, pc - 8
core   0: 3 0x800008a6 (0xff5c9ce3)
core   0: 0x8000089e (0x7dae7f37) lui     t5, 0x7dae7
core   0: 3 0x8000089e (0x7dae7f37) x30 0x7dae7000
core   0: 0x800008a2 (0x000000cd) c.addi  ra, 19
core   0: 3 0x800008a2 (0x00cd) x 1 0x000000dd
core   0: 0x800008a4 (0x00000c85) c.addi  s9, 1
core   0: 3 0x800008a4 (0x0c85) x25 0x0000000e
core   0: 0x800008a6 (0xff5c9ce3) bne     s9, s5, pc - 8
core   0: 3 0x800008a6 (0xff5c9ce3)
core   0: 0x8000089e (0x7dae7f37) lui     t5, 0x7dae7
core   0: 3 0x8000089e (0x7dae7f37) x30 0x7dae7000
core   0: 0x800008a2 (0x000000cd) c.addi  ra, 19
core   0: 3 0x800008a2 (0x00cd) x 1 0x000000f0
core   0: 0x800008a4 (0x00000c85) c.addi  s9, 1
core   0: 3 0x800008a4 (0x0c85) x25 0x0000000f
core   0: 0x800008a6 (0xff5c9ce3) bne     s9, s5, pc - 8
core   0: 3 0x800008a6 (0xff5c9ce3)
core   0: 0x8000089e (0x7dae7f37) lui     t5, 0x7dae7
core   0: 3 0x8000089e (0x7dae7f37) x30 0x7dae7000
core   0: 0x800008a2 (0x000000cd) c.addi  ra, 19
core   0: 3 0x800008a2 (0x00cd) x 1 0x00000103
core   0: 0x800008a4 (0x00000c85) c.addi  s9, 1
core   0: 3 0x800008a4 (0x0c85) x25 0x00000010
core   0: 0x800008a6 (0xff5c9ce3) bne     s9, s5, pc - 8
core   0: 3 0x800008a6 (0xff5c9ce3)
core   0: 0x8000089e (0x7dae7f37) lui     t5, 0x7dae7
core   0: 3 0x8000089e (0x7dae7f37) x30 0x7dae7000
core   0: 0x800008a2 (0x000000cd) c.addi  ra, 19
core   0: 3 0x800008a2 (0x00cd) x 1 0x00000116
core   0: 0x800008a4 (0x00000c85) c.addi  s9, 1
core   0: 3 0x800008a4 (0x0c85) x25 0x00000011
core   0: 0x800008a6 (0xff5c9ce3) bne     s9, s5, pc - 8
core   0: 3 0x800008a6 (0xff5c9ce3)
core   0: 0x8000089e (0x7dae7f37) lui     t5, 0x7dae7
core   0: 3 0x8000089e (0x7dae7f37) x30 0x7dae7000
core   0: 0x800008a2 (0x000000cd) c.addi  ra, 19
core   0: 3 0x800008a2 (0x00cd) x 1 0x00000129
core   0: 0x800008a4 (0x00000c85) c.addi  s9, 1
core   0: 3 0x800008a4 (0x0c85) x25 0x00000012
core   0: 0x800008a6 (0xff5c9ce3) bne     s9, s5, pc - 8
core   0: 3 0x800008a6 (0xff5c9ce3)
core   0: 0x800008aa (0x40b0d6b3) sra     a3, ra, a1
core   0: 3 0x800008aa (0x40b0d6b3) x13 0x00000129
core   0: 0x800008ae (0x00900593) li      a1, 9
core   0: 3 0x800008ae (0x00900593) x11 0x00000009
core   0: 0x800008b2 (0xd0974237) lui     tp, 0xd0974
core   0: 3 0x800008b2 (0xd0974237) x 4 0xd0974000
core   0: 0x800008b6 (0xcf843f13) sltiu   t5, s0, -776
core   0: 3 0x800008b6 (0xcf843f13) x30 0x00000001
core   0: 0x800008ba (0xe25aa713) slti    a4, s5, -475
core   0: 3 0x800008ba (0xe25aa713) x14 0x00000000
core   0: 0x800008be (0x417b5db3) sra     s11, s6, s7
core   0: 3 0x800008be (0x417b5db3) x27 0xb126cfe9
core   0: 0x800008c2 (0xce4a3a93) sltiu   s5, s4, -796
core   0: 3 0x800008c2 (0xce4a3a93) x21 0x00000001
core   0: 0x800008c6 (0x00000001) c.nop
core   0: 3 0x800008c6 (0x0001)
core   0: 0x800008c8 (0x00c2d9b3) srl     s3, t0, a2
core   0: 3 0x800008c8 (0x00c2d9b3) x19 0x7bdcb874
core   0: 0x800008cc (0x005d3433) sltu    s0, s10, t0
core   0: 3 0x800008cc (0x005d3433) x 8 0x00000000
core   0: 0x800008d0 (0x000015dd) c.addi  a1, -9
core   0: 3 0x800008d0 (0x15dd) x11 0x00000000
core   0: 0x800008d2 (0x0000fded) c.bnez  a1, pc - 6
core   0: 3 0x800008d2 (0xfded)
core   0: 0x800008d4 (0x030082b3) mul     t0, ra, a6
core   0: 3 0x800008d4 (0x030082b3) x 5 0xffffe551
core   0: 0x800008d8 (0x00600a93) li      s5, 6
core   0: 3 0x800008d8 (0x00600a93) x21 0x00000006
core   0: 0x800008dc (0x02aa42b3) div     t0, s4, a0
core   0: 3 0x800008dc (0x02aa42b3) x 5 0x00000000
core   0: 0x800008e0 (0x00200c93) li      s9, 2
core   0: 3 0x800008e0 (0x00200c93) x25 0x00000002
core   0: 0x800008e4 (0x010eabb3) slt     s7, t4, a6
core   0: 3 0x800008e4 (0x010eabb3) x23 0x00000000
core   0: 0x800008e8 (0x000082de) c.mv    t0, s7
core   0: 3 0x800008e8 (0x82de) x 5 0x00000000
core   0: 0x800008ea (0x00009c32) c.add   s8, a2
core   0: 3 0x800008ea (0x9c32) x24 0x00380000
core   0: 0x800008ec (0x00008edd) c.or    a3, a5
core   0: 3 0x800008ec (0x8edd) x13 0x00000129
core   0: 0x800008ee (0xe841cf93) xori    t6, gp, -380
core   0: 3 0x800008ee (0xe841cf93) x31 0xfffffe84
core   0: 0x800008f2 (0x00001ae9) c.addi  s5, -6
core   0: 3 0x800008f2 (0x1ae9) x21 0x00000000
core   0: 0x800008f4 (0x02580fb3) mul     t6, a6, t0
core   0: 3 0x800008f4 (0x02580fb3) x31 0x00000000
core   0: 0x800008f8 (0x034f71b3) remu    gp, t5, s4
core   0: 3 0x800008f8 (0x034f71b3) x 3 0x00000001
core   0: 0x800008fc (0x0000993a) c.add   s2, a4
core   0: 3 0x800008fc (0x993a) x18 0x00000000
core   0: 0x800008fe (0xff9ad7e3) bge     s5, s9, pc - 18
core   0: 3 0x800008fe (0xff9ad7e3)
core   0: 0x80000902 (0x00c55413) srli    s0, a0, 12
core   0: 3 0x80000902 (0x00c55413) x 8 0x00000000
core   0: 0x80000906 (0xffd00513) li      a0, -3
core   0: 3 0x80000906 (0xffd00513) x10 0xfffffffd
core   0: 0x8000090a (0x015bf9b3) and     s3, s7, s5
core   0: 3 0x8000090a (0x015bf9b3) x19 0x00000000
core   0: 0x8000090e (0x01100393) li      t2, 17
core   0: 3 0x8000090e (0x01100393) x 7 0x00000011
core   0: 0x80000912 (0x40515b33) sra     s6, sp, t0
core   0: 3 0x80000912 (0x40515b33) x22 0x80026ce4
core   0: 0x80000916 (0x02958233) mul     tp, a1, s1
core   0: 3 0x80000916 (0x02958233) x 4 0x00000000
core   0: 0x8000091a (0x005c98b3) sll     a7, s9, t0
core   0: 3 0x8000091a (0x005c98b3) x17 0x00000002
core   0: 0x8000091e (0x01631293) slli    t0, t1, 22
core   0: 3 0x8000091e (0x01631293) x 5 0x03800000
core   0: 0x80000922 (0x558b8037) lui     zero, 0x558b8
core   0: 3 0x80000922 (0x558b8037)
core   0: 0x80000926 (0x00000511) c.addi  a0, 4
core   0: 3 0x80000926 (0x0511) x10 0x00000001
core   0: 0x80000928 (0x00005c7d) c.li    s8, -1
core   0: 3 0x80000928 (0x5c7d) x24 0xffffffff
core   0: 0x8000092a (0x000089dd) c.andi  a1, 23
core   0: 3 0x8000092a (0x89dd) x11 0x00000000
core   0: 0x8000092c (0x0394d733) divu    a4, s1, s9
core   0: 3 0x8000092c (0x0394d733) x14 0x0718d800
core   0: 0x80000930 (0x010b9f13) slli    t5, s7, 16
core   0: 3 0x80000930 (0x010b9f13) x30 0x00000000
core   0: 0x80000934 (0x00000001) c.nop
core   0: 3 0x80000934 (0x0001)
core   0: 0x80000936 (0x2cb58637) lui     a2, 0x2cb58
core   0: 3 0x80000936 (0x2cb58637) x12 0x2cb58000
core   0: 0x8000093a (0x00000001) c.nop
core   0: 3 0x8000093a (0x0001)
core   0: 0x8000093c (0x0000699d) c.lui   s3, 0x7
core   0: 3 0x8000093c (0x699d) x19 0x00007000
core   0: 0x8000093e (0xab95ac93) slti    s9, a1, -1351
core   0: 3 0x8000093e (0xab95ac93) x25 0x00000000
core   0: 0x80000942 (0xbce892b7) lui     t0, 0xbce89
core   0: 3 0x80000942 (0xbce892b7) x 5 0xbce89000
core   0: 0x80000946 (0x4158d893) srai    a7, a7, 21
core   0: 3 0x80000946 (0x4158d893) x17 0x00000000
core   0: 0x8000094a (0x00800f93) li      t6, 8
core   0: 3 0x8000094a (0x00800f93) x31 0x00000008
core   0: 0x8000094e (0x00500913) li      s2, 5
core   0: 3 0x8000094e (0x00500913) x18 0x00000005
core   0: 0x80000952 (0x032a6c33) rem     s8, s4, s2
core   0: 3 0x80000952 (0x032a6c33) x24 0x00000000
core   0: 0x80000956 (0x00008376) c.mv    t1, t4
core   0: 3 0x80000956 (0x8376) x 6 0x0000000a
core   0: 0x80000958 (0x00000001) c.nop
core   0: 3 0x80000958 (0x0001)
core   0: 0x8000095a (0x00001ff1) c.addi  t6, -4
core   0: 3 0x8000095a (0x1ff1) x31 0x00000004
core   0: 0x8000095c (0x0000945a) c.add   s0, s6
core   0: 3 0x8000095c (0x945a) x 8 0x80026ce4
core   0: 0x8000095e (0xfeb0e313) ori     t1, ra, -21
core   0: 3 0x8000095e (0xfeb0e313) x 6 0xffffffeb
core   0: 0x80000962 (0xff2ffae3) bgeu    t6, s2, pc - 12
core   0: 3 0x80000962 (0xff2ffae3)
core   0: 0x80000966 (0x03e78033) mul     zero, a5, t5
core   0: 3 0x80000966 (0x03e78033)
core   0: 0x8000096a (0x01e354b3) srl     s1, t1, t5
core   0: 3 0x8000096a (0x01e354b3) x 9 0xffffffeb
core   0: 0x8000096e (0x00008df1) c.and   a1, a2
core   0: 3 0x8000096e (0x8df1) x11 0x00000000
core   0: 0x80000970 (0xfa7543e3) blt     a0, t2, pc - 90
core   0: 3 0x80000970 (0xfa7543e3)
core   0: 0x80000916 (0x02958233) mul     tp, a1, s1
core   0: 3 0x80000916 (0x02958233) x 4 0x00000000
core   0: 0x8000091a (0x005c98b3) sll     a7, s9, t0
core   0: 3 0x8000091a (0x005c98b3) x17 0x00000000
core   0: 0x8000091e (0x01631293) slli    t0, t1, 22
core   0: 3 0x8000091e (0x01631293) x 5 0xfac00000
core   0: 0x80000922 (0x558b8037) lui     zero, 0x558b8
core   0: 3 0x80000922 (0x558b8037)
core   0: 0x80000926 (0x00000511) c.addi  a0, 4
core   0: 3 0x80000926 (0x0511) x10 0x00000005
core   0: 0x80000928 (0x00005c7d) c.li    s8, -1
core   0: 3 0x80000928 (0x5c7d) x24 0xffffffff
core   0: 0x8000092a (0x000089dd) c.andi  a1, 23
core   0: 3 0x8000092a (0x89dd) x11 0x00000000
core   0: 0x8000092c (0x0394d733) divu    a4, s1, s9
core   0: 3 0x8000092c (0x0394d733) x14 0xffffffff
core   0: 0x80000930 (0x010b9f13) slli    t5, s7, 16
core   0: 3 0x80000930 (0x010b9f13) x30 0x00000000
core   0: 0x80000934 (0x00000001) c.nop
core   0: 3 0x80000934 (0x0001)
core   0: 0x80000936 (0x2cb58637) lui     a2, 0x2cb58
core   0: 3 0x80000936 (0x2cb58637) x12 0x2cb58000
core   0: 0x8000093a (0x00000001) c.nop
core   0: 3 0x8000093a (0x0001)
core   0: 0x8000093c (0x0000699d) c.lui   s3, 0x7
core   0: 3 0x8000093c (0x699d) x19 0x00007000
core   0: 0x8000093e (0xab95ac93) slti    s9, a1, -1351
core   0: 3 0x8000093e (0xab95ac93) x25 0x00000000
core   0: 0x80000942 (0xbce892b7) lui     t0, 0xbce89
core   0: 3 0x80000942 (0xbce892b7) x 5 0xbce89000
core   0: 0x80000946 (0x4158d893) srai    a7, a7, 21
core   0: 3 0x80000946 (0x4158d893) x17 0x00000000
core   0: 0x8000094a (0x00800f93) li      t6, 8
core   0: 3 0x8000094a (0x00800f93) x31 0x00000008
core   0: 0x8000094e (0x00500913) li      s2, 5
core   0: 3 0x8000094e (0x00500913) x18 0x00000005
core   0: 0x80000952 (0x032a6c33) rem     s8, s4, s2
core   0: 3 0x80000952 (0x032a6c33) x24 0x00000000
core   0: 0x80000956 (0x00008376) c.mv    t1, t4
core   0: 3 0x80000956 (0x8376) x 6 0x0000000a
core   0: 0x80000958 (0x00000001) c.nop
core   0: 3 0x80000958 (0x0001)
core   0: 0x8000095a (0x00001ff1) c.addi  t6, -4
core   0: 3 0x8000095a (0x1ff1) x31 0x00000004
core   0: 0x8000095c (0x0000945a) c.add   s0, s6
core   0: 3 0x8000095c (0x945a) x 8 0x0004d9c8
core   0: 0x8000095e (0xfeb0e313) ori     t1, ra, -21
core   0: 3 0x8000095e (0xfeb0e313) x 6 0xffffffeb
core   0: 0x80000962 (0xff2ffae3) bgeu    t6, s2, pc - 12
core   0: 3 0x80000962 (0xff2ffae3)
core   0: 0x80000966 (0x03e78033) mul     zero, a5, t5
core   0: 3 0x80000966 (0x03e78033)
core   0: 0x8000096a (0x01e354b3) srl     s1, t1, t5
core   0: 3 0x8000096a (0x01e354b3) x 9 0xffffffeb
core   0: 0x8000096e (0x00008df1) c.and   a1, a2
core   0: 3 0x8000096e (0x8df1) x11 0x00000000
core   0: 0x80000970 (0xfa7543e3) blt     a0, t2, pc - 90
core   0: 3 0x80000970 (0xfa7543e3)
core   0: 0x80000916 (0x02958233) mul     tp, a1, s1
core   0: 3 0x80000916 (0x02958233) x 4 0x00000000
core   0: 0x8000091a (0x005c98b3) sll     a7, s9, t0
core   0: 3 0x8000091a (0x005c98b3) x17 0x00000000
core   0: 0x8000091e (0x01631293) slli    t0, t1, 22
core   0: 3 0x8000091e (0x01631293) x 5 0xfac00000
core   0: 0x80000922 (0x558b8037) lui     zero, 0x558b8
core   0: 3 0x80000922 (0x558b8037)
core   0: 0x80000926 (0x00000511) c.addi  a0, 4
core   0: 3 0x80000926 (0x0511) x10 0x00000009
core   0: 0x80000928 (0x00005c7d) c.li    s8, -1
core   0: 3 0x80000928 (0x5c7d) x24 0xffffffff
core   0: 0x8000092a (0x000089dd) c.andi  a1, 23
core   0: 3 0x8000092a (0x89dd) x11 0x00000000
core   0: 0x8000092c (0x0394d733) divu    a4, s1, s9
core   0: 3 0x8000092c (0x0394d733) x14 0xffffffff
core   0: 0x80000930 (0x010b9f13) slli    t5, s7, 16
core   0: 3 0x80000930 (0x010b9f13) x30 0x00000000
core   0: 0x80000934 (0x00000001) c.nop
core   0: 3 0x80000934 (0x0001)
core   0: 0x80000936 (0x2cb58637) lui     a2, 0x2cb58
core   0: 3 0x80000936 (0x2cb58637) x12 0x2cb58000
core   0: 0x8000093a (0x00000001) c.nop
core   0: 3 0x8000093a (0x0001)
core   0: 0x8000093c (0x0000699d) c.lui   s3, 0x7
core   0: 3 0x8000093c (0x699d) x19 0x00007000
core   0: 0x8000093e (0xab95ac93) slti    s9, a1, -1351
core   0: 3 0x8000093e (0xab95ac93) x25 0x00000000
core   0: 0x80000942 (0xbce892b7) lui     t0, 0xbce89
core   0: 3 0x80000942 (0xbce892b7) x 5 0xbce89000
core   0: 0x80000946 (0x4158d893) srai    a7, a7, 21
core   0: 3 0x80000946 (0x4158d893) x17 0x00000000
core   0: 0x8000094a (0x00800f93) li      t6, 8
core   0: 3 0x8000094a (0x00800f93) x31 0x00000008
core   0: 0x8000094e (0x00500913) li      s2, 5
core   0: 3 0x8000094e (0x00500913) x18 0x00000005
core   0: 0x80000952 (0x032a6c33) rem     s8, s4, s2
core   0: 3 0x80000952 (0x032a6c33) x24 0x00000000
core   0: 0x80000956 (0x00008376) c.mv    t1, t4
core   0: 3 0x80000956 (0x8376) x 6 0x0000000a
core   0: 0x80000958 (0x00000001) c.nop
core   0: 3 0x80000958 (0x0001)
core   0: 0x8000095a (0x00001ff1) c.addi  t6, -4
core   0: 3 0x8000095a (0x1ff1) x31 0x00000004
core   0: 0x8000095c (0x0000945a) c.add   s0, s6
core   0: 3 0x8000095c (0x945a) x 8 0x800746ac
core   0: 0x8000095e (0xfeb0e313) ori     t1, ra, -21
core   0: 3 0x8000095e (0xfeb0e313) x 6 0xffffffeb
core   0: 0x80000962 (0xff2ffae3) bgeu    t6, s2, pc - 12
core   0: 3 0x80000962 (0xff2ffae3)
core   0: 0x80000966 (0x03e78033) mul     zero, a5, t5
core   0: 3 0x80000966 (0x03e78033)
core   0: 0x8000096a (0x01e354b3) srl     s1, t1, t5
core   0: 3 0x8000096a (0x01e354b3) x 9 0xffffffeb
core   0: 0x8000096e (0x00008df1) c.and   a1, a2
core   0: 3 0x8000096e (0x8df1) x11 0x00000000
core   0: 0x80000970 (0xfa7543e3) blt     a0, t2, pc - 90
core   0: 3 0x80000970 (0xfa7543e3)
core   0: 0x80000916 (0x02958233) mul     tp, a1, s1
core   0: 3 0x80000916 (0x02958233) x 4 0x00000000
core   0: 0x8000091a (0x005c98b3) sll     a7, s9, t0
core   0: 3 0x8000091a (0x005c98b3) x17 0x00000000
core   0: 0x8000091e (0x01631293) slli    t0, t1, 22
core   0: 3 0x8000091e (0x01631293) x 5 0xfac00000
core   0: 0x80000922 (0x558b8037) lui     zero, 0x558b8
core   0: 3 0x80000922 (0x558b8037)
core   0: 0x80000926 (0x00000511) c.addi  a0, 4
core   0: 3 0x80000926 (0x0511) x10 0x0000000d
core   0: 0x80000928 (0x00005c7d) c.li    s8, -1
core   0: 3 0x80000928 (0x5c7d) x24 0xffffffff
core   0: 0x8000092a (0x000089dd) c.andi  a1, 23
core   0: 3 0x8000092a (0x89dd) x11 0x00000000
core   0: 0x8000092c (0x0394d733) divu    a4, s1, s9
core   0: 3 0x8000092c (0x0394d733) x14 0xffffffff
core   0: 0x80000930 (0x010b9f13) slli    t5, s7, 16
core   0: 3 0x80000930 (0x010b9f13) x30 0x00000000
core   0: 0x80000934 (0x00000001) c.nop
core   0: 3 0x80000934 (0x0001)
core   0: 0x80000936 (0x2cb58637) lui     a2, 0x2cb58
core   0: 3 0x80000936 (0x2cb58637) x12 0x2cb58000
core   0: 0x8000093a (0x00000001) c.nop
core   0: 3 0x8000093a (0x0001)
core   0: 0x8000093c (0x0000699d) c.lui   s3, 0x7
core   0: 3 0x8000093c (0x699d) x19 0x00007000
core   0: 0x8000093e (0xab95ac93) slti    s9, a1, -1351
core   0: 3 0x8000093e (0xab95ac93) x25 0x00000000
core   0: 0x80000942 (0xbce892b7) lui     t0, 0xbce89
core   0: 3 0x80000942 (0xbce892b7) x 5 0xbce89000
core   0: 0x80000946 (0x4158d893) srai    a7, a7, 21
core   0: 3 0x80000946 (0x4158d893) x17 0x00000000
core   0: 0x8000094a (0x00800f93) li      t6, 8
core   0: 3 0x8000094a (0x00800f93) x31 0x00000008
core   0: 0x8000094e (0x00500913) li      s2, 5
core   0: 3 0x8000094e (0x00500913) x18 0x00000005
core   0: 0x80000952 (0x032a6c33) rem     s8, s4, s2
core   0: 3 0x80000952 (0x032a6c33) x24 0x00000000
core   0: 0x80000956 (0x00008376) c.mv    t1, t4
core   0: 3 0x80000956 (0x8376) x 6 0x0000000a
core   0: 0x80000958 (0x00000001) c.nop
core   0: 3 0x80000958 (0x0001)
core   0: 0x8000095a (0x00001ff1) c.addi  t6, -4
core   0: 3 0x8000095a (0x1ff1) x31 0x00000004
core   0: 0x8000095c (0x0000945a) c.add   s0, s6
core   0: 3 0x8000095c (0x945a) x 8 0x0009b390
core   0: 0x8000095e (0xfeb0e313) ori     t1, ra, -21
core   0: 3 0x8000095e (0xfeb0e313) x 6 0xffffffeb
core   0: 0x80000962 (0xff2ffae3) bgeu    t6, s2, pc - 12
core   0: 3 0x80000962 (0xff2ffae3)
core   0: 0x80000966 (0x03e78033) mul     zero, a5, t5
core   0: 3 0x80000966 (0x03e78033)
core   0: 0x8000096a (0x01e354b3) srl     s1, t1, t5
core   0: 3 0x8000096a (0x01e354b3) x 9 0xffffffeb
core   0: 0x8000096e (0x00008df1) c.and   a1, a2
core   0: 3 0x8000096e (0x8df1) x11 0x00000000
core   0: 0x80000970 (0xfa7543e3) blt     a0, t2, pc - 90
core   0: 3 0x80000970 (0xfa7543e3)
core   0: 0x80000916 (0x02958233) mul     tp, a1, s1
core   0: 3 0x80000916 (0x02958233) x 4 0x00000000
core   0: 0x8000091a (0x005c98b3) sll     a7, s9, t0
core   0: 3 0x8000091a (0x005c98b3) x17 0x00000000
core   0: 0x8000091e (0x01631293) slli    t0, t1, 22
core   0: 3 0x8000091e (0x01631293) x 5 0xfac00000
core   0: 0x80000922 (0x558b8037) lui     zero, 0x558b8
core   0: 3 0x80000922 (0x558b8037)
core   0: 0x80000926 (0x00000511) c.addi  a0, 4
core   0: 3 0x80000926 (0x0511) x10 0x00000011
core   0: 0x80000928 (0x00005c7d) c.li    s8, -1
core   0: 3 0x80000928 (0x5c7d) x24 0xffffffff
core   0: 0x8000092a (0x000089dd) c.andi  a1, 23
core   0: 3 0x8000092a (0x89dd) x11 0x00000000
core   0: 0x8000092c (0x0394d733) divu    a4, s1, s9
core   0: 3 0x8000092c (0x0394d733) x14 0xffffffff
core   0: 0x80000930 (0x010b9f13) slli    t5, s7, 16
core   0: 3 0x80000930 (0x010b9f13) x30 0x00000000
core   0: 0x80000934 (0x00000001) c.nop
core   0: 3 0x80000934 (0x0001)
core   0: 0x80000936 (0x2cb58637) lui     a2, 0x2cb58
core   0: 3 0x80000936 (0x2cb58637) x12 0x2cb58000
core   0: 0x8000093a (0x00000001) c.nop
core   0: 3 0x8000093a (0x0001)
core   0: 0x8000093c (0x0000699d) c.lui   s3, 0x7
core   0: 3 0x8000093c (0x699d) x19 0x00007000
core   0: 0x8000093e (0xab95ac93) slti    s9, a1, -1351
core   0: 3 0x8000093e (0xab95ac93) x25 0x00000000
core   0: 0x80000942 (0xbce892b7) lui     t0, 0xbce89
core   0: 3 0x80000942 (0xbce892b7) x 5 0xbce89000
core   0: 0x80000946 (0x4158d893) srai    a7, a7, 21
core   0: 3 0x80000946 (0x4158d893) x17 0x00000000
core   0: 0x8000094a (0x00800f93) li      t6, 8
core   0: 3 0x8000094a (0x00800f93) x31 0x00000008
core   0: 0x8000094e (0x00500913) li      s2, 5
core   0: 3 0x8000094e (0x00500913) x18 0x00000005
core   0: 0x80000952 (0x032a6c33) rem     s8, s4, s2
core   0: 3 0x80000952 (0x032a6c33) x24 0x00000000
core   0: 0x80000956 (0x00008376) c.mv    t1, t4
core   0: 3 0x80000956 (0x8376) x 6 0x0000000a
core   0: 0x80000958 (0x00000001) c.nop
core   0: 3 0x80000958 (0x0001)
core   0: 0x8000095a (0x00001ff1) c.addi  t6, -4
core   0: 3 0x8000095a (0x1ff1) x31 0x00000004
core   0: 0x8000095c (0x0000945a) c.add   s0, s6
core   0: 3 0x8000095c (0x945a) x 8 0x800c2074
core   0: 0x8000095e (0xfeb0e313) ori     t1, ra, -21
core   0: 3 0x8000095e (0xfeb0e313) x 6 0xffffffeb
core   0: 0x80000962 (0xff2ffae3) bgeu    t6, s2, pc - 12
core   0: 3 0x80000962 (0xff2ffae3)
core   0: 0x80000966 (0x03e78033) mul     zero, a5, t5
core   0: 3 0x80000966 (0x03e78033)
core   0: 0x8000096a (0x01e354b3) srl     s1, t1, t5
core   0: 3 0x8000096a (0x01e354b3) x 9 0xffffffeb
core   0: 0x8000096e (0x00008df1) c.and   a1, a2
core   0: 3 0x8000096e (0x8df1) x11 0x00000000
core   0: 0x80000970 (0xfa7543e3) blt     a0, t2, pc - 90
core   0: 3 0x80000970 (0xfa7543e3)
core   0: 0x80000974 (0x01f26eb3) or      t4, tp, t6
core   0: 3 0x80000974 (0x01f26eb3) x29 0x00000004
core   0: 0x80000978 (0xff700593) li      a1, -9
core   0: 3 0x80000978 (0xff700593) x11 0xfffffff7
core   0: 0x8000097c (0xe06e4393) xori    t2, t3, -506
core   0: 3 0x8000097c (0xe06e4393) x 7 0x00000531
core   0: 0x80000980 (0x016598b3) sll     a7, a1, s6
core   0: 3 0x80000980 (0x016598b3) x17 0xffffff70
core   0: 0x80000984 (0x000091f6) c.add   gp, t4
core   0: 3 0x80000984 (0x91f6) x 3 0x00000005
core   0: 0x80000986 (0x00000001) c.nop
core   0: 3 0x80000986 (0x0001)
core   0: 0x80000988 (0x00000001) c.nop
core   0: 3 0x80000988 (0x0001)
core   0: 0x8000098a (0x00000001) c.nop
core   0: 3 0x8000098a (0x0001)
core   0: 0x8000098c (0x00000585) c.addi  a1, 1
core   0: 3 0x8000098c (0x0585) x11 0xfffffff8
core   0: 0x8000098e (0xfff00613) li      a2, -1
core   0: 3 0x8000098e (0xfff00613) x12 0xffffffff
core   0: 0x80000992 (0x00500993) li      s3, 5
core   0: 3 0x80000992 (0x00500993) x19 0x00000005
core   0: 0x80000996 (0x0000854d) c.srai  a0, 19
core   0: 3 0x80000996 (0x854d) x10 0x00000000
core   0: 0x80000998 (0x00008f21) c.xor   a4, s0
core   0: 3 0x80000998 (0x8f21) x14 0x7ff3df8b
core   0: 0x8000099a (0x05398913) addi    s2, s3, 83
core   0: 3 0x8000099a (0x05398913) x18 0x00000058
core   0: 0x8000099e (0x025cb1b3) mulhu   gp, s9, t0
core   0: 3 0x8000099e (0x025cb1b3) x 3 0x00000000
core   0: 0x800009a2 (0x00000605) c.addi  a2, 1
core   0: 3 0x800009a2 (0x0605) x12 0x00000000
core   0: 0x800009a4 (0x00008f16) c.mv    t5, t0
core   0: 3 0x800009a4 (0x8f16) x30 0xbce89000
core   0: 0x800009a6 (0xff3669e3) bltu    a2, s3, pc - 14
core   0: 3 0x800009a6 (0xff3669e3)
core   0: 0x80000998 (0x00008f21) c.xor   a4, s0
core   0: 3 0x80000998 (0x8f21) x14 0xffffffff
core   0: 0x8000099a (0x05398913) addi    s2, s3, 83
core   0: 3 0x8000099a (0x05398913) x18 0x00000058
core   0: 0x8000099e (0x025cb1b3) mulhu   gp, s9, t0
core   0: 3 0x8000099e (0x025cb1b3) x 3 0x00000000
core   0: 0x800009a2 (0x00000605) c.addi  a2, 1
core   0: 3 0x800009a2 (0x0605) x12 0x00000001
core   0: 0x800009a4 (0x00008f16) c.mv    t5, t0
core   0: 3 0x800009a4 (0x8f16) x30 0xbce89000
core   0: 0x800009a6 (0xff3669e3) bltu    a2, s3, pc - 14
core   0: 3 0x800009a6 (0xff3669e3)
core   0: 0x80000998 (0x00008f21) c.xor   a4, s0
core   0: 3 0x80000998 (0x8f21) x14 0x7ff3df8b
core   0: 0x8000099a (0x05398913) addi    s2, s3, 83
core   0: 3 0x8000099a (0x05398913) x18 0x00000058
core   0: 0x8000099e (0x025cb1b3) mulhu   gp, s9, t0
core   0: 3 0x8000099e (0x025cb1b3) x 3 0x00000000
core   0: 0x800009a2 (0x00000605) c.addi  a2, 1
core   0: 3 0x800009a2 (0x0605) x12 0x00000002
core   0: 0x800009a4 (0x00008f16) c.mv    t5, t0
core   0: 3 0x800009a4 (0x8f16) x30 0xbce89000
core   0: 0x800009a6 (0xff3669e3) bltu    a2, s3, pc - 14
core   0: 3 0x800009a6 (0xff3669e3)
core   0: 0x80000998 (0x00008f21) c.xor   a4, s0
core   0: 3 0x80000998 (0x8f21) x14 0xffffffff
core   0: 0x8000099a (0x05398913) addi    s2, s3, 83
core   0: 3 0x8000099a (0x05398913) x18 0x00000058
core   0: 0x8000099e (0x025cb1b3) mulhu   gp, s9, t0
core   0: 3 0x8000099e (0x025cb1b3) x 3 0x00000000
core   0: 0x800009a2 (0x00000605) c.addi  a2, 1
core   0: 3 0x800009a2 (0x0605) x12 0x00000003
core   0: 0x800009a4 (0x00008f16) c.mv    t5, t0
core   0: 3 0x800009a4 (0x8f16) x30 0xbce89000
core   0: 0x800009a6 (0xff3669e3) bltu    a2, s3, pc - 14
core   0: 3 0x800009a6 (0xff3669e3)
core   0: 0x80000998 (0x00008f21) c.xor   a4, s0
core   0: 3 0x80000998 (0x8f21) x14 0x7ff3df8b
core   0: 0x8000099a (0x05398913) addi    s2, s3, 83
core   0: 3 0x8000099a (0x05398913) x18 0x00000058
core   0: 0x8000099e (0x025cb1b3) mulhu   gp, s9, t0
core   0: 3 0x8000099e (0x025cb1b3) x 3 0x00000000
core   0: 0x800009a2 (0x00000605) c.addi  a2, 1
core   0: 3 0x800009a2 (0x0605) x12 0x00000004
core   0: 0x800009a4 (0x00008f16) c.mv    t5, t0
core   0: 3 0x800009a4 (0x8f16) x30 0xbce89000
core   0: 0x800009a6 (0xff3669e3) bltu    a2, s3, pc - 14
core   0: 3 0x800009a6 (0xff3669e3)
core   0: 0x80000998 (0x00008f21) c.xor   a4, s0
core   0: 3 0x80000998 (0x8f21) x14 0xffffffff
core   0: 0x8000099a (0x05398913) addi    s2, s3, 83
core   0: 3 0x8000099a (0x05398913) x18 0x00000058
core   0: 0x8000099e (0x025cb1b3) mulhu   gp, s9, t0
core   0: 3 0x8000099e (0x025cb1b3) x 3 0x00000000
core   0: 0x800009a2 (0x00000605) c.addi  a2, 1
core   0: 3 0x800009a2 (0x0605) x12 0x00000005
core   0: 0x800009a4 (0x00008f16) c.mv    t5, t0
core   0: 3 0x800009a4 (0x8f16) x30 0xbce89000
core   0: 0x800009a6 (0xff3669e3) bltu    a2, s3, pc - 14
core   0: 3 0x800009a6 (0xff3669e3)
core   0: 0x800009aa (0x0000f1e5) c.bnez  a1, pc - 32
core   0: 3 0x800009aa (0xf1e5)
core   0: 0x8000098a (0x00000001) c.nop
core   0: 3 0x8000098a (0x0001)
core   0: 0x8000098c (0x00000585) c.addi  a1, 1
core   0: 3 0x8000098c (0x0585) x11 0xfffffff9
core   0: 0x8000098e (0xfff00613) li      a2, -1
core   0: 3 0x8000098e (0xfff00613) x12 0xffffffff
core   0: 0x80000992 (0x00500993) li      s3, 5
core   0: 3 0x80000992 (0x00500993) x19 0x00000005
core   0: 0x80000996 (0x0000854d) c.srai  a0, 19
core   0: 3 0x80000996 (0x854d) x10 0x00000000
core   0: 0x80000998 (0x00008f21) c.xor   a4, s0
core   0: 3 0x80000998 (0x8f21) x14 0x7ff3df8b
core   0: 0x8000099a (0x05398913) addi    s2, s3, 83
core   0: 3 0x8000099a (0x05398913) x18 0x00000058
core   0: 0x8000099e (0x025cb1b3) mulhu   gp, s9, t0
core   0: 3 0x8000099e (0x025cb1b3) x 3 0x00000000
core   0: 0x800009a2 (0x00000605) c.addi  a2, 1
core   0: 3 0x800009a2 (0x0605) x12 0x00000000
core   0: 0x800009a4 (0x00008f16) c.mv    t5, t0
core   0: 3 0x800009a4 (0x8f16) x30 0xbce89000
core   0: 0x800009a6 (0xff3669e3) bltu    a2, s3, pc - 14
core   0: 3 0x800009a6 (0xff3669e3)
core   0: 0x80000998 (0x00008f21) c.xor   a4, s0
core   0: 3 0x80000998 (0x8f21) x14 0xffffffff
core   0: 0x8000099a (0x05398913) addi    s2, s3, 83
core   0: 3 0x8000099a (0x05398913) x18 0x00000058
core   0: 0x8000099e (0x025cb1b3) mulhu   gp, s9, t0
core   0: 3 0x8000099e (0x025cb1b3) x 3 0x00000000
core   0: 0x800009a2 (0x00000605) c.addi  a2, 1
core   0: 3 0x800009a2 (0x0605) x12 0x00000001
core   0: 0x800009a4 (0x00008f16) c.mv    t5, t0
core   0: 3 0x800009a4 (0x8f16) x30 0xbce89000
core   0: 0x800009a6 (0xff3669e3) bltu    a2, s3, pc - 14
core   0: 3 0x800009a6 (0xff3669e3)
core   0: 0x80000998 (0x00008f21) c.xor   a4, s0
core   0: 3 0x80000998 (0x8f21) x14 0x7ff3df8b
core   0: 0x8000099a (0x05398913) addi    s2, s3, 83
core   0: 3 0x8000099a (0x05398913) x18 0x00000058
core   0: 0x8000099e (0x025cb1b3) mulhu   gp, s9, t0
core   0: 3 0x8000099e (0x025cb1b3) x 3 0x00000000
core   0: 0x800009a2 (0x00000605) c.addi  a2, 1
core   0: 3 0x800009a2 (0x0605) x12 0x00000002
core   0: 0x800009a4 (0x00008f16) c.mv    t5, t0
core   0: 3 0x800009a4 (0x8f16) x30 0xbce89000
core   0: 0x800009a6 (0xff3669e3) bltu    a2, s3, pc - 14
core   0: 3 0x800009a6 (0xff3669e3)
core   0: 0x80000998 (0x00008f21) c.xor   a4, s0
core   0: 3 0x80000998 (0x8f21) x14 0xffffffff
core   0: 0x8000099a (0x05398913) addi    s2, s3, 83
core   0: 3 0x8000099a (0x05398913) x18 0x00000058
core   0: 0x8000099e (0x025cb1b3) mulhu   gp, s9, t0
core   0: 3 0x8000099e (0x025cb1b3) x 3 0x00000000
core   0: 0x800009a2 (0x00000605) c.addi  a2, 1
core   0: 3 0x800009a2 (0x0605) x12 0x00000003
core   0: 0x800009a4 (0x00008f16) c.mv    t5, t0
core   0: 3 0x800009a4 (0x8f16) x30 0xbce89000
core   0: 0x800009a6 (0xff3669e3) bltu    a2, s3, pc - 14
core   0: 3 0x800009a6 (0xff3669e3)
core   0: 0x80000998 (0x00008f21) c.xor   a4, s0
core   0: 3 0x80000998 (0x8f21) x14 0x7ff3df8b
core   0: 0x8000099a (0x05398913) addi    s2, s3, 83
core   0: 3 0x8000099a (0x05398913) x18 0x00000058
core   0: 0x8000099e (0x025cb1b3) mulhu   gp, s9, t0
core   0: 3 0x8000099e (0x025cb1b3) x 3 0x00000000
core   0: 0x800009a2 (0x00000605) c.addi  a2, 1
core   0: 3 0x800009a2 (0x0605) x12 0x00000004
core   0: 0x800009a4 (0x00008f16) c.mv    t5, t0
core   0: 3 0x800009a4 (0x8f16) x30 0xbce89000
core   0: 0x800009a6 (0xff3669e3) bltu    a2, s3, pc - 14
core   0: 3 0x800009a6 (0xff3669e3)
core   0: 0x80000998 (0x00008f21) c.xor   a4, s0
core   0: 3 0x80000998 (0x8f21) x14 0xffffffff
core   0: 0x8000099a (0x05398913) addi    s2, s3, 83
core   0: 3 0x8000099a (0x05398913) x18 0x00000058
core   0: 0x8000099e (0x025cb1b3) mulhu   gp, s9, t0
core   0: 3 0x8000099e (0x025cb1b3) x 3 0x00000000
core   0: 0x800009a2 (0x00000605) c.addi  a2, 1
core   0: 3 0x800009a2 (0x0605) x12 0x00000005
core   0: 0x800009a4 (0x00008f16) c.mv    t5, t0
core   0: 3 0x800009a4 (0x8f16) x30 0xbce89000
core   0: 0x800009a6 (0xff3669e3) bltu    a2, s3, pc - 14
core   0: 3 0x800009a6 (0xff3669e3)
core   0: 0x800009aa (0x0000f1e5) c.bnez  a1, pc - 32
core   0: 3 0x800009aa (0xf1e5)
core   0: 0x8000098a (0x00000001) c.nop
core   0: 3 0x8000098a (0x0001)
core   0: 0x8000098c (0x00000585) c.addi  a1, 1
core   0: 3 0x8000098c (0x0585) x11 0xfffffffa
core   0: 0x8000098e (0xfff00613) li      a2, -1
core   0: 3 0x8000098e (0xfff00613) x12 0xffffffff
core   0: 0x80000992 (0x00500993) li      s3, 5
core   0: 3 0x80000992 (0x00500993) x19 0x00000005
core   0: 0x80000996 (0x0000854d) c.srai  a0, 19
core   0: 3 0x80000996 (0x854d) x10 0x00000000
core   0: 0x80000998 (0x00008f21) c.xor   a4, s0
core   0: 3 0x80000998 (0x8f21) x14 0x7ff3df8b
core   0: 0x8000099a (0x05398913) addi    s2, s3, 83
core   0: 3 0x8000099a (0x05398913) x18 0x00000058
core   0: 0x8000099e (0x025cb1b3) mulhu   gp, s9, t0
core   0: 3 0x8000099e (0x025cb1b3) x 3 0x00000000
core   0: 0x800009a2 (0x00000605) c.addi  a2, 1
core   0: 3 0x800009a2 (0x0605) x12 0x00000000
core   0: 0x800009a4 (0x00008f16) c.mv    t5, t0
core   0: 3 0x800009a4 (0x8f16) x30 0xbce89000
core   0: 0x800009a6 (0xff3669e3) bltu    a2, s3, pc - 14
core   0: 3 0x800009a6 (0xff3669e3)
core   0: 0x80000998 (0x00008f21) c.xor   a4, s0
core   0: 3 0x80000998 (0x8f21) x14 0xffffffff
core   0: 0x8000099a (0x05398913) addi    s2, s3, 83
core   0: 3 0x8000099a (0x05398913) x18 0x00000058
core   0: 0x8000099e (0x025cb1b3) mulhu   gp, s9, t0
core   0: 3 0x8000099e (0x025cb1b3) x 3 0x00000000
core   0: 0x800009a2 (0x00000605) c.addi  a2, 1
core   0: 3 0x800009a2 (0x0605) x12 0x00000001
core   0: 0x800009a4 (0x00008f16) c.mv    t5, t0
core   0: 3 0x800009a4 (0x8f16) x30 0xbce89000
core   0: 0x800009a6 (0xff3669e3) bltu    a2, s3, pc - 14
core   0: 3 0x800009a6 (0xff3669e3)
core   0: 0x80000998 (0x00008f21) c.xor   a4, s0
core   0: 3 0x80000998 (0x8f21) x14 0x7ff3df8b
core   0: 0x8000099a (0x05398913) addi    s2, s3, 83
core   0: 3 0x8000099a (0x05398913) x18 0x00000058
core   0: 0x8000099e (0x025cb1b3) mulhu   gp, s9, t0
core   0: 3 0x8000099e (0x025cb1b3) x 3 0x00000000
core   0: 0x800009a2 (0x00000605) c.addi  a2, 1
core   0: 3 0x800009a2 (0x0605) x12 0x00000002
core   0: 0x800009a4 (0x00008f16) c.mv    t5, t0
core   0: 3 0x800009a4 (0x8f16) x30 0xbce89000
core   0: 0x800009a6 (0xff3669e3) bltu    a2, s3, pc - 14
core   0: 3 0x800009a6 (0xff3669e3)
core   0: 0x80000998 (0x00008f21) c.xor   a4, s0
core   0: 3 0x80000998 (0x8f21) x14 0xffffffff
core   0: 0x8000099a (0x05398913) addi    s2, s3, 83
core   0: 3 0x8000099a (0x05398913) x18 0x00000058
core   0: 0x8000099e (0x025cb1b3) mulhu   gp, s9, t0
core   0: 3 0x8000099e (0x025cb1b3) x 3 0x00000000
core   0: 0x800009a2 (0x00000605) c.addi  a2, 1
core   0: 3 0x800009a2 (0x0605) x12 0x00000003
core   0: 0x800009a4 (0x00008f16) c.mv    t5, t0
core   0: 3 0x800009a4 (0x8f16) x30 0xbce89000
core   0: 0x800009a6 (0xff3669e3) bltu    a2, s3, pc - 14
core   0: 3 0x800009a6 (0xff3669e3)
core   0: 0x80000998 (0x00008f21) c.xor   a4, s0
core   0: 3 0x80000998 (0x8f21) x14 0x7ff3df8b
core   0: 0x8000099a (0x05398913) addi    s2, s3, 83
core   0: 3 0x8000099a (0x05398913) x18 0x00000058
core   0: 0x8000099e (0x025cb1b3) mulhu   gp, s9, t0
core   0: 3 0x8000099e (0x025cb1b3) x 3 0x00000000
core   0: 0x800009a2 (0x00000605) c.addi  a2, 1
core   0: 3 0x800009a2 (0x0605) x12 0x00000004
core   0: 0x800009a4 (0x00008f16) c.mv    t5, t0
core   0: 3 0x800009a4 (0x8f16) x30 0xbce89000
core   0: 0x800009a6 (0xff3669e3) bltu    a2, s3, pc - 14
core   0: 3 0x800009a6 (0xff3669e3)
core   0: 0x80000998 (0x00008f21) c.xor   a4, s0
core   0: 3 0x80000998 (0x8f21) x14 0xffffffff
core   0: 0x8000099a (0x05398913) addi    s2, s3, 83
core   0: 3 0x8000099a (0x05398913) x18 0x00000058
core   0: 0x8000099e (0x025cb1b3) mulhu   gp, s9, t0
core   0: 3 0x8000099e (0x025cb1b3) x 3 0x00000000
core   0: 0x800009a2 (0x00000605) c.addi  a2, 1
core   0: 3 0x800009a2 (0x0605) x12 0x00000005
core   0: 0x800009a4 (0x00008f16) c.mv    t5, t0
core   0: 3 0x800009a4 (0x8f16) x30 0xbce89000
core   0: 0x800009a6 (0xff3669e3) bltu    a2, s3, pc - 14
core   0: 3 0x800009a6 (0xff3669e3)
core   0: 0x800009aa (0x0000f1e5) c.bnez  a1, pc - 32
core   0: 3 0x800009aa (0xf1e5)
core   0: 0x8000098a (0x00000001) c.nop
core   0: 3 0x8000098a (0x0001)
core   0: 0x8000098c (0x00000585) c.addi  a1, 1
core   0: 3 0x8000098c (0x0585) x11 0xfffffffb
core   0: 0x8000098e (0xfff00613) li      a2, -1
core   0: 3 0x8000098e (0xfff00613) x12 0xffffffff
core   0: 0x80000992 (0x00500993) li      s3, 5
core   0: 3 0x80000992 (0x00500993) x19 0x00000005
core   0: 0x80000996 (0x0000854d) c.srai  a0, 19
core   0: 3 0x80000996 (0x854d) x10 0x00000000
core   0: 0x80000998 (0x00008f21) c.xor   a4, s0
core   0: 3 0x80000998 (0x8f21) x14 0x7ff3df8b
core   0: 0x8000099a (0x05398913) addi    s2, s3, 83
core   0: 3 0x8000099a (0x05398913) x18 0x00000058
core   0: 0x8000099e (0x025cb1b3) mulhu   gp, s9, t0
core   0: 3 0x8000099e (0x025cb1b3) x 3 0x00000000
core   0: 0x800009a2 (0x00000605) c.addi  a2, 1
core   0: 3 0x800009a2 (0x0605) x12 0x00000000
core   0: 0x800009a4 (0x00008f16) c.mv    t5, t0
core   0: 3 0x800009a4 (0x8f16) x30 0xbce89000
core   0: 0x800009a6 (0xff3669e3) bltu    a2, s3, pc - 14
core   0: 3 0x800009a6 (0xff3669e3)
core   0: 0x80000998 (0x00008f21) c.xor   a4, s0
core   0: 3 0x80000998 (0x8f21) x14 0xffffffff
core   0: 0x8000099a (0x05398913) addi    s2, s3, 83
core   0: 3 0x8000099a (0x05398913) x18 0x00000058
core   0: 0x8000099e (0x025cb1b3) mulhu   gp, s9, t0
core   0: 3 0x8000099e (0x025cb1b3) x 3 0x00000000
core   0: 0x800009a2 (0x00000605) c.addi  a2, 1
core   0: 3 0x800009a2 (0x0605) x12 0x00000001
core   0: 0x800009a4 (0x00008f16) c.mv    t5, t0
core   0: 3 0x800009a4 (0x8f16) x30 0xbce89000
core   0: 0x800009a6 (0xff3669e3) bltu    a2, s3, pc - 14
core   0: 3 0x800009a6 (0xff3669e3)
core   0: 0x80000998 (0x00008f21) c.xor   a4, s0
core   0: 3 0x80000998 (0x8f21) x14 0x7ff3df8b
core   0: 0x8000099a (0x05398913) addi    s2, s3, 83
core   0: 3 0x8000099a (0x05398913) x18 0x00000058
core   0: 0x8000099e (0x025cb1b3) mulhu   gp, s9, t0
core   0: 3 0x8000099e (0x025cb1b3) x 3 0x00000000
core   0: 0x800009a2 (0x00000605) c.addi  a2, 1
core   0: 3 0x800009a2 (0x0605) x12 0x00000002
core   0: 0x800009a4 (0x00008f16) c.mv    t5, t0
core   0: 3 0x800009a4 (0x8f16) x30 0xbce89000
core   0: 0x800009a6 (0xff3669e3) bltu    a2, s3, pc - 14
core   0: 3 0x800009a6 (0xff3669e3)
core   0: 0x80000998 (0x00008f21) c.xor   a4, s0
core   0: 3 0x80000998 (0x8f21) x14 0xffffffff
core   0: 0x8000099a (0x05398913) addi    s2, s3, 83
core   0: 3 0x8000099a (0x05398913) x18 0x00000058
core   0: 0x8000099e (0x025cb1b3) mulhu   gp, s9, t0
core   0: 3 0x8000099e (0x025cb1b3) x 3 0x00000000
core   0: 0x800009a2 (0x00000605) c.addi  a2, 1
core   0: 3 0x800009a2 (0x0605) x12 0x00000003
core   0: 0x800009a4 (0x00008f16) c.mv    t5, t0
core   0: 3 0x800009a4 (0x8f16) x30 0xbce89000
core   0: 0x800009a6 (0xff3669e3) bltu    a2, s3, pc - 14
core   0: 3 0x800009a6 (0xff3669e3)
core   0: 0x80000998 (0x00008f21) c.xor   a4, s0
core   0: 3 0x80000998 (0x8f21) x14 0x7ff3df8b
core   0: 0x8000099a (0x05398913) addi    s2, s3, 83
core   0: 3 0x8000099a (0x05398913) x18 0x00000058
core   0: 0x8000099e (0x025cb1b3) mulhu   gp, s9, t0
core   0: 3 0x8000099e (0x025cb1b3) x 3 0x00000000
core   0: 0x800009a2 (0x00000605) c.addi  a2, 1
core   0: 3 0x800009a2 (0x0605) x12 0x00000004
core   0: 0x800009a4 (0x00008f16) c.mv    t5, t0
core   0: 3 0x800009a4 (0x8f16) x30 0xbce89000
core   0: 0x800009a6 (0xff3669e3) bltu    a2, s3, pc - 14
core   0: 3 0x800009a6 (0xff3669e3)
core   0: 0x80000998 (0x00008f21) c.xor   a4, s0
core   0: 3 0x80000998 (0x8f21) x14 0xffffffff
core   0: 0x8000099a (0x05398913) addi    s2, s3, 83
core   0: 3 0x8000099a (0x05398913) x18 0x00000058
core   0: 0x8000099e (0x025cb1b3) mulhu   gp, s9, t0
core   0: 3 0x8000099e (0x025cb1b3) x 3 0x00000000
core   0: 0x800009a2 (0x00000605) c.addi  a2, 1
core   0: 3 0x800009a2 (0x0605) x12 0x00000005
core   0: 0x800009a4 (0x00008f16) c.mv    t5, t0
core   0: 3 0x800009a4 (0x8f16) x30 0xbce89000
core   0: 0x800009a6 (0xff3669e3) bltu    a2, s3, pc - 14
core   0: 3 0x800009a6 (0xff3669e3)
core   0: 0x800009aa (0x0000f1e5) c.bnez  a1, pc - 32
core   0: 3 0x800009aa (0xf1e5)
core   0: 0x8000098a (0x00000001) c.nop
core   0: 3 0x8000098a (0x0001)
core   0: 0x8000098c (0x00000585) c.addi  a1, 1
core   0: 3 0x8000098c (0x0585) x11 0xfffffffc
core   0: 0x8000098e (0xfff00613) li      a2, -1
core   0: 3 0x8000098e (0xfff00613) x12 0xffffffff
core   0: 0x80000992 (0x00500993) li      s3, 5
core   0: 3 0x80000992 (0x00500993) x19 0x00000005
core   0: 0x80000996 (0x0000854d) c.srai  a0, 19
core   0: 3 0x80000996 (0x854d) x10 0x00000000
core   0: 0x80000998 (0x00008f21) c.xor   a4, s0
core   0: 3 0x80000998 (0x8f21) x14 0x7ff3df8b
core   0: 0x8000099a (0x05398913) addi    s2, s3, 83
core   0: 3 0x8000099a (0x05398913) x18 0x00000058
core   0: 0x8000099e (0x025cb1b3) mulhu   gp, s9, t0
core   0: 3 0x8000099e (0x025cb1b3) x 3 0x00000000
core   0: 0x800009a2 (0x00000605) c.addi  a2, 1
core   0: 3 0x800009a2 (0x0605) x12 0x00000000
core   0: 0x800009a4 (0x00008f16) c.mv    t5, t0
core   0: 3 0x800009a4 (0x8f16) x30 0xbce89000
core   0: 0x800009a6 (0xff3669e3) bltu    a2, s3, pc - 14
core   0: 3 0x800009a6 (0xff3669e3)
core   0: 0x80000998 (0x00008f21) c.xor   a4, s0
core   0: 3 0x80000998 (0x8f21) x14 0xffffffff
core   0: 0x8000099a (0x05398913) addi    s2, s3, 83
core   0: 3 0x8000099a (0x05398913) x18 0x00000058
core   0: 0x8000099e (0x025cb1b3) mulhu   gp, s9, t0
core   0: 3 0x8000099e (0x025cb1b3) x 3 0x00000000
core   0: 0x800009a2 (0x00000605) c.addi  a2, 1
core   0: 3 0x800009a2 (0x0605) x12 0x00000001
core   0: 0x800009a4 (0x00008f16) c.mv    t5, t0
core   0: 3 0x800009a4 (0x8f16) x30 0xbce89000
core   0: 0x800009a6 (0xff3669e3) bltu    a2, s3, pc - 14
core   0: 3 0x800009a6 (0xff3669e3)
core   0: 0x80000998 (0x00008f21) c.xor   a4, s0
core   0: 3 0x80000998 (0x8f21) x14 0x7ff3df8b
core   0: 0x8000099a (0x05398913) addi    s2, s3, 83
core   0: 3 0x8000099a (0x05398913) x18 0x00000058
core   0: 0x8000099e (0x025cb1b3) mulhu   gp, s9, t0
core   0: 3 0x8000099e (0x025cb1b3) x 3 0x00000000
core   0: 0x800009a2 (0x00000605) c.addi  a2, 1
core   0: 3 0x800009a2 (0x0605) x12 0x00000002
core   0: 0x800009a4 (0x00008f16) c.mv    t5, t0
core   0: 3 0x800009a4 (0x8f16) x30 0xbce89000
core   0: 0x800009a6 (0xff3669e3) bltu    a2, s3, pc - 14
core   0: 3 0x800009a6 (0xff3669e3)
core   0: 0x80000998 (0x00008f21) c.xor   a4, s0
core   0: 3 0x80000998 (0x8f21) x14 0xffffffff
core   0: 0x8000099a (0x05398913) addi    s2, s3, 83
core   0: 3 0x8000099a (0x05398913) x18 0x00000058
core   0: 0x8000099e (0x025cb1b3) mulhu   gp, s9, t0
core   0: 3 0x8000099e (0x025cb1b3) x 3 0x00000000
core   0: 0x800009a2 (0x00000605) c.addi  a2, 1
core   0: 3 0x800009a2 (0x0605) x12 0x00000003
core   0: 0x800009a4 (0x00008f16) c.mv    t5, t0
core   0: 3 0x800009a4 (0x8f16) x30 0xbce89000
core   0: 0x800009a6 (0xff3669e3) bltu    a2, s3, pc - 14
core   0: 3 0x800009a6 (0xff3669e3)
core   0: 0x80000998 (0x00008f21) c.xor   a4, s0
core   0: 3 0x80000998 (0x8f21) x14 0x7ff3df8b
core   0: 0x8000099a (0x05398913) addi    s2, s3, 83
core   0: 3 0x8000099a (0x05398913) x18 0x00000058
core   0: 0x8000099e (0x025cb1b3) mulhu   gp, s9, t0
core   0: 3 0x8000099e (0x025cb1b3) x 3 0x00000000
core   0: 0x800009a2 (0x00000605) c.addi  a2, 1
core   0: 3 0x800009a2 (0x0605) x12 0x00000004
core   0: 0x800009a4 (0x00008f16) c.mv    t5, t0
core   0: 3 0x800009a4 (0x8f16) x30 0xbce89000
core   0: 0x800009a6 (0xff3669e3) bltu    a2, s3, pc - 14
core   0: 3 0x800009a6 (0xff3669e3)
core   0: 0x80000998 (0x00008f21) c.xor   a4, s0
core   0: 3 0x80000998 (0x8f21) x14 0xffffffff
core   0: 0x8000099a (0x05398913) addi    s2, s3, 83
core   0: 3 0x8000099a (0x05398913) x18 0x00000058
core   0: 0x8000099e (0x025cb1b3) mulhu   gp, s9, t0
core   0: 3 0x8000099e (0x025cb1b3) x 3 0x00000000
core   0: 0x800009a2 (0x00000605) c.addi  a2, 1
core   0: 3 0x800009a2 (0x0605) x12 0x00000005
core   0: 0x800009a4 (0x00008f16) c.mv    t5, t0
core   0: 3 0x800009a4 (0x8f16) x30 0xbce89000
core   0: 0x800009a6 (0xff3669e3) bltu    a2, s3, pc - 14
core   0: 3 0x800009a6 (0xff3669e3)
core   0: 0x800009aa (0x0000f1e5) c.bnez  a1, pc - 32
core   0: 3 0x800009aa (0xf1e5)
core   0: 0x8000098a (0x00000001) c.nop
core   0: 3 0x8000098a (0x0001)
core   0: 0x8000098c (0x00000585) c.addi  a1, 1
core   0: 3 0x8000098c (0x0585) x11 0xfffffffd
core   0: 0x8000098e (0xfff00613) li      a2, -1
core   0: 3 0x8000098e (0xfff00613) x12 0xffffffff
core   0: 0x80000992 (0x00500993) li      s3, 5
core   0: 3 0x80000992 (0x00500993) x19 0x00000005
core   0: 0x80000996 (0x0000854d) c.srai  a0, 19
core   0: 3 0x80000996 (0x854d) x10 0x00000000
core   0: 0x80000998 (0x00008f21) c.xor   a4, s0
core   0: 3 0x80000998 (0x8f21) x14 0x7ff3df8b
core   0: 0x8000099a (0x05398913) addi    s2, s3, 83
core   0: 3 0x8000099a (0x05398913) x18 0x00000058
core   0: 0x8000099e (0x025cb1b3) mulhu   gp, s9, t0
core   0: 3 0x8000099e (0x025cb1b3) x 3 0x00000000
core   0: 0x800009a2 (0x00000605) c.addi  a2, 1
core   0: 3 0x800009a2 (0x0605) x12 0x00000000
core   0: 0x800009a4 (0x00008f16) c.mv    t5, t0
core   0: 3 0x800009a4 (0x8f16) x30 0xbce89000
core   0: 0x800009a6 (0xff3669e3) bltu    a2, s3, pc - 14
core   0: 3 0x800009a6 (0xff3669e3)
core   0: 0x80000998 (0x00008f21) c.xor   a4, s0
core   0: 3 0x80000998 (0x8f21) x14 0xffffffff
core   0: 0x8000099a (0x05398913) addi    s2, s3, 83
core   0: 3 0x8000099a (0x05398913) x18 0x00000058
core   0: 0x8000099e (0x025cb1b3) mulhu   gp, s9, t0
core   0: 3 0x8000099e (0x025cb1b3) x 3 0x00000000
core   0: 0x800009a2 (0x00000605) c.addi  a2, 1
core   0: 3 0x800009a2 (0x0605) x12 0x00000001
core   0: 0x800009a4 (0x00008f16) c.mv    t5, t0
core   0: 3 0x800009a4 (0x8f16) x30 0xbce89000
core   0: 0x800009a6 (0xff3669e3) bltu    a2, s3, pc - 14
core   0: 3 0x800009a6 (0xff3669e3)
core   0: 0x80000998 (0x00008f21) c.xor   a4, s0
core   0: 3 0x80000998 (0x8f21) x14 0x7ff3df8b
core   0: 0x8000099a (0x05398913) addi    s2, s3, 83
core   0: 3 0x8000099a (0x05398913) x18 0x00000058
core   0: 0x8000099e (0x025cb1b3) mulhu   gp, s9, t0
core   0: 3 0x8000099e (0x025cb1b3) x 3 0x00000000
core   0: 0x800009a2 (0x00000605) c.addi  a2, 1
core   0: 3 0x800009a2 (0x0605) x12 0x00000002
core   0: 0x800009a4 (0x00008f16) c.mv    t5, t0
core   0: 3 0x800009a4 (0x8f16) x30 0xbce89000
core   0: 0x800009a6 (0xff3669e3) bltu    a2, s3, pc - 14
core   0: 3 0x800009a6 (0xff3669e3)
core   0: 0x80000998 (0x00008f21) c.xor   a4, s0
core   0: 3 0x80000998 (0x8f21) x14 0xffffffff
core   0: 0x8000099a (0x05398913) addi    s2, s3, 83
core   0: 3 0x8000099a (0x05398913) x18 0x00000058
core   0: 0x8000099e (0x025cb1b3) mulhu   gp, s9, t0
core   0: 3 0x8000099e (0x025cb1b3) x 3 0x00000000
core   0: 0x800009a2 (0x00000605) c.addi  a2, 1
core   0: 3 0x800009a2 (0x0605) x12 0x00000003
core   0: 0x800009a4 (0x00008f16) c.mv    t5, t0
core   0: 3 0x800009a4 (0x8f16) x30 0xbce89000
core   0: 0x800009a6 (0xff3669e3) bltu    a2, s3, pc - 14
core   0: 3 0x800009a6 (0xff3669e3)
core   0: 0x80000998 (0x00008f21) c.xor   a4, s0
core   0: 3 0x80000998 (0x8f21) x14 0x7ff3df8b
core   0: 0x8000099a (0x05398913) addi    s2, s3, 83
core   0: 3 0x8000099a (0x05398913) x18 0x00000058
core   0: 0x8000099e (0x025cb1b3) mulhu   gp, s9, t0
core   0: 3 0x8000099e (0x025cb1b3) x 3 0x00000000
core   0: 0x800009a2 (0x00000605) c.addi  a2, 1
core   0: 3 0x800009a2 (0x0605) x12 0x00000004
core   0: 0x800009a4 (0x00008f16) c.mv    t5, t0
core   0: 3 0x800009a4 (0x8f16) x30 0xbce89000
core   0: 0x800009a6 (0xff3669e3) bltu    a2, s3, pc - 14
core   0: 3 0x800009a6 (0xff3669e3)
core   0: 0x80000998 (0x00008f21) c.xor   a4, s0
core   0: 3 0x80000998 (0x8f21) x14 0xffffffff
core   0: 0x8000099a (0x05398913) addi    s2, s3, 83
core   0: 3 0x8000099a (0x05398913) x18 0x00000058
core   0: 0x8000099e (0x025cb1b3) mulhu   gp, s9, t0
core   0: 3 0x8000099e (0x025cb1b3) x 3 0x00000000
core   0: 0x800009a2 (0x00000605) c.addi  a2, 1
core   0: 3 0x800009a2 (0x0605) x12 0x00000005
core   0: 0x800009a4 (0x00008f16) c.mv    t5, t0
core   0: 3 0x800009a4 (0x8f16) x30 0xbce89000
core   0: 0x800009a6 (0xff3669e3) bltu    a2, s3, pc - 14
core   0: 3 0x800009a6 (0xff3669e3)
core   0: 0x800009aa (0x0000f1e5) c.bnez  a1, pc - 32
core   0: 3 0x800009aa (0xf1e5)
core   0: 0x8000098a (0x00000001) c.nop
core   0: 3 0x8000098a (0x0001)
core   0: 0x8000098c (0x00000585) c.addi  a1, 1
core   0: 3 0x8000098c (0x0585) x11 0xfffffffe
core   0: 0x8000098e (0xfff00613) li      a2, -1
core   0: 3 0x8000098e (0xfff00613) x12 0xffffffff
core   0: 0x80000992 (0x00500993) li      s3, 5
core   0: 3 0x80000992 (0x00500993) x19 0x00000005
core   0: 0x80000996 (0x0000854d) c.srai  a0, 19
core   0: 3 0x80000996 (0x854d) x10 0x00000000
core   0: 0x80000998 (0x00008f21) c.xor   a4, s0
core   0: 3 0x80000998 (0x8f21) x14 0x7ff3df8b
core   0: 0x8000099a (0x05398913) addi    s2, s3, 83
core   0: 3 0x8000099a (0x05398913) x18 0x00000058
core   0: 0x8000099e (0x025cb1b3) mulhu   gp, s9, t0
core   0: 3 0x8000099e (0x025cb1b3) x 3 0x00000000
core   0: 0x800009a2 (0x00000605) c.addi  a2, 1
core   0: 3 0x800009a2 (0x0605) x12 0x00000000
core   0: 0x800009a4 (0x00008f16) c.mv    t5, t0
core   0: 3 0x800009a4 (0x8f16) x30 0xbce89000
core   0: 0x800009a6 (0xff3669e3) bltu    a2, s3, pc - 14
core   0: 3 0x800009a6 (0xff3669e3)
core   0: 0x80000998 (0x00008f21) c.xor   a4, s0
core   0: 3 0x80000998 (0x8f21) x14 0xffffffff
core   0: 0x8000099a (0x05398913) addi    s2, s3, 83
core   0: 3 0x8000099a (0x05398913) x18 0x00000058
core   0: 0x8000099e (0x025cb1b3) mulhu   gp, s9, t0
core   0: 3 0x8000099e (0x025cb1b3) x 3 0x00000000
core   0: 0x800009a2 (0x00000605) c.addi  a2, 1
core   0: 3 0x800009a2 (0x0605) x12 0x00000001
core   0: 0x800009a4 (0x00008f16) c.mv    t5, t0
core   0: 3 0x800009a4 (0x8f16) x30 0xbce89000
core   0: 0x800009a6 (0xff3669e3) bltu    a2, s3, pc - 14
core   0: 3 0x800009a6 (0xff3669e3)
core   0: 0x80000998 (0x00008f21) c.xor   a4, s0
core   0: 3 0x80000998 (0x8f21) x14 0x7ff3df8b
core   0: 0x8000099a (0x05398913) addi    s2, s3, 83
core   0: 3 0x8000099a (0x05398913) x18 0x00000058
core   0: 0x8000099e (0x025cb1b3) mulhu   gp, s9, t0
core   0: 3 0x8000099e (0x025cb1b3) x 3 0x00000000
core   0: 0x800009a2 (0x00000605) c.addi  a2, 1
core   0: 3 0x800009a2 (0x0605) x12 0x00000002
core   0: 0x800009a4 (0x00008f16) c.mv    t5, t0
core   0: 3 0x800009a4 (0x8f16) x30 0xbce89000
core   0: 0x800009a6 (0xff3669e3) bltu    a2, s3, pc - 14
core   0: 3 0x800009a6 (0xff3669e3)
core   0: 0x80000998 (0x00008f21) c.xor   a4, s0
core   0: 3 0x80000998 (0x8f21) x14 0xffffffff
core   0: 0x8000099a (0x05398913) addi    s2, s3, 83
core   0: 3 0x8000099a (0x05398913) x18 0x00000058
core   0: 0x8000099e (0x025cb1b3) mulhu   gp, s9, t0
core   0: 3 0x8000099e (0x025cb1b3) x 3 0x00000000
core   0: 0x800009a2 (0x00000605) c.addi  a2, 1
core   0: 3 0x800009a2 (0x0605) x12 0x00000003
core   0: 0x800009a4 (0x00008f16) c.mv    t5, t0
core   0: 3 0x800009a4 (0x8f16) x30 0xbce89000
core   0: 0x800009a6 (0xff3669e3) bltu    a2, s3, pc - 14
core   0: 3 0x800009a6 (0xff3669e3)
core   0: 0x80000998 (0x00008f21) c.xor   a4, s0
core   0: 3 0x80000998 (0x8f21) x14 0x7ff3df8b
core   0: 0x8000099a (0x05398913) addi    s2, s3, 83
core   0: 3 0x8000099a (0x05398913) x18 0x00000058
core   0: 0x8000099e (0x025cb1b3) mulhu   gp, s9, t0
core   0: 3 0x8000099e (0x025cb1b3) x 3 0x00000000
core   0: 0x800009a2 (0x00000605) c.addi  a2, 1
core   0: 3 0x800009a2 (0x0605) x12 0x00000004
core   0: 0x800009a4 (0x00008f16) c.mv    t5, t0
core   0: 3 0x800009a4 (0x8f16) x30 0xbce89000
core   0: 0x800009a6 (0xff3669e3) bltu    a2, s3, pc - 14
core   0: 3 0x800009a6 (0xff3669e3)
core   0: 0x80000998 (0x00008f21) c.xor   a4, s0
core   0: 3 0x80000998 (0x8f21) x14 0xffffffff
core   0: 0x8000099a (0x05398913) addi    s2, s3, 83
core   0: 3 0x8000099a (0x05398913) x18 0x00000058
core   0: 0x8000099e (0x025cb1b3) mulhu   gp, s9, t0
core   0: 3 0x8000099e (0x025cb1b3) x 3 0x00000000
core   0: 0x800009a2 (0x00000605) c.addi  a2, 1
core   0: 3 0x800009a2 (0x0605) x12 0x00000005
core   0: 0x800009a4 (0x00008f16) c.mv    t5, t0
core   0: 3 0x800009a4 (0x8f16) x30 0xbce89000
core   0: 0x800009a6 (0xff3669e3) bltu    a2, s3, pc - 14
core   0: 3 0x800009a6 (0xff3669e3)
core   0: 0x800009aa (0x0000f1e5) c.bnez  a1, pc - 32
core   0: 3 0x800009aa (0xf1e5)
core   0: 0x8000098a (0x00000001) c.nop
core   0: 3 0x8000098a (0x0001)
core   0: 0x8000098c (0x00000585) c.addi  a1, 1
core   0: 3 0x8000098c (0x0585) x11 0xffffffff
core   0: 0x8000098e (0xfff00613) li      a2, -1
core   0: 3 0x8000098e (0xfff00613) x12 0xffffffff
core   0: 0x80000992 (0x00500993) li      s3, 5
core   0: 3 0x80000992 (0x00500993) x19 0x00000005
core   0: 0x80000996 (0x0000854d) c.srai  a0, 19
core   0: 3 0x80000996 (0x854d) x10 0x00000000
core   0: 0x80000998 (0x00008f21) c.xor   a4, s0
core   0: 3 0x80000998 (0x8f21) x14 0x7ff3df8b
core   0: 0x8000099a (0x05398913) addi    s2, s3, 83
core   0: 3 0x8000099a (0x05398913) x18 0x00000058
core   0: 0x8000099e (0x025cb1b3) mulhu   gp, s9, t0
core   0: 3 0x8000099e (0x025cb1b3) x 3 0x00000000
core   0: 0x800009a2 (0x00000605) c.addi  a2, 1
core   0: 3 0x800009a2 (0x0605) x12 0x00000000
core   0: 0x800009a4 (0x00008f16) c.mv    t5, t0
core   0: 3 0x800009a4 (0x8f16) x30 0xbce89000
core   0: 0x800009a6 (0xff3669e3) bltu    a2, s3, pc - 14
core   0: 3 0x800009a6 (0xff3669e3)
core   0: 0x80000998 (0x00008f21) c.xor   a4, s0
core   0: 3 0x80000998 (0x8f21) x14 0xffffffff
core   0: 0x8000099a (0x05398913) addi    s2, s3, 83
core   0: 3 0x8000099a (0x05398913) x18 0x00000058
core   0: 0x8000099e (0x025cb1b3) mulhu   gp, s9, t0
core   0: 3 0x8000099e (0x025cb1b3) x 3 0x00000000
core   0: 0x800009a2 (0x00000605) c.addi  a2, 1
core   0: 3 0x800009a2 (0x0605) x12 0x00000001
core   0: 0x800009a4 (0x00008f16) c.mv    t5, t0
core   0: 3 0x800009a4 (0x8f16) x30 0xbce89000
core   0: 0x800009a6 (0xff3669e3) bltu    a2, s3, pc - 14
core   0: 3 0x800009a6 (0xff3669e3)
core   0: 0x80000998 (0x00008f21) c.xor   a4, s0
core   0: 3 0x80000998 (0x8f21) x14 0x7ff3df8b
core   0: 0x8000099a (0x05398913) addi    s2, s3, 83
core   0: 3 0x8000099a (0x05398913) x18 0x00000058
core   0: 0x8000099e (0x025cb1b3) mulhu   gp, s9, t0
core   0: 3 0x8000099e (0x025cb1b3) x 3 0x00000000
core   0: 0x800009a2 (0x00000605) c.addi  a2, 1
core   0: 3 0x800009a2 (0x0605) x12 0x00000002
core   0: 0x800009a4 (0x00008f16) c.mv    t5, t0
core   0: 3 0x800009a4 (0x8f16) x30 0xbce89000
core   0: 0x800009a6 (0xff3669e3) bltu    a2, s3, pc - 14
core   0: 3 0x800009a6 (0xff3669e3)
core   0: 0x80000998 (0x00008f21) c.xor   a4, s0
core   0: 3 0x80000998 (0x8f21) x14 0xffffffff
core   0: 0x8000099a (0x05398913) addi    s2, s3, 83
core   0: 3 0x8000099a (0x05398913) x18 0x00000058
core   0: 0x8000099e (0x025cb1b3) mulhu   gp, s9, t0
core   0: 3 0x8000099e (0x025cb1b3) x 3 0x00000000
core   0: 0x800009a2 (0x00000605) c.addi  a2, 1
core   0: 3 0x800009a2 (0x0605) x12 0x00000003
core   0: 0x800009a4 (0x00008f16) c.mv    t5, t0
core   0: 3 0x800009a4 (0x8f16) x30 0xbce89000
core   0: 0x800009a6 (0xff3669e3) bltu    a2, s3, pc - 14
core   0: 3 0x800009a6 (0xff3669e3)
core   0: 0x80000998 (0x00008f21) c.xor   a4, s0
core   0: 3 0x80000998 (0x8f21) x14 0x7ff3df8b
core   0: 0x8000099a (0x05398913) addi    s2, s3, 83
core   0: 3 0x8000099a (0x05398913) x18 0x00000058
core   0: 0x8000099e (0x025cb1b3) mulhu   gp, s9, t0
core   0: 3 0x8000099e (0x025cb1b3) x 3 0x00000000
core   0: 0x800009a2 (0x00000605) c.addi  a2, 1
core   0: 3 0x800009a2 (0x0605) x12 0x00000004
core   0: 0x800009a4 (0x00008f16) c.mv    t5, t0
core   0: 3 0x800009a4 (0x8f16) x30 0xbce89000
core   0: 0x800009a6 (0xff3669e3) bltu    a2, s3, pc - 14
core   0: 3 0x800009a6 (0xff3669e3)
core   0: 0x80000998 (0x00008f21) c.xor   a4, s0
core   0: 3 0x80000998 (0x8f21) x14 0xffffffff
core   0: 0x8000099a (0x05398913) addi    s2, s3, 83
core   0: 3 0x8000099a (0x05398913) x18 0x00000058
core   0: 0x8000099e (0x025cb1b3) mulhu   gp, s9, t0
core   0: 3 0x8000099e (0x025cb1b3) x 3 0x00000000
core   0: 0x800009a2 (0x00000605) c.addi  a2, 1
core   0: 3 0x800009a2 (0x0605) x12 0x00000005
core   0: 0x800009a4 (0x00008f16) c.mv    t5, t0
core   0: 3 0x800009a4 (0x8f16) x30 0xbce89000
core   0: 0x800009a6 (0xff3669e3) bltu    a2, s3, pc - 14
core   0: 3 0x800009a6 (0xff3669e3)
core   0: 0x800009aa (0x0000f1e5) c.bnez  a1, pc - 32
core   0: 3 0x800009aa (0xf1e5)
core   0: 0x8000098a (0x00000001) c.nop
core   0: 3 0x8000098a (0x0001)
core   0: 0x8000098c (0x00000585) c.addi  a1, 1
core   0: 3 0x8000098c (0x0585) x11 0x00000000
core   0: 0x8000098e (0xfff00613) li      a2, -1
core   0: 3 0x8000098e (0xfff00613) x12 0xffffffff
core   0: 0x80000992 (0x00500993) li      s3, 5
core   0: 3 0x80000992 (0x00500993) x19 0x00000005
core   0: 0x80000996 (0x0000854d) c.srai  a0, 19
core   0: 3 0x80000996 (0x854d) x10 0x00000000
core   0: 0x80000998 (0x00008f21) c.xor   a4, s0
core   0: 3 0x80000998 (0x8f21) x14 0x7ff3df8b
core   0: 0x8000099a (0x05398913) addi    s2, s3, 83
core   0: 3 0x8000099a (0x05398913) x18 0x00000058
core   0: 0x8000099e (0x025cb1b3) mulhu   gp, s9, t0
core   0: 3 0x8000099e (0x025cb1b3) x 3 0x00000000
core   0: 0x800009a2 (0x00000605) c.addi  a2, 1
core   0: 3 0x800009a2 (0x0605) x12 0x00000000
core   0: 0x800009a4 (0x00008f16) c.mv    t5, t0
core   0: 3 0x800009a4 (0x8f16) x30 0xbce89000
core   0: 0x800009a6 (0xff3669e3) bltu    a2, s3, pc - 14
core   0: 3 0x800009a6 (0xff3669e3)
core   0: 0x80000998 (0x00008f21) c.xor   a4, s0
core   0: 3 0x80000998 (0x8f21) x14 0xffffffff
core   0: 0x8000099a (0x05398913) addi    s2, s3, 83
core   0: 3 0x8000099a (0x05398913) x18 0x00000058
core   0: 0x8000099e (0x025cb1b3) mulhu   gp, s9, t0
core   0: 3 0x8000099e (0x025cb1b3) x 3 0x00000000
core   0: 0x800009a2 (0x00000605) c.addi  a2, 1
core   0: 3 0x800009a2 (0x0605) x12 0x00000001
core   0: 0x800009a4 (0x00008f16) c.mv    t5, t0
core   0: 3 0x800009a4 (0x8f16) x30 0xbce89000
core   0: 0x800009a6 (0xff3669e3) bltu    a2, s3, pc - 14
core   0: 3 0x800009a6 (0xff3669e3)
core   0: 0x80000998 (0x00008f21) c.xor   a4, s0
core   0: 3 0x80000998 (0x8f21) x14 0x7ff3df8b
core   0: 0x8000099a (0x05398913) addi    s2, s3, 83
core   0: 3 0x8000099a (0x05398913) x18 0x00000058
core   0: 0x8000099e (0x025cb1b3) mulhu   gp, s9, t0
core   0: 3 0x8000099e (0x025cb1b3) x 3 0x00000000
core   0: 0x800009a2 (0x00000605) c.addi  a2, 1
core   0: 3 0x800009a2 (0x0605) x12 0x00000002
core   0: 0x800009a4 (0x00008f16) c.mv    t5, t0
core   0: 3 0x800009a4 (0x8f16) x30 0xbce89000
core   0: 0x800009a6 (0xff3669e3) bltu    a2, s3, pc - 14
core   0: 3 0x800009a6 (0xff3669e3)
core   0: 0x80000998 (0x00008f21) c.xor   a4, s0
core   0: 3 0x80000998 (0x8f21) x14 0xffffffff
core   0: 0x8000099a (0x05398913) addi    s2, s3, 83
core   0: 3 0x8000099a (0x05398913) x18 0x00000058
core   0: 0x8000099e (0x025cb1b3) mulhu   gp, s9, t0
core   0: 3 0x8000099e (0x025cb1b3) x 3 0x00000000
core   0: 0x800009a2 (0x00000605) c.addi  a2, 1
core   0: 3 0x800009a2 (0x0605) x12 0x00000003
core   0: 0x800009a4 (0x00008f16) c.mv    t5, t0
core   0: 3 0x800009a4 (0x8f16) x30 0xbce89000
core   0: 0x800009a6 (0xff3669e3) bltu    a2, s3, pc - 14
core   0: 3 0x800009a6 (0xff3669e3)
core   0: 0x80000998 (0x00008f21) c.xor   a4, s0
core   0: 3 0x80000998 (0x8f21) x14 0x7ff3df8b
core   0: 0x8000099a (0x05398913) addi    s2, s3, 83
core   0: 3 0x8000099a (0x05398913) x18 0x00000058
core   0: 0x8000099e (0x025cb1b3) mulhu   gp, s9, t0
core   0: 3 0x8000099e (0x025cb1b3) x 3 0x00000000
core   0: 0x800009a2 (0x00000605) c.addi  a2, 1
core   0: 3 0x800009a2 (0x0605) x12 0x00000004
core   0: 0x800009a4 (0x00008f16) c.mv    t5, t0
core   0: 3 0x800009a4 (0x8f16) x30 0xbce89000
core   0: 0x800009a6 (0xff3669e3) bltu    a2, s3, pc - 14
core   0: 3 0x800009a6 (0xff3669e3)
core   0: 0x80000998 (0x00008f21) c.xor   a4, s0
core   0: 3 0x80000998 (0x8f21) x14 0xffffffff
core   0: 0x8000099a (0x05398913) addi    s2, s3, 83
core   0: 3 0x8000099a (0x05398913) x18 0x00000058
core   0: 0x8000099e (0x025cb1b3) mulhu   gp, s9, t0
core   0: 3 0x8000099e (0x025cb1b3) x 3 0x00000000
core   0: 0x800009a2 (0x00000605) c.addi  a2, 1
core   0: 3 0x800009a2 (0x0605) x12 0x00000005
core   0: 0x800009a4 (0x00008f16) c.mv    t5, t0
core   0: 3 0x800009a4 (0x8f16) x30 0xbce89000
core   0: 0x800009a6 (0xff3669e3) bltu    a2, s3, pc - 14
core   0: 3 0x800009a6 (0xff3669e3)
core   0: 0x800009aa (0x0000f1e5) c.bnez  a1, pc - 32
core   0: 3 0x800009aa (0xf1e5)
core   0: 0x800009ac (0x000084b1) c.srai  s1, 12
core   0: 3 0x800009ac (0x84b1) x 9 0xffffffff
core   0: 0x800009ae (0xffa00613) li      a2, -6
core   0: 3 0x800009ae (0xffa00613) x12 0xfffffffa
core   0: 0x800009b2 (0x0ff0000f) fence   iorw,iorw
core   0: 3 0x800009b2 (0x0ff0000f)
core   0: 0x800009b6 (0x0000100f) fence.i
core   0: 3 0x800009b6 (0x0000100f)
core   0: 0x800009ba (0x41ca55b3) sra     a1, s4, t3
core   0: 3 0x800009ba (0x41ca55b3) x11 0x00000000
core   0: 0x800009be (0x020c0db3) mul     s11, s8, zero
core   0: 3 0x800009be (0x020c0db3) x27 0x00000000
core   0: 0x800009c2 (0x002135b3) sltu    a1, sp, sp
core   0: 3 0x800009c2 (0x002135b3) x11 0x00000000
core   0: 0x800009c6 (0x00000001) c.nop
core   0: 3 0x800009c6 (0x0001)
core   0: 0x800009c8 (0x000008d1) c.addi  a7, 20
core   0: 3 0x800009c8 (0x08d1) x17 0xffffff84
core   0: 0x800009ca (0x00000605) c.addi  a2, 1
core   0: 3 0x800009ca (0x0605) x12 0xfffffffb
core   0: 0x800009cc (0xea977f17) auipc   t5, 0xea977
core   0: 3 0x800009cc (0xea977f17) x30 0x6a9779cc
core   0: 0x800009d0 (0x4160db93) srai    s7, ra, 22
core   0: 3 0x800009d0 (0x4160db93) x23 0x00000000
core   0: 0x800009d4 (0x0000fa75) c.bnez  a2, pc - 12
core   0: 3 0x800009d4 (0xfa75)
core   0: 0x800009c8 (0x000008d1) c.addi  a7, 20
core   0: 3 0x800009c8 (0x08d1) x17 0xffffff98
core   0: 0x800009ca (0x00000605) c.addi  a2, 1
core   0: 3 0x800009ca (0x0605) x12 0xfffffffc
core   0: 0x800009cc (0xea977f17) auipc   t5, 0xea977
core   0: 3 0x800009cc (0xea977f17) x30 0x6a9779cc
core   0: 0x800009d0 (0x4160db93) srai    s7, ra, 22
core   0: 3 0x800009d0 (0x4160db93) x23 0x00000000
core   0: 0x800009d4 (0x0000fa75) c.bnez  a2, pc - 12
core   0: 3 0x800009d4 (0xfa75)
core   0: 0x800009c8 (0x000008d1) c.addi  a7, 20
core   0: 3 0x800009c8 (0x08d1) x17 0xffffffac
core   0: 0x800009ca (0x00000605) c.addi  a2, 1
core   0: 3 0x800009ca (0x0605) x12 0xfffffffd
core   0: 0x800009cc (0xea977f17) auipc   t5, 0xea977
core   0: 3 0x800009cc (0xea977f17) x30 0x6a9779cc
core   0: 0x800009d0 (0x4160db93) srai    s7, ra, 22
core   0: 3 0x800009d0 (0x4160db93) x23 0x00000000
core   0: 0x800009d4 (0x0000fa75) c.bnez  a2, pc - 12
core   0: 3 0x800009d4 (0xfa75)
core   0: 0x800009c8 (0x000008d1) c.addi  a7, 20
core   0: 3 0x800009c8 (0x08d1) x17 0xffffffc0
core   0: 0x800009ca (0x00000605) c.addi  a2, 1
core   0: 3 0x800009ca (0x0605) x12 0xfffffffe
core   0: 0x800009cc (0xea977f17) auipc   t5, 0xea977
core   0: 3 0x800009cc (0xea977f17) x30 0x6a9779cc
core   0: 0x800009d0 (0x4160db93) srai    s7, ra, 22
core   0: 3 0x800009d0 (0x4160db93) x23 0x00000000
core   0: 0x800009d4 (0x0000fa75) c.bnez  a2, pc - 12
core   0: 3 0x800009d4 (0xfa75)
core   0: 0x800009c8 (0x000008d1) c.addi  a7, 20
core   0: 3 0x800009c8 (0x08d1) x17 0xffffffd4
core   0: 0x800009ca (0x00000605) c.addi  a2, 1
core   0: 3 0x800009ca (0x0605) x12 0xffffffff
core   0: 0x800009cc (0xea977f17) auipc   t5, 0xea977
core   0: 3 0x800009cc (0xea977f17) x30 0x6a9779cc
core   0: 0x800009d0 (0x4160db93) srai    s7, ra, 22
core   0: 3 0x800009d0 (0x4160db93) x23 0x00000000
core   0: 0x800009d4 (0x0000fa75) c.bnez  a2, pc - 12
core   0: 3 0x800009d4 (0xfa75)
core   0: 0x800009c8 (0x000008d1) c.addi  a7, 20
core   0: 3 0x800009c8 (0x08d1) x17 0xffffffe8
core   0: 0x800009ca (0x00000605) c.addi  a2, 1
core   0: 3 0x800009ca (0x0605) x12 0x00000000
core   0: 0x800009cc (0xea977f17) auipc   t5, 0xea977
core   0: 3 0x800009cc (0xea977f17) x30 0x6a9779cc
core   0: 0x800009d0 (0x4160db93) srai    s7, ra, 22
core   0: 3 0x800009d0 (0x4160db93) x23 0x00000000
core   0: 0x800009d4 (0x0000fa75) c.bnez  a2, pc - 12
core   0: 3 0x800009d4 (0xfa75)
core   0: 0x800009d6 (0x00009afd) c.andi  a3, -1
core   0: 3 0x800009d6 (0x9afd) x13 0x00000129
core   0: 0x800009d8 (0xff600a13) li      s4, -10
core   0: 3 0x800009d8 (0xff600a13) x20 0xfffffff6
core   0: 0x800009dc (0x00009b7d) c.andi  a4, -1
core   0: 3 0x800009dc (0x9b7d) x14 0xffffffff
core   0: 0x800009de (0x00000593) li      a1, 0
core   0: 3 0x800009de (0x00000593) x11 0x00000000
core   0: 0x800009e2 (0x46b0f813) andi    a6, ra, 1131
core   0: 3 0x800009e2 (0x46b0f813) x16 0x00000029
core   0: 0x800009e6 (0x128e83b7) lui     t2, 0x128e8
core   0: 3 0x800009e6 (0x128e83b7) x 7 0x128e8000
core   0: 0x800009ea (0x00000a1d) c.addi  s4, 7
core   0: 3 0x800009ea (0x0a1d) x20 0xfffffffd
core   0: 0x800009ec (0x41228533) sub     a0, t0, s2
core   0: 3 0x800009ec (0x41228533) x10 0xbce88fa8
core   0: 0x800009f0 (0xffc00f93) li      t6, -4
core   0: 3 0x800009f0 (0xffc00f93) x31 0xfffffffc
core   0: 0x800009f4 (0x000002e6) c.slli  t0, 25
core   0: 3 0x800009f4 (0x02e6) x 5 0x00000000
core   0: 0x800009f6 (0xff400093) li      ra, -12
core   0: 3 0x800009f6 (0xff400093) x 1 0xfffffff4
core   0: 0x800009fa (0x021078b3) remu    a7, zero, ra
core   0: 3 0x800009fa (0x021078b3) x17 0x00000000
core   0: 0x800009fe (0x00001ff1) c.addi  t6, -4
core   0: 3 0x800009fe (0x1ff1) x31 0xfffffff8
core   0: 0x80000a00 (0x04f9e613) ori     a2, s3, 79
core   0: 3 0x80000a00 (0x04f9e613) x12 0x0000004f
core   0: 0x80000a04 (0xfe1f8be3) beq     t6, ra, pc - 10
core   0: 3 0x80000a04 (0xfe1f8be3)
core   0: 0x80000a08 (0x00b33bb3) sltu    s7, t1, a1
core   0: 3 0x80000a08 (0x00b33bb3) x23 0x00000000
core   0: 0x80000a0c (0x02933e33) mulhu   t3, t1, s1
core   0: 3 0x80000a0c (0x02933e33) x28 0xffffffea
core   0: 0x80000a10 (0xfcba4be3) blt     s4, a1, pc - 42
core   0: 3 0x80000a10 (0xfcba4be3)
core   0: 0x800009e6 (0x128e83b7) lui     t2, 0x128e8
core   0: 3 0x800009e6 (0x128e83b7) x 7 0x128e8000
core   0: 0x800009ea (0x00000a1d) c.addi  s4, 7
core   0: 3 0x800009ea (0x0a1d) x20 0x00000004
core   0: 0x800009ec (0x41228533) sub     a0, t0, s2
core   0: 3 0x800009ec (0x41228533) x10 0xffffffa8
core   0: 0x800009f0 (0xffc00f93) li      t6, -4
core   0: 3 0x800009f0 (0xffc00f93) x31 0xfffffffc
core   0: 0x800009f4 (0x000002e6) c.slli  t0, 25
core   0: 3 0x800009f4 (0x02e6) x 5 0x00000000
core   0: 0x800009f6 (0xff400093) li      ra, -12
core   0: 3 0x800009f6 (0xff400093) x 1 0xfffffff4
core   0: 0x800009fa (0x021078b3) remu    a7, zero, ra
core   0: 3 0x800009fa (0x021078b3) x17 0x00000000
core   0: 0x800009fe (0x00001ff1) c.addi  t6, -4
core   0: 3 0x800009fe (0x1ff1) x31 0xfffffff8
core   0: 0x80000a00 (0x04f9e613) ori     a2, s3, 79
core   0: 3 0x80000a00 (0x04f9e613) x12 0x0000004f
core   0: 0x80000a04 (0xfe1f8be3) beq     t6, ra, pc - 10
core   0: 3 0x80000a04 (0xfe1f8be3)
core   0: 0x80000a08 (0x00b33bb3) sltu    s7, t1, a1
core   0: 3 0x80000a08 (0x00b33bb3) x23 0x00000000
core   0: 0x80000a0c (0x02933e33) mulhu   t3, t1, s1
core   0: 3 0x80000a0c (0x02933e33) x28 0xffffffea
core   0: 0x80000a10 (0xfcba4be3) blt     s4, a1, pc - 42
core   0: 3 0x80000a10 (0xfcba4be3)
core   0: 0x80000a14 (0x00000001) c.nop
core   0: 3 0x80000a14 (0x0001)
core   0: 0x80000a16 (0x00100613) li      a2, 1
core   0: 3 0x80000a16 (0x00100613) x12 0x00000001
core   0: 0x80000a1a (0x0176e4b3) or      s1, a3, s7
core   0: 3 0x80000a1a (0x0176e4b3) x 9 0x00000129
core   0: 0x80000a1e (0x40d95493) srai    s1, s2, 13
core   0: 3 0x80000a1e (0x40d95493) x 9 0x00000000
core   0: 0x80000a22 (0x000013fd) c.addi  t2, -1
core   0: 3 0x80000a22 (0x13fd) x 7 0x128e7fff
core   0: 0x80000a24 (0xff700713) li      a4, -9
core   0: 3 0x80000a24 (0xff700713) x14 0xfffffff7
core   0: 0x80000a28 (0x010ada33) srl     s4, s5, a6
core   0: 3 0x80000a28 (0x010ada33) x20 0x00000000
core   0: 0x80000a2c (0x0000527d) c.li    tp, -1
core   0: 3 0x80000a2c (0x527d) x 4 0xffffffff
core   0: 0x80000a2e (0xc81d6937) lui     s2, 0xc81d6
core   0: 3 0x80000a2e (0xc81d6937) x18 0xc81d6000
core   0: 0x80000a32 (0x01494c33) xor     s8, s2, s4
core   0: 3 0x80000a32 (0x01494c33) x24 0xc81d6000
core   0: 0x80000a36 (0x0000847d) c.srai  s0, 31
core   0: 3 0x80000a36 (0x847d) x 8 0xffffffff
core   0: 0x80000a38 (0x1181b693) sltiu   a3, gp, 280
core   0: 3 0x80000a38 (0x1181b693) x13 0x00000001
core   0: 0x80000a3c (0x03c63233) mulhu   tp, a2, t3
core   0: 3 0x80000a3c (0x03c63233) x 4 0x00000000
core   0: 0x80000a40 (0x00008886) c.mv    a7, ra
core   0: 3 0x80000a40 (0x8886) x17 0xfffffff4
core   0: 0x80000a42 (0x839d3a13) sltiu   s4, s10, -1991
core   0: 3 0x80000a42 (0x839d3a13) x20 0x00000001
core   0: 0x80000a46 (0x0343a8b3) mulhsu  a7, t2, s4
core   0: 3 0x80000a46 (0x0343a8b3) x17 0x00000000
core   0: 0x80000a4a (0x0000165d) c.addi  a2, -9
core   0: 3 0x80000a4a (0x165d) x12 0xfffffff8
core   0: 0x80000a4c (0x027d53b3) divu    t2, s10, t2
core   0: 3 0x80000a4c (0x027d53b3) x 7 0x00000006
core   0: 0x80000a50 (0x00000001) c.nop
core   0: 3 0x80000a50 (0x0001)
core   0: 0x80000a52 (0x0293f9b3) remu    s3, t2, s1
core   0: 3 0x80000a52 (0x0293f9b3) x19 0x00000006
core   0: 0x80000a56 (0xc73f8893) addi    a7, t6, -909
core   0: 3 0x80000a56 (0xc73f8893) x17 0xfffffc6b
core   0: 0x80000a5a (0x004f8bb3) add     s7, t6, tp
core   0: 3 0x80000a5a (0x004f8bb3) x23 0xfffffff8
core   0: 0x80000a5e (0x000054fd) c.li    s1, -1
core   0: 3 0x80000a5e (0x54fd) x 9 0xffffffff
core   0: 0x80000a60 (0x00008ded) c.and   a1, a1
core   0: 3 0x80000a60 (0x8ded) x11 0x00000000
core   0: 0x80000a62 (0x8804e913) ori     s2, s1, -1920
core   0: 3 0x80000a62 (0x8804e913) x18 0xffffffff
core   0: 0x80000a66 (0xfce65be3) bge     a2, a4, pc - 42
core   0: 3 0x80000a66 (0xfce65be3)
core   0: 0x80000a3c (0x03c63233) mulhu   tp, a2, t3
core   0: 3 0x80000a3c (0x03c63233) x 4 0xffffffe2
core   0: 0x80000a40 (0x00008886) c.mv    a7, ra
core   0: 3 0x80000a40 (0x8886) x17 0xfffffff4
core   0: 0x80000a42 (0x839d3a13) sltiu   s4, s10, -1991
core   0: 3 0x80000a42 (0x839d3a13) x20 0x00000001
core   0: 0x80000a46 (0x0343a8b3) mulhsu  a7, t2, s4
core   0: 3 0x80000a46 (0x0343a8b3) x17 0x00000000
core   0: 0x80000a4a (0x0000165d) c.addi  a2, -9
core   0: 3 0x80000a4a (0x165d) x12 0xffffffef
core   0: 0x80000a4c (0x027d53b3) divu    t2, s10, t2
core   0: 3 0x80000a4c (0x027d53b3) x 7 0x1555b266
core   0: 0x80000a50 (0x00000001) c.nop
core   0: 3 0x80000a50 (0x0001)
core   0: 0x80000a52 (0x0293f9b3) remu    s3, t2, s1
core   0: 3 0x80000a52 (0x0293f9b3) x19 0x1555b266
core   0: 0x80000a56 (0xc73f8893) addi    a7, t6, -909
core   0: 3 0x80000a56 (0xc73f8893) x17 0xfffffc6b
core   0: 0x80000a5a (0x004f8bb3) add     s7, t6, tp
core   0: 3 0x80000a5a (0x004f8bb3) x23 0xffffffda
core   0: 0x80000a5e (0x000054fd) c.li    s1, -1
core   0: 3 0x80000a5e (0x54fd) x 9 0xffffffff
core   0: 0x80000a60 (0x00008ded) c.and   a1, a1
core   0: 3 0x80000a60 (0x8ded) x11 0x00000000
core   0: 0x80000a62 (0x8804e913) ori     s2, s1, -1920
core   0: 3 0x80000a62 (0x8804e913) x18 0xffffffff
core   0: 0x80000a66 (0xfce65be3) bge     a2, a4, pc - 42
core   0: 3 0x80000a66 (0xfce65be3)
core   0: 0x80000a6a (0x0ff0000f) fence   iorw,iorw
core   0: 3 0x80000a6a (0x0ff0000f)
core   0: 0x80000a6e (0xfff00f93) li      t6, -1
core   0: 3 0x80000a6e (0xfff00f93) x31 0xffffffff
core   0: 0x80000a72 (0x00000393) li      t2, 0
core   0: 3 0x80000a72 (0x00000393) x 7 0x00000000
core   0: 0x80000a76 (0x0000929e) c.add   t0, t2
core   0: 3 0x80000a76 (0x929e) x 5 0x00000000
core   0: 0x80000a78 (0x00327533) and     a0, tp, gp
core   0: 3 0x80000a78 (0x00327533) x10 0x00000000
core   0: 0x80000a7c (0x03ecfbb3) remu    s7, s9, t5
core   0: 3 0x80000a7c (0x03ecfbb3) x23 0x00000000
core   0: 0x80000a80 (0x01ebf333) and     t1, s7, t5
core   0: 3 0x80000a80 (0x01ebf333) x 6 0x00000000
core   0: 0x80000a84 (0x4169d493) srai    s1, s3, 22
core   0: 3 0x80000a84 (0x4169d493) x 9 0x00000055
core   0: 0x80000a88 (0x012fb333) sltu    t1, t6, s2
core   0: 3 0x80000a88 (0x012fb333) x 6 0x00000000
core   0: 0x80000a8c (0x00bbb0b3) sltu    ra, s7, a1
core   0: 3 0x80000a8c (0x00bbb0b3) x 1 0x00000000
core   0: 0x80000a90 (0x00008c31) c.xor   s0, a2
core   0: 3 0x80000a90 (0x8c31) x 8 0x00000010
core   0: 0x80000a92 (0x00000001) c.nop
core   0: 3 0x80000a92 (0x0001)
core   0: 0x80000a94 (0x01f16a33) or      s4, sp, t6
core   0: 3 0x80000a94 (0x01f16a33) x20 0xffffffff
core   0: 0x80000a98 (0x00000001) c.nop
core   0: 3 0x80000a98 (0x0001)
core   0: 0x80000a9a (0x000084c9) c.srai  s1, 18
core   0: 3 0x80000a9a (0x84c9) x 9 0x00000000
core   0: 0x80000a9c (0x00000f85) c.addi  t6, 1
core   0: 3 0x80000a9c (0x0f85) x31 0x00000000
core   0: 0x80000a9e (0x00005a7d) c.li    s4, -1
core   0: 3 0x80000a9e (0x5a7d) x20 0xffffffff
core   0: 0x80000aa0 (0x7de2e293) ori     t0, t0, 2014
core   0: 3 0x80000aa0 (0x7de2e293) x 5 0x000007de
core   0: 0x80000aa4 (0x02728e33) mul     t3, t0, t2
core   0: 3 0x80000aa4 (0x02728e33) x28 0x00000000
core   0: 0x80000aa8 (0x0ff0000f) fence   iorw,iorw
core   0: 3 0x80000aa8 (0x0ff0000f)
core   0: 0x80000aac (0x00000736) c.slli  a4, 13
core   0: 3 0x80000aac (0x0736) x14 0xfffee000
core   0: 0x80000aae (0x01ad41b3) xor     gp, s10, s10
core   0: 3 0x80000aae (0x01ad41b3) x 3 0x00000000
core   0: 0x80000ab2 (0xfc7f8de3) beq     t6, t2, pc - 38
core   0: 3 0x80000ab2 (0xfc7f8de3)
core   0: 0x80000a8c (0x00bbb0b3) sltu    ra, s7, a1
core   0: 3 0x80000a8c (0x00bbb0b3) x 1 0x00000000
core   0: 0x80000a90 (0x00008c31) c.xor   s0, a2
core   0: 3 0x80000a90 (0x8c31) x 8 0xffffffff
core   0: 0x80000a92 (0x00000001) c.nop
core   0: 3 0x80000a92 (0x0001)
core   0: 0x80000a94 (0x01f16a33) or      s4, sp, t6
core   0: 3 0x80000a94 (0x01f16a33) x20 0x80026ce4
core   0: 0x80000a98 (0x00000001) c.nop
core   0: 3 0x80000a98 (0x0001)
core   0: 0x80000a9a (0x000084c9) c.srai  s1, 18
core   0: 3 0x80000a9a (0x84c9) x 9 0x00000000
core   0: 0x80000a9c (0x00000f85) c.addi  t6, 1
core   0: 3 0x80000a9c (0x0f85) x31 0x00000001
core   0: 0x80000a9e (0x00005a7d) c.li    s4, -1
core   0: 3 0x80000a9e (0x5a7d) x20 0xffffffff
core   0: 0x80000aa0 (0x7de2e293) ori     t0, t0, 2014
core   0: 3 0x80000aa0 (0x7de2e293) x 5 0x000007de
core   0: 0x80000aa4 (0x02728e33) mul     t3, t0, t2
core   0: 3 0x80000aa4 (0x02728e33) x28 0x00000000
core   0: 0x80000aa8 (0x0ff0000f) fence   iorw,iorw
core   0: 3 0x80000aa8 (0x0ff0000f)
core   0: 0x80000aac (0x00000736) c.slli  a4, 13
core   0: 3 0x80000aac (0x0736) x14 0xdc000000
core   0: 0x80000aae (0x01ad41b3) xor     gp, s10, s10
core   0: 3 0x80000aae (0x01ad41b3) x 3 0x00000000
core   0: 0x80000ab2 (0xfc7f8de3) beq     t6, t2, pc - 38
core   0: 3 0x80000ab2 (0xfc7f8de3)
core   0: 0x80000ab6 (0x000082d5) c.srli  a3, 21
core   0: 3 0x80000ab6 (0x82d5) x13 0x00000000
core   0: 0x80000ab8 (0x00400713) li      a4, 4
core   0: 3 0x80000ab8 (0x00400713) x14 0x00000004
core   0: 0x80000abc (0x023f3033) mulhu   zero, t5, gp
core   0: 3 0x80000abc (0x023f3033)
core   0: 0x80000ac0 (0x01299013) slli    zero, s3, 18
core   0: 3 0x80000ac0 (0x01299013)
core   0: 0x80000ac4 (0xfff00693) li      a3, -1
core   0: 3 0x80000ac4 (0xfff00693) x13 0xffffffff
core   0: 0x80000ac8 (0x00008e51) c.or    a2, a2
core   0: 3 0x80000ac8 (0x8e51) x12 0xffffffef
core   0: 0x80000aca (0xfa82c313) xori    t1, t0, -88
core   0: 3 0x80000aca (0xfa82c313) x 6 0xfffff876
core   0: 0x80000ace (0x000080f9) c.srli  s1, 30
core   0: 3 0x80000ace (0x80f9) x 9 0x00000000
core   0: 0x80000ad0 (0x00001775) c.addi  a4, -3
core   0: 3 0x80000ad0 (0x1775) x14 0x00000001
core   0: 0x80000ad2 (0x00d94a33) xor     s4, s2, a3
core   0: 3 0x80000ad2 (0x00d94a33) x20 0x00000000
core   0: 0x80000ad6 (0x41215513) srai    a0, sp, 18
core   0: 3 0x80000ad6 (0x41215513) x10 0xffffe000
core   0: 0x80000ada (0x02e62db3) mulhsu  s11, a2, a4
core   0: 3 0x80000ada (0x02e62db3) x27 0xffffffff
core   0: 0x80000ade (0x03d62f33) mulhsu  t5, a2, t4
core   0: 3 0x80000ade (0x03d62f33) x30 0xffffffff
core   0: 0x80000ae2 (0x41d55bb3) sra     s7, a0, t4
core   0: 3 0x80000ae2 (0x41d55bb3) x23 0xfffffe00
core   0: 0x80000ae6 (0x03f33633) mulhu   a2, t1, t6
core   0: 3 0x80000ae6 (0x03f33633) x12 0x00000000
core   0: 0x80000aea (0xfed750e3) bge     a4, a3, pc - 32
core   0: 3 0x80000aea (0xfed750e3)
core   0: 0x80000aca (0xfa82c313) xori    t1, t0, -88
core   0: 3 0x80000aca (0xfa82c313) x 6 0xfffff876
core   0: 0x80000ace (0x000080f9) c.srli  s1, 30
core   0: 3 0x80000ace (0x80f9) x 9 0x00000000
core   0: 0x80000ad0 (0x00001775) c.addi  a4, -3
core   0: 3 0x80000ad0 (0x1775) x14 0xfffffffe
core   0: 0x80000ad2 (0x00d94a33) xor     s4, s2, a3
core   0: 3 0x80000ad2 (0x00d94a33) x20 0x00000000
core   0: 0x80000ad6 (0x41215513) srai    a0, sp, 18
core   0: 3 0x80000ad6 (0x41215513) x10 0xffffe000
core   0: 0x80000ada (0x02e62db3) mulhsu  s11, a2, a4
core   0: 3 0x80000ada (0x02e62db3) x27 0x00000000
core   0: 0x80000ade (0x03d62f33) mulhsu  t5, a2, t4
core   0: 3 0x80000ade (0x03d62f33) x30 0x00000000
core   0: 0x80000ae2 (0x41d55bb3) sra     s7, a0, t4
core   0: 3 0x80000ae2 (0x41d55bb3) x23 0xfffffe00
core   0: 0x80000ae6 (0x03f33633) mulhu   a2, t1, t6
core   0: 3 0x80000ae6 (0x03f33633) x12 0x00000000
core   0: 0x80000aea (0xfed750e3) bge     a4, a3, pc - 32
core   0: 3 0x80000aea (0xfed750e3)
core   0: 0x80000aee (0x0000100f) fence.i
core   0: 3 0x80000aee (0x0000100f)
core   0: 0x80000af2 (0x00800693) li      a3, 8
core   0: 3 0x80000af2 (0x00800693) x13 0x00000008
core   0: 0x80000af6 (0x00800393) li      t2, 8
core   0: 3 0x80000af6 (0x00800393) x 7 0x00000008
core   0: 0x80000afa (0x00008dc1) c.or    a1, s0
core   0: 3 0x80000afa (0x8dc1) x11 0xffffffff
core   0: 0x80000afc (0x000016f5) c.addi  a3, -3
core   0: 3 0x80000afc (0x16f5) x13 0x00000005
core   0: 0x80000afe (0xff800613) li      a2, -8
core   0: 3 0x80000afe (0xff800613) x12 0xfffffff8
core   0: 0x80000b02 (0x00300293) li      t0, 3
core   0: 3 0x80000b02 (0x00300293) x 5 0x00000003
core   0: 0x80000b06 (0x00008c39) c.xor   s0, a4
core   0: 3 0x80000b06 (0x8c39) x 8 0x00000001
core   0: 0x80000b08 (0x00000629) c.addi  a2, 10
core   0: 3 0x80000b08 (0x0629) x12 0x00000002
core   0: 0x80000b0a (0xfe566ee3) bltu    a2, t0, pc - 4
core   0: 3 0x80000b0a (0xfe566ee3)
core   0: 0x80000b06 (0x00008c39) c.xor   s0, a4
core   0: 3 0x80000b06 (0x8c39) x 8 0xffffffff
core   0: 0x80000b08 (0x00000629) c.addi  a2, 10
core   0: 3 0x80000b08 (0x0629) x12 0x0000000c
core   0: 0x80000b0a (0xfe566ee3) bltu    a2, t0, pc - 4
core   0: 3 0x80000b0a (0xfe566ee3)
core   0: 0x80000b0e (0xfe76f6e3) bgeu    a3, t2, pc - 20
core   0: 3 0x80000b0e (0xfe76f6e3)
core   0: 0x80000b12 (0x000051fd) c.li    gp, -1
core   0: 3 0x80000b12 (0x51fd) x 3 0xffffffff
core   0: 0x80000b14 (0x00600513) li      a0, 6
core   0: 3 0x80000b14 (0x00600513) x10 0x00000006
core   0: 0x80000b18 (0xab874413) xori    s0, a4, -1352
core   0: 3 0x80000b18 (0xab874413) x 8 0x00000546
core   0: 0x80000b1c (0x00000001) c.nop
core   0: 3 0x80000b1c (0x0001)
core   0: 0x80000b1e (0x00008dcd) c.or    a1, a1
core   0: 3 0x80000b1e (0x8dcd) x11 0xffffffff
core   0: 0x80000b20 (0x0c43f993) andi    s3, t2, 196
core   0: 3 0x80000b20 (0x0c43f993) x19 0x00000000
core   0: 0x80000b24 (0x00001569) c.addi  a0, -6
core   0: 3 0x80000b24 (0x1569) x10 0x00000000
core   0: 0x80000b26 (0x00008a8a) c.mv    s5, sp
core   0: 3 0x80000b26 (0x8a8a) x21 0x80026ce4
core   0: 0x80000b28 (0x59157593) andi    a1, a0, 1425
core   0: 3 0x80000b28 (0x59157593) x11 0x00000000
core   0: 0x80000b2c (0x3d316413) ori     s0, sp, 979
core   0: 3 0x80000b2c (0x3d316413) x 8 0x80026ff7
core   0: 0x80000b30 (0x00200613) li      a2, 2
core   0: 3 0x80000b30 (0x00200613) x12 0x00000002
core   0: 0x80000b34 (0x0ff0000f) fence   iorw,iorw
core   0: 3 0x80000b34 (0x0ff0000f)
core   0: 0x80000b38 (0x00200e13) li      t3, 2
core   0: 3 0x80000b38 (0x00200e13) x28 0x00000002
core   0: 0x80000b3c (0x00008c55) c.or    s0, a3
core   0: 3 0x80000b3c (0x8c55) x 8 0x80026ff7
core   0: 0x80000b3e (0x00008b72) c.mv    s6, t3
core   0: 3 0x80000b3e (0x8b72) x22 0x00000002
core   0: 0x80000b40 (0x0000167d) c.addi  a2, -1
core   0: 3 0x80000b40 (0x167d) x12 0x00000001
core   0: 0x80000b42 (0xffc67de3) bgeu    a2, t3, pc - 6
core   0: 3 0x80000b42 (0xffc67de3)
core   0: 0x80000b46 (0x4ecb0313) addi    t1, s6, 1260
core   0: 3 0x80000b46 (0x4ecb0313) x 6 0x000004ee
core   0: 0x80000b4a (0xad01b813) sltiu   a6, gp, -1328
core   0: 3 0x80000b4a (0xad01b813) x16 0x00000000
core   0: 0x80000b4e (0x00008f79) c.and   a4, a4
core   0: 3 0x80000b4e (0x8f79) x14 0xfffffffe
core   0: 0x80000b50 (0x0000f579) c.bnez  a0, pc - 50
core   0: 3 0x80000b50 (0xf579)
core   0: 0x80000b52 (0xff4f6213) ori     tp, t5, -12
core   0: 3 0x80000b52 (0xff4f6213) x 4 0xfffffff4
core   0: 0x80000b56 (0x00300813) li      a6, 3
core   0: 3 0x80000b56 (0x00300813) x16 0x00000003
core   0: 0x80000b5a (0x10682693) slti    a3, a6, 262
core   0: 3 0x80000b5a (0x10682693) x13 0x00000001
core   0: 0x80000b5e (0x010c3933) sltu    s2, s8, a6
core   0: 3 0x80000b5e (0x010c3933) x18 0x00000000
core   0: 0x80000b62 (0xfec00293) li      t0, -20
core   0: 3 0x80000b62 (0xfec00293) x 5 0xffffffec
core   0: 0x80000b66 (0x00006095) c.lui   ra, 0x5
core   0: 3 0x80000b66 (0x6095) x 1 0x00005000
core   0: 0x80000b68 (0x03b00a33) mul     s4, zero, s11
core   0: 3 0x80000b68 (0x03b00a33) x20 0x00000000
core   0: 0x80000b6c (0xbbaebb93) sltiu   s7, t4, -1094
core   0: 3 0x80000b6c (0xbbaebb93) x23 0x00000001
core   0: 0x80000b70 (0x82154c93) xori    s9, a0, -2015
core   0: 3 0x80000b70 (0x82154c93) x25 0xfffff821
core   0: 0x80000b74 (0x00151c93) slli    s9, a0, 1
core   0: 3 0x80000b74 (0x00151c93) x25 0x00000000
core   0: 0x80000b78 (0x00001879) c.addi  a6, -2
core   0: 3 0x80000b78 (0x1879) x16 0x00000001
core   0: 0x80000b7a (0x00008ea9) c.xor   a3, a0
core   0: 3 0x80000b7a (0x8ea9) x13 0x00000001
core   0: 0x80000b7c (0x012eb533) sltu    a0, t4, s2
core   0: 3 0x80000b7c (0x012eb533) x10 0x00000000
core   0: 0x80000b80 (0x000089fd) c.andi  a1, 31
core   0: 3 0x80000b80 (0x89fd) x11 0x00000000
core   0: 0x80000b82 (0x00f4feb3) and     t4, s1, a5
core   0: 3 0x80000b82 (0x00f4feb3) x29 0x00000000
core   0: 0x80000b86 (0xfe5853e3) bge     a6, t0, pc - 26
core   0: 3 0x80000b86 (0xfe5853e3)
core   0: 0x80000b6c (0xbbaebb93) sltiu   s7, t4, -1094
core   0: 3 0x80000b6c (0xbbaebb93) x23 0x00000001
core   0: 0x80000b70 (0x82154c93) xori    s9, a0, -2015
core   0: 3 0x80000b70 (0x82154c93) x25 0xfffff821
core   0: 0x80000b74 (0x00151c93) slli    s9, a0, 1
core   0: 3 0x80000b74 (0x00151c93) x25 0x00000000
core   0: 0x80000b78 (0x00001879) c.addi  a6, -2
core   0: 3 0x80000b78 (0x1879) x16 0xffffffff
core   0: 0x80000b7a (0x00008ea9) c.xor   a3, a0
core   0: 3 0x80000b7a (0x8ea9) x13 0x00000001
core   0: 0x80000b7c (0x012eb533) sltu    a0, t4, s2
core   0: 3 0x80000b7c (0x012eb533) x10 0x00000000
core   0: 0x80000b80 (0x000089fd) c.andi  a1, 31
core   0: 3 0x80000b80 (0x89fd) x11 0x00000000
core   0: 0x80000b82 (0x00f4feb3) and     t4, s1, a5
core   0: 3 0x80000b82 (0x00f4feb3) x29 0x00000000
core   0: 0x80000b86 (0xfe5853e3) bge     a6, t0, pc - 26
core   0: 3 0x80000b86 (0xfe5853e3)
core   0: 0x80000b6c (0xbbaebb93) sltiu   s7, t4, -1094
core   0: 3 0x80000b6c (0xbbaebb93) x23 0x00000001
core   0: 0x80000b70 (0x82154c93) xori    s9, a0, -2015
core   0: 3 0x80000b70 (0x82154c93) x25 0xfffff821
core   0: 0x80000b74 (0x00151c93) slli    s9, a0, 1
core   0: 3 0x80000b74 (0x00151c93) x25 0x00000000
core   0: 0x80000b78 (0x00001879) c.addi  a6, -2
core   0: 3 0x80000b78 (0x1879) x16 0xfffffffd
core   0: 0x80000b7a (0x00008ea9) c.xor   a3, a0
core   0: 3 0x80000b7a (0x8ea9) x13 0x00000001
core   0: 0x80000b7c (0x012eb533) sltu    a0, t4, s2
core   0: 3 0x80000b7c (0x012eb533) x10 0x00000000
core   0: 0x80000b80 (0x000089fd) c.andi  a1, 31
core   0: 3 0x80000b80 (0x89fd) x11 0x00000000
core   0: 0x80000b82 (0x00f4feb3) and     t4, s1, a5
core   0: 3 0x80000b82 (0x00f4feb3) x29 0x00000000
core   0: 0x80000b86 (0xfe5853e3) bge     a6, t0, pc - 26
core   0: 3 0x80000b86 (0xfe5853e3)
core   0: 0x80000b6c (0xbbaebb93) sltiu   s7, t4, -1094
core   0: 3 0x80000b6c (0xbbaebb93) x23 0x00000001
core   0: 0x80000b70 (0x82154c93) xori    s9, a0, -2015
core   0: 3 0x80000b70 (0x82154c93) x25 0xfffff821
core   0: 0x80000b74 (0x00151c93) slli    s9, a0, 1
core   0: 3 0x80000b74 (0x00151c93) x25 0x00000000
core   0: 0x80000b78 (0x00001879) c.addi  a6, -2
core   0: 3 0x80000b78 (0x1879) x16 0xfffffffb
core   0: 0x80000b7a (0x00008ea9) c.xor   a3, a0
core   0: 3 0x80000b7a (0x8ea9) x13 0x00000001
core   0: 0x80000b7c (0x012eb533) sltu    a0, t4, s2
core   0: 3 0x80000b7c (0x012eb533) x10 0x00000000
core   0: 0x80000b80 (0x000089fd) c.andi  a1, 31
core   0: 3 0x80000b80 (0x89fd) x11 0x00000000
core   0: 0x80000b82 (0x00f4feb3) and     t4, s1, a5
core   0: 3 0x80000b82 (0x00f4feb3) x29 0x00000000
core   0: 0x80000b86 (0xfe5853e3) bge     a6, t0, pc - 26
core   0: 3 0x80000b86 (0xfe5853e3)
core   0: 0x80000b6c (0xbbaebb93) sltiu   s7, t4, -1094
core   0: 3 0x80000b6c (0xbbaebb93) x23 0x00000001
core   0: 0x80000b70 (0x82154c93) xori    s9, a0, -2015
core   0: 3 0x80000b70 (0x82154c93) x25 0xfffff821
core   0: 0x80000b74 (0x00151c93) slli    s9, a0, 1
core   0: 3 0x80000b74 (0x00151c93) x25 0x00000000
core   0: 0x80000b78 (0x00001879) c.addi  a6, -2
core   0: 3 0x80000b78 (0x1879) x16 0xfffffff9
core   0: 0x80000b7a (0x00008ea9) c.xor   a3, a0
core   0: 3 0x80000b7a (0x8ea9) x13 0x00000001
core   0: 0x80000b7c (0x012eb533) sltu    a0, t4, s2
core   0: 3 0x80000b7c (0x012eb533) x10 0x00000000
core   0: 0x80000b80 (0x000089fd) c.andi  a1, 31
core   0: 3 0x80000b80 (0x89fd) x11 0x00000000
core   0: 0x80000b82 (0x00f4feb3) and     t4, s1, a5
core   0: 3 0x80000b82 (0x00f4feb3) x29 0x00000000
core   0: 0x80000b86 (0xfe5853e3) bge     a6, t0, pc - 26
core   0: 3 0x80000b86 (0xfe5853e3)
core   0: 0x80000b6c (0xbbaebb93) sltiu   s7, t4, -1094
core   0: 3 0x80000b6c (0xbbaebb93) x23 0x00000001
core   0: 0x80000b70 (0x82154c93) xori    s9, a0, -2015
core   0: 3 0x80000b70 (0x82154c93) x25 0xfffff821
core   0: 0x80000b74 (0x00151c93) slli    s9, a0, 1
core   0: 3 0x80000b74 (0x00151c93) x25 0x00000000
core   0: 0x80000b78 (0x00001879) c.addi  a6, -2
core   0: 3 0x80000b78 (0x1879) x16 0xfffffff7
core   0: 0x80000b7a (0x00008ea9) c.xor   a3, a0
core   0: 3 0x80000b7a (0x8ea9) x13 0x00000001
core   0: 0x80000b7c (0x012eb533) sltu    a0, t4, s2
core   0: 3 0x80000b7c (0x012eb533) x10 0x00000000
core   0: 0x80000b80 (0x000089fd) c.andi  a1, 31
core   0: 3 0x80000b80 (0x89fd) x11 0x00000000
core   0: 0x80000b82 (0x00f4feb3) and     t4, s1, a5
core   0: 3 0x80000b82 (0x00f4feb3) x29 0x00000000
core   0: 0x80000b86 (0xfe5853e3) bge     a6, t0, pc - 26
core   0: 3 0x80000b86 (0xfe5853e3)
core   0: 0x80000b6c (0xbbaebb93) sltiu   s7, t4, -1094
core   0: 3 0x80000b6c (0xbbaebb93) x23 0x00000001
core   0: 0x80000b70 (0x82154c93) xori    s9, a0, -2015
core   0: 3 0x80000b70 (0x82154c93) x25 0xfffff821
core   0: 0x80000b74 (0x00151c93) slli    s9, a0, 1
core   0: 3 0x80000b74 (0x00151c93) x25 0x00000000
core   0: 0x80000b78 (0x00001879) c.addi  a6, -2
core   0: 3 0x80000b78 (0x1879) x16 0xfffffff5
core   0: 0x80000b7a (0x00008ea9) c.xor   a3, a0
core   0: 3 0x80000b7a (0x8ea9) x13 0x00000001
core   0: 0x80000b7c (0x012eb533) sltu    a0, t4, s2
core   0: 3 0x80000b7c (0x012eb533) x10 0x00000000
core   0: 0x80000b80 (0x000089fd) c.andi  a1, 31
core   0: 3 0x80000b80 (0x89fd) x11 0x00000000
core   0: 0x80000b82 (0x00f4feb3) and     t4, s1, a5
core   0: 3 0x80000b82 (0x00f4feb3) x29 0x00000000
core   0: 0x80000b86 (0xfe5853e3) bge     a6, t0, pc - 26
core   0: 3 0x80000b86 (0xfe5853e3)
core   0: 0x80000b6c (0xbbaebb93) sltiu   s7, t4, -1094
core   0: 3 0x80000b6c (0xbbaebb93) x23 0x00000001
core   0: 0x80000b70 (0x82154c93) xori    s9, a0, -2015
core   0: 3 0x80000b70 (0x82154c93) x25 0xfffff821
core   0: 0x80000b74 (0x00151c93) slli    s9, a0, 1
core   0: 3 0x80000b74 (0x00151c93) x25 0x00000000
core   0: 0x80000b78 (0x00001879) c.addi  a6, -2
core   0: 3 0x80000b78 (0x1879) x16 0xfffffff3
core   0: 0x80000b7a (0x00008ea9) c.xor   a3, a0
core   0: 3 0x80000b7a (0x8ea9) x13 0x00000001
core   0: 0x80000b7c (0x012eb533) sltu    a0, t4, s2
core   0: 3 0x80000b7c (0x012eb533) x10 0x00000000
core   0: 0x80000b80 (0x000089fd) c.andi  a1, 31
core   0: 3 0x80000b80 (0x89fd) x11 0x00000000
core   0: 0x80000b82 (0x00f4feb3) and     t4, s1, a5
core   0: 3 0x80000b82 (0x00f4feb3) x29 0x00000000
core   0: 0x80000b86 (0xfe5853e3) bge     a6, t0, pc - 26
core   0: 3 0x80000b86 (0xfe5853e3)
core   0: 0x80000b6c (0xbbaebb93) sltiu   s7, t4, -1094
core   0: 3 0x80000b6c (0xbbaebb93) x23 0x00000001
core   0: 0x80000b70 (0x82154c93) xori    s9, a0, -2015
core   0: 3 0x80000b70 (0x82154c93) x25 0xfffff821
core   0: 0x80000b74 (0x00151c93) slli    s9, a0, 1
core   0: 3 0x80000b74 (0x00151c93) x25 0x00000000
core   0: 0x80000b78 (0x00001879) c.addi  a6, -2
core   0: 3 0x80000b78 (0x1879) x16 0xfffffff1
core   0: 0x80000b7a (0x00008ea9) c.xor   a3, a0
core   0: 3 0x80000b7a (0x8ea9) x13 0x00000001
core   0: 0x80000b7c (0x012eb533) sltu    a0, t4, s2
core   0: 3 0x80000b7c (0x012eb533) x10 0x00000000
core   0: 0x80000b80 (0x000089fd) c.andi  a1, 31
core   0: 3 0x80000b80 (0x89fd) x11 0x00000000
core   0: 0x80000b82 (0x00f4feb3) and     t4, s1, a5
core   0: 3 0x80000b82 (0x00f4feb3) x29 0x00000000
core   0: 0x80000b86 (0xfe5853e3) bge     a6, t0, pc - 26
core   0: 3 0x80000b86 (0xfe5853e3)
core   0: 0x80000b6c (0xbbaebb93) sltiu   s7, t4, -1094
core   0: 3 0x80000b6c (0xbbaebb93) x23 0x00000001
core   0: 0x80000b70 (0x82154c93) xori    s9, a0, -2015
core   0: 3 0x80000b70 (0x82154c93) x25 0xfffff821
core   0: 0x80000b74 (0x00151c93) slli    s9, a0, 1
core   0: 3 0x80000b74 (0x00151c93) x25 0x00000000
core   0: 0x80000b78 (0x00001879) c.addi  a6, -2
core   0: 3 0x80000b78 (0x1879) x16 0xffffffef
core   0: 0x80000b7a (0x00008ea9) c.xor   a3, a0
core   0: 3 0x80000b7a (0x8ea9) x13 0x00000001
core   0: 0x80000b7c (0x012eb533) sltu    a0, t4, s2
core   0: 3 0x80000b7c (0x012eb533) x10 0x00000000
core   0: 0x80000b80 (0x000089fd) c.andi  a1, 31
core   0: 3 0x80000b80 (0x89fd) x11 0x00000000
core   0: 0x80000b82 (0x00f4feb3) and     t4, s1, a5
core   0: 3 0x80000b82 (0x00f4feb3) x29 0x00000000
core   0: 0x80000b86 (0xfe5853e3) bge     a6, t0, pc - 26
core   0: 3 0x80000b86 (0xfe5853e3)
core   0: 0x80000b6c (0xbbaebb93) sltiu   s7, t4, -1094
core   0: 3 0x80000b6c (0xbbaebb93) x23 0x00000001
core   0: 0x80000b70 (0x82154c93) xori    s9, a0, -2015
core   0: 3 0x80000b70 (0x82154c93) x25 0xfffff821
core   0: 0x80000b74 (0x00151c93) slli    s9, a0, 1
core   0: 3 0x80000b74 (0x00151c93) x25 0x00000000
core   0: 0x80000b78 (0x00001879) c.addi  a6, -2
core   0: 3 0x80000b78 (0x1879) x16 0xffffffed
core   0: 0x80000b7a (0x00008ea9) c.xor   a3, a0
core   0: 3 0x80000b7a (0x8ea9) x13 0x00000001
core   0: 0x80000b7c (0x012eb533) sltu    a0, t4, s2
core   0: 3 0x80000b7c (0x012eb533) x10 0x00000000
core   0: 0x80000b80 (0x000089fd) c.andi  a1, 31
core   0: 3 0x80000b80 (0x89fd) x11 0x00000000
core   0: 0x80000b82 (0x00f4feb3) and     t4, s1, a5
core   0: 3 0x80000b82 (0x00f4feb3) x29 0x00000000
core   0: 0x80000b86 (0xfe5853e3) bge     a6, t0, pc - 26
core   0: 3 0x80000b86 (0xfe5853e3)
core   0: 0x80000b6c (0xbbaebb93) sltiu   s7, t4, -1094
core   0: 3 0x80000b6c (0xbbaebb93) x23 0x00000001
core   0: 0x80000b70 (0x82154c93) xori    s9, a0, -2015
core   0: 3 0x80000b70 (0x82154c93) x25 0xfffff821
core   0: 0x80000b74 (0x00151c93) slli    s9, a0, 1
core   0: 3 0x80000b74 (0x00151c93) x25 0x00000000
core   0: 0x80000b78 (0x00001879) c.addi  a6, -2
core   0: 3 0x80000b78 (0x1879) x16 0xffffffeb
core   0: 0x80000b7a (0x00008ea9) c.xor   a3, a0
core   0: 3 0x80000b7a (0x8ea9) x13 0x00000001
core   0: 0x80000b7c (0x012eb533) sltu    a0, t4, s2
core   0: 3 0x80000b7c (0x012eb533) x10 0x00000000
core   0: 0x80000b80 (0x000089fd) c.andi  a1, 31
core   0: 3 0x80000b80 (0x89fd) x11 0x00000000
core   0: 0x80000b82 (0x00f4feb3) and     t4, s1, a5
core   0: 3 0x80000b82 (0x00f4feb3) x29 0x00000000
core   0: 0x80000b86 (0xfe5853e3) bge     a6, t0, pc - 26
core   0: 3 0x80000b86 (0xfe5853e3)
core   0: 0x80000b8a (0xde91c713) xori    a4, gp, -535
core   0: 3 0x80000b8a (0xde91c713) x14 0x00000216
core   0: 0x80000b8e (0xffc00513) li      a0, -4
core   0: 3 0x80000b8e (0xffc00513) x10 0xfffffffc
core   0: 0x80000b92 (0xff200413) li      s0, -14
core   0: 3 0x80000b92 (0xff200413) x 8 0xfffffff2
core   0: 0x80000b96 (0x0000976e) c.add   a4, s11
core   0: 3 0x80000b96 (0x976e) x14 0x00000216
core   0: 0x80000b98 (0x961af293) andi    t0, s5, -1695
core   0: 3 0x80000b98 (0x961af293) x 5 0x80026860
core   0: 0x80000b9c (0x00001571) c.addi  a0, -4
core   0: 3 0x80000b9c (0x1571) x10 0xfffffff8
core   0: 0x80000b9e (0xfe855ce3) bge     a0, s0, pc - 8
core   0: 3 0x80000b9e (0xfe855ce3)
core   0: 0x80000b96 (0x0000976e) c.add   a4, s11
core   0: 3 0x80000b96 (0x976e) x14 0x00000216
core   0: 0x80000b98 (0x961af293) andi    t0, s5, -1695
core   0: 3 0x80000b98 (0x961af293) x 5 0x80026860
core   0: 0x80000b9c (0x00001571) c.addi  a0, -4
core   0: 3 0x80000b9c (0x1571) x10 0xfffffff4
core   0: 0x80000b9e (0xfe855ce3) bge     a0, s0, pc - 8
core   0: 3 0x80000b9e (0xfe855ce3)
core   0: 0x80000b96 (0x0000976e) c.add   a4, s11
core   0: 3 0x80000b96 (0x976e) x14 0x00000216
core   0: 0x80000b98 (0x961af293) andi    t0, s5, -1695
core   0: 3 0x80000b98 (0x961af293) x 5 0x80026860
core   0: 0x80000b9c (0x00001571) c.addi  a0, -4
core   0: 3 0x80000b9c (0x1571) x10 0xfffffff0
core   0: 0x80000b9e (0xfe855ce3) bge     a0, s0, pc - 8
core   0: 3 0x80000b9e (0xfe855ce3)
core   0: 0x80000ba2 (0x00008e75) c.and   a2, a3
core   0: 3 0x80000ba2 (0x8e75) x12 0x00000001
core   0: 0x80000ba4 (0x00000613) li      a2, 0
core   0: 3 0x80000ba4 (0x00000613) x12 0x00000000
core   0: 0x80000ba8 (0x80184213) xori    tp, a6, -2047
core   0: 3 0x80000ba8 (0x80184213) x 4 0x000007ea
core   0: 0x80000bac (0xa2b1f293) andi    t0, gp, -1493
core   0: 3 0x80000bac (0xa2b1f293) x 5 0xfffffa2b
core   0: 0x80000bb0 (0x000081c5) c.srli  a1, 17
core   0: 3 0x80000bb0 (0x81c5) x11 0x00000000
core   0: 0x80000bb2 (0xb4b88e93) addi    t4, a7, -1205
core   0: 3 0x80000bb2 (0xb4b88e93) x29 0xfffff7b6
core   0: 0x80000bb6 (0xffc00513) li      a0, -4
core   0: 3 0x80000bb6 (0xffc00513) x10 0xfffffffc
core   0: 0x80000bba (0x03082cb3) mulhsu  s9, a6, a6
core   0: 3 0x80000bba (0x03082cb3) x25 0xffffffeb
core   0: 0x80000bbe (0x00008ecd) c.or    a3, a1
core   0: 3 0x80000bbe (0x8ecd) x13 0x00000001
core   0: 0x80000bc0 (0x00001671) c.addi  a2, -4
core   0: 3 0x80000bc0 (0x1671) x12 0xfffffffc
core   0: 0x80000bc2 (0x00b63fb3) sltu    t6, a2, a1
core   0: 3 0x80000bc2 (0x00b63fb3) x31 0x00000000
core   0: 0x80000bc6 (0xfff00493) li      s1, -1
core   0: 3 0x80000bc6 (0xfff00493) x 9 0xffffffff
core   0: 0x80000bca (0x00008f59) c.or    a4, a4
core   0: 3 0x80000bca (0x8f59) x14 0x00000216
core   0: 0x80000bcc (0x00000001) c.nop
core   0: 3 0x80000bcc (0x0001)
core   0: 0x80000bce (0x01ea6fb3) or      t6, s4, t5
core   0: 3 0x80000bce (0x01ea6fb3) x31 0x00000000
core   0: 0x80000bd2 (0x00000bde) c.slli  s7, 23
core   0: 3 0x80000bd2 (0x0bde) x23 0x00800000
core   0: 0x80000bd4 (0x00000485) c.addi  s1, 1
core   0: 3 0x80000bd4 (0x0485) x 9 0x00000000
core   0: 0x80000bd6 (0x0000dce5) c.beqz  s1, pc - 8
core   0: 3 0x80000bd6 (0xdce5)
core   0: 0x80000bce (0x01ea6fb3) or      t6, s4, t5
core   0: 3 0x80000bce (0x01ea6fb3) x31 0x00000000
core   0: 0x80000bd2 (0x00000bde) c.slli  s7, 23
core   0: 3 0x80000bd2 (0x0bde) x23 0x00000000
core   0: 0x80000bd4 (0x00000485) c.addi  s1, 1
core   0: 3 0x80000bd4 (0x0485) x 9 0x00000001
core   0: 0x80000bd6 (0x0000dce5) c.beqz  s1, pc - 8
core   0: 3 0x80000bd6 (0xdce5)
core   0: 0x80000bd8 (0x01bcf8b3) and     a7, s9, s11
core   0: 3 0x80000bd8 (0x01bcf8b3) x17 0x00000000
core   0: 0x80000bdc (0xbb564093) xori    ra, a2, -1099
core   0: 3 0x80000bdc (0xbb564093) x 1 0x00000449
core   0: 0x80000be0 (0x005b9f33) sll     t5, s7, t0
core   0: 3 0x80000be0 (0x005b9f33) x30 0x00000000
core   0: 0x80000be4 (0x000083ee) c.mv    t2, s11
core   0: 3 0x80000be4 (0x83ee) x 7 0x00000000
core   0: 0x80000be6 (0xfca61ae3) bne     a2, a0, pc - 44
core   0: 3 0x80000be6 (0xfca61ae3)
core   0: 0x80000bea (0x63874b97) auipc   s7, 0x63874
core   0: 3 0x80000bea (0x63874b97) x23 0xe3874bea
core   0: 0x80000bee (0x00a00513) li      a0, 10
core   0: 3 0x80000bee (0x00a00513) x10 0x0000000a
core   0: 0x80000bf2 (0x00006f09) c.lui   t5, 0x2
core   0: 3 0x80000bf2 (0x6f09) x30 0x00002000
core   0: 0x80000bf4 (0x40828bb3) sub     s7, t0, s0
core   0: 3 0x80000bf4 (0x40828bb3) x23 0xfffffa39
core   0: 0x80000bf8 (0x033d35b3) mulhu   a1, s10, s3
core   0: 3 0x80000bf8 (0x033d35b3) x11 0x00000000
core   0: 0x80000bfc (0x00008eb1) c.xor   a3, a2
core   0: 3 0x80000bfc (0x8eb1) x13 0xfffffffd
core   0: 0x80000bfe (0x022899b3) mulh    s3, a7, sp
core   0: 3 0x80000bfe (0x022899b3) x19 0x00000000
core   0: 0x80000c02 (0xcedd9597) auipc   a1, 0xcedd9
core   0: 3 0x80000c02 (0xcedd9597) x11 0x4edd9c02
core   0: 0x80000c06 (0x00008896) c.mv    a7, t0
core   0: 3 0x80000c06 (0x8896) x17 0xfffffa2b
core   0: 0x80000c08 (0x008114b3) sll     s1, sp, s0
core   0: 3 0x80000c08 (0x008114b3) x 9 0xb3900000
core   0: 0x80000c0c (0x0000100f) fence.i
core   0: 3 0x80000c0c (0x0000100f)
core   0: 0x80000c10 (0x00008d85) c.sub   a1, s1
core   0: 3 0x80000c10 (0x8d85) x11 0x9b4d9c02
core   0: 0x80000c12 (0x00008c65) c.and   s0, s1
core   0: 3 0x80000c12 (0x8c65) x 8 0xb3900000
core   0: 0x80000c14 (0x10030293) addi    t0, t1, 256
core   0: 3 0x80000c14 (0x10030293) x 5 0x000005ee
core   0: 0x80000c18 (0x01c5da13) srli    s4, a1, 28
core   0: 3 0x80000c18 (0x01c5da13) x20 0x00000009
core   0: 0x80000c1c (0x00008599) c.srai  a1, 6
core   0: 3 0x80000c1c (0x8599) x11 0xfe6d3670
core   0: 0x80000c1e (0x00008ebd) c.xor   a3, a5
core   0: 3 0x80000c1e (0x8ebd) x13 0xfffffffd
core   0: 0x80000c20 (0x0000967e) c.add   a2, t6
core   0: 3 0x80000c20 (0x967e) x12 0xfffffffc
core   0: 0x80000c22 (0x00400313) li      t1, 4
core   0: 3 0x80000c22 (0x00400313) x 6 0x00000004
core   0: 0x80000c26 (0x0309e2b3) rem     t0, s3, a6
core   0: 3 0x80000c26 (0x0309e2b3) x 5 0x00000000
core   0: 0x80000c2a (0x00005bfd) c.li    s7, -1
core   0: 3 0x80000c2a (0x5bfd) x23 0xffffffff
core   0: 0x80000c2c (0x00b9dab3) srl     s5, s3, a1
core   0: 3 0x80000c2c (0x00b9dab3) x21 0x00000000
core   0: 0x80000c30 (0x0000157d) c.addi  a0, -1
core   0: 3 0x80000c30 (0x157d) x10 0x00000009
core   0: 0x80000c32 (0x403d58b3) sra     a7, s10, gp
core   0: 3 0x80000c32 (0x403d58b3) x17 0xffffffff
core   0: 0x80000c36 (0x02c463b3) rem     t2, s0, a2
core   0: 3 0x80000c36 (0x02c463b3) x 7 0x00000000
core   0: 0x80000c3a (0x87130093) addi    ra, t1, -1935
core   0: 3 0x80000c3a (0x87130093) x 1 0xfffff875
core   0: 0x80000c3e (0x00008d95) c.sub   a1, a3
core   0: 3 0x80000c3e (0x8d95) x11 0xfe6d3673
core   0: 0x80000c40 (0xec2ac493) xori    s1, s5, -318
core   0: 3 0x80000c40 (0xec2ac493) x 9 0xfffffec2
core   0: 0x80000c44 (0x03fbde33) divu    t3, s7, t6
core   0: 3 0x80000c44 (0x03fbde33) x28 0xffffffff
core   0: 0x80000c48 (0xfe6571e3) bgeu    a0, t1, pc - 30
core   0: 3 0x80000c48 (0xfe6571e3)
core   0: 0x80000c2a (0x00005bfd) c.li    s7, -1
core   0: 3 0x80000c2a (0x5bfd) x23 0xffffffff
core   0: 0x80000c2c (0x00b9dab3) srl     s5, s3, a1
core   0: 3 0x80000c2c (0x00b9dab3) x21 0x00000000
core   0: 0x80000c30 (0x0000157d) c.addi  a0, -1
core   0: 3 0x80000c30 (0x157d) x10 0x00000008
core   0: 0x80000c32 (0x403d58b3) sra     a7, s10, gp
core   0: 3 0x80000c32 (0x403d58b3) x17 0xffffffff
core   0: 0x80000c36 (0x02c463b3) rem     t2, s0, a2
core   0: 3 0x80000c36 (0x02c463b3) x 7 0x00000000
core   0: 0x80000c3a (0x87130093) addi    ra, t1, -1935
core   0: 3 0x80000c3a (0x87130093) x 1 0xfffff875
core   0: 0x80000c3e (0x00008d95) c.sub   a1, a3
core   0: 3 0x80000c3e (0x8d95) x11 0xfe6d3676
core   0: 0x80000c40 (0xec2ac493) xori    s1, s5, -318
core   0: 3 0x80000c40 (0xec2ac493) x 9 0xfffffec2
core   0: 0x80000c44 (0x03fbde33) divu    t3, s7, t6
core   0: 3 0x80000c44 (0x03fbde33) x28 0xffffffff
core   0: 0x80000c48 (0xfe6571e3) bgeu    a0, t1, pc - 30
core   0: 3 0x80000c48 (0xfe6571e3)
core   0: 0x80000c2a (0x00005bfd) c.li    s7, -1
core   0: 3 0x80000c2a (0x5bfd) x23 0xffffffff
core   0: 0x80000c2c (0x00b9dab3) srl     s5, s3, a1
core   0: 3 0x80000c2c (0x00b9dab3) x21 0x00000000
core   0: 0x80000c30 (0x0000157d) c.addi  a0, -1
core   0: 3 0x80000c30 (0x157d) x10 0x00000007
core   0: 0x80000c32 (0x403d58b3) sra     a7, s10, gp
core   0: 3 0x80000c32 (0x403d58b3) x17 0xffffffff
core   0: 0x80000c36 (0x02c463b3) rem     t2, s0, a2
core   0: 3 0x80000c36 (0x02c463b3) x 7 0x00000000
core   0: 0x80000c3a (0x87130093) addi    ra, t1, -1935
core   0: 3 0x80000c3a (0x87130093) x 1 0xfffff875
core   0: 0x80000c3e (0x00008d95) c.sub   a1, a3
core   0: 3 0x80000c3e (0x8d95) x11 0xfe6d3679
core   0: 0x80000c40 (0xec2ac493) xori    s1, s5, -318
core   0: 3 0x80000c40 (0xec2ac493) x 9 0xfffffec2
core   0: 0x80000c44 (0x03fbde33) divu    t3, s7, t6
core   0: 3 0x80000c44 (0x03fbde33) x28 0xffffffff
core   0: 0x80000c48 (0xfe6571e3) bgeu    a0, t1, pc - 30
core   0: 3 0x80000c48 (0xfe6571e3)
core   0: 0x80000c2a (0x00005bfd) c.li    s7, -1
core   0: 3 0x80000c2a (0x5bfd) x23 0xffffffff
core   0: 0x80000c2c (0x00b9dab3) srl     s5, s3, a1
core   0: 3 0x80000c2c (0x00b9dab3) x21 0x00000000
core   0: 0x80000c30 (0x0000157d) c.addi  a0, -1
core   0: 3 0x80000c30 (0x157d) x10 0x00000006
core   0: 0x80000c32 (0x403d58b3) sra     a7, s10, gp
core   0: 3 0x80000c32 (0x403d58b3) x17 0xffffffff
core   0: 0x80000c36 (0x02c463b3) rem     t2, s0, a2
core   0: 3 0x80000c36 (0x02c463b3) x 7 0x00000000
core   0: 0x80000c3a (0x87130093) addi    ra, t1, -1935
core   0: 3 0x80000c3a (0x87130093) x 1 0xfffff875
core   0: 0x80000c3e (0x00008d95) c.sub   a1, a3
core   0: 3 0x80000c3e (0x8d95) x11 0xfe6d367c
core   0: 0x80000c40 (0xec2ac493) xori    s1, s5, -318
core   0: 3 0x80000c40 (0xec2ac493) x 9 0xfffffec2
core   0: 0x80000c44 (0x03fbde33) divu    t3, s7, t6
core   0: 3 0x80000c44 (0x03fbde33) x28 0xffffffff
core   0: 0x80000c48 (0xfe6571e3) bgeu    a0, t1, pc - 30
core   0: 3 0x80000c48 (0xfe6571e3)
core   0: 0x80000c2a (0x00005bfd) c.li    s7, -1
core   0: 3 0x80000c2a (0x5bfd) x23 0xffffffff
core   0: 0x80000c2c (0x00b9dab3) srl     s5, s3, a1
core   0: 3 0x80000c2c (0x00b9dab3) x21 0x00000000
core   0: 0x80000c30 (0x0000157d) c.addi  a0, -1
core   0: 3 0x80000c30 (0x157d) x10 0x00000005
core   0: 0x80000c32 (0x403d58b3) sra     a7, s10, gp
core   0: 3 0x80000c32 (0x403d58b3) x17 0xffffffff
core   0: 0x80000c36 (0x02c463b3) rem     t2, s0, a2
core   0: 3 0x80000c36 (0x02c463b3) x 7 0x00000000
core   0: 0x80000c3a (0x87130093) addi    ra, t1, -1935
core   0: 3 0x80000c3a (0x87130093) x 1 0xfffff875
core   0: 0x80000c3e (0x00008d95) c.sub   a1, a3
core   0: 3 0x80000c3e (0x8d95) x11 0xfe6d367f
core   0: 0x80000c40 (0xec2ac493) xori    s1, s5, -318
core   0: 3 0x80000c40 (0xec2ac493) x 9 0xfffffec2
core   0: 0x80000c44 (0x03fbde33) divu    t3, s7, t6
core   0: 3 0x80000c44 (0x03fbde33) x28 0xffffffff
core   0: 0x80000c48 (0xfe6571e3) bgeu    a0, t1, pc - 30
core   0: 3 0x80000c48 (0xfe6571e3)
core   0: 0x80000c2a (0x00005bfd) c.li    s7, -1
core   0: 3 0x80000c2a (0x5bfd) x23 0xffffffff
core   0: 0x80000c2c (0x00b9dab3) srl     s5, s3, a1
core   0: 3 0x80000c2c (0x00b9dab3) x21 0x00000000
core   0: 0x80000c30 (0x0000157d) c.addi  a0, -1
core   0: 3 0x80000c30 (0x157d) x10 0x00000004
core   0: 0x80000c32 (0x403d58b3) sra     a7, s10, gp
core   0: 3 0x80000c32 (0x403d58b3) x17 0xffffffff
core   0: 0x80000c36 (0x02c463b3) rem     t2, s0, a2
core   0: 3 0x80000c36 (0x02c463b3) x 7 0x00000000
core   0: 0x80000c3a (0x87130093) addi    ra, t1, -1935
core   0: 3 0x80000c3a (0x87130093) x 1 0xfffff875
core   0: 0x80000c3e (0x00008d95) c.sub   a1, a3
core   0: 3 0x80000c3e (0x8d95) x11 0xfe6d3682
core   0: 0x80000c40 (0xec2ac493) xori    s1, s5, -318
core   0: 3 0x80000c40 (0xec2ac493) x 9 0xfffffec2
core   0: 0x80000c44 (0x03fbde33) divu    t3, s7, t6
core   0: 3 0x80000c44 (0x03fbde33) x28 0xffffffff
core   0: 0x80000c48 (0xfe6571e3) bgeu    a0, t1, pc - 30
core   0: 3 0x80000c48 (0xfe6571e3)
core   0: 0x80000c2a (0x00005bfd) c.li    s7, -1
core   0: 3 0x80000c2a (0x5bfd) x23 0xffffffff
core   0: 0x80000c2c (0x00b9dab3) srl     s5, s3, a1
core   0: 3 0x80000c2c (0x00b9dab3) x21 0x00000000
core   0: 0x80000c30 (0x0000157d) c.addi  a0, -1
core   0: 3 0x80000c30 (0x157d) x10 0x00000003
core   0: 0x80000c32 (0x403d58b3) sra     a7, s10, gp
core   0: 3 0x80000c32 (0x403d58b3) x17 0xffffffff
core   0: 0x80000c36 (0x02c463b3) rem     t2, s0, a2
core   0: 3 0x80000c36 (0x02c463b3) x 7 0x00000000
core   0: 0x80000c3a (0x87130093) addi    ra, t1, -1935
core   0: 3 0x80000c3a (0x87130093) x 1 0xfffff875
core   0: 0x80000c3e (0x00008d95) c.sub   a1, a3
core   0: 3 0x80000c3e (0x8d95) x11 0xfe6d3685
core   0: 0x80000c40 (0xec2ac493) xori    s1, s5, -318
core   0: 3 0x80000c40 (0xec2ac493) x 9 0xfffffec2
core   0: 0x80000c44 (0x03fbde33) divu    t3, s7, t6
core   0: 3 0x80000c44 (0x03fbde33) x28 0xffffffff
core   0: 0x80000c48 (0xfe6571e3) bgeu    a0, t1, pc - 30
core   0: 3 0x80000c48 (0xfe6571e3)
core   0: 0x80000c4c (0x02d39a33) mulh    s4, t2, a3
core   0: 3 0x80000c4c (0x02d39a33) x20 0x00000000
core   0: 0x80000c50 (0xffe00593) li      a1, -2
core   0: 3 0x80000c50 (0xffe00593) x11 0xfffffffe
core   0: 0x80000c54 (0x018d4bb3) xor     s7, s10, s8
core   0: 3 0x80000c54 (0x018d4bb3) x23 0x481f4e64
core   0: 0x80000c58 (0x83f00613) li      a2, -1985
core   0: 3 0x80000c58 (0x83f00613) x12 0xfffff83f
core   0: 0x80000c5c (0x004fd513) srli    a0, t6, 4
core   0: 3 0x80000c5c (0x004fd513) x10 0x00000000
core   0: 0x80000c60 (0x00000001) c.nop
core   0: 3 0x80000c60 (0x0001)
core   0: 0x80000c62 (0x00009c26) c.add   s8, s1
core   0: 3 0x80000c62 (0x9c26) x24 0xc81d5ec2
core   0: 0x80000c64 (0xa78cac93) slti    s9, s9, -1416
core   0: 3 0x80000c64 (0xa78cac93) x25 0x00000000
core   0: 0x80000c68 (0x0000100f) fence.i
core   0: 3 0x80000c68 (0x0000100f)
core   0: 0x80000c6c (0x00008ea5) c.xor   a3, s1
core   0: 3 0x80000c6c (0x8ea5) x13 0x0000013f
core   0: 0x80000c6e (0x00a7b533) sltu    a0, a5, a0
core   0: 3 0x80000c6e (0x00a7b533) x10 0x00000000
core   0: 0x80000c72 (0x00000585) c.addi  a1, 1
core   0: 3 0x80000c72 (0x0585) x11 0xffffffff
core   0: 0x80000c74 (0x030c30b3) mulhu   ra, s8, a6
core   0: 3 0x80000c74 (0x030c30b3) x 1 0xc81d5eb1
core   0: 0x80000c78 (0x05184293) xori    t0, a6, 81
core   0: 3 0x80000c78 (0x05184293) x 5 0xffffffba
core   0: 0x80000c7c (0x0000f5e5) c.bnez  a1, pc - 24
core   0: 3 0x80000c7c (0xf5e5)
core   0: 0x80000c64 (0xa78cac93) slti    s9, s9, -1416
core   0: 3 0x80000c64 (0xa78cac93) x25 0x00000000
core   0: 0x80000c68 (0x0000100f) fence.i
core   0: 3 0x80000c68 (0x0000100f)
core   0: 0x80000c6c (0x00008ea5) c.xor   a3, s1
core   0: 3 0x80000c6c (0x8ea5) x13 0xfffffffd
core   0: 0x80000c6e (0x00a7b533) sltu    a0, a5, a0
core   0: 3 0x80000c6e (0x00a7b533) x10 0x00000000
core   0: 0x80000c72 (0x00000585) c.addi  a1, 1
core   0: 3 0x80000c72 (0x0585) x11 0x00000000
core   0: 0x80000c74 (0x030c30b3) mulhu   ra, s8, a6
core   0: 3 0x80000c74 (0x030c30b3) x 1 0xc81d5eb1
core   0: 0x80000c78 (0x05184293) xori    t0, a6, 81
core   0: 3 0x80000c78 (0x05184293) x 5 0xffffffba
core   0: 0x80000c7c (0x0000f5e5) c.bnez  a1, pc - 24
core   0: 3 0x80000c7c (0xf5e5)
core   0: 0x80000c7e (0x00719413) slli    s0, gp, 7
core   0: 3 0x80000c7e (0x00719413) x 8 0xffffff80
core   0: 0x80000c82 (0x00900b93) li      s7, 9
core   0: 3 0x80000c82 (0x00900b93) x23 0x00000009
core   0: 0x80000c86 (0x02ed5f33) divu    t5, s10, a4
core   0: 3 0x80000c86 (0x02ed5f33) x30 0x003d5e0c
core   0: 0x80000c8a (0x009799b3) sll     s3, a5, s1
core   0: 3 0x80000c8a (0x009799b3) x19 0x00000000
core   0: 0x80000c8e (0xff500c93) li      s9, -11
core   0: 3 0x80000c8e (0xff500c93) x25 0xfffffff5
core   0: 0x80000c92 (0x000084d9) c.srai  s1, 22
core   0: 3 0x80000c92 (0x84d9) x 9 0xffffffff
core   0: 0x80000c94 (0x000053fd) c.li    t2, -1
core   0: 3 0x80000c94 (0x53fd) x 7 0xffffffff
core   0: 0x80000c96 (0x00001bf1) c.addi  s7, -4
core   0: 3 0x80000c96 (0x1bf1) x23 0x00000005
core   0: 0x80000c98 (0x02aa0f33) mul     t5, s4, a0
core   0: 3 0x80000c98 (0x02aa0f33) x30 0x00000000
core   0: 0x80000c9c (0x00300e13) li      t3, 3
core   0: 3 0x80000c9c (0x00300e13) x28 0x00000003
core   0: 0x80000ca0 (0x000081d1) c.srli  a1, 20
core   0: 3 0x80000ca0 (0x81d1) x11 0x00000000
core   0: 0x80000ca2 (0x01aa5f93) srli    t6, s4, 26
core   0: 3 0x80000ca2 (0x01aa5f93) x31 0x00000000
core   0: 0x80000ca6 (0x00f00913) li      s2, 15
core   0: 3 0x80000ca6 (0x00f00913) x18 0x0000000f
core   0: 0x80000caa (0x40e97513) andi    a0, s2, 1038
core   0: 3 0x80000caa (0x40e97513) x10 0x0000000e
core   0: 0x80000cae (0xedcb4337) lui     t1, 0xedcb4
core   0: 3 0x80000cae (0xedcb4337) x 6 0xedcb4000
core   0: 0x80000cb2 (0x00008dc9) c.or    a1, a0
core   0: 3 0x80000cb2 (0x8dc9) x11 0x0000000e
core   0: 0x80000cb4 (0x00000e19) c.addi  t3, 6
core   0: 3 0x80000cb4 (0x0e19) x28 0x00000009
core   0: 0x80000cb6 (0xff2e0ce3) beq     t3, s2, pc - 8
core   0: 3 0x80000cb6 (0xff2e0ce3)
core   0: 0x80000cba (0x02a90b33) mul     s6, s2, a0
core   0: 3 0x80000cba (0x02a90b33) x22 0x000000d2
core   0: 0x80000cbe (0xfd9bdbe3) bge     s7, s9, pc - 42
core   0: 3 0x80000cbe (0xfd9bdbe3)
core   0: 0x80000c94 (0x000053fd) c.li    t2, -1
core   0: 3 0x80000c94 (0x53fd) x 7 0xffffffff
core   0: 0x80000c96 (0x00001bf1) c.addi  s7, -4
core   0: 3 0x80000c96 (0x1bf1) x23 0x00000001
core   0: 0x80000c98 (0x02aa0f33) mul     t5, s4, a0
core   0: 3 0x80000c98 (0x02aa0f33) x30 0x00000000
core   0: 0x80000c9c (0x00300e13) li      t3, 3
core   0: 3 0x80000c9c (0x00300e13) x28 0x00000003
core   0: 0x80000ca0 (0x000081d1) c.srli  a1, 20
core   0: 3 0x80000ca0 (0x81d1) x11 0x00000000
core   0: 0x80000ca2 (0x01aa5f93) srli    t6, s4, 26
core   0: 3 0x80000ca2 (0x01aa5f93) x31 0x00000000
core   0: 0x80000ca6 (0x00f00913) li      s2, 15
core   0: 3 0x80000ca6 (0x00f00913) x18 0x0000000f
core   0: 0x80000caa (0x40e97513) andi    a0, s2, 1038
core   0: 3 0x80000caa (0x40e97513) x10 0x0000000e
core   0: 0x80000cae (0xedcb4337) lui     t1, 0xedcb4
core   0: 3 0x80000cae (0xedcb4337) x 6 0xedcb4000
core   0: 0x80000cb2 (0x00008dc9) c.or    a1, a0
core   0: 3 0x80000cb2 (0x8dc9) x11 0x0000000e
core   0: 0x80000cb4 (0x00000e19) c.addi  t3, 6
core   0: 3 0x80000cb4 (0x0e19) x28 0x00000009
core   0: 0x80000cb6 (0xff2e0ce3) beq     t3, s2, pc - 8
core   0: 3 0x80000cb6 (0xff2e0ce3)
core   0: 0x80000cba (0x02a90b33) mul     s6, s2, a0
core   0: 3 0x80000cba (0x02a90b33) x22 0x000000d2
core   0: 0x80000cbe (0xfd9bdbe3) bge     s7, s9, pc - 42
core   0: 3 0x80000cbe (0xfd9bdbe3)
core   0: 0x80000c94 (0x000053fd) c.li    t2, -1
core   0: 3 0x80000c94 (0x53fd) x 7 0xffffffff
core   0: 0x80000c96 (0x00001bf1) c.addi  s7, -4
core   0: 3 0x80000c96 (0x1bf1) x23 0xfffffffd
core   0: 0x80000c98 (0x02aa0f33) mul     t5, s4, a0
core   0: 3 0x80000c98 (0x02aa0f33) x30 0x00000000
core   0: 0x80000c9c (0x00300e13) li      t3, 3
core   0: 3 0x80000c9c (0x00300e13) x28 0x00000003
core   0: 0x80000ca0 (0x000081d1) c.srli  a1, 20
core   0: 3 0x80000ca0 (0x81d1) x11 0x00000000
core   0: 0x80000ca2 (0x01aa5f93) srli    t6, s4, 26
core   0: 3 0x80000ca2 (0x01aa5f93) x31 0x00000000
core   0: 0x80000ca6 (0x00f00913) li      s2, 15
core   0: 3 0x80000ca6 (0x00f00913) x18 0x0000000f
core   0: 0x80000caa (0x40e97513) andi    a0, s2, 1038
core   0: 3 0x80000caa (0x40e97513) x10 0x0000000e
core   0: 0x80000cae (0xedcb4337) lui     t1, 0xedcb4
core   0: 3 0x80000cae (0xedcb4337) x 6 0xedcb4000
core   0: 0x80000cb2 (0x00008dc9) c.or    a1, a0
core   0: 3 0x80000cb2 (0x8dc9) x11 0x0000000e
core   0: 0x80000cb4 (0x00000e19) c.addi  t3, 6
core   0: 3 0x80000cb4 (0x0e19) x28 0x00000009
core   0: 0x80000cb6 (0xff2e0ce3) beq     t3, s2, pc - 8
core   0: 3 0x80000cb6 (0xff2e0ce3)
core   0: 0x80000cba (0x02a90b33) mul     s6, s2, a0
core   0: 3 0x80000cba (0x02a90b33) x22 0x000000d2
core   0: 0x80000cbe (0xfd9bdbe3) bge     s7, s9, pc - 42
core   0: 3 0x80000cbe (0xfd9bdbe3)
core   0: 0x80000c94 (0x000053fd) c.li    t2, -1
core   0: 3 0x80000c94 (0x53fd) x 7 0xffffffff
core   0: 0x80000c96 (0x00001bf1) c.addi  s7, -4
core   0: 3 0x80000c96 (0x1bf1) x23 0xfffffff9
core   0: 0x80000c98 (0x02aa0f33) mul     t5, s4, a0
core   0: 3 0x80000c98 (0x02aa0f33) x30 0x00000000
core   0: 0x80000c9c (0x00300e13) li      t3, 3
core   0: 3 0x80000c9c (0x00300e13) x28 0x00000003
core   0: 0x80000ca0 (0x000081d1) c.srli  a1, 20
core   0: 3 0x80000ca0 (0x81d1) x11 0x00000000
core   0: 0x80000ca2 (0x01aa5f93) srli    t6, s4, 26
core   0: 3 0x80000ca2 (0x01aa5f93) x31 0x00000000
core   0: 0x80000ca6 (0x00f00913) li      s2, 15
core   0: 3 0x80000ca6 (0x00f00913) x18 0x0000000f
core   0: 0x80000caa (0x40e97513) andi    a0, s2, 1038
core   0: 3 0x80000caa (0x40e97513) x10 0x0000000e
core   0: 0x80000cae (0xedcb4337) lui     t1, 0xedcb4
core   0: 3 0x80000cae (0xedcb4337) x 6 0xedcb4000
core   0: 0x80000cb2 (0x00008dc9) c.or    a1, a0
core   0: 3 0x80000cb2 (0x8dc9) x11 0x0000000e
core   0: 0x80000cb4 (0x00000e19) c.addi  t3, 6
core   0: 3 0x80000cb4 (0x0e19) x28 0x00000009
core   0: 0x80000cb6 (0xff2e0ce3) beq     t3, s2, pc - 8
core   0: 3 0x80000cb6 (0xff2e0ce3)
core   0: 0x80000cba (0x02a90b33) mul     s6, s2, a0
core   0: 3 0x80000cba (0x02a90b33) x22 0x000000d2
core   0: 0x80000cbe (0xfd9bdbe3) bge     s7, s9, pc - 42
core   0: 3 0x80000cbe (0xfd9bdbe3)
core   0: 0x80000c94 (0x000053fd) c.li    t2, -1
core   0: 3 0x80000c94 (0x53fd) x 7 0xffffffff
core   0: 0x80000c96 (0x00001bf1) c.addi  s7, -4
core   0: 3 0x80000c96 (0x1bf1) x23 0xfffffff5
core   0: 0x80000c98 (0x02aa0f33) mul     t5, s4, a0
core   0: 3 0x80000c98 (0x02aa0f33) x30 0x00000000
core   0: 0x80000c9c (0x00300e13) li      t3, 3
core   0: 3 0x80000c9c (0x00300e13) x28 0x00000003
core   0: 0x80000ca0 (0x000081d1) c.srli  a1, 20
core   0: 3 0x80000ca0 (0x81d1) x11 0x00000000
core   0: 0x80000ca2 (0x01aa5f93) srli    t6, s4, 26
core   0: 3 0x80000ca2 (0x01aa5f93) x31 0x00000000
core   0: 0x80000ca6 (0x00f00913) li      s2, 15
core   0: 3 0x80000ca6 (0x00f00913) x18 0x0000000f
core   0: 0x80000caa (0x40e97513) andi    a0, s2, 1038
core   0: 3 0x80000caa (0x40e97513) x10 0x0000000e
core   0: 0x80000cae (0xedcb4337) lui     t1, 0xedcb4
core   0: 3 0x80000cae (0xedcb4337) x 6 0xedcb4000
core   0: 0x80000cb2 (0x00008dc9) c.or    a1, a0
core   0: 3 0x80000cb2 (0x8dc9) x11 0x0000000e
core   0: 0x80000cb4 (0x00000e19) c.addi  t3, 6
core   0: 3 0x80000cb4 (0x0e19) x28 0x00000009
core   0: 0x80000cb6 (0xff2e0ce3) beq     t3, s2, pc - 8
core   0: 3 0x80000cb6 (0xff2e0ce3)
core   0: 0x80000cba (0x02a90b33) mul     s6, s2, a0
core   0: 3 0x80000cba (0x02a90b33) x22 0x000000d2
core   0: 0x80000cbe (0xfd9bdbe3) bge     s7, s9, pc - 42
core   0: 3 0x80000cbe (0xfd9bdbe3)
core   0: 0x80000c94 (0x000053fd) c.li    t2, -1
core   0: 3 0x80000c94 (0x53fd) x 7 0xffffffff
core   0: 0x80000c96 (0x00001bf1) c.addi  s7, -4
core   0: 3 0x80000c96 (0x1bf1) x23 0xfffffff1
core   0: 0x80000c98 (0x02aa0f33) mul     t5, s4, a0
core   0: 3 0x80000c98 (0x02aa0f33) x30 0x00000000
core   0: 0x80000c9c (0x00300e13) li      t3, 3
core   0: 3 0x80000c9c (0x00300e13) x28 0x00000003
core   0: 0x80000ca0 (0x000081d1) c.srli  a1, 20
core   0: 3 0x80000ca0 (0x81d1) x11 0x00000000
core   0: 0x80000ca2 (0x01aa5f93) srli    t6, s4, 26
core   0: 3 0x80000ca2 (0x01aa5f93) x31 0x00000000
core   0: 0x80000ca6 (0x00f00913) li      s2, 15
core   0: 3 0x80000ca6 (0x00f00913) x18 0x0000000f
core   0: 0x80000caa (0x40e97513) andi    a0, s2, 1038
core   0: 3 0x80000caa (0x40e97513) x10 0x0000000e
core   0: 0x80000cae (0xedcb4337) lui     t1, 0xedcb4
core   0: 3 0x80000cae (0xedcb4337) x 6 0xedcb4000
core   0: 0x80000cb2 (0x00008dc9) c.or    a1, a0
core   0: 3 0x80000cb2 (0x8dc9) x11 0x0000000e
core   0: 0x80000cb4 (0x00000e19) c.addi  t3, 6
core   0: 3 0x80000cb4 (0x0e19) x28 0x00000009
core   0: 0x80000cb6 (0xff2e0ce3) beq     t3, s2, pc - 8
core   0: 3 0x80000cb6 (0xff2e0ce3)
core   0: 0x80000cba (0x02a90b33) mul     s6, s2, a0
core   0: 3 0x80000cba (0x02a90b33) x22 0x000000d2
core   0: 0x80000cbe (0xfd9bdbe3) bge     s7, s9, pc - 42
core   0: 3 0x80000cbe (0xfd9bdbe3)
core   0: 0x80000cc2 (0x0000100f) fence.i
core   0: 3 0x80000cc2 (0x0000100f)
core   0: 0x80000cc6 (0x00800813) li      a6, 8
core   0: 3 0x80000cc6 (0x00800813) x16 0x00000008
core   0: 0x80000cca (0x0000810d) c.srli  a0, 3
core   0: 3 0x80000cca (0x810d) x10 0x00000001
core   0: 0x80000ccc (0x016961b3) or      gp, s2, s6
core   0: 3 0x80000ccc (0x016961b3) x 3 0x000000df
core   0: 0x80000cd0 (0x40335693) srai    a3, t1, 3
core   0: 3 0x80000cd0 (0x40335693) x13 0xfdb96800
core   0: 0x80000cd4 (0x00000713) li      a4, 0
core   0: 3 0x80000cd4 (0x00000713) x14 0x00000000
core   0: 0x80000cd8 (0x00008c21) c.xor   s0, s0
core   0: 3 0x80000cd8 (0x8c21) x 8 0x00000000
core   0: 0x80000cda (0x00000c4d) c.addi  s8, 19
core   0: 3 0x80000cda (0x0c4d) x24 0xc81d5ed5
core   0: 0x80000cdc (0x00004b29) c.li    s6, 10
core   0: 3 0x80000cdc (0x4b29) x22 0x0000000a
core   0: 0x80000cde (0x0055c333) xor     t1, a1, t0
core   0: 3 0x80000cde (0x0055c333) x 6 0xffffffb4
core   0: 0x80000ce2 (0x023384b3) mul     s1, t2, gp
core   0: 3 0x80000ce2 (0x023384b3) x 9 0xffffff21
core   0: 0x80000ce6 (0x00bb2c33) slt     s8, s6, a1
core   0: 3 0x80000ce6 (0x00bb2c33) x24 0x00000001
core   0: 0x80000cea (0x00001879) c.addi  a6, -2
core   0: 3 0x80000cea (0x1879) x16 0x00000006
core   0: 0x80000cec (0x00473033) sltu    zero, a4, tp
core   0: 3 0x80000cec (0x00473033)
core   0: 0x80000cf0 (0xffc00593) li      a1, -4
core   0: 3 0x80000cf0 (0xffc00593) x11 0xfffffffc
core   0: 0x80000cf4 (0xfff00913) li      s2, -1
core   0: 3 0x80000cf4 (0xfff00913) x18 0xffffffff
core   0: 0x80000cf8 (0x000040c5) c.li    ra, 17
core   0: 3 0x80000cf8 (0x40c5) x 1 0x00000011
core   0: 0x80000cfa (0x00000b3a) c.slli  s6, 14
core   0: 3 0x80000cfa (0x0b3a) x22 0x00028000
core   0: 0x80000cfc (0x00006299) c.lui   t0, 0x6
core   0: 3 0x80000cfc (0x6299) x 5 0x00006000
core   0: 0x80000cfe (0x6d830513) addi    a0, t1, 1752
core   0: 3 0x80000cfe (0x6d830513) x10 0x0000068c
core   0: 0x80000d02 (0x00000585) c.addi  a1, 1
core   0: 3 0x80000d02 (0x0585) x11 0xfffffffd
core   0: 0x80000d04 (0xff258ce3) beq     a1, s2, pc - 8
core   0: 3 0x80000d04 (0xff258ce3)
core   0: 0x80000d08 (0x00008d15) c.sub   a0, a3
core   0: 3 0x80000d08 (0x8d15) x10 0x02469e8c
core   0: 0x80000d0a (0x618e0893) addi    a7, t3, 1560
core   0: 3 0x80000d0a (0x618e0893) x17 0x00000621
core   0: 0x80000d0e (0x0271e033) rem     zero, gp, t2
core   0: 3 0x80000d0e (0x0271e033)
core   0: 0x80000d12 (0xfce853e3) bge     a6, a4, pc - 58
core   0: 3 0x80000d12 (0xfce853e3)
core   0: 0x80000cd8 (0x00008c21) c.xor   s0, s0
core   0: 3 0x80000cd8 (0x8c21) x 8 0x00000000
core   0: 0x80000cda (0x00000c4d) c.addi  s8, 19
core   0: 3 0x80000cda (0x0c4d) x24 0x00000014
core   0: 0x80000cdc (0x00004b29) c.li    s6, 10
core   0: 3 0x80000cdc (0x4b29) x22 0x0000000a
core   0: 0x80000cde (0x0055c333) xor     t1, a1, t0
core   0: 3 0x80000cde (0x0055c333) x 6 0xffff9ffd
core   0: 0x80000ce2 (0x023384b3) mul     s1, t2, gp
core   0: 3 0x80000ce2 (0x023384b3) x 9 0xffffff21
core   0: 0x80000ce6 (0x00bb2c33) slt     s8, s6, a1
core   0: 3 0x80000ce6 (0x00bb2c33) x24 0x00000000
core   0: 0x80000cea (0x00001879) c.addi  a6, -2
core   0: 3 0x80000cea (0x1879) x16 0x00000004
core   0: 0x80000cec (0x00473033) sltu    zero, a4, tp
core   0: 3 0x80000cec (0x00473033)
core   0: 0x80000cf0 (0xffc00593) li      a1, -4
core   0: 3 0x80000cf0 (0xffc00593) x11 0xfffffffc
core   0: 0x80000cf4 (0xfff00913) li      s2, -1
core   0: 3 0x80000cf4 (0xfff00913) x18 0xffffffff
core   0: 0x80000cf8 (0x000040c5) c.li    ra, 17
core   0: 3 0x80000cf8 (0x40c5) x 1 0x00000011
core   0: 0x80000cfa (0x00000b3a) c.slli  s6, 14
core   0: 3 0x80000cfa (0x0b3a) x22 0x00028000
core   0: 0x80000cfc (0x00006299) c.lui   t0, 0x6
core   0: 3 0x80000cfc (0x6299) x 5 0x00006000
core   0: 0x80000cfe (0x6d830513) addi    a0, t1, 1752
core   0: 3 0x80000cfe (0x6d830513) x10 0xffffa6d5
core   0: 0x80000d02 (0x00000585) c.addi  a1, 1
core   0: 3 0x80000d02 (0x0585) x11 0xfffffffd
core   0: 0x80000d04 (0xff258ce3) beq     a1, s2, pc - 8
core   0: 3 0x80000d04 (0xff258ce3)
core   0: 0x80000d08 (0x00008d15) c.sub   a0, a3
core   0: 3 0x80000d08 (0x8d15) x10 0x02463ed5
core   0: 0x80000d0a (0x618e0893) addi    a7, t3, 1560
core   0: 3 0x80000d0a (0x618e0893) x17 0x00000621
core   0: 0x80000d0e (0x0271e033) rem     zero, gp, t2
core   0: 3 0x80000d0e (0x0271e033)
core   0: 0x80000d12 (0xfce853e3) bge     a6, a4, pc - 58
core   0: 3 0x80000d12 (0xfce853e3)
core   0: 0x80000cd8 (0x00008c21) c.xor   s0, s0
core   0: 3 0x80000cd8 (0x8c21) x 8 0x00000000
core   0: 0x80000cda (0x00000c4d) c.addi  s8, 19
core   0: 3 0x80000cda (0x0c4d) x24 0x00000013
core   0: 0x80000cdc (0x00004b29) c.li    s6, 10
core   0: 3 0x80000cdc (0x4b29) x22 0x0000000a
core   0: 0x80000cde (0x0055c333) xor     t1, a1, t0
core   0: 3 0x80000cde (0x0055c333) x 6 0xffff9ffd
core   0: 0x80000ce2 (0x023384b3) mul     s1, t2, gp
core   0: 3 0x80000ce2 (0x023384b3) x 9 0xffffff21
core   0: 0x80000ce6 (0x00bb2c33) slt     s8, s6, a1
core   0: 3 0x80000ce6 (0x00bb2c33) x24 0x00000000
core   0: 0x80000cea (0x00001879) c.addi  a6, -2
core   0: 3 0x80000cea (0x1879) x16 0x00000002
core   0: 0x80000cec (0x00473033) sltu    zero, a4, tp
core   0: 3 0x80000cec (0x00473033)
core   0: 0x80000cf0 (0xffc00593) li      a1, -4
core   0: 3 0x80000cf0 (0xffc00593) x11 0xfffffffc
core   0: 0x80000cf4 (0xfff00913) li      s2, -1
core   0: 3 0x80000cf4 (0xfff00913) x18 0xffffffff
core   0: 0x80000cf8 (0x000040c5) c.li    ra, 17
core   0: 3 0x80000cf8 (0x40c5) x 1 0x00000011
core   0: 0x80000cfa (0x00000b3a) c.slli  s6, 14
core   0: 3 0x80000cfa (0x0b3a) x22 0x00028000
core   0: 0x80000cfc (0x00006299) c.lui   t0, 0x6
core   0: 3 0x80000cfc (0x6299) x 5 0x00006000
core   0: 0x80000cfe (0x6d830513) addi    a0, t1, 1752
core   0: 3 0x80000cfe (0x6d830513) x10 0xffffa6d5
core   0: 0x80000d02 (0x00000585) c.addi  a1, 1
core   0: 3 0x80000d02 (0x0585) x11 0xfffffffd
core   0: 0x80000d04 (0xff258ce3) beq     a1, s2, pc - 8
core   0: 3 0x80000d04 (0xff258ce3)
core   0: 0x80000d08 (0x00008d15) c.sub   a0, a3
core   0: 3 0x80000d08 (0x8d15) x10 0x02463ed5
core   0: 0x80000d0a (0x618e0893) addi    a7, t3, 1560
core   0: 3 0x80000d0a (0x618e0893) x17 0x00000621
core   0: 0x80000d0e (0x0271e033) rem     zero, gp, t2
core   0: 3 0x80000d0e (0x0271e033)
core   0: 0x80000d12 (0xfce853e3) bge     a6, a4, pc - 58
core   0: 3 0x80000d12 (0xfce853e3)
core   0: 0x80000cd8 (0x00008c21) c.xor   s0, s0
core   0: 3 0x80000cd8 (0x8c21) x 8 0x00000000
core   0: 0x80000cda (0x00000c4d) c.addi  s8, 19
core   0: 3 0x80000cda (0x0c4d) x24 0x00000013
core   0: 0x80000cdc (0x00004b29) c.li    s6, 10
core   0: 3 0x80000cdc (0x4b29) x22 0x0000000a
core   0: 0x80000cde (0x0055c333) xor     t1, a1, t0
core   0: 3 0x80000cde (0x0055c333) x 6 0xffff9ffd
core   0: 0x80000ce2 (0x023384b3) mul     s1, t2, gp
core   0: 3 0x80000ce2 (0x023384b3) x 9 0xffffff21
core   0: 0x80000ce6 (0x00bb2c33) slt     s8, s6, a1
core   0: 3 0x80000ce6 (0x00bb2c33) x24 0x00000000
core   0: 0x80000cea (0x00001879) c.addi  a6, -2
core   0: 3 0x80000cea (0x1879) x16 0x00000000
core   0: 0x80000cec (0x00473033) sltu    zero, a4, tp
core   0: 3 0x80000cec (0x00473033)
core   0: 0x80000cf0 (0xffc00593) li      a1, -4
core   0: 3 0x80000cf0 (0xffc00593) x11 0xfffffffc
core   0: 0x80000cf4 (0xfff00913) li      s2, -1
core   0: 3 0x80000cf4 (0xfff00913) x18 0xffffffff
core   0: 0x80000cf8 (0x000040c5) c.li    ra, 17
core   0: 3 0x80000cf8 (0x40c5) x 1 0x00000011
core   0: 0x80000cfa (0x00000b3a) c.slli  s6, 14
core   0: 3 0x80000cfa (0x0b3a) x22 0x00028000
core   0: 0x80000cfc (0x00006299) c.lui   t0, 0x6
core   0: 3 0x80000cfc (0x6299) x 5 0x00006000
core   0: 0x80000cfe (0x6d830513) addi    a0, t1, 1752
core   0: 3 0x80000cfe (0x6d830513) x10 0xffffa6d5
core   0: 0x80000d02 (0x00000585) c.addi  a1, 1
core   0: 3 0x80000d02 (0x0585) x11 0xfffffffd
core   0: 0x80000d04 (0xff258ce3) beq     a1, s2, pc - 8
core   0: 3 0x80000d04 (0xff258ce3)
core   0: 0x80000d08 (0x00008d15) c.sub   a0, a3
core   0: 3 0x80000d08 (0x8d15) x10 0x02463ed5
core   0: 0x80000d0a (0x618e0893) addi    a7, t3, 1560
core   0: 3 0x80000d0a (0x618e0893) x17 0x00000621
core   0: 0x80000d0e (0x0271e033) rem     zero, gp, t2
core   0: 3 0x80000d0e (0x0271e033)
core   0: 0x80000d12 (0xfce853e3) bge     a6, a4, pc - 58
core   0: 3 0x80000d12 (0xfce853e3)
core   0: 0x80000cd8 (0x00008c21) c.xor   s0, s0
core   0: 3 0x80000cd8 (0x8c21) x 8 0x00000000
core   0: 0x80000cda (0x00000c4d) c.addi  s8, 19
core   0: 3 0x80000cda (0x0c4d) x24 0x00000013
core   0: 0x80000cdc (0x00004b29) c.li    s6, 10
core   0: 3 0x80000cdc (0x4b29) x22 0x0000000a
core   0: 0x80000cde (0x0055c333) xor     t1, a1, t0
core   0: 3 0x80000cde (0x0055c333) x 6 0xffff9ffd
core   0: 0x80000ce2 (0x023384b3) mul     s1, t2, gp
core   0: 3 0x80000ce2 (0x023384b3) x 9 0xffffff21
core   0: 0x80000ce6 (0x00bb2c33) slt     s8, s6, a1
core   0: 3 0x80000ce6 (0x00bb2c33) x24 0x00000000
core   0: 0x80000cea (0x00001879) c.addi  a6, -2
core   0: 3 0x80000cea (0x1879) x16 0xfffffffe
core   0: 0x80000cec (0x00473033) sltu    zero, a4, tp
core   0: 3 0x80000cec (0x00473033)
core   0: 0x80000cf0 (0xffc00593) li      a1, -4
core   0: 3 0x80000cf0 (0xffc00593) x11 0xfffffffc
core   0: 0x80000cf4 (0xfff00913) li      s2, -1
core   0: 3 0x80000cf4 (0xfff00913) x18 0xffffffff
core   0: 0x80000cf8 (0x000040c5) c.li    ra, 17
core   0: 3 0x80000cf8 (0x40c5) x 1 0x00000011
core   0: 0x80000cfa (0x00000b3a) c.slli  s6, 14
core   0: 3 0x80000cfa (0x0b3a) x22 0x00028000
core   0: 0x80000cfc (0x00006299) c.lui   t0, 0x6
core   0: 3 0x80000cfc (0x6299) x 5 0x00006000
core   0: 0x80000cfe (0x6d830513) addi    a0, t1, 1752
core   0: 3 0x80000cfe (0x6d830513) x10 0xffffa6d5
core   0: 0x80000d02 (0x00000585) c.addi  a1, 1
core   0: 3 0x80000d02 (0x0585) x11 0xfffffffd
core   0: 0x80000d04 (0xff258ce3) beq     a1, s2, pc - 8
core   0: 3 0x80000d04 (0xff258ce3)
core   0: 0x80000d08 (0x00008d15) c.sub   a0, a3
core   0: 3 0x80000d08 (0x8d15) x10 0x02463ed5
core   0: 0x80000d0a (0x618e0893) addi    a7, t3, 1560
core   0: 3 0x80000d0a (0x618e0893) x17 0x00000621
core   0: 0x80000d0e (0x0271e033) rem     zero, gp, t2
core   0: 3 0x80000d0e (0x0271e033)
core   0: 0x80000d12 (0xfce853e3) bge     a6, a4, pc - 58
core   0: 3 0x80000d12 (0xfce853e3)
core   0: 0x80000d16 (0x03ac5b33) divu    s6, s8, s10
core   0: 3 0x80000d16 (0x03ac5b33) x22 0x00000000
core   0: 0x80000d1a (0x00600c13) li      s8, 6
core   0: 3 0x80000d1a (0x00600c13) x24 0x00000006
core   0: 0x80000d1e (0x0ff0000f) fence   iorw,iorw
core   0: 3 0x80000d1e (0x0ff0000f)
core   0: 0x80000d22 (0x41ca5533) sra     a0, s4, t3
core   0: 3 0x80000d22 (0x41ca5533) x10 0x00000000
core   0: 0x80000d26 (0x00000ac2) c.slli  s5, 16
core   0: 3 0x80000d26 (0x0ac2) x21 0x00000000
core   0: 0x80000d28 (0x00008df9) c.and   a1, a4
core   0: 3 0x80000d28 (0x8df9) x11 0x00000000
core   0: 0x80000d2a (0xdff45817) auipc   a6, 0xdff45
core   0: 3 0x80000d2a (0xdff45817) x16 0x5ff45d2a
core   0: 0x80000d2e (0x00000001) c.nop
core   0: 3 0x80000d2e (0x0001)
core   0: 0x80000d30 (0x000081f9) c.srli  a1, 30
core   0: 3 0x80000d30 (0x81f9) x11 0x00000000
core   0: 0x80000d32 (0x40f7d0b3) sra     ra, a5, a5
core   0: 3 0x80000d32 (0x40f7d0b3) x 1 0x00000000
core   0: 0x80000d36 (0x01a37633) and     a2, t1, s10
core   0: 3 0x80000d36 (0x01a37633) x12 0x80020e64
core   0: 0x80000d3a (0x40168533) sub     a0, a3, ra
core   0: 3 0x80000d3a (0x40168533) x10 0xfdb96800
core   0: 0x80000d3e (0x00600693) li      a3, 6
core   0: 3 0x80000d3e (0x00600693) x13 0x00000006
core   0: 0x80000d42 (0x00000001) c.nop
core   0: 3 0x80000d42 (0x0001)
core   0: 0x80000d44 (0x3e031837) lui     a6, 0x3e031
core   0: 3 0x80000d44 (0x3e031837) x16 0x3e031000
core   0: 0x80000d48 (0x00db5213) srli    tp, s6, 13
core   0: 3 0x80000d48 (0x00db5213) x 4 0x00000000
core   0: 0x80000d4c (0x00001c75) c.addi  s8, -3
core   0: 3 0x80000d4c (0x1c75) x24 0x00000003
core   0: 0x80000d4e (0x40dddc93) srai    s9, s11, 13
core   0: 3 0x80000d4e (0x40dddc93) x25 0x00000000
core   0: 0x80000d52 (0x8ceefa17) auipc   s4, 0x8ceef
core   0: 3 0x80000d52 (0x8ceefa17) x20 0x0ceefd52
core   0: 0x80000d56 (0xfedc76e3) bgeu    s8, a3, pc - 20
core   0: 3 0x80000d56 (0xfedc76e3)
core   0: 0x80000d5a (0x00940033) add     zero, s0, s1
core   0: 3 0x80000d5a (0x00940033)
core   0: 0x80000d5e (0x00600d93) li      s11, 6
core   0: 3 0x80000d5e (0x00600d93) x27 0x00000006
core   0: 0x80000d62 (0xff600b13) li      s6, -10
core   0: 3 0x80000d62 (0xff600b13) x22 0xfffffff6
core   0: 0x80000d66 (0x4e3b4693) xori    a3, s6, 1251
core   0: 3 0x80000d66 (0x4e3b4693) x13 0xfffffb15
core   0: 0x80000d6a (0x00001ddd) c.addi  s11, -9
core   0: 3 0x80000d6a (0x1ddd) x27 0xfffffffd
core   0: 0x80000d6c (0xffa00713) li      a4, -6
core   0: 3 0x80000d6c (0xffa00713) x14 0xfffffffa
core   0: 0x80000d70 (0x6cf57f93) andi    t6, a0, 1743
core   0: 3 0x80000d70 (0x6cf57f93) x31 0x00000000
core   0: 0x80000d74 (0xff600613) li      a2, -10
core   0: 3 0x80000d74 (0xff600613) x12 0xfffffff6
core   0: 0x80000d78 (0x00cf6eb3) or      t4, t5, a2
core   0: 3 0x80000d78 (0x00cf6eb3) x29 0xfffffff6
core   0: 0x80000d7c (0x00001771) c.addi  a4, -4
core   0: 3 0x80000d7c (0x1771) x14 0xfffffff6
core   0: 0x80000d7e (0xfec70de3) beq     a4, a2, pc - 6
core   0: 3 0x80000d7e (0xfec70de3)
core   0: 0x80000d78 (0x00cf6eb3) or      t4, t5, a2
core   0: 3 0x80000d78 (0x00cf6eb3) x29 0xfffffff6
core   0: 0x80000d7c (0x00001771) c.addi  a4, -4
core   0: 3 0x80000d7c (0x1771) x14 0xfffffff2
core   0: 0x80000d7e (0xfec70de3) beq     a4, a2, pc - 6
core   0: 3 0x80000d7e (0xfec70de3)
core   0: 0x80000d82 (0xff6dd2e3) bge     s11, s6, pc - 28
core   0: 3 0x80000d82 (0xff6dd2e3)
core   0: 0x80000d66 (0x4e3b4693) xori    a3, s6, 1251
core   0: 3 0x80000d66 (0x4e3b4693) x13 0xfffffb15
core   0: 0x80000d6a (0x00001ddd) c.addi  s11, -9
core   0: 3 0x80000d6a (0x1ddd) x27 0xfffffff4
core   0: 0x80000d6c (0xffa00713) li      a4, -6
core   0: 3 0x80000d6c (0xffa00713) x14 0xfffffffa
core   0: 0x80000d70 (0x6cf57f93) andi    t6, a0, 1743
core   0: 3 0x80000d70 (0x6cf57f93) x31 0x00000000
core   0: 0x80000d74 (0xff600613) li      a2, -10
core   0: 3 0x80000d74 (0xff600613) x12 0xfffffff6
core   0: 0x80000d78 (0x00cf6eb3) or      t4, t5, a2
core   0: 3 0x80000d78 (0x00cf6eb3) x29 0xfffffff6
core   0: 0x80000d7c (0x00001771) c.addi  a4, -4
core   0: 3 0x80000d7c (0x1771) x14 0xfffffff6
core   0: 0x80000d7e (0xfec70de3) beq     a4, a2, pc - 6
core   0: 3 0x80000d7e (0xfec70de3)
core   0: 0x80000d78 (0x00cf6eb3) or      t4, t5, a2
core   0: 3 0x80000d78 (0x00cf6eb3) x29 0xfffffff6
core   0: 0x80000d7c (0x00001771) c.addi  a4, -4
core   0: 3 0x80000d7c (0x1771) x14 0xfffffff2
core   0: 0x80000d7e (0xfec70de3) beq     a4, a2, pc - 6
core   0: 3 0x80000d7e (0xfec70de3)
core   0: 0x80000d82 (0xff6dd2e3) bge     s11, s6, pc - 28
core   0: 3 0x80000d82 (0xff6dd2e3)
core   0: 0x80000d86 (0x025f6e33) rem     t3, t5, t0
core   0: 3 0x80000d86 (0x025f6e33) x28 0x00000000
core   0: 0x80000d8a (0x00a00d93) li      s11, 10
core   0: 3 0x80000d8a (0x00a00d93) x27 0x0000000a
core   0: 0x80000d8e (0x00008f2d) c.xor   a4, a1
core   0: 3 0x80000d8e (0x8f2d) x14 0xfffffff2
core   0: 0x80000d90 (0x0000197d) c.addi  s2, -1
core   0: 3 0x80000d90 (0x197d) x18 0xfffffffe
core   0: 0x80000d92 (0x018e1013) slli    zero, t3, 24
core   0: 3 0x80000d92 (0x018e1013)
core   0: 0x80000d96 (0x000578b3) and     a7, a0, zero
core   0: 3 0x80000d96 (0x000578b3) x17 0x00000000
core   0: 0x80000d9a (0x0000037e) c.slli  t1, 31
core   0: 3 0x80000d9a (0x037e) x 6 0x80000000
core   0: 0x80000d9c (0xff600413) li      s0, -10
core   0: 3 0x80000d9c (0xff600413) x 8 0xfffffff6
core   0: 0x80000da0 (0xdbff8637) lui     a2, 0xdbff8
core   0: 3 0x80000da0 (0xdbff8637) x12 0xdbff8000
core   0: 0x80000da4 (0x4134d6b3) sra     a3, s1, s3
core   0: 3 0x80000da4 (0x4134d6b3) x13 0xffffff21
core   0: 0x80000da8 (0x00bb5913) srli    s2, s6, 11
core   0: 3 0x80000da8 (0x00bb5913) x18 0x001fffff
core   0: 0x80000dac (0x00f0d293) srli    t0, ra, 15
core   0: 3 0x80000dac (0x00f0d293) x 5 0x00000000
core   0: 0x80000db0 (0x00001df1) c.addi  s11, -4
core   0: 3 0x80000db0 (0x1df1) x27 0x00000006
core   0: 0x80000db2 (0x0365df33) divu    t5, a1, s6
core   0: 3 0x80000db2 (0x0365df33) x30 0x00000000
core   0: 0x80000db6 (0xfff00093) li      ra, -1
core   0: 3 0x80000db6 (0xfff00093) x 1 0xffffffff
core   0: 0x80000dba (0x00008de9) c.and   a1, a0
core   0: 3 0x80000dba (0x8de9) x11 0x00000000
core   0: 0x80000dbc (0x001c43b3) xor     t2, s8, ra
core   0: 3 0x80000dbc (0x001c43b3) x 7 0xfffffffc
core   0: 0x80000dc0 (0xfff00213) li      tp, -1
core   0: 3 0x80000dc0 (0xfff00213) x 4 0xffffffff
core   0: 0x80000dc4 (0x0000950e) c.add   a0, gp
core   0: 3 0x80000dc4 (0x950e) x10 0xfdb968df
core   0: 0x80000dc6 (0x031859b3) divu    s3, a6, a7
core   0: 3 0x80000dc6 (0x031859b3) x19 0xffffffff
core   0: 0x80000dca (0x028e0033) mul     zero, t3, s0
core   0: 3 0x80000dca (0x028e0033)
core   0: 0x80000dce (0x631bc613) xori    a2, s7, 1585
core   0: 3 0x80000dce (0x631bc613) x12 0xfffff9c0
core   0: 0x80000dd2 (0x000010dd) c.addi  ra, -9
core   0: 3 0x80000dd2 (0x10dd) x 1 0xfffffff6
core   0: 0x80000dd4 (0x000086bd) c.srai  a3, 15
core   0: 3 0x80000dd4 (0x86bd) x13 0xffffffff
core   0: 0x80000dd6 (0x6301f993) andi    s3, gp, 1584
core   0: 3 0x80000dd6 (0x6301f993) x19 0x00000010
core   0: 0x80000dda (0xfe40d6e3) bge     ra, tp, pc - 20
core   0: 3 0x80000dda (0xfe40d6e3)
core   0: 0x80000dde (0xfc8d81e3) beq     s11, s0, pc - 62
core   0: 3 0x80000dde (0xfc8d81e3)
core   0: 0x80000de2 (0x03740733) mul     a4, s0, s7
core   0: 3 0x80000de2 (0x03740733) x14 0x00000096
core   0: 0x80000de6 (0x00900d93) li      s11, 9
core   0: 3 0x80000de6 (0x00900d93) x27 0x00000009
core   0: 0x80000dea (0x00008d61) c.and   a0, s0
core   0: 3 0x80000dea (0x8d61) x10 0xfdb968d6
core   0: 0x80000dec (0x01000a93) li      s5, 16
core   0: 3 0x80000dec (0x01000a93) x21 0x00000010
core   0: 0x80000df0 (0x029671b3) remu    gp, a2, s1
core   0: 3 0x80000df0 (0x029671b3) x 3 0xfffff9c0
core   0: 0x80000df4 (0x0000870d) c.srai  a4, 3
core   0: 3 0x80000df4 (0x870d) x14 0x00000012
core   0: 0x80000df6 (0x030e6693) ori     a3, t3, 48
core   0: 3 0x80000df6 (0x030e6693) x13 0x00000030
core   0: 0x80000dfa (0x031cc833) div     a6, s9, a7
core   0: 3 0x80000dfa (0x031cc833) x16 0xffffffff
core   0: 0x80000dfe (0x005b3333) sltu    t1, s6, t0
core   0: 3 0x80000dfe (0x005b3333) x 6 0x00000000
core   0: 0x80000e02 (0x0079e4b3) or      s1, s3, t2
core   0: 3 0x80000e02 (0x0079e4b3) x 9 0xfffffffc
core   0: 0x80000e06 (0x00008de1) c.and   a1, s0
core   0: 3 0x80000e06 (0x8de1) x11 0x00000000
core   0: 0x80000e08 (0x00000d85) c.addi  s11, 1
core   0: 3 0x80000e08 (0x0d85) x27 0x0000000a
core   0: 0x80000e0a (0x01a45713) srli    a4, s0, 26
core   0: 3 0x80000e0a (0x01a45713) x14 0x0000003f
core   0: 0x80000e0e (0xff700093) li      ra, -9
core   0: 3 0x80000e0e (0xff700093) x 1 0xfffffff7
core   0: 0x80000e12 (0x00d00993) li      s3, 13
core   0: 3 0x80000e12 (0x00d00993) x19 0x0000000d
core   0: 0x80000e16 (0x8add8e13) addi    t3, s11, -1875
core   0: 3 0x80000e16 (0x8add8e13) x28 0xfffff8b7
core   0: 0x80000e1a (0x00008ded) c.and   a1, a1
core   0: 3 0x80000e1a (0x8ded) x11 0x00000000
core   0: 0x80000e1c (0x0000537d) c.li    t1, -1
core   0: 3 0x80000e1c (0x537d) x 6 0xffffffff
core   0: 0x80000e1e (0x00924933) xor     s2, tp, s1
core   0: 3 0x80000e1e (0x00924933) x18 0x00000003
core   0: 0x80000e22 (0x00008d29) c.xor   a0, a0
core   0: 3 0x80000e22 (0x8d29) x10 0x00000000
core   0: 0x80000e24 (0x037a34b3) mulhu   s1, s4, s7
core   0: 3 0x80000e24 (0x037a34b3) x 9 0x0ceefd51
core   0: 0x80000e28 (0x0000008d) c.addi  ra, 3
core   0: 3 0x80000e28 (0x008d) x 1 0xfffffffa
core   0: 0x80000e2a (0x02e1e2b3) rem     t0, gp, a4
core   0: 3 0x80000e2a (0x02e1e2b3) x 5 0xffffffe7
core   0: 0x80000e2e (0xff30cbe3) blt     ra, s3, pc - 10
core   0: 3 0x80000e2e (0xff30cbe3)
core   0: 0x80000e24 (0x037a34b3) mulhu   s1, s4, s7
core   0: 3 0x80000e24 (0x037a34b3) x 9 0x0ceefd51
core   0: 0x80000e28 (0x0000008d) c.addi  ra, 3
core   0: 3 0x80000e28 (0x008d) x 1 0xfffffffd
core   0: 0x80000e2a (0x02e1e2b3) rem     t0, gp, a4
core   0: 3 0x80000e2a (0x02e1e2b3) x 5 0xffffffe7
core   0: 0x80000e2e (0xff30cbe3) blt     ra, s3, pc - 10
core   0: 3 0x80000e2e (0xff30cbe3)
core   0: 0x80000e24 (0x037a34b3) mulhu   s1, s4, s7
core   0: 3 0x80000e24 (0x037a34b3) x 9 0x0ceefd51
core   0: 0x80000e28 (0x0000008d) c.addi  ra, 3
core   0: 3 0x80000e28 (0x008d) x 1 0x00000000
core   0: 0x80000e2a (0x02e1e2b3) rem     t0, gp, a4
core   0: 3 0x80000e2a (0x02e1e2b3) x 5 0xffffffe7
core   0: 0x80000e2e (0xff30cbe3) blt     ra, s3, pc - 10
core   0: 3 0x80000e2e (0xff30cbe3)
core   0: 0x80000e24 (0x037a34b3) mulhu   s1, s4, s7
core   0: 3 0x80000e24 (0x037a34b3) x 9 0x0ceefd51
core   0: 0x80000e28 (0x0000008d) c.addi  ra, 3
core   0: 3 0x80000e28 (0x008d) x 1 0x00000003
core   0: 0x80000e2a (0x02e1e2b3) rem     t0, gp, a4
core   0: 3 0x80000e2a (0x02e1e2b3) x 5 0xffffffe7
core   0: 0x80000e2e (0xff30cbe3) blt     ra, s3, pc - 10
core   0: 3 0x80000e2e (0xff30cbe3)
core   0: 0x80000e24 (0x037a34b3) mulhu   s1, s4, s7
core   0: 3 0x80000e24 (0x037a34b3) x 9 0x0ceefd51
core   0: 0x80000e28 (0x0000008d) c.addi  ra, 3
core   0: 3 0x80000e28 (0x008d) x 1 0x00000006
core   0: 0x80000e2a (0x02e1e2b3) rem     t0, gp, a4
core   0: 3 0x80000e2a (0x02e1e2b3) x 5 0xffffffe7
core   0: 0x80000e2e (0xff30cbe3) blt     ra, s3, pc - 10
core   0: 3 0x80000e2e (0xff30cbe3)
core   0: 0x80000e24 (0x037a34b3) mulhu   s1, s4, s7
core   0: 3 0x80000e24 (0x037a34b3) x 9 0x0ceefd51
core   0: 0x80000e28 (0x0000008d) c.addi  ra, 3
core   0: 3 0x80000e28 (0x008d) x 1 0x00000009
core   0: 0x80000e2a (0x02e1e2b3) rem     t0, gp, a4
core   0: 3 0x80000e2a (0x02e1e2b3) x 5 0xffffffe7
core   0: 0x80000e2e (0xff30cbe3) blt     ra, s3, pc - 10
core   0: 3 0x80000e2e (0xff30cbe3)
core   0: 0x80000e24 (0x037a34b3) mulhu   s1, s4, s7
core   0: 3 0x80000e24 (0x037a34b3) x 9 0x0ceefd51
core   0: 0x80000e28 (0x0000008d) c.addi  ra, 3
core   0: 3 0x80000e28 (0x008d) x 1 0x0000000c
core   0: 0x80000e2a (0x02e1e2b3) rem     t0, gp, a4
core   0: 3 0x80000e2a (0x02e1e2b3) x 5 0xffffffe7
core   0: 0x80000e2e (0xff30cbe3) blt     ra, s3, pc - 10
core   0: 3 0x80000e2e (0xff30cbe3)
core   0: 0x80000e24 (0x037a34b3) mulhu   s1, s4, s7
core   0: 3 0x80000e24 (0x037a34b3) x 9 0x0ceefd51
core   0: 0x80000e28 (0x0000008d) c.addi  ra, 3
core   0: 3 0x80000e28 (0x008d) x 1 0x0000000f
core   0: 0x80000e2a (0x02e1e2b3) rem     t0, gp, a4
core   0: 3 0x80000e2a (0x02e1e2b3) x 5 0xffffffe7
core   0: 0x80000e2e (0xff30cbe3) blt     ra, s3, pc - 10
core   0: 3 0x80000e2e (0xff30cbe3)
core   0: 0x80000e32 (0x00d32433) slt     s0, t1, a3
core   0: 3 0x80000e32 (0x00d32433) x 8 0x00000001
core   0: 0x80000e36 (0x000016fd) c.addi  a3, -1
core   0: 3 0x80000e36 (0x16fd) x13 0x0000002f
core   0: 0x80000e38 (0xfd5de5e3) bltu    s11, s5, pc - 54
core   0: 3 0x80000e38 (0xfd5de5e3)
core   0: 0x80000e02 (0x0079e4b3) or      s1, s3, t2
core   0: 3 0x80000e02 (0x0079e4b3) x 9 0xfffffffd
core   0: 0x80000e06 (0x00008de1) c.and   a1, s0
core   0: 3 0x80000e06 (0x8de1) x11 0x00000000
core   0: 0x80000e08 (0x00000d85) c.addi  s11, 1
core   0: 3 0x80000e08 (0x0d85) x27 0x0000000b
core   0: 0x80000e0a (0x01a45713) srli    a4, s0, 26
core   0: 3 0x80000e0a (0x01a45713) x14 0x00000000
core   0: 0x80000e0e (0xff700093) li      ra, -9
core   0: 3 0x80000e0e (0xff700093) x 1 0xfffffff7
core   0: 0x80000e12 (0x00d00993) li      s3, 13
core   0: 3 0x80000e12 (0x00d00993) x19 0x0000000d
core   0: 0x80000e16 (0x8add8e13) addi    t3, s11, -1875
core   0: 3 0x80000e16 (0x8add8e13) x28 0xfffff8b8
core   0: 0x80000e1a (0x00008ded) c.and   a1, a1
core   0: 3 0x80000e1a (0x8ded) x11 0x00000000
core   0: 0x80000e1c (0x0000537d) c.li    t1, -1
core   0: 3 0x80000e1c (0x537d) x 6 0xffffffff
core   0: 0x80000e1e (0x00924933) xor     s2, tp, s1
core   0: 3 0x80000e1e (0x00924933) x18 0x00000002
core   0: 0x80000e22 (0x00008d29) c.xor   a0, a0
core   0: 3 0x80000e22 (0x8d29) x10 0x00000000
core   0: 0x80000e24 (0x037a34b3) mulhu   s1, s4, s7
core   0: 3 0x80000e24 (0x037a34b3) x 9 0x0ceefd51
core   0: 0x80000e28 (0x0000008d) c.addi  ra, 3
core   0: 3 0x80000e28 (0x008d) x 1 0xfffffffa
core   0: 0x80000e2a (0x02e1e2b3) rem     t0, gp, a4
core   0: 3 0x80000e2a (0x02e1e2b3) x 5 0xfffff9c0
core   0: 0x80000e2e (0xff30cbe3) blt     ra, s3, pc - 10
core   0: 3 0x80000e2e (0xff30cbe3)
core   0: 0x80000e24 (0x037a34b3) mulhu   s1, s4, s7
core   0: 3 0x80000e24 (0x037a34b3) x 9 0x0ceefd51
core   0: 0x80000e28 (0x0000008d) c.addi  ra, 3
core   0: 3 0x80000e28 (0x008d) x 1 0xfffffffd
core   0: 0x80000e2a (0x02e1e2b3) rem     t0, gp, a4
core   0: 3 0x80000e2a (0x02e1e2b3) x 5 0xfffff9c0
core   0: 0x80000e2e (0xff30cbe3) blt     ra, s3, pc - 10
core   0: 3 0x80000e2e (0xff30cbe3)
core   0: 0x80000e24 (0x037a34b3) mulhu   s1, s4, s7
core   0: 3 0x80000e24 (0x037a34b3) x 9 0x0ceefd51
core   0: 0x80000e28 (0x0000008d) c.addi  ra, 3
core   0: 3 0x80000e28 (0x008d) x 1 0x00000000
core   0: 0x80000e2a (0x02e1e2b3) rem     t0, gp, a4
core   0: 3 0x80000e2a (0x02e1e2b3) x 5 0xfffff9c0
core   0: 0x80000e2e (0xff30cbe3) blt     ra, s3, pc - 10
core   0: 3 0x80000e2e (0xff30cbe3)
core   0: 0x80000e24 (0x037a34b3) mulhu   s1, s4, s7
core   0: 3 0x80000e24 (0x037a34b3) x 9 0x0ceefd51
core   0: 0x80000e28 (0x0000008d) c.addi  ra, 3
core   0: 3 0x80000e28 (0x008d) x 1 0x00000003
core   0: 0x80000e2a (0x02e1e2b3) rem     t0, gp, a4
core   0: 3 0x80000e2a (0x02e1e2b3) x 5 0xfffff9c0
core   0: 0x80000e2e (0xff30cbe3) blt     ra, s3, pc - 10
core   0: 3 0x80000e2e (0xff30cbe3)
core   0: 0x80000e24 (0x037a34b3) mulhu   s1, s4, s7
core   0: 3 0x80000e24 (0x037a34b3) x 9 0x0ceefd51
core   0: 0x80000e28 (0x0000008d) c.addi  ra, 3
core   0: 3 0x80000e28 (0x008d) x 1 0x00000006
core   0: 0x80000e2a (0x02e1e2b3) rem     t0, gp, a4
core   0: 3 0x80000e2a (0x02e1e2b3) x 5 0xfffff9c0
core   0: 0x80000e2e (0xff30cbe3) blt     ra, s3, pc - 10
core   0: 3 0x80000e2e (0xff30cbe3)
core   0: 0x80000e24 (0x037a34b3) mulhu   s1, s4, s7
core   0: 3 0x80000e24 (0x037a34b3) x 9 0x0ceefd51
core   0: 0x80000e28 (0x0000008d) c.addi  ra, 3
core   0: 3 0x80000e28 (0x008d) x 1 0x00000009
core   0: 0x80000e2a (0x02e1e2b3) rem     t0, gp, a4
core   0: 3 0x80000e2a (0x02e1e2b3) x 5 0xfffff9c0
core   0: 0x80000e2e (0xff30cbe3) blt     ra, s3, pc - 10
core   0: 3 0x80000e2e (0xff30cbe3)
core   0: 0x80000e24 (0x037a34b3) mulhu   s1, s4, s7
core   0: 3 0x80000e24 (0x037a34b3) x 9 0x0ceefd51
core   0: 0x80000e28 (0x0000008d) c.addi  ra, 3
core   0: 3 0x80000e28 (0x008d) x 1 0x0000000c
core   0: 0x80000e2a (0x02e1e2b3) rem     t0, gp, a4
core   0: 3 0x80000e2a (0x02e1e2b3) x 5 0xfffff9c0
core   0: 0x80000e2e (0xff30cbe3) blt     ra, s3, pc - 10
core   0: 3 0x80000e2e (0xff30cbe3)
core   0: 0x80000e24 (0x037a34b3) mulhu   s1, s4, s7
core   0: 3 0x80000e24 (0x037a34b3) x 9 0x0ceefd51
core   0: 0x80000e28 (0x0000008d) c.addi  ra, 3
core   0: 3 0x80000e28 (0x008d) x 1 0x0000000f
core   0: 0x80000e2a (0x02e1e2b3) rem     t0, gp, a4
core   0: 3 0x80000e2a (0x02e1e2b3) x 5 0xfffff9c0
core   0: 0x80000e2e (0xff30cbe3) blt     ra, s3, pc - 10
core   0: 3 0x80000e2e (0xff30cbe3)
core   0: 0x80000e32 (0x00d32433) slt     s0, t1, a3
core   0: 3 0x80000e32 (0x00d32433) x 8 0x00000001
core   0: 0x80000e36 (0x000016fd) c.addi  a3, -1
core   0: 3 0x80000e36 (0x16fd) x13 0x0000002e
core   0: 0x80000e38 (0xfd5de5e3) bltu    s11, s5, pc - 54
core   0: 3 0x80000e38 (0xfd5de5e3)
core   0: 0x80000e02 (0x0079e4b3) or      s1, s3, t2
core   0: 3 0x80000e02 (0x0079e4b3) x 9 0xfffffffd
core   0: 0x80000e06 (0x00008de1) c.and   a1, s0
core   0: 3 0x80000e06 (0x8de1) x11 0x00000000
core   0: 0x80000e08 (0x00000d85) c.addi  s11, 1
core   0: 3 0x80000e08 (0x0d85) x27 0x0000000c
core   0: 0x80000e0a (0x01a45713) srli    a4, s0, 26
core   0: 3 0x80000e0a (0x01a45713) x14 0x00000000
core   0: 0x80000e0e (0xff700093) li      ra, -9
core   0: 3 0x80000e0e (0xff700093) x 1 0xfffffff7
core   0: 0x80000e12 (0x00d00993) li      s3, 13
core   0: 3 0x80000e12 (0x00d00993) x19 0x0000000d
core   0: 0x80000e16 (0x8add8e13) addi    t3, s11, -1875
core   0: 3 0x80000e16 (0x8add8e13) x28 0xfffff8b9
core   0: 0x80000e1a (0x00008ded) c.and   a1, a1
core   0: 3 0x80000e1a (0x8ded) x11 0x00000000
core   0: 0x80000e1c (0x0000537d) c.li    t1, -1
core   0: 3 0x80000e1c (0x537d) x 6 0xffffffff
core   0: 0x80000e1e (0x00924933) xor     s2, tp, s1
core   0: 3 0x80000e1e (0x00924933) x18 0x00000002
core   0: 0x80000e22 (0x00008d29) c.xor   a0, a0
core   0: 3 0x80000e22 (0x8d29) x10 0x00000000
core   0: 0x80000e24 (0x037a34b3) mulhu   s1, s4, s7
core   0: 3 0x80000e24 (0x037a34b3) x 9 0x0ceefd51
core   0: 0x80000e28 (0x0000008d) c.addi  ra, 3
core   0: 3 0x80000e28 (0x008d) x 1 0xfffffffa
core   0: 0x80000e2a (0x02e1e2b3) rem     t0, gp, a4
core   0: 3 0x80000e2a (0x02e1e2b3) x 5 0xfffff9c0
core   0: 0x80000e2e (0xff30cbe3) blt     ra, s3, pc - 10
core   0: 3 0x80000e2e (0xff30cbe3)
core   0: 0x80000e24 (0x037a34b3) mulhu   s1, s4, s7
core   0: 3 0x80000e24 (0x037a34b3) x 9 0x0ceefd51
core   0: 0x80000e28 (0x0000008d) c.addi  ra, 3
core   0: 3 0x80000e28 (0x008d) x 1 0xfffffffd
core   0: 0x80000e2a (0x02e1e2b3) rem     t0, gp, a4
core   0: 3 0x80000e2a (0x02e1e2b3) x 5 0xfffff9c0
core   0: 0x80000e2e (0xff30cbe3) blt     ra, s3, pc - 10
core   0: 3 0x80000e2e (0xff30cbe3)
core   0: 0x80000e24 (0x037a34b3) mulhu   s1, s4, s7
core   0: 3 0x80000e24 (0x037a34b3) x 9 0x0ceefd51
core   0: 0x80000e28 (0x0000008d) c.addi  ra, 3
core   0: 3 0x80000e28 (0x008d) x 1 0x00000000
core   0: 0x80000e2a (0x02e1e2b3) rem     t0, gp, a4
core   0: 3 0x80000e2a (0x02e1e2b3) x 5 0xfffff9c0
core   0: 0x80000e2e (0xff30cbe3) blt     ra, s3, pc - 10
core   0: 3 0x80000e2e (0xff30cbe3)
core   0: 0x80000e24 (0x037a34b3) mulhu   s1, s4, s7
core   0: 3 0x80000e24 (0x037a34b3) x 9 0x0ceefd51
core   0: 0x80000e28 (0x0000008d) c.addi  ra, 3
core   0: 3 0x80000e28 (0x008d) x 1 0x00000003
core   0: 0x80000e2a (0x02e1e2b3) rem     t0, gp, a4
core   0: 3 0x80000e2a (0x02e1e2b3) x 5 0xfffff9c0
core   0: 0x80000e2e (0xff30cbe3) blt     ra, s3, pc - 10
core   0: 3 0x80000e2e (0xff30cbe3)
core   0: 0x80000e24 (0x037a34b3) mulhu   s1, s4, s7
core   0: 3 0x80000e24 (0x037a34b3) x 9 0x0ceefd51
core   0: 0x80000e28 (0x0000008d) c.addi  ra, 3
core   0: 3 0x80000e28 (0x008d) x 1 0x00000006
core   0: 0x80000e2a (0x02e1e2b3) rem     t0, gp, a4
core   0: 3 0x80000e2a (0x02e1e2b3) x 5 0xfffff9c0
core   0: 0x80000e2e (0xff30cbe3) blt     ra, s3, pc - 10
core   0: 3 0x80000e2e (0xff30cbe3)
core   0: 0x80000e24 (0x037a34b3) mulhu   s1, s4, s7
core   0: 3 0x80000e24 (0x037a34b3) x 9 0x0ceefd51
core   0: 0x80000e28 (0x0000008d) c.addi  ra, 3
core   0: 3 0x80000e28 (0x008d) x 1 0x00000009
core   0: 0x80000e2a (0x02e1e2b3) rem     t0, gp, a4
core   0: 3 0x80000e2a (0x02e1e2b3) x 5 0xfffff9c0
core   0: 0x80000e2e (0xff30cbe3) blt     ra, s3, pc - 10
core   0: 3 0x80000e2e (0xff30cbe3)
core   0: 0x80000e24 (0x037a34b3) mulhu   s1, s4, s7
core   0: 3 0x80000e24 (0x037a34b3) x 9 0x0ceefd51
core   0: 0x80000e28 (0x0000008d) c.addi  ra, 3
core   0: 3 0x80000e28 (0x008d) x 1 0x0000000c
core   0: 0x80000e2a (0x02e1e2b3) rem     t0, gp, a4
core   0: 3 0x80000e2a (0x02e1e2b3) x 5 0xfffff9c0
core   0: 0x80000e2e (0xff30cbe3) blt     ra, s3, pc - 10
core   0: 3 0x80000e2e (0xff30cbe3)
core   0: 0x80000e24 (0x037a34b3) mulhu   s1, s4, s7
core   0: 3 0x80000e24 (0x037a34b3) x 9 0x0ceefd51
core   0: 0x80000e28 (0x0000008d) c.addi  ra, 3
core   0: 3 0x80000e28 (0x008d) x 1 0x0000000f
core   0: 0x80000e2a (0x02e1e2b3) rem     t0, gp, a4
core   0: 3 0x80000e2a (0x02e1e2b3) x 5 0xfffff9c0
core   0: 0x80000e2e (0xff30cbe3) blt     ra, s3, pc - 10
core   0: 3 0x80000e2e (0xff30cbe3)
core   0: 0x80000e32 (0x00d32433) slt     s0, t1, a3
core   0: 3 0x80000e32 (0x00d32433) x 8 0x00000001
core   0: 0x80000e36 (0x000016fd) c.addi  a3, -1
core   0: 3 0x80000e36 (0x16fd) x13 0x0000002d
core   0: 0x80000e38 (0xfd5de5e3) bltu    s11, s5, pc - 54
core   0: 3 0x80000e38 (0xfd5de5e3)
core   0: 0x80000e02 (0x0079e4b3) or      s1, s3, t2
core   0: 3 0x80000e02 (0x0079e4b3) x 9 0xfffffffd
core   0: 0x80000e06 (0x00008de1) c.and   a1, s0
core   0: 3 0x80000e06 (0x8de1) x11 0x00000000
core   0: 0x80000e08 (0x00000d85) c.addi  s11, 1
core   0: 3 0x80000e08 (0x0d85) x27 0x0000000d
core   0: 0x80000e0a (0x01a45713) srli    a4, s0, 26
core   0: 3 0x80000e0a (0x01a45713) x14 0x00000000
core   0: 0x80000e0e (0xff700093) li      ra, -9
core   0: 3 0x80000e0e (0xff700093) x 1 0xfffffff7
core   0: 0x80000e12 (0x00d00993) li      s3, 13
core   0: 3 0x80000e12 (0x00d00993) x19 0x0000000d
core   0: 0x80000e16 (0x8add8e13) addi    t3, s11, -1875
core   0: 3 0x80000e16 (0x8add8e13) x28 0xfffff8ba
core   0: 0x80000e1a (0x00008ded) c.and   a1, a1
core   0: 3 0x80000e1a (0x8ded) x11 0x00000000
core   0: 0x80000e1c (0x0000537d) c.li    t1, -1
core   0: 3 0x80000e1c (0x537d) x 6 0xffffffff
core   0: 0x80000e1e (0x00924933) xor     s2, tp, s1
core   0: 3 0x80000e1e (0x00924933) x18 0x00000002
core   0: 0x80000e22 (0x00008d29) c.xor   a0, a0
core   0: 3 0x80000e22 (0x8d29) x10 0x00000000
core   0: 0x80000e24 (0x037a34b3) mulhu   s1, s4, s7
core   0: 3 0x80000e24 (0x037a34b3) x 9 0x0ceefd51
core   0: 0x80000e28 (0x0000008d) c.addi  ra, 3
core   0: 3 0x80000e28 (0x008d) x 1 0xfffffffa
core   0: 0x80000e2a (0x02e1e2b3) rem     t0, gp, a4
core   0: 3 0x80000e2a (0x02e1e2b3) x 5 0xfffff9c0
core   0: 0x80000e2e (0xff30cbe3) blt     ra, s3, pc - 10
core   0: 3 0x80000e2e (0xff30cbe3)
core   0: 0x80000e24 (0x037a34b3) mulhu   s1, s4, s7
core   0: 3 0x80000e24 (0x037a34b3) x 9 0x0ceefd51
core   0: 0x80000e28 (0x0000008d) c.addi  ra, 3
core   0: 3 0x80000e28 (0x008d) x 1 0xfffffffd
core   0: 0x80000e2a (0x02e1e2b3) rem     t0, gp, a4
core   0: 3 0x80000e2a (0x02e1e2b3) x 5 0xfffff9c0
core   0: 0x80000e2e (0xff30cbe3) blt     ra, s3, pc - 10
core   0: 3 0x80000e2e (0xff30cbe3)
core   0: 0x80000e24 (0x037a34b3) mulhu   s1, s4, s7
core   0: 3 0x80000e24 (0x037a34b3) x 9 0x0ceefd51
core   0: 0x80000e28 (0x0000008d) c.addi  ra, 3
core   0: 3 0x80000e28 (0x008d) x 1 0x00000000
core   0: 0x80000e2a (0x02e1e2b3) rem     t0, gp, a4
core   0: 3 0x80000e2a (0x02e1e2b3) x 5 0xfffff9c0
core   0: 0x80000e2e (0xff30cbe3) blt     ra, s3, pc - 10
core   0: 3 0x80000e2e (0xff30cbe3)
core   0: 0x80000e24 (0x037a34b3) mulhu   s1, s4, s7
core   0: 3 0x80000e24 (0x037a34b3) x 9 0x0ceefd51
core   0: 0x80000e28 (0x0000008d) c.addi  ra, 3
core   0: 3 0x80000e28 (0x008d) x 1 0x00000003
core   0: 0x80000e2a (0x02e1e2b3) rem     t0, gp, a4
core   0: 3 0x80000e2a (0x02e1e2b3) x 5 0xfffff9c0
core   0: 0x80000e2e (0xff30cbe3) blt     ra, s3, pc - 10
core   0: 3 0x80000e2e (0xff30cbe3)
core   0: 0x80000e24 (0x037a34b3) mulhu   s1, s4, s7
core   0: 3 0x80000e24 (0x037a34b3) x 9 0x0ceefd51
core   0: 0x80000e28 (0x0000008d) c.addi  ra, 3
core   0: 3 0x80000e28 (0x008d) x 1 0x00000006
core   0: 0x80000e2a (0x02e1e2b3) rem     t0, gp, a4
core   0: 3 0x80000e2a (0x02e1e2b3) x 5 0xfffff9c0
core   0: 0x80000e2e (0xff30cbe3) blt     ra, s3, pc - 10
core   0: 3 0x80000e2e (0xff30cbe3)
core   0: 0x80000e24 (0x037a34b3) mulhu   s1, s4, s7
core   0: 3 0x80000e24 (0x037a34b3) x 9 0x0ceefd51
core   0: 0x80000e28 (0x0000008d) c.addi  ra, 3
core   0: 3 0x80000e28 (0x008d) x 1 0x00000009
core   0: 0x80000e2a (0x02e1e2b3) rem     t0, gp, a4
core   0: 3 0x80000e2a (0x02e1e2b3) x 5 0xfffff9c0
core   0: 0x80000e2e (0xff30cbe3) blt     ra, s3, pc - 10
core   0: 3 0x80000e2e (0xff30cbe3)
core   0: 0x80000e24 (0x037a34b3) mulhu   s1, s4, s7
core   0: 3 0x80000e24 (0x037a34b3) x 9 0x0ceefd51
core   0: 0x80000e28 (0x0000008d) c.addi  ra, 3
core   0: 3 0x80000e28 (0x008d) x 1 0x0000000c
core   0: 0x80000e2a (0x02e1e2b3) rem     t0, gp, a4
core   0: 3 0x80000e2a (0x02e1e2b3) x 5 0xfffff9c0
core   0: 0x80000e2e (0xff30cbe3) blt     ra, s3, pc - 10
core   0: 3 0x80000e2e (0xff30cbe3)
core   0: 0x80000e24 (0x037a34b3) mulhu   s1, s4, s7
core   0: 3 0x80000e24 (0x037a34b3) x 9 0x0ceefd51
core   0: 0x80000e28 (0x0000008d) c.addi  ra, 3
core   0: 3 0x80000e28 (0x008d) x 1 0x0000000f
core   0: 0x80000e2a (0x02e1e2b3) rem     t0, gp, a4
core   0: 3 0x80000e2a (0x02e1e2b3) x 5 0xfffff9c0
core   0: 0x80000e2e (0xff30cbe3) blt     ra, s3, pc - 10
core   0: 3 0x80000e2e (0xff30cbe3)
core   0: 0x80000e32 (0x00d32433) slt     s0, t1, a3
core   0: 3 0x80000e32 (0x00d32433) x 8 0x00000001
core   0: 0x80000e36 (0x000016fd) c.addi  a3, -1
core   0: 3 0x80000e36 (0x16fd) x13 0x0000002c
core   0: 0x80000e38 (0xfd5de5e3) bltu    s11, s5, pc - 54
core   0: 3 0x80000e38 (0xfd5de5e3)
core   0: 0x80000e02 (0x0079e4b3) or      s1, s3, t2
core   0: 3 0x80000e02 (0x0079e4b3) x 9 0xfffffffd
core   0: 0x80000e06 (0x00008de1) c.and   a1, s0
core   0: 3 0x80000e06 (0x8de1) x11 0x00000000
core   0: 0x80000e08 (0x00000d85) c.addi  s11, 1
core   0: 3 0x80000e08 (0x0d85) x27 0x0000000e
core   0: 0x80000e0a (0x01a45713) srli    a4, s0, 26
core   0: 3 0x80000e0a (0x01a45713) x14 0x00000000
core   0: 0x80000e0e (0xff700093) li      ra, -9
core   0: 3 0x80000e0e (0xff700093) x 1 0xfffffff7
core   0: 0x80000e12 (0x00d00993) li      s3, 13
core   0: 3 0x80000e12 (0x00d00993) x19 0x0000000d
core   0: 0x80000e16 (0x8add8e13) addi    t3, s11, -1875
core   0: 3 0x80000e16 (0x8add8e13) x28 0xfffff8bb
core   0: 0x80000e1a (0x00008ded) c.and   a1, a1
core   0: 3 0x80000e1a (0x8ded) x11 0x00000000
core   0: 0x80000e1c (0x0000537d) c.li    t1, -1
core   0: 3 0x80000e1c (0x537d) x 6 0xffffffff
core   0: 0x80000e1e (0x00924933) xor     s2, tp, s1
core   0: 3 0x80000e1e (0x00924933) x18 0x00000002
core   0: 0x80000e22 (0x00008d29) c.xor   a0, a0
core   0: 3 0x80000e22 (0x8d29) x10 0x00000000
core   0: 0x80000e24 (0x037a34b3) mulhu   s1, s4, s7
core   0: 3 0x80000e24 (0x037a34b3) x 9 0x0ceefd51
core   0: 0x80000e28 (0x0000008d) c.addi  ra, 3
core   0: 3 0x80000e28 (0x008d) x 1 0xfffffffa
core   0: 0x80000e2a (0x02e1e2b3) rem     t0, gp, a4
core   0: 3 0x80000e2a (0x02e1e2b3) x 5 0xfffff9c0
core   0: 0x80000e2e (0xff30cbe3) blt     ra, s3, pc - 10
core   0: 3 0x80000e2e (0xff30cbe3)
core   0: 0x80000e24 (0x037a34b3) mulhu   s1, s4, s7
core   0: 3 0x80000e24 (0x037a34b3) x 9 0x0ceefd51
core   0: 0x80000e28 (0x0000008d) c.addi  ra, 3
core   0: 3 0x80000e28 (0x008d) x 1 0xfffffffd
core   0: 0x80000e2a (0x02e1e2b3) rem     t0, gp, a4
core   0: 3 0x80000e2a (0x02e1e2b3) x 5 0xfffff9c0
core   0: 0x80000e2e (0xff30cbe3) blt     ra, s3, pc - 10
core   0: 3 0x80000e2e (0xff30cbe3)
core   0: 0x80000e24 (0x037a34b3) mulhu   s1, s4, s7
core   0: 3 0x80000e24 (0x037a34b3) x 9 0x0ceefd51
core   0: 0x80000e28 (0x0000008d) c.addi  ra, 3
core   0: 3 0x80000e28 (0x008d) x 1 0x00000000
core   0: 0x80000e2a (0x02e1e2b3) rem     t0, gp, a4
core   0: 3 0x80000e2a (0x02e1e2b3) x 5 0xfffff9c0
core   0: 0x80000e2e (0xff30cbe3) blt     ra, s3, pc - 10
core   0: 3 0x80000e2e (0xff30cbe3)
core   0: 0x80000e24 (0x037a34b3) mulhu   s1, s4, s7
core   0: 3 0x80000e24 (0x037a34b3) x 9 0x0ceefd51
core   0: 0x80000e28 (0x0000008d) c.addi  ra, 3
core   0: 3 0x80000e28 (0x008d) x 1 0x00000003
core   0: 0x80000e2a (0x02e1e2b3) rem     t0, gp, a4
core   0: 3 0x80000e2a (0x02e1e2b3) x 5 0xfffff9c0
core   0: 0x80000e2e (0xff30cbe3) blt     ra, s3, pc - 10
core   0: 3 0x80000e2e (0xff30cbe3)
core   0: 0x80000e24 (0x037a34b3) mulhu   s1, s4, s7
core   0: 3 0x80000e24 (0x037a34b3) x 9 0x0ceefd51
core   0: 0x80000e28 (0x0000008d) c.addi  ra, 3
core   0: 3 0x80000e28 (0x008d) x 1 0x00000006
core   0: 0x80000e2a (0x02e1e2b3) rem     t0, gp, a4
core   0: 3 0x80000e2a (0x02e1e2b3) x 5 0xfffff9c0
core   0: 0x80000e2e (0xff30cbe3) blt     ra, s3, pc - 10
core   0: 3 0x80000e2e (0xff30cbe3)
core   0: 0x80000e24 (0x037a34b3) mulhu   s1, s4, s7
core   0: 3 0x80000e24 (0x037a34b3) x 9 0x0ceefd51
core   0: 0x80000e28 (0x0000008d) c.addi  ra, 3
core   0: 3 0x80000e28 (0x008d) x 1 0x00000009
core   0: 0x80000e2a (0x02e1e2b3) rem     t0, gp, a4
core   0: 3 0x80000e2a (0x02e1e2b3) x 5 0xfffff9c0
core   0: 0x80000e2e (0xff30cbe3) blt     ra, s3, pc - 10
core   0: 3 0x80000e2e (0xff30cbe3)
core   0: 0x80000e24 (0x037a34b3) mulhu   s1, s4, s7
core   0: 3 0x80000e24 (0x037a34b3) x 9 0x0ceefd51
core   0: 0x80000e28 (0x0000008d) c.addi  ra, 3
core   0: 3 0x80000e28 (0x008d) x 1 0x0000000c
core   0: 0x80000e2a (0x02e1e2b3) rem     t0, gp, a4
core   0: 3 0x80000e2a (0x02e1e2b3) x 5 0xfffff9c0
core   0: 0x80000e2e (0xff30cbe3) blt     ra, s3, pc - 10
core   0: 3 0x80000e2e (0xff30cbe3)
core   0: 0x80000e24 (0x037a34b3) mulhu   s1, s4, s7
core   0: 3 0x80000e24 (0x037a34b3) x 9 0x0ceefd51
core   0: 0x80000e28 (0x0000008d) c.addi  ra, 3
core   0: 3 0x80000e28 (0x008d) x 1 0x0000000f
core   0: 0x80000e2a (0x02e1e2b3) rem     t0, gp, a4
core   0: 3 0x80000e2a (0x02e1e2b3) x 5 0xfffff9c0
core   0: 0x80000e2e (0xff30cbe3) blt     ra, s3, pc - 10
core   0: 3 0x80000e2e (0xff30cbe3)
core   0: 0x80000e32 (0x00d32433) slt     s0, t1, a3
core   0: 3 0x80000e32 (0x00d32433) x 8 0x00000001
core   0: 0x80000e36 (0x000016fd) c.addi  a3, -1
core   0: 3 0x80000e36 (0x16fd) x13 0x0000002b
core   0: 0x80000e38 (0xfd5de5e3) bltu    s11, s5, pc - 54
core   0: 3 0x80000e38 (0xfd5de5e3)
core   0: 0x80000e02 (0x0079e4b3) or      s1, s3, t2
core   0: 3 0x80000e02 (0x0079e4b3) x 9 0xfffffffd
core   0: 0x80000e06 (0x00008de1) c.and   a1, s0
core   0: 3 0x80000e06 (0x8de1) x11 0x00000000
core   0: 0x80000e08 (0x00000d85) c.addi  s11, 1
core   0: 3 0x80000e08 (0x0d85) x27 0x0000000f
core   0: 0x80000e0a (0x01a45713) srli    a4, s0, 26
core   0: 3 0x80000e0a (0x01a45713) x14 0x00000000
core   0: 0x80000e0e (0xff700093) li      ra, -9
core   0: 3 0x80000e0e (0xff700093) x 1 0xfffffff7
core   0: 0x80000e12 (0x00d00993) li      s3, 13
core   0: 3 0x80000e12 (0x00d00993) x19 0x0000000d
core   0: 0x80000e16 (0x8add8e13) addi    t3, s11, -1875
core   0: 3 0x80000e16 (0x8add8e13) x28 0xfffff8bc
core   0: 0x80000e1a (0x00008ded) c.and   a1, a1
core   0: 3 0x80000e1a (0x8ded) x11 0x00000000
core   0: 0x80000e1c (0x0000537d) c.li    t1, -1
core   0: 3 0x80000e1c (0x537d) x 6 0xffffffff
core   0: 0x80000e1e (0x00924933) xor     s2, tp, s1
core   0: 3 0x80000e1e (0x00924933) x18 0x00000002
core   0: 0x80000e22 (0x00008d29) c.xor   a0, a0
core   0: 3 0x80000e22 (0x8d29) x10 0x00000000
core   0: 0x80000e24 (0x037a34b3) mulhu   s1, s4, s7
core   0: 3 0x80000e24 (0x037a34b3) x 9 0x0ceefd51
core   0: 0x80000e28 (0x0000008d) c.addi  ra, 3
core   0: 3 0x80000e28 (0x008d) x 1 0xfffffffa
core   0: 0x80000e2a (0x02e1e2b3) rem     t0, gp, a4
core   0: 3 0x80000e2a (0x02e1e2b3) x 5 0xfffff9c0
core   0: 0x80000e2e (0xff30cbe3) blt     ra, s3, pc - 10
core   0: 3 0x80000e2e (0xff30cbe3)
core   0: 0x80000e24 (0x037a34b3) mulhu   s1, s4, s7
core   0: 3 0x80000e24 (0x037a34b3) x 9 0x0ceefd51
core   0: 0x80000e28 (0x0000008d) c.addi  ra, 3
core   0: 3 0x80000e28 (0x008d) x 1 0xfffffffd
core   0: 0x80000e2a (0x02e1e2b3) rem     t0, gp, a4
core   0: 3 0x80000e2a (0x02e1e2b3) x 5 0xfffff9c0
core   0: 0x80000e2e (0xff30cbe3) blt     ra, s3, pc - 10
core   0: 3 0x80000e2e (0xff30cbe3)
core   0: 0x80000e24 (0x037a34b3) mulhu   s1, s4, s7
core   0: 3 0x80000e24 (0x037a34b3) x 9 0x0ceefd51
core   0: 0x80000e28 (0x0000008d) c.addi  ra, 3
core   0: 3 0x80000e28 (0x008d) x 1 0x00000000
core   0: 0x80000e2a (0x02e1e2b3) rem     t0, gp, a4
core   0: 3 0x80000e2a (0x02e1e2b3) x 5 0xfffff9c0
core   0: 0x80000e2e (0xff30cbe3) blt     ra, s3, pc - 10
core   0: 3 0x80000e2e (0xff30cbe3)
core   0: 0x80000e24 (0x037a34b3) mulhu   s1, s4, s7
core   0: 3 0x80000e24 (0x037a34b3) x 9 0x0ceefd51
core   0: 0x80000e28 (0x0000008d) c.addi  ra, 3
core   0: 3 0x80000e28 (0x008d) x 1 0x00000003
core   0: 0x80000e2a (0x02e1e2b3) rem     t0, gp, a4
core   0: 3 0x80000e2a (0x02e1e2b3) x 5 0xfffff9c0
core   0: 0x80000e2e (0xff30cbe3) blt     ra, s3, pc - 10
core   0: 3 0x80000e2e (0xff30cbe3)
core   0: 0x80000e24 (0x037a34b3) mulhu   s1, s4, s7
core   0: 3 0x80000e24 (0x037a34b3) x 9 0x0ceefd51
core   0: 0x80000e28 (0x0000008d) c.addi  ra, 3
core   0: 3 0x80000e28 (0x008d) x 1 0x00000006
core   0: 0x80000e2a (0x02e1e2b3) rem     t0, gp, a4
core   0: 3 0x80000e2a (0x02e1e2b3) x 5 0xfffff9c0
core   0: 0x80000e2e (0xff30cbe3) blt     ra, s3, pc - 10
core   0: 3 0x80000e2e (0xff30cbe3)
core   0: 0x80000e24 (0x037a34b3) mulhu   s1, s4, s7
core   0: 3 0x80000e24 (0x037a34b3) x 9 0x0ceefd51
core   0: 0x80000e28 (0x0000008d) c.addi  ra, 3
core   0: 3 0x80000e28 (0x008d) x 1 0x00000009
core   0: 0x80000e2a (0x02e1e2b3) rem     t0, gp, a4
core   0: 3 0x80000e2a (0x02e1e2b3) x 5 0xfffff9c0
core   0: 0x80000e2e (0xff30cbe3) blt     ra, s3, pc - 10
core   0: 3 0x80000e2e (0xff30cbe3)
core   0: 0x80000e24 (0x037a34b3) mulhu   s1, s4, s7
core   0: 3 0x80000e24 (0x037a34b3) x 9 0x0ceefd51
core   0: 0x80000e28 (0x0000008d) c.addi  ra, 3
core   0: 3 0x80000e28 (0x008d) x 1 0x0000000c
core   0: 0x80000e2a (0x02e1e2b3) rem     t0, gp, a4
core   0: 3 0x80000e2a (0x02e1e2b3) x 5 0xfffff9c0
core   0: 0x80000e2e (0xff30cbe3) blt     ra, s3, pc - 10
core   0: 3 0x80000e2e (0xff30cbe3)
core   0: 0x80000e24 (0x037a34b3) mulhu   s1, s4, s7
core   0: 3 0x80000e24 (0x037a34b3) x 9 0x0ceefd51
core   0: 0x80000e28 (0x0000008d) c.addi  ra, 3
core   0: 3 0x80000e28 (0x008d) x 1 0x0000000f
core   0: 0x80000e2a (0x02e1e2b3) rem     t0, gp, a4
core   0: 3 0x80000e2a (0x02e1e2b3) x 5 0xfffff9c0
core   0: 0x80000e2e (0xff30cbe3) blt     ra, s3, pc - 10
core   0: 3 0x80000e2e (0xff30cbe3)
core   0: 0x80000e32 (0x00d32433) slt     s0, t1, a3
core   0: 3 0x80000e32 (0x00d32433) x 8 0x00000001
core   0: 0x80000e36 (0x000016fd) c.addi  a3, -1
core   0: 3 0x80000e36 (0x16fd) x13 0x0000002a
core   0: 0x80000e38 (0xfd5de5e3) bltu    s11, s5, pc - 54
core   0: 3 0x80000e38 (0xfd5de5e3)
core   0: 0x80000e02 (0x0079e4b3) or      s1, s3, t2
core   0: 3 0x80000e02 (0x0079e4b3) x 9 0xfffffffd
core   0: 0x80000e06 (0x00008de1) c.and   a1, s0
core   0: 3 0x80000e06 (0x8de1) x11 0x00000000
core   0: 0x80000e08 (0x00000d85) c.addi  s11, 1
core   0: 3 0x80000e08 (0x0d85) x27 0x00000010
core   0: 0x80000e0a (0x01a45713) srli    a4, s0, 26
core   0: 3 0x80000e0a (0x01a45713) x14 0x00000000
core   0: 0x80000e0e (0xff700093) li      ra, -9
core   0: 3 0x80000e0e (0xff700093) x 1 0xfffffff7
core   0: 0x80000e12 (0x00d00993) li      s3, 13
core   0: 3 0x80000e12 (0x00d00993) x19 0x0000000d
core   0: 0x80000e16 (0x8add8e13) addi    t3, s11, -1875
core   0: 3 0x80000e16 (0x8add8e13) x28 0xfffff8bd
core   0: 0x80000e1a (0x00008ded) c.and   a1, a1
core   0: 3 0x80000e1a (0x8ded) x11 0x00000000
core   0: 0x80000e1c (0x0000537d) c.li    t1, -1
core   0: 3 0x80000e1c (0x537d) x 6 0xffffffff
core   0: 0x80000e1e (0x00924933) xor     s2, tp, s1
core   0: 3 0x80000e1e (0x00924933) x18 0x00000002
core   0: 0x80000e22 (0x00008d29) c.xor   a0, a0
core   0: 3 0x80000e22 (0x8d29) x10 0x00000000
core   0: 0x80000e24 (0x037a34b3) mulhu   s1, s4, s7
core   0: 3 0x80000e24 (0x037a34b3) x 9 0x0ceefd51
core   0: 0x80000e28 (0x0000008d) c.addi  ra, 3
core   0: 3 0x80000e28 (0x008d) x 1 0xfffffffa
core   0: 0x80000e2a (0x02e1e2b3) rem     t0, gp, a4
core   0: 3 0x80000e2a (0x02e1e2b3) x 5 0xfffff9c0
core   0: 0x80000e2e (0xff30cbe3) blt     ra, s3, pc - 10
core   0: 3 0x80000e2e (0xff30cbe3)
core   0: 0x80000e24 (0x037a34b3) mulhu   s1, s4, s7
core   0: 3 0x80000e24 (0x037a34b3) x 9 0x0ceefd51
core   0: 0x80000e28 (0x0000008d) c.addi  ra, 3
core   0: 3 0x80000e28 (0x008d) x 1 0xfffffffd
core   0: 0x80000e2a (0x02e1e2b3) rem     t0, gp, a4
core   0: 3 0x80000e2a (0x02e1e2b3) x 5 0xfffff9c0
core   0: 0x80000e2e (0xff30cbe3) blt     ra, s3, pc - 10
core   0: 3 0x80000e2e (0xff30cbe3)
core   0: 0x80000e24 (0x037a34b3) mulhu   s1, s4, s7
core   0: 3 0x80000e24 (0x037a34b3) x 9 0x0ceefd51
core   0: 0x80000e28 (0x0000008d) c.addi  ra, 3
core   0: 3 0x80000e28 (0x008d) x 1 0x00000000
core   0: 0x80000e2a (0x02e1e2b3) rem     t0, gp, a4
core   0: 3 0x80000e2a (0x02e1e2b3) x 5 0xfffff9c0
core   0: 0x80000e2e (0xff30cbe3) blt     ra, s3, pc - 10
core   0: 3 0x80000e2e (0xff30cbe3)
core   0: 0x80000e24 (0x037a34b3) mulhu   s1, s4, s7
core   0: 3 0x80000e24 (0x037a34b3) x 9 0x0ceefd51
core   0: 0x80000e28 (0x0000008d) c.addi  ra, 3
core   0: 3 0x80000e28 (0x008d) x 1 0x00000003
core   0: 0x80000e2a (0x02e1e2b3) rem     t0, gp, a4
core   0: 3 0x80000e2a (0x02e1e2b3) x 5 0xfffff9c0
core   0: 0x80000e2e (0xff30cbe3) blt     ra, s3, pc - 10
core   0: 3 0x80000e2e (0xff30cbe3)
core   0: 0x80000e24 (0x037a34b3) mulhu   s1, s4, s7
core   0: 3 0x80000e24 (0x037a34b3) x 9 0x0ceefd51
core   0: 0x80000e28 (0x0000008d) c.addi  ra, 3
core   0: 3 0x80000e28 (0x008d) x 1 0x00000006
core   0: 0x80000e2a (0x02e1e2b3) rem     t0, gp, a4
core   0: 3 0x80000e2a (0x02e1e2b3) x 5 0xfffff9c0
core   0: 0x80000e2e (0xff30cbe3) blt     ra, s3, pc - 10
core   0: 3 0x80000e2e (0xff30cbe3)
core   0: 0x80000e24 (0x037a34b3) mulhu   s1, s4, s7
core   0: 3 0x80000e24 (0x037a34b3) x 9 0x0ceefd51
core   0: 0x80000e28 (0x0000008d) c.addi  ra, 3
core   0: 3 0x80000e28 (0x008d) x 1 0x00000009
core   0: 0x80000e2a (0x02e1e2b3) rem     t0, gp, a4
core   0: 3 0x80000e2a (0x02e1e2b3) x 5 0xfffff9c0
core   0: 0x80000e2e (0xff30cbe3) blt     ra, s3, pc - 10
core   0: 3 0x80000e2e (0xff30cbe3)
core   0: 0x80000e24 (0x037a34b3) mulhu   s1, s4, s7
core   0: 3 0x80000e24 (0x037a34b3) x 9 0x0ceefd51
core   0: 0x80000e28 (0x0000008d) c.addi  ra, 3
core   0: 3 0x80000e28 (0x008d) x 1 0x0000000c
core   0: 0x80000e2a (0x02e1e2b3) rem     t0, gp, a4
core   0: 3 0x80000e2a (0x02e1e2b3) x 5 0xfffff9c0
core   0: 0x80000e2e (0xff30cbe3) blt     ra, s3, pc - 10
core   0: 3 0x80000e2e (0xff30cbe3)
core   0: 0x80000e24 (0x037a34b3) mulhu   s1, s4, s7
core   0: 3 0x80000e24 (0x037a34b3) x 9 0x0ceefd51
core   0: 0x80000e28 (0x0000008d) c.addi  ra, 3
core   0: 3 0x80000e28 (0x008d) x 1 0x0000000f
core   0: 0x80000e2a (0x02e1e2b3) rem     t0, gp, a4
core   0: 3 0x80000e2a (0x02e1e2b3) x 5 0xfffff9c0
core   0: 0x80000e2e (0xff30cbe3) blt     ra, s3, pc - 10
core   0: 3 0x80000e2e (0xff30cbe3)
core   0: 0x80000e32 (0x00d32433) slt     s0, t1, a3
core   0: 3 0x80000e32 (0x00d32433) x 8 0x00000001
core   0: 0x80000e36 (0x000016fd) c.addi  a3, -1
core   0: 3 0x80000e36 (0x16fd) x13 0x00000029
core   0: 0x80000e38 (0xfd5de5e3) bltu    s11, s5, pc - 54
core   0: 3 0x80000e38 (0xfd5de5e3)
core   0: 0x80000e3c (0x000064f1) c.lui   s1, 0x1c
core   0: 3 0x80000e3c (0x64f1) x 9 0x0001c000
core   0: 0x80000e3e (0x00000613) li      a2, 0
core   0: 3 0x80000e3e (0x00000613) x12 0x00000000
core   0: 0x80000e42 (0x037276b3) remu    a3, tp, s7
core   0: 3 0x80000e42 (0x037276b3) x13 0x0000000e
core   0: 0x80000e46 (0x00da0f33) add     t5, s4, a3
core   0: 3 0x80000e46 (0x00da0f33) x30 0x0ceefd60
core   0: 0x80000e4a (0x00006cc5) c.lui   s9, 0x11
core   0: 3 0x80000e4a (0x6cc5) x25 0x00011000
core   0: 0x80000e4c (0x00000001) c.nop
core   0: 3 0x80000e4c (0x0001)
core   0: 0x80000e4e (0x01ce36b3) sltu    a3, t3, t3
core   0: 3 0x80000e4e (0x01ce36b3) x13 0x00000000
core   0: 0x80000e52 (0xff400e13) li      t3, -12
core   0: 3 0x80000e52 (0xff400e13) x28 0xfffffff4
core   0: 0x80000e56 (0x006880b3) add     ra, a7, t1
core   0: 3 0x80000e56 (0x006880b3) x 1 0xffffffff
core   0: 0x80000e5a (0x03662433) mulhsu  s0, a2, s6
core   0: 3 0x80000e5a (0x03662433) x 8 0x00000000
core   0: 0x80000e5e (0x00000001) c.nop
core   0: 3 0x80000e5e (0x0001)
core   0: 0x80000e60 (0x40c753b3) sra     t2, a4, a2
core   0: 3 0x80000e60 (0x40c753b3) x 7 0x00000000
core   0: 0x80000e64 (0x00001675) c.addi  a2, -3
core   0: 3 0x80000e64 (0x1675) x12 0xfffffffd
core   0: 0x80000e66 (0x0ff0000f) fence   iorw,iorw
core   0: 3 0x80000e66 (0x0ff0000f)
core   0: 0x80000e6a (0xff900b93) li      s7, -7
core   0: 3 0x80000e6a (0xff900b93) x23 0xfffffff9
core   0: 0x80000e6e (0x0000835d) c.srli  a4, 23
core   0: 3 0x80000e6e (0x835d) x14 0x00000000
core   0: 0x80000e70 (0x015e3eb3) sltu    t4, t3, s5
core   0: 3 0x80000e70 (0x015e3eb3) x29 0x00000000
core   0: 0x80000e74 (0x00008c09) c.sub   s0, a0
core   0: 3 0x80000e74 (0x8c09) x 8 0x00000000
core   0: 0x80000e76 (0x014c4933) xor     s2, s8, s4
core   0: 3 0x80000e76 (0x014c4933) x18 0x0ceefd51
core   0: 0x80000e7a (0x015d3eb3) sltu    t4, s10, s5
core   0: 3 0x80000e7a (0x015d3eb3) x29 0x00000000
core   0: 0x80000e7e (0x000065a1) c.lui   a1, 0x8
core   0: 3 0x80000e7e (0x65a1) x11 0x00008000
core   0: 0x80000e80 (0x00008ee5) c.and   a3, s1
core   0: 3 0x80000e80 (0x8ee5) x13 0x00000000
core   0: 0x80000e82 (0xfef00d93) li      s11, -17
core   0: 3 0x80000e82 (0xfef00d93) x27 0xffffffef
core   0: 0x80000e86 (0xd78e6993) ori     s3, t3, -648
core   0: 3 0x80000e86 (0xd78e6993) x19 0xfffffffc
core   0: 0x80000e8a (0x00008c41) c.or    s0, s0
core   0: 3 0x80000e8a (0x8c41) x 8 0x00000000
core   0: 0x80000e8c (0x00000001) c.nop
core   0: 3 0x80000e8c (0x0001)
core   0: 0x80000e8e (0x00001bed) c.addi  s7, -5
core   0: 3 0x80000e8e (0x1bed) x23 0xfffffff4
core   0: 0x80000e90 (0xffbbdee3) bge     s7, s11, pc - 4
core   0: 3 0x80000e90 (0xffbbdee3)
core   0: 0x80000e8c (0x00000001) c.nop
core   0: 3 0x80000e8c (0x0001)
core   0: 0x80000e8e (0x00001bed) c.addi  s7, -5
core   0: 3 0x80000e8e (0x1bed) x23 0xffffffef
core   0: 0x80000e90 (0xffbbdee3) bge     s7, s11, pc - 4
core   0: 3 0x80000e90 (0xffbbdee3)
core   0: 0x80000e8c (0x00000001) c.nop
core   0: 3 0x80000e8c (0x0001)
core   0: 0x80000e8e (0x00001bed) c.addi  s7, -5
core   0: 3 0x80000e8e (0x1bed) x23 0xffffffea
core   0: 0x80000e90 (0xffbbdee3) bge     s7, s11, pc - 4
core   0: 3 0x80000e90 (0xffbbdee3)
core   0: 0x80000e94 (0x01bf6f33) or      t5, t5, s11
core   0: 3 0x80000e94 (0x01bf6f33) x30 0xffffffef
core   0: 0x80000e98 (0x00008936) c.mv    s2, a3
core   0: 3 0x80000e98 (0x8936) x18 0x00000000
core   0: 0x80000e9a (0x01b15033) srl     zero, sp, s11
core   0: 3 0x80000e9a (0x01b15033)
core   0: 0x80000e9e (0x0042c433) xor     s0, t0, tp
core   0: 3 0x80000e9e (0x0042c433) x 8 0x0000063f
core   0: 0x80000ea2 (0x00db15b3) sll     a1, s6, a3
core   0: 3 0x80000ea2 (0x00db15b3) x11 0xfffffff6
core   0: 0x80000ea6 (0x03740233) mul     tp, s0, s7
core   0: 3 0x80000ea6 (0x03740233) x 4 0xffff7696
core   0: 0x80000eaa (0xfbc61ae3) bne     a2, t3, pc - 76
core   0: 3 0x80000eaa (0xfbc61ae3)
core   0: 0x80000e5e (0x00000001) c.nop
core   0: 3 0x80000e5e (0x0001)
core   0: 0x80000e60 (0x40c753b3) sra     t2, a4, a2
core   0: 3 0x80000e60 (0x40c753b3) x 7 0x00000000
core   0: 0x80000e64 (0x00001675) c.addi  a2, -3
core   0: 3 0x80000e64 (0x1675) x12 0xfffffffa
core   0: 0x80000e66 (0x0ff0000f) fence   iorw,iorw
core   0: 3 0x80000e66 (0x0ff0000f)
core   0: 0x80000e6a (0xff900b93) li      s7, -7
core   0: 3 0x80000e6a (0xff900b93) x23 0xfffffff9
core   0: 0x80000e6e (0x0000835d) c.srli  a4, 23
core   0: 3 0x80000e6e (0x835d) x14 0x00000000
core   0: 0x80000e70 (0x015e3eb3) sltu    t4, t3, s5
core   0: 3 0x80000e70 (0x015e3eb3) x29 0x00000000
core   0: 0x80000e74 (0x00008c09) c.sub   s0, a0
core   0: 3 0x80000e74 (0x8c09) x 8 0x0000063f
core   0: 0x80000e76 (0x014c4933) xor     s2, s8, s4
core   0: 3 0x80000e76 (0x014c4933) x18 0x0ceefd51
core   0: 0x80000e7a (0x015d3eb3) sltu    t4, s10, s5
core   0: 3 0x80000e7a (0x015d3eb3) x29 0x00000000
core   0: 0x80000e7e (0x000065a1) c.lui   a1, 0x8
core   0: 3 0x80000e7e (0x65a1) x11 0x00008000
core   0: 0x80000e80 (0x00008ee5) c.and   a3, s1
core   0: 3 0x80000e80 (0x8ee5) x13 0x00000000
core   0: 0x80000e82 (0xfef00d93) li      s11, -17
core   0: 3 0x80000e82 (0xfef00d93) x27 0xffffffef
core   0: 0x80000e86 (0xd78e6993) ori     s3, t3, -648
core   0: 3 0x80000e86 (0xd78e6993) x19 0xfffffffc
core   0: 0x80000e8a (0x00008c41) c.or    s0, s0
core   0: 3 0x80000e8a (0x8c41) x 8 0x0000063f
core   0: 0x80000e8c (0x00000001) c.nop
core   0: 3 0x80000e8c (0x0001)
core   0: 0x80000e8e (0x00001bed) c.addi  s7, -5
core   0: 3 0x80000e8e (0x1bed) x23 0xfffffff4
core   0: 0x80000e90 (0xffbbdee3) bge     s7, s11, pc - 4
core   0: 3 0x80000e90 (0xffbbdee3)
core   0: 0x80000e8c (0x00000001) c.nop
core   0: 3 0x80000e8c (0x0001)
core   0: 0x80000e8e (0x00001bed) c.addi  s7, -5
core   0: 3 0x80000e8e (0x1bed) x23 0xffffffef
core   0: 0x80000e90 (0xffbbdee3) bge     s7, s11, pc - 4
core   0: 3 0x80000e90 (0xffbbdee3)
core   0: 0x80000e8c (0x00000001) c.nop
core   0: 3 0x80000e8c (0x0001)
core   0: 0x80000e8e (0x00001bed) c.addi  s7, -5
core   0: 3 0x80000e8e (0x1bed) x23 0xffffffea
core   0: 0x80000e90 (0xffbbdee3) bge     s7, s11, pc - 4
core   0: 3 0x80000e90 (0xffbbdee3)
core   0: 0x80000e94 (0x01bf6f33) or      t5, t5, s11
core   0: 3 0x80000e94 (0x01bf6f33) x30 0xffffffef
core   0: 0x80000e98 (0x00008936) c.mv    s2, a3
core   0: 3 0x80000e98 (0x8936) x18 0x00000000
core   0: 0x80000e9a (0x01b15033) srl     zero, sp, s11
core   0: 3 0x80000e9a (0x01b15033)
core   0: 0x80000e9e (0x0042c433) xor     s0, t0, tp
core   0: 3 0x80000e9e (0x0042c433) x 8 0x00008f56
core   0: 0x80000ea2 (0x00db15b3) sll     a1, s6, a3
core   0: 3 0x80000ea2 (0x00db15b3) x11 0xfffffff6
core   0: 0x80000ea6 (0x03740233) mul     tp, s0, s7
core   0: 3 0x80000ea6 (0x03740233) x 4 0xfff3ae9c
core   0: 0x80000eaa (0xfbc61ae3) bne     a2, t3, pc - 76
core   0: 3 0x80000eaa (0xfbc61ae3)
core   0: 0x80000e5e (0x00000001) c.nop
core   0: 3 0x80000e5e (0x0001)
core   0: 0x80000e60 (0x40c753b3) sra     t2, a4, a2
core   0: 3 0x80000e60 (0x40c753b3) x 7 0x00000000
core   0: 0x80000e64 (0x00001675) c.addi  a2, -3
core   0: 3 0x80000e64 (0x1675) x12 0xfffffff7
core   0: 0x80000e66 (0x0ff0000f) fence   iorw,iorw
core   0: 3 0x80000e66 (0x0ff0000f)
core   0: 0x80000e6a (0xff900b93) li      s7, -7
core   0: 3 0x80000e6a (0xff900b93) x23 0xfffffff9
core   0: 0x80000e6e (0x0000835d) c.srli  a4, 23
core   0: 3 0x80000e6e (0x835d) x14 0x00000000
core   0: 0x80000e70 (0x015e3eb3) sltu    t4, t3, s5
core   0: 3 0x80000e70 (0x015e3eb3) x29 0x00000000
core   0: 0x80000e74 (0x00008c09) c.sub   s0, a0
core   0: 3 0x80000e74 (0x8c09) x 8 0x00008f56
core   0: 0x80000e76 (0x014c4933) xor     s2, s8, s4
core   0: 3 0x80000e76 (0x014c4933) x18 0x0ceefd51
core   0: 0x80000e7a (0x015d3eb3) sltu    t4, s10, s5
core   0: 3 0x80000e7a (0x015d3eb3) x29 0x00000000
core   0: 0x80000e7e (0x000065a1) c.lui   a1, 0x8
core   0: 3 0x80000e7e (0x65a1) x11 0x00008000
core   0: 0x80000e80 (0x00008ee5) c.and   a3, s1
core   0: 3 0x80000e80 (0x8ee5) x13 0x00000000
core   0: 0x80000e82 (0xfef00d93) li      s11, -17
core   0: 3 0x80000e82 (0xfef00d93) x27 0xffffffef
core   0: 0x80000e86 (0xd78e6993) ori     s3, t3, -648
core   0: 3 0x80000e86 (0xd78e6993) x19 0xfffffffc
core   0: 0x80000e8a (0x00008c41) c.or    s0, s0
core   0: 3 0x80000e8a (0x8c41) x 8 0x00008f56
core   0: 0x80000e8c (0x00000001) c.nop
core   0: 3 0x80000e8c (0x0001)
core   0: 0x80000e8e (0x00001bed) c.addi  s7, -5
core   0: 3 0x80000e8e (0x1bed) x23 0xfffffff4
core   0: 0x80000e90 (0xffbbdee3) bge     s7, s11, pc - 4
core   0: 3 0x80000e90 (0xffbbdee3)
core   0: 0x80000e8c (0x00000001) c.nop
core   0: 3 0x80000e8c (0x0001)
core   0: 0x80000e8e (0x00001bed) c.addi  s7, -5
core   0: 3 0x80000e8e (0x1bed) x23 0xffffffef
core   0: 0x80000e90 (0xffbbdee3) bge     s7, s11, pc - 4
core   0: 3 0x80000e90 (0xffbbdee3)
core   0: 0x80000e8c (0x00000001) c.nop
core   0: 3 0x80000e8c (0x0001)
core   0: 0x80000e8e (0x00001bed) c.addi  s7, -5
core   0: 3 0x80000e8e (0x1bed) x23 0xffffffea
core   0: 0x80000e90 (0xffbbdee3) bge     s7, s11, pc - 4
core   0: 3 0x80000e90 (0xffbbdee3)
core   0: 0x80000e94 (0x01bf6f33) or      t5, t5, s11
core   0: 3 0x80000e94 (0x01bf6f33) x30 0xffffffef
core   0: 0x80000e98 (0x00008936) c.mv    s2, a3
core   0: 3 0x80000e98 (0x8936) x18 0x00000000
core   0: 0x80000e9a (0x01b15033) srl     zero, sp, s11
core   0: 3 0x80000e9a (0x01b15033)
core   0: 0x80000e9e (0x0042c433) xor     s0, t0, tp
core   0: 3 0x80000e9e (0x0042c433) x 8 0x000c575c
core   0: 0x80000ea2 (0x00db15b3) sll     a1, s6, a3
core   0: 3 0x80000ea2 (0x00db15b3) x11 0xfffffff6
core   0: 0x80000ea6 (0x03740233) mul     tp, s0, s7
core   0: 3 0x80000ea6 (0x03740233) x 4 0xfef07e18
core   0: 0x80000eaa (0xfbc61ae3) bne     a2, t3, pc - 76
core   0: 3 0x80000eaa (0xfbc61ae3)
core   0: 0x80000e5e (0x00000001) c.nop
core   0: 3 0x80000e5e (0x0001)
core   0: 0x80000e60 (0x40c753b3) sra     t2, a4, a2
core   0: 3 0x80000e60 (0x40c753b3) x 7 0x00000000
core   0: 0x80000e64 (0x00001675) c.addi  a2, -3
core   0: 3 0x80000e64 (0x1675) x12 0xfffffff4
core   0: 0x80000e66 (0x0ff0000f) fence   iorw,iorw
core   0: 3 0x80000e66 (0x0ff0000f)
core   0: 0x80000e6a (0xff900b93) li      s7, -7
core   0: 3 0x80000e6a (0xff900b93) x23 0xfffffff9
core   0: 0x80000e6e (0x0000835d) c.srli  a4, 23
core   0: 3 0x80000e6e (0x835d) x14 0x00000000
core   0: 0x80000e70 (0x015e3eb3) sltu    t4, t3, s5
core   0: 3 0x80000e70 (0x015e3eb3) x29 0x00000000
core   0: 0x80000e74 (0x00008c09) c.sub   s0, a0
core   0: 3 0x80000e74 (0x8c09) x 8 0x000c575c
core   0: 0x80000e76 (0x014c4933) xor     s2, s8, s4
core   0: 3 0x80000e76 (0x014c4933) x18 0x0ceefd51
core   0: 0x80000e7a (0x015d3eb3) sltu    t4, s10, s5
core   0: 3 0x80000e7a (0x015d3eb3) x29 0x00000000
core   0: 0x80000e7e (0x000065a1) c.lui   a1, 0x8
core   0: 3 0x80000e7e (0x65a1) x11 0x00008000
core   0: 0x80000e80 (0x00008ee5) c.and   a3, s1
core   0: 3 0x80000e80 (0x8ee5) x13 0x00000000
core   0: 0x80000e82 (0xfef00d93) li      s11, -17
core   0: 3 0x80000e82 (0xfef00d93) x27 0xffffffef
core   0: 0x80000e86 (0xd78e6993) ori     s3, t3, -648
core   0: 3 0x80000e86 (0xd78e6993) x19 0xfffffffc
core   0: 0x80000e8a (0x00008c41) c.or    s0, s0
core   0: 3 0x80000e8a (0x8c41) x 8 0x000c575c
core   0: 0x80000e8c (0x00000001) c.nop
core   0: 3 0x80000e8c (0x0001)
core   0: 0x80000e8e (0x00001bed) c.addi  s7, -5
core   0: 3 0x80000e8e (0x1bed) x23 0xfffffff4
core   0: 0x80000e90 (0xffbbdee3) bge     s7, s11, pc - 4
core   0: 3 0x80000e90 (0xffbbdee3)
core   0: 0x80000e8c (0x00000001) c.nop
core   0: 3 0x80000e8c (0x0001)
core   0: 0x80000e8e (0x00001bed) c.addi  s7, -5
core   0: 3 0x80000e8e (0x1bed) x23 0xffffffef
core   0: 0x80000e90 (0xffbbdee3) bge     s7, s11, pc - 4
core   0: 3 0x80000e90 (0xffbbdee3)
core   0: 0x80000e8c (0x00000001) c.nop
core   0: 3 0x80000e8c (0x0001)
core   0: 0x80000e8e (0x00001bed) c.addi  s7, -5
core   0: 3 0x80000e8e (0x1bed) x23 0xffffffea
core   0: 0x80000e90 (0xffbbdee3) bge     s7, s11, pc - 4
core   0: 3 0x80000e90 (0xffbbdee3)
core   0: 0x80000e94 (0x01bf6f33) or      t5, t5, s11
core   0: 3 0x80000e94 (0x01bf6f33) x30 0xffffffef
core   0: 0x80000e98 (0x00008936) c.mv    s2, a3
core   0: 3 0x80000e98 (0x8936) x18 0x00000000
core   0: 0x80000e9a (0x01b15033) srl     zero, sp, s11
core   0: 3 0x80000e9a (0x01b15033)
core   0: 0x80000e9e (0x0042c433) xor     s0, t0, tp
core   0: 3 0x80000e9e (0x0042c433) x 8 0x010f87d8
core   0: 0x80000ea2 (0x00db15b3) sll     a1, s6, a3
core   0: 3 0x80000ea2 (0x00db15b3) x11 0xfffffff6
core   0: 0x80000ea6 (0x03740233) mul     tp, s0, s7
core   0: 3 0x80000ea6 (0x03740233) x 4 0xe8aa5370
core   0: 0x80000eaa (0xfbc61ae3) bne     a2, t3, pc - 76
core   0: 3 0x80000eaa (0xfbc61ae3)
core   0: 0x80000eae (0x01fe5c33) srl     s8, t3, t6
core   0: 3 0x80000eae (0x01fe5c33) x24 0xfffffff4
core   0: 0x80000eb2 (0x00a00613) li      a2, 10
core   0: 3 0x80000eb2 (0x00a00613) x12 0x0000000a
core   0: 0x80000eb6 (0x0066e533) or      a0, a3, t1
core   0: 3 0x80000eb6 (0x0066e533) x10 0xffffffff
core   0: 0x80000eba (0x00000001) c.nop
core   0: 3 0x80000eba (0x0001)
core   0: 0x80000ebc (0x0168e533) or      a0, a7, s6
core   0: 3 0x80000ebc (0x0168e533) x10 0xfffffff6
core   0: 0x80000ec0 (0x00c00893) li      a7, 12
core   0: 3 0x80000ec0 (0x00c00893) x17 0x0000000c
core   0: 0x80000ec4 (0x02dd15b3) mulh    a1, s10, a3
core   0: 3 0x80000ec4 (0x02dd15b3) x11 0x00000000
core   0: 0x80000ec8 (0x00000615) c.addi  a2, 5
core   0: 3 0x80000ec8 (0x0615) x12 0x0000000f
core   0: 0x80000eca (0x000006e6) c.slli  a3, 25
core   0: 3 0x80000eca (0x06e6) x13 0x00000000
core   0: 0x80000ecc (0xff700413) li      s0, -9
core   0: 3 0x80000ecc (0xff700413) x 8 0xfffffff7
core   0: 0x80000ed0 (0x00008f35) c.xor   a4, a3
core   0: 3 0x80000ed0 (0x8f35) x14 0x00000000
core   0: 0x80000ed2 (0x00000001) c.nop
core   0: 3 0x80000ed2 (0x0001)
core   0: 0x80000ed4 (0x02bdb2b3) mulhu   t0, s11, a1
core   0: 3 0x80000ed4 (0x02bdb2b3) x 5 0x00000000
core   0: 0x80000ed8 (0x00008f6d) c.and   a4, a1
core   0: 3 0x80000ed8 (0x8f6d) x14 0x00000000
core   0: 0x80000eda (0x00000001) c.nop
core   0: 3 0x80000eda (0x0001)
core   0: 0x80000edc (0x00000425) c.addi  s0, 9
core   0: 3 0x80000edc (0x0425) x 8 0x00000000
core   0: 0x80000ede (0x00008d31) c.xor   a0, a2
core   0: 3 0x80000ede (0x8d31) x10 0xfffffff9
core   0: 0x80000ee0 (0xed2c5937) lui     s2, 0xed2c5
core   0: 3 0x80000ee0 (0xed2c5937) x18 0xed2c5000
core   0: 0x80000ee4 (0x0000f875) c.bnez  s0, pc - 12
core   0: 3 0x80000ee4 (0xf875)
core   0: 0x80000ee6 (0x037ad2b3) divu    t0, s5, s7
core   0: 3 0x80000ee6 (0x037ad2b3) x 5 0x00000000
core   0: 0x80000eea (0x00008f69) c.and   a4, a0
core   0: 3 0x80000eea (0x8f69) x14 0x00000000
core   0: 0x80000eec (0xfd166ce3) bltu    a2, a7, pc - 40
core   0: 3 0x80000eec (0xfd166ce3)
core   0: 0x80000ef0 (0x0000100f) fence.i
core   0: 3 0x80000ef0 (0x0000100f)
core   0: 0x80000ef4 (0x00000693) li      a3, 0
core   0: 3 0x80000ef4 (0x00000693) x13 0x00000000
core   0: 0x80000ef8 (0x0ff0000f) fence   iorw,iorw
core   0: 3 0x80000ef8 (0x0ff0000f)
core   0: 0x80000efc (0x00800f93) li      t6, 8
core   0: 3 0x80000efc (0x00800f93) x31 0x00000008
core   0: 0x80000f00 (0x0397b5b3) mulhu   a1, a5, s9
core   0: 3 0x80000f00 (0x0397b5b3) x11 0x00000000
core   0: 0x80000f04 (0x0000967e) c.add   a2, t6
core   0: 3 0x80000f04 (0x967e) x12 0x00000017
core   0: 0x80000f06 (0x00000691) c.addi  a3, 4
core   0: 3 0x80000f06 (0x0691) x13 0x00000004
core   0: 0x80000f08 (0x03d6e733) rem     a4, a3, t4
core   0: 3 0x80000f08 (0x03d6e733) x14 0x00000004
core   0: 0x80000f0c (0xffc00493) li      s1, -4
core   0: 3 0x80000f0c (0xffc00493) x 9 0xfffffffc
core   0: 0x80000f10 (0x0000866a) c.mv    a2, s10
core   0: 3 0x80000f10 (0x866a) x12 0x80022e64
core   0: 0x80000f12 (0x00000001) c.nop
core   0: 3 0x80000f12 (0x0001)
core   0: 0x80000f14 (0x00008f4d) c.or    a4, a1
core   0: 3 0x80000f14 (0x8f4d) x14 0x00000004
core   0: 0x80000f16 (0x00008dd1) c.or    a1, a2
core   0: 3 0x80000f16 (0x8dd1) x11 0x80022e64
core   0: 0x80000f18 (0x00000485) c.addi  s1, 1
core   0: 3 0x80000f18 (0x0485) x 9 0xfffffffd
core   0: 0x80000f1a (0x032088b3) mul     a7, ra, s2
core   0: 3 0x80000f1a (0x032088b3) x17 0x12d3b000
core   0: 0x80000f1e (0x0000fce5) c.bnez  s1, pc - 8
core   0: 3 0x80000f1e (0xfce5)
core   0: 0x80000f16 (0x00008dd1) c.or    a1, a2
core   0: 3 0x80000f16 (0x8dd1) x11 0x80022e64
core   0: 0x80000f18 (0x00000485) c.addi  s1, 1
core   0: 3 0x80000f18 (0x0485) x 9 0xfffffffe
core   0: 0x80000f1a (0x032088b3) mul     a7, ra, s2
core   0: 3 0x80000f1a (0x032088b3) x17 0x12d3b000
core   0: 0x80000f1e (0x0000fce5) c.bnez  s1, pc - 8
core   0: 3 0x80000f1e (0xfce5)
core   0: 0x80000f16 (0x00008dd1) c.or    a1, a2
core   0: 3 0x80000f16 (0x8dd1) x11 0x80022e64
core   0: 0x80000f18 (0x00000485) c.addi  s1, 1
core   0: 3 0x80000f18 (0x0485) x 9 0xffffffff
core   0: 0x80000f1a (0x032088b3) mul     a7, ra, s2
core   0: 3 0x80000f1a (0x032088b3) x17 0x12d3b000
core   0: 0x80000f1e (0x0000fce5) c.bnez  s1, pc - 8
core   0: 3 0x80000f1e (0xfce5)
core   0: 0x80000f16 (0x00008dd1) c.or    a1, a2
core   0: 3 0x80000f16 (0x8dd1) x11 0x80022e64
core   0: 0x80000f18 (0x00000485) c.addi  s1, 1
core   0: 3 0x80000f18 (0x0485) x 9 0x00000000
core   0: 0x80000f1a (0x032088b3) mul     a7, ra, s2
core   0: 3 0x80000f1a (0x032088b3) x17 0x12d3b000
core   0: 0x80000f1e (0x0000fce5) c.bnez  s1, pc - 8
core   0: 3 0x80000f1e (0xfce5)
core   0: 0x80000f20 (0x63c4f813) andi    a6, s1, 1596
core   0: 3 0x80000f20 (0x63c4f813) x16 0x00000000
core   0: 0x80000f24 (0xfff6c0e3) blt     a3, t6, pc - 32
core   0: 3 0x80000f24 (0xfff6c0e3)
core   0: 0x80000f04 (0x0000967e) c.add   a2, t6
core   0: 3 0x80000f04 (0x967e) x12 0x80022e6c
core   0: 0x80000f06 (0x00000691) c.addi  a3, 4
core   0: 3 0x80000f06 (0x0691) x13 0x00000008
core   0: 0x80000f08 (0x03d6e733) rem     a4, a3, t4
core   0: 3 0x80000f08 (0x03d6e733) x14 0x00000008
core   0: 0x80000f0c (0xffc00493) li      s1, -4
core   0: 3 0x80000f0c (0xffc00493) x 9 0xfffffffc
core   0: 0x80000f10 (0x0000866a) c.mv    a2, s10
core   0: 3 0x80000f10 (0x866a) x12 0x80022e64
core   0: 0x80000f12 (0x00000001) c.nop
core   0: 3 0x80000f12 (0x0001)
core   0: 0x80000f14 (0x00008f4d) c.or    a4, a1
core   0: 3 0x80000f14 (0x8f4d) x14 0x80022e6c
core   0: 0x80000f16 (0x00008dd1) c.or    a1, a2
core   0: 3 0x80000f16 (0x8dd1) x11 0x80022e64
core   0: 0x80000f18 (0x00000485) c.addi  s1, 1
core   0: 3 0x80000f18 (0x0485) x 9 0xfffffffd
core   0: 0x80000f1a (0x032088b3) mul     a7, ra, s2
core   0: 3 0x80000f1a (0x032088b3) x17 0x12d3b000
core   0: 0x80000f1e (0x0000fce5) c.bnez  s1, pc - 8
core   0: 3 0x80000f1e (0xfce5)
core   0: 0x80000f16 (0x00008dd1) c.or    a1, a2
core   0: 3 0x80000f16 (0x8dd1) x11 0x80022e64
core   0: 0x80000f18 (0x00000485) c.addi  s1, 1
core   0: 3 0x80000f18 (0x0485) x 9 0xfffffffe
core   0: 0x80000f1a (0x032088b3) mul     a7, ra, s2
core   0: 3 0x80000f1a (0x032088b3) x17 0x12d3b000
core   0: 0x80000f1e (0x0000fce5) c.bnez  s1, pc - 8
core   0: 3 0x80000f1e (0xfce5)
core   0: 0x80000f16 (0x00008dd1) c.or    a1, a2
core   0: 3 0x80000f16 (0x8dd1) x11 0x80022e64
core   0: 0x80000f18 (0x00000485) c.addi  s1, 1
core   0: 3 0x80000f18 (0x0485) x 9 0xffffffff
core   0: 0x80000f1a (0x032088b3) mul     a7, ra, s2
core   0: 3 0x80000f1a (0x032088b3) x17 0x12d3b000
core   0: 0x80000f1e (0x0000fce5) c.bnez  s1, pc - 8
core   0: 3 0x80000f1e (0xfce5)
core   0: 0x80000f16 (0x00008dd1) c.or    a1, a2
core   0: 3 0x80000f16 (0x8dd1) x11 0x80022e64
core   0: 0x80000f18 (0x00000485) c.addi  s1, 1
core   0: 3 0x80000f18 (0x0485) x 9 0x00000000
core   0: 0x80000f1a (0x032088b3) mul     a7, ra, s2
core   0: 3 0x80000f1a (0x032088b3) x17 0x12d3b000
core   0: 0x80000f1e (0x0000fce5) c.bnez  s1, pc - 8
core   0: 3 0x80000f1e (0xfce5)
core   0: 0x80000f20 (0x63c4f813) andi    a6, s1, 1596
core   0: 3 0x80000f20 (0x63c4f813) x16 0x00000000
core   0: 0x80000f24 (0xfff6c0e3) blt     a3, t6, pc - 32
core   0: 3 0x80000f24 (0xfff6c0e3)
core   0: 0x80000f28 (0x8101be13) sltiu   t3, gp, -2032
core   0: 3 0x80000f28 (0x8101be13) x28 0x00000000
core   0: 0x80000f2c (0x00a00413) li      s0, 10
core   0: 3 0x80000f2c (0x00a00413) x 8 0x0000000a
core   0: 0x80000f30 (0x000050fd) c.li    ra, -1
core   0: 3 0x80000f30 (0x50fd) x 1 0xffffffff
core   0: 0x80000f32 (0x0ff0000f) fence   iorw,iorw
core   0: 3 0x80000f32 (0x0ff0000f)
core   0: 0x80000f36 (0x40155833) sra     a6, a0, ra
core   0: 3 0x80000f36 (0x40155833) x16 0xffffffff
core   0: 0x80000f3a (0x00005bfd) c.li    s7, -1
core   0: 3 0x80000f3a (0x5bfd) x23 0xffffffff
core   0: 0x80000f3c (0x00a00713) li      a4, 10
core   0: 3 0x80000f3c (0x00a00713) x14 0x0000000a
core   0: 0x80000f40 (0x000063e5) c.lui   t2, 0x19
core   0: 3 0x80000f40 (0x63e5) x 7 0x00019000
core   0: 0x80000f42 (0x00775013) srli    zero, a4, 7
core   0: 3 0x80000f42 (0x00775013)
core   0: 0x80000f46 (0x024b7933) remu    s2, s6, tp
core   0: 3 0x80000f46 (0x024b7933) x18 0x1755ac86
core   0: 0x80000f4a (0x00008169) c.srli  a0, 26
core   0: 3 0x80000f4a (0x8169) x10 0x0000003f
core   0: 0x80000f4c (0x0142afb3) slt     t6, t0, s4
core   0: 3 0x80000f4c (0x0142afb3) x31 0x00000001
core   0: 0x80000f50 (0x0000145d) c.addi  s0, -9
core   0: 3 0x80000f50 (0x145d) x 8 0x00000001
core   0: 0x80000f52 (0x01f120b3) slt     ra, sp, t6
core   0: 3 0x80000f52 (0x01f120b3) x 1 0x00000001
core   0: 0x80000f56 (0x4041d313) srai    t1, gp, 4
core   0: 3 0x80000f56 (0x4041d313) x 6 0xffffff9c
core   0: 0x80000f5a (0x027cc933) div     s2, s9, t2
core   0: 3 0x80000f5a (0x027cc933) x18 0x00000000
core   0: 0x80000f5e (0x028df533) remu    a0, s11, s0
core   0: 3 0x80000f5e (0x028df533) x10 0x00000000
core   0: 0x80000f62 (0x02ef5e33) divu    t3, t5, a4
core   0: 3 0x80000f62 (0x02ef5e33) x28 0x19999997
core   0: 0x80000f66 (0x01d7bf33) sltu    t5, a5, t4
core   0: 3 0x80000f66 (0x01d7bf33) x30 0x00000000
core   0: 0x80000f6a (0xffa00e93) li      t4, -6
core   0: 3 0x80000f6a (0xffa00e93) x29 0xfffffffa
core   0: 0x80000f6e (0x005e9fb3) sll     t6, t4, t0
core   0: 3 0x80000f6e (0x005e9fb3) x31 0xfffffffa
core   0: 0x80000f72 (0x00000001) c.nop
core   0: 3 0x80000f72 (0x0001)
core   0: 0x80000f74 (0x00900c93) li      s9, 9
core   0: 3 0x80000f74 (0x00900c93) x25 0x00000009
core   0: 0x80000f78 (0x027473b3) remu    t2, s0, t2
core   0: 3 0x80000f78 (0x027473b3) x 7 0x00000001
core   0: 0x80000f7c (0x00008916) c.mv    s2, t0
core   0: 3 0x80000f7c (0x8916) x18 0x00000000
core   0: 0x80000f7e (0x8dc0c597) auipc   a1, 0x8dc0c
core   0: 3 0x80000f7e (0x8dc0c597) x11 0x0dc0cf7e
core   0: 0x80000f82 (0x00b4b1b3) sltu    gp, s1, a1
core   0: 3 0x80000f82 (0x00b4b1b3) x 3 0x00000001
core   0: 0x80000f86 (0x405d5513) srai    a0, s10, 5
core   0: 3 0x80000f86 (0x405d5513) x10 0xfc001173
core   0: 0x80000f8a (0x00000e8d) c.addi  t4, 3
core   0: 3 0x80000f8a (0x0e8d) x29 0xfffffffd
core   0: 0x80000f8c (0x01bac2b3) xor     t0, s5, s11
core   0: 3 0x80000f8c (0x01bac2b3) x 5 0xffffffff
core   0: 0x80000f90 (0xff9ec9e3) blt     t4, s9, pc - 14
core   0: 3 0x80000f90 (0xff9ec9e3)
core   0: 0x80000f82 (0x00b4b1b3) sltu    gp, s1, a1
core   0: 3 0x80000f82 (0x00b4b1b3) x 3 0x00000001
core   0: 0x80000f86 (0x405d5513) srai    a0, s10, 5
core   0: 3 0x80000f86 (0x405d5513) x10 0xfc001173
core   0: 0x80000f8a (0x00000e8d) c.addi  t4, 3
core   0: 3 0x80000f8a (0x0e8d) x29 0x00000000
core   0: 0x80000f8c (0x01bac2b3) xor     t0, s5, s11
core   0: 3 0x80000f8c (0x01bac2b3) x 5 0xffffffff
core   0: 0x80000f90 (0xff9ec9e3) blt     t4, s9, pc - 14
core   0: 3 0x80000f90 (0xff9ec9e3)
core   0: 0x80000f82 (0x00b4b1b3) sltu    gp, s1, a1
core   0: 3 0x80000f82 (0x00b4b1b3) x 3 0x00000001
core   0: 0x80000f86 (0x405d5513) srai    a0, s10, 5
core   0: 3 0x80000f86 (0x405d5513) x10 0xfc001173
core   0: 0x80000f8a (0x00000e8d) c.addi  t4, 3
core   0: 3 0x80000f8a (0x0e8d) x29 0x00000003
core   0: 0x80000f8c (0x01bac2b3) xor     t0, s5, s11
core   0: 3 0x80000f8c (0x01bac2b3) x 5 0xffffffff
core   0: 0x80000f90 (0xff9ec9e3) blt     t4, s9, pc - 14
core   0: 3 0x80000f90 (0xff9ec9e3)
core   0: 0x80000f82 (0x00b4b1b3) sltu    gp, s1, a1
core   0: 3 0x80000f82 (0x00b4b1b3) x 3 0x00000001
core   0: 0x80000f86 (0x405d5513) srai    a0, s10, 5
core   0: 3 0x80000f86 (0x405d5513) x10 0xfc001173
core   0: 0x80000f8a (0x00000e8d) c.addi  t4, 3
core   0: 3 0x80000f8a (0x0e8d) x29 0x00000006
core   0: 0x80000f8c (0x01bac2b3) xor     t0, s5, s11
core   0: 3 0x80000f8c (0x01bac2b3) x 5 0xffffffff
core   0: 0x80000f90 (0xff9ec9e3) blt     t4, s9, pc - 14
core   0: 3 0x80000f90 (0xff9ec9e3)
core   0: 0x80000f82 (0x00b4b1b3) sltu    gp, s1, a1
core   0: 3 0x80000f82 (0x00b4b1b3) x 3 0x00000001
core   0: 0x80000f86 (0x405d5513) srai    a0, s10, 5
core   0: 3 0x80000f86 (0x405d5513) x10 0xfc001173
core   0: 0x80000f8a (0x00000e8d) c.addi  t4, 3
core   0: 3 0x80000f8a (0x0e8d) x29 0x00000009
core   0: 0x80000f8c (0x01bac2b3) xor     t0, s5, s11
core   0: 3 0x80000f8c (0x01bac2b3) x 5 0xffffffff
core   0: 0x80000f90 (0xff9ec9e3) blt     t4, s9, pc - 14
core   0: 3 0x80000f90 (0xff9ec9e3)
core   0: 0x80000f94 (0xfae476e3) bgeu    s0, a4, pc - 84
core   0: 3 0x80000f94 (0xfae476e3)
core   0: 0x80000f98 (0x00000001) c.nop
core   0: 3 0x80000f98 (0x0001)
core   0: 0x80000f9a (0x00a00593) li      a1, 10
core   0: 3 0x80000f9a (0x00a00593) x11 0x0000000a
core   0: 0x80000f9e (0x00900613) li      a2, 9
core   0: 3 0x80000f9e (0x00900613) x12 0x00000009
core   0: 0x80000fa2 (0x881e5db7) lui     s11, 0x881e5
core   0: 3 0x80000fa2 (0x881e5db7) x27 0x881e5000
core   0: 0x80000fa6 (0x000015f9) c.addi  a1, -2
core   0: 3 0x80000fa6 (0x15f9) x11 0x00000008
core   0: 0x80000fa8 (0x00500193) li      gp, 5
core   0: 3 0x80000fa8 (0x00500193) x 3 0x00000005
core   0: 0x80000fac (0x00000001) c.nop
core   0: 3 0x80000fac (0x0001)
core   0: 0x80000fae (0x00400913) li      s2, 4
core   0: 3 0x80000fae (0x00400913) x18 0x00000004
core   0: 0x80000fb2 (0x9d09bc13) sltiu   s8, s3, -1584
core   0: 3 0x80000fb2 (0x9d09bc13) x24 0x00000000
core   0: 0x80000fb6 (0x000011f5) c.addi  gp, -3
core   0: 3 0x80000fb6 (0x11f5) x 3 0x00000002
core   0: 0x80000fb8 (0xff21fde3) bgeu    gp, s2, pc - 6
core   0: 3 0x80000fb8 (0xff21fde3)
core   0: 0x80000fbc (0xfec5f3e3) bgeu    a1, a2, pc - 26
core   0: 3 0x80000fbc (0xfec5f3e3)
core   0: 0x80000fc0 (0x00db9293) slli    t0, s7, 13
core   0: 3 0x80000fc0 (0x00db9293) x 5 0xffffe000
core   0: 0x80000fc4 (0xff900593) li      a1, -7
core   0: 3 0x80000fc4 (0xff900593) x11 0xfffffff9
core   0: 0x80000fc8 (0x01100393) li      t2, 17
core   0: 3 0x80000fc8 (0x01100393) x 7 0x00000011
core   0: 0x80000fcc (0x40c25eb3) sra     t4, tp, a2
core   0: 3 0x80000fcc (0x40c25eb3) x29 0xfff45529
core   0: 0x80000fd0 (0x00008cdd) c.or    s1, a5
core   0: 3 0x80000fd0 (0x8cdd) x 9 0x00000000
core   0: 0x80000fd2 (0xb364ce93) xori    t4, s1, -1226
core   0: 3 0x80000fd2 (0xb364ce93) x29 0xfffffb36
core   0: 0x80000fd6 (0x00000fea) c.slli  t6, 26
core   0: 3 0x80000fd6 (0x0fea) x31 0xe8000000
core   0: 0x80000fd8 (0x0000058d) c.addi  a1, 3
core   0: 3 0x80000fd8 (0x058d) x11 0xfffffffc
core   0: 0x80000fda (0x0252f9b3) remu    s3, t0, t0
core   0: 3 0x80000fda (0x0252f9b3) x19 0x00000000
core   0: 0x80000fde (0xe710e993) ori     s3, ra, -399
core   0: 3 0x80000fde (0xe710e993) x19 0xfffffe71
core   0: 0x80000fe2 (0x00000001) c.nop
core   0: 3 0x80000fe2 (0x0001)
core   0: 0x80000fe4 (0x01ef9713) slli    a4, t6, 30
core   0: 3 0x80000fe4 (0x01ef9713) x14 0x00000000
core   0: 0x80000fe8 (0xb527fe13) andi    t3, a5, -1198
core   0: 3 0x80000fe8 (0xb527fe13) x28 0x00000000
core   0: 0x80000fec (0x24fbee93) ori     t4, s7, 591
core   0: 3 0x80000fec (0x24fbee93) x29 0xffffffff
core   0: 0x80000ff0 (0x00a00b93) li      s7, 10
core   0: 3 0x80000ff0 (0x00a00b93) x23 0x0000000a
core   0: 0x80000ff4 (0x00000001) c.nop
core   0: 3 0x80000ff4 (0x0001)
core   0: 0x80000ff6 (0x00d00c13) li      s8, 13
core   0: 3 0x80000ff6 (0x00d00c13) x24 0x0000000d
core   0: 0x80000ffa (0x00008d69) c.and   a0, a0
core   0: 3 0x80000ffa (0x8d69) x10 0xfc001173
core   0: 0x80000ffc (0x000002aa) c.slli  t0, 10
core   0: 3 0x80000ffc (0x02aa) x 5 0xff800000
core   0: 0x80000ffe (0x00000a8d) c.addi  s5, 3
core   0: 3 0x80000ffe (0x0a8d) x21 0x00000013
core   0: 0x80001000 (0x0ff0000f) fence   iorw,iorw
core   0: 3 0x80001000 (0x0ff0000f)
core   0: 0x80001004 (0x00000ba9) c.addi  s7, 10
core   0: 3 0x80001004 (0x0ba9) x23 0x00000014
core   0: 0x80001006 (0x03812733) mulhsu  a4, sp, s8
core   0: 3 0x80001006 (0x03812733) x14 0xfffffff9
core   0: 0x8000100a (0x0199efb3) or      t6, s3, s9
core   0: 3 0x8000100a (0x0199efb3) x31 0xfffffe79
core   0: 0x8000100e (0xff8be8e3) bltu    s7, s8, pc - 16
core   0: 3 0x8000100e (0xff8be8e3)
core   0: 0x80001012 (0x414184b3) sub     s1, gp, s4
core   0: 3 0x80001012 (0x414184b3) x 9 0xf31102b0
core   0: 0x80001016 (0x03a9c9b3) div     s3, s3, s10
core   0: 3 0x80001016 (0x03a9c9b3) x19 0x00000000
core   0: 0x8000101a (0x005acab3) xor     s5, s5, t0
core   0: 3 0x8000101a (0x005acab3) x21 0xff800013
core   0: 0x8000101e (0x000014fd) c.addi  s1, -1
core   0: 3 0x8000101e (0x14fd) x 9 0xf31102af
core   0: 0x80001020 (0x03ecc533) div     a0, s9, t5
core   0: 3 0x80001020 (0x03ecc533) x10 0xffffffff
core   0: 0x80001024 (0x00000305) c.addi  t1, 1
core   0: 3 0x80001024 (0x0305) x 6 0xffffff9d
core   0: 0x80001026 (0x032dcdb3) div     s11, s11, s2
core   0: 3 0x80001026 (0x032dcdb3) x27 0xe2079400
core   0: 0x8000102a (0x023491b3) mulh    gp, s1, gp
core   0: 3 0x8000102a (0x023491b3) x 3 0xffffffff
core   0: 0x8000102e (0xfa75e1e3) bltu    a1, t2, pc - 94
core   0: 3 0x8000102e (0xfa75e1e3)
core   0: 0x80001032 (0xfffea093) slti    ra, t4, -1
core   0: 3 0x80001032 (0xfffea093) x 1 0x00000000
core   0: 0x80001036 (0xffa00613) li      a2, -6
core   0: 3 0x80001036 (0xffa00613) x12 0xfffffffa
core   0: 0x8000103a (0x0ff0000f) fence   iorw,iorw
core   0: 3 0x8000103a (0x0ff0000f)
core   0: 0x8000103e (0x00000001) c.nop
core   0: 3 0x8000103e (0x0001)
core   0: 0x80001040 (0x40985233) sra     tp, a6, s1
core   0: 3 0x80001040 (0x40985233) x 4 0xffffffff
core   0: 0x80001044 (0x02afe533) rem     a0, t6, a0
core   0: 3 0x80001044 (0x02afe533) x10 0x00000000
core   0: 0x80001048 (0x00000605) c.addi  a2, 1
core   0: 3 0x80001048 (0x0605) x12 0xfffffffb
core   0: 0x8000104a (0x02a59533) mulh    a0, a1, a0
core   0: 3 0x8000104a (0x02a59533) x10 0x00000000
core   0: 0x8000104e (0x0000da7d) c.beqz  a2, pc - 10
core   0: 3 0x8000104e (0xda7d)
core   0: 0x80001050 (0x00004c7d) c.li    s8, 31
core   0: 3 0x80001050 (0x4c7d) x24 0x0000001f
core   0: 0x80001052 (0x00a00e93) li      t4, 10
core   0: 3 0x80001052 (0x00a00e93) x29 0x0000000a
core   0: 0x80001056 (0x40fedcb3) sra     s9, t4, a5
core   0: 3 0x80001056 (0x40fedcb3) x25 0x0000000a
core   0: 0x8000105a (0x000016fd) c.addi  a3, -1
core   0: 3 0x8000105a (0x16fd) x13 0x00000007
core   0: 0x8000105c (0x409289b3) sub     s3, t0, s1
core   0: 3 0x8000105c (0x409289b3) x19 0x0c6efd51
core   0: 0x80001060 (0x002bd733) srl     a4, s7, sp
core   0: 3 0x80001060 (0x002bd733) x14 0x00000001
core   0: 0x80001064 (0x015165b3) or      a1, sp, s5
core   0: 3 0x80001064 (0x015165b3) x11 0xff826cf7
core   0: 0x80001068 (0x0ff0000f) fence   iorw,iorw
core   0: 3 0x80001068 (0x0ff0000f)
core   0: 0x8000106c (0x01100313) li      t1, 17
core   0: 3 0x8000106c (0x01100313) x 6 0x00000011
core   0: 0x80001070 (0x01def933) and     s2, t4, t4
core   0: 3 0x80001070 (0x01def933) x18 0x0000000a
core   0: 0x80001074 (0x0000167d) c.addi  a2, -1
core   0: 3 0x80001074 (0x167d) x12 0xfffffffa
core   0: 0x80001076 (0x00009a7d) c.andi  a2, -1
core   0: 3 0x80001076 (0x9a7d) x12 0xfffffffa
core   0: 0x80001078 (0x01b1a3b3) slt     t2, gp, s11
core   0: 3 0x80001078 (0x01b1a3b3) x 7 0x00000000
core   0: 0x8000107c (0xa701fb13) andi    s6, gp, -1424
core   0: 3 0x8000107c (0xa701fb13) x22 0xfffffa70
core   0: 0x80001080 (0x00000e85) c.addi  t4, 1
core   0: 3 0x80001080 (0x0e85) x29 0x0000000b
core   0: 0x80001082 (0xbeec3593) sltiu   a1, s8, -1042
core   0: 3 0x80001082 (0xbeec3593) x11 0x00000001
core   0: 0x80001086 (0x00745233) srl     tp, s0, t2
core   0: 3 0x80001086 (0x00745233) x 4 0x00000001
core   0: 0x8000108a (0x0359a6b3) mulhsu  a3, s3, s5
core   0: 3 0x8000108a (0x0359a6b3) x13 0x0c68c5d3
core   0: 0x8000108e (0x00008ef9) c.and   a3, a4
core   0: 3 0x8000108e (0x8ef9) x13 0x00000001
core   0: 0x80001090 (0xfe6e83e3) beq     t4, t1, pc - 26
core   0: 3 0x80001090 (0xfe6e83e3)
core   0: 0x80001094 (0x97afeb93) ori     s7, t6, -1670
core   0: 3 0x80001094 (0x97afeb93) x23 0xffffff7b
core   0: 0x80001098 (0x00700613) li      a2, 7
core   0: 3 0x80001098 (0x00700613) x12 0x00000007
core   0: 0x8000109c (0xffb00f13) li      t5, -5
core   0: 3 0x8000109c (0xffb00f13) x30 0xfffffffb
core   0: 0x800010a0 (0x005539b3) sltu    s3, a0, t0
core   0: 3 0x800010a0 (0x005539b3) x19 0x00000001
core   0: 0x800010a4 (0x00001671) c.addi  a2, -4
core   0: 3 0x800010a4 (0x1671) x12 0x00000003
core   0: 0x800010a6 (0x00100e93) li      t4, 1
core   0: 3 0x800010a6 (0x00100e93) x29 0x00000001
core   0: 0x800010aa (0xff400d93) li      s11, -12
core   0: 3 0x800010aa (0xff400d93) x27 0xfffffff4
core   0: 0x800010ae (0x00008912) c.mv    s2, tp
core   0: 3 0x800010ae (0x8912) x18 0x00000001
core   0: 0x800010b0 (0x00001eed) c.addi  t4, -5
core   0: 3 0x800010b0 (0x1eed) x29 0xfffffffc
core   0: 0x800010b2 (0xffbedee3) bge     t4, s11, pc - 4
core   0: 3 0x800010b2 (0xffbedee3)
core   0: 0x800010ae (0x00008912) c.mv    s2, tp
core   0: 3 0x800010ae (0x8912) x18 0x00000001
core   0: 0x800010b0 (0x00001eed) c.addi  t4, -5
core   0: 3 0x800010b0 (0x1eed) x29 0xfffffff7
core   0: 0x800010b2 (0xffbedee3) bge     t4, s11, pc - 4
core   0: 3 0x800010b2 (0xffbedee3)
core   0: 0x800010ae (0x00008912) c.mv    s2, tp
core   0: 3 0x800010ae (0x8912) x18 0x00000001
core   0: 0x800010b0 (0x00001eed) c.addi  t4, -5
core   0: 3 0x800010b0 (0x1eed) x29 0xfffffff2
core   0: 0x800010b2 (0xffbedee3) bge     t4, s11, pc - 4
core   0: 3 0x800010b2 (0xffbedee3)
core   0: 0x800010b6 (0xffe615e3) bne     a2, t5, pc - 22
core   0: 3 0x800010b6 (0xffe615e3)
core   0: 0x800010a0 (0x005539b3) sltu    s3, a0, t0
core   0: 3 0x800010a0 (0x005539b3) x19 0x00000001
core   0: 0x800010a4 (0x00001671) c.addi  a2, -4
core   0: 3 0x800010a4 (0x1671) x12 0xffffffff
core   0: 0x800010a6 (0x00100e93) li      t4, 1
core   0: 3 0x800010a6 (0x00100e93) x29 0x00000001
core   0: 0x800010aa (0xff400d93) li      s11, -12
core   0: 3 0x800010aa (0xff400d93) x27 0xfffffff4
core   0: 0x800010ae (0x00008912) c.mv    s2, tp
core   0: 3 0x800010ae (0x8912) x18 0x00000001
core   0: 0x800010b0 (0x00001eed) c.addi  t4, -5
core   0: 3 0x800010b0 (0x1eed) x29 0xfffffffc
core   0: 0x800010b2 (0xffbedee3) bge     t4, s11, pc - 4
core   0: 3 0x800010b2 (0xffbedee3)
core   0: 0x800010ae (0x00008912) c.mv    s2, tp
core   0: 3 0x800010ae (0x8912) x18 0x00000001
core   0: 0x800010b0 (0x00001eed) c.addi  t4, -5
core   0: 3 0x800010b0 (0x1eed) x29 0xfffffff7
core   0: 0x800010b2 (0xffbedee3) bge     t4, s11, pc - 4
core   0: 3 0x800010b2 (0xffbedee3)
core   0: 0x800010ae (0x00008912) c.mv    s2, tp
core   0: 3 0x800010ae (0x8912) x18 0x00000001
core   0: 0x800010b0 (0x00001eed) c.addi  t4, -5
core   0: 3 0x800010b0 (0x1eed) x29 0xfffffff2
core   0: 0x800010b2 (0xffbedee3) bge     t4, s11, pc - 4
core   0: 3 0x800010b2 (0xffbedee3)
core   0: 0x800010b6 (0xffe615e3) bne     a2, t5, pc - 22
core   0: 3 0x800010b6 (0xffe615e3)
core   0: 0x800010a0 (0x005539b3) sltu    s3, a0, t0
core   0: 3 0x800010a0 (0x005539b3) x19 0x00000001
core   0: 0x800010a4 (0x00001671) c.addi  a2, -4
core   0: 3 0x800010a4 (0x1671) x12 0xfffffffb
core   0: 0x800010a6 (0x00100e93) li      t4, 1
core   0: 3 0x800010a6 (0x00100e93) x29 0x00000001
core   0: 0x800010aa (0xff400d93) li      s11, -12
core   0: 3 0x800010aa (0xff400d93) x27 0xfffffff4
core   0: 0x800010ae (0x00008912) c.mv    s2, tp
core   0: 3 0x800010ae (0x8912) x18 0x00000001
core   0: 0x800010b0 (0x00001eed) c.addi  t4, -5
core   0: 3 0x800010b0 (0x1eed) x29 0xfffffffc
core   0: 0x800010b2 (0xffbedee3) bge     t4, s11, pc - 4
core   0: 3 0x800010b2 (0xffbedee3)
core   0: 0x800010ae (0x00008912) c.mv    s2, tp
core   0: 3 0x800010ae (0x8912) x18 0x00000001
core   0: 0x800010b0 (0x00001eed) c.addi  t4, -5
core   0: 3 0x800010b0 (0x1eed) x29 0xfffffff7
core   0: 0x800010b2 (0xffbedee3) bge     t4, s11, pc - 4
core   0: 3 0x800010b2 (0xffbedee3)
core   0: 0x800010ae (0x00008912) c.mv    s2, tp
core   0: 3 0x800010ae (0x8912) x18 0x00000001
core   0: 0x800010b0 (0x00001eed) c.addi  t4, -5
core   0: 3 0x800010b0 (0x1eed) x29 0xfffffff2
core   0: 0x800010b2 (0xffbedee3) bge     t4, s11, pc - 4
core   0: 3 0x800010b2 (0xffbedee3)
core   0: 0x800010b6 (0xffe615e3) bne     a2, t5, pc - 22
core   0: 3 0x800010b6 (0xffe615e3)
core   0: 0x800010ba (0x00008811) c.andi  s0, 4
core   0: 3 0x800010ba (0x8811) x 8 0x00000000
core   0: 0x800010bc (0x00000713) li      a4, 0
core   0: 3 0x800010bc (0x00000713) x14 0x00000000
core   0: 0x800010c0 (0x00008515) c.srai  a0, 5
core   0: 3 0x800010c0 (0x8515) x10 0x00000000
core   0: 0x800010c2 (0x01400a93) li      s5, 20
core   0: 3 0x800010c2 (0x01400a93) x21 0x00000014
core   0: 0x800010c6 (0x030e53b3) divu    t2, t3, a6
core   0: 3 0x800010c6 (0x030e53b3) x 7 0x00000000
core   0: 0x800010ca (0x00000711) c.addi  a4, 4
core   0: 3 0x800010ca (0x0711) x14 0x00000004
core   0: 0x800010cc (0x00008189) c.srli  a1, 2
core   0: 3 0x800010cc (0x8189) x11 0x00000000
core   0: 0x800010ce (0xff571ce3) bne     a4, s5, pc - 8
core   0: 3 0x800010ce (0xff571ce3)
core   0: 0x800010c6 (0x030e53b3) divu    t2, t3, a6
core   0: 3 0x800010c6 (0x030e53b3) x 7 0x00000000
core   0: 0x800010ca (0x00000711) c.addi  a4, 4
core   0: 3 0x800010ca (0x0711) x14 0x00000008
core   0: 0x800010cc (0x00008189) c.srli  a1, 2
core   0: 3 0x800010cc (0x8189) x11 0x00000000
core   0: 0x800010ce (0xff571ce3) bne     a4, s5, pc - 8
core   0: 3 0x800010ce (0xff571ce3)
core   0: 0x800010c6 (0x030e53b3) divu    t2, t3, a6
core   0: 3 0x800010c6 (0x030e53b3) x 7 0x00000000
core   0: 0x800010ca (0x00000711) c.addi  a4, 4
core   0: 3 0x800010ca (0x0711) x14 0x0000000c
core   0: 0x800010cc (0x00008189) c.srli  a1, 2
core   0: 3 0x800010cc (0x8189) x11 0x00000000
core   0: 0x800010ce (0xff571ce3) bne     a4, s5, pc - 8
core   0: 3 0x800010ce (0xff571ce3)
core   0: 0x800010c6 (0x030e53b3) divu    t2, t3, a6
core   0: 3 0x800010c6 (0x030e53b3) x 7 0x00000000
core   0: 0x800010ca (0x00000711) c.addi  a4, 4
core   0: 3 0x800010ca (0x0711) x14 0x00000010
core   0: 0x800010cc (0x00008189) c.srli  a1, 2
core   0: 3 0x800010cc (0x8189) x11 0x00000000
core   0: 0x800010ce (0xff571ce3) bne     a4, s5, pc - 8
core   0: 3 0x800010ce (0xff571ce3)
core   0: 0x800010c6 (0x030e53b3) divu    t2, t3, a6
core   0: 3 0x800010c6 (0x030e53b3) x 7 0x00000000
core   0: 0x800010ca (0x00000711) c.addi  a4, 4
core   0: 3 0x800010ca (0x0711) x14 0x00000014
core   0: 0x800010cc (0x00008189) c.srli  a1, 2
core   0: 3 0x800010cc (0x8189) x11 0x00000000
core   0: 0x800010ce (0xff571ce3) bne     a4, s5, pc - 8
core   0: 3 0x800010ce (0xff571ce3)
core   0: 0x800010d2 (0x0027ceb3) xor     t4, a5, sp
core   0: 3 0x800010d2 (0x0027ceb3) x29 0x80026ce4
core   0: 0x800010d6 (0x00a00613) li      a2, 10
core   0: 3 0x800010d6 (0x00a00613) x12 0x0000000a
core   0: 0x800010da (0x0000100f) fence.i
core   0: 3 0x800010da (0x0000100f)
core   0: 0x800010de (0x408dda13) srai    s4, s11, 8
core   0: 3 0x800010de (0x408dda13) x20 0xffffffff
core   0: 0x800010e2 (0x00008c2d) c.xor   s0, a1
core   0: 3 0x800010e2 (0x8c2d) x 8 0x00000000
core   0: 0x800010e4 (0x038d29b3) mulhsu  s3, s10, s8
core   0: 3 0x800010e4 (0x038d29b3) x19 0xfffffff0
core   0: 0x800010e8 (0x00fa0c33) add     s8, s4, a5
core   0: 3 0x800010e8 (0x00fa0c33) x24 0xffffffff
core   0: 0x800010ec (0xec4dd697) auipc   a3, 0xec4dd
core   0: 3 0x800010ec (0xec4dd697) x13 0x6c4de0ec
core   0: 0x800010f0 (0x03cab533) mulhu   a0, s5, t3
core   0: 3 0x800010f0 (0x03cab533) x10 0x00000000
core   0: 0x800010f4 (0x00008d99) c.sub   a1, a4
core   0: 3 0x800010f4 (0x8d99) x11 0xffffffec
core   0: 0x800010f6 (0x00b4adb3) slt     s11, s1, a1
core   0: 3 0x800010f6 (0x00b4adb3) x27 0x00000001
core   0: 0x800010fa (0x467e7c93) andi    s9, t3, 1127
core   0: 3 0x800010fa (0x467e7c93) x25 0x00000000
core   0: 0x800010fe (0x00a00093) li      ra, 10
core   0: 3 0x800010fe (0x00a00093) x 1 0x0000000a
core   0: 0x80001102 (0x08ad8513) addi    a0, s11, 138
core   0: 3 0x80001102 (0x08ad8513) x10 0x0000008b
core   0: 0x80001106 (0x00000db2) c.slli  s11, 12
core   0: 3 0x80001106 (0x0db2) x27 0x00001000
core   0: 0x80001108 (0x01209513) slli    a0, ra, 18
core   0: 3 0x80001108 (0x01209513) x10 0x00280000
core   0: 0x8000110c (0x03c18fb3) mul     t6, gp, t3
core   0: 3 0x8000110c (0x03c18fb3) x31 0x00000000
core   0: 0x80001110 (0x00001688) c.addi4spn a0, sp, 864
core   0: 3 0x80001110 (0x1688) x10 0x80027044
core   0: 0x80001112 (0x0000165d) c.addi  a2, -9
core   0: 3 0x80001112 (0x165d) x12 0x00000001
core   0: 0x80001114 (0x000041b1) c.li    gp, 12
core   0: 3 0x80001114 (0x41b1) x 3 0x0000000c
core   0: 0x80001116 (0x03c1ae33) mulhsu  t3, gp, t3
core   0: 3 0x80001116 (0x03c1ae33) x28 0x00000000
core   0: 0x8000111a (0x40055993) srai    s3, a0, 0
core   0: 3 0x8000111a (0x40055993) x19 0x80027044
core   0: 0x8000111e (0x40645f13) srai    t5, s0, 6
core   0: 3 0x8000111e (0x40645f13) x30 0x00000000
core   0: 0x80001122 (0x00009b7a) c.add   s6, t5
core   0: 3 0x80001122 (0x9b7a) x22 0xfffffa70
core   0: 0x80001124 (0x000068fd) c.lui   a7, 0x1f
core   0: 3 0x80001124 (0x68fd) x17 0x0001f000
core   0: 0x80001126 (0x4041a697) auipc   a3, 0x4041a
core   0: 3 0x80001126 (0x4041a697) x13 0xc041b126
core   0: 0x8000112a (0xb0c83913) sltiu   s2, a6, -1268
core   0: 3 0x8000112a (0xb0c83913) x18 0x00000000
core   0: 0x8000112e (0x0000812d) c.srli  a0, 11
core   0: 3 0x8000112e (0x812d) x10 0x0010004e
core   0: 0x80001130 (0x009765b3) or      a1, a4, s1
core   0: 3 0x80001130 (0x009765b3) x11 0xf31102bf
core   0: 0x80001134 (0xfc167ee3) bgeu    a2, ra, pc - 36
core   0: 3 0x80001134 (0xfc167ee3)
core   0: 0x80001138 (0x0000100f) fence.i
core   0: 3 0x80001138 (0x0000100f)
core   0: 0x8000113c (0xffb00e13) li      t3, -5
core   0: 3 0x8000113c (0xffb00e13) x28 0xfffffffb
core   0: 0x80001140 (0xfff00893) li      a7, -1
core   0: 3 0x80001140 (0xfff00893) x17 0xffffffff
core   0: 0x80001144 (0x00008841) c.andi  s0, 16
core   0: 3 0x80001144 (0x8841) x 8 0x00000000
core   0: 0x80001146 (0xfb028c93) addi    s9, t0, -80
core   0: 3 0x80001146 (0xfb028c93) x25 0xff7fffb0
core   0: 0x8000114a (0x00000e09) c.addi  t3, 2
core   0: 3 0x8000114a (0x0e09) x28 0xfffffffd
core   0: 0x8000114c (0xffd00613) li      a2, -3
core   0: 3 0x8000114c (0xffd00613) x12 0xfffffffd
core   0: 0x80001150 (0x00000001) c.nop
core   0: 3 0x80001150 (0x0001)
core   0: 0x80001152 (0x000051fd) c.li    gp, -1
core   0: 3 0x80001152 (0x51fd) x 3 0xffffffff
core   0: 0x80001154 (0x00006c3d) c.lui   s8, 0xf
core   0: 3 0x80001154 (0x6c3d) x24 0x0000f000
core   0: 0x80001156 (0x00000605) c.addi  a2, 1
core   0: 3 0x80001156 (0x0605) x12 0xfffffffe
core   0: 0x80001158 (0x0000de6d) c.beqz  a2, pc - 6
core   0: 3 0x80001158 (0xde6d)
core   0: 0x8000115a (0xff1e06e3) beq     t3, a7, pc - 20
core   0: 3 0x8000115a (0xff1e06e3)
core   0: 0x8000115e (0x4a8f6513) ori     a0, t5, 1192
core   0: 3 0x8000115e (0x4a8f6513) x10 0x000004a8
core   0: 0x80001162 (0x00400613) li      a2, 4
core   0: 3 0x80001162 (0x00400613) x12 0x00000004
core   0: 0x80001166 (0x02c6ec33) rem     s8, a3, a2
core   0: 3 0x80001166 (0x02c6ec33) x24 0xfffffffe
core   0: 0x8000116a (0x00c90e33) add     t3, s2, a2
core   0: 3 0x8000116a (0x00c90e33) x28 0x00000004
core   0: 0x8000116e (0x03c49eb3) mulh    t4, s1, t3
core   0: 3 0x8000116e (0x03c49eb3) x29 0xffffffff
core   0: 0x80001172 (0xff600213) li      tp, -10
core   0: 3 0x80001172 (0xff600213) x 4 0xfffffff6
core   0: 0x80001176 (0x41605533) sra     a0, zero, s6
core   0: 3 0x80001176 (0x41605533) x10 0x00000000
core   0: 0x8000117a (0x02bea033) mulhsu  zero, t4, a1
core   0: 3 0x8000117a (0x02bea033)
core   0: 0x8000117e (0x0024de33) srl     t3, s1, sp
core   0: 3 0x8000117e (0x0024de33) x28 0x0f31102a
core   0: 0x80001182 (0x039388b3) mul     a7, t2, s9
core   0: 3 0x80001182 (0x039388b3) x17 0x00000000
core   0: 0x80001186 (0x01e28e33) add     t3, t0, t5
core   0: 3 0x80001186 (0x01e28e33) x28 0xff800000
core   0: 0x8000118a (0xca360a17) auipc   s4, 0xca360
core   0: 3 0x8000118a (0xca360a17) x20 0x4a36118a
core   0: 0x8000118e (0xb554e693) ori     a3, s1, -1195
core   0: 3 0x8000118e (0xb554e693) x13 0xfffffbff
core   0: 0x80001192 (0x0000166d) c.addi  a2, -5
core   0: 3 0x80001192 (0x166d) x12 0xffffffff
core   0: 0x80001194 (0x0316f333) remu    t1, a3, a7
core   0: 3 0x80001194 (0x0316f333) x 6 0xfffffbff
core   0: 0x80001198 (0xfff00c93) li      s9, -1
core   0: 3 0x80001198 (0xfff00c93) x25 0xffffffff
core   0: 0x8000119c (0x000081d1) c.srli  a1, 20
core   0: 3 0x8000119c (0x81d1) x11 0x00000f31
core   0: 0x8000119e (0x83577b93) andi    s7, a4, -1995
core   0: 3 0x8000119e (0x83577b93) x23 0x00000014
core   0: 0x800011a2 (0x00300d93) li      s11, 3
core   0: 3 0x800011a2 (0x00300d93) x27 0x00000003
core   0: 0x800011a6 (0x0ff0000f) fence   iorw,iorw
core   0: 3 0x800011a6 (0x0ff0000f)
core   0: 0x800011aa (0x007e0733) add     a4, t3, t2
core   0: 3 0x800011aa (0x007e0733) x14 0xff800000
core   0: 0x800011ae (0x425c7593) andi    a1, s8, 1061
core   0: 3 0x800011ae (0x425c7593) x11 0x00000424
core   0: 0x800011b2 (0x0000929e) c.add   t0, t2
core   0: 3 0x800011b2 (0x929e) x 5 0xff800000
core   0: 0x800011b4 (0x011a1493) slli    s1, s4, 17
core   0: 3 0x800011b4 (0x011a1493) x 9 0x23140000
core   0: 0x800011b8 (0x00000ca5) c.addi  s9, 9
core   0: 3 0x800011b8 (0x0ca5) x25 0x00000008
core   0: 0x800011ba (0x41fddb93) srai    s7, s11, 31
core   0: 3 0x800011ba (0x41fddb93) x23 0x00000000
core   0: 0x800011be (0xffbce6e3) bltu    s9, s11, pc - 20
core   0: 3 0x800011be (0xffbce6e3)
core   0: 0x800011c2 (0x01da4ab3) xor     s5, s4, t4
core   0: 3 0x800011c2 (0x01da4ab3) x21 0xb5c9ee75
core   0: 0x800011c6 (0x00008c41) c.or    s0, s0
core   0: 3 0x800011c6 (0x8c41) x 8 0x00000000
core   0: 0x800011c8 (0xfc4653e3) bge     a2, tp, pc - 58
core   0: 3 0x800011c8 (0xfc4653e3)
core   0: 0x8000118e (0xb554e693) ori     a3, s1, -1195
core   0: 3 0x8000118e (0xb554e693) x13 0xfffffb55
core   0: 0x80001192 (0x0000166d) c.addi  a2, -5
core   0: 3 0x80001192 (0x166d) x12 0xfffffffa
core   0: 0x80001194 (0x0316f333) remu    t1, a3, a7
core   0: 3 0x80001194 (0x0316f333) x 6 0xfffffb55
core   0: 0x80001198 (0xfff00c93) li      s9, -1
core   0: 3 0x80001198 (0xfff00c93) x25 0xffffffff
core   0: 0x8000119c (0x000081d1) c.srli  a1, 20
core   0: 3 0x8000119c (0x81d1) x11 0x00000000
core   0: 0x8000119e (0x83577b93) andi    s7, a4, -1995
core   0: 3 0x8000119e (0x83577b93) x23 0xff800000
core   0: 0x800011a2 (0x00300d93) li      s11, 3
core   0: 3 0x800011a2 (0x00300d93) x27 0x00000003
core   0: 0x800011a6 (0x0ff0000f) fence   iorw,iorw
core   0: 3 0x800011a6 (0x0ff0000f)
core   0: 0x800011aa (0x007e0733) add     a4, t3, t2
core   0: 3 0x800011aa (0x007e0733) x14 0xff800000
core   0: 0x800011ae (0x425c7593) andi    a1, s8, 1061
core   0: 3 0x800011ae (0x425c7593) x11 0x00000424
core   0: 0x800011b2 (0x0000929e) c.add   t0, t2
core   0: 3 0x800011b2 (0x929e) x 5 0xff800000
core   0: 0x800011b4 (0x011a1493) slli    s1, s4, 17
core   0: 3 0x800011b4 (0x011a1493) x 9 0x23140000
core   0: 0x800011b8 (0x00000ca5) c.addi  s9, 9
core   0: 3 0x800011b8 (0x0ca5) x25 0x00000008
core   0: 0x800011ba (0x41fddb93) srai    s7, s11, 31
core   0: 3 0x800011ba (0x41fddb93) x23 0x00000000
core   0: 0x800011be (0xffbce6e3) bltu    s9, s11, pc - 20
core   0: 3 0x800011be (0xffbce6e3)
core   0: 0x800011c2 (0x01da4ab3) xor     s5, s4, t4
core   0: 3 0x800011c2 (0x01da4ab3) x21 0xb5c9ee75
core   0: 0x800011c6 (0x00008c41) c.or    s0, s0
core   0: 3 0x800011c6 (0x8c41) x 8 0x00000000
core   0: 0x800011c8 (0xfc4653e3) bge     a2, tp, pc - 58
core   0: 3 0x800011c8 (0xfc4653e3)
core   0: 0x8000118e (0xb554e693) ori     a3, s1, -1195
core   0: 3 0x8000118e (0xb554e693) x13 0xfffffb55
core   0: 0x80001192 (0x0000166d) c.addi  a2, -5
core   0: 3 0x80001192 (0x166d) x12 0xfffffff5
core   0: 0x80001194 (0x0316f333) remu    t1, a3, a7
core   0: 3 0x80001194 (0x0316f333) x 6 0xfffffb55
core   0: 0x80001198 (0xfff00c93) li      s9, -1
core   0: 3 0x80001198 (0xfff00c93) x25 0xffffffff
core   0: 0x8000119c (0x000081d1) c.srli  a1, 20
core   0: 3 0x8000119c (0x81d1) x11 0x00000000
core   0: 0x8000119e (0x83577b93) andi    s7, a4, -1995
core   0: 3 0x8000119e (0x83577b93) x23 0xff800000
core   0: 0x800011a2 (0x00300d93) li      s11, 3
core   0: 3 0x800011a2 (0x00300d93) x27 0x00000003
core   0: 0x800011a6 (0x0ff0000f) fence   iorw,iorw
core   0: 3 0x800011a6 (0x0ff0000f)
core   0: 0x800011aa (0x007e0733) add     a4, t3, t2
core   0: 3 0x800011aa (0x007e0733) x14 0xff800000
core   0: 0x800011ae (0x425c7593) andi    a1, s8, 1061
core   0: 3 0x800011ae (0x425c7593) x11 0x00000424
core   0: 0x800011b2 (0x0000929e) c.add   t0, t2
core   0: 3 0x800011b2 (0x929e) x 5 0xff800000
core   0: 0x800011b4 (0x011a1493) slli    s1, s4, 17
core   0: 3 0x800011b4 (0x011a1493) x 9 0x23140000
core   0: 0x800011b8 (0x00000ca5) c.addi  s9, 9
core   0: 3 0x800011b8 (0x0ca5) x25 0x00000008
core   0: 0x800011ba (0x41fddb93) srai    s7, s11, 31
core   0: 3 0x800011ba (0x41fddb93) x23 0x00000000
core   0: 0x800011be (0xffbce6e3) bltu    s9, s11, pc - 20
core   0: 3 0x800011be (0xffbce6e3)
core   0: 0x800011c2 (0x01da4ab3) xor     s5, s4, t4
core   0: 3 0x800011c2 (0x01da4ab3) x21 0xb5c9ee75
core   0: 0x800011c6 (0x00008c41) c.or    s0, s0
core   0: 3 0x800011c6 (0x8c41) x 8 0x00000000
core   0: 0x800011c8 (0xfc4653e3) bge     a2, tp, pc - 58
core   0: 3 0x800011c8 (0xfc4653e3)
core   0: 0x800011cc (0x00ccc1b3) xor     gp, s9, a2
core   0: 3 0x800011cc (0x00ccc1b3) x 3 0xfffffffd
core   0: 0x800011d0 (0x00600b13) li      s6, 6
core   0: 3 0x800011d0 (0x00600b13) x22 0x00000006
core   0: 0x800011d4 (0x00400593) li      a1, 4
core   0: 3 0x800011d4 (0x00400593) x11 0x00000004
core   0: 0x800011d8 (0x022004b3) mul     s1, zero, sp
core   0: 3 0x800011d8 (0x022004b3) x 9 0x00000000
core   0: 0x800011dc (0x00001b79) c.addi  s6, -2
core   0: 3 0x800011dc (0x1b79) x22 0x00000004
core   0: 0x800011de (0x00a00713) li      a4, 10
core   0: 3 0x800011de (0x00a00713) x14 0x0000000a
core   0: 0x800011e2 (0x00a00893) li      a7, 10
core   0: 3 0x800011e2 (0x00a00893) x17 0x0000000a
core   0: 0x800011e6 (0x000046d9) c.li    a3, 22
core   0: 3 0x800011e6 (0x46d9) x13 0x00000016
core   0: 0x800011e8 (0x00001769) c.addi  a4, -6
core   0: 3 0x800011e8 (0x1769) x14 0x00000004
core   0: 0x800011ea (0xff177ee3) bgeu    a4, a7, pc - 4
core   0: 3 0x800011ea (0xff177ee3)
core   0: 0x800011ee (0xfebb75e3) bgeu    s6, a1, pc - 22
core   0: 3 0x800011ee (0xfebb75e3)
core   0: 0x800011d8 (0x022004b3) mul     s1, zero, sp
core   0: 3 0x800011d8 (0x022004b3) x 9 0x00000000
core   0: 0x800011dc (0x00001b79) c.addi  s6, -2
core   0: 3 0x800011dc (0x1b79) x22 0x00000002
core   0: 0x800011de (0x00a00713) li      a4, 10
core   0: 3 0x800011de (0x00a00713) x14 0x0000000a
core   0: 0x800011e2 (0x00a00893) li      a7, 10
core   0: 3 0x800011e2 (0x00a00893) x17 0x0000000a
core   0: 0x800011e6 (0x000046d9) c.li    a3, 22
core   0: 3 0x800011e6 (0x46d9) x13 0x00000016
core   0: 0x800011e8 (0x00001769) c.addi  a4, -6
core   0: 3 0x800011e8 (0x1769) x14 0x00000004
core   0: 0x800011ea (0xff177ee3) bgeu    a4, a7, pc - 4
core   0: 3 0x800011ea (0xff177ee3)
core   0: 0x800011ee (0xfebb75e3) bgeu    s6, a1, pc - 22
core   0: 3 0x800011ee (0xfebb75e3)
core   0: 0x800011f2 (0x0ff0000f) fence   iorw,iorw
core   0: 3 0x800011f2 (0x0ff0000f)
core   0: 0x800011f6 (0xffd00413) li      s0, -3
core   0: 3 0x800011f6 (0xffd00413) x 8 0xfffffffd
core   0: 0x800011fa (0x00c892b3) sll     t0, a7, a2
core   0: 3 0x800011fa (0x00c892b3) x 5 0x01400000
core   0: 0x800011fe (0x00008761) c.srai  a4, 24
core   0: 3 0x800011fe (0x8761) x14 0x00000000
core   0: 0x80001200 (0xfbece913) ori     s2, s9, -66
core   0: 3 0x80001200 (0xfbece913) x18 0xffffffbe
core   0: 0x80001204 (0x03663833) mulhu   a6, a2, s6
core   0: 3 0x80001204 (0x03663833) x16 0x00000001
core   0: 0x80001208 (0xc9862613) slti    a2, a2, -872
core   0: 3 0x80001208 (0xc9862613) x12 0x00000000
core   0: 0x8000120c (0xccc1d2b7) lui     t0, 0xccc1d
core   0: 3 0x8000120c (0xccc1d2b7) x 5 0xccc1d000
core   0: 0x80001210 (0xefb28917) auipc   s2, 0xefb28
core   0: 3 0x80001210 (0xefb28917) x18 0x6fb29210
core   0: 0x80001214 (0x00500a93) li      s5, 5
core   0: 3 0x80001214 (0x00500a93) x21 0x00000005
core   0: 0x80001218 (0x0101b633) sltu    a2, gp, a6
core   0: 3 0x80001218 (0x0101b633) x12 0x00000000
core   0: 0x8000121c (0x1abbb513) sltiu   a0, s7, 427
core   0: 3 0x8000121c (0x1abbb513) x10 0x00000001
core   0: 0x80001220 (0x00008e3d) c.xor   a2, a5
core   0: 3 0x80001220 (0x8e3d) x12 0x00000000
core   0: 0x80001222 (0x0000100f) fence.i
core   0: 3 0x80001222 (0x0000100f)
core   0: 0x80001226 (0x00000411) c.addi  s0, 4
core   0: 3 0x80001226 (0x0411) x 8 0x00000001
core   0: 0x80001228 (0xe7a53b93) sltiu   s7, a0, -390
core   0: 3 0x80001228 (0xe7a53b93) x23 0x00000001
core   0: 0x8000122c (0x00008615) c.srai  a2, 5
core   0: 3 0x8000122c (0x8615) x12 0x00000000
core   0: 0x8000122e (0xff5417e3) bne     s0, s5, pc - 18
core   0: 3 0x8000122e (0xff5417e3)
core   0: 0x8000121c (0x1abbb513) sltiu   a0, s7, 427
core   0: 3 0x8000121c (0x1abbb513) x10 0x00000001
core   0: 0x80001220 (0x00008e3d) c.xor   a2, a5
core   0: 3 0x80001220 (0x8e3d) x12 0x00000000
core   0: 0x80001222 (0x0000100f) fence.i
core   0: 3 0x80001222 (0x0000100f)
core   0: 0x80001226 (0x00000411) c.addi  s0, 4
core   0: 3 0x80001226 (0x0411) x 8 0x00000005
core   0: 0x80001228 (0xe7a53b93) sltiu   s7, a0, -390
core   0: 3 0x80001228 (0xe7a53b93) x23 0x00000001
core   0: 0x8000122c (0x00008615) c.srai  a2, 5
core   0: 3 0x8000122c (0x8615) x12 0x00000000
core   0: 0x8000122e (0xff5417e3) bne     s0, s5, pc - 18
core   0: 3 0x8000122e (0xff5417e3)
core   0: 0x80001232 (0x00008cfd) c.and   s1, a5
core   0: 3 0x80001232 (0x8cfd) x 9 0x00000000
core   0: 0x80001234 (0x00800313) li      t1, 8
core   0: 3 0x80001234 (0x00800313) x 6 0x00000008
core   0: 0x80001238 (0x400d0f33) sub     t5, s10, zero
core   0: 3 0x80001238 (0x400d0f33) x30 0x80022e64
core   0: 0x8000123c (0xff900a93) li      s5, -7
core   0: 3 0x8000123c (0xff900a93) x21 0xfffffff9
core   0: 0x80001240 (0x00f570b3) and     ra, a0, a5
core   0: 3 0x80001240 (0x00f570b3) x 1 0x00000000
core   0: 0x80001244 (0x0000136d) c.addi  t1, -5
core   0: 3 0x80001244 (0x136d) x 6 0x00000003
core   0: 0x80001246 (0x00900513) li      a0, 9
core   0: 3 0x80001246 (0x00900513) x10 0x00000009
core   0: 0x8000124a (0x00000001) c.nop
core   0: 3 0x8000124a (0x0001)
core   0: 0x8000124c (0x00006195) c.lui   gp, 0x5
core   0: 3 0x8000124c (0x6195) x 3 0x00005000
core   0: 0x8000124e (0x45e6c297) auipc   t0, 0x45e6c
core   0: 3 0x8000124e (0x45e6c297) x 5 0xc5e6d24e
core   0: 0x80001252 (0x00001575) c.addi  a0, -3
core   0: 3 0x80001252 (0x1575) x10 0x00000006
core   0: 0x80001254 (0x0000dd65) c.beqz  a0, pc - 8
core   0: 3 0x80001254 (0xdd65)
core   0: 0x80001256 (0xff5305e3) beq     t1, s5, pc - 22
core   0: 3 0x80001256 (0xff5305e3)
core   0: 0x8000125a (0x00009afd) c.andi  a3, -1
core   0: 3 0x8000125a (0x9afd) x13 0x00000016
core   0: 0x8000125c (0x00100413) li      s0, 1
core   0: 3 0x8000125c (0x00100413) x 8 0x00000001
core   0: 0x80001260 (0x00008d35) c.xor   a0, a3
core   0: 3 0x80001260 (0x8d35) x10 0x00000010
core   0: 0x80001262 (0x01dac4b3) xor     s1, s5, t4
core   0: 3 0x80001262 (0x01dac4b3) x 9 0x00000006
core   0: 0x80001266 (0x00008d71) c.and   a0, a2
core   0: 3 0x80001266 (0x8d71) x10 0x00000000
core   0: 0x80001268 (0x24d10393) addi    t2, sp, 589
core   0: 3 0x80001268 (0x24d10393) x 7 0x80026f31
core   0: 0x8000126c (0x0111f4b3) and     s1, gp, a7
core   0: 3 0x8000126c (0x0111f4b3) x 9 0x00000000
core   0: 0x80001270 (0x01000693) li      a3, 16
core   0: 3 0x80001270 (0x01000693) x13 0x00000010
core   0: 0x80001274 (0x01db9e13) slli    t3, s7, 29
core   0: 3 0x80001274 (0x01db9e13) x28 0x20000000
core   0: 0x80001278 (0xcd216013) ori     zero, sp, -814
core   0: 3 0x80001278 (0xcd216013)
core   0: 0x8000127c (0x00008de9) c.and   a1, a0
core   0: 3 0x8000127c (0x8de9) x11 0x00000000
core   0: 0x8000127e (0x03580bb3) mul     s7, a6, s5
core   0: 3 0x8000127e (0x03580bb3) x23 0xfffffff9
core   0: 0x80001282 (0x00000405) c.addi  s0, 1
core   0: 3 0x80001282 (0x0405) x 8 0x00000002
core   0: 0x80001284 (0x00c8d1b3) srl     gp, a7, a2
core   0: 3 0x80001284 (0x00c8d1b3) x 3 0x0000000a
core   0: 0x80001288 (0xffd00093) li      ra, -3
core   0: 3 0x80001288 (0xffd00093) x 1 0xfffffffd
core   0: 0x8000128c (0xffc00b13) li      s6, -4
core   0: 3 0x8000128c (0xffc00b13) x22 0xfffffffc
core   0: 0x80001290 (0x0320aeb3) mulhsu  t4, ra, s2
core   0: 3 0x80001290 (0x0320aeb3) x29 0xfffffffe
core   0: 0x80001294 (0x0288d8b3) divu    a7, a7, s0
core   0: 3 0x80001294 (0x0288d8b3) x17 0x00000005
core   0: 0x80001298 (0x00536bb3) or      s7, t1, t0
core   0: 3 0x80001298 (0x00536bb3) x23 0xc5e6d24f
core   0: 0x8000129c (0x41ae5233) sra     tp, t3, s10
core   0: 3 0x8000129c (0x41ae5233) x 4 0x02000000
core   0: 0x800012a0 (0xed9af813) andi    a6, s5, -295
core   0: 3 0x800012a0 (0xed9af813) x16 0xfffffed9
core   0: 0x800012a4 (0x038682b3) mul     t0, a3, s8
core   0: 3 0x800012a4 (0x038682b3) x 5 0xffffffe0
core   0: 0x800012a8 (0x00009a7d) c.andi  a2, -1
core   0: 3 0x800012a8 (0x9a7d) x12 0x00000000
core   0: 0x800012aa (0x03585633) divu    a2, a6, s5
core   0: 3 0x800012aa (0x03585633) x12 0x00000000
core   0: 0x800012ae (0xcf93fe93) andi    t4, t2, -775
core   0: 3 0x800012ae (0xcf93fe93) x29 0x80026c31
core   0: 0x800012b2 (0x000010dd) c.addi  ra, -9
core   0: 3 0x800012b2 (0x10dd) x 1 0xfffffff4
core   0: 0x800012b4 (0x0000997d) c.andi  a0, -1
core   0: 3 0x800012b4 (0x997d) x10 0x00000000
core   0: 0x800012b6 (0xff60d5e3) bge     ra, s6, pc - 22
core   0: 3 0x800012b6 (0xff60d5e3)
core   0: 0x800012ba (0x0170b3b3) sltu    t2, ra, s7
core   0: 3 0x800012ba (0x0170b3b3) x 7 0x00000000
core   0: 0x800012be (0x015d2cb3) slt     s9, s10, s5
core   0: 3 0x800012be (0x015d2cb3) x25 0x00000001
core   0: 0x800012c2 (0x02d61633) mulh    a2, a2, a3
core   0: 3 0x800012c2 (0x02d61633) x12 0x00000000
core   0: 0x800012c6 (0x56ceea13) ori     s4, t4, 1388
core   0: 3 0x800012c6 (0x56ceea13) x20 0x80026d7d
core   0: 0x800012ca (0x00b4a5b3) slt     a1, s1, a1
core   0: 3 0x800012ca (0x00b4a5b3) x11 0x00000000
core   0: 0x800012ce (0x40cad193) srai    gp, s5, 12
core   0: 3 0x800012ce (0x40cad193) x 3 0xffffffff
core   0: 0x800012d2 (0xfad416e3) bne     s0, a3, pc - 84
core   0: 3 0x800012d2 (0xfad416e3)
core   0: 0x8000127e (0x03580bb3) mul     s7, a6, s5
core   0: 3 0x8000127e (0x03580bb3) x23 0x00000811
core   0: 0x80001282 (0x00000405) c.addi  s0, 1
core   0: 3 0x80001282 (0x0405) x 8 0x00000003
core   0: 0x80001284 (0x00c8d1b3) srl     gp, a7, a2
core   0: 3 0x80001284 (0x00c8d1b3) x 3 0x00000005
core   0: 0x80001288 (0xffd00093) li      ra, -3
core   0: 3 0x80001288 (0xffd00093) x 1 0xfffffffd
core   0: 0x8000128c (0xffc00b13) li      s6, -4
core   0: 3 0x8000128c (0xffc00b13) x22 0xfffffffc
core   0: 0x80001290 (0x0320aeb3) mulhsu  t4, ra, s2
core   0: 3 0x80001290 (0x0320aeb3) x29 0xfffffffe
core   0: 0x80001294 (0x0288d8b3) divu    a7, a7, s0
core   0: 3 0x80001294 (0x0288d8b3) x17 0x00000001
core   0: 0x80001298 (0x00536bb3) or      s7, t1, t0
core   0: 3 0x80001298 (0x00536bb3) x23 0xffffffe3
core   0: 0x8000129c (0x41ae5233) sra     tp, t3, s10
core   0: 3 0x8000129c (0x41ae5233) x 4 0x02000000
core   0: 0x800012a0 (0xed9af813) andi    a6, s5, -295
core   0: 3 0x800012a0 (0xed9af813) x16 0xfffffed9
core   0: 0x800012a4 (0x038682b3) mul     t0, a3, s8
core   0: 3 0x800012a4 (0x038682b3) x 5 0xffffffe0
core   0: 0x800012a8 (0x00009a7d) c.andi  a2, -1
core   0: 3 0x800012a8 (0x9a7d) x12 0x00000000
core   0: 0x800012aa (0x03585633) divu    a2, a6, s5
core   0: 3 0x800012aa (0x03585633) x12 0x00000000
core   0: 0x800012ae (0xcf93fe93) andi    t4, t2, -775
core   0: 3 0x800012ae (0xcf93fe93) x29 0x00000000
core   0: 0x800012b2 (0x000010dd) c.addi  ra, -9
core   0: 3 0x800012b2 (0x10dd) x 1 0xfffffff4
core   0: 0x800012b4 (0x0000997d) c.andi  a0, -1
core   0: 3 0x800012b4 (0x997d) x10 0x00000000
core   0: 0x800012b6 (0xff60d5e3) bge     ra, s6, pc - 22
core   0: 3 0x800012b6 (0xff60d5e3)
core   0: 0x800012ba (0x0170b3b3) sltu    t2, ra, s7
core   0: 3 0x800012ba (0x0170b3b3) x 7 0x00000000
core   0: 0x800012be (0x015d2cb3) slt     s9, s10, s5
core   0: 3 0x800012be (0x015d2cb3) x25 0x00000001
core   0: 0x800012c2 (0x02d61633) mulh    a2, a2, a3
core   0: 3 0x800012c2 (0x02d61633) x12 0x00000000
core   0: 0x800012c6 (0x56ceea13) ori     s4, t4, 1388
core   0: 3 0x800012c6 (0x56ceea13) x20 0x0000056c
core   0: 0x800012ca (0x00b4a5b3) slt     a1, s1, a1
core   0: 3 0x800012ca (0x00b4a5b3) x11 0x00000000
core   0: 0x800012ce (0x40cad193) srai    gp, s5, 12
core   0: 3 0x800012ce (0x40cad193) x 3 0xffffffff
core   0: 0x800012d2 (0xfad416e3) bne     s0, a3, pc - 84
core   0: 3 0x800012d2 (0xfad416e3)
core   0: 0x8000127e (0x03580bb3) mul     s7, a6, s5
core   0: 3 0x8000127e (0x03580bb3) x23 0x00000811
core   0: 0x80001282 (0x00000405) c.addi  s0, 1
core   0: 3 0x80001282 (0x0405) x 8 0x00000004
core   0: 0x80001284 (0x00c8d1b3) srl     gp, a7, a2
core   0: 3 0x80001284 (0x00c8d1b3) x 3 0x00000001
core   0: 0x80001288 (0xffd00093) li      ra, -3
core   0: 3 0x80001288 (0xffd00093) x 1 0xfffffffd
core   0: 0x8000128c (0xffc00b13) li      s6, -4
core   0: 3 0x8000128c (0xffc00b13) x22 0xfffffffc
core   0: 0x80001290 (0x0320aeb3) mulhsu  t4, ra, s2
core   0: 3 0x80001290 (0x0320aeb3) x29 0xfffffffe
core   0: 0x80001294 (0x0288d8b3) divu    a7, a7, s0
core   0: 3 0x80001294 (0x0288d8b3) x17 0x00000000
core   0: 0x80001298 (0x00536bb3) or      s7, t1, t0
core   0: 3 0x80001298 (0x00536bb3) x23 0xffffffe3
core   0: 0x8000129c (0x41ae5233) sra     tp, t3, s10
core   0: 3 0x8000129c (0x41ae5233) x 4 0x02000000
core   0: 0x800012a0 (0xed9af813) andi    a6, s5, -295
core   0: 3 0x800012a0 (0xed9af813) x16 0xfffffed9
core   0: 0x800012a4 (0x038682b3) mul     t0, a3, s8
core   0: 3 0x800012a4 (0x038682b3) x 5 0xffffffe0
core   0: 0x800012a8 (0x00009a7d) c.andi  a2, -1
core   0: 3 0x800012a8 (0x9a7d) x12 0x00000000
core   0: 0x800012aa (0x03585633) divu    a2, a6, s5
core   0: 3 0x800012aa (0x03585633) x12 0x00000000
core   0: 0x800012ae (0xcf93fe93) andi    t4, t2, -775
core   0: 3 0x800012ae (0xcf93fe93) x29 0x00000000
core   0: 0x800012b2 (0x000010dd) c.addi  ra, -9
core   0: 3 0x800012b2 (0x10dd) x 1 0xfffffff4
core   0: 0x800012b4 (0x0000997d) c.andi  a0, -1
core   0: 3 0x800012b4 (0x997d) x10 0x00000000
core   0: 0x800012b6 (0xff60d5e3) bge     ra, s6, pc - 22
core   0: 3 0x800012b6 (0xff60d5e3)
core   0: 0x800012ba (0x0170b3b3) sltu    t2, ra, s7
core   0: 3 0x800012ba (0x0170b3b3) x 7 0x00000000
core   0: 0x800012be (0x015d2cb3) slt     s9, s10, s5
core   0: 3 0x800012be (0x015d2cb3) x25 0x00000001
core   0: 0x800012c2 (0x02d61633) mulh    a2, a2, a3
core   0: 3 0x800012c2 (0x02d61633) x12 0x00000000
core   0: 0x800012c6 (0x56ceea13) ori     s4, t4, 1388
core   0: 3 0x800012c6 (0x56ceea13) x20 0x0000056c
core   0: 0x800012ca (0x00b4a5b3) slt     a1, s1, a1
core   0: 3 0x800012ca (0x00b4a5b3) x11 0x00000000
core   0: 0x800012ce (0x40cad193) srai    gp, s5, 12
core   0: 3 0x800012ce (0x40cad193) x 3 0xffffffff
core   0: 0x800012d2 (0xfad416e3) bne     s0, a3, pc - 84
core   0: 3 0x800012d2 (0xfad416e3)
core   0: 0x8000127e (0x03580bb3) mul     s7, a6, s5
core   0: 3 0x8000127e (0x03580bb3) x23 0x00000811
core   0: 0x80001282 (0x00000405) c.addi  s0, 1
core   0: 3 0x80001282 (0x0405) x 8 0x00000005
core   0: 0x80001284 (0x00c8d1b3) srl     gp, a7, a2
core   0: 3 0x80001284 (0x00c8d1b3) x 3 0x00000000
core   0: 0x80001288 (0xffd00093) li      ra, -3
core   0: 3 0x80001288 (0xffd00093) x 1 0xfffffffd
core   0: 0x8000128c (0xffc00b13) li      s6, -4
core   0: 3 0x8000128c (0xffc00b13) x22 0xfffffffc
core   0: 0x80001290 (0x0320aeb3) mulhsu  t4, ra, s2
core   0: 3 0x80001290 (0x0320aeb3) x29 0xfffffffe
core   0: 0x80001294 (0x0288d8b3) divu    a7, a7, s0
core   0: 3 0x80001294 (0x0288d8b3) x17 0x00000000
core   0: 0x80001298 (0x00536bb3) or      s7, t1, t0
core   0: 3 0x80001298 (0x00536bb3) x23 0xffffffe3
core   0: 0x8000129c (0x41ae5233) sra     tp, t3, s10
core   0: 3 0x8000129c (0x41ae5233) x 4 0x02000000
core   0: 0x800012a0 (0xed9af813) andi    a6, s5, -295
core   0: 3 0x800012a0 (0xed9af813) x16 0xfffffed9
core   0: 0x800012a4 (0x038682b3) mul     t0, a3, s8
core   0: 3 0x800012a4 (0x038682b3) x 5 0xffffffe0
core   0: 0x800012a8 (0x00009a7d) c.andi  a2, -1
core   0: 3 0x800012a8 (0x9a7d) x12 0x00000000
core   0: 0x800012aa (0x03585633) divu    a2, a6, s5
core   0: 3 0x800012aa (0x03585633) x12 0x00000000
core   0: 0x800012ae (0xcf93fe93) andi    t4, t2, -775
core   0: 3 0x800012ae (0xcf93fe93) x29 0x00000000
core   0: 0x800012b2 (0x000010dd) c.addi  ra, -9
core   0: 3 0x800012b2 (0x10dd) x 1 0xfffffff4
core   0: 0x800012b4 (0x0000997d) c.andi  a0, -1
core   0: 3 0x800012b4 (0x997d) x10 0x00000000
core   0: 0x800012b6 (0xff60d5e3) bge     ra, s6, pc - 22
core   0: 3 0x800012b6 (0xff60d5e3)
core   0: 0x800012ba (0x0170b3b3) sltu    t2, ra, s7
core   0: 3 0x800012ba (0x0170b3b3) x 7 0x00000000
core   0: 0x800012be (0x015d2cb3) slt     s9, s10, s5
core   0: 3 0x800012be (0x015d2cb3) x25 0x00000001
core   0: 0x800012c2 (0x02d61633) mulh    a2, a2, a3
core   0: 3 0x800012c2 (0x02d61633) x12 0x00000000
core   0: 0x800012c6 (0x56ceea13) ori     s4, t4, 1388
core   0: 3 0x800012c6 (0x56ceea13) x20 0x0000056c
core   0: 0x800012ca (0x00b4a5b3) slt     a1, s1, a1
core   0: 3 0x800012ca (0x00b4a5b3) x11 0x00000000
core   0: 0x800012ce (0x40cad193) srai    gp, s5, 12
core   0: 3 0x800012ce (0x40cad193) x 3 0xffffffff
core   0: 0x800012d2 (0xfad416e3) bne     s0, a3, pc - 84
core   0: 3 0x800012d2 (0xfad416e3)
core   0: 0x8000127e (0x03580bb3) mul     s7, a6, s5
core   0: 3 0x8000127e (0x03580bb3) x23 0x00000811
core   0: 0x80001282 (0x00000405) c.addi  s0, 1
core   0: 3 0x80001282 (0x0405) x 8 0x00000006
core   0: 0x80001284 (0x00c8d1b3) srl     gp, a7, a2
core   0: 3 0x80001284 (0x00c8d1b3) x 3 0x00000000
core   0: 0x80001288 (0xffd00093) li      ra, -3
core   0: 3 0x80001288 (0xffd00093) x 1 0xfffffffd
core   0: 0x8000128c (0xffc00b13) li      s6, -4
core   0: 3 0x8000128c (0xffc00b13) x22 0xfffffffc
core   0: 0x80001290 (0x0320aeb3) mulhsu  t4, ra, s2
core   0: 3 0x80001290 (0x0320aeb3) x29 0xfffffffe
core   0: 0x80001294 (0x0288d8b3) divu    a7, a7, s0
core   0: 3 0x80001294 (0x0288d8b3) x17 0x00000000
core   0: 0x80001298 (0x00536bb3) or      s7, t1, t0
core   0: 3 0x80001298 (0x00536bb3) x23 0xffffffe3
core   0: 0x8000129c (0x41ae5233) sra     tp, t3, s10
core   0: 3 0x8000129c (0x41ae5233) x 4 0x02000000
core   0: 0x800012a0 (0xed9af813) andi    a6, s5, -295
core   0: 3 0x800012a0 (0xed9af813) x16 0xfffffed9
core   0: 0x800012a4 (0x038682b3) mul     t0, a3, s8
core   0: 3 0x800012a4 (0x038682b3) x 5 0xffffffe0
core   0: 0x800012a8 (0x00009a7d) c.andi  a2, -1
core   0: 3 0x800012a8 (0x9a7d) x12 0x00000000
core   0: 0x800012aa (0x03585633) divu    a2, a6, s5
core   0: 3 0x800012aa (0x03585633) x12 0x00000000
core   0: 0x800012ae (0xcf93fe93) andi    t4, t2, -775
core   0: 3 0x800012ae (0xcf93fe93) x29 0x00000000
core   0: 0x800012b2 (0x000010dd) c.addi  ra, -9
core   0: 3 0x800012b2 (0x10dd) x 1 0xfffffff4
core   0: 0x800012b4 (0x0000997d) c.andi  a0, -1
core   0: 3 0x800012b4 (0x997d) x10 0x00000000
core   0: 0x800012b6 (0xff60d5e3) bge     ra, s6, pc - 22
core   0: 3 0x800012b6 (0xff60d5e3)
core   0: 0x800012ba (0x0170b3b3) sltu    t2, ra, s7
core   0: 3 0x800012ba (0x0170b3b3) x 7 0x00000000
core   0: 0x800012be (0x015d2cb3) slt     s9, s10, s5
core   0: 3 0x800012be (0x015d2cb3) x25 0x00000001
core   0: 0x800012c2 (0x02d61633) mulh    a2, a2, a3
core   0: 3 0x800012c2 (0x02d61633) x12 0x00000000
core   0: 0x800012c6 (0x56ceea13) ori     s4, t4, 1388
core   0: 3 0x800012c6 (0x56ceea13) x20 0x0000056c
core   0: 0x800012ca (0x00b4a5b3) slt     a1, s1, a1
core   0: 3 0x800012ca (0x00b4a5b3) x11 0x00000000
core   0: 0x800012ce (0x40cad193) srai    gp, s5, 12
core   0: 3 0x800012ce (0x40cad193) x 3 0xffffffff
core   0: 0x800012d2 (0xfad416e3) bne     s0, a3, pc - 84
core   0: 3 0x800012d2 (0xfad416e3)
core   0: 0x8000127e (0x03580bb3) mul     s7, a6, s5
core   0: 3 0x8000127e (0x03580bb3) x23 0x00000811
core   0: 0x80001282 (0x00000405) c.addi  s0, 1
core   0: 3 0x80001282 (0x0405) x 8 0x00000007
core   0: 0x80001284 (0x00c8d1b3) srl     gp, a7, a2
core   0: 3 0x80001284 (0x00c8d1b3) x 3 0x00000000
core   0: 0x80001288 (0xffd00093) li      ra, -3
core   0: 3 0x80001288 (0xffd00093) x 1 0xfffffffd
core   0: 0x8000128c (0xffc00b13) li      s6, -4
core   0: 3 0x8000128c (0xffc00b13) x22 0xfffffffc
core   0: 0x80001290 (0x0320aeb3) mulhsu  t4, ra, s2
core   0: 3 0x80001290 (0x0320aeb3) x29 0xfffffffe
core   0: 0x80001294 (0x0288d8b3) divu    a7, a7, s0
core   0: 3 0x80001294 (0x0288d8b3) x17 0x00000000
core   0: 0x80001298 (0x00536bb3) or      s7, t1, t0
core   0: 3 0x80001298 (0x00536bb3) x23 0xffffffe3
core   0: 0x8000129c (0x41ae5233) sra     tp, t3, s10
core   0: 3 0x8000129c (0x41ae5233) x 4 0x02000000
core   0: 0x800012a0 (0xed9af813) andi    a6, s5, -295
core   0: 3 0x800012a0 (0xed9af813) x16 0xfffffed9
core   0: 0x800012a4 (0x038682b3) mul     t0, a3, s8
core   0: 3 0x800012a4 (0x038682b3) x 5 0xffffffe0
core   0: 0x800012a8 (0x00009a7d) c.andi  a2, -1
core   0: 3 0x800012a8 (0x9a7d) x12 0x00000000
core   0: 0x800012aa (0x03585633) divu    a2, a6, s5
core   0: 3 0x800012aa (0x03585633) x12 0x00000000
core   0: 0x800012ae (0xcf93fe93) andi    t4, t2, -775
core   0: 3 0x800012ae (0xcf93fe93) x29 0x00000000
core   0: 0x800012b2 (0x000010dd) c.addi  ra, -9
core   0: 3 0x800012b2 (0x10dd) x 1 0xfffffff4
core   0: 0x800012b4 (0x0000997d) c.andi  a0, -1
core   0: 3 0x800012b4 (0x997d) x10 0x00000000
core   0: 0x800012b6 (0xff60d5e3) bge     ra, s6, pc - 22
core   0: 3 0x800012b6 (0xff60d5e3)
core   0: 0x800012ba (0x0170b3b3) sltu    t2, ra, s7
core   0: 3 0x800012ba (0x0170b3b3) x 7 0x00000000
core   0: 0x800012be (0x015d2cb3) slt     s9, s10, s5
core   0: 3 0x800012be (0x015d2cb3) x25 0x00000001
core   0: 0x800012c2 (0x02d61633) mulh    a2, a2, a3
core   0: 3 0x800012c2 (0x02d61633) x12 0x00000000
core   0: 0x800012c6 (0x56ceea13) ori     s4, t4, 1388
core   0: 3 0x800012c6 (0x56ceea13) x20 0x0000056c
core   0: 0x800012ca (0x00b4a5b3) slt     a1, s1, a1
core   0: 3 0x800012ca (0x00b4a5b3) x11 0x00000000
core   0: 0x800012ce (0x40cad193) srai    gp, s5, 12
core   0: 3 0x800012ce (0x40cad193) x 3 0xffffffff
core   0: 0x800012d2 (0xfad416e3) bne     s0, a3, pc - 84
core   0: 3 0x800012d2 (0xfad416e3)
core   0: 0x8000127e (0x03580bb3) mul     s7, a6, s5
core   0: 3 0x8000127e (0x03580bb3) x23 0x00000811
core   0: 0x80001282 (0x00000405) c.addi  s0, 1
core   0: 3 0x80001282 (0x0405) x 8 0x00000008
core   0: 0x80001284 (0x00c8d1b3) srl     gp, a7, a2
core   0: 3 0x80001284 (0x00c8d1b3) x 3 0x00000000
core   0: 0x80001288 (0xffd00093) li      ra, -3
core   0: 3 0x80001288 (0xffd00093) x 1 0xfffffffd
core   0: 0x8000128c (0xffc00b13) li      s6, -4
core   0: 3 0x8000128c (0xffc00b13) x22 0xfffffffc
core   0: 0x80001290 (0x0320aeb3) mulhsu  t4, ra, s2
core   0: 3 0x80001290 (0x0320aeb3) x29 0xfffffffe
core   0: 0x80001294 (0x0288d8b3) divu    a7, a7, s0
core   0: 3 0x80001294 (0x0288d8b3) x17 0x00000000
core   0: 0x80001298 (0x00536bb3) or      s7, t1, t0
core   0: 3 0x80001298 (0x00536bb3) x23 0xffffffe3
core   0: 0x8000129c (0x41ae5233) sra     tp, t3, s10
core   0: 3 0x8000129c (0x41ae5233) x 4 0x02000000
core   0: 0x800012a0 (0xed9af813) andi    a6, s5, -295
core   0: 3 0x800012a0 (0xed9af813) x16 0xfffffed9
core   0: 0x800012a4 (0x038682b3) mul     t0, a3, s8
core   0: 3 0x800012a4 (0x038682b3) x 5 0xffffffe0
core   0: 0x800012a8 (0x00009a7d) c.andi  a2, -1
core   0: 3 0x800012a8 (0x9a7d) x12 0x00000000
core   0: 0x800012aa (0x03585633) divu    a2, a6, s5
core   0: 3 0x800012aa (0x03585633) x12 0x00000000
core   0: 0x800012ae (0xcf93fe93) andi    t4, t2, -775
core   0: 3 0x800012ae (0xcf93fe93) x29 0x00000000
core   0: 0x800012b2 (0x000010dd) c.addi  ra, -9
core   0: 3 0x800012b2 (0x10dd) x 1 0xfffffff4
core   0: 0x800012b4 (0x0000997d) c.andi  a0, -1
core   0: 3 0x800012b4 (0x997d) x10 0x00000000
core   0: 0x800012b6 (0xff60d5e3) bge     ra, s6, pc - 22
core   0: 3 0x800012b6 (0xff60d5e3)
core   0: 0x800012ba (0x0170b3b3) sltu    t2, ra, s7
core   0: 3 0x800012ba (0x0170b3b3) x 7 0x00000000
core   0: 0x800012be (0x015d2cb3) slt     s9, s10, s5
core   0: 3 0x800012be (0x015d2cb3) x25 0x00000001
core   0: 0x800012c2 (0x02d61633) mulh    a2, a2, a3
core   0: 3 0x800012c2 (0x02d61633) x12 0x00000000
core   0: 0x800012c6 (0x56ceea13) ori     s4, t4, 1388
core   0: 3 0x800012c6 (0x56ceea13) x20 0x0000056c
core   0: 0x800012ca (0x00b4a5b3) slt     a1, s1, a1
core   0: 3 0x800012ca (0x00b4a5b3) x11 0x00000000
core   0: 0x800012ce (0x40cad193) srai    gp, s5, 12
core   0: 3 0x800012ce (0x40cad193) x 3 0xffffffff
core   0: 0x800012d2 (0xfad416e3) bne     s0, a3, pc - 84
core   0: 3 0x800012d2 (0xfad416e3)
core   0: 0x8000127e (0x03580bb3) mul     s7, a6, s5
core   0: 3 0x8000127e (0x03580bb3) x23 0x00000811
core   0: 0x80001282 (0x00000405) c.addi  s0, 1
core   0: 3 0x80001282 (0x0405) x 8 0x00000009
core   0: 0x80001284 (0x00c8d1b3) srl     gp, a7, a2
core   0: 3 0x80001284 (0x00c8d1b3) x 3 0x00000000
core   0: 0x80001288 (0xffd00093) li      ra, -3
core   0: 3 0x80001288 (0xffd00093) x 1 0xfffffffd
core   0: 0x8000128c (0xffc00b13) li      s6, -4
core   0: 3 0x8000128c (0xffc00b13) x22 0xfffffffc
core   0: 0x80001290 (0x0320aeb3) mulhsu  t4, ra, s2
core   0: 3 0x80001290 (0x0320aeb3) x29 0xfffffffe
core   0: 0x80001294 (0x0288d8b3) divu    a7, a7, s0
core   0: 3 0x80001294 (0x0288d8b3) x17 0x00000000
core   0: 0x80001298 (0x00536bb3) or      s7, t1, t0
core   0: 3 0x80001298 (0x00536bb3) x23 0xffffffe3
core   0: 0x8000129c (0x41ae5233) sra     tp, t3, s10
core   0: 3 0x8000129c (0x41ae5233) x 4 0x02000000
core   0: 0x800012a0 (0xed9af813) andi    a6, s5, -295
core   0: 3 0x800012a0 (0xed9af813) x16 0xfffffed9
core   0: 0x800012a4 (0x038682b3) mul     t0, a3, s8
core   0: 3 0x800012a4 (0x038682b3) x 5 0xffffffe0
core   0: 0x800012a8 (0x00009a7d) c.andi  a2, -1
core   0: 3 0x800012a8 (0x9a7d) x12 0x00000000
core   0: 0x800012aa (0x03585633) divu    a2, a6, s5
core   0: 3 0x800012aa (0x03585633) x12 0x00000000
core   0: 0x800012ae (0xcf93fe93) andi    t4, t2, -775
core   0: 3 0x800012ae (0xcf93fe93) x29 0x00000000
core   0: 0x800012b2 (0x000010dd) c.addi  ra, -9
core   0: 3 0x800012b2 (0x10dd) x 1 0xfffffff4
core   0: 0x800012b4 (0x0000997d) c.andi  a0, -1
core   0: 3 0x800012b4 (0x997d) x10 0x00000000
core   0: 0x800012b6 (0xff60d5e3) bge     ra, s6, pc - 22
core   0: 3 0x800012b6 (0xff60d5e3)
core   0: 0x800012ba (0x0170b3b3) sltu    t2, ra, s7
core   0: 3 0x800012ba (0x0170b3b3) x 7 0x00000000
core   0: 0x800012be (0x015d2cb3) slt     s9, s10, s5
core   0: 3 0x800012be (0x015d2cb3) x25 0x00000001
core   0: 0x800012c2 (0x02d61633) mulh    a2, a2, a3
core   0: 3 0x800012c2 (0x02d61633) x12 0x00000000
core   0: 0x800012c6 (0x56ceea13) ori     s4, t4, 1388
core   0: 3 0x800012c6 (0x56ceea13) x20 0x0000056c
core   0: 0x800012ca (0x00b4a5b3) slt     a1, s1, a1
core   0: 3 0x800012ca (0x00b4a5b3) x11 0x00000000
core   0: 0x800012ce (0x40cad193) srai    gp, s5, 12
core   0: 3 0x800012ce (0x40cad193) x 3 0xffffffff
core   0: 0x800012d2 (0xfad416e3) bne     s0, a3, pc - 84
core   0: 3 0x800012d2 (0xfad416e3)
core   0: 0x8000127e (0x03580bb3) mul     s7, a6, s5
core   0: 3 0x8000127e (0x03580bb3) x23 0x00000811
core   0: 0x80001282 (0x00000405) c.addi  s0, 1
core   0: 3 0x80001282 (0x0405) x 8 0x0000000a
core   0: 0x80001284 (0x00c8d1b3) srl     gp, a7, a2
core   0: 3 0x80001284 (0x00c8d1b3) x 3 0x00000000
core   0: 0x80001288 (0xffd00093) li      ra, -3
core   0: 3 0x80001288 (0xffd00093) x 1 0xfffffffd
core   0: 0x8000128c (0xffc00b13) li      s6, -4
core   0: 3 0x8000128c (0xffc00b13) x22 0xfffffffc
core   0: 0x80001290 (0x0320aeb3) mulhsu  t4, ra, s2
core   0: 3 0x80001290 (0x0320aeb3) x29 0xfffffffe
core   0: 0x80001294 (0x0288d8b3) divu    a7, a7, s0
core   0: 3 0x80001294 (0x0288d8b3) x17 0x00000000
core   0: 0x80001298 (0x00536bb3) or      s7, t1, t0
core   0: 3 0x80001298 (0x00536bb3) x23 0xffffffe3
core   0: 0x8000129c (0x41ae5233) sra     tp, t3, s10
core   0: 3 0x8000129c (0x41ae5233) x 4 0x02000000
core   0: 0x800012a0 (0xed9af813) andi    a6, s5, -295
core   0: 3 0x800012a0 (0xed9af813) x16 0xfffffed9
core   0: 0x800012a4 (0x038682b3) mul     t0, a3, s8
core   0: 3 0x800012a4 (0x038682b3) x 5 0xffffffe0
core   0: 0x800012a8 (0x00009a7d) c.andi  a2, -1
core   0: 3 0x800012a8 (0x9a7d) x12 0x00000000
core   0: 0x800012aa (0x03585633) divu    a2, a6, s5
core   0: 3 0x800012aa (0x03585633) x12 0x00000000
core   0: 0x800012ae (0xcf93fe93) andi    t4, t2, -775
core   0: 3 0x800012ae (0xcf93fe93) x29 0x00000000
core   0: 0x800012b2 (0x000010dd) c.addi  ra, -9
core   0: 3 0x800012b2 (0x10dd) x 1 0xfffffff4
core   0: 0x800012b4 (0x0000997d) c.andi  a0, -1
core   0: 3 0x800012b4 (0x997d) x10 0x00000000
core   0: 0x800012b6 (0xff60d5e3) bge     ra, s6, pc - 22
core   0: 3 0x800012b6 (0xff60d5e3)
core   0: 0x800012ba (0x0170b3b3) sltu    t2, ra, s7
core   0: 3 0x800012ba (0x0170b3b3) x 7 0x00000000
core   0: 0x800012be (0x015d2cb3) slt     s9, s10, s5
core   0: 3 0x800012be (0x015d2cb3) x25 0x00000001
core   0: 0x800012c2 (0x02d61633) mulh    a2, a2, a3
core   0: 3 0x800012c2 (0x02d61633) x12 0x00000000
core   0: 0x800012c6 (0x56ceea13) ori     s4, t4, 1388
core   0: 3 0x800012c6 (0x56ceea13) x20 0x0000056c
core   0: 0x800012ca (0x00b4a5b3) slt     a1, s1, a1
core   0: 3 0x800012ca (0x00b4a5b3) x11 0x00000000
core   0: 0x800012ce (0x40cad193) srai    gp, s5, 12
core   0: 3 0x800012ce (0x40cad193) x 3 0xffffffff
core   0: 0x800012d2 (0xfad416e3) bne     s0, a3, pc - 84
core   0: 3 0x800012d2 (0xfad416e3)
core   0: 0x8000127e (0x03580bb3) mul     s7, a6, s5
core   0: 3 0x8000127e (0x03580bb3) x23 0x00000811
core   0: 0x80001282 (0x00000405) c.addi  s0, 1
core   0: 3 0x80001282 (0x0405) x 8 0x0000000b
core   0: 0x80001284 (0x00c8d1b3) srl     gp, a7, a2
core   0: 3 0x80001284 (0x00c8d1b3) x 3 0x00000000
core   0: 0x80001288 (0xffd00093) li      ra, -3
core   0: 3 0x80001288 (0xffd00093) x 1 0xfffffffd
core   0: 0x8000128c (0xffc00b13) li      s6, -4
core   0: 3 0x8000128c (0xffc00b13) x22 0xfffffffc
core   0: 0x80001290 (0x0320aeb3) mulhsu  t4, ra, s2
core   0: 3 0x80001290 (0x0320aeb3) x29 0xfffffffe
core   0: 0x80001294 (0x0288d8b3) divu    a7, a7, s0
core   0: 3 0x80001294 (0x0288d8b3) x17 0x00000000
core   0: 0x80001298 (0x00536bb3) or      s7, t1, t0
core   0: 3 0x80001298 (0x00536bb3) x23 0xffffffe3
core   0: 0x8000129c (0x41ae5233) sra     tp, t3, s10
core   0: 3 0x8000129c (0x41ae5233) x 4 0x02000000
core   0: 0x800012a0 (0xed9af813) andi    a6, s5, -295
core   0: 3 0x800012a0 (0xed9af813) x16 0xfffffed9
core   0: 0x800012a4 (0x038682b3) mul     t0, a3, s8
core   0: 3 0x800012a4 (0x038682b3) x 5 0xffffffe0
core   0: 0x800012a8 (0x00009a7d) c.andi  a2, -1
core   0: 3 0x800012a8 (0x9a7d) x12 0x00000000
core   0: 0x800012aa (0x03585633) divu    a2, a6, s5
core   0: 3 0x800012aa (0x03585633) x12 0x00000000
core   0: 0x800012ae (0xcf93fe93) andi    t4, t2, -775
core   0: 3 0x800012ae (0xcf93fe93) x29 0x00000000
core   0: 0x800012b2 (0x000010dd) c.addi  ra, -9
core   0: 3 0x800012b2 (0x10dd) x 1 0xfffffff4
core   0: 0x800012b4 (0x0000997d) c.andi  a0, -1
core   0: 3 0x800012b4 (0x997d) x10 0x00000000
core   0: 0x800012b6 (0xff60d5e3) bge     ra, s6, pc - 22
core   0: 3 0x800012b6 (0xff60d5e3)
core   0: 0x800012ba (0x0170b3b3) sltu    t2, ra, s7
core   0: 3 0x800012ba (0x0170b3b3) x 7 0x00000000
core   0: 0x800012be (0x015d2cb3) slt     s9, s10, s5
core   0: 3 0x800012be (0x015d2cb3) x25 0x00000001
core   0: 0x800012c2 (0x02d61633) mulh    a2, a2, a3
core   0: 3 0x800012c2 (0x02d61633) x12 0x00000000
core   0: 0x800012c6 (0x56ceea13) ori     s4, t4, 1388
core   0: 3 0x800012c6 (0x56ceea13) x20 0x0000056c
core   0: 0x800012ca (0x00b4a5b3) slt     a1, s1, a1
core   0: 3 0x800012ca (0x00b4a5b3) x11 0x00000000
core   0: 0x800012ce (0x40cad193) srai    gp, s5, 12
core   0: 3 0x800012ce (0x40cad193) x 3 0xffffffff
core   0: 0x800012d2 (0xfad416e3) bne     s0, a3, pc - 84
core   0: 3 0x800012d2 (0xfad416e3)
core   0: 0x8000127e (0x03580bb3) mul     s7, a6, s5
core   0: 3 0x8000127e (0x03580bb3) x23 0x00000811
core   0: 0x80001282 (0x00000405) c.addi  s0, 1
core   0: 3 0x80001282 (0x0405) x 8 0x0000000c
core   0: 0x80001284 (0x00c8d1b3) srl     gp, a7, a2
core   0: 3 0x80001284 (0x00c8d1b3) x 3 0x00000000
core   0: 0x80001288 (0xffd00093) li      ra, -3
core   0: 3 0x80001288 (0xffd00093) x 1 0xfffffffd
core   0: 0x8000128c (0xffc00b13) li      s6, -4
core   0: 3 0x8000128c (0xffc00b13) x22 0xfffffffc
core   0: 0x80001290 (0x0320aeb3) mulhsu  t4, ra, s2
core   0: 3 0x80001290 (0x0320aeb3) x29 0xfffffffe
core   0: 0x80001294 (0x0288d8b3) divu    a7, a7, s0
core   0: 3 0x80001294 (0x0288d8b3) x17 0x00000000
core   0: 0x80001298 (0x00536bb3) or      s7, t1, t0
core   0: 3 0x80001298 (0x00536bb3) x23 0xffffffe3
core   0: 0x8000129c (0x41ae5233) sra     tp, t3, s10
core   0: 3 0x8000129c (0x41ae5233) x 4 0x02000000
core   0: 0x800012a0 (0xed9af813) andi    a6, s5, -295
core   0: 3 0x800012a0 (0xed9af813) x16 0xfffffed9
core   0: 0x800012a4 (0x038682b3) mul     t0, a3, s8
core   0: 3 0x800012a4 (0x038682b3) x 5 0xffffffe0
core   0: 0x800012a8 (0x00009a7d) c.andi  a2, -1
core   0: 3 0x800012a8 (0x9a7d) x12 0x00000000
core   0: 0x800012aa (0x03585633) divu    a2, a6, s5
core   0: 3 0x800012aa (0x03585633) x12 0x00000000
core   0: 0x800012ae (0xcf93fe93) andi    t4, t2, -775
core   0: 3 0x800012ae (0xcf93fe93) x29 0x00000000
core   0: 0x800012b2 (0x000010dd) c.addi  ra, -9
core   0: 3 0x800012b2 (0x10dd) x 1 0xfffffff4
core   0: 0x800012b4 (0x0000997d) c.andi  a0, -1
core   0: 3 0x800012b4 (0x997d) x10 0x00000000
core   0: 0x800012b6 (0xff60d5e3) bge     ra, s6, pc - 22
core   0: 3 0x800012b6 (0xff60d5e3)
core   0: 0x800012ba (0x0170b3b3) sltu    t2, ra, s7
core   0: 3 0x800012ba (0x0170b3b3) x 7 0x00000000
core   0: 0x800012be (0x015d2cb3) slt     s9, s10, s5
core   0: 3 0x800012be (0x015d2cb3) x25 0x00000001
core   0: 0x800012c2 (0x02d61633) mulh    a2, a2, a3
core   0: 3 0x800012c2 (0x02d61633) x12 0x00000000
core   0: 0x800012c6 (0x56ceea13) ori     s4, t4, 1388
core   0: 3 0x800012c6 (0x56ceea13) x20 0x0000056c
core   0: 0x800012ca (0x00b4a5b3) slt     a1, s1, a1
core   0: 3 0x800012ca (0x00b4a5b3) x11 0x00000000
core   0: 0x800012ce (0x40cad193) srai    gp, s5, 12
core   0: 3 0x800012ce (0x40cad193) x 3 0xffffffff
core   0: 0x800012d2 (0xfad416e3) bne     s0, a3, pc - 84
core   0: 3 0x800012d2 (0xfad416e3)
core   0: 0x8000127e (0x03580bb3) mul     s7, a6, s5
core   0: 3 0x8000127e (0x03580bb3) x23 0x00000811
core   0: 0x80001282 (0x00000405) c.addi  s0, 1
core   0: 3 0x80001282 (0x0405) x 8 0x0000000d
core   0: 0x80001284 (0x00c8d1b3) srl     gp, a7, a2
core   0: 3 0x80001284 (0x00c8d1b3) x 3 0x00000000
core   0: 0x80001288 (0xffd00093) li      ra, -3
core   0: 3 0x80001288 (0xffd00093) x 1 0xfffffffd
core   0: 0x8000128c (0xffc00b13) li      s6, -4
core   0: 3 0x8000128c (0xffc00b13) x22 0xfffffffc
core   0: 0x80001290 (0x0320aeb3) mulhsu  t4, ra, s2
core   0: 3 0x80001290 (0x0320aeb3) x29 0xfffffffe
core   0: 0x80001294 (0x0288d8b3) divu    a7, a7, s0
core   0: 3 0x80001294 (0x0288d8b3) x17 0x00000000
core   0: 0x80001298 (0x00536bb3) or      s7, t1, t0
core   0: 3 0x80001298 (0x00536bb3) x23 0xffffffe3
core   0: 0x8000129c (0x41ae5233) sra     tp, t3, s10
core   0: 3 0x8000129c (0x41ae5233) x 4 0x02000000
core   0: 0x800012a0 (0xed9af813) andi    a6, s5, -295
core   0: 3 0x800012a0 (0xed9af813) x16 0xfffffed9
core   0: 0x800012a4 (0x038682b3) mul     t0, a3, s8
core   0: 3 0x800012a4 (0x038682b3) x 5 0xffffffe0
core   0: 0x800012a8 (0x00009a7d) c.andi  a2, -1
core   0: 3 0x800012a8 (0x9a7d) x12 0x00000000
core   0: 0x800012aa (0x03585633) divu    a2, a6, s5
core   0: 3 0x800012aa (0x03585633) x12 0x00000000
core   0: 0x800012ae (0xcf93fe93) andi    t4, t2, -775
core   0: 3 0x800012ae (0xcf93fe93) x29 0x00000000
core   0: 0x800012b2 (0x000010dd) c.addi  ra, -9
core   0: 3 0x800012b2 (0x10dd) x 1 0xfffffff4
core   0: 0x800012b4 (0x0000997d) c.andi  a0, -1
core   0: 3 0x800012b4 (0x997d) x10 0x00000000
core   0: 0x800012b6 (0xff60d5e3) bge     ra, s6, pc - 22
core   0: 3 0x800012b6 (0xff60d5e3)
core   0: 0x800012ba (0x0170b3b3) sltu    t2, ra, s7
core   0: 3 0x800012ba (0x0170b3b3) x 7 0x00000000
core   0: 0x800012be (0x015d2cb3) slt     s9, s10, s5
core   0: 3 0x800012be (0x015d2cb3) x25 0x00000001
core   0: 0x800012c2 (0x02d61633) mulh    a2, a2, a3
core   0: 3 0x800012c2 (0x02d61633) x12 0x00000000
core   0: 0x800012c6 (0x56ceea13) ori     s4, t4, 1388
core   0: 3 0x800012c6 (0x56ceea13) x20 0x0000056c
core   0: 0x800012ca (0x00b4a5b3) slt     a1, s1, a1
core   0: 3 0x800012ca (0x00b4a5b3) x11 0x00000000
core   0: 0x800012ce (0x40cad193) srai    gp, s5, 12
core   0: 3 0x800012ce (0x40cad193) x 3 0xffffffff
core   0: 0x800012d2 (0xfad416e3) bne     s0, a3, pc - 84
core   0: 3 0x800012d2 (0xfad416e3)
core   0: 0x8000127e (0x03580bb3) mul     s7, a6, s5
core   0: 3 0x8000127e (0x03580bb3) x23 0x00000811
core   0: 0x80001282 (0x00000405) c.addi  s0, 1
core   0: 3 0x80001282 (0x0405) x 8 0x0000000e
core   0: 0x80001284 (0x00c8d1b3) srl     gp, a7, a2
core   0: 3 0x80001284 (0x00c8d1b3) x 3 0x00000000
core   0: 0x80001288 (0xffd00093) li      ra, -3
core   0: 3 0x80001288 (0xffd00093) x 1 0xfffffffd
core   0: 0x8000128c (0xffc00b13) li      s6, -4
core   0: 3 0x8000128c (0xffc00b13) x22 0xfffffffc
core   0: 0x80001290 (0x0320aeb3) mulhsu  t4, ra, s2
core   0: 3 0x80001290 (0x0320aeb3) x29 0xfffffffe
core   0: 0x80001294 (0x0288d8b3) divu    a7, a7, s0
core   0: 3 0x80001294 (0x0288d8b3) x17 0x00000000
core   0: 0x80001298 (0x00536bb3) or      s7, t1, t0
core   0: 3 0x80001298 (0x00536bb3) x23 0xffffffe3
core   0: 0x8000129c (0x41ae5233) sra     tp, t3, s10
core   0: 3 0x8000129c (0x41ae5233) x 4 0x02000000
core   0: 0x800012a0 (0xed9af813) andi    a6, s5, -295
core   0: 3 0x800012a0 (0xed9af813) x16 0xfffffed9
core   0: 0x800012a4 (0x038682b3) mul     t0, a3, s8
core   0: 3 0x800012a4 (0x038682b3) x 5 0xffffffe0
core   0: 0x800012a8 (0x00009a7d) c.andi  a2, -1
core   0: 3 0x800012a8 (0x9a7d) x12 0x00000000
core   0: 0x800012aa (0x03585633) divu    a2, a6, s5
core   0: 3 0x800012aa (0x03585633) x12 0x00000000
core   0: 0x800012ae (0xcf93fe93) andi    t4, t2, -775
core   0: 3 0x800012ae (0xcf93fe93) x29 0x00000000
core   0: 0x800012b2 (0x000010dd) c.addi  ra, -9
core   0: 3 0x800012b2 (0x10dd) x 1 0xfffffff4
core   0: 0x800012b4 (0x0000997d) c.andi  a0, -1
core   0: 3 0x800012b4 (0x997d) x10 0x00000000
core   0: 0x800012b6 (0xff60d5e3) bge     ra, s6, pc - 22
core   0: 3 0x800012b6 (0xff60d5e3)
core   0: 0x800012ba (0x0170b3b3) sltu    t2, ra, s7
core   0: 3 0x800012ba (0x0170b3b3) x 7 0x00000000
core   0: 0x800012be (0x015d2cb3) slt     s9, s10, s5
core   0: 3 0x800012be (0x015d2cb3) x25 0x00000001
core   0: 0x800012c2 (0x02d61633) mulh    a2, a2, a3
core   0: 3 0x800012c2 (0x02d61633) x12 0x00000000
core   0: 0x800012c6 (0x56ceea13) ori     s4, t4, 1388
core   0: 3 0x800012c6 (0x56ceea13) x20 0x0000056c
core   0: 0x800012ca (0x00b4a5b3) slt     a1, s1, a1
core   0: 3 0x800012ca (0x00b4a5b3) x11 0x00000000
core   0: 0x800012ce (0x40cad193) srai    gp, s5, 12
core   0: 3 0x800012ce (0x40cad193) x 3 0xffffffff
core   0: 0x800012d2 (0xfad416e3) bne     s0, a3, pc - 84
core   0: 3 0x800012d2 (0xfad416e3)
core   0: 0x8000127e (0x03580bb3) mul     s7, a6, s5
core   0: 3 0x8000127e (0x03580bb3) x23 0x00000811
core   0: 0x80001282 (0x00000405) c.addi  s0, 1
core   0: 3 0x80001282 (0x0405) x 8 0x0000000f
core   0: 0x80001284 (0x00c8d1b3) srl     gp, a7, a2
core   0: 3 0x80001284 (0x00c8d1b3) x 3 0x00000000
core   0: 0x80001288 (0xffd00093) li      ra, -3
core   0: 3 0x80001288 (0xffd00093) x 1 0xfffffffd
core   0: 0x8000128c (0xffc00b13) li      s6, -4
core   0: 3 0x8000128c (0xffc00b13) x22 0xfffffffc
core   0: 0x80001290 (0x0320aeb3) mulhsu  t4, ra, s2
core   0: 3 0x80001290 (0x0320aeb3) x29 0xfffffffe
core   0: 0x80001294 (0x0288d8b3) divu    a7, a7, s0
core   0: 3 0x80001294 (0x0288d8b3) x17 0x00000000
core   0: 0x80001298 (0x00536bb3) or      s7, t1, t0
core   0: 3 0x80001298 (0x00536bb3) x23 0xffffffe3
core   0: 0x8000129c (0x41ae5233) sra     tp, t3, s10
core   0: 3 0x8000129c (0x41ae5233) x 4 0x02000000
core   0: 0x800012a0 (0xed9af813) andi    a6, s5, -295
core   0: 3 0x800012a0 (0xed9af813) x16 0xfffffed9
core   0: 0x800012a4 (0x038682b3) mul     t0, a3, s8
core   0: 3 0x800012a4 (0x038682b3) x 5 0xffffffe0
core   0: 0x800012a8 (0x00009a7d) c.andi  a2, -1
core   0: 3 0x800012a8 (0x9a7d) x12 0x00000000
core   0: 0x800012aa (0x03585633) divu    a2, a6, s5
core   0: 3 0x800012aa (0x03585633) x12 0x00000000
core   0: 0x800012ae (0xcf93fe93) andi    t4, t2, -775
core   0: 3 0x800012ae (0xcf93fe93) x29 0x00000000
core   0: 0x800012b2 (0x000010dd) c.addi  ra, -9
core   0: 3 0x800012b2 (0x10dd) x 1 0xfffffff4
core   0: 0x800012b4 (0x0000997d) c.andi  a0, -1
core   0: 3 0x800012b4 (0x997d) x10 0x00000000
core   0: 0x800012b6 (0xff60d5e3) bge     ra, s6, pc - 22
core   0: 3 0x800012b6 (0xff60d5e3)
core   0: 0x800012ba (0x0170b3b3) sltu    t2, ra, s7
core   0: 3 0x800012ba (0x0170b3b3) x 7 0x00000000
core   0: 0x800012be (0x015d2cb3) slt     s9, s10, s5
core   0: 3 0x800012be (0x015d2cb3) x25 0x00000001
core   0: 0x800012c2 (0x02d61633) mulh    a2, a2, a3
core   0: 3 0x800012c2 (0x02d61633) x12 0x00000000
core   0: 0x800012c6 (0x56ceea13) ori     s4, t4, 1388
core   0: 3 0x800012c6 (0x56ceea13) x20 0x0000056c
core   0: 0x800012ca (0x00b4a5b3) slt     a1, s1, a1
core   0: 3 0x800012ca (0x00b4a5b3) x11 0x00000000
core   0: 0x800012ce (0x40cad193) srai    gp, s5, 12
core   0: 3 0x800012ce (0x40cad193) x 3 0xffffffff
core   0: 0x800012d2 (0xfad416e3) bne     s0, a3, pc - 84
core   0: 3 0x800012d2 (0xfad416e3)
core   0: 0x8000127e (0x03580bb3) mul     s7, a6, s5
core   0: 3 0x8000127e (0x03580bb3) x23 0x00000811
core   0: 0x80001282 (0x00000405) c.addi  s0, 1
core   0: 3 0x80001282 (0x0405) x 8 0x00000010
core   0: 0x80001284 (0x00c8d1b3) srl     gp, a7, a2
core   0: 3 0x80001284 (0x00c8d1b3) x 3 0x00000000
core   0: 0x80001288 (0xffd00093) li      ra, -3
core   0: 3 0x80001288 (0xffd00093) x 1 0xfffffffd
core   0: 0x8000128c (0xffc00b13) li      s6, -4
core   0: 3 0x8000128c (0xffc00b13) x22 0xfffffffc
core   0: 0x80001290 (0x0320aeb3) mulhsu  t4, ra, s2
core   0: 3 0x80001290 (0x0320aeb3) x29 0xfffffffe
core   0: 0x80001294 (0x0288d8b3) divu    a7, a7, s0
core   0: 3 0x80001294 (0x0288d8b3) x17 0x00000000
core   0: 0x80001298 (0x00536bb3) or      s7, t1, t0
core   0: 3 0x80001298 (0x00536bb3) x23 0xffffffe3
core   0: 0x8000129c (0x41ae5233) sra     tp, t3, s10
core   0: 3 0x8000129c (0x41ae5233) x 4 0x02000000
core   0: 0x800012a0 (0xed9af813) andi    a6, s5, -295
core   0: 3 0x800012a0 (0xed9af813) x16 0xfffffed9
core   0: 0x800012a4 (0x038682b3) mul     t0, a3, s8
core   0: 3 0x800012a4 (0x038682b3) x 5 0xffffffe0
core   0: 0x800012a8 (0x00009a7d) c.andi  a2, -1
core   0: 3 0x800012a8 (0x9a7d) x12 0x00000000
core   0: 0x800012aa (0x03585633) divu    a2, a6, s5
core   0: 3 0x800012aa (0x03585633) x12 0x00000000
core   0: 0x800012ae (0xcf93fe93) andi    t4, t2, -775
core   0: 3 0x800012ae (0xcf93fe93) x29 0x00000000
core   0: 0x800012b2 (0x000010dd) c.addi  ra, -9
core   0: 3 0x800012b2 (0x10dd) x 1 0xfffffff4
core   0: 0x800012b4 (0x0000997d) c.andi  a0, -1
core   0: 3 0x800012b4 (0x997d) x10 0x00000000
core   0: 0x800012b6 (0xff60d5e3) bge     ra, s6, pc - 22
core   0: 3 0x800012b6 (0xff60d5e3)
core   0: 0x800012ba (0x0170b3b3) sltu    t2, ra, s7
core   0: 3 0x800012ba (0x0170b3b3) x 7 0x00000000
core   0: 0x800012be (0x015d2cb3) slt     s9, s10, s5
core   0: 3 0x800012be (0x015d2cb3) x25 0x00000001
core   0: 0x800012c2 (0x02d61633) mulh    a2, a2, a3
core   0: 3 0x800012c2 (0x02d61633) x12 0x00000000
core   0: 0x800012c6 (0x56ceea13) ori     s4, t4, 1388
core   0: 3 0x800012c6 (0x56ceea13) x20 0x0000056c
core   0: 0x800012ca (0x00b4a5b3) slt     a1, s1, a1
core   0: 3 0x800012ca (0x00b4a5b3) x11 0x00000000
core   0: 0x800012ce (0x40cad193) srai    gp, s5, 12
core   0: 3 0x800012ce (0x40cad193) x 3 0xffffffff
core   0: 0x800012d2 (0xfad416e3) bne     s0, a3, pc - 84
core   0: 3 0x800012d2 (0xfad416e3)
core   0: 0x800012d6 (0x0382c2b3) div     t0, t0, s8
core   0: 3 0x800012d6 (0x0382c2b3) x 5 0x00000010
core   0: 0x800012da (0xff600093) li      ra, -10
core   0: 3 0x800012da (0xff600093) x 1 0xfffffff6
core   0: 0x800012de (0x000092f6) c.add   t0, t4
core   0: 3 0x800012de (0x92f6) x 5 0x00000010
core   0: 0x800012e0 (0x011d3c33) sltu    s8, s10, a7
core   0: 3 0x800012e0 (0x011d3c33) x24 0x00000000
core   0: 0x800012e4 (0x00000001) c.nop
core   0: 3 0x800012e4 (0x0001)
core   0: 0x800012e6 (0x00004a41) c.li    s4, 16
core   0: 3 0x800012e6 (0x4a41) x20 0x00000010
core   0: 0x800012e8 (0x00200413) li      s0, 2
core   0: 3 0x800012e8 (0x00200413) x 8 0x00000002
core   0: 0x800012ec (0xcb7daa93) slti    s5, s11, -841
core   0: 3 0x800012ec (0xcb7daa93) x21 0x00000000
core   0: 0x800012f0 (0x027eb5b3) mulhu   a1, t4, t2
core   0: 3 0x800012f0 (0x027eb5b3) x11 0x00000000
core   0: 0x800012f4 (0x00981533) sll     a0, a6, s1
core   0: 3 0x800012f4 (0x00981533) x10 0xfffffed9
core   0: 0x800012f8 (0x02b48bb3) mul     s7, s1, a1
core   0: 3 0x800012f8 (0x02b48bb3) x23 0x00000000
core   0: 0x800012fc (0xd5794ab7) lui     s5, 0xd5794
core   0: 3 0x800012fc (0xd5794ab7) x21 0xd5794000
core   0: 0x80001300 (0x03e3a533) mulhsu  a0, t2, t5
core   0: 3 0x80001300 (0x03e3a533) x10 0x00000000
core   0: 0x80001304 (0x02002b33) mulhsu  s6, zero, zero
core   0: 3 0x80001304 (0x02002b33) x22 0x00000000
core   0: 0x80001308 (0x00000085) c.addi  ra, 1
core   0: 3 0x80001308 (0x0085) x 1 0xfffffff7
core   0: 0x8000130a (0x00c12cb3) slt     s9, sp, a2
core   0: 3 0x8000130a (0x00c12cb3) x25 0x00000001
core   0: 0x8000130e (0x41165533) sra     a0, a2, a7
core   0: 3 0x8000130e (0x41165533) x10 0x00000000
core   0: 0x80001312 (0x00d9e4b3) or      s1, s3, a3
core   0: 3 0x80001312 (0x00d9e4b3) x 9 0x80027054
core   0: 0x80001316 (0xfc809be3) bne     ra, s0, pc - 42
core   0: 3 0x80001316 (0xfc809be3)
core   0: 0x800012ec (0xcb7daa93) slti    s5, s11, -841
core   0: 3 0x800012ec (0xcb7daa93) x21 0x00000000
core   0: 0x800012f0 (0x027eb5b3) mulhu   a1, t4, t2
core   0: 3 0x800012f0 (0x027eb5b3) x11 0x00000000
core   0: 0x800012f4 (0x00981533) sll     a0, a6, s1
core   0: 3 0x800012f4 (0x00981533) x10 0xed900000
core   0: 0x800012f8 (0x02b48bb3) mul     s7, s1, a1
core   0: 3 0x800012f8 (0x02b48bb3) x23 0x00000000
core   0: 0x800012fc (0xd5794ab7) lui     s5, 0xd5794
core   0: 3 0x800012fc (0xd5794ab7) x21 0xd5794000
core   0: 0x80001300 (0x03e3a533) mulhsu  a0, t2, t5
core   0: 3 0x80001300 (0x03e3a533) x10 0x00000000
core   0: 0x80001304 (0x02002b33) mulhsu  s6, zero, zero
core   0: 3 0x80001304 (0x02002b33) x22 0x00000000
core   0: 0x80001308 (0x00000085) c.addi  ra, 1
core   0: 3 0x80001308 (0x0085) x 1 0xfffffff8
core   0: 0x8000130a (0x00c12cb3) slt     s9, sp, a2
core   0: 3 0x8000130a (0x00c12cb3) x25 0x00000001
core   0: 0x8000130e (0x41165533) sra     a0, a2, a7
core   0: 3 0x8000130e (0x41165533) x10 0x00000000
core   0: 0x80001312 (0x00d9e4b3) or      s1, s3, a3
core   0: 3 0x80001312 (0x00d9e4b3) x 9 0x80027054
core   0: 0x80001316 (0xfc809be3) bne     ra, s0, pc - 42
core   0: 3 0x80001316 (0xfc809be3)
core   0: 0x800012ec (0xcb7daa93) slti    s5, s11, -841
core   0: 3 0x800012ec (0xcb7daa93) x21 0x00000000
core   0: 0x800012f0 (0x027eb5b3) mulhu   a1, t4, t2
core   0: 3 0x800012f0 (0x027eb5b3) x11 0x00000000
core   0: 0x800012f4 (0x00981533) sll     a0, a6, s1
core   0: 3 0x800012f4 (0x00981533) x10 0xed900000
core   0: 0x800012f8 (0x02b48bb3) mul     s7, s1, a1
core   0: 3 0x800012f8 (0x02b48bb3) x23 0x00000000
core   0: 0x800012fc (0xd5794ab7) lui     s5, 0xd5794
core   0: 3 0x800012fc (0xd5794ab7) x21 0xd5794000
core   0: 0x80001300 (0x03e3a533) mulhsu  a0, t2, t5
core   0: 3 0x80001300 (0x03e3a533) x10 0x00000000
core   0: 0x80001304 (0x02002b33) mulhsu  s6, zero, zero
core   0: 3 0x80001304 (0x02002b33) x22 0x00000000
core   0: 0x80001308 (0x00000085) c.addi  ra, 1
core   0: 3 0x80001308 (0x0085) x 1 0xfffffff9
core   0: 0x8000130a (0x00c12cb3) slt     s9, sp, a2
core   0: 3 0x8000130a (0x00c12cb3) x25 0x00000001
core   0: 0x8000130e (0x41165533) sra     a0, a2, a7
core   0: 3 0x8000130e (0x41165533) x10 0x00000000
core   0: 0x80001312 (0x00d9e4b3) or      s1, s3, a3
core   0: 3 0x80001312 (0x00d9e4b3) x 9 0x80027054
core   0: 0x80001316 (0xfc809be3) bne     ra, s0, pc - 42
core   0: 3 0x80001316 (0xfc809be3)
core   0: 0x800012ec (0xcb7daa93) slti    s5, s11, -841
core   0: 3 0x800012ec (0xcb7daa93) x21 0x00000000
core   0: 0x800012f0 (0x027eb5b3) mulhu   a1, t4, t2
core   0: 3 0x800012f0 (0x027eb5b3) x11 0x00000000
core   0: 0x800012f4 (0x00981533) sll     a0, a6, s1
core   0: 3 0x800012f4 (0x00981533) x10 0xed900000
core   0: 0x800012f8 (0x02b48bb3) mul     s7, s1, a1
core   0: 3 0x800012f8 (0x02b48bb3) x23 0x00000000
core   0: 0x800012fc (0xd5794ab7) lui     s5, 0xd5794
core   0: 3 0x800012fc (0xd5794ab7) x21 0xd5794000
core   0: 0x80001300 (0x03e3a533) mulhsu  a0, t2, t5
core   0: 3 0x80001300 (0x03e3a533) x10 0x00000000
core   0: 0x80001304 (0x02002b33) mulhsu  s6, zero, zero
core   0: 3 0x80001304 (0x02002b33) x22 0x00000000
core   0: 0x80001308 (0x00000085) c.addi  ra, 1
core   0: 3 0x80001308 (0x0085) x 1 0xfffffffa
core   0: 0x8000130a (0x00c12cb3) slt     s9, sp, a2
core   0: 3 0x8000130a (0x00c12cb3) x25 0x00000001
core   0: 0x8000130e (0x41165533) sra     a0, a2, a7
core   0: 3 0x8000130e (0x41165533) x10 0x00000000
core   0: 0x80001312 (0x00d9e4b3) or      s1, s3, a3
core   0: 3 0x80001312 (0x00d9e4b3) x 9 0x80027054
core   0: 0x80001316 (0xfc809be3) bne     ra, s0, pc - 42
core   0: 3 0x80001316 (0xfc809be3)
core   0: 0x800012ec (0xcb7daa93) slti    s5, s11, -841
core   0: 3 0x800012ec (0xcb7daa93) x21 0x00000000
core   0: 0x800012f0 (0x027eb5b3) mulhu   a1, t4, t2
core   0: 3 0x800012f0 (0x027eb5b3) x11 0x00000000
core   0: 0x800012f4 (0x00981533) sll     a0, a6, s1
core   0: 3 0x800012f4 (0x00981533) x10 0xed900000
core   0: 0x800012f8 (0x02b48bb3) mul     s7, s1, a1
core   0: 3 0x800012f8 (0x02b48bb3) x23 0x00000000
core   0: 0x800012fc (0xd5794ab7) lui     s5, 0xd5794
core   0: 3 0x800012fc (0xd5794ab7) x21 0xd5794000
core   0: 0x80001300 (0x03e3a533) mulhsu  a0, t2, t5
core   0: 3 0x80001300 (0x03e3a533) x10 0x00000000
core   0: 0x80001304 (0x02002b33) mulhsu  s6, zero, zero
core   0: 3 0x80001304 (0x02002b33) x22 0x00000000
core   0: 0x80001308 (0x00000085) c.addi  ra, 1
core   0: 3 0x80001308 (0x0085) x 1 0xfffffffb
core   0: 0x8000130a (0x00c12cb3) slt     s9, sp, a2
core   0: 3 0x8000130a (0x00c12cb3) x25 0x00000001
core   0: 0x8000130e (0x41165533) sra     a0, a2, a7
core   0: 3 0x8000130e (0x41165533) x10 0x00000000
core   0: 0x80001312 (0x00d9e4b3) or      s1, s3, a3
core   0: 3 0x80001312 (0x00d9e4b3) x 9 0x80027054
core   0: 0x80001316 (0xfc809be3) bne     ra, s0, pc - 42
core   0: 3 0x80001316 (0xfc809be3)
core   0: 0x800012ec (0xcb7daa93) slti    s5, s11, -841
core   0: 3 0x800012ec (0xcb7daa93) x21 0x00000000
core   0: 0x800012f0 (0x027eb5b3) mulhu   a1, t4, t2
core   0: 3 0x800012f0 (0x027eb5b3) x11 0x00000000
core   0: 0x800012f4 (0x00981533) sll     a0, a6, s1
core   0: 3 0x800012f4 (0x00981533) x10 0xed900000
core   0: 0x800012f8 (0x02b48bb3) mul     s7, s1, a1
core   0: 3 0x800012f8 (0x02b48bb3) x23 0x00000000
core   0: 0x800012fc (0xd5794ab7) lui     s5, 0xd5794
core   0: 3 0x800012fc (0xd5794ab7) x21 0xd5794000
core   0: 0x80001300 (0x03e3a533) mulhsu  a0, t2, t5
core   0: 3 0x80001300 (0x03e3a533) x10 0x00000000
core   0: 0x80001304 (0x02002b33) mulhsu  s6, zero, zero
core   0: 3 0x80001304 (0x02002b33) x22 0x00000000
core   0: 0x80001308 (0x00000085) c.addi  ra, 1
core   0: 3 0x80001308 (0x0085) x 1 0xfffffffc
core   0: 0x8000130a (0x00c12cb3) slt     s9, sp, a2
core   0: 3 0x8000130a (0x00c12cb3) x25 0x00000001
core   0: 0x8000130e (0x41165533) sra     a0, a2, a7
core   0: 3 0x8000130e (0x41165533) x10 0x00000000
core   0: 0x80001312 (0x00d9e4b3) or      s1, s3, a3
core   0: 3 0x80001312 (0x00d9e4b3) x 9 0x80027054
core   0: 0x80001316 (0xfc809be3) bne     ra, s0, pc - 42
core   0: 3 0x80001316 (0xfc809be3)
core   0: 0x800012ec (0xcb7daa93) slti    s5, s11, -841
core   0: 3 0x800012ec (0xcb7daa93) x21 0x00000000
core   0: 0x800012f0 (0x027eb5b3) mulhu   a1, t4, t2
core   0: 3 0x800012f0 (0x027eb5b3) x11 0x00000000
core   0: 0x800012f4 (0x00981533) sll     a0, a6, s1
core   0: 3 0x800012f4 (0x00981533) x10 0xed900000
core   0: 0x800012f8 (0x02b48bb3) mul     s7, s1, a1
core   0: 3 0x800012f8 (0x02b48bb3) x23 0x00000000
core   0: 0x800012fc (0xd5794ab7) lui     s5, 0xd5794
core   0: 3 0x800012fc (0xd5794ab7) x21 0xd5794000
core   0: 0x80001300 (0x03e3a533) mulhsu  a0, t2, t5
core   0: 3 0x80001300 (0x03e3a533) x10 0x00000000
core   0: 0x80001304 (0x02002b33) mulhsu  s6, zero, zero
core   0: 3 0x80001304 (0x02002b33) x22 0x00000000
core   0: 0x80001308 (0x00000085) c.addi  ra, 1
core   0: 3 0x80001308 (0x0085) x 1 0xfffffffd
core   0: 0x8000130a (0x00c12cb3) slt     s9, sp, a2
core   0: 3 0x8000130a (0x00c12cb3) x25 0x00000001
core   0: 0x8000130e (0x41165533) sra     a0, a2, a7
core   0: 3 0x8000130e (0x41165533) x10 0x00000000
core   0: 0x80001312 (0x00d9e4b3) or      s1, s3, a3
core   0: 3 0x80001312 (0x00d9e4b3) x 9 0x80027054
core   0: 0x80001316 (0xfc809be3) bne     ra, s0, pc - 42
core   0: 3 0x80001316 (0xfc809be3)
core   0: 0x800012ec (0xcb7daa93) slti    s5, s11, -841
core   0: 3 0x800012ec (0xcb7daa93) x21 0x00000000
core   0: 0x800012f0 (0x027eb5b3) mulhu   a1, t4, t2
core   0: 3 0x800012f0 (0x027eb5b3) x11 0x00000000
core   0: 0x800012f4 (0x00981533) sll     a0, a6, s1
core   0: 3 0x800012f4 (0x00981533) x10 0xed900000
core   0: 0x800012f8 (0x02b48bb3) mul     s7, s1, a1
core   0: 3 0x800012f8 (0x02b48bb3) x23 0x00000000
core   0: 0x800012fc (0xd5794ab7) lui     s5, 0xd5794
core   0: 3 0x800012fc (0xd5794ab7) x21 0xd5794000
core   0: 0x80001300 (0x03e3a533) mulhsu  a0, t2, t5
core   0: 3 0x80001300 (0x03e3a533) x10 0x00000000
core   0: 0x80001304 (0x02002b33) mulhsu  s6, zero, zero
core   0: 3 0x80001304 (0x02002b33) x22 0x00000000
core   0: 0x80001308 (0x00000085) c.addi  ra, 1
core   0: 3 0x80001308 (0x0085) x 1 0xfffffffe
core   0: 0x8000130a (0x00c12cb3) slt     s9, sp, a2
core   0: 3 0x8000130a (0x00c12cb3) x25 0x00000001
core   0: 0x8000130e (0x41165533) sra     a0, a2, a7
core   0: 3 0x8000130e (0x41165533) x10 0x00000000
core   0: 0x80001312 (0x00d9e4b3) or      s1, s3, a3
core   0: 3 0x80001312 (0x00d9e4b3) x 9 0x80027054
core   0: 0x80001316 (0xfc809be3) bne     ra, s0, pc - 42
core   0: 3 0x80001316 (0xfc809be3)
core   0: 0x800012ec (0xcb7daa93) slti    s5, s11, -841
core   0: 3 0x800012ec (0xcb7daa93) x21 0x00000000
core   0: 0x800012f0 (0x027eb5b3) mulhu   a1, t4, t2
core   0: 3 0x800012f0 (0x027eb5b3) x11 0x00000000
core   0: 0x800012f4 (0x00981533) sll     a0, a6, s1
core   0: 3 0x800012f4 (0x00981533) x10 0xed900000
core   0: 0x800012f8 (0x02b48bb3) mul     s7, s1, a1
core   0: 3 0x800012f8 (0x02b48bb3) x23 0x00000000
core   0: 0x800012fc (0xd5794ab7) lui     s5, 0xd5794
core   0: 3 0x800012fc (0xd5794ab7) x21 0xd5794000
core   0: 0x80001300 (0x03e3a533) mulhsu  a0, t2, t5
core   0: 3 0x80001300 (0x03e3a533) x10 0x00000000
core   0: 0x80001304 (0x02002b33) mulhsu  s6, zero, zero
core   0: 3 0x80001304 (0x02002b33) x22 0x00000000
core   0: 0x80001308 (0x00000085) c.addi  ra, 1
core   0: 3 0x80001308 (0x0085) x 1 0xffffffff
core   0: 0x8000130a (0x00c12cb3) slt     s9, sp, a2
core   0: 3 0x8000130a (0x00c12cb3) x25 0x00000001
core   0: 0x8000130e (0x41165533) sra     a0, a2, a7
core   0: 3 0x8000130e (0x41165533) x10 0x00000000
core   0: 0x80001312 (0x00d9e4b3) or      s1, s3, a3
core   0: 3 0x80001312 (0x00d9e4b3) x 9 0x80027054
core   0: 0x80001316 (0xfc809be3) bne     ra, s0, pc - 42
core   0: 3 0x80001316 (0xfc809be3)
core   0: 0x800012ec (0xcb7daa93) slti    s5, s11, -841
core   0: 3 0x800012ec (0xcb7daa93) x21 0x00000000
core   0: 0x800012f0 (0x027eb5b3) mulhu   a1, t4, t2
core   0: 3 0x800012f0 (0x027eb5b3) x11 0x00000000
core   0: 0x800012f4 (0x00981533) sll     a0, a6, s1
core   0: 3 0x800012f4 (0x00981533) x10 0xed900000
core   0: 0x800012f8 (0x02b48bb3) mul     s7, s1, a1
core   0: 3 0x800012f8 (0x02b48bb3) x23 0x00000000
core   0: 0x800012fc (0xd5794ab7) lui     s5, 0xd5794
core   0: 3 0x800012fc (0xd5794ab7) x21 0xd5794000
core   0: 0x80001300 (0x03e3a533) mulhsu  a0, t2, t5
core   0: 3 0x80001300 (0x03e3a533) x10 0x00000000
core   0: 0x80001304 (0x02002b33) mulhsu  s6, zero, zero
core   0: 3 0x80001304 (0x02002b33) x22 0x00000000
core   0: 0x80001308 (0x00000085) c.addi  ra, 1
core   0: 3 0x80001308 (0x0085) x 1 0x00000000
core   0: 0x8000130a (0x00c12cb3) slt     s9, sp, a2
core   0: 3 0x8000130a (0x00c12cb3) x25 0x00000001
core   0: 0x8000130e (0x41165533) sra     a0, a2, a7
core   0: 3 0x8000130e (0x41165533) x10 0x00000000
core   0: 0x80001312 (0x00d9e4b3) or      s1, s3, a3
core   0: 3 0x80001312 (0x00d9e4b3) x 9 0x80027054
core   0: 0x80001316 (0xfc809be3) bne     ra, s0, pc - 42
core   0: 3 0x80001316 (0xfc809be3)
core   0: 0x800012ec (0xcb7daa93) slti    s5, s11, -841
core   0: 3 0x800012ec (0xcb7daa93) x21 0x00000000
core   0: 0x800012f0 (0x027eb5b3) mulhu   a1, t4, t2
core   0: 3 0x800012f0 (0x027eb5b3) x11 0x00000000
core   0: 0x800012f4 (0x00981533) sll     a0, a6, s1
core   0: 3 0x800012f4 (0x00981533) x10 0xed900000
core   0: 0x800012f8 (0x02b48bb3) mul     s7, s1, a1
core   0: 3 0x800012f8 (0x02b48bb3) x23 0x00000000
core   0: 0x800012fc (0xd5794ab7) lui     s5, 0xd5794
core   0: 3 0x800012fc (0xd5794ab7) x21 0xd5794000
core   0: 0x80001300 (0x03e3a533) mulhsu  a0, t2, t5
core   0: 3 0x80001300 (0x03e3a533) x10 0x00000000
core   0: 0x80001304 (0x02002b33) mulhsu  s6, zero, zero
core   0: 3 0x80001304 (0x02002b33) x22 0x00000000
core   0: 0x80001308 (0x00000085) c.addi  ra, 1
core   0: 3 0x80001308 (0x0085) x 1 0x00000001
core   0: 0x8000130a (0x00c12cb3) slt     s9, sp, a2
core   0: 3 0x8000130a (0x00c12cb3) x25 0x00000001
core   0: 0x8000130e (0x41165533) sra     a0, a2, a7
core   0: 3 0x8000130e (0x41165533) x10 0x00000000
core   0: 0x80001312 (0x00d9e4b3) or      s1, s3, a3
core   0: 3 0x80001312 (0x00d9e4b3) x 9 0x80027054
core   0: 0x80001316 (0xfc809be3) bne     ra, s0, pc - 42
core   0: 3 0x80001316 (0xfc809be3)
core   0: 0x800012ec (0xcb7daa93) slti    s5, s11, -841
core   0: 3 0x800012ec (0xcb7daa93) x21 0x00000000
core   0: 0x800012f0 (0x027eb5b3) mulhu   a1, t4, t2
core   0: 3 0x800012f0 (0x027eb5b3) x11 0x00000000
core   0: 0x800012f4 (0x00981533) sll     a0, a6, s1
core   0: 3 0x800012f4 (0x00981533) x10 0xed900000
core   0: 0x800012f8 (0x02b48bb3) mul     s7, s1, a1
core   0: 3 0x800012f8 (0x02b48bb3) x23 0x00000000
core   0: 0x800012fc (0xd5794ab7) lui     s5, 0xd5794
core   0: 3 0x800012fc (0xd5794ab7) x21 0xd5794000
core   0: 0x80001300 (0x03e3a533) mulhsu  a0, t2, t5
core   0: 3 0x80001300 (0x03e3a533) x10 0x00000000
core   0: 0x80001304 (0x02002b33) mulhsu  s6, zero, zero
core   0: 3 0x80001304 (0x02002b33) x22 0x00000000
core   0: 0x80001308 (0x00000085) c.addi  ra, 1
core   0: 3 0x80001308 (0x0085) x 1 0x00000002
core   0: 0x8000130a (0x00c12cb3) slt     s9, sp, a2
core   0: 3 0x8000130a (0x00c12cb3) x25 0x00000001
core   0: 0x8000130e (0x41165533) sra     a0, a2, a7
core   0: 3 0x8000130e (0x41165533) x10 0x00000000
core   0: 0x80001312 (0x00d9e4b3) or      s1, s3, a3
core   0: 3 0x80001312 (0x00d9e4b3) x 9 0x80027054
core   0: 0x80001316 (0xfc809be3) bne     ra, s0, pc - 42
core   0: 3 0x80001316 (0xfc809be3)
core   0: 0x8000131a (0x00008dd5) c.or    a1, a3
core   0: 3 0x8000131a (0x8dd5) x11 0x00000010
core   0: 0x8000131c (0xff900693) li      a3, -7
core   0: 3 0x8000131c (0xff900693) x13 0xfffffff9
core   0: 0x80001320 (0x00009b7d) c.andi  a4, -1
core   0: 3 0x80001320 (0x9b7d) x14 0x00000000
core   0: 0x80001322 (0x00000001) c.nop
core   0: 3 0x80001322 (0x0001)
core   0: 0x80001324 (0x026118b3) mulh    a7, sp, t1
core   0: 3 0x80001324 (0x026118b3) x17 0xfffffffe
core   0: 0x80001328 (0x4f077493) andi    s1, a4, 1264
core   0: 3 0x80001328 (0x4f077493) x 9 0x00000000
core   0: 0x8000132c (0x00000685) c.addi  a3, 1
core   0: 3 0x8000132c (0x0685) x13 0xfffffffa
core   0: 0x8000132e (0x027675b3) remu    a1, a2, t2
core   0: 3 0x8000132e (0x027675b3) x11 0x00000000
core   0: 0x80001332 (0x0000dafd) c.beqz  a3, pc - 10
core   0: 3 0x80001332 (0xdafd)
core   0: 0x80001334 (0x0000663d) c.lui   a2, 0xf
core   0: 3 0x80001334 (0x663d) x12 0x0000f000
core   0: 0x80001336 (0xffd00613) li      a2, -3
core   0: 3 0x80001336 (0xffd00613) x12 0xfffffffd
core   0: 0x8000133a (0xdcd44213) xori    tp, s0, -563
core   0: 3 0x8000133a (0xdcd44213) x 4 0xfffffdcf
core   0: 0x8000133e (0x00008e91) c.sub   a3, a2
core   0: 3 0x8000133e (0x8e91) x13 0xfffffffd
core   0: 0x80001340 (0x00a00b93) li      s7, 10
core   0: 3 0x80001340 (0x00a00b93) x23 0x0000000a
core   0: 0x80001344 (0x00001ffd) c.addi  t6, -1
core   0: 3 0x80001344 (0x1ffd) x31 0xffffffff
core   0: 0x80001346 (0x02d88e33) mul     t3, a7, a3
core   0: 3 0x80001346 (0x02d88e33) x28 0x00000006
core   0: 0x8000134a (0x00008c19) c.sub   s0, a4
core   0: 3 0x8000134a (0x8c19) x 8 0x00000002
core   0: 0x8000134c (0x00000621) c.addi  a2, 8
core   0: 3 0x8000134c (0x0621) x12 0x00000005
core   0: 0x8000134e (0x03a61233) mulh    tp, a2, s10
core   0: 3 0x8000134e (0x03a61233) x 4 0xfffffffd
core   0: 0x80001352 (0x03912ab3) mulhsu  s5, sp, s9
core   0: 3 0x80001352 (0x03912ab3) x21 0xffffffff
core   0: 0x80001356 (0x39205497) auipc   s1, 0x39205
core   0: 3 0x80001356 (0x39205497) x 9 0xb9206356
core   0: 0x8000135a (0x02d7c1b3) div     gp, a5, a3
core   0: 3 0x8000135a (0x02d7c1b3) x 3 0x00000000
core   0: 0x8000135e (0xff800593) li      a1, -8
core   0: 3 0x8000135e (0xff800593) x11 0xfffffff8
core   0: 0x80001362 (0x00004e89) c.li    t4, 2
core   0: 3 0x80001362 (0x4e89) x29 0x00000002
core   0: 0x80001364 (0x00000001) c.nop
core   0: 3 0x80001364 (0x0001)
core   0: 0x80001366 (0x0000100f) fence.i
core   0: 3 0x80001366 (0x0000100f)
core   0: 0x8000136a (0x00008c19) c.sub   s0, a4
core   0: 3 0x8000136a (0x8c19) x 8 0x00000002
core   0: 0x8000136c (0x03fba1b3) mulhsu  gp, s7, t6
core   0: 3 0x8000136c (0x03fba1b3) x 3 0x00000009
core   0: 0x80001370 (0x00008942) c.mv    s2, a6
core   0: 3 0x80001370 (0x8942) x18 0xfffffed9
core   0: 0x80001372 (0x0216feb3) remu    t4, a3, ra
core   0: 3 0x80001372 (0x0216feb3) x29 0x00000001
core   0: 0x80001376 (0x00000585) c.addi  a1, 1
core   0: 3 0x80001376 (0x0585) x11 0xfffffff9
core   0: 0x80001378 (0x02c7a233) mulhsu  tp, a5, a2
core   0: 3 0x80001378 (0x02c7a233) x 4 0x00000000
core   0: 0x8000137c (0x000091da) c.add   gp, s6
core   0: 3 0x8000137c (0x91da) x 3 0x00000009
core   0: 0x8000137e (0x02b4af33) mulhsu  t5, s1, a1
core   0: 3 0x8000137e (0x02b4af33) x30 0xb9206357
core   0: 0x80001382 (0x026a54b3) divu    s1, s4, t1
core   0: 3 0x80001382 (0x026a54b3) x 9 0x00000005
core   0: 0x80001386 (0x0000d5ed) c.beqz  a1, pc - 22
core   0: 3 0x80001386 (0xd5ed)
core   0: 0x80001388 (0x0171d433) srl     s0, gp, s7
core   0: 3 0x80001388 (0x0171d433) x 8 0x00000000
core   0: 0x8000138c (0x032b6333) rem     t1, s6, s2
core   0: 3 0x8000138c (0x032b6333) x 6 0x00000000
core   0: 0x80001390 (0x03e7d0b3) divu    ra, a5, t5
core   0: 3 0x80001390 (0x03e7d0b3) x 1 0x00000000
core   0: 0x80001394 (0x0ff0000f) fence   iorw,iorw
core   0: 3 0x80001394 (0x0ff0000f)
core   0: 0x80001398 (0x02a7bcb3) mulhu   s9, a5, a0
core   0: 3 0x80001398 (0x02a7bcb3) x25 0x00000000
core   0: 0x8000139c (0xfb7645e3) blt     a2, s7, pc - 86
core   0: 3 0x8000139c (0xfb7645e3)
core   0: 0x80001346 (0x02d88e33) mul     t3, a7, a3
core   0: 3 0x80001346 (0x02d88e33) x28 0x00000006
core   0: 0x8000134a (0x00008c19) c.sub   s0, a4
core   0: 3 0x8000134a (0x8c19) x 8 0x00000000
core   0: 0x8000134c (0x00000621) c.addi  a2, 8
core   0: 3 0x8000134c (0x0621) x12 0x0000000d
core   0: 0x8000134e (0x03a61233) mulh    tp, a2, s10
core   0: 3 0x8000134e (0x03a61233) x 4 0xfffffff9
core   0: 0x80001352 (0x03912ab3) mulhsu  s5, sp, s9
core   0: 3 0x80001352 (0x03912ab3) x21 0x00000000
core   0: 0x80001356 (0x39205497) auipc   s1, 0x39205
core   0: 3 0x80001356 (0x39205497) x 9 0xb9206356
core   0: 0x8000135a (0x02d7c1b3) div     gp, a5, a3
core   0: 3 0x8000135a (0x02d7c1b3) x 3 0x00000000
core   0: 0x8000135e (0xff800593) li      a1, -8
core   0: 3 0x8000135e (0xff800593) x11 0xfffffff8
core   0: 0x80001362 (0x00004e89) c.li    t4, 2
core   0: 3 0x80001362 (0x4e89) x29 0x00000002
core   0: 0x80001364 (0x00000001) c.nop
core   0: 3 0x80001364 (0x0001)
core   0: 0x80001366 (0x0000100f) fence.i
core   0: 3 0x80001366 (0x0000100f)
core   0: 0x8000136a (0x00008c19) c.sub   s0, a4
core   0: 3 0x8000136a (0x8c19) x 8 0x00000000
core   0: 0x8000136c (0x03fba1b3) mulhsu  gp, s7, t6
core   0: 3 0x8000136c (0x03fba1b3) x 3 0x00000009
core   0: 0x80001370 (0x00008942) c.mv    s2, a6
core   0: 3 0x80001370 (0x8942) x18 0xfffffed9
core   0: 0x80001372 (0x0216feb3) remu    t4, a3, ra
core   0: 3 0x80001372 (0x0216feb3) x29 0xfffffffd
core   0: 0x80001376 (0x00000585) c.addi  a1, 1
core   0: 3 0x80001376 (0x0585) x11 0xfffffff9
core   0: 0x80001378 (0x02c7a233) mulhsu  tp, a5, a2
core   0: 3 0x80001378 (0x02c7a233) x 4 0x00000000
core   0: 0x8000137c (0x000091da) c.add   gp, s6
core   0: 3 0x8000137c (0x91da) x 3 0x00000009
core   0: 0x8000137e (0x02b4af33) mulhsu  t5, s1, a1
core   0: 3 0x8000137e (0x02b4af33) x30 0xb9206357
core   0: 0x80001382 (0x026a54b3) divu    s1, s4, t1
core   0: 3 0x80001382 (0x026a54b3) x 9 0xffffffff
core   0: 0x80001386 (0x0000d5ed) c.beqz  a1, pc - 22
core   0: 3 0x80001386 (0xd5ed)
core   0: 0x80001388 (0x0171d433) srl     s0, gp, s7
core   0: 3 0x80001388 (0x0171d433) x 8 0x00000000
core   0: 0x8000138c (0x032b6333) rem     t1, s6, s2
core   0: 3 0x8000138c (0x032b6333) x 6 0x00000000
core   0: 0x80001390 (0x03e7d0b3) divu    ra, a5, t5
core   0: 3 0x80001390 (0x03e7d0b3) x 1 0x00000000
core   0: 0x80001394 (0x0ff0000f) fence   iorw,iorw
core   0: 3 0x80001394 (0x0ff0000f)
core   0: 0x80001398 (0x02a7bcb3) mulhu   s9, a5, a0
core   0: 3 0x80001398 (0x02a7bcb3) x25 0x00000000
core   0: 0x8000139c (0xfb7645e3) blt     a2, s7, pc - 86
core   0: 3 0x8000139c (0xfb7645e3)
core   0: 0x800013a0 (0x00000aca) c.slli  s5, 18
core   0: 3 0x800013a0 (0x0aca) x21 0x00000000
core   0: 0x800013a2 (0xfff00593) li      a1, -1
core   0: 3 0x800013a2 (0xfff00593) x11 0xffffffff
core   0: 0x800013a6 (0x03735633) divu    a2, t1, s7
core   0: 3 0x800013a6 (0x03735633) x12 0x00000000
core   0: 0x800013aa (0x03069533) mulh    a0, a3, a6
core   0: 3 0x800013aa (0x03069533) x10 0x00000000
core   0: 0x800013ae (0x00000001) c.nop
core   0: 3 0x800013ae (0x0001)
core   0: 0x800013b0 (0x020504b3) mul     s1, a0, zero
core   0: 3 0x800013b0 (0x020504b3) x 9 0x00000000
core   0: 0x800013b4 (0x00008cf9) c.and   s1, a4
core   0: 3 0x800013b4 (0x8cf9) x 9 0x00000000
core   0: 0x800013b6 (0x000089fe) c.mv    s3, t6
core   0: 3 0x800013b6 (0x89fe) x19 0xffffffff
core   0: 0x800013b8 (0x0000100f) fence.i
core   0: 3 0x800013b8 (0x0000100f)
core   0: 0x800013bc (0x411e5f93) srai    t6, t3, 17
core   0: 3 0x800013bc (0x411e5f93) x31 0x00000000
core   0: 0x800013c0 (0x00008361) c.srli  a4, 24
core   0: 3 0x800013c0 (0x8361) x14 0x00000000
core   0: 0x800013c2 (0x00008c3d) c.xor   s0, a5
core   0: 3 0x800013c2 (0x8c3d) x 8 0x00000000
core   0: 0x800013c4 (0x013a32b3) sltu    t0, s4, s3
core   0: 3 0x800013c4 (0x013a32b3) x 5 0x00000001
core   0: 0x800013c8 (0x00f00c13) li      s8, 15
core   0: 3 0x800013c8 (0x00f00c13) x24 0x0000000f
core   0: 0x800013cc (0x013db733) sltu    a4, s11, s3
core   0: 3 0x800013cc (0x013db733) x14 0x00000001
core   0: 0x800013d0 (0x00001510) c.addi4spn a2, sp, 672
core   0: 3 0x800013d0 (0x1510) x12 0x80026f84
core   0: 0x800013d2 (0xace8b813) sltiu   a6, a7, -1330
core   0: 3 0x800013d2 (0xace8b813) x16 0x00000000
core   0: 0x800013d6 (0x00a7bfb3) sltu    t6, a5, a0
core   0: 3 0x800013d6 (0x00a7bfb3) x31 0x00000000
core   0: 0x800013da (0x02693533) mulhu   a0, s2, t1
core   0: 3 0x800013da (0x02693533) x10 0x00000000
core   0: 0x800013de (0x93643e17) auipc   t3, 0x93643
core   0: 3 0x800013de (0x93643e17) x28 0x136443de
core   0: 0x800013e2 (0x00000859) c.addi  a6, 22
core   0: 3 0x800013e2 (0x0859) x16 0x00000016
core   0: 0x800013e4 (0x3bb08f93) addi    t6, ra, 955
core   0: 3 0x800013e4 (0x3bb08f93) x31 0x000003bb
core   0: 0x800013e8 (0x00008f25) c.xor   a4, s1
core   0: 3 0x800013e8 (0x8f25) x14 0x00000001
core   0: 0x800013ea (0x010cc433) xor     s0, s9, a6
core   0: 3 0x800013ea (0x010cc433) x 8 0x00000016
core   0: 0x800013ee (0x000005a1) c.addi  a1, 8
core   0: 3 0x800013ee (0x05a1) x11 0x00000007
core   0: 0x800013f0 (0x0000830a) c.mv    t1, sp
core   0: 3 0x800013f0 (0x830a) x 6 0x80026ce4
core   0: 0x800013f2 (0x01e2d833) srl     a6, t0, t5
core   0: 3 0x800013f2 (0x01e2d833) x16 0x00000000
core   0: 0x800013f6 (0x00008f7d) c.and   a4, a5
core   0: 3 0x800013f6 (0x8f7d) x14 0x00000000
core   0: 0x800013f8 (0xfd85cce3) blt     a1, s8, pc - 40
core   0: 3 0x800013f8 (0xfd85cce3)
core   0: 0x800013d0 (0x00001510) c.addi4spn a2, sp, 672
core   0: 3 0x800013d0 (0x1510) x12 0x80026f84
core   0: 0x800013d2 (0xace8b813) sltiu   a6, a7, -1330
core   0: 3 0x800013d2 (0xace8b813) x16 0x00000000
core   0: 0x800013d6 (0x00a7bfb3) sltu    t6, a5, a0
core   0: 3 0x800013d6 (0x00a7bfb3) x31 0x00000000
core   0: 0x800013da (0x02693533) mulhu   a0, s2, t1
core   0: 3 0x800013da (0x02693533) x10 0x80026c50
core   0: 0x800013de (0x93643e17) auipc   t3, 0x93643
core   0: 3 0x800013de (0x93643e17) x28 0x136443de
core   0: 0x800013e2 (0x00000859) c.addi  a6, 22
core   0: 3 0x800013e2 (0x0859) x16 0x00000016
core   0: 0x800013e4 (0x3bb08f93) addi    t6, ra, 955
core   0: 3 0x800013e4 (0x3bb08f93) x31 0x000003bb
core   0: 0x800013e8 (0x00008f25) c.xor   a4, s1
core   0: 3 0x800013e8 (0x8f25) x14 0x00000000
core   0: 0x800013ea (0x010cc433) xor     s0, s9, a6
core   0: 3 0x800013ea (0x010cc433) x 8 0x00000016
core   0: 0x800013ee (0x000005a1) c.addi  a1, 8
core   0: 3 0x800013ee (0x05a1) x11 0x0000000f
core   0: 0x800013f0 (0x0000830a) c.mv    t1, sp
core   0: 3 0x800013f0 (0x830a) x 6 0x80026ce4
core   0: 0x800013f2 (0x01e2d833) srl     a6, t0, t5
core   0: 3 0x800013f2 (0x01e2d833) x16 0x00000000
core   0: 0x800013f6 (0x00008f7d) c.and   a4, a5
core   0: 3 0x800013f6 (0x8f7d) x14 0x00000000
core   0: 0x800013f8 (0xfd85cce3) blt     a1, s8, pc - 40
core   0: 3 0x800013f8 (0xfd85cce3)
core   0: 0x800013fc (0x00009b7d) c.andi  a4, -1
core   0: 3 0x800013fc (0x9b7d) x14 0x00000000
core   0: 0x800013fe (0x00400593) li      a1, 4
core   0: 3 0x800013fe (0x00400593) x11 0x00000004
core   0: 0x80001402 (0x00000001) c.nop
core   0: 3 0x80001402 (0x0001)
core   0: 0x80001404 (0xd5f72213) slti    tp, a4, -673
core   0: 3 0x80001404 (0xd5f72213) x 4 0x00000000
core   0: 0x80001408 (0x00006ce9) c.lui   s9, 0x1a
core   0: 3 0x80001408 (0x6ce9) x25 0x0001a000
core   0: 0x8000140a (0x000015f1) c.addi  a1, -4
core   0: 3 0x8000140a (0x15f1) x11 0x00000000
core   0: 0x8000140c (0xdcdd50b7) lui     ra, 0xdcdd5
core   0: 3 0x8000140c (0xdcdd50b7) x 1 0xdcdd5000
core   0: 0x80001410 (0x0000fde5) c.bnez  a1, pc - 8
core   0: 3 0x80001410 (0xfde5)
core   0: 0x80001412 (0x01da1433) sll     s0, s4, t4
core   0: 3 0x80001412 (0x01da1433) x 8 0x00000000
core   0: 0x80001416 (0xffa00713) li      a4, -6
core   0: 3 0x80001416 (0xffa00713) x14 0xfffffffa
core   0: 0x8000141a (0x03596bb3) rem     s7, s2, s5
core   0: 3 0x8000141a (0x03596bb3) x23 0xfffffed9
core   0: 0x8000141e (0x00000f46) c.slli  t5, 17
core   0: 3 0x8000141e (0x0f46) x30 0xc6ae0000
core   0: 0x80001420 (0x00000392) c.slli  t2, 4
core   0: 3 0x80001420 (0x0392) x 7 0x00000000
core   0: 0x80001422 (0xc21b2413) slti    s0, s6, -991
core   0: 3 0x80001422 (0xc21b2413) x 8 0x00000000
core   0: 0x80001426 (0x00000001) c.nop
core   0: 3 0x80001426 (0x0001)
core   0: 0x80001428 (0x586baa93) slti    s5, s7, 1414
core   0: 3 0x80001428 (0x586baa93) x21 0x00000001
core   0: 0x8000142c (0x00008a75) c.andi  a2, 29
core   0: 3 0x8000142c (0x8a75) x12 0x00000004
core   0: 0x8000142e (0x02ef3533) mulhu   a0, t5, a4
core   0: 3 0x8000142e (0x02ef3533) x10 0xc6adfffb
core   0: 0x80001432 (0x00008c0d) c.sub   s0, a1
core   0: 3 0x80001432 (0x8c0d) x 8 0x00000000
core   0: 0x80001434 (0x40ce8ab3) sub     s5, t4, a2
core   0: 3 0x80001434 (0x40ce8ab3) x21 0xfffffff9
core   0: 0x80001438 (0x0153e233) or      tp, t2, s5
core   0: 3 0x80001438 (0x0153e233) x 4 0xfffffff9
core   0: 0x8000143c (0x0000070d) c.addi  a4, 3
core   0: 3 0x8000143c (0x070d) x14 0xfffffffd
core   0: 0x8000143e (0x3bb14513) xori    a0, sp, 955
core   0: 3 0x8000143e (0x3bb14513) x10 0x80026f5f
core   0: 0x80001442 (0x00567bb3) and     s7, a2, t0
core   0: 3 0x80001442 (0x00567bb3) x23 0x00000000
core   0: 0x80001446 (0x0119cf33) xor     t5, s3, a7
core   0: 3 0x80001446 (0x0119cf33) x30 0x00000001
core   0: 0x8000144a (0x000085d9) c.srai  a1, 22
core   0: 3 0x8000144a (0x85d9) x11 0x00000000
core   0: 0x8000144c (0x00008ecd) c.or    a3, a1
core   0: 3 0x8000144c (0x8ecd) x13 0xfffffffd
core   0: 0x8000144e (0x034d74b3) remu    s1, s10, s4
core   0: 3 0x8000144e (0x034d74b3) x 9 0x00000004
core   0: 0x80001452 (0x0041f2b3) and     t0, gp, tp
core   0: 3 0x80001452 (0x0041f2b3) x 5 0x00000009
core   0: 0x80001456 (0x0000100f) fence.i
core   0: 3 0x80001456 (0x0000100f)
core   0: 0x8000145a (0x0000100f) fence.i
core   0: 3 0x8000145a (0x0000100f)
core   0: 0x8000145e (0x02952533) mulhsu  a0, a0, s1
core   0: 3 0x8000145e (0x02952533) x10 0xfffffffe
core   0: 0x80001462 (0x0000db69) c.beqz  a4, pc - 46
core   0: 3 0x80001462 (0xdb69)
core   0: 0x80001464 (0x035e7cb3) remu    s9, t3, s5
core   0: 3 0x80001464 (0x035e7cb3) x25 0x136443de
core   0: 0x80001468 (0xffc00f93) li      t6, -4
core   0: 3 0x80001468 (0xffc00f93) x31 0xfffffffc
core   0: 0x8000146c (0x00a00413) li      s0, 10
core   0: 3 0x8000146c (0x00a00413) x 8 0x0000000a
core   0: 0x80001470 (0x00000001) c.nop
core   0: 3 0x80001470 (0x0001)
core   0: 0x80001472 (0x0159d513) srli    a0, s3, 21
core   0: 3 0x80001472 (0x0159d513) x10 0x000007ff
core   0: 0x80001476 (0xf13efe93) andi    t4, t4, -237
core   0: 3 0x80001476 (0xf13efe93) x29 0xffffff11
core   0: 0x8000147a (0x445aeeb7) lui     t4, 0x445ae
core   0: 3 0x8000147a (0x445aeeb7) x29 0x445ae000
core   0: 0x8000147e (0x024010b3) mulh    ra, zero, tp
core   0: 3 0x8000147e (0x024010b3) x 1 0x00000000
core   0: 0x80001482 (0x00000fa9) c.addi  t6, 10
core   0: 3 0x80001482 (0x0fa9) x31 0x00000006
core   0: 0x80001484 (0x00b64233) xor     tp, a2, a1
core   0: 3 0x80001484 (0x00b64233) x 4 0x00000004
core   0: 0x80001488 (0x41b45193) srai    gp, s0, 27
core   0: 3 0x80001488 (0x41b45193) x 3 0x00000000
core   0: 0x8000148c (0x00500c93) li      s9, 5
core   0: 3 0x8000148c (0x00500c93) x25 0x00000005
core   0: 0x80001490 (0x8aa84d93) xori    s11, a6, -1878
core   0: 3 0x80001490 (0x8aa84d93) x27 0xfffff8aa
core   0: 0x80001494 (0xffb00313) li      t1, -5
core   0: 3 0x80001494 (0xffb00313) x 6 0xfffffffb
core   0: 0x80001498 (0x03734633) div     a2, t1, s7
core   0: 3 0x80001498 (0x03734633) x12 0xffffffff
core   0: 0x8000149c (0x01015813) srli    a6, sp, 16
core   0: 3 0x8000149c (0x01015813) x16 0x00008002
core   0: 0x800014a0 (0x54aab213) sltiu   tp, s5, 1354
core   0: 3 0x800014a0 (0x54aab213) x 4 0x00000000
core   0: 0x800014a4 (0x0000100f) fence.i
core   0: 3 0x800014a4 (0x0000100f)
core   0: 0x800014a8 (0x00009afd) c.andi  a3, -1
core   0: 3 0x800014a8 (0x9afd) x13 0xfffffffd
core   0: 0x800014aa (0x00001cd9) c.addi  s9, -10
core   0: 3 0x800014aa (0x1cd9) x25 0xfffffffb
core   0: 0x800014ac (0x00008911) c.andi  a0, 4
core   0: 3 0x800014ac (0x8911) x10 0x00000004
core   0: 0x800014ae (0xfe6c99e3) bne     s9, t1, pc - 14
core   0: 3 0x800014ae (0xfe6c99e3)
core   0: 0x800014b2 (0xfc8fc2e3) blt     t6, s0, pc - 60
core   0: 3 0x800014b2 (0xfc8fc2e3)
core   0: 0x80001476 (0xf13efe93) andi    t4, t4, -237
core   0: 3 0x80001476 (0xf13efe93) x29 0x445ae000
core   0: 0x8000147a (0x445aeeb7) lui     t4, 0x445ae
core   0: 3 0x8000147a (0x445aeeb7) x29 0x445ae000
core   0: 0x8000147e (0x024010b3) mulh    ra, zero, tp
core   0: 3 0x8000147e (0x024010b3) x 1 0x00000000
core   0: 0x80001482 (0x00000fa9) c.addi  t6, 10
core   0: 3 0x80001482 (0x0fa9) x31 0x00000010
core   0: 0x80001484 (0x00b64233) xor     tp, a2, a1
core   0: 3 0x80001484 (0x00b64233) x 4 0xffffffff
core   0: 0x80001488 (0x41b45193) srai    gp, s0, 27
core   0: 3 0x80001488 (0x41b45193) x 3 0x00000000
core   0: 0x8000148c (0x00500c93) li      s9, 5
core   0: 3 0x8000148c (0x00500c93) x25 0x00000005
core   0: 0x80001490 (0x8aa84d93) xori    s11, a6, -1878
core   0: 3 0x80001490 (0x8aa84d93) x27 0xffff78a8
core   0: 0x80001494 (0xffb00313) li      t1, -5
core   0: 3 0x80001494 (0xffb00313) x 6 0xfffffffb
core   0: 0x80001498 (0x03734633) div     a2, t1, s7
core   0: 3 0x80001498 (0x03734633) x12 0xffffffff
core   0: 0x8000149c (0x01015813) srli    a6, sp, 16
core   0: 3 0x8000149c (0x01015813) x16 0x00008002
core   0: 0x800014a0 (0x54aab213) sltiu   tp, s5, 1354
core   0: 3 0x800014a0 (0x54aab213) x 4 0x00000000
core   0: 0x800014a4 (0x0000100f) fence.i
core   0: 3 0x800014a4 (0x0000100f)
core   0: 0x800014a8 (0x00009afd) c.andi  a3, -1
core   0: 3 0x800014a8 (0x9afd) x13 0xfffffffd
core   0: 0x800014aa (0x00001cd9) c.addi  s9, -10
core   0: 3 0x800014aa (0x1cd9) x25 0xfffffffb
core   0: 0x800014ac (0x00008911) c.andi  a0, 4
core   0: 3 0x800014ac (0x8911) x10 0x00000004
core   0: 0x800014ae (0xfe6c99e3) bne     s9, t1, pc - 14
core   0: 3 0x800014ae (0xfe6c99e3)
core   0: 0x800014b2 (0xfc8fc2e3) blt     t6, s0, pc - 60
core   0: 3 0x800014b2 (0xfc8fc2e3)
core   0: 0x800014b6 (0x03dcf633) remu    a2, s9, t4
core   0: 3 0x800014b6 (0x03dcf633) x12 0x32ef5ffb
core   0: 0x800014ba (0xffb00b93) li      s7, -5
core   0: 3 0x800014ba (0xffb00b93) x23 0xfffffffb
core   0: 0x800014be (0x00000001) c.nop
core   0: 3 0x800014be (0x0001)
core   0: 0x800014c0 (0x00008e6d) c.and   a2, a1
core   0: 3 0x800014c0 (0x8e6d) x12 0x00000000
core   0: 0x800014c2 (0x7be64c93) xori    s9, a2, 1982
core   0: 3 0x800014c2 (0x7be64c93) x25 0x000007be
core   0: 0x800014c6 (0x40745193) srai    gp, s0, 7
core   0: 3 0x800014c6 (0x40745193) x 3 0x00000000
core   0: 0x800014ca (0x03614033) div     zero, sp, s6
core   0: 3 0x800014ca (0x03614033)
core   0: 0x800014ce (0x00f00093) li      ra, 15
core   0: 3 0x800014ce (0x00f00093) x 1 0x0000000f
core   0: 0x800014d2 (0x00000001) c.nop
core   0: 3 0x800014d2 (0x0001)
core   0: 0x800014d4 (0x2e0cc317) auipc   t1, 0x2e0cc
core   0: 3 0x800014d4 (0x2e0cc317) x 6 0xae0cd4d4
core   0: 0x800014d8 (0x00000b9d) c.addi  s7, 7
core   0: 3 0x800014d8 (0x0b9d) x23 0x00000002
core   0: 0x800014da (0x02fa2b33) mulhsu  s6, s4, a5
core   0: 3 0x800014da (0x02fa2b33) x22 0x00000000
core   0: 0x800014de (0xff900413) li      s0, -7
core   0: 3 0x800014de (0xff900413) x 8 0xfffffff9
core   0: 0x800014e2 (0x00000001) c.nop
core   0: 3 0x800014e2 (0x0001)
core   0: 0x800014e4 (0x40428cb3) sub     s9, t0, tp
core   0: 3 0x800014e4 (0x40428cb3) x25 0x00000009
core   0: 0x800014e8 (0x0357a8b3) mulhsu  a7, a5, s5
core   0: 3 0x800014e8 (0x0357a8b3) x17 0x00000000
core   0: 0x800014ec (0x413cd213) srai    tp, s9, 19
core   0: 3 0x800014ec (0x413cd213) x 4 0x00000000
core   0: 0x800014f0 (0x032d38b3) mulhu   a7, s10, s2
core   0: 3 0x800014f0 (0x032d38b3) x17 0x80022dd0
core   0: 0x800014f4 (0x00f00f13) li      t5, 15
core   0: 3 0x800014f4 (0x00f00f13) x30 0x0000000f
core   0: 0x800014f8 (0x03b255b3) divu    a1, tp, s11
core   0: 3 0x800014f8 (0x03b255b3) x11 0x00000000
core   0: 0x800014fc (0x01d9b3b3) sltu    t2, s3, t4
core   0: 3 0x800014fc (0x01d9b3b3) x 7 0x00000000
core   0: 0x80001500 (0x00cfb833) sltu    a6, t6, a2
core   0: 3 0x80001500 (0x00cfb833) x16 0x00000000
core   0: 0x80001504 (0x0000040d) c.addi  s0, 3
core   0: 3 0x80001504 (0x040d) x 8 0xfffffffc
core   0: 0x80001506 (0x002a9593) slli    a1, s5, 2
core   0: 3 0x80001506 (0x002a9593) x11 0xffffffe4
core   0: 0x8000150a (0x7622a813) slti    a6, t0, 1890
core   0: 3 0x8000150a (0x7622a813) x16 0x00000001
core   0: 0x8000150e (0xffe469e3) bltu    s0, t5, pc - 14
core   0: 3 0x8000150e (0xffe469e3)
core   0: 0x80001512 (0xf3cf2213) slti    tp, t5, -196
core   0: 3 0x80001512 (0xf3cf2213) x 4 0x00000000
core   0: 0x80001516 (0x02473b33) mulhu   s6, a4, tp
core   0: 3 0x80001516 (0x02473b33) x22 0x00000000
core   0: 0x8000151a (0x009a4233) xor     tp, s4, s1
core   0: 3 0x8000151a (0x009a4233) x 4 0x00000014
core   0: 0x8000151e (0x4022d293) srai    t0, t0, 2
core   0: 3 0x8000151e (0x4022d293) x 5 0x00000002
core   0: 0x80001522 (0x02b82033) mulhsu  zero, a6, a1
core   0: 3 0x80001522 (0x02b82033)
core   0: 0x80001526 (0x41998b33) sub     s6, s3, s9
core   0: 3 0x80001526 (0x41998b33) x22 0xfffffff6
core   0: 0x8000152a (0x01db8333) add     t1, s7, t4
core   0: 3 0x8000152a (0x01db8333) x 6 0x445ae002
core   0: 0x8000152e (0x1050a313) slti    t1, ra, 261
core   0: 3 0x8000152e (0x1050a313) x 6 0x00000001
core   0: 0x80001532 (0xfa1bc1e3) blt     s7, ra, pc - 94
core   0: 3 0x80001532 (0xfa1bc1e3)
core   0: 0x800014d4 (0x2e0cc317) auipc   t1, 0x2e0cc
core   0: 3 0x800014d4 (0x2e0cc317) x 6 0xae0cd4d4
core   0: 0x800014d8 (0x00000b9d) c.addi  s7, 7
core   0: 3 0x800014d8 (0x0b9d) x23 0x00000009
core   0: 0x800014da (0x02fa2b33) mulhsu  s6, s4, a5
core   0: 3 0x800014da (0x02fa2b33) x22 0x00000000
core   0: 0x800014de (0xff900413) li      s0, -7
core   0: 3 0x800014de (0xff900413) x 8 0xfffffff9
core   0: 0x800014e2 (0x00000001) c.nop
core   0: 3 0x800014e2 (0x0001)
core   0: 0x800014e4 (0x40428cb3) sub     s9, t0, tp
core   0: 3 0x800014e4 (0x40428cb3) x25 0xffffffee
core   0: 0x800014e8 (0x0357a8b3) mulhsu  a7, a5, s5
core   0: 3 0x800014e8 (0x0357a8b3) x17 0x00000000
core   0: 0x800014ec (0x413cd213) srai    tp, s9, 19
core   0: 3 0x800014ec (0x413cd213) x 4 0xffffffff
core   0: 0x800014f0 (0x032d38b3) mulhu   a7, s10, s2
core   0: 3 0x800014f0 (0x032d38b3) x17 0x80022dd0
core   0: 0x800014f4 (0x00f00f13) li      t5, 15
core   0: 3 0x800014f4 (0x00f00f13) x30 0x0000000f
core   0: 0x800014f8 (0x03b255b3) divu    a1, tp, s11
core   0: 3 0x800014f8 (0x03b255b3) x11 0x00000001
core   0: 0x800014fc (0x01d9b3b3) sltu    t2, s3, t4
core   0: 3 0x800014fc (0x01d9b3b3) x 7 0x00000000
core   0: 0x80001500 (0x00cfb833) sltu    a6, t6, a2
core   0: 3 0x80001500 (0x00cfb833) x16 0x00000000
core   0: 0x80001504 (0x0000040d) c.addi  s0, 3
core   0: 3 0x80001504 (0x040d) x 8 0xfffffffc
core   0: 0x80001506 (0x002a9593) slli    a1, s5, 2
core   0: 3 0x80001506 (0x002a9593) x11 0xffffffe4
core   0: 0x8000150a (0x7622a813) slti    a6, t0, 1890
core   0: 3 0x8000150a (0x7622a813) x16 0x00000001
core   0: 0x8000150e (0xffe469e3) bltu    s0, t5, pc - 14
core   0: 3 0x8000150e (0xffe469e3)
core   0: 0x80001512 (0xf3cf2213) slti    tp, t5, -196
core   0: 3 0x80001512 (0xf3cf2213) x 4 0x00000000
core   0: 0x80001516 (0x02473b33) mulhu   s6, a4, tp
core   0: 3 0x80001516 (0x02473b33) x22 0x00000000
core   0: 0x8000151a (0x009a4233) xor     tp, s4, s1
core   0: 3 0x8000151a (0x009a4233) x 4 0x00000014
core   0: 0x8000151e (0x4022d293) srai    t0, t0, 2
core   0: 3 0x8000151e (0x4022d293) x 5 0x00000000
core   0: 0x80001522 (0x02b82033) mulhsu  zero, a6, a1
core   0: 3 0x80001522 (0x02b82033)
core   0: 0x80001526 (0x41998b33) sub     s6, s3, s9
core   0: 3 0x80001526 (0x41998b33) x22 0x00000011
core   0: 0x8000152a (0x01db8333) add     t1, s7, t4
core   0: 3 0x8000152a (0x01db8333) x 6 0x445ae009
core   0: 0x8000152e (0x1050a313) slti    t1, ra, 261
core   0: 3 0x8000152e (0x1050a313) x 6 0x00000001
core   0: 0x80001532 (0xfa1bc1e3) blt     s7, ra, pc - 94
core   0: 3 0x80001532 (0xfa1bc1e3)
core   0: 0x800014d4 (0x2e0cc317) auipc   t1, 0x2e0cc
core   0: 3 0x800014d4 (0x2e0cc317) x 6 0xae0cd4d4
core   0: 0x800014d8 (0x00000b9d) c.addi  s7, 7
core   0: 3 0x800014d8 (0x0b9d) x23 0x00000010
core   0: 0x800014da (0x02fa2b33) mulhsu  s6, s4, a5
core   0: 3 0x800014da (0x02fa2b33) x22 0x00000000
core   0: 0x800014de (0xff900413) li      s0, -7
core   0: 3 0x800014de (0xff900413) x 8 0xfffffff9
core   0: 0x800014e2 (0x00000001) c.nop
core   0: 3 0x800014e2 (0x0001)
core   0: 0x800014e4 (0x40428cb3) sub     s9, t0, tp
core   0: 3 0x800014e4 (0x40428cb3) x25 0xffffffec
core   0: 0x800014e8 (0x0357a8b3) mulhsu  a7, a5, s5
core   0: 3 0x800014e8 (0x0357a8b3) x17 0x00000000
core   0: 0x800014ec (0x413cd213) srai    tp, s9, 19
core   0: 3 0x800014ec (0x413cd213) x 4 0xffffffff
core   0: 0x800014f0 (0x032d38b3) mulhu   a7, s10, s2
core   0: 3 0x800014f0 (0x032d38b3) x17 0x80022dd0
core   0: 0x800014f4 (0x00f00f13) li      t5, 15
core   0: 3 0x800014f4 (0x00f00f13) x30 0x0000000f
core   0: 0x800014f8 (0x03b255b3) divu    a1, tp, s11
core   0: 3 0x800014f8 (0x03b255b3) x11 0x00000001
core   0: 0x800014fc (0x01d9b3b3) sltu    t2, s3, t4
core   0: 3 0x800014fc (0x01d9b3b3) x 7 0x00000000
core   0: 0x80001500 (0x00cfb833) sltu    a6, t6, a2
core   0: 3 0x80001500 (0x00cfb833) x16 0x00000000
core   0: 0x80001504 (0x0000040d) c.addi  s0, 3
core   0: 3 0x80001504 (0x040d) x 8 0xfffffffc
core   0: 0x80001506 (0x002a9593) slli    a1, s5, 2
core   0: 3 0x80001506 (0x002a9593) x11 0xffffffe4
core   0: 0x8000150a (0x7622a813) slti    a6, t0, 1890
core   0: 3 0x8000150a (0x7622a813) x16 0x00000001
core   0: 0x8000150e (0xffe469e3) bltu    s0, t5, pc - 14
core   0: 3 0x8000150e (0xffe469e3)
core   0: 0x80001512 (0xf3cf2213) slti    tp, t5, -196
core   0: 3 0x80001512 (0xf3cf2213) x 4 0x00000000
core   0: 0x80001516 (0x02473b33) mulhu   s6, a4, tp
core   0: 3 0x80001516 (0x02473b33) x22 0x00000000
core   0: 0x8000151a (0x009a4233) xor     tp, s4, s1
core   0: 3 0x8000151a (0x009a4233) x 4 0x00000014
core   0: 0x8000151e (0x4022d293) srai    t0, t0, 2
core   0: 3 0x8000151e (0x4022d293) x 5 0x00000000
core   0: 0x80001522 (0x02b82033) mulhsu  zero, a6, a1
core   0: 3 0x80001522 (0x02b82033)
core   0: 0x80001526 (0x41998b33) sub     s6, s3, s9
core   0: 3 0x80001526 (0x41998b33) x22 0x00000013
core   0: 0x8000152a (0x01db8333) add     t1, s7, t4
core   0: 3 0x8000152a (0x01db8333) x 6 0x445ae010
core   0: 0x8000152e (0x1050a313) slti    t1, ra, 261
core   0: 3 0x8000152e (0x1050a313) x 6 0x00000001
core   0: 0x80001532 (0xfa1bc1e3) blt     s7, ra, pc - 94
core   0: 3 0x80001532 (0xfa1bc1e3)
core   0: 0x80001536 (0x021e4cb3) div     s9, t3, ra
core   0: 3 0x80001536 (0x021e4cb3) x25 0x014af375
core   0: 0x8000153a (0x00600593) li      a1, 6
core   0: 3 0x8000153a (0x00600593) x11 0x00000006
core   0: 0x8000153e (0x00008c35) c.xor   s0, a3
core   0: 3 0x8000153e (0x8c35) x 8 0x00000001
core   0: 0x80001540 (0x01300713) li      a4, 19
core   0: 3 0x80001540 (0x01300713) x14 0x00000013
core   0: 0x80001544 (0x00000899) c.addi  a7, 6
core   0: 3 0x80001544 (0x0899) x17 0x80022dd6
core   0: 0x80001546 (0x129960b7) lui     ra, 0x12996
core   0: 3 0x80001546 (0x129960b7) x 1 0x12996000
core   0: 0x8000154a (0x0237ecb3) rem     s9, a5, gp
core   0: 3 0x8000154a (0x0237ecb3) x25 0x00000000
core   0: 0x8000154e (0x000010fd) c.addi  ra, -1
core   0: 3 0x8000154e (0x10fd) x 1 0x12995fff
core   0: 0x80001550 (0x000005a1) c.addi  a1, 8
core   0: 3 0x80001550 (0x05a1) x11 0x0000000e
core   0: 0x80001552 (0x00400693) li      a3, 4
core   0: 3 0x80001552 (0x00400693) x13 0x00000004
core   0: 0x80001556 (0xaefa7b93) andi    s7, s4, -1297
core   0: 3 0x80001556 (0xaefa7b93) x23 0x00000000
core   0: 0x8000155a (0x00000001) c.nop
core   0: 3 0x8000155a (0x0001)
core   0: 0x8000155c (0x00008d5d) c.or    a0, a5
core   0: 3 0x8000155c (0x8d5d) x10 0x00000004
core   0: 0x8000155e (0x4060da33) sra     s4, ra, t1
core   0: 3 0x8000155e (0x4060da33) x20 0x094cafff
core   0: 0x80001562 (0x01781313) slli    t1, a6, 23
core   0: 3 0x80001562 (0x01781313) x 6 0x00800000
core   0: 0x80001566 (0x0000863a) c.mv    a2, a4
core   0: 3 0x80001566 (0x863a) x12 0x00000013
core   0: 0x80001568 (0x03b31233) mulh    tp, t1, s11
core   0: 3 0x80001568 (0x03b31233) x 4 0xffffffbc
core   0: 0x8000156c (0x00000001) c.nop
core   0: 3 0x8000156c (0x0001)
core   0: 0x8000156e (0x97a18913) addi    s2, gp, -1670
core   0: 3 0x8000156e (0x97a18913) x18 0xfffff97a
core   0: 0x80001572 (0x000016f1) c.addi  a3, -4
core   0: 3 0x80001572 (0x16f1) x13 0x00000000
core   0: 0x80001574 (0x9cdcc613) xori    a2, s9, -1587
core   0: 3 0x80001574 (0x9cdcc613) x12 0xfffff9cd
core   0: 0x80001578 (0x03cefeb3) remu    t4, t4, t3
core   0: 3 0x80001578 (0x03cefeb3) x29 0x0a2e1466
core   0: 0x8000157c (0x02da0533) mul     a0, s4, a3
core   0: 3 0x8000157c (0x02da0533) x10 0x00000000
core   0: 0x80001580 (0x000093f2) c.add   t2, t3
core   0: 3 0x80001580 (0x93f2) x 7 0x136443de
core   0: 0x80001582 (0x6061e213) ori     tp, gp, 1542
core   0: 3 0x80001582 (0x6061e213) x 4 0x00000606
core   0: 0x80001586 (0x0000d2ed) c.beqz  a3, pc - 30
core   0: 3 0x80001586 (0xd2ed)
core   0: 0x80001568 (0x03b31233) mulh    tp, t1, s11
core   0: 3 0x80001568 (0x03b31233) x 4 0xffffffbc
core   0: 0x8000156c (0x00000001) c.nop
core   0: 3 0x8000156c (0x0001)
core   0: 0x8000156e (0x97a18913) addi    s2, gp, -1670
core   0: 3 0x8000156e (0x97a18913) x18 0xfffff97a
core   0: 0x80001572 (0x000016f1) c.addi  a3, -4
core   0: 3 0x80001572 (0x16f1) x13 0xfffffffc
core   0: 0x80001574 (0x9cdcc613) xori    a2, s9, -1587
core   0: 3 0x80001574 (0x9cdcc613) x12 0xfffff9cd
core   0: 0x80001578 (0x03cefeb3) remu    t4, t4, t3
core   0: 3 0x80001578 (0x03cefeb3) x29 0x0a2e1466
core   0: 0x8000157c (0x02da0533) mul     a0, s4, a3
core   0: 3 0x8000157c (0x02da0533) x10 0xdacd4004
core   0: 0x80001580 (0x000093f2) c.add   t2, t3
core   0: 3 0x80001580 (0x93f2) x 7 0x26c887bc
core   0: 0x80001582 (0x6061e213) ori     tp, gp, 1542
core   0: 3 0x80001582 (0x6061e213) x 4 0x00000606
core   0: 0x80001586 (0x0000d2ed) c.beqz  a3, pc - 30
core   0: 3 0x80001586 (0xd2ed)
core   0: 0x80001588 (0x00000a4a) c.slli  s4, 18
core   0: 3 0x80001588 (0x0a4a) x20 0xbffc0000
core   0: 0x8000158a (0x13897493) andi    s1, s2, 312
core   0: 3 0x8000158a (0x13897493) x 9 0x00000138
core   0: 0x8000158e (0x0199a333) slt     t1, s3, s9
core   0: 3 0x8000158e (0x0199a333) x 6 0x00000001
core   0: 0x80001592 (0xfae5cae3) blt     a1, a4, pc - 76
core   0: 3 0x80001592 (0xfae5cae3)
core   0: 0x80001546 (0x129960b7) lui     ra, 0x12996
core   0: 3 0x80001546 (0x129960b7) x 1 0x12996000
core   0: 0x8000154a (0x0237ecb3) rem     s9, a5, gp
core   0: 3 0x8000154a (0x0237ecb3) x25 0x00000000
core   0: 0x8000154e (0x000010fd) c.addi  ra, -1
core   0: 3 0x8000154e (0x10fd) x 1 0x12995fff
core   0: 0x80001550 (0x000005a1) c.addi  a1, 8
core   0: 3 0x80001550 (0x05a1) x11 0x00000016
core   0: 0x80001552 (0x00400693) li      a3, 4
core   0: 3 0x80001552 (0x00400693) x13 0x00000004
core   0: 0x80001556 (0xaefa7b93) andi    s7, s4, -1297
core   0: 3 0x80001556 (0xaefa7b93) x23 0xbffc0000
core   0: 0x8000155a (0x00000001) c.nop
core   0: 3 0x8000155a (0x0001)
core   0: 0x8000155c (0x00008d5d) c.or    a0, a5
core   0: 3 0x8000155c (0x8d5d) x10 0xdacd4004
core   0: 0x8000155e (0x4060da33) sra     s4, ra, t1
core   0: 3 0x8000155e (0x4060da33) x20 0x094cafff
core   0: 0x80001562 (0x01781313) slli    t1, a6, 23
core   0: 3 0x80001562 (0x01781313) x 6 0x00800000
core   0: 0x80001566 (0x0000863a) c.mv    a2, a4
core   0: 3 0x80001566 (0x863a) x12 0x00000013
core   0: 0x80001568 (0x03b31233) mulh    tp, t1, s11
core   0: 3 0x80001568 (0x03b31233) x 4 0xffffffbc
core   0: 0x8000156c (0x00000001) c.nop
core   0: 3 0x8000156c (0x0001)
core   0: 0x8000156e (0x97a18913) addi    s2, gp, -1670
core   0: 3 0x8000156e (0x97a18913) x18 0xfffff97a
core   0: 0x80001572 (0x000016f1) c.addi  a3, -4
core   0: 3 0x80001572 (0x16f1) x13 0x00000000
core   0: 0x80001574 (0x9cdcc613) xori    a2, s9, -1587
core   0: 3 0x80001574 (0x9cdcc613) x12 0xfffff9cd
core   0: 0x80001578 (0x03cefeb3) remu    t4, t4, t3
core   0: 3 0x80001578 (0x03cefeb3) x29 0x0a2e1466
core   0: 0x8000157c (0x02da0533) mul     a0, s4, a3
core   0: 3 0x8000157c (0x02da0533) x10 0x00000000
core   0: 0x80001580 (0x000093f2) c.add   t2, t3
core   0: 3 0x80001580 (0x93f2) x 7 0x3a2ccb9a
core   0: 0x80001582 (0x6061e213) ori     tp, gp, 1542
core   0: 3 0x80001582 (0x6061e213) x 4 0x00000606
core   0: 0x80001586 (0x0000d2ed) c.beqz  a3, pc - 30
core   0: 3 0x80001586 (0xd2ed)
core   0: 0x80001568 (0x03b31233) mulh    tp, t1, s11
core   0: 3 0x80001568 (0x03b31233) x 4 0xffffffbc
core   0: 0x8000156c (0x00000001) c.nop
core   0: 3 0x8000156c (0x0001)
core   0: 0x8000156e (0x97a18913) addi    s2, gp, -1670
core   0: 3 0x8000156e (0x97a18913) x18 0xfffff97a
core   0: 0x80001572 (0x000016f1) c.addi  a3, -4
core   0: 3 0x80001572 (0x16f1) x13 0xfffffffc
core   0: 0x80001574 (0x9cdcc613) xori    a2, s9, -1587
core   0: 3 0x80001574 (0x9cdcc613) x12 0xfffff9cd
core   0: 0x80001578 (0x03cefeb3) remu    t4, t4, t3
core   0: 3 0x80001578 (0x03cefeb3) x29 0x0a2e1466
core   0: 0x8000157c (0x02da0533) mul     a0, s4, a3
core   0: 3 0x8000157c (0x02da0533) x10 0xdacd4004
core   0: 0x80001580 (0x000093f2) c.add   t2, t3
core   0: 3 0x80001580 (0x93f2) x 7 0x4d910f78
core   0: 0x80001582 (0x6061e213) ori     tp, gp, 1542
core   0: 3 0x80001582 (0x6061e213) x 4 0x00000606
core   0: 0x80001586 (0x0000d2ed) c.beqz  a3, pc - 30
core   0: 3 0x80001586 (0xd2ed)
core   0: 0x80001588 (0x00000a4a) c.slli  s4, 18
core   0: 3 0x80001588 (0x0a4a) x20 0xbffc0000
core   0: 0x8000158a (0x13897493) andi    s1, s2, 312
core   0: 3 0x8000158a (0x13897493) x 9 0x00000138
core   0: 0x8000158e (0x0199a333) slt     t1, s3, s9
core   0: 3 0x8000158e (0x0199a333) x 6 0x00000001
core   0: 0x80001592 (0xfae5cae3) blt     a1, a4, pc - 76
core   0: 3 0x80001592 (0xfae5cae3)
core   0: 0x80001596 (0x0000100f) fence.i
core   0: 3 0x80001596 (0x0000100f)
core   0: 0x8000159a (0x00700f93) li      t6, 7
core   0: 3 0x8000159a (0x00700f93) x31 0x00000007
core   0: 0x8000159e (0x00300593) li      a1, 3
core   0: 3 0x8000159e (0x00300593) x11 0x00000003
core   0: 0x800015a2 (0x02b98333) mul     t1, s3, a1
core   0: 3 0x800015a2 (0x02b98333) x 6 0xfffffffd
core   0: 0x800015a6 (0x00001ff9) c.addi  t6, -2
core   0: 3 0x800015a6 (0x1ff9) x31 0x00000005
core   0: 0x800015a8 (0x00100393) li      t2, 1
core   0: 3 0x800015a8 (0x00100393) x 7 0x00000001
core   0: 0x800015ac (0xffc00193) li      gp, -4
core   0: 3 0x800015ac (0xffc00193) x 3 0xfffffffc
core   0: 0x800015b0 (0x00e880b3) add     ra, a7, a4
core   0: 3 0x800015b0 (0x00e880b3) x 1 0x80022de9
core   0: 0x800015b4 (0x000013d9) c.addi  t2, -10
core   0: 3 0x800015b4 (0x13d9) x 7 0xfffffff7
core   0: 0x800015b6 (0xfe33dde3) bge     t2, gp, pc - 6
core   0: 3 0x800015b6 (0xfe33dde3)
core   0: 0x800015ba (0xfebff4e3) bgeu    t6, a1, pc - 24
core   0: 3 0x800015ba (0xfebff4e3)
core   0: 0x800015a2 (0x02b98333) mul     t1, s3, a1
core   0: 3 0x800015a2 (0x02b98333) x 6 0xfffffffd
core   0: 0x800015a6 (0x00001ff9) c.addi  t6, -2
core   0: 3 0x800015a6 (0x1ff9) x31 0x00000003
core   0: 0x800015a8 (0x00100393) li      t2, 1
core   0: 3 0x800015a8 (0x00100393) x 7 0x00000001
core   0: 0x800015ac (0xffc00193) li      gp, -4
core   0: 3 0x800015ac (0xffc00193) x 3 0xfffffffc
core   0: 0x800015b0 (0x00e880b3) add     ra, a7, a4
core   0: 3 0x800015b0 (0x00e880b3) x 1 0x80022de9
core   0: 0x800015b4 (0x000013d9) c.addi  t2, -10
core   0: 3 0x800015b4 (0x13d9) x 7 0xfffffff7
core   0: 0x800015b6 (0xfe33dde3) bge     t2, gp, pc - 6
core   0: 3 0x800015b6 (0xfe33dde3)
core   0: 0x800015ba (0xfebff4e3) bgeu    t6, a1, pc - 24
core   0: 3 0x800015ba (0xfebff4e3)
core   0: 0x800015a2 (0x02b98333) mul     t1, s3, a1
core   0: 3 0x800015a2 (0x02b98333) x 6 0xfffffffd
core   0: 0x800015a6 (0x00001ff9) c.addi  t6, -2
core   0: 3 0x800015a6 (0x1ff9) x31 0x00000001
core   0: 0x800015a8 (0x00100393) li      t2, 1
core   0: 3 0x800015a8 (0x00100393) x 7 0x00000001
core   0: 0x800015ac (0xffc00193) li      gp, -4
core   0: 3 0x800015ac (0xffc00193) x 3 0xfffffffc
core   0: 0x800015b0 (0x00e880b3) add     ra, a7, a4
core   0: 3 0x800015b0 (0x00e880b3) x 1 0x80022de9
core   0: 0x800015b4 (0x000013d9) c.addi  t2, -10
core   0: 3 0x800015b4 (0x13d9) x 7 0xfffffff7
core   0: 0x800015b6 (0xfe33dde3) bge     t2, gp, pc - 6
core   0: 3 0x800015b6 (0xfe33dde3)
core   0: 0x800015ba (0xfebff4e3) bgeu    t6, a1, pc - 24
core   0: 3 0x800015ba (0xfebff4e3)
core   0: 0x800015be (0xe9d64413) xori    s0, a2, -355
core   0: 3 0x800015be (0xe9d64413) x 8 0x00000750
core   0: 0x800015c2 (0x00900893) li      a7, 9
core   0: 3 0x800015c2 (0x00900893) x17 0x00000009
core   0: 0x800015c6 (0x02d2e833) rem     a6, t0, a3
core   0: 3 0x800015c6 (0x02d2e833) x16 0x00000000
core   0: 0x800015ca (0x024bb5b3) mulhu   a1, s7, tp
core   0: 3 0x800015ca (0x024bb5b3) x11 0x00000484
core   0: 0x800015ce (0x41625593) srai    a1, tp, 22
core   0: 3 0x800015ce (0x41625593) x11 0x00000000
core   0: 0x800015d2 (0x015ad493) srli    s1, s5, 21
core   0: 3 0x800015d2 (0x015ad493) x 9 0x000007ff
core   0: 0x800015d6 (0x00900a13) li      s4, 9
core   0: 3 0x800015d6 (0x00900a13) x20 0x00000009
core   0: 0x800015da (0x419c0eb3) sub     t4, s8, s9
core   0: 3 0x800015da (0x419c0eb3) x29 0x0000000f
core   0: 0x800015de (0x000018e9) c.addi  a7, -6
core   0: 3 0x800015de (0x18e9) x17 0x00000003
core   0: 0x800015e0 (0x41aad533) sra     a0, s5, s10
core   0: 3 0x800015e0 (0x41aad533) x10 0xffffffff
core   0: 0x800015e4 (0x00008c0d) c.sub   s0, a1
core   0: 3 0x800015e4 (0x8c0d) x 8 0x00000750
core   0: 0x800015e6 (0xff700693) li      a3, -9
core   0: 3 0x800015e6 (0xff700693) x13 0xfffffff7
core   0: 0x800015ea (0x00000001) c.nop
core   0: 3 0x800015ea (0x0001)
core   0: 0x800015ec (0xff900913) li      s2, -7
core   0: 3 0x800015ec (0xff900913) x18 0xfffffff9
core   0: 0x800015f0 (0x000065d9) c.lui   a1, 0x16
core   0: 3 0x800015f0 (0x65d9) x11 0x00016000
core   0: 0x800015f2 (0x01be9d93) slli    s11, t4, 27
core   0: 3 0x800015f2 (0x01be9d93) x27 0x78000000
core   0: 0x800015f6 (0x003e94b3) sll     s1, t4, gp
core   0: 3 0x800015f6 (0x003e94b3) x 9 0xf0000000
core   0: 0x800015fa (0x017fb233) sltu    tp, t6, s7
core   0: 3 0x800015fa (0x017fb233) x 4 0x00000001
core   0: 0x800015fe (0x000053fd) c.li    t2, -1
core   0: 3 0x800015fe (0x53fd) x 7 0xffffffff
core   0: 0x80001600 (0x0000068d) c.addi  a3, 3
core   0: 3 0x80001600 (0x068d) x13 0xfffffffa
core   0: 0x80001602 (0x40875233) sra     tp, a4, s0
core   0: 3 0x80001602 (0x40875233) x 4 0x00000000
core   0: 0x80001606 (0x014f6533) or      a0, t5, s4
core   0: 3 0x80001606 (0x014f6533) x10 0x0000000f
core   0: 0x8000160a (0xff26c8e3) blt     a3, s2, pc - 16
core   0: 3 0x8000160a (0xff26c8e3)
core   0: 0x8000160e (0x00add513) srli    a0, s11, 10
core   0: 3 0x8000160e (0x00add513) x10 0x001e0000
core   0: 0x80001612 (0xeef24213) xori    tp, tp, -273
core   0: 3 0x80001612 (0xeef24213) x 4 0xfffffeef
core   0: 0x80001616 (0x00837833) and     a6, t1, s0
core   0: 3 0x80001616 (0x00837833) x16 0x00000750
core   0: 0x8000161a (0xc90ff493) andi    s1, t6, -880
core   0: 3 0x8000161a (0xc90ff493) x 9 0x00000000
core   0: 0x8000161e (0x0399c533) div     a0, s3, s9
core   0: 3 0x8000161e (0x0399c533) x10 0xffffffff
core   0: 0x80001622 (0x89eeb2b7) lui     t0, 0x89eeb
core   0: 3 0x80001622 (0x89eeb2b7) x 5 0x89eeb000
core   0: 0x80001626 (0x03f21e33) mulh    t3, tp, t6
core   0: 3 0x80001626 (0x03f21e33) x28 0xffffffff
core   0: 0x8000162a (0x00008505) c.srai  a0, 1
core   0: 3 0x8000162a (0x8505) x10 0xffffffff
core   0: 0x8000162c (0xfb48f7e3) bgeu    a7, s4, pc - 82
core   0: 3 0x8000162c (0xfb48f7e3)
core   0: 0x80001630 (0x01cbd493) srli    s1, s7, 28
core   0: 3 0x80001630 (0x01cbd493) x 9 0x0000000b
core   0: 0x80001634 (0xff900593) li      a1, -7
core   0: 3 0x80001634 (0xff900593) x11 0xfffffff9
core   0: 0x80001638 (0x000061bd) c.lui   gp, 0xf
core   0: 3 0x80001638 (0x61bd) x 3 0x0000f000
core   0: 0x8000163a (0x03f45033) divu    zero, s0, t6
core   0: 3 0x8000163a (0x03f45033)
core   0: 0x8000163e (0x014d73b3) and     t2, s10, s4
core   0: 3 0x8000163e (0x014d73b3) x 7 0x00000000
core   0: 0x80001642 (0x00009a0a) c.add   s4, sp
core   0: 3 0x80001642 (0x9a0a) x20 0x80026ced
core   0: 0x80001644 (0x411bdb93) srai    s7, s7, 17
core   0: 3 0x80001644 (0x411bdb93) x23 0xffffdffe
core   0: 0x80001648 (0x4c712f93) slti    t6, sp, 1223
core   0: 3 0x80001648 (0x4c712f93) x31 0x00000001
core   0: 0x8000164c (0x00700413) li      s0, 7
core   0: 3 0x8000164c (0x00700413) x 8 0x00000007
core   0: 0x80001650 (0x00f23c33) sltu    s8, tp, a5
core   0: 3 0x80001650 (0x00f23c33) x24 0x00000000
core   0: 0x80001654 (0x02c8a333) mulhsu  t1, a7, a2
core   0: 3 0x80001654 (0x02c8a333) x 6 0x00000002
core   0: 0x80001658 (0x023d71b3) remu    gp, s10, gp
core   0: 3 0x80001658 (0x023d71b3) x 3 0x0000ce64
core   0: 0x8000165c (0x0000059d) c.addi  a1, 7
core   0: 3 0x8000165c (0x059d) x11 0x00000000
core   0: 0x8000165e (0x41a65493) srai    s1, a2, 26
core   0: 3 0x8000165e (0x41a65493) x 9 0xffffffff
core   0: 0x80001662 (0x01a29733) sll     a4, t0, s10
core   0: 3 0x80001662 (0x01a29733) x14 0x9eeb0000
core   0: 0x80001666 (0xff900913) li      s2, -7
core   0: 3 0x80001666 (0xff900913) x18 0xfffffff9
core   0: 0x8000166a (0xffe00993) li      s3, -2
core   0: 3 0x8000166a (0xffe00993) x19 0xfffffffe
core   0: 0x8000166e (0x02443533) mulhu   a0, s0, tp
core   0: 3 0x8000166e (0x02443533) x10 0x00000006
core   0: 0x80001672 (0x000088e5) c.andi  s1, 25
core   0: 3 0x80001672 (0x88e5) x 9 0x00000019
core   0: 0x80001674 (0x00000929) c.addi  s2, 10
core   0: 3 0x80001674 (0x0929) x18 0x00000003
core   0: 0x80001676 (0x029d5ab3) divu    s5, s10, s1
core   0: 3 0x80001676 (0x029d5ab3) x21 0x051ecea7
core   0: 0x8000167a (0xff394ae3) blt     s2, s3, pc - 12
core   0: 3 0x8000167a (0xff394ae3)
core   0: 0x8000167e (0x48746a13) ori     s4, s0, 1159
core   0: 3 0x8000167e (0x48746a13) x20 0x00000487
core   0: 0x80001682 (0x00331eb3) sll     t4, t1, gp
core   0: 3 0x80001682 (0x00331eb3) x29 0x00000020
core   0: 0x80001686 (0xfc85c7e3) blt     a1, s0, pc - 50
core   0: 3 0x80001686 (0xfc85c7e3)
core   0: 0x80001654 (0x02c8a333) mulhsu  t1, a7, a2
core   0: 3 0x80001654 (0x02c8a333) x 6 0x00000002
core   0: 0x80001658 (0x023d71b3) remu    gp, s10, gp
core   0: 3 0x80001658 (0x023d71b3) x 3 0x000006a8
core   0: 0x8000165c (0x0000059d) c.addi  a1, 7
core   0: 3 0x8000165c (0x059d) x11 0x00000007
core   0: 0x8000165e (0x41a65493) srai    s1, a2, 26
core   0: 3 0x8000165e (0x41a65493) x 9 0xffffffff
core   0: 0x80001662 (0x01a29733) sll     a4, t0, s10
core   0: 3 0x80001662 (0x01a29733) x14 0x9eeb0000
core   0: 0x80001666 (0xff900913) li      s2, -7
core   0: 3 0x80001666 (0xff900913) x18 0xfffffff9
core   0: 0x8000166a (0xffe00993) li      s3, -2
core   0: 3 0x8000166a (0xffe00993) x19 0xfffffffe
core   0: 0x8000166e (0x02443533) mulhu   a0, s0, tp
core   0: 3 0x8000166e (0x02443533) x10 0x00000006
core   0: 0x80001672 (0x000088e5) c.andi  s1, 25
core   0: 3 0x80001672 (0x88e5) x 9 0x00000019
core   0: 0x80001674 (0x00000929) c.addi  s2, 10
core   0: 3 0x80001674 (0x0929) x18 0x00000003
core   0: 0x80001676 (0x029d5ab3) divu    s5, s10, s1
core   0: 3 0x80001676 (0x029d5ab3) x21 0x051ecea7
core   0: 0x8000167a (0xff394ae3) blt     s2, s3, pc - 12
core   0: 3 0x8000167a (0xff394ae3)
core   0: 0x8000167e (0x48746a13) ori     s4, s0, 1159
core   0: 3 0x8000167e (0x48746a13) x20 0x00000487
core   0: 0x80001682 (0x00331eb3) sll     t4, t1, gp
core   0: 3 0x80001682 (0x00331eb3) x29 0x00000200
core   0: 0x80001686 (0xfc85c7e3) blt     a1, s0, pc - 50
core   0: 3 0x80001686 (0xfc85c7e3)
core   0: 0x8000168a (0x0390aa33) mulhsu  s4, ra, s9
core   0: 3 0x8000168a (0x0390aa33) x20 0x00000000
core   0: 0x8000168e (0xff600593) li      a1, -10
core   0: 3 0x8000168e (0xff600593) x11 0xfffffff6
core   0: 0x80001692 (0x00c42633) slt     a2, s0, a2
core   0: 3 0x80001692 (0x00c42633) x12 0x00000000
core   0: 0x80001696 (0x01f37fb3) and     t6, t1, t6
core   0: 3 0x80001696 (0x01f37fb3) x31 0x00000000
core   0: 0x8000169a (0xffc00b93) li      s7, -4
core   0: 3 0x8000169a (0xffc00b93) x23 0xfffffffc
core   0: 0x8000169e (0x0000100f) fence.i
core   0: 3 0x8000169e (0x0000100f)
core   0: 0x800016a2 (0x00008c42) c.mv    s8, a6
core   0: 3 0x800016a2 (0x8c42) x24 0x00000750
core   0: 0x800016a4 (0x039cac33) mulhsu  s8, s9, s9
core   0: 3 0x800016a4 (0x039cac33) x24 0x00000000
core   0: 0x800016a8 (0x00000001) c.nop
core   0: 3 0x800016a8 (0x0001)
core   0: 0x800016aa (0x00009c9a) c.add   s9, t1
core   0: 3 0x800016aa (0x9c9a) x25 0x00000002
core   0: 0x800016ac (0x0078f233) and     tp, a7, t2
core   0: 3 0x800016ac (0x0078f233) x 4 0x00000000
core   0: 0x800016b0 (0x00000589) c.addi  a1, 2
core   0: 3 0x800016b0 (0x0589) x11 0xfffffff8
core   0: 0x800016b2 (0x0000100f) fence.i
core   0: 3 0x800016b2 (0x0000100f)
core   0: 0x800016b6 (0x00006f15) c.lui   t5, 0x5
core   0: 3 0x800016b6 (0x6f15) x30 0x00005000
core   0: 0x800016b8 (0xff7595e3) bne     a1, s7, pc - 22
core   0: 3 0x800016b8 (0xff7595e3)
core   0: 0x800016a2 (0x00008c42) c.mv    s8, a6
core   0: 3 0x800016a2 (0x8c42) x24 0x00000750
core   0: 0x800016a4 (0x039cac33) mulhsu  s8, s9, s9
core   0: 3 0x800016a4 (0x039cac33) x24 0x00000000
core   0: 0x800016a8 (0x00000001) c.nop
core   0: 3 0x800016a8 (0x0001)
core   0: 0x800016aa (0x00009c9a) c.add   s9, t1
core   0: 3 0x800016aa (0x9c9a) x25 0x00000004
core   0: 0x800016ac (0x0078f233) and     tp, a7, t2
core   0: 3 0x800016ac (0x0078f233) x 4 0x00000000
core   0: 0x800016b0 (0x00000589) c.addi  a1, 2
core   0: 3 0x800016b0 (0x0589) x11 0xfffffffa
core   0: 0x800016b2 (0x0000100f) fence.i
core   0: 3 0x800016b2 (0x0000100f)
core   0: 0x800016b6 (0x00006f15) c.lui   t5, 0x5
core   0: 3 0x800016b6 (0x6f15) x30 0x00005000
core   0: 0x800016b8 (0xff7595e3) bne     a1, s7, pc - 22
core   0: 3 0x800016b8 (0xff7595e3)
core   0: 0x800016a2 (0x00008c42) c.mv    s8, a6
core   0: 3 0x800016a2 (0x8c42) x24 0x00000750
core   0: 0x800016a4 (0x039cac33) mulhsu  s8, s9, s9
core   0: 3 0x800016a4 (0x039cac33) x24 0x00000000
core   0: 0x800016a8 (0x00000001) c.nop
core   0: 3 0x800016a8 (0x0001)
core   0: 0x800016aa (0x00009c9a) c.add   s9, t1
core   0: 3 0x800016aa (0x9c9a) x25 0x00000006
core   0: 0x800016ac (0x0078f233) and     tp, a7, t2
core   0: 3 0x800016ac (0x0078f233) x 4 0x00000000
core   0: 0x800016b0 (0x00000589) c.addi  a1, 2
core   0: 3 0x800016b0 (0x0589) x11 0xfffffffc
core   0: 0x800016b2 (0x0000100f) fence.i
core   0: 3 0x800016b2 (0x0000100f)
core   0: 0x800016b6 (0x00006f15) c.lui   t5, 0x5
core   0: 3 0x800016b6 (0x6f15) x30 0x00005000
core   0: 0x800016b8 (0xff7595e3) bne     a1, s7, pc - 22
core   0: 3 0x800016b8 (0xff7595e3)
core   0: 0x800016bc (0x0214c6b3) div     a3, s1, ra
core   0: 3 0x800016bc (0x0214c6b3) x13 0x00000000
core   0: 0x800016c0 (0xffe00d93) li      s11, -2
core   0: 3 0x800016c0 (0xffe00d93) x27 0xfffffffe
core   0: 0x800016c4 (0x87a2b913) sltiu   s2, t0, -1926
core   0: 3 0x800016c4 (0x87a2b913) x18 0x00000001
core   0: 0x800016c8 (0x0ddcc493) xori    s1, s9, 221
core   0: 3 0x800016c8 (0x0ddcc493) x 9 0x000000db
core   0: 0x800016cc (0x020c76b3) remu    a3, s8, zero
core   0: 3 0x800016cc (0x020c76b3) x13 0x00000000
core   0: 0x800016d0 (0x27e73613) sltiu   a2, a4, 638
core   0: 3 0x800016d0 (0x27e73613) x12 0x00000000
core   0: 0x800016d4 (0x00006905) c.lui   s2, 0x1
core   0: 3 0x800016d4 (0x6905) x18 0x00001000
core   0: 0x800016d6 (0x0000997d) c.andi  a0, -1
core   0: 3 0x800016d6 (0x997d) x10 0x00000006
core   0: 0x800016d8 (0x00000001) c.nop
core   0: 3 0x800016d8 (0x0001)
core   0: 0x800016da (0x03b21633) mulh    a2, tp, s11
core   0: 3 0x800016da (0x03b21633) x12 0x00000000
core   0: 0x800016de (0xff800313) li      t1, -8
core   0: 3 0x800016de (0xff800313) x 6 0xfffffff8
core   0: 0x800016e2 (0x00008ee9) c.and   a3, a0
core   0: 3 0x800016e2 (0x8ee9) x13 0x00000000
core   0: 0x800016e4 (0x0000577d) c.li    a4, -1
core   0: 3 0x800016e4 (0x577d) x14 0xffffffff
core   0: 0x800016e6 (0x0ff0000f) fence   iorw,iorw
core   0: 3 0x800016e6 (0x0ff0000f)
core   0: 0x800016ea (0x401c5c33) sra     s8, s8, ra
core   0: 3 0x800016ea (0x401c5c33) x24 0x00000000
core   0: 0x800016ee (0x8eed4c13) xori    s8, s10, -1810
core   0: 3 0x800016ee (0x8eed4c13) x24 0x7ffdd68a
core   0: 0x800016f2 (0x00001df5) c.addi  s11, -3
core   0: 3 0x800016f2 (0x1df5) x27 0xfffffffb
core   0: 0x800016f4 (0x01502a33) slt     s4, zero, s5
core   0: 3 0x800016f4 (0x01502a33) x20 0x00000001
core   0: 0x800016f8 (0x03fc5733) divu    a4, s8, t6
core   0: 3 0x800016f8 (0x03fc5733) x14 0xffffffff
core   0: 0x800016fc (0x400cd013) srai    zero, s9, 0
core   0: 3 0x800016fc (0x400cd013)
core   0: 0x80001700 (0x00a00593) li      a1, 10
core   0: 3 0x80001700 (0x00a00593) x11 0x0000000a
core   0: 0x80001704 (0x00009472) c.add   s0, t3
core   0: 3 0x80001704 (0x9472) x 8 0x00000006
core   0: 0x80001706 (0x00a00b93) li      s7, 10
core   0: 3 0x80001706 (0x00a00b93) x23 0x0000000a
core   0: 0x8000170a (0xbc9af093) andi    ra, s5, -1079
core   0: 3 0x8000170a (0xbc9af093) x 1 0x051eca81
core   0: 0x8000170e (0x032d30b3) mulhu   ra, s10, s2
core   0: 3 0x8000170e (0x032d30b3) x 1 0x00000800
core   0: 0x80001712 (0x0337c6b3) div     a3, a5, s3
core   0: 3 0x80001712 (0x0337c6b3) x13 0x00000000
core   0: 0x80001716 (0x000015dd) c.addi  a1, -9
core   0: 3 0x80001716 (0x15dd) x11 0x00000001
core   0: 0x80001718 (0x55ab7893) andi    a7, s6, 1370
core   0: 3 0x80001718 (0x55ab7893) x17 0x00000012
core   0: 0x8000171c (0xff75f9e3) bgeu    a1, s7, pc - 14
core   0: 3 0x8000171c (0xff75f9e3)
core   0: 0x80001720 (0x00008e11) c.sub   a2, a2
core   0: 3 0x80001720 (0x8e11) x12 0x00000000
core   0: 0x80001722 (0x41deb893) sltiu   a7, t4, 1053
core   0: 3 0x80001722 (0x41deb893) x17 0x00000001
core   0: 0x80001726 (0x3ae28f13) addi    t5, t0, 942
core   0: 3 0x80001726 (0x3ae28f13) x30 0x89eeb3ae
core   0: 0x8000172a (0xfa6d9de3) bne     s11, t1, pc - 70
core   0: 3 0x8000172a (0xfa6d9de3)
core   0: 0x800016e4 (0x0000577d) c.li    a4, -1
core   0: 3 0x800016e4 (0x577d) x14 0xffffffff
core   0: 0x800016e6 (0x0ff0000f) fence   iorw,iorw
core   0: 3 0x800016e6 (0x0ff0000f)
core   0: 0x800016ea (0x401c5c33) sra     s8, s8, ra
core   0: 3 0x800016ea (0x401c5c33) x24 0x7ffdd68a
core   0: 0x800016ee (0x8eed4c13) xori    s8, s10, -1810
core   0: 3 0x800016ee (0x8eed4c13) x24 0x7ffdd68a
core   0: 0x800016f2 (0x00001df5) c.addi  s11, -3
core   0: 3 0x800016f2 (0x1df5) x27 0xfffffff8
core   0: 0x800016f4 (0x01502a33) slt     s4, zero, s5
core   0: 3 0x800016f4 (0x01502a33) x20 0x00000001
core   0: 0x800016f8 (0x03fc5733) divu    a4, s8, t6
core   0: 3 0x800016f8 (0x03fc5733) x14 0xffffffff
core   0: 0x800016fc (0x400cd013) srai    zero, s9, 0
core   0: 3 0x800016fc (0x400cd013)
core   0: 0x80001700 (0x00a00593) li      a1, 10
core   0: 3 0x80001700 (0x00a00593) x11 0x0000000a
core   0: 0x80001704 (0x00009472) c.add   s0, t3
core   0: 3 0x80001704 (0x9472) x 8 0x00000005
core   0: 0x80001706 (0x00a00b93) li      s7, 10
core   0: 3 0x80001706 (0x00a00b93) x23 0x0000000a
core   0: 0x8000170a (0xbc9af093) andi    ra, s5, -1079
core   0: 3 0x8000170a (0xbc9af093) x 1 0x051eca81
core   0: 0x8000170e (0x032d30b3) mulhu   ra, s10, s2
core   0: 3 0x8000170e (0x032d30b3) x 1 0x00000800
core   0: 0x80001712 (0x0337c6b3) div     a3, a5, s3
core   0: 3 0x80001712 (0x0337c6b3) x13 0x00000000
core   0: 0x80001716 (0x000015dd) c.addi  a1, -9
core   0: 3 0x80001716 (0x15dd) x11 0x00000001
core   0: 0x80001718 (0x55ab7893) andi    a7, s6, 1370
core   0: 3 0x80001718 (0x55ab7893) x17 0x00000012
core   0: 0x8000171c (0xff75f9e3) bgeu    a1, s7, pc - 14
core   0: 3 0x8000171c (0xff75f9e3)
core   0: 0x80001720 (0x00008e11) c.sub   a2, a2
core   0: 3 0x80001720 (0x8e11) x12 0x00000000
core   0: 0x80001722 (0x41deb893) sltiu   a7, t4, 1053
core   0: 3 0x80001722 (0x41deb893) x17 0x00000001
core   0: 0x80001726 (0x3ae28f13) addi    t5, t0, 942
core   0: 3 0x80001726 (0x3ae28f13) x30 0x89eeb3ae
core   0: 0x8000172a (0xfa6d9de3) bne     s11, t1, pc - 70
core   0: 3 0x8000172a (0xfa6d9de3)
core   0: 0x8000172e (0x01c09f13) slli    t5, ra, 28
core   0: 3 0x8000172e (0x01c09f13) x30 0x00000000
core   0: 0x80001732 (0xff600513) li      a0, -10
core   0: 3 0x80001732 (0xff600513) x10 0xfffffff6
core   0: 0x80001736 (0x00005b7d) c.li    s6, -1
core   0: 3 0x80001736 (0x5b7d) x22 0xffffffff
core   0: 0x80001738 (0x91ea7817) auipc   a6, 0x91ea7
core   0: 3 0x80001738 (0x91ea7817) x16 0x11ea8738
core   0: 0x8000173c (0x00000001) c.nop
core   0: 3 0x8000173c (0x0001)
core   0: 0x8000173e (0x7f350a97) auipc   s5, 0x7f350
core   0: 3 0x8000173e (0x7f350a97) x21 0xff35173e
core   0: 0x80001742 (0x00008ecd) c.or    a3, a1
core   0: 3 0x80001742 (0x8ecd) x13 0x00000001
core   0: 0x80001744 (0x00be9933) sll     s2, t4, a1
core   0: 3 0x80001744 (0x00be9933) x18 0x00000400
core   0: 0x80001748 (0x0231be33) mulhu   t3, gp, gp
core   0: 3 0x80001748 (0x0231be33) x28 0x00000000
core   0: 0x8000174c (0x00008f09) c.sub   a4, a0
core   0: 3 0x8000174c (0x8f09) x14 0x00000009
core   0: 0x8000174e (0x00000505) c.addi  a0, 1
core   0: 3 0x8000174e (0x0505) x10 0xfffffff7
core   0: 0x80001750 (0x02adc2b3) div     t0, s11, a0
core   0: 3 0x80001750 (0x02adc2b3) x 5 0x00000000
core   0: 0x80001754 (0x00008291) c.srli  a3, 4
core   0: 3 0x80001754 (0x8291) x13 0x00000000
core   0: 0x80001756 (0x00700613) li      a2, 7
core   0: 3 0x80001756 (0x00700613) x12 0x00000007
core   0: 0x8000175a (0x0000100f) fence.i
core   0: 3 0x8000175a (0x0000100f)
core   0: 0x8000175e (0x41d75e13) srai    t3, a4, 29
core   0: 3 0x8000175e (0x41d75e13) x28 0x00000000
core   0: 0x80001762 (0x00400093) li      ra, 4
core   0: 3 0x80001762 (0x00400093) x 1 0x00000004
core   0: 0x80001766 (0x000014fd) c.addi  s1, -1
core   0: 3 0x80001766 (0x14fd) x 9 0x000000da
core   0: 0x80001768 (0x00b1c1b3) xor     gp, gp, a1
core   0: 3 0x80001768 (0x00b1c1b3) x 3 0x000006a9
core   0: 0x8000176c (0x00008ec9) c.or    a3, a0
core   0: 3 0x8000176c (0x8ec9) x13 0xfffffff7
core   0: 0x8000176e (0x9507a193) slti    gp, a5, -1712
core   0: 3 0x8000176e (0x9507a193) x 3 0x00000000
core   0: 0x80001772 (0x00008c39) c.xor   s0, a4
core   0: 3 0x80001772 (0x8c39) x 8 0x0000000c
core   0: 0x80001774 (0x0000167d) c.addi  a2, -1
core   0: 3 0x80001774 (0x167d) x12 0x00000006
core   0: 0x80001776 (0x00008f65) c.and   a4, s1
core   0: 3 0x80001776 (0x8f65) x14 0x00000008
core   0: 0x80001778 (0xfe1677e3) bgeu    a2, ra, pc - 18
core   0: 3 0x80001778 (0xfe1677e3)
core   0: 0x80001766 (0x000014fd) c.addi  s1, -1
core   0: 3 0x80001766 (0x14fd) x 9 0x000000d9
core   0: 0x80001768 (0x00b1c1b3) xor     gp, gp, a1
core   0: 3 0x80001768 (0x00b1c1b3) x 3 0x00000001
core   0: 0x8000176c (0x00008ec9) c.or    a3, a0
core   0: 3 0x8000176c (0x8ec9) x13 0xfffffff7
core   0: 0x8000176e (0x9507a193) slti    gp, a5, -1712
core   0: 3 0x8000176e (0x9507a193) x 3 0x00000000
core   0: 0x80001772 (0x00008c39) c.xor   s0, a4
core   0: 3 0x80001772 (0x8c39) x 8 0x00000004
core   0: 0x80001774 (0x0000167d) c.addi  a2, -1
core   0: 3 0x80001774 (0x167d) x12 0x00000005
core   0: 0x80001776 (0x00008f65) c.and   a4, s1
core   0: 3 0x80001776 (0x8f65) x14 0x00000008
core   0: 0x80001778 (0xfe1677e3) bgeu    a2, ra, pc - 18
core   0: 3 0x80001778 (0xfe1677e3)
core   0: 0x80001766 (0x000014fd) c.addi  s1, -1
core   0: 3 0x80001766 (0x14fd) x 9 0x000000d8
core   0: 0x80001768 (0x00b1c1b3) xor     gp, gp, a1
core   0: 3 0x80001768 (0x00b1c1b3) x 3 0x00000001
core   0: 0x8000176c (0x00008ec9) c.or    a3, a0
core   0: 3 0x8000176c (0x8ec9) x13 0xfffffff7
core   0: 0x8000176e (0x9507a193) slti    gp, a5, -1712
core   0: 3 0x8000176e (0x9507a193) x 3 0x00000000
core   0: 0x80001772 (0x00008c39) c.xor   s0, a4
core   0: 3 0x80001772 (0x8c39) x 8 0x0000000c
core   0: 0x80001774 (0x0000167d) c.addi  a2, -1
core   0: 3 0x80001774 (0x167d) x12 0x00000004
core   0: 0x80001776 (0x00008f65) c.and   a4, s1
core   0: 3 0x80001776 (0x8f65) x14 0x00000008
core   0: 0x80001778 (0xfe1677e3) bgeu    a2, ra, pc - 18
core   0: 3 0x80001778 (0xfe1677e3)
core   0: 0x80001766 (0x000014fd) c.addi  s1, -1
core   0: 3 0x80001766 (0x14fd) x 9 0x000000d7
core   0: 0x80001768 (0x00b1c1b3) xor     gp, gp, a1
core   0: 3 0x80001768 (0x00b1c1b3) x 3 0x00000001
core   0: 0x8000176c (0x00008ec9) c.or    a3, a0
core   0: 3 0x8000176c (0x8ec9) x13 0xfffffff7
core   0: 0x8000176e (0x9507a193) slti    gp, a5, -1712
core   0: 3 0x8000176e (0x9507a193) x 3 0x00000000
core   0: 0x80001772 (0x00008c39) c.xor   s0, a4
core   0: 3 0x80001772 (0x8c39) x 8 0x00000004
core   0: 0x80001774 (0x0000167d) c.addi  a2, -1
core   0: 3 0x80001774 (0x167d) x12 0x00000003
core   0: 0x80001776 (0x00008f65) c.and   a4, s1
core   0: 3 0x80001776 (0x8f65) x14 0x00000000
core   0: 0x80001778 (0xfe1677e3) bgeu    a2, ra, pc - 18
core   0: 3 0x80001778 (0xfe1677e3)
core   0: 0x8000177c (0x03ad9eb3) mulh    t4, s11, s10
core   0: 3 0x8000177c (0x03ad9eb3) x29 0x00000003
core   0: 0x80001780 (0x00004935) c.li    s2, 13
core   0: 3 0x80001780 (0x4935) x18 0x0000000d
core   0: 0x80001782 (0xc90d3b13) sltiu   s6, s10, -880
core   0: 3 0x80001782 (0xc90d3b13) x22 0x00000001
core   0: 0x80001786 (0x0000100f) fence.i
core   0: 3 0x80001786 (0x0000100f)
core   0: 0x8000178a (0xbf208437) lui     s0, 0xbf208
core   0: 3 0x8000178a (0xbf208437) x 8 0xbf208000
core   0: 0x8000178e (0x00008e9d) c.sub   a3, a5
core   0: 3 0x8000178e (0x8e9d) x13 0xfffffff7
core   0: 0x80001790 (0x0000f94d) c.bnez  a0, pc - 78
core   0: 3 0x80001790 (0xf94d)
core   0: 0x80001742 (0x00008ecd) c.or    a3, a1
core   0: 3 0x80001742 (0x8ecd) x13 0xfffffff7
core   0: 0x80001744 (0x00be9933) sll     s2, t4, a1
core   0: 3 0x80001744 (0x00be9933) x18 0x00000006
core   0: 0x80001748 (0x0231be33) mulhu   t3, gp, gp
core   0: 3 0x80001748 (0x0231be33) x28 0x00000000
core   0: 0x8000174c (0x00008f09) c.sub   a4, a0
core   0: 3 0x8000174c (0x8f09) x14 0x00000009
core   0: 0x8000174e (0x00000505) c.addi  a0, 1
core   0: 3 0x8000174e (0x0505) x10 0xfffffff8
core   0: 0x80001750 (0x02adc2b3) div     t0, s11, a0
core   0: 3 0x80001750 (0x02adc2b3) x 5 0x00000001
core   0: 0x80001754 (0x00008291) c.srli  a3, 4
core   0: 3 0x80001754 (0x8291) x13 0x0fffffff
core   0: 0x80001756 (0x00700613) li      a2, 7
core   0: 3 0x80001756 (0x00700613) x12 0x00000007
core   0: 0x8000175a (0x0000100f) fence.i
core   0: 3 0x8000175a (0x0000100f)
core   0: 0x8000175e (0x41d75e13) srai    t3, a4, 29
core   0: 3 0x8000175e (0x41d75e13) x28 0x00000000
core   0: 0x80001762 (0x00400093) li      ra, 4
core   0: 3 0x80001762 (0x00400093) x 1 0x00000004
core   0: 0x80001766 (0x000014fd) c.addi  s1, -1
core   0: 3 0x80001766 (0x14fd) x 9 0x000000d6
core   0: 0x80001768 (0x00b1c1b3) xor     gp, gp, a1
core   0: 3 0x80001768 (0x00b1c1b3) x 3 0x00000001
core   0: 0x8000176c (0x00008ec9) c.or    a3, a0
core   0: 3 0x8000176c (0x8ec9) x13 0xffffffff
core   0: 0x8000176e (0x9507a193) slti    gp, a5, -1712
core   0: 3 0x8000176e (0x9507a193) x 3 0x00000000
core   0: 0x80001772 (0x00008c39) c.xor   s0, a4
core   0: 3 0x80001772 (0x8c39) x 8 0xbf208009
core   0: 0x80001774 (0x0000167d) c.addi  a2, -1
core   0: 3 0x80001774 (0x167d) x12 0x00000006
core   0: 0x80001776 (0x00008f65) c.and   a4, s1
core   0: 3 0x80001776 (0x8f65) x14 0x00000000
core   0: 0x80001778 (0xfe1677e3) bgeu    a2, ra, pc - 18
core   0: 3 0x80001778 (0xfe1677e3)
core   0: 0x80001766 (0x000014fd) c.addi  s1, -1
core   0: 3 0x80001766 (0x14fd) x 9 0x000000d5
core   0: 0x80001768 (0x00b1c1b3) xor     gp, gp, a1
core   0: 3 0x80001768 (0x00b1c1b3) x 3 0x00000001
core   0: 0x8000176c (0x00008ec9) c.or    a3, a0
core   0: 3 0x8000176c (0x8ec9) x13 0xffffffff
core   0: 0x8000176e (0x9507a193) slti    gp, a5, -1712
core   0: 3 0x8000176e (0x9507a193) x 3 0x00000000
core   0: 0x80001772 (0x00008c39) c.xor   s0, a4
core   0: 3 0x80001772 (0x8c39) x 8 0xbf208009
core   0: 0x80001774 (0x0000167d) c.addi  a2, -1
core   0: 3 0x80001774 (0x167d) x12 0x00000005
core   0: 0x80001776 (0x00008f65) c.and   a4, s1
core   0: 3 0x80001776 (0x8f65) x14 0x00000000
core   0: 0x80001778 (0xfe1677e3) bgeu    a2, ra, pc - 18
core   0: 3 0x80001778 (0xfe1677e3)
core   0: 0x80001766 (0x000014fd) c.addi  s1, -1
core   0: 3 0x80001766 (0x14fd) x 9 0x000000d4
core   0: 0x80001768 (0x00b1c1b3) xor     gp, gp, a1
core   0: 3 0x80001768 (0x00b1c1b3) x 3 0x00000001
core   0: 0x8000176c (0x00008ec9) c.or    a3, a0
core   0: 3 0x8000176c (0x8ec9) x13 0xffffffff
core   0: 0x8000176e (0x9507a193) slti    gp, a5, -1712
core   0: 3 0x8000176e (0x9507a193) x 3 0x00000000
core   0: 0x80001772 (0x00008c39) c.xor   s0, a4
core   0: 3 0x80001772 (0x8c39) x 8 0xbf208009
core   0: 0x80001774 (0x0000167d) c.addi  a2, -1
core   0: 3 0x80001774 (0x167d) x12 0x00000004
core   0: 0x80001776 (0x00008f65) c.and   a4, s1
core   0: 3 0x80001776 (0x8f65) x14 0x00000000
core   0: 0x80001778 (0xfe1677e3) bgeu    a2, ra, pc - 18
core   0: 3 0x80001778 (0xfe1677e3)
core   0: 0x80001766 (0x000014fd) c.addi  s1, -1
core   0: 3 0x80001766 (0x14fd) x 9 0x000000d3
core   0: 0x80001768 (0x00b1c1b3) xor     gp, gp, a1
core   0: 3 0x80001768 (0x00b1c1b3) x 3 0x00000001
core   0: 0x8000176c (0x00008ec9) c.or    a3, a0
core   0: 3 0x8000176c (0x8ec9) x13 0xffffffff
core   0: 0x8000176e (0x9507a193) slti    gp, a5, -1712
core   0: 3 0x8000176e (0x9507a193) x 3 0x00000000
core   0: 0x80001772 (0x00008c39) c.xor   s0, a4
core   0: 3 0x80001772 (0x8c39) x 8 0xbf208009
core   0: 0x80001774 (0x0000167d) c.addi  a2, -1
core   0: 3 0x80001774 (0x167d) x12 0x00000003
core   0: 0x80001776 (0x00008f65) c.and   a4, s1
core   0: 3 0x80001776 (0x8f65) x14 0x00000000
core   0: 0x80001778 (0xfe1677e3) bgeu    a2, ra, pc - 18
core   0: 3 0x80001778 (0xfe1677e3)
core   0: 0x8000177c (0x03ad9eb3) mulh    t4, s11, s10
core   0: 3 0x8000177c (0x03ad9eb3) x29 0x00000003
core   0: 0x80001780 (0x00004935) c.li    s2, 13
core   0: 3 0x80001780 (0x4935) x18 0x0000000d
core   0: 0x80001782 (0xc90d3b13) sltiu   s6, s10, -880
core   0: 3 0x80001782 (0xc90d3b13) x22 0x00000001
core   0: 0x80001786 (0x0000100f) fence.i
core   0: 3 0x80001786 (0x0000100f)
core   0: 0x8000178a (0xbf208437) lui     s0, 0xbf208
core   0: 3 0x8000178a (0xbf208437) x 8 0xbf208000
core   0: 0x8000178e (0x00008e9d) c.sub   a3, a5
core   0: 3 0x8000178e (0x8e9d) x13 0xffffffff
core   0: 0x80001790 (0x0000f94d) c.bnez  a0, pc - 78
core   0: 3 0x80001790 (0xf94d)
core   0: 0x80001742 (0x00008ecd) c.or    a3, a1
core   0: 3 0x80001742 (0x8ecd) x13 0xffffffff
core   0: 0x80001744 (0x00be9933) sll     s2, t4, a1
core   0: 3 0x80001744 (0x00be9933) x18 0x00000006
core   0: 0x80001748 (0x0231be33) mulhu   t3, gp, gp
core   0: 3 0x80001748 (0x0231be33) x28 0x00000000
core   0: 0x8000174c (0x00008f09) c.sub   a4, a0
core   0: 3 0x8000174c (0x8f09) x14 0x00000008
core   0: 0x8000174e (0x00000505) c.addi  a0, 1
core   0: 3 0x8000174e (0x0505) x10 0xfffffff9
core   0: 0x80001750 (0x02adc2b3) div     t0, s11, a0
core   0: 3 0x80001750 (0x02adc2b3) x 5 0x00000001
core   0: 0x80001754 (0x00008291) c.srli  a3, 4
core   0: 3 0x80001754 (0x8291) x13 0x0fffffff
core   0: 0x80001756 (0x00700613) li      a2, 7
core   0: 3 0x80001756 (0x00700613) x12 0x00000007
core   0: 0x8000175a (0x0000100f) fence.i
core   0: 3 0x8000175a (0x0000100f)
core   0: 0x8000175e (0x41d75e13) srai    t3, a4, 29
core   0: 3 0x8000175e (0x41d75e13) x28 0x00000000
core   0: 0x80001762 (0x00400093) li      ra, 4
core   0: 3 0x80001762 (0x00400093) x 1 0x00000004
core   0: 0x80001766 (0x000014fd) c.addi  s1, -1
core   0: 3 0x80001766 (0x14fd) x 9 0x000000d2
core   0: 0x80001768 (0x00b1c1b3) xor     gp, gp, a1
core   0: 3 0x80001768 (0x00b1c1b3) x 3 0x00000001
core   0: 0x8000176c (0x00008ec9) c.or    a3, a0
core   0: 3 0x8000176c (0x8ec9) x13 0xffffffff
core   0: 0x8000176e (0x9507a193) slti    gp, a5, -1712
core   0: 3 0x8000176e (0x9507a193) x 3 0x00000000
core   0: 0x80001772 (0x00008c39) c.xor   s0, a4
core   0: 3 0x80001772 (0x8c39) x 8 0xbf208008
core   0: 0x80001774 (0x0000167d) c.addi  a2, -1
core   0: 3 0x80001774 (0x167d) x12 0x00000006
core   0: 0x80001776 (0x00008f65) c.and   a4, s1
core   0: 3 0x80001776 (0x8f65) x14 0x00000000
core   0: 0x80001778 (0xfe1677e3) bgeu    a2, ra, pc - 18
core   0: 3 0x80001778 (0xfe1677e3)
core   0: 0x80001766 (0x000014fd) c.addi  s1, -1
core   0: 3 0x80001766 (0x14fd) x 9 0x000000d1
core   0: 0x80001768 (0x00b1c1b3) xor     gp, gp, a1
core   0: 3 0x80001768 (0x00b1c1b3) x 3 0x00000001
core   0: 0x8000176c (0x00008ec9) c.or    a3, a0
core   0: 3 0x8000176c (0x8ec9) x13 0xffffffff
core   0: 0x8000176e (0x9507a193) slti    gp, a5, -1712
core   0: 3 0x8000176e (0x9507a193) x 3 0x00000000
core   0: 0x80001772 (0x00008c39) c.xor   s0, a4
core   0: 3 0x80001772 (0x8c39) x 8 0xbf208008
core   0: 0x80001774 (0x0000167d) c.addi  a2, -1
core   0: 3 0x80001774 (0x167d) x12 0x00000005
core   0: 0x80001776 (0x00008f65) c.and   a4, s1
core   0: 3 0x80001776 (0x8f65) x14 0x00000000
core   0: 0x80001778 (0xfe1677e3) bgeu    a2, ra, pc - 18
core   0: 3 0x80001778 (0xfe1677e3)
core   0: 0x80001766 (0x000014fd) c.addi  s1, -1
core   0: 3 0x80001766 (0x14fd) x 9 0x000000d0
core   0: 0x80001768 (0x00b1c1b3) xor     gp, gp, a1
core   0: 3 0x80001768 (0x00b1c1b3) x 3 0x00000001
core   0: 0x8000176c (0x00008ec9) c.or    a3, a0
core   0: 3 0x8000176c (0x8ec9) x13 0xffffffff
core   0: 0x8000176e (0x9507a193) slti    gp, a5, -1712
core   0: 3 0x8000176e (0x9507a193) x 3 0x00000000
core   0: 0x80001772 (0x00008c39) c.xor   s0, a4
core   0: 3 0x80001772 (0x8c39) x 8 0xbf208008
core   0: 0x80001774 (0x0000167d) c.addi  a2, -1
core   0: 3 0x80001774 (0x167d) x12 0x00000004
core   0: 0x80001776 (0x00008f65) c.and   a4, s1
core   0: 3 0x80001776 (0x8f65) x14 0x00000000
core   0: 0x80001778 (0xfe1677e3) bgeu    a2, ra, pc - 18
core   0: 3 0x80001778 (0xfe1677e3)
core   0: 0x80001766 (0x000014fd) c.addi  s1, -1
core   0: 3 0x80001766 (0x14fd) x 9 0x000000cf
core   0: 0x80001768 (0x00b1c1b3) xor     gp, gp, a1
core   0: 3 0x80001768 (0x00b1c1b3) x 3 0x00000001
core   0: 0x8000176c (0x00008ec9) c.or    a3, a0
core   0: 3 0x8000176c (0x8ec9) x13 0xffffffff
core   0: 0x8000176e (0x9507a193) slti    gp, a5, -1712
core   0: 3 0x8000176e (0x9507a193) x 3 0x00000000
core   0: 0x80001772 (0x00008c39) c.xor   s0, a4
core   0: 3 0x80001772 (0x8c39) x 8 0xbf208008
core   0: 0x80001774 (0x0000167d) c.addi  a2, -1
core   0: 3 0x80001774 (0x167d) x12 0x00000003
core   0: 0x80001776 (0x00008f65) c.and   a4, s1
core   0: 3 0x80001776 (0x8f65) x14 0x00000000
core   0: 0x80001778 (0xfe1677e3) bgeu    a2, ra, pc - 18
core   0: 3 0x80001778 (0xfe1677e3)
core   0: 0x8000177c (0x03ad9eb3) mulh    t4, s11, s10
core   0: 3 0x8000177c (0x03ad9eb3) x29 0x00000003
core   0: 0x80001780 (0x00004935) c.li    s2, 13
core   0: 3 0x80001780 (0x4935) x18 0x0000000d
core   0: 0x80001782 (0xc90d3b13) sltiu   s6, s10, -880
core   0: 3 0x80001782 (0xc90d3b13) x22 0x00000001
core   0: 0x80001786 (0x0000100f) fence.i
core   0: 3 0x80001786 (0x0000100f)
core   0: 0x8000178a (0xbf208437) lui     s0, 0xbf208
core   0: 3 0x8000178a (0xbf208437) x 8 0xbf208000
core   0: 0x8000178e (0x00008e9d) c.sub   a3, a5
core   0: 3 0x8000178e (0x8e9d) x13 0xffffffff
core   0: 0x80001790 (0x0000f94d) c.bnez  a0, pc - 78
core   0: 3 0x80001790 (0xf94d)
core   0: 0x80001742 (0x00008ecd) c.or    a3, a1
core   0: 3 0x80001742 (0x8ecd) x13 0xffffffff
core   0: 0x80001744 (0x00be9933) sll     s2, t4, a1
core   0: 3 0x80001744 (0x00be9933) x18 0x00000006
core   0: 0x80001748 (0x0231be33) mulhu   t3, gp, gp
core   0: 3 0x80001748 (0x0231be33) x28 0x00000000
core   0: 0x8000174c (0x00008f09) c.sub   a4, a0
core   0: 3 0x8000174c (0x8f09) x14 0x00000007
core   0: 0x8000174e (0x00000505) c.addi  a0, 1
core   0: 3 0x8000174e (0x0505) x10 0xfffffffa
core   0: 0x80001750 (0x02adc2b3) div     t0, s11, a0
core   0: 3 0x80001750 (0x02adc2b3) x 5 0x00000001
core   0: 0x80001754 (0x00008291) c.srli  a3, 4
core   0: 3 0x80001754 (0x8291) x13 0x0fffffff
core   0: 0x80001756 (0x00700613) li      a2, 7
core   0: 3 0x80001756 (0x00700613) x12 0x00000007
core   0: 0x8000175a (0x0000100f) fence.i
core   0: 3 0x8000175a (0x0000100f)
core   0: 0x8000175e (0x41d75e13) srai    t3, a4, 29
core   0: 3 0x8000175e (0x41d75e13) x28 0x00000000
core   0: 0x80001762 (0x00400093) li      ra, 4
core   0: 3 0x80001762 (0x00400093) x 1 0x00000004
core   0: 0x80001766 (0x000014fd) c.addi  s1, -1
core   0: 3 0x80001766 (0x14fd) x 9 0x000000ce
core   0: 0x80001768 (0x00b1c1b3) xor     gp, gp, a1
core   0: 3 0x80001768 (0x00b1c1b3) x 3 0x00000001
core   0: 0x8000176c (0x00008ec9) c.or    a3, a0
core   0: 3 0x8000176c (0x8ec9) x13 0xffffffff
core   0: 0x8000176e (0x9507a193) slti    gp, a5, -1712
core   0: 3 0x8000176e (0x9507a193) x 3 0x00000000
core   0: 0x80001772 (0x00008c39) c.xor   s0, a4
core   0: 3 0x80001772 (0x8c39) x 8 0xbf208007
core   0: 0x80001774 (0x0000167d) c.addi  a2, -1
core   0: 3 0x80001774 (0x167d) x12 0x00000006
core   0: 0x80001776 (0x00008f65) c.and   a4, s1
core   0: 3 0x80001776 (0x8f65) x14 0x00000006
core   0: 0x80001778 (0xfe1677e3) bgeu    a2, ra, pc - 18
core   0: 3 0x80001778 (0xfe1677e3)
core   0: 0x80001766 (0x000014fd) c.addi  s1, -1
core   0: 3 0x80001766 (0x14fd) x 9 0x000000cd
core   0: 0x80001768 (0x00b1c1b3) xor     gp, gp, a1
core   0: 3 0x80001768 (0x00b1c1b3) x 3 0x00000001
core   0: 0x8000176c (0x00008ec9) c.or    a3, a0
core   0: 3 0x8000176c (0x8ec9) x13 0xffffffff
core   0: 0x8000176e (0x9507a193) slti    gp, a5, -1712
core   0: 3 0x8000176e (0x9507a193) x 3 0x00000000
core   0: 0x80001772 (0x00008c39) c.xor   s0, a4
core   0: 3 0x80001772 (0x8c39) x 8 0xbf208001
core   0: 0x80001774 (0x0000167d) c.addi  a2, -1
core   0: 3 0x80001774 (0x167d) x12 0x00000005
core   0: 0x80001776 (0x00008f65) c.and   a4, s1
core   0: 3 0x80001776 (0x8f65) x14 0x00000004
core   0: 0x80001778 (0xfe1677e3) bgeu    a2, ra, pc - 18
core   0: 3 0x80001778 (0xfe1677e3)
core   0: 0x80001766 (0x000014fd) c.addi  s1, -1
core   0: 3 0x80001766 (0x14fd) x 9 0x000000cc
core   0: 0x80001768 (0x00b1c1b3) xor     gp, gp, a1
core   0: 3 0x80001768 (0x00b1c1b3) x 3 0x00000001
core   0: 0x8000176c (0x00008ec9) c.or    a3, a0
core   0: 3 0x8000176c (0x8ec9) x13 0xffffffff
core   0: 0x8000176e (0x9507a193) slti    gp, a5, -1712
core   0: 3 0x8000176e (0x9507a193) x 3 0x00000000
core   0: 0x80001772 (0x00008c39) c.xor   s0, a4
core   0: 3 0x80001772 (0x8c39) x 8 0xbf208005
core   0: 0x80001774 (0x0000167d) c.addi  a2, -1
core   0: 3 0x80001774 (0x167d) x12 0x00000004
core   0: 0x80001776 (0x00008f65) c.and   a4, s1
core   0: 3 0x80001776 (0x8f65) x14 0x00000004
core   0: 0x80001778 (0xfe1677e3) bgeu    a2, ra, pc - 18
core   0: 3 0x80001778 (0xfe1677e3)
core   0: 0x80001766 (0x000014fd) c.addi  s1, -1
core   0: 3 0x80001766 (0x14fd) x 9 0x000000cb
core   0: 0x80001768 (0x00b1c1b3) xor     gp, gp, a1
core   0: 3 0x80001768 (0x00b1c1b3) x 3 0x00000001
core   0: 0x8000176c (0x00008ec9) c.or    a3, a0
core   0: 3 0x8000176c (0x8ec9) x13 0xffffffff
core   0: 0x8000176e (0x9507a193) slti    gp, a5, -1712
core   0: 3 0x8000176e (0x9507a193) x 3 0x00000000
core   0: 0x80001772 (0x00008c39) c.xor   s0, a4
core   0: 3 0x80001772 (0x8c39) x 8 0xbf208001
core   0: 0x80001774 (0x0000167d) c.addi  a2, -1
core   0: 3 0x80001774 (0x167d) x12 0x00000003
core   0: 0x80001776 (0x00008f65) c.and   a4, s1
core   0: 3 0x80001776 (0x8f65) x14 0x00000000
core   0: 0x80001778 (0xfe1677e3) bgeu    a2, ra, pc - 18
core   0: 3 0x80001778 (0xfe1677e3)
core   0: 0x8000177c (0x03ad9eb3) mulh    t4, s11, s10
core   0: 3 0x8000177c (0x03ad9eb3) x29 0x00000003
core   0: 0x80001780 (0x00004935) c.li    s2, 13
core   0: 3 0x80001780 (0x4935) x18 0x0000000d
core   0: 0x80001782 (0xc90d3b13) sltiu   s6, s10, -880
core   0: 3 0x80001782 (0xc90d3b13) x22 0x00000001
core   0: 0x80001786 (0x0000100f) fence.i
core   0: 3 0x80001786 (0x0000100f)
core   0: 0x8000178a (0xbf208437) lui     s0, 0xbf208
core   0: 3 0x8000178a (0xbf208437) x 8 0xbf208000
core   0: 0x8000178e (0x00008e9d) c.sub   a3, a5
core   0: 3 0x8000178e (0x8e9d) x13 0xffffffff
core   0: 0x80001790 (0x0000f94d) c.bnez  a0, pc - 78
core   0: 3 0x80001790 (0xf94d)
core   0: 0x80001742 (0x00008ecd) c.or    a3, a1
core   0: 3 0x80001742 (0x8ecd) x13 0xffffffff
core   0: 0x80001744 (0x00be9933) sll     s2, t4, a1
core   0: 3 0x80001744 (0x00be9933) x18 0x00000006
core   0: 0x80001748 (0x0231be33) mulhu   t3, gp, gp
core   0: 3 0x80001748 (0x0231be33) x28 0x00000000
core   0: 0x8000174c (0x00008f09) c.sub   a4, a0
core   0: 3 0x8000174c (0x8f09) x14 0x00000006
core   0: 0x8000174e (0x00000505) c.addi  a0, 1
core   0: 3 0x8000174e (0x0505) x10 0xfffffffb
core   0: 0x80001750 (0x02adc2b3) div     t0, s11, a0
core   0: 3 0x80001750 (0x02adc2b3) x 5 0x00000001
core   0: 0x80001754 (0x00008291) c.srli  a3, 4
core   0: 3 0x80001754 (0x8291) x13 0x0fffffff
core   0: 0x80001756 (0x00700613) li      a2, 7
core   0: 3 0x80001756 (0x00700613) x12 0x00000007
core   0: 0x8000175a (0x0000100f) fence.i
core   0: 3 0x8000175a (0x0000100f)
core   0: 0x8000175e (0x41d75e13) srai    t3, a4, 29
core   0: 3 0x8000175e (0x41d75e13) x28 0x00000000
core   0: 0x80001762 (0x00400093) li      ra, 4
core   0: 3 0x80001762 (0x00400093) x 1 0x00000004
core   0: 0x80001766 (0x000014fd) c.addi  s1, -1
core   0: 3 0x80001766 (0x14fd) x 9 0x000000ca
core   0: 0x80001768 (0x00b1c1b3) xor     gp, gp, a1
core   0: 3 0x80001768 (0x00b1c1b3) x 3 0x00000001
core   0: 0x8000176c (0x00008ec9) c.or    a3, a0
core   0: 3 0x8000176c (0x8ec9) x13 0xffffffff
core   0: 0x8000176e (0x9507a193) slti    gp, a5, -1712
core   0: 3 0x8000176e (0x9507a193) x 3 0x00000000
core   0: 0x80001772 (0x00008c39) c.xor   s0, a4
core   0: 3 0x80001772 (0x8c39) x 8 0xbf208006
core   0: 0x80001774 (0x0000167d) c.addi  a2, -1
core   0: 3 0x80001774 (0x167d) x12 0x00000006
core   0: 0x80001776 (0x00008f65) c.and   a4, s1
core   0: 3 0x80001776 (0x8f65) x14 0x00000002
core   0: 0x80001778 (0xfe1677e3) bgeu    a2, ra, pc - 18
core   0: 3 0x80001778 (0xfe1677e3)
core   0: 0x80001766 (0x000014fd) c.addi  s1, -1
core   0: 3 0x80001766 (0x14fd) x 9 0x000000c9
core   0: 0x80001768 (0x00b1c1b3) xor     gp, gp, a1
core   0: 3 0x80001768 (0x00b1c1b3) x 3 0x00000001
core   0: 0x8000176c (0x00008ec9) c.or    a3, a0
core   0: 3 0x8000176c (0x8ec9) x13 0xffffffff
core   0: 0x8000176e (0x9507a193) slti    gp, a5, -1712
core   0: 3 0x8000176e (0x9507a193) x 3 0x00000000
core   0: 0x80001772 (0x00008c39) c.xor   s0, a4
core   0: 3 0x80001772 (0x8c39) x 8 0xbf208004
core   0: 0x80001774 (0x0000167d) c.addi  a2, -1
core   0: 3 0x80001774 (0x167d) x12 0x00000005
core   0: 0x80001776 (0x00008f65) c.and   a4, s1
core   0: 3 0x80001776 (0x8f65) x14 0x00000000
core   0: 0x80001778 (0xfe1677e3) bgeu    a2, ra, pc - 18
core   0: 3 0x80001778 (0xfe1677e3)
core   0: 0x80001766 (0x000014fd) c.addi  s1, -1
core   0: 3 0x80001766 (0x14fd) x 9 0x000000c8
core   0: 0x80001768 (0x00b1c1b3) xor     gp, gp, a1
core   0: 3 0x80001768 (0x00b1c1b3) x 3 0x00000001
core   0: 0x8000176c (0x00008ec9) c.or    a3, a0
core   0: 3 0x8000176c (0x8ec9) x13 0xffffffff
core   0: 0x8000176e (0x9507a193) slti    gp, a5, -1712
core   0: 3 0x8000176e (0x9507a193) x 3 0x00000000
core   0: 0x80001772 (0x00008c39) c.xor   s0, a4
core   0: 3 0x80001772 (0x8c39) x 8 0xbf208004
core   0: 0x80001774 (0x0000167d) c.addi  a2, -1
core   0: 3 0x80001774 (0x167d) x12 0x00000004
core   0: 0x80001776 (0x00008f65) c.and   a4, s1
core   0: 3 0x80001776 (0x8f65) x14 0x00000000
core   0: 0x80001778 (0xfe1677e3) bgeu    a2, ra, pc - 18
core   0: 3 0x80001778 (0xfe1677e3)
core   0: 0x80001766 (0x000014fd) c.addi  s1, -1
core   0: 3 0x80001766 (0x14fd) x 9 0x000000c7
core   0: 0x80001768 (0x00b1c1b3) xor     gp, gp, a1
core   0: 3 0x80001768 (0x00b1c1b3) x 3 0x00000001
core   0: 0x8000176c (0x00008ec9) c.or    a3, a0
core   0: 3 0x8000176c (0x8ec9) x13 0xffffffff
core   0: 0x8000176e (0x9507a193) slti    gp, a5, -1712
core   0: 3 0x8000176e (0x9507a193) x 3 0x00000000
core   0: 0x80001772 (0x00008c39) c.xor   s0, a4
core   0: 3 0x80001772 (0x8c39) x 8 0xbf208004
core   0: 0x80001774 (0x0000167d) c.addi  a2, -1
core   0: 3 0x80001774 (0x167d) x12 0x00000003
core   0: 0x80001776 (0x00008f65) c.and   a4, s1
core   0: 3 0x80001776 (0x8f65) x14 0x00000000
core   0: 0x80001778 (0xfe1677e3) bgeu    a2, ra, pc - 18
core   0: 3 0x80001778 (0xfe1677e3)
core   0: 0x8000177c (0x03ad9eb3) mulh    t4, s11, s10
core   0: 3 0x8000177c (0x03ad9eb3) x29 0x00000003
core   0: 0x80001780 (0x00004935) c.li    s2, 13
core   0: 3 0x80001780 (0x4935) x18 0x0000000d
core   0: 0x80001782 (0xc90d3b13) sltiu   s6, s10, -880
core   0: 3 0x80001782 (0xc90d3b13) x22 0x00000001
core   0: 0x80001786 (0x0000100f) fence.i
core   0: 3 0x80001786 (0x0000100f)
core   0: 0x8000178a (0xbf208437) lui     s0, 0xbf208
core   0: 3 0x8000178a (0xbf208437) x 8 0xbf208000
core   0: 0x8000178e (0x00008e9d) c.sub   a3, a5
core   0: 3 0x8000178e (0x8e9d) x13 0xffffffff
core   0: 0x80001790 (0x0000f94d) c.bnez  a0, pc - 78
core   0: 3 0x80001790 (0xf94d)
core   0: 0x80001742 (0x00008ecd) c.or    a3, a1
core   0: 3 0x80001742 (0x8ecd) x13 0xffffffff
core   0: 0x80001744 (0x00be9933) sll     s2, t4, a1
core   0: 3 0x80001744 (0x00be9933) x18 0x00000006
core   0: 0x80001748 (0x0231be33) mulhu   t3, gp, gp
core   0: 3 0x80001748 (0x0231be33) x28 0x00000000
core   0: 0x8000174c (0x00008f09) c.sub   a4, a0
core   0: 3 0x8000174c (0x8f09) x14 0x00000005
core   0: 0x8000174e (0x00000505) c.addi  a0, 1
core   0: 3 0x8000174e (0x0505) x10 0xfffffffc
core   0: 0x80001750 (0x02adc2b3) div     t0, s11, a0
core   0: 3 0x80001750 (0x02adc2b3) x 5 0x00000002
core   0: 0x80001754 (0x00008291) c.srli  a3, 4
core   0: 3 0x80001754 (0x8291) x13 0x0fffffff
core   0: 0x80001756 (0x00700613) li      a2, 7
core   0: 3 0x80001756 (0x00700613) x12 0x00000007
core   0: 0x8000175a (0x0000100f) fence.i
core   0: 3 0x8000175a (0x0000100f)
core   0: 0x8000175e (0x41d75e13) srai    t3, a4, 29
core   0: 3 0x8000175e (0x41d75e13) x28 0x00000000
core   0: 0x80001762 (0x00400093) li      ra, 4
core   0: 3 0x80001762 (0x00400093) x 1 0x00000004
core   0: 0x80001766 (0x000014fd) c.addi  s1, -1
core   0: 3 0x80001766 (0x14fd) x 9 0x000000c6
core   0: 0x80001768 (0x00b1c1b3) xor     gp, gp, a1
core   0: 3 0x80001768 (0x00b1c1b3) x 3 0x00000001
core   0: 0x8000176c (0x00008ec9) c.or    a3, a0
core   0: 3 0x8000176c (0x8ec9) x13 0xffffffff
core   0: 0x8000176e (0x9507a193) slti    gp, a5, -1712
core   0: 3 0x8000176e (0x9507a193) x 3 0x00000000
core   0: 0x80001772 (0x00008c39) c.xor   s0, a4
core   0: 3 0x80001772 (0x8c39) x 8 0xbf208005
core   0: 0x80001774 (0x0000167d) c.addi  a2, -1
core   0: 3 0x80001774 (0x167d) x12 0x00000006
core   0: 0x80001776 (0x00008f65) c.and   a4, s1
core   0: 3 0x80001776 (0x8f65) x14 0x00000004
core   0: 0x80001778 (0xfe1677e3) bgeu    a2, ra, pc - 18
core   0: 3 0x80001778 (0xfe1677e3)
core   0: 0x80001766 (0x000014fd) c.addi  s1, -1
core   0: 3 0x80001766 (0x14fd) x 9 0x000000c5
core   0: 0x80001768 (0x00b1c1b3) xor     gp, gp, a1
core   0: 3 0x80001768 (0x00b1c1b3) x 3 0x00000001
core   0: 0x8000176c (0x00008ec9) c.or    a3, a0
core   0: 3 0x8000176c (0x8ec9) x13 0xffffffff
core   0: 0x8000176e (0x9507a193) slti    gp, a5, -1712
core   0: 3 0x8000176e (0x9507a193) x 3 0x00000000
core   0: 0x80001772 (0x00008c39) c.xor   s0, a4
core   0: 3 0x80001772 (0x8c39) x 8 0xbf208001
core   0: 0x80001774 (0x0000167d) c.addi  a2, -1
core   0: 3 0x80001774 (0x167d) x12 0x00000005
core   0: 0x80001776 (0x00008f65) c.and   a4, s1
core   0: 3 0x80001776 (0x8f65) x14 0x00000004
core   0: 0x80001778 (0xfe1677e3) bgeu    a2, ra, pc - 18
core   0: 3 0x80001778 (0xfe1677e3)
core   0: 0x80001766 (0x000014fd) c.addi  s1, -1
core   0: 3 0x80001766 (0x14fd) x 9 0x000000c4
core   0: 0x80001768 (0x00b1c1b3) xor     gp, gp, a1
core   0: 3 0x80001768 (0x00b1c1b3) x 3 0x00000001
core   0: 0x8000176c (0x00008ec9) c.or    a3, a0
core   0: 3 0x8000176c (0x8ec9) x13 0xffffffff
core   0: 0x8000176e (0x9507a193) slti    gp, a5, -1712
core   0: 3 0x8000176e (0x9507a193) x 3 0x00000000
core   0: 0x80001772 (0x00008c39) c.xor   s0, a4
core   0: 3 0x80001772 (0x8c39) x 8 0xbf208005
core   0: 0x80001774 (0x0000167d) c.addi  a2, -1
core   0: 3 0x80001774 (0x167d) x12 0x00000004
core   0: 0x80001776 (0x00008f65) c.and   a4, s1
core   0: 3 0x80001776 (0x8f65) x14 0x00000004
core   0: 0x80001778 (0xfe1677e3) bgeu    a2, ra, pc - 18
core   0: 3 0x80001778 (0xfe1677e3)
core   0: 0x80001766 (0x000014fd) c.addi  s1, -1
core   0: 3 0x80001766 (0x14fd) x 9 0x000000c3
core   0: 0x80001768 (0x00b1c1b3) xor     gp, gp, a1
core   0: 3 0x80001768 (0x00b1c1b3) x 3 0x00000001
core   0: 0x8000176c (0x00008ec9) c.or    a3, a0
core   0: 3 0x8000176c (0x8ec9) x13 0xffffffff
core   0: 0x8000176e (0x9507a193) slti    gp, a5, -1712
core   0: 3 0x8000176e (0x9507a193) x 3 0x00000000
core   0: 0x80001772 (0x00008c39) c.xor   s0, a4
core   0: 3 0x80001772 (0x8c39) x 8 0xbf208001
core   0: 0x80001774 (0x0000167d) c.addi  a2, -1
core   0: 3 0x80001774 (0x167d) x12 0x00000003
core   0: 0x80001776 (0x00008f65) c.and   a4, s1
core   0: 3 0x80001776 (0x8f65) x14 0x00000000
core   0: 0x80001778 (0xfe1677e3) bgeu    a2, ra, pc - 18
core   0: 3 0x80001778 (0xfe1677e3)
core   0: 0x8000177c (0x03ad9eb3) mulh    t4, s11, s10
core   0: 3 0x8000177c (0x03ad9eb3) x29 0x00000003
core   0: 0x80001780 (0x00004935) c.li    s2, 13
core   0: 3 0x80001780 (0x4935) x18 0x0000000d
core   0: 0x80001782 (0xc90d3b13) sltiu   s6, s10, -880
core   0: 3 0x80001782 (0xc90d3b13) x22 0x00000001
core   0: 0x80001786 (0x0000100f) fence.i
core   0: 3 0x80001786 (0x0000100f)
core   0: 0x8000178a (0xbf208437) lui     s0, 0xbf208
core   0: 3 0x8000178a (0xbf208437) x 8 0xbf208000
core   0: 0x8000178e (0x00008e9d) c.sub   a3, a5
core   0: 3 0x8000178e (0x8e9d) x13 0xffffffff
core   0: 0x80001790 (0x0000f94d) c.bnez  a0, pc - 78
core   0: 3 0x80001790 (0xf94d)
core   0: 0x80001742 (0x00008ecd) c.or    a3, a1
core   0: 3 0x80001742 (0x8ecd) x13 0xffffffff
core   0: 0x80001744 (0x00be9933) sll     s2, t4, a1
core   0: 3 0x80001744 (0x00be9933) x18 0x00000006
core   0: 0x80001748 (0x0231be33) mulhu   t3, gp, gp
core   0: 3 0x80001748 (0x0231be33) x28 0x00000000
core   0: 0x8000174c (0x00008f09) c.sub   a4, a0
core   0: 3 0x8000174c (0x8f09) x14 0x00000004
core   0: 0x8000174e (0x00000505) c.addi  a0, 1
core   0: 3 0x8000174e (0x0505) x10 0xfffffffd
core   0: 0x80001750 (0x02adc2b3) div     t0, s11, a0
core   0: 3 0x80001750 (0x02adc2b3) x 5 0x00000002
core   0: 0x80001754 (0x00008291) c.srli  a3, 4
core   0: 3 0x80001754 (0x8291) x13 0x0fffffff
core   0: 0x80001756 (0x00700613) li      a2, 7
core   0: 3 0x80001756 (0x00700613) x12 0x00000007
core   0: 0x8000175a (0x0000100f) fence.i
core   0: 3 0x8000175a (0x0000100f)
core   0: 0x8000175e (0x41d75e13) srai    t3, a4, 29
core   0: 3 0x8000175e (0x41d75e13) x28 0x00000000
core   0: 0x80001762 (0x00400093) li      ra, 4
core   0: 3 0x80001762 (0x00400093) x 1 0x00000004
core   0: 0x80001766 (0x000014fd) c.addi  s1, -1
core   0: 3 0x80001766 (0x14fd) x 9 0x000000c2
core   0: 0x80001768 (0x00b1c1b3) xor     gp, gp, a1
core   0: 3 0x80001768 (0x00b1c1b3) x 3 0x00000001
core   0: 0x8000176c (0x00008ec9) c.or    a3, a0
core   0: 3 0x8000176c (0x8ec9) x13 0xffffffff
core   0: 0x8000176e (0x9507a193) slti    gp, a5, -1712
core   0: 3 0x8000176e (0x9507a193) x 3 0x00000000
core   0: 0x80001772 (0x00008c39) c.xor   s0, a4
core   0: 3 0x80001772 (0x8c39) x 8 0xbf208004
core   0: 0x80001774 (0x0000167d) c.addi  a2, -1
core   0: 3 0x80001774 (0x167d) x12 0x00000006
core   0: 0x80001776 (0x00008f65) c.and   a4, s1
core   0: 3 0x80001776 (0x8f65) x14 0x00000000
core   0: 0x80001778 (0xfe1677e3) bgeu    a2, ra, pc - 18
core   0: 3 0x80001778 (0xfe1677e3)
core   0: 0x80001766 (0x000014fd) c.addi  s1, -1
core   0: 3 0x80001766 (0x14fd) x 9 0x000000c1
core   0: 0x80001768 (0x00b1c1b3) xor     gp, gp, a1
core   0: 3 0x80001768 (0x00b1c1b3) x 3 0x00000001
core   0: 0x8000176c (0x00008ec9) c.or    a3, a0
core   0: 3 0x8000176c (0x8ec9) x13 0xffffffff
core   0: 0x8000176e (0x9507a193) slti    gp, a5, -1712
core   0: 3 0x8000176e (0x9507a193) x 3 0x00000000
core   0: 0x80001772 (0x00008c39) c.xor   s0, a4
core   0: 3 0x80001772 (0x8c39) x 8 0xbf208004
core   0: 0x80001774 (0x0000167d) c.addi  a2, -1
core   0: 3 0x80001774 (0x167d) x12 0x00000005
core   0: 0x80001776 (0x00008f65) c.and   a4, s1
core   0: 3 0x80001776 (0x8f65) x14 0x00000000
core   0: 0x80001778 (0xfe1677e3) bgeu    a2, ra, pc - 18
core   0: 3 0x80001778 (0xfe1677e3)
core   0: 0x80001766 (0x000014fd) c.addi  s1, -1
core   0: 3 0x80001766 (0x14fd) x 9 0x000000c0
core   0: 0x80001768 (0x00b1c1b3) xor     gp, gp, a1
core   0: 3 0x80001768 (0x00b1c1b3) x 3 0x00000001
core   0: 0x8000176c (0x00008ec9) c.or    a3, a0
core   0: 3 0x8000176c (0x8ec9) x13 0xffffffff
core   0: 0x8000176e (0x9507a193) slti    gp, a5, -1712
core   0: 3 0x8000176e (0x9507a193) x 3 0x00000000
core   0: 0x80001772 (0x00008c39) c.xor   s0, a4
core   0: 3 0x80001772 (0x8c39) x 8 0xbf208004
core   0: 0x80001774 (0x0000167d) c.addi  a2, -1
core   0: 3 0x80001774 (0x167d) x12 0x00000004
core   0: 0x80001776 (0x00008f65) c.and   a4, s1
core   0: 3 0x80001776 (0x8f65) x14 0x00000000
core   0: 0x80001778 (0xfe1677e3) bgeu    a2, ra, pc - 18
core   0: 3 0x80001778 (0xfe1677e3)
core   0: 0x80001766 (0x000014fd) c.addi  s1, -1
core   0: 3 0x80001766 (0x14fd) x 9 0x000000bf
core   0: 0x80001768 (0x00b1c1b3) xor     gp, gp, a1
core   0: 3 0x80001768 (0x00b1c1b3) x 3 0x00000001
core   0: 0x8000176c (0x00008ec9) c.or    a3, a0
core   0: 3 0x8000176c (0x8ec9) x13 0xffffffff
core   0: 0x8000176e (0x9507a193) slti    gp, a5, -1712
core   0: 3 0x8000176e (0x9507a193) x 3 0x00000000
core   0: 0x80001772 (0x00008c39) c.xor   s0, a4
core   0: 3 0x80001772 (0x8c39) x 8 0xbf208004
core   0: 0x80001774 (0x0000167d) c.addi  a2, -1
core   0: 3 0x80001774 (0x167d) x12 0x00000003
core   0: 0x80001776 (0x00008f65) c.and   a4, s1
core   0: 3 0x80001776 (0x8f65) x14 0x00000000
core   0: 0x80001778 (0xfe1677e3) bgeu    a2, ra, pc - 18
core   0: 3 0x80001778 (0xfe1677e3)
core   0: 0x8000177c (0x03ad9eb3) mulh    t4, s11, s10
core   0: 3 0x8000177c (0x03ad9eb3) x29 0x00000003
core   0: 0x80001780 (0x00004935) c.li    s2, 13
core   0: 3 0x80001780 (0x4935) x18 0x0000000d
core   0: 0x80001782 (0xc90d3b13) sltiu   s6, s10, -880
core   0: 3 0x80001782 (0xc90d3b13) x22 0x00000001
core   0: 0x80001786 (0x0000100f) fence.i
core   0: 3 0x80001786 (0x0000100f)
core   0: 0x8000178a (0xbf208437) lui     s0, 0xbf208
core   0: 3 0x8000178a (0xbf208437) x 8 0xbf208000
core   0: 0x8000178e (0x00008e9d) c.sub   a3, a5
core   0: 3 0x8000178e (0x8e9d) x13 0xffffffff
core   0: 0x80001790 (0x0000f94d) c.bnez  a0, pc - 78
core   0: 3 0x80001790 (0xf94d)
core   0: 0x80001742 (0x00008ecd) c.or    a3, a1
core   0: 3 0x80001742 (0x8ecd) x13 0xffffffff
core   0: 0x80001744 (0x00be9933) sll     s2, t4, a1
core   0: 3 0x80001744 (0x00be9933) x18 0x00000006
core   0: 0x80001748 (0x0231be33) mulhu   t3, gp, gp
core   0: 3 0x80001748 (0x0231be33) x28 0x00000000
core   0: 0x8000174c (0x00008f09) c.sub   a4, a0
core   0: 3 0x8000174c (0x8f09) x14 0x00000003
core   0: 0x8000174e (0x00000505) c.addi  a0, 1
core   0: 3 0x8000174e (0x0505) x10 0xfffffffe
core   0: 0x80001750 (0x02adc2b3) div     t0, s11, a0
core   0: 3 0x80001750 (0x02adc2b3) x 5 0x00000004
core   0: 0x80001754 (0x00008291) c.srli  a3, 4
core   0: 3 0x80001754 (0x8291) x13 0x0fffffff
core   0: 0x80001756 (0x00700613) li      a2, 7
core   0: 3 0x80001756 (0x00700613) x12 0x00000007
core   0: 0x8000175a (0x0000100f) fence.i
core   0: 3 0x8000175a (0x0000100f)
core   0: 0x8000175e (0x41d75e13) srai    t3, a4, 29
core   0: 3 0x8000175e (0x41d75e13) x28 0x00000000
core   0: 0x80001762 (0x00400093) li      ra, 4
core   0: 3 0x80001762 (0x00400093) x 1 0x00000004
core   0: 0x80001766 (0x000014fd) c.addi  s1, -1
core   0: 3 0x80001766 (0x14fd) x 9 0x000000be
core   0: 0x80001768 (0x00b1c1b3) xor     gp, gp, a1
core   0: 3 0x80001768 (0x00b1c1b3) x 3 0x00000001
core   0: 0x8000176c (0x00008ec9) c.or    a3, a0
core   0: 3 0x8000176c (0x8ec9) x13 0xffffffff
core   0: 0x8000176e (0x9507a193) slti    gp, a5, -1712
core   0: 3 0x8000176e (0x9507a193) x 3 0x00000000
core   0: 0x80001772 (0x00008c39) c.xor   s0, a4
core   0: 3 0x80001772 (0x8c39) x 8 0xbf208003
core   0: 0x80001774 (0x0000167d) c.addi  a2, -1
core   0: 3 0x80001774 (0x167d) x12 0x00000006
core   0: 0x80001776 (0x00008f65) c.and   a4, s1
core   0: 3 0x80001776 (0x8f65) x14 0x00000002
core   0: 0x80001778 (0xfe1677e3) bgeu    a2, ra, pc - 18
core   0: 3 0x80001778 (0xfe1677e3)
core   0: 0x80001766 (0x000014fd) c.addi  s1, -1
core   0: 3 0x80001766 (0x14fd) x 9 0x000000bd
core   0: 0x80001768 (0x00b1c1b3) xor     gp, gp, a1
core   0: 3 0x80001768 (0x00b1c1b3) x 3 0x00000001
core   0: 0x8000176c (0x00008ec9) c.or    a3, a0
core   0: 3 0x8000176c (0x8ec9) x13 0xffffffff
core   0: 0x8000176e (0x9507a193) slti    gp, a5, -1712
core   0: 3 0x8000176e (0x9507a193) x 3 0x00000000
core   0: 0x80001772 (0x00008c39) c.xor   s0, a4
core   0: 3 0x80001772 (0x8c39) x 8 0xbf208001
core   0: 0x80001774 (0x0000167d) c.addi  a2, -1
core   0: 3 0x80001774 (0x167d) x12 0x00000005
core   0: 0x80001776 (0x00008f65) c.and   a4, s1
core   0: 3 0x80001776 (0x8f65) x14 0x00000000
core   0: 0x80001778 (0xfe1677e3) bgeu    a2, ra, pc - 18
core   0: 3 0x80001778 (0xfe1677e3)
core   0: 0x80001766 (0x000014fd) c.addi  s1, -1
core   0: 3 0x80001766 (0x14fd) x 9 0x000000bc
core   0: 0x80001768 (0x00b1c1b3) xor     gp, gp, a1
core   0: 3 0x80001768 (0x00b1c1b3) x 3 0x00000001
core   0: 0x8000176c (0x00008ec9) c.or    a3, a0
core   0: 3 0x8000176c (0x8ec9) x13 0xffffffff
core   0: 0x8000176e (0x9507a193) slti    gp, a5, -1712
core   0: 3 0x8000176e (0x9507a193) x 3 0x00000000
core   0: 0x80001772 (0x00008c39) c.xor   s0, a4
core   0: 3 0x80001772 (0x8c39) x 8 0xbf208001
core   0: 0x80001774 (0x0000167d) c.addi  a2, -1
core   0: 3 0x80001774 (0x167d) x12 0x00000004
core   0: 0x80001776 (0x00008f65) c.and   a4, s1
core   0: 3 0x80001776 (0x8f65) x14 0x00000000
core   0: 0x80001778 (0xfe1677e3) bgeu    a2, ra, pc - 18
core   0: 3 0x80001778 (0xfe1677e3)
core   0: 0x80001766 (0x000014fd) c.addi  s1, -1
core   0: 3 0x80001766 (0x14fd) x 9 0x000000bb
core   0: 0x80001768 (0x00b1c1b3) xor     gp, gp, a1
core   0: 3 0x80001768 (0x00b1c1b3) x 3 0x00000001
core   0: 0x8000176c (0x00008ec9) c.or    a3, a0
core   0: 3 0x8000176c (0x8ec9) x13 0xffffffff
core   0: 0x8000176e (0x9507a193) slti    gp, a5, -1712
core   0: 3 0x8000176e (0x9507a193) x 3 0x00000000
core   0: 0x80001772 (0x00008c39) c.xor   s0, a4
core   0: 3 0x80001772 (0x8c39) x 8 0xbf208001
core   0: 0x80001774 (0x0000167d) c.addi  a2, -1
core   0: 3 0x80001774 (0x167d) x12 0x00000003
core   0: 0x80001776 (0x00008f65) c.and   a4, s1
core   0: 3 0x80001776 (0x8f65) x14 0x00000000
core   0: 0x80001778 (0xfe1677e3) bgeu    a2, ra, pc - 18
core   0: 3 0x80001778 (0xfe1677e3)
core   0: 0x8000177c (0x03ad9eb3) mulh    t4, s11, s10
core   0: 3 0x8000177c (0x03ad9eb3) x29 0x00000003
core   0: 0x80001780 (0x00004935) c.li    s2, 13
core   0: 3 0x80001780 (0x4935) x18 0x0000000d
core   0: 0x80001782 (0xc90d3b13) sltiu   s6, s10, -880
core   0: 3 0x80001782 (0xc90d3b13) x22 0x00000001
core   0: 0x80001786 (0x0000100f) fence.i
core   0: 3 0x80001786 (0x0000100f)
core   0: 0x8000178a (0xbf208437) lui     s0, 0xbf208
core   0: 3 0x8000178a (0xbf208437) x 8 0xbf208000
core   0: 0x8000178e (0x00008e9d) c.sub   a3, a5
core   0: 3 0x8000178e (0x8e9d) x13 0xffffffff
core   0: 0x80001790 (0x0000f94d) c.bnez  a0, pc - 78
core   0: 3 0x80001790 (0xf94d)
core   0: 0x80001742 (0x00008ecd) c.or    a3, a1
core   0: 3 0x80001742 (0x8ecd) x13 0xffffffff
core   0: 0x80001744 (0x00be9933) sll     s2, t4, a1
core   0: 3 0x80001744 (0x00be9933) x18 0x00000006
core   0: 0x80001748 (0x0231be33) mulhu   t3, gp, gp
core   0: 3 0x80001748 (0x0231be33) x28 0x00000000
core   0: 0x8000174c (0x00008f09) c.sub   a4, a0
core   0: 3 0x8000174c (0x8f09) x14 0x00000002
core   0: 0x8000174e (0x00000505) c.addi  a0, 1
core   0: 3 0x8000174e (0x0505) x10 0xffffffff
core   0: 0x80001750 (0x02adc2b3) div     t0, s11, a0
core   0: 3 0x80001750 (0x02adc2b3) x 5 0x00000008
core   0: 0x80001754 (0x00008291) c.srli  a3, 4
core   0: 3 0x80001754 (0x8291) x13 0x0fffffff
core   0: 0x80001756 (0x00700613) li      a2, 7
core   0: 3 0x80001756 (0x00700613) x12 0x00000007
core   0: 0x8000175a (0x0000100f) fence.i
core   0: 3 0x8000175a (0x0000100f)
core   0: 0x8000175e (0x41d75e13) srai    t3, a4, 29
core   0: 3 0x8000175e (0x41d75e13) x28 0x00000000
core   0: 0x80001762 (0x00400093) li      ra, 4
core   0: 3 0x80001762 (0x00400093) x 1 0x00000004
core   0: 0x80001766 (0x000014fd) c.addi  s1, -1
core   0: 3 0x80001766 (0x14fd) x 9 0x000000ba
core   0: 0x80001768 (0x00b1c1b3) xor     gp, gp, a1
core   0: 3 0x80001768 (0x00b1c1b3) x 3 0x00000001
core   0: 0x8000176c (0x00008ec9) c.or    a3, a0
core   0: 3 0x8000176c (0x8ec9) x13 0xffffffff
core   0: 0x8000176e (0x9507a193) slti    gp, a5, -1712
core   0: 3 0x8000176e (0x9507a193) x 3 0x00000000
core   0: 0x80001772 (0x00008c39) c.xor   s0, a4
core   0: 3 0x80001772 (0x8c39) x 8 0xbf208002
core   0: 0x80001774 (0x0000167d) c.addi  a2, -1
core   0: 3 0x80001774 (0x167d) x12 0x00000006
core   0: 0x80001776 (0x00008f65) c.and   a4, s1
core   0: 3 0x80001776 (0x8f65) x14 0x00000002
core   0: 0x80001778 (0xfe1677e3) bgeu    a2, ra, pc - 18
core   0: 3 0x80001778 (0xfe1677e3)
core   0: 0x80001766 (0x000014fd) c.addi  s1, -1
core   0: 3 0x80001766 (0x14fd) x 9 0x000000b9
core   0: 0x80001768 (0x00b1c1b3) xor     gp, gp, a1
core   0: 3 0x80001768 (0x00b1c1b3) x 3 0x00000001
core   0: 0x8000176c (0x00008ec9) c.or    a3, a0
core   0: 3 0x8000176c (0x8ec9) x13 0xffffffff
core   0: 0x8000176e (0x9507a193) slti    gp, a5, -1712
core   0: 3 0x8000176e (0x9507a193) x 3 0x00000000
core   0: 0x80001772 (0x00008c39) c.xor   s0, a4
core   0: 3 0x80001772 (0x8c39) x 8 0xbf208000
core   0: 0x80001774 (0x0000167d) c.addi  a2, -1
core   0: 3 0x80001774 (0x167d) x12 0x00000005
core   0: 0x80001776 (0x00008f65) c.and   a4, s1
core   0: 3 0x80001776 (0x8f65) x14 0x00000000
core   0: 0x80001778 (0xfe1677e3) bgeu    a2, ra, pc - 18
core   0: 3 0x80001778 (0xfe1677e3)
core   0: 0x80001766 (0x000014fd) c.addi  s1, -1
core   0: 3 0x80001766 (0x14fd) x 9 0x000000b8
core   0: 0x80001768 (0x00b1c1b3) xor     gp, gp, a1
core   0: 3 0x80001768 (0x00b1c1b3) x 3 0x00000001
core   0: 0x8000176c (0x00008ec9) c.or    a3, a0
core   0: 3 0x8000176c (0x8ec9) x13 0xffffffff
core   0: 0x8000176e (0x9507a193) slti    gp, a5, -1712
core   0: 3 0x8000176e (0x9507a193) x 3 0x00000000
core   0: 0x80001772 (0x00008c39) c.xor   s0, a4
core   0: 3 0x80001772 (0x8c39) x 8 0xbf208000
core   0: 0x80001774 (0x0000167d) c.addi  a2, -1
core   0: 3 0x80001774 (0x167d) x12 0x00000004
core   0: 0x80001776 (0x00008f65) c.and   a4, s1
core   0: 3 0x80001776 (0x8f65) x14 0x00000000
core   0: 0x80001778 (0xfe1677e3) bgeu    a2, ra, pc - 18
core   0: 3 0x80001778 (0xfe1677e3)
core   0: 0x80001766 (0x000014fd) c.addi  s1, -1
core   0: 3 0x80001766 (0x14fd) x 9 0x000000b7
core   0: 0x80001768 (0x00b1c1b3) xor     gp, gp, a1
core   0: 3 0x80001768 (0x00b1c1b3) x 3 0x00000001
core   0: 0x8000176c (0x00008ec9) c.or    a3, a0
core   0: 3 0x8000176c (0x8ec9) x13 0xffffffff
core   0: 0x8000176e (0x9507a193) slti    gp, a5, -1712
core   0: 3 0x8000176e (0x9507a193) x 3 0x00000000
core   0: 0x80001772 (0x00008c39) c.xor   s0, a4
core   0: 3 0x80001772 (0x8c39) x 8 0xbf208000
core   0: 0x80001774 (0x0000167d) c.addi  a2, -1
core   0: 3 0x80001774 (0x167d) x12 0x00000003
core   0: 0x80001776 (0x00008f65) c.and   a4, s1
core   0: 3 0x80001776 (0x8f65) x14 0x00000000
core   0: 0x80001778 (0xfe1677e3) bgeu    a2, ra, pc - 18
core   0: 3 0x80001778 (0xfe1677e3)
core   0: 0x8000177c (0x03ad9eb3) mulh    t4, s11, s10
core   0: 3 0x8000177c (0x03ad9eb3) x29 0x00000003
core   0: 0x80001780 (0x00004935) c.li    s2, 13
core   0: 3 0x80001780 (0x4935) x18 0x0000000d
core   0: 0x80001782 (0xc90d3b13) sltiu   s6, s10, -880
core   0: 3 0x80001782 (0xc90d3b13) x22 0x00000001
core   0: 0x80001786 (0x0000100f) fence.i
core   0: 3 0x80001786 (0x0000100f)
core   0: 0x8000178a (0xbf208437) lui     s0, 0xbf208
core   0: 3 0x8000178a (0xbf208437) x 8 0xbf208000
core   0: 0x8000178e (0x00008e9d) c.sub   a3, a5
core   0: 3 0x8000178e (0x8e9d) x13 0xffffffff
core   0: 0x80001790 (0x0000f94d) c.bnez  a0, pc - 78
core   0: 3 0x80001790 (0xf94d)
core   0: 0x80001742 (0x00008ecd) c.or    a3, a1
core   0: 3 0x80001742 (0x8ecd) x13 0xffffffff
core   0: 0x80001744 (0x00be9933) sll     s2, t4, a1
core   0: 3 0x80001744 (0x00be9933) x18 0x00000006
core   0: 0x80001748 (0x0231be33) mulhu   t3, gp, gp
core   0: 3 0x80001748 (0x0231be33) x28 0x00000000
core   0: 0x8000174c (0x00008f09) c.sub   a4, a0
core   0: 3 0x8000174c (0x8f09) x14 0x00000001
core   0: 0x8000174e (0x00000505) c.addi  a0, 1
core   0: 3 0x8000174e (0x0505) x10 0x00000000
core   0: 0x80001750 (0x02adc2b3) div     t0, s11, a0
core   0: 3 0x80001750 (0x02adc2b3) x 5 0xffffffff
core   0: 0x80001754 (0x00008291) c.srli  a3, 4
core   0: 3 0x80001754 (0x8291) x13 0x0fffffff
core   0: 0x80001756 (0x00700613) li      a2, 7
core   0: 3 0x80001756 (0x00700613) x12 0x00000007
core   0: 0x8000175a (0x0000100f) fence.i
core   0: 3 0x8000175a (0x0000100f)
core   0: 0x8000175e (0x41d75e13) srai    t3, a4, 29
core   0: 3 0x8000175e (0x41d75e13) x28 0x00000000
core   0: 0x80001762 (0x00400093) li      ra, 4
core   0: 3 0x80001762 (0x00400093) x 1 0x00000004
core   0: 0x80001766 (0x000014fd) c.addi  s1, -1
core   0: 3 0x80001766 (0x14fd) x 9 0x000000b6
core   0: 0x80001768 (0x00b1c1b3) xor     gp, gp, a1
core   0: 3 0x80001768 (0x00b1c1b3) x 3 0x00000001
core   0: 0x8000176c (0x00008ec9) c.or    a3, a0
core   0: 3 0x8000176c (0x8ec9) x13 0x0fffffff
core   0: 0x8000176e (0x9507a193) slti    gp, a5, -1712
core   0: 3 0x8000176e (0x9507a193) x 3 0x00000000
core   0: 0x80001772 (0x00008c39) c.xor   s0, a4
core   0: 3 0x80001772 (0x8c39) x 8 0xbf208001
core   0: 0x80001774 (0x0000167d) c.addi  a2, -1
core   0: 3 0x80001774 (0x167d) x12 0x00000006
core   0: 0x80001776 (0x00008f65) c.and   a4, s1
core   0: 3 0x80001776 (0x8f65) x14 0x00000000
core   0: 0x80001778 (0xfe1677e3) bgeu    a2, ra, pc - 18
core   0: 3 0x80001778 (0xfe1677e3)
core   0: 0x80001766 (0x000014fd) c.addi  s1, -1
core   0: 3 0x80001766 (0x14fd) x 9 0x000000b5
core   0: 0x80001768 (0x00b1c1b3) xor     gp, gp, a1
core   0: 3 0x80001768 (0x00b1c1b3) x 3 0x00000001
core   0: 0x8000176c (0x00008ec9) c.or    a3, a0
core   0: 3 0x8000176c (0x8ec9) x13 0x0fffffff
core   0: 0x8000176e (0x9507a193) slti    gp, a5, -1712
core   0: 3 0x8000176e (0x9507a193) x 3 0x00000000
core   0: 0x80001772 (0x00008c39) c.xor   s0, a4
core   0: 3 0x80001772 (0x8c39) x 8 0xbf208001
core   0: 0x80001774 (0x0000167d) c.addi  a2, -1
core   0: 3 0x80001774 (0x167d) x12 0x00000005
core   0: 0x80001776 (0x00008f65) c.and   a4, s1
core   0: 3 0x80001776 (0x8f65) x14 0x00000000
core   0: 0x80001778 (0xfe1677e3) bgeu    a2, ra, pc - 18
core   0: 3 0x80001778 (0xfe1677e3)
core   0: 0x80001766 (0x000014fd) c.addi  s1, -1
core   0: 3 0x80001766 (0x14fd) x 9 0x000000b4
core   0: 0x80001768 (0x00b1c1b3) xor     gp, gp, a1
core   0: 3 0x80001768 (0x00b1c1b3) x 3 0x00000001
core   0: 0x8000176c (0x00008ec9) c.or    a3, a0
core   0: 3 0x8000176c (0x8ec9) x13 0x0fffffff
core   0: 0x8000176e (0x9507a193) slti    gp, a5, -1712
core   0: 3 0x8000176e (0x9507a193) x 3 0x00000000
core   0: 0x80001772 (0x00008c39) c.xor   s0, a4
core   0: 3 0x80001772 (0x8c39) x 8 0xbf208001
core   0: 0x80001774 (0x0000167d) c.addi  a2, -1
core   0: 3 0x80001774 (0x167d) x12 0x00000004
core   0: 0x80001776 (0x00008f65) c.and   a4, s1
core   0: 3 0x80001776 (0x8f65) x14 0x00000000
core   0: 0x80001778 (0xfe1677e3) bgeu    a2, ra, pc - 18
core   0: 3 0x80001778 (0xfe1677e3)
core   0: 0x80001766 (0x000014fd) c.addi  s1, -1
core   0: 3 0x80001766 (0x14fd) x 9 0x000000b3
core   0: 0x80001768 (0x00b1c1b3) xor     gp, gp, a1
core   0: 3 0x80001768 (0x00b1c1b3) x 3 0x00000001
core   0: 0x8000176c (0x00008ec9) c.or    a3, a0
core   0: 3 0x8000176c (0x8ec9) x13 0x0fffffff
core   0: 0x8000176e (0x9507a193) slti    gp, a5, -1712
core   0: 3 0x8000176e (0x9507a193) x 3 0x00000000
core   0: 0x80001772 (0x00008c39) c.xor   s0, a4
core   0: 3 0x80001772 (0x8c39) x 8 0xbf208001
core   0: 0x80001774 (0x0000167d) c.addi  a2, -1
core   0: 3 0x80001774 (0x167d) x12 0x00000003
core   0: 0x80001776 (0x00008f65) c.and   a4, s1
core   0: 3 0x80001776 (0x8f65) x14 0x00000000
core   0: 0x80001778 (0xfe1677e3) bgeu    a2, ra, pc - 18
core   0: 3 0x80001778 (0xfe1677e3)
core   0: 0x8000177c (0x03ad9eb3) mulh    t4, s11, s10
core   0: 3 0x8000177c (0x03ad9eb3) x29 0x00000003
core   0: 0x80001780 (0x00004935) c.li    s2, 13
core   0: 3 0x80001780 (0x4935) x18 0x0000000d
core   0: 0x80001782 (0xc90d3b13) sltiu   s6, s10, -880
core   0: 3 0x80001782 (0xc90d3b13) x22 0x00000001
core   0: 0x80001786 (0x0000100f) fence.i
core   0: 3 0x80001786 (0x0000100f)
core   0: 0x8000178a (0xbf208437) lui     s0, 0xbf208
core   0: 3 0x8000178a (0xbf208437) x 8 0xbf208000
core   0: 0x8000178e (0x00008e9d) c.sub   a3, a5
core   0: 3 0x8000178e (0x8e9d) x13 0x0fffffff
core   0: 0x80001790 (0x0000f94d) c.bnez  a0, pc - 78
core   0: 3 0x80001790 (0xf94d)
core   0: 0x80001792 (0x030c1db3) mulh    s11, s8, a6
core   0: 3 0x80001792 (0x030c1db3) x27 0x08f51ce0
core   0: 0x80001796 (0x00000713) li      a4, 0
core   0: 3 0x80001796 (0x00000713) x14 0x00000000
core   0: 0x8000179a (0x01a31513) slli    a0, t1, 26
core   0: 3 0x8000179a (0x01a31513) x10 0xe0000000
core   0: 0x8000179e (0xff600293) li      t0, -10
core   0: 3 0x8000179e (0xff600293) x 5 0xfffffff6
core   0: 0x800017a2 (0x41d45c93) srai    s9, s0, 29
core   0: 3 0x800017a2 (0x41d45c93) x25 0xfffffffd
core   0: 0x800017a6 (0x00001d90) c.addi4spn a2, sp, 752
core   0: 3 0x800017a6 (0x1d90) x12 0x80026fd4
core   0: 0x800017a8 (0xb00a6493) ori     s1, s4, -1280
core   0: 3 0x800017a8 (0xb00a6493) x 9 0xfffffb01
core   0: 0x800017ac (0x0000177d) c.addi  a4, -1
core   0: 3 0x800017ac (0x177d) x14 0xffffffff
core   0: 0x800017ae (0x023ae033) rem     zero, s5, gp
core   0: 3 0x800017ae (0x023ae033)
core   0: 0x800017b2 (0x00008de1) c.and   a1, s0
core   0: 3 0x800017b2 (0x8de1) x11 0x00000000
core   0: 0x800017b4 (0x01390533) add     a0, s2, s3
core   0: 3 0x800017b4 (0x01390533) x10 0x0000000b
core   0: 0x800017b8 (0x91ee1997) auipc   s3, 0x91ee1
core   0: 3 0x800017b8 (0x91ee1997) x19 0x11ee27b8
core   0: 0x800017bc (0x03c459b3) divu    s3, s0, t3
core   0: 3 0x800017bc (0x03c459b3) x19 0xffffffff
core   0: 0x800017c0 (0xfe5713e3) bne     a4, t0, pc - 26
core   0: 3 0x800017c0 (0xfe5713e3)
core   0: 0x800017a6 (0x00001d90) c.addi4spn a2, sp, 752
core   0: 3 0x800017a6 (0x1d90) x12 0x80026fd4
core   0: 0x800017a8 (0xb00a6493) ori     s1, s4, -1280
core   0: 3 0x800017a8 (0xb00a6493) x 9 0xfffffb01
core   0: 0x800017ac (0x0000177d) c.addi  a4, -1
core   0: 3 0x800017ac (0x177d) x14 0xfffffffe
core   0: 0x800017ae (0x023ae033) rem     zero, s5, gp
core   0: 3 0x800017ae (0x023ae033)
core   0: 0x800017b2 (0x00008de1) c.and   a1, s0
core   0: 3 0x800017b2 (0x8de1) x11 0x00000000
core   0: 0x800017b4 (0x01390533) add     a0, s2, s3
core   0: 3 0x800017b4 (0x01390533) x10 0x0000000c
core   0: 0x800017b8 (0x91ee1997) auipc   s3, 0x91ee1
core   0: 3 0x800017b8 (0x91ee1997) x19 0x11ee27b8
core   0: 0x800017bc (0x03c459b3) divu    s3, s0, t3
core   0: 3 0x800017bc (0x03c459b3) x19 0xffffffff
core   0: 0x800017c0 (0xfe5713e3) bne     a4, t0, pc - 26
core   0: 3 0x800017c0 (0xfe5713e3)
core   0: 0x800017a6 (0x00001d90) c.addi4spn a2, sp, 752
core   0: 3 0x800017a6 (0x1d90) x12 0x80026fd4
core   0: 0x800017a8 (0xb00a6493) ori     s1, s4, -1280
core   0: 3 0x800017a8 (0xb00a6493) x 9 0xfffffb01
core   0: 0x800017ac (0x0000177d) c.addi  a4, -1
core   0: 3 0x800017ac (0x177d) x14 0xfffffffd
core   0: 0x800017ae (0x023ae033) rem     zero, s5, gp
core   0: 3 0x800017ae (0x023ae033)
core   0: 0x800017b2 (0x00008de1) c.and   a1, s0
core   0: 3 0x800017b2 (0x8de1) x11 0x00000000
core   0: 0x800017b4 (0x01390533) add     a0, s2, s3
core   0: 3 0x800017b4 (0x01390533) x10 0x0000000c
core   0: 0x800017b8 (0x91ee1997) auipc   s3, 0x91ee1
core   0: 3 0x800017b8 (0x91ee1997) x19 0x11ee27b8
core   0: 0x800017bc (0x03c459b3) divu    s3, s0, t3
core   0: 3 0x800017bc (0x03c459b3) x19 0xffffffff
core   0: 0x800017c0 (0xfe5713e3) bne     a4, t0, pc - 26
core   0: 3 0x800017c0 (0xfe5713e3)
core   0: 0x800017a6 (0x00001d90) c.addi4spn a2, sp, 752
core   0: 3 0x800017a6 (0x1d90) x12 0x80026fd4
core   0: 0x800017a8 (0xb00a6493) ori     s1, s4, -1280
core   0: 3 0x800017a8 (0xb00a6493) x 9 0xfffffb01
core   0: 0x800017ac (0x0000177d) c.addi  a4, -1
core   0: 3 0x800017ac (0x177d) x14 0xfffffffc
core   0: 0x800017ae (0x023ae033) rem     zero, s5, gp
core   0: 3 0x800017ae (0x023ae033)
core   0: 0x800017b2 (0x00008de1) c.and   a1, s0
core   0: 3 0x800017b2 (0x8de1) x11 0x00000000
core   0: 0x800017b4 (0x01390533) add     a0, s2, s3
core   0: 3 0x800017b4 (0x01390533) x10 0x0000000c
core   0: 0x800017b8 (0x91ee1997) auipc   s3, 0x91ee1
core   0: 3 0x800017b8 (0x91ee1997) x19 0x11ee27b8
core   0: 0x800017bc (0x03c459b3) divu    s3, s0, t3
core   0: 3 0x800017bc (0x03c459b3) x19 0xffffffff
core   0: 0x800017c0 (0xfe5713e3) bne     a4, t0, pc - 26
core   0: 3 0x800017c0 (0xfe5713e3)
core   0: 0x800017a6 (0x00001d90) c.addi4spn a2, sp, 752
core   0: 3 0x800017a6 (0x1d90) x12 0x80026fd4
core   0: 0x800017a8 (0xb00a6493) ori     s1, s4, -1280
core   0: 3 0x800017a8 (0xb00a6493) x 9 0xfffffb01
core   0: 0x800017ac (0x0000177d) c.addi  a4, -1
core   0: 3 0x800017ac (0x177d) x14 0xfffffffb
core   0: 0x800017ae (0x023ae033) rem     zero, s5, gp
core   0: 3 0x800017ae (0x023ae033)
core   0: 0x800017b2 (0x00008de1) c.and   a1, s0
core   0: 3 0x800017b2 (0x8de1) x11 0x00000000
core   0: 0x800017b4 (0x01390533) add     a0, s2, s3
core   0: 3 0x800017b4 (0x01390533) x10 0x0000000c
core   0: 0x800017b8 (0x91ee1997) auipc   s3, 0x91ee1
core   0: 3 0x800017b8 (0x91ee1997) x19 0x11ee27b8
core   0: 0x800017bc (0x03c459b3) divu    s3, s0, t3
core   0: 3 0x800017bc (0x03c459b3) x19 0xffffffff
core   0: 0x800017c0 (0xfe5713e3) bne     a4, t0, pc - 26
core   0: 3 0x800017c0 (0xfe5713e3)
core   0: 0x800017a6 (0x00001d90) c.addi4spn a2, sp, 752
core   0: 3 0x800017a6 (0x1d90) x12 0x80026fd4
core   0: 0x800017a8 (0xb00a6493) ori     s1, s4, -1280
core   0: 3 0x800017a8 (0xb00a6493) x 9 0xfffffb01
core   0: 0x800017ac (0x0000177d) c.addi  a4, -1
core   0: 3 0x800017ac (0x177d) x14 0xfffffffa
core   0: 0x800017ae (0x023ae033) rem     zero, s5, gp
core   0: 3 0x800017ae (0x023ae033)
core   0: 0x800017b2 (0x00008de1) c.and   a1, s0
core   0: 3 0x800017b2 (0x8de1) x11 0x00000000
core   0: 0x800017b4 (0x01390533) add     a0, s2, s3
core   0: 3 0x800017b4 (0x01390533) x10 0x0000000c
core   0: 0x800017b8 (0x91ee1997) auipc   s3, 0x91ee1
core   0: 3 0x800017b8 (0x91ee1997) x19 0x11ee27b8
core   0: 0x800017bc (0x03c459b3) divu    s3, s0, t3
core   0: 3 0x800017bc (0x03c459b3) x19 0xffffffff
core   0: 0x800017c0 (0xfe5713e3) bne     a4, t0, pc - 26
core   0: 3 0x800017c0 (0xfe5713e3)
core   0: 0x800017a6 (0x00001d90) c.addi4spn a2, sp, 752
core   0: 3 0x800017a6 (0x1d90) x12 0x80026fd4
core   0: 0x800017a8 (0xb00a6493) ori     s1, s4, -1280
core   0: 3 0x800017a8 (0xb00a6493) x 9 0xfffffb01
core   0: 0x800017ac (0x0000177d) c.addi  a4, -1
core   0: 3 0x800017ac (0x177d) x14 0xfffffff9
core   0: 0x800017ae (0x023ae033) rem     zero, s5, gp
core   0: 3 0x800017ae (0x023ae033)
core   0: 0x800017b2 (0x00008de1) c.and   a1, s0
core   0: 3 0x800017b2 (0x8de1) x11 0x00000000
core   0: 0x800017b4 (0x01390533) add     a0, s2, s3
core   0: 3 0x800017b4 (0x01390533) x10 0x0000000c
core   0: 0x800017b8 (0x91ee1997) auipc   s3, 0x91ee1
core   0: 3 0x800017b8 (0x91ee1997) x19 0x11ee27b8
core   0: 0x800017bc (0x03c459b3) divu    s3, s0, t3
core   0: 3 0x800017bc (0x03c459b3) x19 0xffffffff
core   0: 0x800017c0 (0xfe5713e3) bne     a4, t0, pc - 26
core   0: 3 0x800017c0 (0xfe5713e3)
core   0: 0x800017a6 (0x00001d90) c.addi4spn a2, sp, 752
core   0: 3 0x800017a6 (0x1d90) x12 0x80026fd4
core   0: 0x800017a8 (0xb00a6493) ori     s1, s4, -1280
core   0: 3 0x800017a8 (0xb00a6493) x 9 0xfffffb01
core   0: 0x800017ac (0x0000177d) c.addi  a4, -1
core   0: 3 0x800017ac (0x177d) x14 0xfffffff8
core   0: 0x800017ae (0x023ae033) rem     zero, s5, gp
core   0: 3 0x800017ae (0x023ae033)
core   0: 0x800017b2 (0x00008de1) c.and   a1, s0
core   0: 3 0x800017b2 (0x8de1) x11 0x00000000
core   0: 0x800017b4 (0x01390533) add     a0, s2, s3
core   0: 3 0x800017b4 (0x01390533) x10 0x0000000c
core   0: 0x800017b8 (0x91ee1997) auipc   s3, 0x91ee1
core   0: 3 0x800017b8 (0x91ee1997) x19 0x11ee27b8
core   0: 0x800017bc (0x03c459b3) divu    s3, s0, t3
core   0: 3 0x800017bc (0x03c459b3) x19 0xffffffff
core   0: 0x800017c0 (0xfe5713e3) bne     a4, t0, pc - 26
core   0: 3 0x800017c0 (0xfe5713e3)
core   0: 0x800017a6 (0x00001d90) c.addi4spn a2, sp, 752
core   0: 3 0x800017a6 (0x1d90) x12 0x80026fd4
core   0: 0x800017a8 (0xb00a6493) ori     s1, s4, -1280
core   0: 3 0x800017a8 (0xb00a6493) x 9 0xfffffb01
core   0: 0x800017ac (0x0000177d) c.addi  a4, -1
core   0: 3 0x800017ac (0x177d) x14 0xfffffff7
core   0: 0x800017ae (0x023ae033) rem     zero, s5, gp
core   0: 3 0x800017ae (0x023ae033)
core   0: 0x800017b2 (0x00008de1) c.and   a1, s0
core   0: 3 0x800017b2 (0x8de1) x11 0x00000000
core   0: 0x800017b4 (0x01390533) add     a0, s2, s3
core   0: 3 0x800017b4 (0x01390533) x10 0x0000000c
core   0: 0x800017b8 (0x91ee1997) auipc   s3, 0x91ee1
core   0: 3 0x800017b8 (0x91ee1997) x19 0x11ee27b8
core   0: 0x800017bc (0x03c459b3) divu    s3, s0, t3
core   0: 3 0x800017bc (0x03c459b3) x19 0xffffffff
core   0: 0x800017c0 (0xfe5713e3) bne     a4, t0, pc - 26
core   0: 3 0x800017c0 (0xfe5713e3)
core   0: 0x800017a6 (0x00001d90) c.addi4spn a2, sp, 752
core   0: 3 0x800017a6 (0x1d90) x12 0x80026fd4
core   0: 0x800017a8 (0xb00a6493) ori     s1, s4, -1280
core   0: 3 0x800017a8 (0xb00a6493) x 9 0xfffffb01
core   0: 0x800017ac (0x0000177d) c.addi  a4, -1
core   0: 3 0x800017ac (0x177d) x14 0xfffffff6
core   0: 0x800017ae (0x023ae033) rem     zero, s5, gp
core   0: 3 0x800017ae (0x023ae033)
core   0: 0x800017b2 (0x00008de1) c.and   a1, s0
core   0: 3 0x800017b2 (0x8de1) x11 0x00000000
core   0: 0x800017b4 (0x01390533) add     a0, s2, s3
core   0: 3 0x800017b4 (0x01390533) x10 0x0000000c
core   0: 0x800017b8 (0x91ee1997) auipc   s3, 0x91ee1
core   0: 3 0x800017b8 (0x91ee1997) x19 0x11ee27b8
core   0: 0x800017bc (0x03c459b3) divu    s3, s0, t3
core   0: 3 0x800017bc (0x03c459b3) x19 0xffffffff
core   0: 0x800017c0 (0xfe5713e3) bne     a4, t0, pc - 26
core   0: 3 0x800017c0 (0xfe5713e3)
core   0: 0x800017c4 (0x00008cf5) c.and   s1, a3
core   0: 3 0x800017c4 (0x8cf5) x 9 0x0ffffb01
core   0: 0x800017c6 (0xff600413) li      s0, -10
core   0: 3 0x800017c6 (0xff600413) x 8 0xfffffff6
core   0: 0x800017ca (0x0243a1b3) mulhsu  gp, t2, tp
core   0: 3 0x800017ca (0x0243a1b3) x 3 0x00000000
core   0: 0x800017ce (0x88e23f97) auipc   t6, 0x88e23
core   0: 3 0x800017ce (0x88e23f97) x31 0x08e247ce
core   0: 0x800017d2 (0x5e813993) sltiu   s3, sp, 1512
core   0: 3 0x800017d2 (0x5e813993) x19 0x00000000
core   0: 0x800017d6 (0x00445213) srli    tp, s0, 4
core   0: 3 0x800017d6 (0x00445213) x 4 0x0fffffff
core   0: 0x800017da (0x009f2933) slt     s2, t5, s1
core   0: 3 0x800017da (0x009f2933) x18 0x00000001
core   0: 0x800017de (0x00006c09) c.lui   s8, 0x2
core   0: 3 0x800017de (0x6c09) x24 0x00002000
core   0: 0x800017e0 (0x00008a7d) c.andi  a2, 31
core   0: 3 0x800017e0 (0x8a7d) x12 0x00000014
core   0: 0x800017e2 (0x00000001) c.nop
core   0: 3 0x800017e2 (0x0001)
core   0: 0x800017e4 (0x0000100f) fence.i
core   0: 3 0x800017e4 (0x0000100f)
core   0: 0x800017e8 (0x00008ca5) c.xor   s1, s1
core   0: 3 0x800017e8 (0x8ca5) x 9 0x00000000
core   0: 0x800017ea (0x01e1e233) or      tp, gp, t5
core   0: 3 0x800017ea (0x01e1e233) x 4 0x00000000
core   0: 0x800017ee (0x8f738213) addi    tp, t2, -1801
core   0: 3 0x800017ee (0x8f738213) x 4 0xfffff8f7
core   0: 0x800017f2 (0x000099fd) c.andi  a1, -1
core   0: 3 0x800017f2 (0x99fd) x11 0x00000000
core   0: 0x800017f4 (0x00766c33) or      s8, a2, t2
core   0: 3 0x800017f4 (0x00766c33) x24 0x00000014
core   0: 0x800017f8 (0x0362be33) mulhu   t3, t0, s6
core   0: 3 0x800017f8 (0x0362be33) x28 0x00000000
core   0: 0x800017fc (0x00008e31) c.xor   a2, a2
core   0: 3 0x800017fc (0x8e31) x12 0x00000000
core   0: 0x800017fe (0x00008d3d) c.xor   a0, a5
core   0: 3 0x800017fe (0x8d3d) x10 0x0000000c
core   0: 0x80001800 (0x000052fd) c.li    t0, -1
core   0: 3 0x80001800 (0x52fd) x 5 0xffffffff
core   0: 0x80001802 (0x00000409) c.addi  s0, 2
core   0: 3 0x80001802 (0x0409) x 8 0xfffffff8
core   0: 0x80001804 (0x00000001) c.nop
core   0: 3 0x80001804 (0x0001)
core   0: 0x80001806 (0x000056fd) c.li    a3, -1
core   0: 3 0x80001806 (0x56fd) x13 0xffffffff
core   0: 0x80001808 (0x00004295) c.li    t0, 5
core   0: 3 0x80001808 (0x4295) x 5 0x00000005
core   0: 0x8000180a (0x01b44333) xor     t1, s0, s11
core   0: 3 0x8000180a (0x01b44333) x 6 0xf70ae318
core   0: 0x8000180e (0x00009c0e) c.add   s8, gp
core   0: 3 0x8000180e (0x9c0e) x24 0x00000014
core   0: 0x80001810 (0x0000f06d) c.bnez  s0, pc - 30
core   0: 3 0x80001810 (0xf06d)
core   0: 0x800017f2 (0x000099fd) c.andi  a1, -1
core   0: 3 0x800017f2 (0x99fd) x11 0x00000000
core   0: 0x800017f4 (0x00766c33) or      s8, a2, t2
core   0: 3 0x800017f4 (0x00766c33) x24 0x00000000
core   0: 0x800017f8 (0x0362be33) mulhu   t3, t0, s6
core   0: 3 0x800017f8 (0x0362be33) x28 0x00000000
core   0: 0x800017fc (0x00008e31) c.xor   a2, a2
core   0: 3 0x800017fc (0x8e31) x12 0x00000000
core   0: 0x800017fe (0x00008d3d) c.xor   a0, a5
core   0: 3 0x800017fe (0x8d3d) x10 0x0000000c
core   0: 0x80001800 (0x000052fd) c.li    t0, -1
core   0: 3 0x80001800 (0x52fd) x 5 0xffffffff
core   0: 0x80001802 (0x00000409) c.addi  s0, 2
core   0: 3 0x80001802 (0x0409) x 8 0xfffffffa
core   0: 0x80001804 (0x00000001) c.nop
core   0: 3 0x80001804 (0x0001)
core   0: 0x80001806 (0x000056fd) c.li    a3, -1
core   0: 3 0x80001806 (0x56fd) x13 0xffffffff
core   0: 0x80001808 (0x00004295) c.li    t0, 5
core   0: 3 0x80001808 (0x4295) x 5 0x00000005
core   0: 0x8000180a (0x01b44333) xor     t1, s0, s11
core   0: 3 0x8000180a (0x01b44333) x 6 0xf70ae31a
core   0: 0x8000180e (0x00009c0e) c.add   s8, gp
core   0: 3 0x8000180e (0x9c0e) x24 0x00000000
core   0: 0x80001810 (0x0000f06d) c.bnez  s0, pc - 30
core   0: 3 0x80001810 (0xf06d)
core   0: 0x800017f2 (0x000099fd) c.andi  a1, -1
core   0: 3 0x800017f2 (0x99fd) x11 0x00000000
core   0: 0x800017f4 (0x00766c33) or      s8, a2, t2
core   0: 3 0x800017f4 (0x00766c33) x24 0x00000000
core   0: 0x800017f8 (0x0362be33) mulhu   t3, t0, s6
core   0: 3 0x800017f8 (0x0362be33) x28 0x00000000
core   0: 0x800017fc (0x00008e31) c.xor   a2, a2
core   0: 3 0x800017fc (0x8e31) x12 0x00000000
core   0: 0x800017fe (0x00008d3d) c.xor   a0, a5
core   0: 3 0x800017fe (0x8d3d) x10 0x0000000c
core   0: 0x80001800 (0x000052fd) c.li    t0, -1
core   0: 3 0x80001800 (0x52fd) x 5 0xffffffff
core   0: 0x80001802 (0x00000409) c.addi  s0, 2
core   0: 3 0x80001802 (0x0409) x 8 0xfffffffc
core   0: 0x80001804 (0x00000001) c.nop
core   0: 3 0x80001804 (0x0001)
core   0: 0x80001806 (0x000056fd) c.li    a3, -1
core   0: 3 0x80001806 (0x56fd) x13 0xffffffff
core   0: 0x80001808 (0x00004295) c.li    t0, 5
core   0: 3 0x80001808 (0x4295) x 5 0x00000005
core   0: 0x8000180a (0x01b44333) xor     t1, s0, s11
core   0: 3 0x8000180a (0x01b44333) x 6 0xf70ae31c
core   0: 0x8000180e (0x00009c0e) c.add   s8, gp
core   0: 3 0x8000180e (0x9c0e) x24 0x00000000
core   0: 0x80001810 (0x0000f06d) c.bnez  s0, pc - 30
core   0: 3 0x80001810 (0xf06d)
core   0: 0x800017f2 (0x000099fd) c.andi  a1, -1
core   0: 3 0x800017f2 (0x99fd) x11 0x00000000
core   0: 0x800017f4 (0x00766c33) or      s8, a2, t2
core   0: 3 0x800017f4 (0x00766c33) x24 0x00000000
core   0: 0x800017f8 (0x0362be33) mulhu   t3, t0, s6
core   0: 3 0x800017f8 (0x0362be33) x28 0x00000000
core   0: 0x800017fc (0x00008e31) c.xor   a2, a2
core   0: 3 0x800017fc (0x8e31) x12 0x00000000
core   0: 0x800017fe (0x00008d3d) c.xor   a0, a5
core   0: 3 0x800017fe (0x8d3d) x10 0x0000000c
core   0: 0x80001800 (0x000052fd) c.li    t0, -1
core   0: 3 0x80001800 (0x52fd) x 5 0xffffffff
core   0: 0x80001802 (0x00000409) c.addi  s0, 2
core   0: 3 0x80001802 (0x0409) x 8 0xfffffffe
core   0: 0x80001804 (0x00000001) c.nop
core   0: 3 0x80001804 (0x0001)
core   0: 0x80001806 (0x000056fd) c.li    a3, -1
core   0: 3 0x80001806 (0x56fd) x13 0xffffffff
core   0: 0x80001808 (0x00004295) c.li    t0, 5
core   0: 3 0x80001808 (0x4295) x 5 0x00000005
core   0: 0x8000180a (0x01b44333) xor     t1, s0, s11
core   0: 3 0x8000180a (0x01b44333) x 6 0xf70ae31e
core   0: 0x8000180e (0x00009c0e) c.add   s8, gp
core   0: 3 0x8000180e (0x9c0e) x24 0x00000000
core   0: 0x80001810 (0x0000f06d) c.bnez  s0, pc - 30
core   0: 3 0x80001810 (0xf06d)
core   0: 0x800017f2 (0x000099fd) c.andi  a1, -1
core   0: 3 0x800017f2 (0x99fd) x11 0x00000000
core   0: 0x800017f4 (0x00766c33) or      s8, a2, t2
core   0: 3 0x800017f4 (0x00766c33) x24 0x00000000
core   0: 0x800017f8 (0x0362be33) mulhu   t3, t0, s6
core   0: 3 0x800017f8 (0x0362be33) x28 0x00000000
core   0: 0x800017fc (0x00008e31) c.xor   a2, a2
core   0: 3 0x800017fc (0x8e31) x12 0x00000000
core   0: 0x800017fe (0x00008d3d) c.xor   a0, a5
core   0: 3 0x800017fe (0x8d3d) x10 0x0000000c
core   0: 0x80001800 (0x000052fd) c.li    t0, -1
core   0: 3 0x80001800 (0x52fd) x 5 0xffffffff
core   0: 0x80001802 (0x00000409) c.addi  s0, 2
core   0: 3 0x80001802 (0x0409) x 8 0x00000000
core   0: 0x80001804 (0x00000001) c.nop
core   0: 3 0x80001804 (0x0001)
core   0: 0x80001806 (0x000056fd) c.li    a3, -1
core   0: 3 0x80001806 (0x56fd) x13 0xffffffff
core   0: 0x80001808 (0x00004295) c.li    t0, 5
core   0: 3 0x80001808 (0x4295) x 5 0x00000005
core   0: 0x8000180a (0x01b44333) xor     t1, s0, s11
core   0: 3 0x8000180a (0x01b44333) x 6 0x08f51ce0
core   0: 0x8000180e (0x00009c0e) c.add   s8, gp
core   0: 3 0x8000180e (0x9c0e) x24 0x00000000
core   0: 0x80001810 (0x0000f06d) c.bnez  s0, pc - 30
core   0: 3 0x80001810 (0xf06d)
core   0: 0x80001812 (0x000096ba) c.add   a3, a4
core   0: 3 0x80001812 (0x96ba) x13 0xfffffff5
core   0: 0x80001814 (0x00a00513) li      a0, 10
core   0: 3 0x80001814 (0x00a00513) x10 0x0000000a
core   0: 0x80001818 (0x01000d93) li      s11, 16
core   0: 3 0x80001818 (0x01000d93) x27 0x00000010
core   0: 0x8000181c (0x017366b3) or      a3, t1, s7
core   0: 3 0x8000181c (0x017366b3) x13 0x08f51cea
core   0: 0x80001820 (0x00000525) c.addi  a0, 9
core   0: 3 0x80001820 (0x0525) x10 0x00000013
core   0: 0x80001822 (0x00008815) c.andi  s0, 5
core   0: 3 0x80001822 (0x8815) x 8 0x00000000
core   0: 0x80001824 (0xffb54ce3) blt     a0, s11, pc - 8
core   0: 3 0x80001824 (0xffb54ce3)
core   0: 0x80001828 (0x41035f13) srai    t5, t1, 16
core   0: 3 0x80001828 (0x41035f13) x30 0x000008f5
core   0: 0x8000182c (0x00200413) li      s0, 2
core   0: 3 0x8000182c (0x00200413) x 8 0x00000002
core   0: 0x80001830 (0x40ab5f33) sra     t5, s6, a0
core   0: 3 0x80001830 (0x40ab5f33) x30 0x00000000
core   0: 0x80001834 (0x03664db3) div     s11, a2, s6
core   0: 3 0x80001834 (0x03664db3) x27 0x00000000
core   0: 0x80001838 (0x00004aed) c.li    s5, 27
core   0: 3 0x80001838 (0x4aed) x21 0x0000001b
core   0: 0x8000183a (0x000065c1) c.lui   a1, 0x10
core   0: 3 0x8000183a (0x65c1) x11 0x00010000
core   0: 0x8000183c (0x0ff0000f) fence   iorw,iorw
core   0: 3 0x8000183c (0x0ff0000f)
core   0: 0x80001840 (0x00000001) c.nop
core   0: 3 0x80001840 (0x0001)
core   0: 0x80001842 (0x006fbeb3) sltu    t4, t6, t1
core   0: 3 0x80001842 (0x006fbeb3) x29 0x00000001
core   0: 0x80001846 (0x00008c8d) c.sub   s1, a1
core   0: 3 0x80001846 (0x8c8d) x 9 0xffff0000
core   0: 0x80001848 (0x00000001) c.nop
core   0: 3 0x80001848 (0x0001)
core   0: 0x8000184a (0x0000577d) c.li    a4, -1
core   0: 3 0x8000184a (0x577d) x14 0xffffffff
core   0: 0x8000184c (0x0000147d) c.addi  s0, -1
core   0: 3 0x8000184c (0x147d) x 8 0x00000001
core   0: 0x8000184e (0x00009a2a) c.add   s4, a0
core   0: 3 0x8000184e (0x9a2a) x20 0x00000014
core   0: 0x80001850 (0x02a87c33) remu    s8, a6, a0
core   0: 3 0x80001850 (0x02a87c33) x24 0x0000000e
core   0: 0x80001854 (0x0000f86d) c.bnez  s0, pc - 14
core   0: 3 0x80001854 (0xf86d)
core   0: 0x80001846 (0x00008c8d) c.sub   s1, a1
core   0: 3 0x80001846 (0x8c8d) x 9 0xfffe0000
core   0: 0x80001848 (0x00000001) c.nop
core   0: 3 0x80001848 (0x0001)
core   0: 0x8000184a (0x0000577d) c.li    a4, -1
core   0: 3 0x8000184a (0x577d) x14 0xffffffff
core   0: 0x8000184c (0x0000147d) c.addi  s0, -1
core   0: 3 0x8000184c (0x147d) x 8 0x00000000
core   0: 0x8000184e (0x00009a2a) c.add   s4, a0
core   0: 3 0x8000184e (0x9a2a) x20 0x00000027
core   0: 0x80001850 (0x02a87c33) remu    s8, a6, a0
core   0: 3 0x80001850 (0x02a87c33) x24 0x0000000e
core   0: 0x80001854 (0x0000f86d) c.bnez  s0, pc - 14
core   0: 3 0x80001854 (0xf86d)
core   0: 0x80001856 (0x000080c1) c.srli  s1, 16
core   0: 3 0x80001856 (0x80c1) x 9 0x0000fffe
core   0: 0x80001858 (0xff700513) li      a0, -9
core   0: 3 0x80001858 (0xff700513) x10 0xfffffff7
core   0: 0x8000185c (0x00000001) c.nop
core   0: 3 0x8000185c (0x0001)
core   0: 0x8000185e (0x00008eb5) c.xor   a3, a3
core   0: 3 0x8000185e (0x8eb5) x13 0x00000000
core   0: 0x80001860 (0x00000525) c.addi  a0, 9
core   0: 3 0x80001860 (0x0525) x10 0x00000000
core   0: 0x80001862 (0xffa00413) li      s0, -6
core   0: 3 0x80001862 (0xffa00413) x 8 0xfffffffa
core   0: 0x80001866 (0x00100e13) li      t3, 1
core   0: 3 0x80001866 (0x00100e13) x28 0x00000001
core   0: 0x8000186a (0x0270b933) mulhu   s2, ra, t2
core   0: 3 0x8000186a (0x0270b933) x18 0x00000000
core   0: 0x8000186e (0x00000405) c.addi  s0, 1
core   0: 3 0x8000186e (0x0405) x 8 0xfffffffb
core   0: 0x80001870 (0xffc40de3) beq     s0, t3, pc - 6
core   0: 3 0x80001870 (0xffc40de3)
core   0: 0x80001874 (0x0000d56d) c.beqz  a0, pc - 22
core   0: 3 0x80001874 (0xd56d)
core   0: 0x8000185e (0x00008eb5) c.xor   a3, a3
core   0: 3 0x8000185e (0x8eb5) x13 0x00000000
core   0: 0x80001860 (0x00000525) c.addi  a0, 9
core   0: 3 0x80001860 (0x0525) x10 0x00000009
core   0: 0x80001862 (0xffa00413) li      s0, -6
core   0: 3 0x80001862 (0xffa00413) x 8 0xfffffffa
core   0: 0x80001866 (0x00100e13) li      t3, 1
core   0: 3 0x80001866 (0x00100e13) x28 0x00000001
core   0: 0x8000186a (0x0270b933) mulhu   s2, ra, t2
core   0: 3 0x8000186a (0x0270b933) x18 0x00000000
core   0: 0x8000186e (0x00000405) c.addi  s0, 1
core   0: 3 0x8000186e (0x0405) x 8 0xfffffffb
core   0: 0x80001870 (0xffc40de3) beq     s0, t3, pc - 6
core   0: 3 0x80001870 (0xffc40de3)
core   0: 0x80001874 (0x0000d56d) c.beqz  a0, pc - 22
core   0: 3 0x80001874 (0xd56d)
core   0: 0x80001876 (0x02b08cb3) mul     s9, ra, a1
core   0: 3 0x80001876 (0x02b08cb3) x25 0x00040000
core   0: 0x8000187a (0xffb00493) li      s1, -5
core   0: 3 0x8000187a (0xffb00493) x 9 0xfffffffb
core   0: 0x8000187e (0x03b051b3) divu    gp, zero, s11
core   0: 3 0x8000187e (0x03b051b3) x 3 0xffffffff
core   0: 0x80001882 (0xfef00c13) li      s8, -17
core   0: 3 0x80001882 (0xfef00c13) x24 0xffffffef
core   0: 0x80001886 (0x000006ce) c.slli  a3, 19
core   0: 3 0x80001886 (0x06ce) x13 0x00000000
core   0: 0x80001888 (0x02fe4033) div     zero, t3, a5
core   0: 3 0x80001888 (0x02fe4033)
core   0: 0x8000188c (0x0000856a) c.mv    a0, s10
core   0: 3 0x8000188c (0x856a) x10 0x80022e64
core   0: 0x8000188e (0x2ed40893) addi    a7, s0, 749
core   0: 3 0x8000188e (0x2ed40893) x17 0x000002e8
core   0: 0x80001892 (0x000041a1) c.li    gp, 8
core   0: 3 0x80001892 (0x41a1) x 3 0x00000008
core   0: 0x80001894 (0x00008d05) c.sub   a0, s1
core   0: 3 0x80001894 (0x8d05) x10 0x80022e69
core   0: 0x80001896 (0x00000001) c.nop
core   0: 3 0x80001896 (0x0001)
core   0: 0x80001898 (0x000014e9) c.addi  s1, -6
core   0: 3 0x80001898 (0x14e9) x 9 0xfffffff5
core   0: 0x8000189a (0x02acb533) mulhu   a0, s9, a0
core   0: 3 0x8000189a (0x02acb533) x10 0x00020008
core   0: 0x8000189e (0xffb00413) li      s0, -5
core   0: 3 0x8000189e (0xffb00413) x 8 0xfffffffb
core   0: 0x800018a2 (0xffb00593) li      a1, -5
core   0: 3 0x800018a2 (0xffb00593) x11 0xfffffffb
core   0: 0x800018a6 (0x00008629) c.srai  a2, 10
core   0: 3 0x800018a6 (0x8629) x12 0x00000000
core   0: 0x800018a8 (0x5f736993) ori     s3, t1, 1527
core   0: 3 0x800018a8 (0x5f736993) x19 0x08f51df7
core   0: 0x800018ac (0x41bade93) srai    t4, s5, 27
core   0: 3 0x800018ac (0x41bade93) x29 0x00000000
core   0: 0x800018b0 (0x0000557d) c.li    a0, -1
core   0: 3 0x800018b0 (0x557d) x10 0xffffffff
core   0: 0x800018b2 (0x00001465) c.addi  s0, -7
core   0: 3 0x800018b2 (0x1465) x 8 0xfffffff4
core   0: 0x800018b4 (0x01653bb3) sltu    s7, a0, s6
core   0: 3 0x800018b4 (0x01653bb3) x23 0x00000000
core   0: 0x800018b8 (0x01ea1cb3) sll     s9, s4, t5
core   0: 3 0x800018b8 (0x01ea1cb3) x25 0x00000027
core   0: 0x800018bc (0xfeb456e3) bge     s0, a1, pc - 20
core   0: 3 0x800018bc (0xfeb456e3)
core   0: 0x800018c0 (0xfd84d4e3) bge     s1, s8, pc - 56
core   0: 3 0x800018c0 (0xfd84d4e3)
core   0: 0x80001888 (0x02fe4033) div     zero, t3, a5
core   0: 3 0x80001888 (0x02fe4033)
core   0: 0x8000188c (0x0000856a) c.mv    a0, s10
core   0: 3 0x8000188c (0x856a) x10 0x80022e64
core   0: 0x8000188e (0x2ed40893) addi    a7, s0, 749
core   0: 3 0x8000188e (0x2ed40893) x17 0x000002e1
core   0: 0x80001892 (0x000041a1) c.li    gp, 8
core   0: 3 0x80001892 (0x41a1) x 3 0x00000008
core   0: 0x80001894 (0x00008d05) c.sub   a0, s1
core   0: 3 0x80001894 (0x8d05) x10 0x80022e6f
core   0: 0x80001896 (0x00000001) c.nop
core   0: 3 0x80001896 (0x0001)
core   0: 0x80001898 (0x000014e9) c.addi  s1, -6
core   0: 3 0x80001898 (0x14e9) x 9 0xffffffef
core   0: 0x8000189a (0x02acb533) mulhu   a0, s9, a0
core   0: 3 0x8000189a (0x02acb533) x10 0x00000013
core   0: 0x8000189e (0xffb00413) li      s0, -5
core   0: 3 0x8000189e (0xffb00413) x 8 0xfffffffb
core   0: 0x800018a2 (0xffb00593) li      a1, -5
core   0: 3 0x800018a2 (0xffb00593) x11 0xfffffffb
core   0: 0x800018a6 (0x00008629) c.srai  a2, 10
core   0: 3 0x800018a6 (0x8629) x12 0x00000000
core   0: 0x800018a8 (0x5f736993) ori     s3, t1, 1527
core   0: 3 0x800018a8 (0x5f736993) x19 0x08f51df7
core   0: 0x800018ac (0x41bade93) srai    t4, s5, 27
core   0: 3 0x800018ac (0x41bade93) x29 0x00000000
core   0: 0x800018b0 (0x0000557d) c.li    a0, -1
core   0: 3 0x800018b0 (0x557d) x10 0xffffffff
core   0: 0x800018b2 (0x00001465) c.addi  s0, -7
core   0: 3 0x800018b2 (0x1465) x 8 0xfffffff4
core   0: 0x800018b4 (0x01653bb3) sltu    s7, a0, s6
core   0: 3 0x800018b4 (0x01653bb3) x23 0x00000000
core   0: 0x800018b8 (0x01ea1cb3) sll     s9, s4, t5
core   0: 3 0x800018b8 (0x01ea1cb3) x25 0x00000027
core   0: 0x800018bc (0xfeb456e3) bge     s0, a1, pc - 20
core   0: 3 0x800018bc (0xfeb456e3)
core   0: 0x800018c0 (0xfd84d4e3) bge     s1, s8, pc - 56
core   0: 3 0x800018c0 (0xfd84d4e3)
core   0: 0x80001888 (0x02fe4033) div     zero, t3, a5
core   0: 3 0x80001888 (0x02fe4033)
core   0: 0x8000188c (0x0000856a) c.mv    a0, s10
core   0: 3 0x8000188c (0x856a) x10 0x80022e64
core   0: 0x8000188e (0x2ed40893) addi    a7, s0, 749
core   0: 3 0x8000188e (0x2ed40893) x17 0x000002e1
core   0: 0x80001892 (0x000041a1) c.li    gp, 8
core   0: 3 0x80001892 (0x41a1) x 3 0x00000008
core   0: 0x80001894 (0x00008d05) c.sub   a0, s1
core   0: 3 0x80001894 (0x8d05) x10 0x80022e75
core   0: 0x80001896 (0x00000001) c.nop
core   0: 3 0x80001896 (0x0001)
core   0: 0x80001898 (0x000014e9) c.addi  s1, -6
core   0: 3 0x80001898 (0x14e9) x 9 0xffffffe9
core   0: 0x8000189a (0x02acb533) mulhu   a0, s9, a0
core   0: 3 0x8000189a (0x02acb533) x10 0x00000013
core   0: 0x8000189e (0xffb00413) li      s0, -5
core   0: 3 0x8000189e (0xffb00413) x 8 0xfffffffb
core   0: 0x800018a2 (0xffb00593) li      a1, -5
core   0: 3 0x800018a2 (0xffb00593) x11 0xfffffffb
core   0: 0x800018a6 (0x00008629) c.srai  a2, 10
core   0: 3 0x800018a6 (0x8629) x12 0x00000000
core   0: 0x800018a8 (0x5f736993) ori     s3, t1, 1527
core   0: 3 0x800018a8 (0x5f736993) x19 0x08f51df7
core   0: 0x800018ac (0x41bade93) srai    t4, s5, 27
core   0: 3 0x800018ac (0x41bade93) x29 0x00000000
core   0: 0x800018b0 (0x0000557d) c.li    a0, -1
core   0: 3 0x800018b0 (0x557d) x10 0xffffffff
core   0: 0x800018b2 (0x00001465) c.addi  s0, -7
core   0: 3 0x800018b2 (0x1465) x 8 0xfffffff4
core   0: 0x800018b4 (0x01653bb3) sltu    s7, a0, s6
core   0: 3 0x800018b4 (0x01653bb3) x23 0x00000000
core   0: 0x800018b8 (0x01ea1cb3) sll     s9, s4, t5
core   0: 3 0x800018b8 (0x01ea1cb3) x25 0x00000027
core   0: 0x800018bc (0xfeb456e3) bge     s0, a1, pc - 20
core   0: 3 0x800018bc (0xfeb456e3)
core   0: 0x800018c0 (0xfd84d4e3) bge     s1, s8, pc - 56
core   0: 3 0x800018c0 (0xfd84d4e3)
core   0: 0x800018c4 (0x03ae5533) divu    a0, t3, s10
core   0: 3 0x800018c4 (0x03ae5533) x10 0x00000000
core   0: 0x800018c8 (0xfff00413) li      s0, -1
core   0: 3 0x800018c8 (0xfff00413) x 8 0xffffffff
core   0: 0x800018cc (0x480d0637) lui     a2, 0x480d0
core   0: 3 0x800018cc (0x480d0637) x12 0x480d0000
core   0: 0x800018d0 (0x00008e09) c.sub   a2, a0
core   0: 3 0x800018d0 (0x8e09) x12 0x480d0000
core   0: 0x800018d2 (0x0ff0000f) fence   iorw,iorw
core   0: 3 0x800018d2 (0x0ff0000f)
core   0: 0x800018d6 (0x02e1a033) mulhsu  zero, gp, a4
core   0: 3 0x800018d6 (0x02e1a033)
core   0: 0x800018da (0x01300913) li      s2, 19
core   0: 3 0x800018da (0x01300913) x18 0x00000013
core   0: 0x800018de (0x00000001) c.nop
core   0: 3 0x800018de (0x0001)
core   0: 0x800018e0 (0xc072ea13) ori     s4, t0, -1017
core   0: 3 0x800018e0 (0xc072ea13) x20 0xfffffc07
core   0: 0x800018e4 (0x01716fb3) or      t6, sp, s7
core   0: 3 0x800018e4 (0x01716fb3) x31 0x80026ce4
core   0: 0x800018e8 (0x00000429) c.addi  s0, 10
core   0: 3 0x800018e8 (0x0429) x 8 0x00000009
core   0: 0x800018ea (0xff241ae3) bne     s0, s2, pc - 12
core   0: 3 0x800018ea (0xff241ae3)
core   0: 0x800018de (0x00000001) c.nop
core   0: 3 0x800018de (0x0001)
core   0: 0x800018e0 (0xc072ea13) ori     s4, t0, -1017
core   0: 3 0x800018e0 (0xc072ea13) x20 0xfffffc07
core   0: 0x800018e4 (0x01716fb3) or      t6, sp, s7
core   0: 3 0x800018e4 (0x01716fb3) x31 0x80026ce4
core   0: 0x800018e8 (0x00000429) c.addi  s0, 10
core   0: 3 0x800018e8 (0x0429) x 8 0x00000013
core   0: 0x800018ea (0xff241ae3) bne     s0, s2, pc - 12
core   0: 3 0x800018ea (0xff241ae3)
core   0: 0x800018ee (0xf0c51c17) auipc   s8, 0xf0c51
core   0: 3 0x800018ee (0xf0c51c17) x24 0x70c528ee
core   0: 0x800018f2 (0xffd00513) li      a0, -3
core   0: 3 0x800018f2 (0xffd00513) x10 0xfffffffd
core   0: 0x800018f6 (0x000086bd) c.srai  a3, 15
core   0: 3 0x800018f6 (0x86bd) x13 0x00000000
core   0: 0x800018f8 (0x00ae1fb3) sll     t6, t3, a0
core   0: 3 0x800018f8 (0x00ae1fb3) x31 0x20000000
core   0: 0x800018fc (0x035b1cb3) mulh    s9, s6, s5
core   0: 3 0x800018fc (0x035b1cb3) x25 0x00000000
core   0: 0x80001900 (0x0052d193) srli    gp, t0, 5
core   0: 3 0x80001900 (0x0052d193) x 3 0x00000000
core   0: 0x80001904 (0x03acae33) mulhsu  t3, s9, s10
core   0: 3 0x80001904 (0x03acae33) x28 0x00000000
core   0: 0x80001908 (0x0115fab3) and     s5, a1, a7
core   0: 3 0x80001908 (0x0115fab3) x21 0x000002e1
core   0: 0x8000190c (0x014165b3) or      a1, sp, s4
core   0: 3 0x8000190c (0x014165b3) x11 0xfffffce7
core   0: 0x80001910 (0x01865413) srli    s0, a2, 24
core   0: 3 0x80001910 (0x01865413) x 8 0x00000048
core   0: 0x80001914 (0x02d1a5b3) mulhsu  a1, gp, a3
core   0: 3 0x80001914 (0x02d1a5b3) x11 0x00000000
core   0: 0x80001918 (0x414c5f13) srai    t5, s8, 20
core   0: 3 0x80001918 (0x414c5f13) x30 0x0000070c
core   0: 0x8000191c (0x036b0a33) mul     s4, s6, s6
core   0: 3 0x8000191c (0x036b0a33) x20 0x00000001
core   0: 0x80001920 (0x01200b13) li      s6, 18
core   0: 3 0x80001920 (0x01200b13) x22 0x00000012
core   0: 0x80001924 (0x0ff0000f) fence   iorw,iorw
core   0: 3 0x80001924 (0x0ff0000f)
core   0: 0x80001928 (0x00008005) c.srli  s0, 1
core   0: 3 0x80001928 (0x8005) x 8 0x00000024
core   0: 0x8000192a (0x00000001) c.nop
core   0: 3 0x8000192a (0x0001)
core   0: 0x8000192c (0x0166d313) srli    t1, a3, 22
core   0: 3 0x8000192c (0x0166d313) x 6 0x00000000
core   0: 0x80001930 (0x00000525) c.addi  a0, 9
core   0: 3 0x80001930 (0x0525) x10 0x00000006
core   0: 0x80001932 (0x418506b3) sub     a3, a0, s8
core   0: 3 0x80001932 (0x418506b3) x13 0x8f3ad718
core   0: 0x80001936 (0x03cb0493) addi    s1, s6, 60
core   0: 3 0x80001936 (0x03cb0493) x 9 0x0000004e
core   0: 0x8000193a (0x038a2f33) mulhsu  t5, s4, s8
core   0: 3 0x8000193a (0x038a2f33) x30 0x00000000
core   0: 0x8000193e (0x0083c2b3) xor     t0, t2, s0
core   0: 3 0x8000193e (0x0083c2b3) x 5 0x00000024
core   0: 0x80001942 (0xff6564e3) bltu    a0, s6, pc - 24
core   0: 3 0x80001942 (0xff6564e3)
core   0: 0x8000192a (0x00000001) c.nop
core   0: 3 0x8000192a (0x0001)
core   0: 0x8000192c (0x0166d313) srli    t1, a3, 22
core   0: 3 0x8000192c (0x0166d313) x 6 0x0000023c
core   0: 0x80001930 (0x00000525) c.addi  a0, 9
core   0: 3 0x80001930 (0x0525) x10 0x0000000f
core   0: 0x80001932 (0x418506b3) sub     a3, a0, s8
core   0: 3 0x80001932 (0x418506b3) x13 0x8f3ad721
core   0: 0x80001936 (0x03cb0493) addi    s1, s6, 60
core   0: 3 0x80001936 (0x03cb0493) x 9 0x0000004e
core   0: 0x8000193a (0x038a2f33) mulhsu  t5, s4, s8
core   0: 3 0x8000193a (0x038a2f33) x30 0x00000000
core   0: 0x8000193e (0x0083c2b3) xor     t0, t2, s0
core   0: 3 0x8000193e (0x0083c2b3) x 5 0x00000024
core   0: 0x80001942 (0xff6564e3) bltu    a0, s6, pc - 24
core   0: 3 0x80001942 (0xff6564e3)
core   0: 0x8000192a (0x00000001) c.nop
core   0: 3 0x8000192a (0x0001)
core   0: 0x8000192c (0x0166d313) srli    t1, a3, 22
core   0: 3 0x8000192c (0x0166d313) x 6 0x0000023c
core   0: 0x80001930 (0x00000525) c.addi  a0, 9
core   0: 3 0x80001930 (0x0525) x10 0x00000018
core   0: 0x80001932 (0x418506b3) sub     a3, a0, s8
core   0: 3 0x80001932 (0x418506b3) x13 0x8f3ad72a
core   0: 0x80001936 (0x03cb0493) addi    s1, s6, 60
core   0: 3 0x80001936 (0x03cb0493) x 9 0x0000004e
core   0: 0x8000193a (0x038a2f33) mulhsu  t5, s4, s8
core   0: 3 0x8000193a (0x038a2f33) x30 0x00000000
core   0: 0x8000193e (0x0083c2b3) xor     t0, t2, s0
core   0: 3 0x8000193e (0x0083c2b3) x 5 0x00000024
core   0: 0x80001942 (0xff6564e3) bltu    a0, s6, pc - 24
core   0: 3 0x80001942 (0xff6564e3)
core   0: 0x80001946 (0x00008ae2) c.mv    s5, s8
core   0: 3 0x80001946 (0x8ae2) x21 0x70c528ee
core   0: 0x80001948 (0xffa00513) li      a0, -6
core   0: 3 0x80001948 (0xffa00513) x10 0xfffffffa
core   0: 0x8000194c (0x00e3b733) sltu    a4, t2, a4
core   0: 3 0x8000194c (0x00e3b733) x14 0x00000001
core   0: 0x80001950 (0x00700213) li      tp, 7
core   0: 3 0x80001950 (0x00700213) x 4 0x00000007
core   0: 0x80001954 (0x00000001) c.nop
core   0: 3 0x80001954 (0x0001)
core   0: 0x80001956 (0x00000509) c.addi  a0, 2
core   0: 3 0x80001956 (0x0509) x10 0xfffffffc
core   0: 0x80001958 (0x00000001) c.nop
core   0: 3 0x80001958 (0x0001)
core   0: 0x8000195a (0x9b4fe713) ori     a4, t6, -1612
core   0: 3 0x8000195a (0x9b4fe713) x14 0xfffff9b4
core   0: 0x8000195e (0x00e522b3) slt     t0, a0, a4
core   0: 3 0x8000195e (0x00e522b3) x 5 0x00000000
core   0: 0x80001962 (0x0ff0000f) fence   iorw,iorw
core   0: 3 0x80001962 (0x0ff0000f)
core   0: 0x80001966 (0x0000100f) fence.i
core   0: 3 0x80001966 (0x0000100f)
core   0: 0x8000196a (0x00000001) c.nop
core   0: 3 0x8000196a (0x0001)
core   0: 0x8000196c (0x037df033) remu    zero, s11, s7
core   0: 3 0x8000196c (0x037df033)
core   0: 0x80001970 (0x05463493) sltiu   s1, a2, 84
core   0: 3 0x80001970 (0x05463493) x 9 0x00000000
core   0: 0x80001974 (0xfe4560e3) bltu    a0, tp, pc - 32
core   0: 3 0x80001974 (0xfe4560e3)
core   0: 0x80001978 (0x0ff0000f) fence   iorw,iorw
core   0: 3 0x80001978 (0x0ff0000f)
core   0: 0x8000197c (0xff800093) li      ra, -8
core   0: 3 0x8000197c (0xff800093) x 1 0xfffffff8
core   0: 0x80001980 (0xff700813) li      a6, -9
core   0: 3 0x80001980 (0xff700813) x16 0xfffffff7
core   0: 0x80001984 (0xd8433613) sltiu   a2, t1, -636
core   0: 3 0x80001984 (0xd8433613) x12 0x00000001
core   0: 0x80001988 (0x631cd197) auipc   gp, 0x631cd
core   0: 3 0x80001988 (0x631cd197) x 3 0xe31ce988
core   0: 0x8000198c (0x028b6733) rem     a4, s6, s0
core   0: 3 0x8000198c (0x028b6733) x14 0x00000012
core   0: 0x80001990 (0x1cada437) lui     s0, 0x1cada
core   0: 3 0x80001990 (0x1cada437) x 8 0x1cada000
core   0: 0x80001994 (0x0008efb3) or      t6, a7, zero
core   0: 3 0x80001994 (0x0008efb3) x31 0x000002e1
core   0: 0x80001998 (0x000010d9) c.addi  ra, -10
core   0: 3 0x80001998 (0x10d9) x 1 0xffffffee
core   0: 0x8000199a (0x413359b3) sra     s3, t1, s3
core   0: 3 0x8000199a (0x413359b3) x19 0x00000000
core   0: 0x8000199e (0x01f43733) sltu    a4, s0, t6
core   0: 3 0x8000199e (0x01f43733) x14 0x00000000
core   0: 0x800019a2 (0x00c2b4b3) sltu    s1, t0, a2
core   0: 3 0x800019a2 (0x00c2b4b3) x 9 0x00000001
core   0: 0x800019a6 (0x35423993) sltiu   s3, tp, 852
core   0: 3 0x800019a6 (0x35423993) x19 0x00000001
core   0: 0x800019aa (0x000082e5) c.srli  a3, 25
core   0: 3 0x800019aa (0x82e5) x13 0x00000047
core   0: 0x800019ac (0x00008d71) c.and   a0, a2
core   0: 3 0x800019ac (0x8d71) x10 0x00000000
core   0: 0x800019ae (0xfd00dde3) bge     ra, a6, pc - 38
core   0: 3 0x800019ae (0xfd00dde3)
core   0: 0x800019b2 (0x03066f33) rem     t5, a2, a6
core   0: 3 0x800019b2 (0x03066f33) x30 0x00000001
core   0: 0x800019b6 (0x00200a13) li      s4, 2
core   0: 3 0x800019b6 (0x00200a13) x20 0x00000002
core   0: 0x800019ba (0x000002be) c.slli  t0, 15
core   0: 3 0x800019ba (0x02be) x 5 0x00000000
core   0: 0x800019bc (0x022d2633) mulhsu  a2, s10, sp
core   0: 3 0x800019bc (0x022d2633) x12 0xbfffe0c5
core   0: 0x800019c0 (0x00009c3e) c.add   s8, a5
core   0: 3 0x800019c0 (0x9c3e) x24 0x70c528ee
core   0: 0x800019c2 (0x6b4daa97) auipc   s5, 0x6b4da
core   0: 3 0x800019c2 (0x6b4daa97) x21 0xeb4db9c2
core   0: 0x800019c6 (0x000082d5) c.srli  a3, 21
core   0: 3 0x800019c6 (0x82d5) x13 0x00000000
core   0: 0x800019c8 (0x02281633) mulh    a2, a6, sp
core   0: 3 0x800019c8 (0x02281633) x12 0x00000004
core   0: 0x800019cc (0x0118de13) srli    t3, a7, 17
core   0: 3 0x800019cc (0x0118de13) x28 0x00000000
core   0: 0x800019d0 (0x00900313) li      t1, 9
core   0: 3 0x800019d0 (0x00900313) x 6 0x00000009
core   0: 0x800019d4 (0x00008f11) c.sub   a4, a2
core   0: 3 0x800019d4 (0x8f11) x14 0xfffffffc
core   0: 0x800019d6 (0xe7802c93) slti    s9, zero, -392
core   0: 3 0x800019d6 (0xe7802c93) x25 0x00000000
core   0: 0x800019da (0x0a8c7293) andi    t0, s8, 168
core   0: 3 0x800019da (0x0a8c7293) x 5 0x000000a8
core   0: 0x800019de (0x00c253b3) srl     t2, tp, a2
core   0: 3 0x800019de (0x00c253b3) x 7 0x00000000
core   0: 0x800019e2 (0x022b6c33) rem     s8, s6, sp
core   0: 3 0x800019e2 (0x022b6c33) x24 0x00000012
core   0: 0x800019e6 (0x00008f2d) c.xor   a4, a1
core   0: 3 0x800019e6 (0x8f2d) x14 0xfffffffc
core   0: 0x800019e8 (0x00000a05) c.addi  s4, 1
core   0: 3 0x800019e8 (0x0a05) x20 0x00000003
core   0: 0x800019ea (0x00004579) c.li    a0, 30
core   0: 3 0x800019ea (0x4579) x10 0x0000001e
core   0: 0x800019ec (0xff600913) li      s2, -10
core   0: 3 0x800019ec (0xff600913) x18 0xfffffff6
core   0: 0x800019f0 (0xfef00f13) li      t5, -17
core   0: 3 0x800019f0 (0xfef00f13) x30 0xffffffef
core   0: 0x800019f4 (0x000009fe) c.slli  s3, 31
core   0: 3 0x800019f4 (0x09fe) x19 0x80000000
core   0: 0x800019f6 (0x00004abd) c.li    s5, 15
core   0: 3 0x800019f6 (0x4abd) x21 0x0000000f
core   0: 0x800019f8 (0x00001965) c.addi  s2, -7
core   0: 3 0x800019f8 (0x1965) x18 0xffffffef
core   0: 0x800019fa (0x7201c393) xori    t2, gp, 1824
core   0: 3 0x800019fa (0x7201c393) x 7 0xe31ceea8
core   0: 0x800019fe (0xffe91ce3) bne     s2, t5, pc - 8
core   0: 3 0x800019fe (0xffe91ce3)
core   0: 0x80001a02 (0xfc6a1ce3) bne     s4, t1, pc - 40
core   0: 3 0x80001a02 (0xfc6a1ce3)
core   0: 0x800019da (0x0a8c7293) andi    t0, s8, 168
core   0: 3 0x800019da (0x0a8c7293) x 5 0x00000000
core   0: 0x800019de (0x00c253b3) srl     t2, tp, a2
core   0: 3 0x800019de (0x00c253b3) x 7 0x00000000
core   0: 0x800019e2 (0x022b6c33) rem     s8, s6, sp
core   0: 3 0x800019e2 (0x022b6c33) x24 0x00000012
core   0: 0x800019e6 (0x00008f2d) c.xor   a4, a1
core   0: 3 0x800019e6 (0x8f2d) x14 0xfffffffc
core   0: 0x800019e8 (0x00000a05) c.addi  s4, 1
core   0: 3 0x800019e8 (0x0a05) x20 0x00000004
core   0: 0x800019ea (0x00004579) c.li    a0, 30
core   0: 3 0x800019ea (0x4579) x10 0x0000001e
core   0: 0x800019ec (0xff600913) li      s2, -10
core   0: 3 0x800019ec (0xff600913) x18 0xfffffff6
core   0: 0x800019f0 (0xfef00f13) li      t5, -17
core   0: 3 0x800019f0 (0xfef00f13) x30 0xffffffef
core   0: 0x800019f4 (0x000009fe) c.slli  s3, 31
core   0: 3 0x800019f4 (0x09fe) x19 0x00000000
core   0: 0x800019f6 (0x00004abd) c.li    s5, 15
core   0: 3 0x800019f6 (0x4abd) x21 0x0000000f
core   0: 0x800019f8 (0x00001965) c.addi  s2, -7
core   0: 3 0x800019f8 (0x1965) x18 0xffffffef
core   0: 0x800019fa (0x7201c393) xori    t2, gp, 1824
core   0: 3 0x800019fa (0x7201c393) x 7 0xe31ceea8
core   0: 0x800019fe (0xffe91ce3) bne     s2, t5, pc - 8
core   0: 3 0x800019fe (0xffe91ce3)
core   0: 0x80001a02 (0xfc6a1ce3) bne     s4, t1, pc - 40
core   0: 3 0x80001a02 (0xfc6a1ce3)
core   0: 0x800019da (0x0a8c7293) andi    t0, s8, 168
core   0: 3 0x800019da (0x0a8c7293) x 5 0x00000000
core   0: 0x800019de (0x00c253b3) srl     t2, tp, a2
core   0: 3 0x800019de (0x00c253b3) x 7 0x00000000
core   0: 0x800019e2 (0x022b6c33) rem     s8, s6, sp
core   0: 3 0x800019e2 (0x022b6c33) x24 0x00000012
core   0: 0x800019e6 (0x00008f2d) c.xor   a4, a1
core   0: 3 0x800019e6 (0x8f2d) x14 0xfffffffc
core   0: 0x800019e8 (0x00000a05) c.addi  s4, 1
core   0: 3 0x800019e8 (0x0a05) x20 0x00000005
core   0: 0x800019ea (0x00004579) c.li    a0, 30
core   0: 3 0x800019ea (0x4579) x10 0x0000001e
core   0: 0x800019ec (0xff600913) li      s2, -10
core   0: 3 0x800019ec (0xff600913) x18 0xfffffff6
core   0: 0x800019f0 (0xfef00f13) li      t5, -17
core   0: 3 0x800019f0 (0xfef00f13) x30 0xffffffef
core   0: 0x800019f4 (0x000009fe) c.slli  s3, 31
core   0: 3 0x800019f4 (0x09fe) x19 0x00000000
core   0: 0x800019f6 (0x00004abd) c.li    s5, 15
core   0: 3 0x800019f6 (0x4abd) x21 0x0000000f
core   0: 0x800019f8 (0x00001965) c.addi  s2, -7
core   0: 3 0x800019f8 (0x1965) x18 0xffffffef
core   0: 0x800019fa (0x7201c393) xori    t2, gp, 1824
core   0: 3 0x800019fa (0x7201c393) x 7 0xe31ceea8
core   0: 0x800019fe (0xffe91ce3) bne     s2, t5, pc - 8
core   0: 3 0x800019fe (0xffe91ce3)
core   0: 0x80001a02 (0xfc6a1ce3) bne     s4, t1, pc - 40
core   0: 3 0x80001a02 (0xfc6a1ce3)
core   0: 0x800019da (0x0a8c7293) andi    t0, s8, 168
core   0: 3 0x800019da (0x0a8c7293) x 5 0x00000000
core   0: 0x800019de (0x00c253b3) srl     t2, tp, a2
core   0: 3 0x800019de (0x00c253b3) x 7 0x00000000
core   0: 0x800019e2 (0x022b6c33) rem     s8, s6, sp
core   0: 3 0x800019e2 (0x022b6c33) x24 0x00000012
core   0: 0x800019e6 (0x00008f2d) c.xor   a4, a1
core   0: 3 0x800019e6 (0x8f2d) x14 0xfffffffc
core   0: 0x800019e8 (0x00000a05) c.addi  s4, 1
core   0: 3 0x800019e8 (0x0a05) x20 0x00000006
core   0: 0x800019ea (0x00004579) c.li    a0, 30
core   0: 3 0x800019ea (0x4579) x10 0x0000001e
core   0: 0x800019ec (0xff600913) li      s2, -10
core   0: 3 0x800019ec (0xff600913) x18 0xfffffff6
core   0: 0x800019f0 (0xfef00f13) li      t5, -17
core   0: 3 0x800019f0 (0xfef00f13) x30 0xffffffef
core   0: 0x800019f4 (0x000009fe) c.slli  s3, 31
core   0: 3 0x800019f4 (0x09fe) x19 0x00000000
core   0: 0x800019f6 (0x00004abd) c.li    s5, 15
core   0: 3 0x800019f6 (0x4abd) x21 0x0000000f
core   0: 0x800019f8 (0x00001965) c.addi  s2, -7
core   0: 3 0x800019f8 (0x1965) x18 0xffffffef
core   0: 0x800019fa (0x7201c393) xori    t2, gp, 1824
core   0: 3 0x800019fa (0x7201c393) x 7 0xe31ceea8
core   0: 0x800019fe (0xffe91ce3) bne     s2, t5, pc - 8
core   0: 3 0x800019fe (0xffe91ce3)
core   0: 0x80001a02 (0xfc6a1ce3) bne     s4, t1, pc - 40
core   0: 3 0x80001a02 (0xfc6a1ce3)
core   0: 0x800019da (0x0a8c7293) andi    t0, s8, 168
core   0: 3 0x800019da (0x0a8c7293) x 5 0x00000000
core   0: 0x800019de (0x00c253b3) srl     t2, tp, a2
core   0: 3 0x800019de (0x00c253b3) x 7 0x00000000
core   0: 0x800019e2 (0x022b6c33) rem     s8, s6, sp
core   0: 3 0x800019e2 (0x022b6c33) x24 0x00000012
core   0: 0x800019e6 (0x00008f2d) c.xor   a4, a1
core   0: 3 0x800019e6 (0x8f2d) x14 0xfffffffc
core   0: 0x800019e8 (0x00000a05) c.addi  s4, 1
core   0: 3 0x800019e8 (0x0a05) x20 0x00000007
core   0: 0x800019ea (0x00004579) c.li    a0, 30
core   0: 3 0x800019ea (0x4579) x10 0x0000001e
core   0: 0x800019ec (0xff600913) li      s2, -10
core   0: 3 0x800019ec (0xff600913) x18 0xfffffff6
core   0: 0x800019f0 (0xfef00f13) li      t5, -17
core   0: 3 0x800019f0 (0xfef00f13) x30 0xffffffef
core   0: 0x800019f4 (0x000009fe) c.slli  s3, 31
core   0: 3 0x800019f4 (0x09fe) x19 0x00000000
core   0: 0x800019f6 (0x00004abd) c.li    s5, 15
core   0: 3 0x800019f6 (0x4abd) x21 0x0000000f
core   0: 0x800019f8 (0x00001965) c.addi  s2, -7
core   0: 3 0x800019f8 (0x1965) x18 0xffffffef
core   0: 0x800019fa (0x7201c393) xori    t2, gp, 1824
core   0: 3 0x800019fa (0x7201c393) x 7 0xe31ceea8
core   0: 0x800019fe (0xffe91ce3) bne     s2, t5, pc - 8
core   0: 3 0x800019fe (0xffe91ce3)
core   0: 0x80001a02 (0xfc6a1ce3) bne     s4, t1, pc - 40
core   0: 3 0x80001a02 (0xfc6a1ce3)
core   0: 0x800019da (0x0a8c7293) andi    t0, s8, 168
core   0: 3 0x800019da (0x0a8c7293) x 5 0x00000000
core   0: 0x800019de (0x00c253b3) srl     t2, tp, a2
core   0: 3 0x800019de (0x00c253b3) x 7 0x00000000
core   0: 0x800019e2 (0x022b6c33) rem     s8, s6, sp
core   0: 3 0x800019e2 (0x022b6c33) x24 0x00000012
core   0: 0x800019e6 (0x00008f2d) c.xor   a4, a1
core   0: 3 0x800019e6 (0x8f2d) x14 0xfffffffc
core   0: 0x800019e8 (0x00000a05) c.addi  s4, 1
core   0: 3 0x800019e8 (0x0a05) x20 0x00000008
core   0: 0x800019ea (0x00004579) c.li    a0, 30
core   0: 3 0x800019ea (0x4579) x10 0x0000001e
core   0: 0x800019ec (0xff600913) li      s2, -10
core   0: 3 0x800019ec (0xff600913) x18 0xfffffff6
core   0: 0x800019f0 (0xfef00f13) li      t5, -17
core   0: 3 0x800019f0 (0xfef00f13) x30 0xffffffef
core   0: 0x800019f4 (0x000009fe) c.slli  s3, 31
core   0: 3 0x800019f4 (0x09fe) x19 0x00000000
core   0: 0x800019f6 (0x00004abd) c.li    s5, 15
core   0: 3 0x800019f6 (0x4abd) x21 0x0000000f
core   0: 0x800019f8 (0x00001965) c.addi  s2, -7
core   0: 3 0x800019f8 (0x1965) x18 0xffffffef
core   0: 0x800019fa (0x7201c393) xori    t2, gp, 1824
core   0: 3 0x800019fa (0x7201c393) x 7 0xe31ceea8
core   0: 0x800019fe (0xffe91ce3) bne     s2, t5, pc - 8
core   0: 3 0x800019fe (0xffe91ce3)
core   0: 0x80001a02 (0xfc6a1ce3) bne     s4, t1, pc - 40
core   0: 3 0x80001a02 (0xfc6a1ce3)
core   0: 0x800019da (0x0a8c7293) andi    t0, s8, 168
core   0: 3 0x800019da (0x0a8c7293) x 5 0x00000000
core   0: 0x800019de (0x00c253b3) srl     t2, tp, a2
core   0: 3 0x800019de (0x00c253b3) x 7 0x00000000
core   0: 0x800019e2 (0x022b6c33) rem     s8, s6, sp
core   0: 3 0x800019e2 (0x022b6c33) x24 0x00000012
core   0: 0x800019e6 (0x00008f2d) c.xor   a4, a1
core   0: 3 0x800019e6 (0x8f2d) x14 0xfffffffc
core   0: 0x800019e8 (0x00000a05) c.addi  s4, 1
core   0: 3 0x800019e8 (0x0a05) x20 0x00000009
core   0: 0x800019ea (0x00004579) c.li    a0, 30
core   0: 3 0x800019ea (0x4579) x10 0x0000001e
core   0: 0x800019ec (0xff600913) li      s2, -10
core   0: 3 0x800019ec (0xff600913) x18 0xfffffff6
core   0: 0x800019f0 (0xfef00f13) li      t5, -17
core   0: 3 0x800019f0 (0xfef00f13) x30 0xffffffef
core   0: 0x800019f4 (0x000009fe) c.slli  s3, 31
core   0: 3 0x800019f4 (0x09fe) x19 0x00000000
core   0: 0x800019f6 (0x00004abd) c.li    s5, 15
core   0: 3 0x800019f6 (0x4abd) x21 0x0000000f
core   0: 0x800019f8 (0x00001965) c.addi  s2, -7
core   0: 3 0x800019f8 (0x1965) x18 0xffffffef
core   0: 0x800019fa (0x7201c393) xori    t2, gp, 1824
core   0: 3 0x800019fa (0x7201c393) x 7 0xe31ceea8
core   0: 0x800019fe (0xffe91ce3) bne     s2, t5, pc - 8
core   0: 3 0x800019fe (0xffe91ce3)
core   0: 0x80001a02 (0xfc6a1ce3) bne     s4, t1, pc - 40
core   0: 3 0x80001a02 (0xfc6a1ce3)
core   0: 0x80001a06 (0x0000100f) fence.i
core   0: 3 0x80001a06 (0x0000100f)
core   0: 0x80001a0a (0xffd00493) li      s1, -3
core   0: 3 0x80001a0a (0xffd00493) x 9 0xfffffffd
core   0: 0x80001a0e (0x03dffe33) remu    t3, t6, t4
core   0: 3 0x80001a0e (0x03dffe33) x28 0x000002e1
core   0: 0x80001a12 (0x0000100f) fence.i
core   0: 3 0x80001a12 (0x0000100f)
core   0: 0x80001a16 (0x00700893) li      a7, 7
core   0: 3 0x80001a16 (0x00700893) x17 0x00000007
core   0: 0x80001a1a (0x00000001) c.nop
core   0: 3 0x80001a1a (0x0001)
core   0: 0x80001a1c (0x403f8233) sub     tp, t6, gp
core   0: 3 0x80001a1c (0x403f8233) x 4 0x1ce31959
core   0: 0x80001a20 (0x03055933) divu    s2, a0, a6
core   0: 3 0x80001a20 (0x03055933) x18 0x00000000
core   0: 0x80001a24 (0x00000c25) c.addi  s8, 9
core   0: 3 0x80001a24 (0x0c25) x24 0x0000001b
core   0: 0x80001a26 (0x00000495) c.addi  s1, 5
core   0: 3 0x80001a26 (0x0495) x 9 0x00000002
core   0: 0x80001a28 (0x00000b46) c.slli  s6, 17
core   0: 3 0x80001a28 (0x0b46) x22 0x00240000
core   0: 0x80001a2a (0xbda6c813) xori    a6, a3, -1062
core   0: 3 0x80001a2a (0xbda6c813) x16 0xfffffbda
core   0: 0x80001a2e (0x75c38813) addi    a6, t2, 1884
core   0: 3 0x80001a2e (0x75c38813) x16 0xe31cf604
core   0: 0x80001a32 (0x03c3fdb3) remu    s11, t2, t3
core   0: 3 0x80001a32 (0x03c3fdb3) x27 0x000000ea
core   0: 0x80001a36 (0x03571533) mulh    a0, a4, s5
core   0: 3 0x80001a36 (0x03571533) x10 0xffffffff
core   0: 0x80001a3a (0x41b6d513) srai    a0, a3, 27
core   0: 3 0x80001a3a (0x41b6d513) x10 0x00000000
core   0: 0x80001a3e (0x0000147d) c.addi  s0, -1
core   0: 3 0x80001a3e (0x147d) x 8 0x1cad9fff
core   0: 0x80001a40 (0x00b05e93) srli    t4, zero, 11
core   0: 3 0x80001a40 (0x00b05e93) x29 0x00000000
core   0: 0x80001a44 (0xfd14cee3) blt     s1, a7, pc - 36
core   0: 3 0x80001a44 (0xfd14cee3)
core   0: 0x80001a20 (0x03055933) divu    s2, a0, a6
core   0: 3 0x80001a20 (0x03055933) x18 0x00000000
core   0: 0x80001a24 (0x00000c25) c.addi  s8, 9
core   0: 3 0x80001a24 (0x0c25) x24 0x00000024
core   0: 0x80001a26 (0x00000495) c.addi  s1, 5
core   0: 3 0x80001a26 (0x0495) x 9 0x00000007
core   0: 0x80001a28 (0x00000b46) c.slli  s6, 17
core   0: 3 0x80001a28 (0x0b46) x22 0x00000000
core   0: 0x80001a2a (0xbda6c813) xori    a6, a3, -1062
core   0: 3 0x80001a2a (0xbda6c813) x16 0xfffffbda
core   0: 0x80001a2e (0x75c38813) addi    a6, t2, 1884
core   0: 3 0x80001a2e (0x75c38813) x16 0xe31cf604
core   0: 0x80001a32 (0x03c3fdb3) remu    s11, t2, t3
core   0: 3 0x80001a32 (0x03c3fdb3) x27 0x000000ea
core   0: 0x80001a36 (0x03571533) mulh    a0, a4, s5
core   0: 3 0x80001a36 (0x03571533) x10 0xffffffff
core   0: 0x80001a3a (0x41b6d513) srai    a0, a3, 27
core   0: 3 0x80001a3a (0x41b6d513) x10 0x00000000
core   0: 0x80001a3e (0x0000147d) c.addi  s0, -1
core   0: 3 0x80001a3e (0x147d) x 8 0x1cad9ffe
core   0: 0x80001a40 (0x00b05e93) srli    t4, zero, 11
core   0: 3 0x80001a40 (0x00b05e93) x29 0x00000000
core   0: 0x80001a44 (0xfd14cee3) blt     s1, a7, pc - 36
core   0: 3 0x80001a44 (0xfd14cee3)
core   0: 0x80001a48 (0x0c5d6437) lui     s0, 0xc5d6
core   0: 3 0x80001a48 (0x0c5d6437) x 8 0x0c5d6000
core   0: 0x80001a4c (0x00000993) li      s3, 0
core   0: 3 0x80001a4c (0x00000993) x19 0x00000000
core   0: 0x80001a50 (0x88697093) andi    ra, s2, -1914
core   0: 3 0x80001a50 (0x88697093) x 1 0x00000000
core   0: 0x80001a54 (0x00b00713) li      a4, 11
core   0: 3 0x80001a54 (0x00b00713) x14 0x0000000b
core   0: 0x80001a58 (0x00ea7ab3) and     s5, s4, a4
core   0: 3 0x80001a58 (0x00ea7ab3) x21 0x00000009
core   0: 0x80001a5c (0x0228ae33) mulhsu  t3, a7, sp
core   0: 3 0x80001a5c (0x0228ae33) x28 0x00000003
core   0: 0x80001a60 (0x01ebd333) srl     t1, s7, t5
core   0: 3 0x80001a60 (0x01ebd333) x 6 0x00000000
core   0: 0x80001a64 (0x0000862a) c.mv    a2, a0
core   0: 3 0x80001a64 (0x862a) x12 0x00000000
core   0: 0x80001a66 (0x0000100f) fence.i
core   0: 3 0x80001a66 (0x0000100f)
core   0: 0x80001a6a (0x00000995) c.addi  s3, 5
core   0: 3 0x80001a6a (0x0995) x19 0x00000005
core   0: 0x80001a6c (0x00008c71) c.and   s0, a2
core   0: 3 0x80001a6c (0x8c71) x 8 0x00000000
core   0: 0x80001a6e (0x000085e1) c.srai  a1, 24
core   0: 3 0x80001a6e (0x85e1) x11 0x00000000
core   0: 0x80001a70 (0x0000100f) fence.i
core   0: 3 0x80001a70 (0x0000100f)
core   0: 0x80001a74 (0x02772533) mulhsu  a0, a4, t2
core   0: 3 0x80001a74 (0x02772533) x10 0x00000009
core   0: 0x80001a78 (0x00008d8d) c.sub   a1, a1
core   0: 3 0x80001a78 (0x8d8d) x11 0x00000000
core   0: 0x80001a7a (0x028184b3) mul     s1, gp, s0
core   0: 3 0x80001a7a (0x028184b3) x 9 0x00000000
core   0: 0x80001a7e (0x000082d5) c.srli  a3, 21
core   0: 3 0x80001a7e (0x82d5) x13 0x00000000
core   0: 0x80001a80 (0x40e0f893) andi    a7, ra, 1038
core   0: 3 0x80001a80 (0x40e0f893) x17 0x00000000
core   0: 0x80001a84 (0x0ff0000f) fence   iorw,iorw
core   0: 3 0x80001a84 (0x0ff0000f)
core   0: 0x80001a88 (0xfce9eee3) bltu    s3, a4, pc - 36
core   0: 3 0x80001a88 (0xfce9eee3)
core   0: 0x80001a64 (0x0000862a) c.mv    a2, a0
core   0: 3 0x80001a64 (0x862a) x12 0x00000009
core   0: 0x80001a66 (0x0000100f) fence.i
core   0: 3 0x80001a66 (0x0000100f)
core   0: 0x80001a6a (0x00000995) c.addi  s3, 5
core   0: 3 0x80001a6a (0x0995) x19 0x0000000a
core   0: 0x80001a6c (0x00008c71) c.and   s0, a2
core   0: 3 0x80001a6c (0x8c71) x 8 0x00000000
core   0: 0x80001a6e (0x000085e1) c.srai  a1, 24
core   0: 3 0x80001a6e (0x85e1) x11 0x00000000
core   0: 0x80001a70 (0x0000100f) fence.i
core   0: 3 0x80001a70 (0x0000100f)
core   0: 0x80001a74 (0x02772533) mulhsu  a0, a4, t2
core   0: 3 0x80001a74 (0x02772533) x10 0x00000009
core   0: 0x80001a78 (0x00008d8d) c.sub   a1, a1
core   0: 3 0x80001a78 (0x8d8d) x11 0x00000000
core   0: 0x80001a7a (0x028184b3) mul     s1, gp, s0
core   0: 3 0x80001a7a (0x028184b3) x 9 0x00000000
core   0: 0x80001a7e (0x000082d5) c.srli  a3, 21
core   0: 3 0x80001a7e (0x82d5) x13 0x00000000
core   0: 0x80001a80 (0x40e0f893) andi    a7, ra, 1038
core   0: 3 0x80001a80 (0x40e0f893) x17 0x00000000
core   0: 0x80001a84 (0x0ff0000f) fence   iorw,iorw
core   0: 3 0x80001a84 (0x0ff0000f)
core   0: 0x80001a88 (0xfce9eee3) bltu    s3, a4, pc - 36
core   0: 3 0x80001a88 (0xfce9eee3)
core   0: 0x80001a64 (0x0000862a) c.mv    a2, a0
core   0: 3 0x80001a64 (0x862a) x12 0x00000009
core   0: 0x80001a66 (0x0000100f) fence.i
core   0: 3 0x80001a66 (0x0000100f)
core   0: 0x80001a6a (0x00000995) c.addi  s3, 5
core   0: 3 0x80001a6a (0x0995) x19 0x0000000f
core   0: 0x80001a6c (0x00008c71) c.and   s0, a2
core   0: 3 0x80001a6c (0x8c71) x 8 0x00000000
core   0: 0x80001a6e (0x000085e1) c.srai  a1, 24
core   0: 3 0x80001a6e (0x85e1) x11 0x00000000
core   0: 0x80001a70 (0x0000100f) fence.i
core   0: 3 0x80001a70 (0x0000100f)
core   0: 0x80001a74 (0x02772533) mulhsu  a0, a4, t2
core   0: 3 0x80001a74 (0x02772533) x10 0x00000009
core   0: 0x80001a78 (0x00008d8d) c.sub   a1, a1
core   0: 3 0x80001a78 (0x8d8d) x11 0x00000000
core   0: 0x80001a7a (0x028184b3) mul     s1, gp, s0
core   0: 3 0x80001a7a (0x028184b3) x 9 0x00000000
core   0: 0x80001a7e (0x000082d5) c.srli  a3, 21
core   0: 3 0x80001a7e (0x82d5) x13 0x00000000
core   0: 0x80001a80 (0x40e0f893) andi    a7, ra, 1038
core   0: 3 0x80001a80 (0x40e0f893) x17 0x00000000
core   0: 0x80001a84 (0x0ff0000f) fence   iorw,iorw
core   0: 3 0x80001a84 (0x0ff0000f)
core   0: 0x80001a88 (0xfce9eee3) bltu    s3, a4, pc - 36
core   0: 3 0x80001a88 (0xfce9eee3)
core   0: 0x80001a8c (0x0281a0b3) mulhsu  ra, gp, s0
core   0: 3 0x80001a8c (0x0281a0b3) x 1 0x00000000
core   0: 0x80001a90 (0xffd00693) li      a3, -3
core   0: 3 0x80001a90 (0xffd00693) x13 0xfffffffd
core   0: 0x80001a94 (0x00a14f33) xor     t5, sp, a0
core   0: 3 0x80001a94 (0x00a14f33) x30 0x80026ced
core   0: 0x80001a98 (0x039c0bb3) mul     s7, s8, s9
core   0: 3 0x80001a98 (0x039c0bb3) x23 0x00000000
core   0: 0x80001a9c (0x402f8b33) sub     s6, t6, sp
core   0: 3 0x80001a9c (0x402f8b33) x22 0x7ffd95fd
core   0: 0x80001aa0 (0x000080ea) c.mv    ra, s10
core   0: 3 0x80001aa0 (0x80ea) x 1 0x80022e64
core   0: 0x80001aa2 (0x409c5f13) srai    t5, s8, 9
core   0: 3 0x80001aa2 (0x409c5f13) x30 0x00000000
core   0: 0x80001aa6 (0x003e7533) and     a0, t3, gp
core   0: 3 0x80001aa6 (0x003e7533) x10 0x00000000
core   0: 0x80001aaa (0x00da0933) add     s2, s4, a3
core   0: 3 0x80001aaa (0x00da0933) x18 0x00000006
core   0: 0x80001aae (0x00008cf9) c.and   s1, a4
core   0: 3 0x80001aae (0x8cf9) x 9 0x00000000
core   0: 0x80001ab0 (0x02141533) mulh    a0, s0, ra
core   0: 3 0x80001ab0 (0x02141533) x10 0x00000000
core   0: 0x80001ab4 (0x01fa43b3) xor     t2, s4, t6
core   0: 3 0x80001ab4 (0x01fa43b3) x 7 0x000002e8
core   0: 0x80001ab8 (0x00000001) c.nop
core   0: 3 0x80001ab8 (0x0001)
core   0: 0x80001aba (0x028dcfb3) div     t6, s11, s0
core   0: 3 0x80001aba (0x028dcfb3) x31 0xffffffff
core   0: 0x80001abe (0x000093ea) c.add   t2, s10
core   0: 3 0x80001abe (0x93ea) x 7 0x8002314c
core   0: 0x80001ac0 (0x01d8d993) srli    s3, a7, 29
core   0: 3 0x80001ac0 (0x01d8d993) x19 0x00000000
core   0: 0x80001ac4 (0x00000685) c.addi  a3, 1
core   0: 3 0x80001ac4 (0x0685) x13 0xfffffffe
core   0: 0x80001ac6 (0x00008d4d) c.or    a0, a1
core   0: 3 0x80001ac6 (0x8d4d) x10 0x00000000
core   0: 0x80001ac8 (0x00008419) c.srai  s0, 6
core   0: 3 0x80001ac8 (0x8419) x 8 0x00000000
core   0: 0x80001aca (0x0000567d) c.li    a2, -1
core   0: 3 0x80001aca (0x567d) x12 0xffffffff
core   0: 0x80001acc (0x01086933) or      s2, a6, a6
core   0: 3 0x80001acc (0x01086933) x18 0xe31cf604
core   0: 0x80001ad0 (0x2d64bc17) auipc   s8, 0x2d64b
core   0: 3 0x80001ad0 (0x2d64bc17) x24 0xad64cad0
core   0: 0x80001ad4 (0x0ff0000f) fence   iorw,iorw
core   0: 3 0x80001ad4 (0x0ff0000f)
core   0: 0x80001ad8 (0xb449a093) slti    ra, s3, -1212
core   0: 3 0x80001ad8 (0xb449a093) x 1 0x00000000
core   0: 0x80001adc (0x03f7d8b3) divu    a7, a5, t6
core   0: 3 0x80001adc (0x03f7d8b3) x17 0x00000000
core   0: 0x80001ae0 (0x0000dee9) c.beqz  a3, pc - 38
core   0: 3 0x80001ae0 (0xdee9)
core   0: 0x80001ae2 (0x2f70be93) sltiu   t4, ra, 759
core   0: 3 0x80001ae2 (0x2f70be93) x29 0x00000001
core   0: 0x80001ae6 (0x00600613) li      a2, 6
core   0: 3 0x80001ae6 (0x00600613) x12 0x00000006
core   0: 0x80001aea (0x0362e3b3) rem     t2, t0, s6
core   0: 3 0x80001aea (0x0362e3b3) x 7 0x00000000
core   0: 0x80001aee (0x00f19c13) slli    s8, gp, 15
core   0: 3 0x80001aee (0x00f19c13) x24 0x74c40000
core   0: 0x80001af2 (0x02435b33) divu    s6, t1, tp
core   0: 3 0x80001af2 (0x02435b33) x22 0x00000000
core   0: 0x80001af6 (0x000084a5) c.srai  s1, 9
core   0: 3 0x80001af6 (0x84a5) x 9 0x00000000
core   0: 0x80001af8 (0x0178a2b3) slt     t0, a7, s7
core   0: 3 0x80001af8 (0x0178a2b3) x 5 0x00000000
core   0: 0x80001afc (0x0000100f) fence.i
core   0: 3 0x80001afc (0x0000100f)
core   0: 0x80001b00 (0x000009d6) c.slli  s3, 21
core   0: 3 0x80001b00 (0x09d6) x19 0x00000000
core   0: 0x80001b02 (0x00006bb5) c.lui   s7, 0xd
core   0: 3 0x80001b02 (0x6bb5) x23 0x0000d000
core   0: 0x80001b04 (0x00c00193) li      gp, 12
core   0: 3 0x80001b04 (0x00c00193) x 3 0x0000000c
core   0: 0x80001b08 (0x41f404b3) sub     s1, s0, t6
core   0: 3 0x80001b08 (0x41f404b3) x 9 0x00000001
core   0: 0x80001b0c (0x40a00cb3) sub     s9, zero, a0
core   0: 3 0x80001b0c (0x40a00cb3) x25 0x00000000
core   0: 0x80001b10 (0x032de033) rem     zero, s11, s2
core   0: 3 0x80001b10 (0x032de033)
core   0: 0x80001b14 (0x00006b35) c.lui   s6, 0xd
core   0: 3 0x80001b14 (0x6b35) x22 0x0000d000
core   0: 0x80001b16 (0x01b75c33) srl     s8, a4, s11
core   0: 3 0x80001b16 (0x01b75c33) x24 0x00000000
core   0: 0x80001b1a (0x0fb7c313) xori    t1, a5, 251
core   0: 3 0x80001b1a (0x0fb7c313) x 6 0x000000fb
core   0: 0x80001b1e (0x018c1e13) slli    t3, s8, 24
core   0: 3 0x80001b1e (0x018c1e13) x28 0x00000000
core   0: 0x80001b22 (0xf4267c13) andi    s8, a2, -190
core   0: 3 0x80001b22 (0xf4267c13) x24 0x00000002
core   0: 0x80001b26 (0x00536db3) or      s11, t1, t0
core   0: 3 0x80001b26 (0x00536db3) x27 0x000000fb
core   0: 0x80001b2a (0x41f708b3) sub     a7, a4, t6
core   0: 3 0x80001b2a (0x41f708b3) x17 0x0000000c
core   0: 0x80001b2e (0x00000609) c.addi  a2, 2
core   0: 3 0x80001b2e (0x0609) x12 0x00000008
core   0: 0x80001b30 (0x00008de9) c.and   a1, a0
core   0: 3 0x80001b30 (0x8de9) x11 0x00000000
core   0: 0x80001b32 (0x00000001) c.nop
core   0: 3 0x80001b32 (0x0001)
core   0: 0x80001b34 (0x035e0db3) mul     s11, t3, s5
core   0: 3 0x80001b34 (0x035e0db3) x27 0x00000000
core   0: 0x80001b38 (0x00009762) c.add   a4, s8
core   0: 3 0x80001b38 (0x9762) x14 0x0000000d
core   0: 0x80001b3a (0x515c0213) addi    tp, s8, 1301
core   0: 3 0x80001b3a (0x515c0213) x 4 0x00000517
core   0: 0x80001b3e (0x01a47c33) and     s8, s0, s10
core   0: 3 0x80001b3e (0x01a47c33) x24 0x00000000
core   0: 0x80001b42 (0xfc360ce3) beq     a2, gp, pc - 40
core   0: 3 0x80001b42 (0xfc360ce3)
core   0: 0x80001b46 (0x1452ea93) ori     s5, t0, 325
core   0: 3 0x80001b46 (0x1452ea93) x21 0x00000145
core   0: 0x80001b4a (0x00600713) li      a4, 6
core   0: 3 0x80001b4a (0x00600713) x14 0x00000006
core   0: 0x80001b4e (0x000085c9) c.srai  a1, 18
core   0: 3 0x80001b4e (0x85c9) x11 0x00000000
core   0: 0x80001b50 (0x00008205) c.srli  a2, 1
core   0: 3 0x80001b50 (0x8205) x12 0x00000004
core   0: 0x80001b52 (0x02dc20b3) mulhsu  ra, s8, a3
core   0: 3 0x80001b52 (0x02dc20b3) x 1 0x00000000
core   0: 0x80001b56 (0x000060b9) c.lui   ra, 0xe
core   0: 3 0x80001b56 (0x60b9) x 1 0x0000e000
core   0: 0x80001b58 (0x613dab93) slti    s7, s11, 1555
core   0: 3 0x80001b58 (0x613dab93) x23 0x00000001
core   0: 0x80001b5c (0x0000855d) c.srai  a0, 23
core   0: 3 0x80001b5c (0x855d) x10 0x00000000
core   0: 0x80001b5e (0x029a7e33) remu    t3, s4, s1
core   0: 3 0x80001b5e (0x029a7e33) x28 0x00000000
core   0: 0x80001b62 (0x03c60c33) mul     s8, a2, t3
core   0: 3 0x80001b62 (0x03c60c33) x24 0x00000000
core   0: 0x80001b66 (0x00008d69) c.and   a0, a0
core   0: 3 0x80001b66 (0x8d69) x10 0x00000000
core   0: 0x80001b68 (0x00008ced) c.and   s1, a1
core   0: 3 0x80001b68 (0x8ced) x 9 0x00000000
core   0: 0x80001b6a (0x029e8cb3) mul     s9, t4, s1
core   0: 3 0x80001b6a (0x029e8cb3) x25 0x00000000
core   0: 0x80001b6e (0x79746593) ori     a1, s0, 1943
core   0: 3 0x80001b6e (0x79746593) x11 0x00000797
core   0: 0x80001b72 (0x000085d9) c.srai  a1, 22
core   0: 3 0x80001b72 (0x85d9) x11 0x00000000
core   0: 0x80001b74 (0x00900d93) li      s11, 9
core   0: 3 0x80001b74 (0x00900d93) x27 0x00000009
core   0: 0x80001b78 (0x00006965) c.lui   s2, 0x19
core   0: 3 0x80001b78 (0x6965) x18 0x00019000
core   0: 0x80001b7a (0x4125d813) srai    a6, a1, 18
core   0: 3 0x80001b7a (0x4125d813) x16 0x00000000
core   0: 0x80001b7e (0x5d2a5997) auipc   s3, 0x5d2a5
core   0: 3 0x80001b7e (0x5d2a5997) x19 0xdd2a6b7e
core   0: 0x80001b82 (0x030a8933) mul     s2, s5, a6
core   0: 3 0x80001b82 (0x030a8933) x18 0x00000000
core   0: 0x80001b86 (0x03e0c933) div     s2, ra, t5
core   0: 3 0x80001b86 (0x03e0c933) x18 0xffffffff
core   0: 0x80001b8a (0x0000070d) c.addi  a4, 3
core   0: 3 0x80001b8a (0x070d) x14 0x00000009
core   0: 0x80001b8c (0x00b87eb3) and     t4, a6, a1
core   0: 3 0x80001b8c (0x00b87eb3) x29 0x00000000
core   0: 0x80001b90 (0x01be1013) slli    zero, t3, 27
core   0: 3 0x80001b90 (0x01be1013)
core   0: 0x80001b94 (0x011084b3) add     s1, ra, a7
core   0: 3 0x80001b94 (0x011084b3) x 9 0x0000e00c
core   0: 0x80001b98 (0x40170433) sub     s0, a4, ra
core   0: 3 0x80001b98 (0x40170433) x 8 0xffff2009
core   0: 0x80001b9c (0x40a65e93) srai    t4, a2, 10
core   0: 3 0x80001b9c (0x40a65e93) x29 0x00000000
core   0: 0x80001ba0 (0x002e8633) add     a2, t4, sp
core   0: 3 0x80001ba0 (0x002e8633) x12 0x80026ce4
core   0: 0x80001ba4 (0x40a05493) srai    s1, zero, 10
core   0: 3 0x80001ba4 (0x40a05493) x 9 0x00000000
core   0: 0x80001ba8 (0xfdb71be3) bne     a4, s11, pc - 42
core   0: 3 0x80001ba8 (0xfdb71be3)
core   0: 0x80001bac (0x00008fb6) c.mv    t6, a3
core   0: 3 0x80001bac (0x8fb6) x31 0xfffffffe
core   0: 0x80001bae (0x00008c49) c.or    s0, a0
core   0: 3 0x80001bae (0x8c49) x 8 0xffff2009
core   0: 0x80001bb0 (0x0085f763) bgeu    a1, s0, pc + 14
core   0: 3 0x80001bb0 (0x0085f763)
core   0: 0x80001bb4 (0x01426933) or      s2, tp, s4
core   0: 3 0x80001bb4 (0x01426933) x18 0x0000051f
core   0: 0x80001bb8 (0x017cfc33) and     s8, s9, s7
core   0: 3 0x80001bb8 (0x017cfc33) x24 0x00000000
core   0: 0x80001bbc (0x00004385) c.li    t2, 1
core   0: 3 0x80001bbc (0x4385) x 7 0x00000001
core   0: 0x80001bbe (0x01183fb3) sltu    t6, a6, a7
core   0: 3 0x80001bbe (0x01183fb3) x31 0x00000001
core   0: 0x80001bc2 (0x00000001) c.nop
core   0: 3 0x80001bc2 (0x0001)
core   0: 0x80001bc4 (0x00008eb9) c.xor   a3, a4
core   0: 3 0x80001bc4 (0x8eb9) x13 0xfffffff7
core   0: 0x80001bc6 (0x0000c915) c.beqz  a0, pc + 52
core   0: 3 0x80001bc6 (0xc915)
core   0: 0x80001bfa (0x41ca8db3) sub     s11, s5, t3
core   0: 3 0x80001bfa (0x41ca8db3) x27 0x00000145
core   0: 0x80001bfe (0x000083b6) c.mv    t2, a3
core   0: 3 0x80001bfe (0x83b6) x 7 0xfffffff7
core   0: 0x80001c00 (0x0000019d) c.addi  gp, 7
core   0: 3 0x80001c00 (0x019d) x 3 0x00000013
core   0: 0x80001c02 (0x00000001) c.nop
core   0: 3 0x80001c02 (0x0001)
core   0: 0x80001c04 (0x419c89b3) sub     s3, s9, s9
core   0: 3 0x80001c04 (0x419c89b3) x19 0x00000000
core   0: 0x80001c08 (0x01d2f033) and     zero, t0, t4
core   0: 3 0x80001c08 (0x01d2f033)
core   0: 0x80001c0c (0x00009f52) c.add   t5, s4
core   0: 3 0x80001c0c (0x9f52) x30 0x00000009
core   0: 0x80001c0e (0x00008c75) c.and   s0, a3
core   0: 3 0x80001c0e (0x8c75) x 8 0xffff2001
core   0: 0x80001c10 (0x00008c2d) c.xor   s0, a1
core   0: 3 0x80001c10 (0x8c2d) x 8 0xffff2001
core   0: 0x80001c12 (0x40925c13) srai    s8, tp, 9
core   0: 3 0x80001c12 (0x40925c13) x24 0x00000002
core   0: 0x80001c16 (0x029444b3) div     s1, s0, s1
core   0: 3 0x80001c16 (0x029444b3) x 9 0xffffffff
core   0: 0x80001c1a (0x00008845) c.andi  s0, 17
core   0: 3 0x80001c1a (0x8845) x 8 0x00000001
core   0: 0x80001c1c (0x00008d85) c.sub   a1, s1
core   0: 3 0x80001c1c (0x8d85) x11 0x00000001
core   0: 0x80001c1e (0x022e5233) divu    tp, t3, sp
core   0: 3 0x80001c1e (0x022e5233) x 4 0x00000000
core   0: 0x80001c22 (0x13590893) addi    a7, s2, 309
core   0: 3 0x80001c22 (0x13590893) x17 0x00000654
core   0: 0x80001c26 (0x00cc10b3) sll     ra, s8, a2
core   0: 3 0x80001c26 (0x00cc10b3) x 1 0x00000020
core   0: 0x80001c2a (0x01e19e33) sll     t3, gp, t5
core   0: 3 0x80001c2a (0x01e19e33) x28 0x00002600
core   0: 0x80001c2e (0x01489763) bne     a7, s4, pc + 14
core   0: 3 0x80001c2e (0x01489763)
core   0: 0x80001c3c (0x027d3233) mulhu   tp, s10, t2
core   0: 3 0x80001c3c (0x027d3233) x 4 0x80022e5f
core   0: 0x80001c40 (0x02ba9833) mulh    a6, s5, a1
core   0: 3 0x80001c40 (0x02ba9833) x16 0x00000000
core   0: 0x80001c44 (0x0292c733) div     a4, t0, s1
core   0: 3 0x80001c44 (0x0292c733) x14 0x00000000
core   0: 0x80001c48 (0x00f434b3) sltu    s1, s0, a5
core   0: 3 0x80001c48 (0x00f434b3) x 9 0x00000000
core   0: 0x80001c4c (0x40f0d3b3) sra     t2, ra, a5
core   0: 3 0x80001c4c (0x40f0d3b3) x 7 0x00000020
core   0: 0x80001c50 (0x000099ba) c.add   s3, a4
core   0: 3 0x80001c50 (0x99ba) x19 0x00000000
core   0: 0x80001c52 (0x000009d2) c.slli  s3, 20
core   0: 3 0x80001c52 (0x09d2) x19 0x00000000
core   0: 0x80001c54 (0x0000e505) c.bnez  a0, pc + 40
core   0: 3 0x80001c54 (0xe505)
core   0: 0x80001c56 (0x86e3ce93) xori    t4, t2, -1938
core   0: 3 0x80001c56 (0x86e3ce93) x29 0xfffff84e
core   0: 0x80001c5a (0x00008c51) c.or    s0, a2
core   0: 3 0x80001c5a (0x8c51) x 8 0x80026ce5
core   0: 0x80001c5c (0x028aa5b3) mulhsu  a1, s5, s0
core   0: 3 0x80001c5c (0x028aa5b3) x11 0x000000a2
core   0: 0x80001c60 (0xae33c393) xori    t2, t2, -1309
core   0: 3 0x80001c60 (0xae33c393) x 7 0xfffffac3
core   0: 0x80001c64 (0x78254a93) xori    s5, a0, 1922
core   0: 3 0x80001c64 (0x78254a93) x21 0x00000782
core   0: 0x80001c68 (0x0000100f) fence.i
core   0: 3 0x80001c68 (0x0000100f)
core   0: 0x80001c6c (0x00600a63) beq     zero, t1, pc + 20
core   0: 3 0x80001c6c (0x00600a63)
core   0: 0x80001c70 (0x85070a37) lui     s4, 0x85070
core   0: 3 0x80001c70 (0x85070a37) x20 0x85070000
core   0: 0x80001c74 (0x18c64f93) xori    t6, a2, 396
core   0: 3 0x80001c74 (0x18c64f93) x31 0x80026d68
core   0: 0x80001c78 (0x02530c33) mul     s8, t1, t0
core   0: 3 0x80001c78 (0x02530c33) x24 0x00000000
core   0: 0x80001c7c (0xb4e90093) addi    ra, s2, -1202
core   0: 3 0x80001c7c (0xb4e90093) x 1 0x0000006d
core   0: 0x80001c80 (0x0931ec63) bltu    gp, s3, pc + 152
core   0: 3 0x80001c80 (0x0931ec63)
core   0: 0x80001c84 (0x0000100f) fence.i
core   0: 3 0x80001c84 (0x0000100f)
core   0: 0x80001c88 (0x02c07433) remu    s0, zero, a2
core   0: 3 0x80001c88 (0x02c07433) x 8 0x00000000
core   0: 0x80001c8c (0x09e04863) blt     zero, t5, pc + 144
core   0: 3 0x80001c8c (0x09e04863)
core   0: 0x80001d1c (0x000010fd) c.addi  ra, -1
core   0: 3 0x80001d1c (0x10fd) x 1 0x0000006c
core   0: 0x80001d1e (0x6506e193) ori     gp, a3, 1616
core   0: 3 0x80001d1e (0x6506e193) x 3 0xfffffff7
core   0: 0x80001d22 (0x01a8b1b3) sltu    gp, a7, s10
core   0: 3 0x80001d22 (0x01a8b1b3) x 3 0x00000001
core   0: 0x80001d26 (0x56704997) auipc   s3, 0x56704
core   0: 3 0x80001d26 (0x56704997) x19 0xd6705d26
core   0: 0x80001d2a (0xda94bb13) sltiu   s6, s1, -599
core   0: 3 0x80001d2a (0xda94bb13) x22 0x00000001
core   0: 0x80001d2e (0x00d7b733) sltu    a4, a5, a3
core   0: 3 0x80001d2e (0x00d7b733) x14 0x00000001
core   0: 0x80001d32 (0x02e05a63) bge     zero, a4, pc + 52
core   0: 3 0x80001d32 (0x02e05a63)
core   0: 0x80001d36 (0x00008361) c.srli  a4, 24
core   0: 3 0x80001d36 (0x8361) x14 0x00000000
core   0: 0x80001d38 (0x00008e21) c.xor   a2, s0
core   0: 3 0x80001d38 (0x8e21) x12 0x80026ce4
core   0: 0x80001d3a (0x00008b6e) c.mv    s6, s11
core   0: 3 0x80001d3a (0x8b6e) x22 0x00000145
core   0: 0x80001d3c (0x008548b3) xor     a7, a0, s0
core   0: 3 0x80001d3c (0x008548b3) x17 0x00000000
core   0: 0x80001d40 (0x000084c9) c.srai  s1, 18
core   0: 3 0x80001d40 (0x84c9) x 9 0x00000000
core   0: 0x80001d42 (0x003f5c13) srli    s8, t5, 3
core   0: 3 0x80001d42 (0x003f5c13) x24 0x00000001
core   0: 0x80001d46 (0x013586b3) add     a3, a1, s3
core   0: 3 0x80001d46 (0x013586b3) x13 0xd6705dc8
core   0: 0x80001d4a (0x00008ae1) c.andi  a3, 24
core   0: 3 0x80001d4a (0x8ae1) x13 0x00000008
core   0: 0x80001d4c (0x0189a033) slt     zero, s3, s8
core   0: 3 0x80001d4c (0x0189a033)
core   0: 0x80001d50 (0x023bc2b3) div     t0, s7, gp
core   0: 3 0x80001d50 (0x023bc2b3) x 5 0x00000001
core   0: 0x80001d54 (0x40b751b3) sra     gp, a4, a1
core   0: 3 0x80001d54 (0x40b751b3) x 3 0x00000000
core   0: 0x80001d58 (0x41c84013) xori    zero, a6, 1052
core   0: 3 0x80001d58 (0x41c84013)
core   0: 0x80001d5c (0x000008ca) c.slli  a7, 18
core   0: 3 0x80001d5c (0x08ca) x17 0x00000000
core   0: 0x80001d5e (0x00f819b3) sll     s3, a6, a5
core   0: 3 0x80001d5e (0x00f819b3) x19 0x00000000
core   0: 0x80001d62 (0x00000001) c.nop
core   0: 3 0x80001d62 (0x0001)
core   0: 0x80001d64 (0x000011fd) c.addi  gp, -1
core   0: 3 0x80001d64 (0x11fd) x 3 0xffffffff
core   0: 0x80001d66 (0x0309f563) bgeu    s3, a6, pc + 42
core   0: 3 0x80001d66 (0x0309f563)
core   0: 0x80001d90 (0x026a3233) mulhu   tp, s4, t1
core   0: 3 0x80001d90 (0x026a3233) x 4 0x00000082
core   0: 0x80001d94 (0x0336e3b3) rem     t2, a3, s3
core   0: 3 0x80001d94 (0x0336e3b3) x 7 0x00000008
core   0: 0x80001d98 (0x000000e6) c.slli  ra, 25
core   0: 3 0x80001d98 (0x00e6) x 1 0xd8000000
core   0: 0x80001d9a (0x410584b3) sub     s1, a1, a6
core   0: 3 0x80001d9a (0x410584b3) x 9 0x000000a2
core   0: 0x80001d9e (0x00008eb5) c.xor   a3, a3
core   0: 3 0x80001d9e (0x8eb5) x13 0x00000000
core   0: 0x80001da0 (0x01f17033) and     zero, sp, t6
core   0: 3 0x80001da0 (0x01f17033)
core   0: 0x80001da4 (0x03405363) bge     zero, s4, pc + 38
core   0: 3 0x80001da4 (0x03405363)
core   0: 0x80001dca (0x03f9d1b3) divu    gp, s3, t6
core   0: 3 0x80001dca (0x03f9d1b3) x 3 0x00000000
core   0: 0x80001dce (0x5c74fe13) andi    t3, s1, 1479
core   0: 3 0x80001dce (0x5c74fe13) x28 0x00000082
core   0: 0x80001dd2 (0x2ed28f93) addi    t6, t0, 749
core   0: 3 0x80001dd2 (0x2ed28f93) x31 0x000002ee
core   0: 0x80001dd6 (0xff747193) andi    gp, s0, -9
core   0: 3 0x80001dd6 (0xff747193) x 3 0x00000000
core   0: 0x80001dda (0x01555833) srl     a6, a0, s5
core   0: 3 0x80001dda (0x01555833) x16 0x00000000
core   0: 0x80001dde (0x00008e15) c.sub   a2, a3
core   0: 3 0x80001dde (0x8e15) x12 0x80026ce4
core   0: 0x80001de0 (0x031dc6b3) div     a3, s11, a7
core   0: 3 0x80001de0 (0x031dc6b3) x13 0xffffffff
core   0: 0x80001de4 (0x0240d6b3) divu    a3, ra, tp
core   0: 3 0x80001de4 (0x0240d6b3) x13 0x01a95a95
core   0: 0x80001de8 (0xd163b593) sltiu   a1, t2, -746
core   0: 3 0x80001de8 (0xd163b593) x11 0x00000001
core   0: 0x80001dec (0x00009fd2) c.add   t6, s4
core   0: 3 0x80001dec (0x9fd2) x31 0x850702ee
core   0: 0x80001dee (0x6a6cf193) andi    gp, s9, 1702
core   0: 3 0x80001dee (0x6a6cf193) x 3 0x00000000
core   0: 0x80001df2 (0x000089c2) c.mv    s3, a6
core   0: 3 0x80001df2 (0x89c2) x19 0x00000000
core   0: 0x80001df4 (0x180a4e93) xori    t4, s4, 384
core   0: 3 0x80001df4 (0x180a4e93) x29 0x85070180
core   0: 0x80001df8 (0x00008e51) c.or    a2, a2
core   0: 3 0x80001df8 (0x8e51) x12 0x80026ce4
core   0: 0x80001dfa (0x00f94ab3) xor     s5, s2, a5
core   0: 3 0x80001dfa (0x00f94ab3) x21 0x0000051f
core   0: 0x80001dfe (0x6a3255b7) lui     a1, 0x6a325
core   0: 3 0x80001dfe (0x6a3255b7) x11 0x6a325000
core   0: 0x80001e02 (0x002fdd93) srli    s11, t6, 2
core   0: 3 0x80001e02 (0x002fdd93) x27 0x2141c0bb
core   0: 0x80001e06 (0x00169513) slli    a0, a3, 1
core   0: 3 0x80001e06 (0x00169513) x10 0x0352b52a
core   0: 0x80001e0a (0x00008c35) c.xor   s0, a3
core   0: 3 0x80001e0a (0x8c35) x 8 0x01a95a95
core   0: 0x80001e0c (0x01abf863) bgeu    s7, s10, pc + 16
core   0: 3 0x80001e0c (0x01abf863)
core   0: 0x80001e10 (0x00b739b3) sltu    s3, a4, a1
core   0: 3 0x80001e10 (0x00b739b3) x19 0x00000001
core   0: 0x80001e14 (0x00008d7d) c.and   a0, a5
core   0: 3 0x80001e14 (0x8d7d) x10 0x00000000
core   0: 0x80001e16 (0x0000eb0d) c.bnez  a4, pc + 50
core   0: 3 0x80001e16 (0xeb0d)
core   0: 0x80001e18 (0x0370fb33) remu    s6, ra, s7
core   0: 3 0x80001e18 (0x0370fb33) x22 0x00000000
core   0: 0x80001e1c (0x00033033) sltu    zero, t1, zero
core   0: 3 0x80001e1c (0x00033033)
core   0: 0x80001e20 (0x00000675) c.addi  a2, 29
core   0: 3 0x80001e20 (0x0675) x12 0x80026d01
core   0: 0x80001e22 (0x030fb6b3) mulhu   a3, t6, a6
core   0: 3 0x80001e22 (0x030fb6b3) x13 0x00000000
core   0: 0x80001e26 (0xe9146317) auipc   t1, 0xe9146
core   0: 3 0x80001e26 (0xe9146317) x 6 0x69147e26
core   0: 0x80001e2a (0x01b8d513) srli    a0, a7, 27
core   0: 3 0x80001e2a (0x01b8d513) x10 0x00000000
core   0: 0x80001e2e (0x0000811d) c.srli  a0, 7
core   0: 3 0x80001e2e (0x811d) x10 0x00000000
core   0: 0x80001e30 (0x40650fb3) sub     t6, a0, t1
core   0: 3 0x80001e30 (0x40650fb3) x31 0x96eb81da
core   0: 0x80001e34 (0x00790a63) beq     s2, t2, pc + 20
core   0: 3 0x80001e34 (0x00790a63)
core   0: 0x80001e38 (0x0ff0000f) fence   iorw,iorw
core   0: 3 0x80001e38 (0x0ff0000f)
core   0: 0x80001e3c (0x00008e71) c.and   a2, a2
core   0: 3 0x80001e3c (0x8e71) x12 0x80026d01
core   0: 0x80001e3e (0x035c6c33) rem     s8, s8, s5
core   0: 3 0x80001e3e (0x035c6c33) x24 0x00000001
core   0: 0x80001e42 (0x9fe1a637) lui     a2, 0x9fe1a
core   0: 3 0x80001e42 (0x9fe1a637) x12 0x9fe1a000
core   0: 0x80001e46 (0x00008ef1) c.and   a3, a2
core   0: 3 0x80001e46 (0x8ef1) x13 0x00000000
core   0: 0x80001e48 (0x000085fd) c.srai  a1, 31
core   0: 3 0x80001e48 (0x85fd) x11 0x00000000
core   0: 0x80001e4a (0x00fbd963) bge     s7, a5, pc + 18
core   0: 3 0x80001e4a (0x00fbd963)
core   0: 0x80001e5c (0x03cd8633) mul     a2, s11, t3
core   0: 3 0x80001e5c (0x03cd8633) x12 0xe363def6
core   0: 0x80001e60 (0x0000ea91) c.bnez  a3, pc + 20
core   0: 3 0x80001e60 (0xea91)
core   0: 0x80001e62 (0x00b20963) beq     tp, a1, pc + 18
core   0: 3 0x80001e62 (0x00b20963)
core   0: 0x80001e66 (0x35483597) auipc   a1, 0x35483
core   0: 3 0x80001e66 (0x35483597) x11 0xb5484e66
core   0: 0x80001e6a (0xa74d8b93) addi    s7, s11, -1420
core   0: 3 0x80001e6a (0xa74d8b93) x23 0x2141bb2f
core   0: 0x80001e6e (0x000098fd) c.andi  s1, -1
core   0: 3 0x80001e6e (0x98fd) x 9 0x000000a2
core   0: 0x80001e70 (0x02029f33) mulh    t5, t0, zero
core   0: 3 0x80001e70 (0x02029f33) x30 0x00000000
core   0: 0x80001e74 (0xf418ce93) xori    t4, a7, -191
core   0: 3 0x80001e74 (0xf418ce93) x29 0xffffff41
core   0: 0x80001e78 (0x00e1acb3) slt     s9, gp, a4
core   0: 3 0x80001e78 (0x00e1acb3) x25 0x00000000
core   0: 0x80001e7c (0x03db9933) mulh    s2, s7, t4
core   0: 3 0x80001e7c (0x03db9933) x18 0xffffffe7
core   0: 0x80001e80 (0x00008da9) c.xor   a1, a0
core   0: 3 0x80001e80 (0x8da9) x11 0xb5484e66
core   0: 0x80001e82 (0x027e4263) blt     t3, t2, pc + 36
core   0: 3 0x80001e82 (0x027e4263)
core   0: 0x80001e86 (0x01987333) and     t1, a6, s9
core   0: 3 0x80001e86 (0x01987333) x 6 0x00000000
core   0: 0x80001e8a (0x0ff0000f) fence   iorw,iorw
core   0: 3 0x80001e8a (0x0ff0000f)
core   0: 0x80001e8e (0x40345833) sra     a6, s0, gp
core   0: 3 0x80001e8e (0x40345833) x16 0x01a95a95
core   0: 0x80001e92 (0x4a80b313) sltiu   t1, ra, 1192
core   0: 3 0x80001e92 (0x4a80b313) x 6 0x00000000
core   0: 0x80001e96 (0x0000100f) fence.i
core   0: 3 0x80001e96 (0x0000100f)
core   0: 0x80001e9a (0x03cc8b63) beq     s9, t3, pc + 54
core   0: 3 0x80001e9a (0x03cc8b63)
core   0: 0x80001e9e (0x41ddda13) srai    s4, s11, 29
core   0: 3 0x80001e9e (0x41ddda13) x20 0x00000001
core   0: 0x80001ea2 (0x6ccfb393) sltiu   t2, t6, 1740
core   0: 3 0x80001ea2 (0x6ccfb393) x 7 0x00000000
core   0: 0x80001ea6 (0x0000127d) c.addi  tp, -1
core   0: 3 0x80001ea6 (0x127d) x 4 0x00000081
core   0: 0x80001ea8 (0x010a6e33) or      t3, s4, a6
core   0: 3 0x80001ea8 (0x010a6e33) x28 0x01a95a95
core   0: 0x80001eac (0x000002ca) c.slli  t0, 18
core   0: 3 0x80001eac (0x02ca) x 5 0x00040000
core   0: 0x80001eae (0xd639a093) slti    ra, s3, -669
core   0: 3 0x80001eae (0xd639a093) x 1 0x00000000
core   0: 0x80001eb2 (0x000085d9) c.srai  a1, 22
core   0: 3 0x80001eb2 (0x85d9) x11 0xfffffed5
core   0: 0x80001eb4 (0x00008311) c.srli  a4, 4
core   0: 3 0x80001eb4 (0x8311) x14 0x00000000
core   0: 0x80001eb6 (0x00008e5d) c.or    a2, a5
core   0: 3 0x80001eb6 (0x8e5d) x12 0xe363def6
core   0: 0x80001eb8 (0x000098fd) c.andi  s1, -1
core   0: 3 0x80001eb8 (0x98fd) x 9 0x000000a2
core   0: 0x80001eba (0x3fbbb013) sltiu   zero, s7, 1019
core   0: 3 0x80001eba (0x3fbbb013)
core   0: 0x80001ebe (0x03e24833) div     a6, tp, t5
core   0: 3 0x80001ebe (0x03e24833) x16 0xffffffff
core   0: 0x80001ec2 (0x00008f59) c.or    a4, a4
core   0: 3 0x80001ec2 (0x8f59) x14 0x00000000
core   0: 0x80001ec4 (0x03a53e33) mulhu   t3, a0, s10
core   0: 3 0x80001ec4 (0x03a53e33) x28 0x00000000
core   0: 0x80001ec8 (0x0072ca33) xor     s4, t0, t2
core   0: 3 0x80001ec8 (0x0072ca33) x20 0x00040000
core   0: 0x80001ecc (0x00008c99) c.sub   s1, a4
core   0: 3 0x80001ecc (0x8c99) x 9 0x000000a2
core   0: 0x80001ece (0x000082f1) c.srli  a3, 28
core   0: 3 0x80001ece (0x82f1) x13 0x00000000
core   0: 0x80001ed0 (0x0000857d) c.srai  a0, 31
core   0: 3 0x80001ed0 (0x857d) x10 0x00000000
core   0: 0x80001ed2 (0x0378e2b3) rem     t0, a7, s7
core   0: 3 0x80001ed2 (0x0378e2b3) x 5 0x00000000
core   0: 0x80001ed6 (0x000095ba) c.add   a1, a4
core   0: 3 0x80001ed6 (0x95ba) x11 0xfffffed5
core   0: 0x80001ed8 (0x414cd733) sra     a4, s9, s4
core   0: 3 0x80001ed8 (0x414cd733) x14 0x00000000
core   0: 0x80001edc (0x0000547d) c.li    s0, -1
core   0: 3 0x80001edc (0x547d) x 8 0xffffffff
core   0: 0x80001ede (0x41f084b3) sub     s1, ra, t6
core   0: 3 0x80001ede (0x41f084b3) x 9 0x69147e26
core   0: 0x80001ee2 (0x303bc713) xori    a4, s7, 771
core   0: 3 0x80001ee2 (0x303bc713) x14 0x2141b82c
core   0: 0x80001ee6 (0x0000818d) c.srli  a1, 3
core   0: 3 0x80001ee6 (0x818d) x11 0x1fffffda
core   0: 0x80001ee8 (0x40e85bb3) sra     s7, a6, a4
core   0: 3 0x80001ee8 (0x40e85bb3) x23 0xffffffff
core   0: 0x80001eec (0x00774263) blt     a4, t2, pc + 4
core   0: 3 0x80001eec (0x00774263)
core   0: 0x80001ef0 (0x0017d0b3) srl     ra, a5, ra
core   0: 3 0x80001ef0 (0x0017d0b3) x 1 0x00000000
core   0: 0x80001ef4 (0x02938a63) beq     t2, s1, pc + 52
core   0: 3 0x80001ef4 (0x02938a63)
core   0: 0x80001ef8 (0x03f851b3) divu    gp, a6, t6
core   0: 3 0x80001ef8 (0x03f851b3) x 3 0x00000001
core   0: 0x80001efc (0x00008d99) c.sub   a1, a4
core   0: 3 0x80001efc (0x8d99) x11 0xfebe47ae
core   0: 0x80001efe (0x01888663) beq     a7, s8, pc + 12
core   0: 3 0x80001efe (0x01888663)
core   0: 0x80001f02 (0x03868d63) beq     a3, s8, pc + 58
core   0: 3 0x80001f02 (0x03868d63)
core   0: 0x80001f06 (0x40b70eb3) sub     t4, a4, a1
core   0: 3 0x80001f06 (0x40b70eb3) x29 0x2283707e
core   0: 0x80001f0a (0x0041a0b3) slt     ra, gp, tp
core   0: 3 0x80001f0a (0x0041a0b3) x 1 0x00000001
core   0: 0x80001f0e (0x00008531) c.srai  a0, 12
core   0: 3 0x80001f0e (0x8531) x10 0x00000000
core   0: 0x80001f10 (0x005e6863) bltu    t3, t0, pc + 16
core   0: 3 0x80001f10 (0x005e6863)
core   0: 0x80001f14 (0x01995913) srli    s2, s2, 25
core   0: 3 0x80001f14 (0x01995913) x18 0x0000007f
core   0: 0x80001f18 (0x0000c50d) c.beqz  a0, pc + 42
core   0: 3 0x80001f18 (0xc50d)
core   0: 0x80001f42 (0x41d483b3) sub     t2, s1, t4
core   0: 3 0x80001f42 (0x41d483b3) x 7 0x46910da8
core   0: 0x80001f46 (0x002b2633) slt     a2, s6, sp
core   0: 3 0x80001f46 (0x002b2633) x12 0x00000000
core   0: 0x80001f4a (0x00008909) c.andi  a0, 2
core   0: 3 0x80001f4a (0x8909) x10 0x00000000
core   0: 0x80001f4c (0x357a4a93) xori    s5, s4, 855
core   0: 3 0x80001f4c (0x357a4a93) x21 0x00040357
core   0: 0x80001f50 (0x00008e41) c.or    a2, s0
core   0: 3 0x80001f50 (0x8e41) x12 0xffffffff
core   0: 0x80001f52 (0x03fd2cb3) mulhsu  s9, s10, t6
core   0: 3 0x80001f52 (0x03fd2cb3) x25 0xb48b8843
core   0: 0x80001f56 (0x0000100f) fence.i
core   0: 3 0x80001f56 (0x0000100f)
core   0: 0x80001f5a (0xb1da2413) slti    s0, s4, -1251
core   0: 3 0x80001f5a (0xb1da2413) x 8 0x00000000
core   0: 0x80001f5e (0x029b5163) bge     s6, s1, pc + 34
core   0: 3 0x80001f5e (0x029b5163)
core   0: 0x80001f62 (0x0000100f) fence.i
core   0: 3 0x80001f62 (0x0000100f)
core   0: 0x80001f66 (0x41a45f13) srai    t5, s0, 26
core   0: 3 0x80001f66 (0x41a45f13) x30 0x00000000
core   0: 0x80001f6a (0x03f66863) bltu    a2, t6, pc + 48
core   0: 3 0x80001f6a (0x03f66863)
core   0: 0x80001f6e (0x01b6d413) srli    s0, a3, 27
core   0: 3 0x80001f6e (0x01b6d413) x 8 0x00000000
core   0: 0x80001f72 (0x03ad8f33) mul     t5, s11, s10
core   0: 3 0x80001f72 (0x03ad8f33) x30 0xcfc6e30c
core   0: 0x80001f76 (0x0000e595) c.bnez  a1, pc + 44
core   0: 3 0x80001f76 (0xe595)
core   0: 0x80001fa2 (0x00009a7d) c.andi  a2, -1
core   0: 3 0x80001fa2 (0x9a7d) x12 0xffffffff
core   0: 0x80001fa4 (0x0000537d) c.li    t1, -1
core   0: 3 0x80001fa4 (0x537d) x 6 0xffffffff
core   0: 0x80001fa6 (0x00008555) c.srai  a0, 21
core   0: 3 0x80001fa6 (0x8555) x10 0x00000000
core   0: 0x80001fa8 (0x034be0b3) rem     ra, s7, s4
core   0: 3 0x80001fa8 (0x034be0b3) x 1 0xffffffff
core   0: 0x80001fac (0x00000a32) c.slli  s4, 12
core   0: 3 0x80001fac (0x0a32) x20 0x40000000
core   0: 0x80001fae (0x01eb0833) add     a6, s6, t5
core   0: 3 0x80001fae (0x01eb0833) x16 0xcfc6e30c
core   0: 0x80001fb2 (0x032cdd63) bge     s9, s2, pc + 58
core   0: 3 0x80001fb2 (0x032cdd63)
core   0: 0x80001fb6 (0x0000839a) c.mv    t2, t1
core   0: 3 0x80001fb6 (0x839a) x 7 0xffffffff
core   0: 0x80001fb8 (0x01df86b3) add     a3, t6, t4
core   0: 3 0x80001fb8 (0x01df86b3) x13 0xb96ef258
core   0: 0x80001fbc (0x06485463) bge     a6, tp, pc + 104
core   0: 3 0x80001fbc (0x06485463)
core   0: 0x80001fc0 (0x01ed9f13) slli    t5, s11, 30
core   0: 3 0x80001fc0 (0x01ed9f13) x30 0xc0000000
core   0: 0x80001fc4 (0x017efc63) bgeu    t4, s7, pc + 24
core   0: 3 0x80001fc4 (0x017efc63)
core   0: 0x80001fc8 (0x417705b3) sub     a1, a4, s7
core   0: 3 0x80001fc8 (0x417705b3) x11 0x2141b82d
core   0: 0x80001fcc (0xafff0593) addi    a1, t5, -1281
core   0: 3 0x80001fcc (0xafff0593) x11 0xbffffaff
core   0: 0x80001fd0 (0x03253fb3) mulhu   t6, a0, s2
core   0: 3 0x80001fd0 (0x03253fb3) x31 0x00000000
core   0: 0x80001fd4 (0x2dd4ff13) andi    t5, s1, 733
core   0: 3 0x80001fd4 (0x2dd4ff13) x30 0x00000204
core   0: 0x80001fd8 (0x01cb6b63) bltu    s6, t3, pc + 22
core   0: 3 0x80001fd8 (0x01cb6b63)
core   0: 0x80001fdc (0x031f6b33) rem     s6, t5, a7
core   0: 3 0x80001fdc (0x031f6b33) x22 0x00000204
core   0: 0x80001fe0 (0x03850e63) beq     a0, s8, pc + 60
core   0: 3 0x80001fe0 (0x03850e63)
core   0: 0x80001fe4 (0x00008e3d) c.xor   a2, a5
core   0: 3 0x80001fe4 (0x8e3d) x12 0xffffffff
core   0: 0x80001fe6 (0x01af1913) slli    s2, t5, 26
core   0: 3 0x80001fe6 (0x01af1913) x18 0x10000000
core   0: 0x80001fea (0x0000044a) c.slli  s0, 18
core   0: 3 0x80001fea (0x044a) x 8 0x00000000
core   0: 0x80001fec (0x00000001) c.nop
core   0: 3 0x80001fec (0x0001)
core   0: 0x80001fee (0x02650d63) beq     a0, t1, pc + 58
core   0: 3 0x80001fee (0x02650d63)
core   0: 0x80001ff2 (0x018a02b3) add     t0, s4, s8
core   0: 3 0x80001ff2 (0x018a02b3) x 5 0x40000001
core   0: 0x80001ff6 (0x00005817) auipc   a6, 0x5
core   0: 3 0x80001ff6 (0x00005817) x16 0x80006ff6
core   0: 0x80001ffa (0x24a80813) addi    a6, a6, 586
core   0: 3 0x80001ffa (0x24a80813) x16 0x80007240
core   0: 0x80001ffe (0xafbd8513) addi    a0, s11, -1285
core   0: 3 0x80001ffe (0xafbd8513) x10 0x2141bbb6
core   0: 0x80002002 (0x0359b3b3) mulhu   t2, s3, s5
core   0: 3 0x80002002 (0x0359b3b3) x 7 0x00000000
core   0: 0x80002006 (0x034c4ab3) div     s5, s8, s4
core   0: 3 0x80002006 (0x034c4ab3) x21 0x00000000
core   0: 0x8000200a (0x0211df33) divu    t5, gp, ra
core   0: 3 0x8000200a (0x0211df33) x30 0x00000000
core   0: 0x8000200e (0x00959eb3) sll     t4, a1, s1
core   0: 3 0x8000200e (0x00959eb3) x29 0xfffebfc0
core   0: 0x80002012 (0x39680813) addi    a6, a6, 918
core   0: 3 0x80002012 (0x39680813) x16 0x800075d6
core   0: 0x80002016 (0x00000001) c.nop
core   0: 3 0x80002016 (0x0001)
core   0: 0x80002018 (0xc6b80467) jalr    s0, a6, -917
core   0: 3 0x80002018 (0xc6b80467) x 8 0x8000201c
core   0: 0x80007240 (0x00008e7d) c.and   a2, a5
core   0: 3 0x80007240 (0x8e7d) x12 0x00000000
core   0: 0x80007242 (0x03441fb3) mulh    t6, s0, s4
core   0: 3 0x80007242 (0x03441fb3) x31 0xe0000807
core   0: 0x80007246 (0x00001d41) c.addi  s10, -16
core   0: 3 0x80007246 (0x1d41) x26 0x80022e54
core   0: 0x80007248 (0xea0bb197) auipc   gp, 0xea0bb
core   0: 3 0x80007248 (0xea0bb197) x 3 0x6a0c2248
core   0: 0x8000724c (0x0253afb3) mulhsu  t6, t2, t0
core   0: 3 0x8000724c (0x0253afb3) x31 0x00000000
core   0: 0x80007250 (0x00008ec9) c.or    a3, a0
core   0: 3 0x80007250 (0x8ec9) x13 0xb96ffbfe
core   0: 0x80007252 (0x008d2223) sw      s0, 4(s10)
core   0: 3 0x80007252 (0x008d2223) mem 0x80022e58 0x8000201c
core   0: 0x80007256 (0x0000019a) c.slli  gp, 6
core   0: 3 0x80007256 (0x019a) x 3 0x83089200
core   0: 0x80007258 (0x0354dc33) divu    s8, s1, s5
core   0: 3 0x80007258 (0x0354dc33) x24 0xffffffff
core   0: 0x8000725c (0x41e350b3) sra     ra, t1, t5
core   0: 3 0x8000725c (0x41e350b3) x 1 0xffffffff
core   0: 0x80007260 (0x00f2ea63) bltu    t0, a5, pc + 20
core   0: 3 0x80007260 (0x00f2ea63)
core   0: 0x80007264 (0x40e50833) sub     a6, a0, a4
core   0: 3 0x80007264 (0x40e50833) x16 0x0000038a
core   0: 0x80007268 (0x01035213) srli    tp, t1, 16
core   0: 3 0x80007268 (0x01035213) x 4 0x0000ffff
core   0: 0x8000726c (0x010c1db3) sll     s11, s8, a6
core   0: 3 0x8000726c (0x010c1db3) x27 0xfffffc00
core   0: 0x80007270 (0xbcc63593) sltiu   a1, a2, -1076
core   0: 3 0x80007270 (0xbcc63593) x11 0x00000001
core   0: 0x80007274 (0x1560046f) jal     s0, pc + 0x156
core   0: 3 0x80007274 (0x1560046f) x 8 0x80007278
core   0: 0x800073ca (0x00fc4963) blt     s8, a5, pc + 18
core   0: 3 0x800073ca (0x00fc4963)
core   0: 0x800073dc (0xfc4d0d13) addi    s10, s10, -60
core   0: 3 0x800073dc (0xfc4d0d13) x26 0x80022e18
core   0: 0x800073e0 (0x00008f6d) c.and   a4, a1
core   0: 3 0x800073e0 (0x8f6d) x14 0x00000000
core   0: 0x800073e2 (0x008d2223) sw      s0, 4(s10)
core   0: 3 0x800073e2 (0x008d2223) mem 0x80022e1c 0x80007278
core   0: 0x800073e6 (0x000081c1) c.srli  a1, 16
core   0: 3 0x800073e6 (0x81c1) x11 0x00000000
core   0: 0x800073e8 (0xffb00593) li      a1, -5
core   0: 3 0x800073e8 (0xffb00593) x11 0xfffffffb
core   0: 0x800073ec (0x029b9533) mulh    a0, s7, s1
core   0: 3 0x800073ec (0x029b9533) x10 0xffffffff
core   0: 0x800073f0 (0x014b5533) srl     a0, s6, s4
core   0: 3 0x800073f0 (0x014b5533) x10 0x00000204
core   0: 0x800073f4 (0x00000001) c.nop
core   0: 3 0x800073f4 (0x0001)
core   0: 0x800073f6 (0x03aad3b3) divu    t2, s5, s10
core   0: 3 0x800073f6 (0x03aad3b3) x 7 0x00000000
core   0: 0x800073fa (0x0011dd93) srli    s11, gp, 1
core   0: 3 0x800073fa (0x0011dd93) x27 0x41844900
core   0: 0x800073fe (0x02d8a4b3) mulhsu  s1, a7, a3
core   0: 3 0x800073fe (0x02d8a4b3) x 9 0x00000000
core   0: 0x80007402 (0x02bef6b3) remu    a3, t4, a1
core   0: 3 0x80007402 (0x02bef6b3) x13 0xfffebfc0
core   0: 0x80007406 (0x0000876d) c.srai  a4, 27
core   0: 3 0x80007406 (0x876d) x14 0x00000000
core   0: 0x80007408 (0x41925293) srai    t0, tp, 25
core   0: 3 0x80007408 (0x41925293) x 5 0x00000000
core   0: 0x8000740c (0x00000585) c.addi  a1, 1
core   0: 3 0x8000740c (0x0585) x11 0xfffffffc
core   0: 0x8000740e (0x4cec3193) sltiu   gp, s8, 1230
core   0: 3 0x8000740e (0x4cec3193) x 3 0x00000000
core   0: 0x80007412 (0x01d64e33) xor     t3, a2, t4
core   0: 3 0x80007412 (0x01d64e33) x28 0xfffebfc0
core   0: 0x80007416 (0xff700413) li      s0, -9
core   0: 3 0x80007416 (0xff700413) x 8 0xfffffff7
core   0: 0x8000741a (0x00600f93) li      t6, 6
core   0: 3 0x8000741a (0x00600f93) x31 0x00000006
core   0: 0x8000741e (0x00008e59) c.or    a2, a4
core   0: 3 0x8000741e (0x8e59) x12 0x00000000
core   0: 0x80007420 (0x0ff0000f) fence   iorw,iorw
core   0: 3 0x80007420 (0x0ff0000f)
core   0: 0x80007424 (0x001fe3b3) or      t2, t6, ra
core   0: 3 0x80007424 (0x001fe3b3) x 7 0xffffffff
core   0: 0x80007428 (0x019698b3) sll     a7, a3, s9
core   0: 3 0x80007428 (0x019698b3) x17 0xfff5fe00
core   0: 0x8000742c (0x0ff0000f) fence   iorw,iorw
core   0: 3 0x8000742c (0x0ff0000f)
core   0: 0x80007430 (0x0000040d) c.addi  s0, 3
core   0: 3 0x80007430 (0x040d) x 8 0xfffffffa
core   0: 0x80007432 (0xfff466e3) bltu    s0, t6, pc - 20
core   0: 3 0x80007432 (0xfff466e3)
core   0: 0x80007436 (0x40fbda33) sra     s4, s7, a5
core   0: 3 0x80007436 (0x40fbda33) x20 0xffffffff
core   0: 0x8000743a (0x4187d533) sra     a0, a5, s8
core   0: 3 0x8000743a (0x4187d533) x10 0x00000000
core   0: 0x8000743e (0x01276ab3) or      s5, a4, s2
core   0: 3 0x8000743e (0x01276ab3) x21 0x10000000
core   0: 0x80007442 (0x32d04837) lui     a6, 0x32d04
core   0: 3 0x80007442 (0x32d04837) x16 0x32d04000
core   0: 0x80007446 (0xeaa44313) xori    t1, s0, -342
core   0: 3 0x80007446 (0xeaa44313) x 6 0x00000150
core   0: 0x8000744a (0x00000001) c.nop
core   0: 3 0x8000744a (0x0001)
core   0: 0x8000744c (0x00000001) c.nop
core   0: 3 0x8000744c (0x0001)
core   0: 0x8000744e (0x0393dcb3) divu    s9, t2, s9
core   0: 3 0x8000744e (0x0393dcb3) x25 0x00000001
core   0: 0x80007452 (0x0000d9c5) c.beqz  a1, pc - 80
core   0: 3 0x80007452 (0xd9c5)
core   0: 0x80007454 (0x000098be) c.add   a7, a5
core   0: 3 0x80007454 (0x98be) x17 0xfff5fe00
core   0: 0x80007456 (0x00100f13) li      t5, 1
core   0: 3 0x80007456 (0x00100f13) x30 0x00000001
core   0: 0x8000745a (0x00000001) c.nop
core   0: 3 0x8000745a (0x0001)
core   0: 0x8000745c (0x00400613) li      a2, 4
core   0: 3 0x8000745c (0x00400613) x12 0x00000004
core   0: 0x80007460 (0x009d1a13) slli    s4, s10, 9
core   0: 3 0x80007460 (0x009d1a13) x20 0x045c3000
core   0: 0x80007464 (0x009d6db3) or      s11, s10, s1
core   0: 3 0x80007464 (0x009d6db3) x27 0x80022e18
core   0: 0x80007468 (0x019b8033) add     zero, s7, s9
core   0: 3 0x80007468 (0x019b8033)
core   0: 0x8000746c (0x00000f29) c.addi  t5, 10
core   0: 3 0x8000746c (0x0f29) x30 0x0000000b
core   0: 0x8000746e (0x00800e13) li      t3, 8
core   0: 3 0x8000746e (0x00800e13) x28 0x00000008
core   0: 0x80007472 (0x00200c93) li      s9, 2
core   0: 3 0x80007472 (0x00200c93) x25 0x00000002
core   0: 0x80007476 (0x01dce2b3) or      t0, s9, t4
core   0: 3 0x80007476 (0x01dce2b3) x 5 0xfffebfc2
core   0: 0x8000747a (0x00001a80) c.addi4spn s0, sp, 368
core   0: 3 0x8000747a (0x1a80) x 8 0x80026e54
core   0: 0x8000747c (0x0000805d) c.srli  s0, 23
core   0: 3 0x8000747c (0x805d) x 8 0x00000100
core   0: 0x8000747e (0x03a609b3) mul     s3, a2, s10
core   0: 3 0x8000747e (0x03a609b3) x19 0x0008b860
core   0: 0x80007482 (0x015dde93) srli    t4, s11, 21
core   0: 3 0x80007482 (0x015dde93) x29 0x00000400
core   0: 0x80007486 (0x00001e71) c.addi  t3, -4
core   0: 3 0x80007486 (0x1e71) x28 0x00000004
core   0: 0x80007488 (0x016fe033) or      zero, t6, s6
core   0: 3 0x80007488 (0x016fe033)
core   0: 0x8000748c (0xff9e57e3) bge     t3, s9, pc - 18
core   0: 3 0x8000748c (0xff9e57e3)
core   0: 0x8000747a (0x00001a80) c.addi4spn s0, sp, 368
core   0: 3 0x8000747a (0x1a80) x 8 0x80026e54
core   0: 0x8000747c (0x0000805d) c.srli  s0, 23
core   0: 3 0x8000747c (0x805d) x 8 0x00000100
core   0: 0x8000747e (0x03a609b3) mul     s3, a2, s10
core   0: 3 0x8000747e (0x03a609b3) x19 0x0008b860
core   0: 0x80007482 (0x015dde93) srli    t4, s11, 21
core   0: 3 0x80007482 (0x015dde93) x29 0x00000400
core   0: 0x80007486 (0x00001e71) c.addi  t3, -4
core   0: 3 0x80007486 (0x1e71) x28 0x00000000
core   0: 0x80007488 (0x016fe033) or      zero, t6, s6
core   0: 3 0x80007488 (0x016fe033)
core   0: 0x8000748c (0xff9e57e3) bge     t3, s9, pc - 18
core   0: 3 0x8000748c (0xff9e57e3)
core   0: 0x80007490 (0xfccf4ae3) blt     t5, a2, pc - 44
core   0: 3 0x80007490 (0xfccf4ae3)
core   0: 0x80007494 (0x03480233) mul     tp, a6, s4
core   0: 3 0x80007494 (0x03480233) x 4 0x0c000000
core   0: 0x80007498 (0x00000593) li      a1, 0
core   0: 3 0x80007498 (0x00000593) x11 0x00000000
core   0: 0x8000749c (0x01300d93) li      s11, 19
core   0: 3 0x8000749c (0x01300d93) x27 0x00000013
core   0: 0x800074a0 (0x02174633) div     a2, a4, ra
core   0: 3 0x800074a0 (0x02174633) x12 0x00000000
core   0: 0x800074a4 (0x61fd2513) slti    a0, s10, 1567
core   0: 3 0x800074a4 (0x61fd2513) x10 0x00000001
core   0: 0x800074a8 (0x01c4f3b3) and     t2, s1, t3
core   0: 3 0x800074a8 (0x01c4f3b3) x 7 0x00000000
core   0: 0x800074ac (0x00000001) c.nop
core   0: 3 0x800074ac (0x0001)
core   0: 0x800074ae (0x02187eb3) remu    t4, a6, ra
core   0: 3 0x800074ae (0x02187eb3) x29 0x32d04000
core   0: 0x800074b2 (0x0000100f) fence.i
core   0: 3 0x800074b2 (0x0000100f)
core   0: 0x800074b6 (0x000005a5) c.addi  a1, 9
core   0: 3 0x800074b6 (0x05a5) x11 0x00000009
core   0: 0x800074b8 (0x00006fe9) c.lui   t6, 0x1a
core   0: 3 0x800074b8 (0x6fe9) x31 0x0001a000
core   0: 0x800074ba (0xfd92f193) andi    gp, t0, -39
core   0: 3 0x800074ba (0xfd92f193) x 3 0xfffebfc0
core   0: 0x800074be (0x00400413) li      s0, 4
core   0: 3 0x800074be (0x00400413) x 8 0x00000004
core   0: 0x800074c2 (0x8e94c937) lui     s2, 0x8e94c
core   0: 3 0x800074c2 (0x8e94c937) x18 0x8e94c000
core   0: 0x800074c6 (0x00273293) sltiu   t0, a4, 2
core   0: 3 0x800074c6 (0x00273293) x 5 0x00000001
core   0: 0x800074ca (0x00a00813) li      a6, 10
core   0: 3 0x800074ca (0x00a00813) x16 0x0000000a
core   0: 0x800074ce (0x00008cf9) c.and   s1, a4
core   0: 3 0x800074ce (0x8cf9) x 9 0x00000000
core   0: 0x800074d0 (0x00000001) c.nop
core   0: 3 0x800074d0 (0x0001)
core   0: 0x800074d2 (0x00008ef5) c.and   a3, a3
core   0: 3 0x800074d2 (0x8ef5) x13 0xfffebfc0
core   0: 0x800074d4 (0x40545293) srai    t0, s0, 5
core   0: 3 0x800074d4 (0x40545293) x 5 0x00000000
core   0: 0x800074d8 (0x00006a35) c.lui   s4, 0xd
core   0: 3 0x800074d8 (0x6a35) x20 0x0000d000
core   0: 0x800074da (0x00008d59) c.or    a0, a4
core   0: 3 0x800074da (0x8d59) x10 0x00000001
core   0: 0x800074dc (0x03fd8033) mul     zero, s11, t6
core   0: 3 0x800074dc (0x03fd8033)
core   0: 0x800074e0 (0x00001b88) c.addi4spn a0, sp, 496
core   0: 3 0x800074e0 (0x1b88) x10 0x80026ed4
core   0: 0x800074e2 (0x00000429) c.addi  s0, 10
core   0: 3 0x800074e2 (0x0429) x 8 0x0000000e
core   0: 0x800074e4 (0xff046ee3) bltu    s0, a6, pc - 4
core   0: 3 0x800074e4 (0xff046ee3)
core   0: 0x800074e8 (0x019c2733) slt     a4, s8, s9
core   0: 3 0x800074e8 (0x019c2733) x14 0x00000001
core   0: 0x800074ec (0x00000001) c.nop
core   0: 3 0x800074ec (0x0001)
core   0: 0x800074ee (0x023f0eb3) mul     t4, t5, gp
core   0: 3 0x800074ee (0x023f0eb3) x29 0xfff23d40
core   0: 0x800074f2 (0x02618733) mul     a4, gp, t1
core   0: 3 0x800074f2 (0x02618733) x14 0xfe5bac00
core   0: 0x800074f6 (0xfbb5c9e3) blt     a1, s11, pc - 78
core   0: 3 0x800074f6 (0xfbb5c9e3)
core   0: 0x800074a8 (0x01c4f3b3) and     t2, s1, t3
core   0: 3 0x800074a8 (0x01c4f3b3) x 7 0x00000000
core   0: 0x800074ac (0x00000001) c.nop
core   0: 3 0x800074ac (0x0001)
core   0: 0x800074ae (0x02187eb3) remu    t4, a6, ra
core   0: 3 0x800074ae (0x02187eb3) x29 0x0000000a
core   0: 0x800074b2 (0x0000100f) fence.i
core   0: 3 0x800074b2 (0x0000100f)
core   0: 0x800074b6 (0x000005a5) c.addi  a1, 9
core   0: 3 0x800074b6 (0x05a5) x11 0x00000012
core   0: 0x800074b8 (0x00006fe9) c.lui   t6, 0x1a
core   0: 3 0x800074b8 (0x6fe9) x31 0x0001a000
core   0: 0x800074ba (0xfd92f193) andi    gp, t0, -39
core   0: 3 0x800074ba (0xfd92f193) x 3 0x00000000
core   0: 0x800074be (0x00400413) li      s0, 4
core   0: 3 0x800074be (0x00400413) x 8 0x00000004
core   0: 0x800074c2 (0x8e94c937) lui     s2, 0x8e94c
core   0: 3 0x800074c2 (0x8e94c937) x18 0x8e94c000
core   0: 0x800074c6 (0x00273293) sltiu   t0, a4, 2
core   0: 3 0x800074c6 (0x00273293) x 5 0x00000000
core   0: 0x800074ca (0x00a00813) li      a6, 10
core   0: 3 0x800074ca (0x00a00813) x16 0x0000000a
core   0: 0x800074ce (0x00008cf9) c.and   s1, a4
core   0: 3 0x800074ce (0x8cf9) x 9 0x00000000
core   0: 0x800074d0 (0x00000001) c.nop
core   0: 3 0x800074d0 (0x0001)
core   0: 0x800074d2 (0x00008ef5) c.and   a3, a3
core   0: 3 0x800074d2 (0x8ef5) x13 0xfffebfc0
core   0: 0x800074d4 (0x40545293) srai    t0, s0, 5
core   0: 3 0x800074d4 (0x40545293) x 5 0x00000000
core   0: 0x800074d8 (0x00006a35) c.lui   s4, 0xd
core   0: 3 0x800074d8 (0x6a35) x20 0x0000d000
core   0: 0x800074da (0x00008d59) c.or    a0, a4
core   0: 3 0x800074da (0x8d59) x10 0xfe5beed4
core   0: 0x800074dc (0x03fd8033) mul     zero, s11, t6
core   0: 3 0x800074dc (0x03fd8033)
core   0: 0x800074e0 (0x00001b88) c.addi4spn a0, sp, 496
core   0: 3 0x800074e0 (0x1b88) x10 0x80026ed4
core   0: 0x800074e2 (0x00000429) c.addi  s0, 10
core   0: 3 0x800074e2 (0x0429) x 8 0x0000000e
core   0: 0x800074e4 (0xff046ee3) bltu    s0, a6, pc - 4
core   0: 3 0x800074e4 (0xff046ee3)
core   0: 0x800074e8 (0x019c2733) slt     a4, s8, s9
core   0: 3 0x800074e8 (0x019c2733) x14 0x00000001
core   0: 0x800074ec (0x00000001) c.nop
core   0: 3 0x800074ec (0x0001)
core   0: 0x800074ee (0x023f0eb3) mul     t4, t5, gp
core   0: 3 0x800074ee (0x023f0eb3) x29 0x00000000
core   0: 0x800074f2 (0x02618733) mul     a4, gp, t1
core   0: 3 0x800074f2 (0x02618733) x14 0x00000000
core   0: 0x800074f6 (0xfbb5c9e3) blt     a1, s11, pc - 78
core   0: 3 0x800074f6 (0xfbb5c9e3)
core   0: 0x800074a8 (0x01c4f3b3) and     t2, s1, t3
core   0: 3 0x800074a8 (0x01c4f3b3) x 7 0x00000000
core   0: 0x800074ac (0x00000001) c.nop
core   0: 3 0x800074ac (0x0001)
core   0: 0x800074ae (0x02187eb3) remu    t4, a6, ra
core   0: 3 0x800074ae (0x02187eb3) x29 0x0000000a
core   0: 0x800074b2 (0x0000100f) fence.i
core   0: 3 0x800074b2 (0x0000100f)
core   0: 0x800074b6 (0x000005a5) c.addi  a1, 9
core   0: 3 0x800074b6 (0x05a5) x11 0x0000001b
core   0: 0x800074b8 (0x00006fe9) c.lui   t6, 0x1a
core   0: 3 0x800074b8 (0x6fe9) x31 0x0001a000
core   0: 0x800074ba (0xfd92f193) andi    gp, t0, -39
core   0: 3 0x800074ba (0xfd92f193) x 3 0x00000000
core   0: 0x800074be (0x00400413) li      s0, 4
core   0: 3 0x800074be (0x00400413) x 8 0x00000004
core   0: 0x800074c2 (0x8e94c937) lui     s2, 0x8e94c
core   0: 3 0x800074c2 (0x8e94c937) x18 0x8e94c000
core   0: 0x800074c6 (0x00273293) sltiu   t0, a4, 2
core   0: 3 0x800074c6 (0x00273293) x 5 0x00000001
core   0: 0x800074ca (0x00a00813) li      a6, 10
core   0: 3 0x800074ca (0x00a00813) x16 0x0000000a
core   0: 0x800074ce (0x00008cf9) c.and   s1, a4
core   0: 3 0x800074ce (0x8cf9) x 9 0x00000000
core   0: 0x800074d0 (0x00000001) c.nop
core   0: 3 0x800074d0 (0x0001)
core   0: 0x800074d2 (0x00008ef5) c.and   a3, a3
core   0: 3 0x800074d2 (0x8ef5) x13 0xfffebfc0
core   0: 0x800074d4 (0x40545293) srai    t0, s0, 5
core   0: 3 0x800074d4 (0x40545293) x 5 0x00000000
core   0: 0x800074d8 (0x00006a35) c.lui   s4, 0xd
core   0: 3 0x800074d8 (0x6a35) x20 0x0000d000
core   0: 0x800074da (0x00008d59) c.or    a0, a4
core   0: 3 0x800074da (0x8d59) x10 0x80026ed4
core   0: 0x800074dc (0x03fd8033) mul     zero, s11, t6
core   0: 3 0x800074dc (0x03fd8033)
core   0: 0x800074e0 (0x00001b88) c.addi4spn a0, sp, 496
core   0: 3 0x800074e0 (0x1b88) x10 0x80026ed4
core   0: 0x800074e2 (0x00000429) c.addi  s0, 10
core   0: 3 0x800074e2 (0x0429) x 8 0x0000000e
core   0: 0x800074e4 (0xff046ee3) bltu    s0, a6, pc - 4
core   0: 3 0x800074e4 (0xff046ee3)
core   0: 0x800074e8 (0x019c2733) slt     a4, s8, s9
core   0: 3 0x800074e8 (0x019c2733) x14 0x00000001
core   0: 0x800074ec (0x00000001) c.nop
core   0: 3 0x800074ec (0x0001)
core   0: 0x800074ee (0x023f0eb3) mul     t4, t5, gp
core   0: 3 0x800074ee (0x023f0eb3) x29 0x00000000
core   0: 0x800074f2 (0x02618733) mul     a4, gp, t1
core   0: 3 0x800074f2 (0x02618733) x14 0x00000000
core   0: 0x800074f6 (0xfbb5c9e3) blt     a1, s11, pc - 78
core   0: 3 0x800074f6 (0xfbb5c9e3)
core   0: 0x800074fa (0x0304a033) mulhsu  zero, s1, a6
core   0: 3 0x800074fa (0x0304a033)
core   0: 0x800074fe (0xffa00213) li      tp, -6
core   0: 3 0x800074fe (0xffa00213) x 4 0xfffffffa
core   0: 0x80007502 (0x01e54333) xor     t1, a0, t5
core   0: 3 0x80007502 (0x01e54333) x 6 0x80026edf
core   0: 0x80007506 (0x00008451) c.srai  s0, 20
core   0: 3 0x80007506 (0x8451) x 8 0x00000000
core   0: 0x80007508 (0x0391e4b3) rem     s1, gp, s9
core   0: 3 0x80007508 (0x0391e4b3) x 9 0x00000000
core   0: 0x8000750c (0xffe00d93) li      s11, -2
core   0: 3 0x8000750c (0xffe00d93) x27 0xfffffffe
core   0: 0x80007510 (0x76ccdb97) auipc   s7, 0x76ccd
core   0: 3 0x80007510 (0x76ccdb97) x23 0xf6cd4510
core   0: 0x80007514 (0x00000211) c.addi  tp, 4
core   0: 3 0x80007514 (0x0211) x 4 0xfffffffe
core   0: 0x80007516 (0x0179f533) and     a0, s3, s7
core   0: 3 0x80007516 (0x0179f533) x10 0x00080000
core   0: 0x8000751a (0xff700593) li      a1, -9
core   0: 3 0x8000751a (0xff700593) x11 0xfffffff7
core   0: 0x8000751e (0xff900a13) li      s4, -7
core   0: 3 0x8000751e (0xff900a13) x20 0xfffffff9
core   0: 0x80007522 (0x45557c13) andi    s8, a0, 1109
core   0: 3 0x80007522 (0x45557c13) x24 0x00000000
core   0: 0x80007526 (0x02afcc33) div     s8, t6, a0
core   0: 3 0x80007526 (0x02afcc33) x24 0x00000000
core   0: 0x8000752a (0x8f6ddb97) auipc   s7, 0x8f6dd
core   0: 3 0x8000752a (0x8f6ddb97) x23 0x0f6e452a
core   0: 0x8000752e (0x00008c49) c.or    s0, a0
core   0: 3 0x8000752e (0x8c49) x 8 0x00080000
core   0: 0x80007530 (0x00000589) c.addi  a1, 2
core   0: 3 0x80007530 (0x0589) x11 0xfffffff9
core   0: 0x80007532 (0xff4588e3) beq     a1, s4, pc - 16
core   0: 3 0x80007532 (0xff4588e3)
core   0: 0x80007522 (0x45557c13) andi    s8, a0, 1109
core   0: 3 0x80007522 (0x45557c13) x24 0x00000000
core   0: 0x80007526 (0x02afcc33) div     s8, t6, a0
core   0: 3 0x80007526 (0x02afcc33) x24 0x00000000
core   0: 0x8000752a (0x8f6ddb97) auipc   s7, 0x8f6dd
core   0: 3 0x8000752a (0x8f6ddb97) x23 0x0f6e452a
core   0: 0x8000752e (0x00008c49) c.or    s0, a0
core   0: 3 0x8000752e (0x8c49) x 8 0x00080000
core   0: 0x80007530 (0x00000589) c.addi  a1, 2
core   0: 3 0x80007530 (0x0589) x11 0xfffffffb
core   0: 0x80007532 (0xff4588e3) beq     a1, s4, pc - 16
core   0: 3 0x80007532 (0xff4588e3)
core   0: 0x80007536 (0x0ff0000f) fence   iorw,iorw
core   0: 3 0x80007536 (0x0ff0000f)
core   0: 0x8000753a (0x00006f29) c.lui   t5, 0xa
core   0: 3 0x8000753a (0x6f29) x30 0x0000a000
core   0: 0x8000753c (0x0000866a) c.mv    a2, s10
core   0: 3 0x8000753c (0x866a) x12 0x80022e18
core   0: 0x8000753e (0x000086ad) c.srai  a3, 11
core   0: 3 0x8000753e (0x86ad) x13 0xffffffd7
core   0: 0x80007540 (0x00e91c33) sll     s8, s2, a4
core   0: 3 0x80007540 (0x00e91c33) x24 0x8e94c000
core   0: 0x80007544 (0x00c89eb3) sll     t4, a7, a2
core   0: 3 0x80007544 (0x00c89eb3) x29 0x00000000
core   0: 0x80007548 (0x40550e33) sub     t3, a0, t0
core   0: 3 0x80007548 (0x40550e33) x28 0x00080000
core   0: 0x8000754c (0xfdb242e3) blt     tp, s11, pc - 60
core   0: 3 0x8000754c (0xfdb242e3)
core   0: 0x80007550 (0x00311e33) sll     t3, sp, gp
core   0: 3 0x80007550 (0x00311e33) x28 0x80026ce4
core   0: 0x80007554 (0xffc00713) li      a4, -4
core   0: 3 0x80007554 (0xffc00713) x14 0xfffffffc
core   0: 0x80007558 (0x00000001) c.nop
core   0: 3 0x80007558 (0x0001)
core   0: 0x8000755a (0x00000001) c.nop
core   0: 3 0x8000755a (0x0001)
core   0: 0x8000755c (0x63ed4993) xori    s3, s10, 1598
core   0: 3 0x8000755c (0x63ed4993) x19 0x80022826
core   0: 0x80007560 (0x03470a33) mul     s4, a4, s4
core   0: 3 0x80007560 (0x03470a33) x20 0x0000001c
core   0: 0x80007564 (0xa1102813) slti    a6, zero, -1519
core   0: 3 0x80007564 (0xa1102813) x16 0x00000000
core   0: 0x80007568 (0x003370b3) and     ra, t1, gp
core   0: 3 0x80007568 (0x003370b3) x 1 0x00000000
core   0: 0x8000756c (0x00008e05) c.sub   a2, s1
core   0: 3 0x8000756c (0x8e05) x12 0x80022e18
core   0: 0x8000756e (0x000065fd) c.lui   a1, 0x1f
core   0: 3 0x8000756e (0x65fd) x11 0x0001f000
core   0: 0x80007570 (0xfbf53893) sltiu   a7, a0, -65
core   0: 3 0x80007570 (0xfbf53893) x17 0x00000001
core   0: 0x80007574 (0x0000987d) c.andi  s0, -1
core   0: 3 0x80007574 (0x987d) x 8 0x00080000
core   0: 0x80007576 (0x404c0eb3) sub     t4, s8, tp
core   0: 3 0x80007576 (0x404c0eb3) x29 0x8e94c002
core   0: 0x8000757a (0x40435c93) srai    s9, t1, 4
core   0: 3 0x8000757a (0x40435c93) x25 0xf80026ed
core   0: 0x8000757e (0x024060b3) rem     ra, zero, tp
core   0: 3 0x8000757e (0x024060b3) x 1 0x00000000
core   0: 0x80007582 (0x00009afd) c.andi  a3, -1
core   0: 3 0x80007582 (0x9afd) x13 0xffffffd7
core   0: 0x80007584 (0x00000001) c.nop
core   0: 3 0x80007584 (0x0001)
core   0: 0x80007586 (0x02a1efb3) rem     t6, gp, a0
core   0: 3 0x80007586 (0x02a1efb3) x31 0x00000000
core   0: 0x8000758a (0x00000969) c.addi  s2, 26
core   0: 3 0x8000758a (0x0969) x18 0x8e94c01a
core   0: 0x8000758c (0x0000187d) c.addi  a6, -1
core   0: 3 0x8000758c (0x187d) x16 0xffffffff
core   0: 0x8000758e (0x000081dd) c.srli  a1, 23
core   0: 3 0x8000758e (0x81dd) x11 0x00000000
core   0: 0x80007590 (0x03b7ecb3) rem     s9, a5, s11
core   0: 3 0x80007590 (0x03b7ecb3) x25 0x00000000
core   0: 0x80007594 (0x00000711) c.addi  a4, 4
core   0: 3 0x80007594 (0x0711) x14 0x00000000
core   0: 0x80007596 (0x008ada33) srl     s4, s5, s0
core   0: 3 0x80007596 (0x008ada33) x20 0x10000000
core   0: 0x8000759a (0x4131d333) sra     t1, gp, s3
core   0: 3 0x8000759a (0x4131d333) x 6 0x00000000
core   0: 0x8000759e (0xc66ccb13) xori    s6, s9, -922
core   0: 3 0x8000759e (0xc66ccb13) x22 0xfffffc66
core   0: 0x800075a2 (0x0000818d) c.srli  a1, 3
core   0: 3 0x800075a2 (0x818d) x11 0x00000000
core   0: 0x800075a4 (0x0000d775) c.beqz  a4, pc - 20
core   0: 3 0x800075a4 (0xd775)
core   0: 0x80007590 (0x03b7ecb3) rem     s9, a5, s11
core   0: 3 0x80007590 (0x03b7ecb3) x25 0x00000000
core   0: 0x80007594 (0x00000711) c.addi  a4, 4
core   0: 3 0x80007594 (0x0711) x14 0x00000004
core   0: 0x80007596 (0x008ada33) srl     s4, s5, s0
core   0: 3 0x80007596 (0x008ada33) x20 0x10000000
core   0: 0x8000759a (0x4131d333) sra     t1, gp, s3
core   0: 3 0x8000759a (0x4131d333) x 6 0x00000000
core   0: 0x8000759e (0xc66ccb13) xori    s6, s9, -922
core   0: 3 0x8000759e (0xc66ccb13) x22 0xfffffc66
core   0: 0x800075a2 (0x0000818d) c.srli  a1, 3
core   0: 3 0x800075a2 (0x818d) x11 0x00000000
core   0: 0x800075a4 (0x0000d775) c.beqz  a4, pc - 20
core   0: 3 0x800075a4 (0xd775)
core   0: 0x800075a6 (0x00008e59) c.or    a2, a4
core   0: 3 0x800075a6 (0x8e59) x12 0x80022e1c
core   0: 0x800075a8 (0x00700613) li      a2, 7
core   0: 3 0x800075a8 (0x00700613) x12 0x00000007
core   0: 0x800075ac (0x0000100f) fence.i
core   0: 3 0x800075ac (0x0000100f)
core   0: 0x800075b0 (0x01400313) li      t1, 20
core   0: 3 0x800075b0 (0x01400313) x 6 0x00000014
core   0: 0x800075b4 (0x000013fd) c.addi  t2, -1
core   0: 3 0x800075b4 (0x13fd) x 7 0xffffffff
core   0: 0x800075b6 (0x01cc0cb3) add     s9, s8, t3
core   0: 3 0x800075b6 (0x01cc0cb3) x25 0x0e972ce4
core   0: 0x800075ba (0x41f8d413) srai    s0, a7, 31
core   0: 3 0x800075ba (0x41f8d413) x 8 0x00000000
core   0: 0x800075be (0x000093d2) c.add   t2, s4
core   0: 3 0x800075be (0x93d2) x 7 0x0fffffff
core   0: 0x800075c0 (0x00e826b3) slt     a3, a6, a4
core   0: 3 0x800075c0 (0x00e826b3) x13 0x00000001
core   0: 0x800075c4 (0x00dcc8b3) xor     a7, s9, a3
core   0: 3 0x800075c4 (0x00dcc8b3) x17 0x0e972ce5
core   0: 0x800075c8 (0x2b622513) slti    a0, tp, 694
core   0: 3 0x800075c8 (0x2b622513) x10 0x00000001
core   0: 0x800075cc (0x02285733) divu    a4, a6, sp
core   0: 3 0x800075cc (0x02285733) x14 0x00000001
core   0: 0x800075d0 (0x00008359) c.srli  a4, 22
core   0: 3 0x800075d0 (0x8359) x14 0x00000000
core   0: 0x800075d2 (0x00006f71) c.lui   t5, 0x1c
core   0: 3 0x800075d2 (0x6f71) x30 0x0001c000
core   0: 0x800075d4 (0x000096c6) c.add   a3, a7
core   0: 3 0x800075d4 (0x96c6) x13 0x0e972ce6
core   0: 0x800075d6 (0x00000605) c.addi  a2, 1
core   0: 3 0x800075d6 (0x0605) x12 0x00000008
core   0: 0x800075d8 (0x771fe513) ori     a0, t6, 1905
core   0: 3 0x800075d8 (0x771fe513) x10 0x00000771
core   0: 0x800075dc (0x00006929) c.lui   s2, 0xa
core   0: 3 0x800075dc (0x6929) x18 0x0000a000
core   0: 0x800075de (0x03674833) div     a6, a4, s6
core   0: 3 0x800075de (0x03674833) x16 0x00000000
core   0: 0x800075e2 (0x1fbd7f13) andi    t5, s10, 507
core   0: 3 0x800075e2 (0x1fbd7f13) x30 0x00000018
core   0: 0x800075e6 (0x84ee4b13) xori    s6, t3, -1970
core   0: 3 0x800075e6 (0x84ee4b13) x22 0x7ffd94aa
core   0: 0x800075ea (0x000080fd) c.srli  s1, 31
core   0: 3 0x800075ea (0x80fd) x 9 0x00000000
core   0: 0x800075ec (0xdd3d0b13) addi    s6, s10, -557
core   0: 3 0x800075ec (0xdd3d0b13) x22 0x80022beb
core   0: 0x800075f0 (0x41c5de33) sra     t3, a1, t3
core   0: 3 0x800075f0 (0x41c5de33) x28 0x00000000
core   0: 0x800075f4 (0x01e41933) sll     s2, s0, t5
core   0: 3 0x800075f4 (0x01e41933) x18 0x00000000
core   0: 0x800075f8 (0x00000001) c.nop
core   0: 3 0x800075f8 (0x0001)
core   0: 0x800075fa (0x00008c41) c.or    s0, s0
core   0: 3 0x800075fa (0x8c41) x 8 0x00000000
core   0: 0x800075fc (0xfc6608e3) beq     a2, t1, pc - 48
core   0: 3 0x800075fc (0xfc6608e3)
core   0: 0x80007600 (0x0172feb3) and     t4, t0, s7
core   0: 3 0x80007600 (0x0172feb3) x29 0x00000000
core   0: 0x80007604 (0x00800693) li      a3, 8
core   0: 3 0x80007604 (0x00800693) x13 0x00000008
core   0: 0x80007608 (0x00008e7d) c.and   a2, a5
core   0: 3 0x80007608 (0x8e7d) x12 0x00000000
core   0: 0x8000760a (0x00d61c13) slli    s8, a2, 13
core   0: 3 0x8000760a (0x00d61c13) x24 0x00000000
core   0: 0x8000760e (0x02919333) mulh    t1, gp, s1
core   0: 3 0x8000760e (0x02919333) x 6 0x00000000
core   0: 0x80007612 (0x00800c93) li      s9, 8
core   0: 3 0x80007612 (0x00800c93) x25 0x00000008
core   0: 0x80007616 (0x031bc733) div     a4, s7, a7
core   0: 3 0x80007616 (0x031bc733) x14 0x00000001
core   0: 0x8000761a (0x00008e39) c.xor   a2, a4
core   0: 3 0x8000761a (0x8e39) x12 0x00000001
core   0: 0x8000761c (0x0000987d) c.andi  s0, -1
core   0: 3 0x8000761c (0x987d) x 8 0x00000000
core   0: 0x8000761e (0x000016e9) c.addi  a3, -6
core   0: 3 0x8000761e (0x16e9) x13 0x00000002
core   0: 0x80007620 (0x026c2333) mulhsu  t1, s8, t1
core   0: 3 0x80007620 (0x026c2333) x 6 0x00000000
core   0: 0x80007624 (0xff96fce3) bgeu    a3, s9, pc - 8
core   0: 3 0x80007624 (0xff96fce3)
core   0: 0x80007628 (0x00000001) c.nop
core   0: 3 0x80007628 (0x0001)
core   0: 0x8000762a (0x00a00313) li      t1, 10
core   0: 3 0x8000762a (0x00a00313) x 6 0x0000000a
core   0: 0x8000762e (0x00900493) li      s1, 9
core   0: 3 0x8000762e (0x00900493) x 9 0x00000009
core   0: 0x80007632 (0x031ec633) div     a2, t4, a7
core   0: 3 0x80007632 (0x031ec633) x12 0x00000000
core   0: 0x80007636 (0x0000137d) c.addi  t1, -1
core   0: 3 0x80007636 (0x137d) x 6 0x00000009
core   0: 0x80007638 (0x00a00e13) li      t3, 10
core   0: 3 0x80007638 (0x00a00e13) x28 0x0000000a
core   0: 0x8000763c (0x00e00813) li      a6, 14
core   0: 3 0x8000763c (0x00e00813) x16 0x0000000e
core   0: 0x80007640 (0xcc1f7a97) auipc   s5, 0xcc1f7
core   0: 3 0x80007640 (0xcc1f7a97) x21 0x4c1fe640
core   0: 0x80007644 (0x00000e29) c.addi  t3, 10
core   0: 3 0x80007644 (0x0e29) x28 0x00000014
core   0: 0x80007646 (0xff0e4de3) blt     t3, a6, pc - 6
core   0: 3 0x80007646 (0xff0e4de3)
core   0: 0x8000764a (0xfe9374e3) bgeu    t1, s1, pc - 24
core   0: 3 0x8000764a (0xfe9374e3)
core   0: 0x80007632 (0x031ec633) div     a2, t4, a7
core   0: 3 0x80007632 (0x031ec633) x12 0x00000000
core   0: 0x80007636 (0x0000137d) c.addi  t1, -1
core   0: 3 0x80007636 (0x137d) x 6 0x00000008
core   0: 0x80007638 (0x00a00e13) li      t3, 10
core   0: 3 0x80007638 (0x00a00e13) x28 0x0000000a
core   0: 0x8000763c (0x00e00813) li      a6, 14
core   0: 3 0x8000763c (0x00e00813) x16 0x0000000e
core   0: 0x80007640 (0xcc1f7a97) auipc   s5, 0xcc1f7
core   0: 3 0x80007640 (0xcc1f7a97) x21 0x4c1fe640
core   0: 0x80007644 (0x00000e29) c.addi  t3, 10
core   0: 3 0x80007644 (0x0e29) x28 0x00000014
core   0: 0x80007646 (0xff0e4de3) blt     t3, a6, pc - 6
core   0: 3 0x80007646 (0xff0e4de3)
core   0: 0x8000764a (0xfe9374e3) bgeu    t1, s1, pc - 24
core   0: 3 0x8000764a (0xfe9374e3)
core   0: 0x8000764e (0x00000001) c.nop
core   0: 3 0x8000764e (0x0001)
core   0: 0x80007650 (0xffb00693) li      a3, -5
core   0: 3 0x80007650 (0xffb00693) x13 0xfffffffb
core   0: 0x80007654 (0x000085f5) c.srai  a1, 29
core   0: 3 0x80007654 (0x85f5) x11 0x00000000
core   0: 0x80007656 (0x03071ab3) mulh    s5, a4, a6
core   0: 3 0x80007656 (0x03071ab3) x21 0x00000000
core   0: 0x8000765a (0x02113533) mulhu   a0, sp, ra
core   0: 3 0x8000765a (0x02113533) x10 0x00000000
core   0: 0x8000765e (0x01567333) and     t1, a2, s5
core   0: 3 0x8000765e (0x01567333) x 6 0x00000000
core   0: 0x80007662 (0x010cecb3) or      s9, s9, a6
core   0: 3 0x80007662 (0x010cecb3) x25 0x0000000e
core   0: 0x80007666 (0x00b00913) li      s2, 11
core   0: 3 0x80007666 (0x00b00913) x18 0x0000000b
core   0: 0x8000766a (0x00000001) c.nop
core   0: 3 0x8000766a (0x0001)
core   0: 0x8000766c (0x02be5033) divu    zero, t3, a1
core   0: 3 0x8000766c (0x02be5033)
core   0: 0x80007670 (0x01376db3) or      s11, a4, s3
core   0: 3 0x80007670 (0x01376db3) x27 0x80022827
core   0: 0x80007674 (0xe3aea393) slti    t2, t4, -454
core   0: 3 0x80007674 (0xe3aea393) x 7 0x00000000
core   0: 0x80007678 (0x010e68b3) or      a7, t3, a6
core   0: 3 0x80007678 (0x010e68b3) x17 0x0000001e
core   0: 0x8000767c (0x00008019) c.srli  s0, 6
core   0: 3 0x8000767c (0x8019) x 8 0x00000000
core   0: 0x8000767e (0x02a57eb3) remu    t4, a0, a0
core   0: 3 0x8000767e (0x02a57eb3) x29 0x00000000
core   0: 0x80007682 (0x0320a533) mulhsu  a0, ra, s2
core   0: 3 0x80007682 (0x0320a533) x10 0x00000000
core   0: 0x80007686 (0x000006a5) c.addi  a3, 9
core   0: 3 0x80007686 (0x06a5) x13 0x00000004
core   0: 0x80007688 (0x00470433) add     s0, a4, tp
core   0: 3 0x80007688 (0x00470433) x 8 0xffffffff
core   0: 0x8000768c (0xd3e63e97) auipc   t4, 0xd3e63
core   0: 3 0x8000768c (0xd3e63e97) x29 0x53e6a68c
core   0: 0x80007690 (0x0000661d) c.lui   a2, 0x7
core   0: 3 0x80007690 (0x661d) x12 0x00007000
core   0: 0x80007692 (0xff26e3e3) bltu    a3, s2, pc - 26
core   0: 3 0x80007692 (0xff26e3e3)
core   0: 0x80007678 (0x010e68b3) or      a7, t3, a6
core   0: 3 0x80007678 (0x010e68b3) x17 0x0000001e
core   0: 0x8000767c (0x00008019) c.srli  s0, 6
core   0: 3 0x8000767c (0x8019) x 8 0x03ffffff
core   0: 0x8000767e (0x02a57eb3) remu    t4, a0, a0
core   0: 3 0x8000767e (0x02a57eb3) x29 0x00000000
core   0: 0x80007682 (0x0320a533) mulhsu  a0, ra, s2
core   0: 3 0x80007682 (0x0320a533) x10 0x00000000
core   0: 0x80007686 (0x000006a5) c.addi  a3, 9
core   0: 3 0x80007686 (0x06a5) x13 0x0000000d
core   0: 0x80007688 (0x00470433) add     s0, a4, tp
core   0: 3 0x80007688 (0x00470433) x 8 0xffffffff
core   0: 0x8000768c (0xd3e63e97) auipc   t4, 0xd3e63
core   0: 3 0x8000768c (0xd3e63e97) x29 0x53e6a68c
core   0: 0x80007690 (0x0000661d) c.lui   a2, 0x7
core   0: 3 0x80007690 (0x661d) x12 0x00007000
core   0: 0x80007692 (0xff26e3e3) bltu    a3, s2, pc - 26
core   0: 3 0x80007692 (0xff26e3e3)
core   0: 0x80007696 (0xe9328c93) addi    s9, t0, -365
core   0: 3 0x80007696 (0xe9328c93) x25 0xfffffe93
core   0: 0x8000769a (0x00a00993) li      s3, 10
core   0: 3 0x8000769a (0x00a00993) x19 0x0000000a
core   0: 0x8000769e (0x40bf0ab3) sub     s5, t5, a1
core   0: 3 0x8000769e (0x40bf0ab3) x21 0x00000018
core   0: 0x800076a2 (0x00500093) li      ra, 5
core   0: 3 0x800076a2 (0x00500093) x 1 0x00000005
core   0: 0x800076a6 (0xe9982a93) slti    s5, a6, -359
core   0: 3 0x800076a6 (0xe9982a93) x21 0x00000000
core   0: 0x800076aa (0x000080dd) c.srli  s1, 23
core   0: 3 0x800076aa (0x80dd) x 9 0x00000000
core   0: 0x800076ac (0x000019f9) c.addi  s3, -2
core   0: 3 0x800076ac (0x19f9) x19 0x00000008
core   0: 0x800076ae (0x034f12b3) mulh    t0, t5, s4
core   0: 3 0x800076ae (0x034f12b3) x 5 0x00000001
core   0: 0x800076b2 (0x00000a13) li      s4, 0
core   0: 3 0x800076b2 (0x00000a13) x20 0x00000000
core   0: 0x800076b6 (0xfec00f13) li      t5, -20
core   0: 3 0x800076b6 (0xfec00f13) x30 0xffffffec
core   0: 0x800076ba (0xa7276713) ori     a4, a4, -1422
core   0: 3 0x800076ba (0xa7276713) x14 0xfffffa73
core   0: 0x800076be (0x01ecf333) and     t1, s9, t5
core   0: 3 0x800076be (0x01ecf333) x 6 0xfffffe80
core   0: 0x800076c2 (0x000084a5) c.srai  s1, 9
core   0: 3 0x800076c2 (0x84a5) x 9 0x00000000
core   0: 0x800076c4 (0x00008f19) c.sub   a4, a4
core   0: 3 0x800076c4 (0x8f19) x14 0x00000000
core   0: 0x800076c6 (0x000086cd) c.srai  a3, 19
core   0: 3 0x800076c6 (0x86cd) x13 0x00000000
core   0: 0x800076c8 (0x01d2f333) and     t1, t0, t4
core   0: 3 0x800076c8 (0x01d2f333) x 6 0x00000000
core   0: 0x800076cc (0x00001a6d) c.addi  s4, -5
core   0: 3 0x800076cc (0x1a6d) x20 0xfffffffb
core   0: 0x800076ce (0x000081ad) c.srli  a1, 11
core   0: 3 0x800076ce (0x81ad) x11 0x00000000
core   0: 0x800076d0 (0x0397d5b3) divu    a1, a5, s9
core   0: 3 0x800076d0 (0x0397d5b3) x11 0x00000000
core   0: 0x800076d4 (0x00000001) c.nop
core   0: 3 0x800076d4 (0x0001)
core   0: 0x800076d6 (0x411b5193) srai    gp, s6, 17
core   0: 3 0x800076d6 (0x411b5193) x 3 0xffffc001
core   0: 0x800076da (0xffea12e3) bne     s4, t5, pc - 28
core   0: 3 0x800076da (0xffea12e3)
core   0: 0x800076be (0x01ecf333) and     t1, s9, t5
core   0: 3 0x800076be (0x01ecf333) x 6 0xfffffe80
core   0: 0x800076c2 (0x000084a5) c.srai  s1, 9
core   0: 3 0x800076c2 (0x84a5) x 9 0x00000000
core   0: 0x800076c4 (0x00008f19) c.sub   a4, a4
core   0: 3 0x800076c4 (0x8f19) x14 0x00000000
core   0: 0x800076c6 (0x000086cd) c.srai  a3, 19
core   0: 3 0x800076c6 (0x86cd) x13 0x00000000
core   0: 0x800076c8 (0x01d2f333) and     t1, t0, t4
core   0: 3 0x800076c8 (0x01d2f333) x 6 0x00000000
core   0: 0x800076cc (0x00001a6d) c.addi  s4, -5
core   0: 3 0x800076cc (0x1a6d) x20 0xfffffff6
core   0: 0x800076ce (0x000081ad) c.srli  a1, 11
core   0: 3 0x800076ce (0x81ad) x11 0x00000000
core   0: 0x800076d0 (0x0397d5b3) divu    a1, a5, s9
core   0: 3 0x800076d0 (0x0397d5b3) x11 0x00000000
core   0: 0x800076d4 (0x00000001) c.nop
core   0: 3 0x800076d4 (0x0001)
core   0: 0x800076d6 (0x411b5193) srai    gp, s6, 17
core   0: 3 0x800076d6 (0x411b5193) x 3 0xffffc001
core   0: 0x800076da (0xffea12e3) bne     s4, t5, pc - 28
core   0: 3 0x800076da (0xffea12e3)
core   0: 0x800076be (0x01ecf333) and     t1, s9, t5
core   0: 3 0x800076be (0x01ecf333) x 6 0xfffffe80
core   0: 0x800076c2 (0x000084a5) c.srai  s1, 9
core   0: 3 0x800076c2 (0x84a5) x 9 0x00000000
core   0: 0x800076c4 (0x00008f19) c.sub   a4, a4
core   0: 3 0x800076c4 (0x8f19) x14 0x00000000
core   0: 0x800076c6 (0x000086cd) c.srai  a3, 19
core   0: 3 0x800076c6 (0x86cd) x13 0x00000000
core   0: 0x800076c8 (0x01d2f333) and     t1, t0, t4
core   0: 3 0x800076c8 (0x01d2f333) x 6 0x00000000
core   0: 0x800076cc (0x00001a6d) c.addi  s4, -5
core   0: 3 0x800076cc (0x1a6d) x20 0xfffffff1
core   0: 0x800076ce (0x000081ad) c.srli  a1, 11
core   0: 3 0x800076ce (0x81ad) x11 0x00000000
core   0: 0x800076d0 (0x0397d5b3) divu    a1, a5, s9
core   0: 3 0x800076d0 (0x0397d5b3) x11 0x00000000
core   0: 0x800076d4 (0x00000001) c.nop
core   0: 3 0x800076d4 (0x0001)
core   0: 0x800076d6 (0x411b5193) srai    gp, s6, 17
core   0: 3 0x800076d6 (0x411b5193) x 3 0xffffc001
core   0: 0x800076da (0xffea12e3) bne     s4, t5, pc - 28
core   0: 3 0x800076da (0xffea12e3)
core   0: 0x800076be (0x01ecf333) and     t1, s9, t5
core   0: 3 0x800076be (0x01ecf333) x 6 0xfffffe80
core   0: 0x800076c2 (0x000084a5) c.srai  s1, 9
core   0: 3 0x800076c2 (0x84a5) x 9 0x00000000
core   0: 0x800076c4 (0x00008f19) c.sub   a4, a4
core   0: 3 0x800076c4 (0x8f19) x14 0x00000000
core   0: 0x800076c6 (0x000086cd) c.srai  a3, 19
core   0: 3 0x800076c6 (0x86cd) x13 0x00000000
core   0: 0x800076c8 (0x01d2f333) and     t1, t0, t4
core   0: 3 0x800076c8 (0x01d2f333) x 6 0x00000000
core   0: 0x800076cc (0x00001a6d) c.addi  s4, -5
core   0: 3 0x800076cc (0x1a6d) x20 0xffffffec
core   0: 0x800076ce (0x000081ad) c.srli  a1, 11
core   0: 3 0x800076ce (0x81ad) x11 0x00000000
core   0: 0x800076d0 (0x0397d5b3) divu    a1, a5, s9
core   0: 3 0x800076d0 (0x0397d5b3) x11 0x00000000
core   0: 0x800076d4 (0x00000001) c.nop
core   0: 3 0x800076d4 (0x0001)
core   0: 0x800076d6 (0x411b5193) srai    gp, s6, 17
core   0: 3 0x800076d6 (0x411b5193) x 3 0xffffc001
core   0: 0x800076da (0xffea12e3) bne     s4, t5, pc - 28
core   0: 3 0x800076da (0xffea12e3)
core   0: 0x800076de (0x00000001) c.nop
core   0: 3 0x800076de (0x0001)
core   0: 0x800076e0 (0x000099fd) c.andi  a1, -1
core   0: 3 0x800076e0 (0x99fd) x11 0x00000000
core   0: 0x800076e2 (0x0000808d) c.srli  s1, 3
core   0: 3 0x800076e2 (0x808d) x 9 0x00000000
core   0: 0x800076e4 (0xfc19f1e3) bgeu    s3, ra, pc - 62
core   0: 3 0x800076e4 (0xfc19f1e3)
core   0: 0x800076a6 (0xe9982a93) slti    s5, a6, -359
core   0: 3 0x800076a6 (0xe9982a93) x21 0x00000000
core   0: 0x800076aa (0x000080dd) c.srli  s1, 23
core   0: 3 0x800076aa (0x80dd) x 9 0x00000000
core   0: 0x800076ac (0x000019f9) c.addi  s3, -2
core   0: 3 0x800076ac (0x19f9) x19 0x00000006
core   0: 0x800076ae (0x034f12b3) mulh    t0, t5, s4
core   0: 3 0x800076ae (0x034f12b3) x 5 0x00000000
core   0: 0x800076b2 (0x00000a13) li      s4, 0
core   0: 3 0x800076b2 (0x00000a13) x20 0x00000000
core   0: 0x800076b6 (0xfec00f13) li      t5, -20
core   0: 3 0x800076b6 (0xfec00f13) x30 0xffffffec
core   0: 0x800076ba (0xa7276713) ori     a4, a4, -1422
core   0: 3 0x800076ba (0xa7276713) x14 0xfffffa72
core   0: 0x800076be (0x01ecf333) and     t1, s9, t5
core   0: 3 0x800076be (0x01ecf333) x 6 0xfffffe80
core   0: 0x800076c2 (0x000084a5) c.srai  s1, 9
core   0: 3 0x800076c2 (0x84a5) x 9 0x00000000
core   0: 0x800076c4 (0x00008f19) c.sub   a4, a4
core   0: 3 0x800076c4 (0x8f19) x14 0x00000000
core   0: 0x800076c6 (0x000086cd) c.srai  a3, 19
core   0: 3 0x800076c6 (0x86cd) x13 0x00000000
core   0: 0x800076c8 (0x01d2f333) and     t1, t0, t4
core   0: 3 0x800076c8 (0x01d2f333) x 6 0x00000000
core   0: 0x800076cc (0x00001a6d) c.addi  s4, -5
core   0: 3 0x800076cc (0x1a6d) x20 0xfffffffb
core   0: 0x800076ce (0x000081ad) c.srli  a1, 11
core   0: 3 0x800076ce (0x81ad) x11 0x00000000
core   0: 0x800076d0 (0x0397d5b3) divu    a1, a5, s9
core   0: 3 0x800076d0 (0x0397d5b3) x11 0x00000000
core   0: 0x800076d4 (0x00000001) c.nop
core   0: 3 0x800076d4 (0x0001)
core   0: 0x800076d6 (0x411b5193) srai    gp, s6, 17
core   0: 3 0x800076d6 (0x411b5193) x 3 0xffffc001
core   0: 0x800076da (0xffea12e3) bne     s4, t5, pc - 28
core   0: 3 0x800076da (0xffea12e3)
core   0: 0x800076be (0x01ecf333) and     t1, s9, t5
core   0: 3 0x800076be (0x01ecf333) x 6 0xfffffe80
core   0: 0x800076c2 (0x000084a5) c.srai  s1, 9
core   0: 3 0x800076c2 (0x84a5) x 9 0x00000000
core   0: 0x800076c4 (0x00008f19) c.sub   a4, a4
core   0: 3 0x800076c4 (0x8f19) x14 0x00000000
core   0: 0x800076c6 (0x000086cd) c.srai  a3, 19
core   0: 3 0x800076c6 (0x86cd) x13 0x00000000
core   0: 0x800076c8 (0x01d2f333) and     t1, t0, t4
core   0: 3 0x800076c8 (0x01d2f333) x 6 0x00000000
core   0: 0x800076cc (0x00001a6d) c.addi  s4, -5
core   0: 3 0x800076cc (0x1a6d) x20 0xfffffff6
core   0: 0x800076ce (0x000081ad) c.srli  a1, 11
core   0: 3 0x800076ce (0x81ad) x11 0x00000000
core   0: 0x800076d0 (0x0397d5b3) divu    a1, a5, s9
core   0: 3 0x800076d0 (0x0397d5b3) x11 0x00000000
core   0: 0x800076d4 (0x00000001) c.nop
core   0: 3 0x800076d4 (0x0001)
core   0: 0x800076d6 (0x411b5193) srai    gp, s6, 17
core   0: 3 0x800076d6 (0x411b5193) x 3 0xffffc001
core   0: 0x800076da (0xffea12e3) bne     s4, t5, pc - 28
core   0: 3 0x800076da (0xffea12e3)
core   0: 0x800076be (0x01ecf333) and     t1, s9, t5
core   0: 3 0x800076be (0x01ecf333) x 6 0xfffffe80
core   0: 0x800076c2 (0x000084a5) c.srai  s1, 9
core   0: 3 0x800076c2 (0x84a5) x 9 0x00000000
core   0: 0x800076c4 (0x00008f19) c.sub   a4, a4
core   0: 3 0x800076c4 (0x8f19) x14 0x00000000
core   0: 0x800076c6 (0x000086cd) c.srai  a3, 19
core   0: 3 0x800076c6 (0x86cd) x13 0x00000000
core   0: 0x800076c8 (0x01d2f333) and     t1, t0, t4
core   0: 3 0x800076c8 (0x01d2f333) x 6 0x00000000
core   0: 0x800076cc (0x00001a6d) c.addi  s4, -5
core   0: 3 0x800076cc (0x1a6d) x20 0xfffffff1
core   0: 0x800076ce (0x000081ad) c.srli  a1, 11
core   0: 3 0x800076ce (0x81ad) x11 0x00000000
core   0: 0x800076d0 (0x0397d5b3) divu    a1, a5, s9
core   0: 3 0x800076d0 (0x0397d5b3) x11 0x00000000
core   0: 0x800076d4 (0x00000001) c.nop
core   0: 3 0x800076d4 (0x0001)
core   0: 0x800076d6 (0x411b5193) srai    gp, s6, 17
core   0: 3 0x800076d6 (0x411b5193) x 3 0xffffc001
core   0: 0x800076da (0xffea12e3) bne     s4, t5, pc - 28
core   0: 3 0x800076da (0xffea12e3)
core   0: 0x800076be (0x01ecf333) and     t1, s9, t5
core   0: 3 0x800076be (0x01ecf333) x 6 0xfffffe80
core   0: 0x800076c2 (0x000084a5) c.srai  s1, 9
core   0: 3 0x800076c2 (0x84a5) x 9 0x00000000
core   0: 0x800076c4 (0x00008f19) c.sub   a4, a4
core   0: 3 0x800076c4 (0x8f19) x14 0x00000000
core   0: 0x800076c6 (0x000086cd) c.srai  a3, 19
core   0: 3 0x800076c6 (0x86cd) x13 0x00000000
core   0: 0x800076c8 (0x01d2f333) and     t1, t0, t4
core   0: 3 0x800076c8 (0x01d2f333) x 6 0x00000000
core   0: 0x800076cc (0x00001a6d) c.addi  s4, -5
core   0: 3 0x800076cc (0x1a6d) x20 0xffffffec
core   0: 0x800076ce (0x000081ad) c.srli  a1, 11
core   0: 3 0x800076ce (0x81ad) x11 0x00000000
core   0: 0x800076d0 (0x0397d5b3) divu    a1, a5, s9
core   0: 3 0x800076d0 (0x0397d5b3) x11 0x00000000
core   0: 0x800076d4 (0x00000001) c.nop
core   0: 3 0x800076d4 (0x0001)
core   0: 0x800076d6 (0x411b5193) srai    gp, s6, 17
core   0: 3 0x800076d6 (0x411b5193) x 3 0xffffc001
core   0: 0x800076da (0xffea12e3) bne     s4, t5, pc - 28
core   0: 3 0x800076da (0xffea12e3)
core   0: 0x800076de (0x00000001) c.nop
core   0: 3 0x800076de (0x0001)
core   0: 0x800076e0 (0x000099fd) c.andi  a1, -1
core   0: 3 0x800076e0 (0x99fd) x11 0x00000000
core   0: 0x800076e2 (0x0000808d) c.srli  s1, 3
core   0: 3 0x800076e2 (0x808d) x 9 0x00000000
core   0: 0x800076e4 (0xfc19f1e3) bgeu    s3, ra, pc - 62
core   0: 3 0x800076e4 (0xfc19f1e3)
core   0: 0x800076a6 (0xe9982a93) slti    s5, a6, -359
core   0: 3 0x800076a6 (0xe9982a93) x21 0x00000000
core   0: 0x800076aa (0x000080dd) c.srli  s1, 23
core   0: 3 0x800076aa (0x80dd) x 9 0x00000000
core   0: 0x800076ac (0x000019f9) c.addi  s3, -2
core   0: 3 0x800076ac (0x19f9) x19 0x00000004
core   0: 0x800076ae (0x034f12b3) mulh    t0, t5, s4
core   0: 3 0x800076ae (0x034f12b3) x 5 0x00000000
core   0: 0x800076b2 (0x00000a13) li      s4, 0
core   0: 3 0x800076b2 (0x00000a13) x20 0x00000000
core   0: 0x800076b6 (0xfec00f13) li      t5, -20
core   0: 3 0x800076b6 (0xfec00f13) x30 0xffffffec
core   0: 0x800076ba (0xa7276713) ori     a4, a4, -1422
core   0: 3 0x800076ba (0xa7276713) x14 0xfffffa72
core   0: 0x800076be (0x01ecf333) and     t1, s9, t5
core   0: 3 0x800076be (0x01ecf333) x 6 0xfffffe80
core   0: 0x800076c2 (0x000084a5) c.srai  s1, 9
core   0: 3 0x800076c2 (0x84a5) x 9 0x00000000
core   0: 0x800076c4 (0x00008f19) c.sub   a4, a4
core   0: 3 0x800076c4 (0x8f19) x14 0x00000000
core   0: 0x800076c6 (0x000086cd) c.srai  a3, 19
core   0: 3 0x800076c6 (0x86cd) x13 0x00000000
core   0: 0x800076c8 (0x01d2f333) and     t1, t0, t4
core   0: 3 0x800076c8 (0x01d2f333) x 6 0x00000000
core   0: 0x800076cc (0x00001a6d) c.addi  s4, -5
core   0: 3 0x800076cc (0x1a6d) x20 0xfffffffb
core   0: 0x800076ce (0x000081ad) c.srli  a1, 11
core   0: 3 0x800076ce (0x81ad) x11 0x00000000
core   0: 0x800076d0 (0x0397d5b3) divu    a1, a5, s9
core   0: 3 0x800076d0 (0x0397d5b3) x11 0x00000000
core   0: 0x800076d4 (0x00000001) c.nop
core   0: 3 0x800076d4 (0x0001)
core   0: 0x800076d6 (0x411b5193) srai    gp, s6, 17
core   0: 3 0x800076d6 (0x411b5193) x 3 0xffffc001
core   0: 0x800076da (0xffea12e3) bne     s4, t5, pc - 28
core   0: 3 0x800076da (0xffea12e3)
core   0: 0x800076be (0x01ecf333) and     t1, s9, t5
core   0: 3 0x800076be (0x01ecf333) x 6 0xfffffe80
core   0: 0x800076c2 (0x000084a5) c.srai  s1, 9
core   0: 3 0x800076c2 (0x84a5) x 9 0x00000000
core   0: 0x800076c4 (0x00008f19) c.sub   a4, a4
core   0: 3 0x800076c4 (0x8f19) x14 0x00000000
core   0: 0x800076c6 (0x000086cd) c.srai  a3, 19
core   0: 3 0x800076c6 (0x86cd) x13 0x00000000
core   0: 0x800076c8 (0x01d2f333) and     t1, t0, t4
core   0: 3 0x800076c8 (0x01d2f333) x 6 0x00000000
core   0: 0x800076cc (0x00001a6d) c.addi  s4, -5
core   0: 3 0x800076cc (0x1a6d) x20 0xfffffff6
core   0: 0x800076ce (0x000081ad) c.srli  a1, 11
core   0: 3 0x800076ce (0x81ad) x11 0x00000000
core   0: 0x800076d0 (0x0397d5b3) divu    a1, a5, s9
core   0: 3 0x800076d0 (0x0397d5b3) x11 0x00000000
core   0: 0x800076d4 (0x00000001) c.nop
core   0: 3 0x800076d4 (0x0001)
core   0: 0x800076d6 (0x411b5193) srai    gp, s6, 17
core   0: 3 0x800076d6 (0x411b5193) x 3 0xffffc001
core   0: 0x800076da (0xffea12e3) bne     s4, t5, pc - 28
core   0: 3 0x800076da (0xffea12e3)
core   0: 0x800076be (0x01ecf333) and     t1, s9, t5
core   0: 3 0x800076be (0x01ecf333) x 6 0xfffffe80
core   0: 0x800076c2 (0x000084a5) c.srai  s1, 9
core   0: 3 0x800076c2 (0x84a5) x 9 0x00000000
core   0: 0x800076c4 (0x00008f19) c.sub   a4, a4
core   0: 3 0x800076c4 (0x8f19) x14 0x00000000
core   0: 0x800076c6 (0x000086cd) c.srai  a3, 19
core   0: 3 0x800076c6 (0x86cd) x13 0x00000000
core   0: 0x800076c8 (0x01d2f333) and     t1, t0, t4
core   0: 3 0x800076c8 (0x01d2f333) x 6 0x00000000
core   0: 0x800076cc (0x00001a6d) c.addi  s4, -5
core   0: 3 0x800076cc (0x1a6d) x20 0xfffffff1
core   0: 0x800076ce (0x000081ad) c.srli  a1, 11
core   0: 3 0x800076ce (0x81ad) x11 0x00000000
core   0: 0x800076d0 (0x0397d5b3) divu    a1, a5, s9
core   0: 3 0x800076d0 (0x0397d5b3) x11 0x00000000
core   0: 0x800076d4 (0x00000001) c.nop
core   0: 3 0x800076d4 (0x0001)
core   0: 0x800076d6 (0x411b5193) srai    gp, s6, 17
core   0: 3 0x800076d6 (0x411b5193) x 3 0xffffc001
core   0: 0x800076da (0xffea12e3) bne     s4, t5, pc - 28
core   0: 3 0x800076da (0xffea12e3)
core   0: 0x800076be (0x01ecf333) and     t1, s9, t5
core   0: 3 0x800076be (0x01ecf333) x 6 0xfffffe80
core   0: 0x800076c2 (0x000084a5) c.srai  s1, 9
core   0: 3 0x800076c2 (0x84a5) x 9 0x00000000
core   0: 0x800076c4 (0x00008f19) c.sub   a4, a4
core   0: 3 0x800076c4 (0x8f19) x14 0x00000000
core   0: 0x800076c6 (0x000086cd) c.srai  a3, 19
core   0: 3 0x800076c6 (0x86cd) x13 0x00000000
core   0: 0x800076c8 (0x01d2f333) and     t1, t0, t4
core   0: 3 0x800076c8 (0x01d2f333) x 6 0x00000000
core   0: 0x800076cc (0x00001a6d) c.addi  s4, -5
core   0: 3 0x800076cc (0x1a6d) x20 0xffffffec
core   0: 0x800076ce (0x000081ad) c.srli  a1, 11
core   0: 3 0x800076ce (0x81ad) x11 0x00000000
core   0: 0x800076d0 (0x0397d5b3) divu    a1, a5, s9
core   0: 3 0x800076d0 (0x0397d5b3) x11 0x00000000
core   0: 0x800076d4 (0x00000001) c.nop
core   0: 3 0x800076d4 (0x0001)
core   0: 0x800076d6 (0x411b5193) srai    gp, s6, 17
core   0: 3 0x800076d6 (0x411b5193) x 3 0xffffc001
core   0: 0x800076da (0xffea12e3) bne     s4, t5, pc - 28
core   0: 3 0x800076da (0xffea12e3)
core   0: 0x800076de (0x00000001) c.nop
core   0: 3 0x800076de (0x0001)
core   0: 0x800076e0 (0x000099fd) c.andi  a1, -1
core   0: 3 0x800076e0 (0x99fd) x11 0x00000000
core   0: 0x800076e2 (0x0000808d) c.srli  s1, 3
core   0: 3 0x800076e2 (0x808d) x 9 0x00000000
core   0: 0x800076e4 (0xfc19f1e3) bgeu    s3, ra, pc - 62
core   0: 3 0x800076e4 (0xfc19f1e3)
core   0: 0x800076e8 (0x00008d3d) c.xor   a0, a5
core   0: 3 0x800076e8 (0x8d3d) x10 0x00000000
core   0: 0x800076ea (0x00a00513) li      a0, 10
core   0: 3 0x800076ea (0x00a00513) x10 0x0000000a
core   0: 0x800076ee (0x00c00193) li      gp, 12
core   0: 3 0x800076ee (0x00c00193) x 3 0x0000000c
core   0: 0x800076f2 (0x508e7a93) andi    s5, t3, 1288
core   0: 3 0x800076f2 (0x508e7a93) x21 0x00000000
core   0: 0x800076f6 (0x0000050d) c.addi  a0, 3
core   0: 3 0x800076f6 (0x050d) x10 0x0000000d
core   0: 0x800076f8 (0xff800613) li      a2, -8
core   0: 3 0x800076f8 (0xff800613) x12 0xfffffff8
core   0: 0x800076fc (0x00100493) li      s1, 1
core   0: 3 0x800076fc (0x00100493) x 9 0x00000001
core   0: 0x80007700 (0x00008f65) c.and   a4, s1
core   0: 3 0x80007700 (0x8f65) x14 0x00000000
core   0: 0x80007702 (0x0000060d) c.addi  a2, 3
core   0: 3 0x80007702 (0x060d) x12 0xfffffffb
core   0: 0x80007704 (0xfe960ee3) beq     a2, s1, pc - 4
core   0: 3 0x80007704 (0xfe960ee3)
core   0: 0x80007708 (0xfe3545e3) blt     a0, gp, pc - 22
core   0: 3 0x80007708 (0xfe3545e3)
core   0: 0x8000770c (0x00008ddd) c.or    a1, a5
core   0: 3 0x8000770c (0x8ddd) x11 0x00000000
core   0: 0x8000770e (0x00800e93) li      t4, 8
core   0: 3 0x8000770e (0x00800e93) x29 0x00000008
core   0: 0x80007712 (0x00000593) li      a1, 0
core   0: 3 0x80007712 (0x00000593) x11 0x00000000
core   0: 0x80007716 (0x00000001) c.nop
core   0: 3 0x80007716 (0x0001)
core   0: 0x80007718 (0x00000001) c.nop
core   0: 3 0x80007718 (0x0001)
core   0: 0x8000771a (0x02822b33) mulhsu  s6, tp, s0
core   0: 3 0x8000771a (0x02822b33) x22 0xfffffffe
core   0: 0x8000771e (0x00001ee1) c.addi  t4, -8
core   0: 3 0x8000771e (0x1ee1) x29 0x00000000
core   0: 0x80007720 (0x00008ee5) c.and   a3, s1
core   0: 3 0x80007720 (0x8ee5) x13 0x00000000
core   0: 0x80007722 (0x58e68493) addi    s1, a3, 1422
core   0: 3 0x80007722 (0x58e68493) x 9 0x0000058e
core   0: 0x80007726 (0x01d4ebb3) or      s7, s1, t4
core   0: 3 0x80007726 (0x01d4ebb3) x23 0x0000058e
core   0: 0x8000772a (0xdec43613) sltiu   a2, s0, -532
core   0: 3 0x8000772a (0xdec43613) x12 0x00000000
core   0: 0x8000772e (0x43cc2b13) slti    s6, s8, 1084
core   0: 3 0x8000772e (0x43cc2b13) x22 0x00000001
core   0: 0x80007732 (0xfebe83e3) beq     t4, a1, pc - 26
core   0: 3 0x80007732 (0xfebe83e3)
core   0: 0x80007718 (0x00000001) c.nop
core   0: 3 0x80007718 (0x0001)
core   0: 0x8000771a (0x02822b33) mulhsu  s6, tp, s0
core   0: 3 0x8000771a (0x02822b33) x22 0xfffffffe
core   0: 0x8000771e (0x00001ee1) c.addi  t4, -8
core   0: 3 0x8000771e (0x1ee1) x29 0xfffffff8
core   0: 0x80007720 (0x00008ee5) c.and   a3, s1
core   0: 3 0x80007720 (0x8ee5) x13 0x00000000
core   0: 0x80007722 (0x58e68493) addi    s1, a3, 1422
core   0: 3 0x80007722 (0x58e68493) x 9 0x0000058e
core   0: 0x80007726 (0x01d4ebb3) or      s7, s1, t4
core   0: 3 0x80007726 (0x01d4ebb3) x23 0xfffffffe
core   0: 0x8000772a (0xdec43613) sltiu   a2, s0, -532
core   0: 3 0x8000772a (0xdec43613) x12 0x00000000
core   0: 0x8000772e (0x43cc2b13) slti    s6, s8, 1084
core   0: 3 0x8000772e (0x43cc2b13) x22 0x00000001
core   0: 0x80007732 (0xfebe83e3) beq     t4, a1, pc - 26
core   0: 3 0x80007732 (0xfebe83e3)
core   0: 0x80007736 (0x000044e9) c.li    s1, 26
core   0: 3 0x80007736 (0x44e9) x 9 0x0000001a
core   0: 0x80007738 (0x00800713) li      a4, 8
core   0: 3 0x80007738 (0x00800713) x14 0x00000008
core   0: 0x8000773c (0x02a77b33) remu    s6, a4, a0
core   0: 3 0x8000773c (0x02a77b33) x22 0x00000008
core   0: 0x80007740 (0x0169d6b3) srl     a3, s3, s6
core   0: 3 0x80007740 (0x0169d6b3) x13 0x00000000
core   0: 0x80007744 (0x00008d3d) c.xor   a0, a5
core   0: 3 0x80007744 (0x8d3d) x10 0x0000000d
core   0: 0x80007746 (0x01e29a33) sll     s4, t0, t5
core   0: 3 0x80007746 (0x01e29a33) x20 0x00000000
core   0: 0x8000774a (0x00008d25) c.xor   a0, s1
core   0: 3 0x8000774a (0x8d25) x10 0x00000017
core   0: 0x8000774c (0x02f3a933) mulhsu  s2, t2, a5
core   0: 3 0x8000774c (0x02f3a933) x18 0x00000000
core   0: 0x80007750 (0x020fc833) div     a6, t6, zero
core   0: 3 0x80007750 (0x020fc833) x16 0xffffffff
core   0: 0x80007754 (0x4118eb93) ori     s7, a7, 1041
core   0: 3 0x80007754 (0x4118eb93) x23 0x0000041f
core   0: 0x80007758 (0x00008c95) c.sub   s1, a3
core   0: 3 0x80007758 (0x8c95) x 9 0x0000001a
core   0: 0x8000775a (0x00e00193) li      gp, 14
core   0: 3 0x8000775a (0x00e00193) x 3 0x0000000e
core   0: 0x8000775e (0x0ff0000f) fence   iorw,iorw
core   0: 3 0x8000775e (0x0ff0000f)
core   0: 0x80007762 (0x004fb0b3) sltu    ra, t6, tp
core   0: 3 0x80007762 (0x004fb0b3) x 1 0x00000001
core   0: 0x80007766 (0x000068a9) c.lui   a7, 0xa
core   0: 3 0x80007766 (0x68a9) x17 0x0000a000
core   0: 0x80007768 (0x00008595) c.srai  a1, 5
core   0: 3 0x80007768 (0x8595) x11 0x00000000
core   0: 0x8000776a (0x009b5393) srli    t2, s6, 9
core   0: 3 0x8000776a (0x009b5393) x 7 0x00000000
core   0: 0x8000776e (0x02f3d933) divu    s2, t2, a5
core   0: 3 0x8000776e (0x02f3d933) x18 0xffffffff
core   0: 0x80007772 (0x013b42b3) xor     t0, s6, s3
core   0: 3 0x80007772 (0x013b42b3) x 5 0x0000000c
core   0: 0x80007776 (0x00008d89) c.sub   a1, a0
core   0: 3 0x80007776 (0x8d89) x11 0xffffffe9
core   0: 0x80007778 (0x000f14b3) sll     s1, t5, zero
core   0: 3 0x80007778 (0x000f14b3) x 9 0xffffffec
core   0: 0x8000777c (0x00000719) c.addi  a4, 6
core   0: 3 0x8000777c (0x0719) x14 0x0000000e
core   0: 0x8000777e (0x0071cbb3) xor     s7, gp, t2
core   0: 3 0x8000777e (0x0071cbb3) x23 0x0000000e
core   0: 0x80007782 (0xfe3760e3) bltu    a4, gp, pc - 32
core   0: 3 0x80007782 (0xfe3760e3)
core   0: 0x80007786 (0x023a2433) mulhsu  s0, s4, gp
core   0: 3 0x80007786 (0x023a2433) x 8 0x00000000
core   0: 0x8000778a (0x00500193) li      gp, 5
core   0: 3 0x8000778a (0x00500193) x 3 0x00000005
core   0: 0x8000778e (0x60d98037) lui     zero, 0x60d98
core   0: 3 0x8000778e (0x60d98037)
core   0: 0x80007792 (0x00e7c533) xor     a0, a5, a4
core   0: 3 0x80007792 (0x00e7c533) x10 0x0000000e
core   0: 0x80007796 (0x00167533) and     a0, a2, ra
core   0: 3 0x80007796 (0x00167533) x10 0x00000000
core   0: 0x8000779a (0x00000552) c.slli  a0, 20
core   0: 3 0x8000779a (0x0552) x10 0x00000000
core   0: 0x8000779c (0x00000001) c.nop
core   0: 3 0x8000779c (0x0001)
core   0: 0x8000779e (0x5c5cbf93) sltiu   t6, s9, 1477
core   0: 3 0x8000779e (0x5c5cbf93) x31 0x00000000
core   0: 0x800077a2 (0x00006c6d) c.lui   s8, 0x1b
core   0: 3 0x800077a2 (0x6c6d) x24 0x0001b000
core   0: 0x800077a4 (0x021e40b3) div     ra, t3, ra
core   0: 3 0x800077a4 (0x021e40b3) x 1 0x00000014
core   0: 0x800077a8 (0xff300293) li      t0, -13
core   0: 3 0x800077a8 (0xff300293) x 5 0xfffffff3
core   0: 0x800077ac (0x340e2c93) slti    s9, t3, 832
core   0: 3 0x800077ac (0x340e2c93) x25 0x00000001
core   0: 0x800077b0 (0x02055fb3) divu    t6, a0, zero
core   0: 3 0x800077b0 (0x02055fb3) x31 0xffffffff
core   0: 0x800077b4 (0x000011dd) c.addi  gp, -9
core   0: 3 0x800077b4 (0x11dd) x 3 0xfffffffc
core   0: 0x800077b6 (0xfe51dde3) bge     gp, t0, pc - 6
core   0: 3 0x800077b6 (0xfe51dde3)
core   0: 0x800077b0 (0x02055fb3) divu    t6, a0, zero
core   0: 3 0x800077b0 (0x02055fb3) x31 0xffffffff
core   0: 0x800077b4 (0x000011dd) c.addi  gp, -9
core   0: 3 0x800077b4 (0x11dd) x 3 0xfffffff3
core   0: 0x800077b6 (0xfe51dde3) bge     gp, t0, pc - 6
core   0: 3 0x800077b6 (0xfe51dde3)
core   0: 0x800077b0 (0x02055fb3) divu    t6, a0, zero
core   0: 3 0x800077b0 (0x02055fb3) x31 0xffffffff
core   0: 0x800077b4 (0x000011dd) c.addi  gp, -9
core   0: 3 0x800077b4 (0x11dd) x 3 0xffffffea
core   0: 0x800077b6 (0xfe51dde3) bge     gp, t0, pc - 6
core   0: 3 0x800077b6 (0xfe51dde3)
core   0: 0x800077ba (0x09f57693) andi    a3, a0, 159
core   0: 3 0x800077ba (0x09f57693) x13 0x00000000
core   0: 0x800077be (0x00000493) li      s1, 0
core   0: 3 0x800077be (0x00000493) x 9 0x00000000
core   0: 0x800077c2 (0x00900213) li      tp, 9
core   0: 3 0x800077c2 (0x00900213) x 4 0x00000009
core   0: 0x800077c6 (0x03e99933) mulh    s2, s3, t5
core   0: 3 0x800077c6 (0x03e99933) x18 0xffffffff
core   0: 0x800077ca (0x011cd1b3) srl     gp, s9, a7
core   0: 3 0x800077ca (0x011cd1b3) x 3 0x00000001
core   0: 0x800077ce (0x038da0b3) mulhsu  ra, s11, s8
core   0: 3 0x800077ce (0x038da0b3) x 1 0xffff2803
core   0: 0x800077d2 (0x00ad02b3) add     t0, s10, a0
core   0: 3 0x800077d2 (0x00ad02b3) x 5 0x80022e18
core   0: 0x800077d6 (0x00000001) c.nop
core   0: 3 0x800077d6 (0x0001)
core   0: 0x800077d8 (0xe0efaf93) slti    t6, t6, -498
core   0: 3 0x800077d8 (0xe0efaf93) x31 0x00000000
core   0: 0x800077dc (0x0131f8b3) and     a7, gp, s3
core   0: 3 0x800077dc (0x0131f8b3) x17 0x00000000
core   0: 0x800077e0 (0x000004a5) c.addi  s1, 9
core   0: 3 0x800077e0 (0x04a5) x 9 0x00000009
core   0: 0x800077e2 (0x41c5d093) srai    ra, a1, 28
core   0: 3 0x800077e2 (0x41c5d093) x 1 0xffffffff
core   0: 0x800077e6 (0xffa00693) li      a3, -6
core   0: 3 0x800077e6 (0xffa00693) x13 0xfffffffa
core   0: 0x800077ea (0x00204a33) xor     s4, zero, sp
core   0: 3 0x800077ea (0x00204a33) x20 0x80026ce4
core   0: 0x800077ee (0x00000001) c.nop
core   0: 3 0x800077ee (0x0001)
core   0: 0x800077f0 (0x00009b7d) c.andi  a4, -1
core   0: 3 0x800077f0 (0x9b7d) x14 0x0000000e
core   0: 0x800077f2 (0x97702e13) slti    t3, zero, -1673
core   0: 3 0x800077f2 (0x97702e13) x28 0x00000000
core   0: 0x800077f6 (0x02f6c933) div     s2, a3, a5
core   0: 3 0x800077f6 (0x02f6c933) x18 0xffffffff
core   0: 0x800077fa (0x00008d41) c.or    a0, s0
core   0: 3 0x800077fa (0x8d41) x10 0x00000000
core   0: 0x800077fc (0x00000685) c.addi  a3, 1
core   0: 3 0x800077fc (0x0685) x13 0xfffffffb
core   0: 0x800077fe (0x0000faf5) c.bnez  a3, pc - 12
core   0: 3 0x800077fe (0xfaf5)
core   0: 0x800077f2 (0x97702e13) slti    t3, zero, -1673
core   0: 3 0x800077f2 (0x97702e13) x28 0x00000000
core   0: 0x800077f6 (0x02f6c933) div     s2, a3, a5
core   0: 3 0x800077f6 (0x02f6c933) x18 0xffffffff
core   0: 0x800077fa (0x00008d41) c.or    a0, s0
core   0: 3 0x800077fa (0x8d41) x10 0x00000000
core   0: 0x800077fc (0x00000685) c.addi  a3, 1
core   0: 3 0x800077fc (0x0685) x13 0xfffffffc
core   0: 0x800077fe (0x0000faf5) c.bnez  a3, pc - 12
core   0: 3 0x800077fe (0xfaf5)
core   0: 0x800077f2 (0x97702e13) slti    t3, zero, -1673
core   0: 3 0x800077f2 (0x97702e13) x28 0x00000000
core   0: 0x800077f6 (0x02f6c933) div     s2, a3, a5
core   0: 3 0x800077f6 (0x02f6c933) x18 0xffffffff
core   0: 0x800077fa (0x00008d41) c.or    a0, s0
core   0: 3 0x800077fa (0x8d41) x10 0x00000000
core   0: 0x800077fc (0x00000685) c.addi  a3, 1
core   0: 3 0x800077fc (0x0685) x13 0xfffffffd
core   0: 0x800077fe (0x0000faf5) c.bnez  a3, pc - 12
core   0: 3 0x800077fe (0xfaf5)
core   0: 0x800077f2 (0x97702e13) slti    t3, zero, -1673
core   0: 3 0x800077f2 (0x97702e13) x28 0x00000000
core   0: 0x800077f6 (0x02f6c933) div     s2, a3, a5
core   0: 3 0x800077f6 (0x02f6c933) x18 0xffffffff
core   0: 0x800077fa (0x00008d41) c.or    a0, s0
core   0: 3 0x800077fa (0x8d41) x10 0x00000000
core   0: 0x800077fc (0x00000685) c.addi  a3, 1
core   0: 3 0x800077fc (0x0685) x13 0xfffffffe
core   0: 0x800077fe (0x0000faf5) c.bnez  a3, pc - 12
core   0: 3 0x800077fe (0xfaf5)
core   0: 0x800077f2 (0x97702e13) slti    t3, zero, -1673
core   0: 3 0x800077f2 (0x97702e13) x28 0x00000000
core   0: 0x800077f6 (0x02f6c933) div     s2, a3, a5
core   0: 3 0x800077f6 (0x02f6c933) x18 0xffffffff
core   0: 0x800077fa (0x00008d41) c.or    a0, s0
core   0: 3 0x800077fa (0x8d41) x10 0x00000000
core   0: 0x800077fc (0x00000685) c.addi  a3, 1
core   0: 3 0x800077fc (0x0685) x13 0xffffffff
core   0: 0x800077fe (0x0000faf5) c.bnez  a3, pc - 12
core   0: 3 0x800077fe (0xfaf5)
core   0: 0x800077f2 (0x97702e13) slti    t3, zero, -1673
core   0: 3 0x800077f2 (0x97702e13) x28 0x00000000
core   0: 0x800077f6 (0x02f6c933) div     s2, a3, a5
core   0: 3 0x800077f6 (0x02f6c933) x18 0xffffffff
core   0: 0x800077fa (0x00008d41) c.or    a0, s0
core   0: 3 0x800077fa (0x8d41) x10 0x00000000
core   0: 0x800077fc (0x00000685) c.addi  a3, 1
core   0: 3 0x800077fc (0x0685) x13 0x00000000
core   0: 0x800077fe (0x0000faf5) c.bnez  a3, pc - 12
core   0: 3 0x800077fe (0xfaf5)
core   0: 0x80007800 (0xfc44e9e3) bltu    s1, tp, pc - 46
core   0: 3 0x80007800 (0xfc44e9e3)
core   0: 0x80007804 (0x8db30293) addi    t0, t1, -1829
core   0: 3 0x80007804 (0x8db30293) x 5 0xfffff8db
core   0: 0x80007808 (0xffe00693) li      a3, -2
core   0: 3 0x80007808 (0xffe00693) x13 0xfffffffe
core   0: 0x8000780c (0x00008f29) c.xor   a4, a0
core   0: 3 0x8000780c (0x8f29) x14 0x0000000e
core   0: 0x8000780e (0x07efcc13) xori    s8, t6, 126
core   0: 3 0x8000780e (0x07efcc13) x24 0x0000007e
core   0: 0x80007812 (0x00000a62) c.slli  s4, 24
core   0: 3 0x80007812 (0x0a62) x20 0xe4000000
core   0: 0x80007814 (0x00004609) c.li    a2, 2
core   0: 3 0x80007814 (0x4609) x12 0x00000002
core   0: 0x80007816 (0x03201633) mulh    a2, zero, s2
core   0: 3 0x80007816 (0x03201633) x12 0x00000000
core   0: 0x8000781a (0x00300993) li      s3, 3
core   0: 3 0x8000781a (0x00300993) x19 0x00000003
core   0: 0x8000781e (0xab08c937) lui     s2, 0xab08c
core   0: 3 0x8000781e (0xab08c937) x18 0xab08c000
core   0: 0x80007822 (0x00008cb5) c.xor   s1, a3
core   0: 3 0x80007822 (0x8cb5) x 9 0xfffffff7
core   0: 0x80007824 (0x00008f31) c.xor   a4, a2
core   0: 3 0x80007824 (0x8f31) x14 0x0000000e
core   0: 0x80007826 (0x028d5733) divu    a4, s10, s0
core   0: 3 0x80007826 (0x028d5733) x14 0xffffffff
core   0: 0x8000782a (0x021992b3) mulh    t0, s3, ra
core   0: 3 0x8000782a (0x021992b3) x 5 0xffffffff
core   0: 0x8000782e (0x00008d91) c.sub   a1, a2
core   0: 3 0x8000782e (0x8d91) x11 0xffffffe9
core   0: 0x80007830 (0x00008e41) c.or    a2, s0
core   0: 3 0x80007830 (0x8e41) x12 0x00000000
core   0: 0x80007832 (0x02dbd733) divu    a4, s7, a3
core   0: 3 0x80007832 (0x02dbd733) x14 0x00000000
core   0: 0x80007836 (0x0234c033) div     zero, s1, gp
core   0: 3 0x80007836 (0x0234c033)
core   0: 0x8000783a (0x00000689) c.addi  a3, 2
core   0: 3 0x8000783a (0x0689) x13 0x00000000
core   0: 0x8000783c (0x00008e19) c.sub   a2, a4
core   0: 3 0x8000783c (0x8e19) x12 0x00000000
core   0: 0x8000783e (0x00004af9) c.li    s5, 30
core   0: 3 0x8000783e (0x4af9) x21 0x0000001e
core   0: 0x80007840 (0x00d1aeb3) slt     t4, gp, a3
core   0: 3 0x80007840 (0x00d1aeb3) x29 0x00000000
core   0: 0x80007844 (0xc77af713) andi    a4, s5, -905
core   0: 3 0x80007844 (0xc77af713) x14 0x00000016
core   0: 0x80007848 (0x00000001) c.nop
core   0: 3 0x80007848 (0x0001)
core   0: 0x8000784a (0x3b458a13) addi    s4, a1, 948
core   0: 3 0x8000784a (0x3b458a13) x20 0x0000039d
core   0: 0x8000784e (0x00008661) c.srai  a2, 24
core   0: 3 0x8000784e (0x8661) x12 0x00000000
core   0: 0x80007850 (0x000568b3) or      a7, a0, zero
core   0: 3 0x80007850 (0x000568b3) x17 0x00000000
core   0: 0x80007854 (0x00000001) c.nop
core   0: 3 0x80007854 (0x0001)
core   0: 0x80007856 (0x0000100f) fence.i
core   0: 3 0x80007856 (0x0000100f)
core   0: 0x8000785a (0x0374c333) div     t1, s1, s7
core   0: 3 0x8000785a (0x0374c333) x 6 0x00000000
core   0: 0x8000785e (0xfd36c6e3) blt     a3, s3, pc - 52
core   0: 3 0x8000785e (0xfd36c6e3)
core   0: 0x8000782a (0x021992b3) mulh    t0, s3, ra
core   0: 3 0x8000782a (0x021992b3) x 5 0xffffffff
core   0: 0x8000782e (0x00008d91) c.sub   a1, a2
core   0: 3 0x8000782e (0x8d91) x11 0xffffffe9
core   0: 0x80007830 (0x00008e41) c.or    a2, s0
core   0: 3 0x80007830 (0x8e41) x12 0x00000000
core   0: 0x80007832 (0x02dbd733) divu    a4, s7, a3
core   0: 3 0x80007832 (0x02dbd733) x14 0xffffffff
core   0: 0x80007836 (0x0234c033) div     zero, s1, gp
core   0: 3 0x80007836 (0x0234c033)
core   0: 0x8000783a (0x00000689) c.addi  a3, 2
core   0: 3 0x8000783a (0x0689) x13 0x00000002
core   0: 0x8000783c (0x00008e19) c.sub   a2, a4
core   0: 3 0x8000783c (0x8e19) x12 0x00000001
core   0: 0x8000783e (0x00004af9) c.li    s5, 30
core   0: 3 0x8000783e (0x4af9) x21 0x0000001e
core   0: 0x80007840 (0x00d1aeb3) slt     t4, gp, a3
core   0: 3 0x80007840 (0x00d1aeb3) x29 0x00000001
core   0: 0x80007844 (0xc77af713) andi    a4, s5, -905
core   0: 3 0x80007844 (0xc77af713) x14 0x00000016
core   0: 0x80007848 (0x00000001) c.nop
core   0: 3 0x80007848 (0x0001)
core   0: 0x8000784a (0x3b458a13) addi    s4, a1, 948
core   0: 3 0x8000784a (0x3b458a13) x20 0x0000039d
core   0: 0x8000784e (0x00008661) c.srai  a2, 24
core   0: 3 0x8000784e (0x8661) x12 0x00000000
core   0: 0x80007850 (0x000568b3) or      a7, a0, zero
core   0: 3 0x80007850 (0x000568b3) x17 0x00000000
core   0: 0x80007854 (0x00000001) c.nop
core   0: 3 0x80007854 (0x0001)
core   0: 0x80007856 (0x0000100f) fence.i
core   0: 3 0x80007856 (0x0000100f)
core   0: 0x8000785a (0x0374c333) div     t1, s1, s7
core   0: 3 0x8000785a (0x0374c333) x 6 0x00000000
core   0: 0x8000785e (0xfd36c6e3) blt     a3, s3, pc - 52
core   0: 3 0x8000785e (0xfd36c6e3)
core   0: 0x8000782a (0x021992b3) mulh    t0, s3, ra
core   0: 3 0x8000782a (0x021992b3) x 5 0xffffffff
core   0: 0x8000782e (0x00008d91) c.sub   a1, a2
core   0: 3 0x8000782e (0x8d91) x11 0xffffffe9
core   0: 0x80007830 (0x00008e41) c.or    a2, s0
core   0: 3 0x80007830 (0x8e41) x12 0x00000000
core   0: 0x80007832 (0x02dbd733) divu    a4, s7, a3
core   0: 3 0x80007832 (0x02dbd733) x14 0x00000007
core   0: 0x80007836 (0x0234c033) div     zero, s1, gp
core   0: 3 0x80007836 (0x0234c033)
core   0: 0x8000783a (0x00000689) c.addi  a3, 2
core   0: 3 0x8000783a (0x0689) x13 0x00000004
core   0: 0x8000783c (0x00008e19) c.sub   a2, a4
core   0: 3 0x8000783c (0x8e19) x12 0xfffffff9
core   0: 0x8000783e (0x00004af9) c.li    s5, 30
core   0: 3 0x8000783e (0x4af9) x21 0x0000001e
core   0: 0x80007840 (0x00d1aeb3) slt     t4, gp, a3
core   0: 3 0x80007840 (0x00d1aeb3) x29 0x00000001
core   0: 0x80007844 (0xc77af713) andi    a4, s5, -905
core   0: 3 0x80007844 (0xc77af713) x14 0x00000016
core   0: 0x80007848 (0x00000001) c.nop
core   0: 3 0x80007848 (0x0001)
core   0: 0x8000784a (0x3b458a13) addi    s4, a1, 948
core   0: 3 0x8000784a (0x3b458a13) x20 0x0000039d
core   0: 0x8000784e (0x00008661) c.srai  a2, 24
core   0: 3 0x8000784e (0x8661) x12 0xffffffff
core   0: 0x80007850 (0x000568b3) or      a7, a0, zero
core   0: 3 0x80007850 (0x000568b3) x17 0x00000000
core   0: 0x80007854 (0x00000001) c.nop
core   0: 3 0x80007854 (0x0001)
core   0: 0x80007856 (0x0000100f) fence.i
core   0: 3 0x80007856 (0x0000100f)
core   0: 0x8000785a (0x0374c333) div     t1, s1, s7
core   0: 3 0x8000785a (0x0374c333) x 6 0x00000000
core   0: 0x8000785e (0xfd36c6e3) blt     a3, s3, pc - 52
core   0: 3 0x8000785e (0xfd36c6e3)
core   0: 0x80007862 (0x0000100f) fence.i
core   0: 3 0x80007862 (0x0000100f)
core   0: 0x80007866 (0x00300213) li      tp, 3
core   0: 3 0x80007866 (0x00300213) x 4 0x00000003
core   0: 0x8000786a (0xb9515317) auipc   t1, 0xb9515
core   0: 3 0x8000786a (0xb9515317) x 6 0x3951c86a
core   0: 0x8000786e (0x00300393) li      t2, 3
core   0: 3 0x8000786e (0x00300393) x 7 0x00000003
core   0: 0x80007872 (0x00004449) c.li    s0, 18
core   0: 3 0x80007872 (0x4449) x 8 0x00000012
core   0: 0x80007874 (0x001b9093) slli    ra, s7, 1
core   0: 3 0x80007874 (0x001b9093) x 1 0x0000001c
core   0: 0x80007878 (0x03131333) mulh    t1, t1, a7
core   0: 3 0x80007878 (0x03131333) x 6 0x00000000
core   0: 0x8000787c (0x00009ac6) c.add   s5, a7
core   0: 3 0x8000787c (0x9ac6) x21 0x0000001e
core   0: 0x8000787e (0x00001259) c.addi  tp, -10
core   0: 3 0x8000787e (0x1259) x 4 0xfffffff9
core   0: 0x80007880 (0x0000987d) c.andi  s0, -1
core   0: 3 0x80007880 (0x987d) x 8 0x00000012
core   0: 0x80007882 (0x00600513) li      a0, 6
core   0: 3 0x80007882 (0x00600513) x10 0x00000006
core   0: 0x80007886 (0x023cc333) div     t1, s9, gp
core   0: 3 0x80007886 (0x023cc333) x 6 0x00000001
core   0: 0x8000788a (0x00f00813) li      a6, 15
core   0: 3 0x8000788a (0x00f00813) x16 0x0000000f
core   0: 0x8000788e (0x00000001) c.nop
core   0: 3 0x8000788e (0x0001)
core   0: 0x80007890 (0x0000050d) c.addi  a0, 3
core   0: 3 0x80007890 (0x050d) x10 0x00000009
core   0: 0x80007892 (0x0201cbb3) div     s7, gp, zero
core   0: 3 0x80007892 (0x0201cbb3) x23 0xffffffff
core   0: 0x80007896 (0xff050ce3) beq     a0, a6, pc - 8
core   0: 3 0x80007896 (0xff050ce3)
core   0: 0x8000789a (0x010fc4b3) xor     s1, t6, a6
core   0: 3 0x8000789a (0x010fc4b3) x 9 0x0000000f
core   0: 0x8000789e (0xfc725ae3) bge     tp, t2, pc - 44
core   0: 3 0x8000789e (0xfc725ae3)
core   0: 0x800078a2 (0x000004ee) c.slli  s1, 27
core   0: 3 0x800078a2 (0x04ee) x 9 0x78000000
core   0: 0x800078a4 (0xff800713) li      a4, -8
core   0: 3 0x800078a4 (0xff800713) x14 0xfffffff8
core   0: 0x800078a8 (0x00400d93) li      s11, 4
core   0: 3 0x800078a8 (0x00400d93) x27 0x00000004
core   0: 0x800078ac (0x02168433) mul     s0, a3, ra
core   0: 3 0x800078ac (0x02168433) x 8 0x00000070
core   0: 0x800078b0 (0x00008299) c.srli  a3, 6
core   0: 3 0x800078b0 (0x8299) x13 0x00000000
core   0: 0x800078b2 (0x416e0633) sub     a2, t3, s6
core   0: 3 0x800078b2 (0x416e0633) x12 0xfffffff8
core   0: 0x800078b6 (0x01b09813) slli    a6, ra, 27
core   0: 3 0x800078b6 (0x01b09813) x16 0xe0000000
core   0: 0x800078ba (0xee7eb493) sltiu   s1, t4, -281
core   0: 3 0x800078ba (0xee7eb493) x 9 0x00000001
core   0: 0x800078be (0x66bebe13) sltiu   t3, t4, 1643
core   0: 3 0x800078be (0x66bebe13) x28 0x00000001
core   0: 0x800078c2 (0x00004829) c.li    a6, 10
core   0: 3 0x800078c2 (0x4829) x16 0x0000000a
core   0: 0x800078c4 (0x03cf3fb3) mulhu   t6, t5, t3
core   0: 3 0x800078c4 (0x03cf3fb3) x31 0x00000000
core   0: 0x800078c8 (0x01d0c933) xor     s2, ra, t4
core   0: 3 0x800078c8 (0x01d0c933) x18 0x0000001d
core   0: 0x800078cc (0x410a0c33) sub     s8, s4, a6
core   0: 3 0x800078cc (0x410a0c33) x24 0x00000393
core   0: 0x800078d0 (0x02a60eb3) mul     t4, a2, a0
core   0: 3 0x800078d0 (0x02a60eb3) x29 0xffffffb8
core   0: 0x800078d4 (0x00008c1d) c.sub   s0, a5
core   0: 3 0x800078d4 (0x8c1d) x 8 0x00000070
core   0: 0x800078d6 (0x00000719) c.addi  a4, 6
core   0: 3 0x800078d6 (0x0719) x14 0xfffffffe
core   0: 0x800078d8 (0x00008e95) c.sub   a3, a3
core   0: 3 0x800078d8 (0x8e95) x13 0x00000000
core   0: 0x800078da (0x00f451b3) srl     gp, s0, a5
core   0: 3 0x800078da (0x00f451b3) x 3 0x00000070
core   0: 0x800078de (0x00999393) slli    t2, s3, 9
core   0: 3 0x800078de (0x00999393) x 7 0x00000600
core   0: 0x800078e2 (0xf64ace93) xori    t4, s5, -156
core   0: 3 0x800078e2 (0xf64ace93) x29 0xffffff7a
core   0: 0x800078e6 (0xd57fe637) lui     a2, 0xd57fe
core   0: 3 0x800078e6 (0xd57fe637) x12 0xd57fe000
core   0: 0x800078ea (0x41fb0533) sub     a0, s6, t6
core   0: 3 0x800078ea (0x41fb0533) x10 0x00000008
core   0: 0x800078ee (0xf0412013) slti    zero, sp, -252
core   0: 3 0x800078ee (0xf0412013)
core   0: 0x800078f2 (0xa86dc393) xori    t2, s11, -1402
core   0: 3 0x800078f2 (0xa86dc393) x 7 0xfffffa82
core   0: 0x800078f6 (0x00008ea9) c.xor   a3, a0
core   0: 3 0x800078f6 (0x8ea9) x13 0x00000008
core   0: 0x800078f8 (0x902e2193) slti    gp, t3, -1790
core   0: 3 0x800078f8 (0x902e2193) x 3 0x00000000
core   0: 0x800078fc (0xfdb70ce3) beq     a4, s11, pc - 40
core   0: 3 0x800078fc (0xfdb70ce3)
core   0: 0x80007900 (0x00008585) c.srai  a1, 1
core   0: 3 0x80007900 (0x8585) x11 0xfffffff4
core   0: 0x80007902 (0x00300b93) li      s7, 3
core   0: 3 0x80007902 (0x00300b93) x23 0x00000003
core   0: 0x80007906 (0x00004e7d) c.li    t3, 31
core   0: 3 0x80007906 (0x4e7d) x28 0x0000001f
core   0: 0x80007908 (0x805f2713) slti    a4, t5, -2043
core   0: 3 0x80007908 (0x805f2713) x14 0x00000000
core   0: 0x8000790c (0x00000001) c.nop
core   0: 3 0x8000790c (0x0001)
core   0: 0x8000790e (0x0176afb3) slt     t6, a3, s7
core   0: 3 0x8000790e (0x0176afb3) x31 0x00000000
core   0: 0x80007912 (0x404ada33) sra     s4, s5, tp
core   0: 3 0x80007912 (0x404ada33) x20 0x00000000
core   0: 0x80007916 (0x01375e93) srli    t4, a4, 19
core   0: 3 0x80007916 (0x01375e93) x29 0x00000000
core   0: 0x8000791a (0x00300313) li      t1, 3
core   0: 3 0x8000791a (0x00300313) x 6 0x00000003
core   0: 0x8000791e (0x00008c45) c.or    s0, s1
core   0: 3 0x8000791e (0x8c45) x 8 0x00000071
core   0: 0x80007920 (0x00000001) c.nop
core   0: 3 0x80007920 (0x0001)
core   0: 0x80007922 (0x01177233) and     tp, a4, a7
core   0: 3 0x80007922 (0x01177233) x 4 0x00000000
core   0: 0x80007926 (0x001a19b3) sll     s3, s4, ra
core   0: 3 0x80007926 (0x001a19b3) x19 0x00000000
core   0: 0x8000792a (0x00000001) c.nop
core   0: 3 0x8000792a (0x0001)
core   0: 0x8000792c (0x01c69a13) slli    s4, a3, 28
core   0: 3 0x8000792c (0x01c69a13) x20 0x80000000
core   0: 0x80007930 (0x0000127d) c.addi  tp, -1
core   0: 3 0x80007930 (0x127d) x 4 0xffffffff
core   0: 0x80007932 (0x004354b3) srl     s1, t1, tp
core   0: 3 0x80007932 (0x004354b3) x 9 0x00000000
core   0: 0x80007936 (0x0261f733) remu    a4, gp, t1
core   0: 3 0x80007936 (0x0261f733) x14 0x00000000
core   0: 0x8000793a (0x000011fd) c.addi  gp, -1
core   0: 3 0x8000793a (0x11fd) x 3 0xffffffff
core   0: 0x8000793c (0x40be0cb3) sub     s9, t3, a1
core   0: 3 0x8000793c (0x40be0cb3) x25 0x0000002b
core   0: 0x80007940 (0x00001bf9) c.addi  s7, -2
core   0: 3 0x80007940 (0x1bf9) x23 0x00000001
core   0: 0x80007942 (0x00008cf1) c.and   s1, a2
core   0: 3 0x80007942 (0x8cf1) x 9 0x00000000
core   0: 0x80007944 (0x00008185) c.srli  a1, 1
core   0: 3 0x80007944 (0x8185) x11 0x7ffffffa
core   0: 0x80007946 (0xc2476817) auipc   a6, 0xc2476
core   0: 3 0x80007946 (0xc2476817) x16 0x4247d946
core   0: 0x8000794a (0x00001ffd) c.addi  t6, -1
core   0: 3 0x8000794a (0x1ffd) x31 0xffffffff
core   0: 0x8000794c (0xfc6bfae3) bgeu    s7, t1, pc - 44
core   0: 3 0x8000794c (0xfc6bfae3)
core   0: 0x80007950 (0x402751b3) sra     gp, a4, sp
core   0: 3 0x80007950 (0x402751b3) x 3 0x00000000
core   0: 0x80007954 (0xff900593) li      a1, -7
core   0: 3 0x80007954 (0xff900593) x11 0xfffffff9
core   0: 0x80007958 (0x00f00893) li      a7, 15
core   0: 3 0x80007958 (0x00f00893) x17 0x0000000f
core   0: 0x8000795c (0x00008f21) c.xor   a4, s0
core   0: 3 0x8000795c (0x8f21) x14 0x00000071
core   0: 0x8000795e (0x00000585) c.addi  a1, 1
core   0: 3 0x8000795e (0x0585) x11 0xfffffffa
core   0: 0x80007960 (0x00300a93) li      s5, 3
core   0: 3 0x80007960 (0x00300a93) x21 0x00000003
core   0: 0x80007964 (0x00f00a13) li      s4, 15
core   0: 3 0x80007964 (0x00f00a13) x20 0x0000000f
core   0: 0x80007968 (0x00e2a1b3) slt     gp, t0, a4
core   0: 3 0x80007968 (0x00e2a1b3) x 3 0x00000001
core   0: 0x8000796c (0x00000a99) c.addi  s5, 6
core   0: 3 0x8000796c (0x0a99) x21 0x00000009
core   0: 0x8000796e (0xff4acde3) blt     s5, s4, pc - 6
core   0: 3 0x8000796e (0xff4acde3)
core   0: 0x80007968 (0x00e2a1b3) slt     gp, t0, a4
core   0: 3 0x80007968 (0x00e2a1b3) x 3 0x00000001
core   0: 0x8000796c (0x00000a99) c.addi  s5, 6
core   0: 3 0x8000796c (0x0a99) x21 0x0000000f
core   0: 0x8000796e (0xff4acde3) blt     s5, s4, pc - 6
core   0: 3 0x8000796e (0xff4acde3)
core   0: 0x80007972 (0xff1585e3) beq     a1, a7, pc - 22
core   0: 3 0x80007972 (0xff1585e3)
core   0: 0x80007976 (0x030a5933) divu    s2, s4, a6
core   0: 3 0x80007976 (0x030a5933) x18 0x00000000
core   0: 0x8000797a (0xffe00693) li      a3, -2
core   0: 3 0x8000797a (0xffe00693) x13 0xfffffffe
core   0: 0x8000797e (0xff400e93) li      t4, -12
core   0: 3 0x8000797e (0xff400e93) x29 0xfffffff4
core   0: 0x80007982 (0x013aba33) sltu    s4, s5, s3
core   0: 3 0x80007982 (0x013aba33) x20 0x00000000
core   0: 0x80007986 (0x0ff0000f) fence   iorw,iorw
core   0: 3 0x80007986 (0x0ff0000f)
core   0: 0x8000798a (0x01b0c333) xor     t1, ra, s11
core   0: 3 0x8000798a (0x01b0c333) x 6 0x00000018
core   0: 0x8000798e (0x00006f85) c.lui   t6, 0x1
core   0: 3 0x8000798e (0x6f85) x31 0x00001000
core   0: 0x80007990 (0x00000001) c.nop
core   0: 3 0x80007990 (0x0001)
core   0: 0x80007992 (0x000016d9) c.addi  a3, -10
core   0: 3 0x80007992 (0x16d9) x13 0xfffffff4
core   0: 0x80007994 (0xffd69be3) bne     a3, t4, pc - 10
core   0: 3 0x80007994 (0xffd69be3)
core   0: 0x80007998 (0xf8d86c93) ori     s9, a6, -115
core   0: 3 0x80007998 (0xf8d86c93) x25 0xffffffcf
core   0: 0x8000799c (0x00100293) li      t0, 1
core   0: 3 0x8000799c (0x00100293) x 5 0x00000001
core   0: 0x800079a0 (0x03e24c33) div     s8, tp, t5
core   0: 3 0x800079a0 (0x03e24c33) x24 0x00000000
core   0: 0x800079a4 (0x02db2b33) mulhsu  s6, s6, a3
core   0: 3 0x800079a4 (0x02db2b33) x22 0x00000007
core   0: 0x800079a8 (0xff400e13) li      t3, -12
core   0: 3 0x800079a8 (0xff400e13) x28 0xfffffff4
core   0: 0x800079ac (0x02f5db33) divu    s6, a1, a5
core   0: 3 0x800079ac (0x02f5db33) x22 0xffffffff
core   0: 0x800079b0 (0x8e1c5bb7) lui     s7, 0x8e1c5
core   0: 3 0x800079b0 (0x8e1c5bb7) x23 0x8e1c5000
core   0: 0x800079b4 (0x02126db3) rem     s11, tp, ra
core   0: 3 0x800079b4 (0x02126db3) x27 0xffffffff
core   0: 0x800079b8 (0x023cc6b3) div     a3, s9, gp
core   0: 3 0x800079b8 (0x023cc6b3) x13 0xffffffcf
core   0: 0x800079bc (0x02516b33) rem     s6, sp, t0
core   0: 3 0x800079bc (0x02516b33) x22 0x00000000
core   0: 0x800079c0 (0x01f4fa33) and     s4, s1, t6
core   0: 3 0x800079c0 (0x01f4fa33) x20 0x00000000
core   0: 0x800079c4 (0x000012e1) c.addi  t0, -8
core   0: 3 0x800079c4 (0x12e1) x 5 0xfffffff9
core   0: 0x800079c6 (0x03668c33) mul     s8, a3, s6
core   0: 3 0x800079c6 (0x03668c33) x24 0x00000000
core   0: 0x800079ca (0x00008ed9) c.or    a3, a4
core   0: 3 0x800079ca (0x8ed9) x13 0xffffffff
core   0: 0x800079cc (0x0000100f) fence.i
core   0: 3 0x800079cc (0x0000100f)
core   0: 0x800079d0 (0x00008236) c.mv    tp, a3
core   0: 3 0x800079d0 (0x8236) x 4 0xffffffff
core   0: 0x800079d2 (0x005f5f13) srli    t5, t5, 5
core   0: 3 0x800079d2 (0x005f5f13) x30 0x07ffffff
core   0: 0x800079d6 (0x03448fb3) mul     t6, s1, s4
core   0: 3 0x800079d6 (0x03448fb3) x31 0x00000000
core   0: 0x800079da (0x007fe6b3) or      a3, t6, t2
core   0: 3 0x800079da (0x007fe6b3) x13 0xfffffa82
core   0: 0x800079de (0x40a789b3) sub     s3, a5, a0
core   0: 3 0x800079de (0x40a789b3) x19 0xfffffff8
core   0: 0x800079e2 (0x00d141b3) xor     gp, sp, a3
core   0: 3 0x800079e2 (0x00d141b3) x 3 0x7ffd9666
core   0: 0x800079e6 (0xfdc2d5e3) bge     t0, t3, pc - 54
core   0: 3 0x800079e6 (0xfdc2d5e3)
core   0: 0x800079b0 (0x8e1c5bb7) lui     s7, 0x8e1c5
core   0: 3 0x800079b0 (0x8e1c5bb7) x23 0x8e1c5000
core   0: 0x800079b4 (0x02126db3) rem     s11, tp, ra
core   0: 3 0x800079b4 (0x02126db3) x27 0xffffffff
core   0: 0x800079b8 (0x023cc6b3) div     a3, s9, gp
core   0: 3 0x800079b8 (0x023cc6b3) x13 0x00000000
core   0: 0x800079bc (0x02516b33) rem     s6, sp, t0
core   0: 3 0x800079bc (0x02516b33) x22 0xfffffffd
core   0: 0x800079c0 (0x01f4fa33) and     s4, s1, t6
core   0: 3 0x800079c0 (0x01f4fa33) x20 0x00000000
core   0: 0x800079c4 (0x000012e1) c.addi  t0, -8
core   0: 3 0x800079c4 (0x12e1) x 5 0xfffffff1
core   0: 0x800079c6 (0x03668c33) mul     s8, a3, s6
core   0: 3 0x800079c6 (0x03668c33) x24 0x00000000
core   0: 0x800079ca (0x00008ed9) c.or    a3, a4
core   0: 3 0x800079ca (0x8ed9) x13 0x00000071
core   0: 0x800079cc (0x0000100f) fence.i
core   0: 3 0x800079cc (0x0000100f)
core   0: 0x800079d0 (0x00008236) c.mv    tp, a3
core   0: 3 0x800079d0 (0x8236) x 4 0x00000071
core   0: 0x800079d2 (0x005f5f13) srli    t5, t5, 5
core   0: 3 0x800079d2 (0x005f5f13) x30 0x003fffff
core   0: 0x800079d6 (0x03448fb3) mul     t6, s1, s4
core   0: 3 0x800079d6 (0x03448fb3) x31 0x00000000
core   0: 0x800079da (0x007fe6b3) or      a3, t6, t2
core   0: 3 0x800079da (0x007fe6b3) x13 0xfffffa82
core   0: 0x800079de (0x40a789b3) sub     s3, a5, a0
core   0: 3 0x800079de (0x40a789b3) x19 0xfffffff8
core   0: 0x800079e2 (0x00d141b3) xor     gp, sp, a3
core   0: 3 0x800079e2 (0x00d141b3) x 3 0x7ffd9666
core   0: 0x800079e6 (0xfdc2d5e3) bge     t0, t3, pc - 54
core   0: 3 0x800079e6 (0xfdc2d5e3)
core   0: 0x800079ea (0x402c5193) srai    gp, s8, 2
core   0: 3 0x800079ea (0x402c5193) x 3 0x00000000
core   0: 0x800079ee (0x00e645b3) xor     a1, a2, a4
core   0: 3 0x800079ee (0x00e645b3) x11 0xd57fe071
core   0: 0x800079f2 (0x5a5f3993) sltiu   s3, t5, 1445
core   0: 3 0x800079f2 (0x5a5f3993) x19 0x00000000
core   0: 0x800079f6 (0x013b4b63) blt     s6, s3, pc + 22
core   0: 3 0x800079f6 (0x013b4b63)
core   0: 0x80007a0c (0x01534033) xor     zero, t1, s5
core   0: 3 0x80007a0c (0x01534033)
core   0: 0x80007a10 (0x03c9d5b3) divu    a1, s3, t3
core   0: 3 0x80007a10 (0x03c9d5b3) x11 0x00000000
core   0: 0x80007a14 (0x009016b3) sll     a3, zero, s1
core   0: 3 0x80007a14 (0x009016b3) x13 0x00000000
core   0: 0x80007a18 (0x03050ab3) mul     s5, a0, a6
core   0: 3 0x80007a18 (0x03050ab3) x21 0x123eca30
core   0: 0x80007a1c (0x0032deb3) srl     t4, t0, gp
core   0: 3 0x80007a1c (0x0032deb3) x29 0xfffffff1
core   0: 0x80007a20 (0x000059fd) c.li    s3, -1
core   0: 3 0x80007a20 (0x59fd) x19 0xffffffff
core   0: 0x80007a22 (0x02de7f63) bgeu    t3, a3, pc + 62
core   0: 3 0x80007a22 (0x02de7f63)
core   0: 0x80007a60 (0x00000001) c.nop
core   0: 3 0x80007a60 (0x0001)
core   0: 0x80007a62 (0x287d6613) ori     a2, s10, 647
core   0: 3 0x80007a62 (0x287d6613) x12 0x80022e9f
core   0: 0x80007a66 (0x5c46f993) andi    s3, a3, 1476
core   0: 3 0x80007a66 (0x5c46f993) x19 0x00000000
core   0: 0x80007a6a (0x00008491) c.srai  s1, 4
core   0: 3 0x80007a6a (0x8491) x 9 0x00000000
core   0: 0x80007a6c (0x019d5fb3) srl     t6, s10, s9
core   0: 3 0x80007a6c (0x019d5fb3) x31 0x00010004
core   0: 0x80007a70 (0x0000100f) fence.i
core   0: 3 0x80007a70 (0x0000100f)
core   0: 0x80007a74 (0x00d76833) or      a6, a4, a3
core   0: 3 0x80007a74 (0x00d76833) x16 0x00000071
core   0: 0x80007a78 (0x0ff0000f) fence   iorw,iorw
core   0: 3 0x80007a78 (0x0ff0000f)
core   0: 0x80007a7c (0x00e6d833) srl     a6, a3, a4
core   0: 3 0x80007a7c (0x00e6d833) x16 0x00000000
core   0: 0x80007a80 (0x03af8533) mul     a0, t6, s10
core   0: 3 0x80007a80 (0x03af8533) x10 0x2e20b860
core   0: 0x80007a84 (0x0333fbb3) remu    s7, t2, s3
core   0: 3 0x80007a84 (0x0333fbb3) x23 0xfffffa82
core   0: 0x80007a88 (0x026f3433) mulhu   s0, t5, t1
core   0: 3 0x80007a88 (0x026f3433) x 8 0x00000000
core   0: 0x80007a8c (0x032071b3) remu    gp, zero, s2
core   0: 3 0x80007a8c (0x032071b3) x 3 0x00000000
core   0: 0x80007a90 (0x00008c4d) c.or    s0, a1
core   0: 3 0x80007a90 (0x8c4d) x 8 0x00000000
core   0: 0x80007a92 (0x41805fb3) sra     t6, zero, s8
core   0: 3 0x80007a92 (0x41805fb3) x31 0x00000000
core   0: 0x80007a96 (0x01e84963) blt     a6, t5, pc + 18
core   0: 3 0x80007a96 (0x01e84963)
core   0: 0x80007aa8 (0x00006ffd) c.lui   t6, 0x1f
core   0: 3 0x80007aa8 (0x6ffd) x31 0x0001f000
core   0: 0x80007aaa (0x023e5b33) divu    s6, t3, gp
core   0: 3 0x80007aaa (0x023e5b33) x22 0xffffffff
core   0: 0x80007aae (0x02118033) mul     zero, gp, ra
core   0: 3 0x80007aae (0x02118033)
core   0: 0x80007ab2 (0x03627363) bgeu    tp, s6, pc + 38
core   0: 3 0x80007ab2 (0x03627363)
core   0: 0x80007ab6 (0x02f60b33) mul     s6, a2, a5
core   0: 3 0x80007ab6 (0x02f60b33) x22 0x00000000
core   0: 0x80007aba (0x00456ab3) or      s5, a0, tp
core   0: 3 0x80007aba (0x00456ab3) x21 0x2e20b871
core   0: 0x80007abe (0x00000001) c.nop
core   0: 3 0x80007abe (0x0001)
core   0: 0x80007ac0 (0x0286f733) remu    a4, a3, s0
core   0: 3 0x80007ac0 (0x0286f733) x14 0x00000000
core   0: 0x80007ac4 (0x01c34bb3) xor     s7, t1, t3
core   0: 3 0x80007ac4 (0x01c34bb3) x23 0xffffffec
core   0: 0x80007ac8 (0x003a6633) or      a2, s4, gp
core   0: 3 0x80007ac8 (0x003a6633) x12 0x00000000
core   0: 0x80007acc (0x0112cf63) blt     t0, a7, pc + 30
core   0: 3 0x80007acc (0x0112cf63)
core   0: 0x80007aea (0x4f12f313) andi    t1, t0, 1265
core   0: 3 0x80007aea (0x4f12f313) x 6 0x000004f1
core   0: 0x80007aee (0x0000c815) c.beqz  s0, pc + 52
core   0: 3 0x80007aee (0xc815)
core   0: 0x80007b22 (0x00000001) c.nop
core   0: 3 0x80007b22 (0x0001)
core   0: 0x80007b24 (0x40745533) sra     a0, s0, t2
core   0: 3 0x80007b24 (0x40745533) x10 0x00000000
core   0: 0x80007b28 (0xfaf9f093) andi    ra, s3, -81
core   0: 3 0x80007b28 (0xfaf9f093) x 1 0x00000000
core   0: 0x80007b2c (0x41895fb3) sra     t6, s2, s8
core   0: 3 0x80007b2c (0x41895fb3) x31 0x00000000
core   0: 0x80007b30 (0x00311513) slli    a0, sp, 3
core   0: 3 0x80007b30 (0x00311513) x10 0x00136720
core   0: 0x80007b34 (0xb5d7c917) auipc   s2, 0xb5d7c
core   0: 3 0x80007b34 (0xb5d7c917) x18 0x35d83b34
core   0: 0x80007b38 (0x0000197d) c.addi  s2, -1
core   0: 3 0x80007b38 (0x197d) x18 0x35d83b33
core   0: 0x80007b3a (0x00008c09) c.sub   s0, a0
core   0: 3 0x80007b3a (0x8c09) x 8 0xffec98e0
core   0: 0x80007b3c (0x00678a63) beq     a5, t1, pc + 20
core   0: 3 0x80007b3c (0x00678a63)
core   0: 0x80007b40 (0x00008451) c.srai  s0, 20
core   0: 3 0x80007b40 (0x8451) x 8 0xfffffffe
core   0: 0x80007b42 (0x02a73bb3) mulhu   s7, a4, a0
core   0: 3 0x80007b42 (0x02a73bb3) x23 0x00000000
core   0: 0x80007b46 (0x00b93db3) sltu    s11, s2, a1
core   0: 3 0x80007b46 (0x00b93db3) x27 0x00000000
core   0: 0x80007b4a (0x00008e9d) c.sub   a3, a5
core   0: 3 0x80007b4a (0x8e9d) x13 0x00000000
core   0: 0x80007b4c (0x00000001) c.nop
core   0: 3 0x80007b4c (0x0001)
core   0: 0x80007b4e (0x00000556) c.slli  a0, 21
core   0: 3 0x80007b4e (0x0556) x10 0xe4000000
core   0: 0x80007b50 (0x020b4b63) bltz    s6, pc + 54
core   0: 3 0x80007b50 (0x020b4b63)
core   0: 0x80007b54 (0x38e0f493) andi    s1, ra, 910
core   0: 3 0x80007b54 (0x38e0f493) x 9 0x00000000
core   0: 0x80007b58 (0x0ff0000f) fence   iorw,iorw
core   0: 3 0x80007b58 (0x0ff0000f)
core   0: 0x80007b5c (0x717dcdb7) lui     s11, 0x717dc
core   0: 3 0x80007b5c (0x717dcdb7) x27 0x717dc000
core   0: 0x80007b60 (0x00008a99) c.andi  a3, 6
core   0: 3 0x80007b60 (0x8a99) x13 0x00000000
core   0: 0x80007b62 (0x00e6e5b3) or      a1, a3, a4
core   0: 3 0x80007b62 (0x00e6e5b3) x11 0x00000000
core   0: 0x80007b66 (0x00008365) c.srli  a4, 25
core   0: 3 0x80007b66 (0x8365) x14 0x00000000
core   0: 0x80007b68 (0x00ab1913) slli    s2, s6, 10
core   0: 3 0x80007b68 (0x00ab1913) x18 0x00000000
core   0: 0x80007b6c (0x00008f6d) c.and   a4, a1
core   0: 3 0x80007b6c (0x8f6d) x14 0x00000000
core   0: 0x80007b6e (0x00008d6d) c.and   a0, a1
core   0: 3 0x80007b6e (0x8d6d) x10 0x00000000
core   0: 0x80007b70 (0x066a7e13) andi    t3, s4, 102
core   0: 3 0x80007b70 (0x066a7e13) x28 0x00000000
core   0: 0x80007b74 (0x019f3f33) sltu    t5, t5, s9
core   0: 3 0x80007b74 (0x019f3f33) x30 0x00000001
core   0: 0x80007b78 (0x000046c9) c.li    a3, 18
core   0: 3 0x80007b78 (0x46c9) x13 0x00000012
core   0: 0x80007b7a (0x00008d39) c.xor   a0, a4
core   0: 3 0x80007b7a (0x8d39) x10 0x00000000
core   0: 0x80007b7c (0x01a1b933) sltu    s2, gp, s10
core   0: 3 0x80007b7c (0x01a1b933) x18 0x00000001
core   0: 0x80007b80 (0x00008e69) c.and   a2, a0
core   0: 3 0x80007b80 (0x8e69) x12 0x00000000
core   0: 0x80007b82 (0x01bf1533) sll     a0, t5, s11
core   0: 3 0x80007b82 (0x01bf1533) x10 0x00000001
core   0: 0x80007b86 (0x411e5f13) srai    t5, t3, 17
core   0: 3 0x80007b86 (0x411e5f13) x30 0x00000000
core   0: 0x80007b8a (0x3b098f13) addi    t5, s3, 944
core   0: 3 0x80007b8a (0x3b098f13) x30 0x000003b0
core   0: 0x80007b8e (0x00008e9d) c.sub   a3, a5
core   0: 3 0x80007b8e (0x8e9d) x13 0x00000012
core   0: 0x80007b90 (0x00004f71) c.li    t5, 28
core   0: 3 0x80007b90 (0x4f71) x30 0x0000001c
core   0: 0x80007b92 (0x0000c595) c.beqz  a1, pc + 44
core   0: 3 0x80007b92 (0xc595)
core   0: 0x80007bbe (0x00008511) c.srai  a0, 4
core   0: 3 0x80007bbe (0x8511) x10 0x00000000
core   0: 0x80007bc0 (0x00000001) c.nop
core   0: 3 0x80007bc0 (0x0001)
core   0: 0x80007bc2 (0x891dc013) xori    zero, s11, -1903
core   0: 3 0x80007bc2 (0x891dc013)
core   0: 0x80007bc6 (0x02f0b733) mulhu   a4, ra, a5
core   0: 3 0x80007bc6 (0x02f0b733) x14 0x00000000
core   0: 0x80007bca (0x03158833) mul     a6, a1, a7
core   0: 3 0x80007bca (0x03158833) x16 0x00000000
core   0: 0x80007bce (0x40c85a13) srai    s4, a6, 12
core   0: 3 0x80007bce (0x40c85a13) x20 0x00000000
core   0: 0x80007bd2 (0x0000100f) fence.i
core   0: 3 0x80007bd2 (0x0000100f)
core   0: 0x80007bd6 (0x00008039) c.srli  s0, 14
core   0: 3 0x80007bd6 (0x8039) x 8 0x0003ffff
core   0: 0x80007bd8 (0x04e78263) beq     a5, a4, pc + 68
core   0: 3 0x80007bd8 (0x04e78263)
core   0: 0x80007c1c (0x02c59cb3) mulh    s9, a1, a2
core   0: 3 0x80007c1c (0x02c59cb3) x25 0x00000000
core   0: 0x80007c20 (0xc7d70013) addi    zero, a4, -899
core   0: 3 0x80007c20 (0xc7d70013)
core   0: 0x80007c24 (0x00b62433) slt     s0, a2, a1
core   0: 3 0x80007c24 (0x00b62433) x 8 0x00000000
core   0: 0x80007c28 (0x0000c015) c.beqz  s0, pc + 36
core   0: 3 0x80007c28 (0xc015)
core   0: 0x80007c4c (0x000082b2) c.mv    t0, a2
core   0: 3 0x80007c4c (0x82b2) x 5 0x00000000
core   0: 0x80007c4e (0x000002d2) c.slli  t0, 20
core   0: 3 0x80007c4e (0x02d2) x 5 0x00000000
core   0: 0x80007c50 (0x0054f263) bgeu    s1, t0, pc + 4
core   0: 3 0x80007c50 (0x0054f263)
core   0: 0x80007c54 (0x025e02b3) mul     t0, t3, t0
core   0: 3 0x80007c54 (0x025e02b3) x 5 0x00000000
core   0: 0x80007c58 (0x0159fe33) and     t3, s3, s5
core   0: 3 0x80007c58 (0x0159fe33) x28 0x00000000
core   0: 0x80007c5c (0x017c7e33) and     t3, s8, s7
core   0: 3 0x80007c5c (0x017c7e33) x28 0x00000000
core   0: 0x80007c60 (0x00000fde) c.slli  t6, 23
core   0: 3 0x80007c60 (0x0fde) x31 0x00000000
core   0: 0x80007c62 (0x0000100f) fence.i
core   0: 3 0x80007c62 (0x0000100f)
core   0: 0x80007c66 (0x00008739) c.srai  a4, 14
core   0: 3 0x80007c66 (0x8739) x14 0x00000000
core   0: 0x80007c68 (0x475a2613) slti    a2, s4, 1141
core   0: 3 0x80007c68 (0x475a2613) x12 0x00000001
core   0: 0x80007c6c (0x02fcb3b3) mulhu   t2, s9, a5
core   0: 3 0x80007c6c (0x02fcb3b3) x 7 0x00000000
core   0: 0x80007c70 (0x0348dcb3) divu    s9, a7, s4
core   0: 3 0x80007c70 (0x0348dcb3) x25 0xffffffff
core   0: 0x80007c74 (0x00008f51) c.or    a4, a2
core   0: 3 0x80007c74 (0x8f51) x14 0x00000001
core   0: 0x80007c76 (0x0210d463) bge     ra, ra, pc + 40
core   0: 3 0x80007c76 (0x0210d463)
core   0: 0x80007c9e (0x00008c21) c.xor   s0, s0
core   0: 3 0x80007c9e (0x8c21) x 8 0x00000000
core   0: 0x80007ca0 (0x02920b63) beq     tp, s1, pc + 54
core   0: 3 0x80007ca0 (0x02920b63)
core   0: 0x80007ca4 (0x03741233) mulh    tp, s0, s7
core   0: 3 0x80007ca4 (0x03741233) x 4 0x00000000
core   0: 0x80007ca8 (0x00008962) c.mv    s2, s8
core   0: 3 0x80007ca8 (0x8962) x18 0x00000000
core   0: 0x80007caa (0x41d48533) sub     a0, s1, t4
core   0: 3 0x80007caa (0x41d48533) x10 0x0000000f
core   0: 0x80007cae (0x00000001) c.nop
core   0: 3 0x80007cae (0x0001)
core   0: 0x80007cb0 (0xf9f4ff17) auipc   t5, 0xf9f4f
core   0: 3 0x80007cb0 (0xf9f4ff17) x30 0x79f56cb0
core   0: 0x80007cb4 (0x01f4fb33) and     s6, s1, t6
core   0: 3 0x80007cb4 (0x01f4fb33) x22 0x00000000
core   0: 0x80007cb8 (0x005b1c33) sll     s8, s6, t0
core   0: 3 0x80007cb8 (0x005b1c33) x24 0x00000000
core   0: 0x80007cbc (0x41df5913) srai    s2, t5, 29
core   0: 3 0x80007cbc (0x41df5913) x18 0x00000003
core   0: 0x80007cc0 (0xfbab06b7) lui     a3, 0xfbab0
core   0: 3 0x80007cc0 (0xfbab06b7) x13 0xfbab0000
core   0: 0x80007cc4 (0x53843917) auipc   s2, 0x53843
core   0: 3 0x80007cc4 (0x53843917) x18 0xd384acc4
core   0: 0x80007cc8 (0x0000ed81) c.bnez  a1, pc + 24
core   0: 3 0x80007cc8 (0xed81)
core   0: 0x80007cca (0x0354f663) bgeu    s1, s5, pc + 44
core   0: 3 0x80007cca (0x0354f663)
core   0: 0x80007cce (0x589f8713) addi    a4, t6, 1417
core   0: 3 0x80007cce (0x589f8713) x14 0x00000589
core   0: 0x80007cd2 (0x03c60033) mul     zero, a2, t3
core   0: 3 0x80007cd2 (0x03c60033)
core   0: 0x80007cd6 (0x0064be33) sltu    t3, s1, t1
core   0: 3 0x80007cd6 (0x0064be33) x28 0x00000001
core   0: 0x80007cda (0x00008f39) c.xor   a4, a4
core   0: 3 0x80007cda (0x8f39) x14 0x00000000
core   0: 0x80007cdc (0x016a7333) and     t1, s4, s6
core   0: 3 0x80007cdc (0x016a7333) x 6 0x00000000
core   0: 0x80007ce0 (0x00006fbd) c.lui   t6, 0xf
core   0: 3 0x80007ce0 (0x6fbd) x31 0x0000f000
core   0: 0x80007ce2 (0x000085d9) c.srai  a1, 22
core   0: 3 0x80007ce2 (0x85d9) x11 0x00000000
core   0: 0x80007ce4 (0x00005a7d) c.li    s4, -1
core   0: 3 0x80007ce4 (0x5a7d) x20 0xffffffff
core   0: 0x80007ce6 (0x035dec33) rem     s8, s11, s5
core   0: 3 0x80007ce6 (0x035dec33) x24 0x153c4f1e
core   0: 0x80007cea (0x03907893) andi    a7, zero, 57
core   0: 3 0x80007cea (0x03907893) x17 0x00000000
core   0: 0x80007cee (0x00008d05) c.sub   a0, s1
core   0: 3 0x80007cee (0x8d05) x10 0x0000000f
core   0: 0x80007cf0 (0x0192de63) bge     t0, s9, pc + 28
core   0: 3 0x80007cf0 (0x0192de63)
core   0: 0x80007d0c (0x0000881e) c.mv    a6, t2
core   0: 3 0x80007d0c (0x881e) x16 0x00000000
core   0: 0x80007d0e (0x000064bd) c.lui   s1, 0xf
core   0: 3 0x80007d0e (0x64bd) x 9 0x0000f000
core   0: 0x80007d10 (0x00d3cc63) blt     t2, a3, pc + 24
core   0: 3 0x80007d10 (0x00d3cc63)
core   0: 0x80007d14 (0x00008a51) c.andi  a2, 20
core   0: 3 0x80007d14 (0x8a51) x12 0x00000000
core   0: 0x80007d16 (0x0000867a) c.mv    a2, t5
core   0: 3 0x80007d16 (0x867a) x12 0x79f56cb0
core   0: 0x80007d18 (0x01c9a3b3) slt     t2, s3, t3
core   0: 3 0x80007d18 (0x01c9a3b3) x 7 0x00000001
core   0: 0x80007d1c (0xbca4c993) xori    s3, s1, -1078
core   0: 3 0x80007d1c (0xbca4c993) x19 0xffff0bca
core   0: 0x80007d20 (0x5a51e293) ori     t0, gp, 1445
core   0: 3 0x80007d20 (0x5a51e293) x 5 0x000005a5
core   0: 0x80007d24 (0x02af0433) mul     s0, t5, a0
core   0: 3 0x80007d24 (0x02af0433) x 8 0x25615e50
core   0: 0x80007d28 (0x00873733) sltu    a4, a4, s0
core   0: 3 0x80007d28 (0x00873733) x14 0x00000001
core   0: 0x80007d2c (0x000fe963) bltu    t6, zero, pc + 18
core   0: 3 0x80007d2c (0x000fe963)
core   0: 0x80007d30 (0x00008469) c.srai  s0, 26
core   0: 3 0x80007d30 (0x8469) x 8 0x00000009
core   0: 0x80007d32 (0x036d9733) mulh    a4, s11, s6
core   0: 3 0x80007d32 (0x036d9733) x14 0x00000000
core   0: 0x80007d36 (0x0000ea0d) c.bnez  a2, pc + 50
core   0: 3 0x80007d36 (0xea0d)
core   0: 0x80007d68 (0x04d7f163) bgeu    a5, a3, pc + 66
core   0: 3 0x80007d68 (0x04d7f163)
core   0: 0x80007d6c (0x4737cb13) xori    s6, a5, 1139
core   0: 3 0x80007d6c (0x4737cb13) x22 0x00000473
core   0: 0x80007d70 (0x0139de33) srl     t3, s3, s3
core   0: 3 0x80007d70 (0x0139de33) x28 0x003fffc2
core   0: 0x80007d74 (0x01c2ee13) ori     t3, t0, 28
core   0: 3 0x80007d74 (0x01c2ee13) x28 0x000005bd
core   0: 0x80007d78 (0x03e38733) mul     a4, t2, t5
core   0: 3 0x80007d78 (0x03e38733) x14 0x79f56cb0
core   0: 0x80007d7c (0x00008c35) c.xor   s0, a3
core   0: 3 0x80007d7c (0x8c35) x 8 0xfbab0009
core   0: 0x80007d7e (0x0000053a) c.slli  a0, 14
core   0: 3 0x80007d7e (0x053a) x10 0x0003c000
core   0: 0x80007d80 (0x031cb233) mulhu   tp, s9, a7
core   0: 3 0x80007d80 (0x031cb233) x 4 0x00000000
core   0: 0x80007d84 (0xc95fc993) xori    s3, t6, -875
core   0: 3 0x80007d84 (0xc95fc993) x19 0xffff0c95
core   0: 0x80007d88 (0x000061b9) c.lui   gp, 0xe
core   0: 3 0x80007d88 (0x61b9) x 3 0x0000e000
core   0: 0x80007d8a (0x0ff0000f) fence   iorw,iorw
core   0: 3 0x80007d8a (0x0ff0000f)
core   0: 0x80007d8e (0x013ad4b3) srl     s1, s5, s3
core   0: 3 0x80007d8e (0x013ad4b3) x 9 0x00000171
core   0: 0x80007d92 (0x00008dd9) c.or    a1, a4
core   0: 3 0x80007d92 (0x8dd9) x11 0x79f56cb0
core   0: 0x80007d94 (0x0019f033) and     zero, s3, ra
core   0: 3 0x80007d94 (0x0019f033)
core   0: 0x80007d98 (0x18bc2237) lui     tp, 0x18bc2
core   0: 3 0x80007d98 (0x18bc2237) x 4 0x18bc2000
core   0: 0x80007d9c (0x0ff0000f) fence   iorw,iorw
core   0: 3 0x80007d9c (0x0ff0000f)
core   0: 0x80007da0 (0x00000001) c.nop
core   0: 3 0x80007da0 (0x0001)
core   0: 0x80007da2 (0x0000ee19) c.bnez  a2, pc + 30
core   0: 3 0x80007da2 (0xee19)
core   0: 0x80007dc0 (0x03a4f1b3) remu    gp, s1, s10
core   0: 3 0x80007dc0 (0x03a4f1b3) x 3 0x00000171
core   0: 0x80007dc4 (0x0000597d) c.li    s2, -1
core   0: 3 0x80007dc4 (0x597d) x18 0xffffffff
core   0: 0x80007dc6 (0x03e4b033) mulhu   zero, s1, t5
core   0: 3 0x80007dc6 (0x03e4b033)
core   0: 0x80007dca (0x00000001) c.nop
core   0: 3 0x80007dca (0x0001)
core   0: 0x80007dcc (0xce7fe213) ori     tp, t6, -793
core   0: 3 0x80007dcc (0xce7fe213) x 4 0xfffffce7
core   0: 0x80007dd0 (0x00aefeb3) and     t4, t4, a0
core   0: 3 0x80007dd0 (0x00aefeb3) x29 0x0003c000
core   0: 0x80007dd4 (0x000055fd) c.li    a1, -1
core   0: 3 0x80007dd4 (0x55fd) x11 0xffffffff
core   0: 0x80007dd6 (0x00abcfb3) xor     t6, s7, a0
core   0: 3 0x80007dd6 (0x00abcfb3) x31 0x0003c000
core   0: 0x80007dda (0x0000e28d) c.bnez  a3, pc + 34
core   0: 3 0x80007dda (0xe28d)
core   0: 0x80007dfc (0x0135bf33) sltu    t5, a1, s3
core   0: 3 0x80007dfc (0x0135bf33) x30 0x00000000
core   0: 0x80007e00 (0x02c4b533) mulhu   a0, s1, a2
core   0: 3 0x80007e00 (0x02c4b533) x10 0x000000af
core   0: 0x80007e04 (0x01045f93) srli    t6, s0, 16
core   0: 3 0x80007e04 (0x01045f93) x31 0x0000fbab
core   0: 0x80007e08 (0x01d8d813) srli    a6, a7, 29
core   0: 3 0x80007e08 (0x01d8d813) x16 0x00000000
core   0: 0x80007e0c (0x01c4f6b3) and     a3, s1, t3
core   0: 3 0x80007e0c (0x01c4f6b3) x13 0x00000131
core   0: 0x80007e10 (0xe2a43713) sltiu   a4, s0, -470
core   0: 3 0x80007e10 (0xe2a43713) x14 0x00000001
core   0: 0x80007e14 (0x00000489) c.addi  s1, 2
core   0: 3 0x80007e14 (0x0489) x 9 0x00000173
core   0: 0x80007e16 (0x035ce763) bltu    s9, s5, pc + 46
core   0: 3 0x80007e16 (0x035ce763)
core   0: 0x80007e1a (0x401dd693) srai    a3, s11, 1
core   0: 3 0x80007e1a (0x401dd693) x13 0x38bee000
core   0: 0x80007e1e (0x0232d3b3) divu    t2, t0, gp
core   0: 3 0x80007e1e (0x0232d3b3) x 7 0x00000003
core   0: 0x80007e22 (0x007c9093) slli    ra, s9, 7
core   0: 3 0x80007e22 (0x007c9093) x 1 0xffffff80
core   0: 0x80007e26 (0x010f5013) srli    zero, t5, 16
core   0: 3 0x80007e26 (0x010f5013)
core   0: 0x80007e2a (0xc9504b93) xori    s7, zero, -875
core   0: 3 0x80007e2a (0xc9504b93) x23 0xfffffc95
core   0: 0x80007e2e (0x0000e9b5) c.bnez  a1, pc + 116
core   0: 3 0x80007e2e (0xe9b5)
core   0: 0x80007ea2 (0x00008f71) c.and   a4, a2
core   0: 3 0x80007ea2 (0x8f71) x14 0x00000000
core   0: 0x80007ea4 (0x00008db9) c.xor   a1, a4
core   0: 3 0x80007ea4 (0x8db9) x11 0xffffffff
core   0: 0x80007ea6 (0x01860363) beq     a2, s8, pc + 6
core   0: 3 0x80007ea6 (0x01860363)
core   0: 0x80007eaa (0x00000842) c.slli  a6, 16
core   0: 3 0x80007eaa (0x0842) x16 0x00000000
core   0: 0x80007eac (0x03c923b3) mulhsu  t2, s2, t3
core   0: 3 0x80007eac (0x03c923b3) x 7 0xffffffff
core   0: 0x80007eb0 (0x970b6c13) ori     s8, s6, -1680
core   0: 3 0x80007eb0 (0x970b6c13) x24 0xfffffd73
core   0: 0x80007eb4 (0x0311de33) divu    t3, gp, a7
core   0: 3 0x80007eb4 (0x0311de33) x28 0xffffffff
core   0: 0x80007eb8 (0x0ff0000f) fence   iorw,iorw
core   0: 3 0x80007eb8 (0x0ff0000f)
core   0: 0x80007ebc (0x00008f3d) c.xor   a4, a5
core   0: 3 0x80007ebc (0x8f3d) x14 0x00000000
core   0: 0x80007ebe (0x0150e9b3) or      s3, ra, s5
core   0: 3 0x80007ebe (0x0150e9b3) x19 0xfffffff1
core   0: 0x80007ec2 (0x78de8c93) addi    s9, t4, 1933
core   0: 3 0x80007ec2 (0x78de8c93) x25 0x0003c78d
core   0: 0x80007ec6 (0x0ff0000f) fence   iorw,iorw
core   0: 3 0x80007ec6 (0x0ff0000f)
core   0: 0x80007eca (0x000084b1) c.srai  s1, 12
core   0: 3 0x80007eca (0x84b1) x 9 0x00000000
core   0: 0x80007ecc (0x03884963) blt     a6, s8, pc + 50
core   0: 3 0x80007ecc (0x03884963)
core   0: 0x80007ed0 (0x0254b533) mulhu   a0, s1, t0
core   0: 3 0x80007ed0 (0x0254b533) x10 0x00000000
core   0: 0x80007ed4 (0xd9369217) auipc   tp, 0xd9369
core   0: 3 0x80007ed4 (0xd9369217) x 4 0x59370ed4
core   0: 0x80007ed8 (0x003d1f33) sll     t5, s10, gp
core   0: 3 0x80007ed8 (0x003d1f33) x30 0x5c300000
core   0: 0x80007edc (0x0000100f) fence.i
core   0: 3 0x80007edc (0x0000100f)
core   0: 0x80007ee0 (0x00b38263) beq     t2, a1, pc + 4
core   0: 3 0x80007ee0 (0x00b38263)
core   0: 0x80007ee4 (0x0000e10d) c.bnez  a0, pc + 34
core   0: 3 0x80007ee4 (0xe10d)
core   0: 0x80007ee6 (0xe1d96393) ori     t2, s2, -483
core   0: 3 0x80007ee6 (0xe1d96393) x 7 0xffffffff
core   0: 0x80007eea (0x40c40833) sub     a6, s0, a2
core   0: 3 0x80007eea (0x40c40833) x16 0x81b59359
core   0: 0x80007eee (0x000066fd) c.lui   a3, 0x1f
core   0: 3 0x80007eee (0x66fd) x13 0x0001f000
core   0: 0x80007ef0 (0x00008371) c.srli  a4, 28
core   0: 3 0x80007ef0 (0x8371) x14 0x00000000
core   0: 0x80007ef2 (0x00000001) c.nop
core   0: 3 0x80007ef2 (0x0001)
core   0: 0x80007ef4 (0x0000c699) c.beqz  a3, pc + 14
core   0: 3 0x80007ef4 (0xc699)
core   0: 0x80007ef6 (0x010c93b3) sll     t2, s9, a6
core   0: 3 0x80007ef6 (0x010c93b3) x 7 0x1a000000
core   0: 0x80007efa (0x6ed87e13) andi    t3, a6, 1773
core   0: 3 0x80007efa (0x6ed87e13) x28 0x00000249
core   0: 0x80007efe (0xedc159b7) lui     s3, 0xedc15
core   0: 3 0x80007efe (0xedc159b7) x19 0xedc15000
core   0: 0x80007f02 (0x016b6f63) bltu    s6, s6, pc + 30
core   0: 3 0x80007f02 (0x016b6f63)
core   0: 0x80007f06 (0x03d71233) mulh    tp, a4, t4
core   0: 3 0x80007f06 (0x03d71233) x 4 0x00000000
core   0: 0x80007f0a (0x00008921) c.andi  a0, 8
core   0: 3 0x80007f0a (0x8921) x10 0x00000000
core   0: 0x80007f0c (0x00000001) c.nop
core   0: 3 0x80007f0c (0x0001)
core   0: 0x80007f0e (0x02b18463) beq     gp, a1, pc + 40
core   0: 3 0x80007f0e (0x02b18463)
core   0: 0x80007f12 (0x01d6bb33) sltu    s6, a3, t4
core   0: 3 0x80007f12 (0x01d6bb33) x22 0x00000001
core   0: 0x80007f16 (0x00c0fbb3) and     s7, ra, a2
core   0: 3 0x80007f16 (0x00c0fbb3) x23 0x79f56c80
core   0: 0x80007f1a (0x00008ccd) c.or    s1, a1
core   0: 3 0x80007f1a (0x8ccd) x 9 0xffffffff
core   0: 0x80007f1c (0xb4b63313) sltiu   t1, a2, -1205
core   0: 3 0x80007f1c (0xb4b63313) x 6 0x00000001
core   0: 0x80007f20 (0x00bf9e63) bne     t6, a1, pc + 28
core   0: 3 0x80007f20 (0x00bf9e63)
core   0: 0x80007f3c (0x00000322) c.slli  t1, 8
core   0: 3 0x80007f3c (0x0322) x 6 0x00000100
core   0: 0x80007f3e (0x000085c9) c.srai  a1, 18
core   0: 3 0x80007f3e (0x85c9) x11 0xffffffff
core   0: 0x80007f40 (0x01093633) sltu    a2, s2, a6
core   0: 3 0x80007f40 (0x01093633) x12 0x00000000
core   0: 0x80007f44 (0x000086dd) c.srai  a3, 23
core   0: 3 0x80007f44 (0x86dd) x13 0x00000000
core   0: 0x80007f46 (0x2d897093) andi    ra, s2, 728
core   0: 3 0x80007f46 (0x2d897093) x 1 0x000002d8
core   0: 0x80007f4a (0x00fa9093) slli    ra, s5, 15
core   0: 3 0x80007f4a (0x00fa9093) x 1 0x5c388000
core   0: 0x80007f4e (0x0076df63) bge     a3, t2, pc + 30
core   0: 3 0x80007f4e (0x0076df63)
core   0: 0x80007f52 (0x00008dd1) c.or    a1, a2
core   0: 3 0x80007f52 (0x8dd1) x11 0xffffffff
core   0: 0x80007f54 (0x017d6e63) bltu    s10, s7, pc + 28
core   0: 3 0x80007f54 (0x017d6e63)
core   0: 0x80007f58 (0x41b5a913) slti    s2, a1, 1051
core   0: 3 0x80007f58 (0x41b5a913) x18 0x00000001
core   0: 0x80007f5c (0x00000001) c.nop
core   0: 3 0x80007f5c (0x0001)
core   0: 0x80007f5e (0x00008099) c.srli  s1, 6
core   0: 3 0x80007f5e (0x8099) x 9 0x03ffffff
core   0: 0x80007f60 (0x12898213) addi    tp, s3, 296
core   0: 3 0x80007f60 (0x12898213) x 4 0xedc15128
core   0: 0x80007f64 (0x0327bfb3) mulhu   t6, a5, s2
core   0: 3 0x80007f64 (0x0327bfb3) x31 0x00000000
core   0: 0x80007f68 (0x035ef963) bgeu    t4, s5, pc + 50
core   0: 3 0x80007f68 (0x035ef963)
core   0: 0x80007f6c (0x000088b9) c.andi  s1, 14
core   0: 3 0x80007f6c (0x88b9) x 9 0x0000000e
core   0: 0x80007f6e (0x00009a7d) c.andi  a2, -1
core   0: 3 0x80007f6e (0x9a7d) x12 0x00000000
core   0: 0x80007f70 (0x026e8533) mul     a0, t4, t1
core   0: 3 0x80007f70 (0x026e8533) x10 0x03c00000
core   0: 0x80007f74 (0x00000265) c.addi  tp, 25
core   0: 3 0x80007f74 (0x0265) x 4 0xedc15141
core   0: 0x80007f76 (0x009bebb3) or      s7, s7, s1
core   0: 3 0x80007f76 (0x009bebb3) x23 0x79f56c8e
core   0: 0x80007f7a (0x41b25e33) sra     t3, tp, s11
core   0: 3 0x80007f7a (0x41b25e33) x28 0xedc15141
core   0: 0x80007f7e (0x00004405) c.li    s0, 1
core   0: 3 0x80007f7e (0x4405) x 8 0x00000001
core   0: 0x80007f80 (0x5171b897) auipc   a7, 0x5171b
core   0: 3 0x80007f80 (0x5171b897) x17 0xd1722f80
core   0: 0x80007f84 (0x00000001) c.nop
core   0: 3 0x80007f84 (0x0001)
core   0: 0x80007f86 (0x01455a63) bge     a0, s4, pc + 20
core   0: 3 0x80007f86 (0x01455a63)
core   0: 0x80007f9a (0xd26da917) auipc   s2, 0xd26da
core   0: 3 0x80007f9a (0xd26da917) x18 0x526e1f9a
core   0: 0x80007f9e (0x0000eb1d) c.bnez  a4, pc + 54
core   0: 3 0x80007f9e (0xeb1d)
core   0: 0x80007fa0 (0x004f5f33) srl     t5, t5, tp
core   0: 3 0x80007fa0 (0x004f5f33) x30 0x2e180000
core   0: 0x80007fa4 (0x410e5693) srai    a3, t3, 16
core   0: 3 0x80007fa4 (0x410e5693) x13 0xffffedc1
core   0: 0x80007fa8 (0x03da7e33) remu    t3, s4, t4
core   0: 3 0x80007fa8 (0x03da7e33) x28 0x0000ffff
core   0: 0x80007fac (0x01eb9c33) sll     s8, s7, t5
core   0: 3 0x80007fac (0x01eb9c33) x24 0x79f56c8e
core   0: 0x80007fb0 (0x3ced6993) ori     s3, s10, 974
core   0: 3 0x80007fb0 (0x3ced6993) x19 0x80022fde
core   0: 0x80007fb4 (0x0000842e) c.mv    s0, a1
core   0: 3 0x80007fb4 (0x842e) x 8 0xffffffff
core   0: 0x80007fb6 (0x00008ef9) c.and   a3, a4
core   0: 3 0x80007fb6 (0x8ef9) x13 0x00000000
core   0: 0x80007fb8 (0x00051db3) sll     s11, a0, zero
core   0: 3 0x80007fb8 (0x00051db3) x27 0x03c00000
core   0: 0x80007fbc (0x000006b2) c.slli  a3, 12
core   0: 3 0x80007fbc (0x06b2) x13 0x00000000
core   0: 0x80007fbe (0x00001cfd) c.addi  s9, -1
core   0: 3 0x80007fbe (0x1cfd) x25 0x0003c78c
core   0: 0x80007fc0 (0x00771f93) slli    t6, a4, 7
core   0: 3 0x80007fc0 (0x00771f93) x31 0x00000000
core   0: 0x80007fc4 (0x005d4b63) blt     s10, t0, pc + 22
core   0: 3 0x80007fc4 (0x005d4b63)
core   0: 0x80007fda (0x1febfa93) andi    s5, s7, 510
core   0: 3 0x80007fda (0x1febfa93) x21 0x0000008e
core   0: 0x80007fde (0x0315f363) bgeu    a1, a7, pc + 38
core   0: 3 0x80007fde (0x0315f363)
core   0: 0x80008004 (0x00006ae5) c.lui   s5, 0x19
core   0: 3 0x80008004 (0x6ae5) x21 0x00019000
core   0: 0x80008006 (0xf220ab13) slti    s6, ra, -222
core   0: 3 0x80008006 (0xf220ab13) x22 0x00000000
core   0: 0x8000800a (0xcb63fd93) andi    s11, t2, -842
core   0: 3 0x8000800a (0xcb63fd93) x27 0x1a000000
core   0: 0x8000800e (0x0ff0000f) fence   iorw,iorw
core   0: 3 0x8000800e (0x0ff0000f)
core   0: 0x80008012 (0x033c10b3) mulh    ra, s8, s3
core   0: 3 0x80008012 (0x033c10b3) x 1 0xc3065471
core   0: 0x80008016 (0x014e5893) srli    a7, t3, 20
core   0: 3 0x80008016 (0x014e5893) x17 0x00000000
core   0: 0x8000801a (0x00008c6d) c.and   s0, a1
core   0: 3 0x8000801a (0x8c6d) x 8 0xffffffff
core   0: 0x8000801c (0x00d9d313) srli    t1, s3, 13
core   0: 3 0x8000801c (0x00d9d313) x 6 0x00040011
core   0: 0x80008020 (0x00008c7d) c.and   s0, a5
core   0: 3 0x80008020 (0x8c7d) x 8 0x00000000
core   0: 0x80008022 (0xb1e92593) slti    a1, s2, -1250
core   0: 3 0x80008022 (0xb1e92593) x11 0x00000000
core   0: 0x80008026 (0x0ff0000f) fence   iorw,iorw
core   0: 3 0x80008026 (0x0ff0000f)
core   0: 0x8000802a (0x0000ef01) c.bnez  a4, pc + 24
core   0: 3 0x8000802a (0xef01)
core   0: 0x8000802c (0x54a8f213) andi    tp, a7, 1354
core   0: 3 0x8000802c (0x54a8f213) x 4 0x00000000
core   0: 0x80008030 (0x0040c663) blt     ra, tp, pc + 12
core   0: 3 0x80008030 (0x0040c663)
core   0: 0x8000803c (0x0000eb1d) c.bnez  a4, pc + 54
core   0: 3 0x8000803c (0xeb1d)
core   0: 0x8000803e (0x006b4233) xor     tp, s6, t1
core   0: 3 0x8000803e (0x006b4233) x 4 0x00040011
core   0: 0x80008042 (0x0190cf33) xor     t5, ra, s9
core   0: 3 0x80008042 (0x0190cf33) x30 0xc30593fd
core   0: 0x80008046 (0x8c3b6a37) lui     s4, 0x8c3b6
core   0: 3 0x80008046 (0x8c3b6a37) x20 0x8c3b6000
core   0: 0x8000804a (0x00008cbd) c.xor   s1, a5
core   0: 3 0x8000804a (0x8cbd) x 9 0x0000000e
core   0: 0x8000804c (0x02b31e33) mulh    t3, t1, a1
core   0: 3 0x8000804c (0x02b31e33) x28 0x00000000
core   0: 0x80008050 (0x001af233) and     tp, s5, ra
core   0: 3 0x80008050 (0x001af233) x 4 0x00001000
core   0: 0x80008054 (0x0000e49d) c.bnez  s1, pc + 46
core   0: 3 0x80008054 (0xe49d)
core   0: 0x80008082 (0x009f4b63) blt     t5, s1, pc + 22
core   0: 3 0x80008082 (0x009f4b63)
core   0: 0x80008098 (0x0072f933) and     s2, t0, t2
core   0: 3 0x80008098 (0x0072f933) x18 0x00000000
core   0: 0x8000809c (0x03849b63) bne     s1, s8, pc + 54
core   0: 3 0x8000809c (0x03849b63)
core   0: 0x800080d2 (0xf831eb13) ori     s6, gp, -125
core   0: 3 0x800080d2 (0xf831eb13) x22 0xfffffff3
core   0: 0x800080d6 (0x000ab2b3) sltu    t0, s5, zero
core   0: 3 0x800080d6 (0x000ab2b3) x 5 0x00000000
core   0: 0x800080da (0x40b282b3) sub     t0, t0, a1
core   0: 3 0x800080da (0x40b282b3) x 5 0x00000000
core   0: 0x800080de (0x00249813) slli    a6, s1, 2
core   0: 3 0x800080de (0x00249813) x16 0x00000038
core   0: 0x800080e2 (0x029802b3) mul     t0, a6, s1
core   0: 3 0x800080e2 (0x029802b3) x 5 0x00000310
core   0: 0x800080e6 (0xb06163b7) lui     t2, 0xb0616
core   0: 3 0x800080e6 (0xb06163b7) x 7 0xb0616000
core   0: 0x800080ea (0x01b87bb3) and     s7, a6, s11
core   0: 3 0x800080ea (0x01b87bb3) x23 0x00000000
core   0: 0x800080ee (0x01f1aab3) slt     s5, gp, t6
core   0: 3 0x800080ee (0x01f1aab3) x21 0x00000000
core   0: 0x800080f2 (0x00000faa) c.slli  t6, 10
core   0: 3 0x800080f2 (0x0faa) x31 0x00000000
core   0: 0x800080f4 (0x00000001) c.nop
core   0: 3 0x800080f4 (0x0001)
core   0: 0x800080f6 (0x0354c533) div     a0, s1, s5
core   0: 3 0x800080f6 (0x0354c533) x10 0xffffffff
core   0: 0x800080fa (0x00008e81) c.sub   a3, s0
core   0: 3 0x800080fa (0x8e81) x13 0x00000000
core   0: 0x800080fc (0x002f74b3) and     s1, t5, sp
core   0: 3 0x800080fc (0x002f74b3) x 9 0x800000e4
core   0: 0x80008100 (0x03145233) divu    tp, s0, a7
core   0: 3 0x80008100 (0x03145233) x 4 0xffffffff
core   0: 0x80008104 (0x00008e6d) c.and   a2, a1
core   0: 3 0x80008104 (0x8e6d) x12 0x00000000
core   0: 0x80008106 (0x000000fe) c.slli  ra, 31
core   0: 3 0x80008106 (0x00fe) x 1 0x80000000
core   0: 0x80008108 (0x000058fd) c.li    a7, -1
core   0: 3 0x80008108 (0x58fd) x17 0xffffffff
core   0: 0x8000810a (0x00008e09) c.sub   a2, a0
core   0: 3 0x8000810a (0x8e09) x12 0x00000001
core   0: 0x8000810c (0x01131433) sll     s0, t1, a7
core   0: 3 0x8000810c (0x01131433) x 8 0x80000000
core   0: 0x80008110 (0x000003ce) c.slli  t2, 19
core   0: 3 0x80008110 (0x03ce) x 7 0x00000000
core   0: 0x80008112 (0x412002b3) sub     t0, zero, s2
core   0: 3 0x80008112 (0x412002b3) x 5 0x00000000
core   0: 0x80008116 (0x00e02cb3) slt     s9, zero, a4
core   0: 3 0x80008116 (0x00e02cb3) x25 0x00000000
core   0: 0x8000811a (0x41afd693) srai    a3, t6, 26
core   0: 3 0x8000811a (0x41afd693) x13 0x00000000
core   0: 0x8000811e (0x03bf5f33) divu    t5, t5, s11
core   0: 3 0x8000811e (0x03bf5f33) x30 0x00000007
core   0: 0x80008122 (0x000055fd) c.li    a1, -1
core   0: 3 0x80008122 (0x55fd) x11 0xffffffff
core   0: 0x80008124 (0x45293613) sltiu   a2, s2, 1106
core   0: 3 0x80008124 (0x45293613) x12 0x00000001
core   0: 0x80008128 (0x028f8663) beq     t6, s0, pc + 44
core   0: 3 0x80008128 (0x028f8663)
core   0: 0x8000812c (0x01ae8ab3) add     s5, t4, s10
core   0: 3 0x8000812c (0x01ae8ab3) x21 0x8005ee18
core   0: 0x80008130 (0x03730bb3) mul     s7, t1, s7
core   0: 3 0x80008130 (0x03730bb3) x23 0x00000000
core   0: 0x80008134 (0x000082da) c.mv    t0, s6
core   0: 3 0x80008134 (0x82da) x 5 0xfffffff3
core   0: 0x80008136 (0x9f21ab93) slti    s7, gp, -1550
core   0: 3 0x80008136 (0x9f21ab93) x23 0x00000000
core   0: 0x8000813a (0x0000e715) c.bnez  a4, pc + 44
core   0: 3 0x8000813a (0xe715)
core   0: 0x8000813c (0xff68cdb7) lui     s11, 0xff68c
core   0: 3 0x8000813c (0xff68cdb7) x27 0xff68c000
core   0: 0x80008140 (0x003c72b3) and     t0, s8, gp
core   0: 3 0x80008140 (0x003c72b3) x 5 0x00000000
core   0: 0x80008144 (0x0104f933) and     s2, s1, a6
core   0: 3 0x80008144 (0x0104f933) x18 0x00000020
core   0: 0x80008148 (0x000af5b3) and     a1, s5, zero
core   0: 3 0x80008148 (0x000af5b3) x11 0x00000000
core   0: 0x8000814c (0x0ff0000f) fence   iorw,iorw
core   0: 3 0x8000814c (0x0ff0000f)
core   0: 0x80008150 (0x037da8b3) mulhsu  a7, s11, s7
core   0: 3 0x80008150 (0x037da8b3) x17 0x00000000
core   0: 0x80008154 (0x00000001) c.nop
core   0: 3 0x80008154 (0x0001)
core   0: 0x80008156 (0x00006221) c.lui   tp, 0x8
core   0: 3 0x80008156 (0x6221) x 4 0x00008000
core   0: 0x80008158 (0x00008c69) c.and   s0, a0
core   0: 3 0x80008158 (0x8c69) x 8 0x80000000
core   0: 0x8000815a (0x001ccb33) xor     s6, s9, ra
core   0: 3 0x8000815a (0x001ccb33) x22 0x80000000
core   0: 0x8000815e (0x40365493) srai    s1, a2, 3
core   0: 3 0x8000815e (0x40365493) x 9 0x00000000
core   0: 0x80008162 (0x016330b3) sltu    ra, t1, s6
core   0: 3 0x80008162 (0x016330b3) x 1 0x00000001
core   0: 0x80008166 (0xdb02e413) ori     s0, t0, -592
core   0: 3 0x80008166 (0xdb02e413) x 8 0xfffffdb0
core   0: 0x8000816a (0x027a8233) mul     tp, s5, t2
core   0: 3 0x8000816a (0x027a8233) x 4 0x00000000
core   0: 0x8000816e (0x00008e89) c.sub   a3, a0
core   0: 3 0x8000816e (0x8e89) x13 0x00000001
core   0: 0x80008170 (0x41e05db3) sra     s11, zero, t5
core   0: 3 0x80008170 (0x41e05db3) x27 0x00000000
core   0: 0x80008174 (0x0000100f) fence.i
core   0: 3 0x80008174 (0x0000100f)
core   0: 0x80008178 (0x03bf7533) remu    a0, t5, s11
core   0: 3 0x80008178 (0x03bf7533) x10 0x00000007
core   0: 0x8000817c (0x00008d1d) c.sub   a0, a5
core   0: 3 0x8000817c (0x8d1d) x10 0x00000007
core   0: 0x8000817e (0x00008125) c.srli  a0, 9
core   0: 3 0x8000817e (0x8125) x10 0x00000000
core   0: 0x80008180 (0x00008f41) c.or    a4, s0
core   0: 3 0x80008180 (0x8f41) x14 0xfffffdb0
core   0: 0x80008182 (0x01649a93) slli    s5, s1, 22
core   0: 3 0x80008182 (0x01649a93) x21 0x00000000
core   0: 0x80008186 (0x0066e4b3) or      s1, a3, t1
core   0: 3 0x80008186 (0x0066e4b3) x 9 0x00040011
core   0: 0x8000818a (0x00b023b3) slt     t2, zero, a1
core   0: 3 0x8000818a (0x00b023b3) x 7 0x00000000
core   0: 0x8000818e (0x00f6b733) sltu    a4, a3, a5
core   0: 3 0x8000818e (0x00f6b733) x14 0x00000000
core   0: 0x80008192 (0x00008565) c.srai  a0, 25
core   0: 3 0x80008192 (0x8565) x10 0x00000000
core   0: 0x80008194 (0x009d6e63) bltu    s10, s1, pc + 28
core   0: 3 0x80008194 (0x009d6e63)
core   0: 0x80008198 (0x00008ae9) c.andi  a3, 26
core   0: 3 0x80008198 (0x8ae9) x13 0x00000000
core   0: 0x8000819a (0x00008e2d) c.xor   a2, a1
core   0: 3 0x8000819a (0x8e2d) x12 0x00000001
core   0: 0x8000819c (0x00000f26) c.slli  t5, 9
core   0: 3 0x8000819c (0x0f26) x30 0x00000e00
core   0: 0x8000819e (0x03f84bb3) div     s7, a6, t6
core   0: 3 0x8000819e (0x03f84bb3) x23 0xffffffff
core   0: 0x800081a2 (0x8f753517) auipc   a0, 0x8f753
core   0: 3 0x800081a2 (0x8f753517) x10 0x0f75b1a2
core   0: 0x800081a6 (0x00008da5) c.xor   a1, s1
core   0: 3 0x800081a6 (0x8da5) x11 0x00040011
core   0: 0x800081a8 (0xd55aeb93) ori     s7, s5, -683
core   0: 3 0x800081a8 (0xd55aeb93) x23 0xfffffd55
core   0: 0x800081ac (0x03e86063) bltu    a6, t5, pc + 32
core   0: 3 0x800081ac (0x03e86063)
core   0: 0x800081cc (0x00005bfd) c.li    s7, -1
core   0: 3 0x800081cc (0x5bfd) x23 0xffffffff
core   0: 0x800081ce (0x02ffbe33) mulhu   t3, t6, a5
core   0: 3 0x800081ce (0x02ffbe33) x28 0x00000000
core   0: 0x800081d2 (0x000082f5) c.srli  a3, 29
core   0: 3 0x800081d2 (0x82f5) x13 0x00000000
core   0: 0x800081d4 (0x00008db5) c.xor   a1, a3
core   0: 3 0x800081d4 (0x8db5) x11 0x00040011
core   0: 0x800081d6 (0x0076cb63) blt     a3, t2, pc + 22
core   0: 3 0x800081d6 (0x0076cb63)
core   0: 0x800081da (0x00008ab6) c.mv    s5, a3
core   0: 3 0x800081da (0x8ab6) x21 0x00000000
core   0: 0x800081dc (0x00008a6a) c.mv    s4, s10
core   0: 3 0x800081dc (0x8a6a) x20 0x80022e18
core   0: 0x800081de (0x03a16cb3) rem     s9, sp, s10
core   0: 3 0x800081de (0x03a16cb3) x25 0x80026ce4
core   0: 0x800081e2 (0xe1e0f993) andi    s3, ra, -482
core   0: 3 0x800081e2 (0xe1e0f993) x19 0x00000000
core   0: 0x800081e6 (0x00008d25) c.xor   a0, s1
core   0: 3 0x800081e6 (0x8d25) x10 0x0f71b1b3
core   0: 0x800081e8 (0x40445993) srai    s3, s0, 4
core   0: 3 0x800081e8 (0x40445993) x19 0xffffffdb
core   0: 0x800081ec (0x03bce463) bltu    s9, s11, pc + 40
core   0: 3 0x800081ec (0x03bce463)
core   0: 0x800081f0 (0x6266e213) ori     tp, a3, 1574
core   0: 3 0x800081f0 (0x6266e213) x 4 0x00000626
core   0: 0x800081f4 (0x02110063) beq     sp, ra, pc + 32
core   0: 3 0x800081f4 (0x02110063)
core   0: 0x800081f8 (0x0000987d) c.andi  s0, -1
core   0: 3 0x800081f8 (0x987d) x 8 0xfffffdb0
core   0: 0x800081fa (0x009f8f33) add     t5, t6, s1
core   0: 3 0x800081fa (0x009f8f33) x30 0x00040011
core   0: 0x800081fe (0x0365fd63) bgeu    a1, s6, pc + 58
core   0: 3 0x800081fe (0x0365fd63)
core   0: 0x80008202 (0xddc33493) sltiu   s1, t1, -548
core   0: 3 0x80008202 (0xddc33493) x 9 0x00000001
core   0: 0x80008206 (0x021e1b63) bne     t3, ra, pc + 54
core   0: 3 0x80008206 (0x021e1b63)
core   0: 0x8000823c (0x00008d51) c.or    a0, a2
core   0: 3 0x8000823c (0x8d51) x10 0x0f71b1b3
core   0: 0x8000823e (0x00006c1d) c.lui   s8, 0x7
core   0: 3 0x8000823e (0x6c1d) x24 0x00007000
core   0: 0x80008240 (0x00800493) li      s1, 8
core   0: 3 0x80008240 (0x00800493) x 9 0x00000008
core   0: 0x80008244 (0xaaf20713) addi    a4, tp, -1361
core   0: 3 0x80008244 (0xaaf20713) x14 0x000000d5
core   0: 0x80008248 (0x00008d4d) c.or    a0, a1
core   0: 3 0x80008248 (0x8d4d) x10 0x0f75b1b3
core   0: 0x8000824a (0x00008c51) c.or    s0, a2
core   0: 3 0x8000824a (0x8c51) x 8 0xfffffdb1
core   0: 0x8000824c (0x00956f33) or      t5, a0, s1
core   0: 3 0x8000824c (0x00956f33) x30 0x0f75b1bb
core   0: 0x80008250 (0x01fde333) or      t1, s11, t6
core   0: 3 0x80008250 (0x01fde333) x 6 0x00000000
core   0: 0x80008254 (0x034ab033) mulhu   zero, s5, s4
core   0: 3 0x80008254 (0x034ab033)
core   0: 0x80008258 (0x0062e233) or      tp, t0, t1
core   0: 3 0x80008258 (0x0062e233) x 4 0x00000000
core   0: 0x8000825c (0x00008d21) c.xor   a0, s0
core   0: 3 0x8000825c (0x8d21) x10 0xf08a4c02
core   0: 0x8000825e (0x02c84c33) div     s8, a6, a2
core   0: 3 0x8000825e (0x02c84c33) x24 0x00000038
core   0: 0x80008262 (0x0000918a) c.add   gp, sp
core   0: 3 0x80008262 (0x918a) x 3 0x80026e55
core   0: 0x80008264 (0x00200f93) li      t6, 2
core   0: 3 0x80008264 (0x00200f93) x31 0x00000002
core   0: 0x80008268 (0x00295413) srli    s0, s2, 2
core   0: 3 0x80008268 (0x00295413) x 8 0x00000008
core   0: 0x8000826c (0x00001efd) c.addi  t4, -1
core   0: 3 0x8000826c (0x1efd) x29 0x0003bfff
core   0: 0x8000826e (0x00008896) c.mv    a7, t0
core   0: 3 0x8000826e (0x8896) x17 0x00000000
core   0: 0x80008270 (0x01a0be33) sltu    t3, ra, s10
core   0: 3 0x80008270 (0x01a0be33) x28 0x00000001
core   0: 0x80008274 (0x02438bb3) mul     s7, t2, tp
core   0: 3 0x80008274 (0x02438bb3) x23 0x00000000
core   0: 0x80008278 (0x000088f2) c.mv    a7, t3
core   0: 3 0x80008278 (0x88f2) x17 0x00000001
core   0: 0x8000827a (0x00e7da93) srli    s5, a5, 14
core   0: 3 0x8000827a (0x00e7da93) x21 0x00000000
core   0: 0x8000827e (0x40bc81b3) sub     gp, s9, a1
core   0: 3 0x8000827e (0x40bc81b3) x 3 0x7ffe6cd3
core   0: 0x80008282 (0x00008972) c.mv    s2, t3
core   0: 3 0x80008282 (0x8972) x18 0x00000001
core   0: 0x80008284 (0x000014fd) c.addi  s1, -1
core   0: 3 0x80008284 (0x14fd) x 9 0x00000007
core   0: 0x80008286 (0x00008eed) c.and   a3, a1
core   0: 3 0x80008286 (0x8eed) x13 0x00000000
core   0: 0x80008288 (0x000000c9) c.addi  ra, 18
core   0: 3 0x80008288 (0x00c9) x 1 0x00000013
core   0: 0x8000828a (0x00000001) c.nop
core   0: 3 0x8000828a (0x0001)
core   0: 0x8000828c (0x00008d79) c.and   a0, a4
core   0: 3 0x8000828c (0x8d79) x10 0x00000000
core   0: 0x8000828e (0x00da72b3) and     t0, s4, a3
core   0: 3 0x8000828e (0x00da72b3) x 5 0x00000000
core   0: 0x80008292 (0xfff4f1e3) bgeu    s1, t6, pc - 30
core   0: 3 0x80008292 (0xfff4f1e3)
core   0: 0x80008274 (0x02438bb3) mul     s7, t2, tp
core   0: 3 0x80008274 (0x02438bb3) x23 0x00000000
core   0: 0x80008278 (0x000088f2) c.mv    a7, t3
core   0: 3 0x80008278 (0x88f2) x17 0x00000001
core   0: 0x8000827a (0x00e7da93) srli    s5, a5, 14
core   0: 3 0x8000827a (0x00e7da93) x21 0x00000000
core   0: 0x8000827e (0x40bc81b3) sub     gp, s9, a1
core   0: 3 0x8000827e (0x40bc81b3) x 3 0x7ffe6cd3
core   0: 0x80008282 (0x00008972) c.mv    s2, t3
core   0: 3 0x80008282 (0x8972) x18 0x00000001
core   0: 0x80008284 (0x000014fd) c.addi  s1, -1
core   0: 3 0x80008284 (0x14fd) x 9 0x00000006
core   0: 0x80008286 (0x00008eed) c.and   a3, a1
core   0: 3 0x80008286 (0x8eed) x13 0x00000000
core   0: 0x80008288 (0x000000c9) c.addi  ra, 18
core   0: 3 0x80008288 (0x00c9) x 1 0x00000025
core   0: 0x8000828a (0x00000001) c.nop
core   0: 3 0x8000828a (0x0001)
core   0: 0x8000828c (0x00008d79) c.and   a0, a4
core   0: 3 0x8000828c (0x8d79) x10 0x00000000
core   0: 0x8000828e (0x00da72b3) and     t0, s4, a3
core   0: 3 0x8000828e (0x00da72b3) x 5 0x00000000
core   0: 0x80008292 (0xfff4f1e3) bgeu    s1, t6, pc - 30
core   0: 3 0x80008292 (0xfff4f1e3)
core   0: 0x80008274 (0x02438bb3) mul     s7, t2, tp
core   0: 3 0x80008274 (0x02438bb3) x23 0x00000000
core   0: 0x80008278 (0x000088f2) c.mv    a7, t3
core   0: 3 0x80008278 (0x88f2) x17 0x00000001
core   0: 0x8000827a (0x00e7da93) srli    s5, a5, 14
core   0: 3 0x8000827a (0x00e7da93) x21 0x00000000
core   0: 0x8000827e (0x40bc81b3) sub     gp, s9, a1
core   0: 3 0x8000827e (0x40bc81b3) x 3 0x7ffe6cd3
core   0: 0x80008282 (0x00008972) c.mv    s2, t3
core   0: 3 0x80008282 (0x8972) x18 0x00000001
core   0: 0x80008284 (0x000014fd) c.addi  s1, -1
core   0: 3 0x80008284 (0x14fd) x 9 0x00000005
core   0: 0x80008286 (0x00008eed) c.and   a3, a1
core   0: 3 0x80008286 (0x8eed) x13 0x00000000
core   0: 0x80008288 (0x000000c9) c.addi  ra, 18
core   0: 3 0x80008288 (0x00c9) x 1 0x00000037
core   0: 0x8000828a (0x00000001) c.nop
core   0: 3 0x8000828a (0x0001)
core   0: 0x8000828c (0x00008d79) c.and   a0, a4
core   0: 3 0x8000828c (0x8d79) x10 0x00000000
core   0: 0x8000828e (0x00da72b3) and     t0, s4, a3
core   0: 3 0x8000828e (0x00da72b3) x 5 0x00000000
core   0: 0x80008292 (0xfff4f1e3) bgeu    s1, t6, pc - 30
core   0: 3 0x80008292 (0xfff4f1e3)
core   0: 0x80008274 (0x02438bb3) mul     s7, t2, tp
core   0: 3 0x80008274 (0x02438bb3) x23 0x00000000
core   0: 0x80008278 (0x000088f2) c.mv    a7, t3
core   0: 3 0x80008278 (0x88f2) x17 0x00000001
core   0: 0x8000827a (0x00e7da93) srli    s5, a5, 14
core   0: 3 0x8000827a (0x00e7da93) x21 0x00000000
core   0: 0x8000827e (0x40bc81b3) sub     gp, s9, a1
core   0: 3 0x8000827e (0x40bc81b3) x 3 0x7ffe6cd3
core   0: 0x80008282 (0x00008972) c.mv    s2, t3
core   0: 3 0x80008282 (0x8972) x18 0x00000001
core   0: 0x80008284 (0x000014fd) c.addi  s1, -1
core   0: 3 0x80008284 (0x14fd) x 9 0x00000004
core   0: 0x80008286 (0x00008eed) c.and   a3, a1
core   0: 3 0x80008286 (0x8eed) x13 0x00000000
core   0: 0x80008288 (0x000000c9) c.addi  ra, 18
core   0: 3 0x80008288 (0x00c9) x 1 0x00000049
core   0: 0x8000828a (0x00000001) c.nop
core   0: 3 0x8000828a (0x0001)
core   0: 0x8000828c (0x00008d79) c.and   a0, a4
core   0: 3 0x8000828c (0x8d79) x10 0x00000000
core   0: 0x8000828e (0x00da72b3) and     t0, s4, a3
core   0: 3 0x8000828e (0x00da72b3) x 5 0x00000000
core   0: 0x80008292 (0xfff4f1e3) bgeu    s1, t6, pc - 30
core   0: 3 0x80008292 (0xfff4f1e3)
core   0: 0x80008274 (0x02438bb3) mul     s7, t2, tp
core   0: 3 0x80008274 (0x02438bb3) x23 0x00000000
core   0: 0x80008278 (0x000088f2) c.mv    a7, t3
core   0: 3 0x80008278 (0x88f2) x17 0x00000001
core   0: 0x8000827a (0x00e7da93) srli    s5, a5, 14
core   0: 3 0x8000827a (0x00e7da93) x21 0x00000000
core   0: 0x8000827e (0x40bc81b3) sub     gp, s9, a1
core   0: 3 0x8000827e (0x40bc81b3) x 3 0x7ffe6cd3
core   0: 0x80008282 (0x00008972) c.mv    s2, t3
core   0: 3 0x80008282 (0x8972) x18 0x00000001
core   0: 0x80008284 (0x000014fd) c.addi  s1, -1
core   0: 3 0x80008284 (0x14fd) x 9 0x00000003
core   0: 0x80008286 (0x00008eed) c.and   a3, a1
core   0: 3 0x80008286 (0x8eed) x13 0x00000000
core   0: 0x80008288 (0x000000c9) c.addi  ra, 18
core   0: 3 0x80008288 (0x00c9) x 1 0x0000005b
core   0: 0x8000828a (0x00000001) c.nop
core   0: 3 0x8000828a (0x0001)
core   0: 0x8000828c (0x00008d79) c.and   a0, a4
core   0: 3 0x8000828c (0x8d79) x10 0x00000000
core   0: 0x8000828e (0x00da72b3) and     t0, s4, a3
core   0: 3 0x8000828e (0x00da72b3) x 5 0x00000000
core   0: 0x80008292 (0xfff4f1e3) bgeu    s1, t6, pc - 30
core   0: 3 0x80008292 (0xfff4f1e3)
core   0: 0x80008274 (0x02438bb3) mul     s7, t2, tp
core   0: 3 0x80008274 (0x02438bb3) x23 0x00000000
core   0: 0x80008278 (0x000088f2) c.mv    a7, t3
core   0: 3 0x80008278 (0x88f2) x17 0x00000001
core   0: 0x8000827a (0x00e7da93) srli    s5, a5, 14
core   0: 3 0x8000827a (0x00e7da93) x21 0x00000000
core   0: 0x8000827e (0x40bc81b3) sub     gp, s9, a1
core   0: 3 0x8000827e (0x40bc81b3) x 3 0x7ffe6cd3
core   0: 0x80008282 (0x00008972) c.mv    s2, t3
core   0: 3 0x80008282 (0x8972) x18 0x00000001
core   0: 0x80008284 (0x000014fd) c.addi  s1, -1
core   0: 3 0x80008284 (0x14fd) x 9 0x00000002
core   0: 0x80008286 (0x00008eed) c.and   a3, a1
core   0: 3 0x80008286 (0x8eed) x13 0x00000000
core   0: 0x80008288 (0x000000c9) c.addi  ra, 18
core   0: 3 0x80008288 (0x00c9) x 1 0x0000006d
core   0: 0x8000828a (0x00000001) c.nop
core   0: 3 0x8000828a (0x0001)
core   0: 0x8000828c (0x00008d79) c.and   a0, a4
core   0: 3 0x8000828c (0x8d79) x10 0x00000000
core   0: 0x8000828e (0x00da72b3) and     t0, s4, a3
core   0: 3 0x8000828e (0x00da72b3) x 5 0x00000000
core   0: 0x80008292 (0xfff4f1e3) bgeu    s1, t6, pc - 30
core   0: 3 0x80008292 (0xfff4f1e3)
core   0: 0x80008274 (0x02438bb3) mul     s7, t2, tp
core   0: 3 0x80008274 (0x02438bb3) x23 0x00000000
core   0: 0x80008278 (0x000088f2) c.mv    a7, t3
core   0: 3 0x80008278 (0x88f2) x17 0x00000001
core   0: 0x8000827a (0x00e7da93) srli    s5, a5, 14
core   0: 3 0x8000827a (0x00e7da93) x21 0x00000000
core   0: 0x8000827e (0x40bc81b3) sub     gp, s9, a1
core   0: 3 0x8000827e (0x40bc81b3) x 3 0x7ffe6cd3
core   0: 0x80008282 (0x00008972) c.mv    s2, t3
core   0: 3 0x80008282 (0x8972) x18 0x00000001
core   0: 0x80008284 (0x000014fd) c.addi  s1, -1
core   0: 3 0x80008284 (0x14fd) x 9 0x00000001
core   0: 0x80008286 (0x00008eed) c.and   a3, a1
core   0: 3 0x80008286 (0x8eed) x13 0x00000000
core   0: 0x80008288 (0x000000c9) c.addi  ra, 18
core   0: 3 0x80008288 (0x00c9) x 1 0x0000007f
core   0: 0x8000828a (0x00000001) c.nop
core   0: 3 0x8000828a (0x0001)
core   0: 0x8000828c (0x00008d79) c.and   a0, a4
core   0: 3 0x8000828c (0x8d79) x10 0x00000000
core   0: 0x8000828e (0x00da72b3) and     t0, s4, a3
core   0: 3 0x8000828e (0x00da72b3) x 5 0x00000000
core   0: 0x80008292 (0xfff4f1e3) bgeu    s1, t6, pc - 30
core   0: 3 0x80008292 (0xfff4f1e3)
core   0: 0x80008296 (0x8636ea13) ori     s4, a3, -1949
core   0: 3 0x80008296 (0x8636ea13) x20 0xfffff863
core   0: 0x8000829a (0x00ea1313) slli    t1, s4, 14
core   0: 3 0x8000829a (0x00ea1313) x 6 0xfe18c000
core   0: 0x8000829e (0x00008c9d) c.sub   s1, a5
core   0: 3 0x8000829e (0x8c9d) x 9 0x00000001
core   0: 0x800082a0 (0x00000001) c.nop
core   0: 3 0x800082a0 (0x0001)
core   0: 0x800082a2 (0x00000fbd) c.addi  t6, 15
core   0: 3 0x800082a2 (0x0fbd) x31 0x00000011
core   0: 0x800082a4 (0x007410b3) sll     ra, s0, t2
core   0: 3 0x800082a4 (0x007410b3) x 1 0x00000008
core   0: 0x800082a8 (0x00008db3) add     s11, ra, zero
core   0: 3 0x800082a8 (0x00008db3) x27 0x00000008
core   0: 0x800082ac (0x193b4513) xori    a0, s6, 403
core   0: 3 0x800082ac (0x193b4513) x10 0x80000193
core   0: 0x800082b0 (0x000082fd) c.srli  a3, 31
core   0: 3 0x800082b0 (0x82fd) x13 0x00000000
core   0: 0x800082b2 (0x02f04333) div     t1, zero, a5
core   0: 3 0x800082b2 (0x02f04333) x 6 0xffffffff
core   0: 0x800082b6 (0x023e58b3) divu    a7, t3, gp
core   0: 3 0x800082b6 (0x023e58b3) x17 0x00000000
core   0: 0x800082ba (0x00000001) c.nop
core   0: 3 0x800082ba (0x0001)
core   0: 0x800082bc (0x00008e99) c.sub   a3, a4
core   0: 3 0x800082bc (0x8e99) x13 0xffffff2b
core   0: 0x800082be (0x00cdd5b3) srl     a1, s11, a2
core   0: 3 0x800082be (0x00cdd5b3) x11 0x00000004
core   0: 0x800082c2 (0x02d803b3) mul     t2, a6, a3
core   0: 3 0x800082c2 (0x02d803b3) x 7 0xffffd168
core   0: 0x800082c6 (0xfc469f37) lui     t5, 0xfc469
core   0: 3 0x800082c6 (0xfc469f37) x30 0xfc469000
core   0: 0x800082ca (0x01b28f33) add     t5, t0, s11
core   0: 3 0x800082ca (0x01b28f33) x30 0x00000008
core   0: 0x800082ce (0x0000622d) c.lui   tp, 0xb
core   0: 3 0x800082ce (0x622d) x 4 0x0000b000
core   0: 0x800082d0 (0x000084d5) c.srai  s1, 21
core   0: 3 0x800082d0 (0x84d5) x 9 0x00000000
core   0: 0x800082d2 (0x0119bfb3) sltu    t6, s3, a7
core   0: 3 0x800082d2 (0x0119bfb3) x31 0x00000000
core   0: 0x800082d6 (0x00008c95) c.sub   s1, a3
core   0: 3 0x800082d6 (0x8c95) x 9 0x000000d5
core   0: 0x800082d8 (0x03aaf063) bgeu    s5, s10, pc + 32
core   0: 3 0x800082d8 (0x03aaf063)
core   0: 0x800082dc (0x012cddb3) srl     s11, s9, s2
core   0: 3 0x800082dc (0x012cddb3) x27 0x40013672
core   0: 0x800082e0 (0x025a6033) rem     zero, s4, t0
core   0: 3 0x800082e0 (0x025a6033)
core   0: 0x800082e4 (0x0000100f) fence.i
core   0: 3 0x800082e4 (0x0000100f)
core   0: 0x800082e8 (0xa4a8a193) slti    gp, a7, -1462
core   0: 3 0x800082e8 (0xa4a8a193) x 3 0x00000000
core   0: 0x800082ec (0x0300f733) remu    a4, ra, a6
core   0: 3 0x800082ec (0x0300f733) x14 0x00000008
core   0: 0x800082f0 (0x00009412) c.add   s0, tp
core   0: 3 0x800082f0 (0x9412) x 8 0x0000b008
core   0: 0x800082f2 (0x0000c01d) c.beqz  s0, pc + 38
core   0: 3 0x800082f2 (0xc01d)
core   0: 0x800082f4 (0x17a48e93) addi    t4, s1, 378
core   0: 3 0x800082f4 (0x17a48e93) x29 0x0000024f
core   0: 0x800082f8 (0x40b20533) sub     a0, tp, a1
core   0: 3 0x800082f8 (0x40b20533) x10 0x0000affc
core   0: 0x800082fc (0x00000001) c.nop
core   0: 3 0x800082fc (0x0001)
core   0: 0x800082fe (0x000080f9) c.srli  s1, 30
core   0: 3 0x800082fe (0x80f9) x 9 0x00000000
core   0: 0x80008300 (0x157c7013) andi    zero, s8, 343
core   0: 3 0x80008300 (0x157c7013)
core   0: 0x80008304 (0x40cc83b3) sub     t2, s9, a2
core   0: 3 0x80008304 (0x40cc83b3) x 7 0x80026ce3
core   0: 0x80008308 (0x10ebf693) andi    a3, s7, 270
core   0: 3 0x80008308 (0x10ebf693) x13 0x00000000
core   0: 0x8000830c (0x0207b1b3) mulhu   gp, a5, zero
core   0: 3 0x8000830c (0x0207b1b3) x 3 0x00000000
core   0: 0x80008310 (0x0137f9b3) and     s3, a5, s3
core   0: 3 0x80008310 (0x0137f9b3) x19 0x00000000
core   0: 0x80008314 (0x400cdab3) sra     s5, s9, zero
core   0: 3 0x80008314 (0x400cdab3) x21 0x80026ce4
core   0: 0x80008318 (0x412685b3) sub     a1, a3, s2
core   0: 3 0x80008318 (0x412685b3) x11 0xffffffff
core   0: 0x8000831c (0x00df5c63) bge     t5, a3, pc + 24
core   0: 3 0x8000831c (0x00df5c63)
core   0: 0x80008334 (0x00005e7d) c.li    t3, -1
core   0: 3 0x80008334 (0x5e7d) x28 0xffffffff
core   0: 0x80008336 (0x00eb1833) sll     a6, s6, a4
core   0: 3 0x80008336 (0x00eb1833) x16 0x00000000
core   0: 0x8000833a (0x0123fa33) and     s4, t2, s2
core   0: 3 0x8000833a (0x0123fa33) x20 0x00000001
core   0: 0x8000833e (0x01d461b3) or      gp, s0, t4
core   0: 3 0x8000833e (0x01d461b3) x 3 0x0000b24f
core   0: 0x80008342 (0x00008525) c.srai  a0, 9
core   0: 3 0x80008342 (0x8525) x10 0x00000057
core   0: 0x80008344 (0x0000821e) c.mv    tp, t2
core   0: 3 0x80008344 (0x821e) x 4 0x80026ce3
core   0: 0x80008346 (0x00008889) c.andi  s1, 2
core   0: 3 0x80008346 (0x8889) x 9 0x00000000
core   0: 0x80008348 (0x023e96b3) mulh    a3, t4, gp
core   0: 3 0x80008348 (0x023e96b3) x13 0x00000000
core   0: 0x8000834c (0x00000326) c.slli  t1, 9
core   0: 3 0x8000834c (0x0326) x 6 0xfffffe00
core   0: 0x8000834e (0x00a69933) sll     s2, a3, a0
core   0: 3 0x8000834e (0x00a69933) x18 0x00000000
core   0: 0x80008352 (0x00000962) c.slli  s2, 24
core   0: 3 0x80008352 (0x0962) x18 0x00000000
core   0: 0x80008354 (0x0ff0000f) fence   iorw,iorw
core   0: 3 0x80008354 (0x0ff0000f)
core   0: 0x80008358 (0x40038a33) sub     s4, t2, zero
core   0: 3 0x80008358 (0x40038a33) x20 0x80026ce3
core   0: 0x8000835c (0x007d85b3) add     a1, s11, t2
core   0: 3 0x8000835c (0x007d85b3) x11 0xc003a355
core   0: 0x80008360 (0x00008d9a) c.mv    s11, t1
core   0: 3 0x80008360 (0x8d9a) x27 0xfffffe00
core   0: 0x80008362 (0x96e1a393) slti    t2, gp, -1682
core   0: 3 0x80008362 (0x96e1a393) x 7 0x00000000
core   0: 0x80008366 (0x02e35363) bge     t1, a4, pc + 38
core   0: 3 0x80008366 (0x02e35363)
core   0: 0x8000836a (0x01bbf5b3) and     a1, s7, s11
core   0: 3 0x8000836a (0x01bbf5b3) x11 0x00000000
core   0: 0x8000836e (0x03f02333) mulhsu  t1, zero, t6
core   0: 3 0x8000836e (0x03f02333) x 6 0x00000000
core   0: 0x80008372 (0x0122c233) xor     tp, t0, s2
core   0: 3 0x80008372 (0x0122c233) x 4 0x00000000
core   0: 0x80008376 (0x0ff0000f) fence   iorw,iorw
core   0: 3 0x80008376 (0x0ff0000f)
core   0: 0x8000837a (0x31c20293) addi    t0, tp, 796
core   0: 3 0x8000837a (0x31c20293) x 5 0x0000031c
core   0: 0x8000837e (0x6b384693) xori    a3, a6, 1715
core   0: 3 0x8000837e (0x6b384693) x13 0x000006b3
core   0: 0x80008382 (0xb3e3a413) slti    s0, t2, -1218
core   0: 3 0x80008382 (0xb3e3a413) x 8 0x00000000
core   0: 0x80008386 (0x00008055) c.srli  s0, 21
core   0: 3 0x80008386 (0x8055) x 8 0x00000000
core   0: 0x80008388 (0xac82e313) ori     t1, t0, -1336
core   0: 3 0x80008388 (0xac82e313) x 6 0xfffffbdc
core   0: 0x8000838c (0x0000100f) fence.i
core   0: 3 0x8000838c (0x0000100f)
core   0: 0x80008390 (0xa1752813) slti    a6, a0, -1513
core   0: 3 0x80008390 (0xa1752813) x16 0x00000000
core   0: 0x80008394 (0x0000197d) c.addi  s2, -1
core   0: 3 0x80008394 (0x197d) x18 0xffffffff
core   0: 0x80008396 (0x00009a7d) c.andi  a2, -1
core   0: 3 0x80008396 (0x9a7d) x12 0x00000001
core   0: 0x80008398 (0x00c41e63) bne     s0, a2, pc + 28
core   0: 3 0x80008398 (0x00c41e63)
core   0: 0x800083b4 (0x000000de) c.slli  ra, 23
core   0: 3 0x800083b4 (0x00de) x 1 0x04000000
core   0: 0x800083b6 (0x012324b3) slt     s1, t1, s2
core   0: 3 0x800083b6 (0x012324b3) x 9 0x00000001
core   0: 0x800083ba (0x007569b3) or      s3, a0, t2
core   0: 3 0x800083ba (0x007569b3) x19 0x00000057
core   0: 0x800083be (0x0000100f) fence.i
core   0: 3 0x800083be (0x0000100f)
core   0: 0x800083c2 (0x0159c4b3) xor     s1, s3, s5
core   0: 3 0x800083c2 (0x0159c4b3) x 9 0x80026cb3
core   0: 0x800083c6 (0x03f04bb3) div     s7, zero, t6
core   0: 3 0x800083c6 (0x03f04bb3) x23 0xffffffff
core   0: 0x800083ca (0x020ecc33) div     s8, t4, zero
core   0: 3 0x800083ca (0x020ecc33) x24 0xffffffff
core   0: 0x800083ce (0x00006905) c.lui   s2, 0x1
core   0: 3 0x800083ce (0x6905) x18 0x00001000
core   0: 0x800083d0 (0x03b46033) rem     zero, s0, s11
core   0: 3 0x800083d0 (0x03b46033)
core   0: 0x800083d4 (0x022cab33) mulhsu  s6, s9, sp
core   0: 3 0x800083d4 (0x022cab33) x22 0xc0000005
core   0: 0x800083d8 (0x00000cd6) c.slli  s9, 21
core   0: 3 0x800083d8 (0x0cd6) x25 0x9c800000
core   0: 0x800083da (0x00008e15) c.sub   a2, a3
core   0: 3 0x800083da (0x8e15) x12 0xfffff94e
core   0: 0x800083dc (0x000008d6) c.slli  a7, 21
core   0: 3 0x800083dc (0x08d6) x17 0x00000000
core   0: 0x800083de (0x0000cf15) c.beqz  a4, pc + 60
core   0: 3 0x800083de (0xcf15)
core   0: 0x800083e0 (0x03de74b3) remu    s1, t3, t4
core   0: 3 0x800083e0 (0x03de74b3) x 9 0x00000057
core   0: 0x800083e4 (0x915f8f93) addi    t6, t6, -1771
core   0: 3 0x800083e4 (0x915f8f93) x31 0xfffff915
core   0: 0x800083e8 (0x0000e589) c.bnez  a1, pc + 10
core   0: 3 0x800083e8 (0xe589)
core   0: 0x800083ea (0x0454c463) blt     s1, t0, pc + 72
core   0: 3 0x800083ea (0x0454c463)
core   0: 0x80008432 (0x028b1363) bne     s6, s0, pc + 38
core   0: 3 0x80008432 (0x028b1363)
core   0: 0x80008458 (0x00000001) c.nop
core   0: 3 0x80008458 (0x0001)
core   0: 0x8000845a (0x00008c15) c.sub   s0, a3
core   0: 3 0x8000845a (0x8c15) x 8 0xfffff94d
core   0: 0x8000845c (0x00000001) c.nop
core   0: 3 0x8000845c (0x0001)
core   0: 0x8000845e (0x00000001) c.nop
core   0: 3 0x8000845e (0x0001)
core   0: 0x80008460 (0x02fc3633) mulhu   a2, s8, a5
core   0: 3 0x80008460 (0x02fc3633) x12 0x00000000
core   0: 0x80008464 (0x430c4f97) auipc   t6, 0x430c4
core   0: 3 0x80008464 (0x430c4f97) x31 0xc30cc464
core   0: 0x80008468 (0x0011d563) bge     gp, ra, pc + 10
core   0: 3 0x80008468 (0x0011d563)
core   0: 0x8000846c (0x000080f5) c.srli  s1, 29
core   0: 3 0x8000846c (0x80f5) x 9 0x00000000
core   0: 0x8000846e (0x00000001) c.nop
core   0: 3 0x8000846e (0x0001)
core   0: 0x80008470 (0x00008f45) c.or    a4, s1
core   0: 3 0x80008470 (0x8f45) x14 0x00000008
core   0: 0x80008472 (0xe234a293) slti    t0, s1, -477
core   0: 3 0x80008472 (0xe234a293) x 5 0x00000000
core   0: 0x80008476 (0x2fb1e993) ori     s3, gp, 763
core   0: 3 0x80008476 (0x2fb1e993) x19 0x0000b2ff
core   0: 0x8000847a (0x0000c18d) c.beqz  a1, pc + 34
core   0: 3 0x8000847a (0xc18d)
core   0: 0x8000849c (0x1e9d2613) slti    a2, s10, 489
core   0: 3 0x8000849c (0x1e9d2613) x12 0x00000001
core   0: 0x800084a0 (0x0c219b37) lui     s6, 0xc219
core   0: 3 0x800084a0 (0x0c219b37) x22 0x0c219000
core   0: 0x800084a4 (0x00a244b3) xor     s1, tp, a0
core   0: 3 0x800084a4 (0x00a244b3) x 9 0x00000057
core   0: 0x800084a8 (0x0097dfb3) srl     t6, a5, s1
core   0: 3 0x800084a8 (0x0097dfb3) x31 0x00000000
core   0: 0x800084ac (0x00004f99) c.li    t6, 6
core   0: 3 0x800084ac (0x4f99) x31 0x00000006
core   0: 0x800084ae (0x0000100f) fence.i
core   0: 3 0x800084ae (0x0000100f)
core   0: 0x800084b2 (0x0000ce81) c.beqz  a3, pc + 24
core   0: 3 0x800084b2 (0xce81)
core   0: 0x800084b4 (0x7d2d7517) auipc   a0, 0x7d2d7
core   0: 3 0x800084b4 (0x7d2d7517) x10 0xfd2df4b4
core   0: 0x800084b8 (0x00385463) bge     a6, gp, pc + 8
core   0: 3 0x800084b8 (0x00385463)
core   0: 0x800084bc (0x005bf833) and     a6, s7, t0
core   0: 3 0x800084bc (0x005bf833) x16 0x00000000
core   0: 0x800084c0 (0x025715b3) mulh    a1, a4, t0
core   0: 3 0x800084c0 (0x025715b3) x11 0x00000000
core   0: 0x800084c4 (0x01d6fd63) bgeu    a3, t4, pc + 26
core   0: 3 0x800084c4 (0x01d6fd63)
core   0: 0x800084de (0x00008dd9) c.or    a1, a4
core   0: 3 0x800084de (0x8dd9) x11 0x00000008
core   0: 0x800084e0 (0xc2060f37) lui     t5, 0xc2060
core   0: 3 0x800084e0 (0xc2060f37) x30 0xc2060000
core   0: 0x800084e4 (0x3cddf213) andi    tp, s11, 973
core   0: 3 0x800084e4 (0x3cddf213) x 4 0x00000200
core   0: 0x800084e8 (0x0116d513) srli    a0, a3, 17
core   0: 3 0x800084e8 (0x0116d513) x10 0x00000000
core   0: 0x800084ec (0x000014fd) c.addi  s1, -1
core   0: 3 0x800084ec (0x14fd) x 9 0x00000056
core   0: 0x800084ee (0x401f8c33) sub     s8, t6, ra
core   0: 3 0x800084ee (0x401f8c33) x24 0xfc000006
core   0: 0x800084f2 (0xb4d53b13) sltiu   s6, a0, -1203
core   0: 3 0x800084f2 (0xb4d53b13) x22 0x00000001
core   0: 0x800084f6 (0x0158a833) slt     a6, a7, s5
core   0: 3 0x800084f6 (0x0158a833) x16 0x00000000
core   0: 0x800084fa (0x0271c833) div     a6, gp, t2
core   0: 3 0x800084fa (0x0271c833) x16 0xffffffff
core   0: 0x800084fe (0x991e4e93) xori    t4, t3, -1647
core   0: 3 0x800084fe (0x991e4e93) x29 0x0000066e
core   0: 0x80008502 (0x00870cb3) add     s9, a4, s0
core   0: 3 0x80008502 (0x00870cb3) x25 0xfffff955
core   0: 0x80008506 (0x06983d93) sltiu   s11, a6, 105
core   0: 3 0x80008506 (0x06983d93) x27 0x00000000
core   0: 0x8000850a (0x00ebcfb3) xor     t6, s7, a4
core   0: 3 0x8000850a (0x00ebcfb3) x31 0xfffffff7
core   0: 0x8000850e (0x00008f5d) c.or    a4, a5
core   0: 3 0x8000850e (0x8f5d) x14 0x00000008
core   0: 0x80008510 (0xd856f713) andi    a4, a3, -635
core   0: 3 0x80008510 (0xd856f713) x14 0x00000481
core   0: 0x80008514 (0x014955b3) srl     a1, s2, s4
core   0: 3 0x80008514 (0x014955b3) x11 0x00000200
core   0: 0x80008518 (0x036b58b3) divu    a7, s6, s6
core   0: 3 0x80008518 (0x036b58b3) x17 0x00000001
core   0: 0x8000851c (0x00000562) c.slli  a0, 24
core   0: 3 0x8000851c (0x0562) x10 0x00000000
core   0: 0x8000851e (0xafb253b7) lui     t2, 0xafb25
core   0: 3 0x8000851e (0xafb253b7) x 7 0xafb25000
core   0: 0x80008522 (0x57c4ab93) slti    s7, s1, 1404
core   0: 3 0x80008522 (0x57c4ab93) x23 0x00000001
core   0: 0x80008526 (0x000098fd) c.andi  s1, -1
core   0: 3 0x80008526 (0x98fd) x 9 0x00000056
core   0: 0x80008528 (0x02ec4db3) div     s11, s8, a4
core   0: 3 0x80008528 (0x02ec4db3) x27 0xffff1ca5
core   0: 0x8000852c (0x56450613) addi    a2, a0, 1380
core   0: 3 0x8000852c (0x56450613) x12 0x00000564
core   0: 0x80008530 (0x00000ae2) c.slli  s5, 24
core   0: 3 0x80008530 (0x0ae2) x21 0xe4000000
core   0: 0x80008532 (0x0000100f) fence.i
core   0: 3 0x80008532 (0x0000100f)
core   0: 0x80008536 (0x0000ec99) c.bnez  s1, pc + 30
core   0: 3 0x80008536 (0xec99)
core   0: 0x80008554 (0x01a62c33) slt     s8, a2, s10
core   0: 3 0x80008554 (0x01a62c33) x24 0x00000000
core   0: 0x80008558 (0x00008d8d) c.sub   a1, a1
core   0: 3 0x80008558 (0x8d8d) x11 0x00000000
core   0: 0x8000855a (0x64014c93) xori    s9, sp, 1600
core   0: 3 0x8000855a (0x64014c93) x25 0x80026aa4
core   0: 0x8000855e (0x014bf533) and     a0, s7, s4
core   0: 3 0x8000855e (0x014bf533) x10 0x00000001
core   0: 0x80008562 (0x019b7d63) bgeu    s6, s9, pc + 26
core   0: 3 0x80008562 (0x019b7d63)
core   0: 0x80008566 (0x43a0ec13) ori     s8, ra, 1082
core   0: 3 0x80008566 (0x43a0ec13) x24 0x0400043a
core   0: 0x8000856a (0x98bbf313) andi    t1, s7, -1653
core   0: 3 0x8000856a (0x98bbf313) x 6 0x00000001
core   0: 0x8000856e (0x0000894e) c.mv    s2, s3
core   0: 3 0x8000856e (0x894e) x18 0x0000b2ff
core   0: 0x80008570 (0x024b2233) mulhsu  tp, s6, tp
core   0: 3 0x80008570 (0x024b2233) x 4 0x00000000
core   0: 0x80008574 (0x09d66393) ori     t2, a2, 157
core   0: 3 0x80008574 (0x09d66393) x 7 0x000005fd
core   0: 0x80008578 (0x00a59393) slli    t2, a1, 10
core   0: 3 0x80008578 (0x00a59393) x 7 0x00000000
core   0: 0x8000857c (0x77ab0393) addi    t2, s6, 1914
core   0: 3 0x8000857c (0x77ab0393) x 7 0x0000077b
core   0: 0x80008580 (0x039b41b3) div     gp, s6, s9
core   0: 3 0x80008580 (0x039b41b3) x 3 0x00000000
core   0: 0x80008584 (0x03963733) mulhu   a4, a2, s9
core   0: 3 0x80008584 (0x03963733) x14 0x000002b2
core   0: 0x80008588 (0x00000001) c.nop
core   0: 3 0x80008588 (0x0001)
core   0: 0x8000858a (0x04fbf813) andi    a6, s7, 79
core   0: 3 0x8000858a (0x04fbf813) x16 0x00000001
core   0: 0x8000858e (0xcd414537) lui     a0, 0xcd414
core   0: 3 0x8000858e (0xcd414537) x10 0xcd414000
core   0: 0x80008592 (0x00008f29) c.xor   a4, a0
core   0: 3 0x80008592 (0x8f29) x14 0xcd4142b2
core   0: 0x80008594 (0x03c68833) mul     a6, a3, t3
core   0: 3 0x80008594 (0x03c68833) x16 0xfffff94d
core   0: 0x80008598 (0x02935563) bge     t1, s1, pc + 42
core   0: 3 0x80008598 (0x02935563)
core   0: 0x8000859c (0x01cd8f33) add     t5, s11, t3
core   0: 3 0x8000859c (0x01cd8f33) x30 0xffff1ca4
core   0: 0x800085a0 (0x02928933) mul     s2, t0, s1
core   0: 3 0x800085a0 (0x02928933) x18 0x00000000
core   0: 0x800085a4 (0x00008cb5) c.xor   s1, a3
core   0: 3 0x800085a4 (0x8cb5) x 9 0x000006e5
core   0: 0x800085a6 (0x003f9c13) slli    s8, t6, 3
core   0: 3 0x800085a6 (0x003f9c13) x24 0xffffffb8
core   0: 0x800085aa (0xe87f4893) xori    a7, t5, -377
core   0: 3 0x800085aa (0xe87f4893) x17 0x0000e223
core   0: 0x800085ae (0x0077c463) blt     a5, t2, pc + 8
core   0: 3 0x800085ae (0x0077c463)
core   0: 0x800085b6 (0x41555613) srai    a2, a0, 21
core   0: 3 0x800085b6 (0x41555613) x12 0xfffffe6a
core   0: 0x800085ba (0x051d6163) bltu    s10, a7, pc + 66
core   0: 3 0x800085ba (0x051d6163)
core   0: 0x800085be (0xb26c2293) slti    t0, s8, -1242
core   0: 3 0x800085be (0xb26c2293) x 5 0x00000000
core   0: 0x800085c2 (0xe474a493) slti    s1, s1, -441
core   0: 3 0x800085c2 (0xe474a493) x 9 0x00000000
core   0: 0x800085c6 (0x00e37c63) bgeu    t1, a4, pc + 24
core   0: 3 0x800085c6 (0x00e37c63)
core   0: 0x800085ca (0x01285a93) srli    s5, a6, 18
core   0: 3 0x800085ca (0x01285a93) x21 0x00003fff
core   0: 0x800085ce (0x039c14b3) mulh    s1, s8, s9
core   0: 3 0x800085ce (0x039c14b3) x 9 0x00000023
core   0: 0x800085d2 (0xe65bb713) sltiu   a4, s7, -411
core   0: 3 0x800085d2 (0xe65bb713) x14 0x00000001
core   0: 0x800085d6 (0x4149d993) srai    s3, s3, 20
core   0: 3 0x800085d6 (0x4149d993) x19 0x00000000
core   0: 0x800085da (0x0000100f) fence.i
core   0: 3 0x800085da (0x0000100f)
core   0: 0x800085de (0x000086bd) c.srai  a3, 15
core   0: 3 0x800085de (0x86bd) x13 0x00000000
core   0: 0x800085e0 (0x00000001) c.nop
core   0: 3 0x800085e0 (0x0001)
core   0: 0x800085e2 (0x00415913) srli    s2, sp, 4
core   0: 3 0x800085e2 (0x00415913) x18 0x080026ce
core   0: 0x800085e6 (0x741b5497) auipc   s1, 0x741b5
core   0: 3 0x800085e6 (0x741b5497) x 9 0xf41bd5e6
core   0: 0x800085ea (0x026f0933) mul     s2, t5, t1
core   0: 3 0x800085ea (0x026f0933) x18 0xffff1ca4
core   0: 0x800085ee (0x74af7913) andi    s2, t5, 1866
core   0: 3 0x800085ee (0x74af7913) x18 0x00000400
core   0: 0x800085f2 (0xd5d66a13) ori     s4, a2, -675
core   0: 3 0x800085f2 (0xd5d66a13) x20 0xffffff7f
core   0: 0x800085f6 (0x00008c09) c.sub   s0, a0
core   0: 3 0x800085f6 (0x8c09) x 8 0x32beb94d
core   0: 0x800085f8 (0x00545333) srl     t1, s0, t0
core   0: 3 0x800085f8 (0x00545333) x 6 0x32beb94d
core   0: 0x800085fc (0x00000001) c.nop
core   0: 3 0x800085fc (0x0001)
core   0: 0x800085fe (0xb42426b7) lui     a3, 0xb4242
core   0: 3 0x800085fe (0xb42426b7) x13 0xb4242000
core   0: 0x80008602 (0x02dde2b3) rem     t0, s11, a3
core   0: 3 0x80008602 (0x02dde2b3) x 5 0xffff1ca5
core   0: 0x80008606 (0x035d5337) lui     t1, 0x35d5
core   0: 3 0x80008606 (0x035d5337) x 6 0x035d5000
core   0: 0x8000860a (0x8e9a1437) lui     s0, 0x8e9a1
core   0: 3 0x8000860a (0x8e9a1437) x 8 0x8e9a1000
core   0: 0x8000860e (0x00b9e4b3) or      s1, s3, a1
core   0: 3 0x8000860e (0x00b9e4b3) x 9 0x00000000
core   0: 0x80008612 (0x41afd3b3) sra     t2, t6, s10
core   0: 3 0x80008612 (0x41afd3b3) x 7 0xffffffff
core   0: 0x80008616 (0x00008f01) c.sub   a4, s0
core   0: 3 0x80008616 (0x8f01) x14 0x7165f001
core   0: 0x80008618 (0x00008345) c.srli  a4, 17
core   0: 3 0x80008618 (0x8345) x14 0x000038b2
core   0: 0x8000861a (0xa1c6f913) andi    s2, a3, -1508
core   0: 3 0x8000861a (0xa1c6f913) x18 0xb4242000
core   0: 0x8000861e (0x00008dd5) c.or    a1, a3
core   0: 3 0x8000861e (0x8dd5) x11 0xb4242000
core   0: 0x80008620 (0x32b89337) lui     t1, 0x32b89
core   0: 3 0x80008620 (0x32b89337) x 6 0x32b89000
core   0: 0x80008624 (0x01073fb3) sltu    t6, a4, a6
core   0: 3 0x80008624 (0x01073fb3) x31 0x00000001
core   0: 0x80008628 (0x0000957a) c.add   a0, t5
core   0: 3 0x80008628 (0x957a) x10 0xcd405ca4
core   0: 0x8000862a (0x003f9413) slli    s0, t6, 3
core   0: 3 0x8000862a (0x003f9413) x 8 0x00000008
core   0: 0x8000862e (0x00000001) c.nop
core   0: 3 0x8000862e (0x0001)
core   0: 0x80008630 (0x00000001) c.nop
core   0: 3 0x80008630 (0x0001)
core   0: 0x80008632 (0x02afdf33) divu    t5, t6, a0
core   0: 3 0x80008632 (0x02afdf33) x30 0x00000000
core   0: 0x80008636 (0x00000001) c.nop
core   0: 3 0x80008636 (0x0001)
core   0: 0x80008638 (0x02979e33) mulh    t3, a5, s1
core   0: 3 0x80008638 (0x02979e33) x28 0x00000000
core   0: 0x8000863c (0x00000c96) c.slli  s9, 5
core   0: 3 0x8000863c (0x0c96) x25 0x004d5480
core   0: 0x8000863e (0x00341333) sll     t1, s0, gp
core   0: 3 0x8000863e (0x00341333) x 6 0x00000008
core   0: 0x80008642 (0x40f65c13) srai    s8, a2, 15
core   0: 3 0x80008642 (0x40f65c13) x24 0xffffffff
core   0: 0x80008646 (0x020773b3) remu    t2, a4, zero
core   0: 3 0x80008646 (0x020773b3) x 7 0x000038b2
core   0: 0x8000864a (0xec34e813) ori     a6, s1, -317
core   0: 3 0x8000864a (0xec34e813) x16 0xfffffec3
core   0: 0x8000864e (0x40ff0633) sub     a2, t5, a5
core   0: 3 0x8000864e (0x40ff0633) x12 0x00000000
core   0: 0x80008652 (0x03597eb3) remu    t4, s2, s5
core   0: 3 0x80008652 (0x03597eb3) x29 0x0000309b
core   0: 0x80008656 (0x00fe5493) srli    s1, t3, 15
core   0: 3 0x80008656 (0x00fe5493) x 9 0x00000000
core   0: 0x8000865a (0x025edab3) divu    s5, t4, t0
core   0: 3 0x8000865a (0x025edab3) x21 0x00000000
core   0: 0x8000865e (0x03e871b3) remu    gp, a6, t5
core   0: 3 0x8000865e (0x03e871b3) x 3 0xfffffec3
core   0: 0x80008662 (0x3ebac593) xori    a1, s5, 1003
core   0: 3 0x80008662 (0x3ebac593) x11 0x000003eb
core   0: 0x80008666 (0x0248ff33) remu    t5, a7, tp
core   0: 3 0x80008666 (0x0248ff33) x30 0x0000e223
core   0: 0x8000866a (0x41fe05b3) sub     a1, t3, t6
core   0: 3 0x8000866a (0x41fe05b3) x11 0xffffffff
core   0: 0x8000866e (0x007d7433) and     s0, s10, t2
core   0: 3 0x8000866e (0x007d7433) x 8 0x00002810
core   0: 0x80008672 (0x019b0633) add     a2, s6, s9
core   0: 3 0x80008672 (0x019b0633) x12 0x004d5481
core   0: 0x80008676 (0x44e39c97) auipc   s9, 0x44e39
core   0: 3 0x80008676 (0x44e39c97) x25 0xc4e41676
core   0: 0x8000867a (0x00008d41) c.or    a0, s0
core   0: 3 0x8000867a (0x8d41) x10 0xcd407cb4
core   0: 0x8000867c (0x00c84033) xor     zero, a6, a2
core   0: 3 0x8000867c (0x00c84033)
core   0: 0x80008680 (0x0199dbb3) srl     s7, s3, s9
core   0: 3 0x80008680 (0x0199dbb3) x23 0x00000000
core   0: 0x80008684 (0x020c3b33) mulhu   s6, s8, zero
core   0: 3 0x80008684 (0x020c3b33) x22 0x00000000
core   0: 0x80008688 (0x03f138b3) mulhu   a7, sp, t6
core   0: 3 0x80008688 (0x03f138b3) x17 0x00000000
core   0: 0x8000868c (0x02c53bb3) mulhu   s7, a0, a2
core   0: 3 0x8000868c (0x02c53bb3) x23 0x003e0026
core   0: 0x80008690 (0xd8b50693) addi    a3, a0, -629
core   0: 3 0x80008690 (0xd8b50693) x13 0xcd407a3f
core   0: 0x80008694 (0x0000cd11) c.beqz  a0, pc + 28
core   0: 3 0x80008694 (0xcd11)
core   0: 0x80008696 (0x419fd933) sra     s2, t6, s9
core   0: 3 0x80008696 (0x419fd933) x18 0x00000000
core   0: 0x8000869a (0x01934e63) blt     t1, s9, pc + 28
core   0: 3 0x8000869a (0x01934e63)
core   0: 0x8000869e (0x00000906) c.slli  s2, 1
core   0: 3 0x8000869e (0x0906) x18 0x00000000
core   0: 0x800086a0 (0x0301a0b3) mulhsu  ra, gp, a6
core   0: 3 0x800086a0 (0x0301a0b3) x 1 0xfffffec3
core   0: 0x800086a4 (0x00008841) c.andi  s0, 16
core   0: 3 0x800086a4 (0x8841) x 8 0x00000010
core   0: 0x800086a6 (0x0000100f) fence.i
core   0: 3 0x800086a6 (0x0000100f)
core   0: 0x800086aa (0x0184df93) srli    t6, s1, 24
core   0: 3 0x800086aa (0x0184df93) x31 0x00000000
core   0: 0x800086ae (0x00008429) c.srai  s0, 10
core   0: 3 0x800086ae (0x8429) x 8 0x00000000
core   0: 0x800086b0 (0x032cd5b3) divu    a1, s9, s2
core   0: 3 0x800086b0 (0x032cd5b3) x11 0xffffffff
core   0: 0x800086b4 (0x000099fd) c.andi  a1, -1
core   0: 3 0x800086b4 (0x99fd) x11 0xffffffff
core   0: 0x800086b6 (0xc1c1b497) auipc   s1, 0xc1c1b
core   0: 3 0x800086b6 (0xc1c1b497) x 9 0x41c236b6
core   0: 0x800086ba (0x00008ec1) c.or    a3, s0
core   0: 3 0x800086ba (0x8ec1) x13 0xcd407a3f
core   0: 0x800086bc (0x00008e2d) c.xor   a2, a1
core   0: 3 0x800086bc (0x8e2d) x12 0xffb2ab7e
core   0: 0x800086be (0x03e6c5b3) div     a1, a3, t5
core   0: 3 0x800086be (0x03e6c5b3) x11 0xffffc68d
core   0: 0x800086c2 (0x0000100f) fence.i
core   0: 3 0x800086c2 (0x0000100f)
core   0: 0x800086c6 (0x052d7463) bgeu    s10, s2, pc + 72
core   0: 3 0x800086c6 (0x052d7463)
core   0: 0x8000870e (0x00000001) c.nop
core   0: 3 0x8000870e (0x0001)
core   0: 0x80008710 (0x01174333) xor     t1, a4, a7
core   0: 3 0x80008710 (0x01174333) x 6 0x000038b2
core   0: 0x80008714 (0x00008f41) c.or    a4, s0
core   0: 3 0x80008714 (0x8f41) x14 0x000038b2
core   0: 0x80008716 (0x3e554413) xori    s0, a0, 997
core   0: 3 0x80008716 (0x3e554413) x 8 0xcd407f51
core   0: 0x8000871a (0x0000e191) c.bnez  a1, pc + 4
core   0: 3 0x8000871a (0xe191)
core   0: 0x8000871e (0x019c9533) sll     a0, s9, s9
core   0: 3 0x8000871e (0x019c9533) x10 0x9d800000
core   0: 0x80008722 (0x03bc0eb3) mul     t4, s8, s11
core   0: 3 0x80008722 (0x03bc0eb3) x29 0x0000e35b
core   0: 0x80008726 (0x02047633) remu    a2, s0, zero
core   0: 3 0x80008726 (0x02047633) x12 0xcd407f51
core   0: 0x8000872a (0x0b766513) ori     a0, a2, 183
core   0: 3 0x8000872a (0x0b766513) x10 0xcd407ff7
core   0: 0x8000872e (0x4a538313) addi    t1, t2, 1189
core   0: 3 0x8000872e (0x4a538313) x 6 0x00003d57
core   0: 0x80008732 (0x011a9033) sll     zero, s5, a7
core   0: 3 0x80008732 (0x011a9033)
core   0: 0x80008736 (0x00008dc1) c.or    a1, s0
core   0: 3 0x80008736 (0x8dc1) x11 0xffffffdd
core   0: 0x80008738 (0x00f475b3) and     a1, s0, a5
core   0: 3 0x80008738 (0x00f475b3) x11 0x00000000
core   0: 0x8000873c (0x02428f33) mul     t5, t0, tp
core   0: 3 0x8000873c (0x02428f33) x30 0x00000000
core   0: 0x80008740 (0x01578db3) add     s11, a5, s5
core   0: 3 0x80008740 (0x01578db3) x27 0x00000000
core   0: 0x80008744 (0x000001e2) c.slli  gp, 24
core   0: 3 0x80008744 (0x01e2) x 3 0xc3000000
core   0: 0x80008746 (0x00008ec9) c.or    a3, a0
core   0: 3 0x80008746 (0x8ec9) x13 0xcd407fff
core   0: 0x80008748 (0x02b65c63) bge     a2, a1, pc + 56
core   0: 3 0x80008748 (0x02b65c63)
core   0: 0x8000874c (0x02cb53b3) divu    t2, s6, a2
core   0: 3 0x8000874c (0x02cb53b3) x 7 0x00000000
core   0: 0x80008750 (0x00000c56) c.slli  s8, 21
core   0: 3 0x80008750 (0x0c56) x24 0xffe00000
core   0: 0x80008752 (0xec0ce993) ori     s3, s9, -320
core   0: 3 0x80008752 (0xec0ce993) x19 0xfffffef6
core   0: 0x80008756 (0x00008c79) c.and   s0, a4
core   0: 3 0x80008756 (0x8c79) x 8 0x00003810
core   0: 0x80008758 (0x03f3e333) rem     t1, t2, t6
core   0: 3 0x80008758 (0x03f3e333) x 6 0x00000000
core   0: 0x8000875c (0x01edd813) srli    a6, s11, 30
core   0: 3 0x8000875c (0x01edd813) x16 0x00000000
core   0: 0x80008760 (0x01b2e663) bltu    t0, s11, pc + 12
core   0: 3 0x80008760 (0x01b2e663)
core   0: 0x80008764 (0x00000896) c.slli  a7, 5
core   0: 3 0x80008764 (0x0896) x17 0x00000000
core   0: 0x80008766 (0x009f6d63) bltu    t5, s1, pc + 26
core   0: 3 0x80008766 (0x009f6d63)
core   0: 0x80008780 (0x4163d3b3) sra     t2, t2, s6
core   0: 3 0x80008780 (0x4163d3b3) x 7 0x00000000
core   0: 0x80008784 (0x0324cf33) div     t5, s1, s2
core   0: 3 0x80008784 (0x0324cf33) x30 0xffffffff
core   0: 0x80008788 (0x0347e1b3) rem     gp, a5, s4
core   0: 3 0x80008788 (0x0347e1b3) x 3 0x00000000
core   0: 0x8000878c (0x00002097) auipc   ra, 0x2
core   0: 3 0x8000878c (0x00002097) x 1 0x8000a78c
core   0: 0x80008790 (0x6b408093) addi    ra, ra, 1716
core   0: 3 0x80008790 (0x6b408093) x 1 0x8000ae40
core   0: 0x80008794 (0x00008e01) c.sub   a2, s0
core   0: 3 0x80008794 (0x8e01) x12 0xcd404741
core   0: 0x80008796 (0x3cd08093) addi    ra, ra, 973
core   0: 3 0x80008796 (0x3cd08093) x 1 0x8000b20d
core   0: 0x8000879a (0x0087f2b3) and     t0, a5, s0
core   0: 3 0x8000879a (0x0087f2b3) x 5 0x00000000
core   0: 0x8000879e (0x025a19b3) mulh    s3, s4, t0
core   0: 3 0x8000879e (0x025a19b3) x19 0x00000000
core   0: 0x800087a2 (0x00005e7d) c.li    t3, -1
core   0: 3 0x800087a2 (0x5e7d) x28 0xffffffff
core   0: 0x800087a4 (0x000c5463) bgez    s8, pc + 8
core   0: 3 0x800087a4 (0x000c5463)
core   0: 0x800087a8 (0x01e0c1b3) xor     gp, ra, t5
core   0: 3 0x800087a8 (0x01e0c1b3) x 3 0x7fff4df2
core   0: 0x800087ac (0xc3308467) jalr    s0, ra, -973
core   0: 3 0x800087ac (0xc3308467) x 8 0x800087b0
core   0: 0x8000ae40 (0x0327bc33) mulhu   s8, a5, s2
core   0: 3 0x8000ae40 (0x0327bc33) x24 0x00000000
core   0: 0x8000ae44 (0x00006969) c.lui   s2, 0x1a
core   0: 3 0x8000ae44 (0x6969) x18 0x0001a000
core   0: 0x8000ae46 (0x00001d31) c.addi  s10, -20
core   0: 3 0x8000ae46 (0x1d31) x26 0x80022e04
core   0: 0x8000ae48 (0x00a03db3) snez    s11, a0
core   0: 3 0x8000ae48 (0x00a03db3) x27 0x00000001
core   0: 0x8000ae4c (0x008d2223) sw      s0, 4(s10)
core   0: 3 0x8000ae4c (0x008d2223) mem 0x80022e08 0x800087b0
core   0: 0x8000ae50 (0x000081d5) c.srli  a1, 21
core   0: 3 0x8000ae50 (0x81d5) x11 0x00000000
core   0: 0x8000ae52 (0xffb00713) li      a4, -5
core   0: 3 0x8000ae52 (0xffb00713) x14 0xfffffffb
core   0: 0x8000ae56 (0x00008c6d) c.and   s0, a1
core   0: 3 0x8000ae56 (0x8c6d) x 8 0x00000000
core   0: 0x8000ae58 (0x00000622) c.slli  a2, 8
core   0: 3 0x8000ae58 (0x0622) x12 0x40474100
core   0: 0x8000ae5a (0x00008da1) c.xor   a1, s0
core   0: 3 0x8000ae5a (0x8da1) x11 0x00000000
core   0: 0x8000ae5c (0x00008872) c.mv    a6, t3
core   0: 3 0x8000ae5c (0x8872) x16 0xffffffff
core   0: 0x8000ae5e (0x0ff0000f) fence   iorw,iorw
core   0: 3 0x8000ae5e (0x0ff0000f)
core   0: 0x8000ae62 (0x0000100f) fence.i
core   0: 3 0x8000ae62 (0x0000100f)
core   0: 0x8000ae66 (0x00426a33) or      s4, tp, tp
core   0: 3 0x8000ae66 (0x00426a33) x20 0x00000000
core   0: 0x8000ae6a (0x00008e5d) c.or    a2, a5
core   0: 3 0x8000ae6a (0x8e5d) x12 0x40474100
core   0: 0x8000ae6c (0x93942e93) slti    t4, s0, -1735
core   0: 3 0x8000ae6c (0x93942e93) x29 0x00000000
core   0: 0x8000ae70 (0x00009b8e) c.add   s7, gp
core   0: 3 0x8000ae70 (0x9b8e) x23 0x803d4e18
core   0: 0x8000ae72 (0xff700893) li      a7, -9
core   0: 3 0x8000ae72 (0xff700893) x17 0xfffffff7
core   0: 0x8000ae76 (0x01649333) sll     t1, s1, s6
core   0: 3 0x8000ae76 (0x01649333) x 6 0x41c236b6
core   0: 0x8000ae7a (0x00008e39) c.xor   a2, a4
core   0: 3 0x8000ae7a (0x8e39) x12 0xbfb8befb
core   0: 0x8000ae7c (0x00ee3533) sltu    a0, t3, a4
core   0: 3 0x8000ae7c (0x00ee3533) x10 0x00000000
core   0: 0x8000ae80 (0x00000e8a) c.slli  t4, 2
core   0: 3 0x8000ae80 (0x0e8a) x29 0x00000000
core   0: 0x8000ae82 (0x00001588) c.addi4spn a0, sp, 736
core   0: 3 0x8000ae82 (0x1588) x10 0x80026fc4
core   0: 0x8000ae84 (0x00c19ab3) sll     s5, gp, a2
core   0: 3 0x8000ae84 (0x00c19ab3) x21 0x90000000
core   0: 0x8000ae88 (0x00008d6d) c.and   a0, a1
core   0: 3 0x8000ae88 (0x8d6d) x10 0x00000000
core   0: 0x8000ae8a (0x00001771) c.addi  a4, -4
core   0: 3 0x8000ae8a (0x1771) x14 0xfffffff7
core   0: 0x8000ae8c (0x418b8033) sub     zero, s7, s8
core   0: 3 0x8000ae8c (0x418b8033)
core   0: 0x8000ae90 (0x000066b9) c.lui   a3, 0xe
core   0: 3 0x8000ae90 (0x66b9) x13 0x0000e000
core   0: 0x8000ae92 (0x01c289b3) add     s3, t0, t3
core   0: 3 0x8000ae92 (0x01c289b3) x19 0xffffffff
core   0: 0x8000ae96 (0x02733eb3) mulhu   t4, t1, t2
core   0: 3 0x8000ae96 (0x02733eb3) x29 0x00000000
core   0: 0x8000ae9a (0x0083ddb3) srl     s11, t2, s0
core   0: 3 0x8000ae9a (0x0083ddb3) x27 0x00000000
core   0: 0x8000ae9e (0x00009af6) c.add   s5, t4
core   0: 3 0x8000ae9e (0x9af6) x21 0x90000000
core   0: 0x8000aea0 (0x989e6017) auipc   zero, 0x989e6
core   0: 3 0x8000aea0 (0x989e6017)
core   0: 0x8000aea4 (0xfd171fe3) bne     a4, a7, pc - 34
core   0: 3 0x8000aea4 (0xfd171fe3)
core   0: 0x8000aea8 (0x039a5333) divu    t1, s4, s9
core   0: 3 0x8000aea8 (0x039a5333) x 6 0x00000000
core   0: 0x8000aeac (0xffb00593) li      a1, -5
core   0: 3 0x8000aeac (0xffb00593) x11 0xfffffffb
core   0: 0x8000aeb0 (0x00008e29) c.xor   a2, a0
core   0: 3 0x8000aeb0 (0x8e29) x12 0xbfb8befb
core   0: 0x8000aeb2 (0x02a38eb3) mul     t4, t2, a0
core   0: 3 0x8000aeb2 (0x02a38eb3) x29 0x00000000
core   0: 0x8000aeb6 (0x00008e35) c.xor   a2, a3
core   0: 3 0x8000aeb6 (0x8e35) x12 0xbfb85efb
core   0: 0x8000aeb8 (0x00b59493) slli    s1, a1, 11
core   0: 3 0x8000aeb8 (0x00b59493) x 9 0xffffd800
core   0: 0x8000aebc (0x969aed93) ori     s11, s5, -1687
core   0: 3 0x8000aebc (0x969aed93) x27 0xfffff969
core   0: 0x8000aec0 (0x0000100f) fence.i
core   0: 3 0x8000aec0 (0x0000100f)
core   0: 0x8000aec4 (0x4061dc33) sra     s8, gp, t1
core   0: 3 0x8000aec4 (0x4061dc33) x24 0x7fff4df2
core   0: 0x8000aec8 (0x0000047a) c.slli  s0, 30
core   0: 3 0x8000aec8 (0x047a) x 8 0x00000000
core   0: 0x8000aeca (0x00f00313) li      t1, 15
core   0: 3 0x8000aeca (0x00f00313) x 6 0x0000000f
core   0: 0x8000aece (0x012646b3) xor     a3, a2, s2
core   0: 3 0x8000aece (0x012646b3) x13 0xbfb9fefb
core   0: 0x8000aed2 (0x0ff0000f) fence   iorw,iorw
core   0: 3 0x8000aed2 (0x0ff0000f)
core   0: 0x8000aed6 (0x00000431) c.addi  s0, 12
core   0: 3 0x8000aed6 (0x0431) x 8 0x0000000c
core   0: 0x8000aed8 (0x0ff0000f) fence   iorw,iorw
core   0: 3 0x8000aed8 (0x0ff0000f)
core   0: 0x8000aedc (0x000005a1) c.addi  a1, 8
core   0: 3 0x8000aedc (0x05a1) x11 0x00000003
core   0: 0x8000aede (0x00a00193) li      gp, 10
core   0: 3 0x8000aede (0x00a00193) x 3 0x0000000a
core   0: 0x8000aee2 (0x009ca4b3) slt     s1, s9, s1
core   0: 3 0x8000aee2 (0x009ca4b3) x 9 0x00000001
core   0: 0x8000aee6 (0x01e01233) sll     tp, zero, t5
core   0: 3 0x8000aee6 (0x01e01233) x 4 0x00000000
core   0: 0x8000aeea (0x63d84b37) lui     s6, 0x63d84
core   0: 3 0x8000aeea (0x63d84b37) x22 0x63d84000
core   0: 0x8000aeee (0x0e674713) xori    a4, a4, 230
core   0: 3 0x8000aeee (0x0e674713) x14 0xffffff11
core   0: 0x8000aef2 (0x41f65513) srai    a0, a2, 31
core   0: 3 0x8000aef2 (0x41f65513) x10 0xffffffff
core   0: 0x8000aef6 (0x00900293) li      t0, 9
core   0: 3 0x8000aef6 (0x00900293) x 5 0x00000009
core   0: 0x8000aefa (0x00001cfd) c.addi  s9, -1
core   0: 3 0x8000aefa (0x1cfd) x25 0xc4e41675
core   0: 0x8000aefc (0x00000001) c.nop
core   0: 3 0x8000aefc (0x0001)
core   0: 0x8000aefe (0x000082b1) c.srli  a3, 12
core   0: 3 0x8000aefe (0x82b1) x13 0x000bfb9f
core   0: 0x8000af00 (0x000011f5) c.addi  gp, -3
core   0: 3 0x8000af00 (0x11f5) x 3 0x00000007
core   0: 0x8000af02 (0x03ed7433) remu    s0, s10, t5
core   0: 3 0x8000af02 (0x03ed7433) x 8 0x80022e04
core   0: 0x8000af06 (0xfe51fbe3) bgeu    gp, t0, pc - 10
core   0: 3 0x8000af06 (0xfe51fbe3)
core   0: 0x8000af0a (0x061d2f93) slti    t6, s10, 97
core   0: 3 0x8000af0a (0x061d2f93) x31 0x00000001
core   0: 0x8000af0e (0x00008f19) c.sub   a4, a4
core   0: 3 0x8000af0e (0x8f19) x14 0x00000000
core   0: 0x8000af10 (0xfc65e3e3) bltu    a1, t1, pc - 58
core   0: 3 0x8000af10 (0xfc65e3e3)
core   0: 0x8000aed6 (0x00000431) c.addi  s0, 12
core   0: 3 0x8000aed6 (0x0431) x 8 0x80022e10
core   0: 0x8000aed8 (0x0ff0000f) fence   iorw,iorw
core   0: 3 0x8000aed8 (0x0ff0000f)
core   0: 0x8000aedc (0x000005a1) c.addi  a1, 8
core   0: 3 0x8000aedc (0x05a1) x11 0x0000000b
core   0: 0x8000aede (0x00a00193) li      gp, 10
core   0: 3 0x8000aede (0x00a00193) x 3 0x0000000a
core   0: 0x8000aee2 (0x009ca4b3) slt     s1, s9, s1
core   0: 3 0x8000aee2 (0x009ca4b3) x 9 0x00000001
core   0: 0x8000aee6 (0x01e01233) sll     tp, zero, t5
core   0: 3 0x8000aee6 (0x01e01233) x 4 0x00000000
core   0: 0x8000aeea (0x63d84b37) lui     s6, 0x63d84
core   0: 3 0x8000aeea (0x63d84b37) x22 0x63d84000
core   0: 0x8000aeee (0x0e674713) xori    a4, a4, 230
core   0: 3 0x8000aeee (0x0e674713) x14 0x000000e6
core   0: 0x8000aef2 (0x41f65513) srai    a0, a2, 31
core   0: 3 0x8000aef2 (0x41f65513) x10 0xffffffff
core   0: 0x8000aef6 (0x00900293) li      t0, 9
core   0: 3 0x8000aef6 (0x00900293) x 5 0x00000009
core   0: 0x8000aefa (0x00001cfd) c.addi  s9, -1
core   0: 3 0x8000aefa (0x1cfd) x25 0xc4e41674
core   0: 0x8000aefc (0x00000001) c.nop
core   0: 3 0x8000aefc (0x0001)
core   0: 0x8000aefe (0x000082b1) c.srli  a3, 12
core   0: 3 0x8000aefe (0x82b1) x13 0x000000bf
core   0: 0x8000af00 (0x000011f5) c.addi  gp, -3
core   0: 3 0x8000af00 (0x11f5) x 3 0x00000007
core   0: 0x8000af02 (0x03ed7433) remu    s0, s10, t5
core   0: 3 0x8000af02 (0x03ed7433) x 8 0x80022e04
core   0: 0x8000af06 (0xfe51fbe3) bgeu    gp, t0, pc - 10
core   0: 3 0x8000af06 (0xfe51fbe3)
core   0: 0x8000af0a (0x061d2f93) slti    t6, s10, 97
core   0: 3 0x8000af0a (0x061d2f93) x31 0x00000001
core   0: 0x8000af0e (0x00008f19) c.sub   a4, a4
core   0: 3 0x8000af0e (0x8f19) x14 0x00000000
core   0: 0x8000af10 (0xfc65e3e3) bltu    a1, t1, pc - 58
core   0: 3 0x8000af10 (0xfc65e3e3)
core   0: 0x8000aed6 (0x00000431) c.addi  s0, 12
core   0: 3 0x8000aed6 (0x0431) x 8 0x80022e10
core   0: 0x8000aed8 (0x0ff0000f) fence   iorw,iorw
core   0: 3 0x8000aed8 (0x0ff0000f)
core   0: 0x8000aedc (0x000005a1) c.addi  a1, 8
core   0: 3 0x8000aedc (0x05a1) x11 0x00000013
core   0: 0x8000aede (0x00a00193) li      gp, 10
core   0: 3 0x8000aede (0x00a00193) x 3 0x0000000a
core   0: 0x8000aee2 (0x009ca4b3) slt     s1, s9, s1
core   0: 3 0x8000aee2 (0x009ca4b3) x 9 0x00000001
core   0: 0x8000aee6 (0x01e01233) sll     tp, zero, t5
core   0: 3 0x8000aee6 (0x01e01233) x 4 0x00000000
core   0: 0x8000aeea (0x63d84b37) lui     s6, 0x63d84
core   0: 3 0x8000aeea (0x63d84b37) x22 0x63d84000
core   0: 0x8000aeee (0x0e674713) xori    a4, a4, 230
core   0: 3 0x8000aeee (0x0e674713) x14 0x000000e6
core   0: 0x8000aef2 (0x41f65513) srai    a0, a2, 31
core   0: 3 0x8000aef2 (0x41f65513) x10 0xffffffff
core   0: 0x8000aef6 (0x00900293) li      t0, 9
core   0: 3 0x8000aef6 (0x00900293) x 5 0x00000009
core   0: 0x8000aefa (0x00001cfd) c.addi  s9, -1
core   0: 3 0x8000aefa (0x1cfd) x25 0xc4e41673
core   0: 0x8000aefc (0x00000001) c.nop
core   0: 3 0x8000aefc (0x0001)
core   0: 0x8000aefe (0x000082b1) c.srli  a3, 12
core   0: 3 0x8000aefe (0x82b1) x13 0x00000000
core   0: 0x8000af00 (0x000011f5) c.addi  gp, -3
core   0: 3 0x8000af00 (0x11f5) x 3 0x00000007
core   0: 0x8000af02 (0x03ed7433) remu    s0, s10, t5
core   0: 3 0x8000af02 (0x03ed7433) x 8 0x80022e04
core   0: 0x8000af06 (0xfe51fbe3) bgeu    gp, t0, pc - 10
core   0: 3 0x8000af06 (0xfe51fbe3)
core   0: 0x8000af0a (0x061d2f93) slti    t6, s10, 97
core   0: 3 0x8000af0a (0x061d2f93) x31 0x00000001
core   0: 0x8000af0e (0x00008f19) c.sub   a4, a4
core   0: 3 0x8000af0e (0x8f19) x14 0x00000000
core   0: 0x8000af10 (0xfc65e3e3) bltu    a1, t1, pc - 58
core   0: 3 0x8000af10 (0xfc65e3e3)
core   0: 0x8000af14 (0x41755c13) srai    s8, a0, 23
core   0: 3 0x8000af14 (0x41755c13) x24 0xffffffff
core   0: 0x8000af18 (0x00500913) li      s2, 5
core   0: 3 0x8000af18 (0x00500913) x18 0x00000005
core   0: 0x8000af1c (0x00400b13) li      s6, 4
core   0: 3 0x8000af1c (0x00400b13) x22 0x00000004
core   0: 0x8000af20 (0x01f57e33) and     t3, a0, t6
core   0: 3 0x8000af20 (0x01f57e33) x28 0x00000001
core   0: 0x8000af24 (0x02905f33) divu    t5, zero, s1
core   0: 3 0x8000af24 (0x02905f33) x30 0x00000000
core   0: 0x8000af28 (0x00001979) c.addi  s2, -2
core   0: 3 0x8000af28 (0x1979) x18 0x00000003
core   0: 0x8000af2a (0xffb00413) li      s0, -5
core   0: 3 0x8000af2a (0xffb00413) x 8 0xfffffffb
core   0: 0x8000af2e (0x00000001) c.nop
core   0: 3 0x8000af2e (0x0001)
core   0: 0x8000af30 (0x414751b3) sra     gp, a4, s4
core   0: 3 0x8000af30 (0x414751b3) x 3 0x00000000
core   0: 0x8000af34 (0x011acbb3) xor     s7, s5, a7
core   0: 3 0x8000af34 (0x011acbb3) x23 0x6ffffff7
core   0: 0x8000af38 (0x00e91db3) sll     s11, s2, a4
core   0: 3 0x8000af38 (0x00e91db3) x27 0x00000003
core   0: 0x8000af3c (0x00000405) c.addi  s0, 1
core   0: 3 0x8000af3c (0x0405) x 8 0xfffffffc
core   0: 0x8000af3e (0x0000f87d) c.bnez  s0, pc - 10
core   0: 3 0x8000af3e (0xf87d)
core   0: 0x8000af34 (0x011acbb3) xor     s7, s5, a7
core   0: 3 0x8000af34 (0x011acbb3) x23 0x6ffffff7
core   0: 0x8000af38 (0x00e91db3) sll     s11, s2, a4
core   0: 3 0x8000af38 (0x00e91db3) x27 0x00000003
core   0: 0x8000af3c (0x00000405) c.addi  s0, 1
core   0: 3 0x8000af3c (0x0405) x 8 0xfffffffd
core   0: 0x8000af3e (0x0000f87d) c.bnez  s0, pc - 10
core   0: 3 0x8000af3e (0xf87d)
core   0: 0x8000af34 (0x011acbb3) xor     s7, s5, a7
core   0: 3 0x8000af34 (0x011acbb3) x23 0x6ffffff7
core   0: 0x8000af38 (0x00e91db3) sll     s11, s2, a4
core   0: 3 0x8000af38 (0x00e91db3) x27 0x00000003
core   0: 0x8000af3c (0x00000405) c.addi  s0, 1
core   0: 3 0x8000af3c (0x0405) x 8 0xfffffffe
core   0: 0x8000af3e (0x0000f87d) c.bnez  s0, pc - 10
core   0: 3 0x8000af3e (0xf87d)
core   0: 0x8000af34 (0x011acbb3) xor     s7, s5, a7
core   0: 3 0x8000af34 (0x011acbb3) x23 0x6ffffff7
core   0: 0x8000af38 (0x00e91db3) sll     s11, s2, a4
core   0: 3 0x8000af38 (0x00e91db3) x27 0x00000003
core   0: 0x8000af3c (0x00000405) c.addi  s0, 1
core   0: 3 0x8000af3c (0x0405) x 8 0xffffffff
core   0: 0x8000af3e (0x0000f87d) c.bnez  s0, pc - 10
core   0: 3 0x8000af3e (0xf87d)
core   0: 0x8000af34 (0x011acbb3) xor     s7, s5, a7
core   0: 3 0x8000af34 (0x011acbb3) x23 0x6ffffff7
core   0: 0x8000af38 (0x00e91db3) sll     s11, s2, a4
core   0: 3 0x8000af38 (0x00e91db3) x27 0x00000003
core   0: 0x8000af3c (0x00000405) c.addi  s0, 1
core   0: 3 0x8000af3c (0x0405) x 8 0x00000000
core   0: 0x8000af3e (0x0000f87d) c.bnez  s0, pc - 10
core   0: 3 0x8000af3e (0xf87d)
core   0: 0x8000af40 (0xff6972e3) bgeu    s2, s6, pc - 28
core   0: 3 0x8000af40 (0xff6972e3)
core   0: 0x8000af44 (0xee67c293) xori    t0, a5, -282
core   0: 3 0x8000af44 (0xee67c293) x 5 0xfffffee6
core   0: 0x8000af48 (0x00400513) li      a0, 4
core   0: 3 0x8000af48 (0x00400513) x10 0x00000004
core   0: 0x8000af4c (0xff100713) li      a4, -15
core   0: 3 0x8000af4c (0xff100713) x14 0xfffffff1
core   0: 0x8000af50 (0x018218b3) sll     a7, tp, s8
core   0: 3 0x8000af50 (0x018218b3) x17 0x00000000
core   0: 0x8000af54 (0x400e0333) sub     t1, t3, zero
core   0: 3 0x8000af54 (0x400e0333) x 6 0x00000001
core   0: 0x8000af58 (0x00001561) c.addi  a0, -8
core   0: 3 0x8000af58 (0x1561) x10 0xfffffffc
core   0: 0x8000af5a (0x00000df6) c.slli  s11, 29
core   0: 3 0x8000af5a (0x0df6) x27 0x60000000
core   0: 0x8000af5c (0x00400b13) li      s6, 4
core   0: 3 0x8000af5c (0x00400b13) x22 0x00000004
core   0: 0x8000af60 (0x781b7293) andi    t0, s6, 1921
core   0: 3 0x8000af60 (0x781b7293) x 5 0x00000000
core   0: 0x8000af64 (0x000c83b3) add     t2, s9, zero
core   0: 3 0x8000af64 (0x000c83b3) x 7 0xc4e41673
core   0: 0x8000af68 (0x02baf933) remu    s2, s5, a1
core   0: 3 0x8000af68 (0x02baf933) x18 0x00000001
core   0: 0x8000af6c (0x00300593) li      a1, 3
core   0: 3 0x8000af6c (0x00300593) x11 0x00000003
core   0: 0x8000af70 (0x00008cf9) c.and   s1, a4
core   0: 3 0x8000af70 (0x8cf9) x 9 0x00000001
core   0: 0x8000af72 (0x00001610) c.addi4spn a2, sp, 800
core   0: 3 0x8000af72 (0x1610) x12 0x80027004
core   0: 0x8000af74 (0x00001b79) c.addi  s6, -2
core   0: 3 0x8000af74 (0x1b79) x22 0x00000002
core   0: 0x8000af76 (0xfebb7ee3) bgeu    s6, a1, pc - 4
core   0: 3 0x8000af76 (0xfebb7ee3)
core   0: 0x8000af7a (0x03ef58b3) divu    a7, t5, t5
core   0: 3 0x8000af7a (0x03ef58b3) x17 0xffffffff
core   0: 0x8000af7e (0xfce55be3) bge     a0, a4, pc - 42
core   0: 3 0x8000af7e (0xfce55be3)
core   0: 0x8000af54 (0x400e0333) sub     t1, t3, zero
core   0: 3 0x8000af54 (0x400e0333) x 6 0x00000001
core   0: 0x8000af58 (0x00001561) c.addi  a0, -8
core   0: 3 0x8000af58 (0x1561) x10 0xfffffff4
core   0: 0x8000af5a (0x00000df6) c.slli  s11, 29
core   0: 3 0x8000af5a (0x0df6) x27 0x00000000
core   0: 0x8000af5c (0x00400b13) li      s6, 4
core   0: 3 0x8000af5c (0x00400b13) x22 0x00000004
core   0: 0x8000af60 (0x781b7293) andi    t0, s6, 1921
core   0: 3 0x8000af60 (0x781b7293) x 5 0x00000000
core   0: 0x8000af64 (0x000c83b3) add     t2, s9, zero
core   0: 3 0x8000af64 (0x000c83b3) x 7 0xc4e41673
core   0: 0x8000af68 (0x02baf933) remu    s2, s5, a1
core   0: 3 0x8000af68 (0x02baf933) x18 0x00000000
core   0: 0x8000af6c (0x00300593) li      a1, 3
core   0: 3 0x8000af6c (0x00300593) x11 0x00000003
core   0: 0x8000af70 (0x00008cf9) c.and   s1, a4
core   0: 3 0x8000af70 (0x8cf9) x 9 0x00000001
core   0: 0x8000af72 (0x00001610) c.addi4spn a2, sp, 800
core   0: 3 0x8000af72 (0x1610) x12 0x80027004
core   0: 0x8000af74 (0x00001b79) c.addi  s6, -2
core   0: 3 0x8000af74 (0x1b79) x22 0x00000002
core   0: 0x8000af76 (0xfebb7ee3) bgeu    s6, a1, pc - 4
core   0: 3 0x8000af76 (0xfebb7ee3)
core   0: 0x8000af7a (0x03ef58b3) divu    a7, t5, t5
core   0: 3 0x8000af7a (0x03ef58b3) x17 0xffffffff
core   0: 0x8000af7e (0xfce55be3) bge     a0, a4, pc - 42
core   0: 3 0x8000af7e (0xfce55be3)
core   0: 0x8000af54 (0x400e0333) sub     t1, t3, zero
core   0: 3 0x8000af54 (0x400e0333) x 6 0x00000001
core   0: 0x8000af58 (0x00001561) c.addi  a0, -8
core   0: 3 0x8000af58 (0x1561) x10 0xffffffec
core   0: 0x8000af5a (0x00000df6) c.slli  s11, 29
core   0: 3 0x8000af5a (0x0df6) x27 0x00000000
core   0: 0x8000af5c (0x00400b13) li      s6, 4
core   0: 3 0x8000af5c (0x00400b13) x22 0x00000004
core   0: 0x8000af60 (0x781b7293) andi    t0, s6, 1921
core   0: 3 0x8000af60 (0x781b7293) x 5 0x00000000
core   0: 0x8000af64 (0x000c83b3) add     t2, s9, zero
core   0: 3 0x8000af64 (0x000c83b3) x 7 0xc4e41673
core   0: 0x8000af68 (0x02baf933) remu    s2, s5, a1
core   0: 3 0x8000af68 (0x02baf933) x18 0x00000000
core   0: 0x8000af6c (0x00300593) li      a1, 3
core   0: 3 0x8000af6c (0x00300593) x11 0x00000003
core   0: 0x8000af70 (0x00008cf9) c.and   s1, a4
core   0: 3 0x8000af70 (0x8cf9) x 9 0x00000001
core   0: 0x8000af72 (0x00001610) c.addi4spn a2, sp, 800
core   0: 3 0x8000af72 (0x1610) x12 0x80027004
core   0: 0x8000af74 (0x00001b79) c.addi  s6, -2
core   0: 3 0x8000af74 (0x1b79) x22 0x00000002
core   0: 0x8000af76 (0xfebb7ee3) bgeu    s6, a1, pc - 4
core   0: 3 0x8000af76 (0xfebb7ee3)
core   0: 0x8000af7a (0x03ef58b3) divu    a7, t5, t5
core   0: 3 0x8000af7a (0x03ef58b3) x17 0xffffffff
core   0: 0x8000af7e (0xfce55be3) bge     a0, a4, pc - 42
core   0: 3 0x8000af7e (0xfce55be3)
core   0: 0x8000af82 (0x35a97193) andi    gp, s2, 858
core   0: 3 0x8000af82 (0x35a97193) x 3 0x00000000
core   0: 0x8000af86 (0x00a00493) li      s1, 10
core   0: 3 0x8000af86 (0x00a00493) x 9 0x0000000a
core   0: 0x8000af8a (0x0257c8b3) div     a7, a5, t0
core   0: 3 0x8000af8a (0x0257c8b3) x17 0xffffffff
core   0: 0x8000af8e (0x41cbd833) sra     a6, s7, t3
core   0: 3 0x8000af8e (0x41cbd833) x16 0x37fffffb
core   0: 0x8000af92 (0x00000001) c.nop
core   0: 3 0x8000af92 (0x0001)
core   0: 0x8000af94 (0x0000577d) c.li    a4, -1
core   0: 3 0x8000af94 (0x577d) x14 0xffffffff
core   0: 0x8000af96 (0x03a48b33) mul     s6, s1, s10
core   0: 3 0x8000af96 (0x03a48b33) x22 0x0015cc28
core   0: 0x8000af9a (0x003fd0b3) srl     ra, t6, gp
core   0: 3 0x8000af9a (0x003fd0b3) x 1 0x00000001
core   0: 0x8000af9e (0x011c09b3) add     s3, s8, a7
core   0: 3 0x8000af9e (0x011c09b3) x19 0xfffffffe
core   0: 0x8000afa2 (0x018a9233) sll     tp, s5, s8
core   0: 3 0x8000afa2 (0x018a9233) x 4 0x00000000
core   0: 0x8000afa6 (0x000014d9) c.addi  s1, -10
core   0: 3 0x8000afa6 (0x14d9) x 9 0x00000000
core   0: 0x8000afa8 (0x00000001) c.nop
core   0: 3 0x8000afa8 (0x0001)
core   0: 0x8000afaa (0x00200393) li      t2, 2
core   0: 3 0x8000afaa (0x00200393) x 7 0x00000002
core   0: 0x8000afae (0x00008d99) c.sub   a1, a4
core   0: 3 0x8000afae (0x8d99) x11 0x00000004
core   0: 0x8000afb0 (0x01000a93) li      s5, 16
core   0: 3 0x8000afb0 (0x01000a93) x21 0x00000010
core   0: 0x8000afb4 (0x00005efd) c.li    t4, -1
core   0: 3 0x8000afb4 (0x5efd) x29 0xffffffff
core   0: 0x8000afb6 (0x0067e533) or      a0, a5, t1
core   0: 3 0x8000afb6 (0x0067e533) x10 0x00000001
core   0: 0x8000afba (0x00000385) c.addi  t2, 1
core   0: 3 0x8000afba (0x0385) x 7 0x00000003
core   0: 0x8000afbc (0x00008c39) c.xor   s0, a4
core   0: 3 0x8000afbc (0x8c39) x 8 0xffffffff
core   0: 0x8000afbe (0x03e525b3) mulhsu  a1, a0, t5
core   0: 3 0x8000afbe (0x03e525b3) x11 0x00000000
core   0: 0x8000afc2 (0xff538ae3) beq     t2, s5, pc - 12
core   0: 3 0x8000afc2 (0xff538ae3)
core   0: 0x8000afc6 (0x0000100f) fence.i
core   0: 3 0x8000afc6 (0x0000100f)
core   0: 0x8000afca (0x0010c9b3) xor     s3, ra, ra
core   0: 3 0x8000afca (0x0010c9b3) x19 0x00000000
core   0: 0x8000afce (0x5025d637) lui     a2, 0x5025d
core   0: 3 0x8000afce (0x5025d637) x12 0x5025d000
core   0: 0x8000afd2 (0x01bbc733) xor     a4, s7, s11
core   0: 3 0x8000afd2 (0x01bbc733) x14 0x6ffffff7
core   0: 0x8000afd6 (0x0000dcdd) c.beqz  s1, pc - 66
core   0: 3 0x8000afd6 (0xdcdd)
core   0: 0x8000af94 (0x0000577d) c.li    a4, -1
core   0: 3 0x8000af94 (0x577d) x14 0xffffffff
core   0: 0x8000af96 (0x03a48b33) mul     s6, s1, s10
core   0: 3 0x8000af96 (0x03a48b33) x22 0x00000000
core   0: 0x8000af9a (0x003fd0b3) srl     ra, t6, gp
core   0: 3 0x8000af9a (0x003fd0b3) x 1 0x00000001
core   0: 0x8000af9e (0x011c09b3) add     s3, s8, a7
core   0: 3 0x8000af9e (0x011c09b3) x19 0xfffffffe
core   0: 0x8000afa2 (0x018a9233) sll     tp, s5, s8
core   0: 3 0x8000afa2 (0x018a9233) x 4 0x00000000
core   0: 0x8000afa6 (0x000014d9) c.addi  s1, -10
core   0: 3 0x8000afa6 (0x14d9) x 9 0xfffffff6
core   0: 0x8000afa8 (0x00000001) c.nop
core   0: 3 0x8000afa8 (0x0001)
core   0: 0x8000afaa (0x00200393) li      t2, 2
core   0: 3 0x8000afaa (0x00200393) x 7 0x00000002
core   0: 0x8000afae (0x00008d99) c.sub   a1, a4
core   0: 3 0x8000afae (0x8d99) x11 0x00000001
core   0: 0x8000afb0 (0x01000a93) li      s5, 16
core   0: 3 0x8000afb0 (0x01000a93) x21 0x00000010
core   0: 0x8000afb4 (0x00005efd) c.li    t4, -1
core   0: 3 0x8000afb4 (0x5efd) x29 0xffffffff
core   0: 0x8000afb6 (0x0067e533) or      a0, a5, t1
core   0: 3 0x8000afb6 (0x0067e533) x10 0x00000001
core   0: 0x8000afba (0x00000385) c.addi  t2, 1
core   0: 3 0x8000afba (0x0385) x 7 0x00000003
core   0: 0x8000afbc (0x00008c39) c.xor   s0, a4
core   0: 3 0x8000afbc (0x8c39) x 8 0x00000000
core   0: 0x8000afbe (0x03e525b3) mulhsu  a1, a0, t5
core   0: 3 0x8000afbe (0x03e525b3) x11 0x00000000
core   0: 0x8000afc2 (0xff538ae3) beq     t2, s5, pc - 12
core   0: 3 0x8000afc2 (0xff538ae3)
core   0: 0x8000afc6 (0x0000100f) fence.i
core   0: 3 0x8000afc6 (0x0000100f)
core   0: 0x8000afca (0x0010c9b3) xor     s3, ra, ra
core   0: 3 0x8000afca (0x0010c9b3) x19 0x00000000
core   0: 0x8000afce (0x5025d637) lui     a2, 0x5025d
core   0: 3 0x8000afce (0x5025d637) x12 0x5025d000
core   0: 0x8000afd2 (0x01bbc733) xor     a4, s7, s11
core   0: 3 0x8000afd2 (0x01bbc733) x14 0x6ffffff7
core   0: 0x8000afd6 (0x0000dcdd) c.beqz  s1, pc - 66
core   0: 3 0x8000afd6 (0xdcdd)
core   0: 0x8000afd8 (0xb5e44e13) xori    t3, s0, -1186
core   0: 3 0x8000afd8 (0xb5e44e13) x28 0xfffffb5e
core   0: 0x8000afdc (0xff900513) li      a0, -7
core   0: 3 0x8000afdc (0xff900513) x10 0xfffffff9
core   0: 0x8000afe0 (0x03ba3cb3) mulhu   s9, s4, s11
core   0: 3 0x8000afe0 (0x03ba3cb3) x25 0x00000000
core   0: 0x8000afe4 (0x00001bfd) c.addi  s7, -1
core   0: 3 0x8000afe4 (0x1bfd) x23 0x6ffffff6
core   0: 0x8000afe6 (0x02590ab3) mul     s5, s2, t0
core   0: 3 0x8000afe6 (0x02590ab3) x21 0x00000000
core   0: 0x8000afea (0x0ff0000f) fence   iorw,iorw
core   0: 3 0x8000afea (0x0ff0000f)
core   0: 0x8000afee (0x00500393) li      t2, 5
core   0: 3 0x8000afee (0x00500393) x 7 0x00000005
core   0: 0x8000aff2 (0x40065d93) srai    s11, a2, 0
core   0: 3 0x8000aff2 (0x40065d93) x27 0x5025d000
core   0: 0x8000aff6 (0x02366433) rem     s0, a2, gp
core   0: 3 0x8000aff6 (0x02366433) x 8 0x5025d000
core   0: 0x8000affa (0x3c7f4013) xori    zero, t5, 967
core   0: 3 0x8000affa (0x3c7f4013)
core   0: 0x8000affe (0x00000511) c.addi  a0, 4
core   0: 3 0x8000affe (0x0511) x10 0xfffffffd
core   0: 0x8000b000 (0x02714f33) div     t5, sp, t2
core   0: 3 0x8000b000 (0x02714f33) x30 0xe666e294
core   0: 0x8000b004 (0x0158cdb3) xor     s11, a7, s5
core   0: 3 0x8000b004 (0x0158cdb3) x27 0xffffffff
core   0: 0x8000b008 (0x01005b33) srl     s6, zero, a6
core   0: 3 0x8000b008 (0x01005b33) x22 0x00000000
core   0: 0x8000b00c (0xfe4c24b7) lui     s1, 0xfe4c2
core   0: 3 0x8000b00c (0xfe4c24b7) x 9 0xfe4c2000
core   0: 0x8000b010 (0x037616b3) mulh    a3, a2, s7
core   0: 3 0x8000b010 (0x037616b3) x13 0x23108afc
core   0: 0x8000b014 (0xffe00093) li      ra, -2
core   0: 3 0x8000b014 (0xffe00093) x 1 0xfffffffe
core   0: 0x8000b018 (0xff500593) li      a1, -11
core   0: 3 0x8000b018 (0xff500593) x11 0xfffffff5
core   0: 0x8000b01c (0x000061e5) c.lui   gp, 0x19
core   0: 3 0x8000b01c (0x61e5) x 3 0x00019000
core   0: 0x8000b01e (0x00006bc9) c.lui   s7, 0x12
core   0: 3 0x8000b01e (0x6bc9) x23 0x00012000
core   0: 0x8000b020 (0x0176dc13) srli    s8, a3, 23
core   0: 3 0x8000b020 (0x0176dc13) x24 0x00000046
core   0: 0x8000b024 (0x0165c833) xor     a6, a1, s6
core   0: 3 0x8000b024 (0x0165c833) x16 0xfffffff5
core   0: 0x8000b028 (0x011e6c33) or      s8, t3, a7
core   0: 3 0x8000b028 (0x011e6c33) x24 0xffffffff
core   0: 0x8000b02c (0x000010dd) c.addi  ra, -9
core   0: 3 0x8000b02c (0x10dd) x 1 0xfffffff5
core   0: 0x8000b02e (0x42a4e297) auipc   t0, 0x42a4e
core   0: 3 0x8000b02e (0x42a4e297) x 5 0xc2a5902e
core   0: 0x8000b032 (0xfeb099e3) bne     ra, a1, pc - 14
core   0: 3 0x8000b032 (0xfeb099e3)
core   0: 0x8000b036 (0x41c786b3) sub     a3, a5, t3
core   0: 3 0x8000b036 (0x41c786b3) x13 0x000004a2
core   0: 0x8000b03a (0x000084d5) c.srai  s1, 21
core   0: 3 0x8000b03a (0x84d5) x 9 0xfffffff2
core   0: 0x8000b03c (0x017f4933) xor     s2, t5, s7
core   0: 3 0x8000b03c (0x017f4933) x18 0xe667c294
core   0: 0x8000b040 (0xfa751be3) bne     a0, t2, pc - 74
core   0: 3 0x8000b040 (0xfa751be3)
core   0: 0x8000aff6 (0x02366433) rem     s0, a2, gp
core   0: 3 0x8000aff6 (0x02366433) x 8 0x0000a000
core   0: 0x8000affa (0x3c7f4013) xori    zero, t5, 967
core   0: 3 0x8000affa (0x3c7f4013)
core   0: 0x8000affe (0x00000511) c.addi  a0, 4
core   0: 3 0x8000affe (0x0511) x10 0x00000001
core   0: 0x8000b000 (0x02714f33) div     t5, sp, t2
core   0: 3 0x8000b000 (0x02714f33) x30 0xe666e294
core   0: 0x8000b004 (0x0158cdb3) xor     s11, a7, s5
core   0: 3 0x8000b004 (0x0158cdb3) x27 0xffffffff
core   0: 0x8000b008 (0x01005b33) srl     s6, zero, a6
core   0: 3 0x8000b008 (0x01005b33) x22 0x00000000
core   0: 0x8000b00c (0xfe4c24b7) lui     s1, 0xfe4c2
core   0: 3 0x8000b00c (0xfe4c24b7) x 9 0xfe4c2000
core   0: 0x8000b010 (0x037616b3) mulh    a3, a2, s7
core   0: 3 0x8000b010 (0x037616b3) x13 0x00005a2a
core   0: 0x8000b014 (0xffe00093) li      ra, -2
core   0: 3 0x8000b014 (0xffe00093) x 1 0xfffffffe
core   0: 0x8000b018 (0xff500593) li      a1, -11
core   0: 3 0x8000b018 (0xff500593) x11 0xfffffff5
core   0: 0x8000b01c (0x000061e5) c.lui   gp, 0x19
core   0: 3 0x8000b01c (0x61e5) x 3 0x00019000
core   0: 0x8000b01e (0x00006bc9) c.lui   s7, 0x12
core   0: 3 0x8000b01e (0x6bc9) x23 0x00012000
core   0: 0x8000b020 (0x0176dc13) srli    s8, a3, 23
core   0: 3 0x8000b020 (0x0176dc13) x24 0x00000000
core   0: 0x8000b024 (0x0165c833) xor     a6, a1, s6
core   0: 3 0x8000b024 (0x0165c833) x16 0xfffffff5
core   0: 0x8000b028 (0x011e6c33) or      s8, t3, a7
core   0: 3 0x8000b028 (0x011e6c33) x24 0xffffffff
core   0: 0x8000b02c (0x000010dd) c.addi  ra, -9
core   0: 3 0x8000b02c (0x10dd) x 1 0xfffffff5
core   0: 0x8000b02e (0x42a4e297) auipc   t0, 0x42a4e
core   0: 3 0x8000b02e (0x42a4e297) x 5 0xc2a5902e
core   0: 0x8000b032 (0xfeb099e3) bne     ra, a1, pc - 14
core   0: 3 0x8000b032 (0xfeb099e3)
core   0: 0x8000b036 (0x41c786b3) sub     a3, a5, t3
core   0: 3 0x8000b036 (0x41c786b3) x13 0x000004a2
core   0: 0x8000b03a (0x000084d5) c.srai  s1, 21
core   0: 3 0x8000b03a (0x84d5) x 9 0xfffffff2
core   0: 0x8000b03c (0x017f4933) xor     s2, t5, s7
core   0: 3 0x8000b03c (0x017f4933) x18 0xe667c294
core   0: 0x8000b040 (0xfa751be3) bne     a0, t2, pc - 74
core   0: 3 0x8000b040 (0xfa751be3)
core   0: 0x8000aff6 (0x02366433) rem     s0, a2, gp
core   0: 3 0x8000aff6 (0x02366433) x 8 0x0000a000
core   0: 0x8000affa (0x3c7f4013) xori    zero, t5, 967
core   0: 3 0x8000affa (0x3c7f4013)
core   0: 0x8000affe (0x00000511) c.addi  a0, 4
core   0: 3 0x8000affe (0x0511) x10 0x00000005
core   0: 0x8000b000 (0x02714f33) div     t5, sp, t2
core   0: 3 0x8000b000 (0x02714f33) x30 0xe666e294
core   0: 0x8000b004 (0x0158cdb3) xor     s11, a7, s5
core   0: 3 0x8000b004 (0x0158cdb3) x27 0xffffffff
core   0: 0x8000b008 (0x01005b33) srl     s6, zero, a6
core   0: 3 0x8000b008 (0x01005b33) x22 0x00000000
core   0: 0x8000b00c (0xfe4c24b7) lui     s1, 0xfe4c2
core   0: 3 0x8000b00c (0xfe4c24b7) x 9 0xfe4c2000
core   0: 0x8000b010 (0x037616b3) mulh    a3, a2, s7
core   0: 3 0x8000b010 (0x037616b3) x13 0x00005a2a
core   0: 0x8000b014 (0xffe00093) li      ra, -2
core   0: 3 0x8000b014 (0xffe00093) x 1 0xfffffffe
core   0: 0x8000b018 (0xff500593) li      a1, -11
core   0: 3 0x8000b018 (0xff500593) x11 0xfffffff5
core   0: 0x8000b01c (0x000061e5) c.lui   gp, 0x19
core   0: 3 0x8000b01c (0x61e5) x 3 0x00019000
core   0: 0x8000b01e (0x00006bc9) c.lui   s7, 0x12
core   0: 3 0x8000b01e (0x6bc9) x23 0x00012000
core   0: 0x8000b020 (0x0176dc13) srli    s8, a3, 23
core   0: 3 0x8000b020 (0x0176dc13) x24 0x00000000
core   0: 0x8000b024 (0x0165c833) xor     a6, a1, s6
core   0: 3 0x8000b024 (0x0165c833) x16 0xfffffff5
core   0: 0x8000b028 (0x011e6c33) or      s8, t3, a7
core   0: 3 0x8000b028 (0x011e6c33) x24 0xffffffff
core   0: 0x8000b02c (0x000010dd) c.addi  ra, -9
core   0: 3 0x8000b02c (0x10dd) x 1 0xfffffff5
core   0: 0x8000b02e (0x42a4e297) auipc   t0, 0x42a4e
core   0: 3 0x8000b02e (0x42a4e297) x 5 0xc2a5902e
core   0: 0x8000b032 (0xfeb099e3) bne     ra, a1, pc - 14
core   0: 3 0x8000b032 (0xfeb099e3)
core   0: 0x8000b036 (0x41c786b3) sub     a3, a5, t3
core   0: 3 0x8000b036 (0x41c786b3) x13 0x000004a2
core   0: 0x8000b03a (0x000084d5) c.srai  s1, 21
core   0: 3 0x8000b03a (0x84d5) x 9 0xfffffff2
core   0: 0x8000b03c (0x017f4933) xor     s2, t5, s7
core   0: 3 0x8000b03c (0x017f4933) x18 0xe667c294
core   0: 0x8000b040 (0xfa751be3) bne     a0, t2, pc - 74
core   0: 3 0x8000b040 (0xfa751be3)
core   0: 0x8000b044 (0x00008721) c.srai  a4, 8
core   0: 3 0x8000b044 (0x8721) x14 0x006fffff
core   0: 0x8000b046 (0x00000b13) li      s6, 0
core   0: 3 0x8000b046 (0x00000b13) x22 0x00000000
core   0: 0x8000b04a (0x00c8e333) or      t1, a7, a2
core   0: 3 0x8000b04a (0x00c8e333) x 6 0xffffffff
core   0: 0x8000b04e (0x00008f65) c.and   a4, s1
core   0: 3 0x8000b04e (0x8f65) x14 0x006ffff2
core   0: 0x8000b050 (0xff700a93) li      s5, -9
core   0: 3 0x8000b050 (0xff700a93) x21 0xfffffff7
core   0: 0x8000b054 (0x00008de9) c.and   a1, a0
core   0: 3 0x8000b054 (0x8de9) x11 0x00000005
core   0: 0x8000b056 (0x662d0b93) addi    s7, s10, 1634
core   0: 3 0x8000b056 (0x662d0b93) x23 0x80023466
core   0: 0x8000b05a (0x1782b637) lui     a2, 0x1782b
core   0: 3 0x8000b05a (0x1782b637) x12 0x1782b000
core   0: 0x8000b05e (0x41e18733) sub     a4, gp, t5
core   0: 3 0x8000b05e (0x41e18733) x14 0x199aad6c
core   0: 0x8000b062 (0x00008eb9) c.xor   a3, a4
core   0: 3 0x8000b062 (0x8eb9) x13 0x199aa9ce
core   0: 0x8000b064 (0x00001b5d) c.addi  s6, -9
core   0: 3 0x8000b064 (0x1b5d) x22 0xfffffff7
core   0: 0x8000b066 (0x4186d033) sra     zero, a3, s8
core   0: 3 0x8000b066 (0x4186d033)
core   0: 0x8000b06a (0x00000001) c.nop
core   0: 3 0x8000b06a (0x0001)
core   0: 0x8000b06c (0x00008cf1) c.and   s1, a2
core   0: 3 0x8000b06c (0x8cf1) x 9 0x1782b000
core   0: 0x8000b06e (0xff5b16e3) bne     s6, s5, pc - 20
core   0: 3 0x8000b06e (0xff5b16e3)
core   0: 0x8000b072 (0x00008c61) c.and   s0, s0
core   0: 3 0x8000b072 (0x8c61) x 8 0x0000a000
core   0: 0x8000b074 (0x00000513) li      a0, 0
core   0: 3 0x8000b074 (0x00000513) x10 0x00000000
core   0: 0x8000b078 (0x0000870d) c.srai  a4, 3
core   0: 3 0x8000b078 (0x870d) x14 0x033355ad
core   0: 0x8000b07a (0x00000aa2) c.slli  s5, 8
core   0: 3 0x8000b07a (0x0aa2) x21 0xfffff700
core   0: 0x8000b07c (0x00f00913) li      s2, 15
core   0: 3 0x8000b07c (0x00f00913) x18 0x0000000f
core   0: 0x8000b080 (0xb7f6ba93) sltiu   s5, a3, -1153
core   0: 3 0x8000b080 (0xb7f6ba93) x21 0x00000001
core   0: 0x8000b084 (0x010ea413) slti    s0, t4, 16
core   0: 3 0x8000b084 (0x010ea413) x 8 0x00000001
core   0: 0x8000b088 (0x00000505) c.addi  a0, 1
core   0: 3 0x8000b088 (0x0505) x10 0x00000001
core   0: 0x8000b08a (0x00d2eeb3) or      t4, t0, a3
core   0: 3 0x8000b08a (0x00d2eeb3) x29 0xdbbfb9ee
core   0: 0x8000b08e (0xff900493) li      s1, -7
core   0: 3 0x8000b08e (0xff900493) x 9 0xfffffff9
core   0: 0x8000b092 (0xff300c13) li      s8, -13
core   0: 3 0x8000b092 (0xff300c13) x24 0xfffffff3
core   0: 0x8000b096 (0x35eafd93) andi    s11, s5, 862
core   0: 3 0x8000b096 (0x35eafd93) x27 0x00000000
core   0: 0x8000b09a (0x000014e9) c.addi  s1, -6
core   0: 3 0x8000b09a (0x14e9) x 9 0xfffffff3
core   0: 0x8000b09c (0xff84dde3) bge     s1, s8, pc - 6
core   0: 3 0x8000b09c (0xff84dde3)
core   0: 0x8000b096 (0x35eafd93) andi    s11, s5, 862
core   0: 3 0x8000b096 (0x35eafd93) x27 0x00000000
core   0: 0x8000b09a (0x000014e9) c.addi  s1, -6
core   0: 3 0x8000b09a (0x14e9) x 9 0xffffffed
core   0: 0x8000b09c (0xff84dde3) bge     s1, s8, pc - 6
core   0: 3 0x8000b09c (0xff84dde3)
core   0: 0x8000b0a0 (0xff2510e3) bne     a0, s2, pc - 32
core   0: 3 0x8000b0a0 (0xff2510e3)
core   0: 0x8000b080 (0xb7f6ba93) sltiu   s5, a3, -1153
core   0: 3 0x8000b080 (0xb7f6ba93) x21 0x00000001
core   0: 0x8000b084 (0x010ea413) slti    s0, t4, 16
core   0: 3 0x8000b084 (0x010ea413) x 8 0x00000001
core   0: 0x8000b088 (0x00000505) c.addi  a0, 1
core   0: 3 0x8000b088 (0x0505) x10 0x00000002
core   0: 0x8000b08a (0x00d2eeb3) or      t4, t0, a3
core   0: 3 0x8000b08a (0x00d2eeb3) x29 0xdbbfb9ee
core   0: 0x8000b08e (0xff900493) li      s1, -7
core   0: 3 0x8000b08e (0xff900493) x 9 0xfffffff9
core   0: 0x8000b092 (0xff300c13) li      s8, -13
core   0: 3 0x8000b092 (0xff300c13) x24 0xfffffff3
core   0: 0x8000b096 (0x35eafd93) andi    s11, s5, 862
core   0: 3 0x8000b096 (0x35eafd93) x27 0x00000000
core   0: 0x8000b09a (0x000014e9) c.addi  s1, -6
core   0: 3 0x8000b09a (0x14e9) x 9 0xfffffff3
core   0: 0x8000b09c (0xff84dde3) bge     s1, s8, pc - 6
core   0: 3 0x8000b09c (0xff84dde3)
core   0: 0x8000b096 (0x35eafd93) andi    s11, s5, 862
core   0: 3 0x8000b096 (0x35eafd93) x27 0x00000000
core   0: 0x8000b09a (0x000014e9) c.addi  s1, -6
core   0: 3 0x8000b09a (0x14e9) x 9 0xffffffed
core   0: 0x8000b09c (0xff84dde3) bge     s1, s8, pc - 6
core   0: 3 0x8000b09c (0xff84dde3)
core   0: 0x8000b0a0 (0xff2510e3) bne     a0, s2, pc - 32
core   0: 3 0x8000b0a0 (0xff2510e3)
core   0: 0x8000b080 (0xb7f6ba93) sltiu   s5, a3, -1153
core   0: 3 0x8000b080 (0xb7f6ba93) x21 0x00000001
core   0: 0x8000b084 (0x010ea413) slti    s0, t4, 16
core   0: 3 0x8000b084 (0x010ea413) x 8 0x00000001
core   0: 0x8000b088 (0x00000505) c.addi  a0, 1
core   0: 3 0x8000b088 (0x0505) x10 0x00000003
core   0: 0x8000b08a (0x00d2eeb3) or      t4, t0, a3
core   0: 3 0x8000b08a (0x00d2eeb3) x29 0xdbbfb9ee
core   0: 0x8000b08e (0xff900493) li      s1, -7
core   0: 3 0x8000b08e (0xff900493) x 9 0xfffffff9
core   0: 0x8000b092 (0xff300c13) li      s8, -13
core   0: 3 0x8000b092 (0xff300c13) x24 0xfffffff3
core   0: 0x8000b096 (0x35eafd93) andi    s11, s5, 862
core   0: 3 0x8000b096 (0x35eafd93) x27 0x00000000
core   0: 0x8000b09a (0x000014e9) c.addi  s1, -6
core   0: 3 0x8000b09a (0x14e9) x 9 0xfffffff3
core   0: 0x8000b09c (0xff84dde3) bge     s1, s8, pc - 6
core   0: 3 0x8000b09c (0xff84dde3)
core   0: 0x8000b096 (0x35eafd93) andi    s11, s5, 862
core   0: 3 0x8000b096 (0x35eafd93) x27 0x00000000
core   0: 0x8000b09a (0x000014e9) c.addi  s1, -6
core   0: 3 0x8000b09a (0x14e9) x 9 0xffffffed
core   0: 0x8000b09c (0xff84dde3) bge     s1, s8, pc - 6
core   0: 3 0x8000b09c (0xff84dde3)
core   0: 0x8000b0a0 (0xff2510e3) bne     a0, s2, pc - 32
core   0: 3 0x8000b0a0 (0xff2510e3)
core   0: 0x8000b080 (0xb7f6ba93) sltiu   s5, a3, -1153
core   0: 3 0x8000b080 (0xb7f6ba93) x21 0x00000001
core   0: 0x8000b084 (0x010ea413) slti    s0, t4, 16
core   0: 3 0x8000b084 (0x010ea413) x 8 0x00000001
core   0: 0x8000b088 (0x00000505) c.addi  a0, 1
core   0: 3 0x8000b088 (0x0505) x10 0x00000004
core   0: 0x8000b08a (0x00d2eeb3) or      t4, t0, a3
core   0: 3 0x8000b08a (0x00d2eeb3) x29 0xdbbfb9ee
core   0: 0x8000b08e (0xff900493) li      s1, -7
core   0: 3 0x8000b08e (0xff900493) x 9 0xfffffff9
core   0: 0x8000b092 (0xff300c13) li      s8, -13
core   0: 3 0x8000b092 (0xff300c13) x24 0xfffffff3
core   0: 0x8000b096 (0x35eafd93) andi    s11, s5, 862
core   0: 3 0x8000b096 (0x35eafd93) x27 0x00000000
core   0: 0x8000b09a (0x000014e9) c.addi  s1, -6
core   0: 3 0x8000b09a (0x14e9) x 9 0xfffffff3
core   0: 0x8000b09c (0xff84dde3) bge     s1, s8, pc - 6
core   0: 3 0x8000b09c (0xff84dde3)
core   0: 0x8000b096 (0x35eafd93) andi    s11, s5, 862
core   0: 3 0x8000b096 (0x35eafd93) x27 0x00000000
core   0: 0x8000b09a (0x000014e9) c.addi  s1, -6
core   0: 3 0x8000b09a (0x14e9) x 9 0xffffffed
core   0: 0x8000b09c (0xff84dde3) bge     s1, s8, pc - 6
core   0: 3 0x8000b09c (0xff84dde3)
core   0: 0x8000b0a0 (0xff2510e3) bne     a0, s2, pc - 32
core   0: 3 0x8000b0a0 (0xff2510e3)
core   0: 0x8000b080 (0xb7f6ba93) sltiu   s5, a3, -1153
core   0: 3 0x8000b080 (0xb7f6ba93) x21 0x00000001
core   0: 0x8000b084 (0x010ea413) slti    s0, t4, 16
core   0: 3 0x8000b084 (0x010ea413) x 8 0x00000001
core   0: 0x8000b088 (0x00000505) c.addi  a0, 1
core   0: 3 0x8000b088 (0x0505) x10 0x00000005
core   0: 0x8000b08a (0x00d2eeb3) or      t4, t0, a3
core   0: 3 0x8000b08a (0x00d2eeb3) x29 0xdbbfb9ee
core   0: 0x8000b08e (0xff900493) li      s1, -7
core   0: 3 0x8000b08e (0xff900493) x 9 0xfffffff9
core   0: 0x8000b092 (0xff300c13) li      s8, -13
core   0: 3 0x8000b092 (0xff300c13) x24 0xfffffff3
core   0: 0x8000b096 (0x35eafd93) andi    s11, s5, 862
core   0: 3 0x8000b096 (0x35eafd93) x27 0x00000000
core   0: 0x8000b09a (0x000014e9) c.addi  s1, -6
core   0: 3 0x8000b09a (0x14e9) x 9 0xfffffff3
core   0: 0x8000b09c (0xff84dde3) bge     s1, s8, pc - 6
core   0: 3 0x8000b09c (0xff84dde3)
core   0: 0x8000b096 (0x35eafd93) andi    s11, s5, 862
core   0: 3 0x8000b096 (0x35eafd93) x27 0x00000000
core   0: 0x8000b09a (0x000014e9) c.addi  s1, -6
core   0: 3 0x8000b09a (0x14e9) x 9 0xffffffed
core   0: 0x8000b09c (0xff84dde3) bge     s1, s8, pc - 6
core   0: 3 0x8000b09c (0xff84dde3)
core   0: 0x8000b0a0 (0xff2510e3) bne     a0, s2, pc - 32
core   0: 3 0x8000b0a0 (0xff2510e3)
core   0: 0x8000b080 (0xb7f6ba93) sltiu   s5, a3, -1153
core   0: 3 0x8000b080 (0xb7f6ba93) x21 0x00000001
core   0: 0x8000b084 (0x010ea413) slti    s0, t4, 16
core   0: 3 0x8000b084 (0x010ea413) x 8 0x00000001
core   0: 0x8000b088 (0x00000505) c.addi  a0, 1
core   0: 3 0x8000b088 (0x0505) x10 0x00000006
core   0: 0x8000b08a (0x00d2eeb3) or      t4, t0, a3
core   0: 3 0x8000b08a (0x00d2eeb3) x29 0xdbbfb9ee
core   0: 0x8000b08e (0xff900493) li      s1, -7
core   0: 3 0x8000b08e (0xff900493) x 9 0xfffffff9
core   0: 0x8000b092 (0xff300c13) li      s8, -13
core   0: 3 0x8000b092 (0xff300c13) x24 0xfffffff3
core   0: 0x8000b096 (0x35eafd93) andi    s11, s5, 862
core   0: 3 0x8000b096 (0x35eafd93) x27 0x00000000
core   0: 0x8000b09a (0x000014e9) c.addi  s1, -6
core   0: 3 0x8000b09a (0x14e9) x 9 0xfffffff3
core   0: 0x8000b09c (0xff84dde3) bge     s1, s8, pc - 6
core   0: 3 0x8000b09c (0xff84dde3)
core   0: 0x8000b096 (0x35eafd93) andi    s11, s5, 862
core   0: 3 0x8000b096 (0x35eafd93) x27 0x00000000
core   0: 0x8000b09a (0x000014e9) c.addi  s1, -6
core   0: 3 0x8000b09a (0x14e9) x 9 0xffffffed
core   0: 0x8000b09c (0xff84dde3) bge     s1, s8, pc - 6
core   0: 3 0x8000b09c (0xff84dde3)
core   0: 0x8000b0a0 (0xff2510e3) bne     a0, s2, pc - 32
core   0: 3 0x8000b0a0 (0xff2510e3)
core   0: 0x8000b080 (0xb7f6ba93) sltiu   s5, a3, -1153
core   0: 3 0x8000b080 (0xb7f6ba93) x21 0x00000001
core   0: 0x8000b084 (0x010ea413) slti    s0, t4, 16
core   0: 3 0x8000b084 (0x010ea413) x 8 0x00000001
core   0: 0x8000b088 (0x00000505) c.addi  a0, 1
core   0: 3 0x8000b088 (0x0505) x10 0x00000007
core   0: 0x8000b08a (0x00d2eeb3) or      t4, t0, a3
core   0: 3 0x8000b08a (0x00d2eeb3) x29 0xdbbfb9ee
core   0: 0x8000b08e (0xff900493) li      s1, -7
core   0: 3 0x8000b08e (0xff900493) x 9 0xfffffff9
core   0: 0x8000b092 (0xff300c13) li      s8, -13
core   0: 3 0x8000b092 (0xff300c13) x24 0xfffffff3
core   0: 0x8000b096 (0x35eafd93) andi    s11, s5, 862
core   0: 3 0x8000b096 (0x35eafd93) x27 0x00000000
core   0: 0x8000b09a (0x000014e9) c.addi  s1, -6
core   0: 3 0x8000b09a (0x14e9) x 9 0xfffffff3
core   0: 0x8000b09c (0xff84dde3) bge     s1, s8, pc - 6
core   0: 3 0x8000b09c (0xff84dde3)
core   0: 0x8000b096 (0x35eafd93) andi    s11, s5, 862
core   0: 3 0x8000b096 (0x35eafd93) x27 0x00000000
core   0: 0x8000b09a (0x000014e9) c.addi  s1, -6
core   0: 3 0x8000b09a (0x14e9) x 9 0xffffffed
core   0: 0x8000b09c (0xff84dde3) bge     s1, s8, pc - 6
core   0: 3 0x8000b09c (0xff84dde3)
core   0: 0x8000b0a0 (0xff2510e3) bne     a0, s2, pc - 32
core   0: 3 0x8000b0a0 (0xff2510e3)
core   0: 0x8000b080 (0xb7f6ba93) sltiu   s5, a3, -1153
core   0: 3 0x8000b080 (0xb7f6ba93) x21 0x00000001
core   0: 0x8000b084 (0x010ea413) slti    s0, t4, 16
core   0: 3 0x8000b084 (0x010ea413) x 8 0x00000001
core   0: 0x8000b088 (0x00000505) c.addi  a0, 1
core   0: 3 0x8000b088 (0x0505) x10 0x00000008
core   0: 0x8000b08a (0x00d2eeb3) or      t4, t0, a3
core   0: 3 0x8000b08a (0x00d2eeb3) x29 0xdbbfb9ee
core   0: 0x8000b08e (0xff900493) li      s1, -7
core   0: 3 0x8000b08e (0xff900493) x 9 0xfffffff9
core   0: 0x8000b092 (0xff300c13) li      s8, -13
core   0: 3 0x8000b092 (0xff300c13) x24 0xfffffff3
core   0: 0x8000b096 (0x35eafd93) andi    s11, s5, 862
core   0: 3 0x8000b096 (0x35eafd93) x27 0x00000000
core   0: 0x8000b09a (0x000014e9) c.addi  s1, -6
core   0: 3 0x8000b09a (0x14e9) x 9 0xfffffff3
core   0: 0x8000b09c (0xff84dde3) bge     s1, s8, pc - 6
core   0: 3 0x8000b09c (0xff84dde3)
core   0: 0x8000b096 (0x35eafd93) andi    s11, s5, 862
core   0: 3 0x8000b096 (0x35eafd93) x27 0x00000000
core   0: 0x8000b09a (0x000014e9) c.addi  s1, -6
core   0: 3 0x8000b09a (0x14e9) x 9 0xffffffed
core   0: 0x8000b09c (0xff84dde3) bge     s1, s8, pc - 6
core   0: 3 0x8000b09c (0xff84dde3)
core   0: 0x8000b0a0 (0xff2510e3) bne     a0, s2, pc - 32
core   0: 3 0x8000b0a0 (0xff2510e3)
core   0: 0x8000b080 (0xb7f6ba93) sltiu   s5, a3, -1153
core   0: 3 0x8000b080 (0xb7f6ba93) x21 0x00000001
core   0: 0x8000b084 (0x010ea413) slti    s0, t4, 16
core   0: 3 0x8000b084 (0x010ea413) x 8 0x00000001
core   0: 0x8000b088 (0x00000505) c.addi  a0, 1
core   0: 3 0x8000b088 (0x0505) x10 0x00000009
core   0: 0x8000b08a (0x00d2eeb3) or      t4, t0, a3
core   0: 3 0x8000b08a (0x00d2eeb3) x29 0xdbbfb9ee
core   0: 0x8000b08e (0xff900493) li      s1, -7
core   0: 3 0x8000b08e (0xff900493) x 9 0xfffffff9
core   0: 0x8000b092 (0xff300c13) li      s8, -13
core   0: 3 0x8000b092 (0xff300c13) x24 0xfffffff3
core   0: 0x8000b096 (0x35eafd93) andi    s11, s5, 862
core   0: 3 0x8000b096 (0x35eafd93) x27 0x00000000
core   0: 0x8000b09a (0x000014e9) c.addi  s1, -6
core   0: 3 0x8000b09a (0x14e9) x 9 0xfffffff3
core   0: 0x8000b09c (0xff84dde3) bge     s1, s8, pc - 6
core   0: 3 0x8000b09c (0xff84dde3)
core   0: 0x8000b096 (0x35eafd93) andi    s11, s5, 862
core   0: 3 0x8000b096 (0x35eafd93) x27 0x00000000
core   0: 0x8000b09a (0x000014e9) c.addi  s1, -6
core   0: 3 0x8000b09a (0x14e9) x 9 0xffffffed
core   0: 0x8000b09c (0xff84dde3) bge     s1, s8, pc - 6
core   0: 3 0x8000b09c (0xff84dde3)
core   0: 0x8000b0a0 (0xff2510e3) bne     a0, s2, pc - 32
core   0: 3 0x8000b0a0 (0xff2510e3)
core   0: 0x8000b080 (0xb7f6ba93) sltiu   s5, a3, -1153
core   0: 3 0x8000b080 (0xb7f6ba93) x21 0x00000001
core   0: 0x8000b084 (0x010ea413) slti    s0, t4, 16
core   0: 3 0x8000b084 (0x010ea413) x 8 0x00000001
core   0: 0x8000b088 (0x00000505) c.addi  a0, 1
core   0: 3 0x8000b088 (0x0505) x10 0x0000000a
core   0: 0x8000b08a (0x00d2eeb3) or      t4, t0, a3
core   0: 3 0x8000b08a (0x00d2eeb3) x29 0xdbbfb9ee
core   0: 0x8000b08e (0xff900493) li      s1, -7
core   0: 3 0x8000b08e (0xff900493) x 9 0xfffffff9
core   0: 0x8000b092 (0xff300c13) li      s8, -13
core   0: 3 0x8000b092 (0xff300c13) x24 0xfffffff3
core   0: 0x8000b096 (0x35eafd93) andi    s11, s5, 862
core   0: 3 0x8000b096 (0x35eafd93) x27 0x00000000
core   0: 0x8000b09a (0x000014e9) c.addi  s1, -6
core   0: 3 0x8000b09a (0x14e9) x 9 0xfffffff3
core   0: 0x8000b09c (0xff84dde3) bge     s1, s8, pc - 6
core   0: 3 0x8000b09c (0xff84dde3)
core   0: 0x8000b096 (0x35eafd93) andi    s11, s5, 862
core   0: 3 0x8000b096 (0x35eafd93) x27 0x00000000
core   0: 0x8000b09a (0x000014e9) c.addi  s1, -6
core   0: 3 0x8000b09a (0x14e9) x 9 0xffffffed
core   0: 0x8000b09c (0xff84dde3) bge     s1, s8, pc - 6
core   0: 3 0x8000b09c (0xff84dde3)
core   0: 0x8000b0a0 (0xff2510e3) bne     a0, s2, pc - 32
core   0: 3 0x8000b0a0 (0xff2510e3)
core   0: 0x8000b080 (0xb7f6ba93) sltiu   s5, a3, -1153
core   0: 3 0x8000b080 (0xb7f6ba93) x21 0x00000001
core   0: 0x8000b084 (0x010ea413) slti    s0, t4, 16
core   0: 3 0x8000b084 (0x010ea413) x 8 0x00000001
core   0: 0x8000b088 (0x00000505) c.addi  a0, 1
core   0: 3 0x8000b088 (0x0505) x10 0x0000000b
core   0: 0x8000b08a (0x00d2eeb3) or      t4, t0, a3
core   0: 3 0x8000b08a (0x00d2eeb3) x29 0xdbbfb9ee
core   0: 0x8000b08e (0xff900493) li      s1, -7
core   0: 3 0x8000b08e (0xff900493) x 9 0xfffffff9
core   0: 0x8000b092 (0xff300c13) li      s8, -13
core   0: 3 0x8000b092 (0xff300c13) x24 0xfffffff3
core   0: 0x8000b096 (0x35eafd93) andi    s11, s5, 862
core   0: 3 0x8000b096 (0x35eafd93) x27 0x00000000
core   0: 0x8000b09a (0x000014e9) c.addi  s1, -6
core   0: 3 0x8000b09a (0x14e9) x 9 0xfffffff3
core   0: 0x8000b09c (0xff84dde3) bge     s1, s8, pc - 6
core   0: 3 0x8000b09c (0xff84dde3)
core   0: 0x8000b096 (0x35eafd93) andi    s11, s5, 862
core   0: 3 0x8000b096 (0x35eafd93) x27 0x00000000
core   0: 0x8000b09a (0x000014e9) c.addi  s1, -6
core   0: 3 0x8000b09a (0x14e9) x 9 0xffffffed
core   0: 0x8000b09c (0xff84dde3) bge     s1, s8, pc - 6
core   0: 3 0x8000b09c (0xff84dde3)
core   0: 0x8000b0a0 (0xff2510e3) bne     a0, s2, pc - 32
core   0: 3 0x8000b0a0 (0xff2510e3)
core   0: 0x8000b080 (0xb7f6ba93) sltiu   s5, a3, -1153
core   0: 3 0x8000b080 (0xb7f6ba93) x21 0x00000001
core   0: 0x8000b084 (0x010ea413) slti    s0, t4, 16
core   0: 3 0x8000b084 (0x010ea413) x 8 0x00000001
core   0: 0x8000b088 (0x00000505) c.addi  a0, 1
core   0: 3 0x8000b088 (0x0505) x10 0x0000000c
core   0: 0x8000b08a (0x00d2eeb3) or      t4, t0, a3
core   0: 3 0x8000b08a (0x00d2eeb3) x29 0xdbbfb9ee
core   0: 0x8000b08e (0xff900493) li      s1, -7
core   0: 3 0x8000b08e (0xff900493) x 9 0xfffffff9
core   0: 0x8000b092 (0xff300c13) li      s8, -13
core   0: 3 0x8000b092 (0xff300c13) x24 0xfffffff3
core   0: 0x8000b096 (0x35eafd93) andi    s11, s5, 862
core   0: 3 0x8000b096 (0x35eafd93) x27 0x00000000
core   0: 0x8000b09a (0x000014e9) c.addi  s1, -6
core   0: 3 0x8000b09a (0x14e9) x 9 0xfffffff3
core   0: 0x8000b09c (0xff84dde3) bge     s1, s8, pc - 6
core   0: 3 0x8000b09c (0xff84dde3)
core   0: 0x8000b096 (0x35eafd93) andi    s11, s5, 862
core   0: 3 0x8000b096 (0x35eafd93) x27 0x00000000
core   0: 0x8000b09a (0x000014e9) c.addi  s1, -6
core   0: 3 0x8000b09a (0x14e9) x 9 0xffffffed
core   0: 0x8000b09c (0xff84dde3) bge     s1, s8, pc - 6
core   0: 3 0x8000b09c (0xff84dde3)
core   0: 0x8000b0a0 (0xff2510e3) bne     a0, s2, pc - 32
core   0: 3 0x8000b0a0 (0xff2510e3)
core   0: 0x8000b080 (0xb7f6ba93) sltiu   s5, a3, -1153
core   0: 3 0x8000b080 (0xb7f6ba93) x21 0x00000001
core   0: 0x8000b084 (0x010ea413) slti    s0, t4, 16
core   0: 3 0x8000b084 (0x010ea413) x 8 0x00000001
core   0: 0x8000b088 (0x00000505) c.addi  a0, 1
core   0: 3 0x8000b088 (0x0505) x10 0x0000000d
core   0: 0x8000b08a (0x00d2eeb3) or      t4, t0, a3
core   0: 3 0x8000b08a (0x00d2eeb3) x29 0xdbbfb9ee
core   0: 0x8000b08e (0xff900493) li      s1, -7
core   0: 3 0x8000b08e (0xff900493) x 9 0xfffffff9
core   0: 0x8000b092 (0xff300c13) li      s8, -13
core   0: 3 0x8000b092 (0xff300c13) x24 0xfffffff3
core   0: 0x8000b096 (0x35eafd93) andi    s11, s5, 862
core   0: 3 0x8000b096 (0x35eafd93) x27 0x00000000
core   0: 0x8000b09a (0x000014e9) c.addi  s1, -6
core   0: 3 0x8000b09a (0x14e9) x 9 0xfffffff3
core   0: 0x8000b09c (0xff84dde3) bge     s1, s8, pc - 6
core   0: 3 0x8000b09c (0xff84dde3)
core   0: 0x8000b096 (0x35eafd93) andi    s11, s5, 862
core   0: 3 0x8000b096 (0x35eafd93) x27 0x00000000
core   0: 0x8000b09a (0x000014e9) c.addi  s1, -6
core   0: 3 0x8000b09a (0x14e9) x 9 0xffffffed
core   0: 0x8000b09c (0xff84dde3) bge     s1, s8, pc - 6
core   0: 3 0x8000b09c (0xff84dde3)
core   0: 0x8000b0a0 (0xff2510e3) bne     a0, s2, pc - 32
core   0: 3 0x8000b0a0 (0xff2510e3)
core   0: 0x8000b080 (0xb7f6ba93) sltiu   s5, a3, -1153
core   0: 3 0x8000b080 (0xb7f6ba93) x21 0x00000001
core   0: 0x8000b084 (0x010ea413) slti    s0, t4, 16
core   0: 3 0x8000b084 (0x010ea413) x 8 0x00000001
core   0: 0x8000b088 (0x00000505) c.addi  a0, 1
core   0: 3 0x8000b088 (0x0505) x10 0x0000000e
core   0: 0x8000b08a (0x00d2eeb3) or      t4, t0, a3
core   0: 3 0x8000b08a (0x00d2eeb3) x29 0xdbbfb9ee
core   0: 0x8000b08e (0xff900493) li      s1, -7
core   0: 3 0x8000b08e (0xff900493) x 9 0xfffffff9
core   0: 0x8000b092 (0xff300c13) li      s8, -13
core   0: 3 0x8000b092 (0xff300c13) x24 0xfffffff3
core   0: 0x8000b096 (0x35eafd93) andi    s11, s5, 862
core   0: 3 0x8000b096 (0x35eafd93) x27 0x00000000
core   0: 0x8000b09a (0x000014e9) c.addi  s1, -6
core   0: 3 0x8000b09a (0x14e9) x 9 0xfffffff3
core   0: 0x8000b09c (0xff84dde3) bge     s1, s8, pc - 6
core   0: 3 0x8000b09c (0xff84dde3)
core   0: 0x8000b096 (0x35eafd93) andi    s11, s5, 862
core   0: 3 0x8000b096 (0x35eafd93) x27 0x00000000
core   0: 0x8000b09a (0x000014e9) c.addi  s1, -6
core   0: 3 0x8000b09a (0x14e9) x 9 0xffffffed
core   0: 0x8000b09c (0xff84dde3) bge     s1, s8, pc - 6
core   0: 3 0x8000b09c (0xff84dde3)
core   0: 0x8000b0a0 (0xff2510e3) bne     a0, s2, pc - 32
core   0: 3 0x8000b0a0 (0xff2510e3)
core   0: 0x8000b080 (0xb7f6ba93) sltiu   s5, a3, -1153
core   0: 3 0x8000b080 (0xb7f6ba93) x21 0x00000001
core   0: 0x8000b084 (0x010ea413) slti    s0, t4, 16
core   0: 3 0x8000b084 (0x010ea413) x 8 0x00000001
core   0: 0x8000b088 (0x00000505) c.addi  a0, 1
core   0: 3 0x8000b088 (0x0505) x10 0x0000000f
core   0: 0x8000b08a (0x00d2eeb3) or      t4, t0, a3
core   0: 3 0x8000b08a (0x00d2eeb3) x29 0xdbbfb9ee
core   0: 0x8000b08e (0xff900493) li      s1, -7
core   0: 3 0x8000b08e (0xff900493) x 9 0xfffffff9
core   0: 0x8000b092 (0xff300c13) li      s8, -13
core   0: 3 0x8000b092 (0xff300c13) x24 0xfffffff3
core   0: 0x8000b096 (0x35eafd93) andi    s11, s5, 862
core   0: 3 0x8000b096 (0x35eafd93) x27 0x00000000
core   0: 0x8000b09a (0x000014e9) c.addi  s1, -6
core   0: 3 0x8000b09a (0x14e9) x 9 0xfffffff3
core   0: 0x8000b09c (0xff84dde3) bge     s1, s8, pc - 6
core   0: 3 0x8000b09c (0xff84dde3)
core   0: 0x8000b096 (0x35eafd93) andi    s11, s5, 862
core   0: 3 0x8000b096 (0x35eafd93) x27 0x00000000
core   0: 0x8000b09a (0x000014e9) c.addi  s1, -6
core   0: 3 0x8000b09a (0x14e9) x 9 0xffffffed
core   0: 0x8000b09c (0xff84dde3) bge     s1, s8, pc - 6
core   0: 3 0x8000b09c (0xff84dde3)
core   0: 0x8000b0a0 (0xff2510e3) bne     a0, s2, pc - 32
core   0: 3 0x8000b0a0 (0xff2510e3)
core   0: 0x8000b0a4 (0x01211333) sll     t1, sp, s2
core   0: 3 0x8000b0a4 (0x01211333) x 6 0x36720000
core   0: 0x8000b0a8 (0xff600693) li      a3, -10
core   0: 3 0x8000b0a8 (0xff600693) x13 0xfffffff6
core   0: 0x8000b0ac (0x01371933) sll     s2, a4, s3
core   0: 3 0x8000b0ac (0x01371933) x18 0x033355ad
core   0: 0x8000b0b0 (0x39ed8093) addi    ra, s11, 926
core   0: 3 0x8000b0b0 (0x39ed8093) x 1 0x0000039e
core   0: 0x8000b0b4 (0x020a28b3) mulhsu  a7, s4, zero
core   0: 3 0x8000b0b4 (0x020a28b3) x17 0x00000000
core   0: 0x8000b0b8 (0x0ff0000f) fence   iorw,iorw
core   0: 3 0x8000b0b8 (0x0ff0000f)
core   0: 0x8000b0bc (0x0321aa33) mulhsu  s4, gp, s2
core   0: 3 0x8000b0bc (0x0321aa33) x20 0x00000500
core   0: 0x8000b0c0 (0x02734db3) div     s11, t1, t2
core   0: 3 0x8000b0c0 (0x02734db3) x27 0x0ae39999
core   0: 0x8000b0c4 (0x01ff9213) slli    tp, t6, 31
core   0: 3 0x8000b0c4 (0x01ff9213) x 4 0x80000000
core   0: 0x8000b0c8 (0x00009c52) c.add   s8, s4
core   0: 3 0x8000b0c8 (0x9c52) x24 0x000004f3
core   0: 0x8000b0ca (0x412f0e33) sub     t3, t5, s2
core   0: 3 0x8000b0ca (0x412f0e33) x28 0xe3338ce7
core   0: 0x8000b0ce (0x00c00b13) li      s6, 12
core   0: 3 0x8000b0ce (0x00c00b13) x22 0x0000000c
core   0: 0x8000b0d2 (0x0000100f) fence.i
core   0: 3 0x8000b0d2 (0x0000100f)
core   0: 0x8000b0d6 (0x0000031a) c.slli  t1, 6
core   0: 3 0x8000b0d6 (0x031a) x 6 0x9c800000
core   0: 0x8000b0d8 (0x01b31233) sll     tp, t1, s11
core   0: 3 0x8000b0d8 (0x01b31233) x 4 0x00000000
core   0: 0x8000b0dc (0x033a2a33) mulhsu  s4, s4, s3
core   0: 3 0x8000b0dc (0x033a2a33) x20 0x00000000
core   0: 0x8000b0e0 (0x6512f297) auipc   t0, 0x6512f
core   0: 3 0x8000b0e0 (0x6512f297) x 5 0xe513a0e0
core   0: 0x8000b0e4 (0x00000691) c.addi  a3, 4
core   0: 3 0x8000b0e4 (0x0691) x13 0xfffffffa
core   0: 0x8000b0e6 (0x00008e11) c.sub   a2, a2
core   0: 3 0x8000b0e6 (0x8e11) x12 0x00000000
core   0: 0x8000b0e8 (0x0025cdb3) xor     s11, a1, sp
core   0: 3 0x8000b0e8 (0x0025cdb3) x27 0x80026ce1
core   0: 0x8000b0ec (0x79d4c893) xori    a7, s1, 1949
core   0: 3 0x8000b0ec (0x79d4c893) x17 0xfffff870
core   0: 0x8000b0f0 (0x01294db3) xor     s11, s2, s2
core   0: 3 0x8000b0f0 (0x01294db3) x27 0x00000000
core   0: 0x8000b0f4 (0xff66c4e3) blt     a3, s6, pc - 24
core   0: 3 0x8000b0f4 (0xff66c4e3)
core   0: 0x8000b0dc (0x033a2a33) mulhsu  s4, s4, s3
core   0: 3 0x8000b0dc (0x033a2a33) x20 0x00000000
core   0: 0x8000b0e0 (0x6512f297) auipc   t0, 0x6512f
core   0: 3 0x8000b0e0 (0x6512f297) x 5 0xe513a0e0
core   0: 0x8000b0e4 (0x00000691) c.addi  a3, 4
core   0: 3 0x8000b0e4 (0x0691) x13 0xfffffffe
core   0: 0x8000b0e6 (0x00008e11) c.sub   a2, a2
core   0: 3 0x8000b0e6 (0x8e11) x12 0x00000000
core   0: 0x8000b0e8 (0x0025cdb3) xor     s11, a1, sp
core   0: 3 0x8000b0e8 (0x0025cdb3) x27 0x80026ce1
core   0: 0x8000b0ec (0x79d4c893) xori    a7, s1, 1949
core   0: 3 0x8000b0ec (0x79d4c893) x17 0xfffff870
core   0: 0x8000b0f0 (0x01294db3) xor     s11, s2, s2
core   0: 3 0x8000b0f0 (0x01294db3) x27 0x00000000
core   0: 0x8000b0f4 (0xff66c4e3) blt     a3, s6, pc - 24
core   0: 3 0x8000b0f4 (0xff66c4e3)
core   0: 0x8000b0dc (0x033a2a33) mulhsu  s4, s4, s3
core   0: 3 0x8000b0dc (0x033a2a33) x20 0x00000000
core   0: 0x8000b0e0 (0x6512f297) auipc   t0, 0x6512f
core   0: 3 0x8000b0e0 (0x6512f297) x 5 0xe513a0e0
core   0: 0x8000b0e4 (0x00000691) c.addi  a3, 4
core   0: 3 0x8000b0e4 (0x0691) x13 0x00000002
core   0: 0x8000b0e6 (0x00008e11) c.sub   a2, a2
core   0: 3 0x8000b0e6 (0x8e11) x12 0x00000000
core   0: 0x8000b0e8 (0x0025cdb3) xor     s11, a1, sp
core   0: 3 0x8000b0e8 (0x0025cdb3) x27 0x80026ce1
core   0: 0x8000b0ec (0x79d4c893) xori    a7, s1, 1949
core   0: 3 0x8000b0ec (0x79d4c893) x17 0xfffff870
core   0: 0x8000b0f0 (0x01294db3) xor     s11, s2, s2
core   0: 3 0x8000b0f0 (0x01294db3) x27 0x00000000
core   0: 0x8000b0f4 (0xff66c4e3) blt     a3, s6, pc - 24
core   0: 3 0x8000b0f4 (0xff66c4e3)
core   0: 0x8000b0dc (0x033a2a33) mulhsu  s4, s4, s3
core   0: 3 0x8000b0dc (0x033a2a33) x20 0x00000000
core   0: 0x8000b0e0 (0x6512f297) auipc   t0, 0x6512f
core   0: 3 0x8000b0e0 (0x6512f297) x 5 0xe513a0e0
core   0: 0x8000b0e4 (0x00000691) c.addi  a3, 4
core   0: 3 0x8000b0e4 (0x0691) x13 0x00000006
core   0: 0x8000b0e6 (0x00008e11) c.sub   a2, a2
core   0: 3 0x8000b0e6 (0x8e11) x12 0x00000000
core   0: 0x8000b0e8 (0x0025cdb3) xor     s11, a1, sp
core   0: 3 0x8000b0e8 (0x0025cdb3) x27 0x80026ce1
core   0: 0x8000b0ec (0x79d4c893) xori    a7, s1, 1949
core   0: 3 0x8000b0ec (0x79d4c893) x17 0xfffff870
core   0: 0x8000b0f0 (0x01294db3) xor     s11, s2, s2
core   0: 3 0x8000b0f0 (0x01294db3) x27 0x00000000
core   0: 0x8000b0f4 (0xff66c4e3) blt     a3, s6, pc - 24
core   0: 3 0x8000b0f4 (0xff66c4e3)
core   0: 0x8000b0dc (0x033a2a33) mulhsu  s4, s4, s3
core   0: 3 0x8000b0dc (0x033a2a33) x20 0x00000000
core   0: 0x8000b0e0 (0x6512f297) auipc   t0, 0x6512f
core   0: 3 0x8000b0e0 (0x6512f297) x 5 0xe513a0e0
core   0: 0x8000b0e4 (0x00000691) c.addi  a3, 4
core   0: 3 0x8000b0e4 (0x0691) x13 0x0000000a
core   0: 0x8000b0e6 (0x00008e11) c.sub   a2, a2
core   0: 3 0x8000b0e6 (0x8e11) x12 0x00000000
core   0: 0x8000b0e8 (0x0025cdb3) xor     s11, a1, sp
core   0: 3 0x8000b0e8 (0x0025cdb3) x27 0x80026ce1
core   0: 0x8000b0ec (0x79d4c893) xori    a7, s1, 1949
core   0: 3 0x8000b0ec (0x79d4c893) x17 0xfffff870
core   0: 0x8000b0f0 (0x01294db3) xor     s11, s2, s2
core   0: 3 0x8000b0f0 (0x01294db3) x27 0x00000000
core   0: 0x8000b0f4 (0xff66c4e3) blt     a3, s6, pc - 24
core   0: 3 0x8000b0f4 (0xff66c4e3)
core   0: 0x8000b0dc (0x033a2a33) mulhsu  s4, s4, s3
core   0: 3 0x8000b0dc (0x033a2a33) x20 0x00000000
core   0: 0x8000b0e0 (0x6512f297) auipc   t0, 0x6512f
core   0: 3 0x8000b0e0 (0x6512f297) x 5 0xe513a0e0
core   0: 0x8000b0e4 (0x00000691) c.addi  a3, 4
core   0: 3 0x8000b0e4 (0x0691) x13 0x0000000e
core   0: 0x8000b0e6 (0x00008e11) c.sub   a2, a2
core   0: 3 0x8000b0e6 (0x8e11) x12 0x00000000
core   0: 0x8000b0e8 (0x0025cdb3) xor     s11, a1, sp
core   0: 3 0x8000b0e8 (0x0025cdb3) x27 0x80026ce1
core   0: 0x8000b0ec (0x79d4c893) xori    a7, s1, 1949
core   0: 3 0x8000b0ec (0x79d4c893) x17 0xfffff870
core   0: 0x8000b0f0 (0x01294db3) xor     s11, s2, s2
core   0: 3 0x8000b0f0 (0x01294db3) x27 0x00000000
core   0: 0x8000b0f4 (0xff66c4e3) blt     a3, s6, pc - 24
core   0: 3 0x8000b0f4 (0xff66c4e3)
core   0: 0x8000b0f8 (0x000088b2) c.mv    a7, a2
core   0: 3 0x8000b0f8 (0x88b2) x17 0x00000000
core   0: 0x8000b0fa (0x00100b13) li      s6, 1
core   0: 3 0x8000b0fa (0x00100b13) x22 0x00000001
core   0: 0x8000b0fe (0x00008ddd) c.or    a1, a5
core   0: 3 0x8000b0fe (0x8ddd) x11 0x00000005
core   0: 0x8000b100 (0x0146f033) and     zero, a3, s4
core   0: 3 0x8000b100 (0x0146f033)
core   0: 0x8000b104 (0x00300513) li      a0, 3
core   0: 3 0x8000b104 (0x00300513) x10 0x00000003
core   0: 0x8000b108 (0x44fc3237) lui     tp, 0x44fc3
core   0: 3 0x8000b108 (0x44fc3237) x 4 0x44fc3000
core   0: 0x8000b10c (0x9421ea13) ori     s4, gp, -1726
core   0: 3 0x8000b10c (0x9421ea13) x20 0xfffff942
core   0: 0x8000b110 (0x00000001) c.nop
core   0: 3 0x8000b110 (0x0001)
core   0: 0x8000b112 (0x00008da9) c.xor   a1, a0
core   0: 3 0x8000b112 (0x8da9) x11 0x00000006
core   0: 0x8000b114 (0x00f93a33) sltu    s4, s2, a5
core   0: 3 0x8000b114 (0x00f93a33) x20 0x00000000
core   0: 0x8000b118 (0x51cdce93) xori    t4, s11, 1308
core   0: 3 0x8000b118 (0x51cdce93) x29 0x0000051c
core   0: 0x8000b11c (0x02794933) div     s2, s2, t2
core   0: 3 0x8000b11c (0x02794933) x18 0x00a3ddef
core   0: 0x8000b120 (0x0000066a) c.slli  a2, 26
core   0: 3 0x8000b120 (0x066a) x12 0x00000000
core   0: 0x8000b122 (0x00000b05) c.addi  s6, 1
core   0: 3 0x8000b122 (0x0b05) x22 0x00000002
core   0: 0x8000b124 (0x419c51b3) sra     gp, s8, s9
core   0: 3 0x8000b124 (0x419c51b3) x 3 0x000004f3
core   0: 0x8000b128 (0x43cde593) ori     a1, s11, 1084
core   0: 3 0x8000b128 (0x43cde593) x11 0x0000043c
core   0: 0x8000b12c (0x00004499) c.li    s1, 6
core   0: 3 0x8000b12c (0x4499) x 9 0x00000006
core   0: 0x8000b12e (0xd1f7abb7) lui     s7, 0xd1f7a
core   0: 3 0x8000b12e (0xd1f7abb7) x23 0xd1f7a000
core   0: 0x8000b132 (0x4a0d6193) ori     gp, s10, 1184
core   0: 3 0x8000b132 (0x4a0d6193) x 3 0x80022ea4
core   0: 0x8000b136 (0x037adbb3) divu    s7, s5, s7
core   0: 3 0x8000b136 (0x037adbb3) x23 0x00000000
core   0: 0x8000b13a (0x0000827a) c.mv    tp, t5
core   0: 3 0x8000b13a (0x827a) x 4 0xe666e294
core   0: 0x8000b13c (0xfcab66e3) bltu    s6, a0, pc - 52
core   0: 3 0x8000b13c (0xfcab66e3)
core   0: 0x8000b108 (0x44fc3237) lui     tp, 0x44fc3
core   0: 3 0x8000b108 (0x44fc3237) x 4 0x44fc3000
core   0: 0x8000b10c (0x9421ea13) ori     s4, gp, -1726
core   0: 3 0x8000b10c (0x9421ea13) x20 0xffffffe6
core   0: 0x8000b110 (0x00000001) c.nop
core   0: 3 0x8000b110 (0x0001)
core   0: 0x8000b112 (0x00008da9) c.xor   a1, a0
core   0: 3 0x8000b112 (0x8da9) x11 0x0000043f
core   0: 0x8000b114 (0x00f93a33) sltu    s4, s2, a5
core   0: 3 0x8000b114 (0x00f93a33) x20 0x00000000
core   0: 0x8000b118 (0x51cdce93) xori    t4, s11, 1308
core   0: 3 0x8000b118 (0x51cdce93) x29 0x0000051c
core   0: 0x8000b11c (0x02794933) div     s2, s2, t2
core   0: 3 0x8000b11c (0x02794933) x18 0x0020c5fc
core   0: 0x8000b120 (0x0000066a) c.slli  a2, 26
core   0: 3 0x8000b120 (0x066a) x12 0x00000000
core   0: 0x8000b122 (0x00000b05) c.addi  s6, 1
core   0: 3 0x8000b122 (0x0b05) x22 0x00000003
core   0: 0x8000b124 (0x419c51b3) sra     gp, s8, s9
core   0: 3 0x8000b124 (0x419c51b3) x 3 0x000004f3
core   0: 0x8000b128 (0x43cde593) ori     a1, s11, 1084
core   0: 3 0x8000b128 (0x43cde593) x11 0x0000043c
core   0: 0x8000b12c (0x00004499) c.li    s1, 6
core   0: 3 0x8000b12c (0x4499) x 9 0x00000006
core   0: 0x8000b12e (0xd1f7abb7) lui     s7, 0xd1f7a
core   0: 3 0x8000b12e (0xd1f7abb7) x23 0xd1f7a000
core   0: 0x8000b132 (0x4a0d6193) ori     gp, s10, 1184
core   0: 3 0x8000b132 (0x4a0d6193) x 3 0x80022ea4
core   0: 0x8000b136 (0x037adbb3) divu    s7, s5, s7
core   0: 3 0x8000b136 (0x037adbb3) x23 0x00000000
core   0: 0x8000b13a (0x0000827a) c.mv    tp, t5
core   0: 3 0x8000b13a (0x827a) x 4 0xe666e294
core   0: 0x8000b13c (0xfcab66e3) bltu    s6, a0, pc - 52
core   0: 3 0x8000b13c (0xfcab66e3)
core   0: 0x8000b140 (0x00291933) sll     s2, s2, sp
core   0: 3 0x8000b140 (0x00291933) x18 0x020c5fc0
core   0: 0x8000b144 (0x00300413) li      s0, 3
core   0: 3 0x8000b144 (0x00300413) x 8 0x00000003
core   0: 0x8000b148 (0x4147d0b3) sra     ra, a5, s4
core   0: 3 0x8000b148 (0x4147d0b3) x 1 0x00000000
core   0: 0x8000b14c (0x41f95933) sra     s2, s2, t6
core   0: 3 0x8000b14c (0x41f95933) x18 0x01062fe0
core   0: 0x8000b150 (0x40b4df13) srai    t5, s1, 11
core   0: 3 0x8000b150 (0x40b4df13) x30 0x00000000
core   0: 0x8000b154 (0x02607333) remu    t1, zero, t1
core   0: 3 0x8000b154 (0x02607333) x 6 0x00000000
core   0: 0x8000b158 (0x00300993) li      s3, 3
core   0: 3 0x8000b158 (0x00300993) x19 0x00000003
core   0: 0x8000b15c (0x00006699) c.lui   a3, 0x6
core   0: 3 0x8000b15c (0x6699) x13 0x00006000
core   0: 0x8000b15e (0x02840033) mul     zero, s0, s0
core   0: 3 0x8000b15e (0x02840033)
core   0: 0x8000b162 (0x41bed833) sra     a6, t4, s11
core   0: 3 0x8000b162 (0x41bed833) x16 0x0000051c
core   0: 0x8000b166 (0x000085fd) c.srai  a1, 31
core   0: 3 0x8000b166 (0x85fd) x11 0x00000000
core   0: 0x8000b168 (0x00009fa6) c.add   t6, s1
core   0: 3 0x8000b168 (0x9fa6) x31 0x00000007
core   0: 0x8000b16a (0x4c4a6513) ori     a0, s4, 1220
core   0: 3 0x8000b16a (0x4c4a6513) x10 0x000004c4
core   0: 0x8000b16e (0x01347f33) and     t5, s0, s3
core   0: 3 0x8000b16e (0x01347f33) x30 0x00000003
core   0: 0x8000b172 (0x032a1b33) mulh    s6, s4, s2
core   0: 3 0x8000b172 (0x032a1b33) x22 0x00000000
core   0: 0x8000b176 (0x00009ea6) c.add   t4, s1
core   0: 3 0x8000b176 (0x9ea6) x29 0x00000522
core   0: 0x8000b178 (0x01d36733) or      a4, t1, t4
core   0: 3 0x8000b178 (0x01d36733) x14 0x00000522
core   0: 0x8000b17c (0x025335b3) mulhu   a1, t1, t0
core   0: 3 0x8000b17c (0x025335b3) x11 0x00000000
core   0: 0x8000b180 (0x00000001) c.nop
core   0: 3 0x8000b180 (0x0001)
core   0: 0x8000b182 (0x0105dfb3) srl     t6, a1, a6
core   0: 3 0x8000b182 (0x0105dfb3) x31 0x00000000
core   0: 0x8000b186 (0x00001469) c.addi  s0, -6
core   0: 3 0x8000b186 (0x1469) x 8 0xfffffffd
core   0: 0x8000b188 (0x00008256) c.mv    tp, s5
core   0: 3 0x8000b188 (0x8256) x 4 0x00000001
core   0: 0x8000b18a (0x000093a2) c.add   t2, s0
core   0: 3 0x8000b18a (0x93a2) x 7 0x00000002
core   0: 0x8000b18c (0xff3456e3) bge     s0, s3, pc - 20
core   0: 3 0x8000b18c (0xff3456e3)
core   0: 0x8000b190 (0x00008135) c.srli  a0, 13
core   0: 3 0x8000b190 (0x8135) x10 0x00000000
core   0: 0x8000b192 (0x057e5563) bge     t3, s7, pc + 74
core   0: 3 0x8000b192 (0x057e5563)
core   0: 0x8000b196 (0xc201a893) slti    a7, gp, -992
core   0: 3 0x8000b196 (0xc201a893) x17 0x00000001
core   0: 0x8000b19a (0x000099fd) c.andi  a1, -1
core   0: 3 0x8000b19a (0x99fd) x11 0x00000000
core   0: 0x8000b19c (0x0203bc33) mulhu   s8, t2, zero
core   0: 3 0x8000b19c (0x0203bc33) x24 0x00000000
core   0: 0x8000b1a0 (0x3a9f7513) andi    a0, t5, 937
core   0: 3 0x8000b1a0 (0x3a9f7513) x10 0x00000001
core   0: 0x8000b1a4 (0x02abe5b3) rem     a1, s7, a0
core   0: 3 0x8000b1a4 (0x02abe5b3) x11 0x00000000
core   0: 0x8000b1a8 (0xfcc90f97) auipc   t6, 0xfcc90
core   0: 3 0x8000b1a8 (0xfcc90f97) x31 0x7cc9b1a8
core   0: 0x8000b1ac (0xd88e3eb7) lui     t4, 0xd88e3
core   0: 3 0x8000b1ac (0xd88e3eb7) x29 0xd88e3000
core   0: 0x8000b1b0 (0x000088f6) c.mv    a7, t4
core   0: 3 0x8000b1b0 (0x88f6) x17 0xd88e3000
core   0: 0x8000b1b2 (0x010f2db3) slt     s11, t5, a6
core   0: 3 0x8000b1b2 (0x010f2db3) x27 0x00000001
core   0: 0x8000b1b6 (0x41340f33) sub     t5, s0, s3
core   0: 3 0x8000b1b6 (0x41340f33) x30 0xfffffffa
core   0: 0x8000b1ba (0x01a77633) and     a2, a4, s10
core   0: 3 0x8000b1ba (0x01a77633) x12 0x00000400
core   0: 0x8000b1be (0x007311b3) sll     gp, t1, t2
core   0: 3 0x8000b1be (0x007311b3) x 3 0x00000000
core   0: 0x8000b1c2 (0x03420c63) beq     tp, s4, pc + 56
core   0: 3 0x8000b1c2 (0x03420c63)
core   0: 0x8000b1c6 (0x02ddb3b3) mulhu   t2, s11, a3
core   0: 3 0x8000b1c6 (0x02ddb3b3) x 7 0x00000000
core   0: 0x8000b1ca (0x015592b3) sll     t0, a1, s5
core   0: 3 0x8000b1ca (0x015592b3) x 5 0x00000000
core   0: 0x8000b1ce (0x02a593b3) mulh    t2, a1, a0
core   0: 3 0x8000b1ce (0x02a593b3) x 7 0x00000000
core   0: 0x8000b1d2 (0x00006841) c.lui   a6, 0x10
core   0: 3 0x8000b1d2 (0x6841) x16 0x00010000
core   0: 0x8000b1d4 (0x016fe663) bltu    t6, s6, pc + 12
core   0: 3 0x8000b1d4 (0x016fe663)
core   0: 0x8000b1d8 (0x00c3a033) slt     zero, t2, a2
core   0: 3 0x8000b1d8 (0x00c3a033)
core   0: 0x8000b1dc (0x0000e481) c.bnez  s1, pc + 8
core   0: 3 0x8000b1dc (0xe481)
core   0: 0x8000b1e4 (0x0383b933) mulhu   s2, t2, s8
core   0: 3 0x8000b1e4 (0x0383b933) x18 0x00000000
core   0: 0x8000b1e8 (0x00008f35) c.xor   a4, a3
core   0: 3 0x8000b1e8 (0x8f35) x14 0x00006522
core   0: 0x8000b1ea (0x028ef163) bgeu    t4, s0, pc + 34
core   0: 3 0x8000b1ea (0x028ef163)
core   0: 0x8000b1ee (0xb133be93) sltiu   t4, t2, -1261
core   0: 3 0x8000b1ee (0xb133be93) x29 0x00000001
core   0: 0x8000b1f2 (0x00000001) c.nop
core   0: 3 0x8000b1f2 (0x0001)
core   0: 0x8000b1f4 (0x01fd5d63) bge     s10, t6, pc + 26
core   0: 3 0x8000b1f4 (0x01fd5d63)
core   0: 0x8000b1f8 (0x0000ef09) c.bnez  a4, pc + 26
core   0: 3 0x8000b1f8 (0xef09)
core   0: 0x8000b212 (0x0000891d) c.andi  a0, 7
core   0: 3 0x8000b212 (0x891d) x10 0x00000001
core   0: 0x8000b214 (0x2b1a7c13) andi    s8, s4, 689
core   0: 3 0x8000b214 (0x2b1a7c13) x24 0x00000000
core   0: 0x8000b218 (0x001ba2b3) slt     t0, s7, ra
core   0: 3 0x8000b218 (0x001ba2b3) x 5 0x00000000
core   0: 0x8000b21c (0x005cd433) srl     s0, s9, t0
core   0: 3 0x8000b21c (0x005cd433) x 8 0x00000000
core   0: 0x8000b220 (0x00008e15) c.sub   a2, a3
core   0: 3 0x8000b220 (0x8e15) x12 0xffffa400
core   0: 0x8000b222 (0xbc276d93) ori     s11, a4, -1086
core   0: 3 0x8000b222 (0xbc276d93) x27 0xffffffe2
core   0: 0x8000b226 (0x022a6963) bltu    s4, sp, pc + 50
core   0: 3 0x8000b226 (0x022a6963)
core   0: 0x8000b258 (0x419dd933) sra     s2, s11, s9
core   0: 3 0x8000b258 (0x419dd933) x18 0xffffffe2
core   0: 0x8000b25c (0x00009b62) c.add   s6, s8
core   0: 3 0x8000b25c (0x9b62) x22 0x00000000
core   0: 0x8000b25e (0xf818a413) slti    s0, a7, -127
core   0: 3 0x8000b25e (0xf818a413) x 8 0x00000001
core   0: 0x8000b262 (0x03904bb3) div     s7, zero, s9
core   0: 3 0x8000b262 (0x03904bb3) x23 0xffffffff
core   0: 0x8000b266 (0x01022bb3) slt     s7, tp, a6
core   0: 3 0x8000b266 (0x01022bb3) x23 0x00000001
core   0: 0x8000b26a (0x00008c21) c.xor   s0, s0
core   0: 3 0x8000b26a (0x8c21) x 8 0x00000000
core   0: 0x8000b26c (0x0ff0000f) fence   iorw,iorw
core   0: 3 0x8000b26c (0x0ff0000f)
core   0: 0x8000b270 (0x02e33c33) mulhu   s8, t1, a4
core   0: 3 0x8000b270 (0x02e33c33) x24 0x00000000
core   0: 0x8000b274 (0x00008f4d) c.or    a4, a1
core   0: 3 0x8000b274 (0x8f4d) x14 0x00006522
core   0: 0x8000b276 (0x0355f833) remu    a6, a1, s5
core   0: 3 0x8000b276 (0x0355f833) x16 0x00000000
core   0: 0x8000b27a (0x0f9961b7) lui     gp, 0xf996
core   0: 3 0x8000b27a (0x0f9961b7) x 3 0x0f996000
core   0: 0x8000b27e (0x098f8b63) beq     t6, s8, pc + 150
core   0: 3 0x8000b27e (0x098f8b63)
core   0: 0x8000b282 (0x03172733) mulhsu  a4, a4, a7
core   0: 3 0x8000b282 (0x03172733) x14 0x0000558c
core   0: 0x8000b286 (0x00009cae) c.add   s9, a1
core   0: 3 0x8000b286 (0x9cae) x25 0x00000000
core   0: 0x8000b288 (0xc0ce0217) auipc   tp, 0xc0ce0
core   0: 3 0x8000b288 (0xc0ce0217) x 4 0x40ceb288
core   0: 0x8000b28c (0xea936e37) lui     t3, 0xea936
core   0: 3 0x8000b28c (0xea936e37) x28 0xea936000
core   0: 0x8000b290 (0x000084e5) c.srai  s1, 25
core   0: 3 0x8000b290 (0x84e5) x 9 0x00000000
core   0: 0x8000b292 (0x00000c32) c.slli  s8, 12
core   0: 3 0x8000b292 (0x0c32) x24 0x00000000
core   0: 0x8000b294 (0x141a7213) andi    tp, s4, 321
core   0: 3 0x8000b294 (0x141a7213) x 4 0x00000000
core   0: 0x8000b298 (0x00e0fbb3) and     s7, ra, a4
core   0: 3 0x8000b298 (0x00e0fbb3) x23 0x00000000
core   0: 0x8000b29c (0x02a7b333) mulhu   t1, a5, a0
core   0: 3 0x8000b29c (0x02a7b333) x 6 0x00000000
core   0: 0x8000b2a0 (0x26de0393) addi    t2, t3, 621
core   0: 3 0x8000b2a0 (0x26de0393) x 7 0xea93626d
core   0: 0x8000b2a4 (0x00006e51) c.lui   t3, 0x14
core   0: 3 0x8000b2a4 (0x6e51) x28 0x00014000
core   0: 0x8000b2a6 (0x03742a33) mulhsu  s4, s0, s7
core   0: 3 0x8000b2a6 (0x03742a33) x20 0x00000000
core   0: 0x8000b2aa (0x0a262e13) slti    t3, a2, 162
core   0: 3 0x8000b2aa (0x0a262e13) x28 0x00000001
core   0: 0x8000b2ae (0xffa00b13) li      s6, -6
core   0: 3 0x8000b2ae (0xffa00b13) x22 0xfffffffa
core   0: 0x8000b2b2 (0x000089c1) c.andi  a1, 16
core   0: 3 0x8000b2b2 (0x89c1) x11 0x00000000
core   0: 0x8000b2b4 (0x02264533) div     a0, a2, sp
core   0: 3 0x8000b2b4 (0x02264533) x10 0x00000000
core   0: 0x8000b2b8 (0x00600c93) li      s9, 6
core   0: 3 0x8000b2b8 (0x00600c93) x25 0x00000006
core   0: 0x8000b2bc (0x01b8f4b3) and     s1, a7, s11
core   0: 3 0x8000b2bc (0x01b8f4b3) x 9 0xd88e3000
core   0: 0x8000b2c0 (0x00008e91) c.sub   a3, a2
core   0: 3 0x8000b2c0 (0x8e91) x13 0x0000bc00
core   0: 0x8000b2c2 (0x007d7a33) and     s4, s10, t2
core   0: 3 0x8000b2c2 (0x007d7a33) x20 0x80022204
core   0: 0x8000b2c6 (0x00000b29) c.addi  s6, 10
core   0: 3 0x8000b2c6 (0x0b29) x22 0x00000004
core   0: 0x8000b2c8 (0x00100f93) li      t6, 1
core   0: 3 0x8000b2c8 (0x00100f93) x31 0x00000001
core   0: 0x8000b2cc (0x02d5b033) mulhu   zero, a1, a3
core   0: 3 0x8000b2cc (0x02d5b033)
core   0: 0x8000b2d0 (0x00500b93) li      s7, 5
core   0: 3 0x8000b2d0 (0x00500b93) x23 0x00000005
core   0: 0x8000b2d4 (0x00008c29) c.xor   s0, a0
core   0: 3 0x8000b2d4 (0x8c29) x 8 0x00000000
core   0: 0x8000b2d6 (0x00006331) c.lui   t1, 0xc
core   0: 3 0x8000b2d6 (0x6331) x 6 0x0000c000
core   0: 0x8000b2d8 (0x038e6c33) rem     s8, t3, s8
core   0: 3 0x8000b2d8 (0x038e6c33) x24 0x00000001
core   0: 0x8000b2dc (0x0330ce33) div     t3, ra, s3
core   0: 3 0x8000b2dc (0x0330ce33) x28 0x00000000
core   0: 0x8000b2e0 (0x00000fa5) c.addi  t6, 9
core   0: 3 0x8000b2e0 (0x0fa5) x31 0x0000000a
core   0: 0x8000b2e2 (0x79ca53b7) lui     t2, 0x79ca5
core   0: 3 0x8000b2e2 (0x79ca53b7) x 7 0x79ca5000
core   0: 0x8000b2e6 (0x00d66433) or      s0, a2, a3
core   0: 3 0x8000b2e6 (0x00d66433) x 8 0xffffbc00
core   0: 0x8000b2ea (0x4148dd93) srai    s11, a7, 20
core   0: 3 0x8000b2ea (0x4148dd93) x27 0xfffffd88
core   0: 0x8000b2ee (0x00000001) c.nop
core   0: 3 0x8000b2ee (0x0001)
core   0: 0x8000b2f0 (0xff7fc6e3) blt     t6, s7, pc - 20
core   0: 3 0x8000b2f0 (0xff7fc6e3)
core   0: 0x8000b2f4 (0xb790c913) xori    s2, ra, -1159
core   0: 3 0x8000b2f4 (0xb790c913) x18 0xfffffb79
core   0: 0x8000b2f8 (0xfd9b65e3) bltu    s6, s9, pc - 54
core   0: 3 0x8000b2f8 (0xfd9b65e3)
core   0: 0x8000b2c2 (0x007d7a33) and     s4, s10, t2
core   0: 3 0x8000b2c2 (0x007d7a33) x20 0x00020000
core   0: 0x8000b2c6 (0x00000b29) c.addi  s6, 10
core   0: 3 0x8000b2c6 (0x0b29) x22 0x0000000e
core   0: 0x8000b2c8 (0x00100f93) li      t6, 1
core   0: 3 0x8000b2c8 (0x00100f93) x31 0x00000001
core   0: 0x8000b2cc (0x02d5b033) mulhu   zero, a1, a3
core   0: 3 0x8000b2cc (0x02d5b033)
core   0: 0x8000b2d0 (0x00500b93) li      s7, 5
core   0: 3 0x8000b2d0 (0x00500b93) x23 0x00000005
core   0: 0x8000b2d4 (0x00008c29) c.xor   s0, a0
core   0: 3 0x8000b2d4 (0x8c29) x 8 0xffffbc00
core   0: 0x8000b2d6 (0x00006331) c.lui   t1, 0xc
core   0: 3 0x8000b2d6 (0x6331) x 6 0x0000c000
core   0: 0x8000b2d8 (0x038e6c33) rem     s8, t3, s8
core   0: 3 0x8000b2d8 (0x038e6c33) x24 0x00000000
core   0: 0x8000b2dc (0x0330ce33) div     t3, ra, s3
core   0: 3 0x8000b2dc (0x0330ce33) x28 0x00000000
core   0: 0x8000b2e0 (0x00000fa5) c.addi  t6, 9
core   0: 3 0x8000b2e0 (0x0fa5) x31 0x0000000a
core   0: 0x8000b2e2 (0x79ca53b7) lui     t2, 0x79ca5
core   0: 3 0x8000b2e2 (0x79ca53b7) x 7 0x79ca5000
core   0: 0x8000b2e6 (0x00d66433) or      s0, a2, a3
core   0: 3 0x8000b2e6 (0x00d66433) x 8 0xffffbc00
core   0: 0x8000b2ea (0x4148dd93) srai    s11, a7, 20
core   0: 3 0x8000b2ea (0x4148dd93) x27 0xfffffd88
core   0: 0x8000b2ee (0x00000001) c.nop
core   0: 3 0x8000b2ee (0x0001)
core   0: 0x8000b2f0 (0xff7fc6e3) blt     t6, s7, pc - 20
core   0: 3 0x8000b2f0 (0xff7fc6e3)
core   0: 0x8000b2f4 (0xb790c913) xori    s2, ra, -1159
core   0: 3 0x8000b2f4 (0xb790c913) x18 0xfffffb79
core   0: 0x8000b2f8 (0xfd9b65e3) bltu    s6, s9, pc - 54
core   0: 3 0x8000b2f8 (0xfd9b65e3)
core   0: 0x8000b2fc (0x41db8533) sub     a0, s7, t4
core   0: 3 0x8000b2fc (0x41db8533) x10 0x00000004
core   0: 0x8000b300 (0x02acef33) rem     t5, s9, a0
core   0: 3 0x8000b300 (0x02acef33) x30 0x00000002
core   0: 0x8000b304 (0x01c45eb3) srl     t4, s0, t3
core   0: 3 0x8000b304 (0x01c45eb3) x29 0xffffbc00
core   0: 0x8000b308 (0x03664a63) blt     a2, s6, pc + 52
core   0: 3 0x8000b308 (0x03664a63)
core   0: 0x8000b33c (0x03b1ecb3) rem     s9, gp, s11
core   0: 3 0x8000b33c (0x03b1ecb3) x25 0x00000208
core   0: 0x8000b340 (0xec482d93) slti    s11, a6, -316
core   0: 3 0x8000b340 (0xec482d93) x27 0x00000000
core   0: 0x8000b344 (0x02cf8f63) beq     t6, a2, pc + 62
core   0: 3 0x8000b344 (0x02cf8f63)
core   0: 0x8000b348 (0x01ac7bb3) and     s7, s8, s10
core   0: 3 0x8000b348 (0x01ac7bb3) x23 0x00000000
core   0: 0x8000b34c (0x030286b3) mul     a3, t0, a6
core   0: 3 0x8000b34c (0x030286b3) x13 0x00000000
core   0: 0x8000b350 (0x01a04633) xor     a2, zero, s10
core   0: 3 0x8000b350 (0x01a04633) x12 0x80022e04
core   0: 0x8000b354 (0x027b4bb3) div     s7, s6, t2
core   0: 3 0x8000b354 (0x027b4bb3) x23 0x00000000
core   0: 0x8000b358 (0x03fe1163) bne     t3, t6, pc + 34
core   0: 3 0x8000b358 (0x03fe1163)
core   0: 0x8000b37a (0x00cb5a33) srl     s4, s6, a2
core   0: 3 0x8000b37a (0x00cb5a33) x20 0x00000000
core   0: 0x8000b37e (0x4122d493) srai    s1, t0, 18
core   0: 3 0x8000b37e (0x4122d493) x 9 0x00000000
core   0: 0x8000b382 (0x02151033) mulh    zero, a0, ra
core   0: 3 0x8000b382 (0x02151033)
core   0: 0x8000b386 (0x01a88633) add     a2, a7, s10
core   0: 3 0x8000b386 (0x01a88633) x12 0x58905e04
core   0: 0x8000b38a (0x97c4e213) ori     tp, s1, -1668
core   0: 3 0x8000b38a (0x97c4e213) x 4 0xfffff97c
core   0: 0x8000b38e (0x02adc5b3) div     a1, s11, a0
core   0: 3 0x8000b38e (0x02adc5b3) x11 0x00000000
core   0: 0x8000b392 (0x00009a7d) c.andi  a2, -1
core   0: 3 0x8000b392 (0x9a7d) x12 0x58905e04
core   0: 0x8000b394 (0xff900693) li      a3, -7
core   0: 3 0x8000b394 (0xff900693) x13 0xfffffff9
core   0: 0x8000b398 (0x00307233) and     tp, zero, gp
core   0: 3 0x8000b398 (0x00307233) x 4 0x00000000
core   0: 0x8000b39c (0x00001c7d) c.addi  s8, -1
core   0: 3 0x8000b39c (0x1c7d) x24 0xffffffff
core   0: 0x8000b39e (0x01100313) li      t1, 17
core   0: 3 0x8000b39e (0x01100313) x 6 0x00000011
core   0: 0x8000b3a2 (0x00006c55) c.lui   s8, 0x15
core   0: 3 0x8000b3a2 (0x6c55) x24 0x00015000
core   0: 0x8000b3a4 (0xbf4d6d93) ori     s11, s10, -1036
core   0: 3 0x8000b3a4 (0xbf4d6d93) x27 0xfffffff4
core   0: 0x8000b3a8 (0x02ea9fb3) mulh    t6, s5, a4
core   0: 3 0x8000b3a8 (0x02ea9fb3) x31 0x00000000
core   0: 0x8000b3ac (0x00072033) slt     zero, a4, zero
core   0: 3 0x8000b3ac (0x00072033)
core   0: 0x8000b3b0 (0x0117be33) sltu    t3, a5, a7
core   0: 3 0x8000b3b0 (0x0117be33) x28 0x00000001
core   0: 0x8000b3b4 (0x00008111) c.srli  a0, 4
core   0: 3 0x8000b3b4 (0x8111) x10 0x00000000
core   0: 0x8000b3b6 (0x00000685) c.addi  a3, 1
core   0: 3 0x8000b3b6 (0x0685) x13 0xfffffffa
core   0: 0x8000b3b8 (0x00729893) slli    a7, t0, 7
core   0: 3 0x8000b3b8 (0x00729893) x17 0x00000000
core   0: 0x8000b3bc (0x02418bb3) mul     s7, gp, tp
core   0: 3 0x8000b3bc (0x02418bb3) x23 0x00000000
core   0: 0x8000b3c0 (0x00008d19) c.sub   a0, a4
core   0: 3 0x8000b3c0 (0x8d19) x10 0xffffaa74
core   0: 0x8000b3c2 (0x00400493) li      s1, 4
core   0: 3 0x8000b3c2 (0x00400493) x 9 0x00000004
core   0: 0x8000b3c6 (0x000085c6) c.mv    a1, a7
core   0: 3 0x8000b3c6 (0x85c6) x11 0x00000000
core   0: 0x8000b3c8 (0x00800413) li      s0, 8
core   0: 3 0x8000b3c8 (0x00800413) x 8 0x00000008
core   0: 0x8000b3cc (0x00009a7d) c.andi  a2, -1
core   0: 3 0x8000b3cc (0x9a7d) x12 0x58905e04
core   0: 0x8000b3ce (0x028fe633) rem     a2, t6, s0
core   0: 3 0x8000b3ce (0x028fe633) x12 0x00000000
core   0: 0x8000b3d2 (0x012bcf33) xor     t5, s7, s2
core   0: 3 0x8000b3d2 (0x012bcf33) x30 0xfffffb79
core   0: 0x8000b3d6 (0x02b7a3b3) mulhsu  t2, a5, a1
core   0: 3 0x8000b3d6 (0x02b7a3b3) x 7 0x00000000
core   0: 0x8000b3da (0x00c51033) sll     zero, a0, a2
core   0: 3 0x8000b3da (0x00c51033)
core   0: 0x8000b3de (0x02efeb33) rem     s6, t6, a4
core   0: 3 0x8000b3de (0x02efeb33) x22 0x00000000
core   0: 0x8000b3e2 (0x00b7a5b3) slt     a1, a5, a1
core   0: 3 0x8000b3e2 (0x00b7a5b3) x11 0x00000000
core   0: 0x8000b3e6 (0x00000491) c.addi  s1, 4
core   0: 3 0x8000b3e6 (0x0491) x 9 0x00000008
core   0: 0x8000b3e8 (0xfe8497e3) bne     s1, s0, pc - 18
core   0: 3 0x8000b3e8 (0xfe8497e3)
core   0: 0x8000b3ec (0x3a052cb7) lui     s9, 0x3a052
core   0: 3 0x8000b3ec (0x3a052cb7) x25 0x3a052000
core   0: 0x8000b3f0 (0x035598b3) mulh    a7, a1, s5
core   0: 3 0x8000b3f0 (0x035598b3) x17 0x00000000
core   0: 0x8000b3f4 (0x93dcec93) ori     s9, s9, -1731
core   0: 3 0x8000b3f4 (0x93dcec93) x25 0xfffff93d
core   0: 0x8000b3f8 (0xfa6696e3) bne     a3, t1, pc - 84
core   0: 3 0x8000b3f8 (0xfa6696e3)
core   0: 0x8000b3a4 (0xbf4d6d93) ori     s11, s10, -1036
core   0: 3 0x8000b3a4 (0xbf4d6d93) x27 0xfffffff4
core   0: 0x8000b3a8 (0x02ea9fb3) mulh    t6, s5, a4
core   0: 3 0x8000b3a8 (0x02ea9fb3) x31 0x00000000
core   0: 0x8000b3ac (0x00072033) slt     zero, a4, zero
core   0: 3 0x8000b3ac (0x00072033)
core   0: 0x8000b3b0 (0x0117be33) sltu    t3, a5, a7
core   0: 3 0x8000b3b0 (0x0117be33) x28 0x00000000
core   0: 0x8000b3b4 (0x00008111) c.srli  a0, 4
core   0: 3 0x8000b3b4 (0x8111) x10 0x0ffffaa7
core   0: 0x8000b3b6 (0x00000685) c.addi  a3, 1
core   0: 3 0x8000b3b6 (0x0685) x13 0xfffffffb
core   0: 0x8000b3b8 (0x00729893) slli    a7, t0, 7
core   0: 3 0x8000b3b8 (0x00729893) x17 0x00000000
core   0: 0x8000b3bc (0x02418bb3) mul     s7, gp, tp
core   0: 3 0x8000b3bc (0x02418bb3) x23 0x00000000
core   0: 0x8000b3c0 (0x00008d19) c.sub   a0, a4
core   0: 3 0x8000b3c0 (0x8d19) x10 0x0fffa51b
core   0: 0x8000b3c2 (0x00400493) li      s1, 4
core   0: 3 0x8000b3c2 (0x00400493) x 9 0x00000004
core   0: 0x8000b3c6 (0x000085c6) c.mv    a1, a7
core   0: 3 0x8000b3c6 (0x85c6) x11 0x00000000
core   0: 0x8000b3c8 (0x00800413) li      s0, 8
core   0: 3 0x8000b3c8 (0x00800413) x 8 0x00000008
core   0: 0x8000b3cc (0x00009a7d) c.andi  a2, -1
core   0: 3 0x8000b3cc (0x9a7d) x12 0x00000000
core   0: 0x8000b3ce (0x028fe633) rem     a2, t6, s0
core   0: 3 0x8000b3ce (0x028fe633) x12 0x00000000
core   0: 0x8000b3d2 (0x012bcf33) xor     t5, s7, s2
core   0: 3 0x8000b3d2 (0x012bcf33) x30 0xfffffb79
core   0: 0x8000b3d6 (0x02b7a3b3) mulhsu  t2, a5, a1
core   0: 3 0x8000b3d6 (0x02b7a3b3) x 7 0x00000000
core   0: 0x8000b3da (0x00c51033) sll     zero, a0, a2
core   0: 3 0x8000b3da (0x00c51033)
core   0: 0x8000b3de (0x02efeb33) rem     s6, t6, a4
core   0: 3 0x8000b3de (0x02efeb33) x22 0x00000000
core   0: 0x8000b3e2 (0x00b7a5b3) slt     a1, a5, a1
core   0: 3 0x8000b3e2 (0x00b7a5b3) x11 0x00000000
core   0: 0x8000b3e6 (0x00000491) c.addi  s1, 4
core   0: 3 0x8000b3e6 (0x0491) x 9 0x00000008
core   0: 0x8000b3e8 (0xfe8497e3) bne     s1, s0, pc - 18
core   0: 3 0x8000b3e8 (0xfe8497e3)
core   0: 0x8000b3ec (0x3a052cb7) lui     s9, 0x3a052
core   0: 3 0x8000b3ec (0x3a052cb7) x25 0x3a052000
core   0: 0x8000b3f0 (0x035598b3) mulh    a7, a1, s5
core   0: 3 0x8000b3f0 (0x035598b3) x17 0x00000000
core   0: 0x8000b3f4 (0x93dcec93) ori     s9, s9, -1731
core   0: 3 0x8000b3f4 (0x93dcec93) x25 0xfffff93d
core   0: 0x8000b3f8 (0xfa6696e3) bne     a3, t1, pc - 84
core   0: 3 0x8000b3f8 (0xfa6696e3)
core   0: 0x8000b3a4 (0xbf4d6d93) ori     s11, s10, -1036
core   0: 3 0x8000b3a4 (0xbf4d6d93) x27 0xfffffff4
core   0: 0x8000b3a8 (0x02ea9fb3) mulh    t6, s5, a4
core   0: 3 0x8000b3a8 (0x02ea9fb3) x31 0x00000000
core   0: 0x8000b3ac (0x00072033) slt     zero, a4, zero
core   0: 3 0x8000b3ac (0x00072033)
core   0: 0x8000b3b0 (0x0117be33) sltu    t3, a5, a7
core   0: 3 0x8000b3b0 (0x0117be33) x28 0x00000000
core   0: 0x8000b3b4 (0x00008111) c.srli  a0, 4
core   0: 3 0x8000b3b4 (0x8111) x10 0x00fffa51
core   0: 0x8000b3b6 (0x00000685) c.addi  a3, 1
core   0: 3 0x8000b3b6 (0x0685) x13 0xfffffffc
core   0: 0x8000b3b8 (0x00729893) slli    a7, t0, 7
core   0: 3 0x8000b3b8 (0x00729893) x17 0x00000000
core   0: 0x8000b3bc (0x02418bb3) mul     s7, gp, tp
core   0: 3 0x8000b3bc (0x02418bb3) x23 0x00000000
core   0: 0x8000b3c0 (0x00008d19) c.sub   a0, a4
core   0: 3 0x8000b3c0 (0x8d19) x10 0x00ffa4c5
core   0: 0x8000b3c2 (0x00400493) li      s1, 4
core   0: 3 0x8000b3c2 (0x00400493) x 9 0x00000004
core   0: 0x8000b3c6 (0x000085c6) c.mv    a1, a7
core   0: 3 0x8000b3c6 (0x85c6) x11 0x00000000
core   0: 0x8000b3c8 (0x00800413) li      s0, 8
core   0: 3 0x8000b3c8 (0x00800413) x 8 0x00000008
core   0: 0x8000b3cc (0x00009a7d) c.andi  a2, -1
core   0: 3 0x8000b3cc (0x9a7d) x12 0x00000000
core   0: 0x8000b3ce (0x028fe633) rem     a2, t6, s0
core   0: 3 0x8000b3ce (0x028fe633) x12 0x00000000
core   0: 0x8000b3d2 (0x012bcf33) xor     t5, s7, s2
core   0: 3 0x8000b3d2 (0x012bcf33) x30 0xfffffb79
core   0: 0x8000b3d6 (0x02b7a3b3) mulhsu  t2, a5, a1
core   0: 3 0x8000b3d6 (0x02b7a3b3) x 7 0x00000000
core   0: 0x8000b3da (0x00c51033) sll     zero, a0, a2
core   0: 3 0x8000b3da (0x00c51033)
core   0: 0x8000b3de (0x02efeb33) rem     s6, t6, a4
core   0: 3 0x8000b3de (0x02efeb33) x22 0x00000000
core   0: 0x8000b3e2 (0x00b7a5b3) slt     a1, a5, a1
core   0: 3 0x8000b3e2 (0x00b7a5b3) x11 0x00000000
core   0: 0x8000b3e6 (0x00000491) c.addi  s1, 4
core   0: 3 0x8000b3e6 (0x0491) x 9 0x00000008
core   0: 0x8000b3e8 (0xfe8497e3) bne     s1, s0, pc - 18
core   0: 3 0x8000b3e8 (0xfe8497e3)
core   0: 0x8000b3ec (0x3a052cb7) lui     s9, 0x3a052
core   0: 3 0x8000b3ec (0x3a052cb7) x25 0x3a052000
core   0: 0x8000b3f0 (0x035598b3) mulh    a7, a1, s5
core   0: 3 0x8000b3f0 (0x035598b3) x17 0x00000000
core   0: 0x8000b3f4 (0x93dcec93) ori     s9, s9, -1731
core   0: 3 0x8000b3f4 (0x93dcec93) x25 0xfffff93d
core   0: 0x8000b3f8 (0xfa6696e3) bne     a3, t1, pc - 84
core   0: 3 0x8000b3f8 (0xfa6696e3)
core   0: 0x8000b3a4 (0xbf4d6d93) ori     s11, s10, -1036
core   0: 3 0x8000b3a4 (0xbf4d6d93) x27 0xfffffff4
core   0: 0x8000b3a8 (0x02ea9fb3) mulh    t6, s5, a4
core   0: 3 0x8000b3a8 (0x02ea9fb3) x31 0x00000000
core   0: 0x8000b3ac (0x00072033) slt     zero, a4, zero
core   0: 3 0x8000b3ac (0x00072033)
core   0: 0x8000b3b0 (0x0117be33) sltu    t3, a5, a7
core   0: 3 0x8000b3b0 (0x0117be33) x28 0x00000000
core   0: 0x8000b3b4 (0x00008111) c.srli  a0, 4
core   0: 3 0x8000b3b4 (0x8111) x10 0x000ffa4c
core   0: 0x8000b3b6 (0x00000685) c.addi  a3, 1
core   0: 3 0x8000b3b6 (0x0685) x13 0xfffffffd
core   0: 0x8000b3b8 (0x00729893) slli    a7, t0, 7
core   0: 3 0x8000b3b8 (0x00729893) x17 0x00000000
core   0: 0x8000b3bc (0x02418bb3) mul     s7, gp, tp
core   0: 3 0x8000b3bc (0x02418bb3) x23 0x00000000
core   0: 0x8000b3c0 (0x00008d19) c.sub   a0, a4
core   0: 3 0x8000b3c0 (0x8d19) x10 0x000fa4c0
core   0: 0x8000b3c2 (0x00400493) li      s1, 4
core   0: 3 0x8000b3c2 (0x00400493) x 9 0x00000004
core   0: 0x8000b3c6 (0x000085c6) c.mv    a1, a7
core   0: 3 0x8000b3c6 (0x85c6) x11 0x00000000
core   0: 0x8000b3c8 (0x00800413) li      s0, 8
core   0: 3 0x8000b3c8 (0x00800413) x 8 0x00000008
core   0: 0x8000b3cc (0x00009a7d) c.andi  a2, -1
core   0: 3 0x8000b3cc (0x9a7d) x12 0x00000000
core   0: 0x8000b3ce (0x028fe633) rem     a2, t6, s0
core   0: 3 0x8000b3ce (0x028fe633) x12 0x00000000
core   0: 0x8000b3d2 (0x012bcf33) xor     t5, s7, s2
core   0: 3 0x8000b3d2 (0x012bcf33) x30 0xfffffb79
core   0: 0x8000b3d6 (0x02b7a3b3) mulhsu  t2, a5, a1
core   0: 3 0x8000b3d6 (0x02b7a3b3) x 7 0x00000000
core   0: 0x8000b3da (0x00c51033) sll     zero, a0, a2
core   0: 3 0x8000b3da (0x00c51033)
core   0: 0x8000b3de (0x02efeb33) rem     s6, t6, a4
core   0: 3 0x8000b3de (0x02efeb33) x22 0x00000000
core   0: 0x8000b3e2 (0x00b7a5b3) slt     a1, a5, a1
core   0: 3 0x8000b3e2 (0x00b7a5b3) x11 0x00000000
core   0: 0x8000b3e6 (0x00000491) c.addi  s1, 4
core   0: 3 0x8000b3e6 (0x0491) x 9 0x00000008
core   0: 0x8000b3e8 (0xfe8497e3) bne     s1, s0, pc - 18
core   0: 3 0x8000b3e8 (0xfe8497e3)
core   0: 0x8000b3ec (0x3a052cb7) lui     s9, 0x3a052
core   0: 3 0x8000b3ec (0x3a052cb7) x25 0x3a052000
core   0: 0x8000b3f0 (0x035598b3) mulh    a7, a1, s5
core   0: 3 0x8000b3f0 (0x035598b3) x17 0x00000000
core   0: 0x8000b3f4 (0x93dcec93) ori     s9, s9, -1731
core   0: 3 0x8000b3f4 (0x93dcec93) x25 0xfffff93d
core   0: 0x8000b3f8 (0xfa6696e3) bne     a3, t1, pc - 84
core   0: 3 0x8000b3f8 (0xfa6696e3)
core   0: 0x8000b3a4 (0xbf4d6d93) ori     s11, s10, -1036
core   0: 3 0x8000b3a4 (0xbf4d6d93) x27 0xfffffff4
core   0: 0x8000b3a8 (0x02ea9fb3) mulh    t6, s5, a4
core   0: 3 0x8000b3a8 (0x02ea9fb3) x31 0x00000000
core   0: 0x8000b3ac (0x00072033) slt     zero, a4, zero
core   0: 3 0x8000b3ac (0x00072033)
core   0: 0x8000b3b0 (0x0117be33) sltu    t3, a5, a7
core   0: 3 0x8000b3b0 (0x0117be33) x28 0x00000000
core   0: 0x8000b3b4 (0x00008111) c.srli  a0, 4
core   0: 3 0x8000b3b4 (0x8111) x10 0x0000fa4c
core   0: 0x8000b3b6 (0x00000685) c.addi  a3, 1
core   0: 3 0x8000b3b6 (0x0685) x13 0xfffffffe
core   0: 0x8000b3b8 (0x00729893) slli    a7, t0, 7
core   0: 3 0x8000b3b8 (0x00729893) x17 0x00000000
core   0: 0x8000b3bc (0x02418bb3) mul     s7, gp, tp
core   0: 3 0x8000b3bc (0x02418bb3) x23 0x00000000
core   0: 0x8000b3c0 (0x00008d19) c.sub   a0, a4
core   0: 3 0x8000b3c0 (0x8d19) x10 0x0000a4c0
core   0: 0x8000b3c2 (0x00400493) li      s1, 4
core   0: 3 0x8000b3c2 (0x00400493) x 9 0x00000004
core   0: 0x8000b3c6 (0x000085c6) c.mv    a1, a7
core   0: 3 0x8000b3c6 (0x85c6) x11 0x00000000
core   0: 0x8000b3c8 (0x00800413) li      s0, 8
core   0: 3 0x8000b3c8 (0x00800413) x 8 0x00000008
core   0: 0x8000b3cc (0x00009a7d) c.andi  a2, -1
core   0: 3 0x8000b3cc (0x9a7d) x12 0x00000000
core   0: 0x8000b3ce (0x028fe633) rem     a2, t6, s0
core   0: 3 0x8000b3ce (0x028fe633) x12 0x00000000
core   0: 0x8000b3d2 (0x012bcf33) xor     t5, s7, s2
core   0: 3 0x8000b3d2 (0x012bcf33) x30 0xfffffb79
core   0: 0x8000b3d6 (0x02b7a3b3) mulhsu  t2, a5, a1
core   0: 3 0x8000b3d6 (0x02b7a3b3) x 7 0x00000000
core   0: 0x8000b3da (0x00c51033) sll     zero, a0, a2
core   0: 3 0x8000b3da (0x00c51033)
core   0: 0x8000b3de (0x02efeb33) rem     s6, t6, a4
core   0: 3 0x8000b3de (0x02efeb33) x22 0x00000000
core   0: 0x8000b3e2 (0x00b7a5b3) slt     a1, a5, a1
core   0: 3 0x8000b3e2 (0x00b7a5b3) x11 0x00000000
core   0: 0x8000b3e6 (0x00000491) c.addi  s1, 4
core   0: 3 0x8000b3e6 (0x0491) x 9 0x00000008
core   0: 0x8000b3e8 (0xfe8497e3) bne     s1, s0, pc - 18
core   0: 3 0x8000b3e8 (0xfe8497e3)
core   0: 0x8000b3ec (0x3a052cb7) lui     s9, 0x3a052
core   0: 3 0x8000b3ec (0x3a052cb7) x25 0x3a052000
core   0: 0x8000b3f0 (0x035598b3) mulh    a7, a1, s5
core   0: 3 0x8000b3f0 (0x035598b3) x17 0x00000000
core   0: 0x8000b3f4 (0x93dcec93) ori     s9, s9, -1731
core   0: 3 0x8000b3f4 (0x93dcec93) x25 0xfffff93d
core   0: 0x8000b3f8 (0xfa6696e3) bne     a3, t1, pc - 84
core   0: 3 0x8000b3f8 (0xfa6696e3)
core   0: 0x8000b3a4 (0xbf4d6d93) ori     s11, s10, -1036
core   0: 3 0x8000b3a4 (0xbf4d6d93) x27 0xfffffff4
core   0: 0x8000b3a8 (0x02ea9fb3) mulh    t6, s5, a4
core   0: 3 0x8000b3a8 (0x02ea9fb3) x31 0x00000000
core   0: 0x8000b3ac (0x00072033) slt     zero, a4, zero
core   0: 3 0x8000b3ac (0x00072033)
core   0: 0x8000b3b0 (0x0117be33) sltu    t3, a5, a7
core   0: 3 0x8000b3b0 (0x0117be33) x28 0x00000000
core   0: 0x8000b3b4 (0x00008111) c.srli  a0, 4
core   0: 3 0x8000b3b4 (0x8111) x10 0x00000a4c
core   0: 0x8000b3b6 (0x00000685) c.addi  a3, 1
core   0: 3 0x8000b3b6 (0x0685) x13 0xffffffff
core   0: 0x8000b3b8 (0x00729893) slli    a7, t0, 7
core   0: 3 0x8000b3b8 (0x00729893) x17 0x00000000
core   0: 0x8000b3bc (0x02418bb3) mul     s7, gp, tp
core   0: 3 0x8000b3bc (0x02418bb3) x23 0x00000000
core   0: 0x8000b3c0 (0x00008d19) c.sub   a0, a4
core   0: 3 0x8000b3c0 (0x8d19) x10 0xffffb4c0
core   0: 0x8000b3c2 (0x00400493) li      s1, 4
core   0: 3 0x8000b3c2 (0x00400493) x 9 0x00000004
core   0: 0x8000b3c6 (0x000085c6) c.mv    a1, a7
core   0: 3 0x8000b3c6 (0x85c6) x11 0x00000000
core   0: 0x8000b3c8 (0x00800413) li      s0, 8
core   0: 3 0x8000b3c8 (0x00800413) x 8 0x00000008
core   0: 0x8000b3cc (0x00009a7d) c.andi  a2, -1
core   0: 3 0x8000b3cc (0x9a7d) x12 0x00000000
core   0: 0x8000b3ce (0x028fe633) rem     a2, t6, s0
core   0: 3 0x8000b3ce (0x028fe633) x12 0x00000000
core   0: 0x8000b3d2 (0x012bcf33) xor     t5, s7, s2
core   0: 3 0x8000b3d2 (0x012bcf33) x30 0xfffffb79
core   0: 0x8000b3d6 (0x02b7a3b3) mulhsu  t2, a5, a1
core   0: 3 0x8000b3d6 (0x02b7a3b3) x 7 0x00000000
core   0: 0x8000b3da (0x00c51033) sll     zero, a0, a2
core   0: 3 0x8000b3da (0x00c51033)
core   0: 0x8000b3de (0x02efeb33) rem     s6, t6, a4
core   0: 3 0x8000b3de (0x02efeb33) x22 0x00000000
core   0: 0x8000b3e2 (0x00b7a5b3) slt     a1, a5, a1
core   0: 3 0x8000b3e2 (0x00b7a5b3) x11 0x00000000
core   0: 0x8000b3e6 (0x00000491) c.addi  s1, 4
core   0: 3 0x8000b3e6 (0x0491) x 9 0x00000008
core   0: 0x8000b3e8 (0xfe8497e3) bne     s1, s0, pc - 18
core   0: 3 0x8000b3e8 (0xfe8497e3)
core   0: 0x8000b3ec (0x3a052cb7) lui     s9, 0x3a052
core   0: 3 0x8000b3ec (0x3a052cb7) x25 0x3a052000
core   0: 0x8000b3f0 (0x035598b3) mulh    a7, a1, s5
core   0: 3 0x8000b3f0 (0x035598b3) x17 0x00000000
core   0: 0x8000b3f4 (0x93dcec93) ori     s9, s9, -1731
core   0: 3 0x8000b3f4 (0x93dcec93) x25 0xfffff93d
core   0: 0x8000b3f8 (0xfa6696e3) bne     a3, t1, pc - 84
core   0: 3 0x8000b3f8 (0xfa6696e3)
core   0: 0x8000b3a4 (0xbf4d6d93) ori     s11, s10, -1036
core   0: 3 0x8000b3a4 (0xbf4d6d93) x27 0xfffffff4
core   0: 0x8000b3a8 (0x02ea9fb3) mulh    t6, s5, a4
core   0: 3 0x8000b3a8 (0x02ea9fb3) x31 0x00000000
core   0: 0x8000b3ac (0x00072033) slt     zero, a4, zero
core   0: 3 0x8000b3ac (0x00072033)
core   0: 0x8000b3b0 (0x0117be33) sltu    t3, a5, a7
core   0: 3 0x8000b3b0 (0x0117be33) x28 0x00000000
core   0: 0x8000b3b4 (0x00008111) c.srli  a0, 4
core   0: 3 0x8000b3b4 (0x8111) x10 0x0ffffb4c
core   0: 0x8000b3b6 (0x00000685) c.addi  a3, 1
core   0: 3 0x8000b3b6 (0x0685) x13 0x00000000
core   0: 0x8000b3b8 (0x00729893) slli    a7, t0, 7
core   0: 3 0x8000b3b8 (0x00729893) x17 0x00000000
core   0: 0x8000b3bc (0x02418bb3) mul     s7, gp, tp
core   0: 3 0x8000b3bc (0x02418bb3) x23 0x00000000
core   0: 0x8000b3c0 (0x00008d19) c.sub   a0, a4
core   0: 3 0x8000b3c0 (0x8d19) x10 0x0fffa5c0
core   0: 0x8000b3c2 (0x00400493) li      s1, 4
core   0: 3 0x8000b3c2 (0x00400493) x 9 0x00000004
core   0: 0x8000b3c6 (0x000085c6) c.mv    a1, a7
core   0: 3 0x8000b3c6 (0x85c6) x11 0x00000000
core   0: 0x8000b3c8 (0x00800413) li      s0, 8
core   0: 3 0x8000b3c8 (0x00800413) x 8 0x00000008
core   0: 0x8000b3cc (0x00009a7d) c.andi  a2, -1
core   0: 3 0x8000b3cc (0x9a7d) x12 0x00000000
core   0: 0x8000b3ce (0x028fe633) rem     a2, t6, s0
core   0: 3 0x8000b3ce (0x028fe633) x12 0x00000000
core   0: 0x8000b3d2 (0x012bcf33) xor     t5, s7, s2
core   0: 3 0x8000b3d2 (0x012bcf33) x30 0xfffffb79
core   0: 0x8000b3d6 (0x02b7a3b3) mulhsu  t2, a5, a1
core   0: 3 0x8000b3d6 (0x02b7a3b3) x 7 0x00000000
core   0: 0x8000b3da (0x00c51033) sll     zero, a0, a2
core   0: 3 0x8000b3da (0x00c51033)
core   0: 0x8000b3de (0x02efeb33) rem     s6, t6, a4
core   0: 3 0x8000b3de (0x02efeb33) x22 0x00000000
core   0: 0x8000b3e2 (0x00b7a5b3) slt     a1, a5, a1
core   0: 3 0x8000b3e2 (0x00b7a5b3) x11 0x00000000
core   0: 0x8000b3e6 (0x00000491) c.addi  s1, 4
core   0: 3 0x8000b3e6 (0x0491) x 9 0x00000008
core   0: 0x8000b3e8 (0xfe8497e3) bne     s1, s0, pc - 18
core   0: 3 0x8000b3e8 (0xfe8497e3)
core   0: 0x8000b3ec (0x3a052cb7) lui     s9, 0x3a052
core   0: 3 0x8000b3ec (0x3a052cb7) x25 0x3a052000
core   0: 0x8000b3f0 (0x035598b3) mulh    a7, a1, s5
core   0: 3 0x8000b3f0 (0x035598b3) x17 0x00000000
core   0: 0x8000b3f4 (0x93dcec93) ori     s9, s9, -1731
core   0: 3 0x8000b3f4 (0x93dcec93) x25 0xfffff93d
core   0: 0x8000b3f8 (0xfa6696e3) bne     a3, t1, pc - 84
core   0: 3 0x8000b3f8 (0xfa6696e3)
core   0: 0x8000b3a4 (0xbf4d6d93) ori     s11, s10, -1036
core   0: 3 0x8000b3a4 (0xbf4d6d93) x27 0xfffffff4
core   0: 0x8000b3a8 (0x02ea9fb3) mulh    t6, s5, a4
core   0: 3 0x8000b3a8 (0x02ea9fb3) x31 0x00000000
core   0: 0x8000b3ac (0x00072033) slt     zero, a4, zero
core   0: 3 0x8000b3ac (0x00072033)
core   0: 0x8000b3b0 (0x0117be33) sltu    t3, a5, a7
core   0: 3 0x8000b3b0 (0x0117be33) x28 0x00000000
core   0: 0x8000b3b4 (0x00008111) c.srli  a0, 4
core   0: 3 0x8000b3b4 (0x8111) x10 0x00fffa5c
core   0: 0x8000b3b6 (0x00000685) c.addi  a3, 1
core   0: 3 0x8000b3b6 (0x0685) x13 0x00000001
core   0: 0x8000b3b8 (0x00729893) slli    a7, t0, 7
core   0: 3 0x8000b3b8 (0x00729893) x17 0x00000000
core   0: 0x8000b3bc (0x02418bb3) mul     s7, gp, tp
core   0: 3 0x8000b3bc (0x02418bb3) x23 0x00000000
core   0: 0x8000b3c0 (0x00008d19) c.sub   a0, a4
core   0: 3 0x8000b3c0 (0x8d19) x10 0x00ffa4d0
core   0: 0x8000b3c2 (0x00400493) li      s1, 4
core   0: 3 0x8000b3c2 (0x00400493) x 9 0x00000004
core   0: 0x8000b3c6 (0x000085c6) c.mv    a1, a7
core   0: 3 0x8000b3c6 (0x85c6) x11 0x00000000
core   0: 0x8000b3c8 (0x00800413) li      s0, 8
core   0: 3 0x8000b3c8 (0x00800413) x 8 0x00000008
core   0: 0x8000b3cc (0x00009a7d) c.andi  a2, -1
core   0: 3 0x8000b3cc (0x9a7d) x12 0x00000000
core   0: 0x8000b3ce (0x028fe633) rem     a2, t6, s0
core   0: 3 0x8000b3ce (0x028fe633) x12 0x00000000
core   0: 0x8000b3d2 (0x012bcf33) xor     t5, s7, s2
core   0: 3 0x8000b3d2 (0x012bcf33) x30 0xfffffb79
core   0: 0x8000b3d6 (0x02b7a3b3) mulhsu  t2, a5, a1
core   0: 3 0x8000b3d6 (0x02b7a3b3) x 7 0x00000000
core   0: 0x8000b3da (0x00c51033) sll     zero, a0, a2
core   0: 3 0x8000b3da (0x00c51033)
core   0: 0x8000b3de (0x02efeb33) rem     s6, t6, a4
core   0: 3 0x8000b3de (0x02efeb33) x22 0x00000000
core   0: 0x8000b3e2 (0x00b7a5b3) slt     a1, a5, a1
core   0: 3 0x8000b3e2 (0x00b7a5b3) x11 0x00000000
core   0: 0x8000b3e6 (0x00000491) c.addi  s1, 4
core   0: 3 0x8000b3e6 (0x0491) x 9 0x00000008
core   0: 0x8000b3e8 (0xfe8497e3) bne     s1, s0, pc - 18
core   0: 3 0x8000b3e8 (0xfe8497e3)
core   0: 0x8000b3ec (0x3a052cb7) lui     s9, 0x3a052
core   0: 3 0x8000b3ec (0x3a052cb7) x25 0x3a052000
core   0: 0x8000b3f0 (0x035598b3) mulh    a7, a1, s5
core   0: 3 0x8000b3f0 (0x035598b3) x17 0x00000000
core   0: 0x8000b3f4 (0x93dcec93) ori     s9, s9, -1731
core   0: 3 0x8000b3f4 (0x93dcec93) x25 0xfffff93d
core   0: 0x8000b3f8 (0xfa6696e3) bne     a3, t1, pc - 84
core   0: 3 0x8000b3f8 (0xfa6696e3)
core   0: 0x8000b3a4 (0xbf4d6d93) ori     s11, s10, -1036
core   0: 3 0x8000b3a4 (0xbf4d6d93) x27 0xfffffff4
core   0: 0x8000b3a8 (0x02ea9fb3) mulh    t6, s5, a4
core   0: 3 0x8000b3a8 (0x02ea9fb3) x31 0x00000000
core   0: 0x8000b3ac (0x00072033) slt     zero, a4, zero
core   0: 3 0x8000b3ac (0x00072033)
core   0: 0x8000b3b0 (0x0117be33) sltu    t3, a5, a7
core   0: 3 0x8000b3b0 (0x0117be33) x28 0x00000000
core   0: 0x8000b3b4 (0x00008111) c.srli  a0, 4
core   0: 3 0x8000b3b4 (0x8111) x10 0x000ffa4d
core   0: 0x8000b3b6 (0x00000685) c.addi  a3, 1
core   0: 3 0x8000b3b6 (0x0685) x13 0x00000002
core   0: 0x8000b3b8 (0x00729893) slli    a7, t0, 7
core   0: 3 0x8000b3b8 (0x00729893) x17 0x00000000
core   0: 0x8000b3bc (0x02418bb3) mul     s7, gp, tp
core   0: 3 0x8000b3bc (0x02418bb3) x23 0x00000000
core   0: 0x8000b3c0 (0x00008d19) c.sub   a0, a4
core   0: 3 0x8000b3c0 (0x8d19) x10 0x000fa4c1
core   0: 0x8000b3c2 (0x00400493) li      s1, 4
core   0: 3 0x8000b3c2 (0x00400493) x 9 0x00000004
core   0: 0x8000b3c6 (0x000085c6) c.mv    a1, a7
core   0: 3 0x8000b3c6 (0x85c6) x11 0x00000000
core   0: 0x8000b3c8 (0x00800413) li      s0, 8
core   0: 3 0x8000b3c8 (0x00800413) x 8 0x00000008
core   0: 0x8000b3cc (0x00009a7d) c.andi  a2, -1
core   0: 3 0x8000b3cc (0x9a7d) x12 0x00000000
core   0: 0x8000b3ce (0x028fe633) rem     a2, t6, s0
core   0: 3 0x8000b3ce (0x028fe633) x12 0x00000000
core   0: 0x8000b3d2 (0x012bcf33) xor     t5, s7, s2
core   0: 3 0x8000b3d2 (0x012bcf33) x30 0xfffffb79
core   0: 0x8000b3d6 (0x02b7a3b3) mulhsu  t2, a5, a1
core   0: 3 0x8000b3d6 (0x02b7a3b3) x 7 0x00000000
core   0: 0x8000b3da (0x00c51033) sll     zero, a0, a2
core   0: 3 0x8000b3da (0x00c51033)
core   0: 0x8000b3de (0x02efeb33) rem     s6, t6, a4
core   0: 3 0x8000b3de (0x02efeb33) x22 0x00000000
core   0: 0x8000b3e2 (0x00b7a5b3) slt     a1, a5, a1
core   0: 3 0x8000b3e2 (0x00b7a5b3) x11 0x00000000
core   0: 0x8000b3e6 (0x00000491) c.addi  s1, 4
core   0: 3 0x8000b3e6 (0x0491) x 9 0x00000008
core   0: 0x8000b3e8 (0xfe8497e3) bne     s1, s0, pc - 18
core   0: 3 0x8000b3e8 (0xfe8497e3)
core   0: 0x8000b3ec (0x3a052cb7) lui     s9, 0x3a052
core   0: 3 0x8000b3ec (0x3a052cb7) x25 0x3a052000
core   0: 0x8000b3f0 (0x035598b3) mulh    a7, a1, s5
core   0: 3 0x8000b3f0 (0x035598b3) x17 0x00000000
core   0: 0x8000b3f4 (0x93dcec93) ori     s9, s9, -1731
core   0: 3 0x8000b3f4 (0x93dcec93) x25 0xfffff93d
core   0: 0x8000b3f8 (0xfa6696e3) bne     a3, t1, pc - 84
core   0: 3 0x8000b3f8 (0xfa6696e3)
core   0: 0x8000b3a4 (0xbf4d6d93) ori     s11, s10, -1036
core   0: 3 0x8000b3a4 (0xbf4d6d93) x27 0xfffffff4
core   0: 0x8000b3a8 (0x02ea9fb3) mulh    t6, s5, a4
core   0: 3 0x8000b3a8 (0x02ea9fb3) x31 0x00000000
core   0: 0x8000b3ac (0x00072033) slt     zero, a4, zero
core   0: 3 0x8000b3ac (0x00072033)
core   0: 0x8000b3b0 (0x0117be33) sltu    t3, a5, a7
core   0: 3 0x8000b3b0 (0x0117be33) x28 0x00000000
core   0: 0x8000b3b4 (0x00008111) c.srli  a0, 4
core   0: 3 0x8000b3b4 (0x8111) x10 0x0000fa4c
core   0: 0x8000b3b6 (0x00000685) c.addi  a3, 1
core   0: 3 0x8000b3b6 (0x0685) x13 0x00000003
core   0: 0x8000b3b8 (0x00729893) slli    a7, t0, 7
core   0: 3 0x8000b3b8 (0x00729893) x17 0x00000000
core   0: 0x8000b3bc (0x02418bb3) mul     s7, gp, tp
core   0: 3 0x8000b3bc (0x02418bb3) x23 0x00000000
core   0: 0x8000b3c0 (0x00008d19) c.sub   a0, a4
core   0: 3 0x8000b3c0 (0x8d19) x10 0x0000a4c0
core   0: 0x8000b3c2 (0x00400493) li      s1, 4
core   0: 3 0x8000b3c2 (0x00400493) x 9 0x00000004
core   0: 0x8000b3c6 (0x000085c6) c.mv    a1, a7
core   0: 3 0x8000b3c6 (0x85c6) x11 0x00000000
core   0: 0x8000b3c8 (0x00800413) li      s0, 8
core   0: 3 0x8000b3c8 (0x00800413) x 8 0x00000008
core   0: 0x8000b3cc (0x00009a7d) c.andi  a2, -1
core   0: 3 0x8000b3cc (0x9a7d) x12 0x00000000
core   0: 0x8000b3ce (0x028fe633) rem     a2, t6, s0
core   0: 3 0x8000b3ce (0x028fe633) x12 0x00000000
core   0: 0x8000b3d2 (0x012bcf33) xor     t5, s7, s2
core   0: 3 0x8000b3d2 (0x012bcf33) x30 0xfffffb79
core   0: 0x8000b3d6 (0x02b7a3b3) mulhsu  t2, a5, a1
core   0: 3 0x8000b3d6 (0x02b7a3b3) x 7 0x00000000
core   0: 0x8000b3da (0x00c51033) sll     zero, a0, a2
core   0: 3 0x8000b3da (0x00c51033)
core   0: 0x8000b3de (0x02efeb33) rem     s6, t6, a4
core   0: 3 0x8000b3de (0x02efeb33) x22 0x00000000
core   0: 0x8000b3e2 (0x00b7a5b3) slt     a1, a5, a1
core   0: 3 0x8000b3e2 (0x00b7a5b3) x11 0x00000000
core   0: 0x8000b3e6 (0x00000491) c.addi  s1, 4
core   0: 3 0x8000b3e6 (0x0491) x 9 0x00000008
core   0: 0x8000b3e8 (0xfe8497e3) bne     s1, s0, pc - 18
core   0: 3 0x8000b3e8 (0xfe8497e3)
core   0: 0x8000b3ec (0x3a052cb7) lui     s9, 0x3a052
core   0: 3 0x8000b3ec (0x3a052cb7) x25 0x3a052000
core   0: 0x8000b3f0 (0x035598b3) mulh    a7, a1, s5
core   0: 3 0x8000b3f0 (0x035598b3) x17 0x00000000
core   0: 0x8000b3f4 (0x93dcec93) ori     s9, s9, -1731
core   0: 3 0x8000b3f4 (0x93dcec93) x25 0xfffff93d
core   0: 0x8000b3f8 (0xfa6696e3) bne     a3, t1, pc - 84
core   0: 3 0x8000b3f8 (0xfa6696e3)
core   0: 0x8000b3a4 (0xbf4d6d93) ori     s11, s10, -1036
core   0: 3 0x8000b3a4 (0xbf4d6d93) x27 0xfffffff4
core   0: 0x8000b3a8 (0x02ea9fb3) mulh    t6, s5, a4
core   0: 3 0x8000b3a8 (0x02ea9fb3) x31 0x00000000
core   0: 0x8000b3ac (0x00072033) slt     zero, a4, zero
core   0: 3 0x8000b3ac (0x00072033)
core   0: 0x8000b3b0 (0x0117be33) sltu    t3, a5, a7
core   0: 3 0x8000b3b0 (0x0117be33) x28 0x00000000
core   0: 0x8000b3b4 (0x00008111) c.srli  a0, 4
core   0: 3 0x8000b3b4 (0x8111) x10 0x00000a4c
core   0: 0x8000b3b6 (0x00000685) c.addi  a3, 1
core   0: 3 0x8000b3b6 (0x0685) x13 0x00000004
core   0: 0x8000b3b8 (0x00729893) slli    a7, t0, 7
core   0: 3 0x8000b3b8 (0x00729893) x17 0x00000000
core   0: 0x8000b3bc (0x02418bb3) mul     s7, gp, tp
core   0: 3 0x8000b3bc (0x02418bb3) x23 0x00000000
core   0: 0x8000b3c0 (0x00008d19) c.sub   a0, a4
core   0: 3 0x8000b3c0 (0x8d19) x10 0xffffb4c0
core   0: 0x8000b3c2 (0x00400493) li      s1, 4
core   0: 3 0x8000b3c2 (0x00400493) x 9 0x00000004
core   0: 0x8000b3c6 (0x000085c6) c.mv    a1, a7
core   0: 3 0x8000b3c6 (0x85c6) x11 0x00000000
core   0: 0x8000b3c8 (0x00800413) li      s0, 8
core   0: 3 0x8000b3c8 (0x00800413) x 8 0x00000008
core   0: 0x8000b3cc (0x00009a7d) c.andi  a2, -1
core   0: 3 0x8000b3cc (0x9a7d) x12 0x00000000
core   0: 0x8000b3ce (0x028fe633) rem     a2, t6, s0
core   0: 3 0x8000b3ce (0x028fe633) x12 0x00000000
core   0: 0x8000b3d2 (0x012bcf33) xor     t5, s7, s2
core   0: 3 0x8000b3d2 (0x012bcf33) x30 0xfffffb79
core   0: 0x8000b3d6 (0x02b7a3b3) mulhsu  t2, a5, a1
core   0: 3 0x8000b3d6 (0x02b7a3b3) x 7 0x00000000
core   0: 0x8000b3da (0x00c51033) sll     zero, a0, a2
core   0: 3 0x8000b3da (0x00c51033)
core   0: 0x8000b3de (0x02efeb33) rem     s6, t6, a4
core   0: 3 0x8000b3de (0x02efeb33) x22 0x00000000
core   0: 0x8000b3e2 (0x00b7a5b3) slt     a1, a5, a1
core   0: 3 0x8000b3e2 (0x00b7a5b3) x11 0x00000000
core   0: 0x8000b3e6 (0x00000491) c.addi  s1, 4
core   0: 3 0x8000b3e6 (0x0491) x 9 0x00000008
core   0: 0x8000b3e8 (0xfe8497e3) bne     s1, s0, pc - 18
core   0: 3 0x8000b3e8 (0xfe8497e3)
core   0: 0x8000b3ec (0x3a052cb7) lui     s9, 0x3a052
core   0: 3 0x8000b3ec (0x3a052cb7) x25 0x3a052000
core   0: 0x8000b3f0 (0x035598b3) mulh    a7, a1, s5
core   0: 3 0x8000b3f0 (0x035598b3) x17 0x00000000
core   0: 0x8000b3f4 (0x93dcec93) ori     s9, s9, -1731
core   0: 3 0x8000b3f4 (0x93dcec93) x25 0xfffff93d
core   0: 0x8000b3f8 (0xfa6696e3) bne     a3, t1, pc - 84
core   0: 3 0x8000b3f8 (0xfa6696e3)
core   0: 0x8000b3a4 (0xbf4d6d93) ori     s11, s10, -1036
core   0: 3 0x8000b3a4 (0xbf4d6d93) x27 0xfffffff4
core   0: 0x8000b3a8 (0x02ea9fb3) mulh    t6, s5, a4
core   0: 3 0x8000b3a8 (0x02ea9fb3) x31 0x00000000
core   0: 0x8000b3ac (0x00072033) slt     zero, a4, zero
core   0: 3 0x8000b3ac (0x00072033)
core   0: 0x8000b3b0 (0x0117be33) sltu    t3, a5, a7
core   0: 3 0x8000b3b0 (0x0117be33) x28 0x00000000
core   0: 0x8000b3b4 (0x00008111) c.srli  a0, 4
core   0: 3 0x8000b3b4 (0x8111) x10 0x0ffffb4c
core   0: 0x8000b3b6 (0x00000685) c.addi  a3, 1
core   0: 3 0x8000b3b6 (0x0685) x13 0x00000005
core   0: 0x8000b3b8 (0x00729893) slli    a7, t0, 7
core   0: 3 0x8000b3b8 (0x00729893) x17 0x00000000
core   0: 0x8000b3bc (0x02418bb3) mul     s7, gp, tp
core   0: 3 0x8000b3bc (0x02418bb3) x23 0x00000000
core   0: 0x8000b3c0 (0x00008d19) c.sub   a0, a4
core   0: 3 0x8000b3c0 (0x8d19) x10 0x0fffa5c0
core   0: 0x8000b3c2 (0x00400493) li      s1, 4
core   0: 3 0x8000b3c2 (0x00400493) x 9 0x00000004
core   0: 0x8000b3c6 (0x000085c6) c.mv    a1, a7
core   0: 3 0x8000b3c6 (0x85c6) x11 0x00000000
core   0: 0x8000b3c8 (0x00800413) li      s0, 8
core   0: 3 0x8000b3c8 (0x00800413) x 8 0x00000008
core   0: 0x8000b3cc (0x00009a7d) c.andi  a2, -1
core   0: 3 0x8000b3cc (0x9a7d) x12 0x00000000
core   0: 0x8000b3ce (0x028fe633) rem     a2, t6, s0
core   0: 3 0x8000b3ce (0x028fe633) x12 0x00000000
core   0: 0x8000b3d2 (0x012bcf33) xor     t5, s7, s2
core   0: 3 0x8000b3d2 (0x012bcf33) x30 0xfffffb79
core   0: 0x8000b3d6 (0x02b7a3b3) mulhsu  t2, a5, a1
core   0: 3 0x8000b3d6 (0x02b7a3b3) x 7 0x00000000
core   0: 0x8000b3da (0x00c51033) sll     zero, a0, a2
core   0: 3 0x8000b3da (0x00c51033)
core   0: 0x8000b3de (0x02efeb33) rem     s6, t6, a4
core   0: 3 0x8000b3de (0x02efeb33) x22 0x00000000
core   0: 0x8000b3e2 (0x00b7a5b3) slt     a1, a5, a1
core   0: 3 0x8000b3e2 (0x00b7a5b3) x11 0x00000000
core   0: 0x8000b3e6 (0x00000491) c.addi  s1, 4
core   0: 3 0x8000b3e6 (0x0491) x 9 0x00000008
core   0: 0x8000b3e8 (0xfe8497e3) bne     s1, s0, pc - 18
core   0: 3 0x8000b3e8 (0xfe8497e3)
core   0: 0x8000b3ec (0x3a052cb7) lui     s9, 0x3a052
core   0: 3 0x8000b3ec (0x3a052cb7) x25 0x3a052000
core   0: 0x8000b3f0 (0x035598b3) mulh    a7, a1, s5
core   0: 3 0x8000b3f0 (0x035598b3) x17 0x00000000
core   0: 0x8000b3f4 (0x93dcec93) ori     s9, s9, -1731
core   0: 3 0x8000b3f4 (0x93dcec93) x25 0xfffff93d
core   0: 0x8000b3f8 (0xfa6696e3) bne     a3, t1, pc - 84
core   0: 3 0x8000b3f8 (0xfa6696e3)
core   0: 0x8000b3a4 (0xbf4d6d93) ori     s11, s10, -1036
core   0: 3 0x8000b3a4 (0xbf4d6d93) x27 0xfffffff4
core   0: 0x8000b3a8 (0x02ea9fb3) mulh    t6, s5, a4
core   0: 3 0x8000b3a8 (0x02ea9fb3) x31 0x00000000
core   0: 0x8000b3ac (0x00072033) slt     zero, a4, zero
core   0: 3 0x8000b3ac (0x00072033)
core   0: 0x8000b3b0 (0x0117be33) sltu    t3, a5, a7
core   0: 3 0x8000b3b0 (0x0117be33) x28 0x00000000
core   0: 0x8000b3b4 (0x00008111) c.srli  a0, 4
core   0: 3 0x8000b3b4 (0x8111) x10 0x00fffa5c
core   0: 0x8000b3b6 (0x00000685) c.addi  a3, 1
core   0: 3 0x8000b3b6 (0x0685) x13 0x00000006
core   0: 0x8000b3b8 (0x00729893) slli    a7, t0, 7
core   0: 3 0x8000b3b8 (0x00729893) x17 0x00000000
core   0: 0x8000b3bc (0x02418bb3) mul     s7, gp, tp
core   0: 3 0x8000b3bc (0x02418bb3) x23 0x00000000
core   0: 0x8000b3c0 (0x00008d19) c.sub   a0, a4
core   0: 3 0x8000b3c0 (0x8d19) x10 0x00ffa4d0
core   0: 0x8000b3c2 (0x00400493) li      s1, 4
core   0: 3 0x8000b3c2 (0x00400493) x 9 0x00000004
core   0: 0x8000b3c6 (0x000085c6) c.mv    a1, a7
core   0: 3 0x8000b3c6 (0x85c6) x11 0x00000000
core   0: 0x8000b3c8 (0x00800413) li      s0, 8
core   0: 3 0x8000b3c8 (0x00800413) x 8 0x00000008
core   0: 0x8000b3cc (0x00009a7d) c.andi  a2, -1
core   0: 3 0x8000b3cc (0x9a7d) x12 0x00000000
core   0: 0x8000b3ce (0x028fe633) rem     a2, t6, s0
core   0: 3 0x8000b3ce (0x028fe633) x12 0x00000000
core   0: 0x8000b3d2 (0x012bcf33) xor     t5, s7, s2
core   0: 3 0x8000b3d2 (0x012bcf33) x30 0xfffffb79
core   0: 0x8000b3d6 (0x02b7a3b3) mulhsu  t2, a5, a1
core   0: 3 0x8000b3d6 (0x02b7a3b3) x 7 0x00000000
core   0: 0x8000b3da (0x00c51033) sll     zero, a0, a2
core   0: 3 0x8000b3da (0x00c51033)
core   0: 0x8000b3de (0x02efeb33) rem     s6, t6, a4
core   0: 3 0x8000b3de (0x02efeb33) x22 0x00000000
core   0: 0x8000b3e2 (0x00b7a5b3) slt     a1, a5, a1
core   0: 3 0x8000b3e2 (0x00b7a5b3) x11 0x00000000
core   0: 0x8000b3e6 (0x00000491) c.addi  s1, 4
core   0: 3 0x8000b3e6 (0x0491) x 9 0x00000008
core   0: 0x8000b3e8 (0xfe8497e3) bne     s1, s0, pc - 18
core   0: 3 0x8000b3e8 (0xfe8497e3)
core   0: 0x8000b3ec (0x3a052cb7) lui     s9, 0x3a052
core   0: 3 0x8000b3ec (0x3a052cb7) x25 0x3a052000
core   0: 0x8000b3f0 (0x035598b3) mulh    a7, a1, s5
core   0: 3 0x8000b3f0 (0x035598b3) x17 0x00000000
core   0: 0x8000b3f4 (0x93dcec93) ori     s9, s9, -1731
core   0: 3 0x8000b3f4 (0x93dcec93) x25 0xfffff93d
core   0: 0x8000b3f8 (0xfa6696e3) bne     a3, t1, pc - 84
core   0: 3 0x8000b3f8 (0xfa6696e3)
core   0: 0x8000b3a4 (0xbf4d6d93) ori     s11, s10, -1036
core   0: 3 0x8000b3a4 (0xbf4d6d93) x27 0xfffffff4
core   0: 0x8000b3a8 (0x02ea9fb3) mulh    t6, s5, a4
core   0: 3 0x8000b3a8 (0x02ea9fb3) x31 0x00000000
core   0: 0x8000b3ac (0x00072033) slt     zero, a4, zero
core   0: 3 0x8000b3ac (0x00072033)
core   0: 0x8000b3b0 (0x0117be33) sltu    t3, a5, a7
core   0: 3 0x8000b3b0 (0x0117be33) x28 0x00000000
core   0: 0x8000b3b4 (0x00008111) c.srli  a0, 4
core   0: 3 0x8000b3b4 (0x8111) x10 0x000ffa4d
core   0: 0x8000b3b6 (0x00000685) c.addi  a3, 1
core   0: 3 0x8000b3b6 (0x0685) x13 0x00000007
core   0: 0x8000b3b8 (0x00729893) slli    a7, t0, 7
core   0: 3 0x8000b3b8 (0x00729893) x17 0x00000000
core   0: 0x8000b3bc (0x02418bb3) mul     s7, gp, tp
core   0: 3 0x8000b3bc (0x02418bb3) x23 0x00000000
core   0: 0x8000b3c0 (0x00008d19) c.sub   a0, a4
core   0: 3 0x8000b3c0 (0x8d19) x10 0x000fa4c1
core   0: 0x8000b3c2 (0x00400493) li      s1, 4
core   0: 3 0x8000b3c2 (0x00400493) x 9 0x00000004
core   0: 0x8000b3c6 (0x000085c6) c.mv    a1, a7
core   0: 3 0x8000b3c6 (0x85c6) x11 0x00000000
core   0: 0x8000b3c8 (0x00800413) li      s0, 8
core   0: 3 0x8000b3c8 (0x00800413) x 8 0x00000008
core   0: 0x8000b3cc (0x00009a7d) c.andi  a2, -1
core   0: 3 0x8000b3cc (0x9a7d) x12 0x00000000
core   0: 0x8000b3ce (0x028fe633) rem     a2, t6, s0
core   0: 3 0x8000b3ce (0x028fe633) x12 0x00000000
core   0: 0x8000b3d2 (0x012bcf33) xor     t5, s7, s2
core   0: 3 0x8000b3d2 (0x012bcf33) x30 0xfffffb79
core   0: 0x8000b3d6 (0x02b7a3b3) mulhsu  t2, a5, a1
core   0: 3 0x8000b3d6 (0x02b7a3b3) x 7 0x00000000
core   0: 0x8000b3da (0x00c51033) sll     zero, a0, a2
core   0: 3 0x8000b3da (0x00c51033)
core   0: 0x8000b3de (0x02efeb33) rem     s6, t6, a4
core   0: 3 0x8000b3de (0x02efeb33) x22 0x00000000
core   0: 0x8000b3e2 (0x00b7a5b3) slt     a1, a5, a1
core   0: 3 0x8000b3e2 (0x00b7a5b3) x11 0x00000000
core   0: 0x8000b3e6 (0x00000491) c.addi  s1, 4
core   0: 3 0x8000b3e6 (0x0491) x 9 0x00000008
core   0: 0x8000b3e8 (0xfe8497e3) bne     s1, s0, pc - 18
core   0: 3 0x8000b3e8 (0xfe8497e3)
core   0: 0x8000b3ec (0x3a052cb7) lui     s9, 0x3a052
core   0: 3 0x8000b3ec (0x3a052cb7) x25 0x3a052000
core   0: 0x8000b3f0 (0x035598b3) mulh    a7, a1, s5
core   0: 3 0x8000b3f0 (0x035598b3) x17 0x00000000
core   0: 0x8000b3f4 (0x93dcec93) ori     s9, s9, -1731
core   0: 3 0x8000b3f4 (0x93dcec93) x25 0xfffff93d
core   0: 0x8000b3f8 (0xfa6696e3) bne     a3, t1, pc - 84
core   0: 3 0x8000b3f8 (0xfa6696e3)
core   0: 0x8000b3a4 (0xbf4d6d93) ori     s11, s10, -1036
core   0: 3 0x8000b3a4 (0xbf4d6d93) x27 0xfffffff4
core   0: 0x8000b3a8 (0x02ea9fb3) mulh    t6, s5, a4
core   0: 3 0x8000b3a8 (0x02ea9fb3) x31 0x00000000
core   0: 0x8000b3ac (0x00072033) slt     zero, a4, zero
core   0: 3 0x8000b3ac (0x00072033)
core   0: 0x8000b3b0 (0x0117be33) sltu    t3, a5, a7
core   0: 3 0x8000b3b0 (0x0117be33) x28 0x00000000
core   0: 0x8000b3b4 (0x00008111) c.srli  a0, 4
core   0: 3 0x8000b3b4 (0x8111) x10 0x0000fa4c
core   0: 0x8000b3b6 (0x00000685) c.addi  a3, 1
core   0: 3 0x8000b3b6 (0x0685) x13 0x00000008
core   0: 0x8000b3b8 (0x00729893) slli    a7, t0, 7
core   0: 3 0x8000b3b8 (0x00729893) x17 0x00000000
core   0: 0x8000b3bc (0x02418bb3) mul     s7, gp, tp
core   0: 3 0x8000b3bc (0x02418bb3) x23 0x00000000
core   0: 0x8000b3c0 (0x00008d19) c.sub   a0, a4
core   0: 3 0x8000b3c0 (0x8d19) x10 0x0000a4c0
core   0: 0x8000b3c2 (0x00400493) li      s1, 4
core   0: 3 0x8000b3c2 (0x00400493) x 9 0x00000004
core   0: 0x8000b3c6 (0x000085c6) c.mv    a1, a7
core   0: 3 0x8000b3c6 (0x85c6) x11 0x00000000
core   0: 0x8000b3c8 (0x00800413) li      s0, 8
core   0: 3 0x8000b3c8 (0x00800413) x 8 0x00000008
core   0: 0x8000b3cc (0x00009a7d) c.andi  a2, -1
core   0: 3 0x8000b3cc (0x9a7d) x12 0x00000000
core   0: 0x8000b3ce (0x028fe633) rem     a2, t6, s0
core   0: 3 0x8000b3ce (0x028fe633) x12 0x00000000
core   0: 0x8000b3d2 (0x012bcf33) xor     t5, s7, s2
core   0: 3 0x8000b3d2 (0x012bcf33) x30 0xfffffb79
core   0: 0x8000b3d6 (0x02b7a3b3) mulhsu  t2, a5, a1
core   0: 3 0x8000b3d6 (0x02b7a3b3) x 7 0x00000000
core   0: 0x8000b3da (0x00c51033) sll     zero, a0, a2
core   0: 3 0x8000b3da (0x00c51033)
core   0: 0x8000b3de (0x02efeb33) rem     s6, t6, a4
core   0: 3 0x8000b3de (0x02efeb33) x22 0x00000000
core   0: 0x8000b3e2 (0x00b7a5b3) slt     a1, a5, a1
core   0: 3 0x8000b3e2 (0x00b7a5b3) x11 0x00000000
core   0: 0x8000b3e6 (0x00000491) c.addi  s1, 4
core   0: 3 0x8000b3e6 (0x0491) x 9 0x00000008
core   0: 0x8000b3e8 (0xfe8497e3) bne     s1, s0, pc - 18
core   0: 3 0x8000b3e8 (0xfe8497e3)
core   0: 0x8000b3ec (0x3a052cb7) lui     s9, 0x3a052
core   0: 3 0x8000b3ec (0x3a052cb7) x25 0x3a052000
core   0: 0x8000b3f0 (0x035598b3) mulh    a7, a1, s5
core   0: 3 0x8000b3f0 (0x035598b3) x17 0x00000000
core   0: 0x8000b3f4 (0x93dcec93) ori     s9, s9, -1731
core   0: 3 0x8000b3f4 (0x93dcec93) x25 0xfffff93d
core   0: 0x8000b3f8 (0xfa6696e3) bne     a3, t1, pc - 84
core   0: 3 0x8000b3f8 (0xfa6696e3)
core   0: 0x8000b3a4 (0xbf4d6d93) ori     s11, s10, -1036
core   0: 3 0x8000b3a4 (0xbf4d6d93) x27 0xfffffff4
core   0: 0x8000b3a8 (0x02ea9fb3) mulh    t6, s5, a4
core   0: 3 0x8000b3a8 (0x02ea9fb3) x31 0x00000000
core   0: 0x8000b3ac (0x00072033) slt     zero, a4, zero
core   0: 3 0x8000b3ac (0x00072033)
core   0: 0x8000b3b0 (0x0117be33) sltu    t3, a5, a7
core   0: 3 0x8000b3b0 (0x0117be33) x28 0x00000000
core   0: 0x8000b3b4 (0x00008111) c.srli  a0, 4
core   0: 3 0x8000b3b4 (0x8111) x10 0x00000a4c
core   0: 0x8000b3b6 (0x00000685) c.addi  a3, 1
core   0: 3 0x8000b3b6 (0x0685) x13 0x00000009
core   0: 0x8000b3b8 (0x00729893) slli    a7, t0, 7
core   0: 3 0x8000b3b8 (0x00729893) x17 0x00000000
core   0: 0x8000b3bc (0x02418bb3) mul     s7, gp, tp
core   0: 3 0x8000b3bc (0x02418bb3) x23 0x00000000
core   0: 0x8000b3c0 (0x00008d19) c.sub   a0, a4
core   0: 3 0x8000b3c0 (0x8d19) x10 0xffffb4c0
core   0: 0x8000b3c2 (0x00400493) li      s1, 4
core   0: 3 0x8000b3c2 (0x00400493) x 9 0x00000004
core   0: 0x8000b3c6 (0x000085c6) c.mv    a1, a7
core   0: 3 0x8000b3c6 (0x85c6) x11 0x00000000
core   0: 0x8000b3c8 (0x00800413) li      s0, 8
core   0: 3 0x8000b3c8 (0x00800413) x 8 0x00000008
core   0: 0x8000b3cc (0x00009a7d) c.andi  a2, -1
core   0: 3 0x8000b3cc (0x9a7d) x12 0x00000000
core   0: 0x8000b3ce (0x028fe633) rem     a2, t6, s0
core   0: 3 0x8000b3ce (0x028fe633) x12 0x00000000
core   0: 0x8000b3d2 (0x012bcf33) xor     t5, s7, s2
core   0: 3 0x8000b3d2 (0x012bcf33) x30 0xfffffb79
core   0: 0x8000b3d6 (0x02b7a3b3) mulhsu  t2, a5, a1
core   0: 3 0x8000b3d6 (0x02b7a3b3) x 7 0x00000000
core   0: 0x8000b3da (0x00c51033) sll     zero, a0, a2
core   0: 3 0x8000b3da (0x00c51033)
core   0: 0x8000b3de (0x02efeb33) rem     s6, t6, a4
core   0: 3 0x8000b3de (0x02efeb33) x22 0x00000000
core   0: 0x8000b3e2 (0x00b7a5b3) slt     a1, a5, a1
core   0: 3 0x8000b3e2 (0x00b7a5b3) x11 0x00000000
core   0: 0x8000b3e6 (0x00000491) c.addi  s1, 4
core   0: 3 0x8000b3e6 (0x0491) x 9 0x00000008
core   0: 0x8000b3e8 (0xfe8497e3) bne     s1, s0, pc - 18
core   0: 3 0x8000b3e8 (0xfe8497e3)
core   0: 0x8000b3ec (0x3a052cb7) lui     s9, 0x3a052
core   0: 3 0x8000b3ec (0x3a052cb7) x25 0x3a052000
core   0: 0x8000b3f0 (0x035598b3) mulh    a7, a1, s5
core   0: 3 0x8000b3f0 (0x035598b3) x17 0x00000000
core   0: 0x8000b3f4 (0x93dcec93) ori     s9, s9, -1731
core   0: 3 0x8000b3f4 (0x93dcec93) x25 0xfffff93d
core   0: 0x8000b3f8 (0xfa6696e3) bne     a3, t1, pc - 84
core   0: 3 0x8000b3f8 (0xfa6696e3)
core   0: 0x8000b3a4 (0xbf4d6d93) ori     s11, s10, -1036
core   0: 3 0x8000b3a4 (0xbf4d6d93) x27 0xfffffff4
core   0: 0x8000b3a8 (0x02ea9fb3) mulh    t6, s5, a4
core   0: 3 0x8000b3a8 (0x02ea9fb3) x31 0x00000000
core   0: 0x8000b3ac (0x00072033) slt     zero, a4, zero
core   0: 3 0x8000b3ac (0x00072033)
core   0: 0x8000b3b0 (0x0117be33) sltu    t3, a5, a7
core   0: 3 0x8000b3b0 (0x0117be33) x28 0x00000000
core   0: 0x8000b3b4 (0x00008111) c.srli  a0, 4
core   0: 3 0x8000b3b4 (0x8111) x10 0x0ffffb4c
core   0: 0x8000b3b6 (0x00000685) c.addi  a3, 1
core   0: 3 0x8000b3b6 (0x0685) x13 0x0000000a
core   0: 0x8000b3b8 (0x00729893) slli    a7, t0, 7
core   0: 3 0x8000b3b8 (0x00729893) x17 0x00000000
core   0: 0x8000b3bc (0x02418bb3) mul     s7, gp, tp
core   0: 3 0x8000b3bc (0x02418bb3) x23 0x00000000
core   0: 0x8000b3c0 (0x00008d19) c.sub   a0, a4
core   0: 3 0x8000b3c0 (0x8d19) x10 0x0fffa5c0
core   0: 0x8000b3c2 (0x00400493) li      s1, 4
core   0: 3 0x8000b3c2 (0x00400493) x 9 0x00000004
core   0: 0x8000b3c6 (0x000085c6) c.mv    a1, a7
core   0: 3 0x8000b3c6 (0x85c6) x11 0x00000000
core   0: 0x8000b3c8 (0x00800413) li      s0, 8
core   0: 3 0x8000b3c8 (0x00800413) x 8 0x00000008
core   0: 0x8000b3cc (0x00009a7d) c.andi  a2, -1
core   0: 3 0x8000b3cc (0x9a7d) x12 0x00000000
core   0: 0x8000b3ce (0x028fe633) rem     a2, t6, s0
core   0: 3 0x8000b3ce (0x028fe633) x12 0x00000000
core   0: 0x8000b3d2 (0x012bcf33) xor     t5, s7, s2
core   0: 3 0x8000b3d2 (0x012bcf33) x30 0xfffffb79
core   0: 0x8000b3d6 (0x02b7a3b3) mulhsu  t2, a5, a1
core   0: 3 0x8000b3d6 (0x02b7a3b3) x 7 0x00000000
core   0: 0x8000b3da (0x00c51033) sll     zero, a0, a2
core   0: 3 0x8000b3da (0x00c51033)
core   0: 0x8000b3de (0x02efeb33) rem     s6, t6, a4
core   0: 3 0x8000b3de (0x02efeb33) x22 0x00000000
core   0: 0x8000b3e2 (0x00b7a5b3) slt     a1, a5, a1
core   0: 3 0x8000b3e2 (0x00b7a5b3) x11 0x00000000
core   0: 0x8000b3e6 (0x00000491) c.addi  s1, 4
core   0: 3 0x8000b3e6 (0x0491) x 9 0x00000008
core   0: 0x8000b3e8 (0xfe8497e3) bne     s1, s0, pc - 18
core   0: 3 0x8000b3e8 (0xfe8497e3)
core   0: 0x8000b3ec (0x3a052cb7) lui     s9, 0x3a052
core   0: 3 0x8000b3ec (0x3a052cb7) x25 0x3a052000
core   0: 0x8000b3f0 (0x035598b3) mulh    a7, a1, s5
core   0: 3 0x8000b3f0 (0x035598b3) x17 0x00000000
core   0: 0x8000b3f4 (0x93dcec93) ori     s9, s9, -1731
core   0: 3 0x8000b3f4 (0x93dcec93) x25 0xfffff93d
core   0: 0x8000b3f8 (0xfa6696e3) bne     a3, t1, pc - 84
core   0: 3 0x8000b3f8 (0xfa6696e3)
core   0: 0x8000b3a4 (0xbf4d6d93) ori     s11, s10, -1036
core   0: 3 0x8000b3a4 (0xbf4d6d93) x27 0xfffffff4
core   0: 0x8000b3a8 (0x02ea9fb3) mulh    t6, s5, a4
core   0: 3 0x8000b3a8 (0x02ea9fb3) x31 0x00000000
core   0: 0x8000b3ac (0x00072033) slt     zero, a4, zero
core   0: 3 0x8000b3ac (0x00072033)
core   0: 0x8000b3b0 (0x0117be33) sltu    t3, a5, a7
core   0: 3 0x8000b3b0 (0x0117be33) x28 0x00000000
core   0: 0x8000b3b4 (0x00008111) c.srli  a0, 4
core   0: 3 0x8000b3b4 (0x8111) x10 0x00fffa5c
core   0: 0x8000b3b6 (0x00000685) c.addi  a3, 1
core   0: 3 0x8000b3b6 (0x0685) x13 0x0000000b
core   0: 0x8000b3b8 (0x00729893) slli    a7, t0, 7
core   0: 3 0x8000b3b8 (0x00729893) x17 0x00000000
core   0: 0x8000b3bc (0x02418bb3) mul     s7, gp, tp
core   0: 3 0x8000b3bc (0x02418bb3) x23 0x00000000
core   0: 0x8000b3c0 (0x00008d19) c.sub   a0, a4
core   0: 3 0x8000b3c0 (0x8d19) x10 0x00ffa4d0
core   0: 0x8000b3c2 (0x00400493) li      s1, 4
core   0: 3 0x8000b3c2 (0x00400493) x 9 0x00000004
core   0: 0x8000b3c6 (0x000085c6) c.mv    a1, a7
core   0: 3 0x8000b3c6 (0x85c6) x11 0x00000000
core   0: 0x8000b3c8 (0x00800413) li      s0, 8
core   0: 3 0x8000b3c8 (0x00800413) x 8 0x00000008
core   0: 0x8000b3cc (0x00009a7d) c.andi  a2, -1
core   0: 3 0x8000b3cc (0x9a7d) x12 0x00000000
core   0: 0x8000b3ce (0x028fe633) rem     a2, t6, s0
core   0: 3 0x8000b3ce (0x028fe633) x12 0x00000000
core   0: 0x8000b3d2 (0x012bcf33) xor     t5, s7, s2
core   0: 3 0x8000b3d2 (0x012bcf33) x30 0xfffffb79
core   0: 0x8000b3d6 (0x02b7a3b3) mulhsu  t2, a5, a1
core   0: 3 0x8000b3d6 (0x02b7a3b3) x 7 0x00000000
core   0: 0x8000b3da (0x00c51033) sll     zero, a0, a2
core   0: 3 0x8000b3da (0x00c51033)
core   0: 0x8000b3de (0x02efeb33) rem     s6, t6, a4
core   0: 3 0x8000b3de (0x02efeb33) x22 0x00000000
core   0: 0x8000b3e2 (0x00b7a5b3) slt     a1, a5, a1
core   0: 3 0x8000b3e2 (0x00b7a5b3) x11 0x00000000
core   0: 0x8000b3e6 (0x00000491) c.addi  s1, 4
core   0: 3 0x8000b3e6 (0x0491) x 9 0x00000008
core   0: 0x8000b3e8 (0xfe8497e3) bne     s1, s0, pc - 18
core   0: 3 0x8000b3e8 (0xfe8497e3)
core   0: 0x8000b3ec (0x3a052cb7) lui     s9, 0x3a052
core   0: 3 0x8000b3ec (0x3a052cb7) x25 0x3a052000
core   0: 0x8000b3f0 (0x035598b3) mulh    a7, a1, s5
core   0: 3 0x8000b3f0 (0x035598b3) x17 0x00000000
core   0: 0x8000b3f4 (0x93dcec93) ori     s9, s9, -1731
core   0: 3 0x8000b3f4 (0x93dcec93) x25 0xfffff93d
core   0: 0x8000b3f8 (0xfa6696e3) bne     a3, t1, pc - 84
core   0: 3 0x8000b3f8 (0xfa6696e3)
core   0: 0x8000b3a4 (0xbf4d6d93) ori     s11, s10, -1036
core   0: 3 0x8000b3a4 (0xbf4d6d93) x27 0xfffffff4
core   0: 0x8000b3a8 (0x02ea9fb3) mulh    t6, s5, a4
core   0: 3 0x8000b3a8 (0x02ea9fb3) x31 0x00000000
core   0: 0x8000b3ac (0x00072033) slt     zero, a4, zero
core   0: 3 0x8000b3ac (0x00072033)
core   0: 0x8000b3b0 (0x0117be33) sltu    t3, a5, a7
core   0: 3 0x8000b3b0 (0x0117be33) x28 0x00000000
core   0: 0x8000b3b4 (0x00008111) c.srli  a0, 4
core   0: 3 0x8000b3b4 (0x8111) x10 0x000ffa4d
core   0: 0x8000b3b6 (0x00000685) c.addi  a3, 1
core   0: 3 0x8000b3b6 (0x0685) x13 0x0000000c
core   0: 0x8000b3b8 (0x00729893) slli    a7, t0, 7
core   0: 3 0x8000b3b8 (0x00729893) x17 0x00000000
core   0: 0x8000b3bc (0x02418bb3) mul     s7, gp, tp
core   0: 3 0x8000b3bc (0x02418bb3) x23 0x00000000
core   0: 0x8000b3c0 (0x00008d19) c.sub   a0, a4
core   0: 3 0x8000b3c0 (0x8d19) x10 0x000fa4c1
core   0: 0x8000b3c2 (0x00400493) li      s1, 4
core   0: 3 0x8000b3c2 (0x00400493) x 9 0x00000004
core   0: 0x8000b3c6 (0x000085c6) c.mv    a1, a7
core   0: 3 0x8000b3c6 (0x85c6) x11 0x00000000
core   0: 0x8000b3c8 (0x00800413) li      s0, 8
core   0: 3 0x8000b3c8 (0x00800413) x 8 0x00000008
core   0: 0x8000b3cc (0x00009a7d) c.andi  a2, -1
core   0: 3 0x8000b3cc (0x9a7d) x12 0x00000000
core   0: 0x8000b3ce (0x028fe633) rem     a2, t6, s0
core   0: 3 0x8000b3ce (0x028fe633) x12 0x00000000
core   0: 0x8000b3d2 (0x012bcf33) xor     t5, s7, s2
core   0: 3 0x8000b3d2 (0x012bcf33) x30 0xfffffb79
core   0: 0x8000b3d6 (0x02b7a3b3) mulhsu  t2, a5, a1
core   0: 3 0x8000b3d6 (0x02b7a3b3) x 7 0x00000000
core   0: 0x8000b3da (0x00c51033) sll     zero, a0, a2
core   0: 3 0x8000b3da (0x00c51033)
core   0: 0x8000b3de (0x02efeb33) rem     s6, t6, a4
core   0: 3 0x8000b3de (0x02efeb33) x22 0x00000000
core   0: 0x8000b3e2 (0x00b7a5b3) slt     a1, a5, a1
core   0: 3 0x8000b3e2 (0x00b7a5b3) x11 0x00000000
core   0: 0x8000b3e6 (0x00000491) c.addi  s1, 4
core   0: 3 0x8000b3e6 (0x0491) x 9 0x00000008
core   0: 0x8000b3e8 (0xfe8497e3) bne     s1, s0, pc - 18
core   0: 3 0x8000b3e8 (0xfe8497e3)
core   0: 0x8000b3ec (0x3a052cb7) lui     s9, 0x3a052
core   0: 3 0x8000b3ec (0x3a052cb7) x25 0x3a052000
core   0: 0x8000b3f0 (0x035598b3) mulh    a7, a1, s5
core   0: 3 0x8000b3f0 (0x035598b3) x17 0x00000000
core   0: 0x8000b3f4 (0x93dcec93) ori     s9, s9, -1731
core   0: 3 0x8000b3f4 (0x93dcec93) x25 0xfffff93d
core   0: 0x8000b3f8 (0xfa6696e3) bne     a3, t1, pc - 84
core   0: 3 0x8000b3f8 (0xfa6696e3)
core   0: 0x8000b3a4 (0xbf4d6d93) ori     s11, s10, -1036
core   0: 3 0x8000b3a4 (0xbf4d6d93) x27 0xfffffff4
core   0: 0x8000b3a8 (0x02ea9fb3) mulh    t6, s5, a4
core   0: 3 0x8000b3a8 (0x02ea9fb3) x31 0x00000000
core   0: 0x8000b3ac (0x00072033) slt     zero, a4, zero
core   0: 3 0x8000b3ac (0x00072033)
core   0: 0x8000b3b0 (0x0117be33) sltu    t3, a5, a7
core   0: 3 0x8000b3b0 (0x0117be33) x28 0x00000000
core   0: 0x8000b3b4 (0x00008111) c.srli  a0, 4
core   0: 3 0x8000b3b4 (0x8111) x10 0x0000fa4c
core   0: 0x8000b3b6 (0x00000685) c.addi  a3, 1
core   0: 3 0x8000b3b6 (0x0685) x13 0x0000000d
core   0: 0x8000b3b8 (0x00729893) slli    a7, t0, 7
core   0: 3 0x8000b3b8 (0x00729893) x17 0x00000000
core   0: 0x8000b3bc (0x02418bb3) mul     s7, gp, tp
core   0: 3 0x8000b3bc (0x02418bb3) x23 0x00000000
core   0: 0x8000b3c0 (0x00008d19) c.sub   a0, a4
core   0: 3 0x8000b3c0 (0x8d19) x10 0x0000a4c0
core   0: 0x8000b3c2 (0x00400493) li      s1, 4
core   0: 3 0x8000b3c2 (0x00400493) x 9 0x00000004
core   0: 0x8000b3c6 (0x000085c6) c.mv    a1, a7
core   0: 3 0x8000b3c6 (0x85c6) x11 0x00000000
core   0: 0x8000b3c8 (0x00800413) li      s0, 8
core   0: 3 0x8000b3c8 (0x00800413) x 8 0x00000008
core   0: 0x8000b3cc (0x00009a7d) c.andi  a2, -1
core   0: 3 0x8000b3cc (0x9a7d) x12 0x00000000
core   0: 0x8000b3ce (0x028fe633) rem     a2, t6, s0
core   0: 3 0x8000b3ce (0x028fe633) x12 0x00000000
core   0: 0x8000b3d2 (0x012bcf33) xor     t5, s7, s2
core   0: 3 0x8000b3d2 (0x012bcf33) x30 0xfffffb79
core   0: 0x8000b3d6 (0x02b7a3b3) mulhsu  t2, a5, a1
core   0: 3 0x8000b3d6 (0x02b7a3b3) x 7 0x00000000
core   0: 0x8000b3da (0x00c51033) sll     zero, a0, a2
core   0: 3 0x8000b3da (0x00c51033)
core   0: 0x8000b3de (0x02efeb33) rem     s6, t6, a4
core   0: 3 0x8000b3de (0x02efeb33) x22 0x00000000
core   0: 0x8000b3e2 (0x00b7a5b3) slt     a1, a5, a1
core   0: 3 0x8000b3e2 (0x00b7a5b3) x11 0x00000000
core   0: 0x8000b3e6 (0x00000491) c.addi  s1, 4
core   0: 3 0x8000b3e6 (0x0491) x 9 0x00000008
core   0: 0x8000b3e8 (0xfe8497e3) bne     s1, s0, pc - 18
core   0: 3 0x8000b3e8 (0xfe8497e3)
core   0: 0x8000b3ec (0x3a052cb7) lui     s9, 0x3a052
core   0: 3 0x8000b3ec (0x3a052cb7) x25 0x3a052000
core   0: 0x8000b3f0 (0x035598b3) mulh    a7, a1, s5
core   0: 3 0x8000b3f0 (0x035598b3) x17 0x00000000
core   0: 0x8000b3f4 (0x93dcec93) ori     s9, s9, -1731
core   0: 3 0x8000b3f4 (0x93dcec93) x25 0xfffff93d
core   0: 0x8000b3f8 (0xfa6696e3) bne     a3, t1, pc - 84
core   0: 3 0x8000b3f8 (0xfa6696e3)
core   0: 0x8000b3a4 (0xbf4d6d93) ori     s11, s10, -1036
core   0: 3 0x8000b3a4 (0xbf4d6d93) x27 0xfffffff4
core   0: 0x8000b3a8 (0x02ea9fb3) mulh    t6, s5, a4
core   0: 3 0x8000b3a8 (0x02ea9fb3) x31 0x00000000
core   0: 0x8000b3ac (0x00072033) slt     zero, a4, zero
core   0: 3 0x8000b3ac (0x00072033)
core   0: 0x8000b3b0 (0x0117be33) sltu    t3, a5, a7
core   0: 3 0x8000b3b0 (0x0117be33) x28 0x00000000
core   0: 0x8000b3b4 (0x00008111) c.srli  a0, 4
core   0: 3 0x8000b3b4 (0x8111) x10 0x00000a4c
core   0: 0x8000b3b6 (0x00000685) c.addi  a3, 1
core   0: 3 0x8000b3b6 (0x0685) x13 0x0000000e
core   0: 0x8000b3b8 (0x00729893) slli    a7, t0, 7
core   0: 3 0x8000b3b8 (0x00729893) x17 0x00000000
core   0: 0x8000b3bc (0x02418bb3) mul     s7, gp, tp
core   0: 3 0x8000b3bc (0x02418bb3) x23 0x00000000
core   0: 0x8000b3c0 (0x00008d19) c.sub   a0, a4
core   0: 3 0x8000b3c0 (0x8d19) x10 0xffffb4c0
core   0: 0x8000b3c2 (0x00400493) li      s1, 4
core   0: 3 0x8000b3c2 (0x00400493) x 9 0x00000004
core   0: 0x8000b3c6 (0x000085c6) c.mv    a1, a7
core   0: 3 0x8000b3c6 (0x85c6) x11 0x00000000
core   0: 0x8000b3c8 (0x00800413) li      s0, 8
core   0: 3 0x8000b3c8 (0x00800413) x 8 0x00000008
core   0: 0x8000b3cc (0x00009a7d) c.andi  a2, -1
core   0: 3 0x8000b3cc (0x9a7d) x12 0x00000000
core   0: 0x8000b3ce (0x028fe633) rem     a2, t6, s0
core   0: 3 0x8000b3ce (0x028fe633) x12 0x00000000
core   0: 0x8000b3d2 (0x012bcf33) xor     t5, s7, s2
core   0: 3 0x8000b3d2 (0x012bcf33) x30 0xfffffb79
core   0: 0x8000b3d6 (0x02b7a3b3) mulhsu  t2, a5, a1
core   0: 3 0x8000b3d6 (0x02b7a3b3) x 7 0x00000000
core   0: 0x8000b3da (0x00c51033) sll     zero, a0, a2
core   0: 3 0x8000b3da (0x00c51033)
core   0: 0x8000b3de (0x02efeb33) rem     s6, t6, a4
core   0: 3 0x8000b3de (0x02efeb33) x22 0x00000000
core   0: 0x8000b3e2 (0x00b7a5b3) slt     a1, a5, a1
core   0: 3 0x8000b3e2 (0x00b7a5b3) x11 0x00000000
core   0: 0x8000b3e6 (0x00000491) c.addi  s1, 4
core   0: 3 0x8000b3e6 (0x0491) x 9 0x00000008
core   0: 0x8000b3e8 (0xfe8497e3) bne     s1, s0, pc - 18
core   0: 3 0x8000b3e8 (0xfe8497e3)
core   0: 0x8000b3ec (0x3a052cb7) lui     s9, 0x3a052
core   0: 3 0x8000b3ec (0x3a052cb7) x25 0x3a052000
core   0: 0x8000b3f0 (0x035598b3) mulh    a7, a1, s5
core   0: 3 0x8000b3f0 (0x035598b3) x17 0x00000000
core   0: 0x8000b3f4 (0x93dcec93) ori     s9, s9, -1731
core   0: 3 0x8000b3f4 (0x93dcec93) x25 0xfffff93d
core   0: 0x8000b3f8 (0xfa6696e3) bne     a3, t1, pc - 84
core   0: 3 0x8000b3f8 (0xfa6696e3)
core   0: 0x8000b3a4 (0xbf4d6d93) ori     s11, s10, -1036
core   0: 3 0x8000b3a4 (0xbf4d6d93) x27 0xfffffff4
core   0: 0x8000b3a8 (0x02ea9fb3) mulh    t6, s5, a4
core   0: 3 0x8000b3a8 (0x02ea9fb3) x31 0x00000000
core   0: 0x8000b3ac (0x00072033) slt     zero, a4, zero
core   0: 3 0x8000b3ac (0x00072033)
core   0: 0x8000b3b0 (0x0117be33) sltu    t3, a5, a7
core   0: 3 0x8000b3b0 (0x0117be33) x28 0x00000000
core   0: 0x8000b3b4 (0x00008111) c.srli  a0, 4
core   0: 3 0x8000b3b4 (0x8111) x10 0x0ffffb4c
core   0: 0x8000b3b6 (0x00000685) c.addi  a3, 1
core   0: 3 0x8000b3b6 (0x0685) x13 0x0000000f
core   0: 0x8000b3b8 (0x00729893) slli    a7, t0, 7
core   0: 3 0x8000b3b8 (0x00729893) x17 0x00000000
core   0: 0x8000b3bc (0x02418bb3) mul     s7, gp, tp
core   0: 3 0x8000b3bc (0x02418bb3) x23 0x00000000
core   0: 0x8000b3c0 (0x00008d19) c.sub   a0, a4
core   0: 3 0x8000b3c0 (0x8d19) x10 0x0fffa5c0
core   0: 0x8000b3c2 (0x00400493) li      s1, 4
core   0: 3 0x8000b3c2 (0x00400493) x 9 0x00000004
core   0: 0x8000b3c6 (0x000085c6) c.mv    a1, a7
core   0: 3 0x8000b3c6 (0x85c6) x11 0x00000000
core   0: 0x8000b3c8 (0x00800413) li      s0, 8
core   0: 3 0x8000b3c8 (0x00800413) x 8 0x00000008
core   0: 0x8000b3cc (0x00009a7d) c.andi  a2, -1
core   0: 3 0x8000b3cc (0x9a7d) x12 0x00000000
core   0: 0x8000b3ce (0x028fe633) rem     a2, t6, s0
core   0: 3 0x8000b3ce (0x028fe633) x12 0x00000000
core   0: 0x8000b3d2 (0x012bcf33) xor     t5, s7, s2
core   0: 3 0x8000b3d2 (0x012bcf33) x30 0xfffffb79
core   0: 0x8000b3d6 (0x02b7a3b3) mulhsu  t2, a5, a1
core   0: 3 0x8000b3d6 (0x02b7a3b3) x 7 0x00000000
core   0: 0x8000b3da (0x00c51033) sll     zero, a0, a2
core   0: 3 0x8000b3da (0x00c51033)
core   0: 0x8000b3de (0x02efeb33) rem     s6, t6, a4
core   0: 3 0x8000b3de (0x02efeb33) x22 0x00000000
core   0: 0x8000b3e2 (0x00b7a5b3) slt     a1, a5, a1
core   0: 3 0x8000b3e2 (0x00b7a5b3) x11 0x00000000
core   0: 0x8000b3e6 (0x00000491) c.addi  s1, 4
core   0: 3 0x8000b3e6 (0x0491) x 9 0x00000008
core   0: 0x8000b3e8 (0xfe8497e3) bne     s1, s0, pc - 18
core   0: 3 0x8000b3e8 (0xfe8497e3)
core   0: 0x8000b3ec (0x3a052cb7) lui     s9, 0x3a052
core   0: 3 0x8000b3ec (0x3a052cb7) x25 0x3a052000
core   0: 0x8000b3f0 (0x035598b3) mulh    a7, a1, s5
core   0: 3 0x8000b3f0 (0x035598b3) x17 0x00000000
core   0: 0x8000b3f4 (0x93dcec93) ori     s9, s9, -1731
core   0: 3 0x8000b3f4 (0x93dcec93) x25 0xfffff93d
core   0: 0x8000b3f8 (0xfa6696e3) bne     a3, t1, pc - 84
core   0: 3 0x8000b3f8 (0xfa6696e3)
core   0: 0x8000b3a4 (0xbf4d6d93) ori     s11, s10, -1036
core   0: 3 0x8000b3a4 (0xbf4d6d93) x27 0xfffffff4
core   0: 0x8000b3a8 (0x02ea9fb3) mulh    t6, s5, a4
core   0: 3 0x8000b3a8 (0x02ea9fb3) x31 0x00000000
core   0: 0x8000b3ac (0x00072033) slt     zero, a4, zero
core   0: 3 0x8000b3ac (0x00072033)
core   0: 0x8000b3b0 (0x0117be33) sltu    t3, a5, a7
core   0: 3 0x8000b3b0 (0x0117be33) x28 0x00000000
core   0: 0x8000b3b4 (0x00008111) c.srli  a0, 4
core   0: 3 0x8000b3b4 (0x8111) x10 0x00fffa5c
core   0: 0x8000b3b6 (0x00000685) c.addi  a3, 1
core   0: 3 0x8000b3b6 (0x0685) x13 0x00000010
core   0: 0x8000b3b8 (0x00729893) slli    a7, t0, 7
core   0: 3 0x8000b3b8 (0x00729893) x17 0x00000000
core   0: 0x8000b3bc (0x02418bb3) mul     s7, gp, tp
core   0: 3 0x8000b3bc (0x02418bb3) x23 0x00000000
core   0: 0x8000b3c0 (0x00008d19) c.sub   a0, a4
core   0: 3 0x8000b3c0 (0x8d19) x10 0x00ffa4d0
core   0: 0x8000b3c2 (0x00400493) li      s1, 4
core   0: 3 0x8000b3c2 (0x00400493) x 9 0x00000004
core   0: 0x8000b3c6 (0x000085c6) c.mv    a1, a7
core   0: 3 0x8000b3c6 (0x85c6) x11 0x00000000
core   0: 0x8000b3c8 (0x00800413) li      s0, 8
core   0: 3 0x8000b3c8 (0x00800413) x 8 0x00000008
core   0: 0x8000b3cc (0x00009a7d) c.andi  a2, -1
core   0: 3 0x8000b3cc (0x9a7d) x12 0x00000000
core   0: 0x8000b3ce (0x028fe633) rem     a2, t6, s0
core   0: 3 0x8000b3ce (0x028fe633) x12 0x00000000
core   0: 0x8000b3d2 (0x012bcf33) xor     t5, s7, s2
core   0: 3 0x8000b3d2 (0x012bcf33) x30 0xfffffb79
core   0: 0x8000b3d6 (0x02b7a3b3) mulhsu  t2, a5, a1
core   0: 3 0x8000b3d6 (0x02b7a3b3) x 7 0x00000000
core   0: 0x8000b3da (0x00c51033) sll     zero, a0, a2
core   0: 3 0x8000b3da (0x00c51033)
core   0: 0x8000b3de (0x02efeb33) rem     s6, t6, a4
core   0: 3 0x8000b3de (0x02efeb33) x22 0x00000000
core   0: 0x8000b3e2 (0x00b7a5b3) slt     a1, a5, a1
core   0: 3 0x8000b3e2 (0x00b7a5b3) x11 0x00000000
core   0: 0x8000b3e6 (0x00000491) c.addi  s1, 4
core   0: 3 0x8000b3e6 (0x0491) x 9 0x00000008
core   0: 0x8000b3e8 (0xfe8497e3) bne     s1, s0, pc - 18
core   0: 3 0x8000b3e8 (0xfe8497e3)
core   0: 0x8000b3ec (0x3a052cb7) lui     s9, 0x3a052
core   0: 3 0x8000b3ec (0x3a052cb7) x25 0x3a052000
core   0: 0x8000b3f0 (0x035598b3) mulh    a7, a1, s5
core   0: 3 0x8000b3f0 (0x035598b3) x17 0x00000000
core   0: 0x8000b3f4 (0x93dcec93) ori     s9, s9, -1731
core   0: 3 0x8000b3f4 (0x93dcec93) x25 0xfffff93d
core   0: 0x8000b3f8 (0xfa6696e3) bne     a3, t1, pc - 84
core   0: 3 0x8000b3f8 (0xfa6696e3)
core   0: 0x8000b3a4 (0xbf4d6d93) ori     s11, s10, -1036
core   0: 3 0x8000b3a4 (0xbf4d6d93) x27 0xfffffff4
core   0: 0x8000b3a8 (0x02ea9fb3) mulh    t6, s5, a4
core   0: 3 0x8000b3a8 (0x02ea9fb3) x31 0x00000000
core   0: 0x8000b3ac (0x00072033) slt     zero, a4, zero
core   0: 3 0x8000b3ac (0x00072033)
core   0: 0x8000b3b0 (0x0117be33) sltu    t3, a5, a7
core   0: 3 0x8000b3b0 (0x0117be33) x28 0x00000000
core   0: 0x8000b3b4 (0x00008111) c.srli  a0, 4
core   0: 3 0x8000b3b4 (0x8111) x10 0x000ffa4d
core   0: 0x8000b3b6 (0x00000685) c.addi  a3, 1
core   0: 3 0x8000b3b6 (0x0685) x13 0x00000011
core   0: 0x8000b3b8 (0x00729893) slli    a7, t0, 7
core   0: 3 0x8000b3b8 (0x00729893) x17 0x00000000
core   0: 0x8000b3bc (0x02418bb3) mul     s7, gp, tp
core   0: 3 0x8000b3bc (0x02418bb3) x23 0x00000000
core   0: 0x8000b3c0 (0x00008d19) c.sub   a0, a4
core   0: 3 0x8000b3c0 (0x8d19) x10 0x000fa4c1
core   0: 0x8000b3c2 (0x00400493) li      s1, 4
core   0: 3 0x8000b3c2 (0x00400493) x 9 0x00000004
core   0: 0x8000b3c6 (0x000085c6) c.mv    a1, a7
core   0: 3 0x8000b3c6 (0x85c6) x11 0x00000000
core   0: 0x8000b3c8 (0x00800413) li      s0, 8
core   0: 3 0x8000b3c8 (0x00800413) x 8 0x00000008
core   0: 0x8000b3cc (0x00009a7d) c.andi  a2, -1
core   0: 3 0x8000b3cc (0x9a7d) x12 0x00000000
core   0: 0x8000b3ce (0x028fe633) rem     a2, t6, s0
core   0: 3 0x8000b3ce (0x028fe633) x12 0x00000000
core   0: 0x8000b3d2 (0x012bcf33) xor     t5, s7, s2
core   0: 3 0x8000b3d2 (0x012bcf33) x30 0xfffffb79
core   0: 0x8000b3d6 (0x02b7a3b3) mulhsu  t2, a5, a1
core   0: 3 0x8000b3d6 (0x02b7a3b3) x 7 0x00000000
core   0: 0x8000b3da (0x00c51033) sll     zero, a0, a2
core   0: 3 0x8000b3da (0x00c51033)
core   0: 0x8000b3de (0x02efeb33) rem     s6, t6, a4
core   0: 3 0x8000b3de (0x02efeb33) x22 0x00000000
core   0: 0x8000b3e2 (0x00b7a5b3) slt     a1, a5, a1
core   0: 3 0x8000b3e2 (0x00b7a5b3) x11 0x00000000
core   0: 0x8000b3e6 (0x00000491) c.addi  s1, 4
core   0: 3 0x8000b3e6 (0x0491) x 9 0x00000008
core   0: 0x8000b3e8 (0xfe8497e3) bne     s1, s0, pc - 18
core   0: 3 0x8000b3e8 (0xfe8497e3)
core   0: 0x8000b3ec (0x3a052cb7) lui     s9, 0x3a052
core   0: 3 0x8000b3ec (0x3a052cb7) x25 0x3a052000
core   0: 0x8000b3f0 (0x035598b3) mulh    a7, a1, s5
core   0: 3 0x8000b3f0 (0x035598b3) x17 0x00000000
core   0: 0x8000b3f4 (0x93dcec93) ori     s9, s9, -1731
core   0: 3 0x8000b3f4 (0x93dcec93) x25 0xfffff93d
core   0: 0x8000b3f8 (0xfa6696e3) bne     a3, t1, pc - 84
core   0: 3 0x8000b3f8 (0xfa6696e3)
core   0: 0x8000b3fc (0x0334f2b3) remu    t0, s1, s3
core   0: 3 0x8000b3fc (0x0334f2b3) x 5 0x00000002
core   0: 0x8000b400 (0x00ade8b3) or      a7, s11, a0
core   0: 3 0x8000b400 (0x00ade8b3) x17 0xfffffff5
core   0: 0x8000b404 (0x0584d163) bge     s1, s8, pc + 66
core   0: 3 0x8000b404 (0x0584d163)
core   0: 0x8000b408 (0x0221e2b3) rem     t0, gp, sp
core   0: 3 0x8000b408 (0x0221e2b3) x 5 0x0f996000
core   0: 0x8000b40c (0x00ec0333) add     t1, s8, a4
core   0: 3 0x8000b40c (0x00ec0333) x 6 0x0001a58c
core   0: 0x8000b410 (0x0362c033) div     zero, t0, s6
core   0: 3 0x8000b410 (0x0362c033)
core   0: 0x8000b414 (0x000001bd) c.addi  gp, 15
core   0: 3 0x8000b414 (0x01bd) x 3 0x0f99600f
core   0: 0x8000b416 (0x412a5293) srai    t0, s4, 18
core   0: 3 0x8000b416 (0x412a5293) x 5 0x00000000
core   0: 0x8000b41a (0x97960193) addi    gp, a2, -1671
core   0: 3 0x8000b41a (0x97960193) x 3 0xfffff979
core   0: 0x8000b41e (0x02edab33) mulhsu  s6, s11, a4
core   0: 3 0x8000b41e (0x02edab33) x22 0xffffffff
core   0: 0x8000b422 (0x014a7233) and     tp, s4, s4
core   0: 3 0x8000b422 (0x014a7233) x 4 0x00000000
core   0: 0x8000b426 (0x0395ddb3) divu    s11, a1, s9
core   0: 3 0x8000b426 (0x0395ddb3) x27 0x00000000
core   0: 0x8000b42a (0x00008612) c.mv    a2, tp
core   0: 3 0x8000b42a (0x8612) x12 0x00000000
core   0: 0x8000b42c (0x0000547d) c.li    s0, -1
core   0: 3 0x8000b42c (0x547d) x 8 0xffffffff
core   0: 0x8000b42e (0x00009e3e) c.add   t3, a5
core   0: 3 0x8000b42e (0x9e3e) x28 0x00000000
core   0: 0x8000b430 (0x00438a33) add     s4, t2, tp
core   0: 3 0x8000b430 (0x00438a33) x20 0x00000000
core   0: 0x8000b434 (0x00d70d63) beq     a4, a3, pc + 26
core   0: 3 0x8000b434 (0x00d70d63)
core   0: 0x8000b438 (0x00009afd) c.andi  a3, -1
core   0: 3 0x8000b438 (0x9afd) x13 0x00000011
core   0: 0x8000b43a (0x41a15233) sra     tp, sp, s10
core   0: 3 0x8000b43a (0x41a15233) x 4 0xf80026ce
core   0: 0x8000b43e (0x00008d99) c.sub   a1, a4
core   0: 3 0x8000b43e (0x8d99) x11 0xffffaa74
core   0: 0x8000b440 (0x0174b2b3) sltu    t0, s1, s7
core   0: 3 0x8000b440 (0x0174b2b3) x 5 0x00000000
core   0: 0x8000b444 (0x00000001) c.nop
core   0: 3 0x8000b444 (0x0001)
core   0: 0x8000b446 (0x05bf1063) bne     t5, s11, pc + 64
core   0: 3 0x8000b446 (0x05bf1063)
core   0: 0x8000b486 (0x5900c593) xori    a1, ra, 1424
core   0: 3 0x8000b486 (0x5900c593) x11 0x00000590
core   0: 0x8000b48a (0x01c25a93) srli    s5, tp, 28
core   0: 3 0x8000b48a (0x01c25a93) x21 0x0000000f
core   0: 0x8000b48e (0x00008f61) c.and   a4, s0
core   0: 3 0x8000b48e (0x8f61) x14 0x0000558c
core   0: 0x8000b490 (0x026f4c33) div     s8, t5, t1
core   0: 3 0x8000b490 (0x026f4c33) x24 0x00000000
core   0: 0x8000b494 (0x00008939) c.andi  a0, 14
core   0: 3 0x8000b494 (0x8939) x10 0x00000000
core   0: 0x8000b496 (0x030c89b3) mul     s3, s9, a6
core   0: 3 0x8000b496 (0x030c89b3) x19 0x00000000
core   0: 0x8000b49a (0x019fabb3) slt     s7, t6, s9
core   0: 3 0x8000b49a (0x019fabb3) x23 0x00000000
core   0: 0x8000b49e (0x0000eb1d) c.bnez  a4, pc + 54
core   0: 3 0x8000b49e (0xeb1d)
core   0: 0x8000b4d4 (0x00008cbd) c.xor   s1, a5
core   0: 3 0x8000b4d4 (0x8cbd) x 9 0x00000008
core   0: 0x8000b4d6 (0x00008ecd) c.or    a3, a1
core   0: 3 0x8000b4d6 (0x8ecd) x13 0x00000591
core   0: 0x8000b4d8 (0x00000876) c.slli  a6, 29
core   0: 3 0x8000b4d8 (0x0876) x16 0x00000000
core   0: 0x8000b4da (0x00700593) li      a1, 7
core   0: 3 0x8000b4da (0x00700593) x11 0x00000007
core   0: 0x8000b4de (0x000284b3) add     s1, t0, zero
core   0: 3 0x8000b4de (0x000284b3) x 9 0x00000000
core   0: 0x8000b4e2 (0x01400513) li      a0, 20
core   0: 3 0x8000b4e2 (0x01400513) x10 0x00000014
core   0: 0x8000b4e6 (0x006948b3) xor     a7, s2, t1
core   0: 3 0x8000b4e6 (0x006948b3) x17 0xfffe5ef5
core   0: 0x8000b4ea (0x0000071a) c.slli  a4, 6
core   0: 3 0x8000b4ea (0x071a) x14 0x00156300
core   0: 0x8000b4ec (0x0036bbb3) sltu    s7, a3, gp
core   0: 3 0x8000b4ec (0x0036bbb3) x23 0x00000001
core   0: 0x8000b4f0 (0x020bebb3) rem     s7, s7, zero
core   0: 3 0x8000b4f0 (0x020bebb3) x23 0x00000001
core   0: 0x8000b4f4 (0xc6b84c37) lui     s8, 0xc6b84
core   0: 3 0x8000b4f4 (0xc6b84c37) x24 0xc6b84000
core   0: 0x8000b4f8 (0x0349c433) div     s0, s3, s4
core   0: 3 0x8000b4f8 (0x0349c433) x 8 0xffffffff
core   0: 0x8000b4fc (0x023f9ab3) mulh    s5, t6, gp
core   0: 3 0x8000b4fc (0x023f9ab3) x21 0x00000000
core   0: 0x8000b500 (0x0188a2b3) slt     t0, a7, s8
core   0: 3 0x8000b500 (0x0188a2b3) x 5 0x00000000
core   0: 0x8000b504 (0x92fe7c93) andi    s9, t3, -1745
core   0: 3 0x8000b504 (0x92fe7c93) x25 0x00000000
core   0: 0x8000b508 (0xcd682a93) slti    s5, a6, -810
core   0: 3 0x8000b508 (0xcd682a93) x21 0x00000000
core   0: 0x8000b50c (0x02eabbb3) mulhu   s7, s5, a4
core   0: 3 0x8000b50c (0x02eabbb3) x23 0x00000000
core   0: 0x8000b510 (0x000005a9) c.addi  a1, 10
core   0: 3 0x8000b510 (0x05a9) x11 0x00000011
core   0: 0x8000b512 (0x021bc433) div     s0, s7, ra
core   0: 3 0x8000b512 (0x021bc433) x 8 0xffffffff
core   0: 0x8000b516 (0x0ff0000f) fence   iorw,iorw
core   0: 3 0x8000b516 (0x0ff0000f)
core   0: 0x8000b51a (0x40ab02b3) sub     t0, s6, a0
core   0: 3 0x8000b51a (0x40ab02b3) x 5 0xffffffeb
core   0: 0x8000b51e (0x00008ea9) c.xor   a3, a0
core   0: 3 0x8000b51e (0x8ea9) x13 0x00000585
core   0: 0x8000b520 (0x00008ec1) c.or    a3, s0
core   0: 3 0x8000b520 (0x8ec1) x13 0xffffffff
core   0: 0x8000b522 (0x0227b233) mulhu   tp, a5, sp
core   0: 3 0x8000b522 (0x0227b233) x 4 0x00000000
core   0: 0x8000b526 (0x00008ca1) c.xor   s1, s0
core   0: 3 0x8000b526 (0x8ca1) x 9 0xffffffff
core   0: 0x8000b528 (0x0235afb3) mulhsu  t6, a1, gp
core   0: 3 0x8000b528 (0x0235afb3) x31 0x00000010
core   0: 0x8000b52c (0x01ae76b3) and     a3, t3, s10
core   0: 3 0x8000b52c (0x01ae76b3) x13 0x00000000
core   0: 0x8000b530 (0x03429eb3) mulh    t4, t0, s4
core   0: 3 0x8000b530 (0x03429eb3) x29 0x00000000
core   0: 0x8000b534 (0x00000001) c.nop
core   0: 3 0x8000b534 (0x0001)
core   0: 0x8000b536 (0xfca5c9e3) blt     a1, a0, pc - 46
core   0: 3 0x8000b536 (0xfca5c9e3)
core   0: 0x8000b508 (0xcd682a93) slti    s5, a6, -810
core   0: 3 0x8000b508 (0xcd682a93) x21 0x00000000
core   0: 0x8000b50c (0x02eabbb3) mulhu   s7, s5, a4
core   0: 3 0x8000b50c (0x02eabbb3) x23 0x00000000
core   0: 0x8000b510 (0x000005a9) c.addi  a1, 10
core   0: 3 0x8000b510 (0x05a9) x11 0x0000001b
core   0: 0x8000b512 (0x021bc433) div     s0, s7, ra
core   0: 3 0x8000b512 (0x021bc433) x 8 0xffffffff
core   0: 0x8000b516 (0x0ff0000f) fence   iorw,iorw
core   0: 3 0x8000b516 (0x0ff0000f)
core   0: 0x8000b51a (0x40ab02b3) sub     t0, s6, a0
core   0: 3 0x8000b51a (0x40ab02b3) x 5 0xffffffeb
core   0: 0x8000b51e (0x00008ea9) c.xor   a3, a0
core   0: 3 0x8000b51e (0x8ea9) x13 0x00000014
core   0: 0x8000b520 (0x00008ec1) c.or    a3, s0
core   0: 3 0x8000b520 (0x8ec1) x13 0xffffffff
core   0: 0x8000b522 (0x0227b233) mulhu   tp, a5, sp
core   0: 3 0x8000b522 (0x0227b233) x 4 0x00000000
core   0: 0x8000b526 (0x00008ca1) c.xor   s1, s0
core   0: 3 0x8000b526 (0x8ca1) x 9 0x00000000
core   0: 0x8000b528 (0x0235afb3) mulhsu  t6, a1, gp
core   0: 3 0x8000b528 (0x0235afb3) x31 0x0000001a
core   0: 0x8000b52c (0x01ae76b3) and     a3, t3, s10
core   0: 3 0x8000b52c (0x01ae76b3) x13 0x00000000
core   0: 0x8000b530 (0x03429eb3) mulh    t4, t0, s4
core   0: 3 0x8000b530 (0x03429eb3) x29 0x00000000
core   0: 0x8000b534 (0x00000001) c.nop
core   0: 3 0x8000b534 (0x0001)
core   0: 0x8000b536 (0xfca5c9e3) blt     a1, a0, pc - 46
core   0: 3 0x8000b536 (0xfca5c9e3)
core   0: 0x8000b53a (0x0264a0b3) mulhsu  ra, s1, t1
core   0: 3 0x8000b53a (0x0264a0b3) x 1 0x00000000
core   0: 0x8000b53e (0xb049af13) slti    t5, s3, -1276
core   0: 3 0x8000b53e (0xb049af13) x30 0x00000000
core   0: 0x8000b542 (0x01fd8863) beq     s11, t6, pc + 16
core   0: 3 0x8000b542 (0x01fd8863)
core   0: 0x8000b546 (0x01e41993) slli    s3, s0, 30
core   0: 3 0x8000b546 (0x01e41993) x19 0xc0000000
core   0: 0x8000b54a (0x03ae6233) rem     tp, t3, s10
core   0: 3 0x8000b54a (0x03ae6233) x 4 0x00000000
core   0: 0x8000b54e (0x030f0fb3) mul     t6, t5, a6
core   0: 3 0x8000b54e (0x030f0fb3) x31 0x00000000
core   0: 0x8000b552 (0x00e4d913) srli    s2, s1, 14
core   0: 3 0x8000b552 (0x00e4d913) x18 0x00000000
core   0: 0x8000b556 (0x00008e11) c.sub   a2, a2
core   0: 3 0x8000b556 (0x8e11) x12 0x00000000
core   0: 0x8000b558 (0x0ff0000f) fence   iorw,iorw
core   0: 3 0x8000b558 (0x0ff0000f)
core   0: 0x8000b55c (0x01119933) sll     s2, gp, a7
core   0: 3 0x8000b55c (0x01119933) x18 0x2f200000
core   0: 0x8000b560 (0x00000001) c.nop
core   0: 3 0x8000b560 (0x0001)
core   0: 0x8000b562 (0x00008b76) c.mv    s6, t4
core   0: 3 0x8000b562 (0x8b76) x22 0x00000000
core   0: 0x8000b564 (0x00559c13) slli    s8, a1, 5
core   0: 3 0x8000b564 (0x00559c13) x24 0x00000360
core   0: 0x8000b568 (0x009488b3) add     a7, s1, s1
core   0: 3 0x8000b568 (0x009488b3) x17 0x00000000
core   0: 0x8000b56c (0x00b99fb3) sll     t6, s3, a1
core   0: 3 0x8000b56c (0x00b99fb3) x31 0x00000000
core   0: 0x8000b570 (0xe8bdbb13) sltiu   s6, s11, -373
core   0: 3 0x8000b570 (0xe8bdbb13) x22 0x00000001
core   0: 0x8000b574 (0x00000001) c.nop
core   0: 3 0x8000b574 (0x0001)
core   0: 0x8000b576 (0x00008c1d) c.sub   s0, a5
core   0: 3 0x8000b576 (0x8c1d) x 8 0xffffffff
core   0: 0x8000b578 (0x8353cc13) xori    s8, t2, -1995
core   0: 3 0x8000b578 (0x8353cc13) x24 0xfffff835
core   0: 0x8000b57c (0x02161533) mulh    a0, a2, ra
core   0: 3 0x8000b57c (0x02161533) x10 0x00000000
core   0: 0x8000b580 (0x0ff0000f) fence   iorw,iorw
core   0: 3 0x8000b580 (0x0ff0000f)
core   0: 0x8000b584 (0x0194b8b3) sltu    a7, s1, s9
core   0: 3 0x8000b584 (0x0194b8b3) x17 0x00000000
core   0: 0x8000b588 (0x41060233) sub     tp, a2, a6
core   0: 3 0x8000b588 (0x41060233) x 4 0x00000000
core   0: 0x8000b58c (0x378c0893) addi    a7, s8, 888
core   0: 3 0x8000b58c (0x378c0893) x17 0xfffffbad
core   0: 0x8000b590 (0x0000c895) c.beqz  s1, pc + 52
core   0: 3 0x8000b590 (0xc895)
core   0: 0x8000b5c4 (0x00008df9) c.and   a1, a4
core   0: 3 0x8000b5c4 (0x8df9) x11 0x00000000
core   0: 0x8000b5c6 (0x0413d063) bge     t2, ra, pc + 64
core   0: 3 0x8000b5c6 (0x0413d063)
core   0: 0x8000b606 (0x00000001) c.nop
core   0: 3 0x8000b606 (0x0001)
core   0: 0x8000b608 (0x02c8a5b3) mulhsu  a1, a7, a2
core   0: 3 0x8000b608 (0x02c8a5b3) x11 0x00000000
core   0: 0x8000b60c (0x02e3aab3) mulhsu  s5, t2, a4
core   0: 3 0x8000b60c (0x02e3aab3) x21 0x00000000
core   0: 0x8000b610 (0x02198d63) beq     s3, ra, pc + 58
core   0: 3 0x8000b610 (0x02198d63)
core   0: 0x8000b614 (0x8fec8893) addi    a7, s9, -1794
core   0: 3 0x8000b614 (0x8fec8893) x17 0xfffff8fe
core   0: 0x8000b618 (0x0000943e) c.add   s0, a5
core   0: 3 0x8000b618 (0x943e) x 8 0xffffffff
core   0: 0x8000b61a (0x03054063) blt     a0, a6, pc + 32
core   0: 3 0x8000b61a (0x03054063)
core   0: 0x8000b61e (0x0000100f) fence.i
core   0: 3 0x8000b61e (0x0000100f)
core   0: 0x8000b622 (0x02f16933) rem     s2, sp, a5
core   0: 3 0x8000b622 (0x02f16933) x18 0x80026ce4
core   0: 0x8000b626 (0x0275c863) blt     a1, t2, pc + 48
core   0: 3 0x8000b626 (0x0275c863)
core   0: 0x8000b62a (0x0000100f) fence.i
core   0: 3 0x8000b62a (0x0000100f)
core   0: 0x8000b62e (0x00000001) c.nop
core   0: 3 0x8000b62e (0x0001)
core   0: 0x8000b630 (0x41bf5b93) srai    s7, t5, 27
core   0: 3 0x8000b630 (0x41bf5b93) x23 0x00000000
core   0: 0x8000b634 (0x00006f95) c.lui   t6, 0x5
core   0: 3 0x8000b634 (0x6f95) x31 0x00005000
core   0: 0x8000b636 (0x9e25ce13) xori    t3, a1, -1566
core   0: 3 0x8000b636 (0x9e25ce13) x28 0xfffff9e2
core   0: 0x8000b63a (0x03f11c63) bne     sp, t6, pc + 56
core   0: 3 0x8000b63a (0x03f11c63)
core   0: 0x8000b672 (0x00195d63) bge     s2, ra, pc + 26
core   0: 3 0x8000b672 (0x00195d63)
core   0: 0x8000b676 (0x02e205b3) mul     a1, tp, a4
core   0: 3 0x8000b676 (0x02e205b3) x11 0x00000000
core   0: 0x8000b67a (0x013410b3) sll     ra, s0, s3
core   0: 3 0x8000b67a (0x013410b3) x 1 0xffffffff
core   0: 0x8000b67e (0x00008de1) c.and   a1, s0
core   0: 3 0x8000b67e (0x8de1) x11 0x00000000
core   0: 0x8000b680 (0x01936db3) or      s11, t1, s9
core   0: 3 0x8000b680 (0x01936db3) x27 0x0001a58c
core   0: 0x8000b684 (0x00008d79) c.and   a0, a4
core   0: 3 0x8000b684 (0x8d79) x10 0x00000000
core   0: 0x8000b686 (0xe7e89237) lui     tp, 0xe7e89
core   0: 3 0x8000b686 (0xe7e89237) x 4 0xe7e89000
core   0: 0x8000b68a (0x00000001) c.nop
core   0: 3 0x8000b68a (0x0001)
core   0: 0x8000b68c (0xde176917) auipc   s2, 0xde176
core   0: 3 0x8000b68c (0xde176917) x18 0x5e18168c
core   0: 0x8000b690 (0x03e3f833) remu    a6, t2, t5
core   0: 3 0x8000b690 (0x03e3f833) x16 0x00000000
core   0: 0x8000b694 (0x00008ea9) c.xor   a3, a0
core   0: 3 0x8000b694 (0x8ea9) x13 0x00000000
core   0: 0x8000b696 (0x68d3f213) andi    tp, t2, 1677
core   0: 3 0x8000b696 (0x68d3f213) x 4 0x00000000
core   0: 0x8000b69a (0x011b9613) slli    a2, s7, 17
core   0: 3 0x8000b69a (0x011b9613) x12 0x00000000
core   0: 0x8000b69e (0x00008cb9) c.xor   s1, a4
core   0: 3 0x8000b69e (0x8cb9) x 9 0x00156300
core   0: 0x8000b6a0 (0x00b9d433) srl     s0, s3, a1
core   0: 3 0x8000b6a0 (0x00b9d433) x 8 0xc0000000
core   0: 0x8000b6a4 (0x410fd2b3) sra     t0, t6, a6
core   0: 3 0x8000b6a4 (0x410fd2b3) x 5 0x00005000
core   0: 0x8000b6a8 (0x0000c515) c.beqz  a0, pc + 44
core   0: 3 0x8000b6a8 (0xc515)
core   0: 0x8000b6d4 (0x031594b3) mulh    s1, a1, a7
core   0: 3 0x8000b6d4 (0x031594b3) x 9 0x00000000
core   0: 0x8000b6d8 (0x015783b3) add     t2, a5, s5
core   0: 3 0x8000b6d8 (0x015783b3) x 7 0x00000000
core   0: 0x8000b6dc (0x01d73033) sltu    zero, a4, t4
core   0: 3 0x8000b6dc (0x01d73033)
core   0: 0x8000b6e0 (0x0000100f) fence.i
core   0: 3 0x8000b6e0 (0x0000100f)
core   0: 0x8000b6e4 (0x0000ca15) c.beqz  a2, pc + 52
core   0: 3 0x8000b6e4 (0xca15)
core   0: 0x8000b718 (0x00008c49) c.or    s0, a0
core   0: 3 0x8000b718 (0x8c49) x 8 0xc0000000
core   0: 0x8000b71a (0x0391c8b3) div     a7, gp, s9
core   0: 3 0x8000b71a (0x0391c8b3) x17 0xffffffff
core   0: 0x8000b71e (0x0000896a) c.mv    s2, s10
core   0: 3 0x8000b71e (0x896a) x18 0x80022e04
core   0: 0x8000b720 (0x00008c65) c.and   s0, s1
core   0: 3 0x8000b720 (0x8c65) x 8 0x00000000
core   0: 0x8000b722 (0x05f75063) bge     a4, t6, pc + 64
core   0: 3 0x8000b722 (0x05f75063)
core   0: 0x8000b762 (0xeb8fd897) auipc   a7, 0xeb8fd
core   0: 3 0x8000b762 (0xeb8fd897) x17 0x6b908762
core   0: 0x8000b766 (0x0000680d) c.lui   a6, 0x3
core   0: 3 0x8000b766 (0x680d) x16 0x00003000
core   0: 0x8000b768 (0x0ff0000f) fence   iorw,iorw
core   0: 3 0x8000b768 (0x0ff0000f)
core   0: 0x8000b76c (0x4147d933) sra     s2, a5, s4
core   0: 3 0x8000b76c (0x4147d933) x18 0x00000000
core   0: 0x8000b770 (0x0000e091) c.bnez  s1, pc + 4
core   0: 3 0x8000b770 (0xe091)
core   0: 0x8000b772 (0x00008d99) c.sub   a1, a4
core   0: 3 0x8000b772 (0x8d99) x11 0xffea9d00
core   0: 0x8000b774 (0x05a1e463) bltu    gp, s10, pc + 72
core   0: 3 0x8000b774 (0x05a1e463)
core   0: 0x8000b778 (0x02cf1f63) bne     t5, a2, pc + 62
core   0: 3 0x8000b778 (0x02cf1f63)
core   0: 0x8000b77c (0x02d8a533) mulhsu  a0, a7, a3
core   0: 3 0x8000b77c (0x02d8a533) x10 0x00000000
core   0: 0x8000b780 (0xee223a13) sltiu   s4, tp, -286
core   0: 3 0x8000b780 (0xee223a13) x20 0x00000001
core   0: 0x8000b784 (0x00000001) c.nop
core   0: 3 0x8000b784 (0x0001)
core   0: 0x8000b786 (0x01308663) beq     ra, s3, pc + 12
core   0: 3 0x8000b786 (0x01308663)
core   0: 0x8000b78a (0x03018033) mul     zero, gp, a6
core   0: 3 0x8000b78a (0x03018033)
core   0: 0x8000b78e (0x011e1c33) sll     s8, t3, a7
core   0: 3 0x8000b78e (0x011e1c33) x24 0xffffe788
core   0: 0x8000b792 (0x0000c229) c.beqz  a2, pc + 66
core   0: 3 0x8000b792 (0xc229)
core   0: 0x8000b7d4 (0x00008f79) c.and   a4, a4
core   0: 3 0x8000b7d4 (0x8f79) x14 0x00156300
core   0: 0x8000b7d6 (0x005493b3) sll     t2, s1, t0
core   0: 3 0x8000b7d6 (0x005493b3) x 7 0x00000000
core   0: 0x8000b7da (0xaf8cec13) ori     s8, s9, -1288
core   0: 3 0x8000b7da (0xaf8cec13) x24 0xfffffaf8
core   0: 0x8000b7de (0x01bb4333) xor     t1, s6, s11
core   0: 3 0x8000b7de (0x01bb4333) x 6 0x0001a58d
core   0: 0x8000b7e2 (0x0186df33) srl     t5, a3, s8
core   0: 3 0x8000b7e2 (0x0186df33) x30 0x00000000
core   0: 0x8000b7e6 (0x00d95313) srli    t1, s2, 13
core   0: 3 0x8000b7e6 (0x00d95313) x 6 0x00000000
core   0: 0x8000b7ea (0x00008d8d) c.sub   a1, a1
core   0: 3 0x8000b7ea (0x8d8d) x11 0x00000000
core   0: 0x8000b7ec (0x009e1763) bne     t3, s1, pc + 14
core   0: 3 0x8000b7ec (0x009e1763)
core   0: 0x8000b7fa (0x00008ef6) c.mv    t4, t4
core   0: 3 0x8000b7fa (0x8ef6) x29 0x00000000
core   0: 0x8000b7fc (0x402551b3) sra     gp, a0, sp
core   0: 3 0x8000b7fc (0x402551b3) x 3 0x00000000
core   0: 0x8000b800 (0x00000001) c.nop
core   0: 3 0x8000b800 (0x0001)
core   0: 0x8000b802 (0x7cc78c13) addi    s8, a5, 1996
core   0: 3 0x8000b802 (0x7cc78c13) x24 0x000007cc
core   0: 0x8000b806 (0x01ee1333) sll     t1, t3, t5
core   0: 3 0x8000b806 (0x01ee1333) x 6 0xfffff9e2
core   0: 0x8000b80a (0x0398d0b3) divu    ra, a7, s9
core   0: 3 0x8000b80a (0x0398d0b3) x 1 0xffffffff
core   0: 0x8000b80e (0x03b50933) mul     s2, a0, s11
core   0: 3 0x8000b80e (0x03b50933) x18 0x00000000
core   0: 0x8000b812 (0x00008df1) c.and   a1, a2
core   0: 3 0x8000b812 (0x8df1) x11 0x00000000
core   0: 0x8000b814 (0x40725c13) srai    s8, tp, 7
core   0: 3 0x8000b814 (0x40725c13) x24 0x00000000
core   0: 0x8000b818 (0xb1742197) auipc   gp, 0xb1742
core   0: 3 0x8000b818 (0xb1742197) x 3 0x3174d818
core   0: 0x8000b81c (0x01569233) sll     tp, a3, s5
core   0: 3 0x8000b81c (0x01569233) x 4 0x00000000
core   0: 0x8000b820 (0x0ff0000f) fence   iorw,iorw
core   0: 3 0x8000b820 (0x0ff0000f)
core   0: 0x8000b824 (0x02074d63) bltz    a4, pc + 58
core   0: 3 0x8000b824 (0x02074d63)
core   0: 0x8000b828 (0x9a32fa93) andi    s5, t0, -1629
core   0: 3 0x8000b828 (0x9a32fa93) x21 0x00005000
core   0: 0x8000b82c (0x02575633) divu    a2, a4, t0
core   0: 3 0x8000b82c (0x02575633) x12 0x00000044
core   0: 0x8000b830 (0x41d6df93) srai    t6, a3, 29
core   0: 3 0x8000b830 (0x41d6df93) x31 0x00000000
core   0: 0x8000b834 (0xb33bc893) xori    a7, s7, -1229
core   0: 3 0x8000b834 (0xb33bc893) x17 0xfffffb33
core   0: 0x8000b838 (0x03a25e33) divu    t3, tp, s10
core   0: 3 0x8000b838 (0x03a25e33) x28 0x00000000
core   0: 0x8000b83c (0xa3313ab7) lui     s5, 0xa3313
core   0: 3 0x8000b83c (0xa3313ab7) x21 0xa3313000
core   0: 0x8000b840 (0x13647a93) andi    s5, s0, 310
core   0: 3 0x8000b840 (0x13647a93) x21 0x00000000
core   0: 0x8000b844 (0x00008d89) c.sub   a1, a0
core   0: 3 0x8000b844 (0x8d89) x11 0x00000000
core   0: 0x8000b846 (0x00008c4d) c.or    s0, a1
core   0: 3 0x8000b846 (0x8c4d) x 8 0x00000000
core   0: 0x8000b848 (0x03bc6463) bltu    s8, s11, pc + 40
core   0: 3 0x8000b848 (0x03bc6463)
core   0: 0x8000b870 (0x0000eb1d) c.bnez  a4, pc + 54
core   0: 3 0x8000b870 (0xeb1d)
core   0: 0x8000b8a6 (0xb8013493) sltiu   s1, sp, -1152
core   0: 3 0x8000b8a6 (0xb8013493) x 9 0x00000001
core   0: 0x8000b8aa (0x3b7be693) ori     a3, s7, 951
core   0: 3 0x8000b8aa (0x3b7be693) x13 0x000003b7
core   0: 0x8000b8ae (0x03045f63) bge     s0, a6, pc + 62
core   0: 3 0x8000b8ae (0x03045f63)
core   0: 0x8000b8b2 (0x00005e7d) c.li    t3, -1
core   0: 3 0x8000b8b2 (0x5e7d) x28 0xffffffff
core   0: 0x8000b8b4 (0x0000927a) c.add   tp, t5
core   0: 3 0x8000b8b4 (0x927a) x 4 0x00000000
core   0: 0x8000b8b6 (0x02f36633) rem     a2, t1, a5
core   0: 3 0x8000b8b6 (0x02f36633) x12 0xfffff9e2
core   0: 0x8000b8ba (0x0000893e) c.mv    s2, a5
core   0: 3 0x8000b8ba (0x893e) x18 0x00000000
core   0: 0x8000b8bc (0x02451263) bne     a0, tp, pc + 36
core   0: 3 0x8000b8bc (0x02451263)
core   0: 0x8000b8c0 (0x0000987d) c.andi  s0, -1
core   0: 3 0x8000b8c0 (0x987d) x 8 0x00000000
core   0: 0x8000b8c2 (0x0b61d197) auipc   gp, 0xb61d
core   0: 3 0x8000b8c2 (0x0b61d197) x 3 0x8b6288c2
core   0: 0x8000b8c6 (0x0000c0a1) c.beqz  s1, pc + 64
core   0: 3 0x8000b8c6 (0xc0a1)
core   0: 0x8000b8c8 (0x938b4f37) lui     t5, 0x938b4
core   0: 3 0x8000b8c8 (0x938b4f37) x30 0x938b4000
core   0: 0x8000b8cc (0x1327ba13) sltiu   s4, a5, 306
core   0: 3 0x8000b8cc (0x1327ba13) x20 0x00000001
core   0: 0x8000b8d0 (0x0794e413) ori     s0, s1, 121
core   0: 3 0x8000b8d0 (0x0794e413) x 8 0x00000079
core   0: 0x8000b8d4 (0x2138e693) ori     a3, a7, 531
core   0: 3 0x8000b8d4 (0x2138e693) x13 0xfffffb33
core   0: 0x8000b8d8 (0x27b0a5b7) lui     a1, 0x27b0a
core   0: 3 0x8000b8d8 (0x27b0a5b7) x11 0x27b0a000
core   0: 0x8000b8dc (0x00005afd) c.li    s5, -1
core   0: 3 0x8000b8dc (0x5afd) x21 0xffffffff
core   0: 0x8000b8de (0x00008d31) c.xor   a0, a2
core   0: 3 0x8000b8de (0x8d31) x10 0xfffff9e2
core   0: 0x8000b8e0 (0x03e4d3b3) divu    t2, s1, t5
core   0: 3 0x8000b8e0 (0x03e4d3b3) x 7 0x00000000
core   0: 0x8000b8e4 (0xf279bc97) auipc   s9, 0xf279b
core   0: 3 0x8000b8e4 (0xf279bc97) x25 0x727a68e4
core   0: 0x8000b8e8 (0x0000ea01) c.bnez  a2, pc + 16
core   0: 3 0x8000b8e8 (0xea01)
core   0: 0x8000b8f8 (0x00d51533) sll     a0, a0, a3
core   0: 3 0x8000b8f8 (0x00d51533) x10 0xcf100000
core   0: 0x8000b8fc (0x018f5633) srl     a2, t5, s8
core   0: 3 0x8000b8fc (0x018f5633) x12 0x938b4000
core   0: 0x8000b900 (0x0000100f) fence.i
core   0: 3 0x8000b900 (0x0000100f)
core   0: 0x8000b904 (0x00000272) c.slli  tp, 28
core   0: 3 0x8000b904 (0x0272) x 4 0x00000000
core   0: 0x8000b906 (0x019185b3) add     a1, gp, s9
core   0: 3 0x8000b906 (0x019185b3) x11 0xfddcf1a6
core   0: 0x8000b90a (0x02ccbc33) mulhu   s8, s9, a2
core   0: 3 0x8000b90a (0x02ccbc33) x24 0x41fa8f50
core   0: 0x8000b90e (0x0059be33) sltu    t3, s3, t0
core   0: 3 0x8000b90e (0x0059be33) x28 0x00000000
core   0: 0x8000b912 (0x405a5913) srai    s2, s4, 5
core   0: 3 0x8000b912 (0x405a5913) x18 0x00000000
core   0: 0x8000b916 (0x40e75bb3) sra     s7, a4, a4
core   0: 3 0x8000b916 (0x40e75bb3) x23 0x00156300
core   0: 0x8000b91a (0x03328533) mul     a0, t0, s3
core   0: 3 0x8000b91a (0x03328533) x10 0x00000000
core   0: 0x8000b91e (0x00d2eb33) or      s6, t0, a3
core   0: 3 0x8000b91e (0x00d2eb33) x22 0xfffffb33
core   0: 0x8000b922 (0x00f7d333) srl     t1, a5, a5
core   0: 3 0x8000b922 (0x00f7d333) x 6 0x00000000
core   0: 0x8000b926 (0x00008e62) c.mv    t3, s8
core   0: 3 0x8000b926 (0x8e62) x28 0x41fa8f50
core   0: 0x8000b928 (0x05809163) bne     ra, s8, pc + 66
core   0: 3 0x8000b928 (0x05809163)
core   0: 0x8000b96a (0x4cb0ff13) andi    t5, ra, 1227
core   0: 3 0x8000b96a (0x4cb0ff13) x30 0x000004cb
core   0: 0x8000b96e (0x02b61e63) bne     a2, a1, pc + 60
core   0: 3 0x8000b96e (0x02b61e63)
core   0: 0x8000b9aa (0x82230913) addi    s2, t1, -2014
core   0: 3 0x8000b9aa (0x82230913) x18 0xfffff822
core   0: 0x8000b9ae (0x096ca013) slti    zero, s9, 150
core   0: 3 0x8000b9ae (0x096ca013)
core   0: 0x8000b9b2 (0x0ff0000f) fence   iorw,iorw
core   0: 3 0x8000b9b2 (0x0ff0000f)
core   0: 0x8000b9b6 (0xa772f913) andi    s2, t0, -1417
core   0: 3 0x8000b9b6 (0xa772f913) x18 0x00005000
core   0: 0x8000b9ba (0x40915593) srai    a1, sp, 9
core   0: 3 0x8000b9ba (0x40915593) x11 0xffc00136
core   0: 0x8000b9be (0x003a5c93) srli    s9, s4, 3
core   0: 3 0x8000b9be (0x003a5c93) x25 0x00000000
core   0: 0x8000b9c2 (0xc8780b93) addi    s7, a6, -889
core   0: 3 0x8000b9c2 (0xc8780b93) x23 0x00002c87
core   0: 0x8000b9c6 (0x01d9ebb3) or      s7, s3, t4
core   0: 3 0x8000b9c6 (0x01d9ebb3) x23 0xc0000000
core   0: 0x8000b9ca (0x00000ac5) c.addi  s5, 17
core   0: 3 0x8000b9ca (0x0ac5) x21 0x00000010
core   0: 0x8000b9cc (0x41f3db93) srai    s7, t2, 31
core   0: 3 0x8000b9cc (0x41f3db93) x23 0x00000000
core   0: 0x8000b9d0 (0x17396e97) auipc   t4, 0x17396
core   0: 3 0x8000b9d0 (0x17396e97) x29 0x973a19d0
core   0: 0x8000b9d4 (0x407f0db3) sub     s11, t5, t2
core   0: 3 0x8000b9d4 (0x407f0db3) x27 0x000004cb
core   0: 0x8000b9d8 (0x03c748b3) div     a7, a4, t3
core   0: 3 0x8000b9d8 (0x03c748b3) x17 0x00000000
core   0: 0x8000b9dc (0x000084aa) c.mv    s1, a0
core   0: 3 0x8000b9dc (0x84aa) x 9 0x00000000
core   0: 0x8000b9de (0x4194d1b3) sra     gp, s1, s9
core   0: 3 0x8000b9de (0x4194d1b3) x 3 0x00000000
core   0: 0x8000b9e2 (0x00008dcd) c.or    a1, a1
core   0: 3 0x8000b9e2 (0x8dcd) x11 0xffc00136
core   0: 0x8000b9e4 (0x000002b9) c.addi  t0, 14
core   0: 3 0x8000b9e4 (0x02b9) x 5 0x0000500e
core   0: 0x8000b9e6 (0x91988213) addi    tp, a7, -1767
core   0: 3 0x8000b9e6 (0x91988213) x 4 0xfffff919
core   0: 0x8000b9ea (0x00008e51) c.or    a2, a2
core   0: 3 0x8000b9ea (0x8e51) x12 0x938b4000
core   0: 0x8000b9ec (0x000080f1) c.srli  s1, 28
core   0: 3 0x8000b9ec (0x80f1) x 9 0x00000000
core   0: 0x8000b9ee (0xe9d93e97) auipc   t4, 0xe9d93
core   0: 3 0x8000b9ee (0xe9d93e97) x29 0x69d9e9ee
core   0: 0x8000b9f2 (0x005fb533) sltu    a0, t6, t0
core   0: 3 0x8000b9f2 (0x005fb533) x10 0x00000001
core   0: 0x8000b9f6 (0x01eadf33) srl     t5, s5, t5
core   0: 3 0x8000b9f6 (0x01eadf33) x30 0x00000000
core   0: 0x8000b9fa (0x03aa8963) beq     s5, s10, pc + 50
core   0: 3 0x8000b9fa (0x03aa8963)
core   0: 0x8000b9fe (0x00004409) c.li    s0, 2
core   0: 3 0x8000b9fe (0x4409) x 8 0x00000002
core   0: 0x8000ba00 (0x006eca63) blt     t4, t1, pc + 20
core   0: 3 0x8000ba00 (0x006eca63)
core   0: 0x8000ba04 (0x01c21f33) sll     t5, tp, t3
core   0: 3 0x8000ba04 (0x01c21f33) x30 0xf9190000
core   0: 0x8000ba08 (0x00a9da13) srli    s4, s3, 10
core   0: 3 0x8000ba08 (0x00a9da13) x20 0x00300000
core   0: 0x8000ba0c (0x0000927e) c.add   tp, t6
core   0: 3 0x8000ba0c (0x927e) x 4 0xfffff919
core   0: 0x8000ba0e (0x01fd9663) bne     s11, t6, pc + 12
core   0: 3 0x8000ba0e (0x01fd9663)
core   0: 0x8000ba1a (0x00db7933) and     s2, s6, a3
core   0: 3 0x8000ba1a (0x00db7933) x18 0xfffffb33
core   0: 0x8000ba1e (0x0000100f) fence.i
core   0: 3 0x8000ba1e (0x0000100f)
core   0: 0x8000ba22 (0x00008f7d) c.and   a4, a5
core   0: 3 0x8000ba22 (0x8f7d) x14 0x00000000
core   0: 0x8000ba24 (0x00c2f0b3) and     ra, t0, a2
core   0: 3 0x8000ba24 (0x00c2f0b3) x 1 0x00004000
core   0: 0x8000ba28 (0x0000987a) c.add   a6, t5
core   0: 3 0x8000ba28 (0x987a) x16 0xf9193000
core   0: 0x8000ba2a (0x000054fd) c.li    s1, -1
core   0: 3 0x8000ba2a (0x54fd) x 9 0xffffffff
core   0: 0x8000ba2c (0x03a47b33) remu    s6, s0, s10
core   0: 3 0x8000ba2c (0x03a47b33) x22 0x00000002
core   0: 0x8000ba30 (0x01dd7733) and     a4, s10, t4
core   0: 3 0x8000ba30 (0x01dd7733) x14 0x00002804
core   0: 0x8000ba34 (0x00000246) c.slli  tp, 17
core   0: 3 0x8000ba34 (0x0246) x 4 0xf2320000
core   0: 0x8000ba36 (0x00000659) c.addi  a2, 22
core   0: 3 0x8000ba36 (0x0659) x12 0x938b4016
core   0: 0x8000ba38 (0x0788d163) bge     a7, s8, pc + 98
core   0: 3 0x8000ba38 (0x0788d163)
core   0: 0x8000ba3c (0x034282b3) mul     t0, t0, s4
core   0: 3 0x8000ba3c (0x034282b3) x 5 0x02a00000
core   0: 0x8000ba40 (0x03c3aab3) mulhsu  s5, t2, t3
core   0: 3 0x8000ba40 (0x03c3aab3) x21 0x00000000
core   0: 0x8000ba44 (0x00008d8d) c.sub   a1, a1
core   0: 3 0x8000ba44 (0x8d8d) x11 0x00000000
core   0: 0x8000ba46 (0xffd00493) li      s1, -3
core   0: 3 0x8000ba46 (0xffd00493) x 9 0xfffffffd
core   0: 0x8000ba4a (0x00f00c93) li      s9, 15
core   0: 3 0x8000ba4a (0x00f00c93) x25 0x0000000f
core   0: 0x8000ba4e (0x0000950a) c.add   a0, sp
core   0: 3 0x8000ba4e (0x950a) x10 0x80026ce5
core   0: 0x8000ba50 (0x00006e51) c.lui   t3, 0x14
core   0: 3 0x8000ba50 (0x6e51) x28 0x00014000
core   0: 0x8000ba52 (0x00000499) c.addi  s1, 6
core   0: 3 0x8000ba52 (0x0499) x 9 0x00000003
core   0: 0x8000ba54 (0x00a00613) li      a2, 10
core   0: 3 0x8000ba54 (0x00a00613) x12 0x0000000a
core   0: 0x8000ba58 (0x00a00413) li      s0, 10
core   0: 3 0x8000ba58 (0x00a00413) x 8 0x0000000a
core   0: 0x8000ba5c (0x00c85313) srli    t1, a6, 12
core   0: 3 0x8000ba5c (0x00c85313) x 6 0x000f9193
core   0: 0x8000ba60 (0x03ea4ab3) div     s5, s4, t5
core   0: 3 0x8000ba60 (0x03ea4ab3) x21 0x00000000
core   0: 0x8000ba64 (0x0000165d) c.addi  a2, -9
core   0: 3 0x8000ba64 (0x165d) x12 0x00000001
core   0: 0x8000ba66 (0xfe867de3) bgeu    a2, s0, pc - 6
core   0: 3 0x8000ba66 (0xfe867de3)
core   0: 0x8000ba6a (0x00008dad) c.xor   a1, a1
core   0: 3 0x8000ba6a (0x8dad) x11 0x00000000
core   0: 0x8000ba6c (0x0000100f) fence.i
core   0: 3 0x8000ba6c (0x0000100f)
core   0: 0x8000ba70 (0xfd948fe3) beq     s1, s9, pc - 34
core   0: 3 0x8000ba70 (0xfd948fe3)
core   0: 0x8000ba74 (0x00000b1e) c.slli  s6, 7
core   0: 3 0x8000ba74 (0x0b1e) x22 0x00000100
core   0: 0x8000ba76 (0xd2c8eb93) ori     s7, a7, -724
core   0: 3 0x8000ba76 (0xd2c8eb93) x23 0xfffffd2c
core   0: 0x8000ba7a (0x00000001) c.nop
core   0: 3 0x8000ba7a (0x0001)
core   0: 0x8000ba7c (0x99850313) addi    t1, a0, -1640
core   0: 3 0x8000ba7c (0x99850313) x 6 0x8002667d
core   0: 0x8000ba80 (0x00008471) c.srai  s0, 28
core   0: 3 0x8000ba80 (0x8471) x 8 0x00000000
core   0: 0x8000ba82 (0x01b650b3) srl     ra, a2, s11
core   0: 3 0x8000ba82 (0x01b650b3) x 1 0x00000000
core   0: 0x8000ba86 (0x038fa4b3) mulhsu  s1, t6, s8
core   0: 3 0x8000ba86 (0x038fa4b3) x 9 0x00000000
core   0: 0x8000ba8a (0x01441a93) slli    s5, s0, 20
core   0: 3 0x8000ba8a (0x01441a93) x21 0x00000000
core   0: 0x8000ba8e (0x0184fb63) bgeu    s1, s8, pc + 22
core   0: 3 0x8000ba8e (0x0184fb63)
core   0: 0x8000ba92 (0x00fb9ab3) sll     s5, s7, a5
core   0: 3 0x8000ba92 (0x00fb9ab3) x21 0xfffffd2c
core   0: 0x8000ba96 (0x408f50b3) sra     ra, t5, s0
core   0: 3 0x8000ba96 (0x408f50b3) x 1 0xf9190000
core   0: 0x8000ba9a (0x00008609) c.srai  a2, 2
core   0: 3 0x8000ba9a (0x8609) x12 0x00000000
core   0: 0x8000ba9c (0x014520b3) slt     ra, a0, s4
core   0: 3 0x8000ba9c (0x014520b3) x 1 0x00000001
core   0: 0x8000baa0 (0x01445e33) srl     t3, s0, s4
core   0: 3 0x8000baa0 (0x01445e33) x28 0x00000000
core   0: 0x8000baa4 (0x00008da1) c.xor   a1, s0
core   0: 3 0x8000baa4 (0x8da1) x11 0x00000000
core   0: 0x8000baa6 (0x00000001) c.nop
core   0: 3 0x8000baa6 (0x0001)
core   0: 0x8000baa8 (0x4086df93) srai    t6, a3, 8
core   0: 3 0x8000baa8 (0x4086df93) x31 0xfffffffb
core   0: 0x8000baac (0x03370733) mul     a4, a4, s3
core   0: 3 0x8000baac (0x03370733) x14 0x00000000
core   0: 0x8000bab0 (0x000081d9) c.srli  a1, 22
core   0: 3 0x8000bab0 (0x81d9) x11 0x00000000
core   0: 0x8000bab2 (0x887fe593) ori     a1, t6, -1913
core   0: 3 0x8000bab2 (0x887fe593) x11 0xffffffff
core   0: 0x8000bab6 (0x0000624d) c.lui   tp, 0x13
core   0: 3 0x8000bab6 (0x624d) x 4 0x00013000
core   0: 0x8000bab8 (0x000e53b3) srl     t2, t3, zero
core   0: 3 0x8000bab8 (0x000e53b3) x 7 0x00000000
core   0: 0x8000babc (0x000095be) c.add   a1, a5
core   0: 3 0x8000babc (0x95be) x11 0xffffffff
core   0: 0x8000babe (0x00008f0d) c.sub   a4, a1
core   0: 3 0x8000babe (0x8f0d) x14 0x00000001
core   0: 0x8000bac0 (0x02bbebb3) rem     s7, s7, a1
core   0: 3 0x8000bac0 (0x02bbebb3) x23 0x00000000
core   0: 0x8000bac4 (0x030dadb3) mulhsu  s11, s11, a6
core   0: 3 0x8000bac4 (0x030dadb3) x27 0x000004a9
core   0: 0x8000bac8 (0x00008542) c.mv    a0, a6
core   0: 3 0x8000bac8 (0x8542) x10 0xf9193000
core   0: 0x8000baca (0x00009246) c.add   tp, a7
core   0: 3 0x8000baca (0x9246) x 4 0x00013000
core   0: 0x8000bacc (0x012a8eb3) add     t4, s5, s2
core   0: 3 0x8000bacc (0x012a8eb3) x29 0xfffff85f
core   0: 0x8000bad0 (0x00008f61) c.and   a4, s0
core   0: 3 0x8000bad0 (0x8f61) x14 0x00000000
core   0: 0x8000bad2 (0x00000199) c.addi  gp, 6
core   0: 3 0x8000bad2 (0x0199) x 3 0x00000006
core   0: 0x8000bad4 (0x00008e8d) c.sub   a3, a1
core   0: 3 0x8000bad4 (0x8e8d) x13 0xfffffb34
core   0: 0x8000bad6 (0x0348fe63) bgeu    a7, s4, pc + 60
core   0: 3 0x8000bad6 (0x0348fe63)
core   0: 0x8000bada (0x00a894b3) sll     s1, a7, a0
core   0: 3 0x8000bada (0x00a894b3) x 9 0x00000000
core   0: 0x8000bade (0x0000810d) c.srli  a0, 3
core   0: 3 0x8000bade (0x810d) x10 0x1f232600
core   0: 0x8000bae0 (0x00a63f13) sltiu   t5, a2, 10
core   0: 3 0x8000bae0 (0x00a63f13) x30 0x00000001
core   0: 0x8000bae4 (0xa0af3713) sltiu   a4, t5, -1526
core   0: 3 0x8000bae4 (0xa0af3713) x14 0x00000001
core   0: 0x8000bae8 (0x026aab33) mulhsu  s6, s5, t1
core   0: 3 0x8000bae8 (0x026aab33) x22 0xfffffe95
core   0: 0x8000baec (0x034fed63) bltu    t6, s4, pc + 58
core   0: 3 0x8000baec (0x034fed63)
core   0: 0x8000baf0 (0x03cbab33) mulhsu  s6, s7, t3
core   0: 3 0x8000baf0 (0x03cbab33) x22 0x00000000
core   0: 0x8000baf4 (0x0047d493) srli    s1, a5, 4
core   0: 3 0x8000baf4 (0x0047d493) x 9 0x00000000
core   0: 0x8000baf8 (0x00000001) c.nop
core   0: 3 0x8000baf8 (0x0001)
core   0: 0x8000bafa (0xfd216c93) ori     s9, sp, -46
core   0: 3 0x8000bafa (0xfd216c93) x25 0xfffffff6
core   0: 0x8000bafe (0x00008dc9) c.or    a1, a0
core   0: 3 0x8000bafe (0x8dc9) x11 0xffffffff
core   0: 0x8000bb00 (0x01d11733) sll     a4, sp, t4
core   0: 3 0x8000bb00 (0x01d11733) x14 0x00000000
core   0: 0x8000bb04 (0x0000100f) fence.i
core   0: 3 0x8000bb04 (0x0000100f)
core   0: 0x8000bb08 (0x00000001) c.nop
core   0: 3 0x8000bb08 (0x0001)
core   0: 0x8000bb0a (0x000085b2) c.mv    a1, a2
core   0: 3 0x8000bb0a (0x85b2) x11 0x00000000
core   0: 0x8000bb0c (0x0ff0000f) fence   iorw,iorw
core   0: 3 0x8000bb0c (0x0ff0000f)
core   0: 0x8000bb10 (0x00008cb1) c.xor   s1, a2
core   0: 3 0x8000bb10 (0x8cb1) x 9 0x00000000
core   0: 0x8000bb12 (0x038b83b3) mul     t2, s7, s8
core   0: 3 0x8000bb12 (0x038b83b3) x 7 0x00000000
core   0: 0x8000bb16 (0x412b5693) srai    a3, s6, 18
core   0: 3 0x8000bb16 (0x412b5693) x13 0x00000000
core   0: 0x8000bb1a (0x01f59f93) slli    t6, a1, 31
core   0: 3 0x8000bb1a (0x01f59f93) x31 0x00000000
core   0: 0x8000bb1e (0xa5bcf693) andi    a3, s9, -1445
core   0: 3 0x8000bb1e (0xa5bcf693) x13 0xfffffa52
core   0: 0x8000bb22 (0x018402b3) add     t0, s0, s8
core   0: 3 0x8000bb22 (0x018402b3) x 5 0x41fa8f50
core   0: 0x8000bb26 (0x01c553b3) srl     t2, a0, t3
core   0: 3 0x8000bb26 (0x01c553b3) x 7 0x1f232600
core   0: 0x8000bb2a (0x01d019b3) sll     s3, zero, t4
core   0: 3 0x8000bb2a (0x01d019b3) x19 0x00000000
core   0: 0x8000bb2e (0x4811fc93) andi    s9, gp, 1153
core   0: 3 0x8000bb2e (0x4811fc93) x25 0x00000000
core   0: 0x8000bb32 (0x00008c61) c.and   s0, s0
core   0: 3 0x8000bb32 (0x8c61) x 8 0x00000000
core   0: 0x8000bb34 (0x00cd6c33) or      s8, s10, a2
core   0: 3 0x8000bb34 (0x00cd6c33) x24 0x80022e04
core   0: 0x8000bb38 (0x0486e163) bltu    a3, s0, pc + 66
core   0: 3 0x8000bb38 (0x0486e163)
core   0: 0x8000bb3c (0x00d59893) slli    a7, a1, 13
core   0: 3 0x8000bb3c (0x00d59893) x17 0x00000000
core   0: 0x8000bb40 (0xb4973637) lui     a2, 0xb4973
core   0: 3 0x8000bb40 (0xb4973637) x12 0xb4973000
core   0: 0x8000bb44 (0xbf647093) andi    ra, s0, -1034
core   0: 3 0x8000bb44 (0xbf647093) x 1 0x00000000
core   0: 0x8000bb48 (0x035adb63) bge     s5, s5, pc + 54
core   0: 3 0x8000bb48 (0x035adb63)
core   0: 0x8000bb7e (0x00000001) c.nop
core   0: 3 0x8000bb7e (0x0001)
core   0: 0x8000bb80 (0x15b4a813) slti    a6, s1, 347
core   0: 3 0x8000bb80 (0x15b4a813) x16 0x00000001
core   0: 0x8000bb84 (0x01588363) beq     a7, s5, pc + 6
core   0: 3 0x8000bb84 (0x01588363)
core   0: 0x8000bb88 (0x00008e45) c.or    a2, s1
core   0: 3 0x8000bb88 (0x8e45) x12 0xb4973000
core   0: 0x8000bb8a (0x039c66b3) rem     a3, s8, s9
core   0: 3 0x8000bb8a (0x039c66b3) x13 0x80022e04
core   0: 0x8000bb8e (0x0000ee19) c.bnez  a2, pc + 30
core   0: 3 0x8000bb8e (0xee19)
core   0: 0x8000bbac (0x02439cb3) mulh    s9, t2, tp
core   0: 3 0x8000bbac (0x02439cb3) x25 0x000024f9
core   0: 0x8000bbb0 (0xe4fb6c13) ori     s8, s6, -433
core   0: 3 0x8000bbb0 (0xe4fb6c13) x24 0xfffffe4f
core   0: 0x8000bbb4 (0x030b8b63) beq     s7, a6, pc + 54
core   0: 3 0x8000bbb4 (0x030b8b63)
core   0: 0x8000bbb8 (0x00008c7d) c.and   s0, a5
core   0: 3 0x8000bbb8 (0x8c7d) x 8 0x00000000
core   0: 0x8000bbba (0x02c365b3) rem     a1, t1, a2
core   0: 3 0x8000bbba (0x02c365b3) x11 0xcb6b367d
core   0: 0x8000bbbe (0x00000001) c.nop
core   0: 3 0x8000bbbe (0x0001)
core   0: 0x8000bbc0 (0x000002b6) c.slli  t0, 13
core   0: 3 0x8000bbc0 (0x02b6) x 5 0x51ea0000
core   0: 0x8000bbc2 (0x01d13533) sltu    a0, sp, t4
core   0: 3 0x8000bbc2 (0x01d13533) x10 0x00000001
core   0: 0x8000bbc6 (0x00000001) c.nop
core   0: 3 0x8000bbc6 (0x0001)
core   0: 0x8000bbc8 (0x05e11063) bne     sp, t5, pc + 64
core   0: 3 0x8000bbc8 (0x05e11063)
core   0: 0x8000bc08 (0x0000e329) c.bnez  a4, pc + 66
core   0: 3 0x8000bc08 (0xe329)
core   0: 0x8000bc0a (0x00cb60b3) or      ra, s6, a2
core   0: 3 0x8000bc0a (0x00cb60b3) x 1 0xb4973000
core   0: 0x8000bc0e (0x52d25617) auipc   a2, 0x52d25
core   0: 3 0x8000bc0e (0x52d25617) x12 0xd2d30c0e
core   0: 0x8000bc12 (0x01396f33) or      t5, s2, s3
core   0: 3 0x8000bc12 (0x01396f33) x30 0xfffffb33
core   0: 0x8000bc16 (0x02508db3) mul     s11, ra, t0
core   0: 3 0x8000bc16 (0x02508db3) x27 0xe0000000
core   0: 0x8000bc1a (0x00008021) c.srli  s0, 8
core   0: 3 0x8000bc1a (0x8021) x 8 0x00000000
core   0: 0x8000bc1c (0x400cd613) srai    a2, s9, 0
core   0: 3 0x8000bc1c (0x400cd613) x12 0x000024f9
core   0: 0x8000bc20 (0x02c786b3) mul     a3, a5, a2
core   0: 3 0x8000bc20 (0x02c786b3) x13 0x00000000
core   0: 0x8000bc24 (0x00a3c563) blt     t2, a0, pc + 10
core   0: 3 0x8000bc24 (0x00a3c563)
core   0: 0x8000bc28 (0x0000147d) c.addi  s0, -1
core   0: 3 0x8000bc28 (0x147d) x 8 0xffffffff
core   0: 0x8000bc2a (0x00000001) c.nop
core   0: 3 0x8000bc2a (0x0001)
core   0: 0x8000bc2c (0x00001f7d) c.addi  t5, -1
core   0: 3 0x8000bc2c (0x1f7d) x30 0xfffffb32
core   0: 0x8000bc2e (0xc8c88d93) addi    s11, a7, -884
core   0: 3 0x8000bc2e (0xc8c88d93) x27 0xfffffc8c
core   0: 0x8000bc32 (0x41778f33) sub     t5, a5, s7
core   0: 3 0x8000bc32 (0x41778f33) x30 0x00000000
core   0: 0x8000bc36 (0x002e05b3) add     a1, t3, sp
core   0: 3 0x8000bc36 (0x002e05b3) x11 0x80026ce4
core   0: 0x8000bc3a (0x00008f69) c.and   a4, a0
core   0: 3 0x8000bc3a (0x8f69) x14 0x00000000
core   0: 0x8000bc3c (0x0051edb3) or      s11, gp, t0
core   0: 3 0x8000bc3c (0x0051edb3) x27 0x51ea0006
core   0: 0x8000bc40 (0x035bf4b3) remu    s1, s7, s5
core   0: 3 0x8000bc40 (0x035bf4b3) x 9 0x00000000
core   0: 0x8000bc44 (0x4165da13) srai    s4, a1, 22
core   0: 3 0x8000bc44 (0x4165da13) x20 0xfffffe00
core   0: 0x8000bc48 (0x00000f31) c.addi  t5, 12
core   0: 3 0x8000bc48 (0x0f31) x30 0x0000000c
core   0: 0x8000bc4a (0x407fd1b3) sra     gp, t6, t2
core   0: 3 0x8000bc4a (0x407fd1b3) x 3 0x00000000
core   0: 0x8000bc4e (0x03fa6963) bltu    s4, t6, pc + 50
core   0: 3 0x8000bc4e (0x03fa6963)
core   0: 0x8000bc52 (0x00008c9d) c.sub   s1, a5
core   0: 3 0x8000bc52 (0x8c9d) x 9 0x00000000
core   0: 0x8000bc54 (0x028949b3) div     s3, s2, s0
core   0: 3 0x8000bc54 (0x028949b3) x19 0x000004cd
core   0: 0x8000bc58 (0x03170ab3) mul     s5, a4, a7
core   0: 3 0x8000bc58 (0x03170ab3) x21 0x00000000
core   0: 0x8000bc5c (0x02753cb3) mulhu   s9, a0, t2
core   0: 3 0x8000bc5c (0x02753cb3) x25 0x00000000
core   0: 0x8000bc60 (0x00000001) c.nop
core   0: 3 0x8000bc60 (0x0001)
core   0: 0x8000bc62 (0x00563233) sltu    tp, a2, t0
core   0: 3 0x8000bc62 (0x00563233) x 4 0x00000001
core   0: 0x8000bc66 (0x157d8f13) addi    t5, s11, 343
core   0: 3 0x8000bc66 (0x157d8f13) x30 0x51ea015d
core   0: 0x8000bc6a (0x00000001) c.nop
core   0: 3 0x8000bc6a (0x0001)
core   0: 0x8000bc6c (0x54137993) andi    s3, t1, 1345
core   0: 3 0x8000bc6c (0x54137993) x19 0x00000441
core   0: 0x8000bc70 (0x04ebfb93) andi    s7, s7, 78
core   0: 3 0x8000bc70 (0x04ebfb93) x23 0x00000000
core   0: 0x8000bc74 (0x0149db93) srli    s7, s3, 20
core   0: 3 0x8000bc74 (0x0149db93) x23 0x00000000
core   0: 0x8000bc78 (0x000099fd) c.andi  a1, -1
core   0: 3 0x8000bc78 (0x99fd) x11 0x80026ce4
core   0: 0x8000bc7a (0x013c5ab3) srl     s5, s8, s3
core   0: 3 0x8000bc7a (0x013c5ab3) x21 0x7fffff27
core   0: 0x8000bc7e (0x00000001) c.nop
core   0: 3 0x8000bc7e (0x0001)
core   0: 0x8000bc80 (0x00008c21) c.xor   s0, s0
core   0: 3 0x8000bc80 (0x8c21) x 8 0x00000000
core   0: 0x8000bc82 (0x0000c1b1) c.beqz  a1, pc + 68
core   0: 3 0x8000bc82 (0xc1b1)
core   0: 0x8000bc84 (0x41e68ab3) sub     s5, a3, t5
core   0: 3 0x8000bc84 (0x41e68ab3) x21 0xae15fea3
core   0: 0x8000bc88 (0x02121363) bne     tp, ra, pc + 38
core   0: 3 0x8000bc88 (0x02121363)
core   0: 0x8000bcae (0x9437e593) ori     a1, a5, -1725
core   0: 3 0x8000bcae (0x9437e593) x11 0xfffff943
core   0: 0x8000bcb2 (0x0000ed85) c.bnez  a1, pc + 56
core   0: 3 0x8000bcb2 (0xed85)
core   0: 0x8000bcea (0x61e80593) addi    a1, a6, 1566
core   0: 3 0x8000bcea (0x61e80593) x11 0x0000061f
core   0: 0x8000bcee (0x024fdd63) bge     t6, tp, pc + 58
core   0: 3 0x8000bcee (0x024fdd63)
core   0: 0x8000bcf2 (0x41660b33) sub     s6, a2, s6
core   0: 3 0x8000bcf2 (0x41660b33) x22 0x000024f9
core   0: 0x8000bcf6 (0x00008709) c.srai  a4, 2
core   0: 3 0x8000bcf6 (0x8709) x14 0x00000000
core   0: 0x8000bcf8 (0x003ce633) or      a2, s9, gp
core   0: 3 0x8000bcf8 (0x003ce633) x12 0x00000000
core   0: 0x8000bcfc (0x00006469) c.lui   s0, 0x1a
core   0: 3 0x8000bcfc (0x6469) x 8 0x0001a000
core   0: 0x8000bcfe (0x00008749) c.srai  a4, 18
core   0: 3 0x8000bcfe (0x8749) x14 0x00000000
core   0: 0x8000bd00 (0x0290da33) divu    s4, ra, s1
core   0: 3 0x8000bd00 (0x0290da33) x20 0xffffffff
core   0: 0x8000bd04 (0x0000c88d) c.beqz  s1, pc + 50
core   0: 3 0x8000bd04 (0xc88d)
core   0: 0x8000bd36 (0x00008cfd) c.and   s1, a5
core   0: 3 0x8000bd36 (0x8cfd) x 9 0x00000000
core   0: 0x8000bd38 (0x000085d9) c.srai  a1, 22
core   0: 3 0x8000bd38 (0x85d9) x11 0x00000000
core   0: 0x8000bd3a (0x0000096e) c.slli  s2, 27
core   0: 3 0x8000bd3a (0x096e) x18 0x98000000
core   0: 0x8000bd3c (0x00008875) c.andi  s0, 29
core   0: 3 0x8000bd3c (0x8875) x 8 0x00000000
core   0: 0x8000bd3e (0x0000809d) c.srli  s1, 7
core   0: 3 0x8000bd3e (0x809d) x 9 0x00000000
core   0: 0x8000bd40 (0x00008d6d) c.and   a0, a1
core   0: 3 0x8000bd40 (0x8d6d) x10 0x00000000
core   0: 0x8000bd42 (0x004d2403) lw      s0, 4(s10)
core   0: 3 0x8000bd42 (0x004d2403) x 8 0x800087b0 mem 0x80022e08
core   0: 0x8000bd46 (0x010ce5b3) or      a1, s9, a6
core   0: 3 0x8000bd46 (0x010ce5b3) x11 0x00000001
core   0: 0x8000bd4a (0x00000d51) c.addi  s10, 20
core   0: 3 0x8000bd4a (0x0d51) x26 0x80022e18
core   0: 0x8000bd4c (0x0000100f) fence.i
core   0: 3 0x8000bd4c (0x0000100f)
core   0: 0x8000bd50 (0xf7a5e093) ori     ra, a1, -134
core   0: 3 0x8000bd50 (0xf7a5e093) x 1 0xffffff7b
core   0: 0x8000bd54 (0x018d1b13) slli    s6, s10, 24
core   0: 3 0x8000bd54 (0x018d1b13) x22 0x18000000
core   0: 0x8000bd58 (0x008a9fb3) sll     t6, s5, s0
core   0: 3 0x8000bd58 (0x008a9fb3) x31 0xfea30000
core   0: 0x8000bd5c (0x0ff0000f) fence   iorw,iorw
core   0: 3 0x8000bd5c (0x0ff0000f)
core   0: 0x8000bd60 (0x00002933) slt     s2, zero, zero
core   0: 3 0x8000bd60 (0x00002933) x18 0x00000000
core   0: 0x8000bd64 (0x00040f13) mv      t5, s0
core   0: 3 0x8000bd64 (0x00040f13) x30 0x800087b0
core   0: 0x8000bd68 (0x00008f02) c.jr    t5
core   0: 3 0x8000bd68 (0x8f02)
core   0: 0x800087b0 (0x000086d5) c.srai  a3, 21
core   0: 3 0x800087b0 (0x86d5) x13 0x00000000
core   0: 0x800087b2 (0x00008c05) c.sub   s0, s1
core   0: 3 0x800087b2 (0x8c05) x 8 0x800087b0
core   0: 0x800087b4 (0xd00b7a93) andi    s5, s6, -768
core   0: 3 0x800087b4 (0xd00b7a93) x21 0x18000000
core   0: 0x800087b8 (0x01f089b3) add     s3, ra, t6
core   0: 3 0x800087b8 (0x01f089b3) x19 0xfea2ff7b
core   0: 0x800087bc (0x01c13233) sltu    tp, sp, t3
core   0: 3 0x800087bc (0x01c13233) x 4 0x00000000
core   0: 0x800087c0 (0x08af5d63) bge     t5, a0, pc + 154
core   0: 3 0x800087c0 (0x08af5d63)
core   0: 0x800087c4 (0x08620e63) beq     tp, t1, pc + 156
core   0: 3 0x800087c4 (0x08620e63)
core   0: 0x800087c8 (0x00008761) c.srai  a4, 24
core   0: 3 0x800087c8 (0x8761) x14 0x00000000
core   0: 0x800087ca (0x41feb4b7) lui     s1, 0x41feb
core   0: 3 0x800087ca (0x41feb4b7) x 9 0x41feb000
core   0: 0x800087ce (0x01f6f263) bgeu    a3, t6, pc + 4
core   0: 3 0x800087ce (0x01f6f263)
core   0: 0x800087d2 (0x00008e05) c.sub   a2, s1
core   0: 3 0x800087d2 (0x8e05) x12 0xbe015000
core   0: 0x800087d4 (0x00008579) c.srai  a0, 30
core   0: 3 0x800087d4 (0x8579) x10 0x00000000
core   0: 0x800087d6 (0xff800593) li      a1, -8
core   0: 3 0x800087d6 (0xff800593) x11 0xfffffff8
core   0: 0x800087da (0x407ddc93) srai    s9, s11, 7
core   0: 3 0x800087da (0x407ddc93) x25 0x00a3d400
core   0: 0x800087de (0x02aedc33) divu    s8, t4, a0
core   0: 3 0x800087de (0x02aedc33) x24 0xffffffff
core   0: 0x800087e2 (0xe2c04a93) xori    s5, zero, -468
core   0: 3 0x800087e2 (0xe2c04a93) x21 0xfffffe2c
core   0: 0x800087e6 (0x00000001) c.nop
core   0: 3 0x800087e6 (0x0001)
core   0: 0x800087e8 (0x001d1e13) slli    t3, s10, 1
core   0: 3 0x800087e8 (0x001d1e13) x28 0x00045c30
core   0: 0x800087ec (0x00000001) c.nop
core   0: 3 0x800087ec (0x0001)
core   0: 0x800087ee (0x00200893) li      a7, 2
core   0: 3 0x800087ee (0x00200893) x17 0x00000002
core   0: 0x800087f2 (0x023e26b3) mulhsu  a3, t3, gp
core   0: 3 0x800087f2 (0x023e26b3) x13 0x00000000
core   0: 0x800087f6 (0x00000591) c.addi  a1, 4
core   0: 3 0x800087f6 (0x0591) x11 0xfffffffc
core   0: 0x800087f8 (0x00008f69) c.and   a4, a0
core   0: 3 0x800087f8 (0x8f69) x14 0x00000000
core   0: 0x800087fa (0x42e1bc93) sltiu   s9, gp, 1070
core   0: 3 0x800087fa (0x42e1bc93) x25 0x00000001
core   0: 0x800087fe (0x00500213) li      tp, 5
core   0: 3 0x800087fe (0x00500213) x 4 0x00000005
core   0: 0x80008802 (0x00000855) c.addi  a6, 21
core   0: 3 0x80008802 (0x0855) x16 0x00000016
core   0: 0x80008804 (0x030a8433) mul     s0, s5, a6
core   0: 3 0x80008804 (0x030a8433) x 8 0xffffd7c8
core   0: 0x80008808 (0x00000193) li      gp, 0
core   0: 3 0x80008808 (0x00000193) x 3 0x00000000
core   0: 0x8000880c (0x000c5313) srli    t1, s8, 0
core   0: 3 0x8000880c (0x000c5313) x 6 0xffffffff
core   0: 0x80008810 (0x0363be33) mulhu   t3, t2, s6
core   0: 3 0x80008810 (0x0363be33) x28 0x02eb4b90
core   0: 0x80008814 (0x00e5dc33) srl     s8, a1, a4
core   0: 3 0x80008814 (0x00e5dc33) x24 0xfffffffc
core   0: 0x80008818 (0x00001259) c.addi  tp, -10
core   0: 3 0x80008818 (0x1259) x 4 0xfffffffb
core   0: 0x8000881a (0x00008efd) c.and   a3, a5
core   0: 3 0x8000881a (0x8efd) x13 0x00000000
core   0: 0x8000881c (0x4076df13) srai    t5, a3, 7
core   0: 3 0x8000881c (0x4076df13) x30 0x00000000
core   0: 0x80008820 (0x025d2f33) mulhsu  t5, s10, t0
core   0: 3 0x80008820 (0x025d2f33) x30 0xd70bb293
core   0: 0x80008824 (0x94deab93) slti    s7, t4, -1715
core   0: 3 0x80008824 (0x94deab93) x23 0x00000001
core   0: 0x80008828 (0x00740933) add     s2, s0, t2
core   0: 3 0x80008828 (0x00740933) x18 0x1f22fdc8
core   0: 0x8000882c (0xfe3252e3) bge     tp, gp, pc - 28
core   0: 3 0x8000882c (0xfe3252e3)
core   0: 0x80008830 (0x00006a41) c.lui   s4, 0x10
core   0: 3 0x80008830 (0x6a41) x20 0x00010000
core   0: 0x80008832 (0x000086f9) c.srai  a3, 30
core   0: 3 0x80008832 (0x86f9) x13 0x00000000
core   0: 0x80008834 (0xfb15efe3) bltu    a1, a7, pc - 66
core   0: 3 0x80008834 (0xfb15efe3)
core   0: 0x80008838 (0x00008d4d) c.or    a0, a1
core   0: 3 0x80008838 (0x8d4d) x10 0xfffffffc
core   0: 0x8000883a (0x0bf94e13) xori    t3, s2, 191
core   0: 3 0x8000883a (0x0bf94e13) x28 0x1f22fd77
core   0: 0x8000883e (0x0000100f) fence.i
core   0: 3 0x8000883e (0x0000100f)
core   0: 0x80008842 (0x3f39b417) auipc   s0, 0x3f39b
core   0: 3 0x80008842 (0x3f39b417) x 8 0xbf3a3842
core   0: 0x80008846 (0x0000c58d) c.beqz  a1, pc + 42
core   0: 3 0x80008846 (0xc58d)
core   0: 0x80008848 (0x5905e613) ori     a2, a1, 1424
core   0: 3 0x80008848 (0x5905e613) x12 0xfffffffc
core   0: 0x8000884c (0x018ae663) bltu    s5, s8, pc + 12
core   0: 3 0x8000884c (0x018ae663)
core   0: 0x80008858 (0x00009a7d) c.andi  a2, -1
core   0: 3 0x80008858 (0x9a7d) x12 0xfffffffc
core   0: 0x8000885a (0x000004f6) c.slli  s1, 29
core   0: 3 0x8000885a (0x04f6) x 9 0x00000000
core   0: 0x8000885c (0x00856a33) or      s4, a0, s0
core   0: 3 0x8000885c (0x00856a33) x20 0xfffffffe
core   0: 0x80008860 (0x02e0c863) blt     ra, a4, pc + 48
core   0: 3 0x80008860 (0x02e0c863)
core   0: 0x80008890 (0x00008dee) c.mv    s11, s11
core   0: 3 0x80008890 (0x8dee) x27 0x51ea0006
core   0: 0x80008892 (0x0000127d) c.addi  tp, -1
core   0: 3 0x80008892 (0x127d) x 4 0xfffffffa
core   0: 0x80008894 (0x03b39533) mulh    a0, t2, s11
core   0: 3 0x80008894 (0x03b39533) x10 0x09f69527
core   0: 0x80008898 (0x02b98fb3) mul     t6, s3, a1
core   0: 3 0x80008898 (0x02b98fb3) x31 0x05740214
core   0: 0x8000889c (0x01e41533) sll     a0, s0, t5
core   0: 3 0x8000889c (0x01e41533) x10 0xc2100000
core   0: 0x800088a0 (0x7810f297) auipc   t0, 0x7810f
core   0: 3 0x800088a0 (0x7810f297) x 5 0xf81178a0
core   0: 0x800088a4 (0x02f60e33) mul     t3, a2, a5
core   0: 3 0x800088a4 (0x02f60e33) x28 0x00000000
core   0: 0x800088a8 (0x000092da) c.add   t0, s6
core   0: 3 0x800088a8 (0x92da) x 5 0x101178a0
core   0: 0x800088aa (0x014f5b13) srli    s6, t5, 20
core   0: 3 0x800088aa (0x014f5b13) x22 0x00000d70
core   0: 0x800088ae (0x03fdf063) bgeu    s11, t6, pc + 32
core   0: 3 0x800088ae (0x03fdf063)
core   0: 0x800088ce (0x00008d61) c.and   a0, s0
core   0: 3 0x800088ce (0x8d61) x10 0x82100000
core   0: 0x800088d0 (0x015395b3) sll     a1, t2, s5
core   0: 3 0x800088d0 (0x015395b3) x11 0x32600000
core   0: 0x800088d4 (0x011b9d93) slli    s11, s7, 17
core   0: 3 0x800088d4 (0x011b9d93) x27 0x00020000
core   0: 0x800088d8 (0x024f7363) bgeu    t5, tp, pc + 38
core   0: 3 0x800088d8 (0x024f7363)
core   0: 0x800088dc (0x00d800b3) add     ra, a6, a3
core   0: 3 0x800088dc (0x00d800b3) x 1 0x00000016
core   0: 0x800088e0 (0xef5d0913) addi    s2, s10, -267
core   0: 3 0x800088e0 (0xef5d0913) x18 0x80022d0d
core   0: 0x800088e4 (0x01169cb3) sll     s9, a3, a7
core   0: 3 0x800088e4 (0x01169cb3) x25 0x00000000
core   0: 0x800088e8 (0x02a47063) bgeu    s0, a0, pc + 32
core   0: 3 0x800088e8 (0x02a47063)
core   0: 0x80008908 (0x000000ea) c.slli  ra, 26
core   0: 3 0x80008908 (0x00ea) x 1 0x58000000
core   0: 0x8000890a (0x000002ea) c.slli  t0, 26
core   0: 3 0x8000890a (0x02ea) x 5 0x80000000
core   0: 0x8000890c (0x46572e93) slti    t4, a4, 1125
core   0: 3 0x8000890c (0x46572e93) x29 0x00000001
core   0: 0x80008910 (0x0000e319) c.bnez  a4, pc + 6
core   0: 3 0x80008910 (0xe319)
core   0: 0x80008912 (0x0230f9b3) remu    s3, ra, gp
core   0: 3 0x80008912 (0x0230f9b3) x19 0x58000000
core   0: 0x80008916 (0x031eb993) sltiu   s3, t4, 49
core   0: 3 0x80008916 (0x031eb993) x19 0x00000001
core   0: 0x8000891a (0x00008d11) c.sub   a0, a2
core   0: 3 0x8000891a (0x8d11) x10 0x82100004
core   0: 0x8000891c (0x01d5ffb3) and     t6, a1, t4
core   0: 3 0x8000891c (0x01d5ffb3) x31 0x00000000
core   0: 0x80008920 (0x0000c08d) c.beqz  s1, pc + 34
core   0: 3 0x80008920 (0xc08d)
core   0: 0x80008942 (0x33bf4e93) xori    t4, t5, 827
core   0: 3 0x80008942 (0x33bf4e93) x29 0xd70bb1a8
core   0: 0x80008946 (0x77b3fd93) andi    s11, t2, 1915
core   0: 3 0x80008946 (0x77b3fd93) x27 0x00000600
core   0: 0x8000894a (0x412fd933) sra     s2, t6, s2
core   0: 3 0x8000894a (0x412fd933) x18 0x00000000
core   0: 0x8000894e (0x012205b3) add     a1, tp, s2
core   0: 3 0x8000894e (0x012205b3) x11 0xfffffffa
core   0: 0x80008952 (0x59d37813) andi    a6, t1, 1437
core   0: 3 0x80008952 (0x59d37813) x16 0x0000059d
core   0: 0x80008956 (0x7567f393) andi    t2, a5, 1878
core   0: 3 0x80008956 (0x7567f393) x 7 0x00000000
core   0: 0x8000895a (0x00008e86) c.mv    t4, ra
core   0: 3 0x8000895a (0x8e86) x29 0x58000000
core   0: 0x8000895c (0x01c47633) and     a2, s0, t3
core   0: 3 0x8000895c (0x01c47633) x12 0x00000000
core   0: 0x80008960 (0x036d39b3) mulhu   s3, s10, s6
core   0: 3 0x80008960 (0x036d39b3) x19 0x000006b8
core   0: 0x80008964 (0x00ef6233) or      tp, t5, a4
core   0: 3 0x80008964 (0x00ef6233) x 4 0xd70bb293
core   0: 0x80008968 (0x02489333) mulh    t1, a7, tp
core   0: 3 0x80008968 (0x02489333) x 6 0xffffffff
core   0: 0x8000896c (0x03ea1863) bne     s4, t5, pc + 48
core   0: 3 0x8000896c (0x03ea1863)
core   0: 0x8000899c (0x000098fd) c.andi  s1, -1
core   0: 3 0x8000899c (0x98fd) x 9 0x00000000
core   0: 0x8000899e (0x01e7c3b3) xor     t2, a5, t5
core   0: 3 0x8000899e (0x01e7c3b3) x 7 0xd70bb293
core   0: 0x800089a2 (0x41d45a93) srai    s5, s0, 29
core   0: 3 0x800089a2 (0x41d45a93) x21 0xfffffffd
core   0: 0x800089a6 (0x016b5233) srl     tp, s6, s6
core   0: 3 0x800089a6 (0x016b5233) x 4 0x00000000
core   0: 0x800089aa (0x6ab0b893) sltiu   a7, ra, 1707
core   0: 3 0x800089aa (0x6ab0b893) x17 0x00000000
core   0: 0x800089ae (0x0000100f) fence.i
core   0: 3 0x800089ae (0x0000100f)
core   0: 0x800089b2 (0x01a58c33) add     s8, a1, s10
core   0: 3 0x800089b2 (0x01a58c33) x24 0x80022e12
core   0: 0x800089b6 (0x00000001) c.nop
core   0: 3 0x800089b6 (0x0001)
core   0: 0x800089b8 (0x00006f39) c.lui   t5, 0xe
core   0: 3 0x800089b8 (0x6f39) x30 0x0000e000
core   0: 0x800089ba (0x0000100f) fence.i
core   0: 3 0x800089ba (0x0000100f)
core   0: 0x800089be (0x0000e20d) c.bnez  a2, pc + 34
core   0: 3 0x800089be (0xe20d)
core   0: 0x800089c0 (0x035149b3) div     s3, sp, s5
core   0: 3 0x800089c0 (0x035149b3) x19 0x2aa9dbb4
core   0: 0x800089c4 (0x0ff0000f) fence   iorw,iorw
core   0: 3 0x800089c4 (0x0ff0000f)
core   0: 0x800089c8 (0x00006ab1) c.lui   s5, 0xc
core   0: 3 0x800089c8 (0x6ab1) x21 0x0000c000
core   0: 0x800089ca (0x1c4aa993) slti    s3, s5, 452
core   0: 3 0x800089ca (0x1c4aa993) x19 0x00000000
core   0: 0x800089ce (0x03cc5c63) bge     s8, t3, pc + 56
core   0: 3 0x800089ce (0x03cc5c63)
core   0: 0x800089d2 (0x000b9013) slli    zero, s7, 0
core   0: 3 0x800089d2 (0x000b9013)
core   0: 0x800089d6 (0x41e403b3) sub     t2, s0, t5
core   0: 3 0x800089d6 (0x41e403b3) x 7 0xbf395842
core   0: 0x800089da (0x02392433) mulhsu  s0, s2, gp
core   0: 3 0x800089da (0x02392433) x 8 0x00000000
core   0: 0x800089de (0x000084ad) c.srai  s1, 11
core   0: 3 0x800089de (0x84ad) x 9 0x00000000
core   0: 0x800089e0 (0x00000ad5) c.addi  s5, 21
core   0: 3 0x800089e0 (0x0ad5) x21 0x0000c015
core   0: 0x800089e2 (0x0000ec91) c.bnez  s1, pc + 28
core   0: 3 0x800089e2 (0xec91)
core   0: 0x800089e4 (0x00692033) slt     zero, s2, t1
core   0: 3 0x800089e4 (0x00692033)
core   0: 0x800089e8 (0x81092413) slti    s0, s2, -2032
core   0: 3 0x800089e8 (0x81092413) x 8 0x00000000
core   0: 0x800089ec (0x00008021) c.srli  s0, 8
core   0: 3 0x800089ec (0x8021) x 8 0x00000000
core   0: 0x800089ee (0x02ea2bb3) mulhsu  s7, s4, a4
core   0: 3 0x800089ee (0x02ea2bb3) x23 0x00000000
core   0: 0x800089f2 (0x00000936) c.slli  s2, 13
core   0: 3 0x800089f2 (0x0936) x18 0x00000000
core   0: 0x800089f4 (0xa1d67a93) andi    s5, a2, -1507
core   0: 3 0x800089f4 (0xa1d67a93) x21 0x00000000
core   0: 0x800089f8 (0x00008f0d) c.sub   a4, a1
core   0: 3 0x800089f8 (0x8f0d) x14 0x00000006
core   0: 0x800089fa (0x001f7db3) and     s11, t5, ra
core   0: 3 0x800089fa (0x001f7db3) x27 0x00000000
core   0: 0x800089fe (0x4e5f7013) andi    zero, t5, 1253
core   0: 3 0x800089fe (0x4e5f7013)
core   0: 0x80008a02 (0x01360bb3) add     s7, a2, s3
core   0: 3 0x80008a02 (0x01360bb3) x23 0x00000000
core   0: 0x80008a06 (0x669be513) ori     a0, s7, 1641
core   0: 3 0x80008a06 (0x669be513) x10 0x00000669
core   0: 0x80008a0a (0x036cdb63) bge     s9, s6, pc + 54
core   0: 3 0x80008a0a (0x036cdb63)
core   0: 0x80008a0e (0x4126db93) srai    s7, a3, 18
core   0: 3 0x80008a0e (0x4126db93) x23 0x00000000
core   0: 0x80008a12 (0x00006895) c.lui   a7, 0x5
core   0: 3 0x80008a12 (0x6895) x17 0x00005000
core   0: 0x80008a14 (0xefd96f17) auipc   t5, 0xefd96
core   0: 3 0x80008a14 (0xefd96f17) x30 0x6fd9ea14
core   0: 0x80008a18 (0x3abfd517) auipc   a0, 0x3abfd
core   0: 3 0x80008a18 (0x3abfd517) x10 0xbac05a18
core   0: 0x80008a1c (0x0000100f) fence.i
core   0: 3 0x80008a1c (0x0000100f)
core   0: 0x80008a20 (0x41180933) sub     s2, a6, a7
core   0: 3 0x80008a20 (0x41180933) x18 0xffffb59d
core   0: 0x80008a24 (0x00008139) c.srli  a0, 14
core   0: 3 0x80008a24 (0x8139) x10 0x0002eb01
core   0: 0x80008a26 (0x037e4163) blt     t3, s7, pc + 34
core   0: 3 0x80008a26 (0x037e4163)
core   0: 0x80008a2a (0x00115d93) srli    s11, sp, 1
core   0: 3 0x80008a2a (0x00115d93) x27 0x40013672
core   0: 0x80008a2e (0x409806b3) sub     a3, a6, s1
core   0: 3 0x80008a2e (0x409806b3) x13 0x0000059d
core   0: 0x80008a32 (0x5f5d3513) sltiu   a0, s10, 1525
core   0: 3 0x80008a32 (0x5f5d3513) x10 0x00000000
core   0: 0x80008a36 (0x022d0f63) beq     s10, sp, pc + 62
core   0: 3 0x80008a36 (0x022d0f63)
core   0: 0x80008a3a (0x00000f19) c.addi  t5, 6
core   0: 3 0x80008a3a (0x0f19) x30 0x6fd9ea1a
core   0: 0x80008a3c (0x024c4a63) blt     s8, tp, pc + 52
core   0: 3 0x80008a3c (0x024c4a63)
core   0: 0x80008a70 (0x8d7382b7) lui     t0, 0x8d738
core   0: 3 0x80008a70 (0x8d7382b7) x 5 0x8d738000
core   0: 0x80008a74 (0x0105c933) xor     s2, a1, a6
core   0: 3 0x80008a74 (0x0105c933) x18 0xfffffa67
core   0: 0x80008a78 (0xa94ba593) slti    a1, s7, -1388
core   0: 3 0x80008a78 (0xa94ba593) x11 0x00000000
core   0: 0x80008a7c (0x01144f33) xor     t5, s0, a7
core   0: 3 0x80008a7c (0x01144f33) x30 0x00005000
core   0: 0x80008a80 (0x40eddc93) srai    s9, s11, 14
core   0: 3 0x80008a80 (0x40eddc93) x25 0x00010004
core   0: 0x80008a84 (0x0278fa33) remu    s4, a7, t2
core   0: 3 0x80008a84 (0x0278fa33) x20 0x00005000
core   0: 0x80008a88 (0x026609b3) mul     s3, a2, t1
core   0: 3 0x80008a88 (0x026609b3) x19 0x00000000
core   0: 0x80008a8c (0x41a48933) sub     s2, s1, s10
core   0: 3 0x80008a8c (0x41a48933) x18 0x7ffdd1e8
core   0: 0x80008a90 (0x0002ab33) slt     s6, t0, zero
core   0: 3 0x80008a90 (0x0002ab33) x22 0x00000001
core   0: 0x80008a94 (0x01508533) add     a0, ra, s5
core   0: 3 0x80008a94 (0x01508533) x10 0x58000000
core   0: 0x80008a98 (0x03510c33) mul     s8, sp, s5
core   0: 3 0x80008a98 (0x03510c33) x24 0x00000000
core   0: 0x80008a9c (0x023d5a63) bge     s10, gp, pc + 52
core   0: 3 0x80008a9c (0x023d5a63)
core   0: 0x80008aa0 (0x0150ee63) bltu    ra, s5, pc + 28
core   0: 3 0x80008aa0 (0x0150ee63)
core   0: 0x80008aa4 (0xbcb9b313) sltiu   t1, s3, -1077
core   0: 3 0x80008aa4 (0xbcb9b313) x 6 0x00000001
core   0: 0x80008aa8 (0x00000001) c.nop
core   0: 3 0x80008aa8 (0x0001)
core   0: 0x80008aaa (0x7f38cd93) xori    s11, a7, 2035
core   0: 3 0x80008aaa (0x7f38cd93) x27 0x000057f3
core   0: 0x80008aae (0x0000c20d) c.beqz  a2, pc + 34
core   0: 3 0x80008aae (0xc20d)
core   0: 0x80008ad0 (0x038084b3) mul     s1, ra, s8
core   0: 3 0x80008ad0 (0x038084b3) x 9 0x00000000
core   0: 0x80008ad4 (0x0000985a) c.add   a6, s6
core   0: 3 0x80008ad4 (0x985a) x16 0x0000059e
core   0: 0x80008ad6 (0x00ee2633) slt     a2, t3, a4
core   0: 3 0x80008ad6 (0x00ee2633) x12 0x00000001
core   0: 0x80008ada (0x00008421) c.srai  s0, 8
core   0: 3 0x80008ada (0x8421) x 8 0x00000000
core   0: 0x80008adc (0x00000001) c.nop
core   0: 3 0x80008adc (0x0001)
core   0: 0x80008ade (0x0000c091) c.beqz  s1, pc + 4
core   0: 3 0x80008ade (0xc091)
core   0: 0x80008ae2 (0x0000577d) c.li    a4, -1
core   0: 3 0x80008ae2 (0x577d) x14 0xffffffff
core   0: 0x80008ae4 (0x00001b7d) c.addi  s6, -1
core   0: 3 0x80008ae4 (0x1b7d) x22 0x00000000
core   0: 0x80008ae6 (0x2fcdc713) xori    a4, s11, 764
core   0: 3 0x80008ae6 (0x2fcdc713) x14 0x0000550f
core   0: 0x80008aea (0x00009afa) c.add   s5, t5
core   0: 3 0x80008aea (0x9afa) x21 0x00005000
core   0: 0x80008aec (0x000590b3) sll     ra, a1, zero
core   0: 3 0x80008aec (0x000590b3) x 1 0x00000000
core   0: 0x80008af0 (0x00000001) c.nop
core   0: 3 0x80008af0 (0x0001)
core   0: 0x80008af2 (0x5bb76a93) ori     s5, a4, 1467
core   0: 3 0x80008af2 (0x5bb76a93) x21 0x000055bf
core   0: 0x80008af6 (0x00008eed) c.and   a3, a1
core   0: 3 0x80008af6 (0x8eed) x13 0x00000000
core   0: 0x80008af8 (0x00008a9a) c.mv    s5, t1
core   0: 3 0x80008af8 (0x8a9a) x21 0x00000001
core   0: 0x80008afa (0x00f801b3) add     gp, a6, a5
core   0: 3 0x80008afa (0x00f801b3) x 3 0x0000059e
core   0: 0x80008afe (0x0000100f) fence.i
core   0: 3 0x80008afe (0x0000100f)
core   0: 0x80008b02 (0x0100f6b3) and     a3, ra, a6
core   0: 3 0x80008b02 (0x0100f6b3) x13 0x00000000
core   0: 0x80008b06 (0x00008c41) c.or    s0, s0
core   0: 3 0x80008b06 (0x8c41) x 8 0x00000000
core   0: 0x80008b08 (0x00201ab3) sll     s5, zero, sp
core   0: 3 0x80008b08 (0x00201ab3) x21 0x00000000
core   0: 0x80008b0c (0x96283b13) sltiu   s6, a6, -1694
core   0: 3 0x80008b0c (0x96283b13) x22 0x00000001
core   0: 0x80008b10 (0x017a3633) sltu    a2, s4, s7
core   0: 3 0x80008b10 (0x017a3633) x12 0x00000000
core   0: 0x80008b14 (0x00000001) c.nop
core   0: 3 0x80008b14 (0x0001)
core   0: 0x80008b16 (0x000055fd) c.li    a1, -1
core   0: 3 0x80008b16 (0x55fd) x11 0xffffffff
core   0: 0x80008b18 (0x419e0fb3) sub     t6, t3, s9
core   0: 3 0x80008b18 (0x419e0fb3) x31 0xfffefffc
core   0: 0x80008b1c (0x006bfeb3) and     t4, s7, t1
core   0: 3 0x80008b1c (0x006bfeb3) x29 0x00000000
core   0: 0x80008b20 (0x000082b1) c.srli  a3, 12
core   0: 3 0x80008b20 (0x82b1) x13 0x00000000
core   0: 0x80008b22 (0x000099fd) c.andi  a1, -1
core   0: 3 0x80008b22 (0x99fd) x11 0xffffffff
core   0: 0x80008b24 (0x02191db3) mulh    s11, s2, ra
core   0: 3 0x80008b24 (0x02191db3) x27 0x00000000
core   0: 0x80008b28 (0xeacdae13) slti    t3, s11, -340
core   0: 3 0x80008b28 (0xeacdae13) x28 0x00000000
core   0: 0x80008b2c (0x01b45bb3) srl     s7, s0, s11
core   0: 3 0x80008b2c (0x01b45bb3) x23 0x00000000
core   0: 0x80008b30 (0x00008af6) c.mv    s5, t4
core   0: 3 0x80008b30 (0x8af6) x21 0x00000000
core   0: 0x80008b32 (0x00008d45) c.or    a0, s1
core   0: 3 0x80008b32 (0x8d45) x10 0x58000000
core   0: 0x80008b34 (0x03b55c63) bge     a0, s11, pc + 56
core   0: 3 0x80008b34 (0x03b55c63)
core   0: 0x80008b6c (0x00008db9) c.xor   a1, a4
core   0: 3 0x80008b6c (0x8db9) x11 0xffffaaf0
core   0: 0x80008b6e (0x00c64c63) blt     a2, a2, pc + 24
core   0: 3 0x80008b6e (0x00c64c63)
core   0: 0x80008b72 (0xfed17b93) andi    s7, sp, -19
core   0: 3 0x80008b72 (0xfed17b93) x23 0x80026ce4
core   0: 0x80008b76 (0x0134d9b3) srl     s3, s1, s3
core   0: 3 0x80008b76 (0x0134d9b3) x19 0x00000000
core   0: 0x80008b7a (0xf6177f93) andi    t6, a4, -159
core   0: 3 0x80008b7a (0xf6177f93) x31 0x00005501
core   0: 0x80008b7e (0x02d37363) bgeu    t1, a3, pc + 38
core   0: 3 0x80008b7e (0x02d37363)
core   0: 0x80008ba4 (0x01ddb833) sltu    a6, s11, t4
core   0: 3 0x80008ba4 (0x01ddb833) x16 0x00000000
core   0: 0x80008ba8 (0x94d72c97) auipc   s9, 0x94d72
core   0: 3 0x80008ba8 (0x94d72c97) x25 0x14d7aba8
core   0: 0x80008bac (0x019420b3) slt     ra, s0, s9
core   0: 3 0x80008bac (0x019420b3) x 1 0x00000001
core   0: 0x80008bb0 (0x0000cd09) c.beqz  a0, pc + 26
core   0: 3 0x80008bb0 (0xcd09)
core   0: 0x80008bb2 (0x0000cb11) c.beqz  a4, pc + 20
core   0: 3 0x80008bb2 (0xcb11)
core   0: 0x80008bb4 (0x0000ea19) c.bnez  a2, pc + 22
core   0: 3 0x80008bb4 (0xea19)
core   0: 0x80008bb6 (0x00004f2d) c.li    t5, 11
core   0: 3 0x80008bb6 (0x4f2d) x30 0x0000000b
core   0: 0x80008bb8 (0x0013f433) and     s0, t2, ra
core   0: 3 0x80008bb8 (0x0013f433) x 8 0x00000000
core   0: 0x80008bbc (0x03317db3) remu    s11, sp, s3
core   0: 3 0x80008bbc (0x03317db3) x27 0x80026ce4
core   0: 0x80008bc0 (0x00000001) c.nop
core   0: 3 0x80008bc0 (0x0001)
core   0: 0x80008bc2 (0x015bdc33) srl     s8, s7, s5
core   0: 3 0x80008bc2 (0x015bdc33) x24 0x80026ce4
core   0: 0x80008bc6 (0x01929033) sll     zero, t0, s9
core   0: 3 0x80008bc6 (0x01929033)
core   0: 0x80008bca (0x001623b3) slt     t2, a2, ra
core   0: 3 0x80008bca (0x001623b3) x 7 0x00000001
core   0: 0x80008bce (0x0000e719) c.bnez  a4, pc + 14
core   0: 3 0x80008bce (0xe719)
core   0: 0x80008bdc (0x0152eeb3) or      t4, t0, s5
core   0: 3 0x80008bdc (0x0152eeb3) x29 0x8d738000
core   0: 0x80008be0 (0x00239a33) sll     s4, t2, sp
core   0: 3 0x80008be0 (0x00239a33) x20 0x00000010
core   0: 0x80008be4 (0x004d2403) lw      s0, 4(s10)
core   0: 3 0x80008be4 (0x004d2403) x 8 0x80007278 mem 0x80022e1c
core   0: 0x80008be8 (0x2ad64313) xori    t1, a2, 685
core   0: 3 0x80008be8 (0x2ad64313) x 6 0x000002ad
core   0: 0x80008bec (0x000085f1) c.srai  a1, 28
core   0: 3 0x80008bec (0x85f1) x11 0xffffffff
core   0: 0x80008bee (0x00008812) c.mv    a6, tp
core   0: 3 0x80008bee (0x8812) x16 0x00000000
core   0: 0x80008bf0 (0x03cd0d13) addi    s10, s10, 60
core   0: 3 0x80008bf0 (0x03cd0d13) x26 0x80022e54
core   0: 0x80008bf4 (0x01a2d3b3) srl     t2, t0, s10
core   0: 3 0x80008bf4 (0x01a2d3b3) x 7 0x000008d7
core   0: 0x80008bf8 (0x00140513) addi    a0, s0, 1
core   0: 3 0x80008bf8 (0x00140513) x10 0x80007279
core   0: 0x80008bfc (0x00009502) c.jalr  a0
core   0: 3 0x80008bfc (0x9502) x 1 0x80008bfe
core   0: 0x80007278 (0xffa00513) li      a0, -6
core   0: 3 0x80007278 (0xffa00513) x10 0xfffffffa
core   0: 0x8000727c (0x0000082a) c.slli  a6, 10
core   0: 3 0x8000727c (0x082a) x16 0x00000000
core   0: 0x8000727e (0x090e7c13) andi    s8, t3, 144
core   0: 3 0x8000727e (0x090e7c13) x24 0x00000000
core   0: 0x80007282 (0x03a275b3) remu    a1, tp, s10
core   0: 3 0x80007282 (0x03a275b3) x11 0x00000000
core   0: 0x80007286 (0x00008e7d) c.and   a2, a5
core   0: 3 0x80007286 (0x8e7d) x12 0x00000000
core   0: 0x80007288 (0x40300733) sub     a4, zero, gp
core   0: 3 0x80007288 (0x40300733) x14 0xfffffa62
core   0: 0x8000728c (0x00000001) c.nop
core   0: 3 0x8000728c (0x0001)
core   0: 0x8000728e (0x03b865b3) rem     a1, a6, s11
core   0: 3 0x8000728e (0x03b865b3) x11 0x00000000
core   0: 0x80007292 (0x0ff0000f) fence   iorw,iorw
core   0: 3 0x80007292 (0x0ff0000f)
core   0: 0x80007296 (0xe07ab493) sltiu   s1, s5, -505
core   0: 3 0x80007296 (0xe07ab493) x 9 0x00000001
core   0: 0x8000729a (0x00000505) c.addi  a0, 1
core   0: 3 0x8000729a (0x0505) x10 0xfffffffb
core   0: 0x8000729c (0x00300693) li      a3, 3
core   0: 3 0x8000729c (0x00300693) x13 0x00000003
core   0: 0x800072a0 (0x0000100f) fence.i
core   0: 3 0x800072a0 (0x0000100f)
core   0: 0x800072a4 (0x01100413) li      s0, 17
core   0: 3 0x800072a4 (0x01100413) x 8 0x00000011
core   0: 0x800072a8 (0x3dfcec37) lui     s8, 0x3dfce
core   0: 3 0x800072a8 (0x3dfcec37) x24 0x3dfce000
core   0: 0x800072ac (0x01dc9a33) sll     s4, s9, t4
core   0: 3 0x800072ac (0x01dc9a33) x20 0x14d7aba8
core   0: 0x800072b0 (0x0197efb3) or      t6, a5, s9
core   0: 3 0x800072b0 (0x0197efb3) x31 0x14d7aba8
core   0: 0x800072b4 (0x0397f9b3) remu    s3, a5, s9
core   0: 3 0x800072b4 (0x0397f9b3) x19 0x00000000
core   0: 0x800072b8 (0x00008db1) c.xor   a1, a2
core   0: 3 0x800072b8 (0x8db1) x11 0x00000000
core   0: 0x800072ba (0x00000695) c.addi  a3, 5
core   0: 3 0x800072ba (0x0695) x13 0x00000008
core   0: 0x800072bc (0xfe86ece3) bltu    a3, s0, pc - 8
core   0: 3 0x800072bc (0xfe86ece3)
core   0: 0x800072b4 (0x0397f9b3) remu    s3, a5, s9
core   0: 3 0x800072b4 (0x0397f9b3) x19 0x00000000
core   0: 0x800072b8 (0x00008db1) c.xor   a1, a2
core   0: 3 0x800072b8 (0x8db1) x11 0x00000000
core   0: 0x800072ba (0x00000695) c.addi  a3, 5
core   0: 3 0x800072ba (0x0695) x13 0x0000000d
core   0: 0x800072bc (0xfe86ece3) bltu    a3, s0, pc - 8
core   0: 3 0x800072bc (0xfe86ece3)
core   0: 0x800072b4 (0x0397f9b3) remu    s3, a5, s9
core   0: 3 0x800072b4 (0x0397f9b3) x19 0x00000000
core   0: 0x800072b8 (0x00008db1) c.xor   a1, a2
core   0: 3 0x800072b8 (0x8db1) x11 0x00000000
core   0: 0x800072ba (0x00000695) c.addi  a3, 5
core   0: 3 0x800072ba (0x0695) x13 0x00000012
core   0: 0x800072bc (0xfe86ece3) bltu    a3, s0, pc - 8
core   0: 3 0x800072bc (0xfe86ece3)
core   0: 0x800072c0 (0x41888a33) sub     s4, a7, s8
core   0: 3 0x800072c0 (0x41888a33) x20 0xc2037000
core   0: 0x800072c4 (0x0000d969) c.beqz  a0, pc - 46
core   0: 3 0x800072c4 (0xd969)
core   0: 0x800072c6 (0xd488f493) andi    s1, a7, -696
core   0: 3 0x800072c6 (0xd488f493) x 9 0x00005000
core   0: 0x800072ca (0x2a16fa93) andi    s5, a3, 673
core   0: 3 0x800072ca (0x2a16fa93) x21 0x00000000
core   0: 0x800072ce (0x026fd4b3) divu    s1, t6, t1
core   0: 3 0x800072ce (0x026fd4b3) x 9 0x0007ca0f
core   0: 0x800072d2 (0x00d2fab3) and     s5, t0, a3
core   0: 3 0x800072d2 (0x00d2fab3) x21 0x00000000
core   0: 0x800072d6 (0x03438033) mul     zero, t2, s4
core   0: 3 0x800072d6 (0x03438033)
core   0: 0x800072da (0x96d04413) xori    s0, zero, -1683
core   0: 3 0x800072da (0x96d04413) x 8 0xfffff96d
core   0: 0x800072de (0x00008dbe) c.mv    s11, a5
core   0: 3 0x800072de (0x8dbe) x27 0x00000000
core   0: 0x800072e0 (0xa5a1eb93) ori     s7, gp, -1446
core   0: 3 0x800072e0 (0xa5a1eb93) x23 0xffffffde
core   0: 0x800072e4 (0x0032de63) bge     t0, gp, pc + 28
core   0: 3 0x800072e4 (0x0032de63)
core   0: 0x800072e8 (0x05035263) bge     t1, a6, pc + 68
core   0: 3 0x800072e8 (0x05035263)
core   0: 0x8000732c (0x23cd6f93) ori     t6, s10, 572
core   0: 3 0x8000732c (0x23cd6f93) x31 0x80022e7c
core   0: 0x80007330 (0x01bf21b3) slt     gp, t5, s11
core   0: 3 0x80007330 (0x01bf21b3) x 3 0x00000000
core   0: 0x80007334 (0x1090f413) andi    s0, ra, 265
core   0: 3 0x80007334 (0x1090f413) x 8 0x00000108
core   0: 0x80007338 (0x00004da9) c.li    s11, 10
core   0: 3 0x80007338 (0x4da9) x27 0x0000000a
core   0: 0x8000733a (0x00008c51) c.or    s0, a2
core   0: 3 0x8000733a (0x8c51) x 8 0x00000108
core   0: 0x8000733c (0x00008f35) c.xor   a4, a3
core   0: 3 0x8000733c (0x8f35) x14 0xfffffa70
core   0: 0x8000733e (0x4158df33) sra     t5, a7, s5
core   0: 3 0x8000733e (0x4158df33) x30 0x00005000
core   0: 0x80007342 (0x0195f1b3) and     gp, a1, s9
core   0: 3 0x80007342 (0x0195f1b3) x 3 0x00000000
core   0: 0x80007346 (0x53ab2c13) slti    s8, s6, 1338
core   0: 3 0x80007346 (0x53ab2c13) x24 0x00000001
core   0: 0x8000734a (0xbefe2a93) slti    s5, t3, -1041
core   0: 3 0x8000734a (0xbefe2a93) x21 0x00000000
core   0: 0x8000734e (0x0000cd11) c.beqz  a0, pc + 28
core   0: 3 0x8000734e (0xcd11)
core   0: 0x80007350 (0x05e97063) bgeu    s2, t5, pc + 64
core   0: 3 0x80007350 (0x05e97063)
core   0: 0x80007390 (0x000009c1) c.addi  s3, 16
core   0: 3 0x80007390 (0x09c1) x19 0x00000010
core   0: 0x80007392 (0x00008e85) c.sub   a3, s1
core   0: 3 0x80007392 (0x8e85) x13 0xfff83603
core   0: 0x80007394 (0x00441f13) slli    t5, s0, 4
core   0: 3 0x80007394 (0x00441f13) x30 0x00001080
core   0: 0x80007398 (0x01ac1a63) bne     s8, s10, pc + 20
core   0: 3 0x80007398 (0x01ac1a63)
core   0: 0x800073ac (0x0362e3b3) rem     t2, t0, s6
core   0: 3 0x800073ac (0x0362e3b3) x 7 0x00000000
core   0: 0x800073b0 (0x004d2403) lw      s0, 4(s10)
core   0: 3 0x800073b0 (0x004d2403) x 8 0x8000201c mem 0x80022e58
core   0: 0x800073b4 (0x879e8993) addi    s3, t4, -1927
core   0: 3 0x800073b4 (0x879e8993) x19 0x8d737879
core   0: 0x800073b8 (0x00000d41) c.addi  s10, 16
core   0: 3 0x800073b8 (0x0d41) x26 0x80022e64
core   0: 0x800073ba (0x039d23b3) mulhsu  t2, s10, s9
core   0: 3 0x800073ba (0x039d23b3) x 7 0xf59457a2
core   0: 0x800073be (0x8d185a37) lui     s4, 0x8d185
core   0: 3 0x800073be (0x8d185a37) x20 0x8d185000
core   0: 0x800073c2 (0x00000752) c.slli  a4, 20
core   0: 3 0x800073c2 (0x0752) x14 0xa7000000
core   0: 0x800073c4 (0x00140e93) addi    t4, s0, 1
core   0: 3 0x800073c4 (0x00140e93) x29 0x8000201d
core   0: 0x800073c8 (0x00009e82) c.jalr  t4
core   0: 3 0x800073c8 (0x9e82) x 1 0x800073ca
core   0: 0x8000201c (0x08d44363) blt     s0, a3, pc + 134
core   0: 3 0x8000201c (0x08d44363)
core   0: 0x800020a2 (0xb3d14e93) xori    t4, sp, -1219
core   0: 3 0x800020a2 (0xb3d14e93) x29 0x7ffd97d9
core   0: 0x800020a6 (0x00008ea9) c.xor   a3, a0
core   0: 3 0x800020a6 (0x8ea9) x13 0x0007c9f8
core   0: 0x800020a8 (0x0062cdb3) xor     s11, t0, t1
core   0: 3 0x800020a8 (0x0062cdb3) x27 0x8d7382ad
core   0: 0x800020ac (0x3785e097) auipc   ra, 0x3785e
core   0: 3 0x800020ac (0x3785e097) x 1 0xb78600ac
core   0: 0x800020b0 (0x022cc263) blt     s9, sp, pc + 36
core   0: 3 0x800020b0 (0x022cc263)
core   0: 0x800020b4 (0x020e3eb3) mulhu   t4, t3, zero
core   0: 3 0x800020b4 (0x020e3eb3) x29 0x00000000
core   0: 0x800020b8 (0x029ee6b3) rem     a3, t4, s1
core   0: 3 0x800020b8 (0x029ee6b3) x13 0x00000000
core   0: 0x800020bc (0x014f1d93) slli    s11, t5, 20
core   0: 3 0x800020bc (0x014f1d93) x27 0x08000000
core   0: 0x800020c0 (0x02639637) lui     a2, 0x2639
core   0: 3 0x800020c0 (0x02639637) x12 0x02639000
core   0: 0x800020c4 (0x000a1c33) sll     s8, s4, zero
core   0: 3 0x800020c4 (0x000a1c33) x24 0x8d185000
core   0: 0x800020c8 (0x40455bb3) sra     s7, a0, tp
core   0: 3 0x800020c8 (0x40455bb3) x23 0xfffffffb
core   0: 0x800020cc (0xd4370993) addi    s3, a4, -701
core   0: 3 0x800020cc (0xd4370993) x19 0xa6fffd43
core   0: 0x800020d0 (0xd0f08c13) addi    s8, ra, -753
core   0: 3 0x800020d0 (0xd0f08c13) x24 0xb785fdbb
core   0: 0x800020d4 (0x8714aa13) slti    s4, s1, -1935
core   0: 3 0x800020d4 (0x8714aa13) x20 0x00000000
core   0: 0x800020d8 (0x02285f33) divu    t5, a6, sp
core   0: 3 0x800020d8 (0x02285f33) x30 0x00000000
core   0: 0x800020dc (0x0236e263) bltu    a3, gp, pc + 36
core   0: 3 0x800020dc (0x0236e263)
core   0: 0x800020e0 (0xa3388d93) addi    s11, a7, -1485
core   0: 3 0x800020e0 (0xa3388d93) x27 0x00004a33
core   0: 0x800020e4 (0x00008e71) c.and   a2, a2
core   0: 3 0x800020e4 (0x8e71) x12 0x02639000
core   0: 0x800020e6 (0x00006249) c.lui   tp, 0x12
core   0: 3 0x800020e6 (0x6249) x 4 0x00012000
core   0: 0x800020e8 (0x02c4ca33) div     s4, s1, a2
core   0: 3 0x800020e8 (0x02c4ca33) x20 0x00000000
core   0: 0x800020ec (0x00238563) beq     t2, sp, pc + 10
core   0: 3 0x800020ec (0x00238563)
core   0: 0x800020f0 (0x00006369) c.lui   t1, 0x1a
core   0: 3 0x800020f0 (0x6369) x 6 0x0001a000
core   0: 0x800020f2 (0x00f53533) sltu    a0, a0, a5
core   0: 3 0x800020f2 (0x00f53533) x10 0x00000000
core   0: 0x800020f6 (0x0398dab3) divu    s5, a7, s9
core   0: 3 0x800020f6 (0x0398dab3) x21 0x00000000
core   0: 0x800020fa (0x00d0e763) bltu    ra, a3, pc + 14
core   0: 3 0x800020fa (0x00d0e763)
core   0: 0x800020fe (0x00004f99) c.li    t6, 6
core   0: 3 0x800020fe (0x4f99) x31 0x00000006
core   0: 0x80002100 (0x02712533) mulhsu  a0, sp, t2
core   0: 3 0x80002100 (0x02712533) x10 0x853827cc
core   0: 0x80002104 (0x40e8de13) srai    t3, a7, 14
core   0: 3 0x80002104 (0x40e8de13) x28 0x00000001
core   0: 0x80002108 (0x017f7663) bgeu    t5, s7, pc + 12
core   0: 3 0x80002108 (0x017f7663)
core   0: 0x8000210c (0x406e5f13) srai    t5, t3, 6
core   0: 3 0x8000210c (0x406e5f13) x30 0x00000000
core   0: 0x80002110 (0x0043e533) or      a0, t2, tp
core   0: 3 0x80002110 (0x0043e533) x10 0xf59577a2
core   0: 0x80002114 (0x000086a5) c.srai  a3, 9
core   0: 3 0x80002114 (0x86a5) x13 0x00000000
core   0: 0x80002116 (0x0282e863) bltu    t0, s0, pc + 48
core   0: 3 0x80002116 (0x0282e863)
core   0: 0x8000211a (0x00008f61) c.and   a4, s0
core   0: 3 0x8000211a (0x8f61) x14 0x80000000
core   0: 0x8000211c (0x00000001) c.nop
core   0: 3 0x8000211c (0x0001)
core   0: 0x8000211e (0x9a0cf993) andi    s3, s9, -1632
core   0: 3 0x8000211e (0x9a0cf993) x19 0x14d7a9a0
core   0: 0x80002122 (0xa092c093) xori    ra, t0, -1527
core   0: 3 0x80002122 (0xa092c093) x 1 0x728c7a09
core   0: 0x80002126 (0x0000100f) fence.i
core   0: 3 0x80002126 (0x0000100f)
core   0: 0x8000212a (0x00a60763) beq     a2, a0, pc + 14
core   0: 3 0x8000212a (0x00a60763)
core   0: 0x8000212e (0x00000001) c.nop
core   0: 3 0x8000212e (0x0001)
core   0: 0x80002130 (0x00008ee9) c.and   a3, a0
core   0: 3 0x80002130 (0x8ee9) x13 0x00000000
core   0: 0x80002132 (0x0000887a) c.mv    a6, t5
core   0: 3 0x80002132 (0x887a) x16 0x00000000
core   0: 0x80002134 (0x021f9033) mulh    zero, t6, ra
core   0: 3 0x80002134 (0x021f9033)
core   0: 0x80002138 (0x03595cb3) divu    s9, s2, s5
core   0: 3 0x80002138 (0x03595cb3) x25 0xffffffff
core   0: 0x8000213c (0x02872b33) mulhsu  s6, a4, s0
core   0: 3 0x8000213c (0x02872b33) x22 0xbfffeff2
core   0: 0x80002140 (0x01f225b3) slt     a1, tp, t6
core   0: 3 0x80002140 (0x01f225b3) x11 0x00000000
core   0: 0x80002144 (0x00008ead) c.xor   a3, a1
core   0: 3 0x80002144 (0x8ead) x13 0x00000000
core   0: 0x80002146 (0x01c36e33) or      t3, t1, t3
core   0: 3 0x80002146 (0x01c36e33) x28 0x0001a001
core   0: 0x8000214a (0x5eba0a13) addi    s4, s4, 1515
core   0: 3 0x8000214a (0x5eba0a13) x20 0x000005eb
core   0: 0x8000214e (0x0bffce13) xori    t3, t6, 191
core   0: 3 0x8000214e (0x0bffce13) x28 0x000000b9
core   0: 0x80002152 (0x03731f63) bne     t1, s7, pc + 62
core   0: 3 0x80002152 (0x03731f63)
core   0: 0x80002190 (0x01344033) xor     zero, s0, s3
core   0: 3 0x80002190 (0x01344033)
core   0: 0x80002194 (0x5119e913) ori     s2, s3, 1297
core   0: 3 0x80002194 (0x5119e913) x18 0x14d7adb1
core   0: 0x80002198 (0x00009afd) c.andi  a3, -1
core   0: 3 0x80002198 (0x9afd) x13 0x00000000
core   0: 0x8000219a (0x00008e99) c.sub   a3, a4
core   0: 3 0x8000219a (0x8e99) x13 0x80000000
core   0: 0x8000219c (0x996c8193) addi    gp, s9, -1642
core   0: 3 0x8000219c (0x996c8193) x 3 0xfffff995
core   0: 0x800021a0 (0x0000874d) c.srai  a4, 19
core   0: 3 0x800021a0 (0x874d) x14 0xfffff000
core   0: 0x800021a2 (0x00005f7d) c.li    t5, -1
core   0: 3 0x800021a2 (0x5f7d) x30 0xffffffff
core   0: 0x800021a4 (0xdcf2a213) slti    tp, t0, -561
core   0: 3 0x800021a4 (0xdcf2a213) x 4 0x00000001
core   0: 0x800021a8 (0x000005b2) c.slli  a1, 12
core   0: 3 0x800021a8 (0x05b2) x11 0x00000000
core   0: 0x800021aa (0x0158cbb3) xor     s7, a7, s5
core   0: 3 0x800021aa (0x0158cbb3) x23 0x00005000
core   0: 0x800021ae (0x008206b3) add     a3, tp, s0
core   0: 3 0x800021ae (0x008206b3) x13 0x8000201d
core   0: 0x800021b2 (0x00d05913) srli    s2, zero, 13
core   0: 3 0x800021b2 (0x00d05913) x18 0x00000000
core   0: 0x800021b6 (0xbad52193) slti    gp, a0, -1107
core   0: 3 0x800021b6 (0xbad52193) x 3 0x00000001
core   0: 0x800021ba (0x010ca2b3) slt     t0, s9, a6
core   0: 3 0x800021ba (0x010ca2b3) x 5 0x00000001
core   0: 0x800021be (0xe1207513) andi    a0, zero, -494
core   0: 3 0x800021be (0xe1207513) x10 0x00000000
core   0: 0x800021c2 (0x0d270613) addi    a2, a4, 210
core   0: 3 0x800021c2 (0x0d270613) x12 0xfffff0d2
core   0: 0x800021c6 (0x00000001) c.nop
core   0: 3 0x800021c6 (0x0001)
core   0: 0x800021c8 (0x010c1d63) bne     s8, a6, pc + 26
core   0: 3 0x800021c8 (0x010c1d63)
core   0: 0x800021e2 (0x0000e595) c.bnez  a1, pc + 44
core   0: 3 0x800021e2 (0xe595)
core   0: 0x800021e4 (0x41c0d633) sra     a2, ra, t3
core   0: 3 0x800021e4 (0x41c0d633) x12 0x00000039
core   0: 0x800021e8 (0x0000621d) c.lui   tp, 0x7
core   0: 3 0x800021e8 (0x621d) x 4 0x00007000
core   0: 0x800021ea (0x4869e993) ori     s3, s3, 1158
core   0: 3 0x800021ea (0x4869e993) x19 0x14d7ada6
core   0: 0x800021ee (0x00918a33) add     s4, gp, s1
core   0: 3 0x800021ee (0x00918a33) x20 0x0007ca10
core   0: 0x800021f2 (0x027bfe63) bgeu    s7, t2, pc + 60
core   0: 3 0x800021f2 (0x027bfe63)
core   0: 0x800021f6 (0x005d0fb3) add     t6, s10, t0
core   0: 3 0x800021f6 (0x005d0fb3) x31 0x80022e65
core   0: 0x800021fa (0x03bb6a63) bltu    s6, s11, pc + 52
core   0: 3 0x800021fa (0x03bb6a63)
core   0: 0x800021fe (0x00704fb3) xor     t6, zero, t2
core   0: 3 0x800021fe (0x00704fb3) x31 0xf59457a2
core   0: 0x80002202 (0x0009f4b3) and     s1, s3, zero
core   0: 3 0x80002202 (0x0009f4b3) x 9 0x00000000
core   0: 0x80002206 (0x03734bb3) div     s7, t1, s7
core   0: 3 0x80002206 (0x03734bb3) x23 0x00000005
core   0: 0x8000220a (0x599d4b13) xori    s6, s10, 1433
core   0: 3 0x8000220a (0x599d4b13) x22 0x80022bfd
core   0: 0x8000220e (0x4125deb3) sra     t4, a1, s2
core   0: 3 0x8000220e (0x4125deb3) x29 0x00000000
core   0: 0x80002212 (0x419e5d93) srai    s11, t3, 25
core   0: 3 0x80002212 (0x419e5d93) x27 0x00000000
core   0: 0x80002216 (0x00405a13) srli    s4, zero, 4
core   0: 3 0x80002216 (0x00405a13) x20 0x00000000
core   0: 0x8000221a (0x0000577d) c.li    a4, -1
core   0: 3 0x8000221a (0x577d) x14 0xffffffff
core   0: 0x8000221c (0x031146b3) div     a3, sp, a7
core   0: 3 0x8000221c (0x031146b3) x13 0xfffe666f
core   0: 0x80002220 (0x16aac593) xori    a1, s5, 362
core   0: 3 0x80002220 (0x16aac593) x11 0x0000016a
core   0: 0x80002224 (0x0000c981) c.beqz  a1, pc + 16
core   0: 3 0x80002224 (0xc981)
core   0: 0x80002226 (0x00008d45) c.or    a0, s1
core   0: 3 0x80002226 (0x8d45) x10 0x00000000
core   0: 0x80002228 (0x00000bf9) c.addi  s7, 30
core   0: 3 0x80002228 (0x0bf9) x23 0x00000023
core   0: 0x8000222a (0x033f8a33) mul     s4, t6, s3
core   0: 3 0x8000222a (0x033f8a33) x20 0xbe774d0c
core   0: 0x8000222e (0x02e18c33) mul     s8, gp, a4
core   0: 3 0x8000222e (0x02e18c33) x24 0xffffffff
core   0: 0x80002232 (0x0000c289) c.beqz  a3, pc + 2
core   0: 3 0x80002232 (0xc289)
core   0: 0x80002234 (0x0089a233) slt     tp, s3, s0
core   0: 3 0x80002234 (0x0089a233) x 4 0x00000000
core   0: 0x80002238 (0x030310b3) mulh    ra, t1, a6
core   0: 3 0x80002238 (0x030310b3) x 1 0x00000000
core   0: 0x8000223c (0x00000526) c.slli  a0, 9
core   0: 3 0x8000223c (0x0526) x10 0x00000000
core   0: 0x8000223e (0x00eacc63) blt     s5, a4, pc + 24
core   0: 3 0x8000223e (0x00eacc63)
core   0: 0x80002242 (0x0000137d) c.addi  t1, -1
core   0: 3 0x80002242 (0x137d) x 6 0x00019fff
core   0: 0x80002244 (0x0b8a2cb7) lui     s9, 0xb8a2
core   0: 3 0x80002244 (0x0b8a2cb7) x25 0x0b8a2000
core   0: 0x80002248 (0x03c4ce63) blt     s1, t3, pc + 60
core   0: 3 0x80002248 (0x03c4ce63)
core   0: 0x80002284 (0x00009e9a) c.add   t4, t1
core   0: 3 0x80002284 (0x9e9a) x29 0x00019fff
core   0: 0x80002286 (0x00008e2d) c.xor   a2, a1
core   0: 3 0x80002286 (0x8e2d) x12 0x00000153
core   0: 0x80002288 (0x02d3e433) rem     s0, t2, a3
core   0: 3 0x80002288 (0x02d3e433) x 8 0xffff52d5
core   0: 0x8000228c (0x000085b9) c.srai  a1, 14
core   0: 3 0x8000228c (0x85b9) x11 0x00000000
core   0: 0x8000228e (0x4397ca93) xori    s5, a5, 1081
core   0: 3 0x8000228e (0x4397ca93) x21 0x00000439
core   0: 0x80002292 (0x00facb63) blt     s5, a5, pc + 22
core   0: 3 0x80002292 (0x00facb63)
core   0: 0x80002296 (0x41b68033) sub     zero, a3, s11
core   0: 3 0x80002296 (0x41b68033)
core   0: 0x8000229a (0x036326b3) mulhsu  a3, t1, s6
core   0: 3 0x8000229a (0x036326b3) x13 0x0000d003
core   0: 0x8000229e (0x00008f69) c.and   a4, a0
core   0: 3 0x8000229e (0x8f69) x14 0x00000000
core   0: 0x800022a0 (0xde25f693) andi    a3, a1, -542
core   0: 3 0x800022a0 (0xde25f693) x13 0x00000000
core   0: 0x800022a4 (0x40f883b3) sub     t2, a7, a5
core   0: 3 0x800022a4 (0x40f883b3) x 7 0x00005000
core   0: 0x800022a8 (0x0000870e) c.mv    a4, gp
core   0: 3 0x800022a8 (0x870e) x14 0x00000001
core   0: 0x800022aa (0x00006335) c.lui   t1, 0xd
core   0: 3 0x800022aa (0x6335) x 6 0x0000d000
core   0: 0x800022ac (0x20f4bd93) sltiu   s11, s1, 527
core   0: 3 0x800022ac (0x20f4bd93) x27 0x00000001
core   0: 0x800022b0 (0x40b2d733) sra     a4, t0, a1
core   0: 3 0x800022b0 (0x40b2d733) x14 0x00000001
core   0: 0x800022b4 (0x004e51b3) srl     gp, t3, tp
core   0: 3 0x800022b4 (0x004e51b3) x 3 0x000000b9
core   0: 0x800022b8 (0x02d37333) remu    t1, t1, a3
core   0: 3 0x800022b8 (0x02d37333) x 6 0x0000d000
core   0: 0x800022bc (0x00008e09) c.sub   a2, a0
core   0: 3 0x800022bc (0x8e09) x12 0x00000153
core   0: 0x800022be (0x02e7e0b3) rem     ra, a5, a4
core   0: 3 0x800022be (0x02e7e0b3) x 1 0x00000000
core   0: 0x800022c2 (0x0000177d) c.addi  a4, -1
core   0: 3 0x800022c2 (0x177d) x14 0x00000000
core   0: 0x800022c4 (0x016b9e13) slli    t3, s7, 22
core   0: 3 0x800022c4 (0x016b9e13) x28 0x08c00000
core   0: 0x800022c8 (0x0ff0000f) fence   iorw,iorw
core   0: 3 0x800022c8 (0x0ff0000f)
core   0: 0x800022cc (0x01518863) beq     gp, s5, pc + 16
core   0: 3 0x800022cc (0x01518863)
core   0: 0x800022d0 (0x00001dfd) c.addi  s11, -1
core   0: 3 0x800022d0 (0x1dfd) x27 0x00000000
core   0: 0x800022d2 (0x03c9b6b3) mulhu   a3, s3, t3
core   0: 3 0x800022d2 (0x03c9b6b3) x13 0x00b65f2f
core   0: 0x800022d6 (0x415806b3) sub     a3, a6, s5
core   0: 3 0x800022d6 (0x415806b3) x13 0xfffffbc7
core   0: 0x800022da (0x00008f01) c.sub   a4, s0
core   0: 3 0x800022da (0x8f01) x14 0x0000ad2b
core   0: 0x800022dc (0x004831b3) sltu    gp, a6, tp
core   0: 3 0x800022dc (0x004831b3) x 3 0x00000000
core   0: 0x800022e0 (0x00008c25) c.xor   s0, s1
core   0: 3 0x800022e0 (0x8c25) x 8 0xffff52d5
core   0: 0x800022e2 (0x00008631) c.srai  a2, 12
core   0: 3 0x800022e2 (0x8631) x12 0x00000000
core   0: 0x800022e4 (0x00000001) c.nop
core   0: 3 0x800022e4 (0x0001)
core   0: 0x800022e6 (0x00e264b3) or      s1, tp, a4
core   0: 3 0x800022e6 (0x00e264b3) x 9 0x0000ad2b
core   0: 0x800022ea (0x02891f63) bne     s2, s0, pc + 62
core   0: 3 0x800022ea (0x02891f63)
core   0: 0x80002328 (0xb900a593) slti    a1, ra, -1136
core   0: 3 0x80002328 (0xb900a593) x11 0x00000000
core   0: 0x8000232c (0x00005f7d) c.li    t5, -1
core   0: 3 0x8000232c (0x5f7d) x30 0xffffffff
core   0: 0x8000232e (0x0ff0000f) fence   iorw,iorw
core   0: 3 0x8000232e (0x0ff0000f)
core   0: 0x80002332 (0x02e86163) bltu    a6, a4, pc + 34
core   0: 3 0x80002332 (0x02e86163)
core   0: 0x80002354 (0x0000e985) c.bnez  a1, pc + 48
core   0: 3 0x80002354 (0xe985)
core   0: 0x80002356 (0x000063d9) c.lui   t2, 0x16
core   0: 3 0x80002356 (0x63d9) x 7 0x00016000
core   0: 0x80002358 (0x00008e0d) c.sub   a2, a1
core   0: 3 0x80002358 (0x8e0d) x12 0x00000000
core   0: 0x8000235a (0x00876233) or      tp, a4, s0
core   0: 3 0x8000235a (0x00876233) x 4 0xffffffff
core   0: 0x8000235e (0x00008df9) c.and   a1, a4
core   0: 3 0x8000235e (0x8df9) x11 0x00000000
core   0: 0x80002360 (0x00008f49) c.or    a4, a0
core   0: 3 0x80002360 (0x8f49) x14 0x0000ad2b
core   0: 0x80002362 (0x02e0a6b3) mulhsu  a3, ra, a4
core   0: 3 0x80002362 (0x02e0a6b3) x13 0x00000000
core   0: 0x80002366 (0x0007b533) sltu    a0, a5, zero
core   0: 3 0x80002366 (0x0007b533) x10 0x00000000
core   0: 0x8000236a (0x3591cd97) auipc   s11, 0x3591c
core   0: 3 0x8000236a (0x3591cd97) x27 0xb591e36a
core   0: 0x8000236e (0x01676c63) bltu    a4, s6, pc + 24
core   0: 3 0x8000236e (0x01676c63)
core   0: 0x80002386 (0x000084dd) c.srai  s1, 23
core   0: 3 0x80002386 (0x84dd) x 9 0x00000000
core   0: 0x80002388 (0x016eee33) or      t3, t4, s6
core   0: 3 0x80002388 (0x016eee33) x28 0x8003bfff
core   0: 0x8000238c (0x014c1963) bne     s8, s4, pc + 18
core   0: 3 0x8000238c (0x014c1963)
core   0: 0x8000239e (0x000083da) c.mv    t2, s6
core   0: 3 0x8000239e (0x83da) x 7 0x80022bfd
core   0: 0x800023a0 (0x68f3bf93) sltiu   t6, t2, 1679
core   0: 3 0x800023a0 (0x68f3bf93) x31 0x00000000
core   0: 0x800023a4 (0x001a5313) srli    t1, s4, 1
core   0: 3 0x800023a4 (0x001a5313) x 6 0x5f3ba686
core   0: 0x800023a8 (0x0000100f) fence.i
core   0: 3 0x800023a8 (0x0000100f)
core   0: 0x800023ac (0x00008d85) c.sub   a1, s1
core   0: 3 0x800023ac (0x8d85) x11 0x00000000
core   0: 0x800023ae (0x03f220b3) mulhsu  ra, tp, t6
core   0: 3 0x800023ae (0x03f220b3) x 1 0x00000000
core   0: 0x800023b2 (0x00000001) c.nop
core   0: 3 0x800023b2 (0x0001)
core   0: 0x800023b4 (0x017750b3) srl     ra, a4, s7
core   0: 3 0x800023b4 (0x017750b3) x 1 0x000015a5
core   0: 0x800023b8 (0x00000001) c.nop
core   0: 3 0x800023b8 (0x0001)
core   0: 0x800023ba (0x03d24363) blt     tp, t4, pc + 38
core   0: 3 0x800023ba (0x03d24363)
core   0: 0x800023e0 (0x00009afd) c.andi  a3, -1
core   0: 3 0x800023e0 (0x9afd) x13 0x00000000
core   0: 0x800023e2 (0x00008cc1) c.or    s1, s0
core   0: 3 0x800023e2 (0x8cc1) x 9 0xffff52d5
core   0: 0x800023e4 (0x01d25c93) srli    s9, tp, 29
core   0: 3 0x800023e4 (0x01d25c93) x25 0x00000007
core   0: 0x800023e8 (0x00529593) slli    a1, t0, 5
core   0: 3 0x800023e8 (0x00529593) x11 0x00000020
core   0: 0x800023ec (0x030e68b3) rem     a7, t3, a6
core   0: 3 0x800023ec (0x030e68b3) x17 0x8003bfff
core   0: 0x800023f0 (0x00008f2d) c.xor   a4, a1
core   0: 3 0x800023f0 (0x8f2d) x14 0x0000ad0b
core   0: 0x800023f2 (0x0ff0000f) fence   iorw,iorw
core   0: 3 0x800023f2 (0x0ff0000f)
core   0: 0x800023f6 (0x01fe4933) xor     s2, t3, t6
core   0: 3 0x800023f6 (0x01fe4933) x18 0x8003bfff
core   0: 0x800023fa (0x0375bab3) mulhu   s5, a1, s7
core   0: 3 0x800023fa (0x0375bab3) x21 0x00000000
core   0: 0x800023fe (0x02368963) beq     a3, gp, pc + 50
core   0: 3 0x800023fe (0x02368963)
core   0: 0x80002430 (0x00c85313) srli    t1, a6, 12
core   0: 3 0x80002430 (0x00c85313) x 6 0x00000000
core   0: 0x80002434 (0x000005aa) c.slli  a1, 10
core   0: 3 0x80002434 (0x05aa) x11 0x00008000
core   0: 0x80002436 (0x03e3ca63) blt     t2, t5, pc + 52
core   0: 3 0x80002436 (0x03e3ca63)
core   0: 0x8000246a (0x00f75993) srli    s3, a4, 15
core   0: 3 0x8000246a (0x00f75993) x19 0x00000001
core   0: 0x8000246e (0x00008151) c.srli  a0, 20
core   0: 3 0x8000246e (0x8151) x10 0x00000000
core   0: 0x80002470 (0x0225d433) divu    s0, a1, sp
core   0: 3 0x80002470 (0x0225d433) x 8 0x00000000
core   0: 0x80002474 (0x00008e9d) c.sub   a3, a5
core   0: 3 0x80002474 (0x8e9d) x13 0x00000000
core   0: 0x80002476 (0x000086c1) c.srai  a3, 16
core   0: 3 0x80002476 (0x86c1) x13 0x00000000
core   0: 0x80002478 (0x01e0cf33) xor     t5, ra, t5
core   0: 3 0x80002478 (0x01e0cf33) x30 0xffffea5a
core   0: 0x8000247c (0x012a1eb3) sll     t4, s4, s2
core   0: 3 0x8000247c (0x012a1eb3) x29 0x00000000
core   0: 0x80002480 (0x00000daa) c.slli  s11, 10
core   0: 3 0x80002480 (0x0daa) x27 0x478da800
core   0: 0x80002482 (0x307756b7) lui     a3, 0x30775
core   0: 3 0x80002482 (0x307756b7) x13 0x30775000
core   0: 0x80002486 (0x2c913613) sltiu   a2, sp, 713
core   0: 3 0x80002486 (0x2c913613) x12 0x00000000
core   0: 0x8000248a (0x00000001) c.nop
core   0: 3 0x8000248a (0x0001)
core   0: 0x8000248c (0x012e0db3) add     s11, t3, s2
core   0: 3 0x8000248c (0x012e0db3) x27 0x00077ffe
core   0: 0x80002490 (0x00000e4a) c.slli  t3, 18
core   0: 3 0x80002490 (0x0e4a) x28 0xfffc0000
core   0: 0x80002492 (0x01ead533) srl     a0, s5, t5
core   0: 3 0x80002492 (0x01ead533) x10 0x00000000
core   0: 0x80002496 (0x0000c29d) c.beqz  a3, pc + 38
core   0: 3 0x80002496 (0xc29d)
core   0: 0x80002498 (0x00008269) c.srli  a2, 26
core   0: 3 0x80002498 (0x8269) x12 0x00000000
core   0: 0x8000249a (0x000054fd) c.li    s1, -1
core   0: 3 0x8000249a (0x54fd) x 9 0xffffffff
core   0: 0x8000249c (0x7eb3ef13) ori     t5, t2, 2027
core   0: 3 0x8000249c (0x7eb3ef13) x30 0x80022fff
core   0: 0x800024a0 (0x0113b5b3) sltu    a1, t2, a7
core   0: 3 0x800024a0 (0x0113b5b3) x11 0x00000001
core   0: 0x800024a4 (0x01d8d1b3) srl     gp, a7, t4
core   0: 3 0x800024a4 (0x01d8d1b3) x 3 0x8003bfff
core   0: 0x800024a8 (0x007bebb3) or      s7, s7, t2
core   0: 3 0x800024a8 (0x007bebb3) x23 0x80022bff
core   0: 0x800024ac (0x8fd4f293) andi    t0, s1, -1795
core   0: 3 0x800024ac (0x8fd4f293) x 5 0xfffff8fd
core   0: 0x800024b0 (0x000000d9) c.addi  ra, 22
core   0: 3 0x800024b0 (0x00d9) x 1 0x000015bb
core   0: 0x800024b2 (0x00008309) c.srli  a4, 2
core   0: 3 0x800024b2 (0x8309) x14 0x00002b42
core   0: 0x800024b4 (0x00000001) c.nop
core   0: 3 0x800024b4 (0x0001)
core   0: 0x800024b6 (0x03c44233) div     tp, s0, t3
core   0: 3 0x800024b6 (0x03c44233) x 4 0x00000000
core   0: 0x800024ba (0x00004211) c.li    tp, 4
core   0: 3 0x800024ba (0x4211) x 4 0x00000004
core   0: 0x800024bc (0x03cbef33) rem     t5, s7, t3
core   0: 3 0x800024bc (0x03cbef33) x30 0xfffe2bff
core   0: 0x800024c0 (0x02b89c33) mulh    s8, a7, a1
core   0: 3 0x800024c0 (0x02b89c33) x24 0xffffffff
core   0: 0x800024c4 (0x00008236) c.mv    tp, a3
core   0: 3 0x800024c4 (0x8236) x 4 0x30775000
core   0: 0x800024c6 (0x01b6cab3) xor     s5, a3, s11
core   0: 3 0x800024c6 (0x01b6cab3) x21 0x30702ffe
core   0: 0x800024ca (0x5781ea13) ori     s4, gp, 1400
core   0: 3 0x800024ca (0x5781ea13) x20 0x8003bfff
core   0: 0x800024ce (0x01710863) beq     sp, s7, pc + 16
core   0: 3 0x800024ce (0x01710863)
core   0: 0x800024d2 (0x03827e33) remu    t3, tp, s8
core   0: 3 0x800024d2 (0x03827e33) x28 0x30775000
core   0: 0x800024d6 (0x0ff0000f) fence   iorw,iorw
core   0: 3 0x800024d6 (0x0ff0000f)
core   0: 0x800024da (0x02fccc63) blt     s9, a5, pc + 56
core   0: 3 0x800024da (0x02fccc63)
core   0: 0x800024de (0xa495f093) andi    ra, a1, -1463
core   0: 3 0x800024de (0xa495f093) x 1 0x00000001
core   0: 0x800024e2 (0x21943513) sltiu   a0, s0, 537
core   0: 3 0x800024e2 (0x21943513) x10 0x00000001
core   0: 0x800024e6 (0x02e9b433) mulhu   s0, s3, a4
core   0: 3 0x800024e6 (0x02e9b433) x 8 0x00000000
core   0: 0x800024ea (0x036cecb3) rem     s9, s9, s6
core   0: 3 0x800024ea (0x036cecb3) x25 0x00000007
core   0: 0x800024ee (0x00008ef5) c.and   a3, a3
core   0: 3 0x800024ee (0x8ef5) x13 0x30775000
core   0: 0x800024f0 (0x000098b2) c.add   a7, a2
core   0: 3 0x800024f0 (0x98b2) x17 0x8003bfff
core   0: 0x800024f2 (0x0000100f) fence.i
core   0: 3 0x800024f2 (0x0000100f)
core   0: 0x800024f6 (0x00c75b63) bge     a4, a2, pc + 22
core   0: 3 0x800024f6 (0x00c75b63)
core   0: 0x8000250c (0x00008505) c.srai  a0, 1
core   0: 3 0x8000250c (0x8505) x10 0x00000000
core   0: 0x8000250e (0x00225f63) bge     tp, sp, pc + 30
core   0: 3 0x8000250e (0x00225f63)
core   0: 0x8000252c (0x00d00f33) add     t5, zero, a3
core   0: 3 0x8000252c (0x00d00f33) x30 0x30775000
core   0: 0x80002530 (0x015fe0b3) or      ra, t6, s5
core   0: 3 0x80002530 (0x015fe0b3) x 1 0x30702ffe
core   0: 0x80002534 (0x000081f9) c.srli  a1, 30
core   0: 3 0x80002534 (0x81f9) x11 0x00000000
core   0: 0x80002536 (0x01513b33) sltu    s6, sp, s5
core   0: 3 0x80002536 (0x01513b33) x22 0x00000000
core   0: 0x8000253a (0x00000001) c.nop
core   0: 3 0x8000253a (0x0001)
core   0: 0x8000253c (0xb6567293) andi    t0, a2, -1179
core   0: 3 0x8000253c (0xb6567293) x 5 0x00000000
core   0: 0x80002540 (0x00008dd1) c.or    a1, a2
core   0: 3 0x80002540 (0x8dd1) x11 0x00000000
core   0: 0x80002542 (0x1670b993) sltiu   s3, ra, 359
core   0: 3 0x80002542 (0x1670b993) x19 0x00000000
core   0: 0x80002546 (0x00008f0d) c.sub   a4, a1
core   0: 3 0x80002546 (0x8f0d) x14 0x00002b42
core   0: 0x80002548 (0x06786663) bltu    a6, t2, pc + 108
core   0: 3 0x80002548 (0x06786663)
core   0: 0x800025b4 (0x01e1d0b3) srl     ra, gp, t5
core   0: 3 0x800025b4 (0x01e1d0b3) x 1 0x8003bfff
core   0: 0x800025b8 (0x02fe43b3) div     t2, t3, a5
core   0: 3 0x800025b8 (0x02fe43b3) x 7 0xffffffff
core   0: 0x800025bc (0x02cfee33) rem     t3, t6, a2
core   0: 3 0x800025bc (0x02cfee33) x28 0x00000000
core   0: 0x800025c0 (0x03cdc933) div     s2, s11, t3
core   0: 3 0x800025c0 (0x03cdc933) x18 0xffffffff
core   0: 0x800025c4 (0x00008e3d) c.xor   a2, a5
core   0: 3 0x800025c4 (0x8e3d) x12 0x00000000
core   0: 0x800025c6 (0x000086cd) c.srai  a3, 19
core   0: 3 0x800025c6 (0x86cd) x13 0x0000060e
core   0: 0x800025c8 (0x00546fb3) or      t6, s0, t0
core   0: 3 0x800025c8 (0x00546fb3) x31 0x00000000
core   0: 0x800025cc (0x007942b3) xor     t0, s2, t2
core   0: 3 0x800025cc (0x007942b3) x 5 0x00000000
core   0: 0x800025d0 (0x0000ec0d) c.bnez  s0, pc + 58
core   0: 3 0x800025d0 (0xec0d)
core   0: 0x800025d2 (0x029cf4b3) remu    s1, s9, s1
core   0: 3 0x800025d2 (0x029cf4b3) x 9 0x00000007
core   0: 0x800025d6 (0x01da44b3) xor     s1, s4, t4
core   0: 3 0x800025d6 (0x01da44b3) x 9 0x8003bfff
core   0: 0x800025da (0xc4f76193) ori     gp, a4, -945
core   0: 3 0x800025da (0xc4f76193) x 3 0xffffff4f
core   0: 0x800025de (0x0000ce81) c.beqz  a3, pc + 24
core   0: 3 0x800025de (0xce81)
core   0: 0x800025e0 (0x024e9c33) mulh    s8, t4, tp
core   0: 3 0x800025e0 (0x024e9c33) x24 0x00000000
core   0: 0x800025e4 (0x0000690d) c.lui   s2, 0x3
core   0: 3 0x800025e4 (0x690d) x18 0x00003000
core   0: 0x800025e6 (0x41dd5e13) srai    t3, s10, 29
core   0: 3 0x800025e6 (0x41dd5e13) x28 0xfffffffc
core   0: 0x800025ea (0x993e79b7) lui     s3, 0x993e7
core   0: 3 0x800025ea (0x993e79b7) x19 0x993e7000
core   0: 0x800025ee (0x031a7bb3) remu    s7, s4, a7
core   0: 3 0x800025ee (0x031a7bb3) x23 0x00000000
core   0: 0x800025f2 (0x03b195b3) mulh    a1, gp, s11
core   0: 3 0x800025f2 (0x03b195b3) x11 0xffffffff
core   0: 0x800025f6 (0x027e4763) blt     t3, t2, pc + 46
core   0: 3 0x800025f6 (0x027e4763)
core   0: 0x80002624 (0x01579b63) bne     a5, s5, pc + 22
core   0: 3 0x80002624 (0x01579b63)
core   0: 0x8000263a (0x00009fb2) c.add   t6, a2
core   0: 3 0x8000263a (0x9fb2) x31 0x00000000
core   0: 0x8000263c (0x41750b33) sub     s6, a0, s7
core   0: 3 0x8000263c (0x41750b33) x22 0x00000000
core   0: 0x80002640 (0x036b7933) remu    s2, s6, s6
core   0: 3 0x80002640 (0x036b7933) x18 0x00000000
core   0: 0x80002644 (0x000080fd) c.srli  s1, 31
core   0: 3 0x80002644 (0x80fd) x 9 0x00000001
core   0: 0x80002646 (0x0000094a) c.slli  s2, 18
core   0: 3 0x80002646 (0x094a) x18 0x00000000
core   0: 0x80002648 (0x01f25493) srli    s1, tp, 31
core   0: 3 0x80002648 (0x01f25493) x 9 0x00000000
core   0: 0x8000264c (0x00a552b3) srl     t0, a0, a0
core   0: 3 0x8000264c (0x00a552b3) x 5 0x00000000
core   0: 0x80002650 (0x008a5c63) bge     s4, s0, pc + 24
core   0: 3 0x80002650 (0x008a5c63)
core   0: 0x80002654 (0x02e1b0b3) mulhu   ra, gp, a4
core   0: 3 0x80002654 (0x02e1b0b3) x 1 0x00002b41
core   0: 0x80002658 (0x00871263) bne     a4, s0, pc + 4
core   0: 3 0x80002658 (0x00871263)
core   0: 0x8000265c (0x00008f75) c.and   a4, a3
core   0: 3 0x8000265c (0x8f75) x14 0x00000202
core   0: 0x8000265e (0x0000991e) c.add   s2, t2
core   0: 3 0x8000265e (0x991e) x18 0xffffffff
core   0: 0x80002660 (0x812c4213) xori    tp, s8, -2030
core   0: 3 0x80002660 (0x812c4213) x 4 0xfffff812
core   0: 0x80002664 (0x6a31bdb7) lui     s11, 0x6a31b
core   0: 3 0x80002664 (0x6a31bdb7) x27 0x6a31b000
core   0: 0x80002668 (0x00004465) c.li    s0, 25
core   0: 3 0x80002668 (0x4465) x 8 0x00000019
core   0: 0x8000266a (0x00e6e863) bltu    a3, a4, pc + 16
core   0: 3 0x8000266a (0x00e6e863)
core   0: 0x8000266e (0x00009852) c.add   a6, s4
core   0: 3 0x8000266e (0x9852) x16 0x8003bfff
core   0: 0x80002670 (0x020f9163) bnez    t6, pc + 34
core   0: 3 0x80002670 (0x020f9163)
core   0: 0x80002674 (0x00008c15) c.sub   s0, a3
core   0: 3 0x80002674 (0x8c15) x 8 0xfffffa0b
core   0: 0x80002676 (0x2db5a593) slti    a1, a1, 731
core   0: 3 0x80002676 (0x2db5a593) x11 0x00000001
core   0: 0x8000267a (0x18e2a337) lui     t1, 0x18e2a
core   0: 3 0x8000267a (0x18e2a337) x 6 0x18e2a000
core   0: 0x8000267e (0x00ac0e33) add     t3, s8, a0
core   0: 3 0x8000267e (0x00ac0e33) x28 0x00000000
core   0: 0x80002682 (0x41dcd6b3) sra     a3, s9, t4
core   0: 3 0x80002682 (0x41dcd6b3) x13 0x00000007
core   0: 0x80002686 (0x00009afd) c.andi  a3, -1
core   0: 3 0x80002686 (0x9afd) x13 0x00000007
core   0: 0x80002688 (0x4151d393) srai    t2, gp, 21
core   0: 3 0x80002688 (0x4151d393) x 7 0xffffffff
core   0: 0x8000268c (0x0000898e) c.mv    s3, gp
core   0: 3 0x8000268c (0x898e) x19 0xffffff4f
core   0: 0x8000268e (0x038671b3) remu    gp, a2, s8
core   0: 3 0x8000268e (0x038671b3) x 3 0x00000000
core   0: 0x80002692 (0x0000e995) c.bnez  a1, pc + 52
core   0: 3 0x80002692 (0xe995)
core   0: 0x800026c6 (0x2ddc6593) ori     a1, s8, 733
core   0: 3 0x800026c6 (0x2ddc6593) x11 0x000002dd
core   0: 0x800026ca (0x0000e489) c.bnez  s1, pc + 10
core   0: 3 0x800026ca (0xe489)
core   0: 0x800026cc (0x89146397) auipc   t2, 0x89146
core   0: 3 0x800026cc (0x89146397) x 7 0x091486cc
core   0: 0x800026d0 (0x0ff0000f) fence   iorw,iorw
core   0: 3 0x800026d0 (0x0ff0000f)
core   0: 0x800026d4 (0x030c8433) mul     s0, s9, a6
core   0: 3 0x800026d4 (0x030c8433) x 8 0x801a3ff9
core   0: 0x800026d8 (0x001d5a13) srli    s4, s10, 1
core   0: 3 0x800026d8 (0x001d5a13) x20 0x40011732
core   0: 0x800026dc (0xf7ace493) ori     s1, s9, -134
core   0: 3 0x800026dc (0xf7ace493) x 9 0xffffff7f
core   0: 0x800026e0 (0x0000100f) fence.i
core   0: 3 0x800026e0 (0x0000100f)
core   0: 0x800026e4 (0x000081c9) c.srli  a1, 18
core   0: 3 0x800026e4 (0x81c9) x11 0x00000000
core   0: 0x800026e6 (0x2f37a013) slti    zero, a5, 755
core   0: 3 0x800026e6 (0x2f37a013)
core   0: 0x800026ea (0x00000001) c.nop
core   0: 3 0x800026ea (0x0001)
core   0: 0x800026ec (0x0001b933) sltu    s2, gp, zero
core   0: 3 0x800026ec (0x0001b933) x18 0x00000000
core   0: 0x800026f0 (0xd3d74b93) xori    s7, a4, -707
core   0: 3 0x800026f0 (0xd3d74b93) x23 0xffffff3f
core   0: 0x800026f4 (0x40cb00b3) sub     ra, s6, a2
core   0: 3 0x800026f4 (0x40cb00b3) x 1 0x00000000
core   0: 0x800026f8 (0x40d0da13) srai    s4, ra, 13
core   0: 3 0x800026f8 (0x40d0da13) x20 0x00000000
core   0: 0x800026fc (0x0000ec1d) c.bnez  s0, pc + 62
core   0: 3 0x800026fc (0xec1d)
core   0: 0x8000273a (0x98493393) sltiu   t2, s2, -1660
core   0: 3 0x8000273a (0x98493393) x 7 0x00000001
core   0: 0x8000273e (0x00008c49) c.or    s0, a0
core   0: 3 0x8000273e (0x8c49) x 8 0x801a3ff9
core   0: 0x80002740 (0x7cb0e2b7) lui     t0, 0x7cb0e
core   0: 3 0x80002740 (0x7cb0e2b7) x 5 0x7cb0e000
core   0: 0x80002744 (0x00008ec5) c.or    a3, s1
core   0: 3 0x80002744 (0x8ec5) x13 0xffffff7f
core   0: 0x80002746 (0x0000c999) c.beqz  a1, pc + 22
core   0: 3 0x80002746 (0xc999)
core   0: 0x8000275c (0x017ad693) srli    a3, s5, 23
core   0: 3 0x8000275c (0x017ad693) x13 0x00000060
core   0: 0x80002760 (0x000082f9) c.srli  a3, 30
core   0: 3 0x80002760 (0x82f9) x13 0x00000000
core   0: 0x80002762 (0x00008c51) c.or    s0, a2
core   0: 3 0x80002762 (0x8c51) x 8 0x801a3ff9
core   0: 0x80002764 (0x0b6e2037) lui     zero, 0xb6e2
core   0: 3 0x80002764 (0x0b6e2037)
core   0: 0x80002768 (0x41e4dc33) sra     s8, s1, t5
core   0: 3 0x80002768 (0x41e4dc33) x24 0xffffff7f
core   0: 0x8000276c (0x00008e05) c.sub   a2, s1
core   0: 3 0x8000276c (0x8e05) x12 0x00000081
core   0: 0x8000276e (0x01d99193) slli    gp, s3, 29
core   0: 3 0x8000276e (0x01d99193) x 3 0xe0000000
core   0: 0x80002772 (0x0ff0000f) fence   iorw,iorw
core   0: 3 0x80002772 (0x0ff0000f)
core   0: 0x80002776 (0x000084d9) c.srai  s1, 22
core   0: 3 0x80002776 (0x84d9) x 9 0xffffffff
core   0: 0x80002778 (0x000084be) c.mv    s1, a5
core   0: 3 0x80002778 (0x84be) x 9 0x00000000
core   0: 0x8000277a (0x12a8a213) slti    tp, a7, 298
core   0: 3 0x8000277a (0x12a8a213) x 4 0x00000001
core   0: 0x8000277e (0x000a3bb3) sltu    s7, s4, zero
core   0: 3 0x8000277e (0x000a3bb3) x23 0x00000000
core   0: 0x80002782 (0x027ece33) div     t3, t4, t2
core   0: 3 0x80002782 (0x027ece33) x28 0x00000000
core   0: 0x80002786 (0x8a7c7c13) andi    s8, s8, -1881
core   0: 3 0x80002786 (0x8a7c7c13) x24 0xfffff827
core   0: 0x8000278a (0x4028db93) srai    s7, a7, 2
core   0: 3 0x8000278a (0x4028db93) x23 0xe000efff
core   0: 0x8000278e (0x03494633) div     a2, s2, s4
core   0: 3 0x8000278e (0x03494633) x12 0xffffffff
core   0: 0x80002792 (0x009ab0b3) sltu    ra, s5, s1
core   0: 3 0x80002792 (0x009ab0b3) x 1 0x00000000
core   0: 0x80002796 (0x00008c61) c.and   s0, s0
core   0: 3 0x80002796 (0x8c61) x 8 0x801a3ff9
core   0: 0x80002798 (0x0000c819) c.beqz  s0, pc + 22
core   0: 3 0x80002798 (0xc819)
core   0: 0x8000279a (0x017e2733) slt     a4, t3, s7
core   0: 3 0x8000279a (0x017e2733) x14 0x00000000
core   0: 0x8000279e (0x00ddd933) srl     s2, s11, a3
core   0: 3 0x8000279e (0x00ddd933) x18 0x6a31b000
core   0: 0x800027a2 (0x01e50333) add     t1, a0, t5
core   0: 3 0x800027a2 (0x01e50333) x 6 0x30775000
core   0: 0x800027a6 (0x00e60563) beq     a2, a4, pc + 10
core   0: 3 0x800027a6 (0x00e60563)
core   0: 0x800027aa (0x00008535) c.srai  a0, 13
core   0: 3 0x800027aa (0x8535) x10 0x00000000
core   0: 0x800027ac (0x00008f55) c.or    a4, a3
core   0: 3 0x800027ac (0x8f55) x14 0x00000000
core   0: 0x800027ae (0x00000001) c.nop
core   0: 3 0x800027ae (0x0001)
core   0: 0x800027b0 (0x03fdd533) divu    a0, s11, t6
core   0: 3 0x800027b0 (0x03fdd533) x10 0xffffffff
core   0: 0x800027b4 (0x0317fb63) bgeu    a5, a7, pc + 54
core   0: 3 0x800027b4 (0x0317fb63)
core   0: 0x800027b8 (0x000018fd) c.addi  a7, -1
core   0: 3 0x800027b8 (0x18fd) x17 0x8003bffe
core   0: 0x800027ba (0x016730b3) sltu    ra, a4, s6
core   0: 3 0x800027ba (0x016730b3) x 1 0x00000000
core   0: 0x800027be (0x00008c05) c.sub   s0, s1
core   0: 3 0x800027be (0x8c05) x 8 0x801a3ff9
core   0: 0x800027c0 (0x4b18b393) sltiu   t2, a7, 1201
core   0: 3 0x800027c0 (0x4b18b393) x 7 0x00000000
core   0: 0x800027c4 (0x0ff0000f) fence   iorw,iorw
core   0: 3 0x800027c4 (0x0ff0000f)
core   0: 0x800027c8 (0x0ff0000f) fence   iorw,iorw
core   0: 3 0x800027c8 (0x0ff0000f)
core   0: 0x800027cc (0x023efe33) remu    t3, t4, gp
core   0: 3 0x800027cc (0x023efe33) x28 0x00000000
core   0: 0x800027d0 (0x4e62b993) sltiu   s3, t0, 1254
core   0: 3 0x800027d0 (0x4e62b993) x19 0x00000000
core   0: 0x800027d4 (0x00000001) c.nop
core   0: 3 0x800027d4 (0x0001)
core   0: 0x800027d6 (0x00434eb3) xor     t4, t1, tp
core   0: 3 0x800027d6 (0x00434eb3) x29 0x30775001
core   0: 0x800027da (0x00a50cb3) add     s9, a0, a0
core   0: 3 0x800027da (0x00a50cb3) x25 0xfffffffe
core   0: 0x800027de (0x0000100f) fence.i
core   0: 3 0x800027de (0x0000100f)
core   0: 0x800027e2 (0x00008cb5) c.xor   s1, a3
core   0: 3 0x800027e2 (0x8cb5) x 9 0x00000000
core   0: 0x800027e4 (0x0000c581) c.beqz  a1, pc + 8
core   0: 3 0x800027e4 (0xc581)
core   0: 0x800027ec (0x000002a6) c.slli  t0, 9
core   0: 3 0x800027ec (0x02a6) x 5 0x61c00000
core   0: 0x800027ee (0x02e20e33) mul     t3, tp, a4
core   0: 3 0x800027ee (0x02e20e33) x28 0x00000000
core   0: 0x800027f2 (0x00008e79) c.and   a2, a4
core   0: 3 0x800027f2 (0x8e79) x12 0x00000000
core   0: 0x800027f4 (0x026f89b3) mul     s3, t6, t1
core   0: 3 0x800027f4 (0x026f89b3) x19 0x00000000
core   0: 0x800027f8 (0x00922933) slt     s2, tp, s1
core   0: 3 0x800027f8 (0x00922933) x18 0x00000000
core   0: 0x800027fc (0x00008b69) c.andi  a4, 26
core   0: 3 0x800027fc (0x8b69) x14 0x00000000
core   0: 0x800027fe (0x00004ef9) c.li    t4, 30
core   0: 3 0x800027fe (0x4ef9) x29 0x0000001e
core   0: 0x80002800 (0x02081eb3) mulh    t4, a6, zero
core   0: 3 0x80002800 (0x02081eb3) x29 0x00000000
core   0: 0x80002804 (0x39eb91b7) lui     gp, 0x39eb9
core   0: 3 0x80002804 (0x39eb91b7) x 3 0x39eb9000
core   0: 0x80002808 (0x00000001) c.nop
core   0: 3 0x80002808 (0x0001)
core   0: 0x8000280a (0x00008ea5) c.xor   a3, s1
core   0: 3 0x8000280a (0x8ea5) x13 0x00000000
core   0: 0x8000280c (0x008ed313) srli    t1, t4, 8
core   0: 3 0x8000280c (0x008ed313) x 6 0x00000000
core   0: 0x80002810 (0x8d53c637) lui     a2, 0x8d53c
core   0: 3 0x80002810 (0x8d53c637) x12 0x8d53c000
core   0: 0x80002814 (0x00000001) c.nop
core   0: 3 0x80002814 (0x0001)
core   0: 0x80002816 (0x00004d95) c.li    s11, 5
core   0: 3 0x80002816 (0x4d95) x27 0x00000005
core   0: 0x80002818 (0x00008ab5) c.andi  a3, 13
core   0: 3 0x80002818 (0x8ab5) x13 0x00000000
core   0: 0x8000281a (0x033a3e33) mulhu   t3, s4, s3
core   0: 3 0x8000281a (0x033a3e33) x28 0x00000000
core   0: 0x8000281e (0x00008e01) c.sub   a2, s0
core   0: 3 0x8000281e (0x8e01) x12 0x0d398007
core   0: 0x80002820 (0x024f6833) rem     a6, t5, tp
core   0: 3 0x80002820 (0x024f6833) x16 0x00000000
core   0: 0x80002824 (0x00008d59) c.or    a0, a4
core   0: 3 0x80002824 (0x8d59) x10 0xffffffff
core   0: 0x80002826 (0x02cb5163) bge     s6, a2, pc + 34
core   0: 3 0x80002826 (0x02cb5163)
core   0: 0x8000282a (0x030dcab3) div     s5, s11, a6
core   0: 3 0x8000282a (0x030dcab3) x21 0xffffffff
core   0: 0x8000282e (0x021ad663) bge     s5, ra, pc + 44
core   0: 3 0x8000282e (0x021ad663)
core   0: 0x80002832 (0x01352b33) slt     s6, a0, s3
core   0: 3 0x80002832 (0x01352b33) x22 0x00000001
core   0: 0x80002836 (0x0214ff63) bgeu    s1, ra, pc + 62
core   0: 3 0x80002836 (0x0214ff63)
core   0: 0x80002874 (0x0000096e) c.slli  s2, 27
core   0: 3 0x80002874 (0x096e) x18 0x00000000
core   0: 0x80002876 (0x0000c891) c.beqz  s1, pc + 20
core   0: 3 0x80002876 (0xc891)
core   0: 0x8000288a (0x00f4d533) srl     a0, s1, a5
core   0: 3 0x8000288a (0x00f4d533) x10 0x00000000
core   0: 0x8000288e (0x00000001) c.nop
core   0: 3 0x8000288e (0x0001)
core   0: 0x80002890 (0x00200693) li      a3, 2
core   0: 3 0x80002890 (0x00200693) x13 0x00000002
core   0: 0x80002894 (0x00000a26) c.slli  s4, 9
core   0: 3 0x80002894 (0x0a26) x20 0x00000000
core   0: 0x80002896 (0x00000001) c.nop
core   0: 3 0x80002896 (0x0001)
core   0: 0x80002898 (0x00009442) c.add   s0, a6
core   0: 3 0x80002898 (0x9442) x 8 0x801a3ff9
core   0: 0x8000289a (0x256c8a93) addi    s5, s9, 598
core   0: 3 0x8000289a (0x256c8a93) x21 0x00000254
core   0: 0x8000289e (0x527e3f13) sltiu   t5, t3, 1319
core   0: 3 0x8000289e (0x527e3f13) x30 0x00000001
core   0: 0x800028a2 (0x000016fd) c.addi  a3, -1
core   0: 3 0x800028a2 (0x16fd) x13 0x00000001
core   0: 0x800028a4 (0x00009916) c.add   s2, t0
core   0: 3 0x800028a4 (0x9916) x18 0x61c00000
core   0: 0x800028a6 (0x000084d1) c.srai  s1, 20
core   0: 3 0x800028a6 (0x84d1) x 9 0x00000000
core   0: 0x800028a8 (0x0156fa33) and     s4, a3, s5
core   0: 3 0x800028a8 (0x0156fa33) x20 0x00000000
core   0: 0x800028ac (0x01c1dc13) srli    s8, gp, 28
core   0: 3 0x800028ac (0x01c1dc13) x24 0x00000003
core   0: 0x800028b0 (0x01c4f5b3) and     a1, s1, t3
core   0: 3 0x800028b0 (0x01c4f5b3) x11 0x00000000
core   0: 0x800028b4 (0x0000919a) c.add   gp, t1
core   0: 3 0x800028b4 (0x919a) x 3 0x39eb9000
core   0: 0x800028b6 (0x011d5a33) srl     s4, s10, a7
core   0: 3 0x800028b6 (0x011d5a33) x20 0x00000002
core   0: 0x800028ba (0x01446733) or      a4, s0, s4
core   0: 3 0x800028ba (0x01446733) x14 0x801a3ffb
core   0: 0x800028be (0x00000001) c.nop
core   0: 3 0x800028be (0x0001)
core   0: 0x800028c0 (0x9377b493) sltiu   s1, a5, -1737
core   0: 3 0x800028c0 (0x9377b493) x 9 0x00000001
core   0: 0x800028c4 (0x0000faf9) c.bnez  a3, pc - 42
core   0: 3 0x800028c4 (0xfaf9)
core   0: 0x8000289a (0x256c8a93) addi    s5, s9, 598
core   0: 3 0x8000289a (0x256c8a93) x21 0x00000254
core   0: 0x8000289e (0x527e3f13) sltiu   t5, t3, 1319
core   0: 3 0x8000289e (0x527e3f13) x30 0x00000001
core   0: 0x800028a2 (0x000016fd) c.addi  a3, -1
core   0: 3 0x800028a2 (0x16fd) x13 0x00000000
core   0: 0x800028a4 (0x00009916) c.add   s2, t0
core   0: 3 0x800028a4 (0x9916) x18 0xc3800000
core   0: 0x800028a6 (0x000084d1) c.srai  s1, 20
core   0: 3 0x800028a6 (0x84d1) x 9 0x00000000
core   0: 0x800028a8 (0x0156fa33) and     s4, a3, s5
core   0: 3 0x800028a8 (0x0156fa33) x20 0x00000000
core   0: 0x800028ac (0x01c1dc13) srli    s8, gp, 28
core   0: 3 0x800028ac (0x01c1dc13) x24 0x00000003
core   0: 0x800028b0 (0x01c4f5b3) and     a1, s1, t3
core   0: 3 0x800028b0 (0x01c4f5b3) x11 0x00000000
core   0: 0x800028b4 (0x0000919a) c.add   gp, t1
core   0: 3 0x800028b4 (0x919a) x 3 0x39eb9000
core   0: 0x800028b6 (0x011d5a33) srl     s4, s10, a7
core   0: 3 0x800028b6 (0x011d5a33) x20 0x00000002
core   0: 0x800028ba (0x01446733) or      a4, s0, s4
core   0: 3 0x800028ba (0x01446733) x14 0x801a3ffb
core   0: 0x800028be (0x00000001) c.nop
core   0: 3 0x800028be (0x0001)
core   0: 0x800028c0 (0x9377b493) sltiu   s1, a5, -1737
core   0: 3 0x800028c0 (0x9377b493) x 9 0x00000001
core   0: 0x800028c4 (0x0000faf9) c.bnez  a3, pc - 42
core   0: 3 0x800028c4 (0xfaf9)
core   0: 0x800028c6 (0x0392ecb3) rem     s9, t0, s9
core   0: 3 0x800028c6 (0x0392ecb3) x25 0x00000000
core   0: 0x800028ca (0x012b02b3) add     t0, s6, s2
core   0: 3 0x800028ca (0x012b02b3) x 5 0xc3800001
core   0: 0x800028ce (0x6e6b88b7) lui     a7, 0x6e6b8
core   0: 3 0x800028ce (0x6e6b88b7) x17 0x6e6b8000
core   0: 0x800028d2 (0x00000001) c.nop
core   0: 3 0x800028d2 (0x0001)
core   0: 0x800028d4 (0x00008359) c.srli  a4, 22
core   0: 3 0x800028d4 (0x8359) x14 0x00000200
core   0: 0x800028d6 (0x00000bee) c.slli  s7, 27
core   0: 3 0x800028d6 (0x0bee) x23 0xf8000000
core   0: 0x800028d8 (0x008e4863) blt     t3, s0, pc + 16
core   0: 3 0x800028d8 (0x008e4863)
core   0: 0x800028dc (0xa1b77217) auipc   tp, 0xa1b77
core   0: 3 0x800028dc (0xa1b77217) x 4 0x21b798dc
core   0: 0x800028e0 (0x01e9c863) blt     s3, t5, pc + 16
core   0: 3 0x800028e0 (0x01e9c863)
core   0: 0x800028f0 (0x0162d513) srli    a0, t0, 22
core   0: 3 0x800028f0 (0x0162d513) x10 0x0000030e
core   0: 0x800028f4 (0x00000001) c.nop
core   0: 3 0x800028f4 (0x0001)
core   0: 0x800028f6 (0x002db3b3) sltu    t2, s11, sp
core   0: 3 0x800028f6 (0x002db3b3) x 7 0x00000001
core   0: 0x800028fa (0x00008ead) c.xor   a3, a1
core   0: 3 0x800028fa (0x8ead) x13 0x00000000
core   0: 0x800028fc (0x00008d91) c.sub   a1, a2
core   0: 3 0x800028fc (0x8d91) x11 0xf2c67ff9
core   0: 0x800028fe (0x008d1eb3) sll     t4, s10, s0
core   0: 3 0x800028fe (0x008d1eb3) x29 0xc8000000
core   0: 0x80002902 (0x0191dc13) srli    s8, gp, 25
core   0: 3 0x80002902 (0x0191dc13) x24 0x0000001c
core   0: 0x80002906 (0x00cae033) or      zero, s5, a2
core   0: 3 0x80002906 (0x00cae033)
core   0: 0x8000290a (0xf9180d93) addi    s11, a6, -111
core   0: 3 0x8000290a (0xf9180d93) x27 0xffffff91
core   0: 0x8000290e (0x000006a2) c.slli  a3, 8
core   0: 3 0x8000290e (0x06a2) x13 0x00000000
core   0: 0x80002910 (0x0000100f) fence.i
core   0: 3 0x80002910 (0x0000100f)
core   0: 0x80002914 (0x0000100f) fence.i
core   0: 3 0x80002914 (0x0000100f)
core   0: 0x80002918 (0x00000776) c.slli  a4, 29
core   0: 3 0x80002918 (0x0776) x14 0x00000000
core   0: 0x8000291a (0x03866163) bltu    a2, s8, pc + 34
core   0: 3 0x8000291a (0x03866163)
core   0: 0x8000291e (0x01110c33) add     s8, sp, a7
core   0: 3 0x8000291e (0x01110c33) x24 0xee6dece4
core   0: 0x80002922 (0x000004aa) c.slli  s1, 10
core   0: 3 0x80002922 (0x04aa) x 9 0x00000400
core   0: 0x80002924 (0x00000ee5) c.addi  t4, 25
core   0: 3 0x80002924 (0x0ee5) x29 0xc8000019
core   0: 0x80002926 (0x00008de9) c.and   a1, a0
core   0: 3 0x80002926 (0x8de9) x11 0x00000308
core   0: 0x80002928 (0x036075b3) remu    a1, zero, s6
core   0: 3 0x80002928 (0x036075b3) x11 0x00000000
core   0: 0x8000292c (0x00008e6d) c.and   a2, a1
core   0: 3 0x8000292c (0x8e6d) x12 0x00000000
core   0: 0x8000292e (0x00000cfe) c.slli  s9, 31
core   0: 3 0x8000292e (0x0cfe) x25 0x00000000
core   0: 0x80002930 (0x0160f963) bgeu    ra, s6, pc + 18
core   0: 3 0x80002930 (0x0160f963)
core   0: 0x80002934 (0x02190ab3) mul     s5, s2, ra
core   0: 3 0x80002934 (0x02190ab3) x21 0x00000000
core   0: 0x80002938 (0x02e0d063) bge     ra, a4, pc + 32
core   0: 3 0x80002938 (0x02e0d063)
core   0: 0x80002958 (0xb2175317) auipc   t1, 0xb2175
core   0: 3 0x80002958 (0xb2175317) x 6 0x32177958
core   0: 0x8000295c (0x004de963) bltu    s11, tp, pc + 18
core   0: 3 0x8000295c (0x004de963)
core   0: 0x80002960 (0x00000001) c.nop
core   0: 3 0x80002960 (0x0001)
core   0: 0x80002962 (0x00008c9d) c.sub   s1, a5
core   0: 3 0x80002962 (0x8c9d) x 9 0x00000400
core   0: 0x80002964 (0x8d5f2593) slti    a1, t5, -1835
core   0: 3 0x80002964 (0x8d5f2593) x11 0x00000000
core   0: 0x80002968 (0x00000001) c.nop
core   0: 3 0x80002968 (0x0001)
core   0: 0x8000296a (0x013474b3) and     s1, s0, s3
core   0: 3 0x8000296a (0x013474b3) x 9 0x00000000
core   0: 0x8000296e (0x02270c33) mul     s8, a4, sp
core   0: 3 0x8000296e (0x02270c33) x24 0x00000000
core   0: 0x80002972 (0xd8d950b7) lui     ra, 0xd8d95
core   0: 3 0x80002972 (0xd8d950b7) x 1 0xd8d95000
core   0: 0x80002976 (0x47178e93) addi    t4, a5, 1137
core   0: 3 0x80002976 (0x47178e93) x29 0x00000471
core   0: 0x8000297a (0x00000001) c.nop
core   0: 3 0x8000297a (0x0001)
core   0: 0x8000297c (0x0000865e) c.mv    a2, s7
core   0: 3 0x8000297c (0x865e) x12 0xf8000000
core   0: 0x8000297e (0xa1fd0297) auipc   t0, 0xa1fd0
core   0: 3 0x8000297e (0xa1fd0297) x 5 0x21fd297e
core   0: 0x80002982 (0x0ff0000f) fence   iorw,iorw
core   0: 3 0x80002982 (0x0ff0000f)
core   0: 0x80002986 (0x000085f5) c.srai  a1, 29
core   0: 3 0x80002986 (0x85f5) x11 0x00000000
core   0: 0x80002988 (0x94302593) slti    a1, zero, -1725
core   0: 3 0x80002988 (0x94302593) x11 0x00000000
core   0: 0x8000298c (0xc0c70913) addi    s2, a4, -1012
core   0: 3 0x8000298c (0xc0c70913) x18 0xfffffc0c
core   0: 0x80002990 (0x000018fd) c.addi  a7, -1
core   0: 3 0x80002990 (0x18fd) x17 0x6e6b7fff
core   0: 0x80002992 (0x00000001) c.nop
core   0: 3 0x80002992 (0x0001)
core   0: 0x80002994 (0x00008411) c.srai  s0, 4
core   0: 3 0x80002994 (0x8411) x 8 0xf801a3ff
core   0: 0x80002996 (0x0de54313) xori    t1, a0, 222
core   0: 3 0x80002996 (0x0de54313) x 6 0x000003d0
core   0: 0x8000299a (0x0ff0000f) fence   iorw,iorw
core   0: 3 0x8000299a (0x0ff0000f)
core   0: 0x8000299e (0x02034763) bltz    t1, pc + 46
core   0: 3 0x8000299e (0x02034763)
core   0: 0x800029a2 (0xc0717e93) andi    t4, sp, -1017
core   0: 3 0x800029a2 (0xc0717e93) x29 0x80026c04
core   0: 0x800029a6 (0x03950a63) beq     a0, s9, pc + 52
core   0: 3 0x800029a6 (0x03950a63)
core   0: 0x800029aa (0x00000001) c.nop
core   0: 3 0x800029aa (0x0001)
core   0: 0x800029ac (0x000088da) c.mv    a7, s6
core   0: 3 0x800029ac (0x88da) x17 0x00000001
core   0: 0x800029ae (0x00000441) c.addi  s0, 16
core   0: 3 0x800029ae (0x0441) x 8 0xf801a40f
core   0: 0x800029b0 (0x0000157d) c.addi  a0, -1
core   0: 3 0x800029b0 (0x157d) x10 0x0000030d
core   0: 0x800029b2 (0x40e5d033) sra     zero, a1, a4
core   0: 3 0x800029b2 (0x40e5d033)
core   0: 0x800029b6 (0x00008b69) c.andi  a4, 26
core   0: 3 0x800029b6 (0x8b69) x14 0x00000000
core   0: 0x800029b8 (0x0393aeb3) mulhsu  t4, t2, s9
core   0: 3 0x800029b8 (0x0393aeb3) x29 0x00000000
core   0: 0x800029bc (0x5a9f2f93) slti    t6, t5, 1449
core   0: 3 0x800029bc (0x5a9f2f93) x31 0x00000001
core   0: 0x800029c0 (0x006a96b3) sll     a3, s5, t1
core   0: 3 0x800029c0 (0x006a96b3) x13 0x00000000
core   0: 0x800029c4 (0x00008691) c.srai  a3, 4
core   0: 3 0x800029c4 (0x8691) x13 0x00000000
core   0: 0x800029c6 (0x000064e1) c.lui   s1, 0x18
core   0: 3 0x800029c6 (0x64e1) x 9 0x00018000
core   0: 0x800029c8 (0x0071a433) slt     s0, gp, t2
core   0: 3 0x800029c8 (0x0071a433) x 8 0x00000000
core   0: 0x800029cc (0x60a2c697) auipc   a3, 0x60a2c
core   0: 3 0x800029cc (0x60a2c697) x13 0xe0a2e9cc
core   0: 0x800029d0 (0x000081bd) c.srli  a1, 15
core   0: 3 0x800029d0 (0x81bd) x11 0x00000000
core   0: 0x800029d2 (0xf9277293) andi    t0, a4, -110
core   0: 3 0x800029d2 (0xf9277293) x 5 0x00000000
core   0: 0x800029d6 (0x00009db2) c.add   s11, a2
core   0: 3 0x800029d6 (0x9db2) x27 0xf7ffff91
core   0: 0x800029d8 (0x0000e99d) c.bnez  a1, pc + 54
core   0: 3 0x800029d8 (0xe99d)
core   0: 0x800029da (0x03e77e63) bgeu    a4, t5, pc + 60
core   0: 3 0x800029da (0x03e77e63)
core   0: 0x800029de (0x01e6c663) blt     a3, t5, pc + 12
core   0: 3 0x800029de (0x01e6c663)
core   0: 0x800029ea (0x02b69f63) bne     a3, a1, pc + 62
core   0: 3 0x800029ea (0x02b69f63)
core   0: 0x80002a28 (0x025c7663) bgeu    s8, t0, pc + 44
core   0: 3 0x80002a28 (0x025c7663)
core   0: 0x80002a54 (0x031a7633) remu    a2, s4, a7
core   0: 3 0x80002a54 (0x031a7633) x12 0x00000000
core   0: 0x80002a58 (0x00008f3d) c.xor   a4, a5
core   0: 3 0x80002a58 (0x8f3d) x14 0x00000000
core   0: 0x80002a5a (0x00006491) c.lui   s1, 0x4
core   0: 3 0x80002a5a (0x6491) x 9 0x00004000
core   0: 0x80002a5c (0x00337733) and     a4, t1, gp
core   0: 3 0x80002a5c (0x00337733) x14 0x00000000
core   0: 0x80002a60 (0x03ceea63) bltu    t4, t3, pc + 52
core   0: 3 0x80002a60 (0x03ceea63)
core   0: 0x80002a64 (0x036beb33) rem     s6, s7, s6
core   0: 3 0x80002a64 (0x036beb33) x22 0x00000000
core   0: 0x80002a68 (0x02635533) divu    a0, t1, t1
core   0: 3 0x80002a68 (0x02635533) x10 0x00000001
core   0: 0x80002a6c (0x5d127513) andi    a0, tp, 1489
core   0: 3 0x80002a6c (0x5d127513) x10 0x000000d0
core   0: 0x80002a70 (0x03189db3) mulh    s11, a7, a7
core   0: 3 0x80002a70 (0x03189db3) x27 0x00000000
core   0: 0x80002a74 (0x00eaa633) slt     a2, s5, a4
core   0: 3 0x80002a74 (0x00eaa633) x12 0x00000000
core   0: 0x80002a78 (0x0098f563) bgeu    a7, s1, pc + 10
core   0: 3 0x80002a78 (0x0098f563)
core   0: 0x80002a7c (0x00006e15) c.lui   t3, 0x5
core   0: 3 0x80002a7c (0x6e15) x28 0x00005000
core   0: 0x80002a7e (0x0a4c4813) xori    a6, s8, 164
core   0: 3 0x80002a7e (0x0a4c4813) x16 0x000000a4
core   0: 0x80002a82 (0x00006945) c.lui   s2, 0x11
core   0: 3 0x80002a82 (0x6945) x18 0x00011000
core   0: 0x80002a84 (0x0000834a) c.mv    t1, s2
core   0: 3 0x80002a84 (0x834a) x 6 0x00011000
core   0: 0x80002a86 (0x0000c519) c.beqz  a0, pc + 14
core   0: 3 0x80002a86 (0xc519)
core   0: 0x80002a88 (0x0093d493) srli    s1, t2, 9
core   0: 3 0x80002a88 (0x0093d493) x 9 0x00000000
core   0: 0x80002a8c (0x00000ce2) c.slli  s9, 24
core   0: 3 0x80002a8c (0x0ce2) x25 0x00000000
core   0: 0x80002a8e (0x032290b3) mulh    ra, t0, s2
core   0: 3 0x80002a8e (0x032290b3) x 1 0x00000000
core   0: 0x80002a92 (0x0000997d) c.andi  a0, -1
core   0: 3 0x80002a92 (0x997d) x10 0x000000d0
core   0: 0x80002a94 (0xa3eeaa13) slti    s4, t4, -1474
core   0: 3 0x80002a94 (0xa3eeaa13) x20 0x00000000
core   0: 0x80002a98 (0x02d76a63) bltu    a4, a3, pc + 52
core   0: 3 0x80002a98 (0x02d76a63)
core   0: 0x80002acc (0x00008df5) c.and   a1, a3
core   0: 3 0x80002acc (0x8df5) x11 0x00000000
core   0: 0x80002ace (0x00008626) c.mv    a2, s1
core   0: 3 0x80002ace (0x8626) x12 0x00000000
core   0: 0x80002ad0 (0x00001afd) c.addi  s5, -1
core   0: 3 0x80002ad0 (0x1afd) x21 0xffffffff
core   0: 0x80002ad2 (0x00008e41) c.or    a2, s0
core   0: 3 0x80002ad2 (0x8e41) x12 0x00000000
core   0: 0x80002ad4 (0x0131d613) srli    a2, gp, 19
core   0: 3 0x80002ad4 (0x0131d613) x12 0x0000073d
core   0: 0x80002ad8 (0x441c4713) xori    a4, s8, 1089
core   0: 3 0x80002ad8 (0x441c4713) x14 0x00000441
core   0: 0x80002adc (0x00009976) c.add   s2, t4
core   0: 3 0x80002adc (0x9976) x18 0x00011000
core   0: 0x80002ade (0x01ad0633) add     a2, s10, s10
core   0: 3 0x80002ade (0x01ad0633) x12 0x00045cc8
core   0: 0x80002ae2 (0x035f62b3) rem     t0, t5, s5
core   0: 3 0x80002ae2 (0x035f62b3) x 5 0x00000000
core   0: 0x80002ae6 (0x02ac5f63) bge     s8, a0, pc + 62
core   0: 3 0x80002ae6 (0x02ac5f63)
core   0: 0x80002aea (0x74a28e37) lui     t3, 0x74a28
core   0: 3 0x80002aea (0x74a28e37) x28 0x74a28000
core   0: 0x80002aee (0x024828b3) mulhsu  a7, a6, tp
core   0: 3 0x80002aee (0x024828b3) x17 0x00000015
core   0: 0x80002af2 (0x0183de33) srl     t3, t2, s8
core   0: 3 0x80002af2 (0x0183de33) x28 0x00000001
core   0: 0x80002af6 (0x76cccb13) xori    s6, s9, 1900
core   0: 3 0x80002af6 (0x76cccb13) x22 0x0000076c
core   0: 0x80002afa (0x012e5013) srli    zero, t3, 18
core   0: 3 0x80002afa (0x012e5013)
core   0: 0x80002afe (0x03654b63) blt     a0, s6, pc + 54
core   0: 3 0x80002afe (0x03654b63)
core   0: 0x80002b34 (0x0324e333) rem     t1, s1, s2
core   0: 3 0x80002b34 (0x0324e333) x 6 0x00000000
core   0: 0x80002b38 (0x00000001) c.nop
core   0: 3 0x80002b38 (0x0001)
core   0: 0x80002b3a (0x0000eb05) c.bnez  a4, pc + 48
core   0: 3 0x80002b3a (0xeb05)
core   0: 0x80002b6a (0x9d48f413) andi    s0, a7, -1580
core   0: 3 0x80002b6a (0x9d48f413) x 8 0x00000014
core   0: 0x80002b6e (0x03035d63) bge     t1, a6, pc + 58
core   0: 3 0x80002b6e (0x03035d63)
core   0: 0x80002b72 (0x4002d813) srai    a6, t0, 0
core   0: 3 0x80002b72 (0x4002d813) x16 0x00000000
core   0: 0x80002b76 (0x7c84b293) sltiu   t0, s1, 1992
core   0: 3 0x80002b76 (0x7c84b293) x 5 0x00000001
core   0: 0x80002b7a (0x03089e33) mulh    t3, a7, a6
core   0: 3 0x80002b7a (0x03089e33) x28 0x00000000
core   0: 0x80002b7e (0x02359e63) bne     a1, gp, pc + 60
core   0: 3 0x80002b7e (0x02359e63)
core   0: 0x80002bba (0x41528eb3) sub     t4, t0, s5
core   0: 3 0x80002bba (0x41528eb3) x29 0x00000002
core   0: 0x80002bbe (0x033050b3) divu    ra, zero, s3
core   0: 3 0x80002bbe (0x033050b3) x 1 0xffffffff
core   0: 0x80002bc2 (0x00000001) c.nop
core   0: 3 0x80002bc2 (0x0001)
core   0: 0x80002bc4 (0x00008c05) c.sub   s0, s1
core   0: 3 0x80002bc4 (0x8c05) x 8 0x00000014
core   0: 0x80002bc6 (0x00008c4d) c.or    s0, a1
core   0: 3 0x80002bc6 (0x8c4d) x 8 0x00000014
core   0: 0x80002bc8 (0x00008365) c.srli  a4, 25
core   0: 3 0x80002bc8 (0x8365) x14 0x00000000
core   0: 0x80002bca (0x41c4de33) sra     t3, s1, t3
core   0: 3 0x80002bca (0x41c4de33) x28 0x00000000
core   0: 0x80002bce (0x0000e719) c.bnez  a4, pc + 14
core   0: 3 0x80002bce (0xe719)
core   0: 0x80002bd0 (0x0241a233) mulhsu  tp, gp, tp
core   0: 3 0x80002bd0 (0x0241a233) x 4 0x07a0e789
core   0: 0x80002bd4 (0x000a7263) bgeu    s4, zero, pc + 4
core   0: 3 0x80002bd4 (0x000a7263)
core   0: 0x80002bd8 (0x00783433) sltu    s0, a6, t2
core   0: 3 0x80002bd8 (0x00783433) x 8 0x00000001
core   0: 0x80002bdc (0x007dd863) bge     s11, t2, pc + 16
core   0: 3 0x80002bdc (0x007dd863)
core   0: 0x80002be0 (0x02999533) mulh    a0, s3, s1
core   0: 3 0x80002be0 (0x02999533) x10 0x00000000
core   0: 0x80002be4 (0x6ef0e913) ori     s2, ra, 1775
core   0: 3 0x80002be4 (0x6ef0e913) x18 0xffffffff
core   0: 0x80002be8 (0x00008d01) c.sub   a0, s0
core   0: 3 0x80002be8 (0x8d01) x10 0xffffffff
core   0: 0x80002bea (0x0000eb09) c.bnez  a4, pc + 18
core   0: 3 0x80002bea (0xeb09)
core   0: 0x80002bec (0x0298c663) blt     a7, s1, pc + 44
core   0: 3 0x80002bec (0x0298c663)
core   0: 0x80002bf0 (0x413e5033) sra     zero, t3, s3
core   0: 3 0x80002bf0 (0x413e5033)
core   0: 0x80002bf4 (0x02cdda63) bge     s11, a2, pc + 52
core   0: 3 0x80002bf4 (0x02cdda63)
core   0: 0x80002bf8 (0x025c7463) bgeu    s8, t0, pc + 40
core   0: 3 0x80002bf8 (0x025c7463)
core   0: 0x80002bfc (0x00008da1) c.xor   a1, s0
core   0: 3 0x80002bfc (0x8da1) x11 0x00000001
core   0: 0x80002bfe (0x020b55b3) divu    a1, s6, zero
core   0: 3 0x80002bfe (0x020b55b3) x11 0xffffffff
core   0: 0x80002c02 (0x4177ddb3) sra     s11, a5, s7
core   0: 3 0x80002c02 (0x4177ddb3) x27 0x00000000
core   0: 0x80002c06 (0x0013d593) srli    a1, t2, 1
core   0: 3 0x80002c06 (0x0013d593) x11 0x00000000
core   0: 0x80002c0a (0x000098fd) c.andi  s1, -1
core   0: 3 0x80002c0a (0x98fd) x 9 0x00000000
core   0: 0x80002c0c (0x0000c195) c.beqz  a1, pc + 36
core   0: 3 0x80002c0c (0xc195)
core   0: 0x80002c30 (0x0217fc63) bgeu    a5, ra, pc + 56
core   0: 3 0x80002c30 (0x0217fc63)
core   0: 0x80002c34 (0x00008d45) c.or    a0, s1
core   0: 3 0x80002c34 (0x8d45) x10 0xffffffff
core   0: 0x80002c36 (0x775b4713) xori    a4, s6, 1909
core   0: 3 0x80002c36 (0x775b4713) x14 0x00000019
core   0: 0x80002c3a (0x40860033) sub     zero, a2, s0
core   0: 3 0x80002c3a (0x40860033)
core   0: 0x80002c3e (0x40545433) sra     s0, s0, t0
core   0: 3 0x80002c3e (0x40545433) x 8 0x00000000
core   0: 0x80002c42 (0x032aeeb3) rem     t4, s5, s2
core   0: 3 0x80002c42 (0x032aeeb3) x29 0x00000000
core   0: 0x80002c46 (0x00b08433) add     s0, ra, a1
core   0: 3 0x80002c46 (0x00b08433) x 8 0xffffffff
core   0: 0x80002c4a (0x5e12c413) xori    s0, t0, 1505
core   0: 3 0x80002c4a (0x5e12c413) x 8 0x000005e0
core   0: 0x80002c4e (0x0000577d) c.li    a4, -1
core   0: 3 0x80002c4e (0x577d) x14 0xffffffff
core   0: 0x80002c50 (0x00008285) c.srli  a3, 1
core   0: 3 0x80002c50 (0x8285) x13 0x705174e6
core   0: 0x80002c52 (0x0341f9b3) remu    s3, gp, s4
core   0: 3 0x80002c52 (0x0341f9b3) x19 0x39eb9000
core   0: 0x80002c56 (0x40b105b3) sub     a1, sp, a1
core   0: 3 0x80002c56 (0x40b105b3) x11 0x80026ce4
core   0: 0x80002c5a (0x0000987d) c.andi  s0, -1
core   0: 3 0x80002c5a (0x987d) x 8 0x000005e0
core   0: 0x80002c5c (0x264fb513) sltiu   a0, t6, 612
core   0: 3 0x80002c5c (0x264fb513) x10 0x00000001
core   0: 0x80002c60 (0x000015fd) c.addi  a1, -1
core   0: 3 0x80002c60 (0x15fd) x11 0x80026ce3
core   0: 0x80002c62 (0x000095be) c.add   a1, a5
core   0: 3 0x80002c62 (0x95be) x11 0x80026ce3
core   0: 0x80002c64 (0xa3138093) addi    ra, t2, -1487
core   0: 3 0x80002c64 (0xa3138093) x 1 0xfffffa32
core   0: 0x80002c68 (0x02a4ccb3) div     s9, s1, a0
core   0: 3 0x80002c68 (0x02a4ccb3) x25 0x00000000
core   0: 0x80002c6c (0x00625db3) srl     s11, tp, t1
core   0: 3 0x80002c6c (0x00625db3) x27 0x07a0e789
core   0: 0x80002c70 (0x89e8ca93) xori    s5, a7, -1890
core   0: 3 0x80002c70 (0x89e8ca93) x21 0xfffff88b
core   0: 0x80002c74 (0x03f641b3) div     gp, a2, t6
core   0: 3 0x80002c74 (0x03f641b3) x 3 0x00045cc8
core   0: 0x80002c78 (0x41d2d193) srai    gp, t0, 29
core   0: 3 0x80002c78 (0x41d2d193) x 3 0x00000000
core   0: 0x80002c7c (0x00822633) slt     a2, tp, s0
core   0: 3 0x80002c7c (0x00822633) x12 0x00000000
core   0: 0x80002c80 (0x02870533) mul     a0, a4, s0
core   0: 3 0x80002c80 (0x02870533) x10 0xfffffa20
core   0: 0x80002c84 (0x41a181b3) sub     gp, gp, s10
core   0: 3 0x80002c84 (0x41a181b3) x 3 0x7ffdd19c
core   0: 0x80002c88 (0x2471a237) lui     tp, 0x2471a
core   0: 3 0x80002c88 (0x2471a237) x 4 0x2471a000
core   0: 0x80002c8c (0x03723833) mulhu   a6, tp, s7
core   0: 3 0x80002c8c (0x03723833) x16 0x234e1300
core   0: 0x80002c90 (0x413ed613) srai    a2, t4, 19
core   0: 3 0x80002c90 (0x413ed613) x12 0x00000000
core   0: 0x80002c94 (0x00008055) c.srli  s0, 21
core   0: 3 0x80002c94 (0x8055) x 8 0x00000000
core   0: 0x80002c96 (0x011145b3) xor     a1, sp, a7
core   0: 3 0x80002c96 (0x011145b3) x11 0x80026cf1
core   0: 0x80002c9a (0x0ff0000f) fence   iorw,iorw
core   0: 3 0x80002c9a (0x0ff0000f)
core   0: 0x80002c9e (0x0094d933) srl     s2, s1, s1
core   0: 3 0x80002c9e (0x0094d933) x18 0x00000000
core   0: 0x80002ca2 (0x0007d863) bgez    a5, pc + 16
core   0: 3 0x80002ca2 (0x0007d863)
core   0: 0x80002cb2 (0x00008e21) c.xor   a2, s0
core   0: 3 0x80002cb2 (0x8e21) x12 0x00000000
core   0: 0x80002cb4 (0x40bedb33) sra     s6, t4, a1
core   0: 3 0x80002cb4 (0x40bedb33) x22 0x00000000
core   0: 0x80002cb8 (0x000081e9) c.srli  a1, 26
core   0: 3 0x80002cb8 (0x81e9) x11 0x00000020
core   0: 0x80002cba (0x699f0337) lui     t1, 0x699f0
core   0: 3 0x80002cba (0x699f0337) x 6 0x699f0000
core   0: 0x80002cbe (0x02ed81b3) mul     gp, s11, a4
core   0: 3 0x80002cbe (0x02ed81b3) x 3 0xf85f1877
core   0: 0x80002cc2 (0x40c95333) sra     t1, s2, a2
core   0: 3 0x80002cc2 (0x40c95333) x 6 0x00000000
core   0: 0x80002cc6 (0x00ac8c63) beq     s9, a0, pc + 24
core   0: 3 0x80002cc6 (0x00ac8c63)
core   0: 0x80002cca (0x03ee8563) beq     t4, t5, pc + 42
core   0: 3 0x80002cca (0x03ee8563)
core   0: 0x80002cce (0x2ef07a17) auipc   s4, 0x2ef07
core   0: 3 0x80002cce (0x2ef07a17) x20 0xaef09cce
core   0: 0x80002cd2 (0x0244a333) mulhsu  t1, s1, tp
core   0: 3 0x80002cd2 (0x0244a333) x 6 0x00000000
core   0: 0x80002cd6 (0x0245dd63) bge     a1, tp, pc + 58
core   0: 3 0x80002cd6 (0x0245dd63)
core   0: 0x80002cda (0x02a644b3) div     s1, a2, a0
core   0: 3 0x80002cda (0x02a644b3) x 9 0x00000000
core   0: 0x80002cde (0x00000001) c.nop
core   0: 3 0x80002cde (0x0001)
core   0: 0x80002ce0 (0x00088863) beqz    a7, pc + 16
core   0: 3 0x80002ce0 (0x00088863)
core   0: 0x80002ce4 (0x01581bb3) sll     s7, a6, s5
core   0: 3 0x80002ce4 (0x01581bb3) x23 0x70980000
core   0: 0x80002ce8 (0x03511fb3) mulh    t6, sp, s5
core   0: 3 0x80002ce8 (0x03511fb3) x31 0x000003ba
core   0: 0x80002cec (0x0000557d) c.li    a0, -1
core   0: 3 0x80002cec (0x557d) x10 0xffffffff
core   0: 0x80002cee (0x0000050a) c.slli  a0, 2
core   0: 3 0x80002cee (0x050a) x10 0xfffffffc
core   0: 0x80002cf0 (0x0000860a) c.mv    a2, sp
core   0: 3 0x80002cf0 (0x860a) x12 0x80026ce4
core   0: 0x80002cf2 (0x0000e80d) c.bnez  s0, pc + 50
core   0: 3 0x80002cf2 (0xe80d)
core   0: 0x80002cf4 (0x02c9bb33) mulhu   s6, s3, a2
core   0: 3 0x80002cf4 (0x02c9bb33) x22 0x1cf6547a
core   0: 0x80002cf8 (0x02217863) bgeu    sp, sp, pc + 48
core   0: 3 0x80002cf8 (0x02217863)
core   0: 0x80002d28 (0x00008265) c.srli  a2, 25
core   0: 3 0x80002d28 (0x8265) x12 0x00000040
core   0: 0x80002d2a (0x000060a9) c.lui   ra, 0xa
core   0: 3 0x80002d2a (0x60a9) x 1 0x0000a000
core   0: 0x80002d2c (0x413e0933) sub     s2, t3, s3
core   0: 3 0x80002d2c (0x413e0933) x18 0xc6147000
core   0: 0x80002d30 (0x015ff563) bgeu    t6, s5, pc + 10
core   0: 3 0x80002d30 (0x015ff563)
core   0: 0x80002d34 (0x000065b5) c.lui   a1, 0xd
core   0: 3 0x80002d34 (0x65b5) x11 0x0000d000
core   0: 0x80002d36 (0x41db88b3) sub     a7, s7, t4
core   0: 3 0x80002d36 (0x41db88b3) x17 0x70980000
core   0: 0x80002d3a (0x00004965) c.li    s2, 25
core   0: 3 0x80002d3a (0x4965) x18 0x00000019
core   0: 0x80002d3c (0xbc3aa493) slti    s1, s5, -1085
core   0: 3 0x80002d3c (0xbc3aa493) x 9 0x00000001
core   0: 0x80002d40 (0x028e4c33) div     s8, t3, s0
core   0: 3 0x80002d40 (0x028e4c33) x24 0xffffffff
core   0: 0x80002d44 (0x00009f1e) c.add   t5, t2
core   0: 3 0x80002d44 (0x9f1e) x30 0x00000002
core   0: 0x80002d46 (0x02ebbfb3) mulhu   t6, s7, a4
core   0: 3 0x80002d46 (0x02ebbfb3) x31 0x7097ffff
core   0: 0x80002d4a (0x03e68e63) beq     a3, t5, pc + 60
core   0: 3 0x80002d4a (0x03e68e63)
core   0: 0x80002d4e (0x01d56a63) bltu    a0, t4, pc + 20
core   0: 3 0x80002d4e (0x01d56a63)
core   0: 0x80002d52 (0x010aa4b3) slt     s1, s5, a6
core   0: 3 0x80002d52 (0x010aa4b3) x 9 0x00000001
core   0: 0x80002d56 (0x027e7b63) bgeu    t3, t2, pc + 54
core   0: 3 0x80002d56 (0x027e7b63)
core   0: 0x80002d5a (0x016895b3) sll     a1, a7, s6
core   0: 3 0x80002d5a (0x016895b3) x11 0x00000000
core   0: 0x80002d5e (0x1e5f2a13) slti    s4, t5, 485
core   0: 3 0x80002d5e (0x1e5f2a13) x20 0x00000001
core   0: 0x80002d62 (0x9d666193) ori     gp, a2, -1578
core   0: 3 0x80002d62 (0x9d666193) x 3 0xfffff9d6
core   0: 0x80002d66 (0x006d8b63) beq     s11, t1, pc + 22
core   0: 3 0x80002d66 (0x006d8b63)
core   0: 0x80002d6a (0x00006c05) c.lui   s8, 0x1
core   0: 3 0x80002d6a (0x6c05) x24 0x00001000
core   0: 0x80002d6c (0x02f60db3) mul     s11, a2, a5
core   0: 3 0x80002d6c (0x02f60db3) x27 0x00000000
core   0: 0x80002d70 (0x02d6a6b3) mulhsu  a3, a3, a3
core   0: 3 0x80002d70 (0x02d6a6b3) x13 0x31476034
core   0: 0x80002d74 (0x6369b913) sltiu   s2, s3, 1590
core   0: 3 0x80002d74 (0x6369b913) x18 0x00000000
core   0: 0x80002d78 (0x0ff0000f) fence   iorw,iorw
core   0: 3 0x80002d78 (0x0ff0000f)
core   0: 0x80002d7c (0x00008f7d) c.and   a4, a5
core   0: 3 0x80002d7c (0x8f7d) x14 0x00000000
core   0: 0x80002d7e (0x011ac763) blt     s5, a7, pc + 14
core   0: 3 0x80002d7e (0x011ac763)
core   0: 0x80002d8c (0x03c4c733) div     a4, s1, t3
core   0: 3 0x80002d8c (0x03c4c733) x14 0xffffffff
core   0: 0x80002d90 (0x0000e891) c.bnez  s1, pc + 20
core   0: 3 0x80002d90 (0xe891)
core   0: 0x80002da4 (0x41dcd713) srai    a4, s9, 29
core   0: 3 0x80002da4 (0x41dcd713) x14 0x00000000
core   0: 0x80002da8 (0x00006c65) c.lui   s8, 0x19
core   0: 3 0x80002da8 (0x6c65) x24 0x00019000
core   0: 0x80002daa (0x00000efd) c.addi  t4, 31
core   0: 3 0x80002daa (0x0efd) x29 0x0000001f
core   0: 0x80002dac (0x5f977617) auipc   a2, 0x5f977
core   0: 3 0x80002dac (0x5f977617) x12 0xdf979dac
core   0: 0x80002db0 (0x00d79093) slli    ra, a5, 13
core   0: 3 0x80002db0 (0x00d79093) x 1 0x00000000
core   0: 0x80002db4 (0x020939b3) mulhu   s3, s2, zero
core   0: 3 0x80002db4 (0x020939b3) x19 0x00000000
core   0: 0x80002db8 (0x022ac493) xori    s1, s5, 34
core   0: 3 0x80002db8 (0x022ac493) x 9 0xfffff8a9
core   0: 0x80002dbc (0x02beceb3) div     t4, t4, a1
core   0: 3 0x80002dbc (0x02beceb3) x29 0xffffffff
core   0: 0x80002dc0 (0x029966b3) rem     a3, s2, s1
core   0: 3 0x80002dc0 (0x029966b3) x13 0x00000000
core   0: 0x80002dc4 (0x02d4adb3) mulhsu  s11, s1, a3
core   0: 3 0x80002dc4 (0x02d4adb3) x27 0x00000000
core   0: 0x80002dc8 (0x03d2a9b3) mulhsu  s3, t0, t4
core   0: 3 0x80002dc8 (0x03d2a9b3) x19 0x00000000
core   0: 0x80002dcc (0x00008af1) c.andi  a3, 28
core   0: 3 0x80002dcc (0x8af1) x13 0x00000000
core   0: 0x80002dce (0x0000ed15) c.bnez  a0, pc + 60
core   0: 3 0x80002dce (0xed15)
core   0: 0x80002e0a (0x02edcc33) div     s8, s11, a4
core   0: 3 0x80002e0a (0x02edcc33) x24 0xffffffff
core   0: 0x80002e0e (0x02eab333) mulhu   t1, s5, a4
core   0: 3 0x80002e0e (0x02eab333) x 6 0x00000000
core   0: 0x80002e12 (0x0305f063) bgeu    a1, a6, pc + 32
core   0: 3 0x80002e12 (0x0305f063)
core   0: 0x80002e16 (0x0bcaaa97) auipc   s5, 0xbcaa
core   0: 3 0x80002e16 (0x0bcaaa97) x21 0x8bcace16
core   0: 0x80002e1a (0x00008775) c.srai  a4, 29
core   0: 3 0x80002e1a (0x8775) x14 0x00000000
core   0: 0x80002e1c (0x0000eb01) c.bnez  a4, pc + 16
core   0: 3 0x80002e1c (0xeb01)
core   0: 0x80002e1e (0x00008dd1) c.or    a1, a2
core   0: 3 0x80002e1e (0x8dd1) x11 0xdf979dac
core   0: 0x80002e20 (0x01f91663) bne     s2, t6, pc + 12
core   0: 3 0x80002e20 (0x01f91663)
core   0: 0x80002e2c (0x00008c0d) c.sub   s0, a1
core   0: 3 0x80002e2c (0x8c0d) x 8 0x20686254
core   0: 0x80002e2e (0x418152b3) sra     t0, sp, s8
core   0: 3 0x80002e2e (0x418152b3) x 5 0xffffffff
core   0: 0x80002e32 (0x013ddc13) srli    s8, s11, 19
core   0: 3 0x80002e32 (0x013ddc13) x24 0x00000000
core   0: 0x80002e36 (0x0000e895) c.bnez  s1, pc + 52
core   0: 3 0x80002e36 (0xe895)
core   0: 0x80002e6a (0xaaf02913) slti    s2, zero, -1361
core   0: 3 0x80002e6a (0xaaf02913) x18 0x00000000
core   0: 0x80002e6e (0x01001cb3) sll     s9, zero, a6
core   0: 3 0x80002e6e (0x01001cb3) x25 0x00000000
core   0: 0x80002e72 (0x02a99263) bne     s3, a0, pc + 36
core   0: 3 0x80002e72 (0x02a99263)
core   0: 0x80002e96 (0x00b8b0b3) sltu    ra, a7, a1
core   0: 3 0x80002e96 (0x00b8b0b3) x 1 0x00000001
core   0: 0x80002e9a (0x4059d3b3) sra     t2, s3, t0
core   0: 3 0x80002e9a (0x4059d3b3) x 7 0x00000000
core   0: 0x80002e9e (0x00000001) c.nop
core   0: 3 0x80002e9e (0x0001)
core   0: 0x80002ea0 (0x000089e6) c.mv    s3, s9
core   0: 3 0x80002ea0 (0x89e6) x19 0x00000000
core   0: 0x80002ea2 (0x000088fe) c.mv    a7, t6
core   0: 3 0x80002ea2 (0x88fe) x17 0x7097ffff
core   0: 0x80002ea4 (0x40bb5b93) srai    s7, s6, 11
core   0: 3 0x80002ea4 (0x40bb5b93) x23 0x00039eca
core   0: 0x80002ea8 (0x014f79b3) and     s3, t5, s4
core   0: 3 0x80002ea8 (0x014f79b3) x19 0x00000000
core   0: 0x80002eac (0x40105e33) sra     t3, zero, ra
core   0: 3 0x80002eac (0x40105e33) x28 0x00000000
core   0: 0x80002eb0 (0x0049f963) bgeu    s3, tp, pc + 18
core   0: 3 0x80002eb0 (0x0049f963)
core   0: 0x80002eb4 (0x00008dc9) c.or    a1, a0
core   0: 3 0x80002eb4 (0x8dc9) x11 0xfffffffc
core   0: 0x80002eb6 (0x007d9a63) bne     s11, t2, pc + 20
core   0: 3 0x80002eb6 (0x007d9a63)
core   0: 0x80002eba (0x01d81433) sll     s0, a6, t4
core   0: 3 0x80002eba (0x01d81433) x 8 0x00000000
core   0: 0x80002ebe (0x5c2b0093) addi    ra, s6, 1474
core   0: 3 0x80002ebe (0x5c2b0093) x 1 0x1cf65a3c
core   0: 0x80002ec2 (0x00c66333) or      t1, a2, a2
core   0: 3 0x80002ec2 (0x00c66333) x 6 0xdf979dac
core   0: 0x80002ec6 (0x00dda333) slt     t1, s11, a3
core   0: 3 0x80002ec6 (0x00dda333) x 6 0x00000000
core   0: 0x80002eca (0xeea4ee93) ori     t4, s1, -278
core   0: 3 0x80002eca (0xeea4ee93) x29 0xfffffeeb
core   0: 0x80002ece (0x01c04a63) blt     zero, t3, pc + 20
core   0: 3 0x80002ece (0x01c04a63)
core   0: 0x80002ed2 (0x8e607413) andi    s0, zero, -1818
core   0: 3 0x80002ed2 (0x8e607413) x 8 0x00000000
core   0: 0x80002ed6 (0x0ff0000f) fence   iorw,iorw
core   0: 3 0x80002ed6 (0x0ff0000f)
core   0: 0x80002eda (0xdc873f13) sltiu   t5, a4, -568
core   0: 3 0x80002eda (0xdc873f13) x30 0x00000001
core   0: 0x80002ede (0x07f7e463) bltu    a5, t6, pc + 104
core   0: 3 0x80002ede (0x07f7e463)
core   0: 0x80002f46 (0x00000001) c.nop
core   0: 3 0x80002f46 (0x0001)
core   0: 0x80002f48 (0x034d76b3) remu    a3, s10, s4
core   0: 3 0x80002f48 (0x034d76b3) x13 0x00000000
core   0: 0x80002f4c (0xdcf62093) slti    ra, a2, -561
core   0: 3 0x80002f4c (0xdcf62093) x 1 0x00000001
core   0: 0x80002f50 (0x02ccf763) bgeu    s9, a2, pc + 46
core   0: 3 0x80002f50 (0x02ccf763)
core   0: 0x80002f54 (0x03106833) rem     a6, zero, a7
core   0: 3 0x80002f54 (0x03106833) x16 0x00000000
core   0: 0x80002f58 (0x03afee33) rem     t3, t6, s10
core   0: 3 0x80002f58 (0x03afee33) x28 0x7097ffff
core   0: 0x80002f5c (0x03c271b3) remu    gp, tp, t3
core   0: 3 0x80002f5c (0x03c271b3) x 3 0x2471a000
core   0: 0x80002f60 (0x03d6eab3) rem     s5, a3, t4
core   0: 3 0x80002f60 (0x03d6eab3) x21 0x00000000
core   0: 0x80002f64 (0x01ca5563) bge     s4, t3, pc + 10
core   0: 3 0x80002f64 (0x01ca5563)
core   0: 0x80002f68 (0x0184de33) srl     t3, s1, s8
core   0: 3 0x80002f68 (0x0184de33) x28 0xfffff8a9
core   0: 0x80002f6c (0x000009a6) c.slli  s3, 9
core   0: 3 0x80002f6c (0x09a6) x19 0x00000000
core   0: 0x80002f6e (0x024620b3) mulhsu  ra, a2, tp
core   0: 3 0x80002f6e (0x024620b3) x 1 0xfb62efd7
core   0: 0x80002f72 (0x00009b7d) c.andi  a4, -1
core   0: 3 0x80002f72 (0x9b7d) x14 0x00000000
core   0: 0x80002f74 (0x0ff0000f) fence   iorw,iorw
core   0: 3 0x80002f74 (0x0ff0000f)
core   0: 0x80002f78 (0x00000001) c.nop
core   0: 3 0x80002f78 (0x0001)
core   0: 0x80002f7a (0x019548b3) xor     a7, a0, s9
core   0: 3 0x80002f7a (0x019548b3) x17 0xfffffffc
core   0: 0x80002f7e (0x0000100f) fence.i
core   0: 3 0x80002f7e (0x0000100f)
core   0: 0x80002f82 (0x0ff0000f) fence   iorw,iorw
core   0: 3 0x80002f82 (0x0ff0000f)
core   0: 0x80002f86 (0x00008c5d) c.or    s0, a5
core   0: 3 0x80002f86 (0x8c5d) x 8 0x00000000
core   0: 0x80002f88 (0x00008085) c.srli  s1, 1
core   0: 3 0x80002f88 (0x8085) x 9 0x7ffffc54
core   0: 0x80002f8a (0x02b13433) mulhu   s0, sp, a1
core   0: 3 0x80002f8a (0x02b13433) x 8 0x80026ce1
core   0: 0x80002f8e (0x00000001) c.nop
core   0: 3 0x80002f8e (0x0001)
core   0: 0x80002f90 (0x00008a09) c.andi  a2, 2
core   0: 3 0x80002f90 (0x8a09) x12 0x00000000
core   0: 0x80002f92 (0x00008611) c.srai  a2, 4
core   0: 3 0x80002f92 (0x8611) x12 0x00000000
core   0: 0x80002f94 (0x00008f55) c.or    a4, a3
core   0: 3 0x80002f94 (0x8f55) x14 0x00000000
core   0: 0x80002f96 (0x00008f61) c.and   a4, s0
core   0: 3 0x80002f96 (0x8f61) x14 0x00000000
core   0: 0x80002f98 (0x00009b7d) c.andi  a4, -1
core   0: 3 0x80002f98 (0x9b7d) x14 0x00000000
core   0: 0x80002f9a (0xa22cf637) lui     a2, 0xa22cf
core   0: 3 0x80002f9a (0xa22cf637) x12 0xa22cf000
core   0: 0x80002f9e (0x00006e29) c.lui   t3, 0xa
core   0: 3 0x80002f9e (0x6e29) x28 0x0000a000
core   0: 0x80002fa0 (0x0003a0b3) slt     ra, t2, zero
core   0: 3 0x80002fa0 (0x0003a0b3) x 1 0x00000000
core   0: 0x80002fa4 (0x00009a7d) c.andi  a2, -1
core   0: 3 0x80002fa4 (0x9a7d) x12 0xa22cf000
core   0: 0x80002fa6 (0x02be3533) mulhu   a0, t3, a1
core   0: 3 0x80002fa6 (0x02be3533) x10 0x00009fff
core   0: 0x80002faa (0x00886b33) or      s6, a6, s0
core   0: 3 0x80002faa (0x00886b33) x22 0x80026ce1
core   0: 0x80002fae (0x01b81b33) sll     s6, a6, s11
core   0: 3 0x80002fae (0x01b81b33) x22 0x00000000
core   0: 0x80002fb2 (0x00af9763) bne     t6, a0, pc + 14
core   0: 3 0x80002fb2 (0x00af9763)
core   0: 0x80002fc0 (0x000089f1) c.andi  a1, 28
core   0: 3 0x80002fc0 (0x89f1) x11 0x0000001c
core   0: 0x80002fc2 (0x00cbe233) or      tp, s7, a2
core   0: 3 0x80002fc2 (0x00cbe233) x 4 0xa22ffeca
core   0: 0x80002fc6 (0x000002e2) c.slli  t0, 24
core   0: 3 0x80002fc6 (0x02e2) x 5 0xff000000
core   0: 0x80002fc8 (0x413b0733) sub     a4, s6, s3
core   0: 3 0x80002fc8 (0x413b0733) x14 0x00000000
core   0: 0x80002fcc (0x40825b33) sra     s6, tp, s0
core   0: 3 0x80002fcc (0x40825b33) x22 0xd117ff65
core   0: 0x80002fd0 (0x00008f35) c.xor   a4, a3
core   0: 3 0x80002fd0 (0x8f35) x14 0x00000000
core   0: 0x80002fd2 (0x00009f4a) c.add   t5, s2
core   0: 3 0x80002fd2 (0x9f4a) x30 0x00000001
core   0: 0x80002fd4 (0x00009932) c.add   s2, a2
core   0: 3 0x80002fd4 (0x9932) x18 0xa22cf000
core   0: 0x80002fd6 (0x01ea4333) xor     t1, s4, t5
core   0: 3 0x80002fd6 (0x01ea4333) x 6 0x00000000
core   0: 0x80002fda (0x40e60bb3) sub     s7, a2, a4
core   0: 3 0x80002fda (0x40e60bb3) x23 0xa22cf000
core   0: 0x80002fde (0x0000100f) fence.i
core   0: 3 0x80002fde (0x0000100f)
core   0: 0x80002fe2 (0xdcbb0813) addi    a6, s6, -565
core   0: 3 0x80002fe2 (0xdcbb0813) x16 0xd117fd30
core   0: 0x80002fe6 (0x00008ed1) c.or    a3, a2
core   0: 3 0x80002fe6 (0x8ed1) x13 0xa22cf000
core   0: 0x80002fe8 (0x03950e63) beq     a0, s9, pc + 60
core   0: 3 0x80002fe8 (0x03950e63)
core   0: 0x80002fec (0x02e52c33) mulhsu  s8, a0, a4
core   0: 3 0x80002fec (0x02e52c33) x24 0x00000000
core   0: 0x80002ff0 (0x003373b3) and     t2, t1, gp
core   0: 3 0x80002ff0 (0x003373b3) x 7 0x00000000
core   0: 0x80002ff4 (0x0000492d) c.li    s2, 11
core   0: 3 0x80002ff4 (0x492d) x18 0x0000000b
core   0: 0x80002ff6 (0x000086dd) c.srai  a3, 23
core   0: 3 0x80002ff6 (0x86dd) x13 0xffffff44
core   0: 0x80002ff8 (0x00faeab3) or      s5, s5, a5
core   0: 3 0x80002ff8 (0x00faeab3) x21 0x00000000
core   0: 0x80002ffc (0x03df1b33) mulh    s6, t5, t4
core   0: 3 0x80002ffc (0x03df1b33) x22 0xffffffff
core   0: 0x80003000 (0x038f4cb3) div     s9, t5, s8
core   0: 3 0x80003000 (0x038f4cb3) x25 0xffffffff
core   0: 0x80003004 (0x4b28fe17) auipc   t3, 0x4b28f
core   0: 3 0x80003004 (0x4b28fe17) x28 0xcb292004
core   0: 0x80003008 (0x031888b3) mul     a7, a7, a7
core   0: 3 0x80003008 (0x031888b3) x17 0x00000010
core   0: 0x8000300c (0x020e51b3) divu    gp, t3, zero
core   0: 3 0x8000300c (0x020e51b3) x 3 0xffffffff
core   0: 0x80003010 (0x412adab3) sra     s5, s5, s2
core   0: 3 0x80003010 (0x412adab3) x21 0x00000000
core   0: 0x80003014 (0x2d38f813) andi    a6, a7, 723
core   0: 3 0x80003014 (0x2d38f813) x16 0x00000010
core   0: 0x80003018 (0x013d33b3) sltu    t2, s10, s3
core   0: 3 0x80003018 (0x013d33b3) x 7 0x00000000
core   0: 0x8000301c (0x00008ccd) c.or    s1, a1
core   0: 3 0x8000301c (0x8ccd) x 9 0x7ffffc5c
core   0: 0x8000301e (0x0173dab3) srl     s5, t2, s7
core   0: 3 0x8000301e (0x0173dab3) x21 0x00000000
core   0: 0x80003022 (0x00008c3d) c.xor   s0, a5
core   0: 3 0x80003022 (0x8c3d) x 8 0x80026ce1
core   0: 0x80003024 (0x00008f55) c.or    a4, a3
core   0: 3 0x80003024 (0x8f55) x14 0xffffff44
core   0: 0x80003026 (0x0000ea09) c.bnez  a2, pc + 18
core   0: 3 0x80003026 (0xea09)
core   0: 0x80003038 (0x4c70b513) sltiu   a0, ra, 1223
core   0: 3 0x80003038 (0x4c70b513) x10 0x00000001
core   0: 0x8000303c (0x40745213) srai    tp, s0, 7
core   0: 3 0x8000303c (0x40745213) x 4 0xff0004d9
core   0: 0x80003040 (0x00008685) c.srai  a3, 1
core   0: 3 0x80003040 (0x8685) x13 0xffffffa2
core   0: 0x80003042 (0x00008ec9) c.or    a3, a0
core   0: 3 0x80003042 (0x8ec9) x13 0xffffffa3
core   0: 0x80003044 (0x01dff533) and     a0, t6, t4
core   0: 3 0x80003044 (0x01dff533) x10 0x7097feeb
core   0: 0x80003048 (0x00ef1213) slli    tp, t5, 14
core   0: 3 0x80003048 (0x00ef1213) x 4 0x00004000
core   0: 0x8000304c (0x007d1bb3) sll     s7, s10, t2
core   0: 3 0x8000304c (0x007d1bb3) x23 0x80022e64
core   0: 0x80003050 (0x03957263) bgeu    a0, s9, pc + 36
core   0: 3 0x80003050 (0x03957263)
core   0: 0x80003054 (0x0000997d) c.andi  a0, -1
core   0: 3 0x80003054 (0x997d) x10 0x7097feeb
core   0: 0x80003056 (0x0110e033) or      zero, ra, a7
core   0: 3 0x80003056 (0x0110e033)
core   0: 0x8000305a (0x0ff0000f) fence   iorw,iorw
core   0: 3 0x8000305a (0x0ff0000f)
core   0: 0x8000305e (0x01e1e033) or      zero, gp, t5
core   0: 3 0x8000305e (0x01e1e033)
core   0: 0x80003062 (0x00eda2b3) slt     t0, s11, a4
core   0: 3 0x80003062 (0x00eda2b3) x 5 0x00000000
core   0: 0x80003066 (0x000043c9) c.li    t2, 18
core   0: 3 0x80003066 (0x43c9) x 7 0x00000012
core   0: 0x80003068 (0x375bcc93) xori    s9, s7, 885
core   0: 3 0x80003068 (0x375bcc93) x25 0x80022d11
core   0: 0x8000306c (0x0000cd99) c.beqz  a1, pc + 30
core   0: 3 0x8000306c (0xcd99)
core   0: 0x8000306e (0x0149a033) slt     zero, s3, s4
core   0: 3 0x8000306e (0x0149a033)
core   0: 0x80003072 (0x00008ea5) c.xor   a3, s1
core   0: 3 0x80003072 (0x8ea5) x13 0x800003ff
core   0: 0x80003074 (0x00dd5893) srli    a7, s10, 13
core   0: 3 0x80003074 (0x00dd5893) x17 0x00040011
core   0: 0x80003078 (0x530c3c93) sltiu   s9, s8, 1328
core   0: 3 0x80003078 (0x530c3c93) x25 0x00000001
core   0: 0x8000307c (0x017a9b93) slli    s7, s5, 23
core   0: 3 0x8000307c (0x017a9b93) x23 0x00000000
core   0: 0x80003080 (0x010cbe33) sltu    t3, s9, a6
core   0: 3 0x80003080 (0x010cbe33) x28 0x00000001
core   0: 0x80003084 (0x00004f39) c.li    t5, 14
core   0: 3 0x80003084 (0x4f39) x30 0x0000000e
core   0: 0x80003086 (0x0000100f) fence.i
core   0: 3 0x80003086 (0x0000100f)
core   0: 0x8000308a (0x0000895a) c.mv    s2, s6
core   0: 3 0x8000308a (0x895a) x18 0xffffffff
core   0: 0x8000308c (0x013f7db3) and     s11, t5, s3
core   0: 3 0x8000308c (0x013f7db3) x27 0x00000000
core   0: 0x80003090 (0x00f44d63) blt     s0, a5, pc + 26
core   0: 3 0x80003090 (0x00f44d63)
core   0: 0x800030aa (0x024e66b3) rem     a3, t3, tp
core   0: 3 0x800030aa (0x024e66b3) x13 0x00000001
core   0: 0x800030ae (0x0000e605) c.bnez  a2, pc + 40
core   0: 3 0x800030ae (0xe605)
core   0: 0x800030d6 (0x02898db3) mul     s11, s3, s0
core   0: 3 0x800030d6 (0x02898db3) x27 0x00000000
core   0: 0x800030da (0x00000001) c.nop
core   0: 3 0x800030da (0x0001)
core   0: 0x800030dc (0x40475d93) srai    s11, a4, 4
core   0: 3 0x800030dc (0x40475d93) x27 0xfffffff4
core   0: 0x800030e0 (0x00fdaa33) slt     s4, s11, a5
core   0: 3 0x800030e0 (0x00fdaa33) x20 0x00000001
core   0: 0x800030e4 (0xe67f2f17) auipc   t5, 0xe67f2
core   0: 3 0x800030e4 (0xe67f2f17) x30 0x667f50e4
core   0: 0x800030e8 (0x000013fd) c.addi  t2, -1
core   0: 3 0x800030e8 (0x13fd) x 7 0x00000011
core   0: 0x800030ea (0x81b18593) addi    a1, gp, -2021
core   0: 3 0x800030ea (0x81b18593) x11 0xfffff81a
core   0: 0x800030ee (0xdb154593) xori    a1, a0, -591
core   0: 3 0x800030ee (0xdb154593) x11 0x8f68035a
core   0: 0x800030f2 (0x4088d093) srai    ra, a7, 8
core   0: 3 0x800030f2 (0x4088d093) x 1 0x00000400
core   0: 0x800030f6 (0x018f90b3) sll     ra, t6, s8
core   0: 3 0x800030f6 (0x018f90b3) x 1 0x7097ffff
core   0: 0x800030fa (0x02295463) bge     s2, sp, pc + 40
core   0: 3 0x800030fa (0x02295463)
core   0: 0x80003122 (0x00008ca9) c.xor   s1, a0
core   0: 3 0x80003122 (0x8ca9) x 9 0x0f6802b7
core   0: 0x80003124 (0x0000877d) c.srai  a4, 31
core   0: 3 0x80003124 (0x877d) x14 0xffffffff
core   0: 0x80003126 (0xfeaf7393) andi    t2, t5, -22
core   0: 3 0x80003126 (0xfeaf7393) x 7 0x667f50e0
core   0: 0x8000312a (0x627b6fb7) lui     t6, 0x627b6
core   0: 3 0x8000312a (0x627b6fb7) x31 0x627b6000
core   0: 0x8000312e (0x00318033) add     zero, gp, gp
core   0: 3 0x8000312e (0x00318033)
core   0: 0x80003132 (0x03882bb3) mulhsu  s7, a6, s8
core   0: 3 0x80003132 (0x03882bb3) x23 0x00000000
core   0: 0x80003136 (0x000080d1) c.srli  s1, 20
core   0: 3 0x80003136 (0x80d1) x 9 0x000000f6
core   0: 0x80003138 (0x00004385) c.li    t2, 1
core   0: 3 0x80003138 (0x4385) x 7 0x00000001
core   0: 0x8000313a (0x023f10b3) mulh    ra, t5, gp
core   0: 3 0x8000313a (0x023f10b3) x 1 0xffffffff
core   0: 0x8000313e (0x4186d533) sra     a0, a3, s8
core   0: 3 0x8000313e (0x4186d533) x10 0x00000001
core   0: 0x80003142 (0x2f726193) ori     gp, tp, 759
core   0: 3 0x80003142 (0x2f726193) x 3 0x000042f7
core   0: 0x80003146 (0x00125e63) bge     tp, ra, pc + 28
core   0: 3 0x80003146 (0x00125e63)
core   0: 0x80003162 (0x01738c33) add     s8, t2, s7
core   0: 3 0x80003162 (0x01738c33) x24 0x00000001
core   0: 0x80003166 (0x0033e963) bltu    t2, gp, pc + 18
core   0: 3 0x80003166 (0x0033e963)
core   0: 0x80003178 (0x00598733) add     a4, s3, t0
core   0: 3 0x80003178 (0x00598733) x14 0x00000000
core   0: 0x8000317c (0x0158adb3) slt     s11, a7, s5
core   0: 3 0x8000317c (0x0158adb3) x27 0x00000000
core   0: 0x80003180 (0x010b2933) slt     s2, s6, a6
core   0: 3 0x80003180 (0x010b2933) x18 0x00000001
core   0: 0x80003184 (0x022951b3) divu    gp, s2, sp
core   0: 3 0x80003184 (0x022951b3) x 3 0x00000000
core   0: 0x80003188 (0x027fcc63) blt     t6, t2, pc + 56
core   0: 3 0x80003188 (0x027fcc63)
core   0: 0x8000318c (0x65d60913) addi    s2, a2, 1629
core   0: 3 0x8000318c (0x65d60913) x18 0xa22cf65d
core   0: 0x80003190 (0x01400e33) add     t3, zero, s4
core   0: 3 0x80003190 (0x01400e33) x28 0x00000001
core   0: 0x80003194 (0x41715a33) sra     s4, sp, s7
core   0: 3 0x80003194 (0x41715a33) x20 0x80026ce4
core   0: 0x80003198 (0x00000001) c.nop
core   0: 3 0x80003198 (0x0001)
core   0: 0x8000319a (0x03749933) mulh    s2, s1, s7
core   0: 3 0x8000319a (0x03749933) x18 0x00000000
core   0: 0x8000319e (0x014cbdb3) sltu    s11, s9, s4
core   0: 3 0x8000319e (0x014cbdb3) x27 0x00000001
core   0: 0x800031a2 (0x00d534b3) sltu    s1, a0, a3
core   0: 3 0x800031a2 (0x00d534b3) x 9 0x00000000
core   0: 0x800031a6 (0x0090b333) sltu    t1, ra, s1
core   0: 3 0x800031a6 (0x0090b333) x 6 0x00000000
core   0: 0x800031aa (0x409e0433) sub     s0, t3, s1
core   0: 3 0x800031aa (0x409e0433) x 8 0x00000001
core   0: 0x800031ae (0x0ff0000f) fence   iorw,iorw
core   0: 3 0x800031ae (0x0ff0000f)
core   0: 0x800031b2 (0x00000001) c.nop
core   0: 3 0x800031b2 (0x0001)
core   0: 0x800031b4 (0x02f28033) mul     zero, t0, a5
core   0: 3 0x800031b4 (0x02f28033)
core   0: 0x800031b8 (0x03c92c33) mulhsu  s8, s2, t3
core   0: 3 0x800031b8 (0x03c92c33) x24 0x00000000
core   0: 0x800031bc (0x00008d59) c.or    a0, a4
core   0: 3 0x800031bc (0x8d59) x10 0x00000001
core   0: 0x800031be (0x0000547d) c.li    s0, -1
core   0: 3 0x800031be (0x547d) x 8 0xffffffff
core   0: 0x800031c0 (0x41f8d993) srai    s3, a7, 31
core   0: 3 0x800031c0 (0x41f8d993) x19 0x00000000
core   0: 0x800031c4 (0x022fa333) mulhsu  t1, t6, sp
core   0: 3 0x800031c4 (0x022fa333) x 6 0x313e9eda
core   0: 0x800031c8 (0x02198a33) mul     s4, s3, ra
core   0: 3 0x800031c8 (0x02198a33) x20 0x00000000
core   0: 0x800031cc (0x00008d99) c.sub   a1, a4
core   0: 3 0x800031cc (0x8d99) x11 0x8f68035a
core   0: 0x800031ce (0x00008171) c.srli  a0, 28
core   0: 3 0x800031ce (0x8171) x10 0x00000000
core   0: 0x800031d0 (0xefb86013) ori     zero, a6, -261
core   0: 3 0x800031d0 (0xefb86013)
core   0: 0x800031d4 (0x01bd5633) srl     a2, s10, s11
core   0: 3 0x800031d4 (0x01bd5633) x12 0x40011732
core   0: 0x800031d8 (0x0000c719) c.beqz  a4, pc + 14
core   0: 3 0x800031d8 (0xc719)
core   0: 0x800031e6 (0x020d5233) divu    tp, s10, zero
core   0: 3 0x800031e6 (0x020d5233) x 4 0xffffffff
core   0: 0x800031ea (0x00006bbd) c.lui   s7, 0xf
core   0: 3 0x800031ea (0x6bbd) x23 0x0000f000
core   0: 0x800031ec (0x359f7413) andi    s0, t5, 857
core   0: 3 0x800031ec (0x359f7413) x 8 0x00000040
core   0: 0x800031f0 (0x0ff0000f) fence   iorw,iorw
core   0: 3 0x800031f0 (0x0ff0000f)
core   0: 0x800031f4 (0x00008d95) c.sub   a1, a3
core   0: 3 0x800031f4 (0x8d95) x11 0x8f680359
core   0: 0x800031f6 (0x01ed29b3) slt     s3, s10, t5
core   0: 3 0x800031f6 (0x01ed29b3) x19 0x00000001
core   0: 0x800031fa (0x0020de33) srl     t3, ra, sp
core   0: 3 0x800031fa (0x0020de33) x28 0x0fffffff
core   0: 0x800031fe (0x00008cb9) c.xor   s1, a4
core   0: 3 0x800031fe (0x8cb9) x 9 0x00000000
core   0: 0x80003200 (0x0000100f) fence.i
core   0: 3 0x80003200 (0x0000100f)
core   0: 0x80003204 (0x00008d35) c.xor   a0, a3
core   0: 3 0x80003204 (0x8d35) x10 0x00000001
core   0: 0x80003206 (0x02df9433) mulh    s0, t6, a3
core   0: 3 0x80003206 (0x02df9433) x 8 0x00000000
core   0: 0x8000320a (0x03064c33) div     s8, a2, a6
core   0: 3 0x8000320a (0x03064c33) x24 0x04001173
core   0: 0x8000320e (0x02354833) div     a6, a0, gp
core   0: 3 0x8000320e (0x02354833) x16 0xffffffff
core   0: 0x80003212 (0x01e1cc33) xor     s8, gp, t5
core   0: 3 0x80003212 (0x01e1cc33) x24 0x667f50e4
core   0: 0x80003216 (0x000066c5) c.lui   a3, 0x11
core   0: 3 0x80003216 (0x66c5) x13 0x00011000
core   0: 0x80003218 (0x000085cd) c.srai  a1, 19
core   0: 3 0x80003218 (0x85cd) x11 0xfffff1ed
core   0: 0x8000321a (0x011c9f33) sll     t5, s9, a7
core   0: 3 0x8000321a (0x011c9f33) x30 0x00020000
core   0: 0x8000321e (0x00006a95) c.lui   s5, 0x5
core   0: 3 0x8000321e (0x6a95) x21 0x00005000
core   0: 0x80003220 (0x00000001) c.nop
core   0: 3 0x80003220 (0x0001)
core   0: 0x80003222 (0x41bdd693) srai    a3, s11, 27
core   0: 3 0x80003222 (0x41bdd693) x13 0x00000000
core   0: 0x80003226 (0x03597bb3) remu    s7, s2, s5
core   0: 3 0x80003226 (0x03597bb3) x23 0x00000000
core   0: 0x8000322a (0x000058fd) c.li    a7, -1
core   0: 3 0x8000322a (0x58fd) x17 0xffffffff
core   0: 0x8000322c (0x00008191) c.srli  a1, 4
core   0: 3 0x8000322c (0x8191) x11 0x0fffff1e
core   0: 0x8000322e (0x00962eb3) slt     t4, a2, s1
core   0: 3 0x8000322e (0x00962eb3) x29 0x00000000
core   0: 0x80003232 (0x023e3733) mulhu   a4, t3, gp
core   0: 3 0x80003232 (0x023e3733) x14 0x00000000
core   0: 0x80003236 (0x030a8633) mul     a2, s5, a6
core   0: 3 0x80003236 (0x030a8633) x12 0xffffb000
core   0: 0x8000323a (0x41060eb3) sub     t4, a2, a6
core   0: 3 0x8000323a (0x41060eb3) x29 0xffffb001
core   0: 0x8000323e (0x00009272) c.add   tp, t3
core   0: 3 0x8000323e (0x9272) x 4 0x0ffffffe
core   0: 0x80003240 (0xebe62093) slti    ra, a2, -322
core   0: 3 0x80003240 (0xebe62093) x 1 0x00000001
core   0: 0x80003244 (0x000d9f63) bnez    s11, pc + 30
core   0: 3 0x80003244 (0x000d9f63)
core   0: 0x80003262 (0x026b7333) remu    t1, s6, t1
core   0: 3 0x80003262 (0x026b7333) x 6 0x09c6e5bd
core   0: 0x80003266 (0x00000001) c.nop
core   0: 3 0x80003266 (0x0001)
core   0: 0x80003268 (0x02dac463) blt     s5, a3, pc + 40
core   0: 3 0x80003268 (0x02dac463)
core   0: 0x8000326c (0x418bd893) srai    a7, s7, 24
core   0: 3 0x8000326c (0x418bd893) x17 0x00000000
core   0: 0x80003270 (0x00005c7d) c.li    s8, -1
core   0: 3 0x80003270 (0x5c7d) x24 0xffffffff
core   0: 0x80003272 (0x00006541) c.lui   a0, 0x10
core   0: 3 0x80003272 (0x6541) x10 0x00010000
core   0: 0x80003274 (0x00000f12) c.slli  t5, 4
core   0: 3 0x80003274 (0x0f12) x30 0x00200000
core   0: 0x80003276 (0x0351d5b3) divu    a1, gp, s5
core   0: 3 0x80003276 (0x0351d5b3) x11 0x00000000
core   0: 0x8000327a (0x000099fd) c.andi  a1, -1
core   0: 3 0x8000327a (0x99fd) x11 0x00000000
core   0: 0x8000327c (0xeb417613) andi    a2, sp, -332
core   0: 3 0x8000327c (0xeb417613) x12 0x80026ca4
core   0: 0x80003280 (0x00000705) c.addi  a4, 1
core   0: 3 0x80003280 (0x0705) x14 0x00000001
core   0: 0x80003282 (0x02b4b4b3) mulhu   s1, s1, a1
core   0: 3 0x80003282 (0x02b4b4b3) x 9 0x00000000
core   0: 0x80003286 (0x06f4f363) bgeu    s1, a5, pc + 102
core   0: 3 0x80003286 (0x06f4f363)
core   0: 0x800032ec (0x000098fd) c.andi  s1, -1
core   0: 3 0x800032ec (0x98fd) x 9 0x00000000
core   0: 0x800032ee (0x0000008a) c.slli  ra, 2
core   0: 3 0x800032ee (0x008a) x 1 0x00000004
core   0: 0x800032f0 (0xf724a713) slti    a4, s1, -142
core   0: 3 0x800032f0 (0xf724a713) x14 0x00000000
core   0: 0x800032f4 (0x405b5db3) sra     s11, s6, t0
core   0: 3 0x800032f4 (0x405b5db3) x27 0xffffffff
core   0: 0x800032f8 (0x031bff63) bgeu    s7, a7, pc + 62
core   0: 3 0x800032f8 (0x031bff63)
core   0: 0x80003336 (0x01e95213) srli    tp, s2, 30
core   0: 3 0x80003336 (0x01e95213) x 4 0x00000000
core   0: 0x8000333a (0x00009b7d) c.andi  a4, -1
core   0: 3 0x8000333a (0x9b7d) x14 0x00000000
core   0: 0x8000333c (0x0000e419) c.bnez  s0, pc + 14
core   0: 3 0x8000333c (0xe419)
core   0: 0x8000333e (0x00008d41) c.or    a0, s0
core   0: 3 0x8000333e (0x8d41) x10 0x00010000
core   0: 0x80003340 (0x00008e61) c.and   a2, s0
core   0: 3 0x80003340 (0x8e61) x12 0x00000000
core   0: 0x80003342 (0x3987ab93) slti    s7, a5, 920
core   0: 3 0x80003342 (0x3987ab93) x23 0x00000001
core   0: 0x80003346 (0x96ad7913) andi    s2, s10, -1686
core   0: 3 0x80003346 (0x96ad7913) x18 0x80022860
core   0: 0x8000334a (0x025e5733) divu    a4, t3, t0
core   0: 3 0x8000334a (0x025e5733) x14 0xffffffff
core   0: 0x8000334e (0x0304d863) bge     s1, a6, pc + 48
core   0: 3 0x8000334e (0x0304d863)
core   0: 0x8000337e (0x00000001) c.nop
core   0: 3 0x8000337e (0x0001)
core   0: 0x80003380 (0x00000396) c.slli  t2, 5
core   0: 3 0x80003380 (0x0396) x 7 0x00000020
core   0: 0x80003382 (0x00008b51) c.andi  a4, 20
core   0: 3 0x80003382 (0x8b51) x14 0x00000014
core   0: 0x80003384 (0x00008ea1) c.xor   a3, s0
core   0: 3 0x80003384 (0x8ea1) x13 0x00000000
core   0: 0x80003386 (0x32fc58b7) lui     a7, 0x32fc5
core   0: 3 0x80003386 (0x32fc58b7) x17 0x32fc5000
core   0: 0x8000338a (0x0000e31d) c.bnez  a4, pc + 38
core   0: 3 0x8000338a (0xe31d)
core   0: 0x800033b0 (0x00006429) c.lui   s0, 0xa
core   0: 3 0x800033b0 (0x6429) x 8 0x0000a000
core   0: 0x800033b2 (0x2265cd93) xori    s11, a1, 550
core   0: 3 0x800033b2 (0x2265cd93) x27 0x00000226
core   0: 0x800033b6 (0x52d6ba93) sltiu   s5, a3, 1325
core   0: 3 0x800033b6 (0x52d6ba93) x21 0x00000001
core   0: 0x800033ba (0x0000ca15) c.beqz  a2, pc + 52
core   0: 3 0x800033ba (0xca15)
core   0: 0x800033ee (0x03b81c33) mulh    s8, a6, s11
core   0: 3 0x800033ee (0x03b81c33) x24 0xffffffff
core   0: 0x800033f2 (0x00008e89) c.sub   a3, a0
core   0: 3 0x800033f2 (0x8e89) x13 0xffff0000
core   0: 0x800033f4 (0x00ea61b3) or      gp, s4, a4
core   0: 3 0x800033f4 (0x00ea61b3) x 3 0x00000014
core   0: 0x800033f8 (0x004c56b3) srl     a3, s8, tp
core   0: 3 0x800033f8 (0x004c56b3) x13 0xffffffff
core   0: 0x800033fc (0x00009e0a) c.add   t3, sp
core   0: 3 0x800033fc (0x9e0a) x28 0x90026ce3
core   0: 0x800033fe (0x000006d5) c.addi  a3, 21
core   0: 3 0x800033fe (0x06d5) x13 0x00000014
core   0: 0x80003400 (0x000084b1) c.srai  s1, 12
core   0: 3 0x80003400 (0x84b1) x 9 0x00000000
core   0: 0x80003402 (0x03ee9433) mulh    s0, t4, t5
core   0: 3 0x80003402 (0x03ee9433) x 8 0xfffffff6
core   0: 0x80003406 (0x006fbeb3) sltu    t4, t6, t1
core   0: 3 0x80003406 (0x006fbeb3) x29 0x00000000
core   0: 0x8000340a (0x01535b93) srli    s7, t1, 21
core   0: 3 0x8000340a (0x01535b93) x23 0x0000004e
core   0: 0x8000340e (0x01134733) xor     a4, t1, a7
core   0: 3 0x8000340e (0x01134733) x14 0x3b3ab5bd
core   0: 0x80003412 (0x00009dfe) c.add   s11, t6
core   0: 3 0x80003412 (0x9dfe) x27 0x627b6226
core   0: 0x80003414 (0x005a7933) and     s2, s4, t0
core   0: 3 0x80003414 (0x005a7933) x18 0x00000000
core   0: 0x80003418 (0x0000c81d) c.beqz  s0, pc + 54
core   0: 3 0x80003418 (0xc81d)
core   0: 0x8000341a (0x00008dad) c.xor   a1, a1
core   0: 3 0x8000341a (0x8dad) x11 0x00000000
core   0: 0x8000341c (0x00bd0db3) add     s11, s10, a1
core   0: 3 0x8000341c (0x00bd0db3) x27 0x80022e64
core   0: 0x80003420 (0xe4acc593) xori    a1, s9, -438
core   0: 3 0x80003420 (0xe4acc593) x11 0xfffffe4b
core   0: 0x80003424 (0x037f2eb3) mulhsu  t4, t5, s7
core   0: 3 0x80003424 (0x037f2eb3) x29 0x00000000
core   0: 0x80003428 (0x03060e33) mul     t3, a2, a6
core   0: 3 0x80003428 (0x03060e33) x28 0x00000000
core   0: 0x8000342c (0x00009c4a) c.add   s8, s2
core   0: 3 0x8000342c (0x9c4a) x24 0xffffffff
core   0: 0x8000342e (0x02cb7663) bgeu    s6, a2, pc + 44
core   0: 3 0x8000342e (0x02cb7663)
core   0: 0x8000345a (0x02ec7c63) bgeu    s8, a4, pc + 56
core   0: 3 0x8000345a (0x02ec7c63)
core   0: 0x80003492 (0x00009b7d) c.andi  a4, -1
core   0: 3 0x80003492 (0x9b7d) x14 0x3b3ab5bd
core   0: 0x80003494 (0x026d2db3) mulhsu  s11, s10, t1
core   0: 3 0x80003494 (0x026d2db3) x27 0xfb1ca274
core   0: 0x80003498 (0xb0217293) andi    t0, sp, -1278
core   0: 3 0x80003498 (0xb0217293) x 5 0x80026800
core   0: 0x8000349c (0xe0aded93) ori     s11, s11, -502
core   0: 3 0x8000349c (0xe0aded93) x27 0xfffffe7e
core   0: 0x800034a0 (0x00321b63) bne     tp, gp, pc + 22
core   0: 3 0x800034a0 (0x00321b63)
core   0: 0x800034b6 (0x01c18733) add     a4, gp, t3
core   0: 3 0x800034b6 (0x01c18733) x14 0x00000014
core   0: 0x800034ba (0x038b6f33) rem     t5, s6, s8
core   0: 3 0x800034ba (0x038b6f33) x30 0x00000000
core   0: 0x800034be (0x0000ce85) c.beqz  a3, pc + 56
core   0: 3 0x800034be (0xce85)
core   0: 0x800034c0 (0x00006391) c.lui   t2, 0x4
core   0: 3 0x800034c0 (0x6391) x 7 0x00004000
core   0: 0x800034c2 (0x0000ca81) c.beqz  a3, pc + 16
core   0: 3 0x800034c2 (0xca81)
core   0: 0x800034c4 (0x01aa5333) srl     t1, s4, s10
core   0: 3 0x800034c4 (0x01aa5333) x 6 0x00000000
core   0: 0x800034c8 (0x00d6a233) slt     tp, a3, a3
core   0: 3 0x800034c8 (0x00d6a233) x 4 0x00000000
core   0: 0x800034cc (0x02c21233) mulh    tp, tp, a2
core   0: 3 0x800034cc (0x02c21233) x 4 0x00000000
core   0: 0x800034d0 (0x0000ea81) c.bnez  a3, pc + 16
core   0: 3 0x800034d0 (0xea81)
core   0: 0x800034e0 (0x019d1013) slli    zero, s10, 25
core   0: 3 0x800034e0 (0x019d1013)
core   0: 0x800034e4 (0x16a12937) lui     s2, 0x16a12
core   0: 3 0x800034e4 (0x16a12937) x18 0x16a12000
core   0: 0x800034e8 (0x00571033) sll     zero, a4, t0
core   0: 3 0x800034e8 (0x00571033)
core   0: 0x800034ec (0x030a8db3) mul     s11, s5, a6
core   0: 3 0x800034ec (0x030a8db3) x27 0xffffffff
core   0: 0x800034f0 (0x41de82b3) sub     t0, t4, t4
core   0: 3 0x800034f0 (0x41de82b3) x 5 0x00000000
core   0: 0x800034f4 (0x0000537d) c.li    t1, -1
core   0: 3 0x800034f4 (0x537d) x 6 0xffffffff
core   0: 0x800034f6 (0x0000655d) c.lui   a0, 0x17
core   0: 3 0x800034f6 (0x655d) x10 0x00017000
core   0: 0x800034f8 (0x6eb6b213) sltiu   tp, a3, 1771
core   0: 3 0x800034f8 (0x6eb6b213) x 4 0x00000001
core   0: 0x800034fc (0x00006835) c.lui   a6, 0xd
core   0: 3 0x800034fc (0x6835) x16 0x0000d000
core   0: 0x800034fe (0x00000001) c.nop
core   0: 3 0x800034fe (0x0001)
core   0: 0x80003500 (0x41f73b97) auipc   s7, 0x41f73
core   0: 3 0x80003500 (0x41f73b97) x23 0xc1f76500
core   0: 0x80003504 (0x000085f9) c.srai  a1, 30
core   0: 3 0x80003504 (0x85f9) x11 0xffffffff
core   0: 0x80003506 (0x00009f5e) c.add   t5, s7
core   0: 3 0x80003506 (0x9f5e) x30 0xc1f76500
core   0: 0x80003508 (0x00ebd8b3) srl     a7, s7, a4
core   0: 3 0x80003508 (0x00ebd8b3) x17 0x00000c1f
core   0: 0x8000350c (0x00008cc1) c.or    s1, s0
core   0: 3 0x8000350c (0x8cc1) x 9 0xfffffff6
core   0: 0x8000350e (0x00001dfd) c.addi  s11, -1
core   0: 3 0x8000350e (0x1dfd) x27 0xfffffffe
core   0: 0x80003510 (0xf8376f17) auipc   t5, 0xf8376
core   0: 3 0x80003510 (0xf8376f17) x30 0x78379510
core   0: 0x80003514 (0x0000100f) fence.i
core   0: 3 0x80003514 (0x0000100f)
core   0: 0x80003518 (0x00008db1) c.xor   a1, a2
core   0: 3 0x80003518 (0x8db1) x11 0xffffffff
core   0: 0x8000351a (0x0ff0000f) fence   iorw,iorw
core   0: 3 0x8000351a (0x0ff0000f)
core   0: 0x8000351e (0x000009b2) c.slli  s3, 12
core   0: 3 0x8000351e (0x09b2) x19 0x00001000
core   0: 0x80003520 (0xfe0a53b7) lui     t2, 0xfe0a5
core   0: 3 0x80003520 (0xfe0a53b7) x 7 0xfe0a5000
core   0: 0x80003524 (0x0158c963) blt     a7, s5, pc + 18
core   0: 3 0x80003524 (0x0158c963)
core   0: 0x80003528 (0x0029e033) or      zero, s3, sp
core   0: 3 0x80003528 (0x0029e033)
core   0: 0x8000352c (0x19a32013) slti    zero, t1, 410
core   0: 3 0x8000352c (0x19a32013)
core   0: 0x80003530 (0x00009b7d) c.andi  a4, -1
core   0: 3 0x80003530 (0x9b7d) x14 0x00000014
core   0: 0x80003532 (0x01181393) slli    t2, a6, 17
core   0: 3 0x80003532 (0x01181393) x 7 0xa0000000
core   0: 0x80003536 (0x020f6c33) rem     s8, t5, zero
core   0: 3 0x80003536 (0x020f6c33) x24 0x78379510
core   0: 0x8000353a (0x00000001) c.nop
core   0: 3 0x8000353a (0x0001)
core   0: 0x8000353c (0x01addf33) srl     t5, s11, s10
core   0: 3 0x8000353c (0x01addf33) x30 0x0fffffff
core   0: 0x80003540 (0x00e00a63) beq     zero, a4, pc + 20
core   0: 3 0x80003540 (0x00e00a63)
core   0: 0x80003544 (0x00008e21) c.xor   a2, s0
core   0: 3 0x80003544 (0x8e21) x12 0xfffffff6
core   0: 0x80003546 (0xad2a8013) addi    zero, s5, -1326
core   0: 3 0x80003546 (0xad2a8013)
core   0: 0x8000354a (0x00b87263) bgeu    a6, a1, pc + 4
core   0: 3 0x8000354a (0x00b87263)
core   0: 0x8000354e (0x00008d75) c.and   a0, a3
core   0: 3 0x8000354e (0x8d75) x10 0x00000000
core   0: 0x80003550 (0x026c20b3) mulhsu  ra, s8, t1
core   0: 3 0x80003550 (0x026c20b3) x 1 0x7837950f
core   0: 0x80003554 (0x00008135) c.srli  a0, 13
core   0: 3 0x80003554 (0x8135) x10 0x00000000
core   0: 0x80003556 (0x02098ab3) mul     s5, s3, zero
core   0: 3 0x80003556 (0x02098ab3) x21 0x00000000
core   0: 0x8000355a (0x011cd333) srl     t1, s9, a7
core   0: 3 0x8000355a (0x011cd333) x 6 0x00000000
core   0: 0x8000355e (0x8bca8513) addi    a0, s5, -1860
core   0: 3 0x8000355e (0x8bca8513) x10 0xfffff8bc
core   0: 0x80003562 (0x039a2eb3) mulhsu  t4, s4, s9
core   0: 3 0x80003562 (0x039a2eb3) x29 0x00000000
core   0: 0x80003566 (0x037c1633) mulh    a2, s8, s7
core   0: 3 0x80003566 (0x037c1633) x12 0xe2de7f5f
core   0: 0x8000356a (0x40dc8833) sub     a6, s9, a3
core   0: 3 0x8000356a (0x40dc8833) x16 0xffffffed
core   0: 0x8000356e (0x01716433) or      s0, sp, s7
core   0: 3 0x8000356e (0x01716433) x 8 0xc1f76de4
core   0: 0x80003572 (0x00008141) c.srli  a0, 16
core   0: 3 0x80003572 (0x8141) x10 0x0000ffff
core   0: 0x80003574 (0xaecab237) lui     tp, 0xaecab
core   0: 3 0x80003574 (0xaecab237) x 4 0xaecab000
core   0: 0x80003578 (0x6cc3c593) xori    a1, t2, 1740
core   0: 3 0x80003578 (0x6cc3c593) x11 0xa00006cc
core   0: 0x8000357c (0x0082f663) bgeu    t0, s0, pc + 12
core   0: 3 0x8000357c (0x0082f663)
core   0: 0x80003580 (0xd8958293) addi    t0, a1, -631
core   0: 3 0x80003580 (0xd8958293) x 5 0xa0000455
core   0: 0x80003584 (0x2b892393) slti    t2, s2, 696
core   0: 3 0x80003584 (0x2b892393) x 7 0x00000000
core   0: 0x80003588 (0xb6e69537) lui     a0, 0xb6e69
core   0: 3 0x80003588 (0xb6e69537) x10 0xb6e69000
core   0: 0x8000358c (0x0000ec05) c.bnez  s0, pc + 56
core   0: 3 0x8000358c (0xec05)
core   0: 0x800035c4 (0x00009872) c.add   a6, t3
core   0: 3 0x800035c4 (0x9872) x16 0xffffffed
core   0: 0x800035c6 (0x0000100f) fence.i
core   0: 3 0x800035c6 (0x0000100f)
core   0: 0x800035ca (0x00008ef1) c.and   a3, a2
core   0: 3 0x800035ca (0x8ef1) x13 0x00000014
core   0: 0x800035cc (0x005b3f33) sltu    t5, s6, t0
core   0: 3 0x800035cc (0x005b3f33) x30 0x00000000
core   0: 0x800035d0 (0x0000e881) c.bnez  s1, pc + 16
core   0: 3 0x800035d0 (0xe881)
core   0: 0x800035e0 (0x0000e989) c.bnez  a1, pc + 18
core   0: 3 0x800035e0 (0xe989)
core   0: 0x800035f2 (0x0357e263) bltu    a5, s5, pc + 36
core   0: 3 0x800035f2 (0x0357e263)
core   0: 0x800035f6 (0x0000100f) fence.i
core   0: 3 0x800035f6 (0x0000100f)
core   0: 0x800035fa (0x00e92633) slt     a2, s2, a4
core   0: 3 0x800035fa (0x00e92633) x12 0x00000000
core   0: 0x800035fe (0x03f26eb3) rem     t4, tp, t6
core   0: 3 0x800035fe (0x03f26eb3) x29 0xaecab000
core   0: 0x80003602 (0x0000100f) fence.i
core   0: 3 0x80003602 (0x0000100f)
core   0: 0x80003606 (0x0319a3b3) mulhsu  t2, s3, a7
core   0: 3 0x80003606 (0x0319a3b3) x 7 0x00000000
core   0: 0x8000360a (0x43616993) ori     s3, sp, 1078
core   0: 3 0x8000360a (0x43616993) x19 0x80026cf6
core   0: 0x8000360e (0x9e72ec93) ori     s9, t0, -1561
core   0: 3 0x8000360e (0x9e72ec93) x25 0xfffffdf7
core   0: 0x80003612 (0x209e2c13) slti    s8, t3, 521
core   0: 3 0x80003612 (0x209e2c13) x24 0x00000001
core   0: 0x80003616 (0x00405b13) srli    s6, zero, 4
core   0: 3 0x80003616 (0x00405b13) x22 0x00000000
core   0: 0x8000361a (0x02d11563) bne     sp, a3, pc + 42
core   0: 3 0x8000361a (0x02d11563)
core   0: 0x80003644 (0x00f0c9b3) xor     s3, ra, a5
core   0: 3 0x80003644 (0x00f0c9b3) x19 0x7837950f
core   0: 0x80003648 (0x03644433) div     s0, s0, s6
core   0: 3 0x80003648 (0x03644433) x 8 0xffffffff
core   0: 0x8000364c (0x01d19033) sll     zero, gp, t4
core   0: 3 0x8000364c (0x01d19033)
core   0: 0x80003650 (0x01975a13) srli    s4, a4, 25
core   0: 3 0x80003650 (0x01975a13) x20 0x00000000
core   0: 0x80003654 (0x00897833) and     a6, s2, s0
core   0: 3 0x80003654 (0x00897833) x16 0x16a12000
core   0: 0x80003658 (0x02a398b3) mulh    a7, t2, a0
core   0: 3 0x80003658 (0x02a398b3) x17 0x00000000
core   0: 0x8000365c (0x00008079) c.srli  s0, 30
core   0: 3 0x8000365c (0x8079) x 8 0x00000003
core   0: 0x8000365e (0x00008005) c.srli  s0, 1
core   0: 3 0x8000365e (0x8005) x 8 0x00000001
core   0: 0x80003660 (0xc9380513) addi    a0, a6, -877
core   0: 3 0x80003660 (0xc9380513) x10 0x16a11c93
core   0: 0x80003664 (0x01a5ea63) bltu    a1, s10, pc + 20
core   0: 3 0x80003664 (0x01a5ea63)
core   0: 0x80003668 (0x02a30633) mul     a2, t1, a0
core   0: 3 0x80003668 (0x02a30633) x12 0x00000000
core   0: 0x8000366c (0x2d602293) slti    t0, zero, 726
core   0: 3 0x8000366c (0x2d602293) x 5 0x00000001
core   0: 0x80003670 (0x02271e63) bne     a4, sp, pc + 60
core   0: 3 0x80003670 (0x02271e63)
core   0: 0x800036ac (0x41b95413) srai    s0, s2, 27
core   0: 3 0x800036ac (0x41b95413) x 8 0x00000002
core   0: 0x800036b0 (0x0000c009) c.beqz  s0, pc + 2
core   0: 3 0x800036b0 (0xc009)
core   0: 0x800036b2 (0x40ebd693) srai    a3, s7, 14
core   0: 3 0x800036b2 (0x40ebd693) x13 0xffff07dd
core   0: 0x800036b6 (0x01dbfdb3) and     s11, s7, t4
core   0: 3 0x800036b6 (0x01dbfdb3) x27 0x80c22000
core   0: 0x800036ba (0x5278bf93) sltiu   t6, a7, 1319
core   0: 3 0x800036ba (0x5278bf93) x31 0x00000001
core   0: 0x800036be (0x41a70cb3) sub     s9, a4, s10
core   0: 3 0x800036be (0x41a70cb3) x25 0x7ffdd1b0
core   0: 0x800036c2 (0x01ef32b3) sltu    t0, t5, t5
core   0: 3 0x800036c2 (0x01ef32b3) x 5 0x00000000
core   0: 0x800036c6 (0x00015933) srl     s2, sp, zero
core   0: 3 0x800036c6 (0x00015933) x18 0x80026ce4
core   0: 0x800036ca (0x0185d5b3) srl     a1, a1, s8
core   0: 3 0x800036ca (0x0185d5b3) x11 0x50000366
core   0: 0x800036ce (0x94de2713) slti    a4, t3, -1715
core   0: 3 0x800036ce (0x94de2713) x14 0x00000000
core   0: 0x800036d2 (0x00008341) c.srli  a4, 16
core   0: 3 0x800036d2 (0x8341) x14 0x00000000
core   0: 0x800036d4 (0x01611493) slli    s1, sp, 22
core   0: 3 0x800036d4 (0x01611493) x 9 0x39000000
core   0: 0x800036d8 (0x01aabe33) sltu    t3, s5, s10
core   0: 3 0x800036d8 (0x01aabe33) x28 0x00000001
core   0: 0x800036dc (0x545f2693) slti    a3, t5, 1349
core   0: 3 0x800036dc (0x545f2693) x13 0x00000001
core   0: 0x800036e0 (0x00008e15) c.sub   a2, a3
core   0: 3 0x800036e0 (0x8e15) x12 0xffffffff
core   0: 0x800036e2 (0x0158c533) xor     a0, a7, s5
core   0: 3 0x800036e2 (0x0158c533) x10 0x00000000
core   0: 0x800036e6 (0x3b4f6b17) auipc   s6, 0x3b4f6
core   0: 3 0x800036e6 (0x3b4f6b17) x22 0xbb4f96e6
core   0: 0x800036ea (0x0000465d) c.li    a2, 23
core   0: 3 0x800036ea (0x465d) x12 0x00000017
core   0: 0x800036ec (0xf0f54e37) lui     t3, 0xf0f54
core   0: 3 0x800036ec (0xf0f54e37) x28 0xf0f54000
core   0: 0x800036f0 (0x0000147d) c.addi  s0, -1
core   0: 3 0x800036f0 (0x147d) x 8 0x00000001
core   0: 0x800036f2 (0x01d9d013) srli    zero, s3, 29
core   0: 3 0x800036f2 (0x01d9d013)
core   0: 0x800036f6 (0x00008d15) c.sub   a0, a3
core   0: 3 0x800036f6 (0x8d15) x10 0xffffffff
core   0: 0x800036f8 (0x00000001) c.nop
core   0: 3 0x800036f8 (0x0001)
core   0: 0x800036fa (0x000066a9) c.lui   a3, 0xa
core   0: 3 0x800036fa (0x66a9) x13 0x0000a000
core   0: 0x800036fc (0x00004629) c.li    a2, 10
core   0: 3 0x800036fc (0x4629) x12 0x0000000a
core   0: 0x800036fe (0x01526fb3) or      t6, tp, s5
core   0: 3 0x800036fe (0x01526fb3) x31 0xaecab000
core   0: 0x80003702 (0x00000001) c.nop
core   0: 3 0x80003702 (0x0001)
core   0: 0x80003704 (0x000003b9) c.addi  t2, 14
core   0: 3 0x80003704 (0x03b9) x 7 0x0000000e
core   0: 0x80003706 (0x00000001) c.nop
core   0: 3 0x80003706 (0x0001)
core   0: 0x80003708 (0x41e78fb3) sub     t6, a5, t5
core   0: 3 0x80003708 (0x41e78fb3) x31 0x00000000
core   0: 0x8000370c (0x0000e505) c.bnez  a0, pc + 40
core   0: 3 0x8000370c (0xe505)
core   0: 0x80003734 (0x0000100f) fence.i
core   0: 3 0x80003734 (0x0000100f)
core   0: 0x80003738 (0x0000ea81) c.bnez  a3, pc + 16
core   0: 3 0x80003738 (0xea81)
core   0: 0x80003748 (0x0000ed05) c.bnez  a0, pc + 56
core   0: 3 0x80003748 (0xed05)
core   0: 0x80003780 (0x0018ec63) bltu    a7, ra, pc + 24
core   0: 3 0x80003780 (0x0018ec63)
core   0: 0x80003798 (0x000081d5) c.srli  a1, 21
core   0: 3 0x80003798 (0x81d5) x11 0x00000280
core   0: 0x8000379a (0x03d20c33) mul     s8, tp, t4
core   0: 3 0x8000379a (0x03d20c33) x24 0x39000000
core   0: 0x8000379e (0x1d3d0cb7) lui     s9, 0x1d3d0
core   0: 3 0x8000379e (0x1d3d0cb7) x25 0x1d3d0000
core   0: 0x800037a2 (0x02639333) mulh    t1, t2, t1
core   0: 3 0x800037a2 (0x02639333) x 6 0x00000000
core   0: 0x800037a6 (0xc207ce97) auipc   t4, 0xc207c
core   0: 3 0x800037a6 (0xc207ce97) x29 0x4207f7a6
core   0: 0x800037aa (0x69e94413) xori    s0, s2, 1694
core   0: 3 0x800037aa (0x69e94413) x 8 0x80026a7a
core   0: 0x800037ae (0x00008d1d) c.sub   a0, a5
core   0: 3 0x800037ae (0x8d1d) x10 0xffffffff
core   0: 0x800037b0 (0x02c72533) mulhsu  a0, a4, a2
core   0: 3 0x800037b0 (0x02c72533) x10 0x00000000
core   0: 0x800037b4 (0x0000ce9d) c.beqz  a3, pc + 62
core   0: 3 0x800037b4 (0xce9d)
core   0: 0x800037b6 (0x417a0c33) sub     s8, s4, s7
core   0: 3 0x800037b6 (0x417a0c33) x24 0x3e089b00
core   0: 0x800037ba (0x01474963) blt     a4, s4, pc + 18
core   0: 3 0x800037ba (0x01474963)
core   0: 0x800037be (0x0363fa33) remu    s4, t2, s6
core   0: 3 0x800037be (0x0363fa33) x20 0x0000000e
core   0: 0x800037c2 (0x036c42b3) div     t0, s8, s6
core   0: 3 0x800037c2 (0x036c42b3) x 5 0x00000000
core   0: 0x800037c6 (0x00dca033) slt     zero, s9, a3
core   0: 3 0x800037c6 (0x00dca033)
core   0: 0x800037ca (0x00008f75) c.and   a4, a3
core   0: 3 0x800037ca (0x8f75) x14 0x00000000
core   0: 0x800037cc (0x00000001) c.nop
core   0: 3 0x800037cc (0x0001)
core   0: 0x800037ce (0x00008e69) c.and   a2, a0
core   0: 3 0x800037ce (0x8e69) x12 0x00000000
core   0: 0x800037d0 (0x024f5eb3) divu    t4, t5, tp
core   0: 3 0x800037d0 (0x024f5eb3) x29 0x00000000
core   0: 0x800037d4 (0x00c4d333) srl     t1, s1, a2
core   0: 3 0x800037d4 (0x00c4d333) x 6 0x39000000
core   0: 0x800037d8 (0x01b0c663) blt     ra, s11, pc + 12
core   0: 3 0x800037d8 (0x01b0c663)
core   0: 0x800037dc (0x0ff0000f) fence   iorw,iorw
core   0: 3 0x800037dc (0x0ff0000f)
core   0: 0x800037e0 (0x03016c63) bltu    sp, a6, pc + 56
core   0: 3 0x800037e0 (0x03016c63)
core   0: 0x800037e4 (0x0000e699) c.bnez  a3, pc + 14
core   0: 3 0x800037e4 (0xe699)
core   0: 0x800037f2 (0x004d1333) sll     t1, s10, tp
core   0: 3 0x800037f2 (0x004d1333) x 6 0x80022e64
core   0: 0x800037f6 (0x01d0d213) srli    tp, ra, 29
core   0: 3 0x800037f6 (0x01d0d213) x 4 0x00000003
core   0: 0x800037fa (0x034de9b3) rem     s3, s11, s4
core   0: 3 0x800037fa (0x034de9b3) x19 0xfffffffc
core   0: 0x800037fe (0x2f17bd93) sltiu   s11, a5, 753
core   0: 3 0x800037fe (0x2f17bd93) x27 0x00000001
core   0: 0x80003802 (0x000089d5) c.andi  a1, 21
core   0: 3 0x80003802 (0x89d5) x11 0x00000000
core   0: 0x80003804 (0x013272b3) and     t0, tp, s3
core   0: 3 0x80003804 (0x013272b3) x 5 0x00000000
core   0: 0x80003808 (0x4106d613) srai    a2, a3, 16
core   0: 3 0x80003808 (0x4106d613) x12 0x00000000
core   0: 0x8000380c (0x00a6aa33) slt     s4, a3, a0
core   0: 3 0x8000380c (0x00a6aa33) x20 0x00000000
core   0: 0x80003810 (0x1c110f97) auipc   t6, 0x1c110
core   0: 3 0x80003810 (0x1c110f97) x31 0x9c113810
core   0: 0x80003814 (0x027578b3) remu    a7, a0, t2
core   0: 3 0x80003814 (0x027578b3) x17 0x00000000
core   0: 0x80003818 (0x000a9593) slli    a1, s5, 0
core   0: 3 0x80003818 (0x000a9593) x11 0x00000000
core   0: 0x8000381c (0x41665f13) srai    t5, a2, 22
core   0: 3 0x8000381c (0x41665f13) x30 0x00000000
core   0: 0x80003820 (0x41dd7913) andi    s2, s10, 1053
core   0: 3 0x80003820 (0x41dd7913) x18 0x00000404
core   0: 0x80003824 (0xfac32f93) slti    t6, t1, -84
core   0: 3 0x80003824 (0xfac32f93) x31 0x00000001
core   0: 0x80003828 (0x0077f2b3) and     t0, a5, t2
core   0: 3 0x80003828 (0x0077f2b3) x 5 0x00000000
core   0: 0x8000382c (0x029794b3) mulh    s1, a5, s1
core   0: 3 0x8000382c (0x029794b3) x 9 0x00000000
core   0: 0x80003830 (0x41e35013) srai    zero, t1, 30
core   0: 3 0x80003830 (0x41e35013)
core   0: 0x80003834 (0x00cbe933) or      s2, s7, a2
core   0: 3 0x80003834 (0x00cbe933) x18 0xc1f76500
core   0: 0x80003838 (0x03727b63) bgeu    tp, s7, pc + 54
core   0: 3 0x80003838 (0x03727b63)
core   0: 0x8000383c (0x0000c889) c.beqz  s1, pc + 18
core   0: 3 0x8000383c (0xc889)
core   0: 0x8000384e (0x661b6c93) ori     s9, s6, 1633
core   0: 3 0x8000384e (0x661b6c93) x25 0xbb4f96e7
core   0: 0x80003852 (0x00b441b3) xor     gp, s0, a1
core   0: 3 0x80003852 (0x00b441b3) x 3 0x80026a7a
core   0: 0x80003856 (0x5aebb413) sltiu   s0, s7, 1454
core   0: 3 0x80003856 (0x5aebb413) x 8 0x00000000
core   0: 0x8000385a (0x00000001) c.nop
core   0: 3 0x8000385a (0x0001)
core   0: 0x8000385c (0x00402833) slt     a6, zero, tp
core   0: 3 0x8000385c (0x00402833) x16 0x00000001
core   0: 0x80003860 (0x00008ca5) c.xor   s1, s1
core   0: 3 0x80003860 (0x8ca5) x 9 0x00000000
core   0: 0x80003862 (0x20433d93) sltiu   s11, t1, 516
core   0: 3 0x80003862 (0x20433d93) x27 0x00000000
core   0: 0x80003866 (0x00008d45) c.or    a0, s1
core   0: 3 0x80003866 (0x8d45) x10 0x00000000
core   0: 0x80003868 (0x00167b63) bgeu    a2, ra, pc + 22
core   0: 3 0x80003868 (0x00167b63)
core   0: 0x8000386c (0x00008f71) c.and   a4, a2
core   0: 3 0x8000386c (0x8f71) x14 0x00000000
core   0: 0x8000386e (0x03249fb3) mulh    t6, s1, s2
core   0: 3 0x8000386e (0x03249fb3) x31 0x00000000
core   0: 0x80003872 (0x01788433) add     s0, a7, s7
core   0: 3 0x80003872 (0x01788433) x 8 0xc1f76500
core   0: 0x80003876 (0x0403e413) ori     s0, t2, 64
core   0: 3 0x80003876 (0x0403e413) x 8 0x0000004e
core   0: 0x8000387a (0xb62ef497) auipc   s1, 0xb62ef
core   0: 3 0x8000387a (0xb62ef497) x 9 0x362f287a
core   0: 0x8000387e (0x13a34337) lui     t1, 0x13a34
core   0: 3 0x8000387e (0x13a34337) x 6 0x13a34000
core   0: 0x80003882 (0x441b4a93) xori    s5, s6, 1089
core   0: 3 0x80003882 (0x441b4a93) x21 0xbb4f92a7
core   0: 0x80003886 (0x017c08b3) add     a7, s8, s7
core   0: 3 0x80003886 (0x017c08b3) x17 0x00000000
core   0: 0x8000388a (0x03e07963) bgeu    zero, t5, pc + 50
core   0: 3 0x8000388a (0x03e07963)
core   0: 0x800038bc (0x00000001) c.nop
core   0: 3 0x800038bc (0x0001)
core   0: 0x800038be (0x0000022e) c.slli  tp, 11
core   0: 3 0x800038be (0x022e) x 4 0x00001800
core   0: 0x800038c0 (0x00000001) c.nop
core   0: 3 0x800038c0 (0x0001)
core   0: 0x800038c2 (0x16b51eb7) lui     t4, 0x16b51
core   0: 3 0x800038c2 (0x16b51eb7) x29 0x16b51000
core   0: 0x800038c6 (0x98950413) addi    s0, a0, -1655
core   0: 3 0x800038c6 (0x98950413) x 8 0xfffff989
core   0: 0x800038ca (0x011cdb33) srl     s6, s9, a7
core   0: 3 0x800038ca (0x011cdb33) x22 0xbb4f96e7
core   0: 0x800038ce (0x00008c75) c.and   s0, a3
core   0: 3 0x800038ce (0x8c75) x 8 0x0000a000
core   0: 0x800038d0 (0x00000001) c.nop
core   0: 3 0x800038d0 (0x0001)
core   0: 0x800038d2 (0x0156a6b3) slt     a3, a3, s5
core   0: 3 0x800038d2 (0x0156a6b3) x13 0x00000000
core   0: 0x800038d6 (0x3224ae13) slti    t3, s1, 802
core   0: 3 0x800038d6 (0x3224ae13) x28 0x00000000
core   0: 0x800038da (0x0000ef0d) c.bnez  a4, pc + 58
core   0: 3 0x800038da (0xef0d)
core   0: 0x800038dc (0x4437b613) sltiu   a2, a5, 1091
core   0: 3 0x800038dc (0x4437b613) x12 0x00000001
core   0: 0x800038e0 (0x00dbf663) bgeu    s7, a3, pc + 12
core   0: 3 0x800038e0 (0x00dbf663)
core   0: 0x800038ec (0x01ff5d63) bge     t5, t6, pc + 26
core   0: 3 0x800038ec (0x01ff5d63)
core   0: 0x80003906 (0x00000432) c.slli  s0, 12
core   0: 3 0x80003906 (0x0432) x 8 0x0a000000
core   0: 0x80003908 (0x03c32c33) mulhsu  s8, t1, t3
core   0: 3 0x80003908 (0x03c32c33) x24 0x00000000
core   0: 0x8000390c (0xf3454f93) xori    t6, a0, -204
core   0: 3 0x8000390c (0xf3454f93) x31 0xffffff34
core   0: 0x80003910 (0x00ca6a33) or      s4, s4, a2
core   0: 3 0x80003910 (0x00ca6a33) x20 0x00000001
core   0: 0x80003914 (0x00008cad) c.xor   s1, a1
core   0: 3 0x80003914 (0x8cad) x 9 0x362f287a
core   0: 0x80003916 (0x00000cda) c.slli  s9, 22
core   0: 3 0x80003916 (0x0cda) x25 0xb9c00000
core   0: 0x80003918 (0x033c5b33) divu    s6, s8, s3
core   0: 3 0x80003918 (0x033c5b33) x22 0x00000000
core   0: 0x8000391c (0x00a1b8b3) sltu    a7, gp, a0
core   0: 3 0x8000391c (0x00a1b8b3) x17 0x00000000
core   0: 0x80003920 (0x00006fcd) c.lui   t6, 0x13
core   0: 3 0x80003920 (0x6fcd) x31 0x00013000
core   0: 0x80003922 (0x0191da33) srl     s4, gp, s9
core   0: 3 0x80003922 (0x0191da33) x20 0x80026a7a
core   0: 0x80003926 (0x029708b3) mul     a7, a4, s1
core   0: 3 0x80003926 (0x029708b3) x17 0x00000000
core   0: 0x8000392a (0x0136ceb3) xor     t4, a3, s3
core   0: 3 0x8000392a (0x0136ceb3) x29 0xfffffffc
core   0: 0x8000392e (0x56eaab13) slti    s6, s5, 1390
core   0: 3 0x8000392e (0x56eaab13) x22 0x00000001
core   0: 0x80003932 (0x0ff0000f) fence   iorw,iorw
core   0: 3 0x80003932 (0x0ff0000f)
core   0: 0x80003936 (0x00534e63) blt     t1, t0, pc + 28
core   0: 3 0x80003936 (0x00534e63)
core   0: 0x8000393a (0x007ad263) bge     s5, t2, pc + 4
core   0: 3 0x8000393a (0x007ad263)
core   0: 0x8000393e (0x0ff0000f) fence   iorw,iorw
core   0: 3 0x8000393e (0x0ff0000f)
core   0: 0x80003942 (0x02560963) beq     a2, t0, pc + 50
core   0: 3 0x80003942 (0x02560963)
core   0: 0x80003946 (0xce66fc13) andi    s8, a3, -794
core   0: 3 0x80003946 (0xce66fc13) x24 0x00000000
core   0: 0x8000394a (0x03480963) beq     a6, s4, pc + 50
core   0: 3 0x8000394a (0x03480963)
core   0: 0x8000394e (0x01c1d313) srli    t1, gp, 28
core   0: 3 0x8000394e (0x01c1d313) x 6 0x00000008
core   0: 0x80003952 (0x000080e1) c.srli  s1, 24
core   0: 3 0x80003952 (0x80e1) x 9 0x00000036
core   0: 0x80003954 (0x02480633) mul     a2, a6, tp
core   0: 3 0x80003954 (0x02480633) x12 0x00001800
core   0: 0x80003958 (0x0439a713) slti    a4, s3, 67
core   0: 3 0x80003958 (0x0439a713) x14 0x00000001
core   0: 0x8000395c (0x00008c25) c.xor   s0, s1
core   0: 3 0x8000395c (0x8c25) x 8 0x0a000036
core   0: 0x8000395e (0x41d756b3) sra     a3, a4, t4
core   0: 3 0x8000395e (0x41d756b3) x13 0x00000000
core   0: 0x80003962 (0x0000e689) c.bnez  a3, pc + 10
core   0: 3 0x80003962 (0xe689)
core   0: 0x80003964 (0x0006ef33) or      t5, a3, zero
core   0: 3 0x80003964 (0x0006ef33) x30 0x00000000
core   0: 0x80003968 (0x03ed0833) mul     a6, s10, t5
core   0: 3 0x80003968 (0x03ed0833) x16 0x00000000
core   0: 0x8000396c (0x026802b3) mul     t0, a6, t1
core   0: 3 0x8000396c (0x026802b3) x 5 0x00000000
core   0: 0x80003970 (0x00008c81) c.sub   s1, s0
core   0: 3 0x80003970 (0x8c81) x 9 0xf6000000
core   0: 0x80003972 (0x000056fd) c.li    a3, -1
core   0: 3 0x80003972 (0x56fd) x13 0xffffffff
core   0: 0x80003974 (0x00004c61) c.li    s8, 24
core   0: 3 0x80003974 (0x4c61) x24 0x00000018
core   0: 0x80003976 (0x00008111) c.srli  a0, 4
core   0: 3 0x80003976 (0x8111) x10 0x00000000
core   0: 0x80003978 (0x40bcd533) sra     a0, s9, a1
core   0: 3 0x80003978 (0x40bcd533) x10 0xb9c00000
core   0: 0x8000397c (0x00d11ab3) sll     s5, sp, a3
core   0: 3 0x8000397c (0x00d11ab3) x21 0x00000000
core   0: 0x80003980 (0x0000024e) c.slli  tp, 19
core   0: 3 0x80003980 (0x024e) x 4 0xc0000000
core   0: 0x80003982 (0x00008ab1) c.andi  a3, 12
core   0: 3 0x80003982 (0x8ab1) x13 0x0000000c
core   0: 0x80003984 (0x039a1863) bne     s4, s9, pc + 48
core   0: 3 0x80003984 (0x039a1863)
core   0: 0x800039b4 (0x034990b3) mulh    ra, s3, s4
core   0: 3 0x800039b4 (0x034990b3) x 1 0x00000001
core   0: 0x800039b8 (0x00f67863) bgeu    a2, a5, pc + 16
core   0: 3 0x800039b8 (0x00f67863)
core   0: 0x800039c8 (0x00009a7d) c.andi  a2, -1
core   0: 3 0x800039c8 (0x9a7d) x12 0x00001800
core   0: 0x800039ca (0x00e13f33) sltu    t5, sp, a4
core   0: 3 0x800039ca (0x00e13f33) x30 0x00000000
core   0: 0x800039ce (0x026c1233) mulh    tp, s8, t1
core   0: 3 0x800039ce (0x026c1233) x 4 0x00000000
core   0: 0x800039d2 (0x00008869) c.andi  s0, 26
core   0: 3 0x800039d2 (0x8869) x 8 0x00000012
core   0: 0x800039d4 (0x00390233) add     tp, s2, gp
core   0: 3 0x800039d4 (0x00390233) x 4 0x41f9cf7a
core   0: 0x800039d8 (0x000015fd) c.addi  a1, -1
core   0: 3 0x800039d8 (0x15fd) x11 0xffffffff
core   0: 0x800039da (0x00008b19) c.andi  a4, 6
core   0: 3 0x800039da (0x8b19) x14 0x00000000
core   0: 0x800039dc (0x03da1563) bne     s4, t4, pc + 42
core   0: 3 0x800039dc (0x03da1563)
core   0: 0x80003a06 (0x02c90bb3) mul     s7, s2, a2
core   0: 3 0x80003a06 (0x02c90bb3) x23 0x31780000
core   0: 0x80003a0a (0x00001c7d) c.addi  s8, -1
core   0: 3 0x80003a0a (0x1c7d) x24 0x00000017
core   0: 0x80003a0c (0x0000958a) c.add   a1, sp
core   0: 3 0x80003a0c (0x958a) x11 0x80026ce3
core   0: 0x80003a0e (0x03cb0a33) mul     s4, s6, t3
core   0: 3 0x80003a0e (0x03cb0a33) x20 0x00000000
core   0: 0x80003a12 (0x0046df93) srli    t6, a3, 4
core   0: 3 0x80003a12 (0x0046df93) x31 0x00000000
core   0: 0x80003a16 (0x018c6eb3) or      t4, s8, s8
core   0: 3 0x80003a16 (0x018c6eb3) x29 0x00000017
core   0: 0x80003a1a (0x00008d5d) c.or    a0, a5
core   0: 3 0x80003a1a (0x8d5d) x10 0xb9c00000
core   0: 0x80003a1c (0x00008675) c.srai  a2, 29
core   0: 3 0x80003a1c (0x8675) x12 0x00000000
core   0: 0x80003a1e (0x00000e7e) c.slli  t3, 31
core   0: 3 0x80003a1e (0x0e7e) x28 0x00000000
core   0: 0x80003a20 (0x000005e6) c.slli  a1, 25
core   0: 3 0x80003a20 (0x05e6) x11 0xc6000000
core   0: 0x80003a22 (0x83737213) andi    tp, t1, -1993
core   0: 3 0x80003a22 (0x83737213) x 4 0x00000000
core   0: 0x80003a26 (0x01e7f533) and     a0, a5, t5
core   0: 3 0x80003a26 (0x01e7f533) x10 0x00000000
core   0: 0x80003a2a (0x410651b3) sra     gp, a2, a6
core   0: 3 0x80003a2a (0x410651b3) x 3 0x00000000
core   0: 0x80003a2e (0x00000206) c.slli  tp, 1
core   0: 3 0x80003a2e (0x0206) x 4 0x00000000
core   0: 0x80003a30 (0x00dad533) srl     a0, s5, a3
core   0: 3 0x80003a30 (0x00dad533) x10 0x00000000
core   0: 0x80003a34 (0x00000001) c.nop
core   0: 3 0x80003a34 (0x0001)
core   0: 0x80003a36 (0x561f74b7) lui     s1, 0x561f7
core   0: 3 0x80003a36 (0x561f74b7) x 9 0x561f7000
core   0: 0x80003a3a (0x012756b3) srl     a3, a4, s2
core   0: 3 0x80003a3a (0x012756b3) x13 0x00000000
core   0: 0x80003a3e (0x00008e61) c.and   a2, s0
core   0: 3 0x80003a3e (0x8e61) x12 0x00000000
core   0: 0x80003a40 (0x00175fb3) srl     t6, a4, ra
core   0: 3 0x80003a40 (0x00175fb3) x31 0x00000000
core   0: 0x80003a44 (0x03c3fbb3) remu    s7, t2, t3
core   0: 3 0x80003a44 (0x03c3fbb3) x23 0x0000000e
core   0: 0x80003a48 (0x8e5d2493) slti    s1, s10, -1819
core   0: 3 0x80003a48 (0x8e5d2493) x 9 0x00000001
core   0: 0x80003a4c (0x024c3f33) mulhu   t5, s8, tp
core   0: 3 0x80003a4c (0x024c3f33) x30 0x00000000
core   0: 0x80003a50 (0x03d72f33) mulhsu  t5, a4, t4
core   0: 3 0x80003a50 (0x03d72f33) x30 0x00000000
core   0: 0x80003a54 (0x02f69cb3) mulh    s9, a3, a5
core   0: 3 0x80003a54 (0x02f69cb3) x25 0x00000000
core   0: 0x80003a58 (0x011d0b33) add     s6, s10, a7
core   0: 3 0x80003a58 (0x011d0b33) x22 0x80022e64
core   0: 0x80003a5c (0x7b8e7b93) andi    s7, t3, 1976
core   0: 3 0x80003a5c (0x7b8e7b93) x23 0x00000000
core   0: 0x80003a60 (0x00000c62) c.slli  s8, 24
core   0: 3 0x80003a60 (0x0c62) x24 0x17000000
core   0: 0x80003a62 (0xad44a493) slti    s1, s1, -1324
core   0: 3 0x80003a62 (0xad44a493) x 9 0x00000000
core   0: 0x80003a66 (0x0351fe33) remu    t3, gp, s5
core   0: 3 0x80003a66 (0x0351fe33) x28 0x00000000
core   0: 0x80003a6a (0x0ff0000f) fence   iorw,iorw
core   0: 3 0x80003a6a (0x0ff0000f)
core   0: 0x80003a6e (0xefd3c193) xori    gp, t2, -259
core   0: 3 0x80003a6e (0xefd3c193) x 3 0xfffffef3
core   0: 0x80003a72 (0x03d4b233) mulhu   tp, s1, t4
core   0: 3 0x80003a72 (0x03d4b233) x 4 0x00000000
core   0: 0x80003a76 (0x0000c499) c.beqz  s1, pc + 14
core   0: 3 0x80003a76 (0xc499)
core   0: 0x80003a84 (0x0ff0000f) fence   iorw,iorw
core   0: 3 0x80003a84 (0x0ff0000f)
core   0: 0x80003a88 (0x0078f333) and     t1, a7, t2
core   0: 3 0x80003a88 (0x0078f333) x 6 0x00000000
core   0: 0x80003a8c (0x00008499) c.srai  s1, 6
core   0: 3 0x80003a8c (0x8499) x 9 0x00000000
core   0: 0x80003a8e (0x0000872d) c.srai  a4, 11
core   0: 3 0x80003a8e (0x872d) x14 0x00000000
core   0: 0x80003a90 (0x000086c5) c.srai  a3, 17
core   0: 3 0x80003a90 (0x86c5) x13 0x00000000
core   0: 0x80003a92 (0x28b8ff37) lui     t5, 0x28b8f
core   0: 3 0x80003a92 (0x28b8ff37) x30 0x28b8f000
core   0: 0x80003a96 (0x02cc8e33) mul     t3, s9, a2
core   0: 3 0x80003a96 (0x02cc8e33) x28 0x00000000
core   0: 0x80003a9a (0x0038afb3) slt     t6, a7, gp
core   0: 3 0x80003a9a (0x0038afb3) x31 0x00000000
core   0: 0x80003a9e (0x0000100f) fence.i
core   0: 3 0x80003a9e (0x0000100f)
core   0: 0x80003aa2 (0x0029d9b3) srl     s3, s3, sp
core   0: 3 0x80003aa2 (0x0029d9b3) x19 0x0fffffff
core   0: 0x80003aa6 (0x00008eb1) c.xor   a3, a2
core   0: 3 0x80003aa6 (0x8eb1) x13 0x00000000
core   0: 0x80003aa8 (0x00004b09) c.li    s6, 2
core   0: 3 0x80003aa8 (0x4b09) x22 0x00000002
core   0: 0x80003aaa (0x040e8963) beqz    t4, pc + 82
core   0: 3 0x80003aaa (0x040e8963)
core   0: 0x80003aae (0x00001f7d) c.addi  t5, -1
core   0: 3 0x80003aae (0x1f7d) x30 0x28b8efff
core   0: 0x80003ab0 (0x02f99433) mulh    s0, s3, a5
core   0: 3 0x80003ab0 (0x02f99433) x 8 0x00000000
core   0: 0x80003ab4 (0x00008dc5) c.or    a1, s1
core   0: 3 0x80003ab4 (0x8dc5) x11 0xc6000000
core   0: 0x80003ab6 (0x0387c933) div     s2, a5, s8
core   0: 3 0x80003ab6 (0x0387c933) x18 0x00000000
core   0: 0x80003aba (0x03975bb3) divu    s7, a4, s9
core   0: 3 0x80003aba (0x03975bb3) x23 0xffffffff
core   0: 0x80003abe (0x03743a33) mulhu   s4, s0, s7
core   0: 3 0x80003abe (0x03743a33) x20 0x00000000
core   0: 0x80003ac2 (0x218dc593) xori    a1, s11, 536
core   0: 3 0x80003ac2 (0x218dc593) x11 0x00000218
core   0: 0x80003ac6 (0x02a544b3) div     s1, a0, a0
core   0: 3 0x80003ac6 (0x02a544b3) x 9 0xffffffff
core   0: 0x80003aca (0x0ff0000f) fence   iorw,iorw
core   0: 3 0x80003aca (0x0ff0000f)
core   0: 0x80003ace (0xff600993) li      s3, -10
core   0: 3 0x80003ace (0xff600993) x19 0xfffffff6
core   0: 0x80003ad2 (0x00700493) li      s1, 7
core   0: 3 0x80003ad2 (0x00700493) x 9 0x00000007
core   0: 0x80003ad6 (0x00008f69) c.and   a4, a0
core   0: 3 0x80003ad6 (0x8f69) x14 0x00000000
core   0: 0x80003ad8 (0x00000985) c.addi  s3, 1
core   0: 3 0x80003ad8 (0x0985) x19 0xfffffff7
core   0: 0x80003ada (0x00100613) li      a2, 1
core   0: 3 0x80003ada (0x00100613) x12 0x00000001
core   0: 0x80003ade (0x01300293) li      t0, 19
core   0: 3 0x80003ade (0x01300293) x 5 0x00000013
core   0: 0x80003ae2 (0x00006c61) c.lui   s8, 0x18
core   0: 3 0x80003ae2 (0x6c61) x24 0x00018000
core   0: 0x80003ae4 (0x00000198) c.addi4spn a4, sp, 192
core   0: 3 0x80003ae4 (0x0198) x14 0x80026da4
core   0: 0x80003ae6 (0x01955e13) srli    t3, a0, 25
core   0: 3 0x80003ae6 (0x01955e13) x28 0x00000000
core   0: 0x80003aea (0x00000611) c.addi  a2, 4
core   0: 3 0x80003aea (0x0611) x12 0x00000005
core   0: 0x80003aec (0x005068b3) or      a7, zero, t0
core   0: 3 0x80003aec (0x005068b3) x17 0x00000013
core   0: 0x80003af0 (0xfe564ae3) blt     a2, t0, pc - 12
core   0: 3 0x80003af0 (0xfe564ae3)
core   0: 0x80003ae4 (0x00000198) c.addi4spn a4, sp, 192
core   0: 3 0x80003ae4 (0x0198) x14 0x80026da4
core   0: 0x80003ae6 (0x01955e13) srli    t3, a0, 25
core   0: 3 0x80003ae6 (0x01955e13) x28 0x00000000
core   0: 0x80003aea (0x00000611) c.addi  a2, 4
core   0: 3 0x80003aea (0x0611) x12 0x00000009
core   0: 0x80003aec (0x005068b3) or      a7, zero, t0
core   0: 3 0x80003aec (0x005068b3) x17 0x00000013
core   0: 0x80003af0 (0xfe564ae3) blt     a2, t0, pc - 12
core   0: 3 0x80003af0 (0xfe564ae3)
core   0: 0x80003ae4 (0x00000198) c.addi4spn a4, sp, 192
core   0: 3 0x80003ae4 (0x0198) x14 0x80026da4
core   0: 0x80003ae6 (0x01955e13) srli    t3, a0, 25
core   0: 3 0x80003ae6 (0x01955e13) x28 0x00000000
core   0: 0x80003aea (0x00000611) c.addi  a2, 4
core   0: 3 0x80003aea (0x0611) x12 0x0000000d
core   0: 0x80003aec (0x005068b3) or      a7, zero, t0
core   0: 3 0x80003aec (0x005068b3) x17 0x00000013
core   0: 0x80003af0 (0xfe564ae3) blt     a2, t0, pc - 12
core   0: 3 0x80003af0 (0xfe564ae3)
core   0: 0x80003ae4 (0x00000198) c.addi4spn a4, sp, 192
core   0: 3 0x80003ae4 (0x0198) x14 0x80026da4
core   0: 0x80003ae6 (0x01955e13) srli    t3, a0, 25
core   0: 3 0x80003ae6 (0x01955e13) x28 0x00000000
core   0: 0x80003aea (0x00000611) c.addi  a2, 4
core   0: 3 0x80003aea (0x0611) x12 0x00000011
core   0: 0x80003aec (0x005068b3) or      a7, zero, t0
core   0: 3 0x80003aec (0x005068b3) x17 0x00000013
core   0: 0x80003af0 (0xfe564ae3) blt     a2, t0, pc - 12
core   0: 3 0x80003af0 (0xfe564ae3)
core   0: 0x80003ae4 (0x00000198) c.addi4spn a4, sp, 192
core   0: 3 0x80003ae4 (0x0198) x14 0x80026da4
core   0: 0x80003ae6 (0x01955e13) srli    t3, a0, 25
core   0: 3 0x80003ae6 (0x01955e13) x28 0x00000000
core   0: 0x80003aea (0x00000611) c.addi  a2, 4
core   0: 3 0x80003aea (0x0611) x12 0x00000015
core   0: 0x80003aec (0x005068b3) or      a7, zero, t0
core   0: 3 0x80003aec (0x005068b3) x17 0x00000013
core   0: 0x80003af0 (0xfe564ae3) blt     a2, t0, pc - 12
core   0: 3 0x80003af0 (0xfe564ae3)
core   0: 0x80003af4 (0x00008835) c.andi  s0, 13
core   0: 3 0x80003af4 (0x8835) x 8 0x00000000
core   0: 0x80003af6 (0xfe9990e3) bne     s3, s1, pc - 32
core   0: 3 0x80003af6 (0xfe9990e3)
core   0: 0x80003ad6 (0x00008f69) c.and   a4, a0
core   0: 3 0x80003ad6 (0x8f69) x14 0x00000000
core   0: 0x80003ad8 (0x00000985) c.addi  s3, 1
core   0: 3 0x80003ad8 (0x0985) x19 0xfffffff8
core   0: 0x80003ada (0x00100613) li      a2, 1
core   0: 3 0x80003ada (0x00100613) x12 0x00000001
core   0: 0x80003ade (0x01300293) li      t0, 19
core   0: 3 0x80003ade (0x01300293) x 5 0x00000013
core   0: 0x80003ae2 (0x00006c61) c.lui   s8, 0x18
core   0: 3 0x80003ae2 (0x6c61) x24 0x00018000
core   0: 0x80003ae4 (0x00000198) c.addi4spn a4, sp, 192
core   0: 3 0x80003ae4 (0x0198) x14 0x80026da4
core   0: 0x80003ae6 (0x01955e13) srli    t3, a0, 25
core   0: 3 0x80003ae6 (0x01955e13) x28 0x00000000
core   0: 0x80003aea (0x00000611) c.addi  a2, 4
core   0: 3 0x80003aea (0x0611) x12 0x00000005
core   0: 0x80003aec (0x005068b3) or      a7, zero, t0
core   0: 3 0x80003aec (0x005068b3) x17 0x00000013
core   0: 0x80003af0 (0xfe564ae3) blt     a2, t0, pc - 12
core   0: 3 0x80003af0 (0xfe564ae3)
core   0: 0x80003ae4 (0x00000198) c.addi4spn a4, sp, 192
core   0: 3 0x80003ae4 (0x0198) x14 0x80026da4
core   0: 0x80003ae6 (0x01955e13) srli    t3, a0, 25
core   0: 3 0x80003ae6 (0x01955e13) x28 0x00000000
core   0: 0x80003aea (0x00000611) c.addi  a2, 4
core   0: 3 0x80003aea (0x0611) x12 0x00000009
core   0: 0x80003aec (0x005068b3) or      a7, zero, t0
core   0: 3 0x80003aec (0x005068b3) x17 0x00000013
core   0: 0x80003af0 (0xfe564ae3) blt     a2, t0, pc - 12
core   0: 3 0x80003af0 (0xfe564ae3)
core   0: 0x80003ae4 (0x00000198) c.addi4spn a4, sp, 192
core   0: 3 0x80003ae4 (0x0198) x14 0x80026da4
core   0: 0x80003ae6 (0x01955e13) srli    t3, a0, 25
core   0: 3 0x80003ae6 (0x01955e13) x28 0x00000000
core   0: 0x80003aea (0x00000611) c.addi  a2, 4
core   0: 3 0x80003aea (0x0611) x12 0x0000000d
core   0: 0x80003aec (0x005068b3) or      a7, zero, t0
core   0: 3 0x80003aec (0x005068b3) x17 0x00000013
core   0: 0x80003af0 (0xfe564ae3) blt     a2, t0, pc - 12
core   0: 3 0x80003af0 (0xfe564ae3)
core   0: 0x80003ae4 (0x00000198) c.addi4spn a4, sp, 192
core   0: 3 0x80003ae4 (0x0198) x14 0x80026da4
core   0: 0x80003ae6 (0x01955e13) srli    t3, a0, 25
core   0: 3 0x80003ae6 (0x01955e13) x28 0x00000000
core   0: 0x80003aea (0x00000611) c.addi  a2, 4
core   0: 3 0x80003aea (0x0611) x12 0x00000011
core   0: 0x80003aec (0x005068b3) or      a7, zero, t0
core   0: 3 0x80003aec (0x005068b3) x17 0x00000013
core   0: 0x80003af0 (0xfe564ae3) blt     a2, t0, pc - 12
core   0: 3 0x80003af0 (0xfe564ae3)
core   0: 0x80003ae4 (0x00000198) c.addi4spn a4, sp, 192
core   0: 3 0x80003ae4 (0x0198) x14 0x80026da4
core   0: 0x80003ae6 (0x01955e13) srli    t3, a0, 25
core   0: 3 0x80003ae6 (0x01955e13) x28 0x00000000
core   0: 0x80003aea (0x00000611) c.addi  a2, 4
core   0: 3 0x80003aea (0x0611) x12 0x00000015
core   0: 0x80003aec (0x005068b3) or      a7, zero, t0
core   0: 3 0x80003aec (0x005068b3) x17 0x00000013
core   0: 0x80003af0 (0xfe564ae3) blt     a2, t0, pc - 12
core   0: 3 0x80003af0 (0xfe564ae3)
core   0: 0x80003af4 (0x00008835) c.andi  s0, 13
core   0: 3 0x80003af4 (0x8835) x 8 0x00000000
core   0: 0x80003af6 (0xfe9990e3) bne     s3, s1, pc - 32
core   0: 3 0x80003af6 (0xfe9990e3)
core   0: 0x80003ad6 (0x00008f69) c.and   a4, a0
core   0: 3 0x80003ad6 (0x8f69) x14 0x00000000
core   0: 0x80003ad8 (0x00000985) c.addi  s3, 1
core   0: 3 0x80003ad8 (0x0985) x19 0xfffffff9
core   0: 0x80003ada (0x00100613) li      a2, 1
core   0: 3 0x80003ada (0x00100613) x12 0x00000001
core   0: 0x80003ade (0x01300293) li      t0, 19
core   0: 3 0x80003ade (0x01300293) x 5 0x00000013
core   0: 0x80003ae2 (0x00006c61) c.lui   s8, 0x18
core   0: 3 0x80003ae2 (0x6c61) x24 0x00018000
core   0: 0x80003ae4 (0x00000198) c.addi4spn a4, sp, 192
core   0: 3 0x80003ae4 (0x0198) x14 0x80026da4
core   0: 0x80003ae6 (0x01955e13) srli    t3, a0, 25
core   0: 3 0x80003ae6 (0x01955e13) x28 0x00000000
core   0: 0x80003aea (0x00000611) c.addi  a2, 4
core   0: 3 0x80003aea (0x0611) x12 0x00000005
core   0: 0x80003aec (0x005068b3) or      a7, zero, t0
core   0: 3 0x80003aec (0x005068b3) x17 0x00000013
core   0: 0x80003af0 (0xfe564ae3) blt     a2, t0, pc - 12
core   0: 3 0x80003af0 (0xfe564ae3)
core   0: 0x80003ae4 (0x00000198) c.addi4spn a4, sp, 192
core   0: 3 0x80003ae4 (0x0198) x14 0x80026da4
core   0: 0x80003ae6 (0x01955e13) srli    t3, a0, 25
core   0: 3 0x80003ae6 (0x01955e13) x28 0x00000000
core   0: 0x80003aea (0x00000611) c.addi  a2, 4
core   0: 3 0x80003aea (0x0611) x12 0x00000009
core   0: 0x80003aec (0x005068b3) or      a7, zero, t0
core   0: 3 0x80003aec (0x005068b3) x17 0x00000013
core   0: 0x80003af0 (0xfe564ae3) blt     a2, t0, pc - 12
core   0: 3 0x80003af0 (0xfe564ae3)
core   0: 0x80003ae4 (0x00000198) c.addi4spn a4, sp, 192
core   0: 3 0x80003ae4 (0x0198) x14 0x80026da4
core   0: 0x80003ae6 (0x01955e13) srli    t3, a0, 25
core   0: 3 0x80003ae6 (0x01955e13) x28 0x00000000
core   0: 0x80003aea (0x00000611) c.addi  a2, 4
core   0: 3 0x80003aea (0x0611) x12 0x0000000d
core   0: 0x80003aec (0x005068b3) or      a7, zero, t0
core   0: 3 0x80003aec (0x005068b3) x17 0x00000013
core   0: 0x80003af0 (0xfe564ae3) blt     a2, t0, pc - 12
core   0: 3 0x80003af0 (0xfe564ae3)
core   0: 0x80003ae4 (0x00000198) c.addi4spn a4, sp, 192
core   0: 3 0x80003ae4 (0x0198) x14 0x80026da4
core   0: 0x80003ae6 (0x01955e13) srli    t3, a0, 25
core   0: 3 0x80003ae6 (0x01955e13) x28 0x00000000
core   0: 0x80003aea (0x00000611) c.addi  a2, 4
core   0: 3 0x80003aea (0x0611) x12 0x00000011
core   0: 0x80003aec (0x005068b3) or      a7, zero, t0
core   0: 3 0x80003aec (0x005068b3) x17 0x00000013
core   0: 0x80003af0 (0xfe564ae3) blt     a2, t0, pc - 12
core   0: 3 0x80003af0 (0xfe564ae3)
core   0: 0x80003ae4 (0x00000198) c.addi4spn a4, sp, 192
core   0: 3 0x80003ae4 (0x0198) x14 0x80026da4
core   0: 0x80003ae6 (0x01955e13) srli    t3, a0, 25
core   0: 3 0x80003ae6 (0x01955e13) x28 0x00000000
core   0: 0x80003aea (0x00000611) c.addi  a2, 4
core   0: 3 0x80003aea (0x0611) x12 0x00000015
core   0: 0x80003aec (0x005068b3) or      a7, zero, t0
core   0: 3 0x80003aec (0x005068b3) x17 0x00000013
core   0: 0x80003af0 (0xfe564ae3) blt     a2, t0, pc - 12
core   0: 3 0x80003af0 (0xfe564ae3)
core   0: 0x80003af4 (0x00008835) c.andi  s0, 13
core   0: 3 0x80003af4 (0x8835) x 8 0x00000000
core   0: 0x80003af6 (0xfe9990e3) bne     s3, s1, pc - 32
core   0: 3 0x80003af6 (0xfe9990e3)
core   0: 0x80003ad6 (0x00008f69) c.and   a4, a0
core   0: 3 0x80003ad6 (0x8f69) x14 0x00000000
core   0: 0x80003ad8 (0x00000985) c.addi  s3, 1
core   0: 3 0x80003ad8 (0x0985) x19 0xfffffffa
core   0: 0x80003ada (0x00100613) li      a2, 1
core   0: 3 0x80003ada (0x00100613) x12 0x00000001
core   0: 0x80003ade (0x01300293) li      t0, 19
core   0: 3 0x80003ade (0x01300293) x 5 0x00000013
core   0: 0x80003ae2 (0x00006c61) c.lui   s8, 0x18
core   0: 3 0x80003ae2 (0x6c61) x24 0x00018000
core   0: 0x80003ae4 (0x00000198) c.addi4spn a4, sp, 192
core   0: 3 0x80003ae4 (0x0198) x14 0x80026da4
core   0: 0x80003ae6 (0x01955e13) srli    t3, a0, 25
core   0: 3 0x80003ae6 (0x01955e13) x28 0x00000000
core   0: 0x80003aea (0x00000611) c.addi  a2, 4
core   0: 3 0x80003aea (0x0611) x12 0x00000005
core   0: 0x80003aec (0x005068b3) or      a7, zero, t0
core   0: 3 0x80003aec (0x005068b3) x17 0x00000013
core   0: 0x80003af0 (0xfe564ae3) blt     a2, t0, pc - 12
core   0: 3 0x80003af0 (0xfe564ae3)
core   0: 0x80003ae4 (0x00000198) c.addi4spn a4, sp, 192
core   0: 3 0x80003ae4 (0x0198) x14 0x80026da4
core   0: 0x80003ae6 (0x01955e13) srli    t3, a0, 25
core   0: 3 0x80003ae6 (0x01955e13) x28 0x00000000
core   0: 0x80003aea (0x00000611) c.addi  a2, 4
core   0: 3 0x80003aea (0x0611) x12 0x00000009
core   0: 0x80003aec (0x005068b3) or      a7, zero, t0
core   0: 3 0x80003aec (0x005068b3) x17 0x00000013
core   0: 0x80003af0 (0xfe564ae3) blt     a2, t0, pc - 12
core   0: 3 0x80003af0 (0xfe564ae3)
core   0: 0x80003ae4 (0x00000198) c.addi4spn a4, sp, 192
core   0: 3 0x80003ae4 (0x0198) x14 0x80026da4
core   0: 0x80003ae6 (0x01955e13) srli    t3, a0, 25
core   0: 3 0x80003ae6 (0x01955e13) x28 0x00000000
core   0: 0x80003aea (0x00000611) c.addi  a2, 4
core   0: 3 0x80003aea (0x0611) x12 0x0000000d
core   0: 0x80003aec (0x005068b3) or      a7, zero, t0
core   0: 3 0x80003aec (0x005068b3) x17 0x00000013
core   0: 0x80003af0 (0xfe564ae3) blt     a2, t0, pc - 12
core   0: 3 0x80003af0 (0xfe564ae3)
core   0: 0x80003ae4 (0x00000198) c.addi4spn a4, sp, 192
core   0: 3 0x80003ae4 (0x0198) x14 0x80026da4
core   0: 0x80003ae6 (0x01955e13) srli    t3, a0, 25
core   0: 3 0x80003ae6 (0x01955e13) x28 0x00000000
core   0: 0x80003aea (0x00000611) c.addi  a2, 4
core   0: 3 0x80003aea (0x0611) x12 0x00000011
core   0: 0x80003aec (0x005068b3) or      a7, zero, t0
core   0: 3 0x80003aec (0x005068b3) x17 0x00000013
core   0: 0x80003af0 (0xfe564ae3) blt     a2, t0, pc - 12
core   0: 3 0x80003af0 (0xfe564ae3)
core   0: 0x80003ae4 (0x00000198) c.addi4spn a4, sp, 192
core   0: 3 0x80003ae4 (0x0198) x14 0x80026da4
core   0: 0x80003ae6 (0x01955e13) srli    t3, a0, 25
core   0: 3 0x80003ae6 (0x01955e13) x28 0x00000000
core   0: 0x80003aea (0x00000611) c.addi  a2, 4
core   0: 3 0x80003aea (0x0611) x12 0x00000015
core   0: 0x80003aec (0x005068b3) or      a7, zero, t0
core   0: 3 0x80003aec (0x005068b3) x17 0x00000013
core   0: 0x80003af0 (0xfe564ae3) blt     a2, t0, pc - 12
core   0: 3 0x80003af0 (0xfe564ae3)
core   0: 0x80003af4 (0x00008835) c.andi  s0, 13
core   0: 3 0x80003af4 (0x8835) x 8 0x00000000
core   0: 0x80003af6 (0xfe9990e3) bne     s3, s1, pc - 32
core   0: 3 0x80003af6 (0xfe9990e3)
core   0: 0x80003ad6 (0x00008f69) c.and   a4, a0
core   0: 3 0x80003ad6 (0x8f69) x14 0x00000000
core   0: 0x80003ad8 (0x00000985) c.addi  s3, 1
core   0: 3 0x80003ad8 (0x0985) x19 0xfffffffb
core   0: 0x80003ada (0x00100613) li      a2, 1
core   0: 3 0x80003ada (0x00100613) x12 0x00000001
core   0: 0x80003ade (0x01300293) li      t0, 19
core   0: 3 0x80003ade (0x01300293) x 5 0x00000013
core   0: 0x80003ae2 (0x00006c61) c.lui   s8, 0x18
core   0: 3 0x80003ae2 (0x6c61) x24 0x00018000
core   0: 0x80003ae4 (0x00000198) c.addi4spn a4, sp, 192
core   0: 3 0x80003ae4 (0x0198) x14 0x80026da4
core   0: 0x80003ae6 (0x01955e13) srli    t3, a0, 25
core   0: 3 0x80003ae6 (0x01955e13) x28 0x00000000
core   0: 0x80003aea (0x00000611) c.addi  a2, 4
core   0: 3 0x80003aea (0x0611) x12 0x00000005
core   0: 0x80003aec (0x005068b3) or      a7, zero, t0
core   0: 3 0x80003aec (0x005068b3) x17 0x00000013
core   0: 0x80003af0 (0xfe564ae3) blt     a2, t0, pc - 12
core   0: 3 0x80003af0 (0xfe564ae3)
core   0: 0x80003ae4 (0x00000198) c.addi4spn a4, sp, 192
core   0: 3 0x80003ae4 (0x0198) x14 0x80026da4
core   0: 0x80003ae6 (0x01955e13) srli    t3, a0, 25
core   0: 3 0x80003ae6 (0x01955e13) x28 0x00000000
core   0: 0x80003aea (0x00000611) c.addi  a2, 4
core   0: 3 0x80003aea (0x0611) x12 0x00000009
core   0: 0x80003aec (0x005068b3) or      a7, zero, t0
core   0: 3 0x80003aec (0x005068b3) x17 0x00000013
core   0: 0x80003af0 (0xfe564ae3) blt     a2, t0, pc - 12
core   0: 3 0x80003af0 (0xfe564ae3)
core   0: 0x80003ae4 (0x00000198) c.addi4spn a4, sp, 192
core   0: 3 0x80003ae4 (0x0198) x14 0x80026da4
core   0: 0x80003ae6 (0x01955e13) srli    t3, a0, 25
core   0: 3 0x80003ae6 (0x01955e13) x28 0x00000000
core   0: 0x80003aea (0x00000611) c.addi  a2, 4
core   0: 3 0x80003aea (0x0611) x12 0x0000000d
core   0: 0x80003aec (0x005068b3) or      a7, zero, t0
core   0: 3 0x80003aec (0x005068b3) x17 0x00000013
core   0: 0x80003af0 (0xfe564ae3) blt     a2, t0, pc - 12
core   0: 3 0x80003af0 (0xfe564ae3)
core   0: 0x80003ae4 (0x00000198) c.addi4spn a4, sp, 192
core   0: 3 0x80003ae4 (0x0198) x14 0x80026da4
core   0: 0x80003ae6 (0x01955e13) srli    t3, a0, 25
core   0: 3 0x80003ae6 (0x01955e13) x28 0x00000000
core   0: 0x80003aea (0x00000611) c.addi  a2, 4
core   0: 3 0x80003aea (0x0611) x12 0x00000011
core   0: 0x80003aec (0x005068b3) or      a7, zero, t0
core   0: 3 0x80003aec (0x005068b3) x17 0x00000013
core   0: 0x80003af0 (0xfe564ae3) blt     a2, t0, pc - 12
core   0: 3 0x80003af0 (0xfe564ae3)
core   0: 0x80003ae4 (0x00000198) c.addi4spn a4, sp, 192
core   0: 3 0x80003ae4 (0x0198) x14 0x80026da4
core   0: 0x80003ae6 (0x01955e13) srli    t3, a0, 25
core   0: 3 0x80003ae6 (0x01955e13) x28 0x00000000
core   0: 0x80003aea (0x00000611) c.addi  a2, 4
core   0: 3 0x80003aea (0x0611) x12 0x00000015
core   0: 0x80003aec (0x005068b3) or      a7, zero, t0
core   0: 3 0x80003aec (0x005068b3) x17 0x00000013
core   0: 0x80003af0 (0xfe564ae3) blt     a2, t0, pc - 12
core   0: 3 0x80003af0 (0xfe564ae3)
core   0: 0x80003af4 (0x00008835) c.andi  s0, 13
core   0: 3 0x80003af4 (0x8835) x 8 0x00000000
core   0: 0x80003af6 (0xfe9990e3) bne     s3, s1, pc - 32
core   0: 3 0x80003af6 (0xfe9990e3)
core   0: 0x80003ad6 (0x00008f69) c.and   a4, a0
core   0: 3 0x80003ad6 (0x8f69) x14 0x00000000
core   0: 0x80003ad8 (0x00000985) c.addi  s3, 1
core   0: 3 0x80003ad8 (0x0985) x19 0xfffffffc
core   0: 0x80003ada (0x00100613) li      a2, 1
core   0: 3 0x80003ada (0x00100613) x12 0x00000001
core   0: 0x80003ade (0x01300293) li      t0, 19
core   0: 3 0x80003ade (0x01300293) x 5 0x00000013
core   0: 0x80003ae2 (0x00006c61) c.lui   s8, 0x18
core   0: 3 0x80003ae2 (0x6c61) x24 0x00018000
core   0: 0x80003ae4 (0x00000198) c.addi4spn a4, sp, 192
core   0: 3 0x80003ae4 (0x0198) x14 0x80026da4
core   0: 0x80003ae6 (0x01955e13) srli    t3, a0, 25
core   0: 3 0x80003ae6 (0x01955e13) x28 0x00000000
core   0: 0x80003aea (0x00000611) c.addi  a2, 4
core   0: 3 0x80003aea (0x0611) x12 0x00000005
core   0: 0x80003aec (0x005068b3) or      a7, zero, t0
core   0: 3 0x80003aec (0x005068b3) x17 0x00000013
core   0: 0x80003af0 (0xfe564ae3) blt     a2, t0, pc - 12
core   0: 3 0x80003af0 (0xfe564ae3)
core   0: 0x80003ae4 (0x00000198) c.addi4spn a4, sp, 192
core   0: 3 0x80003ae4 (0x0198) x14 0x80026da4
core   0: 0x80003ae6 (0x01955e13) srli    t3, a0, 25
core   0: 3 0x80003ae6 (0x01955e13) x28 0x00000000
core   0: 0x80003aea (0x00000611) c.addi  a2, 4
core   0: 3 0x80003aea (0x0611) x12 0x00000009
core   0: 0x80003aec (0x005068b3) or      a7, zero, t0
core   0: 3 0x80003aec (0x005068b3) x17 0x00000013
core   0: 0x80003af0 (0xfe564ae3) blt     a2, t0, pc - 12
core   0: 3 0x80003af0 (0xfe564ae3)
core   0: 0x80003ae4 (0x00000198) c.addi4spn a4, sp, 192
core   0: 3 0x80003ae4 (0x0198) x14 0x80026da4
core   0: 0x80003ae6 (0x01955e13) srli    t3, a0, 25
core   0: 3 0x80003ae6 (0x01955e13) x28 0x00000000
core   0: 0x80003aea (0x00000611) c.addi  a2, 4
core   0: 3 0x80003aea (0x0611) x12 0x0000000d
core   0: 0x80003aec (0x005068b3) or      a7, zero, t0
core   0: 3 0x80003aec (0x005068b3) x17 0x00000013
core   0: 0x80003af0 (0xfe564ae3) blt     a2, t0, pc - 12
core   0: 3 0x80003af0 (0xfe564ae3)
core   0: 0x80003ae4 (0x00000198) c.addi4spn a4, sp, 192
core   0: 3 0x80003ae4 (0x0198) x14 0x80026da4
core   0: 0x80003ae6 (0x01955e13) srli    t3, a0, 25
core   0: 3 0x80003ae6 (0x01955e13) x28 0x00000000
core   0: 0x80003aea (0x00000611) c.addi  a2, 4
core   0: 3 0x80003aea (0x0611) x12 0x00000011
core   0: 0x80003aec (0x005068b3) or      a7, zero, t0
core   0: 3 0x80003aec (0x005068b3) x17 0x00000013
core   0: 0x80003af0 (0xfe564ae3) blt     a2, t0, pc - 12
core   0: 3 0x80003af0 (0xfe564ae3)
core   0: 0x80003ae4 (0x00000198) c.addi4spn a4, sp, 192
core   0: 3 0x80003ae4 (0x0198) x14 0x80026da4
core   0: 0x80003ae6 (0x01955e13) srli    t3, a0, 25
core   0: 3 0x80003ae6 (0x01955e13) x28 0x00000000
core   0: 0x80003aea (0x00000611) c.addi  a2, 4
core   0: 3 0x80003aea (0x0611) x12 0x00000015
core   0: 0x80003aec (0x005068b3) or      a7, zero, t0
core   0: 3 0x80003aec (0x005068b3) x17 0x00000013
core   0: 0x80003af0 (0xfe564ae3) blt     a2, t0, pc - 12
core   0: 3 0x80003af0 (0xfe564ae3)
core   0: 0x80003af4 (0x00008835) c.andi  s0, 13
core   0: 3 0x80003af4 (0x8835) x 8 0x00000000
core   0: 0x80003af6 (0xfe9990e3) bne     s3, s1, pc - 32
core   0: 3 0x80003af6 (0xfe9990e3)
core   0: 0x80003ad6 (0x00008f69) c.and   a4, a0
core   0: 3 0x80003ad6 (0x8f69) x14 0x00000000
core   0: 0x80003ad8 (0x00000985) c.addi  s3, 1
core   0: 3 0x80003ad8 (0x0985) x19 0xfffffffd
core   0: 0x80003ada (0x00100613) li      a2, 1
core   0: 3 0x80003ada (0x00100613) x12 0x00000001
core   0: 0x80003ade (0x01300293) li      t0, 19
core   0: 3 0x80003ade (0x01300293) x 5 0x00000013
core   0: 0x80003ae2 (0x00006c61) c.lui   s8, 0x18
core   0: 3 0x80003ae2 (0x6c61) x24 0x00018000
core   0: 0x80003ae4 (0x00000198) c.addi4spn a4, sp, 192
core   0: 3 0x80003ae4 (0x0198) x14 0x80026da4
core   0: 0x80003ae6 (0x01955e13) srli    t3, a0, 25
core   0: 3 0x80003ae6 (0x01955e13) x28 0x00000000
core   0: 0x80003aea (0x00000611) c.addi  a2, 4
core   0: 3 0x80003aea (0x0611) x12 0x00000005
core   0: 0x80003aec (0x005068b3) or      a7, zero, t0
core   0: 3 0x80003aec (0x005068b3) x17 0x00000013
core   0: 0x80003af0 (0xfe564ae3) blt     a2, t0, pc - 12
core   0: 3 0x80003af0 (0xfe564ae3)
core   0: 0x80003ae4 (0x00000198) c.addi4spn a4, sp, 192
core   0: 3 0x80003ae4 (0x0198) x14 0x80026da4
core   0: 0x80003ae6 (0x01955e13) srli    t3, a0, 25
core   0: 3 0x80003ae6 (0x01955e13) x28 0x00000000
core   0: 0x80003aea (0x00000611) c.addi  a2, 4
core   0: 3 0x80003aea (0x0611) x12 0x00000009
core   0: 0x80003aec (0x005068b3) or      a7, zero, t0
core   0: 3 0x80003aec (0x005068b3) x17 0x00000013
core   0: 0x80003af0 (0xfe564ae3) blt     a2, t0, pc - 12
core   0: 3 0x80003af0 (0xfe564ae3)
core   0: 0x80003ae4 (0x00000198) c.addi4spn a4, sp, 192
core   0: 3 0x80003ae4 (0x0198) x14 0x80026da4
core   0: 0x80003ae6 (0x01955e13) srli    t3, a0, 25
core   0: 3 0x80003ae6 (0x01955e13) x28 0x00000000
core   0: 0x80003aea (0x00000611) c.addi  a2, 4
core   0: 3 0x80003aea (0x0611) x12 0x0000000d
core   0: 0x80003aec (0x005068b3) or      a7, zero, t0
core   0: 3 0x80003aec (0x005068b3) x17 0x00000013
core   0: 0x80003af0 (0xfe564ae3) blt     a2, t0, pc - 12
core   0: 3 0x80003af0 (0xfe564ae3)
core   0: 0x80003ae4 (0x00000198) c.addi4spn a4, sp, 192
core   0: 3 0x80003ae4 (0x0198) x14 0x80026da4
core   0: 0x80003ae6 (0x01955e13) srli    t3, a0, 25
core   0: 3 0x80003ae6 (0x01955e13) x28 0x00000000
core   0: 0x80003aea (0x00000611) c.addi  a2, 4
core   0: 3 0x80003aea (0x0611) x12 0x00000011
core   0: 0x80003aec (0x005068b3) or      a7, zero, t0
core   0: 3 0x80003aec (0x005068b3) x17 0x00000013
core   0: 0x80003af0 (0xfe564ae3) blt     a2, t0, pc - 12
core   0: 3 0x80003af0 (0xfe564ae3)
core   0: 0x80003ae4 (0x00000198) c.addi4spn a4, sp, 192
core   0: 3 0x80003ae4 (0x0198) x14 0x80026da4
core   0: 0x80003ae6 (0x01955e13) srli    t3, a0, 25
core   0: 3 0x80003ae6 (0x01955e13) x28 0x00000000
core   0: 0x80003aea (0x00000611) c.addi  a2, 4
core   0: 3 0x80003aea (0x0611) x12 0x00000015
core   0: 0x80003aec (0x005068b3) or      a7, zero, t0
core   0: 3 0x80003aec (0x005068b3) x17 0x00000013
core   0: 0x80003af0 (0xfe564ae3) blt     a2, t0, pc - 12
core   0: 3 0x80003af0 (0xfe564ae3)
core   0: 0x80003af4 (0x00008835) c.andi  s0, 13
core   0: 3 0x80003af4 (0x8835) x 8 0x00000000
core   0: 0x80003af6 (0xfe9990e3) bne     s3, s1, pc - 32
core   0: 3 0x80003af6 (0xfe9990e3)
core   0: 0x80003ad6 (0x00008f69) c.and   a4, a0
core   0: 3 0x80003ad6 (0x8f69) x14 0x00000000
core   0: 0x80003ad8 (0x00000985) c.addi  s3, 1
core   0: 3 0x80003ad8 (0x0985) x19 0xfffffffe
core   0: 0x80003ada (0x00100613) li      a2, 1
core   0: 3 0x80003ada (0x00100613) x12 0x00000001
core   0: 0x80003ade (0x01300293) li      t0, 19
core   0: 3 0x80003ade (0x01300293) x 5 0x00000013
core   0: 0x80003ae2 (0x00006c61) c.lui   s8, 0x18
core   0: 3 0x80003ae2 (0x6c61) x24 0x00018000
core   0: 0x80003ae4 (0x00000198) c.addi4spn a4, sp, 192
core   0: 3 0x80003ae4 (0x0198) x14 0x80026da4
core   0: 0x80003ae6 (0x01955e13) srli    t3, a0, 25
core   0: 3 0x80003ae6 (0x01955e13) x28 0x00000000
core   0: 0x80003aea (0x00000611) c.addi  a2, 4
core   0: 3 0x80003aea (0x0611) x12 0x00000005
core   0: 0x80003aec (0x005068b3) or      a7, zero, t0
core   0: 3 0x80003aec (0x005068b3) x17 0x00000013
core   0: 0x80003af0 (0xfe564ae3) blt     a2, t0, pc - 12
core   0: 3 0x80003af0 (0xfe564ae3)
core   0: 0x80003ae4 (0x00000198) c.addi4spn a4, sp, 192
core   0: 3 0x80003ae4 (0x0198) x14 0x80026da4
core   0: 0x80003ae6 (0x01955e13) srli    t3, a0, 25
core   0: 3 0x80003ae6 (0x01955e13) x28 0x00000000
core   0: 0x80003aea (0x00000611) c.addi  a2, 4
core   0: 3 0x80003aea (0x0611) x12 0x00000009
core   0: 0x80003aec (0x005068b3) or      a7, zero, t0
core   0: 3 0x80003aec (0x005068b3) x17 0x00000013
core   0: 0x80003af0 (0xfe564ae3) blt     a2, t0, pc - 12
core   0: 3 0x80003af0 (0xfe564ae3)
core   0: 0x80003ae4 (0x00000198) c.addi4spn a4, sp, 192
core   0: 3 0x80003ae4 (0x0198) x14 0x80026da4
core   0: 0x80003ae6 (0x01955e13) srli    t3, a0, 25
core   0: 3 0x80003ae6 (0x01955e13) x28 0x00000000
core   0: 0x80003aea (0x00000611) c.addi  a2, 4
core   0: 3 0x80003aea (0x0611) x12 0x0000000d
core   0: 0x80003aec (0x005068b3) or      a7, zero, t0
core   0: 3 0x80003aec (0x005068b3) x17 0x00000013
core   0: 0x80003af0 (0xfe564ae3) blt     a2, t0, pc - 12
core   0: 3 0x80003af0 (0xfe564ae3)
core   0: 0x80003ae4 (0x00000198) c.addi4spn a4, sp, 192
core   0: 3 0x80003ae4 (0x0198) x14 0x80026da4
core   0: 0x80003ae6 (0x01955e13) srli    t3, a0, 25
core   0: 3 0x80003ae6 (0x01955e13) x28 0x00000000
core   0: 0x80003aea (0x00000611) c.addi  a2, 4
core   0: 3 0x80003aea (0x0611) x12 0x00000011
core   0: 0x80003aec (0x005068b3) or      a7, zero, t0
core   0: 3 0x80003aec (0x005068b3) x17 0x00000013
core   0: 0x80003af0 (0xfe564ae3) blt     a2, t0, pc - 12
core   0: 3 0x80003af0 (0xfe564ae3)
core   0: 0x80003ae4 (0x00000198) c.addi4spn a4, sp, 192
core   0: 3 0x80003ae4 (0x0198) x14 0x80026da4
core   0: 0x80003ae6 (0x01955e13) srli    t3, a0, 25
core   0: 3 0x80003ae6 (0x01955e13) x28 0x00000000
core   0: 0x80003aea (0x00000611) c.addi  a2, 4
core   0: 3 0x80003aea (0x0611) x12 0x00000015
core   0: 0x80003aec (0x005068b3) or      a7, zero, t0
core   0: 3 0x80003aec (0x005068b3) x17 0x00000013
core   0: 0x80003af0 (0xfe564ae3) blt     a2, t0, pc - 12
core   0: 3 0x80003af0 (0xfe564ae3)
core   0: 0x80003af4 (0x00008835) c.andi  s0, 13
core   0: 3 0x80003af4 (0x8835) x 8 0x00000000
core   0: 0x80003af6 (0xfe9990e3) bne     s3, s1, pc - 32
core   0: 3 0x80003af6 (0xfe9990e3)
core   0: 0x80003ad6 (0x00008f69) c.and   a4, a0
core   0: 3 0x80003ad6 (0x8f69) x14 0x00000000
core   0: 0x80003ad8 (0x00000985) c.addi  s3, 1
core   0: 3 0x80003ad8 (0x0985) x19 0xffffffff
core   0: 0x80003ada (0x00100613) li      a2, 1
core   0: 3 0x80003ada (0x00100613) x12 0x00000001
core   0: 0x80003ade (0x01300293) li      t0, 19
core   0: 3 0x80003ade (0x01300293) x 5 0x00000013
core   0: 0x80003ae2 (0x00006c61) c.lui   s8, 0x18
core   0: 3 0x80003ae2 (0x6c61) x24 0x00018000
core   0: 0x80003ae4 (0x00000198) c.addi4spn a4, sp, 192
core   0: 3 0x80003ae4 (0x0198) x14 0x80026da4
core   0: 0x80003ae6 (0x01955e13) srli    t3, a0, 25
core   0: 3 0x80003ae6 (0x01955e13) x28 0x00000000
core   0: 0x80003aea (0x00000611) c.addi  a2, 4
core   0: 3 0x80003aea (0x0611) x12 0x00000005
core   0: 0x80003aec (0x005068b3) or      a7, zero, t0
core   0: 3 0x80003aec (0x005068b3) x17 0x00000013
core   0: 0x80003af0 (0xfe564ae3) blt     a2, t0, pc - 12
core   0: 3 0x80003af0 (0xfe564ae3)
core   0: 0x80003ae4 (0x00000198) c.addi4spn a4, sp, 192
core   0: 3 0x80003ae4 (0x0198) x14 0x80026da4
core   0: 0x80003ae6 (0x01955e13) srli    t3, a0, 25
core   0: 3 0x80003ae6 (0x01955e13) x28 0x00000000
core   0: 0x80003aea (0x00000611) c.addi  a2, 4
core   0: 3 0x80003aea (0x0611) x12 0x00000009
core   0: 0x80003aec (0x005068b3) or      a7, zero, t0
core   0: 3 0x80003aec (0x005068b3) x17 0x00000013
core   0: 0x80003af0 (0xfe564ae3) blt     a2, t0, pc - 12
core   0: 3 0x80003af0 (0xfe564ae3)
core   0: 0x80003ae4 (0x00000198) c.addi4spn a4, sp, 192
core   0: 3 0x80003ae4 (0x0198) x14 0x80026da4
core   0: 0x80003ae6 (0x01955e13) srli    t3, a0, 25
core   0: 3 0x80003ae6 (0x01955e13) x28 0x00000000
core   0: 0x80003aea (0x00000611) c.addi  a2, 4
core   0: 3 0x80003aea (0x0611) x12 0x0000000d
core   0: 0x80003aec (0x005068b3) or      a7, zero, t0
core   0: 3 0x80003aec (0x005068b3) x17 0x00000013
core   0: 0x80003af0 (0xfe564ae3) blt     a2, t0, pc - 12
core   0: 3 0x80003af0 (0xfe564ae3)
core   0: 0x80003ae4 (0x00000198) c.addi4spn a4, sp, 192
core   0: 3 0x80003ae4 (0x0198) x14 0x80026da4
core   0: 0x80003ae6 (0x01955e13) srli    t3, a0, 25
core   0: 3 0x80003ae6 (0x01955e13) x28 0x00000000
core   0: 0x80003aea (0x00000611) c.addi  a2, 4
core   0: 3 0x80003aea (0x0611) x12 0x00000011
core   0: 0x80003aec (0x005068b3) or      a7, zero, t0
core   0: 3 0x80003aec (0x005068b3) x17 0x00000013
core   0: 0x80003af0 (0xfe564ae3) blt     a2, t0, pc - 12
core   0: 3 0x80003af0 (0xfe564ae3)
core   0: 0x80003ae4 (0x00000198) c.addi4spn a4, sp, 192
core   0: 3 0x80003ae4 (0x0198) x14 0x80026da4
core   0: 0x80003ae6 (0x01955e13) srli    t3, a0, 25
core   0: 3 0x80003ae6 (0x01955e13) x28 0x00000000
core   0: 0x80003aea (0x00000611) c.addi  a2, 4
core   0: 3 0x80003aea (0x0611) x12 0x00000015
core   0: 0x80003aec (0x005068b3) or      a7, zero, t0
core   0: 3 0x80003aec (0x005068b3) x17 0x00000013
core   0: 0x80003af0 (0xfe564ae3) blt     a2, t0, pc - 12
core   0: 3 0x80003af0 (0xfe564ae3)
core   0: 0x80003af4 (0x00008835) c.andi  s0, 13
core   0: 3 0x80003af4 (0x8835) x 8 0x00000000
core   0: 0x80003af6 (0xfe9990e3) bne     s3, s1, pc - 32
core   0: 3 0x80003af6 (0xfe9990e3)
core   0: 0x80003ad6 (0x00008f69) c.and   a4, a0
core   0: 3 0x80003ad6 (0x8f69) x14 0x00000000
core   0: 0x80003ad8 (0x00000985) c.addi  s3, 1
core   0: 3 0x80003ad8 (0x0985) x19 0x00000000
core   0: 0x80003ada (0x00100613) li      a2, 1
core   0: 3 0x80003ada (0x00100613) x12 0x00000001
core   0: 0x80003ade (0x01300293) li      t0, 19
core   0: 3 0x80003ade (0x01300293) x 5 0x00000013
core   0: 0x80003ae2 (0x00006c61) c.lui   s8, 0x18
core   0: 3 0x80003ae2 (0x6c61) x24 0x00018000
core   0: 0x80003ae4 (0x00000198) c.addi4spn a4, sp, 192
core   0: 3 0x80003ae4 (0x0198) x14 0x80026da4
core   0: 0x80003ae6 (0x01955e13) srli    t3, a0, 25
core   0: 3 0x80003ae6 (0x01955e13) x28 0x00000000
core   0: 0x80003aea (0x00000611) c.addi  a2, 4
core   0: 3 0x80003aea (0x0611) x12 0x00000005
core   0: 0x80003aec (0x005068b3) or      a7, zero, t0
core   0: 3 0x80003aec (0x005068b3) x17 0x00000013
core   0: 0x80003af0 (0xfe564ae3) blt     a2, t0, pc - 12
core   0: 3 0x80003af0 (0xfe564ae3)
core   0: 0x80003ae4 (0x00000198) c.addi4spn a4, sp, 192
core   0: 3 0x80003ae4 (0x0198) x14 0x80026da4
core   0: 0x80003ae6 (0x01955e13) srli    t3, a0, 25
core   0: 3 0x80003ae6 (0x01955e13) x28 0x00000000
core   0: 0x80003aea (0x00000611) c.addi  a2, 4
core   0: 3 0x80003aea (0x0611) x12 0x00000009
core   0: 0x80003aec (0x005068b3) or      a7, zero, t0
core   0: 3 0x80003aec (0x005068b3) x17 0x00000013
core   0: 0x80003af0 (0xfe564ae3) blt     a2, t0, pc - 12
core   0: 3 0x80003af0 (0xfe564ae3)
core   0: 0x80003ae4 (0x00000198) c.addi4spn a4, sp, 192
core   0: 3 0x80003ae4 (0x0198) x14 0x80026da4
core   0: 0x80003ae6 (0x01955e13) srli    t3, a0, 25
core   0: 3 0x80003ae6 (0x01955e13) x28 0x00000000
core   0: 0x80003aea (0x00000611) c.addi  a2, 4
core   0: 3 0x80003aea (0x0611) x12 0x0000000d
core   0: 0x80003aec (0x005068b3) or      a7, zero, t0
core   0: 3 0x80003aec (0x005068b3) x17 0x00000013
core   0: 0x80003af0 (0xfe564ae3) blt     a2, t0, pc - 12
core   0: 3 0x80003af0 (0xfe564ae3)
core   0: 0x80003ae4 (0x00000198) c.addi4spn a4, sp, 192
core   0: 3 0x80003ae4 (0x0198) x14 0x80026da4
core   0: 0x80003ae6 (0x01955e13) srli    t3, a0, 25
core   0: 3 0x80003ae6 (0x01955e13) x28 0x00000000
core   0: 0x80003aea (0x00000611) c.addi  a2, 4
core   0: 3 0x80003aea (0x0611) x12 0x00000011
core   0: 0x80003aec (0x005068b3) or      a7, zero, t0
core   0: 3 0x80003aec (0x005068b3) x17 0x00000013
core   0: 0x80003af0 (0xfe564ae3) blt     a2, t0, pc - 12
core   0: 3 0x80003af0 (0xfe564ae3)
core   0: 0x80003ae4 (0x00000198) c.addi4spn a4, sp, 192
core   0: 3 0x80003ae4 (0x0198) x14 0x80026da4
core   0: 0x80003ae6 (0x01955e13) srli    t3, a0, 25
core   0: 3 0x80003ae6 (0x01955e13) x28 0x00000000
core   0: 0x80003aea (0x00000611) c.addi  a2, 4
core   0: 3 0x80003aea (0x0611) x12 0x00000015
core   0: 0x80003aec (0x005068b3) or      a7, zero, t0
core   0: 3 0x80003aec (0x005068b3) x17 0x00000013
core   0: 0x80003af0 (0xfe564ae3) blt     a2, t0, pc - 12
core   0: 3 0x80003af0 (0xfe564ae3)
core   0: 0x80003af4 (0x00008835) c.andi  s0, 13
core   0: 3 0x80003af4 (0x8835) x 8 0x00000000
core   0: 0x80003af6 (0xfe9990e3) bne     s3, s1, pc - 32
core   0: 3 0x80003af6 (0xfe9990e3)
core   0: 0x80003ad6 (0x00008f69) c.and   a4, a0
core   0: 3 0x80003ad6 (0x8f69) x14 0x00000000
core   0: 0x80003ad8 (0x00000985) c.addi  s3, 1
core   0: 3 0x80003ad8 (0x0985) x19 0x00000001
core   0: 0x80003ada (0x00100613) li      a2, 1
core   0: 3 0x80003ada (0x00100613) x12 0x00000001
core   0: 0x80003ade (0x01300293) li      t0, 19
core   0: 3 0x80003ade (0x01300293) x 5 0x00000013
core   0: 0x80003ae2 (0x00006c61) c.lui   s8, 0x18
core   0: 3 0x80003ae2 (0x6c61) x24 0x00018000
core   0: 0x80003ae4 (0x00000198) c.addi4spn a4, sp, 192
core   0: 3 0x80003ae4 (0x0198) x14 0x80026da4
core   0: 0x80003ae6 (0x01955e13) srli    t3, a0, 25
core   0: 3 0x80003ae6 (0x01955e13) x28 0x00000000
core   0: 0x80003aea (0x00000611) c.addi  a2, 4
core   0: 3 0x80003aea (0x0611) x12 0x00000005
core   0: 0x80003aec (0x005068b3) or      a7, zero, t0
core   0: 3 0x80003aec (0x005068b3) x17 0x00000013
core   0: 0x80003af0 (0xfe564ae3) blt     a2, t0, pc - 12
core   0: 3 0x80003af0 (0xfe564ae3)
core   0: 0x80003ae4 (0x00000198) c.addi4spn a4, sp, 192
core   0: 3 0x80003ae4 (0x0198) x14 0x80026da4
core   0: 0x80003ae6 (0x01955e13) srli    t3, a0, 25
core   0: 3 0x80003ae6 (0x01955e13) x28 0x00000000
core   0: 0x80003aea (0x00000611) c.addi  a2, 4
core   0: 3 0x80003aea (0x0611) x12 0x00000009
core   0: 0x80003aec (0x005068b3) or      a7, zero, t0
core   0: 3 0x80003aec (0x005068b3) x17 0x00000013
core   0: 0x80003af0 (0xfe564ae3) blt     a2, t0, pc - 12
core   0: 3 0x80003af0 (0xfe564ae3)
core   0: 0x80003ae4 (0x00000198) c.addi4spn a4, sp, 192
core   0: 3 0x80003ae4 (0x0198) x14 0x80026da4
core   0: 0x80003ae6 (0x01955e13) srli    t3, a0, 25
core   0: 3 0x80003ae6 (0x01955e13) x28 0x00000000
core   0: 0x80003aea (0x00000611) c.addi  a2, 4
core   0: 3 0x80003aea (0x0611) x12 0x0000000d
core   0: 0x80003aec (0x005068b3) or      a7, zero, t0
core   0: 3 0x80003aec (0x005068b3) x17 0x00000013
core   0: 0x80003af0 (0xfe564ae3) blt     a2, t0, pc - 12
core   0: 3 0x80003af0 (0xfe564ae3)
core   0: 0x80003ae4 (0x00000198) c.addi4spn a4, sp, 192
core   0: 3 0x80003ae4 (0x0198) x14 0x80026da4
core   0: 0x80003ae6 (0x01955e13) srli    t3, a0, 25
core   0: 3 0x80003ae6 (0x01955e13) x28 0x00000000
core   0: 0x80003aea (0x00000611) c.addi  a2, 4
core   0: 3 0x80003aea (0x0611) x12 0x00000011
core   0: 0x80003aec (0x005068b3) or      a7, zero, t0
core   0: 3 0x80003aec (0x005068b3) x17 0x00000013
core   0: 0x80003af0 (0xfe564ae3) blt     a2, t0, pc - 12
core   0: 3 0x80003af0 (0xfe564ae3)
core   0: 0x80003ae4 (0x00000198) c.addi4spn a4, sp, 192
core   0: 3 0x80003ae4 (0x0198) x14 0x80026da4
core   0: 0x80003ae6 (0x01955e13) srli    t3, a0, 25
core   0: 3 0x80003ae6 (0x01955e13) x28 0x00000000
core   0: 0x80003aea (0x00000611) c.addi  a2, 4
core   0: 3 0x80003aea (0x0611) x12 0x00000015
core   0: 0x80003aec (0x005068b3) or      a7, zero, t0
core   0: 3 0x80003aec (0x005068b3) x17 0x00000013
core   0: 0x80003af0 (0xfe564ae3) blt     a2, t0, pc - 12
core   0: 3 0x80003af0 (0xfe564ae3)
core   0: 0x80003af4 (0x00008835) c.andi  s0, 13
core   0: 3 0x80003af4 (0x8835) x 8 0x00000000
core   0: 0x80003af6 (0xfe9990e3) bne     s3, s1, pc - 32
core   0: 3 0x80003af6 (0xfe9990e3)
core   0: 0x80003ad6 (0x00008f69) c.and   a4, a0
core   0: 3 0x80003ad6 (0x8f69) x14 0x00000000
core   0: 0x80003ad8 (0x00000985) c.addi  s3, 1
core   0: 3 0x80003ad8 (0x0985) x19 0x00000002
core   0: 0x80003ada (0x00100613) li      a2, 1
core   0: 3 0x80003ada (0x00100613) x12 0x00000001
core   0: 0x80003ade (0x01300293) li      t0, 19
core   0: 3 0x80003ade (0x01300293) x 5 0x00000013
core   0: 0x80003ae2 (0x00006c61) c.lui   s8, 0x18
core   0: 3 0x80003ae2 (0x6c61) x24 0x00018000
core   0: 0x80003ae4 (0x00000198) c.addi4spn a4, sp, 192
core   0: 3 0x80003ae4 (0x0198) x14 0x80026da4
core   0: 0x80003ae6 (0x01955e13) srli    t3, a0, 25
core   0: 3 0x80003ae6 (0x01955e13) x28 0x00000000
core   0: 0x80003aea (0x00000611) c.addi  a2, 4
core   0: 3 0x80003aea (0x0611) x12 0x00000005
core   0: 0x80003aec (0x005068b3) or      a7, zero, t0
core   0: 3 0x80003aec (0x005068b3) x17 0x00000013
core   0: 0x80003af0 (0xfe564ae3) blt     a2, t0, pc - 12
core   0: 3 0x80003af0 (0xfe564ae3)
core   0: 0x80003ae4 (0x00000198) c.addi4spn a4, sp, 192
core   0: 3 0x80003ae4 (0x0198) x14 0x80026da4
core   0: 0x80003ae6 (0x01955e13) srli    t3, a0, 25
core   0: 3 0x80003ae6 (0x01955e13) x28 0x00000000
core   0: 0x80003aea (0x00000611) c.addi  a2, 4
core   0: 3 0x80003aea (0x0611) x12 0x00000009
core   0: 0x80003aec (0x005068b3) or      a7, zero, t0
core   0: 3 0x80003aec (0x005068b3) x17 0x00000013
core   0: 0x80003af0 (0xfe564ae3) blt     a2, t0, pc - 12
core   0: 3 0x80003af0 (0xfe564ae3)
core   0: 0x80003ae4 (0x00000198) c.addi4spn a4, sp, 192
core   0: 3 0x80003ae4 (0x0198) x14 0x80026da4
core   0: 0x80003ae6 (0x01955e13) srli    t3, a0, 25
core   0: 3 0x80003ae6 (0x01955e13) x28 0x00000000
core   0: 0x80003aea (0x00000611) c.addi  a2, 4
core   0: 3 0x80003aea (0x0611) x12 0x0000000d
core   0: 0x80003aec (0x005068b3) or      a7, zero, t0
core   0: 3 0x80003aec (0x005068b3) x17 0x00000013
core   0: 0x80003af0 (0xfe564ae3) blt     a2, t0, pc - 12
core   0: 3 0x80003af0 (0xfe564ae3)
core   0: 0x80003ae4 (0x00000198) c.addi4spn a4, sp, 192
core   0: 3 0x80003ae4 (0x0198) x14 0x80026da4
core   0: 0x80003ae6 (0x01955e13) srli    t3, a0, 25
core   0: 3 0x80003ae6 (0x01955e13) x28 0x00000000
core   0: 0x80003aea (0x00000611) c.addi  a2, 4
core   0: 3 0x80003aea (0x0611) x12 0x00000011
core   0: 0x80003aec (0x005068b3) or      a7, zero, t0
core   0: 3 0x80003aec (0x005068b3) x17 0x00000013
core   0: 0x80003af0 (0xfe564ae3) blt     a2, t0, pc - 12
core   0: 3 0x80003af0 (0xfe564ae3)
core   0: 0x80003ae4 (0x00000198) c.addi4spn a4, sp, 192
core   0: 3 0x80003ae4 (0x0198) x14 0x80026da4
core   0: 0x80003ae6 (0x01955e13) srli    t3, a0, 25
core   0: 3 0x80003ae6 (0x01955e13) x28 0x00000000
core   0: 0x80003aea (0x00000611) c.addi  a2, 4
core   0: 3 0x80003aea (0x0611) x12 0x00000015
core   0: 0x80003aec (0x005068b3) or      a7, zero, t0
core   0: 3 0x80003aec (0x005068b3) x17 0x00000013
core   0: 0x80003af0 (0xfe564ae3) blt     a2, t0, pc - 12
core   0: 3 0x80003af0 (0xfe564ae3)
core   0: 0x80003af4 (0x00008835) c.andi  s0, 13
core   0: 3 0x80003af4 (0x8835) x 8 0x00000000
core   0: 0x80003af6 (0xfe9990e3) bne     s3, s1, pc - 32
core   0: 3 0x80003af6 (0xfe9990e3)
core   0: 0x80003ad6 (0x00008f69) c.and   a4, a0
core   0: 3 0x80003ad6 (0x8f69) x14 0x00000000
core   0: 0x80003ad8 (0x00000985) c.addi  s3, 1
core   0: 3 0x80003ad8 (0x0985) x19 0x00000003
core   0: 0x80003ada (0x00100613) li      a2, 1
core   0: 3 0x80003ada (0x00100613) x12 0x00000001
core   0: 0x80003ade (0x01300293) li      t0, 19
core   0: 3 0x80003ade (0x01300293) x 5 0x00000013
core   0: 0x80003ae2 (0x00006c61) c.lui   s8, 0x18
core   0: 3 0x80003ae2 (0x6c61) x24 0x00018000
core   0: 0x80003ae4 (0x00000198) c.addi4spn a4, sp, 192
core   0: 3 0x80003ae4 (0x0198) x14 0x80026da4
core   0: 0x80003ae6 (0x01955e13) srli    t3, a0, 25
core   0: 3 0x80003ae6 (0x01955e13) x28 0x00000000
core   0: 0x80003aea (0x00000611) c.addi  a2, 4
core   0: 3 0x80003aea (0x0611) x12 0x00000005
core   0: 0x80003aec (0x005068b3) or      a7, zero, t0
core   0: 3 0x80003aec (0x005068b3) x17 0x00000013
core   0: 0x80003af0 (0xfe564ae3) blt     a2, t0, pc - 12
core   0: 3 0x80003af0 (0xfe564ae3)
core   0: 0x80003ae4 (0x00000198) c.addi4spn a4, sp, 192
core   0: 3 0x80003ae4 (0x0198) x14 0x80026da4
core   0: 0x80003ae6 (0x01955e13) srli    t3, a0, 25
core   0: 3 0x80003ae6 (0x01955e13) x28 0x00000000
core   0: 0x80003aea (0x00000611) c.addi  a2, 4
core   0: 3 0x80003aea (0x0611) x12 0x00000009
core   0: 0x80003aec (0x005068b3) or      a7, zero, t0
core   0: 3 0x80003aec (0x005068b3) x17 0x00000013
core   0: 0x80003af0 (0xfe564ae3) blt     a2, t0, pc - 12
core   0: 3 0x80003af0 (0xfe564ae3)
core   0: 0x80003ae4 (0x00000198) c.addi4spn a4, sp, 192
core   0: 3 0x80003ae4 (0x0198) x14 0x80026da4
core   0: 0x80003ae6 (0x01955e13) srli    t3, a0, 25
core   0: 3 0x80003ae6 (0x01955e13) x28 0x00000000
core   0: 0x80003aea (0x00000611) c.addi  a2, 4
core   0: 3 0x80003aea (0x0611) x12 0x0000000d
core   0: 0x80003aec (0x005068b3) or      a7, zero, t0
core   0: 3 0x80003aec (0x005068b3) x17 0x00000013
core   0: 0x80003af0 (0xfe564ae3) blt     a2, t0, pc - 12
core   0: 3 0x80003af0 (0xfe564ae3)
core   0: 0x80003ae4 (0x00000198) c.addi4spn a4, sp, 192
core   0: 3 0x80003ae4 (0x0198) x14 0x80026da4
core   0: 0x80003ae6 (0x01955e13) srli    t3, a0, 25
core   0: 3 0x80003ae6 (0x01955e13) x28 0x00000000
core   0: 0x80003aea (0x00000611) c.addi  a2, 4
core   0: 3 0x80003aea (0x0611) x12 0x00000011
core   0: 0x80003aec (0x005068b3) or      a7, zero, t0
core   0: 3 0x80003aec (0x005068b3) x17 0x00000013
core   0: 0x80003af0 (0xfe564ae3) blt     a2, t0, pc - 12
core   0: 3 0x80003af0 (0xfe564ae3)
core   0: 0x80003ae4 (0x00000198) c.addi4spn a4, sp, 192
core   0: 3 0x80003ae4 (0x0198) x14 0x80026da4
core   0: 0x80003ae6 (0x01955e13) srli    t3, a0, 25
core   0: 3 0x80003ae6 (0x01955e13) x28 0x00000000
core   0: 0x80003aea (0x00000611) c.addi  a2, 4
core   0: 3 0x80003aea (0x0611) x12 0x00000015
core   0: 0x80003aec (0x005068b3) or      a7, zero, t0
core   0: 3 0x80003aec (0x005068b3) x17 0x00000013
core   0: 0x80003af0 (0xfe564ae3) blt     a2, t0, pc - 12
core   0: 3 0x80003af0 (0xfe564ae3)
core   0: 0x80003af4 (0x00008835) c.andi  s0, 13
core   0: 3 0x80003af4 (0x8835) x 8 0x00000000
core   0: 0x80003af6 (0xfe9990e3) bne     s3, s1, pc - 32
core   0: 3 0x80003af6 (0xfe9990e3)
core   0: 0x80003ad6 (0x00008f69) c.and   a4, a0
core   0: 3 0x80003ad6 (0x8f69) x14 0x00000000
core   0: 0x80003ad8 (0x00000985) c.addi  s3, 1
core   0: 3 0x80003ad8 (0x0985) x19 0x00000004
core   0: 0x80003ada (0x00100613) li      a2, 1
core   0: 3 0x80003ada (0x00100613) x12 0x00000001
core   0: 0x80003ade (0x01300293) li      t0, 19
core   0: 3 0x80003ade (0x01300293) x 5 0x00000013
core   0: 0x80003ae2 (0x00006c61) c.lui   s8, 0x18
core   0: 3 0x80003ae2 (0x6c61) x24 0x00018000
core   0: 0x80003ae4 (0x00000198) c.addi4spn a4, sp, 192
core   0: 3 0x80003ae4 (0x0198) x14 0x80026da4
core   0: 0x80003ae6 (0x01955e13) srli    t3, a0, 25
core   0: 3 0x80003ae6 (0x01955e13) x28 0x00000000
core   0: 0x80003aea (0x00000611) c.addi  a2, 4
core   0: 3 0x80003aea (0x0611) x12 0x00000005
core   0: 0x80003aec (0x005068b3) or      a7, zero, t0
core   0: 3 0x80003aec (0x005068b3) x17 0x00000013
core   0: 0x80003af0 (0xfe564ae3) blt     a2, t0, pc - 12
core   0: 3 0x80003af0 (0xfe564ae3)
core   0: 0x80003ae4 (0x00000198) c.addi4spn a4, sp, 192
core   0: 3 0x80003ae4 (0x0198) x14 0x80026da4
core   0: 0x80003ae6 (0x01955e13) srli    t3, a0, 25
core   0: 3 0x80003ae6 (0x01955e13) x28 0x00000000
core   0: 0x80003aea (0x00000611) c.addi  a2, 4
core   0: 3 0x80003aea (0x0611) x12 0x00000009
core   0: 0x80003aec (0x005068b3) or      a7, zero, t0
core   0: 3 0x80003aec (0x005068b3) x17 0x00000013
core   0: 0x80003af0 (0xfe564ae3) blt     a2, t0, pc - 12
core   0: 3 0x80003af0 (0xfe564ae3)
core   0: 0x80003ae4 (0x00000198) c.addi4spn a4, sp, 192
core   0: 3 0x80003ae4 (0x0198) x14 0x80026da4
core   0: 0x80003ae6 (0x01955e13) srli    t3, a0, 25
core   0: 3 0x80003ae6 (0x01955e13) x28 0x00000000
core   0: 0x80003aea (0x00000611) c.addi  a2, 4
core   0: 3 0x80003aea (0x0611) x12 0x0000000d
core   0: 0x80003aec (0x005068b3) or      a7, zero, t0
core   0: 3 0x80003aec (0x005068b3) x17 0x00000013
core   0: 0x80003af0 (0xfe564ae3) blt     a2, t0, pc - 12
core   0: 3 0x80003af0 (0xfe564ae3)
core   0: 0x80003ae4 (0x00000198) c.addi4spn a4, sp, 192
core   0: 3 0x80003ae4 (0x0198) x14 0x80026da4
core   0: 0x80003ae6 (0x01955e13) srli    t3, a0, 25
core   0: 3 0x80003ae6 (0x01955e13) x28 0x00000000
core   0: 0x80003aea (0x00000611) c.addi  a2, 4
core   0: 3 0x80003aea (0x0611) x12 0x00000011
core   0: 0x80003aec (0x005068b3) or      a7, zero, t0
core   0: 3 0x80003aec (0x005068b3) x17 0x00000013
core   0: 0x80003af0 (0xfe564ae3) blt     a2, t0, pc - 12
core   0: 3 0x80003af0 (0xfe564ae3)
core   0: 0x80003ae4 (0x00000198) c.addi4spn a4, sp, 192
core   0: 3 0x80003ae4 (0x0198) x14 0x80026da4
core   0: 0x80003ae6 (0x01955e13) srli    t3, a0, 25
core   0: 3 0x80003ae6 (0x01955e13) x28 0x00000000
core   0: 0x80003aea (0x00000611) c.addi  a2, 4
core   0: 3 0x80003aea (0x0611) x12 0x00000015
core   0: 0x80003aec (0x005068b3) or      a7, zero, t0
core   0: 3 0x80003aec (0x005068b3) x17 0x00000013
core   0: 0x80003af0 (0xfe564ae3) blt     a2, t0, pc - 12
core   0: 3 0x80003af0 (0xfe564ae3)
core   0: 0x80003af4 (0x00008835) c.andi  s0, 13
core   0: 3 0x80003af4 (0x8835) x 8 0x00000000
core   0: 0x80003af6 (0xfe9990e3) bne     s3, s1, pc - 32
core   0: 3 0x80003af6 (0xfe9990e3)
core   0: 0x80003ad6 (0x00008f69) c.and   a4, a0
core   0: 3 0x80003ad6 (0x8f69) x14 0x00000000
core   0: 0x80003ad8 (0x00000985) c.addi  s3, 1
core   0: 3 0x80003ad8 (0x0985) x19 0x00000005
core   0: 0x80003ada (0x00100613) li      a2, 1
core   0: 3 0x80003ada (0x00100613) x12 0x00000001
core   0: 0x80003ade (0x01300293) li      t0, 19
core   0: 3 0x80003ade (0x01300293) x 5 0x00000013
core   0: 0x80003ae2 (0x00006c61) c.lui   s8, 0x18
core   0: 3 0x80003ae2 (0x6c61) x24 0x00018000
core   0: 0x80003ae4 (0x00000198) c.addi4spn a4, sp, 192
core   0: 3 0x80003ae4 (0x0198) x14 0x80026da4
core   0: 0x80003ae6 (0x01955e13) srli    t3, a0, 25
core   0: 3 0x80003ae6 (0x01955e13) x28 0x00000000
core   0: 0x80003aea (0x00000611) c.addi  a2, 4
core   0: 3 0x80003aea (0x0611) x12 0x00000005
core   0: 0x80003aec (0x005068b3) or      a7, zero, t0
core   0: 3 0x80003aec (0x005068b3) x17 0x00000013
core   0: 0x80003af0 (0xfe564ae3) blt     a2, t0, pc - 12
core   0: 3 0x80003af0 (0xfe564ae3)
core   0: 0x80003ae4 (0x00000198) c.addi4spn a4, sp, 192
core   0: 3 0x80003ae4 (0x0198) x14 0x80026da4
core   0: 0x80003ae6 (0x01955e13) srli    t3, a0, 25
core   0: 3 0x80003ae6 (0x01955e13) x28 0x00000000
core   0: 0x80003aea (0x00000611) c.addi  a2, 4
core   0: 3 0x80003aea (0x0611) x12 0x00000009
core   0: 0x80003aec (0x005068b3) or      a7, zero, t0
core   0: 3 0x80003aec (0x005068b3) x17 0x00000013
core   0: 0x80003af0 (0xfe564ae3) blt     a2, t0, pc - 12
core   0: 3 0x80003af0 (0xfe564ae3)
core   0: 0x80003ae4 (0x00000198) c.addi4spn a4, sp, 192
core   0: 3 0x80003ae4 (0x0198) x14 0x80026da4
core   0: 0x80003ae6 (0x01955e13) srli    t3, a0, 25
core   0: 3 0x80003ae6 (0x01955e13) x28 0x00000000
core   0: 0x80003aea (0x00000611) c.addi  a2, 4
core   0: 3 0x80003aea (0x0611) x12 0x0000000d
core   0: 0x80003aec (0x005068b3) or      a7, zero, t0
core   0: 3 0x80003aec (0x005068b3) x17 0x00000013
core   0: 0x80003af0 (0xfe564ae3) blt     a2, t0, pc - 12
core   0: 3 0x80003af0 (0xfe564ae3)
core   0: 0x80003ae4 (0x00000198) c.addi4spn a4, sp, 192
core   0: 3 0x80003ae4 (0x0198) x14 0x80026da4
core   0: 0x80003ae6 (0x01955e13) srli    t3, a0, 25
core   0: 3 0x80003ae6 (0x01955e13) x28 0x00000000
core   0: 0x80003aea (0x00000611) c.addi  a2, 4
core   0: 3 0x80003aea (0x0611) x12 0x00000011
core   0: 0x80003aec (0x005068b3) or      a7, zero, t0
core   0: 3 0x80003aec (0x005068b3) x17 0x00000013
core   0: 0x80003af0 (0xfe564ae3) blt     a2, t0, pc - 12
core   0: 3 0x80003af0 (0xfe564ae3)
core   0: 0x80003ae4 (0x00000198) c.addi4spn a4, sp, 192
core   0: 3 0x80003ae4 (0x0198) x14 0x80026da4
core   0: 0x80003ae6 (0x01955e13) srli    t3, a0, 25
core   0: 3 0x80003ae6 (0x01955e13) x28 0x00000000
core   0: 0x80003aea (0x00000611) c.addi  a2, 4
core   0: 3 0x80003aea (0x0611) x12 0x00000015
core   0: 0x80003aec (0x005068b3) or      a7, zero, t0
core   0: 3 0x80003aec (0x005068b3) x17 0x00000013
core   0: 0x80003af0 (0xfe564ae3) blt     a2, t0, pc - 12
core   0: 3 0x80003af0 (0xfe564ae3)
core   0: 0x80003af4 (0x00008835) c.andi  s0, 13
core   0: 3 0x80003af4 (0x8835) x 8 0x00000000
core   0: 0x80003af6 (0xfe9990e3) bne     s3, s1, pc - 32
core   0: 3 0x80003af6 (0xfe9990e3)
core   0: 0x80003ad6 (0x00008f69) c.and   a4, a0
core   0: 3 0x80003ad6 (0x8f69) x14 0x00000000
core   0: 0x80003ad8 (0x00000985) c.addi  s3, 1
core   0: 3 0x80003ad8 (0x0985) x19 0x00000006
core   0: 0x80003ada (0x00100613) li      a2, 1
core   0: 3 0x80003ada (0x00100613) x12 0x00000001
core   0: 0x80003ade (0x01300293) li      t0, 19
core   0: 3 0x80003ade (0x01300293) x 5 0x00000013
core   0: 0x80003ae2 (0x00006c61) c.lui   s8, 0x18
core   0: 3 0x80003ae2 (0x6c61) x24 0x00018000
core   0: 0x80003ae4 (0x00000198) c.addi4spn a4, sp, 192
core   0: 3 0x80003ae4 (0x0198) x14 0x80026da4
core   0: 0x80003ae6 (0x01955e13) srli    t3, a0, 25
core   0: 3 0x80003ae6 (0x01955e13) x28 0x00000000
core   0: 0x80003aea (0x00000611) c.addi  a2, 4
core   0: 3 0x80003aea (0x0611) x12 0x00000005
core   0: 0x80003aec (0x005068b3) or      a7, zero, t0
core   0: 3 0x80003aec (0x005068b3) x17 0x00000013
core   0: 0x80003af0 (0xfe564ae3) blt     a2, t0, pc - 12
core   0: 3 0x80003af0 (0xfe564ae3)
core   0: 0x80003ae4 (0x00000198) c.addi4spn a4, sp, 192
core   0: 3 0x80003ae4 (0x0198) x14 0x80026da4
core   0: 0x80003ae6 (0x01955e13) srli    t3, a0, 25
core   0: 3 0x80003ae6 (0x01955e13) x28 0x00000000
core   0: 0x80003aea (0x00000611) c.addi  a2, 4
core   0: 3 0x80003aea (0x0611) x12 0x00000009
core   0: 0x80003aec (0x005068b3) or      a7, zero, t0
core   0: 3 0x80003aec (0x005068b3) x17 0x00000013
core   0: 0x80003af0 (0xfe564ae3) blt     a2, t0, pc - 12
core   0: 3 0x80003af0 (0xfe564ae3)
core   0: 0x80003ae4 (0x00000198) c.addi4spn a4, sp, 192
core   0: 3 0x80003ae4 (0x0198) x14 0x80026da4
core   0: 0x80003ae6 (0x01955e13) srli    t3, a0, 25
core   0: 3 0x80003ae6 (0x01955e13) x28 0x00000000
core   0: 0x80003aea (0x00000611) c.addi  a2, 4
core   0: 3 0x80003aea (0x0611) x12 0x0000000d
core   0: 0x80003aec (0x005068b3) or      a7, zero, t0
core   0: 3 0x80003aec (0x005068b3) x17 0x00000013
core   0: 0x80003af0 (0xfe564ae3) blt     a2, t0, pc - 12
core   0: 3 0x80003af0 (0xfe564ae3)
core   0: 0x80003ae4 (0x00000198) c.addi4spn a4, sp, 192
core   0: 3 0x80003ae4 (0x0198) x14 0x80026da4
core   0: 0x80003ae6 (0x01955e13) srli    t3, a0, 25
core   0: 3 0x80003ae6 (0x01955e13) x28 0x00000000
core   0: 0x80003aea (0x00000611) c.addi  a2, 4
core   0: 3 0x80003aea (0x0611) x12 0x00000011
core   0: 0x80003aec (0x005068b3) or      a7, zero, t0
core   0: 3 0x80003aec (0x005068b3) x17 0x00000013
core   0: 0x80003af0 (0xfe564ae3) blt     a2, t0, pc - 12
core   0: 3 0x80003af0 (0xfe564ae3)
core   0: 0x80003ae4 (0x00000198) c.addi4spn a4, sp, 192
core   0: 3 0x80003ae4 (0x0198) x14 0x80026da4
core   0: 0x80003ae6 (0x01955e13) srli    t3, a0, 25
core   0: 3 0x80003ae6 (0x01955e13) x28 0x00000000
core   0: 0x80003aea (0x00000611) c.addi  a2, 4
core   0: 3 0x80003aea (0x0611) x12 0x00000015
core   0: 0x80003aec (0x005068b3) or      a7, zero, t0
core   0: 3 0x80003aec (0x005068b3) x17 0x00000013
core   0: 0x80003af0 (0xfe564ae3) blt     a2, t0, pc - 12
core   0: 3 0x80003af0 (0xfe564ae3)
core   0: 0x80003af4 (0x00008835) c.andi  s0, 13
core   0: 3 0x80003af4 (0x8835) x 8 0x00000000
core   0: 0x80003af6 (0xfe9990e3) bne     s3, s1, pc - 32
core   0: 3 0x80003af6 (0xfe9990e3)
core   0: 0x80003ad6 (0x00008f69) c.and   a4, a0
core   0: 3 0x80003ad6 (0x8f69) x14 0x00000000
core   0: 0x80003ad8 (0x00000985) c.addi  s3, 1
core   0: 3 0x80003ad8 (0x0985) x19 0x00000007
core   0: 0x80003ada (0x00100613) li      a2, 1
core   0: 3 0x80003ada (0x00100613) x12 0x00000001
core   0: 0x80003ade (0x01300293) li      t0, 19
core   0: 3 0x80003ade (0x01300293) x 5 0x00000013
core   0: 0x80003ae2 (0x00006c61) c.lui   s8, 0x18
core   0: 3 0x80003ae2 (0x6c61) x24 0x00018000
core   0: 0x80003ae4 (0x00000198) c.addi4spn a4, sp, 192
core   0: 3 0x80003ae4 (0x0198) x14 0x80026da4
core   0: 0x80003ae6 (0x01955e13) srli    t3, a0, 25
core   0: 3 0x80003ae6 (0x01955e13) x28 0x00000000
core   0: 0x80003aea (0x00000611) c.addi  a2, 4
core   0: 3 0x80003aea (0x0611) x12 0x00000005
core   0: 0x80003aec (0x005068b3) or      a7, zero, t0
core   0: 3 0x80003aec (0x005068b3) x17 0x00000013
core   0: 0x80003af0 (0xfe564ae3) blt     a2, t0, pc - 12
core   0: 3 0x80003af0 (0xfe564ae3)
core   0: 0x80003ae4 (0x00000198) c.addi4spn a4, sp, 192
core   0: 3 0x80003ae4 (0x0198) x14 0x80026da4
core   0: 0x80003ae6 (0x01955e13) srli    t3, a0, 25
core   0: 3 0x80003ae6 (0x01955e13) x28 0x00000000
core   0: 0x80003aea (0x00000611) c.addi  a2, 4
core   0: 3 0x80003aea (0x0611) x12 0x00000009
core   0: 0x80003aec (0x005068b3) or      a7, zero, t0
core   0: 3 0x80003aec (0x005068b3) x17 0x00000013
core   0: 0x80003af0 (0xfe564ae3) blt     a2, t0, pc - 12
core   0: 3 0x80003af0 (0xfe564ae3)
core   0: 0x80003ae4 (0x00000198) c.addi4spn a4, sp, 192
core   0: 3 0x80003ae4 (0x0198) x14 0x80026da4
core   0: 0x80003ae6 (0x01955e13) srli    t3, a0, 25
core   0: 3 0x80003ae6 (0x01955e13) x28 0x00000000
core   0: 0x80003aea (0x00000611) c.addi  a2, 4
core   0: 3 0x80003aea (0x0611) x12 0x0000000d
core   0: 0x80003aec (0x005068b3) or      a7, zero, t0
core   0: 3 0x80003aec (0x005068b3) x17 0x00000013
core   0: 0x80003af0 (0xfe564ae3) blt     a2, t0, pc - 12
core   0: 3 0x80003af0 (0xfe564ae3)
core   0: 0x80003ae4 (0x00000198) c.addi4spn a4, sp, 192
core   0: 3 0x80003ae4 (0x0198) x14 0x80026da4
core   0: 0x80003ae6 (0x01955e13) srli    t3, a0, 25
core   0: 3 0x80003ae6 (0x01955e13) x28 0x00000000
core   0: 0x80003aea (0x00000611) c.addi  a2, 4
core   0: 3 0x80003aea (0x0611) x12 0x00000011
core   0: 0x80003aec (0x005068b3) or      a7, zero, t0
core   0: 3 0x80003aec (0x005068b3) x17 0x00000013
core   0: 0x80003af0 (0xfe564ae3) blt     a2, t0, pc - 12
core   0: 3 0x80003af0 (0xfe564ae3)
core   0: 0x80003ae4 (0x00000198) c.addi4spn a4, sp, 192
core   0: 3 0x80003ae4 (0x0198) x14 0x80026da4
core   0: 0x80003ae6 (0x01955e13) srli    t3, a0, 25
core   0: 3 0x80003ae6 (0x01955e13) x28 0x00000000
core   0: 0x80003aea (0x00000611) c.addi  a2, 4
core   0: 3 0x80003aea (0x0611) x12 0x00000015
core   0: 0x80003aec (0x005068b3) or      a7, zero, t0
core   0: 3 0x80003aec (0x005068b3) x17 0x00000013
core   0: 0x80003af0 (0xfe564ae3) blt     a2, t0, pc - 12
core   0: 3 0x80003af0 (0xfe564ae3)
core   0: 0x80003af4 (0x00008835) c.andi  s0, 13
core   0: 3 0x80003af4 (0x8835) x 8 0x00000000
core   0: 0x80003af6 (0xfe9990e3) bne     s3, s1, pc - 32
core   0: 3 0x80003af6 (0xfe9990e3)
core   0: 0x80003afa (0x00008c25) c.xor   s0, s1
core   0: 3 0x80003afa (0x8c25) x 8 0x00000007
core   0: 0x80003afc (0x401a5693) srai    a3, s4, 1
core   0: 3 0x80003afc (0x401a5693) x13 0x00000000
core   0: 0x80003b00 (0x017758b3) srl     a7, a4, s7
core   0: 3 0x80003b00 (0x017758b3) x17 0x00000001
core   0: 0x80003b04 (0x3dfd7f93) andi    t6, s10, 991
core   0: 3 0x80003b04 (0x3dfd7f93) x31 0x00000244
core   0: 0x80003b08 (0x0000430d) c.li    t1, 3
core   0: 3 0x80003b08 (0x430d) x 6 0x00000003
core   0: 0x80003b0a (0x01ce6c63) bltu    t3, t3, pc + 24
core   0: 3 0x80003b0a (0x01ce6c63)
core   0: 0x80003b0e (0x01049513) slli    a0, s1, 16
core   0: 3 0x80003b0e (0x01049513) x10 0x00070000
core   0: 0x80003b12 (0x00497eb3) and     t4, s2, tp
core   0: 3 0x80003b12 (0x00497eb3) x29 0x00000000
core   0: 0x80003b16 (0x01f980b3) add     ra, s3, t6
core   0: 3 0x80003b16 (0x01f980b3) x 1 0x0000024b
core   0: 0x80003b1a (0x0233deb3) divu    t4, t2, gp
core   0: 3 0x80003b1a (0x0233deb3) x29 0x00000000
core   0: 0x80003b1e (0x41255013) srai    zero, a0, 18
core   0: 3 0x80003b1e (0x41255013)
core   0: 0x80003b22 (0x00008eee) c.mv    t4, s11
core   0: 3 0x80003b22 (0x8eee) x29 0x00000000
core   0: 0x80003b24 (0x00000001) c.nop
core   0: 3 0x80003b24 (0x0001)
core   0: 0x80003b26 (0x00000001) c.nop
core   0: 3 0x80003b26 (0x0001)
core   0: 0x80003b28 (0x00008495) c.srai  s1, 5
core   0: 3 0x80003b28 (0x8495) x 9 0x00000000
core   0: 0x80003b2a (0x70f62893) slti    a7, a2, 1807
core   0: 3 0x80003b2a (0x70f62893) x17 0x00000001
core   0: 0x80003b2e (0x40055c93) srai    s9, a0, 0
core   0: 3 0x80003b2e (0x40055c93) x25 0x00070000
core   0: 0x80003b32 (0xebd7b413) sltiu   s0, a5, -323
core   0: 3 0x80003b32 (0xebd7b413) x 8 0x00000001
core   0: 0x80003b36 (0x0ff0000f) fence   iorw,iorw
core   0: 3 0x80003b36 (0x0ff0000f)
core   0: 0x80003b3a (0xba9b8513) addi    a0, s7, -1111
core   0: 3 0x80003b3a (0xba9b8513) x10 0xfffffba8
core   0: 0x80003b3e (0x0000c20d) c.beqz  a2, pc + 34
core   0: 3 0x80003b3e (0xc20d)
core   0: 0x80003b40 (0x00008d49) c.or    a0, a0
core   0: 3 0x80003b40 (0x8d49) x10 0xfffffba8
core   0: 0x80003b42 (0x015cd813) srli    a6, s9, 21
core   0: 3 0x80003b42 (0x015cd813) x16 0x00000000
core   0: 0x80003b46 (0x4868bf13) sltiu   t5, a7, 1158
core   0: 3 0x80003b46 (0x4868bf13) x30 0x00000001
core   0: 0x80003b4a (0x00000fcd) c.addi  t6, 19
core   0: 3 0x80003b4a (0x0fcd) x31 0x00000257
core   0: 0x80003b4c (0x00000001) c.nop
core   0: 3 0x80003b4c (0x0001)
core   0: 0x80003b4e (0x0ff0000f) fence   iorw,iorw
core   0: 3 0x80003b4e (0x0ff0000f)
core   0: 0x80003b52 (0x01521413) slli    s0, tp, 21
core   0: 3 0x80003b52 (0x01521413) x 8 0x00000000
core   0: 0x80003b56 (0x0000997d) c.andi  a0, -1
core   0: 3 0x80003b56 (0x997d) x10 0xfffffba8
core   0: 0x80003b58 (0x02a78b63) beq     a5, a0, pc + 54
core   0: 3 0x80003b58 (0x02a78b63)
core   0: 0x80003b5c (0x7955ab93) slti    s7, a1, 1941
core   0: 3 0x80003b5c (0x7955ab93) x23 0x00000001
core   0: 0x80003b60 (0x000085a9) c.srai  a1, 10
core   0: 3 0x80003b60 (0x85a9) x11 0x00000000
core   0: 0x80003b62 (0x00006249) c.lui   tp, 0x12
core   0: 3 0x80003b62 (0x6249) x 4 0x00012000
core   0: 0x80003b64 (0x00b93a33) sltu    s4, s2, a1
core   0: 3 0x80003b64 (0x00b93a33) x20 0x00000000
core   0: 0x80003b68 (0x00008ea1) c.xor   a3, s0
core   0: 3 0x80003b68 (0x8ea1) x13 0x00000000
core   0: 0x80003b6a (0x6cc73597) auipc   a1, 0x6cc73
core   0: 3 0x80003b6a (0x6cc73597) x11 0xecc76b6a
core   0: 0x80003b6e (0x017edf93) srli    t6, t4, 23
core   0: 3 0x80003b6e (0x017edf93) x31 0x00000000
core   0: 0x80003b72 (0x00008dc1) c.or    a1, s0
core   0: 3 0x80003b72 (0x8dc1) x11 0xecc76b6a
core   0: 0x80003b74 (0x00008351) c.srli  a4, 20
core   0: 3 0x80003b74 (0x8351) x14 0x00000800
core   0: 0x80003b76 (0x00846763) bltu    s0, s0, pc + 14
core   0: 3 0x80003b76 (0x00846763)
core   0: 0x80003b7a (0x000006d2) c.slli  a3, 20
core   0: 3 0x80003b7a (0x06d2) x13 0x00000000
core   0: 0x80003b7c (0x05b2ce37) lui     t3, 0x5b2c
core   0: 3 0x80003b7c (0x05b2ce37) x28 0x05b2c000
core   0: 0x80003b80 (0x036c02b3) mul     t0, s8, s6
core   0: 3 0x80003b80 (0x036c02b3) x 5 0x00030000
core   0: 0x80003b84 (0x00008d09) c.sub   a0, a0
core   0: 3 0x80003b84 (0x8d09) x10 0x00000000
core   0: 0x80003b86 (0x0000197d) c.addi  s2, -1
core   0: 3 0x80003b86 (0x197d) x18 0xffffffff
core   0: 0x80003b88 (0x01461513) slli    a0, a2, 20
core   0: 3 0x80003b88 (0x01461513) x10 0x01500000
core   0: 0x80003b8c (0x000011fd) c.addi  gp, -1
core   0: 3 0x80003b8c (0x11fd) x 3 0xfffffef2
core   0: 0x80003b8e (0x00008c35) c.xor   s0, a3
core   0: 3 0x80003b8e (0x8c35) x 8 0x00000000
core   0: 0x80003b90 (0x00008692) c.mv    a3, tp
core   0: 3 0x80003b90 (0x8692) x13 0x00012000
core   0: 0x80003b92 (0x443b8c13) addi    s8, s7, 1091
core   0: 3 0x80003b92 (0x443b8c13) x24 0x00000444
core   0: 0x80003b96 (0x00000001) c.nop
core   0: 3 0x80003b96 (0x0001)
core   0: 0x80003b98 (0x0091c533) xor     a0, gp, s1
core   0: 3 0x80003b98 (0x0091c533) x10 0xfffffef2
core   0: 0x80003b9c (0x0ff0000f) fence   iorw,iorw
core   0: 3 0x80003b9c (0x0ff0000f)
core   0: 0x80003ba0 (0x00008f19) c.sub   a4, a4
core   0: 3 0x80003ba0 (0x8f19) x14 0x00000000
core   0: 0x80003ba2 (0x437786b7) lui     a3, 0x43778
core   0: 3 0x80003ba2 (0x437786b7) x13 0x43778000
core   0: 0x80003ba6 (0x247e9197) auipc   gp, 0x247e9
core   0: 3 0x80003ba6 (0x247e9197) x 3 0xa47ecba6
core   0: 0x80003baa (0x0000e499) c.bnez  s1, pc + 14
core   0: 3 0x80003baa (0xe499)
core   0: 0x80003bac (0x03a90033) mul     zero, s2, s10
core   0: 3 0x80003bac (0x03a90033)
core   0: 0x80003bb0 (0x00008ed5) c.or    a3, a3
core   0: 3 0x80003bb0 (0x8ed5) x13 0x43778000
core   0: 0x80003bb2 (0x00008c79) c.and   s0, a4
core   0: 3 0x80003bb2 (0x8c79) x 8 0x00000000
core   0: 0x80003bb4 (0x031b5ab3) divu    s5, s6, a7
core   0: 3 0x80003bb4 (0x031b5ab3) x21 0x00000002
core   0: 0x80003bb8 (0x0000100f) fence.i
core   0: 3 0x80003bb8 (0x0000100f)
core   0: 0x80003bbc (0x03a6a6b3) mulhsu  a3, a3, s10
core   0: 3 0x80003bbc (0x03a6a6b3) x13 0x21bc5328
core   0: 0x80003bc0 (0x0000ca09) c.beqz  a2, pc + 18
core   0: 3 0x80003bc0 (0xca09)
core   0: 0x80003bc2 (0x037cf463) bgeu    s9, s7, pc + 40
core   0: 3 0x80003bc2 (0x037cf463)
core   0: 0x80003bea (0x032e7b33) remu    s6, t3, s2
core   0: 3 0x80003bea (0x032e7b33) x22 0x05b2c000
core   0: 0x80003bee (0x00288563) beq     a7, sp, pc + 10
core   0: 3 0x80003bee (0x00288563)
core   0: 0x80003bf2 (0x00008cad) c.xor   s1, a1
core   0: 3 0x80003bf2 (0x8cad) x 9 0xecc76b6a
core   0: 0x80003bf4 (0x00313ab3) sltu    s5, sp, gp
core   0: 3 0x80003bf4 (0x00313ab3) x21 0x00000001
core   0: 0x80003bf8 (0xc10b4413) xori    s0, s6, -1008
core   0: 3 0x80003bf8 (0xc10b4413) x 8 0xfa4d3c10
core   0: 0x80003bfc (0x0ff0000f) fence   iorw,iorw
core   0: 3 0x80003bfc (0x0ff0000f)
core   0: 0x80003c00 (0x02947763) bgeu    s0, s1, pc + 46
core   0: 3 0x80003c00 (0x02947763)
core   0: 0x80003c2e (0x0000e719) c.bnez  a4, pc + 14
core   0: 3 0x80003c2e (0xe719)
core   0: 0x80003c30 (0x0000177d) c.addi  a4, -1
core   0: 3 0x80003c30 (0x177d) x14 0xffffffff
core   0: 0x80003c32 (0x02984db3) div     s11, a6, s1
core   0: 3 0x80003c32 (0x02984db3) x27 0x00000000
core   0: 0x80003c36 (0x23b02f13) slti    t5, zero, 571
core   0: 3 0x80003c36 (0x23b02f13) x30 0x00000001
core   0: 0x80003c3a (0x00008e2d) c.xor   a2, a1
core   0: 3 0x80003c3a (0x8e2d) x12 0xecc76b7f
core   0: 0x80003c3c (0x0000e889) c.bnez  s1, pc + 18
core   0: 3 0x80003c3c (0xe889)
core   0: 0x80003c4e (0x00008e85) c.sub   a3, s1
core   0: 3 0x80003c4e (0x8e85) x13 0x34f4e7be
core   0: 0x80003c50 (0x0000071a) c.slli  a4, 6
core   0: 3 0x80003c50 (0x071a) x14 0xffffffc0
core   0: 0x80003c52 (0x0000e401) c.bnez  s0, pc + 8
core   0: 3 0x80003c52 (0xe401)
core   0: 0x80003c5a (0x41b7d893) srai    a7, a5, 27
core   0: 3 0x80003c5a (0x41b7d893) x17 0x00000000
core   0: 0x80003c5e (0x9781a813) slti    a6, gp, -1672
core   0: 3 0x80003c5e (0x9781a813) x16 0x00000001
core   0: 0x80003c62 (0x05124063) blt     tp, a7, pc + 64
core   0: 3 0x80003c62 (0x05124063)
core   0: 0x80003c66 (0x0343e233) rem     tp, t2, s4
core   0: 3 0x80003c66 (0x0343e233) x 4 0x0000000e
core   0: 0x80003c6a (0x014d66b3) or      a3, s10, s4
core   0: 3 0x80003c6a (0x014d66b3) x13 0x80022e64
core   0: 0x80003c6e (0x00ca4a63) blt     s4, a2, pc + 20
core   0: 3 0x80003c6e (0x00ca4a63)
core   0: 0x80003c72 (0xd5fb4893) xori    a7, s6, -673
core   0: 3 0x80003c72 (0xd5fb4893) x17 0xfa4d3d5f
core   0: 0x80003c76 (0x0061d613) srli    a2, gp, 6
core   0: 3 0x80003c76 (0x0061d613) x12 0x0291fb2e
core   0: 0x80003c7a (0x0000100f) fence.i
core   0: 3 0x80003c7a (0x0000100f)
core   0: 0x80003c7e (0x0076c1b3) xor     gp, a3, t2
core   0: 3 0x80003c7e (0x0076c1b3) x 3 0x80022e6a
core   0: 0x80003c82 (0x02372333) mulhsu  t1, a4, gp
core   0: 3 0x80003c82 (0x02372333) x 6 0xffffffdf
core   0: 0x80003c86 (0x01111013) slli    zero, sp, 17
core   0: 3 0x80003c86 (0x01111013)
core   0: 0x80003c8a (0x00008d75) c.and   a0, a3
core   0: 3 0x80003c8a (0x8d75) x10 0x80022e60
core   0: 0x80003c8c (0xdd144813) xori    a6, s0, -559
core   0: 3 0x80003c8c (0xdd144813) x16 0x05b2c1c1
core   0: 0x80003c90 (0x00008cf1) c.and   s1, a2
core   0: 3 0x80003c90 (0x8cf1) x 9 0x00816b2a
core   0: 0x80003c92 (0x5f967513) andi    a0, a2, 1529
core   0: 3 0x80003c92 (0x5f967513) x10 0x00000128
core   0: 0x80003c96 (0x03849a63) bne     s1, s8, pc + 52
core   0: 3 0x80003c96 (0x03849a63)
core   0: 0x80003cca (0x00004c8d) c.li    s9, 3
core   0: 3 0x80003cca (0x4c8d) x25 0x00000003
core   0: 0x80003ccc (0x02f77033) remu    zero, a4, a5
core   0: 3 0x80003ccc (0x02f77033)
core   0: 0x80003cd0 (0x00008e71) c.and   a2, a2
core   0: 3 0x80003cd0 (0x8e71) x12 0x0291fb2e
core   0: 0x80003cd2 (0x03e10fb3) mul     t6, sp, t5
core   0: 3 0x80003cd2 (0x03e10fb3) x31 0x80026ce4
core   0: 0x80003cd6 (0x03140863) beq     s0, a7, pc + 48
core   0: 3 0x80003cd6 (0x03140863)
core   0: 0x80003cda (0x00008f79) c.and   a4, a4
core   0: 3 0x80003cda (0x8f79) x14 0xffffffc0
core   0: 0x80003cdc (0x00008d55) c.or    a0, a3
core   0: 3 0x80003cdc (0x8d55) x10 0x80022f6c
core   0: 0x80003cde (0x00008199) c.srli  a1, 6
core   0: 3 0x80003cde (0x8199) x11 0x03b31dad
core   0: 0x80003ce0 (0x00008eb9) c.xor   a3, a4
core   0: 3 0x80003ce0 (0x8eb9) x13 0x7ffdd1a4
core   0: 0x80003ce2 (0x02166963) bltu    a2, ra, pc + 50
core   0: 3 0x80003ce2 (0x02166963)
core   0: 0x80003ce6 (0x00000001) c.nop
core   0: 3 0x80003ce6 (0x0001)
core   0: 0x80003ce8 (0x000013fd) c.addi  t2, -1
core   0: 3 0x80003ce8 (0x13fd) x 7 0x0000000d
core   0: 0x80003cea (0x02012bb3) mulhsu  s7, sp, zero
core   0: 3 0x80003cea (0x02012bb3) x23 0x00000000
core   0: 0x80003cee (0x01121763) bne     tp, a7, pc + 14
core   0: 3 0x80003cee (0x01121763)
core   0: 0x80003cfc (0x60002013) slti    zero, zero, 1536
core   0: 3 0x80003cfc (0x60002013)
core   0: 0x80003d00 (0x00008e95) c.sub   a3, a3
core   0: 3 0x80003d00 (0x8e95) x13 0x00000000
core   0: 0x80003d02 (0x417986b3) sub     a3, s3, s7
core   0: 3 0x80003d02 (0x417986b3) x13 0x00000007
core   0: 0x80003d06 (0x02a0fab3) remu    s5, ra, a0
core   0: 3 0x80003d06 (0x02a0fab3) x21 0x0000024b
core   0: 0x80003d0a (0x00000001) c.nop
core   0: 3 0x80003d0a (0x0001)
core   0: 0x80003d0c (0x011c9f13) slli    t5, s9, 17
core   0: 3 0x80003d0c (0x011c9f13) x30 0x00060000
core   0: 0x80003d10 (0x00000001) c.nop
core   0: 3 0x80003d10 (0x0001)
core   0: 0x80003d12 (0x0000895d) c.andi  a0, 23
core   0: 3 0x80003d12 (0x895d) x10 0x00000004
core   0: 0x80003d14 (0x0000cb1d) c.beqz  a4, pc + 54
core   0: 3 0x80003d14 (0xcb1d)
core   0: 0x80003d16 (0x01a786b3) add     a3, a5, s10
core   0: 3 0x80003d16 (0x01a786b3) x13 0x80022e64
core   0: 0x80003d1a (0x00008cd1) c.or    s1, a2
core   0: 3 0x80003d1a (0x8cd1) x 9 0x0291fb2e
core   0: 0x80003d1c (0x03487733) remu    a4, a6, s4
core   0: 3 0x80003d1c (0x03487733) x14 0x05b2c1c1
core   0: 0x80003d20 (0xf9c9bb13) sltiu   s6, s3, -100
core   0: 3 0x80003d20 (0xf9c9bb13) x22 0x00000001
core   0: 0x80003d24 (0x00009afd) c.andi  a3, -1
core   0: 3 0x80003d24 (0x9afd) x13 0x80022e64
core   0: 0x80003d26 (0x19eaca93) xori    s5, s5, 414
core   0: 3 0x80003d26 (0x19eaca93) x21 0x000003d5
core   0: 0x80003d2a (0x0000100f) fence.i
core   0: 3 0x80003d2a (0x0000100f)
core   0: 0x80003d2e (0x0000eb09) c.bnez  a4, pc + 18
core   0: 3 0x80003d2e (0xeb09)
core   0: 0x80003d40 (0x00008c6d) c.and   s0, a1
core   0: 3 0x80003d40 (0x8c6d) x 8 0x02011c00
core   0: 0x80003d42 (0x00d47263) bgeu    s0, a3, pc + 4
core   0: 3 0x80003d42 (0x00d47263)
core   0: 0x80003d46 (0x00d4f2b3) and     t0, s1, a3
core   0: 3 0x80003d46 (0x00d4f2b3) x 5 0x00002a24
core   0: 0x80003d4a (0x00008571) c.srai  a0, 28
core   0: 3 0x80003d4a (0x8571) x10 0x00000000
core   0: 0x80003d4c (0x6dd61a17) auipc   s4, 0x6dd61
core   0: 3 0x80003d4c (0x6dd61a17) x20 0xedd64d4c
core   0: 0x80003d50 (0x003f68b3) or      a7, t5, gp
core   0: 3 0x80003d50 (0x003f68b3) x17 0x80062e6a
core   0: 0x80003d54 (0x025e2633) mulhsu  a2, t3, t0
core   0: 3 0x80003d54 (0x025e2633) x12 0x000000f0
core   0: 0x80003d58 (0x000002e6) c.slli  t0, 25
core   0: 3 0x80003d58 (0x02e6) x 5 0x48000000
core   0: 0x80003d5a (0x2d726913) ori     s2, tp, 727
core   0: 3 0x80003d5a (0x2d726913) x18 0x000002df
core   0: 0x80003d5e (0x40ec0733) sub     a4, s8, a4
core   0: 3 0x80003d5e (0x40ec0733) x14 0xfa4d4283
core   0: 0x80003d62 (0x00008665) c.srai  a2, 25
core   0: 3 0x80003d62 (0x8665) x12 0x00000000
core   0: 0x80003d64 (0x0ff0000f) fence   iorw,iorw
core   0: 3 0x80003d64 (0x0ff0000f)
core   0: 0x80003d68 (0x0000827d) c.srli  a2, 31
core   0: 3 0x80003d68 (0x827d) x12 0x00000000
core   0: 0x80003d6a (0x0000c89d) c.beqz  s1, pc + 54
core   0: 3 0x80003d6a (0xc89d)
core   0: 0x80003d6c (0x02bd3ab3) mulhu   s5, s10, a1
core   0: 3 0x80003d6c (0x02bd3ab3) x21 0x01d996e8
core   0: 0x80003d70 (0x412e55b3) sra     a1, t3, s2
core   0: 3 0x80003d70 (0x412e55b3) x11 0x00000000
core   0: 0x80003d74 (0x00000bda) c.slli  s7, 22
core   0: 3 0x80003d74 (0x0bda) x23 0x00000000
core   0: 0x80003d76 (0x416d5e13) srai    t3, s10, 22
core   0: 3 0x80003d76 (0x416d5e13) x28 0xfffffe00
core   0: 0x80003d7a (0x038d7c33) remu    s8, s10, s8
core   0: 3 0x80003d7a (0x038d7c33) x24 0x00000018
core   0: 0x80003d7e (0x016a2fb3) slt     t6, s4, s6
core   0: 3 0x80003d7e (0x016a2fb3) x31 0x00000001
core   0: 0x80003d82 (0x01e20eb3) add     t4, tp, t5
core   0: 3 0x80003d82 (0x01e20eb3) x29 0x0006000e
core   0: 0x80003d86 (0x9933b193) sltiu   gp, t2, -1645
core   0: 3 0x80003d86 (0x9933b193) x 3 0x00000001
core   0: 0x80003d8a (0x01362b33) slt     s6, a2, s3
core   0: 3 0x80003d8a (0x01362b33) x22 0x00000001
core   0: 0x80003d8e (0x006350b3) srl     ra, t1, t1
core   0: 3 0x80003d8e (0x006350b3) x 1 0x00000001
core   0: 0x80003d92 (0x00008ec5) c.or    a3, s1
core   0: 3 0x80003d92 (0x8ec5) x13 0x8293ff6e
core   0: 0x80003d94 (0x01f7b933) sltu    s2, a5, t6
core   0: 3 0x80003d94 (0x01f7b933) x18 0x00000001
core   0: 0x80003d98 (0x12cf7293) andi    t0, t5, 300
core   0: 3 0x80003d98 (0x12cf7293) x 5 0x00000000
core   0: 0x80003d9c (0x013ad1b3) srl     gp, s5, s3
core   0: 3 0x80003d9c (0x013ad1b3) x 3 0x0003b32d
core   0: 0x80003da0 (0x00000089) c.addi  ra, 2
core   0: 3 0x80003da0 (0x0089) x 1 0x00000003
core   0: 0x80003da2 (0x5f85a913) slti    s2, a1, 1528
core   0: 3 0x80003da2 (0x5f85a913) x18 0x00000001
core   0: 0x80003da6 (0x00009f12) c.add   t5, tp
core   0: 3 0x80003da6 (0x9f12) x30 0x0006000e
core   0: 0x80003da8 (0x189e1ab7) lui     s5, 0x189e1
core   0: 3 0x80003da8 (0x189e1ab7) x21 0x189e1000
core   0: 0x80003dac (0x01d036b3) snez    a3, t4
core   0: 3 0x80003dac (0x01d036b3) x13 0x00000001
core   0: 0x80003db0 (0x0ff0000f) fence   iorw,iorw
core   0: 3 0x80003db0 (0x0ff0000f)
core   0: 0x80003db4 (0xc5590b13) addi    s6, s2, -939
core   0: 3 0x80003db4 (0xc5590b13) x22 0xfffffc56
core   0: 0x80003db8 (0x0000942e) c.add   s0, a1
core   0: 3 0x80003db8 (0x942e) x 8 0x02011c00
core   0: 0x80003dba (0x00008dd1) c.or    a1, a2
core   0: 3 0x80003dba (0x8dd1) x11 0x00000000
core   0: 0x80003dbc (0x0145deb3) srl     t4, a1, s4
core   0: 3 0x80003dbc (0x0145deb3) x29 0x00000000
core   0: 0x80003dc0 (0x413903b3) sub     t2, s2, s3
core   0: 3 0x80003dc0 (0x413903b3) x 7 0xfffffffa
core   0: 0x80003dc4 (0x02515db3) divu    s11, sp, t0
core   0: 3 0x80003dc4 (0x02515db3) x27 0xffffffff
core   0: 0x80003dc8 (0x03e53e33) mulhu   t3, a0, t5
core   0: 3 0x80003dc8 (0x03e53e33) x28 0x00000000
core   0: 0x80003dcc (0x412b80b3) sub     ra, s7, s2
core   0: 3 0x80003dcc (0x412b80b3) x 1 0xffffffff
core   0: 0x80003dd0 (0x02de7333) remu    t1, t3, a3
core   0: 3 0x80003dd0 (0x02de7333) x 6 0x00000000
core   0: 0x80003dd4 (0xf6c87d93) andi    s11, a6, -148
core   0: 3 0x80003dd4 (0xf6c87d93) x27 0x05b2c140
core   0: 0x80003dd8 (0x01827833) and     a6, tp, s8
core   0: 3 0x80003dd8 (0x01827833) x16 0x00000008
core   0: 0x80003ddc (0x0000157d) c.addi  a0, -1
core   0: 3 0x80003ddc (0x157d) x10 0xffffffff
core   0: 0x80003dde (0x00008df1) c.and   a1, a2
core   0: 3 0x80003dde (0x8df1) x11 0x00000000
core   0: 0x80003de0 (0x0360ea63) bltu    ra, s6, pc + 52
core   0: 3 0x80003de0 (0x0360ea63)
core   0: 0x80003de4 (0x031932b3) mulhu   t0, s2, a7
core   0: 3 0x80003de4 (0x031932b3) x 5 0x00000000
core   0: 0x80003de8 (0x02d44733) div     a4, s0, a3
core   0: 3 0x80003de8 (0x02d44733) x14 0x02011c00
core   0: 0x80003dec (0x000199b3) sll     s3, gp, zero
core   0: 3 0x80003dec (0x000199b3) x19 0x0003b32d
core   0: 0x80003df0 (0x419e5993) srai    s3, t3, 25
core   0: 3 0x80003df0 (0x419e5993) x19 0x00000000
core   0: 0x80003df4 (0x016b2eb3) slt     t4, s6, s6
core   0: 3 0x80003df4 (0x016b2eb3) x29 0x00000000
core   0: 0x80003df8 (0x01415713) srli    a4, sp, 20
core   0: 3 0x80003df8 (0x01415713) x14 0x00000800
core   0: 0x80003dfc (0x00f0e633) or      a2, ra, a5
core   0: 3 0x80003dfc (0x00f0e633) x12 0xffffffff
core   0: 0x80003e00 (0x00000001) c.nop
core   0: 3 0x80003e00 (0x0001)
core   0: 0x80003e02 (0x00008c5d) c.or    s0, a5
core   0: 3 0x80003e02 (0x8c5d) x 8 0x02011c00
core   0: 0x80003e04 (0x00008e59) c.or    a2, a4
core   0: 3 0x80003e04 (0x8e59) x12 0xffffffff
core   0: 0x80003e06 (0x41cd5613) srai    a2, s10, 28
core   0: 3 0x80003e06 (0x41cd5613) x12 0xfffffff8
core   0: 0x80003e0a (0x5aba8013) addi    zero, s5, 1451
core   0: 3 0x80003e0a (0x5aba8013)
core   0: 0x80003e0e (0x3a8de893) ori     a7, s11, 936
core   0: 3 0x80003e0e (0x3a8de893) x17 0x05b2c3e8
core   0: 0x80003e12 (0x00000812) c.slli  a6, 4
core   0: 3 0x80003e12 (0x0812) x16 0x00000080
core   0: 0x80003e14 (0x01e318b3) sll     a7, t1, t5
core   0: 3 0x80003e14 (0x01e318b3) x17 0x00000000
core   0: 0x80003e18 (0x019eff63) bgeu    t4, s9, pc + 30
core   0: 3 0x80003e18 (0x019eff63)
core   0: 0x80003e1c (0x01082e33) slt     t3, a6, a6
core   0: 3 0x80003e1c (0x01082e33) x28 0x00000000
core   0: 0x80003e20 (0x00000001) c.nop
core   0: 3 0x80003e20 (0x0001)
core   0: 0x80003e22 (0x77276813) ori     a6, a4, 1906
core   0: 3 0x80003e22 (0x77276813) x16 0x00000f72
core   0: 0x80003e26 (0x00001afd) c.addi  s5, -1
core   0: 3 0x80003e26 (0x1afd) x21 0x189e0fff
core   0: 0x80003e28 (0x00008e35) c.xor   a2, a3
core   0: 3 0x80003e28 (0x8e35) x12 0xfffffff9
core   0: 0x80003e2a (0x00000001) c.nop
core   0: 3 0x80003e2a (0x0001)
core   0: 0x80003e2c (0x02575c63) bge     a4, t0, pc + 56
core   0: 3 0x80003e2c (0x02575c63)
core   0: 0x80003e64 (0x00008dc5) c.or    a1, s1
core   0: 3 0x80003e64 (0x8dc5) x11 0x0291fb2e
core   0: 0x80003e66 (0x00d1d513) srli    a0, gp, 13
core   0: 3 0x80003e66 (0x00d1d513) x10 0x0000001d
core   0: 0x80003e6a (0x00a4bbb3) sltu    s7, s1, a0
core   0: 3 0x80003e6a (0x00a4bbb3) x23 0x00000000
core   0: 0x80003e6e (0x000004f6) c.slli  s1, 29
core   0: 3 0x80003e6e (0x04f6) x 9 0xc0000000
core   0: 0x80003e70 (0x416fd613) srai    a2, t6, 22
core   0: 3 0x80003e70 (0x416fd613) x12 0x00000000
core   0: 0x80003e74 (0xc376ecb7) lui     s9, 0xc376e
core   0: 3 0x80003e74 (0xc376ecb7) x25 0xc376e000
core   0: 0x80003e78 (0x41250b13) addi    s6, a0, 1042
core   0: 3 0x80003e78 (0x41250b13) x22 0x0000042f
core   0: 0x80003e7c (0x01275ab3) srl     s5, a4, s2
core   0: 3 0x80003e7c (0x01275ab3) x21 0x00000400
core   0: 0x80003e80 (0x02f0b833) mulhu   a6, ra, a5
core   0: 3 0x80003e80 (0x02f0b833) x16 0x00000000
core   0: 0x80003e84 (0x00008dbd) c.xor   a1, a5
core   0: 3 0x80003e84 (0x8dbd) x11 0x0291fb2e
core   0: 0x80003e86 (0x03f878b3) remu    a7, a6, t6
core   0: 3 0x80003e86 (0x03f878b3) x17 0x00000000
core   0: 0x80003e8a (0x035a9733) mulh    a4, s5, s5
core   0: 3 0x80003e8a (0x035a9733) x14 0x00000000
core   0: 0x80003e8e (0x000089b6) c.mv    s3, a3
core   0: 3 0x80003e8e (0x89b6) x19 0x00000001
core   0: 0x80003e90 (0x40238db3) sub     s11, t2, sp
core   0: 3 0x80003e90 (0x40238db3) x27 0x7ffd9316
core   0: 0x80003e94 (0x00006c5d) c.lui   s8, 0x17
core   0: 3 0x80003e94 (0x6c5d) x24 0x00017000
core   0: 0x80003e96 (0x275b3217) auipc   tp, 0x275b3
core   0: 3 0x80003e96 (0x275b3217) x 4 0xa75b6e96
core   0: 0x80003e9a (0x00009313) slli    t1, ra, 0
core   0: 3 0x80003e9a (0x00009313) x 6 0xffffffff
core   0: 0x80003e9e (0x0000929e) c.add   t0, t2
core   0: 3 0x80003e9e (0x929e) x 5 0xfffffffa
core   0: 0x80003ea0 (0x00008c49) c.or    s0, a0
core   0: 3 0x80003ea0 (0x8c49) x 8 0x02011c1d
core   0: 0x80003ea2 (0x02031033) mulh    zero, t1, zero
core   0: 3 0x80003ea2 (0x02031033)
core   0: 0x80003ea6 (0x908fc213) xori    tp, t6, -1784
core   0: 3 0x80003ea6 (0x908fc213) x 4 0xfffff909
core   0: 0x80003eaa (0x03b9d533) divu    a0, s3, s11
core   0: 3 0x80003eaa (0x03b9d533) x10 0x00000000
core   0: 0x80003eae (0x029799b3) mulh    s3, a5, s1
core   0: 3 0x80003eae (0x029799b3) x19 0x00000000
core   0: 0x80003eb2 (0x8603afb7) lui     t6, 0x8603a
core   0: 3 0x80003eb2 (0x8603afb7) x31 0x8603a000
core   0: 0x80003eb6 (0x010ed333) srl     t1, t4, a6
core   0: 3 0x80003eb6 (0x010ed333) x 6 0x00000000
core   0: 0x80003eba (0xd3b56017) auipc   zero, 0xd3b56
core   0: 3 0x80003eba (0xd3b56017)
core   0: 0x80003ebe (0x4c5daf13) slti    t5, s11, 1221
core   0: 3 0x80003ebe (0x4c5daf13) x30 0x00000000
core   0: 0x80003ec2 (0x02fd0e33) mul     t3, s10, a5
core   0: 3 0x80003ec2 (0x02fd0e33) x28 0x00000000
core   0: 0x80003ec6 (0x07939763) bne     t2, s9, pc + 110
core   0: 3 0x80003ec6 (0x07939763)
core   0: 0x80003f34 (0x00004f4d) c.li    t5, 19
core   0: 3 0x80003f34 (0x4f4d) x30 0x00000013
core   0: 0x80003f36 (0x0198efb3) or      t6, a7, s9
core   0: 3 0x80003f36 (0x0198efb3) x31 0xc376e000
core   0: 0x80003f3a (0x00004895) c.li    a7, 5
core   0: 3 0x80003f3a (0x4895) x17 0x00000005
core   0: 0x80003f3c (0x00008199) c.srli  a1, 6
core   0: 3 0x80003f3c (0x8199) x11 0x000a47ec
core   0: 0x80003f3e (0x00009cce) c.add   s9, s3
core   0: 3 0x80003f3e (0x9cce) x25 0xc376e000
core   0: 0x80003f40 (0x00008ec1) c.or    a3, s0
core   0: 3 0x80003f40 (0x8ec1) x13 0x02011c1d
core   0: 0x80003f42 (0x0000833a) c.mv    t1, a4
core   0: 3 0x80003f42 (0x833a) x 6 0x00000000
core   0: 0x80003f44 (0x00000001) c.nop
core   0: 3 0x80003f44 (0x0001)
core   0: 0x80003f46 (0xed4f8593) addi    a1, t6, -300
core   0: 3 0x80003f46 (0xed4f8593) x11 0xc376ded4
core   0: 0x80003f4a (0x4101d933) sra     s2, gp, a6
core   0: 3 0x80003f4a (0x4101d933) x18 0x0003b32d
core   0: 0x80003f4e (0x000089f9) c.andi  a1, 30
core   0: 3 0x80003f4e (0x89f9) x11 0x00000014
core   0: 0x80003f50 (0x000098fd) c.andi  s1, -1
core   0: 3 0x80003f50 (0x98fd) x 9 0xc0000000
core   0: 0x80003f52 (0x00008ccd) c.or    s1, a1
core   0: 3 0x80003f52 (0x8ccd) x 9 0xc0000014
core   0: 0x80003f54 (0xd6af55b7) lui     a1, 0xd6af5
core   0: 3 0x80003f54 (0xd6af55b7) x11 0xd6af5000
core   0: 0x80003f58 (0x03bc0b33) mul     s6, s8, s11
core   0: 3 0x80003f58 (0x03bc0b33) x22 0x836fa000
core   0: 0x80003f5c (0x00975c63) bge     a4, s1, pc + 24
core   0: 3 0x80003f5c (0x00975c63)
core   0: 0x80003f74 (0x0000c90d) c.beqz  a0, pc + 50
core   0: 3 0x80003f74 (0xc90d)
core   0: 0x80003fa6 (0x01d8e9b3) or      s3, a7, t4
core   0: 3 0x80003fa6 (0x01d8e9b3) x19 0x00000005
core   0: 0x80003faa (0x006b3933) sltu    s2, s6, t1
core   0: 3 0x80003faa (0x006b3933) x18 0x00000000
core   0: 0x80003fae (0x00008f31) c.xor   a4, a2
core   0: 3 0x80003fae (0x8f31) x14 0x00000000
core   0: 0x80003fb0 (0x4139d3b3) sra     t2, s3, s3
core   0: 3 0x80003fb0 (0x4139d3b3) x 7 0x00000000
core   0: 0x80003fb4 (0x0232fd63) bgeu    t0, gp, pc + 58
core   0: 3 0x80003fb4 (0x0232fd63)
core   0: 0x80003fee (0x40d48e33) sub     t3, s1, a3
core   0: 3 0x80003fee (0x40d48e33) x28 0xbdfee3f7
core   0: 0x80003ff2 (0x684fe893) ori     a7, t6, 1668
core   0: 3 0x80003ff2 (0x684fe893) x17 0xc376e684
core   0: 0x80003ff6 (0x41b45033) sra     zero, s0, s11
core   0: 3 0x80003ff6 (0x41b45033)
core   0: 0x80003ffa (0x403fd4b3) sra     s1, t6, gp
core   0: 3 0x80003ffa (0x403fd4b3) x 9 0xfffe1bb7
core   0: 0x80003ffe (0x00269a33) sll     s4, a3, sp
core   0: 3 0x80003ffe (0x00269a33) x20 0x2011c1d0
core   0: 0x80004002 (0x02414033) div     zero, sp, tp
core   0: 3 0x80004002 (0x02414033)
core   0: 0x80004006 (0x024e4833) div     a6, t3, tp
core   0: 3 0x80004006 (0x024e4833) x16 0x00097a0e
core   0: 0x8000400a (0x0239c433) div     s0, s3, gp
core   0: 3 0x8000400a (0x0239c433) x 8 0x00000000
core   0: 0x8000400e (0x00008e9d) c.sub   a3, a5
core   0: 3 0x8000400e (0x8e9d) x13 0x02011c1d
core   0: 0x80004010 (0x03c3ae33) mulhsu  t3, t2, t3
core   0: 3 0x80004010 (0x03c3ae33) x28 0x00000000
core   0: 0x80004014 (0x00006a3d) c.lui   s4, 0xf
core   0: 3 0x80004014 (0x6a3d) x20 0x0000f000
core   0: 0x80004016 (0x023f0163) beq     t5, gp, pc + 34
core   0: 3 0x80004016 (0x023f0163)
core   0: 0x8000401a (0x0000597d) c.li    s2, -1
core   0: 3 0x8000401a (0x597d) x18 0xffffffff
core   0: 0x8000401c (0xf8954c37) lui     s8, 0xf8954
core   0: 3 0x8000401c (0xf8954c37) x24 0xf8954000
core   0: 0x80004020 (0xf3a02293) slti    t0, zero, -198
core   0: 3 0x80004020 (0xf3a02293) x 5 0x00000000
core   0: 0x80004024 (0x00009ab2) c.add   s5, a2
core   0: 3 0x80004024 (0x9ab2) x21 0x00000400
core   0: 0x80004026 (0x00000001) c.nop
core   0: 3 0x80004026 (0x0001)
core   0: 0x80004028 (0x00a759b3) srl     s3, a4, a0
core   0: 3 0x80004028 (0x00a759b3) x19 0x00000000
core   0: 0x8000402c (0x00008e29) c.xor   a2, a0
core   0: 3 0x8000402c (0x8e29) x12 0x00000000
core   0: 0x8000402e (0x01451593) slli    a1, a0, 20
core   0: 3 0x8000402e (0x01451593) x11 0x00000000
core   0: 0x80004032 (0x0264d033) divu    zero, s1, t1
core   0: 3 0x80004032 (0x0264d033)
core   0: 0x80004036 (0x00006585) c.lui   a1, 0x1
core   0: 3 0x80004036 (0x6585) x11 0x00001000
core   0: 0x80004038 (0x00008f3e) c.mv    t5, a5
core   0: 3 0x80004038 (0x8f3e) x30 0x00000000
core   0: 0x8000403a (0x00008df1) c.and   a1, a2
core   0: 3 0x8000403a (0x8df1) x11 0x00000000
core   0: 0x8000403c (0x0330c833) div     a6, ra, s3
core   0: 3 0x8000403c (0x0330c833) x16 0xffffffff
core   0: 0x80004040 (0x005bd963) bge     s7, t0, pc + 18
core   0: 3 0x80004040 (0x005bd963)
core   0: 0x80004052 (0x0150ae33) slt     t3, ra, s5
core   0: 3 0x80004052 (0x0150ae33) x28 0x00000001
core   0: 0x80004056 (0x00008f21) c.xor   a4, s0
core   0: 3 0x80004056 (0x8f21) x14 0x00000000
core   0: 0x80004058 (0xdf923d97) auipc   s11, 0xdf923
core   0: 3 0x80004058 (0xdf923d97) x27 0x5f927058
core   0: 0x8000405c (0x03f49eb3) mulh    t4, s1, t6
core   0: 3 0x8000405c (0x03f49eb3) x29 0x00007284
core   0: 0x80004060 (0x0000997d) c.andi  a0, -1
core   0: 3 0x80004060 (0x997d) x10 0x00000000
core   0: 0x80004062 (0xe4ec4a93) xori    s5, s8, -434
core   0: 3 0x80004062 (0xe4ec4a93) x21 0x076abe4e
core   0: 0x80004066 (0x00d70c63) beq     a4, a3, pc + 24
core   0: 3 0x80004066 (0x00d70c63)
core   0: 0x8000406a (0x018d5693) srli    a3, s10, 24
core   0: 3 0x8000406a (0x018d5693) x13 0x00000080
core   0: 0x8000406e (0x7384a893) slti    a7, s1, 1848
core   0: 3 0x8000406e (0x7384a893) x17 0x00000001
core   0: 0x80004072 (0x0295dc63) bge     a1, s1, pc + 56
core   0: 3 0x80004072 (0x0295dc63)
core   0: 0x800040aa (0x009e5593) srli    a1, t3, 9
core   0: 3 0x800040aa (0x009e5593) x11 0x00000000
core   0: 0x800040ae (0x000083ee) c.mv    t2, s11
core   0: 3 0x800040ae (0x83ee) x 7 0x5f927058
core   0: 0x800040b0 (0x00eb0bb3) add     s7, s6, a4
core   0: 3 0x800040b0 (0x00eb0bb3) x23 0x836fa000
core   0: 0x800040b4 (0x039df963) bgeu    s11, s9, pc + 50
core   0: 3 0x800040b4 (0x039df963)
core   0: 0x800040b8 (0x019c3db3) sltu    s11, s8, s9
core   0: 3 0x800040b8 (0x019c3db3) x27 0x00000000
core   0: 0x800040bc (0x000081b5) c.srli  a1, 13
core   0: 3 0x800040bc (0x81b5) x11 0x00000000
core   0: 0x800040be (0x02dfd863) bge     t6, a3, pc + 48
core   0: 3 0x800040be (0x02dfd863)
core   0: 0x800040c2 (0x0000e095) c.bnez  s1, pc + 36
core   0: 3 0x800040c2 (0xe095)
core   0: 0x800040e6 (0x0173efb3) or      t6, t2, s7
core   0: 3 0x800040e6 (0x0173efb3) x31 0xdffff058
core   0: 0x800040ea (0x03260a33) mul     s4, a2, s2
core   0: 3 0x800040ea (0x03260a33) x20 0x00000000
core   0: 0x800040ee (0x0ff0000f) fence   iorw,iorw
core   0: 3 0x800040ee (0x0ff0000f)
core   0: 0x800040f2 (0x0000056e) c.slli  a0, 27
core   0: 3 0x800040f2 (0x056e) x10 0x00000000
core   0: 0x800040f4 (0x016bbdb3) sltu    s11, s7, s6
core   0: 3 0x800040f4 (0x016bbdb3) x27 0x00000000
core   0: 0x800040f8 (0x00000001) c.nop
core   0: 3 0x800040f8 (0x0001)
core   0: 0x800040fa (0x0183d393) srli    t2, t2, 24
core   0: 3 0x800040fa (0x0183d393) x 7 0x0000005f
core   0: 0x800040fe (0x00000e36) c.slli  t3, 13
core   0: 3 0x800040fe (0x0e36) x28 0x00002000
core   0: 0x80004100 (0x0199c6b3) xor     a3, s3, s9
core   0: 3 0x80004100 (0x0199c6b3) x13 0xc376e000
core   0: 0x80004104 (0x000085c9) c.srai  a1, 18
core   0: 3 0x80004104 (0x85c9) x11 0x00000000
core   0: 0x80004106 (0x000002c2) c.slli  t0, 16
core   0: 3 0x80004106 (0x02c2) x 5 0x00000000
core   0: 0x80004108 (0x4136d3b3) sra     t2, a3, s3
core   0: 3 0x80004108 (0x4136d3b3) x 7 0xc376e000
core   0: 0x8000410c (0x016a4963) blt     s4, s6, pc + 18
core   0: 3 0x8000410c (0x016a4963)
core   0: 0x80004110 (0x00005a7d) c.li    s4, -1
core   0: 3 0x80004110 (0x5a7d) x20 0xffffffff
core   0: 0x80004112 (0x023cb433) mulhu   s0, s9, gp
core   0: 3 0x80004112 (0x023cb433) x 8 0x0002d333
core   0: 0x80004116 (0x033e6963) bltu    t3, s3, pc + 50
core   0: 3 0x80004116 (0x033e6963)
core   0: 0x8000411a (0x00f71313) slli    t1, a4, 15
core   0: 3 0x8000411a (0x00f71313) x 6 0x00000000
core   0: 0x8000411e (0x02b58433) mul     s0, a1, a1
core   0: 3 0x8000411e (0x02b58433) x 8 0x00000000
core   0: 0x80004122 (0xab89dcb7) lui     s9, 0xab89d
core   0: 3 0x80004122 (0xab89dcb7) x25 0xab89d000
core   0: 0x80004126 (0x0000100f) fence.i
core   0: 3 0x80004126 (0x0000100f)
core   0: 0x8000412a (0x02501b33) mulh    s6, zero, t0
core   0: 3 0x8000412a (0x02501b33) x22 0x00000000
core   0: 0x8000412e (0x0000030d) c.addi  t1, 3
core   0: 3 0x8000412e (0x030d) x 6 0x00000003
core   0: 0x80004130 (0x404700b3) sub     ra, a4, tp
core   0: 3 0x80004130 (0x404700b3) x 1 0x000006f7
core   0: 0x80004134 (0x025e6e63) bltu    t3, t0, pc + 60
core   0: 3 0x80004134 (0x025e6e63)
core   0: 0x80004138 (0x03950863) beq     a0, s9, pc + 48
core   0: 3 0x80004138 (0x03950863)
core   0: 0x8000413c (0x0ff0000f) fence   iorw,iorw
core   0: 3 0x8000413c (0x0ff0000f)
core   0: 0x80004140 (0x00e642b3) xor     t0, a2, a4
core   0: 3 0x80004140 (0x00e642b3) x 5 0x00000000
core   0: 0x80004144 (0xbe3bbe13) sltiu   t3, s7, -1053
core   0: 3 0x80004144 (0xbe3bbe13) x28 0x00000001
core   0: 0x80004148 (0x5b8dbe13) sltiu   t3, s11, 1464
core   0: 3 0x80004148 (0x5b8dbe13) x28 0x00000001
core   0: 0x8000414c (0x029bd463) bge     s7, s1, pc + 40
core   0: 3 0x8000414c (0x029bd463)
core   0: 0x80004150 (0x00d51493) slli    s1, a0, 13
core   0: 3 0x80004150 (0x00d51493) x 9 0x00000000
core   0: 0x80004154 (0x0ff0000f) fence   iorw,iorw
core   0: 3 0x80004154 (0x0ff0000f)
core   0: 0x80004158 (0x01277333) and     t1, a4, s2
core   0: 3 0x80004158 (0x01277333) x 6 0x00000000
core   0: 0x8000415c (0x0000100f) fence.i
core   0: 3 0x8000415c (0x0000100f)
core   0: 0x80004160 (0x01385a63) bge     a6, s3, pc + 20
core   0: 3 0x80004160 (0x01385a63)
core   0: 0x80004164 (0x0ff0000f) fence   iorw,iorw
core   0: 3 0x80004164 (0x0ff0000f)
core   0: 0x80004168 (0x4109bd93) sltiu   s11, s3, 1040
core   0: 3 0x80004168 (0x4109bd93) x27 0x00000001
core   0: 0x8000416c (0x090d2193) slti    gp, s10, 144
core   0: 3 0x8000416c (0x090d2193) x 3 0x00000001
core   0: 0x80004170 (0x037840b3) div     ra, a6, s7
core   0: 3 0x80004170 (0x037840b3) x 1 0x00000000
core   0: 0x80004174 (0x00000001) c.nop
core   0: 3 0x80004174 (0x0001)
core   0: 0x80004176 (0x01085763) bge     a6, a6, pc + 14
core   0: 3 0x80004176 (0x01085763)
core   0: 0x80004184 (0x41e0d313) srai    t1, ra, 30
core   0: 3 0x80004184 (0x41e0d313) x 6 0x00000000
core   0: 0x80004188 (0x014a1893) slli    a7, s4, 20
core   0: 3 0x80004188 (0x014a1893) x17 0xfff00000
core   0: 0x8000418c (0x00e269b3) or      s3, tp, a4
core   0: 3 0x8000418c (0x00e269b3) x19 0xfffff909
core   0: 0x80004190 (0x07d14563) blt     sp, t4, pc + 106
core   0: 3 0x80004190 (0x07d14563)
core   0: 0x800041fa (0x03dcdc33) divu    s8, s9, t4
core   0: 3 0x800041fa (0x03dcdc33) x24 0x00017f79
core   0: 0x800041fe (0x000080fa) c.mv    ra, t5
core   0: 3 0x800041fe (0x80fa) x 1 0x00000000
core   0: 0x80004200 (0x020c0533) mul     a0, s8, zero
core   0: 3 0x80004200 (0x020c0533) x10 0x00000000
core   0: 0x80004204 (0x7a9e7597) auipc   a1, 0x7a9e7
core   0: 3 0x80004204 (0x7a9e7597) x11 0xfa9eb204
core   0: 0x80004208 (0x03b9c233) div     tp, s3, s11
core   0: 3 0x80004208 (0x03b9c233) x 4 0xfffff909
core   0: 0x8000420c (0x03f27363) bgeu    tp, t6, pc + 38
core   0: 3 0x8000420c (0x03f27363)
core   0: 0x80004232 (0x02236cb3) rem     s9, t1, sp
core   0: 3 0x80004232 (0x02236cb3) x25 0x00000000
core   0: 0x80004236 (0x00a23233) sltu    tp, tp, a0
core   0: 3 0x80004236 (0x00a23233) x 4 0x00000000
core   0: 0x8000423a (0x0f443197) auipc   gp, 0xf443
core   0: 3 0x8000423a (0x0f443197) x 3 0x8f44723a
core   0: 0x8000423e (0xb958bd93) sltiu   s11, a7, -1131
core   0: 3 0x8000423e (0xb958bd93) x27 0x00000001
core   0: 0x80004242 (0x00000001) c.nop
core   0: 3 0x80004242 (0x0001)
core   0: 0x80004244 (0x00000001) c.nop
core   0: 3 0x80004244 (0x0001)
core   0: 0x80004246 (0xaea6cb93) xori    s7, a3, -1302
core   0: 3 0x80004246 (0xaea6cb93) x23 0x3c891aea
core   0: 0x8000424a (0x03cf1463) bne     t5, t3, pc + 40
core   0: 3 0x8000424a (0x03cf1463)
core   0: 0x80004272 (0x00005ffd) c.li    t6, -1
core   0: 3 0x80004272 (0x5ffd) x31 0xffffffff
core   0: 0x80004274 (0x00008cfd) c.and   s1, a5
core   0: 3 0x80004274 (0x8cfd) x 9 0x00000000
core   0: 0x80004276 (0x41d9d3b3) sra     t2, s3, t4
core   0: 3 0x80004276 (0x41d9d3b3) x 7 0xffffff90
core   0: 0x8000427a (0x927d7c93) andi    s9, s10, -1753
core   0: 3 0x8000427a (0x927d7c93) x25 0x80022824
core   0: 0x8000427e (0x000089dd) c.andi  a1, 23
core   0: 3 0x8000427e (0x89dd) x11 0x00000004
core   0: 0x80004280 (0x0000100f) fence.i
core   0: 3 0x80004280 (0x0000100f)
core   0: 0x80004284 (0x000040dd) c.li    ra, 23
core   0: 3 0x80004284 (0x40dd) x 1 0x00000017
core   0: 0x80004286 (0x010740b3) xor     ra, a4, a6
core   0: 3 0x80004286 (0x010740b3) x 1 0xffffffff
core   0: 0x8000428a (0x0000859d) c.srai  a1, 7
core   0: 3 0x8000428a (0x859d) x11 0x00000000
core   0: 0x8000428c (0x4b76c813) xori    a6, a3, 1207
core   0: 3 0x8000428c (0x4b76c813) x16 0xc376e4b7
core   0: 0x80004290 (0x1b847193) andi    gp, s0, 440
core   0: 3 0x80004290 (0x1b847193) x 3 0x00000000
core   0: 0x80004294 (0xc0d63a13) sltiu   s4, a2, -1011
core   0: 3 0x80004294 (0xc0d63a13) x20 0x00000001
core   0: 0x80004298 (0x004f8263) beq     t6, tp, pc + 4
core   0: 3 0x80004298 (0x004f8263)
core   0: 0x8000429c (0x000064e5) c.lui   s1, 0x19
core   0: 3 0x8000429c (0x64e5) x 9 0x00019000
core   0: 0x8000429e (0x02c518b3) mulh    a7, a0, a2
core   0: 3 0x8000429e (0x02c518b3) x17 0x00000000
core   0: 0x800042a2 (0x8d510293) addi    t0, sp, -1835
core   0: 3 0x800042a2 (0x8d510293) x 5 0x800265b9
core   0: 0x800042a6 (0x00009f1e) c.add   t5, t2
core   0: 3 0x800042a6 (0x9f1e) x30 0xffffff90
core   0: 0x800042a8 (0x00009f46) c.add   t5, a7
core   0: 3 0x800042a8 (0x9f46) x30 0xffffff90
core   0: 0x800042aa (0x00616f33) or      t5, sp, t1
core   0: 3 0x800042aa (0x00616f33) x30 0x80026ce4
core   0: 0x800042ae (0x824b4e13) xori    t3, s6, -2012
core   0: 3 0x800042ae (0x824b4e13) x28 0xfffff824
core   0: 0x800042b2 (0x03f84263) blt     a6, t6, pc + 36
core   0: 3 0x800042b2 (0x03f84263)
core   0: 0x800042d6 (0x012cd313) srli    t1, s9, 18
core   0: 3 0x800042d6 (0x012cd313) x 6 0x00002000
core   0: 0x800042da (0x0000587d) c.li    a6, -1
core   0: 3 0x800042da (0x587d) x16 0xffffffff
core   0: 0x800042dc (0x02e41db3) mulh    s11, s0, a4
core   0: 3 0x800042dc (0x02e41db3) x27 0x00000000
core   0: 0x800042e0 (0x00000b4a) c.slli  s6, 18
core   0: 3 0x800042e0 (0x0b4a) x22 0x00000000
core   0: 0x800042e2 (0xb3878693) addi    a3, a5, -1224
core   0: 3 0x800042e2 (0xb3878693) x13 0xfffffb38
core   0: 0x800042e6 (0x73197e93) andi    t4, s2, 1841
core   0: 3 0x800042e6 (0x73197e93) x29 0x00000731
core   0: 0x800042ea (0x02cf5063) bge     t5, a2, pc + 32
core   0: 3 0x800042ea (0x02cf5063)
core   0: 0x800042ee (0x38894b93) xori    s7, s2, 904
core   0: 3 0x800042ee (0x38894b93) x23 0xfffffc77
core   0: 0x800042f2 (0xd83a2313) slti    t1, s4, -637
core   0: 3 0x800042f2 (0xd83a2313) x 6 0x00000000
core   0: 0x800042f6 (0x00008dbd) c.xor   a1, a5
core   0: 3 0x800042f6 (0x8dbd) x11 0x00000000
core   0: 0x800042f8 (0x0000100f) fence.i
core   0: 3 0x800042f8 (0x0000100f)
core   0: 0x800042fc (0x0246c533) div     a0, a3, tp
core   0: 3 0x800042fc (0x0246c533) x10 0xffffffff
core   0: 0x80004300 (0x00006719) c.lui   a4, 0x6
core   0: 3 0x80004300 (0x6719) x14 0x00006000
core   0: 0x80004302 (0x42a1bf13) sltiu   t5, gp, 1066
core   0: 3 0x80004302 (0x42a1bf13) x30 0x00000001
core   0: 0x80004306 (0x0ff0000f) fence   iorw,iorw
core   0: 3 0x80004306 (0x0ff0000f)
core   0: 0x8000430a (0x00203eb3) snez    t4, sp
core   0: 3 0x8000430a (0x00203eb3) x29 0x00000001
core   0: 0x8000430e (0x40e78cb3) sub     s9, a5, a4
core   0: 3 0x8000430e (0x40e78cb3) x25 0xffffa000
core   0: 0x80004312 (0x00008e39) c.xor   a2, a4
core   0: 3 0x80004312 (0x8e39) x12 0x00006000
core   0: 0x80004314 (0x40d9d2b3) sra     t0, s3, a3
core   0: 3 0x80004314 (0x40d9d2b3) x 5 0xffffffff
core   0: 0x80004318 (0x0ff0000f) fence   iorw,iorw
core   0: 3 0x80004318 (0x0ff0000f)
core   0: 0x8000431c (0x0000557d) c.li    a0, -1
core   0: 3 0x8000431c (0x557d) x10 0xffffffff
core   0: 0x8000431e (0x010fb033) sltu    zero, t6, a6
core   0: 3 0x8000431e (0x010fb033)
core   0: 0x80004322 (0x01175963) bge     a4, a7, pc + 18
core   0: 3 0x80004322 (0x01175963)
core   0: 0x80004334 (0x01dce9b3) or      s3, s9, t4
core   0: 3 0x80004334 (0x01dce9b3) x19 0xffffa001
core   0: 0x80004338 (0x00008451) c.srai  s0, 20
core   0: 3 0x80004338 (0x8451) x 8 0x00000000
core   0: 0x8000433a (0x000063ad) c.lui   t2, 0xb
core   0: 3 0x8000433a (0x63ad) x 7 0x0000b000
core   0: 0x8000433c (0x2dcfc693) xori    a3, t6, 732
core   0: 3 0x8000433c (0x2dcfc693) x13 0xfffffd23
core   0: 0x80004340 (0x000086d5) c.srai  a3, 21
core   0: 3 0x80004340 (0x86d5) x13 0xffffffff
core   0: 0x80004342 (0x00008ea5) c.xor   a3, s1
core   0: 3 0x80004342 (0x8ea5) x13 0xfffe6fff
core   0: 0x80004344 (0xd56e3993) sltiu   s3, t3, -682
core   0: 3 0x80004344 (0xd56e3993) x19 0x00000001
core   0: 0x80004348 (0xc8f23b93) sltiu   s7, tp, -881
core   0: 3 0x80004348 (0xc8f23b93) x23 0x00000001
core   0: 0x8000434c (0x00000001) c.nop
core   0: 3 0x8000434c (0x0001)
core   0: 0x8000434e (0x000013fd) c.addi  t2, -1
core   0: 3 0x8000434e (0x13fd) x 7 0x0000afff
core   0: 0x80004350 (0x000008ed) c.addi  a7, 27
core   0: 3 0x80004350 (0x08ed) x17 0x0000001b
core   0: 0x80004352 (0x03ed1eb3) mulh    t4, s10, t5
core   0: 3 0x80004352 (0x03ed1eb3) x29 0xffffffff
core   0: 0x80004356 (0x021f8eb3) mul     t4, t6, ra
core   0: 3 0x80004356 (0x021f8eb3) x29 0x00000001
core   0: 0x8000435a (0x036c4263) blt     s8, s6, pc + 36
core   0: 3 0x8000435a (0x036c4263)
core   0: 0x8000435e (0x00009a7d) c.andi  a2, -1
core   0: 3 0x8000435e (0x9a7d) x12 0x00006000
core   0: 0x80004360 (0x028a2cb3) mulhsu  s9, s4, s0
core   0: 3 0x80004360 (0x028a2cb3) x25 0x00000000
core   0: 0x80004364 (0xbde84f93) xori    t6, a6, -1058
core   0: 3 0x80004364 (0xbde84f93) x31 0x00000421
core   0: 0x80004368 (0x41144e93) xori    t4, s0, 1041
core   0: 3 0x80004368 (0x41144e93) x29 0x00000411
core   0: 0x8000436c (0x00b54863) blt     a0, a1, pc + 16
core   0: 3 0x8000436c (0x00b54863)
core   0: 0x8000437c (0x0000e40d) c.bnez  s0, pc + 42
core   0: 3 0x8000437c (0xe40d)
core   0: 0x8000437e (0x0ff0000f) fence   iorw,iorw
core   0: 3 0x8000437e (0x0ff0000f)
core   0: 0x80004382 (0x08de4b13) xori    s6, t3, 141
core   0: 3 0x80004382 (0x08de4b13) x22 0xfffff8a9
core   0: 0x80004386 (0x005f2b33) slt     s6, t5, t0
core   0: 3 0x80004386 (0x005f2b33) x22 0x00000000
core   0: 0x8000438a (0x030ac8b3) div     a7, s5, a6
core   0: 3 0x8000438a (0x030ac8b3) x17 0xf89541b2
core   0: 0x8000438e (0x01bfde33) srl     t3, t6, s11
core   0: 3 0x8000438e (0x01bfde33) x28 0x00000421
core   0: 0x80004392 (0x018b9413) slli    s0, s7, 24
core   0: 3 0x80004392 (0x018b9413) x 8 0x01000000
core   0: 0x80004396 (0x00005bfd) c.li    s7, -1
core   0: 3 0x80004396 (0x5bfd) x23 0xffffffff
core   0: 0x80004398 (0x02c56ab3) rem     s5, a0, a2
core   0: 3 0x80004398 (0x02c56ab3) x21 0xffffffff
core   0: 0x8000439c (0x419ed613) srai    a2, t4, 25
core   0: 3 0x8000439c (0x419ed613) x12 0x00000000
core   0: 0x800043a0 (0x67928f93) addi    t6, t0, 1657
core   0: 3 0x800043a0 (0x67928f93) x31 0x00000678
core   0: 0x800043a4 (0x00000001) c.nop
core   0: 3 0x800043a4 (0x0001)
core   0: 0x800043a6 (0x00a5bc33) sltu    s8, a1, a0
core   0: 3 0x800043a6 (0x00a5bc33) x24 0x00000001
core   0: 0x800043aa (0x005f1663) bne     t5, t0, pc + 12
core   0: 3 0x800043aa (0x005f1663)
core   0: 0x800043b6 (0x01def563) bgeu    t4, t4, pc + 10
core   0: 3 0x800043b6 (0x01def563)
core   0: 0x800043c0 (0x10e02c93) slti    s9, zero, 270
core   0: 3 0x800043c0 (0x10e02c93) x25 0x00000001
core   0: 0x800043c4 (0x00630b33) add     s6, t1, t1
core   0: 3 0x800043c4 (0x00630b33) x22 0x00000000
core   0: 0x800043c8 (0x00008cf1) c.and   s1, a2
core   0: 3 0x800043c8 (0x8cf1) x 9 0x00000000
core   0: 0x800043ca (0x002c0f33) add     t5, s8, sp
core   0: 3 0x800043ca (0x002c0f33) x30 0x80026ce5
core   0: 0x800043ce (0x013f1b13) slli    s6, t5, 19
core   0: 3 0x800043ce (0x013f1b13) x22 0x67280000
core   0: 0x800043d2 (0x000066f9) c.lui   a3, 0x1e
core   0: 3 0x800043d2 (0x66f9) x13 0x0001e000
core   0: 0x800043d4 (0x16032a13) slti    s4, t1, 352
core   0: 3 0x800043d4 (0x16032a13) x20 0x00000001
core   0: 0x800043d8 (0x0000854e) c.mv    a0, s3
core   0: 3 0x800043d8 (0x854e) x10 0x00000001
core   0: 0x800043da (0x00cf1433) sll     s0, t5, a2
core   0: 3 0x800043da (0x00cf1433) x 8 0x80026ce5
core   0: 0x800043de (0x000066a1) c.lui   a3, 0x8
core   0: 3 0x800043de (0x66a1) x13 0x00008000
core   0: 0x800043e0 (0x00008e4d) c.or    a2, a1
core   0: 3 0x800043e0 (0x8e4d) x12 0x00000000
core   0: 0x800043e2 (0x0207dbb3) divu    s7, a5, zero
core   0: 3 0x800043e2 (0x0207dbb3) x23 0xffffffff
core   0: 0x800043e6 (0x009c5a13) srli    s4, s8, 9
core   0: 3 0x800043e6 (0x009c5a13) x20 0x00000000
core   0: 0x800043ea (0x0000100f) fence.i
core   0: 3 0x800043ea (0x0000100f)
core   0: 0x800043ee (0x0000e815) c.bnez  s0, pc + 52
core   0: 3 0x800043ee (0xe815)
core   0: 0x80004422 (0x00008dd9) c.or    a1, a4
core   0: 3 0x80004422 (0x8dd9) x11 0x00006000
core   0: 0x80004424 (0x01dc3ab3) sltu    s5, s8, t4
core   0: 3 0x80004424 (0x01dc3ab3) x21 0x00000001
core   0: 0x80004428 (0xaa30a913) slti    s2, ra, -1373
core   0: 3 0x80004428 (0xaa30a913) x18 0x00000000
core   0: 0x8000442c (0x00000001) c.nop
core   0: 3 0x8000442c (0x0001)
core   0: 0x8000442e (0x1883aa13) slti    s4, t2, 392
core   0: 3 0x8000442e (0x1883aa13) x20 0x00000000
core   0: 0x80004432 (0x0123aab3) slt     s5, t2, s2
core   0: 3 0x80004432 (0x0123aab3) x21 0x00000000
core   0: 0x80004436 (0x01066a33) or      s4, a2, a6
core   0: 3 0x80004436 (0x01066a33) x20 0xffffffff
core   0: 0x8000443a (0x000065e1) c.lui   a1, 0x18
core   0: 3 0x8000443a (0x65e1) x11 0x00018000
core   0: 0x8000443c (0x000ca1b3) slt     gp, s9, zero
core   0: 3 0x8000443c (0x000ca1b3) x 3 0x00000000
core   0: 0x80004440 (0x9aab0e93) addi    t4, s6, -1622
core   0: 3 0x80004440 (0x9aab0e93) x29 0x6727f9aa
core   0: 0x80004444 (0x005a1e13) slli    t3, s4, 5
core   0: 3 0x80004444 (0x005a1e13) x28 0xffffffe0
core   0: 0x80004448 (0x03dc76b3) remu    a3, s8, t4
core   0: 3 0x80004448 (0x03dc76b3) x13 0x00000001
core   0: 0x8000444c (0xc401a193) slti    gp, gp, -960
core   0: 3 0x8000444c (0xc401a193) x 3 0x00000000
core   0: 0x80004450 (0x00008241) c.srli  a2, 16
core   0: 3 0x80004450 (0x8241) x12 0x00000000
core   0: 0x80004452 (0x403489b3) sub     s3, s1, gp
core   0: 3 0x80004452 (0x403489b3) x19 0x00000000
core   0: 0x80004456 (0x0000147d) c.addi  s0, -1
core   0: 3 0x80004456 (0x147d) x 8 0x80026ce4
core   0: 0x80004458 (0x5f33b237) lui     tp, 0x5f33b
core   0: 3 0x80004458 (0x5f33b237) x 4 0x5f33b000
core   0: 0x8000445c (0x00004bfd) c.li    s7, 31
core   0: 3 0x8000445c (0x4bfd) x23 0x0000001f
core   0: 0x8000445e (0x025a9a63) bne     s5, t0, pc + 52
core   0: 3 0x8000445e (0x025a9a63)
core   0: 0x80004492 (0x016f68b3) or      a7, t5, s6
core   0: 3 0x80004492 (0x016f68b3) x17 0xe72a6ce5
core   0: 0x80004496 (0x0ff0000f) fence   iorw,iorw
core   0: 3 0x80004496 (0x0ff0000f)
core   0: 0x8000449a (0x0ff0000f) fence   iorw,iorw
core   0: 3 0x8000449a (0x0ff0000f)
core   0: 0x8000449e (0x00000001) c.nop
core   0: 3 0x8000449e (0x0001)
core   0: 0x800044a0 (0x000084c9) c.srai  s1, 18
core   0: 3 0x800044a0 (0x84c9) x 9 0x00000000
core   0: 0x800044a2 (0x01815863) bge     sp, s8, pc + 16
core   0: 3 0x800044a2 (0x01815863)
core   0: 0x800044a6 (0xade0ccb7) lui     s9, 0xade0c
core   0: 3 0x800044a6 (0xade0ccb7) x25 0xade0c000
core   0: 0x800044aa (0x030cddb3) divu    s11, s9, a6
core   0: 3 0x800044aa (0x030cddb3) x27 0x00000000
core   0: 0x800044ae (0xb82b4bb7) lui     s7, 0xb82b4
core   0: 3 0x800044ae (0xb82b4bb7) x23 0xb82b4000
core   0: 0x800044b2 (0x0249cd63) blt     s3, tp, pc + 58
core   0: 3 0x800044b2 (0x0249cd63)
core   0: 0x800044ec (0x0ff0000f) fence   iorw,iorw
core   0: 3 0x800044ec (0x0ff0000f)
core   0: 0x800044f0 (0x0244efb3) rem     t6, s1, tp
core   0: 3 0x800044f0 (0x0244efb3) x31 0x00000000
core   0: 0x800044f4 (0x02e4b6b3) mulhu   a3, s1, a4
core   0: 3 0x800044f4 (0x02e4b6b3) x13 0x00000000
core   0: 0x800044f8 (0x01d95893) srli    a7, s2, 29
core   0: 3 0x800044f8 (0x01d95893) x17 0x00000000
core   0: 0x800044fc (0x02125f33) divu    t5, tp, ra
core   0: 3 0x800044fc (0x02125f33) x30 0x00000000
core   0: 0x80004500 (0x79777313) andi    t1, a4, 1943
core   0: 3 0x80004500 (0x79777313) x 6 0x00000000
core   0: 0x80004504 (0x01234963) blt     t1, s2, pc + 18
core   0: 3 0x80004504 (0x01234963)
core   0: 0x80004508 (0x01f81493) slli    s1, a6, 31
core   0: 3 0x80004508 (0x01f81493) x 9 0x80000000
core   0: 0x8000450c (0x0000ca9d) c.beqz  a3, pc + 54
core   0: 3 0x8000450c (0xca9d)
core   0: 0x80004542 (0xf56330b7) lui     ra, 0xf5633
core   0: 3 0x80004542 (0xf56330b7) x 1 0xf5633000
core   0: 0x80004546 (0x000085b6) c.mv    a1, a3
core   0: 3 0x80004546 (0x85b6) x11 0x00000000
core   0: 0x80004548 (0x0000465d) c.li    a2, 23
core   0: 3 0x80004548 (0x465d) x12 0x00000017
core   0: 0x8000454a (0x0000860d) c.srai  a2, 3
core   0: 3 0x8000454a (0x860d) x12 0x00000002
core   0: 0x8000454c (0x00494333) xor     t1, s2, tp
core   0: 3 0x8000454c (0x00494333) x 6 0x5f33b000
core   0: 0x80004550 (0x02d2e763) bltu    t0, a3, pc + 46
core   0: 3 0x80004550 (0x02d2e763)
core   0: 0x80004554 (0x0000100f) fence.i
core   0: 3 0x80004554 (0x0000100f)
core   0: 0x80004558 (0x26d34713) xori    a4, t1, 621
core   0: 3 0x80004558 (0x26d34713) x14 0x5f33b26d
core   0: 0x8000455c (0x00008dd5) c.or    a1, a3
core   0: 3 0x8000455c (0x8dd5) x11 0x00000000
core   0: 0x8000455e (0x01645713) srli    a4, s0, 22
core   0: 3 0x8000455e (0x01645713) x14 0x00000200
core   0: 0x80004562 (0x6e6e4893) xori    a7, t3, 1766
core   0: 3 0x80004562 (0x6e6e4893) x17 0xfffff906
core   0: 0x80004566 (0x00f39a63) bne     t2, a5, pc + 20
core   0: 3 0x80004566 (0x00f39a63)
core   0: 0x8000457a (0x01029093) slli    ra, t0, 16
core   0: 3 0x8000457a (0x01029093) x 1 0xffff0000
core   0: 0x8000457e (0x03c21b63) bne     tp, t3, pc + 54
core   0: 3 0x8000457e (0x03c21b63)
core   0: 0x800045b4 (0x000060b3) or      ra, zero, zero
core   0: 3 0x800045b4 (0x000060b3) x 1 0x00000000
core   0: 0x800045b8 (0x02822333) mulhsu  t1, tp, s0
core   0: 3 0x800045b8 (0x02822333) x 6 0x2f9abee5
core   0: 0x800045bc (0x4043dfb3) sra     t6, t2, tp
core   0: 3 0x800045bc (0x4043dfb3) x31 0x0000afff
core   0: 0x800045c0 (0x1c71c637) lui     a2, 0x1c71c
core   0: 3 0x800045c0 (0x1c71c637) x12 0x1c71c000
core   0: 0x800045c4 (0x0000147d) c.addi  s0, -1
core   0: 3 0x800045c4 (0x147d) x 8 0x80026ce3
core   0: 0x800045c6 (0x426b7f93) andi    t6, s6, 1062
core   0: 3 0x800045c6 (0x426b7f93) x31 0x00000000
core   0: 0x800045ca (0x00a0fdb3) and     s11, ra, a0
core   0: 3 0x800045ca (0x00a0fdb3) x27 0x00000000
core   0: 0x800045ce (0x0ff0000f) fence   iorw,iorw
core   0: 3 0x800045ce (0x0ff0000f)
core   0: 0x800045d2 (0xf7cb3f97) auipc   t6, 0xf7cb3
core   0: 3 0x800045d2 (0xf7cb3f97) x31 0x77cb75d2
core   0: 0x800045d6 (0x01281193) slli    gp, a6, 18
core   0: 3 0x800045d6 (0x01281193) x 3 0xfffc0000
core   0: 0x800045da (0x410dda93) srai    s5, s11, 16
core   0: 3 0x800045da (0x410dda93) x21 0x00000000
core   0: 0x800045de (0x00008c7d) c.and   s0, a5
core   0: 3 0x800045de (0x8c7d) x 8 0x00000000
core   0: 0x800045e0 (0x017e3fb3) sltu    t6, t3, s7
core   0: 3 0x800045e0 (0x017e3fb3) x31 0x00000000
core   0: 0x800045e4 (0x036f43b3) div     t2, t5, s6
core   0: 3 0x800045e4 (0x036f43b3) x 7 0x00000000
core   0: 0x800045e8 (0x0000100f) fence.i
core   0: 3 0x800045e8 (0x0000100f)
core   0: 0x800045ec (0x02b721b3) mulhsu  gp, a4, a1
core   0: 3 0x800045ec (0x02b721b3) x 3 0x00000000
core   0: 0x800045f0 (0x00967333) and     t1, a2, s1
core   0: 3 0x800045f0 (0x00967333) x 6 0x00000000
core   0: 0x800045f4 (0x00189c93) slli    s9, a7, 1
core   0: 3 0x800045f4 (0x00189c93) x25 0xfffff20c
core   0: 0x800045f8 (0x03bdee63) bltu    s11, s11, pc + 60
core   0: 3 0x800045f8 (0x03bdee63)
core   0: 0x800045fc (0x00b29033) sll     zero, t0, a1
core   0: 3 0x800045fc (0x00b29033)
core   0: 0x80004600 (0x6ab90c93) addi    s9, s2, 1707
core   0: 3 0x80004600 (0x6ab90c93) x25 0x000006ab
core   0: 0x80004604 (0x02a40863) beq     s0, a0, pc + 48
core   0: 3 0x80004604 (0x02a40863)
core   0: 0x80004608 (0x027a66b3) rem     a3, s4, t2
core   0: 3 0x80004608 (0x027a66b3) x13 0xffffffff
core   0: 0x8000460c (0x00008e09) c.sub   a2, a0
core   0: 3 0x8000460c (0x8e09) x12 0x1c71bfff
core   0: 0x8000460e (0x02f2f3b3) remu    t2, t0, a5
core   0: 3 0x8000460e (0x02f2f3b3) x 7 0xffffffff
core   0: 0x80004612 (0x000a9863) bnez    s5, pc + 16
core   0: 3 0x80004612 (0x000a9863)
core   0: 0x80004616 (0x03e6f533) remu    a0, a3, t5
core   0: 3 0x80004616 (0x03e6f533) x10 0xffffffff
core   0: 0x8000461a (0xfcbf1237) lui     tp, 0xfcbf1
core   0: 3 0x8000461a (0xfcbf1237) x 4 0xfcbf1000
core   0: 0x8000461e (0x01fa5633) srl     a2, s4, t6
core   0: 3 0x8000461e (0x01fa5633) x12 0xffffffff
core   0: 0x80004622 (0x41fa8833) sub     a6, s5, t6
core   0: 3 0x80004622 (0x41fa8833) x16 0x00000000
core   0: 0x80004626 (0x00000001) c.nop
core   0: 3 0x80004626 (0x0001)
core   0: 0x80004628 (0x0127f1b3) and     gp, a5, s2
core   0: 3 0x80004628 (0x0127f1b3) x 3 0x00000000
core   0: 0x8000462c (0x00b5d1b3) srl     gp, a1, a1
core   0: 3 0x8000462c (0x00b5d1b3) x 3 0x00000000
core   0: 0x80004630 (0x034f9963) bne     t6, s4, pc + 50
core   0: 3 0x80004630 (0x034f9963)
core   0: 0x80004662 (0x016debb3) or      s7, s11, s6
core   0: 3 0x80004662 (0x016debb3) x23 0x67280000
core   0: 0x80004666 (0x02d4afb3) mulhsu  t6, s1, a3
core   0: 3 0x80004666 (0x02d4afb3) x31 0x80000000
core   0: 0x8000466a (0x03411b33) mulh    s6, sp, s4
core   0: 3 0x8000466a (0x03411b33) x22 0x00000000
core   0: 0x8000466e (0x00d554b3) srl     s1, a0, a3
core   0: 3 0x8000466e (0x00d554b3) x 9 0x00000001
core   0: 0x80004672 (0x0000100f) fence.i
core   0: 3 0x80004672 (0x0000100f)
core   0: 0x80004676 (0xc4040213) addi    tp, s0, -960
core   0: 3 0x80004676 (0xc4040213) x 4 0xfffffc40
core   0: 0x8000467a (0x0000c901) c.beqz  a0, pc + 16
core   0: 3 0x8000467a (0xc901)
core   0: 0x8000467c (0x038ee033) rem     zero, t4, s8
core   0: 3 0x8000467c (0x038ee033)
core   0: 0x80004680 (0x0000062e) c.slli  a2, 11
core   0: 3 0x80004680 (0x062e) x12 0xfffff800
core   0: 0x80004682 (0x01363b33) sltu    s6, a2, s3
core   0: 3 0x80004682 (0x01363b33) x22 0x00000000
core   0: 0x80004686 (0x0109f5b3) and     a1, s3, a6
core   0: 3 0x80004686 (0x0109f5b3) x11 0x00000000
core   0: 0x8000468a (0x0126cfb3) xor     t6, a3, s2
core   0: 3 0x8000468a (0x0126cfb3) x31 0xffffffff
core   0: 0x8000468e (0x007a0ab3) add     s5, s4, t2
core   0: 3 0x8000468e (0x007a0ab3) x21 0xfffffffe
core   0: 0x80004692 (0x41d50733) sub     a4, a0, t4
core   0: 3 0x80004692 (0x41d50733) x14 0x98d80655
core   0: 0x80004696 (0xa3272093) slti    ra, a4, -1486
core   0: 3 0x80004696 (0xa3272093) x 1 0x00000001
core   0: 0x8000469a (0x015f6a63) bltu    t5, s5, pc + 20
core   0: 3 0x8000469a (0x015f6a63)
core   0: 0x800046ae (0x0ff0000f) fence   iorw,iorw
core   0: 3 0x800046ae (0x0ff0000f)
core   0: 0x800046b2 (0x0000100f) fence.i
core   0: 3 0x800046b2 (0x0000100f)
core   0: 0x800046b6 (0x00000001) c.nop
core   0: 3 0x800046b6 (0x0001)
core   0: 0x800046b8 (0x02539b33) mulh    s6, t2, t0
core   0: 3 0x800046b8 (0x02539b33) x22 0x00000000
core   0: 0x800046bc (0x028381b3) mul     gp, t2, s0
core   0: 3 0x800046bc (0x028381b3) x 3 0x00000000
core   0: 0x800046c0 (0x00008ef1) c.and   a3, a2
core   0: 3 0x800046c0 (0x8ef1) x13 0xfffff800
core   0: 0x800046c2 (0x00a59963) bne     a1, a0, pc + 18
core   0: 3 0x800046c2 (0x00a59963)
core   0: 0x800046d4 (0x40f3d833) sra     a6, t2, a5
core   0: 3 0x800046d4 (0x40f3d833) x16 0xffffffff
core   0: 0x800046d8 (0x0000127d) c.addi  tp, -1
core   0: 3 0x800046d8 (0x127d) x 4 0xfffffc3f
core   0: 0x800046da (0x00a7c733) xor     a4, a5, a0
core   0: 3 0x800046da (0x00a7c733) x14 0xffffffff
core   0: 0x800046de (0x0ff0000f) fence   iorw,iorw
core   0: 3 0x800046de (0x0ff0000f)
core   0: 0x800046e2 (0x02911433) mulh    s0, sp, s1
core   0: 3 0x800046e2 (0x02911433) x 8 0xffffffff
core   0: 0x800046e6 (0xa1358b13) addi    s6, a1, -1517
core   0: 3 0x800046e6 (0xa1358b13) x22 0xfffffa13
core   0: 0x800046ea (0x40f75ab3) sra     s5, a4, a5
core   0: 3 0x800046ea (0x40f75ab3) x21 0xffffffff
core   0: 0x800046ee (0x526d28b7) lui     a7, 0x526d2
core   0: 3 0x800046ee (0x526d28b7) x17 0x526d2000
core   0: 0x800046f2 (0x021bfab3) remu    s5, s7, ra
core   0: 3 0x800046f2 (0x021bfab3) x21 0x00000000
core   0: 0x800046f6 (0x005cbb33) sltu    s6, s9, t0
core   0: 3 0x800046f6 (0x005cbb33) x22 0x00000001
core   0: 0x800046fa (0x00004f25) c.li    t5, 9
core   0: 3 0x800046fa (0x4f25) x30 0x00000009
core   0: 0x800046fc (0x01aad913) srli    s2, s5, 26
core   0: 3 0x800046fc (0x01aad913) x18 0x00000000
core   0: 0x80004700 (0x02bc6333) rem     t1, s8, a1
core   0: 3 0x80004700 (0x02bc6333) x 6 0x00000001
core   0: 0x80004704 (0x00000001) c.nop
core   0: 3 0x80004704 (0x0001)
core   0: 0x80004706 (0x00001c7d) c.addi  s8, -1
core   0: 3 0x80004706 (0x1c7d) x24 0x00000000
core   0: 0x80004708 (0x40f55fb3) sra     t6, a0, a5
core   0: 3 0x80004708 (0x40f55fb3) x31 0xffffffff
core   0: 0x8000470c (0x91f23c13) sltiu   s8, tp, -1761
core   0: 3 0x8000470c (0x91f23c13) x24 0x00000000
core   0: 0x80004710 (0xf416fb13) andi    s6, a3, -191
core   0: 3 0x80004710 (0xf416fb13) x22 0xfffff800
core   0: 0x80004714 (0xe503bf13) sltiu   t5, t2, -432
core   0: 3 0x80004714 (0xe503bf13) x30 0x00000000
core   0: 0x80004718 (0x21246213) ori     tp, s0, 530
core   0: 3 0x80004718 (0x21246213) x 4 0xffffffff
core   0: 0x8000471c (0x92437d93) andi    s11, t1, -1756
core   0: 3 0x8000471c (0x92437d93) x27 0x00000000
core   0: 0x80004720 (0x00008f59) c.or    a4, a4
core   0: 3 0x80004720 (0x8f59) x14 0xffffffff
core   0: 0x80004722 (0x0000c31d) c.beqz  a4, pc + 38
core   0: 3 0x80004722 (0xc31d)
core   0: 0x80004724 (0x000098fd) c.andi  s1, -1
core   0: 3 0x80004724 (0x98fd) x 9 0x00000001
core   0: 0x80004726 (0x03a2cd63) blt     t0, s10, pc + 58
core   0: 3 0x80004726 (0x03a2cd63)
core   0: 0x8000472a (0xcad15c17) auipc   s8, 0xcad15
core   0: 3 0x8000472a (0xcad15c17) x24 0x4ad1972a
core   0: 0x8000472e (0x00004f09) c.li    t5, 2
core   0: 3 0x8000472e (0x4f09) x30 0x00000002
core   0: 0x80004730 (0x018d8833) add     a6, s11, s8
core   0: 3 0x80004730 (0x018d8833) x16 0x4ad1972a
core   0: 0x80004734 (0x5bd9d017) auipc   zero, 0x5bd9d
core   0: 3 0x80004734 (0x5bd9d017)
core   0: 0x80004738 (0x027d2c33) mulhsu  s8, s10, t2
core   0: 3 0x80004738 (0x027d2c33) x24 0x80022e64
core   0: 0x8000473c (0x01b319b3) sll     s3, t1, s11
core   0: 3 0x8000473c (0x01b319b3) x19 0x00000001
core   0: 0x80004740 (0x00498db3) add     s11, s3, tp
core   0: 3 0x80004740 (0x00498db3) x27 0x00000000
core   0: 0x80004744 (0x26a86d93) ori     s11, a6, 618
core   0: 3 0x80004744 (0x26a86d93) x27 0x4ad1976a
core   0: 0x80004748 (0x008bf933) and     s2, s7, s0
core   0: 3 0x80004748 (0x008bf933) x18 0x67280000
core   0: 0x8000474c (0xec3cea93) ori     s5, s9, -317
core   0: 3 0x8000474c (0xec3cea93) x21 0xfffffeeb
core   0: 0x80004750 (0x03e9acb3) mulhsu  s9, s3, t5
core   0: 3 0x80004750 (0x03e9acb3) x25 0x00000000
core   0: 0x80004754 (0x00008a31) c.andi  a2, 12
core   0: 3 0x80004754 (0x8a31) x12 0x00000000
core   0: 0x80004756 (0x40408a33) sub     s4, ra, tp
core   0: 3 0x80004756 (0x40408a33) x20 0x00000002
core   0: 0x8000475a (0x0000c305) c.beqz  a4, pc + 32
core   0: 3 0x8000475a (0xc305)
core   0: 0x8000475c (0x0251ddb3) divu    s11, gp, t0
core   0: 3 0x8000475c (0x0251ddb3) x27 0x00000000
core   0: 0x80004760 (0x00d324b3) slt     s1, t1, a3
core   0: 3 0x80004760 (0x00d324b3) x 9 0x00000000
core   0: 0x80004764 (0x00008d45) c.or    a0, s1
core   0: 3 0x80004764 (0x8d45) x10 0xffffffff
core   0: 0x80004766 (0x03f65833) divu    a6, a2, t6
core   0: 3 0x80004766 (0x03f65833) x16 0x00000000
core   0: 0x8000476a (0x029f8a63) beq     t6, s1, pc + 52
core   0: 3 0x8000476a (0x029f8a63)
core   0: 0x8000476e (0x00008ec1) c.or    a3, s0
core   0: 3 0x8000476e (0x8ec1) x13 0xffffffff
core   0: 0x80004770 (0x025fa833) mulhsu  a6, t6, t0
core   0: 3 0x80004770 (0x025fa833) x16 0xffffffff
core   0: 0x80004774 (0x41e054b3) sra     s1, zero, t5
core   0: 3 0x80004774 (0x41e054b3) x 9 0x00000000
core   0: 0x80004778 (0x00008da9) c.xor   a1, a0
core   0: 3 0x80004778 (0x8da9) x11 0xffffffff
core   0: 0x8000477a (0x03e75b33) divu    s6, a4, t5
core   0: 3 0x8000477a (0x03e75b33) x22 0x7fffffff
core   0: 0x8000477e (0x030d8d63) beq     s11, a6, pc + 58
core   0: 3 0x8000477e (0x030d8d63)
core   0: 0x80004782 (0x00dc1263) bne     s8, a3, pc + 4
core   0: 3 0x80004782 (0x00dc1263)
core   0: 0x80004786 (0x501c6013) ori     zero, s8, 1281
core   0: 3 0x80004786 (0x501c6013)
core   0: 0x8000478a (0x00c98b33) add     s6, s3, a2
core   0: 3 0x8000478a (0x00c98b33) x22 0x00000001
core   0: 0x8000478e (0x0000100f) fence.i
core   0: 3 0x8000478e (0x0000100f)
core   0: 0x80004792 (0x00008992) c.mv    s3, tp
core   0: 3 0x80004792 (0x8992) x19 0xffffffff
core   0: 0x80004794 (0x0ff0000f) fence   iorw,iorw
core   0: 3 0x80004794 (0x0ff0000f)
core   0: 0x80004798 (0x82040b13) addi    s6, s0, -2016
core   0: 3 0x80004798 (0x82040b13) x22 0xfffff81f
core   0: 0x8000479c (0x00008e35) c.xor   a2, a3
core   0: 3 0x8000479c (0x8e35) x12 0xffffffff
core   0: 0x8000479e (0x037dc4b3) div     s1, s11, s7
core   0: 3 0x8000479e (0x037dc4b3) x 9 0x00000000
core   0: 0x800047a2 (0x2e0baf93) slti    t6, s7, 736
core   0: 3 0x800047a2 (0x2e0baf93) x31 0x00000000
core   0: 0x800047a6 (0x191dec13) ori     s8, s11, 401
core   0: 3 0x800047a6 (0x191dec13) x24 0x00000191
core   0: 0x800047aa (0x0260f233) remu    tp, ra, t1
core   0: 3 0x800047aa (0x0260f233) x 4 0x00000000
core   0: 0x800047ae (0x00008296) c.mv    t0, t0
core   0: 3 0x800047ae (0x8296) x 5 0xffffffff
core   0: 0x800047b0 (0x02d25a63) bge     tp, a3, pc + 52
core   0: 3 0x800047b0 (0x02d25a63)
core   0: 0x800047e4 (0x038a4433) div     s0, s4, s8
core   0: 3 0x800047e4 (0x038a4433) x 8 0x00000000
core   0: 0x800047e8 (0x40885893) srai    a7, a6, 8
core   0: 3 0x800047e8 (0x40885893) x17 0xffffffff
core   0: 0x800047ec (0x00000001) c.nop
core   0: 3 0x800047ec (0x0001)
core   0: 0x800047ee (0x0000cd0d) c.beqz  a0, pc + 58
core   0: 3 0x800047ee (0xcd0d)
core   0: 0x800047f0 (0x02da9e33) mulh    t3, s5, a3
core   0: 3 0x800047f0 (0x02da9e33) x28 0x00000000
core   0: 0x800047f4 (0x00008e49) c.or    a2, a0
core   0: 3 0x800047f4 (0x8e49) x12 0xffffffff
core   0: 0x800047f6 (0x00008e79) c.and   a2, a4
core   0: 3 0x800047f6 (0x8e79) x12 0xffffffff
core   0: 0x800047f8 (0x4172d933) sra     s2, t0, s7
core   0: 3 0x800047f8 (0x4172d933) x18 0xffffffff
core   0: 0x800047fc (0x18c9a213) slti    tp, s3, 396
core   0: 3 0x800047fc (0x18c9a213) x 4 0x00000001
core   0: 0x80004800 (0x00fdeb33) or      s6, s11, a5
core   0: 3 0x80004800 (0x00fdeb33) x22 0x00000000
core   0: 0x80004804 (0x011cd5b3) srl     a1, s9, a7
core   0: 3 0x80004804 (0x011cd5b3) x11 0x00000000
core   0: 0x80004808 (0xe365b013) sltiu   zero, a1, -458
core   0: 3 0x80004808 (0xe365b013)
core   0: 0x8000480c (0x02e1efb3) rem     t6, gp, a4
core   0: 3 0x8000480c (0x02e1efb3) x31 0x00000000
core   0: 0x80004810 (0x0000ef05) c.bnez  a4, pc + 56
core   0: 3 0x80004810 (0xef05)
core   0: 0x80004848 (0x00004619) c.li    a2, 6
core   0: 3 0x80004848 (0x4619) x12 0x00000006
core   0: 0x8000484a (0x00009f4a) c.add   t5, s2
core   0: 3 0x8000484a (0x9f4a) x30 0x00000001
core   0: 0x8000484c (0x026c60b3) rem     ra, s8, t1
core   0: 3 0x8000484c (0x026c60b3) x 1 0x00000000
core   0: 0x80004850 (0x41185c13) srai    s8, a6, 17
core   0: 3 0x80004850 (0x41185c13) x24 0xffffffff
core   0: 0x80004854 (0x00008c8d) c.sub   s1, a1
core   0: 3 0x80004854 (0x8c8d) x 9 0x00000000
core   0: 0x80004856 (0x00000001) c.nop
core   0: 3 0x80004856 (0x0001)
core   0: 0x80004858 (0x00008661) c.srai  a2, 24
core   0: 3 0x80004858 (0x8661) x12 0x00000000
core   0: 0x8000485a (0x0101eab3) or      s5, gp, a6
core   0: 3 0x8000485a (0x0101eab3) x21 0xffffffff
core   0: 0x8000485e (0x01c54eb3) xor     t4, a0, t3
core   0: 3 0x8000485e (0x01c54eb3) x29 0xffffffff
core   0: 0x80004862 (0xbfa5c037) lui     zero, 0xbfa5c
core   0: 3 0x80004862 (0xbfa5c037)
core   0: 0x80004866 (0x03e22e33) mulhsu  t3, tp, t5
core   0: 3 0x80004866 (0x03e22e33) x28 0x00000000
core   0: 0x8000486a (0x007ab533) sltu    a0, s5, t2
core   0: 3 0x8000486a (0x007ab533) x10 0x00000000
core   0: 0x8000486e (0x00008e8e) c.mv    t4, gp
core   0: 3 0x8000486e (0x8e8e) x29 0x00000000
core   0: 0x80004870 (0x0234bab3) mulhu   s5, s1, gp
core   0: 3 0x80004870 (0x0234bab3) x21 0x00000000
core   0: 0x80004874 (0x02ef7eb3) remu    t4, t5, a4
core   0: 3 0x80004874 (0x02ef7eb3) x29 0x00000001
core   0: 0x80004878 (0x0383d333) divu    t1, t2, s8
core   0: 3 0x80004878 (0x0383d333) x 6 0x00000001
core   0: 0x8000487c (0x4dc5b417) auipc   s0, 0x4dc5b
core   0: 3 0x8000487c (0x4dc5b417) x 8 0xcdc5f87c
core   0: 0x80004880 (0x03b9edb3) rem     s11, s3, s11
core   0: 3 0x80004880 (0x03b9edb3) x27 0xffffffff
core   0: 0x80004884 (0x019ed213) srli    tp, t4, 25
core   0: 3 0x80004884 (0x019ed213) x 4 0x00000000
core   0: 0x80004888 (0x00008d41) c.or    a0, s0
core   0: 3 0x80004888 (0x8d41) x10 0xcdc5f87c
core   0: 0x8000488a (0x00009762) c.add   a4, s8
core   0: 3 0x8000488a (0x9762) x14 0xfffffffe
core   0: 0x8000488c (0x9eb20913) addi    s2, tp, -1557
core   0: 3 0x8000488c (0x9eb20913) x18 0xfffff9eb
core   0: 0x80004890 (0x0000100f) fence.i
core   0: 3 0x80004890 (0x0000100f)
core   0: 0x80004894 (0x00009f0a) c.add   t5, sp
core   0: 3 0x80004894 (0x9f0a) x30 0x80026ce5
core   0: 0x80004896 (0x568bb013) sltiu   zero, s7, 1384
core   0: 3 0x80004896 (0x568bb013)
core   0: 0x8000489a (0x03a21db3) mulh    s11, tp, s10
core   0: 3 0x8000489a (0x03a21db3) x27 0x00000000
core   0: 0x8000489e (0x41b1ddb3) sra     s11, gp, s11
core   0: 3 0x8000489e (0x41b1ddb3) x27 0x00000000
core   0: 0x800048a2 (0x95aa2293) slti    t0, s4, -1702
core   0: 3 0x800048a2 (0x95aa2293) x 5 0x00000000
core   0: 0x800048a6 (0x0ff0000f) fence   iorw,iorw
core   0: 3 0x800048a6 (0x0ff0000f)
core   0: 0x800048aa (0x01109c93) slli    s9, ra, 17
core   0: 3 0x800048aa (0x01109c93) x25 0x00000000
core   0: 0x800048ae (0x0000100f) fence.i
core   0: 3 0x800048ae (0x0000100f)
core   0: 0x800048b2 (0x00008c81) c.sub   s1, s0
core   0: 3 0x800048b2 (0x8c81) x 9 0x323a0784
core   0: 0x800048b4 (0x40fa51b3) sra     gp, s4, a5
core   0: 3 0x800048b4 (0x40fa51b3) x 3 0x00000002
core   0: 0x800048b8 (0x00008ee6) c.mv    t4, s9
core   0: 3 0x800048b8 (0x8ee6) x29 0x00000000
core   0: 0x800048ba (0x3458bf93) sltiu   t6, a7, 837
core   0: 3 0x800048ba (0x3458bf93) x31 0x00000000
core   0: 0x800048be (0x035d0363) beq     s10, s5, pc + 38
core   0: 3 0x800048be (0x035d0363)
core   0: 0x800048c2 (0x031d3f33) mulhu   t5, s10, a7
core   0: 3 0x800048c2 (0x031d3f33) x30 0x80022e63
core   0: 0x800048c6 (0x0000100f) fence.i
core   0: 3 0x800048c6 (0x0000100f)
core   0: 0x800048ca (0x000081a5) c.srli  a1, 9
core   0: 3 0x800048ca (0x81a5) x11 0x00000000
core   0: 0x800048cc (0x00a431b3) sltu    gp, s0, a0
core   0: 3 0x800048cc (0x00a431b3) x 3 0x00000000
core   0: 0x800048d0 (0x025b8c63) beq     s7, t0, pc + 56
core   0: 3 0x800048d0 (0x025b8c63)
core   0: 0x800048d4 (0x01115313) srli    t1, sp, 17
core   0: 3 0x800048d4 (0x01115313) x 6 0x00004001
core   0: 0x800048d8 (0x0237f833) remu    a6, a5, gp
core   0: 3 0x800048d8 (0x0237f833) x16 0x00000000
core   0: 0x800048dc (0xe8c82e93) slti    t4, a6, -372
core   0: 3 0x800048dc (0xe8c82e93) x29 0x00000000
core   0: 0x800048e0 (0x036cfbb3) remu    s7, s9, s6
core   0: 3 0x800048e0 (0x036cfbb3) x23 0x00000000
core   0: 0x800048e4 (0x00add263) bge     s11, a0, pc + 4
core   0: 3 0x800048e4 (0x00add263)
core   0: 0x800048e8 (0x00008ee5) c.and   a3, s1
core   0: 3 0x800048e8 (0x8ee5) x13 0x323a0784
core   0: 0x800048ea (0x00fe4733) xor     a4, t3, a5
core   0: 3 0x800048ea (0x00fe4733) x14 0x00000000
core   0: 0x800048ee (0x000009d1) c.addi  s3, 20
core   0: 3 0x800048ee (0x09d1) x19 0x00000013
core   0: 0x800048f0 (0x013e5a93) srli    s5, t3, 19
core   0: 3 0x800048f0 (0x013e5a93) x21 0x00000000
core   0: 0x800048f4 (0x726e0513) addi    a0, t3, 1830
core   0: 3 0x800048f4 (0x726e0513) x10 0x00000726
core   0: 0x800048f8 (0x41d659b3) sra     s3, a2, t4
core   0: 3 0x800048f8 (0x41d659b3) x19 0x00000000
core   0: 0x800048fc (0x40aa5e13) srai    t3, s4, 10
core   0: 3 0x800048fc (0x40aa5e13) x28 0x00000000
core   0: 0x80004900 (0x006dbcb3) sltu    s9, s11, t1
core   0: 3 0x80004900 (0x006dbcb3) x25 0x00000001
core   0: 0x80004904 (0x03c6a0b3) mulhsu  ra, a3, t3
core   0: 3 0x80004904 (0x03c6a0b3) x 1 0x00000000
core   0: 0x80004908 (0xa8e57f37) lui     t5, 0xa8e57
core   0: 3 0x80004908 (0xa8e57f37) x30 0xa8e57000
core   0: 0x8000490c (0x41318ab3) sub     s5, gp, s3
core   0: 3 0x8000490c (0x41318ab3) x21 0x00000000
core   0: 0x80004910 (0x00fc3533) sltu    a0, s8, a5
core   0: 3 0x80004910 (0x00fc3533) x10 0x00000000
core   0: 0x80004914 (0x00c7d193) srli    gp, a5, 12
core   0: 3 0x80004914 (0x00c7d193) x 3 0x00000000
core   0: 0x80004918 (0xc2184a93) xori    s5, a6, -991
core   0: 3 0x80004918 (0xc2184a93) x21 0xfffffc21
core   0: 0x8000491c (0x96d73293) sltiu   t0, a4, -1683
core   0: 3 0x8000491c (0x96d73293) x 5 0x00000001
core   0: 0x80004920 (0x0000ee01) c.bnez  a2, pc + 24
core   0: 3 0x80004920 (0xee01)
core   0: 0x80004922 (0x01aa5813) srli    a6, s4, 26
core   0: 3 0x80004922 (0x01aa5813) x16 0x00000000
core   0: 0x80004926 (0x0385ba33) mulhu   s4, a1, s8
core   0: 3 0x80004926 (0x0385ba33) x20 0x00000000
core   0: 0x8000492a (0xd8978413) addi    s0, a5, -631
core   0: 3 0x8000492a (0xd8978413) x 8 0xfffffd89
core   0: 0x8000492e (0x00008109) c.srli  a0, 2
core   0: 3 0x8000492e (0x8109) x10 0x00000000
core   0: 0x80004930 (0x02ef2c33) mulhsu  s8, t5, a4
core   0: 3 0x80004930 (0x02ef2c33) x24 0x00000000
core   0: 0x80004934 (0x134dc313) xori    t1, s11, 308
core   0: 3 0x80004934 (0x134dc313) x 6 0x00000134
core   0: 0x80004938 (0x0000127d) c.addi  tp, -1
core   0: 3 0x80004938 (0x127d) x 4 0xffffffff
core   0: 0x8000493a (0x419b8eb3) sub     t4, s7, s9
core   0: 3 0x8000493a (0x419b8eb3) x29 0xffffffff
core   0: 0x8000493e (0x75cd6a97) auipc   s5, 0x75cd6
core   0: 3 0x8000493e (0x75cd6a97) x21 0xf5cda93e
core   0: 0x80004942 (0x0111e733) or      a4, gp, a7
core   0: 3 0x80004942 (0x0111e733) x14 0xffffffff
core   0: 0x80004946 (0x00009c66) c.add   s8, s9
core   0: 3 0x80004946 (0x9c66) x24 0x00000001
core   0: 0x80004948 (0x00008235) c.srli  a2, 13
core   0: 3 0x80004948 (0x8235) x12 0x00000000
core   0: 0x8000494a (0x008b3fb3) sltu    t6, s6, s0
core   0: 3 0x8000494a (0x008b3fb3) x31 0x00000001
core   0: 0x8000494e (0x00004089) c.li    ra, 2
core   0: 3 0x8000494e (0x4089) x 1 0x00000002
core   0: 0x80004950 (0xbbf4b993) sltiu   s3, s1, -1089
core   0: 3 0x80004950 (0xbbf4b993) x19 0x00000001
core   0: 0x80004954 (0x5757bb93) sltiu   s7, a5, 1397
core   0: 3 0x80004954 (0x5757bb93) x23 0x00000001
core   0: 0x80004958 (0x012fdf33) srl     t5, t6, s2
core   0: 3 0x80004958 (0x012fdf33) x30 0x00000000
core   0: 0x8000495c (0x00eb5863) bge     s6, a4, pc + 16
core   0: 3 0x8000495c (0x00eb5863)
core   0: 0x8000496c (0x0185ac33) slt     s8, a1, s8
core   0: 3 0x8000496c (0x0185ac33) x24 0x00000001
core   0: 0x80004970 (0x00277033) and     zero, a4, sp
core   0: 3 0x80004970 (0x00277033)
core   0: 0x80004974 (0x00000001) c.nop
core   0: 3 0x80004974 (0x0001)
core   0: 0x80004976 (0x000c03b3) add     t2, s8, zero
core   0: 3 0x80004976 (0x000c03b3) x 7 0x00000001
core   0: 0x8000497a (0x0000997d) c.andi  a0, -1
core   0: 3 0x8000497a (0x997d) x10 0x00000000
core   0: 0x8000497c (0xb368bc93) sltiu   s9, a7, -1226
core   0: 3 0x8000497c (0xb368bc93) x25 0x00000000
core   0: 0x80004980 (0x0bc49063) bne     s1, t3, pc + 160
core   0: 3 0x80004980 (0x0bc49063)
core   0: 0x80004a20 (0x0057a6b3) slt     a3, a5, t0
core   0: 3 0x80004a20 (0x0057a6b3) x13 0x00000001
core   0: 0x80004a24 (0x00008ea1) c.xor   a3, s0
core   0: 3 0x80004a24 (0x8ea1) x13 0xfffffd88
core   0: 0x80004a26 (0x01886a63) bltu    a6, s8, pc + 20
core   0: 3 0x80004a26 (0x01886a63)
core   0: 0x80004a3a (0x412700b3) sub     ra, a4, s2
core   0: 3 0x80004a3a (0x412700b3) x 1 0x00000614
core   0: 0x80004a3e (0x50f40317) auipc   t1, 0x50f40
core   0: 3 0x80004a3e (0x50f40317) x 6 0xd0f44a3e
core   0: 0x80004a42 (0x03304bb3) div     s7, zero, s3
core   0: 3 0x80004a42 (0x03304bb3) x23 0x00000000
core   0: 0x80004a46 (0x4057d213) srai    tp, a5, 5
core   0: 3 0x80004a46 (0x4057d213) x 4 0x00000000
core   0: 0x80004a4a (0x41f45fb3) sra     t6, s0, t6
core   0: 3 0x80004a4a (0x41f45fb3) x31 0xfffffec4
core   0: 0x80004a4e (0x00b79993) slli    s3, a5, 11
core   0: 3 0x80004a4e (0x00b79993) x19 0x00000000
core   0: 0x80004a52 (0x0000024a) c.slli  tp, 18
core   0: 3 0x80004a52 (0x024a) x 4 0x00000000
core   0: 0x80004a54 (0x0177d8b3) srl     a7, a5, s7
core   0: 3 0x80004a54 (0x0177d8b3) x17 0x00000000
core   0: 0x80004a58 (0x028a0963) beq     s4, s0, pc + 50
core   0: 3 0x80004a58 (0x028a0963)
core   0: 0x80004a5c (0x02c0f563) bgeu    ra, a2, pc + 42
core   0: 3 0x80004a5c (0x02c0f563)
core   0: 0x80004a86 (0x00008331) c.srli  a4, 12
core   0: 3 0x80004a86 (0x8331) x14 0x000fffff
core   0: 0x80004a88 (0x000082d1) c.srli  a3, 20
core   0: 3 0x80004a88 (0x82d1) x13 0x00000fff
core   0: 0x80004a8a (0x00008599) c.srai  a1, 6
core   0: 3 0x80004a8a (0x8599) x11 0x00000000
core   0: 0x80004a8c (0x009e83b3) add     t2, t4, s1
core   0: 3 0x80004a8c (0x009e83b3) x 7 0x323a0783
core   0: 0x80004a90 (0x00008f19) c.sub   a4, a4
core   0: 3 0x80004a90 (0x8f19) x14 0x00000000
core   0: 0x80004a92 (0x027e9233) mulh    tp, t4, t2
core   0: 3 0x80004a92 (0x027e9233) x 4 0xffffffff
core   0: 0x80004a96 (0x20f1ec17) auipc   s8, 0x20f1e
core   0: 3 0x80004a96 (0x20f1ec17) x24 0xa0f22a96
core   0: 0x80004a9a (0x00008051) c.srli  s0, 20
core   0: 3 0x80004a9a (0x8051) x 8 0x00000fff
core   0: 0x80004a9c (0x01a034b3) snez    s1, s10
core   0: 3 0x80004a9c (0x01a034b3) x 9 0x00000001
core   0: 0x80004aa0 (0xc7030f13) addi    t5, t1, -912
core   0: 3 0x80004aa0 (0xc7030f13) x30 0xd0f446ae
core   0: 0x80004aa4 (0x409d52b3) sra     t0, s10, s1
core   0: 3 0x80004aa4 (0x409d52b3) x 5 0xc0011732
core   0: 0x80004aa8 (0x02e8f9b3) remu    s3, a7, a4
core   0: 3 0x80004aa8 (0x02e8f9b3) x19 0x00000000
core   0: 0x80004aac (0x01bfd963) bge     t6, s11, pc + 18
core   0: 3 0x80004aac (0x01bfd963)
core   0: 0x80004ab0 (0x00008c65) c.and   s0, s1
core   0: 3 0x80004ab0 (0x8c65) x 8 0x00000001
core   0: 0x80004ab2 (0x02b9c233) div     tp, s3, a1
core   0: 3 0x80004ab2 (0x02b9c233) x 4 0xffffffff
core   0: 0x80004ab6 (0x41d65fb3) sra     t6, a2, t4
core   0: 3 0x80004ab6 (0x41d65fb3) x31 0x00000000
core   0: 0x80004aba (0x02331933) mulh    s2, t1, gp
core   0: 3 0x80004aba (0x02331933) x18 0x00000000
core   0: 0x80004abe (0x0000100f) fence.i
core   0: 3 0x80004abe (0x0000100f)
core   0: 0x80004ac2 (0x01015e63) bge     sp, a6, pc + 28
core   0: 3 0x80004ac2 (0x01015e63)
core   0: 0x80004ac6 (0x039a66b3) rem     a3, s4, s9
core   0: 3 0x80004ac6 (0x039a66b3) x13 0x00000000
core   0: 0x80004aca (0x038ed8b3) divu    a7, t4, s8
core   0: 3 0x80004aca (0x038ed8b3) x17 0x00000001
core   0: 0x80004ace (0x03b918b3) mulh    a7, s2, s11
core   0: 3 0x80004ace (0x03b918b3) x17 0x00000000
core   0: 0x80004ad2 (0x01195a93) srli    s5, s2, 17
core   0: 3 0x80004ad2 (0x01195a93) x21 0x00000000
core   0: 0x80004ad6 (0x02adfd63) bgeu    s11, a0, pc + 58
core   0: 3 0x80004ad6 (0x02adfd63)
core   0: 0x80004b10 (0x0000018d) c.addi  gp, 3
core   0: 3 0x80004b10 (0x018d) x 3 0x00000003
core   0: 0x80004b12 (0x02ba2db3) mulhsu  s11, s4, a1
core   0: 3 0x80004b12 (0x02ba2db3) x27 0x00000000
core   0: 0x80004b16 (0x00008ec1) c.or    a3, s0
core   0: 3 0x80004b16 (0x8ec1) x13 0x00000001
core   0: 0x80004b18 (0x00008c6d) c.and   s0, a1
core   0: 3 0x80004b18 (0x8c6d) x 8 0x00000000
core   0: 0x80004b1a (0x00001efd) c.addi  t4, -1
core   0: 3 0x80004b1a (0x1efd) x29 0xfffffffe
core   0: 0x80004b1c (0x01370bb3) add     s7, a4, s3
core   0: 3 0x80004b1c (0x01370bb3) x23 0x00000000
core   0: 0x80004b20 (0x01763833) sltu    a6, a2, s7
core   0: 3 0x80004b20 (0x01763833) x16 0x00000000
core   0: 0x80004b24 (0x000064c9) c.lui   s1, 0x12
core   0: 3 0x80004b24 (0x64c9) x 9 0x00012000
core   0: 0x80004b26 (0x00006275) c.lui   tp, 0x1d
core   0: 3 0x80004b26 (0x6275) x 4 0x0001d000
core   0: 0x80004b28 (0x00914763) blt     sp, s1, pc + 14
core   0: 3 0x80004b28 (0x00914763)
core   0: 0x80004b36 (0x032801b3) mul     gp, a6, s2
core   0: 3 0x80004b36 (0x032801b3) x 3 0x00000000
core   0: 0x80004b3a (0x00739613) slli    a2, t2, 7
core   0: 3 0x80004b3a (0x00739613) x12 0x1d03c180
core   0: 0x80004b3e (0x03549533) mulh    a0, s1, s5
core   0: 3 0x80004b3e (0x03549533) x10 0x00000000
core   0: 0x80004b42 (0x00000849) c.addi  a6, 18
core   0: 3 0x80004b42 (0x0849) x16 0x00000012
core   0: 0x80004b44 (0x000080b5) c.srli  s1, 13
core   0: 3 0x80004b44 (0x80b5) x 9 0x00000009
core   0: 0x80004b46 (0x000001c1) c.addi  gp, 16
core   0: 3 0x80004b46 (0x01c1) x 3 0x00000010
core   0: 0x80004b48 (0x40760ab3) sub     s5, a2, t2
core   0: 3 0x80004b48 (0x40760ab3) x21 0xeac9b9fd
core   0: 0x80004b4c (0x00008d81) c.sub   a1, s0
core   0: 3 0x80004b4c (0x8d81) x11 0x00000000
core   0: 0x80004b4e (0x0202b933) mulhu   s2, t0, zero
core   0: 3 0x80004b4e (0x0202b933) x18 0x00000000
core   0: 0x80004b52 (0x2ede2f37) lui     t5, 0x2ede2
core   0: 3 0x80004b52 (0x2ede2f37) x30 0x2ede2000
core   0: 0x80004b56 (0x00008c69) c.and   s0, a0
core   0: 3 0x80004b56 (0x8c69) x 8 0x00000000
core   0: 0x80004b58 (0x02b23533) mulhu   a0, tp, a1
core   0: 3 0x80004b58 (0x02b23533) x10 0x00000000
core   0: 0x80004b5c (0x001e1733) sll     a4, t3, ra
core   0: 3 0x80004b5c (0x001e1733) x14 0x00000000
core   0: 0x80004b60 (0x02dd5733) divu    a4, s10, a3
core   0: 3 0x80004b60 (0x02dd5733) x14 0x80022e64
core   0: 0x80004b64 (0x00269613) slli    a2, a3, 2
core   0: 3 0x80004b64 (0x00269613) x12 0x00000004
core   0: 0x80004b68 (0x036aaf33) mulhsu  t5, s5, s6
core   0: 3 0x80004b68 (0x036aaf33) x30 0x00000000
core   0: 0x80004b6c (0x0123cc63) blt     t2, s2, pc + 24
core   0: 3 0x80004b6c (0x0123cc63)
core   0: 0x80004b70 (0x41185933) sra     s2, a6, a7
core   0: 3 0x80004b70 (0x41185933) x18 0x00000012
core   0: 0x80004b74 (0x0000100f) fence.i
core   0: 3 0x80004b74 (0x0000100f)
core   0: 0x80004b78 (0x01347b63) bgeu    s0, s3, pc + 22
core   0: 3 0x80004b78 (0x01347b63)
core   0: 0x80004b8e (0x020bb3b3) mulhu   t2, s7, zero
core   0: 3 0x80004b8e (0x020bb3b3) x 7 0x00000000
core   0: 0x80004b92 (0x0000e589) c.bnez  a1, pc + 10
core   0: 3 0x80004b92 (0xe589)
core   0: 0x80004b94 (0x03a84233) div     tp, a6, s10
core   0: 3 0x80004b94 (0x03a84233) x 4 0x00000000
core   0: 0x80004b98 (0x41d45013) srai    zero, s0, 29
core   0: 3 0x80004b98 (0x41d45013)
core   0: 0x80004b9c (0x008b4f33) xor     t5, s6, s0
core   0: 3 0x80004b9c (0x008b4f33) x30 0x00000000
core   0: 0x80004ba0 (0xc23a0e37) lui     t3, 0xc23a0
core   0: 3 0x80004ba0 (0xc23a0e37) x28 0xc23a0000
core   0: 0x80004ba4 (0x210cc717) auipc   a4, 0x210cc
core   0: 3 0x80004ba4 (0x210cc717) x14 0xa10d0ba4
core   0: 0x80004ba8 (0x00008ee5) c.and   a3, s1
core   0: 3 0x80004ba8 (0x8ee5) x13 0x00000001
core   0: 0x80004baa (0x01d63e33) sltu    t3, a2, t4
core   0: 3 0x80004baa (0x01d63e33) x28 0x00000001
core   0: 0x80004bae (0x00000001) c.nop
core   0: 3 0x80004bae (0x0001)
core   0: 0x80004bb0 (0x4150d2b3) sra     t0, ra, s5
core   0: 3 0x80004bb0 (0x4150d2b3) x 5 0x00000000
core   0: 0x80004bb4 (0x03f6f733) remu    a4, a3, t6
core   0: 3 0x80004bb4 (0x03f6f733) x14 0x00000001
core   0: 0x80004bb8 (0x02bbb4b3) mulhu   s1, s7, a1
core   0: 3 0x80004bb8 (0x02bbb4b3) x 9 0x00000000
core   0: 0x80004bbc (0x02b24433) div     s0, tp, a1
core   0: 3 0x80004bbc (0x02b24433) x 8 0xffffffff
core   0: 0x80004bc0 (0x03133f33) mulhu   t5, t1, a7
core   0: 3 0x80004bc0 (0x03133f33) x30 0x00000000
core   0: 0x80004bc4 (0x0ff0000f) fence   iorw,iorw
core   0: 3 0x80004bc4 (0x0ff0000f)
core   0: 0x80004bc8 (0x00000001) c.nop
core   0: 3 0x80004bc8 (0x0001)
core   0: 0x80004bca (0x70948813) addi    a6, s1, 1801
core   0: 3 0x80004bca (0x70948813) x16 0x00000709
core   0: 0x80004bce (0x00095863) bgez    s2, pc + 16
core   0: 3 0x80004bce (0x00095863)
core   0: 0x80004bde (0x02b621b3) mulhsu  gp, a2, a1
core   0: 3 0x80004bde (0x02b621b3) x 3 0x00000000
core   0: 0x80004be2 (0x411f5433) sra     s0, t5, a7
core   0: 3 0x80004be2 (0x411f5433) x 8 0x00000000
core   0: 0x80004be6 (0x0000157d) c.addi  a0, -1
core   0: 3 0x80004be6 (0x157d) x10 0xffffffff
core   0: 0x80004be8 (0xb6e13e37) lui     t3, 0xb6e13
core   0: 3 0x80004be8 (0xb6e13e37) x28 0xb6e13000
core   0: 0x80004bec (0x00008de9) c.and   a1, a0
core   0: 3 0x80004bec (0x8de9) x11 0x00000000
core   0: 0x80004bee (0x03fc78b3) remu    a7, s8, t6
core   0: 3 0x80004bee (0x03fc78b3) x17 0xa0f22a96
core   0: 0x80004bf2 (0x0129a5b3) slt     a1, s3, s2
core   0: 3 0x80004bf2 (0x0129a5b3) x11 0x00000001
core   0: 0x80004bf6 (0x01aa9293) slli    t0, s5, 26
core   0: 3 0x80004bf6 (0x01aa9293) x 5 0xf4000000
core   0: 0x80004bfa (0x00008512) c.mv    a0, tp
core   0: 3 0x80004bfa (0x8512) x10 0x00000000
core   0: 0x80004bfc (0x40fb5ab3) sra     s5, s6, a5
core   0: 3 0x80004bfc (0x40fb5ab3) x21 0x00000000
core   0: 0x80004c00 (0x000089f9) c.andi  a1, 30
core   0: 3 0x80004c00 (0x89f9) x11 0x00000000
core   0: 0x80004c02 (0x4566a993) slti    s3, a3, 1110
core   0: 3 0x80004c02 (0x4566a993) x19 0x00000001
core   0: 0x80004c06 (0x03c23033) mulhu   zero, tp, t3
core   0: 3 0x80004c06 (0x03c23033)
core   0: 0x80004c0a (0x41845fb3) sra     t6, s0, s8
core   0: 3 0x80004c0a (0x41845fb3) x31 0x00000000
core   0: 0x80004c0e (0xd6f868b7) lui     a7, 0xd6f86
core   0: 3 0x80004c0e (0xd6f868b7) x17 0xd6f86000
core   0: 0x80004c12 (0x00008cc9) c.or    s1, a0
core   0: 3 0x80004c12 (0x8cc9) x 9 0x00000000
core   0: 0x80004c14 (0x45860f93) addi    t6, a2, 1112
core   0: 3 0x80004c14 (0x45860f93) x31 0x0000045c
core   0: 0x80004c18 (0x00008e6d) c.and   a2, a1
core   0: 3 0x80004c18 (0x8e6d) x12 0x00000000
core   0: 0x80004c1a (0x00008c8d) c.sub   s1, a1
core   0: 3 0x80004c1a (0x8c8d) x 9 0x00000000
core   0: 0x80004c1c (0x416b5193) srai    gp, s6, 22
core   0: 3 0x80004c1c (0x416b5193) x 3 0x00000000
core   0: 0x80004c20 (0x01f4f3b3) and     t2, s1, t6
core   0: 3 0x80004c20 (0x01f4f3b3) x 7 0x00000000
core   0: 0x80004c24 (0xede5f213) andi    tp, a1, -290
core   0: 3 0x80004c24 (0xede5f213) x 4 0x00000000
core   0: 0x80004c28 (0x00000f0d) c.addi  t5, 3
core   0: 3 0x80004c28 (0x0f0d) x30 0x00000003
core   0: 0x80004c2a (0x00006709) c.lui   a4, 0x2
core   0: 3 0x80004c2a (0x6709) x14 0x00002000
core   0: 0x80004c2c (0x00008c85) c.sub   s1, s1
core   0: 3 0x80004c2c (0x8c85) x 9 0x00000000
core   0: 0x80004c2e (0x0ff0000f) fence   iorw,iorw
core   0: 3 0x80004c2e (0x0ff0000f)
core   0: 0x80004c32 (0x016b1393) slli    t2, s6, 22
core   0: 3 0x80004c32 (0x016b1393) x 7 0x00000000
core   0: 0x80004c36 (0x000080bd) c.srli  s1, 15
core   0: 3 0x80004c36 (0x80bd) x 9 0x00000000
core   0: 0x80004c38 (0x00001f7d) c.addi  t5, -1
core   0: 3 0x80004c38 (0x1f7d) x30 0x00000002
core   0: 0x80004c3a (0x001f6db3) or      s11, t5, ra
core   0: 3 0x80004c3a (0x001f6db3) x27 0x00000616
core   0: 0x80004c3e (0x00d1d393) srli    t2, gp, 13
core   0: 3 0x80004c3e (0x00d1d393) x 7 0x00000000
core   0: 0x80004c42 (0x00000001) c.nop
core   0: 3 0x80004c42 (0x0001)
core   0: 0x80004c44 (0x801e1037) lui     zero, 0x801e1
core   0: 3 0x80004c44 (0x801e1037)
core   0: 0x80004c48 (0xdf9ba713) slti    a4, s7, -519
core   0: 3 0x80004c48 (0xdf9ba713) x14 0x00000000
core   0: 0x80004c4c (0x02ca4fb3) div     t6, s4, a2
core   0: 3 0x80004c4c (0x02ca4fb3) x31 0xffffffff
core   0: 0x80004c50 (0x01d9a3b3) slt     t2, s3, t4
core   0: 3 0x80004c50 (0x01d9a3b3) x 7 0x00000000
core   0: 0x80004c54 (0x000001ee) c.slli  gp, 27
core   0: 3 0x80004c54 (0x01ee) x 3 0x00000000
core   0: 0x80004c56 (0x03d06463) bltu    zero, t4, pc + 40
core   0: 3 0x80004c56 (0x03d06463)
core   0: 0x80004c7e (0x00d549b3) xor     s3, a0, a3
core   0: 3 0x80004c7e (0x00d549b3) x19 0x00000001
core   0: 0x80004c82 (0x000056fd) c.li    a3, -1
core   0: 3 0x80004c82 (0x56fd) x13 0xffffffff
core   0: 0x80004c84 (0x00009c66) c.add   s8, s9
core   0: 3 0x80004c84 (0x9c66) x24 0xa0f22a96
core   0: 0x80004c86 (0x0011a9b3) slt     s3, gp, ra
core   0: 3 0x80004c86 (0x0011a9b3) x19 0x00000001
core   0: 0x80004c8a (0x007afe63) bgeu    s5, t2, pc + 28
core   0: 3 0x80004c8a (0x007afe63)
core   0: 0x80004ca6 (0x003bc733) xor     a4, s7, gp
core   0: 3 0x80004ca6 (0x003bc733) x14 0x00000000
core   0: 0x80004caa (0x97a2f293) andi    t0, t0, -1670
core   0: 3 0x80004caa (0x97a2f293) x 5 0xf4000000
core   0: 0x80004cae (0x00008d65) c.and   a0, s1
core   0: 3 0x80004cae (0x8d65) x10 0x00000000
core   0: 0x80004cb0 (0x0ff0000f) fence   iorw,iorw
core   0: 3 0x80004cb0 (0x0ff0000f)
core   0: 0x80004cb4 (0x407b8bb3) sub     s7, s7, t2
core   0: 3 0x80004cb4 (0x407b8bb3) x23 0x00000000
core   0: 0x80004cb8 (0x03a74c63) blt     a4, s10, pc + 56
core   0: 3 0x80004cb8 (0x03a74c63)
core   0: 0x80004cbc (0x0000e411) c.bnez  s0, pc + 12
core   0: 3 0x80004cbc (0xe411)
core   0: 0x80004cbe (0x00025a13) srli    s4, tp, 0
core   0: 3 0x80004cbe (0x00025a13) x20 0x00000000
core   0: 0x80004cc2 (0x000056fd) c.li    a3, -1
core   0: 3 0x80004cc2 (0x56fd) x13 0xffffffff
core   0: 0x80004cc4 (0x00008611) c.srai  a2, 4
core   0: 3 0x80004cc4 (0x8611) x12 0x00000000
core   0: 0x80004cc6 (0x0000157d) c.addi  a0, -1
core   0: 3 0x80004cc6 (0x157d) x10 0xffffffff
core   0: 0x80004cc8 (0x0b5b9297) auipc   t0, 0xb5b9
core   0: 3 0x80004cc8 (0x0b5b9297) x 5 0x8b5bdcc8
core   0: 0x80004ccc (0x5274fa93) andi    s5, s1, 1319
core   0: 3 0x80004ccc (0x5274fa93) x21 0x00000000
core   0: 0x80004cd0 (0x01123093) sltiu   ra, tp, 17
core   0: 3 0x80004cd0 (0x01123093) x 1 0x00000001
core   0: 0x80004cd4 (0x030373b3) remu    t2, t1, a6
core   0: 3 0x80004cd4 (0x030373b3) x 7 0x00000325
core   0: 0x80004cd8 (0x037d7bb3) remu    s7, s10, s7
core   0: 3 0x80004cd8 (0x037d7bb3) x23 0x80022e64
core   0: 0x80004cdc (0x0000100f) fence.i
core   0: 3 0x80004cdc (0x0000100f)
core   0: 0x80004ce0 (0xbb6fdcb7) lui     s9, 0xbb6fd
core   0: 3 0x80004ce0 (0xbb6fdcb7) x25 0xbb6fd000
core   0: 0x80004ce4 (0x4035d693) srai    a3, a1, 3
core   0: 3 0x80004ce4 (0x4035d693) x13 0x00000000
core   0: 0x80004ce8 (0x00008f75) c.and   a4, a3
core   0: 3 0x80004ce8 (0x8f75) x14 0x00000000
core   0: 0x80004cea (0x0000e405) c.bnez  s0, pc + 40
core   0: 3 0x80004cea (0xe405)
core   0: 0x80004cec (0x03f772b3) remu    t0, a4, t6
core   0: 3 0x80004cec (0x03f772b3) x 5 0x00000000
core   0: 0x80004cf0 (0x0000100f) fence.i
core   0: 3 0x80004cf0 (0x0000100f)
core   0: 0x80004cf4 (0x022b9763) bne     s7, sp, pc + 46
core   0: 3 0x80004cf4 (0x022b9763)
core   0: 0x80004d22 (0x00627833) and     a6, tp, t1
core   0: 3 0x80004d22 (0x00627833) x16 0x00000000
core   0: 0x80004d26 (0x00008df5) c.and   a1, a3
core   0: 3 0x80004d26 (0x8df5) x11 0x00000000
core   0: 0x80004d28 (0x000085d6) c.mv    a1, s5
core   0: 3 0x80004d28 (0x85d6) x11 0x00000000
core   0: 0x80004d2a (0x02dc1833) mulh    a6, s8, a3
core   0: 3 0x80004d2a (0x02dc1833) x16 0x00000000
core   0: 0x80004d2e (0x08e81663) bne     a6, a4, pc + 140
core   0: 3 0x80004d2e (0x08e81663)
core   0: 0x80004d32 (0x02e4f833) remu    a6, s1, a4
core   0: 3 0x80004d32 (0x02e4f833) x16 0x00000000
core   0: 0x80004d36 (0x796bcf13) xori    t5, s7, 1942
core   0: 3 0x80004d36 (0x796bcf13) x30 0x800229f2
core   0: 0x80004d3a (0x0cb9fa63) bgeu    s3, a1, pc + 212
core   0: 3 0x80004d3a (0x0cb9fa63)
core   0: 0x80004e0e (0x025b9933) mulh    s2, s7, t0
core   0: 3 0x80004e0e (0x025b9933) x18 0x00000000
core   0: 0x80004e12 (0x03fafa33) remu    s4, s5, t6
core   0: 3 0x80004e12 (0x03fafa33) x20 0x00000000
core   0: 0x80004e16 (0x00000001) c.nop
core   0: 3 0x80004e16 (0x0001)
core   0: 0x80004e18 (0x00008849) c.andi  s0, 18
core   0: 3 0x80004e18 (0x8849) x 8 0x00000000
core   0: 0x80004e1a (0x41895db3) sra     s11, s2, s8
core   0: 3 0x80004e1a (0x41895db3) x27 0x00000000
core   0: 0x80004e1e (0x000006f6) c.slli  a3, 29
core   0: 3 0x80004e1e (0x06f6) x13 0x00000000
core   0: 0x80004e20 (0x00008f7d) c.and   a4, a5
core   0: 3 0x80004e20 (0x8f7d) x14 0x00000000
core   0: 0x80004e22 (0x01ee3fb3) sltu    t6, t3, t5
core   0: 3 0x80004e22 (0x01ee3fb3) x31 0x00000000
core   0: 0x80004e26 (0x000082ed) c.srli  a3, 27
core   0: 3 0x80004e26 (0x82ed) x13 0x00000000
core   0: 0x80004e28 (0x900f8c93) addi    s9, t6, -1792
core   0: 3 0x80004e28 (0x900f8c93) x25 0xfffff900
core   0: 0x80004e2c (0x41f6de93) srai    t4, a3, 31
core   0: 3 0x80004e2c (0x41f6de93) x29 0x00000000
core   0: 0x80004e30 (0x019e80b3) add     ra, t4, s9
core   0: 3 0x80004e30 (0x019e80b3) x 1 0xfffff900
core   0: 0x80004e34 (0x00000001) c.nop
core   0: 3 0x80004e34 (0x0001)
core   0: 0x80004e36 (0xcfc83c93) sltiu   s9, a6, -772
core   0: 3 0x80004e36 (0xcfc83c93) x25 0x00000001
core   0: 0x80004e3a (0x000006ba) c.slli  a3, 14
core   0: 3 0x80004e3a (0x06ba) x13 0x00000000
core   0: 0x80004e3c (0x0000e991) c.bnez  a1, pc + 20
core   0: 3 0x80004e3c (0xe991)
core   0: 0x80004e3e (0x010cd313) srli    t1, s9, 16
core   0: 3 0x80004e3e (0x010cd313) x 6 0x00000000
core   0: 0x80004e42 (0x021d30b3) mulhu   ra, s10, ra
core   0: 3 0x80004e42 (0x021d30b3) x 1 0x80022ae3
core   0: 0x80004e46 (0x01fd4763) blt     s10, t6, pc + 14
core   0: 3 0x80004e46 (0x01fd4763)
core   0: 0x80004e54 (0x02c7a533) mulhsu  a0, a5, a2
core   0: 3 0x80004e54 (0x02c7a533) x10 0x00000000
core   0: 0x80004e58 (0x007066b3) or      a3, zero, t2
core   0: 3 0x80004e58 (0x007066b3) x13 0x00000325
core   0: 0x80004e5c (0x00a95a33) srl     s4, s2, a0
core   0: 3 0x80004e5c (0x00a95a33) x20 0x00000000
core   0: 0x80004e60 (0x40015293) srai    t0, sp, 0
core   0: 3 0x80004e60 (0x40015293) x 5 0x80026ce4
core   0: 0x80004e64 (0x0000100f) fence.i
core   0: 3 0x80004e64 (0x0000100f)
core   0: 0x80004e68 (0x00c80fb3) add     t6, a6, a2
core   0: 3 0x80004e68 (0x00c80fb3) x31 0x00000000
core   0: 0x80004e6c (0xc8410193) addi    gp, sp, -892
core   0: 3 0x80004e6c (0xc8410193) x 3 0x80026968
core   0: 0x80004e70 (0x033a9933) mulh    s2, s5, s3
core   0: 3 0x80004e70 (0x033a9933) x18 0x00000000
core   0: 0x80004e74 (0x03d25333) divu    t1, tp, t4
core   0: 3 0x80004e74 (0x03d25333) x 6 0xffffffff
core   0: 0x80004e78 (0x0345a333) mulhsu  t1, a1, s4
core   0: 3 0x80004e78 (0x0345a333) x 6 0x00000000
core   0: 0x80004e7c (0x6f0a2237) lui     tp, 0x6f0a2
core   0: 3 0x80004e7c (0x6f0a2237) x 4 0x6f0a2000
core   0: 0x80004e80 (0x00008c61) c.and   s0, s0
core   0: 3 0x80004e80 (0x8c61) x 8 0x00000000
core   0: 0x80004e82 (0x00000576) c.slli  a0, 29
core   0: 3 0x80004e82 (0x0576) x10 0x00000000
core   0: 0x80004e84 (0x00004c15) c.li    s8, 5
core   0: 3 0x80004e84 (0x4c15) x24 0x00000005
core   0: 0x80004e86 (0x1fc08613) addi    a2, ra, 508
core   0: 3 0x80004e86 (0x1fc08613) x12 0x80022cdf
core   0: 0x80004e8a (0x0000100f) fence.i
core   0: 3 0x80004e8a (0x0000100f)
core   0: 0x80004e8e (0x02684633) div     a2, a6, t1
core   0: 3 0x80004e8e (0x02684633) x12 0xffffffff
core   0: 0x80004e92 (0x0182d293) srli    t0, t0, 24
core   0: 3 0x80004e92 (0x0182d293) x 5 0x00000080
core   0: 0x80004e96 (0x00008b0e) c.mv    s6, gp
core   0: 3 0x80004e96 (0x8b0e) x22 0x80026968
core   0: 0x80004e98 (0x03421fb3) mulh    t6, tp, s4
core   0: 3 0x80004e98 (0x03421fb3) x31 0x00000000
core   0: 0x80004e9c (0x3d515637) lui     a2, 0x3d515
core   0: 3 0x80004e9c (0x3d515637) x12 0x3d515000
core   0: 0x80004ea0 (0x02637b33) remu    s6, t1, t1
core   0: 3 0x80004ea0 (0x02637b33) x22 0x00000000
core   0: 0x80004ea4 (0x02c56233) rem     tp, a0, a2
core   0: 3 0x80004ea4 (0x02c56233) x 4 0x00000000
core   0: 0x80004ea8 (0x00009f7a) c.add   t5, t5
core   0: 3 0x80004ea8 (0x9f7a) x30 0x000453e4
core   0: 0x80004eaa (0x000085bd) c.srai  a1, 15
core   0: 3 0x80004eaa (0x85bd) x11 0x00000000
core   0: 0x80004eac (0x00000e46) c.slli  t3, 17
core   0: 3 0x80004eac (0x0e46) x28 0x60000000
core   0: 0x80004eae (0x0345ee33) rem     t3, a1, s4
core   0: 3 0x80004eae (0x0345ee33) x28 0x00000000
core   0: 0x80004eb2 (0x02eaa2b3) mulhsu  t0, s5, a4
core   0: 3 0x80004eb2 (0x02eaa2b3) x 5 0x00000000
core   0: 0x80004eb6 (0x009d5ab3) srl     s5, s10, s1
core   0: 3 0x80004eb6 (0x009d5ab3) x21 0x80022e64
core   0: 0x80004eba (0x02d635b3) mulhu   a1, a2, a3
core   0: 3 0x80004eba (0x02d635b3) x11 0x000000c0
core   0: 0x80004ebe (0x01701863) bne     zero, s7, pc + 16
core   0: 3 0x80004ebe (0x01701863)
core   0: 0x80004ece (0x00000001) c.nop
core   0: 3 0x80004ece (0x0001)
core   0: 0x80004ed0 (0x00008cb5) c.xor   s1, a3
core   0: 3 0x80004ed0 (0x8cb5) x 9 0x00000325
core   0: 0x80004ed2 (0x00000aed) c.addi  s5, 27
core   0: 3 0x80004ed2 (0x0aed) x21 0x80022e7f
core   0: 0x80004ed4 (0x6f19c637) lui     a2, 0x6f19c
core   0: 3 0x80004ed4 (0x6f19c637) x12 0x6f19c000
core   0: 0x80004ed8 (0x4ac1ee93) ori     t4, gp, 1196
core   0: 3 0x80004ed8 (0x4ac1ee93) x29 0x80026dec
core   0: 0x80004edc (0x0000100f) fence.i
core   0: 3 0x80004edc (0x0000100f)
core   0: 0x80004ee0 (0x00449a33) sll     s4, s1, tp
core   0: 3 0x80004ee0 (0x00449a33) x20 0x00000325
core   0: 0x80004ee4 (0x000065e1) c.lui   a1, 0x18
core   0: 3 0x80004ee4 (0x65e1) x11 0x00018000
core   0: 0x80004ee6 (0x00008131) c.srli  a0, 12
core   0: 3 0x80004ee6 (0x8131) x10 0x00000000
core   0: 0x80004ee8 (0x00001afd) c.addi  s5, -1
core   0: 3 0x80004ee8 (0x1afd) x21 0x80022e7e
core   0: 0x80004eea (0x409ad893) srai    a7, s5, 9
core   0: 3 0x80004eea (0x409ad893) x17 0xffc00117
core   0: 0x80004eee (0x02d7dbb3) divu    s7, a5, a3
core   0: 3 0x80004eee (0x02d7dbb3) x23 0x00000000
core   0: 0x80004ef2 (0x0258fa63) bgeu    a7, t0, pc + 52
core   0: 3 0x80004ef2 (0x0258fa63)
core   0: 0x80004f26 (0x00485763) bge     a6, tp, pc + 14
core   0: 3 0x80004f26 (0x00485763)
core   0: 0x80004f34 (0x01b49eb3) sll     t4, s1, s11
core   0: 3 0x80004f34 (0x01b49eb3) x29 0x00000325
core   0: 0x80004f38 (0x00a00913) li      s2, 10
core   0: 3 0x80004f38 (0x00a00913) x18 0x0000000a
core   0: 0x80004f3c (0x0000100f) fence.i
core   0: 3 0x80004f3c (0x0000100f)
core   0: 0x80004f40 (0x00e00413) li      s0, 14
core   0: 3 0x80004f40 (0x00e00413) x 8 0x0000000e
core   0: 0x80004f44 (0xc366af13) slti    t5, a3, -970
core   0: 3 0x80004f44 (0xc366af13) x30 0x00000000
core   0: 0x80004f48 (0x00008e09) c.sub   a2, a0
core   0: 3 0x80004f48 (0x8e09) x12 0x6f19c000
core   0: 0x80004f4a (0x0ff0000f) fence   iorw,iorw
core   0: 3 0x80004f4a (0x0ff0000f)
core   0: 0x80004f4e (0x00008d2d) c.xor   a0, a1
core   0: 3 0x80004f4e (0x8d2d) x10 0x00018000
core   0: 0x80004f50 (0x00000905) c.addi  s2, 1
core   0: 3 0x80004f50 (0x0905) x18 0x0000000b
core   0: 0x80004f52 (0x4123df33) sra     t5, t2, s2
core   0: 3 0x80004f52 (0x4123df33) x30 0x00000000
core   0: 0x80004f56 (0x00004ea1) c.li    t4, 8
core   0: 3 0x80004f56 (0x4ea1) x29 0x00000008
core   0: 0x80004f58 (0x00000001) c.nop
core   0: 3 0x80004f58 (0x0001)
core   0: 0x80004f5a (0xf40ef893) andi    a7, t4, -192
core   0: 3 0x80004f5a (0xf40ef893) x17 0x00000000
core   0: 0x80004f5e (0x008f2b33) slt     s6, t5, s0
core   0: 3 0x80004f5e (0x008f2b33) x22 0x00000001
core   0: 0x80004f62 (0x6f052213) slti    tp, a0, 1776
core   0: 3 0x80004f62 (0x6f052213) x 4 0x00000000
core   0: 0x80004f66 (0x0000100f) fence.i
core   0: 3 0x80004f66 (0x0000100f)
core   0: 0x80004f6a (0x00000f42) c.slli  t5, 16
core   0: 3 0x80004f6a (0x0f42) x30 0x00000000
core   0: 0x80004f6c (0x00008ee9) c.and   a3, a0
core   0: 3 0x80004f6c (0x8ee9) x13 0x00000000
core   0: 0x80004f6e (0xb61ab097) auipc   ra, 0xb61ab
core   0: 3 0x80004f6e (0xb61ab097) x 1 0x361aff6e
core   0: 0x80004f72 (0x02f93a33) mulhu   s4, s2, a5
core   0: 3 0x80004f72 (0x02f93a33) x20 0x00000000
core   0: 0x80004f76 (0x010841b3) xor     gp, a6, a6
core   0: 3 0x80004f76 (0x010841b3) x 3 0x00000000
core   0: 0x80004f7a (0x00588633) add     a2, a7, t0
core   0: 3 0x80004f7a (0x00588633) x12 0x00000000
core   0: 0x80004f7e (0x00d28533) add     a0, t0, a3
core   0: 3 0x80004f7e (0x00d28533) x10 0x00000000
core   0: 0x80004f82 (0xfc8913e3) bne     s2, s0, pc - 58
core   0: 3 0x80004f82 (0xfc8913e3)
core   0: 0x80004f48 (0x00008e09) c.sub   a2, a0
core   0: 3 0x80004f48 (0x8e09) x12 0x00000000
core   0: 0x80004f4a (0x0ff0000f) fence   iorw,iorw
core   0: 3 0x80004f4a (0x0ff0000f)
core   0: 0x80004f4e (0x00008d2d) c.xor   a0, a1
core   0: 3 0x80004f4e (0x8d2d) x10 0x00018000
core   0: 0x80004f50 (0x00000905) c.addi  s2, 1
core   0: 3 0x80004f50 (0x0905) x18 0x0000000c
core   0: 0x80004f52 (0x4123df33) sra     t5, t2, s2
core   0: 3 0x80004f52 (0x4123df33) x30 0x00000000
core   0: 0x80004f56 (0x00004ea1) c.li    t4, 8
core   0: 3 0x80004f56 (0x4ea1) x29 0x00000008
core   0: 0x80004f58 (0x00000001) c.nop
core   0: 3 0x80004f58 (0x0001)
core   0: 0x80004f5a (0xf40ef893) andi    a7, t4, -192
core   0: 3 0x80004f5a (0xf40ef893) x17 0x00000000
core   0: 0x80004f5e (0x008f2b33) slt     s6, t5, s0
core   0: 3 0x80004f5e (0x008f2b33) x22 0x00000001
core   0: 0x80004f62 (0x6f052213) slti    tp, a0, 1776
core   0: 3 0x80004f62 (0x6f052213) x 4 0x00000000
core   0: 0x80004f66 (0x0000100f) fence.i
core   0: 3 0x80004f66 (0x0000100f)
core   0: 0x80004f6a (0x00000f42) c.slli  t5, 16
core   0: 3 0x80004f6a (0x0f42) x30 0x00000000
core   0: 0x80004f6c (0x00008ee9) c.and   a3, a0
core   0: 3 0x80004f6c (0x8ee9) x13 0x00000000
core   0: 0x80004f6e (0xb61ab097) auipc   ra, 0xb61ab
core   0: 3 0x80004f6e (0xb61ab097) x 1 0x361aff6e
core   0: 0x80004f72 (0x02f93a33) mulhu   s4, s2, a5
core   0: 3 0x80004f72 (0x02f93a33) x20 0x00000000
core   0: 0x80004f76 (0x010841b3) xor     gp, a6, a6
core   0: 3 0x80004f76 (0x010841b3) x 3 0x00000000
core   0: 0x80004f7a (0x00588633) add     a2, a7, t0
core   0: 3 0x80004f7a (0x00588633) x12 0x00000000
core   0: 0x80004f7e (0x00d28533) add     a0, t0, a3
core   0: 3 0x80004f7e (0x00d28533) x10 0x00000000
core   0: 0x80004f82 (0xfc8913e3) bne     s2, s0, pc - 58
core   0: 3 0x80004f82 (0xfc8913e3)
core   0: 0x80004f48 (0x00008e09) c.sub   a2, a0
core   0: 3 0x80004f48 (0x8e09) x12 0x00000000
core   0: 0x80004f4a (0x0ff0000f) fence   iorw,iorw
core   0: 3 0x80004f4a (0x0ff0000f)
core   0: 0x80004f4e (0x00008d2d) c.xor   a0, a1
core   0: 3 0x80004f4e (0x8d2d) x10 0x00018000
core   0: 0x80004f50 (0x00000905) c.addi  s2, 1
core   0: 3 0x80004f50 (0x0905) x18 0x0000000d
core   0: 0x80004f52 (0x4123df33) sra     t5, t2, s2
core   0: 3 0x80004f52 (0x4123df33) x30 0x00000000
core   0: 0x80004f56 (0x00004ea1) c.li    t4, 8
core   0: 3 0x80004f56 (0x4ea1) x29 0x00000008
core   0: 0x80004f58 (0x00000001) c.nop
core   0: 3 0x80004f58 (0x0001)
core   0: 0x80004f5a (0xf40ef893) andi    a7, t4, -192
core   0: 3 0x80004f5a (0xf40ef893) x17 0x00000000
core   0: 0x80004f5e (0x008f2b33) slt     s6, t5, s0
core   0: 3 0x80004f5e (0x008f2b33) x22 0x00000001
core   0: 0x80004f62 (0x6f052213) slti    tp, a0, 1776
core   0: 3 0x80004f62 (0x6f052213) x 4 0x00000000
core   0: 0x80004f66 (0x0000100f) fence.i
core   0: 3 0x80004f66 (0x0000100f)
core   0: 0x80004f6a (0x00000f42) c.slli  t5, 16
core   0: 3 0x80004f6a (0x0f42) x30 0x00000000
core   0: 0x80004f6c (0x00008ee9) c.and   a3, a0
core   0: 3 0x80004f6c (0x8ee9) x13 0x00000000
core   0: 0x80004f6e (0xb61ab097) auipc   ra, 0xb61ab
core   0: 3 0x80004f6e (0xb61ab097) x 1 0x361aff6e
core   0: 0x80004f72 (0x02f93a33) mulhu   s4, s2, a5
core   0: 3 0x80004f72 (0x02f93a33) x20 0x00000000
core   0: 0x80004f76 (0x010841b3) xor     gp, a6, a6
core   0: 3 0x80004f76 (0x010841b3) x 3 0x00000000
core   0: 0x80004f7a (0x00588633) add     a2, a7, t0
core   0: 3 0x80004f7a (0x00588633) x12 0x00000000
core   0: 0x80004f7e (0x00d28533) add     a0, t0, a3
core   0: 3 0x80004f7e (0x00d28533) x10 0x00000000
core   0: 0x80004f82 (0xfc8913e3) bne     s2, s0, pc - 58
core   0: 3 0x80004f82 (0xfc8913e3)
core   0: 0x80004f48 (0x00008e09) c.sub   a2, a0
core   0: 3 0x80004f48 (0x8e09) x12 0x00000000
core   0: 0x80004f4a (0x0ff0000f) fence   iorw,iorw
core   0: 3 0x80004f4a (0x0ff0000f)
core   0: 0x80004f4e (0x00008d2d) c.xor   a0, a1
core   0: 3 0x80004f4e (0x8d2d) x10 0x00018000
core   0: 0x80004f50 (0x00000905) c.addi  s2, 1
core   0: 3 0x80004f50 (0x0905) x18 0x0000000e
core   0: 0x80004f52 (0x4123df33) sra     t5, t2, s2
core   0: 3 0x80004f52 (0x4123df33) x30 0x00000000
core   0: 0x80004f56 (0x00004ea1) c.li    t4, 8
core   0: 3 0x80004f56 (0x4ea1) x29 0x00000008
core   0: 0x80004f58 (0x00000001) c.nop
core   0: 3 0x80004f58 (0x0001)
core   0: 0x80004f5a (0xf40ef893) andi    a7, t4, -192
core   0: 3 0x80004f5a (0xf40ef893) x17 0x00000000
core   0: 0x80004f5e (0x008f2b33) slt     s6, t5, s0
core   0: 3 0x80004f5e (0x008f2b33) x22 0x00000001
core   0: 0x80004f62 (0x6f052213) slti    tp, a0, 1776
core   0: 3 0x80004f62 (0x6f052213) x 4 0x00000000
core   0: 0x80004f66 (0x0000100f) fence.i
core   0: 3 0x80004f66 (0x0000100f)
core   0: 0x80004f6a (0x00000f42) c.slli  t5, 16
core   0: 3 0x80004f6a (0x0f42) x30 0x00000000
core   0: 0x80004f6c (0x00008ee9) c.and   a3, a0
core   0: 3 0x80004f6c (0x8ee9) x13 0x00000000
core   0: 0x80004f6e (0xb61ab097) auipc   ra, 0xb61ab
core   0: 3 0x80004f6e (0xb61ab097) x 1 0x361aff6e
core   0: 0x80004f72 (0x02f93a33) mulhu   s4, s2, a5
core   0: 3 0x80004f72 (0x02f93a33) x20 0x00000000
core   0: 0x80004f76 (0x010841b3) xor     gp, a6, a6
core   0: 3 0x80004f76 (0x010841b3) x 3 0x00000000
core   0: 0x80004f7a (0x00588633) add     a2, a7, t0
core   0: 3 0x80004f7a (0x00588633) x12 0x00000000
core   0: 0x80004f7e (0x00d28533) add     a0, t0, a3
core   0: 3 0x80004f7e (0x00d28533) x10 0x00000000
core   0: 0x80004f82 (0xfc8913e3) bne     s2, s0, pc - 58
core   0: 3 0x80004f82 (0xfc8913e3)
core   0: 0x80004f86 (0x3a2be293) ori     t0, s7, 930
core   0: 3 0x80004f86 (0x3a2be293) x 5 0x000003a2
core   0: 0x80004f8a (0x02dba033) mulhsu  zero, s7, a3
core   0: 3 0x80004f8a (0x02dba033)
core   0: 0x80004f8e (0xdfbb55b7) lui     a1, 0xdfbb5
core   0: 3 0x80004f8e (0xdfbb55b7) x11 0xdfbb5000
core   0: 0x80004f92 (0x0072d1b3) srl     gp, t0, t2
core   0: 3 0x80004f92 (0x0072d1b3) x 3 0x0000001d
core   0: 0x80004f96 (0x005471b3) and     gp, s0, t0
core   0: 3 0x80004f96 (0x005471b3) x 3 0x00000002
core   0: 0x80004f9a (0x0000e611) c.bnez  a2, pc + 12
core   0: 3 0x80004f9a (0xe611)
core   0: 0x80004f9c (0x013ebe33) sltu    t3, t4, s3
core   0: 3 0x80004f9c (0x013ebe33) x28 0x00000000
core   0: 0x80004fa0 (0x00006699) c.lui   a3, 0x6
core   0: 3 0x80004fa0 (0x6699) x13 0x00006000
core   0: 0x80004fa2 (0x017d0533) add     a0, s10, s7
core   0: 3 0x80004fa2 (0x017d0533) x10 0x80022e64
core   0: 0x80004fa6 (0x01987ab3) and     s5, a6, s9
core   0: 3 0x80004fa6 (0x01987ab3) x21 0x00000000
core   0: 0x80004faa (0x01c19733) sll     a4, gp, t3
core   0: 3 0x80004faa (0x01c19733) x14 0x00000002
core   0: 0x80004fae (0x01a852b3) srl     t0, a6, s10
core   0: 3 0x80004fae (0x01a852b3) x 5 0x00000000
core   0: 0x80004fb2 (0x000065c9) c.lui   a1, 0x12
core   0: 3 0x80004fb2 (0x65c9) x11 0x00012000
core   0: 0x80004fb4 (0x409281b3) sub     gp, t0, s1
core   0: 3 0x80004fb4 (0x409281b3) x 3 0xfffffcdb
core   0: 0x80004fb8 (0x039dffb3) remu    t6, s11, s9
core   0: 3 0x80004fb8 (0x039dffb3) x31 0x00000000
core   0: 0x80004fbc (0xd10fe213) ori     tp, t6, -752
core   0: 3 0x80004fbc (0xd10fe213) x 4 0xfffffd10
core   0: 0x80004fc0 (0x05e26313) ori     t1, tp, 94
core   0: 3 0x80004fc0 (0x05e26313) x 6 0xfffffd5e
core   0: 0x80004fc4 (0xf36d3c97) auipc   s9, 0xf36d3
core   0: 3 0x80004fc4 (0xf36d3c97) x25 0x736d7fc4
core   0: 0x80004fc8 (0xc4854037) lui     zero, 0xc4854
core   0: 3 0x80004fc8 (0xc4854037)
core   0: 0x80004fcc (0x40ca5a93) srai    s5, s4, 12
core   0: 3 0x80004fcc (0x40ca5a93) x21 0x00000000
core   0: 0x80004fd0 (0x73e4fc93) andi    s9, s1, 1854
core   0: 3 0x80004fd0 (0x73e4fc93) x25 0x00000324
core   0: 0x80004fd4 (0x00000001) c.nop
core   0: 3 0x80004fd4 (0x0001)
core   0: 0x80004fd6 (0x00008eb9) c.xor   a3, a4
core   0: 3 0x80004fd6 (0x8eb9) x13 0x00006002
core   0: 0x80004fd8 (0x0000942e) c.add   s0, a1
core   0: 3 0x80004fd8 (0x942e) x 8 0x0001200e
core   0: 0x80004fda (0x028a3233) mulhu   tp, s4, s0
core   0: 3 0x80004fda (0x028a3233) x 4 0x00000000
core   0: 0x80004fde (0x00008d39) c.xor   a0, a4
core   0: 3 0x80004fde (0x8d39) x10 0x80022e66
core   0: 0x80004fe0 (0x023d8263) beq     s11, gp, pc + 36
core   0: 3 0x80004fe0 (0x023d8263)
core   0: 0x80004fe4 (0x038ddcb3) divu    s9, s11, s8
core   0: 3 0x80004fe4 (0x038ddcb3) x25 0x00000000
core   0: 0x80004fe8 (0x02ed8bb3) mul     s7, s11, a4
core   0: 3 0x80004fe8 (0x02ed8bb3) x23 0x00000000
core   0: 0x80004fec (0x41ebd933) sra     s2, s7, t5
core   0: 3 0x80004fec (0x41ebd933) x18 0x00000000
core   0: 0x80004ff0 (0x00000001) c.nop
core   0: 3 0x80004ff0 (0x0001)
core   0: 0x80004ff2 (0x01f67a33) and     s4, a2, t6
core   0: 3 0x80004ff2 (0x01f67a33) x20 0x00000000
core   0: 0x80004ff6 (0x00008ce9) c.and   s1, a0
core   0: 3 0x80004ff6 (0x8ce9) x 9 0x00000224
core   0: 0x80004ff8 (0x4137d6b3) sra     a3, a5, s3
core   0: 3 0x80004ff8 (0x4137d6b3) x13 0x00000000
core   0: 0x80004ffc (0xda21ea93) ori     s5, gp, -606
core   0: 3 0x80004ffc (0xda21ea93) x21 0xfffffdfb
core   0: 0x80005000 (0x00bb6f33) or      t5, s6, a1
core   0: 3 0x80005000 (0x00bb6f33) x30 0x00012001
core   0: 0x80005004 (0x03dd5633) divu    a2, s10, t4
core   0: 3 0x80005004 (0x03dd5633) x12 0x100045cc
core   0: 0x80005008 (0x00008e49) c.or    a2, a0
core   0: 3 0x80005008 (0x8e49) x12 0x90026fee
core   0: 0x8000500a (0x00f1dc63) bge     gp, a5, pc + 24
core   0: 3 0x8000500a (0x00f1dc63)
core   0: 0x8000500e (0x02acd933) divu    s2, s9, a0
core   0: 3 0x8000500e (0x02acd933) x18 0x00000000
core   0: 0x80005012 (0x00efd513) srli    a0, t6, 14
core   0: 3 0x80005012 (0x00efd513) x10 0x00000000
core   0: 0x80005016 (0x7c830b13) addi    s6, t1, 1992
core   0: 3 0x80005016 (0x7c830b13) x22 0x00000526
core   0: 0x8000501a (0x02b1cb63) blt     gp, a1, pc + 54
core   0: 3 0x8000501a (0x02b1cb63)
core   0: 0x80005050 (0x0000c51d) c.beqz  a0, pc + 46
core   0: 3 0x80005050 (0xc51d)
core   0: 0x8000507e (0x03138263) beq     t2, a7, pc + 36
core   0: 3 0x8000507e (0x03138263)
core   0: 0x80005082 (0x01c4f263) bgeu    s1, t3, pc + 4
core   0: 3 0x80005082 (0x01c4f263)
core   0: 0x80005086 (0x01261713) slli    a4, a2, 18
core   0: 3 0x80005086 (0x01261713) x14 0xbfb80000
core   0: 0x8000508a (0x0000100f) fence.i
core   0: 3 0x8000508a (0x0000100f)
core   0: 0x8000508e (0x01afe533) or      a0, t6, s10
core   0: 3 0x8000508e (0x01afe533) x10 0x80022e64
core   0: 0x80005092 (0x01e09993) slli    s3, ra, 30
core   0: 3 0x80005092 (0x01e09993) x19 0x80000000
core   0: 0x80005096 (0xa6ff0093) addi    ra, t5, -1425
core   0: 3 0x80005096 (0xa6ff0093) x 1 0x00011a70
core   0: 0x8000509a (0x018b1333) sll     t1, s6, s8
core   0: 3 0x8000509a (0x018b1333) x 6 0x0000a4c0
core   0: 0x8000509e (0x41350b33) sub     s6, a0, s3
core   0: 3 0x8000509e (0x41350b33) x22 0x00022e64
core   0: 0x800050a2 (0x000084b9) c.srai  s1, 14
core   0: 3 0x800050a2 (0x84b9) x 9 0x00000000
core   0: 0x800050a4 (0x016a2bb3) slt     s7, s4, s6
core   0: 3 0x800050a4 (0x016a2bb3) x23 0x00000001
core   0: 0x800050a8 (0x015e0933) add     s2, t3, s5
core   0: 3 0x800050a8 (0x015e0933) x18 0xfffffdfb
core   0: 0x800050ac (0x00008df1) c.and   a1, a2
core   0: 3 0x800050ac (0x8df1) x11 0x00002000
core   0: 0x800050ae (0x011130b3) sltu    ra, sp, a7
core   0: 3 0x800050ae (0x011130b3) x 1 0x00000000
core   0: 0x800050b2 (0x03fa2633) mulhsu  a2, s4, t6
core   0: 3 0x800050b2 (0x03fa2633) x12 0x00000000
core   0: 0x800050b6 (0x0ff0000f) fence   iorw,iorw
core   0: 3 0x800050b6 (0x0ff0000f)
core   0: 0x800050ba (0x539ef613) andi    a2, t4, 1337
core   0: 3 0x800050ba (0x539ef613) x12 0x00000008
core   0: 0x800050be (0x01f9c033) xor     zero, s3, t6
core   0: 3 0x800050be (0x01f9c033)
core   0: 0x800050c2 (0x039c4733) div     a4, s8, s9
core   0: 3 0x800050c2 (0x039c4733) x14 0xffffffff
core   0: 0x800050c6 (0x0000100f) fence.i
core   0: 3 0x800050c6 (0x0000100f)
core   0: 0x800050ca (0xe6304f93) xori    t6, zero, -413
core   0: 3 0x800050ca (0xe6304f93) x31 0xfffffe63
core   0: 0x800050ce (0x00008071) c.srli  s0, 28
core   0: 3 0x800050ce (0x8071) x 8 0x00000000
core   0: 0x800050d0 (0x00c45633) srl     a2, s0, a2
core   0: 3 0x800050d0 (0x00c45633) x12 0x00000000
core   0: 0x800050d4 (0x00ae8963) beq     t4, a0, pc + 18
core   0: 3 0x800050d4 (0x00ae8963)
core   0: 0x800050d8 (0x00000001) c.nop
core   0: 3 0x800050d8 (0x0001)
core   0: 0x800050da (0x000080a9) c.srli  s1, 10
core   0: 3 0x800050da (0x80a9) x 9 0x00000000
core   0: 0x800050dc (0x000099fd) c.andi  a1, -1
core   0: 3 0x800050dc (0x99fd) x11 0x00002000
core   0: 0x800050de (0x00c679b3) and     s3, a2, a2
core   0: 3 0x800050de (0x00c679b3) x19 0x00000000
core   0: 0x800050e2 (0xc6d04493) xori    s1, zero, -915
core   0: 3 0x800050e2 (0xc6d04493) x 9 0xfffffc6d
core   0: 0x800050e6 (0x00008de1) c.and   a1, s0
core   0: 3 0x800050e6 (0x8de1) x11 0x00000000
core   0: 0x800050e8 (0x03df9033) mulh    zero, t6, t4
core   0: 3 0x800050e8 (0x03df9033)
core   0: 0x800050ec (0x01b76fb3) or      t6, a4, s11
core   0: 3 0x800050ec (0x01b76fb3) x31 0xffffffff
core   0: 0x800050f0 (0x00009b1e) c.add   s6, t2
core   0: 3 0x800050f0 (0x9b1e) x22 0x00023189
core   0: 0x800050f2 (0x00006aad) c.lui   s5, 0xb
core   0: 3 0x800050f2 (0x6aad) x21 0x0000b000
core   0: 0x800050f4 (0x00000001) c.nop
core   0: 3 0x800050f4 (0x0001)
core   0: 0x800050f6 (0x40f15313) srai    t1, sp, 15
core   0: 3 0x800050f6 (0x40f15313) x 6 0xffff0004
core   0: 0x800050fa (0x8975b693) sltiu   a3, a1, -1897
core   0: 3 0x800050fa (0x8975b693) x13 0x00000001
core   0: 0x800050fe (0x000080f5) c.srli  s1, 29
core   0: 3 0x800050fe (0x80f5) x 9 0x00000007
core   0: 0x80005100 (0x00008ca1) c.xor   s1, s0
core   0: 3 0x80005100 (0x8ca1) x 9 0x00000007
core   0: 0x80005102 (0x052cde63) bge     s9, s2, pc + 92
core   0: 3 0x80005102 (0x052cde63)
core   0: 0x8000515e (0x0129f5b3) and     a1, s3, s2
core   0: 3 0x8000515e (0x0129f5b3) x11 0x00000000
core   0: 0x80005162 (0x41ebdc33) sra     s8, s7, t5
core   0: 3 0x80005162 (0x41ebdc33) x24 0x00000000
core   0: 0x80005166 (0x765ae393) ori     t2, s5, 1893
core   0: 3 0x80005166 (0x765ae393) x 7 0x0000b765
core   0: 0x8000516a (0xb9f91237) lui     tp, 0xb9f91
core   0: 3 0x8000516a (0xb9f91237) x 4 0xb9f91000
core   0: 0x8000516e (0x00e8ea63) bltu    a7, a4, pc + 20
core   0: 3 0x8000516e (0x00e8ea63)
core   0: 0x80005182 (0xd8124893) xori    a7, tp, -639
core   0: 3 0x80005182 (0xd8124893) x17 0x4606ed81
core   0: 0x80005186 (0x00008779) c.srai  a4, 30
core   0: 3 0x80005186 (0x8779) x14 0xffffffff
core   0: 0x80005188 (0x00008c11) c.sub   s0, a2
core   0: 3 0x80005188 (0x8c11) x 8 0x00000000
core   0: 0x8000518a (0x0000cb1d) c.beqz  a4, pc + 54
core   0: 3 0x8000518a (0xcb1d)
core   0: 0x8000518c (0x018595b3) sll     a1, a1, s8
core   0: 3 0x8000518c (0x018595b3) x11 0x00000000
core   0: 0x80005190 (0x03531f33) mulh    t5, t1, s5
core   0: 3 0x80005190 (0x03531f33) x30 0xffffffff
core   0: 0x80005194 (0x029ac033) div     zero, s5, s1
core   0: 3 0x80005194 (0x029ac033)
core   0: 0x80005198 (0x014a1b33) sll     s6, s4, s4
core   0: 3 0x80005198 (0x014a1b33) x22 0x00000000
core   0: 0x8000519c (0x025d8c63) beq     s11, t0, pc + 56
core   0: 3 0x8000519c (0x025d8c63)
core   0: 0x800051d4 (0x000010fd) c.addi  ra, -1
core   0: 3 0x800051d4 (0x10fd) x 1 0xffffffff
core   0: 0x800051d6 (0x7987ea13) ori     s4, a5, 1944
core   0: 3 0x800051d6 (0x7987ea13) x20 0x00000798
core   0: 0x800051da (0x00008a4d) c.andi  a2, 19
core   0: 3 0x800051da (0x8a4d) x12 0x00000000
core   0: 0x800051dc (0xa7a43197) auipc   gp, 0xa7a43
core   0: 3 0x800051dc (0xa7a43197) x 3 0x27a481dc
core   0: 0x800051e0 (0x41645433) sra     s0, s0, s6
core   0: 3 0x800051e0 (0x41645433) x 8 0x00000000
core   0: 0x800051e4 (0x04d24163) blt     tp, a3, pc + 66
core   0: 3 0x800051e4 (0x04d24163)
core   0: 0x80005226 (0x00006c31) c.lui   s8, 0xc
core   0: 3 0x80005226 (0x6c31) x24 0x0000c000
core   0: 0x80005228 (0x0e886b13) ori     s6, a6, 232
core   0: 3 0x80005228 (0x0e886b13) x22 0x000000e8
core   0: 0x8000522c (0x00008c49) c.or    s0, a0
core   0: 3 0x8000522c (0x8c49) x 8 0x80022e64
core   0: 0x8000522e (0x00008dd5) c.or    a1, a3
core   0: 3 0x8000522e (0x8dd5) x11 0x00000001
core   0: 0x80005230 (0x02500733) mul     a4, zero, t0
core   0: 3 0x80005230 (0x02500733) x14 0x00000000
core   0: 0x80005234 (0x012e0033) add     zero, t3, s2
core   0: 3 0x80005234 (0x012e0033)
core   0: 0x80005238 (0x4106d433) sra     s0, a3, a6
core   0: 3 0x80005238 (0x4106d433) x 8 0x00000001
core   0: 0x8000523c (0x00000bf1) c.addi  s7, 28
core   0: 3 0x8000523c (0x0bf1) x23 0x0000001d
core   0: 0x8000523e (0x0241cc63) blt     gp, tp, pc + 56
core   0: 3 0x8000523e (0x0241cc63)
core   0: 0x80005242 (0x000018fd) c.addi  a7, -1
core   0: 3 0x80005242 (0x18fd) x17 0x4606ed80
core   0: 0x80005244 (0x0247fcb3) remu    s9, a5, tp
core   0: 3 0x80005244 (0x0247fcb3) x25 0x00000000
core   0: 0x80005248 (0x01849913) slli    s2, s1, 24
core   0: 3 0x80005248 (0x01849913) x18 0x07000000
core   0: 0x8000524c (0x05e95063) bge     s2, t5, pc + 64
core   0: 3 0x8000524c (0x05e95063)
core   0: 0x8000528c (0x028059b3) divu    s3, zero, s0
core   0: 3 0x8000528c (0x028059b3) x19 0x00000000
core   0: 0x80005290 (0x000069c5) c.lui   s3, 0x11
core   0: 3 0x80005290 (0x69c5) x19 0x00011000
core   0: 0x80005292 (0x0010ed63) bltu    ra, ra, pc + 26
core   0: 3 0x80005292 (0x0010ed63)
core   0: 0x80005296 (0x0197d593) srli    a1, a5, 25
core   0: 3 0x80005296 (0x0197d593) x11 0x00000000
core   0: 0x8000529a (0x00008f31) c.xor   a4, a2
core   0: 3 0x8000529a (0x8f31) x14 0x00000000
core   0: 0x8000529c (0x02716c63) bltu    sp, t2, pc + 56
core   0: 3 0x8000529c (0x02716c63)
core   0: 0x800052a0 (0x1654fa37) lui     s4, 0x1654f
core   0: 3 0x800052a0 (0x1654fa37) x20 0x1654f000
core   0: 0x800052a4 (0x404c55b3) sra     a1, s8, tp
core   0: 3 0x800052a4 (0x404c55b3) x11 0x0000c000
core   0: 0x800052a8 (0x034e4063) blt     t3, s4, pc + 32
core   0: 3 0x800052a8 (0x034e4063)
core   0: 0x800052c8 (0x414a5533) sra     a0, s4, s4
core   0: 3 0x800052c8 (0x414a5533) x10 0x1654f000
core   0: 0x800052cc (0xcbae2893) slti    a7, t3, -838
core   0: 3 0x800052cc (0xcbae2893) x17 0x00000000
core   0: 0x800052d0 (0x01077f63) bgeu    a4, a6, pc + 30
core   0: 3 0x800052d0 (0x01077f63)
core   0: 0x800052ee (0xfb06f493) andi    s1, a3, -80
core   0: 3 0x800052ee (0xfb06f493) x 9 0x00000000
core   0: 0x800052f2 (0x0155ccb3) xor     s9, a1, s5
core   0: 3 0x800052f2 (0x0155ccb3) x25 0x00007000
core   0: 0x800052f6 (0x01ec6a33) or      s4, s8, t5
core   0: 3 0x800052f6 (0x01ec6a33) x20 0xffffffff
core   0: 0x800052fa (0x40b90433) sub     s0, s2, a1
core   0: 3 0x800052fa (0x40b90433) x 8 0x06ff4000
core   0: 0x800052fe (0x038b3633) mulhu   a2, s6, s8
core   0: 3 0x800052fe (0x038b3633) x12 0x00000000
core   0: 0x80005302 (0x02b1ddb3) divu    s11, gp, a1
core   0: 3 0x80005302 (0x02b1ddb3) x27 0x000034db
core   0: 0x80005306 (0x03bad933) divu    s2, s5, s11
core   0: 3 0x80005306 (0x03bad933) x18 0x00000003
core   0: 0x8000530a (0x406c5cb3) sra     s9, s8, t1
core   0: 3 0x8000530a (0x406c5cb3) x25 0x00000c00
core   0: 0x8000530e (0x003d76b3) and     a3, s10, gp
core   0: 3 0x8000530e (0x003d76b3) x13 0x00000044
core   0: 0x80005312 (0xfb910613) addi    a2, sp, -71
core   0: 3 0x80005312 (0xfb910613) x12 0x80026c9d
core   0: 0x80005316 (0x006d7763) bgeu    s10, t1, pc + 14
core   0: 3 0x80005316 (0x006d7763)
core   0: 0x8000531a (0x00008426) c.mv    s0, s1
core   0: 3 0x8000531a (0x8426) x 8 0x00000000
core   0: 0x8000531c (0x0000100f) fence.i
core   0: 3 0x8000531c (0x0000100f)
core   0: 0x80005320 (0xc90336b7) lui     a3, 0xc9033
core   0: 3 0x80005320 (0xc90336b7) x13 0xc9033000
core   0: 0x80005324 (0x01cd62b3) or      t0, s10, t3
core   0: 3 0x80005324 (0x01cd62b3) x 5 0x80022e64
core   0: 0x80005328 (0x00008f55) c.or    a4, a3
core   0: 3 0x80005328 (0x8f55) x14 0xc9033000
core   0: 0x8000532a (0x42e5cf13) xori    t5, a1, 1070
core   0: 3 0x8000532a (0x42e5cf13) x30 0x0000c42e
core   0: 0x8000532e (0x00008d8e) c.mv    s11, gp
core   0: 3 0x8000532e (0x8d8e) x27 0x27a481dc
core   0: 0x80005330 (0x1274b213) sltiu   tp, s1, 295
core   0: 3 0x80005330 (0x1274b213) x 4 0x00000001
core   0: 0x80005334 (0x36bfd4b7) lui     s1, 0x36bfd
core   0: 3 0x80005334 (0x36bfd4b7) x 9 0x36bfd000
core   0: 0x80005338 (0x01641963) bne     s0, s6, pc + 18
core   0: 3 0x80005338 (0x01641963)
core   0: 0x8000534a (0x00006189) c.lui   gp, 0x2
core   0: 3 0x8000534a (0x6189) x 3 0x00002000
core   0: 0x8000534c (0x0ff0000f) fence   iorw,iorw
core   0: 3 0x8000534c (0x0ff0000f)
core   0: 0x80005350 (0x695cf937) lui     s2, 0x695cf
core   0: 3 0x80005350 (0x695cf937) x18 0x695cf000
core   0: 0x80005354 (0x00000001) c.nop
core   0: 3 0x80005354 (0x0001)
core   0: 0x80005356 (0x0000852a) c.mv    a0, a0
core   0: 3 0x80005356 (0x852a) x10 0x1654f000
core   0: 0x80005358 (0x01934eb3) xor     t4, t1, s9
core   0: 3 0x80005358 (0x01934eb3) x29 0xffff0c04
core   0: 0x8000535c (0x01495d93) srli    s11, s2, 20
core   0: 3 0x8000535c (0x01495d93) x27 0x00000695
core   0: 0x80005360 (0x00008355) c.srli  a4, 21
core   0: 3 0x80005360 (0x8355) x14 0x00000648
core   0: 0x80005362 (0x06468f63) beq     a3, tp, pc + 126
core   0: 3 0x80005362 (0x06468f63)
core   0: 0x80005366 (0x025a99b3) mulh    s3, s5, t0
core   0: 3 0x80005366 (0x025a99b3) x19 0xffffa801
core   0: 0x8000536a (0x00008cd5) c.or    s1, a3
core   0: 3 0x8000536a (0x8cd5) x 9 0xffbff000
core   0: 0x8000536c (0x0000ef2d) c.bnez  a4, pc + 122
core   0: 3 0x8000536c (0xef2d)
core   0: 0x800053e6 (0x000099be) c.add   s3, a5
core   0: 3 0x800053e6 (0x99be) x19 0xffffa801
core   0: 0x800053e8 (0x03848363) beq     s1, s8, pc + 38
core   0: 3 0x800053e8 (0x03848363)
core   0: 0x800053ec (0x019c1b63) bne     s8, s9, pc + 22
core   0: 3 0x800053ec (0x019c1b63)
core   0: 0x80005402 (0x02d609b3) mul     s3, a2, a3
core   0: 3 0x80005402 (0x02d609b3) x19 0xff347000
core   0: 0x80005406 (0x00b75763) bge     a4, a1, pc + 14
core   0: 3 0x80005406 (0x00b75763)
core   0: 0x8000540a (0x0350e3b3) rem     t2, ra, s5
core   0: 3 0x8000540a (0x0350e3b3) x 7 0xffffffff
core   0: 0x8000540e (0x00008eb1) c.xor   a3, a2
core   0: 3 0x8000540e (0x8eb1) x13 0x49015c9d
core   0: 0x80005410 (0x21c3bb93) sltiu   s7, t2, 540
core   0: 3 0x80005410 (0x21c3bb93) x23 0x00000000
core   0: 0x80005414 (0x01f0ba33) sltu    s4, ra, t6
core   0: 3 0x80005414 (0x01f0ba33) x20 0x00000000
core   0: 0x80005418 (0x031c1a63) bne     s8, a7, pc + 52
core   0: 3 0x80005418 (0x031c1a63)
core   0: 0x8000544c (0x0000812d) c.srli  a0, 11
core   0: 3 0x8000544c (0x812d) x10 0x0002ca9e
core   0: 0x8000544e (0x03646f63) bltu    s0, s6, pc + 62
core   0: 3 0x8000544e (0x03646f63)
core   0: 0x8000548c (0x00000a6d) c.addi  s4, 27
core   0: 3 0x8000548c (0x0a6d) x20 0x0000001b
core   0: 0x8000548e (0x0ff0000f) fence   iorw,iorw
core   0: 3 0x8000548e (0x0ff0000f)
core   0: 0x80005492 (0x02965333) divu    t1, a2, s1
core   0: 3 0x80005492 (0x02965333) x 6 0x00000000
core   0: 0x80005496 (0x00006aa1) c.lui   s5, 0x8
core   0: 3 0x80005496 (0x6aa1) x21 0x00008000
core   0: 0x80005498 (0x00006fe9) c.lui   t6, 0x1a
core   0: 3 0x80005498 (0x6fe9) x31 0x0001a000
core   0: 0x8000549a (0x03431933) mulh    s2, t1, s4
core   0: 3 0x8000549a (0x03431933) x18 0x00000000
core   0: 0x8000549e (0x76936b93) ori     s7, t1, 1897
core   0: 3 0x8000549e (0x76936b93) x23 0x00000769
core   0: 0x800054a2 (0x00000001) c.nop
core   0: 3 0x800054a2 (0x0001)
core   0: 0x800054a4 (0x031b1933) mulh    s2, s6, a7
core   0: 3 0x800054a4 (0x031b1933) x18 0x00000000
core   0: 0x800054a8 (0x017fa933) slt     s2, t6, s7
core   0: 3 0x800054a8 (0x017fa933) x18 0x00000000
core   0: 0x800054ac (0x0340c963) blt     ra, s4, pc + 50
core   0: 3 0x800054ac (0x0340c963)
core   0: 0x800054de (0x016d3ab3) sltu    s5, s10, s6
core   0: 3 0x800054de (0x016d3ab3) x21 0x00000000
core   0: 0x800054e2 (0x15978b93) addi    s7, a5, 345
core   0: 3 0x800054e2 (0x15978b93) x23 0x00000159
core   0: 0x800054e6 (0x000058fd) c.li    a7, -1
core   0: 3 0x800054e6 (0x58fd) x17 0xffffffff
core   0: 0x800054e8 (0xc7767c97) auipc   s9, 0xc7767
core   0: 3 0x800054e8 (0xc7767c97) x25 0x4776c4e8
core   0: 0x800054ec (0x01aa21b3) slt     gp, s4, s10
core   0: 3 0x800054ec (0x01aa21b3) x 3 0x00000000
core   0: 0x800054f0 (0x40bc5013) srai    zero, s8, 11
core   0: 3 0x800054f0 (0x40bc5013)
core   0: 0x800054f4 (0x00008dc9) c.or    a1, a0
core   0: 3 0x800054f4 (0x8dc9) x11 0x0002ca9e
core   0: 0x800054f6 (0x0188e633) or      a2, a7, s8
core   0: 3 0x800054f6 (0x0188e633) x12 0xffffffff
core   0: 0x800054fa (0x00600513) li      a0, 6
core   0: 3 0x800054fa (0x00600513) x10 0x00000006
core   0: 0x800054fe (0xd2fcf613) andi    a2, s9, -721
core   0: 3 0x800054fe (0xd2fcf613) x12 0x4776c428
core   0: 0x80005502 (0x03933bb3) mulhu   s7, t1, s9
core   0: 3 0x80005502 (0x03933bb3) x23 0x00000000
core   0: 0x80005506 (0x02070f33) mul     t5, a4, zero
core   0: 3 0x80005506 (0x02070f33) x30 0x00000000
core   0: 0x8000550a (0x008d9913) slli    s2, s11, 8
core   0: 3 0x8000550a (0x008d9913) x18 0x00069500
core   0: 0x8000550e (0xff000d93) li      s11, -16
core   0: 3 0x8000550e (0xff000d93) x27 0xfffffff0
core   0: 0x80005512 (0x0109ff33) and     t5, s3, a6
core   0: 3 0x80005512 (0x0109ff33) x30 0x00000000
core   0: 0x80005516 (0x000089d2) c.mv    s3, s4
core   0: 3 0x80005516 (0x89d2) x19 0x0000001b
core   0: 0x80005518 (0x00008f3d) c.xor   a4, a5
core   0: 3 0x80005518 (0x8f3d) x14 0x00000648
core   0: 0x8000551a (0x00008e25) c.xor   a2, s1
core   0: 3 0x8000551a (0x8e25) x12 0xb8c93428
core   0: 0x8000551c (0x0000156d) c.addi  a0, -5
core   0: 3 0x8000551c (0x156d) x10 0x00000001
core   0: 0x8000551e (0x00e13233) sltu    tp, sp, a4
core   0: 3 0x8000551e (0x00e13233) x 4 0x00000000
core   0: 0x80005522 (0x00800413) li      s0, 8
core   0: 3 0x80005522 (0x00800413) x 8 0x00000008
core   0: 0x80005526 (0x00001e7d) c.addi  t3, -1
core   0: 3 0x80005526 (0x1e7d) x28 0xffffffff
core   0: 0x80005528 (0x00008e85) c.sub   a3, s1
core   0: 3 0x80005528 (0x8e85) x13 0x49416c9d
core   0: 0x8000552a (0x0b918313) addi    t1, gp, 185
core   0: 3 0x8000552a (0x0b918313) x 6 0x000000b9
core   0: 0x8000552e (0x0017c333) xor     t1, a5, ra
core   0: 3 0x8000552e (0x0017c333) x 6 0xffffffff
core   0: 0x80005532 (0x012c7f33) and     t5, s8, s2
core   0: 3 0x80005532 (0x012c7f33) x30 0x00008000
core   0: 0x80005536 (0x02fbcab3) div     s5, s7, a5
core   0: 3 0x80005536 (0x02fbcab3) x21 0xffffffff
core   0: 0x8000553a (0x00000001) c.nop
core   0: 3 0x8000553a (0x0001)
core   0: 0x8000553c (0xc4141a37) lui     s4, 0xc4141
core   0: 3 0x8000553c (0xc4141a37) x20 0xc4141000
core   0: 0x80005540 (0x03e8b5b3) mulhu   a1, a7, t5
core   0: 3 0x80005540 (0x03e8b5b3) x11 0x00007fff
core   0: 0x80005544 (0x554bc493) xori    s1, s7, 1364
core   0: 3 0x80005544 (0x554bc493) x 9 0x00000554
core   0: 0x80005548 (0x00000001) c.nop
core   0: 3 0x80005548 (0x0001)
core   0: 0x8000554a (0x00008085) c.srli  s1, 1
core   0: 3 0x8000554a (0x8085) x 9 0x000002aa
core   0: 0x8000554c (0x1c344737) lui     a4, 0x1c344
core   0: 3 0x8000554c (0x1c344737) x14 0x1c344000
core   0: 0x80005550 (0x00001461) c.addi  s0, -8
core   0: 3 0x80005550 (0x1461) x 8 0x00000000
core   0: 0x80005552 (0x0334c5b3) div     a1, s1, s3
core   0: 3 0x80005552 (0x0334c5b3) x11 0x00000019
core   0: 0x80005556 (0x0000d87d) c.beqz  s0, pc - 10
core   0: 3 0x80005556 (0xd87d)
core   0: 0x8000554c (0x1c344737) lui     a4, 0x1c344
core   0: 3 0x8000554c (0x1c344737) x14 0x1c344000
core   0: 0x80005550 (0x00001461) c.addi  s0, -8
core   0: 3 0x80005550 (0x1461) x 8 0xfffffff8
core   0: 0x80005552 (0x0334c5b3) div     a1, s1, s3
core   0: 3 0x80005552 (0x0334c5b3) x11 0x00000019
core   0: 0x80005556 (0x0000d87d) c.beqz  s0, pc - 10
core   0: 3 0x80005556 (0xd87d)
core   0: 0x80005558 (0x02e13937) lui     s2, 0x2e13
core   0: 3 0x80005558 (0x02e13937) x18 0x02e13000
core   0: 0x8000555c (0xfbb55fe3) bge     a0, s11, pc - 66
core   0: 3 0x8000555c (0xfbb55fe3)
core   0: 0x8000551a (0x00008e25) c.xor   a2, s1
core   0: 3 0x8000551a (0x8e25) x12 0xb8c93682
core   0: 0x8000551c (0x0000156d) c.addi  a0, -5
core   0: 3 0x8000551c (0x156d) x10 0xfffffffc
core   0: 0x8000551e (0x00e13233) sltu    tp, sp, a4
core   0: 3 0x8000551e (0x00e13233) x 4 0x00000000
core   0: 0x80005522 (0x00800413) li      s0, 8
core   0: 3 0x80005522 (0x00800413) x 8 0x00000008
core   0: 0x80005526 (0x00001e7d) c.addi  t3, -1
core   0: 3 0x80005526 (0x1e7d) x28 0xfffffffe
core   0: 0x80005528 (0x00008e85) c.sub   a3, s1
core   0: 3 0x80005528 (0x8e85) x13 0x494169f3
core   0: 0x8000552a (0x0b918313) addi    t1, gp, 185
core   0: 3 0x8000552a (0x0b918313) x 6 0x000000b9
core   0: 0x8000552e (0x0017c333) xor     t1, a5, ra
core   0: 3 0x8000552e (0x0017c333) x 6 0xffffffff
core   0: 0x80005532 (0x012c7f33) and     t5, s8, s2
core   0: 3 0x80005532 (0x012c7f33) x30 0x00000000
core   0: 0x80005536 (0x02fbcab3) div     s5, s7, a5
core   0: 3 0x80005536 (0x02fbcab3) x21 0xffffffff
core   0: 0x8000553a (0x00000001) c.nop
core   0: 3 0x8000553a (0x0001)
core   0: 0x8000553c (0xc4141a37) lui     s4, 0xc4141
core   0: 3 0x8000553c (0xc4141a37) x20 0xc4141000
core   0: 0x80005540 (0x03e8b5b3) mulhu   a1, a7, t5
core   0: 3 0x80005540 (0x03e8b5b3) x11 0x00000000
core   0: 0x80005544 (0x554bc493) xori    s1, s7, 1364
core   0: 3 0x80005544 (0x554bc493) x 9 0x00000554
core   0: 0x80005548 (0x00000001) c.nop
core   0: 3 0x80005548 (0x0001)
core   0: 0x8000554a (0x00008085) c.srli  s1, 1
core   0: 3 0x8000554a (0x8085) x 9 0x000002aa
core   0: 0x8000554c (0x1c344737) lui     a4, 0x1c344
core   0: 3 0x8000554c (0x1c344737) x14 0x1c344000
core   0: 0x80005550 (0x00001461) c.addi  s0, -8
core   0: 3 0x80005550 (0x1461) x 8 0x00000000
core   0: 0x80005552 (0x0334c5b3) div     a1, s1, s3
core   0: 3 0x80005552 (0x0334c5b3) x11 0x00000019
core   0: 0x80005556 (0x0000d87d) c.beqz  s0, pc - 10
core   0: 3 0x80005556 (0xd87d)
core   0: 0x8000554c (0x1c344737) lui     a4, 0x1c344
core   0: 3 0x8000554c (0x1c344737) x14 0x1c344000
core   0: 0x80005550 (0x00001461) c.addi  s0, -8
core   0: 3 0x80005550 (0x1461) x 8 0xfffffff8
core   0: 0x80005552 (0x0334c5b3) div     a1, s1, s3
core   0: 3 0x80005552 (0x0334c5b3) x11 0x00000019
core   0: 0x80005556 (0x0000d87d) c.beqz  s0, pc - 10
core   0: 3 0x80005556 (0xd87d)
core   0: 0x80005558 (0x02e13937) lui     s2, 0x2e13
core   0: 3 0x80005558 (0x02e13937) x18 0x02e13000
core   0: 0x8000555c (0xfbb55fe3) bge     a0, s11, pc - 66
core   0: 3 0x8000555c (0xfbb55fe3)
core   0: 0x8000551a (0x00008e25) c.xor   a2, s1
core   0: 3 0x8000551a (0x8e25) x12 0xb8c93428
core   0: 0x8000551c (0x0000156d) c.addi  a0, -5
core   0: 3 0x8000551c (0x156d) x10 0xfffffff7
core   0: 0x8000551e (0x00e13233) sltu    tp, sp, a4
core   0: 3 0x8000551e (0x00e13233) x 4 0x00000000
core   0: 0x80005522 (0x00800413) li      s0, 8
core   0: 3 0x80005522 (0x00800413) x 8 0x00000008
core   0: 0x80005526 (0x00001e7d) c.addi  t3, -1
core   0: 3 0x80005526 (0x1e7d) x28 0xfffffffd
core   0: 0x80005528 (0x00008e85) c.sub   a3, s1
core   0: 3 0x80005528 (0x8e85) x13 0x49416749
core   0: 0x8000552a (0x0b918313) addi    t1, gp, 185
core   0: 3 0x8000552a (0x0b918313) x 6 0x000000b9
core   0: 0x8000552e (0x0017c333) xor     t1, a5, ra
core   0: 3 0x8000552e (0x0017c333) x 6 0xffffffff
core   0: 0x80005532 (0x012c7f33) and     t5, s8, s2
core   0: 3 0x80005532 (0x012c7f33) x30 0x00000000
core   0: 0x80005536 (0x02fbcab3) div     s5, s7, a5
core   0: 3 0x80005536 (0x02fbcab3) x21 0xffffffff
core   0: 0x8000553a (0x00000001) c.nop
core   0: 3 0x8000553a (0x0001)
core   0: 0x8000553c (0xc4141a37) lui     s4, 0xc4141
core   0: 3 0x8000553c (0xc4141a37) x20 0xc4141000
core   0: 0x80005540 (0x03e8b5b3) mulhu   a1, a7, t5
core   0: 3 0x80005540 (0x03e8b5b3) x11 0x00000000
core   0: 0x80005544 (0x554bc493) xori    s1, s7, 1364
core   0: 3 0x80005544 (0x554bc493) x 9 0x00000554
core   0: 0x80005548 (0x00000001) c.nop
core   0: 3 0x80005548 (0x0001)
core   0: 0x8000554a (0x00008085) c.srli  s1, 1
core   0: 3 0x8000554a (0x8085) x 9 0x000002aa
core   0: 0x8000554c (0x1c344737) lui     a4, 0x1c344
core   0: 3 0x8000554c (0x1c344737) x14 0x1c344000
core   0: 0x80005550 (0x00001461) c.addi  s0, -8
core   0: 3 0x80005550 (0x1461) x 8 0x00000000
core   0: 0x80005552 (0x0334c5b3) div     a1, s1, s3
core   0: 3 0x80005552 (0x0334c5b3) x11 0x00000019
core   0: 0x80005556 (0x0000d87d) c.beqz  s0, pc - 10
core   0: 3 0x80005556 (0xd87d)
core   0: 0x8000554c (0x1c344737) lui     a4, 0x1c344
core   0: 3 0x8000554c (0x1c344737) x14 0x1c344000
core   0: 0x80005550 (0x00001461) c.addi  s0, -8
core   0: 3 0x80005550 (0x1461) x 8 0xfffffff8
core   0: 0x80005552 (0x0334c5b3) div     a1, s1, s3
core   0: 3 0x80005552 (0x0334c5b3) x11 0x00000019
core   0: 0x80005556 (0x0000d87d) c.beqz  s0, pc - 10
core   0: 3 0x80005556 (0xd87d)
core   0: 0x80005558 (0x02e13937) lui     s2, 0x2e13
core   0: 3 0x80005558 (0x02e13937) x18 0x02e13000
core   0: 0x8000555c (0xfbb55fe3) bge     a0, s11, pc - 66
core   0: 3 0x8000555c (0xfbb55fe3)
core   0: 0x8000551a (0x00008e25) c.xor   a2, s1
core   0: 3 0x8000551a (0x8e25) x12 0xb8c93682
core   0: 0x8000551c (0x0000156d) c.addi  a0, -5
core   0: 3 0x8000551c (0x156d) x10 0xfffffff2
core   0: 0x8000551e (0x00e13233) sltu    tp, sp, a4
core   0: 3 0x8000551e (0x00e13233) x 4 0x00000000
core   0: 0x80005522 (0x00800413) li      s0, 8
core   0: 3 0x80005522 (0x00800413) x 8 0x00000008
core   0: 0x80005526 (0x00001e7d) c.addi  t3, -1
core   0: 3 0x80005526 (0x1e7d) x28 0xfffffffc
core   0: 0x80005528 (0x00008e85) c.sub   a3, s1
core   0: 3 0x80005528 (0x8e85) x13 0x4941649f
core   0: 0x8000552a (0x0b918313) addi    t1, gp, 185
core   0: 3 0x8000552a (0x0b918313) x 6 0x000000b9
core   0: 0x8000552e (0x0017c333) xor     t1, a5, ra
core   0: 3 0x8000552e (0x0017c333) x 6 0xffffffff
core   0: 0x80005532 (0x012c7f33) and     t5, s8, s2
core   0: 3 0x80005532 (0x012c7f33) x30 0x00000000
core   0: 0x80005536 (0x02fbcab3) div     s5, s7, a5
core   0: 3 0x80005536 (0x02fbcab3) x21 0xffffffff
core   0: 0x8000553a (0x00000001) c.nop
core   0: 3 0x8000553a (0x0001)
core   0: 0x8000553c (0xc4141a37) lui     s4, 0xc4141
core   0: 3 0x8000553c (0xc4141a37) x20 0xc4141000
core   0: 0x80005540 (0x03e8b5b3) mulhu   a1, a7, t5
core   0: 3 0x80005540 (0x03e8b5b3) x11 0x00000000
core   0: 0x80005544 (0x554bc493) xori    s1, s7, 1364
core   0: 3 0x80005544 (0x554bc493) x 9 0x00000554
core   0: 0x80005548 (0x00000001) c.nop
core   0: 3 0x80005548 (0x0001)
core   0: 0x8000554a (0x00008085) c.srli  s1, 1
core   0: 3 0x8000554a (0x8085) x 9 0x000002aa
core   0: 0x8000554c (0x1c344737) lui     a4, 0x1c344
core   0: 3 0x8000554c (0x1c344737) x14 0x1c344000
core   0: 0x80005550 (0x00001461) c.addi  s0, -8
core   0: 3 0x80005550 (0x1461) x 8 0x00000000
core   0: 0x80005552 (0x0334c5b3) div     a1, s1, s3
core   0: 3 0x80005552 (0x0334c5b3) x11 0x00000019
core   0: 0x80005556 (0x0000d87d) c.beqz  s0, pc - 10
core   0: 3 0x80005556 (0xd87d)
core   0: 0x8000554c (0x1c344737) lui     a4, 0x1c344
core   0: 3 0x8000554c (0x1c344737) x14 0x1c344000
core   0: 0x80005550 (0x00001461) c.addi  s0, -8
core   0: 3 0x80005550 (0x1461) x 8 0xfffffff8
core   0: 0x80005552 (0x0334c5b3) div     a1, s1, s3
core   0: 3 0x80005552 (0x0334c5b3) x11 0x00000019
core   0: 0x80005556 (0x0000d87d) c.beqz  s0, pc - 10
core   0: 3 0x80005556 (0xd87d)
core   0: 0x80005558 (0x02e13937) lui     s2, 0x2e13
core   0: 3 0x80005558 (0x02e13937) x18 0x02e13000
core   0: 0x8000555c (0xfbb55fe3) bge     a0, s11, pc - 66
core   0: 3 0x8000555c (0xfbb55fe3)
core   0: 0x8000551a (0x00008e25) c.xor   a2, s1
core   0: 3 0x8000551a (0x8e25) x12 0xb8c93428
core   0: 0x8000551c (0x0000156d) c.addi  a0, -5
core   0: 3 0x8000551c (0x156d) x10 0xffffffed
core   0: 0x8000551e (0x00e13233) sltu    tp, sp, a4
core   0: 3 0x8000551e (0x00e13233) x 4 0x00000000
core   0: 0x80005522 (0x00800413) li      s0, 8
core   0: 3 0x80005522 (0x00800413) x 8 0x00000008
core   0: 0x80005526 (0x00001e7d) c.addi  t3, -1
core   0: 3 0x80005526 (0x1e7d) x28 0xfffffffb
core   0: 0x80005528 (0x00008e85) c.sub   a3, s1
core   0: 3 0x80005528 (0x8e85) x13 0x494161f5
core   0: 0x8000552a (0x0b918313) addi    t1, gp, 185
core   0: 3 0x8000552a (0x0b918313) x 6 0x000000b9
core   0: 0x8000552e (0x0017c333) xor     t1, a5, ra
core   0: 3 0x8000552e (0x0017c333) x 6 0xffffffff
core   0: 0x80005532 (0x012c7f33) and     t5, s8, s2
core   0: 3 0x80005532 (0x012c7f33) x30 0x00000000
core   0: 0x80005536 (0x02fbcab3) div     s5, s7, a5
core   0: 3 0x80005536 (0x02fbcab3) x21 0xffffffff
core   0: 0x8000553a (0x00000001) c.nop
core   0: 3 0x8000553a (0x0001)
core   0: 0x8000553c (0xc4141a37) lui     s4, 0xc4141
core   0: 3 0x8000553c (0xc4141a37) x20 0xc4141000
core   0: 0x80005540 (0x03e8b5b3) mulhu   a1, a7, t5
core   0: 3 0x80005540 (0x03e8b5b3) x11 0x00000000
core   0: 0x80005544 (0x554bc493) xori    s1, s7, 1364
core   0: 3 0x80005544 (0x554bc493) x 9 0x00000554
core   0: 0x80005548 (0x00000001) c.nop
core   0: 3 0x80005548 (0x0001)
core   0: 0x8000554a (0x00008085) c.srli  s1, 1
core   0: 3 0x8000554a (0x8085) x 9 0x000002aa
core   0: 0x8000554c (0x1c344737) lui     a4, 0x1c344
core   0: 3 0x8000554c (0x1c344737) x14 0x1c344000
core   0: 0x80005550 (0x00001461) c.addi  s0, -8
core   0: 3 0x80005550 (0x1461) x 8 0x00000000
core   0: 0x80005552 (0x0334c5b3) div     a1, s1, s3
core   0: 3 0x80005552 (0x0334c5b3) x11 0x00000019
core   0: 0x80005556 (0x0000d87d) c.beqz  s0, pc - 10
core   0: 3 0x80005556 (0xd87d)
core   0: 0x8000554c (0x1c344737) lui     a4, 0x1c344
core   0: 3 0x8000554c (0x1c344737) x14 0x1c344000
core   0: 0x80005550 (0x00001461) c.addi  s0, -8
core   0: 3 0x80005550 (0x1461) x 8 0xfffffff8
core   0: 0x80005552 (0x0334c5b3) div     a1, s1, s3
core   0: 3 0x80005552 (0x0334c5b3) x11 0x00000019
core   0: 0x80005556 (0x0000d87d) c.beqz  s0, pc - 10
core   0: 3 0x80005556 (0xd87d)
core   0: 0x80005558 (0x02e13937) lui     s2, 0x2e13
core   0: 3 0x80005558 (0x02e13937) x18 0x02e13000
core   0: 0x8000555c (0xfbb55fe3) bge     a0, s11, pc - 66
core   0: 3 0x8000555c (0xfbb55fe3)
core   0: 0x80005560 (0x031af0b3) remu    ra, s5, a7
core   0: 3 0x80005560 (0x031af0b3) x 1 0x00000000
core   0: 0x80005564 (0x01b892b3) sll     t0, a7, s11
core   0: 3 0x80005564 (0x01b892b3) x 5 0xffff0000
core   0: 0x80005568 (0x0000836a) c.mv    t1, s10
core   0: 3 0x80005568 (0x836a) x 6 0x80022e64
core   0: 0x8000556a (0x00ed98b3) sll     a7, s11, a4
core   0: 3 0x8000556a (0x00ed98b3) x17 0xfffffff0
core   0: 0x8000556e (0x407104b3) sub     s1, sp, t2
core   0: 3 0x8000556e (0x407104b3) x 9 0x80026ce5
core   0: 0x80005572 (0x00824263) blt     tp, s0, pc + 4
core   0: 3 0x80005572 (0x00824263)
core   0: 0x80005576 (0x00008ec9) c.or    a3, a0
core   0: 3 0x80005576 (0x8ec9) x13 0xfffffffd
core   0: 0x80005578 (0x00000001) c.nop
core   0: 3 0x80005578 (0x0001)
core   0: 0x8000557a (0x017f8663) beq     t6, s7, pc + 12
core   0: 3 0x8000557a (0x017f8663)
core   0: 0x8000557e (0x00fa5a33) srl     s4, s4, a5
core   0: 3 0x8000557e (0x00fa5a33) x20 0xc4141000
core   0: 0x80005582 (0x0000100f) fence.i
core   0: 3 0x80005582 (0x0000100f)
core   0: 0x80005586 (0x41ea5213) srai    tp, s4, 30
core   0: 3 0x80005586 (0x41ea5213) x 4 0xffffffff
core   0: 0x8000558a (0x5e36e993) ori     s3, a3, 1507
core   0: 3 0x8000558a (0x5e36e993) x19 0xffffffff
core   0: 0x8000558e (0x02a5cc33) div     s8, a1, a0
core   0: 3 0x8000558e (0x02a5cc33) x24 0xffffffff
core   0: 0x80005592 (0x01d7cbb3) xor     s7, a5, t4
core   0: 3 0x80005592 (0x01d7cbb3) x23 0xffff0c04
core   0: 0x80005596 (0x00ac44b3) xor     s1, s8, a0
core   0: 3 0x80005596 (0x00ac44b3) x 9 0x00000012
core   0: 0x8000559a (0x01425f33) srl     t5, tp, s4
core   0: 3 0x8000559a (0x01425f33) x30 0xffffffff
core   0: 0x8000559e (0x0000147d) c.addi  s0, -1
core   0: 3 0x8000559e (0x147d) x 8 0xfffffff7
core   0: 0x800055a0 (0x003e1013) slli    zero, t3, 3
core   0: 3 0x800055a0 (0x003e1013)
core   0: 0x800055a4 (0x40170f33) sub     t5, a4, ra
core   0: 3 0x800055a4 (0x40170f33) x30 0x1c344000
core   0: 0x800055a8 (0x00f45493) srli    s1, s0, 15
core   0: 3 0x800055a8 (0x00f45493) x 9 0x0001ffff
core   0: 0x800055ac (0x0ff0000f) fence   iorw,iorw
core   0: 3 0x800055ac (0x0ff0000f)
core   0: 0x800055b0 (0x01af9b33) sll     s6, t6, s10
core   0: 3 0x800055b0 (0x01af9b33) x22 0x001a0000
core   0: 0x800055b4 (0x000049cd) c.li    s3, 19
core   0: 3 0x800055b4 (0x49cd) x19 0x00000013
core   0: 0x800055b6 (0xd34b4b93) xori    s7, s6, -716
core   0: 3 0x800055b6 (0xd34b4b93) x23 0xffe5fd34
core   0: 0x800055ba (0x51340f13) addi    t5, s0, 1299
core   0: 3 0x800055ba (0x51340f13) x30 0x0000050a
core   0: 0x800055be (0x00005bfd) c.li    s7, -1
core   0: 3 0x800055be (0x5bfd) x23 0xffffffff
core   0: 0x800055c0 (0x00008cbd) c.xor   s1, a5
core   0: 3 0x800055c0 (0x8cbd) x 9 0x0001ffff
core   0: 0x800055c2 (0x00000001) c.nop
core   0: 3 0x800055c2 (0x0001)
core   0: 0x800055c4 (0x0122ae33) slt     t3, t0, s2
core   0: 3 0x800055c4 (0x0122ae33) x28 0x00000001
core   0: 0x800055c8 (0x02d31533) mulh    a0, t1, a3
core   0: 3 0x800055c8 (0x02d31533) x10 0x00000001
core   0: 0x800055cc (0x01c6d513) srli    a0, a3, 28
core   0: 3 0x800055cc (0x01c6d513) x10 0x0000000f
core   0: 0x800055d0 (0xc736c693) xori    a3, a3, -909
core   0: 3 0x800055d0 (0xc736c693) x13 0x0000038e
core   0: 0x800055d4 (0x014cb2b3) sltu    t0, s9, s4
core   0: 3 0x800055d4 (0x014cb2b3) x 5 0x00000001
core   0: 0x800055d8 (0x00008025) c.srli  s0, 9
core   0: 3 0x800055d8 (0x8025) x 8 0x007fffff
core   0: 0x800055da (0x0000100f) fence.i
core   0: 3 0x800055da (0x0000100f)
core   0: 0x800055de (0x00011733) sll     a4, sp, zero
core   0: 3 0x800055de (0x00011733) x14 0x80026ce4
core   0: 0x800055e2 (0x4169db33) sra     s6, s3, s6
core   0: 3 0x800055e2 (0x4169db33) x22 0x00000013
core   0: 0x800055e6 (0x02944fb3) div     t6, s0, s1
core   0: 3 0x800055e6 (0x02944fb3) x31 0x00000040
core   0: 0x800055ea (0x00057eb3) and     t4, a0, zero
core   0: 3 0x800055ea (0x00057eb3) x29 0x00000000
core   0: 0x800055ee (0x005f4c63) blt     t5, t0, pc + 24
core   0: 3 0x800055ee (0x005f4c63)
core   0: 0x800055f2 (0x038299b3) mulh    s3, t0, s8
core   0: 3 0x800055f2 (0x038299b3) x19 0xffffffff
core   0: 0x800055f6 (0x02719c63) bne     gp, t2, pc + 56
core   0: 3 0x800055f6 (0x02719c63)
core   0: 0x8000562e (0x00b1d663) bge     gp, a1, pc + 12
core   0: 3 0x8000562e (0x00b1d663)
core   0: 0x80005632 (0x0000810d) c.srli  a0, 3
core   0: 3 0x80005632 (0x810d) x10 0x00000001
core   0: 0x80005634 (0x0000880d) c.andi  s0, 3
core   0: 3 0x80005634 (0x880d) x 8 0x00000003
core   0: 0x80005636 (0x86c23db7) lui     s11, 0x86c23
core   0: 3 0x80005636 (0x86c23db7) x27 0x86c23000
core   0: 0x8000563a (0x00008866) c.mv    a6, s9
core   0: 3 0x8000563a (0x8866) x16 0x4776c4e8
core   0: 0x8000563c (0x01874963) blt     a4, s8, pc + 18
core   0: 3 0x8000563c (0x01874963)
core   0: 0x8000564e (0x013354b3) srl     s1, t1, s3
core   0: 3 0x8000564e (0x013354b3) x 9 0x00000001
core   0: 0x80005652 (0x01be0533) add     a0, t3, s11
core   0: 3 0x80005652 (0x01be0533) x10 0x86c23001
core   0: 0x80005656 (0x03c57963) bgeu    a0, t3, pc + 50
core   0: 3 0x80005656 (0x03c57963)
core   0: 0x80005688 (0x0354e6b3) rem     a3, s1, s5
core   0: 3 0x80005688 (0x0354e6b3) x13 0x00000000
core   0: 0x8000568c (0x02b91663) bne     s2, a1, pc + 44
core   0: 3 0x8000568c (0x02b91663)
core   0: 0x800056b8 (0x03257933) remu    s2, a0, s2
core   0: 3 0x800056b8 (0x03257933) x18 0x024b9001
core   0: 0x800056bc (0x00da8963) beq     s5, a3, pc + 18
core   0: 3 0x800056bc (0x00da8963)
core   0: 0x800056c0 (0x02a1c533) div     a0, gp, a0
core   0: 3 0x800056c0 (0x02a1c533) x10 0x00000000
core   0: 0x800056c4 (0x41d58cb3) sub     s9, a1, t4
core   0: 3 0x800056c4 (0x41d58cb3) x25 0x00000019
core   0: 0x800056c8 (0x0305b6b3) mulhu   a3, a1, a6
core   0: 3 0x800056c8 (0x0305b6b3) x13 0x00000006
core   0: 0x800056cc (0x00008d11) c.sub   a0, a2
core   0: 3 0x800056cc (0x8d11) x10 0x4736cbd8
core   0: 0x800056ce (0x0ff0000f) fence   iorw,iorw
core   0: 3 0x800056ce (0x0ff0000f)
core   0: 0x800056d2 (0x0000800d) c.srli  s0, 3
core   0: 3 0x800056d2 (0x800d) x 8 0x00000000
core   0: 0x800056d4 (0x00008f25) c.xor   a4, s1
core   0: 3 0x800056d4 (0x8f25) x14 0x80026ce5
core   0: 0x800056d6 (0x000099fd) c.andi  a1, -1
core   0: 3 0x800056d6 (0x99fd) x11 0x00000019
core   0: 0x800056d8 (0x0000100f) fence.i
core   0: 3 0x800056d8 (0x0000100f)
core   0: 0x800056dc (0x05704d93) xori    s11, zero, 87
core   0: 3 0x800056dc (0x05704d93) x27 0x00000057
core   0: 0x800056e0 (0x032d1ab3) mulh    s5, s10, s2
core   0: 3 0x800056e0 (0x032d1ab3) x21 0xfeda3d01
core   0: 0x800056e4 (0x41560bb3) sub     s7, a2, s5
core   0: 3 0x800056e4 (0x41560bb3) x23 0xb9eef727
core   0: 0x800056e8 (0x0095de93) srli    t4, a1, 9
core   0: 3 0x800056e8 (0x0095de93) x29 0x00000000
core   0: 0x800056ec (0x000080f1) c.srli  s1, 28
core   0: 3 0x800056ec (0x80f1) x 9 0x00000000
core   0: 0x800056ee (0x02c2d863) bge     t0, a2, pc + 48
core   0: 3 0x800056ee (0x02c2d863)
core   0: 0x8000571e (0x035810b3) mulh    ra, a6, s5
core   0: 3 0x8000571e (0x035810b3) x 1 0xffadfea1
core   0: 0x80005722 (0x00008d79) c.and   a0, a4
core   0: 3 0x80005722 (0x8d79) x10 0x000248c0
core   0: 0x80005724 (0x0396cd63) blt     a3, s9, pc + 58
core   0: 3 0x80005724 (0x0396cd63)
core   0: 0x8000575e (0x926bc413) xori    s0, s7, -1754
core   0: 3 0x8000575e (0x926bc413) x 8 0x46110e01
core   0: 0x80005762 (0x0000537d) c.li    t1, -1
core   0: 3 0x80005762 (0x537d) x 6 0xffffffff
core   0: 0x80005764 (0x001a8e33) add     t3, s5, ra
core   0: 3 0x80005764 (0x001a8e33) x28 0xfe883ba2
core   0: 0x80005768 (0x00004cc5) c.li    s9, 17
core   0: 3 0x80005768 (0x4cc5) x25 0x00000011
core   0: 0x8000576a (0x00008c1d) c.sub   s0, a5
core   0: 3 0x8000576a (0x8c1d) x 8 0x46110e01
core   0: 0x8000576c (0x91548293) addi    t0, s1, -1771
core   0: 3 0x8000576c (0x91548293) x 5 0xfffff915
core   0: 0x80005770 (0x0ff0000f) fence   iorw,iorw
core   0: 3 0x80005770 (0x0ff0000f)
core   0: 0x80005774 (0x00c6df93) srli    t6, a3, 12
core   0: 3 0x80005774 (0x00c6df93) x31 0x00000000
core   0: 0x80005778 (0x81972e13) slti    t3, a4, -2023
core   0: 3 0x80005778 (0x81972e13) x28 0x00000001
core   0: 0x8000577c (0x00000001) c.nop
core   0: 3 0x8000577c (0x0001)
core   0: 0x8000577e (0xabf60813) addi    a6, a2, -1345
core   0: 3 0x8000577e (0xabf60813) x16 0xb8c92ee7
core   0: 0x80005782 (0x00008ec5) c.or    a3, s1
core   0: 3 0x80005782 (0x8ec5) x13 0x00000006
core   0: 0x80005784 (0x0000834d) c.srli  a4, 19
core   0: 3 0x80005784 (0x834d) x14 0x00001000
core   0: 0x80005786 (0x0000e00d) c.bnez  s0, pc + 34
core   0: 3 0x80005786 (0xe00d)
core   0: 0x800057a8 (0x027f40b3) div     ra, t5, t2
core   0: 3 0x800057a8 (0x027f40b3) x 1 0xfffffaf6
core   0: 0x800057ac (0x00008dd9) c.or    a1, a4
core   0: 3 0x800057ac (0x8dd9) x11 0x00001019
core   0: 0x800057ae (0x000066d9) c.lui   a3, 0x16
core   0: 3 0x800057ae (0x66d9) x13 0x00016000
core   0: 0x800057b0 (0x05bde163) bltu    s11, s11, pc + 66
core   0: 3 0x800057b0 (0x05bde163)
core   0: 0x800057b4 (0x00cb43b3) xor     t2, s6, a2
core   0: 3 0x800057b4 (0x00cb43b3) x 7 0xb8c9343b
core   0: 0x800057b8 (0x0000100f) fence.i
core   0: 3 0x800057b8 (0x0000100f)
core   0: 0x800057bc (0x03b9f1b3) remu    gp, s3, s11
core   0: 3 0x800057bc (0x03b9f1b3) x 3 0x0000000f
core   0: 0x800057c0 (0x0000e995) c.bnez  a1, pc + 52
core   0: 3 0x800057c0 (0xe995)
core   0: 0x800057f4 (0x02e53b33) mulhu   s6, a0, a4
core   0: 3 0x800057f4 (0x02e53b33) x22 0x00000000
core   0: 0x800057f8 (0x00009b7d) c.andi  a4, -1
core   0: 3 0x800057f8 (0x9b7d) x14 0x00001000
core   0: 0x800057fa (0x00008491) c.srai  s1, 4
core   0: 3 0x800057fa (0x8491) x 9 0x00000000
core   0: 0x800057fc (0x00962c33) slt     s8, a2, s1
core   0: 3 0x800057fc (0x00962c33) x24 0x00000001
core   0: 0x80005800 (0x0ff0000f) fence   iorw,iorw
core   0: 3 0x80005800 (0x0ff0000f)
core   0: 0x80005804 (0xefc26493) ori     s1, tp, -260
core   0: 3 0x80005804 (0xefc26493) x 9 0xffffffff
core   0: 0x80005808 (0x03410a63) beq     sp, s4, pc + 52
core   0: 3 0x80005808 (0x03410a63)
core   0: 0x8000580c (0x000086c5) c.srai  a3, 17
core   0: 3 0x8000580c (0x86c5) x13 0x00000000
core   0: 0x8000580e (0x002d8e63) beq     s11, sp, pc + 28
core   0: 3 0x8000580e (0x002d8e63)
core   0: 0x80005812 (0x00008531) c.srai  a0, 12
core   0: 3 0x80005812 (0x8531) x10 0x00000024
core   0: 0x80005814 (0x0138c463) blt     a7, s3, pc + 8
core   0: 3 0x80005814 (0x0138c463)
core   0: 0x8000581c (0x0000567d) c.li    a2, -1
core   0: 3 0x8000581c (0x567d) x12 0xffffffff
core   0: 0x8000581e (0x015fd813) srli    a6, t6, 21
core   0: 3 0x8000581e (0x015fd813) x16 0x00000000
core   0: 0x80005822 (0x005d63b3) or      t2, s10, t0
core   0: 3 0x80005822 (0x005d63b3) x 7 0xffffff75
core   0: 0x80005826 (0x033693b3) mulh    t2, a3, s3
core   0: 3 0x80005826 (0x033693b3) x 7 0x00000000
core   0: 0x8000582a (0x013ba3b3) slt     t2, s7, s3
core   0: 3 0x8000582a (0x013ba3b3) x 7 0x00000001
core   0: 0x8000582e (0x0032a1b3) slt     gp, t0, gp
core   0: 3 0x8000582e (0x0032a1b3) x 3 0x00000001
core   0: 0x80005832 (0x003e7a33) and     s4, t3, gp
core   0: 3 0x80005832 (0x003e7a33) x20 0x00000001
core   0: 0x80005836 (0x000065a5) c.lui   a1, 0x9
core   0: 3 0x80005836 (0x65a5) x11 0x00009000
core   0: 0x80005838 (0x2b056b93) ori     s7, a0, 688
core   0: 3 0x80005838 (0x2b056b93) x23 0x000002b4
core   0: 0x8000583c (0x404cdf93) srai    t6, s9, 4
core   0: 3 0x8000583c (0x404cdf93) x31 0x00000001
core   0: 0x80005840 (0x00004441) c.li    s0, 16
core   0: 3 0x80005840 (0x4441) x 8 0x00000010
core   0: 0x80005842 (0x0000ef1d) c.bnez  a4, pc + 62
core   0: 3 0x80005842 (0xef1d)
core   0: 0x80005880 (0x00000001) c.nop
core   0: 3 0x80005880 (0x0001)
core   0: 0x80005882 (0x0083f263) bgeu    t2, s0, pc + 4
core   0: 3 0x80005882 (0x0083f263)
core   0: 0x80005886 (0x0235c917) auipc   s2, 0x235c
core   0: 3 0x80005886 (0x0235c917) x18 0x82361886
core   0: 0x8000588a (0x02418863) beq     gp, tp, pc + 48
core   0: 3 0x8000588a (0x02418863)
core   0: 0x8000588e (0x0000609d) c.lui   ra, 0x7
core   0: 3 0x8000588e (0x609d) x 1 0x00007000
core   0: 0x80005890 (0x4114d233) sra     tp, s1, a7
core   0: 3 0x80005890 (0x4114d233) x 4 0xffffffff
core   0: 0x80005894 (0x0000897d) c.andi  a0, 31
core   0: 3 0x80005894 (0x897d) x10 0x00000004
core   0: 0x80005896 (0x01846b63) bltu    s0, s8, pc + 22
core   0: 3 0x80005896 (0x01846b63)
core   0: 0x8000589a (0x03d258b3) divu    a7, tp, t4
core   0: 3 0x8000589a (0x03d258b3) x17 0xffffffff
core   0: 0x8000589e (0x0139a533) slt     a0, s3, s3
core   0: 3 0x8000589e (0x0139a533) x10 0x00000000
core   0: 0x800058a2 (0x57310fb7) lui     t6, 0x57310
core   0: 3 0x800058a2 (0x57310fb7) x31 0x57310000
core   0: 0x800058a6 (0x0000e99d) c.bnez  a1, pc + 54
core   0: 3 0x800058a6 (0xe99d)
core   0: 0x800058dc (0x00aa1033) sll     zero, s4, a0
core   0: 3 0x800058dc (0x00aa1033)
core   0: 0x800058e0 (0x03bea833) mulhsu  a6, t4, s11
core   0: 3 0x800058e0 (0x03bea833) x16 0x00000000
core   0: 0x800058e4 (0x00009afd) c.andi  a3, -1
core   0: 3 0x800058e4 (0x9afd) x13 0x00000000
core   0: 0x800058e6 (0x009f0563) beq     t5, s1, pc + 10
core   0: 3 0x800058e6 (0x009f0563)
core   0: 0x800058ea (0x00006ca1) c.lui   s9, 0x8
core   0: 3 0x800058ea (0x6ca1) x25 0x00008000
core   0: 0x800058ec (0x98d96d93) ori     s11, s2, -1651
core   0: 3 0x800058ec (0x98d96d93) x27 0xfffff98f
core   0: 0x800058f0 (0x021a9963) bne     s5, ra, pc + 50
core   0: 3 0x800058f0 (0x021a9963)
core   0: 0x80005922 (0x4bee3b13) sltiu   s6, t3, 1214
core   0: 3 0x80005922 (0x4bee3b13) x22 0x00000001
core   0: 0x80005926 (0x92803393) sltiu   t2, zero, -1752
core   0: 3 0x80005926 (0x92803393) x 7 0x00000001
core   0: 0x8000592a (0x0000ed81) c.bnez  a1, pc + 24
core   0: 3 0x8000592a (0xed81)
core   0: 0x80005942 (0x0195a933) slt     s2, a1, s9
core   0: 3 0x80005942 (0x0195a933) x18 0x00000000
core   0: 0x80005946 (0x02e85363) bge     a6, a4, pc + 38
core   0: 3 0x80005946 (0x02e85363)
core   0: 0x8000594a (0x01285593) srli    a1, a6, 18
core   0: 3 0x8000594a (0x01285593) x11 0x00000000
core   0: 0x8000594e (0x02c7ea33) rem     s4, a5, a2
core   0: 3 0x8000594e (0x02c7ea33) x20 0x00000000
core   0: 0x80005952 (0x41505893) srai    a7, zero, 21
core   0: 3 0x80005952 (0x41505893) x17 0x00000000
core   0: 0x80005956 (0x004b5e13) srli    t3, s6, 4
core   0: 3 0x80005956 (0x004b5e13) x28 0x00000000
core   0: 0x8000595a (0x007e56b3) srl     a3, t3, t2
core   0: 3 0x8000595a (0x007e56b3) x13 0x00000000
core   0: 0x8000595e (0x000088a5) c.andi  s1, 9
core   0: 3 0x8000595e (0x88a5) x 9 0x00000009
core   0: 0x80005960 (0x03200f63) beq     zero, s2, pc + 62
core   0: 3 0x80005960 (0x03200f63)
core   0: 0x8000599e (0x03590b33) mul     s6, s2, s5
core   0: 3 0x8000599e (0x03590b33) x22 0x00000000
core   0: 0x800059a2 (0x00008741) c.srai  a4, 16
core   0: 3 0x800059a2 (0x8741) x14 0x00000000
core   0: 0x800059a4 (0x03291833) mulh    a6, s2, s2
core   0: 3 0x800059a4 (0x03291833) x16 0x00000000
core   0: 0x800059a8 (0x00008de5) c.and   a1, s1
core   0: 3 0x800059a8 (0x8de5) x11 0x00000000
core   0: 0x800059aa (0x00000b0a) c.slli  s6, 2
core   0: 3 0x800059aa (0x0b0a) x22 0x00000000
core   0: 0x800059ac (0x033d8a63) beq     s11, s3, pc + 52
core   0: 3 0x800059ac (0x033d8a63)
core   0: 0x800059b0 (0x03e033b3) mulhu   t2, zero, t5
core   0: 3 0x800059b0 (0x03e033b3) x 7 0x00000000
core   0: 0x800059b4 (0x03bb8b33) mul     s6, s7, s11
core   0: 3 0x800059b4 (0x03bb8b33) x22 0xffee968c
core   0: 0x800059b8 (0x6c0d9197) auipc   gp, 0x6c0d9
core   0: 3 0x800059b8 (0x6c0d9197) x 3 0xec0de9b8
core   0: 0x800059bc (0x00e81a13) slli    s4, a6, 14
core   0: 3 0x800059bc (0x00e81a13) x20 0x00000000
core   0: 0x800059c0 (0x00190863) beq     s2, ra, pc + 16
core   0: 3 0x800059c0 (0x00190863)
core   0: 0x800059c4 (0x0ff0000f) fence   iorw,iorw
core   0: 3 0x800059c4 (0x0ff0000f)
core   0: 0x800059c8 (0x4184d693) srai    a3, s1, 24
core   0: 3 0x800059c8 (0x4184d693) x13 0x00000000
core   0: 0x800059cc (0x00000001) c.nop
core   0: 3 0x800059cc (0x0001)
core   0: 0x800059ce (0x0000e419) c.bnez  s0, pc + 14
core   0: 3 0x800059ce (0xe419)
core   0: 0x800059dc (0x0014ee33) or      t3, s1, ra
core   0: 3 0x800059dc (0x0014ee33) x28 0x00007009
core   0: 0x800059e0 (0x03370eb3) mul     t4, a4, s3
core   0: 3 0x800059e0 (0x03370eb3) x29 0x00000000
core   0: 0x800059e4 (0x033e4a63) blt     t3, s3, pc + 52
core   0: 3 0x800059e4 (0x033e4a63)
core   0: 0x800059e8 (0x0000ca89) c.beqz  a3, pc + 18
core   0: 3 0x800059e8 (0xca89)
core   0: 0x800059fa (0x00008ce9) c.and   s1, a0
core   0: 3 0x800059fa (0x8ce9) x 9 0x00000000
core   0: 0x800059fc (0x03762633) mulhsu  a2, a2, s7
core   0: 3 0x800059fc (0x03762633) x12 0xffffffff
core   0: 0x80005a00 (0x00008c1d) c.sub   s0, a5
core   0: 3 0x80005a00 (0x8c1d) x 8 0x00000010
core   0: 0x80005a02 (0x0070fa33) and     s4, ra, t2
core   0: 3 0x80005a02 (0x0070fa33) x20 0x00000000
core   0: 0x80005a06 (0x0000880e) c.mv    a6, gp
core   0: 3 0x80005a06 (0x880e) x16 0xec0de9b8
core   0: 0x80005a08 (0x03dd5833) divu    a6, s10, t4
core   0: 3 0x80005a08 (0x03dd5833) x16 0xffffffff
core   0: 0x80005a0c (0x001076b3) and     a3, zero, ra
core   0: 3 0x80005a0c (0x001076b3) x13 0x00000000
core   0: 0x80005a10 (0x030006b3) mul     a3, zero, a6
core   0: 3 0x80005a10 (0x030006b3) x13 0x00000000
core   0: 0x80005a14 (0x009bbc33) sltu    s8, s7, s1
core   0: 3 0x80005a14 (0x009bbc33) x24 0x00000000
core   0: 0x80005a18 (0x54e23413) sltiu   s0, tp, 1358
core   0: 3 0x80005a18 (0x54e23413) x 8 0x00000000
core   0: 0x80005a1c (0x015bfeb3) and     t4, s7, s5
core   0: 3 0x80005a1c (0x015bfeb3) x29 0x00000000
core   0: 0x80005a20 (0x0259afb3) mulhsu  t6, s3, t0
core   0: 3 0x80005a20 (0x0259afb3) x31 0xffffffff
core   0: 0x80005a24 (0x03bea833) mulhsu  a6, t4, s11
core   0: 3 0x80005a24 (0x03bea833) x16 0x00000000
core   0: 0x80005a28 (0x7810b513) sltiu   a0, ra, 1921
core   0: 3 0x80005a28 (0x7810b513) x10 0x00000000
core   0: 0x80005a2c (0x0096b3b3) sltu    t2, a3, s1
core   0: 3 0x80005a2c (0x0096b3b3) x 7 0x00000000
core   0: 0x80005a30 (0x4e647f13) andi    t5, s0, 1254
core   0: 3 0x80005a30 (0x4e647f13) x30 0x00000000
core   0: 0x80005a34 (0x00008d95) c.sub   a1, a3
core   0: 3 0x80005a34 (0x8d95) x11 0x00000000
core   0: 0x80005a36 (0x7fd6f813) andi    a6, a3, 2045
core   0: 3 0x80005a36 (0x7fd6f813) x16 0x00000000
core   0: 0x80005a3a (0x0000e495) c.bnez  s1, pc + 44
core   0: 3 0x80005a3a (0xe495)
core   0: 0x80005a3c (0x413e5a93) srai    s5, t3, 19
core   0: 3 0x80005a3c (0x413e5a93) x21 0x00000000
core   0: 0x80005a40 (0x03e81a33) mulh    s4, a6, t5
core   0: 3 0x80005a40 (0x03e81a33) x20 0x00000000
core   0: 0x80005a44 (0x02c270b3) remu    ra, tp, a2
core   0: 3 0x80005a44 (0x02c270b3) x 1 0x00000000
core   0: 0x80005a48 (0x1fe18037) lui     zero, 0x1fe18
core   0: 3 0x80005a48 (0x1fe18037)
core   0: 0x80005a4c (0x00005c7d) c.li    s8, -1
core   0: 3 0x80005a4c (0x5c7d) x24 0xffffffff
core   0: 0x80005a4e (0x0000100f) fence.i
core   0: 3 0x80005a4e (0x0000100f)
core   0: 0x80005a52 (0x01c47e33) and     t3, s0, t3
core   0: 3 0x80005a52 (0x01c47e33) x28 0x00000000
core   0: 0x80005a56 (0x00008d71) c.and   a0, a2
core   0: 3 0x80005a56 (0x8d71) x10 0x00000000
core   0: 0x80005a58 (0x025246b3) div     a3, tp, t0
core   0: 3 0x80005a58 (0x025246b3) x13 0x00000000
core   0: 0x80005a5c (0x000019fd) c.addi  s3, -1
core   0: 3 0x80005a5c (0x19fd) x19 0xfffffffe
core   0: 0x80005a5e (0x0368c533) div     a0, a7, s6
core   0: 3 0x80005a5e (0x0368c533) x10 0x00000000
core   0: 0x80005a62 (0x00b4ca63) blt     s1, a1, pc + 20
core   0: 3 0x80005a62 (0x00b4ca63)
core   0: 0x80005a66 (0x00ba1093) slli    ra, s4, 11
core   0: 3 0x80005a66 (0x00ba1093) x 1 0x00000000
core   0: 0x80005a6a (0x02f1fab3) remu    s5, gp, a5
core   0: 3 0x80005a6a (0x02f1fab3) x21 0xec0de9b8
core   0: 0x80005a6e (0x01ab5cb3) srl     s9, s6, s10
core   0: 3 0x80005a6e (0x01ab5cb3) x25 0x0ffee968
core   0: 0x80005a72 (0x008f8d63) beq     t6, s0, pc + 26
core   0: 3 0x80005a72 (0x008f8d63)
core   0: 0x80005a76 (0x40aed013) srai    zero, t4, 10
core   0: 3 0x80005a76 (0x40aed013)
core   0: 0x80005a7a (0x009c4733) xor     a4, s8, s1
core   0: 3 0x80005a7a (0x009c4733) x14 0xffffffff
core   0: 0x80005a7e (0x00008dd2) c.mv    s11, s4
core   0: 3 0x80005a7e (0x8dd2) x27 0x00000000
core   0: 0x80005a80 (0x01468f33) add     t5, a3, s4
core   0: 3 0x80005a80 (0x01468f33) x30 0x00000000
core   0: 0x80005a84 (0x00e402b3) add     t0, s0, a4
core   0: 3 0x80005a84 (0x00e402b3) x 5 0xffffffff
core   0: 0x80005a88 (0x923ae6b7) lui     a3, 0x923ae
core   0: 3 0x80005a88 (0x923ae6b7) x13 0x923ae000
core   0: 0x80005a8c (0x00e5edb3) or      s11, a1, a4
core   0: 3 0x80005a8c (0x00e5edb3) x27 0xffffffff
core   0: 0x80005a90 (0xc12383b7) lui     t2, 0xc1238
core   0: 3 0x80005a90 (0xc12383b7) x 7 0xc1238000
core   0: 0x80005a94 (0x0000921a) c.add   tp, t1
core   0: 3 0x80005a94 (0x921a) x 4 0xfffffffe
core   0: 0x80005a96 (0x02592633) mulhsu  a2, s2, t0
core   0: 3 0x80005a96 (0x02592633) x12 0x00000000
core   0: 0x80005a9a (0x0000100f) fence.i
core   0: 3 0x80005a9a (0x0000100f)
core   0: 0x80005a9e (0x0005fb63) bgeu    a1, zero, pc + 22
core   0: 3 0x80005a9e (0x0005fb63)
core   0: 0x80005ab4 (0x0031e563) bltu    gp, gp, pc + 10
core   0: 3 0x80005ab4 (0x0031e563)
core   0: 0x80005ab8 (0x0000051a) c.slli  a0, 6
core   0: 3 0x80005ab8 (0x051a) x10 0x00000000
core   0: 0x80005aba (0x0357c9b3) div     s3, a5, s5
core   0: 3 0x80005aba (0x0357c9b3) x19 0x00000000
core   0: 0x80005abe (0x409ed613) srai    a2, t4, 9
core   0: 3 0x80005abe (0x409ed613) x12 0x00000000
core   0: 0x80005ac2 (0x00008d59) c.or    a0, a4
core   0: 3 0x80005ac2 (0x8d59) x10 0xffffffff
core   0: 0x80005ac4 (0x019c9e33) sll     t3, s9, s9
core   0: 3 0x80005ac4 (0x019c9e33) x28 0xfee96800
core   0: 0x80005ac8 (0x00008e19) c.sub   a2, a4
core   0: 3 0x80005ac8 (0x8e19) x12 0x00000001
core   0: 0x80005aca (0x416d5533) sra     a0, s10, s6
core   0: 3 0x80005aca (0x416d5533) x10 0xfff80022
core   0: 0x80005ace (0x006fd4b3) srl     s1, t6, t1
core   0: 3 0x80005ace (0x006fd4b3) x 9 0x00000001
core   0: 0x80005ad2 (0x00008d85) c.sub   a1, s1
core   0: 3 0x80005ad2 (0x8d85) x11 0xffffffff
core   0: 0x80005ad4 (0x031992b3) mulh    t0, s3, a7
core   0: 3 0x80005ad4 (0x031992b3) x 5 0x00000000
core   0: 0x80005ad8 (0x0000100f) fence.i
core   0: 3 0x80005ad8 (0x0000100f)
core   0: 0x80005adc (0x000081e9) c.srli  a1, 26
core   0: 3 0x80005adc (0x81e9) x11 0x0000003f
core   0: 0x80005ade (0x03de5f33) divu    t5, t3, t4
core   0: 3 0x80005ade (0x03de5f33) x30 0xffffffff
core   0: 0x80005ae2 (0x018e3633) sltu    a2, t3, s8
core   0: 3 0x80005ae2 (0x018e3633) x12 0x00000001
core   0: 0x80005ae6 (0x00000535) c.addi  a0, 13
core   0: 3 0x80005ae6 (0x0535) x10 0xfff8002f
core   0: 0x80005ae8 (0x02d23933) mulhu   s2, tp, a3
core   0: 3 0x80005ae8 (0x02d23933) x18 0x923adffe
core   0: 0x80005aec (0x003fd3b3) srl     t2, t6, gp
core   0: 3 0x80005aec (0x003fd3b3) x 7 0x000000ff
core   0: 0x80005af0 (0x0387c063) blt     a5, s8, pc + 32
core   0: 3 0x80005af0 (0x0387c063)
core   0: 0x80005af4 (0x9002c993) xori    s3, t0, -1792
core   0: 3 0x80005af4 (0x9002c993) x19 0xfffff900
core   0: 0x80005af8 (0x022f7563) bgeu    t5, sp, pc + 42
core   0: 3 0x80005af8 (0x022f7563)
core   0: 0x80005b22 (0x41ca0fb3) sub     t6, s4, t3
core   0: 3 0x80005b22 (0x41ca0fb3) x31 0x01169800
core   0: 0x80005b26 (0x27b88013) addi    zero, a7, 635
core   0: 3 0x80005b26 (0x27b88013)
core   0: 0x80005b2a (0x01f5df13) srli    t5, a1, 31
core   0: 3 0x80005b2a (0x01f5df13) x30 0x00000000
core   0: 0x80005b2e (0x003df863) bgeu    s11, gp, pc + 16
core   0: 3 0x80005b2e (0x003df863)
core   0: 0x80005b3e (0x025d2733) mulhsu  a4, s10, t0
core   0: 3 0x80005b3e (0x025d2733) x14 0x00000000
core   0: 0x80005b42 (0x002bdfb3) srl     t6, s7, sp
core   0: 3 0x80005b42 (0x002bdfb3) x31 0x0000002b
core   0: 0x80005b46 (0x00008656) c.mv    a2, s5
core   0: 3 0x80005b46 (0x8656) x12 0xec0de9b8
core   0: 0x80005b48 (0x00008725) c.srai  a4, 9
core   0: 3 0x80005b48 (0x8725) x14 0x00000000
core   0: 0x80005b4a (0x024ec033) div     zero, t4, tp
core   0: 3 0x80005b4a (0x024ec033)
core   0: 0x80005b4e (0x00a41013) slli    zero, s0, 10
core   0: 3 0x80005b4e (0x00a41013)
core   0: 0x80005b52 (0x000083be) c.mv    t2, a5
core   0: 3 0x80005b52 (0x83be) x 7 0x00000000
core   0: 0x80005b54 (0x00539263) bne     t2, t0, pc + 4
core   0: 3 0x80005b54 (0x00539263)
core   0: 0x80005b58 (0x000005a6) c.slli  a1, 9
core   0: 3 0x80005b58 (0x05a6) x11 0x00007e00
core   0: 0x80005b5a (0x0c146813) ori     a6, s0, 193
core   0: 3 0x80005b5a (0x0c146813) x16 0x000000c1
core   0: 0x80005b5e (0x033933b3) mulhu   t2, s2, s3
core   0: 3 0x80005b5e (0x033933b3) x 7 0x923adbfe
core   0: 0x80005b62 (0x00a38763) beq     t2, a0, pc + 14
core   0: 3 0x80005b62 (0x00a38763)
core   0: 0x80005b66 (0x0000e88d) c.bnez  s1, pc + 50
core   0: 3 0x80005b66 (0xe88d)
core   0: 0x80005b98 (0x00000001) c.nop
core   0: 3 0x80005b98 (0x0001)
core   0: 0x80005b9a (0x00008969) c.andi  a0, 26
core   0: 3 0x80005b9a (0x8969) x10 0x0000000a
core   0: 0x80005b9c (0x00a55393) srli    t2, a0, 10
core   0: 3 0x80005b9c (0x00a55393) x 7 0x00000000
core   0: 0x80005ba0 (0x00dab333) sltu    t1, s5, a3
core   0: 3 0x80005ba0 (0x00dab333) x 6 0x00000000
core   0: 0x80005ba4 (0x03758d63) beq     a1, s7, pc + 58
core   0: 3 0x80005ba4 (0x03758d63)
core   0: 0x80005ba8 (0x00000f52) c.slli  t5, 20
core   0: 3 0x80005ba8 (0x0f52) x30 0x00000000
core   0: 0x80005baa (0x00000001) c.nop
core   0: 3 0x80005baa (0x0001)
core   0: 0x80005bac (0x00008bae) c.mv    s7, a1
core   0: 3 0x80005bac (0x8bae) x23 0x00007e00
core   0: 0x80005bae (0x880d4d93) xori    s11, s10, -1920
core   0: 3 0x80005bae (0x880d4d93) x27 0x7ffdd6e4
core   0: 0x80005bb2 (0x6f65e913) ori     s2, a1, 1782
core   0: 3 0x80005bb2 (0x6f65e913) x18 0x00007ef6
core   0: 0x80005bb6 (0x03df6b63) bltu    t5, t4, pc + 54
core   0: 3 0x80005bb6 (0x03df6b63)
core   0: 0x80005bba (0x01dcf5b3) and     a1, s9, t4
core   0: 3 0x80005bba (0x01dcf5b3) x11 0x00000000
core   0: 0x80005bbe (0x0042b333) sltu    t1, t0, tp
core   0: 3 0x80005bbe (0x0042b333) x 6 0x00000001
core   0: 0x80005bc2 (0x015f1a13) slli    s4, t5, 21
core   0: 3 0x80005bc2 (0x015f1a13) x20 0x00000000
core   0: 0x80005bc6 (0x000082f9) c.srli  a3, 30
core   0: 3 0x80005bc6 (0x82f9) x13 0x00000002
core   0: 0x80005bc8 (0x01ced433) srl     s0, t4, t3
core   0: 3 0x80005bc8 (0x01ced433) x 8 0x00000000
core   0: 0x80005bcc (0x0000043d) c.addi  s0, 15
core   0: 3 0x80005bcc (0x043d) x 8 0x0000000f
core   0: 0x80005bce (0x00008c9d) c.sub   s1, a5
core   0: 3 0x80005bce (0x8c9d) x 9 0x00000001
core   0: 0x80005bd0 (0x00000001) c.nop
core   0: 3 0x80005bd0 (0x0001)
core   0: 0x80005bd2 (0x40ede093) ori     ra, s11, 1038
core   0: 3 0x80005bd2 (0x40ede093) x 1 0x7ffdd6ee
core   0: 0x80005bd6 (0x411086b3) sub     a3, ra, a7
core   0: 3 0x80005bd6 (0x411086b3) x13 0x7ffdd6ee
core   0: 0x80005bda (0x0009d893) srli    a7, s3, 0
core   0: 3 0x80005bda (0x0009d893) x17 0xfffff900
core   0: 0x80005bde (0x01469293) slli    t0, a3, 20
core   0: 3 0x80005bde (0x01469293) x 5 0x6ee00000
core   0: 0x80005be2 (0x01cb4fb3) xor     t6, s6, t3
core   0: 3 0x80005be2 (0x01cb4fb3) x31 0x0107fe8c
core   0: 0x80005be6 (0x00008a85) c.andi  a3, 1
core   0: 3 0x80005be6 (0x8a85) x13 0x00000000
core   0: 0x80005be8 (0x03057fb3) remu    t6, a0, a6
core   0: 3 0x80005be8 (0x03057fb3) x31 0x0000000a
core   0: 0x80005bec (0x00ae8cb3) add     s9, t4, a0
core   0: 3 0x80005bec (0x00ae8cb3) x25 0x0000000a
core   0: 0x80005bf0 (0x009970b3) and     ra, s2, s1
core   0: 3 0x80005bf0 (0x009970b3) x 1 0x00000000
core   0: 0x80005bf4 (0x00008c71) c.and   s0, a2
core   0: 3 0x80005bf4 (0x8c71) x 8 0x00000008
core   0: 0x80005bf6 (0x00008415) c.srai  s0, 5
core   0: 3 0x80005bf6 (0x8415) x 8 0x00000000
core   0: 0x80005bf8 (0x01ca2e33) slt     t3, s4, t3
core   0: 3 0x80005bf8 (0x01ca2e33) x28 0x00000000
core   0: 0x80005bfc (0x00949233) sll     tp, s1, s1
core   0: 3 0x80005bfc (0x00949233) x 4 0x00000002
core   0: 0x80005c00 (0x02d3d0b3) divu    ra, t2, a3
core   0: 3 0x80005c00 (0x02d3d0b3) x 1 0xffffffff
core   0: 0x80005c04 (0x03f25f33) divu    t5, tp, t6
core   0: 3 0x80005c04 (0x03f25f33) x30 0x00000000
core   0: 0x80005c08 (0x0000100f) fence.i
core   0: 3 0x80005c08 (0x0000100f)
core   0: 0x80005c0c (0x171fb297) auipc   t0, 0x171fb
core   0: 3 0x80005c0c (0x171fb297) x 5 0x97200c0c
core   0: 0x80005c10 (0x3beed8b7) lui     a7, 0x3beed
core   0: 3 0x80005c10 (0x3beed8b7) x17 0x3beed000
core   0: 0x80005c14 (0x00008325) c.srli  a4, 9
core   0: 3 0x80005c14 (0x8325) x14 0x00000000
core   0: 0x80005c16 (0x2b62f093) andi    ra, t0, 694
core   0: 3 0x80005c16 (0x2b62f093) x 1 0x00000004
core   0: 0x80005c1a (0x0224fbb3) remu    s7, s1, sp
core   0: 3 0x80005c1a (0x0224fbb3) x23 0x00000001
core   0: 0x80005c1e (0x016d54b3) srl     s1, s10, s6
core   0: 3 0x80005c1e (0x016d54b3) x 9 0x00080022
core   0: 0x80005c22 (0x4110d893) srai    a7, ra, 17
core   0: 3 0x80005c22 (0x4110d893) x17 0x00000000
core   0: 0x80005c26 (0x01f8f0b3) and     ra, a7, t6
core   0: 3 0x80005c26 (0x01f8f0b3) x 1 0x00000000
core   0: 0x80005c2a (0x01351293) slli    t0, a0, 19
core   0: 3 0x80005c2a (0x01351293) x 5 0x00500000
core   0: 0x80005c2e (0x00008c99) c.sub   s1, a4
core   0: 3 0x80005c2e (0x8c99) x 9 0x00080022
core   0: 0x80005c30 (0x01613eb3) sltu    t4, sp, s6
core   0: 3 0x80005c30 (0x01613eb3) x29 0x00000001
core   0: 0x80005c34 (0x0000820d) c.srli  a2, 3
core   0: 3 0x80005c34 (0x820d) x12 0x1d81bd37
core   0: 0x80005c36 (0x2fb5f493) andi    s1, a1, 763
core   0: 3 0x80005c36 (0x2fb5f493) x 9 0x00000000
core   0: 0x80005c3a (0x5623cd97) auipc   s11, 0x5623c
core   0: 3 0x80005c3a (0x5623cd97) x27 0xd6241c3a
core   0: 0x80005c3e (0x0026ae33) slt     t3, a3, sp
core   0: 3 0x80005c3e (0x0026ae33) x28 0x00000000
core   0: 0x80005c42 (0x02ebd6b3) divu    a3, s7, a4
core   0: 3 0x80005c42 (0x02ebd6b3) x13 0xffffffff
core   0: 0x80005c46 (0xff58bc93) sltiu   s9, a7, -11
core   0: 3 0x80005c46 (0xff58bc93) x25 0x00000001
core   0: 0x80005c4a (0x0033c1b3) xor     gp, t2, gp
core   0: 3 0x80005c4a (0x0033c1b3) x 3 0xec0de9b8
core   0: 0x80005c4e (0x00008f09) c.sub   a4, a0
core   0: 3 0x80005c4e (0x8f09) x14 0xfffffff6
core   0: 0x80005c50 (0x00008f35) c.xor   a4, a3
core   0: 3 0x80005c50 (0x8f35) x14 0x00000009
core   0: 0x80005c52 (0xad625e37) lui     t3, 0xad625
core   0: 3 0x80005c52 (0xad625e37) x28 0xad625000
core   0: 0x80005c56 (0x021df533) remu    a0, s11, ra
core   0: 3 0x80005c56 (0x021df533) x10 0xd6241c3a
core   0: 0x80005c5a (0x0016ea63) bltu    a3, ra, pc + 20
core   0: 3 0x80005c5a (0x0016ea63)
core   0: 0x80005c5e (0x008719b3) sll     s3, a4, s0
core   0: 3 0x80005c5e (0x008719b3) x19 0x00000009
core   0: 0x80005c62 (0x02f7fc63) bgeu    a5, a5, pc + 56
core   0: 3 0x80005c62 (0x02f7fc63)
core   0: 0x80005c9a (0x00ed90b3) sll     ra, s11, a4
core   0: 3 0x80005c9a (0x00ed90b3) x 1 0x48387400
core   0: 0x80005c9e (0x03b40e63) beq     s0, s11, pc + 60
core   0: 3 0x80005c9e (0x03b40e63)
core   0: 0x80005ca2 (0x0000821a) c.mv    tp, t1
core   0: 3 0x80005ca2 (0x821a) x 4 0x00000001
core   0: 0x80005ca4 (0x02374b33) div     s6, a4, gp
core   0: 3 0x80005ca4 (0x02374b33) x22 0x00000000
core   0: 0x80005ca8 (0x00008445) c.srai  s0, 17
core   0: 3 0x80005ca8 (0x8445) x 8 0x00000000
core   0: 0x80005caa (0x00008e5d) c.or    a2, a5
core   0: 3 0x80005caa (0x8e5d) x12 0x1d81bd37
core   0: 0x80005cac (0x000098d2) c.add   a7, s4
core   0: 3 0x80005cac (0x98d2) x17 0x00000000
core   0: 0x80005cae (0x0ff0000f) fence   iorw,iorw
core   0: 3 0x80005cae (0x0ff0000f)
core   0: 0x80005cb2 (0x41e08fb3) sub     t6, ra, t5
core   0: 3 0x80005cb2 (0x41e08fb3) x31 0x48387400
core   0: 0x80005cb6 (0x000068c9) c.lui   a7, 0x12
core   0: 3 0x80005cb6 (0x68c9) x17 0x00012000
core   0: 0x80005cb8 (0x03e15033) divu    zero, sp, t5
core   0: 3 0x80005cb8 (0x03e15033)
core   0: 0x80005cbc (0x00fb0833) add     a6, s6, a5
core   0: 3 0x80005cbc (0x00fb0833) x16 0x00000000
core   0: 0x80005cc0 (0x58334197) auipc   gp, 0x58334
core   0: 3 0x80005cc0 (0x58334197) x 3 0xd8339cc0
core   0: 0x80005cc4 (0x0000808d) c.srli  s1, 3
core   0: 3 0x80005cc4 (0x808d) x 9 0x00000000
core   0: 0x80005cc6 (0x031609b3) mul     s3, a2, a7
core   0: 3 0x80005cc6 (0x031609b3) x19 0xf4dde000
core   0: 0x80005cca (0x03c23c33) mulhu   s8, tp, t3
core   0: 3 0x80005cca (0x03c23c33) x24 0x00000000
core   0: 0x80005cce (0x03165cb3) divu    s9, a2, a7
core   0: 3 0x80005cce (0x03165cb3) x25 0x00001a3a
core   0: 0x80005cd2 (0x02de4ab3) div     s5, t3, a3
core   0: 3 0x80005cd2 (0x02de4ab3) x21 0x529db000
core   0: 0x80005cd6 (0x403880b3) sub     ra, a7, gp
core   0: 3 0x80005cd6 (0x403880b3) x 1 0x27cd8340
core   0: 0x80005cda (0x07a85d63) bge     a6, s10, pc + 122
core   0: 3 0x80005cda (0x07a85d63)
core   0: 0x80005d54 (0x03ae5663) bge     t3, s10, pc + 44
core   0: 3 0x80005d54 (0x03ae5663)
core   0: 0x80005d80 (0x00998a63) beq     s3, s1, pc + 20
core   0: 3 0x80005d80 (0x00998a63)
core   0: 0x80005d84 (0x025adb63) bge     s5, t0, pc + 54
core   0: 3 0x80005d84 (0x025adb63)
core   0: 0x80005dba (0x00008ab1) c.andi  a3, 12
core   0: 3 0x80005dba (0x8ab1) x13 0x0000000c
core   0: 0x80005dbc (0x000054fd) c.li    s1, -1
core   0: 3 0x80005dbc (0x54fd) x 9 0xffffffff
core   0: 0x80005dbe (0x00349db3) sll     s11, s1, gp
core   0: 3 0x80005dbe (0x00349db3) x27 0xffffffff
core   0: 0x80005dc2 (0x018d10b3) sll     ra, s10, s8
core   0: 3 0x80005dc2 (0x018d10b3) x 1 0x80022e64
core   0: 0x80005dc6 (0x03a362b3) rem     t0, t1, s10
core   0: 3 0x80005dc6 (0x03a362b3) x 5 0x00000001
core   0: 0x80005dca (0x00531c13) slli    s8, t1, 5
core   0: 3 0x80005dca (0x00531c13) x24 0x00000020
core   0: 0x80005dce (0x0129e463) bltu    s3, s2, pc + 8
core   0: 3 0x80005dce (0x0129e463)
core   0: 0x80005dd2 (0x00000001) c.nop
core   0: 3 0x80005dd2 (0x0001)
core   0: 0x80005dd4 (0x00008252) c.mv    tp, s4
core   0: 3 0x80005dd4 (0x8252) x 4 0x00000000
core   0: 0x80005dd6 (0x00de4db3) xor     s11, t3, a3
core   0: 3 0x80005dd6 (0x00de4db3) x27 0xad62500c
core   0: 0x80005dda (0x00aeffb3) and     t6, t4, a0
core   0: 3 0x80005dda (0x00aeffb3) x31 0x00000000
core   0: 0x80005dde (0x000099fd) c.andi  a1, -1
core   0: 3 0x80005dde (0x99fd) x11 0x00000000
core   0: 0x80005de0 (0x03bd4033) div     zero, s10, s11
core   0: 3 0x80005de0 (0x03bd4033)
core   0: 0x80005de4 (0x000085e5) c.srai  a1, 25
core   0: 3 0x80005de4 (0x85e5) x11 0x00000000
core   0: 0x80005de6 (0x00bd5a93) srli    s5, s10, 11
core   0: 3 0x80005de6 (0x00bd5a93) x21 0x00100045
core   0: 0x80005dea (0x0000868d) c.srai  a3, 3
core   0: 3 0x80005dea (0x868d) x13 0x00000001
core   0: 0x80005dec (0x41518533) sub     a0, gp, s5
core   0: 3 0x80005dec (0x41518533) x10 0xd8239c7b
core   0: 0x80005df0 (0x032f8a33) mul     s4, t6, s2
core   0: 3 0x80005df0 (0x032f8a33) x20 0x00000000
core   0: 0x80005df4 (0x421e8593) addi    a1, t4, 1057
core   0: 3 0x80005df4 (0x421e8593) x11 0x00000422
core   0: 0x80005df8 (0x00008e91) c.sub   a3, a2
core   0: 3 0x80005df8 (0x8e91) x13 0xe27e42ca
core   0: 0x80005dfa (0x02eb3ab3) mulhu   s5, s6, a4
core   0: 3 0x80005dfa (0x02eb3ab3) x21 0x00000000
core   0: 0x80005dfe (0x00008ce9) c.and   s1, a0
core   0: 3 0x80005dfe (0x8ce9) x 9 0xd8239c7b
core   0: 0x80005e00 (0xd2288513) addi    a0, a7, -734
core   0: 3 0x80005e00 (0xd2288513) x10 0x00011d22
core   0: 0x80005e04 (0x0000091e) c.slli  s2, 7
core   0: 3 0x80005e04 (0x091e) x18 0x003f7b00
core   0: 0x80005e06 (0x00008151) c.srli  a0, 20
core   0: 3 0x80005e06 (0x8151) x10 0x00000000
core   0: 0x80005e08 (0x410c8733) sub     a4, s9, a6
core   0: 3 0x80005e08 (0x410c8733) x14 0x00001a3a
core   0: 0x80005e0c (0xffe00413) li      s0, -2
core   0: 3 0x80005e0c (0xffe00413) x 8 0xfffffffe
core   0: 0x80005e10 (0x01385333) srl     t1, a6, s3
core   0: 3 0x80005e10 (0x01385333) x 6 0x00000000
core   0: 0x80005e14 (0x00008c89) c.sub   s1, a0
core   0: 3 0x80005e14 (0x8c89) x 9 0xd8239c7b
core   0: 0x80005e16 (0x6580f497) auipc   s1, 0x6580f
core   0: 3 0x80005e16 (0x6580f497) x 9 0xe5814e16
core   0: 0x80005e1a (0x00f5e4b3) or      s1, a1, a5
core   0: 3 0x80005e1a (0x00f5e4b3) x 9 0x00000422
core   0: 0x80005e1e (0x01200f93) li      t6, 18
core   0: 3 0x80005e1e (0x01200f93) x31 0x00000012
core   0: 0x80005e22 (0xc3ecff13) andi    t5, s9, -962
core   0: 3 0x80005e22 (0xc3ecff13) x30 0x0000183a
core   0: 0x80005e26 (0x00008d45) c.or    a0, s1
core   0: 3 0x80005e26 (0x8d45) x10 0x00000422
core   0: 0x80005e28 (0x00000411) c.addi  s0, 4
core   0: 3 0x80005e28 (0x0411) x 8 0x00000002
core   0: 0x80005e2a (0x00008cb1) c.xor   s1, a2
core   0: 3 0x80005e2a (0x8cb1) x 9 0x1d81b915
core   0: 0x80005e2c (0x00a00713) li      a4, 10
core   0: 3 0x80005e2c (0x00a00713) x14 0x0000000a
core   0: 0x80005e30 (0x02473a33) mulhu   s4, a4, tp
core   0: 3 0x80005e30 (0x02473a33) x20 0x00000000
core   0: 0x80005e34 (0x188a4a13) xori    s4, s4, 392
core   0: 3 0x80005e34 (0x188a4a13) x20 0x00000188
core   0: 0x80005e38 (0x02670633) mul     a2, a4, t1
core   0: 3 0x80005e38 (0x02670633) x12 0x00000000
core   0: 0x80005e3c (0x6723fe93) andi    t4, t2, 1650
core   0: 3 0x80005e3c (0x6723fe93) x29 0x00000000
core   0: 0x80005e40 (0x00008a8d) c.andi  a3, 3
core   0: 3 0x80005e40 (0x8a8d) x13 0x00000002
core   0: 0x80005e42 (0x0170a633) slt     a2, ra, s7
core   0: 3 0x80005e42 (0x0170a633) x12 0x00000001
core   0: 0x80005e46 (0x01400e13) li      t3, 20
core   0: 3 0x80005e46 (0x01400e13) x28 0x00000014
core   0: 0x80005e4a (0x00008e35) c.xor   a2, a3
core   0: 3 0x80005e4a (0x8e35) x12 0x00000003
core   0: 0x80005e4c (0x0377d833) divu    a6, a5, s7
core   0: 3 0x80005e4c (0x0377d833) x16 0x00000000
core   0: 0x80005e50 (0x0000058e) c.slli  a1, 3
core   0: 3 0x80005e50 (0x058e) x11 0x00002110
core   0: 0x80005e52 (0x00000729) c.addi  a4, 10
core   0: 3 0x80005e52 (0x0729) x14 0x00000014
core   0: 0x80005e54 (0x03a2f633) remu    a2, t0, s10
core   0: 3 0x80005e54 (0x03a2f633) x12 0x00000001
core   0: 0x80005e58 (0x000082b5) c.srli  a3, 13
core   0: 3 0x80005e58 (0x82b5) x13 0x00000000
core   0: 0x80005e5a (0x00008d5d) c.or    a0, a5
core   0: 3 0x80005e5a (0x8d5d) x10 0x00000422
core   0: 0x80005e5c (0xffc717e3) bne     a4, t3, pc - 18
core   0: 3 0x80005e5c (0xffc717e3)
core   0: 0x80005e60 (0x00004581) c.li    a1, 0
core   0: 3 0x80005e60 (0x4581) x11 0x00000000
core   0: 0x80005e62 (0x935b7313) andi    t1, s6, -1739
core   0: 3 0x80005e62 (0x935b7313) x 6 0x00000000
core   0: 0x80005e66 (0x00008e99) c.sub   a3, a4
core   0: 3 0x80005e66 (0x8e99) x13 0xffffffec
core   0: 0x80005e68 (0xfbf41de3) bne     s0, t6, pc - 70
core   0: 3 0x80005e68 (0xfbf41de3)
core   0: 0x80005e22 (0xc3ecff13) andi    t5, s9, -962
core   0: 3 0x80005e22 (0xc3ecff13) x30 0x0000183a
core   0: 0x80005e26 (0x00008d45) c.or    a0, s1
core   0: 3 0x80005e26 (0x8d45) x10 0x1d81bd37
core   0: 0x80005e28 (0x00000411) c.addi  s0, 4
core   0: 3 0x80005e28 (0x0411) x 8 0x00000006
core   0: 0x80005e2a (0x00008cb1) c.xor   s1, a2
core   0: 3 0x80005e2a (0x8cb1) x 9 0x1d81b914
core   0: 0x80005e2c (0x00a00713) li      a4, 10
core   0: 3 0x80005e2c (0x00a00713) x14 0x0000000a
core   0: 0x80005e30 (0x02473a33) mulhu   s4, a4, tp
core   0: 3 0x80005e30 (0x02473a33) x20 0x00000000
core   0: 0x80005e34 (0x188a4a13) xori    s4, s4, 392
core   0: 3 0x80005e34 (0x188a4a13) x20 0x00000188
core   0: 0x80005e38 (0x02670633) mul     a2, a4, t1
core   0: 3 0x80005e38 (0x02670633) x12 0x00000000
core   0: 0x80005e3c (0x6723fe93) andi    t4, t2, 1650
core   0: 3 0x80005e3c (0x6723fe93) x29 0x00000000
core   0: 0x80005e40 (0x00008a8d) c.andi  a3, 3
core   0: 3 0x80005e40 (0x8a8d) x13 0x00000000
core   0: 0x80005e42 (0x0170a633) slt     a2, ra, s7
core   0: 3 0x80005e42 (0x0170a633) x12 0x00000001
core   0: 0x80005e46 (0x01400e13) li      t3, 20
core   0: 3 0x80005e46 (0x01400e13) x28 0x00000014
core   0: 0x80005e4a (0x00008e35) c.xor   a2, a3
core   0: 3 0x80005e4a (0x8e35) x12 0x00000001
core   0: 0x80005e4c (0x0377d833) divu    a6, a5, s7
core   0: 3 0x80005e4c (0x0377d833) x16 0x00000000
core   0: 0x80005e50 (0x0000058e) c.slli  a1, 3
core   0: 3 0x80005e50 (0x058e) x11 0x00000000
core   0: 0x80005e52 (0x00000729) c.addi  a4, 10
core   0: 3 0x80005e52 (0x0729) x14 0x00000014
core   0: 0x80005e54 (0x03a2f633) remu    a2, t0, s10
core   0: 3 0x80005e54 (0x03a2f633) x12 0x00000001
core   0: 0x80005e58 (0x000082b5) c.srli  a3, 13
core   0: 3 0x80005e58 (0x82b5) x13 0x00000000
core   0: 0x80005e5a (0x00008d5d) c.or    a0, a5
core   0: 3 0x80005e5a (0x8d5d) x10 0x1d81bd37
core   0: 0x80005e5c (0xffc717e3) bne     a4, t3, pc - 18
core   0: 3 0x80005e5c (0xffc717e3)
core   0: 0x80005e60 (0x00004581) c.li    a1, 0
core   0: 3 0x80005e60 (0x4581) x11 0x00000000
core   0: 0x80005e62 (0x935b7313) andi    t1, s6, -1739
core   0: 3 0x80005e62 (0x935b7313) x 6 0x00000000
core   0: 0x80005e66 (0x00008e99) c.sub   a3, a4
core   0: 3 0x80005e66 (0x8e99) x13 0xffffffec
core   0: 0x80005e68 (0xfbf41de3) bne     s0, t6, pc - 70
core   0: 3 0x80005e68 (0xfbf41de3)
core   0: 0x80005e22 (0xc3ecff13) andi    t5, s9, -962
core   0: 3 0x80005e22 (0xc3ecff13) x30 0x0000183a
core   0: 0x80005e26 (0x00008d45) c.or    a0, s1
core   0: 3 0x80005e26 (0x8d45) x10 0x1d81bd37
core   0: 0x80005e28 (0x00000411) c.addi  s0, 4
core   0: 3 0x80005e28 (0x0411) x 8 0x0000000a
core   0: 0x80005e2a (0x00008cb1) c.xor   s1, a2
core   0: 3 0x80005e2a (0x8cb1) x 9 0x1d81b915
core   0: 0x80005e2c (0x00a00713) li      a4, 10
core   0: 3 0x80005e2c (0x00a00713) x14 0x0000000a
core   0: 0x80005e30 (0x02473a33) mulhu   s4, a4, tp
core   0: 3 0x80005e30 (0x02473a33) x20 0x00000000
core   0: 0x80005e34 (0x188a4a13) xori    s4, s4, 392
core   0: 3 0x80005e34 (0x188a4a13) x20 0x00000188
core   0: 0x80005e38 (0x02670633) mul     a2, a4, t1
core   0: 3 0x80005e38 (0x02670633) x12 0x00000000
core   0: 0x80005e3c (0x6723fe93) andi    t4, t2, 1650
core   0: 3 0x80005e3c (0x6723fe93) x29 0x00000000
core   0: 0x80005e40 (0x00008a8d) c.andi  a3, 3
core   0: 3 0x80005e40 (0x8a8d) x13 0x00000000
core   0: 0x80005e42 (0x0170a633) slt     a2, ra, s7
core   0: 3 0x80005e42 (0x0170a633) x12 0x00000001
core   0: 0x80005e46 (0x01400e13) li      t3, 20
core   0: 3 0x80005e46 (0x01400e13) x28 0x00000014
core   0: 0x80005e4a (0x00008e35) c.xor   a2, a3
core   0: 3 0x80005e4a (0x8e35) x12 0x00000001
core   0: 0x80005e4c (0x0377d833) divu    a6, a5, s7
core   0: 3 0x80005e4c (0x0377d833) x16 0x00000000
core   0: 0x80005e50 (0x0000058e) c.slli  a1, 3
core   0: 3 0x80005e50 (0x058e) x11 0x00000000
core   0: 0x80005e52 (0x00000729) c.addi  a4, 10
core   0: 3 0x80005e52 (0x0729) x14 0x00000014
core   0: 0x80005e54 (0x03a2f633) remu    a2, t0, s10
core   0: 3 0x80005e54 (0x03a2f633) x12 0x00000001
core   0: 0x80005e58 (0x000082b5) c.srli  a3, 13
core   0: 3 0x80005e58 (0x82b5) x13 0x00000000
core   0: 0x80005e5a (0x00008d5d) c.or    a0, a5
core   0: 3 0x80005e5a (0x8d5d) x10 0x1d81bd37
core   0: 0x80005e5c (0xffc717e3) bne     a4, t3, pc - 18
core   0: 3 0x80005e5c (0xffc717e3)
core   0: 0x80005e60 (0x00004581) c.li    a1, 0
core   0: 3 0x80005e60 (0x4581) x11 0x00000000
core   0: 0x80005e62 (0x935b7313) andi    t1, s6, -1739
core   0: 3 0x80005e62 (0x935b7313) x 6 0x00000000
core   0: 0x80005e66 (0x00008e99) c.sub   a3, a4
core   0: 3 0x80005e66 (0x8e99) x13 0xffffffec
core   0: 0x80005e68 (0xfbf41de3) bne     s0, t6, pc - 70
core   0: 3 0x80005e68 (0xfbf41de3)
core   0: 0x80005e22 (0xc3ecff13) andi    t5, s9, -962
core   0: 3 0x80005e22 (0xc3ecff13) x30 0x0000183a
core   0: 0x80005e26 (0x00008d45) c.or    a0, s1
core   0: 3 0x80005e26 (0x8d45) x10 0x1d81bd37
core   0: 0x80005e28 (0x00000411) c.addi  s0, 4
core   0: 3 0x80005e28 (0x0411) x 8 0x0000000e
core   0: 0x80005e2a (0x00008cb1) c.xor   s1, a2
core   0: 3 0x80005e2a (0x8cb1) x 9 0x1d81b914
core   0: 0x80005e2c (0x00a00713) li      a4, 10
core   0: 3 0x80005e2c (0x00a00713) x14 0x0000000a
core   0: 0x80005e30 (0x02473a33) mulhu   s4, a4, tp
core   0: 3 0x80005e30 (0x02473a33) x20 0x00000000
core   0: 0x80005e34 (0x188a4a13) xori    s4, s4, 392
core   0: 3 0x80005e34 (0x188a4a13) x20 0x00000188
core   0: 0x80005e38 (0x02670633) mul     a2, a4, t1
core   0: 3 0x80005e38 (0x02670633) x12 0x00000000
core   0: 0x80005e3c (0x6723fe93) andi    t4, t2, 1650
core   0: 3 0x80005e3c (0x6723fe93) x29 0x00000000
core   0: 0x80005e40 (0x00008a8d) c.andi  a3, 3
core   0: 3 0x80005e40 (0x8a8d) x13 0x00000000
core   0: 0x80005e42 (0x0170a633) slt     a2, ra, s7
core   0: 3 0x80005e42 (0x0170a633) x12 0x00000001
core   0: 0x80005e46 (0x01400e13) li      t3, 20
core   0: 3 0x80005e46 (0x01400e13) x28 0x00000014
core   0: 0x80005e4a (0x00008e35) c.xor   a2, a3
core   0: 3 0x80005e4a (0x8e35) x12 0x00000001
core   0: 0x80005e4c (0x0377d833) divu    a6, a5, s7
core   0: 3 0x80005e4c (0x0377d833) x16 0x00000000
core   0: 0x80005e50 (0x0000058e) c.slli  a1, 3
core   0: 3 0x80005e50 (0x058e) x11 0x00000000
core   0: 0x80005e52 (0x00000729) c.addi  a4, 10
core   0: 3 0x80005e52 (0x0729) x14 0x00000014
core   0: 0x80005e54 (0x03a2f633) remu    a2, t0, s10
core   0: 3 0x80005e54 (0x03a2f633) x12 0x00000001
core   0: 0x80005e58 (0x000082b5) c.srli  a3, 13
core   0: 3 0x80005e58 (0x82b5) x13 0x00000000
core   0: 0x80005e5a (0x00008d5d) c.or    a0, a5
core   0: 3 0x80005e5a (0x8d5d) x10 0x1d81bd37
core   0: 0x80005e5c (0xffc717e3) bne     a4, t3, pc - 18
core   0: 3 0x80005e5c (0xffc717e3)
core   0: 0x80005e60 (0x00004581) c.li    a1, 0
core   0: 3 0x80005e60 (0x4581) x11 0x00000000
core   0: 0x80005e62 (0x935b7313) andi    t1, s6, -1739
core   0: 3 0x80005e62 (0x935b7313) x 6 0x00000000
core   0: 0x80005e66 (0x00008e99) c.sub   a3, a4
core   0: 3 0x80005e66 (0x8e99) x13 0xffffffec
core   0: 0x80005e68 (0xfbf41de3) bne     s0, t6, pc - 70
core   0: 3 0x80005e68 (0xfbf41de3)
core   0: 0x80005e22 (0xc3ecff13) andi    t5, s9, -962
core   0: 3 0x80005e22 (0xc3ecff13) x30 0x0000183a
core   0: 0x80005e26 (0x00008d45) c.or    a0, s1
core   0: 3 0x80005e26 (0x8d45) x10 0x1d81bd37
core   0: 0x80005e28 (0x00000411) c.addi  s0, 4
core   0: 3 0x80005e28 (0x0411) x 8 0x00000012
core   0: 0x80005e2a (0x00008cb1) c.xor   s1, a2
core   0: 3 0x80005e2a (0x8cb1) x 9 0x1d81b915
core   0: 0x80005e2c (0x00a00713) li      a4, 10
core   0: 3 0x80005e2c (0x00a00713) x14 0x0000000a
core   0: 0x80005e30 (0x02473a33) mulhu   s4, a4, tp
core   0: 3 0x80005e30 (0x02473a33) x20 0x00000000
core   0: 0x80005e34 (0x188a4a13) xori    s4, s4, 392
core   0: 3 0x80005e34 (0x188a4a13) x20 0x00000188
core   0: 0x80005e38 (0x02670633) mul     a2, a4, t1
core   0: 3 0x80005e38 (0x02670633) x12 0x00000000
core   0: 0x80005e3c (0x6723fe93) andi    t4, t2, 1650
core   0: 3 0x80005e3c (0x6723fe93) x29 0x00000000
core   0: 0x80005e40 (0x00008a8d) c.andi  a3, 3
core   0: 3 0x80005e40 (0x8a8d) x13 0x00000000
core   0: 0x80005e42 (0x0170a633) slt     a2, ra, s7
core   0: 3 0x80005e42 (0x0170a633) x12 0x00000001
core   0: 0x80005e46 (0x01400e13) li      t3, 20
core   0: 3 0x80005e46 (0x01400e13) x28 0x00000014
core   0: 0x80005e4a (0x00008e35) c.xor   a2, a3
core   0: 3 0x80005e4a (0x8e35) x12 0x00000001
core   0: 0x80005e4c (0x0377d833) divu    a6, a5, s7
core   0: 3 0x80005e4c (0x0377d833) x16 0x00000000
core   0: 0x80005e50 (0x0000058e) c.slli  a1, 3
core   0: 3 0x80005e50 (0x058e) x11 0x00000000
core   0: 0x80005e52 (0x00000729) c.addi  a4, 10
core   0: 3 0x80005e52 (0x0729) x14 0x00000014
core   0: 0x80005e54 (0x03a2f633) remu    a2, t0, s10
core   0: 3 0x80005e54 (0x03a2f633) x12 0x00000001
core   0: 0x80005e58 (0x000082b5) c.srli  a3, 13
core   0: 3 0x80005e58 (0x82b5) x13 0x00000000
core   0: 0x80005e5a (0x00008d5d) c.or    a0, a5
core   0: 3 0x80005e5a (0x8d5d) x10 0x1d81bd37
core   0: 0x80005e5c (0xffc717e3) bne     a4, t3, pc - 18
core   0: 3 0x80005e5c (0xffc717e3)
core   0: 0x80005e60 (0x00004581) c.li    a1, 0
core   0: 3 0x80005e60 (0x4581) x11 0x00000000
core   0: 0x80005e62 (0x935b7313) andi    t1, s6, -1739
core   0: 3 0x80005e62 (0x935b7313) x 6 0x00000000
core   0: 0x80005e66 (0x00008e99) c.sub   a3, a4
core   0: 3 0x80005e66 (0x8e99) x13 0xffffffec
core   0: 0x80005e68 (0xfbf41de3) bne     s0, t6, pc - 70
core   0: 3 0x80005e68 (0xfbf41de3)
core   0: 0x80005e6c (0x00008e29) c.xor   a2, a0
core   0: 3 0x80005e6c (0x8e29) x12 0x1d81bd36
core   0: 0x80005e6e (0x00009086) c.add   ra, ra
core   0: 3 0x80005e6e (0x9086) x 1 0x00045cc8
core   0: 0x80005e70 (0x00008759) c.srai  a4, 22
core   0: 3 0x80005e70 (0x8759) x14 0x00000000
core   0: 0x80005e72 (0x00008e29) c.xor   a2, a0
core   0: 3 0x80005e72 (0x8e29) x12 0x00000001
core   0: 0x80005e74 (0x03037e63) bgeu    t1, a6, pc + 60
core   0: 3 0x80005e74 (0x03037e63)
core   0: 0x80005eb0 (0x024ca2b3) mulhsu  t0, s9, tp
core   0: 3 0x80005eb0 (0x024ca2b3) x 5 0x00000000
core   0: 0x80005eb4 (0x000092aa) c.add   t0, a0
core   0: 3 0x80005eb4 (0x92aa) x 5 0x1d81bd37
core   0: 0x80005eb6 (0x03fb7d63) bgeu    s6, t6, pc + 58
core   0: 3 0x80005eb6 (0x03fb7d63)
core   0: 0x80005eba (0x00000cc6) c.slli  s9, 17
core   0: 3 0x80005eba (0x0cc6) x25 0x34740000
core   0: 0x80005ebc (0x014e9a63) bne     t4, s4, pc + 20
core   0: 3 0x80005ebc (0x014e9a63)
core   0: 0x80005ed0 (0xd18ce893) ori     a7, s9, -744
core   0: 3 0x80005ed0 (0xd18ce893) x17 0xfffffd18
core   0: 0x80005ed4 (0x0025c1b3) xor     gp, a1, sp
core   0: 3 0x80005ed4 (0x0025c1b3) x 3 0x80026ce4
core   0: 0x80005ed8 (0x0ff0000f) fence   iorw,iorw
core   0: 3 0x80005ed8 (0x0ff0000f)
core   0: 0x80005edc (0x00008c7d) c.and   s0, a5
core   0: 3 0x80005edc (0x8c7d) x 8 0x00000000
core   0: 0x80005ede (0x00ba7263) bgeu    s4, a1, pc + 4
core   0: 3 0x80005ede (0x00ba7263)
core   0: 0x80005ee2 (0x00008971) c.andi  a0, 28
core   0: 3 0x80005ee2 (0x8971) x10 0x00000014
core   0: 0x80005ee4 (0x03025cb3) divu    s9, tp, a6
core   0: 3 0x80005ee4 (0x03025cb3) x25 0xffffffff
core   0: 0x80005ee8 (0x0000ea89) c.bnez  a3, pc + 18
core   0: 3 0x80005ee8 (0xea89)
core   0: 0x80005efa (0x079a8c63) beq     s5, s9, pc + 120
core   0: 3 0x80005efa (0x079a8c63)
core   0: 0x80005efe (0x0000100f) fence.i
core   0: 3 0x80005efe (0x0000100f)
core   0: 0x80005f02 (0xc6f1e713) ori     a4, gp, -913
core   0: 3 0x80005f02 (0xc6f1e713) x14 0xfffffcef
core   0: 0x80005f06 (0xa8ab8f13) addi    t5, s7, -1398
core   0: 3 0x80005f06 (0xa8ab8f13) x30 0xfffffa8b
core   0: 0x80005f0a (0x0000100f) fence.i
core   0: 3 0x80005f0a (0x0000100f)
core   0: 0x80005f0e (0x60d97a93) andi    s5, s2, 1549
core   0: 3 0x80005f0e (0x60d97a93) x21 0x00000200
core   0: 0x80005f12 (0x00bf9b63) bne     t6, a1, pc + 22
core   0: 3 0x80005f12 (0x00bf9b63)
core   0: 0x80005f28 (0x03fe1fb3) mulh    t6, t3, t6
core   0: 3 0x80005f28 (0x03fe1fb3) x31 0x00000000
core   0: 0x80005f2c (0x00300613) li      a2, 3
core   0: 3 0x80005f2c (0x00300613) x12 0x00000003
core   0: 0x80005f30 (0x00639993) slli    s3, t2, 6
core   0: 3 0x80005f30 (0x00639993) x19 0x00000000
core   0: 0x80005f34 (0x00004825) c.li    a6, 9
core   0: 3 0x80005f34 (0x4825) x16 0x00000009
core   0: 0x80005f36 (0x00008125) c.srli  a0, 9
core   0: 3 0x80005f36 (0x8125) x10 0x00000000
core   0: 0x80005f38 (0x00008c45) c.or    s0, s1
core   0: 3 0x80005f38 (0x8c45) x 8 0x1d81b915
core   0: 0x80005f3a (0x00200493) li      s1, 2
core   0: 3 0x80005f3a (0x00200493) x 9 0x00000002
core   0: 0x80005f3e (0x00009e0a) c.add   t3, sp
core   0: 3 0x80005f3e (0x9e0a) x28 0x80026cf8
core   0: 0x80005f40 (0x00008289) c.srli  a3, 2
core   0: 3 0x80005f40 (0x8289) x13 0x3ffffffb
core   0: 0x80005f42 (0x00000871) c.addi  a6, 28
core   0: 3 0x80005f42 (0x0871) x16 0x00000025
core   0: 0x80005f44 (0x03e40533) mul     a0, s0, t5
core   0: 3 0x80005f44 (0x03e40533) x10 0xfb190067
core   0: 0x80005f48 (0x7f4c6593) ori     a1, s8, 2036
core   0: 3 0x80005f48 (0x7f4c6593) x11 0x000007f4
core   0: 0x80005f4c (0x030e6c33) rem     s8, t3, a6
core   0: 3 0x80005f4c (0x030e6c33) x24 0xfffffffa
core   0: 0x80005f50 (0x0388d733) divu    a4, a7, s8
core   0: 3 0x80005f50 (0x0388d733) x14 0x00000000
core   0: 0x80005f54 (0x0000167d) c.addi  a2, -1
core   0: 3 0x80005f54 (0x167d) x12 0x00000002
core   0: 0x80005f56 (0x00008de5) c.and   a1, s1
core   0: 3 0x80005f56 (0x8de5) x11 0x00000000
core   0: 0x80005f58 (0x0000835d) c.srli  a4, 23
core   0: 3 0x80005f58 (0x835d) x14 0x00000000
core   0: 0x80005f5a (0x03124c33) div     s8, tp, a7
core   0: 3 0x80005f5a (0x03124c33) x24 0x00000000
core   0: 0x80005f5e (0x013f9693) slli    a3, t6, 19
core   0: 3 0x80005f5e (0x013f9693) x13 0x00000000
core   0: 0x80005f62 (0x013d5f13) srli    t5, s10, 19
core   0: 3 0x80005f62 (0x013d5f13) x30 0x00001000
core   0: 0x80005f66 (0x408a0733) sub     a4, s4, s0
core   0: 3 0x80005f66 (0x408a0733) x14 0xe27e4873
core   0: 0x80005f6a (0xfc967ce3) bgeu    a2, s1, pc - 40
core   0: 3 0x80005f6a (0xfc967ce3)
core   0: 0x80005f42 (0x00000871) c.addi  a6, 28
core   0: 3 0x80005f42 (0x0871) x16 0x00000041
core   0: 0x80005f44 (0x03e40533) mul     a0, s0, t5
core   0: 3 0x80005f44 (0x03e40533) x10 0x1b915000
core   0: 0x80005f48 (0x7f4c6593) ori     a1, s8, 2036
core   0: 3 0x80005f48 (0x7f4c6593) x11 0x000007f4
core   0: 0x80005f4c (0x030e6c33) rem     s8, t3, a6
core   0: 3 0x80005f4c (0x030e6c33) x24 0xffffffec
core   0: 0x80005f50 (0x0388d733) divu    a4, a7, s8
core   0: 3 0x80005f50 (0x0388d733) x14 0x00000000
core   0: 0x80005f54 (0x0000167d) c.addi  a2, -1
core   0: 3 0x80005f54 (0x167d) x12 0x00000001
core   0: 0x80005f56 (0x00008de5) c.and   a1, s1
core   0: 3 0x80005f56 (0x8de5) x11 0x00000000
core   0: 0x80005f58 (0x0000835d) c.srli  a4, 23
core   0: 3 0x80005f58 (0x835d) x14 0x00000000
core   0: 0x80005f5a (0x03124c33) div     s8, tp, a7
core   0: 3 0x80005f5a (0x03124c33) x24 0x00000000
core   0: 0x80005f5e (0x013f9693) slli    a3, t6, 19
core   0: 3 0x80005f5e (0x013f9693) x13 0x00000000
core   0: 0x80005f62 (0x013d5f13) srli    t5, s10, 19
core   0: 3 0x80005f62 (0x013d5f13) x30 0x00001000
core   0: 0x80005f66 (0x408a0733) sub     a4, s4, s0
core   0: 3 0x80005f66 (0x408a0733) x14 0xe27e4873
core   0: 0x80005f6a (0xfc967ce3) bgeu    a2, s1, pc - 40
core   0: 3 0x80005f6a (0xfc967ce3)
core   0: 0x80005f6e (0x09827913) andi    s2, tp, 152
core   0: 3 0x80005f6e (0x09827913) x18 0x00000000
core   0: 0x80005f72 (0x0000e411) c.bnez  s0, pc + 12
core   0: 3 0x80005f72 (0xe411)
core   0: 0x80005f7e (0x03862a93) slti    s5, a2, 56
core   0: 3 0x80005f7e (0x03862a93) x21 0x00000001
core   0: 0x80005f82 (0x00319233) sll     tp, gp, gp
core   0: 3 0x80005f82 (0x00319233) x 4 0x0026ce40
core   0: 0x80005f86 (0x0000866a) c.mv    a2, s10
core   0: 3 0x80005f86 (0x866a) x12 0x80022e64
core   0: 0x80005f88 (0x02968b63) beq     a3, s1, pc + 54
core   0: 3 0x80005f88 (0x02968b63)
core   0: 0x80005f8c (0x02992333) mulhsu  t1, s2, s1
core   0: 3 0x80005f8c (0x02992333) x 6 0x00000000
core   0: 0x80005f90 (0x00008cbd) c.xor   s1, a5
core   0: 3 0x80005f90 (0x8cbd) x 9 0x00000002
core   0: 0x80005f92 (0x00008dd5) c.or    a1, a3
core   0: 3 0x80005f92 (0x8dd5) x11 0x00000000
core   0: 0x80005f94 (0xe80e4693) xori    a3, t3, -384
core   0: 3 0x80005f94 (0xe80e4693) x13 0x7ffd9278
core   0: 0x80005f98 (0x783a4513) xori    a0, s4, 1923
core   0: 3 0x80005f98 (0x783a4513) x10 0x0000060b
core   0: 0x80005f9c (0x024b8b63) beq     s7, tp, pc + 54
core   0: 3 0x80005f9c (0x024b8b63)
core   0: 0x80005fa0 (0x020f2833) mulhsu  a6, t5, zero
core   0: 3 0x80005fa0 (0x020f2833) x16 0x00000000
core   0: 0x80005fa4 (0x0000177d) c.addi  a4, -1
core   0: 3 0x80005fa4 (0x177d) x14 0xe27e4872
core   0: 0x80005fa6 (0x00c37e33) and     t3, t1, a2
core   0: 3 0x80005fa6 (0x00c37e33) x28 0x00000000
core   0: 0x80005faa (0x03b9de33) divu    t3, s3, s11
core   0: 3 0x80005faa (0x03b9de33) x28 0x00000000
core   0: 0x80005fae (0x018648b3) xor     a7, a2, s8
core   0: 3 0x80005fae (0x018648b3) x17 0x80022e64
core   0: 0x80005fb2 (0x0000ea15) c.bnez  a2, pc + 52
core   0: 3 0x80005fb2 (0xea15)
core   0: 0x80005fe6 (0x32a5feb7) lui     t4, 0x32a5f
core   0: 3 0x80005fe6 (0x32a5feb7) x29 0x32a5f000
core   0: 0x80005fea (0x0000047e) c.slli  s0, 31
core   0: 3 0x80005fea (0x047e) x 8 0x80000000
core   0: 0x80005fec (0x00006c5d) c.lui   s8, 0x17
core   0: 3 0x80005fec (0x6c5d) x24 0x00017000
core   0: 0x80005fee (0x540d1297) auipc   t0, 0x540d1
core   0: 3 0x80005fee (0x540d1297) x 5 0xd40d6fee
core   0: 0x80005ff2 (0x000089aa) c.mv    s3, a0
core   0: 3 0x80005ff2 (0x89aa) x19 0x0000060b
core   0: 0x80005ff4 (0x02dd1533) mulh    a0, s10, a3
core   0: 3 0x80005ff4 (0x02dd1533) x10 0xc0024df0
core   0: 0x80005ff8 (0x00008f79) c.and   a4, a4
core   0: 3 0x80005ff8 (0x8f79) x14 0xe27e4872
core   0: 0x80005ffa (0x0000ce85) c.beqz  a3, pc + 56
core   0: 3 0x80005ffa (0xce85)
core   0: 0x80005ffc (0x00110f33) add     t5, sp, ra
core   0: 3 0x80005ffc (0x00110f33) x30 0x8006c9ac
core   0: 0x80006000 (0x00bcd413) srli    s0, s9, 11
core   0: 3 0x80006000 (0x00bcd413) x 8 0x001fffff
core   0: 0x80006004 (0x010e5c13) srli    s8, t3, 16
core   0: 3 0x80006004 (0x010e5c13) x24 0x00000000
core   0: 0x80006008 (0x00009e22) c.add   t3, s0
core   0: 3 0x80006008 (0x9e22) x28 0x001fffff
core   0: 0x8000600a (0x01374b63) blt     a4, s3, pc + 22
core   0: 3 0x8000600a (0x01374b63)
core   0: 0x80006020 (0x00cf5593) srli    a1, t5, 12
core   0: 3 0x80006020 (0x00cf5593) x11 0x0008006c
core   0: 0x80006024 (0x000080d5) c.srli  s1, 21
core   0: 3 0x80006024 (0x80d5) x 9 0x00000000
core   0: 0x80006026 (0x03e873b3) remu    t2, a6, t5
core   0: 3 0x80006026 (0x03e873b3) x 7 0x00000000
core   0: 0x8000602a (0x4a9ac693) xori    a3, s5, 1193
core   0: 3 0x8000602a (0x4a9ac693) x13 0x000004a8
core   0: 0x8000602e (0x01821a33) sll     s4, tp, s8
core   0: 3 0x8000602e (0x01821a33) x20 0x0026ce40
core   0: 0x80006032 (0x01f85cb3) srl     s9, a6, t6
core   0: 3 0x80006032 (0x01f85cb3) x25 0x00000000
core   0: 0x80006036 (0x000014fd) c.addi  s1, -1
core   0: 3 0x80006036 (0x14fd) x 9 0xffffffff
core   0: 0x80006038 (0x03f303b3) mul     t2, t1, t6
core   0: 3 0x80006038 (0x03f303b3) x 7 0x00000000
core   0: 0x8000603c (0x03984333) div     t1, a6, s9
core   0: 3 0x8000603c (0x03984333) x 6 0xffffffff
core   0: 0x80006040 (0x02e7fc63) bgeu    a5, a4, pc + 56
core   0: 3 0x80006040 (0x02e7fc63)
core   0: 0x80006044 (0x00000001) c.nop
core   0: 3 0x80006044 (0x0001)
core   0: 0x80006046 (0x0000177d) c.addi  a4, -1
core   0: 3 0x80006046 (0x177d) x14 0xe27e4871
core   0: 0x80006048 (0x41fcdb13) srai    s6, s9, 31
core   0: 3 0x80006048 (0x41fcdb13) x22 0x00000000
core   0: 0x8000604c (0xe8b9fe93) andi    t4, s3, -373
core   0: 3 0x8000604c (0xe8b9fe93) x29 0x0000060b
core   0: 0x80006050 (0x03196533) rem     a0, s2, a7
core   0: 3 0x80006050 (0x03196533) x10 0x00000000
core   0: 0x80006054 (0x015a22b3) slt     t0, s4, s5
core   0: 3 0x80006054 (0x015a22b3) x 5 0x00000000
core   0: 0x80006058 (0x0395cdb3) div     s11, a1, s9
core   0: 3 0x80006058 (0x0395cdb3) x27 0xffffffff
core   0: 0x8000605c (0xfba37893) andi    a7, t1, -70
core   0: 3 0x8000605c (0xfba37893) x17 0xffffffba
core   0: 0x80006060 (0x001d0433) add     s0, s10, ra
core   0: 3 0x80006060 (0x001d0433) x 8 0x80068b2c
core   0: 0x80006064 (0x40495a13) srai    s4, s2, 4
core   0: 3 0x80006064 (0x40495a13) x20 0x00000000
core   0: 0x80006068 (0x01f1dc93) srli    s9, gp, 31
core   0: 3 0x80006068 (0x01f1dc93) x25 0x00000001
core   0: 0x8000606c (0x01883cb3) sltu    s9, a6, s8
core   0: 3 0x8000606c (0x01883cb3) x25 0x00000000
core   0: 0x80006070 (0xf9a35597) auipc   a1, 0xf9a35
core   0: 3 0x80006070 (0xf9a35597) x11 0x79a3b070
core   0: 0x80006074 (0x0008c933) xor     s2, a7, zero
core   0: 3 0x80006074 (0x0008c933) x18 0xffffffba
core   0: 0x80006078 (0x00000ec5) c.addi  t4, 17
core   0: 3 0x80006078 (0x0ec5) x29 0x0000061c
core   0: 0x8000607a (0x01b25033) srl     zero, tp, s11
core   0: 3 0x8000607a (0x01b25033)
core   0: 0x8000607e (0x009035b3) snez    a1, s1
core   0: 3 0x8000607e (0x009035b3) x11 0x00000001
core   0: 0x80006082 (0x410c01b3) sub     gp, s8, a6
core   0: 3 0x80006082 (0x410c01b3) x 3 0x00000000
core   0: 0x80006086 (0x00000776) c.slli  a4, 29
core   0: 3 0x80006086 (0x0776) x14 0x20000000
core   0: 0x80006088 (0x0000987e) c.add   a6, t6
core   0: 3 0x80006088 (0x987e) x16 0x00000000
core   0: 0x8000608a (0x03f88733) mul     a4, a7, t6
core   0: 3 0x8000608a (0x03f88733) x14 0x00000000
core   0: 0x8000608e (0x00008e49) c.or    a2, a0
core   0: 3 0x8000608e (0x8e49) x12 0x80022e64
core   0: 0x80006090 (0x00008d6d) c.and   a0, a1
core   0: 3 0x80006090 (0x8d6d) x10 0x00000000
core   0: 0x80006092 (0x00008d05) c.sub   a0, s1
core   0: 3 0x80006092 (0x8d05) x10 0x00000001
core   0: 0x80006094 (0x400d5c13) srai    s8, s10, 0
core   0: 3 0x80006094 (0x400d5c13) x24 0x80022e64
core   0: 0x80006098 (0x00009f7a) c.add   t5, t5
core   0: 3 0x80006098 (0x9f7a) x30 0x000d9358
core   0: 0x8000609a (0x01b80333) add     t1, a6, s11
core   0: 3 0x8000609a (0x01b80333) x 6 0xffffffff
core   0: 0x8000609e (0x00305913) srli    s2, zero, 3
core   0: 3 0x8000609e (0x00305913) x18 0x00000000
core   0: 0x800060a2 (0x03ffc4b3) div     s1, t6, t6
core   0: 3 0x800060a2 (0x03ffc4b3) x 9 0xffffffff
core   0: 0x800060a6 (0x0000100f) fence.i
core   0: 3 0x800060a6 (0x0000100f)
core   0: 0x800060aa (0x5d3faa93) slti    s5, t6, 1491
core   0: 3 0x800060aa (0x5d3faa93) x21 0x00000001
core   0: 0x800060ae (0x035c0233) mul     tp, s8, s5
core   0: 3 0x800060ae (0x035c0233) x 4 0x80022e64
core   0: 0x800060b2 (0x01b7ac33) slt     s8, a5, s11
core   0: 3 0x800060b2 (0x01b7ac33) x24 0x00000000
core   0: 0x800060b6 (0xf325c093) xori    ra, a1, -206
core   0: 3 0x800060b6 (0xf325c093) x 1 0xffffff33
core   0: 0x800060ba (0x032aa6b3) mulhsu  a3, s5, s2
core   0: 3 0x800060ba (0x032aa6b3) x13 0x00000000
core   0: 0x800060be (0x036ec333) div     t1, t4, s6
core   0: 3 0x800060be (0x036ec333) x 6 0xffffffff
core   0: 0x800060c2 (0x00008f62) c.mv    t5, s8
core   0: 3 0x800060c2 (0x8f62) x30 0x00000000
core   0: 0x800060c4 (0x000082c5) c.srli  a3, 17
core   0: 3 0x800060c4 (0x82c5) x13 0x00000000
core   0: 0x800060c6 (0x0000c509) c.beqz  a0, pc + 10
core   0: 3 0x800060c6 (0xc509)
core   0: 0x800060c8 (0x0fa55d97) auipc   s11, 0xfa55
core   0: 3 0x800060c8 (0x0fa55d97) x27 0x8fa5b0c8
core   0: 0x800060cc (0x0056c9b3) xor     s3, a3, t0
core   0: 3 0x800060cc (0x0056c9b3) x19 0x00000000
core   0: 0x800060d0 (0xb4266393) ori     t2, a2, -1214
core   0: 3 0x800060d0 (0xb4266393) x 7 0xffffff66
core   0: 0x800060d4 (0x005f6863) bltu    t5, t0, pc + 16
core   0: 3 0x800060d4 (0x005f6863)
core   0: 0x800060d8 (0x0ff0000f) fence   iorw,iorw
core   0: 3 0x800060d8 (0x0ff0000f)
core   0: 0x800060dc (0x6432fd93) andi    s11, t0, 1603
core   0: 3 0x800060dc (0x6432fd93) x27 0x00000000
core   0: 0x800060e0 (0x00316333) or      t1, sp, gp
core   0: 3 0x800060e0 (0x00316333) x 6 0x80026ce4
core   0: 0x800060e4 (0x0000100f) fence.i
core   0: 3 0x800060e4 (0x0000100f)
core   0: 0x800060e8 (0x02c77033) remu    zero, a4, a2
core   0: 3 0x800060e8 (0x02c77033)
core   0: 0x800060ec (0x01284fb3) xor     t6, a6, s2
core   0: 3 0x800060ec (0x01284fb3) x31 0x00000000
core   0: 0x800060f0 (0x01824933) xor     s2, tp, s8
core   0: 3 0x800060f0 (0x01824933) x18 0x80022e64
core   0: 0x800060f4 (0x000085ee) c.mv    a1, s11
core   0: 3 0x800060f4 (0x85ee) x11 0x00000000
core   0: 0x800060f6 (0x030b7163) bgeu    s6, a6, pc + 34
core   0: 3 0x800060f6 (0x030b7163)
core   0: 0x80006118 (0x0000876e) c.mv    a4, s11
core   0: 3 0x80006118 (0x876e) x14 0x00000000
core   0: 0x8000611a (0x03ae4a63) blt     t3, s10, pc + 52
core   0: 3 0x8000611a (0x03ae4a63)
core   0: 0x8000611e (0x001a9663) bne     s5, ra, pc + 12
core   0: 3 0x8000611e (0x001a9663)
core   0: 0x8000612a (0x58312f93) slti    t6, sp, 1411
core   0: 3 0x8000612a (0x58312f93) x31 0x00000001
core   0: 0x8000612e (0x00008e89) c.sub   a3, a0
core   0: 3 0x8000612e (0x8e89) x13 0xffffffff
core   0: 0x80006130 (0x00006335) c.lui   t1, 0xd
core   0: 3 0x80006130 (0x6335) x 6 0x0000d000
core   0: 0x80006132 (0x74f968b7) lui     a7, 0x74f96
core   0: 3 0x80006132 (0x74f968b7) x17 0x74f96000
core   0: 0x80006136 (0x4fe63a93) sltiu   s5, a2, 1278
core   0: 3 0x80006136 (0x4fe63a93) x21 0x00000000
core   0: 0x8000613a (0x00005f7d) c.li    t5, -1
core   0: 3 0x8000613a (0x5f7d) x30 0xffffffff
core   0: 0x8000613c (0x031f1733) mulh    a4, t5, a7
core   0: 3 0x8000613c (0x031f1733) x14 0xffffffff
core   0: 0x80006140 (0x00055313) srli    t1, a0, 0
core   0: 3 0x80006140 (0x00055313) x 6 0x00000001
core   0: 0x80006144 (0x00009b16) c.add   s6, t0
core   0: 3 0x80006144 (0x9b16) x22 0x00000000
core   0: 0x80006146 (0xa5f03637) lui     a2, 0xa5f03
core   0: 3 0x80006146 (0xa5f03637) x12 0xa5f03000
core   0: 0x8000614a (0x02324eb3) div     t4, tp, gp
core   0: 3 0x8000614a (0x02324eb3) x29 0xffffffff
core   0: 0x8000614e (0x00000001) c.nop
core   0: 3 0x8000614e (0x0001)
core   0: 0x80006150 (0x00000001) c.nop
core   0: 3 0x80006150 (0x0001)
core   0: 0x80006152 (0x00d8f663) bgeu    a7, a3, pc + 12
core   0: 3 0x80006152 (0x00d8f663)
core   0: 0x80006156 (0x6ac4c893) xori    a7, s1, 1708
core   0: 3 0x80006156 (0x6ac4c893) x17 0xfffff953
core   0: 0x8000615a (0x36138593) addi    a1, t2, 865
core   0: 3 0x8000615a (0x36138593) x11 0x000002c7
core   0: 0x8000615e (0x80d1fa93) andi    s5, gp, -2035
core   0: 3 0x8000615e (0x80d1fa93) x21 0x00000000
core   0: 0x80006162 (0x019e58b3) srl     a7, t3, s9
core   0: 3 0x80006162 (0x019e58b3) x17 0x001fffff
core   0: 0x80006166 (0x00008b9a) c.mv    s7, t1
core   0: 3 0x80006166 (0x8b9a) x23 0x00000001
core   0: 0x80006168 (0x0388ebb3) rem     s7, a7, s8
core   0: 3 0x80006168 (0x0388ebb3) x23 0x001fffff
core   0: 0x8000616c (0x03b20a33) mul     s4, tp, s11
core   0: 3 0x8000616c (0x03b20a33) x20 0x00000000
core   0: 0x80006170 (0x02103633) mulhu   a2, zero, ra
core   0: 3 0x80006170 (0x02103633) x12 0x00000000
core   0: 0x80006174 (0x0000100f) fence.i
core   0: 3 0x80006174 (0x0000100f)
core   0: 0x80006178 (0x0000e931) c.bnez  a0, pc + 84
core   0: 3 0x80006178 (0xe931)
core   0: 0x800061cc (0x030e2ab3) mulhsu  s5, t3, a6
core   0: 3 0x800061cc (0x030e2ab3) x21 0x00000000
core   0: 0x800061d0 (0x00006269) c.lui   tp, 0x1a
core   0: 3 0x800061d0 (0x6269) x 4 0x0001a000
core   0: 0x800061d2 (0x00000001) c.nop
core   0: 3 0x800061d2 (0x0001)
core   0: 0x800061d4 (0x00008996) c.mv    s3, t0
core   0: 3 0x800061d4 (0x8996) x19 0x00000000
core   0: 0x800061d6 (0x00a97bb3) and     s7, s2, a0
core   0: 3 0x800061d6 (0x00a97bb3) x23 0x00000000
core   0: 0x800061da (0x032b9f33) mulh    t5, s7, s2
core   0: 3 0x800061da (0x032b9f33) x30 0x00000000
core   0: 0x800061de (0x0269b733) mulhu   a4, s3, t1
core   0: 3 0x800061de (0x0269b733) x14 0x00000000
core   0: 0x800061e2 (0x2c164393) xori    t2, a2, 705
core   0: 3 0x800061e2 (0x2c164393) x 7 0x000002c1
core   0: 0x800061e6 (0x00006449) c.lui   s0, 0x12
core   0: 3 0x800061e6 (0x6449) x 8 0x00012000
core   0: 0x800061e8 (0x00008c5d) c.or    s0, a5
core   0: 3 0x800061e8 (0x8c5d) x 8 0x00012000
core   0: 0x800061ea (0x014e56b3) srl     a3, t3, s4
core   0: 3 0x800061ea (0x014e56b3) x13 0x001fffff
core   0: 0x800061ee (0x03c6b9b3) mulhu   s3, a3, t3
core   0: 3 0x800061ee (0x03c6b9b3) x19 0x000003ff
core   0: 0x800061f2 (0x51c9eb13) ori     s6, s3, 1308
core   0: 3 0x800061f2 (0x51c9eb13) x22 0x000007ff
core   0: 0x800061f6 (0x5a3ccf93) xori    t6, s9, 1443
core   0: 3 0x800061f6 (0x5a3ccf93) x31 0x000005a3
core   0: 0x800061fa (0x00874263) blt     a4, s0, pc + 4
core   0: 3 0x800061fa (0x00874263)
core   0: 0x800061fe (0x028d1f63) bne     s10, s0, pc + 62
core   0: 3 0x800061fe (0x028d1f63)
core   0: 0x8000623c (0x9b1ae913) ori     s2, s5, -1615
core   0: 3 0x8000623c (0x9b1ae913) x18 0xfffff9b1
core   0: 0x80006240 (0x00be0a63) beq     t3, a1, pc + 20
core   0: 3 0x80006240 (0x00be0a63)
core   0: 0x80006244 (0x0275d463) bge     a1, t2, pc + 40
core   0: 3 0x80006244 (0x0275d463)
core   0: 0x8000626c (0x419a0233) sub     tp, s4, s9
core   0: 3 0x8000626c (0x419a0233) x 4 0x00000000
core   0: 0x80006270 (0x00008261) c.srli  a2, 24
core   0: 3 0x80006270 (0x8261) x12 0x00000000
core   0: 0x80006272 (0x03f652b3) divu    t0, a2, t6
core   0: 3 0x80006272 (0x03f652b3) x 5 0x00000000
core   0: 0x80006276 (0x41f35633) sra     a2, t1, t6
core   0: 3 0x80006276 (0x41f35633) x12 0x00000000
core   0: 0x8000627a (0x0110f433) and     s0, ra, a7
core   0: 3 0x8000627a (0x0110f433) x 8 0x001fff33
core   0: 0x8000627e (0xd5616493) ori     s1, sp, -682
core   0: 3 0x8000627e (0xd5616493) x 9 0xfffffdf6
core   0: 0x80006282 (0x00008345) c.srli  a4, 17
core   0: 3 0x80006282 (0x8345) x14 0x00000000
core   0: 0x80006284 (0x00008e95) c.sub   a3, a3
core   0: 3 0x80006284 (0x8e95) x13 0x00000000
core   0: 0x80006286 (0x0000851a) c.mv    a0, t1
core   0: 3 0x80006286 (0x851a) x10 0x00000001
core   0: 0x80006288 (0x0000ec8d) c.bnez  s1, pc + 58
core   0: 3 0x80006288 (0xec8d)
core   0: 0x800062c2 (0xd38ec293) xori    t0, t4, -712
core   0: 3 0x800062c2 (0xd38ec293) x 5 0x000002c7
core   0: 0x800062c6 (0x0261dc63) bge     gp, t1, pc + 56
core   0: 3 0x800062c6 (0x0261dc63)
core   0: 0x800062ca (0x0ff0000f) fence   iorw,iorw
core   0: 3 0x800062ca (0x0ff0000f)
core   0: 0x800062ce (0x000086f1) c.srai  a3, 28
core   0: 3 0x800062ce (0x86f1) x13 0x00000000
core   0: 0x800062d0 (0x0100bb33) sltu    s6, ra, a6
core   0: 3 0x800062d0 (0x0100bb33) x22 0x00000000
core   0: 0x800062d4 (0x0312c563) blt     t0, a7, pc + 42
core   0: 3 0x800062d4 (0x0312c563)
core   0: 0x800062fe (0x01f78963) beq     a5, t6, pc + 18
core   0: 3 0x800062fe (0x01f78963)
core   0: 0x80006302 (0x00009dd2) c.add   s11, s4
core   0: 3 0x80006302 (0x9dd2) x27 0x00000000
core   0: 0x80006304 (0x00dab433) sltu    s0, s5, a3
core   0: 3 0x80006304 (0x00dab433) x 8 0x00000000
core   0: 0x80006308 (0x03cf5633) divu    a2, t5, t3
core   0: 3 0x80006308 (0x03cf5633) x12 0x00000000
core   0: 0x8000630c (0x4115d1b3) sra     gp, a1, a7
core   0: 3 0x8000630c (0x4115d1b3) x 3 0x00000000
core   0: 0x80006310 (0xfedf3613) sltiu   a2, t5, -19
core   0: 3 0x80006310 (0xfedf3613) x12 0x00000001
core   0: 0x80006314 (0x00466733) or      a4, a2, tp
core   0: 3 0x80006314 (0x00466733) x14 0x00000001
core   0: 0x80006318 (0x02c38763) beq     t2, a2, pc + 46
core   0: 3 0x80006318 (0x02c38763)
core   0: 0x8000631c (0x01e7a533) slt     a0, a5, t5
core   0: 3 0x8000631c (0x01e7a533) x10 0x00000000
core   0: 0x80006320 (0x022502b3) mul     t0, a0, sp
core   0: 3 0x80006320 (0x022502b3) x 5 0x00000000
core   0: 0x80006324 (0x482eec93) ori     s9, t4, 1154
core   0: 3 0x80006324 (0x482eec93) x25 0xffffffff
core   0: 0x80006328 (0x00000001) c.nop
core   0: 3 0x80006328 (0x0001)
core   0: 0x8000632a (0x033d1c33) mulh    s8, s10, s3
core   0: 3 0x8000632a (0x033d1c33) x24 0xfffffe00
core   0: 0x8000632e (0x00008c7d) c.and   s0, a5
core   0: 3 0x8000632e (0x8c7d) x 8 0x00000000
core   0: 0x80006330 (0x00008da1) c.xor   a1, s0
core   0: 3 0x80006330 (0x8da1) x11 0x000002c7
core   0: 0x80006332 (0x02f68b63) beq     a3, a5, pc + 54
core   0: 3 0x80006332 (0x02f68b63)
core   0: 0x80006368 (0x00008321) c.srli  a4, 8
core   0: 3 0x80006368 (0x8321) x14 0x00000000
core   0: 0x8000636a (0x00000001) c.nop
core   0: 3 0x8000636a (0x0001)
core   0: 0x8000636c (0x00008e95) c.sub   a3, a3
core   0: 3 0x8000636c (0x8e95) x13 0x00000000
core   0: 0x8000636e (0x911fa213) slti    tp, t6, -1775
core   0: 3 0x8000636e (0x911fa213) x 4 0x00000000
core   0: 0x80006372 (0x000063f5) c.lui   t2, 0x1d
core   0: 3 0x80006372 (0x63f5) x 7 0x0001d000
core   0: 0x80006374 (0x004c33b3) sltu    t2, s8, tp
core   0: 3 0x80006374 (0x004c33b3) x 7 0x00000000
core   0: 0x80006378 (0x412004b3) sub     s1, zero, s2
core   0: 3 0x80006378 (0x412004b3) x 9 0x0000064f
core   0: 0x8000637c (0x016630b3) sltu    ra, a2, s6
core   0: 3 0x8000637c (0x016630b3) x 1 0x00000000
core   0: 0x80006380 (0xd91a2397) auipc   t2, 0xd91a2
core   0: 3 0x80006380 (0xd91a2397) x 7 0x591a8380
core   0: 0x80006384 (0x03b81d63) bne     a6, s11, pc + 58
core   0: 3 0x80006384 (0x03b81d63)
core   0: 0x80006388 (0x02dc3233) mulhu   tp, s8, a3
core   0: 3 0x80006388 (0x02dc3233) x 4 0x00000000
core   0: 0x8000638c (0x0125f9b3) and     s3, a1, s2
core   0: 3 0x8000638c (0x0125f9b3) x19 0x00000081
core   0: 0x80006390 (0x030fda63) bge     t6, a6, pc + 52
core   0: 3 0x80006390 (0x030fda63)
core   0: 0x800063c4 (0x00008041) c.srli  s0, 16
core   0: 3 0x800063c4 (0x8041) x 8 0x00000000
core   0: 0x800063c6 (0x408d8f33) sub     t5, s11, s0
core   0: 3 0x800063c6 (0x408d8f33) x30 0x00000000
core   0: 0x800063ca (0x00e049b3) xor     s3, zero, a4
core   0: 3 0x800063ca (0x00e049b3) x19 0x00000000
core   0: 0x800063ce (0x028a7813) andi    a6, s4, 40
core   0: 3 0x800063ce (0x028a7813) x16 0x00000000
core   0: 0x800063d2 (0x000019fd) c.addi  s3, -1
core   0: 3 0x800063d2 (0x19fd) x19 0xffffffff
core   0: 0x800063d4 (0x03a76db3) rem     s11, a4, s10
core   0: 3 0x800063d4 (0x03a76db3) x27 0x00000000
core   0: 0x800063d8 (0x01378e33) add     t3, a5, s3
core   0: 3 0x800063d8 (0x01378e33) x28 0xffffffff
core   0: 0x800063dc (0x9260e393) ori     t2, ra, -1754
core   0: 3 0x800063dc (0x9260e393) x 7 0xfffff926
core   0: 0x800063e0 (0x0000177d) c.addi  a4, -1
core   0: 3 0x800063e0 (0x177d) x14 0xffffffff
core   0: 0x800063e2 (0x00911763) bne     sp, s1, pc + 14
core   0: 3 0x800063e2 (0x00911763)
core   0: 0x800063f0 (0x41070a33) sub     s4, a4, a6
core   0: 3 0x800063f0 (0x41070a33) x20 0xffffffff
core   0: 0x800063f4 (0x021266b3) rem     a3, tp, ra
core   0: 3 0x800063f4 (0x021266b3) x13 0x00000000
core   0: 0x800063f8 (0x00005c7d) c.li    s8, -1
core   0: 3 0x800063f8 (0x5c7d) x24 0xffffffff
core   0: 0x800063fa (0x028da1b3) mulhsu  gp, s11, s0
core   0: 3 0x800063fa (0x028da1b3) x 3 0x00000000
core   0: 0x800063fe (0x00421493) slli    s1, tp, 4
core   0: 3 0x800063fe (0x00421493) x 9 0x00000000
core   0: 0x80006402 (0xbe423493) sltiu   s1, tp, -1052
core   0: 3 0x80006402 (0xbe423493) x 9 0x00000001
core   0: 0x80006406 (0x00000199) c.addi  gp, 6
core   0: 3 0x80006406 (0x0199) x 3 0x00000006
core   0: 0x80006408 (0x005ec963) blt     t4, t0, pc + 18
core   0: 3 0x80006408 (0x005ec963)
core   0: 0x8000641a (0x03cdc663) blt     s11, t3, pc + 44
core   0: 3 0x8000641a (0x03cdc663)
core   0: 0x8000641e (0x03579233) mulh    tp, a5, s5
core   0: 3 0x8000641e (0x03579233) x 4 0x00000000
core   0: 0x80006422 (0x005f8663) beq     t6, t0, pc + 12
core   0: 3 0x80006422 (0x005f8663)
core   0: 0x80006426 (0x41ff8a33) sub     s4, t6, t6
core   0: 3 0x80006426 (0x41ff8a33) x20 0x00000000
core   0: 0x8000642a (0x7da87b93) andi    s7, a6, 2010
core   0: 3 0x8000642a (0x7da87b93) x23 0x00000000
core   0: 0x8000642e (0x00000c46) c.slli  s8, 17
core   0: 3 0x8000642e (0x0c46) x24 0xfffe0000
core   0: 0x80006430 (0x00000692) c.slli  a3, 4
core   0: 3 0x80006430 (0x0692) x13 0x00000000
core   0: 0x80006432 (0x00db1963) bne     s6, a3, pc + 18
core   0: 3 0x80006432 (0x00db1963)
core   0: 0x80006436 (0xe8928f13) addi    t5, t0, -375
core   0: 3 0x80006436 (0xe8928f13) x30 0xfffffe89
core   0: 0x8000643a (0x005bceb3) xor     t4, s7, t0
core   0: 3 0x8000643a (0x005bceb3) x29 0x00000000
core   0: 0x8000643e (0x028738b3) mulhu   a7, a4, s0
core   0: 3 0x8000643e (0x028738b3) x17 0x00000000
core   0: 0x80006442 (0x00000001) c.nop
core   0: 3 0x80006442 (0x0001)
core   0: 0x80006444 (0x0000c701) c.beqz  a4, pc + 8
core   0: 3 0x80006444 (0xc701)
core   0: 0x80006446 (0x00b52a33) slt     s4, a0, a1
core   0: 3 0x80006446 (0x00b52a33) x20 0x00000001
core   0: 0x8000644a (0x00000faa) c.slli  t6, 10
core   0: 3 0x8000644a (0x0faa) x31 0x00168c00
core   0: 0x8000644c (0x021eea33) rem     s4, t4, ra
core   0: 3 0x8000644c (0x021eea33) x20 0x00000000
core   0: 0x80006450 (0x023032b3) mulhu   t0, zero, gp
core   0: 3 0x80006450 (0x023032b3) x 5 0x00000000
core   0: 0x80006454 (0x00000001) c.nop
core   0: 3 0x80006454 (0x0001)
core   0: 0x80006456 (0x00fe7a63) bgeu    t3, a5, pc + 20
core   0: 3 0x80006456 (0x00fe7a63)
core   0: 0x8000646a (0x0344e913) ori     s2, s1, 52
core   0: 3 0x8000646a (0x0344e913) x18 0x00000035
core   0: 0x8000646e (0x03256ab3) rem     s5, a0, s2
core   0: 3 0x8000646e (0x03256ab3) x21 0x00000000
core   0: 0x80006472 (0xfb964d93) xori    s11, a2, -71
core   0: 3 0x80006472 (0xfb964d93) x27 0xffffffb8
core   0: 0x80006476 (0x01f96563) bltu    s2, t6, pc + 10
core   0: 3 0x80006476 (0x01f96563)
core   0: 0x80006480 (0x006d9a63) bne     s11, t1, pc + 20
core   0: 3 0x80006480 (0x006d9a63)
core   0: 0x80006494 (0x00008e95) c.sub   a3, a3
core   0: 3 0x80006494 (0x8e95) x13 0x00000000
core   0: 0x80006496 (0x03613cb3) mulhu   s9, sp, s6
core   0: 3 0x80006496 (0x03613cb3) x25 0x00000000
core   0: 0x8000649a (0x03650963) beq     a0, s6, pc + 50
core   0: 3 0x8000649a (0x03650963)
core   0: 0x800064cc (0x0000197d) c.addi  s2, -1
core   0: 3 0x800064cc (0x197d) x18 0x00000034
core   0: 0x800064ce (0x0097a733) slt     a4, a5, s1
core   0: 3 0x800064ce (0x0097a733) x14 0x00000001
core   0: 0x800064d2 (0x00008c85) c.sub   s1, s1
core   0: 3 0x800064d2 (0x8c85) x 9 0x00000000
core   0: 0x800064d4 (0x8c913a13) sltiu   s4, sp, -1847
core   0: 3 0x800064d4 (0x8c913a13) x20 0x00000001
core   0: 0x800064d8 (0x7d6eff97) auipc   t6, 0x7d6ef
core   0: 3 0x800064d8 (0x7d6eff97) x31 0xfd6f54d8
core   0: 0x800064dc (0x015e9c93) slli    s9, t4, 21
core   0: 3 0x800064dc (0x015e9c93) x25 0x00000000
core   0: 0x800064e0 (0x6f68f413) andi    s0, a7, 1782
core   0: 3 0x800064e0 (0x6f68f413) x 8 0x00000000
core   0: 0x800064e4 (0x48577c13) andi    s8, a4, 1157
core   0: 3 0x800064e4 (0x48577c13) x24 0x00000001
core   0: 0x800064e8 (0x00008c31) c.xor   s0, a2
core   0: 3 0x800064e8 (0x8c31) x 8 0x00000001
core   0: 0x800064ea (0x015d1f33) sll     t5, s10, s5
core   0: 3 0x800064ea (0x015d1f33) x30 0x80022e64
core   0: 0x800064ee (0x0000421d) c.li    tp, 7
core   0: 3 0x800064ee (0x421d) x 4 0x00000007
core   0: 0x800064f0 (0x006f9d63) bne     t6, t1, pc + 26
core   0: 3 0x800064f0 (0x006f9d63)
core   0: 0x8000650a (0x039ff563) bgeu    t6, s9, pc + 42
core   0: 3 0x8000650a (0x039ff563)
core   0: 0x80006534 (0x016583b3) add     t2, a1, s6
core   0: 3 0x80006534 (0x016583b3) x 7 0x000002c7
core   0: 0x80006538 (0x00beeeb3) or      t4, t4, a1
core   0: 3 0x80006538 (0x00beeeb3) x29 0x000002c7
core   0: 0x8000653c (0x7e084b93) xori    s7, a6, 2016
core   0: 3 0x8000653c (0x7e084b93) x23 0x000007e0
core   0: 0x80006540 (0x006bc233) xor     tp, s7, t1
core   0: 3 0x80006540 (0x006bc233) x 4 0x000007e1
core   0: 0x80006544 (0x00000ab6) c.slli  s5, 13
core   0: 3 0x80006544 (0x0ab6) x21 0x00000000
core   0: 0x80006546 (0x01e9cdb3) xor     s11, s3, t5
core   0: 3 0x80006546 (0x01e9cdb3) x27 0x7ffdd19b
core   0: 0x8000654a (0x03926263) bltu    tp, s9, pc + 36
core   0: 3 0x8000654a (0x03926263)
core   0: 0x8000654e (0x00009b6e) c.add   s6, s11
core   0: 3 0x8000654e (0x9b6e) x22 0x7ffdd19b
core   0: 0x80006550 (0x00001a7d) c.addi  s4, -1
core   0: 3 0x80006550 (0x1a7d) x20 0x00000000
core   0: 0x80006552 (0x00006865) c.lui   a6, 0x19
core   0: 3 0x80006552 (0x6865) x16 0x00019000
core   0: 0x80006554 (0x40e85693) srai    a3, a6, 14
core   0: 3 0x80006554 (0x40e85693) x13 0x00000006
core   0: 0x80006558 (0x035d7733) remu    a4, s10, s5
core   0: 3 0x80006558 (0x035d7733) x14 0x80022e64
core   0: 0x8000655c (0x0000045d) c.addi  s0, 23
core   0: 3 0x8000655c (0x045d) x 8 0x00000018
core   0: 0x8000655e (0x019205b3) add     a1, tp, s9
core   0: 3 0x8000655e (0x019205b3) x11 0x000007e1
core   0: 0x80006562 (0x0de48513) addi    a0, s1, 222
core   0: 3 0x80006562 (0x0de48513) x10 0x000000de
core   0: 0x80006566 (0x015adab3) srl     s5, s5, s5
core   0: 3 0x80006566 (0x015adab3) x21 0x00000000
core   0: 0x8000656a (0x41605013) srai    zero, zero, 22
core   0: 3 0x8000656a (0x41605013)
core   0: 0x8000656e (0xdd32bf13) sltiu   t5, t0, -557
core   0: 3 0x8000656e (0xdd32bf13) x30 0x00000001
core   0: 0x80006572 (0x1916b293) sltiu   t0, a3, 401
core   0: 3 0x80006572 (0x1916b293) x 5 0x00000001
core   0: 0x80006576 (0x41010b33) sub     s6, sp, a6
core   0: 3 0x80006576 (0x41010b33) x22 0x8000dce4
core   0: 0x8000657a (0x03ccdc33) divu    s8, s9, t3
core   0: 3 0x8000657a (0x03ccdc33) x24 0x00000000
core   0: 0x8000657e (0x4103d193) srai    gp, t2, 16
core   0: 3 0x8000657e (0x4103d193) x 3 0x00000000
core   0: 0x80006582 (0x058e9963) bne     t4, s8, pc + 82
core   0: 3 0x80006582 (0x058e9963)
core   0: 0x800065d4 (0x010c7db3) and     s11, s8, a6
core   0: 3 0x800065d4 (0x010c7db3) x27 0x00000000
core   0: 0x800065d8 (0x00008179) c.srli  a0, 30
core   0: 3 0x800065d8 (0x8179) x10 0x00000000
core   0: 0x800065da (0x0000071e) c.slli  a4, 7
core   0: 3 0x800065da (0x071e) x14 0x01173200
core   0: 0x800065dc (0xa867a917) auipc   s2, 0xa867a
core   0: 3 0x800065dc (0xa867a917) x18 0x286805dc
core   0: 0x800065e0 (0x00008ef1) c.and   a3, a2
core   0: 3 0x800065e0 (0x8ef1) x13 0x00000000
core   0: 0x800065e2 (0x0287d497) auipc   s1, 0x287d
core   0: 3 0x800065e2 (0x0287d497) x 9 0x828835e2
core   0: 0x800065e6 (0x00000001) c.nop
core   0: 3 0x800065e6 (0x0001)
core   0: 0x800065e8 (0x00185493) srli    s1, a6, 1
core   0: 3 0x800065e8 (0x00185493) x 9 0x0000c800
core   0: 0x800065ec (0x023c89b3) mul     s3, s9, gp
core   0: 3 0x800065ec (0x023c89b3) x19 0x00000000
core   0: 0x800065f0 (0x000068fd) c.lui   a7, 0x1f
core   0: 3 0x800065f0 (0x68fd) x17 0x0001f000
core   0: 0x800065f2 (0x01e1df93) srli    t6, gp, 30
core   0: 3 0x800065f2 (0x01e1df93) x31 0x00000000
core   0: 0x800065f6 (0xb2dea4b7) lui     s1, 0xb2dea
core   0: 3 0x800065f6 (0xb2dea4b7) x 9 0xb2dea000
core   0: 0x800065fa (0x024bddb3) divu    s11, s7, tp
core   0: 3 0x800065fa (0x024bddb3) x27 0x00000000
core   0: 0x800065fe (0x032869b3) rem     s3, a6, s2
core   0: 3 0x800065fe (0x032869b3) x19 0x00019000
core   0: 0x80006602 (0x012b9a93) slli    s5, s7, 18
core   0: 3 0x80006602 (0x012b9a93) x21 0x1f800000
core   0: 0x80006606 (0x00000001) c.nop
core   0: 3 0x80006606 (0x0001)
core   0: 0x80006608 (0x0000100f) fence.i
core   0: 3 0x80006608 (0x0000100f)
core   0: 0x8000660c (0x03f88f33) mul     t5, a7, t6
core   0: 3 0x8000660c (0x03f88f33) x30 0x00000000
core   0: 0x80006610 (0x000065d5) c.lui   a1, 0x15
core   0: 3 0x80006610 (0x65d5) x11 0x00015000
core   0: 0x80006612 (0xdcfbbe93) sltiu   t4, s7, -561
core   0: 3 0x80006612 (0xdcfbbe93) x29 0x00000001
core   0: 0x80006616 (0x00004ce1) c.li    s9, 24
core   0: 3 0x80006616 (0x4ce1) x25 0x00000018
core   0: 0x80006618 (0x002e4b33) xor     s6, t3, sp
core   0: 3 0x80006618 (0x002e4b33) x22 0x7ffd931b
core   0: 0x8000661c (0x40c305b3) sub     a1, t1, a2
core   0: 3 0x8000661c (0x40c305b3) x11 0x00000000
core   0: 0x80006620 (0x000010fd) c.addi  ra, -1
core   0: 3 0x80006620 (0x10fd) x 1 0xffffffff
core   0: 0x80006622 (0x00008eb1) c.xor   a3, a2
core   0: 3 0x80006622 (0x8eb1) x13 0x00000001
core   0: 0x80006624 (0x02627933) remu    s2, tp, t1
core   0: 3 0x80006624 (0x02627933) x18 0x00000000
core   0: 0x80006628 (0xe0ce4313) xori    t1, t3, -500
core   0: 3 0x80006628 (0xe0ce4313) x 6 0x000001f3
core   0: 0x8000662c (0x41ba5bb3) sra     s7, s4, s11
core   0: 3 0x8000662c (0x41ba5bb3) x23 0x00000000
core   0: 0x80006630 (0x02211033) mulh    zero, sp, sp
core   0: 3 0x80006630 (0x02211033)
core   0: 0x80006634 (0x0ff0000f) fence   iorw,iorw
core   0: 3 0x80006634 (0x0ff0000f)
core   0: 0x80006638 (0x032b1eb3) mulh    t4, s6, s2
core   0: 3 0x80006638 (0x032b1eb3) x29 0x00000000
core   0: 0x8000663c (0x000091d2) c.add   gp, s4
core   0: 3 0x8000663c (0x91d2) x 3 0x00000000
core   0: 0x8000663e (0x03134f63) blt     t1, a7, pc + 62
core   0: 3 0x8000663e (0x03134f63)
core   0: 0x8000667c (0x01dafab3) and     s5, s5, t4
core   0: 3 0x8000667c (0x01dafab3) x21 0x00000000
core   0: 0x80006680 (0x01f9fa63) bgeu    s3, t6, pc + 20
core   0: 3 0x80006680 (0x01f9fa63)
core   0: 0x80006694 (0x0000071e) c.slli  a4, 7
core   0: 3 0x80006694 (0x071e) x14 0x8b990000
core   0: 0x80006696 (0x41f15eb3) sra     t4, sp, t6
core   0: 3 0x80006696 (0x41f15eb3) x29 0x80026ce4
core   0: 0x8000669a (0x00006eb1) c.lui   t4, 0xc
core   0: 3 0x8000669a (0x6eb1) x29 0x0000c000
core   0: 0x8000669c (0x03931f33) mulh    t5, t1, s9
core   0: 3 0x8000669c (0x03931f33) x30 0x00000000
core   0: 0x800066a0 (0x00006ea1) c.lui   t4, 0x8
core   0: 3 0x800066a0 (0x6ea1) x29 0x00008000
core   0: 0x800066a2 (0x41ad8bb3) sub     s7, s11, s10
core   0: 3 0x800066a2 (0x41ad8bb3) x23 0x7ffdd19c
core   0: 0x800066a6 (0x0ff0000f) fence   iorw,iorw
core   0: 3 0x800066a6 (0x0ff0000f)
core   0: 0x800066aa (0x000084a5) c.srai  s1, 9
core   0: 3 0x800066aa (0x84a5) x 9 0xffd96f50
core   0: 0x800066ac (0x00008e31) c.xor   a2, a2
core   0: 3 0x800066ac (0x8e31) x12 0x00000000
core   0: 0x800066ae (0x034defb3) rem     t6, s11, s4
core   0: 3 0x800066ae (0x034defb3) x31 0x00000000
core   0: 0x800066b2 (0x40f386b3) sub     a3, t2, a5
core   0: 3 0x800066b2 (0x40f386b3) x13 0x000002c7
core   0: 0x800066b6 (0x03635733) divu    a4, t1, s6
core   0: 3 0x800066b6 (0x03635733) x14 0x00000000
core   0: 0x800066ba (0x00cf8833) add     a6, t6, a2
core   0: 3 0x800066ba (0x00cf8833) x16 0x00000000
core   0: 0x800066be (0x014df2b3) and     t0, s11, s4
core   0: 3 0x800066be (0x014df2b3) x 5 0x00000000
core   0: 0x800066c2 (0x2a6da193) slti    gp, s11, 678
core   0: 3 0x800066c2 (0x2a6da193) x 3 0x00000001
core   0: 0x800066c6 (0x03d03db3) mulhu   s11, zero, t4
core   0: 3 0x800066c6 (0x03d03db3) x27 0x00000000
core   0: 0x800066ca (0x00008c0d) c.sub   s0, a1
core   0: 3 0x800066ca (0x8c0d) x 8 0x00000018
core   0: 0x800066cc (0x0000856e) c.mv    a0, s11
core   0: 3 0x800066cc (0x856e) x10 0x00000000
core   0: 0x800066ce (0x00b7d293) srli    t0, a5, 11
core   0: 3 0x800066ce (0x00b7d293) x 5 0x00000000
core   0: 0x800066d2 (0x00c548b3) xor     a7, a0, a2
core   0: 3 0x800066d2 (0x00c548b3) x17 0x00000000
core   0: 0x800066d6 (0x03e44233) div     tp, s0, t5
core   0: 3 0x800066d6 (0x03e44233) x 4 0xffffffff
core   0: 0x800066da (0x026c9f33) mulh    t5, s9, t1
core   0: 3 0x800066da (0x026c9f33) x30 0x00000000
core   0: 0x800066de (0x01a5f3b3) and     t2, a1, s10
core   0: 3 0x800066de (0x01a5f3b3) x 7 0x00000000
core   0: 0x800066e2 (0x00009e86) c.add   t4, ra
core   0: 3 0x800066e2 (0x9e86) x29 0x00007fff
core   0: 0x800066e4 (0x00008d9d) c.sub   a1, a5
core   0: 3 0x800066e4 (0x8d9d) x11 0x00000000
core   0: 0x800066e6 (0x0026b9b3) sltu    s3, a3, sp
core   0: 3 0x800066e6 (0x0026b9b3) x19 0x00000001
core   0: 0x800066ea (0x00008195) c.srli  a1, 5
core   0: 3 0x800066ea (0x8195) x11 0x00000000
core   0: 0x800066ec (0x03420033) mul     zero, tp, s4
core   0: 3 0x800066ec (0x03420033)
core   0: 0x800066f0 (0x00008f3d) c.xor   a4, a5
core   0: 3 0x800066f0 (0x8f3d) x14 0x00000000
core   0: 0x800066f2 (0x40728b33) sub     s6, t0, t2
core   0: 3 0x800066f2 (0x40728b33) x22 0x00000000
core   0: 0x800066f6 (0x41ea5893) srai    a7, s4, 30
core   0: 3 0x800066f6 (0x41ea5893) x17 0x00000000
core   0: 0x800066fa (0x67b37ab7) lui     s5, 0x67b37
core   0: 3 0x800066fa (0x67b37ab7) x21 0x67b37000
core   0: 0x800066fe (0x00000001) c.nop
core   0: 3 0x800066fe (0x0001)
core   0: 0x80006700 (0xfc48e993) ori     s3, a7, -60
core   0: 3 0x80006700 (0xfc48e993) x19 0xffffffc4
core   0: 0x80006704 (0x00000001) c.nop
core   0: 3 0x80006704 (0x0001)
core   0: 0x80006706 (0x0ff0000f) fence   iorw,iorw
core   0: 3 0x80006706 (0x0ff0000f)
core   0: 0x8000670a (0x000080e5) c.srli  s1, 25
core   0: 3 0x8000670a (0x80e5) x 9 0x0000007f
core   0: 0x8000670c (0x01f974b3) and     s1, s2, t6
core   0: 3 0x8000670c (0x01f974b3) x 9 0x00000000
core   0: 0x80006710 (0x2898b893) sltiu   a7, a7, 649
core   0: 3 0x80006710 (0x2898b893) x17 0x00000001
core   0: 0x80006714 (0x27902e13) slti    t3, zero, 633
core   0: 3 0x80006714 (0x27902e13) x28 0x00000001
core   0: 0x80006718 (0x00c4dc33) srl     s8, s1, a2
core   0: 3 0x80006718 (0x00c4dc33) x24 0x00000000
core   0: 0x8000671c (0x00008e49) c.or    a2, a0
core   0: 3 0x8000671c (0x8e49) x12 0x00000000
core   0: 0x8000671e (0x01131013) slli    zero, t1, 17
core   0: 3 0x8000671e (0x01131013)
core   0: 0x80006722 (0x0102de13) srli    t3, t0, 16
core   0: 3 0x80006722 (0x0102de13) x28 0x00000000
core   0: 0x80006726 (0x7b93cc37) lui     s8, 0x7b93c
core   0: 3 0x80006726 (0x7b93cc37) x24 0x7b93c000
core   0: 0x8000672a (0x037972b3) remu    t0, s2, s7
core   0: 3 0x8000672a (0x037972b3) x 5 0x00000000
core   0: 0x8000672e (0x01eaf933) and     s2, s5, t5
core   0: 3 0x8000672e (0x01eaf933) x18 0x00000000
core   0: 0x80006732 (0x00000001) c.nop
core   0: 3 0x80006732 (0x0001)
core   0: 0x80006734 (0x55022617) auipc   a2, 0x55022
core   0: 3 0x80006734 (0x55022617) x12 0xd5028734
core   0: 0x80006738 (0x01625b33) srl     s6, tp, s6
core   0: 3 0x80006738 (0x01625b33) x22 0xffffffff
core   0: 0x8000673c (0x03f158b3) divu    a7, sp, t6
core   0: 3 0x8000673c (0x03f158b3) x17 0xffffffff
core   0: 0x80006740 (0x033a4b33) div     s6, s4, s3
core   0: 3 0x80006740 (0x033a4b33) x22 0x00000000
core   0: 0x80006744 (0x03496b63) bltu    s2, s4, pc + 54
core   0: 3 0x80006744 (0x03496b63)
core   0: 0x80006748 (0x005d8a63) beq     s11, t0, pc + 20
core   0: 3 0x80006748 (0x005d8a63)
core   0: 0x8000675c (0x00000dde) c.slli  s11, 23
core   0: 3 0x8000675c (0x0dde) x27 0x00000000
core   0: 0x8000675e (0x000084ed) c.srai  s1, 27
core   0: 3 0x8000675e (0x84ed) x 9 0x00000000
core   0: 0x80006760 (0x03c92db3) mulhsu  s11, s2, t3
core   0: 3 0x80006760 (0x03c92db3) x27 0x00000000
core   0: 0x80006764 (0x008e6b63) bltu    t3, s0, pc + 22
core   0: 3 0x80006764 (0x008e6b63)
core   0: 0x8000677a (0x000065c9) c.lui   a1, 0x12
core   0: 3 0x8000677a (0x65c9) x11 0x00012000
core   0: 0x8000677c (0x00009be2) c.add   s7, s8
core   0: 3 0x8000677c (0x9be2) x23 0xfb91919c
core   0: 0x8000677e (0xf2225417) auipc   s0, 0xf2225
core   0: 3 0x8000677e (0xf2225417) x 8 0x7222b77e
core   0: 0x80006782 (0x41addd93) srai    s11, s11, 26
core   0: 3 0x80006782 (0x41addd93) x27 0x00000000
core   0: 0x80006786 (0x000063a5) c.lui   t2, 0x9
core   0: 3 0x80006786 (0x63a5) x 7 0x00009000
core   0: 0x80006788 (0x00008d49) c.or    a0, a0
core   0: 3 0x80006788 (0x8d49) x10 0x00000000
core   0: 0x8000678a (0x016d8c33) add     s8, s11, s6
core   0: 3 0x8000678a (0x016d8c33) x24 0x00000000
core   0: 0x8000678e (0x0000eb0d) c.bnez  a4, pc + 50
core   0: 3 0x8000678e (0xeb0d)
core   0: 0x80006790 (0x01cfe933) or      s2, t6, t3
core   0: 3 0x80006790 (0x01cfe933) x18 0x00000000
core   0: 0x80006794 (0x0000100f) fence.i
core   0: 3 0x80006794 (0x0000100f)
core   0: 0x80006798 (0x45c9b913) sltiu   s2, s3, 1116
core   0: 3 0x80006798 (0x45c9b913) x18 0x00000000
core   0: 0x8000679c (0x40cdd4b3) sra     s1, s11, a2
core   0: 3 0x8000679c (0x40cdd4b3) x 9 0x00000000
core   0: 0x800067a0 (0xc26ef837) lui     a6, 0xc26ef
core   0: 3 0x800067a0 (0xc26ef837) x16 0xc26ef000
core   0: 0x800067a4 (0x027ef9b3) remu    s3, t4, t2
core   0: 3 0x800067a4 (0x027ef9b3) x19 0x00007fff
core   0: 0x800067a8 (0x026bea63) bltu    s7, t1, pc + 52
core   0: 3 0x800067a8 (0x026bea63)
core   0: 0x800067ac (0x0000ca15) c.beqz  a2, pc + 52
core   0: 3 0x800067ac (0xca15)
core   0: 0x800067ae (0x00008cb1) c.xor   s1, a2
core   0: 3 0x800067ae (0x8cb1) x 9 0xd5028734
core   0: 0x800067b0 (0x410ed193) srai    gp, t4, 16
core   0: 3 0x800067b0 (0x410ed193) x 3 0x00000000
core   0: 0x800067b4 (0x00000001) c.nop
core   0: 3 0x800067b4 (0x0001)
core   0: 0x800067b6 (0x01627c63) bgeu    tp, s6, pc + 24
core   0: 3 0x800067b6 (0x01627c63)
core   0: 0x800067ce (0x025bd4b3) divu    s1, s7, t0
core   0: 3 0x800067ce (0x025bd4b3) x 9 0xffffffff
core   0: 0x800067d2 (0x0ff0000f) fence   iorw,iorw
core   0: 3 0x800067d2 (0x0ff0000f)
core   0: 0x800067d6 (0x00005cfd) c.li    s9, -1
core   0: 3 0x800067d6 (0x5cfd) x25 0xffffffff
core   0: 0x800067d8 (0x02032933) mulhsu  s2, t1, zero
core   0: 3 0x800067d8 (0x02032933) x18 0x00000000
core   0: 0x800067dc (0x9bdef813) andi    a6, t4, -1603
core   0: 3 0x800067dc (0x9bdef813) x16 0x000079bd
core   0: 0x800067e0 (0x06ce4663) blt     t3, a2, pc + 108
core   0: 3 0x800067e0 (0x06ce4663)
core   0: 0x800067e4 (0x68dc6e37) lui     t3, 0x68dc6
core   0: 3 0x800067e4 (0x68dc6e37) x28 0x68dc6000
core   0: 0x800067e8 (0x00008d49) c.or    a0, a0
core   0: 3 0x800067e8 (0x8d49) x10 0x00000000
core   0: 0x800067ea (0x00009fc2) c.add   t6, a6
core   0: 3 0x800067ea (0x9fc2) x31 0x000079bd
core   0: 0x800067ec (0x00edf033) and     zero, s11, a4
core   0: 3 0x800067ec (0x00edf033)
core   0: 0x800067f0 (0x7e637293) andi    t0, t1, 2022
core   0: 3 0x800067f0 (0x7e637293) x 5 0x000001e2
core   0: 0x800067f4 (0x000082de) c.mv    t0, s7
core   0: 3 0x800067f4 (0x82de) x 5 0xfb91919c
core   0: 0x800067f6 (0xffd00293) li      t0, -3
core   0: 3 0x800067f6 (0xffd00293) x 5 0xfffffffd
core   0: 0x800067fa (0x00008c4d) c.or    s0, a1
core   0: 3 0x800067fa (0x8c4d) x 8 0x7223b77e
core   0: 0x800067fc (0x00000001) c.nop
core   0: 3 0x800067fc (0x0001)
core   0: 0x800067fe (0x01400a13) li      s4, 20
core   0: 3 0x800067fe (0x01400a13) x20 0x00000014
core   0: 0x80006802 (0x036f9433) mulh    s0, t6, s6
core   0: 3 0x80006802 (0x036f9433) x 8 0x00000000
core   0: 0x80006806 (0x41e60333) sub     t1, a2, t5
core   0: 3 0x80006806 (0x41e60333) x 6 0xd5028734
core   0: 0x8000680a (0xcc03cb93) xori    s7, t2, -832
core   0: 3 0x8000680a (0xcc03cb93) x23 0xffff6cc0
core   0: 0x8000680e (0x00000285) c.addi  t0, 1
core   0: 3 0x8000680e (0x0285) x 5 0xfffffffe
core   0: 0x80006810 (0x00008ced) c.and   s1, a1
core   0: 3 0x80006810 (0x8ced) x 9 0x00012000
core   0: 0x80006812 (0xffa00613) li      a2, -6
core   0: 3 0x80006812 (0xffa00613) x12 0xfffffffa
core   0: 0x80006816 (0x401c5a93) srai    s5, s8, 1
core   0: 3 0x80006816 (0x401c5a93) x21 0x00000000
core   0: 0x8000681a (0x00008b71) c.andi  a4, 28
core   0: 3 0x8000681a (0x8b71) x14 0x00000000
core   0: 0x8000681c (0x00000001) c.nop
core   0: 3 0x8000681c (0x0001)
core   0: 0x8000681e (0x418909b3) sub     s3, s2, s8
core   0: 3 0x8000681e (0x418909b3) x19 0x00000000
core   0: 0x80006822 (0x00008d45) c.or    a0, s1
core   0: 3 0x80006822 (0x8d45) x10 0x00012000
core   0: 0x80006824 (0x5d81a513) slti    a0, gp, 1496
core   0: 3 0x80006824 (0x5d81a513) x10 0x00000001
core   0: 0x80006828 (0x1e14e913) ori     s2, s1, 481
core   0: 3 0x80006828 (0x1e14e913) x18 0x000121e1
core   0: 0x8000682c (0x00000605) c.addi  a2, 1
core   0: 3 0x8000682c (0x0605) x12 0xfffffffb
core   0: 0x8000682e (0x0000da65) c.beqz  a2, pc - 16
core   0: 3 0x8000682e (0xda65)
core   0: 0x80006830 (0xfd42cbe3) blt     t0, s4, pc - 42
core   0: 3 0x80006830 (0xfd42cbe3)
core   0: 0x80006806 (0x41e60333) sub     t1, a2, t5
core   0: 3 0x80006806 (0x41e60333) x 6 0xfffffffb
core   0: 0x8000680a (0xcc03cb93) xori    s7, t2, -832
core   0: 3 0x8000680a (0xcc03cb93) x23 0xffff6cc0
core   0: 0x8000680e (0x00000285) c.addi  t0, 1
core   0: 3 0x8000680e (0x0285) x 5 0xffffffff
core   0: 0x80006810 (0x00008ced) c.and   s1, a1
core   0: 3 0x80006810 (0x8ced) x 9 0x00012000
core   0: 0x80006812 (0xffa00613) li      a2, -6
core   0: 3 0x80006812 (0xffa00613) x12 0xfffffffa
core   0: 0x80006816 (0x401c5a93) srai    s5, s8, 1
core   0: 3 0x80006816 (0x401c5a93) x21 0x00000000
core   0: 0x8000681a (0x00008b71) c.andi  a4, 28
core   0: 3 0x8000681a (0x8b71) x14 0x00000000
core   0: 0x8000681c (0x00000001) c.nop
core   0: 3 0x8000681c (0x0001)
core   0: 0x8000681e (0x418909b3) sub     s3, s2, s8
core   0: 3 0x8000681e (0x418909b3) x19 0x000121e1
core   0: 0x80006822 (0x00008d45) c.or    a0, s1
core   0: 3 0x80006822 (0x8d45) x10 0x00012001
core   0: 0x80006824 (0x5d81a513) slti    a0, gp, 1496
core   0: 3 0x80006824 (0x5d81a513) x10 0x00000001
core   0: 0x80006828 (0x1e14e913) ori     s2, s1, 481
core   0: 3 0x80006828 (0x1e14e913) x18 0x000121e1
core   0: 0x8000682c (0x00000605) c.addi  a2, 1
core   0: 3 0x8000682c (0x0605) x12 0xfffffffb
core   0: 0x8000682e (0x0000da65) c.beqz  a2, pc - 16
core   0: 3 0x8000682e (0xda65)
core   0: 0x80006830 (0xfd42cbe3) blt     t0, s4, pc - 42
core   0: 3 0x80006830 (0xfd42cbe3)
core   0: 0x80006806 (0x41e60333) sub     t1, a2, t5
core   0: 3 0x80006806 (0x41e60333) x 6 0xfffffffb
core   0: 0x8000680a (0xcc03cb93) xori    s7, t2, -832
core   0: 3 0x8000680a (0xcc03cb93) x23 0xffff6cc0
core   0: 0x8000680e (0x00000285) c.addi  t0, 1
core   0: 3 0x8000680e (0x0285) x 5 0x00000000
core   0: 0x80006810 (0x00008ced) c.and   s1, a1
core   0: 3 0x80006810 (0x8ced) x 9 0x00012000
core   0: 0x80006812 (0xffa00613) li      a2, -6
core   0: 3 0x80006812 (0xffa00613) x12 0xfffffffa
core   0: 0x80006816 (0x401c5a93) srai    s5, s8, 1
core   0: 3 0x80006816 (0x401c5a93) x21 0x00000000
core   0: 0x8000681a (0x00008b71) c.andi  a4, 28
core   0: 3 0x8000681a (0x8b71) x14 0x00000000
core   0: 0x8000681c (0x00000001) c.nop
core   0: 3 0x8000681c (0x0001)
core   0: 0x8000681e (0x418909b3) sub     s3, s2, s8
core   0: 3 0x8000681e (0x418909b3) x19 0x000121e1
core   0: 0x80006822 (0x00008d45) c.or    a0, s1
core   0: 3 0x80006822 (0x8d45) x10 0x00012001
core   0: 0x80006824 (0x5d81a513) slti    a0, gp, 1496
core   0: 3 0x80006824 (0x5d81a513) x10 0x00000001
core   0: 0x80006828 (0x1e14e913) ori     s2, s1, 481
core   0: 3 0x80006828 (0x1e14e913) x18 0x000121e1
core   0: 0x8000682c (0x00000605) c.addi  a2, 1
core   0: 3 0x8000682c (0x0605) x12 0xfffffffb
core   0: 0x8000682e (0x0000da65) c.beqz  a2, pc - 16
core   0: 3 0x8000682e (0xda65)
core   0: 0x80006830 (0xfd42cbe3) blt     t0, s4, pc - 42
core   0: 3 0x80006830 (0xfd42cbe3)
core   0: 0x80006806 (0x41e60333) sub     t1, a2, t5
core   0: 3 0x80006806 (0x41e60333) x 6 0xfffffffb
core   0: 0x8000680a (0xcc03cb93) xori    s7, t2, -832
core   0: 3 0x8000680a (0xcc03cb93) x23 0xffff6cc0
core   0: 0x8000680e (0x00000285) c.addi  t0, 1
core   0: 3 0x8000680e (0x0285) x 5 0x00000001
core   0: 0x80006810 (0x00008ced) c.and   s1, a1
core   0: 3 0x80006810 (0x8ced) x 9 0x00012000
core   0: 0x80006812 (0xffa00613) li      a2, -6
core   0: 3 0x80006812 (0xffa00613) x12 0xfffffffa
core   0: 0x80006816 (0x401c5a93) srai    s5, s8, 1
core   0: 3 0x80006816 (0x401c5a93) x21 0x00000000
core   0: 0x8000681a (0x00008b71) c.andi  a4, 28
core   0: 3 0x8000681a (0x8b71) x14 0x00000000
core   0: 0x8000681c (0x00000001) c.nop
core   0: 3 0x8000681c (0x0001)
core   0: 0x8000681e (0x418909b3) sub     s3, s2, s8
core   0: 3 0x8000681e (0x418909b3) x19 0x000121e1
core   0: 0x80006822 (0x00008d45) c.or    a0, s1
core   0: 3 0x80006822 (0x8d45) x10 0x00012001
core   0: 0x80006824 (0x5d81a513) slti    a0, gp, 1496
core   0: 3 0x80006824 (0x5d81a513) x10 0x00000001
core   0: 0x80006828 (0x1e14e913) ori     s2, s1, 481
core   0: 3 0x80006828 (0x1e14e913) x18 0x000121e1
core   0: 0x8000682c (0x00000605) c.addi  a2, 1
core   0: 3 0x8000682c (0x0605) x12 0xfffffffb
core   0: 0x8000682e (0x0000da65) c.beqz  a2, pc - 16
core   0: 3 0x8000682e (0xda65)
core   0: 0x80006830 (0xfd42cbe3) blt     t0, s4, pc - 42
core   0: 3 0x80006830 (0xfd42cbe3)
core   0: 0x80006806 (0x41e60333) sub     t1, a2, t5
core   0: 3 0x80006806 (0x41e60333) x 6 0xfffffffb
core   0: 0x8000680a (0xcc03cb93) xori    s7, t2, -832
core   0: 3 0x8000680a (0xcc03cb93) x23 0xffff6cc0
core   0: 0x8000680e (0x00000285) c.addi  t0, 1
core   0: 3 0x8000680e (0x0285) x 5 0x00000002
core   0: 0x80006810 (0x00008ced) c.and   s1, a1
core   0: 3 0x80006810 (0x8ced) x 9 0x00012000
core   0: 0x80006812 (0xffa00613) li      a2, -6
core   0: 3 0x80006812 (0xffa00613) x12 0xfffffffa
core   0: 0x80006816 (0x401c5a93) srai    s5, s8, 1
core   0: 3 0x80006816 (0x401c5a93) x21 0x00000000
core   0: 0x8000681a (0x00008b71) c.andi  a4, 28
core   0: 3 0x8000681a (0x8b71) x14 0x00000000
core   0: 0x8000681c (0x00000001) c.nop
core   0: 3 0x8000681c (0x0001)
core   0: 0x8000681e (0x418909b3) sub     s3, s2, s8
core   0: 3 0x8000681e (0x418909b3) x19 0x000121e1
core   0: 0x80006822 (0x00008d45) c.or    a0, s1
core   0: 3 0x80006822 (0x8d45) x10 0x00012001
core   0: 0x80006824 (0x5d81a513) slti    a0, gp, 1496
core   0: 3 0x80006824 (0x5d81a513) x10 0x00000001
core   0: 0x80006828 (0x1e14e913) ori     s2, s1, 481
core   0: 3 0x80006828 (0x1e14e913) x18 0x000121e1
core   0: 0x8000682c (0x00000605) c.addi  a2, 1
core   0: 3 0x8000682c (0x0605) x12 0xfffffffb
core   0: 0x8000682e (0x0000da65) c.beqz  a2, pc - 16
core   0: 3 0x8000682e (0xda65)
core   0: 0x80006830 (0xfd42cbe3) blt     t0, s4, pc - 42
core   0: 3 0x80006830 (0xfd42cbe3)
core   0: 0x80006806 (0x41e60333) sub     t1, a2, t5
core   0: 3 0x80006806 (0x41e60333) x 6 0xfffffffb
core   0: 0x8000680a (0xcc03cb93) xori    s7, t2, -832
core   0: 3 0x8000680a (0xcc03cb93) x23 0xffff6cc0
core   0: 0x8000680e (0x00000285) c.addi  t0, 1
core   0: 3 0x8000680e (0x0285) x 5 0x00000003
core   0: 0x80006810 (0x00008ced) c.and   s1, a1
core   0: 3 0x80006810 (0x8ced) x 9 0x00012000
core   0: 0x80006812 (0xffa00613) li      a2, -6
core   0: 3 0x80006812 (0xffa00613) x12 0xfffffffa
core   0: 0x80006816 (0x401c5a93) srai    s5, s8, 1
core   0: 3 0x80006816 (0x401c5a93) x21 0x00000000
core   0: 0x8000681a (0x00008b71) c.andi  a4, 28
core   0: 3 0x8000681a (0x8b71) x14 0x00000000
core   0: 0x8000681c (0x00000001) c.nop
core   0: 3 0x8000681c (0x0001)
core   0: 0x8000681e (0x418909b3) sub     s3, s2, s8
core   0: 3 0x8000681e (0x418909b3) x19 0x000121e1
core   0: 0x80006822 (0x00008d45) c.or    a0, s1
core   0: 3 0x80006822 (0x8d45) x10 0x00012001
core   0: 0x80006824 (0x5d81a513) slti    a0, gp, 1496
core   0: 3 0x80006824 (0x5d81a513) x10 0x00000001
core   0: 0x80006828 (0x1e14e913) ori     s2, s1, 481
core   0: 3 0x80006828 (0x1e14e913) x18 0x000121e1
core   0: 0x8000682c (0x00000605) c.addi  a2, 1
core   0: 3 0x8000682c (0x0605) x12 0xfffffffb
core   0: 0x8000682e (0x0000da65) c.beqz  a2, pc - 16
core   0: 3 0x8000682e (0xda65)
core   0: 0x80006830 (0xfd42cbe3) blt     t0, s4, pc - 42
core   0: 3 0x80006830 (0xfd42cbe3)
core   0: 0x80006806 (0x41e60333) sub     t1, a2, t5
core   0: 3 0x80006806 (0x41e60333) x 6 0xfffffffb
core   0: 0x8000680a (0xcc03cb93) xori    s7, t2, -832
core   0: 3 0x8000680a (0xcc03cb93) x23 0xffff6cc0
core   0: 0x8000680e (0x00000285) c.addi  t0, 1
core   0: 3 0x8000680e (0x0285) x 5 0x00000004
core   0: 0x80006810 (0x00008ced) c.and   s1, a1
core   0: 3 0x80006810 (0x8ced) x 9 0x00012000
core   0: 0x80006812 (0xffa00613) li      a2, -6
core   0: 3 0x80006812 (0xffa00613) x12 0xfffffffa
core   0: 0x80006816 (0x401c5a93) srai    s5, s8, 1
core   0: 3 0x80006816 (0x401c5a93) x21 0x00000000
core   0: 0x8000681a (0x00008b71) c.andi  a4, 28
core   0: 3 0x8000681a (0x8b71) x14 0x00000000
core   0: 0x8000681c (0x00000001) c.nop
core   0: 3 0x8000681c (0x0001)
core   0: 0x8000681e (0x418909b3) sub     s3, s2, s8
core   0: 3 0x8000681e (0x418909b3) x19 0x000121e1
core   0: 0x80006822 (0x00008d45) c.or    a0, s1
core   0: 3 0x80006822 (0x8d45) x10 0x00012001
core   0: 0x80006824 (0x5d81a513) slti    a0, gp, 1496
core   0: 3 0x80006824 (0x5d81a513) x10 0x00000001
core   0: 0x80006828 (0x1e14e913) ori     s2, s1, 481
core   0: 3 0x80006828 (0x1e14e913) x18 0x000121e1
core   0: 0x8000682c (0x00000605) c.addi  a2, 1
core   0: 3 0x8000682c (0x0605) x12 0xfffffffb
core   0: 0x8000682e (0x0000da65) c.beqz  a2, pc - 16
core   0: 3 0x8000682e (0xda65)
core   0: 0x80006830 (0xfd42cbe3) blt     t0, s4, pc - 42
core   0: 3 0x80006830 (0xfd42cbe3)
core   0: 0x80006806 (0x41e60333) sub     t1, a2, t5
core   0: 3 0x80006806 (0x41e60333) x 6 0xfffffffb
core   0: 0x8000680a (0xcc03cb93) xori    s7, t2, -832
core   0: 3 0x8000680a (0xcc03cb93) x23 0xffff6cc0
core   0: 0x8000680e (0x00000285) c.addi  t0, 1
core   0: 3 0x8000680e (0x0285) x 5 0x00000005
core   0: 0x80006810 (0x00008ced) c.and   s1, a1
core   0: 3 0x80006810 (0x8ced) x 9 0x00012000
core   0: 0x80006812 (0xffa00613) li      a2, -6
core   0: 3 0x80006812 (0xffa00613) x12 0xfffffffa
core   0: 0x80006816 (0x401c5a93) srai    s5, s8, 1
core   0: 3 0x80006816 (0x401c5a93) x21 0x00000000
core   0: 0x8000681a (0x00008b71) c.andi  a4, 28
core   0: 3 0x8000681a (0x8b71) x14 0x00000000
core   0: 0x8000681c (0x00000001) c.nop
core   0: 3 0x8000681c (0x0001)
core   0: 0x8000681e (0x418909b3) sub     s3, s2, s8
core   0: 3 0x8000681e (0x418909b3) x19 0x000121e1
core   0: 0x80006822 (0x00008d45) c.or    a0, s1
core   0: 3 0x80006822 (0x8d45) x10 0x00012001
core   0: 0x80006824 (0x5d81a513) slti    a0, gp, 1496
core   0: 3 0x80006824 (0x5d81a513) x10 0x00000001
core   0: 0x80006828 (0x1e14e913) ori     s2, s1, 481
core   0: 3 0x80006828 (0x1e14e913) x18 0x000121e1
core   0: 0x8000682c (0x00000605) c.addi  a2, 1
core   0: 3 0x8000682c (0x0605) x12 0xfffffffb
core   0: 0x8000682e (0x0000da65) c.beqz  a2, pc - 16
core   0: 3 0x8000682e (0xda65)
core   0: 0x80006830 (0xfd42cbe3) blt     t0, s4, pc - 42
core   0: 3 0x80006830 (0xfd42cbe3)
core   0: 0x80006806 (0x41e60333) sub     t1, a2, t5
core   0: 3 0x80006806 (0x41e60333) x 6 0xfffffffb
core   0: 0x8000680a (0xcc03cb93) xori    s7, t2, -832
core   0: 3 0x8000680a (0xcc03cb93) x23 0xffff6cc0
core   0: 0x8000680e (0x00000285) c.addi  t0, 1
core   0: 3 0x8000680e (0x0285) x 5 0x00000006
core   0: 0x80006810 (0x00008ced) c.and   s1, a1
core   0: 3 0x80006810 (0x8ced) x 9 0x00012000
core   0: 0x80006812 (0xffa00613) li      a2, -6
core   0: 3 0x80006812 (0xffa00613) x12 0xfffffffa
core   0: 0x80006816 (0x401c5a93) srai    s5, s8, 1
core   0: 3 0x80006816 (0x401c5a93) x21 0x00000000
core   0: 0x8000681a (0x00008b71) c.andi  a4, 28
core   0: 3 0x8000681a (0x8b71) x14 0x00000000
core   0: 0x8000681c (0x00000001) c.nop
core   0: 3 0x8000681c (0x0001)
core   0: 0x8000681e (0x418909b3) sub     s3, s2, s8
core   0: 3 0x8000681e (0x418909b3) x19 0x000121e1
core   0: 0x80006822 (0x00008d45) c.or    a0, s1
core   0: 3 0x80006822 (0x8d45) x10 0x00012001
core   0: 0x80006824 (0x5d81a513) slti    a0, gp, 1496
core   0: 3 0x80006824 (0x5d81a513) x10 0x00000001
core   0: 0x80006828 (0x1e14e913) ori     s2, s1, 481
core   0: 3 0x80006828 (0x1e14e913) x18 0x000121e1
core   0: 0x8000682c (0x00000605) c.addi  a2, 1
core   0: 3 0x8000682c (0x0605) x12 0xfffffffb
core   0: 0x8000682e (0x0000da65) c.beqz  a2, pc - 16
core   0: 3 0x8000682e (0xda65)
core   0: 0x80006830 (0xfd42cbe3) blt     t0, s4, pc - 42
core   0: 3 0x80006830 (0xfd42cbe3)
core   0: 0x80006806 (0x41e60333) sub     t1, a2, t5
core   0: 3 0x80006806 (0x41e60333) x 6 0xfffffffb
core   0: 0x8000680a (0xcc03cb93) xori    s7, t2, -832
core   0: 3 0x8000680a (0xcc03cb93) x23 0xffff6cc0
core   0: 0x8000680e (0x00000285) c.addi  t0, 1
core   0: 3 0x8000680e (0x0285) x 5 0x00000007
core   0: 0x80006810 (0x00008ced) c.and   s1, a1
core   0: 3 0x80006810 (0x8ced) x 9 0x00012000
core   0: 0x80006812 (0xffa00613) li      a2, -6
core   0: 3 0x80006812 (0xffa00613) x12 0xfffffffa
core   0: 0x80006816 (0x401c5a93) srai    s5, s8, 1
core   0: 3 0x80006816 (0x401c5a93) x21 0x00000000
core   0: 0x8000681a (0x00008b71) c.andi  a4, 28
core   0: 3 0x8000681a (0x8b71) x14 0x00000000
core   0: 0x8000681c (0x00000001) c.nop
core   0: 3 0x8000681c (0x0001)
core   0: 0x8000681e (0x418909b3) sub     s3, s2, s8
core   0: 3 0x8000681e (0x418909b3) x19 0x000121e1
core   0: 0x80006822 (0x00008d45) c.or    a0, s1
core   0: 3 0x80006822 (0x8d45) x10 0x00012001
core   0: 0x80006824 (0x5d81a513) slti    a0, gp, 1496
core   0: 3 0x80006824 (0x5d81a513) x10 0x00000001
core   0: 0x80006828 (0x1e14e913) ori     s2, s1, 481
core   0: 3 0x80006828 (0x1e14e913) x18 0x000121e1
core   0: 0x8000682c (0x00000605) c.addi  a2, 1
core   0: 3 0x8000682c (0x0605) x12 0xfffffffb
core   0: 0x8000682e (0x0000da65) c.beqz  a2, pc - 16
core   0: 3 0x8000682e (0xda65)
core   0: 0x80006830 (0xfd42cbe3) blt     t0, s4, pc - 42
core   0: 3 0x80006830 (0xfd42cbe3)
core   0: 0x80006806 (0x41e60333) sub     t1, a2, t5
core   0: 3 0x80006806 (0x41e60333) x 6 0xfffffffb
core   0: 0x8000680a (0xcc03cb93) xori    s7, t2, -832
core   0: 3 0x8000680a (0xcc03cb93) x23 0xffff6cc0
core   0: 0x8000680e (0x00000285) c.addi  t0, 1
core   0: 3 0x8000680e (0x0285) x 5 0x00000008
core   0: 0x80006810 (0x00008ced) c.and   s1, a1
core   0: 3 0x80006810 (0x8ced) x 9 0x00012000
core   0: 0x80006812 (0xffa00613) li      a2, -6
core   0: 3 0x80006812 (0xffa00613) x12 0xfffffffa
core   0: 0x80006816 (0x401c5a93) srai    s5, s8, 1
core   0: 3 0x80006816 (0x401c5a93) x21 0x00000000
core   0: 0x8000681a (0x00008b71) c.andi  a4, 28
core   0: 3 0x8000681a (0x8b71) x14 0x00000000
core   0: 0x8000681c (0x00000001) c.nop
core   0: 3 0x8000681c (0x0001)
core   0: 0x8000681e (0x418909b3) sub     s3, s2, s8
core   0: 3 0x8000681e (0x418909b3) x19 0x000121e1
core   0: 0x80006822 (0x00008d45) c.or    a0, s1
core   0: 3 0x80006822 (0x8d45) x10 0x00012001
core   0: 0x80006824 (0x5d81a513) slti    a0, gp, 1496
core   0: 3 0x80006824 (0x5d81a513) x10 0x00000001
core   0: 0x80006828 (0x1e14e913) ori     s2, s1, 481
core   0: 3 0x80006828 (0x1e14e913) x18 0x000121e1
core   0: 0x8000682c (0x00000605) c.addi  a2, 1
core   0: 3 0x8000682c (0x0605) x12 0xfffffffb
core   0: 0x8000682e (0x0000da65) c.beqz  a2, pc - 16
core   0: 3 0x8000682e (0xda65)
core   0: 0x80006830 (0xfd42cbe3) blt     t0, s4, pc - 42
core   0: 3 0x80006830 (0xfd42cbe3)
core   0: 0x80006806 (0x41e60333) sub     t1, a2, t5
core   0: 3 0x80006806 (0x41e60333) x 6 0xfffffffb
core   0: 0x8000680a (0xcc03cb93) xori    s7, t2, -832
core   0: 3 0x8000680a (0xcc03cb93) x23 0xffff6cc0
core   0: 0x8000680e (0x00000285) c.addi  t0, 1
core   0: 3 0x8000680e (0x0285) x 5 0x00000009
core   0: 0x80006810 (0x00008ced) c.and   s1, a1
core   0: 3 0x80006810 (0x8ced) x 9 0x00012000
core   0: 0x80006812 (0xffa00613) li      a2, -6
core   0: 3 0x80006812 (0xffa00613) x12 0xfffffffa
core   0: 0x80006816 (0x401c5a93) srai    s5, s8, 1
core   0: 3 0x80006816 (0x401c5a93) x21 0x00000000
core   0: 0x8000681a (0x00008b71) c.andi  a4, 28
core   0: 3 0x8000681a (0x8b71) x14 0x00000000
core   0: 0x8000681c (0x00000001) c.nop
core   0: 3 0x8000681c (0x0001)
core   0: 0x8000681e (0x418909b3) sub     s3, s2, s8
core   0: 3 0x8000681e (0x418909b3) x19 0x000121e1
core   0: 0x80006822 (0x00008d45) c.or    a0, s1
core   0: 3 0x80006822 (0x8d45) x10 0x00012001
core   0: 0x80006824 (0x5d81a513) slti    a0, gp, 1496
core   0: 3 0x80006824 (0x5d81a513) x10 0x00000001
core   0: 0x80006828 (0x1e14e913) ori     s2, s1, 481
core   0: 3 0x80006828 (0x1e14e913) x18 0x000121e1
core   0: 0x8000682c (0x00000605) c.addi  a2, 1
core   0: 3 0x8000682c (0x0605) x12 0xfffffffb
core   0: 0x8000682e (0x0000da65) c.beqz  a2, pc - 16
core   0: 3 0x8000682e (0xda65)
core   0: 0x80006830 (0xfd42cbe3) blt     t0, s4, pc - 42
core   0: 3 0x80006830 (0xfd42cbe3)
core   0: 0x80006806 (0x41e60333) sub     t1, a2, t5
core   0: 3 0x80006806 (0x41e60333) x 6 0xfffffffb
core   0: 0x8000680a (0xcc03cb93) xori    s7, t2, -832
core   0: 3 0x8000680a (0xcc03cb93) x23 0xffff6cc0
core   0: 0x8000680e (0x00000285) c.addi  t0, 1
core   0: 3 0x8000680e (0x0285) x 5 0x0000000a
core   0: 0x80006810 (0x00008ced) c.and   s1, a1
core   0: 3 0x80006810 (0x8ced) x 9 0x00012000
core   0: 0x80006812 (0xffa00613) li      a2, -6
core   0: 3 0x80006812 (0xffa00613) x12 0xfffffffa
core   0: 0x80006816 (0x401c5a93) srai    s5, s8, 1
core   0: 3 0x80006816 (0x401c5a93) x21 0x00000000
core   0: 0x8000681a (0x00008b71) c.andi  a4, 28
core   0: 3 0x8000681a (0x8b71) x14 0x00000000
core   0: 0x8000681c (0x00000001) c.nop
core   0: 3 0x8000681c (0x0001)
core   0: 0x8000681e (0x418909b3) sub     s3, s2, s8
core   0: 3 0x8000681e (0x418909b3) x19 0x000121e1
core   0: 0x80006822 (0x00008d45) c.or    a0, s1
core   0: 3 0x80006822 (0x8d45) x10 0x00012001
core   0: 0x80006824 (0x5d81a513) slti    a0, gp, 1496
core   0: 3 0x80006824 (0x5d81a513) x10 0x00000001
core   0: 0x80006828 (0x1e14e913) ori     s2, s1, 481
core   0: 3 0x80006828 (0x1e14e913) x18 0x000121e1
core   0: 0x8000682c (0x00000605) c.addi  a2, 1
core   0: 3 0x8000682c (0x0605) x12 0xfffffffb
core   0: 0x8000682e (0x0000da65) c.beqz  a2, pc - 16
core   0: 3 0x8000682e (0xda65)
core   0: 0x80006830 (0xfd42cbe3) blt     t0, s4, pc - 42
core   0: 3 0x80006830 (0xfd42cbe3)
core   0: 0x80006806 (0x41e60333) sub     t1, a2, t5
core   0: 3 0x80006806 (0x41e60333) x 6 0xfffffffb
core   0: 0x8000680a (0xcc03cb93) xori    s7, t2, -832
core   0: 3 0x8000680a (0xcc03cb93) x23 0xffff6cc0
core   0: 0x8000680e (0x00000285) c.addi  t0, 1
core   0: 3 0x8000680e (0x0285) x 5 0x0000000b
core   0: 0x80006810 (0x00008ced) c.and   s1, a1
core   0: 3 0x80006810 (0x8ced) x 9 0x00012000
core   0: 0x80006812 (0xffa00613) li      a2, -6
core   0: 3 0x80006812 (0xffa00613) x12 0xfffffffa
core   0: 0x80006816 (0x401c5a93) srai    s5, s8, 1
core   0: 3 0x80006816 (0x401c5a93) x21 0x00000000
core   0: 0x8000681a (0x00008b71) c.andi  a4, 28
core   0: 3 0x8000681a (0x8b71) x14 0x00000000
core   0: 0x8000681c (0x00000001) c.nop
core   0: 3 0x8000681c (0x0001)
core   0: 0x8000681e (0x418909b3) sub     s3, s2, s8
core   0: 3 0x8000681e (0x418909b3) x19 0x000121e1
core   0: 0x80006822 (0x00008d45) c.or    a0, s1
core   0: 3 0x80006822 (0x8d45) x10 0x00012001
core   0: 0x80006824 (0x5d81a513) slti    a0, gp, 1496
core   0: 3 0x80006824 (0x5d81a513) x10 0x00000001
core   0: 0x80006828 (0x1e14e913) ori     s2, s1, 481
core   0: 3 0x80006828 (0x1e14e913) x18 0x000121e1
core   0: 0x8000682c (0x00000605) c.addi  a2, 1
core   0: 3 0x8000682c (0x0605) x12 0xfffffffb
core   0: 0x8000682e (0x0000da65) c.beqz  a2, pc - 16
core   0: 3 0x8000682e (0xda65)
core   0: 0x80006830 (0xfd42cbe3) blt     t0, s4, pc - 42
core   0: 3 0x80006830 (0xfd42cbe3)
core   0: 0x80006806 (0x41e60333) sub     t1, a2, t5
core   0: 3 0x80006806 (0x41e60333) x 6 0xfffffffb
core   0: 0x8000680a (0xcc03cb93) xori    s7, t2, -832
core   0: 3 0x8000680a (0xcc03cb93) x23 0xffff6cc0
core   0: 0x8000680e (0x00000285) c.addi  t0, 1
core   0: 3 0x8000680e (0x0285) x 5 0x0000000c
core   0: 0x80006810 (0x00008ced) c.and   s1, a1
core   0: 3 0x80006810 (0x8ced) x 9 0x00012000
core   0: 0x80006812 (0xffa00613) li      a2, -6
core   0: 3 0x80006812 (0xffa00613) x12 0xfffffffa
core   0: 0x80006816 (0x401c5a93) srai    s5, s8, 1
core   0: 3 0x80006816 (0x401c5a93) x21 0x00000000
core   0: 0x8000681a (0x00008b71) c.andi  a4, 28
core   0: 3 0x8000681a (0x8b71) x14 0x00000000
core   0: 0x8000681c (0x00000001) c.nop
core   0: 3 0x8000681c (0x0001)
core   0: 0x8000681e (0x418909b3) sub     s3, s2, s8
core   0: 3 0x8000681e (0x418909b3) x19 0x000121e1
core   0: 0x80006822 (0x00008d45) c.or    a0, s1
core   0: 3 0x80006822 (0x8d45) x10 0x00012001
core   0: 0x80006824 (0x5d81a513) slti    a0, gp, 1496
core   0: 3 0x80006824 (0x5d81a513) x10 0x00000001
core   0: 0x80006828 (0x1e14e913) ori     s2, s1, 481
core   0: 3 0x80006828 (0x1e14e913) x18 0x000121e1
core   0: 0x8000682c (0x00000605) c.addi  a2, 1
core   0: 3 0x8000682c (0x0605) x12 0xfffffffb
core   0: 0x8000682e (0x0000da65) c.beqz  a2, pc - 16
core   0: 3 0x8000682e (0xda65)
core   0: 0x80006830 (0xfd42cbe3) blt     t0, s4, pc - 42
core   0: 3 0x80006830 (0xfd42cbe3)
core   0: 0x80006806 (0x41e60333) sub     t1, a2, t5
core   0: 3 0x80006806 (0x41e60333) x 6 0xfffffffb
core   0: 0x8000680a (0xcc03cb93) xori    s7, t2, -832
core   0: 3 0x8000680a (0xcc03cb93) x23 0xffff6cc0
core   0: 0x8000680e (0x00000285) c.addi  t0, 1
core   0: 3 0x8000680e (0x0285) x 5 0x0000000d
core   0: 0x80006810 (0x00008ced) c.and   s1, a1
core   0: 3 0x80006810 (0x8ced) x 9 0x00012000
core   0: 0x80006812 (0xffa00613) li      a2, -6
core   0: 3 0x80006812 (0xffa00613) x12 0xfffffffa
core   0: 0x80006816 (0x401c5a93) srai    s5, s8, 1
core   0: 3 0x80006816 (0x401c5a93) x21 0x00000000
core   0: 0x8000681a (0x00008b71) c.andi  a4, 28
core   0: 3 0x8000681a (0x8b71) x14 0x00000000
core   0: 0x8000681c (0x00000001) c.nop
core   0: 3 0x8000681c (0x0001)
core   0: 0x8000681e (0x418909b3) sub     s3, s2, s8
core   0: 3 0x8000681e (0x418909b3) x19 0x000121e1
core   0: 0x80006822 (0x00008d45) c.or    a0, s1
core   0: 3 0x80006822 (0x8d45) x10 0x00012001
core   0: 0x80006824 (0x5d81a513) slti    a0, gp, 1496
core   0: 3 0x80006824 (0x5d81a513) x10 0x00000001
core   0: 0x80006828 (0x1e14e913) ori     s2, s1, 481
core   0: 3 0x80006828 (0x1e14e913) x18 0x000121e1
core   0: 0x8000682c (0x00000605) c.addi  a2, 1
core   0: 3 0x8000682c (0x0605) x12 0xfffffffb
core   0: 0x8000682e (0x0000da65) c.beqz  a2, pc - 16
core   0: 3 0x8000682e (0xda65)
core   0: 0x80006830 (0xfd42cbe3) blt     t0, s4, pc - 42
core   0: 3 0x80006830 (0xfd42cbe3)
core   0: 0x80006806 (0x41e60333) sub     t1, a2, t5
core   0: 3 0x80006806 (0x41e60333) x 6 0xfffffffb
core   0: 0x8000680a (0xcc03cb93) xori    s7, t2, -832
core   0: 3 0x8000680a (0xcc03cb93) x23 0xffff6cc0
core   0: 0x8000680e (0x00000285) c.addi  t0, 1
core   0: 3 0x8000680e (0x0285) x 5 0x0000000e
core   0: 0x80006810 (0x00008ced) c.and   s1, a1
core   0: 3 0x80006810 (0x8ced) x 9 0x00012000
core   0: 0x80006812 (0xffa00613) li      a2, -6
core   0: 3 0x80006812 (0xffa00613) x12 0xfffffffa
core   0: 0x80006816 (0x401c5a93) srai    s5, s8, 1
core   0: 3 0x80006816 (0x401c5a93) x21 0x00000000
core   0: 0x8000681a (0x00008b71) c.andi  a4, 28
core   0: 3 0x8000681a (0x8b71) x14 0x00000000
core   0: 0x8000681c (0x00000001) c.nop
core   0: 3 0x8000681c (0x0001)
core   0: 0x8000681e (0x418909b3) sub     s3, s2, s8
core   0: 3 0x8000681e (0x418909b3) x19 0x000121e1
core   0: 0x80006822 (0x00008d45) c.or    a0, s1
core   0: 3 0x80006822 (0x8d45) x10 0x00012001
core   0: 0x80006824 (0x5d81a513) slti    a0, gp, 1496
core   0: 3 0x80006824 (0x5d81a513) x10 0x00000001
core   0: 0x80006828 (0x1e14e913) ori     s2, s1, 481
core   0: 3 0x80006828 (0x1e14e913) x18 0x000121e1
core   0: 0x8000682c (0x00000605) c.addi  a2, 1
core   0: 3 0x8000682c (0x0605) x12 0xfffffffb
core   0: 0x8000682e (0x0000da65) c.beqz  a2, pc - 16
core   0: 3 0x8000682e (0xda65)
core   0: 0x80006830 (0xfd42cbe3) blt     t0, s4, pc - 42
core   0: 3 0x80006830 (0xfd42cbe3)
core   0: 0x80006806 (0x41e60333) sub     t1, a2, t5
core   0: 3 0x80006806 (0x41e60333) x 6 0xfffffffb
core   0: 0x8000680a (0xcc03cb93) xori    s7, t2, -832
core   0: 3 0x8000680a (0xcc03cb93) x23 0xffff6cc0
core   0: 0x8000680e (0x00000285) c.addi  t0, 1
core   0: 3 0x8000680e (0x0285) x 5 0x0000000f
core   0: 0x80006810 (0x00008ced) c.and   s1, a1
core   0: 3 0x80006810 (0x8ced) x 9 0x00012000
core   0: 0x80006812 (0xffa00613) li      a2, -6
core   0: 3 0x80006812 (0xffa00613) x12 0xfffffffa
core   0: 0x80006816 (0x401c5a93) srai    s5, s8, 1
core   0: 3 0x80006816 (0x401c5a93) x21 0x00000000
core   0: 0x8000681a (0x00008b71) c.andi  a4, 28
core   0: 3 0x8000681a (0x8b71) x14 0x00000000
core   0: 0x8000681c (0x00000001) c.nop
core   0: 3 0x8000681c (0x0001)
core   0: 0x8000681e (0x418909b3) sub     s3, s2, s8
core   0: 3 0x8000681e (0x418909b3) x19 0x000121e1
core   0: 0x80006822 (0x00008d45) c.or    a0, s1
core   0: 3 0x80006822 (0x8d45) x10 0x00012001
core   0: 0x80006824 (0x5d81a513) slti    a0, gp, 1496
core   0: 3 0x80006824 (0x5d81a513) x10 0x00000001
core   0: 0x80006828 (0x1e14e913) ori     s2, s1, 481
core   0: 3 0x80006828 (0x1e14e913) x18 0x000121e1
core   0: 0x8000682c (0x00000605) c.addi  a2, 1
core   0: 3 0x8000682c (0x0605) x12 0xfffffffb
core   0: 0x8000682e (0x0000da65) c.beqz  a2, pc - 16
core   0: 3 0x8000682e (0xda65)
core   0: 0x80006830 (0xfd42cbe3) blt     t0, s4, pc - 42
core   0: 3 0x80006830 (0xfd42cbe3)
core   0: 0x80006806 (0x41e60333) sub     t1, a2, t5
core   0: 3 0x80006806 (0x41e60333) x 6 0xfffffffb
core   0: 0x8000680a (0xcc03cb93) xori    s7, t2, -832
core   0: 3 0x8000680a (0xcc03cb93) x23 0xffff6cc0
core   0: 0x8000680e (0x00000285) c.addi  t0, 1
core   0: 3 0x8000680e (0x0285) x 5 0x00000010
core   0: 0x80006810 (0x00008ced) c.and   s1, a1
core   0: 3 0x80006810 (0x8ced) x 9 0x00012000
core   0: 0x80006812 (0xffa00613) li      a2, -6
core   0: 3 0x80006812 (0xffa00613) x12 0xfffffffa
core   0: 0x80006816 (0x401c5a93) srai    s5, s8, 1
core   0: 3 0x80006816 (0x401c5a93) x21 0x00000000
core   0: 0x8000681a (0x00008b71) c.andi  a4, 28
core   0: 3 0x8000681a (0x8b71) x14 0x00000000
core   0: 0x8000681c (0x00000001) c.nop
core   0: 3 0x8000681c (0x0001)
core   0: 0x8000681e (0x418909b3) sub     s3, s2, s8
core   0: 3 0x8000681e (0x418909b3) x19 0x000121e1
core   0: 0x80006822 (0x00008d45) c.or    a0, s1
core   0: 3 0x80006822 (0x8d45) x10 0x00012001
core   0: 0x80006824 (0x5d81a513) slti    a0, gp, 1496
core   0: 3 0x80006824 (0x5d81a513) x10 0x00000001
core   0: 0x80006828 (0x1e14e913) ori     s2, s1, 481
core   0: 3 0x80006828 (0x1e14e913) x18 0x000121e1
core   0: 0x8000682c (0x00000605) c.addi  a2, 1
core   0: 3 0x8000682c (0x0605) x12 0xfffffffb
core   0: 0x8000682e (0x0000da65) c.beqz  a2, pc - 16
core   0: 3 0x8000682e (0xda65)
core   0: 0x80006830 (0xfd42cbe3) blt     t0, s4, pc - 42
core   0: 3 0x80006830 (0xfd42cbe3)
core   0: 0x80006806 (0x41e60333) sub     t1, a2, t5
core   0: 3 0x80006806 (0x41e60333) x 6 0xfffffffb
core   0: 0x8000680a (0xcc03cb93) xori    s7, t2, -832
core   0: 3 0x8000680a (0xcc03cb93) x23 0xffff6cc0
core   0: 0x8000680e (0x00000285) c.addi  t0, 1
core   0: 3 0x8000680e (0x0285) x 5 0x00000011
core   0: 0x80006810 (0x00008ced) c.and   s1, a1
core   0: 3 0x80006810 (0x8ced) x 9 0x00012000
core   0: 0x80006812 (0xffa00613) li      a2, -6
core   0: 3 0x80006812 (0xffa00613) x12 0xfffffffa
core   0: 0x80006816 (0x401c5a93) srai    s5, s8, 1
core   0: 3 0x80006816 (0x401c5a93) x21 0x00000000
core   0: 0x8000681a (0x00008b71) c.andi  a4, 28
core   0: 3 0x8000681a (0x8b71) x14 0x00000000
core   0: 0x8000681c (0x00000001) c.nop
core   0: 3 0x8000681c (0x0001)
core   0: 0x8000681e (0x418909b3) sub     s3, s2, s8
core   0: 3 0x8000681e (0x418909b3) x19 0x000121e1
core   0: 0x80006822 (0x00008d45) c.or    a0, s1
core   0: 3 0x80006822 (0x8d45) x10 0x00012001
core   0: 0x80006824 (0x5d81a513) slti    a0, gp, 1496
core   0: 3 0x80006824 (0x5d81a513) x10 0x00000001
core   0: 0x80006828 (0x1e14e913) ori     s2, s1, 481
core   0: 3 0x80006828 (0x1e14e913) x18 0x000121e1
core   0: 0x8000682c (0x00000605) c.addi  a2, 1
core   0: 3 0x8000682c (0x0605) x12 0xfffffffb
core   0: 0x8000682e (0x0000da65) c.beqz  a2, pc - 16
core   0: 3 0x8000682e (0xda65)
core   0: 0x80006830 (0xfd42cbe3) blt     t0, s4, pc - 42
core   0: 3 0x80006830 (0xfd42cbe3)
core   0: 0x80006806 (0x41e60333) sub     t1, a2, t5
core   0: 3 0x80006806 (0x41e60333) x 6 0xfffffffb
core   0: 0x8000680a (0xcc03cb93) xori    s7, t2, -832
core   0: 3 0x8000680a (0xcc03cb93) x23 0xffff6cc0
core   0: 0x8000680e (0x00000285) c.addi  t0, 1
core   0: 3 0x8000680e (0x0285) x 5 0x00000012
core   0: 0x80006810 (0x00008ced) c.and   s1, a1
core   0: 3 0x80006810 (0x8ced) x 9 0x00012000
core   0: 0x80006812 (0xffa00613) li      a2, -6
core   0: 3 0x80006812 (0xffa00613) x12 0xfffffffa
core   0: 0x80006816 (0x401c5a93) srai    s5, s8, 1
core   0: 3 0x80006816 (0x401c5a93) x21 0x00000000
core   0: 0x8000681a (0x00008b71) c.andi  a4, 28
core   0: 3 0x8000681a (0x8b71) x14 0x00000000
core   0: 0x8000681c (0x00000001) c.nop
core   0: 3 0x8000681c (0x0001)
core   0: 0x8000681e (0x418909b3) sub     s3, s2, s8
core   0: 3 0x8000681e (0x418909b3) x19 0x000121e1
core   0: 0x80006822 (0x00008d45) c.or    a0, s1
core   0: 3 0x80006822 (0x8d45) x10 0x00012001
core   0: 0x80006824 (0x5d81a513) slti    a0, gp, 1496
core   0: 3 0x80006824 (0x5d81a513) x10 0x00000001
core   0: 0x80006828 (0x1e14e913) ori     s2, s1, 481
core   0: 3 0x80006828 (0x1e14e913) x18 0x000121e1
core   0: 0x8000682c (0x00000605) c.addi  a2, 1
core   0: 3 0x8000682c (0x0605) x12 0xfffffffb
core   0: 0x8000682e (0x0000da65) c.beqz  a2, pc - 16
core   0: 3 0x8000682e (0xda65)
core   0: 0x80006830 (0xfd42cbe3) blt     t0, s4, pc - 42
core   0: 3 0x80006830 (0xfd42cbe3)
core   0: 0x80006806 (0x41e60333) sub     t1, a2, t5
core   0: 3 0x80006806 (0x41e60333) x 6 0xfffffffb
core   0: 0x8000680a (0xcc03cb93) xori    s7, t2, -832
core   0: 3 0x8000680a (0xcc03cb93) x23 0xffff6cc0
core   0: 0x8000680e (0x00000285) c.addi  t0, 1
core   0: 3 0x8000680e (0x0285) x 5 0x00000013
core   0: 0x80006810 (0x00008ced) c.and   s1, a1
core   0: 3 0x80006810 (0x8ced) x 9 0x00012000
core   0: 0x80006812 (0xffa00613) li      a2, -6
core   0: 3 0x80006812 (0xffa00613) x12 0xfffffffa
core   0: 0x80006816 (0x401c5a93) srai    s5, s8, 1
core   0: 3 0x80006816 (0x401c5a93) x21 0x00000000
core   0: 0x8000681a (0x00008b71) c.andi  a4, 28
core   0: 3 0x8000681a (0x8b71) x14 0x00000000
core   0: 0x8000681c (0x00000001) c.nop
core   0: 3 0x8000681c (0x0001)
core   0: 0x8000681e (0x418909b3) sub     s3, s2, s8
core   0: 3 0x8000681e (0x418909b3) x19 0x000121e1
core   0: 0x80006822 (0x00008d45) c.or    a0, s1
core   0: 3 0x80006822 (0x8d45) x10 0x00012001
core   0: 0x80006824 (0x5d81a513) slti    a0, gp, 1496
core   0: 3 0x80006824 (0x5d81a513) x10 0x00000001
core   0: 0x80006828 (0x1e14e913) ori     s2, s1, 481
core   0: 3 0x80006828 (0x1e14e913) x18 0x000121e1
core   0: 0x8000682c (0x00000605) c.addi  a2, 1
core   0: 3 0x8000682c (0x0605) x12 0xfffffffb
core   0: 0x8000682e (0x0000da65) c.beqz  a2, pc - 16
core   0: 3 0x8000682e (0xda65)
core   0: 0x80006830 (0xfd42cbe3) blt     t0, s4, pc - 42
core   0: 3 0x80006830 (0xfd42cbe3)
core   0: 0x80006806 (0x41e60333) sub     t1, a2, t5
core   0: 3 0x80006806 (0x41e60333) x 6 0xfffffffb
core   0: 0x8000680a (0xcc03cb93) xori    s7, t2, -832
core   0: 3 0x8000680a (0xcc03cb93) x23 0xffff6cc0
core   0: 0x8000680e (0x00000285) c.addi  t0, 1
core   0: 3 0x8000680e (0x0285) x 5 0x00000014
core   0: 0x80006810 (0x00008ced) c.and   s1, a1
core   0: 3 0x80006810 (0x8ced) x 9 0x00012000
core   0: 0x80006812 (0xffa00613) li      a2, -6
core   0: 3 0x80006812 (0xffa00613) x12 0xfffffffa
core   0: 0x80006816 (0x401c5a93) srai    s5, s8, 1
core   0: 3 0x80006816 (0x401c5a93) x21 0x00000000
core   0: 0x8000681a (0x00008b71) c.andi  a4, 28
core   0: 3 0x8000681a (0x8b71) x14 0x00000000
core   0: 0x8000681c (0x00000001) c.nop
core   0: 3 0x8000681c (0x0001)
core   0: 0x8000681e (0x418909b3) sub     s3, s2, s8
core   0: 3 0x8000681e (0x418909b3) x19 0x000121e1
core   0: 0x80006822 (0x00008d45) c.or    a0, s1
core   0: 3 0x80006822 (0x8d45) x10 0x00012001
core   0: 0x80006824 (0x5d81a513) slti    a0, gp, 1496
core   0: 3 0x80006824 (0x5d81a513) x10 0x00000001
core   0: 0x80006828 (0x1e14e913) ori     s2, s1, 481
core   0: 3 0x80006828 (0x1e14e913) x18 0x000121e1
core   0: 0x8000682c (0x00000605) c.addi  a2, 1
core   0: 3 0x8000682c (0x0605) x12 0xfffffffb
core   0: 0x8000682e (0x0000da65) c.beqz  a2, pc - 16
core   0: 3 0x8000682e (0xda65)
core   0: 0x80006830 (0xfd42cbe3) blt     t0, s4, pc - 42
core   0: 3 0x80006830 (0xfd42cbe3)
core   0: 0x80006834 (0x00006e59) c.lui   t3, 0x16
core   0: 3 0x80006834 (0x6e59) x28 0x00016000
core   0: 0x80006836 (0x00009c4a) c.add   s8, s2
core   0: 3 0x80006836 (0x9c4a) x24 0x000121e1
core   0: 0x80006838 (0x00000001) c.nop
core   0: 3 0x80006838 (0x0001)
core   0: 0x8000683a (0x01bf1f33) sll     t5, t5, s11
core   0: 3 0x8000683a (0x01bf1f33) x30 0x00000000
core   0: 0x8000683e (0x00008f5a) c.mv    t5, s6
core   0: 3 0x8000683e (0x8f5a) x30 0x00000000
core   0: 0x80006840 (0x02b71033) mulh    zero, a4, a1
core   0: 3 0x80006840 (0x02b71033)
core   0: 0x80006844 (0x0000029d) c.addi  t0, 7
core   0: 3 0x80006844 (0x029d) x 5 0x0000001b
core   0: 0x80006846 (0x03a75b33) divu    s6, a4, s10
core   0: 3 0x80006846 (0x03a75b33) x22 0x00000000
core   0: 0x8000684a (0x00008661) c.srai  a2, 24
core   0: 3 0x8000684a (0x8661) x12 0xffffffff
core   0: 0x8000684c (0x02f65433) divu    s0, a2, a5
core   0: 3 0x8000684c (0x02f65433) x 8 0xffffffff
core   0: 0x80006850 (0x46c28393) addi    t2, t0, 1132
core   0: 3 0x80006850 (0x46c28393) x 7 0x00000487
core   0: 0x80006854 (0x00008b3d) c.andi  a4, 15
core   0: 3 0x80006854 (0x8b3d) x14 0x00000000
core   0: 0x80006856 (0x02925063) bge     tp, s1, pc + 32
core   0: 3 0x80006856 (0x02925063)
core   0: 0x8000685a (0x03d8a8b3) mulhsu  a7, a7, t4
core   0: 3 0x8000685a (0x03d8a8b3) x17 0xffffffff
core   0: 0x8000685e (0x0000483d) c.li    a6, 15
core   0: 3 0x8000685e (0x483d) x16 0x0000000f
core   0: 0x80006860 (0x00010033) add     zero, sp, zero
core   0: 3 0x80006860 (0x00010033)
core   0: 0x80006864 (0x03c893b3) mulh    t2, a7, t3
core   0: 3 0x80006864 (0x03c893b3) x 7 0xffffffff
core   0: 0x80006868 (0x0000100f) fence.i
core   0: 3 0x80006868 (0x0000100f)
core   0: 0x8000686c (0x00009dce) c.add   s11, s3
core   0: 3 0x8000686c (0x9dce) x27 0x000121e1
core   0: 0x8000686e (0x0c7d3193) sltiu   gp, s10, 199
core   0: 3 0x8000686e (0x0c7d3193) x 3 0x00000000
core   0: 0x80006872 (0x40650a33) sub     s4, a0, t1
core   0: 3 0x80006872 (0x40650a33) x20 0x00000006
core   0: 0x80006876 (0x37514d93) xori    s11, sp, 885
core   0: 3 0x80006876 (0x37514d93) x27 0x80026f91
core   0: 0x8000687a (0x00008b1d) c.andi  a4, 7
core   0: 3 0x8000687a (0x8b1d) x14 0x00000000
core   0: 0x8000687c (0x00000001) c.nop
core   0: 3 0x8000687c (0x0001)
core   0: 0x8000687e (0x14468d93) addi    s11, a3, 324
core   0: 3 0x8000687e (0x14468d93) x27 0x0000040b
core   0: 0x80006882 (0xa9c2f893) andi    a7, t0, -1380
core   0: 3 0x80006882 (0xa9c2f893) x17 0x00000018
core   0: 0x80006886 (0x1de06213) ori     tp, zero, 478
core   0: 3 0x80006886 (0x1de06213) x 4 0x000001de
core   0: 0x8000688a (0x021cfdb3) remu    s11, s9, ra
core   0: 3 0x8000688a (0x021cfdb3) x27 0x00000000
core   0: 0x8000688e (0x01b86963) bltu    a6, s11, pc + 18
core   0: 3 0x8000688e (0x01b86963)
core   0: 0x80006892 (0x0000e889) c.bnez  s1, pc + 18
core   0: 3 0x80006892 (0xe889)
core   0: 0x800068a4 (0x01101a33) sll     s4, zero, a7
core   0: 3 0x800068a4 (0x01101a33) x20 0x00000000
core   0: 0x800068a8 (0x2732a493) slti    s1, t0, 627
core   0: 3 0x800068a8 (0x2732a493) x 9 0x00000001
core   0: 0x800068ac (0x40d6d733) sra     a4, a3, a3
core   0: 3 0x800068ac (0x40d6d733) x14 0x00000005
core   0: 0x800068b0 (0x038d3b33) mulhu   s6, s10, s8
core   0: 3 0x800068b0 (0x038d3b33) x22 0x000090f2
core   0: 0x800068b4 (0x00009b7d) c.andi  a4, -1
core   0: 3 0x800068b4 (0x9b7d) x14 0x00000005
core   0: 0x800068b6 (0x87d94613) xori    a2, s2, -1923
core   0: 3 0x800068b6 (0x87d94613) x12 0xfffed99c
core   0: 0x800068ba (0x00c71033) sll     zero, a4, a2
core   0: 3 0x800068ba (0x00c71033)
core   0: 0x800068be (0x0340ca63) blt     ra, s4, pc + 52
core   0: 3 0x800068be (0x0340ca63)
core   0: 0x800068f2 (0x00000246) c.slli  tp, 17
core   0: 3 0x800068f2 (0x0246) x 4 0x03bc0000
core   0: 0x800068f4 (0x01419493) slli    s1, gp, 20
core   0: 3 0x800068f4 (0x01419493) x 9 0x00000000
core   0: 0x800068f8 (0x00000212) c.slli  tp, 4
core   0: 3 0x800068f8 (0x0212) x 4 0x3bc00000
core   0: 0x800068fa (0x01012233) slt     tp, sp, a6
core   0: 3 0x800068fa (0x01012233) x 4 0x00000001
core   0: 0x800068fe (0x41778c33) sub     s8, a5, s7
core   0: 3 0x800068fe (0x41778c33) x24 0x00009340
core   0: 0x80006902 (0x00008179) c.srli  a0, 30
core   0: 3 0x80006902 (0x8179) x10 0x00000000
core   0: 0x80006904 (0x03b66063) bltu    a2, s11, pc + 32
core   0: 3 0x80006904 (0x03b66063)
core   0: 0x80006908 (0x0000ee0d) c.bnez  a2, pc + 58
core   0: 3 0x80006908 (0xee0d)
core   0: 0x80006942 (0x0000ca85) c.beqz  a3, pc + 48
core   0: 3 0x80006942 (0xca85)
core   0: 0x80006944 (0x00008a31) c.andi  a2, 12
core   0: 3 0x80006944 (0x8a31) x12 0x0000000c
core   0: 0x80006946 (0x0000100f) fence.i
core   0: 3 0x80006946 (0x0000100f)
core   0: 0x8000694a (0x000086e1) c.srai  a3, 24
core   0: 3 0x8000694a (0x86e1) x13 0x00000000
core   0: 0x8000694c (0x00000ff2) c.slli  t6, 28
core   0: 3 0x8000694c (0x0ff2) x31 0xd0000000
core   0: 0x8000694e (0x011b24b3) slt     s1, s6, a7
core   0: 3 0x8000694e (0x011b24b3) x 9 0x00000000
core   0: 0x80006952 (0x00005c7d) c.li    s8, -1
core   0: 3 0x80006952 (0x5c7d) x24 0xffffffff
core   0: 0x80006954 (0x02ec00b3) mul     ra, s8, a4
core   0: 3 0x80006954 (0x02ec00b3) x 1 0xfffffffb
core   0: 0x80006958 (0x4b0f2b93) slti    s7, t5, 1200
core   0: 3 0x80006958 (0x4b0f2b93) x23 0x00000001
core   0: 0x8000695c (0x00008191) c.srli  a1, 4
core   0: 3 0x8000695c (0x8191) x11 0x00001200
core   0: 0x8000695e (0xaa504c13) xori    s8, zero, -1371
core   0: 3 0x8000695e (0xaa504c13) x24 0xfffffaa5
core   0: 0x80006962 (0x30900f13) li      t5, 777
core   0: 3 0x80006962 (0x30900f13) x30 0x00000309
core   0: 0x80006966 (0x0000ee0d) c.bnez  a2, pc + 58
core   0: 3 0x80006966 (0xee0d)
core   0: 0x800069a0 (0x00348263) beq     s1, gp, pc + 4
core   0: 3 0x800069a0 (0x00348263)
core   0: 0x800069a4 (0x0000ee0d) c.bnez  a2, pc + 58
core   0: 3 0x800069a4 (0xee0d)
core   0: 0x800069de (0x033faeb3) mulhsu  t4, t6, s3
core   0: 3 0x800069de (0x033faeb3) x29 0xffffc9a5
core   0: 0x800069e2 (0x0000ca95) c.beqz  a3, pc + 52
core   0: 3 0x800069e2 (0xca95)
core   0: 0x80006a16 (0x03ec18b3) mulh    a7, s8, t5
core   0: 3 0x80006a16 (0x03ec18b3) x17 0xffffffff
core   0: 0x80006a1a (0x00000e49) c.addi  t3, 18
core   0: 3 0x80006a1a (0x0e49) x28 0x00016012
core   0: 0x80006a1c (0x40d98933) sub     s2, s3, a3
core   0: 3 0x80006a1c (0x40d98933) x18 0x000121e1
core   0: 0x80006a20 (0x0ff0000f) fence   iorw,iorw
core   0: 3 0x80006a20 (0x0ff0000f)
core   0: 0x80006a24 (0x0000100f) fence.i
core   0: 3 0x80006a24 (0x0000100f)
core   0: 0x80006a28 (0x00008cfd) c.and   s1, a5
core   0: 3 0x80006a28 (0x8cfd) x 9 0x00000000
core   0: 0x80006a2a (0x01a1b6b3) sltu    a3, gp, s10
core   0: 3 0x80006a2a (0x01a1b6b3) x13 0x00000001
core   0: 0x80006a2e (0x00ff1513) slli    a0, t5, 15
core   0: 3 0x80006a2e (0x00ff1513) x10 0x01848000
core   0: 0x80006a32 (0x03b24733) div     a4, tp, s11
core   0: 3 0x80006a32 (0x03b24733) x14 0xffffffff
core   0: 0x80006a36 (0x0291a933) mulhsu  s2, gp, s1
core   0: 3 0x80006a36 (0x0291a933) x18 0x00000000
core   0: 0x80006a3a (0x01d5d833) srl     a6, a1, t4
core   0: 3 0x80006a3a (0x01d5d833) x16 0x00000090
core   0: 0x80006a3e (0x00008f46) c.mv    t5, a7
core   0: 3 0x80006a3e (0x8f46) x30 0xffffffff
core   0: 0x80006a40 (0x2552aa37) lui     s4, 0x2552a
core   0: 3 0x80006a40 (0x2552aa37) x20 0x2552a000
core   0: 0x80006a44 (0x41dc5533) sra     a0, s8, t4
core   0: 3 0x80006a44 (0x41dc5533) x10 0xffffffd5
core   0: 0x80006a48 (0x01a811b3) sll     gp, a6, s10
core   0: 3 0x80006a48 (0x01a811b3) x 3 0x00000900
core   0: 0x80006a4c (0x011c6233) or      tp, s8, a7
core   0: 3 0x80006a4c (0x011c6233) x 4 0xffffffff
core   0: 0x80006a50 (0xdba4c193) xori    gp, s1, -582
core   0: 3 0x80006a50 (0xdba4c193) x 3 0xfffffdba
core   0: 0x80006a54 (0x00000001) c.nop
core   0: 3 0x80006a54 (0x0001)
core   0: 0x80006a56 (0x00008da5) c.xor   a1, s1
core   0: 3 0x80006a56 (0x8da5) x11 0x00001200
core   0: 0x80006a58 (0x0111dfb3) srl     t6, gp, a7
core   0: 3 0x80006a58 (0x0111dfb3) x31 0x00000001
core   0: 0x80006a5c (0x77e4b213) sltiu   tp, s1, 1918
core   0: 3 0x80006a5c (0x77e4b213) x 4 0x00000001
core   0: 0x80006a60 (0x00008221) c.srli  a2, 8
core   0: 3 0x80006a60 (0x8221) x12 0x00000000
core   0: 0x80006a62 (0x026c7eb3) remu    t4, s8, t1
core   0: 3 0x80006a62 (0x026c7eb3) x29 0xfffffaa5
core   0: 0x80006a66 (0x03e58a63) beq     a1, t5, pc + 52
core   0: 3 0x80006a66 (0x03e58a63)
core   0: 0x80006a6a (0x0232d933) divu    s2, t0, gp
core   0: 3 0x80006a6a (0x0232d933) x18 0x00000000
core   0: 0x80006a6e (0x40d95b33) sra     s6, s2, a3
core   0: 3 0x80006a6e (0x40d95b33) x22 0x00000000
core   0: 0x80006a72 (0x0000ec99) c.bnez  s1, pc + 30
core   0: 3 0x80006a72 (0xec99)
core   0: 0x80006a74 (0x0ff0000f) fence   iorw,iorw
core   0: 3 0x80006a74 (0x0ff0000f)
core   0: 0x80006a78 (0x01315693) srli    a3, sp, 19
core   0: 3 0x80006a78 (0x01315693) x13 0x00001000
core   0: 0x80006a7c (0x000084ed) c.srai  s1, 27
core   0: 3 0x80006a7c (0x84ed) x 9 0x00000000
core   0: 0x80006a7e (0x00000999) c.addi  s3, 6
core   0: 3 0x80006a7e (0x0999) x19 0x000121e7
core   0: 0x80006a80 (0x0ff0000f) fence   iorw,iorw
core   0: 3 0x80006a80 (0x0ff0000f)
core   0: 0x80006a84 (0x0009c963) bltz    s3, pc + 18
core   0: 3 0x80006a84 (0x0009c963)
core   0: 0x80006a88 (0x019cdf13) srli    t5, s9, 25
core   0: 3 0x80006a88 (0x019cdf13) x30 0x0000007f
core   0: 0x80006a8c (0x014520b3) slt     ra, a0, s4
core   0: 3 0x80006a8c (0x014520b3) x 1 0x00000001
core   0: 0x80006a90 (0x00008999) c.andi  a1, 6
core   0: 3 0x80006a90 (0x8999) x11 0x00000000
core   0: 0x80006a92 (0xecc0e413) ori     s0, ra, -308
core   0: 3 0x80006a92 (0xecc0e413) x 8 0xfffffecd
core   0: 0x80006a96 (0x00729633) sll     a2, t0, t2
core   0: 3 0x80006a96 (0x00729633) x12 0x80000000
core   0: 0x80006a9a (0x00008771) c.srai  a4, 28
core   0: 3 0x80006a9a (0x8771) x14 0xffffffff
core   0: 0x80006a9c (0x00008cfd) c.and   s1, a5
core   0: 3 0x80006a9c (0x8cfd) x 9 0x00000000
core   0: 0x80006a9e (0x0000ca9d) c.beqz  a3, pc + 54
core   0: 3 0x80006a9e (0xca9d)
core   0: 0x80006aa0 (0x00600693) li      a3, 6
core   0: 3 0x80006aa0 (0x00600693) x13 0x00000006
core   0: 0x80006aa4 (0x00008c25) c.xor   s0, s1
core   0: 3 0x80006aa4 (0x8c25) x 8 0xfffffecd
core   0: 0x80006aa6 (0x035ec9b3) div     s3, t4, s5
core   0: 3 0x80006aa6 (0x035ec9b3) x19 0xffffffff
core   0: 0x80006aaa (0xbf3f3713) sltiu   a4, t5, -1037
core   0: 3 0x80006aaa (0xbf3f3713) x14 0x00000001
core   0: 0x80006aae (0x00000001) c.nop
core   0: 3 0x80006aae (0x0001)
core   0: 0x80006ab0 (0x00009a66) c.add   s4, s9
core   0: 3 0x80006ab0 (0x9a66) x20 0x25529fff
core   0: 0x80006ab2 (0x02464633) div     a2, a2, tp
core   0: 3 0x80006ab2 (0x02464633) x12 0x80000000
core   0: 0x80006ab6 (0x00a4d633) srl     a2, s1, a0
core   0: 3 0x80006ab6 (0x00a4d633) x12 0x00000000
core   0: 0x80006aba (0x03808ab3) mul     s5, ra, s8
core   0: 3 0x80006aba (0x03808ab3) x21 0xfffffaa5
core   0: 0x80006abe (0x000016f5) c.addi  a3, -3
core   0: 3 0x80006abe (0x16f5) x13 0x00000003
core   0: 0x80006ac0 (0x00de8bb3) add     s7, t4, a3
core   0: 3 0x80006ac0 (0x00de8bb3) x23 0xfffffaa8
core   0: 0x80006ac4 (0x0000dafd) c.beqz  a3, pc - 10
core   0: 3 0x80006ac4 (0xdafd)
core   0: 0x80006ac6 (0x0000974e) c.add   a4, s3
core   0: 3 0x80006ac6 (0x974e) x14 0x00000000
core   0: 0x80006ac8 (0x03bb1433) mulh    s0, s6, s11
core   0: 3 0x80006ac8 (0x03bb1433) x 8 0x00000000
core   0: 0x80006acc (0x0000088e) c.slli  a7, 3
core   0: 3 0x80006acc (0x088e) x17 0xfffffff8
core   0: 0x80006ace (0x038ceb63) bltu    s9, s8, pc + 54
core   0: 3 0x80006ace (0x038ceb63)
core   0: 0x80006ad2 (0x00008f21) c.xor   a4, s0
core   0: 3 0x80006ad2 (0x8f21) x14 0x00000000
core   0: 0x80006ad4 (0x00000001) c.nop
core   0: 3 0x80006ad4 (0x0001)
core   0: 0x80006ad6 (0x00008c65) c.and   s0, s1
core   0: 3 0x80006ad6 (0x8c65) x 8 0x00000000
core   0: 0x80006ad8 (0x0000100f) fence.i
core   0: 3 0x80006ad8 (0x0000100f)
core   0: 0x80006adc (0xa62dab13) slti    s6, s11, -1438
core   0: 3 0x80006adc (0xa62dab13) x22 0x00000000
core   0: 0x80006ae0 (0x2e64cb13) xori    s6, s1, 742
core   0: 3 0x80006ae0 (0x2e64cb13) x22 0x000002e6
core   0: 0x80006ae4 (0x00984c63) blt     a6, s1, pc + 24
core   0: 3 0x80006ae4 (0x00984c63)
core   0: 0x80006ae8 (0x052bc163) blt     s7, s2, pc + 66
core   0: 3 0x80006ae8 (0x052bc163)
core   0: 0x80006b2a (0x00008f29) c.xor   a4, a0
core   0: 3 0x80006b2a (0x8f29) x14 0xffffffd5
core   0: 0x80006b2c (0x00e00db3) add     s11, zero, a4
core   0: 3 0x80006b2c (0x00e00db3) x27 0xffffffd5
core   0: 0x80006b30 (0x034cc663) blt     s9, s4, pc + 44
core   0: 3 0x80006b30 (0x034cc663)
core   0: 0x80006b5c (0x7c6b0693) addi    a3, s6, 1990
core   0: 3 0x80006b5c (0x7c6b0693) x13 0x00000aac
core   0: 0x80006b60 (0x0000971a) c.add   a4, t1
core   0: 3 0x80006b60 (0x971a) x14 0xffffffd0
core   0: 0x80006b62 (0x03465433) divu    s0, a2, s4
core   0: 3 0x80006b62 (0x03465433) x 8 0x00000000
core   0: 0x80006b66 (0x00008cc1) c.or    s1, s0
core   0: 3 0x80006b66 (0x8cc1) x 9 0x00000000
core   0: 0x80006b68 (0x0000cc09) c.beqz  s0, pc + 26
core   0: 3 0x80006b68 (0xcc09)
core   0: 0x80006b82 (0x032b8663) beq     s7, s2, pc + 44
core   0: 3 0x80006b82 (0x032b8663)
core   0: 0x80006b86 (0x1d40c913) xori    s2, ra, 468
core   0: 3 0x80006b86 (0x1d40c913) x18 0x000001d5
core   0: 0x80006b8a (0x0ff0000f) fence   iorw,iorw
core   0: 3 0x80006b8a (0x0ff0000f)
core   0: 0x80006b8e (0x0000100f) fence.i
core   0: 3 0x80006b8e (0x0000100f)
core   0: 0x80006b92 (0x02acd533) divu    a0, s9, a0
core   0: 3 0x80006b92 (0x02acd533) x10 0x00000001
core   0: 0x80006b96 (0x000080b5) c.srli  s1, 13
core   0: 3 0x80006b96 (0x80b5) x 9 0x00000000
core   0: 0x80006b98 (0x03fc4b63) blt     s8, t6, pc + 54
core   0: 3 0x80006b98 (0x03fc4b63)
core   0: 0x80006bce (0x02a26333) rem     t1, tp, a0
core   0: 3 0x80006bce (0x02a26333) x 6 0x00000000
core   0: 0x80006bd2 (0x0ff0000f) fence   iorw,iorw
core   0: 3 0x80006bd2 (0x0ff0000f)
core   0: 0x80006bd6 (0x000090e2) c.add   ra, s8
core   0: 3 0x80006bd6 (0x90e2) x 1 0xfffffaa6
core   0: 0x80006bd8 (0x0000e709) c.bnez  a4, pc + 10
core   0: 3 0x80006bd8 (0xe709)
core   0: 0x80006be2 (0xf340b093) sltiu   ra, ra, -204
core   0: 3 0x80006be2 (0xf340b093) x 1 0x00000001
core   0: 0x80006be6 (0x00004b71) c.li    s6, 28
core   0: 3 0x80006be6 (0x4b71) x22 0x0000001c
core   0: 0x80006be8 (0x01e03b33) snez    s6, t5
core   0: 3 0x80006be8 (0x01e03b33) x22 0x00000001
core   0: 0x80006bec (0xf837e993) ori     s3, a5, -125
core   0: 3 0x80006bec (0xf837e993) x19 0xffffff83
core   0: 0x80006bf0 (0x0000997d) c.andi  a0, -1
core   0: 3 0x80006bf0 (0x997d) x10 0x00000001
core   0: 0x80006bf2 (0x20877393) andi    t2, a4, 520
core   0: 3 0x80006bf2 (0x20877393) x 7 0x00000200
core   0: 0x80006bf6 (0x053b0263) beq     s6, s3, pc + 68
core   0: 3 0x80006bf6 (0x053b0263)
core   0: 0x80006bfa (0x021415b3) mulh    a1, s0, ra
core   0: 3 0x80006bfa (0x021415b3) x11 0x00000000
core   0: 0x80006bfe (0x027a40b3) div     ra, s4, t2
core   0: 3 0x80006bfe (0x027a40b3) x 1 0x0012a94f
core   0: 0x80006c02 (0x00314963) blt     sp, gp, pc + 18
core   0: 3 0x80006c02 (0x00314963)
core   0: 0x80006c14 (0x0077adb3) slt     s11, a5, t2
core   0: 3 0x80006c14 (0x0077adb3) x27 0x00000001
core   0: 0x80006c18 (0x010c1413) slli    s0, s8, 16
core   0: 3 0x80006c18 (0x010c1413) x 8 0xfaa50000
core   0: 0x80006c1c (0x00709a13) slli    s4, ra, 7
core   0: 3 0x80006c1c (0x00709a13) x20 0x0954a780
core   0: 0x80006c20 (0x0000926e) c.add   tp, s11
core   0: 3 0x80006c20 (0x926e) x 4 0x00000002
core   0: 0x80006c22 (0x407ad993) srai    s3, s5, 7
core   0: 3 0x80006c22 (0x407ad993) x19 0xfffffff5
core   0: 0x80006c26 (0x03995533) divu    a0, s2, s9
core   0: 3 0x80006c26 (0x03995533) x10 0x00000000
core   0: 0x80006c2a (0x40775333) sra     t1, a4, t2
core   0: 3 0x80006c2a (0x40775333) x 6 0xffffffd0
core   0: 0x80006c2e (0x2f3c8937) lui     s2, 0x2f3c8
core   0: 3 0x80006c2e (0x2f3c8937) x18 0x2f3c8000
core   0: 0x80006c32 (0x02679233) mulh    tp, a5, t1
core   0: 3 0x80006c32 (0x02679233) x 4 0x00000000
core   0: 0x80006c36 (0x02f6f333) remu    t1, a3, a5
core   0: 3 0x80006c36 (0x02f6f333) x 6 0x00000aac
core   0: 0x80006c3a (0x018e6863) bltu    t3, s8, pc + 16
core   0: 3 0x80006c3a (0x018e6863)
core   0: 0x80006c4a (0x00879b93) slli    s7, a5, 8
core   0: 3 0x80006c4a (0x00879b93) x23 0x00000000
core   0: 0x80006c4e (0x000092fa) c.add   t0, t5
core   0: 3 0x80006c4e (0x92fa) x 5 0x0000009a
core   0: 0x80006c50 (0x00246333) or      t1, s0, sp
core   0: 3 0x80006c50 (0x00246333) x 6 0xfaa76ce4
core   0: 0x80006c54 (0x01779713) slli    a4, a5, 23
core   0: 3 0x80006c54 (0x01779713) x14 0x00000000
core   0: 0x80006c58 (0x6a6a2493) slti    s1, s4, 1702
core   0: 3 0x80006c58 (0x6a6a2493) x 9 0x00000000
core   0: 0x80006c5c (0x024f1eb3) mulh    t4, t5, tp
core   0: 3 0x80006c5c (0x024f1eb3) x29 0x00000000
core   0: 0x80006c60 (0x6db08593) addi    a1, ra, 1755
core   0: 3 0x80006c60 (0x6db08593) x11 0x0012b02a
core   0: 0x80006c64 (0x02ab4e63) blt     s6, a0, pc + 60
core   0: 3 0x80006c64 (0x02ab4e63)
core   0: 0x80006c68 (0x03ba5b33) divu    s6, s4, s11
core   0: 3 0x80006c68 (0x03ba5b33) x22 0x0954a780
core   0: 0x80006c6c (0x000fa0b3) slt     ra, t6, zero
core   0: 3 0x80006c6c (0x000fa0b3) x 1 0x00000000
core   0: 0x80006c70 (0x00c71333) sll     t1, a4, a2
core   0: 3 0x80006c70 (0x00c71333) x 6 0x00000000
core   0: 0x80006c74 (0x016f9a93) slli    s5, t6, 22
core   0: 3 0x80006c74 (0x016f9a93) x21 0x00400000
core   0: 0x80006c78 (0x00008d11) c.sub   a0, a2
core   0: 3 0x80006c78 (0x8d11) x10 0x00000000
core   0: 0x80006c7a (0x00371963) bne     a4, gp, pc + 18
core   0: 3 0x80006c7a (0x00371963)
core   0: 0x80006c8c (0x038b7963) bgeu    s6, s8, pc + 50
core   0: 3 0x80006c8c (0x038b7963)
core   0: 0x80006c90 (0x00e20a33) add     s4, tp, a4
core   0: 3 0x80006c90 (0x00e20a33) x20 0x00000000
core   0: 0x80006c94 (0x00000001) c.nop
core   0: 3 0x80006c94 (0x0001)
core   0: 0x80006c96 (0x996ab613) sltiu   a2, s5, -1642
core   0: 3 0x80006c96 (0x996ab613) x12 0x00000001
core   0: 0x80006c9a (0xf5761337) lui     t1, 0xf5761
core   0: 3 0x80006c9a (0xf5761337) x 6 0xf5761000
core   0: 0x80006c9e (0x00008f79) c.and   a4, a4
core   0: 3 0x80006c9e (0x8f79) x14 0x00000000
core   0: 0x80006ca0 (0x00c79033) sll     zero, a5, a2
core   0: 3 0x80006ca0 (0x00c79033)
core   0: 0x80006ca4 (0xd6babc17) auipc   s8, 0xd6bab
core   0: 3 0x80006ca4 (0xd6babc17) x24 0x56bb1ca4
core   0: 0x80006ca8 (0x01a52533) slt     a0, a0, s10
core   0: 3 0x80006ca8 (0x01a52533) x10 0x00000000
core   0: 0x80006cac (0x037a7663) bgeu    s4, s7, pc + 44
core   0: 3 0x80006cac (0x037a7663)
core   0: 0x80006cd8 (0x41460fb3) sub     t6, a2, s4
core   0: 3 0x80006cd8 (0x41460fb3) x31 0x00000001
core   0: 0x80006cdc (0x00008d11) c.sub   a0, a2
core   0: 3 0x80006cdc (0x8d11) x10 0xffffffff
core   0: 0x80006cde (0x00008546) c.mv    a0, a7
core   0: 3 0x80006cde (0x8546) x10 0xfffffff8
core   0: 0x80006ce0 (0x0194ba33) sltu    s4, s1, s9
core   0: 3 0x80006ce0 (0x0194ba33) x20 0x00000001
core   0: 0x80006ce4 (0xfa510f17) auipc   t5, 0xfa510
core   0: 3 0x80006ce4 (0xfa510f17) x30 0x7a516ce4
core   0: 0x80006ce8 (0x019c1663) bne     s8, s9, pc + 12
core   0: 3 0x80006ce8 (0x019c1663)
core   0: 0x80006cf4 (0x00d248b3) xor     a7, tp, a3
core   0: 3 0x80006cf4 (0x00d248b3) x17 0x00000aac
core   0: 0x80006cf8 (0x0257c8b3) div     a7, a5, t0
core   0: 3 0x80006cf8 (0x0257c8b3) x17 0x00000000
core   0: 0x80006cfc (0x0282b933) mulhu   s2, t0, s0
core   0: 3 0x80006cfc (0x0282b933) x18 0x00000096
core   0: 0x80006d00 (0x0000100f) fence.i
core   0: 3 0x80006d00 (0x0000100f)
core   0: 0x80006d04 (0x016f0d63) beq     t5, s6, pc + 26
core   0: 3 0x80006d04 (0x016f0d63)
core   0: 0x80006d08 (0x01920863) beq     tp, s9, pc + 16
core   0: 3 0x80006d08 (0x01920863)
core   0: 0x80006d0c (0x032798b3) mulh    a7, a5, s2
core   0: 3 0x80006d0c (0x032798b3) x17 0x00000000
core   0: 0x80006d10 (0x01265733) srl     a4, a2, s2
core   0: 3 0x80006d10 (0x01265733) x14 0x00000000
core   0: 0x80006d14 (0x01a92cb3) slt     s9, s2, s10
core   0: 3 0x80006d14 (0x01a92cb3) x25 0x00000000
core   0: 0x80006d18 (0x001c8963) beq     s9, ra, pc + 18
core   0: 3 0x80006d18 (0x001c8963)
core   0: 0x80006d2a (0x4098d493) srai    s1, a7, 9
core   0: 3 0x80006d2a (0x4098d493) x 9 0x00000000
core   0: 0x80006d2e (0x0000897d) c.andi  a0, 31
core   0: 3 0x80006d2e (0x897d) x10 0x00000018
core   0: 0x80006d30 (0x0000100f) fence.i
core   0: 3 0x80006d30 (0x0000100f)
core   0: 0x80006d34 (0x0000999a) c.add   s3, t1
core   0: 3 0x80006d34 (0x999a) x19 0xf5760ff5
core   0: 0x80006d36 (0x00a2d513) srli    a0, t0, 10
core   0: 3 0x80006d36 (0x00a2d513) x10 0x00000000
core   0: 0x80006d3a (0x03a65db3) divu    s11, a2, s10
core   0: 3 0x80006d3a (0x03a65db3) x27 0x00000000
core   0: 0x80006d3e (0x0235eb33) rem     s6, a1, gp
core   0: 3 0x80006d3e (0x0235eb33) x22 0x000000da
core   0: 0x80006d42 (0x40555713) srai    a4, a0, 5
core   0: 3 0x80006d42 (0x40555713) x14 0x00000000
core   0: 0x80006d46 (0x005c5cb3) srl     s9, s8, t0
core   0: 3 0x80006d46 (0x005c5cb3) x25 0x00000015
core   0: 0x80006d4a (0x00008f2d) c.xor   a4, a1
core   0: 3 0x80006d4a (0x8f2d) x14 0x0012b02a
core   0: 0x80006d4c (0x4198d413) srai    s0, a7, 25
core   0: 3 0x80006d4c (0x4198d413) x 8 0x00000000
core   0: 0x80006d50 (0x009ee2b3) or      t0, t4, s1
core   0: 3 0x80006d50 (0x009ee2b3) x 5 0x00000000
core   0: 0x80006d54 (0x0357c233) div     tp, a5, s5
core   0: 3 0x80006d54 (0x0357c233) x 4 0x00000000
core   0: 0x80006d58 (0x5aabf993) andi    s3, s7, 1450
core   0: 3 0x80006d58 (0x5aabf993) x19 0x00000000
core   0: 0x80006d5c (0x01aa0433) add     s0, s4, s10
core   0: 3 0x80006d5c (0x01aa0433) x 8 0x80022e65
core   0: 0x80006d60 (0x02366d63) bltu    a2, gp, pc + 58
core   0: 3 0x80006d60 (0x02366d63)
core   0: 0x80006d9a (0x00000e7a) c.slli  t3, 30
core   0: 3 0x80006d9a (0x0e7a) x28 0x80000000
core   0: 0x80006d9c (0x00cf1293) slli    t0, t5, 12
core   0: 3 0x80006d9c (0x00cf1293) x 5 0x16ce4000
core   0: 0x80006da0 (0x00ce7663) bgeu    t3, a2, pc + 12
core   0: 3 0x80006da0 (0x00ce7663)
core   0: 0x80006dac (0x00e0df13) srli    t5, ra, 14
core   0: 3 0x80006dac (0x00e0df13) x30 0x00000000
core   0: 0x80006db0 (0x9aba6613) ori     a2, s4, -1621
core   0: 3 0x80006db0 (0x9aba6613) x12 0xfffff9ab
core   0: 0x80006db4 (0x01441913) slli    s2, s0, 20
core   0: 3 0x80006db4 (0x01441913) x18 0xe6500000
core   0: 0x80006db8 (0x038b3533) mulhu   a0, s6, s8
core   0: 3 0x80006db8 (0x038b3533) x10 0x00000049
core   0: 0x80006dbc (0x3562dfb7) lui     t6, 0x3562d
core   0: 3 0x80006dbc (0x3562dfb7) x31 0x3562d000
core   0: 0x80006dc0 (0x00000dd2) c.slli  s11, 20
core   0: 3 0x80006dc0 (0x0dd2) x27 0x00000000
core   0: 0x80006dc2 (0x00008319) c.srli  a4, 6
core   0: 3 0x80006dc2 (0x8319) x14 0x00004ac0
core   0: 0x80006dc4 (0x0100f963) bgeu    ra, a6, pc + 18
core   0: 3 0x80006dc4 (0x0100f963)
core   0: 0x80006dc8 (0x00000001) c.nop
core   0: 3 0x80006dc8 (0x0001)
core   0: 0x80006dca (0x00000001) c.nop
core   0: 3 0x80006dca (0x0001)
core   0: 0x80006dcc (0x0000537d) c.li    t1, -1
core   0: 3 0x80006dcc (0x537d) x 6 0xffffffff
core   0: 0x80006dce (0x02c99d63) bne     s3, a2, pc + 58
core   0: 3 0x80006dce (0x02c99d63)
core   0: 0x80006e08 (0x00000001) c.nop
core   0: 3 0x80006e08 (0x0001)
core   0: 0x80006e0a (0xafd3b313) sltiu   t1, t2, -1283
core   0: 3 0x80006e0a (0xafd3b313) x 6 0x00000001
core   0: 0x80006e0e (0x00e923b3) slt     t2, s2, a4
core   0: 3 0x80006e0e (0x00e923b3) x 7 0x00000001
core   0: 0x80006e12 (0xbef83013) sltiu   zero, a6, -1041
core   0: 3 0x80006e12 (0xbef83013)
core   0: 0x80006e16 (0x03ab08b3) mul     a7, s6, s10
core   0: 3 0x80006e16 (0x03ab08b3) x17 0x01db8128
core   0: 0x80006e1a (0x03578c33) mul     s8, a5, s5
core   0: 3 0x80006e1a (0x03578c33) x24 0x00000000
core   0: 0x80006e1e (0x00008d4d) c.or    a0, a1
core   0: 3 0x80006e1e (0x8d4d) x10 0x0012b06b
core   0: 0x80006e20 (0x00000001) c.nop
core   0: 3 0x80006e20 (0x0001)
core   0: 0x80006e22 (0x00dd25b3) slt     a1, s10, a3
core   0: 3 0x80006e22 (0x00dd25b3) x11 0x00000001
core   0: 0x80006e26 (0xaa654093) xori    ra, a0, -1370
core   0: 3 0x80006e26 (0xaa654093) x 1 0xffed4acd
core   0: 0x80006e2a (0x0ff0000f) fence   iorw,iorw
core   0: 3 0x80006e2a (0x0ff0000f)
core   0: 0x80006e2e (0x02228563) beq     t0, sp, pc + 42
core   0: 3 0x80006e2e (0x02228563)
core   0: 0x80006e32 (0x00008f36) c.mv    t5, a3
core   0: 3 0x80006e32 (0x8f36) x30 0x00000aac
core   0: 0x80006e34 (0x0013dab3) srl     s5, t2, ra
core   0: 3 0x80006e34 (0x0013dab3) x21 0x00000000
core   0: 0x80006e38 (0x036c7d63) bgeu    s8, s6, pc + 58
core   0: 3 0x80006e38 (0x036c7d63)
core   0: 0x80006e3c (0x03c80bb3) mul     s7, a6, t3
core   0: 3 0x80006e3c (0x03c80bb3) x23 0x00000000
core   0: 0x80006e40 (0x00000001) c.nop
core   0: 3 0x80006e40 (0x0001)
core   0: 0x80006e42 (0x00938fb3) add     t6, t2, s1
core   0: 3 0x80006e42 (0x00938fb3) x31 0x00000001
core   0: 0x80006e46 (0x0000ca95) c.beqz  a3, pc + 52
core   0: 3 0x80006e46 (0xca95)
core   0: 0x80006e48 (0x02ca29b3) mulhsu  s3, s4, a2
core   0: 3 0x80006e48 (0x02ca29b3) x19 0x00000000
core   0: 0x80006e4c (0x0000c90d) c.beqz  a0, pc + 50
core   0: 3 0x80006e4c (0xc90d)
core   0: 0x80006e4e (0x41e88533) sub     a0, a7, t5
core   0: 3 0x80006e4e (0x41e88533) x10 0x01db767c
core   0: 0x80006e52 (0x603db193) sltiu   gp, s11, 1539
core   0: 3 0x80006e52 (0x603db193) x 3 0x00000001
core   0: 0x80006e56 (0x00005a7d) c.li    s4, -1
core   0: 3 0x80006e56 (0x5a7d) x20 0xffffffff
core   0: 0x80006e58 (0x00f45493) srli    s1, s0, 15
core   0: 3 0x80006e58 (0x00f45493) x 9 0x00010004
core   0: 0x80006e5c (0x00d001b3) add     gp, zero, a3
core   0: 3 0x80006e5c (0x00d001b3) x 3 0x00000aac
core   0: 0x80006e60 (0x0ff0000f) fence   iorw,iorw
core   0: 3 0x80006e60 (0x0ff0000f)
core   0: 0x80006e64 (0x0000e515) c.bnez  a0, pc + 44
core   0: 3 0x80006e64 (0xe515)
core   0: 0x80006e90 (0x012fe6b3) or      a3, t6, s2
core   0: 3 0x80006e90 (0x012fe6b3) x13 0xe6500001
core   0: 0x80006e94 (0x03bf25b3) mulhsu  a1, t5, s11
core   0: 3 0x80006e94 (0x03bf25b3) x11 0x00000000
core   0: 0x80006e98 (0x10567a93) andi    s5, a2, 261
core   0: 3 0x80006e98 (0x10567a93) x21 0x00000101
core   0: 0x80006e9c (0x04376f63) bltu    a4, gp, pc + 94
core   0: 3 0x80006e9c (0x04376f63)
core   0: 0x80006ea0 (0x00f006b3) add     a3, zero, a5
core   0: 3 0x80006ea0 (0x00f006b3) x13 0x00000000
core   0: 0x80006ea4 (0x40980033) sub     zero, a6, s1
core   0: 3 0x80006ea4 (0x40980033)
core   0: 0x80006ea8 (0x5c619eb7) lui     t4, 0x5c619
core   0: 3 0x80006ea8 (0x5c619eb7) x29 0x5c619000
core   0: 0x80006eac (0x00008ec9) c.or    a3, a0
core   0: 3 0x80006eac (0x8ec9) x13 0x01db767c
core   0: 0x80006eae (0x4194d4b3) sra     s1, s1, s9
core   0: 3 0x80006eae (0x4194d4b3) x 9 0x00000000
core   0: 0x80006eb2 (0x41765eb3) sra     t4, a2, s7
core   0: 3 0x80006eb2 (0x41765eb3) x29 0xfffff9ab
core   0: 0x80006eb6 (0x01e87963) bgeu    a6, t5, pc + 18
core   0: 3 0x80006eb6 (0x01e87963)
core   0: 0x80006eba (0x0000587d) c.li    a6, -1
core   0: 3 0x80006eba (0x587d) x16 0xffffffff
core   0: 0x80006ebc (0x410b5db3) sra     s11, s6, a6
core   0: 3 0x80006ebc (0x410b5db3) x27 0x00000000
core   0: 0x80006ec0 (0x02918533) mul     a0, gp, s1
core   0: 3 0x80006ec0 (0x02918533) x10 0x00000000
core   0: 0x80006ec4 (0x038c8633) mul     a2, s9, s8
core   0: 3 0x80006ec4 (0x038c8633) x12 0x00000000
core   0: 0x80006ec8 (0x057a6763) bltu    s4, s7, pc + 78
core   0: 3 0x80006ec8 (0x057a6763)
core   0: 0x80006ecc (0x0000039a) c.slli  t2, 6
core   0: 3 0x80006ecc (0x039a) x 7 0x00000040
core   0: 0x80006ece (0x03443ab3) mulhu   s5, s0, s4
core   0: 3 0x80006ece (0x03443ab3) x21 0x80022e64
core   0: 0x80006ed2 (0x00800693) li      a3, 8
core   0: 3 0x80006ed2 (0x00800693) x13 0x00000008
core   0: 0x80006ed6 (0x740e4d93) xori    s11, t3, 1856
core   0: 3 0x80006ed6 (0x740e4d93) x27 0x80000740
core   0: 0x80006eda (0x00000001) c.nop
core   0: 3 0x80006eda (0x0001)
core   0: 0x80006edc (0x02b05e33) divu    t3, zero, a1
core   0: 3 0x80006edc (0x02b05e33) x28 0xffffffff
core   0: 0x80006ee0 (0x0165a933) slt     s2, a1, s6
core   0: 3 0x80006ee0 (0x0165a933) x18 0x00000001
core   0: 0x80006ee4 (0x000084c5) c.srai  s1, 17
core   0: 3 0x80006ee4 (0x84c5) x 9 0x00000000
core   0: 0x80006ee6 (0x000016fd) c.addi  a3, -1
core   0: 3 0x80006ee6 (0x16fd) x13 0x00000007
core   0: 0x80006ee8 (0x40875f13) srai    t5, a4, 8
core   0: 3 0x80006ee8 (0x40875f13) x30 0x0000004a
core   0: 0x80006eec (0x00000001) c.nop
core   0: 3 0x80006eec (0x0001)
core   0: 0x80006eee (0x90182c13) slti    s8, a6, -1791
core   0: 3 0x80006eee (0x90182c13) x24 0x00000000
core   0: 0x80006ef2 (0x0000d6fd) c.beqz  a3, pc - 18
core   0: 3 0x80006ef2 (0xd6fd)
core   0: 0x80006ef4 (0x00008252) c.mv    tp, s4
core   0: 3 0x80006ef4 (0x8252) x 4 0xffffffff
core   0: 0x80006ef6 (0x01641a13) slli    s4, s0, 22
core   0: 3 0x80006ef6 (0x01641a13) x20 0x99400000
core   0: 0x80006efa (0x5f57a713) slti    a4, a5, 1525
core   0: 3 0x80006efa (0x5f57a713) x14 0x00000001
core   0: 0x80006efe (0x0000100f) fence.i
core   0: 3 0x80006efe (0x0000100f)
core   0: 0x80006f02 (0x01bc1393) slli    t2, s8, 27
core   0: 3 0x80006f02 (0x01bc1393) x 7 0x00000000
core   0: 0x80006f06 (0x03c23533) mulhu   a0, tp, t3
core   0: 3 0x80006f06 (0x03c23533) x10 0xfffffffe
core   0: 0x80006f0a (0x028e6363) bltu    t3, s0, pc + 38
core   0: 3 0x80006f0a (0x028e6363)
core   0: 0x80006f0e (0x0000100f) fence.i
core   0: 3 0x80006f0e (0x0000100f)
core   0: 0x80006f12 (0x034ce463) bltu    s9, s4, pc + 40
core   0: 3 0x80006f12 (0x034ce463)
core   0: 0x80006f3a (0xebdc4a13) xori    s4, s8, -323
core   0: 3 0x80006f3a (0xebdc4a13) x20 0xfffffebd
core   0: 0x80006f3e (0xff23ea97) auipc   s5, 0xff23e
core   0: 3 0x80006f3e (0xff23ea97) x21 0x7f244f3e
core   0: 0x80006f42 (0x01b05ab3) srl     s5, zero, s11
core   0: 3 0x80006f42 (0x01b05ab3) x21 0x00000000
core   0: 0x80006f46 (0x01dfa633) slt     a2, t6, t4
core   0: 3 0x80006f46 (0x01dfa633) x12 0x00000000
core   0: 0x80006f4a (0x036fee63) bltu    t6, s6, pc + 60
core   0: 3 0x80006f4a (0x036fee63)
core   0: 0x80006f86 (0xf76e4813) xori    a6, t3, -138
core   0: 3 0x80006f86 (0xf76e4813) x16 0x00000089
core   0: 0x80006f8a (0x00467b63) bgeu    a2, tp, pc + 22
core   0: 3 0x80006f8a (0x00467b63)
core   0: 0x80006f8e (0x00006f1d) c.lui   t5, 0x7
core   0: 3 0x80006f8e (0x6f1d) x30 0x00007000
core   0: 0x80006f90 (0x037b0c63) beq     s6, s7, pc + 56
core   0: 3 0x80006f90 (0x037b0c63)
core   0: 0x80006f94 (0x41425d93) srai    s11, tp, 20
core   0: 3 0x80006f94 (0x41425d93) x27 0xffffffff
core   0: 0x80006f98 (0x21c6ca93) xori    s5, a3, 540
core   0: 3 0x80006f98 (0x21c6ca93) x21 0x0000021b
core   0: 0x80006f9c (0x033c9d63) bne     s9, s3, pc + 58
core   0: 3 0x80006f9c (0x033c9d63)
core   0: 0x80006fd6 (0x002e46b3) xor     a3, t3, sp
core   0: 3 0x80006fd6 (0x002e46b3) x13 0x7ffd931b
core   0: 0x80006fda (0x02086cb3) rem     s9, a6, zero
core   0: 3 0x80006fda (0x02086cb3) x25 0x00000089
core   0: 0x80006fde (0x00008412) c.mv    s0, tp
core   0: 3 0x80006fde (0x8412) x 8 0xffffffff
core   0: 0x80006fe0 (0x10c77913) andi    s2, a4, 268
core   0: 3 0x80006fe0 (0x10c77913) x18 0x00000000
core   0: 0x80006fe4 (0x00008e19) c.sub   a2, a4
core   0: 3 0x80006fe4 (0x8e19) x12 0xffffffff
core   0: 0x80006fe6 (0x000083f2) c.mv    t2, t3
core   0: 3 0x80006fe6 (0x83f2) x 7 0xffffffff
core   0: 0x80006fe8 (0x0196f863) bgeu    a3, s9, pc + 16
core   0: 3 0x80006fe8 (0x0196f863)
core   0: 0x80006ff8 (0x011cecb3) or      s9, s9, a7
core   0: 3 0x80006ff8 (0x011cecb3) x25 0x01db81a9
core   0: 0x80006ffc (0x027fb933) mulhu   s2, t6, t2
core   0: 3 0x80006ffc (0x027fb933) x18 0x00000000
core   0: 0x80007000 (0x0000ee95) c.bnez  a3, pc + 60
core   0: 3 0x80007000 (0xee95)
core   0: 0x8000703c (0x01d658b3) srl     a7, a2, t4
core   0: 3 0x8000703c (0x01d658b3) x17 0x001fffff
core   0: 0x80007040 (0x55e6e713) ori     a4, a3, 1374
core   0: 3 0x80007040 (0x55e6e713) x14 0x7ffd975f
core   0: 0x80007044 (0x00008f45) c.or    a4, s1
core   0: 3 0x80007044 (0x8f45) x14 0x7ffd975f
core   0: 0x80007046 (0x41d9df33) sra     t5, s3, t4
core   0: 3 0x80007046 (0x41d9df33) x30 0x00000000
core   0: 0x8000704a (0x00008c65) c.and   s0, s1
core   0: 3 0x8000704a (0x8c65) x 8 0x00000000
core   0: 0x8000704c (0x03259fb3) mulh    t6, a1, s2
core   0: 3 0x8000704c (0x03259fb3) x31 0x00000000
core   0: 0x80007050 (0x00008dae) c.mv    s11, a1
core   0: 3 0x80007050 (0x8dae) x27 0x00000000
core   0: 0x80007052 (0x00004c25) c.li    s8, 9
core   0: 3 0x80007052 (0x4c25) x24 0x00000009
core   0: 0x80007054 (0x0000095a) c.slli  s2, 22
core   0: 3 0x80007054 (0x095a) x18 0x00000000
core   0: 0x80007056 (0x00008199) c.srli  a1, 6
core   0: 3 0x80007056 (0x8199) x11 0x00000000
core   0: 0x80007058 (0x000090ea) c.add   ra, s10
core   0: 3 0x80007058 (0x90ea) x 1 0x7fef7931
core   0: 0x8000705a (0x03f3f933) remu    s2, t2, t6
core   0: 3 0x8000705a (0x03f3f933) x18 0xffffffff
core   0: 0x8000705e (0xd7520993) addi    s3, tp, -651
core   0: 3 0x8000705e (0xd7520993) x19 0xfffffd74
core   0: 0x80007062 (0x00000001) c.nop
core   0: 3 0x80007062 (0x0001)
core   0: 0x80007064 (0x01a4e263) bltu    s1, s10, pc + 4
core   0: 3 0x80007064 (0x01a4e263)
core   0: 0x80007068 (0x007c9033) sll     zero, s9, t2
core   0: 3 0x80007068 (0x007c9033)
core   0: 0x8000706c (0xe2018a13) addi    s4, gp, -480
core   0: 3 0x8000706c (0xe2018a13) x20 0x000008cc
core   0: 0x80007070 (0x00008a29) c.andi  a2, 10
core   0: 3 0x80007070 (0x8a29) x12 0x0000000a
core   0: 0x80007072 (0x00ab7233) and     tp, s6, a0
core   0: 3 0x80007072 (0x00ab7233) x 4 0x000000da
core   0: 0x80007076 (0x00008cd9) c.or    s1, a4
core   0: 3 0x80007076 (0x8cd9) x 9 0x7ffd975f
core   0: 0x80007078 (0x032b1563) bne     s6, s2, pc + 42
core   0: 3 0x80007078 (0x032b1563)
core   0: 0x800070a2 (0x2c79c413) xori    s0, s3, 711
core   0: 3 0x800070a2 (0x2c79c413) x 8 0xffffffb3
core   0: 0x800070a6 (0x01acdd63) bge     s9, s10, pc + 26
core   0: 3 0x800070a6 (0x01acdd63)
core   0: 0x800070c0 (0x0315fbb3) remu    s7, a1, a7
core   0: 3 0x800070c0 (0x0315fbb3) x23 0x00000000
core   0: 0x800070c4 (0x00005dfd) c.li    s11, -1
core   0: 3 0x800070c4 (0x5dfd) x27 0xffffffff
core   0: 0x800070c6 (0x00008f79) c.and   a4, a4
core   0: 3 0x800070c6 (0x8f79) x14 0x7ffd975f
core   0: 0x800070c8 (0x00000366) c.slli  t1, 25
core   0: 3 0x800070c8 (0x0366) x 6 0x02000000
core   0: 0x800070ca (0x032fc433) div     s0, t6, s2
core   0: 3 0x800070ca (0x032fc433) x 8 0x00000000
core   0: 0x800070ce (0x00009872) c.add   a6, t3
core   0: 3 0x800070ce (0x9872) x16 0x00000088
core   0: 0x800070d0 (0x003c1f33) sll     t5, s8, gp
core   0: 3 0x800070d0 (0x003c1f33) x30 0x00009000
core   0: 0x800070d4 (0x01f618b3) sll     a7, a2, t6
core   0: 3 0x800070d4 (0x01f618b3) x17 0x0000000a
core   0: 0x800070d8 (0x02c4c463) blt     s1, a2, pc + 40
core   0: 3 0x800070d8 (0x02c4c463)
core   0: 0x800070dc (0x0283e8b3) rem     a7, t2, s0
core   0: 3 0x800070dc (0x0283e8b3) x17 0xffffffff
core   0: 0x800070e0 (0x026b8533) mul     a0, s7, t1
core   0: 3 0x800070e0 (0x026b8533) x10 0x00000000
core   0: 0x800070e4 (0x000085b2) c.mv    a1, a2
core   0: 3 0x800070e4 (0x85b2) x11 0x0000000a
core   0: 0x800070e6 (0x03e043b3) div     t2, zero, t5
core   0: 3 0x800070e6 (0x03e043b3) x 7 0x00000000
core   0: 0x800070ea (0x0000919a) c.add   gp, t1
core   0: 3 0x800070ea (0x919a) x 3 0x02000aac
core   0: 0x800070ec (0x003d1963) bne     s10, gp, pc + 18
core   0: 3 0x800070ec (0x003d1963)
core   0: 0x800070fe (0x00008099) c.srli  s1, 6
core   0: 3 0x800070fe (0x8099) x 9 0x01fff65d
core   0: 0x80007100 (0x02ee8663) beq     t4, a4, pc + 44
core   0: 3 0x80007100 (0x02ee8663)
core   0: 0x80007104 (0x00008f21) c.xor   a4, s0
core   0: 3 0x80007104 (0x8f21) x14 0x7ffd975f
core   0: 0x80007106 (0x412c0eb3) sub     t4, s8, s2
core   0: 3 0x80007106 (0x412c0eb3) x29 0x0000000a
core   0: 0x8000710a (0x0000c981) c.beqz  a1, pc + 16
core   0: 3 0x8000710a (0xc981)
core   0: 0x8000710c (0x00009afd) c.andi  a3, -1
core   0: 3 0x8000710c (0x9afd) x13 0x7ffd931b
core   0: 0x8000710e (0x077fcb97) auipc   s7, 0x77fc
core   0: 3 0x8000710e (0x077fcb97) x23 0x8780310e
core   0: 0x80007112 (0x489d7f13) andi    t5, s10, 1161
core   0: 3 0x80007112 (0x489d7f13) x30 0x00000400
core   0: 0x80007116 (0x40ae8bb3) sub     s7, t4, a0
core   0: 3 0x80007116 (0x40ae8bb3) x23 0x0000000a
core   0: 0x8000711a (0x04f88063) beq     a7, a5, pc + 64
core   0: 3 0x8000711a (0x04f88063)
core   0: 0x8000711e (0x034d8c63) beq     s11, s4, pc + 56
core   0: 3 0x8000711e (0x034d8c63)
core   0: 0x80007122 (0x00008605) c.srai  a2, 1
core   0: 3 0x80007122 (0x8605) x12 0x00000005
core   0: 0x80007124 (0x003470b3) and     ra, s0, gp
core   0: 3 0x80007124 (0x003470b3) x 1 0x00000000
core   0: 0x80007128 (0x21113493) sltiu   s1, sp, 529
core   0: 3 0x80007128 (0x21113493) x 9 0x00000000
core   0: 0x8000712c (0x87854017) auipc   zero, 0x87854
core   0: 3 0x8000712c (0x87854017)
core   0: 0x80007130 (0x405d0fb3) sub     t6, s10, t0
core   0: 3 0x80007130 (0x405d0fb3) x31 0x6933ee64
core   0: 0x80007134 (0x00000ccd) c.addi  s9, 19
core   0: 3 0x80007134 (0x0ccd) x25 0x01db81bc
core   0: 0x80007136 (0x03e98633) mul     a2, s3, t5
core   0: 3 0x80007136 (0x03e98633) x12 0xfff5d000
core   0: 0x8000713a (0x0172c933) xor     s2, t0, s7
core   0: 3 0x8000713a (0x0172c933) x18 0x16ce400a
core   0: 0x8000713e (0x01931c93) slli    s9, t1, 25
core   0: 3 0x8000713e (0x01931c93) x25 0x00000000
core   0: 0x80007142 (0x0227c0b3) div     ra, a5, sp
core   0: 3 0x80007142 (0x0227c0b3) x 1 0x00000000
core   0: 0x80007146 (0x030a2733) mulhsu  a4, s4, a6
core   0: 3 0x80007146 (0x030a2733) x14 0x00000000
core   0: 0x8000714a (0x0ff0000f) fence   iorw,iorw
core   0: 3 0x8000714a (0x0ff0000f)
core   0: 0x8000714e (0x012dd093) srli    ra, s11, 18
core   0: 3 0x8000714e (0x012dd093) x 1 0x00003fff
core   0: 0x80007152 (0x410483b3) sub     t2, s1, a6
core   0: 3 0x80007152 (0x410483b3) x 7 0xffffff78
core   0: 0x80007156 (0x00c2e633) or      a2, t0, a2
core   0: 3 0x80007156 (0x00c2e633) x12 0xffffd000
core   0: 0x8000715a (0x00008c3d) c.xor   s0, a5
core   0: 3 0x8000715a (0x8c3d) x 8 0x00000000
core   0: 0x8000715c (0x00006b79) c.lui   s6, 0x1e
core   0: 3 0x8000715c (0x6b79) x22 0x0001e000
core   0: 0x8000715e (0x00667c33) and     s8, a2, t1
core   0: 3 0x8000715e (0x00667c33) x24 0x02000000
core   0: 0x80007162 (0x01d95663) bge     s2, t4, pc + 12
core   0: 3 0x80007162 (0x01d95663)
core   0: 0x8000716e (0x03fa7cb3) remu    s9, s4, t6
core   0: 3 0x8000716e (0x03fa7cb3) x25 0x000008cc
core   0: 0x80007172 (0x000019fd) c.addi  s3, -1
core   0: 3 0x80007172 (0x19fd) x19 0xfffffd73
core   0: 0x80007174 (0x0161e863) bltu    gp, s6, pc + 16
core   0: 3 0x80007174 (0x0161e863)
core   0: 0x80007178 (0x000008fe) c.slli  a7, 31
core   0: 3 0x80007178 (0x08fe) x17 0x80000000
core   0: 0x8000717a (0x0000ef15) c.bnez  a4, pc + 60
core   0: 3 0x8000717a (0xef15)
core   0: 0x8000717c (0x029d0f33) mul     t5, s10, s1
core   0: 3 0x8000717c (0x029d0f33) x30 0x00000000
core   0: 0x80007180 (0x0000100f) fence.i
core   0: 3 0x80007180 (0x0000100f)
core   0: 0x80007184 (0x02bbbab3) mulhu   s5, s7, a1
core   0: 3 0x80007184 (0x02bbbab3) x21 0x00000000
core   0: 0x80007188 (0x00000001) c.nop
core   0: 3 0x80007188 (0x0001)
core   0: 0x8000718a (0x0000100f) fence.i
core   0: 3 0x8000718a (0x0000100f)
core   0: 0x8000718e (0x012346b3) xor     a3, t1, s2
core   0: 3 0x8000718e (0x012346b3) x13 0x14ce400a
core   0: 0x80007192 (0x00008095) c.srli  s1, 5
core   0: 3 0x80007192 (0x8095) x 9 0x00000000
core   0: 0x80007194 (0x00008d75) c.and   a0, a3
core   0: 3 0x80007194 (0x8d75) x10 0x00000000
core   0: 0x80007196 (0x000085d1) c.srai  a1, 20
core   0: 3 0x80007196 (0x85d1) x11 0x00000000
core   0: 0x80007198 (0x00e28bb3) add     s7, t0, a4
core   0: 3 0x80007198 (0x00e28bb3) x23 0x16ce4000
core   0: 0x8000719c (0x00000001) c.nop
core   0: 3 0x8000719c (0x0001)
core   0: 0x8000719e (0x0f6f4a37) lui     s4, 0xf6f4
core   0: 3 0x8000719e (0x0f6f4a37) x20 0x0f6f4000
core   0: 0x800071a2 (0x00bac663) blt     s5, a1, pc + 12
core   0: 3 0x800071a2 (0x00bac663)
core   0: 0x800071a6 (0x02a58763) beq     a1, a0, pc + 46
core   0: 3 0x800071a6 (0x02a58763)
core   0: 0x800071d4 (0x038a68b3) rem     a7, s4, s8
core   0: 3 0x800071d4 (0x038a68b3) x17 0x016f4000
core   0: 0x800071d8 (0x00ef2ab3) slt     s5, t5, a4
core   0: 3 0x800071d8 (0x00ef2ab3) x21 0x00000000
core   0: 0x800071dc (0x03bdcf63) blt     s11, s11, pc + 62
core   0: 3 0x800071dc (0x03bdcf63)
core   0: 0x800071e0 (0x01c9c333) xor     t1, s3, t3
core   0: 3 0x800071e0 (0x01c9c333) x 6 0x0000028c
core   0: 0x800071e4 (0x03fff5b3) remu    a1, t6, t6
core   0: 3 0x800071e4 (0x03fff5b3) x11 0x00000000
core   0: 0x800071e8 (0x00004be1) c.li    s7, 24
core   0: 3 0x800071e8 (0x4be1) x23 0x00000018
core   0: 0x800071ea (0x00a36c93) ori     s9, t1, 10
core   0: 3 0x800071ea (0x00a36c93) x25 0x0000028e
core   0: 0x800071ee (0x00009226) c.add   tp, s1
core   0: 3 0x800071ee (0x9226) x 4 0x000000da
core   0: 0x800071f0 (0x602f3413) sltiu   s0, t5, 1538
core   0: 3 0x800071f0 (0x602f3413) x 8 0x00000001
core   0: 0x800071f4 (0x00f0d963) bge     ra, a5, pc + 18
core   0: 3 0x800071f4 (0x00f0d963)
core   0: 0x80007206 (0x0000100f) fence.i
core   0: 3 0x80007206 (0x0000100f)
core   0: 0x8000720a (0x40fb52b3) sra     t0, s6, a5
core   0: 3 0x8000720a (0x40fb52b3) x 5 0x0001e000
core   0: 0x8000720e (0x027334b3) mulhu   s1, t1, t2
core   0: 3 0x8000720e (0x027334b3) x 9 0x0000028b
core   0: 0x80007212 (0x0ff0000f) fence   iorw,iorw
core   0: 3 0x80007212 (0x0ff0000f)
core   0: 0x80007216 (0x00aada63) bge     s5, a0, pc + 20
core   0: 3 0x80007216 (0x00aada63)
core   0: 0x8000722a (0x351abc93) sltiu   s9, s5, 849
core   0: 3 0x8000722a (0x351abc93) x25 0x00000001
core   0: 0x8000722e (0x00000797) auipc   a5, 0x0
core   0: 3 0x8000722e (0x00000797) x15 0x8000722e
core   0: 0x80007232 (0x00c78793) addi    a5, a5, 12
core   0: 3 0x80007232 (0x00c78793) x15 0x8000723a
core   0: 0x80007236 (0x00078067) jr      a5
core   0: 3 0x80007236 (0x00078067)
core   0: 0x8000723a (0x00004185) c.li    gp, 1
core   0: 3 0x8000723a (0x4185) x 3 0x00000001
core   0: 0x8000723c (0x00000073) ecall
core   0: exception trap_machine_ecall, epc 0x8000723c
core   0: >>>>  mtvec_handler
core   0: 0x8000c710 (0x0400006f) j       pc + 0x40
core   0: 3 0x8000c710 (0x0400006f)
core   0: 0x8000c750 (0x00001171) c.addi  sp, -4
core   0: 3 0x8000c750 (0x1171) x 2 0x80026ce0
core   0: 0x8000c752 (0x0000c06a) c.swsp  s10, 0(sp)
core   0: 3 0x8000c752 (0xc06a) mem 0x80026ce0 0x80022e64
core   0: 0x8000c754 (0x00010d33) add     s10, sp, zero
core   0: 3 0x8000c754 (0x00010d33) x26 0x80026ce0
core   0: 0x8000c758 (0xf80d0d13) addi    s10, s10, -128
core   0: 3 0x8000c758 (0xf80d0d13) x26 0x80026c60
core   0: 0x8000c75c (0x001d2223) sw      ra, 4(s10)
core   0: 3 0x8000c75c (0x001d2223) mem 0x80026c64 0x00003fff
core   0: 0x8000c760 (0x002d2423) sw      sp, 8(s10)
core   0: 3 0x8000c760 (0x002d2423) mem 0x80026c68 0x80026ce0
core   0: 0x8000c764 (0x003d2623) sw      gp, 12(s10)
core   0: 3 0x8000c764 (0x003d2623) mem 0x80026c6c 0x00000001
core   0: 0x8000c768 (0x004d2823) sw      tp, 16(s10)
core   0: 3 0x8000c768 (0x004d2823) mem 0x80026c70 0x000000da
core   0: 0x8000c76c (0x005d2a23) sw      t0, 20(s10)
core   0: 3 0x8000c76c (0x005d2a23) mem 0x80026c74 0x0001e000
core   0: 0x8000c770 (0x006d2c23) sw      t1, 24(s10)
core   0: 3 0x8000c770 (0x006d2c23) mem 0x80026c78 0x0000028c
core   0: 0x8000c774 (0x007d2e23) sw      t2, 28(s10)
core   0: 3 0x8000c774 (0x007d2e23) mem 0x80026c7c 0xffffff78
core   0: 0x8000c778 (0x028d2023) sw      s0, 32(s10)
core   0: 3 0x8000c778 (0x028d2023) mem 0x80026c80 0x00000001
core   0: 0x8000c77c (0x029d2223) sw      s1, 36(s10)
core   0: 3 0x8000c77c (0x029d2223) mem 0x80026c84 0x0000028b
core   0: 0x8000c780 (0x02ad2423) sw      a0, 40(s10)
core   0: 3 0x8000c780 (0x02ad2423) mem 0x80026c88 0x00000000
core   0: 0x8000c784 (0x02bd2623) sw      a1, 44(s10)
core   0: 3 0x8000c784 (0x02bd2623) mem 0x80026c8c 0x00000000
core   0: 0x8000c788 (0x02cd2823) sw      a2, 48(s10)
core   0: 3 0x8000c788 (0x02cd2823) mem 0x80026c90 0xffffd000
core   0: 0x8000c78c (0x02dd2a23) sw      a3, 52(s10)
core   0: 3 0x8000c78c (0x02dd2a23) mem 0x80026c94 0x14ce400a
core   0: 0x8000c790 (0x02ed2c23) sw      a4, 56(s10)
core   0: 3 0x8000c790 (0x02ed2c23) mem 0x80026c98 0x00000000
core   0: 0x8000c794 (0x02fd2e23) sw      a5, 60(s10)
core   0: 3 0x8000c794 (0x02fd2e23) mem 0x80026c9c 0x8000723a
core   0: 0x8000c798 (0x050d2023) sw      a6, 64(s10)
core   0: 3 0x8000c798 (0x050d2023) mem 0x80026ca0 0x00000088
core   0: 0x8000c79c (0x051d2223) sw      a7, 68(s10)
core   0: 3 0x8000c79c (0x051d2223) mem 0x80026ca4 0x016f4000
core   0: 0x8000c7a0 (0x052d2423) sw      s2, 72(s10)
core   0: 3 0x8000c7a0 (0x052d2423) mem 0x80026ca8 0x16ce400a
core   0: 0x8000c7a4 (0x053d2623) sw      s3, 76(s10)
core   0: 3 0x8000c7a4 (0x053d2623) mem 0x80026cac 0xfffffd73
core   0: 0x8000c7a8 (0x054d2823) sw      s4, 80(s10)
core   0: 3 0x8000c7a8 (0x054d2823) mem 0x80026cb0 0x0f6f4000
core   0: 0x8000c7ac (0x055d2a23) sw      s5, 84(s10)
core   0: 3 0x8000c7ac (0x055d2a23) mem 0x80026cb4 0x00000000
core   0: 0x8000c7b0 (0x056d2c23) sw      s6, 88(s10)
core   0: 3 0x8000c7b0 (0x056d2c23) mem 0x80026cb8 0x0001e000
core   0: 0x8000c7b4 (0x057d2e23) sw      s7, 92(s10)
core   0: 3 0x8000c7b4 (0x057d2e23) mem 0x80026cbc 0x00000018
core   0: 0x8000c7b8 (0x078d2023) sw      s8, 96(s10)
core   0: 3 0x8000c7b8 (0x078d2023) mem 0x80026cc0 0x02000000
core   0: 0x8000c7bc (0x079d2223) sw      s9, 100(s10)
core   0: 3 0x8000c7bc (0x079d2223) mem 0x80026cc4 0x00000001
core   0: 0x8000c7c0 (0x07ad2423) sw      s10, 104(s10)
core   0: 3 0x8000c7c0 (0x07ad2423) mem 0x80026cc8 0x80026c60
core   0: 0x8000c7c4 (0x07bd2623) sw      s11, 108(s10)
core   0: 3 0x8000c7c4 (0x07bd2623) mem 0x80026ccc 0xffffffff
core   0: 0x8000c7c8 (0x07cd2823) sw      t3, 112(s10)
core   0: 3 0x8000c7c8 (0x07cd2823) mem 0x80026cd0 0xffffffff
core   0: 0x8000c7cc (0x07dd2a23) sw      t4, 116(s10)
core   0: 3 0x8000c7cc (0x07dd2a23) mem 0x80026cd4 0x0000000a
core   0: 0x8000c7d0 (0x07ed2c23) sw      t5, 120(s10)
core   0: 3 0x8000c7d0 (0x07ed2c23) mem 0x80026cd8 0x00000000
core   0: 0x8000c7d4 (0x07fd2e23) sw      t6, 124(s10)
core   0: 3 0x8000c7d4 (0x07fd2e23) mem 0x80026cdc 0x6933ee64
core   0: 0x8000c7d8 (0x000d0133) add     sp, s10, zero
core   0: 3 0x8000c7d8 (0x000d0133) x 2 0x80026c60
core   0: 0x8000c7dc (0x341026f3) csrr    a3, mepc
core   0: 3 0x8000c7dc (0x341026f3) x13 0x8000723c
core   0: 0x8000c7e0 (0x342026f3) csrr    a3, mcause
core   0: 3 0x8000c7e0 (0x342026f3) x13 0x0000000b
core   0: 0x8000c7e4 (0x00004a8d) c.li    s5, 3
core   0: 3 0x8000c7e4 (0x4a8d) x21 0x00000003
core   0: 0x8000c7e6 (0x29568263) beq     a3, s5, pc + 644
core   0: 3 0x8000c7e6 (0x29568263)
core   0: 0x8000c7ea (0x00004aa1) c.li    s5, 8
core   0: 3 0x8000c7ea (0x4aa1) x21 0x00000008
core   0: 0x8000c7ec (0x05568563) beq     a3, s5, pc + 74
core   0: 3 0x8000c7ec (0x05568563)
core   0: 0x8000c7f0 (0x00004aa5) c.li    s5, 9
core   0: 3 0x8000c7f0 (0x4aa5) x21 0x00000009
core   0: 0x8000c7f2 (0x05568263) beq     a3, s5, pc + 68
core   0: 3 0x8000c7f2 (0x05568263)
core   0: 0x8000c7f6 (0x00004aad) c.li    s5, 11
core   0: 3 0x8000c7f6 (0x4aad) x21 0x0000000b
core   0: 0x8000c7f8 (0x03568f63) beq     a3, s5, pc + 62
core   0: 3 0x8000c7f8 (0x03568f63)
core   0: 0x8000c836 (0xffff3697) auipc   a3, 0xffff3
core   0: 3 0x8000c836 (0xffff3697) x13 0x7ffff836
core   0: 0x8000c83a (0x7ca68693) addi    a3, a3, 1994
core   0: 3 0x8000c83a (0x7ca68693) x13 0x80000000
core   0: 0x8000c83e (0x0006a023) sw      zero, 0(a3)
core   0: 3 0x8000c83e (0x0006a023) mem 0x80000000 0x00000000
core   0: 0x8000c842 (0x0016a223) sw      ra, 4(a3)
core   0: 3 0x8000c842 (0x0016a223) mem 0x80000004 0x00003fff
core   0: 0x8000c846 (0x0026a423) sw      sp, 8(a3)
core   0: 3 0x8000c846 (0x0026a423) mem 0x80000008 0x80026c60
core   0: 0x8000c84a (0x0036a623) sw      gp, 12(a3)
core   0: 3 0x8000c84a (0x0036a623) mem 0x8000000c 0x00000001
core   0: 0x8000c84e (0x0046a823) sw      tp, 16(a3)
core   0: 3 0x8000c84e (0x0046a823) mem 0x80000010 0x000000da
core   0: 0x8000c852 (0x0056aa23) sw      t0, 20(a3)
core   0: 3 0x8000c852 (0x0056aa23) mem 0x80000014 0x0001e000
core   0: 0x8000c856 (0x0066ac23) sw      t1, 24(a3)
core   0: 3 0x8000c856 (0x0066ac23) mem 0x80000018 0x0000028c
core   0: 0x8000c85a (0x0076ae23) sw      t2, 28(a3)
core   0: 3 0x8000c85a (0x0076ae23) mem 0x8000001c 0xffffff78
core   0: 0x8000c85e (0x0000d280) c.sw    s0, 32(a3)
core   0: 3 0x8000c85e (0xd280) mem 0x80000020 0x00000001
core   0: 0x8000c860 (0x0000d2c4) c.sw    s1, 36(a3)
core   0: 3 0x8000c860 (0xd2c4) mem 0x80000024 0x0000028b
core   0: 0x8000c862 (0x0000d688) c.sw    a0, 40(a3)
core   0: 3 0x8000c862 (0xd688) mem 0x80000028 0x00000000
core   0: 0x8000c864 (0x0000d6cc) c.sw    a1, 44(a3)
core   0: 3 0x8000c864 (0xd6cc) mem 0x8000002c 0x00000000
core   0: 0x8000c866 (0x0000da90) c.sw    a2, 48(a3)
core   0: 3 0x8000c866 (0xda90) mem 0x80000030 0xffffd000
core   0: 0x8000c868 (0x0000dad4) c.sw    a3, 52(a3)
core   0: 3 0x8000c868 (0xdad4) mem 0x80000034 0x80000000
core   0: 0x8000c86a (0x0000de98) c.sw    a4, 56(a3)
core   0: 3 0x8000c86a (0xde98) mem 0x80000038 0x00000000
core   0: 0x8000c86c (0x0000dedc) c.sw    a5, 60(a3)
core   0: 3 0x8000c86c (0xdedc) mem 0x8000003c 0x8000723a
core   0: 0x8000c86e (0x0506a023) sw      a6, 64(a3)
core   0: 3 0x8000c86e (0x0506a023) mem 0x80000040 0x00000088
core   0: 0x8000c872 (0x0516a223) sw      a7, 68(a3)
core   0: 3 0x8000c872 (0x0516a223) mem 0x80000044 0x016f4000
core   0: 0x8000c876 (0x0526a423) sw      s2, 72(a3)
core   0: 3 0x8000c876 (0x0526a423) mem 0x80000048 0x16ce400a
core   0: 0x8000c87a (0x0536a623) sw      s3, 76(a3)
core   0: 3 0x8000c87a (0x0536a623) mem 0x8000004c 0xfffffd73
core   0: 0x8000c87e (0x0546a823) sw      s4, 80(a3)
core   0: 3 0x8000c87e (0x0546a823) mem 0x80000050 0x0f6f4000
core   0: 0x8000c882 (0x0556aa23) sw      s5, 84(a3)
core   0: 3 0x8000c882 (0x0556aa23) mem 0x80000054 0x0000000b
core   0: 0x8000c886 (0x0566ac23) sw      s6, 88(a3)
core   0: 3 0x8000c886 (0x0566ac23) mem 0x80000058 0x0001e000
core   0: 0x8000c88a (0x0576ae23) sw      s7, 92(a3)
core   0: 3 0x8000c88a (0x0576ae23) mem 0x8000005c 0x00000018
core   0: 0x8000c88e (0x0786a023) sw      s8, 96(a3)
core   0: 3 0x8000c88e (0x0786a023) mem 0x80000060 0x02000000
core   0: 0x8000c892 (0x0796a223) sw      s9, 100(a3)
core   0: 3 0x8000c892 (0x0796a223) mem 0x80000064 0x00000001
core   0: 0x8000c896 (0x07a6a423) sw      s10, 104(a3)
core   0: 3 0x8000c896 (0x07a6a423) mem 0x80000068 0x80026c60
core   0: 0x8000c89a (0x07b6a623) sw      s11, 108(a3)
core   0: 3 0x8000c89a (0x07b6a623) mem 0x8000006c 0xffffffff
core   0: 0x8000c89e (0x07c6a823) sw      t3, 112(a3)
core   0: 3 0x8000c89e (0x07c6a823) mem 0x80000070 0xffffffff
core   0: 0x8000c8a2 (0x07d6aa23) sw      t4, 116(a3)
core   0: 3 0x8000c8a2 (0x07d6aa23) mem 0x80000074 0x0000000a
core   0: 0x8000c8a6 (0x07e6ac23) sw      t5, 120(a3)
core   0: 3 0x8000c8a6 (0x07e6ac23) mem 0x80000078 0x00000000
core   0: 0x8000c8aa (0x07f6ae23) sw      t6, 124(a3)
core   0: 3 0x8000c8aa (0x07f6ae23) mem 0x8000007c 0x6933ee64
core   0: 0x8000c8ae (0xfffff797) auipc   a5, 0xfffff
core   0: 3 0x8000c8ae (0xfffff797) x15 0x8000b8ae
core   0: 0x8000c8b2 (0x4bc78793) addi    a5, a5, 1212
core   0: 3 0x8000c8b2 (0x4bc78793) x15 0x8000bd6a
core   0: 0x8000c8b6 (0x00078067) jr      a5
core   0: 3 0x8000c8b6 (0x00078067)
core   0: 0x8000bd6a (0x00001f17) auipc   t5, 0x1
core   0: 3 0x8000bd6a (0x00001f17) x30 0x8000cd6a
core   0: 0x8000bd6e (0x283f2b23) sw      gp, 662(t5)
core   0: 3 0x8000bd6e (0x283f2b23) mem 0x8000d000 0x00000001
core   0: 0x8000bd72 (0x0000bfe5) c.j     pc - 8
core   0: 3 0x8000bd72 (0xbfe5)
core   0: 0x8000bd6a (0x00001f17) auipc   t5, 0x1
core   0: 3 0x8000bd6a (0x00001f17) x30 0x8000cd6a
core   0: 0x8000bd6e (0x283f2b23) sw      gp, 662(t5)
core   0: 3 0x8000bd6e (0x283f2b23) mem 0x8000d000 0x00000001
core   0: 0x8000bd72 (0x0000bfe5) c.j     pc - 8
core   0: 3 0x8000bd72 (0xbfe5)
core   0: 0x8000bd6a (0x00001f17) auipc   t5, 0x1
core   0: 3 0x8000bd6a (0x00001f17) x30 0x8000cd6a
core   0: 0x8000bd6e (0x283f2b23) sw      gp, 662(t5)
core   0: 3 0x8000bd6e (0x283f2b23) mem 0x8000d000 0x00000001
core   0: 0x8000bd72 (0x0000bfe5) c.j     pc - 8
core   0: 3 0x8000bd72 (0xbfe5)
core   0: 0x8000bd6a (0x00001f17) auipc   t5, 0x1
core   0: 3 0x8000bd6a (0x00001f17) x30 0x8000cd6a
core   0: 0x8000bd6e (0x283f2b23) sw      gp, 662(t5)
core   0: 3 0x8000bd6e (0x283f2b23) mem 0x8000d000 0x00000001
core   0: 0x8000bd72 (0x0000bfe5) c.j     pc - 8
core   0: 3 0x8000bd72 (0xbfe5)
core   0: 0x8000bd6a (0x00001f17) auipc   t5, 0x1
core   0: 3 0x8000bd6a (0x00001f17) x30 0x8000cd6a
core   0: 0x8000bd6e (0x283f2b23) sw      gp, 662(t5)
core   0: 3 0x8000bd6e (0x283f2b23) mem 0x8000d000 0x00000001
core   0: 0x8000bd72 (0x0000bfe5) c.j     pc - 8
core   0: 3 0x8000bd72 (0xbfe5)
core   0: 0x8000bd6a (0x00001f17) auipc   t5, 0x1
core   0: 3 0x8000bd6a (0x00001f17) x30 0x8000cd6a
core   0: 0x8000bd6e (0x283f2b23) sw      gp, 662(t5)
core   0: 3 0x8000bd6e (0x283f2b23) mem 0x8000d000 0x00000001
core   0: 0x8000bd72 (0x0000bfe5) c.j     pc - 8
core   0: 3 0x8000bd72 (0xbfe5)
core   0: 0x8000bd6a (0x00001f17) auipc   t5, 0x1
core   0: 3 0x8000bd6a (0x00001f17) x30 0x8000cd6a
core   0: 0x8000bd6e (0x283f2b23) sw      gp, 662(t5)
core   0: 3 0x8000bd6e (0x283f2b23) mem 0x8000d000 0x00000001
core   0: 0x8000bd72 (0x0000bfe5) c.j     pc - 8
core   0: 3 0x8000bd72 (0xbfe5)
core   0: 0x8000bd6a (0x00001f17) auipc   t5, 0x1
core   0: 3 0x8000bd6a (0x00001f17) x30 0x8000cd6a
core   0: 0x8000bd6e (0x283f2b23) sw      gp, 662(t5)
core   0: 3 0x8000bd6e (0x283f2b23) mem 0x8000d000 0x00000001
core   0: 0x8000bd72 (0x0000bfe5) c.j     pc - 8
core   0: 3 0x8000bd72 (0xbfe5)
core   0: 0x8000bd6a (0x00001f17) auipc   t5, 0x1
core   0: 3 0x8000bd6a (0x00001f17) x30 0x8000cd6a
core   0: 0x8000bd6e (0x283f2b23) sw      gp, 662(t5)
core   0: 3 0x8000bd6e (0x283f2b23) mem 0x8000d000 0x00000001
core   0: 0x8000bd72 (0x0000bfe5) c.j     pc - 8
core   0: 3 0x8000bd72 (0xbfe5)
core   0: 0x8000bd6a (0x00001f17) auipc   t5, 0x1
core   0: 3 0x8000bd6a (0x00001f17) x30 0x8000cd6a
core   0: 0x8000bd6e (0x283f2b23) sw      gp, 662(t5)
core   0: 3 0x8000bd6e (0x283f2b23) mem 0x8000d000 0x00000001
core   0: 0x8000bd72 (0x0000bfe5) c.j     pc - 8
core   0: 3 0x8000bd72 (0xbfe5)
core   0: 0x8000bd6a (0x00001f17) auipc   t5, 0x1
core   0: 3 0x8000bd6a (0x00001f17) x30 0x8000cd6a
core   0: 0x8000bd6e (0x283f2b23) sw      gp, 662(t5)
core   0: 3 0x8000bd6e (0x283f2b23) mem 0x8000d000 0x00000001
core   0: 0x8000bd72 (0x0000bfe5) c.j     pc - 8
core   0: 3 0x8000bd72 (0xbfe5)
core   0: 0x8000bd6a (0x00001f17) auipc   t5, 0x1
core   0: 3 0x8000bd6a (0x00001f17) x30 0x8000cd6a
core   0: 0x8000bd6e (0x283f2b23) sw      gp, 662(t5)
core   0: 3 0x8000bd6e (0x283f2b23) mem 0x8000d000 0x00000001
core   0: 0x8000bd72 (0x0000bfe5) c.j     pc - 8
core   0: 3 0x8000bd72 (0xbfe5)
core   0: 0x8000bd6a (0x00001f17) auipc   t5, 0x1
core   0: 3 0x8000bd6a (0x00001f17) x30 0x8000cd6a
core   0: 0x8000bd6e (0x283f2b23) sw      gp, 662(t5)
core   0: 3 0x8000bd6e (0x283f2b23) mem 0x8000d000 0x00000001
core   0: 0x8000bd72 (0x0000bfe5) c.j     pc - 8
core   0: 3 0x8000bd72 (0xbfe5)
core   0: 0x8000bd6a (0x00001f17) auipc   t5, 0x1
core   0: 3 0x8000bd6a (0x00001f17) x30 0x8000cd6a
core   0: 0x8000bd6e (0x283f2b23) sw      gp, 662(t5)
core   0: 3 0x8000bd6e (0x283f2b23) mem 0x8000d000 0x00000001
core   0: 0x8000bd72 (0x0000bfe5) c.j     pc - 8
core   0: 3 0x8000bd72 (0xbfe5)
core   0: 0x8000bd6a (0x00001f17) auipc   t5, 0x1
core   0: 3 0x8000bd6a (0x00001f17) x30 0x8000cd6a
core   0: 0x8000bd6e (0x283f2b23) sw      gp, 662(t5)
core   0: 3 0x8000bd6e (0x283f2b23) mem 0x8000d000 0x00000001
core   0: 0x8000bd72 (0x0000bfe5) c.j     pc - 8
core   0: 3 0x8000bd72 (0xbfe5)
core   0: 0x8000bd6a (0x00001f17) auipc   t5, 0x1
core   0: 3 0x8000bd6a (0x00001f17) x30 0x8000cd6a
core   0: 0x8000bd6e (0x283f2b23) sw      gp, 662(t5)
core   0: 3 0x8000bd6e (0x283f2b23) mem 0x8000d000 0x00000001
core   0: 0x8000bd72 (0x0000bfe5) c.j     pc - 8
core   0: 3 0x8000bd72 (0xbfe5)
core   0: 0x8000bd6a (0x00001f17) auipc   t5, 0x1
core   0: 3 0x8000bd6a (0x00001f17) x30 0x8000cd6a
core   0: 0x8000bd6e (0x283f2b23) sw      gp, 662(t5)
core   0: 3 0x8000bd6e (0x283f2b23) mem 0x8000d000 0x00000001
core   0: 0x8000bd72 (0x0000bfe5) c.j     pc - 8
core   0: 3 0x8000bd72 (0xbfe5)
core   0: 0x8000bd6a (0x00001f17) auipc   t5, 0x1
core   0: 3 0x8000bd6a (0x00001f17) x30 0x8000cd6a
core   0: 0x8000bd6e (0x283f2b23) sw      gp, 662(t5)
core   0: 3 0x8000bd6e (0x283f2b23) mem 0x8000d000 0x00000001
core   0: 0x8000bd72 (0x0000bfe5) c.j     pc - 8
core   0: 3 0x8000bd72 (0xbfe5)
core   0: 0x8000bd6a (0x00001f17) auipc   t5, 0x1
core   0: 3 0x8000bd6a (0x00001f17) x30 0x8000cd6a
core   0: 0x8000bd6e (0x283f2b23) sw      gp, 662(t5)
core   0: 3 0x8000bd6e (0x283f2b23) mem 0x8000d000 0x00000001
core   0: 0x8000bd72 (0x0000bfe5) c.j     pc - 8
core   0: 3 0x8000bd72 (0xbfe5)
core   0: 0x8000bd6a (0x00001f17) auipc   t5, 0x1
core   0: 3 0x8000bd6a (0x00001f17) x30 0x8000cd6a
core   0: 0x8000bd6e (0x283f2b23) sw      gp, 662(t5)
core   0: 3 0x8000bd6e (0x283f2b23) mem 0x8000d000 0x00000001
core   0: 0x8000bd72 (0x0000bfe5) c.j     pc - 8
core   0: 3 0x8000bd72 (0xbfe5)
core   0: 0x8000bd6a (0x00001f17) auipc   t5, 0x1
core   0: 3 0x8000bd6a (0x00001f17) x30 0x8000cd6a
core   0: 0x8000bd6e (0x283f2b23) sw      gp, 662(t5)
core   0: 3 0x8000bd6e (0x283f2b23) mem 0x8000d000 0x00000001
core   0: 0x8000bd72 (0x0000bfe5) c.j     pc - 8
core   0: 3 0x8000bd72 (0xbfe5)
core   0: 0x8000bd6a (0x00001f17) auipc   t5, 0x1
core   0: 3 0x8000bd6a (0x00001f17) x30 0x8000cd6a
core   0: 0x8000bd6e (0x283f2b23) sw      gp, 662(t5)
core   0: 3 0x8000bd6e (0x283f2b23) mem 0x8000d000 0x00000001
core   0: 0x8000bd72 (0x0000bfe5) c.j     pc - 8
core   0: 3 0x8000bd72 (0xbfe5)
core   0: 0x8000bd6a (0x00001f17) auipc   t5, 0x1
core   0: 3 0x8000bd6a (0x00001f17) x30 0x8000cd6a
core   0: 0x8000bd6e (0x283f2b23) sw      gp, 662(t5)
core   0: 3 0x8000bd6e (0x283f2b23) mem 0x8000d000 0x00000001
core   0: 0x8000bd72 (0x0000bfe5) c.j     pc - 8
core   0: 3 0x8000bd72 (0xbfe5)
core   0: 0x8000bd6a (0x00001f17) auipc   t5, 0x1
core   0: 3 0x8000bd6a (0x00001f17) x30 0x8000cd6a
core   0: 0x8000bd6e (0x283f2b23) sw      gp, 662(t5)
core   0: 3 0x8000bd6e (0x283f2b23) mem 0x8000d000 0x00000001
core   0: 0x8000bd72 (0x0000bfe5) c.j     pc - 8
core   0: 3 0x8000bd72 (0xbfe5)
core   0: 0x8000bd6a (0x00001f17) auipc   t5, 0x1
core   0: 3 0x8000bd6a (0x00001f17) x30 0x8000cd6a
core   0: 0x8000bd6e (0x283f2b23) sw      gp, 662(t5)
core   0: 3 0x8000bd6e (0x283f2b23) mem 0x8000d000 0x00000001
core   0: 0x8000bd72 (0x0000bfe5) c.j     pc - 8
core   0: 3 0x8000bd72 (0xbfe5)
core   0: 0x8000bd6a (0x00001f17) auipc   t5, 0x1
core   0: 3 0x8000bd6a (0x00001f17) x30 0x8000cd6a
core   0: 0x8000bd6e (0x283f2b23) sw      gp, 662(t5)
core   0: 3 0x8000bd6e (0x283f2b23) mem 0x8000d000 0x00000001
core   0: 0x8000bd72 (0x0000bfe5) c.j     pc - 8
core   0: 3 0x8000bd72 (0xbfe5)
core   0: 0x8000bd6a (0x00001f17) auipc   t5, 0x1
core   0: 3 0x8000bd6a (0x00001f17) x30 0x8000cd6a
core   0: 0x8000bd6e (0x283f2b23) sw      gp, 662(t5)
core   0: 3 0x8000bd6e (0x283f2b23) mem 0x8000d000 0x00000001
core   0: 0x8000bd72 (0x0000bfe5) c.j     pc - 8
core   0: 3 0x8000bd72 (0xbfe5)
core   0: 0x8000bd6a (0x00001f17) auipc   t5, 0x1
core   0: 3 0x8000bd6a (0x00001f17) x30 0x8000cd6a
core   0: 0x8000bd6e (0x283f2b23) sw      gp, 662(t5)
core   0: 3 0x8000bd6e (0x283f2b23) mem 0x8000d000 0x00000001
core   0: 0x8000bd72 (0x0000bfe5) c.j     pc - 8
core   0: 3 0x8000bd72 (0xbfe5)
core   0: 0x8000bd6a (0x00001f17) auipc   t5, 0x1
core   0: 3 0x8000bd6a (0x00001f17) x30 0x8000cd6a
core   0: 0x8000bd6e (0x283f2b23) sw      gp, 662(t5)
core   0: 3 0x8000bd6e (0x283f2b23) mem 0x8000d000 0x00000001
core   0: 0x8000bd72 (0x0000bfe5) c.j     pc - 8
core   0: 3 0x8000bd72 (0xbfe5)
core   0: 0x8000bd6a (0x00001f17) auipc   t5, 0x1
core   0: 3 0x8000bd6a (0x00001f17) x30 0x8000cd6a
core   0: 0x8000bd6e (0x283f2b23) sw      gp, 662(t5)
core   0: 3 0x8000bd6e (0x283f2b23) mem 0x8000d000 0x00000001
core   0: 0x8000bd72 (0x0000bfe5) c.j     pc - 8
core   0: 3 0x8000bd72 (0xbfe5)
core   0: 0x8000bd6a (0x00001f17) auipc   t5, 0x1
core   0: 3 0x8000bd6a (0x00001f17) x30 0x8000cd6a
core   0: 0x8000bd6e (0x283f2b23) sw      gp, 662(t5)
core   0: 3 0x8000bd6e (0x283f2b23) mem 0x8000d000 0x00000001
core   0: 0x8000bd72 (0x0000bfe5) c.j     pc - 8
core   0: 3 0x8000bd72 (0xbfe5)
core   0: 0x8000bd6a (0x00001f17) auipc   t5, 0x1
core   0: 3 0x8000bd6a (0x00001f17) x30 0x8000cd6a
core   0: 0x8000bd6e (0x283f2b23) sw      gp, 662(t5)
core   0: 3 0x8000bd6e (0x283f2b23) mem 0x8000d000 0x00000001
core   0: 0x8000bd72 (0x0000bfe5) c.j     pc - 8
core   0: 3 0x8000bd72 (0xbfe5)
core   0: 0x8000bd6a (0x00001f17) auipc   t5, 0x1
core   0: 3 0x8000bd6a (0x00001f17) x30 0x8000cd6a
core   0: 0x8000bd6e (0x283f2b23) sw      gp, 662(t5)
core   0: 3 0x8000bd6e (0x283f2b23) mem 0x8000d000 0x00000001
core   0: 0x8000bd72 (0x0000bfe5) c.j     pc - 8
core   0: 3 0x8000bd72 (0xbfe5)
core   0: 0x8000bd6a (0x00001f17) auipc   t5, 0x1
core   0: 3 0x8000bd6a (0x00001f17) x30 0x8000cd6a
core   0: 0x8000bd6e (0x283f2b23) sw      gp, 662(t5)
core   0: 3 0x8000bd6e (0x283f2b23) mem 0x8000d000 0x00000001
core   0: 0x8000bd72 (0x0000bfe5) c.j     pc - 8
core   0: 3 0x8000bd72 (0xbfe5)
core   0: 0x8000bd6a (0x00001f17) auipc   t5, 0x1
core   0: 3 0x8000bd6a (0x00001f17) x30 0x8000cd6a
core   0: 0x8000bd6e (0x283f2b23) sw      gp, 662(t5)
core   0: 3 0x8000bd6e (0x283f2b23) mem 0x8000d000 0x00000001
core   0: 0x8000bd72 (0x0000bfe5) c.j     pc - 8
core   0: 3 0x8000bd72 (0xbfe5)
core   0: 0x8000bd6a (0x00001f17) auipc   t5, 0x1
core   0: 3 0x8000bd6a (0x00001f17) x30 0x8000cd6a
core   0: 0x8000bd6e (0x283f2b23) sw      gp, 662(t5)
core   0: 3 0x8000bd6e (0x283f2b23) mem 0x8000d000 0x00000001
core   0: 0x8000bd72 (0x0000bfe5) c.j     pc - 8
core   0: 3 0x8000bd72 (0xbfe5)
core   0: 0x8000bd6a (0x00001f17) auipc   t5, 0x1
core   0: 3 0x8000bd6a (0x00001f17) x30 0x8000cd6a
core   0: 0x8000bd6e (0x283f2b23) sw      gp, 662(t5)
core   0: 3 0x8000bd6e (0x283f2b23) mem 0x8000d000 0x00000001
core   0: 0x8000bd72 (0x0000bfe5) c.j     pc - 8
core   0: 3 0x8000bd72 (0xbfe5)
core   0: 0x8000bd6a (0x00001f17) auipc   t5, 0x1
core   0: 3 0x8000bd6a (0x00001f17) x30 0x8000cd6a
core   0: 0x8000bd6e (0x283f2b23) sw      gp, 662(t5)
core   0: 3 0x8000bd6e (0x283f2b23) mem 0x8000d000 0x00000001
core   0: 0x8000bd72 (0x0000bfe5) c.j     pc - 8
core   0: 3 0x8000bd72 (0xbfe5)
core   0: 0x8000bd6a (0x00001f17) auipc   t5, 0x1
core   0: 3 0x8000bd6a (0x00001f17) x30 0x8000cd6a
core   0: 0x8000bd6e (0x283f2b23) sw      gp, 662(t5)
core   0: 3 0x8000bd6e (0x283f2b23) mem 0x8000d000 0x00000001
core   0: 0x8000bd72 (0x0000bfe5) c.j     pc - 8
core   0: 3 0x8000bd72 (0xbfe5)
core   0: 0x8000bd6a (0x00001f17) auipc   t5, 0x1
core   0: 3 0x8000bd6a (0x00001f17) x30 0x8000cd6a
core   0: 0x8000bd6e (0x283f2b23) sw      gp, 662(t5)
core   0: 3 0x8000bd6e (0x283f2b23) mem 0x8000d000 0x00000001
core   0: 0x8000bd72 (0x0000bfe5) c.j     pc - 8
core   0: 3 0x8000bd72 (0xbfe5)
core   0: 0x8000bd6a (0x00001f17) auipc   t5, 0x1
core   0: 3 0x8000bd6a (0x00001f17) x30 0x8000cd6a
core   0: 0x8000bd6e (0x283f2b23) sw      gp, 662(t5)
core   0: 3 0x8000bd6e (0x283f2b23) mem 0x8000d000 0x00000001
core   0: 0x8000bd72 (0x0000bfe5) c.j     pc - 8
core   0: 3 0x8000bd72 (0xbfe5)
core   0: 0x8000bd6a (0x00001f17) auipc   t5, 0x1
core   0: 3 0x8000bd6a (0x00001f17) x30 0x8000cd6a
core   0: 0x8000bd6e (0x283f2b23) sw      gp, 662(t5)
core   0: 3 0x8000bd6e (0x283f2b23) mem 0x8000d000 0x00000001
core   0: 0x8000bd72 (0x0000bfe5) c.j     pc - 8
core   0: 3 0x8000bd72 (0xbfe5)
core   0: 0x8000bd6a (0x00001f17) auipc   t5, 0x1
core   0: 3 0x8000bd6a (0x00001f17) x30 0x8000cd6a
core   0: 0x8000bd6e (0x283f2b23) sw      gp, 662(t5)
core   0: 3 0x8000bd6e (0x283f2b23) mem 0x8000d000 0x00000001
core   0: 0x8000bd72 (0x0000bfe5) c.j     pc - 8
core   0: 3 0x8000bd72 (0xbfe5)
core   0: 0x8000bd6a (0x00001f17) auipc   t5, 0x1
core   0: 3 0x8000bd6a (0x00001f17) x30 0x8000cd6a
core   0: 0x8000bd6e (0x283f2b23) sw      gp, 662(t5)
core   0: 3 0x8000bd6e (0x283f2b23) mem 0x8000d000 0x00000001
core   0: 0x8000bd72 (0x0000bfe5) c.j     pc - 8
core   0: 3 0x8000bd72 (0xbfe5)
core   0: 0x8000bd6a (0x00001f17) auipc   t5, 0x1
core   0: 3 0x8000bd6a (0x00001f17) x30 0x8000cd6a
core   0: 0x8000bd6e (0x283f2b23) sw      gp, 662(t5)
core   0: 3 0x8000bd6e (0x283f2b23) mem 0x8000d000 0x00000001
core   0: 0x8000bd72 (0x0000bfe5) c.j     pc - 8
core   0: 3 0x8000bd72 (0xbfe5)
core   0: 0x8000bd6a (0x00001f17) auipc   t5, 0x1
core   0: 3 0x8000bd6a (0x00001f17) x30 0x8000cd6a
core   0: 0x8000bd6e (0x283f2b23) sw      gp, 662(t5)
core   0: 3 0x8000bd6e (0x283f2b23) mem 0x8000d000 0x00000001
core   0: 0x8000bd72 (0x0000bfe5) c.j     pc - 8
core   0: 3 0x8000bd72 (0xbfe5)
core   0: 0x8000bd6a (0x00001f17) auipc   t5, 0x1
core   0: 3 0x8000bd6a (0x00001f17) x30 0x8000cd6a
core   0: 0x8000bd6e (0x283f2b23) sw      gp, 662(t5)
core   0: 3 0x8000bd6e (0x283f2b23) mem 0x8000d000 0x00000001
core   0: 0x8000bd72 (0x0000bfe5) c.j     pc - 8
core   0: 3 0x8000bd72 (0xbfe5)
core   0: 0x8000bd6a (0x00001f17) auipc   t5, 0x1
core   0: 3 0x8000bd6a (0x00001f17) x30 0x8000cd6a
core   0: 0x8000bd6e (0x283f2b23) sw      gp, 662(t5)
core   0: 3 0x8000bd6e (0x283f2b23) mem 0x8000d000 0x00000001
core   0: 0x8000bd72 (0x0000bfe5) c.j     pc - 8
core   0: 3 0x8000bd72 (0xbfe5)
core   0: 0x8000bd6a (0x00001f17) auipc   t5, 0x1
core   0: 3 0x8000bd6a (0x00001f17) x30 0x8000cd6a
core   0: 0x8000bd6e (0x283f2b23) sw      gp, 662(t5)
core   0: 3 0x8000bd6e (0x283f2b23) mem 0x8000d000 0x00000001
core   0: 0x8000bd72 (0x0000bfe5) c.j     pc - 8
core   0: 3 0x8000bd72 (0xbfe5)
core   0: 0x8000bd6a (0x00001f17) auipc   t5, 0x1
core   0: 3 0x8000bd6a (0x00001f17) x30 0x8000cd6a
core   0: 0x8000bd6e (0x283f2b23) sw      gp, 662(t5)
core   0: 3 0x8000bd6e (0x283f2b23) mem 0x8000d000 0x00000001
core   0: 0x8000bd72 (0x0000bfe5) c.j     pc - 8
core   0: 3 0x8000bd72 (0xbfe5)
core   0: 0x8000bd6a (0x00001f17) auipc   t5, 0x1
core   0: 3 0x8000bd6a (0x00001f17) x30 0x8000cd6a
core   0: 0x8000bd6e (0x283f2b23) sw      gp, 662(t5)
core   0: 3 0x8000bd6e (0x283f2b23) mem 0x8000d000 0x00000001
core   0: 0x8000bd72 (0x0000bfe5) c.j     pc - 8
core   0: 3 0x8000bd72 (0xbfe5)
core   0: 0x8000bd6a (0x00001f17) auipc   t5, 0x1
core   0: 3 0x8000bd6a (0x00001f17) x30 0x8000cd6a
core   0: 0x8000bd6e (0x283f2b23) sw      gp, 662(t5)
core   0: 3 0x8000bd6e (0x283f2b23) mem 0x8000d000 0x00000001
core   0: 0x8000bd72 (0x0000bfe5) c.j     pc - 8
core   0: 3 0x8000bd72 (0xbfe5)
core   0: 0x8000bd6a (0x00001f17) auipc   t5, 0x1
core   0: 3 0x8000bd6a (0x00001f17) x30 0x8000cd6a
core   0: 0x8000bd6e (0x283f2b23) sw      gp, 662(t5)
core   0: 3 0x8000bd6e (0x283f2b23) mem 0x8000d000 0x00000001
core   0: 0x8000bd72 (0x0000bfe5) c.j     pc - 8
core   0: 3 0x8000bd72 (0xbfe5)
core   0: 0x8000bd6a (0x00001f17) auipc   t5, 0x1
core   0: 3 0x8000bd6a (0x00001f17) x30 0x8000cd6a
core   0: 0x8000bd6e (0x283f2b23) sw      gp, 662(t5)
core   0: 3 0x8000bd6e (0x283f2b23) mem 0x8000d000 0x00000001
core   0: 0x8000bd72 (0x0000bfe5) c.j     pc - 8
core   0: 3 0x8000bd72 (0xbfe5)
core   0: 0x8000bd6a (0x00001f17) auipc   t5, 0x1
core   0: 3 0x8000bd6a (0x00001f17) x30 0x8000cd6a
core   0: 0x8000bd6e (0x283f2b23) sw      gp, 662(t5)
core   0: 3 0x8000bd6e (0x283f2b23) mem 0x8000d000 0x00000001
core   0: 0x8000bd72 (0x0000bfe5) c.j     pc - 8
core   0: 3 0x8000bd72 (0xbfe5)
core   0: 0x8000bd6a (0x00001f17) auipc   t5, 0x1
core   0: 3 0x8000bd6a (0x00001f17) x30 0x8000cd6a
core   0: 0x8000bd6e (0x283f2b23) sw      gp, 662(t5)
core   0: 3 0x8000bd6e (0x283f2b23) mem 0x8000d000 0x00000001
core   0: 0x8000bd72 (0x0000bfe5) c.j     pc - 8
core   0: 3 0x8000bd72 (0xbfe5)
core   0: 0x8000bd6a (0x00001f17) auipc   t5, 0x1
core   0: 3 0x8000bd6a (0x00001f17) x30 0x8000cd6a
core   0: 0x8000bd6e (0x283f2b23) sw      gp, 662(t5)
core   0: 3 0x8000bd6e (0x283f2b23) mem 0x8000d000 0x00000001
core   0: 0x8000bd72 (0x0000bfe5) c.j     pc - 8
core   0: 3 0x8000bd72 (0xbfe5)
core   0: 0x8000bd6a (0x00001f17) auipc   t5, 0x1
core   0: 3 0x8000bd6a (0x00001f17) x30 0x8000cd6a
core   0: 0x8000bd6e (0x283f2b23) sw      gp, 662(t5)
core   0: 3 0x8000bd6e (0x283f2b23) mem 0x8000d000 0x00000001
core   0: 0x8000bd72 (0x0000bfe5) c.j     pc - 8
core   0: 3 0x8000bd72 (0xbfe5)
core   0: 0x8000bd6a (0x00001f17) auipc   t5, 0x1
core   0: 3 0x8000bd6a (0x00001f17) x30 0x8000cd6a
core   0: 0x8000bd6e (0x283f2b23) sw      gp, 662(t5)
core   0: 3 0x8000bd6e (0x283f2b23) mem 0x8000d000 0x00000001
core   0: 0x8000bd72 (0x0000bfe5) c.j     pc - 8
core   0: 3 0x8000bd72 (0xbfe5)
core   0: 0x8000bd6a (0x00001f17) auipc   t5, 0x1
core   0: 3 0x8000bd6a (0x00001f17) x30 0x8000cd6a
core   0: 0x8000bd6e (0x283f2b23) sw      gp, 662(t5)
core   0: 3 0x8000bd6e (0x283f2b23) mem 0x8000d000 0x00000001
core   0: 0x8000bd72 (0x0000bfe5) c.j     pc - 8
core   0: 3 0x8000bd72 (0xbfe5)
core   0: 0x8000bd6a (0x00001f17) auipc   t5, 0x1
core   0: 3 0x8000bd6a (0x00001f17) x30 0x8000cd6a
core   0: 0x8000bd6e (0x283f2b23) sw      gp, 662(t5)
core   0: 3 0x8000bd6e (0x283f2b23) mem 0x8000d000 0x00000001
core   0: 0x8000bd72 (0x0000bfe5) c.j     pc - 8
core   0: 3 0x8000bd72 (0xbfe5)
core   0: 0x8000bd6a (0x00001f17) auipc   t5, 0x1
core   0: 3 0x8000bd6a (0x00001f17) x30 0x8000cd6a
core   0: 0x8000bd6e (0x283f2b23) sw      gp, 662(t5)
core   0: 3 0x8000bd6e (0x283f2b23) mem 0x8000d000 0x00000001
core   0: 0x8000bd72 (0x0000bfe5) c.j     pc - 8
core   0: 3 0x8000bd72 (0xbfe5)
core   0: 0x8000bd6a (0x00001f17) auipc   t5, 0x1
core   0: 3 0x8000bd6a (0x00001f17) x30 0x8000cd6a
core   0: 0x8000bd6e (0x283f2b23) sw      gp, 662(t5)
core   0: 3 0x8000bd6e (0x283f2b23) mem 0x8000d000 0x00000001
core   0: 0x8000bd72 (0x0000bfe5) c.j     pc - 8
core   0: 3 0x8000bd72 (0xbfe5)
core   0: 0x8000bd6a (0x00001f17) auipc   t5, 0x1
core   0: 3 0x8000bd6a (0x00001f17) x30 0x8000cd6a
core   0: 0x8000bd6e (0x283f2b23) sw      gp, 662(t5)
core   0: 3 0x8000bd6e (0x283f2b23) mem 0x8000d000 0x00000001
core   0: 0x8000bd72 (0x0000bfe5) c.j     pc - 8
core   0: 3 0x8000bd72 (0xbfe5)
core   0: 0x8000bd6a (0x00001f17) auipc   t5, 0x1
core   0: 3 0x8000bd6a (0x00001f17) x30 0x8000cd6a
core   0: 0x8000bd6e (0x283f2b23) sw      gp, 662(t5)
core   0: 3 0x8000bd6e (0x283f2b23) mem 0x8000d000 0x00000001
core   0: 0x8000bd72 (0x0000bfe5) c.j     pc - 8
core   0: 3 0x8000bd72 (0xbfe5)
core   0: 0x8000bd6a (0x00001f17) auipc   t5, 0x1
core   0: 3 0x8000bd6a (0x00001f17) x30 0x8000cd6a
core   0: 0x8000bd6e (0x283f2b23) sw      gp, 662(t5)
core   0: 3 0x8000bd6e (0x283f2b23) mem 0x8000d000 0x00000001
core   0: 0x8000bd72 (0x0000bfe5) c.j     pc - 8
core   0: 3 0x8000bd72 (0xbfe5)
core   0: 0x8000bd6a (0x00001f17) auipc   t5, 0x1
core   0: 3 0x8000bd6a (0x00001f17) x30 0x8000cd6a
core   0: 0x8000bd6e (0x283f2b23) sw      gp, 662(t5)
core   0: 3 0x8000bd6e (0x283f2b23) mem 0x8000d000 0x00000001
core   0: 0x8000bd72 (0x0000bfe5) c.j     pc - 8
core   0: 3 0x8000bd72 (0xbfe5)
core   0: 0x8000bd6a (0x00001f17) auipc   t5, 0x1
core   0: 3 0x8000bd6a (0x00001f17) x30 0x8000cd6a
core   0: 0x8000bd6e (0x283f2b23) sw      gp, 662(t5)
core   0: 3 0x8000bd6e (0x283f2b23) mem 0x8000d000 0x00000001
core   0: 0x8000bd72 (0x0000bfe5) c.j     pc - 8
core   0: 3 0x8000bd72 (0xbfe5)
core   0: 0x8000bd6a (0x00001f17) auipc   t5, 0x1
core   0: 3 0x8000bd6a (0x00001f17) x30 0x8000cd6a
core   0: 0x8000bd6e (0x283f2b23) sw      gp, 662(t5)
core   0: 3 0x8000bd6e (0x283f2b23) mem 0x8000d000 0x00000001
core   0: 0x8000bd72 (0x0000bfe5) c.j     pc - 8
core   0: 3 0x8000bd72 (0xbfe5)
core   0: 0x8000bd6a (0x00001f17) auipc   t5, 0x1
core   0: 3 0x8000bd6a (0x00001f17) x30 0x8000cd6a
core   0: 0x8000bd6e (0x283f2b23) sw      gp, 662(t5)
core   0: 3 0x8000bd6e (0x283f2b23) mem 0x8000d000 0x00000001
core   0: 0x8000bd72 (0x0000bfe5) c.j     pc - 8
core   0: 3 0x8000bd72 (0xbfe5)
core   0: 0x8000bd6a (0x00001f17) auipc   t5, 0x1
core   0: 3 0x8000bd6a (0x00001f17) x30 0x8000cd6a
core   0: 0x8000bd6e (0x283f2b23) sw      gp, 662(t5)
core   0: 3 0x8000bd6e (0x283f2b23) mem 0x8000d000 0x00000001
core   0: 0x8000bd72 (0x0000bfe5) c.j     pc - 8
core   0: 3 0x8000bd72 (0xbfe5)
core   0: 0x8000bd6a (0x00001f17) auipc   t5, 0x1
core   0: 3 0x8000bd6a (0x00001f17) x30 0x8000cd6a
core   0: 0x8000bd6e (0x283f2b23) sw      gp, 662(t5)
core   0: 3 0x8000bd6e (0x283f2b23) mem 0x8000d000 0x00000001
core   0: 0x8000bd72 (0x0000bfe5) c.j     pc - 8
core   0: 3 0x8000bd72 (0xbfe5)
core   0: 0x8000bd6a (0x00001f17) auipc   t5, 0x1
core   0: 3 0x8000bd6a (0x00001f17) x30 0x8000cd6a
core   0: 0x8000bd6e (0x283f2b23) sw      gp, 662(t5)
core   0: 3 0x8000bd6e (0x283f2b23) mem 0x8000d000 0x00000001
core   0: 0x8000bd72 (0x0000bfe5) c.j     pc - 8
core   0: 3 0x8000bd72 (0xbfe5)
core   0: 0x8000bd6a (0x00001f17) auipc   t5, 0x1
core   0: 3 0x8000bd6a (0x00001f17) x30 0x8000cd6a
core   0: 0x8000bd6e (0x283f2b23) sw      gp, 662(t5)
core   0: 3 0x8000bd6e (0x283f2b23) mem 0x8000d000 0x00000001
core   0: 0x8000bd72 (0x0000bfe5) c.j     pc - 8
core   0: 3 0x8000bd72 (0xbfe5)
core   0: 0x8000bd6a (0x00001f17) auipc   t5, 0x1
core   0: 3 0x8000bd6a (0x00001f17) x30 0x8000cd6a
core   0: 0x8000bd6e (0x283f2b23) sw      gp, 662(t5)
core   0: 3 0x8000bd6e (0x283f2b23) mem 0x8000d000 0x00000001
core   0: 0x8000bd72 (0x0000bfe5) c.j     pc - 8
core   0: 3 0x8000bd72 (0xbfe5)
core   0: 0x8000bd6a (0x00001f17) auipc   t5, 0x1
core   0: 3 0x8000bd6a (0x00001f17) x30 0x8000cd6a
core   0: 0x8000bd6e (0x283f2b23) sw      gp, 662(t5)
core   0: 3 0x8000bd6e (0x283f2b23) mem 0x8000d000 0x00000001
core   0: 0x8000bd72 (0x0000bfe5) c.j     pc - 8
core   0: 3 0x8000bd72 (0xbfe5)
core   0: 0x8000bd6a (0x00001f17) auipc   t5, 0x1
core   0: 3 0x8000bd6a (0x00001f17) x30 0x8000cd6a
core   0: 0x8000bd6e (0x283f2b23) sw      gp, 662(t5)
core   0: 3 0x8000bd6e (0x283f2b23) mem 0x8000d000 0x00000001
core   0: 0x8000bd72 (0x0000bfe5) c.j     pc - 8
core   0: 3 0x8000bd72 (0xbfe5)
core   0: 0x8000bd6a (0x00001f17) auipc   t5, 0x1
core   0: 3 0x8000bd6a (0x00001f17) x30 0x8000cd6a
core   0: 0x8000bd6e (0x283f2b23) sw      gp, 662(t5)
core   0: 3 0x8000bd6e (0x283f2b23) mem 0x8000d000 0x00000001
core   0: 0x8000bd72 (0x0000bfe5) c.j     pc - 8
core   0: 3 0x8000bd72 (0xbfe5)
core   0: 0x8000bd6a (0x00001f17) auipc   t5, 0x1
core   0: 3 0x8000bd6a (0x00001f17) x30 0x8000cd6a
core   0: 0x8000bd6e (0x283f2b23) sw      gp, 662(t5)
core   0: 3 0x8000bd6e (0x283f2b23) mem 0x8000d000 0x00000001
core   0: 0x8000bd72 (0x0000bfe5) c.j     pc - 8
core   0: 3 0x8000bd72 (0xbfe5)
core   0: 0x8000bd6a (0x00001f17) auipc   t5, 0x1
core   0: 3 0x8000bd6a (0x00001f17) x30 0x8000cd6a
core   0: 0x8000bd6e (0x283f2b23) sw      gp, 662(t5)
core   0: 3 0x8000bd6e (0x283f2b23) mem 0x8000d000 0x00000001
core   0: 0x8000bd72 (0x0000bfe5) c.j     pc - 8
core   0: 3 0x8000bd72 (0xbfe5)
core   0: 0x8000bd6a (0x00001f17) auipc   t5, 0x1
core   0: 3 0x8000bd6a (0x00001f17) x30 0x8000cd6a
core   0: 0x8000bd6e (0x283f2b23) sw      gp, 662(t5)
core   0: 3 0x8000bd6e (0x283f2b23) mem 0x8000d000 0x00000001
core   0: 0x8000bd72 (0x0000bfe5) c.j     pc - 8
core   0: 3 0x8000bd72 (0xbfe5)
core   0: 0x8000bd6a (0x00001f17) auipc   t5, 0x1
core   0: 3 0x8000bd6a (0x00001f17) x30 0x8000cd6a
core   0: 0x8000bd6e (0x283f2b23) sw      gp, 662(t5)
core   0: 3 0x8000bd6e (0x283f2b23) mem 0x8000d000 0x00000001
core   0: 0x8000bd72 (0x0000bfe5) c.j     pc - 8
core   0: 3 0x8000bd72 (0xbfe5)
core   0: 0x8000bd6a (0x00001f17) auipc   t5, 0x1
core   0: 3 0x8000bd6a (0x00001f17) x30 0x8000cd6a
core   0: 0x8000bd6e (0x283f2b23) sw      gp, 662(t5)
core   0: 3 0x8000bd6e (0x283f2b23) mem 0x8000d000 0x00000001
core   0: 0x8000bd72 (0x0000bfe5) c.j     pc - 8
core   0: 3 0x8000bd72 (0xbfe5)
core   0: 0x8000bd6a (0x00001f17) auipc   t5, 0x1
core   0: 3 0x8000bd6a (0x00001f17) x30 0x8000cd6a
core   0: 0x8000bd6e (0x283f2b23) sw      gp, 662(t5)
core   0: 3 0x8000bd6e (0x283f2b23) mem 0x8000d000 0x00000001
core   0: 0x8000bd72 (0x0000bfe5) c.j     pc - 8
core   0: 3 0x8000bd72 (0xbfe5)
core   0: 0x8000bd6a (0x00001f17) auipc   t5, 0x1
core   0: 3 0x8000bd6a (0x00001f17) x30 0x8000cd6a
core   0: 0x8000bd6e (0x283f2b23) sw      gp, 662(t5)
core   0: 3 0x8000bd6e (0x283f2b23) mem 0x8000d000 0x00000001
core   0: 0x8000bd72 (0x0000bfe5) c.j     pc - 8
core   0: 3 0x8000bd72 (0xbfe5)
core   0: 0x8000bd6a (0x00001f17) auipc   t5, 0x1
core   0: 3 0x8000bd6a (0x00001f17) x30 0x8000cd6a
core   0: 0x8000bd6e (0x283f2b23) sw      gp, 662(t5)
core   0: 3 0x8000bd6e (0x283f2b23) mem 0x8000d000 0x00000001
core   0: 0x8000bd72 (0x0000bfe5) c.j     pc - 8
core   0: 3 0x8000bd72 (0xbfe5)
core   0: 0x8000bd6a (0x00001f17) auipc   t5, 0x1
core   0: 3 0x8000bd6a (0x00001f17) x30 0x8000cd6a
core   0: 0x8000bd6e (0x283f2b23) sw      gp, 662(t5)
core   0: 3 0x8000bd6e (0x283f2b23) mem 0x8000d000 0x00000001
core   0: 0x8000bd72 (0x0000bfe5) c.j     pc - 8
core   0: 3 0x8000bd72 (0xbfe5)
core   0: 0x8000bd6a (0x00001f17) auipc   t5, 0x1
core   0: 3 0x8000bd6a (0x00001f17) x30 0x8000cd6a
core   0: 0x8000bd6e (0x283f2b23) sw      gp, 662(t5)
core   0: 3 0x8000bd6e (0x283f2b23) mem 0x8000d000 0x00000001
core   0: 0x8000bd72 (0x0000bfe5) c.j     pc - 8
core   0: 3 0x8000bd72 (0xbfe5)
core   0: 0x8000bd6a (0x00001f17) auipc   t5, 0x1
core   0: 3 0x8000bd6a (0x00001f17) x30 0x8000cd6a
core   0: 0x8000bd6e (0x283f2b23) sw      gp, 662(t5)
core   0: 3 0x8000bd6e (0x283f2b23) mem 0x8000d000 0x00000001
core   0: 0x8000bd72 (0x0000bfe5) c.j     pc - 8
core   0: 3 0x8000bd72 (0xbfe5)
core   0: 0x8000bd6a (0x00001f17) auipc   t5, 0x1
core   0: 3 0x8000bd6a (0x00001f17) x30 0x8000cd6a
core   0: 0x8000bd6e (0x283f2b23) sw      gp, 662(t5)
core   0: 3 0x8000bd6e (0x283f2b23) mem 0x8000d000 0x00000001
core   0: 0x8000bd72 (0x0000bfe5) c.j     pc - 8
core   0: 3 0x8000bd72 (0xbfe5)
core   0: 0x8000bd6a (0x00001f17) auipc   t5, 0x1
core   0: 3 0x8000bd6a (0x00001f17) x30 0x8000cd6a
core   0: 0x8000bd6e (0x283f2b23) sw      gp, 662(t5)
core   0: 3 0x8000bd6e (0x283f2b23) mem 0x8000d000 0x00000001
core   0: 0x8000bd72 (0x0000bfe5) c.j     pc - 8
core   0: 3 0x8000bd72 (0xbfe5)
core   0: 0x8000bd6a (0x00001f17) auipc   t5, 0x1
core   0: 3 0x8000bd6a (0x00001f17) x30 0x8000cd6a
core   0: 0x8000bd6e (0x283f2b23) sw      gp, 662(t5)
core   0: 3 0x8000bd6e (0x283f2b23) mem 0x8000d000 0x00000001
core   0: 0x8000bd72 (0x0000bfe5) c.j     pc - 8
core   0: 3 0x8000bd72 (0xbfe5)
core   0: 0x8000bd6a (0x00001f17) auipc   t5, 0x1
core   0: 3 0x8000bd6a (0x00001f17) x30 0x8000cd6a
core   0: 0x8000bd6e (0x283f2b23) sw      gp, 662(t5)
core   0: 3 0x8000bd6e (0x283f2b23) mem 0x8000d000 0x00000001
core   0: 0x8000bd72 (0x0000bfe5) c.j     pc - 8
core   0: 3 0x8000bd72 (0xbfe5)
core   0: 0x8000bd6a (0x00001f17) auipc   t5, 0x1
core   0: 3 0x8000bd6a (0x00001f17) x30 0x8000cd6a
core   0: 0x8000bd6e (0x283f2b23) sw      gp, 662(t5)
core   0: 3 0x8000bd6e (0x283f2b23) mem 0x8000d000 0x00000001
core   0: 0x8000bd72 (0x0000bfe5) c.j     pc - 8
core   0: 3 0x8000bd72 (0xbfe5)
core   0: 0x8000bd6a (0x00001f17) auipc   t5, 0x1
core   0: 3 0x8000bd6a (0x00001f17) x30 0x8000cd6a
core   0: 0x8000bd6e (0x283f2b23) sw      gp, 662(t5)
core   0: 3 0x8000bd6e (0x283f2b23) mem 0x8000d000 0x00000001
core   0: 0x8000bd72 (0x0000bfe5) c.j     pc - 8
core   0: 3 0x8000bd72 (0xbfe5)
core   0: 0x8000bd6a (0x00001f17) auipc   t5, 0x1
core   0: 3 0x8000bd6a (0x00001f17) x30 0x8000cd6a
core   0: 0x8000bd6e (0x283f2b23) sw      gp, 662(t5)
core   0: 3 0x8000bd6e (0x283f2b23) mem 0x8000d000 0x00000001
core   0: 0x8000bd72 (0x0000bfe5) c.j     pc - 8
core   0: 3 0x8000bd72 (0xbfe5)
core   0: 0x8000bd6a (0x00001f17) auipc   t5, 0x1
core   0: 3 0x8000bd6a (0x00001f17) x30 0x8000cd6a
core   0: 0x8000bd6e (0x283f2b23) sw      gp, 662(t5)
core   0: 3 0x8000bd6e (0x283f2b23) mem 0x8000d000 0x00000001
core   0: 0x8000bd72 (0x0000bfe5) c.j     pc - 8
core   0: 3 0x8000bd72 (0xbfe5)
core   0: 0x8000bd6a (0x00001f17) auipc   t5, 0x1
core   0: 3 0x8000bd6a (0x00001f17) x30 0x8000cd6a
core   0: 0x8000bd6e (0x283f2b23) sw      gp, 662(t5)
core   0: 3 0x8000bd6e (0x283f2b23) mem 0x8000d000 0x00000001
core   0: 0x8000bd72 (0x0000bfe5) c.j     pc - 8
core   0: 3 0x8000bd72 (0xbfe5)
core   0: 0x8000bd6a (0x00001f17) auipc   t5, 0x1
core   0: 3 0x8000bd6a (0x00001f17) x30 0x8000cd6a
core   0: 0x8000bd6e (0x283f2b23) sw      gp, 662(t5)
core   0: 3 0x8000bd6e (0x283f2b23) mem 0x8000d000 0x00000001
core   0: 0x8000bd72 (0x0000bfe5) c.j     pc - 8
core   0: 3 0x8000bd72 (0xbfe5)
core   0: 0x8000bd6a (0x00001f17) auipc   t5, 0x1
core   0: 3 0x8000bd6a (0x00001f17) x30 0x8000cd6a
core   0: 0x8000bd6e (0x283f2b23) sw      gp, 662(t5)
core   0: 3 0x8000bd6e (0x283f2b23) mem 0x8000d000 0x00000001
core   0: 0x8000bd72 (0x0000bfe5) c.j     pc - 8
core   0: 3 0x8000bd72 (0xbfe5)
core   0: 0x8000bd6a (0x00001f17) auipc   t5, 0x1
core   0: 3 0x8000bd6a (0x00001f17) x30 0x8000cd6a
core   0: 0x8000bd6e (0x283f2b23) sw      gp, 662(t5)
core   0: 3 0x8000bd6e (0x283f2b23) mem 0x8000d000 0x00000001
core   0: 0x8000bd72 (0x0000bfe5) c.j     pc - 8
core   0: 3 0x8000bd72 (0xbfe5)
core   0: 0x8000bd6a (0x00001f17) auipc   t5, 0x1
core   0: 3 0x8000bd6a (0x00001f17) x30 0x8000cd6a
core   0: 0x8000bd6e (0x283f2b23) sw      gp, 662(t5)
core   0: 3 0x8000bd6e (0x283f2b23) mem 0x8000d000 0x00000001
core   0: 0x8000bd72 (0x0000bfe5) c.j     pc - 8
core   0: 3 0x8000bd72 (0xbfe5)
core   0: 0x8000bd6a (0x00001f17) auipc   t5, 0x1
core   0: 3 0x8000bd6a (0x00001f17) x30 0x8000cd6a
core   0: 0x8000bd6e (0x283f2b23) sw      gp, 662(t5)
core   0: 3 0x8000bd6e (0x283f2b23) mem 0x8000d000 0x00000001
core   0: 0x8000bd72 (0x0000bfe5) c.j     pc - 8
core   0: 3 0x8000bd72 (0xbfe5)
core   0: 0x8000bd6a (0x00001f17) auipc   t5, 0x1
core   0: 3 0x8000bd6a (0x00001f17) x30 0x8000cd6a
core   0: 0x8000bd6e (0x283f2b23) sw      gp, 662(t5)
core   0: 3 0x8000bd6e (0x283f2b23) mem 0x8000d000 0x00000001
core   0: 0x8000bd72 (0x0000bfe5) c.j     pc - 8
core   0: 3 0x8000bd72 (0xbfe5)
core   0: 0x8000bd6a (0x00001f17) auipc   t5, 0x1
core   0: 3 0x8000bd6a (0x00001f17) x30 0x8000cd6a
core   0: 0x8000bd6e (0x283f2b23) sw      gp, 662(t5)
core   0: 3 0x8000bd6e (0x283f2b23) mem 0x8000d000 0x00000001
core   0: 0x8000bd72 (0x0000bfe5) c.j     pc - 8
core   0: 3 0x8000bd72 (0xbfe5)
core   0: 0x8000bd6a (0x00001f17) auipc   t5, 0x1
core   0: 3 0x8000bd6a (0x00001f17) x30 0x8000cd6a
core   0: 0x8000bd6e (0x283f2b23) sw      gp, 662(t5)
core   0: 3 0x8000bd6e (0x283f2b23) mem 0x8000d000 0x00000001
core   0: 0x8000bd72 (0x0000bfe5) c.j     pc - 8
core   0: 3 0x8000bd72 (0xbfe5)
core   0: 0x8000bd6a (0x00001f17) auipc   t5, 0x1
core   0: 3 0x8000bd6a (0x00001f17) x30 0x8000cd6a
core   0: 0x8000bd6e (0x283f2b23) sw      gp, 662(t5)
core   0: 3 0x8000bd6e (0x283f2b23) mem 0x8000d000 0x00000001
core   0: 0x8000bd72 (0x0000bfe5) c.j     pc - 8
core   0: 3 0x8000bd72 (0xbfe5)
core   0: 0x8000bd6a (0x00001f17) auipc   t5, 0x1
core   0: 3 0x8000bd6a (0x00001f17) x30 0x8000cd6a
core   0: 0x8000bd6e (0x283f2b23) sw      gp, 662(t5)
core   0: 3 0x8000bd6e (0x283f2b23) mem 0x8000d000 0x00000001
core   0: 0x8000bd72 (0x0000bfe5) c.j     pc - 8
core   0: 3 0x8000bd72 (0xbfe5)
core   0: 0x8000bd6a (0x00001f17) auipc   t5, 0x1
core   0: 3 0x8000bd6a (0x00001f17) x30 0x8000cd6a
core   0: 0x8000bd6e (0x283f2b23) sw      gp, 662(t5)
core   0: 3 0x8000bd6e (0x283f2b23) mem 0x8000d000 0x00000001
core   0: 0x8000bd72 (0x0000bfe5) c.j     pc - 8
core   0: 3 0x8000bd72 (0xbfe5)
core   0: 0x8000bd6a (0x00001f17) auipc   t5, 0x1
core   0: 3 0x8000bd6a (0x00001f17) x30 0x8000cd6a
core   0: 0x8000bd6e (0x283f2b23) sw      gp, 662(t5)
core   0: 3 0x8000bd6e (0x283f2b23) mem 0x8000d000 0x00000001
core   0: 0x8000bd72 (0x0000bfe5) c.j     pc - 8
core   0: 3 0x8000bd72 (0xbfe5)
core   0: 0x8000bd6a (0x00001f17) auipc   t5, 0x1
core   0: 3 0x8000bd6a (0x00001f17) x30 0x8000cd6a
core   0: 0x8000bd6e (0x283f2b23) sw      gp, 662(t5)
core   0: 3 0x8000bd6e (0x283f2b23) mem 0x8000d000 0x00000001
core   0: 0x8000bd72 (0x0000bfe5) c.j     pc - 8
core   0: 3 0x8000bd72 (0xbfe5)
core   0: 0x8000bd6a (0x00001f17) auipc   t5, 0x1
core   0: 3 0x8000bd6a (0x00001f17) x30 0x8000cd6a
core   0: 0x8000bd6e (0x283f2b23) sw      gp, 662(t5)
core   0: 3 0x8000bd6e (0x283f2b23) mem 0x8000d000 0x00000001
core   0: 0x8000bd72 (0x0000bfe5) c.j     pc - 8
core   0: 3 0x8000bd72 (0xbfe5)
core   0: 0x8000bd6a (0x00001f17) auipc   t5, 0x1
core   0: 3 0x8000bd6a (0x00001f17) x30 0x8000cd6a
core   0: 0x8000bd6e (0x283f2b23) sw      gp, 662(t5)
core   0: 3 0x8000bd6e (0x283f2b23) mem 0x8000d000 0x00000001
core   0: 0x8000bd72 (0x0000bfe5) c.j     pc - 8
core   0: 3 0x8000bd72 (0xbfe5)
core   0: 0x8000bd6a (0x00001f17) auipc   t5, 0x1
core   0: 3 0x8000bd6a (0x00001f17) x30 0x8000cd6a
core   0: 0x8000bd6e (0x283f2b23) sw      gp, 662(t5)
core   0: 3 0x8000bd6e (0x283f2b23) mem 0x8000d000 0x00000001
core   0: 0x8000bd72 (0x0000bfe5) c.j     pc - 8
core   0: 3 0x8000bd72 (0xbfe5)
core   0: 0x8000bd6a (0x00001f17) auipc   t5, 0x1
core   0: 3 0x8000bd6a (0x00001f17) x30 0x8000cd6a
core   0: 0x8000bd6e (0x283f2b23) sw      gp, 662(t5)
core   0: 3 0x8000bd6e (0x283f2b23) mem 0x8000d000 0x00000001
core   0: 0x8000bd72 (0x0000bfe5) c.j     pc - 8
core   0: 3 0x8000bd72 (0xbfe5)
core   0: 0x8000bd6a (0x00001f17) auipc   t5, 0x1
core   0: 3 0x8000bd6a (0x00001f17) x30 0x8000cd6a
core   0: 0x8000bd6e (0x283f2b23) sw      gp, 662(t5)
core   0: 3 0x8000bd6e (0x283f2b23) mem 0x8000d000 0x00000001
core   0: 0x8000bd72 (0x0000bfe5) c.j     pc - 8
core   0: 3 0x8000bd72 (0xbfe5)
core   0: 0x8000bd6a (0x00001f17) auipc   t5, 0x1
core   0: 3 0x8000bd6a (0x00001f17) x30 0x8000cd6a
core   0: 0x8000bd6e (0x283f2b23) sw      gp, 662(t5)
core   0: 3 0x8000bd6e (0x283f2b23) mem 0x8000d000 0x00000001
core   0: 0x8000bd72 (0x0000bfe5) c.j     pc - 8
core   0: 3 0x8000bd72 (0xbfe5)
core   0: 0x8000bd6a (0x00001f17) auipc   t5, 0x1
core   0: 3 0x8000bd6a (0x00001f17) x30 0x8000cd6a
core   0: 0x8000bd6e (0x283f2b23) sw      gp, 662(t5)
core   0: 3 0x8000bd6e (0x283f2b23) mem 0x8000d000 0x00000001
core   0: 0x8000bd72 (0x0000bfe5) c.j     pc - 8
core   0: 3 0x8000bd72 (0xbfe5)
core   0: 0x8000bd6a (0x00001f17) auipc   t5, 0x1
core   0: 3 0x8000bd6a (0x00001f17) x30 0x8000cd6a
core   0: 0x8000bd6e (0x283f2b23) sw      gp, 662(t5)
core   0: 3 0x8000bd6e (0x283f2b23) mem 0x8000d000 0x00000001
core   0: 0x8000bd72 (0x0000bfe5) c.j     pc - 8
core   0: 3 0x8000bd72 (0xbfe5)
core   0: 0x8000bd6a (0x00001f17) auipc   t5, 0x1
core   0: 3 0x8000bd6a (0x00001f17) x30 0x8000cd6a
core   0: 0x8000bd6e (0x283f2b23) sw      gp, 662(t5)
core   0: 3 0x8000bd6e (0x283f2b23) mem 0x8000d000 0x00000001
core   0: 0x8000bd72 (0x0000bfe5) c.j     pc - 8
core   0: 3 0x8000bd72 (0xbfe5)
core   0: 0x8000bd6a (0x00001f17) auipc   t5, 0x1
core   0: 3 0x8000bd6a (0x00001f17) x30 0x8000cd6a
core   0: 0x8000bd6e (0x283f2b23) sw      gp, 662(t5)
core   0: 3 0x8000bd6e (0x283f2b23) mem 0x8000d000 0x00000001
core   0: 0x8000bd72 (0x0000bfe5) c.j     pc - 8
core   0: 3 0x8000bd72 (0xbfe5)
core   0: 0x8000bd6a (0x00001f17) auipc   t5, 0x1
core   0: 3 0x8000bd6a (0x00001f17) x30 0x8000cd6a
core   0: 0x8000bd6e (0x283f2b23) sw      gp, 662(t5)
core   0: 3 0x8000bd6e (0x283f2b23) mem 0x8000d000 0x00000001
core   0: 0x8000bd72 (0x0000bfe5) c.j     pc - 8
core   0: 3 0x8000bd72 (0xbfe5)
core   0: 0x8000bd6a (0x00001f17) auipc   t5, 0x1
core   0: 3 0x8000bd6a (0x00001f17) x30 0x8000cd6a
core   0: 0x8000bd6e (0x283f2b23) sw      gp, 662(t5)
core   0: 3 0x8000bd6e (0x283f2b23) mem 0x8000d000 0x00000001
core   0: 0x8000bd72 (0x0000bfe5) c.j     pc - 8
core   0: 3 0x8000bd72 (0xbfe5)
core   0: 0x8000bd6a (0x00001f17) auipc   t5, 0x1
core   0: 3 0x8000bd6a (0x00001f17) x30 0x8000cd6a
core   0: 0x8000bd6e (0x283f2b23) sw      gp, 662(t5)
core   0: 3 0x8000bd6e (0x283f2b23) mem 0x8000d000 0x00000001
core   0: 0x8000bd72 (0x0000bfe5) c.j     pc - 8
core   0: 3 0x8000bd72 (0xbfe5)
core   0: 0x8000bd6a (0x00001f17) auipc   t5, 0x1
core   0: 3 0x8000bd6a (0x00001f17) x30 0x8000cd6a
core   0: 0x8000bd6e (0x283f2b23) sw      gp, 662(t5)
core   0: 3 0x8000bd6e (0x283f2b23) mem 0x8000d000 0x00000001
core   0: 0x8000bd72 (0x0000bfe5) c.j     pc - 8
core   0: 3 0x8000bd72 (0xbfe5)
core   0: 0x8000bd6a (0x00001f17) auipc   t5, 0x1
core   0: 3 0x8000bd6a (0x00001f17) x30 0x8000cd6a
core   0: 0x8000bd6e (0x283f2b23) sw      gp, 662(t5)
core   0: 3 0x8000bd6e (0x283f2b23) mem 0x8000d000 0x00000001
core   0: 0x8000bd72 (0x0000bfe5) c.j     pc - 8
core   0: 3 0x8000bd72 (0xbfe5)
core   0: 0x8000bd6a (0x00001f17) auipc   t5, 0x1
core   0: 3 0x8000bd6a (0x00001f17) x30 0x8000cd6a
core   0: 0x8000bd6e (0x283f2b23) sw      gp, 662(t5)
core   0: 3 0x8000bd6e (0x283f2b23) mem 0x8000d000 0x00000001
core   0: 0x8000bd72 (0x0000bfe5) c.j     pc - 8
core   0: 3 0x8000bd72 (0xbfe5)
core   0: 0x8000bd6a (0x00001f17) auipc   t5, 0x1
core   0: 3 0x8000bd6a (0x00001f17) x30 0x8000cd6a
core   0: 0x8000bd6e (0x283f2b23) sw      gp, 662(t5)
core   0: 3 0x8000bd6e (0x283f2b23) mem 0x8000d000 0x00000001
core   0: 0x8000bd72 (0x0000bfe5) c.j     pc - 8
core   0: 3 0x8000bd72 (0xbfe5)
core   0: 0x8000bd6a (0x00001f17) auipc   t5, 0x1
core   0: 3 0x8000bd6a (0x00001f17) x30 0x8000cd6a
core   0: 0x8000bd6e (0x283f2b23) sw      gp, 662(t5)
core   0: 3 0x8000bd6e (0x283f2b23) mem 0x8000d000 0x00000001
core   0: 0x8000bd72 (0x0000bfe5) c.j     pc - 8
core   0: 3 0x8000bd72 (0xbfe5)
core   0: 0x8000bd6a (0x00001f17) auipc   t5, 0x1
core   0: 3 0x8000bd6a (0x00001f17) x30 0x8000cd6a
core   0: 0x8000bd6e (0x283f2b23) sw      gp, 662(t5)
core   0: 3 0x8000bd6e (0x283f2b23) mem 0x8000d000 0x00000001
core   0: 0x8000bd72 (0x0000bfe5) c.j     pc - 8
core   0: 3 0x8000bd72 (0xbfe5)
core   0: 0x8000bd6a (0x00001f17) auipc   t5, 0x1
core   0: 3 0x8000bd6a (0x00001f17) x30 0x8000cd6a
core   0: 0x8000bd6e (0x283f2b23) sw      gp, 662(t5)
core   0: 3 0x8000bd6e (0x283f2b23) mem 0x8000d000 0x00000001
core   0: 0x8000bd72 (0x0000bfe5) c.j     pc - 8
core   0: 3 0x8000bd72 (0xbfe5)
core   0: 0x8000bd6a (0x00001f17) auipc   t5, 0x1
core   0: 3 0x8000bd6a (0x00001f17) x30 0x8000cd6a
core   0: 0x8000bd6e (0x283f2b23) sw      gp, 662(t5)
core   0: 3 0x8000bd6e (0x283f2b23) mem 0x8000d000 0x00000001
core   0: 0x8000bd72 (0x0000bfe5) c.j     pc - 8
core   0: 3 0x8000bd72 (0xbfe5)
core   0: 0x8000bd6a (0x00001f17) auipc   t5, 0x1
core   0: 3 0x8000bd6a (0x00001f17) x30 0x8000cd6a
core   0: 0x8000bd6e (0x283f2b23) sw      gp, 662(t5)
core   0: 3 0x8000bd6e (0x283f2b23) mem 0x8000d000 0x00000001
core   0: 0x8000bd72 (0x0000bfe5) c.j     pc - 8
core   0: 3 0x8000bd72 (0xbfe5)
core   0: 0x8000bd6a (0x00001f17) auipc   t5, 0x1
core   0: 3 0x8000bd6a (0x00001f17) x30 0x8000cd6a
core   0: 0x8000bd6e (0x283f2b23) sw      gp, 662(t5)
core   0: 3 0x8000bd6e (0x283f2b23) mem 0x8000d000 0x00000001
core   0: 0x8000bd72 (0x0000bfe5) c.j     pc - 8
core   0: 3 0x8000bd72 (0xbfe5)
core   0: 0x8000bd6a (0x00001f17) auipc   t5, 0x1
core   0: 3 0x8000bd6a (0x00001f17) x30 0x8000cd6a
core   0: 0x8000bd6e (0x283f2b23) sw      gp, 662(t5)
core   0: 3 0x8000bd6e (0x283f2b23) mem 0x8000d000 0x00000001
core   0: 0x8000bd72 (0x0000bfe5) c.j     pc - 8
core   0: 3 0x8000bd72 (0xbfe5)
core   0: 0x8000bd6a (0x00001f17) auipc   t5, 0x1
core   0: 3 0x8000bd6a (0x00001f17) x30 0x8000cd6a
core   0: 0x8000bd6e (0x283f2b23) sw      gp, 662(t5)
core   0: 3 0x8000bd6e (0x283f2b23) mem 0x8000d000 0x00000001
core   0: 0x8000bd72 (0x0000bfe5) c.j     pc - 8
core   0: 3 0x8000bd72 (0xbfe5)
core   0: 0x8000bd6a (0x00001f17) auipc   t5, 0x1
core   0: 3 0x8000bd6a (0x00001f17) x30 0x8000cd6a
core   0: 0x8000bd6e (0x283f2b23) sw      gp, 662(t5)
core   0: 3 0x8000bd6e (0x283f2b23) mem 0x8000d000 0x00000001
core   0: 0x8000bd72 (0x0000bfe5) c.j     pc - 8
core   0: 3 0x8000bd72 (0xbfe5)
core   0: 0x8000bd6a (0x00001f17) auipc   t5, 0x1
core   0: 3 0x8000bd6a (0x00001f17) x30 0x8000cd6a
core   0: 0x8000bd6e (0x283f2b23) sw      gp, 662(t5)
core   0: 3 0x8000bd6e (0x283f2b23) mem 0x8000d000 0x00000001
core   0: 0x8000bd72 (0x0000bfe5) c.j     pc - 8
core   0: 3 0x8000bd72 (0xbfe5)
core   0: 0x8000bd6a (0x00001f17) auipc   t5, 0x1
core   0: 3 0x8000bd6a (0x00001f17) x30 0x8000cd6a
core   0: 0x8000bd6e (0x283f2b23) sw      gp, 662(t5)
core   0: 3 0x8000bd6e (0x283f2b23) mem 0x8000d000 0x00000001
core   0: 0x8000bd72 (0x0000bfe5) c.j     pc - 8
core   0: 3 0x8000bd72 (0xbfe5)
core   0: 0x8000bd6a (0x00001f17) auipc   t5, 0x1
core   0: 3 0x8000bd6a (0x00001f17) x30 0x8000cd6a
core   0: 0x8000bd6e (0x283f2b23) sw      gp, 662(t5)
core   0: 3 0x8000bd6e (0x283f2b23) mem 0x8000d000 0x00000001
core   0: 0x8000bd72 (0x0000bfe5) c.j     pc - 8
core   0: 3 0x8000bd72 (0xbfe5)
core   0: 0x8000bd6a (0x00001f17) auipc   t5, 0x1
core   0: 3 0x8000bd6a (0x00001f17) x30 0x8000cd6a
core   0: 0x8000bd6e (0x283f2b23) sw      gp, 662(t5)
core   0: 3 0x8000bd6e (0x283f2b23) mem 0x8000d000 0x00000001
core   0: 0x8000bd72 (0x0000bfe5) c.j     pc - 8
core   0: 3 0x8000bd72 (0xbfe5)
core   0: 0x8000bd6a (0x00001f17) auipc   t5, 0x1
core   0: 3 0x8000bd6a (0x00001f17) x30 0x8000cd6a
core   0: 0x8000bd6e (0x283f2b23) sw      gp, 662(t5)
core   0: 3 0x8000bd6e (0x283f2b23) mem 0x8000d000 0x00000001
core   0: 0x8000bd72 (0x0000bfe5) c.j     pc - 8
core   0: 3 0x8000bd72 (0xbfe5)
core   0: 0x8000bd6a (0x00001f17) auipc   t5, 0x1
core   0: 3 0x8000bd6a (0x00001f17) x30 0x8000cd6a
core   0: 0x8000bd6e (0x283f2b23) sw      gp, 662(t5)
core   0: 3 0x8000bd6e (0x283f2b23) mem 0x8000d000 0x00000001
core   0: 0x8000bd72 (0x0000bfe5) c.j     pc - 8
core   0: 3 0x8000bd72 (0xbfe5)
core   0: 0x8000bd6a (0x00001f17) auipc   t5, 0x1
core   0: 3 0x8000bd6a (0x00001f17) x30 0x8000cd6a
core   0: 0x8000bd6e (0x283f2b23) sw      gp, 662(t5)
core   0: 3 0x8000bd6e (0x283f2b23) mem 0x8000d000 0x00000001
core   0: 0x8000bd72 (0x0000bfe5) c.j     pc - 8
core   0: 3 0x8000bd72 (0xbfe5)
core   0: 0x8000bd6a (0x00001f17) auipc   t5, 0x1
core   0: 3 0x8000bd6a (0x00001f17) x30 0x8000cd6a
core   0: 0x8000bd6e (0x283f2b23) sw      gp, 662(t5)
core   0: 3 0x8000bd6e (0x283f2b23) mem 0x8000d000 0x00000001
core   0: 0x8000bd72 (0x0000bfe5) c.j     pc - 8
core   0: 3 0x8000bd72 (0xbfe5)
core   0: 0x8000bd6a (0x00001f17) auipc   t5, 0x1
core   0: 3 0x8000bd6a (0x00001f17) x30 0x8000cd6a
core   0: 0x8000bd6e (0x283f2b23) sw      gp, 662(t5)
core   0: 3 0x8000bd6e (0x283f2b23) mem 0x8000d000 0x00000001
core   0: 0x8000bd72 (0x0000bfe5) c.j     pc - 8
core   0: 3 0x8000bd72 (0xbfe5)
core   0: 0x8000bd6a (0x00001f17) auipc   t5, 0x1
core   0: 3 0x8000bd6a (0x00001f17) x30 0x8000cd6a
core   0: 0x8000bd6e (0x283f2b23) sw      gp, 662(t5)
core   0: 3 0x8000bd6e (0x283f2b23) mem 0x8000d000 0x00000001
core   0: 0x8000bd72 (0x0000bfe5) c.j     pc - 8
core   0: 3 0x8000bd72 (0xbfe5)
core   0: 0x8000bd6a (0x00001f17) auipc   t5, 0x1
core   0: 3 0x8000bd6a (0x00001f17) x30 0x8000cd6a
core   0: 0x8000bd6e (0x283f2b23) sw      gp, 662(t5)
core   0: 3 0x8000bd6e (0x283f2b23) mem 0x8000d000 0x00000001
core   0: 0x8000bd72 (0x0000bfe5) c.j     pc - 8
core   0: 3 0x8000bd72 (0xbfe5)
core   0: 0x8000bd6a (0x00001f17) auipc   t5, 0x1
core   0: 3 0x8000bd6a (0x00001f17) x30 0x8000cd6a
core   0: 0x8000bd6e (0x283f2b23) sw      gp, 662(t5)
core   0: 3 0x8000bd6e (0x283f2b23) mem 0x8000d000 0x00000001
core   0: 0x8000bd72 (0x0000bfe5) c.j     pc - 8
core   0: 3 0x8000bd72 (0xbfe5)
core   0: 0x8000bd6a (0x00001f17) auipc   t5, 0x1
core   0: 3 0x8000bd6a (0x00001f17) x30 0x8000cd6a
core   0: 0x8000bd6e (0x283f2b23) sw      gp, 662(t5)
core   0: 3 0x8000bd6e (0x283f2b23) mem 0x8000d000 0x00000001
core   0: 0x8000bd72 (0x0000bfe5) c.j     pc - 8
core   0: 3 0x8000bd72 (0xbfe5)
core   0: 0x8000bd6a (0x00001f17) auipc   t5, 0x1
core   0: 3 0x8000bd6a (0x00001f17) x30 0x8000cd6a
core   0: 0x8000bd6e (0x283f2b23) sw      gp, 662(t5)
core   0: 3 0x8000bd6e (0x283f2b23) mem 0x8000d000 0x00000001
core   0: 0x8000bd72 (0x0000bfe5) c.j     pc - 8
core   0: 3 0x8000bd72 (0xbfe5)
core   0: 0x8000bd6a (0x00001f17) auipc   t5, 0x1
core   0: 3 0x8000bd6a (0x00001f17) x30 0x8000cd6a
core   0: 0x8000bd6e (0x283f2b23) sw      gp, 662(t5)
core   0: 3 0x8000bd6e (0x283f2b23) mem 0x8000d000 0x00000001
core   0: 0x8000bd72 (0x0000bfe5) c.j     pc - 8
core   0: 3 0x8000bd72 (0xbfe5)
core   0: 0x8000bd6a (0x00001f17) auipc   t5, 0x1
core   0: 3 0x8000bd6a (0x00001f17) x30 0x8000cd6a
core   0: 0x8000bd6e (0x283f2b23) sw      gp, 662(t5)
core   0: 3 0x8000bd6e (0x283f2b23) mem 0x8000d000 0x00000001
core   0: 0x8000bd72 (0x0000bfe5) c.j     pc - 8
core   0: 3 0x8000bd72 (0xbfe5)
core   0: 0x8000bd6a (0x00001f17) auipc   t5, 0x1
core   0: 3 0x8000bd6a (0x00001f17) x30 0x8000cd6a
core   0: 0x8000bd6e (0x283f2b23) sw      gp, 662(t5)
core   0: 3 0x8000bd6e (0x283f2b23) mem 0x8000d000 0x00000001
core   0: 0x8000bd72 (0x0000bfe5) c.j     pc - 8
core   0: 3 0x8000bd72 (0xbfe5)
core   0: 0x8000bd6a (0x00001f17) auipc   t5, 0x1
core   0: 3 0x8000bd6a (0x00001f17) x30 0x8000cd6a
core   0: 0x8000bd6e (0x283f2b23) sw      gp, 662(t5)
core   0: 3 0x8000bd6e (0x283f2b23) mem 0x8000d000 0x00000001
core   0: 0x8000bd72 (0x0000bfe5) c.j     pc - 8
core   0: 3 0x8000bd72 (0xbfe5)
core   0: 0x8000bd6a (0x00001f17) auipc   t5, 0x1
core   0: 3 0x8000bd6a (0x00001f17) x30 0x8000cd6a
core   0: 0x8000bd6e (0x283f2b23) sw      gp, 662(t5)
core   0: 3 0x8000bd6e (0x283f2b23) mem 0x8000d000 0x00000001
core   0: 0x8000bd72 (0x0000bfe5) c.j     pc - 8
core   0: 3 0x8000bd72 (0xbfe5)
core   0: 0x8000bd6a (0x00001f17) auipc   t5, 0x1
core   0: 3 0x8000bd6a (0x00001f17) x30 0x8000cd6a
core   0: 0x8000bd6e (0x283f2b23) sw      gp, 662(t5)
core   0: 3 0x8000bd6e (0x283f2b23) mem 0x8000d000 0x00000001
core   0: 0x8000bd72 (0x0000bfe5) c.j     pc - 8
core   0: 3 0x8000bd72 (0xbfe5)
core   0: 0x8000bd6a (0x00001f17) auipc   t5, 0x1
core   0: 3 0x8000bd6a (0x00001f17) x30 0x8000cd6a
core   0: 0x8000bd6e (0x283f2b23) sw      gp, 662(t5)
core   0: 3 0x8000bd6e (0x283f2b23) mem 0x8000d000 0x00000001
core   0: 0x8000bd72 (0x0000bfe5) c.j     pc - 8
core   0: 3 0x8000bd72 (0xbfe5)
core   0: 0x8000bd6a (0x00001f17) auipc   t5, 0x1
core   0: 3 0x8000bd6a (0x00001f17) x30 0x8000cd6a
core   0: 0x8000bd6e (0x283f2b23) sw      gp, 662(t5)
core   0: 3 0x8000bd6e (0x283f2b23) mem 0x8000d000 0x00000001
core   0: 0x8000bd72 (0x0000bfe5) c.j     pc - 8
core   0: 3 0x8000bd72 (0xbfe5)
core   0: 0x8000bd6a (0x00001f17) auipc   t5, 0x1
core   0: 3 0x8000bd6a (0x00001f17) x30 0x8000cd6a
core   0: 0x8000bd6e (0x283f2b23) sw      gp, 662(t5)
core   0: 3 0x8000bd6e (0x283f2b23) mem 0x8000d000 0x00000001
core   0: 0x8000bd72 (0x0000bfe5) c.j     pc - 8
core   0: 3 0x8000bd72 (0xbfe5)
core   0: 0x8000bd6a (0x00001f17) auipc   t5, 0x1
core   0: 3 0x8000bd6a (0x00001f17) x30 0x8000cd6a
core   0: 0x8000bd6e (0x283f2b23) sw      gp, 662(t5)
core   0: 3 0x8000bd6e (0x283f2b23) mem 0x8000d000 0x00000001
core   0: 0x8000bd72 (0x0000bfe5) c.j     pc - 8
core   0: 3 0x8000bd72 (0xbfe5)
core   0: 0x8000bd6a (0x00001f17) auipc   t5, 0x1
core   0: 3 0x8000bd6a (0x00001f17) x30 0x8000cd6a
core   0: 0x8000bd6e (0x283f2b23) sw      gp, 662(t5)
core   0: 3 0x8000bd6e (0x283f2b23) mem 0x8000d000 0x00000001
core   0: 0x8000bd72 (0x0000bfe5) c.j     pc - 8
core   0: 3 0x8000bd72 (0xbfe5)
core   0: 0x8000bd6a (0x00001f17) auipc   t5, 0x1
core   0: 3 0x8000bd6a (0x00001f17) x30 0x8000cd6a
core   0: 0x8000bd6e (0x283f2b23) sw      gp, 662(t5)
core   0: 3 0x8000bd6e (0x283f2b23) mem 0x8000d000 0x00000001
core   0: 0x8000bd72 (0x0000bfe5) c.j     pc - 8
core   0: 3 0x8000bd72 (0xbfe5)
core   0: 0x8000bd6a (0x00001f17) auipc   t5, 0x1
core   0: 3 0x8000bd6a (0x00001f17) x30 0x8000cd6a
core   0: 0x8000bd6e (0x283f2b23) sw      gp, 662(t5)
core   0: 3 0x8000bd6e (0x283f2b23) mem 0x8000d000 0x00000001
core   0: 0x8000bd72 (0x0000bfe5) c.j     pc - 8
core   0: 3 0x8000bd72 (0xbfe5)
core   0: 0x8000bd6a (0x00001f17) auipc   t5, 0x1
core   0: 3 0x8000bd6a (0x00001f17) x30 0x8000cd6a
core   0: 0x8000bd6e (0x283f2b23) sw      gp, 662(t5)
core   0: 3 0x8000bd6e (0x283f2b23) mem 0x8000d000 0x00000001
core   0: 0x8000bd72 (0x0000bfe5) c.j     pc - 8
core   0: 3 0x8000bd72 (0xbfe5)
core   0: 0x8000bd6a (0x00001f17) auipc   t5, 0x1
core   0: 3 0x8000bd6a (0x00001f17) x30 0x8000cd6a
core   0: 0x8000bd6e (0x283f2b23) sw      gp, 662(t5)
core   0: 3 0x8000bd6e (0x283f2b23) mem 0x8000d000 0x00000001
core   0: 0x8000bd72 (0x0000bfe5) c.j     pc - 8
core   0: 3 0x8000bd72 (0xbfe5)
core   0: 0x8000bd6a (0x00001f17) auipc   t5, 0x1
core   0: 3 0x8000bd6a (0x00001f17) x30 0x8000cd6a
core   0: 0x8000bd6e (0x283f2b23) sw      gp, 662(t5)
core   0: 3 0x8000bd6e (0x283f2b23) mem 0x8000d000 0x00000001
core   0: 0x8000bd72 (0x0000bfe5) c.j     pc - 8
core   0: 3 0x8000bd72 (0xbfe5)
core   0: 0x8000bd6a (0x00001f17) auipc   t5, 0x1
core   0: 3 0x8000bd6a (0x00001f17) x30 0x8000cd6a
core   0: 0x8000bd6e (0x283f2b23) sw      gp, 662(t5)
core   0: 3 0x8000bd6e (0x283f2b23) mem 0x8000d000 0x00000001
core   0: 0x8000bd72 (0x0000bfe5) c.j     pc - 8
core   0: 3 0x8000bd72 (0xbfe5)
core   0: 0x8000bd6a (0x00001f17) auipc   t5, 0x1
core   0: 3 0x8000bd6a (0x00001f17) x30 0x8000cd6a
core   0: 0x8000bd6e (0x283f2b23) sw      gp, 662(t5)
core   0: 3 0x8000bd6e (0x283f2b23) mem 0x8000d000 0x00000001
core   0: 0x8000bd72 (0x0000bfe5) c.j     pc - 8
core   0: 3 0x8000bd72 (0xbfe5)
core   0: 0x8000bd6a (0x00001f17) auipc   t5, 0x1
core   0: 3 0x8000bd6a (0x00001f17) x30 0x8000cd6a
core   0: 0x8000bd6e (0x283f2b23) sw      gp, 662(t5)
core   0: 3 0x8000bd6e (0x283f2b23) mem 0x8000d000 0x00000001
core   0: 0x8000bd72 (0x0000bfe5) c.j     pc - 8
core   0: 3 0x8000bd72 (0xbfe5)
core   0: 0x8000bd6a (0x00001f17) auipc   t5, 0x1
core   0: 3 0x8000bd6a (0x00001f17) x30 0x8000cd6a
core   0: 0x8000bd6e (0x283f2b23) sw      gp, 662(t5)
core   0: 3 0x8000bd6e (0x283f2b23) mem 0x8000d000 0x00000001
core   0: 0x8000bd72 (0x0000bfe5) c.j     pc - 8
core   0: 3 0x8000bd72 (0xbfe5)
core   0: 0x8000bd6a (0x00001f17) auipc   t5, 0x1
core   0: 3 0x8000bd6a (0x00001f17) x30 0x8000cd6a
core   0: 0x8000bd6e (0x283f2b23) sw      gp, 662(t5)
core   0: 3 0x8000bd6e (0x283f2b23) mem 0x8000d000 0x00000001
core   0: 0x8000bd72 (0x0000bfe5) c.j     pc - 8
core   0: 3 0x8000bd72 (0xbfe5)
core   0: 0x8000bd6a (0x00001f17) auipc   t5, 0x1
core   0: 3 0x8000bd6a (0x00001f17) x30 0x8000cd6a
core   0: 0x8000bd6e (0x283f2b23) sw      gp, 662(t5)
core   0: 3 0x8000bd6e (0x283f2b23) mem 0x8000d000 0x00000001
core   0: 0x8000bd72 (0x0000bfe5) c.j     pc - 8
core   0: 3 0x8000bd72 (0xbfe5)
core   0: 0x8000bd6a (0x00001f17) auipc   t5, 0x1
core   0: 3 0x8000bd6a (0x00001f17) x30 0x8000cd6a
core   0: 0x8000bd6e (0x283f2b23) sw      gp, 662(t5)
core   0: 3 0x8000bd6e (0x283f2b23) mem 0x8000d000 0x00000001
core   0: 0x8000bd72 (0x0000bfe5) c.j     pc - 8
core   0: 3 0x8000bd72 (0xbfe5)
core   0: 0x8000bd6a (0x00001f17) auipc   t5, 0x1
core   0: 3 0x8000bd6a (0x00001f17) x30 0x8000cd6a
core   0: 0x8000bd6e (0x283f2b23) sw      gp, 662(t5)
core   0: 3 0x8000bd6e (0x283f2b23) mem 0x8000d000 0x00000001
core   0: 0x8000bd72 (0x0000bfe5) c.j     pc - 8
core   0: 3 0x8000bd72 (0xbfe5)
core   0: 0x8000bd6a (0x00001f17) auipc   t5, 0x1
core   0: 3 0x8000bd6a (0x00001f17) x30 0x8000cd6a
core   0: 0x8000bd6e (0x283f2b23) sw      gp, 662(t5)
core   0: 3 0x8000bd6e (0x283f2b23) mem 0x8000d000 0x00000001
core   0: 0x8000bd72 (0x0000bfe5) c.j     pc - 8
core   0: 3 0x8000bd72 (0xbfe5)
core   0: 0x8000bd6a (0x00001f17) auipc   t5, 0x1
core   0: 3 0x8000bd6a (0x00001f17) x30 0x8000cd6a
core   0: 0x8000bd6e (0x283f2b23) sw      gp, 662(t5)
core   0: 3 0x8000bd6e (0x283f2b23) mem 0x8000d000 0x00000001
core   0: 0x8000bd72 (0x0000bfe5) c.j     pc - 8
core   0: 3 0x8000bd72 (0xbfe5)
core   0: 0x8000bd6a (0x00001f17) auipc   t5, 0x1
core   0: 3 0x8000bd6a (0x00001f17) x30 0x8000cd6a
core   0: 0x8000bd6e (0x283f2b23) sw      gp, 662(t5)
core   0: 3 0x8000bd6e (0x283f2b23) mem 0x8000d000 0x00000001
core   0: 0x8000bd72 (0x0000bfe5) c.j     pc - 8
core   0: 3 0x8000bd72 (0xbfe5)
core   0: 0x8000bd6a (0x00001f17) auipc   t5, 0x1
core   0: 3 0x8000bd6a (0x00001f17) x30 0x8000cd6a
core   0: 0x8000bd6e (0x283f2b23) sw      gp, 662(t5)
core   0: 3 0x8000bd6e (0x283f2b23) mem 0x8000d000 0x00000001
core   0: 0x8000bd72 (0x0000bfe5) c.j     pc - 8
core   0: 3 0x8000bd72 (0xbfe5)
core   0: 0x8000bd6a (0x00001f17) auipc   t5, 0x1
core   0: 3 0x8000bd6a (0x00001f17) x30 0x8000cd6a
core   0: 0x8000bd6e (0x283f2b23) sw      gp, 662(t5)
core   0: 3 0x8000bd6e (0x283f2b23) mem 0x8000d000 0x00000001
core   0: 0x8000bd72 (0x0000bfe5) c.j     pc - 8
core   0: 3 0x8000bd72 (0xbfe5)
core   0: 0x8000bd6a (0x00001f17) auipc   t5, 0x1
core   0: 3 0x8000bd6a (0x00001f17) x30 0x8000cd6a
core   0: 0x8000bd6e (0x283f2b23) sw      gp, 662(t5)
core   0: 3 0x8000bd6e (0x283f2b23) mem 0x8000d000 0x00000001
core   0: 0x8000bd72 (0x0000bfe5) c.j     pc - 8
core   0: 3 0x8000bd72 (0xbfe5)
core   0: 0x8000bd6a (0x00001f17) auipc   t5, 0x1
core   0: 3 0x8000bd6a (0x00001f17) x30 0x8000cd6a
core   0: 0x8000bd6e (0x283f2b23) sw      gp, 662(t5)
core   0: 3 0x8000bd6e (0x283f2b23) mem 0x8000d000 0x00000001
core   0: 0x8000bd72 (0x0000bfe5) c.j     pc - 8
core   0: 3 0x8000bd72 (0xbfe5)
core   0: 0x8000bd6a (0x00001f17) auipc   t5, 0x1
core   0: 3 0x8000bd6a (0x00001f17) x30 0x8000cd6a
core   0: 0x8000bd6e (0x283f2b23) sw      gp, 662(t5)
core   0: 3 0x8000bd6e (0x283f2b23) mem 0x8000d000 0x00000001
core   0: 0x8000bd72 (0x0000bfe5) c.j     pc - 8
core   0: 3 0x8000bd72 (0xbfe5)
core   0: 0x8000bd6a (0x00001f17) auipc   t5, 0x1
core   0: 3 0x8000bd6a (0x00001f17) x30 0x8000cd6a
core   0: 0x8000bd6e (0x283f2b23) sw      gp, 662(t5)
core   0: 3 0x8000bd6e (0x283f2b23) mem 0x8000d000 0x00000001
core   0: 0x8000bd72 (0x0000bfe5) c.j     pc - 8
core   0: 3 0x8000bd72 (0xbfe5)
core   0: 0x8000bd6a (0x00001f17) auipc   t5, 0x1
core   0: 3 0x8000bd6a (0x00001f17) x30 0x8000cd6a
core   0: 0x8000bd6e (0x283f2b23) sw      gp, 662(t5)
core   0: 3 0x8000bd6e (0x283f2b23) mem 0x8000d000 0x00000001
core   0: 0x8000bd72 (0x0000bfe5) c.j     pc - 8
core   0: 3 0x8000bd72 (0xbfe5)
core   0: 0x8000bd6a (0x00001f17) auipc   t5, 0x1
core   0: 3 0x8000bd6a (0x00001f17) x30 0x8000cd6a
core   0: 0x8000bd6e (0x283f2b23) sw      gp, 662(t5)
core   0: 3 0x8000bd6e (0x283f2b23) mem 0x8000d000 0x00000001
core   0: 0x8000bd72 (0x0000bfe5) c.j     pc - 8
core   0: 3 0x8000bd72 (0xbfe5)
core   0: 0x8000bd6a (0x00001f17) auipc   t5, 0x1
core   0: 3 0x8000bd6a (0x00001f17) x30 0x8000cd6a
core   0: 0x8000bd6e (0x283f2b23) sw      gp, 662(t5)
core   0: 3 0x8000bd6e (0x283f2b23) mem 0x8000d000 0x00000001
core   0: 0x8000bd72 (0x0000bfe5) c.j     pc - 8
core   0: 3 0x8000bd72 (0xbfe5)
core   0: 0x8000bd6a (0x00001f17) auipc   t5, 0x1
core   0: 3 0x8000bd6a (0x00001f17) x30 0x8000cd6a
core   0: 0x8000bd6e (0x283f2b23) sw      gp, 662(t5)
core   0: 3 0x8000bd6e (0x283f2b23) mem 0x8000d000 0x00000001
core   0: 0x8000bd72 (0x0000bfe5) c.j     pc - 8
core   0: 3 0x8000bd72 (0xbfe5)
core   0: 0x8000bd6a (0x00001f17) auipc   t5, 0x1
core   0: 3 0x8000bd6a (0x00001f17) x30 0x8000cd6a
core   0: 0x8000bd6e (0x283f2b23) sw      gp, 662(t5)
core   0: 3 0x8000bd6e (0x283f2b23) mem 0x8000d000 0x00000001
core   0: 0x8000bd72 (0x0000bfe5) c.j     pc - 8
core   0: 3 0x8000bd72 (0xbfe5)
core   0: 0x8000bd6a (0x00001f17) auipc   t5, 0x1
core   0: 3 0x8000bd6a (0x00001f17) x30 0x8000cd6a
core   0: 0x8000bd6e (0x283f2b23) sw      gp, 662(t5)
core   0: 3 0x8000bd6e (0x283f2b23) mem 0x8000d000 0x00000001
core   0: 0x8000bd72 (0x0000bfe5) c.j     pc - 8
core   0: 3 0x8000bd72 (0xbfe5)
core   0: 0x8000bd6a (0x00001f17) auipc   t5, 0x1
core   0: 3 0x8000bd6a (0x00001f17) x30 0x8000cd6a
core   0: 0x8000bd6e (0x283f2b23) sw      gp, 662(t5)
core   0: 3 0x8000bd6e (0x283f2b23) mem 0x8000d000 0x00000001
core   0: 0x8000bd72 (0x0000bfe5) c.j     pc - 8
core   0: 3 0x8000bd72 (0xbfe5)
core   0: 0x8000bd6a (0x00001f17) auipc   t5, 0x1
core   0: 3 0x8000bd6a (0x00001f17) x30 0x8000cd6a
core   0: 0x8000bd6e (0x283f2b23) sw      gp, 662(t5)
core   0: 3 0x8000bd6e (0x283f2b23) mem 0x8000d000 0x00000001
core   0: 0x8000bd72 (0x0000bfe5) c.j     pc - 8
core   0: 3 0x8000bd72 (0xbfe5)
core   0: 0x8000bd6a (0x00001f17) auipc   t5, 0x1
core   0: 3 0x8000bd6a (0x00001f17) x30 0x8000cd6a
core   0: 0x8000bd6e (0x283f2b23) sw      gp, 662(t5)
core   0: 3 0x8000bd6e (0x283f2b23) mem 0x8000d000 0x00000001
core   0: 0x8000bd72 (0x0000bfe5) c.j     pc - 8
core   0: 3 0x8000bd72 (0xbfe5)
core   0: 0x8000bd6a (0x00001f17) auipc   t5, 0x1
core   0: 3 0x8000bd6a (0x00001f17) x30 0x8000cd6a
core   0: 0x8000bd6e (0x283f2b23) sw      gp, 662(t5)
core   0: 3 0x8000bd6e (0x283f2b23) mem 0x8000d000 0x00000001
core   0: 0x8000bd72 (0x0000bfe5) c.j     pc - 8
core   0: 3 0x8000bd72 (0xbfe5)
core   0: 0x8000bd6a (0x00001f17) auipc   t5, 0x1
core   0: 3 0x8000bd6a (0x00001f17) x30 0x8000cd6a
core   0: 0x8000bd6e (0x283f2b23) sw      gp, 662(t5)
core   0: 3 0x8000bd6e (0x283f2b23) mem 0x8000d000 0x00000001
core   0: 0x8000bd72 (0x0000bfe5) c.j     pc - 8
core   0: 3 0x8000bd72 (0xbfe5)
core   0: 0x8000bd6a (0x00001f17) auipc   t5, 0x1
core   0: 3 0x8000bd6a (0x00001f17) x30 0x8000cd6a
core   0: 0x8000bd6e (0x283f2b23) sw      gp, 662(t5)
core   0: 3 0x8000bd6e (0x283f2b23) mem 0x8000d000 0x00000001
core   0: 0x8000bd72 (0x0000bfe5) c.j     pc - 8
core   0: 3 0x8000bd72 (0xbfe5)
core   0: 0x8000bd6a (0x00001f17) auipc   t5, 0x1
core   0: 3 0x8000bd6a (0x00001f17) x30 0x8000cd6a
core   0: 0x8000bd6e (0x283f2b23) sw      gp, 662(t5)
core   0: 3 0x8000bd6e (0x283f2b23) mem 0x8000d000 0x00000001
core   0: 0x8000bd72 (0x0000bfe5) c.j     pc - 8
core   0: 3 0x8000bd72 (0xbfe5)
core   0: 0x8000bd6a (0x00001f17) auipc   t5, 0x1
core   0: 3 0x8000bd6a (0x00001f17) x30 0x8000cd6a
core   0: 0x8000bd6e (0x283f2b23) sw      gp, 662(t5)
core   0: 3 0x8000bd6e (0x283f2b23) mem 0x8000d000 0x00000001
core   0: 0x8000bd72 (0x0000bfe5) c.j     pc - 8
core   0: 3 0x8000bd72 (0xbfe5)
core   0: 0x8000bd6a (0x00001f17) auipc   t5, 0x1
core   0: 3 0x8000bd6a (0x00001f17) x30 0x8000cd6a
core   0: 0x8000bd6e (0x283f2b23) sw      gp, 662(t5)
core   0: 3 0x8000bd6e (0x283f2b23) mem 0x8000d000 0x00000001
core   0: 0x8000bd72 (0x0000bfe5) c.j     pc - 8
core   0: 3 0x8000bd72 (0xbfe5)
core   0: 0x8000bd6a (0x00001f17) auipc   t5, 0x1
core   0: 3 0x8000bd6a (0x00001f17) x30 0x8000cd6a
core   0: 0x8000bd6e (0x283f2b23) sw      gp, 662(t5)
core   0: 3 0x8000bd6e (0x283f2b23) mem 0x8000d000 0x00000001
core   0: 0x8000bd72 (0x0000bfe5) c.j     pc - 8
core   0: 3 0x8000bd72 (0xbfe5)
core   0: 0x8000bd6a (0x00001f17) auipc   t5, 0x1
core   0: 3 0x8000bd6a (0x00001f17) x30 0x8000cd6a
core   0: 0x8000bd6e (0x283f2b23) sw      gp, 662(t5)
core   0: 3 0x8000bd6e (0x283f2b23) mem 0x8000d000 0x00000001
core   0: 0x8000bd72 (0x0000bfe5) c.j     pc - 8
core   0: 3 0x8000bd72 (0xbfe5)
core   0: 0x8000bd6a (0x00001f17) auipc   t5, 0x1
core   0: 3 0x8000bd6a (0x00001f17) x30 0x8000cd6a
core   0: 0x8000bd6e (0x283f2b23) sw      gp, 662(t5)
core   0: 3 0x8000bd6e (0x283f2b23) mem 0x8000d000 0x00000001
core   0: 0x8000bd72 (0x0000bfe5) c.j     pc - 8
core   0: 3 0x8000bd72 (0xbfe5)
core   0: 0x8000bd6a (0x00001f17) auipc   t5, 0x1
core   0: 3 0x8000bd6a (0x00001f17) x30 0x8000cd6a
core   0: 0x8000bd6e (0x283f2b23) sw      gp, 662(t5)
core   0: 3 0x8000bd6e (0x283f2b23) mem 0x8000d000 0x00000001
core   0: 0x8000bd72 (0x0000bfe5) c.j     pc - 8
core   0: 3 0x8000bd72 (0xbfe5)
core   0: 0x8000bd6a (0x00001f17) auipc   t5, 0x1
core   0: 3 0x8000bd6a (0x00001f17) x30 0x8000cd6a
core   0: 0x8000bd6e (0x283f2b23) sw      gp, 662(t5)
core   0: 3 0x8000bd6e (0x283f2b23) mem 0x8000d000 0x00000001
core   0: 0x8000bd72 (0x0000bfe5) c.j     pc - 8
core   0: 3 0x8000bd72 (0xbfe5)
core   0: 0x8000bd6a (0x00001f17) auipc   t5, 0x1
core   0: 3 0x8000bd6a (0x00001f17) x30 0x8000cd6a
core   0: 0x8000bd6e (0x283f2b23) sw      gp, 662(t5)
core   0: 3 0x8000bd6e (0x283f2b23) mem 0x8000d000 0x00000001
core   0: 0x8000bd72 (0x0000bfe5) c.j     pc - 8
core   0: 3 0x8000bd72 (0xbfe5)
core   0: 0x8000bd6a (0x00001f17) auipc   t5, 0x1
core   0: 3 0x8000bd6a (0x00001f17) x30 0x8000cd6a
core   0: 0x8000bd6e (0x283f2b23) sw      gp, 662(t5)
core   0: 3 0x8000bd6e (0x283f2b23) mem 0x8000d000 0x00000001
core   0: 0x8000bd72 (0x0000bfe5) c.j     pc - 8
core   0: 3 0x8000bd72 (0xbfe5)
core   0: 0x8000bd6a (0x00001f17) auipc   t5, 0x1
core   0: 3 0x8000bd6a (0x00001f17) x30 0x8000cd6a
core   0: 0x8000bd6e (0x283f2b23) sw      gp, 662(t5)
core   0: 3 0x8000bd6e (0x283f2b23) mem 0x8000d000 0x00000001
core   0: 0x8000bd72 (0x0000bfe5) c.j     pc - 8
core   0: 3 0x8000bd72 (0xbfe5)
core   0: 0x8000bd6a (0x00001f17) auipc   t5, 0x1
core   0: 3 0x8000bd6a (0x00001f17) x30 0x8000cd6a
core   0: 0x8000bd6e (0x283f2b23) sw      gp, 662(t5)
core   0: 3 0x8000bd6e (0x283f2b23) mem 0x8000d000 0x00000001
core   0: 0x8000bd72 (0x0000bfe5) c.j     pc - 8
core   0: 3 0x8000bd72 (0xbfe5)
core   0: 0x8000bd6a (0x00001f17) auipc   t5, 0x1
core   0: 3 0x8000bd6a (0x00001f17) x30 0x8000cd6a
core   0: 0x8000bd6e (0x283f2b23) sw      gp, 662(t5)
core   0: 3 0x8000bd6e (0x283f2b23) mem 0x8000d000 0x00000001
core   0: 0x8000bd72 (0x0000bfe5) c.j     pc - 8
core   0: 3 0x8000bd72 (0xbfe5)
core   0: 0x8000bd6a (0x00001f17) auipc   t5, 0x1
core   0: 3 0x8000bd6a (0x00001f17) x30 0x8000cd6a
core   0: 0x8000bd6e (0x283f2b23) sw      gp, 662(t5)
core   0: 3 0x8000bd6e (0x283f2b23) mem 0x8000d000 0x00000001
core   0: 0x8000bd72 (0x0000bfe5) c.j     pc - 8
core   0: 3 0x8000bd72 (0xbfe5)
core   0: 0x8000bd6a (0x00001f17) auipc   t5, 0x1
core   0: 3 0x8000bd6a (0x00001f17) x30 0x8000cd6a
core   0: 0x8000bd6e (0x283f2b23) sw      gp, 662(t5)
core   0: 3 0x8000bd6e (0x283f2b23) mem 0x8000d000 0x00000001
core   0: 0x8000bd72 (0x0000bfe5) c.j     pc - 8
core   0: 3 0x8000bd72 (0xbfe5)
core   0: 0x8000bd6a (0x00001f17) auipc   t5, 0x1
core   0: 3 0x8000bd6a (0x00001f17) x30 0x8000cd6a
core   0: 0x8000bd6e (0x283f2b23) sw      gp, 662(t5)
core   0: 3 0x8000bd6e (0x283f2b23) mem 0x8000d000 0x00000001
core   0: 0x8000bd72 (0x0000bfe5) c.j     pc - 8
core   0: 3 0x8000bd72 (0xbfe5)
core   0: 0x8000bd6a (0x00001f17) auipc   t5, 0x1
core   0: 3 0x8000bd6a (0x00001f17) x30 0x8000cd6a
core   0: 0x8000bd6e (0x283f2b23) sw      gp, 662(t5)
core   0: 3 0x8000bd6e (0x283f2b23) mem 0x8000d000 0x00000001
core   0: 0x8000bd72 (0x0000bfe5) c.j     pc - 8
core   0: 3 0x8000bd72 (0xbfe5)
core   0: 0x8000bd6a (0x00001f17) auipc   t5, 0x1
core   0: 3 0x8000bd6a (0x00001f17) x30 0x8000cd6a
core   0: 0x8000bd6e (0x283f2b23) sw      gp, 662(t5)
core   0: 3 0x8000bd6e (0x283f2b23) mem 0x8000d000 0x00000001
core   0: 0x8000bd72 (0x0000bfe5) c.j     pc - 8
core   0: 3 0x8000bd72 (0xbfe5)
core   0: 0x8000bd6a (0x00001f17) auipc   t5, 0x1
core   0: 3 0x8000bd6a (0x00001f17) x30 0x8000cd6a
core   0: 0x8000bd6e (0x283f2b23) sw      gp, 662(t5)
core   0: 3 0x8000bd6e (0x283f2b23) mem 0x8000d000 0x00000001
core   0: 0x8000bd72 (0x0000bfe5) c.j     pc - 8
core   0: 3 0x8000bd72 (0xbfe5)
core   0: 0x8000bd6a (0x00001f17) auipc   t5, 0x1
core   0: 3 0x8000bd6a (0x00001f17) x30 0x8000cd6a
core   0: 0x8000bd6e (0x283f2b23) sw      gp, 662(t5)
core   0: 3 0x8000bd6e (0x283f2b23) mem 0x8000d000 0x00000001
core   0: 0x8000bd72 (0x0000bfe5) c.j     pc - 8
core   0: 3 0x8000bd72 (0xbfe5)
core   0: 0x8000bd6a (0x00001f17) auipc   t5, 0x1
core   0: 3 0x8000bd6a (0x00001f17) x30 0x8000cd6a
core   0: 0x8000bd6e (0x283f2b23) sw      gp, 662(t5)
core   0: 3 0x8000bd6e (0x283f2b23) mem 0x8000d000 0x00000001
core   0: 0x8000bd72 (0x0000bfe5) c.j     pc - 8
core   0: 3 0x8000bd72 (0xbfe5)
core   0: 0x8000bd6a (0x00001f17) auipc   t5, 0x1
core   0: 3 0x8000bd6a (0x00001f17) x30 0x8000cd6a
core   0: 0x8000bd6e (0x283f2b23) sw      gp, 662(t5)
core   0: 3 0x8000bd6e (0x283f2b23) mem 0x8000d000 0x00000001
core   0: 0x8000bd72 (0x0000bfe5) c.j     pc - 8
core   0: 3 0x8000bd72 (0xbfe5)
core   0: 0x8000bd6a (0x00001f17) auipc   t5, 0x1
core   0: 3 0x8000bd6a (0x00001f17) x30 0x8000cd6a
core   0: 0x8000bd6e (0x283f2b23) sw      gp, 662(t5)
core   0: 3 0x8000bd6e (0x283f2b23) mem 0x8000d000 0x00000001
core   0: 0x8000bd72 (0x0000bfe5) c.j     pc - 8
core   0: 3 0x8000bd72 (0xbfe5)
core   0: 0x8000bd6a (0x00001f17) auipc   t5, 0x1
core   0: 3 0x8000bd6a (0x00001f17) x30 0x8000cd6a
core   0: 0x8000bd6e (0x283f2b23) sw      gp, 662(t5)
core   0: 3 0x8000bd6e (0x283f2b23) mem 0x8000d000 0x00000001
core   0: 0x8000bd72 (0x0000bfe5) c.j     pc - 8
core   0: 3 0x8000bd72 (0xbfe5)
core   0: 0x8000bd6a (0x00001f17) auipc   t5, 0x1
core   0: 3 0x8000bd6a (0x00001f17) x30 0x8000cd6a
core   0: 0x8000bd6e (0x283f2b23) sw      gp, 662(t5)
core   0: 3 0x8000bd6e (0x283f2b23) mem 0x8000d000 0x00000001
core   0: 0x8000bd72 (0x0000bfe5) c.j     pc - 8
core   0: 3 0x8000bd72 (0xbfe5)
core   0: 0x8000bd6a (0x00001f17) auipc   t5, 0x1
core   0: 3 0x8000bd6a (0x00001f17) x30 0x8000cd6a
core   0: 0x8000bd6e (0x283f2b23) sw      gp, 662(t5)
core   0: 3 0x8000bd6e (0x283f2b23) mem 0x8000d000 0x00000001
core   0: 0x8000bd72 (0x0000bfe5) c.j     pc - 8
core   0: 3 0x8000bd72 (0xbfe5)
core   0: 0x8000bd6a (0x00001f17) auipc   t5, 0x1
core   0: 3 0x8000bd6a (0x00001f17) x30 0x8000cd6a
core   0: 0x8000bd6e (0x283f2b23) sw      gp, 662(t5)
core   0: 3 0x8000bd6e (0x283f2b23) mem 0x8000d000 0x00000001
core   0: 0x8000bd72 (0x0000bfe5) c.j     pc - 8
core   0: 3 0x8000bd72 (0xbfe5)
core   0: 0x8000bd6a (0x00001f17) auipc   t5, 0x1
core   0: 3 0x8000bd6a (0x00001f17) x30 0x8000cd6a
core   0: 0x8000bd6e (0x283f2b23) sw      gp, 662(t5)
core   0: 3 0x8000bd6e (0x283f2b23) mem 0x8000d000 0x00000001
core   0: 0x8000bd72 (0x0000bfe5) c.j     pc - 8
core   0: 3 0x8000bd72 (0xbfe5)
core   0: 0x8000bd6a (0x00001f17) auipc   t5, 0x1
core   0: 3 0x8000bd6a (0x00001f17) x30 0x8000cd6a
core   0: 0x8000bd6e (0x283f2b23) sw      gp, 662(t5)
core   0: 3 0x8000bd6e (0x283f2b23) mem 0x8000d000 0x00000001
core   0: 0x8000bd72 (0x0000bfe5) c.j     pc - 8
core   0: 3 0x8000bd72 (0xbfe5)
core   0: 0x8000bd6a (0x00001f17) auipc   t5, 0x1
core   0: 3 0x8000bd6a (0x00001f17) x30 0x8000cd6a
core   0: 0x8000bd6e (0x283f2b23) sw      gp, 662(t5)
core   0: 3 0x8000bd6e (0x283f2b23) mem 0x8000d000 0x00000001
core   0: 0x8000bd72 (0x0000bfe5) c.j     pc - 8
core   0: 3 0x8000bd72 (0xbfe5)
core   0: 0x8000bd6a (0x00001f17) auipc   t5, 0x1
core   0: 3 0x8000bd6a (0x00001f17) x30 0x8000cd6a
core   0: 0x8000bd6e (0x283f2b23) sw      gp, 662(t5)
core   0: 3 0x8000bd6e (0x283f2b23) mem 0x8000d000 0x00000001
core   0: 0x8000bd72 (0x0000bfe5) c.j     pc - 8
core   0: 3 0x8000bd72 (0xbfe5)
core   0: 0x8000bd6a (0x00001f17) auipc   t5, 0x1
core   0: 3 0x8000bd6a (0x00001f17) x30 0x8000cd6a
core   0: 0x8000bd6e (0x283f2b23) sw      gp, 662(t5)
core   0: 3 0x8000bd6e (0x283f2b23) mem 0x8000d000 0x00000001
core   0: 0x8000bd72 (0x0000bfe5) c.j     pc - 8
core   0: 3 0x8000bd72 (0xbfe5)
core   0: 0x8000bd6a (0x00001f17) auipc   t5, 0x1
core   0: 3 0x8000bd6a (0x00001f17) x30 0x8000cd6a
core   0: 0x8000bd6e (0x283f2b23) sw      gp, 662(t5)
core   0: 3 0x8000bd6e (0x283f2b23) mem 0x8000d000 0x00000001
core   0: 0x8000bd72 (0x0000bfe5) c.j     pc - 8
core   0: 3 0x8000bd72 (0xbfe5)
core   0: 0x8000bd6a (0x00001f17) auipc   t5, 0x1
core   0: 3 0x8000bd6a (0x00001f17) x30 0x8000cd6a
core   0: 0x8000bd6e (0x283f2b23) sw      gp, 662(t5)
core   0: 3 0x8000bd6e (0x283f2b23) mem 0x8000d000 0x00000001
core   0: 0x8000bd72 (0x0000bfe5) c.j     pc - 8
core   0: 3 0x8000bd72 (0xbfe5)
core   0: 0x8000bd6a (0x00001f17) auipc   t5, 0x1
core   0: 3 0x8000bd6a (0x00001f17) x30 0x8000cd6a
core   0: 0x8000bd6e (0x283f2b23) sw      gp, 662(t5)
core   0: 3 0x8000bd6e (0x283f2b23) mem 0x8000d000 0x00000001
core   0: 0x8000bd72 (0x0000bfe5) c.j     pc - 8
core   0: 3 0x8000bd72 (0xbfe5)
core   0: 0x8000bd6a (0x00001f17) auipc   t5, 0x1
core   0: 3 0x8000bd6a (0x00001f17) x30 0x8000cd6a
core   0: 0x8000bd6e (0x283f2b23) sw      gp, 662(t5)
core   0: 3 0x8000bd6e (0x283f2b23) mem 0x8000d000 0x00000001
core   0: 0x8000bd72 (0x0000bfe5) c.j     pc - 8
core   0: 3 0x8000bd72 (0xbfe5)
core   0: 0x8000bd6a (0x00001f17) auipc   t5, 0x1
core   0: 3 0x8000bd6a (0x00001f17) x30 0x8000cd6a
core   0: 0x8000bd6e (0x283f2b23) sw      gp, 662(t5)
core   0: 3 0x8000bd6e (0x283f2b23) mem 0x8000d000 0x00000001
core   0: 0x8000bd72 (0x0000bfe5) c.j     pc - 8
core   0: 3 0x8000bd72 (0xbfe5)
core   0: 0x8000bd6a (0x00001f17) auipc   t5, 0x1
core   0: 3 0x8000bd6a (0x00001f17) x30 0x8000cd6a
core   0: 0x8000bd6e (0x283f2b23) sw      gp, 662(t5)
core   0: 3 0x8000bd6e (0x283f2b23) mem 0x8000d000 0x00000001
core   0: 0x8000bd72 (0x0000bfe5) c.j     pc - 8
core   0: 3 0x8000bd72 (0xbfe5)
core   0: 0x8000bd6a (0x00001f17) auipc   t5, 0x1
core   0: 3 0x8000bd6a (0x00001f17) x30 0x8000cd6a
core   0: 0x8000bd6e (0x283f2b23) sw      gp, 662(t5)
core   0: 3 0x8000bd6e (0x283f2b23) mem 0x8000d000 0x00000001
core   0: 0x8000bd72 (0x0000bfe5) c.j     pc - 8
core   0: 3 0x8000bd72 (0xbfe5)
core   0: 0x8000bd6a (0x00001f17) auipc   t5, 0x1
core   0: 3 0x8000bd6a (0x00001f17) x30 0x8000cd6a
core   0: 0x8000bd6e (0x283f2b23) sw      gp, 662(t5)
core   0: 3 0x8000bd6e (0x283f2b23) mem 0x8000d000 0x00000001
core   0: 0x8000bd72 (0x0000bfe5) c.j     pc - 8
core   0: 3 0x8000bd72 (0xbfe5)
core   0: 0x8000bd6a (0x00001f17) auipc   t5, 0x1
core   0: 3 0x8000bd6a (0x00001f17) x30 0x8000cd6a
core   0: 0x8000bd6e (0x283f2b23) sw      gp, 662(t5)
core   0: 3 0x8000bd6e (0x283f2b23) mem 0x8000d000 0x00000001
core   0: 0x8000bd72 (0x0000bfe5) c.j     pc - 8
core   0: 3 0x8000bd72 (0xbfe5)
core   0: 0x8000bd6a (0x00001f17) auipc   t5, 0x1
core   0: 3 0x8000bd6a (0x00001f17) x30 0x8000cd6a
core   0: 0x8000bd6e (0x283f2b23) sw      gp, 662(t5)
core   0: 3 0x8000bd6e (0x283f2b23) mem 0x8000d000 0x00000001
core   0: 0x8000bd72 (0x0000bfe5) c.j     pc - 8
core   0: 3 0x8000bd72 (0xbfe5)
core   0: 0x8000bd6a (0x00001f17) auipc   t5, 0x1
core   0: 3 0x8000bd6a (0x00001f17) x30 0x8000cd6a
core   0: 0x8000bd6e (0x283f2b23) sw      gp, 662(t5)
core   0: 3 0x8000bd6e (0x283f2b23) mem 0x8000d000 0x00000001
core   0: 0x8000bd72 (0x0000bfe5) c.j     pc - 8
core   0: 3 0x8000bd72 (0xbfe5)
core   0: 0x8000bd6a (0x00001f17) auipc   t5, 0x1
core   0: 3 0x8000bd6a (0x00001f17) x30 0x8000cd6a
core   0: 0x8000bd6e (0x283f2b23) sw      gp, 662(t5)
core   0: 3 0x8000bd6e (0x283f2b23) mem 0x8000d000 0x00000001
core   0: 0x8000bd72 (0x0000bfe5) c.j     pc - 8
core   0: 3 0x8000bd72 (0xbfe5)
core   0: 0x8000bd6a (0x00001f17) auipc   t5, 0x1
core   0: 3 0x8000bd6a (0x00001f17) x30 0x8000cd6a
core   0: 0x8000bd6e (0x283f2b23) sw      gp, 662(t5)
core   0: 3 0x8000bd6e (0x283f2b23) mem 0x8000d000 0x00000001
core   0: 0x8000bd72 (0x0000bfe5) c.j     pc - 8
core   0: 3 0x8000bd72 (0xbfe5)
core   0: 0x8000bd6a (0x00001f17) auipc   t5, 0x1
core   0: 3 0x8000bd6a (0x00001f17) x30 0x8000cd6a
core   0: 0x8000bd6e (0x283f2b23) sw      gp, 662(t5)
core   0: 3 0x8000bd6e (0x283f2b23) mem 0x8000d000 0x00000001
core   0: 0x8000bd72 (0x0000bfe5) c.j     pc - 8
core   0: 3 0x8000bd72 (0xbfe5)
core   0: 0x8000bd6a (0x00001f17) auipc   t5, 0x1
core   0: 3 0x8000bd6a (0x00001f17) x30 0x8000cd6a
core   0: 0x8000bd6e (0x283f2b23) sw      gp, 662(t5)
core   0: 3 0x8000bd6e (0x283f2b23) mem 0x8000d000 0x00000001
core   0: 0x8000bd72 (0x0000bfe5) c.j     pc - 8
core   0: 3 0x8000bd72 (0xbfe5)
core   0: 0x8000bd6a (0x00001f17) auipc   t5, 0x1
core   0: 3 0x8000bd6a (0x00001f17) x30 0x8000cd6a
core   0: 0x8000bd6e (0x283f2b23) sw      gp, 662(t5)
core   0: 3 0x8000bd6e (0x283f2b23) mem 0x8000d000 0x00000001
core   0: 0x8000bd72 (0x0000bfe5) c.j     pc - 8
core   0: 3 0x8000bd72 (0xbfe5)
core   0: 0x8000bd6a (0x00001f17) auipc   t5, 0x1
core   0: 3 0x8000bd6a (0x00001f17) x30 0x8000cd6a
core   0: 0x8000bd6e (0x283f2b23) sw      gp, 662(t5)
core   0: 3 0x8000bd6e (0x283f2b23) mem 0x8000d000 0x00000001
core   0: 0x8000bd72 (0x0000bfe5) c.j     pc - 8
core   0: 3 0x8000bd72 (0xbfe5)
core   0: 0x8000bd6a (0x00001f17) auipc   t5, 0x1
core   0: 3 0x8000bd6a (0x00001f17) x30 0x8000cd6a
core   0: 0x8000bd6e (0x283f2b23) sw      gp, 662(t5)
core   0: 3 0x8000bd6e (0x283f2b23) mem 0x8000d000 0x00000001
core   0: 0x8000bd72 (0x0000bfe5) c.j     pc - 8
core   0: 3 0x8000bd72 (0xbfe5)
core   0: 0x8000bd6a (0x00001f17) auipc   t5, 0x1
core   0: 3 0x8000bd6a (0x00001f17) x30 0x8000cd6a
core   0: 0x8000bd6e (0x283f2b23) sw      gp, 662(t5)
core   0: 3 0x8000bd6e (0x283f2b23) mem 0x8000d000 0x00000001
core   0: 0x8000bd72 (0x0000bfe5) c.j     pc - 8
core   0: 3 0x8000bd72 (0xbfe5)
core   0: 0x8000bd6a (0x00001f17) auipc   t5, 0x1
core   0: 3 0x8000bd6a (0x00001f17) x30 0x8000cd6a
core   0: 0x8000bd6e (0x283f2b23) sw      gp, 662(t5)
core   0: 3 0x8000bd6e (0x283f2b23) mem 0x8000d000 0x00000001
core   0: 0x8000bd72 (0x0000bfe5) c.j     pc - 8
core   0: 3 0x8000bd72 (0xbfe5)
core   0: 0x8000bd6a (0x00001f17) auipc   t5, 0x1
core   0: 3 0x8000bd6a (0x00001f17) x30 0x8000cd6a
core   0: 0x8000bd6e (0x283f2b23) sw      gp, 662(t5)
core   0: 3 0x8000bd6e (0x283f2b23) mem 0x8000d000 0x00000001
core   0: 0x8000bd72 (0x0000bfe5) c.j     pc - 8
core   0: 3 0x8000bd72 (0xbfe5)
core   0: 0x8000bd6a (0x00001f17) auipc   t5, 0x1
core   0: 3 0x8000bd6a (0x00001f17) x30 0x8000cd6a
core   0: 0x8000bd6e (0x283f2b23) sw      gp, 662(t5)
core   0: 3 0x8000bd6e (0x283f2b23) mem 0x8000d000 0x00000001
core   0: 0x8000bd72 (0x0000bfe5) c.j     pc - 8
core   0: 3 0x8000bd72 (0xbfe5)
core   0: 0x8000bd6a (0x00001f17) auipc   t5, 0x1
core   0: 3 0x8000bd6a (0x00001f17) x30 0x8000cd6a
core   0: 0x8000bd6e (0x283f2b23) sw      gp, 662(t5)
core   0: 3 0x8000bd6e (0x283f2b23) mem 0x8000d000 0x00000001
core   0: 0x8000bd72 (0x0000bfe5) c.j     pc - 8
core   0: 3 0x8000bd72 (0xbfe5)
core   0: 0x8000bd6a (0x00001f17) auipc   t5, 0x1
core   0: 3 0x8000bd6a (0x00001f17) x30 0x8000cd6a
core   0: 0x8000bd6e (0x283f2b23) sw      gp, 662(t5)
core   0: 3 0x8000bd6e (0x283f2b23) mem 0x8000d000 0x00000001
core   0: 0x8000bd72 (0x0000bfe5) c.j     pc - 8
core   0: 3 0x8000bd72 (0xbfe5)
core   0: 0x8000bd6a (0x00001f17) auipc   t5, 0x1
core   0: 3 0x8000bd6a (0x00001f17) x30 0x8000cd6a
core   0: 0x8000bd6e (0x283f2b23) sw      gp, 662(t5)
core   0: 3 0x8000bd6e (0x283f2b23) mem 0x8000d000 0x00000001
core   0: 0x8000bd72 (0x0000bfe5) c.j     pc - 8
core   0: 3 0x8000bd72 (0xbfe5)
core   0: 0x8000bd6a (0x00001f17) auipc   t5, 0x1
core   0: 3 0x8000bd6a (0x00001f17) x30 0x8000cd6a
core   0: 0x8000bd6e (0x283f2b23) sw      gp, 662(t5)
core   0: 3 0x8000bd6e (0x283f2b23) mem 0x8000d000 0x00000001
core   0: 0x8000bd72 (0x0000bfe5) c.j     pc - 8
core   0: 3 0x8000bd72 (0xbfe5)
core   0: 0x8000bd6a (0x00001f17) auipc   t5, 0x1
core   0: 3 0x8000bd6a (0x00001f17) x30 0x8000cd6a
core   0: 0x8000bd6e (0x283f2b23) sw      gp, 662(t5)
core   0: 3 0x8000bd6e (0x283f2b23) mem 0x8000d000 0x00000001
core   0: 0x8000bd72 (0x0000bfe5) c.j     pc - 8
core   0: 3 0x8000bd72 (0xbfe5)
core   0: 0x8000bd6a (0x00001f17) auipc   t5, 0x1
core   0: 3 0x8000bd6a (0x00001f17) x30 0x8000cd6a
core   0: 0x8000bd6e (0x283f2b23) sw      gp, 662(t5)
core   0: 3 0x8000bd6e (0x283f2b23) mem 0x8000d000 0x00000001
core   0: 0x8000bd72 (0x0000bfe5) c.j     pc - 8
core   0: 3 0x8000bd72 (0xbfe5)
core   0: 0x8000bd6a (0x00001f17) auipc   t5, 0x1
core   0: 3 0x8000bd6a (0x00001f17) x30 0x8000cd6a
core   0: 0x8000bd6e (0x283f2b23) sw      gp, 662(t5)
core   0: 3 0x8000bd6e (0x283f2b23) mem 0x8000d000 0x00000001
core   0: 0x8000bd72 (0x0000bfe5) c.j     pc - 8
core   0: 3 0x8000bd72 (0xbfe5)
core   0: 0x8000bd6a (0x00001f17) auipc   t5, 0x1
core   0: 3 0x8000bd6a (0x00001f17) x30 0x8000cd6a
core   0: 0x8000bd6e (0x283f2b23) sw      gp, 662(t5)
core   0: 3 0x8000bd6e (0x283f2b23) mem 0x8000d000 0x00000001
core   0: 0x8000bd72 (0x0000bfe5) c.j     pc - 8
core   0: 3 0x8000bd72 (0xbfe5)
core   0: 0x8000bd6a (0x00001f17) auipc   t5, 0x1
core   0: 3 0x8000bd6a (0x00001f17) x30 0x8000cd6a
core   0: 0x8000bd6e (0x283f2b23) sw      gp, 662(t5)
core   0: 3 0x8000bd6e (0x283f2b23) mem 0x8000d000 0x00000001
core   0: 0x8000bd72 (0x0000bfe5) c.j     pc - 8
core   0: 3 0x8000bd72 (0xbfe5)
core   0: 0x8000bd6a (0x00001f17) auipc   t5, 0x1
core   0: 3 0x8000bd6a (0x00001f17) x30 0x8000cd6a
core   0: 0x8000bd6e (0x283f2b23) sw      gp, 662(t5)
core   0: 3 0x8000bd6e (0x283f2b23) mem 0x8000d000 0x00000001
core   0: 0x8000bd72 (0x0000bfe5) c.j     pc - 8
core   0: 3 0x8000bd72 (0xbfe5)
core   0: 0x8000bd6a (0x00001f17) auipc   t5, 0x1
core   0: 3 0x8000bd6a (0x00001f17) x30 0x8000cd6a
core   0: 0x8000bd6e (0x283f2b23) sw      gp, 662(t5)
core   0: 3 0x8000bd6e (0x283f2b23) mem 0x8000d000 0x00000001
core   0: 0x8000bd72 (0x0000bfe5) c.j     pc - 8
core   0: 3 0x8000bd72 (0xbfe5)
core   0: 0x8000bd6a (0x00001f17) auipc   t5, 0x1
core   0: 3 0x8000bd6a (0x00001f17) x30 0x8000cd6a
core   0: 0x8000bd6e (0x283f2b23) sw      gp, 662(t5)
core   0: 3 0x8000bd6e (0x283f2b23) mem 0x8000d000 0x00000001
core   0: 0x8000bd72 (0x0000bfe5) c.j     pc - 8
core   0: 3 0x8000bd72 (0xbfe5)
core   0: 0x8000bd6a (0x00001f17) auipc   t5, 0x1
core   0: 3 0x8000bd6a (0x00001f17) x30 0x8000cd6a
core   0: 0x8000bd6e (0x283f2b23) sw      gp, 662(t5)
core   0: 3 0x8000bd6e (0x283f2b23) mem 0x8000d000 0x00000001
core   0: 0x8000bd72 (0x0000bfe5) c.j     pc - 8
core   0: 3 0x8000bd72 (0xbfe5)
core   0: 0x8000bd6a (0x00001f17) auipc   t5, 0x1
core   0: 3 0x8000bd6a (0x00001f17) x30 0x8000cd6a
core   0: 0x8000bd6e (0x283f2b23) sw      gp, 662(t5)
core   0: 3 0x8000bd6e (0x283f2b23) mem 0x8000d000 0x00000001
core   0: 0x8000bd72 (0x0000bfe5) c.j     pc - 8
core   0: 3 0x8000bd72 (0xbfe5)
core   0: 0x8000bd6a (0x00001f17) auipc   t5, 0x1
core   0: 3 0x8000bd6a (0x00001f17) x30 0x8000cd6a
core   0: 0x8000bd6e (0x283f2b23) sw      gp, 662(t5)
core   0: 3 0x8000bd6e (0x283f2b23) mem 0x8000d000 0x00000001
core   0: 0x8000bd72 (0x0000bfe5) c.j     pc - 8
core   0: 3 0x8000bd72 (0xbfe5)
core   0: 0x8000bd6a (0x00001f17) auipc   t5, 0x1
core   0: 3 0x8000bd6a (0x00001f17) x30 0x8000cd6a
core   0: 0x8000bd6e (0x283f2b23) sw      gp, 662(t5)
core   0: 3 0x8000bd6e (0x283f2b23) mem 0x8000d000 0x00000001
core   0: 0x8000bd72 (0x0000bfe5) c.j     pc - 8
core   0: 3 0x8000bd72 (0xbfe5)
core   0: 0x8000bd6a (0x00001f17) auipc   t5, 0x1
core   0: 3 0x8000bd6a (0x00001f17) x30 0x8000cd6a
core   0: 0x8000bd6e (0x283f2b23) sw      gp, 662(t5)
core   0: 3 0x8000bd6e (0x283f2b23) mem 0x8000d000 0x00000001
core   0: 0x8000bd72 (0x0000bfe5) c.j     pc - 8
core   0: 3 0x8000bd72 (0xbfe5)
core   0: 0x8000bd6a (0x00001f17) auipc   t5, 0x1
core   0: 3 0x8000bd6a (0x00001f17) x30 0x8000cd6a
core   0: 0x8000bd6e (0x283f2b23) sw      gp, 662(t5)
core   0: 3 0x8000bd6e (0x283f2b23) mem 0x8000d000 0x00000001
core   0: 0x8000bd72 (0x0000bfe5) c.j     pc - 8
core   0: 3 0x8000bd72 (0xbfe5)
core   0: 0x8000bd6a (0x00001f17) auipc   t5, 0x1
core   0: 3 0x8000bd6a (0x00001f17) x30 0x8000cd6a
core   0: 0x8000bd6e (0x283f2b23) sw      gp, 662(t5)
core   0: 3 0x8000bd6e (0x283f2b23) mem 0x8000d000 0x00000001
core   0: 0x8000bd72 (0x0000bfe5) c.j     pc - 8
core   0: 3 0x8000bd72 (0xbfe5)
core   0: 0x8000bd6a (0x00001f17) auipc   t5, 0x1
core   0: 3 0x8000bd6a (0x00001f17) x30 0x8000cd6a
core   0: 0x8000bd6e (0x283f2b23) sw      gp, 662(t5)
core   0: 3 0x8000bd6e (0x283f2b23) mem 0x8000d000 0x00000001
core   0: 0x8000bd72 (0x0000bfe5) c.j     pc - 8
core   0: 3 0x8000bd72 (0xbfe5)
core   0: 0x8000bd6a (0x00001f17) auipc   t5, 0x1
core   0: 3 0x8000bd6a (0x00001f17) x30 0x8000cd6a
core   0: 0x8000bd6e (0x283f2b23) sw      gp, 662(t5)
core   0: 3 0x8000bd6e (0x283f2b23) mem 0x8000d000 0x00000001
core   0: 0x8000bd72 (0x0000bfe5) c.j     pc - 8
core   0: 3 0x8000bd72 (0xbfe5)
core   0: 0x8000bd6a (0x00001f17) auipc   t5, 0x1
core   0: 3 0x8000bd6a (0x00001f17) x30 0x8000cd6a
core   0: 0x8000bd6e (0x283f2b23) sw      gp, 662(t5)
core   0: 3 0x8000bd6e (0x283f2b23) mem 0x8000d000 0x00000001
core   0: 0x8000bd72 (0x0000bfe5) c.j     pc - 8
core   0: 3 0x8000bd72 (0xbfe5)
core   0: 0x8000bd6a (0x00001f17) auipc   t5, 0x1
core   0: 3 0x8000bd6a (0x00001f17) x30 0x8000cd6a
core   0: 0x8000bd6e (0x283f2b23) sw      gp, 662(t5)
core   0: 3 0x8000bd6e (0x283f2b23) mem 0x8000d000 0x00000001
core   0: 0x8000bd72 (0x0000bfe5) c.j     pc - 8
core   0: 3 0x8000bd72 (0xbfe5)
core   0: 0x8000bd6a (0x00001f17) auipc   t5, 0x1
core   0: 3 0x8000bd6a (0x00001f17) x30 0x8000cd6a
core   0: 0x8000bd6e (0x283f2b23) sw      gp, 662(t5)
core   0: 3 0x8000bd6e (0x283f2b23) mem 0x8000d000 0x00000001
core   0: 0x8000bd72 (0x0000bfe5) c.j     pc - 8
core   0: 3 0x8000bd72 (0xbfe5)
core   0: 0x8000bd6a (0x00001f17) auipc   t5, 0x1
core   0: 3 0x8000bd6a (0x00001f17) x30 0x8000cd6a
core   0: 0x8000bd6e (0x283f2b23) sw      gp, 662(t5)
core   0: 3 0x8000bd6e (0x283f2b23) mem 0x8000d000 0x00000001
core   0: 0x8000bd72 (0x0000bfe5) c.j     pc - 8
core   0: 3 0x8000bd72 (0xbfe5)
core   0: 0x8000bd6a (0x00001f17) auipc   t5, 0x1
core   0: 3 0x8000bd6a (0x00001f17) x30 0x8000cd6a
core   0: 0x8000bd6e (0x283f2b23) sw      gp, 662(t5)
core   0: 3 0x8000bd6e (0x283f2b23) mem 0x8000d000 0x00000001
core   0: 0x8000bd72 (0x0000bfe5) c.j     pc - 8
core   0: 3 0x8000bd72 (0xbfe5)
core   0: 0x8000bd6a (0x00001f17) auipc   t5, 0x1
core   0: 3 0x8000bd6a (0x00001f17) x30 0x8000cd6a
core   0: 0x8000bd6e (0x283f2b23) sw      gp, 662(t5)
core   0: 3 0x8000bd6e (0x283f2b23) mem 0x8000d000 0x00000001
core   0: 0x8000bd72 (0x0000bfe5) c.j     pc - 8
core   0: 3 0x8000bd72 (0xbfe5)
core   0: 0x8000bd6a (0x00001f17) auipc   t5, 0x1
core   0: 3 0x8000bd6a (0x00001f17) x30 0x8000cd6a
core   0: 0x8000bd6e (0x283f2b23) sw      gp, 662(t5)
core   0: 3 0x8000bd6e (0x283f2b23) mem 0x8000d000 0x00000001
core   0: 0x8000bd72 (0x0000bfe5) c.j     pc - 8
core   0: 3 0x8000bd72 (0xbfe5)
core   0: 0x8000bd6a (0x00001f17) auipc   t5, 0x1
core   0: 3 0x8000bd6a (0x00001f17) x30 0x8000cd6a
core   0: 0x8000bd6e (0x283f2b23) sw      gp, 662(t5)
core   0: 3 0x8000bd6e (0x283f2b23) mem 0x8000d000 0x00000001
core   0: 0x8000bd72 (0x0000bfe5) c.j     pc - 8
core   0: 3 0x8000bd72 (0xbfe5)
core   0: 0x8000bd6a (0x00001f17) auipc   t5, 0x1
core   0: 3 0x8000bd6a (0x00001f17) x30 0x8000cd6a
core   0: 0x8000bd6e (0x283f2b23) sw      gp, 662(t5)
core   0: 3 0x8000bd6e (0x283f2b23) mem 0x8000d000 0x00000001
core   0: 0x8000bd72 (0x0000bfe5) c.j     pc - 8
core   0: 3 0x8000bd72 (0xbfe5)
core   0: 0x8000bd6a (0x00001f17) auipc   t5, 0x1
core   0: 3 0x8000bd6a (0x00001f17) x30 0x8000cd6a
core   0: 0x8000bd6e (0x283f2b23) sw      gp, 662(t5)
core   0: 3 0x8000bd6e (0x283f2b23) mem 0x8000d000 0x00000001
core   0: 0x8000bd72 (0x0000bfe5) c.j     pc - 8
core   0: 3 0x8000bd72 (0xbfe5)
core   0: 0x8000bd6a (0x00001f17) auipc   t5, 0x1
core   0: 3 0x8000bd6a (0x00001f17) x30 0x8000cd6a
core   0: 0x8000bd6e (0x283f2b23) sw      gp, 662(t5)
core   0: 3 0x8000bd6e (0x283f2b23) mem 0x8000d000 0x00000001
core   0: 0x8000bd72 (0x0000bfe5) c.j     pc - 8
core   0: 3 0x8000bd72 (0xbfe5)
core   0: 0x8000bd6a (0x00001f17) auipc   t5, 0x1
core   0: 3 0x8000bd6a (0x00001f17) x30 0x8000cd6a
core   0: 0x8000bd6e (0x283f2b23) sw      gp, 662(t5)
core   0: 3 0x8000bd6e (0x283f2b23) mem 0x8000d000 0x00000001
core   0: 0x8000bd72 (0x0000bfe5) c.j     pc - 8
core   0: 3 0x8000bd72 (0xbfe5)
core   0: 0x8000bd6a (0x00001f17) auipc   t5, 0x1
core   0: 3 0x8000bd6a (0x00001f17) x30 0x8000cd6a
core   0: 0x8000bd6e (0x283f2b23) sw      gp, 662(t5)
core   0: 3 0x8000bd6e (0x283f2b23) mem 0x8000d000 0x00000001
core   0: 0x8000bd72 (0x0000bfe5) c.j     pc - 8
core   0: 3 0x8000bd72 (0xbfe5)
core   0: 0x8000bd6a (0x00001f17) auipc   t5, 0x1
core   0: 3 0x8000bd6a (0x00001f17) x30 0x8000cd6a
core   0: 0x8000bd6e (0x283f2b23) sw      gp, 662(t5)
core   0: 3 0x8000bd6e (0x283f2b23) mem 0x8000d000 0x00000001
core   0: 0x8000bd72 (0x0000bfe5) c.j     pc - 8
core   0: 3 0x8000bd72 (0xbfe5)
core   0: 0x8000bd6a (0x00001f17) auipc   t5, 0x1
core   0: 3 0x8000bd6a (0x00001f17) x30 0x8000cd6a
core   0: 0x8000bd6e (0x283f2b23) sw      gp, 662(t5)
core   0: 3 0x8000bd6e (0x283f2b23) mem 0x8000d000 0x00000001
core   0: 0x8000bd72 (0x0000bfe5) c.j     pc - 8
core   0: 3 0x8000bd72 (0xbfe5)
core   0: 0x8000bd6a (0x00001f17) auipc   t5, 0x1
core   0: 3 0x8000bd6a (0x00001f17) x30 0x8000cd6a
core   0: 0x8000bd6e (0x283f2b23) sw      gp, 662(t5)
core   0: 3 0x8000bd6e (0x283f2b23) mem 0x8000d000 0x00000001
core   0: 0x8000bd72 (0x0000bfe5) c.j     pc - 8
core   0: 3 0x8000bd72 (0xbfe5)
core   0: 0x8000bd6a (0x00001f17) auipc   t5, 0x1
core   0: 3 0x8000bd6a (0x00001f17) x30 0x8000cd6a
core   0: 0x8000bd6e (0x283f2b23) sw      gp, 662(t5)
core   0: 3 0x8000bd6e (0x283f2b23) mem 0x8000d000 0x00000001
core   0: 0x8000bd72 (0x0000bfe5) c.j     pc - 8
core   0: 3 0x8000bd72 (0xbfe5)
core   0: 0x8000bd6a (0x00001f17) auipc   t5, 0x1
core   0: 3 0x8000bd6a (0x00001f17) x30 0x8000cd6a
core   0: 0x8000bd6e (0x283f2b23) sw      gp, 662(t5)
core   0: 3 0x8000bd6e (0x283f2b23) mem 0x8000d000 0x00000001
core   0: 0x8000bd72 (0x0000bfe5) c.j     pc - 8
core   0: 3 0x8000bd72 (0xbfe5)
core   0: 0x8000bd6a (0x00001f17) auipc   t5, 0x1
core   0: 3 0x8000bd6a (0x00001f17) x30 0x8000cd6a
core   0: 0x8000bd6e (0x283f2b23) sw      gp, 662(t5)
core   0: 3 0x8000bd6e (0x283f2b23) mem 0x8000d000 0x00000001
core   0: 0x8000bd72 (0x0000bfe5) c.j     pc - 8
core   0: 3 0x8000bd72 (0xbfe5)
core   0: 0x8000bd6a (0x00001f17) auipc   t5, 0x1
core   0: 3 0x8000bd6a (0x00001f17) x30 0x8000cd6a
core   0: 0x8000bd6e (0x283f2b23) sw      gp, 662(t5)
core   0: 3 0x8000bd6e (0x283f2b23) mem 0x8000d000 0x00000001
core   0: 0x8000bd72 (0x0000bfe5) c.j     pc - 8
core   0: 3 0x8000bd72 (0xbfe5)
core   0: 0x8000bd6a (0x00001f17) auipc   t5, 0x1
core   0: 3 0x8000bd6a (0x00001f17) x30 0x8000cd6a
core   0: 0x8000bd6e (0x283f2b23) sw      gp, 662(t5)
core   0: 3 0x8000bd6e (0x283f2b23) mem 0x8000d000 0x00000001
core   0: 0x8000bd72 (0x0000bfe5) c.j     pc - 8
core   0: 3 0x8000bd72 (0xbfe5)
core   0: 0x8000bd6a (0x00001f17) auipc   t5, 0x1
core   0: 3 0x8000bd6a (0x00001f17) x30 0x8000cd6a
core   0: 0x8000bd6e (0x283f2b23) sw      gp, 662(t5)
core   0: 3 0x8000bd6e (0x283f2b23) mem 0x8000d000 0x00000001
core   0: 0x8000bd72 (0x0000bfe5) c.j     pc - 8
core   0: 3 0x8000bd72 (0xbfe5)
core   0: 0x8000bd6a (0x00001f17) auipc   t5, 0x1
core   0: 3 0x8000bd6a (0x00001f17) x30 0x8000cd6a
core   0: 0x8000bd6e (0x283f2b23) sw      gp, 662(t5)
core   0: 3 0x8000bd6e (0x283f2b23) mem 0x8000d000 0x00000001
core   0: 0x8000bd72 (0x0000bfe5) c.j     pc - 8
core   0: 3 0x8000bd72 (0xbfe5)
core   0: 0x8000bd6a (0x00001f17) auipc   t5, 0x1
core   0: 3 0x8000bd6a (0x00001f17) x30 0x8000cd6a
core   0: 0x8000bd6e (0x283f2b23) sw      gp, 662(t5)
core   0: 3 0x8000bd6e (0x283f2b23) mem 0x8000d000 0x00000001
core   0: 0x8000bd72 (0x0000bfe5) c.j     pc - 8
core   0: 3 0x8000bd72 (0xbfe5)
core   0: 0x8000bd6a (0x00001f17) auipc   t5, 0x1
core   0: 3 0x8000bd6a (0x00001f17) x30 0x8000cd6a
core   0: 0x8000bd6e (0x283f2b23) sw      gp, 662(t5)
core   0: 3 0x8000bd6e (0x283f2b23) mem 0x8000d000 0x00000001
core   0: 0x8000bd72 (0x0000bfe5) c.j     pc - 8
core   0: 3 0x8000bd72 (0xbfe5)
core   0: 0x8000bd6a (0x00001f17) auipc   t5, 0x1
core   0: 3 0x8000bd6a (0x00001f17) x30 0x8000cd6a
core   0: 0x8000bd6e (0x283f2b23) sw      gp, 662(t5)
core   0: 3 0x8000bd6e (0x283f2b23) mem 0x8000d000 0x00000001
core   0: 0x8000bd72 (0x0000bfe5) c.j     pc - 8
core   0: 3 0x8000bd72 (0xbfe5)
core   0: 0x8000bd6a (0x00001f17) auipc   t5, 0x1
core   0: 3 0x8000bd6a (0x00001f17) x30 0x8000cd6a
core   0: 0x8000bd6e (0x283f2b23) sw      gp, 662(t5)
core   0: 3 0x8000bd6e (0x283f2b23) mem 0x8000d000 0x00000001
core   0: 0x8000bd72 (0x0000bfe5) c.j     pc - 8
core   0: 3 0x8000bd72 (0xbfe5)
core   0: 0x8000bd6a (0x00001f17) auipc   t5, 0x1
core   0: 3 0x8000bd6a (0x00001f17) x30 0x8000cd6a
core   0: 0x8000bd6e (0x283f2b23) sw      gp, 662(t5)
core   0: 3 0x8000bd6e (0x283f2b23) mem 0x8000d000 0x00000001
core   0: 0x8000bd72 (0x0000bfe5) c.j     pc - 8
core   0: 3 0x8000bd72 (0xbfe5)
core   0: 0x8000bd6a (0x00001f17) auipc   t5, 0x1
core   0: 3 0x8000bd6a (0x00001f17) x30 0x8000cd6a
core   0: 0x8000bd6e (0x283f2b23) sw      gp, 662(t5)
core   0: 3 0x8000bd6e (0x283f2b23) mem 0x8000d000 0x00000001
core   0: 0x8000bd72 (0x0000bfe5) c.j     pc - 8
core   0: 3 0x8000bd72 (0xbfe5)
core   0: 0x8000bd6a (0x00001f17) auipc   t5, 0x1
core   0: 3 0x8000bd6a (0x00001f17) x30 0x8000cd6a
core   0: 0x8000bd6e (0x283f2b23) sw      gp, 662(t5)
core   0: 3 0x8000bd6e (0x283f2b23) mem 0x8000d000 0x00000001
core   0: 0x8000bd72 (0x0000bfe5) c.j     pc - 8
core   0: 3 0x8000bd72 (0xbfe5)
core   0: 0x8000bd6a (0x00001f17) auipc   t5, 0x1
core   0: 3 0x8000bd6a (0x00001f17) x30 0x8000cd6a
core   0: 0x8000bd6e (0x283f2b23) sw      gp, 662(t5)
core   0: 3 0x8000bd6e (0x283f2b23) mem 0x8000d000 0x00000001
core   0: 0x8000bd72 (0x0000bfe5) c.j     pc - 8
core   0: 3 0x8000bd72 (0xbfe5)
core   0: 0x8000bd6a (0x00001f17) auipc   t5, 0x1
core   0: 3 0x8000bd6a (0x00001f17) x30 0x8000cd6a
core   0: 0x8000bd6e (0x283f2b23) sw      gp, 662(t5)
core   0: 3 0x8000bd6e (0x283f2b23) mem 0x8000d000 0x00000001
core   0: 0x8000bd72 (0x0000bfe5) c.j     pc - 8
core   0: 3 0x8000bd72 (0xbfe5)
core   0: 0x8000bd6a (0x00001f17) auipc   t5, 0x1
core   0: 3 0x8000bd6a (0x00001f17) x30 0x8000cd6a
core   0: 0x8000bd6e (0x283f2b23) sw      gp, 662(t5)
core   0: 3 0x8000bd6e (0x283f2b23) mem 0x8000d000 0x00000001
core   0: 0x8000bd72 (0x0000bfe5) c.j     pc - 8
core   0: 3 0x8000bd72 (0xbfe5)
core   0: 0x8000bd6a (0x00001f17) auipc   t5, 0x1
core   0: 3 0x8000bd6a (0x00001f17) x30 0x8000cd6a
core   0: 0x8000bd6e (0x283f2b23) sw      gp, 662(t5)
core   0: 3 0x8000bd6e (0x283f2b23) mem 0x8000d000 0x00000001
core   0: 0x8000bd72 (0x0000bfe5) c.j     pc - 8
core   0: 3 0x8000bd72 (0xbfe5)
core   0: 0x8000bd6a (0x00001f17) auipc   t5, 0x1
core   0: 3 0x8000bd6a (0x00001f17) x30 0x8000cd6a
core   0: 0x8000bd6e (0x283f2b23) sw      gp, 662(t5)
core   0: 3 0x8000bd6e (0x283f2b23) mem 0x8000d000 0x00000001
core   0: 0x8000bd72 (0x0000bfe5) c.j     pc - 8
core   0: 3 0x8000bd72 (0xbfe5)
core   0: 0x8000bd6a (0x00001f17) auipc   t5, 0x1
core   0: 3 0x8000bd6a (0x00001f17) x30 0x8000cd6a
core   0: 0x8000bd6e (0x283f2b23) sw      gp, 662(t5)
core   0: 3 0x8000bd6e (0x283f2b23) mem 0x8000d000 0x00000001
core   0: 0x8000bd72 (0x0000bfe5) c.j     pc - 8
core   0: 3 0x8000bd72 (0xbfe5)
core   0: 0x8000bd6a (0x00001f17) auipc   t5, 0x1
core   0: 3 0x8000bd6a (0x00001f17) x30 0x8000cd6a
core   0: 0x8000bd6e (0x283f2b23) sw      gp, 662(t5)
core   0: 3 0x8000bd6e (0x283f2b23) mem 0x8000d000 0x00000001
core   0: 0x8000bd72 (0x0000bfe5) c.j     pc - 8
core   0: 3 0x8000bd72 (0xbfe5)
core   0: 0x8000bd6a (0x00001f17) auipc   t5, 0x1
core   0: 3 0x8000bd6a (0x00001f17) x30 0x8000cd6a
core   0: 0x8000bd6e (0x283f2b23) sw      gp, 662(t5)
core   0: 3 0x8000bd6e (0x283f2b23) mem 0x8000d000 0x00000001
core   0: 0x8000bd72 (0x0000bfe5) c.j     pc - 8
core   0: 3 0x8000bd72 (0xbfe5)
core   0: 0x8000bd6a (0x00001f17) auipc   t5, 0x1
core   0: 3 0x8000bd6a (0x00001f17) x30 0x8000cd6a
core   0: 0x8000bd6e (0x283f2b23) sw      gp, 662(t5)
core   0: 3 0x8000bd6e (0x283f2b23) mem 0x8000d000 0x00000001
core   0: 0x8000bd72 (0x0000bfe5) c.j     pc - 8
core   0: 3 0x8000bd72 (0xbfe5)
core   0: 0x8000bd6a (0x00001f17) auipc   t5, 0x1
core   0: 3 0x8000bd6a (0x00001f17) x30 0x8000cd6a
core   0: 0x8000bd6e (0x283f2b23) sw      gp, 662(t5)
core   0: 3 0x8000bd6e (0x283f2b23) mem 0x8000d000 0x00000001
core   0: 0x8000bd72 (0x0000bfe5) c.j     pc - 8
core   0: 3 0x8000bd72 (0xbfe5)
core   0: 0x8000bd6a (0x00001f17) auipc   t5, 0x1
core   0: 3 0x8000bd6a (0x00001f17) x30 0x8000cd6a
core   0: 0x8000bd6e (0x283f2b23) sw      gp, 662(t5)
core   0: 3 0x8000bd6e (0x283f2b23) mem 0x8000d000 0x00000001
core   0: 0x8000bd72 (0x0000bfe5) c.j     pc - 8
core   0: 3 0x8000bd72 (0xbfe5)
core   0: 0x8000bd6a (0x00001f17) auipc   t5, 0x1
core   0: 3 0x8000bd6a (0x00001f17) x30 0x8000cd6a
core   0: 0x8000bd6e (0x283f2b23) sw      gp, 662(t5)
core   0: 3 0x8000bd6e (0x283f2b23) mem 0x8000d000 0x00000001
core   0: 0x8000bd72 (0x0000bfe5) c.j     pc - 8
core   0: 3 0x8000bd72 (0xbfe5)
core   0: 0x8000bd6a (0x00001f17) auipc   t5, 0x1
core   0: 3 0x8000bd6a (0x00001f17) x30 0x8000cd6a
core   0: 0x8000bd6e (0x283f2b23) sw      gp, 662(t5)
core   0: 3 0x8000bd6e (0x283f2b23) mem 0x8000d000 0x00000001
core   0: 0x8000bd72 (0x0000bfe5) c.j     pc - 8
core   0: 3 0x8000bd72 (0xbfe5)
core   0: 0x8000bd6a (0x00001f17) auipc   t5, 0x1
core   0: 3 0x8000bd6a (0x00001f17) x30 0x8000cd6a
core   0: 0x8000bd6e (0x283f2b23) sw      gp, 662(t5)
core   0: 3 0x8000bd6e (0x283f2b23) mem 0x8000d000 0x00000001
core   0: 0x8000bd72 (0x0000bfe5) c.j     pc - 8
core   0: 3 0x8000bd72 (0xbfe5)
core   0: 0x8000bd6a (0x00001f17) auipc   t5, 0x1
core   0: 3 0x8000bd6a (0x00001f17) x30 0x8000cd6a
core   0: 0x8000bd6e (0x283f2b23) sw      gp, 662(t5)
core   0: 3 0x8000bd6e (0x283f2b23) mem 0x8000d000 0x00000001
core   0: 0x8000bd72 (0x0000bfe5) c.j     pc - 8
core   0: 3 0x8000bd72 (0xbfe5)
core   0: 0x8000bd6a (0x00001f17) auipc   t5, 0x1
core   0: 3 0x8000bd6a (0x00001f17) x30 0x8000cd6a
core   0: 0x8000bd6e (0x283f2b23) sw      gp, 662(t5)
core   0: 3 0x8000bd6e (0x283f2b23) mem 0x8000d000 0x00000001
core   0: 0x8000bd72 (0x0000bfe5) c.j     pc - 8
core   0: 3 0x8000bd72 (0xbfe5)
core   0: 0x8000bd6a (0x00001f17) auipc   t5, 0x1
core   0: 3 0x8000bd6a (0x00001f17) x30 0x8000cd6a
core   0: 0x8000bd6e (0x283f2b23) sw      gp, 662(t5)
core   0: 3 0x8000bd6e (0x283f2b23) mem 0x8000d000 0x00000001
core   0: 0x8000bd72 (0x0000bfe5) c.j     pc - 8
core   0: 3 0x8000bd72 (0xbfe5)
core   0: 0x8000bd6a (0x00001f17) auipc   t5, 0x1
core   0: 3 0x8000bd6a (0x00001f17) x30 0x8000cd6a
core   0: 0x8000bd6e (0x283f2b23) sw      gp, 662(t5)
core   0: 3 0x8000bd6e (0x283f2b23) mem 0x8000d000 0x00000001
core   0: 0x8000bd72 (0x0000bfe5) c.j     pc - 8
core   0: 3 0x8000bd72 (0xbfe5)
core   0: 0x8000bd6a (0x00001f17) auipc   t5, 0x1
core   0: 3 0x8000bd6a (0x00001f17) x30 0x8000cd6a
core   0: 0x8000bd6e (0x283f2b23) sw      gp, 662(t5)
core   0: 3 0x8000bd6e (0x283f2b23) mem 0x8000d000 0x00000001
core   0: 0x8000bd72 (0x0000bfe5) c.j     pc - 8
core   0: 3 0x8000bd72 (0xbfe5)
core   0: 0x8000bd6a (0x00001f17) auipc   t5, 0x1
core   0: 3 0x8000bd6a (0x00001f17) x30 0x8000cd6a
core   0: 0x8000bd6e (0x283f2b23) sw      gp, 662(t5)
core   0: 3 0x8000bd6e (0x283f2b23) mem 0x8000d000 0x00000001
core   0: 0x8000bd72 (0x0000bfe5) c.j     pc - 8
core   0: 3 0x8000bd72 (0xbfe5)
core   0: 0x8000bd6a (0x00001f17) auipc   t5, 0x1
core   0: 3 0x8000bd6a (0x00001f17) x30 0x8000cd6a
core   0: 0x8000bd6e (0x283f2b23) sw      gp, 662(t5)
core   0: 3 0x8000bd6e (0x283f2b23) mem 0x8000d000 0x00000001
core   0: 0x8000bd72 (0x0000bfe5) c.j     pc - 8
core   0: 3 0x8000bd72 (0xbfe5)
core   0: 0x8000bd6a (0x00001f17) auipc   t5, 0x1
core   0: 3 0x8000bd6a (0x00001f17) x30 0x8000cd6a
core   0: 0x8000bd6e (0x283f2b23) sw      gp, 662(t5)
core   0: 3 0x8000bd6e (0x283f2b23) mem 0x8000d000 0x00000001
core   0: 0x8000bd72 (0x0000bfe5) c.j     pc - 8
core   0: 3 0x8000bd72 (0xbfe5)
core   0: 0x8000bd6a (0x00001f17) auipc   t5, 0x1
core   0: 3 0x8000bd6a (0x00001f17) x30 0x8000cd6a
core   0: 0x8000bd6e (0x283f2b23) sw      gp, 662(t5)
core   0: 3 0x8000bd6e (0x283f2b23) mem 0x8000d000 0x00000001
core   0: 0x8000bd72 (0x0000bfe5) c.j     pc - 8
core   0: 3 0x8000bd72 (0xbfe5)
core   0: 0x8000bd6a (0x00001f17) auipc   t5, 0x1
core   0: 3 0x8000bd6a (0x00001f17) x30 0x8000cd6a
core   0: 0x8000bd6e (0x283f2b23) sw      gp, 662(t5)
core   0: 3 0x8000bd6e (0x283f2b23) mem 0x8000d000 0x00000001
core   0: 0x8000bd72 (0x0000bfe5) c.j     pc - 8
core   0: 3 0x8000bd72 (0xbfe5)
core   0: 0x8000bd6a (0x00001f17) auipc   t5, 0x1
core   0: 3 0x8000bd6a (0x00001f17) x30 0x8000cd6a
core   0: 0x8000bd6e (0x283f2b23) sw      gp, 662(t5)
core   0: 3 0x8000bd6e (0x283f2b23) mem 0x8000d000 0x00000001
core   0: 0x8000bd72 (0x0000bfe5) c.j     pc - 8
core   0: 3 0x8000bd72 (0xbfe5)
core   0: 0x8000bd6a (0x00001f17) auipc   t5, 0x1
core   0: 3 0x8000bd6a (0x00001f17) x30 0x8000cd6a
core   0: 0x8000bd6e (0x283f2b23) sw      gp, 662(t5)
core   0: 3 0x8000bd6e (0x283f2b23) mem 0x8000d000 0x00000001
core   0: 0x8000bd72 (0x0000bfe5) c.j     pc - 8
core   0: 3 0x8000bd72 (0xbfe5)
core   0: 0x8000bd6a (0x00001f17) auipc   t5, 0x1
core   0: 3 0x8000bd6a (0x00001f17) x30 0x8000cd6a
core   0: 0x8000bd6e (0x283f2b23) sw      gp, 662(t5)
core   0: 3 0x8000bd6e (0x283f2b23) mem 0x8000d000 0x00000001
core   0: 0x8000bd72 (0x0000bfe5) c.j     pc - 8
core   0: 3 0x8000bd72 (0xbfe5)
core   0: 0x8000bd6a (0x00001f17) auipc   t5, 0x1
core   0: 3 0x8000bd6a (0x00001f17) x30 0x8000cd6a
core   0: 0x8000bd6e (0x283f2b23) sw      gp, 662(t5)
core   0: 3 0x8000bd6e (0x283f2b23) mem 0x8000d000 0x00000001
core   0: 0x8000bd72 (0x0000bfe5) c.j     pc - 8
core   0: 3 0x8000bd72 (0xbfe5)
core   0: 0x8000bd6a (0x00001f17) auipc   t5, 0x1
core   0: 3 0x8000bd6a (0x00001f17) x30 0x8000cd6a
core   0: 0x8000bd6e (0x283f2b23) sw      gp, 662(t5)
core   0: 3 0x8000bd6e (0x283f2b23) mem 0x8000d000 0x00000001
core   0: 0x8000bd72 (0x0000bfe5) c.j     pc - 8
core   0: 3 0x8000bd72 (0xbfe5)
core   0: 0x8000bd6a (0x00001f17) auipc   t5, 0x1
core   0: 3 0x8000bd6a (0x00001f17) x30 0x8000cd6a
core   0: 0x8000bd6e (0x283f2b23) sw      gp, 662(t5)
core   0: 3 0x8000bd6e (0x283f2b23) mem 0x8000d000 0x00000001
core   0: 0x8000bd72 (0x0000bfe5) c.j     pc - 8
core   0: 3 0x8000bd72 (0xbfe5)
core   0: 0x8000bd6a (0x00001f17) auipc   t5, 0x1
core   0: 3 0x8000bd6a (0x00001f17) x30 0x8000cd6a
core   0: 0x8000bd6e (0x283f2b23) sw      gp, 662(t5)
core   0: 3 0x8000bd6e (0x283f2b23) mem 0x8000d000 0x00000001
core   0: 0x8000bd72 (0x0000bfe5) c.j     pc - 8
core   0: 3 0x8000bd72 (0xbfe5)
core   0: 0x8000bd6a (0x00001f17) auipc   t5, 0x1
core   0: 3 0x8000bd6a (0x00001f17) x30 0x8000cd6a
core   0: 0x8000bd6e (0x283f2b23) sw      gp, 662(t5)
core   0: 3 0x8000bd6e (0x283f2b23) mem 0x8000d000 0x00000001
core   0: 0x8000bd72 (0x0000bfe5) c.j     pc - 8
core   0: 3 0x8000bd72 (0xbfe5)
core   0: 0x8000bd6a (0x00001f17) auipc   t5, 0x1
core   0: 3 0x8000bd6a (0x00001f17) x30 0x8000cd6a
core   0: 0x8000bd6e (0x283f2b23) sw      gp, 662(t5)
core   0: 3 0x8000bd6e (0x283f2b23) mem 0x8000d000 0x00000001
core   0: 0x8000bd72 (0x0000bfe5) c.j     pc - 8
core   0: 3 0x8000bd72 (0xbfe5)
core   0: 0x8000bd6a (0x00001f17) auipc   t5, 0x1
core   0: 3 0x8000bd6a (0x00001f17) x30 0x8000cd6a
core   0: 0x8000bd6e (0x283f2b23) sw      gp, 662(t5)
core   0: 3 0x8000bd6e (0x283f2b23) mem 0x8000d000 0x00000001
core   0: 0x8000bd72 (0x0000bfe5) c.j     pc - 8
core   0: 3 0x8000bd72 (0xbfe5)
core   0: 0x8000bd6a (0x00001f17) auipc   t5, 0x1
core   0: 3 0x8000bd6a (0x00001f17) x30 0x8000cd6a
core   0: 0x8000bd6e (0x283f2b23) sw      gp, 662(t5)
core   0: 3 0x8000bd6e (0x283f2b23) mem 0x8000d000 0x00000001
core   0: 0x8000bd72 (0x0000bfe5) c.j     pc - 8
core   0: 3 0x8000bd72 (0xbfe5)
core   0: 0x8000bd6a (0x00001f17) auipc   t5, 0x1
core   0: 3 0x8000bd6a (0x00001f17) x30 0x8000cd6a
core   0: 0x8000bd6e (0x283f2b23) sw      gp, 662(t5)
core   0: 3 0x8000bd6e (0x283f2b23) mem 0x8000d000 0x00000001
core   0: 0x8000bd72 (0x0000bfe5) c.j     pc - 8
core   0: 3 0x8000bd72 (0xbfe5)
core   0: 0x8000bd6a (0x00001f17) auipc   t5, 0x1
core   0: 3 0x8000bd6a (0x00001f17) x30 0x8000cd6a
core   0: 0x8000bd6e (0x283f2b23) sw      gp, 662(t5)
core   0: 3 0x8000bd6e (0x283f2b23) mem 0x8000d000 0x00000001
core   0: 0x8000bd72 (0x0000bfe5) c.j     pc - 8
core   0: 3 0x8000bd72 (0xbfe5)
core   0: 0x8000bd6a (0x00001f17) auipc   t5, 0x1
core   0: 3 0x8000bd6a (0x00001f17) x30 0x8000cd6a
core   0: 0x8000bd6e (0x283f2b23) sw      gp, 662(t5)
core   0: 3 0x8000bd6e (0x283f2b23) mem 0x8000d000 0x00000001
core   0: 0x8000bd72 (0x0000bfe5) c.j     pc - 8
core   0: 3 0x8000bd72 (0xbfe5)
core   0: 0x8000bd6a (0x00001f17) auipc   t5, 0x1
core   0: 3 0x8000bd6a (0x00001f17) x30 0x8000cd6a
core   0: 0x8000bd6e (0x283f2b23) sw      gp, 662(t5)
core   0: 3 0x8000bd6e (0x283f2b23) mem 0x8000d000 0x00000001
core   0: 0x8000bd72 (0x0000bfe5) c.j     pc - 8
core   0: 3 0x8000bd72 (0xbfe5)
core   0: 0x8000bd6a (0x00001f17) auipc   t5, 0x1
core   0: 3 0x8000bd6a (0x00001f17) x30 0x8000cd6a
core   0: 0x8000bd6e (0x283f2b23) sw      gp, 662(t5)
core   0: 3 0x8000bd6e (0x283f2b23) mem 0x8000d000 0x00000001
core   0: 0x8000bd72 (0x0000bfe5) c.j     pc - 8
core   0: 3 0x8000bd72 (0xbfe5)
core   0: 0x8000bd6a (0x00001f17) auipc   t5, 0x1
core   0: 3 0x8000bd6a (0x00001f17) x30 0x8000cd6a
core   0: 0x8000bd6e (0x283f2b23) sw      gp, 662(t5)
core   0: 3 0x8000bd6e (0x283f2b23) mem 0x8000d000 0x00000001
core   0: 0x8000bd72 (0x0000bfe5) c.j     pc - 8
core   0: 3 0x8000bd72 (0xbfe5)
core   0: 0x8000bd6a (0x00001f17) auipc   t5, 0x1
core   0: 3 0x8000bd6a (0x00001f17) x30 0x8000cd6a
core   0: 0x8000bd6e (0x283f2b23) sw      gp, 662(t5)
core   0: 3 0x8000bd6e (0x283f2b23) mem 0x8000d000 0x00000001
core   0: 0x8000bd72 (0x0000bfe5) c.j     pc - 8
core   0: 3 0x8000bd72 (0xbfe5)
core   0: 0x8000bd6a (0x00001f17) auipc   t5, 0x1
core   0: 3 0x8000bd6a (0x00001f17) x30 0x8000cd6a
core   0: 0x8000bd6e (0x283f2b23) sw      gp, 662(t5)
core   0: 3 0x8000bd6e (0x283f2b23) mem 0x8000d000 0x00000001
core   0: 0x8000bd72 (0x0000bfe5) c.j     pc - 8
core   0: 3 0x8000bd72 (0xbfe5)
core   0: 0x8000bd6a (0x00001f17) auipc   t5, 0x1
core   0: 3 0x8000bd6a (0x00001f17) x30 0x8000cd6a
core   0: 0x8000bd6e (0x283f2b23) sw      gp, 662(t5)
core   0: 3 0x8000bd6e (0x283f2b23) mem 0x8000d000 0x00000001
core   0: 0x8000bd72 (0x0000bfe5) c.j     pc - 8
core   0: 3 0x8000bd72 (0xbfe5)
core   0: 0x8000bd6a (0x00001f17) auipc   t5, 0x1
core   0: 3 0x8000bd6a (0x00001f17) x30 0x8000cd6a
core   0: 0x8000bd6e (0x283f2b23) sw      gp, 662(t5)
core   0: 3 0x8000bd6e (0x283f2b23) mem 0x8000d000 0x00000001
core   0: 0x8000bd72 (0x0000bfe5) c.j     pc - 8
core   0: 3 0x8000bd72 (0xbfe5)
core   0: 0x8000bd6a (0x00001f17) auipc   t5, 0x1
core   0: 3 0x8000bd6a (0x00001f17) x30 0x8000cd6a
core   0: 0x8000bd6e (0x283f2b23) sw      gp, 662(t5)
core   0: 3 0x8000bd6e (0x283f2b23) mem 0x8000d000 0x00000001
core   0: 0x8000bd72 (0x0000bfe5) c.j     pc - 8
core   0: 3 0x8000bd72 (0xbfe5)
core   0: 0x8000bd6a (0x00001f17) auipc   t5, 0x1
core   0: 3 0x8000bd6a (0x00001f17) x30 0x8000cd6a
core   0: 0x8000bd6e (0x283f2b23) sw      gp, 662(t5)
core   0: 3 0x8000bd6e (0x283f2b23) mem 0x8000d000 0x00000001
core   0: 0x8000bd72 (0x0000bfe5) c.j     pc - 8
core   0: 3 0x8000bd72 (0xbfe5)
core   0: 0x8000bd6a (0x00001f17) auipc   t5, 0x1
core   0: 3 0x8000bd6a (0x00001f17) x30 0x8000cd6a
core   0: 0x8000bd6e (0x283f2b23) sw      gp, 662(t5)
core   0: 3 0x8000bd6e (0x283f2b23) mem 0x8000d000 0x00000001
core   0: 0x8000bd72 (0x0000bfe5) c.j     pc - 8
core   0: 3 0x8000bd72 (0xbfe5)
core   0: 0x8000bd6a (0x00001f17) auipc   t5, 0x1
core   0: 3 0x8000bd6a (0x00001f17) x30 0x8000cd6a
core   0: 0x8000bd6e (0x283f2b23) sw      gp, 662(t5)
core   0: 3 0x8000bd6e (0x283f2b23) mem 0x8000d000 0x00000001
core   0: 0x8000bd72 (0x0000bfe5) c.j     pc - 8
core   0: 3 0x8000bd72 (0xbfe5)
core   0: 0x8000bd6a (0x00001f17) auipc   t5, 0x1
core   0: 3 0x8000bd6a (0x00001f17) x30 0x8000cd6a
core   0: 0x8000bd6e (0x283f2b23) sw      gp, 662(t5)
core   0: 3 0x8000bd6e (0x283f2b23) mem 0x8000d000 0x00000001
core   0: 0x8000bd72 (0x0000bfe5) c.j     pc - 8
core   0: 3 0x8000bd72 (0xbfe5)
core   0: 0x8000bd6a (0x00001f17) auipc   t5, 0x1
core   0: 3 0x8000bd6a (0x00001f17) x30 0x8000cd6a
core   0: 0x8000bd6e (0x283f2b23) sw      gp, 662(t5)
core   0: 3 0x8000bd6e (0x283f2b23) mem 0x8000d000 0x00000001
core   0: 0x8000bd72 (0x0000bfe5) c.j     pc - 8
core   0: 3 0x8000bd72 (0xbfe5)
core   0: 0x8000bd6a (0x00001f17) auipc   t5, 0x1
core   0: 3 0x8000bd6a (0x00001f17) x30 0x8000cd6a
core   0: 0x8000bd6e (0x283f2b23) sw      gp, 662(t5)
core   0: 3 0x8000bd6e (0x283f2b23) mem 0x8000d000 0x00000001
core   0: 0x8000bd72 (0x0000bfe5) c.j     pc - 8
core   0: 3 0x8000bd72 (0xbfe5)
core   0: 0x8000bd6a (0x00001f17) auipc   t5, 0x1
core   0: 3 0x8000bd6a (0x00001f17) x30 0x8000cd6a
core   0: 0x8000bd6e (0x283f2b23) sw      gp, 662(t5)
core   0: 3 0x8000bd6e (0x283f2b23) mem 0x8000d000 0x00000001
core   0: 0x8000bd72 (0x0000bfe5) c.j     pc - 8
core   0: 3 0x8000bd72 (0xbfe5)
core   0: 0x8000bd6a (0x00001f17) auipc   t5, 0x1
core   0: 3 0x8000bd6a (0x00001f17) x30 0x8000cd6a
core   0: 0x8000bd6e (0x283f2b23) sw      gp, 662(t5)
core   0: 3 0x8000bd6e (0x283f2b23) mem 0x8000d000 0x00000001
core   0: 0x8000bd72 (0x0000bfe5) c.j     pc - 8
core   0: 3 0x8000bd72 (0xbfe5)
core   0: 0x8000bd6a (0x00001f17) auipc   t5, 0x1
core   0: 3 0x8000bd6a (0x00001f17) x30 0x8000cd6a
core   0: 0x8000bd6e (0x283f2b23) sw      gp, 662(t5)
core   0: 3 0x8000bd6e (0x283f2b23) mem 0x8000d000 0x00000001
core   0: 0x8000bd72 (0x0000bfe5) c.j     pc - 8
core   0: 3 0x8000bd72 (0xbfe5)
core   0: 0x8000bd6a (0x00001f17) auipc   t5, 0x1
core   0: 3 0x8000bd6a (0x00001f17) x30 0x8000cd6a
core   0: 0x8000bd6e (0x283f2b23) sw      gp, 662(t5)
core   0: 3 0x8000bd6e (0x283f2b23) mem 0x8000d000 0x00000001
core   0: 0x8000bd72 (0x0000bfe5) c.j     pc - 8
core   0: 3 0x8000bd72 (0xbfe5)
core   0: 0x8000bd6a (0x00001f17) auipc   t5, 0x1
core   0: 3 0x8000bd6a (0x00001f17) x30 0x8000cd6a
core   0: 0x8000bd6e (0x283f2b23) sw      gp, 662(t5)
core   0: 3 0x8000bd6e (0x283f2b23) mem 0x8000d000 0x00000001
core   0: 0x8000bd72 (0x0000bfe5) c.j     pc - 8
core   0: 3 0x8000bd72 (0xbfe5)
core   0: 0x8000bd6a (0x00001f17) auipc   t5, 0x1
core   0: 3 0x8000bd6a (0x00001f17) x30 0x8000cd6a
core   0: 0x8000bd6e (0x283f2b23) sw      gp, 662(t5)
core   0: 3 0x8000bd6e (0x283f2b23) mem 0x8000d000 0x00000001
core   0: 0x8000bd72 (0x0000bfe5) c.j     pc - 8
core   0: 3 0x8000bd72 (0xbfe5)
core   0: 0x8000bd6a (0x00001f17) auipc   t5, 0x1
core   0: 3 0x8000bd6a (0x00001f17) x30 0x8000cd6a
core   0: 0x8000bd6e (0x283f2b23) sw      gp, 662(t5)
core   0: 3 0x8000bd6e (0x283f2b23) mem 0x8000d000 0x00000001
core   0: 0x8000bd72 (0x0000bfe5) c.j     pc - 8
core   0: 3 0x8000bd72 (0xbfe5)
core   0: 0x8000bd6a (0x00001f17) auipc   t5, 0x1
core   0: 3 0x8000bd6a (0x00001f17) x30 0x8000cd6a
core   0: 0x8000bd6e (0x283f2b23) sw      gp, 662(t5)
core   0: 3 0x8000bd6e (0x283f2b23) mem 0x8000d000 0x00000001
core   0: 0x8000bd72 (0x0000bfe5) c.j     pc - 8
core   0: 3 0x8000bd72 (0xbfe5)
core   0: 0x8000bd6a (0x00001f17) auipc   t5, 0x1
core   0: 3 0x8000bd6a (0x00001f17) x30 0x8000cd6a
core   0: 0x8000bd6e (0x283f2b23) sw      gp, 662(t5)
core   0: 3 0x8000bd6e (0x283f2b23) mem 0x8000d000 0x00000001
core   0: 0x8000bd72 (0x0000bfe5) c.j     pc - 8
core   0: 3 0x8000bd72 (0xbfe5)
core   0: 0x8000bd6a (0x00001f17) auipc   t5, 0x1
core   0: 3 0x8000bd6a (0x00001f17) x30 0x8000cd6a
core   0: 0x8000bd6e (0x283f2b23) sw      gp, 662(t5)
core   0: 3 0x8000bd6e (0x283f2b23) mem 0x8000d000 0x00000001
core   0: 0x8000bd72 (0x0000bfe5) c.j     pc - 8
core   0: 3 0x8000bd72 (0xbfe5)
core   0: 0x8000bd6a (0x00001f17) auipc   t5, 0x1
core   0: 3 0x8000bd6a (0x00001f17) x30 0x8000cd6a
core   0: 0x8000bd6e (0x283f2b23) sw      gp, 662(t5)
core   0: 3 0x8000bd6e (0x283f2b23) mem 0x8000d000 0x00000001
core   0: 0x8000bd72 (0x0000bfe5) c.j     pc - 8
core   0: 3 0x8000bd72 (0xbfe5)
core   0: 0x8000bd6a (0x00001f17) auipc   t5, 0x1
core   0: 3 0x8000bd6a (0x00001f17) x30 0x8000cd6a
core   0: 0x8000bd6e (0x283f2b23) sw      gp, 662(t5)
core   0: 3 0x8000bd6e (0x283f2b23) mem 0x8000d000 0x00000001
core   0: 0x8000bd72 (0x0000bfe5) c.j     pc - 8
core   0: 3 0x8000bd72 (0xbfe5)
core   0: 0x8000bd6a (0x00001f17) auipc   t5, 0x1
core   0: 3 0x8000bd6a (0x00001f17) x30 0x8000cd6a
core   0: 0x8000bd6e (0x283f2b23) sw      gp, 662(t5)
core   0: 3 0x8000bd6e (0x283f2b23) mem 0x8000d000 0x00000001
core   0: 0x8000bd72 (0x0000bfe5) c.j     pc - 8
core   0: 3 0x8000bd72 (0xbfe5)
core   0: 0x8000bd6a (0x00001f17) auipc   t5, 0x1
core   0: 3 0x8000bd6a (0x00001f17) x30 0x8000cd6a
core   0: 0x8000bd6e (0x283f2b23) sw      gp, 662(t5)
core   0: 3 0x8000bd6e (0x283f2b23) mem 0x8000d000 0x00000001
core   0: 0x8000bd72 (0x0000bfe5) c.j     pc - 8
core   0: 3 0x8000bd72 (0xbfe5)
core   0: 0x8000bd6a (0x00001f17) auipc   t5, 0x1
core   0: 3 0x8000bd6a (0x00001f17) x30 0x8000cd6a
core   0: 0x8000bd6e (0x283f2b23) sw      gp, 662(t5)
core   0: 3 0x8000bd6e (0x283f2b23) mem 0x8000d000 0x00000001
core   0: 0x8000bd72 (0x0000bfe5) c.j     pc - 8
core   0: 3 0x8000bd72 (0xbfe5)
core   0: 0x8000bd6a (0x00001f17) auipc   t5, 0x1
core   0: 3 0x8000bd6a (0x00001f17) x30 0x8000cd6a
core   0: 0x8000bd6e (0x283f2b23) sw      gp, 662(t5)
core   0: 3 0x8000bd6e (0x283f2b23) mem 0x8000d000 0x00000001
core   0: 0x8000bd72 (0x0000bfe5) c.j     pc - 8
core   0: 3 0x8000bd72 (0xbfe5)
core   0: 0x8000bd6a (0x00001f17) auipc   t5, 0x1
core   0: 3 0x8000bd6a (0x00001f17) x30 0x8000cd6a
core   0: 0x8000bd6e (0x283f2b23) sw      gp, 662(t5)
core   0: 3 0x8000bd6e (0x283f2b23) mem 0x8000d000 0x00000001
core   0: 0x8000bd72 (0x0000bfe5) c.j     pc - 8
core   0: 3 0x8000bd72 (0xbfe5)
core   0: 0x8000bd6a (0x00001f17) auipc   t5, 0x1
core   0: 3 0x8000bd6a (0x00001f17) x30 0x8000cd6a
core   0: 0x8000bd6e (0x283f2b23) sw      gp, 662(t5)
core   0: 3 0x8000bd6e (0x283f2b23) mem 0x8000d000 0x00000001
core   0: 0x8000bd72 (0x0000bfe5) c.j     pc - 8
core   0: 3 0x8000bd72 (0xbfe5)
core   0: 0x8000bd6a (0x00001f17) auipc   t5, 0x1
core   0: 3 0x8000bd6a (0x00001f17) x30 0x8000cd6a
core   0: 0x8000bd6e (0x283f2b23) sw      gp, 662(t5)
core   0: 3 0x8000bd6e (0x283f2b23) mem 0x8000d000 0x00000001
core   0: 0x8000bd72 (0x0000bfe5) c.j     pc - 8
core   0: 3 0x8000bd72 (0xbfe5)
core   0: 0x8000bd6a (0x00001f17) auipc   t5, 0x1
core   0: 3 0x8000bd6a (0x00001f17) x30 0x8000cd6a
core   0: 0x8000bd6e (0x283f2b23) sw      gp, 662(t5)
core   0: 3 0x8000bd6e (0x283f2b23) mem 0x8000d000 0x00000001
core   0: 0x8000bd72 (0x0000bfe5) c.j     pc - 8
core   0: 3 0x8000bd72 (0xbfe5)
core   0: 0x8000bd6a (0x00001f17) auipc   t5, 0x1
core   0: 3 0x8000bd6a (0x00001f17) x30 0x8000cd6a
core   0: 0x8000bd6e (0x283f2b23) sw      gp, 662(t5)
core   0: 3 0x8000bd6e (0x283f2b23) mem 0x8000d000 0x00000001
core   0: 0x8000bd72 (0x0000bfe5) c.j     pc - 8
core   0: 3 0x8000bd72 (0xbfe5)
core   0: 0x8000bd6a (0x00001f17) auipc   t5, 0x1
core   0: 3 0x8000bd6a (0x00001f17) x30 0x8000cd6a
core   0: 0x8000bd6e (0x283f2b23) sw      gp, 662(t5)
core   0: 3 0x8000bd6e (0x283f2b23) mem 0x8000d000 0x00000001
core   0: 0x8000bd72 (0x0000bfe5) c.j     pc - 8
core   0: 3 0x8000bd72 (0xbfe5)
core   0: 0x8000bd6a (0x00001f17) auipc   t5, 0x1
core   0: 3 0x8000bd6a (0x00001f17) x30 0x8000cd6a
core   0: 0x8000bd6e (0x283f2b23) sw      gp, 662(t5)
core   0: 3 0x8000bd6e (0x283f2b23) mem 0x8000d000 0x00000001
core   0: 0x8000bd72 (0x0000bfe5) c.j     pc - 8
core   0: 3 0x8000bd72 (0xbfe5)
core   0: 0x8000bd6a (0x00001f17) auipc   t5, 0x1
core   0: 3 0x8000bd6a (0x00001f17) x30 0x8000cd6a
core   0: 0x8000bd6e (0x283f2b23) sw      gp, 662(t5)
core   0: 3 0x8000bd6e (0x283f2b23) mem 0x8000d000 0x00000001
core   0: 0x8000bd72 (0x0000bfe5) c.j     pc - 8
core   0: 3 0x8000bd72 (0xbfe5)
core   0: 0x8000bd6a (0x00001f17) auipc   t5, 0x1
core   0: 3 0x8000bd6a (0x00001f17) x30 0x8000cd6a
core   0: 0x8000bd6e (0x283f2b23) sw      gp, 662(t5)
core   0: 3 0x8000bd6e (0x283f2b23) mem 0x8000d000 0x00000001
core   0: 0x8000bd72 (0x0000bfe5) c.j     pc - 8
core   0: 3 0x8000bd72 (0xbfe5)
core   0: 0x8000bd6a (0x00001f17) auipc   t5, 0x1
core   0: 3 0x8000bd6a (0x00001f17) x30 0x8000cd6a
core   0: 0x8000bd6e (0x283f2b23) sw      gp, 662(t5)
core   0: 3 0x8000bd6e (0x283f2b23) mem 0x8000d000 0x00000001
core   0: 0x8000bd72 (0x0000bfe5) c.j     pc - 8
core   0: 3 0x8000bd72 (0xbfe5)
core   0: 0x8000bd6a (0x00001f17) auipc   t5, 0x1
core   0: 3 0x8000bd6a (0x00001f17) x30 0x8000cd6a
core   0: 0x8000bd6e (0x283f2b23) sw      gp, 662(t5)
core   0: 3 0x8000bd6e (0x283f2b23) mem 0x8000d000 0x00000001
core   0: 0x8000bd72 (0x0000bfe5) c.j     pc - 8
core   0: 3 0x8000bd72 (0xbfe5)
core   0: 0x8000bd6a (0x00001f17) auipc   t5, 0x1
core   0: 3 0x8000bd6a (0x00001f17) x30 0x8000cd6a
core   0: 0x8000bd6e (0x283f2b23) sw      gp, 662(t5)
core   0: 3 0x8000bd6e (0x283f2b23) mem 0x8000d000 0x00000001
core   0: 0x8000bd72 (0x0000bfe5) c.j     pc - 8
core   0: 3 0x8000bd72 (0xbfe5)
core   0: 0x8000bd6a (0x00001f17) auipc   t5, 0x1
core   0: 3 0x8000bd6a (0x00001f17) x30 0x8000cd6a
core   0: 0x8000bd6e (0x283f2b23) sw      gp, 662(t5)
core   0: 3 0x8000bd6e (0x283f2b23) mem 0x8000d000 0x00000001
core   0: 0x8000bd72 (0x0000bfe5) c.j     pc - 8
core   0: 3 0x8000bd72 (0xbfe5)
core   0: 0x8000bd6a (0x00001f17) auipc   t5, 0x1
core   0: 3 0x8000bd6a (0x00001f17) x30 0x8000cd6a
core   0: 0x8000bd6e (0x283f2b23) sw      gp, 662(t5)
core   0: 3 0x8000bd6e (0x283f2b23) mem 0x8000d000 0x00000001
core   0: 0x8000bd72 (0x0000bfe5) c.j     pc - 8
core   0: 3 0x8000bd72 (0xbfe5)
core   0: 0x8000bd6a (0x00001f17) auipc   t5, 0x1
core   0: 3 0x8000bd6a (0x00001f17) x30 0x8000cd6a
core   0: 0x8000bd6e (0x283f2b23) sw      gp, 662(t5)
core   0: 3 0x8000bd6e (0x283f2b23) mem 0x8000d000 0x00000001
core   0: 0x8000bd72 (0x0000bfe5) c.j     pc - 8
core   0: 3 0x8000bd72 (0xbfe5)
core   0: 0x8000bd6a (0x00001f17) auipc   t5, 0x1
core   0: 3 0x8000bd6a (0x00001f17) x30 0x8000cd6a
core   0: 0x8000bd6e (0x283f2b23) sw      gp, 662(t5)
core   0: 3 0x8000bd6e (0x283f2b23) mem 0x8000d000 0x00000001
core   0: 0x8000bd72 (0x0000bfe5) c.j     pc - 8
core   0: 3 0x8000bd72 (0xbfe5)
core   0: 0x8000bd6a (0x00001f17) auipc   t5, 0x1
core   0: 3 0x8000bd6a (0x00001f17) x30 0x8000cd6a
core   0: 0x8000bd6e (0x283f2b23) sw      gp, 662(t5)
core   0: 3 0x8000bd6e (0x283f2b23) mem 0x8000d000 0x00000001
core   0: 0x8000bd72 (0x0000bfe5) c.j     pc - 8
core   0: 3 0x8000bd72 (0xbfe5)
core   0: 0x8000bd6a (0x00001f17) auipc   t5, 0x1
core   0: 3 0x8000bd6a (0x00001f17) x30 0x8000cd6a
core   0: 0x8000bd6e (0x283f2b23) sw      gp, 662(t5)
core   0: 3 0x8000bd6e (0x283f2b23) mem 0x8000d000 0x00000001
core   0: 0x8000bd72 (0x0000bfe5) c.j     pc - 8
core   0: 3 0x8000bd72 (0xbfe5)
core   0: 0x8000bd6a (0x00001f17) auipc   t5, 0x1
core   0: 3 0x8000bd6a (0x00001f17) x30 0x8000cd6a
core   0: 0x8000bd6e (0x283f2b23) sw      gp, 662(t5)
core   0: 3 0x8000bd6e (0x283f2b23) mem 0x8000d000 0x00000001
core   0: 0x8000bd72 (0x0000bfe5) c.j     pc - 8
core   0: 3 0x8000bd72 (0xbfe5)
core   0: 0x8000bd6a (0x00001f17) auipc   t5, 0x1
core   0: 3 0x8000bd6a (0x00001f17) x30 0x8000cd6a
core   0: 0x8000bd6e (0x283f2b23) sw      gp, 662(t5)
core   0: 3 0x8000bd6e (0x283f2b23) mem 0x8000d000 0x00000001
core   0: 0x8000bd72 (0x0000bfe5) c.j     pc - 8
core   0: 3 0x8000bd72 (0xbfe5)
core   0: 0x8000bd6a (0x00001f17) auipc   t5, 0x1
core   0: 3 0x8000bd6a (0x00001f17) x30 0x8000cd6a
core   0: 0x8000bd6e (0x283f2b23) sw      gp, 662(t5)
core   0: 3 0x8000bd6e (0x283f2b23) mem 0x8000d000 0x00000001
core   0: 0x8000bd72 (0x0000bfe5) c.j     pc - 8
core   0: 3 0x8000bd72 (0xbfe5)
core   0: 0x8000bd6a (0x00001f17) auipc   t5, 0x1
core   0: 3 0x8000bd6a (0x00001f17) x30 0x8000cd6a
core   0: 0x8000bd6e (0x283f2b23) sw      gp, 662(t5)
core   0: 3 0x8000bd6e (0x283f2b23) mem 0x8000d000 0x00000001
core   0: 0x8000bd72 (0x0000bfe5) c.j     pc - 8
core   0: 3 0x8000bd72 (0xbfe5)
core   0: 0x8000bd6a (0x00001f17) auipc   t5, 0x1
core   0: 3 0x8000bd6a (0x00001f17) x30 0x8000cd6a
core   0: 0x8000bd6e (0x283f2b23) sw      gp, 662(t5)
core   0: 3 0x8000bd6e (0x283f2b23) mem 0x8000d000 0x00000001
core   0: 0x8000bd72 (0x0000bfe5) c.j     pc - 8
core   0: 3 0x8000bd72 (0xbfe5)
core   0: 0x8000bd6a (0x00001f17) auipc   t5, 0x1
core   0: 3 0x8000bd6a (0x00001f17) x30 0x8000cd6a
core   0: 0x8000bd6e (0x283f2b23) sw      gp, 662(t5)
core   0: 3 0x8000bd6e (0x283f2b23) mem 0x8000d000 0x00000001
core   0: 0x8000bd72 (0x0000bfe5) c.j     pc - 8
core   0: 3 0x8000bd72 (0xbfe5)
core   0: 0x8000bd6a (0x00001f17) auipc   t5, 0x1
core   0: 3 0x8000bd6a (0x00001f17) x30 0x8000cd6a
core   0: 0x8000bd6e (0x283f2b23) sw      gp, 662(t5)
core   0: 3 0x8000bd6e (0x283f2b23) mem 0x8000d000 0x00000001
core   0: 0x8000bd72 (0x0000bfe5) c.j     pc - 8
core   0: 3 0x8000bd72 (0xbfe5)
core   0: 0x8000bd6a (0x00001f17) auipc   t5, 0x1
core   0: 3 0x8000bd6a (0x00001f17) x30 0x8000cd6a
core   0: 0x8000bd6e (0x283f2b23) sw      gp, 662(t5)
core   0: 3 0x8000bd6e (0x283f2b23) mem 0x8000d000 0x00000001
core   0: 0x8000bd72 (0x0000bfe5) c.j     pc - 8
core   0: 3 0x8000bd72 (0xbfe5)
core   0: 0x8000bd6a (0x00001f17) auipc   t5, 0x1
core   0: 3 0x8000bd6a (0x00001f17) x30 0x8000cd6a
core   0: 0x8000bd6e (0x283f2b23) sw      gp, 662(t5)
core   0: 3 0x8000bd6e (0x283f2b23) mem 0x8000d000 0x00000001
core   0: 0x8000bd72 (0x0000bfe5) c.j     pc - 8
core   0: 3 0x8000bd72 (0xbfe5)
core   0: 0x8000bd6a (0x00001f17) auipc   t5, 0x1
core   0: 3 0x8000bd6a (0x00001f17) x30 0x8000cd6a
core   0: 0x8000bd6e (0x283f2b23) sw      gp, 662(t5)
core   0: 3 0x8000bd6e (0x283f2b23) mem 0x8000d000 0x00000001
core   0: 0x8000bd72 (0x0000bfe5) c.j     pc - 8
core   0: 3 0x8000bd72 (0xbfe5)
core   0: 0x8000bd6a (0x00001f17) auipc   t5, 0x1
core   0: 3 0x8000bd6a (0x00001f17) x30 0x8000cd6a
core   0: 0x8000bd6e (0x283f2b23) sw      gp, 662(t5)
core   0: 3 0x8000bd6e (0x283f2b23) mem 0x8000d000 0x00000001
core   0: 0x8000bd72 (0x0000bfe5) c.j     pc - 8
core   0: 3 0x8000bd72 (0xbfe5)
core   0: 0x8000bd6a (0x00001f17) auipc   t5, 0x1
core   0: 3 0x8000bd6a (0x00001f17) x30 0x8000cd6a
core   0: 0x8000bd6e (0x283f2b23) sw      gp, 662(t5)
core   0: 3 0x8000bd6e (0x283f2b23) mem 0x8000d000 0x00000001
core   0: 0x8000bd72 (0x0000bfe5) c.j     pc - 8
core   0: 3 0x8000bd72 (0xbfe5)
core   0: 0x8000bd6a (0x00001f17) auipc   t5, 0x1
core   0: 3 0x8000bd6a (0x00001f17) x30 0x8000cd6a
core   0: 0x8000bd6e (0x283f2b23) sw      gp, 662(t5)
core   0: 3 0x8000bd6e (0x283f2b23) mem 0x8000d000 0x00000001
core   0: 0x8000bd72 (0x0000bfe5) c.j     pc - 8
core   0: 3 0x8000bd72 (0xbfe5)
core   0: 0x8000bd6a (0x00001f17) auipc   t5, 0x1
core   0: 3 0x8000bd6a (0x00001f17) x30 0x8000cd6a
core   0: 0x8000bd6e (0x283f2b23) sw      gp, 662(t5)
core   0: 3 0x8000bd6e (0x283f2b23) mem 0x8000d000 0x00000001
core   0: 0x8000bd72 (0x0000bfe5) c.j     pc - 8
core   0: 3 0x8000bd72 (0xbfe5)
core   0: 0x8000bd6a (0x00001f17) auipc   t5, 0x1
core   0: 3 0x8000bd6a (0x00001f17) x30 0x8000cd6a
core   0: 0x8000bd6e (0x283f2b23) sw      gp, 662(t5)
core   0: 3 0x8000bd6e (0x283f2b23) mem 0x8000d000 0x00000001
core   0: 0x8000bd72 (0x0000bfe5) c.j     pc - 8
core   0: 3 0x8000bd72 (0xbfe5)
core   0: 0x8000bd6a (0x00001f17) auipc   t5, 0x1
core   0: 3 0x8000bd6a (0x00001f17) x30 0x8000cd6a
core   0: 0x8000bd6e (0x283f2b23) sw      gp, 662(t5)
core   0: 3 0x8000bd6e (0x283f2b23) mem 0x8000d000 0x00000001
core   0: 0x8000bd72 (0x0000bfe5) c.j     pc - 8
core   0: 3 0x8000bd72 (0xbfe5)
core   0: 0x8000bd6a (0x00001f17) auipc   t5, 0x1
core   0: 3 0x8000bd6a (0x00001f17) x30 0x8000cd6a
core   0: 0x8000bd6e (0x283f2b23) sw      gp, 662(t5)
core   0: 3 0x8000bd6e (0x283f2b23) mem 0x8000d000 0x00000001
core   0: 0x8000bd72 (0x0000bfe5) c.j     pc - 8
core   0: 3 0x8000bd72 (0xbfe5)
core   0: 0x8000bd6a (0x00001f17) auipc   t5, 0x1
core   0: 3 0x8000bd6a (0x00001f17) x30 0x8000cd6a
core   0: 0x8000bd6e (0x283f2b23) sw      gp, 662(t5)
core   0: 3 0x8000bd6e (0x283f2b23) mem 0x8000d000 0x00000001
core   0: 0x8000bd72 (0x0000bfe5) c.j     pc - 8
core   0: 3 0x8000bd72 (0xbfe5)
core   0: 0x8000bd6a (0x00001f17) auipc   t5, 0x1
core   0: 3 0x8000bd6a (0x00001f17) x30 0x8000cd6a
core   0: 0x8000bd6e (0x283f2b23) sw      gp, 662(t5)
core   0: 3 0x8000bd6e (0x283f2b23) mem 0x8000d000 0x00000001
core   0: 0x8000bd72 (0x0000bfe5) c.j     pc - 8
core   0: 3 0x8000bd72 (0xbfe5)
core   0: 0x8000bd6a (0x00001f17) auipc   t5, 0x1
core   0: 3 0x8000bd6a (0x00001f17) x30 0x8000cd6a
core   0: 0x8000bd6e (0x283f2b23) sw      gp, 662(t5)
core   0: 3 0x8000bd6e (0x283f2b23) mem 0x8000d000 0x00000001
core   0: 0x8000bd72 (0x0000bfe5) c.j     pc - 8
core   0: 3 0x8000bd72 (0xbfe5)
core   0: 0x8000bd6a (0x00001f17) auipc   t5, 0x1
core   0: 3 0x8000bd6a (0x00001f17) x30 0x8000cd6a
core   0: 0x8000bd6e (0x283f2b23) sw      gp, 662(t5)
core   0: 3 0x8000bd6e (0x283f2b23) mem 0x8000d000 0x00000001
core   0: 0x8000bd72 (0x0000bfe5) c.j     pc - 8
core   0: 3 0x8000bd72 (0xbfe5)
core   0: 0x8000bd6a (0x00001f17) auipc   t5, 0x1
core   0: 3 0x8000bd6a (0x00001f17) x30 0x8000cd6a
core   0: 0x8000bd6e (0x283f2b23) sw      gp, 662(t5)
core   0: 3 0x8000bd6e (0x283f2b23) mem 0x8000d000 0x00000001
core   0: 0x8000bd72 (0x0000bfe5) c.j     pc - 8
core   0: 3 0x8000bd72 (0xbfe5)
core   0: 0x8000bd6a (0x00001f17) auipc   t5, 0x1
core   0: 3 0x8000bd6a (0x00001f17) x30 0x8000cd6a
core   0: 0x8000bd6e (0x283f2b23) sw      gp, 662(t5)
core   0: 3 0x8000bd6e (0x283f2b23) mem 0x8000d000 0x00000001
core   0: 0x8000bd72 (0x0000bfe5) c.j     pc - 8
core   0: 3 0x8000bd72 (0xbfe5)
core   0: 0x8000bd6a (0x00001f17) auipc   t5, 0x1
core   0: 3 0x8000bd6a (0x00001f17) x30 0x8000cd6a
core   0: 0x8000bd6e (0x283f2b23) sw      gp, 662(t5)
core   0: 3 0x8000bd6e (0x283f2b23) mem 0x8000d000 0x00000001
core   0: 0x8000bd72 (0x0000bfe5) c.j     pc - 8
core   0: 3 0x8000bd72 (0xbfe5)
core   0: 0x8000bd6a (0x00001f17) auipc   t5, 0x1
core   0: 3 0x8000bd6a (0x00001f17) x30 0x8000cd6a
core   0: 0x8000bd6e (0x283f2b23) sw      gp, 662(t5)
core   0: 3 0x8000bd6e (0x283f2b23) mem 0x8000d000 0x00000001
core   0: 0x8000bd72 (0x0000bfe5) c.j     pc - 8
core   0: 3 0x8000bd72 (0xbfe5)
core   0: 0x8000bd6a (0x00001f17) auipc   t5, 0x1
core   0: 3 0x8000bd6a (0x00001f17) x30 0x8000cd6a
core   0: 0x8000bd6e (0x283f2b23) sw      gp, 662(t5)
core   0: 3 0x8000bd6e (0x283f2b23) mem 0x8000d000 0x00000001
core   0: 0x8000bd72 (0x0000bfe5) c.j     pc - 8
core   0: 3 0x8000bd72 (0xbfe5)
core   0: 0x8000bd6a (0x00001f17) auipc   t5, 0x1
core   0: 3 0x8000bd6a (0x00001f17) x30 0x8000cd6a
core   0: 0x8000bd6e (0x283f2b23) sw      gp, 662(t5)
core   0: 3 0x8000bd6e (0x283f2b23) mem 0x8000d000 0x00000001
core   0: 0x8000bd72 (0x0000bfe5) c.j     pc - 8
core   0: 3 0x8000bd72 (0xbfe5)
core   0: 0x8000bd6a (0x00001f17) auipc   t5, 0x1
core   0: 3 0x8000bd6a (0x00001f17) x30 0x8000cd6a
core   0: 0x8000bd6e (0x283f2b23) sw      gp, 662(t5)
core   0: 3 0x8000bd6e (0x283f2b23) mem 0x8000d000 0x00000001
core   0: 0x8000bd72 (0x0000bfe5) c.j     pc - 8
core   0: 3 0x8000bd72 (0xbfe5)
core   0: 0x8000bd6a (0x00001f17) auipc   t5, 0x1
core   0: 3 0x8000bd6a (0x00001f17) x30 0x8000cd6a
core   0: 0x8000bd6e (0x283f2b23) sw      gp, 662(t5)
core   0: 3 0x8000bd6e (0x283f2b23) mem 0x8000d000 0x00000001
core   0: 0x8000bd72 (0x0000bfe5) c.j     pc - 8
core   0: 3 0x8000bd72 (0xbfe5)
core   0: 0x8000bd6a (0x00001f17) auipc   t5, 0x1
core   0: 3 0x8000bd6a (0x00001f17) x30 0x8000cd6a
core   0: 0x8000bd6e (0x283f2b23) sw      gp, 662(t5)
core   0: 3 0x8000bd6e (0x283f2b23) mem 0x8000d000 0x00000001
core   0: 0x8000bd72 (0x0000bfe5) c.j     pc - 8
core   0: 3 0x8000bd72 (0xbfe5)
core   0: 0x8000bd6a (0x00001f17) auipc   t5, 0x1
core   0: 3 0x8000bd6a (0x00001f17) x30 0x8000cd6a
core   0: 0x8000bd6e (0x283f2b23) sw      gp, 662(t5)
core   0: 3 0x8000bd6e (0x283f2b23) mem 0x8000d000 0x00000001
core   0: 0x8000bd72 (0x0000bfe5) c.j     pc - 8
core   0: 3 0x8000bd72 (0xbfe5)
core   0: 0x8000bd6a (0x00001f17) auipc   t5, 0x1
core   0: 3 0x8000bd6a (0x00001f17) x30 0x8000cd6a
core   0: 0x8000bd6e (0x283f2b23) sw      gp, 662(t5)
core   0: 3 0x8000bd6e (0x283f2b23) mem 0x8000d000 0x00000001
core   0: 0x8000bd72 (0x0000bfe5) c.j     pc - 8
core   0: 3 0x8000bd72 (0xbfe5)
core   0: 0x8000bd6a (0x00001f17) auipc   t5, 0x1
core   0: 3 0x8000bd6a (0x00001f17) x30 0x8000cd6a
core   0: 0x8000bd6e (0x283f2b23) sw      gp, 662(t5)
core   0: 3 0x8000bd6e (0x283f2b23) mem 0x8000d000 0x00000001
core   0: 0x8000bd72 (0x0000bfe5) c.j     pc - 8
core   0: 3 0x8000bd72 (0xbfe5)
core   0: 0x8000bd6a (0x00001f17) auipc   t5, 0x1
core   0: 3 0x8000bd6a (0x00001f17) x30 0x8000cd6a
core   0: 0x8000bd6e (0x283f2b23) sw      gp, 662(t5)
core   0: 3 0x8000bd6e (0x283f2b23) mem 0x8000d000 0x00000001
core   0: 0x8000bd72 (0x0000bfe5) c.j     pc - 8
core   0: 3 0x8000bd72 (0xbfe5)
core   0: 0x8000bd6a (0x00001f17) auipc   t5, 0x1
core   0: 3 0x8000bd6a (0x00001f17) x30 0x8000cd6a
core   0: 0x8000bd6e (0x283f2b23) sw      gp, 662(t5)
core   0: 3 0x8000bd6e (0x283f2b23) mem 0x8000d000 0x00000001
core   0: 0x8000bd72 (0x0000bfe5) c.j     pc - 8
core   0: 3 0x8000bd72 (0xbfe5)
core   0: 0x8000bd6a (0x00001f17) auipc   t5, 0x1
core   0: 3 0x8000bd6a (0x00001f17) x30 0x8000cd6a
core   0: 0x8000bd6e (0x283f2b23) sw      gp, 662(t5)
core   0: 3 0x8000bd6e (0x283f2b23) mem 0x8000d000 0x00000001
core   0: 0x8000bd72 (0x0000bfe5) c.j     pc - 8
core   0: 3 0x8000bd72 (0xbfe5)
core   0: 0x8000bd6a (0x00001f17) auipc   t5, 0x1
core   0: 3 0x8000bd6a (0x00001f17) x30 0x8000cd6a
core   0: 0x8000bd6e (0x283f2b23) sw      gp, 662(t5)
core   0: 3 0x8000bd6e (0x283f2b23) mem 0x8000d000 0x00000001
core   0: 0x8000bd72 (0x0000bfe5) c.j     pc - 8
core   0: 3 0x8000bd72 (0xbfe5)
core   0: 0x8000bd6a (0x00001f17) auipc   t5, 0x1
core   0: 3 0x8000bd6a (0x00001f17) x30 0x8000cd6a
core   0: 0x8000bd6e (0x283f2b23) sw      gp, 662(t5)
core   0: 3 0x8000bd6e (0x283f2b23) mem 0x8000d000 0x00000001
core   0: 0x8000bd72 (0x0000bfe5) c.j     pc - 8
core   0: 3 0x8000bd72 (0xbfe5)
core   0: 0x8000bd6a (0x00001f17) auipc   t5, 0x1
core   0: 3 0x8000bd6a (0x00001f17) x30 0x8000cd6a
core   0: 0x8000bd6e (0x283f2b23) sw      gp, 662(t5)
core   0: 3 0x8000bd6e (0x283f2b23) mem 0x8000d000 0x00000001
core   0: 0x8000bd72 (0x0000bfe5) c.j     pc - 8
core   0: 3 0x8000bd72 (0xbfe5)
core   0: 0x8000bd6a (0x00001f17) auipc   t5, 0x1
core   0: 3 0x8000bd6a (0x00001f17) x30 0x8000cd6a
core   0: 0x8000bd6e (0x283f2b23) sw      gp, 662(t5)
core   0: 3 0x8000bd6e (0x283f2b23) mem 0x8000d000 0x00000001
core   0: 0x8000bd72 (0x0000bfe5) c.j     pc - 8
core   0: 3 0x8000bd72 (0xbfe5)
core   0: 0x8000bd6a (0x00001f17) auipc   t5, 0x1
core   0: 3 0x8000bd6a (0x00001f17) x30 0x8000cd6a
core   0: 0x8000bd6e (0x283f2b23) sw      gp, 662(t5)
core   0: 3 0x8000bd6e (0x283f2b23) mem 0x8000d000 0x00000001
core   0: 0x8000bd72 (0x0000bfe5) c.j     pc - 8
core   0: 3 0x8000bd72 (0xbfe5)
core   0: 0x8000bd6a (0x00001f17) auipc   t5, 0x1
core   0: 3 0x8000bd6a (0x00001f17) x30 0x8000cd6a
core   0: 0x8000bd6e (0x283f2b23) sw      gp, 662(t5)
core   0: 3 0x8000bd6e (0x283f2b23) mem 0x8000d000 0x00000001
core   0: 0x8000bd72 (0x0000bfe5) c.j     pc - 8
core   0: 3 0x8000bd72 (0xbfe5)
core   0: 0x8000bd6a (0x00001f17) auipc   t5, 0x1
core   0: 3 0x8000bd6a (0x00001f17) x30 0x8000cd6a
core   0: 0x8000bd6e (0x283f2b23) sw      gp, 662(t5)
core   0: 3 0x8000bd6e (0x283f2b23) mem 0x8000d000 0x00000001
core   0: 0x8000bd72 (0x0000bfe5) c.j     pc - 8
core   0: 3 0x8000bd72 (0xbfe5)
core   0: 0x8000bd6a (0x00001f17) auipc   t5, 0x1
core   0: 3 0x8000bd6a (0x00001f17) x30 0x8000cd6a
core   0: 0x8000bd6e (0x283f2b23) sw      gp, 662(t5)
core   0: 3 0x8000bd6e (0x283f2b23) mem 0x8000d000 0x00000001
core   0: 0x8000bd72 (0x0000bfe5) c.j     pc - 8
core   0: 3 0x8000bd72 (0xbfe5)
core   0: 0x8000bd6a (0x00001f17) auipc   t5, 0x1
core   0: 3 0x8000bd6a (0x00001f17) x30 0x8000cd6a
core   0: 0x8000bd6e (0x283f2b23) sw      gp, 662(t5)
core   0: 3 0x8000bd6e (0x283f2b23) mem 0x8000d000 0x00000001
core   0: 0x8000bd72 (0x0000bfe5) c.j     pc - 8
core   0: 3 0x8000bd72 (0xbfe5)
core   0: 0x8000bd6a (0x00001f17) auipc   t5, 0x1
core   0: 3 0x8000bd6a (0x00001f17) x30 0x8000cd6a
core   0: 0x8000bd6e (0x283f2b23) sw      gp, 662(t5)
core   0: 3 0x8000bd6e (0x283f2b23) mem 0x8000d000 0x00000001
core   0: 0x8000bd72 (0x0000bfe5) c.j     pc - 8
core   0: 3 0x8000bd72 (0xbfe5)
core   0: 0x8000bd6a (0x00001f17) auipc   t5, 0x1
core   0: 3 0x8000bd6a (0x00001f17) x30 0x8000cd6a
core   0: 0x8000bd6e (0x283f2b23) sw      gp, 662(t5)
core   0: 3 0x8000bd6e (0x283f2b23) mem 0x8000d000 0x00000001
core   0: 0x8000bd72 (0x0000bfe5) c.j     pc - 8
core   0: 3 0x8000bd72 (0xbfe5)
core   0: 0x8000bd6a (0x00001f17) auipc   t5, 0x1
core   0: 3 0x8000bd6a (0x00001f17) x30 0x8000cd6a
core   0: 0x8000bd6e (0x283f2b23) sw      gp, 662(t5)
core   0: 3 0x8000bd6e (0x283f2b23) mem 0x8000d000 0x00000001
core   0: 0x8000bd72 (0x0000bfe5) c.j     pc - 8
core   0: 3 0x8000bd72 (0xbfe5)
core   0: 0x8000bd6a (0x00001f17) auipc   t5, 0x1
core   0: 3 0x8000bd6a (0x00001f17) x30 0x8000cd6a
core   0: 0x8000bd6e (0x283f2b23) sw      gp, 662(t5)
core   0: 3 0x8000bd6e (0x283f2b23) mem 0x8000d000 0x00000001
core   0: 0x8000bd72 (0x0000bfe5) c.j     pc - 8
core   0: 3 0x8000bd72 (0xbfe5)
core   0: 0x8000bd6a (0x00001f17) auipc   t5, 0x1
core   0: 3 0x8000bd6a (0x00001f17) x30 0x8000cd6a
core   0: 0x8000bd6e (0x283f2b23) sw      gp, 662(t5)
core   0: 3 0x8000bd6e (0x283f2b23) mem 0x8000d000 0x00000001
core   0: 0x8000bd72 (0x0000bfe5) c.j     pc - 8
core   0: 3 0x8000bd72 (0xbfe5)
core   0: 0x8000bd6a (0x00001f17) auipc   t5, 0x1
core   0: 3 0x8000bd6a (0x00001f17) x30 0x8000cd6a
core   0: 0x8000bd6e (0x283f2b23) sw      gp, 662(t5)
core   0: 3 0x8000bd6e (0x283f2b23) mem 0x8000d000 0x00000001
core   0: 0x8000bd72 (0x0000bfe5) c.j     pc - 8
core   0: 3 0x8000bd72 (0xbfe5)
core   0: 0x8000bd6a (0x00001f17) auipc   t5, 0x1
core   0: 3 0x8000bd6a (0x00001f17) x30 0x8000cd6a
core   0: 0x8000bd6e (0x283f2b23) sw      gp, 662(t5)
core   0: 3 0x8000bd6e (0x283f2b23) mem 0x8000d000 0x00000001
core   0: 0x8000bd72 (0x0000bfe5) c.j     pc - 8
core   0: 3 0x8000bd72 (0xbfe5)
core   0: 0x8000bd6a (0x00001f17) auipc   t5, 0x1
core   0: 3 0x8000bd6a (0x00001f17) x30 0x8000cd6a
core   0: 0x8000bd6e (0x283f2b23) sw      gp, 662(t5)
core   0: 3 0x8000bd6e (0x283f2b23) mem 0x8000d000 0x00000001
core   0: 0x8000bd72 (0x0000bfe5) c.j     pc - 8
core   0: 3 0x8000bd72 (0xbfe5)
core   0: 0x8000bd6a (0x00001f17) auipc   t5, 0x1
core   0: 3 0x8000bd6a (0x00001f17) x30 0x8000cd6a
core   0: 0x8000bd6e (0x283f2b23) sw      gp, 662(t5)
core   0: 3 0x8000bd6e (0x283f2b23) mem 0x8000d000 0x00000001
core   0: 0x8000bd72 (0x0000bfe5) c.j     pc - 8
core   0: 3 0x8000bd72 (0xbfe5)
core   0: 0x8000bd6a (0x00001f17) auipc   t5, 0x1
core   0: 3 0x8000bd6a (0x00001f17) x30 0x8000cd6a
core   0: 0x8000bd6e (0x283f2b23) sw      gp, 662(t5)
core   0: 3 0x8000bd6e (0x283f2b23) mem 0x8000d000 0x00000001
core   0: 0x8000bd72 (0x0000bfe5) c.j     pc - 8
core   0: 3 0x8000bd72 (0xbfe5)
core   0: 0x8000bd6a (0x00001f17) auipc   t5, 0x1
core   0: 3 0x8000bd6a (0x00001f17) x30 0x8000cd6a
core   0: 0x8000bd6e (0x283f2b23) sw      gp, 662(t5)
core   0: 3 0x8000bd6e (0x283f2b23) mem 0x8000d000 0x00000001
core   0: 0x8000bd72 (0x0000bfe5) c.j     pc - 8
core   0: 3 0x8000bd72 (0xbfe5)
core   0: 0x8000bd6a (0x00001f17) auipc   t5, 0x1
core   0: 3 0x8000bd6a (0x00001f17) x30 0x8000cd6a
core   0: 0x8000bd6e (0x283f2b23) sw      gp, 662(t5)
core   0: 3 0x8000bd6e (0x283f2b23) mem 0x8000d000 0x00000001
core   0: 0x8000bd72 (0x0000bfe5) c.j     pc - 8
core   0: 3 0x8000bd72 (0xbfe5)
core   0: 0x8000bd6a (0x00001f17) auipc   t5, 0x1
core   0: 3 0x8000bd6a (0x00001f17) x30 0x8000cd6a
core   0: 0x8000bd6e (0x283f2b23) sw      gp, 662(t5)
core   0: 3 0x8000bd6e (0x283f2b23) mem 0x8000d000 0x00000001
core   0: 0x8000bd72 (0x0000bfe5) c.j     pc - 8
core   0: 3 0x8000bd72 (0xbfe5)
core   0: 0x8000bd6a (0x00001f17) auipc   t5, 0x1
core   0: 3 0x8000bd6a (0x00001f17) x30 0x8000cd6a
core   0: 0x8000bd6e (0x283f2b23) sw      gp, 662(t5)
core   0: 3 0x8000bd6e (0x283f2b23) mem 0x8000d000 0x00000001
core   0: 0x8000bd72 (0x0000bfe5) c.j     pc - 8
core   0: 3 0x8000bd72 (0xbfe5)
core   0: 0x8000bd6a (0x00001f17) auipc   t5, 0x1
core   0: 3 0x8000bd6a (0x00001f17) x30 0x8000cd6a
core   0: 0x8000bd6e (0x283f2b23) sw      gp, 662(t5)
core   0: 3 0x8000bd6e (0x283f2b23) mem 0x8000d000 0x00000001
core   0: 0x8000bd72 (0x0000bfe5) c.j     pc - 8
core   0: 3 0x8000bd72 (0xbfe5)
core   0: 0x8000bd6a (0x00001f17) auipc   t5, 0x1
core   0: 3 0x8000bd6a (0x00001f17) x30 0x8000cd6a
core   0: 0x8000bd6e (0x283f2b23) sw      gp, 662(t5)
core   0: 3 0x8000bd6e (0x283f2b23) mem 0x8000d000 0x00000001
core   0: 0x8000bd72 (0x0000bfe5) c.j     pc - 8
core   0: 3 0x8000bd72 (0xbfe5)
core   0: 0x8000bd6a (0x00001f17) auipc   t5, 0x1
core   0: 3 0x8000bd6a (0x00001f17) x30 0x8000cd6a
core   0: 0x8000bd6e (0x283f2b23) sw      gp, 662(t5)
core   0: 3 0x8000bd6e (0x283f2b23) mem 0x8000d000 0x00000001
core   0: 0x8000bd72 (0x0000bfe5) c.j     pc - 8
core   0: 3 0x8000bd72 (0xbfe5)
core   0: 0x8000bd6a (0x00001f17) auipc   t5, 0x1
core   0: 3 0x8000bd6a (0x00001f17) x30 0x8000cd6a
core   0: 0x8000bd6e (0x283f2b23) sw      gp, 662(t5)
core   0: 3 0x8000bd6e (0x283f2b23) mem 0x8000d000 0x00000001
core   0: 0x8000bd72 (0x0000bfe5) c.j     pc - 8
core   0: 3 0x8000bd72 (0xbfe5)
core   0: 0x8000bd6a (0x00001f17) auipc   t5, 0x1
core   0: 3 0x8000bd6a (0x00001f17) x30 0x8000cd6a
core   0: 0x8000bd6e (0x283f2b23) sw      gp, 662(t5)
core   0: 3 0x8000bd6e (0x283f2b23) mem 0x8000d000 0x00000001
core   0: 0x8000bd72 (0x0000bfe5) c.j     pc - 8
core   0: 3 0x8000bd72 (0xbfe5)
core   0: 0x8000bd6a (0x00001f17) auipc   t5, 0x1
core   0: 3 0x8000bd6a (0x00001f17) x30 0x8000cd6a
core   0: 0x8000bd6e (0x283f2b23) sw      gp, 662(t5)
core   0: 3 0x8000bd6e (0x283f2b23) mem 0x8000d000 0x00000001
core   0: 0x8000bd72 (0x0000bfe5) c.j     pc - 8
core   0: 3 0x8000bd72 (0xbfe5)
core   0: 0x8000bd6a (0x00001f17) auipc   t5, 0x1
core   0: 3 0x8000bd6a (0x00001f17) x30 0x8000cd6a
core   0: 0x8000bd6e (0x283f2b23) sw      gp, 662(t5)
core   0: 3 0x8000bd6e (0x283f2b23) mem 0x8000d000 0x00000001
core   0: 0x8000bd72 (0x0000bfe5) c.j     pc - 8
core   0: 3 0x8000bd72 (0xbfe5)
core   0: 0x8000bd6a (0x00001f17) auipc   t5, 0x1
core   0: 3 0x8000bd6a (0x00001f17) x30 0x8000cd6a
core   0: 0x8000bd6e (0x283f2b23) sw      gp, 662(t5)
core   0: 3 0x8000bd6e (0x283f2b23) mem 0x8000d000 0x00000001
core   0: 0x8000bd72 (0x0000bfe5) c.j     pc - 8
core   0: 3 0x8000bd72 (0xbfe5)
core   0: 0x8000bd6a (0x00001f17) auipc   t5, 0x1
core   0: 3 0x8000bd6a (0x00001f17) x30 0x8000cd6a
core   0: 0x8000bd6e (0x283f2b23) sw      gp, 662(t5)
core   0: 3 0x8000bd6e (0x283f2b23) mem 0x8000d000 0x00000001
core   0: 0x8000bd72 (0x0000bfe5) c.j     pc - 8
core   0: 3 0x8000bd72 (0xbfe5)
core   0: 0x8000bd6a (0x00001f17) auipc   t5, 0x1
core   0: 3 0x8000bd6a (0x00001f17) x30 0x8000cd6a
core   0: 0x8000bd6e (0x283f2b23) sw      gp, 662(t5)
core   0: 3 0x8000bd6e (0x283f2b23) mem 0x8000d000 0x00000001
core   0: 0x8000bd72 (0x0000bfe5) c.j     pc - 8
core   0: 3 0x8000bd72 (0xbfe5)
core   0: 0x8000bd6a (0x00001f17) auipc   t5, 0x1
core   0: 3 0x8000bd6a (0x00001f17) x30 0x8000cd6a
core   0: 0x8000bd6e (0x283f2b23) sw      gp, 662(t5)
core   0: 3 0x8000bd6e (0x283f2b23) mem 0x8000d000 0x00000001
core   0: 0x8000bd72 (0x0000bfe5) c.j     pc - 8
core   0: 3 0x8000bd72 (0xbfe5)
core   0: 0x8000bd6a (0x00001f17) auipc   t5, 0x1
core   0: 3 0x8000bd6a (0x00001f17) x30 0x8000cd6a
core   0: 0x8000bd6e (0x283f2b23) sw      gp, 662(t5)
core   0: 3 0x8000bd6e (0x283f2b23) mem 0x8000d000 0x00000001
core   0: 0x8000bd72 (0x0000bfe5) c.j     pc - 8
core   0: 3 0x8000bd72 (0xbfe5)
core   0: 0x8000bd6a (0x00001f17) auipc   t5, 0x1
core   0: 3 0x8000bd6a (0x00001f17) x30 0x8000cd6a
core   0: 0x8000bd6e (0x283f2b23) sw      gp, 662(t5)
core   0: 3 0x8000bd6e (0x283f2b23) mem 0x8000d000 0x00000001
core   0: 0x8000bd72 (0x0000bfe5) c.j     pc - 8
core   0: 3 0x8000bd72 (0xbfe5)
core   0: 0x8000bd6a (0x00001f17) auipc   t5, 0x1
core   0: 3 0x8000bd6a (0x00001f17) x30 0x8000cd6a
core   0: 0x8000bd6e (0x283f2b23) sw      gp, 662(t5)
core   0: 3 0x8000bd6e (0x283f2b23) mem 0x8000d000 0x00000001
core   0: 0x8000bd72 (0x0000bfe5) c.j     pc - 8
core   0: 3 0x8000bd72 (0xbfe5)
core   0: 0x8000bd6a (0x00001f17) auipc   t5, 0x1
core   0: 3 0x8000bd6a (0x00001f17) x30 0x8000cd6a
core   0: 0x8000bd6e (0x283f2b23) sw      gp, 662(t5)
core   0: 3 0x8000bd6e (0x283f2b23) mem 0x8000d000 0x00000001
core   0: 0x8000bd72 (0x0000bfe5) c.j     pc - 8
core   0: 3 0x8000bd72 (0xbfe5)
core   0: 0x8000bd6a (0x00001f17) auipc   t5, 0x1
core   0: 3 0x8000bd6a (0x00001f17) x30 0x8000cd6a
core   0: 0x8000bd6e (0x283f2b23) sw      gp, 662(t5)
core   0: 3 0x8000bd6e (0x283f2b23) mem 0x8000d000 0x00000001
core   0: 0x8000bd72 (0x0000bfe5) c.j     pc - 8
core   0: 3 0x8000bd72 (0xbfe5)
core   0: 0x8000bd6a (0x00001f17) auipc   t5, 0x1
core   0: 3 0x8000bd6a (0x00001f17) x30 0x8000cd6a
core   0: 0x8000bd6e (0x283f2b23) sw      gp, 662(t5)
core   0: 3 0x8000bd6e (0x283f2b23) mem 0x8000d000 0x00000001
core   0: 0x8000bd72 (0x0000bfe5) c.j     pc - 8
core   0: 3 0x8000bd72 (0xbfe5)
core   0: 0x8000bd6a (0x00001f17) auipc   t5, 0x1
core   0: 3 0x8000bd6a (0x00001f17) x30 0x8000cd6a
core   0: 0x8000bd6e (0x283f2b23) sw      gp, 662(t5)
core   0: 3 0x8000bd6e (0x283f2b23) mem 0x8000d000 0x00000001
core   0: 0x8000bd72 (0x0000bfe5) c.j     pc - 8
core   0: 3 0x8000bd72 (0xbfe5)
core   0: 0x8000bd6a (0x00001f17) auipc   t5, 0x1
core   0: 3 0x8000bd6a (0x00001f17) x30 0x8000cd6a
core   0: 0x8000bd6e (0x283f2b23) sw      gp, 662(t5)
core   0: 3 0x8000bd6e (0x283f2b23) mem 0x8000d000 0x00000001
core   0: 0x8000bd72 (0x0000bfe5) c.j     pc - 8
core   0: 3 0x8000bd72 (0xbfe5)
core   0: 0x8000bd6a (0x00001f17) auipc   t5, 0x1
core   0: 3 0x8000bd6a (0x00001f17) x30 0x8000cd6a
core   0: 0x8000bd6e (0x283f2b23) sw      gp, 662(t5)
core   0: 3 0x8000bd6e (0x283f2b23) mem 0x8000d000 0x00000001
core   0: 0x8000bd72 (0x0000bfe5) c.j     pc - 8
core   0: 3 0x8000bd72 (0xbfe5)
core   0: 0x8000bd6a (0x00001f17) auipc   t5, 0x1
core   0: 3 0x8000bd6a (0x00001f17) x30 0x8000cd6a
core   0: 0x8000bd6e (0x283f2b23) sw      gp, 662(t5)
core   0: 3 0x8000bd6e (0x283f2b23) mem 0x8000d000 0x00000001
core   0: 0x8000bd72 (0x0000bfe5) c.j     pc - 8
core   0: 3 0x8000bd72 (0xbfe5)
core   0: 0x8000bd6a (0x00001f17) auipc   t5, 0x1
core   0: 3 0x8000bd6a (0x00001f17) x30 0x8000cd6a
core   0: 0x8000bd6e (0x283f2b23) sw      gp, 662(t5)
core   0: 3 0x8000bd6e (0x283f2b23) mem 0x8000d000 0x00000001
core   0: 0x8000bd72 (0x0000bfe5) c.j     pc - 8
core   0: 3 0x8000bd72 (0xbfe5)
core   0: 0x8000bd6a (0x00001f17) auipc   t5, 0x1
core   0: 3 0x8000bd6a (0x00001f17) x30 0x8000cd6a
core   0: 0x8000bd6e (0x283f2b23) sw      gp, 662(t5)
core   0: 3 0x8000bd6e (0x283f2b23) mem 0x8000d000 0x00000001
core   0: 0x8000bd72 (0x0000bfe5) c.j     pc - 8
core   0: 3 0x8000bd72 (0xbfe5)
core   0: 0x8000bd6a (0x00001f17) auipc   t5, 0x1
core   0: 3 0x8000bd6a (0x00001f17) x30 0x8000cd6a
core   0: 0x8000bd6e (0x283f2b23) sw      gp, 662(t5)
core   0: 3 0x8000bd6e (0x283f2b23) mem 0x8000d000 0x00000001
core   0: 0x8000bd72 (0x0000bfe5) c.j     pc - 8
core   0: 3 0x8000bd72 (0xbfe5)
core   0: 0x8000bd6a (0x00001f17) auipc   t5, 0x1
core   0: 3 0x8000bd6a (0x00001f17) x30 0x8000cd6a
core   0: 0x8000bd6e (0x283f2b23) sw      gp, 662(t5)
core   0: 3 0x8000bd6e (0x283f2b23) mem 0x8000d000 0x00000001
core   0: 0x8000bd72 (0x0000bfe5) c.j     pc - 8
core   0: 3 0x8000bd72 (0xbfe5)
core   0: 0x8000bd6a (0x00001f17) auipc   t5, 0x1
core   0: 3 0x8000bd6a (0x00001f17) x30 0x8000cd6a
core   0: 0x8000bd6e (0x283f2b23) sw      gp, 662(t5)
core   0: 3 0x8000bd6e (0x283f2b23) mem 0x8000d000 0x00000001
core   0: 0x8000bd72 (0x0000bfe5) c.j     pc - 8
core   0: 3 0x8000bd72 (0xbfe5)
core   0: 0x8000bd6a (0x00001f17) auipc   t5, 0x1
core   0: 3 0x8000bd6a (0x00001f17) x30 0x8000cd6a
core   0: 0x8000bd6e (0x283f2b23) sw      gp, 662(t5)
core   0: 3 0x8000bd6e (0x283f2b23) mem 0x8000d000 0x00000001
core   0: 0x8000bd72 (0x0000bfe5) c.j     pc - 8
core   0: 3 0x8000bd72 (0xbfe5)
core   0: 0x8000bd6a (0x00001f17) auipc   t5, 0x1
core   0: 3 0x8000bd6a (0x00001f17) x30 0x8000cd6a
core   0: 0x8000bd6e (0x283f2b23) sw      gp, 662(t5)
core   0: 3 0x8000bd6e (0x283f2b23) mem 0x8000d000 0x00000001
core   0: 0x8000bd72 (0x0000bfe5) c.j     pc - 8
core   0: 3 0x8000bd72 (0xbfe5)
core   0: 0x8000bd6a (0x00001f17) auipc   t5, 0x1
core   0: 3 0x8000bd6a (0x00001f17) x30 0x8000cd6a
core   0: 0x8000bd6e (0x283f2b23) sw      gp, 662(t5)
core   0: 3 0x8000bd6e (0x283f2b23) mem 0x8000d000 0x00000001
core   0: 0x8000bd72 (0x0000bfe5) c.j     pc - 8
core   0: 3 0x8000bd72 (0xbfe5)
core   0: 0x8000bd6a (0x00001f17) auipc   t5, 0x1
core   0: 3 0x8000bd6a (0x00001f17) x30 0x8000cd6a
core   0: 0x8000bd6e (0x283f2b23) sw      gp, 662(t5)
core   0: 3 0x8000bd6e (0x283f2b23) mem 0x8000d000 0x00000001
core   0: 0x8000bd72 (0x0000bfe5) c.j     pc - 8
core   0: 3 0x8000bd72 (0xbfe5)
core   0: 0x8000bd6a (0x00001f17) auipc   t5, 0x1
core   0: 3 0x8000bd6a (0x00001f17) x30 0x8000cd6a
core   0: 0x8000bd6e (0x283f2b23) sw      gp, 662(t5)
core   0: 3 0x8000bd6e (0x283f2b23) mem 0x8000d000 0x00000001
core   0: 0x8000bd72 (0x0000bfe5) c.j     pc - 8
core   0: 3 0x8000bd72 (0xbfe5)
core   0: 0x8000bd6a (0x00001f17) auipc   t5, 0x1
core   0: 3 0x8000bd6a (0x00001f17) x30 0x8000cd6a
core   0: 0x8000bd6e (0x283f2b23) sw      gp, 662(t5)
core   0: 3 0x8000bd6e (0x283f2b23) mem 0x8000d000 0x00000001
core   0: 0x8000bd72 (0x0000bfe5) c.j     pc - 8
core   0: 3 0x8000bd72 (0xbfe5)
core   0: 0x8000bd6a (0x00001f17) auipc   t5, 0x1
core   0: 3 0x8000bd6a (0x00001f17) x30 0x8000cd6a
core   0: 0x8000bd6e (0x283f2b23) sw      gp, 662(t5)
core   0: 3 0x8000bd6e (0x283f2b23) mem 0x8000d000 0x00000001
core   0: 0x8000bd72 (0x0000bfe5) c.j     pc - 8
core   0: 3 0x8000bd72 (0xbfe5)
core   0: 0x8000bd6a (0x00001f17) auipc   t5, 0x1
core   0: 3 0x8000bd6a (0x00001f17) x30 0x8000cd6a
core   0: 0x8000bd6e (0x283f2b23) sw      gp, 662(t5)
core   0: 3 0x8000bd6e (0x283f2b23) mem 0x8000d000 0x00000001
core   0: 0x8000bd72 (0x0000bfe5) c.j     pc - 8
core   0: 3 0x8000bd72 (0xbfe5)
core   0: 0x8000bd6a (0x00001f17) auipc   t5, 0x1
core   0: 3 0x8000bd6a (0x00001f17) x30 0x8000cd6a
core   0: 0x8000bd6e (0x283f2b23) sw      gp, 662(t5)
core   0: 3 0x8000bd6e (0x283f2b23) mem 0x8000d000 0x00000001
core   0: 0x8000bd72 (0x0000bfe5) c.j     pc - 8
core   0: 3 0x8000bd72 (0xbfe5)
core   0: 0x8000bd6a (0x00001f17) auipc   t5, 0x1
core   0: 3 0x8000bd6a (0x00001f17) x30 0x8000cd6a
core   0: 0x8000bd6e (0x283f2b23) sw      gp, 662(t5)
core   0: 3 0x8000bd6e (0x283f2b23) mem 0x8000d000 0x00000001
core   0: 0x8000bd72 (0x0000bfe5) c.j     pc - 8
core   0: 3 0x8000bd72 (0xbfe5)
core   0: 0x8000bd6a (0x00001f17) auipc   t5, 0x1
core   0: 3 0x8000bd6a (0x00001f17) x30 0x8000cd6a
core   0: 0x8000bd6e (0x283f2b23) sw      gp, 662(t5)
core   0: 3 0x8000bd6e (0x283f2b23) mem 0x8000d000 0x00000001
core   0: 0x8000bd72 (0x0000bfe5) c.j     pc - 8
core   0: 3 0x8000bd72 (0xbfe5)
core   0: 0x8000bd6a (0x00001f17) auipc   t5, 0x1
core   0: 3 0x8000bd6a (0x00001f17) x30 0x8000cd6a
core   0: 0x8000bd6e (0x283f2b23) sw      gp, 662(t5)
core   0: 3 0x8000bd6e (0x283f2b23) mem 0x8000d000 0x00000001
core   0: 0x8000bd72 (0x0000bfe5) c.j     pc - 8
core   0: 3 0x8000bd72 (0xbfe5)
core   0: 0x8000bd6a (0x00001f17) auipc   t5, 0x1
core   0: 3 0x8000bd6a (0x00001f17) x30 0x8000cd6a
core   0: 0x8000bd6e (0x283f2b23) sw      gp, 662(t5)
core   0: 3 0x8000bd6e (0x283f2b23) mem 0x8000d000 0x00000001
core   0: 0x8000bd72 (0x0000bfe5) c.j     pc - 8
core   0: 3 0x8000bd72 (0xbfe5)
core   0: 0x8000bd6a (0x00001f17) auipc   t5, 0x1
core   0: 3 0x8000bd6a (0x00001f17) x30 0x8000cd6a
core   0: 0x8000bd6e (0x283f2b23) sw      gp, 662(t5)
core   0: 3 0x8000bd6e (0x283f2b23) mem 0x8000d000 0x00000001
core   0: 0x8000bd72 (0x0000bfe5) c.j     pc - 8
core   0: 3 0x8000bd72 (0xbfe5)
core   0: 0x8000bd6a (0x00001f17) auipc   t5, 0x1
core   0: 3 0x8000bd6a (0x00001f17) x30 0x8000cd6a
core   0: 0x8000bd6e (0x283f2b23) sw      gp, 662(t5)
core   0: 3 0x8000bd6e (0x283f2b23) mem 0x8000d000 0x00000001
core   0: 0x8000bd72 (0x0000bfe5) c.j     pc - 8
core   0: 3 0x8000bd72 (0xbfe5)
core   0: 0x8000bd6a (0x00001f17) auipc   t5, 0x1
core   0: 3 0x8000bd6a (0x00001f17) x30 0x8000cd6a
core   0: 0x8000bd6e (0x283f2b23) sw      gp, 662(t5)
core   0: 3 0x8000bd6e (0x283f2b23) mem 0x8000d000 0x00000001
core   0: 0x8000bd72 (0x0000bfe5) c.j     pc - 8
core   0: 3 0x8000bd72 (0xbfe5)
core   0: 0x8000bd6a (0x00001f17) auipc   t5, 0x1
core   0: 3 0x8000bd6a (0x00001f17) x30 0x8000cd6a
core   0: 0x8000bd6e (0x283f2b23) sw      gp, 662(t5)
core   0: 3 0x8000bd6e (0x283f2b23) mem 0x8000d000 0x00000001
core   0: 0x8000bd72 (0x0000bfe5) c.j     pc - 8
core   0: 3 0x8000bd72 (0xbfe5)
core   0: 0x8000bd6a (0x00001f17) auipc   t5, 0x1
core   0: 3 0x8000bd6a (0x00001f17) x30 0x8000cd6a
core   0: 0x8000bd6e (0x283f2b23) sw      gp, 662(t5)
core   0: 3 0x8000bd6e (0x283f2b23) mem 0x8000d000 0x00000001
core   0: 0x8000bd72 (0x0000bfe5) c.j     pc - 8
core   0: 3 0x8000bd72 (0xbfe5)
core   0: 0x8000bd6a (0x00001f17) auipc   t5, 0x1
core   0: 3 0x8000bd6a (0x00001f17) x30 0x8000cd6a
core   0: 0x8000bd6e (0x283f2b23) sw      gp, 662(t5)
core   0: 3 0x8000bd6e (0x283f2b23) mem 0x8000d000 0x00000001
core   0: 0x8000bd72 (0x0000bfe5) c.j     pc - 8
core   0: 3 0x8000bd72 (0xbfe5)
core   0: 0x8000bd6a (0x00001f17) auipc   t5, 0x1
core   0: 3 0x8000bd6a (0x00001f17) x30 0x8000cd6a
core   0: 0x8000bd6e (0x283f2b23) sw      gp, 662(t5)
core   0: 3 0x8000bd6e (0x283f2b23) mem 0x8000d000 0x00000001
core   0: 0x8000bd72 (0x0000bfe5) c.j     pc - 8
core   0: 3 0x8000bd72 (0xbfe5)
core   0: 0x8000bd6a (0x00001f17) auipc   t5, 0x1
core   0: 3 0x8000bd6a (0x00001f17) x30 0x8000cd6a
core   0: 0x8000bd6e (0x283f2b23) sw      gp, 662(t5)
core   0: 3 0x8000bd6e (0x283f2b23) mem 0x8000d000 0x00000001
core   0: 0x8000bd72 (0x0000bfe5) c.j     pc - 8
core   0: 3 0x8000bd72 (0xbfe5)
core   0: 0x8000bd6a (0x00001f17) auipc   t5, 0x1
core   0: 3 0x8000bd6a (0x00001f17) x30 0x8000cd6a
core   0: 0x8000bd6e (0x283f2b23) sw      gp, 662(t5)
core   0: 3 0x8000bd6e (0x283f2b23) mem 0x8000d000 0x00000001
core   0: 0x8000bd72 (0x0000bfe5) c.j     pc - 8
core   0: 3 0x8000bd72 (0xbfe5)
core   0: 0x8000bd6a (0x00001f17) auipc   t5, 0x1
core   0: 3 0x8000bd6a (0x00001f17) x30 0x8000cd6a
core   0: 0x8000bd6e (0x283f2b23) sw      gp, 662(t5)
core   0: 3 0x8000bd6e (0x283f2b23) mem 0x8000d000 0x00000001
core   0: 0x8000bd72 (0x0000bfe5) c.j     pc - 8
core   0: 3 0x8000bd72 (0xbfe5)
core   0: 0x8000bd6a (0x00001f17) auipc   t5, 0x1
core   0: 3 0x8000bd6a (0x00001f17) x30 0x8000cd6a
core   0: 0x8000bd6e (0x283f2b23) sw      gp, 662(t5)
core   0: 3 0x8000bd6e (0x283f2b23) mem 0x8000d000 0x00000001
core   0: 0x8000bd72 (0x0000bfe5) c.j     pc - 8
core   0: 3 0x8000bd72 (0xbfe5)
core   0: 0x8000bd6a (0x00001f17) auipc   t5, 0x1
core   0: 3 0x8000bd6a (0x00001f17) x30 0x8000cd6a
core   0: 0x8000bd6e (0x283f2b23) sw      gp, 662(t5)
core   0: 3 0x8000bd6e (0x283f2b23) mem 0x8000d000 0x00000001
core   0: 0x8000bd72 (0x0000bfe5) c.j     pc - 8
core   0: 3 0x8000bd72 (0xbfe5)
core   0: 0x8000bd6a (0x00001f17) auipc   t5, 0x1
core   0: 3 0x8000bd6a (0x00001f17) x30 0x8000cd6a
core   0: 0x8000bd6e (0x283f2b23) sw      gp, 662(t5)
core   0: 3 0x8000bd6e (0x283f2b23) mem 0x8000d000 0x00000001
core   0: 0x8000bd72 (0x0000bfe5) c.j     pc - 8
core   0: 3 0x8000bd72 (0xbfe5)
core   0: 0x8000bd6a (0x00001f17) auipc   t5, 0x1
core   0: 3 0x8000bd6a (0x00001f17) x30 0x8000cd6a
core   0: 0x8000bd6e (0x283f2b23) sw      gp, 662(t5)
core   0: 3 0x8000bd6e (0x283f2b23) mem 0x8000d000 0x00000001
core   0: 0x8000bd72 (0x0000bfe5) c.j     pc - 8
core   0: 3 0x8000bd72 (0xbfe5)
core   0: 0x8000bd6a (0x00001f17) auipc   t5, 0x1
core   0: 3 0x8000bd6a (0x00001f17) x30 0x8000cd6a
core   0: 0x8000bd6e (0x283f2b23) sw      gp, 662(t5)
core   0: 3 0x8000bd6e (0x283f2b23) mem 0x8000d000 0x00000001
core   0: 0x8000bd72 (0x0000bfe5) c.j     pc - 8
core   0: 3 0x8000bd72 (0xbfe5)
core   0: 0x8000bd6a (0x00001f17) auipc   t5, 0x1
core   0: 3 0x8000bd6a (0x00001f17) x30 0x8000cd6a
core   0: 0x8000bd6e (0x283f2b23) sw      gp, 662(t5)
core   0: 3 0x8000bd6e (0x283f2b23) mem 0x8000d000 0x00000001
core   0: 0x8000bd72 (0x0000bfe5) c.j     pc - 8
core   0: 3 0x8000bd72 (0xbfe5)
core   0: 0x8000bd6a (0x00001f17) auipc   t5, 0x1
core   0: 3 0x8000bd6a (0x00001f17) x30 0x8000cd6a
core   0: 0x8000bd6e (0x283f2b23) sw      gp, 662(t5)
core   0: 3 0x8000bd6e (0x283f2b23) mem 0x8000d000 0x00000001
core   0: 0x8000bd72 (0x0000bfe5) c.j     pc - 8
core   0: 3 0x8000bd72 (0xbfe5)
core   0: 0x8000bd6a (0x00001f17) auipc   t5, 0x1
core   0: 3 0x8000bd6a (0x00001f17) x30 0x8000cd6a
core   0: 0x8000bd6e (0x283f2b23) sw      gp, 662(t5)
core   0: 3 0x8000bd6e (0x283f2b23) mem 0x8000d000 0x00000001
core   0: 0x8000bd72 (0x0000bfe5) c.j     pc - 8
core   0: 3 0x8000bd72 (0xbfe5)
core   0: 0x8000bd6a (0x00001f17) auipc   t5, 0x1
core   0: 3 0x8000bd6a (0x00001f17) x30 0x8000cd6a
core   0: 0x8000bd6e (0x283f2b23) sw      gp, 662(t5)
core   0: 3 0x8000bd6e (0x283f2b23) mem 0x8000d000 0x00000001
core   0: 0x8000bd72 (0x0000bfe5) c.j     pc - 8
core   0: 3 0x8000bd72 (0xbfe5)
core   0: 0x8000bd6a (0x00001f17) auipc   t5, 0x1
core   0: 3 0x8000bd6a (0x00001f17) x30 0x8000cd6a
core   0: 0x8000bd6e (0x283f2b23) sw      gp, 662(t5)
core   0: 3 0x8000bd6e (0x283f2b23) mem 0x8000d000 0x00000001
core   0: 0x8000bd72 (0x0000bfe5) c.j     pc - 8
core   0: 3 0x8000bd72 (0xbfe5)
core   0: 0x8000bd6a (0x00001f17) auipc   t5, 0x1
core   0: 3 0x8000bd6a (0x00001f17) x30 0x8000cd6a
core   0: 0x8000bd6e (0x283f2b23) sw      gp, 662(t5)
core   0: 3 0x8000bd6e (0x283f2b23) mem 0x8000d000 0x00000001
core   0: 0x8000bd72 (0x0000bfe5) c.j     pc - 8
core   0: 3 0x8000bd72 (0xbfe5)
core   0: 0x8000bd6a (0x00001f17) auipc   t5, 0x1
core   0: 3 0x8000bd6a (0x00001f17) x30 0x8000cd6a
core   0: 0x8000bd6e (0x283f2b23) sw      gp, 662(t5)
core   0: 3 0x8000bd6e (0x283f2b23) mem 0x8000d000 0x00000001
core   0: 0x8000bd72 (0x0000bfe5) c.j     pc - 8
core   0: 3 0x8000bd72 (0xbfe5)
core   0: 0x8000bd6a (0x00001f17) auipc   t5, 0x1
core   0: 3 0x8000bd6a (0x00001f17) x30 0x8000cd6a
core   0: 0x8000bd6e (0x283f2b23) sw      gp, 662(t5)
core   0: 3 0x8000bd6e (0x283f2b23) mem 0x8000d000 0x00000001
core   0: 0x8000bd72 (0x0000bfe5) c.j     pc - 8
core   0: 3 0x8000bd72 (0xbfe5)
core   0: 0x8000bd6a (0x00001f17) auipc   t5, 0x1
core   0: 3 0x8000bd6a (0x00001f17) x30 0x8000cd6a
core   0: 0x8000bd6e (0x283f2b23) sw      gp, 662(t5)
core   0: 3 0x8000bd6e (0x283f2b23) mem 0x8000d000 0x00000001
core   0: 0x8000bd72 (0x0000bfe5) c.j     pc - 8
core   0: 3 0x8000bd72 (0xbfe5)
core   0: 0x8000bd6a (0x00001f17) auipc   t5, 0x1
core   0: 3 0x8000bd6a (0x00001f17) x30 0x8000cd6a
core   0: 0x8000bd6e (0x283f2b23) sw      gp, 662(t5)
core   0: 3 0x8000bd6e (0x283f2b23) mem 0x8000d000 0x00000001
core   0: 0x8000bd72 (0x0000bfe5) c.j     pc - 8
core   0: 3 0x8000bd72 (0xbfe5)
core   0: 0x8000bd6a (0x00001f17) auipc   t5, 0x1
core   0: 3 0x8000bd6a (0x00001f17) x30 0x8000cd6a
core   0: 0x8000bd6e (0x283f2b23) sw      gp, 662(t5)
core   0: 3 0x8000bd6e (0x283f2b23) mem 0x8000d000 0x00000001
core   0: 0x8000bd72 (0x0000bfe5) c.j     pc - 8
core   0: 3 0x8000bd72 (0xbfe5)
core   0: 0x8000bd6a (0x00001f17) auipc   t5, 0x1
core   0: 3 0x8000bd6a (0x00001f17) x30 0x8000cd6a
core   0: 0x8000bd6e (0x283f2b23) sw      gp, 662(t5)
core   0: 3 0x8000bd6e (0x283f2b23) mem 0x8000d000 0x00000001
core   0: 0x8000bd72 (0x0000bfe5) c.j     pc - 8
core   0: 3 0x8000bd72 (0xbfe5)
core   0: 0x8000bd6a (0x00001f17) auipc   t5, 0x1
core   0: 3 0x8000bd6a (0x00001f17) x30 0x8000cd6a
core   0: 0x8000bd6e (0x283f2b23) sw      gp, 662(t5)
core   0: 3 0x8000bd6e (0x283f2b23) mem 0x8000d000 0x00000001
core   0: 0x8000bd72 (0x0000bfe5) c.j     pc - 8
core   0: 3 0x8000bd72 (0xbfe5)
core   0: 0x8000bd6a (0x00001f17) auipc   t5, 0x1
core   0: 3 0x8000bd6a (0x00001f17) x30 0x8000cd6a
core   0: 0x8000bd6e (0x283f2b23) sw      gp, 662(t5)
core   0: 3 0x8000bd6e (0x283f2b23) mem 0x8000d000 0x00000001
core   0: 0x8000bd72 (0x0000bfe5) c.j     pc - 8
core   0: 3 0x8000bd72 (0xbfe5)
core   0: 0x8000bd6a (0x00001f17) auipc   t5, 0x1
core   0: 3 0x8000bd6a (0x00001f17) x30 0x8000cd6a
core   0: 0x8000bd6e (0x283f2b23) sw      gp, 662(t5)
core   0: 3 0x8000bd6e (0x283f2b23) mem 0x8000d000 0x00000001
core   0: 0x8000bd72 (0x0000bfe5) c.j     pc - 8
core   0: 3 0x8000bd72 (0xbfe5)
core   0: 0x8000bd6a (0x00001f17) auipc   t5, 0x1
core   0: 3 0x8000bd6a (0x00001f17) x30 0x8000cd6a
core   0: 0x8000bd6e (0x283f2b23) sw      gp, 662(t5)
core   0: 3 0x8000bd6e (0x283f2b23) mem 0x8000d000 0x00000001
core   0: 0x8000bd72 (0x0000bfe5) c.j     pc - 8
core   0: 3 0x8000bd72 (0xbfe5)
core   0: 0x8000bd6a (0x00001f17) auipc   t5, 0x1
core   0: 3 0x8000bd6a (0x00001f17) x30 0x8000cd6a
core   0: 0x8000bd6e (0x283f2b23) sw      gp, 662(t5)
core   0: 3 0x8000bd6e (0x283f2b23) mem 0x8000d000 0x00000001
core   0: 0x8000bd72 (0x0000bfe5) c.j     pc - 8
core   0: 3 0x8000bd72 (0xbfe5)
core   0: 0x8000bd6a (0x00001f17) auipc   t5, 0x1
core   0: 3 0x8000bd6a (0x00001f17) x30 0x8000cd6a
core   0: 0x8000bd6e (0x283f2b23) sw      gp, 662(t5)
core   0: 3 0x8000bd6e (0x283f2b23) mem 0x8000d000 0x00000001
core   0: 0x8000bd72 (0x0000bfe5) c.j     pc - 8
core   0: 3 0x8000bd72 (0xbfe5)
core   0: 0x8000bd6a (0x00001f17) auipc   t5, 0x1
core   0: 3 0x8000bd6a (0x00001f17) x30 0x8000cd6a
core   0: 0x8000bd6e (0x283f2b23) sw      gp, 662(t5)
core   0: 3 0x8000bd6e (0x283f2b23) mem 0x8000d000 0x00000001
core   0: 0x8000bd72 (0x0000bfe5) c.j     pc - 8
core   0: 3 0x8000bd72 (0xbfe5)
core   0: 0x8000bd6a (0x00001f17) auipc   t5, 0x1
core   0: 3 0x8000bd6a (0x00001f17) x30 0x8000cd6a
core   0: 0x8000bd6e (0x283f2b23) sw      gp, 662(t5)
core   0: 3 0x8000bd6e (0x283f2b23) mem 0x8000d000 0x00000001
core   0: 0x8000bd72 (0x0000bfe5) c.j     pc - 8
core   0: 3 0x8000bd72 (0xbfe5)
core   0: 0x8000bd6a (0x00001f17) auipc   t5, 0x1
core   0: 3 0x8000bd6a (0x00001f17) x30 0x8000cd6a
core   0: 0x8000bd6e (0x283f2b23) sw      gp, 662(t5)
core   0: 3 0x8000bd6e (0x283f2b23) mem 0x8000d000 0x00000001
core   0: 0x8000bd72 (0x0000bfe5) c.j     pc - 8
core   0: 3 0x8000bd72 (0xbfe5)
core   0: 0x8000bd6a (0x00001f17) auipc   t5, 0x1
core   0: 3 0x8000bd6a (0x00001f17) x30 0x8000cd6a
core   0: 0x8000bd6e (0x283f2b23) sw      gp, 662(t5)
core   0: 3 0x8000bd6e (0x283f2b23) mem 0x8000d000 0x00000001
core   0: 0x8000bd72 (0x0000bfe5) c.j     pc - 8
core   0: 3 0x8000bd72 (0xbfe5)
core   0: 0x8000bd6a (0x00001f17) auipc   t5, 0x1
core   0: 3 0x8000bd6a (0x00001f17) x30 0x8000cd6a
core   0: 0x8000bd6e (0x283f2b23) sw      gp, 662(t5)
core   0: 3 0x8000bd6e (0x283f2b23) mem 0x8000d000 0x00000001
core   0: 0x8000bd72 (0x0000bfe5) c.j     pc - 8
core   0: 3 0x8000bd72 (0xbfe5)
core   0: 0x8000bd6a (0x00001f17) auipc   t5, 0x1
core   0: 3 0x8000bd6a (0x00001f17) x30 0x8000cd6a
core   0: 0x8000bd6e (0x283f2b23) sw      gp, 662(t5)
core   0: 3 0x8000bd6e (0x283f2b23) mem 0x8000d000 0x00000001
core   0: 0x8000bd72 (0x0000bfe5) c.j     pc - 8
core   0: 3 0x8000bd72 (0xbfe5)
core   0: 0x8000bd6a (0x00001f17) auipc   t5, 0x1
core   0: 3 0x8000bd6a (0x00001f17) x30 0x8000cd6a
core   0: 0x8000bd6e (0x283f2b23) sw      gp, 662(t5)
core   0: 3 0x8000bd6e (0x283f2b23) mem 0x8000d000 0x00000001
core   0: 0x8000bd72 (0x0000bfe5) c.j     pc - 8
core   0: 3 0x8000bd72 (0xbfe5)
core   0: 0x8000bd6a (0x00001f17) auipc   t5, 0x1
core   0: 3 0x8000bd6a (0x00001f17) x30 0x8000cd6a
core   0: 0x8000bd6e (0x283f2b23) sw      gp, 662(t5)
core   0: 3 0x8000bd6e (0x283f2b23) mem 0x8000d000 0x00000001
core   0: 0x8000bd72 (0x0000bfe5) c.j     pc - 8
core   0: 3 0x8000bd72 (0xbfe5)
core   0: 0x8000bd6a (0x00001f17) auipc   t5, 0x1
core   0: 3 0x8000bd6a (0x00001f17) x30 0x8000cd6a
core   0: 0x8000bd6e (0x283f2b23) sw      gp, 662(t5)
core   0: 3 0x8000bd6e (0x283f2b23) mem 0x8000d000 0x00000001
core   0: 0x8000bd72 (0x0000bfe5) c.j     pc - 8
core   0: 3 0x8000bd72 (0xbfe5)
core   0: 0x8000bd6a (0x00001f17) auipc   t5, 0x1
core   0: 3 0x8000bd6a (0x00001f17) x30 0x8000cd6a
core   0: 0x8000bd6e (0x283f2b23) sw      gp, 662(t5)
core   0: 3 0x8000bd6e (0x283f2b23) mem 0x8000d000 0x00000001
core   0: 0x8000bd72 (0x0000bfe5) c.j     pc - 8
core   0: 3 0x8000bd72 (0xbfe5)
core   0: 0x8000bd6a (0x00001f17) auipc   t5, 0x1
core   0: 3 0x8000bd6a (0x00001f17) x30 0x8000cd6a
core   0: 0x8000bd6e (0x283f2b23) sw      gp, 662(t5)
core   0: 3 0x8000bd6e (0x283f2b23) mem 0x8000d000 0x00000001
core   0: 0x8000bd72 (0x0000bfe5) c.j     pc - 8
core   0: 3 0x8000bd72 (0xbfe5)
core   0: 0x8000bd6a (0x00001f17) auipc   t5, 0x1
core   0: 3 0x8000bd6a (0x00001f17) x30 0x8000cd6a
core   0: 0x8000bd6e (0x283f2b23) sw      gp, 662(t5)
core   0: 3 0x8000bd6e (0x283f2b23) mem 0x8000d000 0x00000001
core   0: 0x8000bd72 (0x0000bfe5) c.j     pc - 8
core   0: 3 0x8000bd72 (0xbfe5)
core   0: 0x8000bd6a (0x00001f17) auipc   t5, 0x1
core   0: 3 0x8000bd6a (0x00001f17) x30 0x8000cd6a
core   0: 0x8000bd6e (0x283f2b23) sw      gp, 662(t5)
core   0: 3 0x8000bd6e (0x283f2b23) mem 0x8000d000 0x00000001
core   0: 0x8000bd72 (0x0000bfe5) c.j     pc - 8
core   0: 3 0x8000bd72 (0xbfe5)
core   0: 0x8000bd6a (0x00001f17) auipc   t5, 0x1
core   0: 3 0x8000bd6a (0x00001f17) x30 0x8000cd6a
core   0: 0x8000bd6e (0x283f2b23) sw      gp, 662(t5)
core   0: 3 0x8000bd6e (0x283f2b23) mem 0x8000d000 0x00000001
core   0: 0x8000bd72 (0x0000bfe5) c.j     pc - 8
core   0: 3 0x8000bd72 (0xbfe5)
core   0: 0x8000bd6a (0x00001f17) auipc   t5, 0x1
core   0: 3 0x8000bd6a (0x00001f17) x30 0x8000cd6a
core   0: 0x8000bd6e (0x283f2b23) sw      gp, 662(t5)
core   0: 3 0x8000bd6e (0x283f2b23) mem 0x8000d000 0x00000001
core   0: 0x8000bd72 (0x0000bfe5) c.j     pc - 8
core   0: 3 0x8000bd72 (0xbfe5)
core   0: 0x8000bd6a (0x00001f17) auipc   t5, 0x1
core   0: 3 0x8000bd6a (0x00001f17) x30 0x8000cd6a
core   0: 0x8000bd6e (0x283f2b23) sw      gp, 662(t5)
core   0: 3 0x8000bd6e (0x283f2b23) mem 0x8000d000 0x00000001
core   0: 0x8000bd72 (0x0000bfe5) c.j     pc - 8
core   0: 3 0x8000bd72 (0xbfe5)
core   0: 0x8000bd6a (0x00001f17) auipc   t5, 0x1
core   0: 3 0x8000bd6a (0x00001f17) x30 0x8000cd6a
core   0: 0x8000bd6e (0x283f2b23) sw      gp, 662(t5)
core   0: 3 0x8000bd6e (0x283f2b23) mem 0x8000d000 0x00000001
core   0: 0x8000bd72 (0x0000bfe5) c.j     pc - 8
core   0: 3 0x8000bd72 (0xbfe5)
core   0: 0x8000bd6a (0x00001f17) auipc   t5, 0x1
core   0: 3 0x8000bd6a (0x00001f17) x30 0x8000cd6a
core   0: 0x8000bd6e (0x283f2b23) sw      gp, 662(t5)
core   0: 3 0x8000bd6e (0x283f2b23) mem 0x8000d000 0x00000001
core   0: 0x8000bd72 (0x0000bfe5) c.j     pc - 8
core   0: 3 0x8000bd72 (0xbfe5)
core   0: 0x8000bd6a (0x00001f17) auipc   t5, 0x1
core   0: 3 0x8000bd6a (0x00001f17) x30 0x8000cd6a
core   0: 0x8000bd6e (0x283f2b23) sw      gp, 662(t5)
core   0: 3 0x8000bd6e (0x283f2b23) mem 0x8000d000 0x00000001
core   0: 0x8000bd72 (0x0000bfe5) c.j     pc - 8
core   0: 3 0x8000bd72 (0xbfe5)
core   0: 0x8000bd6a (0x00001f17) auipc   t5, 0x1
core   0: 3 0x8000bd6a (0x00001f17) x30 0x8000cd6a
core   0: 0x8000bd6e (0x283f2b23) sw      gp, 662(t5)
core   0: 3 0x8000bd6e (0x283f2b23) mem 0x8000d000 0x00000001
core   0: 0x8000bd72 (0x0000bfe5) c.j     pc - 8
core   0: 3 0x8000bd72 (0xbfe5)
core   0: 0x8000bd6a (0x00001f17) auipc   t5, 0x1
core   0: 3 0x8000bd6a (0x00001f17) x30 0x8000cd6a
core   0: 0x8000bd6e (0x283f2b23) sw      gp, 662(t5)
core   0: 3 0x8000bd6e (0x283f2b23) mem 0x8000d000 0x00000001
core   0: 0x8000bd72 (0x0000bfe5) c.j     pc - 8
core   0: 3 0x8000bd72 (0xbfe5)
core   0: 0x8000bd6a (0x00001f17) auipc   t5, 0x1
core   0: 3 0x8000bd6a (0x00001f17) x30 0x8000cd6a
core   0: 0x8000bd6e (0x283f2b23) sw      gp, 662(t5)
core   0: 3 0x8000bd6e (0x283f2b23) mem 0x8000d000 0x00000001
core   0: 0x8000bd72 (0x0000bfe5) c.j     pc - 8
core   0: 3 0x8000bd72 (0xbfe5)
core   0: 0x8000bd6a (0x00001f17) auipc   t5, 0x1
core   0: 3 0x8000bd6a (0x00001f17) x30 0x8000cd6a
core   0: 0x8000bd6e (0x283f2b23) sw      gp, 662(t5)
core   0: 3 0x8000bd6e (0x283f2b23) mem 0x8000d000 0x00000001
core   0: 0x8000bd72 (0x0000bfe5) c.j     pc - 8
core   0: 3 0x8000bd72 (0xbfe5)
core   0: 0x8000bd6a (0x00001f17) auipc   t5, 0x1
core   0: 3 0x8000bd6a (0x00001f17) x30 0x8000cd6a
core   0: 0x8000bd6e (0x283f2b23) sw      gp, 662(t5)
core   0: 3 0x8000bd6e (0x283f2b23) mem 0x8000d000 0x00000001
core   0: 0x8000bd72 (0x0000bfe5) c.j     pc - 8
core   0: 3 0x8000bd72 (0xbfe5)
core   0: 0x8000bd6a (0x00001f17) auipc   t5, 0x1
core   0: 3 0x8000bd6a (0x00001f17) x30 0x8000cd6a
core   0: 0x8000bd6e (0x283f2b23) sw      gp, 662(t5)
core   0: 3 0x8000bd6e (0x283f2b23) mem 0x8000d000 0x00000001
core   0: 0x8000bd72 (0x0000bfe5) c.j     pc - 8
core   0: 3 0x8000bd72 (0xbfe5)
core   0: 0x8000bd6a (0x00001f17) auipc   t5, 0x1
core   0: 3 0x8000bd6a (0x00001f17) x30 0x8000cd6a
core   0: 0x8000bd6e (0x283f2b23) sw      gp, 662(t5)
core   0: 3 0x8000bd6e (0x283f2b23) mem 0x8000d000 0x00000001
core   0: 0x8000bd72 (0x0000bfe5) c.j     pc - 8
core   0: 3 0x8000bd72 (0xbfe5)
core   0: 0x8000bd6a (0x00001f17) auipc   t5, 0x1
core   0: 3 0x8000bd6a (0x00001f17) x30 0x8000cd6a
core   0: 0x8000bd6e (0x283f2b23) sw      gp, 662(t5)
core   0: 3 0x8000bd6e (0x283f2b23) mem 0x8000d000 0x00000001
core   0: 0x8000bd72 (0x0000bfe5) c.j     pc - 8
core   0: 3 0x8000bd72 (0xbfe5)
core   0: 0x8000bd6a (0x00001f17) auipc   t5, 0x1
core   0: 3 0x8000bd6a (0x00001f17) x30 0x8000cd6a
core   0: 0x8000bd6e (0x283f2b23) sw      gp, 662(t5)
core   0: 3 0x8000bd6e (0x283f2b23) mem 0x8000d000 0x00000001
core   0: 0x8000bd72 (0x0000bfe5) c.j     pc - 8
core   0: 3 0x8000bd72 (0xbfe5)
core   0: 0x8000bd6a (0x00001f17) auipc   t5, 0x1
core   0: 3 0x8000bd6a (0x00001f17) x30 0x8000cd6a
core   0: 0x8000bd6e (0x283f2b23) sw      gp, 662(t5)
core   0: 3 0x8000bd6e (0x283f2b23) mem 0x8000d000 0x00000001
core   0: 0x8000bd72 (0x0000bfe5) c.j     pc - 8
core   0: 3 0x8000bd72 (0xbfe5)
core   0: 0x8000bd6a (0x00001f17) auipc   t5, 0x1
core   0: 3 0x8000bd6a (0x00001f17) x30 0x8000cd6a
core   0: 0x8000bd6e (0x283f2b23) sw      gp, 662(t5)
core   0: 3 0x8000bd6e (0x283f2b23) mem 0x8000d000 0x00000001
core   0: 0x8000bd72 (0x0000bfe5) c.j     pc - 8
core   0: 3 0x8000bd72 (0xbfe5)
core   0: 0x8000bd6a (0x00001f17) auipc   t5, 0x1
core   0: 3 0x8000bd6a (0x00001f17) x30 0x8000cd6a
core   0: 0x8000bd6e (0x283f2b23) sw      gp, 662(t5)
core   0: 3 0x8000bd6e (0x283f2b23) mem 0x8000d000 0x00000001
core   0: 0x8000bd72 (0x0000bfe5) c.j     pc - 8
core   0: 3 0x8000bd72 (0xbfe5)
core   0: 0x8000bd6a (0x00001f17) auipc   t5, 0x1
core   0: 3 0x8000bd6a (0x00001f17) x30 0x8000cd6a
core   0: 0x8000bd6e (0x283f2b23) sw      gp, 662(t5)
core   0: 3 0x8000bd6e (0x283f2b23) mem 0x8000d000 0x00000001
core   0: 0x8000bd72 (0x0000bfe5) c.j     pc - 8
core   0: 3 0x8000bd72 (0xbfe5)
core   0: 0x8000bd6a (0x00001f17) auipc   t5, 0x1
core   0: 3 0x8000bd6a (0x00001f17) x30 0x8000cd6a
core   0: 0x8000bd6e (0x283f2b23) sw      gp, 662(t5)
core   0: 3 0x8000bd6e (0x283f2b23) mem 0x8000d000 0x00000001
core   0: 0x8000bd72 (0x0000bfe5) c.j     pc - 8
core   0: 3 0x8000bd72 (0xbfe5)
core   0: 0x8000bd6a (0x00001f17) auipc   t5, 0x1
core   0: 3 0x8000bd6a (0x00001f17) x30 0x8000cd6a
core   0: 0x8000bd6e (0x283f2b23) sw      gp, 662(t5)
core   0: 3 0x8000bd6e (0x283f2b23) mem 0x8000d000 0x00000001
core   0: 0x8000bd72 (0x0000bfe5) c.j     pc - 8
core   0: 3 0x8000bd72 (0xbfe5)
core   0: 0x8000bd6a (0x00001f17) auipc   t5, 0x1
core   0: 3 0x8000bd6a (0x00001f17) x30 0x8000cd6a
core   0: 0x8000bd6e (0x283f2b23) sw      gp, 662(t5)
core   0: 3 0x8000bd6e (0x283f2b23) mem 0x8000d000 0x00000001
core   0: 0x8000bd72 (0x0000bfe5) c.j     pc - 8
core   0: 3 0x8000bd72 (0xbfe5)
core   0: 0x8000bd6a (0x00001f17) auipc   t5, 0x1
core   0: 3 0x8000bd6a (0x00001f17) x30 0x8000cd6a
core   0: 0x8000bd6e (0x283f2b23) sw      gp, 662(t5)
core   0: 3 0x8000bd6e (0x283f2b23) mem 0x8000d000 0x00000001
core   0: 0x8000bd72 (0x0000bfe5) c.j     pc - 8
core   0: 3 0x8000bd72 (0xbfe5)
core   0: 0x8000bd6a (0x00001f17) auipc   t5, 0x1
core   0: 3 0x8000bd6a (0x00001f17) x30 0x8000cd6a
core   0: 0x8000bd6e (0x283f2b23) sw      gp, 662(t5)
core   0: 3 0x8000bd6e (0x283f2b23) mem 0x8000d000 0x00000001
core   0: 0x8000bd72 (0x0000bfe5) c.j     pc - 8
core   0: 3 0x8000bd72 (0xbfe5)
core   0: 0x8000bd6a (0x00001f17) auipc   t5, 0x1
core   0: 3 0x8000bd6a (0x00001f17) x30 0x8000cd6a
core   0: 0x8000bd6e (0x283f2b23) sw      gp, 662(t5)
core   0: 3 0x8000bd6e (0x283f2b23) mem 0x8000d000 0x00000001
core   0: 0x8000bd72 (0x0000bfe5) c.j     pc - 8
core   0: 3 0x8000bd72 (0xbfe5)
core   0: 0x8000bd6a (0x00001f17) auipc   t5, 0x1
core   0: 3 0x8000bd6a (0x00001f17) x30 0x8000cd6a
core   0: 0x8000bd6e (0x283f2b23) sw      gp, 662(t5)
core   0: 3 0x8000bd6e (0x283f2b23) mem 0x8000d000 0x00000001
core   0: 0x8000bd72 (0x0000bfe5) c.j     pc - 8
core   0: 3 0x8000bd72 (0xbfe5)
core   0: 0x8000bd6a (0x00001f17) auipc   t5, 0x1
core   0: 3 0x8000bd6a (0x00001f17) x30 0x8000cd6a
core   0: 0x8000bd6e (0x283f2b23) sw      gp, 662(t5)
core   0: 3 0x8000bd6e (0x283f2b23) mem 0x8000d000 0x00000001
core   0: 0x8000bd72 (0x0000bfe5) c.j     pc - 8
core   0: 3 0x8000bd72 (0xbfe5)
core   0: 0x8000bd6a (0x00001f17) auipc   t5, 0x1
core   0: 3 0x8000bd6a (0x00001f17) x30 0x8000cd6a
core   0: 0x8000bd6e (0x283f2b23) sw      gp, 662(t5)
core   0: 3 0x8000bd6e (0x283f2b23) mem 0x8000d000 0x00000001
core   0: 0x8000bd72 (0x0000bfe5) c.j     pc - 8
core   0: 3 0x8000bd72 (0xbfe5)
core   0: 0x8000bd6a (0x00001f17) auipc   t5, 0x1
core   0: 3 0x8000bd6a (0x00001f17) x30 0x8000cd6a
core   0: 0x8000bd6e (0x283f2b23) sw      gp, 662(t5)
core   0: 3 0x8000bd6e (0x283f2b23) mem 0x8000d000 0x00000001
core   0: 0x8000bd72 (0x0000bfe5) c.j     pc - 8
core   0: 3 0x8000bd72 (0xbfe5)
core   0: 0x8000bd6a (0x00001f17) auipc   t5, 0x1
core   0: 3 0x8000bd6a (0x00001f17) x30 0x8000cd6a
core   0: 0x8000bd6e (0x283f2b23) sw      gp, 662(t5)
core   0: 3 0x8000bd6e (0x283f2b23) mem 0x8000d000 0x00000001
core   0: 0x8000bd72 (0x0000bfe5) c.j     pc - 8
core   0: 3 0x8000bd72 (0xbfe5)
core   0: 0x8000bd6a (0x00001f17) auipc   t5, 0x1
core   0: 3 0x8000bd6a (0x00001f17) x30 0x8000cd6a
core   0: 0x8000bd6e (0x283f2b23) sw      gp, 662(t5)
core   0: 3 0x8000bd6e (0x283f2b23) mem 0x8000d000 0x00000001
core   0: 0x8000bd72 (0x0000bfe5) c.j     pc - 8
core   0: 3 0x8000bd72 (0xbfe5)
core   0: 0x8000bd6a (0x00001f17) auipc   t5, 0x1
core   0: 3 0x8000bd6a (0x00001f17) x30 0x8000cd6a
core   0: 0x8000bd6e (0x283f2b23) sw      gp, 662(t5)
core   0: 3 0x8000bd6e (0x283f2b23) mem 0x8000d000 0x00000001
core   0: 0x8000bd72 (0x0000bfe5) c.j     pc - 8
core   0: 3 0x8000bd72 (0xbfe5)
core   0: 0x8000bd6a (0x00001f17) auipc   t5, 0x1
core   0: 3 0x8000bd6a (0x00001f17) x30 0x8000cd6a
core   0: 0x8000bd6e (0x283f2b23) sw      gp, 662(t5)
core   0: 3 0x8000bd6e (0x283f2b23) mem 0x8000d000 0x00000001
core   0: 0x8000bd72 (0x0000bfe5) c.j     pc - 8
core   0: 3 0x8000bd72 (0xbfe5)
core   0: 0x8000bd6a (0x00001f17) auipc   t5, 0x1
core   0: 3 0x8000bd6a (0x00001f17) x30 0x8000cd6a
core   0: 0x8000bd6e (0x283f2b23) sw      gp, 662(t5)
core   0: 3 0x8000bd6e (0x283f2b23) mem 0x8000d000 0x00000001
core   0: 0x8000bd72 (0x0000bfe5) c.j     pc - 8
core   0: 3 0x8000bd72 (0xbfe5)
core   0: 0x8000bd6a (0x00001f17) auipc   t5, 0x1
core   0: 3 0x8000bd6a (0x00001f17) x30 0x8000cd6a
core   0: 0x8000bd6e (0x283f2b23) sw      gp, 662(t5)
core   0: 3 0x8000bd6e (0x283f2b23) mem 0x8000d000 0x00000001
core   0: 0x8000bd72 (0x0000bfe5) c.j     pc - 8
core   0: 3 0x8000bd72 (0xbfe5)
core   0: 0x8000bd6a (0x00001f17) auipc   t5, 0x1
core   0: 3 0x8000bd6a (0x00001f17) x30 0x8000cd6a
core   0: 0x8000bd6e (0x283f2b23) sw      gp, 662(t5)
core   0: 3 0x8000bd6e (0x283f2b23) mem 0x8000d000 0x00000001
core   0: 0x8000bd72 (0x0000bfe5) c.j     pc - 8
core   0: 3 0x8000bd72 (0xbfe5)
core   0: 0x8000bd6a (0x00001f17) auipc   t5, 0x1
core   0: 3 0x8000bd6a (0x00001f17) x30 0x8000cd6a
core   0: 0x8000bd6e (0x283f2b23) sw      gp, 662(t5)
core   0: 3 0x8000bd6e (0x283f2b23) mem 0x8000d000 0x00000001
core   0: 0x8000bd72 (0x0000bfe5) c.j     pc - 8
core   0: 3 0x8000bd72 (0xbfe5)
core   0: 0x8000bd6a (0x00001f17) auipc   t5, 0x1
core   0: 3 0x8000bd6a (0x00001f17) x30 0x8000cd6a
core   0: 0x8000bd6e (0x283f2b23) sw      gp, 662(t5)
core   0: 3 0x8000bd6e (0x283f2b23) mem 0x8000d000 0x00000001
core   0: 0x8000bd72 (0x0000bfe5) c.j     pc - 8
core   0: 3 0x8000bd72 (0xbfe5)
core   0: 0x8000bd6a (0x00001f17) auipc   t5, 0x1
core   0: 3 0x8000bd6a (0x00001f17) x30 0x8000cd6a
core   0: 0x8000bd6e (0x283f2b23) sw      gp, 662(t5)
core   0: 3 0x8000bd6e (0x283f2b23) mem 0x8000d000 0x00000001
core   0: 0x8000bd72 (0x0000bfe5) c.j     pc - 8
core   0: 3 0x8000bd72 (0xbfe5)
core   0: 0x8000bd6a (0x00001f17) auipc   t5, 0x1
core   0: 3 0x8000bd6a (0x00001f17) x30 0x8000cd6a
core   0: 0x8000bd6e (0x283f2b23) sw      gp, 662(t5)
core   0: 3 0x8000bd6e (0x283f2b23) mem 0x8000d000 0x00000001
core   0: 0x8000bd72 (0x0000bfe5) c.j     pc - 8
core   0: 3 0x8000bd72 (0xbfe5)
core   0: 0x8000bd6a (0x00001f17) auipc   t5, 0x1
core   0: 3 0x8000bd6a (0x00001f17) x30 0x8000cd6a
core   0: 0x8000bd6e (0x283f2b23) sw      gp, 662(t5)
core   0: 3 0x8000bd6e (0x283f2b23) mem 0x8000d000 0x00000001
core   0: 0x8000bd72 (0x0000bfe5) c.j     pc - 8
core   0: 3 0x8000bd72 (0xbfe5)
core   0: 0x8000bd6a (0x00001f17) auipc   t5, 0x1
core   0: 3 0x8000bd6a (0x00001f17) x30 0x8000cd6a
core   0: 0x8000bd6e (0x283f2b23) sw      gp, 662(t5)
core   0: 3 0x8000bd6e (0x283f2b23) mem 0x8000d000 0x00000001
core   0: 0x8000bd72 (0x0000bfe5) c.j     pc - 8
core   0: 3 0x8000bd72 (0xbfe5)
core   0: 0x8000bd6a (0x00001f17) auipc   t5, 0x1
core   0: 3 0x8000bd6a (0x00001f17) x30 0x8000cd6a
core   0: 0x8000bd6e (0x283f2b23) sw      gp, 662(t5)
core   0: 3 0x8000bd6e (0x283f2b23) mem 0x8000d000 0x00000001
core   0: 0x8000bd72 (0x0000bfe5) c.j     pc - 8
core   0: 3 0x8000bd72 (0xbfe5)
core   0: 0x8000bd6a (0x00001f17) auipc   t5, 0x1
core   0: 3 0x8000bd6a (0x00001f17) x30 0x8000cd6a
core   0: 0x8000bd6e (0x283f2b23) sw      gp, 662(t5)
core   0: 3 0x8000bd6e (0x283f2b23) mem 0x8000d000 0x00000001
core   0: 0x8000bd72 (0x0000bfe5) c.j     pc - 8
core   0: 3 0x8000bd72 (0xbfe5)
core   0: 0x8000bd6a (0x00001f17) auipc   t5, 0x1
core   0: 3 0x8000bd6a (0x00001f17) x30 0x8000cd6a
core   0: 0x8000bd6e (0x283f2b23) sw      gp, 662(t5)
core   0: 3 0x8000bd6e (0x283f2b23) mem 0x8000d000 0x00000001
core   0: 0x8000bd72 (0x0000bfe5) c.j     pc - 8
core   0: 3 0x8000bd72 (0xbfe5)
core   0: 0x8000bd6a (0x00001f17) auipc   t5, 0x1
core   0: 3 0x8000bd6a (0x00001f17) x30 0x8000cd6a
core   0: 0x8000bd6e (0x283f2b23) sw      gp, 662(t5)
core   0: 3 0x8000bd6e (0x283f2b23) mem 0x8000d000 0x00000001
core   0: 0x8000bd72 (0x0000bfe5) c.j     pc - 8
core   0: 3 0x8000bd72 (0xbfe5)
core   0: 0x8000bd6a (0x00001f17) auipc   t5, 0x1
core   0: 3 0x8000bd6a (0x00001f17) x30 0x8000cd6a
core   0: 0x8000bd6e (0x283f2b23) sw      gp, 662(t5)
core   0: 3 0x8000bd6e (0x283f2b23) mem 0x8000d000 0x00000001
core   0: 0x8000bd72 (0x0000bfe5) c.j     pc - 8
core   0: 3 0x8000bd72 (0xbfe5)
core   0: 0x8000bd6a (0x00001f17) auipc   t5, 0x1
core   0: 3 0x8000bd6a (0x00001f17) x30 0x8000cd6a
core   0: 0x8000bd6e (0x283f2b23) sw      gp, 662(t5)
core   0: 3 0x8000bd6e (0x283f2b23) mem 0x8000d000 0x00000001
core   0: 0x8000bd72 (0x0000bfe5) c.j     pc - 8
core   0: 3 0x8000bd72 (0xbfe5)
core   0: 0x8000bd6a (0x00001f17) auipc   t5, 0x1
core   0: 3 0x8000bd6a (0x00001f17) x30 0x8000cd6a
core   0: 0x8000bd6e (0x283f2b23) sw      gp, 662(t5)
core   0: 3 0x8000bd6e (0x283f2b23) mem 0x8000d000 0x00000001
core   0: 0x8000bd72 (0x0000bfe5) c.j     pc - 8
core   0: 3 0x8000bd72 (0xbfe5)
core   0: 0x8000bd6a (0x00001f17) auipc   t5, 0x1
core   0: 3 0x8000bd6a (0x00001f17) x30 0x8000cd6a
core   0: 0x8000bd6e (0x283f2b23) sw      gp, 662(t5)
core   0: 3 0x8000bd6e (0x283f2b23) mem 0x8000d000 0x00000001
core   0: 0x8000bd72 (0x0000bfe5) c.j     pc - 8
core   0: 3 0x8000bd72 (0xbfe5)
core   0: 0x8000bd6a (0x00001f17) auipc   t5, 0x1
core   0: 3 0x8000bd6a (0x00001f17) x30 0x8000cd6a
core   0: 0x8000bd6e (0x283f2b23) sw      gp, 662(t5)
core   0: 3 0x8000bd6e (0x283f2b23) mem 0x8000d000 0x00000001
core   0: 0x8000bd72 (0x0000bfe5) c.j     pc - 8
core   0: 3 0x8000bd72 (0xbfe5)
core   0: 0x8000bd6a (0x00001f17) auipc   t5, 0x1
core   0: 3 0x8000bd6a (0x00001f17) x30 0x8000cd6a
core   0: 0x8000bd6e (0x283f2b23) sw      gp, 662(t5)
core   0: 3 0x8000bd6e (0x283f2b23) mem 0x8000d000 0x00000001
core   0: 0x8000bd72 (0x0000bfe5) c.j     pc - 8
core   0: 3 0x8000bd72 (0xbfe5)
core   0: 0x8000bd6a (0x00001f17) auipc   t5, 0x1
core   0: 3 0x8000bd6a (0x00001f17) x30 0x8000cd6a
core   0: 0x8000bd6e (0x283f2b23) sw      gp, 662(t5)
core   0: 3 0x8000bd6e (0x283f2b23) mem 0x8000d000 0x00000001
core   0: 0x8000bd72 (0x0000bfe5) c.j     pc - 8
core   0: 3 0x8000bd72 (0xbfe5)
core   0: 0x8000bd6a (0x00001f17) auipc   t5, 0x1
core   0: 3 0x8000bd6a (0x00001f17) x30 0x8000cd6a
core   0: 0x8000bd6e (0x283f2b23) sw      gp, 662(t5)
core   0: 3 0x8000bd6e (0x283f2b23) mem 0x8000d000 0x00000001
core   0: 0x8000bd72 (0x0000bfe5) c.j     pc - 8
core   0: 3 0x8000bd72 (0xbfe5)
core   0: 0x8000bd6a (0x00001f17) auipc   t5, 0x1
core   0: 3 0x8000bd6a (0x00001f17) x30 0x8000cd6a
core   0: 0x8000bd6e (0x283f2b23) sw      gp, 662(t5)
core   0: 3 0x8000bd6e (0x283f2b23) mem 0x8000d000 0x00000001
core   0: 0x8000bd72 (0x0000bfe5) c.j     pc - 8
core   0: 3 0x8000bd72 (0xbfe5)
core   0: 0x8000bd6a (0x00001f17) auipc   t5, 0x1
core   0: 3 0x8000bd6a (0x00001f17) x30 0x8000cd6a
core   0: 0x8000bd6e (0x283f2b23) sw      gp, 662(t5)
core   0: 3 0x8000bd6e (0x283f2b23) mem 0x8000d000 0x00000001
core   0: 0x8000bd72 (0x0000bfe5) c.j     pc - 8
core   0: 3 0x8000bd72 (0xbfe5)
core   0: 0x8000bd6a (0x00001f17) auipc   t5, 0x1
core   0: 3 0x8000bd6a (0x00001f17) x30 0x8000cd6a
core   0: 0x8000bd6e (0x283f2b23) sw      gp, 662(t5)
core   0: 3 0x8000bd6e (0x283f2b23) mem 0x8000d000 0x00000001
core   0: 0x8000bd72 (0x0000bfe5) c.j     pc - 8
core   0: 3 0x8000bd72 (0xbfe5)
core   0: 0x8000bd6a (0x00001f17) auipc   t5, 0x1
core   0: 3 0x8000bd6a (0x00001f17) x30 0x8000cd6a
core   0: 0x8000bd6e (0x283f2b23) sw      gp, 662(t5)
core   0: 3 0x8000bd6e (0x283f2b23) mem 0x8000d000 0x00000001
core   0: 0x8000bd72 (0x0000bfe5) c.j     pc - 8
core   0: 3 0x8000bd72 (0xbfe5)
core   0: 0x8000bd6a (0x00001f17) auipc   t5, 0x1
core   0: 3 0x8000bd6a (0x00001f17) x30 0x8000cd6a
core   0: 0x8000bd6e (0x283f2b23) sw      gp, 662(t5)
core   0: 3 0x8000bd6e (0x283f2b23) mem 0x8000d000 0x00000001
core   0: 0x8000bd72 (0x0000bfe5) c.j     pc - 8
core   0: 3 0x8000bd72 (0xbfe5)
core   0: 0x8000bd6a (0x00001f17) auipc   t5, 0x1
core   0: 3 0x8000bd6a (0x00001f17) x30 0x8000cd6a
core   0: 0x8000bd6e (0x283f2b23) sw      gp, 662(t5)
core   0: 3 0x8000bd6e (0x283f2b23) mem 0x8000d000 0x00000001
core   0: 0x8000bd72 (0x0000bfe5) c.j     pc - 8
core   0: 3 0x8000bd72 (0xbfe5)
core   0: 0x8000bd6a (0x00001f17) auipc   t5, 0x1
core   0: 3 0x8000bd6a (0x00001f17) x30 0x8000cd6a
core   0: 0x8000bd6e (0x283f2b23) sw      gp, 662(t5)
core   0: 3 0x8000bd6e (0x283f2b23) mem 0x8000d000 0x00000001
core   0: 0x8000bd72 (0x0000bfe5) c.j     pc - 8
core   0: 3 0x8000bd72 (0xbfe5)
core   0: 0x8000bd6a (0x00001f17) auipc   t5, 0x1
core   0: 3 0x8000bd6a (0x00001f17) x30 0x8000cd6a
core   0: 0x8000bd6e (0x283f2b23) sw      gp, 662(t5)
core   0: 3 0x8000bd6e (0x283f2b23) mem 0x8000d000 0x00000001
core   0: 0x8000bd72 (0x0000bfe5) c.j     pc - 8
core   0: 3 0x8000bd72 (0xbfe5)
core   0: 0x8000bd6a (0x00001f17) auipc   t5, 0x1
core   0: 3 0x8000bd6a (0x00001f17) x30 0x8000cd6a
core   0: 0x8000bd6e (0x283f2b23) sw      gp, 662(t5)
core   0: 3 0x8000bd6e (0x283f2b23) mem 0x8000d000 0x00000001
core   0: 0x8000bd72 (0x0000bfe5) c.j     pc - 8
core   0: 3 0x8000bd72 (0xbfe5)
core   0: 0x8000bd6a (0x00001f17) auipc   t5, 0x1
core   0: 3 0x8000bd6a (0x00001f17) x30 0x8000cd6a
core   0: 0x8000bd6e (0x283f2b23) sw      gp, 662(t5)
core   0: 3 0x8000bd6e (0x283f2b23) mem 0x8000d000 0x00000001
core   0: 0x8000bd72 (0x0000bfe5) c.j     pc - 8
core   0: 3 0x8000bd72 (0xbfe5)
core   0: 0x8000bd6a (0x00001f17) auipc   t5, 0x1
core   0: 3 0x8000bd6a (0x00001f17) x30 0x8000cd6a
core   0: 0x8000bd6e (0x283f2b23) sw      gp, 662(t5)
core   0: 3 0x8000bd6e (0x283f2b23) mem 0x8000d000 0x00000001
core   0: 0x8000bd72 (0x0000bfe5) c.j     pc - 8
core   0: 3 0x8000bd72 (0xbfe5)
core   0: 0x8000bd6a (0x00001f17) auipc   t5, 0x1
core   0: 3 0x8000bd6a (0x00001f17) x30 0x8000cd6a
core   0: 0x8000bd6e (0x283f2b23) sw      gp, 662(t5)
core   0: 3 0x8000bd6e (0x283f2b23) mem 0x8000d000 0x00000001
core   0: 0x8000bd72 (0x0000bfe5) c.j     pc - 8
core   0: 3 0x8000bd72 (0xbfe5)
core   0: 0x8000bd6a (0x00001f17) auipc   t5, 0x1
core   0: 3 0x8000bd6a (0x00001f17) x30 0x8000cd6a
core   0: 0x8000bd6e (0x283f2b23) sw      gp, 662(t5)
core   0: 3 0x8000bd6e (0x283f2b23) mem 0x8000d000 0x00000001
core   0: 0x8000bd72 (0x0000bfe5) c.j     pc - 8
core   0: 3 0x8000bd72 (0xbfe5)
core   0: 0x8000bd6a (0x00001f17) auipc   t5, 0x1
core   0: 3 0x8000bd6a (0x00001f17) x30 0x8000cd6a
core   0: 0x8000bd6e (0x283f2b23) sw      gp, 662(t5)
core   0: 3 0x8000bd6e (0x283f2b23) mem 0x8000d000 0x00000001
core   0: 0x8000bd72 (0x0000bfe5) c.j     pc - 8
core   0: 3 0x8000bd72 (0xbfe5)
core   0: 0x8000bd6a (0x00001f17) auipc   t5, 0x1
core   0: 3 0x8000bd6a (0x00001f17) x30 0x8000cd6a
core   0: 0x8000bd6e (0x283f2b23) sw      gp, 662(t5)
core   0: 3 0x8000bd6e (0x283f2b23) mem 0x8000d000 0x00000001
core   0: 0x8000bd72 (0x0000bfe5) c.j     pc - 8
core   0: 3 0x8000bd72 (0xbfe5)
core   0: 0x8000bd6a (0x00001f17) auipc   t5, 0x1
core   0: 3 0x8000bd6a (0x00001f17) x30 0x8000cd6a
core   0: 0x8000bd6e (0x283f2b23) sw      gp, 662(t5)
core   0: 3 0x8000bd6e (0x283f2b23) mem 0x8000d000 0x00000001
core   0: 0x8000bd72 (0x0000bfe5) c.j     pc - 8
core   0: 3 0x8000bd72 (0xbfe5)
core   0: 0x8000bd6a (0x00001f17) auipc   t5, 0x1
core   0: 3 0x8000bd6a (0x00001f17) x30 0x8000cd6a
core   0: 0x8000bd6e (0x283f2b23) sw      gp, 662(t5)
core   0: 3 0x8000bd6e (0x283f2b23) mem 0x8000d000 0x00000001
core   0: 0x8000bd72 (0x0000bfe5) c.j     pc - 8
core   0: 3 0x8000bd72 (0xbfe5)
core   0: 0x8000bd6a (0x00001f17) auipc   t5, 0x1
core   0: 3 0x8000bd6a (0x00001f17) x30 0x8000cd6a
core   0: 0x8000bd6e (0x283f2b23) sw      gp, 662(t5)
core   0: 3 0x8000bd6e (0x283f2b23) mem 0x8000d000 0x00000001
core   0: 0x8000bd72 (0x0000bfe5) c.j     pc - 8
core   0: 3 0x8000bd72 (0xbfe5)
core   0: 0x8000bd6a (0x00001f17) auipc   t5, 0x1
core   0: 3 0x8000bd6a (0x00001f17) x30 0x8000cd6a
core   0: 0x8000bd6e (0x283f2b23) sw      gp, 662(t5)
core   0: 3 0x8000bd6e (0x283f2b23) mem 0x8000d000 0x00000001
core   0: 0x8000bd72 (0x0000bfe5) c.j     pc - 8
core   0: 3 0x8000bd72 (0xbfe5)
core   0: 0x8000bd6a (0x00001f17) auipc   t5, 0x1
core   0: 3 0x8000bd6a (0x00001f17) x30 0x8000cd6a
core   0: 0x8000bd6e (0x283f2b23) sw      gp, 662(t5)
core   0: 3 0x8000bd6e (0x283f2b23) mem 0x8000d000 0x00000001
core   0: 0x8000bd72 (0x0000bfe5) c.j     pc - 8
core   0: 3 0x8000bd72 (0xbfe5)
core   0: 0x8000bd6a (0x00001f17) auipc   t5, 0x1
core   0: 3 0x8000bd6a (0x00001f17) x30 0x8000cd6a
core   0: 0x8000bd6e (0x283f2b23) sw      gp, 662(t5)
core   0: 3 0x8000bd6e (0x283f2b23) mem 0x8000d000 0x00000001
core   0: 0x8000bd72 (0x0000bfe5) c.j     pc - 8
core   0: 3 0x8000bd72 (0xbfe5)
core   0: 0x8000bd6a (0x00001f17) auipc   t5, 0x1
core   0: 3 0x8000bd6a (0x00001f17) x30 0x8000cd6a
core   0: 0x8000bd6e (0x283f2b23) sw      gp, 662(t5)
core   0: 3 0x8000bd6e (0x283f2b23) mem 0x8000d000 0x00000001
core   0: 0x8000bd72 (0x0000bfe5) c.j     pc - 8
core   0: 3 0x8000bd72 (0xbfe5)
core   0: 0x8000bd6a (0x00001f17) auipc   t5, 0x1
core   0: 3 0x8000bd6a (0x00001f17) x30 0x8000cd6a
core   0: 0x8000bd6e (0x283f2b23) sw      gp, 662(t5)
core   0: 3 0x8000bd6e (0x283f2b23) mem 0x8000d000 0x00000001
core   0: 0x8000bd72 (0x0000bfe5) c.j     pc - 8
core   0: 3 0x8000bd72 (0xbfe5)
core   0: 0x8000bd6a (0x00001f17) auipc   t5, 0x1
core   0: 3 0x8000bd6a (0x00001f17) x30 0x8000cd6a
core   0: 0x8000bd6e (0x283f2b23) sw      gp, 662(t5)
core   0: 3 0x8000bd6e (0x283f2b23) mem 0x8000d000 0x00000001
core   0: 0x8000bd72 (0x0000bfe5) c.j     pc - 8
core   0: 3 0x8000bd72 (0xbfe5)
core   0: 0x8000bd6a (0x00001f17) auipc   t5, 0x1
core   0: 3 0x8000bd6a (0x00001f17) x30 0x8000cd6a
core   0: 0x8000bd6e (0x283f2b23) sw      gp, 662(t5)
core   0: 3 0x8000bd6e (0x283f2b23) mem 0x8000d000 0x00000001
core   0: 0x8000bd72 (0x0000bfe5) c.j     pc - 8
core   0: 3 0x8000bd72 (0xbfe5)
core   0: 0x8000bd6a (0x00001f17) auipc   t5, 0x1
core   0: 3 0x8000bd6a (0x00001f17) x30 0x8000cd6a
core   0: 0x8000bd6e (0x283f2b23) sw      gp, 662(t5)
core   0: 3 0x8000bd6e (0x283f2b23) mem 0x8000d000 0x00000001
core   0: 0x8000bd72 (0x0000bfe5) c.j     pc - 8
core   0: 3 0x8000bd72 (0xbfe5)
core   0: 0x8000bd6a (0x00001f17) auipc   t5, 0x1
core   0: 3 0x8000bd6a (0x00001f17) x30 0x8000cd6a
core   0: 0x8000bd6e (0x283f2b23) sw      gp, 662(t5)
core   0: 3 0x8000bd6e (0x283f2b23) mem 0x8000d000 0x00000001
core   0: 0x8000bd72 (0x0000bfe5) c.j     pc - 8
core   0: 3 0x8000bd72 (0xbfe5)
core   0: 0x8000bd6a (0x00001f17) auipc   t5, 0x1
core   0: 3 0x8000bd6a (0x00001f17) x30 0x8000cd6a
core   0: 0x8000bd6e (0x283f2b23) sw      gp, 662(t5)
core   0: 3 0x8000bd6e (0x283f2b23) mem 0x8000d000 0x00000001
core   0: 0x8000bd72 (0x0000bfe5) c.j     pc - 8
core   0: 3 0x8000bd72 (0xbfe5)
core   0: 0x8000bd6a (0x00001f17) auipc   t5, 0x1
core   0: 3 0x8000bd6a (0x00001f17) x30 0x8000cd6a
core   0: 0x8000bd6e (0x283f2b23) sw      gp, 662(t5)
core   0: 3 0x8000bd6e (0x283f2b23) mem 0x8000d000 0x00000001
core   0: 0x8000bd72 (0x0000bfe5) c.j     pc - 8
core   0: 3 0x8000bd72 (0xbfe5)
core   0: 0x8000bd6a (0x00001f17) auipc   t5, 0x1
core   0: 3 0x8000bd6a (0x00001f17) x30 0x8000cd6a
core   0: 0x8000bd6e (0x283f2b23) sw      gp, 662(t5)
core   0: 3 0x8000bd6e (0x283f2b23) mem 0x8000d000 0x00000001
core   0: 0x8000bd72 (0x0000bfe5) c.j     pc - 8
core   0: 3 0x8000bd72 (0xbfe5)
core   0: 0x8000bd6a (0x00001f17) auipc   t5, 0x1
core   0: 3 0x8000bd6a (0x00001f17) x30 0x8000cd6a
core   0: 0x8000bd6e (0x283f2b23) sw      gp, 662(t5)
core   0: 3 0x8000bd6e (0x283f2b23) mem 0x8000d000 0x00000001
core   0: 0x8000bd72 (0x0000bfe5) c.j     pc - 8
core   0: 3 0x8000bd72 (0xbfe5)
core   0: 0x8000bd6a (0x00001f17) auipc   t5, 0x1
core   0: 3 0x8000bd6a (0x00001f17) x30 0x8000cd6a
core   0: 0x8000bd6e (0x283f2b23) sw      gp, 662(t5)
core   0: 3 0x8000bd6e (0x283f2b23) mem 0x8000d000 0x00000001
core   0: 0x8000bd72 (0x0000bfe5) c.j     pc - 8
core   0: 3 0x8000bd72 (0xbfe5)
core   0: 0x8000bd6a (0x00001f17) auipc   t5, 0x1
core   0: 3 0x8000bd6a (0x00001f17) x30 0x8000cd6a
core   0: 0x8000bd6e (0x283f2b23) sw      gp, 662(t5)
core   0: 3 0x8000bd6e (0x283f2b23) mem 0x8000d000 0x00000001
core   0: 0x8000bd72 (0x0000bfe5) c.j     pc - 8
core   0: 3 0x8000bd72 (0xbfe5)
core   0: 0x8000bd6a (0x00001f17) auipc   t5, 0x1
core   0: 3 0x8000bd6a (0x00001f17) x30 0x8000cd6a
core   0: 0x8000bd6e (0x283f2b23) sw      gp, 662(t5)
core   0: 3 0x8000bd6e (0x283f2b23) mem 0x8000d000 0x00000001
core   0: 0x8000bd72 (0x0000bfe5) c.j     pc - 8
core   0: 3 0x8000bd72 (0xbfe5)
core   0: 0x8000bd6a (0x00001f17) auipc   t5, 0x1
core   0: 3 0x8000bd6a (0x00001f17) x30 0x8000cd6a
core   0: 0x8000bd6e (0x283f2b23) sw      gp, 662(t5)
core   0: 3 0x8000bd6e (0x283f2b23) mem 0x8000d000 0x00000001
core   0: 0x8000bd72 (0x0000bfe5) c.j     pc - 8
core   0: 3 0x8000bd72 (0xbfe5)
core   0: 0x8000bd6a (0x00001f17) auipc   t5, 0x1
core   0: 3 0x8000bd6a (0x00001f17) x30 0x8000cd6a
core   0: 0x8000bd6e (0x283f2b23) sw      gp, 662(t5)
core   0: 3 0x8000bd6e (0x283f2b23) mem 0x8000d000 0x00000001
core   0: 0x8000bd72 (0x0000bfe5) c.j     pc - 8
core   0: 3 0x8000bd72 (0xbfe5)
core   0: 0x8000bd6a (0x00001f17) auipc   t5, 0x1
core   0: 3 0x8000bd6a (0x00001f17) x30 0x8000cd6a
core   0: 0x8000bd6e (0x283f2b23) sw      gp, 662(t5)
core   0: 3 0x8000bd6e (0x283f2b23) mem 0x8000d000 0x00000001
core   0: 0x8000bd72 (0x0000bfe5) c.j     pc - 8
core   0: 3 0x8000bd72 (0xbfe5)
core   0: 0x8000bd6a (0x00001f17) auipc   t5, 0x1
core   0: 3 0x8000bd6a (0x00001f17) x30 0x8000cd6a
core   0: 0x8000bd6e (0x283f2b23) sw      gp, 662(t5)
core   0: 3 0x8000bd6e (0x283f2b23) mem 0x8000d000 0x00000001
core   0: 0x8000bd72 (0x0000bfe5) c.j     pc - 8
core   0: 3 0x8000bd72 (0xbfe5)
core   0: 0x8000bd6a (0x00001f17) auipc   t5, 0x1
core   0: 3 0x8000bd6a (0x00001f17) x30 0x8000cd6a
core   0: 0x8000bd6e (0x283f2b23) sw      gp, 662(t5)
core   0: 3 0x8000bd6e (0x283f2b23) mem 0x8000d000 0x00000001
core   0: 0x8000bd72 (0x0000bfe5) c.j     pc - 8
core   0: 3 0x8000bd72 (0xbfe5)
core   0: 0x8000bd6a (0x00001f17) auipc   t5, 0x1
core   0: 3 0x8000bd6a (0x00001f17) x30 0x8000cd6a
core   0: 0x8000bd6e (0x283f2b23) sw      gp, 662(t5)
core   0: 3 0x8000bd6e (0x283f2b23) mem 0x8000d000 0x00000001
core   0: 0x8000bd72 (0x0000bfe5) c.j     pc - 8
core   0: 3 0x8000bd72 (0xbfe5)
core   0: 0x8000bd6a (0x00001f17) auipc   t5, 0x1
core   0: 3 0x8000bd6a (0x00001f17) x30 0x8000cd6a
core   0: 0x8000bd6e (0x283f2b23) sw      gp, 662(t5)
core   0: 3 0x8000bd6e (0x283f2b23) mem 0x8000d000 0x00000001
core   0: 0x8000bd72 (0x0000bfe5) c.j     pc - 8
core   0: 3 0x8000bd72 (0xbfe5)
core   0: 0x8000bd6a (0x00001f17) auipc   t5, 0x1
core   0: 3 0x8000bd6a (0x00001f17) x30 0x8000cd6a
core   0: 0x8000bd6e (0x283f2b23) sw      gp, 662(t5)
core   0: 3 0x8000bd6e (0x283f2b23) mem 0x8000d000 0x00000001
core   0: 0x8000bd72 (0x0000bfe5) c.j     pc - 8
core   0: 3 0x8000bd72 (0xbfe5)
core   0: 0x8000bd6a (0x00001f17) auipc   t5, 0x1
core   0: 3 0x8000bd6a (0x00001f17) x30 0x8000cd6a
core   0: 0x8000bd6e (0x283f2b23) sw      gp, 662(t5)
core   0: 3 0x8000bd6e (0x283f2b23) mem 0x8000d000 0x00000001
core   0: 0x8000bd72 (0x0000bfe5) c.j     pc - 8
core   0: 3 0x8000bd72 (0xbfe5)
core   0: 0x8000bd6a (0x00001f17) auipc   t5, 0x1
core   0: 3 0x8000bd6a (0x00001f17) x30 0x8000cd6a
core   0: 0x8000bd6e (0x283f2b23) sw      gp, 662(t5)
core   0: 3 0x8000bd6e (0x283f2b23) mem 0x8000d000 0x00000001
core   0: 0x8000bd72 (0x0000bfe5) c.j     pc - 8
core   0: 3 0x8000bd72 (0xbfe5)
core   0: 0x8000bd6a (0x00001f17) auipc   t5, 0x1
core   0: 3 0x8000bd6a (0x00001f17) x30 0x8000cd6a
core   0: 0x8000bd6e (0x283f2b23) sw      gp, 662(t5)
core   0: 3 0x8000bd6e (0x283f2b23) mem 0x8000d000 0x00000001
core   0: 0x8000bd72 (0x0000bfe5) c.j     pc - 8
core   0: 3 0x8000bd72 (0xbfe5)
core   0: 0x8000bd6a (0x00001f17) auipc   t5, 0x1
core   0: 3 0x8000bd6a (0x00001f17) x30 0x8000cd6a
core   0: 0x8000bd6e (0x283f2b23) sw      gp, 662(t5)
core   0: 3 0x8000bd6e (0x283f2b23) mem 0x8000d000 0x00000001
core   0: 0x8000bd72 (0x0000bfe5) c.j     pc - 8
core   0: 3 0x8000bd72 (0xbfe5)
core   0: 0x8000bd6a (0x00001f17) auipc   t5, 0x1
core   0: 3 0x8000bd6a (0x00001f17) x30 0x8000cd6a
core   0: 0x8000bd6e (0x283f2b23) sw      gp, 662(t5)
core   0: 3 0x8000bd6e (0x283f2b23) mem 0x8000d000 0x00000001
core   0: 0x8000bd72 (0x0000bfe5) c.j     pc - 8
core   0: 3 0x8000bd72 (0xbfe5)
core   0: 0x8000bd6a (0x00001f17) auipc   t5, 0x1
core   0: 3 0x8000bd6a (0x00001f17) x30 0x8000cd6a
core   0: 0x8000bd6e (0x283f2b23) sw      gp, 662(t5)
core   0: 3 0x8000bd6e (0x283f2b23) mem 0x8000d000 0x00000001
core   0: 0x8000bd72 (0x0000bfe5) c.j     pc - 8
core   0: 3 0x8000bd72 (0xbfe5)
core   0: 0x8000bd6a (0x00001f17) auipc   t5, 0x1
core   0: 3 0x8000bd6a (0x00001f17) x30 0x8000cd6a
core   0: 0x8000bd6e (0x283f2b23) sw      gp, 662(t5)
core   0: 3 0x8000bd6e (0x283f2b23) mem 0x8000d000 0x00000001
core   0: 0x8000bd72 (0x0000bfe5) c.j     pc - 8
core   0: 3 0x8000bd72 (0xbfe5)
core   0: 0x8000bd6a (0x00001f17) auipc   t5, 0x1
core   0: 3 0x8000bd6a (0x00001f17) x30 0x8000cd6a
core   0: 0x8000bd6e (0x283f2b23) sw      gp, 662(t5)
core   0: 3 0x8000bd6e (0x283f2b23) mem 0x8000d000 0x00000001
core   0: 0x8000bd72 (0x0000bfe5) c.j     pc - 8
core   0: 3 0x8000bd72 (0xbfe5)
core   0: 0x8000bd6a (0x00001f17) auipc   t5, 0x1
core   0: 3 0x8000bd6a (0x00001f17) x30 0x8000cd6a
core   0: 0x8000bd6e (0x283f2b23) sw      gp, 662(t5)
core   0: 3 0x8000bd6e (0x283f2b23) mem 0x8000d000 0x00000001
core   0: 0x8000bd72 (0x0000bfe5) c.j     pc - 8
core   0: 3 0x8000bd72 (0xbfe5)
core   0: 0x8000bd6a (0x00001f17) auipc   t5, 0x1
core   0: 3 0x8000bd6a (0x00001f17) x30 0x8000cd6a
core   0: 0x8000bd6e (0x283f2b23) sw      gp, 662(t5)
core   0: 3 0x8000bd6e (0x283f2b23) mem 0x8000d000 0x00000001
core   0: 0x8000bd72 (0x0000bfe5) c.j     pc - 8
core   0: 3 0x8000bd72 (0xbfe5)
core   0: 0x8000bd6a (0x00001f17) auipc   t5, 0x1
core   0: 3 0x8000bd6a (0x00001f17) x30 0x8000cd6a
core   0: 0x8000bd6e (0x283f2b23) sw      gp, 662(t5)
core   0: 3 0x8000bd6e (0x283f2b23) mem 0x8000d000 0x00000001
core   0: 0x8000bd72 (0x0000bfe5) c.j     pc - 8
core   0: 3 0x8000bd72 (0xbfe5)
core   0: 0x8000bd6a (0x00001f17) auipc   t5, 0x1
core   0: 3 0x8000bd6a (0x00001f17) x30 0x8000cd6a
core   0: 0x8000bd6e (0x283f2b23) sw      gp, 662(t5)
core   0: 3 0x8000bd6e (0x283f2b23) mem 0x8000d000 0x00000001
core   0: 0x8000bd72 (0x0000bfe5) c.j     pc - 8
core   0: 3 0x8000bd72 (0xbfe5)
core   0: 0x8000bd6a (0x00001f17) auipc   t5, 0x1
core   0: 3 0x8000bd6a (0x00001f17) x30 0x8000cd6a
core   0: 0x8000bd6e (0x283f2b23) sw      gp, 662(t5)
core   0: 3 0x8000bd6e (0x283f2b23) mem 0x8000d000 0x00000001
core   0: 0x8000bd72 (0x0000bfe5) c.j     pc - 8
core   0: 3 0x8000bd72 (0xbfe5)
core   0: 0x8000bd6a (0x00001f17) auipc   t5, 0x1
core   0: 3 0x8000bd6a (0x00001f17) x30 0x8000cd6a
core   0: 0x8000bd6e (0x283f2b23) sw      gp, 662(t5)
core   0: 3 0x8000bd6e (0x283f2b23) mem 0x8000d000 0x00000001
core   0: 0x8000bd72 (0x0000bfe5) c.j     pc - 8
core   0: 3 0x8000bd72 (0xbfe5)
core   0: 0x8000bd6a (0x00001f17) auipc   t5, 0x1
core   0: 3 0x8000bd6a (0x00001f17) x30 0x8000cd6a
core   0: 0x8000bd6e (0x283f2b23) sw      gp, 662(t5)
core   0: 3 0x8000bd6e (0x283f2b23) mem 0x8000d000 0x00000001
core   0: 0x8000bd72 (0x0000bfe5) c.j     pc - 8
core   0: 3 0x8000bd72 (0xbfe5)
core   0: 0x8000bd6a (0x00001f17) auipc   t5, 0x1
core   0: 3 0x8000bd6a (0x00001f17) x30 0x8000cd6a
core   0: 0x8000bd6e (0x283f2b23) sw      gp, 662(t5)
core   0: 3 0x8000bd6e (0x283f2b23) mem 0x8000d000 0x00000001
core   0: 0x8000bd72 (0x0000bfe5) c.j     pc - 8
core   0: 3 0x8000bd72 (0xbfe5)
core   0: 0x8000bd6a (0x00001f17) auipc   t5, 0x1
core   0: 3 0x8000bd6a (0x00001f17) x30 0x8000cd6a
core   0: 0x8000bd6e (0x283f2b23) sw      gp, 662(t5)
core   0: 3 0x8000bd6e (0x283f2b23) mem 0x8000d000 0x00000001
core   0: 0x8000bd72 (0x0000bfe5) c.j     pc - 8
core   0: 3 0x8000bd72 (0xbfe5)
core   0: 0x8000bd6a (0x00001f17) auipc   t5, 0x1
core   0: 3 0x8000bd6a (0x00001f17) x30 0x8000cd6a
core   0: 0x8000bd6e (0x283f2b23) sw      gp, 662(t5)
core   0: 3 0x8000bd6e (0x283f2b23) mem 0x8000d000 0x00000001
core   0: 0x8000bd72 (0x0000bfe5) c.j     pc - 8
core   0: 3 0x8000bd72 (0xbfe5)
core   0: 0x8000bd6a (0x00001f17) auipc   t5, 0x1
core   0: 3 0x8000bd6a (0x00001f17) x30 0x8000cd6a
core   0: 0x8000bd6e (0x283f2b23) sw      gp, 662(t5)
core   0: 3 0x8000bd6e (0x283f2b23) mem 0x8000d000 0x00000001
core   0: 0x8000bd72 (0x0000bfe5) c.j     pc - 8
core   0: 3 0x8000bd72 (0xbfe5)
core   0: 0x8000bd6a (0x00001f17) auipc   t5, 0x1
core   0: 3 0x8000bd6a (0x00001f17) x30 0x8000cd6a
core   0: 0x8000bd6e (0x283f2b23) sw      gp, 662(t5)
core   0: 3 0x8000bd6e (0x283f2b23) mem 0x8000d000 0x00000001
core   0: 0x8000bd72 (0x0000bfe5) c.j     pc - 8
core   0: 3 0x8000bd72 (0xbfe5)
core   0: 0x8000bd6a (0x00001f17) auipc   t5, 0x1
core   0: 3 0x8000bd6a (0x00001f17) x30 0x8000cd6a
core   0: 0x8000bd6e (0x283f2b23) sw      gp, 662(t5)
core   0: 3 0x8000bd6e (0x283f2b23) mem 0x8000d000 0x00000001
core   0: 0x8000bd72 (0x0000bfe5) c.j     pc - 8
core   0: 3 0x8000bd72 (0xbfe5)
core   0: 0x8000bd6a (0x00001f17) auipc   t5, 0x1
core   0: 3 0x8000bd6a (0x00001f17) x30 0x8000cd6a
core   0: 0x8000bd6e (0x283f2b23) sw      gp, 662(t5)
core   0: 3 0x8000bd6e (0x283f2b23) mem 0x8000d000 0x00000001
core   0: 0x8000bd72 (0x0000bfe5) c.j     pc - 8
core   0: 3 0x8000bd72 (0xbfe5)
core   0: 0x8000bd6a (0x00001f17) auipc   t5, 0x1
core   0: 3 0x8000bd6a (0x00001f17) x30 0x8000cd6a
core   0: 0x8000bd6e (0x283f2b23) sw      gp, 662(t5)
core   0: 3 0x8000bd6e (0x283f2b23) mem 0x8000d000 0x00000001
core   0: 0x8000bd72 (0x0000bfe5) c.j     pc - 8
core   0: 3 0x8000bd72 (0xbfe5)
core   0: 0x8000bd6a (0x00001f17) auipc   t5, 0x1
core   0: 3 0x8000bd6a (0x00001f17) x30 0x8000cd6a
core   0: 0x8000bd6e (0x283f2b23) sw      gp, 662(t5)
core   0: 3 0x8000bd6e (0x283f2b23) mem 0x8000d000 0x00000001
core   0: 0x8000bd72 (0x0000bfe5) c.j     pc - 8
core   0: 3 0x8000bd72 (0xbfe5)
core   0: 0x8000bd6a (0x00001f17) auipc   t5, 0x1
core   0: 3 0x8000bd6a (0x00001f17) x30 0x8000cd6a
core   0: 0x8000bd6e (0x283f2b23) sw      gp, 662(t5)
core   0: 3 0x8000bd6e (0x283f2b23) mem 0x8000d000 0x00000001
core   0: 0x8000bd72 (0x0000bfe5) c.j     pc - 8
core   0: 3 0x8000bd72 (0xbfe5)
core   0: 0x8000bd6a (0x00001f17) auipc   t5, 0x1
core   0: 3 0x8000bd6a (0x00001f17) x30 0x8000cd6a
core   0: 0x8000bd6e (0x283f2b23) sw      gp, 662(t5)
core   0: 3 0x8000bd6e (0x283f2b23) mem 0x8000d000 0x00000001
core   0: 0x8000bd72 (0x0000bfe5) c.j     pc - 8
core   0: 3 0x8000bd72 (0xbfe5)
core   0: 0x8000bd6a (0x00001f17) auipc   t5, 0x1
core   0: 3 0x8000bd6a (0x00001f17) x30 0x8000cd6a
core   0: 0x8000bd6e (0x283f2b23) sw      gp, 662(t5)
core   0: 3 0x8000bd6e (0x283f2b23) mem 0x8000d000 0x00000001
core   0: 0x8000bd72 (0x0000bfe5) c.j     pc - 8
core   0: 3 0x8000bd72 (0xbfe5)
core   0: 0x8000bd6a (0x00001f17) auipc   t5, 0x1
core   0: 3 0x8000bd6a (0x00001f17) x30 0x8000cd6a
core   0: 0x8000bd6e (0x283f2b23) sw      gp, 662(t5)
core   0: 3 0x8000bd6e (0x283f2b23) mem 0x8000d000 0x00000001
core   0: 0x8000bd72 (0x0000bfe5) c.j     pc - 8
core   0: 3 0x8000bd72 (0xbfe5)
core   0: 0x8000bd6a (0x00001f17) auipc   t5, 0x1
core   0: 3 0x8000bd6a (0x00001f17) x30 0x8000cd6a
core   0: 0x8000bd6e (0x283f2b23) sw      gp, 662(t5)
core   0: 3 0x8000bd6e (0x283f2b23) mem 0x8000d000 0x00000001
core   0: 0x8000bd72 (0x0000bfe5) c.j     pc - 8
core   0: 3 0x8000bd72 (0xbfe5)
core   0: 0x8000bd6a (0x00001f17) auipc   t5, 0x1
core   0: 3 0x8000bd6a (0x00001f17) x30 0x8000cd6a
core   0: 0x8000bd6e (0x283f2b23) sw      gp, 662(t5)
core   0: 3 0x8000bd6e (0x283f2b23) mem 0x8000d000 0x00000001
core   0: 0x8000bd72 (0x0000bfe5) c.j     pc - 8
core   0: 3 0x8000bd72 (0xbfe5)
core   0: 0x8000bd6a (0x00001f17) auipc   t5, 0x1
core   0: 3 0x8000bd6a (0x00001f17) x30 0x8000cd6a
core   0: 0x8000bd6e (0x283f2b23) sw      gp, 662(t5)
core   0: 3 0x8000bd6e (0x283f2b23) mem 0x8000d000 0x00000001
core   0: 0x8000bd72 (0x0000bfe5) c.j     pc - 8
core   0: 3 0x8000bd72 (0xbfe5)
core   0: 0x8000bd6a (0x00001f17) auipc   t5, 0x1
core   0: 3 0x8000bd6a (0x00001f17) x30 0x8000cd6a
core   0: 0x8000bd6e (0x283f2b23) sw      gp, 662(t5)
core   0: 3 0x8000bd6e (0x283f2b23) mem 0x8000d000 0x00000001
core   0: 0x8000bd72 (0x0000bfe5) c.j     pc - 8
core   0: 3 0x8000bd72 (0xbfe5)
core   0: 0x8000bd6a (0x00001f17) auipc   t5, 0x1
core   0: 3 0x8000bd6a (0x00001f17) x30 0x8000cd6a
core   0: 0x8000bd6e (0x283f2b23) sw      gp, 662(t5)
core   0: 3 0x8000bd6e (0x283f2b23) mem 0x8000d000 0x00000001
core   0: 0x8000bd72 (0x0000bfe5) c.j     pc - 8
core   0: 3 0x8000bd72 (0xbfe5)
core   0: 0x8000bd6a (0x00001f17) auipc   t5, 0x1
core   0: 3 0x8000bd6a (0x00001f17) x30 0x8000cd6a
core   0: 0x8000bd6e (0x283f2b23) sw      gp, 662(t5)
core   0: 3 0x8000bd6e (0x283f2b23) mem 0x8000d000 0x00000001
core   0: 0x8000bd72 (0x0000bfe5) c.j     pc - 8
core   0: 3 0x8000bd72 (0xbfe5)
core   0: 0x8000bd6a (0x00001f17) auipc   t5, 0x1
core   0: 3 0x8000bd6a (0x00001f17) x30 0x8000cd6a
core   0: 0x8000bd6e (0x283f2b23) sw      gp, 662(t5)
core   0: 3 0x8000bd6e (0x283f2b23) mem 0x8000d000 0x00000001
core   0: 0x8000bd72 (0x0000bfe5) c.j     pc - 8
core   0: 3 0x8000bd72 (0xbfe5)
core   0: 0x8000bd6a (0x00001f17) auipc   t5, 0x1
core   0: 3 0x8000bd6a (0x00001f17) x30 0x8000cd6a
core   0: 0x8000bd6e (0x283f2b23) sw      gp, 662(t5)
core   0: 3 0x8000bd6e (0x283f2b23) mem 0x8000d000 0x00000001
core   0: 0x8000bd72 (0x0000bfe5) c.j     pc - 8
core   0: 3 0x8000bd72 (0xbfe5)
core   0: 0x8000bd6a (0x00001f17) auipc   t5, 0x1
core   0: 3 0x8000bd6a (0x00001f17) x30 0x8000cd6a
core   0: 0x8000bd6e (0x283f2b23) sw      gp, 662(t5)
core   0: 3 0x8000bd6e (0x283f2b23) mem 0x8000d000 0x00000001
core   0: 0x8000bd72 (0x0000bfe5) c.j     pc - 8
core   0: 3 0x8000bd72 (0xbfe5)
core   0: 0x8000bd6a (0x00001f17) auipc   t5, 0x1
core   0: 3 0x8000bd6a (0x00001f17) x30 0x8000cd6a
core   0: 0x8000bd6e (0x283f2b23) sw      gp, 662(t5)
core   0: 3 0x8000bd6e (0x283f2b23) mem 0x8000d000 0x00000001
core   0: 0x8000bd72 (0x0000bfe5) c.j     pc - 8
core   0: 3 0x8000bd72 (0xbfe5)
core   0: 0x8000bd6a (0x00001f17) auipc   t5, 0x1
core   0: 3 0x8000bd6a (0x00001f17) x30 0x8000cd6a
core   0: 0x8000bd6e (0x283f2b23) sw      gp, 662(t5)
core   0: 3 0x8000bd6e (0x283f2b23) mem 0x8000d000 0x00000001
core   0: 0x8000bd72 (0x0000bfe5) c.j     pc - 8
core   0: 3 0x8000bd72 (0xbfe5)
core   0: 0x8000bd6a (0x00001f17) auipc   t5, 0x1
core   0: 3 0x8000bd6a (0x00001f17) x30 0x8000cd6a
core   0: 0x8000bd6e (0x283f2b23) sw      gp, 662(t5)
core   0: 3 0x8000bd6e (0x283f2b23) mem 0x8000d000 0x00000001
core   0: 0x8000bd72 (0x0000bfe5) c.j     pc - 8
core   0: 3 0x8000bd72 (0xbfe5)
core   0: 0x8000bd6a (0x00001f17) auipc   t5, 0x1
core   0: 3 0x8000bd6a (0x00001f17) x30 0x8000cd6a
core   0: 0x8000bd6e (0x283f2b23) sw      gp, 662(t5)
core   0: 3 0x8000bd6e (0x283f2b23) mem 0x8000d000 0x00000001
core   0: 0x8000bd72 (0x0000bfe5) c.j     pc - 8
core   0: 3 0x8000bd72 (0xbfe5)
core   0: 0x8000bd6a (0x00001f17) auipc   t5, 0x1
core   0: 3 0x8000bd6a (0x00001f17) x30 0x8000cd6a
core   0: 0x8000bd6e (0x283f2b23) sw      gp, 662(t5)
core   0: 3 0x8000bd6e (0x283f2b23) mem 0x8000d000 0x00000001
core   0: 0x8000bd72 (0x0000bfe5) c.j     pc - 8
core   0: 3 0x8000bd72 (0xbfe5)
core   0: 0x8000bd6a (0x00001f17) auipc   t5, 0x1
core   0: 3 0x8000bd6a (0x00001f17) x30 0x8000cd6a
core   0: 0x8000bd6e (0x283f2b23) sw      gp, 662(t5)
core   0: 3 0x8000bd6e (0x283f2b23) mem 0x8000d000 0x00000001
core   0: 0x8000bd72 (0x0000bfe5) c.j     pc - 8
core   0: 3 0x8000bd72 (0xbfe5)
core   0: 0x8000bd6a (0x00001f17) auipc   t5, 0x1
core   0: 3 0x8000bd6a (0x00001f17) x30 0x8000cd6a
core   0: 0x8000bd6e (0x283f2b23) sw      gp, 662(t5)
core   0: 3 0x8000bd6e (0x283f2b23) mem 0x8000d000 0x00000001
core   0: 0x8000bd72 (0x0000bfe5) c.j     pc - 8
core   0: 3 0x8000bd72 (0xbfe5)
core   0: 0x8000bd6a (0x00001f17) auipc   t5, 0x1
core   0: 3 0x8000bd6a (0x00001f17) x30 0x8000cd6a
core   0: 0x8000bd6e (0x283f2b23) sw      gp, 662(t5)
core   0: 3 0x8000bd6e (0x283f2b23) mem 0x8000d000 0x00000001
core   0: 0x8000bd72 (0x0000bfe5) c.j     pc - 8
core   0: 3 0x8000bd72 (0xbfe5)
core   0: 0x8000bd6a (0x00001f17) auipc   t5, 0x1
core   0: 3 0x8000bd6a (0x00001f17) x30 0x8000cd6a
core   0: 0x8000bd6e (0x283f2b23) sw      gp, 662(t5)
core   0: 3 0x8000bd6e (0x283f2b23) mem 0x8000d000 0x00000001
core   0: 0x8000bd72 (0x0000bfe5) c.j     pc - 8
core   0: 3 0x8000bd72 (0xbfe5)
core   0: 0x8000bd6a (0x00001f17) auipc   t5, 0x1
core   0: 3 0x8000bd6a (0x00001f17) x30 0x8000cd6a
core   0: 0x8000bd6e (0x283f2b23) sw      gp, 662(t5)
core   0: 3 0x8000bd6e (0x283f2b23) mem 0x8000d000 0x00000001
core   0: 0x8000bd72 (0x0000bfe5) c.j     pc - 8
core   0: 3 0x8000bd72 (0xbfe5)
core   0: 0x8000bd6a (0x00001f17) auipc   t5, 0x1
core   0: 3 0x8000bd6a (0x00001f17) x30 0x8000cd6a
core   0: 0x8000bd6e (0x283f2b23) sw      gp, 662(t5)
core   0: 3 0x8000bd6e (0x283f2b23) mem 0x8000d000 0x00000001
core   0: 0x8000bd72 (0x0000bfe5) c.j     pc - 8
core   0: 3 0x8000bd72 (0xbfe5)
core   0: 0x8000bd6a (0x00001f17) auipc   t5, 0x1
core   0: 3 0x8000bd6a (0x00001f17) x30 0x8000cd6a
core   0: 0x8000bd6e (0x283f2b23) sw      gp, 662(t5)
core   0: 3 0x8000bd6e (0x283f2b23) mem 0x8000d000 0x00000001
core   0: 0x8000bd72 (0x0000bfe5) c.j     pc - 8
core   0: 3 0x8000bd72 (0xbfe5)
core   0: 0x8000bd6a (0x00001f17) auipc   t5, 0x1
core   0: 3 0x8000bd6a (0x00001f17) x30 0x8000cd6a
core   0: 0x8000bd6e (0x283f2b23) sw      gp, 662(t5)
core   0: 3 0x8000bd6e (0x283f2b23) mem 0x8000d000 0x00000001
core   0: 0x8000bd72 (0x0000bfe5) c.j     pc - 8
core   0: 3 0x8000bd72 (0xbfe5)
core   0: 0x8000bd6a (0x00001f17) auipc   t5, 0x1
core   0: 3 0x8000bd6a (0x00001f17) x30 0x8000cd6a
core   0: 0x8000bd6e (0x283f2b23) sw      gp, 662(t5)
core   0: 3 0x8000bd6e (0x283f2b23) mem 0x8000d000 0x00000001
core   0: 0x8000bd72 (0x0000bfe5) c.j     pc - 8
core   0: 3 0x8000bd72 (0xbfe5)
core   0: 0x8000bd6a (0x00001f17) auipc   t5, 0x1
core   0: 3 0x8000bd6a (0x00001f17) x30 0x8000cd6a
core   0: 0x8000bd6e (0x283f2b23) sw      gp, 662(t5)
core   0: 3 0x8000bd6e (0x283f2b23) mem 0x8000d000 0x00000001
core   0: 0x8000bd72 (0x0000bfe5) c.j     pc - 8
core   0: 3 0x8000bd72 (0xbfe5)
core   0: 0x8000bd6a (0x00001f17) auipc   t5, 0x1
core   0: 3 0x8000bd6a (0x00001f17) x30 0x8000cd6a
core   0: 0x8000bd6e (0x283f2b23) sw      gp, 662(t5)
core   0: 3 0x8000bd6e (0x283f2b23) mem 0x8000d000 0x00000001
core   0: 0x8000bd72 (0x0000bfe5) c.j     pc - 8
core   0: 3 0x8000bd72 (0xbfe5)
core   0: 0x8000bd6a (0x00001f17) auipc   t5, 0x1
core   0: 3 0x8000bd6a (0x00001f17) x30 0x8000cd6a
core   0: 0x8000bd6e (0x283f2b23) sw      gp, 662(t5)
core   0: 3 0x8000bd6e (0x283f2b23) mem 0x8000d000 0x00000001
core   0: 0x8000bd72 (0x0000bfe5) c.j     pc - 8
core   0: 3 0x8000bd72 (0xbfe5)
core   0: 0x8000bd6a (0x00001f17) auipc   t5, 0x1
core   0: 3 0x8000bd6a (0x00001f17) x30 0x8000cd6a
core   0: 0x8000bd6e (0x283f2b23) sw      gp, 662(t5)
core   0: 3 0x8000bd6e (0x283f2b23) mem 0x8000d000 0x00000001
core   0: 0x8000bd72 (0x0000bfe5) c.j     pc - 8
core   0: 3 0x8000bd72 (0xbfe5)
core   0: 0x8000bd6a (0x00001f17) auipc   t5, 0x1
core   0: 3 0x8000bd6a (0x00001f17) x30 0x8000cd6a
core   0: 0x8000bd6e (0x283f2b23) sw      gp, 662(t5)
core   0: 3 0x8000bd6e (0x283f2b23) mem 0x8000d000 0x00000001
core   0: 0x8000bd72 (0x0000bfe5) c.j     pc - 8
core   0: 3 0x8000bd72 (0xbfe5)
core   0: 0x8000bd6a (0x00001f17) auipc   t5, 0x1
core   0: 3 0x8000bd6a (0x00001f17) x30 0x8000cd6a
core   0: 0x8000bd6e (0x283f2b23) sw      gp, 662(t5)
core   0: 3 0x8000bd6e (0x283f2b23) mem 0x8000d000 0x00000001
core   0: 0x8000bd72 (0x0000bfe5) c.j     pc - 8
core   0: 3 0x8000bd72 (0xbfe5)
core   0: 0x8000bd6a (0x00001f17) auipc   t5, 0x1
core   0: 3 0x8000bd6a (0x00001f17) x30 0x8000cd6a
core   0: 0x8000bd6e (0x283f2b23) sw      gp, 662(t5)
core   0: 3 0x8000bd6e (0x283f2b23) mem 0x8000d000 0x00000001
core   0: 0x8000bd72 (0x0000bfe5) c.j     pc - 8
core   0: 3 0x8000bd72 (0xbfe5)
core   0: 0x8000bd6a (0x00001f17) auipc   t5, 0x1
core   0: 3 0x8000bd6a (0x00001f17) x30 0x8000cd6a
core   0: 0x8000bd6e (0x283f2b23) sw      gp, 662(t5)
core   0: 3 0x8000bd6e (0x283f2b23) mem 0x8000d000 0x00000001
core   0: 0x8000bd72 (0x0000bfe5) c.j     pc - 8
core   0: 3 0x8000bd72 (0xbfe5)
core   0: 0x8000bd6a (0x00001f17) auipc   t5, 0x1
core   0: 3 0x8000bd6a (0x00001f17) x30 0x8000cd6a
core   0: 0x8000bd6e (0x283f2b23) sw      gp, 662(t5)
core   0: 3 0x8000bd6e (0x283f2b23) mem 0x8000d000 0x00000001
core   0: 0x8000bd72 (0x0000bfe5) c.j     pc - 8
core   0: 3 0x8000bd72 (0xbfe5)
core   0: 0x8000bd6a (0x00001f17) auipc   t5, 0x1
core   0: 3 0x8000bd6a (0x00001f17) x30 0x8000cd6a
core   0: 0x8000bd6e (0x283f2b23) sw      gp, 662(t5)
core   0: 3 0x8000bd6e (0x283f2b23) mem 0x8000d000 0x00000001
core   0: 0x8000bd72 (0x0000bfe5) c.j     pc - 8
core   0: 3 0x8000bd72 (0xbfe5)
core   0: 0x8000bd6a (0x00001f17) auipc   t5, 0x1
core   0: 3 0x8000bd6a (0x00001f17) x30 0x8000cd6a
core   0: 0x8000bd6e (0x283f2b23) sw      gp, 662(t5)
core   0: 3 0x8000bd6e (0x283f2b23) mem 0x8000d000 0x00000001
core   0: 0x8000bd72 (0x0000bfe5) c.j     pc - 8
core   0: 3 0x8000bd72 (0xbfe5)
core   0: 0x8000bd6a (0x00001f17) auipc   t5, 0x1
core   0: 3 0x8000bd6a (0x00001f17) x30 0x8000cd6a
core   0: 0x8000bd6e (0x283f2b23) sw      gp, 662(t5)
core   0: 3 0x8000bd6e (0x283f2b23) mem 0x8000d000 0x00000001
core   0: 0x8000bd72 (0x0000bfe5) c.j     pc - 8
core   0: 3 0x8000bd72 (0xbfe5)
core   0: 0x8000bd6a (0x00001f17) auipc   t5, 0x1
core   0: 3 0x8000bd6a (0x00001f17) x30 0x8000cd6a
core   0: 0x8000bd6e (0x283f2b23) sw      gp, 662(t5)
core   0: 3 0x8000bd6e (0x283f2b23) mem 0x8000d000 0x00000001
core   0: 0x8000bd72 (0x0000bfe5) c.j     pc - 8
core   0: 3 0x8000bd72 (0xbfe5)
core   0: 0x8000bd6a (0x00001f17) auipc   t5, 0x1
core   0: 3 0x8000bd6a (0x00001f17) x30 0x8000cd6a
core   0: 0x8000bd6e (0x283f2b23) sw      gp, 662(t5)
core   0: 3 0x8000bd6e (0x283f2b23) mem 0x8000d000 0x00000001
core   0: 0x8000bd72 (0x0000bfe5) c.j     pc - 8
core   0: 3 0x8000bd72 (0xbfe5)
core   0: 0x8000bd6a (0x00001f17) auipc   t5, 0x1
core   0: 3 0x8000bd6a (0x00001f17) x30 0x8000cd6a
core   0: 0x8000bd6e (0x283f2b23) sw      gp, 662(t5)
core   0: 3 0x8000bd6e (0x283f2b23) mem 0x8000d000 0x00000001
core   0: 0x8000bd72 (0x0000bfe5) c.j     pc - 8
core   0: 3 0x8000bd72 (0xbfe5)
core   0: 0x8000bd6a (0x00001f17) auipc   t5, 0x1
core   0: 3 0x8000bd6a (0x00001f17) x30 0x8000cd6a
core   0: 0x8000bd6e (0x283f2b23) sw      gp, 662(t5)
core   0: 3 0x8000bd6e (0x283f2b23) mem 0x8000d000 0x00000001
core   0: 0x8000bd72 (0x0000bfe5) c.j     pc - 8
core   0: 3 0x8000bd72 (0xbfe5)
core   0: 0x8000bd6a (0x00001f17) auipc   t5, 0x1
core   0: 3 0x8000bd6a (0x00001f17) x30 0x8000cd6a
core   0: 0x8000bd6e (0x283f2b23) sw      gp, 662(t5)
core   0: 3 0x8000bd6e (0x283f2b23) mem 0x8000d000 0x00000001
core   0: 0x8000bd72 (0x0000bfe5) c.j     pc - 8
core   0: 3 0x8000bd72 (0xbfe5)
core   0: 0x8000bd6a (0x00001f17) auipc   t5, 0x1
core   0: 3 0x8000bd6a (0x00001f17) x30 0x8000cd6a
core   0: 0x8000bd6e (0x283f2b23) sw      gp, 662(t5)
core   0: 3 0x8000bd6e (0x283f2b23) mem 0x8000d000 0x00000001
core   0: 0x8000bd72 (0x0000bfe5) c.j     pc - 8
core   0: 3 0x8000bd72 (0xbfe5)
core   0: 0x8000bd6a (0x00001f17) auipc   t5, 0x1
core   0: 3 0x8000bd6a (0x00001f17) x30 0x8000cd6a
core   0: 0x8000bd6e (0x283f2b23) sw      gp, 662(t5)
core   0: 3 0x8000bd6e (0x283f2b23) mem 0x8000d000 0x00000001
core   0: 0x8000bd72 (0x0000bfe5) c.j     pc - 8
core   0: 3 0x8000bd72 (0xbfe5)
core   0: 0x8000bd6a (0x00001f17) auipc   t5, 0x1
core   0: 3 0x8000bd6a (0x00001f17) x30 0x8000cd6a
core   0: 0x8000bd6e (0x283f2b23) sw      gp, 662(t5)
core   0: 3 0x8000bd6e (0x283f2b23) mem 0x8000d000 0x00000001
core   0: 0x8000bd72 (0x0000bfe5) c.j     pc - 8
core   0: 3 0x8000bd72 (0xbfe5)
core   0: 0x8000bd6a (0x00001f17) auipc   t5, 0x1
core   0: 3 0x8000bd6a (0x00001f17) x30 0x8000cd6a
core   0: 0x8000bd6e (0x283f2b23) sw      gp, 662(t5)
core   0: 3 0x8000bd6e (0x283f2b23) mem 0x8000d000 0x00000001
core   0: 0x8000bd72 (0x0000bfe5) c.j     pc - 8
core   0: 3 0x8000bd72 (0xbfe5)
core   0: 0x8000bd6a (0x00001f17) auipc   t5, 0x1
core   0: 3 0x8000bd6a (0x00001f17) x30 0x8000cd6a
core   0: 0x8000bd6e (0x283f2b23) sw      gp, 662(t5)
core   0: 3 0x8000bd6e (0x283f2b23) mem 0x8000d000 0x00000001
core   0: 0x8000bd72 (0x0000bfe5) c.j     pc - 8
core   0: 3 0x8000bd72 (0xbfe5)
core   0: 0x8000bd6a (0x00001f17) auipc   t5, 0x1
core   0: 3 0x8000bd6a (0x00001f17) x30 0x8000cd6a
core   0: 0x8000bd6e (0x283f2b23) sw      gp, 662(t5)
core   0: 3 0x8000bd6e (0x283f2b23) mem 0x8000d000 0x00000001
core   0: 0x8000bd72 (0x0000bfe5) c.j     pc - 8
core   0: 3 0x8000bd72 (0xbfe5)
core   0: 0x8000bd6a (0x00001f17) auipc   t5, 0x1
core   0: 3 0x8000bd6a (0x00001f17) x30 0x8000cd6a
core   0: 0x8000bd6e (0x283f2b23) sw      gp, 662(t5)
core   0: 3 0x8000bd6e (0x283f2b23) mem 0x8000d000 0x00000001
core   0: 0x8000bd72 (0x0000bfe5) c.j     pc - 8
core   0: 3 0x8000bd72 (0xbfe5)
core   0: 0x8000bd6a (0x00001f17) auipc   t5, 0x1
core   0: 3 0x8000bd6a (0x00001f17) x30 0x8000cd6a
core   0: 0x8000bd6e (0x283f2b23) sw      gp, 662(t5)
core   0: 3 0x8000bd6e (0x283f2b23) mem 0x8000d000 0x00000001
core   0: 0x8000bd72 (0x0000bfe5) c.j     pc - 8
core   0: 3 0x8000bd72 (0xbfe5)
core   0: 0x8000bd6a (0x00001f17) auipc   t5, 0x1
core   0: 3 0x8000bd6a (0x00001f17) x30 0x8000cd6a
core   0: 0x8000bd6e (0x283f2b23) sw      gp, 662(t5)
core   0: 3 0x8000bd6e (0x283f2b23) mem 0x8000d000 0x00000001
core   0: 0x8000bd72 (0x0000bfe5) c.j     pc - 8
core   0: 3 0x8000bd72 (0xbfe5)
core   0: 0x8000bd6a (0x00001f17) auipc   t5, 0x1
core   0: 3 0x8000bd6a (0x00001f17) x30 0x8000cd6a
core   0: 0x8000bd6e (0x283f2b23) sw      gp, 662(t5)
core   0: 3 0x8000bd6e (0x283f2b23) mem 0x8000d000 0x00000001
core   0: 0x8000bd72 (0x0000bfe5) c.j     pc - 8
core   0: 3 0x8000bd72 (0xbfe5)
core   0: 0x8000bd6a (0x00001f17) auipc   t5, 0x1
core   0: 3 0x8000bd6a (0x00001f17) x30 0x8000cd6a
core   0: 0x8000bd6e (0x283f2b23) sw      gp, 662(t5)
core   0: 3 0x8000bd6e (0x283f2b23) mem 0x8000d000 0x00000001
core   0: 0x8000bd72 (0x0000bfe5) c.j     pc - 8
core   0: 3 0x8000bd72 (0xbfe5)
core   0: 0x8000bd6a (0x00001f17) auipc   t5, 0x1
core   0: 3 0x8000bd6a (0x00001f17) x30 0x8000cd6a
core   0: 0x8000bd6e (0x283f2b23) sw      gp, 662(t5)
core   0: 3 0x8000bd6e (0x283f2b23) mem 0x8000d000 0x00000001
core   0: 0x8000bd72 (0x0000bfe5) c.j     pc - 8
core   0: 3 0x8000bd72 (0xbfe5)
core   0: 0x8000bd6a (0x00001f17) auipc   t5, 0x1
core   0: 3 0x8000bd6a (0x00001f17) x30 0x8000cd6a
core   0: 0x8000bd6e (0x283f2b23) sw      gp, 662(t5)
core   0: 3 0x8000bd6e (0x283f2b23) mem 0x8000d000 0x00000001
core   0: 0x8000bd72 (0x0000bfe5) c.j     pc - 8
core   0: 3 0x8000bd72 (0xbfe5)
core   0: 0x8000bd6a (0x00001f17) auipc   t5, 0x1
core   0: 3 0x8000bd6a (0x00001f17) x30 0x8000cd6a
core   0: 0x8000bd6e (0x283f2b23) sw      gp, 662(t5)
core   0: 3 0x8000bd6e (0x283f2b23) mem 0x8000d000 0x00000001
core   0: 0x8000bd72 (0x0000bfe5) c.j     pc - 8
core   0: 3 0x8000bd72 (0xbfe5)
core   0: 0x8000bd6a (0x00001f17) auipc   t5, 0x1
core   0: 3 0x8000bd6a (0x00001f17) x30 0x8000cd6a
core   0: 0x8000bd6e (0x283f2b23) sw      gp, 662(t5)
core   0: 3 0x8000bd6e (0x283f2b23) mem 0x8000d000 0x00000001
core   0: 0x8000bd72 (0x0000bfe5) c.j     pc - 8
core   0: 3 0x8000bd72 (0xbfe5)
core   0: 0x8000bd6a (0x00001f17) auipc   t5, 0x1
core   0: 3 0x8000bd6a (0x00001f17) x30 0x8000cd6a
core   0: 0x8000bd6e (0x283f2b23) sw      gp, 662(t5)
core   0: 3 0x8000bd6e (0x283f2b23) mem 0x8000d000 0x00000001
core   0: 0x8000bd72 (0x0000bfe5) c.j     pc - 8
core   0: 3 0x8000bd72 (0xbfe5)
core   0: 0x8000bd6a (0x00001f17) auipc   t5, 0x1
core   0: 3 0x8000bd6a (0x00001f17) x30 0x8000cd6a
core   0: 0x8000bd6e (0x283f2b23) sw      gp, 662(t5)
core   0: 3 0x8000bd6e (0x283f2b23) mem 0x8000d000 0x00000001
core   0: 0x8000bd72 (0x0000bfe5) c.j     pc - 8
core   0: 3 0x8000bd72 (0xbfe5)
core   0: 0x8000bd6a (0x00001f17) auipc   t5, 0x1
core   0: 3 0x8000bd6a (0x00001f17) x30 0x8000cd6a
core   0: 0x8000bd6e (0x283f2b23) sw      gp, 662(t5)
core   0: 3 0x8000bd6e (0x283f2b23) mem 0x8000d000 0x00000001
core   0: 0x8000bd72 (0x0000bfe5) c.j     pc - 8
core   0: 3 0x8000bd72 (0xbfe5)
core   0: 0x8000bd6a (0x00001f17) auipc   t5, 0x1
core   0: 3 0x8000bd6a (0x00001f17) x30 0x8000cd6a
core   0: 0x8000bd6e (0x283f2b23) sw      gp, 662(t5)
core   0: 3 0x8000bd6e (0x283f2b23) mem 0x8000d000 0x00000001
core   0: 0x8000bd72 (0x0000bfe5) c.j     pc - 8
core   0: 3 0x8000bd72 (0xbfe5)
core   0: 0x8000bd6a (0x00001f17) auipc   t5, 0x1
core   0: 3 0x8000bd6a (0x00001f17) x30 0x8000cd6a
core   0: 0x8000bd6e (0x283f2b23) sw      gp, 662(t5)
core   0: 3 0x8000bd6e (0x283f2b23) mem 0x8000d000 0x00000001
core   0: 0x8000bd72 (0x0000bfe5) c.j     pc - 8
core   0: 3 0x8000bd72 (0xbfe5)
core   0: 0x8000bd6a (0x00001f17) auipc   t5, 0x1
core   0: 3 0x8000bd6a (0x00001f17) x30 0x8000cd6a
core   0: 0x8000bd6e (0x283f2b23) sw      gp, 662(t5)
core   0: 3 0x8000bd6e (0x283f2b23) mem 0x8000d000 0x00000001
core   0: 0x8000bd72 (0x0000bfe5) c.j     pc - 8
core   0: 3 0x8000bd72 (0xbfe5)
core   0: 0x8000bd6a (0x00001f17) auipc   t5, 0x1
core   0: 3 0x8000bd6a (0x00001f17) x30 0x8000cd6a
core   0: 0x8000bd6e (0x283f2b23) sw      gp, 662(t5)
core   0: 3 0x8000bd6e (0x283f2b23) mem 0x8000d000 0x00000001
core   0: 0x8000bd72 (0x0000bfe5) c.j     pc - 8
core   0: 3 0x8000bd72 (0xbfe5)
core   0: 0x8000bd6a (0x00001f17) auipc   t5, 0x1
core   0: 3 0x8000bd6a (0x00001f17) x30 0x8000cd6a
core   0: 0x8000bd6e (0x283f2b23) sw      gp, 662(t5)
core   0: 3 0x8000bd6e (0x283f2b23) mem 0x8000d000 0x00000001
core   0: 0x8000bd72 (0x0000bfe5) c.j     pc - 8
core   0: 3 0x8000bd72 (0xbfe5)
core   0: 0x8000bd6a (0x00001f17) auipc   t5, 0x1
core   0: 3 0x8000bd6a (0x00001f17) x30 0x8000cd6a
core   0: 0x8000bd6e (0x283f2b23) sw      gp, 662(t5)
core   0: 3 0x8000bd6e (0x283f2b23) mem 0x8000d000 0x00000001
core   0: 0x8000bd72 (0x0000bfe5) c.j     pc - 8
core   0: 3 0x8000bd72 (0xbfe5)
core   0: 0x8000bd6a (0x00001f17) auipc   t5, 0x1
core   0: 3 0x8000bd6a (0x00001f17) x30 0x8000cd6a
core   0: 0x8000bd6e (0x283f2b23) sw      gp, 662(t5)
core   0: 3 0x8000bd6e (0x283f2b23) mem 0x8000d000 0x00000001
core   0: 0x8000bd72 (0x0000bfe5) c.j     pc - 8
core   0: 3 0x8000bd72 (0xbfe5)
core   0: 0x8000bd6a (0x00001f17) auipc   t5, 0x1
core   0: 3 0x8000bd6a (0x00001f17) x30 0x8000cd6a
core   0: 0x8000bd6e (0x283f2b23) sw      gp, 662(t5)
core   0: 3 0x8000bd6e (0x283f2b23) mem 0x8000d000 0x00000001
core   0: 0x8000bd72 (0x0000bfe5) c.j     pc - 8
core   0: 3 0x8000bd72 (0xbfe5)
core   0: 0x8000bd6a (0x00001f17) auipc   t5, 0x1
core   0: 3 0x8000bd6a (0x00001f17) x30 0x8000cd6a
core   0: 0x8000bd6e (0x283f2b23) sw      gp, 662(t5)
core   0: 3 0x8000bd6e (0x283f2b23) mem 0x8000d000 0x00000001
core   0: 0x8000bd72 (0x0000bfe5) c.j     pc - 8
core   0: 3 0x8000bd72 (0xbfe5)
core   0: 0x8000bd6a (0x00001f17) auipc   t5, 0x1
core   0: 3 0x8000bd6a (0x00001f17) x30 0x8000cd6a
core   0: 0x8000bd6e (0x283f2b23) sw      gp, 662(t5)
core   0: 3 0x8000bd6e (0x283f2b23) mem 0x8000d000 0x00000001
core   0: 0x8000bd72 (0x0000bfe5) c.j     pc - 8
core   0: 3 0x8000bd72 (0xbfe5)
core   0: 0x8000bd6a (0x00001f17) auipc   t5, 0x1
core   0: 3 0x8000bd6a (0x00001f17) x30 0x8000cd6a
core   0: 0x8000bd6e (0x283f2b23) sw      gp, 662(t5)
core   0: 3 0x8000bd6e (0x283f2b23) mem 0x8000d000 0x00000001
core   0: 0x8000bd72 (0x0000bfe5) c.j     pc - 8
core   0: 3 0x8000bd72 (0xbfe5)
core   0: 0x8000bd6a (0x00001f17) auipc   t5, 0x1
core   0: 3 0x8000bd6a (0x00001f17) x30 0x8000cd6a
core   0: 0x8000bd6e (0x283f2b23) sw      gp, 662(t5)
core   0: 3 0x8000bd6e (0x283f2b23) mem 0x8000d000 0x00000001
core   0: 0x8000bd72 (0x0000bfe5) c.j     pc - 8
core   0: 3 0x8000bd72 (0xbfe5)
core   0: 0x8000bd6a (0x00001f17) auipc   t5, 0x1
core   0: 3 0x8000bd6a (0x00001f17) x30 0x8000cd6a
core   0: 0x8000bd6e (0x283f2b23) sw      gp, 662(t5)
core   0: 3 0x8000bd6e (0x283f2b23) mem 0x8000d000 0x00000001
core   0: 0x8000bd72 (0x0000bfe5) c.j     pc - 8
core   0: 3 0x8000bd72 (0xbfe5)
core   0: 0x8000bd6a (0x00001f17) auipc   t5, 0x1
core   0: 3 0x8000bd6a (0x00001f17) x30 0x8000cd6a
core   0: 0x8000bd6e (0x283f2b23) sw      gp, 662(t5)
core   0: 3 0x8000bd6e (0x283f2b23) mem 0x8000d000 0x00000001
core   0: 0x8000bd72 (0x0000bfe5) c.j     pc - 8
core   0: 3 0x8000bd72 (0xbfe5)
core   0: 0x8000bd6a (0x00001f17) auipc   t5, 0x1
core   0: 3 0x8000bd6a (0x00001f17) x30 0x8000cd6a
core   0: 0x8000bd6e (0x283f2b23) sw      gp, 662(t5)
core   0: 3 0x8000bd6e (0x283f2b23) mem 0x8000d000 0x00000001
core   0: 0x8000bd72 (0x0000bfe5) c.j     pc - 8
core   0: 3 0x8000bd72 (0xbfe5)
core   0: 0x8000bd6a (0x00001f17) auipc   t5, 0x1
core   0: 3 0x8000bd6a (0x00001f17) x30 0x8000cd6a
core   0: 0x8000bd6e (0x283f2b23) sw      gp, 662(t5)
core   0: 3 0x8000bd6e (0x283f2b23) mem 0x8000d000 0x00000001
core   0: 0x8000bd72 (0x0000bfe5) c.j     pc - 8
core   0: 3 0x8000bd72 (0xbfe5)
core   0: 0x8000bd6a (0x00001f17) auipc   t5, 0x1
core   0: 3 0x8000bd6a (0x00001f17) x30 0x8000cd6a
core   0: 0x8000bd6e (0x283f2b23) sw      gp, 662(t5)
core   0: 3 0x8000bd6e (0x283f2b23) mem 0x8000d000 0x00000001
core   0: 0x8000bd72 (0x0000bfe5) c.j     pc - 8
core   0: 3 0x8000bd72 (0xbfe5)
core   0: 0x8000bd6a (0x00001f17) auipc   t5, 0x1
core   0: 3 0x8000bd6a (0x00001f17) x30 0x8000cd6a
core   0: 0x8000bd6e (0x283f2b23) sw      gp, 662(t5)
core   0: 3 0x8000bd6e (0x283f2b23) mem 0x8000d000 0x00000001
core   0: 0x8000bd72 (0x0000bfe5) c.j     pc - 8
core   0: 3 0x8000bd72 (0xbfe5)
core   0: 0x8000bd6a (0x00001f17) auipc   t5, 0x1
core   0: 3 0x8000bd6a (0x00001f17) x30 0x8000cd6a
core   0: 0x8000bd6e (0x283f2b23) sw      gp, 662(t5)
core   0: 3 0x8000bd6e (0x283f2b23) mem 0x8000d000 0x00000001
core   0: 0x8000bd72 (0x0000bfe5) c.j     pc - 8
core   0: 3 0x8000bd72 (0xbfe5)
core   0: 0x8000bd6a (0x00001f17) auipc   t5, 0x1
core   0: 3 0x8000bd6a (0x00001f17) x30 0x8000cd6a
core   0: 0x8000bd6e (0x283f2b23) sw      gp, 662(t5)
core   0: 3 0x8000bd6e (0x283f2b23) mem 0x8000d000 0x00000001
core   0: 0x8000bd72 (0x0000bfe5) c.j     pc - 8
core   0: 3 0x8000bd72 (0xbfe5)
core   0: 0x8000bd6a (0x00001f17) auipc   t5, 0x1
core   0: 3 0x8000bd6a (0x00001f17) x30 0x8000cd6a
core   0: 0x8000bd6e (0x283f2b23) sw      gp, 662(t5)
core   0: 3 0x8000bd6e (0x283f2b23) mem 0x8000d000 0x00000001
core   0: 0x8000bd72 (0x0000bfe5) c.j     pc - 8
core   0: 3 0x8000bd72 (0xbfe5)
core   0: 0x8000bd6a (0x00001f17) auipc   t5, 0x1
core   0: 3 0x8000bd6a (0x00001f17) x30 0x8000cd6a
core   0: 0x8000bd6e (0x283f2b23) sw      gp, 662(t5)
core   0: 3 0x8000bd6e (0x283f2b23) mem 0x8000d000 0x00000001
core   0: 0x8000bd72 (0x0000bfe5) c.j     pc - 8
core   0: 3 0x8000bd72 (0xbfe5)
core   0: 0x8000bd6a (0x00001f17) auipc   t5, 0x1
core   0: 3 0x8000bd6a (0x00001f17) x30 0x8000cd6a
core   0: 0x8000bd6e (0x283f2b23) sw      gp, 662(t5)
core   0: 3 0x8000bd6e (0x283f2b23) mem 0x8000d000 0x00000001
core   0: 0x8000bd72 (0x0000bfe5) c.j     pc - 8
core   0: 3 0x8000bd72 (0xbfe5)
core   0: 0x8000bd6a (0x00001f17) auipc   t5, 0x1
core   0: 3 0x8000bd6a (0x00001f17) x30 0x8000cd6a
core   0: 0x8000bd6e (0x283f2b23) sw      gp, 662(t5)
core   0: 3 0x8000bd6e (0x283f2b23) mem 0x8000d000 0x00000001
core   0: 0x8000bd72 (0x0000bfe5) c.j     pc - 8
core   0: 3 0x8000bd72 (0xbfe5)
core   0: 0x8000bd6a (0x00001f17) auipc   t5, 0x1
core   0: 3 0x8000bd6a (0x00001f17) x30 0x8000cd6a
core   0: 0x8000bd6e (0x283f2b23) sw      gp, 662(t5)
core   0: 3 0x8000bd6e (0x283f2b23) mem 0x8000d000 0x00000001
core   0: 0x8000bd72 (0x0000bfe5) c.j     pc - 8
core   0: 3 0x8000bd72 (0xbfe5)
core   0: 0x8000bd6a (0x00001f17) auipc   t5, 0x1
core   0: 3 0x8000bd6a (0x00001f17) x30 0x8000cd6a
core   0: 0x8000bd6e (0x283f2b23) sw      gp, 662(t5)
core   0: 3 0x8000bd6e (0x283f2b23) mem 0x8000d000 0x00000001
core   0: 0x8000bd72 (0x0000bfe5) c.j     pc - 8
core   0: 3 0x8000bd72 (0xbfe5)
core   0: 0x8000bd6a (0x00001f17) auipc   t5, 0x1
core   0: 3 0x8000bd6a (0x00001f17) x30 0x8000cd6a
core   0: 0x8000bd6e (0x283f2b23) sw      gp, 662(t5)
core   0: 3 0x8000bd6e (0x283f2b23) mem 0x8000d000 0x00000001
core   0: 0x8000bd72 (0x0000bfe5) c.j     pc - 8
core   0: 3 0x8000bd72 (0xbfe5)
core   0: 0x8000bd6a (0x00001f17) auipc   t5, 0x1
core   0: 3 0x8000bd6a (0x00001f17) x30 0x8000cd6a
core   0: 0x8000bd6e (0x283f2b23) sw      gp, 662(t5)
core   0: 3 0x8000bd6e (0x283f2b23) mem 0x8000d000 0x00000001
core   0: 0x8000bd72 (0x0000bfe5) c.j     pc - 8
core   0: 3 0x8000bd72 (0xbfe5)
core   0: 0x8000bd6a (0x00001f17) auipc   t5, 0x1
core   0: 3 0x8000bd6a (0x00001f17) x30 0x8000cd6a
core   0: 0x8000bd6e (0x283f2b23) sw      gp, 662(t5)
core   0: 3 0x8000bd6e (0x283f2b23) mem 0x8000d000 0x00000001
core   0: 0x8000bd72 (0x0000bfe5) c.j     pc - 8
core   0: 3 0x8000bd72 (0xbfe5)
core   0: 0x8000bd6a (0x00001f17) auipc   t5, 0x1
core   0: 3 0x8000bd6a (0x00001f17) x30 0x8000cd6a
core   0: 0x8000bd6e (0x283f2b23) sw      gp, 662(t5)
core   0: 3 0x8000bd6e (0x283f2b23) mem 0x8000d000 0x00000001
core   0: 0x8000bd72 (0x0000bfe5) c.j     pc - 8
core   0: 3 0x8000bd72 (0xbfe5)
core   0: 0x8000bd6a (0x00001f17) auipc   t5, 0x1
core   0: 3 0x8000bd6a (0x00001f17) x30 0x8000cd6a
core   0: 0x8000bd6e (0x283f2b23) sw      gp, 662(t5)
core   0: 3 0x8000bd6e (0x283f2b23) mem 0x8000d000 0x00000001
core   0: 0x8000bd72 (0x0000bfe5) c.j     pc - 8
core   0: 3 0x8000bd72 (0xbfe5)
core   0: 0x8000bd6a (0x00001f17) auipc   t5, 0x1
core   0: 3 0x8000bd6a (0x00001f17) x30 0x8000cd6a
core   0: 0x8000bd6e (0x283f2b23) sw      gp, 662(t5)
core   0: 3 0x8000bd6e (0x283f2b23) mem 0x8000d000 0x00000001
core   0: 0x8000bd72 (0x0000bfe5) c.j     pc - 8
core   0: 3 0x8000bd72 (0xbfe5)
core   0: 0x8000bd6a (0x00001f17) auipc   t5, 0x1
core   0: 3 0x8000bd6a (0x00001f17) x30 0x8000cd6a
core   0: 0x8000bd6e (0x283f2b23) sw      gp, 662(t5)
core   0: 3 0x8000bd6e (0x283f2b23) mem 0x8000d000 0x00000001
core   0: 0x8000bd72 (0x0000bfe5) c.j     pc - 8
core   0: 3 0x8000bd72 (0xbfe5)
core   0: 0x8000bd6a (0x00001f17) auipc   t5, 0x1
core   0: 3 0x8000bd6a (0x00001f17) x30 0x8000cd6a
core   0: 0x8000bd6e (0x283f2b23) sw      gp, 662(t5)
core   0: 3 0x8000bd6e (0x283f2b23) mem 0x8000d000 0x00000001
core   0: 0x8000bd72 (0x0000bfe5) c.j     pc - 8
core   0: 3 0x8000bd72 (0xbfe5)
core   0: 0x8000bd6a (0x00001f17) auipc   t5, 0x1
core   0: 3 0x8000bd6a (0x00001f17) x30 0x8000cd6a
core   0: 0x8000bd6e (0x283f2b23) sw      gp, 662(t5)
core   0: 3 0x8000bd6e (0x283f2b23) mem 0x8000d000 0x00000001
core   0: 0x8000bd72 (0x0000bfe5) c.j     pc - 8
core   0: 3 0x8000bd72 (0xbfe5)
core   0: 0x8000bd6a (0x00001f17) auipc   t5, 0x1
core   0: 3 0x8000bd6a (0x00001f17) x30 0x8000cd6a
core   0: 0x8000bd6e (0x283f2b23) sw      gp, 662(t5)
core   0: 3 0x8000bd6e (0x283f2b23) mem 0x8000d000 0x00000001
core   0: 0x8000bd72 (0x0000bfe5) c.j     pc - 8
core   0: 3 0x8000bd72 (0xbfe5)
core   0: 0x8000bd6a (0x00001f17) auipc   t5, 0x1
core   0: 3 0x8000bd6a (0x00001f17) x30 0x8000cd6a
core   0: 0x8000bd6e (0x283f2b23) sw      gp, 662(t5)
core   0: 3 0x8000bd6e (0x283f2b23) mem 0x8000d000 0x00000001
core   0: 0x8000bd72 (0x0000bfe5) c.j     pc - 8
core   0: 3 0x8000bd72 (0xbfe5)
core   0: 0x8000bd6a (0x00001f17) auipc   t5, 0x1
core   0: 3 0x8000bd6a (0x00001f17) x30 0x8000cd6a
core   0: 0x8000bd6e (0x283f2b23) sw      gp, 662(t5)
core   0: 3 0x8000bd6e (0x283f2b23) mem 0x8000d000 0x00000001
core   0: 0x8000bd72 (0x0000bfe5) c.j     pc - 8
core   0: 3 0x8000bd72 (0xbfe5)
core   0: 0x8000bd6a (0x00001f17) auipc   t5, 0x1
core   0: 3 0x8000bd6a (0x00001f17) x30 0x8000cd6a
core   0: 0x8000bd6e (0x283f2b23) sw      gp, 662(t5)
core   0: 3 0x8000bd6e (0x283f2b23) mem 0x8000d000 0x00000001
core   0: 0x8000bd72 (0x0000bfe5) c.j     pc - 8
core   0: 3 0x8000bd72 (0xbfe5)
core   0: 0x8000bd6a (0x00001f17) auipc   t5, 0x1
core   0: 3 0x8000bd6a (0x00001f17) x30 0x8000cd6a
core   0: 0x8000bd6e (0x283f2b23) sw      gp, 662(t5)
core   0: 3 0x8000bd6e (0x283f2b23) mem 0x8000d000 0x00000001
core   0: 0x8000bd72 (0x0000bfe5) c.j     pc - 8
core   0: 3 0x8000bd72 (0xbfe5)
core   0: 0x8000bd6a (0x00001f17) auipc   t5, 0x1
core   0: 3 0x8000bd6a (0x00001f17) x30 0x8000cd6a
core   0: 0x8000bd6e (0x283f2b23) sw      gp, 662(t5)
core   0: 3 0x8000bd6e (0x283f2b23) mem 0x8000d000 0x00000001
core   0: 0x8000bd72 (0x0000bfe5) c.j     pc - 8
core   0: 3 0x8000bd72 (0xbfe5)
core   0: 0x8000bd6a (0x00001f17) auipc   t5, 0x1
core   0: 3 0x8000bd6a (0x00001f17) x30 0x8000cd6a
core   0: 0x8000bd6e (0x283f2b23) sw      gp, 662(t5)
core   0: 3 0x8000bd6e (0x283f2b23) mem 0x8000d000 0x00000001
core   0: 0x8000bd72 (0x0000bfe5) c.j     pc - 8
core   0: 3 0x8000bd72 (0xbfe5)
core   0: 0x8000bd6a (0x00001f17) auipc   t5, 0x1
core   0: 3 0x8000bd6a (0x00001f17) x30 0x8000cd6a
core   0: 0x8000bd6e (0x283f2b23) sw      gp, 662(t5)
core   0: 3 0x8000bd6e (0x283f2b23) mem 0x8000d000 0x00000001
core   0: 0x8000bd72 (0x0000bfe5) c.j     pc - 8
core   0: 3 0x8000bd72 (0xbfe5)
core   0: 0x8000bd6a (0x00001f17) auipc   t5, 0x1
core   0: 3 0x8000bd6a (0x00001f17) x30 0x8000cd6a
core   0: 0x8000bd6e (0x283f2b23) sw      gp, 662(t5)
core   0: 3 0x8000bd6e (0x283f2b23) mem 0x8000d000 0x00000001
core   0: 0x8000bd72 (0x0000bfe5) c.j     pc - 8
core   0: 3 0x8000bd72 (0xbfe5)
core   0: 0x8000bd6a (0x00001f17) auipc   t5, 0x1
core   0: 3 0x8000bd6a (0x00001f17) x30 0x8000cd6a
core   0: 0x8000bd6e (0x283f2b23) sw      gp, 662(t5)
core   0: 3 0x8000bd6e (0x283f2b23) mem 0x8000d000 0x00000001
core   0: 0x8000bd72 (0x0000bfe5) c.j     pc - 8
core   0: 3 0x8000bd72 (0xbfe5)
core   0: 0x8000bd6a (0x00001f17) auipc   t5, 0x1
core   0: 3 0x8000bd6a (0x00001f17) x30 0x8000cd6a
core   0: 0x8000bd6e (0x283f2b23) sw      gp, 662(t5)
core   0: 3 0x8000bd6e (0x283f2b23) mem 0x8000d000 0x00000001
core   0: 0x8000bd72 (0x0000bfe5) c.j     pc - 8
core   0: 3 0x8000bd72 (0xbfe5)
core   0: 0x8000bd6a (0x00001f17) auipc   t5, 0x1
core   0: 3 0x8000bd6a (0x00001f17) x30 0x8000cd6a
core   0: 0x8000bd6e (0x283f2b23) sw      gp, 662(t5)
core   0: 3 0x8000bd6e (0x283f2b23) mem 0x8000d000 0x00000001
core   0: 0x8000bd72 (0x0000bfe5) c.j     pc - 8
core   0: 3 0x8000bd72 (0xbfe5)
core   0: 0x8000bd6a (0x00001f17) auipc   t5, 0x1
core   0: 3 0x8000bd6a (0x00001f17) x30 0x8000cd6a
core   0: 0x8000bd6e (0x283f2b23) sw      gp, 662(t5)
core   0: 3 0x8000bd6e (0x283f2b23) mem 0x8000d000 0x00000001
core   0: 0x8000bd72 (0x0000bfe5) c.j     pc - 8
core   0: 3 0x8000bd72 (0xbfe5)
core   0: 0x8000bd6a (0x00001f17) auipc   t5, 0x1
core   0: 3 0x8000bd6a (0x00001f17) x30 0x8000cd6a
core   0: 0x8000bd6e (0x283f2b23) sw      gp, 662(t5)
core   0: 3 0x8000bd6e (0x283f2b23) mem 0x8000d000 0x00000001
core   0: 0x8000bd72 (0x0000bfe5) c.j     pc - 8
core   0: 3 0x8000bd72 (0xbfe5)
core   0: 0x8000bd6a (0x00001f17) auipc   t5, 0x1
core   0: 3 0x8000bd6a (0x00001f17) x30 0x8000cd6a
core   0: 0x8000bd6e (0x283f2b23) sw      gp, 662(t5)
core   0: 3 0x8000bd6e (0x283f2b23) mem 0x8000d000 0x00000001
core   0: 0x8000bd72 (0x0000bfe5) c.j     pc - 8
core   0: 3 0x8000bd72 (0xbfe5)
core   0: 0x8000bd6a (0x00001f17) auipc   t5, 0x1
core   0: 3 0x8000bd6a (0x00001f17) x30 0x8000cd6a
core   0: 0x8000bd6e (0x283f2b23) sw      gp, 662(t5)
core   0: 3 0x8000bd6e (0x283f2b23) mem 0x8000d000 0x00000001
core   0: 0x8000bd72 (0x0000bfe5) c.j     pc - 8
core   0: 3 0x8000bd72 (0xbfe5)
core   0: 0x8000bd6a (0x00001f17) auipc   t5, 0x1
core   0: 3 0x8000bd6a (0x00001f17) x30 0x8000cd6a
core   0: 0x8000bd6e (0x283f2b23) sw      gp, 662(t5)
core   0: 3 0x8000bd6e (0x283f2b23) mem 0x8000d000 0x00000001
core   0: 0x8000bd72 (0x0000bfe5) c.j     pc - 8
core   0: 3 0x8000bd72 (0xbfe5)
core   0: 0x8000bd6a (0x00001f17) auipc   t5, 0x1
core   0: 3 0x8000bd6a (0x00001f17) x30 0x8000cd6a
core   0: 0x8000bd6e (0x283f2b23) sw      gp, 662(t5)
core   0: 3 0x8000bd6e (0x283f2b23) mem 0x8000d000 0x00000001
core   0: 0x8000bd72 (0x0000bfe5) c.j     pc - 8
core   0: 3 0x8000bd72 (0xbfe5)
core   0: 0x8000bd6a (0x00001f17) auipc   t5, 0x1
core   0: 3 0x8000bd6a (0x00001f17) x30 0x8000cd6a
core   0: 0x8000bd6e (0x283f2b23) sw      gp, 662(t5)
core   0: 3 0x8000bd6e (0x283f2b23) mem 0x8000d000 0x00000001
core   0: 0x8000bd72 (0x0000bfe5) c.j     pc - 8
core   0: 3 0x8000bd72 (0xbfe5)
core   0: 0x8000bd6a (0x00001f17) auipc   t5, 0x1
core   0: 3 0x8000bd6a (0x00001f17) x30 0x8000cd6a
core   0: 0x8000bd6e (0x283f2b23) sw      gp, 662(t5)
core   0: 3 0x8000bd6e (0x283f2b23) mem 0x8000d000 0x00000001
core   0: 0x8000bd72 (0x0000bfe5) c.j     pc - 8
core   0: 3 0x8000bd72 (0xbfe5)
core   0: 0x8000bd6a (0x00001f17) auipc   t5, 0x1
core   0: 3 0x8000bd6a (0x00001f17) x30 0x8000cd6a
core   0: 0x8000bd6e (0x283f2b23) sw      gp, 662(t5)
core   0: 3 0x8000bd6e (0x283f2b23) mem 0x8000d000 0x00000001
core   0: 0x8000bd72 (0x0000bfe5) c.j     pc - 8
core   0: 3 0x8000bd72 (0xbfe5)
core   0: 0x8000bd6a (0x00001f17) auipc   t5, 0x1
core   0: 3 0x8000bd6a (0x00001f17) x30 0x8000cd6a
core   0: 0x8000bd6e (0x283f2b23) sw      gp, 662(t5)
core   0: 3 0x8000bd6e (0x283f2b23) mem 0x8000d000 0x00000001
core   0: 0x8000bd72 (0x0000bfe5) c.j     pc - 8
core   0: 3 0x8000bd72 (0xbfe5)
core   0: 0x8000bd6a (0x00001f17) auipc   t5, 0x1
core   0: 3 0x8000bd6a (0x00001f17) x30 0x8000cd6a
core   0: 0x8000bd6e (0x283f2b23) sw      gp, 662(t5)
core   0: 3 0x8000bd6e (0x283f2b23) mem 0x8000d000 0x00000001
core   0: 0x8000bd72 (0x0000bfe5) c.j     pc - 8
core   0: 3 0x8000bd72 (0xbfe5)
core   0: 0x8000bd6a (0x00001f17) auipc   t5, 0x1
core   0: 3 0x8000bd6a (0x00001f17) x30 0x8000cd6a
core   0: 0x8000bd6e (0x283f2b23) sw      gp, 662(t5)
core   0: 3 0x8000bd6e (0x283f2b23) mem 0x8000d000 0x00000001
core   0: 0x8000bd72 (0x0000bfe5) c.j     pc - 8
core   0: 3 0x8000bd72 (0xbfe5)
core   0: 0x8000bd6a (0x00001f17) auipc   t5, 0x1
core   0: 3 0x8000bd6a (0x00001f17) x30 0x8000cd6a
core   0: 0x8000bd6e (0x283f2b23) sw      gp, 662(t5)
core   0: 3 0x8000bd6e (0x283f2b23) mem 0x8000d000 0x00000001
core   0: 0x8000bd72 (0x0000bfe5) c.j     pc - 8
core   0: 3 0x8000bd72 (0xbfe5)
core   0: 0x8000bd6a (0x00001f17) auipc   t5, 0x1
core   0: 3 0x8000bd6a (0x00001f17) x30 0x8000cd6a
core   0: 0x8000bd6e (0x283f2b23) sw      gp, 662(t5)
core   0: 3 0x8000bd6e (0x283f2b23) mem 0x8000d000 0x00000001
core   0: 0x8000bd72 (0x0000bfe5) c.j     pc - 8
core   0: 3 0x8000bd72 (0xbfe5)
core   0: 0x8000bd6a (0x00001f17) auipc   t5, 0x1
core   0: 3 0x8000bd6a (0x00001f17) x30 0x8000cd6a
core   0: 0x8000bd6e (0x283f2b23) sw      gp, 662(t5)
core   0: 3 0x8000bd6e (0x283f2b23) mem 0x8000d000 0x00000001
core   0: 0x8000bd72 (0x0000bfe5) c.j     pc - 8
core   0: 3 0x8000bd72 (0xbfe5)
core   0: 0x8000bd6a (0x00001f17) auipc   t5, 0x1
core   0: 3 0x8000bd6a (0x00001f17) x30 0x8000cd6a
core   0: 0x8000bd6e (0x283f2b23) sw      gp, 662(t5)
core   0: 3 0x8000bd6e (0x283f2b23) mem 0x8000d000 0x00000001
core   0: 0x8000bd72 (0x0000bfe5) c.j     pc - 8
core   0: 3 0x8000bd72 (0xbfe5)
core   0: 0x8000bd6a (0x00001f17) auipc   t5, 0x1
core   0: 3 0x8000bd6a (0x00001f17) x30 0x8000cd6a
core   0: 0x8000bd6e (0x283f2b23) sw      gp, 662(t5)
core   0: 3 0x8000bd6e (0x283f2b23) mem 0x8000d000 0x00000001
core   0: 0x8000bd72 (0x0000bfe5) c.j     pc - 8
core   0: 3 0x8000bd72 (0xbfe5)
core   0: 0x8000bd6a (0x00001f17) auipc   t5, 0x1
core   0: 3 0x8000bd6a (0x00001f17) x30 0x8000cd6a
core   0: 0x8000bd6e (0x283f2b23) sw      gp, 662(t5)
core   0: 3 0x8000bd6e (0x283f2b23) mem 0x8000d000 0x00000001
core   0: 0x8000bd72 (0x0000bfe5) c.j     pc - 8
core   0: 3 0x8000bd72 (0xbfe5)
core   0: 0x8000bd6a (0x00001f17) auipc   t5, 0x1
core   0: 3 0x8000bd6a (0x00001f17) x30 0x8000cd6a
core   0: 0x8000bd6e (0x283f2b23) sw      gp, 662(t5)
core   0: 3 0x8000bd6e (0x283f2b23) mem 0x8000d000 0x00000001
core   0: 0x8000bd72 (0x0000bfe5) c.j     pc - 8
core   0: 3 0x8000bd72 (0xbfe5)
core   0: 0x8000bd6a (0x00001f17) auipc   t5, 0x1
core   0: 3 0x8000bd6a (0x00001f17) x30 0x8000cd6a
core   0: 0x8000bd6e (0x283f2b23) sw      gp, 662(t5)
core   0: 3 0x8000bd6e (0x283f2b23) mem 0x8000d000 0x00000001
core   0: 0x8000bd72 (0x0000bfe5) c.j     pc - 8
core   0: 3 0x8000bd72 (0xbfe5)
core   0: 0x8000bd6a (0x00001f17) auipc   t5, 0x1
core   0: 3 0x8000bd6a (0x00001f17) x30 0x8000cd6a
core   0: 0x8000bd6e (0x283f2b23) sw      gp, 662(t5)
core   0: 3 0x8000bd6e (0x283f2b23) mem 0x8000d000 0x00000001
core   0: 0x8000bd72 (0x0000bfe5) c.j     pc - 8
core   0: 3 0x8000bd72 (0xbfe5)
core   0: 0x8000bd6a (0x00001f17) auipc   t5, 0x1
core   0: 3 0x8000bd6a (0x00001f17) x30 0x8000cd6a
core   0: 0x8000bd6e (0x283f2b23) sw      gp, 662(t5)
core   0: 3 0x8000bd6e (0x283f2b23) mem 0x8000d000 0x00000001
core   0: 0x8000bd72 (0x0000bfe5) c.j     pc - 8
core   0: 3 0x8000bd72 (0xbfe5)
core   0: 0x8000bd6a (0x00001f17) auipc   t5, 0x1
core   0: 3 0x8000bd6a (0x00001f17) x30 0x8000cd6a
core   0: 0x8000bd6e (0x283f2b23) sw      gp, 662(t5)
core   0: 3 0x8000bd6e (0x283f2b23) mem 0x8000d000 0x00000001
core   0: 0x8000bd72 (0x0000bfe5) c.j     pc - 8
core   0: 3 0x8000bd72 (0xbfe5)
core   0: 0x8000bd6a (0x00001f17) auipc   t5, 0x1
core   0: 3 0x8000bd6a (0x00001f17) x30 0x8000cd6a
core   0: 0x8000bd6e (0x283f2b23) sw      gp, 662(t5)
core   0: 3 0x8000bd6e (0x283f2b23) mem 0x8000d000 0x00000001
core   0: 0x8000bd72 (0x0000bfe5) c.j     pc - 8
core   0: 3 0x8000bd72 (0xbfe5)
core   0: 0x8000bd6a (0x00001f17) auipc   t5, 0x1
core   0: 3 0x8000bd6a (0x00001f17) x30 0x8000cd6a
core   0: 0x8000bd6e (0x283f2b23) sw      gp, 662(t5)
core   0: 3 0x8000bd6e (0x283f2b23) mem 0x8000d000 0x00000001
core   0: 0x8000bd72 (0x0000bfe5) c.j     pc - 8
core   0: 3 0x8000bd72 (0xbfe5)
core   0: 0x8000bd6a (0x00001f17) auipc   t5, 0x1
core   0: 3 0x8000bd6a (0x00001f17) x30 0x8000cd6a
core   0: 0x8000bd6e (0x283f2b23) sw      gp, 662(t5)
core   0: 3 0x8000bd6e (0x283f2b23) mem 0x8000d000 0x00000001
core   0: 0x8000bd72 (0x0000bfe5) c.j     pc - 8
core   0: 3 0x8000bd72 (0xbfe5)
core   0: 0x8000bd6a (0x00001f17) auipc   t5, 0x1
core   0: 3 0x8000bd6a (0x00001f17) x30 0x8000cd6a
core   0: 0x8000bd6e (0x283f2b23) sw      gp, 662(t5)
core   0: 3 0x8000bd6e (0x283f2b23) mem 0x8000d000 0x00000001
core   0: 0x8000bd72 (0x0000bfe5) c.j     pc - 8
core   0: 3 0x8000bd72 (0xbfe5)
core   0: 0x8000bd6a (0x00001f17) auipc   t5, 0x1
core   0: 3 0x8000bd6a (0x00001f17) x30 0x8000cd6a
core   0: 0x8000bd6e (0x283f2b23) sw      gp, 662(t5)
core   0: 3 0x8000bd6e (0x283f2b23) mem 0x8000d000 0x00000001
core   0: 0x8000bd72 (0x0000bfe5) c.j     pc - 8
core   0: 3 0x8000bd72 (0xbfe5)
core   0: 0x8000bd6a (0x00001f17) auipc   t5, 0x1
core   0: 3 0x8000bd6a (0x00001f17) x30 0x8000cd6a
core   0: 0x8000bd6e (0x283f2b23) sw      gp, 662(t5)
core   0: 3 0x8000bd6e (0x283f2b23) mem 0x8000d000 0x00000001
core   0: 0x8000bd72 (0x0000bfe5) c.j     pc - 8
core   0: 3 0x8000bd72 (0xbfe5)
core   0: 0x8000bd6a (0x00001f17) auipc   t5, 0x1
core   0: 3 0x8000bd6a (0x00001f17) x30 0x8000cd6a
core   0: 0x8000bd6e (0x283f2b23) sw      gp, 662(t5)
core   0: 3 0x8000bd6e (0x283f2b23) mem 0x8000d000 0x00000001
core   0: 0x8000bd72 (0x0000bfe5) c.j     pc - 8
core   0: 3 0x8000bd72 (0xbfe5)
core   0: 0x8000bd6a (0x00001f17) auipc   t5, 0x1
core   0: 3 0x8000bd6a (0x00001f17) x30 0x8000cd6a
core   0: 0x8000bd6e (0x283f2b23) sw      gp, 662(t5)
core   0: 3 0x8000bd6e (0x283f2b23) mem 0x8000d000 0x00000001
core   0: 0x8000bd72 (0x0000bfe5) c.j     pc - 8
core   0: 3 0x8000bd72 (0xbfe5)
core   0: 0x8000bd6a (0x00001f17) auipc   t5, 0x1
core   0: 3 0x8000bd6a (0x00001f17) x30 0x8000cd6a
core   0: 0x8000bd6e (0x283f2b23) sw      gp, 662(t5)
core   0: 3 0x8000bd6e (0x283f2b23) mem 0x8000d000 0x00000001
core   0: 0x8000bd72 (0x0000bfe5) c.j     pc - 8
core   0: 3 0x8000bd72 (0xbfe5)
core   0: 0x8000bd6a (0x00001f17) auipc   t5, 0x1
core   0: 3 0x8000bd6a (0x00001f17) x30 0x8000cd6a
core   0: 0x8000bd6e (0x283f2b23) sw      gp, 662(t5)
core   0: 3 0x8000bd6e (0x283f2b23) mem 0x8000d000 0x00000001
core   0: 0x8000bd72 (0x0000bfe5) c.j     pc - 8
core   0: 3 0x8000bd72 (0xbfe5)
core   0: 0x8000bd6a (0x00001f17) auipc   t5, 0x1
core   0: 3 0x8000bd6a (0x00001f17) x30 0x8000cd6a
core   0: 0x8000bd6e (0x283f2b23) sw      gp, 662(t5)
core   0: 3 0x8000bd6e (0x283f2b23) mem 0x8000d000 0x00000001
core   0: 0x8000bd72 (0x0000bfe5) c.j     pc - 8
core   0: 3 0x8000bd72 (0xbfe5)
core   0: 0x8000bd6a (0x00001f17) auipc   t5, 0x1
core   0: 3 0x8000bd6a (0x00001f17) x30 0x8000cd6a
core   0: 0x8000bd6e (0x283f2b23) sw      gp, 662(t5)
core   0: 3 0x8000bd6e (0x283f2b23) mem 0x8000d000 0x00000001
core   0: 0x8000bd72 (0x0000bfe5) c.j     pc - 8
core   0: 3 0x8000bd72 (0xbfe5)
core   0: 0x8000bd6a (0x00001f17) auipc   t5, 0x1
core   0: 3 0x8000bd6a (0x00001f17) x30 0x8000cd6a
core   0: 0x8000bd6e (0x283f2b23) sw      gp, 662(t5)
core   0: 3 0x8000bd6e (0x283f2b23) mem 0x8000d000 0x00000001
core   0: 0x8000bd72 (0x0000bfe5) c.j     pc - 8
core   0: 3 0x8000bd72 (0xbfe5)
core   0: 0x8000bd6a (0x00001f17) auipc   t5, 0x1
core   0: 3 0x8000bd6a (0x00001f17) x30 0x8000cd6a
core   0: 0x8000bd6e (0x283f2b23) sw      gp, 662(t5)
core   0: 3 0x8000bd6e (0x283f2b23) mem 0x8000d000 0x00000001
core   0: 0x8000bd72 (0x0000bfe5) c.j     pc - 8
core   0: 3 0x8000bd72 (0xbfe5)
core   0: 0x8000bd6a (0x00001f17) auipc   t5, 0x1
core   0: 3 0x8000bd6a (0x00001f17) x30 0x8000cd6a
core   0: 0x8000bd6e (0x283f2b23) sw      gp, 662(t5)
core   0: 3 0x8000bd6e (0x283f2b23) mem 0x8000d000 0x00000001
core   0: 0x8000bd72 (0x0000bfe5) c.j     pc - 8
core   0: 3 0x8000bd72 (0xbfe5)
core   0: 0x8000bd6a (0x00001f17) auipc   t5, 0x1
core   0: 3 0x8000bd6a (0x00001f17) x30 0x8000cd6a
core   0: 0x8000bd6e (0x283f2b23) sw      gp, 662(t5)
core   0: 3 0x8000bd6e (0x283f2b23) mem 0x8000d000 0x00000001
core   0: 0x8000bd72 (0x0000bfe5) c.j     pc - 8
core   0: 3 0x8000bd72 (0xbfe5)
core   0: 0x8000bd6a (0x00001f17) auipc   t5, 0x1
core   0: 3 0x8000bd6a (0x00001f17) x30 0x8000cd6a
core   0: 0x8000bd6e (0x283f2b23) sw      gp, 662(t5)
core   0: 3 0x8000bd6e (0x283f2b23) mem 0x8000d000 0x00000001
core   0: 0x8000bd72 (0x0000bfe5) c.j     pc - 8
core   0: 3 0x8000bd72 (0xbfe5)
core   0: 0x8000bd6a (0x00001f17) auipc   t5, 0x1
core   0: 3 0x8000bd6a (0x00001f17) x30 0x8000cd6a
core   0: 0x8000bd6e (0x283f2b23) sw      gp, 662(t5)
core   0: 3 0x8000bd6e (0x283f2b23) mem 0x8000d000 0x00000001
core   0: 0x8000bd72 (0x0000bfe5) c.j     pc - 8
core   0: 3 0x8000bd72 (0xbfe5)
core   0: 0x8000bd6a (0x00001f17) auipc   t5, 0x1
core   0: 3 0x8000bd6a (0x00001f17) x30 0x8000cd6a
core   0: 0x8000bd6e (0x283f2b23) sw      gp, 662(t5)
core   0: 3 0x8000bd6e (0x283f2b23) mem 0x8000d000 0x00000001
core   0: 0x8000bd72 (0x0000bfe5) c.j     pc - 8
core   0: 3 0x8000bd72 (0xbfe5)
core   0: 0x8000bd6a (0x00001f17) auipc   t5, 0x1
core   0: 3 0x8000bd6a (0x00001f17) x30 0x8000cd6a
core   0: 0x8000bd6e (0x283f2b23) sw      gp, 662(t5)
core   0: 3 0x8000bd6e (0x283f2b23) mem 0x8000d000 0x00000001
core   0: 0x8000bd72 (0x0000bfe5) c.j     pc - 8
core   0: 3 0x8000bd72 (0xbfe5)
core   0: 0x8000bd6a (0x00001f17) auipc   t5, 0x1
core   0: 3 0x8000bd6a (0x00001f17) x30 0x8000cd6a
core   0: 0x8000bd6e (0x283f2b23) sw      gp, 662(t5)
core   0: 3 0x8000bd6e (0x283f2b23) mem 0x8000d000 0x00000001
core   0: 0x8000bd72 (0x0000bfe5) c.j     pc - 8
core   0: 3 0x8000bd72 (0xbfe5)
core   0: 0x8000bd6a (0x00001f17) auipc   t5, 0x1
core   0: 3 0x8000bd6a (0x00001f17) x30 0x8000cd6a
core   0: 0x8000bd6e (0x283f2b23) sw      gp, 662(t5)
core   0: 3 0x8000bd6e (0x283f2b23) mem 0x8000d000 0x00000001
core   0: 0x8000bd72 (0x0000bfe5) c.j     pc - 8
core   0: 3 0x8000bd72 (0xbfe5)
core   0: 0x8000bd6a (0x00001f17) auipc   t5, 0x1
core   0: 3 0x8000bd6a (0x00001f17) x30 0x8000cd6a
core   0: 0x8000bd6e (0x283f2b23) sw      gp, 662(t5)
core   0: 3 0x8000bd6e (0x283f2b23) mem 0x8000d000 0x00000001
core   0: 0x8000bd72 (0x0000bfe5) c.j     pc - 8
core   0: 3 0x8000bd72 (0xbfe5)
core   0: 0x8000bd6a (0x00001f17) auipc   t5, 0x1
core   0: 3 0x8000bd6a (0x00001f17) x30 0x8000cd6a
core   0: 0x8000bd6e (0x283f2b23) sw      gp, 662(t5)
core   0: 3 0x8000bd6e (0x283f2b23) mem 0x8000d000 0x00000001
core   0: 0x8000bd72 (0x0000bfe5) c.j     pc - 8
core   0: 3 0x8000bd72 (0xbfe5)
core   0: 0x8000bd6a (0x00001f17) auipc   t5, 0x1
core   0: 3 0x8000bd6a (0x00001f17) x30 0x8000cd6a
core   0: 0x8000bd6e (0x283f2b23) sw      gp, 662(t5)
core   0: 3 0x8000bd6e (0x283f2b23) mem 0x8000d000 0x00000001
core   0: 0x8000bd72 (0x0000bfe5) c.j     pc - 8
core   0: 3 0x8000bd72 (0xbfe5)
core   0: 0x8000bd6a (0x00001f17) auipc   t5, 0x1
core   0: 3 0x8000bd6a (0x00001f17) x30 0x8000cd6a
core   0: 0x8000bd6e (0x283f2b23) sw      gp, 662(t5)
core   0: 3 0x8000bd6e (0x283f2b23) mem 0x8000d000 0x00000001
core   0: 0x8000bd72 (0x0000bfe5) c.j     pc - 8
core   0: 3 0x8000bd72 (0xbfe5)
core   0: 0x8000bd6a (0x00001f17) auipc   t5, 0x1
core   0: 3 0x8000bd6a (0x00001f17) x30 0x8000cd6a
core   0: 0x8000bd6e (0x283f2b23) sw      gp, 662(t5)
core   0: 3 0x8000bd6e (0x283f2b23) mem 0x8000d000 0x00000001
core   0: 0x8000bd72 (0x0000bfe5) c.j     pc - 8
core   0: 3 0x8000bd72 (0xbfe5)
core   0: 0x8000bd6a (0x00001f17) auipc   t5, 0x1
core   0: 3 0x8000bd6a (0x00001f17) x30 0x8000cd6a
core   0: 0x8000bd6e (0x283f2b23) sw      gp, 662(t5)
core   0: 3 0x8000bd6e (0x283f2b23) mem 0x8000d000 0x00000001
core   0: 0x8000bd72 (0x0000bfe5) c.j     pc - 8
core   0: 3 0x8000bd72 (0xbfe5)
core   0: 0x8000bd6a (0x00001f17) auipc   t5, 0x1
core   0: 3 0x8000bd6a (0x00001f17) x30 0x8000cd6a
core   0: 0x8000bd6e (0x283f2b23) sw      gp, 662(t5)
core   0: 3 0x8000bd6e (0x283f2b23) mem 0x8000d000 0x00000001
core   0: 0x8000bd72 (0x0000bfe5) c.j     pc - 8
core   0: 3 0x8000bd72 (0xbfe5)
core   0: 0x8000bd6a (0x00001f17) auipc   t5, 0x1
core   0: 3 0x8000bd6a (0x00001f17) x30 0x8000cd6a
core   0: 0x8000bd6e (0x283f2b23) sw      gp, 662(t5)
core   0: 3 0x8000bd6e (0x283f2b23) mem 0x8000d000 0x00000001
core   0: 0x8000bd72 (0x0000bfe5) c.j     pc - 8
core   0: 3 0x8000bd72 (0xbfe5)
core   0: 0x8000bd6a (0x00001f17) auipc   t5, 0x1
core   0: 3 0x8000bd6a (0x00001f17) x30 0x8000cd6a
core   0: 0x8000bd6e (0x283f2b23) sw      gp, 662(t5)
core   0: 3 0x8000bd6e (0x283f2b23) mem 0x8000d000 0x00000001
core   0: 0x8000bd72 (0x0000bfe5) c.j     pc - 8
core   0: 3 0x8000bd72 (0xbfe5)
core   0: 0x8000bd6a (0x00001f17) auipc   t5, 0x1
core   0: 3 0x8000bd6a (0x00001f17) x30 0x8000cd6a
core   0: 0x8000bd6e (0x283f2b23) sw      gp, 662(t5)
core   0: 3 0x8000bd6e (0x283f2b23) mem 0x8000d000 0x00000001
core   0: 0x8000bd72 (0x0000bfe5) c.j     pc - 8
core   0: 3 0x8000bd72 (0xbfe5)
core   0: 0x8000bd6a (0x00001f17) auipc   t5, 0x1
core   0: 3 0x8000bd6a (0x00001f17) x30 0x8000cd6a
core   0: 0x8000bd6e (0x283f2b23) sw      gp, 662(t5)
core   0: 3 0x8000bd6e (0x283f2b23) mem 0x8000d000 0x00000001
core   0: 0x8000bd72 (0x0000bfe5) c.j     pc - 8
core   0: 3 0x8000bd72 (0xbfe5)
core   0: 0x8000bd6a (0x00001f17) auipc   t5, 0x1
core   0: 3 0x8000bd6a (0x00001f17) x30 0x8000cd6a
core   0: 0x8000bd6e (0x283f2b23) sw      gp, 662(t5)
core   0: 3 0x8000bd6e (0x283f2b23) mem 0x8000d000 0x00000001
core   0: 0x8000bd72 (0x0000bfe5) c.j     pc - 8
core   0: 3 0x8000bd72 (0xbfe5)
core   0: 0x8000bd6a (0x00001f17) auipc   t5, 0x1
core   0: 3 0x8000bd6a (0x00001f17) x30 0x8000cd6a
core   0: 0x8000bd6e (0x283f2b23) sw      gp, 662(t5)
core   0: 3 0x8000bd6e (0x283f2b23) mem 0x8000d000 0x00000001
core   0: 0x8000bd72 (0x0000bfe5) c.j     pc - 8
core   0: 3 0x8000bd72 (0xbfe5)
core   0: 0x8000bd6a (0x00001f17) auipc   t5, 0x1
core   0: 3 0x8000bd6a (0x00001f17) x30 0x8000cd6a
core   0: 0x8000bd6e (0x283f2b23) sw      gp, 662(t5)
core   0: 3 0x8000bd6e (0x283f2b23) mem 0x8000d000 0x00000001
core   0: 0x8000bd72 (0x0000bfe5) c.j     pc - 8
core   0: 3 0x8000bd72 (0xbfe5)
core   0: 0x8000bd6a (0x00001f17) auipc   t5, 0x1
core   0: 3 0x8000bd6a (0x00001f17) x30 0x8000cd6a
core   0: 0x8000bd6e (0x283f2b23) sw      gp, 662(t5)
core   0: 3 0x8000bd6e (0x283f2b23) mem 0x8000d000 0x00000001
core   0: 0x8000bd72 (0x0000bfe5) c.j     pc - 8
core   0: 3 0x8000bd72 (0xbfe5)
core   0: 0x8000bd6a (0x00001f17) auipc   t5, 0x1
core   0: 3 0x8000bd6a (0x00001f17) x30 0x8000cd6a
core   0: 0x8000bd6e (0x283f2b23) sw      gp, 662(t5)
core   0: 3 0x8000bd6e (0x283f2b23) mem 0x8000d000 0x00000001
core   0: 0x8000bd72 (0x0000bfe5) c.j     pc - 8
core   0: 3 0x8000bd72 (0xbfe5)
core   0: 0x8000bd6a (0x00001f17) auipc   t5, 0x1
core   0: 3 0x8000bd6a (0x00001f17) x30 0x8000cd6a
core   0: 0x8000bd6e (0x283f2b23) sw      gp, 662(t5)
core   0: 3 0x8000bd6e (0x283f2b23) mem 0x8000d000 0x00000001
core   0: 0x8000bd72 (0x0000bfe5) c.j     pc - 8
core   0: 3 0x8000bd72 (0xbfe5)
core   0: 0x8000bd6a (0x00001f17) auipc   t5, 0x1
core   0: 3 0x8000bd6a (0x00001f17) x30 0x8000cd6a
core   0: 0x8000bd6e (0x283f2b23) sw      gp, 662(t5)
core   0: 3 0x8000bd6e (0x283f2b23) mem 0x8000d000 0x00000001
core   0: 0x8000bd72 (0x0000bfe5) c.j     pc - 8
core   0: 3 0x8000bd72 (0xbfe5)
core   0: 0x8000bd6a (0x00001f17) auipc   t5, 0x1
core   0: 3 0x8000bd6a (0x00001f17) x30 0x8000cd6a
core   0: 0x8000bd6e (0x283f2b23) sw      gp, 662(t5)
core   0: 3 0x8000bd6e (0x283f2b23) mem 0x8000d000 0x00000001
core   0: 0x8000bd72 (0x0000bfe5) c.j     pc - 8
core   0: 3 0x8000bd72 (0xbfe5)
core   0: 0x8000bd6a (0x00001f17) auipc   t5, 0x1
core   0: 3 0x8000bd6a (0x00001f17) x30 0x8000cd6a
core   0: 0x8000bd6e (0x283f2b23) sw      gp, 662(t5)
core   0: 3 0x8000bd6e (0x283f2b23) mem 0x8000d000 0x00000001
core   0: 0x8000bd72 (0x0000bfe5) c.j     pc - 8
core   0: 3 0x8000bd72 (0xbfe5)
core   0: 0x8000bd6a (0x00001f17) auipc   t5, 0x1
core   0: 3 0x8000bd6a (0x00001f17) x30 0x8000cd6a
core   0: 0x8000bd6e (0x283f2b23) sw      gp, 662(t5)
core   0: 3 0x8000bd6e (0x283f2b23) mem 0x8000d000 0x00000001
core   0: 0x8000bd72 (0x0000bfe5) c.j     pc - 8
core   0: 3 0x8000bd72 (0xbfe5)
core   0: 0x8000bd6a (0x00001f17) auipc   t5, 0x1
core   0: 3 0x8000bd6a (0x00001f17) x30 0x8000cd6a
core   0: 0x8000bd6e (0x283f2b23) sw      gp, 662(t5)
core   0: 3 0x8000bd6e (0x283f2b23) mem 0x8000d000 0x00000001
core   0: 0x8000bd72 (0x0000bfe5) c.j     pc - 8
core   0: 3 0x8000bd72 (0xbfe5)
core   0: 0x8000bd6a (0x00001f17) auipc   t5, 0x1
core   0: 3 0x8000bd6a (0x00001f17) x30 0x8000cd6a
core   0: 0x8000bd6e (0x283f2b23) sw      gp, 662(t5)
core   0: 3 0x8000bd6e (0x283f2b23) mem 0x8000d000 0x00000001
core   0: 0x8000bd72 (0x0000bfe5) c.j     pc - 8
core   0: 3 0x8000bd72 (0xbfe5)
core   0: 0x8000bd6a (0x00001f17) auipc   t5, 0x1
core   0: 3 0x8000bd6a (0x00001f17) x30 0x8000cd6a
core   0: 0x8000bd6e (0x283f2b23) sw      gp, 662(t5)
core   0: 3 0x8000bd6e (0x283f2b23) mem 0x8000d000 0x00000001
core   0: 0x8000bd72 (0x0000bfe5) c.j     pc - 8
core   0: 3 0x8000bd72 (0xbfe5)
core   0: 0x8000bd6a (0x00001f17) auipc   t5, 0x1
core   0: 3 0x8000bd6a (0x00001f17) x30 0x8000cd6a
core   0: 0x8000bd6e (0x283f2b23) sw      gp, 662(t5)
core   0: 3 0x8000bd6e (0x283f2b23) mem 0x8000d000 0x00000001
core   0: 0x8000bd72 (0x0000bfe5) c.j     pc - 8
core   0: 3 0x8000bd72 (0xbfe5)
core   0: 0x8000bd6a (0x00001f17) auipc   t5, 0x1
core   0: 3 0x8000bd6a (0x00001f17) x30 0x8000cd6a
core   0: 0x8000bd6e (0x283f2b23) sw      gp, 662(t5)
core   0: 3 0x8000bd6e (0x283f2b23) mem 0x8000d000 0x00000001
core   0: 0x8000bd72 (0x0000bfe5) c.j     pc - 8
core   0: 3 0x8000bd72 (0xbfe5)
core   0: 0x8000bd6a (0x00001f17) auipc   t5, 0x1
core   0: 3 0x8000bd6a (0x00001f17) x30 0x8000cd6a
core   0: 0x8000bd6e (0x283f2b23) sw      gp, 662(t5)
core   0: 3 0x8000bd6e (0x283f2b23) mem 0x8000d000 0x00000001
core   0: 0x8000bd72 (0x0000bfe5) c.j     pc - 8
core   0: 3 0x8000bd72 (0xbfe5)
core   0: 0x8000bd6a (0x00001f17) auipc   t5, 0x1
core   0: 3 0x8000bd6a (0x00001f17) x30 0x8000cd6a
core   0: 0x8000bd6e (0x283f2b23) sw      gp, 662(t5)
core   0: 3 0x8000bd6e (0x283f2b23) mem 0x8000d000 0x00000001
core   0: 0x8000bd72 (0x0000bfe5) c.j     pc - 8
core   0: 3 0x8000bd72 (0xbfe5)
core   0: 0x8000bd6a (0x00001f17) auipc   t5, 0x1
core   0: 3 0x8000bd6a (0x00001f17) x30 0x8000cd6a
core   0: 0x8000bd6e (0x283f2b23) sw      gp, 662(t5)
core   0: 3 0x8000bd6e (0x283f2b23) mem 0x8000d000 0x00000001
core   0: 0x8000bd72 (0x0000bfe5) c.j     pc - 8
core   0: 3 0x8000bd72 (0xbfe5)
core   0: 0x8000bd6a (0x00001f17) auipc   t5, 0x1
core   0: 3 0x8000bd6a (0x00001f17) x30 0x8000cd6a
core   0: 0x8000bd6e (0x283f2b23) sw      gp, 662(t5)
core   0: 3 0x8000bd6e (0x283f2b23) mem 0x8000d000 0x00000001
core   0: 0x8000bd72 (0x0000bfe5) c.j     pc - 8
core   0: 3 0x8000bd72 (0xbfe5)
core   0: 0x8000bd6a (0x00001f17) auipc   t5, 0x1
core   0: 3 0x8000bd6a (0x00001f17) x30 0x8000cd6a
core   0: 0x8000bd6e (0x283f2b23) sw      gp, 662(t5)
core   0: 3 0x8000bd6e (0x283f2b23) mem 0x8000d000 0x00000001
core   0: 0x8000bd72 (0x0000bfe5) c.j     pc - 8
core   0: 3 0x8000bd72 (0xbfe5)
core   0: 0x8000bd6a (0x00001f17) auipc   t5, 0x1
core   0: 3 0x8000bd6a (0x00001f17) x30 0x8000cd6a
core   0: 0x8000bd6e (0x283f2b23) sw      gp, 662(t5)
core   0: 3 0x8000bd6e (0x283f2b23) mem 0x8000d000 0x00000001
core   0: 0x8000bd72 (0x0000bfe5) c.j     pc - 8
core   0: 3 0x8000bd72 (0xbfe5)
core   0: 0x8000bd6a (0x00001f17) auipc   t5, 0x1
core   0: 3 0x8000bd6a (0x00001f17) x30 0x8000cd6a
core   0: 0x8000bd6e (0x283f2b23) sw      gp, 662(t5)
core   0: 3 0x8000bd6e (0x283f2b23) mem 0x8000d000 0x00000001
core   0: 0x8000bd72 (0x0000bfe5) c.j     pc - 8
core   0: 3 0x8000bd72 (0xbfe5)
core   0: 0x8000bd6a (0x00001f17) auipc   t5, 0x1
core   0: 3 0x8000bd6a (0x00001f17) x30 0x8000cd6a
core   0: 0x8000bd6e (0x283f2b23) sw      gp, 662(t5)
core   0: 3 0x8000bd6e (0x283f2b23) mem 0x8000d000 0x00000001
core   0: 0x8000bd72 (0x0000bfe5) c.j     pc - 8
core   0: 3 0x8000bd72 (0xbfe5)
core   0: 0x8000bd6a (0x00001f17) auipc   t5, 0x1
core   0: 3 0x8000bd6a (0x00001f17) x30 0x8000cd6a
core   0: 0x8000bd6e (0x283f2b23) sw      gp, 662(t5)
core   0: 3 0x8000bd6e (0x283f2b23) mem 0x8000d000 0x00000001
core   0: 0x8000bd72 (0x0000bfe5) c.j     pc - 8
core   0: 3 0x8000bd72 (0xbfe5)
core   0: 0x8000bd6a (0x00001f17) auipc   t5, 0x1
core   0: 3 0x8000bd6a (0x00001f17) x30 0x8000cd6a
core   0: 0x8000bd6e (0x283f2b23) sw      gp, 662(t5)
core   0: 3 0x8000bd6e (0x283f2b23) mem 0x8000d000 0x00000001
core   0: 0x8000bd72 (0x0000bfe5) c.j     pc - 8
core   0: 3 0x8000bd72 (0xbfe5)
core   0: 0x8000bd6a (0x00001f17) auipc   t5, 0x1
core   0: 3 0x8000bd6a (0x00001f17) x30 0x8000cd6a
core   0: 0x8000bd6e (0x283f2b23) sw      gp, 662(t5)
core   0: 3 0x8000bd6e (0x283f2b23) mem 0x8000d000 0x00000001
core   0: 0x8000bd72 (0x0000bfe5) c.j     pc - 8
core   0: 3 0x8000bd72 (0xbfe5)
core   0: 0x8000bd6a (0x00001f17) auipc   t5, 0x1
core   0: 3 0x8000bd6a (0x00001f17) x30 0x8000cd6a
core   0: 0x8000bd6e (0x283f2b23) sw      gp, 662(t5)
core   0: 3 0x8000bd6e (0x283f2b23) mem 0x8000d000 0x00000001
core   0: 0x8000bd72 (0x0000bfe5) c.j     pc - 8
core   0: 3 0x8000bd72 (0xbfe5)
core   0: 0x8000bd6a (0x00001f17) auipc   t5, 0x1
core   0: 3 0x8000bd6a (0x00001f17) x30 0x8000cd6a
core   0: 0x8000bd6e (0x283f2b23) sw      gp, 662(t5)
core   0: 3 0x8000bd6e (0x283f2b23) mem 0x8000d000 0x00000001
core   0: 0x8000bd72 (0x0000bfe5) c.j     pc - 8
core   0: 3 0x8000bd72 (0xbfe5)
core   0: 0x8000bd6a (0x00001f17) auipc   t5, 0x1
core   0: 3 0x8000bd6a (0x00001f17) x30 0x8000cd6a
core   0: 0x8000bd6e (0x283f2b23) sw      gp, 662(t5)
core   0: 3 0x8000bd6e (0x283f2b23) mem 0x8000d000 0x00000001
core   0: 0x8000bd72 (0x0000bfe5) c.j     pc - 8
core   0: 3 0x8000bd72 (0xbfe5)
core   0: 0x8000bd6a (0x00001f17) auipc   t5, 0x1
core   0: 3 0x8000bd6a (0x00001f17) x30 0x8000cd6a
core   0: 0x8000bd6e (0x283f2b23) sw      gp, 662(t5)
core   0: 3 0x8000bd6e (0x283f2b23) mem 0x8000d000 0x00000001
core   0: 0x8000bd72 (0x0000bfe5) c.j     pc - 8
core   0: 3 0x8000bd72 (0xbfe5)
core   0: 0x8000bd6a (0x00001f17) auipc   t5, 0x1
core   0: 3 0x8000bd6a (0x00001f17) x30 0x8000cd6a
core   0: 0x8000bd6e (0x283f2b23) sw      gp, 662(t5)
core   0: 3 0x8000bd6e (0x283f2b23) mem 0x8000d000 0x00000001
core   0: 0x8000bd72 (0x0000bfe5) c.j     pc - 8
core   0: 3 0x8000bd72 (0xbfe5)
core   0: 0x8000bd6a (0x00001f17) auipc   t5, 0x1
core   0: 3 0x8000bd6a (0x00001f17) x30 0x8000cd6a
core   0: 0x8000bd6e (0x283f2b23) sw      gp, 662(t5)
core   0: 3 0x8000bd6e (0x283f2b23) mem 0x8000d000 0x00000001
core   0: 0x8000bd72 (0x0000bfe5) c.j     pc - 8
core   0: 3 0x8000bd72 (0xbfe5)
core   0: 0x8000bd6a (0x00001f17) auipc   t5, 0x1
core   0: 3 0x8000bd6a (0x00001f17) x30 0x8000cd6a
core   0: 0x8000bd6e (0x283f2b23) sw      gp, 662(t5)
core   0: 3 0x8000bd6e (0x283f2b23) mem 0x8000d000 0x00000001
core   0: 0x8000bd72 (0x0000bfe5) c.j     pc - 8
core   0: 3 0x8000bd72 (0xbfe5)
core   0: 0x8000bd6a (0x00001f17) auipc   t5, 0x1
core   0: 3 0x8000bd6a (0x00001f17) x30 0x8000cd6a
core   0: 0x8000bd6e (0x283f2b23) sw      gp, 662(t5)
core   0: 3 0x8000bd6e (0x283f2b23) mem 0x8000d000 0x00000001
core   0: 0x8000bd72 (0x0000bfe5) c.j     pc - 8
core   0: 3 0x8000bd72 (0xbfe5)
core   0: 0x8000bd6a (0x00001f17) auipc   t5, 0x1
core   0: 3 0x8000bd6a (0x00001f17) x30 0x8000cd6a
core   0: 0x8000bd6e (0x283f2b23) sw      gp, 662(t5)
core   0: 3 0x8000bd6e (0x283f2b23) mem 0x8000d000 0x00000001
core   0: 0x8000bd72 (0x0000bfe5) c.j     pc - 8
core   0: 3 0x8000bd72 (0xbfe5)
core   0: 0x8000bd6a (0x00001f17) auipc   t5, 0x1
core   0: 3 0x8000bd6a (0x00001f17) x30 0x8000cd6a
core   0: 0x8000bd6e (0x283f2b23) sw      gp, 662(t5)
core   0: 3 0x8000bd6e (0x283f2b23) mem 0x8000d000 0x00000001
core   0: 0x8000bd72 (0x0000bfe5) c.j     pc - 8
core   0: 3 0x8000bd72 (0xbfe5)
core   0: 0x8000bd6a (0x00001f17) auipc   t5, 0x1
core   0: 3 0x8000bd6a (0x00001f17) x30 0x8000cd6a
core   0: 0x8000bd6e (0x283f2b23) sw      gp, 662(t5)
core   0: 3 0x8000bd6e (0x283f2b23) mem 0x8000d000 0x00000001
core   0: 0x8000bd72 (0x0000bfe5) c.j     pc - 8
core   0: 3 0x8000bd72 (0xbfe5)
core   0: 0x8000bd6a (0x00001f17) auipc   t5, 0x1
core   0: 3 0x8000bd6a (0x00001f17) x30 0x8000cd6a
core   0: 0x8000bd6e (0x283f2b23) sw      gp, 662(t5)
core   0: 3 0x8000bd6e (0x283f2b23) mem 0x8000d000 0x00000001
core   0: 0x8000bd72 (0x0000bfe5) c.j     pc - 8
core   0: 3 0x8000bd72 (0xbfe5)
core   0: 0x8000bd6a (0x00001f17) auipc   t5, 0x1
core   0: 3 0x8000bd6a (0x00001f17) x30 0x8000cd6a
core   0: 0x8000bd6e (0x283f2b23) sw      gp, 662(t5)
core   0: 3 0x8000bd6e (0x283f2b23) mem 0x8000d000 0x00000001
core   0: 0x8000bd72 (0x0000bfe5) c.j     pc - 8
core   0: 3 0x8000bd72 (0xbfe5)
core   0: 0x8000bd6a (0x00001f17) auipc   t5, 0x1
core   0: 3 0x8000bd6a (0x00001f17) x30 0x8000cd6a
core   0: 0x8000bd6e (0x283f2b23) sw      gp, 662(t5)
core   0: 3 0x8000bd6e (0x283f2b23) mem 0x8000d000 0x00000001
core   0: 0x8000bd72 (0x0000bfe5) c.j     pc - 8
core   0: 3 0x8000bd72 (0xbfe5)
core   0: 0x8000bd6a (0x00001f17) auipc   t5, 0x1
core   0: 3 0x8000bd6a (0x00001f17) x30 0x8000cd6a
core   0: 0x8000bd6e (0x283f2b23) sw      gp, 662(t5)
core   0: 3 0x8000bd6e (0x283f2b23) mem 0x8000d000 0x00000001
core   0: 0x8000bd72 (0x0000bfe5) c.j     pc - 8
core   0: 3 0x8000bd72 (0xbfe5)
core   0: 0x8000bd6a (0x00001f17) auipc   t5, 0x1
core   0: 3 0x8000bd6a (0x00001f17) x30 0x8000cd6a
core   0: 0x8000bd6e (0x283f2b23) sw      gp, 662(t5)
core   0: 3 0x8000bd6e (0x283f2b23) mem 0x8000d000 0x00000001
core   0: 0x8000bd72 (0x0000bfe5) c.j     pc - 8
core   0: 3 0x8000bd72 (0xbfe5)
core   0: 0x8000bd6a (0x00001f17) auipc   t5, 0x1
core   0: 3 0x8000bd6a (0x00001f17) x30 0x8000cd6a
core   0: 0x8000bd6e (0x283f2b23) sw      gp, 662(t5)
core   0: 3 0x8000bd6e (0x283f2b23) mem 0x8000d000 0x00000001
core   0: 0x8000bd72 (0x0000bfe5) c.j     pc - 8
core   0: 3 0x8000bd72 (0xbfe5)
core   0: 0x8000bd6a (0x00001f17) auipc   t5, 0x1
core   0: 3 0x8000bd6a (0x00001f17) x30 0x8000cd6a
core   0: 0x8000bd6e (0x283f2b23) sw      gp, 662(t5)
core   0: 3 0x8000bd6e (0x283f2b23) mem 0x8000d000 0x00000001
core   0: 0x8000bd72 (0x0000bfe5) c.j     pc - 8
core   0: 3 0x8000bd72 (0xbfe5)
core   0: 0x8000bd6a (0x00001f17) auipc   t5, 0x1
core   0: 3 0x8000bd6a (0x00001f17) x30 0x8000cd6a
core   0: 0x8000bd6e (0x283f2b23) sw      gp, 662(t5)
core   0: 3 0x8000bd6e (0x283f2b23) mem 0x8000d000 0x00000001
core   0: 0x8000bd72 (0x0000bfe5) c.j     pc - 8
core   0: 3 0x8000bd72 (0xbfe5)
core   0: 0x8000bd6a (0x00001f17) auipc   t5, 0x1
core   0: 3 0x8000bd6a (0x00001f17) x30 0x8000cd6a
core   0: 0x8000bd6e (0x283f2b23) sw      gp, 662(t5)
core   0: 3 0x8000bd6e (0x283f2b23) mem 0x8000d000 0x00000001
core   0: 0x8000bd72 (0x0000bfe5) c.j     pc - 8
core   0: 3 0x8000bd72 (0xbfe5)
core   0: 0x8000bd6a (0x00001f17) auipc   t5, 0x1
core   0: 3 0x8000bd6a (0x00001f17) x30 0x8000cd6a
core   0: 0x8000bd6e (0x283f2b23) sw      gp, 662(t5)
core   0: 3 0x8000bd6e (0x283f2b23) mem 0x8000d000 0x00000001
core   0: 0x8000bd72 (0x0000bfe5) c.j     pc - 8
core   0: 3 0x8000bd72 (0xbfe5)
core   0: 0x8000bd6a (0x00001f17) auipc   t5, 0x1
core   0: 3 0x8000bd6a (0x00001f17) x30 0x8000cd6a
core   0: 0x8000bd6e (0x283f2b23) sw      gp, 662(t5)
core   0: 3 0x8000bd6e (0x283f2b23) mem 0x8000d000 0x00000001
core   0: 0x8000bd72 (0x0000bfe5) c.j     pc - 8
core   0: 3 0x8000bd72 (0xbfe5)
core   0: 0x8000bd6a (0x00001f17) auipc   t5, 0x1
core   0: 3 0x8000bd6a (0x00001f17) x30 0x8000cd6a
core   0: 0x8000bd6e (0x283f2b23) sw      gp, 662(t5)
core   0: 3 0x8000bd6e (0x283f2b23) mem 0x8000d000 0x00000001
core   0: 0x8000bd72 (0x0000bfe5) c.j     pc - 8
core   0: 3 0x8000bd72 (0xbfe5)
core   0: 0x8000bd6a (0x00001f17) auipc   t5, 0x1
core   0: 3 0x8000bd6a (0x00001f17) x30 0x8000cd6a
core   0: 0x8000bd6e (0x283f2b23) sw      gp, 662(t5)
core   0: 3 0x8000bd6e (0x283f2b23) mem 0x8000d000 0x00000001
core   0: 0x8000bd72 (0x0000bfe5) c.j     pc - 8
core   0: 3 0x8000bd72 (0xbfe5)
core   0: 0x8000bd6a (0x00001f17) auipc   t5, 0x1
core   0: 3 0x8000bd6a (0x00001f17) x30 0x8000cd6a
core   0: 0x8000bd6e (0x283f2b23) sw      gp, 662(t5)
core   0: 3 0x8000bd6e (0x283f2b23) mem 0x8000d000 0x00000001
core   0: 0x8000bd72 (0x0000bfe5) c.j     pc - 8
core   0: 3 0x8000bd72 (0xbfe5)
core   0: 0x8000bd6a (0x00001f17) auipc   t5, 0x1
core   0: 3 0x8000bd6a (0x00001f17) x30 0x8000cd6a
core   0: 0x8000bd6e (0x283f2b23) sw      gp, 662(t5)
core   0: 3 0x8000bd6e (0x283f2b23) mem 0x8000d000 0x00000001
core   0: 0x8000bd72 (0x0000bfe5) c.j     pc - 8
core   0: 3 0x8000bd72 (0xbfe5)
core   0: 0x8000bd6a (0x00001f17) auipc   t5, 0x1
core   0: 3 0x8000bd6a (0x00001f17) x30 0x8000cd6a
core   0: 0x8000bd6e (0x283f2b23) sw      gp, 662(t5)
core   0: 3 0x8000bd6e (0x283f2b23) mem 0x8000d000 0x00000001
core   0: 0x8000bd72 (0x0000bfe5) c.j     pc - 8
core   0: 3 0x8000bd72 (0xbfe5)
core   0: 0x8000bd6a (0x00001f17) auipc   t5, 0x1
core   0: 3 0x8000bd6a (0x00001f17) x30 0x8000cd6a
core   0: 0x8000bd6e (0x283f2b23) sw      gp, 662(t5)
core   0: 3 0x8000bd6e (0x283f2b23) mem 0x8000d000 0x00000001
core   0: 0x8000bd72 (0x0000bfe5) c.j     pc - 8
core   0: 3 0x8000bd72 (0xbfe5)
core   0: 0x8000bd6a (0x00001f17) auipc   t5, 0x1
core   0: 3 0x8000bd6a (0x00001f17) x30 0x8000cd6a
core   0: 0x8000bd6e (0x283f2b23) sw      gp, 662(t5)
core   0: 3 0x8000bd6e (0x283f2b23) mem 0x8000d000 0x00000001
core   0: 0x8000bd72 (0x0000bfe5) c.j     pc - 8
core   0: 3 0x8000bd72 (0xbfe5)
core   0: 0x8000bd6a (0x00001f17) auipc   t5, 0x1
core   0: 3 0x8000bd6a (0x00001f17) x30 0x8000cd6a
core   0: 0x8000bd6e (0x283f2b23) sw      gp, 662(t5)
core   0: 3 0x8000bd6e (0x283f2b23) mem 0x8000d000 0x00000001
core   0: 0x8000bd72 (0x0000bfe5) c.j     pc - 8
core   0: 3 0x8000bd72 (0xbfe5)
core   0: 0x8000bd6a (0x00001f17) auipc   t5, 0x1
core   0: 3 0x8000bd6a (0x00001f17) x30 0x8000cd6a
core   0: 0x8000bd6e (0x283f2b23) sw      gp, 662(t5)
core   0: 3 0x8000bd6e (0x283f2b23) mem 0x8000d000 0x00000001
core   0: 0x8000bd72 (0x0000bfe5) c.j     pc - 8
core   0: 3 0x8000bd72 (0xbfe5)
core   0: 0x8000bd6a (0x00001f17) auipc   t5, 0x1
core   0: 3 0x8000bd6a (0x00001f17) x30 0x8000cd6a
core   0: 0x8000bd6e (0x283f2b23) sw      gp, 662(t5)
core   0: 3 0x8000bd6e (0x283f2b23) mem 0x8000d000 0x00000001
core   0: 0x8000bd72 (0x0000bfe5) c.j     pc - 8
core   0: 3 0x8000bd72 (0xbfe5)
core   0: 0x8000bd6a (0x00001f17) auipc   t5, 0x1
core   0: 3 0x8000bd6a (0x00001f17) x30 0x8000cd6a
core   0: 0x8000bd6e (0x283f2b23) sw      gp, 662(t5)
core   0: 3 0x8000bd6e (0x283f2b23) mem 0x8000d000 0x00000001
core   0: 0x8000bd72 (0x0000bfe5) c.j     pc - 8
core   0: 3 0x8000bd72 (0xbfe5)
core   0: 0x8000bd6a (0x00001f17) auipc   t5, 0x1
core   0: 3 0x8000bd6a (0x00001f17) x30 0x8000cd6a
core   0: 0x8000bd6e (0x283f2b23) sw      gp, 662(t5)
core   0: 3 0x8000bd6e (0x283f2b23) mem 0x8000d000 0x00000001
core   0: 0x8000bd72 (0x0000bfe5) c.j     pc - 8
core   0: 3 0x8000bd72 (0xbfe5)
core   0: 0x8000bd6a (0x00001f17) auipc   t5, 0x1
core   0: 3 0x8000bd6a (0x00001f17) x30 0x8000cd6a
core   0: 0x8000bd6e (0x283f2b23) sw      gp, 662(t5)
core   0: 3 0x8000bd6e (0x283f2b23) mem 0x8000d000 0x00000001
core   0: 0x8000bd72 (0x0000bfe5) c.j     pc - 8
core   0: 3 0x8000bd72 (0xbfe5)
core   0: 0x8000bd6a (0x00001f17) auipc   t5, 0x1
core   0: 3 0x8000bd6a (0x00001f17) x30 0x8000cd6a
core   0: 0x8000bd6e (0x283f2b23) sw      gp, 662(t5)
core   0: 3 0x8000bd6e (0x283f2b23) mem 0x8000d000 0x00000001
core   0: 0x8000bd72 (0x0000bfe5) c.j     pc - 8
core   0: 3 0x8000bd72 (0xbfe5)
core   0: 0x8000bd6a (0x00001f17) auipc   t5, 0x1
core   0: 3 0x8000bd6a (0x00001f17) x30 0x8000cd6a
core   0: 0x8000bd6e (0x283f2b23) sw      gp, 662(t5)
core   0: 3 0x8000bd6e (0x283f2b23) mem 0x8000d000 0x00000001
core   0: 0x8000bd72 (0x0000bfe5) c.j     pc - 8
core   0: 3 0x8000bd72 (0xbfe5)
core   0: 0x8000bd6a (0x00001f17) auipc   t5, 0x1
core   0: 3 0x8000bd6a (0x00001f17) x30 0x8000cd6a
core   0: 0x8000bd6e (0x283f2b23) sw      gp, 662(t5)
core   0: 3 0x8000bd6e (0x283f2b23) mem 0x8000d000 0x00000001
core   0: 0x8000bd72 (0x0000bfe5) c.j     pc - 8
core   0: 3 0x8000bd72 (0xbfe5)
core   0: 0x8000bd6a (0x00001f17) auipc   t5, 0x1
core   0: 3 0x8000bd6a (0x00001f17) x30 0x8000cd6a
core   0: 0x8000bd6e (0x283f2b23) sw      gp, 662(t5)
core   0: 3 0x8000bd6e (0x283f2b23) mem 0x8000d000 0x00000001
core   0: 0x8000bd72 (0x0000bfe5) c.j     pc - 8
core   0: 3 0x8000bd72 (0xbfe5)
core   0: 0x8000bd6a (0x00001f17) auipc   t5, 0x1
core   0: 3 0x8000bd6a (0x00001f17) x30 0x8000cd6a
core   0: 0x8000bd6e (0x283f2b23) sw      gp, 662(t5)
core   0: 3 0x8000bd6e (0x283f2b23) mem 0x8000d000 0x00000001
core   0: 0x8000bd72 (0x0000bfe5) c.j     pc - 8
core   0: 3 0x8000bd72 (0xbfe5)
core   0: 0x8000bd6a (0x00001f17) auipc   t5, 0x1
core   0: 3 0x8000bd6a (0x00001f17) x30 0x8000cd6a
core   0: 0x8000bd6e (0x283f2b23) sw      gp, 662(t5)
core   0: 3 0x8000bd6e (0x283f2b23) mem 0x8000d000 0x00000001
core   0: 0x8000bd72 (0x0000bfe5) c.j     pc - 8
core   0: 3 0x8000bd72 (0xbfe5)
core   0: 0x8000bd6a (0x00001f17) auipc   t5, 0x1
core   0: 3 0x8000bd6a (0x00001f17) x30 0x8000cd6a
core   0: 0x8000bd6e (0x283f2b23) sw      gp, 662(t5)
core   0: 3 0x8000bd6e (0x283f2b23) mem 0x8000d000 0x00000001
core   0: 0x8000bd72 (0x0000bfe5) c.j     pc - 8
core   0: 3 0x8000bd72 (0xbfe5)
core   0: 0x8000bd6a (0x00001f17) auipc   t5, 0x1
core   0: 3 0x8000bd6a (0x00001f17) x30 0x8000cd6a
core   0: 0x8000bd6e (0x283f2b23) sw      gp, 662(t5)
core   0: 3 0x8000bd6e (0x283f2b23) mem 0x8000d000 0x00000001
core   0: 0x8000bd72 (0x0000bfe5) c.j     pc - 8
core   0: 3 0x8000bd72 (0xbfe5)
core   0: 0x8000bd6a (0x00001f17) auipc   t5, 0x1
core   0: 3 0x8000bd6a (0x00001f17) x30 0x8000cd6a
core   0: 0x8000bd6e (0x283f2b23) sw      gp, 662(t5)
core   0: 3 0x8000bd6e (0x283f2b23) mem 0x8000d000 0x00000001
core   0: 0x8000bd72 (0x0000bfe5) c.j     pc - 8
core   0: 3 0x8000bd72 (0xbfe5)
core   0: 0x8000bd6a (0x00001f17) auipc   t5, 0x1
core   0: 3 0x8000bd6a (0x00001f17) x30 0x8000cd6a
core   0: 0x8000bd6e (0x283f2b23) sw      gp, 662(t5)
core   0: 3 0x8000bd6e (0x283f2b23) mem 0x8000d000 0x00000001
core   0: 0x8000bd72 (0x0000bfe5) c.j     pc - 8
core   0: 3 0x8000bd72 (0xbfe5)
core   0: 0x8000bd6a (0x00001f17) auipc   t5, 0x1
core   0: 3 0x8000bd6a (0x00001f17) x30 0x8000cd6a
core   0: 0x8000bd6e (0x283f2b23) sw      gp, 662(t5)
core   0: 3 0x8000bd6e (0x283f2b23) mem 0x8000d000 0x00000001
core   0: 0x8000bd72 (0x0000bfe5) c.j     pc - 8
core   0: 3 0x8000bd72 (0xbfe5)
core   0: 0x8000bd6a (0x00001f17) auipc   t5, 0x1
core   0: 3 0x8000bd6a (0x00001f17) x30 0x8000cd6a
core   0: 0x8000bd6e (0x283f2b23) sw      gp, 662(t5)
core   0: 3 0x8000bd6e (0x283f2b23) mem 0x8000d000 0x00000001
core   0: 0x8000bd72 (0x0000bfe5) c.j     pc - 8
core   0: 3 0x8000bd72 (0xbfe5)
core   0: 0x8000bd6a (0x00001f17) auipc   t5, 0x1
core   0: 3 0x8000bd6a (0x00001f17) x30 0x8000cd6a
core   0: 0x8000bd6e (0x283f2b23) sw      gp, 662(t5)
core   0: 3 0x8000bd6e (0x283f2b23) mem 0x8000d000 0x00000001
core   0: 0x8000bd72 (0x0000bfe5) c.j     pc - 8
core   0: 3 0x8000bd72 (0xbfe5)
core   0: 0x8000bd6a (0x00001f17) auipc   t5, 0x1
core   0: 3 0x8000bd6a (0x00001f17) x30 0x8000cd6a
core   0: 0x8000bd6e (0x283f2b23) sw      gp, 662(t5)
core   0: 3 0x8000bd6e (0x283f2b23) mem 0x8000d000 0x00000001
core   0: 0x8000bd72 (0x0000bfe5) c.j     pc - 8
core   0: 3 0x8000bd72 (0xbfe5)
core   0: 0x8000bd6a (0x00001f17) auipc   t5, 0x1
core   0: 3 0x8000bd6a (0x00001f17) x30 0x8000cd6a
core   0: 0x8000bd6e (0x283f2b23) sw      gp, 662(t5)
core   0: 3 0x8000bd6e (0x283f2b23) mem 0x8000d000 0x00000001
core   0: 0x8000bd72 (0x0000bfe5) c.j     pc - 8
core   0: 3 0x8000bd72 (0xbfe5)
core   0: 0x8000bd6a (0x00001f17) auipc   t5, 0x1
core   0: 3 0x8000bd6a (0x00001f17) x30 0x8000cd6a
core   0: 0x8000bd6e (0x283f2b23) sw      gp, 662(t5)
core   0: 3 0x8000bd6e (0x283f2b23) mem 0x8000d000 0x00000001
core   0: 0x8000bd72 (0x0000bfe5) c.j     pc - 8
core   0: 3 0x8000bd72 (0xbfe5)
core   0: 0x8000bd6a (0x00001f17) auipc   t5, 0x1
core   0: 3 0x8000bd6a (0x00001f17) x30 0x8000cd6a
core   0: 0x8000bd6e (0x283f2b23) sw      gp, 662(t5)
core   0: 3 0x8000bd6e (0x283f2b23) mem 0x8000d000 0x00000001
core   0: 0x8000bd72 (0x0000bfe5) c.j     pc - 8
core   0: 3 0x8000bd72 (0xbfe5)
core   0: 0x8000bd6a (0x00001f17) auipc   t5, 0x1
core   0: 3 0x8000bd6a (0x00001f17) x30 0x8000cd6a
core   0: 0x8000bd6e (0x283f2b23) sw      gp, 662(t5)
core   0: 3 0x8000bd6e (0x283f2b23) mem 0x8000d000 0x00000001
core   0: 0x8000bd72 (0x0000bfe5) c.j     pc - 8
core   0: 3 0x8000bd72 (0xbfe5)
core   0: 0x8000bd6a (0x00001f17) auipc   t5, 0x1
core   0: 3 0x8000bd6a (0x00001f17) x30 0x8000cd6a
core   0: 0x8000bd6e (0x283f2b23) sw      gp, 662(t5)
core   0: 3 0x8000bd6e (0x283f2b23) mem 0x8000d000 0x00000001
core   0: 0x8000bd72 (0x0000bfe5) c.j     pc - 8
core   0: 3 0x8000bd72 (0xbfe5)
core   0: 0x8000bd6a (0x00001f17) auipc   t5, 0x1
core   0: 3 0x8000bd6a (0x00001f17) x30 0x8000cd6a
core   0: 0x8000bd6e (0x283f2b23) sw      gp, 662(t5)
core   0: 3 0x8000bd6e (0x283f2b23) mem 0x8000d000 0x00000001
core   0: 0x8000bd72 (0x0000bfe5) c.j     pc - 8
core   0: 3 0x8000bd72 (0xbfe5)
core   0: 0x8000bd6a (0x00001f17) auipc   t5, 0x1
core   0: 3 0x8000bd6a (0x00001f17) x30 0x8000cd6a
core   0: 0x8000bd6e (0x283f2b23) sw      gp, 662(t5)
core   0: 3 0x8000bd6e (0x283f2b23) mem 0x8000d000 0x00000001
core   0: 0x8000bd72 (0x0000bfe5) c.j     pc - 8
core   0: 3 0x8000bd72 (0xbfe5)
core   0: 0x8000bd6a (0x00001f17) auipc   t5, 0x1
core   0: 3 0x8000bd6a (0x00001f17) x30 0x8000cd6a
core   0: 0x8000bd6e (0x283f2b23) sw      gp, 662(t5)
core   0: 3 0x8000bd6e (0x283f2b23) mem 0x8000d000 0x00000001
core   0: 0x8000bd72 (0x0000bfe5) c.j     pc - 8
core   0: 3 0x8000bd72 (0xbfe5)
core   0: 0x8000bd6a (0x00001f17) auipc   t5, 0x1
core   0: 3 0x8000bd6a (0x00001f17) x30 0x8000cd6a
core   0: 0x8000bd6e (0x283f2b23) sw      gp, 662(t5)
core   0: 3 0x8000bd6e (0x283f2b23) mem 0x8000d000 0x00000001
core   0: 0x8000bd72 (0x0000bfe5) c.j     pc - 8
core   0: 3 0x8000bd72 (0xbfe5)
core   0: 0x8000bd6a (0x00001f17) auipc   t5, 0x1
core   0: 3 0x8000bd6a (0x00001f17) x30 0x8000cd6a
core   0: 0x8000bd6e (0x283f2b23) sw      gp, 662(t5)
core   0: 3 0x8000bd6e (0x283f2b23) mem 0x8000d000 0x00000001
core   0: 0x8000bd72 (0x0000bfe5) c.j     pc - 8
core   0: 3 0x8000bd72 (0xbfe5)
core   0: 0x8000bd6a (0x00001f17) auipc   t5, 0x1
core   0: 3 0x8000bd6a (0x00001f17) x30 0x8000cd6a
core   0: 0x8000bd6e (0x283f2b23) sw      gp, 662(t5)
core   0: 3 0x8000bd6e (0x283f2b23) mem 0x8000d000 0x00000001
core   0: 0x8000bd72 (0x0000bfe5) c.j     pc - 8
core   0: 3 0x8000bd72 (0xbfe5)
core   0: 0x8000bd6a (0x00001f17) auipc   t5, 0x1
core   0: 3 0x8000bd6a (0x00001f17) x30 0x8000cd6a
core   0: 0x8000bd6e (0x283f2b23) sw      gp, 662(t5)
core   0: 3 0x8000bd6e (0x283f2b23) mem 0x8000d000 0x00000001
core   0: 0x8000bd72 (0x0000bfe5) c.j     pc - 8
core   0: 3 0x8000bd72 (0xbfe5)
core   0: 0x8000bd6a (0x00001f17) auipc   t5, 0x1
core   0: 3 0x8000bd6a (0x00001f17) x30 0x8000cd6a
core   0: 0x8000bd6e (0x283f2b23) sw      gp, 662(t5)
core   0: 3 0x8000bd6e (0x283f2b23) mem 0x8000d000 0x00000001
core   0: 0x8000bd72 (0x0000bfe5) c.j     pc - 8
core   0: 3 0x8000bd72 (0xbfe5)
core   0: 0x8000bd6a (0x00001f17) auipc   t5, 0x1
core   0: 3 0x8000bd6a (0x00001f17) x30 0x8000cd6a
core   0: 0x8000bd6e (0x283f2b23) sw      gp, 662(t5)
core   0: 3 0x8000bd6e (0x283f2b23) mem 0x8000d000 0x00000001
core   0: 0x8000bd72 (0x0000bfe5) c.j     pc - 8
core   0: 3 0x8000bd72 (0xbfe5)
core   0: 0x8000bd6a (0x00001f17) auipc   t5, 0x1
core   0: 3 0x8000bd6a (0x00001f17) x30 0x8000cd6a
core   0: 0x8000bd6e (0x283f2b23) sw      gp, 662(t5)
core   0: 3 0x8000bd6e (0x283f2b23) mem 0x8000d000 0x00000001
core   0: 0x8000bd72 (0x0000bfe5) c.j     pc - 8
core   0: 3 0x8000bd72 (0xbfe5)
core   0: 0x8000bd6a (0x00001f17) auipc   t5, 0x1
core   0: 3 0x8000bd6a (0x00001f17) x30 0x8000cd6a
core   0: 0x8000bd6e (0x283f2b23) sw      gp, 662(t5)
core   0: 3 0x8000bd6e (0x283f2b23) mem 0x8000d000 0x00000001
core   0: 0x8000bd72 (0x0000bfe5) c.j     pc - 8
core   0: 3 0x8000bd72 (0xbfe5)
core   0: 0x8000bd6a (0x00001f17) auipc   t5, 0x1
core   0: 3 0x8000bd6a (0x00001f17) x30 0x8000cd6a
core   0: 0x8000bd6e (0x283f2b23) sw      gp, 662(t5)
core   0: 3 0x8000bd6e (0x283f2b23) mem 0x8000d000 0x00000001
core   0: 0x8000bd72 (0x0000bfe5) c.j     pc - 8
core   0: 3 0x8000bd72 (0xbfe5)
core   0: 0x8000bd6a (0x00001f17) auipc   t5, 0x1
core   0: 3 0x8000bd6a (0x00001f17) x30 0x8000cd6a
core   0: 0x8000bd6e (0x283f2b23) sw      gp, 662(t5)
core   0: 3 0x8000bd6e (0x283f2b23) mem 0x8000d000 0x00000001
core   0: 0x8000bd72 (0x0000bfe5) c.j     pc - 8
core   0: 3 0x8000bd72 (0xbfe5)
core   0: 0x8000bd6a (0x00001f17) auipc   t5, 0x1
core   0: 3 0x8000bd6a (0x00001f17) x30 0x8000cd6a
core   0: 0x8000bd6e (0x283f2b23) sw      gp, 662(t5)
core   0: 3 0x8000bd6e (0x283f2b23) mem 0x8000d000 0x00000001
core   0: 0x8000bd72 (0x0000bfe5) c.j     pc - 8
core   0: 3 0x8000bd72 (0xbfe5)
core   0: 0x8000bd6a (0x00001f17) auipc   t5, 0x1
core   0: 3 0x8000bd6a (0x00001f17) x30 0x8000cd6a
core   0: 0x8000bd6e (0x283f2b23) sw      gp, 662(t5)
core   0: 3 0x8000bd6e (0x283f2b23) mem 0x8000d000 0x00000001
core   0: 0x8000bd72 (0x0000bfe5) c.j     pc - 8
core   0: 3 0x8000bd72 (0xbfe5)
core   0: 0x8000bd6a (0x00001f17) auipc   t5, 0x1
core   0: 3 0x8000bd6a (0x00001f17) x30 0x8000cd6a
core   0: 0x8000bd6e (0x283f2b23) sw      gp, 662(t5)
core   0: 3 0x8000bd6e (0x283f2b23) mem 0x8000d000 0x00000001
core   0: 0x8000bd72 (0x0000bfe5) c.j     pc - 8
core   0: 3 0x8000bd72 (0xbfe5)
core   0: 0x8000bd6a (0x00001f17) auipc   t5, 0x1
core   0: 3 0x8000bd6a (0x00001f17) x30 0x8000cd6a
core   0: 0x8000bd6e (0x283f2b23) sw      gp, 662(t5)
core   0: 3 0x8000bd6e (0x283f2b23) mem 0x8000d000 0x00000001
core   0: 0x8000bd72 (0x0000bfe5) c.j     pc - 8
core   0: 3 0x8000bd72 (0xbfe5)
core   0: 0x8000bd6a (0x00001f17) auipc   t5, 0x1
core   0: 3 0x8000bd6a (0x00001f17) x30 0x8000cd6a
core   0: 0x8000bd6e (0x283f2b23) sw      gp, 662(t5)
core   0: 3 0x8000bd6e (0x283f2b23) mem 0x8000d000 0x00000001
core   0: 0x8000bd72 (0x0000bfe5) c.j     pc - 8
core   0: 3 0x8000bd72 (0xbfe5)
core   0: 0x8000bd6a (0x00001f17) auipc   t5, 0x1
core   0: 3 0x8000bd6a (0x00001f17) x30 0x8000cd6a
core   0: 0x8000bd6e (0x283f2b23) sw      gp, 662(t5)
core   0: 3 0x8000bd6e (0x283f2b23) mem 0x8000d000 0x00000001
core   0: 0x8000bd72 (0x0000bfe5) c.j     pc - 8
core   0: 3 0x8000bd72 (0xbfe5)
core   0: 0x8000bd6a (0x00001f17) auipc   t5, 0x1
core   0: 3 0x8000bd6a (0x00001f17) x30 0x8000cd6a
core   0: 0x8000bd6e (0x283f2b23) sw      gp, 662(t5)
core   0: 3 0x8000bd6e (0x283f2b23) mem 0x8000d000 0x00000001
core   0: 0x8000bd72 (0x0000bfe5) c.j     pc - 8
core   0: 3 0x8000bd72 (0xbfe5)
core   0: 0x8000bd6a (0x00001f17) auipc   t5, 0x1
core   0: 3 0x8000bd6a (0x00001f17) x30 0x8000cd6a
core   0: 0x8000bd6e (0x283f2b23) sw      gp, 662(t5)
core   0: 3 0x8000bd6e (0x283f2b23) mem 0x8000d000 0x00000001
core   0: 0x8000bd72 (0x0000bfe5) c.j     pc - 8
core   0: 3 0x8000bd72 (0xbfe5)
core   0: 0x8000bd6a (0x00001f17) auipc   t5, 0x1
core   0: 3 0x8000bd6a (0x00001f17) x30 0x8000cd6a
core   0: 0x8000bd6e (0x283f2b23) sw      gp, 662(t5)
core   0: 3 0x8000bd6e (0x283f2b23) mem 0x8000d000 0x00000001
core   0: 0x8000bd72 (0x0000bfe5) c.j     pc - 8
core   0: 3 0x8000bd72 (0xbfe5)
core   0: 0x8000bd6a (0x00001f17) auipc   t5, 0x1
core   0: 3 0x8000bd6a (0x00001f17) x30 0x8000cd6a
core   0: 0x8000bd6e (0x283f2b23) sw      gp, 662(t5)
core   0: 3 0x8000bd6e (0x283f2b23) mem 0x8000d000 0x00000001
core   0: 0x8000bd72 (0x0000bfe5) c.j     pc - 8
core   0: 3 0x8000bd72 (0xbfe5)
core   0: 0x8000bd6a (0x00001f17) auipc   t5, 0x1
core   0: 3 0x8000bd6a (0x00001f17) x30 0x8000cd6a
core   0: 0x8000bd6e (0x283f2b23) sw      gp, 662(t5)
core   0: 3 0x8000bd6e (0x283f2b23) mem 0x8000d000 0x00000001
core   0: 0x8000bd72 (0x0000bfe5) c.j     pc - 8
core   0: 3 0x8000bd72 (0xbfe5)
core   0: 0x8000bd6a (0x00001f17) auipc   t5, 0x1
core   0: 3 0x8000bd6a (0x00001f17) x30 0x8000cd6a
core   0: 0x8000bd6e (0x283f2b23) sw      gp, 662(t5)
core   0: 3 0x8000bd6e (0x283f2b23) mem 0x8000d000 0x00000001
core   0: 0x8000bd72 (0x0000bfe5) c.j     pc - 8
core   0: 3 0x8000bd72 (0xbfe5)
core   0: 0x8000bd6a (0x00001f17) auipc   t5, 0x1
core   0: 3 0x8000bd6a (0x00001f17) x30 0x8000cd6a
core   0: 0x8000bd6e (0x283f2b23) sw      gp, 662(t5)
core   0: 3 0x8000bd6e (0x283f2b23) mem 0x8000d000 0x00000001
core   0: 0x8000bd72 (0x0000bfe5) c.j     pc - 8
core   0: 3 0x8000bd72 (0xbfe5)
core   0: 0x8000bd6a (0x00001f17) auipc   t5, 0x1
core   0: 3 0x8000bd6a (0x00001f17) x30 0x8000cd6a
core   0: 0x8000bd6e (0x283f2b23) sw      gp, 662(t5)
core   0: 3 0x8000bd6e (0x283f2b23) mem 0x8000d000 0x00000001
core   0: 0x8000bd72 (0x0000bfe5) c.j     pc - 8
core   0: 3 0x8000bd72 (0xbfe5)
core   0: 0x8000bd6a (0x00001f17) auipc   t5, 0x1
core   0: 3 0x8000bd6a (0x00001f17) x30 0x8000cd6a
core   0: 0x8000bd6e (0x283f2b23) sw      gp, 662(t5)
core   0: 3 0x8000bd6e (0x283f2b23) mem 0x8000d000 0x00000001
core   0: 0x8000bd72 (0x0000bfe5) c.j     pc - 8
core   0: 3 0x8000bd72 (0xbfe5)
core   0: 0x8000bd6a (0x00001f17) auipc   t5, 0x1
core   0: 3 0x8000bd6a (0x00001f17) x30 0x8000cd6a
core   0: 0x8000bd6e (0x283f2b23) sw      gp, 662(t5)
core   0: 3 0x8000bd6e (0x283f2b23) mem 0x8000d000 0x00000001
core   0: 0x8000bd72 (0x0000bfe5) c.j     pc - 8
core   0: 3 0x8000bd72 (0xbfe5)
core   0: 0x8000bd6a (0x00001f17) auipc   t5, 0x1
core   0: 3 0x8000bd6a (0x00001f17) x30 0x8000cd6a
core   0: 0x8000bd6e (0x283f2b23) sw      gp, 662(t5)
core   0: 3 0x8000bd6e (0x283f2b23) mem 0x8000d000 0x00000001
core   0: 0x8000bd72 (0x0000bfe5) c.j     pc - 8
core   0: 3 0x8000bd72 (0xbfe5)
core   0: 0x8000bd6a (0x00001f17) auipc   t5, 0x1
core   0: 3 0x8000bd6a (0x00001f17) x30 0x8000cd6a
core   0: 0x8000bd6e (0x283f2b23) sw      gp, 662(t5)
core   0: 3 0x8000bd6e (0x283f2b23) mem 0x8000d000 0x00000001
core   0: 0x8000bd72 (0x0000bfe5) c.j     pc - 8
core   0: 3 0x8000bd72 (0xbfe5)
core   0: 0x8000bd6a (0x00001f17) auipc   t5, 0x1
core   0: 3 0x8000bd6a (0x00001f17) x30 0x8000cd6a
core   0: 0x8000bd6e (0x283f2b23) sw      gp, 662(t5)
core   0: 3 0x8000bd6e (0x283f2b23) mem 0x8000d000 0x00000001
core   0: 0x8000bd72 (0x0000bfe5) c.j     pc - 8
core   0: 3 0x8000bd72 (0xbfe5)
core   0: 0x8000bd6a (0x00001f17) auipc   t5, 0x1
core   0: 3 0x8000bd6a (0x00001f17) x30 0x8000cd6a
core   0: 0x8000bd6e (0x283f2b23) sw      gp, 662(t5)
core   0: 3 0x8000bd6e (0x283f2b23) mem 0x8000d000 0x00000001
core   0: 0x8000bd72 (0x0000bfe5) c.j     pc - 8
core   0: 3 0x8000bd72 (0xbfe5)
core   0: 0x8000bd6a (0x00001f17) auipc   t5, 0x1
core   0: 3 0x8000bd6a (0x00001f17) x30 0x8000cd6a
core   0: 0x8000bd6e (0x283f2b23) sw      gp, 662(t5)
core   0: 3 0x8000bd6e (0x283f2b23) mem 0x8000d000 0x00000001
core   0: 0x8000bd72 (0x0000bfe5) c.j     pc - 8
core   0: 3 0x8000bd72 (0xbfe5)
core   0: 0x8000bd6a (0x00001f17) auipc   t5, 0x1
core   0: 3 0x8000bd6a (0x00001f17) x30 0x8000cd6a
core   0: 0x8000bd6e (0x283f2b23) sw      gp, 662(t5)
core   0: 3 0x8000bd6e (0x283f2b23) mem 0x8000d000 0x00000001
core   0: 0x8000bd72 (0x0000bfe5) c.j     pc - 8
core   0: 3 0x8000bd72 (0xbfe5)
core   0: 0x8000bd6a (0x00001f17) auipc   t5, 0x1
core   0: 3 0x8000bd6a (0x00001f17) x30 0x8000cd6a
core   0: 0x8000bd6e (0x283f2b23) sw      gp, 662(t5)
core   0: 3 0x8000bd6e (0x283f2b23) mem 0x8000d000 0x00000001
core   0: 0x8000bd72 (0x0000bfe5) c.j     pc - 8
core   0: 3 0x8000bd72 (0xbfe5)
core   0: 0x8000bd6a (0x00001f17) auipc   t5, 0x1
core   0: 3 0x8000bd6a (0x00001f17) x30 0x8000cd6a
core   0: 0x8000bd6e (0x283f2b23) sw      gp, 662(t5)
core   0: 3 0x8000bd6e (0x283f2b23) mem 0x8000d000 0x00000001
core   0: 0x8000bd72 (0x0000bfe5) c.j     pc - 8
core   0: 3 0x8000bd72 (0xbfe5)
core   0: 0x8000bd6a (0x00001f17) auipc   t5, 0x1
core   0: 3 0x8000bd6a (0x00001f17) x30 0x8000cd6a
core   0: 0x8000bd6e (0x283f2b23) sw      gp, 662(t5)
core   0: 3 0x8000bd6e (0x283f2b23) mem 0x8000d000 0x00000001
core   0: 0x8000bd72 (0x0000bfe5) c.j     pc - 8
core   0: 3 0x8000bd72 (0xbfe5)
core   0: 0x8000bd6a (0x00001f17) auipc   t5, 0x1
core   0: 3 0x8000bd6a (0x00001f17) x30 0x8000cd6a
core   0: 0x8000bd6e (0x283f2b23) sw      gp, 662(t5)
core   0: 3 0x8000bd6e (0x283f2b23) mem 0x8000d000 0x00000001
core   0: 0x8000bd72 (0x0000bfe5) c.j     pc - 8
core   0: 3 0x8000bd72 (0xbfe5)
core   0: 0x8000bd6a (0x00001f17) auipc   t5, 0x1
core   0: 3 0x8000bd6a (0x00001f17) x30 0x8000cd6a
core   0: 0x8000bd6e (0x283f2b23) sw      gp, 662(t5)
core   0: 3 0x8000bd6e (0x283f2b23) mem 0x8000d000 0x00000001
core   0: 0x8000bd72 (0x0000bfe5) c.j     pc - 8
core   0: 3 0x8000bd72 (0xbfe5)
core   0: 0x8000bd6a (0x00001f17) auipc   t5, 0x1
core   0: 3 0x8000bd6a (0x00001f17) x30 0x8000cd6a
core   0: 0x8000bd6e (0x283f2b23) sw      gp, 662(t5)
core   0: 3 0x8000bd6e (0x283f2b23) mem 0x8000d000 0x00000001
core   0: 0x8000bd72 (0x0000bfe5) c.j     pc - 8
core   0: 3 0x8000bd72 (0xbfe5)
core   0: 0x8000bd6a (0x00001f17) auipc   t5, 0x1
core   0: 3 0x8000bd6a (0x00001f17) x30 0x8000cd6a
core   0: 0x8000bd6e (0x283f2b23) sw      gp, 662(t5)
core   0: 3 0x8000bd6e (0x283f2b23) mem 0x8000d000 0x00000001
core   0: 0x8000bd72 (0x0000bfe5) c.j     pc - 8
core   0: 3 0x8000bd72 (0xbfe5)
core   0: 0x8000bd6a (0x00001f17) auipc   t5, 0x1
core   0: 3 0x8000bd6a (0x00001f17) x30 0x8000cd6a
core   0: 0x8000bd6e (0x283f2b23) sw      gp, 662(t5)
core   0: 3 0x8000bd6e (0x283f2b23) mem 0x8000d000 0x00000001
core   0: 0x8000bd72 (0x0000bfe5) c.j     pc - 8
core   0: 3 0x8000bd72 (0xbfe5)
core   0: 0x8000bd6a (0x00001f17) auipc   t5, 0x1
core   0: 3 0x8000bd6a (0x00001f17) x30 0x8000cd6a
core   0: 0x8000bd6e (0x283f2b23) sw      gp, 662(t5)
core   0: 3 0x8000bd6e (0x283f2b23) mem 0x8000d000 0x00000001
core   0: 0x8000bd72 (0x0000bfe5) c.j     pc - 8
core   0: 3 0x8000bd72 (0xbfe5)
core   0: 0x8000bd6a (0x00001f17) auipc   t5, 0x1
core   0: 3 0x8000bd6a (0x00001f17) x30 0x8000cd6a
core   0: 0x8000bd6e (0x283f2b23) sw      gp, 662(t5)
core   0: 3 0x8000bd6e (0x283f2b23) mem 0x8000d000 0x00000001
core   0: 0x8000bd72 (0x0000bfe5) c.j     pc - 8
core   0: 3 0x8000bd72 (0xbfe5)
core   0: 0x8000bd6a (0x00001f17) auipc   t5, 0x1
core   0: 3 0x8000bd6a (0x00001f17) x30 0x8000cd6a
core   0: 0x8000bd6e (0x283f2b23) sw      gp, 662(t5)
core   0: 3 0x8000bd6e (0x283f2b23) mem 0x8000d000 0x00000001
core   0: 0x8000bd72 (0x0000bfe5) c.j     pc - 8
core   0: 3 0x8000bd72 (0xbfe5)
core   0: 0x8000bd6a (0x00001f17) auipc   t5, 0x1
core   0: 3 0x8000bd6a (0x00001f17) x30 0x8000cd6a
core   0: 0x8000bd6e (0x283f2b23) sw      gp, 662(t5)
core   0: 3 0x8000bd6e (0x283f2b23) mem 0x8000d000 0x00000001
core   0: 0x8000bd72 (0x0000bfe5) c.j     pc - 8
core   0: 3 0x8000bd72 (0xbfe5)
core   0: 0x8000bd6a (0x00001f17) auipc   t5, 0x1
core   0: 3 0x8000bd6a (0x00001f17) x30 0x8000cd6a
core   0: 0x8000bd6e (0x283f2b23) sw      gp, 662(t5)
core   0: 3 0x8000bd6e (0x283f2b23) mem 0x8000d000 0x00000001
core   0: 0x8000bd72 (0x0000bfe5) c.j     pc - 8
core   0: 3 0x8000bd72 (0xbfe5)
core   0: 0x8000bd6a (0x00001f17) auipc   t5, 0x1
core   0: 3 0x8000bd6a (0x00001f17) x30 0x8000cd6a
core   0: 0x8000bd6e (0x283f2b23) sw      gp, 662(t5)
core   0: 3 0x8000bd6e (0x283f2b23) mem 0x8000d000 0x00000001
core   0: 0x8000bd72 (0x0000bfe5) c.j     pc - 8
core   0: 3 0x8000bd72 (0xbfe5)
core   0: 0x8000bd6a (0x00001f17) auipc   t5, 0x1
core   0: 3 0x8000bd6a (0x00001f17) x30 0x8000cd6a
core   0: 0x8000bd6e (0x283f2b23) sw      gp, 662(t5)
core   0: 3 0x8000bd6e (0x283f2b23) mem 0x8000d000 0x00000001
core   0: 0x8000bd72 (0x0000bfe5) c.j     pc - 8
core   0: 3 0x8000bd72 (0xbfe5)
core   0: 0x8000bd6a (0x00001f17) auipc   t5, 0x1
core   0: 3 0x8000bd6a (0x00001f17) x30 0x8000cd6a
core   0: 0x8000bd6e (0x283f2b23) sw      gp, 662(t5)
core   0: 3 0x8000bd6e (0x283f2b23) mem 0x8000d000 0x00000001
core   0: 0x8000bd72 (0x0000bfe5) c.j     pc - 8
core   0: 3 0x8000bd72 (0xbfe5)
core   0: 0x8000bd6a (0x00001f17) auipc   t5, 0x1
core   0: 3 0x8000bd6a (0x00001f17) x30 0x8000cd6a
core   0: 0x8000bd6e (0x283f2b23) sw      gp, 662(t5)
core   0: 3 0x8000bd6e (0x283f2b23) mem 0x8000d000 0x00000001
core   0: 0x8000bd72 (0x0000bfe5) c.j     pc - 8
core   0: 3 0x8000bd72 (0xbfe5)
core   0: 0x8000bd6a (0x00001f17) auipc   t5, 0x1
core   0: 3 0x8000bd6a (0x00001f17) x30 0x8000cd6a
core   0: 0x8000bd6e (0x283f2b23) sw      gp, 662(t5)
core   0: 3 0x8000bd6e (0x283f2b23) mem 0x8000d000 0x00000001
core   0: 0x8000bd72 (0x0000bfe5) c.j     pc - 8
core   0: 3 0x8000bd72 (0xbfe5)
core   0: 0x8000bd6a (0x00001f17) auipc   t5, 0x1
core   0: 3 0x8000bd6a (0x00001f17) x30 0x8000cd6a
core   0: 0x8000bd6e (0x283f2b23) sw      gp, 662(t5)
core   0: 3 0x8000bd6e (0x283f2b23) mem 0x8000d000 0x00000001
core   0: 0x8000bd72 (0x0000bfe5) c.j     pc - 8
core   0: 3 0x8000bd72 (0xbfe5)
core   0: 0x8000bd6a (0x00001f17) auipc   t5, 0x1
core   0: 3 0x8000bd6a (0x00001f17) x30 0x8000cd6a
core   0: 0x8000bd6e (0x283f2b23) sw      gp, 662(t5)
core   0: 3 0x8000bd6e (0x283f2b23) mem 0x8000d000 0x00000001
core   0: 0x8000bd72 (0x0000bfe5) c.j     pc - 8
core   0: 3 0x8000bd72 (0xbfe5)
core   0: 0x8000bd6a (0x00001f17) auipc   t5, 0x1
core   0: 3 0x8000bd6a (0x00001f17) x30 0x8000cd6a
core   0: 0x8000bd6e (0x283f2b23) sw      gp, 662(t5)
core   0: 3 0x8000bd6e (0x283f2b23) mem 0x8000d000 0x00000001
core   0: 0x8000bd72 (0x0000bfe5) c.j     pc - 8
core   0: 3 0x8000bd72 (0xbfe5)
core   0: 0x8000bd6a (0x00001f17) auipc   t5, 0x1
core   0: 3 0x8000bd6a (0x00001f17) x30 0x8000cd6a
core   0: 0x8000bd6e (0x283f2b23) sw      gp, 662(t5)
core   0: 3 0x8000bd6e (0x283f2b23) mem 0x8000d000 0x00000001
core   0: 0x8000bd72 (0x0000bfe5) c.j     pc - 8
core   0: 3 0x8000bd72 (0xbfe5)
core   0: 0x8000bd6a (0x00001f17) auipc   t5, 0x1
core   0: 3 0x8000bd6a (0x00001f17) x30 0x8000cd6a
core   0: 0x8000bd6e (0x283f2b23) sw      gp, 662(t5)
core   0: 3 0x8000bd6e (0x283f2b23) mem 0x8000d000 0x00000001
core   0: 0x8000bd72 (0x0000bfe5) c.j     pc - 8
core   0: 3 0x8000bd72 (0xbfe5)
core   0: 0x8000bd6a (0x00001f17) auipc   t5, 0x1
core   0: 3 0x8000bd6a (0x00001f17) x30 0x8000cd6a
core   0: 0x8000bd6e (0x283f2b23) sw      gp, 662(t5)
core   0: 3 0x8000bd6e (0x283f2b23) mem 0x8000d000 0x00000001
core   0: 0x8000bd72 (0x0000bfe5) c.j     pc - 8
core   0: 3 0x8000bd72 (0xbfe5)
core   0: 0x8000bd6a (0x00001f17) auipc   t5, 0x1
core   0: 3 0x8000bd6a (0x00001f17) x30 0x8000cd6a
core   0: 0x8000bd6e (0x283f2b23) sw      gp, 662(t5)
core   0: 3 0x8000bd6e (0x283f2b23) mem 0x8000d000 0x00000001
core   0: 0x8000bd72 (0x0000bfe5) c.j     pc - 8
core   0: 3 0x8000bd72 (0xbfe5)
core   0: 0x8000bd6a (0x00001f17) auipc   t5, 0x1
core   0: 3 0x8000bd6a (0x00001f17) x30 0x8000cd6a
core   0: 0x8000bd6e (0x283f2b23) sw      gp, 662(t5)
core   0: 3 0x8000bd6e (0x283f2b23) mem 0x8000d000 0x00000001
core   0: 0x8000bd72 (0x0000bfe5) c.j     pc - 8
core   0: 3 0x8000bd72 (0xbfe5)
core   0: 0x8000bd6a (0x00001f17) auipc   t5, 0x1
core   0: 3 0x8000bd6a (0x00001f17) x30 0x8000cd6a
core   0: 0x8000bd6e (0x283f2b23) sw      gp, 662(t5)
core   0: 3 0x8000bd6e (0x283f2b23) mem 0x8000d000 0x00000001
core   0: 0x8000bd72 (0x0000bfe5) c.j     pc - 8
core   0: 3 0x8000bd72 (0xbfe5)
core   0: 0x8000bd6a (0x00001f17) auipc   t5, 0x1
core   0: 3 0x8000bd6a (0x00001f17) x30 0x8000cd6a
core   0: 0x8000bd6e (0x283f2b23) sw      gp, 662(t5)
core   0: 3 0x8000bd6e (0x283f2b23) mem 0x8000d000 0x00000001
core   0: 0x8000bd72 (0x0000bfe5) c.j     pc - 8
core   0: 3 0x8000bd72 (0xbfe5)
core   0: 0x8000bd6a (0x00001f17) auipc   t5, 0x1
core   0: 3 0x8000bd6a (0x00001f17) x30 0x8000cd6a
core   0: 0x8000bd6e (0x283f2b23) sw      gp, 662(t5)
core   0: 3 0x8000bd6e (0x283f2b23) mem 0x8000d000 0x00000001
core   0: 0x8000bd72 (0x0000bfe5) c.j     pc - 8
core   0: 3 0x8000bd72 (0xbfe5)
core   0: 0x8000bd6a (0x00001f17) auipc   t5, 0x1
core   0: 3 0x8000bd6a (0x00001f17) x30 0x8000cd6a
core   0: 0x8000bd6e (0x283f2b23) sw      gp, 662(t5)
core   0: 3 0x8000bd6e (0x283f2b23) mem 0x8000d000 0x00000001
core   0: 0x8000bd72 (0x0000bfe5) c.j     pc - 8
core   0: 3 0x8000bd72 (0xbfe5)
core   0: 0x8000bd6a (0x00001f17) auipc   t5, 0x1
core   0: 3 0x8000bd6a (0x00001f17) x30 0x8000cd6a
core   0: 0x8000bd6e (0x283f2b23) sw      gp, 662(t5)
core   0: 3 0x8000bd6e (0x283f2b23) mem 0x8000d000 0x00000001
core   0: 0x8000bd72 (0x0000bfe5) c.j     pc - 8
core   0: 3 0x8000bd72 (0xbfe5)
core   0: 0x8000bd6a (0x00001f17) auipc   t5, 0x1
core   0: 3 0x8000bd6a (0x00001f17) x30 0x8000cd6a
core   0: 0x8000bd6e (0x283f2b23) sw      gp, 662(t5)
core   0: 3 0x8000bd6e (0x283f2b23) mem 0x8000d000 0x00000001
core   0: 0x8000bd72 (0x0000bfe5) c.j     pc - 8
core   0: 3 0x8000bd72 (0xbfe5)
core   0: 0x8000bd6a (0x00001f17) auipc   t5, 0x1
core   0: 3 0x8000bd6a (0x00001f17) x30 0x8000cd6a
core   0: 0x8000bd6e (0x283f2b23) sw      gp, 662(t5)
core   0: 3 0x8000bd6e (0x283f2b23) mem 0x8000d000 0x00000001
core   0: 0x8000bd72 (0x0000bfe5) c.j     pc - 8
core   0: 3 0x8000bd72 (0xbfe5)
core   0: 0x8000bd6a (0x00001f17) auipc   t5, 0x1
core   0: 3 0x8000bd6a (0x00001f17) x30 0x8000cd6a
core   0: 0x8000bd6e (0x283f2b23) sw      gp, 662(t5)
core   0: 3 0x8000bd6e (0x283f2b23) mem 0x8000d000 0x00000001
core   0: 0x8000bd72 (0x0000bfe5) c.j     pc - 8
core   0: 3 0x8000bd72 (0xbfe5)
core   0: 0x8000bd6a (0x00001f17) auipc   t5, 0x1
core   0: 3 0x8000bd6a (0x00001f17) x30 0x8000cd6a
core   0: 0x8000bd6e (0x283f2b23) sw      gp, 662(t5)
core   0: 3 0x8000bd6e (0x283f2b23) mem 0x8000d000 0x00000001
core   0: 0x8000bd72 (0x0000bfe5) c.j     pc - 8
core   0: 3 0x8000bd72 (0xbfe5)
core   0: 0x8000bd6a (0x00001f17) auipc   t5, 0x1
core   0: 3 0x8000bd6a (0x00001f17) x30 0x8000cd6a
core   0: 0x8000bd6e (0x283f2b23) sw      gp, 662(t5)
core   0: 3 0x8000bd6e (0x283f2b23) mem 0x8000d000 0x00000001
core   0: 0x8000bd72 (0x0000bfe5) c.j     pc - 8
core   0: 3 0x8000bd72 (0xbfe5)
core   0: 0x8000bd6a (0x00001f17) auipc   t5, 0x1
core   0: 3 0x8000bd6a (0x00001f17) x30 0x8000cd6a
core   0: 0x8000bd6e (0x283f2b23) sw      gp, 662(t5)
core   0: 3 0x8000bd6e (0x283f2b23) mem 0x8000d000 0x00000001
core   0: 0x8000bd72 (0x0000bfe5) c.j     pc - 8
core   0: 3 0x8000bd72 (0xbfe5)
core   0: 0x8000bd6a (0x00001f17) auipc   t5, 0x1
core   0: 3 0x8000bd6a (0x00001f17) x30 0x8000cd6a
core   0: 0x8000bd6e (0x283f2b23) sw      gp, 662(t5)
core   0: 3 0x8000bd6e (0x283f2b23) mem 0x8000d000 0x00000001
core   0: 0x8000bd72 (0x0000bfe5) c.j     pc - 8
core   0: 3 0x8000bd72 (0xbfe5)
core   0: 0x8000bd6a (0x00001f17) auipc   t5, 0x1
core   0: 3 0x8000bd6a (0x00001f17) x30 0x8000cd6a
core   0: 0x8000bd6e (0x283f2b23) sw      gp, 662(t5)
core   0: 3 0x8000bd6e (0x283f2b23) mem 0x8000d000 0x00000001
core   0: 0x8000bd72 (0x0000bfe5) c.j     pc - 8
core   0: 3 0x8000bd72 (0xbfe5)
core   0: 0x8000bd6a (0x00001f17) auipc   t5, 0x1
core   0: 3 0x8000bd6a (0x00001f17) x30 0x8000cd6a
core   0: 0x8000bd6e (0x283f2b23) sw      gp, 662(t5)
core   0: 3 0x8000bd6e (0x283f2b23) mem 0x8000d000 0x00000001
core   0: 0x8000bd72 (0x0000bfe5) c.j     pc - 8
core   0: 3 0x8000bd72 (0xbfe5)
core   0: 0x8000bd6a (0x00001f17) auipc   t5, 0x1
core   0: 3 0x8000bd6a (0x00001f17) x30 0x8000cd6a
core   0: 0x8000bd6e (0x283f2b23) sw      gp, 662(t5)
core   0: 3 0x8000bd6e (0x283f2b23) mem 0x8000d000 0x00000001
core   0: 0x8000bd72 (0x0000bfe5) c.j     pc - 8
core   0: 3 0x8000bd72 (0xbfe5)
core   0: 0x8000bd6a (0x00001f17) auipc   t5, 0x1
core   0: 3 0x8000bd6a (0x00001f17) x30 0x8000cd6a
core   0: 0x8000bd6e (0x283f2b23) sw      gp, 662(t5)
core   0: 3 0x8000bd6e (0x283f2b23) mem 0x8000d000 0x00000001
core   0: 0x8000bd72 (0x0000bfe5) c.j     pc - 8
core   0: 3 0x8000bd72 (0xbfe5)
core   0: 0x8000bd6a (0x00001f17) auipc   t5, 0x1
core   0: 3 0x8000bd6a (0x00001f17) x30 0x8000cd6a
core   0: 0x8000bd6e (0x283f2b23) sw      gp, 662(t5)
core   0: 3 0x8000bd6e (0x283f2b23) mem 0x8000d000 0x00000001
core   0: 0x8000bd72 (0x0000bfe5) c.j     pc - 8
core   0: 3 0x8000bd72 (0xbfe5)
core   0: 0x8000bd6a (0x00001f17) auipc   t5, 0x1
core   0: 3 0x8000bd6a (0x00001f17) x30 0x8000cd6a
core   0: 0x8000bd6e (0x283f2b23) sw      gp, 662(t5)
core   0: 3 0x8000bd6e (0x283f2b23) mem 0x8000d000 0x00000001
core   0: 0x8000bd72 (0x0000bfe5) c.j     pc - 8
core   0: 3 0x8000bd72 (0xbfe5)
core   0: 0x8000bd6a (0x00001f17) auipc   t5, 0x1
core   0: 3 0x8000bd6a (0x00001f17) x30 0x8000cd6a
core   0: 0x8000bd6e (0x283f2b23) sw      gp, 662(t5)
core   0: 3 0x8000bd6e (0x283f2b23) mem 0x8000d000 0x00000001
core   0: 0x8000bd72 (0x0000bfe5) c.j     pc - 8
core   0: 3 0x8000bd72 (0xbfe5)
core   0: 0x8000bd6a (0x00001f17) auipc   t5, 0x1
core   0: 3 0x8000bd6a (0x00001f17) x30 0x8000cd6a
core   0: 0x8000bd6e (0x283f2b23) sw      gp, 662(t5)
core   0: 3 0x8000bd6e (0x283f2b23) mem 0x8000d000 0x00000001
core   0: 0x8000bd72 (0x0000bfe5) c.j     pc - 8
core   0: 3 0x8000bd72 (0xbfe5)
core   0: 0x8000bd6a (0x00001f17) auipc   t5, 0x1
core   0: 3 0x8000bd6a (0x00001f17) x30 0x8000cd6a
core   0: 0x8000bd6e (0x283f2b23) sw      gp, 662(t5)
core   0: 3 0x8000bd6e (0x283f2b23) mem 0x8000d000 0x00000001
core   0: 0x8000bd72 (0x0000bfe5) c.j     pc - 8
core   0: 3 0x8000bd72 (0xbfe5)
core   0: 0x8000bd6a (0x00001f17) auipc   t5, 0x1
core   0: 3 0x8000bd6a (0x00001f17) x30 0x8000cd6a
core   0: 0x8000bd6e (0x283f2b23) sw      gp, 662(t5)
core   0: 3 0x8000bd6e (0x283f2b23) mem 0x8000d000 0x00000001
core   0: 0x8000bd72 (0x0000bfe5) c.j     pc - 8
core   0: 3 0x8000bd72 (0xbfe5)
core   0: 0x8000bd6a (0x00001f17) auipc   t5, 0x1
core   0: 3 0x8000bd6a (0x00001f17) x30 0x8000cd6a
core   0: 0x8000bd6e (0x283f2b23) sw      gp, 662(t5)
core   0: 3 0x8000bd6e (0x283f2b23) mem 0x8000d000 0x00000001
core   0: 0x8000bd72 (0x0000bfe5) c.j     pc - 8
core   0: 3 0x8000bd72 (0xbfe5)
core   0: 0x8000bd6a (0x00001f17) auipc   t5, 0x1
core   0: 3 0x8000bd6a (0x00001f17) x30 0x8000cd6a
core   0: 0x8000bd6e (0x283f2b23) sw      gp, 662(t5)
core   0: 3 0x8000bd6e (0x283f2b23) mem 0x8000d000 0x00000001
core   0: 0x8000bd72 (0x0000bfe5) c.j     pc - 8
core   0: 3 0x8000bd72 (0xbfe5)
core   0: 0x8000bd6a (0x00001f17) auipc   t5, 0x1
core   0: 3 0x8000bd6a (0x00001f17) x30 0x8000cd6a
core   0: 0x8000bd6e (0x283f2b23) sw      gp, 662(t5)
core   0: 3 0x8000bd6e (0x283f2b23) mem 0x8000d000 0x00000001
core   0: 0x8000bd72 (0x0000bfe5) c.j     pc - 8
core   0: 3 0x8000bd72 (0xbfe5)
core   0: 0x8000bd6a (0x00001f17) auipc   t5, 0x1
core   0: 3 0x8000bd6a (0x00001f17) x30 0x8000cd6a
core   0: 0x8000bd6e (0x283f2b23) sw      gp, 662(t5)
core   0: 3 0x8000bd6e (0x283f2b23) mem 0x8000d000 0x00000001
core   0: 0x8000bd72 (0x0000bfe5) c.j     pc - 8
core   0: 3 0x8000bd72 (0xbfe5)
core   0: 0x8000bd6a (0x00001f17) auipc   t5, 0x1
core   0: 3 0x8000bd6a (0x00001f17) x30 0x8000cd6a
core   0: 0x8000bd6e (0x283f2b23) sw      gp, 662(t5)
core   0: 3 0x8000bd6e (0x283f2b23) mem 0x8000d000 0x00000001
core   0: 0x8000bd72 (0x0000bfe5) c.j     pc - 8
core   0: 3 0x8000bd72 (0xbfe5)
core   0: 0x8000bd6a (0x00001f17) auipc   t5, 0x1
core   0: 3 0x8000bd6a (0x00001f17) x30 0x8000cd6a
core   0: 0x8000bd6e (0x283f2b23) sw      gp, 662(t5)
core   0: 3 0x8000bd6e (0x283f2b23) mem 0x8000d000 0x00000001
core   0: 0x8000bd72 (0x0000bfe5) c.j     pc - 8
core   0: 3 0x8000bd72 (0xbfe5)
core   0: 0x8000bd6a (0x00001f17) auipc   t5, 0x1
core   0: 3 0x8000bd6a (0x00001f17) x30 0x8000cd6a
core   0: 0x8000bd6e (0x283f2b23) sw      gp, 662(t5)
core   0: 3 0x8000bd6e (0x283f2b23) mem 0x8000d000 0x00000001
core   0: 0x8000bd72 (0x0000bfe5) c.j     pc - 8
core   0: 3 0x8000bd72 (0xbfe5)
core   0: 0x8000bd6a (0x00001f17) auipc   t5, 0x1
core   0: 3 0x8000bd6a (0x00001f17) x30 0x8000cd6a
core   0: 0x8000bd6e (0x283f2b23) sw      gp, 662(t5)
core   0: 3 0x8000bd6e (0x283f2b23) mem 0x8000d000 0x00000001
core   0: 0x8000bd72 (0x0000bfe5) c.j     pc - 8
core   0: 3 0x8000bd72 (0xbfe5)
core   0: 0x8000bd6a (0x00001f17) auipc   t5, 0x1
core   0: 3 0x8000bd6a (0x00001f17) x30 0x8000cd6a
core   0: 0x8000bd6e (0x283f2b23) sw      gp, 662(t5)
core   0: 3 0x8000bd6e (0x283f2b23) mem 0x8000d000 0x00000001
core   0: 0x8000bd72 (0x0000bfe5) c.j     pc - 8
core   0: 3 0x8000bd72 (0xbfe5)
core   0: 0x8000bd6a (0x00001f17) auipc   t5, 0x1
core   0: 3 0x8000bd6a (0x00001f17) x30 0x8000cd6a
core   0: 0x8000bd6e (0x283f2b23) sw      gp, 662(t5)
core   0: 3 0x8000bd6e (0x283f2b23) mem 0x8000d000 0x00000001
core   0: 0x8000bd72 (0x0000bfe5) c.j     pc - 8
core   0: 3 0x8000bd72 (0xbfe5)
core   0: 0x8000bd6a (0x00001f17) auipc   t5, 0x1
core   0: 3 0x8000bd6a (0x00001f17) x30 0x8000cd6a
core   0: 0x8000bd6e (0x283f2b23) sw      gp, 662(t5)
core   0: 3 0x8000bd6e (0x283f2b23) mem 0x8000d000 0x00000001
core   0: 0x8000bd72 (0x0000bfe5) c.j     pc - 8
core   0: 3 0x8000bd72 (0xbfe5)
core   0: 0x8000bd6a (0x00001f17) auipc   t5, 0x1
core   0: 3 0x8000bd6a (0x00001f17) x30 0x8000cd6a
core   0: 0x8000bd6e (0x283f2b23) sw      gp, 662(t5)
core   0: 3 0x8000bd6e (0x283f2b23) mem 0x8000d000 0x00000001
core   0: 0x8000bd72 (0x0000bfe5) c.j     pc - 8
core   0: 3 0x8000bd72 (0xbfe5)
core   0: 0x8000bd6a (0x00001f17) auipc   t5, 0x1
core   0: 3 0x8000bd6a (0x00001f17) x30 0x8000cd6a
core   0: 0x8000bd6e (0x283f2b23) sw      gp, 662(t5)
core   0: 3 0x8000bd6e (0x283f2b23) mem 0x8000d000 0x00000001
core   0: 0x8000bd72 (0x0000bfe5) c.j     pc - 8
core   0: 3 0x8000bd72 (0xbfe5)
core   0: 0x8000bd6a (0x00001f17) auipc   t5, 0x1
core   0: 3 0x8000bd6a (0x00001f17) x30 0x8000cd6a
core   0: 0x8000bd6e (0x283f2b23) sw      gp, 662(t5)
core   0: 3 0x8000bd6e (0x283f2b23) mem 0x8000d000 0x00000001
core   0: 0x8000bd72 (0x0000bfe5) c.j     pc - 8
core   0: 3 0x8000bd72 (0xbfe5)
core   0: 0x8000bd6a (0x00001f17) auipc   t5, 0x1
core   0: 3 0x8000bd6a (0x00001f17) x30 0x8000cd6a
core   0: 0x8000bd6e (0x283f2b23) sw      gp, 662(t5)
core   0: 3 0x8000bd6e (0x283f2b23) mem 0x8000d000 0x00000001
core   0: 0x8000bd72 (0x0000bfe5) c.j     pc - 8
core   0: 3 0x8000bd72 (0xbfe5)
core   0: 0x8000bd6a (0x00001f17) auipc   t5, 0x1
core   0: 3 0x8000bd6a (0x00001f17) x30 0x8000cd6a
core   0: 0x8000bd6e (0x283f2b23) sw      gp, 662(t5)
core   0: 3 0x8000bd6e (0x283f2b23) mem 0x8000d000 0x00000001
core   0: 0x8000bd72 (0x0000bfe5) c.j     pc - 8
core   0: 3 0x8000bd72 (0xbfe5)
core   0: 0x8000bd6a (0x00001f17) auipc   t5, 0x1
core   0: 3 0x8000bd6a (0x00001f17) x30 0x8000cd6a
core   0: 0x8000bd6e (0x283f2b23) sw      gp, 662(t5)
core   0: 3 0x8000bd6e (0x283f2b23) mem 0x8000d000 0x00000001
core   0: 0x8000bd72 (0x0000bfe5) c.j     pc - 8
core   0: 3 0x8000bd72 (0xbfe5)
core   0: 0x8000bd6a (0x00001f17) auipc   t5, 0x1
core   0: 3 0x8000bd6a (0x00001f17) x30 0x8000cd6a
core   0: 0x8000bd6e (0x283f2b23) sw      gp, 662(t5)
core   0: 3 0x8000bd6e (0x283f2b23) mem 0x8000d000 0x00000001
core   0: 0x8000bd72 (0x0000bfe5) c.j     pc - 8
core   0: 3 0x8000bd72 (0xbfe5)
core   0: 0x8000bd6a (0x00001f17) auipc   t5, 0x1
core   0: 3 0x8000bd6a (0x00001f17) x30 0x8000cd6a
core   0: 0x8000bd6e (0x283f2b23) sw      gp, 662(t5)
core   0: 3 0x8000bd6e (0x283f2b23) mem 0x8000d000 0x00000001
core   0: 0x8000bd72 (0x0000bfe5) c.j     pc - 8
core   0: 3 0x8000bd72 (0xbfe5)
core   0: 0x8000bd6a (0x00001f17) auipc   t5, 0x1
core   0: 3 0x8000bd6a (0x00001f17) x30 0x8000cd6a
core   0: 0x8000bd6e (0x283f2b23) sw      gp, 662(t5)
core   0: 3 0x8000bd6e (0x283f2b23) mem 0x8000d000 0x00000001
core   0: 0x8000bd72 (0x0000bfe5) c.j     pc - 8
core   0: 3 0x8000bd72 (0xbfe5)
core   0: 0x8000bd6a (0x00001f17) auipc   t5, 0x1
core   0: 3 0x8000bd6a (0x00001f17) x30 0x8000cd6a
core   0: 0x8000bd6e (0x283f2b23) sw      gp, 662(t5)
core   0: 3 0x8000bd6e (0x283f2b23) mem 0x8000d000 0x00000001
core   0: 0x8000bd72 (0x0000bfe5) c.j     pc - 8
core   0: 3 0x8000bd72 (0xbfe5)
core   0: 0x8000bd6a (0x00001f17) auipc   t5, 0x1
core   0: 3 0x8000bd6a (0x00001f17) x30 0x8000cd6a
core   0: 0x8000bd6e (0x283f2b23) sw      gp, 662(t5)
core   0: 3 0x8000bd6e (0x283f2b23) mem 0x8000d000 0x00000001
core   0: 0x8000bd72 (0x0000bfe5) c.j     pc - 8
core   0: 3 0x8000bd72 (0xbfe5)
core   0: 0x8000bd6a (0x00001f17) auipc   t5, 0x1
core   0: 3 0x8000bd6a (0x00001f17) x30 0x8000cd6a
core   0: 0x8000bd6e (0x283f2b23) sw      gp, 662(t5)
core   0: 3 0x8000bd6e (0x283f2b23) mem 0x8000d000 0x00000001
core   0: 0x8000bd72 (0x0000bfe5) c.j     pc - 8
core   0: 3 0x8000bd72 (0xbfe5)
core   0: 0x8000bd6a (0x00001f17) auipc   t5, 0x1
core   0: 3 0x8000bd6a (0x00001f17) x30 0x8000cd6a
core   0: 0x8000bd6e (0x283f2b23) sw      gp, 662(t5)
core   0: 3 0x8000bd6e (0x283f2b23) mem 0x8000d000 0x00000001
core   0: 0x8000bd72 (0x0000bfe5) c.j     pc - 8
core   0: 3 0x8000bd72 (0xbfe5)
core   0: 0x8000bd6a (0x00001f17) auipc   t5, 0x1
core   0: 3 0x8000bd6a (0x00001f17) x30 0x8000cd6a
core   0: 0x8000bd6e (0x283f2b23) sw      gp, 662(t5)
core   0: 3 0x8000bd6e (0x283f2b23) mem 0x8000d000 0x00000001
core   0: 0x8000bd72 (0x0000bfe5) c.j     pc - 8
core   0: 3 0x8000bd72 (0xbfe5)
core   0: 0x8000bd6a (0x00001f17) auipc   t5, 0x1
core   0: 3 0x8000bd6a (0x00001f17) x30 0x8000cd6a
core   0: 0x8000bd6e (0x283f2b23) sw      gp, 662(t5)
core   0: 3 0x8000bd6e (0x283f2b23) mem 0x8000d000 0x00000001
core   0: 0x8000bd72 (0x0000bfe5) c.j     pc - 8
core   0: 3 0x8000bd72 (0xbfe5)
core   0: 0x8000bd6a (0x00001f17) auipc   t5, 0x1
core   0: 3 0x8000bd6a (0x00001f17) x30 0x8000cd6a
core   0: 0x8000bd6e (0x283f2b23) sw      gp, 662(t5)
core   0: 3 0x8000bd6e (0x283f2b23) mem 0x8000d000 0x00000001
core   0: 0x8000bd72 (0x0000bfe5) c.j     pc - 8
core   0: 3 0x8000bd72 (0xbfe5)
core   0: 0x8000bd6a (0x00001f17) auipc   t5, 0x1
core   0: 3 0x8000bd6a (0x00001f17) x30 0x8000cd6a
core   0: 0x8000bd6e (0x283f2b23) sw      gp, 662(t5)
core   0: 3 0x8000bd6e (0x283f2b23) mem 0x8000d000 0x00000001
core   0: 0x8000bd72 (0x0000bfe5) c.j     pc - 8
core   0: 3 0x8000bd72 (0xbfe5)
core   0: 0x8000bd6a (0x00001f17) auipc   t5, 0x1
core   0: 3 0x8000bd6a (0x00001f17) x30 0x8000cd6a
core   0: 0x8000bd6e (0x283f2b23) sw      gp, 662(t5)
core   0: 3 0x8000bd6e (0x283f2b23) mem 0x8000d000 0x00000001
core   0: 0x8000bd72 (0x0000bfe5) c.j     pc - 8
core   0: 3 0x8000bd72 (0xbfe5)
core   0: 0x8000bd6a (0x00001f17) auipc   t5, 0x1
core   0: 3 0x8000bd6a (0x00001f17) x30 0x8000cd6a
core   0: 0x8000bd6e (0x283f2b23) sw      gp, 662(t5)
core   0: 3 0x8000bd6e (0x283f2b23) mem 0x8000d000 0x00000001
core   0: 0x8000bd72 (0x0000bfe5) c.j     pc - 8
core   0: 3 0x8000bd72 (0xbfe5)
core   0: 0x8000bd6a (0x00001f17) auipc   t5, 0x1
core   0: 3 0x8000bd6a (0x00001f17) x30 0x8000cd6a
core   0: 0x8000bd6e (0x283f2b23) sw      gp, 662(t5)
core   0: 3 0x8000bd6e (0x283f2b23) mem 0x8000d000 0x00000001
core   0: 0x8000bd72 (0x0000bfe5) c.j     pc - 8
core   0: 3 0x8000bd72 (0xbfe5)
core   0: 0x8000bd6a (0x00001f17) auipc   t5, 0x1
core   0: 3 0x8000bd6a (0x00001f17) x30 0x8000cd6a
core   0: 0x8000bd6e (0x283f2b23) sw      gp, 662(t5)
core   0: 3 0x8000bd6e (0x283f2b23) mem 0x8000d000 0x00000001
core   0: 0x8000bd72 (0x0000bfe5) c.j     pc - 8
core   0: 3 0x8000bd72 (0xbfe5)
core   0: 0x8000bd6a (0x00001f17) auipc   t5, 0x1
core   0: 3 0x8000bd6a (0x00001f17) x30 0x8000cd6a
core   0: 0x8000bd6e (0x283f2b23) sw      gp, 662(t5)
core   0: 3 0x8000bd6e (0x283f2b23) mem 0x8000d000 0x00000001
core   0: 0x8000bd72 (0x0000bfe5) c.j     pc - 8
core   0: 3 0x8000bd72 (0xbfe5)
core   0: 0x8000bd6a (0x00001f17) auipc   t5, 0x1
core   0: 3 0x8000bd6a (0x00001f17) x30 0x8000cd6a
core   0: 0x8000bd6e (0x283f2b23) sw      gp, 662(t5)
core   0: 3 0x8000bd6e (0x283f2b23) mem 0x8000d000 0x00000001
core   0: 0x8000bd72 (0x0000bfe5) c.j     pc - 8
core   0: 3 0x8000bd72 (0xbfe5)
core   0: 0x8000bd6a (0x00001f17) auipc   t5, 0x1
core   0: 3 0x8000bd6a (0x00001f17) x30 0x8000cd6a
core   0: 0x8000bd6e (0x283f2b23) sw      gp, 662(t5)
core   0: 3 0x8000bd6e (0x283f2b23) mem 0x8000d000 0x00000001
core   0: 0x8000bd72 (0x0000bfe5) c.j     pc - 8
core   0: 3 0x8000bd72 (0xbfe5)
core   0: 0x8000bd6a (0x00001f17) auipc   t5, 0x1
core   0: 3 0x8000bd6a (0x00001f17) x30 0x8000cd6a
core   0: 0x8000bd6e (0x283f2b23) sw      gp, 662(t5)
core   0: 3 0x8000bd6e (0x283f2b23) mem 0x8000d000 0x00000001
core   0: 0x8000bd72 (0x0000bfe5) c.j     pc - 8
core   0: 3 0x8000bd72 (0xbfe5)
core   0: 0x8000bd6a (0x00001f17) auipc   t5, 0x1
core   0: 3 0x8000bd6a (0x00001f17) x30 0x8000cd6a
core   0: 0x8000bd6e (0x283f2b23) sw      gp, 662(t5)
core   0: 3 0x8000bd6e (0x283f2b23) mem 0x8000d000 0x00000001
core   0: 0x8000bd72 (0x0000bfe5) c.j     pc - 8
core   0: 3 0x8000bd72 (0xbfe5)
core   0: 0x8000bd6a (0x00001f17) auipc   t5, 0x1
core   0: 3 0x8000bd6a (0x00001f17) x30 0x8000cd6a
core   0: 0x8000bd6e (0x283f2b23) sw      gp, 662(t5)
core   0: 3 0x8000bd6e (0x283f2b23) mem 0x8000d000 0x00000001
core   0: 0x8000bd72 (0x0000bfe5) c.j     pc - 8
core   0: 3 0x8000bd72 (0xbfe5)
core   0: 0x8000bd6a (0x00001f17) auipc   t5, 0x1
core   0: 3 0x8000bd6a (0x00001f17) x30 0x8000cd6a
core   0: 0x8000bd6e (0x283f2b23) sw      gp, 662(t5)
core   0: 3 0x8000bd6e (0x283f2b23) mem 0x8000d000 0x00000001
core   0: 0x8000bd72 (0x0000bfe5) c.j     pc - 8
core   0: 3 0x8000bd72 (0xbfe5)
core   0: 0x8000bd6a (0x00001f17) auipc   t5, 0x1
core   0: 3 0x8000bd6a (0x00001f17) x30 0x8000cd6a
core   0: 0x8000bd6e (0x283f2b23) sw      gp, 662(t5)
core   0: 3 0x8000bd6e (0x283f2b23) mem 0x8000d000 0x00000001
core   0: 0x8000bd72 (0x0000bfe5) c.j     pc - 8
core   0: 3 0x8000bd72 (0xbfe5)
core   0: 0x8000bd6a (0x00001f17) auipc   t5, 0x1
core   0: 3 0x8000bd6a (0x00001f17) x30 0x8000cd6a
core   0: 0x8000bd6e (0x283f2b23) sw      gp, 662(t5)
core   0: 3 0x8000bd6e (0x283f2b23) mem 0x8000d000 0x00000001
core   0: 0x8000bd72 (0x0000bfe5) c.j     pc - 8
core   0: 3 0x8000bd72 (0xbfe5)
core   0: 0x8000bd6a (0x00001f17) auipc   t5, 0x1
core   0: 3 0x8000bd6a (0x00001f17) x30 0x8000cd6a
core   0: 0x8000bd6e (0x283f2b23) sw      gp, 662(t5)
core   0: 3 0x8000bd6e (0x283f2b23) mem 0x8000d000 0x00000001
core   0: 0x8000bd72 (0x0000bfe5) c.j     pc - 8
core   0: 3 0x8000bd72 (0xbfe5)
core   0: 0x8000bd6a (0x00001f17) auipc   t5, 0x1
core   0: 3 0x8000bd6a (0x00001f17) x30 0x8000cd6a
core   0: 0x8000bd6e (0x283f2b23) sw      gp, 662(t5)
core   0: 3 0x8000bd6e (0x283f2b23) mem 0x8000d000 0x00000001
core   0: 0x8000bd72 (0x0000bfe5) c.j     pc - 8
core   0: 3 0x8000bd72 (0xbfe5)
core   0: 0x8000bd6a (0x00001f17) auipc   t5, 0x1
core   0: 3 0x8000bd6a (0x00001f17) x30 0x8000cd6a
core   0: 0x8000bd6e (0x283f2b23) sw      gp, 662(t5)
core   0: 3 0x8000bd6e (0x283f2b23) mem 0x8000d000 0x00000001
core   0: 0x8000bd72 (0x0000bfe5) c.j     pc - 8
core   0: 3 0x8000bd72 (0xbfe5)
core   0: 0x8000bd6a (0x00001f17) auipc   t5, 0x1
core   0: 3 0x8000bd6a (0x00001f17) x30 0x8000cd6a
core   0: 0x8000bd6e (0x283f2b23) sw      gp, 662(t5)
core   0: 3 0x8000bd6e (0x283f2b23) mem 0x8000d000 0x00000001
core   0: 0x8000bd72 (0x0000bfe5) c.j     pc - 8
core   0: 3 0x8000bd72 (0xbfe5)
core   0: 0x8000bd6a (0x00001f17) auipc   t5, 0x1
core   0: 3 0x8000bd6a (0x00001f17) x30 0x8000cd6a
core   0: 0x8000bd6e (0x283f2b23) sw      gp, 662(t5)
core   0: 3 0x8000bd6e (0x283f2b23) mem 0x8000d000 0x00000001
core   0: 0x8000bd72 (0x0000bfe5) c.j     pc - 8
core   0: 3 0x8000bd72 (0xbfe5)
core   0: 0x8000bd6a (0x00001f17) auipc   t5, 0x1
core   0: 3 0x8000bd6a (0x00001f17) x30 0x8000cd6a
core   0: 0x8000bd6e (0x283f2b23) sw      gp, 662(t5)
core   0: 3 0x8000bd6e (0x283f2b23) mem 0x8000d000 0x00000001
core   0: 0x8000bd72 (0x0000bfe5) c.j     pc - 8
core   0: 3 0x8000bd72 (0xbfe5)
core   0: 0x8000bd6a (0x00001f17) auipc   t5, 0x1
core   0: 3 0x8000bd6a (0x00001f17) x30 0x8000cd6a
core   0: 0x8000bd6e (0x283f2b23) sw      gp, 662(t5)
core   0: 3 0x8000bd6e (0x283f2b23) mem 0x8000d000 0x00000001
core   0: 0x8000bd72 (0x0000bfe5) c.j     pc - 8
core   0: 3 0x8000bd72 (0xbfe5)
core   0: 0x8000bd6a (0x00001f17) auipc   t5, 0x1
core   0: 3 0x8000bd6a (0x00001f17) x30 0x8000cd6a
core   0: 0x8000bd6e (0x283f2b23) sw      gp, 662(t5)
core   0: 3 0x8000bd6e (0x283f2b23) mem 0x8000d000 0x00000001
core   0: 0x8000bd72 (0x0000bfe5) c.j     pc - 8
core   0: 3 0x8000bd72 (0xbfe5)
core   0: 0x8000bd6a (0x00001f17) auipc   t5, 0x1
core   0: 3 0x8000bd6a (0x00001f17) x30 0x8000cd6a
core   0: 0x8000bd6e (0x283f2b23) sw      gp, 662(t5)
core   0: 3 0x8000bd6e (0x283f2b23) mem 0x8000d000 0x00000001
core   0: 0x8000bd72 (0x0000bfe5) c.j     pc - 8
core   0: 3 0x8000bd72 (0xbfe5)
core   0: 0x8000bd6a (0x00001f17) auipc   t5, 0x1
core   0: 3 0x8000bd6a (0x00001f17) x30 0x8000cd6a
core   0: 0x8000bd6e (0x283f2b23) sw      gp, 662(t5)
core   0: 3 0x8000bd6e (0x283f2b23) mem 0x8000d000 0x00000001
core   0: 0x8000bd72 (0x0000bfe5) c.j     pc - 8
core   0: 3 0x8000bd72 (0xbfe5)
core   0: 0x8000bd6a (0x00001f17) auipc   t5, 0x1
core   0: 3 0x8000bd6a (0x00001f17) x30 0x8000cd6a
core   0: 0x8000bd6e (0x283f2b23) sw      gp, 662(t5)
core   0: 3 0x8000bd6e (0x283f2b23) mem 0x8000d000 0x00000001
core   0: 0x8000bd72 (0x0000bfe5) c.j     pc - 8
core   0: 3 0x8000bd72 (0xbfe5)
core   0: 0x8000bd6a (0x00001f17) auipc   t5, 0x1
core   0: 3 0x8000bd6a (0x00001f17) x30 0x8000cd6a
core   0: 0x8000bd6e (0x283f2b23) sw      gp, 662(t5)
core   0: 3 0x8000bd6e (0x283f2b23) mem 0x8000d000 0x00000001
core   0: 0x8000bd72 (0x0000bfe5) c.j     pc - 8
core   0: 3 0x8000bd72 (0xbfe5)
core   0: 0x8000bd6a (0x00001f17) auipc   t5, 0x1
core   0: 3 0x8000bd6a (0x00001f17) x30 0x8000cd6a
core   0: 0x8000bd6e (0x283f2b23) sw      gp, 662(t5)
core   0: 3 0x8000bd6e (0x283f2b23) mem 0x8000d000 0x00000001
core   0: 0x8000bd72 (0x0000bfe5) c.j     pc - 8
core   0: 3 0x8000bd72 (0xbfe5)
core   0: 0x8000bd6a (0x00001f17) auipc   t5, 0x1
core   0: 3 0x8000bd6a (0x00001f17) x30 0x8000cd6a
core   0: 0x8000bd6e (0x283f2b23) sw      gp, 662(t5)
core   0: 3 0x8000bd6e (0x283f2b23) mem 0x8000d000 0x00000001
core   0: 0x8000bd72 (0x0000bfe5) c.j     pc - 8
core   0: 3 0x8000bd72 (0xbfe5)
core   0: 0x8000bd6a (0x00001f17) auipc   t5, 0x1
core   0: 3 0x8000bd6a (0x00001f17) x30 0x8000cd6a
core   0: 0x8000bd6e (0x283f2b23) sw      gp, 662(t5)
core   0: 3 0x8000bd6e (0x283f2b23) mem 0x8000d000 0x00000001
core   0: 0x8000bd72 (0x0000bfe5) c.j     pc - 8
core   0: 3 0x8000bd72 (0xbfe5)
core   0: 0x8000bd6a (0x00001f17) auipc   t5, 0x1
core   0: 3 0x8000bd6a (0x00001f17) x30 0x8000cd6a
core   0: 0x8000bd6e (0x283f2b23) sw      gp, 662(t5)
core   0: 3 0x8000bd6e (0x283f2b23) mem 0x8000d000 0x00000001
core   0: 0x8000bd72 (0x0000bfe5) c.j     pc - 8
core   0: 3 0x8000bd72 (0xbfe5)
core   0: 0x8000bd6a (0x00001f17) auipc   t5, 0x1
core   0: 3 0x8000bd6a (0x00001f17) x30 0x8000cd6a
core   0: 0x8000bd6e (0x283f2b23) sw      gp, 662(t5)
core   0: 3 0x8000bd6e (0x283f2b23) mem 0x8000d000 0x00000001
core   0: 0x8000bd72 (0x0000bfe5) c.j     pc - 8
core   0: 3 0x8000bd72 (0xbfe5)
core   0: 0x8000bd6a (0x00001f17) auipc   t5, 0x1
core   0: 3 0x8000bd6a (0x00001f17) x30 0x8000cd6a
core   0: 0x8000bd6e (0x283f2b23) sw      gp, 662(t5)
core   0: 3 0x8000bd6e (0x283f2b23) mem 0x8000d000 0x00000001
core   0: 0x8000bd72 (0x0000bfe5) c.j     pc - 8
core   0: 3 0x8000bd72 (0xbfe5)
core   0: 0x8000bd6a (0x00001f17) auipc   t5, 0x1
core   0: 3 0x8000bd6a (0x00001f17) x30 0x8000cd6a
core   0: 0x8000bd6e (0x283f2b23) sw      gp, 662(t5)
core   0: 3 0x8000bd6e (0x283f2b23) mem 0x8000d000 0x00000001
core   0: 0x8000bd72 (0x0000bfe5) c.j     pc - 8
core   0: 3 0x8000bd72 (0xbfe5)
core   0: 0x8000bd6a (0x00001f17) auipc   t5, 0x1
core   0: 3 0x8000bd6a (0x00001f17) x30 0x8000cd6a
core   0: 0x8000bd6e (0x283f2b23) sw      gp, 662(t5)
core   0: 3 0x8000bd6e (0x283f2b23) mem 0x8000d000 0x00000001
core   0: 0x8000bd72 (0x0000bfe5) c.j     pc - 8
core   0: 3 0x8000bd72 (0xbfe5)
core   0: 0x8000bd6a (0x00001f17) auipc   t5, 0x1
core   0: 3 0x8000bd6a (0x00001f17) x30 0x8000cd6a
core   0: 0x8000bd6e (0x283f2b23) sw      gp, 662(t5)
core   0: 3 0x8000bd6e (0x283f2b23) mem 0x8000d000 0x00000001
core   0: 0x8000bd72 (0x0000bfe5) c.j     pc - 8
core   0: 3 0x8000bd72 (0xbfe5)
core   0: 0x8000bd6a (0x00001f17) auipc   t5, 0x1
core   0: 3 0x8000bd6a (0x00001f17) x30 0x8000cd6a
core   0: 0x8000bd6e (0x283f2b23) sw      gp, 662(t5)
core   0: 3 0x8000bd6e (0x283f2b23) mem 0x8000d000 0x00000001
core   0: 0x8000bd72 (0x0000bfe5) c.j     pc - 8
core   0: 3 0x8000bd72 (0xbfe5)
core   0: 0x8000bd6a (0x00001f17) auipc   t5, 0x1
core   0: 3 0x8000bd6a (0x00001f17) x30 0x8000cd6a
core   0: 0x8000bd6e (0x283f2b23) sw      gp, 662(t5)
core   0: 3 0x8000bd6e (0x283f2b23) mem 0x8000d000 0x00000001
core   0: 0x8000bd72 (0x0000bfe5) c.j     pc - 8
core   0: 3 0x8000bd72 (0xbfe5)
core   0: 0x8000bd6a (0x00001f17) auipc   t5, 0x1
core   0: 3 0x8000bd6a (0x00001f17) x30 0x8000cd6a
core   0: 0x8000bd6e (0x283f2b23) sw      gp, 662(t5)
core   0: 3 0x8000bd6e (0x283f2b23) mem 0x8000d000 0x00000001
core   0: 0x8000bd72 (0x0000bfe5) c.j     pc - 8
core   0: 3 0x8000bd72 (0xbfe5)
core   0: 0x8000bd6a (0x00001f17) auipc   t5, 0x1
core   0: 3 0x8000bd6a (0x00001f17) x30 0x8000cd6a
core   0: 0x8000bd6e (0x283f2b23) sw      gp, 662(t5)
core   0: 3 0x8000bd6e (0x283f2b23) mem 0x8000d000 0x00000001
core   0: 0x8000bd72 (0x0000bfe5) c.j     pc - 8
core   0: 3 0x8000bd72 (0xbfe5)
core   0: 0x8000bd6a (0x00001f17) auipc   t5, 0x1
core   0: 3 0x8000bd6a (0x00001f17) x30 0x8000cd6a
core   0: 0x8000bd6e (0x283f2b23) sw      gp, 662(t5)
core   0: 3 0x8000bd6e (0x283f2b23) mem 0x8000d000 0x00000001
core   0: 0x8000bd72 (0x0000bfe5) c.j     pc - 8
core   0: 3 0x8000bd72 (0xbfe5)
core   0: 0x8000bd6a (0x00001f17) auipc   t5, 0x1
core   0: 3 0x8000bd6a (0x00001f17) x30 0x8000cd6a
core   0: 0x8000bd6e (0x283f2b23) sw      gp, 662(t5)
core   0: 3 0x8000bd6e (0x283f2b23) mem 0x8000d000 0x00000001
core   0: 0x8000bd72 (0x0000bfe5) c.j     pc - 8
core   0: 3 0x8000bd72 (0xbfe5)
core   0: 0x8000bd6a (0x00001f17) auipc   t5, 0x1
core   0: 3 0x8000bd6a (0x00001f17) x30 0x8000cd6a
core   0: 0x8000bd6e (0x283f2b23) sw      gp, 662(t5)
core   0: 3 0x8000bd6e (0x283f2b23) mem 0x8000d000 0x00000001
core   0: 0x8000bd72 (0x0000bfe5) c.j     pc - 8
core   0: 3 0x8000bd72 (0xbfe5)
core   0: 0x8000bd6a (0x00001f17) auipc   t5, 0x1
core   0: 3 0x8000bd6a (0x00001f17) x30 0x8000cd6a
core   0: 0x8000bd6e (0x283f2b23) sw      gp, 662(t5)
core   0: 3 0x8000bd6e (0x283f2b23) mem 0x8000d000 0x00000001
core   0: 0x8000bd72 (0x0000bfe5) c.j     pc - 8
core   0: 3 0x8000bd72 (0xbfe5)
core   0: 0x8000bd6a (0x00001f17) auipc   t5, 0x1
core   0: 3 0x8000bd6a (0x00001f17) x30 0x8000cd6a
core   0: 0x8000bd6e (0x283f2b23) sw      gp, 662(t5)
core   0: 3 0x8000bd6e (0x283f2b23) mem 0x8000d000 0x00000001
core   0: 0x8000bd72 (0x0000bfe5) c.j     pc - 8
core   0: 3 0x8000bd72 (0xbfe5)
core   0: 0x8000bd6a (0x00001f17) auipc   t5, 0x1
core   0: 3 0x8000bd6a (0x00001f17) x30 0x8000cd6a
core   0: 0x8000bd6e (0x283f2b23) sw      gp, 662(t5)
core   0: 3 0x8000bd6e (0x283f2b23) mem 0x8000d000 0x00000001
core   0: 0x8000bd72 (0x0000bfe5) c.j     pc - 8
core   0: 3 0x8000bd72 (0xbfe5)
core   0: 0x8000bd6a (0x00001f17) auipc   t5, 0x1
core   0: 3 0x8000bd6a (0x00001f17) x30 0x8000cd6a
core   0: 0x8000bd6e (0x283f2b23) sw      gp, 662(t5)
core   0: 3 0x8000bd6e (0x283f2b23) mem 0x8000d000 0x00000001
core   0: 0x8000bd72 (0x0000bfe5) c.j     pc - 8
core   0: 3 0x8000bd72 (0xbfe5)
core   0: 0x8000bd6a (0x00001f17) auipc   t5, 0x1
core   0: 3 0x8000bd6a (0x00001f17) x30 0x8000cd6a
core   0: 0x8000bd6e (0x283f2b23) sw      gp, 662(t5)
core   0: 3 0x8000bd6e (0x283f2b23) mem 0x8000d000 0x00000001
core   0: 0x8000bd72 (0x0000bfe5) c.j     pc - 8
core   0: 3 0x8000bd72 (0xbfe5)
core   0: 0x8000bd6a (0x00001f17) auipc   t5, 0x1
core   0: 3 0x8000bd6a (0x00001f17) x30 0x8000cd6a
core   0: 0x8000bd6e (0x283f2b23) sw      gp, 662(t5)
core   0: 3 0x8000bd6e (0x283f2b23) mem 0x8000d000 0x00000001
core   0: 0x8000bd72 (0x0000bfe5) c.j     pc - 8
core   0: 3 0x8000bd72 (0xbfe5)
core   0: 0x8000bd6a (0x00001f17) auipc   t5, 0x1
core   0: 3 0x8000bd6a (0x00001f17) x30 0x8000cd6a
core   0: 0x8000bd6e (0x283f2b23) sw      gp, 662(t5)
core   0: 3 0x8000bd6e (0x283f2b23) mem 0x8000d000 0x00000001
core   0: 0x8000bd72 (0x0000bfe5) c.j     pc - 8
core   0: 3 0x8000bd72 (0xbfe5)
core   0: 0x8000bd6a (0x00001f17) auipc   t5, 0x1
core   0: 3 0x8000bd6a (0x00001f17) x30 0x8000cd6a
core   0: 0x8000bd6e (0x283f2b23) sw      gp, 662(t5)
core   0: 3 0x8000bd6e (0x283f2b23) mem 0x8000d000 0x00000001
core   0: 0x8000bd72 (0x0000bfe5) c.j     pc - 8
core   0: 3 0x8000bd72 (0xbfe5)
core   0: 0x8000bd6a (0x00001f17) auipc   t5, 0x1
core   0: 3 0x8000bd6a (0x00001f17) x30 0x8000cd6a
core   0: 0x8000bd6e (0x283f2b23) sw      gp, 662(t5)
core   0: 3 0x8000bd6e (0x283f2b23) mem 0x8000d000 0x00000001
core   0: 0x8000bd72 (0x0000bfe5) c.j     pc - 8
core   0: 3 0x8000bd72 (0xbfe5)
core   0: 0x8000bd6a (0x00001f17) auipc   t5, 0x1
core   0: 3 0x8000bd6a (0x00001f17) x30 0x8000cd6a
core   0: 0x8000bd6e (0x283f2b23) sw      gp, 662(t5)
core   0: 3 0x8000bd6e (0x283f2b23) mem 0x8000d000 0x00000001
core   0: 0x8000bd72 (0x0000bfe5) c.j     pc - 8
core   0: 3 0x8000bd72 (0xbfe5)
core   0: 0x8000bd6a (0x00001f17) auipc   t5, 0x1
core   0: 3 0x8000bd6a (0x00001f17) x30 0x8000cd6a
core   0: 0x8000bd6e (0x283f2b23) sw      gp, 662(t5)
core   0: 3 0x8000bd6e (0x283f2b23) mem 0x8000d000 0x00000001
core   0: 0x8000bd72 (0x0000bfe5) c.j     pc - 8
core   0: 3 0x8000bd72 (0xbfe5)
core   0: 0x8000bd6a (0x00001f17) auipc   t5, 0x1
core   0: 3 0x8000bd6a (0x00001f17) x30 0x8000cd6a
core   0: 0x8000bd6e (0x283f2b23) sw      gp, 662(t5)
core   0: 3 0x8000bd6e (0x283f2b23) mem 0x8000d000 0x00000001
core   0: 0x8000bd72 (0x0000bfe5) c.j     pc - 8
core   0: 3 0x8000bd72 (0xbfe5)
core   0: 0x8000bd6a (0x00001f17) auipc   t5, 0x1
core   0: 3 0x8000bd6a (0x00001f17) x30 0x8000cd6a
core   0: 0x8000bd6e (0x283f2b23) sw      gp, 662(t5)
core   0: 3 0x8000bd6e (0x283f2b23) mem 0x8000d000 0x00000001
core   0: 0x8000bd72 (0x0000bfe5) c.j     pc - 8
core   0: 3 0x8000bd72 (0xbfe5)
core   0: 0x8000bd6a (0x00001f17) auipc   t5, 0x1
core   0: 3 0x8000bd6a (0x00001f17) x30 0x8000cd6a
core   0: 0x8000bd6e (0x283f2b23) sw      gp, 662(t5)
core   0: 3 0x8000bd6e (0x283f2b23) mem 0x8000d000 0x00000001
core   0: 0x8000bd72 (0x0000bfe5) c.j     pc - 8
core   0: 3 0x8000bd72 (0xbfe5)
core   0: 0x8000bd6a (0x00001f17) auipc   t5, 0x1
core   0: 3 0x8000bd6a (0x00001f17) x30 0x8000cd6a
core   0: 0x8000bd6e (0x283f2b23) sw      gp, 662(t5)
core   0: 3 0x8000bd6e (0x283f2b23) mem 0x8000d000 0x00000001
core   0: 0x8000bd72 (0x0000bfe5) c.j     pc - 8
core   0: 3 0x8000bd72 (0xbfe5)
core   0: 0x8000bd6a (0x00001f17) auipc   t5, 0x1
core   0: 3 0x8000bd6a (0x00001f17) x30 0x8000cd6a
core   0: 0x8000bd6e (0x283f2b23) sw      gp, 662(t5)
core   0: 3 0x8000bd6e (0x283f2b23) mem 0x8000d000 0x00000001
core   0: 0x8000bd72 (0x0000bfe5) c.j     pc - 8
core   0: 3 0x8000bd72 (0xbfe5)
core   0: 0x8000bd6a (0x00001f17) auipc   t5, 0x1
core   0: 3 0x8000bd6a (0x00001f17) x30 0x8000cd6a
core   0: 0x8000bd6e (0x283f2b23) sw      gp, 662(t5)
core   0: 3 0x8000bd6e (0x283f2b23) mem 0x8000d000 0x00000001
core   0: 0x8000bd72 (0x0000bfe5) c.j     pc - 8
core   0: 3 0x8000bd72 (0xbfe5)
core   0: 0x8000bd6a (0x00001f17) auipc   t5, 0x1
core   0: 3 0x8000bd6a (0x00001f17) x30 0x8000cd6a
core   0: 0x8000bd6e (0x283f2b23) sw      gp, 662(t5)
core   0: 3 0x8000bd6e (0x283f2b23) mem 0x8000d000 0x00000001
core   0: 0x8000bd72 (0x0000bfe5) c.j     pc - 8
core   0: 3 0x8000bd72 (0xbfe5)
core   0: 0x8000bd6a (0x00001f17) auipc   t5, 0x1
core   0: 3 0x8000bd6a (0x00001f17) x30 0x8000cd6a
core   0: 0x8000bd6e (0x283f2b23) sw      gp, 662(t5)
core   0: 3 0x8000bd6e (0x283f2b23) mem 0x8000d000 0x00000001
core   0: 0x8000bd72 (0x0000bfe5) c.j     pc - 8
core   0: 3 0x8000bd72 (0xbfe5)
core   0: 0x8000bd6a (0x00001f17) auipc   t5, 0x1
core   0: 3 0x8000bd6a (0x00001f17) x30 0x8000cd6a
core   0: 0x8000bd6e (0x283f2b23) sw      gp, 662(t5)
core   0: 3 0x8000bd6e (0x283f2b23) mem 0x8000d000 0x00000001
core   0: 0x8000bd72 (0x0000bfe5) c.j     pc - 8
core   0: 3 0x8000bd72 (0xbfe5)
core   0: 0x8000bd6a (0x00001f17) auipc   t5, 0x1
core   0: 3 0x8000bd6a (0x00001f17) x30 0x8000cd6a
core   0: 0x8000bd6e (0x283f2b23) sw      gp, 662(t5)
core   0: 3 0x8000bd6e (0x283f2b23) mem 0x8000d000 0x00000001
core   0: 0x8000bd72 (0x0000bfe5) c.j     pc - 8
core   0: 3 0x8000bd72 (0xbfe5)
core   0: 0x8000bd6a (0x00001f17) auipc   t5, 0x1
core   0: 3 0x8000bd6a (0x00001f17) x30 0x8000cd6a
core   0: 0x8000bd6e (0x283f2b23) sw      gp, 662(t5)
core   0: 3 0x8000bd6e (0x283f2b23) mem 0x8000d000 0x00000001
core   0: 0x8000bd72 (0x0000bfe5) c.j     pc - 8
core   0: 3 0x8000bd72 (0xbfe5)
core   0: 0x8000bd6a (0x00001f17) auipc   t5, 0x1
core   0: 3 0x8000bd6a (0x00001f17) x30 0x8000cd6a
core   0: 0x8000bd6e (0x283f2b23) sw      gp, 662(t5)
core   0: 3 0x8000bd6e (0x283f2b23) mem 0x8000d000 0x00000001
core   0: 0x8000bd72 (0x0000bfe5) c.j     pc - 8
core   0: 3 0x8000bd72 (0xbfe5)
core   0: 0x8000bd6a (0x00001f17) auipc   t5, 0x1
core   0: 3 0x8000bd6a (0x00001f17) x30 0x8000cd6a
core   0: 0x8000bd6e (0x283f2b23) sw      gp, 662(t5)
core   0: 3 0x8000bd6e (0x283f2b23) mem 0x8000d000 0x00000001
core   0: 0x8000bd72 (0x0000bfe5) c.j     pc - 8
core   0: 3 0x8000bd72 (0xbfe5)
core   0: 0x8000bd6a (0x00001f17) auipc   t5, 0x1
core   0: 3 0x8000bd6a (0x00001f17) x30 0x8000cd6a
core   0: 0x8000bd6e (0x283f2b23) sw      gp, 662(t5)
core   0: 3 0x8000bd6e (0x283f2b23) mem 0x8000d000 0x00000001
core   0: 0x8000bd72 (0x0000bfe5) c.j     pc - 8
core   0: 3 0x8000bd72 (0xbfe5)
core   0: 0x8000bd6a (0x00001f17) auipc   t5, 0x1
core   0: 3 0x8000bd6a (0x00001f17) x30 0x8000cd6a
core   0: 0x8000bd6e (0x283f2b23) sw      gp, 662(t5)
core   0: 3 0x8000bd6e (0x283f2b23) mem 0x8000d000 0x00000001
core   0: 0x8000bd72 (0x0000bfe5) c.j     pc - 8
core   0: 3 0x8000bd72 (0xbfe5)
core   0: 0x8000bd6a (0x00001f17) auipc   t5, 0x1
core   0: 3 0x8000bd6a (0x00001f17) x30 0x8000cd6a
core   0: 0x8000bd6e (0x283f2b23) sw      gp, 662(t5)
core   0: 3 0x8000bd6e (0x283f2b23) mem 0x8000d000 0x00000001
core   0: 0x8000bd72 (0x0000bfe5) c.j     pc - 8
core   0: 3 0x8000bd72 (0xbfe5)
core   0: 0x8000bd6a (0x00001f17) auipc   t5, 0x1
core   0: 3 0x8000bd6a (0x00001f17) x30 0x8000cd6a
core   0: 0x8000bd6e (0x283f2b23) sw      gp, 662(t5)
core   0: 3 0x8000bd6e (0x283f2b23) mem 0x8000d000 0x00000001
core   0: 0x8000bd72 (0x0000bfe5) c.j     pc - 8
core   0: 3 0x8000bd72 (0xbfe5)
core   0: 0x8000bd6a (0x00001f17) auipc   t5, 0x1
core   0: 3 0x8000bd6a (0x00001f17) x30 0x8000cd6a
core   0: 0x8000bd6e (0x283f2b23) sw      gp, 662(t5)
core   0: 3 0x8000bd6e (0x283f2b23) mem 0x8000d000 0x00000001
core   0: 0x8000bd72 (0x0000bfe5) c.j     pc - 8
core   0: 3 0x8000bd72 (0xbfe5)
core   0: 0x8000bd6a (0x00001f17) auipc   t5, 0x1
core   0: 3 0x8000bd6a (0x00001f17) x30 0x8000cd6a
core   0: 0x8000bd6e (0x283f2b23) sw      gp, 662(t5)
core   0: 3 0x8000bd6e (0x283f2b23) mem 0x8000d000 0x00000001
core   0: 0x8000bd72 (0x0000bfe5) c.j     pc - 8
core   0: 3 0x8000bd72 (0xbfe5)
core   0: 0x8000bd6a (0x00001f17) auipc   t5, 0x1
core   0: 3 0x8000bd6a (0x00001f17) x30 0x8000cd6a
core   0: 0x8000bd6e (0x283f2b23) sw      gp, 662(t5)
core   0: 3 0x8000bd6e (0x283f2b23) mem 0x8000d000 0x00000001
core   0: 0x8000bd72 (0x0000bfe5) c.j     pc - 8
core   0: 3 0x8000bd72 (0xbfe5)
core   0: 0x8000bd6a (0x00001f17) auipc   t5, 0x1
core   0: 3 0x8000bd6a (0x00001f17) x30 0x8000cd6a
core   0: 0x8000bd6e (0x283f2b23) sw      gp, 662(t5)
core   0: 3 0x8000bd6e (0x283f2b23) mem 0x8000d000 0x00000001
core   0: 0x8000bd72 (0x0000bfe5) c.j     pc - 8
core   0: 3 0x8000bd72 (0xbfe5)
core   0: 0x8000bd6a (0x00001f17) auipc   t5, 0x1
core   0: 3 0x8000bd6a (0x00001f17) x30 0x8000cd6a
core   0: 0x8000bd6e (0x283f2b23) sw      gp, 662(t5)
core   0: 3 0x8000bd6e (0x283f2b23) mem 0x8000d000 0x00000001
core   0: 0x8000bd72 (0x0000bfe5) c.j     pc - 8
core   0: 3 0x8000bd72 (0xbfe5)
core   0: 0x8000bd6a (0x00001f17) auipc   t5, 0x1
core   0: 3 0x8000bd6a (0x00001f17) x30 0x8000cd6a
core   0: 0x8000bd6e (0x283f2b23) sw      gp, 662(t5)
core   0: 3 0x8000bd6e (0x283f2b23) mem 0x8000d000 0x00000001
core   0: 0x8000bd72 (0x0000bfe5) c.j     pc - 8
core   0: 3 0x8000bd72 (0xbfe5)
core   0: 0x8000bd6a (0x00001f17) auipc   t5, 0x1
core   0: 3 0x8000bd6a (0x00001f17) x30 0x8000cd6a
core   0: 0x8000bd6e (0x283f2b23) sw      gp, 662(t5)
core   0: 3 0x8000bd6e (0x283f2b23) mem 0x8000d000 0x00000001
core   0: 0x8000bd72 (0x0000bfe5) c.j     pc - 8
core   0: 3 0x8000bd72 (0xbfe5)
core   0: 0x8000bd6a (0x00001f17) auipc   t5, 0x1
core   0: 3 0x8000bd6a (0x00001f17) x30 0x8000cd6a
core   0: 0x8000bd6e (0x283f2b23) sw      gp, 662(t5)
core   0: 3 0x8000bd6e (0x283f2b23) mem 0x8000d000 0x00000001
core   0: 0x8000bd72 (0x0000bfe5) c.j     pc - 8
core   0: 3 0x8000bd72 (0xbfe5)
core   0: 0x8000bd6a (0x00001f17) auipc   t5, 0x1
core   0: 3 0x8000bd6a (0x00001f17) x30 0x8000cd6a
core   0: 0x8000bd6e (0x283f2b23) sw      gp, 662(t5)
core   0: 3 0x8000bd6e (0x283f2b23) mem 0x8000d000 0x00000001
core   0: 0x8000bd72 (0x0000bfe5) c.j     pc - 8
core   0: 3 0x8000bd72 (0xbfe5)
core   0: 0x8000bd6a (0x00001f17) auipc   t5, 0x1
core   0: 3 0x8000bd6a (0x00001f17) x30 0x8000cd6a
core   0: 0x8000bd6e (0x283f2b23) sw      gp, 662(t5)
core   0: 3 0x8000bd6e (0x283f2b23) mem 0x8000d000 0x00000001
core   0: 0x8000bd72 (0x0000bfe5) c.j     pc - 8
core   0: 3 0x8000bd72 (0xbfe5)
core   0: 0x8000bd6a (0x00001f17) auipc   t5, 0x1
core   0: 3 0x8000bd6a (0x00001f17) x30 0x8000cd6a
core   0: 0x8000bd6e (0x283f2b23) sw      gp, 662(t5)
core   0: 3 0x8000bd6e (0x283f2b23) mem 0x8000d000 0x00000001
core   0: 0x8000bd72 (0x0000bfe5) c.j     pc - 8
core   0: 3 0x8000bd72 (0xbfe5)
core   0: 0x8000bd6a (0x00001f17) auipc   t5, 0x1
core   0: 3 0x8000bd6a (0x00001f17) x30 0x8000cd6a
core   0: 0x8000bd6e (0x283f2b23) sw      gp, 662(t5)
core   0: 3 0x8000bd6e (0x283f2b23) mem 0x8000d000 0x00000001
core   0: 0x8000bd72 (0x0000bfe5) c.j     pc - 8
core   0: 3 0x8000bd72 (0xbfe5)
core   0: 0x8000bd6a (0x00001f17) auipc   t5, 0x1
core   0: 3 0x8000bd6a (0x00001f17) x30 0x8000cd6a
core   0: 0x8000bd6e (0x283f2b23) sw      gp, 662(t5)
core   0: 3 0x8000bd6e (0x283f2b23) mem 0x8000d000 0x00000001
core   0: 0x8000bd72 (0x0000bfe5) c.j     pc - 8
core   0: 3 0x8000bd72 (0xbfe5)
core   0: 0x8000bd6a (0x00001f17) auipc   t5, 0x1
core   0: 3 0x8000bd6a (0x00001f17) x30 0x8000cd6a
core   0: 0x8000bd6e (0x283f2b23) sw      gp, 662(t5)
core   0: 3 0x8000bd6e (0x283f2b23) mem 0x8000d000 0x00000001
core   0: 0x8000bd72 (0x0000bfe5) c.j     pc - 8
core   0: 3 0x8000bd72 (0xbfe5)
core   0: 0x8000bd6a (0x00001f17) auipc   t5, 0x1
core   0: 3 0x8000bd6a (0x00001f17) x30 0x8000cd6a
core   0: 0x8000bd6e (0x283f2b23) sw      gp, 662(t5)
core   0: 3 0x8000bd6e (0x283f2b23) mem 0x8000d000 0x00000001
core   0: 0x8000bd72 (0x0000bfe5) c.j     pc - 8
core   0: 3 0x8000bd72 (0xbfe5)
core   0: 0x8000bd6a (0x00001f17) auipc   t5, 0x1
core   0: 3 0x8000bd6a (0x00001f17) x30 0x8000cd6a
core   0: 0x8000bd6e (0x283f2b23) sw      gp, 662(t5)
core   0: 3 0x8000bd6e (0x283f2b23) mem 0x8000d000 0x00000001
core   0: 0x8000bd72 (0x0000bfe5) c.j     pc - 8
core   0: 3 0x8000bd72 (0xbfe5)
core   0: 0x8000bd6a (0x00001f17) auipc   t5, 0x1
core   0: 3 0x8000bd6a (0x00001f17) x30 0x8000cd6a
core   0: 0x8000bd6e (0x283f2b23) sw      gp, 662(t5)
core   0: 3 0x8000bd6e (0x283f2b23) mem 0x8000d000 0x00000001
core   0: 0x8000bd72 (0x0000bfe5) c.j     pc - 8
core   0: 3 0x8000bd72 (0xbfe5)
core   0: 0x8000bd6a (0x00001f17) auipc   t5, 0x1
core   0: 3 0x8000bd6a (0x00001f17) x30 0x8000cd6a
core   0: 0x8000bd6e (0x283f2b23) sw      gp, 662(t5)
core   0: 3 0x8000bd6e (0x283f2b23) mem 0x8000d000 0x00000001
core   0: 0x8000bd72 (0x0000bfe5) c.j     pc - 8
core   0: 3 0x8000bd72 (0xbfe5)
core   0: 0x8000bd6a (0x00001f17) auipc   t5, 0x1
core   0: 3 0x8000bd6a (0x00001f17) x30 0x8000cd6a
core   0: 0x8000bd6e (0x283f2b23) sw      gp, 662(t5)
core   0: 3 0x8000bd6e (0x283f2b23) mem 0x8000d000 0x00000001
core   0: 0x8000bd72 (0x0000bfe5) c.j     pc - 8
core   0: 3 0x8000bd72 (0xbfe5)
core   0: 0x8000bd6a (0x00001f17) auipc   t5, 0x1
core   0: 3 0x8000bd6a (0x00001f17) x30 0x8000cd6a
core   0: 0x8000bd6e (0x283f2b23) sw      gp, 662(t5)
core   0: 3 0x8000bd6e (0x283f2b23) mem 0x8000d000 0x00000001
core   0: 0x8000bd72 (0x0000bfe5) c.j     pc - 8
core   0: 3 0x8000bd72 (0xbfe5)
core   0: 0x8000bd6a (0x00001f17) auipc   t5, 0x1
core   0: 3 0x8000bd6a (0x00001f17) x30 0x8000cd6a
core   0: 0x8000bd6e (0x283f2b23) sw      gp, 662(t5)
core   0: 3 0x8000bd6e (0x283f2b23) mem 0x8000d000 0x00000001
core   0: 0x8000bd72 (0x0000bfe5) c.j     pc - 8
core   0: 3 0x8000bd72 (0xbfe5)
core   0: 0x8000bd6a (0x00001f17) auipc   t5, 0x1
core   0: 3 0x8000bd6a (0x00001f17) x30 0x8000cd6a
core   0: 0x8000bd6e (0x283f2b23) sw      gp, 662(t5)
core   0: 3 0x8000bd6e (0x283f2b23) mem 0x8000d000 0x00000001
core   0: 0x8000bd72 (0x0000bfe5) c.j     pc - 8
core   0: 3 0x8000bd72 (0xbfe5)
core   0: 0x8000bd6a (0x00001f17) auipc   t5, 0x1
core   0: 3 0x8000bd6a (0x00001f17) x30 0x8000cd6a
core   0: 0x8000bd6e (0x283f2b23) sw      gp, 662(t5)
core   0: 3 0x8000bd6e (0x283f2b23) mem 0x8000d000 0x00000001
core   0: 0x8000bd72 (0x0000bfe5) c.j     pc - 8
core   0: 3 0x8000bd72 (0xbfe5)
core   0: 0x8000bd6a (0x00001f17) auipc   t5, 0x1
core   0: 3 0x8000bd6a (0x00001f17) x30 0x8000cd6a
core   0: 0x8000bd6e (0x283f2b23) sw      gp, 662(t5)
core   0: 3 0x8000bd6e (0x283f2b23) mem 0x8000d000 0x00000001
core   0: 0x8000bd72 (0x0000bfe5) c.j     pc - 8
core   0: 3 0x8000bd72 (0xbfe5)
core   0: 0x8000bd6a (0x00001f17) auipc   t5, 0x1
core   0: 3 0x8000bd6a (0x00001f17) x30 0x8000cd6a
core   0: 0x8000bd6e (0x283f2b23) sw      gp, 662(t5)
core   0: 3 0x8000bd6e (0x283f2b23) mem 0x8000d000 0x00000001
core   0: 0x8000bd72 (0x0000bfe5) c.j     pc - 8
core   0: 3 0x8000bd72 (0xbfe5)
core   0: 0x8000bd6a (0x00001f17) auipc   t5, 0x1
core   0: 3 0x8000bd6a (0x00001f17) x30 0x8000cd6a
core   0: 0x8000bd6e (0x283f2b23) sw      gp, 662(t5)
core   0: 3 0x8000bd6e (0x283f2b23) mem 0x8000d000 0x00000001
core   0: 0x8000bd72 (0x0000bfe5) c.j     pc - 8
core   0: 3 0x8000bd72 (0xbfe5)
core   0: 0x8000bd6a (0x00001f17) auipc   t5, 0x1
core   0: 3 0x8000bd6a (0x00001f17) x30 0x8000cd6a
core   0: 0x8000bd6e (0x283f2b23) sw      gp, 662(t5)
core   0: 3 0x8000bd6e (0x283f2b23) mem 0x8000d000 0x00000001
core   0: 0x8000bd72 (0x0000bfe5) c.j     pc - 8
core   0: 3 0x8000bd72 (0xbfe5)
core   0: 0x8000bd6a (0x00001f17) auipc   t5, 0x1
core   0: 3 0x8000bd6a (0x00001f17) x30 0x8000cd6a
core   0: 0x8000bd6e (0x283f2b23) sw      gp, 662(t5)
core   0: 3 0x8000bd6e (0x283f2b23) mem 0x8000d000 0x00000001
core   0: 0x8000bd72 (0x0000bfe5) c.j     pc - 8
core   0: 3 0x8000bd72 (0xbfe5)
core   0: 0x8000bd6a (0x00001f17) auipc   t5, 0x1
core   0: 3 0x8000bd6a (0x00001f17) x30 0x8000cd6a
core   0: 0x8000bd6e (0x283f2b23) sw      gp, 662(t5)
core   0: 3 0x8000bd6e (0x283f2b23) mem 0x8000d000 0x00000001
core   0: 0x8000bd72 (0x0000bfe5) c.j     pc - 8
core   0: 3 0x8000bd72 (0xbfe5)
core   0: 0x8000bd6a (0x00001f17) auipc   t5, 0x1
core   0: 3 0x8000bd6a (0x00001f17) x30 0x8000cd6a
core   0: 0x8000bd6e (0x283f2b23) sw      gp, 662(t5)
core   0: 3 0x8000bd6e (0x283f2b23) mem 0x8000d000 0x00000001
core   0: 0x8000bd72 (0x0000bfe5) c.j     pc - 8
core   0: 3 0x8000bd72 (0xbfe5)
core   0: 0x8000bd6a (0x00001f17) auipc   t5, 0x1
core   0: 3 0x8000bd6a (0x00001f17) x30 0x8000cd6a
core   0: 0x8000bd6e (0x283f2b23) sw      gp, 662(t5)
core   0: 3 0x8000bd6e (0x283f2b23) mem 0x8000d000 0x00000001
core   0: 0x8000bd72 (0x0000bfe5) c.j     pc - 8
core   0: 3 0x8000bd72 (0xbfe5)
core   0: 0x8000bd6a (0x00001f17) auipc   t5, 0x1
core   0: 3 0x8000bd6a (0x00001f17) x30 0x8000cd6a
core   0: 0x8000bd6e (0x283f2b23) sw      gp, 662(t5)
core   0: 3 0x8000bd6e (0x283f2b23) mem 0x8000d000 0x00000001
core   0: 0x8000bd72 (0x0000bfe5) c.j     pc - 8
core   0: 3 0x8000bd72 (0xbfe5)
core   0: 0x8000bd6a (0x00001f17) auipc   t5, 0x1
core   0: 3 0x8000bd6a (0x00001f17) x30 0x8000cd6a
core   0: 0x8000bd6e (0x283f2b23) sw      gp, 662(t5)
core   0: 3 0x8000bd6e (0x283f2b23) mem 0x8000d000 0x00000001
core   0: 0x8000bd72 (0x0000bfe5) c.j     pc - 8
core   0: 3 0x8000bd72 (0xbfe5)
core   0: 0x8000bd6a (0x00001f17) auipc   t5, 0x1
core   0: 3 0x8000bd6a (0x00001f17) x30 0x8000cd6a
core   0: 0x8000bd6e (0x283f2b23) sw      gp, 662(t5)
core   0: 3 0x8000bd6e (0x283f2b23) mem 0x8000d000 0x00000001
core   0: 0x8000bd72 (0x0000bfe5) c.j     pc - 8
core   0: 3 0x8000bd72 (0xbfe5)
core   0: 0x8000bd6a (0x00001f17) auipc   t5, 0x1
core   0: 3 0x8000bd6a (0x00001f17) x30 0x8000cd6a
core   0: 0x8000bd6e (0x283f2b23) sw      gp, 662(t5)
core   0: 3 0x8000bd6e (0x283f2b23) mem 0x8000d000 0x00000001
core   0: 0x8000bd72 (0x0000bfe5) c.j     pc - 8
core   0: 3 0x8000bd72 (0xbfe5)
core   0: 0x8000bd6a (0x00001f17) auipc   t5, 0x1
core   0: 3 0x8000bd6a (0x00001f17) x30 0x8000cd6a
core   0: 0x8000bd6e (0x283f2b23) sw      gp, 662(t5)
core   0: 3 0x8000bd6e (0x283f2b23) mem 0x8000d000 0x00000001
core   0: 0x8000bd72 (0x0000bfe5) c.j     pc - 8
core   0: 3 0x8000bd72 (0xbfe5)
core   0: 0x8000bd6a (0x00001f17) auipc   t5, 0x1
core   0: 3 0x8000bd6a (0x00001f17) x30 0x8000cd6a
core   0: 0x8000bd6e (0x283f2b23) sw      gp, 662(t5)
core   0: 3 0x8000bd6e (0x283f2b23) mem 0x8000d000 0x00000001
core   0: 0x8000bd72 (0x0000bfe5) c.j     pc - 8
core   0: 3 0x8000bd72 (0xbfe5)
core   0: 0x8000bd6a (0x00001f17) auipc   t5, 0x1
core   0: 3 0x8000bd6a (0x00001f17) x30 0x8000cd6a
core   0: 0x8000bd6e (0x283f2b23) sw      gp, 662(t5)
core   0: 3 0x8000bd6e (0x283f2b23) mem 0x8000d000 0x00000001
core   0: 0x8000bd72 (0x0000bfe5) c.j     pc - 8
core   0: 3 0x8000bd72 (0xbfe5)
core   0: 0x8000bd6a (0x00001f17) auipc   t5, 0x1
core   0: 3 0x8000bd6a (0x00001f17) x30 0x8000cd6a
core   0: 0x8000bd6e (0x283f2b23) sw      gp, 662(t5)
core   0: 3 0x8000bd6e (0x283f2b23) mem 0x8000d000 0x00000001
core   0: 0x8000bd72 (0x0000bfe5) c.j     pc - 8
core   0: 3 0x8000bd72 (0xbfe5)
core   0: 0x8000bd6a (0x00001f17) auipc   t5, 0x1
core   0: 3 0x8000bd6a (0x00001f17) x30 0x8000cd6a
core   0: 0x8000bd6e (0x283f2b23) sw      gp, 662(t5)
core   0: 3 0x8000bd6e (0x283f2b23) mem 0x8000d000 0x00000001
core   0: 0x8000bd72 (0x0000bfe5) c.j     pc - 8
core   0: 3 0x8000bd72 (0xbfe5)
core   0: 0x8000bd6a (0x00001f17) auipc   t5, 0x1
core   0: 3 0x8000bd6a (0x00001f17) x30 0x8000cd6a
core   0: 0x8000bd6e (0x283f2b23) sw      gp, 662(t5)
core   0: 3 0x8000bd6e (0x283f2b23) mem 0x8000d000 0x00000001
core   0: 0x8000bd72 (0x0000bfe5) c.j     pc - 8
core   0: 3 0x8000bd72 (0xbfe5)
core   0: 0x8000bd6a (0x00001f17) auipc   t5, 0x1
core   0: 3 0x8000bd6a (0x00001f17) x30 0x8000cd6a
core   0: 0x8000bd6e (0x283f2b23) sw      gp, 662(t5)
core   0: 3 0x8000bd6e (0x283f2b23) mem 0x8000d000 0x00000001
core   0: 0x8000bd72 (0x0000bfe5) c.j     pc - 8
core   0: 3 0x8000bd72 (0xbfe5)
core   0: 0x8000bd6a (0x00001f17) auipc   t5, 0x1
core   0: 3 0x8000bd6a (0x00001f17) x30 0x8000cd6a
core   0: 0x8000bd6e (0x283f2b23) sw      gp, 662(t5)
core   0: 3 0x8000bd6e (0x283f2b23) mem 0x8000d000 0x00000001
core   0: 0x8000bd72 (0x0000bfe5) c.j     pc - 8
core   0: 3 0x8000bd72 (0xbfe5)
core   0: 0x8000bd6a (0x00001f17) auipc   t5, 0x1
core   0: 3 0x8000bd6a (0x00001f17) x30 0x8000cd6a
core   0: 0x8000bd6e (0x283f2b23) sw      gp, 662(t5)
core   0: 3 0x8000bd6e (0x283f2b23) mem 0x8000d000 0x00000001
core   0: 0x8000bd72 (0x0000bfe5) c.j     pc - 8
core   0: 3 0x8000bd72 (0xbfe5)
core   0: 0x8000bd6a (0x00001f17) auipc   t5, 0x1
core   0: 3 0x8000bd6a (0x00001f17) x30 0x8000cd6a
core   0: 0x8000bd6e (0x283f2b23) sw      gp, 662(t5)
core   0: 3 0x8000bd6e (0x283f2b23) mem 0x8000d000 0x00000001
core   0: 0x8000bd72 (0x0000bfe5) c.j     pc - 8
core   0: 3 0x8000bd72 (0xbfe5)
core   0: 0x8000bd6a (0x00001f17) auipc   t5, 0x1
core   0: 3 0x8000bd6a (0x00001f17) x30 0x8000cd6a
core   0: 0x8000bd6e (0x283f2b23) sw      gp, 662(t5)
core   0: 3 0x8000bd6e (0x283f2b23) mem 0x8000d000 0x00000001
core   0: 0x8000bd72 (0x0000bfe5) c.j     pc - 8
core   0: 3 0x8000bd72 (0xbfe5)
core   0: 0x8000bd6a (0x00001f17) auipc   t5, 0x1
core   0: 3 0x8000bd6a (0x00001f17) x30 0x8000cd6a
core   0: 0x8000bd6e (0x283f2b23) sw      gp, 662(t5)
core   0: 3 0x8000bd6e (0x283f2b23) mem 0x8000d000 0x00000001
core   0: 0x8000bd72 (0x0000bfe5) c.j     pc - 8
core   0: 3 0x8000bd72 (0xbfe5)
core   0: 0x8000bd6a (0x00001f17) auipc   t5, 0x1
core   0: 3 0x8000bd6a (0x00001f17) x30 0x8000cd6a
core   0: 0x8000bd6e (0x283f2b23) sw      gp, 662(t5)
core   0: 3 0x8000bd6e (0x283f2b23) mem 0x8000d000 0x00000001
core   0: 0x8000bd72 (0x0000bfe5) c.j     pc - 8
core   0: 3 0x8000bd72 (0xbfe5)
core   0: 0x8000bd6a (0x00001f17) auipc   t5, 0x1
core   0: 3 0x8000bd6a (0x00001f17) x30 0x8000cd6a
core   0: 0x8000bd6e (0x283f2b23) sw      gp, 662(t5)
core   0: 3 0x8000bd6e (0x283f2b23) mem 0x8000d000 0x00000001
core   0: 0x8000bd72 (0x0000bfe5) c.j     pc - 8
core   0: 3 0x8000bd72 (0xbfe5)
core   0: 0x8000bd6a (0x00001f17) auipc   t5, 0x1
core   0: 3 0x8000bd6a (0x00001f17) x30 0x8000cd6a
core   0: 0x8000bd6e (0x283f2b23) sw      gp, 662(t5)
core   0: 3 0x8000bd6e (0x283f2b23) mem 0x8000d000 0x00000001
core   0: 0x8000bd72 (0x0000bfe5) c.j     pc - 8
core   0: 3 0x8000bd72 (0xbfe5)
core   0: 0x8000bd6a (0x00001f17) auipc   t5, 0x1
core   0: 3 0x8000bd6a (0x00001f17) x30 0x8000cd6a
core   0: 0x8000bd6e (0x283f2b23) sw      gp, 662(t5)
core   0: 3 0x8000bd6e (0x283f2b23) mem 0x8000d000 0x00000001
core   0: 0x8000bd72 (0x0000bfe5) c.j     pc - 8
core   0: 3 0x8000bd72 (0xbfe5)
core   0: 0x8000bd6a (0x00001f17) auipc   t5, 0x1
core   0: 3 0x8000bd6a (0x00001f17) x30 0x8000cd6a
core   0: 0x8000bd6e (0x283f2b23) sw      gp, 662(t5)
core   0: 3 0x8000bd6e (0x283f2b23) mem 0x8000d000 0x00000001
core   0: 0x8000bd72 (0x0000bfe5) c.j     pc - 8
core   0: 3 0x8000bd72 (0xbfe5)
core   0: 0x8000bd6a (0x00001f17) auipc   t5, 0x1
core   0: 3 0x8000bd6a (0x00001f17) x30 0x8000cd6a
core   0: 0x8000bd6e (0x283f2b23) sw      gp, 662(t5)
core   0: 3 0x8000bd6e (0x283f2b23) mem 0x8000d000 0x00000001
core   0: 0x8000bd72 (0x0000bfe5) c.j     pc - 8
core   0: 3 0x8000bd72 (0xbfe5)
core   0: 0x8000bd6a (0x00001f17) auipc   t5, 0x1
core   0: 3 0x8000bd6a (0x00001f17) x30 0x8000cd6a
core   0: 0x8000bd6e (0x283f2b23) sw      gp, 662(t5)
core   0: 3 0x8000bd6e (0x283f2b23) mem 0x8000d000 0x00000001
core   0: 0x8000bd72 (0x0000bfe5) c.j     pc - 8
core   0: 3 0x8000bd72 (0xbfe5)
core   0: 0x8000bd6a (0x00001f17) auipc   t5, 0x1
core   0: 3 0x8000bd6a (0x00001f17) x30 0x8000cd6a
core   0: 0x8000bd6e (0x283f2b23) sw      gp, 662(t5)
core   0: 3 0x8000bd6e (0x283f2b23) mem 0x8000d000 0x00000001
core   0: 0x8000bd72 (0x0000bfe5) c.j     pc - 8
core   0: 3 0x8000bd72 (0xbfe5)
core   0: 0x8000bd6a (0x00001f17) auipc   t5, 0x1
core   0: 3 0x8000bd6a (0x00001f17) x30 0x8000cd6a
core   0: 0x8000bd6e (0x283f2b23) sw      gp, 662(t5)
core   0: 3 0x8000bd6e (0x283f2b23) mem 0x8000d000 0x00000001
core   0: 0x8000bd72 (0x0000bfe5) c.j     pc - 8
core   0: 3 0x8000bd72 (0xbfe5)
core   0: 0x8000bd6a (0x00001f17) auipc   t5, 0x1
core   0: 3 0x8000bd6a (0x00001f17) x30 0x8000cd6a
core   0: 0x8000bd6e (0x283f2b23) sw      gp, 662(t5)
core   0: 3 0x8000bd6e (0x283f2b23) mem 0x8000d000 0x00000001
core   0: 0x8000bd72 (0x0000bfe5) c.j     pc - 8
core   0: 3 0x8000bd72 (0xbfe5)
core   0: 0x8000bd6a (0x00001f17) auipc   t5, 0x1
core   0: 3 0x8000bd6a (0x00001f17) x30 0x8000cd6a
core   0: 0x8000bd6e (0x283f2b23) sw      gp, 662(t5)
core   0: 3 0x8000bd6e (0x283f2b23) mem 0x8000d000 0x00000001
core   0: 0x8000bd72 (0x0000bfe5) c.j     pc - 8
core   0: 3 0x8000bd72 (0xbfe5)
core   0: 0x8000bd6a (0x00001f17) auipc   t5, 0x1
core   0: 3 0x8000bd6a (0x00001f17) x30 0x8000cd6a
core   0: 0x8000bd6e (0x283f2b23) sw      gp, 662(t5)
core   0: 3 0x8000bd6e (0x283f2b23) mem 0x8000d000 0x00000001
core   0: 0x8000bd72 (0x0000bfe5) c.j     pc - 8
core   0: 3 0x8000bd72 (0xbfe5)
core   0: 0x8000bd6a (0x00001f17) auipc   t5, 0x1
core   0: 3 0x8000bd6a (0x00001f17) x30 0x8000cd6a
core   0: 0x8000bd6e (0x283f2b23) sw      gp, 662(t5)
core   0: 3 0x8000bd6e (0x283f2b23) mem 0x8000d000 0x00000001
core   0: 0x8000bd72 (0x0000bfe5) c.j     pc - 8
core   0: 3 0x8000bd72 (0xbfe5)
core   0: 0x8000bd6a (0x00001f17) auipc   t5, 0x1
core   0: 3 0x8000bd6a (0x00001f17) x30 0x8000cd6a
core   0: 0x8000bd6e (0x283f2b23) sw      gp, 662(t5)
core   0: 3 0x8000bd6e (0x283f2b23) mem 0x8000d000 0x00000001
core   0: 0x8000bd72 (0x0000bfe5) c.j     pc - 8
core   0: 3 0x8000bd72 (0xbfe5)
core   0: 0x8000bd6a (0x00001f17) auipc   t5, 0x1
core   0: 3 0x8000bd6a (0x00001f17) x30 0x8000cd6a
core   0: 0x8000bd6e (0x283f2b23) sw      gp, 662(t5)
core   0: 3 0x8000bd6e (0x283f2b23) mem 0x8000d000 0x00000001
core   0: 0x8000bd72 (0x0000bfe5) c.j     pc - 8
core   0: 3 0x8000bd72 (0xbfe5)
core   0: 0x8000bd6a (0x00001f17) auipc   t5, 0x1
core   0: 3 0x8000bd6a (0x00001f17) x30 0x8000cd6a
core   0: 0x8000bd6e (0x283f2b23) sw      gp, 662(t5)
core   0: 3 0x8000bd6e (0x283f2b23) mem 0x8000d000 0x00000001
core   0: 0x8000bd72 (0x0000bfe5) c.j     pc - 8
core   0: 3 0x8000bd72 (0xbfe5)
core   0: 0x8000bd6a (0x00001f17) auipc   t5, 0x1
core   0: 3 0x8000bd6a (0x00001f17) x30 0x8000cd6a
core   0: 0x8000bd6e (0x283f2b23) sw      gp, 662(t5)
core   0: 3 0x8000bd6e (0x283f2b23) mem 0x8000d000 0x00000001
core   0: 0x8000bd72 (0x0000bfe5) c.j     pc - 8
core   0: 3 0x8000bd72 (0xbfe5)
core   0: 0x8000bd6a (0x00001f17) auipc   t5, 0x1
core   0: 3 0x8000bd6a (0x00001f17) x30 0x8000cd6a
core   0: 0x8000bd6e (0x283f2b23) sw      gp, 662(t5)
core   0: 3 0x8000bd6e (0x283f2b23) mem 0x8000d000 0x00000001
core   0: 0x8000bd72 (0x0000bfe5) c.j     pc - 8
core   0: 3 0x8000bd72 (0xbfe5)
core   0: 0x8000bd6a (0x00001f17) auipc   t5, 0x1
core   0: 3 0x8000bd6a (0x00001f17) x30 0x8000cd6a
core   0: 0x8000bd6e (0x283f2b23) sw      gp, 662(t5)
core   0: 3 0x8000bd6e (0x283f2b23) mem 0x8000d000 0x00000001
core   0: 0x8000bd72 (0x0000bfe5) c.j     pc - 8
core   0: 3 0x8000bd72 (0xbfe5)
core   0: 0x8000bd6a (0x00001f17) auipc   t5, 0x1
core   0: 3 0x8000bd6a (0x00001f17) x30 0x8000cd6a
core   0: 0x8000bd6e (0x283f2b23) sw      gp, 662(t5)
core   0: 3 0x8000bd6e (0x283f2b23) mem 0x8000d000 0x00000001
core   0: 0x8000bd72 (0x0000bfe5) c.j     pc - 8
core   0: 3 0x8000bd72 (0xbfe5)
core   0: 0x8000bd6a (0x00001f17) auipc   t5, 0x1
core   0: 3 0x8000bd6a (0x00001f17) x30 0x8000cd6a
core   0: 0x8000bd6e (0x283f2b23) sw      gp, 662(t5)
core   0: 3 0x8000bd6e (0x283f2b23) mem 0x8000d000 0x00000001
core   0: 0x8000bd72 (0x0000bfe5) c.j     pc - 8
core   0: 3 0x8000bd72 (0xbfe5)
core   0: 0x8000bd6a (0x00001f17) auipc   t5, 0x1
core   0: 3 0x8000bd6a (0x00001f17) x30 0x8000cd6a
core   0: 0x8000bd6e (0x283f2b23) sw      gp, 662(t5)
core   0: 3 0x8000bd6e (0x283f2b23) mem 0x8000d000 0x00000001
core   0: 0x8000bd72 (0x0000bfe5) c.j     pc - 8
core   0: 3 0x8000bd72 (0xbfe5)
core   0: 0x8000bd6a (0x00001f17) auipc   t5, 0x1
core   0: 3 0x8000bd6a (0x00001f17) x30 0x8000cd6a
core   0: 0x8000bd6e (0x283f2b23) sw      gp, 662(t5)
core   0: 3 0x8000bd6e (0x283f2b23) mem 0x8000d000 0x00000001
core   0: 0x8000bd72 (0x0000bfe5) c.j     pc - 8
core   0: 3 0x8000bd72 (0xbfe5)
core   0: 0x8000bd6a (0x00001f17) auipc   t5, 0x1
core   0: 3 0x8000bd6a (0x00001f17) x30 0x8000cd6a
core   0: 0x8000bd6e (0x283f2b23) sw      gp, 662(t5)
core   0: 3 0x8000bd6e (0x283f2b23) mem 0x8000d000 0x00000001
core   0: 0x8000bd72 (0x0000bfe5) c.j     pc - 8
core   0: 3 0x8000bd72 (0xbfe5)
core   0: 0x8000bd6a (0x00001f17) auipc   t5, 0x1
core   0: 3 0x8000bd6a (0x00001f17) x30 0x8000cd6a
core   0: 0x8000bd6e (0x283f2b23) sw      gp, 662(t5)
core   0: 3 0x8000bd6e (0x283f2b23) mem 0x8000d000 0x00000001
core   0: 0x8000bd72 (0x0000bfe5) c.j     pc - 8
core   0: 3 0x8000bd72 (0xbfe5)
core   0: 0x8000bd6a (0x00001f17) auipc   t5, 0x1
core   0: 3 0x8000bd6a (0x00001f17) x30 0x8000cd6a
core   0: 0x8000bd6e (0x283f2b23) sw      gp, 662(t5)
core   0: 3 0x8000bd6e (0x283f2b23) mem 0x8000d000 0x00000001
core   0: 0x8000bd72 (0x0000bfe5) c.j     pc - 8
core   0: 3 0x8000bd72 (0xbfe5)
core   0: 0x8000bd6a (0x00001f17) auipc   t5, 0x1
core   0: 3 0x8000bd6a (0x00001f17) x30 0x8000cd6a
core   0: 0x8000bd6e (0x283f2b23) sw      gp, 662(t5)
core   0: 3 0x8000bd6e (0x283f2b23) mem 0x8000d000 0x00000001
core   0: 0x8000bd72 (0x0000bfe5) c.j     pc - 8
core   0: 3 0x8000bd72 (0xbfe5)
core   0: 0x8000bd6a (0x00001f17) auipc   t5, 0x1
core   0: 3 0x8000bd6a (0x00001f17) x30 0x8000cd6a
core   0: 0x8000bd6e (0x283f2b23) sw      gp, 662(t5)
core   0: 3 0x8000bd6e (0x283f2b23) mem 0x8000d000 0x00000001
core   0: 0x8000bd72 (0x0000bfe5) c.j     pc - 8
core   0: 3 0x8000bd72 (0xbfe5)
core   0: 0x8000bd6a (0x00001f17) auipc   t5, 0x1
core   0: 3 0x8000bd6a (0x00001f17) x30 0x8000cd6a
core   0: 0x8000bd6e (0x283f2b23) sw      gp, 662(t5)
core   0: 3 0x8000bd6e (0x283f2b23) mem 0x8000d000 0x00000001
core   0: 0x8000bd72 (0x0000bfe5) c.j     pc - 8
core   0: 3 0x8000bd72 (0xbfe5)
core   0: 0x8000bd6a (0x00001f17) auipc   t5, 0x1
core   0: 3 0x8000bd6a (0x00001f17) x30 0x8000cd6a
core   0: 0x8000bd6e (0x283f2b23) sw      gp, 662(t5)
core   0: 3 0x8000bd6e (0x283f2b23) mem 0x8000d000 0x00000001
core   0: 0x8000bd72 (0x0000bfe5) c.j     pc - 8
core   0: 3 0x8000bd72 (0xbfe5)
core   0: 0x8000bd6a (0x00001f17) auipc   t5, 0x1
core   0: 3 0x8000bd6a (0x00001f17) x30 0x8000cd6a
core   0: 0x8000bd6e (0x283f2b23) sw      gp, 662(t5)
core   0: 3 0x8000bd6e (0x283f2b23) mem 0x8000d000 0x00000001
core   0: 0x8000bd72 (0x0000bfe5) c.j     pc - 8
core   0: 3 0x8000bd72 (0xbfe5)
core   0: 0x8000bd6a (0x00001f17) auipc   t5, 0x1
core   0: 3 0x8000bd6a (0x00001f17) x30 0x8000cd6a
core   0: 0x8000bd6e (0x283f2b23) sw      gp, 662(t5)
core   0: 3 0x8000bd6e (0x283f2b23) mem 0x8000d000 0x00000001
core   0: 0x8000bd72 (0x0000bfe5) c.j     pc - 8
core   0: 3 0x8000bd72 (0xbfe5)
core   0: 0x8000bd6a (0x00001f17) auipc   t5, 0x1
core   0: 3 0x8000bd6a (0x00001f17) x30 0x8000cd6a
core   0: 0x8000bd6e (0x283f2b23) sw      gp, 662(t5)
core   0: 3 0x8000bd6e (0x283f2b23) mem 0x8000d000 0x00000001
core   0: 0x8000bd72 (0x0000bfe5) c.j     pc - 8
core   0: 3 0x8000bd72 (0xbfe5)
core   0: 0x8000bd6a (0x00001f17) auipc   t5, 0x1
core   0: 3 0x8000bd6a (0x00001f17) x30 0x8000cd6a
core   0: 0x8000bd6e (0x283f2b23) sw      gp, 662(t5)
core   0: 3 0x8000bd6e (0x283f2b23) mem 0x8000d000 0x00000001
core   0: 0x8000bd72 (0x0000bfe5) c.j     pc - 8
core   0: 3 0x8000bd72 (0xbfe5)
core   0: 0x8000bd6a (0x00001f17) auipc   t5, 0x1
core   0: 3 0x8000bd6a (0x00001f17) x30 0x8000cd6a
core   0: 0x8000bd6e (0x283f2b23) sw      gp, 662(t5)
core   0: 3 0x8000bd6e (0x283f2b23) mem 0x8000d000 0x00000001
core   0: 0x8000bd72 (0x0000bfe5) c.j     pc - 8
core   0: 3 0x8000bd72 (0xbfe5)
core   0: 0x8000bd6a (0x00001f17) auipc   t5, 0x1
core   0: 3 0x8000bd6a (0x00001f17) x30 0x8000cd6a
core   0: 0x8000bd6e (0x283f2b23) sw      gp, 662(t5)
core   0: 3 0x8000bd6e (0x283f2b23) mem 0x8000d000 0x00000001
core   0: 0x8000bd72 (0x0000bfe5) c.j     pc - 8
core   0: 3 0x8000bd72 (0xbfe5)
core   0: 0x8000bd6a (0x00001f17) auipc   t5, 0x1
core   0: 3 0x8000bd6a (0x00001f17) x30 0x8000cd6a
core   0: 0x8000bd6e (0x283f2b23) sw      gp, 662(t5)
core   0: 3 0x8000bd6e (0x283f2b23) mem 0x8000d000 0x00000001
core   0: 0x8000bd72 (0x0000bfe5) c.j     pc - 8
core   0: 3 0x8000bd72 (0xbfe5)
core   0: 0x8000bd6a (0x00001f17) auipc   t5, 0x1
core   0: 3 0x8000bd6a (0x00001f17) x30 0x8000cd6a
core   0: 0x8000bd6e (0x283f2b23) sw      gp, 662(t5)
core   0: 3 0x8000bd6e (0x283f2b23) mem 0x8000d000 0x00000001
core   0: 0x8000bd72 (0x0000bfe5) c.j     pc - 8
core   0: 3 0x8000bd72 (0xbfe5)
core   0: 0x8000bd6a (0x00001f17) auipc   t5, 0x1
core   0: 3 0x8000bd6a (0x00001f17) x30 0x8000cd6a
core   0: 0x8000bd6e (0x283f2b23) sw      gp, 662(t5)
core   0: 3 0x8000bd6e (0x283f2b23) mem 0x8000d000 0x00000001
core   0: 0x8000bd72 (0x0000bfe5) c.j     pc - 8
core   0: 3 0x8000bd72 (0xbfe5)
core   0: 0x8000bd6a (0x00001f17) auipc   t5, 0x1
core   0: 3 0x8000bd6a (0x00001f17) x30 0x8000cd6a
core   0: 0x8000bd6e (0x283f2b23) sw      gp, 662(t5)
core   0: 3 0x8000bd6e (0x283f2b23) mem 0x8000d000 0x00000001
core   0: 0x8000bd72 (0x0000bfe5) c.j     pc - 8
core   0: 3 0x8000bd72 (0xbfe5)
core   0: 0x8000bd6a (0x00001f17) auipc   t5, 0x1
core   0: 3 0x8000bd6a (0x00001f17) x30 0x8000cd6a
core   0: 0x8000bd6e (0x283f2b23) sw      gp, 662(t5)
core   0: 3 0x8000bd6e (0x283f2b23) mem 0x8000d000 0x00000001
core   0: 0x8000bd72 (0x0000bfe5) c.j     pc - 8
core   0: 3 0x8000bd72 (0xbfe5)
core   0: 0x8000bd6a (0x00001f17) auipc   t5, 0x1
core   0: 3 0x8000bd6a (0x00001f17) x30 0x8000cd6a
core   0: 0x8000bd6e (0x283f2b23) sw      gp, 662(t5)
core   0: 3 0x8000bd6e (0x283f2b23) mem 0x8000d000 0x00000001
core   0: 0x8000bd72 (0x0000bfe5) c.j     pc - 8
core   0: 3 0x8000bd72 (0xbfe5)
core   0: 0x8000bd6a (0x00001f17) auipc   t5, 0x1
core   0: 3 0x8000bd6a (0x00001f17) x30 0x8000cd6a
core   0: 0x8000bd6e (0x283f2b23) sw      gp, 662(t5)
core   0: 3 0x8000bd6e (0x283f2b23) mem 0x8000d000 0x00000001
core   0: 0x8000bd72 (0x0000bfe5) c.j     pc - 8
core   0: 3 0x8000bd72 (0xbfe5)
core   0: 0x8000bd6a (0x00001f17) auipc   t5, 0x1
core   0: 3 0x8000bd6a (0x00001f17) x30 0x8000cd6a
core   0: 0x8000bd6e (0x283f2b23) sw      gp, 662(t5)
core   0: 3 0x8000bd6e (0x283f2b23) mem 0x8000d000 0x00000001
core   0: 0x8000bd72 (0x0000bfe5) c.j     pc - 8
core   0: 3 0x8000bd72 (0xbfe5)
core   0: 0x8000bd6a (0x00001f17) auipc   t5, 0x1
core   0: 3 0x8000bd6a (0x00001f17) x30 0x8000cd6a
core   0: 0x8000bd6e (0x283f2b23) sw      gp, 662(t5)
core   0: 3 0x8000bd6e (0x283f2b23) mem 0x8000d000 0x00000001
core   0: 0x8000bd72 (0x0000bfe5) c.j     pc - 8
core   0: 3 0x8000bd72 (0xbfe5)
core   0: 0x8000bd6a (0x00001f17) auipc   t5, 0x1
core   0: 3 0x8000bd6a (0x00001f17) x30 0x8000cd6a
core   0: 0x8000bd6e (0x283f2b23) sw      gp, 662(t5)
core   0: 3 0x8000bd6e (0x283f2b23) mem 0x8000d000 0x00000001
core   0: 0x8000bd72 (0x0000bfe5) c.j     pc - 8
core   0: 3 0x8000bd72 (0xbfe5)
core   0: 0x8000bd6a (0x00001f17) auipc   t5, 0x1
core   0: 3 0x8000bd6a (0x00001f17) x30 0x8000cd6a
core   0: 0x8000bd6e (0x283f2b23) sw      gp, 662(t5)
core   0: 3 0x8000bd6e (0x283f2b23) mem 0x8000d000 0x00000001
core   0: 0x8000bd72 (0x0000bfe5) c.j     pc - 8
core   0: 3 0x8000bd72 (0xbfe5)
core   0: 0x8000bd6a (0x00001f17) auipc   t5, 0x1
core   0: 3 0x8000bd6a (0x00001f17) x30 0x8000cd6a
core   0: 0x8000bd6e (0x283f2b23) sw      gp, 662(t5)
core   0: 3 0x8000bd6e (0x283f2b23) mem 0x8000d000 0x00000001
core   0: 0x8000bd72 (0x0000bfe5) c.j     pc - 8
core   0: 3 0x8000bd72 (0xbfe5)
core   0: 0x8000bd6a (0x00001f17) auipc   t5, 0x1
core   0: 3 0x8000bd6a (0x00001f17) x30 0x8000cd6a
core   0: 0x8000bd6e (0x283f2b23) sw      gp, 662(t5)
core   0: 3 0x8000bd6e (0x283f2b23) mem 0x8000d000 0x00000001
core   0: 0x8000bd72 (0x0000bfe5) c.j     pc - 8
core   0: 3 0x8000bd72 (0xbfe5)
core   0: 0x8000bd6a (0x00001f17) auipc   t5, 0x1
core   0: 3 0x8000bd6a (0x00001f17) x30 0x8000cd6a
core   0: 0x8000bd6e (0x283f2b23) sw      gp, 662(t5)
core   0: 3 0x8000bd6e (0x283f2b23) mem 0x8000d000 0x00000001
core   0: 0x8000bd72 (0x0000bfe5) c.j     pc - 8
core   0: 3 0x8000bd72 (0xbfe5)
core   0: 0x8000bd6a (0x00001f17) auipc   t5, 0x1
core   0: 3 0x8000bd6a (0x00001f17) x30 0x8000cd6a
core   0: 0x8000bd6e (0x283f2b23) sw      gp, 662(t5)
core   0: 3 0x8000bd6e (0x283f2b23) mem 0x8000d000 0x00000001
core   0: 0x8000bd72 (0x0000bfe5) c.j     pc - 8
core   0: 3 0x8000bd72 (0xbfe5)
core   0: 0x8000bd6a (0x00001f17) auipc   t5, 0x1
core   0: 3 0x8000bd6a (0x00001f17) x30 0x8000cd6a
core   0: 0x8000bd6e (0x283f2b23) sw      gp, 662(t5)
core   0: 3 0x8000bd6e (0x283f2b23) mem 0x8000d000 0x00000001
core   0: 0x8000bd72 (0x0000bfe5) c.j     pc - 8
core   0: 3 0x8000bd72 (0xbfe5)
core   0: 0x8000bd6a (0x00001f17) auipc   t5, 0x1
core   0: 3 0x8000bd6a (0x00001f17) x30 0x8000cd6a
core   0: 0x8000bd6e (0x283f2b23) sw      gp, 662(t5)
core   0: 3 0x8000bd6e (0x283f2b23) mem 0x8000d000 0x00000001
core   0: 0x8000bd72 (0x0000bfe5) c.j     pc - 8
core   0: 3 0x8000bd72 (0xbfe5)
core   0: 0x8000bd6a (0x00001f17) auipc   t5, 0x1
core   0: 3 0x8000bd6a (0x00001f17) x30 0x8000cd6a
core   0: 0x8000bd6e (0x283f2b23) sw      gp, 662(t5)
core   0: 3 0x8000bd6e (0x283f2b23) mem 0x8000d000 0x00000001
core   0: 0x8000bd72 (0x0000bfe5) c.j     pc - 8
core   0: 3 0x8000bd72 (0xbfe5)
core   0: 0x8000bd6a (0x00001f17) auipc   t5, 0x1
core   0: 3 0x8000bd6a (0x00001f17) x30 0x8000cd6a
core   0: 0x8000bd6e (0x283f2b23) sw      gp, 662(t5)
core   0: 3 0x8000bd6e (0x283f2b23) mem 0x8000d000 0x00000001
core   0: 0x8000bd72 (0x0000bfe5) c.j     pc - 8
core   0: 3 0x8000bd72 (0xbfe5)
core   0: 0x8000bd6a (0x00001f17) auipc   t5, 0x1
core   0: 3 0x8000bd6a (0x00001f17) x30 0x8000cd6a
core   0: 0x8000bd6e (0x283f2b23) sw      gp, 662(t5)
core   0: 3 0x8000bd6e (0x283f2b23) mem 0x8000d000 0x00000001
core   0: 0x8000bd72 (0x0000bfe5) c.j     pc - 8
core   0: 3 0x8000bd72 (0xbfe5)
core   0: 0x8000bd6a (0x00001f17) auipc   t5, 0x1
core   0: 3 0x8000bd6a (0x00001f17) x30 0x8000cd6a
core   0: 0x8000bd6e (0x283f2b23) sw      gp, 662(t5)
core   0: 3 0x8000bd6e (0x283f2b23) mem 0x8000d000 0x00000001
core   0: 0x8000bd72 (0x0000bfe5) c.j     pc - 8
core   0: 3 0x8000bd72 (0xbfe5)
core   0: 0x8000bd6a (0x00001f17) auipc   t5, 0x1
core   0: 3 0x8000bd6a (0x00001f17) x30 0x8000cd6a
core   0: 0x8000bd6e (0x283f2b23) sw      gp, 662(t5)
core   0: 3 0x8000bd6e (0x283f2b23) mem 0x8000d000 0x00000001
core   0: 0x8000bd72 (0x0000bfe5) c.j     pc - 8
core   0: 3 0x8000bd72 (0xbfe5)
core   0: 0x8000bd6a (0x00001f17) auipc   t5, 0x1
core   0: 3 0x8000bd6a (0x00001f17) x30 0x8000cd6a
core   0: 0x8000bd6e (0x283f2b23) sw      gp, 662(t5)
core   0: 3 0x8000bd6e (0x283f2b23) mem 0x8000d000 0x00000001
core   0: 0x8000bd72 (0x0000bfe5) c.j     pc - 8
core   0: 3 0x8000bd72 (0xbfe5)
core   0: 0x8000bd6a (0x00001f17) auipc   t5, 0x1
core   0: 3 0x8000bd6a (0x00001f17) x30 0x8000cd6a
core   0: 0x8000bd6e (0x283f2b23) sw      gp, 662(t5)
core   0: 3 0x8000bd6e (0x283f2b23) mem 0x8000d000 0x00000001
core   0: 0x8000bd72 (0x0000bfe5) c.j     pc - 8
core   0: 3 0x8000bd72 (0xbfe5)
core   0: 0x8000bd6a (0x00001f17) auipc   t5, 0x1
core   0: 3 0x8000bd6a (0x00001f17) x30 0x8000cd6a
core   0: 0x8000bd6e (0x283f2b23) sw      gp, 662(t5)
core   0: 3 0x8000bd6e (0x283f2b23) mem 0x8000d000 0x00000001
core   0: 0x8000bd72 (0x0000bfe5) c.j     pc - 8
core   0: 3 0x8000bd72 (0xbfe5)
core   0: 0x8000bd6a (0x00001f17) auipc   t5, 0x1
core   0: 3 0x8000bd6a (0x00001f17) x30 0x8000cd6a
core   0: 0x8000bd6e (0x283f2b23) sw      gp, 662(t5)
core   0: 3 0x8000bd6e (0x283f2b23) mem 0x8000d000 0x00000001
core   0: 0x8000bd72 (0x0000bfe5) c.j     pc - 8
core   0: 3 0x8000bd72 (0xbfe5)
core   0: 0x8000bd6a (0x00001f17) auipc   t5, 0x1
core   0: 3 0x8000bd6a (0x00001f17) x30 0x8000cd6a
core   0: 0x8000bd6e (0x283f2b23) sw      gp, 662(t5)
core   0: 3 0x8000bd6e (0x283f2b23) mem 0x8000d000 0x00000001
core   0: 0x8000bd72 (0x0000bfe5) c.j     pc - 8
core   0: 3 0x8000bd72 (0xbfe5)
core   0: 0x8000bd6a (0x00001f17) auipc   t5, 0x1
core   0: 3 0x8000bd6a (0x00001f17) x30 0x8000cd6a
core   0: 0x8000bd6e (0x283f2b23) sw      gp, 662(t5)
core   0: 3 0x8000bd6e (0x283f2b23) mem 0x8000d000 0x00000001
core   0: 0x8000bd72 (0x0000bfe5) c.j     pc - 8
core   0: 3 0x8000bd72 (0xbfe5)
core   0: 0x8000bd6a (0x00001f17) auipc   t5, 0x1
core   0: 3 0x8000bd6a (0x00001f17) x30 0x8000cd6a
core   0: 0x8000bd6e (0x283f2b23) sw      gp, 662(t5)
core   0: 3 0x8000bd6e (0x283f2b23) mem 0x8000d000 0x00000001
core   0: 0x8000bd72 (0x0000bfe5) c.j     pc - 8
core   0: 3 0x8000bd72 (0xbfe5)
core   0: 0x8000bd6a (0x00001f17) auipc   t5, 0x1
core   0: 3 0x8000bd6a (0x00001f17) x30 0x8000cd6a
core   0: 0x8000bd6e (0x283f2b23) sw      gp, 662(t5)
core   0: 3 0x8000bd6e (0x283f2b23) mem 0x8000d000 0x00000001
core   0: 0x8000bd72 (0x0000bfe5) c.j     pc - 8
core   0: 3 0x8000bd72 (0xbfe5)
core   0: 0x8000bd6a (0x00001f17) auipc   t5, 0x1
core   0: 3 0x8000bd6a (0x00001f17) x30 0x8000cd6a
core   0: 0x8000bd6e (0x283f2b23) sw      gp, 662(t5)
core   0: 3 0x8000bd6e (0x283f2b23) mem 0x8000d000 0x00000001
core   0: 0x8000bd72 (0x0000bfe5) c.j     pc - 8
core   0: 3 0x8000bd72 (0xbfe5)
core   0: 0x8000bd6a (0x00001f17) auipc   t5, 0x1
core   0: 3 0x8000bd6a (0x00001f17) x30 0x8000cd6a
core   0: 0x8000bd6e (0x283f2b23) sw      gp, 662(t5)
core   0: 3 0x8000bd6e (0x283f2b23) mem 0x8000d000 0x00000001
core   0: 0x8000bd72 (0x0000bfe5) c.j     pc - 8
core   0: 3 0x8000bd72 (0xbfe5)
core   0: 0x8000bd6a (0x00001f17) auipc   t5, 0x1
core   0: 3 0x8000bd6a (0x00001f17) x30 0x8000cd6a
core   0: 0x8000bd6e (0x283f2b23) sw      gp, 662(t5)
core   0: 3 0x8000bd6e (0x283f2b23) mem 0x8000d000 0x00000001
core   0: 0x8000bd72 (0x0000bfe5) c.j     pc - 8
core   0: 3 0x8000bd72 (0xbfe5)
core   0: 0x8000bd6a (0x00001f17) auipc   t5, 0x1
core   0: 3 0x8000bd6a (0x00001f17) x30 0x8000cd6a
core   0: 0x8000bd6e (0x283f2b23) sw      gp, 662(t5)
core   0: 3 0x8000bd6e (0x283f2b23) mem 0x8000d000 0x00000001
core   0: 0x8000bd72 (0x0000bfe5) c.j     pc - 8
core   0: 3 0x8000bd72 (0xbfe5)
core   0: 0x8000bd6a (0x00001f17) auipc   t5, 0x1
core   0: 3 0x8000bd6a (0x00001f17) x30 0x8000cd6a
core   0: 0x8000bd6e (0x283f2b23) sw      gp, 662(t5)
core   0: 3 0x8000bd6e (0x283f2b23) mem 0x8000d000 0x00000001
core   0: 0x8000bd72 (0x0000bfe5) c.j     pc - 8
core   0: 3 0x8000bd72 (0xbfe5)
core   0: 0x8000bd6a (0x00001f17) auipc   t5, 0x1
core   0: 3 0x8000bd6a (0x00001f17) x30 0x8000cd6a
core   0: 0x8000bd6e (0x283f2b23) sw      gp, 662(t5)
core   0: 3 0x8000bd6e (0x283f2b23) mem 0x8000d000 0x00000001
core   0: 0x8000bd72 (0x0000bfe5) c.j     pc - 8
core   0: 3 0x8000bd72 (0xbfe5)
core   0: 0x8000bd6a (0x00001f17) auipc   t5, 0x1
core   0: 3 0x8000bd6a (0x00001f17) x30 0x8000cd6a
core   0: 0x8000bd6e (0x283f2b23) sw      gp, 662(t5)
core   0: 3 0x8000bd6e (0x283f2b23) mem 0x8000d000 0x00000001
core   0: 0x8000bd72 (0x0000bfe5) c.j     pc - 8
core   0: 3 0x8000bd72 (0xbfe5)
core   0: 0x8000bd6a (0x00001f17) auipc   t5, 0x1
core   0: 3 0x8000bd6a (0x00001f17) x30 0x8000cd6a
core   0: 0x8000bd6e (0x283f2b23) sw      gp, 662(t5)
core   0: 3 0x8000bd6e (0x283f2b23) mem 0x8000d000 0x00000001
core   0: 0x8000bd72 (0x0000bfe5) c.j     pc - 8
core   0: 3 0x8000bd72 (0xbfe5)
core   0: 0x8000bd6a (0x00001f17) auipc   t5, 0x1
core   0: 3 0x8000bd6a (0x00001f17) x30 0x8000cd6a
core   0: 0x8000bd6e (0x283f2b23) sw      gp, 662(t5)
core   0: 3 0x8000bd6e (0x283f2b23) mem 0x8000d000 0x00000001
core   0: 0x8000bd72 (0x0000bfe5) c.j     pc - 8
core   0: 3 0x8000bd72 (0xbfe5)
core   0: 0x8000bd6a (0x00001f17) auipc   t5, 0x1
core   0: 3 0x8000bd6a (0x00001f17) x30 0x8000cd6a
core   0: 0x8000bd6e (0x283f2b23) sw      gp, 662(t5)
core   0: 3 0x8000bd6e (0x283f2b23) mem 0x8000d000 0x00000001
core   0: 0x8000bd72 (0x0000bfe5) c.j     pc - 8
core   0: 3 0x8000bd72 (0xbfe5)
core   0: 0x8000bd6a (0x00001f17) auipc   t5, 0x1
core   0: 3 0x8000bd6a (0x00001f17) x30 0x8000cd6a
core   0: 0x8000bd6e (0x283f2b23) sw      gp, 662(t5)
core   0: 3 0x8000bd6e (0x283f2b23) mem 0x8000d000 0x00000001
core   0: 0x8000bd72 (0x0000bfe5) c.j     pc - 8
core   0: 3 0x8000bd72 (0xbfe5)
core   0: 0x8000bd6a (0x00001f17) auipc   t5, 0x1
core   0: 3 0x8000bd6a (0x00001f17) x30 0x8000cd6a
core   0: 0x8000bd6e (0x283f2b23) sw      gp, 662(t5)
core   0: 3 0x8000bd6e (0x283f2b23) mem 0x8000d000 0x00000001
core   0: 0x8000bd72 (0x0000bfe5) c.j     pc - 8
core   0: 3 0x8000bd72 (0xbfe5)
core   0: 0x8000bd6a (0x00001f17) auipc   t5, 0x1
core   0: 3 0x8000bd6a (0x00001f17) x30 0x8000cd6a
core   0: 0x8000bd6e (0x283f2b23) sw      gp, 662(t5)
core   0: 3 0x8000bd6e (0x283f2b23) mem 0x8000d000 0x00000001
core   0: 0x8000bd72 (0x0000bfe5) c.j     pc - 8
core   0: 3 0x8000bd72 (0xbfe5)
core   0: 0x8000bd6a (0x00001f17) auipc   t5, 0x1
core   0: 3 0x8000bd6a (0x00001f17) x30 0x8000cd6a
core   0: 0x8000bd6e (0x283f2b23) sw      gp, 662(t5)
core   0: 3 0x8000bd6e (0x283f2b23) mem 0x8000d000 0x00000001
core   0: 0x8000bd72 (0x0000bfe5) c.j     pc - 8
core   0: 3 0x8000bd72 (0xbfe5)
core   0: 0x8000bd6a (0x00001f17) auipc   t5, 0x1
core   0: 3 0x8000bd6a (0x00001f17) x30 0x8000cd6a
core   0: 0x8000bd6e (0x283f2b23) sw      gp, 662(t5)
core   0: 3 0x8000bd6e (0x283f2b23) mem 0x8000d000 0x00000001
core   0: 0x8000bd72 (0x0000bfe5) c.j     pc - 8
core   0: 3 0x8000bd72 (0xbfe5)
core   0: 0x8000bd6a (0x00001f17) auipc   t5, 0x1
core   0: 3 0x8000bd6a (0x00001f17) x30 0x8000cd6a
core   0: 0x8000bd6e (0x283f2b23) sw      gp, 662(t5)
core   0: 3 0x8000bd6e (0x283f2b23) mem 0x8000d000 0x00000001
core   0: 0x8000bd72 (0x0000bfe5) c.j     pc - 8
core   0: 3 0x8000bd72 (0xbfe5)
core   0: 0x8000bd6a (0x00001f17) auipc   t5, 0x1
core   0: 3 0x8000bd6a (0x00001f17) x30 0x8000cd6a
core   0: 0x8000bd6e (0x283f2b23) sw      gp, 662(t5)
core   0: 3 0x8000bd6e (0x283f2b23) mem 0x8000d000 0x00000001
core   0: 0x8000bd72 (0x0000bfe5) c.j     pc - 8
core   0: 3 0x8000bd72 (0xbfe5)
core   0: 0x8000bd6a (0x00001f17) auipc   t5, 0x1
core   0: 3 0x8000bd6a (0x00001f17) x30 0x8000cd6a
core   0: 0x8000bd6e (0x283f2b23) sw      gp, 662(t5)
core   0: 3 0x8000bd6e (0x283f2b23) mem 0x8000d000 0x00000001
core   0: 0x8000bd72 (0x0000bfe5) c.j     pc - 8
core   0: 3 0x8000bd72 (0xbfe5)
core   0: 0x8000bd6a (0x00001f17) auipc   t5, 0x1
core   0: 3 0x8000bd6a (0x00001f17) x30 0x8000cd6a
core   0: 0x8000bd6e (0x283f2b23) sw      gp, 662(t5)
core   0: 3 0x8000bd6e (0x283f2b23) mem 0x8000d000 0x00000001
core   0: 0x8000bd72 (0x0000bfe5) c.j     pc - 8
core   0: 3 0x8000bd72 (0xbfe5)
core   0: 0x8000bd6a (0x00001f17) auipc   t5, 0x1
core   0: 3 0x8000bd6a (0x00001f17) x30 0x8000cd6a
core   0: 0x8000bd6e (0x283f2b23) sw      gp, 662(t5)
core   0: 3 0x8000bd6e (0x283f2b23) mem 0x8000d000 0x00000001
core   0: 0x8000bd72 (0x0000bfe5) c.j     pc - 8
core   0: 3 0x8000bd72 (0xbfe5)
core   0: 0x8000bd6a (0x00001f17) auipc   t5, 0x1
core   0: 3 0x8000bd6a (0x00001f17) x30 0x8000cd6a
core   0: 0x8000bd6e (0x283f2b23) sw      gp, 662(t5)
core   0: 3 0x8000bd6e (0x283f2b23) mem 0x8000d000 0x00000001
core   0: 0x8000bd72 (0x0000bfe5) c.j     pc - 8
core   0: 3 0x8000bd72 (0xbfe5)
core   0: 0x8000bd6a (0x00001f17) auipc   t5, 0x1
core   0: 3 0x8000bd6a (0x00001f17) x30 0x8000cd6a
core   0: 0x8000bd6e (0x283f2b23) sw      gp, 662(t5)
core   0: 3 0x8000bd6e (0x283f2b23) mem 0x8000d000 0x00000001
core   0: 0x8000bd72 (0x0000bfe5) c.j     pc - 8
core   0: 3 0x8000bd72 (0xbfe5)
core   0: 0x8000bd6a (0x00001f17) auipc   t5, 0x1
core   0: 3 0x8000bd6a (0x00001f17) x30 0x8000cd6a
core   0: 0x8000bd6e (0x283f2b23) sw      gp, 662(t5)
core   0: 3 0x8000bd6e (0x283f2b23) mem 0x8000d000 0x00000001
core   0: 0x8000bd72 (0x0000bfe5) c.j     pc - 8
core   0: 3 0x8000bd72 (0xbfe5)
core   0: 0x8000bd6a (0x00001f17) auipc   t5, 0x1
core   0: 3 0x8000bd6a (0x00001f17) x30 0x8000cd6a
core   0: 0x8000bd6e (0x283f2b23) sw      gp, 662(t5)
core   0: 3 0x8000bd6e (0x283f2b23) mem 0x8000d000 0x00000001
core   0: 0x8000bd72 (0x0000bfe5) c.j     pc - 8
core   0: 3 0x8000bd72 (0xbfe5)
core   0: 0x8000bd6a (0x00001f17) auipc   t5, 0x1
core   0: 3 0x8000bd6a (0x00001f17) x30 0x8000cd6a
core   0: 0x8000bd6e (0x283f2b23) sw      gp, 662(t5)
core   0: 3 0x8000bd6e (0x283f2b23) mem 0x8000d000 0x00000001
core   0: 0x8000bd72 (0x0000bfe5) c.j     pc - 8
core   0: 3 0x8000bd72 (0xbfe5)
core   0: 0x8000bd6a (0x00001f17) auipc   t5, 0x1
core   0: 3 0x8000bd6a (0x00001f17) x30 0x8000cd6a
core   0: 0x8000bd6e (0x283f2b23) sw      gp, 662(t5)
core   0: 3 0x8000bd6e (0x283f2b23) mem 0x8000d000 0x00000001
core   0: 0x8000bd72 (0x0000bfe5) c.j     pc - 8
core   0: 3 0x8000bd72 (0xbfe5)
core   0: 0x8000bd6a (0x00001f17) auipc   t5, 0x1
core   0: 3 0x8000bd6a (0x00001f17) x30 0x8000cd6a
core   0: 0x8000bd6e (0x283f2b23) sw      gp, 662(t5)
core   0: 3 0x8000bd6e (0x283f2b23) mem 0x8000d000 0x00000001
core   0: 0x8000bd72 (0x0000bfe5) c.j     pc - 8
core   0: 3 0x8000bd72 (0xbfe5)
core   0: 0x8000bd6a (0x00001f17) auipc   t5, 0x1
core   0: 3 0x8000bd6a (0x00001f17) x30 0x8000cd6a
core   0: 0x8000bd6e (0x283f2b23) sw      gp, 662(t5)
core   0: 3 0x8000bd6e (0x283f2b23) mem 0x8000d000 0x00000001
core   0: 0x8000bd72 (0x0000bfe5) c.j     pc - 8
core   0: 3 0x8000bd72 (0xbfe5)
core   0: 0x8000bd6a (0x00001f17) auipc   t5, 0x1
core   0: 3 0x8000bd6a (0x00001f17) x30 0x8000cd6a
core   0: 0x8000bd6e (0x283f2b23) sw      gp, 662(t5)
core   0: 3 0x8000bd6e (0x283f2b23) mem 0x8000d000 0x00000001
core   0: 0x8000bd72 (0x0000bfe5) c.j     pc - 8
core   0: 3 0x8000bd72 (0xbfe5)
core   0: 0x8000bd6a (0x00001f17) auipc   t5, 0x1
core   0: 3 0x8000bd6a (0x00001f17) x30 0x8000cd6a
core   0: 0x8000bd6e (0x283f2b23) sw      gp, 662(t5)
core   0: 3 0x8000bd6e (0x283f2b23) mem 0x8000d000 0x00000001
core   0: 0x8000bd72 (0x0000bfe5) c.j     pc - 8
core   0: 3 0x8000bd72 (0xbfe5)
core   0: 0x8000bd6a (0x00001f17) auipc   t5, 0x1
core   0: 3 0x8000bd6a (0x00001f17) x30 0x8000cd6a
core   0: 0x8000bd6e (0x283f2b23) sw      gp, 662(t5)
core   0: 3 0x8000bd6e (0x283f2b23) mem 0x8000d000 0x00000001
core   0: 0x8000bd72 (0x0000bfe5) c.j     pc - 8
core   0: 3 0x8000bd72 (0xbfe5)
core   0: 0x8000bd6a (0x00001f17) auipc   t5, 0x1
core   0: 3 0x8000bd6a (0x00001f17) x30 0x8000cd6a
core   0: 0x8000bd6e (0x283f2b23) sw      gp, 662(t5)
core   0: 3 0x8000bd6e (0x283f2b23) mem 0x8000d000 0x00000001
core   0: 0x8000bd72 (0x0000bfe5) c.j     pc - 8
core   0: 3 0x8000bd72 (0xbfe5)
core   0: 0x8000bd6a (0x00001f17) auipc   t5, 0x1
core   0: 3 0x8000bd6a (0x00001f17) x30 0x8000cd6a
core   0: 0x8000bd6e (0x283f2b23) sw      gp, 662(t5)
core   0: 3 0x8000bd6e (0x283f2b23) mem 0x8000d000 0x00000001
core   0: 0x8000bd72 (0x0000bfe5) c.j     pc - 8
core   0: 3 0x8000bd72 (0xbfe5)
core   0: 0x8000bd6a (0x00001f17) auipc   t5, 0x1
core   0: 3 0x8000bd6a (0x00001f17) x30 0x8000cd6a
core   0: 0x8000bd6e (0x283f2b23) sw      gp, 662(t5)
core   0: 3 0x8000bd6e (0x283f2b23) mem 0x8000d000 0x00000001
core   0: 0x8000bd72 (0x0000bfe5) c.j     pc - 8
core   0: 3 0x8000bd72 (0xbfe5)
core   0: 0x8000bd6a (0x00001f17) auipc   t5, 0x1
core   0: 3 0x8000bd6a (0x00001f17) x30 0x8000cd6a
core   0: 0x8000bd6e (0x283f2b23) sw      gp, 662(t5)
core   0: 3 0x8000bd6e (0x283f2b23) mem 0x8000d000 0x00000001
core   0: 0x8000bd72 (0x0000bfe5) c.j     pc - 8
core   0: 3 0x8000bd72 (0xbfe5)
core   0: 0x8000bd6a (0x00001f17) auipc   t5, 0x1
core   0: 3 0x8000bd6a (0x00001f17) x30 0x8000cd6a
core   0: 0x8000bd6e (0x283f2b23) sw      gp, 662(t5)
core   0: 3 0x8000bd6e (0x283f2b23) mem 0x8000d000 0x00000001
core   0: 0x8000bd72 (0x0000bfe5) c.j     pc - 8
core   0: 3 0x8000bd72 (0xbfe5)
core   0: 0x8000bd6a (0x00001f17) auipc   t5, 0x1
core   0: 3 0x8000bd6a (0x00001f17) x30 0x8000cd6a
core   0: 0x8000bd6e (0x283f2b23) sw      gp, 662(t5)
core   0: 3 0x8000bd6e (0x283f2b23) mem 0x8000d000 0x00000001
core   0: 0x8000bd72 (0x0000bfe5) c.j     pc - 8
core   0: 3 0x8000bd72 (0xbfe5)
core   0: 0x8000bd6a (0x00001f17) auipc   t5, 0x1
core   0: 3 0x8000bd6a (0x00001f17) x30 0x8000cd6a
core   0: 0x8000bd6e (0x283f2b23) sw      gp, 662(t5)
core   0: 3 0x8000bd6e (0x283f2b23) mem 0x8000d000 0x00000001
core   0: 0x8000bd72 (0x0000bfe5) c.j     pc - 8
core   0: 3 0x8000bd72 (0xbfe5)
core   0: 0x8000bd6a (0x00001f17) auipc   t5, 0x1
core   0: 3 0x8000bd6a (0x00001f17) x30 0x8000cd6a
core   0: 0x8000bd6e (0x283f2b23) sw      gp, 662(t5)
core   0: 3 0x8000bd6e (0x283f2b23) mem 0x8000d000 0x00000001
core   0: 0x8000bd72 (0x0000bfe5) c.j     pc - 8
core   0: 3 0x8000bd72 (0xbfe5)
core   0: 0x8000bd6a (0x00001f17) auipc   t5, 0x1
core   0: 3 0x8000bd6a (0x00001f17) x30 0x8000cd6a
core   0: 0x8000bd6e (0x283f2b23) sw      gp, 662(t5)
core   0: 3 0x8000bd6e (0x283f2b23) mem 0x8000d000 0x00000001
core   0: 0x8000bd72 (0x0000bfe5) c.j     pc - 8
core   0: 3 0x8000bd72 (0xbfe5)
core   0: 0x8000bd6a (0x00001f17) auipc   t5, 0x1
core   0: 3 0x8000bd6a (0x00001f17) x30 0x8000cd6a
core   0: 0x8000bd6e (0x283f2b23) sw      gp, 662(t5)
core   0: 3 0x8000bd6e (0x283f2b23) mem 0x8000d000 0x00000001
core   0: 0x8000bd72 (0x0000bfe5) c.j     pc - 8
core   0: 3 0x8000bd72 (0xbfe5)
core   0: 0x8000bd6a (0x00001f17) auipc   t5, 0x1
core   0: 3 0x8000bd6a (0x00001f17) x30 0x8000cd6a
core   0: 0x8000bd6e (0x283f2b23) sw      gp, 662(t5)
core   0: 3 0x8000bd6e (0x283f2b23) mem 0x8000d000 0x00000001
core   0: 0x8000bd72 (0x0000bfe5) c.j     pc - 8
core   0: 3 0x8000bd72 (0xbfe5)
core   0: 0x8000bd6a (0x00001f17) auipc   t5, 0x1
core   0: 3 0x8000bd6a (0x00001f17) x30 0x8000cd6a
core   0: 0x8000bd6e (0x283f2b23) sw      gp, 662(t5)
core   0: 3 0x8000bd6e (0x283f2b23) mem 0x8000d000 0x00000001
core   0: 0x8000bd72 (0x0000bfe5) c.j     pc - 8
core   0: 3 0x8000bd72 (0xbfe5)
core   0: 0x8000bd6a (0x00001f17) auipc   t5, 0x1
core   0: 3 0x8000bd6a (0x00001f17) x30 0x8000cd6a
core   0: 0x8000bd6e (0x283f2b23) sw      gp, 662(t5)
core   0: 3 0x8000bd6e (0x283f2b23) mem 0x8000d000 0x00000001
core   0: 0x8000bd72 (0x0000bfe5) c.j     pc - 8
core   0: 3 0x8000bd72 (0xbfe5)
core   0: 0x8000bd6a (0x00001f17) auipc   t5, 0x1
core   0: 3 0x8000bd6a (0x00001f17) x30 0x8000cd6a
core   0: 0x8000bd6e (0x283f2b23) sw      gp, 662(t5)
core   0: 3 0x8000bd6e (0x283f2b23) mem 0x8000d000 0x00000001
core   0: 0x8000bd72 (0x0000bfe5) c.j     pc - 8
core   0: 3 0x8000bd72 (0xbfe5)
core   0: 0x8000bd6a (0x00001f17) auipc   t5, 0x1
core   0: 3 0x8000bd6a (0x00001f17) x30 0x8000cd6a
core   0: 0x8000bd6e (0x283f2b23) sw      gp, 662(t5)
core   0: 3 0x8000bd6e (0x283f2b23) mem 0x8000d000 0x00000001
core   0: 0x8000bd72 (0x0000bfe5) c.j     pc - 8
core   0: 3 0x8000bd72 (0xbfe5)
core   0: 0x8000bd6a (0x00001f17) auipc   t5, 0x1
core   0: 3 0x8000bd6a (0x00001f17) x30 0x8000cd6a
core   0: 0x8000bd6e (0x283f2b23) sw      gp, 662(t5)
core   0: 3 0x8000bd6e (0x283f2b23) mem 0x8000d000 0x00000001
core   0: 0x8000bd72 (0x0000bfe5) c.j     pc - 8
core   0: 3 0x8000bd72 (0xbfe5)
core   0: 0x8000bd6a (0x00001f17) auipc   t5, 0x1
core   0: 3 0x8000bd6a (0x00001f17) x30 0x8000cd6a
core   0: 0x8000bd6e (0x283f2b23) sw      gp, 662(t5)
core   0: 3 0x8000bd6e (0x283f2b23) mem 0x8000d000 0x00000001
core   0: 0x8000bd72 (0x0000bfe5) c.j     pc - 8
core   0: 3 0x8000bd72 (0xbfe5)
core   0: 0x8000bd6a (0x00001f17) auipc   t5, 0x1
core   0: 3 0x8000bd6a (0x00001f17) x30 0x8000cd6a
core   0: 0x8000bd6e (0x283f2b23) sw      gp, 662(t5)
core   0: 3 0x8000bd6e (0x283f2b23) mem 0x8000d000 0x00000001
core   0: 0x8000bd72 (0x0000bfe5) c.j     pc - 8
core   0: 3 0x8000bd72 (0xbfe5)
core   0: 0x8000bd6a (0x00001f17) auipc   t5, 0x1
core   0: 3 0x8000bd6a (0x00001f17) x30 0x8000cd6a
core   0: 0x8000bd6e (0x283f2b23) sw      gp, 662(t5)
core   0: 3 0x8000bd6e (0x283f2b23) mem 0x8000d000 0x00000001
core   0: 0x8000bd72 (0x0000bfe5) c.j     pc - 8
core   0: 3 0x8000bd72 (0xbfe5)
core   0: 0x8000bd6a (0x00001f17) auipc   t5, 0x1
core   0: 3 0x8000bd6a (0x00001f17) x30 0x8000cd6a
core   0: 0x8000bd6e (0x283f2b23) sw      gp, 662(t5)
core   0: 3 0x8000bd6e (0x283f2b23) mem 0x8000d000 0x00000001
core   0: 0x8000bd72 (0x0000bfe5) c.j     pc - 8
core   0: 3 0x8000bd72 (0xbfe5)
core   0: 0x8000bd6a (0x00001f17) auipc   t5, 0x1
core   0: 3 0x8000bd6a (0x00001f17) x30 0x8000cd6a
core   0: 0x8000bd6e (0x283f2b23) sw      gp, 662(t5)
core   0: 3 0x8000bd6e (0x283f2b23) mem 0x8000d000 0x00000001
core   0: 0x8000bd72 (0x0000bfe5) c.j     pc - 8
core   0: 3 0x8000bd72 (0xbfe5)
core   0: 0x8000bd6a (0x00001f17) auipc   t5, 0x1
core   0: 3 0x8000bd6a (0x00001f17) x30 0x8000cd6a
core   0: 0x8000bd6e (0x283f2b23) sw      gp, 662(t5)
core   0: 3 0x8000bd6e (0x283f2b23) mem 0x8000d000 0x00000001
core   0: 0x8000bd72 (0x0000bfe5) c.j     pc - 8
core   0: 3 0x8000bd72 (0xbfe5)
core   0: 0x8000bd6a (0x00001f17) auipc   t5, 0x1
core   0: 3 0x8000bd6a (0x00001f17) x30 0x8000cd6a
core   0: 0x8000bd6e (0x283f2b23) sw      gp, 662(t5)
core   0: 3 0x8000bd6e (0x283f2b23) mem 0x8000d000 0x00000001
core   0: 0x8000bd72 (0x0000bfe5) c.j     pc - 8
core   0: 3 0x8000bd72 (0xbfe5)
core   0: 0x8000bd6a (0x00001f17) auipc   t5, 0x1
core   0: 3 0x8000bd6a (0x00001f17) x30 0x8000cd6a
core   0: 0x8000bd6e (0x283f2b23) sw      gp, 662(t5)
core   0: 3 0x8000bd6e (0x283f2b23) mem 0x8000d000 0x00000001
core   0: 0x8000bd72 (0x0000bfe5) c.j     pc - 8
core   0: 3 0x8000bd72 (0xbfe5)
core   0: 0x8000bd6a (0x00001f17) auipc   t5, 0x1
core   0: 3 0x8000bd6a (0x00001f17) x30 0x8000cd6a
core   0: 0x8000bd6e (0x283f2b23) sw      gp, 662(t5)
core   0: 3 0x8000bd6e (0x283f2b23) mem 0x8000d000 0x00000001
core   0: 0x8000bd72 (0x0000bfe5) c.j     pc - 8
core   0: 3 0x8000bd72 (0xbfe5)
core   0: 0x8000bd6a (0x00001f17) auipc   t5, 0x1
core   0: 3 0x8000bd6a (0x00001f17) x30 0x8000cd6a
core   0: 0x8000bd6e (0x283f2b23) sw      gp, 662(t5)
core   0: 3 0x8000bd6e (0x283f2b23) mem 0x8000d000 0x00000001
core   0: 0x8000bd72 (0x0000bfe5) c.j     pc - 8
core   0: 3 0x8000bd72 (0xbfe5)
core   0: 0x8000bd6a (0x00001f17) auipc   t5, 0x1
core   0: 3 0x8000bd6a (0x00001f17) x30 0x8000cd6a
core   0: 0x8000bd6e (0x283f2b23) sw      gp, 662(t5)
core   0: 3 0x8000bd6e (0x283f2b23) mem 0x8000d000 0x00000001
core   0: 0x8000bd72 (0x0000bfe5) c.j     pc - 8
core   0: 3 0x8000bd72 (0xbfe5)
core   0: 0x8000bd6a (0x00001f17) auipc   t5, 0x1
core   0: 3 0x8000bd6a (0x00001f17) x30 0x8000cd6a
core   0: 0x8000bd6e (0x283f2b23) sw      gp, 662(t5)
core   0: 3 0x8000bd6e (0x283f2b23) mem 0x8000d000 0x00000001
core   0: 0x8000bd72 (0x0000bfe5) c.j     pc - 8
core   0: 3 0x8000bd72 (0xbfe5)
core   0: 0x8000bd6a (0x00001f17) auipc   t5, 0x1
core   0: 3 0x8000bd6a (0x00001f17) x30 0x8000cd6a
core   0: 0x8000bd6e (0x283f2b23) sw      gp, 662(t5)
core   0: 3 0x8000bd6e (0x283f2b23) mem 0x8000d000 0x00000001
core   0: 0x8000bd72 (0x0000bfe5) c.j     pc - 8
core   0: 3 0x8000bd72 (0xbfe5)
core   0: 0x8000bd6a (0x00001f17) auipc   t5, 0x1
core   0: 3 0x8000bd6a (0x00001f17) x30 0x8000cd6a
core   0: 0x8000bd6e (0x283f2b23) sw      gp, 662(t5)
core   0: 3 0x8000bd6e (0x283f2b23) mem 0x8000d000 0x00000001
core   0: 0x8000bd72 (0x0000bfe5) c.j     pc - 8
core   0: 3 0x8000bd72 (0xbfe5)
core   0: 0x8000bd6a (0x00001f17) auipc   t5, 0x1
core   0: 3 0x8000bd6a (0x00001f17) x30 0x8000cd6a
core   0: 0x8000bd6e (0x283f2b23) sw      gp, 662(t5)
core   0: 3 0x8000bd6e (0x283f2b23) mem 0x8000d000 0x00000001
core   0: 0x8000bd72 (0x0000bfe5) c.j     pc - 8
core   0: 3 0x8000bd72 (0xbfe5)
core   0: 0x8000bd6a (0x00001f17) auipc   t5, 0x1
core   0: 3 0x8000bd6a (0x00001f17) x30 0x8000cd6a
core   0: 0x8000bd6e (0x283f2b23) sw      gp, 662(t5)
core   0: 3 0x8000bd6e (0x283f2b23) mem 0x8000d000 0x00000001
core   0: 0x8000bd72 (0x0000bfe5) c.j     pc - 8
core   0: 3 0x8000bd72 (0xbfe5)
core   0: 0x8000bd6a (0x00001f17) auipc   t5, 0x1
core   0: 3 0x8000bd6a (0x00001f17) x30 0x8000cd6a
core   0: 0x8000bd6e (0x283f2b23) sw      gp, 662(t5)
core   0: 3 0x8000bd6e (0x283f2b23) mem 0x8000d000 0x00000001
core   0: 0x8000bd72 (0x0000bfe5) c.j     pc - 8
core   0: 3 0x8000bd72 (0xbfe5)
core   0: 0x8000bd6a (0x00001f17) auipc   t5, 0x1
core   0: 3 0x8000bd6a (0x00001f17) x30 0x8000cd6a
core   0: 0x8000bd6e (0x283f2b23) sw      gp, 662(t5)
core   0: 3 0x8000bd6e (0x283f2b23) mem 0x8000d000 0x00000001
core   0: 0x8000bd72 (0x0000bfe5) c.j     pc - 8
core   0: 3 0x8000bd72 (0xbfe5)
core   0: 0x8000bd6a (0x00001f17) auipc   t5, 0x1
core   0: 3 0x8000bd6a (0x00001f17) x30 0x8000cd6a
core   0: 0x8000bd6e (0x283f2b23) sw      gp, 662(t5)
core   0: 3 0x8000bd6e (0x283f2b23) mem 0x8000d000 0x00000001
core   0: 0x8000bd72 (0x0000bfe5) c.j     pc - 8
core   0: 3 0x8000bd72 (0xbfe5)
core   0: 0x8000bd6a (0x00001f17) auipc   t5, 0x1
core   0: 3 0x8000bd6a (0x00001f17) x30 0x8000cd6a
core   0: 0x8000bd6e (0x283f2b23) sw      gp, 662(t5)
core   0: 3 0x8000bd6e (0x283f2b23) mem 0x8000d000 0x00000001
core   0: 0x8000bd72 (0x0000bfe5) c.j     pc - 8
core   0: 3 0x8000bd72 (0xbfe5)
core   0: 0x8000bd6a (0x00001f17) auipc   t5, 0x1
core   0: 3 0x8000bd6a (0x00001f17) x30 0x8000cd6a
core   0: 0x8000bd6e (0x283f2b23) sw      gp, 662(t5)
core   0: 3 0x8000bd6e (0x283f2b23) mem 0x8000d000 0x00000001
core   0: 0x8000bd72 (0x0000bfe5) c.j     pc - 8
core   0: 3 0x8000bd72 (0xbfe5)
core   0: 0x8000bd6a (0x00001f17) auipc   t5, 0x1
core   0: 3 0x8000bd6a (0x00001f17) x30 0x8000cd6a
core   0: 0x8000bd6e (0x283f2b23) sw      gp, 662(t5)
core   0: 3 0x8000bd6e (0x283f2b23) mem 0x8000d000 0x00000001
core   0: 0x8000bd72 (0x0000bfe5) c.j     pc - 8
core   0: 3 0x8000bd72 (0xbfe5)
core   0: 0x8000bd6a (0x00001f17) auipc   t5, 0x1
core   0: 3 0x8000bd6a (0x00001f17) x30 0x8000cd6a
core   0: 0x8000bd6e (0x283f2b23) sw      gp, 662(t5)
core   0: 3 0x8000bd6e (0x283f2b23) mem 0x8000d000 0x00000001
core   0: 0x8000bd72 (0x0000bfe5) c.j     pc - 8
core   0: 3 0x8000bd72 (0xbfe5)
core   0: 0x8000bd6a (0x00001f17) auipc   t5, 0x1
core   0: 3 0x8000bd6a (0x00001f17) x30 0x8000cd6a
core   0: 0x8000bd6e (0x283f2b23) sw      gp, 662(t5)
core   0: 3 0x8000bd6e (0x283f2b23) mem 0x8000d000 0x00000001
core   0: 0x8000bd72 (0x0000bfe5) c.j     pc - 8
core   0: 3 0x8000bd72 (0xbfe5)
core   0: 0x8000bd6a (0x00001f17) auipc   t5, 0x1
core   0: 3 0x8000bd6a (0x00001f17) x30 0x8000cd6a
core   0: 0x8000bd6e (0x283f2b23) sw      gp, 662(t5)
core   0: 3 0x8000bd6e (0x283f2b23) mem 0x8000d000 0x00000001
core   0: 0x8000bd72 (0x0000bfe5) c.j     pc - 8
core   0: 3 0x8000bd72 (0xbfe5)
core   0: 0x8000bd6a (0x00001f17) auipc   t5, 0x1
core   0: 3 0x8000bd6a (0x00001f17) x30 0x8000cd6a
core   0: 0x8000bd6e (0x283f2b23) sw      gp, 662(t5)
core   0: 3 0x8000bd6e (0x283f2b23) mem 0x8000d000 0x00000001
core   0: 0x8000bd72 (0x0000bfe5) c.j     pc - 8
core   0: 3 0x8000bd72 (0xbfe5)
core   0: 0x8000bd6a (0x00001f17) auipc   t5, 0x1
core   0: 3 0x8000bd6a (0x00001f17) x30 0x8000cd6a
core   0: 0x8000bd6e (0x283f2b23) sw      gp, 662(t5)
core   0: 3 0x8000bd6e (0x283f2b23) mem 0x8000d000 0x00000001
core   0: 0x8000bd72 (0x0000bfe5) c.j     pc - 8
core   0: 3 0x8000bd72 (0xbfe5)
core   0: 0x8000bd6a (0x00001f17) auipc   t5, 0x1
core   0: 3 0x8000bd6a (0x00001f17) x30 0x8000cd6a
core   0: 0x8000bd6e (0x283f2b23) sw      gp, 662(t5)
core   0: 3 0x8000bd6e (0x283f2b23) mem 0x8000d000 0x00000001
core   0: 0x8000bd72 (0x0000bfe5) c.j     pc - 8
core   0: 3 0x8000bd72 (0xbfe5)
core   0: 0x8000bd6a (0x00001f17) auipc   t5, 0x1
core   0: 3 0x8000bd6a (0x00001f17) x30 0x8000cd6a
core   0: 0x8000bd6e (0x283f2b23) sw      gp, 662(t5)
core   0: 3 0x8000bd6e (0x283f2b23) mem 0x8000d000 0x00000001
core   0: 0x8000bd72 (0x0000bfe5) c.j     pc - 8
core   0: 3 0x8000bd72 (0xbfe5)
core   0: 0x8000bd6a (0x00001f17) auipc   t5, 0x1
core   0: 3 0x8000bd6a (0x00001f17) x30 0x8000cd6a
core   0: 0x8000bd6e (0x283f2b23) sw      gp, 662(t5)
core   0: 3 0x8000bd6e (0x283f2b23) mem 0x8000d000 0x00000001
core   0: 0x8000bd72 (0x0000bfe5) c.j     pc - 8
core   0: 3 0x8000bd72 (0xbfe5)
core   0: 0x8000bd6a (0x00001f17) auipc   t5, 0x1
core   0: 3 0x8000bd6a (0x00001f17) x30 0x8000cd6a
core   0: 0x8000bd6e (0x283f2b23) sw      gp, 662(t5)
core   0: 3 0x8000bd6e (0x283f2b23) mem 0x8000d000 0x00000001
core   0: 0x8000bd72 (0x0000bfe5) c.j     pc - 8
core   0: 3 0x8000bd72 (0xbfe5)
core   0: 0x8000bd6a (0x00001f17) auipc   t5, 0x1
core   0: 3 0x8000bd6a (0x00001f17) x30 0x8000cd6a
core   0: 0x8000bd6e (0x283f2b23) sw      gp, 662(t5)
core   0: 3 0x8000bd6e (0x283f2b23) mem 0x8000d000 0x00000001
core   0: 0x8000bd72 (0x0000bfe5) c.j     pc - 8
core   0: 3 0x8000bd72 (0xbfe5)
core   0: 0x8000bd6a (0x00001f17) auipc   t5, 0x1
core   0: 3 0x8000bd6a (0x00001f17) x30 0x8000cd6a
core   0: 0x8000bd6e (0x283f2b23) sw      gp, 662(t5)
core   0: 3 0x8000bd6e (0x283f2b23) mem 0x8000d000 0x00000001
core   0: 0x8000bd72 (0x0000bfe5) c.j     pc - 8
core   0: 3 0x8000bd72 (0xbfe5)
core   0: 0x8000bd6a (0x00001f17) auipc   t5, 0x1
core   0: 3 0x8000bd6a (0x00001f17) x30 0x8000cd6a
core   0: 0x8000bd6e (0x283f2b23) sw      gp, 662(t5)
core   0: 3 0x8000bd6e (0x283f2b23) mem 0x8000d000 0x00000001
core   0: 0x8000bd72 (0x0000bfe5) c.j     pc - 8
core   0: 3 0x8000bd72 (0xbfe5)
core   0: 0x8000bd6a (0x00001f17) auipc   t5, 0x1
core   0: 3 0x8000bd6a (0x00001f17) x30 0x8000cd6a
core   0: 0x8000bd6e (0x283f2b23) sw      gp, 662(t5)
core   0: 3 0x8000bd6e (0x283f2b23) mem 0x8000d000 0x00000001
core   0: 0x8000bd72 (0x0000bfe5) c.j     pc - 8
core   0: 3 0x8000bd72 (0xbfe5)
core   0: 0x8000bd6a (0x00001f17) auipc   t5, 0x1
core   0: 3 0x8000bd6a (0x00001f17) x30 0x8000cd6a
core   0: 0x8000bd6e (0x283f2b23) sw      gp, 662(t5)
core   0: 3 0x8000bd6e (0x283f2b23) mem 0x8000d000 0x00000001
core   0: 0x8000bd72 (0x0000bfe5) c.j     pc - 8
core   0: 3 0x8000bd72 (0xbfe5)
core   0: 0x8000bd6a (0x00001f17) auipc   t5, 0x1
core   0: 3 0x8000bd6a (0x00001f17) x30 0x8000cd6a
core   0: 0x8000bd6e (0x283f2b23) sw      gp, 662(t5)
core   0: 3 0x8000bd6e (0x283f2b23) mem 0x8000d000 0x00000001
core   0: 0x8000bd72 (0x0000bfe5) c.j     pc - 8
core   0: 3 0x8000bd72 (0xbfe5)
core   0: 0x8000bd6a (0x00001f17) auipc   t5, 0x1
core   0: 3 0x8000bd6a (0x00001f17) x30 0x8000cd6a
core   0: 0x8000bd6e (0x283f2b23) sw      gp, 662(t5)
core   0: 3 0x8000bd6e (0x283f2b23) mem 0x8000d000 0x00000001
core   0: 0x8000bd72 (0x0000bfe5) c.j     pc - 8
core   0: 3 0x8000bd72 (0xbfe5)
core   0: 0x8000bd6a (0x00001f17) auipc   t5, 0x1
core   0: 3 0x8000bd6a (0x00001f17) x30 0x8000cd6a
core   0: 0x8000bd6e (0x283f2b23) sw      gp, 662(t5)
core   0: 3 0x8000bd6e (0x283f2b23) mem 0x8000d000 0x00000001
core   0: 0x8000bd72 (0x0000bfe5) c.j     pc - 8
core   0: 3 0x8000bd72 (0xbfe5)
core   0: 0x8000bd6a (0x00001f17) auipc   t5, 0x1
core   0: 3 0x8000bd6a (0x00001f17) x30 0x8000cd6a
core   0: 0x8000bd6e (0x283f2b23) sw      gp, 662(t5)
core   0: 3 0x8000bd6e (0x283f2b23) mem 0x8000d000 0x00000001
core   0: 0x8000bd72 (0x0000bfe5) c.j     pc - 8
core   0: 3 0x8000bd72 (0xbfe5)
core   0: 0x8000bd6a (0x00001f17) auipc   t5, 0x1
core   0: 3 0x8000bd6a (0x00001f17) x30 0x8000cd6a
core   0: 0x8000bd6e (0x283f2b23) sw      gp, 662(t5)
core   0: 3 0x8000bd6e (0x283f2b23) mem 0x8000d000 0x00000001
core   0: 0x8000bd72 (0x0000bfe5) c.j     pc - 8
core   0: 3 0x8000bd72 (0xbfe5)
core   0: 0x8000bd6a (0x00001f17) auipc   t5, 0x1
core   0: 3 0x8000bd6a (0x00001f17) x30 0x8000cd6a
core   0: 0x8000bd6e (0x283f2b23) sw      gp, 662(t5)
core   0: 3 0x8000bd6e (0x283f2b23) mem 0x8000d000 0x00000001
core   0: 0x8000bd72 (0x0000bfe5) c.j     pc - 8
core   0: 3 0x8000bd72 (0xbfe5)
core   0: 0x8000bd6a (0x00001f17) auipc   t5, 0x1
core   0: 3 0x8000bd6a (0x00001f17) x30 0x8000cd6a
core   0: 0x8000bd6e (0x283f2b23) sw      gp, 662(t5)
core   0: 3 0x8000bd6e (0x283f2b23) mem 0x8000d000 0x00000001
core   0: 0x8000bd72 (0x0000bfe5) c.j     pc - 8
core   0: 3 0x8000bd72 (0xbfe5)
core   0: 0x8000bd6a (0x00001f17) auipc   t5, 0x1
core   0: 3 0x8000bd6a (0x00001f17) x30 0x8000cd6a
core   0: 0x8000bd6e (0x283f2b23) sw      gp, 662(t5)
core   0: 3 0x8000bd6e (0x283f2b23) mem 0x8000d000 0x00000001
core   0: 0x8000bd72 (0x0000bfe5) c.j     pc - 8
core   0: 3 0x8000bd72 (0xbfe5)
core   0: 0x8000bd6a (0x00001f17) auipc   t5, 0x1
core   0: 3 0x8000bd6a (0x00001f17) x30 0x8000cd6a
core   0: 0x8000bd6e (0x283f2b23) sw      gp, 662(t5)
core   0: 3 0x8000bd6e (0x283f2b23) mem 0x8000d000 0x00000001
core   0: 0x8000bd72 (0x0000bfe5) c.j     pc - 8
core   0: 3 0x8000bd72 (0xbfe5)
core   0: 0x8000bd6a (0x00001f17) auipc   t5, 0x1
core   0: 3 0x8000bd6a (0x00001f17) x30 0x8000cd6a
core   0: 0x8000bd6e (0x283f2b23) sw      gp, 662(t5)
core   0: 3 0x8000bd6e (0x283f2b23) mem 0x8000d000 0x00000001
core   0: 0x8000bd72 (0x0000bfe5) c.j     pc - 8
core   0: 3 0x8000bd72 (0xbfe5)
core   0: 0x8000bd6a (0x00001f17) auipc   t5, 0x1
core   0: 3 0x8000bd6a (0x00001f17) x30 0x8000cd6a
core   0: 0x8000bd6e (0x283f2b23) sw      gp, 662(t5)
core   0: 3 0x8000bd6e (0x283f2b23) mem 0x8000d000 0x00000001
core   0: 0x8000bd72 (0x0000bfe5) c.j     pc - 8
core   0: 3 0x8000bd72 (0xbfe5)
core   0: 0x8000bd6a (0x00001f17) auipc   t5, 0x1
core   0: 3 0x8000bd6a (0x00001f17) x30 0x8000cd6a
core   0: 0x8000bd6e (0x283f2b23) sw      gp, 662(t5)
core   0: 3 0x8000bd6e (0x283f2b23) mem 0x8000d000 0x00000001
core   0: 0x8000bd72 (0x0000bfe5) c.j     pc - 8
core   0: 3 0x8000bd72 (0xbfe5)
core   0: 0x8000bd6a (0x00001f17) auipc   t5, 0x1
core   0: 3 0x8000bd6a (0x00001f17) x30 0x8000cd6a
core   0: 0x8000bd6e (0x283f2b23) sw      gp, 662(t5)
core   0: 3 0x8000bd6e (0x283f2b23) mem 0x8000d000 0x00000001
core   0: 0x8000bd72 (0x0000bfe5) c.j     pc - 8
core   0: 3 0x8000bd72 (0xbfe5)
core   0: 0x8000bd6a (0x00001f17) auipc   t5, 0x1
core   0: 3 0x8000bd6a (0x00001f17) x30 0x8000cd6a
core   0: 0x8000bd6e (0x283f2b23) sw      gp, 662(t5)
core   0: 3 0x8000bd6e (0x283f2b23) mem 0x8000d000 0x00000001
core   0: 0x8000bd72 (0x0000bfe5) c.j     pc - 8
core   0: 3 0x8000bd72 (0xbfe5)
core   0: 0x8000bd6a (0x00001f17) auipc   t5, 0x1
core   0: 3 0x8000bd6a (0x00001f17) x30 0x8000cd6a
core   0: 0x8000bd6e (0x283f2b23) sw      gp, 662(t5)
core   0: 3 0x8000bd6e (0x283f2b23) mem 0x8000d000 0x00000001
core   0: 0x8000bd72 (0x0000bfe5) c.j     pc - 8
core   0: 3 0x8000bd72 (0xbfe5)
core   0: 0x8000bd6a (0x00001f17) auipc   t5, 0x1
core   0: 3 0x8000bd6a (0x00001f17) x30 0x8000cd6a
core   0: 0x8000bd6e (0x283f2b23) sw      gp, 662(t5)
core   0: 3 0x8000bd6e (0x283f2b23) mem 0x8000d000 0x00000001
core   0: 0x8000bd72 (0x0000bfe5) c.j     pc - 8
core   0: 3 0x8000bd72 (0xbfe5)
core   0: 0x8000bd6a (0x00001f17) auipc   t5, 0x1
core   0: 3 0x8000bd6a (0x00001f17) x30 0x8000cd6a
core   0: 0x8000bd6e (0x283f2b23) sw      gp, 662(t5)
core   0: 3 0x8000bd6e (0x283f2b23) mem 0x8000d000 0x00000001
core   0: 0x8000bd72 (0x0000bfe5) c.j     pc - 8
core   0: 3 0x8000bd72 (0xbfe5)
core   0: 0x8000bd6a (0x00001f17) auipc   t5, 0x1
core   0: 3 0x8000bd6a (0x00001f17) x30 0x8000cd6a
core   0: 0x8000bd6e (0x283f2b23) sw      gp, 662(t5)
core   0: 3 0x8000bd6e (0x283f2b23) mem 0x8000d000 0x00000001
core   0: 0x8000bd72 (0x0000bfe5) c.j     pc - 8
core   0: 3 0x8000bd72 (0xbfe5)
core   0: 0x8000bd6a (0x00001f17) auipc   t5, 0x1
core   0: 3 0x8000bd6a (0x00001f17) x30 0x8000cd6a
core   0: 0x8000bd6e (0x283f2b23) sw      gp, 662(t5)
core   0: 3 0x8000bd6e (0x283f2b23) mem 0x8000d000 0x00000001
core   0: 0x8000bd72 (0x0000bfe5) c.j     pc - 8
core   0: 3 0x8000bd72 (0xbfe5)
core   0: 0x8000bd6a (0x00001f17) auipc   t5, 0x1
core   0: 3 0x8000bd6a (0x00001f17) x30 0x8000cd6a
core   0: 0x8000bd6e (0x283f2b23) sw      gp, 662(t5)
core   0: 3 0x8000bd6e (0x283f2b23) mem 0x8000d000 0x00000001
core   0: 0x8000bd72 (0x0000bfe5) c.j     pc - 8
core   0: 3 0x8000bd72 (0xbfe5)
core   0: 0x8000bd6a (0x00001f17) auipc   t5, 0x1
core   0: 3 0x8000bd6a (0x00001f17) x30 0x8000cd6a
core   0: 0x8000bd6e (0x283f2b23) sw      gp, 662(t5)
core   0: 3 0x8000bd6e (0x283f2b23) mem 0x8000d000 0x00000001
core   0: 0x8000bd72 (0x0000bfe5) c.j     pc - 8
core   0: 3 0x8000bd72 (0xbfe5)
core   0: 0x8000bd6a (0x00001f17) auipc   t5, 0x1
core   0: 3 0x8000bd6a (0x00001f17) x30 0x8000cd6a
core   0: 0x8000bd6e (0x283f2b23) sw      gp, 662(t5)
core   0: 3 0x8000bd6e (0x283f2b23) mem 0x8000d000 0x00000001
core   0: 0x8000bd72 (0x0000bfe5) c.j     pc - 8
core   0: 3 0x8000bd72 (0xbfe5)
core   0: 0x8000bd6a (0x00001f17) auipc   t5, 0x1
core   0: 3 0x8000bd6a (0x00001f17) x30 0x8000cd6a
core   0: 0x8000bd6e (0x283f2b23) sw      gp, 662(t5)
core   0: 3 0x8000bd6e (0x283f2b23) mem 0x8000d000 0x00000001
core   0: 0x8000bd72 (0x0000bfe5) c.j     pc - 8
core   0: 3 0x8000bd72 (0xbfe5)
core   0: 0x8000bd6a (0x00001f17) auipc   t5, 0x1
core   0: 3 0x8000bd6a (0x00001f17) x30 0x8000cd6a
core   0: 0x8000bd6e (0x283f2b23) sw      gp, 662(t5)
core   0: 3 0x8000bd6e (0x283f2b23) mem 0x8000d000 0x00000001
core   0: 0x8000bd72 (0x0000bfe5) c.j     pc - 8
core   0: 3 0x8000bd72 (0xbfe5)
core   0: 0x8000bd6a (0x00001f17) auipc   t5, 0x1
core   0: 3 0x8000bd6a (0x00001f17) x30 0x8000cd6a
core   0: 0x8000bd6e (0x283f2b23) sw      gp, 662(t5)
core   0: 3 0x8000bd6e (0x283f2b23) mem 0x8000d000 0x00000001
core   0: 0x8000bd72 (0x0000bfe5) c.j     pc - 8
core   0: 3 0x8000bd72 (0xbfe5)
core   0: 0x8000bd6a (0x00001f17) auipc   t5, 0x1
core   0: 3 0x8000bd6a (0x00001f17) x30 0x8000cd6a
core   0: 0x8000bd6e (0x283f2b23) sw      gp, 662(t5)
core   0: 3 0x8000bd6e (0x283f2b23) mem 0x8000d000 0x00000001
core   0: 0x8000bd72 (0x0000bfe5) c.j     pc - 8
core   0: 3 0x8000bd72 (0xbfe5)
core   0: 0x8000bd6a (0x00001f17) auipc   t5, 0x1
core   0: 3 0x8000bd6a (0x00001f17) x30 0x8000cd6a
core   0: 0x8000bd6e (0x283f2b23) sw      gp, 662(t5)
core   0: 3 0x8000bd6e (0x283f2b23) mem 0x8000d000 0x00000001
core   0: 0x8000bd72 (0x0000bfe5) c.j     pc - 8
core   0: 3 0x8000bd72 (0xbfe5)
core   0: 0x8000bd6a (0x00001f17) auipc   t5, 0x1
core   0: 3 0x8000bd6a (0x00001f17) x30 0x8000cd6a
core   0: 0x8000bd6e (0x283f2b23) sw      gp, 662(t5)
core   0: 3 0x8000bd6e (0x283f2b23) mem 0x8000d000 0x00000001
core   0: 0x8000bd72 (0x0000bfe5) c.j     pc - 8
core   0: 3 0x8000bd72 (0xbfe5)
core   0: 0x8000bd6a (0x00001f17) auipc   t5, 0x1
core   0: 3 0x8000bd6a (0x00001f17) x30 0x8000cd6a
core   0: 0x8000bd6e (0x283f2b23) sw      gp, 662(t5)
core   0: 3 0x8000bd6e (0x283f2b23) mem 0x8000d000 0x00000001
core   0: 0x8000bd72 (0x0000bfe5) c.j     pc - 8
core   0: 3 0x8000bd72 (0xbfe5)
core   0: 0x8000bd6a (0x00001f17) auipc   t5, 0x1
core   0: 3 0x8000bd6a (0x00001f17) x30 0x8000cd6a
core   0: 0x8000bd6e (0x283f2b23) sw      gp, 662(t5)
core   0: 3 0x8000bd6e (0x283f2b23) mem 0x8000d000 0x00000001
core   0: 0x8000bd72 (0x0000bfe5) c.j     pc - 8
core   0: 3 0x8000bd72 (0xbfe5)
core   0: 0x8000bd6a (0x00001f17) auipc   t5, 0x1
core   0: 3 0x8000bd6a (0x00001f17) x30 0x8000cd6a
core   0: 0x8000bd6e (0x283f2b23) sw      gp, 662(t5)
core   0: 3 0x8000bd6e (0x283f2b23) mem 0x8000d000 0x00000001
core   0: 0x8000bd72 (0x0000bfe5) c.j     pc - 8
core   0: 3 0x8000bd72 (0xbfe5)
core   0: 0x8000bd6a (0x00001f17) auipc   t5, 0x1
core   0: 3 0x8000bd6a (0x00001f17) x30 0x8000cd6a
core   0: 0x8000bd6e (0x283f2b23) sw      gp, 662(t5)
core   0: 3 0x8000bd6e (0x283f2b23) mem 0x8000d000 0x00000001
core   0: 0x8000bd72 (0x0000bfe5) c.j     pc - 8
core   0: 3 0x8000bd72 (0xbfe5)
core   0: 0x8000bd6a (0x00001f17) auipc   t5, 0x1
core   0: 3 0x8000bd6a (0x00001f17) x30 0x8000cd6a
core   0: 0x8000bd6e (0x283f2b23) sw      gp, 662(t5)
core   0: 3 0x8000bd6e (0x283f2b23) mem 0x8000d000 0x00000001
core   0: 0x8000bd72 (0x0000bfe5) c.j     pc - 8
core   0: 3 0x8000bd72 (0xbfe5)
core   0: 0x8000bd6a (0x00001f17) auipc   t5, 0x1
core   0: 3 0x8000bd6a (0x00001f17) x30 0x8000cd6a
core   0: 0x8000bd6e (0x283f2b23) sw      gp, 662(t5)
core   0: 3 0x8000bd6e (0x283f2b23) mem 0x8000d000 0x00000001
core   0: 0x8000bd72 (0x0000bfe5) c.j     pc - 8
core   0: 3 0x8000bd72 (0xbfe5)
core   0: 0x8000bd6a (0x00001f17) auipc   t5, 0x1
core   0: 3 0x8000bd6a (0x00001f17) x30 0x8000cd6a
core   0: 0x8000bd6e (0x283f2b23) sw      gp, 662(t5)
core   0: 3 0x8000bd6e (0x283f2b23) mem 0x8000d000 0x00000001
core   0: 0x8000bd72 (0x0000bfe5) c.j     pc - 8
core   0: 3 0x8000bd72 (0xbfe5)
core   0: 0x8000bd6a (0x00001f17) auipc   t5, 0x1
core   0: 3 0x8000bd6a (0x00001f17) x30 0x8000cd6a
core   0: 0x8000bd6e (0x283f2b23) sw      gp, 662(t5)
core   0: 3 0x8000bd6e (0x283f2b23) mem 0x8000d000 0x00000001
core   0: 0x8000bd72 (0x0000bfe5) c.j     pc - 8
core   0: 3 0x8000bd72 (0xbfe5)
core   0: 0x8000bd6a (0x00001f17) auipc   t5, 0x1
core   0: 3 0x8000bd6a (0x00001f17) x30 0x8000cd6a
core   0: 0x8000bd6e (0x283f2b23) sw      gp, 662(t5)
core   0: 3 0x8000bd6e (0x283f2b23) mem 0x8000d000 0x00000001
core   0: 0x8000bd72 (0x0000bfe5) c.j     pc - 8
core   0: 3 0x8000bd72 (0xbfe5)
core   0: 0x8000bd6a (0x00001f17) auipc   t5, 0x1
core   0: 3 0x8000bd6a (0x00001f17) x30 0x8000cd6a
core   0: 0x8000bd6e (0x283f2b23) sw      gp, 662(t5)
core   0: 3 0x8000bd6e (0x283f2b23) mem 0x8000d000 0x00000001
core   0: 0x8000bd72 (0x0000bfe5) c.j     pc - 8
core   0: 3 0x8000bd72 (0xbfe5)
core   0: 0x8000bd6a (0x00001f17) auipc   t5, 0x1
core   0: 3 0x8000bd6a (0x00001f17) x30 0x8000cd6a
core   0: 0x8000bd6e (0x283f2b23) sw      gp, 662(t5)
core   0: 3 0x8000bd6e (0x283f2b23) mem 0x8000d000 0x00000001
core   0: 0x8000bd72 (0x0000bfe5) c.j     pc - 8
core   0: 3 0x8000bd72 (0xbfe5)
core   0: 0x8000bd6a (0x00001f17) auipc   t5, 0x1
core   0: 3 0x8000bd6a (0x00001f17) x30 0x8000cd6a
core   0: 0x8000bd6e (0x283f2b23) sw      gp, 662(t5)
core   0: 3 0x8000bd6e (0x283f2b23) mem 0x8000d000 0x00000001
core   0: 0x8000bd72 (0x0000bfe5) c.j     pc - 8
core   0: 3 0x8000bd72 (0xbfe5)
core   0: 0x8000bd6a (0x00001f17) auipc   t5, 0x1
core   0: 3 0x8000bd6a (0x00001f17) x30 0x8000cd6a
core   0: 0x8000bd6e (0x283f2b23) sw      gp, 662(t5)
core   0: 3 0x8000bd6e (0x283f2b23) mem 0x8000d000 0x00000001
core   0: 0x8000bd72 (0x0000bfe5) c.j     pc - 8
core   0: 3 0x8000bd72 (0xbfe5)
core   0: 0x8000bd6a (0x00001f17) auipc   t5, 0x1
core   0: 3 0x8000bd6a (0x00001f17) x30 0x8000cd6a
core   0: 0x8000bd6e (0x283f2b23) sw      gp, 662(t5)
core   0: 3 0x8000bd6e (0x283f2b23) mem 0x8000d000 0x00000001
core   0: 0x8000bd72 (0x0000bfe5) c.j     pc - 8
core   0: 3 0x8000bd72 (0xbfe5)
core   0: 0x8000bd6a (0x00001f17) auipc   t5, 0x1
core   0: 3 0x8000bd6a (0x00001f17) x30 0x8000cd6a
core   0: 0x8000bd6e (0x283f2b23) sw      gp, 662(t5)
core   0: 3 0x8000bd6e (0x283f2b23) mem 0x8000d000 0x00000001
core   0: 0x8000bd72 (0x0000bfe5) c.j     pc - 8
core   0: 3 0x8000bd72 (0xbfe5)
core   0: 0x8000bd6a (0x00001f17) auipc   t5, 0x1
core   0: 3 0x8000bd6a (0x00001f17) x30 0x8000cd6a
core   0: 0x8000bd6e (0x283f2b23) sw      gp, 662(t5)
core   0: 3 0x8000bd6e (0x283f2b23) mem 0x8000d000 0x00000001
core   0: 0x8000bd72 (0x0000bfe5) c.j     pc - 8
core   0: 3 0x8000bd72 (0xbfe5)
core   0: 0x8000bd6a (0x00001f17) auipc   t5, 0x1
core   0: 3 0x8000bd6a (0x00001f17) x30 0x8000cd6a
core   0: 0x8000bd6e (0x283f2b23) sw      gp, 662(t5)
core   0: 3 0x8000bd6e (0x283f2b23) mem 0x8000d000 0x00000001
core   0: 0x8000bd72 (0x0000bfe5) c.j     pc - 8
core   0: 3 0x8000bd72 (0xbfe5)
core   0: 0x8000bd6a (0x00001f17) auipc   t5, 0x1
core   0: 3 0x8000bd6a (0x00001f17) x30 0x8000cd6a
core   0: 0x8000bd6e (0x283f2b23) sw      gp, 662(t5)
core   0: 3 0x8000bd6e (0x283f2b23) mem 0x8000d000 0x00000001
core   0: 0x8000bd72 (0x0000bfe5) c.j     pc - 8
core   0: 3 0x8000bd72 (0xbfe5)
core   0: 0x8000bd6a (0x00001f17) auipc   t5, 0x1
core   0: 3 0x8000bd6a (0x00001f17) x30 0x8000cd6a
core   0: 0x8000bd6e (0x283f2b23) sw      gp, 662(t5)
core   0: 3 0x8000bd6e (0x283f2b23) mem 0x8000d000 0x00000001
core   0: 0x8000bd72 (0x0000bfe5) c.j     pc - 8
core   0: 3 0x8000bd72 (0xbfe5)
core   0: 0x8000bd6a (0x00001f17) auipc   t5, 0x1
core   0: 3 0x8000bd6a (0x00001f17) x30 0x8000cd6a
core   0: 0x8000bd6e (0x283f2b23) sw      gp, 662(t5)
core   0: 3 0x8000bd6e (0x283f2b23) mem 0x8000d000 0x00000001
core   0: 0x8000bd72 (0x0000bfe5) c.j     pc - 8
core   0: 3 0x8000bd72 (0xbfe5)
core   0: 0x8000bd6a (0x00001f17) auipc   t5, 0x1
core   0: 3 0x8000bd6a (0x00001f17) x30 0x8000cd6a
core   0: 0x8000bd6e (0x283f2b23) sw      gp, 662(t5)
core   0: 3 0x8000bd6e (0x283f2b23) mem 0x8000d000 0x00000001
core   0: 0x8000bd72 (0x0000bfe5) c.j     pc - 8
core   0: 3 0x8000bd72 (0xbfe5)
core   0: 0x8000bd6a (0x00001f17) auipc   t5, 0x1
core   0: 3 0x8000bd6a (0x00001f17) x30 0x8000cd6a
core   0: 0x8000bd6e (0x283f2b23) sw      gp, 662(t5)
core   0: 3 0x8000bd6e (0x283f2b23) mem 0x8000d000 0x00000001
core   0: 0x8000bd72 (0x0000bfe5) c.j     pc - 8
core   0: 3 0x8000bd72 (0xbfe5)
core   0: 0x8000bd6a (0x00001f17) auipc   t5, 0x1
core   0: 3 0x8000bd6a (0x00001f17) x30 0x8000cd6a
core   0: 0x8000bd6e (0x283f2b23) sw      gp, 662(t5)
core   0: 3 0x8000bd6e (0x283f2b23) mem 0x8000d000 0x00000001
core   0: 0x8000bd72 (0x0000bfe5) c.j     pc - 8
core   0: 3 0x8000bd72 (0xbfe5)
core   0: 0x8000bd6a (0x00001f17) auipc   t5, 0x1
core   0: 3 0x8000bd6a (0x00001f17) x30 0x8000cd6a
core   0: 0x8000bd6e (0x283f2b23) sw      gp, 662(t5)
core   0: 3 0x8000bd6e (0x283f2b23) mem 0x8000d000 0x00000001
core   0: 0x8000bd72 (0x0000bfe5) c.j     pc - 8
core   0: 3 0x8000bd72 (0xbfe5)
core   0: 0x8000bd6a (0x00001f17) auipc   t5, 0x1
core   0: 3 0x8000bd6a (0x00001f17) x30 0x8000cd6a
core   0: 0x8000bd6e (0x283f2b23) sw      gp, 662(t5)
core   0: 3 0x8000bd6e (0x283f2b23) mem 0x8000d000 0x00000001
core   0: 0x8000bd72 (0x0000bfe5) c.j     pc - 8
core   0: 3 0x8000bd72 (0xbfe5)
core   0: 0x8000bd6a (0x00001f17) auipc   t5, 0x1
core   0: 3 0x8000bd6a (0x00001f17) x30 0x8000cd6a
core   0: 0x8000bd6e (0x283f2b23) sw      gp, 662(t5)
core   0: 3 0x8000bd6e (0x283f2b23) mem 0x8000d000 0x00000001
core   0: 0x8000bd72 (0x0000bfe5) c.j     pc - 8
core   0: 3 0x8000bd72 (0xbfe5)
core   0: 0x8000bd6a (0x00001f17) auipc   t5, 0x1
core   0: 3 0x8000bd6a (0x00001f17) x30 0x8000cd6a
core   0: 0x8000bd6e (0x283f2b23) sw      gp, 662(t5)
core   0: 3 0x8000bd6e (0x283f2b23) mem 0x8000d000 0x00000001
core   0: 0x8000bd72 (0x0000bfe5) c.j     pc - 8
core   0: 3 0x8000bd72 (0xbfe5)
core   0: 0x8000bd6a (0x00001f17) auipc   t5, 0x1
core   0: 3 0x8000bd6a (0x00001f17) x30 0x8000cd6a
core   0: 0x8000bd6e (0x283f2b23) sw      gp, 662(t5)
core   0: 3 0x8000bd6e (0x283f2b23) mem 0x8000d000 0x00000001
core   0: 0x8000bd72 (0x0000bfe5) c.j     pc - 8
core   0: 3 0x8000bd72 (0xbfe5)
core   0: 0x8000bd6a (0x00001f17) auipc   t5, 0x1
core   0: 3 0x8000bd6a (0x00001f17) x30 0x8000cd6a
core   0: 0x8000bd6e (0x283f2b23) sw      gp, 662(t5)
core   0: 3 0x8000bd6e (0x283f2b23) mem 0x8000d000 0x00000001
core   0: 0x8000bd72 (0x0000bfe5) c.j     pc - 8
core   0: 3 0x8000bd72 (0xbfe5)
core   0: 0x8000bd6a (0x00001f17) auipc   t5, 0x1
core   0: 3 0x8000bd6a (0x00001f17) x30 0x8000cd6a
core   0: 0x8000bd6e (0x283f2b23) sw      gp, 662(t5)
core   0: 3 0x8000bd6e (0x283f2b23) mem 0x8000d000 0x00000001
core   0: 0x8000bd72 (0x0000bfe5) c.j     pc - 8
core   0: 3 0x8000bd72 (0xbfe5)
core   0: 0x8000bd6a (0x00001f17) auipc   t5, 0x1
core   0: 3 0x8000bd6a (0x00001f17) x30 0x8000cd6a
core   0: 0x8000bd6e (0x283f2b23) sw      gp, 662(t5)
core   0: 3 0x8000bd6e (0x283f2b23) mem 0x8000d000 0x00000001
core   0: 0x8000bd72 (0x0000bfe5) c.j     pc - 8
core   0: 3 0x8000bd72 (0xbfe5)
core   0: 0x8000bd6a (0x00001f17) auipc   t5, 0x1
core   0: 3 0x8000bd6a (0x00001f17) x30 0x8000cd6a
core   0: 0x8000bd6e (0x283f2b23) sw      gp, 662(t5)
core   0: 3 0x8000bd6e (0x283f2b23) mem 0x8000d000 0x00000001
core   0: 0x8000bd72 (0x0000bfe5) c.j     pc - 8
core   0: 3 0x8000bd72 (0xbfe5)
core   0: 0x8000bd6a (0x00001f17) auipc   t5, 0x1
core   0: 3 0x8000bd6a (0x00001f17) x30 0x8000cd6a
core   0: 0x8000bd6e (0x283f2b23) sw      gp, 662(t5)
core   0: 3 0x8000bd6e (0x283f2b23) mem 0x8000d000 0x00000001
core   0: 0x8000bd72 (0x0000bfe5) c.j     pc - 8
core   0: 3 0x8000bd72 (0xbfe5)
core   0: 0x8000bd6a (0x00001f17) auipc   t5, 0x1
core   0: 3 0x8000bd6a (0x00001f17) x30 0x8000cd6a
core   0: 0x8000bd6e (0x283f2b23) sw      gp, 662(t5)
core   0: 3 0x8000bd6e (0x283f2b23) mem 0x8000d000 0x00000001
core   0: 0x8000bd72 (0x0000bfe5) c.j     pc - 8
core   0: 3 0x8000bd72 (0xbfe5)
core   0: 0x8000bd6a (0x00001f17) auipc   t5, 0x1
core   0: 3 0x8000bd6a (0x00001f17) x30 0x8000cd6a
core   0: 0x8000bd6e (0x283f2b23) sw      gp, 662(t5)
core   0: 3 0x8000bd6e (0x283f2b23) mem 0x8000d000 0x00000001
core   0: 0x8000bd72 (0x0000bfe5) c.j     pc - 8
core   0: 3 0x8000bd72 (0xbfe5)
core   0: 0x8000bd6a (0x00001f17) auipc   t5, 0x1
core   0: 3 0x8000bd6a (0x00001f17) x30 0x8000cd6a
core   0: 0x8000bd6e (0x283f2b23) sw      gp, 662(t5)
core   0: 3 0x8000bd6e (0x283f2b23) mem 0x8000d000 0x00000001
core   0: 0x8000bd72 (0x0000bfe5) c.j     pc - 8
core   0: 3 0x8000bd72 (0xbfe5)
core   0: 0x8000bd6a (0x00001f17) auipc   t5, 0x1
core   0: 3 0x8000bd6a (0x00001f17) x30 0x8000cd6a
core   0: 0x8000bd6e (0x283f2b23) sw      gp, 662(t5)
core   0: 3 0x8000bd6e (0x283f2b23) mem 0x8000d000 0x00000001
core   0: 0x8000bd72 (0x0000bfe5) c.j     pc - 8
core   0: 3 0x8000bd72 (0xbfe5)
core   0: 0x8000bd6a (0x00001f17) auipc   t5, 0x1
core   0: 3 0x8000bd6a (0x00001f17) x30 0x8000cd6a
core   0: 0x8000bd6e (0x283f2b23) sw      gp, 662(t5)
core   0: 3 0x8000bd6e (0x283f2b23) mem 0x8000d000 0x00000001
core   0: 0x8000bd72 (0x0000bfe5) c.j     pc - 8
core   0: 3 0x8000bd72 (0xbfe5)
core   0: 0x8000bd6a (0x00001f17) auipc   t5, 0x1
core   0: 3 0x8000bd6a (0x00001f17) x30 0x8000cd6a
core   0: 0x8000bd6e (0x283f2b23) sw      gp, 662(t5)
core   0: 3 0x8000bd6e (0x283f2b23) mem 0x8000d000 0x00000001
core   0: 0x8000bd72 (0x0000bfe5) c.j     pc - 8
core   0: 3 0x8000bd72 (0xbfe5)
core   0: 0x8000bd6a (0x00001f17) auipc   t5, 0x1
core   0: 3 0x8000bd6a (0x00001f17) x30 0x8000cd6a
core   0: 0x8000bd6e (0x283f2b23) sw      gp, 662(t5)
core   0: 3 0x8000bd6e (0x283f2b23) mem 0x8000d000 0x00000001
core   0: 0x8000bd72 (0x0000bfe5) c.j     pc - 8
core   0: 3 0x8000bd72 (0xbfe5)
core   0: 0x8000bd6a (0x00001f17) auipc   t5, 0x1
core   0: 3 0x8000bd6a (0x00001f17) x30 0x8000cd6a
core   0: 0x8000bd6e (0x283f2b23) sw      gp, 662(t5)
core   0: 3 0x8000bd6e (0x283f2b23) mem 0x8000d000 0x00000001
core   0: 0x8000bd72 (0x0000bfe5) c.j     pc - 8
core   0: 3 0x8000bd72 (0xbfe5)
core   0: 0x8000bd6a (0x00001f17) auipc   t5, 0x1
core   0: 3 0x8000bd6a (0x00001f17) x30 0x8000cd6a
core   0: 0x8000bd6e (0x283f2b23) sw      gp, 662(t5)
core   0: 3 0x8000bd6e (0x283f2b23) mem 0x8000d000 0x00000001
core   0: 0x8000bd72 (0x0000bfe5) c.j     pc - 8
core   0: 3 0x8000bd72 (0xbfe5)
core   0: 0x8000bd6a (0x00001f17) auipc   t5, 0x1
core   0: 3 0x8000bd6a (0x00001f17) x30 0x8000cd6a
core   0: 0x8000bd6e (0x283f2b23) sw      gp, 662(t5)
core   0: 3 0x8000bd6e (0x283f2b23) mem 0x8000d000 0x00000001
core   0: 0x8000bd72 (0x0000bfe5) c.j     pc - 8
core   0: 3 0x8000bd72 (0xbfe5)
core   0: 0x8000bd6a (0x00001f17) auipc   t5, 0x1
core   0: 3 0x8000bd6a (0x00001f17) x30 0x8000cd6a
core   0: 0x8000bd6e (0x283f2b23) sw      gp, 662(t5)
core   0: 3 0x8000bd6e (0x283f2b23) mem 0x8000d000 0x00000001
core   0: 0x8000bd72 (0x0000bfe5) c.j     pc - 8
core   0: 3 0x8000bd72 (0xbfe5)
core   0: 0x8000bd6a (0x00001f17) auipc   t5, 0x1
core   0: 3 0x8000bd6a (0x00001f17) x30 0x8000cd6a
core   0: 0x8000bd6e (0x283f2b23) sw      gp, 662(t5)
core   0: 3 0x8000bd6e (0x283f2b23) mem 0x8000d000 0x00000001
core   0: 0x8000bd72 (0x0000bfe5) c.j     pc - 8
core   0: 3 0x8000bd72 (0xbfe5)
core   0: 0x8000bd6a (0x00001f17) auipc   t5, 0x1
core   0: 3 0x8000bd6a (0x00001f17) x30 0x8000cd6a
core   0: 0x8000bd6e (0x283f2b23) sw      gp, 662(t5)
core   0: 3 0x8000bd6e (0x283f2b23) mem 0x8000d000 0x00000001
core   0: 0x8000bd72 (0x0000bfe5) c.j     pc - 8
core   0: 3 0x8000bd72 (0xbfe5)
core   0: 0x8000bd6a (0x00001f17) auipc   t5, 0x1
core   0: 3 0x8000bd6a (0x00001f17) x30 0x8000cd6a
core   0: 0x8000bd6e (0x283f2b23) sw      gp, 662(t5)
core   0: 3 0x8000bd6e (0x283f2b23) mem 0x8000d000 0x00000001
core   0: 0x8000bd72 (0x0000bfe5) c.j     pc - 8
core   0: 3 0x8000bd72 (0xbfe5)
core   0: 0x8000bd6a (0x00001f17) auipc   t5, 0x1
core   0: 3 0x8000bd6a (0x00001f17) x30 0x8000cd6a
core   0: 0x8000bd6e (0x283f2b23) sw      gp, 662(t5)
core   0: 3 0x8000bd6e (0x283f2b23) mem 0x8000d000 0x00000001
core   0: 0x8000bd72 (0x0000bfe5) c.j     pc - 8
core   0: 3 0x8000bd72 (0xbfe5)
core   0: 0x8000bd6a (0x00001f17) auipc   t5, 0x1
core   0: 3 0x8000bd6a (0x00001f17) x30 0x8000cd6a
core   0: 0x8000bd6e (0x283f2b23) sw      gp, 662(t5)
core   0: 3 0x8000bd6e (0x283f2b23) mem 0x8000d000 0x00000001
core   0: 0x8000bd72 (0x0000bfe5) c.j     pc - 8
core   0: 3 0x8000bd72 (0xbfe5)
core   0: 0x8000bd6a (0x00001f17) auipc   t5, 0x1
core   0: 3 0x8000bd6a (0x00001f17) x30 0x8000cd6a
core   0: 0x8000bd6e (0x283f2b23) sw      gp, 662(t5)
core   0: 3 0x8000bd6e (0x283f2b23) mem 0x8000d000 0x00000001
core   0: 0x8000bd72 (0x0000bfe5) c.j     pc - 8
core   0: 3 0x8000bd72 (0xbfe5)
core   0: 0x8000bd6a (0x00001f17) auipc   t5, 0x1
core   0: 3 0x8000bd6a (0x00001f17) x30 0x8000cd6a
core   0: 0x8000bd6e (0x283f2b23) sw      gp, 662(t5)
core   0: 3 0x8000bd6e (0x283f2b23) mem 0x8000d000 0x00000001
core   0: 0x8000bd72 (0x0000bfe5) c.j     pc - 8
core   0: 3 0x8000bd72 (0xbfe5)
core   0: 0x8000bd6a (0x00001f17) auipc   t5, 0x1
core   0: 3 0x8000bd6a (0x00001f17) x30 0x8000cd6a
core   0: 0x8000bd6e (0x283f2b23) sw      gp, 662(t5)
core   0: 3 0x8000bd6e (0x283f2b23) mem 0x8000d000 0x00000001
core   0: 0x8000bd72 (0x0000bfe5) c.j     pc - 8
core   0: 3 0x8000bd72 (0xbfe5)
core   0: 0x8000bd6a (0x00001f17) auipc   t5, 0x1
core   0: 3 0x8000bd6a (0x00001f17) x30 0x8000cd6a
core   0: 0x8000bd6e (0x283f2b23) sw      gp, 662(t5)
core   0: 3 0x8000bd6e (0x283f2b23) mem 0x8000d000 0x00000001
core   0: 0x8000bd72 (0x0000bfe5) c.j     pc - 8
core   0: 3 0x8000bd72 (0xbfe5)
core   0: 0x8000bd6a (0x00001f17) auipc   t5, 0x1
core   0: 3 0x8000bd6a (0x00001f17) x30 0x8000cd6a
core   0: 0x8000bd6e (0x283f2b23) sw      gp, 662(t5)
core   0: 3 0x8000bd6e (0x283f2b23) mem 0x8000d000 0x00000001
core   0: 0x8000bd72 (0x0000bfe5) c.j     pc - 8
core   0: 3 0x8000bd72 (0xbfe5)
core   0: 0x8000bd6a (0x00001f17) auipc   t5, 0x1
core   0: 3 0x8000bd6a (0x00001f17) x30 0x8000cd6a
core   0: 0x8000bd6e (0x283f2b23) sw      gp, 662(t5)
core   0: 3 0x8000bd6e (0x283f2b23) mem 0x8000d000 0x00000001
core   0: 0x8000bd72 (0x0000bfe5) c.j     pc - 8
core   0: 3 0x8000bd72 (0xbfe5)
core   0: 0x8000bd6a (0x00001f17) auipc   t5, 0x1
core   0: 3 0x8000bd6a (0x00001f17) x30 0x8000cd6a
core   0: 0x8000bd6e (0x283f2b23) sw      gp, 662(t5)
core   0: 3 0x8000bd6e (0x283f2b23) mem 0x8000d000 0x00000001
core   0: 0x8000bd72 (0x0000bfe5) c.j     pc - 8
core   0: 3 0x8000bd72 (0xbfe5)
core   0: 0x8000bd6a (0x00001f17) auipc   t5, 0x1
core   0: 3 0x8000bd6a (0x00001f17) x30 0x8000cd6a
core   0: 0x8000bd6e (0x283f2b23) sw      gp, 662(t5)
core   0: 3 0x8000bd6e (0x283f2b23) mem 0x8000d000 0x00000001
core   0: 0x8000bd72 (0x0000bfe5) c.j     pc - 8
core   0: 3 0x8000bd72 (0xbfe5)
core   0: 0x8000bd6a (0x00001f17) auipc   t5, 0x1
core   0: 3 0x8000bd6a (0x00001f17) x30 0x8000cd6a
core   0: 0x8000bd6e (0x283f2b23) sw      gp, 662(t5)
core   0: 3 0x8000bd6e (0x283f2b23) mem 0x8000d000 0x00000001
core   0: 0x8000bd72 (0x0000bfe5) c.j     pc - 8
core   0: 3 0x8000bd72 (0xbfe5)
core   0: 0x8000bd6a (0x00001f17) auipc   t5, 0x1
core   0: 3 0x8000bd6a (0x00001f17) x30 0x8000cd6a
core   0: 0x8000bd6e (0x283f2b23) sw      gp, 662(t5)
core   0: 3 0x8000bd6e (0x283f2b23) mem 0x8000d000 0x00000001
core   0: 0x8000bd72 (0x0000bfe5) c.j     pc - 8
core   0: 3 0x8000bd72 (0xbfe5)
core   0: 0x8000bd6a (0x00001f17) auipc   t5, 0x1
core   0: 3 0x8000bd6a (0x00001f17) x30 0x8000cd6a
core   0: 0x8000bd6e (0x283f2b23) sw      gp, 662(t5)
core   0: 3 0x8000bd6e (0x283f2b23) mem 0x8000d000 0x00000001
core   0: 0x8000bd72 (0x0000bfe5) c.j     pc - 8
core   0: 3 0x8000bd72 (0xbfe5)
core   0: 0x8000bd6a (0x00001f17) auipc   t5, 0x1
core   0: 3 0x8000bd6a (0x00001f17) x30 0x8000cd6a
core   0: 0x8000bd6e (0x283f2b23) sw      gp, 662(t5)
core   0: 3 0x8000bd6e (0x283f2b23) mem 0x8000d000 0x00000001
core   0: 0x8000bd72 (0x0000bfe5) c.j     pc - 8
core   0: 3 0x8000bd72 (0xbfe5)
core   0: 0x8000bd6a (0x00001f17) auipc   t5, 0x1
core   0: 3 0x8000bd6a (0x00001f17) x30 0x8000cd6a
core   0: 0x8000bd6e (0x283f2b23) sw      gp, 662(t5)
core   0: 3 0x8000bd6e (0x283f2b23) mem 0x8000d000 0x00000001
core   0: 0x8000bd72 (0x0000bfe5) c.j     pc - 8
core   0: 3 0x8000bd72 (0xbfe5)
core   0: 0x8000bd6a (0x00001f17) auipc   t5, 0x1
core   0: 3 0x8000bd6a (0x00001f17) x30 0x8000cd6a
core   0: 0x8000bd6e (0x283f2b23) sw      gp, 662(t5)
core   0: 3 0x8000bd6e (0x283f2b23) mem 0x8000d000 0x00000001
core   0: 0x8000bd72 (0x0000bfe5) c.j     pc - 8
core   0: 3 0x8000bd72 (0xbfe5)
core   0: 0x8000bd6a (0x00001f17) auipc   t5, 0x1
core   0: 3 0x8000bd6a (0x00001f17) x30 0x8000cd6a
core   0: 0x8000bd6e (0x283f2b23) sw      gp, 662(t5)
core   0: 3 0x8000bd6e (0x283f2b23) mem 0x8000d000 0x00000001
core   0: 0x8000bd72 (0x0000bfe5) c.j     pc - 8
core   0: 3 0x8000bd72 (0xbfe5)
core   0: 0x8000bd6a (0x00001f17) auipc   t5, 0x1
core   0: 3 0x8000bd6a (0x00001f17) x30 0x8000cd6a
core   0: 0x8000bd6e (0x283f2b23) sw      gp, 662(t5)
core   0: 3 0x8000bd6e (0x283f2b23) mem 0x8000d000 0x00000001
core   0: 0x8000bd72 (0x0000bfe5) c.j     pc - 8
core   0: 3 0x8000bd72 (0xbfe5)
core   0: 0x8000bd6a (0x00001f17) auipc   t5, 0x1
core   0: 3 0x8000bd6a (0x00001f17) x30 0x8000cd6a
core   0: 0x8000bd6e (0x283f2b23) sw      gp, 662(t5)
core   0: 3 0x8000bd6e (0x283f2b23) mem 0x8000d000 0x00000001
core   0: 0x8000bd72 (0x0000bfe5) c.j     pc - 8
core   0: 3 0x8000bd72 (0xbfe5)
core   0: 0x8000bd6a (0x00001f17) auipc   t5, 0x1
core   0: 3 0x8000bd6a (0x00001f17) x30 0x8000cd6a
core   0: 0x8000bd6e (0x283f2b23) sw      gp, 662(t5)
core   0: 3 0x8000bd6e (0x283f2b23) mem 0x8000d000 0x00000001
core   0: 0x8000bd72 (0x0000bfe5) c.j     pc - 8
core   0: 3 0x8000bd72 (0xbfe5)
core   0: 0x8000bd6a (0x00001f17) auipc   t5, 0x1
core   0: 3 0x8000bd6a (0x00001f17) x30 0x8000cd6a
core   0: 0x8000bd6e (0x283f2b23) sw      gp, 662(t5)
core   0: 3 0x8000bd6e (0x283f2b23) mem 0x8000d000 0x00000001
core   0: 0x8000bd72 (0x0000bfe5) c.j     pc - 8
core   0: 3 0x8000bd72 (0xbfe5)
core   0: 0x8000bd6a (0x00001f17) auipc   t5, 0x1
core   0: 3 0x8000bd6a (0x00001f17) x30 0x8000cd6a
core   0: 0x8000bd6e (0x283f2b23) sw      gp, 662(t5)
core   0: 3 0x8000bd6e (0x283f2b23) mem 0x8000d000 0x00000001
core   0: 0x8000bd72 (0x0000bfe5) c.j     pc - 8
core   0: 3 0x8000bd72 (0xbfe5)
core   0: 0x8000bd6a (0x00001f17) auipc   t5, 0x1
core   0: 3 0x8000bd6a (0x00001f17) x30 0x8000cd6a
core   0: 0x8000bd6e (0x283f2b23) sw      gp, 662(t5)
core   0: 3 0x8000bd6e (0x283f2b23) mem 0x8000d000 0x00000001
core   0: 0x8000bd72 (0x0000bfe5) c.j     pc - 8
core   0: 3 0x8000bd72 (0xbfe5)
core   0: 0x8000bd6a (0x00001f17) auipc   t5, 0x1
core   0: 3 0x8000bd6a (0x00001f17) x30 0x8000cd6a
core   0: 0x8000bd6e (0x283f2b23) sw      gp, 662(t5)
core   0: 3 0x8000bd6e (0x283f2b23) mem 0x8000d000 0x00000001
core   0: 0x8000bd72 (0x0000bfe5) c.j     pc - 8
core   0: 3 0x8000bd72 (0xbfe5)
core   0: 0x8000bd6a (0x00001f17) auipc   t5, 0x1
core   0: 3 0x8000bd6a (0x00001f17) x30 0x8000cd6a
core   0: 0x8000bd6e (0x283f2b23) sw      gp, 662(t5)
core   0: 3 0x8000bd6e (0x283f2b23) mem 0x8000d000 0x00000001
core   0: 0x8000bd72 (0x0000bfe5) c.j     pc - 8
core   0: 3 0x8000bd72 (0xbfe5)
core   0: 0x8000bd6a (0x00001f17) auipc   t5, 0x1
core   0: 3 0x8000bd6a (0x00001f17) x30 0x8000cd6a
core   0: 0x8000bd6e (0x283f2b23) sw      gp, 662(t5)
core   0: 3 0x8000bd6e (0x283f2b23) mem 0x8000d000 0x00000001
core   0: 0x8000bd72 (0x0000bfe5) c.j     pc - 8
core   0: 3 0x8000bd72 (0xbfe5)
core   0: 0x8000bd6a (0x00001f17) auipc   t5, 0x1
core   0: 3 0x8000bd6a (0x00001f17) x30 0x8000cd6a
core   0: 0x8000bd6e (0x283f2b23) sw      gp, 662(t5)
core   0: 3 0x8000bd6e (0x283f2b23) mem 0x8000d000 0x00000001
core   0: 0x8000bd72 (0x0000bfe5) c.j     pc - 8
core   0: 3 0x8000bd72 (0xbfe5)
core   0: 0x8000bd6a (0x00001f17) auipc   t5, 0x1
core   0: 3 0x8000bd6a (0x00001f17) x30 0x8000cd6a
core   0: 0x8000bd6e (0x283f2b23) sw      gp, 662(t5)
core   0: 3 0x8000bd6e (0x283f2b23) mem 0x8000d000 0x00000001
core   0: 0x8000bd72 (0x0000bfe5) c.j     pc - 8
core   0: 3 0x8000bd72 (0xbfe5)
core   0: 0x8000bd6a (0x00001f17) auipc   t5, 0x1
core   0: 3 0x8000bd6a (0x00001f17) x30 0x8000cd6a
core   0: 0x8000bd6e (0x283f2b23) sw      gp, 662(t5)
core   0: 3 0x8000bd6e (0x283f2b23) mem 0x8000d000 0x00000001
core   0: 0x8000bd72 (0x0000bfe5) c.j     pc - 8
core   0: 3 0x8000bd72 (0xbfe5)
core   0: 0x8000bd6a (0x00001f17) auipc   t5, 0x1
core   0: 3 0x8000bd6a (0x00001f17) x30 0x8000cd6a
core   0: 0x8000bd6e (0x283f2b23) sw      gp, 662(t5)
core   0: 3 0x8000bd6e (0x283f2b23) mem 0x8000d000 0x00000001
core   0: 0x8000bd72 (0x0000bfe5) c.j     pc - 8
core   0: 3 0x8000bd72 (0xbfe5)
core   0: 0x8000bd6a (0x00001f17) auipc   t5, 0x1
core   0: 3 0x8000bd6a (0x00001f17) x30 0x8000cd6a
core   0: 0x8000bd6e (0x283f2b23) sw      gp, 662(t5)
core   0: 3 0x8000bd6e (0x283f2b23) mem 0x8000d000 0x00000001
core   0: 0x8000bd72 (0x0000bfe5) c.j     pc - 8
core   0: 3 0x8000bd72 (0xbfe5)
core   0: 0x8000bd6a (0x00001f17) auipc   t5, 0x1
core   0: 3 0x8000bd6a (0x00001f17) x30 0x8000cd6a
core   0: 0x8000bd6e (0x283f2b23) sw      gp, 662(t5)
core   0: 3 0x8000bd6e (0x283f2b23) mem 0x8000d000 0x00000001
core   0: 0x8000bd72 (0x0000bfe5) c.j     pc - 8
core   0: 3 0x8000bd72 (0xbfe5)
core   0: 0x8000bd6a (0x00001f17) auipc   t5, 0x1
core   0: 3 0x8000bd6a (0x00001f17) x30 0x8000cd6a
core   0: 0x8000bd6e (0x283f2b23) sw      gp, 662(t5)
core   0: 3 0x8000bd6e (0x283f2b23) mem 0x8000d000 0x00000001
core   0: 0x8000bd72 (0x0000bfe5) c.j     pc - 8
core   0: 3 0x8000bd72 (0xbfe5)
core   0: 0x8000bd6a (0x00001f17) auipc   t5, 0x1
core   0: 3 0x8000bd6a (0x00001f17) x30 0x8000cd6a
core   0: 0x8000bd6e (0x283f2b23) sw      gp, 662(t5)
core   0: 3 0x8000bd6e (0x283f2b23) mem 0x8000d000 0x00000001
core   0: 0x8000bd72 (0x0000bfe5) c.j     pc - 8
core   0: 3 0x8000bd72 (0xbfe5)
core   0: 0x8000bd6a (0x00001f17) auipc   t5, 0x1
core   0: 3 0x8000bd6a (0x00001f17) x30 0x8000cd6a
core   0: 0x8000bd6e (0x283f2b23) sw      gp, 662(t5)
core   0: 3 0x8000bd6e (0x283f2b23) mem 0x8000d000 0x00000001
core   0: 0x8000bd72 (0x0000bfe5) c.j     pc - 8
core   0: 3 0x8000bd72 (0xbfe5)
core   0: 0x8000bd6a (0x00001f17) auipc   t5, 0x1
core   0: 3 0x8000bd6a (0x00001f17) x30 0x8000cd6a
core   0: 0x8000bd6e (0x283f2b23) sw      gp, 662(t5)
core   0: 3 0x8000bd6e (0x283f2b23) mem 0x8000d000 0x00000001
core   0: 0x8000bd72 (0x0000bfe5) c.j     pc - 8
core   0: 3 0x8000bd72 (0xbfe5)
core   0: 0x8000bd6a (0x00001f17) auipc   t5, 0x1
core   0: 3 0x8000bd6a (0x00001f17) x30 0x8000cd6a
core   0: 0x8000bd6e (0x283f2b23) sw      gp, 662(t5)
core   0: 3 0x8000bd6e (0x283f2b23) mem 0x8000d000 0x00000001
core   0: 0x8000bd72 (0x0000bfe5) c.j     pc - 8
core   0: 3 0x8000bd72 (0xbfe5)
core   0: 0x8000bd6a (0x00001f17) auipc   t5, 0x1
core   0: 3 0x8000bd6a (0x00001f17) x30 0x8000cd6a
core   0: 0x8000bd6e (0x283f2b23) sw      gp, 662(t5)
core   0: 3 0x8000bd6e (0x283f2b23) mem 0x8000d000 0x00000001
core   0: 0x8000bd72 (0x0000bfe5) c.j     pc - 8
core   0: 3 0x8000bd72 (0xbfe5)
core   0: 0x8000bd6a (0x00001f17) auipc   t5, 0x1
core   0: 3 0x8000bd6a (0x00001f17) x30 0x8000cd6a
core   0: 0x8000bd6e (0x283f2b23) sw      gp, 662(t5)
core   0: 3 0x8000bd6e (0x283f2b23) mem 0x8000d000 0x00000001
core   0: 0x8000bd72 (0x0000bfe5) c.j     pc - 8
core   0: 3 0x8000bd72 (0xbfe5)
core   0: 0x8000bd6a (0x00001f17) auipc   t5, 0x1
core   0: 3 0x8000bd6a (0x00001f17) x30 0x8000cd6a
core   0: 0x8000bd6e (0x283f2b23) sw      gp, 662(t5)
core   0: 3 0x8000bd6e (0x283f2b23) mem 0x8000d000 0x00000001
core   0: 0x8000bd72 (0x0000bfe5) c.j     pc - 8
core   0: 3 0x8000bd72 (0xbfe5)
core   0: 0x8000bd6a (0x00001f17) auipc   t5, 0x1
core   0: 3 0x8000bd6a (0x00001f17) x30 0x8000cd6a
core   0: 0x8000bd6e (0x283f2b23) sw      gp, 662(t5)
core   0: 3 0x8000bd6e (0x283f2b23) mem 0x8000d000 0x00000001
core   0: 0x8000bd72 (0x0000bfe5) c.j     pc - 8
core   0: 3 0x8000bd72 (0xbfe5)
core   0: 0x8000bd6a (0x00001f17) auipc   t5, 0x1
core   0: 3 0x8000bd6a (0x00001f17) x30 0x8000cd6a
core   0: 0x8000bd6e (0x283f2b23) sw      gp, 662(t5)
core   0: 3 0x8000bd6e (0x283f2b23) mem 0x8000d000 0x00000001
core   0: 0x8000bd72 (0x0000bfe5) c.j     pc - 8
core   0: 3 0x8000bd72 (0xbfe5)
core   0: 0x8000bd6a (0x00001f17) auipc   t5, 0x1
core   0: 3 0x8000bd6a (0x00001f17) x30 0x8000cd6a
core   0: 0x8000bd6e (0x283f2b23) sw      gp, 662(t5)
core   0: 3 0x8000bd6e (0x283f2b23) mem 0x8000d000 0x00000001
core   0: 0x8000bd72 (0x0000bfe5) c.j     pc - 8
core   0: 3 0x8000bd72 (0xbfe5)
core   0: 0x8000bd6a (0x00001f17) auipc   t5, 0x1
core   0: 3 0x8000bd6a (0x00001f17) x30 0x8000cd6a
core   0: 0x8000bd6e (0x283f2b23) sw      gp, 662(t5)
core   0: 3 0x8000bd6e (0x283f2b23) mem 0x8000d000 0x00000001
core   0: 0x8000bd72 (0x0000bfe5) c.j     pc - 8
core   0: 3 0x8000bd72 (0xbfe5)
core   0: 0x8000bd6a (0x00001f17) auipc   t5, 0x1
core   0: 3 0x8000bd6a (0x00001f17) x30 0x8000cd6a
core   0: 0x8000bd6e (0x283f2b23) sw      gp, 662(t5)
core   0: 3 0x8000bd6e (0x283f2b23) mem 0x8000d000 0x00000001
core   0: 0x8000bd72 (0x0000bfe5) c.j     pc - 8
core   0: 3 0x8000bd72 (0xbfe5)
core   0: 0x8000bd6a (0x00001f17) auipc   t5, 0x1
core   0: 3 0x8000bd6a (0x00001f17) x30 0x8000cd6a
core   0: 0x8000bd6e (0x283f2b23) sw      gp, 662(t5)
core   0: 3 0x8000bd6e (0x283f2b23) mem 0x8000d000 0x00000001
core   0: 0x8000bd72 (0x0000bfe5) c.j     pc - 8
core   0: 3 0x8000bd72 (0xbfe5)
core   0: 0x8000bd6a (0x00001f17) auipc   t5, 0x1
core   0: 3 0x8000bd6a (0x00001f17) x30 0x8000cd6a
core   0: 0x8000bd6e (0x283f2b23) sw      gp, 662(t5)
core   0: 3 0x8000bd6e (0x283f2b23) mem 0x8000d000 0x00000001
core   0: 0x8000bd72 (0x0000bfe5) c.j     pc - 8
core   0: 3 0x8000bd72 (0xbfe5)
core   0: 0x8000bd6a (0x00001f17) auipc   t5, 0x1
core   0: 3 0x8000bd6a (0x00001f17) x30 0x8000cd6a
core   0: 0x8000bd6e (0x283f2b23) sw      gp, 662(t5)
core   0: 3 0x8000bd6e (0x283f2b23) mem 0x8000d000 0x00000001
core   0: 0x8000bd72 (0x0000bfe5) c.j     pc - 8
core   0: 3 0x8000bd72 (0xbfe5)
core   0: 0x8000bd6a (0x00001f17) auipc   t5, 0x1
core   0: 3 0x8000bd6a (0x00001f17) x30 0x8000cd6a
core   0: 0x8000bd6e (0x283f2b23) sw      gp, 662(t5)
core   0: 3 0x8000bd6e (0x283f2b23) mem 0x8000d000 0x00000001
core   0: 0x8000bd72 (0x0000bfe5) c.j     pc - 8
core   0: 3 0x8000bd72 (0xbfe5)
core   0: 0x8000bd6a (0x00001f17) auipc   t5, 0x1
core   0: 3 0x8000bd6a (0x00001f17) x30 0x8000cd6a
core   0: 0x8000bd6e (0x283f2b23) sw      gp, 662(t5)
core   0: 3 0x8000bd6e (0x283f2b23) mem 0x8000d000 0x00000001
core   0: 0x8000bd72 (0x0000bfe5) c.j     pc - 8
core   0: 3 0x8000bd72 (0xbfe5)
core   0: 0x8000bd6a (0x00001f17) auipc   t5, 0x1
core   0: 3 0x8000bd6a (0x00001f17) x30 0x8000cd6a
core   0: 0x8000bd6e (0x283f2b23) sw      gp, 662(t5)
core   0: 3 0x8000bd6e (0x283f2b23) mem 0x8000d000 0x00000001
core   0: 0x8000bd72 (0x0000bfe5) c.j     pc - 8
core   0: 3 0x8000bd72 (0xbfe5)
core   0: 0x8000bd6a (0x00001f17) auipc   t5, 0x1
core   0: 3 0x8000bd6a (0x00001f17) x30 0x8000cd6a
core   0: 0x8000bd6e (0x283f2b23) sw      gp, 662(t5)
core   0: 3 0x8000bd6e (0x283f2b23) mem 0x8000d000 0x00000001
core   0: 0x8000bd72 (0x0000bfe5) c.j     pc - 8
core   0: 3 0x8000bd72 (0xbfe5)
core   0: 0x8000bd6a (0x00001f17) auipc   t5, 0x1
core   0: 3 0x8000bd6a (0x00001f17) x30 0x8000cd6a
core   0: 0x8000bd6e (0x283f2b23) sw      gp, 662(t5)
core   0: 3 0x8000bd6e (0x283f2b23) mem 0x8000d000 0x00000001
core   0: 0x8000bd72 (0x0000bfe5) c.j     pc - 8
core   0: 3 0x8000bd72 (0xbfe5)
core   0: 0x8000bd6a (0x00001f17) auipc   t5, 0x1
core   0: 3 0x8000bd6a (0x00001f17) x30 0x8000cd6a
core   0: 0x8000bd6e (0x283f2b23) sw      gp, 662(t5)
core   0: 3 0x8000bd6e (0x283f2b23) mem 0x8000d000 0x00000001
core   0: 0x8000bd72 (0x0000bfe5) c.j     pc - 8
core   0: 3 0x8000bd72 (0xbfe5)
core   0: 0x8000bd6a (0x00001f17) auipc   t5, 0x1
core   0: 3 0x8000bd6a (0x00001f17) x30 0x8000cd6a
core   0: 0x8000bd6e (0x283f2b23) sw      gp, 662(t5)
core   0: 3 0x8000bd6e (0x283f2b23) mem 0x8000d000 0x00000001
core   0: 0x8000bd72 (0x0000bfe5) c.j     pc - 8
core   0: 3 0x8000bd72 (0xbfe5)
core   0: 0x8000bd6a (0x00001f17) auipc   t5, 0x1
core   0: 3 0x8000bd6a (0x00001f17) x30 0x8000cd6a
core   0: 0x8000bd6e (0x283f2b23) sw      gp, 662(t5)
core   0: 3 0x8000bd6e (0x283f2b23) mem 0x8000d000 0x00000001
core   0: 0x8000bd72 (0x0000bfe5) c.j     pc - 8
core   0: 3 0x8000bd72 (0xbfe5)
core   0: 0x8000bd6a (0x00001f17) auipc   t5, 0x1
core   0: 3 0x8000bd6a (0x00001f17) x30 0x8000cd6a
core   0: 0x8000bd6e (0x283f2b23) sw      gp, 662(t5)
core   0: 3 0x8000bd6e (0x283f2b23) mem 0x8000d000 0x00000001
core   0: 0x8000bd72 (0x0000bfe5) c.j     pc - 8
core   0: 3 0x8000bd72 (0xbfe5)
core   0: 0x8000bd6a (0x00001f17) auipc   t5, 0x1
core   0: 3 0x8000bd6a (0x00001f17) x30 0x8000cd6a
core   0: 0x8000bd6e (0x283f2b23) sw      gp, 662(t5)
core   0: 3 0x8000bd6e (0x283f2b23) mem 0x8000d000 0x00000001
core   0: 0x8000bd72 (0x0000bfe5) c.j     pc - 8
core   0: 3 0x8000bd72 (0xbfe5)
core   0: 0x8000bd6a (0x00001f17) auipc   t5, 0x1
core   0: 3 0x8000bd6a (0x00001f17) x30 0x8000cd6a
core   0: 0x8000bd6e (0x283f2b23) sw      gp, 662(t5)
core   0: 3 0x8000bd6e (0x283f2b23) mem 0x8000d000 0x00000001
core   0: 0x8000bd72 (0x0000bfe5) c.j     pc - 8
core   0: 3 0x8000bd72 (0xbfe5)
core   0: 0x8000bd6a (0x00001f17) auipc   t5, 0x1
core   0: 3 0x8000bd6a (0x00001f17) x30 0x8000cd6a
core   0: 0x8000bd6e (0x283f2b23) sw      gp, 662(t5)
core   0: 3 0x8000bd6e (0x283f2b23) mem 0x8000d000 0x00000001
core   0: 0x8000bd72 (0x0000bfe5) c.j     pc - 8
core   0: 3 0x8000bd72 (0xbfe5)
core   0: 0x8000bd6a (0x00001f17) auipc   t5, 0x1
core   0: 3 0x8000bd6a (0x00001f17) x30 0x8000cd6a
core   0: 0x8000bd6e (0x283f2b23) sw      gp, 662(t5)
core   0: 3 0x8000bd6e (0x283f2b23) mem 0x8000d000 0x00000001
core   0: 0x8000bd72 (0x0000bfe5) c.j     pc - 8
core   0: 3 0x8000bd72 (0xbfe5)
core   0: 0x8000bd6a (0x00001f17) auipc   t5, 0x1
core   0: 3 0x8000bd6a (0x00001f17) x30 0x8000cd6a
core   0: 0x8000bd6e (0x283f2b23) sw      gp, 662(t5)
core   0: 3 0x8000bd6e (0x283f2b23) mem 0x8000d000 0x00000001
core   0: 0x8000bd72 (0x0000bfe5) c.j     pc - 8
core   0: 3 0x8000bd72 (0xbfe5)
core   0: 0x8000bd6a (0x00001f17) auipc   t5, 0x1
core   0: 3 0x8000bd6a (0x00001f17) x30 0x8000cd6a
core   0: 0x8000bd6e (0x283f2b23) sw      gp, 662(t5)
core   0: 3 0x8000bd6e (0x283f2b23) mem 0x8000d000 0x00000001
core   0: 0x8000bd72 (0x0000bfe5) c.j     pc - 8
core   0: 3 0x8000bd72 (0xbfe5)
core   0: 0x8000bd6a (0x00001f17) auipc   t5, 0x1
core   0: 3 0x8000bd6a (0x00001f17) x30 0x8000cd6a
core   0: 0x8000bd6e (0x283f2b23) sw      gp, 662(t5)
core   0: 3 0x8000bd6e (0x283f2b23) mem 0x8000d000 0x00000001
core   0: 0x8000bd72 (0x0000bfe5) c.j     pc - 8
core   0: 3 0x8000bd72 (0xbfe5)
core   0: 0x8000bd6a (0x00001f17) auipc   t5, 0x1
core   0: 3 0x8000bd6a (0x00001f17) x30 0x8000cd6a
core   0: 0x8000bd6e (0x283f2b23) sw      gp, 662(t5)
core   0: 3 0x8000bd6e (0x283f2b23) mem 0x8000d000 0x00000001
core   0: 0x8000bd72 (0x0000bfe5) c.j     pc - 8
core   0: 3 0x8000bd72 (0xbfe5)
core   0: 0x8000bd6a (0x00001f17) auipc   t5, 0x1
core   0: 3 0x8000bd6a (0x00001f17) x30 0x8000cd6a
core   0: 0x8000bd6e (0x283f2b23) sw      gp, 662(t5)
core   0: 3 0x8000bd6e (0x283f2b23) mem 0x8000d000 0x00000001
core   0: 0x8000bd72 (0x0000bfe5) c.j     pc - 8
core   0: 3 0x8000bd72 (0xbfe5)
core   0: 0x8000bd6a (0x00001f17) auipc   t5, 0x1
core   0: 3 0x8000bd6a (0x00001f17) x30 0x8000cd6a
core   0: 0x8000bd6e (0x283f2b23) sw      gp, 662(t5)
core   0: 3 0x8000bd6e (0x283f2b23) mem 0x8000d000 0x00000001
core   0: 0x8000bd72 (0x0000bfe5) c.j     pc - 8
core   0: 3 0x8000bd72 (0xbfe5)
core   0: 0x8000bd6a (0x00001f17) auipc   t5, 0x1
core   0: 3 0x8000bd6a (0x00001f17) x30 0x8000cd6a
core   0: 0x8000bd6e (0x283f2b23) sw      gp, 662(t5)
core   0: 3 0x8000bd6e (0x283f2b23) mem 0x8000d000 0x00000001
core   0: 0x8000bd72 (0x0000bfe5) c.j     pc - 8
core   0: 3 0x8000bd72 (0xbfe5)
core   0: 0x8000bd6a (0x00001f17) auipc   t5, 0x1
core   0: 3 0x8000bd6a (0x00001f17) x30 0x8000cd6a
core   0: 0x8000bd6e (0x283f2b23) sw      gp, 662(t5)
core   0: 3 0x8000bd6e (0x283f2b23) mem 0x8000d000 0x00000001
core   0: 0x8000bd72 (0x0000bfe5) c.j     pc - 8
core   0: 3 0x8000bd72 (0xbfe5)
core   0: 0x8000bd6a (0x00001f17) auipc   t5, 0x1
core   0: 3 0x8000bd6a (0x00001f17) x30 0x8000cd6a
core   0: 0x8000bd6e (0x283f2b23) sw      gp, 662(t5)
core   0: 3 0x8000bd6e (0x283f2b23) mem 0x8000d000 0x00000001
core   0: 0x8000bd72 (0x0000bfe5) c.j     pc - 8
core   0: 3 0x8000bd72 (0xbfe5)
core   0: 0x8000bd6a (0x00001f17) auipc   t5, 0x1
core   0: 3 0x8000bd6a (0x00001f17) x30 0x8000cd6a
core   0: 0x8000bd6e (0x283f2b23) sw      gp, 662(t5)
core   0: 3 0x8000bd6e (0x283f2b23) mem 0x8000d000 0x00000001
core   0: 0x8000bd72 (0x0000bfe5) c.j     pc - 8
core   0: 3 0x8000bd72 (0xbfe5)
core   0: 0x8000bd6a (0x00001f17) auipc   t5, 0x1
core   0: 3 0x8000bd6a (0x00001f17) x30 0x8000cd6a
core   0: 0x8000bd6e (0x283f2b23) sw      gp, 662(t5)
core   0: 3 0x8000bd6e (0x283f2b23) mem 0x8000d000 0x00000001
core   0: 0x8000bd72 (0x0000bfe5) c.j     pc - 8
core   0: 3 0x8000bd72 (0xbfe5)
core   0: 0x8000bd6a (0x00001f17) auipc   t5, 0x1
core   0: 3 0x8000bd6a (0x00001f17) x30 0x8000cd6a
core   0: 0x8000bd6e (0x283f2b23) sw      gp, 662(t5)
core   0: 3 0x8000bd6e (0x283f2b23) mem 0x8000d000 0x00000001
core   0: 0x8000bd72 (0x0000bfe5) c.j     pc - 8
core   0: 3 0x8000bd72 (0xbfe5)
core   0: 0x8000bd6a (0x00001f17) auipc   t5, 0x1
core   0: 3 0x8000bd6a (0x00001f17) x30 0x8000cd6a
core   0: 0x8000bd6e (0x283f2b23) sw      gp, 662(t5)
core   0: 3 0x8000bd6e (0x283f2b23) mem 0x8000d000 0x00000001
core   0: 0x8000bd72 (0x0000bfe5) c.j     pc - 8
core   0: 3 0x8000bd72 (0xbfe5)
core   0: 0x8000bd6a (0x00001f17) auipc   t5, 0x1
core   0: 3 0x8000bd6a (0x00001f17) x30 0x8000cd6a
core   0: 0x8000bd6e (0x283f2b23) sw      gp, 662(t5)
core   0: 3 0x8000bd6e (0x283f2b23) mem 0x8000d000 0x00000001
core   0: 0x8000bd72 (0x0000bfe5) c.j     pc - 8
core   0: 3 0x8000bd72 (0xbfe5)
core   0: 0x8000bd6a (0x00001f17) auipc   t5, 0x1
core   0: 3 0x8000bd6a (0x00001f17) x30 0x8000cd6a
core   0: 0x8000bd6e (0x283f2b23) sw      gp, 662(t5)
core   0: 3 0x8000bd6e (0x283f2b23) mem 0x8000d000 0x00000001
core   0: 0x8000bd72 (0x0000bfe5) c.j     pc - 8
core   0: 3 0x8000bd72 (0xbfe5)
core   0: 0x8000bd6a (0x00001f17) auipc   t5, 0x1
core   0: 3 0x8000bd6a (0x00001f17) x30 0x8000cd6a
core   0: 0x8000bd6e (0x283f2b23) sw      gp, 662(t5)
core   0: 3 0x8000bd6e (0x283f2b23) mem 0x8000d000 0x00000001
core   0: 0x8000bd72 (0x0000bfe5) c.j     pc - 8
core   0: 3 0x8000bd72 (0xbfe5)
core   0: 0x8000bd6a (0x00001f17) auipc   t5, 0x1
core   0: 3 0x8000bd6a (0x00001f17) x30 0x8000cd6a
core   0: 0x8000bd6e (0x283f2b23) sw      gp, 662(t5)
core   0: 3 0x8000bd6e (0x283f2b23) mem 0x8000d000 0x00000001
core   0: 0x8000bd72 (0x0000bfe5) c.j     pc - 8
core   0: 3 0x8000bd72 (0xbfe5)
core   0: 0x8000bd6a (0x00001f17) auipc   t5, 0x1
core   0: 3 0x8000bd6a (0x00001f17) x30 0x8000cd6a
core   0: 0x8000bd6e (0x283f2b23) sw      gp, 662(t5)
core   0: 3 0x8000bd6e (0x283f2b23) mem 0x8000d000 0x00000001
core   0: 0x8000bd72 (0x0000bfe5) c.j     pc - 8
core   0: 3 0x8000bd72 (0xbfe5)
core   0: 0x8000bd6a (0x00001f17) auipc   t5, 0x1
core   0: 3 0x8000bd6a (0x00001f17) x30 0x8000cd6a
core   0: 0x8000bd6e (0x283f2b23) sw      gp, 662(t5)
core   0: 3 0x8000bd6e (0x283f2b23) mem 0x8000d000 0x00000001
core   0: 0x8000bd72 (0x0000bfe5) c.j     pc - 8
core   0: 3 0x8000bd72 (0xbfe5)
core   0: 0x8000bd6a (0x00001f17) auipc   t5, 0x1
core   0: 3 0x8000bd6a (0x00001f17) x30 0x8000cd6a
core   0: 0x8000bd6e (0x283f2b23) sw      gp, 662(t5)
core   0: 3 0x8000bd6e (0x283f2b23) mem 0x8000d000 0x00000001
core   0: 0x8000bd72 (0x0000bfe5) c.j     pc - 8
core   0: 3 0x8000bd72 (0xbfe5)
core   0: 0x8000bd6a (0x00001f17) auipc   t5, 0x1
core   0: 3 0x8000bd6a (0x00001f17) x30 0x8000cd6a
core   0: 0x8000bd6e (0x283f2b23) sw      gp, 662(t5)
core   0: 3 0x8000bd6e (0x283f2b23) mem 0x8000d000 0x00000001
core   0: 0x8000bd72 (0x0000bfe5) c.j     pc - 8
core   0: 3 0x8000bd72 (0xbfe5)
core   0: 0x8000bd6a (0x00001f17) auipc   t5, 0x1
core   0: 3 0x8000bd6a (0x00001f17) x30 0x8000cd6a
core   0: 0x8000bd6e (0x283f2b23) sw      gp, 662(t5)
core   0: 3 0x8000bd6e (0x283f2b23) mem 0x8000d000 0x00000001
core   0: 0x8000bd72 (0x0000bfe5) c.j     pc - 8
core   0: 3 0x8000bd72 (0xbfe5)
core   0: 0x8000bd6a (0x00001f17) auipc   t5, 0x1
core   0: 3 0x8000bd6a (0x00001f17) x30 0x8000cd6a
core   0: 0x8000bd6e (0x283f2b23) sw      gp, 662(t5)
core   0: 3 0x8000bd6e (0x283f2b23) mem 0x8000d000 0x00000001
core   0: 0x8000bd72 (0x0000bfe5) c.j     pc - 8
core   0: 3 0x8000bd72 (0xbfe5)
core   0: 0x8000bd6a (0x00001f17) auipc   t5, 0x1
core   0: 3 0x8000bd6a (0x00001f17) x30 0x8000cd6a
core   0: 0x8000bd6e (0x283f2b23) sw      gp, 662(t5)
core   0: 3 0x8000bd6e (0x283f2b23) mem 0x8000d000 0x00000001
core   0: 0x8000bd72 (0x0000bfe5) c.j     pc - 8
core   0: 3 0x8000bd72 (0xbfe5)
core   0: 0x8000bd6a (0x00001f17) auipc   t5, 0x1
core   0: 3 0x8000bd6a (0x00001f17) x30 0x8000cd6a
core   0: 0x8000bd6e (0x283f2b23) sw      gp, 662(t5)
core   0: 3 0x8000bd6e (0x283f2b23) mem 0x8000d000 0x00000001
core   0: 0x8000bd72 (0x0000bfe5) c.j     pc - 8
core   0: 3 0x8000bd72 (0xbfe5)
core   0: 0x8000bd6a (0x00001f17) auipc   t5, 0x1
core   0: 3 0x8000bd6a (0x00001f17) x30 0x8000cd6a
core   0: 0x8000bd6e (0x283f2b23) sw      gp, 662(t5)
core   0: 3 0x8000bd6e (0x283f2b23) mem 0x8000d000 0x00000001
core   0: 0x8000bd72 (0x0000bfe5) c.j     pc - 8
core   0: 3 0x8000bd72 (0xbfe5)
core   0: 0x8000bd6a (0x00001f17) auipc   t5, 0x1
core   0: 3 0x8000bd6a (0x00001f17) x30 0x8000cd6a
core   0: 0x8000bd6e (0x283f2b23) sw      gp, 662(t5)
core   0: 3 0x8000bd6e (0x283f2b23) mem 0x8000d000 0x00000001
core   0: 0x8000bd72 (0x0000bfe5) c.j     pc - 8
core   0: 3 0x8000bd72 (0xbfe5)
core   0: 0x8000bd6a (0x00001f17) auipc   t5, 0x1
core   0: 3 0x8000bd6a (0x00001f17) x30 0x8000cd6a
core   0: 0x8000bd6e (0x283f2b23) sw      gp, 662(t5)
core   0: 3 0x8000bd6e (0x283f2b23) mem 0x8000d000 0x00000001
core   0: 0x8000bd72 (0x0000bfe5) c.j     pc - 8
core   0: 3 0x8000bd72 (0xbfe5)
core   0: 0x8000bd6a (0x00001f17) auipc   t5, 0x1
core   0: 3 0x8000bd6a (0x00001f17) x30 0x8000cd6a
core   0: 0x8000bd6e (0x283f2b23) sw      gp, 662(t5)
core   0: 3 0x8000bd6e (0x283f2b23) mem 0x8000d000 0x00000001
core   0: 0x8000bd72 (0x0000bfe5) c.j     pc - 8
core   0: 3 0x8000bd72 (0xbfe5)
core   0: 0x8000bd6a (0x00001f17) auipc   t5, 0x1
core   0: 3 0x8000bd6a (0x00001f17) x30 0x8000cd6a
core   0: 0x8000bd6e (0x283f2b23) sw      gp, 662(t5)
core   0: 3 0x8000bd6e (0x283f2b23) mem 0x8000d000 0x00000001
core   0: 0x8000bd72 (0x0000bfe5) c.j     pc - 8
core   0: 3 0x8000bd72 (0xbfe5)
core   0: 0x8000bd6a (0x00001f17) auipc   t5, 0x1
core   0: 3 0x8000bd6a (0x00001f17) x30 0x8000cd6a
core   0: 0x8000bd6e (0x283f2b23) sw      gp, 662(t5)
core   0: 3 0x8000bd6e (0x283f2b23) mem 0x8000d000 0x00000001
core   0: 0x8000bd72 (0x0000bfe5) c.j     pc - 8
core   0: 3 0x8000bd72 (0xbfe5)
core   0: 0x8000bd6a (0x00001f17) auipc   t5, 0x1
core   0: 3 0x8000bd6a (0x00001f17) x30 0x8000cd6a
core   0: 0x8000bd6e (0x283f2b23) sw      gp, 662(t5)
core   0: 3 0x8000bd6e (0x283f2b23) mem 0x8000d000 0x00000001
core   0: 0x8000bd72 (0x0000bfe5) c.j     pc - 8
core   0: 3 0x8000bd72 (0xbfe5)
core   0: 0x8000bd6a (0x00001f17) auipc   t5, 0x1
core   0: 3 0x8000bd6a (0x00001f17) x30 0x8000cd6a
core   0: 0x8000bd6e (0x283f2b23) sw      gp, 662(t5)
core   0: 3 0x8000bd6e (0x283f2b23) mem 0x8000d000 0x00000001
core   0: 0x8000bd72 (0x0000bfe5) c.j     pc - 8
core   0: 3 0x8000bd72 (0xbfe5)
core   0: 0x8000bd6a (0x00001f17) auipc   t5, 0x1
core   0: 3 0x8000bd6a (0x00001f17) x30 0x8000cd6a
core   0: 0x8000bd6e (0x283f2b23) sw      gp, 662(t5)
core   0: 3 0x8000bd6e (0x283f2b23) mem 0x8000d000 0x00000001
core   0: 0x8000bd72 (0x0000bfe5) c.j     pc - 8
core   0: 3 0x8000bd72 (0xbfe5)
core   0: 0x8000bd6a (0x00001f17) auipc   t5, 0x1
core   0: 3 0x8000bd6a (0x00001f17) x30 0x8000cd6a
core   0: 0x8000bd6e (0x283f2b23) sw      gp, 662(t5)
core   0: 3 0x8000bd6e (0x283f2b23) mem 0x8000d000 0x00000001
core   0: 0x8000bd72 (0x0000bfe5) c.j     pc - 8
core   0: 3 0x8000bd72 (0xbfe5)
core   0: 0x8000bd6a (0x00001f17) auipc   t5, 0x1
core   0: 3 0x8000bd6a (0x00001f17) x30 0x8000cd6a
core   0: 0x8000bd6e (0x283f2b23) sw      gp, 662(t5)
core   0: 3 0x8000bd6e (0x283f2b23) mem 0x8000d000 0x00000001
core   0: 0x8000bd72 (0x0000bfe5) c.j     pc - 8
core   0: 3 0x8000bd72 (0xbfe5)
core   0: 0x8000bd6a (0x00001f17) auipc   t5, 0x1
core   0: 3 0x8000bd6a (0x00001f17) x30 0x8000cd6a
core   0: 0x8000bd6e (0x283f2b23) sw      gp, 662(t5)
core   0: 3 0x8000bd6e (0x283f2b23) mem 0x8000d000 0x00000001
core   0: 0x8000bd72 (0x0000bfe5) c.j     pc - 8
core   0: 3 0x8000bd72 (0xbfe5)
core   0: 0x8000bd6a (0x00001f17) auipc   t5, 0x1
core   0: 3 0x8000bd6a (0x00001f17) x30 0x8000cd6a
core   0: 0x8000bd6e (0x283f2b23) sw      gp, 662(t5)
core   0: 3 0x8000bd6e (0x283f2b23) mem 0x8000d000 0x00000001
core   0: 0x8000bd72 (0x0000bfe5) c.j     pc - 8
core   0: 3 0x8000bd72 (0xbfe5)
core   0: 0x8000bd6a (0x00001f17) auipc   t5, 0x1
core   0: 3 0x8000bd6a (0x00001f17) x30 0x8000cd6a
core   0: 0x8000bd6e (0x283f2b23) sw      gp, 662(t5)
core   0: 3 0x8000bd6e (0x283f2b23) mem 0x8000d000 0x00000001
core   0: 0x8000bd72 (0x0000bfe5) c.j     pc - 8
core   0: 3 0x8000bd72 (0xbfe5)
core   0: 0x8000bd6a (0x00001f17) auipc   t5, 0x1
core   0: 3 0x8000bd6a (0x00001f17) x30 0x8000cd6a
core   0: 0x8000bd6e (0x283f2b23) sw      gp, 662(t5)
core   0: 3 0x8000bd6e (0x283f2b23) mem 0x8000d000 0x00000001
core   0: 0x8000bd72 (0x0000bfe5) c.j     pc - 8
core   0: 3 0x8000bd72 (0xbfe5)
core   0: 0x8000bd6a (0x00001f17) auipc   t5, 0x1
core   0: 3 0x8000bd6a (0x00001f17) x30 0x8000cd6a
core   0: 0x8000bd6e (0x283f2b23) sw      gp, 662(t5)
core   0: 3 0x8000bd6e (0x283f2b23) mem 0x8000d000 0x00000001
core   0: 0x8000bd72 (0x0000bfe5) c.j     pc - 8
core   0: 3 0x8000bd72 (0xbfe5)
core   0: 0x8000bd6a (0x00001f17) auipc   t5, 0x1
core   0: 3 0x8000bd6a (0x00001f17) x30 0x8000cd6a
core   0: 0x8000bd6e (0x283f2b23) sw      gp, 662(t5)
core   0: 3 0x8000bd6e (0x283f2b23) mem 0x8000d000 0x00000001
core   0: 0x8000bd72 (0x0000bfe5) c.j     pc - 8
core   0: 3 0x8000bd72 (0xbfe5)
core   0: 0x8000bd6a (0x00001f17) auipc   t5, 0x1
core   0: 3 0x8000bd6a (0x00001f17) x30 0x8000cd6a
core   0: 0x8000bd6e (0x283f2b23) sw      gp, 662(t5)
core   0: 3 0x8000bd6e (0x283f2b23) mem 0x8000d000 0x00000001
core   0: 0x8000bd72 (0x0000bfe5) c.j     pc - 8
core   0: 3 0x8000bd72 (0xbfe5)
core   0: 0x8000bd6a (0x00001f17) auipc   t5, 0x1
core   0: 3 0x8000bd6a (0x00001f17) x30 0x8000cd6a
core   0: 0x8000bd6e (0x283f2b23) sw      gp, 662(t5)
core   0: 3 0x8000bd6e (0x283f2b23) mem 0x8000d000 0x00000001
core   0: 0x8000bd72 (0x0000bfe5) c.j     pc - 8
core   0: 3 0x8000bd72 (0xbfe5)
core   0: 0x8000bd6a (0x00001f17) auipc   t5, 0x1
core   0: 3 0x8000bd6a (0x00001f17) x30 0x8000cd6a
core   0: 0x8000bd6e (0x283f2b23) sw      gp, 662(t5)
core   0: 3 0x8000bd6e (0x283f2b23) mem 0x8000d000 0x00000001
core   0: 0x8000bd72 (0x0000bfe5) c.j     pc - 8
core   0: 3 0x8000bd72 (0xbfe5)
core   0: 0x8000bd6a (0x00001f17) auipc   t5, 0x1
core   0: 3 0x8000bd6a (0x00001f17) x30 0x8000cd6a
core   0: 0x8000bd6e (0x283f2b23) sw      gp, 662(t5)
core   0: 3 0x8000bd6e (0x283f2b23) mem 0x8000d000 0x00000001
core   0: 0x8000bd72 (0x0000bfe5) c.j     pc - 8
core   0: 3 0x8000bd72 (0xbfe5)
core   0: 0x8000bd6a (0x00001f17) auipc   t5, 0x1
core   0: 3 0x8000bd6a (0x00001f17) x30 0x8000cd6a
core   0: 0x8000bd6e (0x283f2b23) sw      gp, 662(t5)
core   0: 3 0x8000bd6e (0x283f2b23) mem 0x8000d000 0x00000001
core   0: 0x8000bd72 (0x0000bfe5) c.j     pc - 8
core   0: 3 0x8000bd72 (0xbfe5)
core   0: 0x8000bd6a (0x00001f17) auipc   t5, 0x1
core   0: 3 0x8000bd6a (0x00001f17) x30 0x8000cd6a
core   0: 0x8000bd6e (0x283f2b23) sw      gp, 662(t5)
core   0: 3 0x8000bd6e (0x283f2b23) mem 0x8000d000 0x00000001
core   0: 0x8000bd72 (0x0000bfe5) c.j     pc - 8
core   0: 3 0x8000bd72 (0xbfe5)
core   0: 0x8000bd6a (0x00001f17) auipc   t5, 0x1
core   0: 3 0x8000bd6a (0x00001f17) x30 0x8000cd6a
core   0: 0x8000bd6e (0x283f2b23) sw      gp, 662(t5)
core   0: 3 0x8000bd6e (0x283f2b23) mem 0x8000d000 0x00000001
core   0: 0x8000bd72 (0x0000bfe5) c.j     pc - 8
core   0: 3 0x8000bd72 (0xbfe5)
core   0: 0x8000bd6a (0x00001f17) auipc   t5, 0x1
core   0: 3 0x8000bd6a (0x00001f17) x30 0x8000cd6a
core   0: 0x8000bd6e (0x283f2b23) sw      gp, 662(t5)
core   0: 3 0x8000bd6e (0x283f2b23) mem 0x8000d000 0x00000001
core   0: 0x8000bd72 (0x0000bfe5) c.j     pc - 8
core   0: 3 0x8000bd72 (0xbfe5)
core   0: 0x8000bd6a (0x00001f17) auipc   t5, 0x1
core   0: 3 0x8000bd6a (0x00001f17) x30 0x8000cd6a
core   0: 0x8000bd6e (0x283f2b23) sw      gp, 662(t5)
core   0: 3 0x8000bd6e (0x283f2b23) mem 0x8000d000 0x00000001
core   0: 0x8000bd72 (0x0000bfe5) c.j     pc - 8
core   0: 3 0x8000bd72 (0xbfe5)
core   0: 0x8000bd6a (0x00001f17) auipc   t5, 0x1
core   0: 3 0x8000bd6a (0x00001f17) x30 0x8000cd6a
core   0: 0x8000bd6e (0x283f2b23) sw      gp, 662(t5)
core   0: 3 0x8000bd6e (0x283f2b23) mem 0x8000d000 0x00000001
core   0: 0x8000bd72 (0x0000bfe5) c.j     pc - 8
core   0: 3 0x8000bd72 (0xbfe5)
core   0: 0x8000bd6a (0x00001f17) auipc   t5, 0x1
core   0: 3 0x8000bd6a (0x00001f17) x30 0x8000cd6a
core   0: 0x8000bd6e (0x283f2b23) sw      gp, 662(t5)
core   0: 3 0x8000bd6e (0x283f2b23) mem 0x8000d000 0x00000001
core   0: 0x8000bd72 (0x0000bfe5) c.j     pc - 8
core   0: 3 0x8000bd72 (0xbfe5)
core   0: 0x8000bd6a (0x00001f17) auipc   t5, 0x1
core   0: 3 0x8000bd6a (0x00001f17) x30 0x8000cd6a
core   0: 0x8000bd6e (0x283f2b23) sw      gp, 662(t5)
core   0: 3 0x8000bd6e (0x283f2b23) mem 0x8000d000 0x00000001
core   0: 0x8000bd72 (0x0000bfe5) c.j     pc - 8
core   0: 3 0x8000bd72 (0xbfe5)
core   0: 0x8000bd6a (0x00001f17) auipc   t5, 0x1
core   0: 3 0x8000bd6a (0x00001f17) x30 0x8000cd6a
core   0: 0x8000bd6e (0x283f2b23) sw      gp, 662(t5)
core   0: 3 0x8000bd6e (0x283f2b23) mem 0x8000d000 0x00000001
core   0: 0x8000bd72 (0x0000bfe5) c.j     pc - 8
core   0: 3 0x8000bd72 (0xbfe5)
core   0: 0x8000bd6a (0x00001f17) auipc   t5, 0x1
core   0: 3 0x8000bd6a (0x00001f17) x30 0x8000cd6a
core   0: 0x8000bd6e (0x283f2b23) sw      gp, 662(t5)
core   0: 3 0x8000bd6e (0x283f2b23) mem 0x8000d000 0x00000001
core   0: 0x8000bd72 (0x0000bfe5) c.j     pc - 8
core   0: 3 0x8000bd72 (0xbfe5)
core   0: 0x8000bd6a (0x00001f17) auipc   t5, 0x1
core   0: 3 0x8000bd6a (0x00001f17) x30 0x8000cd6a
core   0: 0x8000bd6e (0x283f2b23) sw      gp, 662(t5)
core   0: 3 0x8000bd6e (0x283f2b23) mem 0x8000d000 0x00000001
core   0: 0x8000bd72 (0x0000bfe5) c.j     pc - 8
core   0: 3 0x8000bd72 (0xbfe5)
core   0: 0x8000bd6a (0x00001f17) auipc   t5, 0x1
core   0: 3 0x8000bd6a (0x00001f17) x30 0x8000cd6a
core   0: 0x8000bd6e (0x283f2b23) sw      gp, 662(t5)
core   0: 3 0x8000bd6e (0x283f2b23) mem 0x8000d000 0x00000001
core   0: 0x8000bd72 (0x0000bfe5) c.j     pc - 8
core   0: 3 0x8000bd72 (0xbfe5)
core   0: 0x8000bd6a (0x00001f17) auipc   t5, 0x1
core   0: 3 0x8000bd6a (0x00001f17) x30 0x8000cd6a
core   0: 0x8000bd6e (0x283f2b23) sw      gp, 662(t5)
core   0: 3 0x8000bd6e (0x283f2b23) mem 0x8000d000 0x00000001
core   0: 0x8000bd72 (0x0000bfe5) c.j     pc - 8
core   0: 3 0x8000bd72 (0xbfe5)
core   0: 0x8000bd6a (0x00001f17) auipc   t5, 0x1
core   0: 3 0x8000bd6a (0x00001f17) x30 0x8000cd6a
core   0: 0x8000bd6e (0x283f2b23) sw      gp, 662(t5)
core   0: 3 0x8000bd6e (0x283f2b23) mem 0x8000d000 0x00000001
core   0: 0x8000bd72 (0x0000bfe5) c.j     pc - 8
core   0: 3 0x8000bd72 (0xbfe5)
core   0: 0x8000bd6a (0x00001f17) auipc   t5, 0x1
core   0: 3 0x8000bd6a (0x00001f17) x30 0x8000cd6a
core   0: 0x8000bd6e (0x283f2b23) sw      gp, 662(t5)
core   0: 3 0x8000bd6e (0x283f2b23) mem 0x8000d000 0x00000001
core   0: 0x8000bd72 (0x0000bfe5) c.j     pc - 8
core   0: 3 0x8000bd72 (0xbfe5)
core   0: 0x8000bd6a (0x00001f17) auipc   t5, 0x1
core   0: 3 0x8000bd6a (0x00001f17) x30 0x8000cd6a
core   0: 0x8000bd6e (0x283f2b23) sw      gp, 662(t5)
core   0: 3 0x8000bd6e (0x283f2b23) mem 0x8000d000 0x00000001
core   0: 0x8000bd72 (0x0000bfe5) c.j     pc - 8
core   0: 3 0x8000bd72 (0xbfe5)
core   0: 0x8000bd6a (0x00001f17) auipc   t5, 0x1
core   0: 3 0x8000bd6a (0x00001f17) x30 0x8000cd6a
core   0: 0x8000bd6e (0x283f2b23) sw      gp, 662(t5)
core   0: 3 0x8000bd6e (0x283f2b23) mem 0x8000d000 0x00000001
core   0: 0x8000bd72 (0x0000bfe5) c.j     pc - 8
core   0: 3 0x8000bd72 (0xbfe5)
core   0: 0x8000bd6a (0x00001f17) auipc   t5, 0x1
core   0: 3 0x8000bd6a (0x00001f17) x30 0x8000cd6a
core   0: 0x8000bd6e (0x283f2b23) sw      gp, 662(t5)
core   0: 3 0x8000bd6e (0x283f2b23) mem 0x8000d000 0x00000001
core   0: 0x8000bd72 (0x0000bfe5) c.j     pc - 8
core   0: 3 0x8000bd72 (0xbfe5)
core   0: 0x8000bd6a (0x00001f17) auipc   t5, 0x1
core   0: 3 0x8000bd6a (0x00001f17) x30 0x8000cd6a
core   0: 0x8000bd6e (0x283f2b23) sw      gp, 662(t5)
core   0: 3 0x8000bd6e (0x283f2b23) mem 0x8000d000 0x00000001
core   0: 0x8000bd72 (0x0000bfe5) c.j     pc - 8
core   0: 3 0x8000bd72 (0xbfe5)
core   0: 0x8000bd6a (0x00001f17) auipc   t5, 0x1
core   0: 3 0x8000bd6a (0x00001f17) x30 0x8000cd6a
core   0: 0x8000bd6e (0x283f2b23) sw      gp, 662(t5)
core   0: 3 0x8000bd6e (0x283f2b23) mem 0x8000d000 0x00000001
core   0: 0x8000bd72 (0x0000bfe5) c.j     pc - 8
core   0: 3 0x8000bd72 (0xbfe5)
core   0: 0x8000bd6a (0x00001f17) auipc   t5, 0x1
core   0: 3 0x8000bd6a (0x00001f17) x30 0x8000cd6a
core   0: 0x8000bd6e (0x283f2b23) sw      gp, 662(t5)
core   0: 3 0x8000bd6e (0x283f2b23) mem 0x8000d000 0x00000001
core   0: 0x8000bd72 (0x0000bfe5) c.j     pc - 8
core   0: 3 0x8000bd72 (0xbfe5)
core   0: 0x8000bd6a (0x00001f17) auipc   t5, 0x1
core   0: 3 0x8000bd6a (0x00001f17) x30 0x8000cd6a
core   0: 0x8000bd6e (0x283f2b23) sw      gp, 662(t5)
core   0: 3 0x8000bd6e (0x283f2b23) mem 0x8000d000 0x00000001
core   0: 0x8000bd72 (0x0000bfe5) c.j     pc - 8
core   0: 3 0x8000bd72 (0xbfe5)
core   0: 0x8000bd6a (0x00001f17) auipc   t5, 0x1
core   0: 3 0x8000bd6a (0x00001f17) x30 0x8000cd6a
core   0: 0x8000bd6e (0x283f2b23) sw      gp, 662(t5)
core   0: 3 0x8000bd6e (0x283f2b23) mem 0x8000d000 0x00000001
core   0: 0x8000bd72 (0x0000bfe5) c.j     pc - 8
core   0: 3 0x8000bd72 (0xbfe5)
core   0: 0x8000bd6a (0x00001f17) auipc   t5, 0x1
core   0: 3 0x8000bd6a (0x00001f17) x30 0x8000cd6a
core   0: 0x8000bd6e (0x283f2b23) sw      gp, 662(t5)
core   0: 3 0x8000bd6e (0x283f2b23) mem 0x8000d000 0x00000001
core   0: 0x8000bd72 (0x0000bfe5) c.j     pc - 8
core   0: 3 0x8000bd72 (0xbfe5)
core   0: 0x8000bd6a (0x00001f17) auipc   t5, 0x1
core   0: 3 0x8000bd6a (0x00001f17) x30 0x8000cd6a
core   0: 0x8000bd6e (0x283f2b23) sw      gp, 662(t5)
core   0: 3 0x8000bd6e (0x283f2b23) mem 0x8000d000 0x00000001
core   0: 0x8000bd72 (0x0000bfe5) c.j     pc - 8
core   0: 3 0x8000bd72 (0xbfe5)
core   0: 0x8000bd6a (0x00001f17) auipc   t5, 0x1
core   0: 3 0x8000bd6a (0x00001f17) x30 0x8000cd6a
core   0: 0x8000bd6e (0x283f2b23) sw      gp, 662(t5)
core   0: 3 0x8000bd6e (0x283f2b23) mem 0x8000d000 0x00000001
core   0: 0x8000bd72 (0x0000bfe5) c.j     pc - 8
core   0: 3 0x8000bd72 (0xbfe5)
core   0: 0x8000bd6a (0x00001f17) auipc   t5, 0x1
core   0: 3 0x8000bd6a (0x00001f17) x30 0x8000cd6a
core   0: 0x8000bd6e (0x283f2b23) sw      gp, 662(t5)
core   0: 3 0x8000bd6e (0x283f2b23) mem 0x8000d000 0x00000001
core   0: 0x8000bd72 (0x0000bfe5) c.j     pc - 8
core   0: 3 0x8000bd72 (0xbfe5)
core   0: 0x8000bd6a (0x00001f17) auipc   t5, 0x1
core   0: 3 0x8000bd6a (0x00001f17) x30 0x8000cd6a
core   0: 0x8000bd6e (0x283f2b23) sw      gp, 662(t5)
core   0: 3 0x8000bd6e (0x283f2b23) mem 0x8000d000 0x00000001
core   0: 0x8000bd72 (0x0000bfe5) c.j     pc - 8
core   0: 3 0x8000bd72 (0xbfe5)
core   0: 0x8000bd6a (0x00001f17) auipc   t5, 0x1
core   0: 3 0x8000bd6a (0x00001f17) x30 0x8000cd6a
core   0: 0x8000bd6e (0x283f2b23) sw      gp, 662(t5)
core   0: 3 0x8000bd6e (0x283f2b23) mem 0x8000d000 0x00000001
core   0: 0x8000bd72 (0x0000bfe5) c.j     pc - 8
core   0: 3 0x8000bd72 (0xbfe5)
core   0: 0x8000bd6a (0x00001f17) auipc   t5, 0x1
core   0: 3 0x8000bd6a (0x00001f17) x30 0x8000cd6a
core   0: 0x8000bd6e (0x283f2b23) sw      gp, 662(t5)
core   0: 3 0x8000bd6e (0x283f2b23) mem 0x8000d000 0x00000001
core   0: 0x8000bd72 (0x0000bfe5) c.j     pc - 8
core   0: 3 0x8000bd72 (0xbfe5)
core   0: 0x8000bd6a (0x00001f17) auipc   t5, 0x1
core   0: 3 0x8000bd6a (0x00001f17) x30 0x8000cd6a
core   0: 0x8000bd6e (0x283f2b23) sw      gp, 662(t5)
core   0: 3 0x8000bd6e (0x283f2b23) mem 0x8000d000 0x00000001
core   0: 0x8000bd72 (0x0000bfe5) c.j     pc - 8
core   0: 3 0x8000bd72 (0xbfe5)
core   0: 0x8000bd6a (0x00001f17) auipc   t5, 0x1
core   0: 3 0x8000bd6a (0x00001f17) x30 0x8000cd6a
core   0: 0x8000bd6e (0x283f2b23) sw      gp, 662(t5)
core   0: 3 0x8000bd6e (0x283f2b23) mem 0x8000d000 0x00000001
core   0: 0x8000bd72 (0x0000bfe5) c.j     pc - 8
core   0: 3 0x8000bd72 (0xbfe5)
core   0: 0x8000bd6a (0x00001f17) auipc   t5, 0x1
core   0: 3 0x8000bd6a (0x00001f17) x30 0x8000cd6a
core   0: 0x8000bd6e (0x283f2b23) sw      gp, 662(t5)
core   0: 3 0x8000bd6e (0x283f2b23) mem 0x8000d000 0x00000001
core   0: 0x8000bd72 (0x0000bfe5) c.j     pc - 8
core   0: 3 0x8000bd72 (0xbfe5)
core   0: 0x8000bd6a (0x00001f17) auipc   t5, 0x1
core   0: 3 0x8000bd6a (0x00001f17) x30 0x8000cd6a
core   0: 0x8000bd6e (0x283f2b23) sw      gp, 662(t5)
core   0: 3 0x8000bd6e (0x283f2b23) mem 0x8000d000 0x00000001
core   0: 0x8000bd72 (0x0000bfe5) c.j     pc - 8
core   0: 3 0x8000bd72 (0xbfe5)
core   0: 0x8000bd6a (0x00001f17) auipc   t5, 0x1
core   0: 3 0x8000bd6a (0x00001f17) x30 0x8000cd6a
core   0: 0x8000bd6e (0x283f2b23) sw      gp, 662(t5)
core   0: 3 0x8000bd6e (0x283f2b23) mem 0x8000d000 0x00000001
core   0: 0x8000bd72 (0x0000bfe5) c.j     pc - 8
core   0: 3 0x8000bd72 (0xbfe5)
core   0: 0x8000bd6a (0x00001f17) auipc   t5, 0x1
core   0: 3 0x8000bd6a (0x00001f17) x30 0x8000cd6a
core   0: 0x8000bd6e (0x283f2b23) sw      gp, 662(t5)
core   0: 3 0x8000bd6e (0x283f2b23) mem 0x8000d000 0x00000001
core   0: 0x8000bd72 (0x0000bfe5) c.j     pc - 8
core   0: 3 0x8000bd72 (0xbfe5)
core   0: 0x8000bd6a (0x00001f17) auipc   t5, 0x1
core   0: 3 0x8000bd6a (0x00001f17) x30 0x8000cd6a
core   0: 0x8000bd6e (0x283f2b23) sw      gp, 662(t5)
core   0: 3 0x8000bd6e (0x283f2b23) mem 0x8000d000 0x00000001
core   0: 0x8000bd72 (0x0000bfe5) c.j     pc - 8
core   0: 3 0x8000bd72 (0xbfe5)
core   0: 0x8000bd6a (0x00001f17) auipc   t5, 0x1
core   0: 3 0x8000bd6a (0x00001f17) x30 0x8000cd6a
core   0: 0x8000bd6e (0x283f2b23) sw      gp, 662(t5)
core   0: 3 0x8000bd6e (0x283f2b23) mem 0x8000d000 0x00000001
core   0: 0x8000bd72 (0x0000bfe5) c.j     pc - 8
core   0: 3 0x8000bd72 (0xbfe5)
core   0: 0x8000bd6a (0x00001f17) auipc   t5, 0x1
core   0: 3 0x8000bd6a (0x00001f17) x30 0x8000cd6a
core   0: 0x8000bd6e (0x283f2b23) sw      gp, 662(t5)
core   0: 3 0x8000bd6e (0x283f2b23) mem 0x8000d000 0x00000001
core   0: 0x8000bd72 (0x0000bfe5) c.j     pc - 8
core   0: 3 0x8000bd72 (0xbfe5)
core   0: 0x8000bd6a (0x00001f17) auipc   t5, 0x1
core   0: 3 0x8000bd6a (0x00001f17) x30 0x8000cd6a
core   0: 0x8000bd6e (0x283f2b23) sw      gp, 662(t5)
core   0: 3 0x8000bd6e (0x283f2b23) mem 0x8000d000 0x00000001
core   0: 0x8000bd72 (0x0000bfe5) c.j     pc - 8
core   0: 3 0x8000bd72 (0xbfe5)
core   0: 0x8000bd6a (0x00001f17) auipc   t5, 0x1
core   0: 3 0x8000bd6a (0x00001f17) x30 0x8000cd6a
core   0: 0x8000bd6e (0x283f2b23) sw      gp, 662(t5)
core   0: 3 0x8000bd6e (0x283f2b23) mem 0x8000d000 0x00000001
core   0: 0x8000bd72 (0x0000bfe5) c.j     pc - 8
core   0: 3 0x8000bd72 (0xbfe5)
core   0: 0x8000bd6a (0x00001f17) auipc   t5, 0x1
core   0: 3 0x8000bd6a (0x00001f17) x30 0x8000cd6a
core   0: 0x8000bd6e (0x283f2b23) sw      gp, 662(t5)
core   0: 3 0x8000bd6e (0x283f2b23) mem 0x8000d000 0x00000001
core   0: 0x8000bd72 (0x0000bfe5) c.j     pc - 8
core   0: 3 0x8000bd72 (0xbfe5)
core   0: 0x8000bd6a (0x00001f17) auipc   t5, 0x1
core   0: 3 0x8000bd6a (0x00001f17) x30 0x8000cd6a
core   0: 0x8000bd6e (0x283f2b23) sw      gp, 662(t5)
core   0: 3 0x8000bd6e (0x283f2b23) mem 0x8000d000 0x00000001
core   0: 0x8000bd72 (0x0000bfe5) c.j     pc - 8
core   0: 3 0x8000bd72 (0xbfe5)
core   0: 0x8000bd6a (0x00001f17) auipc   t5, 0x1
core   0: 3 0x8000bd6a (0x00001f17) x30 0x8000cd6a
core   0: 0x8000bd6e (0x283f2b23) sw      gp, 662(t5)
core   0: 3 0x8000bd6e (0x283f2b23) mem 0x8000d000 0x00000001
core   0: 0x8000bd72 (0x0000bfe5) c.j     pc - 8
core   0: 3 0x8000bd72 (0xbfe5)
core   0: 0x8000bd6a (0x00001f17) auipc   t5, 0x1
core   0: 3 0x8000bd6a (0x00001f17) x30 0x8000cd6a
core   0: 0x8000bd6e (0x283f2b23) sw      gp, 662(t5)
core   0: 3 0x8000bd6e (0x283f2b23) mem 0x8000d000 0x00000001
core   0: 0x8000bd72 (0x0000bfe5) c.j     pc - 8
core   0: 3 0x8000bd72 (0xbfe5)
core   0: 0x8000bd6a (0x00001f17) auipc   t5, 0x1
core   0: 3 0x8000bd6a (0x00001f17) x30 0x8000cd6a
core   0: 0x8000bd6e (0x283f2b23) sw      gp, 662(t5)
core   0: 3 0x8000bd6e (0x283f2b23) mem 0x8000d000 0x00000001
core   0: 0x8000bd72 (0x0000bfe5) c.j     pc - 8
core   0: 3 0x8000bd72 (0xbfe5)
core   0: 0x8000bd6a (0x00001f17) auipc   t5, 0x1
core   0: 3 0x8000bd6a (0x00001f17) x30 0x8000cd6a
core   0: 0x8000bd6e (0x283f2b23) sw      gp, 662(t5)
core   0: 3 0x8000bd6e (0x283f2b23) mem 0x8000d000 0x00000001
core   0: 0x8000bd72 (0x0000bfe5) c.j     pc - 8
core   0: 3 0x8000bd72 (0xbfe5)
core   0: 0x8000bd6a (0x00001f17) auipc   t5, 0x1
core   0: 3 0x8000bd6a (0x00001f17) x30 0x8000cd6a
core   0: 0x8000bd6e (0x283f2b23) sw      gp, 662(t5)
core   0: 3 0x8000bd6e (0x283f2b23) mem 0x8000d000 0x00000001
core   0: 0x8000bd72 (0x0000bfe5) c.j     pc - 8
core   0: 3 0x8000bd72 (0xbfe5)
core   0: 0x8000bd6a (0x00001f17) auipc   t5, 0x1
core   0: 3 0x8000bd6a (0x00001f17) x30 0x8000cd6a
core   0: 0x8000bd6e (0x283f2b23) sw      gp, 662(t5)
core   0: 3 0x8000bd6e (0x283f2b23) mem 0x8000d000 0x00000001
core   0: 0x8000bd72 (0x0000bfe5) c.j     pc - 8
core   0: 3 0x8000bd72 (0xbfe5)
core   0: 0x8000bd6a (0x00001f17) auipc   t5, 0x1
core   0: 3 0x8000bd6a (0x00001f17) x30 0x8000cd6a
core   0: 0x8000bd6e (0x283f2b23) sw      gp, 662(t5)
core   0: 3 0x8000bd6e (0x283f2b23) mem 0x8000d000 0x00000001
core   0: 0x8000bd72 (0x0000bfe5) c.j     pc - 8
core   0: 3 0x8000bd72 (0xbfe5)
core   0: 0x8000bd6a (0x00001f17) auipc   t5, 0x1
core   0: 3 0x8000bd6a (0x00001f17) x30 0x8000cd6a
core   0: 0x8000bd6e (0x283f2b23) sw      gp, 662(t5)
core   0: 3 0x8000bd6e (0x283f2b23) mem 0x8000d000 0x00000001
core   0: 0x8000bd72 (0x0000bfe5) c.j     pc - 8
core   0: 3 0x8000bd72 (0xbfe5)
core   0: 0x8000bd6a (0x00001f17) auipc   t5, 0x1
core   0: 3 0x8000bd6a (0x00001f17) x30 0x8000cd6a
core   0: 0x8000bd6e (0x283f2b23) sw      gp, 662(t5)
core   0: 3 0x8000bd6e (0x283f2b23) mem 0x8000d000 0x00000001
core   0: 0x8000bd72 (0x0000bfe5) c.j     pc - 8
core   0: 3 0x8000bd72 (0xbfe5)
core   0: 0x8000bd6a (0x00001f17) auipc   t5, 0x1
core   0: 3 0x8000bd6a (0x00001f17) x30 0x8000cd6a
core   0: 0x8000bd6e (0x283f2b23) sw      gp, 662(t5)
core   0: 3 0x8000bd6e (0x283f2b23) mem 0x8000d000 0x00000001
core   0: 0x8000bd72 (0x0000bfe5) c.j     pc - 8
core   0: 3 0x8000bd72 (0xbfe5)
core   0: 0x8000bd6a (0x00001f17) auipc   t5, 0x1
core   0: 3 0x8000bd6a (0x00001f17) x30 0x8000cd6a
core   0: 0x8000bd6e (0x283f2b23) sw      gp, 662(t5)
core   0: 3 0x8000bd6e (0x283f2b23) mem 0x8000d000 0x00000001
core   0: 0x8000bd72 (0x0000bfe5) c.j     pc - 8
core   0: 3 0x8000bd72 (0xbfe5)
core   0: 0x8000bd6a (0x00001f17) auipc   t5, 0x1
core   0: 3 0x8000bd6a (0x00001f17) x30 0x8000cd6a
core   0: 0x8000bd6e (0x283f2b23) sw      gp, 662(t5)
core   0: 3 0x8000bd6e (0x283f2b23) mem 0x8000d000 0x00000001
core   0: 0x8000bd72 (0x0000bfe5) c.j     pc - 8
core   0: 3 0x8000bd72 (0xbfe5)
core   0: 0x8000bd6a (0x00001f17) auipc   t5, 0x1
core   0: 3 0x8000bd6a (0x00001f17) x30 0x8000cd6a
core   0: 0x8000bd6e (0x283f2b23) sw      gp, 662(t5)
core   0: 3 0x8000bd6e (0x283f2b23) mem 0x8000d000 0x00000001
core   0: 0x8000bd72 (0x0000bfe5) c.j     pc - 8
core   0: 3 0x8000bd72 (0xbfe5)
core   0: 0x8000bd6a (0x00001f17) auipc   t5, 0x1
core   0: 3 0x8000bd6a (0x00001f17) x30 0x8000cd6a
core   0: 0x8000bd6e (0x283f2b23) sw      gp, 662(t5)
core   0: 3 0x8000bd6e (0x283f2b23) mem 0x8000d000 0x00000001
core   0: 0x8000bd72 (0x0000bfe5) c.j     pc - 8
core   0: 3 0x8000bd72 (0xbfe5)
core   0: 0x8000bd6a (0x00001f17) auipc   t5, 0x1
core   0: 3 0x8000bd6a (0x00001f17) x30 0x8000cd6a
core   0: 0x8000bd6e (0x283f2b23) sw      gp, 662(t5)
core   0: 3 0x8000bd6e (0x283f2b23) mem 0x8000d000 0x00000001
core   0: 0x8000bd72 (0x0000bfe5) c.j     pc - 8
core   0: 3 0x8000bd72 (0xbfe5)
core   0: 0x8000bd6a (0x00001f17) auipc   t5, 0x1
core   0: 3 0x8000bd6a (0x00001f17) x30 0x8000cd6a
core   0: 0x8000bd6e (0x283f2b23) sw      gp, 662(t5)
core   0: 3 0x8000bd6e (0x283f2b23) mem 0x8000d000 0x00000001
core   0: 0x8000bd72 (0x0000bfe5) c.j     pc - 8
core   0: 3 0x8000bd72 (0xbfe5)
core   0: 0x8000bd6a (0x00001f17) auipc   t5, 0x1
core   0: 3 0x8000bd6a (0x00001f17) x30 0x8000cd6a
core   0: 0x8000bd6e (0x283f2b23) sw      gp, 662(t5)
core   0: 3 0x8000bd6e (0x283f2b23) mem 0x8000d000 0x00000001
core   0: 0x8000bd72 (0x0000bfe5) c.j     pc - 8
core   0: 3 0x8000bd72 (0xbfe5)
core   0: 0x8000bd6a (0x00001f17) auipc   t5, 0x1
core   0: 3 0x8000bd6a (0x00001f17) x30 0x8000cd6a
core   0: 0x8000bd6e (0x283f2b23) sw      gp, 662(t5)
core   0: 3 0x8000bd6e (0x283f2b23) mem 0x8000d000 0x00000001
core   0: 0x8000bd72 (0x0000bfe5) c.j     pc - 8
core   0: 3 0x8000bd72 (0xbfe5)
core   0: 0x8000bd6a (0x00001f17) auipc   t5, 0x1
core   0: 3 0x8000bd6a (0x00001f17) x30 0x8000cd6a
core   0: 0x8000bd6e (0x283f2b23) sw      gp, 662(t5)
core   0: 3 0x8000bd6e (0x283f2b23) mem 0x8000d000 0x00000001
core   0: 0x8000bd72 (0x0000bfe5) c.j     pc - 8
core   0: 3 0x8000bd72 (0xbfe5)
core   0: 0x8000bd6a (0x00001f17) auipc   t5, 0x1
core   0: 3 0x8000bd6a (0x00001f17) x30 0x8000cd6a
core   0: 0x8000bd6e (0x283f2b23) sw      gp, 662(t5)
core   0: 3 0x8000bd6e (0x283f2b23) mem 0x8000d000 0x00000001
core   0: 0x8000bd72 (0x0000bfe5) c.j     pc - 8
core   0: 3 0x8000bd72 (0xbfe5)
core   0: 0x8000bd6a (0x00001f17) auipc   t5, 0x1
core   0: 3 0x8000bd6a (0x00001f17) x30 0x8000cd6a
core   0: 0x8000bd6e (0x283f2b23) sw      gp, 662(t5)
core   0: 3 0x8000bd6e (0x283f2b23) mem 0x8000d000 0x00000001
core   0: 0x8000bd72 (0x0000bfe5) c.j     pc - 8
core   0: 3 0x8000bd72 (0xbfe5)
core   0: 0x8000bd6a (0x00001f17) auipc   t5, 0x1
core   0: 3 0x8000bd6a (0x00001f17) x30 0x8000cd6a
core   0: 0x8000bd6e (0x283f2b23) sw      gp, 662(t5)
core   0: 3 0x8000bd6e (0x283f2b23) mem 0x8000d000 0x00000001
core   0: 0x8000bd72 (0x0000bfe5) c.j     pc - 8
core   0: 3 0x8000bd72 (0xbfe5)
core   0: 0x8000bd6a (0x00001f17) auipc   t5, 0x1
core   0: 3 0x8000bd6a (0x00001f17) x30 0x8000cd6a
core   0: 0x8000bd6e (0x283f2b23) sw      gp, 662(t5)
core   0: 3 0x8000bd6e (0x283f2b23) mem 0x8000d000 0x00000001
core   0: 0x8000bd72 (0x0000bfe5) c.j     pc - 8
core   0: 3 0x8000bd72 (0xbfe5)
core   0: 0x8000bd6a (0x00001f17) auipc   t5, 0x1
core   0: 3 0x8000bd6a (0x00001f17) x30 0x8000cd6a
core   0: 0x8000bd6e (0x283f2b23) sw      gp, 662(t5)
core   0: 3 0x8000bd6e (0x283f2b23) mem 0x8000d000 0x00000001
core   0: 0x8000bd72 (0x0000bfe5) c.j     pc - 8
core   0: 3 0x8000bd72 (0xbfe5)
core   0: 0x8000bd6a (0x00001f17) auipc   t5, 0x1
core   0: 3 0x8000bd6a (0x00001f17) x30 0x8000cd6a
core   0: 0x8000bd6e (0x283f2b23) sw      gp, 662(t5)
core   0: 3 0x8000bd6e (0x283f2b23) mem 0x8000d000 0x00000001
core   0: 0x8000bd72 (0x0000bfe5) c.j     pc - 8
core   0: 3 0x8000bd72 (0xbfe5)
core   0: 0x8000bd6a (0x00001f17) auipc   t5, 0x1
core   0: 3 0x8000bd6a (0x00001f17) x30 0x8000cd6a
core   0: 0x8000bd6e (0x283f2b23) sw      gp, 662(t5)
core   0: 3 0x8000bd6e (0x283f2b23) mem 0x8000d000 0x00000001
core   0: 0x8000bd72 (0x0000bfe5) c.j     pc - 8
core   0: 3 0x8000bd72 (0xbfe5)
core   0: 0x8000bd6a (0x00001f17) auipc   t5, 0x1
core   0: 3 0x8000bd6a (0x00001f17) x30 0x8000cd6a
core   0: 0x8000bd6e (0x283f2b23) sw      gp, 662(t5)
core   0: 3 0x8000bd6e (0x283f2b23) mem 0x8000d000 0x00000001
core   0: 0x8000bd72 (0x0000bfe5) c.j     pc - 8
core   0: 3 0x8000bd72 (0xbfe5)
core   0: 0x8000bd6a (0x00001f17) auipc   t5, 0x1
core   0: 3 0x8000bd6a (0x00001f17) x30 0x8000cd6a
core   0: 0x8000bd6e (0x283f2b23) sw      gp, 662(t5)
core   0: 3 0x8000bd6e (0x283f2b23) mem 0x8000d000 0x00000001
core   0: 0x8000bd72 (0x0000bfe5) c.j     pc - 8
core   0: 3 0x8000bd72 (0xbfe5)
core   0: 0x8000bd6a (0x00001f17) auipc   t5, 0x1
core   0: 3 0x8000bd6a (0x00001f17) x30 0x8000cd6a
core   0: 0x8000bd6e (0x283f2b23) sw      gp, 662(t5)
core   0: 3 0x8000bd6e (0x283f2b23) mem 0x8000d000 0x00000001
core   0: 0x8000bd72 (0x0000bfe5) c.j     pc - 8
core   0: 3 0x8000bd72 (0xbfe5)
core   0: 0x8000bd6a (0x00001f17) auipc   t5, 0x1
core   0: 3 0x8000bd6a (0x00001f17) x30 0x8000cd6a
core   0: 0x8000bd6e (0x283f2b23) sw      gp, 662(t5)
core   0: 3 0x8000bd6e (0x283f2b23) mem 0x8000d000 0x00000001
core   0: 0x8000bd72 (0x0000bfe5) c.j     pc - 8
core   0: 3 0x8000bd72 (0xbfe5)
core   0: 0x8000bd6a (0x00001f17) auipc   t5, 0x1
core   0: 3 0x8000bd6a (0x00001f17) x30 0x8000cd6a
core   0: 0x8000bd6e (0x283f2b23) sw      gp, 662(t5)
core   0: 3 0x8000bd6e (0x283f2b23) mem 0x8000d000 0x00000001
core   0: 0x8000bd72 (0x0000bfe5) c.j     pc - 8
core   0: 3 0x8000bd72 (0xbfe5)
core   0: 0x8000bd6a (0x00001f17) auipc   t5, 0x1
core   0: 3 0x8000bd6a (0x00001f17) x30 0x8000cd6a
core   0: 0x8000bd6e (0x283f2b23) sw      gp, 662(t5)
core   0: 3 0x8000bd6e (0x283f2b23) mem 0x8000d000 0x00000001
core   0: 0x8000bd72 (0x0000bfe5) c.j     pc - 8
core   0: 3 0x8000bd72 (0xbfe5)
core   0: 0x8000bd6a (0x00001f17) auipc   t5, 0x1
core   0: 3 0x8000bd6a (0x00001f17) x30 0x8000cd6a
core   0: 0x8000bd6e (0x283f2b23) sw      gp, 662(t5)
core   0: 3 0x8000bd6e (0x283f2b23) mem 0x8000d000 0x00000001
core   0: 0x8000bd72 (0x0000bfe5) c.j     pc - 8
core   0: 3 0x8000bd72 (0xbfe5)
core   0: 0x8000bd6a (0x00001f17) auipc   t5, 0x1
core   0: 3 0x8000bd6a (0x00001f17) x30 0x8000cd6a
core   0: 0x8000bd6e (0x283f2b23) sw      gp, 662(t5)
core   0: 3 0x8000bd6e (0x283f2b23) mem 0x8000d000 0x00000001
core   0: 0x8000bd72 (0x0000bfe5) c.j     pc - 8
core   0: 3 0x8000bd72 (0xbfe5)
core   0: 0x8000bd6a (0x00001f17) auipc   t5, 0x1
core   0: 3 0x8000bd6a (0x00001f17) x30 0x8000cd6a
core   0: 0x8000bd6e (0x283f2b23) sw      gp, 662(t5)
core   0: 3 0x8000bd6e (0x283f2b23) mem 0x8000d000 0x00000001
core   0: 0x8000bd72 (0x0000bfe5) c.j     pc - 8
core   0: 3 0x8000bd72 (0xbfe5)
core   0: 0x8000bd6a (0x00001f17) auipc   t5, 0x1
core   0: 3 0x8000bd6a (0x00001f17) x30 0x8000cd6a
core   0: 0x8000bd6e (0x283f2b23) sw      gp, 662(t5)
core   0: 3 0x8000bd6e (0x283f2b23) mem 0x8000d000 0x00000001
core   0: 0x8000bd72 (0x0000bfe5) c.j     pc - 8
core   0: 3 0x8000bd72 (0xbfe5)
core   0: 0x8000bd6a (0x00001f17) auipc   t5, 0x1
core   0: 3 0x8000bd6a (0x00001f17) x30 0x8000cd6a
core   0: 0x8000bd6e (0x283f2b23) sw      gp, 662(t5)
core   0: 3 0x8000bd6e (0x283f2b23) mem 0x8000d000 0x00000001
core   0: 0x8000bd72 (0x0000bfe5) c.j     pc - 8
core   0: 3 0x8000bd72 (0xbfe5)
core   0: 0x8000bd6a (0x00001f17) auipc   t5, 0x1
core   0: 3 0x8000bd6a (0x00001f17) x30 0x8000cd6a
core   0: 0x8000bd6e (0x283f2b23) sw      gp, 662(t5)
core   0: 3 0x8000bd6e (0x283f2b23) mem 0x8000d000 0x00000001
core   0: 0x8000bd72 (0x0000bfe5) c.j     pc - 8
core   0: 3 0x8000bd72 (0xbfe5)
core   0: 0x8000bd6a (0x00001f17) auipc   t5, 0x1
core   0: 3 0x8000bd6a (0x00001f17) x30 0x8000cd6a
core   0: 0x8000bd6e (0x283f2b23) sw      gp, 662(t5)
core   0: 3 0x8000bd6e (0x283f2b23) mem 0x8000d000 0x00000001
core   0: 0x8000bd72 (0x0000bfe5) c.j     pc - 8
core   0: 3 0x8000bd72 (0xbfe5)
core   0: 0x8000bd6a (0x00001f17) auipc   t5, 0x1
core   0: 3 0x8000bd6a (0x00001f17) x30 0x8000cd6a
core   0: 0x8000bd6e (0x283f2b23) sw      gp, 662(t5)
core   0: 3 0x8000bd6e (0x283f2b23) mem 0x8000d000 0x00000001
core   0: 0x8000bd72 (0x0000bfe5) c.j     pc - 8
core   0: 3 0x8000bd72 (0xbfe5)
core   0: 0x8000bd6a (0x00001f17) auipc   t5, 0x1
core   0: 3 0x8000bd6a (0x00001f17) x30 0x8000cd6a
core   0: 0x8000bd6e (0x283f2b23) sw      gp, 662(t5)
core   0: 3 0x8000bd6e (0x283f2b23) mem 0x8000d000 0x00000001
core   0: 0x8000bd72 (0x0000bfe5) c.j     pc - 8
core   0: 3 0x8000bd72 (0xbfe5)
core   0: 0x8000bd6a (0x00001f17) auipc   t5, 0x1
core   0: 3 0x8000bd6a (0x00001f17) x30 0x8000cd6a
core   0: 0x8000bd6e (0x283f2b23) sw      gp, 662(t5)
core   0: 3 0x8000bd6e (0x283f2b23) mem 0x8000d000 0x00000001
core   0: 0x8000bd72 (0x0000bfe5) c.j     pc - 8
core   0: 3 0x8000bd72 (0xbfe5)
core   0: 0x8000bd6a (0x00001f17) auipc   t5, 0x1
core   0: 3 0x8000bd6a (0x00001f17) x30 0x8000cd6a
core   0: 0x8000bd6e (0x283f2b23) sw      gp, 662(t5)
core   0: 3 0x8000bd6e (0x283f2b23) mem 0x8000d000 0x00000001
core   0: 0x8000bd72 (0x0000bfe5) c.j     pc - 8
core   0: 3 0x8000bd72 (0xbfe5)
core   0: 0x8000bd6a (0x00001f17) auipc   t5, 0x1
core   0: 3 0x8000bd6a (0x00001f17) x30 0x8000cd6a
core   0: 0x8000bd6e (0x283f2b23) sw      gp, 662(t5)
core   0: 3 0x8000bd6e (0x283f2b23) mem 0x8000d000 0x00000001
core   0: 0x8000bd72 (0x0000bfe5) c.j     pc - 8
core   0: 3 0x8000bd72 (0xbfe5)
core   0: 0x8000bd6a (0x00001f17) auipc   t5, 0x1
core   0: 3 0x8000bd6a (0x00001f17) x30 0x8000cd6a
core   0: 0x8000bd6e (0x283f2b23) sw      gp, 662(t5)
core   0: 3 0x8000bd6e (0x283f2b23) mem 0x8000d000 0x00000001
core   0: 0x8000bd72 (0x0000bfe5) c.j     pc - 8
core   0: 3 0x8000bd72 (0xbfe5)
core   0: 0x8000bd6a (0x00001f17) auipc   t5, 0x1
core   0: 3 0x8000bd6a (0x00001f17) x30 0x8000cd6a
core   0: 0x8000bd6e (0x283f2b23) sw      gp, 662(t5)
core   0: 3 0x8000bd6e (0x283f2b23) mem 0x8000d000 0x00000001
core   0: 0x8000bd72 (0x0000bfe5) c.j     pc - 8
core   0: 3 0x8000bd72 (0xbfe5)
core   0: 0x8000bd6a (0x00001f17) auipc   t5, 0x1
core   0: 3 0x8000bd6a (0x00001f17) x30 0x8000cd6a
core   0: 0x8000bd6e (0x283f2b23) sw      gp, 662(t5)
core   0: 3 0x8000bd6e (0x283f2b23) mem 0x8000d000 0x00000001
core   0: 0x8000bd72 (0x0000bfe5) c.j     pc - 8
core   0: 3 0x8000bd72 (0xbfe5)
core   0: 0x8000bd6a (0x00001f17) auipc   t5, 0x1
core   0: 3 0x8000bd6a (0x00001f17) x30 0x8000cd6a
core   0: 0x8000bd6e (0x283f2b23) sw      gp, 662(t5)
core   0: 3 0x8000bd6e (0x283f2b23) mem 0x8000d000 0x00000001
core   0: 0x8000bd72 (0x0000bfe5) c.j     pc - 8
core   0: 3 0x8000bd72 (0xbfe5)
core   0: 0x8000bd6a (0x00001f17) auipc   t5, 0x1
core   0: 3 0x8000bd6a (0x00001f17) x30 0x8000cd6a
core   0: 0x8000bd6e (0x283f2b23) sw      gp, 662(t5)
core   0: 3 0x8000bd6e (0x283f2b23) mem 0x8000d000 0x00000001
core   0: 0x8000bd72 (0x0000bfe5) c.j     pc - 8
core   0: 3 0x8000bd72 (0xbfe5)
core   0: 0x8000bd6a (0x00001f17) auipc   t5, 0x1
core   0: 3 0x8000bd6a (0x00001f17) x30 0x8000cd6a
core   0: 0x8000bd6e (0x283f2b23) sw      gp, 662(t5)
core   0: 3 0x8000bd6e (0x283f2b23) mem 0x8000d000 0x00000001
core   0: 0x8000bd72 (0x0000bfe5) c.j     pc - 8
core   0: 3 0x8000bd72 (0xbfe5)
core   0: 0x8000bd6a (0x00001f17) auipc   t5, 0x1
core   0: 3 0x8000bd6a (0x00001f17) x30 0x8000cd6a
core   0: 0x8000bd6e (0x283f2b23) sw      gp, 662(t5)
core   0: 3 0x8000bd6e (0x283f2b23) mem 0x8000d000 0x00000001
core   0: 0x8000bd72 (0x0000bfe5) c.j     pc - 8
core   0: 3 0x8000bd72 (0xbfe5)
core   0: 0x8000bd6a (0x00001f17) auipc   t5, 0x1
core   0: 3 0x8000bd6a (0x00001f17) x30 0x8000cd6a
core   0: 0x8000bd6e (0x283f2b23) sw      gp, 662(t5)
core   0: 3 0x8000bd6e (0x283f2b23) mem 0x8000d000 0x00000001
core   0: 0x8000bd72 (0x0000bfe5) c.j     pc - 8
core   0: 3 0x8000bd72 (0xbfe5)
core   0: 0x8000bd6a (0x00001f17) auipc   t5, 0x1
core   0: 3 0x8000bd6a (0x00001f17) x30 0x8000cd6a
core   0: 0x8000bd6e (0x283f2b23) sw      gp, 662(t5)
core   0: 3 0x8000bd6e (0x283f2b23) mem 0x8000d000 0x00000001
core   0: 0x8000bd72 (0x0000bfe5) c.j     pc - 8
core   0: 3 0x8000bd72 (0xbfe5)
core   0: 0x8000bd6a (0x00001f17) auipc   t5, 0x1
core   0: 3 0x8000bd6a (0x00001f17) x30 0x8000cd6a
core   0: 0x8000bd6e (0x283f2b23) sw      gp, 662(t5)
core   0: 3 0x8000bd6e (0x283f2b23) mem 0x8000d000 0x00000001
core   0: 0x8000bd72 (0x0000bfe5) c.j     pc - 8
core   0: 3 0x8000bd72 (0xbfe5)
core   0: 0x8000bd6a (0x00001f17) auipc   t5, 0x1
core   0: 3 0x8000bd6a (0x00001f17) x30 0x8000cd6a
core   0: 0x8000bd6e (0x283f2b23) sw      gp, 662(t5)
core   0: 3 0x8000bd6e (0x283f2b23) mem 0x8000d000 0x00000001
core   0: 0x8000bd72 (0x0000bfe5) c.j     pc - 8
core   0: 3 0x8000bd72 (0xbfe5)
core   0: 0x8000bd6a (0x00001f17) auipc   t5, 0x1
core   0: 3 0x8000bd6a (0x00001f17) x30 0x8000cd6a
core   0: 0x8000bd6e (0x283f2b23) sw      gp, 662(t5)
core   0: 3 0x8000bd6e (0x283f2b23) mem 0x8000d000 0x00000001
core   0: 0x8000bd72 (0x0000bfe5) c.j     pc - 8
core   0: 3 0x8000bd72 (0xbfe5)
core   0: 0x8000bd6a (0x00001f17) auipc   t5, 0x1
core   0: 3 0x8000bd6a (0x00001f17) x30 0x8000cd6a
core   0: 0x8000bd6e (0x283f2b23) sw      gp, 662(t5)
core   0: 3 0x8000bd6e (0x283f2b23) mem 0x8000d000 0x00000001
core   0: 0x8000bd72 (0x0000bfe5) c.j     pc - 8
core   0: 3 0x8000bd72 (0xbfe5)
core   0: 0x8000bd6a (0x00001f17) auipc   t5, 0x1
core   0: 3 0x8000bd6a (0x00001f17) x30 0x8000cd6a
core   0: 0x8000bd6e (0x283f2b23) sw      gp, 662(t5)
core   0: 3 0x8000bd6e (0x283f2b23) mem 0x8000d000 0x00000001
core   0: 0x8000bd72 (0x0000bfe5) c.j     pc - 8
core   0: 3 0x8000bd72 (0xbfe5)
core   0: 0x8000bd6a (0x00001f17) auipc   t5, 0x1
core   0: 3 0x8000bd6a (0x00001f17) x30 0x8000cd6a
core   0: 0x8000bd6e (0x283f2b23) sw      gp, 662(t5)
core   0: 3 0x8000bd6e (0x283f2b23) mem 0x8000d000 0x00000001
core   0: 0x8000bd72 (0x0000bfe5) c.j     pc - 8
core   0: 3 0x8000bd72 (0xbfe5)
core   0: 0x8000bd6a (0x00001f17) auipc   t5, 0x1
core   0: 3 0x8000bd6a (0x00001f17) x30 0x8000cd6a
core   0: 0x8000bd6e (0x283f2b23) sw      gp, 662(t5)
core   0: 3 0x8000bd6e (0x283f2b23) mem 0x8000d000 0x00000001
core   0: 0x8000bd72 (0x0000bfe5) c.j     pc - 8
core   0: 3 0x8000bd72 (0xbfe5)
core   0: 0x8000bd6a (0x00001f17) auipc   t5, 0x1
core   0: 3 0x8000bd6a (0x00001f17) x30 0x8000cd6a
core   0: 0x8000bd6e (0x283f2b23) sw      gp, 662(t5)
core   0: 3 0x8000bd6e (0x283f2b23) mem 0x8000d000 0x00000001
core   0: 0x8000bd72 (0x0000bfe5) c.j     pc - 8
core   0: 3 0x8000bd72 (0xbfe5)
core   0: 0x8000bd6a (0x00001f17) auipc   t5, 0x1
core   0: 3 0x8000bd6a (0x00001f17) x30 0x8000cd6a
core   0: 0x8000bd6e (0x283f2b23) sw      gp, 662(t5)
core   0: 3 0x8000bd6e (0x283f2b23) mem 0x8000d000 0x00000001
core   0: 0x8000bd72 (0x0000bfe5) c.j     pc - 8
core   0: 3 0x8000bd72 (0xbfe5)
core   0: 0x8000bd6a (0x00001f17) auipc   t5, 0x1
core   0: 3 0x8000bd6a (0x00001f17) x30 0x8000cd6a
core   0: 0x8000bd6e (0x283f2b23) sw      gp, 662(t5)
core   0: 3 0x8000bd6e (0x283f2b23) mem 0x8000d000 0x00000001
core   0: 0x8000bd72 (0x0000bfe5) c.j     pc - 8
core   0: 3 0x8000bd72 (0xbfe5)
core   0: 0x8000bd6a (0x00001f17) auipc   t5, 0x1
core   0: 3 0x8000bd6a (0x00001f17) x30 0x8000cd6a
core   0: 0x8000bd6e (0x283f2b23) sw      gp, 662(t5)
core   0: 3 0x8000bd6e (0x283f2b23) mem 0x8000d000 0x00000001
core   0: 0x8000bd72 (0x0000bfe5) c.j     pc - 8
core   0: 3 0x8000bd72 (0xbfe5)
core   0: 0x8000bd6a (0x00001f17) auipc   t5, 0x1
core   0: 3 0x8000bd6a (0x00001f17) x30 0x8000cd6a
core   0: 0x8000bd6e (0x283f2b23) sw      gp, 662(t5)
core   0: 3 0x8000bd6e (0x283f2b23) mem 0x8000d000 0x00000001
core   0: 0x8000bd72 (0x0000bfe5) c.j     pc - 8
core   0: 3 0x8000bd72 (0xbfe5)
core   0: 0x8000bd6a (0x00001f17) auipc   t5, 0x1
core   0: 3 0x8000bd6a (0x00001f17) x30 0x8000cd6a
core   0: 0x8000bd6e (0x283f2b23) sw      gp, 662(t5)
core   0: 3 0x8000bd6e (0x283f2b23) mem 0x8000d000 0x00000001
core   0: 0x8000bd72 (0x0000bfe5) c.j     pc - 8
core   0: 3 0x8000bd72 (0xbfe5)
core   0: 0x8000bd6a (0x00001f17) auipc   t5, 0x1
core   0: 3 0x8000bd6a (0x00001f17) x30 0x8000cd6a
core   0: 0x8000bd6e (0x283f2b23) sw      gp, 662(t5)
core   0: 3 0x8000bd6e (0x283f2b23) mem 0x8000d000 0x00000001
core   0: 0x8000bd72 (0x0000bfe5) c.j     pc - 8
core   0: 3 0x8000bd72 (0xbfe5)
core   0: 0x8000bd6a (0x00001f17) auipc   t5, 0x1
core   0: 3 0x8000bd6a (0x00001f17) x30 0x8000cd6a
core   0: 0x8000bd6e (0x283f2b23) sw      gp, 662(t5)
core   0: 3 0x8000bd6e (0x283f2b23) mem 0x8000d000 0x00000001
core   0: 0x8000bd72 (0x0000bfe5) c.j     pc - 8
core   0: 3 0x8000bd72 (0xbfe5)
core   0: 0x8000bd6a (0x00001f17) auipc   t5, 0x1
core   0: 3 0x8000bd6a (0x00001f17) x30 0x8000cd6a
core   0: 0x8000bd6e (0x283f2b23) sw      gp, 662(t5)
core   0: 3 0x8000bd6e (0x283f2b23) mem 0x8000d000 0x00000001
core   0: 0x8000bd72 (0x0000bfe5) c.j     pc - 8
core   0: 3 0x8000bd72 (0xbfe5)
core   0: 0x8000bd6a (0x00001f17) auipc   t5, 0x1
core   0: 3 0x8000bd6a (0x00001f17) x30 0x8000cd6a
core   0: 0x8000bd6e (0x283f2b23) sw      gp, 662(t5)
core   0: 3 0x8000bd6e (0x283f2b23) mem 0x8000d000 0x00000001
core   0: 0x8000bd72 (0x0000bfe5) c.j     pc - 8
core   0: 3 0x8000bd72 (0xbfe5)
core   0: 0x8000bd6a (0x00001f17) auipc   t5, 0x1
core   0: 3 0x8000bd6a (0x00001f17) x30 0x8000cd6a
core   0: 0x8000bd6e (0x283f2b23) sw      gp, 662(t5)
core   0: 3 0x8000bd6e (0x283f2b23) mem 0x8000d000 0x00000001
core   0: 0x8000bd72 (0x0000bfe5) c.j     pc - 8
core   0: 3 0x8000bd72 (0xbfe5)
core   0: 0x8000bd6a (0x00001f17) auipc   t5, 0x1
core   0: 3 0x8000bd6a (0x00001f17) x30 0x8000cd6a
core   0: 0x8000bd6e (0x283f2b23) sw      gp, 662(t5)
core   0: 3 0x8000bd6e (0x283f2b23) mem 0x8000d000 0x00000001
core   0: 0x8000bd72 (0x0000bfe5) c.j     pc - 8
core   0: 3 0x8000bd72 (0xbfe5)
core   0: 0x8000bd6a (0x00001f17) auipc   t5, 0x1
core   0: 3 0x8000bd6a (0x00001f17) x30 0x8000cd6a
core   0: 0x8000bd6e (0x283f2b23) sw      gp, 662(t5)
core   0: 3 0x8000bd6e (0x283f2b23) mem 0x8000d000 0x00000001
core   0: 0x8000bd72 (0x0000bfe5) c.j     pc - 8
core   0: 3 0x8000bd72 (0xbfe5)
core   0: 0x8000bd6a (0x00001f17) auipc   t5, 0x1
core   0: 3 0x8000bd6a (0x00001f17) x30 0x8000cd6a
core   0: 0x8000bd6e (0x283f2b23) sw      gp, 662(t5)
core   0: 3 0x8000bd6e (0x283f2b23) mem 0x8000d000 0x00000001
core   0: 0x8000bd72 (0x0000bfe5) c.j     pc - 8
core   0: 3 0x8000bd72 (0xbfe5)
core   0: 0x8000bd6a (0x00001f17) auipc   t5, 0x1
core   0: 3 0x8000bd6a (0x00001f17) x30 0x8000cd6a
core   0: 0x8000bd6e (0x283f2b23) sw      gp, 662(t5)
core   0: 3 0x8000bd6e (0x283f2b23) mem 0x8000d000 0x00000001
core   0: 0x8000bd72 (0x0000bfe5) c.j     pc - 8
core   0: 3 0x8000bd72 (0xbfe5)
core   0: 0x8000bd6a (0x00001f17) auipc   t5, 0x1
core   0: 3 0x8000bd6a (0x00001f17) x30 0x8000cd6a
core   0: 0x8000bd6e (0x283f2b23) sw      gp, 662(t5)
core   0: 3 0x8000bd6e (0x283f2b23) mem 0x8000d000 0x00000001
core   0: 0x8000bd72 (0x0000bfe5) c.j     pc - 8
core   0: 3 0x8000bd72 (0xbfe5)
core   0: 0x8000bd6a (0x00001f17) auipc   t5, 0x1
core   0: 3 0x8000bd6a (0x00001f17) x30 0x8000cd6a
core   0: 0x8000bd6e (0x283f2b23) sw      gp, 662(t5)
core   0: 3 0x8000bd6e (0x283f2b23) mem 0x8000d000 0x00000001
core   0: 0x8000bd72 (0x0000bfe5) c.j     pc - 8
core   0: 3 0x8000bd72 (0xbfe5)
core   0: 0x8000bd6a (0x00001f17) auipc   t5, 0x1
core   0: 3 0x8000bd6a (0x00001f17) x30 0x8000cd6a
core   0: 0x8000bd6e (0x283f2b23) sw      gp, 662(t5)
core   0: 3 0x8000bd6e (0x283f2b23) mem 0x8000d000 0x00000001
core   0: 0x8000bd72 (0x0000bfe5) c.j     pc - 8
core   0: 3 0x8000bd72 (0xbfe5)
core   0: 0x8000bd6a (0x00001f17) auipc   t5, 0x1
core   0: 3 0x8000bd6a (0x00001f17) x30 0x8000cd6a
core   0: 0x8000bd6e (0x283f2b23) sw      gp, 662(t5)
core   0: 3 0x8000bd6e (0x283f2b23) mem 0x8000d000 0x00000001
core   0: 0x8000bd72 (0x0000bfe5) c.j     pc - 8
core   0: 3 0x8000bd72 (0xbfe5)
core   0: 0x8000bd6a (0x00001f17) auipc   t5, 0x1
core   0: 3 0x8000bd6a (0x00001f17) x30 0x8000cd6a
core   0: 0x8000bd6e (0x283f2b23) sw      gp, 662(t5)
core   0: 3 0x8000bd6e (0x283f2b23) mem 0x8000d000 0x00000001
core   0: 0x8000bd72 (0x0000bfe5) c.j     pc - 8
core   0: 3 0x8000bd72 (0xbfe5)
core   0: 0x8000bd6a (0x00001f17) auipc   t5, 0x1
core   0: 3 0x8000bd6a (0x00001f17) x30 0x8000cd6a
core   0: 0x8000bd6e (0x283f2b23) sw      gp, 662(t5)
core   0: 3 0x8000bd6e (0x283f2b23) mem 0x8000d000 0x00000001
core   0: 0x8000bd72 (0x0000bfe5) c.j     pc - 8
core   0: 3 0x8000bd72 (0xbfe5)
core   0: 0x8000bd6a (0x00001f17) auipc   t5, 0x1
core   0: 3 0x8000bd6a (0x00001f17) x30 0x8000cd6a
core   0: 0x8000bd6e (0x283f2b23) sw      gp, 662(t5)
core   0: 3 0x8000bd6e (0x283f2b23) mem 0x8000d000 0x00000001
core   0: 0x8000bd72 (0x0000bfe5) c.j     pc - 8
core   0: 3 0x8000bd72 (0xbfe5)
core   0: 0x8000bd6a (0x00001f17) auipc   t5, 0x1
core   0: 3 0x8000bd6a (0x00001f17) x30 0x8000cd6a
core   0: 0x8000bd6e (0x283f2b23) sw      gp, 662(t5)
core   0: 3 0x8000bd6e (0x283f2b23) mem 0x8000d000 0x00000001
core   0: 0x8000bd72 (0x0000bfe5) c.j     pc - 8
core   0: 3 0x8000bd72 (0xbfe5)
core   0: 0x8000bd6a (0x00001f17) auipc   t5, 0x1
core   0: 3 0x8000bd6a (0x00001f17) x30 0x8000cd6a
core   0: 0x8000bd6e (0x283f2b23) sw      gp, 662(t5)
core   0: 3 0x8000bd6e (0x283f2b23) mem 0x8000d000 0x00000001
core   0: 0x8000bd72 (0x0000bfe5) c.j     pc - 8
core   0: 3 0x8000bd72 (0xbfe5)
core   0: 0x8000bd6a (0x00001f17) auipc   t5, 0x1
core   0: 3 0x8000bd6a (0x00001f17) x30 0x8000cd6a
core   0: 0x8000bd6e (0x283f2b23) sw      gp, 662(t5)
core   0: 3 0x8000bd6e (0x283f2b23) mem 0x8000d000 0x00000001
core   0: 0x8000bd72 (0x0000bfe5) c.j     pc - 8
core   0: 3 0x8000bd72 (0xbfe5)
core   0: 0x8000bd6a (0x00001f17) auipc   t5, 0x1
core   0: 3 0x8000bd6a (0x00001f17) x30 0x8000cd6a
core   0: 0x8000bd6e (0x283f2b23) sw      gp, 662(t5)
core   0: 3 0x8000bd6e (0x283f2b23) mem 0x8000d000 0x00000001
core   0: 0x8000bd72 (0x0000bfe5) c.j     pc - 8
core   0: 3 0x8000bd72 (0xbfe5)
core   0: 0x8000bd6a (0x00001f17) auipc   t5, 0x1
core   0: 3 0x8000bd6a (0x00001f17) x30 0x8000cd6a
core   0: 0x8000bd6e (0x283f2b23) sw      gp, 662(t5)
core   0: 3 0x8000bd6e (0x283f2b23) mem 0x8000d000 0x00000001
core   0: 0x8000bd72 (0x0000bfe5) c.j     pc - 8
core   0: 3 0x8000bd72 (0xbfe5)
core   0: 0x8000bd6a (0x00001f17) auipc   t5, 0x1
core   0: 3 0x8000bd6a (0x00001f17) x30 0x8000cd6a
core   0: 0x8000bd6e (0x283f2b23) sw      gp, 662(t5)
core   0: 3 0x8000bd6e (0x283f2b23) mem 0x8000d000 0x00000001
core   0: 0x8000bd72 (0x0000bfe5) c.j     pc - 8
core   0: 3 0x8000bd72 (0xbfe5)
core   0: 0x8000bd6a (0x00001f17) auipc   t5, 0x1
core   0: 3 0x8000bd6a (0x00001f17) x30 0x8000cd6a
core   0: 0x8000bd6e (0x283f2b23) sw      gp, 662(t5)
core   0: 3 0x8000bd6e (0x283f2b23) mem 0x8000d000 0x00000001
core   0: 0x8000bd72 (0x0000bfe5) c.j     pc - 8
core   0: 3 0x8000bd72 (0xbfe5)
core   0: 0x8000bd6a (0x00001f17) auipc   t5, 0x1
core   0: 3 0x8000bd6a (0x00001f17) x30 0x8000cd6a
core   0: 0x8000bd6e (0x283f2b23) sw      gp, 662(t5)
core   0: 3 0x8000bd6e (0x283f2b23) mem 0x8000d000 0x00000001
core   0: 0x8000bd72 (0x0000bfe5) c.j     pc - 8
core   0: 3 0x8000bd72 (0xbfe5)
core   0: 0x8000bd6a (0x00001f17) auipc   t5, 0x1
core   0: 3 0x8000bd6a (0x00001f17) x30 0x8000cd6a
core   0: 0x8000bd6e (0x283f2b23) sw      gp, 662(t5)
core   0: 3 0x8000bd6e (0x283f2b23) mem 0x8000d000 0x00000001
core   0: 0x8000bd72 (0x0000bfe5) c.j     pc - 8
core   0: 3 0x8000bd72 (0xbfe5)
core   0: 0x8000bd6a (0x00001f17) auipc   t5, 0x1
core   0: 3 0x8000bd6a (0x00001f17) x30 0x8000cd6a
core   0: 0x8000bd6e (0x283f2b23) sw      gp, 662(t5)
core   0: 3 0x8000bd6e (0x283f2b23) mem 0x8000d000 0x00000001
core   0: 0x8000bd72 (0x0000bfe5) c.j     pc - 8
core   0: 3 0x8000bd72 (0xbfe5)
core   0: 0x8000bd6a (0x00001f17) auipc   t5, 0x1
core   0: 3 0x8000bd6a (0x00001f17) x30 0x8000cd6a
core   0: 0x8000bd6e (0x283f2b23) sw      gp, 662(t5)
core   0: 3 0x8000bd6e (0x283f2b23) mem 0x8000d000 0x00000001
core   0: 0x8000bd72 (0x0000bfe5) c.j     pc - 8
core   0: 3 0x8000bd72 (0xbfe5)
core   0: 0x8000bd6a (0x00001f17) auipc   t5, 0x1
core   0: 3 0x8000bd6a (0x00001f17) x30 0x8000cd6a
core   0: 0x8000bd6e (0x283f2b23) sw      gp, 662(t5)
core   0: 3 0x8000bd6e (0x283f2b23) mem 0x8000d000 0x00000001
core   0: 0x8000bd72 (0x0000bfe5) c.j     pc - 8
core   0: 3 0x8000bd72 (0xbfe5)
core   0: 0x8000bd6a (0x00001f17) auipc   t5, 0x1
core   0: 3 0x8000bd6a (0x00001f17) x30 0x8000cd6a
core   0: 0x8000bd6e (0x283f2b23) sw      gp, 662(t5)
core   0: 3 0x8000bd6e (0x283f2b23) mem 0x8000d000 0x00000001
core   0: 0x8000bd72 (0x0000bfe5) c.j     pc - 8
core   0: 3 0x8000bd72 (0xbfe5)
core   0: 0x8000bd6a (0x00001f17) auipc   t5, 0x1
core   0: 3 0x8000bd6a (0x00001f17) x30 0x8000cd6a
core   0: 0x8000bd6e (0x283f2b23) sw      gp, 662(t5)
core   0: 3 0x8000bd6e (0x283f2b23) mem 0x8000d000 0x00000001
core   0: 0x8000bd72 (0x0000bfe5) c.j     pc - 8
core   0: 3 0x8000bd72 (0xbfe5)
core   0: 0x8000bd6a (0x00001f17) auipc   t5, 0x1
core   0: 3 0x8000bd6a (0x00001f17) x30 0x8000cd6a
core   0: 0x8000bd6e (0x283f2b23) sw      gp, 662(t5)
core   0: 3 0x8000bd6e (0x283f2b23) mem 0x8000d000 0x00000001
core   0: 0x8000bd72 (0x0000bfe5) c.j     pc - 8
core   0: 3 0x8000bd72 (0xbfe5)
core   0: 0x8000bd6a (0x00001f17) auipc   t5, 0x1
core   0: 3 0x8000bd6a (0x00001f17) x30 0x8000cd6a
core   0: 0x8000bd6e (0x283f2b23) sw      gp, 662(t5)
core   0: 3 0x8000bd6e (0x283f2b23) mem 0x8000d000 0x00000001
core   0: 0x8000bd72 (0x0000bfe5) c.j     pc - 8
core   0: 3 0x8000bd72 (0xbfe5)
core   0: 0x8000bd6a (0x00001f17) auipc   t5, 0x1
core   0: 3 0x8000bd6a (0x00001f17) x30 0x8000cd6a
core   0: 0x8000bd6e (0x283f2b23) sw      gp, 662(t5)
core   0: 3 0x8000bd6e (0x283f2b23) mem 0x8000d000 0x00000001
core   0: 0x8000bd72 (0x0000bfe5) c.j     pc - 8
core   0: 3 0x8000bd72 (0xbfe5)
core   0: 0x8000bd6a (0x00001f17) auipc   t5, 0x1
core   0: 3 0x8000bd6a (0x00001f17) x30 0x8000cd6a
core   0: 0x8000bd6e (0x283f2b23) sw      gp, 662(t5)
core   0: 3 0x8000bd6e (0x283f2b23) mem 0x8000d000 0x00000001
core   0: 0x8000bd72 (0x0000bfe5) c.j     pc - 8
core   0: 3 0x8000bd72 (0xbfe5)
core   0: 0x8000bd6a (0x00001f17) auipc   t5, 0x1
core   0: 3 0x8000bd6a (0x00001f17) x30 0x8000cd6a
core   0: 0x8000bd6e (0x283f2b23) sw      gp, 662(t5)
core   0: 3 0x8000bd6e (0x283f2b23) mem 0x8000d000 0x00000001
core   0: 0x8000bd72 (0x0000bfe5) c.j     pc - 8
core   0: 3 0x8000bd72 (0xbfe5)
core   0: 0x8000bd6a (0x00001f17) auipc   t5, 0x1
core   0: 3 0x8000bd6a (0x00001f17) x30 0x8000cd6a
core   0: 0x8000bd6e (0x283f2b23) sw      gp, 662(t5)
core   0: 3 0x8000bd6e (0x283f2b23) mem 0x8000d000 0x00000001
core   0: 0x8000bd72 (0x0000bfe5) c.j     pc - 8
core   0: 3 0x8000bd72 (0xbfe5)
core   0: 0x8000bd6a (0x00001f17) auipc   t5, 0x1
core   0: 3 0x8000bd6a (0x00001f17) x30 0x8000cd6a
core   0: 0x8000bd6e (0x283f2b23) sw      gp, 662(t5)
core   0: 3 0x8000bd6e (0x283f2b23) mem 0x8000d000 0x00000001
core   0: 0x8000bd72 (0x0000bfe5) c.j     pc - 8
core   0: 3 0x8000bd72 (0xbfe5)
core   0: 0x8000bd6a (0x00001f17) auipc   t5, 0x1
core   0: 3 0x8000bd6a (0x00001f17) x30 0x8000cd6a
core   0: 0x8000bd6e (0x283f2b23) sw      gp, 662(t5)
core   0: 3 0x8000bd6e (0x283f2b23) mem 0x8000d000 0x00000001
core   0: 0x8000bd72 (0x0000bfe5) c.j     pc - 8
core   0: 3 0x8000bd72 (0xbfe5)
core   0: 0x8000bd6a (0x00001f17) auipc   t5, 0x1
core   0: 3 0x8000bd6a (0x00001f17) x30 0x8000cd6a
core   0: 0x8000bd6e (0x283f2b23) sw      gp, 662(t5)
core   0: 3 0x8000bd6e (0x283f2b23) mem 0x8000d000 0x00000001
core   0: 0x8000bd72 (0x0000bfe5) c.j     pc - 8
core   0: 3 0x8000bd72 (0xbfe5)
core   0: 0x8000bd6a (0x00001f17) auipc   t5, 0x1
core   0: 3 0x8000bd6a (0x00001f17) x30 0x8000cd6a
core   0: 0x8000bd6e (0x283f2b23) sw      gp, 662(t5)
core   0: 3 0x8000bd6e (0x283f2b23) mem 0x8000d000 0x00000001
core   0: 0x8000bd72 (0x0000bfe5) c.j     pc - 8
core   0: 3 0x8000bd72 (0xbfe5)
core   0: 0x8000bd6a (0x00001f17) auipc   t5, 0x1
core   0: 3 0x8000bd6a (0x00001f17) x30 0x8000cd6a
core   0: 0x8000bd6e (0x283f2b23) sw      gp, 662(t5)
core   0: 3 0x8000bd6e (0x283f2b23) mem 0x8000d000 0x00000001
core   0: 0x8000bd72 (0x0000bfe5) c.j     pc - 8
core   0: 3 0x8000bd72 (0xbfe5)
core   0: 0x8000bd6a (0x00001f17) auipc   t5, 0x1
core   0: 3 0x8000bd6a (0x00001f17) x30 0x8000cd6a
core   0: 0x8000bd6e (0x283f2b23) sw      gp, 662(t5)
core   0: 3 0x8000bd6e (0x283f2b23) mem 0x8000d000 0x00000001
core   0: 0x8000bd72 (0x0000bfe5) c.j     pc - 8
core   0: 3 0x8000bd72 (0xbfe5)
core   0: 0x8000bd6a (0x00001f17) auipc   t5, 0x1
core   0: 3 0x8000bd6a (0x00001f17) x30 0x8000cd6a
core   0: 0x8000bd6e (0x283f2b23) sw      gp, 662(t5)
core   0: 3 0x8000bd6e (0x283f2b23) mem 0x8000d000 0x00000001
core   0: 0x8000bd72 (0x0000bfe5) c.j     pc - 8
core   0: 3 0x8000bd72 (0xbfe5)
core   0: 0x8000bd6a (0x00001f17) auipc   t5, 0x1
core   0: 3 0x8000bd6a (0x00001f17) x30 0x8000cd6a
core   0: 0x8000bd6e (0x283f2b23) sw      gp, 662(t5)
core   0: 3 0x8000bd6e (0x283f2b23) mem 0x8000d000 0x00000001
core   0: 0x8000bd72 (0x0000bfe5) c.j     pc - 8
core   0: 3 0x8000bd72 (0xbfe5)
core   0: 0x8000bd6a (0x00001f17) auipc   t5, 0x1
core   0: 3 0x8000bd6a (0x00001f17) x30 0x8000cd6a
core   0: 0x8000bd6e (0x283f2b23) sw      gp, 662(t5)
core   0: 3 0x8000bd6e (0x283f2b23) mem 0x8000d000 0x00000001
core   0: 0x8000bd72 (0x0000bfe5) c.j     pc - 8
core   0: 3 0x8000bd72 (0xbfe5)
core   0: 0x8000bd6a (0x00001f17) auipc   t5, 0x1
core   0: 3 0x8000bd6a (0x00001f17) x30 0x8000cd6a
core   0: 0x8000bd6e (0x283f2b23) sw      gp, 662(t5)
core   0: 3 0x8000bd6e (0x283f2b23) mem 0x8000d000 0x00000001
core   0: 0x8000bd72 (0x0000bfe5) c.j     pc - 8
core   0: 3 0x8000bd72 (0xbfe5)
core   0: 0x8000bd6a (0x00001f17) auipc   t5, 0x1
core   0: 3 0x8000bd6a (0x00001f17) x30 0x8000cd6a
core   0: 0x8000bd6e (0x283f2b23) sw      gp, 662(t5)
core   0: 3 0x8000bd6e (0x283f2b23) mem 0x8000d000 0x00000001
core   0: 0x8000bd72 (0x0000bfe5) c.j     pc - 8
core   0: 3 0x8000bd72 (0xbfe5)
core   0: 0x8000bd6a (0x00001f17) auipc   t5, 0x1
core   0: 3 0x8000bd6a (0x00001f17) x30 0x8000cd6a
core   0: 0x8000bd6e (0x283f2b23) sw      gp, 662(t5)
core   0: 3 0x8000bd6e (0x283f2b23) mem 0x8000d000 0x00000001
core   0: 0x8000bd72 (0x0000bfe5) c.j     pc - 8
core   0: 3 0x8000bd72 (0xbfe5)
core   0: 0x8000bd6a (0x00001f17) auipc   t5, 0x1
core   0: 3 0x8000bd6a (0x00001f17) x30 0x8000cd6a
core   0: 0x8000bd6e (0x283f2b23) sw      gp, 662(t5)
core   0: 3 0x8000bd6e (0x283f2b23) mem 0x8000d000 0x00000001
core   0: 0x8000bd72 (0x0000bfe5) c.j     pc - 8
core   0: 3 0x8000bd72 (0xbfe5)
core   0: 0x8000bd6a (0x00001f17) auipc   t5, 0x1
core   0: 3 0x8000bd6a (0x00001f17) x30 0x8000cd6a
core   0: 0x8000bd6e (0x283f2b23) sw      gp, 662(t5)
core   0: 3 0x8000bd6e (0x283f2b23) mem 0x8000d000 0x00000001
core   0: 0x8000bd72 (0x0000bfe5) c.j     pc - 8
core   0: 3 0x8000bd72 (0xbfe5)
core   0: 0x8000bd6a (0x00001f17) auipc   t5, 0x1
core   0: 3 0x8000bd6a (0x00001f17) x30 0x8000cd6a
core   0: 0x8000bd6e (0x283f2b23) sw      gp, 662(t5)
core   0: 3 0x8000bd6e (0x283f2b23) mem 0x8000d000 0x00000001
core   0: 0x8000bd72 (0x0000bfe5) c.j     pc - 8
core   0: 3 0x8000bd72 (0xbfe5)
core   0: 0x8000bd6a (0x00001f17) auipc   t5, 0x1
core   0: 3 0x8000bd6a (0x00001f17) x30 0x8000cd6a
core   0: 0x8000bd6e (0x283f2b23) sw      gp, 662(t5)
core   0: 3 0x8000bd6e (0x283f2b23) mem 0x8000d000 0x00000001
core   0: 0x8000bd72 (0x0000bfe5) c.j     pc - 8
core   0: 3 0x8000bd72 (0xbfe5)
core   0: 0x8000bd6a (0x00001f17) auipc   t5, 0x1
core   0: 3 0x8000bd6a (0x00001f17) x30 0x8000cd6a
core   0: 0x8000bd6e (0x283f2b23) sw      gp, 662(t5)
core   0: 3 0x8000bd6e (0x283f2b23) mem 0x8000d000 0x00000001
core   0: 0x8000bd72 (0x0000bfe5) c.j     pc - 8
core   0: 3 0x8000bd72 (0xbfe5)
core   0: 0x8000bd6a (0x00001f17) auipc   t5, 0x1
core   0: 3 0x8000bd6a (0x00001f17) x30 0x8000cd6a
core   0: 0x8000bd6e (0x283f2b23) sw      gp, 662(t5)
core   0: 3 0x8000bd6e (0x283f2b23) mem 0x8000d000 0x00000001
core   0: 0x8000bd72 (0x0000bfe5) c.j     pc - 8
core   0: 3 0x8000bd72 (0xbfe5)
core   0: 0x8000bd6a (0x00001f17) auipc   t5, 0x1
core   0: 3 0x8000bd6a (0x00001f17) x30 0x8000cd6a
core   0: 0x8000bd6e (0x283f2b23) sw      gp, 662(t5)
core   0: 3 0x8000bd6e (0x283f2b23) mem 0x8000d000 0x00000001
core   0: 0x8000bd72 (0x0000bfe5) c.j     pc - 8
core   0: 3 0x8000bd72 (0xbfe5)
core   0: 0x8000bd6a (0x00001f17) auipc   t5, 0x1
core   0: 3 0x8000bd6a (0x00001f17) x30 0x8000cd6a
core   0: 0x8000bd6e (0x283f2b23) sw      gp, 662(t5)
core   0: 3 0x8000bd6e (0x283f2b23) mem 0x8000d000 0x00000001
core   0: 0x8000bd72 (0x0000bfe5) c.j     pc - 8
core   0: 3 0x8000bd72 (0xbfe5)
core   0: 0x8000bd6a (0x00001f17) auipc   t5, 0x1
core   0: 3 0x8000bd6a (0x00001f17) x30 0x8000cd6a
core   0: 0x8000bd6e (0x283f2b23) sw      gp, 662(t5)
core   0: 3 0x8000bd6e (0x283f2b23) mem 0x8000d000 0x00000001
core   0: 0x8000bd72 (0x0000bfe5) c.j     pc - 8
core   0: 3 0x8000bd72 (0xbfe5)
core   0: 0x8000bd6a (0x00001f17) auipc   t5, 0x1
core   0: 3 0x8000bd6a (0x00001f17) x30 0x8000cd6a
core   0: 0x8000bd6e (0x283f2b23) sw      gp, 662(t5)
core   0: 3 0x8000bd6e (0x283f2b23) mem 0x8000d000 0x00000001
core   0: 0x8000bd72 (0x0000bfe5) c.j     pc - 8
core   0: 3 0x8000bd72 (0xbfe5)
core   0: 0x8000bd6a (0x00001f17) auipc   t5, 0x1
core   0: 3 0x8000bd6a (0x00001f17) x30 0x8000cd6a
core   0: 0x8000bd6e (0x283f2b23) sw      gp, 662(t5)
core   0: 3 0x8000bd6e (0x283f2b23) mem 0x8000d000 0x00000001
core   0: 0x8000bd72 (0x0000bfe5) c.j     pc - 8
core   0: 3 0x8000bd72 (0xbfe5)
core   0: 0x8000bd6a (0x00001f17) auipc   t5, 0x1
core   0: 3 0x8000bd6a (0x00001f17) x30 0x8000cd6a
core   0: 0x8000bd6e (0x283f2b23) sw      gp, 662(t5)
core   0: 3 0x8000bd6e (0x283f2b23) mem 0x8000d000 0x00000001
core   0: 0x8000bd72 (0x0000bfe5) c.j     pc - 8
core   0: 3 0x8000bd72 (0xbfe5)
core   0: 0x8000bd6a (0x00001f17) auipc   t5, 0x1
core   0: 3 0x8000bd6a (0x00001f17) x30 0x8000cd6a
core   0: 0x8000bd6e (0x283f2b23) sw      gp, 662(t5)
core   0: 3 0x8000bd6e (0x283f2b23) mem 0x8000d000 0x00000001
core   0: 0x8000bd72 (0x0000bfe5) c.j     pc - 8
core   0: 3 0x8000bd72 (0xbfe5)
core   0: 0x8000bd6a (0x00001f17) auipc   t5, 0x1
core   0: 3 0x8000bd6a (0x00001f17) x30 0x8000cd6a
core   0: 0x8000bd6e (0x283f2b23) sw      gp, 662(t5)
core   0: 3 0x8000bd6e (0x283f2b23) mem 0x8000d000 0x00000001
core   0: 0x8000bd72 (0x0000bfe5) c.j     pc - 8
core   0: 3 0x8000bd72 (0xbfe5)
core   0: 0x8000bd6a (0x00001f17) auipc   t5, 0x1
core   0: 3 0x8000bd6a (0x00001f17) x30 0x8000cd6a
core   0: 0x8000bd6e (0x283f2b23) sw      gp, 662(t5)
core   0: 3 0x8000bd6e (0x283f2b23) mem 0x8000d000 0x00000001
core   0: 0x8000bd72 (0x0000bfe5) c.j     pc - 8
core   0: 3 0x8000bd72 (0xbfe5)
core   0: 0x8000bd6a (0x00001f17) auipc   t5, 0x1
core   0: 3 0x8000bd6a (0x00001f17) x30 0x8000cd6a
core   0: 0x8000bd6e (0x283f2b23) sw      gp, 662(t5)
core   0: 3 0x8000bd6e (0x283f2b23) mem 0x8000d000 0x00000001
core   0: 0x8000bd72 (0x0000bfe5) c.j     pc - 8
core   0: 3 0x8000bd72 (0xbfe5)
core   0: 0x8000bd6a (0x00001f17) auipc   t5, 0x1
core   0: 3 0x8000bd6a (0x00001f17) x30 0x8000cd6a
core   0: 0x8000bd6e (0x283f2b23) sw      gp, 662(t5)
core   0: 3 0x8000bd6e (0x283f2b23) mem 0x8000d000 0x00000001
core   0: 0x8000bd72 (0x0000bfe5) c.j     pc - 8
core   0: 3 0x8000bd72 (0xbfe5)
core   0: 0x8000bd6a (0x00001f17) auipc   t5, 0x1
core   0: 3 0x8000bd6a (0x00001f17) x30 0x8000cd6a
core   0: 0x8000bd6e (0x283f2b23) sw      gp, 662(t5)
core   0: 3 0x8000bd6e (0x283f2b23) mem 0x8000d000 0x00000001
core   0: 0x8000bd72 (0x0000bfe5) c.j     pc - 8
core   0: 3 0x8000bd72 (0xbfe5)
core   0: 0x8000bd6a (0x00001f17) auipc   t5, 0x1
core   0: 3 0x8000bd6a (0x00001f17) x30 0x8000cd6a
core   0: 0x8000bd6e (0x283f2b23) sw      gp, 662(t5)
core   0: 3 0x8000bd6e (0x283f2b23) mem 0x8000d000 0x00000001
core   0: 0x8000bd72 (0x0000bfe5) c.j     pc - 8
core   0: 3 0x8000bd72 (0xbfe5)
core   0: 0x8000bd6a (0x00001f17) auipc   t5, 0x1
core   0: 3 0x8000bd6a (0x00001f17) x30 0x8000cd6a
core   0: 0x8000bd6e (0x283f2b23) sw      gp, 662(t5)
core   0: 3 0x8000bd6e (0x283f2b23) mem 0x8000d000 0x00000001
core   0: 0x8000bd72 (0x0000bfe5) c.j     pc - 8
core   0: 3 0x8000bd72 (0xbfe5)
core   0: 0x8000bd6a (0x00001f17) auipc   t5, 0x1
core   0: 3 0x8000bd6a (0x00001f17) x30 0x8000cd6a
core   0: 0x8000bd6e (0x283f2b23) sw      gp, 662(t5)
core   0: 3 0x8000bd6e (0x283f2b23) mem 0x8000d000 0x00000001
core   0: 0x8000bd72 (0x0000bfe5) c.j     pc - 8
core   0: 3 0x8000bd72 (0xbfe5)
core   0: 0x8000bd6a (0x00001f17) auipc   t5, 0x1
core   0: 3 0x8000bd6a (0x00001f17) x30 0x8000cd6a
core   0: 0x8000bd6e (0x283f2b23) sw      gp, 662(t5)
core   0: 3 0x8000bd6e (0x283f2b23) mem 0x8000d000 0x00000001
core   0: 0x8000bd72 (0x0000bfe5) c.j     pc - 8
core   0: 3 0x8000bd72 (0xbfe5)
core   0: 0x8000bd6a (0x00001f17) auipc   t5, 0x1
core   0: 3 0x8000bd6a (0x00001f17) x30 0x8000cd6a
core   0: 0x8000bd6e (0x283f2b23) sw      gp, 662(t5)
core   0: 3 0x8000bd6e (0x283f2b23) mem 0x8000d000 0x00000001
core   0: 0x8000bd72 (0x0000bfe5) c.j     pc - 8
core   0: 3 0x8000bd72 (0xbfe5)
core   0: 0x8000bd6a (0x00001f17) auipc   t5, 0x1
core   0: 3 0x8000bd6a (0x00001f17) x30 0x8000cd6a
core   0: 0x8000bd6e (0x283f2b23) sw      gp, 662(t5)
core   0: 3 0x8000bd6e (0x283f2b23) mem 0x8000d000 0x00000001
core   0: 0x8000bd72 (0x0000bfe5) c.j     pc - 8
core   0: 3 0x8000bd72 (0xbfe5)
core   0: 0x8000bd6a (0x00001f17) auipc   t5, 0x1
core   0: 3 0x8000bd6a (0x00001f17) x30 0x8000cd6a
core   0: 0x8000bd6e (0x283f2b23) sw      gp, 662(t5)
core   0: 3 0x8000bd6e (0x283f2b23) mem 0x8000d000 0x00000001
core   0: 0x8000bd72 (0x0000bfe5) c.j     pc - 8
core   0: 3 0x8000bd72 (0xbfe5)
core   0: 0x8000bd6a (0x00001f17) auipc   t5, 0x1
core   0: 3 0x8000bd6a (0x00001f17) x30 0x8000cd6a
core   0: 0x8000bd6e (0x283f2b23) sw      gp, 662(t5)
core   0: 3 0x8000bd6e (0x283f2b23) mem 0x8000d000 0x00000001
core   0: 0x8000bd72 (0x0000bfe5) c.j     pc - 8
core   0: 3 0x8000bd72 (0xbfe5)
core   0: 0x8000bd6a (0x00001f17) auipc   t5, 0x1
core   0: 3 0x8000bd6a (0x00001f17) x30 0x8000cd6a
core   0: 0x8000bd6e (0x283f2b23) sw      gp, 662(t5)
core   0: 3 0x8000bd6e (0x283f2b23) mem 0x8000d000 0x00000001
core   0: 0x8000bd72 (0x0000bfe5) c.j     pc - 8
core   0: 3 0x8000bd72 (0xbfe5)
core   0: 0x8000bd6a (0x00001f17) auipc   t5, 0x1
core   0: 3 0x8000bd6a (0x00001f17) x30 0x8000cd6a
core   0: 0x8000bd6e (0x283f2b23) sw      gp, 662(t5)
core   0: 3 0x8000bd6e (0x283f2b23) mem 0x8000d000 0x00000001
