core   0: 0x00001000 (0x00000297) auipc   t0, 0x0
core   0: 3 0x00001000 (0x00000297) x 5 0x00001000
core   0: 0x00001004 (0x02028593) addi    a1, t0, 32
core   0: 3 0x00001004 (0x02028593) x11 0x00001020
core   0: 0x00001008 (0xf1402573) csrr    a0, mhartid
core   0: 3 0x00001008 (0xf1402573) x10 0x00000000
core   0: 0x0000100c (0x0182a283) lw      t0, 24(t0)
core   0: 3 0x0000100c (0x0182a283) x 5 0x80000000 mem 0x00001018
core   0: 0x00001010 (0x00028067) jr      t0
core   0: 3 0x00001010 (0x00028067)
core   0: 0x80000000 (0xf14022f3) csrr    t0, mhartid
core   0: 3 0x80000000 (0xf14022f3) x 5 0x00000000
core   0: 0x80000004 (0x00000313) li      t1, 0
core   0: 3 0x80000004 (0x00000313) x 6 0x00000000
core   0: 0x80000008 (0x00628263) beq     t0, t1, pc + 4
core   0: 3 0x80000008 (0x00628263)
core   0: 0x8000000c (0x00000117) auipc   sp, 0x0
core   0: 3 0x8000000c (0x00000117) x 2 0x8000000c
core   0: 0x80000010 (0x00c10113) addi    sp, sp, 12
core   0: 3 0x80000010 (0x00c10113) x 2 0x80000018
core   0: 0x80000014 (0x00010067) jr      sp
core   0: 3 0x80000014 (0x00010067)
core   0: 0x80000018 (0x40001637) lui     a2, 0x40001
core   0: 3 0x80000018 (0x40001637) x12 0x40001000
core   0: 0x8000001c (0x10460613) addi    a2, a2, 260
core   0: 3 0x8000001c (0x10460613) x12 0x40001104
core   0: 0x80000020 (0x30161073) csrw    misa, a2
core   0: 3 0x80000020 (0x30161073) c769_misa 0x40141100
core   0: 0x80000024 (0x0002a497) auipc   s1, 0x2a
core   0: 3 0x80000024 (0x0002a497) x 9 0x8002a024
core   0: 0x80000028 (0xcc048493) addi    s1, s1, -832
core   0: 3 0x80000028 (0xcc048493) x 9 0x80029ce4
core   0: 0x8000002c (0x0000c617) auipc   a2, 0xc
core   0: 3 0x8000002c (0x0000c617) x12 0x8000c02c
core   0: 0x80000030 (0x35c60613) addi    a2, a2, 860
core   0: 3 0x80000030 (0x35c60613) x12 0x8000c388
core   0: 0x80000034 (0x00066613) ori     a2, a2, 0
core   0: 3 0x80000034 (0x00066613) x12 0x8000c388
core   0: 0x80000038 (0x30561073) csrw    mtvec, a2
core   0: 3 0x80000038 (0x30561073) c773_mtvec 0x8000c388
core   0: 0x8000003c (0x00000617) auipc   a2, 0x0
core   0: 3 0x8000003c (0x00000617) x12 0x8000003c
core   0: 0x80000040 (0x02860613) addi    a2, a2, 40
core   0: 3 0x80000040 (0x02860613) x12 0x80000064
core   0: 0x80000044 (0x34161073) csrw    mepc, a2
core   0: 3 0x80000044 (0x34161073) c833_mepc 0x80000064
core   0: 0x80000048 (0x00000013) nop
core   0: 3 0x80000048 (0x00000013)
core   0: 0x8000004c (0x00002637) lui     a2, 0x2
core   0: 3 0x8000004c (0x00002637) x12 0x00002000
core   0: 0x80000050 (0x80060613) addi    a2, a2, -2048
core   0: 3 0x80000050 (0x80060613) x12 0x00001800
core   0: 0x80000054 (0x30061073) csrw    mstatus, a2
core   0: 3 0x80000054 (0x30061073) c768_mstatus 0x00001800
core   0: 0x80000058 (0x00000613) li      a2, 0
core   0: 3 0x80000058 (0x00000613) x12 0x00000000
core   0: 0x8000005c (0x30461073) csrw    mie, a2
core   0: 3 0x8000005c (0x30461073) c772_mie 0x00000000
core   0: 0x80000060 (0x30200073) mret
core   0: 3 0x80000060 (0x30200073) c768_mstatus 0x00000080
core   0: >>>>  init
core   0: 0x80000064 (0xf22ad037) lui     zero, 0xf22ad
core   0: 3 0x80000064 (0xf22ad037)
core   0: 0x80000068 (0x2c400013) li      zero, 708
core   0: 3 0x80000068 (0x2c400013)
core   0: 0x8000006c (0xfff640b7) lui     ra, 0xfff64
core   0: 3 0x8000006c (0xfff640b7) x 1 0xfff64000
core   0: 0x80000070 (0xa5f08093) addi    ra, ra, -1441
core   0: 3 0x80000070 (0xa5f08093) x 1 0xfff63a5f
core   0: 0x80000074 (0x80000137) lui     sp, 0x80000
core   0: 3 0x80000074 (0x80000137) x 2 0x80000000
core   0: 0x80000078 (0xff5791b7) lui     gp, 0xff579
core   0: 3 0x80000078 (0xff5791b7) x 3 0xff579000
core   0: 0x8000007c (0x29e18193) addi    gp, gp, 670
core   0: 3 0x8000007c (0x29e18193) x 3 0xff57929e
core   0: 0x80000080 (0xb53f0237) lui     tp, 0xb53f0
core   0: 3 0x80000080 (0xb53f0237) x 4 0xb53f0000
core   0: 0x80000084 (0x87a20213) addi    tp, tp, -1926
core   0: 3 0x80000084 (0x87a20213) x 4 0xb53ef87a
core   0: 0x80000088 (0xdc2792b7) lui     t0, 0xdc279
core   0: 3 0x80000088 (0xdc2792b7) x 5 0xdc279000
core   0: 0x8000008c (0xac828293) addi    t0, t0, -1336
core   0: 3 0x8000008c (0xac828293) x 5 0xdc278ac8
core   0: 0x80000090 (0x80000337) lui     t1, 0x80000
core   0: 3 0x80000090 (0x80000337) x 6 0x80000000
core   0: 0x80000094 (0x2c12c3b7) lui     t2, 0x2c12c
core   0: 3 0x80000094 (0x2c12c3b7) x 7 0x2c12c000
core   0: 0x80000098 (0xd6838393) addi    t2, t2, -664
core   0: 3 0x80000098 (0xd6838393) x 7 0x2c12bd68
core   0: 0x8000009c (0x00000413) li      s0, 0
core   0: 3 0x8000009c (0x00000413) x 8 0x00000000
core   0: 0x800000a0 (0xf9ef3537) lui     a0, 0xf9ef3
core   0: 3 0x800000a0 (0xf9ef3537) x10 0xf9ef3000
core   0: 0x800000a4 (0x0b350513) addi    a0, a0, 179
core   0: 3 0x800000a4 (0x0b350513) x10 0xf9ef30b3
core   0: 0x800000a8 (0x3d4f45b7) lui     a1, 0x3d4f4
core   0: 3 0x800000a8 (0x3d4f45b7) x11 0x3d4f4000
core   0: 0x800000ac (0x78a58593) addi    a1, a1, 1930
core   0: 3 0x800000ac (0x78a58593) x11 0x3d4f478a
core   0: 0x800000b0 (0xfe423637) lui     a2, 0xfe423
core   0: 3 0x800000b0 (0xfe423637) x12 0xfe423000
core   0: 0x800000b4 (0x0dc60613) addi    a2, a2, 220
core   0: 3 0x800000b4 (0x0dc60613) x12 0xfe4230dc
core   0: 0x800000b8 (0xfb7386b7) lui     a3, 0xfb738
core   0: 3 0x800000b8 (0xfb7386b7) x13 0xfb738000
core   0: 0x800000bc (0x3f668693) addi    a3, a3, 1014
core   0: 3 0x800000bc (0x3f668693) x13 0xfb7383f6
core   0: 0x800000c0 (0xf9473737) lui     a4, 0xf9473
core   0: 3 0x800000c0 (0xf9473737) x14 0xf9473000
core   0: 0x800000c4 (0xf7270713) addi    a4, a4, -142
core   0: 3 0x800000c4 (0xf7270713) x14 0xf9472f72
core   0: 0x800000c8 (0x00a00793) li      a5, 10
core   0: 3 0x800000c8 (0x00a00793) x15 0x0000000a
core   0: 0x800000cc (0x80000837) lui     a6, 0x80000
core   0: 3 0x800000cc (0x80000837) x16 0x80000000
core   0: 0x800000d0 (0x4ef0b8b7) lui     a7, 0x4ef0b
core   0: 3 0x800000d0 (0x4ef0b8b7) x17 0x4ef0b000
core   0: 0x800000d4 (0x7ad88893) addi    a7, a7, 1965
core   0: 3 0x800000d4 (0x7ad88893) x17 0x4ef0b7ad
core   0: 0x800000d8 (0x80000937) lui     s2, 0x80000
core   0: 3 0x800000d8 (0x80000937) x18 0x80000000
core   0: 0x800000dc (0x00500993) li      s3, 5
core   0: 3 0x800000dc (0x00500993) x19 0x00000005
core   0: 0x800000e0 (0x80000a37) lui     s4, 0x80000
core   0: 3 0x800000e0 (0x80000a37) x20 0x80000000
core   0: 0x800000e4 (0x80000ab7) lui     s5, 0x80000
core   0: 3 0x800000e4 (0x80000ab7) x21 0x80000000
core   0: 0x800000e8 (0x80000b37) lui     s6, 0x80000
core   0: 3 0x800000e8 (0x80000b37) x22 0x80000000
core   0: 0x800000ec (0x00000b93) li      s7, 0
core   0: 3 0x800000ec (0x00000b93) x23 0x00000000
core   0: 0x800000f0 (0x00000c13) li      s8, 0
core   0: 3 0x800000f0 (0x00000c13) x24 0x00000000
core   0: 0x800000f4 (0x80000cb7) lui     s9, 0x80000
core   0: 3 0x800000f4 (0x80000cb7) x25 0x80000000
core   0: 0x800000f8 (0x00000d13) li      s10, 0
core   0: 3 0x800000f8 (0x00000d13) x26 0x00000000
core   0: 0x800000fc (0x00900d93) li      s11, 9
core   0: 3 0x800000fc (0x00900d93) x27 0x00000009
core   0: 0x80000100 (0x3bfc1e37) lui     t3, 0x3bfc1
core   0: 3 0x80000100 (0x3bfc1e37) x28 0x3bfc1000
core   0: 0x80000104 (0xd87e0e13) addi    t3, t3, -633
core   0: 3 0x80000104 (0xd87e0e13) x28 0x3bfc0d87
core   0: 0x80000108 (0x80000eb7) lui     t4, 0x80000
core   0: 3 0x80000108 (0x80000eb7) x29 0x80000000
core   0: 0x8000010c (0xd7957f37) lui     t5, 0xd7957
core   0: 3 0x8000010c (0xd7957f37) x30 0xd7957000
core   0: 0x80000110 (0xcbff0f13) addi    t5, t5, -833
core   0: 3 0x80000110 (0xcbff0f13) x30 0xd7956cbf
core   0: 0x80000114 (0x00026f97) auipc   t6, 0x26
core   0: 3 0x80000114 (0x00026f97) x31 0x80026114
core   0: 0x80000118 (0xd50f8f93) addi    t6, t6, -688
core   0: 3 0x80000118 (0xd50f8f93) x31 0x80025e64
core   0: 0x8000011c (0x00018617) auipc   a2, 0x18
core   0: 3 0x8000011c (0x00018617) x12 0x8001811c
core   0: 0x80000120 (0xd0960613) addi    a2, a2, -759
core   0: 3 0x80000120 (0xd0960613) x12 0x80017e25
core   0: 0x80000124 (0xf5d65383) lhu     t2, -163(a2)
core   0: 3 0x80000124 (0xf5d65383) x 7 0x00000000 mem 0x80017d82
core   0: 0x80000128 (0x3a060d83) lb      s11, 928(a2)
core   0: 3 0x80000128 (0x3a060d83) x27 0x00000000 mem 0x800181c5
core   0: 0x8000012c (0x38d603a3) sb      a3, 903(a2)
core   0: 3 0x8000012c (0x38d603a3) mem 0x800181ac 0xf6
core   0: 0x80000130 (0x018c03b3) add     t2, s8, s8
core   0: 3 0x80000130 (0x018c03b3) x 7 0x00000000
core   0: 0x80000134 (0x00dc28b3) slt     a7, s8, a3
core   0: 3 0x80000134 (0x00dc28b3) x17 0x00000000
core   0: 0x80000138 (0xacd64383) lbu     t2, -1331(a2)
core   0: 3 0x80000138 (0xacd64383) x 7 0x00000000 mem 0x800178f2
core   0: 0x8000013c (0x7e965683) lhu     a3, 2025(a2)
core   0: 3 0x8000013c (0x7e965683) x13 0x00000000 mem 0x8001860e
core   0: 0x80000140 (0x011698b3) sll     a7, a3, a7
core   0: 3 0x80000140 (0x011698b3) x17 0x00000000
core   0: 0x80000144 (0x031a76b3) remu    a3, s4, a7
core   0: 3 0x80000144 (0x031a76b3) x13 0x80000000
core   0: 0x80000148 (0xb4f64683) lbu     a3, -1201(a2)
core   0: 3 0x80000148 (0xb4f64683) x13 0x00000000 mem 0x80017974
core   0: 0x8000014c (0x01da1a13) slli    s4, s4, 29
core   0: 3 0x8000014c (0x01da1a13) x20 0x00000000
core   0: 0x80000150 (0x3a16a393) slti    t2, a3, 929
core   0: 3 0x80000150 (0x3a16a393) x 7 0x00000001
core   0: 0x80000154 (0x33460a03) lb      s4, 820(a2)
core   0: 3 0x80000154 (0x33460a03) x20 0x00000000 mem 0x80018159
core   0: 0x80000158 (0x930c6393) ori     t2, s8, -1744
core   0: 3 0x80000158 (0x930c6393) x 7 0xfffff930
core   0: 0x8000015c (0x35a8fa37) lui     s4, 0x35a8f
core   0: 3 0x8000015c (0x35a8fa37) x20 0x35a8f000
core   0: 0x80000160 (0x63b616a3) sh      s11, 1581(a2)
core   0: 3 0x80000160 (0x63b616a3) mem 0x80018452 0x0000
core   0: 0x80000164 (0x0183aa33) slt     s4, t2, s8
core   0: 3 0x80000164 (0x0183aa33) x20 0x00000001
core   0: 0x80000168 (0x24761aa3) sh      t2, 597(a2)
core   0: 3 0x80000168 (0x24761aa3) mem 0x8001807a 0xf930
core   0: 0x8000016c (0x01addd93) srli    s11, s11, 26
core   0: 3 0x8000016c (0x01addd93) x27 0x00000000
core   0: 0x80000170 (0xd4762d83) lw      s11, -697(a2)
core   0: 3 0x80000170 (0xd4762d83) x27 0x00000000 mem 0x80017b6c
core   0: 0x80000174 (0x00000013) nop
core   0: 3 0x80000174 (0x00000013)
core   0: 0x80000178 (0xa3b60723) sb      s11, -1490(a2)
core   0: 3 0x80000178 (0xa3b60723) mem 0x80017853 0x0
core   0: 0x8000017c (0x25ec0893) addi    a7, s8, 606
core   0: 3 0x8000017c (0x25ec0893) x17 0x0000025e
core   0: 0x80000180 (0x94864383) lbu     t2, -1720(a2)
core   0: 3 0x80000180 (0x94864383) x 7 0x00000000 mem 0x8001776d
core   0: 0x80000184 (0x41bdd3b3) sra     t2, s11, s11
core   0: 3 0x80000184 (0x41bdd3b3) x 7 0x00000000
core   0: 0x80000188 (0xc3361d83) lh      s11, -973(a2)
core   0: 3 0x80000188 (0xc3361d83) x27 0x00000000 mem 0x80017a58
core   0: 0x8000018c (0x1f8621a3) sw      s8, 483(a2)
core   0: 3 0x8000018c (0x1f8621a3) mem 0x80018008 0x00000000
core   0: 0x80000190 (0x75761683) lh      a3, 1879(a2)
core   0: 3 0x80000190 (0x75761683) x13 0x00000000 mem 0x8001857c
core   0: 0x80000194 (0xe5861aa3) sh      s8, -427(a2)
core   0: 3 0x80000194 (0xe5861aa3) mem 0x80017c7a 0x0000
core   0: 0x80000198 (0x78e6ba37) lui     s4, 0x78e6b
core   0: 3 0x80000198 (0x78e6ba37) x20 0x78e6b000
core   0: 0x8000019c (0x94d618a3) sh      a3, -1711(a2)
core   0: 3 0x8000019c (0x94d618a3) mem 0x80017776 0x0000
core   0: 0x800001a0 (0x68f62683) lw      a3, 1679(a2)
core   0: 3 0x800001a0 (0x68f62683) x13 0x00000000 mem 0x800184b4
core   0: 0x800001a4 (0x7f361683) lh      a3, 2035(a2)
core   0: 3 0x800001a4 (0x7f361683) x13 0x00000000 mem 0x80018618
core   0: 0x800001a8 (0x02dc4a33) div     s4, s8, a3
core   0: 3 0x800001a8 (0x02dc4a33) x20 0xffffffff
core   0: 0x800001ac (0x3de64383) lbu     t2, 990(a2)
core   0: 3 0x800001ac (0x3de64383) x 7 0x00000000 mem 0x80018203
core   0: 0x800001b0 (0x48561d83) lh      s11, 1157(a2)
core   0: 3 0x800001b0 (0x48561d83) x27 0x00000000 mem 0x800182aa
core   0: 0x800001b4 (0x6bb60423) sb      s11, 1704(a2)
core   0: 3 0x800001b4 (0x6bb60423) mem 0x800184cd 0x0
core   0: 0x800001b8 (0x87a64683) lbu     a3, -1926(a2)
core   0: 3 0x800001b8 (0x87a64683) x13 0x00000000 mem 0x8001769f
core   0: 0x800001bc (0xa91621a3) sw      a7, -1405(a2)
core   0: 3 0x800001bc (0xa91621a3) mem 0x800178a8 0x0000025e
core   0: 0x800001c0 (0x0113a6b3) slt     a3, t2, a7
core   0: 3 0x800001c0 (0x0113a6b3) x13 0x00000001
core   0: 0x800001c4 (0x5ad60b23) sb      a3, 1462(a2)
core   0: 3 0x800001c4 (0x5ad60b23) mem 0x800183db 0x1
core   0: 0x800001c8 (0x4e361383) lh      t2, 1251(a2)
core   0: 3 0x800001c8 (0x4e361383) x 7 0x00000000 mem 0x80018308
core   0: 0x800001cc (0xe8d61c03) lh      s8, -371(a2)
core   0: 3 0x800001cc (0xe8d61c03) x24 0x00000000 mem 0x80017cb2
core   0: 0x800001d0 (0x4a760823) sb      t2, 1200(a2)
core   0: 3 0x800001d0 (0x4a760823) mem 0x800182d5 0x0
core   0: 0x800001d4 (0x0316fc33) remu    s8, a3, a7
core   0: 3 0x800001d4 (0x0316fc33) x24 0x00000001
core   0: 0x800001d8 (0x2ba60c03) lb      s8, 698(a2)
core   0: 3 0x800001d8 (0x2ba60c03) x24 0x00000000 mem 0x800180df
core   0: 0x800001dc (0xb1260d83) lb      s11, -1262(a2)
core   0: 3 0x800001dc (0xb1260d83) x27 0x00000000 mem 0x80017937
core   0: 0x800001e0 (0x00000593) li      a1, 0
core   0: 3 0x800001e0 (0x00000593) x11 0x00000000
core   0: 0x800001e4 (0xff500413) li      s0, -11
core   0: 3 0x800001e4 (0xff500413) x 8 0xfffffff5
core   0: 0x800001e8 (0x406b0bb3) sub     s7, s6, t1
core   0: 3 0x800001e8 (0x406b0bb3) x23 0x00000000
core   0: 0x800001ec (0x92f28e37) lui     t3, 0x92f28
core   0: 3 0x800001ec (0x92f28e37) x28 0x92f28000
core   0: 0x800001f0 (0xfff58593) addi    a1, a1, -1
core   0: 3 0x800001f0 (0xfff58593) x11 0xffffffff
core   0: 0x800001f4 (0x01fd26b3) slt     a3, s10, t6
core   0: 3 0x800001f4 (0x01fd26b3) x13 0x00000000
core   0: 0x800001f8 (0x02b52033) mulhsu  zero, a0, a1
core   0: 3 0x800001f8 (0x02b52033)
core   0: 0x800001fc (0x401e5c33) sra     s8, t3, ra
core   0: 3 0x800001fc (0x401e5c33) x24 0xffffffff
core   0: 0x80000200 (0xac35eb93) ori     s7, a1, -1341
core   0: 3 0x80000200 (0xac35eb93) x23 0xffffffff
core   0: 0x80000204 (0x03d2db33) divu    s6, t0, t4
core   0: 3 0x80000204 (0x03d2db33) x22 0x00000001
core   0: 0x80000208 (0xd2544013) xori    zero, s0, -731
core   0: 3 0x80000208 (0xd2544013)
core   0: 0x8000020c (0x41a007b3) sub     a5, zero, s10
core   0: 3 0x8000020c (0x41a007b3) x15 0x00000000
core   0: 0x80000210 (0x00a00513) li      a0, 10
core   0: 3 0x80000210 (0x00a00513) x10 0x0000000a
core   0: 0x80000214 (0x00d0d613) srli    a2, ra, 13
core   0: 3 0x80000214 (0x00d0d613) x12 0x0007ffb1
core   0: 0x80000218 (0x03f6ef33) rem     t5, a3, t6
core   0: 3 0x80000218 (0x03f6ef33) x30 0x00000000
core   0: 0x8000021c (0x021bda33) divu    s4, s7, ra
core   0: 3 0x8000021c (0x021bda33) x20 0x00000001
core   0: 0x80000220 (0x00efaab3) slt     s5, t6, a4
core   0: 3 0x80000220 (0x00efaab3) x21 0x00000001
core   0: 0x80000224 (0x2e1b7893) andi    a7, s6, 737
core   0: 3 0x80000224 (0x2e1b7893) x17 0x00000001
core   0: 0x80000228 (0x00800d93) li      s11, 8
core   0: 3 0x80000228 (0x00800d93) x27 0x00000008
core   0: 0x8000022c (0x013dd993) srli    s3, s11, 19
core   0: 3 0x8000022c (0x013dd993) x19 0x00000000
core   0: 0x80000230 (0x35767e93) andi    t4, a2, 855
core   0: 3 0x80000230 (0x35767e93) x29 0x00000311
core   0: 0x80000234 (0x00ae07b3) add     a5, t3, a0
core   0: 3 0x80000234 (0x00ae07b3) x15 0x92f2800a
core   0: 0x80000238 (0x0035d9b3) srl     s3, a1, gp
core   0: 3 0x80000238 (0x0035d9b3) x19 0x00000003
core   0: 0x8000023c (0x023ec3b3) div     t2, t4, gp
core   0: 3 0x8000023c (0x023ec3b3) x 7 0x00000000
core   0: 0x80000240 (0x008676b3) and     a3, a2, s0
core   0: 3 0x80000240 (0x008676b3) x13 0x0007ffb1
core   0: 0x80000244 (0xd3fefc37) lui     s8, 0xd3fef
core   0: 3 0x80000244 (0xd3fefc37) x24 0xd3fef000
core   0: 0x80000248 (0xffa50513) addi    a0, a0, -6
core   0: 3 0x80000248 (0xffa50513) x10 0x00000004
core   0: 0x8000024c (0x156e5097) auipc   ra, 0x156e5
core   0: 3 0x8000024c (0x156e5097) x 1 0x956e524c
core   0: 0x80000250 (0xffb572e3) bgeu    a0, s11, pc - 28
core   0: 3 0x80000250 (0xffb572e3)
core   0: 0x80000254 (0x0bd6b613) sltiu   a2, a3, 189
core   0: 3 0x80000254 (0x0bd6b613) x12 0x00000000
core   0: 0x80000258 (0xf8859ae3) bne     a1, s0, pc - 108
core   0: 3 0x80000258 (0xf8859ae3)
core   0: 0x800001ec (0x92f28e37) lui     t3, 0x92f28
core   0: 3 0x800001ec (0x92f28e37) x28 0x92f28000
core   0: 0x800001f0 (0xfff58593) addi    a1, a1, -1
core   0: 3 0x800001f0 (0xfff58593) x11 0xfffffffe
core   0: 0x800001f4 (0x01fd26b3) slt     a3, s10, t6
core   0: 3 0x800001f4 (0x01fd26b3) x13 0x00000000
core   0: 0x800001f8 (0x02b52033) mulhsu  zero, a0, a1
core   0: 3 0x800001f8 (0x02b52033)
core   0: 0x800001fc (0x401e5c33) sra     s8, t3, ra
core   0: 3 0x800001fc (0x401e5c33) x24 0xfff92f28
core   0: 0x80000200 (0xac35eb93) ori     s7, a1, -1341
core   0: 3 0x80000200 (0xac35eb93) x23 0xffffffff
core   0: 0x80000204 (0x03d2db33) divu    s6, t0, t4
core   0: 3 0x80000204 (0x03d2db33) x22 0x0047cbac
core   0: 0x80000208 (0xd2544013) xori    zero, s0, -731
core   0: 3 0x80000208 (0xd2544013)
core   0: 0x8000020c (0x41a007b3) sub     a5, zero, s10
core   0: 3 0x8000020c (0x41a007b3) x15 0x00000000
core   0: 0x80000210 (0x00a00513) li      a0, 10
core   0: 3 0x80000210 (0x00a00513) x10 0x0000000a
core   0: 0x80000214 (0x00d0d613) srli    a2, ra, 13
core   0: 3 0x80000214 (0x00d0d613) x12 0x0004ab72
core   0: 0x80000218 (0x03f6ef33) rem     t5, a3, t6
core   0: 3 0x80000218 (0x03f6ef33) x30 0x00000000
core   0: 0x8000021c (0x021bda33) divu    s4, s7, ra
core   0: 3 0x8000021c (0x021bda33) x20 0x00000001
core   0: 0x80000220 (0x00efaab3) slt     s5, t6, a4
core   0: 3 0x80000220 (0x00efaab3) x21 0x00000001
core   0: 0x80000224 (0x2e1b7893) andi    a7, s6, 737
core   0: 3 0x80000224 (0x2e1b7893) x17 0x000002a0
core   0: 0x80000228 (0x00800d93) li      s11, 8
core   0: 3 0x80000228 (0x00800d93) x27 0x00000008
core   0: 0x8000022c (0x013dd993) srli    s3, s11, 19
core   0: 3 0x8000022c (0x013dd993) x19 0x00000000
core   0: 0x80000230 (0x35767e93) andi    t4, a2, 855
core   0: 3 0x80000230 (0x35767e93) x29 0x00000352
core   0: 0x80000234 (0x00ae07b3) add     a5, t3, a0
core   0: 3 0x80000234 (0x00ae07b3) x15 0x92f2800a
core   0: 0x80000238 (0x0035d9b3) srl     s3, a1, gp
core   0: 3 0x80000238 (0x0035d9b3) x19 0x00000003
core   0: 0x8000023c (0x023ec3b3) div     t2, t4, gp
core   0: 3 0x8000023c (0x023ec3b3) x 7 0x00000000
core   0: 0x80000240 (0x008676b3) and     a3, a2, s0
core   0: 3 0x80000240 (0x008676b3) x13 0x0004ab70
core   0: 0x80000244 (0xd3fefc37) lui     s8, 0xd3fef
core   0: 3 0x80000244 (0xd3fefc37) x24 0xd3fef000
core   0: 0x80000248 (0xffa50513) addi    a0, a0, -6
core   0: 3 0x80000248 (0xffa50513) x10 0x00000004
core   0: 0x8000024c (0x156e5097) auipc   ra, 0x156e5
core   0: 3 0x8000024c (0x156e5097) x 1 0x956e524c
core   0: 0x80000250 (0xffb572e3) bgeu    a0, s11, pc - 28
core   0: 3 0x80000250 (0xffb572e3)
core   0: 0x80000254 (0x0bd6b613) sltiu   a2, a3, 189
core   0: 3 0x80000254 (0x0bd6b613) x12 0x00000000
core   0: 0x80000258 (0xf8859ae3) bne     a1, s0, pc - 108
core   0: 3 0x80000258 (0xf8859ae3)
core   0: 0x800001ec (0x92f28e37) lui     t3, 0x92f28
core   0: 3 0x800001ec (0x92f28e37) x28 0x92f28000
core   0: 0x800001f0 (0xfff58593) addi    a1, a1, -1
core   0: 3 0x800001f0 (0xfff58593) x11 0xfffffffd
core   0: 0x800001f4 (0x01fd26b3) slt     a3, s10, t6
core   0: 3 0x800001f4 (0x01fd26b3) x13 0x00000000
core   0: 0x800001f8 (0x02b52033) mulhsu  zero, a0, a1
core   0: 3 0x800001f8 (0x02b52033)
core   0: 0x800001fc (0x401e5c33) sra     s8, t3, ra
core   0: 3 0x800001fc (0x401e5c33) x24 0xfff92f28
core   0: 0x80000200 (0xac35eb93) ori     s7, a1, -1341
core   0: 3 0x80000200 (0xac35eb93) x23 0xffffffff
core   0: 0x80000204 (0x03d2db33) divu    s6, t0, t4
core   0: 3 0x80000204 (0x03d2db33) x22 0x00424e2b
core   0: 0x80000208 (0xd2544013) xori    zero, s0, -731
core   0: 3 0x80000208 (0xd2544013)
core   0: 0x8000020c (0x41a007b3) sub     a5, zero, s10
core   0: 3 0x8000020c (0x41a007b3) x15 0x00000000
core   0: 0x80000210 (0x00a00513) li      a0, 10
core   0: 3 0x80000210 (0x00a00513) x10 0x0000000a
core   0: 0x80000214 (0x00d0d613) srli    a2, ra, 13
core   0: 3 0x80000214 (0x00d0d613) x12 0x0004ab72
core   0: 0x80000218 (0x03f6ef33) rem     t5, a3, t6
core   0: 3 0x80000218 (0x03f6ef33) x30 0x00000000
core   0: 0x8000021c (0x021bda33) divu    s4, s7, ra
core   0: 3 0x8000021c (0x021bda33) x20 0x00000001
core   0: 0x80000220 (0x00efaab3) slt     s5, t6, a4
core   0: 3 0x80000220 (0x00efaab3) x21 0x00000001
core   0: 0x80000224 (0x2e1b7893) andi    a7, s6, 737
core   0: 3 0x80000224 (0x2e1b7893) x17 0x00000221
core   0: 0x80000228 (0x00800d93) li      s11, 8
core   0: 3 0x80000228 (0x00800d93) x27 0x00000008
core   0: 0x8000022c (0x013dd993) srli    s3, s11, 19
core   0: 3 0x8000022c (0x013dd993) x19 0x00000000
core   0: 0x80000230 (0x35767e93) andi    t4, a2, 855
core   0: 3 0x80000230 (0x35767e93) x29 0x00000352
core   0: 0x80000234 (0x00ae07b3) add     a5, t3, a0
core   0: 3 0x80000234 (0x00ae07b3) x15 0x92f2800a
core   0: 0x80000238 (0x0035d9b3) srl     s3, a1, gp
core   0: 3 0x80000238 (0x0035d9b3) x19 0x00000003
core   0: 0x8000023c (0x023ec3b3) div     t2, t4, gp
core   0: 3 0x8000023c (0x023ec3b3) x 7 0x00000000
core   0: 0x80000240 (0x008676b3) and     a3, a2, s0
core   0: 3 0x80000240 (0x008676b3) x13 0x0004ab70
core   0: 0x80000244 (0xd3fefc37) lui     s8, 0xd3fef
core   0: 3 0x80000244 (0xd3fefc37) x24 0xd3fef000
core   0: 0x80000248 (0xffa50513) addi    a0, a0, -6
core   0: 3 0x80000248 (0xffa50513) x10 0x00000004
core   0: 0x8000024c (0x156e5097) auipc   ra, 0x156e5
core   0: 3 0x8000024c (0x156e5097) x 1 0x956e524c
core   0: 0x80000250 (0xffb572e3) bgeu    a0, s11, pc - 28
core   0: 3 0x80000250 (0xffb572e3)
core   0: 0x80000254 (0x0bd6b613) sltiu   a2, a3, 189
core   0: 3 0x80000254 (0x0bd6b613) x12 0x00000000
core   0: 0x80000258 (0xf8859ae3) bne     a1, s0, pc - 108
core   0: 3 0x80000258 (0xf8859ae3)
core   0: 0x800001ec (0x92f28e37) lui     t3, 0x92f28
core   0: 3 0x800001ec (0x92f28e37) x28 0x92f28000
core   0: 0x800001f0 (0xfff58593) addi    a1, a1, -1
core   0: 3 0x800001f0 (0xfff58593) x11 0xfffffffc
core   0: 0x800001f4 (0x01fd26b3) slt     a3, s10, t6
core   0: 3 0x800001f4 (0x01fd26b3) x13 0x00000000
core   0: 0x800001f8 (0x02b52033) mulhsu  zero, a0, a1
core   0: 3 0x800001f8 (0x02b52033)
core   0: 0x800001fc (0x401e5c33) sra     s8, t3, ra
core   0: 3 0x800001fc (0x401e5c33) x24 0xfff92f28
core   0: 0x80000200 (0xac35eb93) ori     s7, a1, -1341
core   0: 3 0x80000200 (0xac35eb93) x23 0xffffffff
core   0: 0x80000204 (0x03d2db33) divu    s6, t0, t4
core   0: 3 0x80000204 (0x03d2db33) x22 0x00424e2b
core   0: 0x80000208 (0xd2544013) xori    zero, s0, -731
core   0: 3 0x80000208 (0xd2544013)
core   0: 0x8000020c (0x41a007b3) sub     a5, zero, s10
core   0: 3 0x8000020c (0x41a007b3) x15 0x00000000
core   0: 0x80000210 (0x00a00513) li      a0, 10
core   0: 3 0x80000210 (0x00a00513) x10 0x0000000a
core   0: 0x80000214 (0x00d0d613) srli    a2, ra, 13
core   0: 3 0x80000214 (0x00d0d613) x12 0x0004ab72
core   0: 0x80000218 (0x03f6ef33) rem     t5, a3, t6
core   0: 3 0x80000218 (0x03f6ef33) x30 0x00000000
core   0: 0x8000021c (0x021bda33) divu    s4, s7, ra
core   0: 3 0x8000021c (0x021bda33) x20 0x00000001
core   0: 0x80000220 (0x00efaab3) slt     s5, t6, a4
core   0: 3 0x80000220 (0x00efaab3) x21 0x00000001
core   0: 0x80000224 (0x2e1b7893) andi    a7, s6, 737
core   0: 3 0x80000224 (0x2e1b7893) x17 0x00000221
core   0: 0x80000228 (0x00800d93) li      s11, 8
core   0: 3 0x80000228 (0x00800d93) x27 0x00000008
core   0: 0x8000022c (0x013dd993) srli    s3, s11, 19
core   0: 3 0x8000022c (0x013dd993) x19 0x00000000
core   0: 0x80000230 (0x35767e93) andi    t4, a2, 855
core   0: 3 0x80000230 (0x35767e93) x29 0x00000352
core   0: 0x80000234 (0x00ae07b3) add     a5, t3, a0
core   0: 3 0x80000234 (0x00ae07b3) x15 0x92f2800a
core   0: 0x80000238 (0x0035d9b3) srl     s3, a1, gp
core   0: 3 0x80000238 (0x0035d9b3) x19 0x00000003
core   0: 0x8000023c (0x023ec3b3) div     t2, t4, gp
core   0: 3 0x8000023c (0x023ec3b3) x 7 0x00000000
core   0: 0x80000240 (0x008676b3) and     a3, a2, s0
core   0: 3 0x80000240 (0x008676b3) x13 0x0004ab70
core   0: 0x80000244 (0xd3fefc37) lui     s8, 0xd3fef
core   0: 3 0x80000244 (0xd3fefc37) x24 0xd3fef000
core   0: 0x80000248 (0xffa50513) addi    a0, a0, -6
core   0: 3 0x80000248 (0xffa50513) x10 0x00000004
core   0: 0x8000024c (0x156e5097) auipc   ra, 0x156e5
core   0: 3 0x8000024c (0x156e5097) x 1 0x956e524c
core   0: 0x80000250 (0xffb572e3) bgeu    a0, s11, pc - 28
core   0: 3 0x80000250 (0xffb572e3)
core   0: 0x80000254 (0x0bd6b613) sltiu   a2, a3, 189
core   0: 3 0x80000254 (0x0bd6b613) x12 0x00000000
core   0: 0x80000258 (0xf8859ae3) bne     a1, s0, pc - 108
core   0: 3 0x80000258 (0xf8859ae3)
core   0: 0x800001ec (0x92f28e37) lui     t3, 0x92f28
core   0: 3 0x800001ec (0x92f28e37) x28 0x92f28000
core   0: 0x800001f0 (0xfff58593) addi    a1, a1, -1
core   0: 3 0x800001f0 (0xfff58593) x11 0xfffffffb
core   0: 0x800001f4 (0x01fd26b3) slt     a3, s10, t6
core   0: 3 0x800001f4 (0x01fd26b3) x13 0x00000000
core   0: 0x800001f8 (0x02b52033) mulhsu  zero, a0, a1
core   0: 3 0x800001f8 (0x02b52033)
core   0: 0x800001fc (0x401e5c33) sra     s8, t3, ra
core   0: 3 0x800001fc (0x401e5c33) x24 0xfff92f28
core   0: 0x80000200 (0xac35eb93) ori     s7, a1, -1341
core   0: 3 0x80000200 (0xac35eb93) x23 0xfffffffb
core   0: 0x80000204 (0x03d2db33) divu    s6, t0, t4
core   0: 3 0x80000204 (0x03d2db33) x22 0x00424e2b
core   0: 0x80000208 (0xd2544013) xori    zero, s0, -731
core   0: 3 0x80000208 (0xd2544013)
core   0: 0x8000020c (0x41a007b3) sub     a5, zero, s10
core   0: 3 0x8000020c (0x41a007b3) x15 0x00000000
core   0: 0x80000210 (0x00a00513) li      a0, 10
core   0: 3 0x80000210 (0x00a00513) x10 0x0000000a
core   0: 0x80000214 (0x00d0d613) srli    a2, ra, 13
core   0: 3 0x80000214 (0x00d0d613) x12 0x0004ab72
core   0: 0x80000218 (0x03f6ef33) rem     t5, a3, t6
core   0: 3 0x80000218 (0x03f6ef33) x30 0x00000000
core   0: 0x8000021c (0x021bda33) divu    s4, s7, ra
core   0: 3 0x8000021c (0x021bda33) x20 0x00000001
core   0: 0x80000220 (0x00efaab3) slt     s5, t6, a4
core   0: 3 0x80000220 (0x00efaab3) x21 0x00000001
core   0: 0x80000224 (0x2e1b7893) andi    a7, s6, 737
core   0: 3 0x80000224 (0x2e1b7893) x17 0x00000221
core   0: 0x80000228 (0x00800d93) li      s11, 8
core   0: 3 0x80000228 (0x00800d93) x27 0x00000008
core   0: 0x8000022c (0x013dd993) srli    s3, s11, 19
core   0: 3 0x8000022c (0x013dd993) x19 0x00000000
core   0: 0x80000230 (0x35767e93) andi    t4, a2, 855
core   0: 3 0x80000230 (0x35767e93) x29 0x00000352
core   0: 0x80000234 (0x00ae07b3) add     a5, t3, a0
core   0: 3 0x80000234 (0x00ae07b3) x15 0x92f2800a
core   0: 0x80000238 (0x0035d9b3) srl     s3, a1, gp
core   0: 3 0x80000238 (0x0035d9b3) x19 0x00000003
core   0: 0x8000023c (0x023ec3b3) div     t2, t4, gp
core   0: 3 0x8000023c (0x023ec3b3) x 7 0x00000000
core   0: 0x80000240 (0x008676b3) and     a3, a2, s0
core   0: 3 0x80000240 (0x008676b3) x13 0x0004ab70
core   0: 0x80000244 (0xd3fefc37) lui     s8, 0xd3fef
core   0: 3 0x80000244 (0xd3fefc37) x24 0xd3fef000
core   0: 0x80000248 (0xffa50513) addi    a0, a0, -6
core   0: 3 0x80000248 (0xffa50513) x10 0x00000004
core   0: 0x8000024c (0x156e5097) auipc   ra, 0x156e5
core   0: 3 0x8000024c (0x156e5097) x 1 0x956e524c
core   0: 0x80000250 (0xffb572e3) bgeu    a0, s11, pc - 28
core   0: 3 0x80000250 (0xffb572e3)
core   0: 0x80000254 (0x0bd6b613) sltiu   a2, a3, 189
core   0: 3 0x80000254 (0x0bd6b613) x12 0x00000000
core   0: 0x80000258 (0xf8859ae3) bne     a1, s0, pc - 108
core   0: 3 0x80000258 (0xf8859ae3)
core   0: 0x800001ec (0x92f28e37) lui     t3, 0x92f28
core   0: 3 0x800001ec (0x92f28e37) x28 0x92f28000
core   0: 0x800001f0 (0xfff58593) addi    a1, a1, -1
core   0: 3 0x800001f0 (0xfff58593) x11 0xfffffffa
core   0: 0x800001f4 (0x01fd26b3) slt     a3, s10, t6
core   0: 3 0x800001f4 (0x01fd26b3) x13 0x00000000
core   0: 0x800001f8 (0x02b52033) mulhsu  zero, a0, a1
core   0: 3 0x800001f8 (0x02b52033)
core   0: 0x800001fc (0x401e5c33) sra     s8, t3, ra
core   0: 3 0x800001fc (0x401e5c33) x24 0xfff92f28
core   0: 0x80000200 (0xac35eb93) ori     s7, a1, -1341
core   0: 3 0x80000200 (0xac35eb93) x23 0xfffffffb
core   0: 0x80000204 (0x03d2db33) divu    s6, t0, t4
core   0: 3 0x80000204 (0x03d2db33) x22 0x00424e2b
core   0: 0x80000208 (0xd2544013) xori    zero, s0, -731
core   0: 3 0x80000208 (0xd2544013)
core   0: 0x8000020c (0x41a007b3) sub     a5, zero, s10
core   0: 3 0x8000020c (0x41a007b3) x15 0x00000000
core   0: 0x80000210 (0x00a00513) li      a0, 10
core   0: 3 0x80000210 (0x00a00513) x10 0x0000000a
core   0: 0x80000214 (0x00d0d613) srli    a2, ra, 13
core   0: 3 0x80000214 (0x00d0d613) x12 0x0004ab72
core   0: 0x80000218 (0x03f6ef33) rem     t5, a3, t6
core   0: 3 0x80000218 (0x03f6ef33) x30 0x00000000
core   0: 0x8000021c (0x021bda33) divu    s4, s7, ra
core   0: 3 0x8000021c (0x021bda33) x20 0x00000001
core   0: 0x80000220 (0x00efaab3) slt     s5, t6, a4
core   0: 3 0x80000220 (0x00efaab3) x21 0x00000001
core   0: 0x80000224 (0x2e1b7893) andi    a7, s6, 737
core   0: 3 0x80000224 (0x2e1b7893) x17 0x00000221
core   0: 0x80000228 (0x00800d93) li      s11, 8
core   0: 3 0x80000228 (0x00800d93) x27 0x00000008
core   0: 0x8000022c (0x013dd993) srli    s3, s11, 19
core   0: 3 0x8000022c (0x013dd993) x19 0x00000000
core   0: 0x80000230 (0x35767e93) andi    t4, a2, 855
core   0: 3 0x80000230 (0x35767e93) x29 0x00000352
core   0: 0x80000234 (0x00ae07b3) add     a5, t3, a0
core   0: 3 0x80000234 (0x00ae07b3) x15 0x92f2800a
core   0: 0x80000238 (0x0035d9b3) srl     s3, a1, gp
core   0: 3 0x80000238 (0x0035d9b3) x19 0x00000003
core   0: 0x8000023c (0x023ec3b3) div     t2, t4, gp
core   0: 3 0x8000023c (0x023ec3b3) x 7 0x00000000
core   0: 0x80000240 (0x008676b3) and     a3, a2, s0
core   0: 3 0x80000240 (0x008676b3) x13 0x0004ab70
core   0: 0x80000244 (0xd3fefc37) lui     s8, 0xd3fef
core   0: 3 0x80000244 (0xd3fefc37) x24 0xd3fef000
core   0: 0x80000248 (0xffa50513) addi    a0, a0, -6
core   0: 3 0x80000248 (0xffa50513) x10 0x00000004
core   0: 0x8000024c (0x156e5097) auipc   ra, 0x156e5
core   0: 3 0x8000024c (0x156e5097) x 1 0x956e524c
core   0: 0x80000250 (0xffb572e3) bgeu    a0, s11, pc - 28
core   0: 3 0x80000250 (0xffb572e3)
core   0: 0x80000254 (0x0bd6b613) sltiu   a2, a3, 189
core   0: 3 0x80000254 (0x0bd6b613) x12 0x00000000
core   0: 0x80000258 (0xf8859ae3) bne     a1, s0, pc - 108
core   0: 3 0x80000258 (0xf8859ae3)
core   0: 0x800001ec (0x92f28e37) lui     t3, 0x92f28
core   0: 3 0x800001ec (0x92f28e37) x28 0x92f28000
core   0: 0x800001f0 (0xfff58593) addi    a1, a1, -1
core   0: 3 0x800001f0 (0xfff58593) x11 0xfffffff9
core   0: 0x800001f4 (0x01fd26b3) slt     a3, s10, t6
core   0: 3 0x800001f4 (0x01fd26b3) x13 0x00000000
core   0: 0x800001f8 (0x02b52033) mulhsu  zero, a0, a1
core   0: 3 0x800001f8 (0x02b52033)
core   0: 0x800001fc (0x401e5c33) sra     s8, t3, ra
core   0: 3 0x800001fc (0x401e5c33) x24 0xfff92f28
core   0: 0x80000200 (0xac35eb93) ori     s7, a1, -1341
core   0: 3 0x80000200 (0xac35eb93) x23 0xfffffffb
core   0: 0x80000204 (0x03d2db33) divu    s6, t0, t4
core   0: 3 0x80000204 (0x03d2db33) x22 0x00424e2b
core   0: 0x80000208 (0xd2544013) xori    zero, s0, -731
core   0: 3 0x80000208 (0xd2544013)
core   0: 0x8000020c (0x41a007b3) sub     a5, zero, s10
core   0: 3 0x8000020c (0x41a007b3) x15 0x00000000
core   0: 0x80000210 (0x00a00513) li      a0, 10
core   0: 3 0x80000210 (0x00a00513) x10 0x0000000a
core   0: 0x80000214 (0x00d0d613) srli    a2, ra, 13
core   0: 3 0x80000214 (0x00d0d613) x12 0x0004ab72
core   0: 0x80000218 (0x03f6ef33) rem     t5, a3, t6
core   0: 3 0x80000218 (0x03f6ef33) x30 0x00000000
core   0: 0x8000021c (0x021bda33) divu    s4, s7, ra
core   0: 3 0x8000021c (0x021bda33) x20 0x00000001
core   0: 0x80000220 (0x00efaab3) slt     s5, t6, a4
core   0: 3 0x80000220 (0x00efaab3) x21 0x00000001
core   0: 0x80000224 (0x2e1b7893) andi    a7, s6, 737
core   0: 3 0x80000224 (0x2e1b7893) x17 0x00000221
core   0: 0x80000228 (0x00800d93) li      s11, 8
core   0: 3 0x80000228 (0x00800d93) x27 0x00000008
core   0: 0x8000022c (0x013dd993) srli    s3, s11, 19
core   0: 3 0x8000022c (0x013dd993) x19 0x00000000
core   0: 0x80000230 (0x35767e93) andi    t4, a2, 855
core   0: 3 0x80000230 (0x35767e93) x29 0x00000352
core   0: 0x80000234 (0x00ae07b3) add     a5, t3, a0
core   0: 3 0x80000234 (0x00ae07b3) x15 0x92f2800a
core   0: 0x80000238 (0x0035d9b3) srl     s3, a1, gp
core   0: 3 0x80000238 (0x0035d9b3) x19 0x00000003
core   0: 0x8000023c (0x023ec3b3) div     t2, t4, gp
core   0: 3 0x8000023c (0x023ec3b3) x 7 0x00000000
core   0: 0x80000240 (0x008676b3) and     a3, a2, s0
core   0: 3 0x80000240 (0x008676b3) x13 0x0004ab70
core   0: 0x80000244 (0xd3fefc37) lui     s8, 0xd3fef
core   0: 3 0x80000244 (0xd3fefc37) x24 0xd3fef000
core   0: 0x80000248 (0xffa50513) addi    a0, a0, -6
core   0: 3 0x80000248 (0xffa50513) x10 0x00000004
core   0: 0x8000024c (0x156e5097) auipc   ra, 0x156e5
core   0: 3 0x8000024c (0x156e5097) x 1 0x956e524c
core   0: 0x80000250 (0xffb572e3) bgeu    a0, s11, pc - 28
core   0: 3 0x80000250 (0xffb572e3)
core   0: 0x80000254 (0x0bd6b613) sltiu   a2, a3, 189
core   0: 3 0x80000254 (0x0bd6b613) x12 0x00000000
core   0: 0x80000258 (0xf8859ae3) bne     a1, s0, pc - 108
core   0: 3 0x80000258 (0xf8859ae3)
core   0: 0x800001ec (0x92f28e37) lui     t3, 0x92f28
core   0: 3 0x800001ec (0x92f28e37) x28 0x92f28000
core   0: 0x800001f0 (0xfff58593) addi    a1, a1, -1
core   0: 3 0x800001f0 (0xfff58593) x11 0xfffffff8
core   0: 0x800001f4 (0x01fd26b3) slt     a3, s10, t6
core   0: 3 0x800001f4 (0x01fd26b3) x13 0x00000000
core   0: 0x800001f8 (0x02b52033) mulhsu  zero, a0, a1
core   0: 3 0x800001f8 (0x02b52033)
core   0: 0x800001fc (0x401e5c33) sra     s8, t3, ra
core   0: 3 0x800001fc (0x401e5c33) x24 0xfff92f28
core   0: 0x80000200 (0xac35eb93) ori     s7, a1, -1341
core   0: 3 0x80000200 (0xac35eb93) x23 0xfffffffb
core   0: 0x80000204 (0x03d2db33) divu    s6, t0, t4
core   0: 3 0x80000204 (0x03d2db33) x22 0x00424e2b
core   0: 0x80000208 (0xd2544013) xori    zero, s0, -731
core   0: 3 0x80000208 (0xd2544013)
core   0: 0x8000020c (0x41a007b3) sub     a5, zero, s10
core   0: 3 0x8000020c (0x41a007b3) x15 0x00000000
core   0: 0x80000210 (0x00a00513) li      a0, 10
core   0: 3 0x80000210 (0x00a00513) x10 0x0000000a
core   0: 0x80000214 (0x00d0d613) srli    a2, ra, 13
core   0: 3 0x80000214 (0x00d0d613) x12 0x0004ab72
core   0: 0x80000218 (0x03f6ef33) rem     t5, a3, t6
core   0: 3 0x80000218 (0x03f6ef33) x30 0x00000000
core   0: 0x8000021c (0x021bda33) divu    s4, s7, ra
core   0: 3 0x8000021c (0x021bda33) x20 0x00000001
core   0: 0x80000220 (0x00efaab3) slt     s5, t6, a4
core   0: 3 0x80000220 (0x00efaab3) x21 0x00000001
core   0: 0x80000224 (0x2e1b7893) andi    a7, s6, 737
core   0: 3 0x80000224 (0x2e1b7893) x17 0x00000221
core   0: 0x80000228 (0x00800d93) li      s11, 8
core   0: 3 0x80000228 (0x00800d93) x27 0x00000008
core   0: 0x8000022c (0x013dd993) srli    s3, s11, 19
core   0: 3 0x8000022c (0x013dd993) x19 0x00000000
core   0: 0x80000230 (0x35767e93) andi    t4, a2, 855
core   0: 3 0x80000230 (0x35767e93) x29 0x00000352
core   0: 0x80000234 (0x00ae07b3) add     a5, t3, a0
core   0: 3 0x80000234 (0x00ae07b3) x15 0x92f2800a
core   0: 0x80000238 (0x0035d9b3) srl     s3, a1, gp
core   0: 3 0x80000238 (0x0035d9b3) x19 0x00000003
core   0: 0x8000023c (0x023ec3b3) div     t2, t4, gp
core   0: 3 0x8000023c (0x023ec3b3) x 7 0x00000000
core   0: 0x80000240 (0x008676b3) and     a3, a2, s0
core   0: 3 0x80000240 (0x008676b3) x13 0x0004ab70
core   0: 0x80000244 (0xd3fefc37) lui     s8, 0xd3fef
core   0: 3 0x80000244 (0xd3fefc37) x24 0xd3fef000
core   0: 0x80000248 (0xffa50513) addi    a0, a0, -6
core   0: 3 0x80000248 (0xffa50513) x10 0x00000004
core   0: 0x8000024c (0x156e5097) auipc   ra, 0x156e5
core   0: 3 0x8000024c (0x156e5097) x 1 0x956e524c
core   0: 0x80000250 (0xffb572e3) bgeu    a0, s11, pc - 28
core   0: 3 0x80000250 (0xffb572e3)
core   0: 0x80000254 (0x0bd6b613) sltiu   a2, a3, 189
core   0: 3 0x80000254 (0x0bd6b613) x12 0x00000000
core   0: 0x80000258 (0xf8859ae3) bne     a1, s0, pc - 108
core   0: 3 0x80000258 (0xf8859ae3)
core   0: 0x800001ec (0x92f28e37) lui     t3, 0x92f28
core   0: 3 0x800001ec (0x92f28e37) x28 0x92f28000
core   0: 0x800001f0 (0xfff58593) addi    a1, a1, -1
core   0: 3 0x800001f0 (0xfff58593) x11 0xfffffff7
core   0: 0x800001f4 (0x01fd26b3) slt     a3, s10, t6
core   0: 3 0x800001f4 (0x01fd26b3) x13 0x00000000
core   0: 0x800001f8 (0x02b52033) mulhsu  zero, a0, a1
core   0: 3 0x800001f8 (0x02b52033)
core   0: 0x800001fc (0x401e5c33) sra     s8, t3, ra
core   0: 3 0x800001fc (0x401e5c33) x24 0xfff92f28
core   0: 0x80000200 (0xac35eb93) ori     s7, a1, -1341
core   0: 3 0x80000200 (0xac35eb93) x23 0xfffffff7
core   0: 0x80000204 (0x03d2db33) divu    s6, t0, t4
core   0: 3 0x80000204 (0x03d2db33) x22 0x00424e2b
core   0: 0x80000208 (0xd2544013) xori    zero, s0, -731
core   0: 3 0x80000208 (0xd2544013)
core   0: 0x8000020c (0x41a007b3) sub     a5, zero, s10
core   0: 3 0x8000020c (0x41a007b3) x15 0x00000000
core   0: 0x80000210 (0x00a00513) li      a0, 10
core   0: 3 0x80000210 (0x00a00513) x10 0x0000000a
core   0: 0x80000214 (0x00d0d613) srli    a2, ra, 13
core   0: 3 0x80000214 (0x00d0d613) x12 0x0004ab72
core   0: 0x80000218 (0x03f6ef33) rem     t5, a3, t6
core   0: 3 0x80000218 (0x03f6ef33) x30 0x00000000
core   0: 0x8000021c (0x021bda33) divu    s4, s7, ra
core   0: 3 0x8000021c (0x021bda33) x20 0x00000001
core   0: 0x80000220 (0x00efaab3) slt     s5, t6, a4
core   0: 3 0x80000220 (0x00efaab3) x21 0x00000001
core   0: 0x80000224 (0x2e1b7893) andi    a7, s6, 737
core   0: 3 0x80000224 (0x2e1b7893) x17 0x00000221
core   0: 0x80000228 (0x00800d93) li      s11, 8
core   0: 3 0x80000228 (0x00800d93) x27 0x00000008
core   0: 0x8000022c (0x013dd993) srli    s3, s11, 19
core   0: 3 0x8000022c (0x013dd993) x19 0x00000000
core   0: 0x80000230 (0x35767e93) andi    t4, a2, 855
core   0: 3 0x80000230 (0x35767e93) x29 0x00000352
core   0: 0x80000234 (0x00ae07b3) add     a5, t3, a0
core   0: 3 0x80000234 (0x00ae07b3) x15 0x92f2800a
core   0: 0x80000238 (0x0035d9b3) srl     s3, a1, gp
core   0: 3 0x80000238 (0x0035d9b3) x19 0x00000003
core   0: 0x8000023c (0x023ec3b3) div     t2, t4, gp
core   0: 3 0x8000023c (0x023ec3b3) x 7 0x00000000
core   0: 0x80000240 (0x008676b3) and     a3, a2, s0
core   0: 3 0x80000240 (0x008676b3) x13 0x0004ab70
core   0: 0x80000244 (0xd3fefc37) lui     s8, 0xd3fef
core   0: 3 0x80000244 (0xd3fefc37) x24 0xd3fef000
core   0: 0x80000248 (0xffa50513) addi    a0, a0, -6
core   0: 3 0x80000248 (0xffa50513) x10 0x00000004
core   0: 0x8000024c (0x156e5097) auipc   ra, 0x156e5
core   0: 3 0x8000024c (0x156e5097) x 1 0x956e524c
core   0: 0x80000250 (0xffb572e3) bgeu    a0, s11, pc - 28
core   0: 3 0x80000250 (0xffb572e3)
core   0: 0x80000254 (0x0bd6b613) sltiu   a2, a3, 189
core   0: 3 0x80000254 (0x0bd6b613) x12 0x00000000
core   0: 0x80000258 (0xf8859ae3) bne     a1, s0, pc - 108
core   0: 3 0x80000258 (0xf8859ae3)
core   0: 0x800001ec (0x92f28e37) lui     t3, 0x92f28
core   0: 3 0x800001ec (0x92f28e37) x28 0x92f28000
core   0: 0x800001f0 (0xfff58593) addi    a1, a1, -1
core   0: 3 0x800001f0 (0xfff58593) x11 0xfffffff6
core   0: 0x800001f4 (0x01fd26b3) slt     a3, s10, t6
core   0: 3 0x800001f4 (0x01fd26b3) x13 0x00000000
core   0: 0x800001f8 (0x02b52033) mulhsu  zero, a0, a1
core   0: 3 0x800001f8 (0x02b52033)
core   0: 0x800001fc (0x401e5c33) sra     s8, t3, ra
core   0: 3 0x800001fc (0x401e5c33) x24 0xfff92f28
core   0: 0x80000200 (0xac35eb93) ori     s7, a1, -1341
core   0: 3 0x80000200 (0xac35eb93) x23 0xfffffff7
core   0: 0x80000204 (0x03d2db33) divu    s6, t0, t4
core   0: 3 0x80000204 (0x03d2db33) x22 0x00424e2b
core   0: 0x80000208 (0xd2544013) xori    zero, s0, -731
core   0: 3 0x80000208 (0xd2544013)
core   0: 0x8000020c (0x41a007b3) sub     a5, zero, s10
core   0: 3 0x8000020c (0x41a007b3) x15 0x00000000
core   0: 0x80000210 (0x00a00513) li      a0, 10
core   0: 3 0x80000210 (0x00a00513) x10 0x0000000a
core   0: 0x80000214 (0x00d0d613) srli    a2, ra, 13
core   0: 3 0x80000214 (0x00d0d613) x12 0x0004ab72
core   0: 0x80000218 (0x03f6ef33) rem     t5, a3, t6
core   0: 3 0x80000218 (0x03f6ef33) x30 0x00000000
core   0: 0x8000021c (0x021bda33) divu    s4, s7, ra
core   0: 3 0x8000021c (0x021bda33) x20 0x00000001
core   0: 0x80000220 (0x00efaab3) slt     s5, t6, a4
core   0: 3 0x80000220 (0x00efaab3) x21 0x00000001
core   0: 0x80000224 (0x2e1b7893) andi    a7, s6, 737
core   0: 3 0x80000224 (0x2e1b7893) x17 0x00000221
core   0: 0x80000228 (0x00800d93) li      s11, 8
core   0: 3 0x80000228 (0x00800d93) x27 0x00000008
core   0: 0x8000022c (0x013dd993) srli    s3, s11, 19
core   0: 3 0x8000022c (0x013dd993) x19 0x00000000
core   0: 0x80000230 (0x35767e93) andi    t4, a2, 855
core   0: 3 0x80000230 (0x35767e93) x29 0x00000352
core   0: 0x80000234 (0x00ae07b3) add     a5, t3, a0
core   0: 3 0x80000234 (0x00ae07b3) x15 0x92f2800a
core   0: 0x80000238 (0x0035d9b3) srl     s3, a1, gp
core   0: 3 0x80000238 (0x0035d9b3) x19 0x00000003
core   0: 0x8000023c (0x023ec3b3) div     t2, t4, gp
core   0: 3 0x8000023c (0x023ec3b3) x 7 0x00000000
core   0: 0x80000240 (0x008676b3) and     a3, a2, s0
core   0: 3 0x80000240 (0x008676b3) x13 0x0004ab70
core   0: 0x80000244 (0xd3fefc37) lui     s8, 0xd3fef
core   0: 3 0x80000244 (0xd3fefc37) x24 0xd3fef000
core   0: 0x80000248 (0xffa50513) addi    a0, a0, -6
core   0: 3 0x80000248 (0xffa50513) x10 0x00000004
core   0: 0x8000024c (0x156e5097) auipc   ra, 0x156e5
core   0: 3 0x8000024c (0x156e5097) x 1 0x956e524c
core   0: 0x80000250 (0xffb572e3) bgeu    a0, s11, pc - 28
core   0: 3 0x80000250 (0xffb572e3)
core   0: 0x80000254 (0x0bd6b613) sltiu   a2, a3, 189
core   0: 3 0x80000254 (0x0bd6b613) x12 0x00000000
core   0: 0x80000258 (0xf8859ae3) bne     a1, s0, pc - 108
core   0: 3 0x80000258 (0xf8859ae3)
core   0: 0x800001ec (0x92f28e37) lui     t3, 0x92f28
core   0: 3 0x800001ec (0x92f28e37) x28 0x92f28000
core   0: 0x800001f0 (0xfff58593) addi    a1, a1, -1
core   0: 3 0x800001f0 (0xfff58593) x11 0xfffffff5
core   0: 0x800001f4 (0x01fd26b3) slt     a3, s10, t6
core   0: 3 0x800001f4 (0x01fd26b3) x13 0x00000000
core   0: 0x800001f8 (0x02b52033) mulhsu  zero, a0, a1
core   0: 3 0x800001f8 (0x02b52033)
core   0: 0x800001fc (0x401e5c33) sra     s8, t3, ra
core   0: 3 0x800001fc (0x401e5c33) x24 0xfff92f28
core   0: 0x80000200 (0xac35eb93) ori     s7, a1, -1341
core   0: 3 0x80000200 (0xac35eb93) x23 0xfffffff7
core   0: 0x80000204 (0x03d2db33) divu    s6, t0, t4
core   0: 3 0x80000204 (0x03d2db33) x22 0x00424e2b
core   0: 0x80000208 (0xd2544013) xori    zero, s0, -731
core   0: 3 0x80000208 (0xd2544013)
core   0: 0x8000020c (0x41a007b3) sub     a5, zero, s10
core   0: 3 0x8000020c (0x41a007b3) x15 0x00000000
core   0: 0x80000210 (0x00a00513) li      a0, 10
core   0: 3 0x80000210 (0x00a00513) x10 0x0000000a
core   0: 0x80000214 (0x00d0d613) srli    a2, ra, 13
core   0: 3 0x80000214 (0x00d0d613) x12 0x0004ab72
core   0: 0x80000218 (0x03f6ef33) rem     t5, a3, t6
core   0: 3 0x80000218 (0x03f6ef33) x30 0x00000000
core   0: 0x8000021c (0x021bda33) divu    s4, s7, ra
core   0: 3 0x8000021c (0x021bda33) x20 0x00000001
core   0: 0x80000220 (0x00efaab3) slt     s5, t6, a4
core   0: 3 0x80000220 (0x00efaab3) x21 0x00000001
core   0: 0x80000224 (0x2e1b7893) andi    a7, s6, 737
core   0: 3 0x80000224 (0x2e1b7893) x17 0x00000221
core   0: 0x80000228 (0x00800d93) li      s11, 8
core   0: 3 0x80000228 (0x00800d93) x27 0x00000008
core   0: 0x8000022c (0x013dd993) srli    s3, s11, 19
core   0: 3 0x8000022c (0x013dd993) x19 0x00000000
core   0: 0x80000230 (0x35767e93) andi    t4, a2, 855
core   0: 3 0x80000230 (0x35767e93) x29 0x00000352
core   0: 0x80000234 (0x00ae07b3) add     a5, t3, a0
core   0: 3 0x80000234 (0x00ae07b3) x15 0x92f2800a
core   0: 0x80000238 (0x0035d9b3) srl     s3, a1, gp
core   0: 3 0x80000238 (0x0035d9b3) x19 0x00000003
core   0: 0x8000023c (0x023ec3b3) div     t2, t4, gp
core   0: 3 0x8000023c (0x023ec3b3) x 7 0x00000000
core   0: 0x80000240 (0x008676b3) and     a3, a2, s0
core   0: 3 0x80000240 (0x008676b3) x13 0x0004ab70
core   0: 0x80000244 (0xd3fefc37) lui     s8, 0xd3fef
core   0: 3 0x80000244 (0xd3fefc37) x24 0xd3fef000
core   0: 0x80000248 (0xffa50513) addi    a0, a0, -6
core   0: 3 0x80000248 (0xffa50513) x10 0x00000004
core   0: 0x8000024c (0x156e5097) auipc   ra, 0x156e5
core   0: 3 0x8000024c (0x156e5097) x 1 0x956e524c
core   0: 0x80000250 (0xffb572e3) bgeu    a0, s11, pc - 28
core   0: 3 0x80000250 (0xffb572e3)
core   0: 0x80000254 (0x0bd6b613) sltiu   a2, a3, 189
core   0: 3 0x80000254 (0x0bd6b613) x12 0x00000000
core   0: 0x80000258 (0xf8859ae3) bne     a1, s0, pc - 108
core   0: 3 0x80000258 (0xf8859ae3)
core   0: 0x8000025c (0x4b3ae293) ori     t0, s5, 1203
core   0: 3 0x8000025c (0x4b3ae293) x 5 0x000004b3
core   0: 0x80000260 (0x00010097) auipc   ra, 0x10
core   0: 3 0x80000260 (0x00010097) x 1 0x80010260
core   0: 0x80000264 (0x21608093) addi    ra, ra, 534
core   0: 3 0x80000264 (0x21608093) x 1 0x80010476
core   0: 0x80000268 (0x029083a3) sb      s1, 39(ra)
core   0: 3 0x80000268 (0x029083a3) mem 0x8001049d 0xe4
core   0: 0x8000026c (0x030083a3) sb      a6, 39(ra)
core   0: 3 0x8000026c (0x030083a3) mem 0x8001049d 0x0
core   0: 0x80000270 (0x00ac8733) add     a4, s9, a0
core   0: 3 0x80000270 (0x00ac8733) x14 0x80000004
core   0: 0x80000274 (0x03d26e33) rem     t3, tp, t4
core   0: 3 0x80000274 (0x03d26e33) x28 0xfffffe68
core   0: 0x80000278 (0xfd809283) lh      t0, -40(ra)
core   0: 3 0x80000278 (0xfd809283) x 5 0x00000000 mem 0x8001044e
core   0: 0x8000027c (0x00000013) nop
core   0: 3 0x8000027c (0x00000013)
core   0: 0x80000280 (0x01408303) lb      t1, 20(ra)
core   0: 3 0x80000280 (0x01408303) x 6 0x00000000 mem 0x8001048a
core   0: 0x80000284 (0x0140d283) lhu     t0, 20(ra)
core   0: 3 0x80000284 (0x0140d283) x 5 0x00000000 mem 0x8001048a
core   0: 0x80000288 (0xa965e913) ori     s2, a1, -1386
core   0: 3 0x80000288 (0xa965e913) x18 0xfffffff7
core   0: 0x8000028c (0x0140d383) lhu     t2, 20(ra)
core   0: 3 0x8000028c (0x0140d383) x 7 0x00000000 mem 0x8001048a
core   0: 0x80000290 (0x00308a23) sb      gp, 20(ra)
core   0: 3 0x80000290 (0x00308a23) mem 0x8001048a 0x9e
core   0: 0x80000294 (0x01409d83) lh      s11, 20(ra)
core   0: 3 0x80000294 (0x01409d83) x27 0x0000009e mem 0x8001048a
core   0: 0x80000298 (0x03c08803) lb      a6, 60(ra)
core   0: 3 0x80000298 (0x03c08803) x16 0x00000000 mem 0x800104b2
core   0: 0x8000029c (0x03c0c903) lbu     s2, 60(ra)
core   0: 3 0x8000029c (0x03c0c903) x18 0x00000000 mem 0x800104b2
core   0: 0x800002a0 (0x01f711b3) sll     gp, a4, t6
core   0: 3 0x800002a0 (0x01f711b3) x 3 0x00000040
core   0: 0x800002a4 (0x03909e23) sh      s9, 60(ra)
core   0: 3 0x800002a4 (0x03909e23) mem 0x800104b2 0x0000
core   0: 0x800002a8 (0x02f18633) mul     a2, gp, a5
core   0: 3 0x800002a8 (0x02f18633) x12 0xbca00280
core   0: 0x800002ac (0x03c0d783) lhu     a5, 60(ra)
core   0: 3 0x800002ac (0x03c0d783) x15 0x00000000 mem 0x800104b2
core   0: 0x800002b0 (0x03c09a83) lh      s5, 60(ra)
core   0: 3 0x800002b0 (0x03c09a83) x21 0x00000000 mem 0x800104b2
core   0: 0x800002b4 (0x03108e23) sb      a7, 60(ra)
core   0: 3 0x800002b4 (0x03108e23) mem 0x800104b2 0x21
core   0: 0x800002b8 (0x0180cc03) lbu     s8, 24(ra)
core   0: 3 0x800002b8 (0x0180cc03) x24 0x00000000 mem 0x8001048e
core   0: 0x800002bc (0x01f08623) sb      t6, 12(ra)
core   0: 3 0x800002bc (0x01f08623) mem 0x80010482 0x64
core   0: 0x800002c0 (0x00c08303) lb      t1, 12(ra)
core   0: 3 0x800002c0 (0x00c08303) x 6 0x00000064 mem 0x80010482
core   0: 0x800002c4 (0x00c0d703) lhu     a4, 12(ra)
core   0: 3 0x800002c4 (0x00c0d703) x14 0x00000064 mem 0x80010482
core   0: 0x800002c8 (0x00c0d583) lhu     a1, 12(ra)
core   0: 3 0x800002c8 (0x00c0d583) x11 0x00000064 mem 0x80010482
core   0: 0x800002cc (0x00010097) auipc   ra, 0x10
core   0: 3 0x800002cc (0x00010097) x 1 0x800102cc
core   0: 0x800002d0 (0x46208093) addi    ra, ra, 1122
core   0: 3 0x800002d0 (0x46208093) x 1 0x8001072e
core   0: 0x800002d4 (0xfff08f23) sb      t6, -2(ra)
core   0: 3 0x800002d4 (0xfff08f23) mem 0x8001072c 0x64
core   0: 0x800002d8 (0x00fdb233) sltu    tp, s11, a5
core   0: 3 0x800002d8 (0x00fdb233) x 4 0x00000000
core   0: 0x800002dc (0x00808983) lb      s3, 8(ra)
core   0: 3 0x800002dc (0x00808983) x19 0x00000000 mem 0x80010736
core   0: 0x800002e0 (0x0080d983) lhu     s3, 8(ra)
core   0: 3 0x800002e0 (0x0080d983) x19 0x00000000 mem 0x80010736
core   0: 0x800002e4 (0x00808423) sb      s0, 8(ra)
core   0: 3 0x800002e4 (0x00808423) mem 0x80010736 0xf5
core   0: 0x800002e8 (0x00f09423) sh      a5, 8(ra)
core   0: 3 0x800002e8 (0x00f09423) mem 0x80010736 0x0000
core   0: 0x800002ec (0x0080d583) lhu     a1, 8(ra)
core   0: 3 0x800002ec (0x0080d583) x11 0x00000000 mem 0x80010736
core   0: 0x800002f0 (0x0080d283) lhu     t0, 8(ra)
core   0: 3 0x800002f0 (0x0080d283) x 5 0x00000000 mem 0x80010736
core   0: 0x800002f4 (0x00308a03) lb      s4, 3(ra)
core   0: 3 0x800002f4 (0x00308a03) x20 0x00000000 mem 0x80010731
core   0: 0x800002f8 (0x00308703) lb      a4, 3(ra)
core   0: 3 0x800002f8 (0x00308703) x14 0x00000000 mem 0x80010731
core   0: 0x800002fc (0x0030cb83) lbu     s7, 3(ra)
core   0: 3 0x800002fc (0x0030cb83) x23 0x00000000 mem 0x80010731
core   0: 0x80000300 (0x3af0ee93) ori     t4, ra, 943
core   0: 3 0x80000300 (0x3af0ee93) x29 0x800107af
core   0: 0x80000304 (0x0030c683) lbu     a3, 3(ra)
core   0: 3 0x80000304 (0x0030c683) x13 0x00000000 mem 0x80010731
core   0: 0x80000308 (0x0030cb03) lbu     s6, 3(ra)
core   0: 3 0x80000308 (0x0030cb03) x22 0x00000000 mem 0x80010731
core   0: 0x8000030c (0x00e0d803) lhu     a6, 14(ra)
core   0: 3 0x8000030c (0x00e0d803) x16 0x00000000 mem 0x8001073c
core   0: 0x80000310 (0x00c0c303) lbu     t1, 12(ra)
core   0: 3 0x80000310 (0x00c0c303) x 6 0x00000000 mem 0x8001073a
core   0: 0x80000314 (0x01209423) sh      s2, 8(ra)
core   0: 3 0x80000314 (0x01209423) mem 0x80010736 0x0000
core   0: 0x80000318 (0x00011917) auipc   s2, 0x11
core   0: 3 0x80000318 (0x00011917) x18 0x80011318
core   0: 0x8000031c (0xaea90913) addi    s2, s2, -1302
core   0: 3 0x8000031c (0xaea90913) x18 0x80010e02
core   0: 0x80000320 (0x004904a3) sb      tp, 9(s2)
core   0: 3 0x80000320 (0x004904a3) mem 0x80010e0b 0x0
core   0: 0x80000324 (0xffd91c23) sh      t4, -8(s2)
core   0: 3 0x80000324 (0xffd91c23) mem 0x80010dfa 0x07af
core   0: 0x80000328 (0x01a6ce33) xor     t3, a3, s10
core   0: 3 0x80000328 (0x01a6ce33) x28 0x00000000
core   0: 0x8000032c (0x00590f03) lb      t5, 5(s2)
core   0: 3 0x8000032c (0x00590f03) x30 0x00000000 mem 0x80010e07
core   0: 0x80000330 (0x03bc1e33) mulh    t3, s8, s11
core   0: 3 0x80000330 (0x03bc1e33) x28 0x00000000
core   0: 0x80000334 (0x0031edb3) or      s11, gp, gp
core   0: 3 0x80000334 (0x0031edb3) x27 0x00000040
core   0: 0x80000338 (0x019f8533) add     a0, t6, s9
core   0: 3 0x80000338 (0x019f8533) x10 0x00025e64
core   0: 0x8000033c (0x41bc8533) sub     a0, s9, s11
core   0: 3 0x8000033c (0x41bc8533) x10 0x7fffffc0
core   0: 0x80000340 (0x00000013) nop
core   0: 3 0x80000340 (0x00000013)
core   0: 0x80000344 (0xffc90a23) sb      t3, -12(s2)
core   0: 3 0x80000344 (0xffc90a23) mem 0x80010df6 0x0
core   0: 0x80000348 (0x01104cb3) xor     s9, zero, a7
core   0: 3 0x80000348 (0x01104cb3) x25 0x00000221
core   0: 0x8000034c (0xe0b88a93) addi    s5, a7, -501
core   0: 3 0x8000034c (0xe0b88a93) x21 0x0000002c
core   0: 0x80000350 (0x00a90623) sb      a0, 12(s2)
core   0: 3 0x80000350 (0x00a90623) mem 0x80010e0e 0xc0
core   0: 0x80000354 (0xff994e83) lbu     t4, -7(s2)
core   0: 3 0x80000354 (0xff994e83) x29 0x00000007 mem 0x80010dfb
core   0: 0x80000358 (0xe2df0d13) addi    s10, t5, -467
core   0: 3 0x80000358 (0xe2df0d13) x26 0xfffffe2d
core   0: 0x8000035c (0x00790d83) lb      s11, 7(s2)
core   0: 3 0x8000035c (0x00790d83) x27 0x00000000 mem 0x80010e09
core   0: 0x80000360 (0x00000013) nop
core   0: 3 0x80000360 (0x00000013)
core   0: 0x80000364 (0xff695303) lhu     t1, -10(s2)
core   0: 3 0x80000364 (0xff695303) x 6 0x00000000 mem 0x80010df8
core   0: 0x80000368 (0x00390983) lb      s3, 3(s2)
core   0: 3 0x80000368 (0x00390983) x19 0x00000000 mem 0x80010e05
core   0: 0x8000036c (0x031175b3) remu    a1, sp, a7
core   0: 3 0x8000036c (0x031175b3) x11 0x00000210
core   0: 0x80000370 (0xff594b03) lbu     s6, -11(s2)
core   0: 3 0x80000370 (0xff594b03) x22 0x00000000 mem 0x80010df7
core   0: 0x80000374 (0x00590603) lb      a2, 5(s2)
core   0: 3 0x80000374 (0x00590603) x12 0x00000000 mem 0x80010e07
core   0: 0x80000378 (0x5eaeb513) sltiu   a0, t4, 1514
core   0: 3 0x80000378 (0x5eaeb513) x10 0x00000001
core   0: 0x8000037c (0x007b7f33) and     t5, s6, t2
core   0: 3 0x8000037c (0x007b7f33) x30 0x00000000
core   0: 0x80000380 (0xf7c72a13) slti    s4, a4, -132
core   0: 3 0x80000380 (0xf7c72a13) x20 0x00000000
core   0: 0x80000384 (0x00d94603) lbu     a2, 13(s2)
core   0: 3 0x80000384 (0x00d94603) x12 0x00000000 mem 0x80010e0f
core   0: 0x80000388 (0x00492123) sw      tp, 2(s2)
core   0: 3 0x80000388 (0x00492123) mem 0x80010e04 0x00000000
core   0: 0x8000038c (0xbaf53313) sltiu   t1, a0, -1105
core   0: 3 0x8000038c (0xbaf53313) x 6 0x00000001
core   0: 0x80000390 (0x00d94883) lbu     a7, 13(s2)
core   0: 3 0x80000390 (0x00d94883) x17 0x00000000 mem 0x80010e0f
core   0: 0x80000394 (0xa30f2693) slti    a3, t5, -1488
core   0: 3 0x80000394 (0xa30f2693) x13 0x00000000
core   0: 0x80000398 (0x0267f2b3) remu    t0, a5, t1
core   0: 3 0x80000398 (0x0267f2b3) x 5 0x00000000
core   0: 0x8000039c (0x034930b3) mulhu   ra, s2, s4
core   0: 3 0x8000039c (0x034930b3) x 1 0x00000000
core   0: 0x800003a0 (0xffa90083) lb      ra, -6(s2)
core   0: 3 0x800003a0 (0xffa90083) x 1 0x00000000 mem 0x80010dfc
core   0: 0x800003a4 (0x01e1e833) or      a6, gp, t5
core   0: 3 0x800003a4 (0x01e1e833) x16 0x00000040
core   0: 0x800003a8 (0x00a95b03) lhu     s6, 10(s2)
core   0: 3 0x800003a8 (0x00a95b03) x22 0x00000000 mem 0x80010e0c
core   0: 0x800003ac (0x9a19bf13) sltiu   t5, s3, -1631
core   0: 3 0x800003ac (0x9a19bf13) x30 0x00000001
core   0: 0x800003b0 (0x01ae7a33) and     s4, t3, s10
core   0: 3 0x800003b0 (0x01ae7a33) x20 0x00000000
core   0: 0x800003b4 (0x2c2b3b93) sltiu   s7, s6, 706
core   0: 3 0x800003b4 (0x2c2b3b93) x23 0x00000001
core   0: 0x800003b8 (0x03259db3) mulh    s11, a1, s2
core   0: 3 0x800003b8 (0x03259db3) x27 0xfffffef8
core   0: 0x800003bc (0x00000013) nop
core   0: 3 0x800003bc (0x00000013)
core   0: 0x800003c0 (0x00000013) nop
core   0: 3 0x800003c0 (0x00000013)
core   0: 0x800003c4 (0x01490623) sb      s4, 12(s2)
core   0: 3 0x800003c4 (0x01490623) mem 0x80010e0e 0x0
core   0: 0x800003c8 (0x00013997) auipc   s3, 0x13
core   0: 3 0x800003c8 (0x00013997) x19 0x800133c8
core   0: 0x800003cc (0x17a98993) addi    s3, s3, 378
core   0: 3 0x800003cc (0x17a98993) x19 0x80013542
core   0: 0x800003d0 (0x00842033) slt     zero, s0, s0
core   0: 3 0x800003d0 (0x00842033)
core   0: 0x800003d4 (0x00896e33) or      t3, s2, s0
core   0: 3 0x800003d4 (0x00896e33) x28 0xfffffff7
core   0: 0x800003d8 (0x014a7033) and     zero, s4, s4
core   0: 3 0x800003d8 (0x014a7033)
core   0: 0x800003dc (0x0069a903) lw      s2, 6(s3)
core   0: 3 0x800003dc (0x0069a903) x18 0x00000000 mem 0x80013548
core   0: 0x800003e0 (0xff4989a3) sb      s4, -13(s3)
core   0: 3 0x800003e0 (0xff4989a3) mem 0x80013535 0x0
core   0: 0x800003e4 (0x02897a33) remu    s4, s2, s0
core   0: 3 0x800003e4 (0x02897a33) x20 0x00000000
core   0: 0x800003e8 (0x01498da3) sb      s4, 27(s3)
core   0: 3 0x800003e8 (0x01498da3) mem 0x8001355d 0x0
core   0: 0x800003ec (0xfce9ca03) lbu     s4, -50(s3)
core   0: 3 0x800003ec (0xfce9ca03) x20 0x00000000 mem 0x80013510
core   0: 0x800003f0 (0xfd79c403) lbu     s0, -41(s3)
core   0: 3 0x800003f0 (0xfd79c403) x 8 0x00000000 mem 0x80013519
core   0: 0x800003f4 (0x00e9de03) lhu     t3, 14(s3)
core   0: 3 0x800003f4 (0x00e9de03) x28 0x00000000 mem 0x80013550
core   0: 0x800003f8 (0x03c9a123) sw      t3, 34(s3)
core   0: 3 0x800003f8 (0x03c9a123) mem 0x80013564 0x00000000
core   0: 0x800003fc (0xbbde0013) addi    zero, t3, -1091
core   0: 3 0x800003fc (0xbbde0013)
core   0: 0x80000400 (0x01299423) sh      s2, 8(s3)
core   0: 3 0x80000400 (0x01299423) mem 0x8001354a 0x0000
core   0: 0x80000404 (0xff69c003) lbu     zero, -10(s3)
core   0: 3 0x80000404 (0xff69c003) mem 0x80013538
core   0: 0x80000408 (0xfd699403) lh      s0, -42(s3)
core   0: 3 0x80000408 (0xfd699403) x 8 0x00000000 mem 0x80013518
core   0: 0x8000040c (0x01094433) xor     s0, s2, a6
core   0: 3 0x8000040c (0x01094433) x 8 0x00000040
core   0: 0x80000410 (0x01099623) sh      a6, 12(s3)
core   0: 3 0x80000410 (0x01099623) mem 0x8001354e 0x0040
core   0: 0x80000414 (0x8c194e13) xori    t3, s2, -1855
core   0: 3 0x80000414 (0x8c194e13) x28 0xfffff8c1
core   0: 0x80000418 (0x030e5833) divu    a6, t3, a6
core   0: 3 0x80000418 (0x030e5833) x16 0x03ffffe3
core   0: 0x8000041c (0x008a5013) srli    zero, s4, 8
core   0: 3 0x8000041c (0x008a5013)
core   0: 0x80000420 (0x02f9ce03) lbu     t3, 47(s3)
core   0: 3 0x80000420 (0x02f9ce03) x28 0x00000000 mem 0x80013571
core   0: 0x80000424 (0xcfc96413) ori     s0, s2, -772
core   0: 3 0x80000424 (0xcfc96413) x 8 0xfffffcfc
core   0: 0x80000428 (0x06497e13) andi    t3, s2, 100
core   0: 3 0x80000428 (0x06497e13) x28 0x00000000
core   0: 0x8000042c (0x80680913) addi    s2, a6, -2042
core   0: 3 0x8000042c (0x80680913) x18 0x03fff7e9
core   0: 0x80000430 (0x00000013) nop
core   0: 3 0x80000430 (0x00000013)
core   0: 0x80000434 (0x0289d403) lhu     s0, 40(s3)
core   0: 3 0x80000434 (0x0289d403) x 8 0x00000000 mem 0x8001356a
core   0: 0x80000438 (0x0079c003) lbu     zero, 7(s3)
core   0: 3 0x80000438 (0x0079c003) mem 0x80013549
core   0: 0x8000043c (0x40a95e13) srai    t3, s2, 10
core   0: 3 0x8000043c (0x40a95e13) x28 0x0000fffd
core   0: 0x80000440 (0x72be4a13) xori    s4, t3, 1835
core   0: 3 0x80000440 (0x72be4a13) x20 0x0000f8d6
core   0: 0x80000444 (0x01398403) lb      s0, 19(s3)
core   0: 3 0x80000444 (0x01398403) x 8 0x00000000 mem 0x80013555
core   0: 0x80000448 (0x0039c403) lbu     s0, 3(s3)
core   0: 3 0x80000448 (0x0039c403) x 8 0x00000000 mem 0x80013545
core   0: 0x8000044c (0x00398a03) lb      s4, 3(s3)
core   0: 3 0x8000044c (0x00398a03) x20 0x00000000 mem 0x80013545
core   0: 0x80000450 (0x01206933) or      s2, zero, s2
core   0: 3 0x80000450 (0x01206933) x18 0x03fff7e9
core   0: 0x80000454 (0x02098ca3) sb      zero, 57(s3)
core   0: 3 0x80000454 (0x02098ca3) mem 0x8001357b 0x0
core   0: 0x80000458 (0x02e99403) lh      s0, 46(s3)
core   0: 3 0x80000458 (0x02e99403) x 8 0x00000000 mem 0x80013570
core   0: 0x8000045c (0xfe098a03) lb      s4, -32(s3)
core   0: 3 0x8000045c (0xfe098a03) x20 0x00000000 mem 0x80013522
core   0: 0x80000460 (0xfef9c903) lbu     s2, -17(s3)
core   0: 3 0x80000460 (0xfef9c903) x18 0x00000000 mem 0x80013531
core   0: 0x80000464 (0x034e0833) mul     a6, t3, s4
core   0: 3 0x80000464 (0x034e0833) x16 0x00000000
core   0: 0x80000468 (0x00002033) slt     zero, zero, zero
core   0: 3 0x80000468 (0x00002033)
core   0: 0x8000046c (0x02094433) div     s0, s2, zero
core   0: 3 0x8000046c (0x02094433) x 8 0xffffffff
core   0: 0x80000470 (0x010988a3) sb      a6, 17(s3)
core   0: 3 0x80000470 (0x010988a3) mem 0x80013553 0x0
core   0: 0x80000474 (0xfe29ce03) lbu     t3, -30(s3)
core   0: 3 0x80000474 (0xfe29ce03) x28 0x00000000 mem 0x80013524
core   0: 0x80000478 (0x01c42933) slt     s2, s0, t3
core   0: 3 0x80000478 (0x01c42933) x18 0x00000001
core   0: 0x8000047c (0x02099a03) lh      s4, 32(s3)
core   0: 3 0x8000047c (0x02099a03) x20 0x00000000 mem 0x80013562
core   0: 0x80000480 (0x01283033) sltu    zero, a6, s2
core   0: 3 0x80000480 (0x01283033)
core   0: 0x80000484 (0x41440933) sub     s2, s0, s4
core   0: 3 0x80000484 (0x41440933) x18 0xffffffff
core   0: 0x80000488 (0x020e5e33) divu    t3, t3, zero
core   0: 3 0x80000488 (0x020e5e33) x28 0xffffffff
core   0: 0x8000048c (0xc5ba2913) slti    s2, s4, -933
core   0: 3 0x8000048c (0xc5ba2913) x18 0x00000000
core   0: 0x80000490 (0x0239c903) lbu     s2, 35(s3)
core   0: 3 0x80000490 (0x0239c903) x18 0x00000000 mem 0x80013565
core   0: 0x80000494 (0xfc798403) lb      s0, -57(s3)
core   0: 3 0x80000494 (0xfc798403) x 8 0x00000000 mem 0x80013509
core   0: 0x80000498 (0x03c9a123) sw      t3, 34(s3)
core   0: 3 0x80000498 (0x03c9a123) mem 0x80013564 0xffffffff
core   0: 0x8000049c (0xfff98403) lb      s0, -1(s3)
core   0: 3 0x8000049c (0xfff98403) x 8 0x00000000 mem 0x80013541
core   0: 0x800004a0 (0xfe898c23) sb      s0, -8(s3)
core   0: 3 0x800004a0 (0xfe898c23) mem 0x8001353a 0x0
core   0: 0x800004a4 (0x01c000ef) jal     pc + 0x1c
core   0: 3 0x800004a4 (0x01c000ef) x 1 0x800004a8
core   0: 0x800004c0 (0xff1ff2ef) jal     t0, pc - 0x10
core   0: 3 0x800004c0 (0xff1ff2ef) x 5 0x800004c4
core   0: 0x800004b0 (0x00c000ef) jal     pc + 0xc
core   0: 3 0x800004b0 (0x00c000ef) x 1 0x800004b4
core   0: 0x800004bc (0x0080036f) jal     t1, pc + 0x8
core   0: 3 0x800004bc (0x0080036f) x 6 0x800004c0
core   0: 0x800004c4 (0x00800bef) jal     s7, pc + 0x8
core   0: 3 0x800004c4 (0x00800bef) x23 0x800004c8
core   0: 0x800004cc (0x004000ef) jal     pc + 0x4
core   0: 3 0x800004cc (0x004000ef) x 1 0x800004d0
core   0: 0x800004d0 (0xff9ff26f) jal     tp, pc - 0x8
core   0: 3 0x800004d0 (0xff9ff26f) x 4 0x800004d4
core   0: 0x800004c8 (0x01000f6f) jal     t5, pc + 0x10
core   0: 3 0x800004c8 (0x01000f6f) x30 0x800004cc
core   0: 0x800004d8 (0xffdff96f) jal     s2, pc - 0x4
core   0: 3 0x800004d8 (0xffdff96f) x18 0x800004dc
core   0: 0x800004d4 (0x00c000ef) jal     pc + 0xc
core   0: 3 0x800004d4 (0x00c000ef) x 1 0x800004d8
core   0: 0x800004e0 (0xfd5ff66f) jal     a2, pc - 0x2c
core   0: 3 0x800004e0 (0xfd5ff66f) x12 0x800004e4
core   0: 0x800004b4 (0x028001ef) jal     gp, pc + 0x28
core   0: 3 0x800004b4 (0x028001ef) x 3 0x800004b8
core   0: 0x800004dc (0xfd1ff0ef) jal     pc - 0x30
core   0: 3 0x800004dc (0xfd1ff0ef) x 1 0x800004e0
core   0: 0x800004ac (0x00c000ef) jal     pc + 0xc
core   0: 3 0x800004ac (0x00c000ef) x 1 0x800004b0
core   0: 0x800004b8 (0xff1ff36f) jal     t1, pc - 0x10
core   0: 3 0x800004b8 (0xff1ff36f) x 6 0x800004bc
core   0: 0x800004a8 (0x03c000ef) jal     pc + 0x3c
core   0: 3 0x800004a8 (0x03c000ef) x 1 0x800004ac
core   0: 0x800004e4 (0x16172597) auipc   a1, 0x16172
core   0: 3 0x800004e4 (0x16172597) x11 0x961724e4
core   0: 0x800004e8 (0x00a00713) li      a4, 10
core   0: 3 0x800004e8 (0x00a00713) x14 0x0000000a
core   0: 0x800004ec (0xaab33597) auipc   a1, 0xaab33
core   0: 3 0x800004ec (0xaab33597) x11 0x2ab334ec
core   0: 0x800004f0 (0x01200c13) li      s8, 18
core   0: 3 0x800004f0 (0x01200c13) x24 0x00000012
core   0: 0x800004f4 (0x03fee333) rem     t1, t4, t6
core   0: 3 0x800004f4 (0x03fee333) x 6 0x00000007
core   0: 0x800004f8 (0x0015d013) srli    zero, a1, 1
core   0: 3 0x800004f8 (0x0015d013)
core   0: 0x800004fc (0x01c39a93) slli    s5, t2, 28
core   0: 3 0x800004fc (0x01c39a93) x21 0x00000000
core   0: 0x80000500 (0x035285b3) mul     a1, t0, s5
core   0: 3 0x80000500 (0x035285b3) x11 0x00000000
core   0: 0x80000504 (0x038051b3) divu    gp, zero, s8
core   0: 3 0x80000504 (0x038051b3) x 3 0x00000000
core   0: 0x80000508 (0x0285ceb3) div     t4, a1, s0
core   0: 3 0x80000508 (0x0285ceb3) x29 0xffffffff
core   0: 0x8000050c (0x01cd9533) sll     a0, s11, t3
core   0: 3 0x8000050c (0x01cd9533) x10 0x00000000
core   0: 0x80000510 (0x00170713) addi    a4, a4, 1
core   0: 3 0x80000510 (0x00170713) x14 0x0000000b
core   0: 0x80000514 (0x036acd33) div     s10, s5, s6
core   0: 3 0x80000514 (0x036acd33) x26 0xffffffff
core   0: 0x80000518 (0x0259df33) divu    t5, s3, t0
core   0: 3 0x80000518 (0x0259df33) x30 0x00000001
core   0: 0x8000051c (0xff8706e3) beq     a4, s8, pc - 20
core   0: 3 0x8000051c (0xff8706e3)
core   0: 0x80000520 (0x00154eb3) xor     t4, a0, ra
core   0: 3 0x80000520 (0x00154eb3) x29 0x800004ac
core   0: 0x80000524 (0x00010c17) auipc   s8, 0x10
core   0: 3 0x80000524 (0x00010c17) x24 0x80010524
core   0: 0x80000528 (0x04bc0c13) addi    s8, s8, 75
core   0: 3 0x80000528 (0x04bc0c13) x24 0x8001056f
core   0: 0x8000052c (0x03b9f9b3) remu    s3, s3, s11
core   0: 3 0x8000052c (0x03b9f9b3) x19 0x80013542
core   0: 0x80000530 (0x016e46b3) xor     a3, t3, s6
core   0: 3 0x80000530 (0x016e46b3) x13 0xffffffff
core   0: 0x80000534 (0x7dade693) ori     a3, s11, 2010
core   0: 3 0x80000534 (0x7dade693) x13 0xfffffffa
core   0: 0x80000538 (0x01bb66b3) or      a3, s6, s11
core   0: 3 0x80000538 (0x01bb66b3) x13 0xfffffef8
core   0: 0x8000053c (0x002c0e03) lb      t3, 2(s8)
core   0: 3 0x8000053c (0x002c0e03) x28 0x00000000 mem 0x80010571
core   0: 0x80000540 (0xfe2c4983) lbu     s3, -30(s8)
core   0: 3 0x80000540 (0xfe2c4983) x19 0x00000000 mem 0x80010551
core   0: 0x80000544 (0x02ddab33) mulhsu  s6, s11, a3
core   0: 3 0x80000544 (0x02ddab33) x22 0xfffffef8
core   0: 0x80000548 (0x036c13a3) sh      s6, 39(s8)
core   0: 3 0x80000548 (0x036c13a3) mem 0x80010596 0xfef8
core   0: 0x8000054c (0x03b9be33) mulhu   t3, s3, s11
core   0: 3 0x8000054c (0x03b9be33) x28 0x00000000
core   0: 0x80000550 (0x033696b3) mulh    a3, a3, s3
core   0: 3 0x80000550 (0x033696b3) x13 0x00000000
core   0: 0x80000554 (0xc0db2b93) slti    s7, s6, -1011
core   0: 3 0x80000554 (0xc0db2b93) x23 0x00000000
core   0: 0x80000558 (0xfcdc0723) sb      a3, -50(s8)
core   0: 3 0x80000558 (0xfcdc0723) mem 0x8001053d 0x0
core   0: 0x8000055c (0x03fc0b03) lb      s6, 63(s8)
core   0: 3 0x8000055c (0x03fc0b03) x22 0x00000000 mem 0x800105ae
core   0: 0x80000560 (0x01bdfe33) and     t3, s11, s11
core   0: 3 0x80000560 (0x01bdfe33) x28 0xfffffef8
core   0: 0x80000564 (0xfc5c4e03) lbu     t3, -59(s8)
core   0: 3 0x80000564 (0xfc5c4e03) x28 0x00000000 mem 0x80010534
core   0: 0x80000568 (0xfdbc0923) sb      s11, -46(s8)
core   0: 3 0x80000568 (0xfdbc0923) mem 0x80010541 0xf8
core   0: 0x8000056c (0x013b46b3) xor     a3, s6, s3
core   0: 3 0x8000056c (0x013b46b3) x13 0x00000000
core   0: 0x80000570 (0x028c0b03) lb      s6, 40(s8)
core   0: 3 0x80000570 (0x028c0b03) x22 0xfffffffe mem 0x80010597
core   0: 0x80000574 (0xd9cb0b13) addi    s6, s6, -612
core   0: 3 0x80000574 (0xd9cb0b13) x22 0xfffffd9a
core   0: 0x80000578 (0xfc6c0683) lb      a3, -58(s8)
core   0: 3 0x80000578 (0xfc6c0683) x13 0x00000000 mem 0x80010535
core   0: 0x8000057c (0xfedc5683) lhu     a3, -19(s8)
core   0: 3 0x8000057c (0xfedc5683) x13 0x00000000 mem 0x8001055c
core   0: 0x80000580 (0x30edf693) andi    a3, s11, 782
core   0: 3 0x80000580 (0x30edf693) x13 0x00000208
core   0: 0x80000584 (0x0379ebb3) rem     s7, s3, s7
core   0: 3 0x80000584 (0x0379ebb3) x23 0x00000000
core   0: 0x80000588 (0x9dddbe13) sltiu   t3, s11, -1571
core   0: 3 0x80000588 (0x9dddbe13) x28 0x00000000
core   0: 0x8000058c (0x01cdbbb3) sltu    s7, s11, t3
core   0: 3 0x8000058c (0x01cdbbb3) x23 0x00000000
core   0: 0x80000590 (0x01cc0c23) sb      t3, 24(s8)
core   0: 3 0x80000590 (0x01cc0c23) mem 0x80010587 0x0
core   0: 0x80000594 (0x40dbd6b3) sra     a3, s7, a3
core   0: 3 0x80000594 (0x40dbd6b3) x13 0x00000000
core   0: 0x80000598 (0xff6c19a3) sh      s6, -13(s8)
core   0: 3 0x80000598 (0xff6c19a3) mem 0x80010562 0xfd9a
core   0: 0x8000059c (0x03cdce33) div     t3, s11, t3
core   0: 3 0x8000059c (0x03cdce33) x28 0xffffffff
core   0: 0x800005a0 (0xffac4683) lbu     a3, -6(s8)
core   0: 3 0x800005a0 (0xffac4683) x13 0x00000000 mem 0x80010569
core   0: 0x800005a4 (0xff7c0723) sb      s7, -18(s8)
core   0: 3 0x800005a4 (0xff7c0723) mem 0x8001055d 0x0
core   0: 0x800005a8 (0x036b96b3) mulh    a3, s7, s6
core   0: 3 0x800005a8 (0x036b96b3) x13 0x00000000
core   0: 0x800005ac (0x031c0e03) lb      t3, 49(s8)
core   0: 3 0x800005ac (0x031c0e03) x28 0x00000000 mem 0x800105a0
core   0: 0x800005b0 (0xfd0c4683) lbu     a3, -48(s8)
core   0: 3 0x800005b0 (0xfd0c4683) x13 0x00000000 mem 0x8001053f
core   0: 0x800005b4 (0x0149de13) srli    t3, s3, 20
core   0: 3 0x800005b4 (0x0149de13) x28 0x00000000
core   0: 0x800005b8 (0x01c9f9b3) and     s3, s3, t3
core   0: 3 0x800005b8 (0x01c9f9b3) x19 0x00000000
core   0: 0x800005bc (0x01bc0d23) sb      s11, 26(s8)
core   0: 3 0x800005bc (0x01bc0d23) mem 0x80010589 0xf8
core   0: 0x800005c0 (0x00000013) nop
core   0: 3 0x800005c0 (0x00000013)
core   0: 0x800005c4 (0xfd6c4d83) lbu     s11, -42(s8)
core   0: 3 0x800005c4 (0xfd6c4d83) x27 0x00000000 mem 0x80010545
core   0: 0x800005c8 (0xfe5c0e03) lb      t3, -27(s8)
core   0: 3 0x800005c8 (0xfe5c0e03) x28 0x00000000 mem 0x80010554
core   0: 0x800005cc (0x00d9ddb3) srl     s11, s3, a3
core   0: 3 0x800005cc (0x00d9ddb3) x27 0x00000000
core   0: 0x800005d0 (0x01be1e13) slli    t3, t3, 27
core   0: 3 0x800005d0 (0x01be1e13) x28 0x00000000
core   0: 0x800005d4 (0x00b9de13) srli    t3, s3, 11
core   0: 3 0x800005d4 (0x00b9de13) x28 0x00000000
core   0: 0x800005d8 (0x7c4db693) sltiu   a3, s11, 1988
core   0: 3 0x800005d8 (0x7c4db693) x13 0x00000001
core   0: 0x800005dc (0x01eb9993) slli    s3, s7, 30
core   0: 3 0x800005dc (0x01eb9993) x19 0x00000000
core   0: 0x800005e0 (0xfccc0e03) lb      t3, -52(s8)
core   0: 3 0x800005e0 (0xfccc0e03) x28 0x00000000 mem 0x8001053b
core   0: 0x800005e4 (0x00010897) auipc   a7, 0x10
core   0: 3 0x800005e4 (0x00010897) x17 0x800105e4
core   0: 0x800005e8 (0x49288893) addi    a7, a7, 1170
core   0: 3 0x800005e8 (0x49288893) x17 0x80010a76
core   0: 0x800005ec (0x00588f03) lb      t5, 5(a7)
core   0: 3 0x800005ec (0x00588f03) x30 0x00000000 mem 0x80010a7b
core   0: 0x800005f0 (0x00488d03) lb      s10, 4(a7)
core   0: 3 0x800005f0 (0x00488d03) x26 0x00000000 mem 0x80010a7a
core   0: 0x800005f4 (0x00b8cb03) lbu     s6, 11(a7)
core   0: 3 0x800005f4 (0x00b8cb03) x22 0x00000000 mem 0x80010a81
core   0: 0x800005f8 (0xff788183) lb      gp, -9(a7)
core   0: 3 0x800005f8 (0xff788183) x 3 0x00000000 mem 0x80010a6d
core   0: 0x800005fc (0xff788c83) lb      s9, -9(a7)
core   0: 3 0x800005fc (0xff788c83) x25 0x00000000 mem 0x80010a6d
core   0: 0x80000600 (0xff488903) lb      s2, -12(a7)
core   0: 3 0x80000600 (0xff488903) x18 0x00000000 mem 0x80010a6a
core   0: 0x80000604 (0xfe089a23) sh      zero, -12(a7)
core   0: 3 0x80000604 (0xfe089a23) mem 0x80010a6a 0x0000
core   0: 0x80000608 (0x0093aa33) slt     s4, t2, s1
core   0: 3 0x80000608 (0x0093aa33) x20 0x00000000
core   0: 0x8000060c (0xff48d003) lhu     zero, -12(a7)
core   0: 3 0x8000060c (0xff48d003) mem 0x80010a6a
core   0: 0x80000610 (0xfe68a923) sw      t1, -14(a7)
core   0: 3 0x80000610 (0xfe68a923) mem 0x80010a68 0x00000007
core   0: 0x80000614 (0xff289703) lh      a4, -14(a7)
core   0: 3 0x80000614 (0xff289703) x14 0x00000007 mem 0x80010a68
core   0: 0x80000618 (0xff289b03) lh      s6, -14(a7)
core   0: 3 0x80000618 (0xff289b03) x22 0x00000007 mem 0x80010a68
core   0: 0x8000061c (0x00089383) lh      t2, 0(a7)
core   0: 3 0x8000061c (0x00089383) x 7 0x00000000 mem 0x80010a76
core   0: 0x80000620 (0x00b88023) sb      a1, 0(a7)
core   0: 3 0x80000620 (0x00b88023) mem 0x80010a76 0x0
core   0: 0x80000624 (0xcb83ca13) xori    s4, t2, -840
core   0: 3 0x80000624 (0xcb83ca13) x20 0xfffffcb8
core   0: 0x80000628 (0xfff8cc83) lbu     s9, -1(a7)
core   0: 3 0x80000628 (0xfff8cc83) x25 0x00000000 mem 0x80010a75
core   0: 0x8000062c (0x0098c503) lbu     a0, 9(a7)
core   0: 3 0x8000062c (0x0098c503) x10 0x00000000 mem 0x80010a7f
core   0: 0x80000630 (0x0038c683) lbu     a3, 3(a7)
core   0: 3 0x80000630 (0x0038c683) x13 0x00000000 mem 0x80010a79
core   0: 0x80000634 (0xffa8d603) lhu     a2, -6(a7)
core   0: 3 0x80000634 (0xffa8d603) x12 0x00000000 mem 0x80010a70
core   0: 0x80000638 (0xff700c13) li      s8, -9
core   0: 3 0x80000638 (0xff700c13) x24 0xfffffff7
core   0: 0x8000063c (0xff200b13) li      s6, -14
core   0: 3 0x8000063c (0xff200b13) x22 0xfffffff2
core   0: 0x80000640 (0xb04cbd17) auipc   s10, 0xb04cb
core   0: 3 0x80000640 (0xb04cbd17) x26 0x304cb640
core   0: 0x80000644 (0xffcc0c13) addi    s8, s8, -4
core   0: 3 0x80000644 (0xffcc0c13) x24 0xfffffff3
core   0: 0x80000648 (0xff6c5ce3) bge     s8, s6, pc - 8
core   0: 3 0x80000648 (0xff6c5ce3)
core   0: 0x80000640 (0xb04cbd17) auipc   s10, 0xb04cb
core   0: 3 0x80000640 (0xb04cbd17) x26 0x304cb640
core   0: 0x80000644 (0xffcc0c13) addi    s8, s8, -4
core   0: 3 0x80000644 (0xffcc0c13) x24 0xffffffef
core   0: 0x80000648 (0xff6c5ce3) bge     s8, s6, pc - 8
core   0: 3 0x80000648 (0xff6c5ce3)
core   0: 0x8000064c (0x00296633) or      a2, s2, sp
core   0: 3 0x8000064c (0x00296633) x12 0x80000000
core   0: 0x80000650 (0x00010097) auipc   ra, 0x10
core   0: 3 0x80000650 (0x00010097) x 1 0x80010650
core   0: 0x80000654 (0xcba08093) addi    ra, ra, -838
core   0: 3 0x80000654 (0xcba08093) x 1 0x8001030a
core   0: 0x80000658 (0xb7bc6037) lui     zero, 0xb7bc6
core   0: 3 0x80000658 (0xb7bc6037)
core   0: 0x8000065c (0x76508d83) lb      s11, 1893(ra)
core   0: 3 0x8000065c (0x76508d83) x27 0x00000000 mem 0x80010a6f
core   0: 0x80000660 (0x7650c283) lbu     t0, 1893(ra)
core   0: 3 0x80000660 (0x7650c283) x 5 0x00000000 mem 0x80010a6f
core   0: 0x80000664 (0x76a082a3) sb      a0, 1893(ra)
core   0: 3 0x80000664 (0x76a082a3) mem 0x80010a6f 0x0
core   0: 0x80000668 (0x76508283) lb      t0, 1893(ra)
core   0: 3 0x80000668 (0x76508283) x 5 0x00000000 mem 0x80010a6f
core   0: 0x8000066c (0x7650c783) lbu     a5, 1893(ra)
core   0: 3 0x8000066c (0x7650c783) x15 0x00000000 mem 0x80010a6f
core   0: 0x80000670 (0x025afcb3) remu    s9, s5, t0
core   0: 3 0x80000670 (0x025afcb3) x25 0x00000000
core   0: 0x80000674 (0x7650cc83) lbu     s9, 1893(ra)
core   0: 3 0x80000674 (0x7650cc83) x25 0x00000000 mem 0x80010a6f
core   0: 0x80000678 (0x6af7aeb7) lui     t4, 0x6af7a
core   0: 3 0x80000678 (0x6af7aeb7) x29 0x6af7a000
core   0: 0x8000067c (0x773082a3) sb      s3, 1893(ra)
core   0: 3 0x8000067c (0x773082a3) mem 0x80010a6f 0x0
core   0: 0x80000680 (0x7650c183) lbu     gp, 1893(ra)
core   0: 3 0x80000680 (0x7650c183) x 3 0x00000000 mem 0x80010a6f
core   0: 0x80000684 (0xb3173393) sltiu   t2, a4, -1231
core   0: 3 0x80000684 (0xb3173393) x 7 0x00000001
core   0: 0x80000688 (0x7650c983) lbu     s3, 1893(ra)
core   0: 3 0x80000688 (0x7650c983) x19 0x00000000 mem 0x80010a6f
core   0: 0x8000068c (0x77a082a3) sb      s10, 1893(ra)
core   0: 3 0x8000068c (0x77a082a3) mem 0x80010a6f 0x40
core   0: 0x80000690 (0x034f0033) mul     zero, t5, s4
core   0: 3 0x80000690 (0x034f0033)
core   0: 0x80000694 (0x40585a93) srai    s5, a6, 5
core   0: 3 0x80000694 (0x40585a93) x21 0x00000000
core   0: 0x80000698 (0x76c082a3) sb      a2, 1893(ra)
core   0: 3 0x80000698 (0x76c082a3) mem 0x80010a6f 0x0
core   0: 0x8000069c (0x0085dbb3) srl     s7, a1, s0
core   0: 3 0x8000069c (0x0085dbb3) x23 0x00000000
core   0: 0x800006a0 (0x77f082a3) sb      t6, 1893(ra)
core   0: 3 0x800006a0 (0x77f082a3) mem 0x80010a6f 0x64
core   0: 0x800006a4 (0x00012e97) auipc   t4, 0x12
core   0: 3 0x800006a4 (0x00012e97) x29 0x800126a4
core   0: 0x800006a8 (0xc04e8e93) addi    t4, t4, -1020
core   0: 3 0x800006a8 (0xc04e8e93) x29 0x800122a8
core   0: 0x800006ac (0x00000013) nop
core   0: 3 0x800006ac (0x00000013)
core   0: 0x800006b0 (0x0261f333) remu    t1, gp, t1
core   0: 3 0x800006b0 (0x0261f333) x 6 0x00000000
core   0: 0x800006b4 (0x3956f193) andi    gp, a3, 917
core   0: 3 0x800006b4 (0x3956f193) x 3 0x00000000
core   0: 0x800006b8 (0x6a9e8183) lb      gp, 1705(t4)
core   0: 3 0x800006b8 (0x6a9e8183) x 3 0x00000000 mem 0x80012951
core   0: 0x800006bc (0xd83e9d23) sh      gp, -614(t4)
core   0: 3 0x800006bc (0xd83e9d23) mem 0x80012042 0x0000
core   0: 0x800006c0 (0x0066f633) and     a2, a3, t1
core   0: 3 0x800006c0 (0x0066f633) x12 0x00000000
core   0: 0x800006c4 (0x60de8da3) sb      a3, 1563(t4)
core   0: 3 0x800006c4 (0x60de8da3) mem 0x800128c3 0x0
core   0: 0x800006c8 (0x0236d1b3) divu    gp, a3, gp
core   0: 3 0x800006c8 (0x0236d1b3) x 3 0xffffffff
core   0: 0x800006cc (0x49067213) andi    tp, a2, 1168
core   0: 3 0x800006cc (0x49067213) x 4 0x00000000
core   0: 0x800006d0 (0x03b1c6b3) div     a3, gp, s11
core   0: 3 0x800006d0 (0x03b1c6b3) x13 0xffffffff
core   0: 0x800006d4 (0xe46e9623) sh      t1, -436(t4)
core   0: 3 0x800006d4 (0xe46e9623) mem 0x800120f4 0x0000
core   0: 0x800006d8 (0x6f964d93) xori    s11, a2, 1785
core   0: 3 0x800006d8 (0x6f964d93) x27 0x000006f9
core   0: 0x800006dc (0xa7be8b23) sb      s11, -1418(t4)
core   0: 3 0x800006dc (0xa7be8b23) mem 0x80011d1e 0xf9
core   0: 0x800006e0 (0x3a1ec603) lbu     a2, 929(t4)
core   0: 3 0x800006e0 (0x3a1ec603) x12 0x00000000 mem 0x80012649
core   0: 0x800006e4 (0x2ede9d23) sh      a3, 762(t4)
core   0: 3 0x800006e4 (0x2ede9d23) mem 0x800125a2 0xffff
core   0: 0x800006e8 (0x60ce9f23) sh      a2, 1566(t4)
core   0: 3 0x800006e8 (0x60ce9f23) mem 0x800128c6 0x0000
core   0: 0x800006ec (0xe86e8fa3) sb      t1, -353(t4)
core   0: 3 0x800006ec (0xe86e8fa3) mem 0x80012147 0x0
core   0: 0x800006f0 (0x5e4e8523) sb      tp, 1514(t4)
core   0: 3 0x800006f0 (0x5e4e8523) mem 0x80012892 0x0
core   0: 0x800006f4 (0x6fcbbd97) auipc   s11, 0x6fcbb
core   0: 3 0x800006f4 (0x6fcbbd97) x27 0xefcbb6f4
core   0: 0x800006f8 (0x004db333) sltu    t1, s11, tp
core   0: 3 0x800006f8 (0x004db333) x 6 0x00000000
core   0: 0x800006fc (0x00661313) slli    t1, a2, 6
core   0: 3 0x800006fc (0x00661313) x 6 0x00000000
core   0: 0x80000700 (0x024271b3) remu    gp, tp, tp
core   0: 3 0x80000700 (0x024271b3) x 3 0x00000000
core   0: 0x80000704 (0xed8e9683) lh      a3, -296(t4)
core   0: 3 0x80000704 (0xed8e9683) x13 0x00000000 mem 0x80012180
core   0: 0x80000708 (0x17fec683) lbu     a3, 383(t4)
core   0: 3 0x80000708 (0x17fec683) x13 0x00000000 mem 0x80012427
core   0: 0x8000070c (0x40368333) sub     t1, a3, gp
core   0: 3 0x8000070c (0x40368333) x 6 0x00000000
core   0: 0x80000710 (0x41e6d193) srai    gp, a3, 30
core   0: 3 0x80000710 (0x41e6d193) x 3 0x00000000
core   0: 0x80000714 (0x00367db3) and     s11, a2, gp
core   0: 3 0x80000714 (0x00367db3) x27 0x00000000
core   0: 0x80000718 (0x02d25333) divu    t1, tp, a3
core   0: 3 0x80000718 (0x02d25333) x 6 0xffffffff
core   0: 0x8000071c (0x4fbe86a3) sb      s11, 1261(t4)
core   0: 3 0x8000071c (0x4fbe86a3) mem 0x80012795 0x0
core   0: 0x80000720 (0x82aed183) lhu     gp, -2006(t4)
core   0: 3 0x80000720 (0x82aed183) x 3 0x00000000 mem 0x80011ad2
core   0: 0x80000724 (0x0061ddb3) srl     s11, gp, t1
core   0: 3 0x80000724 (0x0061ddb3) x27 0x00000000
core   0: 0x80000728 (0x02418233) mul     tp, gp, tp
core   0: 3 0x80000728 (0x02418233) x 4 0x00000000
core   0: 0x8000072c (0x023db1b3) mulhu   gp, s11, gp
core   0: 3 0x8000072c (0x023db1b3) x 3 0x00000000
core   0: 0x80000730 (0x40335db3) sra     s11, t1, gp
core   0: 3 0x80000730 (0x40335db3) x27 0xffffffff
core   0: 0x80000734 (0x62cea303) lw      t1, 1580(t4)
core   0: 3 0x80000734 (0x62cea303) x 6 0x00000000 mem 0x800128d4
core   0: 0x80000738 (0xdb7ec683) lbu     a3, -585(t4)
core   0: 3 0x80000738 (0xdb7ec683) x13 0x00000000 mem 0x8001205f
core   0: 0x8000073c (0x00014817) auipc   a6, 0x14
core   0: 3 0x8000073c (0x00014817) x16 0x8001473c
core   0: 0x80000740 (0xb7a80813) addi    a6, a6, -1158
core   0: 3 0x80000740 (0xb7a80813) x16 0x800142b6
core   0: 0x80000744 (0x0070b433) sltu    s0, ra, t2
core   0: 3 0x80000744 (0x0070b433) x 8 0x00000000
core   0: 0x80000748 (0x0353d3b3) divu    t2, t2, s5
core   0: 3 0x80000748 (0x0353d3b3) x 7 0xffffffff
core   0: 0x8000074c (0x017400b3) add     ra, s0, s7
core   0: 3 0x8000074c (0x017400b3) x 1 0x00000000
core   0: 0x80000750 (0x417080b3) sub     ra, ra, s7
core   0: 3 0x80000750 (0x417080b3) x 1 0x00000000
core   0: 0x80000754 (0x02d420b3) mulhsu  ra, s0, a3
core   0: 3 0x80000754 (0x02d420b3) x 1 0x00000000
core   0: 0x80000758 (0x0150e433) or      s0, ra, s5
core   0: 3 0x80000758 (0x0150e433) x 8 0x00000000
core   0: 0x8000075c (0x00782123) sw      t2, 2(a6)
core   0: 3 0x8000075c (0x00782123) mem 0x800142b8 0xffffffff
core   0: 0x80000760 (0x03741bb3) mulh    s7, s0, s7
core   0: 3 0x80000760 (0x03741bb3) x23 0x00000000
core   0: 0x80000764 (0xfd080a83) lb      s5, -48(a6)
core   0: 3 0x80000764 (0xfd080a83) x21 0x00000000 mem 0x80014286
core   0: 0x80000768 (0xae4b8693) addi    a3, s7, -1308
core   0: 3 0x80000768 (0xae4b8693) x13 0xfffffae4
core   0: 0x8000076c (0x001440b3) xor     ra, s0, ra
core   0: 3 0x8000076c (0x001440b3) x 1 0x00000000
core   0: 0x80000770 (0x0a984083) lbu     ra, 169(a6)
core   0: 3 0x80000770 (0x0a984083) x 1 0x00000000 mem 0x8001435f
core   0: 0x80000774 (0x0073f0b3) and     ra, t2, t2
core   0: 3 0x80000774 (0x0073f0b3) x 1 0xffffffff
core   0: 0x80000778 (0x41d45b93) srai    s7, s0, 29
core   0: 3 0x80000778 (0x41d45b93) x23 0x00000000
core   0: 0x8000077c (0xf5584083) lbu     ra, -171(a6)
core   0: 3 0x8000077c (0xf5584083) x 1 0x00000000 mem 0x8001420b
core   0: 0x80000780 (0x06d81b23) sh      a3, 118(a6)
core   0: 3 0x80000780 (0x06d81b23) mem 0x8001432c 0xfae4
core   0: 0x80000784 (0x007abab3) sltu    s5, s5, t2
core   0: 3 0x80000784 (0x007abab3) x21 0x00000001
core   0: 0x80000788 (0x02844bb3) div     s7, s0, s0
core   0: 3 0x80000788 (0x02844bb3) x23 0xffffffff
core   0: 0x8000078c (0xf2280b83) lb      s7, -222(a6)
core   0: 3 0x8000078c (0xf2280b83) x23 0x00000000 mem 0x800141d8
core   0: 0x80000790 (0x0bf80383) lb      t2, 191(a6)
core   0: 3 0x80000790 (0x0bf80383) x 7 0x00000000 mem 0x80014375
core   0: 0x80000794 (0x01744bb3) xor     s7, s0, s7
core   0: 3 0x80000794 (0x01744bb3) x23 0x00000000
core   0: 0x80000798 (0x0db80403) lb      s0, 219(a6)
core   0: 3 0x80000798 (0x0db80403) x 8 0x00000000 mem 0x80014391
core   0: 0x8000079c (0x004ad393) srli    t2, s5, 4
core   0: 3 0x8000079c (0x004ad393) x 7 0x00000000
core   0: 0x800007a0 (0x00000013) nop
core   0: 3 0x800007a0 (0x00000013)
core   0: 0x800007a4 (0xff36ba93) sltiu   s5, a3, -13
core   0: 3 0x800007a4 (0xff36ba93) x21 0x00000001
core   0: 0x800007a8 (0x01c6da93) srli    s5, a3, 28
core   0: 3 0x800007a8 (0x01c6da93) x21 0x0000000f
core   0: 0x800007ac (0x0150fab3) and     s5, ra, s5
core   0: 3 0x800007ac (0x0150fab3) x21 0x00000000
core   0: 0x800007b0 (0x00dac0b3) xor     ra, s5, a3
core   0: 3 0x800007b0 (0x00dac0b3) x 1 0xfffffae4
core   0: 0x800007b4 (0x40740433) sub     s0, s0, t2
core   0: 3 0x800007b4 (0x40740433) x 8 0x00000000
core   0: 0x800007b8 (0x0ff80383) lb      t2, 255(a6)
core   0: 3 0x800007b8 (0x0ff80383) x 7 0x00000000 mem 0x800143b5
core   0: 0x800007bc (0x0353d6b3) divu    a3, t2, s5
core   0: 3 0x800007bc (0x0353d6b3) x13 0xffffffff
core   0: 0x800007c0 (0x00842433) slt     s0, s0, s0
core   0: 3 0x800007c0 (0x00842433) x 8 0x00000000
core   0: 0x800007c4 (0x40345b93) srai    s7, s0, 3
core   0: 3 0x800007c4 (0x40345b93) x23 0x00000000
core   0: 0x800007c8 (0x03582f23) sw      s5, 62(a6)
core   0: 3 0x800007c8 (0x03582f23) mem 0x800142f4 0x00000000
core   0: 0x800007cc (0x0001dd17) auipc   s10, 0x1d
core   0: 3 0x800007cc (0x0001dd17) x26 0x8001d7cc
core   0: 0x800007d0 (0x27ad0d13) addi    s10, s10, 634
core   0: 3 0x800007d0 (0x27ad0d13) x26 0x8001da46
core   0: 0x800007d4 (0x024236b3) mulhu   a3, tp, tp
core   0: 3 0x800007d4 (0x024236b3) x13 0x00000000
core   0: 0x800007d8 (0x01402f33) slt     t5, zero, s4
core   0: 3 0x800007d8 (0x01402f33) x30 0x00000000
core   0: 0x800007dc (0xf51d0ba3) sb      a7, -169(s10)
core   0: 3 0x800007dc (0xf51d0ba3) mem 0x8001d99d 0x76
core   0: 0x800007e0 (0xf40d1003) lh      zero, -192(s10)
core   0: 3 0x800007e0 (0xf40d1003) mem 0x8001d986
core   0: 0x800007e4 (0x00000013) nop
core   0: 3 0x800007e4 (0x00000013)
core   0: 0x800007e8 (0x03d849b3) div     s3, a6, t4
core   0: 3 0x800007e8 (0x03d849b3) x19 0x00000000
core   0: 0x800007ec (0x038b25b3) mulhsu  a1, s6, s8
core   0: 3 0x800007ec (0x038b25b3) x11 0xfffffff2
core   0: 0x800007f0 (0xf39d2523) sw      s9, -214(s10)
core   0: 3 0x800007f0 (0xf39d2523) mem 0x8001d970 0x00000000
core   0: 0x800007f4 (0x00bd0c03) lb      s8, 11(s10)
core   0: 3 0x800007f4 (0x00bd0c03) x24 0x00000000 mem 0x8001da51
core   0: 0x800007f8 (0xc0644893) xori    a7, s0, -1018
core   0: 3 0x800007f8 (0xc0644893) x17 0xfffffc06
core   0: 0x800007fc (0x4df97613) andi    a2, s2, 1247
core   0: 3 0x800007fc (0x4df97613) x12 0x00000000
core   0: 0x80000800 (0x7387aa13) slti    s4, a5, 1848
core   0: 3 0x80000800 (0x7387aa13) x20 0x00000001
core   0: 0x80000804 (0xfbdd0903) lb      s2, -67(s10)
core   0: 3 0x80000804 (0xfbdd0903) x18 0x00000000 mem 0x8001da03
core   0: 0x80000808 (0x02ad5903) lhu     s2, 42(s10)
core   0: 3 0x80000808 (0x02ad5903) x18 0x00000000 mem 0x8001da70
core   0: 0x8000080c (0xf45d4283) lbu     t0, -187(s10)
core   0: 3 0x8000080c (0xf45d4283) x 5 0x00000000 mem 0x8001d98b
core   0: 0x80000810 (0x024a5ab3) divu    s5, s4, tp
core   0: 3 0x80000810 (0x024a5ab3) x21 0xffffffff
core   0: 0x80000814 (0x01cd0823) sb      t3, 16(s10)
core   0: 3 0x80000814 (0x01cd0823) mem 0x8001da56 0x0
core   0: 0x80000818 (0xaaad2193) slti    gp, s10, -1366
core   0: 3 0x80000818 (0xaaad2193) x 3 0x00000001
core   0: 0x8000081c (0x0287b0b3) mulhu   ra, a5, s0
core   0: 3 0x8000081c (0x0287b0b3) x 1 0x00000000
core   0: 0x80000820 (0x085d4b83) lbu     s7, 133(s10)
core   0: 3 0x80000820 (0x085d4b83) x23 0x00000000 mem 0x8001dacb
core   0: 0x80000824 (0x00af1533) sll     a0, t5, a0
core   0: 3 0x80000824 (0x00af1533) x10 0x00000000
core   0: 0x80000828 (0x03ad22b3) mulhsu  t0, s10, s10
core   0: 3 0x80000828 (0x03ad22b3) x 5 0xc0000003
core   0: 0x8000082c (0x01ed5a83) lhu     s5, 30(s10)
core   0: 3 0x8000082c (0x01ed5a83) x21 0x00000000 mem 0x8001da64
core   0: 0x80000830 (0x00000013) nop
core   0: 3 0x80000830 (0x00000013)
core   0: 0x80000834 (0xd9d80197) auipc   gp, 0xd9d80
core   0: 3 0x80000834 (0xd9d80197) x 3 0x59d80834
core   0: 0x80000838 (0x4b876913) ori     s2, a4, 1208
core   0: 3 0x80000838 (0x4b876913) x18 0x000004bf
core   0: 0x8000083c (0xb1c1e793) ori     a5, gp, -1252
core   0: 3 0x8000083c (0xb1c1e793) x15 0xfffffb3c
core   0: 0x80000840 (0x033d0183) lb      gp, 51(s10)
core   0: 3 0x80000840 (0x033d0183) x 3 0x00000000 mem 0x8001da79
core   0: 0x80000844 (0x6cb97b93) andi    s7, s2, 1739
core   0: 3 0x80000844 (0x6cb97b93) x23 0x0000048b
core   0: 0x80000848 (0xf5cd5f03) lhu     t5, -164(s10)
core   0: 3 0x80000848 (0xf5cd5f03) x30 0x00000000 mem 0x8001d9a2
core   0: 0x8000084c (0x02412a33) mulhsu  s4, sp, tp
core   0: 3 0x8000084c (0x02412a33) x20 0x00000000
core   0: 0x80000850 (0xf2cd0403) lb      s0, -212(s10)
core   0: 3 0x80000850 (0xf2cd0403) x 8 0x00000000 mem 0x8001d972
core   0: 0x80000854 (0x03ef0f33) mul     t5, t5, t5
core   0: 3 0x80000854 (0x03ef0f33) x30 0x00000000
core   0: 0x80000858 (0x0245fa33) remu    s4, a1, tp
core   0: 3 0x80000858 (0x0245fa33) x20 0xfffffff2
core   0: 0x8000085c (0x00000013) nop
core   0: 3 0x8000085c (0x00000013)
core   0: 0x80000860 (0x01e12433) slt     s0, sp, t5
core   0: 3 0x80000860 (0x01e12433) x 8 0x00000001
core   0: 0x80000864 (0xf77d0703) lb      a4, -137(s10)
core   0: 3 0x80000864 (0xf77d0703) x14 0x00000000 mem 0x8001d9bd
core   0: 0x80000868 (0x029ebb33) mulhu   s6, t4, s1
core   0: 3 0x80000868 (0x029ebb33) x22 0x4001dfc8
core   0: 0x8000086c (0xda2da513) slti    a0, s11, -606
core   0: 3 0x8000086c (0xda2da513) x10 0x00000000
core   0: 0x80000870 (0x051d0ea3) sb      a7, 93(s10)
core   0: 3 0x80000870 (0x051d0ea3) mem 0x8001daa3 0x6
core   0: 0x80000874 (0xfe5d2f23) sw      t0, -2(s10)
core   0: 3 0x80000874 (0xfe5d2f23) mem 0x8001da44 0xc0000003
core   0: 0x80000878 (0xf3ad4803) lbu     a6, -198(s10)
core   0: 3 0x80000878 (0xf3ad4803) x16 0x00000000 mem 0x8001d980
core   0: 0x8000087c (0x034d1183) lh      gp, 52(s10)
core   0: 3 0x8000087c (0x034d1183) x 3 0x00000000 mem 0x8001da7a
core   0: 0x80000880 (0x0b390c93) addi    s9, s2, 179
core   0: 3 0x80000880 (0x0b390c93) x25 0x00000572
core   0: 0x80000884 (0x09628f17) auipc   t5, 0x9628
core   0: 3 0x80000884 (0x09628f17) x30 0x89628884
core   0: 0x80000888 (0x017315b3) sll     a1, t1, s7
core   0: 3 0x80000888 (0x017315b3) x11 0x00000000
core   0: 0x8000088c (0xfd2d00a3) sb      s2, -63(s10)
core   0: 3 0x8000088c (0xfd2d00a3) mem 0x8001da07 0xbf
core   0: 0x80000890 (0x09fd0583) lb      a1, 159(s10)
core   0: 3 0x80000890 (0x09fd0583) x11 0x00000000 mem 0x8001dae5
core   0: 0x80000894 (0x090d1303) lh      t1, 144(s10)
core   0: 3 0x80000894 (0x090d1303) x 6 0x00000000 mem 0x8001dad6
core   0: 0x80000898 (0x00a00813) li      a6, 10
core   0: 3 0x80000898 (0x00a00813) x16 0x0000000a
core   0: 0x8000089c (0x006d02b3) add     t0, s10, t1
core   0: 3 0x8000089c (0x006d02b3) x 5 0x8001da46
core   0: 0x800008a0 (0xffa00d93) li      s11, -6
core   0: 3 0x800008a0 (0xffa00d93) x27 0xfffffffa
core   0: 0x800008a4 (0x9ea7b013) sltiu   zero, a5, -1558
core   0: 3 0x800008a4 (0x9ea7b013)
core   0: 0x800008a8 (0x40cdd633) sra     a2, s11, a2
core   0: 3 0x800008a8 (0x40cdd633) x12 0xfffffffa
core   0: 0x800008ac (0xb546bd13) sltiu   s10, a3, -1196
core   0: 3 0x800008ac (0xb546bd13) x26 0x00000001
core   0: 0x800008b0 (0x4e5aed13) ori     s10, s5, 1253
core   0: 3 0x800008b0 (0x4e5aed13) x26 0x000004e5
core   0: 0x800008b4 (0x0233d797) auipc   a5, 0x233d
core   0: 3 0x800008b4 (0x0233d797) x15 0x8233d8b4
core   0: 0x800008b8 (0x01cf1993) slli    s3, t5, 28
core   0: 3 0x800008b8 (0x01cf1993) x19 0x40000000
core   0: 0x800008bc (0x015a5533) srl     a0, s4, s5
core   0: 3 0x800008bc (0x015a5533) x10 0xfffffff2
core   0: 0x800008c0 (0xff880813) addi    a6, a6, -8
core   0: 3 0x800008c0 (0xff880813) x16 0x00000002
core   0: 0x800008c4 (0xffb818e3) bne     a6, s11, pc - 16
core   0: 3 0x800008c4 (0xffb818e3)
core   0: 0x800008b4 (0x0233d797) auipc   a5, 0x233d
core   0: 3 0x800008b4 (0x0233d797) x15 0x8233d8b4
core   0: 0x800008b8 (0x01cf1993) slli    s3, t5, 28
core   0: 3 0x800008b8 (0x01cf1993) x19 0x40000000
core   0: 0x800008bc (0x015a5533) srl     a0, s4, s5
core   0: 3 0x800008bc (0x015a5533) x10 0xfffffff2
core   0: 0x800008c0 (0xff880813) addi    a6, a6, -8
core   0: 3 0x800008c0 (0xff880813) x16 0xfffffffa
core   0: 0x800008c4 (0xffb818e3) bne     a6, s11, pc - 16
core   0: 3 0x800008c4 (0xffb818e3)
core   0: 0x800008c8 (0x00478633) add     a2, a5, tp
core   0: 3 0x800008c8 (0x00478633) x12 0x8233d8b4
core   0: 0x800008cc (0x00016a97) auipc   s5, 0x16
core   0: 3 0x800008cc (0x00016a97) x21 0x800168cc
core   0: 0x800008d0 (0x2a6a8a93) addi    s5, s5, 678
core   0: 3 0x800008d0 (0x2a6a8a93) x21 0x80016b72
core   0: 0x800008d4 (0xff0a9c23) sh      a6, -8(s5)
core   0: 3 0x800008d4 (0xff0a9c23) mem 0x80016b6a 0xfffa
core   0: 0x800008d8 (0xff8a8183) lb      gp, -8(s5)
core   0: 3 0x800008d8 (0xff8a8183) x 3 0xfffffffa mem 0x80016b6a
core   0: 0x800008dc (0x011a80a3) sb      a7, 1(s5)
core   0: 3 0x800008dc (0x011a80a3) mem 0x80016b73 0x6
core   0: 0x800008e0 (0x00ea80a3) sb      a4, 1(s5)
core   0: 3 0x800008e0 (0x00ea80a3) mem 0x80016b73 0x0
core   0: 0x800008e4 (0x0588a297) auipc   t0, 0x588a
core   0: 3 0x800008e4 (0x0588a297) x 5 0x8588a8e4
core   0: 0x800008e8 (0x001a80a3) sb      ra, 1(s5)
core   0: 3 0x800008e8 (0x001a80a3) mem 0x80016b73 0x0
core   0: 0x800008ec (0x000a9a03) lh      s4, 0(s5)
core   0: 3 0x800008ec (0x000a9a03) x20 0x00000000 mem 0x80016b72
core   0: 0x800008f0 (0x019a8023) sb      s9, 0(s5)
core   0: 3 0x800008f0 (0x019a8023) mem 0x80016b72 0x72
core   0: 0x800008f4 (0x018a9023) sh      s8, 0(s5)
core   0: 3 0x800008f4 (0x018a9023) mem 0x80016b72 0x0000
core   0: 0x800008f8 (0x01f0d633) srl     a2, ra, t6
core   0: 3 0x800008f8 (0x01f0d633) x12 0x00000000
core   0: 0x800008fc (0x007a9023) sh      t2, 0(s5)
core   0: 3 0x800008fc (0x007a9023) mem 0x80016b72 0x0000
core   0: 0x80000900 (0x000ac003) lbu     zero, 0(s5)
core   0: 3 0x80000900 (0x000ac003) mem 0x80016b72
core   0: 0x80000904 (0x018a9023) sh      s8, 0(s5)
core   0: 3 0x80000904 (0x018a9023) mem 0x80016b72 0x0000
core   0: 0x80000908 (0x000a9303) lh      t1, 0(s5)
core   0: 3 0x80000908 (0x000a9303) x 6 0x00000000 mem 0x80016b72
core   0: 0x8000090c (0x000a8783) lb      a5, 0(s5)
core   0: 3 0x8000090c (0x000a8783) x15 0x00000000 mem 0x80016b72
core   0: 0x80000910 (0x000a9c03) lh      s8, 0(s5)
core   0: 3 0x80000910 (0x000a9c03) x24 0x00000000 mem 0x80016b72
core   0: 0x80000914 (0x016d1d93) slli    s11, s10, 22
core   0: 3 0x80000914 (0x016d1d93) x27 0x39400000
core   0: 0x80000918 (0x000a9403) lh      s0, 0(s5)
core   0: 3 0x80000918 (0x000a9403) x 8 0x00000000 mem 0x80016b72
core   0: 0x8000091c (0x01aa8023) sb      s10, 0(s5)
core   0: 3 0x8000091c (0x01aa8023) mem 0x80016b72 0xe5
core   0: 0x80000920 (0xbd528293) addi    t0, t0, -1067
core   0: 3 0x80000920 (0xbd528293) x 5 0x8588a4b9
core   0: 0x80000924 (0x019a9023) sh      s9, 0(s5)
core   0: 3 0x80000924 (0x019a9023) mem 0x80016b72 0x0572
core   0: 0x80000928 (0x000ac183) lbu     gp, 0(s5)
core   0: 3 0x80000928 (0x000ac183) x 3 0x00000072 mem 0x80016b72
core   0: 0x8000092c (0x000acb03) lbu     s6, 0(s5)
core   0: 3 0x8000092c (0x000acb03) x22 0x00000072 mem 0x80016b72
core   0: 0x80000930 (0x016a8023) sb      s6, 0(s5)
core   0: 3 0x80000930 (0x016a8023) mem 0x80016b72 0x72
core   0: 0x80000934 (0x0001ab97) auipc   s7, 0x1a
core   0: 3 0x80000934 (0x0001ab97) x23 0x8001a934
core   0: 0x80000938 (0xbc2b8b93) addi    s7, s7, -1086
core   0: 3 0x80000938 (0xbc2b8b93) x23 0x8001a4f6
core   0: 0x8000093c (0x039b8883) lb      a7, 57(s7)
core   0: 3 0x8000093c (0x039b8883) x17 0x00000000 mem 0x8001a52f
core   0: 0x80000940 (0x032b8ca3) sb      s2, 57(s7)
core   0: 3 0x80000940 (0x032b8ca3) mem 0x8001a52f 0xbf
core   0: 0x80000944 (0x003a7e33) and     t3, s4, gp
core   0: 3 0x80000944 (0x003a7e33) x28 0x00000000
core   0: 0x80000948 (0x039bc183) lbu     gp, 57(s7)
core   0: 3 0x80000948 (0x039bc183) x 3 0x000000bf mem 0x8001a52f
core   0: 0x8000094c (0x00376a33) or      s4, a4, gp
core   0: 3 0x8000094c (0x00376a33) x20 0x000000bf
core   0: 0x80000950 (0x03cb8ca3) sb      t3, 57(s7)
core   0: 3 0x80000950 (0x03cb8ca3) mem 0x8001a52f 0x0
core   0: 0x80000954 (0xf7eb8f03) lb      t5, -130(s7)
core   0: 3 0x80000954 (0xf7eb8f03) x30 0x00000000 mem 0x8001a474
core   0: 0x80000958 (0xf7eb8a03) lb      s4, -130(s7)
core   0: 3 0x80000958 (0xf7eb8a03) x20 0x00000000 mem 0x8001a474
core   0: 0x8000095c (0xf7eb8b03) lb      s6, -130(s7)
core   0: 3 0x8000095c (0xf7eb8b03) x22 0x00000000 mem 0x8001a474
core   0: 0x80000960 (0xf77baf23) sw      s7, -130(s7)
core   0: 3 0x80000960 (0xf77baf23) mem 0x8001a474 0x8001a4f6
core   0: 0x80000964 (0xf72baf23) sw      s2, -130(s7)
core   0: 3 0x80000964 (0xf72baf23) mem 0x8001a474 0x000004bf
core   0: 0x80000968 (0xf78b8f23) sb      s8, -130(s7)
core   0: 3 0x80000968 (0xf78b8f23) mem 0x8001a474 0x0
core   0: 0x8000096c (0xf7ebdd83) lhu     s11, -130(s7)
core   0: 3 0x8000096c (0xf7ebdd83) x27 0x00000400 mem 0x8001a474
core   0: 0x80000970 (0x41c65b33) sra     s6, a2, t3
core   0: 3 0x80000970 (0x41c65b33) x22 0x00000000
core   0: 0x80000974 (0x023379b3) remu    s3, t1, gp
core   0: 3 0x80000974 (0x023379b3) x19 0x00000000
core   0: 0x80000978 (0xf77baf23) sw      s7, -130(s7)
core   0: 3 0x80000978 (0xf77baf23) mem 0x8001a474 0x8001a4f6
core   0: 0x8000097c (0xf56bd803) lhu     a6, -170(s7)
core   0: 3 0x8000097c (0xf56bd803) x16 0x00000000 mem 0x8001a44c
core   0: 0x80000980 (0xf59bab23) sw      s9, -170(s7)
core   0: 3 0x80000980 (0xf59bab23) mem 0x8001a44c 0x00000572
core   0: 0x80000984 (0x002d4833) xor     a6, s10, sp
core   0: 3 0x80000984 (0x002d4833) x16 0x800004e5
core   0: 0x80000988 (0xf5bbab23) sw      s11, -170(s7)
core   0: 3 0x80000988 (0xf5bbab23) mem 0x8001a44c 0x00000400
core   0: 0x8000098c (0x002b8da3) sb      sp, 27(s7)
core   0: 3 0x8000098c (0x002b8da3) mem 0x8001a511 0x0
core   0: 0x80000990 (0x00bb8da3) sb      a1, 27(s7)
core   0: 3 0x80000990 (0x00bb8da3) mem 0x8001a511 0x0
core   0: 0x80000994 (0xfebb8383) lb      t2, -21(s7)
core   0: 3 0x80000994 (0xfebb8383) x 7 0x00000000 mem 0x8001a4e1
core   0: 0x80000998 (0x00010717) auipc   a4, 0x10
core   0: 3 0x80000998 (0x00010717) x14 0x80010998
core   0: 0x8000099c (0x1b570713) addi    a4, a4, 437
core   0: 3 0x8000099c (0x1b570713) x14 0x80010b4d
core   0: 0x800009a0 (0xe555bb93) sltiu   s7, a1, -427
core   0: 3 0x800009a0 (0xe555bb93) x23 0x00000001
core   0: 0x800009a4 (0x037bcbb3) div     s7, s7, s7
core   0: 3 0x800009a4 (0x037bcbb3) x23 0x00000001
core   0: 0x800009a8 (0x00000013) nop
core   0: 3 0x800009a8 (0x00000013)
core   0: 0x800009ac (0xfee74f03) lbu     t5, -18(a4)
core   0: 3 0x800009ac (0xfee74f03) x30 0x00000000 mem 0x80010b3b
core   0: 0x800009b0 (0x02abd533) divu    a0, s7, a0
core   0: 3 0x800009b0 (0x02abd533) x10 0x00000000
core   0: 0x800009b4 (0xfd474b83) lbu     s7, -44(a4)
core   0: 3 0x800009b4 (0xfd474b83) x23 0x00000000 mem 0x80010b21
core   0: 0x800009b8 (0x037718a3) sh      s7, 49(a4)
core   0: 3 0x800009b8 (0x037718a3) mem 0x80010b7e 0x0000
core   0: 0x800009bc (0x68578513) addi    a0, a5, 1669
core   0: 3 0x800009bc (0x68578513) x10 0x00000685
core   0: 0x800009c0 (0x037f7bb3) remu    s7, t5, s7
core   0: 3 0x800009c0 (0x037f7bb3) x23 0x00000000
core   0: 0x800009c4 (0x00870323) sb      s0, 6(a4)
core   0: 3 0x800009c4 (0x00870323) mem 0x80010b53 0x0
core   0: 0x800009c8 (0x00bf2f33) slt     t5, t5, a1
core   0: 3 0x800009c8 (0x00bf2f33) x30 0x00000000
core   0: 0x800009cc (0x02b71b83) lh      s7, 43(a4)
core   0: 3 0x800009cc (0x02b71b83) x23 0x00000000 mem 0x80010b78
core   0: 0x800009d0 (0xfd274583) lbu     a1, -46(a4)
core   0: 3 0x800009d0 (0xfd274583) x11 0x00000000 mem 0x80010b1f
core   0: 0x800009d4 (0x01df1b93) slli    s7, t5, 29
core   0: 3 0x800009d4 (0x01df1b93) x23 0x00000000
core   0: 0x800009d8 (0x00000013) nop
core   0: 3 0x800009d8 (0x00000013)
core   0: 0x800009dc (0x028f5bb3) divu    s7, t5, s0
core   0: 3 0x800009dc (0x028f5bb3) x23 0xffffffff
core   0: 0x800009e0 (0xc8040b93) addi    s7, s0, -896
core   0: 3 0x800009e0 (0xc8040b93) x23 0xfffffc80
core   0: 0x800009e4 (0xfed70403) lb      s0, -19(a4)
core   0: 3 0x800009e4 (0xfed70403) x 8 0x00000000 mem 0x80010b3a
core   0: 0x800009e8 (0xfce74b83) lbu     s7, -50(a4)
core   0: 3 0x800009e8 (0xfce74b83) x23 0x00000000 mem 0x80010b1b
core   0: 0x800009ec (0x02f75f03) lhu     t5, 47(a4)
core   0: 3 0x800009ec (0x02f75f03) x30 0x00000000 mem 0x80010b7c
core   0: 0x800009f0 (0xf93beb93) ori     s7, s7, -109
core   0: 3 0x800009f0 (0xf93beb93) x23 0xffffff93
core   0: 0x800009f4 (0xfca74403) lbu     s0, -54(a4)
core   0: 3 0x800009f4 (0xfca74403) x 8 0x00000000 mem 0x80010b17
core   0: 0x800009f8 (0x03e40433) mul     s0, s0, t5
core   0: 3 0x800009f8 (0x03e40433) x 8 0x00000000
core   0: 0x800009fc (0x037baf33) mulhsu  t5, s7, s7
core   0: 3 0x800009fc (0x037baf33) x30 0xffffff93
core   0: 0x80000a00 (0xfcb71da3) sh      a1, -37(a4)
core   0: 3 0x80000a00 (0xfcb71da3) mem 0x80010b28 0x0000
core   0: 0x80000a04 (0x0f878593) addi    a1, a5, 248
core   0: 3 0x80000a04 (0x0f878593) x11 0x000000f8
core   0: 0x80000a08 (0xff7718a3) sh      s7, -15(a4)
core   0: 3 0x80000a08 (0xff7718a3) mem 0x80010b3e 0xff93
core   0: 0x80000a0c (0x01d71b83) lh      s7, 29(a4)
core   0: 3 0x80000a0c (0x01d71b83) x23 0x00000000 mem 0x80010b6a
core   0: 0x80000a10 (0x02470403) lb      s0, 36(a4)
core   0: 3 0x80000a10 (0x02470403) x 8 0x00000000 mem 0x80010b71
core   0: 0x80000a14 (0x03f74403) lbu     s0, 63(a4)
core   0: 3 0x80000a14 (0x03f74403) x 8 0x00000000 mem 0x80010b8c
core   0: 0x80000a18 (0x02070503) lb      a0, 32(a4)
core   0: 3 0x80000a18 (0x02070503) x10 0x00000000 mem 0x80010b6d
core   0: 0x80000a1c (0x03770ea3) sb      s7, 61(a4)
core   0: 3 0x80000a1c (0x03770ea3) mem 0x80010b8a 0x0
core   0: 0x80000a20 (0x03870403) lb      s0, 56(a4)
core   0: 3 0x80000a20 (0x03870403) x 8 0x00000000 mem 0x80010b85
core   0: 0x80000a24 (0x00000013) nop
core   0: 3 0x80000a24 (0x00000013)
core   0: 0x80000a28 (0x5f8f7b93) andi    s7, t5, 1528
core   0: 3 0x80000a28 (0x5f8f7b93) x23 0x00000590
core   0: 0x80000a2c (0xfda70b83) lb      s7, -38(a4)
core   0: 3 0x80000a2c (0xfda70b83) x23 0x00000000 mem 0x80010b27
core   0: 0x80000a30 (0xfd770583) lb      a1, -41(a4)
core   0: 3 0x80000a30 (0xfd770583) x11 0x00000000 mem 0x80010b24
core   0: 0x80000a34 (0xfc474b83) lbu     s7, -60(a4)
core   0: 3 0x80000a34 (0xfc474b83) x23 0x00000000 mem 0x80010b11
core   0: 0x80000a38 (0x00b72da3) sw      a1, 27(a4)
core   0: 3 0x80000a38 (0x00b72da3) mem 0x80010b68 0x00000000
core   0: 0x80000a3c (0x02f47bb3) remu    s7, s0, a5
core   0: 3 0x80000a3c (0x02f47bb3) x23 0x00000000
core   0: 0x80000a40 (0x83e44413) xori    s0, s0, -1986
core   0: 3 0x80000a40 (0x83e44413) x 8 0xfffff83e
core   0: 0x80000a44 (0xfe474403) lbu     s0, -28(a4)
core   0: 3 0x80000a44 (0xfe474403) x 8 0x00000000 mem 0x80010b31
core   0: 0x80000a48 (0x00bbc533) xor     a0, s7, a1
core   0: 3 0x80000a48 (0x00bbc533) x10 0x00000000
core   0: 0x80000a4c (0xfd770023) sb      s7, -64(a4)
core   0: 3 0x80000a4c (0xfd770023) mem 0x80010b0d 0x0
core   0: 0x80000a50 (0x0087ef33) or      t5, a5, s0
core   0: 3 0x80000a50 (0x0087ef33) x30 0x00000000
core   0: 0x80000a54 (0x00a70523) sb      a0, 10(a4)
core   0: 3 0x80000a54 (0x00a70523) mem 0x80010b57 0x0
core   0: 0x80000a58 (0x02470403) lb      s0, 36(a4)
core   0: 3 0x80000a58 (0x02470403) x 8 0x00000000 mem 0x80010b71
core   0: 0x80000a5c (0x01e702a3) sb      t5, 5(a4)
core   0: 3 0x80000a5c (0x01e702a3) mem 0x80010b52 0x0
core   0: 0x80000a60 (0x017b9593) slli    a1, s7, 23
core   0: 3 0x80000a60 (0x017b9593) x11 0x00000000
core   0: 0x80000a64 (0x02b70923) sb      a1, 50(a4)
core   0: 3 0x80000a64 (0x02b70923) mem 0x80010b7f 0x0
core   0: 0x80000a68 (0x00a5ff33) and     t5, a1, a0
core   0: 3 0x80000a68 (0x00a5ff33) x30 0x00000000
core   0: 0x80000a6c (0xfe074783) lbu     a5, -32(a4)
core   0: 3 0x80000a6c (0xfe074783) x15 0x00000000 mem 0x80010b2d
core   0: 0x80000a70 (0x40855433) sra     s0, a0, s0
core   0: 3 0x80000a70 (0x40855433) x 8 0x00000000
core   0: 0x80000a74 (0x03ef0bb3) mul     s7, t5, t5
core   0: 3 0x80000a74 (0x03ef0bb3) x23 0x00000000
core   0: 0x80000a78 (0x1c8bcf13) xori    t5, s7, 456
core   0: 3 0x80000a78 (0x1c8bcf13) x30 0x000001c8
core   0: 0x80000a7c (0x03e7a433) mulhsu  s0, a5, t5
core   0: 3 0x80000a7c (0x03e7a433) x 8 0x00000000
core   0: 0x80000a80 (0xfd570503) lb      a0, -43(a4)
core   0: 3 0x80000a80 (0xfd570503) x10 0x00000000 mem 0x80010b22
core   0: 0x80000a84 (0x0000f317) auipc   t1, 0xf
core   0: 3 0x80000a84 (0x0000f317) x 6 0x8000fa84
core   0: 0x80000a88 (0x67c30313) addi    t1, t1, 1660
core   0: 3 0x80000a88 (0x67c30313) x 6 0x80010100
core   0: 0x80000a8c (0x10ba2013) slti    zero, s4, 267
core   0: 3 0x80000a8c (0x10ba2013)
core   0: 0x80000a90 (0x01331823) sh      s3, 16(t1)
core   0: 3 0x80000a90 (0x01331823) mem 0x80010110 0x0000
core   0: 0x80000a94 (0x40fed233) sra     tp, t4, a5
core   0: 3 0x80000a94 (0x40fed233) x 4 0x800122a8
core   0: 0x80000a98 (0x2cf36213) ori     tp, t1, 719
core   0: 3 0x80000a98 (0x2cf36213) x 4 0x800103cf
core   0: 0x80000a9c (0x00834c83) lbu     s9, 8(t1)
core   0: 3 0x80000a9c (0x00834c83) x25 0x00000000 mem 0x80010108
core   0: 0x80000aa0 (0x00231723) sh      sp, 14(t1)
core   0: 3 0x80000aa0 (0x00231723) mem 0x8001010e 0x0000
core   0: 0x80000aa4 (0x016303a3) sb      s6, 7(t1)
core   0: 3 0x80000aa4 (0x016303a3) mem 0x80010107 0x0
core   0: 0x80000aa8 (0xc86a0013) addi    zero, s4, -890
core   0: 3 0x80000aa8 (0xc86a0013)
core   0: 0x80000aac (0x00e05613) srli    a2, zero, 14
core   0: 3 0x80000aac (0x00e05613) x12 0x00000000
core   0: 0x80000ab0 (0xff830983) lb      s3, -8(t1)
core   0: 3 0x80000ab0 (0xff830983) x19 0x00000000 mem 0x800100f8
core   0: 0x80000ab4 (0x00630e83) lb      t4, 6(t1)
core   0: 3 0x80000ab4 (0x00630e83) x29 0x00000000 mem 0x80010106
core   0: 0x80000ab8 (0x00000013) nop
core   0: 3 0x80000ab8 (0x00000013)
core   0: 0x80000abc (0x012307a3) sb      s2, 15(t1)
core   0: 3 0x80000abc (0x012307a3) mem 0x8001010f 0xbf
core   0: 0x80000ac0 (0xfff30ca3) sb      t6, -7(t1)
core   0: 3 0x80000ac0 (0xfff30ca3) mem 0x800100f9 0x64
core   0: 0x80000ac4 (0xbe1be193) ori     gp, s7, -1055
core   0: 3 0x80000ac4 (0xbe1be193) x 3 0xfffffbe1
core   0: 0x80000ac8 (0x013139b3) sltu    s3, sp, s3
core   0: 3 0x80000ac8 (0x013139b3) x19 0x00000000
core   0: 0x80000acc (0xc5dbdb97) auipc   s7, 0xc5dbd
core   0: 3 0x80000acc (0xc5dbdb97) x23 0x45dbdacc
core   0: 0x80000ad0 (0x00034b03) lbu     s6, 0(t1)
core   0: 3 0x80000ad0 (0x00034b03) x22 0x00000000 mem 0x80010100
core   0: 0x80000ad4 (0xfff34183) lbu     gp, -1(t1)
core   0: 3 0x80000ad4 (0xfff34183) x 3 0x00000000 mem 0x800100ff
core   0: 0x80000ad8 (0x4cc94d37) lui     s10, 0x4cc94
core   0: 3 0x80000ad8 (0x4cc94d37) x26 0x4cc94000
core   0: 0x80000adc (0x00234403) lbu     s0, 2(t1)
core   0: 3 0x80000adc (0x00234403) x 8 0x00000000 mem 0x80010102
core   0: 0x80000ae0 (0x00834a03) lbu     s4, 8(t1)
core   0: 3 0x80000ae0 (0x00834a03) x20 0x00000000 mem 0x80010108
core   0: 0x80000ae4 (0x00800833) add     a6, zero, s0
core   0: 3 0x80000ae4 (0x00800833) x16 0x00000000
core   0: 0x80000ae8 (0x9a930e97) auipc   t4, 0x9a930
core   0: 3 0x80000ae8 (0x9a930e97) x29 0x1a930ae8
core   0: 0x80000aec (0xff330b03) lb      s6, -13(t1)
core   0: 3 0x80000aec (0xff330b03) x22 0x00000000 mem 0x800100f3
core   0: 0x80000af0 (0x00300793) li      a5, 3
core   0: 3 0x80000af0 (0x00300793) x15 0x00000003
core   0: 0x80000af4 (0x01200d13) li      s10, 18
core   0: 3 0x80000af4 (0x01200d13) x26 0x00000012
core   0: 0x80000af8 (0x00b80e33) add     t3, a6, a1
core   0: 3 0x80000af8 (0x00b80e33) x28 0x00000000
core   0: 0x80000afc (0x01b522b3) slt     t0, a0, s11
core   0: 3 0x80000afc (0x01b522b3) x 5 0x00000001
core   0: 0x80000b00 (0x019a3f33) sltu    t5, s4, s9
core   0: 3 0x80000b00 (0x019a3f33) x30 0x00000000
core   0: 0x80000b04 (0x00578793) addi    a5, a5, 5
core   0: 3 0x80000b04 (0x00578793) x15 0x00000008
core   0: 0x80000b08 (0x02fdd6b3) divu    a3, s11, a5
core   0: 3 0x80000b08 (0x02fdd6b3) x13 0x00000080
core   0: 0x80000b0c (0x027aa0b3) mulhsu  ra, s5, t2
core   0: 3 0x80000b0c (0x027aa0b3) x 1 0x00000000
core   0: 0x80000b10 (0x40da5533) sra     a0, s4, a3
core   0: 3 0x80000b10 (0x40da5533) x10 0x00000000
core   0: 0x80000b14 (0xff800a13) li      s4, -8
core   0: 3 0x80000b14 (0xff800a13) x20 0xfffffff8
core   0: 0x80000b18 (0x00d00593) li      a1, 13
core   0: 3 0x80000b18 (0x00d00593) x11 0x0000000d
core   0: 0x80000b1c (0xacdc4017) auipc   zero, 0xacdc4
core   0: 3 0x80000b1c (0xacdc4017)
core   0: 0x80000b20 (0x003a0a13) addi    s4, s4, 3
core   0: 3 0x80000b20 (0x003a0a13) x20 0xfffffffb
core   0: 0x80000b24 (0xfeba1ce3) bne     s4, a1, pc - 8
core   0: 3 0x80000b24 (0xfeba1ce3)
core   0: 0x80000b1c (0xacdc4017) auipc   zero, 0xacdc4
core   0: 3 0x80000b1c (0xacdc4017)
core   0: 0x80000b20 (0x003a0a13) addi    s4, s4, 3
core   0: 3 0x80000b20 (0x003a0a13) x20 0xfffffffe
core   0: 0x80000b24 (0xfeba1ce3) bne     s4, a1, pc - 8
core   0: 3 0x80000b24 (0xfeba1ce3)
core   0: 0x80000b1c (0xacdc4017) auipc   zero, 0xacdc4
core   0: 3 0x80000b1c (0xacdc4017)
core   0: 0x80000b20 (0x003a0a13) addi    s4, s4, 3
core   0: 3 0x80000b20 (0x003a0a13) x20 0x00000001
core   0: 0x80000b24 (0xfeba1ce3) bne     s4, a1, pc - 8
core   0: 3 0x80000b24 (0xfeba1ce3)
core   0: 0x80000b1c (0xacdc4017) auipc   zero, 0xacdc4
core   0: 3 0x80000b1c (0xacdc4017)
core   0: 0x80000b20 (0x003a0a13) addi    s4, s4, 3
core   0: 3 0x80000b20 (0x003a0a13) x20 0x00000004
core   0: 0x80000b24 (0xfeba1ce3) bne     s4, a1, pc - 8
core   0: 3 0x80000b24 (0xfeba1ce3)
core   0: 0x80000b1c (0xacdc4017) auipc   zero, 0xacdc4
core   0: 3 0x80000b1c (0xacdc4017)
core   0: 0x80000b20 (0x003a0a13) addi    s4, s4, 3
core   0: 3 0x80000b20 (0x003a0a13) x20 0x00000007
core   0: 0x80000b24 (0xfeba1ce3) bne     s4, a1, pc - 8
core   0: 3 0x80000b24 (0xfeba1ce3)
core   0: 0x80000b1c (0xacdc4017) auipc   zero, 0xacdc4
core   0: 3 0x80000b1c (0xacdc4017)
core   0: 0x80000b20 (0x003a0a13) addi    s4, s4, 3
core   0: 3 0x80000b20 (0x003a0a13) x20 0x0000000a
core   0: 0x80000b24 (0xfeba1ce3) bne     s4, a1, pc - 8
core   0: 3 0x80000b24 (0xfeba1ce3)
core   0: 0x80000b1c (0xacdc4017) auipc   zero, 0xacdc4
core   0: 3 0x80000b1c (0xacdc4017)
core   0: 0x80000b20 (0x003a0a13) addi    s4, s4, 3
core   0: 3 0x80000b20 (0x003a0a13) x20 0x0000000d
core   0: 0x80000b24 (0xfeba1ce3) bne     s4, a1, pc - 8
core   0: 3 0x80000b24 (0xfeba1ce3)
core   0: 0x80000b28 (0x7fda6613) ori     a2, s4, 2045
core   0: 3 0x80000b28 (0x7fda6613) x12 0x000007fd
core   0: 0x80000b2c (0x79b45517) auipc   a0, 0x79b45
core   0: 3 0x80000b2c (0x79b45517) x10 0xf9b45b2c
core   0: 0x80000b30 (0x001a0cb3) add     s9, s4, ra
core   0: 3 0x80000b30 (0x001a0cb3) x25 0x0000000d
core   0: 0x80000b34 (0x417fd9b3) sra     s3, t6, s7
core   0: 3 0x80000b34 (0x417fd9b3) x19 0xfff80025
core   0: 0x80000b38 (0x039bc833) div     a6, s7, s9
core   0: 3 0x80000b38 (0x039bc833) x16 0x055fae5e
core   0: 0x80000b3c (0xfda790e3) bne     a5, s10, pc - 64
core   0: 3 0x80000b3c (0xfda790e3)
core   0: 0x80000afc (0x01b522b3) slt     t0, a0, s11
core   0: 3 0x80000afc (0x01b522b3) x 5 0x00000001
core   0: 0x80000b00 (0x019a3f33) sltu    t5, s4, s9
core   0: 3 0x80000b00 (0x019a3f33) x30 0x00000000
core   0: 0x80000b04 (0x00578793) addi    a5, a5, 5
core   0: 3 0x80000b04 (0x00578793) x15 0x0000000d
core   0: 0x80000b08 (0x02fdd6b3) divu    a3, s11, a5
core   0: 3 0x80000b08 (0x02fdd6b3) x13 0x0000004e
core   0: 0x80000b0c (0x027aa0b3) mulhsu  ra, s5, t2
core   0: 3 0x80000b0c (0x027aa0b3) x 1 0x00000000
core   0: 0x80000b10 (0x40da5533) sra     a0, s4, a3
core   0: 3 0x80000b10 (0x40da5533) x10 0x00000000
core   0: 0x80000b14 (0xff800a13) li      s4, -8
core   0: 3 0x80000b14 (0xff800a13) x20 0xfffffff8
core   0: 0x80000b18 (0x00d00593) li      a1, 13
core   0: 3 0x80000b18 (0x00d00593) x11 0x0000000d
core   0: 0x80000b1c (0xacdc4017) auipc   zero, 0xacdc4
core   0: 3 0x80000b1c (0xacdc4017)
core   0: 0x80000b20 (0x003a0a13) addi    s4, s4, 3
core   0: 3 0x80000b20 (0x003a0a13) x20 0xfffffffb
core   0: 0x80000b24 (0xfeba1ce3) bne     s4, a1, pc - 8
core   0: 3 0x80000b24 (0xfeba1ce3)
core   0: 0x80000b1c (0xacdc4017) auipc   zero, 0xacdc4
core   0: 3 0x80000b1c (0xacdc4017)
core   0: 0x80000b20 (0x003a0a13) addi    s4, s4, 3
core   0: 3 0x80000b20 (0x003a0a13) x20 0xfffffffe
core   0: 0x80000b24 (0xfeba1ce3) bne     s4, a1, pc - 8
core   0: 3 0x80000b24 (0xfeba1ce3)
core   0: 0x80000b1c (0xacdc4017) auipc   zero, 0xacdc4
core   0: 3 0x80000b1c (0xacdc4017)
core   0: 0x80000b20 (0x003a0a13) addi    s4, s4, 3
core   0: 3 0x80000b20 (0x003a0a13) x20 0x00000001
core   0: 0x80000b24 (0xfeba1ce3) bne     s4, a1, pc - 8
core   0: 3 0x80000b24 (0xfeba1ce3)
core   0: 0x80000b1c (0xacdc4017) auipc   zero, 0xacdc4
core   0: 3 0x80000b1c (0xacdc4017)
core   0: 0x80000b20 (0x003a0a13) addi    s4, s4, 3
core   0: 3 0x80000b20 (0x003a0a13) x20 0x00000004
core   0: 0x80000b24 (0xfeba1ce3) bne     s4, a1, pc - 8
core   0: 3 0x80000b24 (0xfeba1ce3)
core   0: 0x80000b1c (0xacdc4017) auipc   zero, 0xacdc4
core   0: 3 0x80000b1c (0xacdc4017)
core   0: 0x80000b20 (0x003a0a13) addi    s4, s4, 3
core   0: 3 0x80000b20 (0x003a0a13) x20 0x00000007
core   0: 0x80000b24 (0xfeba1ce3) bne     s4, a1, pc - 8
core   0: 3 0x80000b24 (0xfeba1ce3)
core   0: 0x80000b1c (0xacdc4017) auipc   zero, 0xacdc4
core   0: 3 0x80000b1c (0xacdc4017)
core   0: 0x80000b20 (0x003a0a13) addi    s4, s4, 3
core   0: 3 0x80000b20 (0x003a0a13) x20 0x0000000a
core   0: 0x80000b24 (0xfeba1ce3) bne     s4, a1, pc - 8
core   0: 3 0x80000b24 (0xfeba1ce3)
core   0: 0x80000b1c (0xacdc4017) auipc   zero, 0xacdc4
core   0: 3 0x80000b1c (0xacdc4017)
core   0: 0x80000b20 (0x003a0a13) addi    s4, s4, 3
core   0: 3 0x80000b20 (0x003a0a13) x20 0x0000000d
core   0: 0x80000b24 (0xfeba1ce3) bne     s4, a1, pc - 8
core   0: 3 0x80000b24 (0xfeba1ce3)
core   0: 0x80000b28 (0x7fda6613) ori     a2, s4, 2045
core   0: 3 0x80000b28 (0x7fda6613) x12 0x000007fd
core   0: 0x80000b2c (0x79b45517) auipc   a0, 0x79b45
core   0: 3 0x80000b2c (0x79b45517) x10 0xf9b45b2c
core   0: 0x80000b30 (0x001a0cb3) add     s9, s4, ra
core   0: 3 0x80000b30 (0x001a0cb3) x25 0x0000000d
core   0: 0x80000b34 (0x417fd9b3) sra     s3, t6, s7
core   0: 3 0x80000b34 (0x417fd9b3) x19 0xfff80025
core   0: 0x80000b38 (0x039bc833) div     a6, s7, s9
core   0: 3 0x80000b38 (0x039bc833) x16 0x055fae5e
core   0: 0x80000b3c (0xfda790e3) bne     a5, s10, pc - 64
core   0: 3 0x80000b3c (0xfda790e3)
core   0: 0x80000afc (0x01b522b3) slt     t0, a0, s11
core   0: 3 0x80000afc (0x01b522b3) x 5 0x00000001
core   0: 0x80000b00 (0x019a3f33) sltu    t5, s4, s9
core   0: 3 0x80000b00 (0x019a3f33) x30 0x00000000
core   0: 0x80000b04 (0x00578793) addi    a5, a5, 5
core   0: 3 0x80000b04 (0x00578793) x15 0x00000012
core   0: 0x80000b08 (0x02fdd6b3) divu    a3, s11, a5
core   0: 3 0x80000b08 (0x02fdd6b3) x13 0x00000038
core   0: 0x80000b0c (0x027aa0b3) mulhsu  ra, s5, t2
core   0: 3 0x80000b0c (0x027aa0b3) x 1 0x00000000
core   0: 0x80000b10 (0x40da5533) sra     a0, s4, a3
core   0: 3 0x80000b10 (0x40da5533) x10 0x00000000
core   0: 0x80000b14 (0xff800a13) li      s4, -8
core   0: 3 0x80000b14 (0xff800a13) x20 0xfffffff8
core   0: 0x80000b18 (0x00d00593) li      a1, 13
core   0: 3 0x80000b18 (0x00d00593) x11 0x0000000d
core   0: 0x80000b1c (0xacdc4017) auipc   zero, 0xacdc4
core   0: 3 0x80000b1c (0xacdc4017)
core   0: 0x80000b20 (0x003a0a13) addi    s4, s4, 3
core   0: 3 0x80000b20 (0x003a0a13) x20 0xfffffffb
core   0: 0x80000b24 (0xfeba1ce3) bne     s4, a1, pc - 8
core   0: 3 0x80000b24 (0xfeba1ce3)
core   0: 0x80000b1c (0xacdc4017) auipc   zero, 0xacdc4
core   0: 3 0x80000b1c (0xacdc4017)
core   0: 0x80000b20 (0x003a0a13) addi    s4, s4, 3
core   0: 3 0x80000b20 (0x003a0a13) x20 0xfffffffe
core   0: 0x80000b24 (0xfeba1ce3) bne     s4, a1, pc - 8
core   0: 3 0x80000b24 (0xfeba1ce3)
core   0: 0x80000b1c (0xacdc4017) auipc   zero, 0xacdc4
core   0: 3 0x80000b1c (0xacdc4017)
core   0: 0x80000b20 (0x003a0a13) addi    s4, s4, 3
core   0: 3 0x80000b20 (0x003a0a13) x20 0x00000001
core   0: 0x80000b24 (0xfeba1ce3) bne     s4, a1, pc - 8
core   0: 3 0x80000b24 (0xfeba1ce3)
core   0: 0x80000b1c (0xacdc4017) auipc   zero, 0xacdc4
core   0: 3 0x80000b1c (0xacdc4017)
core   0: 0x80000b20 (0x003a0a13) addi    s4, s4, 3
core   0: 3 0x80000b20 (0x003a0a13) x20 0x00000004
core   0: 0x80000b24 (0xfeba1ce3) bne     s4, a1, pc - 8
core   0: 3 0x80000b24 (0xfeba1ce3)
core   0: 0x80000b1c (0xacdc4017) auipc   zero, 0xacdc4
core   0: 3 0x80000b1c (0xacdc4017)
core   0: 0x80000b20 (0x003a0a13) addi    s4, s4, 3
core   0: 3 0x80000b20 (0x003a0a13) x20 0x00000007
core   0: 0x80000b24 (0xfeba1ce3) bne     s4, a1, pc - 8
core   0: 3 0x80000b24 (0xfeba1ce3)
core   0: 0x80000b1c (0xacdc4017) auipc   zero, 0xacdc4
core   0: 3 0x80000b1c (0xacdc4017)
core   0: 0x80000b20 (0x003a0a13) addi    s4, s4, 3
core   0: 3 0x80000b20 (0x003a0a13) x20 0x0000000a
core   0: 0x80000b24 (0xfeba1ce3) bne     s4, a1, pc - 8
core   0: 3 0x80000b24 (0xfeba1ce3)
core   0: 0x80000b1c (0xacdc4017) auipc   zero, 0xacdc4
core   0: 3 0x80000b1c (0xacdc4017)
core   0: 0x80000b20 (0x003a0a13) addi    s4, s4, 3
core   0: 3 0x80000b20 (0x003a0a13) x20 0x0000000d
core   0: 0x80000b24 (0xfeba1ce3) bne     s4, a1, pc - 8
core   0: 3 0x80000b24 (0xfeba1ce3)
core   0: 0x80000b28 (0x7fda6613) ori     a2, s4, 2045
core   0: 3 0x80000b28 (0x7fda6613) x12 0x000007fd
core   0: 0x80000b2c (0x79b45517) auipc   a0, 0x79b45
core   0: 3 0x80000b2c (0x79b45517) x10 0xf9b45b2c
core   0: 0x80000b30 (0x001a0cb3) add     s9, s4, ra
core   0: 3 0x80000b30 (0x001a0cb3) x25 0x0000000d
core   0: 0x80000b34 (0x417fd9b3) sra     s3, t6, s7
core   0: 3 0x80000b34 (0x417fd9b3) x19 0xfff80025
core   0: 0x80000b38 (0x039bc833) div     a6, s7, s9
core   0: 3 0x80000b38 (0x039bc833) x16 0x055fae5e
core   0: 0x80000b3c (0xfda790e3) bne     a5, s10, pc - 64
core   0: 3 0x80000b3c (0xfda790e3)
core   0: 0x80000b40 (0x00ffa233) slt     tp, t6, a5
core   0: 3 0x80000b40 (0x00ffa233) x 4 0x00000001
core   0: 0x80000b44 (0x01c000ef) jal     pc + 0x1c
core   0: 3 0x80000b44 (0x01c000ef) x 1 0x80000b48
core   0: 0x80000b60 (0xff9ff26f) jal     tp, pc - 0x8
core   0: 3 0x80000b60 (0xff9ff26f) x 4 0x80000b64
core   0: 0x80000b58 (0xff1ff9ef) jal     s3, pc - 0x10
core   0: 3 0x80000b58 (0xff1ff9ef) x19 0x80000b5c
core   0: 0x80000b48 (0x008003ef) jal     t2, pc + 0x8
core   0: 3 0x80000b48 (0x008003ef) x 7 0x80000b4c
core   0: 0x80000b50 (0x00c000ef) jal     pc + 0xc
core   0: 3 0x80000b50 (0x00c000ef) x 1 0x80000b54
core   0: 0x80000b5c (0x00c0036f) jal     t1, pc + 0xc
core   0: 3 0x80000b5c (0x00c0036f) x 6 0x80000b60
core   0: 0x80000b68 (0x0040036f) jal     t1, pc + 0x4
core   0: 3 0x80000b68 (0x0040036f) x 6 0x80000b6c
core   0: 0x80000b6c (0xff9ff3ef) jal     t2, pc - 0x8
core   0: 3 0x80000b6c (0xff9ff3ef) x 7 0x80000b70
core   0: 0x80000b64 (0x00c000ef) jal     pc + 0xc
core   0: 3 0x80000b64 (0x00c000ef) x 1 0x80000b68
core   0: 0x80000b70 (0xfddff0ef) jal     pc - 0x24
core   0: 3 0x80000b70 (0xfddff0ef) x 1 0x80000b74
core   0: 0x80000b4c (0x008000ef) jal     pc + 0x8
core   0: 3 0x80000b4c (0x008000ef) x 1 0x80000b50
core   0: 0x80000b54 (0x020000ef) jal     pc + 0x20
core   0: 3 0x80000b54 (0x020000ef) x 1 0x80000b58
core   0: 0x80000b74 (0x00000013) nop
core   0: 3 0x80000b74 (0x00000013)
core   0: 0x80000b78 (0x00700093) li      ra, 7
core   0: 3 0x80000b78 (0x00700093) x 1 0x00000007
core   0: 0x80000b7c (0x0090b6b3) sltu    a3, ra, s1
core   0: 3 0x80000b7c (0x0090b6b3) x13 0x00000001
core   0: 0x80000b80 (0x401cda33) sra     s4, s9, ra
core   0: 3 0x80000b80 (0x401cda33) x20 0x00000000
core   0: 0x80000b84 (0x00400e13) li      t3, 4
core   0: 3 0x80000b84 (0x00400e13) x28 0x00000004
core   0: 0x80000b88 (0x28ae58b7) lui     a7, 0x28ae5
core   0: 3 0x80000b88 (0x28ae58b7) x17 0x28ae5000
core   0: 0x80000b8c (0xfff08093) addi    ra, ra, -1
core   0: 3 0x80000b8c (0xfff08093) x 1 0x00000006
core   0: 0x80000b90 (0xff800213) li      tp, -8
core   0: 3 0x80000b90 (0xff800213) x 4 0xfffffff8
core   0: 0x80000b94 (0x03bb1f33) mulh    t5, s6, s11
core   0: 3 0x80000b94 (0x03bb1f33) x30 0x00000000
core   0: 0x80000b98 (0xff400993) li      s3, -12
core   0: 3 0x80000b98 (0xff400993) x19 0xfffffff4
core   0: 0x80000b9c (0x3e044a93) xori    s5, s0, 992
core   0: 3 0x80000b9c (0x3e044a93) x21 0x000003e0
core   0: 0x80000ba0 (0xffb20213) addi    tp, tp, -5
core   0: 3 0x80000ba0 (0xffb20213) x 4 0xfffffff3
core   0: 0x80000ba4 (0x41608933) sub     s2, ra, s6
core   0: 3 0x80000ba4 (0x41608933) x18 0x00000006
core   0: 0x80000ba8 (0x64b9e693) ori     a3, s3, 1611
core   0: 3 0x80000ba8 (0x64b9e693) x13 0xffffffff
core   0: 0x80000bac (0xff3258e3) bge     tp, s3, pc - 16
core   0: 3 0x80000bac (0xff3258e3)
core   0: 0x80000bb0 (0xfdc08ce3) beq     ra, t3, pc - 40
core   0: 3 0x80000bb0 (0xfdc08ce3)
core   0: 0x80000bb4 (0x020a7c33) remu    s8, s4, zero
core   0: 3 0x80000bb4 (0x020a7c33) x24 0x00000000
core   0: 0x80000bb8 (0x0001ab17) auipc   s6, 0x1a
core   0: 3 0x80000bb8 (0x0001ab17) x22 0x8001abb8
core   0: 0x80000bbc (0x284b0b13) addi    s6, s6, 644
core   0: 3 0x80000bbc (0x284b0b13) x22 0x8001ae3c
core   0: 0x80000bc0 (0x031b4c83) lbu     s9, 49(s6)
core   0: 3 0x80000bc0 (0x031b4c83) x25 0x00000000 mem 0x8001ae6d
core   0: 0x80000bc4 (0x0071bcb3) sltu    s9, gp, t2
core   0: 3 0x80000bc4 (0x0071bcb3) x25 0x00000001
core   0: 0x80000bc8 (0xaa53ec93) ori     s9, t2, -1371
core   0: 3 0x80000bc8 (0xaa53ec93) x25 0xfffffbf5
core   0: 0x80000bcc (0x006b0203) lb      tp, 6(s6)
core   0: 3 0x80000bcc (0x006b0203) x 4 0x00000000 mem 0x8001ae42
core   0: 0x80000bd0 (0x002b4183) lbu     gp, 2(s6)
core   0: 3 0x80000bd0 (0x002b4183) x 3 0x00000000 mem 0x8001ae3e
core   0: 0x80000bd4 (0x004ca7b3) slt     a5, s9, tp
core   0: 3 0x80000bd4 (0x004ca7b3) x15 0x00000001
core   0: 0x80000bd8 (0x2243e213) ori     tp, t2, 548
core   0: 3 0x80000bd8 (0x2243e213) x 4 0x80000b74
core   0: 0x80000bdc (0x0031ccb3) xor     s9, gp, gp
core   0: 3 0x80000bdc (0x0031ccb3) x25 0x00000000
core   0: 0x80000be0 (0x019b0fa3) sb      s9, 31(s6)
core   0: 3 0x80000be0 (0x019b0fa3) mem 0x8001ae5b 0x0
core   0: 0x80000be4 (0x1c18c317) auipc   t1, 0x1c18c
core   0: 3 0x80000be4 (0x1c18c317) x 6 0x9c18cbe4
core   0: 0x80000be8 (0xfcfb4c83) lbu     s9, -49(s6)
core   0: 3 0x80000be8 (0xfcfb4c83) x25 0x00000000 mem 0x8001ae0b
core   0: 0x80000bec (0x00c35c93) srli    s9, t1, 12
core   0: 3 0x80000bec (0x00c35c93) x25 0x0009c18c
core   0: 0x80000bf0 (0x0081d793) srli    a5, gp, 8
core   0: 3 0x80000bf0 (0x0081d793) x15 0x00000000
core   0: 0x80000bf4 (0x0231d3b3) divu    t2, gp, gp
core   0: 3 0x80000bf4 (0x0231d3b3) x 7 0xffffffff
core   0: 0x80000bf8 (0x02324cb3) div     s9, tp, gp
core   0: 3 0x80000bf8 (0x02324cb3) x25 0xffffffff
core   0: 0x80000bfc (0xac8503b7) lui     t2, 0xac850
core   0: 3 0x80000bfc (0xac8503b7) x 7 0xac850000
core   0: 0x80000c00 (0x023b0783) lb      a5, 35(s6)
core   0: 3 0x80000c00 (0x023b0783) x15 0x00000000 mem 0x8001ae5f
core   0: 0x80000c04 (0x401cdc93) srai    s9, s9, 1
core   0: 3 0x80000c04 (0x401cdc93) x25 0xffffffff
core   0: 0x80000c08 (0x006b1323) sh      t1, 6(s6)
core   0: 3 0x80000c08 (0x006b1323) mem 0x8001ae42 0xcbe4
core   0: 0x80000c0c (0x4197dcb3) sra     s9, a5, s9
core   0: 3 0x80000c0c (0x4197dcb3) x25 0x00000000
core   0: 0x80000c10 (0xf673e313) ori     t1, t2, -153
core   0: 3 0x80000c10 (0xf673e313) x 6 0xffffff67
core   0: 0x80000c14 (0xa2578213) addi    tp, a5, -1499
core   0: 3 0x80000c14 (0xa2578213) x 4 0xfffffa25
core   0: 0x80000c18 (0x039343b3) div     t2, t1, s9
core   0: 3 0x80000c18 (0x039343b3) x 7 0xffffffff
core   0: 0x80000c1c (0x98257317) auipc   t1, 0x98257
core   0: 3 0x80000c1c (0x98257317) x 6 0x18257c1c
core   0: 0x80000c20 (0x01cb0783) lb      a5, 28(s6)
core   0: 3 0x80000c20 (0x01cb0783) x15 0x00000000 mem 0x8001ae58
core   0: 0x80000c24 (0x40425333) sra     t1, tp, tp
core   0: 3 0x80000c24 (0x40425333) x 6 0xffffffd1
core   0: 0x80000c28 (0x03cb4383) lbu     t2, 60(s6)
core   0: 3 0x80000c28 (0x03cb4383) x 7 0x00000000 mem 0x8001ae78
core   0: 0x80000c2c (0x004363b3) or      t2, t1, tp
core   0: 3 0x80000c2c (0x004363b3) x 7 0xfffffff5
core   0: 0x80000c30 (0x02737333) remu    t1, t1, t2
core   0: 3 0x80000c30 (0x02737333) x 6 0xffffffd1
core   0: 0x80000c34 (0x01930233) add     tp, t1, s9
core   0: 3 0x80000c34 (0x01930233) x 4 0xffffffd1
core   0: 0x80000c38 (0x039b06a3) sb      s9, 45(s6)
core   0: 3 0x80000c38 (0x039b06a3) mem 0x8001ae69 0x0
core   0: 0x80000c3c (0x02f1acb3) mulhsu  s9, gp, a5
core   0: 3 0x80000c3c (0x02f1acb3) x25 0x00000000
core   0: 0x80000c40 (0x02633cb3) mulhu   s9, t1, t1
core   0: 3 0x80000c40 (0x02633cb3) x25 0xffffffa2
core   0: 0x80000c44 (0x026c9333) mulh    t1, s9, t1
core   0: 3 0x80000c44 (0x026c9333) x 6 0x00000000
core   0: 0x80000c48 (0x016b4c83) lbu     s9, 22(s6)
core   0: 3 0x80000c48 (0x016b4c83) x25 0x00000000 mem 0x8001ae52
core   0: 0x80000c4c (0x024b0623) sb      tp, 44(s6)
core   0: 3 0x80000c4c (0x024b0623) mem 0x8001ae68 0xd1
core   0: 0x80000c50 (0xfd0b5c83) lhu     s9, -48(s6)
core   0: 3 0x80000c50 (0xfd0b5c83) x25 0x00000000 mem 0x8001ae0c
core   0: 0x80000c54 (0x06c000ef) jal     pc + 0x6c
core   0: 3 0x80000c54 (0x06c000ef) x 1 0x80000c58
core   0: 0x80000cc0 (0xfddff0ef) jal     pc - 0x24
core   0: 3 0x80000cc0 (0xfddff0ef) x 1 0x80000cc4
core   0: 0x80000c9c (0xfd5ff0ef) jal     pc - 0x2c
core   0: 3 0x80000c9c (0xfd5ff0ef) x 1 0x80000ca0
core   0: 0x80000c70 (0x0400096f) jal     s2, pc + 0x40
core   0: 3 0x80000c70 (0x0400096f) x18 0x80000c74
core   0: 0x80000cb0 (0xfadff0ef) jal     pc - 0x54
core   0: 3 0x80000cb0 (0xfadff0ef) x 1 0x80000cb4
core   0: 0x80000c5c (0x0480036f) jal     t1, pc + 0x48
core   0: 3 0x80000c5c (0x0480036f) x 6 0x80000c60
core   0: 0x80000ca4 (0xffdff0ef) jal     pc - 0x4
core   0: 3 0x80000ca4 (0xffdff0ef) x 1 0x80000ca8
core   0: 0x80000ca0 (0xfd5ff36f) jal     t1, pc - 0x2c
core   0: 3 0x80000ca0 (0xfd5ff36f) x 6 0x80000ca4
core   0: 0x80000c74 (0x0080036f) jal     t1, pc + 0x8
core   0: 3 0x80000c74 (0x0080036f) x 6 0x80000c78
core   0: 0x80000c7c (0xffdff0ef) jal     pc - 0x4
core   0: 3 0x80000c7c (0xffdff0ef) x 1 0x80000c80
core   0: 0x80000c78 (0x03c0036f) jal     t1, pc + 0x3c
core   0: 3 0x80000c78 (0x03c0036f) x 6 0x80000c7c
core   0: 0x80000cb4 (0xfd1ff0ef) jal     pc - 0x30
core   0: 3 0x80000cb4 (0xfd1ff0ef) x 1 0x80000cb8
core   0: 0x80000c84 (0xfd5ff36f) jal     t1, pc - 0x2c
core   0: 3 0x80000c84 (0xfd5ff36f) x 6 0x80000c88
core   0: 0x80000c58 (0x008000ef) jal     pc + 0x8
core   0: 3 0x80000c58 (0x008000ef) x 1 0x80000c5c
core   0: 0x80000c60 (0x038000ef) jal     pc + 0x38
core   0: 3 0x80000c60 (0x038000ef) x 1 0x80000c64
core   0: 0x80000c98 (0x0240036f) jal     t1, pc + 0x24
core   0: 3 0x80000c98 (0x0240036f) x 6 0x80000c9c
core   0: 0x80000cbc (0xfd9ff0ef) jal     pc - 0x28
core   0: 3 0x80000cbc (0xfd9ff0ef) x 1 0x80000cc0
core   0: 0x80000c94 (0xfd9ffcef) jal     s9, pc - 0x28
core   0: 3 0x80000c94 (0xfd9ffcef) x25 0x80000c98
core   0: 0x80000c6c (0x03c002ef) jal     t0, pc + 0x3c
core   0: 3 0x80000c6c (0x03c002ef) x 5 0x80000c70
core   0: 0x80000ca8 (0xfbdff0ef) jal     pc - 0x44
core   0: 3 0x80000ca8 (0xfbdff0ef) x 1 0x80000cac
core   0: 0x80000c64 (0x054001ef) jal     gp, pc + 0x54
core   0: 3 0x80000c64 (0x054001ef) x 3 0x80000c68
core   0: 0x80000cb8 (0xff5ff0ef) jal     pc - 0xc
core   0: 3 0x80000cb8 (0xff5ff0ef) x 1 0x80000cbc
core   0: 0x80000cac (0xfe5ff0ef) jal     pc - 0x1c
core   0: 3 0x80000cac (0xfe5ff0ef) x 1 0x80000cb0
core   0: 0x80000c90 (0xfd9ff7ef) jal     a5, pc - 0x28
core   0: 3 0x80000c90 (0xfd9ff7ef) x15 0x80000c94
core   0: 0x80000c68 (0x0240036f) jal     t1, pc + 0x24
core   0: 3 0x80000c68 (0x0240036f) x 6 0x80000c6c
core   0: 0x80000c8c (0xff5ff0ef) jal     pc - 0xc
core   0: 3 0x80000c8c (0xff5ff0ef) x 1 0x80000c90
core   0: 0x80000c80 (0x0080066f) jal     a2, pc + 0x8
core   0: 3 0x80000c80 (0x0080066f) x12 0x80000c84
core   0: 0x80000c88 (0x03c001ef) jal     gp, pc + 0x3c
core   0: 3 0x80000c88 (0x03c001ef) x 3 0x80000c8c
core   0: 0x80000cc4 (0x41cbd893) srai    a7, s7, 28
core   0: 3 0x80000cc4 (0x41cbd893) x17 0x00000004
core   0: 0x80000cc8 (0x00014197) auipc   gp, 0x14
core   0: 3 0x80000cc8 (0x00014197) x 3 0x80014cc8
core   0: 0x80000ccc (0x07518193) addi    gp, gp, 117
core   0: 3 0x80000ccc (0x07518193) x 3 0x80014d3d
core   0: 0x80000cd0 (0xfec1c603) lbu     a2, -20(gp)
core   0: 3 0x80000cd0 (0xfec1c603) x12 0x00000000 mem 0x80014d29
core   0: 0x80000cd4 (0xfd818a03) lb      s4, -40(gp)
core   0: 3 0x80000cd4 (0xfd818a03) x20 0x00000000 mem 0x80014d15
core   0: 0x80000cd8 (0x034c95b3) mulh    a1, s9, s4
core   0: 3 0x80000cd8 (0x034c95b3) x11 0x00000000
core   0: 0x80000cdc (0xfd81cd03) lbu     s10, -40(gp)
core   0: 3 0x80000cdc (0xfd81cd03) x26 0x00000000 mem 0x80014d15
core   0: 0x80000ce0 (0x012d63b3) or      t2, s10, s2
core   0: 3 0x80000ce0 (0x012d63b3) x 7 0x80000c74
core   0: 0x80000ce4 (0xfd818b83) lb      s7, -40(gp)
core   0: 3 0x80000ce4 (0xfd818b83) x23 0x00000000 mem 0x80014d15
core   0: 0x80000ce8 (0xfff19283) lh      t0, -1(gp)
core   0: 3 0x80000ce8 (0xfff19283) x 5 0x00000000 mem 0x80014d3c
core   0: 0x80000cec (0x0056cf33) xor     t5, a3, t0
core   0: 3 0x80000cec (0x0056cf33) x30 0xffffffff
core   0: 0x80000cf0 (0x034d9633) mulh    a2, s11, s4
core   0: 3 0x80000cf0 (0x034d9633) x12 0x00000000
core   0: 0x80000cf4 (0x41c65533) sra     a0, a2, t3
core   0: 3 0x80000cf4 (0x41c65533) x10 0x00000000
core   0: 0x80000cf8 (0x088ae537) lui     a0, 0x88ae
core   0: 3 0x80000cf8 (0x088ae537) x10 0x088ae000
core   0: 0x80000cfc (0x01c18b23) sb      t3, 22(gp)
core   0: 3 0x80000cfc (0x01c18b23) mem 0x80014d53 0x4
core   0: 0x80000d00 (0x03d19ba3) sh      t4, 55(gp)
core   0: 3 0x80000d00 (0x03d19ba3) mem 0x80014d74 0x0ae8
core   0: 0x80000d04 (0x03019ba3) sh      a6, 55(gp)
core   0: 3 0x80000d04 (0x03019ba3) mem 0x80014d74 0xae5e
core   0: 0x80000d08 (0x03aa9733) mulh    a4, s5, s10
core   0: 3 0x80000d08 (0x03aa9733) x14 0x00000000
core   0: 0x80000d0c (0x03719703) lh      a4, 55(gp)
core   0: 3 0x80000d0c (0x03719703) x14 0xffffae5e mem 0x80014d74
core   0: 0x80000d10 (0xfcf1a303) lw      t1, -49(gp)
core   0: 3 0x80000d10 (0xfcf1a303) x 6 0x00000000 mem 0x80014d0c
core   0: 0x80000d14 (0x00011c97) auipc   s9, 0x11
core   0: 3 0x80000d14 (0x00011c97) x25 0x80011d14
core   0: 0x80000d18 (0x542c8c93) addi    s9, s9, 1346
core   0: 3 0x80000d18 (0x542c8c93) x25 0x80012256
core   0: 0x80000d1c (0x00bc8c03) lb      s8, 11(s9)
core   0: 3 0x80000d1c (0x00bc8c03) x24 0x00000000 mem 0x80012261
core   0: 0x80000d20 (0xff3cc183) lbu     gp, -13(s9)
core   0: 3 0x80000d20 (0xff3cc183) x 3 0x00000000 mem 0x80012249
core   0: 0x80000d24 (0xff4cd683) lhu     a3, -12(s9)
core   0: 3 0x80000d24 (0xff4cd683) x13 0x00000000 mem 0x8001224a
core   0: 0x80000d28 (0x010c8983) lb      s3, 16(s9)
core   0: 3 0x80000d28 (0x010c8983) x19 0x00000000 mem 0x80012266
core   0: 0x80000d2c (0x03ff3433) mulhu   s0, t5, t6
core   0: 3 0x80000d2c (0x03ff3433) x 8 0x80025e63
core   0: 0x80000d30 (0x0261b833) mulhu   a6, gp, t1
core   0: 3 0x80000d30 (0x0261b833) x16 0x00000000
core   0: 0x80000d34 (0x41f2de33) sra     t3, t0, t6
core   0: 3 0x80000d34 (0x41f2de33) x28 0x00000000
core   0: 0x80000d38 (0x00bcc203) lbu     tp, 11(s9)
core   0: 3 0x80000d38 (0x00bcc203) x 4 0x00000000 mem 0x80012261
core   0: 0x80000d3c (0x01bdaa33) slt     s4, s11, s11
core   0: 3 0x80000d3c (0x01bdaa33) x20 0x00000000
core   0: 0x80000d40 (0xff9cca83) lbu     s5, -7(s9)
core   0: 3 0x80000d40 (0xff9cca83) x21 0x00000000 mem 0x8001224f
core   0: 0x80000d44 (0x01d29433) sll     s0, t0, t4
core   0: 3 0x80000d44 (0x01d29433) x 8 0x00000000
core   0: 0x80000d48 (0x01d69c33) sll     s8, a3, t4
core   0: 3 0x80000d48 (0x01d69c33) x24 0x00000000
core   0: 0x80000d4c (0x01cac633) xor     a2, s5, t3
core   0: 3 0x80000d4c (0x01cac633) x12 0x00000000
core   0: 0x80000d50 (0x01233433) sltu    s0, t1, s2
core   0: 3 0x80000d50 (0x01233433) x 8 0x00000001
core   0: 0x80000d54 (0x009ef933) and     s2, t4, s1
core   0: 3 0x80000d54 (0x009ef933) x18 0x000208e0
core   0: 0x80000d58 (0x01b8c933) xor     s2, a7, s11
core   0: 3 0x80000d58 (0x01b8c933) x18 0x00000404
core   0: 0x80000d5c (0x28c95037) lui     zero, 0x28c95
core   0: 3 0x80000d5c (0x28c95037)
core   0: 0x80000d60 (0x03e41233) mulh    tp, s0, t5
core   0: 3 0x80000d60 (0x03e41233) x 4 0xffffffff
core   0: 0x80000d64 (0x6b372a13) slti    s4, a4, 1715
core   0: 3 0x80000d64 (0x6b372a13) x20 0x00000001
core   0: 0x80000d68 (0x00fcc703) lbu     a4, 15(s9)
core   0: 3 0x80000d68 (0x00fcc703) x14 0x00000000 mem 0x80012265
core   0: 0x80000d6c (0x00e82f33) slt     t5, a6, a4
core   0: 3 0x80000d6c (0x00e82f33) x30 0x00000000
core   0: 0x80000d70 (0xdba50293) addi    t0, a0, -582
core   0: 3 0x80000d70 (0xdba50293) x 5 0x088addba
core   0: 0x80000d74 (0xfebc8c23) sb      a1, -8(s9)
core   0: 3 0x80000d74 (0xfebc8c23) mem 0x8001224e 0x0
core   0: 0x80000d78 (0x416605b3) sub     a1, a2, s6
core   0: 3 0x80000d78 (0x416605b3) x11 0x7ffe51c4
core   0: 0x80000d7c (0x008cc983) lbu     s3, 8(s9)
core   0: 3 0x80000d7c (0x008cc983) x19 0x00000000 mem 0x8001225e
core   0: 0x80000d80 (0xff6cd983) lhu     s3, -10(s9)
core   0: 3 0x80000d80 (0xff6cd983) x19 0x00000000 mem 0x8001224c
core   0: 0x80000d84 (0x00018e17) auipc   t3, 0x18
core   0: 3 0x80000d84 (0x00018e17) x28 0x80018d84
core   0: 0x80000d88 (0x0a2e0e13) addi    t3, t3, 162
core   0: 3 0x80000d88 (0x0a2e0e13) x28 0x80018e26
core   0: 0x80000d8c (0x8492c413) xori    s0, t0, -1975
core   0: 3 0x80000d8c (0x8492c413) x 8 0xf77525f3
core   0: 0x80000d90 (0x00be2323) sw      a1, 6(t3)
core   0: 3 0x80000d90 (0x00be2323) mem 0x80018e2c 0x7ffe51c4
core   0: 0x80000d94 (0x005e0da3) sb      t0, 27(t3)
core   0: 3 0x80000d94 (0x005e0da3) mem 0x80018e41 0xba
core   0: 0x80000d98 (0x01de0283) lb      t0, 29(t3)
core   0: 3 0x80000d98 (0x01de0283) x 5 0x00000000 mem 0x80018e43
core   0: 0x80000d9c (0x0252b5b3) mulhu   a1, t0, t0
core   0: 3 0x80000d9c (0x0252b5b3) x11 0x00000000
core   0: 0x80000da0 (0x028455b3) divu    a1, s0, s0
core   0: 3 0x80000da0 (0x028455b3) x11 0x00000001
core   0: 0x80000da4 (0xc61efe93) andi    t4, t4, -927
core   0: 3 0x80000da4 (0xc61efe93) x29 0x1a930860
core   0: 0x80000da8 (0x03dc6633) rem     a2, s8, t4
core   0: 3 0x80000da8 (0x03dc6633) x12 0x00000000
core   0: 0x80000dac (0x02ae2c03) lw      s8, 42(t3)
core   0: 3 0x80000dac (0x02ae2c03) x24 0x00000000 mem 0x80018e50
core   0: 0x80000db0 (0x00829c33) sll     s8, t0, s0
core   0: 3 0x80000db0 (0x00829c33) x24 0x00000000
core   0: 0x80000db4 (0x025e00a3) sb      t0, 33(t3)
core   0: 3 0x80000db4 (0x025e00a3) mem 0x80018e47 0x0
core   0: 0x80000db8 (0xfc5e0c23) sb      t0, -40(t3)
core   0: 3 0x80000db8 (0xfc5e0c23) mem 0x80018dfe 0x0
core   0: 0x80000dbc (0x02867633) remu    a2, a2, s0
core   0: 3 0x80000dbc (0x02867633) x12 0x00000000
core   0: 0x80000dc0 (0x009e0583) lb      a1, 9(t3)
core   0: 3 0x80000dc0 (0x009e0583) x11 0x0000007f mem 0x80018e2f
core   0: 0x80000dc4 (0xfe8e0ea3) sb      s0, -3(t3)
core   0: 3 0x80000dc4 (0xfe8e0ea3) mem 0x80018e23 0xf3
core   0: 0x80000dc8 (0x7cec0c13) addi    s8, s8, 1998
core   0: 3 0x80000dc8 (0x7cec0c13) x24 0x000007ce
core   0: 0x80000dcc (0x00ce2923) sw      a2, 18(t3)
core   0: 3 0x80000dcc (0x00ce2923) mem 0x80018e38 0x00000000
core   0: 0x80000dd0 (0x033e4603) lbu     a2, 51(t3)
core   0: 3 0x80000dd0 (0x033e4603) x12 0x00000000 mem 0x80018e59
core   0: 0x80000dd4 (0xff7e0c03) lb      s8, -9(t3)
core   0: 3 0x80000dd4 (0xff7e0c03) x24 0x00000000 mem 0x80018e1d
core   0: 0x80000dd8 (0x4155de93) srai    t4, a1, 21
core   0: 3 0x80000dd8 (0x4155de93) x29 0x00000000
core   0: 0x80000ddc (0x9025c293) xori    t0, a1, -1790
core   0: 3 0x80000ddc (0x9025c293) x 5 0xfffff97d
core   0: 0x80000de0 (0x028ec2b3) div     t0, t4, s0
core   0: 3 0x80000de0 (0x028ec2b3) x 5 0x00000000
core   0: 0x80000de4 (0xb2e5c593) xori    a1, a1, -1234
core   0: 3 0x80000de4 (0xb2e5c593) x11 0xfffffb51
core   0: 0x80000de8 (0x01ae0283) lb      t0, 26(t3)
core   0: 3 0x80000de8 (0x01ae0283) x 5 0x00000000 mem 0x80018e40
core   0: 0x80000dec (0x03dc4633) div     a2, s8, t4
core   0: 3 0x80000dec (0x03dc4633) x12 0xffffffff
core   0: 0x80000df0 (0x004e1e83) lh      t4, 4(t3)
core   0: 3 0x80000df0 (0x004e1e83) x29 0x00000000 mem 0x80018e2a
core   0: 0x80000df4 (0x03ce1603) lh      a2, 60(t3)
core   0: 3 0x80000df4 (0x03ce1603) x12 0x00000000 mem 0x80018e62
core   0: 0x80000df8 (0xfc6e2c03) lw      s8, -58(t3)
core   0: 3 0x80000df8 (0xfc6e2c03) x24 0x00000000 mem 0x80018dec
core   0: 0x80000dfc (0x02fe0603) lb      a2, 47(t3)
core   0: 3 0x80000dfc (0x02fe0603) x12 0x00000000 mem 0x80018e55
core   0: 0x80000e00 (0xfd4e4583) lbu     a1, -44(t3)
core   0: 3 0x80000e00 (0xfd4e4583) x11 0x00000000 mem 0x80018dfa
core   0: 0x80000e04 (0x02ce1923) sh      a2, 50(t3)
core   0: 3 0x80000e04 (0x02ce1923) mem 0x80018e58 0x0000
core   0: 0x80000e08 (0x008e1023) sh      s0, 0(t3)
core   0: 3 0x80000e08 (0x008e1023) mem 0x80018e26 0x25f3
core   0: 0x80000e0c (0xfc5e1723) sh      t0, -50(t3)
core   0: 3 0x80000e0c (0xfc5e1723) mem 0x80018df4 0x0000
core   0: 0x80000e10 (0x025e0a23) sb      t0, 52(t3)
core   0: 3 0x80000e10 (0x025e0a23) mem 0x80018e5a 0x0
core   0: 0x80000e14 (0x49cabc37) lui     s8, 0x49cab
core   0: 3 0x80000e14 (0x49cabc37) x24 0x49cab000
core   0: 0x80000e18 (0x018e1123) sh      s8, 2(t3)
core   0: 3 0x80000e18 (0x018e1123) mem 0x80018e28 0xb000
core   0: 0x80000e1c (0x02cc45b3) div     a1, s8, a2
core   0: 3 0x80000e1c (0x02cc45b3) x11 0xffffffff
core   0: 0x80000e20 (0x001e4583) lbu     a1, 1(t3)
core   0: 3 0x80000e20 (0x001e4583) x11 0x00000025 mem 0x80018e27
core   0: 0x80000e24 (0xfcbe09a3) sb      a1, -45(t3)
core   0: 3 0x80000e24 (0xfcbe09a3) mem 0x80018df9 0x25
core   0: 0x80000e28 (0x03de0ca3) sb      t4, 57(t3)
core   0: 3 0x80000e28 (0x03de0ca3) mem 0x80018e5f 0x0
core   0: 0x80000e2c (0x00010c97) auipc   s9, 0x10
core   0: 3 0x80000e2c (0x00010c97) x25 0x80010e2c
core   0: 0x80000e30 (0x877c8c93) addi    s9, s9, -1929
core   0: 3 0x80000e30 (0x877c8c93) x25 0x800106a3
core   0: 0x80000e34 (0x058c8583) lb      a1, 88(s9)
core   0: 3 0x80000e34 (0x058c8583) x11 0x00000000 mem 0x800106fb
core   0: 0x80000e38 (0x41a6d9b3) sra     s3, a3, s10
core   0: 3 0x80000e38 (0x41a6d9b3) x19 0x00000000
core   0: 0x80000e3c (0x01320233) add     tp, tp, s3
core   0: 3 0x80000e3c (0x01320233) x 4 0xffffffff
core   0: 0x80000e40 (0x074cc503) lbu     a0, 116(s9)
core   0: 3 0x80000e40 (0x074cc503) x10 0x00000000 mem 0x80010717
core   0: 0x80000e44 (0x01a54233) xor     tp, a0, s10
core   0: 3 0x80000e44 (0x01a54233) x 4 0x00000000
core   0: 0x80000e48 (0xfb6c8983) lb      s3, -74(s9)
core   0: 3 0x80000e48 (0xfb6c8983) x19 0x00000000 mem 0x80010659
core   0: 0x80000e4c (0xf89cc683) lbu     a3, -119(s9)
core   0: 3 0x80000e4c (0xf89cc683) x13 0x00000000 mem 0x8001062c
core   0: 0x80000e50 (0x013985b3) add     a1, s3, s3
core   0: 3 0x80000e50 (0x013985b3) x11 0x00000000
core   0: 0x80000e54 (0xf13c8c23) sb      s3, -232(s9)
core   0: 3 0x80000e54 (0xf13c8c23) mem 0x800105bb 0x0
core   0: 0x80000e58 (0x0ceccd03) lbu     s10, 206(s9)
core   0: 3 0x80000e58 (0x0ceccd03) x26 0x00000000 mem 0x80010771
core   0: 0x80000e5c (0x40d98233) sub     tp, s3, a3
core   0: 3 0x80000e5c (0x40d98233) x 4 0x00000000
core   0: 0x80000e60 (0x02d539b3) mulhu   s3, a0, a3
core   0: 3 0x80000e60 (0x02d539b3) x19 0x00000000
core   0: 0x80000e64 (0xf4bc8423) sb      a1, -184(s9)
core   0: 3 0x80000e64 (0xf4bc8423) mem 0x800105eb 0x0
core   0: 0x80000e68 (0x02bc9aa3) sh      a1, 53(s9)
core   0: 3 0x80000e68 (0x02bc9aa3) mem 0x800106d8 0x0000
core   0: 0x80000e6c (0x004506b3) add     a3, a0, tp
core   0: 3 0x80000e6c (0x004506b3) x13 0x00000000
core   0: 0x80000e70 (0xf6dca4a3) sw      a3, -151(s9)
core   0: 3 0x80000e70 (0xf6dca4a3) mem 0x8001060c 0x00000000
core   0: 0x80000e74 (0x40b5d9b3) sra     s3, a1, a1
core   0: 3 0x80000e74 (0x40b5d9b3) x19 0x00000000
core   0: 0x80000e78 (0x006cc983) lbu     s3, 6(s9)
core   0: 3 0x80000e78 (0x006cc983) x19 0x00000000 mem 0x800106a9
core   0: 0x80000e7c (0x01ad1d33) sll     s10, s10, s10
core   0: 3 0x80000e7c (0x01ad1d33) x26 0x00000000
core   0: 0x80000e80 (0x03ad39b3) mulhu   s3, s10, s10
core   0: 3 0x80000e80 (0x03ad39b3) x19 0x00000000
core   0: 0x80000e84 (0x02b996b3) mulh    a3, s3, a1
core   0: 3 0x80000e84 (0x02b996b3) x13 0x00000000
core   0: 0x80000e88 (0xf8dc9fa3) sh      a3, -97(s9)
core   0: 3 0x80000e88 (0xf8dc9fa3) mem 0x80010642 0x0000
core   0: 0x80000e8c (0x40a6d6b3) sra     a3, a3, a0
core   0: 3 0x80000e8c (0x40a6d6b3) x13 0x00000000
core   0: 0x80000e90 (0xfb1c8983) lb      s3, -79(s9)
core   0: 3 0x80000e90 (0xfb1c8983) x19 0x00000000 mem 0x80010654
core   0: 0x80000e94 (0x065cc683) lbu     a3, 101(s9)
core   0: 3 0x80000e94 (0x065cc683) x13 0x00000000 mem 0x80010708
core   0: 0x80000e98 (0xff3c8723) sb      s3, -18(s9)
core   0: 3 0x80000e98 (0xff3c8723) mem 0x80010691 0x0
core   0: 0x80000e9c (0x00010717) auipc   a4, 0x10
core   0: 3 0x80000e9c (0x00010717) x14 0x80010e9c
core   0: 0x80000ea0 (0xfd870713) addi    a4, a4, -40
core   0: 3 0x80000ea0 (0xfd870713) x14 0x80010e74
core   0: 0x80000ea4 (0x03671983) lh      s3, 54(a4)
core   0: 3 0x80000ea4 (0x03671983) x19 0x00000000 mem 0x80010eaa
core   0: 0x80000ea8 (0x02ca3ab3) mulhu   s5, s4, a2
core   0: 3 0x80000ea8 (0x02ca3ab3) x21 0x00000000
core   0: 0x80000eac (0x02b70f03) lb      t5, 43(a4)
core   0: 3 0x80000eac (0x02b70f03) x30 0x00000000 mem 0x80010e9f
core   0: 0x80000eb0 (0xf6f72023) sw      a5, -160(a4)
core   0: 3 0x80000eb0 (0xf6f72023) mem 0x80010dd4 0x80000c94
core   0: 0x80000eb4 (0xffb70603) lb      a2, -5(a4)
core   0: 3 0x80000eb4 (0xffb70603) x12 0x00000000 mem 0x80010e6f
core   0: 0x80000eb8 (0x40db8533) sub     a0, s7, a3
core   0: 3 0x80000eb8 (0x40db8533) x10 0x00000000
core   0: 0x80000ebc (0x096706a3) sb      s6, 141(a4)
core   0: 3 0x80000ebc (0x096706a3) mem 0x80010f01 0x3c
core   0: 0x80000ec0 (0x09d70883) lb      a7, 157(a4)
core   0: 3 0x80000ec0 (0x09d70883) x17 0x00000000 mem 0x80010f11
core   0: 0x80000ec4 (0x0064dab3) srl     s5, s1, t1
core   0: 3 0x80000ec4 (0x0064dab3) x21 0x80029ce4
core   0: 0x80000ec8 (0x408f5833) sra     a6, t5, s0
core   0: 3 0x80000ec8 (0x408f5833) x16 0x00000000
core   0: 0x80000ecc (0x0f270903) lb      s2, 242(a4)
core   0: 3 0x80000ecc (0x0f270903) x18 0x00000000 mem 0x80010f66
core   0: 0x80000ed0 (0x018e5513) srli    a0, t3, 24
core   0: 3 0x80000ed0 (0x018e5513) x10 0x00000080
core   0: 0x80000ed4 (0xf3770b03) lb      s6, -201(a4)
core   0: 3 0x80000ed4 (0xf3770b03) x22 0x00000000 mem 0x80010dab
core   0: 0x80000ed8 (0x2e582413) slti    s0, a6, 741
core   0: 3 0x80000ed8 (0x2e582413) x 8 0x00000001
core   0: 0x80000edc (0x0be74d03) lbu     s10, 190(a4)
core   0: 3 0x80000edc (0x0be74d03) x26 0x00000000 mem 0x80010f32
core   0: 0x80000ee0 (0x011bef33) or      t5, s7, a7
core   0: 3 0x80000ee0 (0x011bef33) x30 0x00000000
core   0: 0x80000ee4 (0xf8670fa3) sb      t1, -97(a4)
core   0: 3 0x80000ee4 (0xf8670fa3) mem 0x80010e13 0x0
core   0: 0x80000ee8 (0xf8770683) lb      a3, -121(a4)
core   0: 3 0x80000ee8 (0xf8770683) x13 0x00000007 mem 0x80010dfb
core   0: 0x80000eec (0x41ca8a33) sub     s4, s5, t3
core   0: 3 0x80000eec (0x41ca8a33) x20 0x00010ebe
core   0: 0x80000ef0 (0xfab352b7) lui     t0, 0xfab35
core   0: 3 0x80000ef0 (0xfab352b7) x 5 0xfab35000
core   0: 0x80000ef4 (0xfc974783) lbu     a5, -55(a4)
core   0: 3 0x80000ef4 (0xfc974783) x15 0x00000000 mem 0x80010e3d
core   0: 0x80000ef8 (0xf4074383) lbu     t2, -192(a4)
core   0: 3 0x80000ef8 (0xf4074383) x 7 0x00000000 mem 0x80010db4
core   0: 0x80000efc (0x03609633) mulh    a2, ra, s6
core   0: 3 0x80000efc (0x03609633) x12 0x00000000
core   0: 0x80000f00 (0xf2f70683) lb      a3, -209(a4)
core   0: 3 0x80000f00 (0xf2f70683) x13 0x00000000 mem 0x80010da3
core   0: 0x80000f04 (0x01cd20b3) slt     ra, s10, t3
core   0: 3 0x80000f04 (0x01cd20b3) x 1 0x00000000
core   0: 0x80000f08 (0xfeb70683) lb      a3, -21(a4)
core   0: 3 0x80000f08 (0xfeb70683) x13 0x00000000 mem 0x80010e5f
core   0: 0x80000f0c (0x00000013) nop
core   0: 3 0x80000f0c (0x00000013)
core   0: 0x80000f10 (0x00ea7833) and     a6, s4, a4
core   0: 3 0x80000f10 (0x00ea7833) x16 0x00010e34
core   0: 0x80000f14 (0x06570883) lb      a7, 101(a4)
core   0: 3 0x80000f14 (0x06570883) x17 0x00000000 mem 0x80010ed9
core   0: 0x80000f18 (0x0ff70fa3) sb      t6, 255(a4)
core   0: 3 0x80000f18 (0x0ff70fa3) mem 0x80010f73 0x64
core   0: 0x80000f1c (0x008e8a33) add     s4, t4, s0
core   0: 3 0x80000f1c (0x008e8a33) x20 0x00000001
core   0: 0x80000f20 (0x008881b3) add     gp, a7, s0
core   0: 3 0x80000f20 (0x008881b3) x 3 0x00000001
core   0: 0x80000f24 (0xf6674783) lbu     a5, -154(a4)
core   0: 3 0x80000f24 (0xf6674783) x15 0x00000000 mem 0x80010dda
core   0: 0x80000f28 (0x01e470b3) and     ra, s0, t5
core   0: 3 0x80000f28 (0x01e470b3) x 1 0x00000000
core   0: 0x80000f2c (0xc6ae4b17) auipc   s6, 0xc6ae4
core   0: 3 0x80000f2c (0xc6ae4b17) x22 0x46ae4f2c
core   0: 0x80000f30 (0x0389bbb3) mulhu   s7, s3, s8
core   0: 3 0x80000f30 (0x0389bbb3) x23 0x00000000
core   0: 0x80000f34 (0x01c64033) xor     zero, a2, t3
core   0: 3 0x80000f34 (0x01c64033)
core   0: 0x80000f38 (0xf0870ca3) sb      s0, -231(a4)
core   0: 3 0x80000f38 (0xf0870ca3) mem 0x80010d8d 0x1
core   0: 0x80000f3c (0x02d70d83) lb      s11, 45(a4)
core   0: 3 0x80000f3c (0x02d70d83) x27 0x00000000 mem 0x80010ea1
core   0: 0x80000f40 (0xf4b74383) lbu     t2, -181(a4)
core   0: 3 0x80000f40 (0xf4b74383) x 7 0x00000000 mem 0x80010dbf
core   0: 0x80000f44 (0x419103b3) sub     t2, sp, s9
core   0: 3 0x80000f44 (0x419103b3) x 7 0xfffef95d
core   0: 0x80000f48 (0x863e2a13) slti    s4, t3, -1949
core   0: 3 0x80000f48 (0x863e2a13) x20 0x00000001
core   0: 0x80000f4c (0x01f47533) and     a0, s0, t6
core   0: 3 0x80000f4c (0x01f47533) x10 0x00000000
core   0: 0x80000f50 (0x41a785b3) sub     a1, a5, s10
core   0: 3 0x80000f50 (0x41a785b3) x11 0x00000000
core   0: 0x80000f54 (0x01ce46b3) xor     a3, t3, t3
core   0: 3 0x80000f54 (0x01ce46b3) x13 0x00000000
core   0: 0x80000f58 (0x0a9705a3) sb      s1, 171(a4)
core   0: 3 0x80000f58 (0x0a9705a3) mem 0x80010f1f 0xe4
core   0: 0x80000f5c (0xfb6700a3) sb      s6, -95(a4)
core   0: 3 0x80000f5c (0xfb6700a3) mem 0x80010e15 0x2c
core   0: 0x80000f60 (0xffe70303) lb      t1, -2(a4)
core   0: 3 0x80000f60 (0xffe70303) x 6 0x00000000 mem 0x80010e72
core   0: 0x80000f64 (0x00975413) srli    s0, a4, 9
core   0: 3 0x80000f64 (0x00975413) x 8 0x00400087
core   0: 0x80000f68 (0x3a64e813) ori     a6, s1, 934
core   0: 3 0x80000f68 (0x3a64e813) x16 0x80029fe6
core   0: 0x80000f6c (0x06270b83) lb      s7, 98(a4)
core   0: 3 0x80000f6c (0x06270b83) x23 0x00000000 mem 0x80010ed6
core   0: 0x80000f70 (0xf6671f23) sh      t1, -130(a4)
core   0: 3 0x80000f70 (0xf6671f23) mem 0x80010df2 0x0000
core   0: 0x80000f74 (0x011af533) and     a0, s5, a7
core   0: 3 0x80000f74 (0x011af533) x10 0x00000000
core   0: 0x80000f78 (0xf4671e03) lh      t3, -186(a4)
core   0: 3 0x80000f78 (0xf4671e03) x28 0x00000000 mem 0x80010dba
core   0: 0x80000f7c (0x757f0893) addi    a7, t5, 1879
core   0: 3 0x80000f7c (0x757f0893) x17 0x00000757
core   0: 0x80000f80 (0x08a74003) lbu     zero, 138(a4)
core   0: 3 0x80000f80 (0x08a74003) mem 0x80010efe
core   0: 0x80000f84 (0x021c9333) mulh    t1, s9, ra
core   0: 3 0x80000f84 (0x021c9333) x 6 0x00000000
core   0: 0x80000f88 (0x0f075783) lhu     a5, 240(a4)
core   0: 3 0x80000f88 (0x0f075783) x15 0x00000000 mem 0x80010f64
core   0: 0x80000f8c (0x0001b997) auipc   s3, 0x1b
core   0: 3 0x80000f8c (0x0001b997) x19 0x8001bf8c
core   0: 0x80000f90 (0xd3798993) addi    s3, s3, -713
core   0: 3 0x80000f90 (0xd3798993) x19 0x8001bcc3
core   0: 0x80000f94 (0x08398c23) sb      gp, 152(s3)
core   0: 3 0x80000f94 (0x08398c23) mem 0x8001bd5b 0x1
core   0: 0x80000f98 (0x0073a1b3) slt     gp, t2, t2
core   0: 3 0x80000f98 (0x0073a1b3) x 3 0x00000000
core   0: 0x80000f9c (0x03e92f33) mulhsu  t5, s2, t5
core   0: 3 0x80000f9c (0x03e92f33) x30 0x00000000
core   0: 0x80000fa0 (0x0599d703) lhu     a4, 89(s3)
core   0: 3 0x80000fa0 (0x0599d703) x14 0x00000000 mem 0x8001bd1c
core   0: 0x80000fa4 (0x03e38733) mul     a4, t2, t5
core   0: 3 0x80000fa4 (0x03e38733) x14 0x00000000
core   0: 0x80000fa8 (0x09898083) lb      ra, 152(s3)
core   0: 3 0x80000fa8 (0x09898083) x 1 0x00000001 mem 0x8001bd5b
core   0: 0x80000fac (0xfe1981a3) sb      ra, -29(s3)
core   0: 3 0x80000fac (0xfe1981a3) mem 0x8001bca6 0x1
core   0: 0x80000fb0 (0x006f1093) slli    ra, t5, 6
core   0: 3 0x80000fb0 (0x006f1093) x 1 0x00000000
core   0: 0x80000fb4 (0x4123d733) sra     a4, t2, s2
core   0: 3 0x80000fb4 (0x4123d733) x14 0xfffef95d
core   0: 0x80000fb8 (0x00109f33) sll     t5, ra, ra
core   0: 3 0x80000fb8 (0x00109f33) x30 0x00000000
core   0: 0x80000fbc (0x01b99183) lh      gp, 27(s3)
core   0: 3 0x80000fbc (0x01b99183) x 3 0x00000000 mem 0x8001bcde
core   0: 0x80000fc0 (0x023f00b3) mul     ra, t5, gp
core   0: 3 0x80000fc0 (0x023f00b3) x 1 0x00000000
core   0: 0x80000fc4 (0x4130d713) srai    a4, ra, 19
core   0: 3 0x80000fc4 (0x4130d713) x14 0x00000000
core   0: 0x80000fc8 (0xfce98383) lb      t2, -50(s3)
core   0: 3 0x80000fc8 (0xfce98383) x 7 0x00000000 mem 0x8001bc91
core   0: 0x80000fcc (0xf4799083) lh      ra, -185(s3)
core   0: 3 0x80000fcc (0xf4799083) x 1 0x00000000 mem 0x8001bc0a
core   0: 0x80000fd0 (0x023f2f33) mulhsu  t5, t5, gp
core   0: 3 0x80000fd0 (0x023f2f33) x30 0x00000000
core   0: 0x80000fd4 (0x03291733) mulh    a4, s2, s2
core   0: 3 0x80000fd4 (0x03291733) x14 0x00000000
core   0: 0x80000fd8 (0x01e72f33) slt     t5, a4, t5
core   0: 3 0x80000fd8 (0x01e72f33) x30 0x00000000
core   0: 0x80000fdc (0x0c498083) lb      ra, 196(s3)
core   0: 3 0x80000fdc (0x0c498083) x 1 0x00000000 mem 0x8001bd87
core   0: 0x80000fe0 (0x0457a0b7) lui     ra, 0x457a
core   0: 3 0x80000fe0 (0x0457a0b7) x 1 0x0457a000
core   0: 0x80000fe4 (0x021f20b3) mulhsu  ra, t5, ra
core   0: 3 0x80000fe4 (0x021f20b3) x 1 0x00000000
core   0: 0x80000fe8 (0x4071d3b3) sra     t2, gp, t2
core   0: 3 0x80000fe8 (0x4071d3b3) x 7 0x00000000
core   0: 0x80000fec (0x0013af33) slt     t5, t2, ra
core   0: 3 0x80000fec (0x0013af33) x30 0x00000000
core   0: 0x80000ff0 (0xe7018913) addi    s2, gp, -400
core   0: 3 0x80000ff0 (0xe7018913) x18 0xfffffe70
core   0: 0x80000ff4 (0xbe80e193) ori     gp, ra, -1048
core   0: 3 0x80000ff4 (0xbe80e193) x 3 0xfffffbe8
core   0: 0x80000ff8 (0x06798523) sb      t2, 106(s3)
core   0: 3 0x80000ff8 (0x06798523) mem 0x8001bd2d 0x0
core   0: 0x80000ffc (0x06798c23) sb      t2, 120(s3)
core   0: 3 0x80000ffc (0x06798c23) mem 0x8001bd3b 0x0
core   0: 0x80001000 (0x40ef5f33) sra     t5, t5, a4
core   0: 3 0x80001000 (0x40ef5f33) x30 0x00000000
core   0: 0x80001004 (0x0ef99903) lh      s2, 239(s3)
core   0: 3 0x80001004 (0x0ef99903) x18 0x00000000 mem 0x8001bdb2
core   0: 0x80001008 (0x007f1733) sll     a4, t5, t2
core   0: 3 0x80001008 (0x007f1733) x14 0x00000000
core   0: 0x8000100c (0xf8798083) lb      ra, -121(s3)
core   0: 3 0x8000100c (0xf8798083) x 1 0x00000000 mem 0x8001bc4a
core   0: 0x80001010 (0x00739933) sll     s2, t2, t2
core   0: 3 0x80001010 (0x00739933) x18 0x00000000
core   0: 0x80001014 (0x02f9d903) lhu     s2, 47(s3)
core   0: 3 0x80001014 (0x02f9d903) x18 0x00000000 mem 0x8001bcf2
core   0: 0x80001018 (0x023380b3) mul     ra, t2, gp
core   0: 3 0x80001018 (0x023380b3) x 1 0x00000000
core   0: 0x8000101c (0x01e1e0b3) or      ra, gp, t5
core   0: 3 0x8000101c (0x01e1e0b3) x 1 0xfffffbe8
core   0: 0x80001020 (0x0bf9d383) lhu     t2, 191(s3)
core   0: 3 0x80001020 (0x0bf9d383) x 7 0x00000000 mem 0x8001bd82
core   0: 0x80001024 (0xfac98903) lb      s2, -84(s3)
core   0: 3 0x80001024 (0xfac98903) x18 0x00000000 mem 0x8001bc6f
core   0: 0x80001028 (0x00011997) auipc   s3, 0x11
core   0: 3 0x80001028 (0x00011997) x19 0x80012028
core   0: 0x8000102c (0xb7c98993) addi    s3, s3, -1156
core   0: 3 0x8000102c (0xb7c98993) x19 0x80011ba4
core   0: 0x80001030 (0xf7198f03) lb      t5, -143(s3)
core   0: 3 0x80001030 (0xf7198f03) x30 0x00000000 mem 0x80011b15
core   0: 0x80001034 (0xc2266693) ori     a3, a2, -990
core   0: 3 0x80001034 (0xc2266693) x13 0xfffffc22
core   0: 0x80001038 (0x02099603) lh      a2, 32(s3)
core   0: 3 0x80001038 (0x02099603) x12 0x00000000 mem 0x80011bc4
core   0: 0x8000103c (0xfac989a3) sb      a2, -77(s3)
core   0: 3 0x8000103c (0xfac989a3) mem 0x80011b57 0x0
core   0: 0x80001040 (0x00c630b3) sltu    ra, a2, a2
core   0: 3 0x80001040 (0x00c630b3) x 1 0x00000000
core   0: 0x80001044 (0x07899d23) sh      s8, 122(s3)
core   0: 3 0x80001044 (0x07899d23) mem 0x80011c1e 0xb000
core   0: 0x80001048 (0x03e656b3) divu    a3, a2, t5
core   0: 3 0x80001048 (0x03e656b3) x13 0xffffffff
core   0: 0x8000104c (0x0080c6b3) xor     a3, ra, s0
core   0: 3 0x8000104c (0x0080c6b3) x13 0x00400087
core   0: 0x80001050 (0x07b98f03) lb      t5, 123(s3)
core   0: 3 0x80001050 (0x07b98f03) x30 0xffffffb0 mem 0x80011c1f
core   0: 0x80001054 (0xf2c985a3) sb      a2, -213(s3)
core   0: 3 0x80001054 (0xf2c985a3) mem 0x80011acf 0x0
core   0: 0x80001058 (0x0a798083) lb      ra, 167(s3)
core   0: 3 0x80001058 (0x0a798083) x 1 0x00000000 mem 0x80011c4b
core   0: 0x8000105c (0xf799c683) lbu     a3, -135(s3)
core   0: 3 0x8000105c (0xf799c683) x13 0x00000000 mem 0x80011b1d
core   0: 0x80001060 (0x00d44633) xor     a2, s0, a3
core   0: 3 0x80001060 (0x00d44633) x12 0x00400087
core   0: 0x80001064 (0x02f9cc03) lbu     s8, 47(s3)
core   0: 3 0x80001064 (0x02f9cc03) x24 0x00000000 mem 0x80011bd3
core   0: 0x80001068 (0xf089ae23) sw      s0, -228(s3)
core   0: 3 0x80001068 (0xf089ae23) mem 0x80011ac0 0x00400087
core   0: 0x8000106c (0x0ce98083) lb      ra, 206(s3)
core   0: 3 0x8000106c (0x0ce98083) x 1 0x00000000 mem 0x80011c72
core   0: 0x80001070 (0x46a0c693) xori    a3, ra, 1130
core   0: 3 0x80001070 (0x46a0c693) x13 0x0000046a
core   0: 0x80001074 (0xf5899e23) sh      s8, -164(s3)
core   0: 3 0x80001074 (0xf5899e23) mem 0x80011b00 0x0000
core   0: 0x80001078 (0x018446b3) xor     a3, s0, s8
core   0: 3 0x80001078 (0x018446b3) x13 0x00400087
core   0: 0x8000107c (0xef49ef37) lui     t5, 0xef49e
core   0: 3 0x8000107c (0xef49ef37) x30 0xef49e000
core   0: 0x80001080 (0x01e0a0b3) slt     ra, ra, t5
core   0: 3 0x80001080 (0x01e0a0b3) x 1 0x00000000
core   0: 0x80001084 (0x08a99403) lh      s0, 138(s3)
core   0: 3 0x80001084 (0x08a99403) x 8 0x00000000 mem 0x80011c2e
core   0: 0x80001088 (0xfed98083) lb      ra, -19(s3)
core   0: 3 0x80001088 (0xfed98083) x 1 0x00000000 mem 0x80011b91
core   0: 0x8000108c (0xfa798083) lb      ra, -89(s3)
core   0: 3 0x8000108c (0xfa798083) x 1 0x00000000 mem 0x80011b4b
core   0: 0x80001090 (0x8b86ff13) andi    t5, a3, -1864
core   0: 3 0x80001090 (0x8b86ff13) x30 0x00400080
core   0: 0x80001094 (0xfbb9cf03) lbu     t5, -69(s3)
core   0: 3 0x80001094 (0xfbb9cf03) x30 0x00000000 mem 0x80011b5f
core   0: 0x80001098 (0x0429c083) lbu     ra, 66(s3)
core   0: 3 0x80001098 (0x0429c083) x 1 0x00000000 mem 0x80011be6
core   0: 0x8000109c (0x0b499683) lh      a3, 180(s3)
core   0: 3 0x8000109c (0x0b499683) x13 0x00000000 mem 0x80011c58
core   0: 0x800010a0 (0x0ea99603) lh      a2, 234(s3)
core   0: 3 0x800010a0 (0x0ea99603) x12 0x00000000 mem 0x80011c8e
core   0: 0x800010a4 (0x001676b3) and     a3, a2, ra
core   0: 3 0x800010a4 (0x001676b3) x13 0x00000000
core   0: 0x800010a8 (0xf8d987a3) sb      a3, -113(s3)
core   0: 3 0x800010a8 (0xf8d987a3) mem 0x80011b33 0x0
core   0: 0x800010ac (0x021986a3) sb      ra, 45(s3)
core   0: 3 0x800010ac (0x021986a3) mem 0x80011bd1 0x0
core   0: 0x800010b0 (0x018c36b3) sltu    a3, s8, s8
core   0: 3 0x800010b0 (0x018c36b3) x13 0x00000000
core   0: 0x800010b4 (0x0599cf03) lbu     t5, 89(s3)
core   0: 3 0x800010b4 (0x0599cf03) x30 0x00000000 mem 0x80011bfd
core   0: 0x800010b8 (0x0439c083) lbu     ra, 67(s3)
core   0: 3 0x800010b8 (0x0439c083) x 1 0x00000000 mem 0x80011be7
core   0: 0x800010bc (0x720386b7) lui     a3, 0x72038
core   0: 3 0x800010bc (0x720386b7) x13 0x72038000
core   0: 0x800010c0 (0xf6d98083) lb      ra, -147(s3)
core   0: 3 0x800010c0 (0xf6d98083) x 1 0x00000000 mem 0x80011b11
core   0: 0x800010c4 (0x0da98f03) lb      t5, 218(s3)
core   0: 3 0x800010c4 (0x0da98f03) x30 0x00000000 mem 0x80011c7e
core   0: 0x800010c8 (0x0180dc33) srl     s8, ra, s8
core   0: 3 0x800010c8 (0x0180dc33) x24 0x00000000
core   0: 0x800010cc (0xf059cc03) lbu     s8, -251(s3)
core   0: 3 0x800010cc (0xf059cc03) x24 0x00000000 mem 0x80011aa9
core   0: 0x800010d0 (0x0060d613) srli    a2, ra, 6
core   0: 3 0x800010d0 (0x0060d613) x12 0x00000000
core   0: 0x800010d4 (0x02df1c33) mulh    s8, t5, a3
core   0: 3 0x800010d4 (0x02df1c33) x24 0x00000000
core   0: 0x800010d8 (0x0fe98f03) lb      t5, 254(s3)
core   0: 3 0x800010d8 (0x0fe98f03) x30 0x00000000 mem 0x80011ca2
core   0: 0x800010dc (0xf7f9cf03) lbu     t5, -129(s3)
core   0: 3 0x800010dc (0xf7f9cf03) x30 0x00000000 mem 0x80011b23
core   0: 0x800010e0 (0x008000ef) jal     pc + 0x8
core   0: 3 0x800010e0 (0x008000ef) x 1 0x800010e4
core   0: 0x800010e8 (0xffdff0ef) jal     pc - 0x4
core   0: 3 0x800010e8 (0xffdff0ef) x 1 0x800010ec
core   0: 0x800010e4 (0x030006ef) jal     a3, pc + 0x30
core   0: 3 0x800010e4 (0x030006ef) x13 0x800010e8
core   0: 0x80001114 (0xffdff9ef) jal     s3, pc - 0x4
core   0: 3 0x80001114 (0xffdff9ef) x19 0x80001118
core   0: 0x80001110 (0xffdffe6f) jal     t3, pc - 0x4
core   0: 3 0x80001110 (0xffdffe6f) x28 0x80001114
core   0: 0x8000110c (0xff1ff0ef) jal     pc - 0x10
core   0: 3 0x8000110c (0xff1ff0ef) x 1 0x80001110
core   0: 0x800010fc (0x01c0036f) jal     t1, pc + 0x1c
core   0: 3 0x800010fc (0x01c0036f) x 6 0x80001100
core   0: 0x80001118 (0xfe1ff0ef) jal     pc - 0x20
core   0: 3 0x80001118 (0xfe1ff0ef) x 1 0x8000111c
core   0: 0x800010f8 (0x00c0046f) jal     s0, pc + 0xc
core   0: 3 0x800010f8 (0x00c0046f) x 8 0x800010fc
core   0: 0x80001104 (0xfe9ff1ef) jal     gp, pc - 0x18
core   0: 3 0x80001104 (0xfe9ff1ef) x 3 0x80001108
core   0: 0x800010ec (0x0380096f) jal     s2, pc + 0x38
core   0: 3 0x800010ec (0x0380096f) x18 0x800010f0
core   0: 0x80001124 (0xfcdff36f) jal     t1, pc - 0x34
core   0: 3 0x80001124 (0xfcdff36f) x 6 0x80001128
core   0: 0x800010f0 (0x0040036f) jal     t1, pc + 0x4
core   0: 3 0x800010f0 (0x0040036f) x 6 0x800010f4
core   0: 0x800010f4 (0x02c0046f) jal     s0, pc + 0x2c
core   0: 3 0x800010f4 (0x02c0046f) x 8 0x800010f8
core   0: 0x80001120 (0xffdff36f) jal     t1, pc - 0x4
core   0: 3 0x80001120 (0xffdff36f) x 6 0x80001124
core   0: 0x8000111c (0xfe5ff0ef) jal     pc - 0x1c
core   0: 3 0x8000111c (0xfe5ff0ef) x 1 0x80001120
core   0: 0x80001100 (0x008000ef) jal     pc + 0x8
core   0: 3 0x80001100 (0x008000ef) x 1 0x80001104
core   0: 0x80001108 (0x02000c6f) jal     s8, pc + 0x20
core   0: 3 0x80001108 (0x02000c6f) x24 0x8000110c
core   0: 0x80001128 (0x013b2633) slt     a2, s6, s3
core   0: 3 0x80001128 (0x013b2633) x12 0x00000000
core   0: 0x8000112c (0x0001c417) auipc   s0, 0x1c
core   0: 3 0x8000112c (0x0001c417) x 8 0x8001d12c
core   0: 0x80001130 (0x1d740413) addi    s0, s0, 471
core   0: 3 0x80001130 (0x1d740413) x 8 0x8001d303
core   0: 0x80001134 (0x8f42bd13) sltiu   s10, t0, -1804
core   0: 3 0x80001134 (0x8f42bd13) x26 0x00000001
core   0: 0x80001138 (0x00000013) nop
core   0: 3 0x80001138 (0x00000013)
core   0: 0x8000113c (0xf3440023) sb      s4, -224(s0)
core   0: 3 0x8000113c (0xf3440023) mem 0x8001d223 0x1
core   0: 0x80001140 (0x0c844083) lbu     ra, 200(s0)
core   0: 3 0x80001140 (0x0c844083) x 1 0x00000000 mem 0x8001d3cb
core   0: 0x80001144 (0x08e41ba3) sh      a4, 151(s0)
core   0: 3 0x80001144 (0x08e41ba3) mem 0x8001d39a 0x0000
core   0: 0x80001148 (0x01340f23) sb      s3, 30(s0)
core   0: 3 0x80001148 (0x01340f23) mem 0x8001d321 0x18
core   0: 0x8000114c (0x024bca33) div     s4, s7, tp
core   0: 3 0x8000114c (0x024bca33) x20 0xffffffff
core   0: 0x80001150 (0xfd644303) lbu     t1, -42(s0)
core   0: 3 0x80001150 (0xfd644303) x 6 0x00000000 mem 0x8001d2d9
core   0: 0x80001154 (0x03e40e03) lb      t3, 62(s0)
core   0: 3 0x80001154 (0x03e40e03) x28 0x00000000 mem 0x8001d341
core   0: 0x80001158 (0xf1745f03) lhu     t5, -233(s0)
core   0: 3 0x80001158 (0xf1745f03) x30 0x00000000 mem 0x8001d21a
core   0: 0x8000115c (0x7d8b4513) xori    a0, s6, 2008
core   0: 3 0x8000115c (0x7d8b4513) x10 0x46ae48f4
core   0: 0x80001160 (0xf4c415a3) sh      a2, -181(s0)
core   0: 3 0x80001160 (0xf4c415a3) mem 0x8001d24e 0x0000
core   0: 0x80001164 (0x03342ea3) sw      s3, 61(s0)
core   0: 3 0x80001164 (0x03342ea3) mem 0x8001d340 0x80001118
core   0: 0x80001168 (0x08345b83) lhu     s7, 131(s0)
core   0: 3 0x80001168 (0x08345b83) x23 0x00000000 mem 0x8001d386
core   0: 0x8000116c (0x00000013) nop
core   0: 3 0x8000116c (0x00000013)
core   0: 0x80001170 (0x05b41983) lh      s3, 91(s0)
core   0: 3 0x80001170 (0x05b41983) x19 0x00000000 mem 0x8001d35e
core   0: 0x80001174 (0xf4541c83) lh      s9, -187(s0)
core   0: 3 0x80001174 (0xf4541c83) x25 0x00000000 mem 0x8001d248
core   0: 0x80001178 (0x03134e33) div     t3, t1, a7
core   0: 3 0x80001178 (0x03134e33) x28 0x00000000
core   0: 0x8000117c (0x4188d233) sra     tp, a7, s8
core   0: 3 0x8000117c (0x4188d233) x 4 0x00000000
core   0: 0x80001180 (0xff040a83) lb      s5, -16(s0)
core   0: 3 0x80001180 (0xff040a83) x21 0x00000000 mem 0x8001d2f3
core   0: 0x80001184 (0x0b740723) sb      s7, 174(s0)
core   0: 3 0x80001184 (0x0b740723) mem 0x8001d3b1 0x0
core   0: 0x80001188 (0x0fd41a83) lh      s5, 253(s0)
core   0: 3 0x80001188 (0x0fd41a83) x21 0x00000000 mem 0x8001d400
core   0: 0x8000118c (0x4dd2f293) andi    t0, t0, 1245
core   0: 3 0x8000118c (0x4dd2f293) x 5 0x00000000
core   0: 0x80001190 (0x0a5416a3) sh      t0, 173(s0)
core   0: 3 0x80001190 (0x0a5416a3) mem 0x8001d3b0 0x0000
core   0: 0x80001194 (0x0bf40203) lb      tp, 191(s0)
core   0: 3 0x80001194 (0x0bf40203) x 4 0x00000000 mem 0x8001d3c2
core   0: 0x80001198 (0xfb2424a3) sw      s2, -87(s0)
core   0: 3 0x80001198 (0xfb2424a3) mem 0x8001d2ac 0x800010f0
core   0: 0x8000119c (0xab9e0093) addi    ra, t3, -1351
core   0: 3 0x8000119c (0xab9e0093) x 1 0xfffffab9
core   0: 0x800011a0 (0x000f43b3) xor     t2, t5, zero
core   0: 3 0x800011a0 (0x000f43b3) x 7 0x00000000
core   0: 0x800011a4 (0x03c40b23) sb      t3, 54(s0)
core   0: 3 0x800011a4 (0x03c40b23) mem 0x8001d339 0x0
core   0: 0x800011a8 (0xf6f44503) lbu     a0, -145(s0)
core   0: 3 0x800011a8 (0xf6f44503) x10 0x00000000 mem 0x8001d272
core   0: 0x800011ac (0xf9040683) lb      a3, -112(s0)
core   0: 3 0x800011ac (0xf9040683) x13 0x00000000 mem 0x8001d293
core   0: 0x800011b0 (0x05345303) lhu     t1, 83(s0)
core   0: 3 0x800011b0 (0x05345303) x 6 0x00000000 mem 0x8001d356
core   0: 0x800011b4 (0x0b744b03) lbu     s6, 183(s0)
core   0: 3 0x800011b4 (0x0b744b03) x22 0x00000000 mem 0x8001d3ba
core   0: 0x800011b8 (0x02741fa3) sh      t2, 63(s0)
core   0: 3 0x800011b8 (0x02741fa3) mem 0x8001d342 0x0000
core   0: 0x800011bc (0xfaa40ea3) sb      a0, -67(s0)
core   0: 3 0x800011bc (0xfaa40ea3) mem 0x8001d2c0 0x0
core   0: 0x800011c0 (0xf6044f03) lbu     t5, -160(s0)
core   0: 3 0x800011c0 (0xf6044f03) x30 0x00000000 mem 0x8001d263
core   0: 0x800011c4 (0x010000ef) jal     pc + 0x10
core   0: 3 0x800011c4 (0x010000ef) x 1 0x800011c8
core   0: 0x800011d4 (0x00c001ef) jal     gp, pc + 0xc
core   0: 3 0x800011d4 (0x00c001ef) x 3 0x800011d8
core   0: 0x800011e0 (0xffdff0ef) jal     pc - 0x4
core   0: 3 0x800011e0 (0xffdff0ef) x 1 0x800011e4
core   0: 0x800011dc (0xffdff0ef) jal     pc - 0x4
core   0: 3 0x800011dc (0xffdff0ef) x 1 0x800011e0
core   0: 0x800011d8 (0xff9ff0ef) jal     pc - 0x8
core   0: 3 0x800011d8 (0xff9ff0ef) x 1 0x800011dc
core   0: 0x800011d0 (0xff9ff0ef) jal     pc - 0x8
core   0: 3 0x800011d0 (0xff9ff0ef) x 1 0x800011d4
core   0: 0x800011c8 (0x02c000ef) jal     pc + 0x2c
core   0: 3 0x800011c8 (0x02c000ef) x 1 0x800011cc
core   0: 0x800011f4 (0xff9ffbef) jal     s7, pc - 0x8
core   0: 3 0x800011f4 (0xff9ffbef) x23 0x800011f8
core   0: 0x800011ec (0xff9ff3ef) jal     t2, pc - 0x8
core   0: 3 0x800011ec (0xff9ff3ef) x 7 0x800011f0
core   0: 0x800011e4 (0x018000ef) jal     pc + 0x18
core   0: 3 0x800011e4 (0x018000ef) x 1 0x800011e8
core   0: 0x800011fc (0xfedff5ef) jal     a1, pc - 0x14
core   0: 3 0x800011fc (0xfedff5ef) x11 0x80001200
core   0: 0x800011e8 (0x0180036f) jal     t1, pc + 0x18
core   0: 3 0x800011e8 (0x0180036f) x 6 0x800011ec
core   0: 0x80001200 (0x00c000ef) jal     pc + 0xc
core   0: 3 0x80001200 (0x00c000ef) x 1 0x80001204
core   0: 0x8000120c (0xff9ff96f) jal     s2, pc - 0x8
core   0: 3 0x8000120c (0xff9ff96f) x18 0x80001210
core   0: 0x80001204 (0xff5ffaef) jal     s5, pc - 0xc
core   0: 3 0x80001204 (0xff5ffaef) x21 0x80001208
core   0: 0x800011f8 (0x01000eef) jal     t4, pc + 0x10
core   0: 3 0x800011f8 (0x01000eef) x29 0x800011fc
core   0: 0x80001208 (0xfc5ff0ef) jal     pc - 0x3c
core   0: 3 0x80001208 (0xfc5ff0ef) x 1 0x8000120c
core   0: 0x800011cc (0x0240026f) jal     tp, pc + 0x24
core   0: 3 0x800011cc (0x0240026f) x 4 0x800011d0
core   0: 0x800011f0 (0x020000ef) jal     pc + 0x20
core   0: 3 0x800011f0 (0x020000ef) x 1 0x800011f4
core   0: 0x80001210 (0x020c4933) div     s2, s8, zero
core   0: 3 0x80001210 (0x020c4933) x18 0xffffffff
core   0: 0x80001214 (0x00012397) auipc   t2, 0x12
core   0: 3 0x80001214 (0x00012397) x 7 0x80013214
core   0: 0x80001218 (0xcc938393) addi    t2, t2, -823
core   0: 3 0x80001218 (0xcc938393) x 7 0x80012edd
core   0: 0x8000121c (0x014a77b3) and     a5, s4, s4
core   0: 3 0x8000121c (0x014a77b3) x15 0xffffffff
core   0: 0x80001220 (0xfef388a3) sb      a5, -15(t2)
core   0: 3 0x80001220 (0xfef388a3) mem 0x80012ece 0xff
core   0: 0x80001224 (0x00f9aa33) slt     s4, s3, a5
core   0: 3 0x80001224 (0x00f9aa33) x20 0x00000000
core   0: 0x80001228 (0xff438823) sb      s4, -16(t2)
core   0: 3 0x80001228 (0xff438823) mem 0x80012ecd 0x0
core   0: 0x8000122c (0xff93d983) lhu     s3, -7(t2)
core   0: 3 0x8000122c (0xff93d983) x19 0x00000000 mem 0x80012ed6
core   0: 0x80001230 (0xe235ca13) xori    s4, a1, -477
core   0: 3 0x80001230 (0xe235ca13) x20 0x7fffec23
core   0: 0x80001234 (0x00b392a3) sh      a1, 5(t2)
core   0: 3 0x80001234 (0x00b392a3) mem 0x80012ee2 0x1200
core   0: 0x80001238 (0xfff3da03) lhu     s4, -1(t2)
core   0: 3 0x80001238 (0xfff3da03) x20 0x00000000 mem 0x80012edc
core   0: 0x8000123c (0xfeb39ba3) sh      a1, -9(t2)
core   0: 3 0x8000123c (0xfeb39ba3) mem 0x80012ed4 0x1200
core   0: 0x80001240 (0x00d3c583) lbu     a1, 13(t2)
core   0: 3 0x80001240 (0x00d3c583) x11 0x00000000 mem 0x80012eea
core   0: 0x80001244 (0x0073c783) lbu     a5, 7(t2)
core   0: 3 0x80001244 (0x0073c783) x15 0x00000000 mem 0x80012ee4
core   0: 0x80001248 (0xffb3de03) lhu     t3, -5(t2)
core   0: 3 0x80001248 (0xffb3de03) x28 0x00000000 mem 0x80012ed8
core   0: 0x8000124c (0x034a49b3) div     s3, s4, s4
core   0: 3 0x8000124c (0x034a49b3) x19 0xffffffff
core   0: 0x80001250 (0x014385a3) sb      s4, 11(t2)
core   0: 3 0x80001250 (0x014385a3) mem 0x80012ee8 0x0
core   0: 0x80001254 (0x0345b5b3) mulhu   a1, a1, s4
core   0: 3 0x80001254 (0x0345b5b3) x11 0x00000000
core   0: 0x80001258 (0xffb38e03) lb      t3, -5(t2)
core   0: 3 0x80001258 (0xffb38e03) x28 0x00000000 mem 0x80012ed8
core   0: 0x8000125c (0xfef38ba3) sb      a5, -9(t2)
core   0: 3 0x8000125c (0xfef38ba3) mem 0x80012ed4 0x0
core   0: 0x80001260 (0x00a38983) lb      s3, 10(t2)
core   0: 3 0x80001260 (0x00a38983) x19 0x00000000 mem 0x80012ee7
core   0: 0x80001264 (0x00438a03) lb      s4, 4(t2)
core   0: 3 0x80001264 (0x00438a03) x20 0x00000000 mem 0x80012ee1
core   0: 0x80001268 (0x00638583) lb      a1, 6(t2)
core   0: 3 0x80001268 (0x00638583) x11 0x00000012 mem 0x80012ee3
core   0: 0x8000126c (0x541a3593) sltiu   a1, s4, 1345
core   0: 3 0x8000126c (0x541a3593) x11 0x00000001
core   0: 0x80001270 (0xff338823) sb      s3, -16(t2)
core   0: 3 0x80001270 (0xff338823) mem 0x80012ecd 0x0
core   0: 0x80001274 (0x0083c783) lbu     a5, 8(t2)
core   0: 3 0x80001274 (0x0083c783) x15 0x00000000 mem 0x80012ee5
core   0: 0x80001278 (0xff139e03) lh      t3, -15(t2)
core   0: 3 0x80001278 (0xff139e03) x28 0x000000ff mem 0x80012ece
core   0: 0x8000127c (0x0033ce03) lbu     t3, 3(t2)
core   0: 3 0x8000127c (0x0033ce03) x28 0x00000000 mem 0x80012ee0
core   0: 0x80001280 (0x00e38583) lb      a1, 14(t2)
core   0: 3 0x80001280 (0x00e38583) x11 0x00000000 mem 0x80012eeb
core   0: 0x80001284 (0x0053ce03) lbu     t3, 5(t2)
core   0: 3 0x80001284 (0x0053ce03) x28 0x00000000 mem 0x80012ee2
core   0: 0x80001288 (0xa039e693) ori     a3, s3, -1533
core   0: 3 0x80001288 (0xa039e693) x13 0xfffffa03
core   0: 0x8000128c (0x00c38a03) lb      s4, 12(t2)
core   0: 3 0x8000128c (0x00c38a03) x20 0x00000000 mem 0x80012ee9
core   0: 0x80001290 (0x00f9ce33) xor     t3, s3, a5
core   0: 3 0x80001290 (0x00f9ce33) x28 0x00000000
core   0: 0x80001294 (0xfeb38fa3) sb      a1, -1(t2)
core   0: 3 0x80001294 (0xfeb38fa3) mem 0x80012edc 0x0
core   0: 0x80001298 (0x00539983) lh      s3, 5(t2)
core   0: 3 0x80001298 (0x00539983) x19 0x00001200 mem 0x80012ee2
core   0: 0x8000129c (0x00f3ce03) lbu     t3, 15(t2)
core   0: 3 0x8000129c (0x00f3ce03) x28 0x00000000 mem 0x80012eec
core   0: 0x800012a0 (0x00b9c6b3) xor     a3, s3, a1
core   0: 3 0x800012a0 (0x00b9c6b3) x13 0x00001200
core   0: 0x800012a4 (0x41ca09b3) sub     s3, s4, t3
core   0: 3 0x800012a4 (0x41ca09b3) x19 0x00000000
core   0: 0x800012a8 (0x00f38323) sb      a5, 6(t2)
core   0: 3 0x800012a8 (0x00f38323) mem 0x80012ee3 0x0
core   0: 0x800012ac (0x0103ce03) lbu     t3, 16(t2)
core   0: 3 0x800012ac (0x0103ce03) x28 0x00000000 mem 0x80012eed
core   0: 0x800012b0 (0x00f789b3) add     s3, a5, a5
core   0: 3 0x800012b0 (0x00f789b3) x19 0x00000000
core   0: 0x800012b4 (0x414a05b3) sub     a1, s4, s4
core   0: 3 0x800012b4 (0x414a05b3) x11 0x00000000
core   0: 0x800012b8 (0x00e38583) lb      a1, 14(t2)
core   0: 3 0x800012b8 (0x00e38583) x11 0x00000000 mem 0x80012eeb
core   0: 0x800012bc (0xffb39983) lh      s3, -5(t2)
core   0: 3 0x800012bc (0xffb39983) x19 0x00000000 mem 0x80012ed8
core   0: 0x800012c0 (0x0000ff17) auipc   t5, 0xf
core   0: 3 0x800012c0 (0x0000ff17) x30 0x800102c0
core   0: 0x800012c4 (0xe8cf0f13) addi    t5, t5, -372
core   0: 3 0x800012c4 (0xe8cf0f13) x30 0x8001014c
core   0: 0x800012c8 (0x00c858b3) srl     a7, a6, a2
core   0: 3 0x800012c8 (0x00c858b3) x17 0x80029fe6
core   0: 0x800012cc (0x0112dc93) srli    s9, t0, 17
core   0: 3 0x800012cc (0x0112dc93) x25 0x00000000
core   0: 0x800012d0 (0x05c81c37) lui     s8, 0x5c81
core   0: 3 0x800012d0 (0x05c81c37) x24 0x05c81000
core   0: 0x800012d4 (0x03807bb3) remu    s7, zero, s8
core   0: 3 0x800012d4 (0x03807bb3) x23 0x00000000
core   0: 0x800012d8 (0x03340c13) addi    s8, s0, 51
core   0: 3 0x800012d8 (0x03340c13) x24 0x8001d336
core   0: 0x800012dc (0x45af1b83) lh      s7, 1114(t5)
core   0: 3 0x800012dc (0x45af1b83) x23 0x00000000 mem 0x800105a6
core   0: 0x800012e0 (0x621f09a3) sb      ra, 1587(t5)
core   0: 3 0x800012e0 (0x621f09a3) mem 0x8001077f 0xf4
core   0: 0x800012e4 (0x00191ab3) sll     s5, s2, ra
core   0: 3 0x800012e4 (0x00191ab3) x21 0xfff00000
core   0: 0x800012e8 (0x4d0f0ba3) sb      a6, 1239(t5)
core   0: 3 0x800012e8 (0x4d0f0ba3) mem 0x80010623 0xe6
core   0: 0x800012ec (0x537f0a03) lb      s4, 1335(t5)
core   0: 3 0x800012ec (0x537f0a03) x20 0x00000000 mem 0x80010683
core   0: 0x800012f0 (0x03c11eb3) mulh    t4, sp, t3
core   0: 3 0x800012f0 (0x03c11eb3) x29 0x00000000
core   0: 0x800012f4 (0x409f0e83) lb      t4, 1033(t5)
core   0: 3 0x800012f4 (0x409f0e83) x29 0x00000000 mem 0x80010555
core   0: 0x800012f8 (0x0e5f4083) lbu     ra, 229(t5)
core   0: 3 0x800012f8 (0x0e5f4083) x 1 0x00000000 mem 0x80010231
core   0: 0x800012fc (0x2bef1003) lh      zero, 702(t5)
core   0: 3 0x800012fc (0x2bef1003) mem 0x8001040a
core   0: 0x80001300 (0x5ffd6b13) ori     s6, s10, 1535
core   0: 3 0x80001300 (0x5ffd6b13) x22 0x000005ff
core   0: 0x80001304 (0xf06f5d03) lhu     s10, -250(t5)
core   0: 3 0x80001304 (0xf06f5d03) x26 0x00000000 mem 0x80010052
core   0: 0x80001308 (0x03964c33) div     s8, a2, s9
core   0: 3 0x80001308 (0x03964c33) x24 0xffffffff
core   0: 0x8000130c (0x416f0b03) lb      s6, 1046(t5)
core   0: 3 0x8000130c (0x416f0b03) x22 0xffffff9a mem 0x80010562
core   0: 0x80001310 (0x0c8f2283) lw      t0, 200(t5)
core   0: 3 0x80001310 (0x0c8f2283) x 5 0x00000000 mem 0x80010214
core   0: 0x80001314 (0x532f1503) lh      a0, 1330(t5)
core   0: 3 0x80001314 (0x532f1503) x10 0x00000000 mem 0x8001067e
core   0: 0x80001318 (0x562f0083) lb      ra, 1378(t5)
core   0: 3 0x80001318 (0x562f0083) x 1 0x00000000 mem 0x800106ae
core   0: 0x8000131c (0x01723ab3) sltu    s5, tp, s7
core   0: 3 0x8000131c (0x01723ab3) x21 0x00000000
core   0: 0x80001320 (0x1ae109b7) lui     s3, 0x1ae10
core   0: 3 0x80001320 (0x1ae109b7) x19 0x1ae10000
core   0: 0x80001324 (0x01b0cdb3) xor     s11, ra, s11
core   0: 3 0x80001324 (0x01b0cdb3) x27 0x00000000
core   0: 0x80001328 (0x02a44433) div     s0, s0, a0
core   0: 3 0x80001328 (0x02a44433) x 8 0xffffffff
core   0: 0x8000132c (0x63df4983) lbu     s3, 1597(t5)
core   0: 3 0x8000132c (0x63df4983) x19 0x00000000 mem 0x80010789
core   0: 0x80001330 (0x011ca733) slt     a4, s9, a7
core   0: 3 0x80001330 (0x011ca733) x14 0x00000000
core   0: 0x80001334 (0x46cf1583) lh      a1, 1132(t5)
core   0: 3 0x80001334 (0x46cf1583) x11 0x00000000 mem 0x800105b8
core   0: 0x80001338 (0x34bf0203) lb      tp, 843(t5)
core   0: 3 0x80001338 (0x34bf0203) x 4 0x00000000 mem 0x80010497
core   0: 0x8000133c (0x03dc6cb3) rem     s9, s8, t4
core   0: 3 0x8000133c (0x03dc6cb3) x25 0xffffffff
core   0: 0x80001340 (0x490f5b83) lhu     s7, 1168(t5)
core   0: 3 0x80001340 (0x490f5b83) x23 0x00000000 mem 0x800105dc
core   0: 0x80001344 (0x40db8c33) sub     s8, s7, a3
core   0: 3 0x80001344 (0x40db8c33) x24 0xffffee00
core   0: 0x80001348 (0x3447ac93) slti    s9, a5, 836
core   0: 3 0x80001348 (0x3447ac93) x25 0x00000001
core   0: 0x8000134c (0x03fe1ab3) mulh    s5, t3, t6
core   0: 3 0x8000134c (0x03fe1ab3) x21 0x00000000
core   0: 0x80001350 (0xf19f0e23) sb      s9, -228(t5)
core   0: 3 0x80001350 (0xf19f0e23) mem 0x80010068 0x1
core   0: 0x80001354 (0x063f0d83) lb      s11, 99(t5)
core   0: 3 0x80001354 (0x063f0d83) x27 0x00000000 mem 0x800101af
core   0: 0x80001358 (0xfebf0503) lb      a0, -21(t5)
core   0: 3 0x80001358 (0xfebf0503) x10 0x00000000 mem 0x80010137
core   0: 0x8000135c (0x00010b97) auipc   s7, 0x10
core   0: 3 0x8000135c (0x00010b97) x23 0x8001135c
core   0: 0x80001360 (0x9cfb8b93) addi    s7, s7, -1585
core   0: 3 0x80001360 (0x9cfb8b93) x23 0x80010d2b
core   0: 0x80001364 (0x00000013) nop
core   0: 3 0x80001364 (0x00000013)
core   0: 0x80001368 (0x000bc783) lbu     a5, 0(s7)
core   0: 3 0x80001368 (0x000bc783) x15 0x00000000 mem 0x80010d2b
core   0: 0x8000136c (0xfe1b8e23) sb      ra, -4(s7)
core   0: 3 0x8000136c (0xfe1b8e23) mem 0x80010d27 0x0
core   0: 0x80001370 (0x17396993) ori     s3, s2, 371
core   0: 3 0x80001370 (0x17396993) x19 0xffffffff
core   0: 0x80001374 (0xfe1baea3) sw      ra, -3(s7)
core   0: 3 0x80001374 (0xfe1baea3) mem 0x80010d28 0x00000000
core   0: 0x80001378 (0x009b9d83) lh      s11, 9(s7)
core   0: 3 0x80001378 (0x009b9d83) x27 0x00000000 mem 0x80010d34
core   0: 0x8000137c (0x81f08b37) lui     s6, 0x81f08
core   0: 3 0x8000137c (0x81f08b37) x22 0x81f08000
core   0: 0x80001380 (0x00177b33) and     s6, a4, ra
core   0: 3 0x80001380 (0x00177b33) x22 0x00000000
core   0: 0x80001384 (0xff2bc083) lbu     ra, -14(s7)
core   0: 3 0x80001384 (0xff2bc083) x 1 0x00000000 mem 0x80010d1d
core   0: 0x80001388 (0xfe5b8ca3) sb      t0, -7(s7)
core   0: 3 0x80001388 (0xfe5b8ca3) mem 0x80010d24 0x0
core   0: 0x8000138c (0x4031d833) sra     a6, gp, gp
core   0: 3 0x8000138c (0x4031d833) x16 0xffffff80
core   0: 0x80001390 (0x036b0b33) mul     s6, s6, s6
core   0: 3 0x80001390 (0x036b0b33) x22 0x00000000
core   0: 0x80001394 (0x007927b3) slt     a5, s2, t2
core   0: 3 0x80001394 (0x007927b3) x15 0x00000000
core   0: 0x80001398 (0x00ab8303) lb      t1, 10(s7)
core   0: 3 0x80001398 (0x00ab8303) x 6 0x00000000 mem 0x80010d35
core   0: 0x8000139c (0x0095d313) srli    t1, a1, 9
core   0: 3 0x8000139c (0x0095d313) x 6 0x00000000
core   0: 0x800013a0 (0x000b8283) lb      t0, 0(s7)
core   0: 3 0x800013a0 (0x000b8283) x 5 0x00000000 mem 0x80010d2b
core   0: 0x800013a4 (0x0195f9b3) and     s3, a1, s9
core   0: 3 0x800013a4 (0x0195f9b3) x19 0x00000000
core   0: 0x800013a8 (0xffdbdd83) lhu     s11, -3(s7)
core   0: 3 0x800013a8 (0xffdbdd83) x27 0x00000000 mem 0x80010d28
core   0: 0x800013ac (0x02725033) divu    zero, tp, t2
core   0: 3 0x800013ac (0x02725033)
core   0: 0x800013b0 (0x00fbc803) lbu     a6, 15(s7)
core   0: 3 0x800013b0 (0x00fbc803) x16 0x00000000 mem 0x80010d3a
core   0: 0x800013b4 (0x00ebc203) lbu     tp, 14(s7)
core   0: 3 0x800013b4 (0x00ebc203) x 4 0x00000000 mem 0x80010d39
core   0: 0x800013b8 (0xff5b8083) lb      ra, -11(s7)
core   0: 3 0x800013b8 (0xff5b8083) x 1 0x00000000 mem 0x80010d20
core   0: 0x800013bc (0xfe3ba8a3) sw      gp, -15(s7)
core   0: 3 0x800013bc (0xfe3ba8a3) mem 0x80010d1c 0x800011d8
core   0: 0x800013c0 (0x36a47993) andi    s3, s0, 874
core   0: 3 0x800013c0 (0x36a47993) x19 0x0000036a
core   0: 0x800013c4 (0x9b1b2e93) slti    t4, s6, -1615
core   0: 3 0x800013c4 (0x9b1b2e93) x29 0x00000000
core   0: 0x800013c8 (0x000b8383) lb      t2, 0(s7)
core   0: 3 0x800013c8 (0x000b8383) x 7 0x00000000 mem 0x80010d2b
core   0: 0x800013cc (0xff7bd083) lhu     ra, -9(s7)
core   0: 3 0x800013cc (0xff7bd083) x 1 0x00000000 mem 0x80010d22
core   0: 0x800013d0 (0xffbb8383) lb      t2, -5(s7)
core   0: 3 0x800013d0 (0xffbb8383) x 7 0x00000000 mem 0x80010d26
core   0: 0x800013d4 (0xfebb88a3) sb      a1, -15(s7)
core   0: 3 0x800013d4 (0xfebb88a3) mem 0x80010d1c 0x0
core   0: 0x800013d8 (0xb0cfe893) ori     a7, t6, -1268
core   0: 3 0x800013d8 (0xb0cfe893) x17 0xffffff6c
core   0: 0x800013dc (0x00fbda13) srli    s4, s7, 15
core   0: 3 0x800013dc (0x00fbda13) x20 0x00010002
core   0: 0x800013e0 (0x004b8e03) lb      t3, 4(s7)
core   0: 3 0x800013e0 (0x004b8e03) x28 0x00000000 mem 0x80010d2f
core   0: 0x800013e4 (0x005b86a3) sb      t0, 13(s7)
core   0: 3 0x800013e4 (0x005b86a3) mem 0x80010d38 0x0
core   0: 0x800013e8 (0x01cb8023) sb      t3, 0(s7)
core   0: 3 0x800013e8 (0x01cb8023) mem 0x80010d2b 0x0
core   0: 0x800013ec (0x02bbd0b3) divu    ra, s7, a1
core   0: 3 0x800013ec (0x02bbd0b3) x 1 0xffffffff
core   0: 0x800013f0 (0x003b9283) lh      t0, 3(s7)
core   0: 3 0x800013f0 (0x003b9283) x 5 0x00000000 mem 0x80010d2e
core   0: 0x800013f4 (0x003ba4a3) sw      gp, 9(s7)
core   0: 3 0x800013f4 (0x003ba4a3) mem 0x80010d34 0x800011d8
core   0: 0x800013f8 (0x00b4b8b3) sltu    a7, s1, a1
core   0: 3 0x800013f8 (0x00b4b8b3) x17 0x00000000
core   0: 0x800013fc (0xfe9baaa3) sw      s1, -11(s7)
core   0: 3 0x800013fc (0xfe9baaa3) mem 0x80010d20 0x80029ce4
core   0: 0x80001400 (0x03ad7033) remu    zero, s10, s10
core   0: 3 0x80001400 (0x03ad7033)
core   0: 0x80001404 (0x01db82a3) sb      t4, 5(s7)
core   0: 3 0x80001404 (0x01db82a3) mem 0x80010d30 0x0
core   0: 0x80001408 (0x007bd083) lhu     ra, 7(s7)
core   0: 3 0x80001408 (0x007bd083) x 1 0x00000000 mem 0x80010d32
core   0: 0x8000140c (0x005940b3) xor     ra, s2, t0
core   0: 3 0x8000140c (0x005940b3) x 1 0xffffffff
core   0: 0x80001410 (0x000b8903) lb      s2, 0(s7)
core   0: 3 0x80001410 (0x000b8903) x18 0x00000000 mem 0x80010d2b
core   0: 0x80001414 (0xff3b8a23) sb      s3, -12(s7)
core   0: 3 0x80001414 (0xff3b8a23) mem 0x80010d1f 0x6a
core   0: 0x80001418 (0xfeeb8a23) sb      a4, -12(s7)
core   0: 3 0x80001418 (0xfeeb8a23) mem 0x80010d1f 0x0
core   0: 0x8000141c (0x00400593) li      a1, 4
core   0: 3 0x8000141c (0x00400593) x11 0x00000004
core   0: 0x80001420 (0xf11eae13) slti    t3, t4, -239
core   0: 3 0x80001420 (0xf11eae13) x28 0x00000000
core   0: 0x80001424 (0xf40f4313) xori    t1, t5, -192
core   0: 3 0x80001424 (0xf40f4313) x 6 0x7ffefe0c
core   0: 0x80001428 (0x012b4733) xor     a4, s6, s2
core   0: 3 0x80001428 (0x012b4733) x14 0x00000000
core   0: 0x8000142c (0x03ce82b3) mul     t0, t4, t3
core   0: 3 0x8000142c (0x03ce82b3) x 5 0x00000000
core   0: 0x80001430 (0x03916ab3) rem     s5, sp, s9
core   0: 3 0x80001430 (0x03916ab3) x21 0x00000000
core   0: 0x80001434 (0x035a7033) remu    zero, s4, s5
core   0: 3 0x80001434 (0x035a7033)
core   0: 0x80001438 (0x00000013) nop
core   0: 3 0x80001438 (0x00000013)
core   0: 0x8000143c (0x5740e393) ori     t2, ra, 1396
core   0: 3 0x8000143c (0x5740e393) x 7 0xffffffff
core   0: 0x80001440 (0x03329ab3) mulh    s5, t0, s3
core   0: 3 0x80001440 (0x03329ab3) x21 0x00000000
core   0: 0x80001444 (0x473db913) sltiu   s2, s11, 1139
core   0: 3 0x80001444 (0x473db913) x18 0x00000001
core   0: 0x80001448 (0x02680533) mul     a0, a6, t1
core   0: 3 0x80001448 (0x02680533) x10 0x00000000
core   0: 0x8000144c (0x03aa7033) remu    zero, s4, s10
core   0: 3 0x8000144c (0x03aa7033)
core   0: 0x80001450 (0x0ff42797) auipc   a5, 0xff42
core   0: 3 0x80001450 (0x0ff42797) x15 0x8ff43450
core   0: 0x80001454 (0x02db4b33) div     s6, s6, a3
core   0: 3 0x80001454 (0x02db4b33) x22 0x00000000
core   0: 0x80001458 (0x029843b3) div     t2, a6, s1
core   0: 3 0x80001458 (0x029843b3) x 7 0x00000000
core   0: 0x8000145c (0x007a1693) slli    a3, s4, 7
core   0: 3 0x8000145c (0x007a1693) x13 0x00800100
core   0: 0x80001460 (0x00f00413) li      s0, 15
core   0: 3 0x80001460 (0x00f00413) x 8 0x0000000f
core   0: 0x80001464 (0x00c053b3) srl     t2, zero, a2
core   0: 3 0x80001464 (0x00c053b3) x 7 0x00000000
core   0: 0x80001468 (0x02de8533) mul     a0, t4, a3
core   0: 3 0x80001468 (0x02de8533) x10 0x00000000
core   0: 0x8000146c (0x00c9b333) sltu    t1, s3, a2
core   0: 3 0x8000146c (0x00c9b333) x 6 0x00000000
core   0: 0x80001470 (0x02517233) remu    tp, sp, t0
core   0: 3 0x80001470 (0x02517233) x 4 0x80000000
core   0: 0x80001474 (0x00958593) addi    a1, a1, 9
core   0: 3 0x80001474 (0x00958593) x11 0x0000000d
core   0: 0x80001478 (0x00895933) srl     s2, s2, s0
core   0: 3 0x80001478 (0x00895933) x18 0x00000000
core   0: 0x8000147c (0x03f82cb3) mulhsu  s9, a6, t6
core   0: 3 0x8000147c (0x03f82cb3) x25 0x00000000
core   0: 0x80001480 (0x01701813) slli    a6, zero, 23
core   0: 3 0x80001480 (0x01701813) x16 0x00000000
core   0: 0x80001484 (0xfe85c4e3) blt     a1, s0, pc - 24
core   0: 3 0x80001484 (0xfe85c4e3)
core   0: 0x8000146c (0x00c9b333) sltu    t1, s3, a2
core   0: 3 0x8000146c (0x00c9b333) x 6 0x00000000
core   0: 0x80001470 (0x02517233) remu    tp, sp, t0
core   0: 3 0x80001470 (0x02517233) x 4 0x80000000
core   0: 0x80001474 (0x00958593) addi    a1, a1, 9
core   0: 3 0x80001474 (0x00958593) x11 0x00000016
core   0: 0x80001478 (0x00895933) srl     s2, s2, s0
core   0: 3 0x80001478 (0x00895933) x18 0x00000000
core   0: 0x8000147c (0x03f82cb3) mulhsu  s9, a6, t6
core   0: 3 0x8000147c (0x03f82cb3) x25 0x00000000
core   0: 0x80001480 (0x01701813) slli    a6, zero, 23
core   0: 3 0x80001480 (0x01701813) x16 0x00000000
core   0: 0x80001484 (0xfe85c4e3) blt     a1, s0, pc - 24
core   0: 3 0x80001484 (0xfe85c4e3)
core   0: 0x80001488 (0x03fa1633) mulh    a2, s4, t6
core   0: 3 0x80001488 (0x03fa1633) x12 0xffff8001
core   0: 0x8000148c (0x00010c97) auipc   s9, 0x10
core   0: 3 0x8000148c (0x00010c97) x25 0x8001148c
core   0: 0x80001490 (0x27fc8c93) addi    s9, s9, 639
core   0: 3 0x80001490 (0x27fc8c93) x25 0x8001170b
core   0: 0x80001494 (0x081c8003) lb      zero, 129(s9)
core   0: 3 0x80001494 (0x081c8003) mem 0x8001178c
core   0: 0x80001498 (0xfbc08a93) addi    s5, ra, -68
core   0: 3 0x80001498 (0xfbc08a93) x21 0xffffffbb
core   0: 0x8000149c (0xfadcd503) lhu     a0, -83(s9)
core   0: 3 0x8000149c (0xfadcd503) x10 0x00000000 mem 0x800116b8
core   0: 0x800014a0 (0x01c4c3b3) xor     t2, s1, t3
core   0: 3 0x800014a0 (0x01c4c3b3) x 7 0x80029ce4
core   0: 0x800014a4 (0xb33f0f13) addi    t5, t5, -1229
core   0: 3 0x800014a4 (0xb33f0f13) x30 0x8000fc7f
core   0: 0x800014a8 (0x06cc8903) lb      s2, 108(s9)
core   0: 3 0x800014a8 (0x06cc8903) x18 0x00000000 mem 0x80011777
core   0: 0x800014ac (0x05cc9ba3) sh      t3, 87(s9)
core   0: 3 0x800014ac (0x05cc9ba3) mem 0x80011762 0x0000
core   0: 0x800014b0 (0x01fbcf33) xor     t5, s7, t6
core   0: 3 0x800014b0 (0x01fbcf33) x30 0x0003534f
core   0: 0x800014b4 (0xd269bbb7) lui     s7, 0xd269b
core   0: 3 0x800014b4 (0xd269bbb7) x23 0xd269b000
core   0: 0x800014b8 (0x030dd9b3) divu    s3, s11, a6
core   0: 3 0x800014b8 (0x030dd9b3) x19 0xffffffff
core   0: 0x800014bc (0xf66c8d23) sb      t1, -134(s9)
core   0: 3 0x800014bc (0xf66c8d23) mem 0x80011685 0x0
core   0: 0x800014c0 (0xf25c9883) lh      a7, -219(s9)
core   0: 3 0x800014c0 (0xf25c9883) x17 0x00000000 mem 0x80011630
core   0: 0x800014c4 (0x09bc9783) lh      a5, 155(s9)
core   0: 3 0x800014c4 (0x09bc9783) x15 0x00000000 mem 0x800117a6
core   0: 0x800014c8 (0x40438e33) sub     t3, t2, tp
core   0: 3 0x800014c8 (0x40438e33) x28 0x00029ce4
core   0: 0x800014cc (0x00000013) nop
core   0: 3 0x800014cc (0x00000013)
core   0: 0x800014d0 (0xf31cce03) lbu     t3, -207(s9)
core   0: 3 0x800014d0 (0xf31cce03) x28 0x00000000 mem 0x8001163c
core   0: 0x800014d4 (0x0c6ccf03) lbu     t5, 198(s9)
core   0: 3 0x800014d4 (0x0c6ccf03) x30 0x00000000 mem 0x800117d1
core   0: 0x800014d8 (0x406706b3) sub     a3, a4, t1
core   0: 3 0x800014d8 (0x406706b3) x13 0x00000000
core   0: 0x800014dc (0xf61ca883) lw      a7, -159(s9)
core   0: 3 0x800014dc (0xf61ca883) x17 0x00000000 mem 0x8001166c
core   0: 0x800014e0 (0x028c83a3) sb      s0, 39(s9)
core   0: 3 0x800014e0 (0x028c83a3) mem 0x80011732 0xf
core   0: 0x800014e4 (0x0065b233) sltu    tp, a1, t1
core   0: 3 0x800014e4 (0x0065b233) x 4 0x00000000
core   0: 0x800014e8 (0x012ec3b3) xor     t2, t4, s2
core   0: 3 0x800014e8 (0x012ec3b3) x 7 0x00000000
core   0: 0x800014ec (0xff89fa13) andi    s4, s3, -8
core   0: 3 0x800014ec (0xff89fa13) x20 0xfffffff8
core   0: 0x800014f0 (0x81bb3693) sltiu   a3, s6, -2021
core   0: 3 0x800014f0 (0x81bb3693) x13 0x00000001
core   0: 0x800014f4 (0x034c8923) sb      s4, 50(s9)
core   0: 3 0x800014f4 (0x034c8923) mem 0x8001173d 0xf8
core   0: 0x800014f8 (0x00ac8da3) sb      a0, 27(s9)
core   0: 3 0x800014f8 (0x00ac8da3) mem 0x80011726 0x0
core   0: 0x800014fc (0x034d1233) mulh    tp, s10, s4
core   0: 3 0x800014fc (0x034d1233) x 4 0x00000000
core   0: 0x80001500 (0xcfb16513) ori     a0, sp, -773
core   0: 3 0x80001500 (0xcfb16513) x10 0xfffffcfb
core   0: 0x80001504 (0xf9ecc583) lbu     a1, -98(s9)
core   0: 3 0x80001504 (0xf9ecc583) x11 0x00000000 mem 0x800116a9
core   0: 0x80001508 (0x0fbc9083) lh      ra, 251(s9)
core   0: 3 0x80001508 (0x0fbc9083) x 1 0x00000000 mem 0x80011806
core   0: 0x8000150c (0x11d36e93) ori     t4, t1, 285
core   0: 3 0x8000150c (0x11d36e93) x29 0x0000011d
core   0: 0x80001510 (0x03a6feb3) remu    t4, a3, s10
core   0: 3 0x80001510 (0x03a6feb3) x29 0x00000001
core   0: 0x80001514 (0xff2c8e03) lb      t3, -14(s9)
core   0: 3 0x80001514 (0xff2c8e03) x28 0x00000000 mem 0x800116fd
core   0: 0x80001518 (0x01bb2d33) slt     s10, s6, s11
core   0: 3 0x80001518 (0x01bb2d33) x26 0x00000000
core   0: 0x8000151c (0x00685233) srl     tp, a6, t1
core   0: 3 0x8000151c (0x00685233) x 4 0x00000000
core   0: 0x80001520 (0x01b7b733) sltu    a4, a5, s11
core   0: 3 0x80001520 (0x01b7b733) x14 0x00000000
core   0: 0x80001524 (0x0b2cc003) lbu     zero, 178(s9)
core   0: 3 0x80001524 (0x0b2cc003) mem 0x800117bd
core   0: 0x80001528 (0x011ceeb3) or      t4, s9, a7
core   0: 3 0x80001528 (0x011ceeb3) x29 0x8001170b
core   0: 0x8000152c (0x000622b3) slt     t0, a2, zero
core   0: 3 0x8000152c (0x000622b3) x 5 0x00000001
core   0: 0x80001530 (0x00b50c33) add     s8, a0, a1
core   0: 3 0x80001530 (0x00b50c33) x24 0xfffffcfb
core   0: 0x80001534 (0x028a5533) divu    a0, s4, s0
core   0: 3 0x80001534 (0x028a5533) x10 0x11111110
core   0: 0x80001538 (0x04aefb93) andi    s7, t4, 74
core   0: 3 0x80001538 (0x04aefb93) x23 0x0000000a
core   0: 0x8000153c (0x972ed5b7) lui     a1, 0x972ed
core   0: 3 0x8000153c (0x972ed5b7) x11 0x972ed000
core   0: 0x80001540 (0xf88c8403) lb      s0, -120(s9)
core   0: 3 0x80001540 (0xf88c8403) x 8 0x00000000 mem 0x80011693
core   0: 0x80001544 (0x02ffb5b3) mulhu   a1, t6, a5
core   0: 3 0x80001544 (0x02ffb5b3) x11 0x00000000
core   0: 0x80001548 (0x40cb0c33) sub     s8, s6, a2
core   0: 3 0x80001548 (0x40cb0c33) x24 0x00007fff
core   0: 0x8000154c (0x02771533) mulh    a0, a4, t2
core   0: 3 0x8000154c (0x02771533) x10 0x00000000
core   0: 0x80001550 (0x030c8a03) lb      s4, 48(s9)
core   0: 3 0x80001550 (0x030c8a03) x20 0x00000000 mem 0x8001173b
core   0: 0x80001554 (0x02d14bb3) div     s7, sp, a3
core   0: 3 0x80001554 (0x02d14bb3) x23 0x80000000
core   0: 0x80001558 (0xf9fc9883) lh      a7, -97(s9)
core   0: 3 0x80001558 (0xf9fc9883) x17 0x00000000 mem 0x800116aa
core   0: 0x8000155c (0xfb8cc003) lbu     zero, -72(s9)
core   0: 3 0x8000155c (0xfb8cc003) mem 0x800116c3
core   0: 0x80001560 (0x00010197) auipc   gp, 0x10
core   0: 3 0x80001560 (0x00010197) x 3 0x80011560
core   0: 0x80001564 (0xead18193) addi    gp, gp, -339
core   0: 3 0x80001564 (0xead18193) x 3 0x8001140d
core   0: 0x80001568 (0x0ec18783) lb      a5, 236(gp)
core   0: 3 0x80001568 (0x0ec18783) x15 0x00000000 mem 0x800114f9
core   0: 0x8000156c (0x0f618623) sb      s6, 236(gp)
core   0: 3 0x8000156c (0x0f618623) mem 0x800114f9 0x0
core   0: 0x80001570 (0x0ec18c83) lb      s9, 236(gp)
core   0: 3 0x80001570 (0x0ec18c83) x25 0x00000000 mem 0x800114f9
core   0: 0x80001574 (0xf0e18423) sb      a4, -248(gp)
core   0: 3 0x80001574 (0xf0e18423) mem 0x80011315 0x0
core   0: 0x80001578 (0x0bc1c783) lbu     a5, 188(gp)
core   0: 3 0x80001578 (0x0bc1c783) x15 0x00000000 mem 0x800114c9
core   0: 0x8000157c (0x0bc1c583) lbu     a1, 188(gp)
core   0: 3 0x8000157c (0x0bc1c583) x11 0x00000000 mem 0x800114c9
core   0: 0x80001580 (0xfac180a3) sb      a2, -95(gp)
core   0: 3 0x80001580 (0xfac180a3) mem 0x800113ae 0x1
core   0: 0x80001584 (0xfca1cc03) lbu     s8, -54(gp)
core   0: 3 0x80001584 (0xfca1cc03) x24 0x00000000 mem 0x800113d7
core   0: 0x80001588 (0x0e618f03) lb      t5, 230(gp)
core   0: 3 0x80001588 (0x0e618f03) x30 0x00000000 mem 0x800114f3
core   0: 0x8000158c (0xfd018303) lb      t1, -48(gp)
core   0: 3 0x8000158c (0xfd018303) x 6 0x00000000 mem 0x800113dd
core   0: 0x80001590 (0x0013b0b3) sltu    ra, t2, ra
core   0: 3 0x80001590 (0x0013b0b3) x 1 0x00000000
core   0: 0x80001594 (0xfd01c603) lbu     a2, -48(gp)
core   0: 3 0x80001594 (0xfd01c603) x12 0x00000000 mem 0x800113dd
core   0: 0x80001598 (0x0af186a3) sb      a5, 173(gp)
core   0: 3 0x80001598 (0x0af186a3) mem 0x800114ba 0x0
core   0: 0x8000159c (0x0ab196a3) sh      a1, 173(gp)
core   0: 3 0x8000159c (0x0ab196a3) mem 0x800114ba 0x0000
core   0: 0x800015a0 (0x0ad19883) lh      a7, 173(gp)
core   0: 3 0x800015a0 (0x0ad19883) x17 0x00000000 mem 0x800114ba
core   0: 0x800015a4 (0x05e18123) sb      t5, 66(gp)
core   0: 3 0x800015a4 (0x05e18123) mem 0x8001144f 0x0
core   0: 0x800015a8 (0x04218c03) lb      s8, 66(gp)
core   0: 3 0x800015a8 (0x04218c03) x24 0x00000000 mem 0x8001144f
core   0: 0x800015ac (0x00325533) srl     a0, tp, gp
core   0: 3 0x800015ac (0x00325533) x10 0x00000000
core   0: 0x800015b0 (0x04218403) lb      s0, 66(gp)
core   0: 3 0x800015b0 (0x04218403) x 8 0x00000000 mem 0x8001144f
core   0: 0x800015b4 (0x03c198a3) sh      t3, 49(gp)
core   0: 3 0x800015b4 (0x03c198a3) mem 0x8001143e 0x0000
core   0: 0x800015b8 (0x03119e83) lh      t4, 49(gp)
core   0: 3 0x800015b8 (0x03119e83) x29 0x00000000 mem 0x8001143e
core   0: 0x800015bc (0xfbe1c703) lbu     a4, -66(gp)
core   0: 3 0x800015bc (0xfbe1c703) x14 0x00000000 mem 0x800113cb
core   0: 0x800015c0 (0x018000ef) jal     pc + 0x18
core   0: 3 0x800015c0 (0x018000ef) x 1 0x800015c4
core   0: 0x800015d8 (0x00c00f6f) jal     t5, pc + 0xc
core   0: 3 0x800015d8 (0x00c00f6f) x30 0x800015dc
core   0: 0x800015e4 (0xfe1ff0ef) jal     pc - 0x20
core   0: 3 0x800015e4 (0xfe1ff0ef) x 1 0x800015e8
core   0: 0x800015c4 (0x01800bef) jal     s7, pc + 0x18
core   0: 3 0x800015c4 (0x01800bef) x23 0x800015c8
core   0: 0x800015dc (0x014000ef) jal     pc + 0x14
core   0: 3 0x800015dc (0x014000ef) x 1 0x800015e0
core   0: 0x800015f0 (0xff1ff36f) jal     t1, pc - 0x10
core   0: 3 0x800015f0 (0xff1ff36f) x 6 0x800015f4
core   0: 0x800015e0 (0x00c00bef) jal     s7, pc + 0xc
core   0: 3 0x800015e0 (0x00c00bef) x23 0x800015e4
core   0: 0x800015ec (0xffdff0ef) jal     pc - 0x4
core   0: 3 0x800015ec (0xffdff0ef) x 1 0x800015f0
core   0: 0x800015e8 (0xfedff86f) jal     a6, pc - 0x14
core   0: 3 0x800015e8 (0xfedff86f) x16 0x800015ec
core   0: 0x800015d4 (0xffdff0ef) jal     pc - 0x4
core   0: 3 0x800015d4 (0xffdff0ef) x 1 0x800015d8
core   0: 0x800015d0 (0xff9ff0ef) jal     pc - 0x8
core   0: 3 0x800015d0 (0xff9ff0ef) x 1 0x800015d4
core   0: 0x800015c8 (0x0040036f) jal     t1, pc + 0x4
core   0: 3 0x800015c8 (0x0040036f) x 6 0x800015cc
core   0: 0x800015cc (0x028000ef) jal     pc + 0x28
core   0: 3 0x800015cc (0x028000ef) x 1 0x800015d0
core   0: 0x800015f4 (0x01681733) sll     a4, a6, s6
core   0: 3 0x800015f4 (0x01681733) x14 0x800015ec
core   0: 0x800015f8 (0x00100993) li      s3, 1
core   0: 3 0x800015f8 (0x00100993) x19 0x00000001
core   0: 0x800015fc (0x00c00193) li      gp, 12
core   0: 3 0x800015fc (0x00c00193) x 3 0x0000000c
core   0: 0x80001600 (0x010e6eb3) or      t4, t3, a6
core   0: 3 0x80001600 (0x010e6eb3) x29 0x800015ec
core   0: 0x80001604 (0x00798993) addi    s3, s3, 7
core   0: 3 0x80001604 (0x00798993) x19 0x00000008
core   0: 0x80001608 (0x01751213) slli    tp, a0, 23
core   0: 3 0x80001608 (0x01751213) x 4 0x00000000
core   0: 0x8000160c (0xffa00613) li      a2, -6
core   0: 3 0x8000160c (0xffa00613) x12 0xfffffffa
core   0: 0x80001610 (0xfee00c93) li      s9, -18
core   0: 3 0x80001610 (0xfee00c93) x25 0xffffffee
core   0: 0x80001614 (0x02bfe5b3) rem     a1, t6, a1
core   0: 3 0x80001614 (0x02bfe5b3) x11 0x80025e64
core   0: 0x80001618 (0x0a618a37) lui     s4, 0xa618
core   0: 3 0x80001618 (0x0a618a37) x20 0x0a618000
core   0: 0x8000161c (0xffc60613) addi    a2, a2, -4
core   0: 3 0x8000161c (0xffc60613) x12 0xfffffff6
core   0: 0x80001620 (0xff965ce3) bge     a2, s9, pc - 8
core   0: 3 0x80001620 (0xff965ce3)
core   0: 0x80001618 (0x0a618a37) lui     s4, 0xa618
core   0: 3 0x80001618 (0x0a618a37) x20 0x0a618000
core   0: 0x8000161c (0xffc60613) addi    a2, a2, -4
core   0: 3 0x8000161c (0xffc60613) x12 0xfffffff2
core   0: 0x80001620 (0xff965ce3) bge     a2, s9, pc - 8
core   0: 3 0x80001620 (0xff965ce3)
core   0: 0x80001618 (0x0a618a37) lui     s4, 0xa618
core   0: 3 0x80001618 (0x0a618a37) x20 0x0a618000
core   0: 0x8000161c (0xffc60613) addi    a2, a2, -4
core   0: 3 0x8000161c (0xffc60613) x12 0xffffffee
core   0: 0x80001620 (0xff965ce3) bge     a2, s9, pc - 8
core   0: 3 0x80001620 (0xff965ce3)
core   0: 0x80001618 (0x0a618a37) lui     s4, 0xa618
core   0: 3 0x80001618 (0x0a618a37) x20 0x0a618000
core   0: 0x8000161c (0xffc60613) addi    a2, a2, -4
core   0: 3 0x8000161c (0xffc60613) x12 0xffffffea
core   0: 0x80001620 (0xff965ce3) bge     a2, s9, pc - 8
core   0: 3 0x80001620 (0xff965ce3)
core   0: 0x80001624 (0x020cf6b3) remu    a3, s9, zero
core   0: 3 0x80001624 (0x020cf6b3) x13 0xffffffee
core   0: 0x80001628 (0xfc39ece3) bltu    s3, gp, pc - 40
core   0: 3 0x80001628 (0xfc39ece3)
core   0: 0x80001600 (0x010e6eb3) or      t4, t3, a6
core   0: 3 0x80001600 (0x010e6eb3) x29 0x800015ec
core   0: 0x80001604 (0x00798993) addi    s3, s3, 7
core   0: 3 0x80001604 (0x00798993) x19 0x0000000f
core   0: 0x80001608 (0x01751213) slli    tp, a0, 23
core   0: 3 0x80001608 (0x01751213) x 4 0x00000000
core   0: 0x8000160c (0xffa00613) li      a2, -6
core   0: 3 0x8000160c (0xffa00613) x12 0xfffffffa
core   0: 0x80001610 (0xfee00c93) li      s9, -18
core   0: 3 0x80001610 (0xfee00c93) x25 0xffffffee
core   0: 0x80001614 (0x02bfe5b3) rem     a1, t6, a1
core   0: 3 0x80001614 (0x02bfe5b3) x11 0x00000000
core   0: 0x80001618 (0x0a618a37) lui     s4, 0xa618
core   0: 3 0x80001618 (0x0a618a37) x20 0x0a618000
core   0: 0x8000161c (0xffc60613) addi    a2, a2, -4
core   0: 3 0x8000161c (0xffc60613) x12 0xfffffff6
core   0: 0x80001620 (0xff965ce3) bge     a2, s9, pc - 8
core   0: 3 0x80001620 (0xff965ce3)
core   0: 0x80001618 (0x0a618a37) lui     s4, 0xa618
core   0: 3 0x80001618 (0x0a618a37) x20 0x0a618000
core   0: 0x8000161c (0xffc60613) addi    a2, a2, -4
core   0: 3 0x8000161c (0xffc60613) x12 0xfffffff2
core   0: 0x80001620 (0xff965ce3) bge     a2, s9, pc - 8
core   0: 3 0x80001620 (0xff965ce3)
core   0: 0x80001618 (0x0a618a37) lui     s4, 0xa618
core   0: 3 0x80001618 (0x0a618a37) x20 0x0a618000
core   0: 0x8000161c (0xffc60613) addi    a2, a2, -4
core   0: 3 0x8000161c (0xffc60613) x12 0xffffffee
core   0: 0x80001620 (0xff965ce3) bge     a2, s9, pc - 8
core   0: 3 0x80001620 (0xff965ce3)
core   0: 0x80001618 (0x0a618a37) lui     s4, 0xa618
core   0: 3 0x80001618 (0x0a618a37) x20 0x0a618000
core   0: 0x8000161c (0xffc60613) addi    a2, a2, -4
core   0: 3 0x8000161c (0xffc60613) x12 0xffffffea
core   0: 0x80001620 (0xff965ce3) bge     a2, s9, pc - 8
core   0: 3 0x80001620 (0xff965ce3)
core   0: 0x80001624 (0x020cf6b3) remu    a3, s9, zero
core   0: 3 0x80001624 (0x020cf6b3) x13 0xffffffee
core   0: 0x80001628 (0xfc39ece3) bltu    s3, gp, pc - 40
core   0: 3 0x80001628 (0xfc39ece3)
core   0: 0x8000162c (0x00b6f833) and     a6, a3, a1
core   0: 3 0x8000162c (0x00b6f833) x16 0x00000000
core   0: 0x80001630 (0x00019517) auipc   a0, 0x19
core   0: 3 0x80001630 (0x00019517) x10 0x8001a630
core   0: 0x80001634 (0x13350513) addi    a0, a0, 307
core   0: 3 0x80001634 (0x13350513) x10 0x8001a763
core   0: 0x80001638 (0x08554303) lbu     t1, 133(a0)
core   0: 3 0x80001638 (0x08554303) x 6 0x00000000 mem 0x8001a7e8
core   0: 0x8000163c (0x08554f03) lbu     t5, 133(a0)
core   0: 3 0x8000163c (0x08554f03) x30 0x00000000 mem 0x8001a7e8
core   0: 0x80001640 (0x09b522a3) sw      s11, 133(a0)
core   0: 3 0x80001640 (0x09b522a3) mem 0x8001a7e8 0x00000000
core   0: 0x80001644 (0x088522a3) sw      s0, 133(a0)
core   0: 3 0x80001644 (0x088522a3) mem 0x8001a7e8 0x00000000
core   0: 0x80001648 (0x41250033) sub     zero, a0, s2
core   0: 3 0x80001648 (0x41250033)
core   0: 0x8000164c (0x08550383) lb      t2, 133(a0)
core   0: 3 0x8000164c (0x08550383) x 7 0x00000000 mem 0x8001a7e8
core   0: 0x80001650 (0x99336613) ori     a2, t1, -1645
core   0: 3 0x80001650 (0x99336613) x12 0xfffff993
core   0: 0x80001654 (0x08551603) lh      a2, 133(a0)
core   0: 3 0x80001654 (0x08551603) x12 0x00000000 mem 0x8001a7e8
core   0: 0x80001658 (0x09c502a3) sb      t3, 133(a0)
core   0: 3 0x80001658 (0x09c502a3) mem 0x8001a7e8 0x0
core   0: 0x8000165c (0x01d79093) slli    ra, a5, 29
core   0: 3 0x8000165c (0x01d79093) x 1 0x00000000
core   0: 0x80001660 (0x080522a3) sw      zero, 133(a0)
core   0: 3 0x80001660 (0x080522a3) mem 0x8001a7e8 0x00000000
core   0: 0x80001664 (0x08552d03) lw      s10, 133(a0)
core   0: 3 0x80001664 (0x08552d03) x26 0x00000000 mem 0x8001a7e8
core   0: 0x80001668 (0x08554e03) lbu     t3, 133(a0)
core   0: 3 0x80001668 (0x08554e03) x28 0x00000000 mem 0x8001a7e8
core   0: 0x8000166c (0x08551983) lh      s3, 133(a0)
core   0: 3 0x8000166c (0x08551983) x19 0x00000000 mem 0x8001a7e8
core   0: 0x80001670 (0x01c000ef) jal     pc + 0x1c
core   0: 3 0x80001670 (0x01c000ef) x 1 0x80001674
core   0: 0x8000168c (0x03c000ef) jal     pc + 0x3c
core   0: 3 0x8000168c (0x03c000ef) x 1 0x80001690
core   0: 0x800016c8 (0xfc1ffeef) jal     t4, pc - 0x40
core   0: 3 0x800016c8 (0xfc1ffeef) x29 0x800016cc
core   0: 0x80001688 (0xff9ff0ef) jal     pc - 0x8
core   0: 3 0x80001688 (0xff9ff0ef) x 1 0x8000168c
core   0: 0x80001680 (0x030000ef) jal     pc + 0x30
core   0: 3 0x80001680 (0x030000ef) x 1 0x80001684
core   0: 0x800016b0 (0xfcdff0ef) jal     pc - 0x34
core   0: 3 0x800016b0 (0xfcdff0ef) x 1 0x800016b4
core   0: 0x8000167c (0x048001ef) jal     gp, pc + 0x48
core   0: 3 0x8000167c (0x048001ef) x 3 0x80001680
core   0: 0x800016c4 (0xfb1ff0ef) jal     pc - 0x50
core   0: 3 0x800016c4 (0xfb1ff0ef) x 1 0x800016c8
core   0: 0x80001674 (0x04000eef) jal     t4, pc + 0x40
core   0: 3 0x80001674 (0x04000eef) x29 0x80001678
core   0: 0x800016b4 (0x02c000ef) jal     pc + 0x2c
core   0: 3 0x800016b4 (0x02c000ef) x 1 0x800016b8
core   0: 0x800016e0 (0xfbdffcef) jal     s9, pc - 0x44
core   0: 3 0x800016e0 (0xfbdffcef) x25 0x800016e4
core   0: 0x8000169c (0xff5ff36f) jal     t1, pc - 0xc
core   0: 3 0x8000169c (0xff5ff36f) x 6 0x800016a0
core   0: 0x80001690 (0x010000ef) jal     pc + 0x10
core   0: 3 0x80001690 (0x010000ef) x 1 0x80001694
core   0: 0x800016a0 (0xfe5ff0ef) jal     pc - 0x1c
core   0: 3 0x800016a0 (0xfe5ff0ef) x 1 0x800016a4
core   0: 0x80001684 (0x034007ef) jal     a5, pc + 0x34
core   0: 3 0x80001684 (0x034007ef) x15 0x80001688
core   0: 0x800016b8 (0x0040036f) jal     t1, pc + 0x4
core   0: 3 0x800016b8 (0x0040036f) x 6 0x800016bc
core   0: 0x800016bc (0xfe9ff36f) jal     t1, pc - 0x18
core   0: 3 0x800016bc (0xfe9ff36f) x 6 0x800016c0
core   0: 0x800016a4 (0x008000ef) jal     pc + 0x8
core   0: 3 0x800016a4 (0x008000ef) x 1 0x800016a8
core   0: 0x800016ac (0xffdff0ef) jal     pc - 0x4
core   0: 3 0x800016ac (0xffdff0ef) x 1 0x800016b0
core   0: 0x800016a8 (0xff1fff6f) jal     t5, pc - 0x10
core   0: 3 0x800016a8 (0xff1fff6f) x30 0x800016ac
core   0: 0x80001698 (0x0400036f) jal     t1, pc + 0x40
core   0: 3 0x80001698 (0x0400036f) x 6 0x8000169c
core   0: 0x800016d8 (0xff5ff0ef) jal     pc - 0xc
core   0: 3 0x800016d8 (0xff5ff0ef) x 1 0x800016dc
core   0: 0x800016cc (0xfc9ff0ef) jal     pc - 0x38
core   0: 3 0x800016cc (0xfc9ff0ef) x 1 0x800016d0
core   0: 0x80001694 (0x03c0036f) jal     t1, pc + 0x3c
core   0: 3 0x80001694 (0x03c0036f) x 6 0x80001698
core   0: 0x800016d0 (0x00c0036f) jal     t1, pc + 0xc
core   0: 3 0x800016d0 (0x00c0036f) x 6 0x800016d4
core   0: 0x800016dc (0xf9dff36f) jal     t1, pc - 0x64
core   0: 3 0x800016dc (0xf9dff36f) x 6 0x800016e0
core   0: 0x80001678 (0x0480036f) jal     t1, pc + 0x48
core   0: 3 0x80001678 (0x0480036f) x 6 0x8000167c
core   0: 0x800016c0 (0x014000ef) jal     pc + 0x14
core   0: 3 0x800016c0 (0x014000ef) x 1 0x800016c4
core   0: 0x800016d4 (0x010000ef) jal     pc + 0x10
core   0: 3 0x800016d4 (0x010000ef) x 1 0x800016d8
core   0: 0x800016e4 (0x01dcfa33) and     s4, s9, t4
core   0: 3 0x800016e4 (0x01dcfa33) x20 0x80001660
core   0: 0x800016e8 (0x00012517) auipc   a0, 0x12
core   0: 3 0x800016e8 (0x00012517) x10 0x800136e8
core   0: 0x800016ec (0x6dc50513) addi    a0, a0, 1756
core   0: 3 0x800016ec (0x6dc50513) x10 0x80013dc4
core   0: 0x800016f0 (0xdc450583) lb      a1, -572(a0)
core   0: 3 0x800016f0 (0xdc450583) x11 0x00000000 mem 0x80013b88
core   0: 0x800016f4 (0xdc451883) lh      a7, -572(a0)
core   0: 3 0x800016f4 (0xdc451883) x17 0x00000000 mem 0x80013b88
core   0: 0x800016f8 (0xdc455a83) lhu     s5, -572(a0)
core   0: 3 0x800016f8 (0xdc455a83) x21 0x00000000 mem 0x80013b88
core   0: 0x800016fc (0x00dc7e33) and     t3, s8, a3
core   0: 3 0x800016fc (0x00dc7e33) x28 0x00000000
core   0: 0x80001700 (0x07151923) sh      a7, 114(a0)
core   0: 3 0x80001700 (0x07151923) mem 0x80013e36 0x0000
core   0: 0x80001704 (0x07251383) lh      t2, 114(a0)
core   0: 3 0x80001704 (0x07251383) x 7 0x00000000 mem 0x80013e36
core   0: 0x80001708 (0x07450923) sb      s4, 114(a0)
core   0: 3 0x80001708 (0x07450923) mem 0x80013e36 0x60
core   0: 0x8000170c (0x005e16b3) sll     a3, t3, t0
core   0: 3 0x8000170c (0x005e16b3) x13 0x00000000
core   0: 0x80001710 (0x2f454203) lbu     tp, 756(a0)
core   0: 3 0x80001710 (0x2f454203) x 4 0x00000000 mem 0x800140b8
core   0: 0x80001714 (0x228a2437) lui     s0, 0x228a2
core   0: 3 0x80001714 (0x228a2437) x 8 0x228a2000
core   0: 0x80001718 (0x019ac1b3) xor     gp, s5, s9
core   0: 3 0x80001718 (0x019ac1b3) x 3 0x800016e4
core   0: 0x8000171c (0x46d50883) lb      a7, 1133(a0)
core   0: 3 0x8000171c (0x46d50883) x17 0x00000000 mem 0x80014231
core   0: 0x80001720 (0x466506a3) sb      t1, 1133(a0)
core   0: 3 0x80001720 (0x466506a3) mem 0x80014231 0x7c
core   0: 0x80001724 (0x93950123) sb      s9, -1758(a0)
core   0: 3 0x80001724 (0x93950123) mem 0x800136e6 0xe4
core   0: 0x80001728 (0x00ea7cb3) and     s9, s4, a4
core   0: 3 0x80001728 (0x00ea7cb3) x25 0x80001460
core   0: 0x8000172c (0xcf451783) lh      a5, -780(a0)
core   0: 3 0x8000172c (0xcf451783) x15 0x00000000 mem 0x80013ab8
core   0: 0x80001730 (0x8af504a3) sb      a5, -1879(a0)
core   0: 3 0x80001730 (0x8af504a3) mem 0x8001366d 0x0
core   0: 0x80001734 (0x014000ef) jal     pc + 0x14
core   0: 3 0x80001734 (0x014000ef) x 1 0x80001738
core   0: 0x80001748 (0x0040036f) jal     t1, pc + 0x4
core   0: 3 0x80001748 (0x0040036f) x 6 0x8000174c
core   0: 0x8000174c (0x02000b6f) jal     s6, pc + 0x20
core   0: 3 0x8000174c (0x02000b6f) x22 0x80001750
core   0: 0x8000176c (0xff5ff0ef) jal     pc - 0xc
core   0: 3 0x8000176c (0xff5ff0ef) x 1 0x80001770
core   0: 0x80001760 (0xffdff36f) jal     t1, pc - 0x4
core   0: 3 0x80001760 (0xffdff36f) x 6 0x80001764
core   0: 0x8000175c (0xfe1ff6ef) jal     a3, pc - 0x20
core   0: 3 0x8000175c (0xfe1ff6ef) x13 0x80001760
core   0: 0x8000173c (0x0140036f) jal     t1, pc + 0x14
core   0: 3 0x8000173c (0x0140036f) x 6 0x80001740
core   0: 0x80001750 (0x014000ef) jal     pc + 0x14
core   0: 3 0x80001750 (0x014000ef) x 1 0x80001754
core   0: 0x80001764 (0xfe1ff0ef) jal     pc - 0x20
core   0: 3 0x80001764 (0xfe1ff0ef) x 1 0x80001768
core   0: 0x80001744 (0xff5ff0ef) jal     pc - 0xc
core   0: 3 0x80001744 (0xff5ff0ef) x 1 0x80001748
core   0: 0x80001738 (0x01c000ef) jal     pc + 0x1c
core   0: 3 0x80001738 (0x01c000ef) x 1 0x8000173c
core   0: 0x80001754 (0x0040036f) jal     t1, pc + 0x4
core   0: 3 0x80001754 (0x0040036f) x 6 0x80001758
core   0: 0x80001758 (0x0100066f) jal     a2, pc + 0x10
core   0: 3 0x80001758 (0x0100066f) x12 0x8000175c
core   0: 0x80001768 (0xfd9ffeef) jal     t4, pc - 0x28
core   0: 3 0x80001768 (0xfd9ffeef) x29 0x8000176c
core   0: 0x80001740 (0x030000ef) jal     pc + 0x30
core   0: 3 0x80001740 (0x030000ef) x 1 0x80001744
core   0: 0x80001770 (0x59850bb7) lui     s7, 0x59850
core   0: 3 0x80001770 (0x59850bb7) x23 0x59850000
core   0: 0x80001774 (0x00017797) auipc   a5, 0x17
core   0: 3 0x80001774 (0x00017797) x15 0x80018774
core   0: 0x80001778 (0x80278793) addi    a5, a5, -2046
core   0: 3 0x80001778 (0x80278793) x15 0x80017f76
core   0: 0x8000177c (0x0343ddb3) divu    s11, t2, s4
core   0: 3 0x8000177c (0x0343ddb3) x27 0x00000000
core   0: 0x80001780 (0x024a5d33) divu    s10, s4, tp
core   0: 3 0x80001780 (0x024a5d33) x26 0xffffffff
core   0: 0x80001784 (0xc09f0693) addi    a3, t5, -1015
core   0: 3 0x80001784 (0xc09f0693) x13 0x800012b5
core   0: 0x80001788 (0x41400833) sub     a6, zero, s4
core   0: 3 0x80001788 (0x41400833) x16 0x7fffe9a0
core   0: 0x8000178c (0x006dabb3) slt     s7, s11, t1
core   0: 3 0x8000178c (0x006dabb3) x23 0x00000000
core   0: 0x80001790 (0x03b79723) sh      s11, 46(a5)
core   0: 3 0x80001790 (0x03b79723) mem 0x80017fa4 0x0000
core   0: 0x80001794 (0x03b942b3) div     t0, s2, s11
core   0: 3 0x80001794 (0x03b942b3) x 5 0xffffffff
core   0: 0x80001798 (0x03326f33) rem     t5, tp, s3
core   0: 3 0x80001798 (0x03326f33) x30 0x00000000
core   0: 0x8000179c (0x08e782a3) sb      a4, 133(a5)
core   0: 3 0x8000179c (0x08e782a3) mem 0x80017ffb 0xec
core   0: 0x800017a0 (0x418e05b3) sub     a1, t3, s8
core   0: 3 0x800017a0 (0x418e05b3) x11 0x00000000
core   0: 0x800017a4 (0x01a7d933) srl     s2, a5, s10
core   0: 3 0x800017a4 (0x01a7d933) x18 0x00000001
core   0: 0x800017a8 (0x0069df13) srli    t5, s3, 6
core   0: 3 0x800017a8 (0x0069df13) x30 0x00000000
core   0: 0x800017ac (0x06978983) lb      s3, 105(a5)
core   0: 3 0x800017ac (0x06978983) x19 0x00000000 mem 0x80017fdf
core   0: 0x800017b0 (0x02f8e533) rem     a0, a7, a5
core   0: 3 0x800017b0 (0x02f8e533) x10 0x00000000
core   0: 0x800017b4 (0x008a4033) xor     zero, s4, s0
core   0: 3 0x800017b4 (0x008a4033)
core   0: 0x800017b8 (0x08a78423) sb      a0, 136(a5)
core   0: 3 0x800017b8 (0x08a78423) mem 0x80017ffe 0x0
core   0: 0x800017bc (0x036f39b3) mulhu   s3, t5, s6
core   0: 3 0x800017bc (0x036f39b3) x19 0x00000000
core   0: 0x800017c0 (0xf0d78d03) lb      s10, -243(a5)
core   0: 3 0x800017c0 (0xf0d78d03) x26 0x00000000 mem 0x80017e83
core   0: 0x800017c4 (0x0417cb03) lbu     s6, 65(a5)
core   0: 3 0x800017c4 (0x0417cb03) x22 0x00000000 mem 0x80017fb7
core   0: 0x800017c8 (0x04f78a83) lb      s5, 79(a5)
core   0: 3 0x800017c8 (0x04f78a83) x21 0x00000000 mem 0x80017fc5
core   0: 0x800017cc (0x06578323) sb      t0, 102(a5)
core   0: 3 0x800017cc (0x06578323) mem 0x80017fdc 0xff
core   0: 0x800017d0 (0xf1f78703) lb      a4, -225(a5)
core   0: 3 0x800017d0 (0xf1f78703) x14 0x00000000 mem 0x80017e95
core   0: 0x800017d4 (0x82037b13) andi    s6, t1, -2016
core   0: 3 0x800017d4 (0x82037b13) x22 0x80001000
core   0: 0x800017d8 (0x0b67d403) lhu     s0, 182(a5)
core   0: 3 0x800017d8 (0x0b67d403) x 8 0x00000000 mem 0x8001802c
core   0: 0x800017dc (0xf5f7cc83) lbu     s9, -161(a5)
core   0: 3 0x800017dc (0xf5f7cc83) x25 0x00000000 mem 0x80017ed5
core   0: 0x800017e0 (0x00fe40b3) xor     ra, t3, a5
core   0: 3 0x800017e0 (0x00fe40b3) x 1 0x80017f76
core   0: 0x800017e4 (0x3d294193) xori    gp, s2, 978
core   0: 3 0x800017e4 (0x3d294193) x 3 0x000003d3
core   0: 0x800017e8 (0xf2778e83) lb      t4, -217(a5)
core   0: 3 0x800017e8 (0xf2778e83) x29 0x00000000 mem 0x80017e9d
core   0: 0x800017ec (0x01259633) sll     a2, a1, s2
core   0: 3 0x800017ec (0x01259633) x12 0x00000000
core   0: 0x800017f0 (0x0057df33) srl     t5, a5, t0
core   0: 3 0x800017f0 (0x0057df33) x30 0x00000001
core   0: 0x800017f4 (0x0d5781a3) sb      s5, 195(a5)
core   0: 3 0x800017f4 (0x0d5781a3) mem 0x80018039 0x0
core   0: 0x800017f8 (0xf7c78aa3) sb      t3, -139(a5)
core   0: 3 0x800017f8 (0xf7c78aa3) mem 0x80017eeb 0x0
core   0: 0x800017fc (0x02e451b3) divu    gp, s0, a4
core   0: 3 0x800017fc (0x02e451b3) x 3 0xffffffff
core   0: 0x80001800 (0x01b1bb33) sltu    s6, gp, s11
core   0: 3 0x80001800 (0x01b1bb33) x22 0x00000000
core   0: 0x80001804 (0x40da0533) sub     a0, s4, a3
core   0: 3 0x80001804 (0x40da0533) x10 0x000003ab
core   0: 0x80001808 (0x0025beb3) sltu    t4, a1, sp
core   0: 3 0x80001808 (0x0025beb3) x29 0x00000001
core   0: 0x8000180c (0x02aa15b3) mulh    a1, s4, a0
core   0: 3 0x8000180c (0x02aa15b3) x11 0xfffffe2a
core   0: 0x80001810 (0xe2793713) sltiu   a4, s2, -473
core   0: 3 0x80001810 (0xe2793713) x14 0x00000001
core   0: 0x80001814 (0x0ba7d983) lhu     s3, 186(a5)
core   0: 3 0x80001814 (0x0ba7d983) x19 0x00000000 mem 0x80018030
core   0: 0x80001818 (0x004000ef) jal     pc + 0x4
core   0: 3 0x80001818 (0x004000ef) x 1 0x8000181c
core   0: 0x8000181c (0x018000ef) jal     pc + 0x18
core   0: 3 0x8000181c (0x018000ef) x 1 0x80001820
core   0: 0x80001834 (0x00c000ef) jal     pc + 0xc
core   0: 3 0x80001834 (0x00c000ef) x 1 0x80001838
core   0: 0x80001840 (0xffdff0ef) jal     pc - 0x4
core   0: 3 0x80001840 (0xffdff0ef) x 1 0x80001844
core   0: 0x8000183c (0x00c000ef) jal     pc + 0xc
core   0: 3 0x8000183c (0x00c000ef) x 1 0x80001840
core   0: 0x80001848 (0xfe1ff0ef) jal     pc - 0x20
core   0: 3 0x80001848 (0xfe1ff0ef) x 1 0x8000184c
core   0: 0x80001828 (0x0280036f) jal     t1, pc + 0x28
core   0: 3 0x80001828 (0x0280036f) x 6 0x8000182c
core   0: 0x80001850 (0x00800c6f) jal     s8, pc + 0x8
core   0: 3 0x80001850 (0x00800c6f) x24 0x80001854
core   0: 0x80001858 (0xff5ff0ef) jal     pc - 0xc
core   0: 3 0x80001858 (0xff5ff0ef) x 1 0x8000185c
core   0: 0x8000184c (0x008000ef) jal     pc + 0x8
core   0: 3 0x8000184c (0x008000ef) x 1 0x80001850
core   0: 0x80001854 (0xfe5ff0ef) jal     pc - 0x1c
core   0: 3 0x80001854 (0xfe5ff0ef) x 1 0x80001858
core   0: 0x80001838 (0xfe9ff0ef) jal     pc - 0x18
core   0: 3 0x80001838 (0xfe9ff0ef) x 1 0x8000183c
core   0: 0x80001820 (0x00c000ef) jal     pc + 0xc
core   0: 3 0x80001820 (0x00c000ef) x 1 0x80001824
core   0: 0x8000182c (0xff9ff0ef) jal     pc - 0x8
core   0: 3 0x8000182c (0xff9ff0ef) x 1 0x80001830
core   0: 0x80001824 (0x020000ef) jal     pc + 0x20
core   0: 3 0x80001824 (0x020000ef) x 1 0x80001828
core   0: 0x80001844 (0xfedff36f) jal     t1, pc - 0x14
core   0: 3 0x80001844 (0xfedff36f) x 6 0x80001848
core   0: 0x80001830 (0x02c000ef) jal     pc + 0x2c
core   0: 3 0x80001830 (0x02c000ef) x 1 0x80001834
core   0: 0x8000185c (0x03adb6b3) mulhu   a3, s11, s10
core   0: 3 0x8000185c (0x03adb6b3) x13 0x00000000
core   0: 0x80001860 (0x00100b13) li      s6, 1
core   0: 3 0x80001860 (0x00100b13) x22 0x00000001
core   0: 0x80001864 (0x0358c9b3) div     s3, a7, s5
core   0: 3 0x80001864 (0x0358c9b3) x19 0xffffffff
core   0: 0x80001868 (0x013fb533) sltu    a0, t6, s3
core   0: 3 0x80001868 (0x013fb533) x10 0x00000001
core   0: 0x8000186c (0x40c3d713) srai    a4, t2, 12
core   0: 3 0x8000186c (0x40c3d713) x14 0x00000000
core   0: 0x80001870 (0x86b3f693) andi    a3, t2, -1941
core   0: 3 0x80001870 (0x86b3f693) x13 0x00000000
core   0: 0x80001874 (0x00700893) li      a7, 7
core   0: 3 0x80001874 (0x00700893) x17 0x00000007
core   0: 0x80001878 (0x54df1eb7) lui     t4, 0x54df1
core   0: 3 0x80001878 (0x54df1eb7) x29 0x54df1000
core   0: 0x8000187c (0x0264ad33) mulhsu  s10, s1, t1
core   0: 3 0x8000187c (0x0264ad33) x26 0xc001424e
core   0: 0x80001880 (0x0053f0b3) and     ra, t2, t0
core   0: 3 0x80001880 (0x0053f0b3) x 1 0x00000000
core   0: 0x80001884 (0x01e67333) and     t1, a2, t5
core   0: 3 0x80001884 (0x01e67333) x 6 0x00000000
core   0: 0x80001888 (0x40658e33) sub     t3, a1, t1
core   0: 3 0x80001888 (0x40658e33) x28 0xfffffe2a
core   0: 0x8000188c (0xa002c093) xori    ra, t0, -1536
core   0: 3 0x8000188c (0xa002c093) x 1 0x000005ff
core   0: 0x80001890 (0xa34a7313) andi    t1, s4, -1484
core   0: 3 0x80001890 (0xa34a7313) x 6 0x80001220
core   0: 0x80001894 (0x001b0b13) addi    s6, s6, 1
core   0: 3 0x80001894 (0x001b0b13) x22 0x00000002
core   0: 0x80001898 (0x24c68693) addi    a3, a3, 588
core   0: 3 0x80001898 (0x24c68693) x13 0x0000024c
core   0: 0x8000189c (0x01dc1213) slli    tp, s8, 29
core   0: 3 0x8000189c (0x01dc1213) x 4 0x80000000
core   0: 0x800018a0 (0x0370bab3) mulhu   s5, ra, s7
core   0: 3 0x800018a0 (0x0370bab3) x21 0x00000000
core   0: 0x800018a4 (0x37cc2693) slti    a3, s8, 892
core   0: 3 0x800018a4 (0x37cc2693) x13 0x00000001
core   0: 0x800018a8 (0x00a89793) slli    a5, a7, 10
core   0: 3 0x800018a8 (0x00a89793) x15 0x00001c00
core   0: 0x800018ac (0xfd1b6ee3) bltu    s6, a7, pc - 36
core   0: 3 0x800018ac (0xfd1b6ee3)
core   0: 0x80001888 (0x40658e33) sub     t3, a1, t1
core   0: 3 0x80001888 (0x40658e33) x28 0x7fffec0a
core   0: 0x8000188c (0xa002c093) xori    ra, t0, -1536
core   0: 3 0x8000188c (0xa002c093) x 1 0x000005ff
core   0: 0x80001890 (0xa34a7313) andi    t1, s4, -1484
core   0: 3 0x80001890 (0xa34a7313) x 6 0x80001220
core   0: 0x80001894 (0x001b0b13) addi    s6, s6, 1
core   0: 3 0x80001894 (0x001b0b13) x22 0x00000003
core   0: 0x80001898 (0x24c68693) addi    a3, a3, 588
core   0: 3 0x80001898 (0x24c68693) x13 0x0000024d
core   0: 0x8000189c (0x01dc1213) slli    tp, s8, 29
core   0: 3 0x8000189c (0x01dc1213) x 4 0x80000000
core   0: 0x800018a0 (0x0370bab3) mulhu   s5, ra, s7
core   0: 3 0x800018a0 (0x0370bab3) x21 0x00000000
core   0: 0x800018a4 (0x37cc2693) slti    a3, s8, 892
core   0: 3 0x800018a4 (0x37cc2693) x13 0x00000001
core   0: 0x800018a8 (0x00a89793) slli    a5, a7, 10
core   0: 3 0x800018a8 (0x00a89793) x15 0x00001c00
core   0: 0x800018ac (0xfd1b6ee3) bltu    s6, a7, pc - 36
core   0: 3 0x800018ac (0xfd1b6ee3)
core   0: 0x80001888 (0x40658e33) sub     t3, a1, t1
core   0: 3 0x80001888 (0x40658e33) x28 0x7fffec0a
core   0: 0x8000188c (0xa002c093) xori    ra, t0, -1536
core   0: 3 0x8000188c (0xa002c093) x 1 0x000005ff
core   0: 0x80001890 (0xa34a7313) andi    t1, s4, -1484
core   0: 3 0x80001890 (0xa34a7313) x 6 0x80001220
core   0: 0x80001894 (0x001b0b13) addi    s6, s6, 1
core   0: 3 0x80001894 (0x001b0b13) x22 0x00000004
core   0: 0x80001898 (0x24c68693) addi    a3, a3, 588
core   0: 3 0x80001898 (0x24c68693) x13 0x0000024d
core   0: 0x8000189c (0x01dc1213) slli    tp, s8, 29
core   0: 3 0x8000189c (0x01dc1213) x 4 0x80000000
core   0: 0x800018a0 (0x0370bab3) mulhu   s5, ra, s7
core   0: 3 0x800018a0 (0x0370bab3) x21 0x00000000
core   0: 0x800018a4 (0x37cc2693) slti    a3, s8, 892
core   0: 3 0x800018a4 (0x37cc2693) x13 0x00000001
core   0: 0x800018a8 (0x00a89793) slli    a5, a7, 10
core   0: 3 0x800018a8 (0x00a89793) x15 0x00001c00
core   0: 0x800018ac (0xfd1b6ee3) bltu    s6, a7, pc - 36
core   0: 3 0x800018ac (0xfd1b6ee3)
core   0: 0x80001888 (0x40658e33) sub     t3, a1, t1
core   0: 3 0x80001888 (0x40658e33) x28 0x7fffec0a
core   0: 0x8000188c (0xa002c093) xori    ra, t0, -1536
core   0: 3 0x8000188c (0xa002c093) x 1 0x000005ff
core   0: 0x80001890 (0xa34a7313) andi    t1, s4, -1484
core   0: 3 0x80001890 (0xa34a7313) x 6 0x80001220
core   0: 0x80001894 (0x001b0b13) addi    s6, s6, 1
core   0: 3 0x80001894 (0x001b0b13) x22 0x00000005
core   0: 0x80001898 (0x24c68693) addi    a3, a3, 588
core   0: 3 0x80001898 (0x24c68693) x13 0x0000024d
core   0: 0x8000189c (0x01dc1213) slli    tp, s8, 29
core   0: 3 0x8000189c (0x01dc1213) x 4 0x80000000
core   0: 0x800018a0 (0x0370bab3) mulhu   s5, ra, s7
core   0: 3 0x800018a0 (0x0370bab3) x21 0x00000000
core   0: 0x800018a4 (0x37cc2693) slti    a3, s8, 892
core   0: 3 0x800018a4 (0x37cc2693) x13 0x00000001
core   0: 0x800018a8 (0x00a89793) slli    a5, a7, 10
core   0: 3 0x800018a8 (0x00a89793) x15 0x00001c00
core   0: 0x800018ac (0xfd1b6ee3) bltu    s6, a7, pc - 36
core   0: 3 0x800018ac (0xfd1b6ee3)
core   0: 0x80001888 (0x40658e33) sub     t3, a1, t1
core   0: 3 0x80001888 (0x40658e33) x28 0x7fffec0a
core   0: 0x8000188c (0xa002c093) xori    ra, t0, -1536
core   0: 3 0x8000188c (0xa002c093) x 1 0x000005ff
core   0: 0x80001890 (0xa34a7313) andi    t1, s4, -1484
core   0: 3 0x80001890 (0xa34a7313) x 6 0x80001220
core   0: 0x80001894 (0x001b0b13) addi    s6, s6, 1
core   0: 3 0x80001894 (0x001b0b13) x22 0x00000006
core   0: 0x80001898 (0x24c68693) addi    a3, a3, 588
core   0: 3 0x80001898 (0x24c68693) x13 0x0000024d
core   0: 0x8000189c (0x01dc1213) slli    tp, s8, 29
core   0: 3 0x8000189c (0x01dc1213) x 4 0x80000000
core   0: 0x800018a0 (0x0370bab3) mulhu   s5, ra, s7
core   0: 3 0x800018a0 (0x0370bab3) x21 0x00000000
core   0: 0x800018a4 (0x37cc2693) slti    a3, s8, 892
core   0: 3 0x800018a4 (0x37cc2693) x13 0x00000001
core   0: 0x800018a8 (0x00a89793) slli    a5, a7, 10
core   0: 3 0x800018a8 (0x00a89793) x15 0x00001c00
core   0: 0x800018ac (0xfd1b6ee3) bltu    s6, a7, pc - 36
core   0: 3 0x800018ac (0xfd1b6ee3)
core   0: 0x80001888 (0x40658e33) sub     t3, a1, t1
core   0: 3 0x80001888 (0x40658e33) x28 0x7fffec0a
core   0: 0x8000188c (0xa002c093) xori    ra, t0, -1536
core   0: 3 0x8000188c (0xa002c093) x 1 0x000005ff
core   0: 0x80001890 (0xa34a7313) andi    t1, s4, -1484
core   0: 3 0x80001890 (0xa34a7313) x 6 0x80001220
core   0: 0x80001894 (0x001b0b13) addi    s6, s6, 1
core   0: 3 0x80001894 (0x001b0b13) x22 0x00000007
core   0: 0x80001898 (0x24c68693) addi    a3, a3, 588
core   0: 3 0x80001898 (0x24c68693) x13 0x0000024d
core   0: 0x8000189c (0x01dc1213) slli    tp, s8, 29
core   0: 3 0x8000189c (0x01dc1213) x 4 0x80000000
core   0: 0x800018a0 (0x0370bab3) mulhu   s5, ra, s7
core   0: 3 0x800018a0 (0x0370bab3) x21 0x00000000
core   0: 0x800018a4 (0x37cc2693) slti    a3, s8, 892
core   0: 3 0x800018a4 (0x37cc2693) x13 0x00000001
core   0: 0x800018a8 (0x00a89793) slli    a5, a7, 10
core   0: 3 0x800018a8 (0x00a89793) x15 0x00001c00
core   0: 0x800018ac (0xfd1b6ee3) bltu    s6, a7, pc - 36
core   0: 3 0x800018ac (0xfd1b6ee3)
core   0: 0x800018b0 (0x0336ad33) mulhsu  s10, a3, s3
core   0: 3 0x800018b0 (0x0336ad33) x26 0x00000000
core   0: 0x800018b4 (0xffc00c93) li      s9, -4
core   0: 3 0x800018b4 (0xffc00c93) x25 0xfffffffc
core   0: 0x800018b8 (0x00e00e93) li      t4, 14
core   0: 3 0x800018b8 (0x00e00e93) x29 0x0000000e
core   0: 0x800018bc (0x03e55533) divu    a0, a0, t5
core   0: 3 0x800018bc (0x03e55533) x10 0x00000001
core   0: 0x800018c0 (0x01dc6db3) or      s11, s8, t4
core   0: 3 0x800018c0 (0x01dc6db3) x27 0x8000185e
core   0: 0x800018c4 (0xfcdfe613) ori     a2, t6, -51
core   0: 3 0x800018c4 (0xfcdfe613) x12 0xffffffed
core   0: 0x800018c8 (0x02154c33) div     s8, a0, ra
core   0: 3 0x800018c8 (0x02154c33) x24 0x00000000
core   0: 0x800018cc (0x03254f33) div     t5, a0, s2
core   0: 3 0x800018cc (0x03254f33) x30 0x00000001
core   0: 0x800018d0 (0x0274a0b3) mulhsu  ra, s1, t2
core   0: 3 0x800018d0 (0x0274a0b3) x 1 0x00000000
core   0: 0x800018d4 (0x009c8c93) addi    s9, s9, 9
core   0: 3 0x800018d4 (0x009c8c93) x25 0x00000005
core   0: 0x800018d8 (0x000cabb3) slt     s7, s9, zero
core   0: 3 0x800018d8 (0x000cabb3) x23 0x00000000
core   0: 0x800018dc (0x00bfc933) xor     s2, t6, a1
core   0: 3 0x800018dc (0x00bfc933) x18 0x7ffda04e
core   0: 0x800018e0 (0x00db1913) slli    s2, s6, 13
core   0: 3 0x800018e0 (0x00db1913) x18 0x0000e000
core   0: 0x800018e4 (0xbc43ff17) auipc   t5, 0xbc43f
core   0: 3 0x800018e4 (0xbc43ff17) x30 0x3c4408e4
core   0: 0x800018e8 (0x00470333) add     t1, a4, tp
core   0: 3 0x800018e8 (0x00470333) x 6 0x80000000
core   0: 0x800018ec (0x021ce1b3) rem     gp, s9, ra
core   0: 3 0x800018ec (0x021ce1b3) x 3 0x00000005
core   0: 0x800018f0 (0x00000013) nop
core   0: 3 0x800018f0 (0x00000013)
core   0: 0x800018f4 (0xffe00693) li      a3, -2
core   0: 3 0x800018f4 (0xffe00693) x13 0xfffffffe
core   0: 0x800018f8 (0x01a67633) and     a2, a2, s10
core   0: 3 0x800018f8 (0x01a67633) x12 0x00000000
core   0: 0x800018fc (0xff700a13) li      s4, -9
core   0: 3 0x800018fc (0xff700a13) x20 0xfffffff7
core   0: 0x80001900 (0x009f1c13) slli    s8, t5, 9
core   0: 3 0x80001900 (0x009f1c13) x24 0x8811c800
core   0: 0x80001904 (0x2c854293) xori    t0, a0, 712
core   0: 3 0x80001904 (0x2c854293) x 5 0x000002c9
core   0: 0x80001908 (0x01547533) and     a0, s0, s5
core   0: 3 0x80001908 (0x01547533) x10 0x00000000
core   0: 0x8000190c (0xff968693) addi    a3, a3, -7
core   0: 3 0x8000190c (0xff968693) x13 0xfffffff7
core   0: 0x80001910 (0xa4576837) lui     a6, 0xa4576
core   0: 3 0x80001910 (0xa4576837) x16 0xa4576000
core   0: 0x80001914 (0x738d3e13) sltiu   t3, s10, 1848
core   0: 3 0x80001914 (0x738d3e13) x28 0x00000001
core   0: 0x80001918 (0xff4686e3) beq     a3, s4, pc - 20
core   0: 3 0x80001918 (0xff4686e3)
core   0: 0x80001904 (0x2c854293) xori    t0, a0, 712
core   0: 3 0x80001904 (0x2c854293) x 5 0x000002c8
core   0: 0x80001908 (0x01547533) and     a0, s0, s5
core   0: 3 0x80001908 (0x01547533) x10 0x00000000
core   0: 0x8000190c (0xff968693) addi    a3, a3, -7
core   0: 3 0x8000190c (0xff968693) x13 0xfffffff0
core   0: 0x80001910 (0xa4576837) lui     a6, 0xa4576
core   0: 3 0x80001910 (0xa4576837) x16 0xa4576000
core   0: 0x80001914 (0x738d3e13) sltiu   t3, s10, 1848
core   0: 3 0x80001914 (0x738d3e13) x28 0x00000001
core   0: 0x80001918 (0xff4686e3) beq     a3, s4, pc - 20
core   0: 3 0x80001918 (0xff4686e3)
core   0: 0x8000191c (0x2a413093) sltiu   ra, sp, 676
core   0: 3 0x8000191c (0x2a413093) x 1 0x00000000
core   0: 0x80001920 (0x0277a7b3) mulhsu  a5, a5, t2
core   0: 3 0x80001920 (0x0277a7b3) x15 0x00000000
core   0: 0x80001924 (0x004dad33) slt     s10, s11, tp
core   0: 3 0x80001924 (0x004dad33) x26 0x00000000
core   0: 0x80001928 (0x03d84533) div     a0, a6, t4
core   0: 3 0x80001928 (0x03d84533) x10 0xf973f493
core   0: 0x8000192c (0x01a250b3) srl     ra, tp, s10
core   0: 3 0x8000192c (0x01a250b3) x 1 0x80000000
core   0: 0x80001930 (0x5a114213) xori    tp, sp, 1441
core   0: 3 0x80001930 (0x5a114213) x 4 0x800005a1
core   0: 0x80001934 (0xc724e793) ori     a5, s1, -910
core   0: 3 0x80001934 (0xc724e793) x15 0xfffffcf6
core   0: 0x80001938 (0xf9dccae3) blt     s9, t4, pc - 108
core   0: 3 0x80001938 (0xf9dccae3)
core   0: 0x800018cc (0x03254f33) div     t5, a0, s2
core   0: 3 0x800018cc (0x03254f33) x30 0xfffff885
core   0: 0x800018d0 (0x0274a0b3) mulhsu  ra, s1, t2
core   0: 3 0x800018d0 (0x0274a0b3) x 1 0x00000000
core   0: 0x800018d4 (0x009c8c93) addi    s9, s9, 9
core   0: 3 0x800018d4 (0x009c8c93) x25 0x0000000e
core   0: 0x800018d8 (0x000cabb3) slt     s7, s9, zero
core   0: 3 0x800018d8 (0x000cabb3) x23 0x00000000
core   0: 0x800018dc (0x00bfc933) xor     s2, t6, a1
core   0: 3 0x800018dc (0x00bfc933) x18 0x7ffda04e
core   0: 0x800018e0 (0x00db1913) slli    s2, s6, 13
core   0: 3 0x800018e0 (0x00db1913) x18 0x0000e000
core   0: 0x800018e4 (0xbc43ff17) auipc   t5, 0xbc43f
core   0: 3 0x800018e4 (0xbc43ff17) x30 0x3c4408e4
core   0: 0x800018e8 (0x00470333) add     t1, a4, tp
core   0: 3 0x800018e8 (0x00470333) x 6 0x800005a1
core   0: 0x800018ec (0x021ce1b3) rem     gp, s9, ra
core   0: 3 0x800018ec (0x021ce1b3) x 3 0x0000000e
core   0: 0x800018f0 (0x00000013) nop
core   0: 3 0x800018f0 (0x00000013)
core   0: 0x800018f4 (0xffe00693) li      a3, -2
core   0: 3 0x800018f4 (0xffe00693) x13 0xfffffffe
core   0: 0x800018f8 (0x01a67633) and     a2, a2, s10
core   0: 3 0x800018f8 (0x01a67633) x12 0x00000000
core   0: 0x800018fc (0xff700a13) li      s4, -9
core   0: 3 0x800018fc (0xff700a13) x20 0xfffffff7
core   0: 0x80001900 (0x009f1c13) slli    s8, t5, 9
core   0: 3 0x80001900 (0x009f1c13) x24 0x8811c800
core   0: 0x80001904 (0x2c854293) xori    t0, a0, 712
core   0: 3 0x80001904 (0x2c854293) x 5 0xf973f65b
core   0: 0x80001908 (0x01547533) and     a0, s0, s5
core   0: 3 0x80001908 (0x01547533) x10 0x00000000
core   0: 0x8000190c (0xff968693) addi    a3, a3, -7
core   0: 3 0x8000190c (0xff968693) x13 0xfffffff7
core   0: 0x80001910 (0xa4576837) lui     a6, 0xa4576
core   0: 3 0x80001910 (0xa4576837) x16 0xa4576000
core   0: 0x80001914 (0x738d3e13) sltiu   t3, s10, 1848
core   0: 3 0x80001914 (0x738d3e13) x28 0x00000001
core   0: 0x80001918 (0xff4686e3) beq     a3, s4, pc - 20
core   0: 3 0x80001918 (0xff4686e3)
core   0: 0x80001904 (0x2c854293) xori    t0, a0, 712
core   0: 3 0x80001904 (0x2c854293) x 5 0x000002c8
core   0: 0x80001908 (0x01547533) and     a0, s0, s5
core   0: 3 0x80001908 (0x01547533) x10 0x00000000
core   0: 0x8000190c (0xff968693) addi    a3, a3, -7
core   0: 3 0x8000190c (0xff968693) x13 0xfffffff0
core   0: 0x80001910 (0xa4576837) lui     a6, 0xa4576
core   0: 3 0x80001910 (0xa4576837) x16 0xa4576000
core   0: 0x80001914 (0x738d3e13) sltiu   t3, s10, 1848
core   0: 3 0x80001914 (0x738d3e13) x28 0x00000001
core   0: 0x80001918 (0xff4686e3) beq     a3, s4, pc - 20
core   0: 3 0x80001918 (0xff4686e3)
core   0: 0x8000191c (0x2a413093) sltiu   ra, sp, 676
core   0: 3 0x8000191c (0x2a413093) x 1 0x00000000
core   0: 0x80001920 (0x0277a7b3) mulhsu  a5, a5, t2
core   0: 3 0x80001920 (0x0277a7b3) x15 0x00000000
core   0: 0x80001924 (0x004dad33) slt     s10, s11, tp
core   0: 3 0x80001924 (0x004dad33) x26 0x00000000
core   0: 0x80001928 (0x03d84533) div     a0, a6, t4
core   0: 3 0x80001928 (0x03d84533) x10 0xf973f493
core   0: 0x8000192c (0x01a250b3) srl     ra, tp, s10
core   0: 3 0x8000192c (0x01a250b3) x 1 0x800005a1
core   0: 0x80001930 (0x5a114213) xori    tp, sp, 1441
core   0: 3 0x80001930 (0x5a114213) x 4 0x800005a1
core   0: 0x80001934 (0xc724e793) ori     a5, s1, -910
core   0: 3 0x80001934 (0xc724e793) x15 0xfffffcf6
core   0: 0x80001938 (0xf9dccae3) blt     s9, t4, pc - 108
core   0: 3 0x80001938 (0xf9dccae3)
core   0: 0x8000193c (0x03c5cdb3) div     s11, a1, t3
core   0: 3 0x8000193c (0x03c5cdb3) x27 0xfffffe2a
core   0: 0x80001940 (0xff800313) li      t1, -8
core   0: 3 0x80001940 (0xff800313) x 6 0xfffffff8
core   0: 0x80001944 (0x411488b3) sub     a7, s1, a7
core   0: 3 0x80001944 (0x411488b3) x17 0x80029cdd
core   0: 0x80001948 (0x0045a933) slt     s2, a1, tp
core   0: 3 0x80001948 (0x0045a933) x18 0x00000000
core   0: 0x8000194c (0x404fde33) sra     t3, t6, tp
core   0: 3 0x8000194c (0x404fde33) x28 0xc0012f32
core   0: 0x80001950 (0xffc00993) li      s3, -4
core   0: 3 0x80001950 (0xffc00993) x19 0xfffffffc
core   0: 0x80001954 (0x02263e33) mulhu   t3, a2, sp
core   0: 3 0x80001954 (0x02263e33) x28 0x00000000
core   0: 0x80001958 (0x035fe233) rem     tp, t6, s5
core   0: 3 0x80001958 (0x035fe233) x 4 0x80025e64
core   0: 0x8000195c (0xfb48b817) auipc   a6, 0xfb48b
core   0: 3 0x8000195c (0xfb48b817) x16 0x7b48c95c
core   0: 0x80001960 (0x6b1b53b7) lui     t2, 0x6b1b5
core   0: 3 0x80001960 (0x6b1b53b7) x 7 0x6b1b5000
core   0: 0x80001964 (0x0245ef33) rem     t5, a1, tp
core   0: 3 0x80001964 (0x0245ef33) x30 0xfffffe2a
core   0: 0x80001968 (0x02ac6233) rem     tp, s8, a0
core   0: 3 0x80001968 (0x02ac6233) x 4 0xfdea95aa
core   0: 0x8000196c (0x6a549817) auipc   a6, 0x6a549
core   0: 3 0x8000196c (0x6a549817) x16 0xea54a96c
core   0: 0x80001970 (0x012678b3) and     a7, a2, s2
core   0: 3 0x80001970 (0x012678b3) x17 0x00000000
core   0: 0x80001974 (0x00a30313) addi    t1, t1, 10
core   0: 3 0x80001974 (0x00a30313) x 6 0x00000002
core   0: 0x80001978 (0x008df6b3) and     a3, s11, s0
core   0: 3 0x80001978 (0x008df6b3) x13 0x00000000
core   0: 0x8000197c (0x019e6bb3) or      s7, t3, s9
core   0: 3 0x8000197c (0x019e6bb3) x23 0x0000000e
core   0: 0x80001980 (0x036a4433) div     s0, s4, s6
core   0: 3 0x80001980 (0x036a4433) x 8 0xffffffff
core   0: 0x80001984 (0x00d1c833) xor     a6, gp, a3
core   0: 3 0x80001984 (0x00d1c833) x16 0x0000000e
core   0: 0x80001988 (0x00c99613) slli    a2, s3, 12
core   0: 3 0x80001988 (0x00c99613) x12 0xffffc000
core   0: 0x8000198c (0x40585093) srai    ra, a6, 5
core   0: 3 0x8000198c (0x40585093) x 1 0x00000000
core   0: 0x80001990 (0x0041b1b3) sltu    gp, gp, tp
core   0: 3 0x80001990 (0x0041b1b3) x 3 0x00000001
core   0: 0x80001994 (0x02c09233) mulh    tp, ra, a2
core   0: 3 0x80001994 (0x02c09233) x 4 0x00000000
core   0: 0x80001998 (0x01835b33) srl     s6, t1, s8
core   0: 3 0x80001998 (0x01835b33) x22 0x00000002
core   0: 0x8000199c (0xc21ae613) ori     a2, s5, -991
core   0: 3 0x8000199c (0xc21ae613) x12 0xfffffc21
core   0: 0x800019a0 (0x406a8933) sub     s2, s5, t1
core   0: 3 0x800019a0 (0x406a8933) x18 0xfffffffe
core   0: 0x800019a4 (0x01741233) sll     tp, s0, s7
core   0: 3 0x800019a4 (0x01741233) x 4 0xffffc000
core   0: 0x800019a8 (0x0064d433) srl     s0, s1, t1
core   0: 3 0x800019a8 (0x0064d433) x 8 0x2000a739
core   0: 0x800019ac (0x00529533) sll     a0, t0, t0
core   0: 3 0x800019ac (0x00529533) x10 0x0002c800
core   0: 0x800019b0 (0xfb3348e3) blt     t1, s3, pc - 80
core   0: 3 0x800019b0 (0xfb3348e3)
core   0: 0x800019b4 (0x00c1fab3) and     s5, gp, a2
core   0: 3 0x800019b4 (0x00c1fab3) x21 0x00000001
core   0: 0x800019b8 (0x0001e097) auipc   ra, 0x1e
core   0: 3 0x800019b8 (0x0001e097) x 1 0x8001f9b8
core   0: 0x800019bc (0xe3208093) addi    ra, ra, -462
core   0: 3 0x800019bc (0xe3208093) x 1 0x8001f7ea
core   0: 0x800019c0 (0x9b1eb813) sltiu   a6, t4, -1615
core   0: 3 0x800019c0 (0x9b1eb813) x16 0x00000001
core   0: 0x800019c4 (0x03d60833) mul     a6, a2, t4
core   0: 3 0x800019c4 (0x03d60833) x16 0xffffc9ce
core   0: 0x800019c8 (0x24eca813) slti    a6, s9, 590
core   0: 3 0x800019c8 (0x24eca813) x16 0x00000001
core   0: 0x800019cc (0x29f72e93) slti    t4, a4, 671
core   0: 3 0x800019cc (0x29f72e93) x29 0x00000001
core   0: 0x800019d0 (0x40ccd713) srai    a4, s9, 12
core   0: 3 0x800019d0 (0x40ccd713) x14 0x00000000
core   0: 0x800019d4 (0x02ccbeb3) mulhu   t4, s9, a2
core   0: 3 0x800019d4 (0x02ccbeb3) x29 0x0000000d
core   0: 0x800019d8 (0x61077e13) andi    t3, a4, 1552
core   0: 3 0x800019d8 (0x61077e13) x28 0x00000000
core   0: 0x800019dc (0x16a80737) lui     a4, 0x16a80
core   0: 3 0x800019dc (0x16a80737) x14 0x16a80000
core   0: 0x800019e0 (0xff908b23) sb      s9, -10(ra)
core   0: 3 0x800019e0 (0xff908b23) mem 0x8001f7e0 0xe
core   0: 0x800019e4 (0x02e66833) rem     a6, a2, a4
core   0: 3 0x800019e4 (0x02e66833) x16 0xfffffc21
core   0: 0x800019e8 (0xfc308803) lb      a6, -61(ra)
core   0: 3 0x800019e8 (0xfc308803) x16 0x00000000 mem 0x8001f7ad
core   0: 0x800019ec (0xda376613) ori     a2, a4, -605
core   0: 3 0x800019ec (0xda376613) x12 0xfffffda3
core   0: 0x800019f0 (0xffd09c23) sh      t4, -8(ra)
core   0: 3 0x800019f0 (0xffd09c23) mem 0x8001f7e2 0x000d
core   0: 0x800019f4 (0xffc086a3) sb      t3, -19(ra)
core   0: 3 0x800019f4 (0xffc086a3) mem 0x8001f7d7 0x0
core   0: 0x800019f8 (0xfc60dc83) lhu     s9, -58(ra)
core   0: 3 0x800019f8 (0xfc60dc83) x25 0x00000000 mem 0x8001f7b0
core   0: 0x800019fc (0x01c77733) and     a4, a4, t3
core   0: 3 0x800019fc (0x01c77733) x14 0x00000000
core   0: 0x80001a00 (0xfda0dc83) lhu     s9, -38(ra)
core   0: 3 0x80001a00 (0xfda0dc83) x25 0x00000000 mem 0x8001f7c4
core   0: 0x80001a04 (0x01d08e23) sb      t4, 28(ra)
core   0: 3 0x80001a04 (0x01d08e23) mem 0x8001f806 0xd
core   0: 0x80001a08 (0x00e74733) xor     a4, a4, a4
core   0: 3 0x80001a08 (0x00e74733) x14 0x00000000
core   0: 0x80001a0c (0x01ce9633) sll     a2, t4, t3
core   0: 3 0x80001a0c (0x01ce9633) x12 0x0000000d
core   0: 0x80001a10 (0xe1d72813) slti    a6, a4, -483
core   0: 3 0x80001a10 (0xe1d72813) x16 0x00000000
core   0: 0x80001a14 (0x0330c803) lbu     a6, 51(ra)
core   0: 3 0x80001a14 (0x0330c803) x16 0x00000000 mem 0x8001f81d
core   0: 0x80001a18 (0xfed08603) lb      a2, -19(ra)
core   0: 3 0x80001a18 (0xfed08603) x12 0x00000000 mem 0x8001f7d7
core   0: 0x80001a1c (0xfd008823) sb      a6, -48(ra)
core   0: 3 0x80001a1c (0xfd008823) mem 0x8001f7ba 0x0
core   0: 0x80001a20 (0x01d088a3) sb      t4, 17(ra)
core   0: 3 0x80001a20 (0x01d088a3) mem 0x8001f7fb 0xd
core   0: 0x80001a24 (0xfdd08803) lb      a6, -35(ra)
core   0: 3 0x80001a24 (0xfdd08803) x16 0x00000000 mem 0x8001f7c7
core   0: 0x80001a28 (0xfc10ce03) lbu     t3, -63(ra)
core   0: 3 0x80001a28 (0xfc10ce03) x28 0x00000000 mem 0x8001f7ab
core   0: 0x80001a2c (0xfc808803) lb      a6, -56(ra)
core   0: 3 0x80001a2c (0xfc808803) x16 0x00000000 mem 0x8001f7b2
core   0: 0x80001a30 (0xfd008e83) lb      t4, -48(ra)
core   0: 3 0x80001a30 (0xfd008e83) x29 0x00000000 mem 0x8001f7ba
core   0: 0x80001a34 (0x00f08803) lb      a6, 15(ra)
core   0: 3 0x80001a34 (0x00f08803) x16 0x00000000 mem 0x8001f7f9
core   0: 0x80001a38 (0xd21ca713) slti    a4, s9, -735
core   0: 3 0x80001a38 (0xd21ca713) x14 0x00000000
core   0: 0x80001a3c (0x02c08223) sb      a2, 36(ra)
core   0: 3 0x80001a3c (0x02c08223) mem 0x8001f80e 0x0
core   0: 0x80001a40 (0x00eedeb3) srl     t4, t4, a4
core   0: 3 0x80001a40 (0x00eedeb3) x29 0x00000000
core   0: 0x80001a44 (0x00c08723) sb      a2, 14(ra)
core   0: 3 0x80001a44 (0x00c08723) mem 0x8001f7f8 0x0
core   0: 0x80001a48 (0xfc108c83) lb      s9, -63(ra)
core   0: 3 0x80001a48 (0xfc108c83) x25 0x00000000 mem 0x8001f7ab
core   0: 0x80001a4c (0x0000f317) auipc   t1, 0xf
core   0: 3 0x80001a4c (0x0000f317) x 6 0x80010a4c
core   0: 0x80001a50 (0x90030313) addi    t1, t1, -1792
core   0: 3 0x80001a50 (0x90030313) x 6 0x8001034c
core   0: 0x80001a54 (0x5e5305a3) sb      t0, 1515(t1)
core   0: 3 0x80001a54 (0x5e5305a3) mem 0x80010937 0xc8
core   0: 0x80001a58 (0x75630ea3) sb      s6, 1885(t1)
core   0: 3 0x80001a58 (0x75630ea3) mem 0x80010aa9 0x2
core   0: 0x80001a5c (0xd0a31403) lh      s0, -758(t1)
core   0: 3 0x80001a5c (0xd0a31403) x 8 0x00000000 mem 0x80010056
core   0: 0x80001a60 (0x03c31883) lh      a7, 60(t1)
core   0: 3 0x80001a60 (0x03c31883) x17 0x00000000 mem 0x80010388
core   0: 0x80001a64 (0x0008bf33) sltu    t5, a7, zero
core   0: 3 0x80001a64 (0x0008bf33) x30 0x00000000
core   0: 0x80001a68 (0x03ef4033) div     zero, t5, t5
core   0: 3 0x80001a68 (0x03ef4033)
core   0: 0x80001a6c (0x00341413) slli    s0, s0, 3
core   0: 3 0x80001a6c (0x00341413) x 8 0x00000000
core   0: 0x80001a70 (0x0362f033) remu    zero, t0, s6
core   0: 3 0x80001a70 (0x0362f033)
core   0: 0x80001a74 (0xae4662b7) lui     t0, 0xae466
core   0: 3 0x80001a74 (0xae4662b7) x 5 0xae466000
core   0: 0x80001a78 (0x03ef7433) remu    s0, t5, t5
core   0: 3 0x80001a78 (0x03ef7433) x 8 0x00000000
core   0: 0x80001a7c (0x405282b3) sub     t0, t0, t0
core   0: 3 0x80001a7c (0x405282b3) x 5 0x00000000
core   0: 0x80001a80 (0x811f0f13) addi    t5, t5, -2031
core   0: 3 0x80001a80 (0x811f0f13) x30 0xfffff811
core   0: 0x80001a84 (0x41ef52b3) sra     t0, t5, t5
core   0: 3 0x80001a84 (0x41ef52b3) x 5 0xffffffff
core   0: 0x80001a88 (0xa01b4b13) xori    s6, s6, -1535
core   0: 3 0x80001a88 (0xa01b4b13) x22 0xfffffa03
core   0: 0x80001a8c (0x3de30ea3) sb      t5, 989(t1)
core   0: 3 0x80001a8c (0x3de30ea3) mem 0x80010729 0x11
core   0: 0x80001a90 (0x01e89033) sll     zero, a7, t5
core   0: 3 0x80001a90 (0x01e89033)
core   0: 0x80001a94 (0x011b1b33) sll     s6, s6, a7
core   0: 3 0x80001a94 (0x011b1b33) x22 0xfffffa03
core   0: 0x80001a98 (0xf1e30aa3) sb      t5, -235(t1)
core   0: 3 0x80001a98 (0xf1e30aa3) mem 0x80010261 0x11
core   0: 0x80001a9c (0x0368b2b3) mulhu   t0, a7, s6
core   0: 3 0x80001a9c (0x0368b2b3) x 5 0x00000000
core   0: 0x80001aa0 (0xd4d34b03) lbu     s6, -691(t1)
core   0: 3 0x80001aa0 (0xd4d34b03) x22 0x00000000 mem 0x80010099
core   0: 0x80001aa4 (0x025b4033) div     zero, s6, t0
core   0: 3 0x80001aa4 (0x025b4033)
core   0: 0x80001aa8 (0x020f7433) remu    s0, t5, zero
core   0: 3 0x80001aa8 (0x020f7433) x 8 0xfffff811
core   0: 0x80001aac (0x011f4433) xor     s0, t5, a7
core   0: 3 0x80001aac (0x011f4433) x 8 0xfffff811
core   0: 0x80001ab0 (0xd1f30883) lb      a7, -737(t1)
core   0: 3 0x80001ab0 (0xd1f30883) x17 0x00000000 mem 0x8001006b
core   0: 0x80001ab4 (0x1a8308a3) sb      s0, 433(t1)
core   0: 3 0x80001ab4 (0x1a8308a3) mem 0x800104fd 0x11
core   0: 0x80001ab8 (0x0052ff33) and     t5, t0, t0
core   0: 3 0x80001ab8 (0x0052ff33) x30 0x00000000
core   0: 0x80001abc (0x23a31403) lh      s0, 570(t1)
core   0: 3 0x80001abc (0x23a31403) x 8 0x00000000 mem 0x80010586
core   0: 0x80001ac0 (0x00900413) li      s0, 9
core   0: 3 0x80001ac0 (0x00900413) x 8 0x00000009
core   0: 0x80001ac4 (0x00700813) li      a6, 7
core   0: 3 0x80001ac4 (0x00700813) x16 0x00000007
core   0: 0x80001ac8 (0x00000013) nop
core   0: 3 0x80001ac8 (0x00000013)
core   0: 0x80001acc (0xffb40413) addi    s0, s0, -5
core   0: 3 0x80001acc (0xffb40413) x 8 0x00000004
core   0: 0x80001ad0 (0xffe00693) li      a3, -2
core   0: 3 0x80001ad0 (0xffe00693) x13 0xfffffffe
core   0: 0x80001ad4 (0xfef00e13) li      t3, -17
core   0: 3 0x80001ad4 (0xfef00e13) x28 0xffffffef
core   0: 0x80001ad8 (0x4181d1b3) sra     gp, gp, s8
core   0: 3 0x80001ad8 (0x4181d1b3) x 3 0x00000001
core   0: 0x80001adc (0x0145a2b3) slt     t0, a1, s4
core   0: 3 0x80001adc (0x0145a2b3) x 5 0x00000001
core   0: 0x80001ae0 (0xffb68693) addi    a3, a3, -5
core   0: 3 0x80001ae0 (0xffb68693) x13 0xfffffff9
core   0: 0x80001ae4 (0xffc68ce3) beq     a3, t3, pc - 8
core   0: 3 0x80001ae4 (0xffc68ce3)
core   0: 0x80001ae8 (0xff0450e3) bge     s0, a6, pc - 32
core   0: 3 0x80001ae8 (0xff0450e3)
core   0: 0x80001aec (0x01c05f33) srl     t5, zero, t3
core   0: 3 0x80001aec (0x01c05f33) x30 0x00000000
core   0: 0x80001af0 (0x0000f997) auipc   s3, 0xf
core   0: 3 0x80001af0 (0x0000f997) x19 0x80010af0
core   0: 0x80001af4 (0xee698993) addi    s3, s3, -282
core   0: 3 0x80001af4 (0xee698993) x19 0x800109d6
core   0: 0x80001af8 (0x02798aa3) sb      t2, 53(s3)
core   0: 3 0x80001af8 (0x02798aa3) mem 0x80010a0b 0x0
core   0: 0x80001afc (0x03598883) lb      a7, 53(s3)
core   0: 3 0x80001afc (0x03598883) x17 0x00000000 mem 0x80010a0b
core   0: 0x80001b00 (0x03598d83) lb      s11, 53(s3)
core   0: 3 0x80001b00 (0x03598d83) x27 0x00000000 mem 0x80010a0b
core   0: 0x80001b04 (0x03598883) lb      a7, 53(s3)
core   0: 3 0x80001b04 (0x03598883) x17 0x00000000 mem 0x80010a0b
core   0: 0x80001b08 (0xf5a982a3) sb      s10, -187(s3)
core   0: 3 0x80001b08 (0xf5a982a3) mem 0x8001091b 0x0
core   0: 0x80001b0c (0xf459c683) lbu     a3, -187(s3)
core   0: 3 0x80001b0c (0xf459c683) x13 0x00000000 mem 0x8001091b
core   0: 0x80001b10 (0xf459c503) lbu     a0, -187(s3)
core   0: 3 0x80001b10 (0xf459c503) x10 0x00000000 mem 0x8001091b
core   0: 0x80001b14 (0x037408b3) mul     a7, s0, s7
core   0: 3 0x80001b14 (0x037408b3) x17 0x00000038
core   0: 0x80001b18 (0xf459ce83) lbu     t4, -187(s3)
core   0: 3 0x80001b18 (0xf459ce83) x29 0x00000000 mem 0x8001091b
core   0: 0x80001b1c (0x0271b5b3) mulhu   a1, gp, t2
core   0: 3 0x80001b1c (0x0271b5b3) x11 0x00000000
core   0: 0x80001b20 (0xf4d982a3) sb      a3, -187(s3)
core   0: 3 0x80001b20 (0xf4d982a3) mem 0x8001091b 0x0
core   0: 0x80001b24 (0x038ea733) mulhsu  a4, t4, s8
core   0: 3 0x80001b24 (0x038ea733) x14 0x00000000
core   0: 0x80001b28 (0xf59982a3) sb      s9, -187(s3)
core   0: 3 0x80001b28 (0xf59982a3) mem 0x8001091b 0x0
core   0: 0x80001b2c (0xfe898a23) sb      s0, -12(s3)
core   0: 3 0x80001b2c (0xfe898a23) mem 0x800109ca 0x4
core   0: 0x80001b30 (0x00012b97) auipc   s7, 0x12
core   0: 3 0x80001b30 (0x00012b97) x23 0x80013b30
core   0: 0x80001b34 (0x228b8b93) addi    s7, s7, 552
core   0: 3 0x80001b34 (0x228b8b93) x23 0x80013d58
core   0: 0x80001b38 (0xf68b8523) sb      s0, -150(s7)
core   0: 3 0x80001b38 (0xf68b8523) mem 0x80013cc2 0x4
core   0: 0x80001b3c (0xf6cb9523) sh      a2, -150(s7)
core   0: 3 0x80001b3c (0xf6cb9523) mem 0x80013cc2 0x0000
core   0: 0x80001b40 (0xf6abde83) lhu     t4, -150(s7)
core   0: 3 0x80001b40 (0xf6abde83) x29 0x00000000 mem 0x80013cc2
core   0: 0x80001b44 (0xf6ab9003) lh      zero, -150(s7)
core   0: 3 0x80001b44 (0xf6ab9003) mem 0x80013cc2
core   0: 0x80001b48 (0xf6abdd83) lhu     s11, -150(s7)
core   0: 3 0x80001b48 (0xf6abdd83) x27 0x00000000 mem 0x80013cc2
core   0: 0x80001b4c (0xf6eb8523) sb      a4, -150(s7)
core   0: 3 0x80001b4c (0xf6eb8523) mem 0x80013cc2 0x0
core   0: 0x80001b50 (0xf6ab9683) lh      a3, -150(s7)
core   0: 3 0x80001b50 (0xf6ab9683) x13 0x00000000 mem 0x80013cc2
core   0: 0x80001b54 (0x03cfbeb3) mulhu   t4, t6, t3
core   0: 3 0x80001b54 (0x03cfbeb3) x29 0x80025e5b
core   0: 0x80001b58 (0x00819ab3) sll     s5, gp, s0
core   0: 3 0x80001b58 (0x00819ab3) x21 0x00000010
core   0: 0x80001b5c (0xf6ab8303) lb      t1, -150(s7)
core   0: 3 0x80001b5c (0xf6ab8303) x 6 0x00000000 mem 0x80013cc2
core   0: 0x80001b60 (0xf6abcd83) lbu     s11, -150(s7)
core   0: 3 0x80001b60 (0xf6abcd83) x27 0x00000000 mem 0x80013cc2
core   0: 0x80001b64 (0xf61b9523) sh      ra, -150(s7)
core   0: 3 0x80001b64 (0xf61b9523) mem 0x80013cc2 0xf7ea
core   0: 0x80001b68 (0xf85b9f23) sh      t0, -98(s7)
core   0: 3 0x80001b68 (0xf85b9f23) mem 0x80013cf6 0x0001
core   0: 0x80001b6c (0x04c000ef) jal     pc + 0x4c
core   0: 3 0x80001b6c (0x04c000ef) x 1 0x80001b70
core   0: 0x80001bb8 (0xff1ff86f) jal     a6, pc - 0x10
core   0: 3 0x80001bb8 (0xff1ff86f) x16 0x80001bbc
core   0: 0x80001ba8 (0xfd9ff26f) jal     tp, pc - 0x28
core   0: 3 0x80001ba8 (0xfd9ff26f) x 4 0x80001bac
core   0: 0x80001b80 (0x03c006ef) jal     a3, pc + 0x3c
core   0: 3 0x80001b80 (0x03c006ef) x13 0x80001b84
core   0: 0x80001bbc (0xff1ff0ef) jal     pc - 0x10
core   0: 3 0x80001bbc (0xff1ff0ef) x 1 0x80001bc0
core   0: 0x80001bac (0xff9ff36f) jal     t1, pc - 0x8
core   0: 3 0x80001bac (0xff9ff36f) x 6 0x80001bb0
core   0: 0x80001ba4 (0xff1ff0ef) jal     pc - 0x10
core   0: 3 0x80001ba4 (0xff1ff0ef) x 1 0x80001ba8
core   0: 0x80001b94 (0xff1ff0ef) jal     pc - 0x10
core   0: 3 0x80001b94 (0xff1ff0ef) x 1 0x80001b98
core   0: 0x80001b84 (0x02c0026f) jal     tp, pc + 0x2c
core   0: 3 0x80001b84 (0x02c0026f) x 4 0x80001b88
core   0: 0x80001bb0 (0xfc1ff2ef) jal     t0, pc - 0x40
core   0: 3 0x80001bb0 (0xfc1ff2ef) x 5 0x80001bb4
core   0: 0x80001b70 (0x0080036f) jal     t1, pc + 0x8
core   0: 3 0x80001b70 (0x0080036f) x 6 0x80001b74
core   0: 0x80001b78 (0x0480036f) jal     t1, pc + 0x48
core   0: 3 0x80001b78 (0x0480036f) x 6 0x80001b7c
core   0: 0x80001bc0 (0xfe1ff0ef) jal     pc - 0x20
core   0: 3 0x80001bc0 (0xfe1ff0ef) x 1 0x80001bc4
core   0: 0x80001ba0 (0xfd5ff0ef) jal     pc - 0x2c
core   0: 3 0x80001ba0 (0xfd5ff0ef) x 1 0x80001ba4
core   0: 0x80001b74 (0x040000ef) jal     pc + 0x40
core   0: 3 0x80001b74 (0x040000ef) x 1 0x80001b78
core   0: 0x80001bb4 (0x020001ef) jal     gp, pc + 0x20
core   0: 3 0x80001bb4 (0x020001ef) x 3 0x80001bb8
core   0: 0x80001bd4 (0xfa9ff96f) jal     s2, pc - 0x58
core   0: 3 0x80001bd4 (0xfa9ff96f) x18 0x80001bd8
core   0: 0x80001b7c (0x0100026f) jal     tp, pc + 0x10
core   0: 3 0x80001b7c (0x0100026f) x 4 0x80001b80
core   0: 0x80001b8c (0x04c000ef) jal     pc + 0x4c
core   0: 3 0x80001b8c (0x04c000ef) x 1 0x80001b90
core   0: 0x80001bd8 (0x004003ef) jal     t2, pc + 0x4
core   0: 3 0x80001bd8 (0x004003ef) x 7 0x80001bdc
core   0: 0x80001bdc (0xfbdff0ef) jal     pc - 0x44
core   0: 3 0x80001bdc (0xfbdff0ef) x 1 0x80001be0
core   0: 0x80001b98 (0x038000ef) jal     pc + 0x38
core   0: 3 0x80001b98 (0x038000ef) x 1 0x80001b9c
core   0: 0x80001bd0 (0xfcdff36f) jal     t1, pc - 0x34
core   0: 3 0x80001bd0 (0xfcdff36f) x 6 0x80001bd4
core   0: 0x80001b9c (0x0480036f) jal     t1, pc + 0x48
core   0: 3 0x80001b9c (0x0480036f) x 6 0x80001ba0
core   0: 0x80001be4 (0xfadff36f) jal     t1, pc - 0x54
core   0: 3 0x80001be4 (0xfadff36f) x 6 0x80001be8
core   0: 0x80001b90 (0xff9ff0ef) jal     pc - 0x8
core   0: 3 0x80001b90 (0xff9ff0ef) x 1 0x80001b94
core   0: 0x80001b88 (0x044000ef) jal     pc + 0x44
core   0: 3 0x80001b88 (0x044000ef) x 1 0x80001b8c
core   0: 0x80001bcc (0xffdff0ef) jal     pc - 0x4
core   0: 3 0x80001bcc (0xffdff0ef) x 1 0x80001bd0
core   0: 0x80001bc8 (0x018000ef) jal     pc + 0x18
core   0: 3 0x80001bc8 (0x018000ef) x 1 0x80001bcc
core   0: 0x80001be0 (0xfe5ff0ef) jal     pc - 0x1c
core   0: 3 0x80001be0 (0xfe5ff0ef) x 1 0x80001be4
core   0: 0x80001bc4 (0x024000ef) jal     pc + 0x24
core   0: 3 0x80001bc4 (0x024000ef) x 1 0x80001bc8
core   0: 0x80001be8 (0x8c193713) sltiu   a4, s2, -1855
core   0: 3 0x80001be8 (0x8c193713) x14 0x00000001
core   0: 0x80001bec (0x054000ef) jal     pc + 0x54
core   0: 3 0x80001bec (0x054000ef) x 1 0x80001bf0
core   0: 0x80001c40 (0xfc1ff2ef) jal     t0, pc - 0x40
core   0: 3 0x80001c40 (0xfc1ff2ef) x 5 0x80001c44
core   0: 0x80001c00 (0x0140036f) jal     t1, pc + 0x14
core   0: 3 0x80001c00 (0x0140036f) x 6 0x80001c04
core   0: 0x80001c14 (0xff9ff0ef) jal     pc - 0x8
core   0: 3 0x80001c14 (0xff9ff0ef) x 1 0x80001c18
core   0: 0x80001c0c (0x028000ef) jal     pc + 0x28
core   0: 3 0x80001c0c (0x028000ef) x 1 0x80001c10
core   0: 0x80001c34 (0xfd5ff26f) jal     tp, pc - 0x2c
core   0: 3 0x80001c34 (0xfd5ff26f) x 4 0x80001c38
core   0: 0x80001c08 (0x0240036f) jal     t1, pc + 0x24
core   0: 3 0x80001c08 (0x0240036f) x 6 0x80001c0c
core   0: 0x80001c2c (0xfe5ff26f) jal     tp, pc - 0x1c
core   0: 3 0x80001c2c (0xfe5ff26f) x 4 0x80001c30
core   0: 0x80001c10 (0xfe9ff0ef) jal     pc - 0x18
core   0: 3 0x80001c10 (0xfe9ff0ef) x 1 0x80001c14
core   0: 0x80001bf8 (0x02c0026f) jal     tp, pc + 0x2c
core   0: 3 0x80001bf8 (0x02c0026f) x 4 0x80001bfc
core   0: 0x80001c24 (0x0240046f) jal     s0, pc + 0x24
core   0: 3 0x80001c24 (0x0240046f) x 8 0x80001c28
core   0: 0x80001c48 (0xfd5ff0ef) jal     pc - 0x2c
core   0: 3 0x80001c48 (0xfd5ff0ef) x 1 0x80001c4c
core   0: 0x80001c1c (0x0140036f) jal     t1, pc + 0x14
core   0: 3 0x80001c1c (0x0140036f) x 6 0x80001c20
core   0: 0x80001c30 (0xfc1ff6ef) jal     a3, pc - 0x40
core   0: 3 0x80001c30 (0xfc1ff6ef) x13 0x80001c34
core   0: 0x80001bf0 (0x0140036f) jal     t1, pc + 0x14
core   0: 3 0x80001bf0 (0x0140036f) x 6 0x80001bf4
core   0: 0x80001c04 (0x0240036f) jal     t1, pc + 0x24
core   0: 3 0x80001c04 (0x0240036f) x 6 0x80001c08
core   0: 0x80001c28 (0xff1ff36f) jal     t1, pc - 0x10
core   0: 3 0x80001c28 (0xff1ff36f) x 6 0x80001c2c
core   0: 0x80001c18 (0x020000ef) jal     pc + 0x20
core   0: 3 0x80001c18 (0x020000ef) x 1 0x80001c1c
core   0: 0x80001c38 (0x0040036f) jal     t1, pc + 0x4
core   0: 3 0x80001c38 (0x0040036f) x 6 0x80001c3c
core   0: 0x80001c3c (0xfe5ff0ef) jal     pc - 0x1c
core   0: 3 0x80001c3c (0xfe5ff0ef) x 1 0x80001c40
core   0: 0x80001c20 (0xfddff0ef) jal     pc - 0x24
core   0: 3 0x80001c20 (0xfddff0ef) x 1 0x80001c24
core   0: 0x80001bfc (0x0480096f) jal     s2, pc + 0x48
core   0: 3 0x80001bfc (0x0480096f) x18 0x80001c00
core   0: 0x80001c44 (0xfb1ff0ef) jal     pc - 0x50
core   0: 3 0x80001c44 (0xfb1ff0ef) x 1 0x80001c48
core   0: 0x80001bf4 (0x058000ef) jal     pc + 0x58
core   0: 3 0x80001bf4 (0x058000ef) x 1 0x80001bf8
core   0: 0x80001c4c (0x02ebd2b3) divu    t0, s7, a4
core   0: 3 0x80001c4c (0x02ebd2b3) x 5 0x80013d58
core   0: 0x80001c50 (0x0000eb17) auipc   s6, 0xe
core   0: 3 0x80001c50 (0x0000eb17) x22 0x8000fc50
core   0: 0x80001c54 (0x448b0b13) addi    s6, s6, 1096
core   0: 3 0x80001c54 (0x448b0b13) x22 0x80010098
core   0: 0x80001c58 (0x0c3b0903) lb      s2, 195(s6)
core   0: 3 0x80001c58 (0x0c3b0903) x18 0x00000000 mem 0x8001015b
core   0: 0x80001c5c (0x0e3b4403) lbu     s0, 227(s6)
core   0: 3 0x80001c5c (0x0e3b4403) x 8 0x00000000 mem 0x8001017b
core   0: 0x80001c60 (0x0e3b0203) lb      tp, 227(s6)
core   0: 3 0x80001c60 (0x0e3b0203) x 4 0x00000000 mem 0x8001017b
core   0: 0x80001c64 (0x0e3b4d03) lbu     s10, 227(s6)
core   0: 3 0x80001c64 (0x0e3b4d03) x26 0x00000000 mem 0x8001017b
core   0: 0x80001c68 (0x0e4b01a3) sb      tp, 227(s6)
core   0: 3 0x80001c68 (0x0e4b01a3) mem 0x8001017b 0x0
core   0: 0x80001c6c (0x064b0003) lb      zero, 100(s6)
core   0: 3 0x80001c6c (0x064b0003) mem 0x800100fc
core   0: 0x80001c70 (0x084b1d23) sh      tp, 154(s6)
core   0: 3 0x80001c70 (0x084b1d23) mem 0x80010132 0x0000
core   0: 0x80001c74 (0x081b0d23) sb      ra, 154(s6)
core   0: 3 0x80001c74 (0x081b0d23) mem 0x80010132 0xf8
core   0: 0x80001c78 (0x03f8d233) divu    tp, a7, t6
core   0: 3 0x80001c78 (0x03f8d233) x 4 0x00000000
core   0: 0x80001c7c (0x028d9533) mulh    a0, s11, s0
core   0: 3 0x80001c7c (0x028d9533) x10 0x00000000
core   0: 0x80001c80 (0x09ab4a03) lbu     s4, 154(s6)
core   0: 3 0x80001c80 (0x09ab4a03) x20 0x000000f8 mem 0x80010132
core   0: 0x80001c84 (0x0afb1923) sh      a5, 178(s6)
core   0: 3 0x80001c84 (0x0afb1923) mem 0x8001014a 0xfcf6
core   0: 0x80001c88 (0x0044b233) sltu    tp, s1, tp
core   0: 3 0x80001c88 (0x0044b233) x 4 0x00000000
core   0: 0x80001c8c (0x007255b3) srl     a1, tp, t2
core   0: 3 0x80001c8c (0x007255b3) x11 0x00000000
core   0: 0x80001c90 (0x0ffb4583) lbu     a1, 255(s6)
core   0: 3 0x80001c90 (0x0ffb4583) x11 0x00000000 mem 0x80010197
core   0: 0x80001c94 (0x047b4703) lbu     a4, 71(s6)
core   0: 3 0x80001c94 (0x047b4703) x14 0x00000000 mem 0x800100df
core   0: 0x80001c98 (0x047b4d03) lbu     s10, 71(s6)
core   0: 3 0x80001c98 (0x047b4d03) x26 0x00000000 mem 0x800100df
core   0: 0x80001c9c (0x047b4583) lbu     a1, 71(s6)
core   0: 3 0x80001c9c (0x047b4583) x11 0x00000000 mem 0x800100df
core   0: 0x80001ca0 (0xa655e393) ori     t2, a1, -1435
core   0: 3 0x80001ca0 (0xa655e393) x 7 0xfffffa65
core   0: 0x80001ca4 (0x04db0ca3) sb      a3, 89(s6)
core   0: 3 0x80001ca4 (0x04db0ca3) mem 0x800100f1 0x34
core   0: 0x80001ca8 (0x059b4e83) lbu     t4, 89(s6)
core   0: 3 0x80001ca8 (0x059b4e83) x29 0x00000034 mem 0x800100f1
core   0: 0x80001cac (0x079b0183) lb      gp, 121(s6)
core   0: 3 0x80001cac (0x079b0183) x 3 0x00000000 mem 0x80010111
core   0: 0x80001cb0 (0x079b4683) lbu     a3, 121(s6)
core   0: 3 0x80001cb0 (0x079b4683) x13 0x00000000 mem 0x80010111
core   0: 0x80001cb4 (0x079b0083) lb      ra, 121(s6)
core   0: 3 0x80001cb4 (0x079b0083) x 1 0x00000000 mem 0x80010111
core   0: 0x80001cb8 (0x08fb4003) lbu     zero, 143(s6)
core   0: 3 0x80001cb8 (0x08fb4003) mem 0x80010127
core   0: 0x80001cbc (0x010000ef) jal     pc + 0x10
core   0: 3 0x80001cbc (0x010000ef) x 1 0x80001cc0
core   0: 0x80001ccc (0x054000ef) jal     pc + 0x54
core   0: 3 0x80001ccc (0x054000ef) x 1 0x80001cd0
core   0: 0x80001d20 (0xfddffe6f) jal     t3, pc - 0x24
core   0: 3 0x80001d20 (0xfddffe6f) x28 0x80001d24
core   0: 0x80001cfc (0xfe9ff0ef) jal     pc - 0x18
core   0: 3 0x80001cfc (0xfe9ff0ef) x 1 0x80001d00
core   0: 0x80001ce4 (0xfe5ff0ef) jal     pc - 0x1c
core   0: 3 0x80001ce4 (0xfe5ff0ef) x 1 0x80001ce8
core   0: 0x80001cc8 (0x030000ef) jal     pc + 0x30
core   0: 3 0x80001cc8 (0x030000ef) x 1 0x80001ccc
core   0: 0x80001cf8 (0xfe9ff1ef) jal     gp, pc - 0x18
core   0: 3 0x80001cf8 (0xfe9ff1ef) x 3 0x80001cfc
core   0: 0x80001ce0 (0x0440036f) jal     t1, pc + 0x44
core   0: 3 0x80001ce0 (0x0440036f) x 6 0x80001ce4
core   0: 0x80001d24 (0xff1ff0ef) jal     pc - 0x10
core   0: 3 0x80001d24 (0xff1ff0ef) x 1 0x80001d28
core   0: 0x80001d14 (0xfadff5ef) jal     a1, pc - 0x54
core   0: 3 0x80001d14 (0xfadff5ef) x11 0x80001d18
core   0: 0x80001cc0 (0x014000ef) jal     pc + 0x14
core   0: 3 0x80001cc0 (0x014000ef) x 1 0x80001cc4
core   0: 0x80001cd4 (0x020002ef) jal     t0, pc + 0x20
core   0: 3 0x80001cd4 (0x020002ef) x 5 0x80001cd8
core   0: 0x80001cf4 (0xfddff0ef) jal     pc - 0x24
core   0: 3 0x80001cf4 (0xfddff0ef) x 1 0x80001cf8
core   0: 0x80001cd0 (0xff5ff0ef) jal     pc - 0xc
core   0: 3 0x80001cd0 (0xff5ff0ef) x 1 0x80001cd4
core   0: 0x80001cc4 (0x058003ef) jal     t2, pc + 0x58
core   0: 3 0x80001cc4 (0x058003ef) x 7 0x80001cc8
core   0: 0x80001d1c (0xfe5ff0ef) jal     pc - 0x1c
core   0: 3 0x80001d1c (0xfe5ff0ef) x 1 0x80001d20
core   0: 0x80001d00 (0x00c00d6f) jal     s10, pc + 0xc
core   0: 3 0x80001d00 (0x00c00d6f) x26 0x80001d04
core   0: 0x80001d0c (0x004000ef) jal     pc + 0x4
core   0: 3 0x80001d0c (0x004000ef) x 1 0x80001d10
core   0: 0x80001d10 (0xff5ff0ef) jal     pc - 0xc
core   0: 3 0x80001d10 (0xff5ff0ef) x 1 0x80001d14
core   0: 0x80001d04 (0xfedff0ef) jal     pc - 0x14
core   0: 3 0x80001d04 (0xfedff0ef) x 1 0x80001d08
core   0: 0x80001cf0 (0xfe9ff0ef) jal     pc - 0x18
core   0: 3 0x80001cf0 (0xfe9ff0ef) x 1 0x80001cf4
core   0: 0x80001cd8 (0x01400def) jal     s11, pc + 0x14
core   0: 3 0x80001cd8 (0x01400def) x27 0x80001cdc
core   0: 0x80001cec (0xffdffc6f) jal     s8, pc - 0x4
core   0: 3 0x80001cec (0xffdffc6f) x24 0x80001cf0
core   0: 0x80001ce8 (0xff5ff0ef) jal     pc - 0xc
core   0: 3 0x80001ce8 (0xff5ff0ef) x 1 0x80001cec
core   0: 0x80001cdc (0x03c000ef) jal     pc + 0x3c
core   0: 3 0x80001cdc (0x03c000ef) x 1 0x80001ce0
core   0: 0x80001d18 (0xff1ff36f) jal     t1, pc - 0x10
core   0: 3 0x80001d18 (0xff1ff36f) x 6 0x80001d1c
core   0: 0x80001d08 (0x020000ef) jal     pc + 0x20
core   0: 3 0x80001d08 (0x020000ef) x 1 0x80001d0c
core   0: 0x80001d28 (0x419b5933) sra     s2, s6, s9
core   0: 3 0x80001d28 (0x419b5933) x18 0x80010098
core   0: 0x80001d2c (0x0001e197) auipc   gp, 0x1e
core   0: 3 0x80001d2c (0x0001e197) x 3 0x8001fd2c
core   0: 0x80001d30 (0x4ca18193) addi    gp, gp, 1226
core   0: 3 0x80001d30 (0x4ca18193) x 3 0x800201f6
core   0: 0x80001d34 (0x8b41a723) sw      s4, -1874(gp)
core   0: 3 0x80001d34 (0x8b41a723) mem 0x8001faa4 0x000000f8
core   0: 0x80001d38 (0x09919023) sh      s9, 128(gp)
core   0: 3 0x80001d38 (0x09919023) mem 0x80020276 0x0000
core   0: 0x80001d3c (0x0ff1ce03) lbu     t3, 255(gp)
core   0: 3 0x80001d3c (0x0ff1ce03) x28 0x00000000 mem 0x800202f5
core   0: 0x80001d40 (0x0ff1cb03) lbu     s6, 255(gp)
core   0: 3 0x80001d40 (0x0ff1cb03) x22 0x00000000 mem 0x800202f5
core   0: 0x80001d44 (0xdf518ea3) sb      s5, -515(gp)
core   0: 3 0x80001d44 (0xdf518ea3) mem 0x8001fff3 0x10
core   0: 0x80001d48 (0xb88c2593) slti    a1, s8, -1144
core   0: 3 0x80001d48 (0xb88c2593) x11 0x00000001
core   0: 0x80001d4c (0xdfd18a83) lb      s5, -515(gp)
core   0: 3 0x80001d4c (0xdfd18a83) x21 0x00000010 mem 0x8001fff3
core   0: 0x80001d50 (0xde818ea3) sb      s0, -515(gp)
core   0: 3 0x80001d50 (0xde818ea3) mem 0x8001fff3 0x0
core   0: 0x80001d54 (0xe4118c83) lb      s9, -447(gp)
core   0: 3 0x80001d54 (0xe4118c83) x25 0x00000000 mem 0x80020037
core   0: 0x80001d58 (0xcfc13013) sltiu   zero, sp, -772
core   0: 3 0x80001d58 (0xcfc13013)
core   0: 0x80001d5c (0x09a18983) lb      s3, 154(gp)
core   0: 3 0x80001d5c (0x09a18983) x19 0x00000000 mem 0x80020290
core   0: 0x80001d60 (0xb751cd83) lbu     s11, -1163(gp)
core   0: 3 0x80001d60 (0xb751cd83) x27 0x00000000 mem 0x8001fd6b
core   0: 0x80001d64 (0x325188a3) sb      t0, 817(gp)
core   0: 3 0x80001d64 (0x325188a3) mem 0x80020527 0xd8
core   0: 0x80001d68 (0x41775513) srai    a0, a4, 23
core   0: 3 0x80001d68 (0x41775513) x10 0x00000000
core   0: 0x80001d6c (0x00000013) nop
core   0: 3 0x80001d6c (0x00000013)
core   0: 0x80001d70 (0x33118903) lb      s2, 817(gp)
core   0: 3 0x80001d70 (0x33118903) x18 0xffffffd8 mem 0x80020527
core   0: 0x80001d74 (0x33118283) lb      t0, 817(gp)
core   0: 3 0x80001d74 (0x33118283) x 5 0xffffffd8 mem 0x80020527
core   0: 0x80001d78 (0x33118503) lb      a0, 817(gp)
core   0: 3 0x80001d78 (0x33118503) x10 0xffffffd8 mem 0x80020527
core   0: 0x80001d7c (0xa4118803) lb      a6, -1471(gp)
core   0: 3 0x80001d7c (0xa4118803) x16 0x00000000 mem 0x8001fc37
core   0: 0x80001d80 (0x2b619a23) sh      s6, 692(gp)
core   0: 3 0x80001d80 (0x2b619a23) mem 0x800204aa 0x0000
core   0: 0x80001d84 (0x9e3186a3) sb      gp, -1555(gp)
core   0: 3 0x80001d84 (0x9e3186a3) mem 0x8001fbe3 0xf6
core   0: 0x80001d88 (0x60819983) lh      s3, 1544(gp)
core   0: 3 0x80001d88 (0x60819983) x19 0x00000000 mem 0x800207fe
core   0: 0x80001d8c (0x0001bd97) auipc   s11, 0x1b
core   0: 3 0x80001d8c (0x0001bd97) x27 0x8001cd8c
core   0: 0x80001d90 (0xcaad8d93) addi    s11, s11, -854
core   0: 3 0x80001d90 (0xcaad8d93) x27 0x8001ca36
core   0: 0x80001d94 (0x2a60f397) auipc   t2, 0x2a60f
core   0: 3 0x80001d94 (0x2a60f397) x 7 0xaa610d94
core   0: 0x80001d98 (0xff7dc583) lbu     a1, -9(s11)
core   0: 3 0x80001d98 (0xff7dc583) x11 0x00000000 mem 0x8001ca2d
core   0: 0x80001d9c (0x01b31413) slli    s0, t1, 27
core   0: 3 0x80001d9c (0x01b31413) x 8 0xe0000000
core   0: 0x80001da0 (0x40568633) sub     a2, a3, t0
core   0: 3 0x80001da0 (0x40568633) x12 0x00000028
core   0: 0x80001da4 (0x031ebeb3) mulhu   t4, t4, a7
core   0: 3 0x80001da4 (0x031ebeb3) x29 0x00000000
core   0: 0x80001da8 (0x0009f8b3) and     a7, s3, zero
core   0: 3 0x80001da8 (0x0009f8b3) x17 0x00000000
core   0: 0x80001dac (0x035637b3) mulhu   a5, a2, s5
core   0: 3 0x80001dac (0x035637b3) x15 0x00000000
core   0: 0x80001db0 (0xff1d8b83) lb      s7, -15(s11)
core   0: 3 0x80001db0 (0xff1d8b83) x23 0x00000000 mem 0x8001ca27
core   0: 0x80001db4 (0xff8ddc83) lhu     s9, -8(s11)
core   0: 3 0x80001db4 (0xff8ddc83) x25 0x00000000 mem 0x8001ca2e
core   0: 0x80001db8 (0x012d9523) sh      s2, 10(s11)
core   0: 3 0x80001db8 (0x012d9523) mem 0x8001ca40 0xffd8
core   0: 0x80001dbc (0x0246db33) divu    s6, a3, tp
core   0: 3 0x80001dbc (0x0246db33) x22 0xffffffff
core   0: 0x80001dc0 (0x0017da93) srli    s5, a5, 1
core   0: 3 0x80001dc0 (0x0017da93) x21 0x00000000
core   0: 0x80001dc4 (0x0f9c6513) ori     a0, s8, 249
core   0: 3 0x80001dc4 (0x0f9c6513) x10 0x80001cf9
core   0: 0x80001dc8 (0xffad8d23) sb      s10, -6(s11)
core   0: 3 0x80001dc8 (0xffad8d23) mem 0x8001ca30 0x4
core   0: 0x80001dcc (0x01608a33) add     s4, ra, s6
core   0: 3 0x80001dcc (0x01608a33) x20 0x80001d0b
core   0: 0x80001dd0 (0x0204be33) mulhu   t3, s1, zero
core   0: 3 0x80001dd0 (0x0204be33) x28 0x00000000
core   0: 0x80001dd4 (0xdd353a93) sltiu   s5, a0, -557
core   0: 3 0x80001dd4 (0xdd353a93) x21 0x00000001
core   0: 0x80001dd8 (0x47664b13) xori    s6, a2, 1142
core   0: 3 0x80001dd8 (0x47664b13) x22 0x0000045e
core   0: 0x80001ddc (0xffada283) lw      t0, -6(s11)
core   0: 3 0x80001ddc (0xffada283) x 5 0x00000004 mem 0x8001ca30
core   0: 0x80001de0 (0x031b0533) mul     a0, s6, a7
core   0: 3 0x80001de0 (0x031b0533) x10 0x00000000
core   0: 0x80001de4 (0xff2d8e23) sb      s2, -4(s11)
core   0: 3 0x80001de4 (0xff2d8e23) mem 0x8001ca32 0xd8
core   0: 0x80001de8 (0x010d9b03) lh      s6, 16(s11)
core   0: 3 0x80001de8 (0x010d9b03) x22 0x00000000 mem 0x8001ca46
core   0: 0x80001dec (0xfe1d8fa3) sb      ra, -1(s11)
core   0: 3 0x80001dec (0xfe1d8fa3) mem 0x8001ca35 0xc
core   0: 0x80001df0 (0x4076d593) srai    a1, a3, 7
core   0: 3 0x80001df0 (0x4076d593) x11 0x00000000
core   0: 0x80001df4 (0xfa7d6693) ori     a3, s10, -89
core   0: 3 0x80001df4 (0xfa7d6693) x13 0xffffffa7
core   0: 0x80001df8 (0x008e45b3) xor     a1, t3, s0
core   0: 3 0x80001df8 (0x008e45b3) x11 0xe0000000
core   0: 0x80001dfc (0x02a4fb33) remu    s6, s1, a0
core   0: 3 0x80001dfc (0x02a4fb33) x22 0x80029ce4
core   0: 0x80001e00 (0xffad89a3) sb      s10, -13(s11)
core   0: 3 0x80001e00 (0xffad89a3) mem 0x8001ca29 0x4
core   0: 0x80001e04 (0x03e1c333) div     t1, gp, t5
core   0: 3 0x80001e04 (0x03e1c333) x 6 0xffffffff
core   0: 0x80001e08 (0x005dc203) lbu     tp, 5(s11)
core   0: 3 0x80001e08 (0x005dc203) x 4 0x00000000 mem 0x8001ca3b
core   0: 0x80001e0c (0x01cd9423) sh      t3, 8(s11)
core   0: 3 0x80001e0c (0x01cd9423) mem 0x8001ca3e 0x0000
core   0: 0x80001e10 (0x0001e797) auipc   a5, 0x1e
core   0: 3 0x80001e10 (0x0001e797) x15 0x8001fe10
core   0: 0x80001e14 (0xcd578793) addi    a5, a5, -811
core   0: 3 0x80001e14 (0xcd578793) x15 0x8001fae5
core   0: 0x80001e18 (0x70073913) sltiu   s2, a4, 1792
core   0: 3 0x80001e18 (0x70073913) x18 0x00000001
core   0: 0x80001e1c (0xc5e78003) lb      zero, -930(a5)
core   0: 3 0x80001e1c (0xc5e78003) mem 0x8001f743
core   0: 0x80001e20 (0x00000013) nop
core   0: 3 0x80001e20 (0x00000013)
core   0: 0x80001e24 (0x0151b633) sltu    a2, gp, s5
core   0: 3 0x80001e24 (0x0151b633) x12 0x00000000
core   0: 0x80001e28 (0x018ab933) sltu    s2, s5, s8
core   0: 3 0x80001e28 (0x018ab933) x18 0x00000001
core   0: 0x80001e2c (0x41220433) sub     s0, tp, s2
core   0: 3 0x80001e2c (0x41220433) x 8 0xffffffff
core   0: 0x80001e30 (0x7a878683) lb      a3, 1960(a5)
core   0: 3 0x80001e30 (0x7a878683) x13 0x00000000 mem 0x8002028d
core   0: 0x80001e34 (0x9cb7c303) lbu     t1, -1589(a5)
core   0: 3 0x80001e34 (0x9cb7c303) x 6 0x00000000 mem 0x8001f4b0
core   0: 0x80001e38 (0x06579d03) lh      s10, 101(a5)
core   0: 3 0x80001e38 (0x06579d03) x26 0x00000000 mem 0x8001fb4a
core   0: 0x80001e3c (0xad6790a3) sh      s6, -1343(a5)
core   0: 3 0x80001e3c (0xad6790a3) mem 0x8001f5a6 0x9ce4
core   0: 0x80001e40 (0x39d7cc03) lbu     s8, 925(a5)
core   0: 3 0x80001e40 (0x39d7cc03) x24 0x00000000 mem 0x8001fe82
core   0: 0x80001e44 (0xf8a78183) lb      gp, -118(a5)
core   0: 3 0x80001e44 (0xf8a78183) x 3 0x00000000 mem 0x8001fa6f
core   0: 0x80001e48 (0x036e70b3) remu    ra, t3, s6
core   0: 3 0x80001e48 (0x036e70b3) x 1 0x00000000
core   0: 0x80001e4c (0x2407c683) lbu     a3, 576(a5)
core   0: 3 0x80001e4c (0x2407c683) x13 0x00000000 mem 0x8001fd25
core   0: 0x80001e50 (0xa547c403) lbu     s0, -1452(a5)
core   0: 3 0x80001e50 (0xa547c403) x 8 0x00000000 mem 0x8001f539
core   0: 0x80001e54 (0x0d47c803) lbu     a6, 212(a5)
core   0: 3 0x80001e54 (0x0d47c803) x16 0x00000000 mem 0x8001fbb9
core   0: 0x80001e58 (0x01753d33) sltu    s10, a0, s7
core   0: 3 0x80001e58 (0x01753d33) x26 0x00000000
core   0: 0x80001e5c (0x6bf78723) sb      t6, 1710(a5)
core   0: 3 0x80001e5c (0x6bf78723) mem 0x80020193 0x64
core   0: 0x80001e60 (0xc7b79883) lh      a7, -901(a5)
core   0: 3 0x80001e60 (0xc7b79883) x17 0x00000000 mem 0x8001f760
core   0: 0x80001e64 (0xe657afa3) sw      t0, -385(a5)
core   0: 3 0x80001e64 (0xe657afa3) mem 0x8001f964 0x00000004
core   0: 0x80001e68 (0xd5578223) sb      s5, -700(a5)
core   0: 3 0x80001e68 (0xd5578223) mem 0x8001f829 0x1
core   0: 0x80001e6c (0x8a378703) lb      a4, -1885(a5)
core   0: 3 0x80001e6c (0x8a378703) x14 0x00000000 mem 0x8001f388
core   0: 0x80001e70 (0x9f967193) andi    gp, a2, -1543
core   0: 3 0x80001e70 (0x9f967193) x 3 0x00000000
core   0: 0x80001e74 (0x61278223) sb      s2, 1540(a5)
core   0: 3 0x80001e74 (0x61278223) mem 0x800200e9 0x1
core   0: 0x80001e78 (0x03af00b3) mul     ra, t5, s10
core   0: 3 0x80001e78 (0x03af00b3) x 1 0x00000000
core   0: 0x80001e7c (0xc3c78003) lb      zero, -964(a5)
core   0: 3 0x80001e7c (0xc3c78003) mem 0x8001f721
core   0: 0x80001e80 (0x0a81e893) ori     a7, gp, 168
core   0: 3 0x80001e80 (0x0a81e893) x17 0x000000a8
core   0: 0x80001e84 (0x00000013) nop
core   0: 3 0x80001e84 (0x00000013)
core   0: 0x80001e88 (0x46a7a5a3) sw      a0, 1131(a5)
core   0: 3 0x80001e88 (0x46a7a5a3) mem 0x8001ff50 0x00000000
core   0: 0x80001e8c (0x33179503) lh      a0, 817(a5)
core   0: 3 0x80001e8c (0x33179503) x10 0x00000000 mem 0x8001fe16
core   0: 0x80001e90 (0x034c40b3) div     ra, s8, s4
core   0: 3 0x80001e90 (0x034c40b3) x 1 0x00000000
core   0: 0x80001e94 (0xc037de03) lhu     t3, -1021(a5)
core   0: 3 0x80001e94 (0xc037de03) x28 0x00000000 mem 0x8001f6e8
core   0: 0x80001e98 (0x016fd233) srl     tp, t6, s6
core   0: 3 0x80001e98 (0x016fd233) x 4 0x080025e6
core   0: 0x80001e9c (0x035d96b3) mulh    a3, s11, s5
core   0: 3 0x80001e9c (0x035d96b3) x13 0xffffffff
core   0: 0x80001ea0 (0x7a07cb83) lbu     s7, 1952(a5)
core   0: 3 0x80001ea0 (0x7a07cb83) x23 0x00000000 mem 0x80020285
core   0: 0x80001ea4 (0xb0379e83) lh      t4, -1277(a5)
core   0: 3 0x80001ea4 (0xb0379e83) x29 0x00000000 mem 0x8001f5e8
core   0: 0x80001ea8 (0xe7c78303) lb      t1, -388(a5)
core   0: 3 0x80001ea8 (0xe7c78303) x 6 0x00000000 mem 0x8001f961
core   0: 0x80001eac (0x00012d97) auipc   s11, 0x12
core   0: 3 0x80001eac (0x00012d97) x27 0x80013eac
core   0: 0x80001eb0 (0xb26d8d93) addi    s11, s11, -1242
core   0: 3 0x80001eb0 (0xb26d8d93) x27 0x800139d2
core   0: 0x80001eb4 (0x068d88a3) sb      s0, 113(s11)
core   0: 3 0x80001eb4 (0x068d88a3) mem 0x80013a43 0x0
core   0: 0x80001eb8 (0x073d88a3) sb      s3, 113(s11)
core   0: 3 0x80001eb8 (0x073d88a3) mem 0x80013a43 0x0
core   0: 0x80001ebc (0x073d88a3) sb      s3, 113(s11)
core   0: 3 0x80001ebc (0x073d88a3) mem 0x80013a43 0x0
core   0: 0x80001ec0 (0x071dc783) lbu     a5, 113(s11)
core   0: 3 0x80001ec0 (0x071dc783) x15 0x00000000 mem 0x80013a43
core   0: 0x80001ec4 (0x061d88a3) sb      ra, 113(s11)
core   0: 3 0x80001ec4 (0x061d88a3) mem 0x80013a43 0x0
core   0: 0x80001ec8 (0x071dce03) lbu     t3, 113(s11)
core   0: 3 0x80001ec8 (0x071dce03) x28 0x00000000 mem 0x80013a43
core   0: 0x80001ecc (0x071dcd03) lbu     s10, 113(s11)
core   0: 3 0x80001ecc (0x071dcd03) x26 0x00000000 mem 0x80013a43
core   0: 0x80001ed0 (0x06fd88a3) sb      a5, 113(s11)
core   0: 3 0x80001ed0 (0x06fd88a3) mem 0x80013a43 0x0
core   0: 0x80001ed4 (0x07bd88a3) sb      s11, 113(s11)
core   0: 3 0x80001ed4 (0x07bd88a3) mem 0x80013a43 0xd2
core   0: 0x80001ed8 (0x064d88a3) sb      tp, 113(s11)
core   0: 3 0x80001ed8 (0x064d88a3) mem 0x80013a43 0xe6
core   0: 0x80001edc (0xf5bdc883) lbu     a7, -165(s11)
core   0: 3 0x80001edc (0xf5bdc883) x17 0x00000000 mem 0x8001392d
core   0: 0x80001ee0 (0xf5bdc583) lbu     a1, -165(s11)
core   0: 3 0x80001ee0 (0xf5bdc583) x11 0x00000000 mem 0x8001392d
core   0: 0x80001ee4 (0xf43d8da3) sb      gp, -165(s11)
core   0: 3 0x80001ee4 (0xf43d8da3) mem 0x8001392d 0x0
core   0: 0x80001ee8 (0xf4cd8da3) sb      a2, -165(s11)
core   0: 3 0x80001ee8 (0xf4cd8da3) mem 0x8001392d 0x0
core   0: 0x80001eec (0x40e0d0b3) sra     ra, ra, a4
core   0: 3 0x80001eec (0x40e0d0b3) x 1 0x00000000
core   0: 0x80001ef0 (0xf5bdcc03) lbu     s8, -165(s11)
core   0: 3 0x80001ef0 (0xf5bdcc03) x24 0x00000000 mem 0x8001392d
core   0: 0x80001ef4 (0xf5bdc303) lbu     t1, -165(s11)
core   0: 3 0x80001ef4 (0xf5bdc303) x 6 0x00000000 mem 0x8001392d
core   0: 0x80001ef8 (0xf5bdc183) lbu     gp, -165(s11)
core   0: 3 0x80001ef8 (0xf5bdc183) x 3 0x00000000 mem 0x8001392d
core   0: 0x80001efc (0xf5bdc403) lbu     s0, -165(s11)
core   0: 3 0x80001efc (0xf5bdc403) x 8 0x00000000 mem 0x8001392d
core   0: 0x80001f00 (0xf44d8da3) sb      tp, -165(s11)
core   0: 3 0x80001f00 (0xf44d8da3) mem 0x8001392d 0xe6
core   0: 0x80001f04 (0x03c000ef) jal     pc + 0x3c
core   0: 3 0x80001f04 (0x03c000ef) x 1 0x80001f08
core   0: 0x80001f40 (0xff1ffaef) jal     s5, pc - 0x10
core   0: 3 0x80001f40 (0xff1ffaef) x21 0x80001f44
core   0: 0x80001f30 (0x008000ef) jal     pc + 0x8
core   0: 3 0x80001f30 (0x008000ef) x 1 0x80001f34
core   0: 0x80001f38 (0xfedff1ef) jal     gp, pc - 0x14
core   0: 3 0x80001f38 (0xfedff1ef) x 3 0x80001f3c
core   0: 0x80001f24 (0xff1ff96f) jal     s2, pc - 0x10
core   0: 3 0x80001f24 (0xff1ff96f) x18 0x80001f28
core   0: 0x80001f14 (0xff9ff96f) jal     s2, pc - 0x8
core   0: 3 0x80001f14 (0xff9ff96f) x18 0x80001f18
core   0: 0x80001f0c (0x038000ef) jal     pc + 0x38
core   0: 3 0x80001f0c (0x038000ef) x 1 0x80001f10
core   0: 0x80001f44 (0xfe9ff0ef) jal     pc - 0x18
core   0: 3 0x80001f44 (0xfe9ff0ef) x 1 0x80001f48
core   0: 0x80001f2c (0xff1ff36f) jal     t1, pc - 0x10
core   0: 3 0x80001f2c (0xff1ff36f) x 6 0x80001f30
core   0: 0x80001f1c (0xff5ffdef) jal     s11, pc - 0xc
core   0: 3 0x80001f1c (0xff5ffdef) x27 0x80001f20
core   0: 0x80001f10 (0x008000ef) jal     pc + 0x8
core   0: 3 0x80001f10 (0x008000ef) x 1 0x80001f14
core   0: 0x80001f18 (0xff1ff0ef) jal     pc - 0x10
core   0: 3 0x80001f18 (0xff1ff0ef) x 1 0x80001f1c
core   0: 0x80001f08 (0x02c000ef) jal     pc + 0x2c
core   0: 3 0x80001f08 (0x02c000ef) x 1 0x80001f0c
core   0: 0x80001f34 (0xfedff7ef) jal     a5, pc - 0x14
core   0: 3 0x80001f34 (0xfedff7ef) x15 0x80001f38
core   0: 0x80001f20 (0x008000ef) jal     pc + 0x8
core   0: 3 0x80001f20 (0x008000ef) x 1 0x80001f24
core   0: 0x80001f28 (0x020000ef) jal     pc + 0x20
core   0: 3 0x80001f28 (0x020000ef) x 1 0x80001f2c
core   0: 0x80001f48 (0xff5ff0ef) jal     pc - 0xc
core   0: 3 0x80001f48 (0xff5ff0ef) x 1 0x80001f4c
core   0: 0x80001f3c (0x010001ef) jal     gp, pc + 0x10
core   0: 3 0x80001f3c (0x010001ef) x 3 0x80001f40
core   0: 0x80001f4c (0x41d25933) sra     s2, tp, t4
core   0: 3 0x80001f4c (0x41d25933) x18 0x080025e6
core   0: 0x80001f50 (0x00012897) auipc   a7, 0x12
core   0: 3 0x80001f50 (0x00012897) x17 0x80013f50
core   0: 0x80001f54 (0x9a588893) addi    a7, a7, -1627
core   0: 3 0x80001f54 (0x9a588893) x17 0x800138f5
core   0: 0x80001f58 (0xf9a88e03) lb      t3, -102(a7)
core   0: 3 0x80001f58 (0xf9a88e03) x28 0x00000000 mem 0x8001388f
core   0: 0x80001f5c (0x4052dc93) srai    s9, t0, 5
core   0: 3 0x80001f5c (0x4052dc93) x25 0x00000000
core   0: 0x80001f60 (0x27c2a293) slti    t0, t0, 636
core   0: 3 0x80001f60 (0x27c2a293) x 5 0x00000001
core   0: 0x80001f64 (0xcb4c4617) auipc   a2, 0xcb4c4
core   0: 3 0x80001f64 (0xcb4c4617) x12 0x4b4c5f64
core   0: 0x80001f68 (0xf0c88023) sb      a2, -256(a7)
core   0: 3 0x80001f68 (0xf0c88023) mem 0x800137f5 0x64
core   0: 0x80001f6c (0x0a189e03) lh      t3, 161(a7)
core   0: 3 0x80001f6c (0x0a189e03) x28 0x00000000 mem 0x80013996
core   0: 0x80001f70 (0xa1e2c293) xori    t0, t0, -1506
core   0: 3 0x80001f70 (0xa1e2c293) x 5 0xfffffa1f
core   0: 0x80001f74 (0x03cc82b3) mul     t0, s9, t3
core   0: 3 0x80001f74 (0x03cc82b3) x 5 0x00000000
core   0: 0x80001f78 (0x025b8bb3) mul     s7, s7, t0
core   0: 3 0x80001f78 (0x025b8bb3) x23 0x00000000
core   0: 0x80001f7c (0x03de92b3) mulh    t0, t4, t4
core   0: 3 0x80001f7c (0x03de92b3) x 5 0x00000000
core   0: 0x80001f80 (0x03928cb3) mul     s9, t0, s9
core   0: 3 0x80001f80 (0x03928cb3) x25 0x00000000
core   0: 0x80001f84 (0xadfe3293) sltiu   t0, t3, -1313
core   0: 3 0x80001f84 (0xadfe3293) x 5 0x00000001
core   0: 0x80001f88 (0x56388b97) auipc   s7, 0x56388
core   0: 3 0x80001f88 (0x56388b97) x23 0xd6389f88
core   0: 0x80001f8c (0x00000013) nop
core   0: 3 0x80001f8c (0x00000013)
core   0: 0x80001f90 (0x01d2ecb3) or      s9, t0, t4
core   0: 3 0x80001f90 (0x01d2ecb3) x25 0x00000001
core   0: 0x80001f94 (0xf508ce83) lbu     t4, -176(a7)
core   0: 3 0x80001f94 (0xf508ce83) x29 0x00000000 mem 0x80013845
core   0: 0x80001f98 (0xf5a8cb83) lbu     s7, -166(a7)
core   0: 3 0x80001f98 (0xf5a8cb83) x23 0x00000000 mem 0x8001384f
core   0: 0x80001f9c (0x0392c633) div     a2, t0, s9
core   0: 3 0x80001f9c (0x0392c633) x12 0x00000001
core   0: 0x80001fa0 (0x01cbee33) or      t3, s7, t3
core   0: 3 0x80001fa0 (0x01cbee33) x28 0x00000000
core   0: 0x80001fa4 (0x9a664293) xori    t0, a2, -1626
core   0: 3 0x80001fa4 (0x9a664293) x 5 0xfffff9a7
core   0: 0x80001fa8 (0xfae88b83) lb      s7, -82(a7)
core   0: 3 0x80001fa8 (0xfae88b83) x23 0x00000000 mem 0x800138a3
core   0: 0x80001fac (0x017cc633) xor     a2, s9, s7
core   0: 3 0x80001fac (0x017cc633) x12 0x00000001
core   0: 0x80001fb0 (0x03ce9cb3) mulh    s9, t4, t3
core   0: 3 0x80001fb0 (0x03ce9cb3) x25 0x00000000
core   0: 0x80001fb4 (0x04f8ae03) lw      t3, 79(a7)
core   0: 3 0x80001fb4 (0x04f8ae03) x28 0x00000000 mem 0x80013944
core   0: 0x80001fb8 (0x01ce3eb3) sltu    t4, t3, t3
core   0: 3 0x80001fb8 (0x01ce3eb3) x29 0x00000000
core   0: 0x80001fbc (0xfe78cc83) lbu     s9, -25(a7)
core   0: 3 0x80001fbc (0xfe78cc83) x25 0x00000000 mem 0x800138dc
core   0: 0x80001fc0 (0xf298c283) lbu     t0, -215(a7)
core   0: 3 0x80001fc0 (0xf298c283) x 5 0x00000000 mem 0x8001381e
core   0: 0x80001fc4 (0x03f89c83) lh      s9, 63(a7)
core   0: 3 0x80001fc4 (0x03f89c83) x25 0x00000000 mem 0x80013934
core   0: 0x80001fc8 (0x02ccbbb3) mulhu   s7, s9, a2
core   0: 3 0x80001fc8 (0x02ccbbb3) x23 0x00000000
core   0: 0x80001fcc (0xfac88b83) lb      s7, -84(a7)
core   0: 3 0x80001fcc (0xfac88b83) x23 0x00000000 mem 0x800138a1
core   0: 0x80001fd0 (0x025ca2b3) mulhsu  t0, s9, t0
core   0: 3 0x80001fd0 (0x025ca2b3) x 5 0x00000000
core   0: 0x80001fd4 (0x059895a3) sh      s9, 75(a7)
core   0: 3 0x80001fd4 (0x059895a3) mem 0x80013940 0x0000
core   0: 0x80001fd8 (0x4b30be37) lui     t3, 0x4b30b
core   0: 3 0x80001fd8 (0x4b30be37) x28 0x4b30b000
core   0: 0x80001fdc (0x0188c283) lbu     t0, 24(a7)
core   0: 3 0x80001fdc (0x0188c283) x 5 0x00000000 mem 0x8001390d
core   0: 0x80001fe0 (0x019c9b93) slli    s7, s9, 25
core   0: 3 0x80001fe0 (0x019c9b93) x23 0x00000000
core   0: 0x80001fe4 (0x0052acb3) slt     s9, t0, t0
core   0: 3 0x80001fe4 (0x0052acb3) x25 0x00000000
core   0: 0x80001fe8 (0x0218de83) lhu     t4, 33(a7)
core   0: 3 0x80001fe8 (0x0218de83) x29 0x00000000 mem 0x80013916
core   0: 0x80001fec (0x02ce6e33) rem     t3, t3, a2
core   0: 3 0x80001fec (0x02ce6e33) x28 0x00000000
core   0: 0x80001ff0 (0x01788f23) sb      s7, 30(a7)
core   0: 3 0x80001ff0 (0x01788f23) mem 0x80013913 0x0
core   0: 0x80001ff4 (0x1f8c8e93) addi    t4, s9, 504
core   0: 3 0x80001ff4 (0x1f8c8e93) x29 0x000001f8
core   0: 0x80001ff8 (0x02ccdcb3) divu    s9, s9, a2
core   0: 3 0x80001ff8 (0x02ccdcb3) x25 0x00000000
core   0: 0x80001ffc (0xff789da3) sh      s7, -5(a7)
core   0: 3 0x80001ffc (0xff789da3) mem 0x800138f0 0x0000
core   0: 0x80002000 (0x00c29e33) sll     t3, t0, a2
core   0: 3 0x80002000 (0x00c29e33) x28 0x00000000
core   0: 0x80002004 (0x03c28bb3) mul     s7, t0, t3
core   0: 3 0x80002004 (0x03c28bb3) x23 0x00000000
core   0: 0x80002008 (0xf5c88d23) sb      t3, -166(a7)
core   0: 3 0x80002008 (0xf5c88d23) mem 0x8001384f 0x0
core   0: 0x8000200c (0x01cbd2b3) srl     t0, s7, t3
core   0: 3 0x8000200c (0x01cbd2b3) x 5 0x00000000
core   0: 0x80002010 (0xfe18c283) lbu     t0, -31(a7)
core   0: 3 0x80002010 (0xfe18c283) x 5 0x00000000 mem 0x800138d6
core   0: 0x80002014 (0xf1688e83) lb      t4, -234(a7)
core   0: 3 0x80002014 (0xf1688e83) x29 0x00000000 mem 0x8001380b
core   0: 0x80002018 (0x0000ef17) auipc   t5, 0xe
core   0: 3 0x80002018 (0x0000ef17) x30 0x80010018
core   0: 0x8000201c (0x2f6f0f13) addi    t5, t5, 758
core   0: 3 0x8000201c (0x2f6f0f13) x30 0x8001030e
core   0: 0x80002020 (0x183f0a03) lb      s4, 387(t5)
core   0: 3 0x80002020 (0x183f0a03) x20 0x00000000 mem 0x80010491
core   0: 0x80002024 (0xd8ef0ca3) sb      a4, -615(t5)
core   0: 3 0x80002024 (0xd8ef0ca3) mem 0x800100a7 0x0
core   0: 0x80002028 (0xd99f0803) lb      a6, -615(t5)
core   0: 3 0x80002028 (0xd99f0803) x16 0x00000000 mem 0x800100a7
core   0: 0x8000202c (0xd99f0983) lb      s3, -615(t5)
core   0: 3 0x8000202c (0xd99f0983) x19 0x00000000 mem 0x800100a7
core   0: 0x80002030 (0xd99f0283) lb      t0, -615(t5)
core   0: 3 0x80002030 (0xd99f0283) x 5 0x00000000 mem 0x800100a7
core   0: 0x80002034 (0x2b7839b7) lui     s3, 0x2b783
core   0: 3 0x80002034 (0x2b7839b7) x19 0x2b783000
core   0: 0x80002038 (0xd99f0b03) lb      s6, -615(t5)
core   0: 3 0x80002038 (0xd99f0b03) x22 0x00000000 mem 0x800100a7
core   0: 0x8000203c (0xd99f0ca3) sb      s9, -615(t5)
core   0: 3 0x8000203c (0xd99f0ca3) mem 0x800100a7 0x0
core   0: 0x80002040 (0x583f0ba3) sb      gp, 1431(t5)
core   0: 3 0x80002040 (0x583f0ba3) mem 0x800108a5 0x40
core   0: 0x80002044 (0x597f4003) lbu     zero, 1431(t5)
core   0: 3 0x80002044 (0x597f4003) mem 0x800108a5
core   0: 0x80002048 (0x597f0e83) lb      t4, 1431(t5)
core   0: 3 0x80002048 (0x597f0e83) x29 0x00000040 mem 0x800108a5
core   0: 0x8000204c (0x597f4203) lbu     tp, 1431(t5)
core   0: 3 0x8000204c (0x597f4203) x 4 0x00000040 mem 0x800108a5
core   0: 0x80002050 (0x597f0703) lb      a4, 1431(t5)
core   0: 3 0x80002050 (0x597f0703) x14 0x00000040 mem 0x800108a5
core   0: 0x80002054 (0x01423333) sltu    t1, tp, s4
core   0: 3 0x80002054 (0x01423333) x 6 0x00000000
core   0: 0x80002058 (0x01995193) srli    gp, s2, 25
core   0: 3 0x80002058 (0x01995193) x 3 0x00000004
core   0: 0x8000205c (0x0331fd33) remu    s10, gp, s3
core   0: 3 0x8000205c (0x0331fd33) x26 0x00000004
core   0: 0x80002060 (0x00000013) nop
core   0: 3 0x80002060 (0x00000013)
core   0: 0x80002064 (0x030c8e63) beq     s9, a6, pc + 60
core   0: 3 0x80002064 (0x030c8e63)
core   0: 0x800020a0 (0x00a1e0b3) or      ra, gp, a0
core   0: 3 0x800020a0 (0x00a1e0b3) x 1 0x00000004
core   0: 0x800020a4 (0x18a5e013) ori     zero, a1, 394
core   0: 3 0x800020a4 (0x18a5e013)
core   0: 0x800020a8 (0x0398c433) div     s0, a7, s9
core   0: 3 0x800020a8 (0x0398c433) x 8 0xffffffff
core   0: 0x800020ac (0xca447db7) lui     s11, 0xca447
core   0: 3 0x800020ac (0xca447db7) x27 0xca447000
core   0: 0x800020b0 (0x4044d513) srai    a0, s1, 4
core   0: 3 0x800020b0 (0x4044d513) x10 0xf80029ce
core   0: 0x800020b4 (0x40198d33) sub     s10, s3, ra
core   0: 3 0x800020b4 (0x40198d33) x26 0x2b782ffc
core   0: 0x800020b8 (0x02e7beb3) mulhu   t4, a5, a4
core   0: 3 0x800020b8 (0x02e7beb3) x29 0x00000020
core   0: 0x800020bc (0x0113d663) bge     t2, a7, pc + 12
core   0: 3 0x800020bc (0x0113d663)
core   0: 0x800020c8 (0x5043a593) slti    a1, t2, 1284
core   0: 3 0x800020c8 (0x5043a593) x11 0x00000001
core   0: 0x800020cc (0x02662e33) mulhsu  t3, a2, t1
core   0: 3 0x800020cc (0x02662e33) x28 0x00000000
core   0: 0x800020d0 (0x8ce17c13) andi    s8, sp, -1842
core   0: 3 0x800020d0 (0x8ce17c13) x24 0x80000000
core   0: 0x800020d4 (0x015027b3) slt     a5, zero, s5
core   0: 3 0x800020d4 (0x015027b3) x15 0x00000000
core   0: 0x800020d8 (0x4083d713) srai    a4, t2, 8
core   0: 3 0x800020d8 (0x4083d713) x14 0xffaa610d
core   0: 0x800020dc (0x02189633) mulh    a2, a7, ra
core   0: 3 0x800020dc (0x02189633) x12 0xfffffffe
core   0: 0x800020e0 (0xfed7a293) slti    t0, a5, -19
core   0: 3 0x800020e0 (0xfed7a293) x 5 0x00000000
core   0: 0x800020e4 (0x00dc0533) add     a0, s8, a3
core   0: 3 0x800020e4 (0x00dc0533) x10 0x7fffffff
core   0: 0x800020e8 (0x0162c933) xor     s2, t0, s6
core   0: 3 0x800020e8 (0x0162c933) x18 0x00000000
core   0: 0x800020ec (0x007c56b3) srl     a3, s8, t2
core   0: 3 0x800020ec (0x007c56b3) x13 0x00000800
core   0: 0x800020f0 (0x016b9e63) bne     s7, s6, pc + 28
core   0: 3 0x800020f0 (0x016b9e63)
core   0: 0x800020f4 (0x02d2e733) rem     a4, t0, a3
core   0: 3 0x800020f4 (0x02d2e733) x14 0x00000000
core   0: 0x800020f8 (0x02d11263) bne     sp, a3, pc + 36
core   0: 3 0x800020f8 (0x02d11263)
core   0: 0x8000211c (0x026a4833) div     a6, s4, t1
core   0: 3 0x8000211c (0x026a4833) x16 0xffffffff
core   0: 0x80002120 (0x48ce2513) slti    a0, t3, 1164
core   0: 3 0x80002120 (0x48ce2513) x10 0x00000001
core   0: 0x80002124 (0x8b5f2d17) auipc   s10, 0x8b5f2
core   0: 3 0x80002124 (0x8b5f2d17) x26 0x0b5f4124
core   0: 0x80002128 (0x8a41ce13) xori    t3, gp, -1884
core   0: 3 0x80002128 (0x8a41ce13) x28 0xfffff8a0
core   0: 0x8000212c (0x89a1fe13) andi    t3, gp, -1894
core   0: 3 0x8000212c (0x89a1fe13) x28 0x00000000
core   0: 0x80002130 (0x01114e93) xori    t4, sp, 17
core   0: 3 0x80002130 (0x01114e93) x29 0x80000011
core   0: 0x80002134 (0x42fb2993) slti    s3, s6, 1071
core   0: 3 0x80002134 (0x42fb2993) x19 0x00000001
core   0: 0x80002138 (0x01f66a63) bltu    a2, t6, pc + 20
core   0: 3 0x80002138 (0x01f66a63)
core   0: 0x8000213c (0x7ef00d93) li      s11, 2031
core   0: 3 0x8000213c (0x7ef00d93) x27 0x000007ef
core   0: 0x80002140 (0x00e30863) beq     t1, a4, pc + 16
core   0: 3 0x80002140 (0x00e30863)
core   0: 0x80002150 (0x0264d8b3) divu    a7, s1, t1
core   0: 3 0x80002150 (0x0264d8b3) x17 0xffffffff
core   0: 0x80002154 (0x01ca1933) sll     s2, s4, t3
core   0: 3 0x80002154 (0x01ca1933) x18 0x00000000
core   0: 0x80002158 (0x00000013) nop
core   0: 3 0x80002158 (0x00000013)
core   0: 0x8000215c (0x05ef6263) bltu    t5, t5, pc + 68
core   0: 3 0x8000215c (0x05ef6263)
core   0: 0x80002160 (0x01c66263) bltu    a2, t3, pc + 4
core   0: 3 0x80002160 (0x01c66263)
core   0: 0x80002164 (0x00ac77b3) and     a5, s8, a0
core   0: 3 0x80002164 (0x00ac77b3) x15 0x00000000
core   0: 0x80002168 (0x02160463) beq     a2, ra, pc + 40
core   0: 3 0x80002168 (0x02160463)
core   0: 0x8000216c (0x0034cf33) xor     t5, s1, gp
core   0: 3 0x8000216c (0x0034cf33) x30 0x80029ce0
core   0: 0x80002170 (0xeedfc393) xori    t2, t6, -275
core   0: 3 0x80002170 (0xeedfc393) x 7 0x7ffda089
core   0: 0x80002174 (0x03ec92b3) mulh    t0, s9, t5
core   0: 3 0x80002174 (0x03ec92b3) x 5 0x00000000
core   0: 0x80002178 (0x000fdc33) srl     s8, t6, zero
core   0: 3 0x80002178 (0x000fdc33) x24 0x80025e64
core   0: 0x8000217c (0x03a65c63) bge     a2, s10, pc + 56
core   0: 3 0x8000217c (0x03a65c63)
core   0: 0x80002180 (0x7af50c13) addi    s8, a0, 1967
core   0: 3 0x80002180 (0x7af50c13) x24 0x000007b0
core   0: 0x80002184 (0x03d9a9b3) mulhsu  s3, s3, t4
core   0: 3 0x80002184 (0x03d9a9b3) x19 0x00000000
core   0: 0x80002188 (0x017559b3) srl     s3, a0, s7
core   0: 3 0x80002188 (0x017559b3) x19 0x00000001
core   0: 0x8000218c (0x02988933) mul     s2, a7, s1
core   0: 3 0x8000218c (0x02988933) x18 0x7ffd631c
core   0: 0x80002190 (0x0140ea33) or      s4, ra, s4
core   0: 3 0x80002190 (0x0140ea33) x20 0x00000004
core   0: 0x80002194 (0x415a5c33) sra     s8, s4, s5
core   0: 3 0x80002194 (0x415a5c33) x24 0x00000000
core   0: 0x80002198 (0x41de5e33) sra     t3, t3, t4
core   0: 3 0x80002198 (0x41de5e33) x28 0x00000000
core   0: 0x8000219c (0xf3653c93) sltiu   s9, a0, -202
core   0: 3 0x8000219c (0xf3653c93) x25 0x00000001
core   0: 0x800021a0 (0xdd0f4793) xori    a5, t5, -560
core   0: 3 0x800021a0 (0xdd0f4793) x15 0x7ffd6130
core   0: 0x800021a4 (0x00735593) srli    a1, t1, 7
core   0: 3 0x800021a4 (0x00735593) x11 0x00000000
core   0: 0x800021a8 (0x85d5c093) xori    ra, a1, -1955
core   0: 3 0x800021a8 (0x85d5c093) x 1 0xfffff85d
core   0: 0x800021ac (0x00399093) slli    ra, s3, 3
core   0: 3 0x800021ac (0x00399093) x 1 0x00000008
core   0: 0x800021b0 (0x02f47933) remu    s2, s0, a5
core   0: 3 0x800021b0 (0x02f47933) x18 0x00053d9f
core   0: 0x800021b4 (0x94c4b717) auipc   a4, 0x94c4b
core   0: 3 0x800021b4 (0x94c4b717) x14 0x14c4d1b4
core   0: 0x800021b8 (0x03851463) bne     a0, s8, pc + 40
core   0: 3 0x800021b8 (0x03851463)
core   0: 0x800021e0 (0x038f7d33) remu    s10, t5, s8
core   0: 3 0x800021e0 (0x038f7d33) x26 0x80029ce0
core   0: 0x800021e4 (0x00d13333) sltu    t1, sp, a3
core   0: 3 0x800021e4 (0x00d13333) x 6 0x00000000
core   0: 0x800021e8 (0x02a20863) beq     tp, a0, pc + 48
core   0: 3 0x800021e8 (0x02a20863)
core   0: 0x800021ec (0x015e9b93) slli    s7, t4, 21
core   0: 3 0x800021ec (0x015e9b93) x23 0x02200000
core   0: 0x800021f0 (0x00000013) nop
core   0: 3 0x800021f0 (0x00000013)
core   0: 0x800021f4 (0x000ae663) bltu    s5, zero, pc + 12
core   0: 3 0x800021f4 (0x000ae663)
core   0: 0x800021f8 (0x00e7c933) xor     s2, a5, a4
core   0: 3 0x800021f8 (0x00e7c933) x18 0x6b39b084
core   0: 0x800021fc (0x01c31a33) sll     s4, t1, t3
core   0: 3 0x800021fc (0x01c31a33) x20 0x00000000
core   0: 0x80002200 (0x40235733) sra     a4, t1, sp
core   0: 3 0x80002200 (0x40235733) x14 0x00000000
core   0: 0x80002204 (0x0261ebb3) rem     s7, gp, t1
core   0: 3 0x80002204 (0x0261ebb3) x23 0x00000004
core   0: 0x80002208 (0x00000013) nop
core   0: 3 0x80002208 (0x00000013)
core   0: 0x8000220c (0x41f0d8b3) sra     a7, ra, t6
core   0: 3 0x8000220c (0x41f0d8b3) x17 0x00000000
core   0: 0x80002210 (0x03a6f1b3) remu    gp, a3, s10
core   0: 3 0x80002210 (0x03a6f1b3) x 3 0x00000800
core   0: 0x80002214 (0x4333bb97) auipc   s7, 0x4333b
core   0: 3 0x80002214 (0x4333bb97) x23 0xc333d214
core   0: 0x80002218 (0x03e28233) mul     tp, t0, t5
core   0: 3 0x80002218 (0x03e28233) x 4 0x00000000
core   0: 0x8000221c (0x0224ccb3) div     s9, s1, sp
core   0: 3 0x8000221c (0x0224ccb3) x25 0x00000000
core   0: 0x80002220 (0x025b0d33) mul     s10, s6, t0
core   0: 3 0x80002220 (0x025b0d33) x26 0x00000000
core   0: 0x80002224 (0x01647663) bgeu    s0, s6, pc + 12
core   0: 3 0x80002224 (0x01647663)
core   0: 0x80002230 (0x00b41093) slli    ra, s0, 11
core   0: 3 0x80002230 (0x00b41093) x 1 0xfffff800
core   0: 0x80002234 (0x03eaf263) bgeu    s5, t5, pc + 36
core   0: 3 0x80002234 (0x03eaf263)
core   0: 0x80002238 (0x93da92b7) lui     t0, 0x93da9
core   0: 3 0x80002238 (0x93da92b7) x 5 0x93da9000
core   0: 0x8000223c (0x01caf233) and     tp, s5, t3
core   0: 3 0x8000223c (0x01caf233) x 4 0x00000000
core   0: 0x80002240 (0x4096d913) srai    s2, a3, 9
core   0: 3 0x80002240 (0x4096d913) x18 0x00000004
core   0: 0x80002244 (0x0031af33) slt     t5, gp, gp
core   0: 3 0x80002244 (0x0031af33) x30 0x00000000
core   0: 0x80002248 (0x013b3eb3) sltu    t4, s6, s3
core   0: 3 0x80002248 (0x013b3eb3) x29 0x00000001
core   0: 0x8000224c (0x035f5db3) divu    s11, t5, s5
core   0: 3 0x8000224c (0x035f5db3) x27 0x00000000
core   0: 0x80002250 (0xfeb42093) slti    ra, s0, -21
core   0: 3 0x80002250 (0xfeb42093) x 1 0x00000000
core   0: 0x80002254 (0x40ba80b3) sub     ra, s5, a1
core   0: 3 0x80002254 (0x40ba80b3) x 1 0x80001f44
core   0: 0x80002258 (0x40c481b3) sub     gp, s1, a2
core   0: 3 0x80002258 (0x40c481b3) x 3 0x80029ce6
core   0: 0x8000225c (0x044e8663) beq     t4, tp, pc + 76
core   0: 3 0x8000225c (0x044e8663)
core   0: 0x80002260 (0xab63e897) auipc   a7, 0xab63e
core   0: 3 0x80002260 (0xab63e897) x17 0x2b640260
core   0: 0x80002264 (0x033b05b3) mul     a1, s6, s3
core   0: 3 0x80002264 (0x033b05b3) x11 0x00000000
core   0: 0x80002268 (0x02b01463) bne     zero, a1, pc + 40
core   0: 3 0x80002268 (0x02b01463)
core   0: 0x8000226c (0x5c640093) addi    ra, s0, 1478
core   0: 3 0x8000226c (0x5c640093) x 1 0x000005c5
core   0: 0x80002270 (0x039d6433) rem     s0, s10, s9
core   0: 3 0x80002270 (0x039d6433) x 8 0x00000000
core   0: 0x80002274 (0x039740b3) div     ra, a4, s9
core   0: 3 0x80002274 (0x039740b3) x 1 0xffffffff
core   0: 0x80002278 (0x04c1d063) bge     gp, a2, pc + 64
core   0: 3 0x80002278 (0x04c1d063)
core   0: 0x8000227c (0x02923933) mulhu   s2, tp, s1
core   0: 3 0x8000227c (0x02923933) x18 0x00000000
core   0: 0x80002280 (0xb85a9d17) auipc   s10, 0xb85a9
core   0: 3 0x80002280 (0xb85a9d17) x26 0x385ab280
core   0: 0x80002284 (0x97325e37) lui     t3, 0x97325
core   0: 3 0x80002284 (0x97325e37) x28 0x97325000
core   0: 0x80002288 (0x019d1463) bne     s10, s9, pc + 8
core   0: 3 0x80002288 (0x019d1463)
core   0: 0x80002290 (0xa3674193) xori    gp, a4, -1482
core   0: 3 0x80002290 (0xa3674193) x 3 0xfffffa36
core   0: 0x80002294 (0x006c2933) slt     s2, s8, t1
core   0: 3 0x80002294 (0x006c2933) x18 0x00000000
core   0: 0x80002298 (0x4011dd33) sra     s10, gp, ra
core   0: 3 0x80002298 (0x4011dd33) x26 0xffffffff
core   0: 0x8000229c (0x408ddf33) sra     t5, s11, s0
core   0: 3 0x8000229c (0x408ddf33) x30 0x00000000
core   0: 0x800022a0 (0x01801b93) slli    s7, zero, 24
core   0: 3 0x800022a0 (0x01801b93) x23 0x00000000
core   0: 0x800022a4 (0xbe290f13) addi    t5, s2, -1054
core   0: 3 0x800022a4 (0xbe290f13) x30 0xfffffbe2
core   0: 0x800022a8 (0x5b90a437) lui     s0, 0x5b90a
core   0: 3 0x800022a8 (0x5b90a437) x 8 0x5b90a000
core   0: 0x800022ac (0x02040c33) mul     s8, s0, zero
core   0: 3 0x800022ac (0x02040c33) x24 0x00000000
core   0: 0x800022b0 (0x9268a513) slti    a0, a7, -1754
core   0: 3 0x800022b0 (0x9268a513) x10 0x00000000
core   0: 0x800022b4 (0x01434eb3) xor     t4, t1, s4
core   0: 3 0x800022b4 (0x01434eb3) x29 0x00000000
core   0: 0x800022b8 (0x720e6993) ori     s3, t3, 1824
core   0: 3 0x800022b8 (0x720e6993) x19 0x97325720
core   0: 0x800022bc (0x02aafdb3) remu    s11, s5, a0
core   0: 3 0x800022bc (0x02aafdb3) x27 0x80001f44
core   0: 0x800022c0 (0x015657b3) srl     a5, a2, s5
core   0: 3 0x800022c0 (0x015657b3) x15 0x0fffffff
core   0: 0x800022c4 (0x00e3ff33) and     t5, t2, a4
core   0: 3 0x800022c4 (0x00e3ff33) x30 0x00000000
core   0: 0x800022c8 (0x241a6313) ori     t1, s4, 577
core   0: 3 0x800022c8 (0x241a6313) x 6 0x00000241
core   0: 0x800022cc (0x02d62d33) mulhsu  s10, a2, a3
core   0: 3 0x800022cc (0x02d62d33) x26 0xffffffff
core   0: 0x800022d0 (0x57f4c593) xori    a1, s1, 1407
core   0: 3 0x800022d0 (0x57f4c593) x11 0x8002999b
core   0: 0x800022d4 (0x003265b3) or      a1, tp, gp
core   0: 3 0x800022d4 (0x003265b3) x11 0xfffffa36
core   0: 0x800022d8 (0x03559d33) mulh    s10, a1, s5
core   0: 3 0x800022d8 (0x03559d33) x26 0x000002e4
core   0: 0x800022dc (0x035baa33) mulhsu  s4, s7, s5
core   0: 3 0x800022dc (0x035baa33) x20 0x00000000
core   0: 0x800022e0 (0x02dbc6b3) div     a3, s7, a3
core   0: 3 0x800022e0 (0x02dbc6b3) x13 0x00000000
core   0: 0x800022e4 (0x41ca0433) sub     s0, s4, t3
core   0: 3 0x800022e4 (0x41ca0433) x 8 0x68cdb000
core   0: 0x800022e8 (0x02271c33) mulh    s8, a4, sp
core   0: 3 0x800022e8 (0x02271c33) x24 0x00000000
core   0: 0x800022ec (0x017f9b33) sll     s6, t6, s7
core   0: 3 0x800022ec (0x017f9b33) x22 0x80025e64
core   0: 0x800022f0 (0x009b5e93) srli    t4, s6, 9
core   0: 3 0x800022f0 (0x009b5e93) x29 0x0040012f
core   0: 0x800022f4 (0x00d85eb3) srl     t4, a6, a3
core   0: 3 0x800022f4 (0x00d85eb3) x29 0xffffffff
core   0: 0x800022f8 (0xd0ee3193) sltiu   gp, t3, -754
core   0: 3 0x800022f8 (0xd0ee3193) x 3 0x00000001
core   0: 0x800022fc (0x03998533) mul     a0, s3, s9
core   0: 3 0x800022fc (0x03998533) x10 0x00000000
core   0: 0x80002300 (0x006a8663) beq     s5, t1, pc + 12
core   0: 3 0x80002300 (0x006a8663)
core   0: 0x80002304 (0xe807b893) sltiu   a7, a5, -384
core   0: 3 0x80002304 (0xe807b893) x17 0x00000001
core   0: 0x80002308 (0x41eb0db3) sub     s11, s6, t5
core   0: 3 0x80002308 (0x41eb0db3) x27 0x80025e64
core   0: 0x8000230c (0xb7c24193) xori    gp, tp, -1156
core   0: 3 0x8000230c (0xb7c24193) x 3 0xfffffb7c
core   0: 0x80002310 (0x033ae1b3) rem     gp, s5, s3
core   0: 3 0x80002310 (0x033ae1b3) x 3 0xe8cdc824
core   0: 0x80002314 (0x41dfd013) srai    zero, t6, 29
core   0: 3 0x80002314 (0x41dfd013)
core   0: 0x80002318 (0x04454863) blt     a0, tp, pc + 80
core   0: 3 0x80002318 (0x04454863)
core   0: 0x8000231c (0xb784d0b7) lui     ra, 0xb784d
core   0: 3 0x8000231c (0xb784d0b7) x 1 0xb784d000
core   0: 0x80002320 (0x04e54663) blt     a0, a4, pc + 76
core   0: 3 0x80002320 (0x04e54663)
core   0: 0x80002324 (0x03777463) bgeu    a4, s7, pc + 40
core   0: 3 0x80002324 (0x03777463)
core   0: 0x8000234c (0xd3dc0d17) auipc   s10, 0xd3dc0
core   0: 3 0x8000234c (0xd3dc0d17) x26 0x53dc234c
core   0: 0x80002350 (0x00a36e33) or      t3, t1, a0
core   0: 3 0x80002350 (0x00a36e33) x28 0x00000241
core   0: 0x80002354 (0x04a79863) bne     a5, a0, pc + 80
core   0: 3 0x80002354 (0x04a79863)
core   0: 0x800023a4 (0x03dccc93) xori    s9, s9, 61
core   0: 3 0x800023a4 (0x03dccc93) x25 0x0000003d
core   0: 0x800023a8 (0x00005697) auipc   a3, 0x5
core   0: 3 0x800023a8 (0x00005697) x13 0x800073a8
core   0: 0x800023ac (0xb5868693) addi    a3, a3, -1192
core   0: 3 0x800023ac (0xb5868693) x13 0x80006f00
core   0: 0x800023b0 (0x0393d033) divu    zero, t2, s9
core   0: 3 0x800023b0 (0x0393d033)
core   0: 0x800023b4 (0x00c9f433) and     s0, s3, a2
core   0: 3 0x800023b4 (0x00c9f433) x 8 0x97325720
core   0: 0x800023b8 (0x03b06f33) rem     t5, zero, s11
core   0: 3 0x800023b8 (0x03b06f33) x30 0x00000000
core   0: 0x800023bc (0x006cb033) sltu    zero, s9, t1
core   0: 3 0x800023bc (0x006cb033)
core   0: 0x800023c0 (0x0222ceb3) div     t4, t0, sp
core   0: 3 0x800023c0 (0x0222ceb3) x29 0x00000000
core   0: 0x800023c4 (0x02ff89b3) mul     s3, t6, a5
core   0: 3 0x800023c4 (0x02ff89b3) x19 0xbffda19c
core   0: 0x800023c8 (0x10868693) addi    a3, a3, 264
core   0: 3 0x800023c8 (0x10868693) x13 0x80007008
core   0: 0x800023cc (0x01827463) bgeu    tp, s8, pc + 8
core   0: 3 0x800023cc (0x01827463)
core   0: 0x800023d4 (0xef9680e7) jalr    ra, a3, -263
core   0: 3 0x800023d4 (0xef9680e7) x 1 0x800023d8
core   0: 0x80006f00 (0x01886a63) bltu    a6, s8, pc + 20
core   0: 3 0x80006f00 (0x01886a63)
core   0: 0x80006f04 (0x0164ccb3) xor     s9, s1, s6
core   0: 3 0x80006f04 (0x0164ccb3) x25 0x0000c280
core   0: 0x80006f08 (0x011277b3) and     a5, tp, a7
core   0: 3 0x80006f08 (0x011277b3) x15 0x00000000
core   0: 0x80006f0c (0x414a8eb3) sub     t4, s5, s4
core   0: 3 0x80006f0c (0x414a8eb3) x29 0x80001f44
core   0: 0x80006f10 (0x3404fe93) andi    t4, s1, 832
core   0: 3 0x80006f10 (0x3404fe93) x29 0x00000040
core   0: 0x80006f14 (0xfe0f8f93) addi    t6, t6, -32
core   0: 3 0x80006f14 (0xfe0f8f93) x31 0x80025e44
core   0: 0x80006f18 (0x0385d3b3) divu    t2, a1, s8
core   0: 3 0x80006f18 (0x0385d3b3) x 7 0xffffffff
core   0: 0x80006f1c (0x001fa223) sw      ra, 4(t6)
core   0: 3 0x80006f1c (0x001fa223) mem 0x80025e48 0x800023d8
core   0: 0x80006f20 (0x00f28733) add     a4, t0, a5
core   0: 3 0x80006f20 (0x00f28733) x14 0x93da9000
core   0: 0x80006f24 (0x02320833) mul     a6, tp, gp
core   0: 3 0x80006f24 (0x02320833) x16 0x00000000
core   0: 0x80006f28 (0x014f9c93) slli    s9, t6, 20
core   0: 3 0x80006f28 (0x014f9c93) x25 0xe4400000
core   0: 0x80006f2c (0x02d141b3) div     gp, sp, a3
core   0: 3 0x80006f2c (0x02d141b3) x 3 0x00000001
core   0: 0x80006f30 (0x0051da13) srli    s4, gp, 5
core   0: 3 0x80006f30 (0x0051da13) x20 0x00000000
core   0: 0x80006f34 (0x45452d17) auipc   s10, 0x45452
core   0: 3 0x80006f34 (0x45452d17) x26 0xc5458f34
core   0: 0x80006f38 (0xab4b4913) xori    s2, s6, -1356
core   0: 3 0x80006f38 (0xab4b4913) x18 0x7ffda4d0
core   0: 0x80006f3c (0x02af6cb3) rem     s9, t5, a0
core   0: 3 0x80006f3c (0x02af6cb3) x25 0x00000000
core   0: 0x80006f40 (0x01618c33) add     s8, gp, s6
core   0: 3 0x80006f40 (0x01618c33) x24 0x80025e65
core   0: 0x80006f44 (0x02755a33) divu    s4, a0, t2
core   0: 3 0x80006f44 (0x02755a33) x20 0x00000000
core   0: 0x80006f48 (0x7965eb93) ori     s7, a1, 1942
core   0: 3 0x80006f48 (0x7965eb93) x23 0xffffffb6
core   0: 0x80006f4c (0x194020ef) jal     pc + 0x2194
core   0: 3 0x80006f4c (0x194020ef) x 1 0x80006f50
core   0: 0x800090e0 (0xa9fe5717) auipc   a4, 0xa9fe5
core   0: 3 0x800090e0 (0xa9fe5717) x14 0x29fee0e0
core   0: 0x800090e4 (0xff4f8f93) addi    t6, t6, -12
core   0: 3 0x800090e4 (0xff4f8f93) x31 0x80025e38
core   0: 0x800090e8 (0x001fa223) sw      ra, 4(t6)
core   0: 3 0x800090e8 (0x001fa223) mem 0x80025e3c 0x80006f50
core   0: 0x800090ec (0x0052a433) slt     s0, t0, t0
core   0: 3 0x800090ec (0x0052a433) x 8 0x00000000
core   0: 0x800090f0 (0x6fbdbe13) sltiu   t3, s11, 1787
core   0: 3 0x800090f0 (0x6fbdbe13) x28 0x00000000
core   0: 0x800090f4 (0x034000ef) jal     pc + 0x34
core   0: 3 0x800090f4 (0x034000ef) x 1 0x800090f8
core   0: 0x80009128 (0x018002ef) jal     t0, pc + 0x18
core   0: 3 0x80009128 (0x018002ef) x 5 0x8000912c
core   0: 0x80009140 (0xfc9ff6ef) jal     a3, pc - 0x38
core   0: 3 0x80009140 (0xfc9ff6ef) x13 0x80009144
core   0: 0x80009108 (0x0240036f) jal     t1, pc + 0x24
core   0: 3 0x80009108 (0x0240036f) x 6 0x8000910c
core   0: 0x8000912c (0xff5ff0ef) jal     pc - 0xc
core   0: 3 0x8000912c (0xff5ff0ef) x 1 0x80009130
core   0: 0x80009120 (0x0140036f) jal     t1, pc + 0x14
core   0: 3 0x80009120 (0x0140036f) x 6 0x80009124
core   0: 0x80009134 (0xfd1ff36f) jal     t1, pc - 0x30
core   0: 3 0x80009134 (0xfd1ff36f) x 6 0x80009138
core   0: 0x80009104 (0x020000ef) jal     pc + 0x20
core   0: 3 0x80009104 (0x020000ef) x 1 0x80009108
core   0: 0x80009124 (0xfd5ff0ef) jal     pc - 0x2c
core   0: 3 0x80009124 (0xfd5ff0ef) x 1 0x80009128
core   0: 0x800090f8 (0x02000f6f) jal     t5, pc + 0x20
core   0: 3 0x800090f8 (0x02000f6f) x30 0x800090fc
core   0: 0x80009118 (0xff5ff0ef) jal     pc - 0xc
core   0: 3 0x80009118 (0xff5ff0ef) x 1 0x8000911c
core   0: 0x8000910c (0x024000ef) jal     pc + 0x24
core   0: 3 0x8000910c (0x024000ef) x 1 0x80009110
core   0: 0x80009130 (0x00c000ef) jal     pc + 0xc
core   0: 3 0x80009130 (0x00c000ef) x 1 0x80009134
core   0: 0x8000913c (0xfe1ff9ef) jal     s3, pc - 0x20
core   0: 3 0x8000913c (0xfe1ff9ef) x19 0x80009140
core   0: 0x8000911c (0x01c000ef) jal     pc + 0x1c
core   0: 3 0x8000911c (0x01c000ef) x 1 0x80009120
core   0: 0x80009138 (0xfd9ff0ef) jal     pc - 0x28
core   0: 3 0x80009138 (0xfd9ff0ef) x 1 0x8000913c
core   0: 0x80009110 (0x034000ef) jal     pc + 0x34
core   0: 3 0x80009110 (0x034000ef) x 1 0x80009114
core   0: 0x80009144 (0x004000ef) jal     pc + 0x4
core   0: 3 0x80009144 (0x004000ef) x 1 0x80009148
core   0: 0x80009148 (0xfb5ff1ef) jal     gp, pc - 0x4c
core   0: 3 0x80009148 (0xfb5ff1ef) x 3 0x8000914c
core   0: 0x800090fc (0x004000ef) jal     pc + 0x4
core   0: 3 0x800090fc (0x004000ef) x 1 0x80009100
core   0: 0x80009100 (0x0140036f) jal     t1, pc + 0x14
core   0: 3 0x80009100 (0x0140036f) x 6 0x80009104
core   0: 0x80009114 (0x0380036f) jal     t1, pc + 0x38
core   0: 3 0x80009114 (0x0380036f) x 6 0x80009118
core   0: 0x8000914c (0x407ddf13) srai    t5, s11, 7
core   0: 3 0x8000914c (0x407ddf13) x30 0xff0004bc
core   0: 0x80009150 (0x020000ef) jal     pc + 0x20
core   0: 3 0x80009150 (0x020000ef) x 1 0x80009154
core   0: 0x80009170 (0x0100026f) jal     tp, pc + 0x10
core   0: 3 0x80009170 (0x0100026f) x 4 0x80009174
core   0: 0x80009180 (0xff5ff0ef) jal     pc - 0xc
core   0: 3 0x80009180 (0xff5ff0ef) x 1 0x80009184
core   0: 0x80009174 (0xfe1ff0ef) jal     pc - 0x20
core   0: 3 0x80009174 (0xfe1ff0ef) x 1 0x80009178
core   0: 0x80009154 (0x024000ef) jal     pc + 0x24
core   0: 3 0x80009154 (0x024000ef) x 1 0x80009158
core   0: 0x80009178 (0x004000ef) jal     pc + 0x4
core   0: 3 0x80009178 (0x004000ef) x 1 0x8000917c
core   0: 0x8000917c (0x01800e6f) jal     t3, pc + 0x18
core   0: 3 0x8000917c (0x01800e6f) x28 0x80009180
core   0: 0x80009194 (0xfc5ff86f) jal     a6, pc - 0x3c
core   0: 3 0x80009194 (0xfc5ff86f) x16 0x80009198
core   0: 0x80009158 (0x004000ef) jal     pc + 0x4
core   0: 3 0x80009158 (0x004000ef) x 1 0x8000915c
core   0: 0x8000915c (0x00c0036f) jal     t1, pc + 0xc
core   0: 3 0x8000915c (0x00c0036f) x 6 0x80009160
core   0: 0x80009168 (0x00400def) jal     s11, pc + 0x4
core   0: 3 0x80009168 (0x00400def) x27 0x8000916c
core   0: 0x8000916c (0x01c000ef) jal     pc + 0x1c
core   0: 3 0x8000916c (0x01c000ef) x 1 0x80009170
core   0: 0x80009188 (0xfddff0ef) jal     pc - 0x24
core   0: 3 0x80009188 (0xfddff0ef) x 1 0x8000918c
core   0: 0x80009164 (0x0200056f) jal     a0, pc + 0x20
core   0: 3 0x80009164 (0x0200056f) x10 0x80009168
core   0: 0x80009184 (0x00c0026f) jal     tp, pc + 0xc
core   0: 3 0x80009184 (0x00c0026f) x 4 0x80009188
core   0: 0x80009190 (0xffdff0ef) jal     pc - 0x4
core   0: 3 0x80009190 (0xffdff0ef) x 1 0x80009194
core   0: 0x8000918c (0xfd5ff26f) jal     tp, pc - 0x2c
core   0: 3 0x8000918c (0xfd5ff26f) x 4 0x80009190
core   0: 0x80009160 (0x0380096f) jal     s2, pc + 0x38
core   0: 3 0x80009160 (0x0380096f) x18 0x80009164
core   0: 0x80009198 (0x01a15d33) srl     s10, sp, s10
core   0: 3 0x80009198 (0x01a15d33) x26 0x00000800
core   0: 0x8000919c (0x00010217) auipc   tp, 0x10
core   0: 3 0x8000919c (0x00010217) x 4 0x8001919c
core   0: 0x800091a0 (0x99e20213) addi    tp, tp, -1634
core   0: 3 0x800091a0 (0x99e20213) x 4 0x80018b3a
core   0: 0x800091a4 (0x0f320823) sb      s3, 240(tp)
core   0: 3 0x800091a4 (0x0f320823) mem 0x80018c2a 0x40
core   0: 0x800091a8 (0x09824303) lbu     t1, 152(tp)
core   0: 3 0x800091a8 (0x09824303) x 6 0x00000000 mem 0x80018bd2
core   0: 0x800091ac (0x01d24183) lbu     gp, 29(tp)
core   0: 3 0x800091ac (0x01d24183) x 3 0x00000000 mem 0x80018b57
core   0: 0x800091b0 (0x0dc21c83) lh      s9, 220(tp)
core   0: 3 0x800091b0 (0x0dc21c83) x25 0x00000000 mem 0x80018c16
core   0: 0x800091b4 (0x0c821b83) lh      s7, 200(tp)
core   0: 3 0x800091b4 (0x0c821b83) x23 0x00000000 mem 0x80018c02
core   0: 0x800091b8 (0x00abd613) srli    a2, s7, 10
core   0: 3 0x800091b8 (0x00abd613) x12 0x00000000
core   0: 0x800091bc (0xc0cd8eb7) lui     t4, 0xc0cd8
core   0: 3 0x800091bc (0xc0cd8eb7) x29 0xc0cd8000
core   0: 0x800091c0 (0x034ed933) divu    s2, t4, s4
core   0: 3 0x800091c0 (0x034ed933) x18 0xffffffff
core   0: 0x800091c4 (0xfdc22323) sw      t3, -58(tp)
core   0: 3 0x800091c4 (0xfdc22323) mem 0x80018b00 0x80009180
core   0: 0x800091c8 (0xfc5205a3) sb      t0, -53(tp)
core   0: 3 0x800091c8 (0xfc5205a3) mem 0x80018b05 0x2c
core   0: 0x800091cc (0x00000013) nop
core   0: 3 0x800091cc (0x00000013)
core   0: 0x800091d0 (0x000ecf33) xor     t5, t4, zero
core   0: 3 0x800091d0 (0x000ecf33) x30 0xc0cd8000
core   0: 0x800091d4 (0xf0720923) sb      t2, -238(tp)
core   0: 3 0x800091d4 (0xf0720923) mem 0x80018a4c 0xff
core   0: 0x800091d8 (0x070208a3) sb      a6, 113(tp)
core   0: 3 0x800091d8 (0x070208a3) mem 0x80018bab 0x98
core   0: 0x800091dc (0xf1f24403) lbu     s0, -225(tp)
core   0: 3 0x800091dc (0xf1f24403) x 8 0x00000000 mem 0x80018a59
core   0: 0x800091e0 (0x06163393) sltiu   t2, a2, 97
core   0: 3 0x800091e0 (0x06163393) x 7 0x00000001
core   0: 0x800091e4 (0x0018aab3) slt     s5, a7, ra
core   0: 3 0x800091e4 (0x0018aab3) x21 0x00000000
core   0: 0x800091e8 (0xffd21123) sh      t4, -30(tp)
core   0: 3 0x800091e8 (0xffd21123) mem 0x80018b1c 0x8000
core   0: 0x800091ec (0xfca203a3) sb      a0, -57(tp)
core   0: 3 0x800091ec (0xfca203a3) mem 0x80018b01 0x68
core   0: 0x800091f0 (0x0bb20803) lb      a6, 187(tp)
core   0: 3 0x800091f0 (0x0bb20803) x16 0x00000000 mem 0x80018bf5
core   0: 0x800091f4 (0x036893b3) mulh    t2, a7, s6
core   0: 3 0x800091f4 (0x036893b3) x 7 0xffffffff
core   0: 0x800091f8 (0x541c7913) andi    s2, s8, 1345
core   0: 3 0x800091f8 (0x541c7913) x18 0x00000441
core   0: 0x800091fc (0x023a68b3) rem     a7, s4, gp
core   0: 3 0x800091fc (0x023a68b3) x17 0x00000000
core   0: 0x80009200 (0x09f24503) lbu     a0, 159(tp)
core   0: 3 0x80009200 (0x09f24503) x10 0x00000000 mem 0x80018bd9
core   0: 0x80009204 (0x0d821283) lh      t0, 216(tp)
core   0: 3 0x80009204 (0x0d821283) x 5 0x00000000 mem 0x80018c12
core   0: 0x80009208 (0xf5f20603) lb      a2, -161(tp)
core   0: 3 0x80009208 (0xf5f20603) x12 0x00000000 mem 0x80018a99
core   0: 0x8000920c (0xf596f093) andi    ra, a3, -167
core   0: 3 0x8000920c (0xf596f093) x 1 0x80009140
core   0: 0x80009210 (0x01395333) srl     t1, s2, s3
core   0: 3 0x80009210 (0x01395333) x 6 0x00000441
core   0: 0x80009214 (0x0e222883) lw      a7, 226(tp)
core   0: 3 0x80009214 (0x0e222883) x17 0x00000000 mem 0x80018c1c
core   0: 0x80009218 (0x01620423) sb      s6, 8(tp)
core   0: 3 0x80009218 (0x01620423) mem 0x80018b42 0x64
core   0: 0x8000921c (0x00f39d93) slli    s11, t2, 15
core   0: 3 0x8000921c (0x00f39d93) x27 0xffff8000
core   0: 0x80009220 (0x03a22903) lw      s2, 58(tp)
core   0: 3 0x80009220 (0x03a22903) x18 0x00000000 mem 0x80018b74
core   0: 0x80009224 (0xfd520503) lb      a0, -43(tp)
core   0: 3 0x80009224 (0xfd520503) x10 0x00000000 mem 0x80018b0f
core   0: 0x80009228 (0x00bc6ab3) or      s5, s8, a1
core   0: 3 0x80009228 (0x00bc6ab3) x21 0xfffffe77
core   0: 0x8000922c (0x028d3033) mulhu   zero, s10, s0
core   0: 3 0x8000922c (0x028d3033)
core   0: 0x80009230 (0x06720d03) lb      s10, 103(tp)
core   0: 3 0x80009230 (0x06720d03) x26 0x00000000 mem 0x80018ba1
core   0: 0x80009234 (0x02dd7433) remu    s0, s10, a3
core   0: 3 0x80009234 (0x02dd7433) x 8 0x00000000
core   0: 0x80009238 (0x00820403) lb      s0, 8(tp)
core   0: 3 0x80009238 (0x00820403) x 8 0x00000064 mem 0x80018b42
core   0: 0x8000923c (0xe1c29db7) lui     s11, 0xe1c29
core   0: 3 0x8000923c (0xe1c29db7) x27 0xe1c29000
core   0: 0x80009240 (0x412b5393) srai    t2, s6, 18
core   0: 3 0x80009240 (0x412b5393) x 7 0xffffe000
core   0: 0x80009244 (0x08920503) lb      a0, 137(tp)
core   0: 3 0x80009244 (0x08920503) x10 0x00000000 mem 0x80018bc3
core   0: 0x80009248 (0x08320683) lb      a3, 131(tp)
core   0: 3 0x80009248 (0x08320683) x13 0x00000000 mem 0x80018bbd
core   0: 0x8000924c (0xf0b20383) lb      t2, -245(tp)
core   0: 3 0x8000924c (0xf0b20383) x 7 0x00000000 mem 0x80018a45
core   0: 0x80009250 (0x00a24083) lbu     ra, 10(tp)
core   0: 3 0x80009250 (0x00a24083) x 1 0x00000000 mem 0x80018b44
core   0: 0x80009254 (0xf6924b83) lbu     s7, -151(tp)
core   0: 3 0x80009254 (0xf6924b83) x23 0x00000000 mem 0x80018aa3
core   0: 0x80009258 (0x0251d0b3) divu    ra, gp, t0
core   0: 3 0x80009258 (0x0251d0b3) x 1 0xffffffff
core   0: 0x8000925c (0xf1724583) lbu     a1, -233(tp)
core   0: 3 0x8000925c (0xf1724583) x11 0x00000000 mem 0x80018a51
core   0: 0x80009260 (0xfc221003) lh      zero, -62(tp)
core   0: 3 0x80009260 (0xfc221003) mem 0x80018afc
core   0: 0x80009264 (0xff800593) li      a1, -8
core   0: 3 0x80009264 (0xff800593) x11 0xfffffff8
core   0: 0x80009268 (0x01a67033) and     zero, a2, s10
core   0: 3 0x80009268 (0x01a67033)
core   0: 0x8000926c (0x02a266b3) rem     a3, tp, a0
core   0: 3 0x8000926c (0x02a266b3) x13 0x80018b3a
core   0: 0x80009270 (0xfff00513) li      a0, -1
core   0: 3 0x80009270 (0xfff00513) x10 0xffffffff
core   0: 0x80009274 (0x00c07ab3) and     s5, zero, a2
core   0: 3 0x80009274 (0x00c07ab3) x21 0x00000000
core   0: 0x80009278 (0x01f6df13) srli    t5, a3, 31
core   0: 3 0x80009278 (0x01f6df13) x30 0x00000001
core   0: 0x8000927c (0x00658593) addi    a1, a1, 6
core   0: 3 0x8000927c (0x00658593) x11 0xfffffffe
core   0: 0x80009280 (0x01e65213) srli    tp, a2, 30
core   0: 3 0x80009280 (0x01e65213) x 4 0x00000000
core   0: 0x80009284 (0xff800a13) li      s4, -8
core   0: 3 0x80009284 (0xff800a13) x20 0xfffffff8
core   0: 0x80009288 (0x1d17c713) xori    a4, a5, 465
core   0: 3 0x80009288 (0x1d17c713) x14 0x000001d1
core   0: 0x8000928c (0x00000013) nop
core   0: 3 0x8000928c (0x00000013)
core   0: 0x80009290 (0x01100313) li      t1, 17
core   0: 3 0x80009290 (0x01100313) x 6 0x00000011
core   0: 0x80009294 (0xc447e713) ori     a4, a5, -956
core   0: 3 0x80009294 (0xc447e713) x14 0xfffffc44
core   0: 0x80009298 (0x01e607b3) add     a5, a2, t5
core   0: 3 0x80009298 (0x01e607b3) x15 0x00000001
core   0: 0x8000929c (0x002a0a13) addi    s4, s4, 2
core   0: 3 0x8000929c (0x002a0a13) x20 0xfffffffa
core   0: 0x800092a0 (0xfe6a6ae3) bltu    s4, t1, pc - 12
core   0: 3 0x800092a0 (0xfe6a6ae3)
core   0: 0x800092a4 (0xfca5c8e3) blt     a1, a0, pc - 48
core   0: 3 0x800092a4 (0xfca5c8e3)
core   0: 0x80009274 (0x00c07ab3) and     s5, zero, a2
core   0: 3 0x80009274 (0x00c07ab3) x21 0x00000000
core   0: 0x80009278 (0x01f6df13) srli    t5, a3, 31
core   0: 3 0x80009278 (0x01f6df13) x30 0x00000001
core   0: 0x8000927c (0x00658593) addi    a1, a1, 6
core   0: 3 0x8000927c (0x00658593) x11 0x00000004
core   0: 0x80009280 (0x01e65213) srli    tp, a2, 30
core   0: 3 0x80009280 (0x01e65213) x 4 0x00000000
core   0: 0x80009284 (0xff800a13) li      s4, -8
core   0: 3 0x80009284 (0xff800a13) x20 0xfffffff8
core   0: 0x80009288 (0x1d17c713) xori    a4, a5, 465
core   0: 3 0x80009288 (0x1d17c713) x14 0x000001d0
core   0: 0x8000928c (0x00000013) nop
core   0: 3 0x8000928c (0x00000013)
core   0: 0x80009290 (0x01100313) li      t1, 17
core   0: 3 0x80009290 (0x01100313) x 6 0x00000011
core   0: 0x80009294 (0xc447e713) ori     a4, a5, -956
core   0: 3 0x80009294 (0xc447e713) x14 0xfffffc45
core   0: 0x80009298 (0x01e607b3) add     a5, a2, t5
core   0: 3 0x80009298 (0x01e607b3) x15 0x00000001
core   0: 0x8000929c (0x002a0a13) addi    s4, s4, 2
core   0: 3 0x8000929c (0x002a0a13) x20 0xfffffffa
core   0: 0x800092a0 (0xfe6a6ae3) bltu    s4, t1, pc - 12
core   0: 3 0x800092a0 (0xfe6a6ae3)
core   0: 0x800092a4 (0xfca5c8e3) blt     a1, a0, pc - 48
core   0: 3 0x800092a4 (0xfca5c8e3)
core   0: 0x800092a8 (0x008e5033) srl     zero, t3, s0
core   0: 3 0x800092a8 (0x008e5033)
core   0: 0x800092ac (0x020000ef) jal     pc + 0x20
core   0: 3 0x800092ac (0x020000ef) x 1 0x800092b0
core   0: 0x800092cc (0xff1ff36f) jal     t1, pc - 0x10
core   0: 3 0x800092cc (0xff1ff36f) x 6 0x800092d0
core   0: 0x800092bc (0x0080026f) jal     tp, pc + 0x8
core   0: 3 0x800092bc (0x0080026f) x 4 0x800092c0
core   0: 0x800092c4 (0xfedff0ef) jal     pc - 0x14
core   0: 3 0x800092c4 (0xfedff0ef) x 1 0x800092c8
core   0: 0x800092b0 (0x010000ef) jal     pc + 0x10
core   0: 3 0x800092b0 (0x010000ef) x 1 0x800092b4
core   0: 0x800092c0 (0x0140036f) jal     t1, pc + 0x14
core   0: 3 0x800092c0 (0x0140036f) x 6 0x800092c4
core   0: 0x800092d4 (0xfe1ff0ef) jal     pc - 0x20
core   0: 3 0x800092d4 (0xfe1ff0ef) x 1 0x800092d8
core   0: 0x800092b4 (0x004006ef) jal     a3, pc + 0x4
core   0: 3 0x800092b4 (0x004006ef) x13 0x800092b8
core   0: 0x800092b8 (0x0200036f) jal     t1, pc + 0x20
core   0: 3 0x800092b8 (0x0200036f) x 6 0x800092bc
core   0: 0x800092d8 (0xff9ff36f) jal     t1, pc - 0x8
core   0: 3 0x800092d8 (0xff9ff36f) x 6 0x800092dc
core   0: 0x800092d0 (0xff9ff2ef) jal     t0, pc - 0x8
core   0: 3 0x800092d0 (0xff9ff2ef) x 5 0x800092d4
core   0: 0x800092c8 (0x0140036f) jal     t1, pc + 0x14
core   0: 3 0x800092c8 (0x0140036f) x 6 0x800092cc
core   0: 0x800092dc (0x1fa59197) auipc   gp, 0x1fa59
core   0: 3 0x800092dc (0x1fa59197) x 3 0x9fa622dc
core   0: 0x800092e0 (0x00007397) auipc   t2, 0x7
core   0: 3 0x800092e0 (0x00007397) x 7 0x800102e0
core   0: 0x800092e4 (0xed738393) addi    t2, t2, -297
core   0: 3 0x800092e4 (0xed738393) x 7 0x800101b7
core   0: 0x800092e8 (0x56939783) lh      a5, 1385(t2)
core   0: 3 0x800092e8 (0x56939783) x15 0x00000000 mem 0x80010720
core   0: 0x800092ec (0x75838e03) lb      t3, 1880(t2)
core   0: 3 0x800092ec (0x75838e03) x28 0x00000000 mem 0x8001090f
core   0: 0x800092f0 (0x63c38923) sb      t3, 1586(t2)
core   0: 3 0x800092f0 (0x63c38923) mem 0x800107e9 0x0
core   0: 0x800092f4 (0x411787b3) sub     a5, a5, a7
core   0: 3 0x800092f4 (0x411787b3) x15 0x00000000
core   0: 0x800092f8 (0x015c37b3) sltu    a5, s8, s5
core   0: 3 0x800092f8 (0x015c37b3) x15 0x00000000
core   0: 0x800092fc (0x66b38c03) lb      s8, 1643(t2)
core   0: 3 0x800092fc (0x66b38c03) x24 0x00000000 mem 0x80010822
core   0: 0x80009300 (0x51939fa3) sh      s9, 1311(t2)
core   0: 3 0x80009300 (0x51939fa3) mem 0x800106d6 0x0000
core   0: 0x80009304 (0x27138783) lb      a5, 625(t2)
core   0: 3 0x80009304 (0x27138783) x15 0x00000000 mem 0x80010428
core   0: 0x80009308 (0x7773d783) lhu     a5, 1911(t2)
core   0: 3 0x80009308 (0x7773d783) x15 0x00000000 mem 0x8001092e
core   0: 0x8000930c (0x5b438783) lb      a5, 1460(t2)
core   0: 3 0x8000930c (0x5b438783) x15 0x00000000 mem 0x8001076b
core   0: 0x80009310 (0x01ce0cb3) add     s9, t3, t3
core   0: 3 0x80009310 (0x01ce0cb3) x25 0x00000000
core   0: 0x80009314 (0x51138623) sb      a7, 1292(t2)
core   0: 3 0x80009314 (0x51138623) mem 0x800106c3 0x0
core   0: 0x80009318 (0x67339a83) lh      s5, 1651(t2)
core   0: 3 0x80009318 (0x67339a83) x21 0x00000000 mem 0x8001082a
core   0: 0x8000931c (0xef23ce03) lbu     t3, -270(t2)
core   0: 3 0x8000931c (0xef23ce03) x28 0x00000000 mem 0x800100a9
core   0: 0x80009320 (0x0067dc13) srli    s8, a5, 6
core   0: 3 0x80009320 (0x0067dc13) x24 0x00000000
core   0: 0x80009324 (0x035af7b3) remu    a5, s5, s5
core   0: 3 0x80009324 (0x035af7b3) x15 0x00000000
core   0: 0x80009328 (0x197a87b7) lui     a5, 0x197a8
core   0: 3 0x80009328 (0x197a87b7) x15 0x197a8000
core   0: 0x8000932c (0x03c8c7b3) div     a5, a7, t3
core   0: 3 0x8000932c (0x03c8c7b3) x15 0xffffffff
core   0: 0x80009330 (0x0158f7b3) and     a5, a7, s5
core   0: 3 0x80009330 (0x0158f7b3) x15 0x00000000
core   0: 0x80009334 (0xedc38023) sb      t3, -320(t2)
core   0: 3 0x80009334 (0xedc38023) mem 0x80010077 0x0
core   0: 0x80009338 (0x04038883) lb      a7, 64(t2)
core   0: 3 0x80009338 (0x04038883) x17 0x00000000 mem 0x800101f7
core   0: 0x8000933c (0xe237ca93) xori    s5, a5, -477
core   0: 3 0x8000933c (0xe237ca93) x21 0xfffffe23
core   0: 0x80009340 (0x015c4e33) xor     t3, s8, s5
core   0: 3 0x80009340 (0x015c4e33) x28 0xfffffe23
core   0: 0x80009344 (0x19139a83) lh      s5, 401(t2)
core   0: 3 0x80009344 (0x19139a83) x21 0x00000000 mem 0x80010348
core   0: 0x80009348 (0x4903c783) lbu     a5, 1168(t2)
core   0: 3 0x80009348 (0x4903c783) x15 0x00000000 mem 0x80010647
core   0: 0x8000934c (0x08f39ba3) sh      a5, 151(t2)
core   0: 3 0x8000934c (0x08f39ba3) mem 0x8001024e 0x0000
core   0: 0x80009350 (0x19138a23) sb      a7, 404(t2)
core   0: 3 0x80009350 (0x19138a23) mem 0x8001034b 0x0
core   0: 0x80009354 (0x035c1e33) mulh    t3, s8, s5
core   0: 3 0x80009354 (0x035c1e33) x28 0x00000000
core   0: 0x80009358 (0x019af7b3) and     a5, s5, s9
core   0: 3 0x80009358 (0x019af7b3) x15 0x00000000
core   0: 0x8000935c (0x6b538823) sb      s5, 1712(t2)
core   0: 3 0x8000935c (0x6b538823) mem 0x80010867 0x0
core   0: 0x80009360 (0x1b97c793) xori    a5, a5, 441
core   0: 3 0x80009360 (0x1b97c793) x15 0x000001b9
core   0: 0x80009364 (0x00f7ecb3) or      s9, a5, a5
core   0: 3 0x80009364 (0x00f7ecb3) x25 0x000001b9
core   0: 0x80009368 (0x8628ba93) sltiu   s5, a7, -1950
core   0: 3 0x80009368 (0x8628ba93) x21 0x00000001
core   0: 0x8000936c (0xef83c883) lbu     a7, -264(t2)
core   0: 3 0x8000936c (0xef83c883) x17 0x00000000 mem 0x800100af
core   0: 0x80009370 (0x00fcb7b3) sltu    a5, s9, a5
core   0: 3 0x80009370 (0x00fcb7b3) x15 0x00000000
core   0: 0x80009374 (0x2b938c23) sb      s9, 696(t2)
core   0: 3 0x80009374 (0x2b938c23) mem 0x8001046f 0xb9
core   0: 0x80009378 (0x4c33cc03) lbu     s8, 1219(t2)
core   0: 3 0x80009378 (0x4c33cc03) x24 0x00000000 mem 0x8001067a
core   0: 0x8000937c (0x2e538a83) lb      s5, 741(t2)
core   0: 3 0x8000937c (0x2e538a83) x21 0x00000000 mem 0x8001049c
core   0: 0x80009380 (0x0157de33) srl     t3, a5, s5
core   0: 3 0x80009380 (0x0157de33) x28 0x00000000
core   0: 0x80009384 (0x7823c783) lbu     a5, 1922(t2)
core   0: 3 0x80009384 (0x7823c783) x15 0x00000000 mem 0x80010939
core   0: 0x80009388 (0x010e1793) slli    a5, t3, 16
core   0: 3 0x80009388 (0x010e1793) x15 0x00000000
core   0: 0x8000938c (0x01c7b7b3) sltu    a5, a5, t3
core   0: 3 0x8000938c (0x01c7b7b3) x15 0x00000000
core   0: 0x80009390 (0x61739783) lh      a5, 1559(t2)
core   0: 3 0x80009390 (0x61739783) x15 0x00000000 mem 0x800107ce
core   0: 0x80009394 (0x0187ee33) or      t3, a5, s8
core   0: 3 0x80009394 (0x0187ee33) x28 0x00000000
core   0: 0x80009398 (0x0317acb3) mulhsu  s9, a5, a7
core   0: 3 0x80009398 (0x0317acb3) x25 0x00000000
core   0: 0x8000939c (0x09b137b7) lui     a5, 0x9b13
core   0: 3 0x8000939c (0x09b137b7) x15 0x09b13000
core   0: 0x800093a0 (0x5d938423) sb      s9, 1480(t2)
core   0: 3 0x800093a0 (0x5d938423) mem 0x8001077f 0x0
core   0: 0x800093a4 (0x2ef393a3) sh      a5, 743(t2)
core   0: 3 0x800093a4 (0x2ef393a3) mem 0x8001049e 0x3000
core   0: 0x800093a8 (0x018c7e33) and     t3, s8, s8
core   0: 3 0x800093a8 (0x018c7e33) x28 0x00000000
core   0: 0x800093ac (0x015a87b3) add     a5, s5, s5
core   0: 3 0x800093ac (0x015a87b3) x15 0x00000000
core   0: 0x800093b0 (0x0387cc33) div     s8, a5, s8
core   0: 3 0x800093b0 (0x0387cc33) x24 0xffffffff
core   0: 0x800093b4 (0x038ad7b3) divu    a5, s5, s8
core   0: 3 0x800093b4 (0x038ad7b3) x15 0x00000000
core   0: 0x800093b8 (0x0157c7b3) xor     a5, a5, s5
core   0: 3 0x800093b8 (0x0157c7b3) x15 0x00000000
core   0: 0x800093bc (0x01179e13) slli    t3, a5, 17
core   0: 3 0x800093bc (0x01179e13) x28 0x00000000
core   0: 0x800093c0 (0xeab3d883) lhu     a7, -341(t2)
core   0: 3 0x800093c0 (0xeab3d883) x17 0x00000000 mem 0x80010062
core   0: 0x800093c4 (0x0000cf17) auipc   t5, 0xc
core   0: 3 0x800093c4 (0x0000cf17) x30 0x800153c4
core   0: 0x800093c8 (0x05cf0f13) addi    t5, t5, 92
core   0: 3 0x800093c8 (0x05cf0f13) x30 0x80015420
core   0: 0x800093cc (0x005f06a3) sb      t0, 13(t5)
core   0: 3 0x800093cc (0x005f06a3) mem 0x8001542d 0xd4
core   0: 0x800093d0 (0x02af0fa3) sb      a0, 63(t5)
core   0: 3 0x800093d0 (0x02af0fa3) mem 0x8001545f 0xff
core   0: 0x800093d4 (0xff6f0523) sb      s6, -22(t5)
core   0: 3 0x800093d4 (0xff6f0523) mem 0x8001540a 0x64
core   0: 0x800093d8 (0x40b953b3) sra     t2, s2, a1
core   0: 3 0x800093d8 (0x40b953b3) x 7 0x00000000
core   0: 0x800093dc (0xfe6f1523) sh      t1, -22(t5)
core   0: 3 0x800093dc (0xfe6f1523) mem 0x8001540a 0x92cc
core   0: 0x800093e0 (0xfeaf4783) lbu     a5, -22(t5)
core   0: 3 0x800093e0 (0xfeaf4783) x15 0x000000cc mem 0x8001540a
core   0: 0x800093e4 (0xc4df0413) addi    s0, t5, -947
core   0: 3 0x800093e4 (0xc4df0413) x 8 0x8001506d
core   0: 0x800093e8 (0xfeaf0283) lb      t0, -22(t5)
core   0: 3 0x800093e8 (0xfeaf0283) x 5 0xffffffcc mem 0x8001540a
core   0: 0x800093ec (0xffdf1423) sh      t4, -24(t5)
core   0: 3 0x800093ec (0xffdf1423) mem 0x80015408 0x8000
core   0: 0x800093f0 (0x992f6593) ori     a1, t5, -1646
core   0: 3 0x800093f0 (0x992f6593) x11 0xfffffdb2
core   0: 0x800093f4 (0xfe8f5b83) lhu     s7, -24(t5)
core   0: 3 0x800093f4 (0xfe8f5b83) x23 0x00008000 mem 0x80015408
core   0: 0x800093f8 (0xb2a74413) xori    s0, a4, -1238
core   0: 3 0x800093f8 (0xb2a74413) x 8 0x0000076f
core   0: 0x800093fc (0xfebf0423) sb      a1, -24(t5)
core   0: 3 0x800093fc (0xfebf0423) mem 0x80015408 0xb2
core   0: 0x80009400 (0xfcff02a3) sb      a5, -59(t5)
core   0: 3 0x80009400 (0xfcff02a3) mem 0x800153e5 0xcc
core   0: 0x80009404 (0xff0f0503) lb      a0, -16(t5)
core   0: 3 0x80009404 (0xff0f0503) x10 0x00000000 mem 0x80015410
core   0: 0x80009408 (0x01321913) slli    s2, tp, 19
core   0: 3 0x80009408 (0x01321913) x18 0x96000000
core   0: 0x8000940c (0x035f1123) sh      s5, 34(t5)
core   0: 3 0x8000940c (0x035f1123) mem 0x80015442 0x0000
core   0: 0x80009410 (0x00000013) nop
core   0: 3 0x80009410 (0x00000013)
core   0: 0x80009414 (0x01f68333) add     t1, a3, t6
core   0: 3 0x80009414 (0x01f68333) x 6 0x0002f0f0
core   0: 0x80009418 (0x022f1583) lh      a1, 34(t5)
core   0: 3 0x80009418 (0x022f1583) x11 0x00000000 mem 0x80015442
core   0: 0x8000941c (0x034f0123) sb      s4, 34(t5)
core   0: 3 0x8000941c (0x034f0123) mem 0x80015442 0xfa
core   0: 0x80009420 (0x037f0423) sb      s7, 40(t5)
core   0: 3 0x80009420 (0x037f0423) mem 0x80015448 0x0
core   0: 0x80009424 (0x028f1983) lh      s3, 40(t5)
core   0: 3 0x80009424 (0x028f1983) x19 0x00000000 mem 0x80015448
core   0: 0x80009428 (0x016f0ba3) sb      s6, 23(t5)
core   0: 3 0x80009428 (0x016f0ba3) mem 0x80015437 0x64
core   0: 0x8000942c (0x00007d97) auipc   s11, 0x7
core   0: 3 0x8000942c (0x00007d97) x27 0x8001042c
core   0: 0x80009430 (0xf50d8d93) addi    s11, s11, -176
core   0: 3 0x80009430 (0xf50d8d93) x27 0x8001037c
core   0: 0x80009434 (0x00687833) and     a6, a6, t1
core   0: 3 0x80009434 (0x00687833) x16 0x00000000
core   0: 0x80009438 (0x417bd813) srai    a6, s7, 23
core   0: 3 0x80009438 (0x417bd813) x16 0x00000000
core   0: 0x8000943c (0xf6bd8283) lb      t0, -149(s11)
core   0: 3 0x8000943c (0xf6bd8283) x 5 0x00000000 mem 0x800102e7
core   0: 0x80009440 (0x0075a833) slt     a6, a1, t2
core   0: 3 0x80009440 (0x0075a833) x16 0x00000000
core   0: 0x80009444 (0x030b95b3) mulh    a1, s7, a6
core   0: 3 0x80009444 (0x030b95b3) x11 0x00000000
core   0: 0x80009448 (0x96598297) auipc   t0, 0x96598
core   0: 3 0x80009448 (0x96598297) x 5 0x165a1448
core   0: 0x8000944c (0xec85b593) sltiu   a1, a1, -312
core   0: 3 0x8000944c (0xec85b593) x11 0x00000001
core   0: 0x80009450 (0xf23dc303) lbu     t1, -221(s11)
core   0: 3 0x80009450 (0xf23dc303) x 6 0x00000000 mem 0x8001029f
core   0: 0x80009454 (0xfbfd8583) lb      a1, -65(s11)
core   0: 3 0x80009454 (0xfbfd8583) x11 0x00000000 mem 0x8001033b
core   0: 0x80009458 (0xf89dc803) lbu     a6, -119(s11)
core   0: 3 0x80009458 (0xf89dc803) x16 0x00000000 mem 0x80010305
core   0: 0x8000945c (0x01485813) srli    a6, a6, 20
core   0: 3 0x8000945c (0x01485813) x16 0x00000000
core   0: 0x80009460 (0x00b82833) slt     a6, a6, a1
core   0: 3 0x80009460 (0x00b82833) x16 0x00000000
core   0: 0x80009464 (0x0175cbb3) xor     s7, a1, s7
core   0: 3 0x80009464 (0x0175cbb3) x23 0x00008000
core   0: 0x80009468 (0x06ed9b83) lh      s7, 110(s11)
core   0: 3 0x80009468 (0x06ed9b83) x23 0x00000000 mem 0x800103ea
core   0: 0x8000946c (0x0075f3b3) and     t2, a1, t2
core   0: 3 0x8000946c (0x0075f3b3) x 7 0x00000000
core   0: 0x80009470 (0xfb7da423) sw      s7, -88(s11)
core   0: 3 0x80009470 (0xfb7da423) mem 0x80010324 0x00000000
core   0: 0x80009474 (0x073dc383) lbu     t2, 115(s11)
core   0: 3 0x80009474 (0x073dc383) x 7 0x00000000 mem 0x800103ef
core   0: 0x80009478 (0x01085833) srl     a6, a6, a6
core   0: 3 0x80009478 (0x01085833) x16 0x00000000
core   0: 0x8000947c (0x047d8c23) sb      t2, 88(s11)
core   0: 3 0x8000947c (0x047d8c23) mem 0x800103d4 0x0
core   0: 0x80009480 (0x05fdcb83) lbu     s7, 95(s11)
core   0: 3 0x80009480 (0x05fdcb83) x23 0x00000000 mem 0x800103db
core   0: 0x80009484 (0x0ebd8fa3) sb      a1, 255(s11)
core   0: 3 0x80009484 (0x0ebd8fa3) mem 0x8001047b 0x0
core   0: 0x80009488 (0x00000013) nop
core   0: 3 0x80009488 (0x00000013)
core   0: 0x8000948c (0x0052c2b3) xor     t0, t0, t0
core   0: 3 0x8000948c (0x0052c2b3) x 5 0x00000000
core   0: 0x80009490 (0x01bd8283) lb      t0, 27(s11)
core   0: 3 0x80009490 (0x01bd8283) x 5 0x00000000 mem 0x80010397
core   0: 0x80009494 (0xcc258813) addi    a6, a1, -830
core   0: 3 0x80009494 (0xcc258813) x16 0xfffffcc2
core   0: 0x80009498 (0x02dd8b83) lb      s7, 45(s11)
core   0: 3 0x80009498 (0x02dd8b83) x23 0x00000000 mem 0x800103a9
core   0: 0x8000949c (0x0a8d9803) lh      a6, 168(s11)
core   0: 3 0x8000949c (0x0a8d9803) x16 0x00000000 mem 0x80010424
core   0: 0x800094a0 (0x0175c5b3) xor     a1, a1, s7
core   0: 3 0x800094a0 (0x0175c5b3) x11 0x00000000
core   0: 0x800094a4 (0x05ddc803) lbu     a6, 93(s11)
core   0: 3 0x800094a4 (0x05ddc803) x16 0x00000000 mem 0x800103d9
core   0: 0x800094a8 (0x0eddc303) lbu     t1, 237(s11)
core   0: 3 0x800094a8 (0x0eddc303) x 6 0x00000000 mem 0x80010469
core   0: 0x800094ac (0xf51dc303) lbu     t1, -175(s11)
core   0: 3 0x800094ac (0xf51dc303) x 6 0x00000000 mem 0x800102cd
core   0: 0x800094b0 (0x065d8fa3) sb      t0, 127(s11)
core   0: 3 0x800094b0 (0x065d8fa3) mem 0x800103fb 0x0
core   0: 0x800094b4 (0x007852b3) srl     t0, a6, t2
core   0: 3 0x800094b4 (0x007852b3) x 5 0x00000000
core   0: 0x800094b8 (0x0373c333) div     t1, t2, s7
core   0: 3 0x800094b8 (0x0373c333) x 6 0xffffffff
core   0: 0x800094bc (0x02b83333) mulhu   t1, a6, a1
core   0: 3 0x800094bc (0x02b83333) x 6 0x00000000
core   0: 0x800094c0 (0x535ab3b7) lui     t2, 0x535ab
core   0: 3 0x800094c0 (0x535ab3b7) x 7 0x535ab000
core   0: 0x800094c4 (0x036dcb83) lbu     s7, 54(s11)
core   0: 3 0x800094c4 (0x036dcb83) x23 0x00000000 mem 0x800103b2
core   0: 0x800094c8 (0xfb6d8583) lb      a1, -74(s11)
core   0: 3 0x800094c8 (0xfb6d8583) x11 0x00000000 mem 0x80010332
core   0: 0x800094cc (0x02b59bb3) mulh    s7, a1, a1
core   0: 3 0x800094cc (0x02b59bb3) x23 0x00000000
core   0: 0x800094d0 (0xf21dc803) lbu     a6, -223(s11)
core   0: 3 0x800094d0 (0xf21dc803) x16 0x00000000 mem 0x8001029d
core   0: 0x800094d4 (0x010825b3) slt     a1, a6, a6
core   0: 3 0x800094d4 (0x010825b3) x11 0x00000000
core   0: 0x800094d8 (0x026365b3) rem     a1, t1, t1
core   0: 3 0x800094d8 (0x026365b3) x11 0x00000000
core   0: 0x800094dc (0x010303b3) add     t2, t1, a6
core   0: 3 0x800094dc (0x010303b3) x 7 0x00000000
core   0: 0x800094e0 (0xf6edcb83) lbu     s7, -146(s11)
core   0: 3 0x800094e0 (0xf6edcb83) x23 0x00000000 mem 0x800102ea
core   0: 0x800094e4 (0x02782833) mulhsu  a6, a6, t2
core   0: 3 0x800094e4 (0x02782833) x16 0x00000000
core   0: 0x800094e8 (0x04bd8723) sb      a1, 78(s11)
core   0: 3 0x800094e8 (0x04bd8723) mem 0x800103ca 0x0
core   0: 0x800094ec (0x067dc303) lbu     t1, 103(s11)
core   0: 3 0x800094ec (0x067dc303) x 6 0x00000000 mem 0x800103e3
core   0: 0x800094f0 (0xfc4d8303) lb      t1, -60(s11)
core   0: 3 0x800094f0 (0xfc4d8303) x 6 0x00000000 mem 0x80010340
core   0: 0x800094f4 (0x40628833) sub     a6, t0, t1
core   0: 3 0x800094f4 (0x40628833) x16 0x00000000
core   0: 0x800094f8 (0x007842b3) xor     t0, a6, t2
core   0: 3 0x800094f8 (0x007842b3) x 5 0x00000000
core   0: 0x800094fc (0x0065a833) slt     a6, a1, t1
core   0: 3 0x800094fc (0x0065a833) x16 0x00000000
core   0: 0x80009500 (0x0cddc803) lbu     a6, 205(s11)
core   0: 3 0x80009500 (0x0cddc803) x16 0x00000000 mem 0x80010449
core   0: 0x80009504 (0x0d0d80a3) sb      a6, 193(s11)
core   0: 3 0x80009504 (0x0d0d80a3) mem 0x8001043d 0x0
core   0: 0x80009508 (0x66636813) ori     a6, t1, 1638
core   0: 3 0x80009508 (0x66636813) x16 0x00000666
core   0: 0x8000950c (0x0f0d82a3) sb      a6, 229(s11)
core   0: 3 0x8000950c (0x0f0d82a3) mem 0x80010461 0x66
core   0: 0x80009510 (0x0eddc803) lbu     a6, 237(s11)
core   0: 3 0x80009510 (0x0eddc803) x16 0x00000000 mem 0x80010469
core   0: 0x80009514 (0xfd8d9803) lh      a6, -40(s11)
core   0: 3 0x80009514 (0xfd8d9803) x16 0x00000000 mem 0x80010354
core   0: 0x80009518 (0x00008d97) auipc   s11, 0x8
core   0: 3 0x80009518 (0x00008d97) x27 0x80011518
core   0: 0x8000951c (0xa1ad8d93) addi    s11, s11, -1510
core   0: 3 0x8000951c (0xa1ad8d93) x27 0x80010f32
core   0: 0x80009520 (0xfcadc783) lbu     a5, -54(s11)
core   0: 3 0x80009520 (0xfcadc783) x15 0x00000000 mem 0x80010efc
core   0: 0x80009524 (0x028677b3) remu    a5, a2, s0
core   0: 3 0x80009524 (0x028677b3) x15 0x00000000
core   0: 0x80009528 (0x40f300b3) sub     ra, t1, a5
core   0: 3 0x80009528 (0x40f300b3) x 1 0x00000000
core   0: 0x8000952c (0x0280b333) mulhu   t1, ra, s0
core   0: 3 0x8000952c (0x0280b333) x 6 0x00000000
core   0: 0x80009530 (0x01e08633) add     a2, ra, t5
core   0: 3 0x80009530 (0x01e08633) x12 0x80015420
core   0: 0x80009534 (0x026d9783) lh      a5, 38(s11)
core   0: 3 0x80009534 (0x026d9783) x15 0x00000000 mem 0x80010f58
core   0: 0x80009538 (0x001dc303) lbu     t1, 1(s11)
core   0: 3 0x80009538 (0x001dc303) x 6 0x00000000 mem 0x80010f33
core   0: 0x8000953c (0xfccddf03) lhu     t5, -52(s11)
core   0: 3 0x8000953c (0xfccddf03) x30 0x00000000 mem 0x80010efe
core   0: 0x80009540 (0xfc1d88a3) sb      ra, -47(s11)
core   0: 3 0x80009540 (0xfc1d88a3) mem 0x80010f03 0x0
core   0: 0x80009544 (0x028f6f33) rem     t5, t5, s0
core   0: 3 0x80009544 (0x028f6f33) x30 0x00000000
core   0: 0x80009548 (0xfe6d9f03) lh      t5, -26(s11)
core   0: 3 0x80009548 (0xfe6d9f03) x30 0x00000000 mem 0x80010f18
core   0: 0x8000954c (0x03fdc603) lbu     a2, 63(s11)
core   0: 3 0x8000954c (0x03fdc603) x12 0x00000000 mem 0x80010f71
core   0: 0x80009550 (0x00cf1333) sll     t1, t5, a2
core   0: 3 0x80009550 (0x00cf1333) x 6 0x00000000
core   0: 0x80009554 (0x41bf5f13) srai    t5, t5, 27
core   0: 3 0x80009554 (0x41bf5f13) x30 0x00000000
core   0: 0x80009558 (0x018dd083) lhu     ra, 24(s11)
core   0: 3 0x80009558 (0x018dd083) x 1 0x00000000 mem 0x80010f4a
core   0: 0x8000955c (0xff7d8f03) lb      t5, -9(s11)
core   0: 3 0x8000955c (0xff7d8f03) x30 0x00000000 mem 0x80010f29
core   0: 0x80009560 (0x01fd8303) lb      t1, 31(s11)
core   0: 3 0x80009560 (0x01fd8303) x 6 0x00000000 mem 0x80010f51
core   0: 0x80009564 (0x5a242093) slti    ra, s0, 1442
core   0: 3 0x80009564 (0x5a242093) x 1 0x00000000
core   0: 0x80009568 (0xfdada403) lw      s0, -38(s11)
core   0: 3 0x80009568 (0xfdada403) x 8 0x00000000 mem 0x80010f0c
core   0: 0x8000956c (0xfded9603) lh      a2, -34(s11)
core   0: 3 0x8000956c (0xfded9603) x12 0x00000000 mem 0x80010f10
core   0: 0x80009570 (0x01ed86a3) sb      t5, 13(s11)
core   0: 3 0x80009570 (0x01ed86a3) mem 0x80010f3f 0x0
core   0: 0x80009574 (0xfd1d8f03) lb      t5, -47(s11)
core   0: 3 0x80009574 (0xfd1d8f03) x30 0x00000000 mem 0x80010f03
core   0: 0x80009578 (0x02edd083) lhu     ra, 46(s11)
core   0: 3 0x80009578 (0x02edd083) x 1 0x00000000 mem 0x80010f60
core   0: 0x8000957c (0x02ddc083) lbu     ra, 45(s11)
core   0: 3 0x8000957c (0x02ddc083) x 1 0x00000000 mem 0x80010f5f
core   0: 0x80009580 (0x02cd8f03) lb      t5, 44(s11)
core   0: 3 0x80009580 (0x02cd8f03) x30 0x00000000 mem 0x80010f5e
core   0: 0x80009584 (0x02fdc083) lbu     ra, 47(s11)
core   0: 3 0x80009584 (0x02fdc083) x 1 0x00000000 mem 0x80010f61
core   0: 0x80009588 (0xffed8403) lb      s0, -2(s11)
core   0: 3 0x80009588 (0xffed8403) x 8 0x00000000 mem 0x80010f30
core   0: 0x8000958c (0x028d89a3) sb      s0, 51(s11)
core   0: 3 0x8000958c (0x028d89a3) mem 0x80010f65 0x0
core   0: 0x80009590 (0x026dcf03) lbu     t5, 38(s11)
core   0: 3 0x80009590 (0x026dcf03) x30 0x00000000 mem 0x80010f58
core   0: 0x80009594 (0xfebd8083) lb      ra, -21(s11)
core   0: 3 0x80009594 (0xfebd8083) x 1 0x00000000 mem 0x80010f1d
core   0: 0x80009598 (0xfc5d8083) lb      ra, -59(s11)
core   0: 3 0x80009598 (0xfc5d8083) x 1 0x00000000 mem 0x80010ef7
core   0: 0x8000959c (0x028307b3) mul     a5, t1, s0
core   0: 3 0x8000959c (0x028307b3) x15 0x00000000
core   0: 0x800095a0 (0x4087d0b3) sra     ra, a5, s0
core   0: 3 0x800095a0 (0x4087d0b3) x 1 0x00000000
core   0: 0x800095a4 (0x01e0c333) xor     t1, ra, t5
core   0: 3 0x800095a4 (0x01e0c333) x 6 0x00000000
core   0: 0x800095a8 (0x028d8ba3) sb      s0, 55(s11)
core   0: 3 0x800095a8 (0x028d8ba3) mem 0x80010f69 0x0
core   0: 0x800095ac (0xcf397337) lui     t1, 0xcf397
core   0: 3 0x800095ac (0xcf397337) x 6 0xcf397000
core   0: 0x800095b0 (0xff8d8783) lb      a5, -8(s11)
core   0: 3 0x800095b0 (0xff8d8783) x15 0x00000000 mem 0x80010f2a
core   0: 0x800095b4 (0xfe6d8f03) lb      t5, -26(s11)
core   0: 3 0x800095b4 (0xfe6d8f03) x30 0x00000000 mem 0x80010f18
core   0: 0x800095b8 (0x001d89a3) sb      ra, 19(s11)
core   0: 3 0x800095b8 (0x001d89a3) mem 0x80010f45 0x0
core   0: 0x800095bc (0x40d45093) srai    ra, s0, 13
core   0: 3 0x800095bc (0x40d45093) x 1 0x00000000
core   0: 0x800095c0 (0xfc6d8ea3) sb      t1, -35(s11)
core   0: 3 0x800095c0 (0xfc6d8ea3) mem 0x80010f0f 0x0
core   0: 0x800095c4 (0xffe00093) li      ra, -2
core   0: 3 0x800095c4 (0xffe00093) x 1 0xfffffffe
core   0: 0x800095c8 (0x1860fa97) auipc   s5, 0x1860f
core   0: 3 0x800095c8 (0x1860fa97) x21 0x986185c8
core   0: 0x800095cc (0xa480f293) andi    t0, ra, -1464
core   0: 3 0x800095cc (0xa480f293) x 5 0xfffffa48
core   0: 0x800095d0 (0x017b8933) add     s2, s7, s7
core   0: 3 0x800095d0 (0x017b8933) x18 0x00000000
core   0: 0x800095d4 (0x0200a9b3) mulhsu  s3, ra, zero
core   0: 3 0x800095d4 (0x0200a9b3) x19 0x00000000
core   0: 0x800095d8 (0x00ae3b33) sltu    s6, t3, a0
core   0: 3 0x800095d8 (0x00ae3b33) x22 0x00000000
core   0: 0x800095dc (0x01b95433) srl     s0, s2, s11
core   0: 3 0x800095dc (0x01b95433) x 8 0x00000000
core   0: 0x800095e0 (0x00004ab3) xor     s5, zero, zero
core   0: 3 0x800095e0 (0x00004ab3) x21 0x00000000
core   0: 0x800095e4 (0x00c4da93) srli    s5, s1, 12
core   0: 3 0x800095e4 (0x00c4da93) x21 0x00080029
core   0: 0x800095e8 (0x03e13833) mulhu   a6, sp, t5
core   0: 3 0x800095e8 (0x03e13833) x16 0x00000000
core   0: 0x800095ec (0x00200793) li      a5, 2
core   0: 3 0x800095ec (0x00200793) x15 0x00000002
core   0: 0x800095f0 (0x036b41b3) div     gp, s6, s6
core   0: 3 0x800095f0 (0x036b41b3) x 3 0xffffffff
core   0: 0x800095f4 (0x00ffea33) or      s4, t6, a5
core   0: 3 0x800095f4 (0x00ffea33) x20 0x80025e3a
core   0: 0x800095f8 (0x03bcba33) mulhu   s4, s9, s11
core   0: 3 0x800095f8 (0x03bcba33) x20 0x00000000
core   0: 0x800095fc (0x40bc86b3) sub     a3, s9, a1
core   0: 3 0x800095fc (0x40bc86b3) x13 0x00000000
core   0: 0x80009600 (0x00408093) addi    ra, ra, 4
core   0: 3 0x80009600 (0x00408093) x 1 0x00000002
core   0: 0x80009604 (0x03d642b3) div     t0, a2, t4
core   0: 3 0x80009604 (0x03d642b3) x 5 0x00000000
core   0: 0x80009608 (0x03cb6933) rem     s2, s6, t3
core   0: 3 0x80009608 (0x03cb6933) x18 0x00000000
core   0: 0x8000960c (0x01ead833) srl     a6, s5, t5
core   0: 3 0x8000960c (0x01ead833) x16 0x00080029
core   0: 0x80009610 (0xfef0e4e3) bltu    ra, a5, pc - 24
core   0: 3 0x80009610 (0xfef0e4e3)
core   0: 0x80009614 (0x01c136b3) sltu    a3, sp, t3
core   0: 3 0x80009614 (0x01c136b3) x13 0x00000000
core   0: 0x80009618 (0x00007a17) auipc   s4, 0x7
core   0: 3 0x80009618 (0x00007a17) x20 0x80010618
core   0: 0x8000961c (0xeb8a0a13) addi    s4, s4, -328
core   0: 3 0x8000961c (0xeb8a0a13) x20 0x800104d0
core   0: 0x80009620 (0x397a0623) sb      s7, 908(s4)
core   0: 3 0x80009620 (0x397a0623) mem 0x8001085c 0x0
core   0: 0x80009624 (0x38ca5203) lhu     tp, 908(s4)
core   0: 3 0x80009624 (0x38ca5203) x 4 0x00000000 mem 0x8001085c
core   0: 0x80009628 (0x378a0923) sb      s8, 882(s4)
core   0: 3 0x80009628 (0x378a0923) mem 0x80010842 0xff
core   0: 0x8000962c (0x51aa0403) lb      s0, 1306(s4)
core   0: 3 0x8000962c (0x51aa0403) x 8 0x00000000 mem 0x800109ea
core   0: 0x80009630 (0x4063d993) srai    s3, t2, 6
core   0: 3 0x80009630 (0x4063d993) x19 0x00000000
core   0: 0x80009634 (0x51aa5003) lhu     zero, 1306(s4)
core   0: 3 0x80009634 (0x51aa5003) mem 0x800109ea
core   0: 0x80009638 (0x50da0d23) sb      a3, 1306(s4)
core   0: 3 0x80009638 (0x50da0d23) mem 0x800109ea 0x0
core   0: 0x8000963c (0x03e638b3) mulhu   a7, a2, t5
core   0: 3 0x8000963c (0x03e638b3) x17 0x00000000
core   0: 0x80009640 (0xd13a0203) lb      tp, -749(s4)
core   0: 3 0x80009640 (0xd13a0203) x 4 0x00000000 mem 0x800101e3
core   0: 0x80009644 (0xb92a1c83) lh      s9, -1134(s4)
core   0: 3 0x80009644 (0xb92a1c83) x25 0x00000000 mem 0x80010062
core   0: 0x80009648 (0xbeea2c23) sw      a4, -1032(s4)
core   0: 3 0x80009648 (0xbeea2c23) mem 0x800100c8 0xfffffc45
core   0: 0x8000964c (0xbf8a5b03) lhu     s6, -1032(s4)
core   0: 3 0x8000964c (0xbf8a5b03) x22 0x0000fc45 mem 0x800100c8
core   0: 0x80009650 (0x00011917) auipc   s2, 0x11
core   0: 3 0x80009650 (0x00011917) x18 0x8001a650
core   0: 0x80009654 (0xc1e90913) addi    s2, s2, -994
core   0: 3 0x80009654 (0xc1e90913) x18 0x8001a26e
core   0: 0x80009658 (0xfe890223) sb      s0, -28(s2)
core   0: 3 0x80009658 (0xfe890223) mem 0x8001a252 0x0
core   0: 0x8000965c (0x014407b3) add     a5, s0, s4
core   0: 3 0x8000965c (0x014407b3) x15 0x800104d0
core   0: 0x80009660 (0x03990783) lb      a5, 57(s2)
core   0: 3 0x80009660 (0x03990783) x15 0x00000000 mem 0x8001a2a7
core   0: 0x80009664 (0xfd190a83) lb      s5, -47(s2)
core   0: 3 0x80009664 (0xfd190a83) x21 0x00000000 mem 0x8001a23f
core   0: 0x80009668 (0x02790783) lb      a5, 39(s2)
core   0: 3 0x80009668 (0x02790783) x15 0x00000000 mem 0x8001a295
core   0: 0x8000966c (0x019ad793) srli    a5, s5, 25
core   0: 3 0x8000966c (0x019ad793) x15 0x00000000
core   0: 0x80009670 (0x4167da13) srai    s4, a5, 22
core   0: 3 0x80009670 (0x4167da13) x20 0x00000000
core   0: 0x80009674 (0xa83ab513) sltiu   a0, s5, -1405
core   0: 3 0x80009674 (0xa83ab513) x10 0x00000001
core   0: 0x80009678 (0x014aeab3) or      s5, s5, s4
core   0: 3 0x80009678 (0x014aeab3) x21 0x00000000
core   0: 0x8000967c (0x03394783) lbu     a5, 51(s2)
core   0: 3 0x8000967c (0x03394783) x15 0x00000000 mem 0x8001a2a1
core   0: 0x80009680 (0x02a7ca33) div     s4, a5, a0
core   0: 3 0x80009680 (0x02a7ca33) x20 0x00000000
core   0: 0x80009684 (0x03994783) lbu     a5, 57(s2)
core   0: 3 0x80009684 (0x03994783) x15 0x00000000 mem 0x8001a2a7
core   0: 0x80009688 (0x034417b3) mulh    a5, s0, s4
core   0: 3 0x80009688 (0x034417b3) x15 0x00000000
core   0: 0x8000968c (0x01579a13) slli    s4, a5, 21
core   0: 3 0x8000968c (0x01579a13) x20 0x00000000
core   0: 0x80009690 (0xfc490a83) lb      s5, -60(s2)
core   0: 3 0x80009690 (0xfc490a83) x21 0x00000000 mem 0x8001a232
core   0: 0x80009694 (0x03b94a83) lbu     s5, 59(s2)
core   0: 3 0x80009694 (0x03b94a83) x21 0x00000000 mem 0x8001a2a9
core   0: 0x80009698 (0x01b94803) lbu     a6, 27(s2)
core   0: 3 0x80009698 (0x01b94803) x16 0x00000000 mem 0x8001a289
core   0: 0x8000969c (0xfdf90a03) lb      s4, -33(s2)
core   0: 3 0x8000969c (0xfdf90a03) x20 0x00000000 mem 0x8001a24d
core   0: 0x800096a0 (0x01090623) sb      a6, 12(s2)
core   0: 3 0x800096a0 (0x01090623) mem 0x8001a27a 0x0
core   0: 0x800096a4 (0x01590a23) sb      s5, 20(s2)
core   0: 3 0x800096a4 (0x01590a23) mem 0x8001a282 0x0
core   0: 0x800096a8 (0x02f900a3) sb      a5, 33(s2)
core   0: 3 0x800096a8 (0x02f900a3) mem 0x8001a28f 0x0
core   0: 0x800096ac (0xfd690403) lb      s0, -42(s2)
core   0: 3 0x800096ac (0xfd690403) x 8 0x00000000 mem 0x8001a244
core   0: 0x800096b0 (0x02a7eab3) rem     s5, a5, a0
core   0: 3 0x800096b0 (0x02a7eab3) x21 0x00000000
core   0: 0x800096b4 (0x01aa1793) slli    a5, s4, 26
core   0: 3 0x800096b4 (0x01aa1793) x15 0x00000000
core   0: 0x800096b8 (0x03582a33) mulhsu  s4, a6, s5
core   0: 3 0x800096b8 (0x03582a33) x20 0x00000000
core   0: 0x800096bc (0x01794a83) lbu     s5, 23(s2)
core   0: 3 0x800096bc (0x01794a83) x21 0x00000000 mem 0x8001a285
core   0: 0x800096c0 (0xd7aa3413) sltiu   s0, s4, -646
core   0: 3 0x800096c0 (0xd7aa3413) x 8 0x00000001
core   0: 0x800096c4 (0x03494a83) lbu     s5, 52(s2)
core   0: 3 0x800096c4 (0x03494a83) x21 0x00000000 mem 0x8001a2a2
core   0: 0x800096c8 (0xff291403) lh      s0, -14(s2)
core   0: 3 0x800096c8 (0xff291403) x 8 0x00000000 mem 0x8001a260
core   0: 0x800096cc (0xfc091803) lh      a6, -64(s2)
core   0: 3 0x800096cc (0xfc091803) x16 0x00000000 mem 0x8001a22e
core   0: 0x800096d0 (0x00890ca3) sb      s0, 25(s2)
core   0: 3 0x800096d0 (0x00890ca3) mem 0x8001a287 0x0
core   0: 0x800096d4 (0x00015197) auipc   gp, 0x15
core   0: 3 0x800096d4 (0x00015197) x 3 0x8001e6d4
core   0: 0x800096d8 (0x50f18193) addi    gp, gp, 1295
core   0: 3 0x800096d8 (0x50f18193) x 3 0x8001ebe3
core   0: 0x800096dc (0x7d9fa037) lui     zero, 0x7d9fa
core   0: 3 0x800096dc (0x7d9fa037)
core   0: 0x800096e0 (0x031f2733) mulhsu  a4, t5, a7
core   0: 3 0x800096e0 (0x031f2733) x14 0x00000000
core   0: 0x800096e4 (0x40730db3) sub     s11, t1, t2
core   0: 3 0x800096e4 (0x40730db3) x27 0xcf397000
core   0: 0x800096e8 (0xe5eca893) slti    a7, s9, -418
core   0: 3 0x800096e8 (0xe5eca893) x17 0x00000000
core   0: 0x800096ec (0xe2dfe617) auipc   a2, 0xe2dfe
core   0: 3 0x800096ec (0xe2dfe617) x12 0x62e076ec
core   0: 0x800096f0 (0xfe918b23) sb      s1, -10(gp)
core   0: 3 0x800096f0 (0xfe918b23) mem 0x8001ebd9 0xe4
core   0: 0x800096f4 (0xf4b1c083) lbu     ra, -181(gp)
core   0: 3 0x800096f4 (0xf4b1c083) x 1 0x00000000 mem 0x8001eb2e
core   0: 0x800096f8 (0xfa74b017) auipc   zero, 0xfa74b
core   0: 3 0x800096f8 (0xfa74b017)
core   0: 0x800096fc (0x03f50b33) mul     s6, a0, t6
core   0: 3 0x800096fc (0x03f50b33) x22 0x80025e38
core   0: 0x80009700 (0x03376933) rem     s2, a4, s3
core   0: 3 0x80009700 (0x03376933) x18 0x00000000
core   0: 0x80009704 (0x005fdd93) srli    s11, t6, 5
core   0: 3 0x80009704 (0x005fdd93) x27 0x040012f1
core   0: 0x80009708 (0x0107a3b3) slt     t2, a5, a6
core   0: 3 0x80009708 (0x0107a3b3) x 7 0x00000000
core   0: 0x8000970c (0x00000013) nop
core   0: 3 0x8000970c (0x00000013)
core   0: 0x80009710 (0x03984333) div     t1, a6, s9
core   0: 3 0x80009710 (0x03984333) x 6 0xffffffff
core   0: 0x80009714 (0x03f53bb3) mulhu   s7, a0, t6
core   0: 3 0x80009714 (0x03f53bb3) x23 0x00000000
core   0: 0x80009718 (0x003f7db3) and     s11, t5, gp
core   0: 3 0x80009718 (0x003f7db3) x27 0x00000000
core   0: 0x8000971c (0x02ea0eb3) mul     t4, s4, a4
core   0: 3 0x8000971c (0x02ea0eb3) x29 0x00000000
core   0: 0x80009720 (0xf161c783) lbu     a5, -234(gp)
core   0: 3 0x80009720 (0xf161c783) x15 0x00000000 mem 0x8001eaf9
core   0: 0x80009724 (0xfcab6d93) ori     s11, s6, -54
core   0: 3 0x80009724 (0xfcab6d93) x27 0xfffffffa
core   0: 0x80009728 (0x0d218ea3) sb      s2, 221(gp)
core   0: 3 0x80009728 (0x0d218ea3) mem 0x8001ecc0 0x0
core   0: 0x8000972c (0xf7e18703) lb      a4, -130(gp)
core   0: 3 0x8000972c (0xf7e18703) x14 0x00000000 mem 0x8001eb61
core   0: 0x80009730 (0x032e8c33) mul     s8, t4, s2
core   0: 3 0x80009730 (0x032e8c33) x24 0x00000000
core   0: 0x80009734 (0x00e8bbb3) sltu    s7, a7, a4
core   0: 3 0x80009734 (0x00e8bbb3) x23 0x00000000
core   0: 0x80009738 (0x02d246b3) div     a3, tp, a3
core   0: 3 0x80009738 (0x02d246b3) x13 0xffffffff
core   0: 0x8000973c (0x02b30bb3) mul     s7, t1, a1
core   0: 3 0x8000973c (0x02b30bb3) x23 0x00000000
core   0: 0x80009740 (0x01e79333) sll     t1, a5, t5
core   0: 3 0x80009740 (0x01e79333) x 6 0x00000000
core   0: 0x80009744 (0xf2e18403) lb      s0, -210(gp)
core   0: 3 0x80009744 (0xf2e18403) x 8 0x00000000 mem 0x8001eb11
core   0: 0x80009748 (0xe9ba2b13) slti    s6, s4, -357
core   0: 3 0x80009748 (0xe9ba2b13) x22 0x00000000
core   0: 0x8000974c (0x0f81c083) lbu     ra, 248(gp)
core   0: 3 0x8000974c (0x0f81c083) x 1 0x00000000 mem 0x8001ecdb
core   0: 0x80009750 (0xd7096893) ori     a7, s2, -656
core   0: 3 0x80009750 (0xd7096893) x17 0xfffffd70
core   0: 0x80009754 (0xf8c1c903) lbu     s2, -116(gp)
core   0: 3 0x80009754 (0xf8c1c903) x18 0x00000000 mem 0x8001eb6f
core   0: 0x80009758 (0xad820b17) auipc   s6, 0xad820
core   0: 3 0x80009758 (0xad820b17) x22 0x2d829758
core   0: 0x8000975c (0xf1c18003) lb      zero, -228(gp)
core   0: 3 0x8000975c (0xf1c18003) mem 0x8001eaff
core   0: 0x80009760 (0x01a2c2b3) xor     t0, t0, s10
core   0: 3 0x80009760 (0x01a2c2b3) x 5 0x00000000
core   0: 0x80009764 (0xf5018c03) lb      s8, -176(gp)
core   0: 3 0x80009764 (0xf5018c03) x24 0x00000000 mem 0x8001eb33
core   0: 0x80009768 (0x00007c17) auipc   s8, 0x7
core   0: 3 0x80009768 (0x00007c17) x24 0x80010768
core   0: 0x8000976c (0xb8dc0c13) addi    s8, s8, -1139
core   0: 3 0x8000976c (0xb8dc0c13) x24 0x800102f5
core   0: 0x80009770 (0x003af6b3) and     a3, s5, gp
core   0: 3 0x80009770 (0x003af6b3) x13 0x00000000
core   0: 0x80009774 (0x00b191b3) sll     gp, gp, a1
core   0: 3 0x80009774 (0x00b191b3) x 3 0x8001ebe3
core   0: 0x80009778 (0x02b1e5b3) rem     a1, gp, a1
core   0: 3 0x80009778 (0x02b1e5b3) x11 0x8001ebe3
core   0: 0x8000977c (0x01a196b3) sll     a3, gp, s10
core   0: 3 0x8000977c (0x01a196b3) x13 0x8001ebe3
core   0: 0x80009780 (0xf5dc0683) lb      a3, -163(s8)
core   0: 3 0x80009780 (0xf5dc0683) x13 0x00000000 mem 0x80010252
core   0: 0x80009784 (0x41a1d1b3) sra     gp, gp, s10
core   0: 3 0x80009784 (0x41a1d1b3) x 3 0x8001ebe3
core   0: 0x80009788 (0x03a556b3) divu    a3, a0, s10
core   0: 3 0x80009788 (0x03a556b3) x13 0xffffffff
core   0: 0x8000978c (0x0d6c4683) lbu     a3, 214(s8)
core   0: 3 0x8000978c (0x0d6c4683) x13 0x00000000 mem 0x800103cb
core   0: 0x80009790 (0xc054b517) auipc   a0, 0xc054b
core   0: 3 0x80009790 (0xc054b517) x10 0x40554790
core   0: 0x80009794 (0x41a6d6b3) sra     a3, a3, s10
core   0: 3 0x80009794 (0x41a6d6b3) x13 0x00000000
core   0: 0x80009798 (0xf12c4a83) lbu     s5, -238(s8)
core   0: 3 0x80009798 (0xf12c4a83) x21 0x00000000 mem 0x80010207
core   0: 0x8000979c (0xa9cd0513) addi    a0, s10, -1380
core   0: 3 0x8000979c (0xa9cd0513) x10 0xfffffa9c
core   0: 0x800097a0 (0xf65c4d03) lbu     s10, -155(s8)
core   0: 3 0x800097a0 (0xf65c4d03) x26 0x00000000 mem 0x8001025a
core   0: 0x800097a4 (0x02ac0f23) sb      a0, 62(s8)
core   0: 3 0x800097a4 (0x02ac0f23) mem 0x80010333 0x9c
core   0: 0x800097a8 (0x0f8c0583) lb      a1, 248(s8)
core   0: 3 0x800097a8 (0x0f8c0583) x11 0x00000000 mem 0x800103ed
core   0: 0x800097ac (0x4071da93) srai    s5, gp, 7
core   0: 3 0x800097ac (0x4071da93) x21 0xff0003d7
core   0: 0x800097b0 (0xc44d4d13) xori    s10, s10, -956
core   0: 3 0x800097b0 (0xc44d4d13) x26 0xfffffc44
core   0: 0x800097b4 (0xae225a97) auipc   s5, 0xae225
core   0: 3 0x800097b4 (0xae225a97) x21 0x2e22e7b4
core   0: 0x800097b8 (0x01d51193) slli    gp, a0, 29
core   0: 3 0x800097b8 (0x01d51193) x 3 0x80000000
core   0: 0x800097bc (0x0bcc0d03) lb      s10, 188(s8)
core   0: 3 0x800097bc (0x0bcc0d03) x26 0x00000000 mem 0x800103b1
core   0: 0x800097c0 (0x0ecc0a83) lb      s5, 236(s8)
core   0: 3 0x800097c0 (0x0ecc0a83) x21 0x00000000 mem 0x800103e1
core   0: 0x800097c4 (0x086c0d03) lb      s10, 134(s8)
core   0: 3 0x800097c4 (0x086c0d03) x26 0x00000000 mem 0x8001037b
core   0: 0x800097c8 (0x8f0d0513) addi    a0, s10, -1808
core   0: 3 0x800097c8 (0x8f0d0513) x10 0xfffff8f0
core   0: 0x800097cc (0xfe6c0d03) lb      s10, -26(s8)
core   0: 3 0x800097cc (0xfe6c0d03) x26 0x00000000 mem 0x800102db
core   0: 0x800097d0 (0x03a6f533) remu    a0, a3, s10
core   0: 3 0x800097d0 (0x03a6f533) x10 0x00000000
core   0: 0x800097d4 (0x0dac0823) sb      s10, 208(s8)
core   0: 3 0x800097d4 (0x0dac0823) mem 0x800103c5 0x0
core   0: 0x800097d8 (0x035536b3) mulhu   a3, a0, s5
core   0: 3 0x800097d8 (0x035536b3) x13 0x00000000
core   0: 0x800097dc (0x0235dd33) divu    s10, a1, gp
core   0: 3 0x800097dc (0x0235dd33) x26 0x00000000
core   0: 0x800097e0 (0x02b1a6b3) mulhsu  a3, gp, a1
core   0: 3 0x800097e0 (0x02b1a6b3) x13 0x00000000
core   0: 0x800097e4 (0x87853193) sltiu   gp, a0, -1928
core   0: 3 0x800097e4 (0x87853193) x 3 0x00000001
core   0: 0x800097e8 (0x03cc4a83) lbu     s5, 60(s8)
core   0: 3 0x800097e8 (0x03cc4a83) x21 0x00000000 mem 0x80010331
core   0: 0x800097ec (0xfb1c1683) lh      a3, -79(s8)
core   0: 3 0x800097ec (0xfb1c1683) x13 0x00000000 mem 0x800102a6
core   0: 0x800097f0 (0xf6dc0523) sb      a3, -150(s8)
core   0: 3 0x800097f0 (0xf6dc0523) mem 0x8001025f 0x0
core   0: 0x800097f4 (0x036c4503) lbu     a0, 54(s8)
core   0: 3 0x800097f4 (0x036c4503) x10 0x00000000 mem 0x8001032b
core   0: 0x800097f8 (0xf91c0a83) lb      s5, -111(s8)
core   0: 3 0x800097f8 (0xf91c0a83) x21 0x00000000 mem 0x80010286
core   0: 0x800097fc (0xff900693) li      a3, -7
core   0: 3 0x800097fc (0xff900693) x13 0xfffffff9
core   0: 0x80009800 (0x00588633) add     a2, a7, t0
core   0: 3 0x80009800 (0x00588633) x12 0xfffffd70
core   0: 0x80009804 (0x00700813) li      a6, 7
core   0: 3 0x80009804 (0x00700813) x16 0x00000007
core   0: 0x80009808 (0x02baed33) rem     s10, s5, a1
core   0: 3 0x80009808 (0x02baed33) x26 0x00000000
core   0: 0x8000980c (0x011e5e13) srli    t3, t3, 17
core   0: 3 0x8000980c (0x011e5e13) x28 0x00000000
core   0: 0x80009810 (0x00168693) addi    a3, a3, 1
core   0: 3 0x80009810 (0x00168693) x13 0xfffffffa
core   0: 0x80009814 (0xff06eae3) bltu    a3, a6, pc - 12
core   0: 3 0x80009814 (0xff06eae3)
core   0: 0x80009818 (0x00f439b3) sltu    s3, s0, a5
core   0: 3 0x80009818 (0x00f439b3) x19 0x00000000
core   0: 0x8000981c (0x0000b617) auipc   a2, 0xb
core   0: 3 0x8000981c (0x0000b617) x12 0x8001481c
core   0: 0x80009820 (0x4c660613) addi    a2, a2, 1222
core   0: 3 0x80009820 (0x4c660613) x12 0x80014ce2
core   0: 0x80009824 (0x4dccc413) xori    s0, s9, 1244
core   0: 3 0x80009824 (0x4dccc413) x 8 0x000004dc
core   0: 0x80009828 (0x36b601a3) sb      a1, 867(a2)
core   0: 3 0x80009828 (0x36b601a3) mem 0x80015045 0x0
core   0: 0x8000982c (0x03da1eb3) mulh    t4, s4, t4
core   0: 3 0x8000982c (0x03da1eb3) x29 0x00000000
core   0: 0x80009830 (0xde160503) lb      a0, -543(a2)
core   0: 3 0x80009830 (0xde160503) x10 0x00000000 mem 0x80014ac3
core   0: 0x80009834 (0xe86e85b7) lui     a1, 0xe86e8
core   0: 3 0x80009834 (0xe86e85b7) x11 0xe86e8000
core   0: 0x80009838 (0x1be62403) lw      s0, 446(a2)
core   0: 3 0x80009838 (0x1be62403) x 8 0x00000000 mem 0x80014ea0
core   0: 0x8000983c (0x37d4bd93) sltiu   s11, s1, 893
core   0: 3 0x8000983c (0x37d4bd93) x27 0x00000000
core   0: 0x80009840 (0x5ef64083) lbu     ra, 1519(a2)
core   0: 3 0x80009840 (0x5ef64083) x 1 0x00000000 mem 0x800152d1
core   0: 0x80009844 (0x0065df13) srli    t5, a1, 6
core   0: 3 0x80009844 (0x0065df13) x30 0x03a1ba00
core   0: 0x80009848 (0x002ab8b3) sltu    a7, s5, sp
core   0: 3 0x80009848 (0x002ab8b3) x17 0x00000001
core   0: 0x8000984c (0xd1e61c03) lh      s8, -738(a2)
core   0: 3 0x8000984c (0xd1e61c03) x24 0x00000000 mem 0x80014a00
core   0: 0x80009850 (0x8e6b6e13) ori     t3, s6, -1818
core   0: 3 0x80009850 (0x8e6b6e13) x28 0xfffffffe
core   0: 0x80009854 (0x63e9c297) auipc   t0, 0x63e9c
core   0: 3 0x80009854 (0x63e9c297) x 5 0xe3ea5854
core   0: 0x80009858 (0x63064b83) lbu     s7, 1584(a2)
core   0: 3 0x80009858 (0x63064b83) x23 0x00000000 mem 0x80015312
core   0: 0x8000985c (0x00000013) nop
core   0: 3 0x8000985c (0x00000013)
core   0: 0x80009860 (0x40fed293) srai    t0, t4, 15
core   0: 3 0x80009860 (0x40fed293) x 5 0x00000000
core   0: 0x80009864 (0xa2b64983) lbu     s3, -1493(a2)
core   0: 3 0x80009864 (0xa2b64983) x19 0x00000000 mem 0x8001470d
core   0: 0x80009868 (0x011e9ab3) sll     s5, t4, a7
core   0: 3 0x80009868 (0x011e9ab3) x21 0x00000000
core   0: 0x8000986c (0x1a361323) sh      gp, 422(a2)
core   0: 3 0x8000986c (0x1a361323) mem 0x80014e88 0x0001
core   0: 0x80009870 (0x9ba24513) xori    a0, tp, -1606
core   0: 3 0x80009870 (0x9ba24513) x10 0xfffff9ba
core   0: 0x80009874 (0xadd60e03) lb      t3, -1315(a2)
core   0: 3 0x80009874 (0xadd60e03) x28 0x00000000 mem 0x800147bf
core   0: 0x80009878 (0x00d67c33) and     s8, a2, a3
core   0: 3 0x80009878 (0x00d67c33) x24 0x80014ce2
core   0: 0x8000987c (0xeac60983) lb      s3, -340(a2)
core   0: 3 0x8000987c (0xeac60983) x19 0x00000000 mem 0x80014b8e
core   0: 0x80009880 (0x17764283) lbu     t0, 375(a2)
core   0: 3 0x80009880 (0x17764283) x 5 0x00000000 mem 0x80014e59
core   0: 0x80009884 (0x18f64983) lbu     s3, 399(a2)
core   0: 3 0x80009884 (0x18f64983) x19 0x00000000 mem 0x80014e71
core   0: 0x80009888 (0x6eb60703) lb      a4, 1771(a2)
core   0: 3 0x80009888 (0x6eb60703) x14 0x00000000 mem 0x800153cd
core   0: 0x8000988c (0x07b62923) sw      s11, 114(a2)
core   0: 3 0x8000988c (0x07b62923) mem 0x80014d54 0x00000000
core   0: 0x80009890 (0xb9076093) ori     ra, a4, -1136
core   0: 3 0x80009890 (0xb9076093) x 1 0xfffffb90
core   0: 0x80009894 (0x00f48733) add     a4, s1, a5
core   0: 3 0x80009894 (0x00f48733) x14 0x80029ce4
core   0: 0x80009898 (0xc89601a3) sb      s1, -893(a2)
core   0: 3 0x80009898 (0xc89601a3) mem 0x80014965 0xe4
core   0: 0x8000989c (0x6f960b83) lb      s7, 1785(a2)
core   0: 3 0x8000989c (0x6f960b83) x23 0x00000000 mem 0x800153db
core   0: 0x800098a0 (0x0000de17) auipc   t3, 0xd
core   0: 3 0x800098a0 (0x0000de17) x28 0x800168a0
core   0: 0x800098a4 (0x3e6e0e13) addi    t3, t3, 998
core   0: 3 0x800098a4 (0x3e6e0e13) x28 0x80016c86
core   0: 0x800098a8 (0x096e2c03) lw      s8, 150(t3)
core   0: 3 0x800098a8 (0x096e2c03) x24 0x00000000 mem 0x80016d1c
core   0: 0x800098ac (0xfb7e0d83) lb      s11, -73(t3)
core   0: 3 0x800098ac (0xfb7e0d83) x27 0x00000000 mem 0x80016c3d
core   0: 0x800098b0 (0xf27e1723) sh      t2, -210(t3)
core   0: 3 0x800098b0 (0xf27e1723) mem 0x80016bb4 0x0000
core   0: 0x800098b4 (0x26726c93) ori     s9, tp, 615
core   0: 3 0x800098b4 (0x26726c93) x25 0x00000267
core   0: 0x800098b8 (0x0a3e0f03) lb      t5, 163(t3)
core   0: 3 0x800098b8 (0x0a3e0f03) x30 0x00000000 mem 0x80016d29
core   0: 0x800098bc (0x419e01b3) sub     gp, t3, s9
core   0: 3 0x800098bc (0x419e01b3) x 3 0x80016a1f
core   0: 0x800098c0 (0xf0fe4183) lbu     gp, -241(t3)
core   0: 3 0x800098c0 (0xf0fe4183) x 3 0x00000000 mem 0x80016b95
core   0: 0x800098c4 (0xffee5603) lhu     a2, -2(t3)
core   0: 3 0x800098c4 (0xffee5603) x12 0x00000000 mem 0x80016c84
core   0: 0x800098c8 (0x00000013) nop
core   0: 3 0x800098c8 (0x00000013)
core   0: 0x800098cc (0x4d9a8a13) addi    s4, s5, 1241
core   0: 3 0x800098cc (0x4d9a8a13) x20 0x000004d9
core   0: 0x800098d0 (0xf7be0603) lb      a2, -133(t3)
core   0: 3 0x800098d0 (0xf7be0603) x12 0x00000000 mem 0x80016c01
core   0: 0x800098d4 (0xa309fb13) andi    s6, s3, -1488
core   0: 3 0x800098d4 (0xa309fb13) x22 0x00000000
core   0: 0x800098d8 (0x01c50533) add     a0, a0, t3
core   0: 3 0x800098d8 (0x01c50533) x10 0x80016640
core   0: 0x800098dc (0x009e1523) sh      s1, 10(t3)
core   0: 3 0x800098dc (0x009e1523) mem 0x80016c90 0x9ce4
core   0: 0x800098e0 (0x0dfe0003) lb      zero, 223(t3)
core   0: 3 0x800098e0 (0x0dfe0003) mem 0x80016d65
core   0: 0x800098e4 (0x07fe0fa3) sb      t6, 127(t3)
core   0: 3 0x800098e4 (0x07fe0fa3) mem 0x80016d05 0x38
core   0: 0x800098e8 (0xf9ae1303) lh      t1, -102(t3)
core   0: 3 0x800098e8 (0xf9ae1303) x 6 0x00000000 mem 0x80016c20
core   0: 0x800098ec (0x022cdf33) divu    t5, s9, sp
core   0: 3 0x800098ec (0x022cdf33) x30 0x00000000
core   0: 0x800098f0 (0x0141cd33) xor     s10, gp, s4
core   0: 3 0x800098f0 (0x0141cd33) x26 0x000004d9
core   0: 0x800098f4 (0xf34e4a83) lbu     s5, -204(t3)
core   0: 3 0x800098f4 (0xf34e4a83) x21 0x00000000 mem 0x80016bba
core   0: 0x800098f8 (0x03c31bb3) mulh    s7, t1, t3
core   0: 3 0x800098f8 (0x03c31bb3) x23 0x00000000
core   0: 0x800098fc (0x938a6d13) ori     s10, s4, -1736
core   0: 3 0x800098fc (0x938a6d13) x26 0xfffffdf9
core   0: 0x80009900 (0x6a8d2813) slti    a6, s10, 1704
core   0: 3 0x80009900 (0x6a8d2813) x16 0x00000001
core   0: 0x80009904 (0xf1fe0803) lb      a6, -225(t3)
core   0: 3 0x80009904 (0xf1fe0803) x16 0x00000000 mem 0x80016ba5
core   0: 0x80009908 (0x00000013) nop
core   0: 3 0x80009908 (0x00000013)
core   0: 0x8000990c (0x027cb933) mulhu   s2, s9, t2
core   0: 3 0x8000990c (0x027cb933) x18 0x00000000
core   0: 0x80009910 (0x1c5095b7) lui     a1, 0x1c509
core   0: 3 0x80009910 (0x1c5095b7) x11 0x1c509000
core   0: 0x80009914 (0x1605cb93) xori    s7, a1, 352
core   0: 3 0x80009914 (0x1605cb93) x23 0x1c509160
core   0: 0x80009918 (0x409b5093) srai    ra, s6, 9
core   0: 3 0x80009918 (0x409b5093) x 1 0x00000000
core   0: 0x8000991c (0x061e0903) lb      s2, 97(t3)
core   0: 3 0x8000991c (0x061e0903) x18 0x00000000 mem 0x80016ce7
core   0: 0x80009920 (0x028000ef) jal     pc + 0x28
core   0: 3 0x80009920 (0x028000ef) x 1 0x80009924
core   0: 0x80009948 (0xfedff0ef) jal     pc - 0x14
core   0: 3 0x80009948 (0xfedff0ef) x 1 0x8000994c
core   0: 0x80009934 (0x010000ef) jal     pc + 0x10
core   0: 3 0x80009934 (0x010000ef) x 1 0x80009938
core   0: 0x80009944 (0xfedff0ef) jal     pc - 0x14
core   0: 3 0x80009944 (0xfedff0ef) x 1 0x80009948
core   0: 0x80009930 (0x008001ef) jal     gp, pc + 0x8
core   0: 3 0x80009930 (0x008001ef) x 3 0x80009934
core   0: 0x80009938 (0xff1ff0ef) jal     pc - 0x10
core   0: 3 0x80009938 (0xff1ff0ef) x 1 0x8000993c
core   0: 0x80009928 (0x0140036f) jal     t1, pc + 0x14
core   0: 3 0x80009928 (0x0140036f) x 6 0x8000992c
core   0: 0x8000993c (0xff1ff96f) jal     s2, pc - 0x10
core   0: 3 0x8000993c (0xff1ff96f) x18 0x80009940
core   0: 0x8000992c (0xff9ff36f) jal     t1, pc - 0x8
core   0: 3 0x8000992c (0xff9ff36f) x 6 0x80009930
core   0: 0x80009924 (0x01c005ef) jal     a1, pc + 0x1c
core   0: 3 0x80009924 (0x01c005ef) x11 0x80009928
core   0: 0x80009940 (0x00c009ef) jal     s3, pc + 0xc
core   0: 3 0x80009940 (0x00c009ef) x19 0x80009944
core   0: 0x8000994c (0x00e6d593) srli    a1, a3, 14
core   0: 3 0x8000994c (0x00e6d593) x11 0x0003ffff
core   0: 0x80009950 (0x070000ef) jal     pc + 0x70
core   0: 3 0x80009950 (0x070000ef) x 1 0x80009954
core   0: 0x800099c0 (0xf9dffc6f) jal     s8, pc - 0x64
core   0: 3 0x800099c0 (0xf9dffc6f) x24 0x800099c4
core   0: 0x8000995c (0x028000ef) jal     pc + 0x28
core   0: 3 0x8000995c (0x028000ef) x 1 0x80009960
core   0: 0x80009984 (0xfe5ff0ef) jal     pc - 0x1c
core   0: 3 0x80009984 (0xfe5ff0ef) x 1 0x80009988
core   0: 0x80009968 (0x030000ef) jal     pc + 0x30
core   0: 3 0x80009968 (0x030000ef) x 1 0x8000996c
core   0: 0x80009998 (0x024000ef) jal     pc + 0x24
core   0: 3 0x80009998 (0x024000ef) x 1 0x8000999c
core   0: 0x800099bc (0xf99ffb6f) jal     s6, pc - 0x68
core   0: 3 0x800099bc (0xf99ffb6f) x22 0x800099c0
core   0: 0x80009954 (0x02000cef) jal     s9, pc + 0x20
core   0: 3 0x80009954 (0x02000cef) x25 0x80009958
core   0: 0x80009974 (0x044000ef) jal     pc + 0x44
core   0: 3 0x80009974 (0x044000ef) x 1 0x80009978
core   0: 0x800099b8 (0xfd9ff0ef) jal     pc - 0x28
core   0: 3 0x800099b8 (0xfd9ff0ef) x 1 0x800099bc
core   0: 0x80009990 (0xffdff0ef) jal     pc - 0x4
core   0: 3 0x80009990 (0xffdff0ef) x 1 0x80009994
core   0: 0x8000998c (0xfe1ff36f) jal     t1, pc - 0x20
core   0: 3 0x8000998c (0xfe1ff36f) x 6 0x80009990
core   0: 0x8000996c (0x01c000ef) jal     pc + 0x1c
core   0: 3 0x8000996c (0x01c000ef) x 1 0x80009970
core   0: 0x80009988 (0xfd1ff0ef) jal     pc - 0x30
core   0: 3 0x80009988 (0xfd1ff0ef) x 1 0x8000998c
core   0: 0x80009958 (0x0580036f) jal     t1, pc + 0x58
core   0: 3 0x80009958 (0x0580036f) x 6 0x8000995c
core   0: 0x800099b0 (0xff9ff0ef) jal     pc - 0x8
core   0: 3 0x800099b0 (0xff9ff0ef) x 1 0x800099b4
core   0: 0x800099a8 (0xfedff0ef) jal     pc - 0x14
core   0: 3 0x800099a8 (0xfedff0ef) x 1 0x800099ac
core   0: 0x80009994 (0xfcdff36f) jal     t1, pc - 0x34
core   0: 3 0x80009994 (0xfcdff36f) x 6 0x80009998
core   0: 0x80009960 (0x004001ef) jal     gp, pc + 0x4
core   0: 3 0x80009960 (0x004001ef) x 3 0x80009964
core   0: 0x80009964 (0x00c000ef) jal     pc + 0xc
core   0: 3 0x80009964 (0x00c000ef) x 1 0x80009968
core   0: 0x80009970 (0x030002ef) jal     t0, pc + 0x30
core   0: 3 0x80009970 (0x030002ef) x 5 0x80009974
core   0: 0x800099a0 (0xfe1ff0ef) jal     pc - 0x20
core   0: 3 0x800099a0 (0xfe1ff0ef) x 1 0x800099a4
core   0: 0x80009980 (0x024001ef) jal     gp, pc + 0x24
core   0: 3 0x80009980 (0x024001ef) x 3 0x80009984
core   0: 0x800099a4 (0xfd9ff0ef) jal     pc - 0x28
core   0: 3 0x800099a4 (0xfd9ff0ef) x 1 0x800099a8
core   0: 0x8000997c (0x038000ef) jal     pc + 0x38
core   0: 3 0x8000997c (0x038000ef) x 1 0x80009980
core   0: 0x800099b4 (0xfe9ff36f) jal     t1, pc - 0x18
core   0: 3 0x800099b4 (0xfe9ff36f) x 6 0x800099b8
core   0: 0x8000999c (0x010000ef) jal     pc + 0x10
core   0: 3 0x8000999c (0x010000ef) x 1 0x800099a0
core   0: 0x800099ac (0xfcdff0ef) jal     pc - 0x34
core   0: 3 0x800099ac (0xfcdff0ef) x 1 0x800099b0
core   0: 0x80009978 (0x04c000ef) jal     pc + 0x4c
core   0: 3 0x80009978 (0x04c000ef) x 1 0x8000997c
core   0: 0x800099c4 (0x17c06e93) ori     t4, zero, 380
core   0: 3 0x800099c4 (0x17c06e93) x29 0x0000017c
core   0: 0x800099c8 (0xff600093) li      ra, -10
core   0: 3 0x800099c8 (0xff600093) x 1 0xfffffff6
core   0: 0x800099cc (0x023ac833) div     a6, s5, gp
core   0: 3 0x800099cc (0x023ac833) x16 0x00000000
core   0: 0x800099d0 (0x00159e13) slli    t3, a1, 1
core   0: 3 0x800099d0 (0x00159e13) x28 0x0007fffe
core   0: 0x800099d4 (0x00b00e93) li      t4, 11
core   0: 3 0x800099d4 (0x00b00e93) x29 0x0000000b
core   0: 0x800099d8 (0x03f8fe33) remu    t3, a7, t6
core   0: 3 0x800099d8 (0x03f8fe33) x28 0x00000001
core   0: 0x800099dc (0xad1b5797) auipc   a5, 0xad1b5
core   0: 3 0x800099dc (0xad1b5797) x15 0x2d1be9dc
core   0: 0x800099e0 (0x00208093) addi    ra, ra, 2
core   0: 3 0x800099e0 (0x00208093) x 1 0xfffffff8
core   0: 0x800099e4 (0x08d93813) sltiu   a6, s2, 141
core   0: 3 0x800099e4 (0x08d93813) x16 0x00000000
core   0: 0x800099e8 (0x00a00a13) li      s4, 10
core   0: 3 0x800099e8 (0x00a00a13) x20 0x0000000a
core   0: 0x800099ec (0x01218bb3) add     s7, gp, s2
core   0: 3 0x800099ec (0x01218bb3) x23 0x000132c4
core   0: 0x800099f0 (0xfee00c13) li      s8, -18
core   0: 3 0x800099f0 (0xfee00c13) x24 0xffffffee
core   0: 0x800099f4 (0x6aa9b813) sltiu   a6, s3, 1706
core   0: 3 0x800099f4 (0x6aa9b813) x16 0x00000000
core   0: 0x800099f8 (0xffca0a13) addi    s4, s4, -4
core   0: 3 0x800099f8 (0xffca0a13) x20 0x00000006
core   0: 0x800099fc (0x03a37d33) remu    s10, t1, s10
core   0: 3 0x800099fc (0x03a37d33) x26 0x800099b8
core   0: 0x80009a00 (0xff8a1ae3) bne     s4, s8, pc - 12
core   0: 3 0x80009a00 (0xff8a1ae3)
core   0: 0x800099f4 (0x6aa9b813) sltiu   a6, s3, 1706
core   0: 3 0x800099f4 (0x6aa9b813) x16 0x00000000
core   0: 0x800099f8 (0xffca0a13) addi    s4, s4, -4
core   0: 3 0x800099f8 (0xffca0a13) x20 0x00000002
core   0: 0x800099fc (0x03a37d33) remu    s10, t1, s10
core   0: 3 0x800099fc (0x03a37d33) x26 0x00000000
core   0: 0x80009a00 (0xff8a1ae3) bne     s4, s8, pc - 12
core   0: 3 0x80009a00 (0xff8a1ae3)
core   0: 0x800099f4 (0x6aa9b813) sltiu   a6, s3, 1706
core   0: 3 0x800099f4 (0x6aa9b813) x16 0x00000000
core   0: 0x800099f8 (0xffca0a13) addi    s4, s4, -4
core   0: 3 0x800099f8 (0xffca0a13) x20 0xfffffffe
core   0: 0x800099fc (0x03a37d33) remu    s10, t1, s10
core   0: 3 0x800099fc (0x03a37d33) x26 0x800099b8
core   0: 0x80009a00 (0xff8a1ae3) bne     s4, s8, pc - 12
core   0: 3 0x80009a00 (0xff8a1ae3)
core   0: 0x800099f4 (0x6aa9b813) sltiu   a6, s3, 1706
core   0: 3 0x800099f4 (0x6aa9b813) x16 0x00000000
core   0: 0x800099f8 (0xffca0a13) addi    s4, s4, -4
core   0: 3 0x800099f8 (0xffca0a13) x20 0xfffffffa
core   0: 0x800099fc (0x03a37d33) remu    s10, t1, s10
core   0: 3 0x800099fc (0x03a37d33) x26 0x00000000
core   0: 0x80009a00 (0xff8a1ae3) bne     s4, s8, pc - 12
core   0: 3 0x80009a00 (0xff8a1ae3)
core   0: 0x800099f4 (0x6aa9b813) sltiu   a6, s3, 1706
core   0: 3 0x800099f4 (0x6aa9b813) x16 0x00000000
core   0: 0x800099f8 (0xffca0a13) addi    s4, s4, -4
core   0: 3 0x800099f8 (0xffca0a13) x20 0xfffffff6
core   0: 0x800099fc (0x03a37d33) remu    s10, t1, s10
core   0: 3 0x800099fc (0x03a37d33) x26 0x800099b8
core   0: 0x80009a00 (0xff8a1ae3) bne     s4, s8, pc - 12
core   0: 3 0x80009a00 (0xff8a1ae3)
core   0: 0x800099f4 (0x6aa9b813) sltiu   a6, s3, 1706
core   0: 3 0x800099f4 (0x6aa9b813) x16 0x00000000
core   0: 0x800099f8 (0xffca0a13) addi    s4, s4, -4
core   0: 3 0x800099f8 (0xffca0a13) x20 0xfffffff2
core   0: 0x800099fc (0x03a37d33) remu    s10, t1, s10
core   0: 3 0x800099fc (0x03a37d33) x26 0x00000000
core   0: 0x80009a00 (0xff8a1ae3) bne     s4, s8, pc - 12
core   0: 3 0x80009a00 (0xff8a1ae3)
core   0: 0x800099f4 (0x6aa9b813) sltiu   a6, s3, 1706
core   0: 3 0x800099f4 (0x6aa9b813) x16 0x00000000
core   0: 0x800099f8 (0xffca0a13) addi    s4, s4, -4
core   0: 3 0x800099f8 (0xffca0a13) x20 0xffffffee
core   0: 0x800099fc (0x03a37d33) remu    s10, t1, s10
core   0: 3 0x800099fc (0x03a37d33) x26 0x800099b8
core   0: 0x80009a00 (0xff8a1ae3) bne     s4, s8, pc - 12
core   0: 3 0x80009a00 (0xff8a1ae3)
core   0: 0x80009a04 (0xfdd0cae3) blt     ra, t4, pc - 44
core   0: 3 0x80009a04 (0xfdd0cae3)
core   0: 0x800099d8 (0x03f8fe33) remu    t3, a7, t6
core   0: 3 0x800099d8 (0x03f8fe33) x28 0x00000001
core   0: 0x800099dc (0xad1b5797) auipc   a5, 0xad1b5
core   0: 3 0x800099dc (0xad1b5797) x15 0x2d1be9dc
core   0: 0x800099e0 (0x00208093) addi    ra, ra, 2
core   0: 3 0x800099e0 (0x00208093) x 1 0xfffffffa
core   0: 0x800099e4 (0x08d93813) sltiu   a6, s2, 141
core   0: 3 0x800099e4 (0x08d93813) x16 0x00000000
core   0: 0x800099e8 (0x00a00a13) li      s4, 10
core   0: 3 0x800099e8 (0x00a00a13) x20 0x0000000a
core   0: 0x800099ec (0x01218bb3) add     s7, gp, s2
core   0: 3 0x800099ec (0x01218bb3) x23 0x000132c4
core   0: 0x800099f0 (0xfee00c13) li      s8, -18
core   0: 3 0x800099f0 (0xfee00c13) x24 0xffffffee
core   0: 0x800099f4 (0x6aa9b813) sltiu   a6, s3, 1706
core   0: 3 0x800099f4 (0x6aa9b813) x16 0x00000000
core   0: 0x800099f8 (0xffca0a13) addi    s4, s4, -4
core   0: 3 0x800099f8 (0xffca0a13) x20 0x00000006
core   0: 0x800099fc (0x03a37d33) remu    s10, t1, s10
core   0: 3 0x800099fc (0x03a37d33) x26 0x00000000
core   0: 0x80009a00 (0xff8a1ae3) bne     s4, s8, pc - 12
core   0: 3 0x80009a00 (0xff8a1ae3)
core   0: 0x800099f4 (0x6aa9b813) sltiu   a6, s3, 1706
core   0: 3 0x800099f4 (0x6aa9b813) x16 0x00000000
core   0: 0x800099f8 (0xffca0a13) addi    s4, s4, -4
core   0: 3 0x800099f8 (0xffca0a13) x20 0x00000002
core   0: 0x800099fc (0x03a37d33) remu    s10, t1, s10
core   0: 3 0x800099fc (0x03a37d33) x26 0x800099b8
core   0: 0x80009a00 (0xff8a1ae3) bne     s4, s8, pc - 12
core   0: 3 0x80009a00 (0xff8a1ae3)
core   0: 0x800099f4 (0x6aa9b813) sltiu   a6, s3, 1706
core   0: 3 0x800099f4 (0x6aa9b813) x16 0x00000000
core   0: 0x800099f8 (0xffca0a13) addi    s4, s4, -4
core   0: 3 0x800099f8 (0xffca0a13) x20 0xfffffffe
core   0: 0x800099fc (0x03a37d33) remu    s10, t1, s10
core   0: 3 0x800099fc (0x03a37d33) x26 0x00000000
core   0: 0x80009a00 (0xff8a1ae3) bne     s4, s8, pc - 12
core   0: 3 0x80009a00 (0xff8a1ae3)
core   0: 0x800099f4 (0x6aa9b813) sltiu   a6, s3, 1706
core   0: 3 0x800099f4 (0x6aa9b813) x16 0x00000000
core   0: 0x800099f8 (0xffca0a13) addi    s4, s4, -4
core   0: 3 0x800099f8 (0xffca0a13) x20 0xfffffffa
core   0: 0x800099fc (0x03a37d33) remu    s10, t1, s10
core   0: 3 0x800099fc (0x03a37d33) x26 0x800099b8
core   0: 0x80009a00 (0xff8a1ae3) bne     s4, s8, pc - 12
core   0: 3 0x80009a00 (0xff8a1ae3)
core   0: 0x800099f4 (0x6aa9b813) sltiu   a6, s3, 1706
core   0: 3 0x800099f4 (0x6aa9b813) x16 0x00000000
core   0: 0x800099f8 (0xffca0a13) addi    s4, s4, -4
core   0: 3 0x800099f8 (0xffca0a13) x20 0xfffffff6
core   0: 0x800099fc (0x03a37d33) remu    s10, t1, s10
core   0: 3 0x800099fc (0x03a37d33) x26 0x00000000
core   0: 0x80009a00 (0xff8a1ae3) bne     s4, s8, pc - 12
core   0: 3 0x80009a00 (0xff8a1ae3)
core   0: 0x800099f4 (0x6aa9b813) sltiu   a6, s3, 1706
core   0: 3 0x800099f4 (0x6aa9b813) x16 0x00000000
core   0: 0x800099f8 (0xffca0a13) addi    s4, s4, -4
core   0: 3 0x800099f8 (0xffca0a13) x20 0xfffffff2
core   0: 0x800099fc (0x03a37d33) remu    s10, t1, s10
core   0: 3 0x800099fc (0x03a37d33) x26 0x800099b8
core   0: 0x80009a00 (0xff8a1ae3) bne     s4, s8, pc - 12
core   0: 3 0x80009a00 (0xff8a1ae3)
core   0: 0x800099f4 (0x6aa9b813) sltiu   a6, s3, 1706
core   0: 3 0x800099f4 (0x6aa9b813) x16 0x00000000
core   0: 0x800099f8 (0xffca0a13) addi    s4, s4, -4
core   0: 3 0x800099f8 (0xffca0a13) x20 0xffffffee
core   0: 0x800099fc (0x03a37d33) remu    s10, t1, s10
core   0: 3 0x800099fc (0x03a37d33) x26 0x00000000
core   0: 0x80009a00 (0xff8a1ae3) bne     s4, s8, pc - 12
core   0: 3 0x80009a00 (0xff8a1ae3)
core   0: 0x80009a04 (0xfdd0cae3) blt     ra, t4, pc - 44
core   0: 3 0x80009a04 (0xfdd0cae3)
core   0: 0x800099d8 (0x03f8fe33) remu    t3, a7, t6
core   0: 3 0x800099d8 (0x03f8fe33) x28 0x00000001
core   0: 0x800099dc (0xad1b5797) auipc   a5, 0xad1b5
core   0: 3 0x800099dc (0xad1b5797) x15 0x2d1be9dc
core   0: 0x800099e0 (0x00208093) addi    ra, ra, 2
core   0: 3 0x800099e0 (0x00208093) x 1 0xfffffffc
core   0: 0x800099e4 (0x08d93813) sltiu   a6, s2, 141
core   0: 3 0x800099e4 (0x08d93813) x16 0x00000000
core   0: 0x800099e8 (0x00a00a13) li      s4, 10
core   0: 3 0x800099e8 (0x00a00a13) x20 0x0000000a
core   0: 0x800099ec (0x01218bb3) add     s7, gp, s2
core   0: 3 0x800099ec (0x01218bb3) x23 0x000132c4
core   0: 0x800099f0 (0xfee00c13) li      s8, -18
core   0: 3 0x800099f0 (0xfee00c13) x24 0xffffffee
core   0: 0x800099f4 (0x6aa9b813) sltiu   a6, s3, 1706
core   0: 3 0x800099f4 (0x6aa9b813) x16 0x00000000
core   0: 0x800099f8 (0xffca0a13) addi    s4, s4, -4
core   0: 3 0x800099f8 (0xffca0a13) x20 0x00000006
core   0: 0x800099fc (0x03a37d33) remu    s10, t1, s10
core   0: 3 0x800099fc (0x03a37d33) x26 0x800099b8
core   0: 0x80009a00 (0xff8a1ae3) bne     s4, s8, pc - 12
core   0: 3 0x80009a00 (0xff8a1ae3)
core   0: 0x800099f4 (0x6aa9b813) sltiu   a6, s3, 1706
core   0: 3 0x800099f4 (0x6aa9b813) x16 0x00000000
core   0: 0x800099f8 (0xffca0a13) addi    s4, s4, -4
core   0: 3 0x800099f8 (0xffca0a13) x20 0x00000002
core   0: 0x800099fc (0x03a37d33) remu    s10, t1, s10
core   0: 3 0x800099fc (0x03a37d33) x26 0x00000000
core   0: 0x80009a00 (0xff8a1ae3) bne     s4, s8, pc - 12
core   0: 3 0x80009a00 (0xff8a1ae3)
core   0: 0x800099f4 (0x6aa9b813) sltiu   a6, s3, 1706
core   0: 3 0x800099f4 (0x6aa9b813) x16 0x00000000
core   0: 0x800099f8 (0xffca0a13) addi    s4, s4, -4
core   0: 3 0x800099f8 (0xffca0a13) x20 0xfffffffe
core   0: 0x800099fc (0x03a37d33) remu    s10, t1, s10
core   0: 3 0x800099fc (0x03a37d33) x26 0x800099b8
core   0: 0x80009a00 (0xff8a1ae3) bne     s4, s8, pc - 12
core   0: 3 0x80009a00 (0xff8a1ae3)
core   0: 0x800099f4 (0x6aa9b813) sltiu   a6, s3, 1706
core   0: 3 0x800099f4 (0x6aa9b813) x16 0x00000000
core   0: 0x800099f8 (0xffca0a13) addi    s4, s4, -4
core   0: 3 0x800099f8 (0xffca0a13) x20 0xfffffffa
core   0: 0x800099fc (0x03a37d33) remu    s10, t1, s10
core   0: 3 0x800099fc (0x03a37d33) x26 0x00000000
core   0: 0x80009a00 (0xff8a1ae3) bne     s4, s8, pc - 12
core   0: 3 0x80009a00 (0xff8a1ae3)
core   0: 0x800099f4 (0x6aa9b813) sltiu   a6, s3, 1706
core   0: 3 0x800099f4 (0x6aa9b813) x16 0x00000000
core   0: 0x800099f8 (0xffca0a13) addi    s4, s4, -4
core   0: 3 0x800099f8 (0xffca0a13) x20 0xfffffff6
core   0: 0x800099fc (0x03a37d33) remu    s10, t1, s10
core   0: 3 0x800099fc (0x03a37d33) x26 0x800099b8
core   0: 0x80009a00 (0xff8a1ae3) bne     s4, s8, pc - 12
core   0: 3 0x80009a00 (0xff8a1ae3)
core   0: 0x800099f4 (0x6aa9b813) sltiu   a6, s3, 1706
core   0: 3 0x800099f4 (0x6aa9b813) x16 0x00000000
core   0: 0x800099f8 (0xffca0a13) addi    s4, s4, -4
core   0: 3 0x800099f8 (0xffca0a13) x20 0xfffffff2
core   0: 0x800099fc (0x03a37d33) remu    s10, t1, s10
core   0: 3 0x800099fc (0x03a37d33) x26 0x00000000
core   0: 0x80009a00 (0xff8a1ae3) bne     s4, s8, pc - 12
core   0: 3 0x80009a00 (0xff8a1ae3)
core   0: 0x800099f4 (0x6aa9b813) sltiu   a6, s3, 1706
core   0: 3 0x800099f4 (0x6aa9b813) x16 0x00000000
core   0: 0x800099f8 (0xffca0a13) addi    s4, s4, -4
core   0: 3 0x800099f8 (0xffca0a13) x20 0xffffffee
core   0: 0x800099fc (0x03a37d33) remu    s10, t1, s10
core   0: 3 0x800099fc (0x03a37d33) x26 0x800099b8
core   0: 0x80009a00 (0xff8a1ae3) bne     s4, s8, pc - 12
core   0: 3 0x80009a00 (0xff8a1ae3)
core   0: 0x80009a04 (0xfdd0cae3) blt     ra, t4, pc - 44
core   0: 3 0x80009a04 (0xfdd0cae3)
core   0: 0x800099d8 (0x03f8fe33) remu    t3, a7, t6
core   0: 3 0x800099d8 (0x03f8fe33) x28 0x00000001
core   0: 0x800099dc (0xad1b5797) auipc   a5, 0xad1b5
core   0: 3 0x800099dc (0xad1b5797) x15 0x2d1be9dc
core   0: 0x800099e0 (0x00208093) addi    ra, ra, 2
core   0: 3 0x800099e0 (0x00208093) x 1 0xfffffffe
core   0: 0x800099e4 (0x08d93813) sltiu   a6, s2, 141
core   0: 3 0x800099e4 (0x08d93813) x16 0x00000000
core   0: 0x800099e8 (0x00a00a13) li      s4, 10
core   0: 3 0x800099e8 (0x00a00a13) x20 0x0000000a
core   0: 0x800099ec (0x01218bb3) add     s7, gp, s2
core   0: 3 0x800099ec (0x01218bb3) x23 0x000132c4
core   0: 0x800099f0 (0xfee00c13) li      s8, -18
core   0: 3 0x800099f0 (0xfee00c13) x24 0xffffffee
core   0: 0x800099f4 (0x6aa9b813) sltiu   a6, s3, 1706
core   0: 3 0x800099f4 (0x6aa9b813) x16 0x00000000
core   0: 0x800099f8 (0xffca0a13) addi    s4, s4, -4
core   0: 3 0x800099f8 (0xffca0a13) x20 0x00000006
core   0: 0x800099fc (0x03a37d33) remu    s10, t1, s10
core   0: 3 0x800099fc (0x03a37d33) x26 0x00000000
core   0: 0x80009a00 (0xff8a1ae3) bne     s4, s8, pc - 12
core   0: 3 0x80009a00 (0xff8a1ae3)
core   0: 0x800099f4 (0x6aa9b813) sltiu   a6, s3, 1706
core   0: 3 0x800099f4 (0x6aa9b813) x16 0x00000000
core   0: 0x800099f8 (0xffca0a13) addi    s4, s4, -4
core   0: 3 0x800099f8 (0xffca0a13) x20 0x00000002
core   0: 0x800099fc (0x03a37d33) remu    s10, t1, s10
core   0: 3 0x800099fc (0x03a37d33) x26 0x800099b8
core   0: 0x80009a00 (0xff8a1ae3) bne     s4, s8, pc - 12
core   0: 3 0x80009a00 (0xff8a1ae3)
core   0: 0x800099f4 (0x6aa9b813) sltiu   a6, s3, 1706
core   0: 3 0x800099f4 (0x6aa9b813) x16 0x00000000
core   0: 0x800099f8 (0xffca0a13) addi    s4, s4, -4
core   0: 3 0x800099f8 (0xffca0a13) x20 0xfffffffe
core   0: 0x800099fc (0x03a37d33) remu    s10, t1, s10
core   0: 3 0x800099fc (0x03a37d33) x26 0x00000000
core   0: 0x80009a00 (0xff8a1ae3) bne     s4, s8, pc - 12
core   0: 3 0x80009a00 (0xff8a1ae3)
core   0: 0x800099f4 (0x6aa9b813) sltiu   a6, s3, 1706
core   0: 3 0x800099f4 (0x6aa9b813) x16 0x00000000
core   0: 0x800099f8 (0xffca0a13) addi    s4, s4, -4
core   0: 3 0x800099f8 (0xffca0a13) x20 0xfffffffa
core   0: 0x800099fc (0x03a37d33) remu    s10, t1, s10
core   0: 3 0x800099fc (0x03a37d33) x26 0x800099b8
core   0: 0x80009a00 (0xff8a1ae3) bne     s4, s8, pc - 12
core   0: 3 0x80009a00 (0xff8a1ae3)
core   0: 0x800099f4 (0x6aa9b813) sltiu   a6, s3, 1706
core   0: 3 0x800099f4 (0x6aa9b813) x16 0x00000000
core   0: 0x800099f8 (0xffca0a13) addi    s4, s4, -4
core   0: 3 0x800099f8 (0xffca0a13) x20 0xfffffff6
core   0: 0x800099fc (0x03a37d33) remu    s10, t1, s10
core   0: 3 0x800099fc (0x03a37d33) x26 0x00000000
core   0: 0x80009a00 (0xff8a1ae3) bne     s4, s8, pc - 12
core   0: 3 0x80009a00 (0xff8a1ae3)
core   0: 0x800099f4 (0x6aa9b813) sltiu   a6, s3, 1706
core   0: 3 0x800099f4 (0x6aa9b813) x16 0x00000000
core   0: 0x800099f8 (0xffca0a13) addi    s4, s4, -4
core   0: 3 0x800099f8 (0xffca0a13) x20 0xfffffff2
core   0: 0x800099fc (0x03a37d33) remu    s10, t1, s10
core   0: 3 0x800099fc (0x03a37d33) x26 0x800099b8
core   0: 0x80009a00 (0xff8a1ae3) bne     s4, s8, pc - 12
core   0: 3 0x80009a00 (0xff8a1ae3)
core   0: 0x800099f4 (0x6aa9b813) sltiu   a6, s3, 1706
core   0: 3 0x800099f4 (0x6aa9b813) x16 0x00000000
core   0: 0x800099f8 (0xffca0a13) addi    s4, s4, -4
core   0: 3 0x800099f8 (0xffca0a13) x20 0xffffffee
core   0: 0x800099fc (0x03a37d33) remu    s10, t1, s10
core   0: 3 0x800099fc (0x03a37d33) x26 0x00000000
core   0: 0x80009a00 (0xff8a1ae3) bne     s4, s8, pc - 12
core   0: 3 0x80009a00 (0xff8a1ae3)
core   0: 0x80009a04 (0xfdd0cae3) blt     ra, t4, pc - 44
core   0: 3 0x80009a04 (0xfdd0cae3)
core   0: 0x800099d8 (0x03f8fe33) remu    t3, a7, t6
core   0: 3 0x800099d8 (0x03f8fe33) x28 0x00000001
core   0: 0x800099dc (0xad1b5797) auipc   a5, 0xad1b5
core   0: 3 0x800099dc (0xad1b5797) x15 0x2d1be9dc
core   0: 0x800099e0 (0x00208093) addi    ra, ra, 2
core   0: 3 0x800099e0 (0x00208093) x 1 0x00000000
core   0: 0x800099e4 (0x08d93813) sltiu   a6, s2, 141
core   0: 3 0x800099e4 (0x08d93813) x16 0x00000000
core   0: 0x800099e8 (0x00a00a13) li      s4, 10
core   0: 3 0x800099e8 (0x00a00a13) x20 0x0000000a
core   0: 0x800099ec (0x01218bb3) add     s7, gp, s2
core   0: 3 0x800099ec (0x01218bb3) x23 0x000132c4
core   0: 0x800099f0 (0xfee00c13) li      s8, -18
core   0: 3 0x800099f0 (0xfee00c13) x24 0xffffffee
core   0: 0x800099f4 (0x6aa9b813) sltiu   a6, s3, 1706
core   0: 3 0x800099f4 (0x6aa9b813) x16 0x00000000
core   0: 0x800099f8 (0xffca0a13) addi    s4, s4, -4
core   0: 3 0x800099f8 (0xffca0a13) x20 0x00000006
core   0: 0x800099fc (0x03a37d33) remu    s10, t1, s10
core   0: 3 0x800099fc (0x03a37d33) x26 0x800099b8
core   0: 0x80009a00 (0xff8a1ae3) bne     s4, s8, pc - 12
core   0: 3 0x80009a00 (0xff8a1ae3)
core   0: 0x800099f4 (0x6aa9b813) sltiu   a6, s3, 1706
core   0: 3 0x800099f4 (0x6aa9b813) x16 0x00000000
core   0: 0x800099f8 (0xffca0a13) addi    s4, s4, -4
core   0: 3 0x800099f8 (0xffca0a13) x20 0x00000002
core   0: 0x800099fc (0x03a37d33) remu    s10, t1, s10
core   0: 3 0x800099fc (0x03a37d33) x26 0x00000000
core   0: 0x80009a00 (0xff8a1ae3) bne     s4, s8, pc - 12
core   0: 3 0x80009a00 (0xff8a1ae3)
core   0: 0x800099f4 (0x6aa9b813) sltiu   a6, s3, 1706
core   0: 3 0x800099f4 (0x6aa9b813) x16 0x00000000
core   0: 0x800099f8 (0xffca0a13) addi    s4, s4, -4
core   0: 3 0x800099f8 (0xffca0a13) x20 0xfffffffe
core   0: 0x800099fc (0x03a37d33) remu    s10, t1, s10
core   0: 3 0x800099fc (0x03a37d33) x26 0x800099b8
core   0: 0x80009a00 (0xff8a1ae3) bne     s4, s8, pc - 12
core   0: 3 0x80009a00 (0xff8a1ae3)
core   0: 0x800099f4 (0x6aa9b813) sltiu   a6, s3, 1706
core   0: 3 0x800099f4 (0x6aa9b813) x16 0x00000000
core   0: 0x800099f8 (0xffca0a13) addi    s4, s4, -4
core   0: 3 0x800099f8 (0xffca0a13) x20 0xfffffffa
core   0: 0x800099fc (0x03a37d33) remu    s10, t1, s10
core   0: 3 0x800099fc (0x03a37d33) x26 0x00000000
core   0: 0x80009a00 (0xff8a1ae3) bne     s4, s8, pc - 12
core   0: 3 0x80009a00 (0xff8a1ae3)
core   0: 0x800099f4 (0x6aa9b813) sltiu   a6, s3, 1706
core   0: 3 0x800099f4 (0x6aa9b813) x16 0x00000000
core   0: 0x800099f8 (0xffca0a13) addi    s4, s4, -4
core   0: 3 0x800099f8 (0xffca0a13) x20 0xfffffff6
core   0: 0x800099fc (0x03a37d33) remu    s10, t1, s10
core   0: 3 0x800099fc (0x03a37d33) x26 0x800099b8
core   0: 0x80009a00 (0xff8a1ae3) bne     s4, s8, pc - 12
core   0: 3 0x80009a00 (0xff8a1ae3)
core   0: 0x800099f4 (0x6aa9b813) sltiu   a6, s3, 1706
core   0: 3 0x800099f4 (0x6aa9b813) x16 0x00000000
core   0: 0x800099f8 (0xffca0a13) addi    s4, s4, -4
core   0: 3 0x800099f8 (0xffca0a13) x20 0xfffffff2
core   0: 0x800099fc (0x03a37d33) remu    s10, t1, s10
core   0: 3 0x800099fc (0x03a37d33) x26 0x00000000
core   0: 0x80009a00 (0xff8a1ae3) bne     s4, s8, pc - 12
core   0: 3 0x80009a00 (0xff8a1ae3)
core   0: 0x800099f4 (0x6aa9b813) sltiu   a6, s3, 1706
core   0: 3 0x800099f4 (0x6aa9b813) x16 0x00000000
core   0: 0x800099f8 (0xffca0a13) addi    s4, s4, -4
core   0: 3 0x800099f8 (0xffca0a13) x20 0xffffffee
core   0: 0x800099fc (0x03a37d33) remu    s10, t1, s10
core   0: 3 0x800099fc (0x03a37d33) x26 0x800099b8
core   0: 0x80009a00 (0xff8a1ae3) bne     s4, s8, pc - 12
core   0: 3 0x80009a00 (0xff8a1ae3)
core   0: 0x80009a04 (0xfdd0cae3) blt     ra, t4, pc - 44
core   0: 3 0x80009a04 (0xfdd0cae3)
core   0: 0x800099d8 (0x03f8fe33) remu    t3, a7, t6
core   0: 3 0x800099d8 (0x03f8fe33) x28 0x00000001
core   0: 0x800099dc (0xad1b5797) auipc   a5, 0xad1b5
core   0: 3 0x800099dc (0xad1b5797) x15 0x2d1be9dc
core   0: 0x800099e0 (0x00208093) addi    ra, ra, 2
core   0: 3 0x800099e0 (0x00208093) x 1 0x00000002
core   0: 0x800099e4 (0x08d93813) sltiu   a6, s2, 141
core   0: 3 0x800099e4 (0x08d93813) x16 0x00000000
core   0: 0x800099e8 (0x00a00a13) li      s4, 10
core   0: 3 0x800099e8 (0x00a00a13) x20 0x0000000a
core   0: 0x800099ec (0x01218bb3) add     s7, gp, s2
core   0: 3 0x800099ec (0x01218bb3) x23 0x000132c4
core   0: 0x800099f0 (0xfee00c13) li      s8, -18
core   0: 3 0x800099f0 (0xfee00c13) x24 0xffffffee
core   0: 0x800099f4 (0x6aa9b813) sltiu   a6, s3, 1706
core   0: 3 0x800099f4 (0x6aa9b813) x16 0x00000000
core   0: 0x800099f8 (0xffca0a13) addi    s4, s4, -4
core   0: 3 0x800099f8 (0xffca0a13) x20 0x00000006
core   0: 0x800099fc (0x03a37d33) remu    s10, t1, s10
core   0: 3 0x800099fc (0x03a37d33) x26 0x00000000
core   0: 0x80009a00 (0xff8a1ae3) bne     s4, s8, pc - 12
core   0: 3 0x80009a00 (0xff8a1ae3)
core   0: 0x800099f4 (0x6aa9b813) sltiu   a6, s3, 1706
core   0: 3 0x800099f4 (0x6aa9b813) x16 0x00000000
core   0: 0x800099f8 (0xffca0a13) addi    s4, s4, -4
core   0: 3 0x800099f8 (0xffca0a13) x20 0x00000002
core   0: 0x800099fc (0x03a37d33) remu    s10, t1, s10
core   0: 3 0x800099fc (0x03a37d33) x26 0x800099b8
core   0: 0x80009a00 (0xff8a1ae3) bne     s4, s8, pc - 12
core   0: 3 0x80009a00 (0xff8a1ae3)
core   0: 0x800099f4 (0x6aa9b813) sltiu   a6, s3, 1706
core   0: 3 0x800099f4 (0x6aa9b813) x16 0x00000000
core   0: 0x800099f8 (0xffca0a13) addi    s4, s4, -4
core   0: 3 0x800099f8 (0xffca0a13) x20 0xfffffffe
core   0: 0x800099fc (0x03a37d33) remu    s10, t1, s10
core   0: 3 0x800099fc (0x03a37d33) x26 0x00000000
core   0: 0x80009a00 (0xff8a1ae3) bne     s4, s8, pc - 12
core   0: 3 0x80009a00 (0xff8a1ae3)
core   0: 0x800099f4 (0x6aa9b813) sltiu   a6, s3, 1706
core   0: 3 0x800099f4 (0x6aa9b813) x16 0x00000000
core   0: 0x800099f8 (0xffca0a13) addi    s4, s4, -4
core   0: 3 0x800099f8 (0xffca0a13) x20 0xfffffffa
core   0: 0x800099fc (0x03a37d33) remu    s10, t1, s10
core   0: 3 0x800099fc (0x03a37d33) x26 0x800099b8
core   0: 0x80009a00 (0xff8a1ae3) bne     s4, s8, pc - 12
core   0: 3 0x80009a00 (0xff8a1ae3)
core   0: 0x800099f4 (0x6aa9b813) sltiu   a6, s3, 1706
core   0: 3 0x800099f4 (0x6aa9b813) x16 0x00000000
core   0: 0x800099f8 (0xffca0a13) addi    s4, s4, -4
core   0: 3 0x800099f8 (0xffca0a13) x20 0xfffffff6
core   0: 0x800099fc (0x03a37d33) remu    s10, t1, s10
core   0: 3 0x800099fc (0x03a37d33) x26 0x00000000
core   0: 0x80009a00 (0xff8a1ae3) bne     s4, s8, pc - 12
core   0: 3 0x80009a00 (0xff8a1ae3)
core   0: 0x800099f4 (0x6aa9b813) sltiu   a6, s3, 1706
core   0: 3 0x800099f4 (0x6aa9b813) x16 0x00000000
core   0: 0x800099f8 (0xffca0a13) addi    s4, s4, -4
core   0: 3 0x800099f8 (0xffca0a13) x20 0xfffffff2
core   0: 0x800099fc (0x03a37d33) remu    s10, t1, s10
core   0: 3 0x800099fc (0x03a37d33) x26 0x800099b8
core   0: 0x80009a00 (0xff8a1ae3) bne     s4, s8, pc - 12
core   0: 3 0x80009a00 (0xff8a1ae3)
core   0: 0x800099f4 (0x6aa9b813) sltiu   a6, s3, 1706
core   0: 3 0x800099f4 (0x6aa9b813) x16 0x00000000
core   0: 0x800099f8 (0xffca0a13) addi    s4, s4, -4
core   0: 3 0x800099f8 (0xffca0a13) x20 0xffffffee
core   0: 0x800099fc (0x03a37d33) remu    s10, t1, s10
core   0: 3 0x800099fc (0x03a37d33) x26 0x00000000
core   0: 0x80009a00 (0xff8a1ae3) bne     s4, s8, pc - 12
core   0: 3 0x80009a00 (0xff8a1ae3)
core   0: 0x80009a04 (0xfdd0cae3) blt     ra, t4, pc - 44
core   0: 3 0x80009a04 (0xfdd0cae3)
core   0: 0x800099d8 (0x03f8fe33) remu    t3, a7, t6
core   0: 3 0x800099d8 (0x03f8fe33) x28 0x00000001
core   0: 0x800099dc (0xad1b5797) auipc   a5, 0xad1b5
core   0: 3 0x800099dc (0xad1b5797) x15 0x2d1be9dc
core   0: 0x800099e0 (0x00208093) addi    ra, ra, 2
core   0: 3 0x800099e0 (0x00208093) x 1 0x00000004
core   0: 0x800099e4 (0x08d93813) sltiu   a6, s2, 141
core   0: 3 0x800099e4 (0x08d93813) x16 0x00000000
core   0: 0x800099e8 (0x00a00a13) li      s4, 10
core   0: 3 0x800099e8 (0x00a00a13) x20 0x0000000a
core   0: 0x800099ec (0x01218bb3) add     s7, gp, s2
core   0: 3 0x800099ec (0x01218bb3) x23 0x000132c4
core   0: 0x800099f0 (0xfee00c13) li      s8, -18
core   0: 3 0x800099f0 (0xfee00c13) x24 0xffffffee
core   0: 0x800099f4 (0x6aa9b813) sltiu   a6, s3, 1706
core   0: 3 0x800099f4 (0x6aa9b813) x16 0x00000000
core   0: 0x800099f8 (0xffca0a13) addi    s4, s4, -4
core   0: 3 0x800099f8 (0xffca0a13) x20 0x00000006
core   0: 0x800099fc (0x03a37d33) remu    s10, t1, s10
core   0: 3 0x800099fc (0x03a37d33) x26 0x800099b8
core   0: 0x80009a00 (0xff8a1ae3) bne     s4, s8, pc - 12
core   0: 3 0x80009a00 (0xff8a1ae3)
core   0: 0x800099f4 (0x6aa9b813) sltiu   a6, s3, 1706
core   0: 3 0x800099f4 (0x6aa9b813) x16 0x00000000
core   0: 0x800099f8 (0xffca0a13) addi    s4, s4, -4
core   0: 3 0x800099f8 (0xffca0a13) x20 0x00000002
core   0: 0x800099fc (0x03a37d33) remu    s10, t1, s10
core   0: 3 0x800099fc (0x03a37d33) x26 0x00000000
core   0: 0x80009a00 (0xff8a1ae3) bne     s4, s8, pc - 12
core   0: 3 0x80009a00 (0xff8a1ae3)
core   0: 0x800099f4 (0x6aa9b813) sltiu   a6, s3, 1706
core   0: 3 0x800099f4 (0x6aa9b813) x16 0x00000000
core   0: 0x800099f8 (0xffca0a13) addi    s4, s4, -4
core   0: 3 0x800099f8 (0xffca0a13) x20 0xfffffffe
core   0: 0x800099fc (0x03a37d33) remu    s10, t1, s10
core   0: 3 0x800099fc (0x03a37d33) x26 0x800099b8
core   0: 0x80009a00 (0xff8a1ae3) bne     s4, s8, pc - 12
core   0: 3 0x80009a00 (0xff8a1ae3)
core   0: 0x800099f4 (0x6aa9b813) sltiu   a6, s3, 1706
core   0: 3 0x800099f4 (0x6aa9b813) x16 0x00000000
core   0: 0x800099f8 (0xffca0a13) addi    s4, s4, -4
core   0: 3 0x800099f8 (0xffca0a13) x20 0xfffffffa
core   0: 0x800099fc (0x03a37d33) remu    s10, t1, s10
core   0: 3 0x800099fc (0x03a37d33) x26 0x00000000
core   0: 0x80009a00 (0xff8a1ae3) bne     s4, s8, pc - 12
core   0: 3 0x80009a00 (0xff8a1ae3)
core   0: 0x800099f4 (0x6aa9b813) sltiu   a6, s3, 1706
core   0: 3 0x800099f4 (0x6aa9b813) x16 0x00000000
core   0: 0x800099f8 (0xffca0a13) addi    s4, s4, -4
core   0: 3 0x800099f8 (0xffca0a13) x20 0xfffffff6
core   0: 0x800099fc (0x03a37d33) remu    s10, t1, s10
core   0: 3 0x800099fc (0x03a37d33) x26 0x800099b8
core   0: 0x80009a00 (0xff8a1ae3) bne     s4, s8, pc - 12
core   0: 3 0x80009a00 (0xff8a1ae3)
core   0: 0x800099f4 (0x6aa9b813) sltiu   a6, s3, 1706
core   0: 3 0x800099f4 (0x6aa9b813) x16 0x00000000
core   0: 0x800099f8 (0xffca0a13) addi    s4, s4, -4
core   0: 3 0x800099f8 (0xffca0a13) x20 0xfffffff2
core   0: 0x800099fc (0x03a37d33) remu    s10, t1, s10
core   0: 3 0x800099fc (0x03a37d33) x26 0x00000000
core   0: 0x80009a00 (0xff8a1ae3) bne     s4, s8, pc - 12
core   0: 3 0x80009a00 (0xff8a1ae3)
core   0: 0x800099f4 (0x6aa9b813) sltiu   a6, s3, 1706
core   0: 3 0x800099f4 (0x6aa9b813) x16 0x00000000
core   0: 0x800099f8 (0xffca0a13) addi    s4, s4, -4
core   0: 3 0x800099f8 (0xffca0a13) x20 0xffffffee
core   0: 0x800099fc (0x03a37d33) remu    s10, t1, s10
core   0: 3 0x800099fc (0x03a37d33) x26 0x800099b8
core   0: 0x80009a00 (0xff8a1ae3) bne     s4, s8, pc - 12
core   0: 3 0x80009a00 (0xff8a1ae3)
core   0: 0x80009a04 (0xfdd0cae3) blt     ra, t4, pc - 44
core   0: 3 0x80009a04 (0xfdd0cae3)
core   0: 0x800099d8 (0x03f8fe33) remu    t3, a7, t6
core   0: 3 0x800099d8 (0x03f8fe33) x28 0x00000001
core   0: 0x800099dc (0xad1b5797) auipc   a5, 0xad1b5
core   0: 3 0x800099dc (0xad1b5797) x15 0x2d1be9dc
core   0: 0x800099e0 (0x00208093) addi    ra, ra, 2
core   0: 3 0x800099e0 (0x00208093) x 1 0x00000006
core   0: 0x800099e4 (0x08d93813) sltiu   a6, s2, 141
core   0: 3 0x800099e4 (0x08d93813) x16 0x00000000
core   0: 0x800099e8 (0x00a00a13) li      s4, 10
core   0: 3 0x800099e8 (0x00a00a13) x20 0x0000000a
core   0: 0x800099ec (0x01218bb3) add     s7, gp, s2
core   0: 3 0x800099ec (0x01218bb3) x23 0x000132c4
core   0: 0x800099f0 (0xfee00c13) li      s8, -18
core   0: 3 0x800099f0 (0xfee00c13) x24 0xffffffee
core   0: 0x800099f4 (0x6aa9b813) sltiu   a6, s3, 1706
core   0: 3 0x800099f4 (0x6aa9b813) x16 0x00000000
core   0: 0x800099f8 (0xffca0a13) addi    s4, s4, -4
core   0: 3 0x800099f8 (0xffca0a13) x20 0x00000006
core   0: 0x800099fc (0x03a37d33) remu    s10, t1, s10
core   0: 3 0x800099fc (0x03a37d33) x26 0x00000000
core   0: 0x80009a00 (0xff8a1ae3) bne     s4, s8, pc - 12
core   0: 3 0x80009a00 (0xff8a1ae3)
core   0: 0x800099f4 (0x6aa9b813) sltiu   a6, s3, 1706
core   0: 3 0x800099f4 (0x6aa9b813) x16 0x00000000
core   0: 0x800099f8 (0xffca0a13) addi    s4, s4, -4
core   0: 3 0x800099f8 (0xffca0a13) x20 0x00000002
core   0: 0x800099fc (0x03a37d33) remu    s10, t1, s10
core   0: 3 0x800099fc (0x03a37d33) x26 0x800099b8
core   0: 0x80009a00 (0xff8a1ae3) bne     s4, s8, pc - 12
core   0: 3 0x80009a00 (0xff8a1ae3)
core   0: 0x800099f4 (0x6aa9b813) sltiu   a6, s3, 1706
core   0: 3 0x800099f4 (0x6aa9b813) x16 0x00000000
core   0: 0x800099f8 (0xffca0a13) addi    s4, s4, -4
core   0: 3 0x800099f8 (0xffca0a13) x20 0xfffffffe
core   0: 0x800099fc (0x03a37d33) remu    s10, t1, s10
core   0: 3 0x800099fc (0x03a37d33) x26 0x00000000
core   0: 0x80009a00 (0xff8a1ae3) bne     s4, s8, pc - 12
core   0: 3 0x80009a00 (0xff8a1ae3)
core   0: 0x800099f4 (0x6aa9b813) sltiu   a6, s3, 1706
core   0: 3 0x800099f4 (0x6aa9b813) x16 0x00000000
core   0: 0x800099f8 (0xffca0a13) addi    s4, s4, -4
core   0: 3 0x800099f8 (0xffca0a13) x20 0xfffffffa
core   0: 0x800099fc (0x03a37d33) remu    s10, t1, s10
core   0: 3 0x800099fc (0x03a37d33) x26 0x800099b8
core   0: 0x80009a00 (0xff8a1ae3) bne     s4, s8, pc - 12
core   0: 3 0x80009a00 (0xff8a1ae3)
core   0: 0x800099f4 (0x6aa9b813) sltiu   a6, s3, 1706
core   0: 3 0x800099f4 (0x6aa9b813) x16 0x00000000
core   0: 0x800099f8 (0xffca0a13) addi    s4, s4, -4
core   0: 3 0x800099f8 (0xffca0a13) x20 0xfffffff6
core   0: 0x800099fc (0x03a37d33) remu    s10, t1, s10
core   0: 3 0x800099fc (0x03a37d33) x26 0x00000000
core   0: 0x80009a00 (0xff8a1ae3) bne     s4, s8, pc - 12
core   0: 3 0x80009a00 (0xff8a1ae3)
core   0: 0x800099f4 (0x6aa9b813) sltiu   a6, s3, 1706
core   0: 3 0x800099f4 (0x6aa9b813) x16 0x00000000
core   0: 0x800099f8 (0xffca0a13) addi    s4, s4, -4
core   0: 3 0x800099f8 (0xffca0a13) x20 0xfffffff2
core   0: 0x800099fc (0x03a37d33) remu    s10, t1, s10
core   0: 3 0x800099fc (0x03a37d33) x26 0x800099b8
core   0: 0x80009a00 (0xff8a1ae3) bne     s4, s8, pc - 12
core   0: 3 0x80009a00 (0xff8a1ae3)
core   0: 0x800099f4 (0x6aa9b813) sltiu   a6, s3, 1706
core   0: 3 0x800099f4 (0x6aa9b813) x16 0x00000000
core   0: 0x800099f8 (0xffca0a13) addi    s4, s4, -4
core   0: 3 0x800099f8 (0xffca0a13) x20 0xffffffee
core   0: 0x800099fc (0x03a37d33) remu    s10, t1, s10
core   0: 3 0x800099fc (0x03a37d33) x26 0x00000000
core   0: 0x80009a00 (0xff8a1ae3) bne     s4, s8, pc - 12
core   0: 3 0x80009a00 (0xff8a1ae3)
core   0: 0x80009a04 (0xfdd0cae3) blt     ra, t4, pc - 44
core   0: 3 0x80009a04 (0xfdd0cae3)
core   0: 0x800099d8 (0x03f8fe33) remu    t3, a7, t6
core   0: 3 0x800099d8 (0x03f8fe33) x28 0x00000001
core   0: 0x800099dc (0xad1b5797) auipc   a5, 0xad1b5
core   0: 3 0x800099dc (0xad1b5797) x15 0x2d1be9dc
core   0: 0x800099e0 (0x00208093) addi    ra, ra, 2
core   0: 3 0x800099e0 (0x00208093) x 1 0x00000008
core   0: 0x800099e4 (0x08d93813) sltiu   a6, s2, 141
core   0: 3 0x800099e4 (0x08d93813) x16 0x00000000
core   0: 0x800099e8 (0x00a00a13) li      s4, 10
core   0: 3 0x800099e8 (0x00a00a13) x20 0x0000000a
core   0: 0x800099ec (0x01218bb3) add     s7, gp, s2
core   0: 3 0x800099ec (0x01218bb3) x23 0x000132c4
core   0: 0x800099f0 (0xfee00c13) li      s8, -18
core   0: 3 0x800099f0 (0xfee00c13) x24 0xffffffee
core   0: 0x800099f4 (0x6aa9b813) sltiu   a6, s3, 1706
core   0: 3 0x800099f4 (0x6aa9b813) x16 0x00000000
core   0: 0x800099f8 (0xffca0a13) addi    s4, s4, -4
core   0: 3 0x800099f8 (0xffca0a13) x20 0x00000006
core   0: 0x800099fc (0x03a37d33) remu    s10, t1, s10
core   0: 3 0x800099fc (0x03a37d33) x26 0x800099b8
core   0: 0x80009a00 (0xff8a1ae3) bne     s4, s8, pc - 12
core   0: 3 0x80009a00 (0xff8a1ae3)
core   0: 0x800099f4 (0x6aa9b813) sltiu   a6, s3, 1706
core   0: 3 0x800099f4 (0x6aa9b813) x16 0x00000000
core   0: 0x800099f8 (0xffca0a13) addi    s4, s4, -4
core   0: 3 0x800099f8 (0xffca0a13) x20 0x00000002
core   0: 0x800099fc (0x03a37d33) remu    s10, t1, s10
core   0: 3 0x800099fc (0x03a37d33) x26 0x00000000
core   0: 0x80009a00 (0xff8a1ae3) bne     s4, s8, pc - 12
core   0: 3 0x80009a00 (0xff8a1ae3)
core   0: 0x800099f4 (0x6aa9b813) sltiu   a6, s3, 1706
core   0: 3 0x800099f4 (0x6aa9b813) x16 0x00000000
core   0: 0x800099f8 (0xffca0a13) addi    s4, s4, -4
core   0: 3 0x800099f8 (0xffca0a13) x20 0xfffffffe
core   0: 0x800099fc (0x03a37d33) remu    s10, t1, s10
core   0: 3 0x800099fc (0x03a37d33) x26 0x800099b8
core   0: 0x80009a00 (0xff8a1ae3) bne     s4, s8, pc - 12
core   0: 3 0x80009a00 (0xff8a1ae3)
core   0: 0x800099f4 (0x6aa9b813) sltiu   a6, s3, 1706
core   0: 3 0x800099f4 (0x6aa9b813) x16 0x00000000
core   0: 0x800099f8 (0xffca0a13) addi    s4, s4, -4
core   0: 3 0x800099f8 (0xffca0a13) x20 0xfffffffa
core   0: 0x800099fc (0x03a37d33) remu    s10, t1, s10
core   0: 3 0x800099fc (0x03a37d33) x26 0x00000000
core   0: 0x80009a00 (0xff8a1ae3) bne     s4, s8, pc - 12
core   0: 3 0x80009a00 (0xff8a1ae3)
core   0: 0x800099f4 (0x6aa9b813) sltiu   a6, s3, 1706
core   0: 3 0x800099f4 (0x6aa9b813) x16 0x00000000
core   0: 0x800099f8 (0xffca0a13) addi    s4, s4, -4
core   0: 3 0x800099f8 (0xffca0a13) x20 0xfffffff6
core   0: 0x800099fc (0x03a37d33) remu    s10, t1, s10
core   0: 3 0x800099fc (0x03a37d33) x26 0x800099b8
core   0: 0x80009a00 (0xff8a1ae3) bne     s4, s8, pc - 12
core   0: 3 0x80009a00 (0xff8a1ae3)
core   0: 0x800099f4 (0x6aa9b813) sltiu   a6, s3, 1706
core   0: 3 0x800099f4 (0x6aa9b813) x16 0x00000000
core   0: 0x800099f8 (0xffca0a13) addi    s4, s4, -4
core   0: 3 0x800099f8 (0xffca0a13) x20 0xfffffff2
core   0: 0x800099fc (0x03a37d33) remu    s10, t1, s10
core   0: 3 0x800099fc (0x03a37d33) x26 0x00000000
core   0: 0x80009a00 (0xff8a1ae3) bne     s4, s8, pc - 12
core   0: 3 0x80009a00 (0xff8a1ae3)
core   0: 0x800099f4 (0x6aa9b813) sltiu   a6, s3, 1706
core   0: 3 0x800099f4 (0x6aa9b813) x16 0x00000000
core   0: 0x800099f8 (0xffca0a13) addi    s4, s4, -4
core   0: 3 0x800099f8 (0xffca0a13) x20 0xffffffee
core   0: 0x800099fc (0x03a37d33) remu    s10, t1, s10
core   0: 3 0x800099fc (0x03a37d33) x26 0x800099b8
core   0: 0x80009a00 (0xff8a1ae3) bne     s4, s8, pc - 12
core   0: 3 0x80009a00 (0xff8a1ae3)
core   0: 0x80009a04 (0xfdd0cae3) blt     ra, t4, pc - 44
core   0: 3 0x80009a04 (0xfdd0cae3)
core   0: 0x800099d8 (0x03f8fe33) remu    t3, a7, t6
core   0: 3 0x800099d8 (0x03f8fe33) x28 0x00000001
core   0: 0x800099dc (0xad1b5797) auipc   a5, 0xad1b5
core   0: 3 0x800099dc (0xad1b5797) x15 0x2d1be9dc
core   0: 0x800099e0 (0x00208093) addi    ra, ra, 2
core   0: 3 0x800099e0 (0x00208093) x 1 0x0000000a
core   0: 0x800099e4 (0x08d93813) sltiu   a6, s2, 141
core   0: 3 0x800099e4 (0x08d93813) x16 0x00000000
core   0: 0x800099e8 (0x00a00a13) li      s4, 10
core   0: 3 0x800099e8 (0x00a00a13) x20 0x0000000a
core   0: 0x800099ec (0x01218bb3) add     s7, gp, s2
core   0: 3 0x800099ec (0x01218bb3) x23 0x000132c4
core   0: 0x800099f0 (0xfee00c13) li      s8, -18
core   0: 3 0x800099f0 (0xfee00c13) x24 0xffffffee
core   0: 0x800099f4 (0x6aa9b813) sltiu   a6, s3, 1706
core   0: 3 0x800099f4 (0x6aa9b813) x16 0x00000000
core   0: 0x800099f8 (0xffca0a13) addi    s4, s4, -4
core   0: 3 0x800099f8 (0xffca0a13) x20 0x00000006
core   0: 0x800099fc (0x03a37d33) remu    s10, t1, s10
core   0: 3 0x800099fc (0x03a37d33) x26 0x00000000
core   0: 0x80009a00 (0xff8a1ae3) bne     s4, s8, pc - 12
core   0: 3 0x80009a00 (0xff8a1ae3)
core   0: 0x800099f4 (0x6aa9b813) sltiu   a6, s3, 1706
core   0: 3 0x800099f4 (0x6aa9b813) x16 0x00000000
core   0: 0x800099f8 (0xffca0a13) addi    s4, s4, -4
core   0: 3 0x800099f8 (0xffca0a13) x20 0x00000002
core   0: 0x800099fc (0x03a37d33) remu    s10, t1, s10
core   0: 3 0x800099fc (0x03a37d33) x26 0x800099b8
core   0: 0x80009a00 (0xff8a1ae3) bne     s4, s8, pc - 12
core   0: 3 0x80009a00 (0xff8a1ae3)
core   0: 0x800099f4 (0x6aa9b813) sltiu   a6, s3, 1706
core   0: 3 0x800099f4 (0x6aa9b813) x16 0x00000000
core   0: 0x800099f8 (0xffca0a13) addi    s4, s4, -4
core   0: 3 0x800099f8 (0xffca0a13) x20 0xfffffffe
core   0: 0x800099fc (0x03a37d33) remu    s10, t1, s10
core   0: 3 0x800099fc (0x03a37d33) x26 0x00000000
core   0: 0x80009a00 (0xff8a1ae3) bne     s4, s8, pc - 12
core   0: 3 0x80009a00 (0xff8a1ae3)
core   0: 0x800099f4 (0x6aa9b813) sltiu   a6, s3, 1706
core   0: 3 0x800099f4 (0x6aa9b813) x16 0x00000000
core   0: 0x800099f8 (0xffca0a13) addi    s4, s4, -4
core   0: 3 0x800099f8 (0xffca0a13) x20 0xfffffffa
core   0: 0x800099fc (0x03a37d33) remu    s10, t1, s10
core   0: 3 0x800099fc (0x03a37d33) x26 0x800099b8
core   0: 0x80009a00 (0xff8a1ae3) bne     s4, s8, pc - 12
core   0: 3 0x80009a00 (0xff8a1ae3)
core   0: 0x800099f4 (0x6aa9b813) sltiu   a6, s3, 1706
core   0: 3 0x800099f4 (0x6aa9b813) x16 0x00000000
core   0: 0x800099f8 (0xffca0a13) addi    s4, s4, -4
core   0: 3 0x800099f8 (0xffca0a13) x20 0xfffffff6
core   0: 0x800099fc (0x03a37d33) remu    s10, t1, s10
core   0: 3 0x800099fc (0x03a37d33) x26 0x00000000
core   0: 0x80009a00 (0xff8a1ae3) bne     s4, s8, pc - 12
core   0: 3 0x80009a00 (0xff8a1ae3)
core   0: 0x800099f4 (0x6aa9b813) sltiu   a6, s3, 1706
core   0: 3 0x800099f4 (0x6aa9b813) x16 0x00000000
core   0: 0x800099f8 (0xffca0a13) addi    s4, s4, -4
core   0: 3 0x800099f8 (0xffca0a13) x20 0xfffffff2
core   0: 0x800099fc (0x03a37d33) remu    s10, t1, s10
core   0: 3 0x800099fc (0x03a37d33) x26 0x800099b8
core   0: 0x80009a00 (0xff8a1ae3) bne     s4, s8, pc - 12
core   0: 3 0x80009a00 (0xff8a1ae3)
core   0: 0x800099f4 (0x6aa9b813) sltiu   a6, s3, 1706
core   0: 3 0x800099f4 (0x6aa9b813) x16 0x00000000
core   0: 0x800099f8 (0xffca0a13) addi    s4, s4, -4
core   0: 3 0x800099f8 (0xffca0a13) x20 0xffffffee
core   0: 0x800099fc (0x03a37d33) remu    s10, t1, s10
core   0: 3 0x800099fc (0x03a37d33) x26 0x00000000
core   0: 0x80009a00 (0xff8a1ae3) bne     s4, s8, pc - 12
core   0: 3 0x80009a00 (0xff8a1ae3)
core   0: 0x80009a04 (0xfdd0cae3) blt     ra, t4, pc - 44
core   0: 3 0x80009a04 (0xfdd0cae3)
core   0: 0x800099d8 (0x03f8fe33) remu    t3, a7, t6
core   0: 3 0x800099d8 (0x03f8fe33) x28 0x00000001
core   0: 0x800099dc (0xad1b5797) auipc   a5, 0xad1b5
core   0: 3 0x800099dc (0xad1b5797) x15 0x2d1be9dc
core   0: 0x800099e0 (0x00208093) addi    ra, ra, 2
core   0: 3 0x800099e0 (0x00208093) x 1 0x0000000c
core   0: 0x800099e4 (0x08d93813) sltiu   a6, s2, 141
core   0: 3 0x800099e4 (0x08d93813) x16 0x00000000
core   0: 0x800099e8 (0x00a00a13) li      s4, 10
core   0: 3 0x800099e8 (0x00a00a13) x20 0x0000000a
core   0: 0x800099ec (0x01218bb3) add     s7, gp, s2
core   0: 3 0x800099ec (0x01218bb3) x23 0x000132c4
core   0: 0x800099f0 (0xfee00c13) li      s8, -18
core   0: 3 0x800099f0 (0xfee00c13) x24 0xffffffee
core   0: 0x800099f4 (0x6aa9b813) sltiu   a6, s3, 1706
core   0: 3 0x800099f4 (0x6aa9b813) x16 0x00000000
core   0: 0x800099f8 (0xffca0a13) addi    s4, s4, -4
core   0: 3 0x800099f8 (0xffca0a13) x20 0x00000006
core   0: 0x800099fc (0x03a37d33) remu    s10, t1, s10
core   0: 3 0x800099fc (0x03a37d33) x26 0x800099b8
core   0: 0x80009a00 (0xff8a1ae3) bne     s4, s8, pc - 12
core   0: 3 0x80009a00 (0xff8a1ae3)
core   0: 0x800099f4 (0x6aa9b813) sltiu   a6, s3, 1706
core   0: 3 0x800099f4 (0x6aa9b813) x16 0x00000000
core   0: 0x800099f8 (0xffca0a13) addi    s4, s4, -4
core   0: 3 0x800099f8 (0xffca0a13) x20 0x00000002
core   0: 0x800099fc (0x03a37d33) remu    s10, t1, s10
core   0: 3 0x800099fc (0x03a37d33) x26 0x00000000
core   0: 0x80009a00 (0xff8a1ae3) bne     s4, s8, pc - 12
core   0: 3 0x80009a00 (0xff8a1ae3)
core   0: 0x800099f4 (0x6aa9b813) sltiu   a6, s3, 1706
core   0: 3 0x800099f4 (0x6aa9b813) x16 0x00000000
core   0: 0x800099f8 (0xffca0a13) addi    s4, s4, -4
core   0: 3 0x800099f8 (0xffca0a13) x20 0xfffffffe
core   0: 0x800099fc (0x03a37d33) remu    s10, t1, s10
core   0: 3 0x800099fc (0x03a37d33) x26 0x800099b8
core   0: 0x80009a00 (0xff8a1ae3) bne     s4, s8, pc - 12
core   0: 3 0x80009a00 (0xff8a1ae3)
core   0: 0x800099f4 (0x6aa9b813) sltiu   a6, s3, 1706
core   0: 3 0x800099f4 (0x6aa9b813) x16 0x00000000
core   0: 0x800099f8 (0xffca0a13) addi    s4, s4, -4
core   0: 3 0x800099f8 (0xffca0a13) x20 0xfffffffa
core   0: 0x800099fc (0x03a37d33) remu    s10, t1, s10
core   0: 3 0x800099fc (0x03a37d33) x26 0x00000000
core   0: 0x80009a00 (0xff8a1ae3) bne     s4, s8, pc - 12
core   0: 3 0x80009a00 (0xff8a1ae3)
core   0: 0x800099f4 (0x6aa9b813) sltiu   a6, s3, 1706
core   0: 3 0x800099f4 (0x6aa9b813) x16 0x00000000
core   0: 0x800099f8 (0xffca0a13) addi    s4, s4, -4
core   0: 3 0x800099f8 (0xffca0a13) x20 0xfffffff6
core   0: 0x800099fc (0x03a37d33) remu    s10, t1, s10
core   0: 3 0x800099fc (0x03a37d33) x26 0x800099b8
core   0: 0x80009a00 (0xff8a1ae3) bne     s4, s8, pc - 12
core   0: 3 0x80009a00 (0xff8a1ae3)
core   0: 0x800099f4 (0x6aa9b813) sltiu   a6, s3, 1706
core   0: 3 0x800099f4 (0x6aa9b813) x16 0x00000000
core   0: 0x800099f8 (0xffca0a13) addi    s4, s4, -4
core   0: 3 0x800099f8 (0xffca0a13) x20 0xfffffff2
core   0: 0x800099fc (0x03a37d33) remu    s10, t1, s10
core   0: 3 0x800099fc (0x03a37d33) x26 0x00000000
core   0: 0x80009a00 (0xff8a1ae3) bne     s4, s8, pc - 12
core   0: 3 0x80009a00 (0xff8a1ae3)
core   0: 0x800099f4 (0x6aa9b813) sltiu   a6, s3, 1706
core   0: 3 0x800099f4 (0x6aa9b813) x16 0x00000000
core   0: 0x800099f8 (0xffca0a13) addi    s4, s4, -4
core   0: 3 0x800099f8 (0xffca0a13) x20 0xffffffee
core   0: 0x800099fc (0x03a37d33) remu    s10, t1, s10
core   0: 3 0x800099fc (0x03a37d33) x26 0x800099b8
core   0: 0x80009a00 (0xff8a1ae3) bne     s4, s8, pc - 12
core   0: 3 0x80009a00 (0xff8a1ae3)
core   0: 0x80009a04 (0xfdd0cae3) blt     ra, t4, pc - 44
core   0: 3 0x80009a04 (0xfdd0cae3)
core   0: 0x80009a08 (0x4947ea97) auipc   s5, 0x4947e
core   0: 3 0x80009a08 (0x4947ea97) x21 0xc9487a08
core   0: 0x80009a0c (0x00007d17) auipc   s10, 0x7
core   0: 3 0x80009a0c (0x00007d17) x26 0x80010a0c
core   0: 0x80009a10 (0xb76d0d13) addi    s10, s10, -1162
core   0: 3 0x80009a10 (0xb76d0d13) x26 0x80010582
core   0: 0x80009a14 (0x01cd1503) lh      a0, 28(s10)
core   0: 3 0x80009a14 (0x01cd1503) x10 0x00000000 mem 0x8001059e
core   0: 0x80009a18 (0x002d0e23) sb      sp, 28(s10)
core   0: 3 0x80009a18 (0x002d0e23) mem 0x8001059e 0x0
core   0: 0x80009a1c (0x01cd5003) lhu     zero, 28(s10)
core   0: 3 0x80009a1c (0x01cd5003) mem 0x8001059e
core   0: 0x80009a20 (0x41d15933) sra     s2, sp, t4
core   0: 3 0x80009a20 (0x41d15933) x18 0xfff00000
core   0: 0x80009a24 (0x040d5d83) lhu     s11, 64(s10)
core   0: 3 0x80009a24 (0x040d5d83) x27 0x00000000 mem 0x800105c2
core   0: 0x80009a28 (0x406a5013) srai    zero, s4, 6
core   0: 3 0x80009a28 (0x406a5013)
core   0: 0x80009a2c (0xfd9d0ea3) sb      s9, -35(s10)
core   0: 3 0x80009a2c (0xfd9d0ea3) mem 0x8001055f 0x58
core   0: 0x80009a30 (0xfddd0783) lb      a5, -35(s10)
core   0: 3 0x80009a30 (0xfddd0783) x15 0x00000058 mem 0x8001055f
core   0: 0x80009a34 (0xfddd4683) lbu     a3, -35(s10)
core   0: 3 0x80009a34 (0xfddd4683) x13 0x00000058 mem 0x8001055f
core   0: 0x80009a38 (0xfd8d0ea3) sb      s8, -35(s10)
core   0: 3 0x80009a38 (0xfd8d0ea3) mem 0x8001055f 0xee
core   0: 0x80009a3c (0xfdbd0ea3) sb      s11, -35(s10)
core   0: 3 0x80009a3c (0xfdbd0ea3) mem 0x8001055f 0x0
core   0: 0x80009a40 (0xfded0ea3) sb      t5, -35(s10)
core   0: 3 0x80009a40 (0xfded0ea3) mem 0x8001055f 0x0
core   0: 0x80009a44 (0xfe8d4c83) lbu     s9, -24(s10)
core   0: 3 0x80009a44 (0xfe8d4c83) x25 0x00000000 mem 0x8001056a
core   0: 0x80009a48 (0xbee3a513) slti    a0, t2, -1042
core   0: 3 0x80009a48 (0xbee3a513) x10 0x00000000
core   0: 0x80009a4c (0xfcdd4603) lbu     a2, -51(s10)
core   0: 3 0x80009a4c (0xfcdd4603) x12 0x00000000 mem 0x8001054f
core   0: 0x80009a50 (0xffad2603) lw      a2, -6(s10)
core   0: 3 0x80009a50 (0xffad2603) x12 0x00000000 mem 0x8001057c
core   0: 0x80009a54 (0x14c82cb7) lui     s9, 0x14c82
core   0: 3 0x80009a54 (0x14c82cb7) x25 0x14c82000
core   0: 0x80009a58 (0x408ddc33) sra     s8, s11, s0
core   0: 3 0x80009a58 (0x408ddc33) x24 0x00000000
core   0: 0x80009a5c (0x03fd0503) lb      a0, 63(s10)
core   0: 3 0x80009a5c (0x03fd0503) x10 0x00000000 mem 0x800105c1
core   0: 0x80009a60 (0x8d816593) ori     a1, sp, -1832
core   0: 3 0x80009a60 (0x8d816593) x11 0xfffff8d8
core   0: 0x80009a64 (0x024d0fa3) sb      tp, 63(s10)
core   0: 3 0x80009a64 (0x024d0fa3) mem 0x800105c1 0x0
core   0: 0x80009a68 (0x03fd4783) lbu     a5, 63(s10)
core   0: 3 0x80009a68 (0x03fd4783) x15 0x00000000 mem 0x800105c1
core   0: 0x80009a6c (0x036d1583) lh      a1, 54(s10)
core   0: 3 0x80009a6c (0x036d1583) x11 0x00000000 mem 0x800105b8
core   0: 0x80009a70 (0xfedd07a3) sb      a3, -17(s10)
core   0: 3 0x80009a70 (0xfedd07a3) mem 0x80010571 0x58
core   0: 0x80009a74 (0xfefd0903) lb      s2, -17(s10)
core   0: 3 0x80009a74 (0xfefd0903) x18 0x00000058 mem 0x80010571
core   0: 0x80009a78 (0x0000e797) auipc   a5, 0xe
core   0: 3 0x80009a78 (0x0000e797) x15 0x80017a78
core   0: 0x80009a7c (0x45278793) addi    a5, a5, 1106
core   0: 3 0x80009a7c (0x45278793) x15 0x80017eca
core   0: 0x80009a80 (0x408bd833) sra     a6, s7, s0
core   0: 3 0x80009a80 (0x408bd833) x16 0x000132c4
core   0: 0x80009a84 (0x01479503) lh      a0, 20(a5)
core   0: 3 0x80009a84 (0x01479503) x10 0x00000000 mem 0x80017ede
core   0: 0x80009a88 (0xdcd78503) lb      a0, -563(a5)
core   0: 3 0x80009a88 (0xdcd78503) x10 0x00000000 mem 0x80017c97
core   0: 0x80009a8c (0x4e478d83) lb      s11, 1252(a5)
core   0: 3 0x80009a8c (0x4e478d83) x27 0x00000000 mem 0x800183ae
core   0: 0x80009a90 (0x20378d83) lb      s11, 515(a5)
core   0: 3 0x80009a90 (0x20378d83) x27 0x00000000 mem 0x800180cd
core   0: 0x80009a94 (0x00fb9d93) slli    s11, s7, 15
core   0: 3 0x80009a94 (0x00fb9d93) x27 0x99620000
core   0: 0x80009a98 (0x40855813) srai    a6, a0, 8
core   0: 3 0x80009a98 (0x40855813) x16 0x00000000
core   0: 0x80009a9c (0xe9078aa3) sb      a6, -363(a5)
core   0: 3 0x80009a9c (0xe9078aa3) mem 0x80017d5f 0x0
core   0: 0x80009aa0 (0xca070413) addi    s0, a4, -864
core   0: 3 0x80009aa0 (0xca070413) x 8 0x80029984
core   0: 0x80009aa4 (0xf78da813) slti    a6, s11, -136
core   0: 3 0x80009aa4 (0xf78da813) x16 0x00000001
core   0: 0x80009aa8 (0xc3578b83) lb      s7, -971(a5)
core   0: 3 0x80009aa8 (0xc3578b83) x23 0x00000000 mem 0x80017aff
core   0: 0x80009aac (0x5b87c803) lbu     a6, 1464(a5)
core   0: 3 0x80009aac (0x5b87c803) x16 0x00000000 mem 0x80018482
core   0: 0x80009ab0 (0xa487c803) lbu     a6, -1464(a5)
core   0: 3 0x80009ab0 (0xa487c803) x16 0x00000000 mem 0x80017912
core   0: 0x80009ab4 (0x015bdb93) srli    s7, s7, 21
core   0: 3 0x80009ab4 (0x015bdb93) x23 0x00000000
core   0: 0x80009ab8 (0x22d78703) lb      a4, 557(a5)
core   0: 3 0x80009ab8 (0x22d78703) x14 0x00000000 mem 0x800180f7
core   0: 0x80009abc (0x02a57833) remu    a6, a0, a0
core   0: 3 0x80009abc (0x02a57833) x16 0x00000000
core   0: 0x80009ac0 (0x20d7cb83) lbu     s7, 525(a5)
core   0: 3 0x80009ac0 (0x20d7cb83) x23 0x00000000 mem 0x800180d7
core   0: 0x80009ac4 (0xa5b79723) sh      s11, -1458(a5)
core   0: 3 0x80009ac4 (0xa5b79723) mem 0x80017918 0x0000
core   0: 0x80009ac8 (0xf0378b83) lb      s7, -253(a5)
core   0: 3 0x80009ac8 (0xf0378b83) x23 0x00000000 mem 0x80017dcd
core   0: 0x80009acc (0x0b07ad23) sw      a6, 186(a5)
core   0: 3 0x80009acc (0x0b07ad23) mem 0x80017f84 0x00000000
core   0: 0x80009ad0 (0x96e79123) sh      a4, -1694(a5)
core   0: 3 0x80009ad0 (0x96e79123) mem 0x8001782c 0x0000
core   0: 0x80009ad4 (0x52878223) sb      s0, 1316(a5)
core   0: 3 0x80009ad4 (0x52878223) mem 0x800183ee 0x84
core   0: 0x80009ad8 (0x3ef7c703) lbu     a4, 1007(a5)
core   0: 3 0x80009ad8 (0x3ef7c703) x14 0x00000000 mem 0x800182b9
core   0: 0x80009adc (0x037b8733) mul     a4, s7, s7
core   0: 3 0x80009adc (0x037b8733) x14 0x00000000
core   0: 0x80009ae0 (0x404bd713) srai    a4, s7, 4
core   0: 3 0x80009ae0 (0x404bd713) x14 0x00000000
core   0: 0x80009ae4 (0x02adc533) div     a0, s11, a0
core   0: 3 0x80009ae4 (0x02adc533) x10 0xffffffff
core   0: 0x80009ae8 (0x008bfdb3) and     s11, s7, s0
core   0: 3 0x80009ae8 (0x008bfdb3) x27 0x00000000
core   0: 0x80009aec (0x03055bb3) divu    s7, a0, a6
core   0: 3 0x80009aec (0x03055bb3) x23 0xffffffff
core   0: 0x80009af0 (0x97b79423) sh      s11, -1688(a5)
core   0: 3 0x80009af0 (0x97b79423) mem 0x80017832 0x0000
core   0: 0x80009af4 (0x01b46bb3) or      s7, s0, s11
core   0: 3 0x80009af4 (0x01b46bb3) x23 0x80029984
core   0: 0x80009af8 (0x64e79d83) lh      s11, 1614(a5)
core   0: 3 0x80009af8 (0x64e79d83) x27 0x00000000 mem 0x80018518
core   0: 0x80009afc (0x02e77833) remu    a6, a4, a4
core   0: 3 0x80009afc (0x02e77833) x16 0x00000000
core   0: 0x80009b00 (0xbfb784a3) sb      s11, -1047(a5)
core   0: 3 0x80009b00 (0xbfb784a3) mem 0x80017ab3 0x0
core   0: 0x80009b04 (0x3e878423) sb      s0, 1000(a5)
core   0: 3 0x80009b04 (0x3e878423) mem 0x800182b2 0x84
core   0: 0x80009b08 (0x8c678403) lb      s0, -1850(a5)
core   0: 3 0x80009b08 (0x8c678403) x 8 0x00000000 mem 0x80017790
core   0: 0x80009b0c (0xba878503) lb      a0, -1112(a5)
core   0: 3 0x80009b0c (0xba878503) x10 0x00000000 mem 0x80017a72
core   0: 0x80009b10 (0x010dfdb3) and     s11, s11, a6
core   0: 3 0x80009b10 (0x010dfdb3) x27 0x00000000
core   0: 0x80009b14 (0x41078323) sb      a6, 1030(a5)
core   0: 3 0x80009b14 (0x41078323) mem 0x800182d0 0x0
core   0: 0x80009b18 (0xfb47cd83) lbu     s11, -76(a5)
core   0: 3 0x80009b18 (0xfb47cd83) x27 0x00000000 mem 0x80017e7e
core   0: 0x80009b1c (0xb2a7dd83) lhu     s11, -1238(a5)
core   0: 3 0x80009b1c (0xb2a7dd83) x27 0x00000000 mem 0x800179f4
core   0: 0x80009b20 (0x8cc78803) lb      a6, -1844(a5)
core   0: 3 0x80009b20 (0x8cc78803) x16 0x00000000 mem 0x80017796
core   0: 0x80009b24 (0xfea78623) sb      a0, -20(a5)
core   0: 3 0x80009b24 (0xfea78623) mem 0x80017eb6 0x0
core   0: 0x80009b28 (0x00600593) li      a1, 6
core   0: 3 0x80009b28 (0x00600593) x11 0x00000006
core   0: 0x80009b2c (0xea45ba13) sltiu   s4, a1, -348
core   0: 3 0x80009b2c (0xea45ba13) x20 0x00000001
core   0: 0x80009b30 (0x5bd3eb93) ori     s7, t2, 1469
core   0: 3 0x80009b30 (0x5bd3eb93) x23 0x000005bd
core   0: 0x80009b34 (0x00e00513) li      a0, 14
core   0: 3 0x80009b34 (0x00e00513) x10 0x0000000e
core   0: 0x80009b38 (0x4071d713) srai    a4, gp, 7
core   0: 3 0x80009b38 (0x4071d713) x14 0xff000133
core   0: 0x80009b3c (0x6e0a4993) xori    s3, s4, 1760
core   0: 3 0x80009b3c (0x6e0a4993) x19 0x000006e1
core   0: 0x80009b40 (0x00efc1b3) xor     gp, t6, a4
core   0: 3 0x80009b40 (0x00efc1b3) x 3 0x7f025f0b
core   0: 0x80009b44 (0x00458593) addi    a1, a1, 4
core   0: 3 0x80009b44 (0x00458593) x11 0x0000000a
core   0: 0x80009b48 (0xfea5cae3) blt     a1, a0, pc - 12
core   0: 3 0x80009b48 (0xfea5cae3)
core   0: 0x80009b3c (0x6e0a4993) xori    s3, s4, 1760
core   0: 3 0x80009b3c (0x6e0a4993) x19 0x000006e1
core   0: 0x80009b40 (0x00efc1b3) xor     gp, t6, a4
core   0: 3 0x80009b40 (0x00efc1b3) x 3 0x7f025f0b
core   0: 0x80009b44 (0x00458593) addi    a1, a1, 4
core   0: 3 0x80009b44 (0x00458593) x11 0x0000000e
core   0: 0x80009b48 (0xfea5cae3) blt     a1, a0, pc - 12
core   0: 3 0x80009b48 (0xfea5cae3)
core   0: 0x80009b4c (0x02b98a33) mul     s4, s3, a1
core   0: 3 0x80009b4c (0x02b98a33) x20 0x0000604e
core   0: 0x80009b50 (0xff600713) li      a4, -10
core   0: 3 0x80009b50 (0xff600713) x14 0xfffffff6
core   0: 0x80009b54 (0x00700c13) li      s8, 7
core   0: 3 0x80009b54 (0x00700c13) x24 0x00000007
core   0: 0x80009b58 (0x034949b3) div     s3, s2, s4
core   0: 3 0x80009b58 (0x034949b3) x19 0x00000000
core   0: 0x80009b5c (0x00170713) addi    a4, a4, 1
core   0: 3 0x80009b5c (0x00170713) x14 0xfffffff7
core   0: 0x80009b60 (0x41805f13) srai    t5, zero, 24
core   0: 3 0x80009b60 (0x41805f13) x30 0x00000000
core   0: 0x80009b64 (0x00900d13) li      s10, 9
core   0: 3 0x80009b64 (0x00900d13) x26 0x00000009
core   0: 0x80009b68 (0x00800b93) li      s7, 8
core   0: 3 0x80009b68 (0x00800b93) x23 0x00000008
core   0: 0x80009b6c (0x00e8b8b3) sltu    a7, a7, a4
core   0: 3 0x80009b6c (0x00e8b8b3) x17 0x00000001
core   0: 0x80009b70 (0xffdd0d13) addi    s10, s10, -3
core   0: 3 0x80009b70 (0xffdd0d13) x26 0x00000006
core   0: 0x80009b74 (0xff7d5ce3) bge     s10, s7, pc - 8
core   0: 3 0x80009b74 (0xff7d5ce3)
core   0: 0x80009b78 (0x64892a37) lui     s4, 0x64892
core   0: 3 0x80009b78 (0x64892a37) x20 0x64892000
core   0: 0x80009b7c (0xfd874ee3) blt     a4, s8, pc - 36
core   0: 3 0x80009b7c (0xfd874ee3)
core   0: 0x80009b58 (0x034949b3) div     s3, s2, s4
core   0: 3 0x80009b58 (0x034949b3) x19 0x00000000
core   0: 0x80009b5c (0x00170713) addi    a4, a4, 1
core   0: 3 0x80009b5c (0x00170713) x14 0xfffffff8
core   0: 0x80009b60 (0x41805f13) srai    t5, zero, 24
core   0: 3 0x80009b60 (0x41805f13) x30 0x00000000
core   0: 0x80009b64 (0x00900d13) li      s10, 9
core   0: 3 0x80009b64 (0x00900d13) x26 0x00000009
core   0: 0x80009b68 (0x00800b93) li      s7, 8
core   0: 3 0x80009b68 (0x00800b93) x23 0x00000008
core   0: 0x80009b6c (0x00e8b8b3) sltu    a7, a7, a4
core   0: 3 0x80009b6c (0x00e8b8b3) x17 0x00000001
core   0: 0x80009b70 (0xffdd0d13) addi    s10, s10, -3
core   0: 3 0x80009b70 (0xffdd0d13) x26 0x00000006
core   0: 0x80009b74 (0xff7d5ce3) bge     s10, s7, pc - 8
core   0: 3 0x80009b74 (0xff7d5ce3)
core   0: 0x80009b78 (0x64892a37) lui     s4, 0x64892
core   0: 3 0x80009b78 (0x64892a37) x20 0x64892000
core   0: 0x80009b7c (0xfd874ee3) blt     a4, s8, pc - 36
core   0: 3 0x80009b7c (0xfd874ee3)
core   0: 0x80009b58 (0x034949b3) div     s3, s2, s4
core   0: 3 0x80009b58 (0x034949b3) x19 0x00000000
core   0: 0x80009b5c (0x00170713) addi    a4, a4, 1
core   0: 3 0x80009b5c (0x00170713) x14 0xfffffff9
core   0: 0x80009b60 (0x41805f13) srai    t5, zero, 24
core   0: 3 0x80009b60 (0x41805f13) x30 0x00000000
core   0: 0x80009b64 (0x00900d13) li      s10, 9
core   0: 3 0x80009b64 (0x00900d13) x26 0x00000009
core   0: 0x80009b68 (0x00800b93) li      s7, 8
core   0: 3 0x80009b68 (0x00800b93) x23 0x00000008
core   0: 0x80009b6c (0x00e8b8b3) sltu    a7, a7, a4
core   0: 3 0x80009b6c (0x00e8b8b3) x17 0x00000001
core   0: 0x80009b70 (0xffdd0d13) addi    s10, s10, -3
core   0: 3 0x80009b70 (0xffdd0d13) x26 0x00000006
core   0: 0x80009b74 (0xff7d5ce3) bge     s10, s7, pc - 8
core   0: 3 0x80009b74 (0xff7d5ce3)
core   0: 0x80009b78 (0x64892a37) lui     s4, 0x64892
core   0: 3 0x80009b78 (0x64892a37) x20 0x64892000
core   0: 0x80009b7c (0xfd874ee3) blt     a4, s8, pc - 36
core   0: 3 0x80009b7c (0xfd874ee3)
core   0: 0x80009b58 (0x034949b3) div     s3, s2, s4
core   0: 3 0x80009b58 (0x034949b3) x19 0x00000000
core   0: 0x80009b5c (0x00170713) addi    a4, a4, 1
core   0: 3 0x80009b5c (0x00170713) x14 0xfffffffa
core   0: 0x80009b60 (0x41805f13) srai    t5, zero, 24
core   0: 3 0x80009b60 (0x41805f13) x30 0x00000000
core   0: 0x80009b64 (0x00900d13) li      s10, 9
core   0: 3 0x80009b64 (0x00900d13) x26 0x00000009
core   0: 0x80009b68 (0x00800b93) li      s7, 8
core   0: 3 0x80009b68 (0x00800b93) x23 0x00000008
core   0: 0x80009b6c (0x00e8b8b3) sltu    a7, a7, a4
core   0: 3 0x80009b6c (0x00e8b8b3) x17 0x00000001
core   0: 0x80009b70 (0xffdd0d13) addi    s10, s10, -3
core   0: 3 0x80009b70 (0xffdd0d13) x26 0x00000006
core   0: 0x80009b74 (0xff7d5ce3) bge     s10, s7, pc - 8
core   0: 3 0x80009b74 (0xff7d5ce3)
core   0: 0x80009b78 (0x64892a37) lui     s4, 0x64892
core   0: 3 0x80009b78 (0x64892a37) x20 0x64892000
core   0: 0x80009b7c (0xfd874ee3) blt     a4, s8, pc - 36
core   0: 3 0x80009b7c (0xfd874ee3)
core   0: 0x80009b58 (0x034949b3) div     s3, s2, s4
core   0: 3 0x80009b58 (0x034949b3) x19 0x00000000
core   0: 0x80009b5c (0x00170713) addi    a4, a4, 1
core   0: 3 0x80009b5c (0x00170713) x14 0xfffffffb
core   0: 0x80009b60 (0x41805f13) srai    t5, zero, 24
core   0: 3 0x80009b60 (0x41805f13) x30 0x00000000
core   0: 0x80009b64 (0x00900d13) li      s10, 9
core   0: 3 0x80009b64 (0x00900d13) x26 0x00000009
core   0: 0x80009b68 (0x00800b93) li      s7, 8
core   0: 3 0x80009b68 (0x00800b93) x23 0x00000008
core   0: 0x80009b6c (0x00e8b8b3) sltu    a7, a7, a4
core   0: 3 0x80009b6c (0x00e8b8b3) x17 0x00000001
core   0: 0x80009b70 (0xffdd0d13) addi    s10, s10, -3
core   0: 3 0x80009b70 (0xffdd0d13) x26 0x00000006
core   0: 0x80009b74 (0xff7d5ce3) bge     s10, s7, pc - 8
core   0: 3 0x80009b74 (0xff7d5ce3)
core   0: 0x80009b78 (0x64892a37) lui     s4, 0x64892
core   0: 3 0x80009b78 (0x64892a37) x20 0x64892000
core   0: 0x80009b7c (0xfd874ee3) blt     a4, s8, pc - 36
core   0: 3 0x80009b7c (0xfd874ee3)
core   0: 0x80009b58 (0x034949b3) div     s3, s2, s4
core   0: 3 0x80009b58 (0x034949b3) x19 0x00000000
core   0: 0x80009b5c (0x00170713) addi    a4, a4, 1
core   0: 3 0x80009b5c (0x00170713) x14 0xfffffffc
core   0: 0x80009b60 (0x41805f13) srai    t5, zero, 24
core   0: 3 0x80009b60 (0x41805f13) x30 0x00000000
core   0: 0x80009b64 (0x00900d13) li      s10, 9
core   0: 3 0x80009b64 (0x00900d13) x26 0x00000009
core   0: 0x80009b68 (0x00800b93) li      s7, 8
core   0: 3 0x80009b68 (0x00800b93) x23 0x00000008
core   0: 0x80009b6c (0x00e8b8b3) sltu    a7, a7, a4
core   0: 3 0x80009b6c (0x00e8b8b3) x17 0x00000001
core   0: 0x80009b70 (0xffdd0d13) addi    s10, s10, -3
core   0: 3 0x80009b70 (0xffdd0d13) x26 0x00000006
core   0: 0x80009b74 (0xff7d5ce3) bge     s10, s7, pc - 8
core   0: 3 0x80009b74 (0xff7d5ce3)
core   0: 0x80009b78 (0x64892a37) lui     s4, 0x64892
core   0: 3 0x80009b78 (0x64892a37) x20 0x64892000
core   0: 0x80009b7c (0xfd874ee3) blt     a4, s8, pc - 36
core   0: 3 0x80009b7c (0xfd874ee3)
core   0: 0x80009b58 (0x034949b3) div     s3, s2, s4
core   0: 3 0x80009b58 (0x034949b3) x19 0x00000000
core   0: 0x80009b5c (0x00170713) addi    a4, a4, 1
core   0: 3 0x80009b5c (0x00170713) x14 0xfffffffd
core   0: 0x80009b60 (0x41805f13) srai    t5, zero, 24
core   0: 3 0x80009b60 (0x41805f13) x30 0x00000000
core   0: 0x80009b64 (0x00900d13) li      s10, 9
core   0: 3 0x80009b64 (0x00900d13) x26 0x00000009
core   0: 0x80009b68 (0x00800b93) li      s7, 8
core   0: 3 0x80009b68 (0x00800b93) x23 0x00000008
core   0: 0x80009b6c (0x00e8b8b3) sltu    a7, a7, a4
core   0: 3 0x80009b6c (0x00e8b8b3) x17 0x00000001
core   0: 0x80009b70 (0xffdd0d13) addi    s10, s10, -3
core   0: 3 0x80009b70 (0xffdd0d13) x26 0x00000006
core   0: 0x80009b74 (0xff7d5ce3) bge     s10, s7, pc - 8
core   0: 3 0x80009b74 (0xff7d5ce3)
core   0: 0x80009b78 (0x64892a37) lui     s4, 0x64892
core   0: 3 0x80009b78 (0x64892a37) x20 0x64892000
core   0: 0x80009b7c (0xfd874ee3) blt     a4, s8, pc - 36
core   0: 3 0x80009b7c (0xfd874ee3)
core   0: 0x80009b58 (0x034949b3) div     s3, s2, s4
core   0: 3 0x80009b58 (0x034949b3) x19 0x00000000
core   0: 0x80009b5c (0x00170713) addi    a4, a4, 1
core   0: 3 0x80009b5c (0x00170713) x14 0xfffffffe
core   0: 0x80009b60 (0x41805f13) srai    t5, zero, 24
core   0: 3 0x80009b60 (0x41805f13) x30 0x00000000
core   0: 0x80009b64 (0x00900d13) li      s10, 9
core   0: 3 0x80009b64 (0x00900d13) x26 0x00000009
core   0: 0x80009b68 (0x00800b93) li      s7, 8
core   0: 3 0x80009b68 (0x00800b93) x23 0x00000008
core   0: 0x80009b6c (0x00e8b8b3) sltu    a7, a7, a4
core   0: 3 0x80009b6c (0x00e8b8b3) x17 0x00000001
core   0: 0x80009b70 (0xffdd0d13) addi    s10, s10, -3
core   0: 3 0x80009b70 (0xffdd0d13) x26 0x00000006
core   0: 0x80009b74 (0xff7d5ce3) bge     s10, s7, pc - 8
core   0: 3 0x80009b74 (0xff7d5ce3)
core   0: 0x80009b78 (0x64892a37) lui     s4, 0x64892
core   0: 3 0x80009b78 (0x64892a37) x20 0x64892000
core   0: 0x80009b7c (0xfd874ee3) blt     a4, s8, pc - 36
core   0: 3 0x80009b7c (0xfd874ee3)
core   0: 0x80009b58 (0x034949b3) div     s3, s2, s4
core   0: 3 0x80009b58 (0x034949b3) x19 0x00000000
core   0: 0x80009b5c (0x00170713) addi    a4, a4, 1
core   0: 3 0x80009b5c (0x00170713) x14 0xffffffff
core   0: 0x80009b60 (0x41805f13) srai    t5, zero, 24
core   0: 3 0x80009b60 (0x41805f13) x30 0x00000000
core   0: 0x80009b64 (0x00900d13) li      s10, 9
core   0: 3 0x80009b64 (0x00900d13) x26 0x00000009
core   0: 0x80009b68 (0x00800b93) li      s7, 8
core   0: 3 0x80009b68 (0x00800b93) x23 0x00000008
core   0: 0x80009b6c (0x00e8b8b3) sltu    a7, a7, a4
core   0: 3 0x80009b6c (0x00e8b8b3) x17 0x00000001
core   0: 0x80009b70 (0xffdd0d13) addi    s10, s10, -3
core   0: 3 0x80009b70 (0xffdd0d13) x26 0x00000006
core   0: 0x80009b74 (0xff7d5ce3) bge     s10, s7, pc - 8
core   0: 3 0x80009b74 (0xff7d5ce3)
core   0: 0x80009b78 (0x64892a37) lui     s4, 0x64892
core   0: 3 0x80009b78 (0x64892a37) x20 0x64892000
core   0: 0x80009b7c (0xfd874ee3) blt     a4, s8, pc - 36
core   0: 3 0x80009b7c (0xfd874ee3)
core   0: 0x80009b58 (0x034949b3) div     s3, s2, s4
core   0: 3 0x80009b58 (0x034949b3) x19 0x00000000
core   0: 0x80009b5c (0x00170713) addi    a4, a4, 1
core   0: 3 0x80009b5c (0x00170713) x14 0x00000000
core   0: 0x80009b60 (0x41805f13) srai    t5, zero, 24
core   0: 3 0x80009b60 (0x41805f13) x30 0x00000000
core   0: 0x80009b64 (0x00900d13) li      s10, 9
core   0: 3 0x80009b64 (0x00900d13) x26 0x00000009
core   0: 0x80009b68 (0x00800b93) li      s7, 8
core   0: 3 0x80009b68 (0x00800b93) x23 0x00000008
core   0: 0x80009b6c (0x00e8b8b3) sltu    a7, a7, a4
core   0: 3 0x80009b6c (0x00e8b8b3) x17 0x00000000
core   0: 0x80009b70 (0xffdd0d13) addi    s10, s10, -3
core   0: 3 0x80009b70 (0xffdd0d13) x26 0x00000006
core   0: 0x80009b74 (0xff7d5ce3) bge     s10, s7, pc - 8
core   0: 3 0x80009b74 (0xff7d5ce3)
core   0: 0x80009b78 (0x64892a37) lui     s4, 0x64892
core   0: 3 0x80009b78 (0x64892a37) x20 0x64892000
core   0: 0x80009b7c (0xfd874ee3) blt     a4, s8, pc - 36
core   0: 3 0x80009b7c (0xfd874ee3)
core   0: 0x80009b58 (0x034949b3) div     s3, s2, s4
core   0: 3 0x80009b58 (0x034949b3) x19 0x00000000
core   0: 0x80009b5c (0x00170713) addi    a4, a4, 1
core   0: 3 0x80009b5c (0x00170713) x14 0x00000001
core   0: 0x80009b60 (0x41805f13) srai    t5, zero, 24
core   0: 3 0x80009b60 (0x41805f13) x30 0x00000000
core   0: 0x80009b64 (0x00900d13) li      s10, 9
core   0: 3 0x80009b64 (0x00900d13) x26 0x00000009
core   0: 0x80009b68 (0x00800b93) li      s7, 8
core   0: 3 0x80009b68 (0x00800b93) x23 0x00000008
core   0: 0x80009b6c (0x00e8b8b3) sltu    a7, a7, a4
core   0: 3 0x80009b6c (0x00e8b8b3) x17 0x00000001
core   0: 0x80009b70 (0xffdd0d13) addi    s10, s10, -3
core   0: 3 0x80009b70 (0xffdd0d13) x26 0x00000006
core   0: 0x80009b74 (0xff7d5ce3) bge     s10, s7, pc - 8
core   0: 3 0x80009b74 (0xff7d5ce3)
core   0: 0x80009b78 (0x64892a37) lui     s4, 0x64892
core   0: 3 0x80009b78 (0x64892a37) x20 0x64892000
core   0: 0x80009b7c (0xfd874ee3) blt     a4, s8, pc - 36
core   0: 3 0x80009b7c (0xfd874ee3)
core   0: 0x80009b58 (0x034949b3) div     s3, s2, s4
core   0: 3 0x80009b58 (0x034949b3) x19 0x00000000
core   0: 0x80009b5c (0x00170713) addi    a4, a4, 1
core   0: 3 0x80009b5c (0x00170713) x14 0x00000002
core   0: 0x80009b60 (0x41805f13) srai    t5, zero, 24
core   0: 3 0x80009b60 (0x41805f13) x30 0x00000000
core   0: 0x80009b64 (0x00900d13) li      s10, 9
core   0: 3 0x80009b64 (0x00900d13) x26 0x00000009
core   0: 0x80009b68 (0x00800b93) li      s7, 8
core   0: 3 0x80009b68 (0x00800b93) x23 0x00000008
core   0: 0x80009b6c (0x00e8b8b3) sltu    a7, a7, a4
core   0: 3 0x80009b6c (0x00e8b8b3) x17 0x00000001
core   0: 0x80009b70 (0xffdd0d13) addi    s10, s10, -3
core   0: 3 0x80009b70 (0xffdd0d13) x26 0x00000006
core   0: 0x80009b74 (0xff7d5ce3) bge     s10, s7, pc - 8
core   0: 3 0x80009b74 (0xff7d5ce3)
core   0: 0x80009b78 (0x64892a37) lui     s4, 0x64892
core   0: 3 0x80009b78 (0x64892a37) x20 0x64892000
core   0: 0x80009b7c (0xfd874ee3) blt     a4, s8, pc - 36
core   0: 3 0x80009b7c (0xfd874ee3)
core   0: 0x80009b58 (0x034949b3) div     s3, s2, s4
core   0: 3 0x80009b58 (0x034949b3) x19 0x00000000
core   0: 0x80009b5c (0x00170713) addi    a4, a4, 1
core   0: 3 0x80009b5c (0x00170713) x14 0x00000003
core   0: 0x80009b60 (0x41805f13) srai    t5, zero, 24
core   0: 3 0x80009b60 (0x41805f13) x30 0x00000000
core   0: 0x80009b64 (0x00900d13) li      s10, 9
core   0: 3 0x80009b64 (0x00900d13) x26 0x00000009
core   0: 0x80009b68 (0x00800b93) li      s7, 8
core   0: 3 0x80009b68 (0x00800b93) x23 0x00000008
core   0: 0x80009b6c (0x00e8b8b3) sltu    a7, a7, a4
core   0: 3 0x80009b6c (0x00e8b8b3) x17 0x00000001
core   0: 0x80009b70 (0xffdd0d13) addi    s10, s10, -3
core   0: 3 0x80009b70 (0xffdd0d13) x26 0x00000006
core   0: 0x80009b74 (0xff7d5ce3) bge     s10, s7, pc - 8
core   0: 3 0x80009b74 (0xff7d5ce3)
core   0: 0x80009b78 (0x64892a37) lui     s4, 0x64892
core   0: 3 0x80009b78 (0x64892a37) x20 0x64892000
core   0: 0x80009b7c (0xfd874ee3) blt     a4, s8, pc - 36
core   0: 3 0x80009b7c (0xfd874ee3)
core   0: 0x80009b58 (0x034949b3) div     s3, s2, s4
core   0: 3 0x80009b58 (0x034949b3) x19 0x00000000
core   0: 0x80009b5c (0x00170713) addi    a4, a4, 1
core   0: 3 0x80009b5c (0x00170713) x14 0x00000004
core   0: 0x80009b60 (0x41805f13) srai    t5, zero, 24
core   0: 3 0x80009b60 (0x41805f13) x30 0x00000000
core   0: 0x80009b64 (0x00900d13) li      s10, 9
core   0: 3 0x80009b64 (0x00900d13) x26 0x00000009
core   0: 0x80009b68 (0x00800b93) li      s7, 8
core   0: 3 0x80009b68 (0x00800b93) x23 0x00000008
core   0: 0x80009b6c (0x00e8b8b3) sltu    a7, a7, a4
core   0: 3 0x80009b6c (0x00e8b8b3) x17 0x00000001
core   0: 0x80009b70 (0xffdd0d13) addi    s10, s10, -3
core   0: 3 0x80009b70 (0xffdd0d13) x26 0x00000006
core   0: 0x80009b74 (0xff7d5ce3) bge     s10, s7, pc - 8
core   0: 3 0x80009b74 (0xff7d5ce3)
core   0: 0x80009b78 (0x64892a37) lui     s4, 0x64892
core   0: 3 0x80009b78 (0x64892a37) x20 0x64892000
core   0: 0x80009b7c (0xfd874ee3) blt     a4, s8, pc - 36
core   0: 3 0x80009b7c (0xfd874ee3)
core   0: 0x80009b58 (0x034949b3) div     s3, s2, s4
core   0: 3 0x80009b58 (0x034949b3) x19 0x00000000
core   0: 0x80009b5c (0x00170713) addi    a4, a4, 1
core   0: 3 0x80009b5c (0x00170713) x14 0x00000005
core   0: 0x80009b60 (0x41805f13) srai    t5, zero, 24
core   0: 3 0x80009b60 (0x41805f13) x30 0x00000000
core   0: 0x80009b64 (0x00900d13) li      s10, 9
core   0: 3 0x80009b64 (0x00900d13) x26 0x00000009
core   0: 0x80009b68 (0x00800b93) li      s7, 8
core   0: 3 0x80009b68 (0x00800b93) x23 0x00000008
core   0: 0x80009b6c (0x00e8b8b3) sltu    a7, a7, a4
core   0: 3 0x80009b6c (0x00e8b8b3) x17 0x00000001
core   0: 0x80009b70 (0xffdd0d13) addi    s10, s10, -3
core   0: 3 0x80009b70 (0xffdd0d13) x26 0x00000006
core   0: 0x80009b74 (0xff7d5ce3) bge     s10, s7, pc - 8
core   0: 3 0x80009b74 (0xff7d5ce3)
core   0: 0x80009b78 (0x64892a37) lui     s4, 0x64892
core   0: 3 0x80009b78 (0x64892a37) x20 0x64892000
core   0: 0x80009b7c (0xfd874ee3) blt     a4, s8, pc - 36
core   0: 3 0x80009b7c (0xfd874ee3)
core   0: 0x80009b58 (0x034949b3) div     s3, s2, s4
core   0: 3 0x80009b58 (0x034949b3) x19 0x00000000
core   0: 0x80009b5c (0x00170713) addi    a4, a4, 1
core   0: 3 0x80009b5c (0x00170713) x14 0x00000006
core   0: 0x80009b60 (0x41805f13) srai    t5, zero, 24
core   0: 3 0x80009b60 (0x41805f13) x30 0x00000000
core   0: 0x80009b64 (0x00900d13) li      s10, 9
core   0: 3 0x80009b64 (0x00900d13) x26 0x00000009
core   0: 0x80009b68 (0x00800b93) li      s7, 8
core   0: 3 0x80009b68 (0x00800b93) x23 0x00000008
core   0: 0x80009b6c (0x00e8b8b3) sltu    a7, a7, a4
core   0: 3 0x80009b6c (0x00e8b8b3) x17 0x00000001
core   0: 0x80009b70 (0xffdd0d13) addi    s10, s10, -3
core   0: 3 0x80009b70 (0xffdd0d13) x26 0x00000006
core   0: 0x80009b74 (0xff7d5ce3) bge     s10, s7, pc - 8
core   0: 3 0x80009b74 (0xff7d5ce3)
core   0: 0x80009b78 (0x64892a37) lui     s4, 0x64892
core   0: 3 0x80009b78 (0x64892a37) x20 0x64892000
core   0: 0x80009b7c (0xfd874ee3) blt     a4, s8, pc - 36
core   0: 3 0x80009b7c (0xfd874ee3)
core   0: 0x80009b58 (0x034949b3) div     s3, s2, s4
core   0: 3 0x80009b58 (0x034949b3) x19 0x00000000
core   0: 0x80009b5c (0x00170713) addi    a4, a4, 1
core   0: 3 0x80009b5c (0x00170713) x14 0x00000007
core   0: 0x80009b60 (0x41805f13) srai    t5, zero, 24
core   0: 3 0x80009b60 (0x41805f13) x30 0x00000000
core   0: 0x80009b64 (0x00900d13) li      s10, 9
core   0: 3 0x80009b64 (0x00900d13) x26 0x00000009
core   0: 0x80009b68 (0x00800b93) li      s7, 8
core   0: 3 0x80009b68 (0x00800b93) x23 0x00000008
core   0: 0x80009b6c (0x00e8b8b3) sltu    a7, a7, a4
core   0: 3 0x80009b6c (0x00e8b8b3) x17 0x00000001
core   0: 0x80009b70 (0xffdd0d13) addi    s10, s10, -3
core   0: 3 0x80009b70 (0xffdd0d13) x26 0x00000006
core   0: 0x80009b74 (0xff7d5ce3) bge     s10, s7, pc - 8
core   0: 3 0x80009b74 (0xff7d5ce3)
core   0: 0x80009b78 (0x64892a37) lui     s4, 0x64892
core   0: 3 0x80009b78 (0x64892a37) x20 0x64892000
core   0: 0x80009b7c (0xfd874ee3) blt     a4, s8, pc - 36
core   0: 3 0x80009b7c (0xfd874ee3)
core   0: 0x80009b80 (0x00000013) nop
core   0: 3 0x80009b80 (0x00000013)
core   0: 0x80009b84 (0x00012917) auipc   s2, 0x12
core   0: 3 0x80009b84 (0x00012917) x18 0x8001bb84
core   0: 0x80009b88 (0xaab90913) addi    s2, s2, -1365
core   0: 3 0x80009b88 (0xaab90913) x18 0x8001b62f
core   0: 0x80009b8c (0xfff91783) lh      a5, -1(s2)
core   0: 3 0x80009b8c (0xfff91783) x15 0x00000000 mem 0x8001b62e
core   0: 0x80009b90 (0xfe390aa3) sb      gp, -11(s2)
core   0: 3 0x80009b90 (0xfe390aa3) mem 0x8001b624 0xb
core   0: 0x80009b94 (0x00294b03) lbu     s6, 2(s2)
core   0: 3 0x80009b94 (0x00294b03) x22 0x00000000 mem 0x8001b631
core   0: 0x80009b98 (0xff490e03) lb      t3, -12(s2)
core   0: 3 0x80009b98 (0xff490e03) x28 0x00000000 mem 0x8001b623
core   0: 0x80009b9c (0x00690f03) lb      t5, 6(s2)
core   0: 3 0x80009b9c (0x00690f03) x30 0x00000000 mem 0x8001b635
core   0: 0x80009ba0 (0x01390323) sb      s3, 6(s2)
core   0: 3 0x80009ba0 (0x01390323) mem 0x8001b635 0x0
core   0: 0x80009ba4 (0x009915a3) sh      s1, 11(s2)
core   0: 3 0x80009ba4 (0x009915a3) mem 0x8001b63a 0x9ce4
core   0: 0x80009ba8 (0x00e849b3) xor     s3, a6, a4
core   0: 3 0x80009ba8 (0x00e849b3) x19 0x00000007
core   0: 0x80009bac (0x01390723) sb      s3, 14(s2)
core   0: 3 0x80009bac (0x01390723) mem 0x8001b63d 0x7
core   0: 0x80009bb0 (0xff590923) sb      s5, -14(s2)
core   0: 3 0x80009bb0 (0xff590923) mem 0x8001b621 0x8
core   0: 0x80009bb4 (0x00a38db3) add     s11, t2, a0
core   0: 3 0x80009bb4 (0x00a38db3) x27 0x0000000e
core   0: 0x80009bb8 (0xff294003) lbu     zero, -14(s2)
core   0: 3 0x80009bb8 (0xff294003) mem 0x8001b621
core   0: 0x80009bbc (0x0287e233) rem     tp, a5, s0
core   0: 3 0x80009bbc (0x0287e233) x 4 0x00000000
core   0: 0x80009bc0 (0x00d90f03) lb      t5, 13(s2)
core   0: 3 0x80009bc0 (0x00d90f03) x30 0x00000000 mem 0x8001b63c
core   0: 0x80009bc4 (0x0000e417) auipc   s0, 0xe
core   0: 3 0x80009bc4 (0x0000e417) x 8 0x80017bc4
core   0: 0x80009bc8 (0x51b40413) addi    s0, s0, 1307
core   0: 3 0x80009bc8 (0x51b40413) x 8 0x800180df
core   0: 0x80009bcc (0x40e05d93) srai    s11, zero, 14
core   0: 3 0x80009bcc (0x40e05d93) x27 0x00000000
core   0: 0x80009bd0 (0xf0640d83) lb      s11, -250(s0)
core   0: 3 0x80009bd0 (0xf0640d83) x27 0x00000000 mem 0x80017fe5
core   0: 0x80009bd4 (0x90574013) xori    zero, a4, -1787
core   0: 3 0x80009bd4 (0x90574013)
core   0: 0x80009bd8 (0x09844583) lbu     a1, 152(s0)
core   0: 3 0x80009bd8 (0x09844583) x11 0x00000000 mem 0x80018177
core   0: 0x80009bdc (0x05044d83) lbu     s11, 80(s0)
core   0: 3 0x80009bdc (0x05044d83) x27 0x00000000 mem 0x8001812f
core   0: 0x80009be0 (0xf7e40a03) lb      s4, -130(s0)
core   0: 3 0x80009be0 (0xf7e40a03) x20 0x00000000 mem 0x8001805d
core   0: 0x80009be4 (0x0341d033) divu    zero, gp, s4
core   0: 3 0x80009be4 (0x0341d033)
core   0: 0x80009be8 (0x00ea1db3) sll     s11, s4, a4
core   0: 3 0x80009be8 (0x00ea1db3) x27 0x00000000
core   0: 0x80009bec (0x00e75733) srl     a4, a4, a4
core   0: 3 0x80009bec (0x00e75733) x14 0x00000000
core   0: 0x80009bf0 (0x0cf41a03) lh      s4, 207(s0)
core   0: 3 0x80009bf0 (0x0cf41a03) x20 0x00000000 mem 0x800181ae
core   0: 0x80009bf4 (0x40075a33) sra     s4, a4, zero
core   0: 3 0x80009bf4 (0x40075a33) x20 0x00000000
core   0: 0x80009bf8 (0x01b00db3) add     s11, zero, s11
core   0: 3 0x80009bf8 (0x01b00db3) x27 0x00000000
core   0: 0x80009bfc (0xff444703) lbu     a4, -12(s0)
core   0: 3 0x80009bfc (0xff444703) x14 0x00000000 mem 0x800180d3
core   0: 0x80009c00 (0x0345adb3) mulhsu  s11, a1, s4
core   0: 3 0x80009c00 (0x0345adb3) x27 0x00000000
core   0: 0x80009c04 (0x01b5cdb3) xor     s11, a1, s11
core   0: 3 0x80009c04 (0x01b5cdb3) x27 0x00000000
core   0: 0x80009c08 (0x0d544a03) lbu     s4, 213(s0)
core   0: 3 0x80009c08 (0x0d544a03) x20 0x00000000 mem 0x800181b4
core   0: 0x80009c0c (0x0d440623) sb      s4, 204(s0)
core   0: 3 0x80009c0c (0x0d440623) mem 0x800181ab 0x0
core   0: 0x80009c10 (0x05344a03) lbu     s4, 83(s0)
core   0: 3 0x80009c10 (0x05344a03) x20 0x00000000 mem 0x80018132
core   0: 0x80009c14 (0x0ae42ea3) sw      a4, 189(s0)
core   0: 3 0x80009c14 (0x0ae42ea3) mem 0x8001819c 0x00000000
core   0: 0x80009c18 (0xdcb58593) addi    a1, a1, -565
core   0: 3 0x80009c18 (0xdcb58593) x11 0xfffffdcb
core   0: 0x80009c1c (0x02e1b033) mulhu   zero, gp, a4
core   0: 3 0x80009c1c (0x02e1b033)
core   0: 0x80009c20 (0x04240d83) lb      s11, 66(s0)
core   0: 3 0x80009c20 (0x04240d83) x27 0x00000000 mem 0x80018121
core   0: 0x80009c24 (0x01bd8733) add     a4, s11, s11
core   0: 3 0x80009c24 (0x01bd8733) x14 0x00000000
core   0: 0x80009c28 (0x06040ca3) sb      zero, 121(s0)
core   0: 3 0x80009c28 (0x06040ca3) mem 0x80018158 0x0
core   0: 0x80009c2c (0x0345a033) mulhsu  zero, a1, s4
core   0: 3 0x80009c2c (0x0345a033)
core   0: 0x80009c30 (0x76dd3017) auipc   zero, 0x76dd3
core   0: 3 0x80009c30 (0x76dd3017)
core   0: 0x80009c34 (0x01b42ea3) sw      s11, 29(s0)
core   0: 3 0x80009c34 (0x01b42ea3) mem 0x800180fc 0x00000000
core   0: 0x80009c38 (0x0a145a03) lhu     s4, 161(s0)
core   0: 3 0x80009c38 (0x0a145a03) x20 0x00000000 mem 0x80018180
core   0: 0x80009c3c (0x023065b3) rem     a1, zero, gp
core   0: 3 0x80009c3c (0x023065b3) x11 0x00000000
core   0: 0x80009c40 (0xf3240183) lb      gp, -206(s0)
core   0: 3 0x80009c40 (0xf3240183) x 3 0x00000000 mem 0x80018011
core   0: 0x80009c44 (0x03b58733) mul     a4, a1, s11
core   0: 3 0x80009c44 (0x03b58733) x14 0x00000000
core   0: 0x80009c48 (0x40e5d5b3) sra     a1, a1, a4
core   0: 3 0x80009c48 (0x40e5d5b3) x11 0x00000000
core   0: 0x80009c4c (0x00bdc033) xor     zero, s11, a1
core   0: 3 0x80009c4c (0x00bdc033)
core   0: 0x80009c50 (0x10040183) lb      gp, 256(s0)
core   0: 3 0x80009c50 (0x10040183) x 3 0x00000000 mem 0x800181df
core   0: 0x80009c54 (0xf8941703) lh      a4, -119(s0)
core   0: 3 0x80009c54 (0xf8941703) x14 0x00000000 mem 0x80018068
core   0: 0x80009c58 (0x00b71193) slli    gp, a4, 11
core   0: 3 0x80009c58 (0x00b71193) x 3 0x00000000
core   0: 0x80009c5c (0x03b42ea3) sw      s11, 61(s0)
core   0: 3 0x80009c5c (0x03b42ea3) mem 0x8001811c 0x00000000
core   0: 0x80009c60 (0x0145f1b3) and     gp, a1, s4
core   0: 3 0x80009c60 (0x0145f1b3) x 3 0x00000000
core   0: 0x80009c64 (0x1d6a2013) slti    zero, s4, 470
core   0: 3 0x80009c64 (0x1d6a2013)
core   0: 0x80009c68 (0x003a1a33) sll     s4, s4, gp
core   0: 3 0x80009c68 (0x003a1a33) x20 0x00000000
core   0: 0x80009c6c (0x02006db3) rem     s11, zero, zero
core   0: 3 0x80009c6c (0x02006db3) x27 0x00000000
core   0: 0x80009c70 (0xf20409a3) sb      zero, -205(s0)
core   0: 3 0x80009c70 (0xf20409a3) mem 0x80018012 0x0
core   0: 0x80009c74 (0x00840a03) lb      s4, 8(s0)
core   0: 3 0x80009c74 (0x00840a03) x20 0x00000000 mem 0x800180e7
core   0: 0x80009c78 (0x03401a33) mulh    s4, zero, s4
core   0: 3 0x80009c78 (0x03401a33) x20 0x00000000
core   0: 0x80009c7c (0x054419a3) sh      s4, 83(s0)
core   0: 3 0x80009c7c (0x054419a3) mem 0x80018132 0x0000
core   0: 0x80009c80 (0x01405593) srli    a1, zero, 20
core   0: 3 0x80009c80 (0x01405593) x11 0x00000000
core   0: 0x80009c84 (0xf0040a23) sb      zero, -236(s0)
core   0: 3 0x80009c84 (0xf0040a23) mem 0x80017ff3 0x0
core   0: 0x80009c88 (0xfa744583) lbu     a1, -89(s0)
core   0: 3 0x80009c88 (0xfa744583) x11 0x00000000 mem 0x80018086
core   0: 0x80009c8c (0x0a444d83) lbu     s11, 164(s0)
core   0: 3 0x80009c8c (0x0a444d83) x27 0x00000000 mem 0x80018183
core   0: 0x80009c90 (0x08d40583) lb      a1, 141(s0)
core   0: 3 0x80009c90 (0x08d40583) x11 0x00000000 mem 0x8001816c
core   0: 0x80009c94 (0x00a00313) li      t1, 10
core   0: 3 0x80009c94 (0x00a00313) x 6 0x0000000a
core   0: 0x80009c98 (0x00000013) nop
core   0: 3 0x80009c98 (0x00000013)
core   0: 0x80009c9c (0x03f02533) mulhsu  a0, zero, t6
core   0: 3 0x80009c9c (0x03f02533) x10 0x00000000
core   0: 0x80009ca0 (0x0074d0b3) srl     ra, s1, t2
core   0: 3 0x80009ca0 (0x0074d0b3) x 1 0x80029ce4
core   0: 0x80009ca4 (0x00710733) add     a4, sp, t2
core   0: 3 0x80009ca4 (0x00710733) x14 0x80000000
core   0: 0x80009ca8 (0x02ace2b3) rem     t0, s9, a0
core   0: 3 0x80009ca8 (0x02ace2b3) x 5 0x14c82000
core   0: 0x80009cac (0x000adbb3) srl     s7, s5, zero
core   0: 3 0x80009cac (0x000adbb3) x23 0xc9487a08
core   0: 0x80009cb0 (0x00000013) nop
core   0: 3 0x80009cb0 (0x00000013)
core   0: 0x80009cb4 (0x00a00893) li      a7, 10
core   0: 3 0x80009cb4 (0x00a00893) x17 0x0000000a
core   0: 0x80009cb8 (0x01c98d33) add     s10, s3, t3
core   0: 3 0x80009cb8 (0x01c98d33) x26 0x00000007
core   0: 0x80009cbc (0x2a983093) sltiu   ra, a6, 681
core   0: 3 0x80009cbc (0x2a983093) x 1 0x00000001
core   0: 0x80009cc0 (0x001873b3) and     t2, a6, ra
core   0: 3 0x80009cc0 (0x001873b3) x 7 0x00000000
core   0: 0x80009cc4 (0x68b7be13) sltiu   t3, a5, 1675
core   0: 3 0x80009cc4 (0x68b7be13) x28 0x00000001
core   0: 0x80009cc8 (0xff730313) addi    t1, t1, -9
core   0: 3 0x80009cc8 (0xff730313) x 6 0x00000001
core   0: 0x80009ccc (0x551d3193) sltiu   gp, s10, 1361
core   0: 3 0x80009ccc (0x551d3193) x 3 0x00000001
core   0: 0x80009cd0 (0x00900993) li      s3, 9
core   0: 3 0x80009cd0 (0x00900993) x19 0x00000009
core   0: 0x80009cd4 (0x02e8fbb3) remu    s7, a7, a4
core   0: 3 0x80009cd4 (0x02e8fbb3) x23 0x0000000a
core   0: 0x80009cd8 (0x00500693) li      a3, 5
core   0: 3 0x80009cd8 (0x00500693) x13 0x00000005
core   0: 0x80009cdc (0x18dd2713) slti    a4, s10, 397
core   0: 3 0x80009cdc (0x18dd2713) x14 0x00000001
core   0: 0x80009ce0 (0x03632e33) mulhsu  t3, t1, s6
core   0: 3 0x80009ce0 (0x03632e33) x28 0x00000000
core   0: 0x80009ce4 (0x4184d193) srai    gp, s1, 24
core   0: 3 0x80009ce4 (0x4184d193) x 3 0xffffff80
core   0: 0x80009ce8 (0x41bd5293) srai    t0, s10, 27
core   0: 3 0x80009ce8 (0x41bd5293) x 5 0x00000000
core   0: 0x80009cec (0x01ea8ab3) add     s5, s5, t5
core   0: 3 0x80009cec (0x01ea8ab3) x21 0xc9487a08
core   0: 0x80009cf0 (0x01a29933) sll     s2, t0, s10
core   0: 3 0x80009cf0 (0x01a29933) x18 0x00000000
core   0: 0x80009cf4 (0xffe98993) addi    s3, s3, -2
core   0: 3 0x80009cf4 (0xffe98993) x19 0x00000007
core   0: 0x80009cf8 (0xec9e4393) xori    t2, t3, -311
core   0: 3 0x80009cf8 (0xec9e4393) x 7 0xfffffec9
core   0: 0x80009cfc (0x031187b3) mul     a5, gp, a7
core   0: 3 0x80009cfc (0x031187b3) x15 0xfffffb00
core   0: 0x80009d00 (0x25deea93) ori     s5, t4, 605
core   0: 3 0x80009d00 (0x25deea93) x21 0x0000025f
core   0: 0x80009d04 (0xfcd9fee3) bgeu    s3, a3, pc - 36
core   0: 3 0x80009d04 (0xfcd9fee3)
core   0: 0x80009ce0 (0x03632e33) mulhsu  t3, t1, s6
core   0: 3 0x80009ce0 (0x03632e33) x28 0x00000000
core   0: 0x80009ce4 (0x4184d193) srai    gp, s1, 24
core   0: 3 0x80009ce4 (0x4184d193) x 3 0xffffff80
core   0: 0x80009ce8 (0x41bd5293) srai    t0, s10, 27
core   0: 3 0x80009ce8 (0x41bd5293) x 5 0x00000000
core   0: 0x80009cec (0x01ea8ab3) add     s5, s5, t5
core   0: 3 0x80009cec (0x01ea8ab3) x21 0x0000025f
core   0: 0x80009cf0 (0x01a29933) sll     s2, t0, s10
core   0: 3 0x80009cf0 (0x01a29933) x18 0x00000000
core   0: 0x80009cf4 (0xffe98993) addi    s3, s3, -2
core   0: 3 0x80009cf4 (0xffe98993) x19 0x00000005
core   0: 0x80009cf8 (0xec9e4393) xori    t2, t3, -311
core   0: 3 0x80009cf8 (0xec9e4393) x 7 0xfffffec9
core   0: 0x80009cfc (0x031187b3) mul     a5, gp, a7
core   0: 3 0x80009cfc (0x031187b3) x15 0xfffffb00
core   0: 0x80009d00 (0x25deea93) ori     s5, t4, 605
core   0: 3 0x80009d00 (0x25deea93) x21 0x0000025f
core   0: 0x80009d04 (0xfcd9fee3) bgeu    s3, a3, pc - 36
core   0: 3 0x80009d04 (0xfcd9fee3)
core   0: 0x80009ce0 (0x03632e33) mulhsu  t3, t1, s6
core   0: 3 0x80009ce0 (0x03632e33) x28 0x00000000
core   0: 0x80009ce4 (0x4184d193) srai    gp, s1, 24
core   0: 3 0x80009ce4 (0x4184d193) x 3 0xffffff80
core   0: 0x80009ce8 (0x41bd5293) srai    t0, s10, 27
core   0: 3 0x80009ce8 (0x41bd5293) x 5 0x00000000
core   0: 0x80009cec (0x01ea8ab3) add     s5, s5, t5
core   0: 3 0x80009cec (0x01ea8ab3) x21 0x0000025f
core   0: 0x80009cf0 (0x01a29933) sll     s2, t0, s10
core   0: 3 0x80009cf0 (0x01a29933) x18 0x00000000
core   0: 0x80009cf4 (0xffe98993) addi    s3, s3, -2
core   0: 3 0x80009cf4 (0xffe98993) x19 0x00000003
core   0: 0x80009cf8 (0xec9e4393) xori    t2, t3, -311
core   0: 3 0x80009cf8 (0xec9e4393) x 7 0xfffffec9
core   0: 0x80009cfc (0x031187b3) mul     a5, gp, a7
core   0: 3 0x80009cfc (0x031187b3) x15 0xfffffb00
core   0: 0x80009d00 (0x25deea93) ori     s5, t4, 605
core   0: 3 0x80009d00 (0x25deea93) x21 0x0000025f
core   0: 0x80009d04 (0xfcd9fee3) bgeu    s3, a3, pc - 36
core   0: 3 0x80009d04 (0xfcd9fee3)
core   0: 0x80009d08 (0x704bc593) xori    a1, s7, 1796
core   0: 3 0x80009d08 (0x704bc593) x11 0x0000070e
core   0: 0x80009d0c (0xfb137ce3) bgeu    t1, a7, pc - 72
core   0: 3 0x80009d0c (0xfb137ce3)
core   0: 0x80009d10 (0x00079233) sll     tp, a5, zero
core   0: 3 0x80009d10 (0x00079233) x 4 0xfffffb00
core   0: 0x80009d14 (0x00010b97) auipc   s7, 0x10
core   0: 3 0x80009d14 (0x00010b97) x23 0x80019d14
core   0: 0x80009d18 (0xbd0b8b93) addi    s7, s7, -1072
core   0: 3 0x80009d18 (0xbd0b8b93) x23 0x800198e4
core   0: 0x80009d1c (0xd7eb9023) sh      t5, -672(s7)
core   0: 3 0x80009d1c (0xd7eb9023) mem 0x80019644 0x0000
core   0: 0x80009d20 (0x40ec5413) srai    s0, s8, 14
core   0: 3 0x80009d20 (0x40ec5413) x 8 0x00000000
core   0: 0x80009d24 (0x01656c33) or      s8, a0, s6
core   0: 3 0x80009d24 (0x01656c33) x24 0x00000000
core   0: 0x80009d28 (0x033e7eb3) remu    t4, t3, s3
core   0: 3 0x80009d28 (0x033e7eb3) x29 0x00000000
core   0: 0x80009d2c (0x98bb9a23) sh      a1, -1644(s7)
core   0: 3 0x80009d2c (0x98bb9a23) mem 0x80019278 0x070e
core   0: 0x80009d30 (0x003999b3) sll     s3, s3, gp
core   0: 3 0x80009d30 (0x003999b3) x19 0x00000003
core   0: 0x80009d34 (0x96db8b23) sb      a3, -1674(s7)
core   0: 3 0x80009d34 (0x96db8b23) mem 0x8001925a 0x5
core   0: 0x80009d38 (0x01679013) slli    zero, a5, 22
core   0: 3 0x80009d38 (0x01679013)
core   0: 0x80009d3c (0x9bf36093) ori     ra, t1, -1601
core   0: 3 0x80009d3c (0x9bf36093) x 1 0xfffff9bf
core   0: 0x80009d40 (0x022f06b3) mul     a3, t5, sp
core   0: 3 0x80009d40 (0x022f06b3) x13 0x00000000
core   0: 0x80009d44 (0x0e044e37) lui     t3, 0xe044
core   0: 3 0x80009d44 (0x0e044e37) x28 0x0e044000
core   0: 0x80009d48 (0xcb4b81a3) sb      s4, -861(s7)
core   0: 3 0x80009d48 (0xcb4b81a3) mem 0x80019587 0x0
core   0: 0x80009d4c (0x3f8ba183) lw      gp, 1016(s7)
core   0: 3 0x80009d4c (0x3f8ba183) x 3 0x00000000 mem 0x80019cdc
core   0: 0x80009d50 (0x783bac23) sw      gp, 1944(s7)
core   0: 3 0x80009d50 (0x783bac23) mem 0x8001a07c 0x00000000
core   0: 0x80009d54 (0x489bc903) lbu     s2, 1161(s7)
core   0: 3 0x80009d54 (0x489bc903) x18 0x00000000 mem 0x80019d6d
core   0: 0x80009d58 (0x00cfe933) or      s2, t6, a2
core   0: 3 0x80009d58 (0x00cfe933) x18 0x80025e38
core   0: 0x80009d5c (0x03da8d33) mul     s10, s5, t4
core   0: 3 0x80009d5c (0x03da8d33) x26 0x00000000
core   0: 0x80009d60 (0x573bc193) xori    gp, s7, 1395
core   0: 3 0x80009d60 (0x573bc193) x 3 0x80019d97
core   0: 0x80009d64 (0x013fa233) slt     tp, t6, s3
core   0: 3 0x80009d64 (0x013fa233) x 4 0x00000001
core   0: 0x80009d68 (0x0317ad33) mulhsu  s10, a5, a7
core   0: 3 0x80009d68 (0x0317ad33) x26 0xffffffff
core   0: 0x80009d6c (0x3efb84a3) sb      a5, 1001(s7)
core   0: 3 0x80009d6c (0x3efb84a3) mem 0x80019ccd 0x0
core   0: 0x80009d70 (0x401b03b3) sub     t2, s6, ra
core   0: 3 0x80009d70 (0x401b03b3) x 7 0x00000641
core   0: 0x80009d74 (0xdebb3813) sltiu   a6, s6, -533
core   0: 3 0x80009d74 (0xdebb3813) x16 0x00000001
core   0: 0x80009d78 (0x987b8403) lb      s0, -1657(s7)
core   0: 3 0x80009d78 (0x987b8403) x 8 0x00000000 mem 0x8001926b
core   0: 0x80009d7c (0x408806b3) sub     a3, a6, s0
core   0: 3 0x80009d7c (0x408806b3) x13 0x00000001
core   0: 0x80009d80 (0x712bdc03) lhu     s8, 1810(s7)
core   0: 3 0x80009d80 (0x712bdc03) x24 0x00000000 mem 0x80019ff6
core   0: 0x80009d84 (0xb48bc903) lbu     s2, -1208(s7)
core   0: 3 0x80009d84 (0xb48bc903) x18 0x00000000 mem 0x8001942c
core   0: 0x80009d88 (0x68e07813) andi    a6, zero, 1678
core   0: 3 0x80009d88 (0x68e07813) x16 0x00000000
core   0: 0x80009d8c (0x99abc603) lbu     a2, -1638(s7)
core   0: 3 0x80009d8c (0x99abc603) x12 0x00000000 mem 0x8001927e
core   0: 0x80009d90 (0x018351b3) srl     gp, t1, s8
core   0: 3 0x80009d90 (0x018351b3) x 3 0x00000001
core   0: 0x80009d94 (0x602bd283) lhu     t0, 1538(s7)
core   0: 3 0x80009d94 (0x602bd283) x 5 0x00000000 mem 0x80019ee6
core   0: 0x80009d98 (0x01db32b3) sltu    t0, s6, t4
core   0: 3 0x80009d98 (0x01db32b3) x 5 0x00000000
core   0: 0x80009d9c (0x40365813) srai    a6, a2, 3
core   0: 3 0x80009d9c (0x40365813) x16 0x00000000
core   0: 0x80009da0 (0x00bbc2b3) xor     t0, s7, a1
core   0: 3 0x80009da0 (0x00bbc2b3) x 5 0x80019fea
core   0: 0x80009da4 (0x0169b8b3) sltu    a7, s3, s6
core   0: 3 0x80009da4 (0x0169b8b3) x17 0x00000000
core   0: 0x80009da8 (0x129b9723) sh      s1, 302(s7)
core   0: 3 0x80009da8 (0x129b9723) mem 0x80019a12 0x9ce4
core   0: 0x80009dac (0x00cf1e93) slli    t4, t5, 12
core   0: 3 0x80009dac (0x00cf1e93) x29 0x00000000
core   0: 0x80009db0 (0x6efb9223) sh      a5, 1764(s7)
core   0: 3 0x80009db0 (0x6efb9223) mem 0x80019fc8 0xfb00
core   0: 0x80009db4 (0x3e0bad03) lw      s10, 992(s7)
core   0: 3 0x80009db4 (0x3e0bad03) x26 0x00000000 mem 0x80019cc4
core   0: 0x80009db8 (0x00cf9d33) sll     s10, t6, a2
core   0: 3 0x80009db8 (0x00cf9d33) x26 0x80025e38
core   0: 0x80009dbc (0x00ccef33) or      t5, s9, a2
core   0: 3 0x80009dbc (0x00ccef33) x30 0x14c82000
core   0: 0x80009dc0 (0x020af633) remu    a2, s5, zero
core   0: 3 0x80009dc0 (0x020af633) x12 0x0000025f
core   0: 0x80009dc4 (0xeb3b81a3) sb      s3, -349(s7)
core   0: 3 0x80009dc4 (0xeb3b81a3) mem 0x80019787 0x3
core   0: 0x80009dc8 (0x0000d397) auipc   t2, 0xd
core   0: 3 0x80009dc8 (0x0000d397) x 7 0x80016dc8
core   0: 0x80009dcc (0x00c38393) addi    t2, t2, 12
core   0: 3 0x80009dcc (0x00c38393) x 7 0x80016dd4
core   0: 0x80009dd0 (0x01a91333) sll     t1, s2, s10
core   0: 3 0x80009dd0 (0x01a91333) x 6 0x00000000
core   0: 0x80009dd4 (0x02424033) div     zero, tp, tp
core   0: 3 0x80009dd4 (0x02424033)
core   0: 0x80009dd8 (0x53c90813) addi    a6, s2, 1340
core   0: 3 0x80009dd8 (0x53c90813) x16 0x0000053c
core   0: 0x80009ddc (0x011f9b33) sll     s6, t6, a7
core   0: 3 0x80009ddc (0x011f9b33) x22 0x80025e38
core   0: 0x80009de0 (0xf36f8b13) addi    s6, t6, -202
core   0: 3 0x80009de0 (0xf36f8b13) x22 0x80025d6e
core   0: 0x80009de4 (0x005995b3) sll     a1, s3, t0
core   0: 3 0x80009de4 (0x005995b3) x11 0x00000c00
core   0: 0x80009de8 (0x01aea233) slt     tp, t4, s10
core   0: 3 0x80009de8 (0x01aea233) x 4 0x00000000
core   0: 0x80009dec (0x0079ab33) slt     s6, s3, t2
core   0: 3 0x80009dec (0x0079ab33) x22 0x00000000
core   0: 0x80009df0 (0x41f35233) sra     tp, t1, t6
core   0: 3 0x80009df0 (0x41f35233) x 4 0x00000000
core   0: 0x80009df4 (0x00438083) lb      ra, 4(t2)
core   0: 3 0x80009df4 (0x00438083) x 1 0x00000000 mem 0x80016dd8
core   0: 0x80009df8 (0xfff3ae23) sw      t6, -4(t2)
core   0: 3 0x80009df8 (0xfff3ae23) mem 0x80016dd0 0x80025e38
core   0: 0x80009dfc (0x41b75893) srai    a7, a4, 27
core   0: 3 0x80009dfc (0x41b75893) x17 0x00000000
core   0: 0x80009e00 (0x00e39903) lh      s2, 14(t2)
core   0: 3 0x80009e00 (0x00e39903) x18 0x00000000 mem 0x80016de2
core   0: 0x80009e04 (0x03d59d33) mulh    s10, a1, t4
core   0: 3 0x80009e04 (0x03d59d33) x26 0x00000000
core   0: 0x80009e08 (0x40440033) sub     zero, s0, tp
core   0: 3 0x80009e08 (0x40440033)
core   0: 0x80009e0c (0x0031d633) srl     a2, gp, gp
core   0: 3 0x80009e0c (0x0031d633) x12 0x00000000
core   0: 0x80009e10 (0x017bc333) xor     t1, s7, s7
core   0: 3 0x80009e10 (0x017bc333) x 6 0x00000000
core   0: 0x80009e14 (0x0193a823) sw      s9, 16(t2)
core   0: 3 0x80009e14 (0x0193a823) mem 0x80016de4 0x14c82000
core   0: 0x80009e18 (0x0108cf33) xor     t5, a7, a6
core   0: 3 0x80009e18 (0x0108cf33) x30 0x0000053c
core   0: 0x80009e1c (0x01f39023) sh      t6, 0(t2)
core   0: 3 0x80009e1c (0x01f39023) mem 0x80016dd4 0x5e38
core   0: 0x80009e20 (0x0152b233) sltu    tp, t0, s5
core   0: 3 0x80009e20 (0x0152b233) x 4 0x00000000
core   0: 0x80009e24 (0x00a48d33) add     s10, s1, a0
core   0: 3 0x80009e24 (0x00a48d33) x26 0x80029ce4
core   0: 0x80009e28 (0x41fe0933) sub     s2, t3, t6
core   0: 3 0x80009e28 (0x41fe0933) x18 0x8e01e1c8
core   0: 0x80009e2c (0x00738503) lb      a0, 7(t2)
core   0: 3 0x80009e2c (0x00738503) x10 0x00000000 mem 0x80016ddb
core   0: 0x80009e30 (0x03be9833) mulh    a6, t4, s11
core   0: 3 0x80009e30 (0x03be9833) x16 0x00000000
core   0: 0x80009e34 (0x0194bf33) sltu    t5, s1, s9
core   0: 3 0x80009e34 (0x0194bf33) x30 0x00000000
core   0: 0x80009e38 (0xff538503) lb      a0, -11(t2)
core   0: 3 0x80009e38 (0xff538503) x10 0x00000000 mem 0x80016dc9
core   0: 0x80009e3c (0x036bd433) divu    s0, s7, s6
core   0: 3 0x80009e3c (0x036bd433) x 8 0xffffffff
core   0: 0x80009e40 (0x403200b3) sub     ra, tp, gp
core   0: 3 0x80009e40 (0x403200b3) x 1 0xffffffff
core   0: 0x80009e44 (0x01eec5b3) xor     a1, t4, t5
core   0: 3 0x80009e44 (0x01eec5b3) x11 0x00000000
core   0: 0x80009e48 (0x02e56733) rem     a4, a0, a4
core   0: 3 0x80009e48 (0x02e56733) x14 0x00000000
core   0: 0x80009e4c (0xff838fa3) sb      s8, -1(t2)
core   0: 3 0x80009e4c (0xff838fa3) mem 0x80016dd3 0x0
core   0: 0x80009e50 (0xfe838c23) sb      s0, -8(t2)
core   0: 3 0x80009e50 (0xfe838c23) mem 0x80016dcc 0xff
core   0: 0x80009e54 (0x41638e33) sub     t3, t2, s6
core   0: 3 0x80009e54 (0x41638e33) x28 0x80016dd4
core   0: 0x80009e58 (0x00938d83) lb      s11, 9(t2)
core   0: 3 0x80009e58 (0x00938d83) x27 0x00000000 mem 0x80016ddd
core   0: 0x80009e5c (0xb90cc313) xori    t1, s9, -1136
core   0: 3 0x80009e5c (0xb90cc313) x 6 0xeb37db90
core   0: 0x80009e60 (0xff738ca3) sb      s7, -7(t2)
core   0: 3 0x80009e60 (0xff738ca3) mem 0x80016dcd 0xe4
core   0: 0x80009e64 (0x0103d883) lhu     a7, 16(t2)
core   0: 3 0x80009e64 (0x0103d883) x17 0x00002000 mem 0x80016de4
core   0: 0x80009e68 (0x00007a17) auipc   s4, 0x7
core   0: 3 0x80009e68 (0x00007a17) x20 0x80010e68
core   0: 0x80009e6c (0xbb2a0a13) addi    s4, s4, -1102
core   0: 3 0x80009e6c (0xbb2a0a13) x20 0x80010a1a
core   0: 0x80009e70 (0x0262c7b3) div     a5, t0, t1
core   0: 3 0x80009e70 (0x0262c7b3) x15 0x00000006
core   0: 0x80009e74 (0xfffa0e83) lb      t4, -1(s4)
core   0: 3 0x80009e74 (0xfffa0e83) x29 0x00000000 mem 0x80010a19
core   0: 0x80009e78 (0x4bde6a93) ori     s5, t3, 1213
core   0: 3 0x80009e78 (0x4bde6a93) x21 0x80016dfd
core   0: 0x80009e7c (0x029d0833) mul     a6, s10, s1
core   0: 3 0x80009e7c (0x029d0833) x16 0xd3b6ab10
core   0: 0x80009e80 (0xff4a5783) lhu     a5, -12(s4)
core   0: 3 0x80009e80 (0xff4a5783) x15 0x00000000 mem 0x80010a0e
core   0: 0x80009e84 (0x02ba07a3) sb      a1, 47(s4)
core   0: 3 0x80009e84 (0x02ba07a3) mem 0x80010a49 0x0
core   0: 0x80009e88 (0x02fa4a83) lbu     s5, 47(s4)
core   0: 3 0x80009e88 (0x02fa4a83) x21 0x00000000 mem 0x80010a49
core   0: 0x80009e8c (0x02fa0b03) lb      s6, 47(s4)
core   0: 3 0x80009e8c (0x02fa0b03) x22 0x00000000 mem 0x80010a49
core   0: 0x80009e90 (0x022a07a3) sb      sp, 47(s4)
core   0: 3 0x80009e90 (0x022a07a3) mem 0x80010a49 0x0
core   0: 0x80009e94 (0x5ff47437) lui     s0, 0x5ff47
core   0: 3 0x80009e94 (0x5ff47437) x 8 0x5ff47000
core   0: 0x80009e98 (0x2831a697) auipc   a3, 0x2831a
core   0: 3 0x80009e98 (0x2831a697) x13 0xa8323e98
core   0: 0x80009e9c (0x022a2783) lw      a5, 34(s4)
core   0: 3 0x80009e9c (0x022a2783) x15 0x00000000 mem 0x80010a3c
core   0: 0x80009ea0 (0xfe2a4d83) lbu     s11, -30(s4)
core   0: 3 0x80009ea0 (0xfe2a4d83) x27 0x00000000 mem 0x800109fc
core   0: 0x80009ea4 (0x034a0523) sb      s4, 42(s4)
core   0: 3 0x80009ea4 (0x034a0523) mem 0x80010a44 0x1a
core   0: 0x80009ea8 (0x00e00f33) add     t5, zero, a4
core   0: 3 0x80009ea8 (0x00e00f33) x30 0x00000000
core   0: 0x80009eac (0x011dd913) srli    s2, s11, 17
core   0: 3 0x80009eac (0x011dd913) x18 0x00000000
core   0: 0x80009eb0 (0xff1a05a3) sb      a7, -21(s4)
core   0: 3 0x80009eb0 (0xff1a05a3) mem 0x80010a05 0x0
core   0: 0x80009eb4 (0xee406313) ori     t1, zero, -284
core   0: 3 0x80009eb4 (0xee406313) x 6 0xfffffee4
core   0: 0x80009eb8 (0x01ad0033) add     zero, s10, s10
core   0: 3 0x80009eb8 (0x01ad0033)
core   0: 0x80009ebc (0x00e60f33) add     t5, a2, a4
core   0: 3 0x80009ebc (0x00e60f33) x30 0x00000000
core   0: 0x80009ec0 (0x029c43b3) div     t2, s8, s1
core   0: 3 0x80009ec0 (0x029c43b3) x 7 0x00000000
core   0: 0x80009ec4 (0x01c38b33) add     s6, t2, t3
core   0: 3 0x80009ec4 (0x01c38b33) x22 0x80016dd4
core   0: 0x80009ec8 (0x0269f9b3) remu    s3, s3, t1
core   0: 3 0x80009ec8 (0x0269f9b3) x19 0x00000003
core   0: 0x80009ecc (0x033e86b3) mul     a3, t4, s3
core   0: 3 0x80009ecc (0x033e86b3) x13 0x00000000
core   0: 0x80009ed0 (0x40568333) sub     t1, a3, t0
core   0: 3 0x80009ed0 (0x40568333) x 6 0x7ffe6016
core   0: 0x80009ed4 (0x7b276597) auipc   a1, 0x7b276
core   0: 3 0x80009ed4 (0x7b276597) x11 0xfb27fed4
core   0: 0x80009ed8 (0x01c72c33) slt     s8, a4, t3
core   0: 3 0x80009ed8 (0x01c72c33) x24 0x00000000
core   0: 0x80009edc (0x690d8593) addi    a1, s11, 1680
core   0: 3 0x80009edc (0x690d8593) x11 0x00000690
core   0: 0x80009ee0 (0x4f843217) auipc   tp, 0x4f843
core   0: 3 0x80009ee0 (0x4f843217) x 4 0xcf84cee0
core   0: 0x80009ee4 (0x0143c033) xor     zero, t2, s4
core   0: 3 0x80009ee4 (0x0143c033)
core   0: 0x80009ee8 (0x017ff9b3) and     s3, t6, s7
core   0: 3 0x80009ee8 (0x017ff9b3) x19 0x80001820
core   0: 0x80009eec (0xda4a3513) sltiu   a0, s4, -604
core   0: 3 0x80009eec (0xda4a3513) x10 0x00000001
core   0: 0x80009ef0 (0x05b1d263) bge     gp, s11, pc + 68
core   0: 3 0x80009ef0 (0x05b1d263)
core   0: 0x80009f34 (0x00000013) nop
core   0: 3 0x80009f34 (0x00000013)
core   0: 0x80009f38 (0x0253ea63) bltu    t2, t0, pc + 52
core   0: 3 0x80009f38 (0x0253ea63)
core   0: 0x80009f6c (0x6e364297) auipc   t0, 0x6e364
core   0: 3 0x80009f6c (0x6e364297) x 5 0xee36df6c
core   0: 0x80009f70 (0x02271b33) mulh    s6, a4, sp
core   0: 3 0x80009f70 (0x02271b33) x22 0x00000000
core   0: 0x80009f74 (0x004a0c63) beq     s4, tp, pc + 24
core   0: 3 0x80009f74 (0x004a0c63)
core   0: 0x80009f78 (0x01c0d433) srl     s0, ra, t3
core   0: 3 0x80009f78 (0x01c0d433) x 8 0x00000fff
core   0: 0x80009f7c (0x0147fe63) bgeu    a5, s4, pc + 28
core   0: 3 0x80009f7c (0x0147fe63)
core   0: 0x80009f80 (0x02fb5a63) bge     s6, a5, pc + 52
core   0: 3 0x80009f80 (0x02fb5a63)
core   0: 0x80009fb4 (0x00498433) add     s0, s3, tp
core   0: 3 0x80009fb4 (0x00498433) x 8 0x4f84e700
core   0: 0x80009fb8 (0x4110d8b3) sra     a7, ra, a7
core   0: 3 0x80009fb8 (0x4110d8b3) x17 0xffffffff
core   0: 0x80009fbc (0x02248a63) beq     s1, sp, pc + 52
core   0: 3 0x80009fbc (0x02248a63)
core   0: 0x80009fc0 (0x0077cb33) xor     s6, a5, t2
core   0: 3 0x80009fc0 (0x0077cb33) x22 0x00000000
core   0: 0x80009fc4 (0x0452d263) bge     t0, t0, pc + 68
core   0: 3 0x80009fc4 (0x0452d263)
core   0: 0x8000a008 (0x01a7ff33) and     t5, a5, s10
core   0: 3 0x8000a008 (0x01a7ff33) x30 0x00000000
core   0: 0x8000a00c (0x6c82b893) sltiu   a7, t0, 1736
core   0: 3 0x8000a00c (0x6c82b893) x17 0x00000000
core   0: 0x8000a010 (0xac141697) auipc   a3, 0xac141
core   0: 3 0x8000a010 (0xac141697) x13 0x2c14b010
core   0: 0x8000a014 (0x4032d5b3) sra     a1, t0, gp
core   0: 3 0x8000a014 (0x4032d5b3) x11 0xf71b6fb6
core   0: 0x8000a018 (0xadb03613) sltiu   a2, zero, -1317
core   0: 3 0x8000a018 (0xadb03613) x12 0x00000001
core   0: 0x8000a01c (0x0103fab3) and     s5, t2, a6
core   0: 3 0x8000a01c (0x0103fab3) x21 0x00000000
core   0: 0x8000a020 (0xb3a38397) auipc   t2, 0xb3a38
core   0: 3 0x8000a020 (0xb3a38397) x 7 0x33a42020
core   0: 0x8000a024 (0x3c4d6b17) auipc   s6, 0x3c4d6
core   0: 3 0x8000a024 (0x3c4d6b17) x22 0xbc4e0024
core   0: 0x8000a028 (0x046f6263) bltu    t5, t1, pc + 68
core   0: 3 0x8000a028 (0x046f6263)
core   0: 0x8000a06c (0x00fb73b3) and     t2, s6, a5
core   0: 3 0x8000a06c (0x00fb73b3) x 7 0x00000000
core   0: 0x8000a070 (0x0040b933) sltu    s2, ra, tp
core   0: 3 0x8000a070 (0x0040b933) x18 0x00000000
core   0: 0x8000a074 (0x03e35933) divu    s2, t1, t5
core   0: 3 0x8000a074 (0x03e35933) x18 0xffffffff
core   0: 0x8000a078 (0x02ea6263) bltu    s4, a4, pc + 36
core   0: 3 0x8000a078 (0x02ea6263)
core   0: 0x8000a07c (0x9f138693) addi    a3, t2, -1551
core   0: 3 0x8000a07c (0x9f138693) x13 0xfffff9f1
core   0: 0x8000a080 (0x00348d33) add     s10, s1, gp
core   0: 3 0x8000a080 (0x00348d33) x26 0x80029ce5
core   0: 0x8000a084 (0x010b6a63) bltu    s6, a6, pc + 20
core   0: 3 0x8000a084 (0x010b6a63)
core   0: 0x8000a098 (0x02a5a7b3) mulhsu  a5, a1, a0
core   0: 3 0x8000a098 (0x02a5a7b3) x15 0xffffffff
core   0: 0x8000a09c (0x928b0593) addi    a1, s6, -1752
core   0: 3 0x8000a09c (0x928b0593) x11 0xbc4df94c
core   0: 0x8000a0a0 (0x41745093) srai    ra, s0, 23
core   0: 3 0x8000a0a0 (0x41745093) x 1 0x0000009f
core   0: 0x8000a0a4 (0xa44b22b7) lui     t0, 0xa44b2
core   0: 3 0x8000a0a4 (0xa44b22b7) x 5 0xa44b2000
core   0: 0x8000a0a8 (0x01826633) or      a2, tp, s8
core   0: 3 0x8000a0a8 (0x01826633) x12 0xcf84cee0
core   0: 0x8000a0ac (0x402f0033) sub     zero, t5, sp
core   0: 3 0x8000a0ac (0x402f0033)
core   0: 0x8000a0b0 (0x2c884c13) xori    s8, a6, 712
core   0: 3 0x8000a0b0 (0x2c884c13) x24 0xd3b6a9d8
core   0: 0x8000a0b4 (0x8713c313) xori    t1, t2, -1935
core   0: 3 0x8000a0b4 (0x8713c313) x 6 0xfffff871
core   0: 0x8000a0b8 (0x3c66c513) xori    a0, a3, 966
core   0: 3 0x8000a0b8 (0x3c66c513) x10 0xfffffa37
core   0: 0x8000a0bc (0x01e5c333) xor     t1, a1, t5
core   0: 3 0x8000a0bc (0x01e5c333) x 6 0xbc4df94c
core   0: 0x8000a0c0 (0x01e849b3) xor     s3, a6, t5
core   0: 3 0x8000a0c0 (0x01e849b3) x19 0xd3b6ab10
core   0: 0x8000a0c4 (0x0344e063) bltu    s1, s4, pc + 32
core   0: 3 0x8000a0c4 (0x0344e063)
core   0: 0x8000a0c8 (0x03e79063) bne     a5, t5, pc + 32
core   0: 3 0x8000a0c8 (0x03e79063)
core   0: 0x8000a0e8 (0x014e8263) beq     t4, s4, pc + 4
core   0: 3 0x8000a0e8 (0x014e8263)
core   0: 0x8000a0ec (0x416d8e33) sub     t3, s11, s6
core   0: 3 0x8000a0ec (0x416d8e33) x28 0x43b1ffdc
core   0: 0x8000a0f0 (0x03010263) beq     sp, a6, pc + 36
core   0: 3 0x8000a0f0 (0x03010263)
core   0: 0x8000a0f4 (0x013de533) or      a0, s11, s3
core   0: 3 0x8000a0f4 (0x013de533) x10 0xd3b6ab10
core   0: 0x8000a0f8 (0x353fa693) slti    a3, t6, 851
core   0: 3 0x8000a0f8 (0x353fa693) x13 0x00000001
core   0: 0x8000a0fc (0x02346f33) rem     t5, s0, gp
core   0: 3 0x8000a0fc (0x02346f33) x30 0x00000000
core   0: 0x8000a100 (0x1e1ae337) lui     t1, 0x1e1ae
core   0: 3 0x8000a100 (0x1e1ae337) x 6 0x1e1ae000
core   0: 0x8000a104 (0x01449863) bne     s1, s4, pc + 16
core   0: 3 0x8000a104 (0x01449863)
core   0: 0x8000a114 (0x00854c63) blt     a0, s0, pc + 24
core   0: 3 0x8000a114 (0x00854c63)
core   0: 0x8000a12c (0xc6142693) slti    a3, s0, -927
core   0: 3 0x8000a12c (0xc6142693) x13 0x00000000
core   0: 0x8000a130 (0x03ed1463) bne     s10, t5, pc + 40
core   0: 3 0x8000a130 (0x03ed1463)
core   0: 0x8000a158 (0x01e83333) sltu    t1, a6, t5
core   0: 3 0x8000a158 (0x01e83333) x 6 0x00000000
core   0: 0x8000a15c (0x05b7c263) blt     a5, s11, pc + 68
core   0: 3 0x8000a15c (0x05b7c263)
core   0: 0x8000a1a0 (0x022b91b3) mulh    gp, s7, sp
core   0: 3 0x8000a1a0 (0x022b91b3) x 3 0x3fff338e
core   0: 0x8000a1a4 (0x94590417) auipc   s0, 0x94590
core   0: 3 0x8000a1a4 (0x94590417) x 8 0x1459a1a4
core   0: 0x8000a1a8 (0xdb707413) andi    s0, zero, -585
core   0: 3 0x8000a1a8 (0xdb707413) x 8 0x00000000
core   0: 0x8000a1ac (0x033fc8b3) div     a7, t6, s3
core   0: 3 0x8000a1ac (0x033fc8b3) x17 0x00000002
core   0: 0x8000a1b0 (0x0383eb33) rem     s6, t2, s8
core   0: 3 0x8000a1b0 (0x0383eb33) x22 0x00000000
core   0: 0x8000a1b4 (0xc281ea93) ori     s5, gp, -984
core   0: 3 0x8000a1b4 (0xc281ea93) x21 0xffffffae
core   0: 0x8000a1b8 (0x0538c463) blt     a7, s3, pc + 72
core   0: 3 0x8000a1b8 (0x0538c463)
core   0: 0x8000a1bc (0xac4d3b13) sltiu   s6, s10, -1340
core   0: 3 0x8000a1bc (0xac4d3b13) x22 0x00000001
core   0: 0x8000a1c0 (0x0179ca63) blt     s3, s7, pc + 20
core   0: 3 0x8000a1c0 (0x0179ca63)
core   0: 0x8000a1c4 (0xf5b1bd93) sltiu   s11, gp, -165
core   0: 3 0x8000a1c4 (0xf5b1bd93) x27 0x00000001
core   0: 0x8000a1c8 (0x0045ff33) and     t5, a1, tp
core   0: 3 0x8000a1c8 (0x0045ff33) x30 0x8c04c840
core   0: 0x8000a1cc (0x01e82b33) slt     s6, a6, t5
core   0: 3 0x8000a1cc (0x01e82b33) x22 0x00000000
core   0: 0x8000a1d0 (0x4cb12897) auipc   a7, 0x4cb12
core   0: 3 0x8000a1d0 (0x4cb12897) x17 0xccb1c1d0
core   0: 0x8000a1d4 (0x00ded1b3) srl     gp, t4, a3
core   0: 3 0x8000a1d4 (0x00ded1b3) x 3 0x00000000
core   0: 0x8000a1d8 (0x025ef333) remu    t1, t4, t0
core   0: 3 0x8000a1d8 (0x025ef333) x 6 0x00000000
core   0: 0x8000a1dc (0x0395f233) remu    tp, a1, s9
core   0: 3 0x8000a1dc (0x0395f233) x 4 0x0144d94c
core   0: 0x8000a1e0 (0x01c25733) srl     a4, tp, t3
core   0: 3 0x8000a1e0 (0x01c25733) x14 0x00000000
core   0: 0x8000a1e4 (0x02bfa2b3) mulhsu  t0, t6, a1
core   0: 3 0x8000a1e4 (0x02bfa2b3) x 5 0xa1dac143
core   0: 0x8000a1e8 (0x4f33ee93) ori     t4, t2, 1267
core   0: 3 0x8000a1e8 (0x4f33ee93) x29 0x000004f3
core   0: 0x8000a1ec (0x41b5d3b3) sra     t2, a1, s11
core   0: 3 0x8000a1ec (0x41b5d3b3) x 7 0xde26fca6
core   0: 0x8000a1f0 (0x030d4233) div     tp, s10, a6
core   0: 3 0x8000a1f0 (0x030d4233) x 4 0x00000002
core   0: 0x8000a1f4 (0x02c8da63) bge     a7, a2, pc + 52
core   0: 3 0x8000a1f4 (0x02c8da63)
core   0: 0x8000a1f8 (0x01ec2ab3) slt     s5, s8, t5
core   0: 3 0x8000a1f8 (0x01ec2ab3) x21 0x00000000
core   0: 0x8000a1fc (0x006afa63) bgeu    s5, t1, pc + 20
core   0: 3 0x8000a1fc (0x006afa63)
core   0: 0x8000a210 (0x9291ce17) auipc   t3, 0x9291c
core   0: 3 0x8000a210 (0x9291ce17) x28 0x12926210
core   0: 0x8000a214 (0x002117b3) sll     a5, sp, sp
core   0: 3 0x8000a214 (0x002117b3) x15 0x80000000
core   0: 0x8000a218 (0x40dbd033) sra     zero, s7, a3
core   0: 3 0x8000a218 (0x40dbd033)
core   0: 0x8000a21c (0x01327c63) bgeu    tp, s3, pc + 24
core   0: 3 0x8000a21c (0x01327c63)
core   0: 0x8000a220 (0x00619a63) bne     gp, t1, pc + 20
core   0: 3 0x8000a220 (0x00619a63)
core   0: 0x8000a224 (0x002302b3) add     t0, t1, sp
core   0: 3 0x8000a224 (0x002302b3) x 5 0x80000000
core   0: 0x8000a228 (0x0125f833) and     a6, a1, s2
core   0: 3 0x8000a228 (0x0125f833) x16 0xbc4df94c
core   0: 0x8000a22c (0x031c2eb3) mulhsu  t4, s8, a7
core   0: 3 0x8000a22c (0x031c2eb3) x29 0xdc96cf1c
core   0: 0x8000a230 (0x00c32533) slt     a0, t1, a2
core   0: 3 0x8000a230 (0x00c32533) x10 0x00000000
core   0: 0x8000a234 (0x00b69263) bne     a3, a1, pc + 4
core   0: 3 0x8000a234 (0x00b69263)
core   0: 0x8000a238 (0x0085f263) bgeu    a1, s0, pc + 4
core   0: 3 0x8000a238 (0x0085f263)
core   0: 0x8000a23c (0x40bc5bb3) sra     s7, s8, a1
core   0: 3 0x8000a23c (0x40bc5bb3) x23 0xfffd3b6a
core   0: 0x8000a240 (0x028540b3) div     ra, a0, s0
core   0: 3 0x8000a240 (0x028540b3) x 1 0xffffffff
core   0: 0x8000a244 (0x001f2433) slt     s0, t5, ra
core   0: 3 0x8000a244 (0x001f2433) x 8 0x00000001
core   0: 0x8000a248 (0x01cce533) or      a0, s9, t3
core   0: 3 0x8000a248 (0x01cce533) x10 0x16da6210
core   0: 0x8000a24c (0x006d9833) sll     a6, s11, t1
core   0: 3 0x8000a24c (0x006d9833) x16 0x00000001
core   0: 0x8000a250 (0x022c0463) beq     s8, sp, pc + 40
core   0: 3 0x8000a250 (0x022c0463)
core   0: 0x8000a254 (0x02cf1063) bne     t5, a2, pc + 32
core   0: 3 0x8000a254 (0x02cf1063)
core   0: 0x8000a274 (0x40f15c33) sra     s8, sp, a5
core   0: 3 0x8000a274 (0x40f15c33) x24 0x80000000
core   0: 0x8000a278 (0x40c056b3) sra     a3, zero, a2
core   0: 3 0x8000a278 (0x40c056b3) x13 0x00000000
core   0: 0x8000a27c (0x416e06b3) sub     a3, t3, s6
core   0: 3 0x8000a27c (0x416e06b3) x13 0x12926210
core   0: 0x8000a280 (0x41125a33) sra     s4, tp, a7
core   0: 3 0x8000a280 (0x41125a33) x20 0x00000000
core   0: 0x8000a284 (0x407053b3) sra     t2, zero, t2
core   0: 3 0x8000a284 (0x407053b3) x 7 0x00000000
core   0: 0x8000a288 (0x40510033) sub     zero, sp, t0
core   0: 3 0x8000a288 (0x40510033)
core   0: 0x8000a28c (0x00cf1663) bne     t5, a2, pc + 12
core   0: 3 0x8000a28c (0x00cf1663)
core   0: 0x8000a298 (0x006df633) and     a2, s11, t1
core   0: 3 0x8000a298 (0x006df633) x12 0x00000000
core   0: 0x8000a29c (0x0256bdb3) mulhu   s11, a3, t0
core   0: 3 0x8000a29c (0x0256bdb3) x27 0x09493108
core   0: 0x8000a2a0 (0x401f4213) xori    tp, t5, 1025
core   0: 3 0x8000a2a0 (0x401f4213) x 4 0x8c04cc41
core   0: 0x8000a2a4 (0x00aae3b3) or      t2, s5, a0
core   0: 3 0x8000a2a4 (0x00aae3b3) x 7 0x16da6210
core   0: 0x8000a2a8 (0x019f9863) bne     t6, s9, pc + 16
core   0: 3 0x8000a2a8 (0x019f9863)
core   0: 0x8000a2b8 (0x410cdc93) srai    s9, s9, 16
core   0: 3 0x8000a2b8 (0x410cdc93) x25 0x000014c8
core   0: 0x8000a2bc (0x02b1e663) bltu    gp, a1, pc + 44
core   0: 3 0x8000a2bc (0x02b1e663)
core   0: 0x8000a2e8 (0x00346c63) bltu    s0, gp, pc + 24
core   0: 3 0x8000a2e8 (0x00346c63)
core   0: 0x8000a2ec (0xf43dfc93) andi    s9, s11, -189
core   0: 3 0x8000a2ec (0xf43dfc93) x25 0x09493100
core   0: 0x8000a2f0 (0x00431813) slli    a6, t1, 4
core   0: 3 0x8000a2f0 (0x00431813) x16 0x00000000
core   0: 0x8000a2f4 (0x00521c93) slli    s9, tp, 5
core   0: 3 0x8000a2f4 (0x00521c93) x25 0x80998820
core   0: 0x8000a2f8 (0x02d0e733) rem     a4, ra, a3
core   0: 3 0x8000a2f8 (0x02d0e733) x14 0xffffffff
core   0: 0x8000a2fc (0x007613b3) sll     t2, a2, t2
core   0: 3 0x8000a2fc (0x007613b3) x 7 0x00000000
core   0: 0x8000a300 (0x40fcd593) srai    a1, s9, 15
core   0: 3 0x8000a300 (0x40fcd593) x11 0xffff0133
core   0: 0x8000a304 (0x00767e33) and     t3, a2, t2
core   0: 3 0x8000a304 (0x00767e33) x28 0x00000000
core   0: 0x8000a308 (0x02253333) mulhu   t1, a0, sp
core   0: 3 0x8000a308 (0x02253333) x 6 0x0b6d3108
core   0: 0x8000a30c (0xf9adce93) xori    t4, s11, -102
core   0: 3 0x8000a30c (0xf9adce93) x29 0xf6b6ce92
core   0: 0x8000a310 (0x02636063) bltu    t1, t1, pc + 32
core   0: 3 0x8000a310 (0x02636063)
core   0: 0x8000a314 (0x026a8db3) mul     s11, s5, t1
core   0: 3 0x8000a314 (0x026a8db3) x27 0x00000000
core   0: 0x8000a318 (0x41f8da13) srai    s4, a7, 31
core   0: 3 0x8000a318 (0x41f8da13) x20 0xffffffff
core   0: 0x8000a31c (0x05faf263) bgeu    s5, t6, pc + 68
core   0: 3 0x8000a31c (0x05faf263)
core   0: 0x8000a320 (0x40e4d813) srai    a6, s1, 14
core   0: 3 0x8000a320 (0x40e4d813) x16 0xfffe000a
core   0: 0x8000a324 (0x00000013) nop
core   0: 3 0x8000a324 (0x00000013)
core   0: 0x8000a328 (0xec767e97) auipc   t4, 0xec767
core   0: 3 0x8000a328 (0xec767e97) x29 0x6c771328
core   0: 0x8000a32c (0x035bc833) div     a6, s7, s5
core   0: 3 0x8000a32c (0x035bc833) x16 0xffffffff
core   0: 0x8000a330 (0xb811dc17) auipc   s8, 0xb811d
core   0: 3 0x8000a330 (0xb811dc17) x24 0x38127330
core   0: 0x8000a334 (0x003f8c63) beq     t6, gp, pc + 24
core   0: 3 0x8000a334 (0x003f8c63)
core   0: 0x8000a338 (0x4144dd93) srai    s11, s1, 20
core   0: 3 0x8000a338 (0x4144dd93) x27 0xfffff800
core   0: 0x8000a33c (0x98ab7993) andi    s3, s6, -1654
core   0: 3 0x8000a33c (0x98ab7993) x19 0x00000000
core   0: 0x8000a340 (0x0105fa63) bgeu    a1, a6, pc + 20
core   0: 3 0x8000a340 (0x0105fa63)
core   0: 0x8000a344 (0x024b9333) mulh    t1, s7, tp
core   0: 3 0x8000a344 (0x024b9333) x 6 0x00014106
core   0: 0x8000a348 (0x02a8c263) blt     a7, a0, pc + 36
core   0: 3 0x8000a348 (0x02a8c263)
core   0: 0x8000a36c (0x020c0eb3) mul     t4, s8, zero
core   0: 3 0x8000a36c (0x020c0eb3) x29 0x00000000
core   0: 0x8000a370 (0x01a68c63) beq     a3, s10, pc + 24
core   0: 3 0x8000a370 (0x01a68c63)
core   0: 0x8000a374 (0x408003b3) sub     t2, zero, s0
core   0: 3 0x8000a374 (0x408003b3) x 7 0xffffffff
core   0: 0x8000a378 (0x7660e693) ori     a3, ra, 1894
core   0: 3 0x8000a378 (0x7660e693) x13 0xffffffff
core   0: 0x8000a37c (0x4094dc13) srai    s8, s1, 9
core   0: 3 0x8000a37c (0x4094dc13) x24 0xffc0014e
core   0: 0x8000a380 (0x000ab2b3) sltu    t0, s5, zero
core   0: 3 0x8000a380 (0x000ab2b3) x 5 0x00000000
core   0: 0x8000a384 (0x0309e6b3) rem     a3, s3, a6
core   0: 3 0x8000a384 (0x0309e6b3) x13 0x00000000
core   0: 0x8000a388 (0x012f1d33) sll     s10, t5, s2
core   0: 3 0x8000a388 (0x012f1d33) x26 0x00000000
core   0: 0x8000a38c (0x00637eb3) and     t4, t1, t1
core   0: 3 0x8000a38c (0x00637eb3) x29 0x00014106
core   0: 0x8000a390 (0x02ca57b3) divu    a5, s4, a2
core   0: 3 0x8000a390 (0x02ca57b3) x15 0xffffffff
core   0: 0x8000a394 (0xaa0d8b97) auipc   s7, 0xaa0d8
core   0: 3 0x8000a394 (0xaa0d8b97) x23 0x2a0e2394
core   0: 0x8000a398 (0x01754663) blt     a0, s7, pc + 12
core   0: 3 0x8000a398 (0x01754663)
core   0: 0x8000a3a4 (0x415c00b3) sub     ra, s8, s5
core   0: 3 0x8000a3a4 (0x415c00b3) x 1 0xffc0014e
core   0: 0x8000a3a8 (0x00000013) nop
core   0: 3 0x8000a3a8 (0x00000013)
core   0: 0x8000a3ac (0x013498b3) sll     a7, s1, s3
core   0: 3 0x8000a3ac (0x013498b3) x17 0x80029ce4
core   0: 0x8000a3b0 (0x00f93033) sltu    zero, s2, a5
core   0: 3 0x8000a3b0 (0x00f93033)
core   0: 0x8000a3b4 (0x3e06a513) slti    a0, a3, 992
core   0: 3 0x8000a3b4 (0x3e06a513) x10 0x00000001
core   0: 0x8000a3b8 (0x00bfcab3) xor     s5, t6, a1
core   0: 3 0x8000a3b8 (0x00bfcab3) x21 0x7ffd5f0b
core   0: 0x8000a3bc (0x00dc3ab3) sltu    s5, s8, a3
core   0: 3 0x8000a3bc (0x00dc3ab3) x21 0x00000000
core   0: 0x8000a3c0 (0x177c0c13) addi    s8, s8, 375
core   0: 3 0x8000a3c0 (0x177c0c13) x24 0xffc002c5
core   0: 0x8000a3c4 (0x001dceb3) xor     t4, s11, ra
core   0: 3 0x8000a3c4 (0x001dceb3) x29 0x003ff94e
core   0: 0x8000a3c8 (0x52dfc613) xori    a2, t6, 1325
core   0: 3 0x8000a3c8 (0x52dfc613) x12 0x80025b15
core   0: 0x8000a3cc (0x02d71263) bne     a4, a3, pc + 36
core   0: 3 0x8000a3cc (0x02d71263)
core   0: 0x8000a3f0 (0x01e7b3b3) sltu    t2, a5, t5
core   0: 3 0x8000a3f0 (0x01e7b3b3) x 7 0x00000000
core   0: 0x8000a3f4 (0x024007b3) mul     a5, zero, tp
core   0: 3 0x8000a3f4 (0x024007b3) x15 0x00000000
core   0: 0x8000a3f8 (0x01c45233) srl     tp, s0, t3
core   0: 3 0x8000a3f8 (0x01c45233) x 4 0x00000001
core   0: 0x8000a3fc (0xa7acfe13) andi    t3, s9, -1414
core   0: 3 0x8000a3fc (0xa7acfe13) x28 0x80998820
core   0: 0x8000a400 (0x0019a2b3) slt     t0, s3, ra
core   0: 3 0x8000a400 (0x0019a2b3) x 5 0x00000000
core   0: 0x8000a404 (0x002c3093) sltiu   ra, s8, 2
core   0: 3 0x8000a404 (0x002c3093) x 1 0x00000000
core   0: 0x8000a408 (0x018f8833) add     a6, t6, s8
core   0: 3 0x8000a408 (0x018f8833) x16 0x7fc260fd
core   0: 0x8000a40c (0x029d7933) remu    s2, s10, s1
core   0: 3 0x8000a40c (0x029d7933) x18 0x00000000
core   0: 0x8000a410 (0x40f8d2b3) sra     t0, a7, a5
core   0: 3 0x8000a410 (0x40f8d2b3) x 5 0x80029ce4
core   0: 0x8000a414 (0x00196a63) bltu    s2, ra, pc + 20
core   0: 3 0x8000a414 (0x00196a63)
core   0: 0x8000a418 (0x017e6333) or      t1, t3, s7
core   0: 3 0x8000a418 (0x017e6333) x 6 0xaa9fabb4
core   0: 0x8000a41c (0x0187eeb3) or      t4, a5, s8
core   0: 3 0x8000a41c (0x0187eeb3) x29 0xffc002c5
core   0: 0x8000a420 (0x40358533) sub     a0, a1, gp
core   0: 3 0x8000a420 (0x40358533) x10 0xffff0133
core   0: 0x8000a424 (0x03e9f433) remu    s0, s3, t5
core   0: 3 0x8000a424 (0x03e9f433) x 8 0x00000000
core   0: 0x8000a428 (0x01d6d263) bge     a3, t4, pc + 4
core   0: 3 0x8000a428 (0x01d6d263)
core   0: 0x8000a42c (0xa81b4413) xori    s0, s6, -1407
core   0: 3 0x8000a42c (0xa81b4413) x 8 0xfffffa81
core   0: 0x8000a430 (0xede47937) lui     s2, 0xede47
core   0: 3 0x8000a430 (0xede47937) x18 0xede47000
core   0: 0x8000a434 (0x03bfcc33) div     s8, t6, s11
core   0: 3 0x8000a434 (0x03bfcc33) x24 0x000fffb4
core   0: 0x8000a438 (0x00d62533) slt     a0, a2, a3
core   0: 3 0x8000a438 (0x00d62533) x10 0x00000001
core   0: 0x8000a43c (0x02bc51b3) divu    gp, s8, a1
core   0: 3 0x8000a43c (0x02bc51b3) x 3 0x00000000
core   0: 0x8000a440 (0x020cbc33) mulhu   s8, s9, zero
core   0: 3 0x8000a440 (0x020cbc33) x24 0x00000000
core   0: 0x8000a444 (0x41c80a33) sub     s4, a6, t3
core   0: 3 0x8000a444 (0x41c80a33) x20 0xff28d8dd
core   0: 0x8000a448 (0x003bd193) srli    gp, s7, 3
core   0: 3 0x8000a448 (0x003bd193) x 3 0x0541c472
core   0: 0x8000a44c (0x419652b3) sra     t0, a2, s9
core   0: 3 0x8000a44c (0x419652b3) x 5 0x80025b15
core   0: 0x8000a450 (0xfd742c93) slti    s9, s0, -41
core   0: 3 0x8000a450 (0xfd742c93) x25 0x00000001
core   0: 0x8000a454 (0xa03b0437) lui     s0, 0xa03b0
core   0: 3 0x8000a454 (0xa03b0437) x 8 0xa03b0000
core   0: 0x8000a458 (0x02a30eb3) mul     t4, t1, a0
core   0: 3 0x8000a458 (0x02a30eb3) x29 0xaa9fabb4
core   0: 0x8000a45c (0x010271b3) and     gp, tp, a6
core   0: 3 0x8000a45c (0x010271b3) x 3 0x00000001
core   0: 0x8000a460 (0x026a1833) mulh    a6, s4, t1
core   0: 3 0x8000a460 (0x026a1833) x16 0x0047c0f4
core   0: 0x8000a464 (0x009b5813) srli    a6, s6, 9
core   0: 3 0x8000a464 (0x009b5813) x16 0x00000000
core   0: 0x8000a468 (0x015f6933) or      s2, t5, s5
core   0: 3 0x8000a468 (0x015f6933) x18 0x8c04c840
core   0: 0x8000a46c (0x00b6de63) bge     a3, a1, pc + 28
core   0: 3 0x8000a46c (0x00b6de63)
core   0: 0x8000a488 (0x018dd933) srl     s2, s11, s8
core   0: 3 0x8000a488 (0x018dd933) x18 0xfffff800
core   0: 0x8000a48c (0x01c6d793) srli    a5, a3, 28
core   0: 3 0x8000a48c (0x01c6d793) x15 0x00000000
core   0: 0x8000a490 (0x0254d7b3) divu    a5, s1, t0
core   0: 3 0x8000a490 (0x0254d7b3) x15 0x00000001
core   0: 0x8000a494 (0x018bdab3) srl     s5, s7, s8
core   0: 3 0x8000a494 (0x018bdab3) x21 0x2a0e2394
core   0: 0x8000a498 (0x00ff9e93) slli    t4, t6, 15
core   0: 3 0x8000a498 (0x00ff9e93) x29 0x2f1c0000
core   0: 0x8000a49c (0x1fee0bb7) lui     s7, 0x1fee0
core   0: 3 0x8000a49c (0x1fee0bb7) x23 0x1fee0000
core   0: 0x8000a4a0 (0x00e51313) slli    t1, a0, 14
core   0: 3 0x8000a4a0 (0x00e51313) x 6 0x00004000
core   0: 0x8000a4a4 (0x012bda63) bge     s7, s2, pc + 20
core   0: 3 0x8000a4a4 (0x012bda63)
core   0: 0x8000a4b8 (0xb2cf6b13) ori     s6, t5, -1236
core   0: 3 0x8000a4b8 (0xb2cf6b13) x22 0xfffffb6c
core   0: 0x8000a4bc (0x019fcc63) blt     t6, s9, pc + 24
core   0: 3 0x8000a4bc (0x019fcc63)
core   0: 0x8000a4d4 (0x01ec3cb3) sltu    s9, s8, t5
core   0: 3 0x8000a4d4 (0x01ec3cb3) x25 0x00000001
core   0: 0x8000a4d8 (0x01891ab3) sll     s5, s2, s8
core   0: 3 0x8000a4d8 (0x01891ab3) x21 0xfffff800
core   0: 0x8000a4dc (0x009a4ab3) xor     s5, s4, s1
core   0: 3 0x8000a4dc (0x009a4ab3) x21 0x7f2a4439
core   0: 0x8000a4e0 (0xc080bb13) sltiu   s6, ra, -1016
core   0: 3 0x8000a4e0 (0xc080bb13) x22 0x00000001
core   0: 0x8000a4e4 (0x01cf5d93) srli    s11, t5, 28
core   0: 3 0x8000a4e4 (0x01cf5d93) x27 0x00000008
core   0: 0x8000a4e8 (0x05abd263) bge     s7, s10, pc + 68
core   0: 3 0x8000a4e8 (0x05abd263)
core   0: 0x8000a52c (0x00000013) nop
core   0: 3 0x8000a52c (0x00000013)
core   0: 0x8000a530 (0x4174d313) srai    t1, s1, 23
core   0: 3 0x8000a530 (0x4174d313) x 6 0xffffff00
core   0: 0x8000a534 (0xd49d6013) ori     zero, s10, -695
core   0: 3 0x8000a534 (0xd49d6013)
core   0: 0x8000a538 (0x00844a63) blt     s0, s0, pc + 20
core   0: 3 0x8000a538 (0x00844a63)
core   0: 0x8000a53c (0x19459817) auipc   a6, 0x19459
core   0: 3 0x8000a53c (0x19459817) x16 0x9946353c
core   0: 0x8000a540 (0x02fe6eb3) rem     t4, t3, a5
core   0: 3 0x8000a540 (0x02fe6eb3) x29 0x00000000
core   0: 0x8000a544 (0x02810833) mul     a6, sp, s0
core   0: 3 0x8000a544 (0x02810833) x16 0x00000000
core   0: 0x8000a548 (0x00c6d413) srli    s0, a3, 12
core   0: 3 0x8000a548 (0x00c6d413) x 8 0x00000000
core   0: 0x8000a54c (0x469a0613) addi    a2, s4, 1129
core   0: 3 0x8000a54c (0x469a0613) x12 0xff28dd46
core   0: 0x8000a550 (0x0293aa33) mulhsu  s4, t2, s1
core   0: 3 0x8000a550 (0x0293aa33) x20 0x00000000
core   0: 0x8000a554 (0x4ace4c13) xori    s8, t3, 1196
core   0: 3 0x8000a554 (0x4ace4c13) x24 0x80998c8c
core   0: 0x8000a558 (0x023260b3) rem     ra, tp, gp
core   0: 3 0x8000a558 (0x023260b3) x 1 0x00000000
core   0: 0x8000a55c (0x00a55a63) bge     a0, a0, pc + 20
core   0: 3 0x8000a55c (0x00a55a63)
core   0: 0x8000a570 (0x407603b3) sub     t2, a2, t2
core   0: 3 0x8000a570 (0x407603b3) x 7 0xff28dd46
core   0: 0x8000a574 (0x009efc63) bgeu    t4, s1, pc + 24
core   0: 3 0x8000a574 (0x009efc63)
core   0: 0x8000a578 (0x07ac7093) andi    ra, s8, 122
core   0: 3 0x8000a578 (0x07ac7093) x 1 0x00000008
core   0: 0x8000a57c (0x003adc93) srli    s9, s5, 3
core   0: 3 0x8000a57c (0x003adc93) x25 0x0fe54887
core   0: 0x8000a580 (0x00c778b3) and     a7, a4, a2
core   0: 3 0x8000a580 (0x00c778b3) x17 0xff28dd46
core   0: 0x8000a584 (0x015cd213) srli    tp, s9, 21
core   0: 3 0x8000a584 (0x015cd213) x 4 0x0000007f
core   0: 0x8000a588 (0x5ecdf193) andi    gp, s11, 1516
core   0: 3 0x8000a588 (0x5ecdf193) x 3 0x00000008
core   0: 0x8000a58c (0x0270d663) bge     ra, t2, pc + 44
core   0: 3 0x8000a58c (0x0270d663)
core   0: 0x8000a5b8 (0xf006ac13) slti    s8, a3, -256
core   0: 3 0x8000a5b8 (0xf006ac13) x24 0x00000000
core   0: 0x8000a5bc (0x833d2813) slti    a6, s10, -1997
core   0: 3 0x8000a5bc (0x833d2813) x16 0x00000000
core   0: 0x8000a5c0 (0x00747c63) bgeu    s0, t2, pc + 24
core   0: 3 0x8000a5c0 (0x00747c63)
core   0: 0x8000a5c4 (0x019d4833) xor     a6, s10, s9
core   0: 3 0x8000a5c4 (0x019d4833) x16 0x0fe54887
core   0: 0x8000a5c8 (0x014032b3) snez    t0, s4
core   0: 3 0x8000a5c8 (0x014032b3) x 5 0x00000000
core   0: 0x8000a5cc (0x00f20b33) add     s6, tp, a5
core   0: 3 0x8000a5cc (0x00f20b33) x22 0x00000080
core   0: 0x8000a5d0 (0x0285e263) bltu    a1, s0, pc + 36
core   0: 3 0x8000a5d0 (0x0285e263)
core   0: 0x8000a5d4 (0x03344833) div     a6, s0, s3
core   0: 3 0x8000a5d4 (0x03344833) x16 0xffffffff
core   0: 0x8000a5d8 (0x02455db3) divu    s11, a0, tp
core   0: 3 0x8000a5d8 (0x02455db3) x27 0x00000000
core   0: 0x8000a5dc (0x02daf633) remu    a2, s5, a3
core   0: 3 0x8000a5dc (0x02daf633) x12 0x7f2a4439
core   0: 0x8000a5e0 (0x01ca8633) add     a2, s5, t3
core   0: 3 0x8000a5e0 (0x01ca8633) x12 0xffc3cc59
core   0: 0x8000a5e4 (0x02b88463) beq     a7, a1, pc + 40
core   0: 3 0x8000a5e4 (0x02b88463)
core   0: 0x8000a5e8 (0x41ced833) sra     a6, t4, t3
core   0: 3 0x8000a5e8 (0x41ced833) x16 0x00000000
core   0: 0x8000a5ec (0x03fa3db3) mulhu   s11, s4, t6
core   0: 3 0x8000a5ec (0x03fa3db3) x27 0x00000000
core   0: 0x8000a5f0 (0xdb1a2093) slti    ra, s4, -591
core   0: 3 0x8000a5f0 (0xdb1a2093) x 1 0x00000000
core   0: 0x8000a5f4 (0x004a6233) or      tp, s4, tp
core   0: 3 0x8000a5f4 (0x004a6233) x 4 0x0000007f
core   0: 0x8000a5f8 (0x01ce8633) add     a2, t4, t3
core   0: 3 0x8000a5f8 (0x01ce8633) x12 0x80998820
core   0: 0x8000a5fc (0x018dd033) srl     zero, s11, s8
core   0: 3 0x8000a5fc (0x018dd033)
core   0: 0x8000a600 (0x0b11a313) slti    t1, gp, 177
core   0: 3 0x8000a600 (0x0b11a313) x 6 0x00000001
core   0: 0x8000a604 (0x01ed9bb3) sll     s7, s11, t5
core   0: 3 0x8000a604 (0x01ed9bb3) x23 0x00000000
core   0: 0x8000a608 (0x03ad1f33) mulh    t5, s10, s10
core   0: 3 0x8000a608 (0x03ad1f33) x30 0x00000000
core   0: 0x8000a60c (0x026e4333) div     t1, t3, t1
core   0: 3 0x8000a60c (0x026e4333) x 6 0x80998820
core   0: 0x8000a610 (0x03c76eb3) rem     t4, a4, t3
core   0: 3 0x8000a610 (0x03c76eb3) x29 0xffffffff
core   0: 0x8000a614 (0xa3e63413) sltiu   s0, a2, -1474
core   0: 3 0x8000a614 (0xa3e63413) x 8 0x00000001
core   0: 0x8000a618 (0x50d52713) slti    a4, a0, 1293
core   0: 3 0x8000a618 (0x50d52713) x14 0x00000001
core   0: 0x8000a61c (0x00000013) nop
core   0: 3 0x8000a61c (0x00000013)
core   0: 0x8000a620 (0x02700933) mul     s2, zero, t2
core   0: 3 0x8000a620 (0x02700933) x18 0x00000000
core   0: 0x8000a624 (0x02791db3) mulh    s11, s2, t2
core   0: 3 0x8000a624 (0x02791db3) x27 0x00000000
core   0: 0x8000a628 (0x044de263) bltu    s11, tp, pc + 68
core   0: 3 0x8000a628 (0x044de263)
core   0: 0x8000a66c (0x03d64063) blt     a2, t4, pc + 32
core   0: 3 0x8000a66c (0x03d64063)
core   0: 0x8000a68c (0x40605b13) srai    s6, zero, 6
core   0: 3 0x8000a68c (0x40605b13) x22 0x00000000
core   0: 0x8000a690 (0xf904ad13) slti    s10, s1, -112
core   0: 3 0x8000a690 (0xf904ad13) x26 0x00000001
core   0: 0x8000a694 (0x2a0d7213) andi    tp, s10, 672
core   0: 3 0x8000a694 (0x2a0d7213) x 4 0x00000000
core   0: 0x8000a698 (0x02e3dd33) divu    s10, t2, a4
core   0: 3 0x8000a698 (0x02e3dd33) x26 0xff28dd46
core   0: 0x8000a69c (0x02616533) rem     a0, sp, t1
core   0: 3 0x8000a69c (0x02616533) x10 0xff6677e0
core   0: 0x8000a6a0 (0xfd6ff193) andi    gp, t6, -42
core   0: 3 0x8000a6a0 (0xfd6ff193) x 3 0x80025e10
core   0: 0x8000a6a4 (0x151d7413) andi    s0, s10, 337
core   0: 3 0x8000a6a4 (0x151d7413) x 8 0x00000140
core   0: 0x8000a6a8 (0x0cc6e993) ori     s3, a3, 204
core   0: 3 0x8000a6a8 (0x0cc6e993) x19 0x000000cc
core   0: 0x8000a6ac (0x037ccd97) auipc   s11, 0x37cc
core   0: 3 0x8000a6ac (0x037ccd97) x27 0x837d66ac
core   0: 0x8000a6b0 (0x03257ab3) remu    s5, a0, s2
core   0: 3 0x8000a6b0 (0x03257ab3) x21 0xff6677e0
core   0: 0x8000a6b4 (0x03e763b3) rem     t2, a4, t5
core   0: 3 0x8000a6b4 (0x03e763b3) x 7 0x00000001
core   0: 0x8000a6b8 (0x01c03333) snez    t1, t3
core   0: 3 0x8000a6b8 (0x01c03333) x 6 0x00000001
core   0: 0x8000a6bc (0x01516633) or      a2, sp, s5
core   0: 3 0x8000a6bc (0x01516633) x12 0xff6677e0
core   0: 0x8000a6c0 (0x7b1df913) andi    s2, s11, 1969
core   0: 3 0x8000a6c0 (0x7b1df913) x18 0x000006a0
core   0: 0x8000a6c4 (0x1d45a3b7) lui     t2, 0x1d45a
core   0: 3 0x8000a6c4 (0x1d45a3b7) x 7 0x1d45a000
core   0: 0x8000a6c8 (0x840eac93) slti    s9, t4, -1984
core   0: 3 0x8000a6c8 (0x840eac93) x25 0x00000000
core   0: 0x8000a6cc (0x0153f0b3) and     ra, t2, s5
core   0: 3 0x8000a6cc (0x0153f0b3) x 1 0x1d442000
core   0: 0x8000a6d0 (0x01f01b13) slli    s6, zero, 31
core   0: 3 0x8000a6d0 (0x01f01b13) x22 0x00000000
core   0: 0x8000a6d4 (0x08dd1e63) bne     s10, a3, pc + 156
core   0: 3 0x8000a6d4 (0x08dd1e63)
core   0: 0x8000a770 (0x0170fc63) bgeu    ra, s7, pc + 24
core   0: 3 0x8000a770 (0x0170fc63)
core   0: 0x8000a788 (0x00a77e33) and     t3, a4, a0
core   0: 3 0x8000a788 (0x00a77e33) x28 0x00000000
core   0: 0x8000a78c (0x53ebdd37) lui     s10, 0x53ebd
core   0: 3 0x8000a78c (0x53ebdd37) x26 0x53ebd000
core   0: 0x8000a790 (0x0184eab3) or      s5, s1, s8
core   0: 3 0x8000a790 (0x0184eab3) x21 0x80029ce4
core   0: 0x8000a794 (0x032ca533) mulhsu  a0, s9, s2
core   0: 3 0x8000a794 (0x032ca533) x10 0x00000000
core   0: 0x8000a798 (0x415403b3) sub     t2, s0, s5
core   0: 3 0x8000a798 (0x415403b3) x 7 0x7ffd645c
core   0: 0x8000a79c (0x044b4463) blt     s6, tp, pc + 72
core   0: 3 0x8000a79c (0x044b4463)
core   0: 0x8000a7a0 (0x00c99933) sll     s2, s3, a2
core   0: 3 0x8000a7a0 (0x00c99933) x18 0x000000cc
core   0: 0x8000a7a4 (0x031a1f33) mulh    t5, s4, a7
core   0: 3 0x8000a7a4 (0x031a1f33) x30 0x00000000
core   0: 0x8000a7a8 (0x751a8513) addi    a0, s5, 1873
core   0: 3 0x8000a7a8 (0x751a8513) x10 0x8002a435
core   0: 0x8000a7ac (0x03f70a33) mul     s4, a4, t6
core   0: 3 0x8000a7ac (0x03f70a33) x20 0x80025e38
core   0: 0x8000a7b0 (0x007ae533) or      a0, s5, t2
core   0: 3 0x8000a7b0 (0x007ae533) x10 0xfffffcfc
core   0: 0x8000a7b4 (0x01918863) beq     gp, s9, pc + 16
core   0: 3 0x8000a7b4 (0x01918863)
core   0: 0x8000a7b8 (0x4cf63513) sltiu   a0, a2, 1231
core   0: 3 0x8000a7b8 (0x4cf63513) x10 0x00000000
core   0: 0x8000a7bc (0x40695b13) srai    s6, s2, 6
core   0: 3 0x8000a7bc (0x40695b13) x22 0x00000003
core   0: 0x8000a7c0 (0x01cc0f33) add     t5, s8, t3
core   0: 3 0x8000a7c0 (0x01cc0f33) x30 0x00000000
core   0: 0x8000a7c4 (0x40f08633) sub     a2, ra, a5
core   0: 3 0x8000a7c4 (0x40f08633) x12 0x1d441fff
core   0: 0x8000a7c8 (0x03f49833) mulh    a6, s1, t6
core   0: 3 0x8000a7c8 (0x03f49833) x16 0x3ffd8278
core   0: 0x8000a7cc (0x039a0063) beq     s4, s9, pc + 32
core   0: 3 0x8000a7cc (0x039a0063)
core   0: 0x8000a7d0 (0x36c82c93) slti    s9, a6, 876
core   0: 3 0x8000a7d0 (0x36c82c93) x25 0x00000000
core   0: 0x8000a7d4 (0x03a356b3) divu    a3, t1, s10
core   0: 3 0x8000a7d4 (0x03a356b3) x13 0x00000000
core   0: 0x8000a7d8 (0x04dbc263) blt     s7, a3, pc + 68
core   0: 3 0x8000a7d8 (0x04dbc263)
core   0: 0x8000a7dc (0xfa604313) xori    t1, zero, -90
core   0: 3 0x8000a7dc (0xfa604313) x 6 0xffffffa6
core   0: 0x8000a7e0 (0x05d47463) bgeu    s0, t4, pc + 72
core   0: 3 0x8000a7e0 (0x05d47463)
core   0: 0x8000a7e4 (0x36567793) andi    a5, a2, 869
core   0: 3 0x8000a7e4 (0x36567793) x15 0x00000365
core   0: 0x8000a7e8 (0x00a55b13) srli    s6, a0, 10
core   0: 3 0x8000a7e8 (0x00a55b13) x22 0x00000000
core   0: 0x8000a7ec (0x00c50663) beq     a0, a2, pc + 12
core   0: 3 0x8000a7ec (0x00c50663)
core   0: 0x8000a7f0 (0x76c30613) addi    a2, t1, 1900
core   0: 3 0x8000a7f0 (0x76c30613) x12 0x00000712
core   0: 0x8000a7f4 (0x014cd6b3) srl     a3, s9, s4
core   0: 3 0x8000a7f4 (0x014cd6b3) x13 0x00000000
core   0: 0x8000a7f8 (0x03eae333) rem     t1, s5, t5
core   0: 3 0x8000a7f8 (0x03eae333) x 6 0x80029ce4
core   0: 0x8000a7fc (0x038e9a63) bne     t4, s8, pc + 52
core   0: 3 0x8000a7fc (0x038e9a63)
core   0: 0x8000a830 (0xf8990913) addi    s2, s2, -119
core   0: 3 0x8000a830 (0xf8990913) x18 0x00000055
core   0: 0x8000a834 (0x02e35ab3) divu    s5, t1, a4
core   0: 3 0x8000a834 (0x02e35ab3) x21 0x80029ce4
core   0: 0x8000a838 (0x00e10cb3) add     s9, sp, a4
core   0: 3 0x8000a838 (0x00e10cb3) x25 0x80000001
core   0: 0x8000a83c (0x021288b3) mul     a7, t0, ra
core   0: 3 0x8000a83c (0x021288b3) x17 0x00000000
core   0: 0x8000a840 (0xa886b693) sltiu   a3, a3, -1400
core   0: 3 0x8000a840 (0xa886b693) x13 0x00000001
core   0: 0x8000a844 (0x0243e1b3) rem     gp, t2, tp
core   0: 3 0x8000a844 (0x0243e1b3) x 3 0x7ffd645c
core   0: 0x8000a848 (0x033147b3) div     a5, sp, s3
core   0: 3 0x8000a848 (0x033147b3) x15 0xff5f5f60
core   0: 0x8000a84c (0xf12e2393) slti    t2, t3, -238
core   0: 3 0x8000a84c (0xf12e2393) x 7 0x00000000
core   0: 0x8000a850 (0x01eb90b3) sll     ra, s7, t5
core   0: 3 0x8000a850 (0x01eb90b3) x 1 0x00000000
core   0: 0x8000a854 (0x97bc2a37) lui     s4, 0x97bc2
core   0: 3 0x8000a854 (0x97bc2a37) x20 0x97bc2000
core   0: 0x8000a858 (0x028b7463) bgeu    s6, s0, pc + 40
core   0: 3 0x8000a858 (0x028b7463)
core   0: 0x8000a85c (0x02ff3033) mulhu   zero, t5, a5
core   0: 3 0x8000a85c (0x02ff3033)
core   0: 0x8000a860 (0x094a4b13) xori    s6, s4, 148
core   0: 3 0x8000a860 (0x094a4b13) x22 0x97bc2094
core   0: 0x8000a864 (0x6aa44513) xori    a0, s0, 1706
core   0: 3 0x8000a864 (0x6aa44513) x10 0x000007ea
core   0: 0x8000a868 (0xf5660b37) lui     s6, 0xf5660
core   0: 3 0x8000a868 (0xf5660b37) x22 0xf5660000
core   0: 0x8000a86c (0x02e501b3) mul     gp, a0, a4
core   0: 3 0x8000a86c (0x02e501b3) x 3 0x000007ea
core   0: 0x8000a870 (0x01d25c33) srl     s8, tp, t4
core   0: 3 0x8000a870 (0x01d25c33) x24 0x00000000
core   0: 0x8000a874 (0x0039d433) srl     s0, s3, gp
core   0: 3 0x8000a874 (0x0039d433) x 8 0x00000000
core   0: 0x8000a878 (0x94cf3c37) lui     s8, 0x94cf3
core   0: 3 0x8000a878 (0x94cf3c37) x24 0x94cf3000
core   0: 0x8000a87c (0x41465693) srai    a3, a2, 20
core   0: 3 0x8000a87c (0x41465693) x13 0x00000000
core   0: 0x8000a880 (0x011c5233) srl     tp, s8, a7
core   0: 3 0x8000a880 (0x011c5233) x 4 0x94cf3000
core   0: 0x8000a884 (0x455e2413) slti    s0, t3, 1109
core   0: 3 0x8000a884 (0x455e2413) x 8 0x00000001
core   0: 0x8000a888 (0x03c28663) beq     t0, t3, pc + 44
core   0: 3 0x8000a888 (0x03c28663)
core   0: 0x8000a8b4 (0x02f01cb3) mulh    s9, zero, a5
core   0: 3 0x8000a8b4 (0x02f01cb3) x25 0x00000000
core   0: 0x8000a8b8 (0xe22c2993) slti    s3, s8, -478
core   0: 3 0x8000a8b8 (0xe22c2993) x19 0x00000001
core   0: 0x8000a8bc (0x0303ca33) div     s4, t2, a6
core   0: 3 0x8000a8bc (0x0303ca33) x20 0x00000000
core   0: 0x8000a8c0 (0x41125f33) sra     t5, tp, a7
core   0: 3 0x8000a8c0 (0x41125f33) x30 0x94cf3000
core   0: 0x8000a8c4 (0x004ddc63) bge     s11, tp, pc + 24
core   0: 3 0x8000a8c4 (0x004ddc63)
core   0: 0x8000a8c8 (0x02794a33) div     s4, s2, t2
core   0: 3 0x8000a8c8 (0x02794a33) x20 0xffffffff
core   0: 0x8000a8cc (0x0377a2b3) mulhsu  t0, a5, s7
core   0: 3 0x8000a8cc (0x0377a2b3) x 5 0x00000000
core   0: 0x8000a8d0 (0x034eea33) rem     s4, t4, s4
core   0: 3 0x8000a8d0 (0x034eea33) x20 0x00000000
core   0: 0x8000a8d4 (0x01790a33) add     s4, s2, s7
core   0: 3 0x8000a8d4 (0x01790a33) x20 0x00000055
core   0: 0x8000a8d8 (0x0057f263) bgeu    a5, t0, pc + 4
core   0: 3 0x8000a8d8 (0x0057f263)
core   0: 0x8000a8dc (0x03cb0b33) mul     s6, s6, t3
core   0: 3 0x8000a8dc (0x03cb0b33) x22 0x00000000
core   0: 0x8000a8e0 (0x03d0f733) remu    a4, ra, t4
core   0: 3 0x8000a8e0 (0x03d0f733) x14 0x00000000
core   0: 0x8000a8e4 (0x008152b3) srl     t0, sp, s0
core   0: 3 0x8000a8e4 (0x008152b3) x 5 0x40000000
core   0: 0x8000a8e8 (0x00207263) bgeu    zero, sp, pc + 4
core   0: 3 0x8000a8e8 (0x00207263)
core   0: 0x8000a8ec (0x014c8e63) beq     s9, s4, pc + 28
core   0: 3 0x8000a8ec (0x014c8e63)
core   0: 0x8000a8f0 (0x02449933) mulh    s2, s1, tp
core   0: 3 0x8000a8f0 (0x02449933) x18 0x35974fed
core   0: 0x8000a8f4 (0x03ad4463) blt     s10, s10, pc + 40
core   0: 3 0x8000a8f4 (0x03ad4463)
core   0: 0x8000a8f8 (0x01cbba33) sltu    s4, s7, t3
core   0: 3 0x8000a8f8 (0x01cbba33) x20 0x00000000
core   0: 0x8000a8fc (0x02ba32b3) mulhu   t0, s4, a1
core   0: 3 0x8000a8fc (0x02ba32b3) x 5 0x00000000
core   0: 0x8000a900 (0x033d0bb3) mul     s7, s10, s3
core   0: 3 0x8000a900 (0x033d0bb3) x23 0x53ebd000
core   0: 0x8000a904 (0x016fac33) slt     s8, t6, s6
core   0: 3 0x8000a904 (0x016fac33) x24 0x00000001
core   0: 0x8000a908 (0x005a0e33) add     t3, s4, t0
core   0: 3 0x8000a908 (0x005a0e33) x28 0x00000000
core   0: 0x8000a90c (0x0073ef33) or      t5, t2, t2
core   0: 3 0x8000a90c (0x0073ef33) x30 0x00000000
core   0: 0x8000a910 (0x03b53533) mulhu   a0, a0, s11
core   0: 3 0x8000a910 (0x03b53533) x10 0x00000410
core   0: 0x8000a914 (0xfce00d97) auipc   s11, 0xfce00
core   0: 3 0x8000a914 (0xfce00d97) x27 0x7ce0a914
core   0: 0x8000a918 (0x01440a63) beq     s0, s4, pc + 20
core   0: 3 0x8000a918 (0x01440a63)
core   0: 0x8000a91c (0xef933c93) sltiu   s9, t1, -263
core   0: 3 0x8000a91c (0xef933c93) x25 0x00000001
core   0: 0x8000a920 (0x03293eb3) mulhu   t4, s2, s2
core   0: 3 0x8000a920 (0x03293eb3) x29 0x0b380087
core   0: 0x8000a924 (0x0017d313) srli    t1, a5, 1
core   0: 3 0x8000a924 (0x0017d313) x 6 0x7fafafb0
core   0: 0x8000a928 (0x41b95733) sra     a4, s2, s11
core   0: 3 0x8000a928 (0x41b95733) x14 0x00000359
core   0: 0x8000a92c (0x009bfa63) bgeu    s7, s1, pc + 20
core   0: 3 0x8000a92c (0x009bfa63)
core   0: 0x8000a930 (0xfe6ae793) ori     a5, s5, -26
core   0: 3 0x8000a930 (0xfe6ae793) x15 0xffffffe6
core   0: 0x8000a934 (0x72b2c013) xori    zero, t0, 1835
core   0: 3 0x8000a934 (0x72b2c013)
core   0: 0x8000a938 (0x02610a63) beq     sp, t1, pc + 52
core   0: 3 0x8000a938 (0x02610a63)
core   0: 0x8000a93c (0x00d5ec63) bltu    a1, a3, pc + 24
core   0: 3 0x8000a93c (0x00d5ec63)
core   0: 0x8000a940 (0x41418ab3) sub     s5, gp, s4
core   0: 3 0x8000a940 (0x41418ab3) x21 0x000007ea
core   0: 0x8000a944 (0x41605c13) srai    s8, zero, 22
core   0: 3 0x8000a944 (0x41605c13) x24 0x00000000
core   0: 0x8000a948 (0x0290cbb3) div     s7, ra, s1
core   0: 3 0x8000a948 (0x0290cbb3) x23 0x00000000
core   0: 0x8000a94c (0x0283d063) bge     t2, s0, pc + 32
core   0: 3 0x8000a94c (0x0283d063)
core   0: 0x8000a950 (0x02251733) mulh    a4, a0, sp
core   0: 3 0x8000a950 (0x02251733) x14 0xfffffdf8
core   0: 0x8000a954 (0x02bc37b3) mulhu   a5, s8, a1
core   0: 3 0x8000a954 (0x02bc37b3) x15 0x00000000
core   0: 0x8000a958 (0x01e1b3b3) sltu    t2, gp, t5
core   0: 3 0x8000a958 (0x01e1b3b3) x 7 0x00000000
core   0: 0x8000a95c (0x024642b3) div     t0, a2, tp
core   0: 3 0x8000a95c (0x024642b3) x 5 0x00000000
core   0: 0x8000a960 (0x03971633) mulh    a2, a4, s9
core   0: 3 0x8000a960 (0x03971633) x12 0xffffffff
core   0: 0x8000a964 (0x017c7a63) bgeu    s8, s7, pc + 20
core   0: 3 0x8000a964 (0x017c7a63)
core   0: 0x8000a978 (0x03589a63) bne     a7, s5, pc + 52
core   0: 3 0x8000a978 (0x03589a63)
core   0: 0x8000a9ac (0x033aebb3) rem     s7, s5, s3
core   0: 3 0x8000a9ac (0x033aebb3) x23 0x00000000
core   0: 0x8000a9b0 (0x006dd913) srli    s2, s11, 6
core   0: 3 0x8000a9b0 (0x006dd913) x18 0x01f382a4
core   0: 0x8000a9b4 (0x02efa8b3) mulhsu  a7, t6, a4
core   0: 3 0x8000a9b4 (0x02efa8b3) x17 0x80025f3b
core   0: 0x8000a9b8 (0x122cb5b7) lui     a1, 0x122cb
core   0: 3 0x8000a9b8 (0x122cb5b7) x11 0x122cb000
core   0: 0x8000a9bc (0x00f54a33) xor     s4, a0, a5
core   0: 3 0x8000a9bc (0x00f54a33) x20 0x00000410
core   0: 0x8000a9c0 (0xf0af0193) addi    gp, t5, -246
core   0: 3 0x8000a9c0 (0xf0af0193) x 3 0xffffff0a
core   0: 0x8000a9c4 (0x02246833) rem     a6, s0, sp
core   0: 3 0x8000a9c4 (0x02246833) x16 0x00000001
core   0: 0x8000a9c8 (0x028e1263) bne     t3, s0, pc + 36
core   0: 3 0x8000a9c8 (0x028e1263)
core   0: 0x8000a9ec (0x02fc6463) bltu    s8, a5, pc + 40
core   0: 3 0x8000a9ec (0x02fc6463)
core   0: 0x8000a9f0 (0x00f81813) slli    a6, a6, 15
core   0: 3 0x8000a9f0 (0x00f81813) x16 0x00008000
core   0: 0x8000a9f4 (0x0174fb33) and     s6, s1, s7
core   0: 3 0x8000a9f4 (0x0174fb33) x22 0x00000000
core   0: 0x8000a9f8 (0x03400663) beq     zero, s4, pc + 44
core   0: 3 0x8000a9f8 (0x03400663)
core   0: 0x8000a9fc (0x0263c6b3) div     a3, t2, t1
core   0: 3 0x8000a9fc (0x0263c6b3) x13 0x00000000
core   0: 0x8000aa00 (0x4064ddb3) sra     s11, s1, t1
core   0: 3 0x8000aa00 (0x4064ddb3) x27 0xffff8002
core   0: 0x8000aa04 (0x01707c63) bgeu    zero, s7, pc + 24
core   0: 3 0x8000aa04 (0x01707c63)
core   0: 0x8000aa1c (0xa1596b13) ori     s6, s2, -1515
core   0: 3 0x8000aa1c (0xa1596b13) x22 0xfffffab5
core   0: 0x8000aa20 (0xde376b13) ori     s6, a4, -541
core   0: 3 0x8000aa20 (0xde376b13) x22 0xfffffdfb
core   0: 0x8000aa24 (0x05c97263) bgeu    s2, t3, pc + 68
core   0: 3 0x8000aa24 (0x05c97263)
core   0: 0x8000aa68 (0x258a6a13) ori     s4, s4, 600
core   0: 3 0x8000aa68 (0x258a6a13) x20 0x00000658
core   0: 0x8000aa6c (0x0317f7b3) remu    a5, a5, a7
core   0: 3 0x8000aa6c (0x0317f7b3) x15 0x00000000
core   0: 0x8000aa70 (0x01610db3) add     s11, sp, s6
core   0: 3 0x8000aa70 (0x01610db3) x27 0x7ffffdfb
core   0: 0x8000aa74 (0x009b6c63) bltu    s6, s1, pc + 24
core   0: 3 0x8000aa74 (0x009b6c63)
core   0: 0x8000aa78 (0x011c9613) slli    a2, s9, 17
core   0: 3 0x8000aa78 (0x011c9613) x12 0x00020000
core   0: 0x8000aa7c (0xf6860c97) auipc   s9, 0xf6860
core   0: 3 0x8000aa7c (0xf6860c97) x25 0x7686aa7c
core   0: 0x8000aa80 (0x67e6b593) sltiu   a1, a3, 1662
core   0: 3 0x8000aa80 (0x67e6b593) x11 0x00000001
core   0: 0x8000aa84 (0x019a8cb3) add     s9, s5, s9
core   0: 3 0x8000aa84 (0x019a8cb3) x25 0x7686b266
core   0: 0x8000aa88 (0x03e0fc33) remu    s8, ra, t5
core   0: 3 0x8000aa88 (0x03e0fc33) x24 0x00000000
core   0: 0x8000aa8c (0xb57bfe13) andi    t3, s7, -1193
core   0: 3 0x8000aa8c (0xb57bfe13) x28 0x00000000
core   0: 0x8000aa90 (0x406006b3) sub     a3, zero, t1
core   0: 3 0x8000aa90 (0x406006b3) x13 0x80505050
core   0: 0x8000aa94 (0x0204fa63) bgeu    s1, zero, pc + 52
core   0: 3 0x8000aa94 (0x0204fa63)
core   0: 0x8000aac8 (0x03cd9bb3) mulh    s7, s11, t3
core   0: 3 0x8000aac8 (0x03cd9bb3) x23 0x00000000
core   0: 0x8000aacc (0x4197d893) srai    a7, a5, 25
core   0: 3 0x8000aacc (0x4197d893) x17 0x00000000
core   0: 0x8000aad0 (0x0501d263) bge     gp, a6, pc + 68
core   0: 3 0x8000aad0 (0x0501d263)
core   0: 0x8000aad4 (0x002a8f33) add     t5, s5, sp
core   0: 3 0x8000aad4 (0x002a8f33) x30 0x800007ea
core   0: 0x8000aad8 (0x000c1593) slli    a1, s8, 0
core   0: 3 0x8000aad8 (0x000c1593) x11 0x00000000
core   0: 0x8000aadc (0x40a50ab3) sub     s5, a0, a0
core   0: 3 0x8000aadc (0x40a50ab3) x21 0x00000000
core   0: 0x8000aae0 (0x023f4733) div     a4, t5, gp
core   0: 3 0x8000aae0 (0x023f4733) x14 0x00853400
core   0: 0x8000aae4 (0x4083d233) sra     tp, t2, s0
core   0: 3 0x8000aae4 (0x4083d233) x 4 0x00000000
core   0: 0x8000aae8 (0x00b71a33) sll     s4, a4, a1
core   0: 3 0x8000aae8 (0x00b71a33) x20 0x00853400
core   0: 0x8000aaec (0x0351d633) divu    a2, gp, s5
core   0: 3 0x8000aaec (0x0351d633) x12 0xffffffff
core   0: 0x8000aaf0 (0x00000013) nop
core   0: 3 0x8000aaf0 (0x00000013)
core   0: 0x8000aaf4 (0x01b1da33) srl     s4, gp, s11
core   0: 3 0x8000aaf4 (0x01b1da33) x20 0x0000001f
core   0: 0x8000aaf8 (0x3270cd93) xori    s11, ra, 807
core   0: 3 0x8000aaf8 (0x3270cd93) x27 0x00000327
core   0: 0x8000aafc (0x03c0ba33) mulhu   s4, ra, t3
core   0: 3 0x8000aafc (0x03c0ba33) x20 0x00000000
core   0: 0x8000ab00 (0x9572b413) sltiu   s0, t0, -1705
core   0: 3 0x8000ab00 (0x9572b413) x 8 0x00000001
core   0: 0x8000ab04 (0x404e0733) sub     a4, t3, tp
core   0: 3 0x8000ab04 (0x404e0733) x14 0x00000000
core   0: 0x8000ab08 (0x00ec6633) or      a2, s8, a4
core   0: 3 0x8000ab08 (0x00ec6633) x12 0x00000000
core   0: 0x8000ab0c (0x29086213) ori     tp, a6, 656
core   0: 3 0x8000ab0c (0x29086213) x 4 0x00008290
core   0: 0x8000ab10 (0x000e2b33) slt     s6, t3, zero
core   0: 3 0x8000ab10 (0x000e2b33) x22 0x00000000
core   0: 0x8000ab14 (0x02f40bb3) mul     s7, s0, a5
core   0: 3 0x8000ab14 (0x02f40bb3) x23 0x00000000
core   0: 0x8000ab18 (0x033b32b3) mulhu   t0, s6, s3
core   0: 3 0x8000ab18 (0x033b32b3) x 5 0x00000000
core   0: 0x8000ab1c (0x00363033) sltu    zero, a2, gp
core   0: 3 0x8000ab1c (0x00363033)
core   0: 0x8000ab20 (0x00000013) nop
core   0: 3 0x8000ab20 (0x00000013)
core   0: 0x8000ab24 (0x026456b3) divu    a3, s0, t1
core   0: 3 0x8000ab24 (0x026456b3) x13 0x00000000
core   0: 0x8000ab28 (0x0915e463) bltu    a1, a7, pc + 136
core   0: 3 0x8000ab28 (0x0915e463)
core   0: 0x8000ab2c (0x02fc48b3) div     a7, s8, a5
core   0: 3 0x8000ab2c (0x02fc48b3) x17 0xffffffff
core   0: 0x8000ab30 (0x004000ef) jal     pc + 0x4
core   0: 3 0x8000ab30 (0x004000ef) x 1 0x8000ab34
core   0: 0x8000ab34 (0x02000a6f) jal     s4, pc + 0x20
core   0: 3 0x8000ab34 (0x02000a6f) x20 0x8000ab38
core   0: 0x8000ab54 (0x030000ef) jal     pc + 0x30
core   0: 3 0x8000ab54 (0x030000ef) x 1 0x8000ab58
core   0: 0x8000ab84 (0x004001ef) jal     gp, pc + 0x4
core   0: 3 0x8000ab84 (0x004001ef) x 3 0x8000ab88
core   0: 0x8000ab88 (0xfc1ff0ef) jal     pc - 0x40
core   0: 3 0x8000ab88 (0xfc1ff0ef) x 1 0x8000ab8c
core   0: 0x8000ab48 (0xff9ff0ef) jal     pc - 0x8
core   0: 3 0x8000ab48 (0xff9ff0ef) x 1 0x8000ab4c
core   0: 0x8000ab40 (0xff9ff36f) jal     t1, pc - 0x8
core   0: 3 0x8000ab40 (0xff9ff36f) x 6 0x8000ab44
core   0: 0x8000ab38 (0x014000ef) jal     pc + 0x14
core   0: 3 0x8000ab38 (0x014000ef) x 1 0x8000ab3c
core   0: 0x8000ab4c (0x0280036f) jal     t1, pc + 0x28
core   0: 3 0x8000ab4c (0x0280036f) x 6 0x8000ab50
core   0: 0x8000ab74 (0xfe9ff46f) jal     s0, pc - 0x18
core   0: 3 0x8000ab74 (0xfe9ff46f) x 8 0x8000ab78
core   0: 0x8000ab5c (0x01c000ef) jal     pc + 0x1c
core   0: 3 0x8000ab5c (0x01c000ef) x 1 0x8000ab60
core   0: 0x8000ab78 (0x020000ef) jal     pc + 0x20
core   0: 3 0x8000ab78 (0x020000ef) x 1 0x8000ab7c
core   0: 0x8000ab98 (0xfe5ff56f) jal     a0, pc - 0x1c
core   0: 3 0x8000ab98 (0xfe5ff56f) x10 0x8000ab9c
core   0: 0x8000ab7c (0xfddff0ef) jal     pc - 0x24
core   0: 3 0x8000ab7c (0xfddff0ef) x 1 0x8000ab80
core   0: 0x8000ab58 (0xff9ffeef) jal     t4, pc - 0x8
core   0: 3 0x8000ab58 (0xff9ffeef) x29 0x8000ab5c
core   0: 0x8000ab50 (0x01c000ef) jal     pc + 0x1c
core   0: 3 0x8000ab50 (0x01c000ef) x 1 0x8000ab54
core   0: 0x8000ab6c (0x0200036f) jal     t1, pc + 0x20
core   0: 3 0x8000ab6c (0x0200036f) x 6 0x8000ab70
core   0: 0x8000ab8c (0x008000ef) jal     pc + 0x8
core   0: 3 0x8000ab8c (0x008000ef) x 1 0x8000ab90
core   0: 0x8000ab94 (0xfd5ff0ef) jal     pc - 0x2c
core   0: 3 0x8000ab94 (0xfd5ff0ef) x 1 0x8000ab98
core   0: 0x8000ab68 (0xfd5ff26f) jal     tp, pc - 0x2c
core   0: 3 0x8000ab68 (0xfd5ff26f) x 4 0x8000ab6c
core   0: 0x8000ab3c (0x0540026f) jal     tp, pc + 0x54
core   0: 3 0x8000ab3c (0x0540026f) x 4 0x8000ab40
core   0: 0x8000ab90 (0xff1ff36f) jal     t1, pc - 0x10
core   0: 3 0x8000ab90 (0xff1ff36f) x 6 0x8000ab94
core   0: 0x8000ab80 (0xfe5ff0ef) jal     pc - 0x1c
core   0: 3 0x8000ab80 (0xfe5ff0ef) x 1 0x8000ab84
core   0: 0x8000ab64 (0xfe1ff0ef) jal     pc - 0x20
core   0: 3 0x8000ab64 (0xfe1ff0ef) x 1 0x8000ab68
core   0: 0x8000ab44 (0x01c007ef) jal     a5, pc + 0x1c
core   0: 3 0x8000ab44 (0x01c007ef) x15 0x8000ab48
core   0: 0x8000ab60 (0x01000b6f) jal     s6, pc + 0x10
core   0: 3 0x8000ab60 (0x01000b6f) x22 0x8000ab64
core   0: 0x8000ab70 (0x02c000ef) jal     pc + 0x2c
core   0: 3 0x8000ab70 (0x02c000ef) x 1 0x8000ab74
core   0: 0x8000ab9c (0x413c5bb3) sra     s7, s8, s3
core   0: 3 0x8000ab9c (0x413c5bb3) x23 0x00000000
core   0: 0x8000aba0 (0x02f46463) bltu    s0, a5, pc + 40
core   0: 3 0x8000aba0 (0x02f46463)
core   0: 0x8000aba4 (0x000e0663) beqz    t3, pc + 12
core   0: 3 0x8000aba4 (0x000e0663)
core   0: 0x8000abb0 (0x03d85b33) divu    s6, a6, t4
core   0: 3 0x8000abb0 (0x03d85b33) x22 0x00000000
core   0: 0x8000abb4 (0x039427b3) mulhsu  a5, s0, s9
core   0: 3 0x8000abb4 (0x039427b3) x15 0xc4bcf630
core   0: 0x8000abb8 (0x416eda13) srai    s4, t4, 22
core   0: 3 0x8000abb8 (0x416eda13) x20 0xfffffe00
core   0: 0x8000abbc (0x02804d33) div     s10, zero, s0
core   0: 3 0x8000abbc (0x02804d33) x26 0x00000000
core   0: 0x8000abc0 (0x00bf5033) srl     zero, t5, a1
core   0: 3 0x8000abc0 (0x00bf5033)
core   0: 0x8000abc4 (0xb15b6593) ori     a1, s6, -1259
core   0: 3 0x8000abc4 (0xb15b6593) x11 0xfffffb15
core   0: 0x8000abc8 (0x0000d233) srl     tp, ra, zero
core   0: 3 0x8000abc8 (0x0000d233) x 4 0x8000ab74
core   0: 0x8000abcc (0x41f45213) srai    tp, s0, 31
core   0: 3 0x8000abcc (0x41f45213) x 4 0xffffffff
core   0: 0x8000abd0 (0x00d1da63) bge     gp, a3, pc + 20
core   0: 3 0x8000abd0 (0x00d1da63)
core   0: 0x8000abd4 (0x03221db3) mulh    s11, tp, s2
core   0: 3 0x8000abd4 (0x03221db3) x27 0xffffffff
core   0: 0x8000abd8 (0x01715433) srl     s0, sp, s7
core   0: 3 0x8000abd8 (0x01715433) x 8 0x80000000
core   0: 0x8000abdc (0x02e10eb3) mul     t4, sp, a4
core   0: 3 0x8000abdc (0x02e10eb3) x29 0x00000000
core   0: 0x8000abe0 (0x037eca63) blt     t4, s7, pc + 52
core   0: 3 0x8000abe0 (0x037eca63)
core   0: 0x8000abe4 (0xc0145897) auipc   a7, 0xc0145
core   0: 3 0x8000abe4 (0xc0145897) x17 0x4014fbe4
core   0: 0x8000abe8 (0xc73d6eb7) lui     t4, 0xc73d6
core   0: 3 0x8000abe8 (0xc73d6eb7) x29 0xc73d6000
core   0: 0x8000abec (0x003925b3) slt     a1, s2, gp
core   0: 3 0x8000abec (0x003925b3) x11 0x00000000
core   0: 0x8000abf0 (0x01150a63) beq     a0, a7, pc + 20
core   0: 3 0x8000abf0 (0x01150a63)
core   0: 0x8000abf4 (0x0127fa33) and     s4, a5, s2
core   0: 3 0x8000abf4 (0x0127fa33) x20 0x00b08220
core   0: 0x8000abf8 (0x03e4c263) blt     s1, t5, pc + 36
core   0: 3 0x8000abf8 (0x03e4c263)
core   0: 0x8000abfc (0x00b85e13) srli    t3, a6, 11
core   0: 3 0x8000abfc (0x00b85e13) x28 0x00000010
core   0: 0x8000ac00 (0x404f8bb3) sub     s7, t6, tp
core   0: 3 0x8000ac00 (0x404f8bb3) x23 0x80025e39
core   0: 0x8000ac04 (0x65044e93) xori    t4, s0, 1616
core   0: 3 0x8000ac04 (0x65044e93) x29 0x80000650
core   0: 0x8000ac08 (0xdaab4c13) xori    s8, s6, -598
core   0: 3 0x8000ac08 (0xdaab4c13) x24 0xfffffdaa
core   0: 0x8000ac0c (0x01449513) slli    a0, s1, 20
core   0: 3 0x8000ac0c (0x01449513) x10 0xce400000
core   0: 0x8000ac10 (0x03dfea63) bltu    t6, t4, pc + 52
core   0: 3 0x8000ac10 (0x03dfea63)
core   0: 0x8000ac14 (0x01815733) srl     a4, sp, s8
core   0: 3 0x8000ac14 (0x01815733) x14 0x00200000
core   0: 0x8000ac18 (0xaf4ad317) auipc   t1, 0xaf4ad
core   0: 3 0x8000ac18 (0xaf4ad317) x 6 0x2f4b7c18
core   0: 0x8000ac1c (0x0038d393) srli    t2, a7, 3
core   0: 3 0x8000ac1c (0x0038d393) x 7 0x08029f7c
core   0: 0x8000ac20 (0x01ccd613) srli    a2, s9, 28
core   0: 3 0x8000ac20 (0x01ccd613) x12 0x00000007
core   0: 0x8000ac24 (0x012013b3) sll     t2, zero, s2
core   0: 3 0x8000ac24 (0x012013b3) x 7 0x00000000
core   0: 0x8000ac28 (0x03e9d533) divu    a0, s3, t5
core   0: 3 0x8000ac28 (0x03e9d533) x10 0x00000000
core   0: 0x8000ac2c (0x024408b3) mul     a7, s0, tp
core   0: 3 0x8000ac2c (0x024408b3) x17 0x80000000
core   0: 0x8000ac30 (0x0353c633) div     a2, t2, s5
core   0: 3 0x8000ac30 (0x0353c633) x12 0xffffffff
core   0: 0x8000ac34 (0x03e26933) rem     s2, tp, t5
core   0: 3 0x8000ac34 (0x03e26933) x18 0xffffffff
core   0: 0x8000ac38 (0x02759eb3) mulh    t4, a1, t2
core   0: 3 0x8000ac38 (0x02759eb3) x29 0x00000000
core   0: 0x8000ac3c (0x455c2e13) slti    t3, s8, 1109
core   0: 3 0x8000ac3c (0x455c2e13) x28 0x00000001
core   0: 0x8000ac40 (0x011203b3) add     t2, tp, a7
core   0: 3 0x8000ac40 (0x011203b3) x 7 0x7fffffff
core   0: 0x8000ac44 (0x03dd9a33) mulh    s4, s11, t4
core   0: 3 0x8000ac44 (0x03dd9a33) x20 0x00000000
core   0: 0x8000ac48 (0x14d6b417) auipc   s0, 0x14d6b
core   0: 3 0x8000ac48 (0x14d6b417) x 8 0x94d75c48
core   0: 0x8000ac4c (0x003303b3) add     t2, t1, gp
core   0: 3 0x8000ac4c (0x003303b3) x 7 0xaf4c27a0
core   0: 0x8000ac50 (0x01d16333) or      t1, sp, t4
core   0: 3 0x8000ac50 (0x01d16333) x 6 0x80000000
core   0: 0x8000ac54 (0x63fb6e93) ori     t4, s6, 1599
core   0: 3 0x8000ac54 (0x63fb6e93) x29 0x0000063f
core   0: 0x8000ac58 (0x01325c13) srli    s8, tp, 19
core   0: 3 0x8000ac58 (0x01325c13) x24 0x00001fff
core   0: 0x8000ac5c (0x024bd3b3) divu    t2, s7, tp
core   0: 3 0x8000ac5c (0x024bd3b3) x 7 0x00000000
core   0: 0x8000ac60 (0x037f3ab3) mulhu   s5, t5, s7
core   0: 3 0x8000ac60 (0x037f3ab3) x21 0x40013311
core   0: 0x8000ac64 (0x00771a63) bne     a4, t2, pc + 20
core   0: 3 0x8000ac64 (0x00771a63)
core   0: 0x8000ac78 (0x002b9c63) bne     s7, sp, pc + 24
core   0: 3 0x8000ac78 (0x002b9c63)
core   0: 0x8000ac90 (0x03ae1e33) mulh    t3, t3, s10
core   0: 3 0x8000ac90 (0x03ae1e33) x28 0x00000000
core   0: 0x8000ac94 (0x006122b3) slt     t0, sp, t1
core   0: 3 0x8000ac94 (0x006122b3) x 5 0x00000000
core   0: 0x8000ac98 (0x03d13a33) mulhu   s4, sp, t4
core   0: 3 0x8000ac98 (0x03d13a33) x20 0x0000031f
core   0: 0x8000ac9c (0x0025f263) bgeu    a1, sp, pc + 4
core   0: 3 0x8000ac9c (0x0025f263)
core   0: 0x8000aca0 (0x021402b3) mul     t0, s0, ra
core   0: 3 0x8000aca0 (0x021402b3) x 5 0x4c39e8a0
core   0: 0x8000aca4 (0x01a431b7) lui     gp, 0x1a43
core   0: 3 0x8000aca4 (0x01a431b7) x 3 0x01a43000
core   0: 0x8000aca8 (0x030091b3) mulh    gp, ra, a6
core   0: 3 0x8000aca8 (0x030091b3) x 3 0xffffc000
core   0: 0x8000acac (0x41cfde13) srai    t3, t6, 28
core   0: 3 0x8000acac (0x41cfde13) x28 0xfffffff8
core   0: 0x8000acb0 (0x9c5a4693) xori    a3, s4, -1595
core   0: 3 0x8000acb0 (0x9c5a4693) x13 0xfffffada
core   0: 0x8000acb4 (0x02d042b3) div     t0, zero, a3
core   0: 3 0x8000acb4 (0x02d042b3) x 5 0x00000000
core   0: 0x8000acb8 (0x0468ba93) sltiu   s5, a7, 70
core   0: 3 0x8000acb8 (0x0468ba93) x21 0x00000000
core   0: 0x8000acbc (0x412e88b3) sub     a7, t4, s2
core   0: 3 0x8000acbc (0x412e88b3) x17 0x00000640
core   0: 0x8000acc0 (0x00fb9f13) slli    t5, s7, 15
core   0: 3 0x8000acc0 (0x00fb9f13) x30 0x2f1c8000
core   0: 0x8000acc4 (0x00818e33) add     t3, gp, s0
core   0: 3 0x8000acc4 (0x00818e33) x28 0x94d71c48
core   0: 0x8000acc8 (0xef740f13) addi    t5, s0, -265
core   0: 3 0x8000acc8 (0xef740f13) x30 0x94d75b3f
core   0: 0x8000accc (0x02cf0633) mul     a2, t5, a2
core   0: 3 0x8000accc (0x02cf0633) x12 0x6b28a4c1
core   0: 0x8000acd0 (0x00000013) nop
core   0: 3 0x8000acd0 (0x00000013)
core   0: 0x8000acd4 (0x002b08b3) add     a7, s6, sp
core   0: 3 0x8000acd4 (0x002b08b3) x17 0x80000000
core   0: 0x8000acd8 (0x03f30063) beq     t1, t6, pc + 32
core   0: 3 0x8000acd8 (0x03f30063)
core   0: 0x8000acdc (0x02f3cdb3) div     s11, t2, a5
core   0: 3 0x8000acdc (0x02f3cdb3) x27 0x00000000
core   0: 0x8000ace0 (0x02e9a633) mulhsu  a2, s3, a4
core   0: 3 0x8000ace0 (0x02e9a633) x12 0x00000000
core   0: 0x8000ace4 (0x41cc8213) addi    tp, s9, 1052
core   0: 3 0x8000ace4 (0x41cc8213) x 4 0x7686b682
core   0: 0x8000ace8 (0x00f9e0b3) or      ra, s3, a5
core   0: 3 0x8000ace8 (0x00f9e0b3) x 1 0xc4bcf631
core   0: 0x8000acec (0x00ba5e93) srli    t4, s4, 11
core   0: 3 0x8000acec (0x00ba5e93) x29 0x00000000
core   0: 0x8000acf0 (0x00bd9913) slli    s2, s11, 11
core   0: 3 0x8000acf0 (0x00bd9913) x18 0x00000000
core   0: 0x8000acf4 (0x403b5c33) sra     s8, s6, gp
core   0: 3 0x8000acf4 (0x403b5c33) x24 0x00000000
core   0: 0x8000acf8 (0x03bf5cb3) divu    s9, t5, s11
core   0: 3 0x8000acf8 (0x03bf5cb3) x25 0xffffffff
core   0: 0x8000acfc (0x02cdd063) bge     s11, a2, pc + 32
core   0: 3 0x8000acfc (0x02cdd063)
core   0: 0x8000ad1c (0x03f247b3) div     a5, tp, t6
core   0: 3 0x8000ad1c (0x03f247b3) x15 0x00000000
core   0: 0x8000ad20 (0x022e5033) divu    zero, t3, sp
core   0: 3 0x8000ad20 (0x022e5033)
core   0: 0x8000ad24 (0x01899993) slli    s3, s3, 24
core   0: 3 0x8000ad24 (0x01899993) x19 0x01000000
core   0: 0x8000ad28 (0x031897b3) mulh    a5, a7, a7
core   0: 3 0x8000ad28 (0x031897b3) x15 0x40000000
core   0: 0x8000ad2c (0x94106a13) ori     s4, zero, -1727
core   0: 3 0x8000ad2c (0x94106a13) x20 0xfffff941
core   0: 0x8000ad30 (0xb49e0537) lui     a0, 0xb49e0
core   0: 3 0x8000ad30 (0xb49e0537) x10 0xb49e0000
core   0: 0x8000ad34 (0x05c5e263) bltu    a1, t3, pc + 68
core   0: 3 0x8000ad34 (0x05c5e263)
core   0: 0x8000ad78 (0x0046eab3) or      s5, a3, tp
core   0: 3 0x8000ad78 (0x0046eab3) x21 0xfffffeda
core   0: 0x8000ad7c (0x00f18633) add     a2, gp, a5
core   0: 3 0x8000ad7c (0x00f18633) x12 0x3fffc000
core   0: 0x8000ad80 (0x038a6333) rem     t1, s4, s8
core   0: 3 0x8000ad80 (0x038a6333) x 6 0xfffff941
core   0: 0x8000ad84 (0x008cb2b3) sltu    t0, s9, s0
core   0: 3 0x8000ad84 (0x008cb2b3) x 5 0x00000000
core   0: 0x8000ad88 (0x4e8385b7) lui     a1, 0x4e838
core   0: 3 0x8000ad88 (0x4e8385b7) x11 0x4e838000
core   0: 0x8000ad8c (0x00785c63) bge     a6, t2, pc + 24
core   0: 3 0x8000ad8c (0x00785c63)
core   0: 0x8000ada4 (0x02280cb3) mul     s9, a6, sp
core   0: 3 0x8000ada4 (0x02280cb3) x25 0x00000000
core   0: 0x8000ada8 (0x02ca3933) mulhu   s2, s4, a2
core   0: 3 0x8000ada8 (0x02ca3933) x18 0x3fffbe50
core   0: 0x8000adac (0x6781e393) ori     t2, gp, 1656
core   0: 3 0x8000adac (0x6781e393) x 7 0xffffc678
core   0: 0x8000adb0 (0x02650cb3) mul     s9, a0, t1
core   0: 3 0x8000adb0 (0x02650cb3) x25 0x8a1e0000
core   0: 0x8000adb4 (0x0096d413) srli    s0, a3, 9
core   0: 3 0x8000adb4 (0x0096d413) x 8 0x007ffffd
core   0: 0x8000adb8 (0x02cb8933) mul     s2, s7, a2
core   0: 3 0x8000adb8 (0x02cb8933) x18 0xa871c000
core   0: 0x8000adbc (0x03078433) mul     s0, a5, a6
core   0: 3 0x8000adbc (0x03078433) x 8 0x00000000
core   0: 0x8000adc0 (0x02684d33) div     s10, a6, t1
core   0: 3 0x8000adc0 (0x02684d33) x26 0xffffffee
core   0: 0x8000adc4 (0x025de533) rem     a0, s11, t0
core   0: 3 0x8000adc4 (0x025de533) x10 0x00000000
core   0: 0x8000adc8 (0xcb35ef17) auipc   t5, 0xcb35e
core   0: 3 0x8000adc8 (0xcb35ef17) x30 0x4b368dc8
core   0: 0x8000adcc (0x00dc0933) add     s2, s8, a3
core   0: 3 0x8000adcc (0x00dc0933) x18 0xfffffada
core   0: 0x8000add0 (0x00076bb3) or      s7, a4, zero
core   0: 3 0x8000add0 (0x00076bb3) x23 0x00200000
core   0: 0x8000add4 (0x037ccbb3) div     s7, s9, s7
core   0: 3 0x8000add4 (0x037ccbb3) x23 0xfffffc51
core   0: 0x8000add8 (0x0bdb8737) lui     a4, 0xbdb8
core   0: 3 0x8000add8 (0x0bdb8737) x14 0x0bdb8000
core   0: 0x8000addc (0x02dee833) rem     a6, t4, a3
core   0: 3 0x8000addc (0x02dee833) x16 0x00000000
core   0: 0x8000ade0 (0xe36ee993) ori     s3, t4, -458
core   0: 3 0x8000ade0 (0xe36ee993) x19 0xfffffe36
core   0: 0x8000ade4 (0x00ad1663) bne     s10, a0, pc + 12
core   0: 3 0x8000ade4 (0x00ad1663)
core   0: 0x8000adf0 (0x018a1533) sll     a0, s4, s8
core   0: 3 0x8000adf0 (0x018a1533) x10 0xfffff941
core   0: 0x8000adf4 (0x45a29ab7) lui     s5, 0x45a29
core   0: 3 0x8000adf4 (0x45a29ab7) x21 0x45a29000
core   0: 0x8000adf8 (0x002fb2b3) sltu    t0, t6, sp
core   0: 3 0x8000adf8 (0x002fb2b3) x 5 0x00000000
core   0: 0x8000adfc (0x01f160b3) or      ra, sp, t6
core   0: 3 0x8000adfc (0x01f160b3) x 1 0x80025e38
core   0: 0x8000ae00 (0x015f81b3) add     gp, t6, s5
core   0: 3 0x8000ae00 (0x015f81b3) x 3 0xc5a4ee38
core   0: 0x8000ae04 (0x036ff833) remu    a6, t6, s6
core   0: 3 0x8000ae04 (0x036ff833) x16 0x80025e38
core   0: 0x8000ae08 (0x80e46e17) auipc   t3, 0x80e46
core   0: 3 0x8000ae08 (0x80e46e17) x28 0x00e50e08
core   0: 0x8000ae0c (0x0357de33) divu    t3, a5, s5
core   0: 3 0x8000ae0c (0x0357de33) x28 0x00000000
core   0: 0x8000ae10 (0x40d9d333) sra     t1, s3, a3
core   0: 3 0x8000ae10 (0x40d9d333) x 6 0xffffffff
core   0: 0x8000ae14 (0x01ceaeb3) slt     t4, t4, t3
core   0: 3 0x8000ae14 (0x01ceaeb3) x29 0x00000000
core   0: 0x8000ae18 (0x00e7d6b3) srl     a3, a5, a4
core   0: 3 0x8000ae18 (0x00e7d6b3) x13 0x40000000
core   0: 0x8000ae1c (0xd6e6bc93) sltiu   s9, a3, -658
core   0: 3 0x8000ae1c (0xd6e6bc93) x25 0x00000001
core   0: 0x8000ae20 (0x00205863) bge     zero, sp, pc + 16
core   0: 3 0x8000ae20 (0x00205863)
core   0: 0x8000ae30 (0x00c5d9b3) srl     s3, a1, a2
core   0: 3 0x8000ae30 (0x00c5d9b3) x19 0x4e838000
core   0: 0x8000ae34 (0x0324ce33) div     t3, s1, s2
core   0: 3 0x8000ae34 (0x0324ce33) x28 0x0018dc24
core   0: 0x8000ae38 (0x021a95b3) mulh    a1, s5, ra
core   0: 3 0x8000ae38 (0x021a95b3) x11 0xdd2f5ce6
core   0: 0x8000ae3c (0x623e6f13) ori     t5, t3, 1571
core   0: 3 0x8000ae3c (0x623e6f13) x30 0x0018de27
core   0: 0x8000ae40 (0x003287b3) add     a5, t0, gp
core   0: 3 0x8000ae40 (0x003287b3) x15 0xc5a4ee38
core   0: 0x8000ae44 (0x03d6ea63) bltu    a3, t4, pc + 52
core   0: 3 0x8000ae44 (0x03d6ea63)
core   0: 0x8000ae48 (0x018dc2b3) xor     t0, s11, s8
core   0: 3 0x8000ae48 (0x018dc2b3) x 5 0x00000000
core   0: 0x8000ae4c (0x6340c593) xori    a1, ra, 1588
core   0: 3 0x8000ae4c (0x6340c593) x11 0x8002580c
core   0: 0x8000ae50 (0x2b3ead93) slti    s11, t4, 691
core   0: 3 0x8000ae50 (0x2b3ead93) x27 0x00000001
core   0: 0x8000ae54 (0x012eec33) or      s8, t4, s2
core   0: 3 0x8000ae54 (0x012eec33) x24 0xfffffada
core   0: 0x8000ae58 (0x038ccc33) div     s8, s9, s8
core   0: 3 0x8000ae58 (0x038ccc33) x24 0x00000000
core   0: 0x8000ae5c (0x414902b3) sub     t0, s2, s4
core   0: 3 0x8000ae5c (0x414902b3) x 5 0x00000199
core   0: 0x8000ae60 (0x01da5c93) srli    s9, s4, 29
core   0: 3 0x8000ae60 (0x01da5c93) x25 0x00000007
core   0: 0x8000ae64 (0x77b83213) sltiu   tp, a6, 1915
core   0: 3 0x8000ae64 (0x77b83213) x 4 0x00000000
core   0: 0x8000ae68 (0x012ee3b3) or      t2, t4, s2
core   0: 3 0x8000ae68 (0x012ee3b3) x 7 0xfffffada
core   0: 0x8000ae6c (0x9472f397) auipc   t2, 0x9472f
core   0: 3 0x8000ae6c (0x9472f397) x 7 0x14739e6c
core   0: 0x8000ae70 (0x03537ab3) remu    s5, t1, s5
core   0: 3 0x8000ae70 (0x03537ab3) x21 0x2f184fff
core   0: 0x8000ae74 (0x401d8eb3) sub     t4, s11, ra
core   0: 3 0x8000ae74 (0x401d8eb3) x29 0x7ffda1c9
core   0: 0x8000ae78 (0x000bdab3) srl     s5, s7, zero
core   0: 3 0x8000ae78 (0x000bdab3) x21 0xfffffc51
core   0: 0x8000ae7c (0x99346693) ori     a3, s0, -1645
core   0: 3 0x8000ae7c (0x99346693) x13 0xfffff993
core   0: 0x8000ae80 (0x49a87d13) andi    s10, a6, 1178
core   0: 3 0x8000ae80 (0x49a87d13) x26 0x00000418
core   0: 0x8000ae84 (0x03d90ab3) mul     s5, s2, t4
core   0: 3 0x8000ae84 (0x03d90ab3) x21 0x0c310f2a
core   0: 0x8000ae88 (0x00a75a63) bge     a4, a0, pc + 20
core   0: 3 0x8000ae88 (0x00a75a63)
core   0: 0x8000ae9c (0x5f673613) sltiu   a2, a4, 1526
core   0: 3 0x8000ae9c (0x5f673613) x12 0x00000000
core   0: 0x8000aea0 (0x7b93fa13) andi    s4, t2, 1977
core   0: 3 0x8000aea0 (0x7b93fa13) x20 0x00000628
core   0: 0x8000aea4 (0x01aed413) srli    s0, t4, 26
core   0: 3 0x8000aea4 (0x01aed413) x 8 0x0000001f
core   0: 0x8000aea8 (0xf5ef6a13) ori     s4, t5, -162
core   0: 3 0x8000aea8 (0xf5ef6a13) x20 0xffffff7f
core   0: 0x8000aeac (0x01f37c63) bgeu    t1, t6, pc + 24
core   0: 3 0x8000aeac (0x01f37c63)
core   0: 0x8000aec4 (0xb344a413) slti    s0, s1, -1228
core   0: 3 0x8000aec4 (0xb344a413) x 8 0x00000001
core   0: 0x8000aec8 (0x0147dc33) srl     s8, a5, s4
core   0: 3 0x8000aec8 (0x0147dc33) x24 0x00000001
core   0: 0x8000aecc (0x012d1263) bne     s10, s2, pc + 4
core   0: 3 0x8000aecc (0x012d1263)
core   0: 0x8000aed0 (0x001e0c63) beq     t3, ra, pc + 24
core   0: 3 0x8000aed0 (0x001e0c63)
core   0: 0x8000aed4 (0x023c83b3) mul     t2, s9, gp
core   0: 3 0x8000aed4 (0x023c83b3) x 7 0x67828388
core   0: 0x8000aed8 (0x1b530393) addi    t2, t1, 437
core   0: 3 0x8000aed8 (0x1b530393) x 7 0x000001b4
core   0: 0x8000aedc (0x01c51193) slli    gp, a0, 28
core   0: 3 0x8000aedc (0x01c51193) x 3 0x10000000
core   0: 0x8000aee0 (0x0005d533) srl     a0, a1, zero
core   0: 3 0x8000aee0 (0x0005d533) x10 0x8002580c
core   0: 0x8000aee4 (0x40220733) sub     a4, tp, sp
core   0: 3 0x8000aee4 (0x40220733) x14 0x80000000
core   0: 0x8000aee8 (0x0009ac33) slt     s8, s3, zero
core   0: 3 0x8000aee8 (0x0009ac33) x24 0x00000000
core   0: 0x8000aeec (0x00000013) nop
core   0: 3 0x8000aeec (0x00000013)
core   0: 0x8000aef0 (0x026248b3) div     a7, tp, t1
core   0: 3 0x8000aef0 (0x026248b3) x17 0x00000000
core   0: 0x8000aef4 (0x00e14663) blt     sp, a4, pc + 12
core   0: 3 0x8000aef4 (0x00e14663)
core   0: 0x8000aef8 (0x038dff33) remu    t5, s11, s8
core   0: 3 0x8000aef8 (0x038dff33) x30 0x00000001
core   0: 0x8000aefc (0x77796893) ori     a7, s2, 1911
core   0: 3 0x8000aefc (0x77796893) x17 0xffffffff
core   0: 0x8000af00 (0xeeed6813) ori     a6, s10, -274
core   0: 3 0x8000af00 (0xeeed6813) x16 0xfffffefe
core   0: 0x8000af04 (0x2f3a2993) slti    s3, s4, 755
core   0: 3 0x8000af04 (0x2f3a2993) x19 0x00000001
core   0: 0x8000af08 (0x01fe4a63) blt     t3, t6, pc + 20
core   0: 3 0x8000af08 (0x01fe4a63)
core   0: 0x8000af0c (0x41d98033) sub     zero, s3, t4
core   0: 3 0x8000af0c (0x41d98033)
core   0: 0x8000af10 (0x418add33) sra     s10, s5, s8
core   0: 3 0x8000af10 (0x418add33) x26 0x0c310f2a
core   0: 0x8000af14 (0x034c22b3) mulhsu  t0, s8, s4
core   0: 3 0x8000af14 (0x034c22b3) x 5 0x00000000
core   0: 0x8000af18 (0x4083d533) sra     a0, t2, s0
core   0: 3 0x8000af18 (0x4083d533) x10 0x000000da
core   0: 0x8000af1c (0x025413b3) mulh    t2, s0, t0
core   0: 3 0x8000af1c (0x025413b3) x 7 0x00000000
core   0: 0x8000af20 (0x02af7033) remu    zero, t5, a0
core   0: 3 0x8000af20 (0x02af7033)
core   0: 0x8000af24 (0xf3346393) ori     t2, s0, -205
core   0: 3 0x8000af24 (0xf3346393) x 7 0xffffff33
core   0: 0x8000af28 (0x4a468413) addi    s0, a3, 1188
core   0: 3 0x8000af28 (0x4a468413) x 8 0xfffffe37
core   0: 0x8000af2c (0x0352d5b3) divu    a1, t0, s5
core   0: 3 0x8000af2c (0x0352d5b3) x11 0x00000000
core   0: 0x8000af30 (0x00ac9693) slli    a3, s9, 10
core   0: 3 0x8000af30 (0x00ac9693) x13 0x00001c00
core   0: 0x8000af34 (0x0271d463) bge     gp, t2, pc + 40
core   0: 3 0x8000af34 (0x0271d463)
core   0: 0x8000af5c (0x00143433) sltu    s0, s0, ra
core   0: 3 0x8000af5c (0x00143433) x 8 0x00000000
core   0: 0x8000af60 (0x0237cd33) div     s10, a5, gp
core   0: 3 0x8000af60 (0x0237cd33) x26 0xfffffffd
core   0: 0x8000af64 (0x03767db3) remu    s11, a2, s7
core   0: 3 0x8000af64 (0x03767db3) x27 0x00000000
core   0: 0x8000af68 (0x61c66f13) ori     t5, a2, 1564
core   0: 3 0x8000af68 (0x61c66f13) x30 0x0000061c
core   0: 0x8000af6c (0x01984a63) blt     a6, s9, pc + 20
core   0: 3 0x8000af6c (0x01984a63)
core   0: 0x8000af80 (0x015f5eb3) srl     t4, t5, s5
core   0: 3 0x8000af80 (0x015f5eb3) x29 0x00000001
core   0: 0x8000af84 (0x03f74263) blt     a4, t6, pc + 36
core   0: 3 0x8000af84 (0x03f74263)
core   0: 0x8000afa8 (0x005e5f33) srl     t5, t3, t0
core   0: 3 0x8000afa8 (0x005e5f33) x30 0x0018dc24
core   0: 0x8000afac (0x023d9833) mulh    a6, s11, gp
core   0: 3 0x8000afac (0x023d9833) x16 0x00000000
core   0: 0x8000afb0 (0x03da5333) divu    t1, s4, t4
core   0: 3 0x8000afb0 (0x03da5333) x 6 0xffffff7f
core   0: 0x8000afb4 (0x001e1633) sll     a2, t3, ra
core   0: 3 0x8000afb4 (0x001e1633) x12 0x24000000
core   0: 0x8000afb8 (0x009619b3) sll     s3, a2, s1
core   0: 3 0x8000afb8 (0x009619b3) x19 0x40000000
core   0: 0x8000afbc (0x001bdcb3) srl     s9, s7, ra
core   0: 3 0x8000afbc (0x001bdcb3) x25 0x000000ff
core   0: 0x8000afc0 (0x00ec31b3) sltu    gp, s8, a4
core   0: 3 0x8000afc0 (0x00ec31b3) x 3 0x00000001
core   0: 0x8000afc4 (0x8a88bc93) sltiu   s9, a7, -1880
core   0: 3 0x8000afc4 (0x8a88bc93) x25 0x00000000
core   0: 0x8000afc8 (0x039bcf33) div     t5, s7, s9
core   0: 3 0x8000afc8 (0x039bcf33) x30 0xffffffff
core   0: 0x8000afcc (0x03bd9063) bne     s11, s11, pc + 32
core   0: 3 0x8000afcc (0x03bd9063)
core   0: 0x8000afd0 (0x00891413) slli    s0, s2, 8
core   0: 3 0x8000afd0 (0x00891413) x 8 0xfffada00
core   0: 0x8000afd4 (0x465c9517) auipc   a0, 0x465c9
core   0: 3 0x8000afd4 (0x465c9517) x10 0xc65d3fd4
core   0: 0x8000afd8 (0x03868eb3) mul     t4, a3, s8
core   0: 3 0x8000afd8 (0x03868eb3) x29 0x00000000
core   0: 0x8000afdc (0x04960213) addi    tp, a2, 73
core   0: 3 0x8000afdc (0x04960213) x 4 0x24000049
core   0: 0x8000afe0 (0x6f50ea17) auipc   s4, 0x6f50e
core   0: 3 0x8000afe0 (0x6f50ea17) x20 0xef518fe0
core   0: 0x8000afe4 (0x00804c63) blt     zero, s0, pc + 24
core   0: 3 0x8000afe4 (0x00804c63)
core   0: 0x8000afe8 (0x03fbe633) rem     a2, s7, t6
core   0: 3 0x8000afe8 (0x03fbe633) x12 0xfffffc51
core   0: 0x8000afec (0x3a331a97) auipc   s5, 0x3a331
core   0: 3 0x8000afec (0x3a331a97) x21 0xba33bfec
core   0: 0x8000aff0 (0x008f0233) add     tp, t5, s0
core   0: 3 0x8000aff0 (0x008f0233) x 4 0xfffad9ff
core   0: 0x8000aff4 (0x00716b33) or      s6, sp, t2
core   0: 3 0x8000aff4 (0x00716b33) x22 0xffffff33
core   0: 0x8000aff8 (0x419e5f33) sra     t5, t3, s9
core   0: 3 0x8000aff8 (0x419e5f33) x30 0x0018dc24
core   0: 0x8000affc (0x011f8c63) beq     t6, a7, pc + 24
core   0: 3 0x8000affc (0x011f8c63)
core   0: 0x8000b000 (0x01240d93) addi    s11, s0, 18
core   0: 3 0x8000b000 (0x01240d93) x27 0xfffada12
core   0: 0x8000b004 (0x63448793) addi    a5, s1, 1588
core   0: 3 0x8000b004 (0x63448793) x15 0x8002a318
core   0: 0x8000b008 (0x024fa2b3) mulhsu  t0, t6, tp
core   0: 3 0x8000b008 (0x024fa2b3) x 5 0x8004f12c
core   0: 0x8000b00c (0x035e17b3) mulh    a5, t3, s5
core   0: 3 0x8000b00c (0x035e17b3) x15 0xfff938d4
core   0: 0x8000b010 (0x52881717) auipc   a4, 0x52881
core   0: 3 0x8000b010 (0x52881717) x14 0xd288c010
core   0: 0x8000b014 (0x408adb13) srai    s6, s5, 8
core   0: 3 0x8000b014 (0x408adb13) x22 0xffba33bf
core   0: 0x8000b018 (0x01202233) slt     tp, zero, s2
core   0: 3 0x8000b018 (0x01202233) x 4 0x00000000
core   0: 0x8000b01c (0x00000013) nop
core   0: 3 0x8000b01c (0x00000013)
core   0: 0x8000b020 (0x40c9d633) sra     a2, s3, a2
core   0: 3 0x8000b020 (0x40c9d633) x12 0x00002000
core   0: 0x8000b024 (0x035bb2b3) mulhu   t0, s7, s5
core   0: 3 0x8000b024 (0x035bb2b3) x 5 0xba33bd3e
core   0: 0x8000b028 (0x2b796713) ori     a4, s2, 695
core   0: 3 0x8000b028 (0x2b796713) x14 0xfffffaff
core   0: 0x8000b02c (0x01d873b3) and     t2, a6, t4
core   0: 3 0x8000b02c (0x01d873b3) x 7 0x00000000
core   0: 0x8000b030 (0x00f37a63) bgeu    t1, a5, pc + 20
core   0: 3 0x8000b030 (0x00f37a63)
core   0: 0x8000b044 (0x9edc4c13) xori    s8, s8, -1555
core   0: 3 0x8000b044 (0x9edc4c13) x24 0xfffff9ed
core   0: 0x8000b048 (0x025be463) bltu    s7, t0, pc + 40
core   0: 3 0x8000b048 (0x025be463)
core   0: 0x8000b04c (0x015d9933) sll     s2, s11, s5
core   0: 3 0x8000b04c (0x015d9933) x18 0xada12000
core   0: 0x8000b050 (0x01d6da13) srli    s4, a3, 29
core   0: 3 0x8000b050 (0x01d6da13) x20 0x00000000
core   0: 0x8000b054 (0x00000013) nop
core   0: 3 0x8000b054 (0x00000013)
core   0: 0x8000b058 (0x00ab43b3) xor     t2, s6, a0
core   0: 3 0x8000b058 (0x00ab43b3) x 7 0x39e70c6b
core   0: 0x8000b05c (0x04c20463) beq     tp, a2, pc + 72
core   0: 3 0x8000b05c (0x04c20463)
core   0: 0x8000b060 (0x00000013) nop
core   0: 3 0x8000b060 (0x00000013)
core   0: 0x8000b064 (0x00000013) nop
core   0: 3 0x8000b064 (0x00000013)
core   0: 0x8000b068 (0x4069df33) sra     t5, s3, t1
core   0: 3 0x8000b068 (0x4069df33) x30 0x00000000
core   0: 0x8000b06c (0x008509b3) add     s3, a0, s0
core   0: 3 0x8000b06c (0x008509b3) x19 0xc65819d4
core   0: 0x8000b070 (0x02280f33) mul     t5, a6, sp
core   0: 3 0x8000b070 (0x02280f33) x30 0x00000000
core   0: 0x8000b074 (0x00a026b3) slt     a3, zero, a0
core   0: 3 0x8000b074 (0x00a026b3) x13 0x00000000
core   0: 0x8000b078 (0x40ecd933) sra     s2, s9, a4
core   0: 3 0x8000b078 (0x40ecd933) x18 0x00000000
core   0: 0x8000b07c (0x03989263) bne     a7, s9, pc + 36
core   0: 3 0x8000b07c (0x03989263)
core   0: 0x8000b0a0 (0x009ae033) or      zero, s5, s1
core   0: 3 0x8000b0a0 (0x009ae033)
core   0: 0x8000b0a4 (0x414108b3) sub     a7, sp, s4
core   0: 3 0x8000b0a4 (0x414108b3) x17 0x80000000
core   0: 0x8000b0a8 (0x00417c33) and     s8, sp, tp
core   0: 3 0x8000b0a8 (0x00417c33) x24 0x00000000
core   0: 0x8000b0ac (0x00c34433) xor     s0, t1, a2
core   0: 3 0x8000b0ac (0x00c34433) x 8 0xffffdf7f
core   0: 0x8000b0b0 (0x09136e63) bltu    t1, a7, pc + 156
core   0: 3 0x8000b0b0 (0x09136e63)
core   0: 0x8000b0b4 (0x01ad8633) add     a2, s11, s10
core   0: 3 0x8000b0b4 (0x01ad8633) x12 0xfffada0f
core   0: 0x8000b0b8 (0x0414cb93) xori    s7, s1, 65
core   0: 3 0x8000b0b8 (0x0414cb93) x23 0x80029ca5
core   0: 0x8000b0bc (0xba620293) addi    t0, tp, -1114
core   0: 3 0x8000b0bc (0xba620293) x 5 0xfffffba6
core   0: 0x8000b0c0 (0x0bcaa993) slti    s3, s5, 188
core   0: 3 0x8000b0c0 (0x0bcaa993) x19 0x00000001
core   0: 0x8000b0c4 (0x004008b3) add     a7, zero, tp
core   0: 3 0x8000b0c4 (0x004008b3) x17 0x00000000
core   0: 0x8000b0c8 (0xc6074c93) xori    s9, a4, -928
core   0: 3 0x8000b0c8 (0xc6074c93) x25 0x0000069f
core   0: 0x8000b0cc (0x0270f733) remu    a4, ra, t2
core   0: 3 0x8000b0cc (0x0270f733) x14 0x0c344562
core   0: 0x8000b0d0 (0x00005217) auipc   tp, 0x5
core   0: 3 0x8000b0d0 (0x00005217) x 4 0x800100d0
core   0: 0x8000b0d4 (0x2d520213) addi    tp, tp, 725
core   0: 3 0x8000b0d4 (0x2d520213) x 4 0x800103a5
core   0: 0x8000b0d8 (0x03224783) lbu     a5, 50(tp)
core   0: 3 0x8000b0d8 (0x03224783) x15 0x00000000 mem 0x800103d7
core   0: 0x8000b0dc (0x03220083) lb      ra, 50(tp)
core   0: 3 0x8000b0dc (0x03220083) x 1 0x00000000 mem 0x800103d7
core   0: 0x8000b0e0 (0x03224e83) lbu     t4, 50(tp)
core   0: 3 0x8000b0e0 (0x03224e83) x29 0x00000000 mem 0x800103d7
core   0: 0x8000b0e4 (0x03020923) sb      a6, 50(tp)
core   0: 3 0x8000b0e4 (0x03020923) mem 0x800103d7 0x0
core   0: 0x8000b0e8 (0x03d20923) sb      t4, 50(tp)
core   0: 3 0x8000b0e8 (0x03d20923) mem 0x800103d7 0x0
core   0: 0x8000b0ec (0x03224783) lbu     a5, 50(tp)
core   0: 3 0x8000b0ec (0x03224783) x15 0x00000000 mem 0x800103d7
core   0: 0x8000b0f0 (0x03220403) lb      s0, 50(tp)
core   0: 3 0x8000b0f0 (0x03220403) x 8 0x00000000 mem 0x800103d7
core   0: 0x8000b0f4 (0x03220503) lb      a0, 50(tp)
core   0: 3 0x8000b0f4 (0x03220503) x10 0x00000000 mem 0x800103d7
core   0: 0x8000b0f8 (0x03120923) sb      a7, 50(tp)
core   0: 3 0x8000b0f8 (0x03120923) mem 0x800103d7 0x0
core   0: 0x8000b0fc (0x03224b03) lbu     s6, 50(tp)
core   0: 3 0x8000b0fc (0x03224b03) x22 0x00000000 mem 0x800103d7
core   0: 0x8000b100 (0x03224283) lbu     t0, 50(tp)
core   0: 3 0x8000b100 (0x03224283) x 5 0x00000000 mem 0x800103d7
core   0: 0x8000b104 (0x03224a83) lbu     s5, 50(tp)
core   0: 3 0x8000b104 (0x03224a83) x21 0x00000000 mem 0x800103d7
core   0: 0x8000b108 (0x03a20923) sb      s10, 50(tp)
core   0: 3 0x8000b108 (0x03a20923) mem 0x800103d7 0xfd
core   0: 0x8000b10c (0xfc325e83) lhu     t4, -61(tp)
core   0: 3 0x8000b10c (0xfc325e83) x29 0x00000000 mem 0x80010368
core   0: 0x8000b110 (0xff020e83) lb      t4, -16(tp)
core   0: 3 0x8000b110 (0xff020e83) x29 0x00000000 mem 0x80010395
core   0: 0x8000b114 (0x01824983) lbu     s3, 24(tp)
core   0: 3 0x8000b114 (0x01824983) x19 0x00000000 mem 0x800103bd
core   0: 0x8000b118 (0x30e8c993) xori    s3, a7, 782
core   0: 3 0x8000b118 (0x30e8c993) x19 0x0000030e
core   0: 0x8000b11c (0x40b00ab3) sub     s5, zero, a1
core   0: 3 0x8000b11c (0x40b00ab3) x21 0x00000000
core   0: 0x8000b120 (0x01824a03) lbu     s4, 24(tp)
core   0: 3 0x8000b120 (0x01824a03) x20 0x00000000 mem 0x800103bd
core   0: 0x8000b124 (0x01a20c23) sb      s10, 24(tp)
core   0: 3 0x8000b124 (0x01a20c23) mem 0x800103bd 0xfd
core   0: 0x8000b128 (0x030a9063) bne     s5, a6, pc + 32
core   0: 3 0x8000b128 (0x030a9063)
core   0: 0x8000b12c (0x00a07f33) and     t5, zero, a0
core   0: 3 0x8000b12c (0x00a07f33) x30 0x00000000
core   0: 0x8000b130 (0x028192b3) mulh    t0, gp, s0
core   0: 3 0x8000b130 (0x028192b3) x 5 0x00000000
core   0: 0x8000b134 (0x14a13313) sltiu   t1, sp, 330
core   0: 3 0x8000b134 (0x14a13313) x 6 0x00000000
core   0: 0x8000b138 (0x9b9d8613) addi    a2, s11, -1607
core   0: 3 0x8000b138 (0x9b9d8613) x12 0xfffad3cb
core   0: 0x8000b13c (0x00086d33) or      s10, a6, zero
core   0: 3 0x8000b13c (0x00086d33) x26 0x00000000
core   0: 0x8000b140 (0x0368af33) mulhsu  t5, a7, s6
core   0: 3 0x8000b140 (0x0368af33) x30 0x00000000
core   0: 0x8000b144 (0x02f6a533) mulhsu  a0, a3, a5
core   0: 3 0x8000b144 (0x02f6a533) x10 0x00000000
core   0: 0x8000b148 (0xb9c1e293) ori     t0, gp, -1124
core   0: 3 0x8000b148 (0xb9c1e293) x 5 0xfffffb9d
core   0: 0x8000b14c (0x0280d8b3) divu    a7, ra, s0
core   0: 3 0x8000b14c (0x0280d8b3) x17 0xffffffff
core   0: 0x8000b150 (0x02f37463) bgeu    t1, a5, pc + 40
core   0: 3 0x8000b150 (0x02f37463)
core   0: 0x8000b178 (0x007d68b3) or      a7, s10, t2
core   0: 3 0x8000b178 (0x007d68b3) x17 0x39e70c6b
core   0: 0x8000b17c (0x41090033) sub     zero, s2, a6
core   0: 3 0x8000b17c (0x41090033)
core   0: 0x8000b180 (0x039ab2b3) mulhu   t0, s5, s9
core   0: 3 0x8000b180 (0x039ab2b3) x 5 0x00000000
core   0: 0x8000b184 (0x3e0a8b93) addi    s7, s5, 992
core   0: 3 0x8000b184 (0x3e0a8b93) x23 0x000003e0
core   0: 0x8000b188 (0x017ef8b3) and     a7, t4, s7
core   0: 3 0x8000b188 (0x017ef8b3) x17 0x00000000
core   0: 0x8000b18c (0x0555f263) bgeu    a1, s5, pc + 68
core   0: 3 0x8000b18c (0x0555f263)
core   0: 0x8000b1d0 (0x397ccf17) auipc   t5, 0x397cc
core   0: 3 0x8000b1d0 (0x397ccf17) x30 0xb97d71d0
core   0: 0x8000b1d4 (0x05325463) bge     tp, s3, pc + 72
core   0: 3 0x8000b1d4 (0x05325463)
core   0: 0x8000b1d8 (0x02060633) mul     a2, a2, zero
core   0: 3 0x8000b1d8 (0x02060633) x12 0x00000000
core   0: 0x8000b1dc (0x01482333) slt     t1, a6, s4
core   0: 3 0x8000b1dc (0x01482333) x 6 0x00000000
core   0: 0x8000b1e0 (0x00000013) nop
core   0: 3 0x8000b1e0 (0x00000013)
core   0: 0x8000b1e4 (0x1eae28b7) lui     a7, 0x1eae2
core   0: 3 0x8000b1e4 (0x1eae28b7) x17 0x1eae2000
core   0: 0x8000b1e8 (0x006b9bb3) sll     s7, s7, t1
core   0: 3 0x8000b1e8 (0x006b9bb3) x23 0x000003e0
core   0: 0x8000b1ec (0x0339c633) div     a2, s3, s3
core   0: 3 0x8000b1ec (0x0339c633) x12 0x00000001
core   0: 0x8000b1f0 (0x00983533) sltu    a0, a6, s1
core   0: 3 0x8000b1f0 (0x00983533) x10 0x00000001
core   0: 0x8000b1f4 (0xf2332797) auipc   a5, 0xf2332
core   0: 3 0x8000b1f4 (0xf2332797) x15 0x7233d1f4
core   0: 0x8000b1f8 (0x03b0d833) divu    a6, ra, s11
core   0: 3 0x8000b1f8 (0x03b0d833) x16 0x00000000
core   0: 0x8000b1fc (0x03daa9b3) mulhsu  s3, s5, t4
core   0: 3 0x8000b1fc (0x03daa9b3) x19 0x00000000
core   0: 0x8000b200 (0x019af033) and     zero, s5, s9
core   0: 3 0x8000b200 (0x019af033)
core   0: 0x8000b204 (0x0168dc13) srli    s8, a7, 22
core   0: 3 0x8000b204 (0x0168dc13) x24 0x0000007a
core   0: 0x8000b208 (0x021f7e33) remu    t3, t5, ra
core   0: 3 0x8000b208 (0x021f7e33) x28 0xb97d71d0
core   0: 0x8000b20c (0x7d2f4b93) xori    s7, t5, 2002
core   0: 3 0x8000b20c (0x7d2f4b93) x23 0xb97d7602
core   0: 0x8000b210 (0x00d98d33) add     s10, s3, a3
core   0: 3 0x8000b210 (0x00d98d33) x26 0x00000000
core   0: 0x8000b214 (0x02e4aeb3) mulhsu  t4, s1, a4
core   0: 3 0x8000b214 (0x02e4aeb3) x29 0xf9e5fd32
core   0: 0x8000b218 (0x01fd2db3) slt     s11, s10, t6
core   0: 3 0x8000b218 (0x01fd2db3) x27 0x00000000
core   0: 0x8000b21c (0x009f0733) add     a4, t5, s1
core   0: 3 0x8000b21c (0x009f0733) x14 0x39800eb4
core   0: 0x8000b220 (0x00401833) sll     a6, zero, tp
core   0: 3 0x8000b220 (0x00401833) x16 0x00000000
core   0: 0x8000b224 (0x009c9e33) sll     t3, s9, s1
core   0: 3 0x8000b224 (0x009c9e33) x28 0x000069f0
core   0: 0x8000b228 (0x0001e7b3) or      a5, gp, zero
core   0: 3 0x8000b228 (0x0001e7b3) x15 0x00000001
core   0: 0x8000b22c (0x00ef9c13) slli    s8, t6, 14
core   0: 3 0x8000b22c (0x00ef9c13) x24 0x978e0000
core   0: 0x8000b230 (0x447f1537) lui     a0, 0x447f1
core   0: 3 0x8000b230 (0x447f1537) x10 0x447f1000
core   0: 0x8000b234 (0x003b5a63) bge     s6, gp, pc + 20
core   0: 3 0x8000b234 (0x003b5a63)
core   0: 0x8000b238 (0x481c3213) sltiu   tp, s8, 1153
core   0: 3 0x8000b238 (0x481c3213) x 4 0x00000000
core   0: 0x8000b23c (0x00565193) srli    gp, a2, 5
core   0: 3 0x8000b23c (0x00565193) x 3 0x00000000
core   0: 0x8000b240 (0x03ae5db3) divu    s11, t3, s10
core   0: 3 0x8000b240 (0x03ae5db3) x27 0xffffffff
core   0: 0x8000b244 (0xb73af093) andi    ra, s5, -1165
core   0: 3 0x8000b244 (0xb73af093) x 1 0x00000000
core   0: 0x8000b248 (0x00215e63) bge     sp, sp, pc + 28
core   0: 3 0x8000b248 (0x00215e63)
core   0: 0x8000b264 (0x411d86b3) sub     a3, s11, a7
core   0: 3 0x8000b264 (0x411d86b3) x13 0xe151dfff
core   0: 0x8000b268 (0x00000013) nop
core   0: 3 0x8000b268 (0x00000013)
core   0: 0x8000b26c (0xe6922937) lui     s2, 0xe6922
core   0: 3 0x8000b26c (0xe6922937) x18 0xe6922000
core   0: 0x8000b270 (0x4173dc93) srai    s9, t2, 23
core   0: 3 0x8000b270 (0x4173dc93) x25 0x00000073
core   0: 0x8000b274 (0x3bf5eb97) auipc   s7, 0x3bf5e
core   0: 3 0x8000b274 (0x3bf5eb97) x23 0xbbf69274
core   0: 0x8000b278 (0x24e80093) addi    ra, a6, 590
core   0: 3 0x8000b278 (0x24e80093) x 1 0x0000024e
core   0: 0x8000b27c (0x03518a33) mul     s4, gp, s5
core   0: 3 0x8000b27c (0x03518a33) x20 0x00000000
core   0: 0x8000b280 (0x00cdeab3) or      s5, s11, a2
core   0: 3 0x8000b280 (0x00cdeab3) x21 0xffffffff
core   0: 0x8000b284 (0x02c65633) divu    a2, a2, a2
core   0: 3 0x8000b284 (0x02c65633) x12 0x00000001
core   0: 0x8000b288 (0x73d8cf13) xori    t5, a7, 1853
core   0: 3 0x8000b288 (0x73d8cf13) x30 0x1eae273d
core   0: 0x8000b28c (0x03a1c063) blt     gp, s10, pc + 32
core   0: 3 0x8000b28c (0x03a1c063)
core   0: 0x8000b290 (0x402ed893) srai    a7, t4, 2
core   0: 3 0x8000b290 (0x402ed893) x17 0xfe797f4c
core   0: 0x8000b294 (0x0276dbb3) divu    s7, a3, t2
core   0: 3 0x8000b294 (0x0276dbb3) x23 0x00000003
core   0: 0x8000b298 (0x03010033) mul     zero, sp, a6
core   0: 3 0x8000b298 (0x03010033)
core   0: 0x8000b29c (0x40e6deb3) sra     t4, a3, a4
core   0: 3 0x8000b29c (0x40e6deb3) x29 0xfffffe15
core   0: 0x8000b2a0 (0x40c407b3) sub     a5, s0, a2
core   0: 3 0x8000b2a0 (0x40c407b3) x15 0xffffffff
core   0: 0x8000b2a4 (0x03885333) divu    t1, a6, s8
core   0: 3 0x8000b2a4 (0x03885333) x 6 0x00000000
core   0: 0x8000b2a8 (0x01ea1c33) sll     s8, s4, t5
core   0: 3 0x8000b2a8 (0x01ea1c33) x24 0x00000000
core   0: 0x8000b2ac (0x02421e33) mulh    t3, tp, tp
core   0: 3 0x8000b2ac (0x02421e33) x28 0x00000000
core   0: 0x8000b2b0 (0x00000013) nop
core   0: 3 0x8000b2b0 (0x00000013)
core   0: 0x8000b2b4 (0x40805d33) sra     s10, zero, s0
core   0: 3 0x8000b2b4 (0x40805d33) x26 0x00000000
core   0: 0x8000b2b8 (0x0270b8b3) mulhu   a7, ra, t2
core   0: 3 0x8000b2b8 (0x0270b8b3) x17 0x00000085
core   0: 0x8000b2bc (0x02f265b3) rem     a1, tp, a5
core   0: 3 0x8000b2bc (0x02f265b3) x11 0x00000000
core   0: 0x8000b2c0 (0x87b53313) sltiu   t1, a0, -1925
core   0: 3 0x8000b2c0 (0x87b53313) x 6 0x00000001
core   0: 0x8000b2c4 (0x02b7ab33) mulhsu  s6, a5, a1
core   0: 3 0x8000b2c4 (0x02b7ab33) x22 0x00000000
core   0: 0x8000b2c8 (0x001d4cb3) xor     s9, s10, ra
core   0: 3 0x8000b2c8 (0x001d4cb3) x25 0x0000024e
core   0: 0x8000b2cc (0x017fe663) bltu    t6, s7, pc + 12
core   0: 3 0x8000b2cc (0x017fe663)
core   0: 0x8000b2d0 (0x00000013) nop
core   0: 3 0x8000b2d0 (0x00000013)
core   0: 0x8000b2d4 (0x038791b3) mulh    gp, a5, s8
core   0: 3 0x8000b2d4 (0x038791b3) x 3 0x00000000
core   0: 0x8000b2d8 (0xc4cc8713) addi    a4, s9, -948
core   0: 3 0x8000b2d8 (0xc4cc8713) x14 0xfffffe9a
core   0: 0x8000b2dc (0x119f7863) bgeu    t5, s9, pc + 272
core   0: 3 0x8000b2dc (0x119f7863)
core   0: 0x8000b3ec (0x86ae0b93) addi    s7, t3, -1942
core   0: 3 0x8000b3ec (0x86ae0b93) x23 0xfffff86a
core   0: 0x8000b3f0 (0x23d97313) andi    t1, s2, 573
core   0: 3 0x8000b3f0 (0x23d97313) x 6 0x00000000
core   0: 0x8000b3f4 (0x8f068a93) addi    s5, a3, -1808
core   0: 3 0x8000b3f4 (0x8f068a93) x21 0xe151d8ef
core   0: 0x8000b3f8 (0x0085b6b3) sltu    a3, a1, s0
core   0: 3 0x8000b3f8 (0x0085b6b3) x13 0x00000000
core   0: 0x8000b3fc (0x00000013) nop
core   0: 3 0x8000b3fc (0x00000013)
core   0: 0x8000b400 (0x00000013) nop
core   0: 3 0x8000b400 (0x00000013)
core   0: 0x8000b404 (0xef254793) xori    a5, a0, -270
core   0: 3 0x8000b404 (0xef254793) x15 0xbb80eef2
core   0: 0x8000b408 (0x017ba233) slt     tp, s7, s7
core   0: 3 0x8000b408 (0x017ba233) x 4 0x00000000
core   0: 0x8000b40c (0xc5554c93) xori    s9, a0, -939
core   0: 3 0x8000b40c (0xc5554c93) x25 0xbb80ec55
core   0: 0x8000b410 (0x00936db3) or      s11, t1, s1
core   0: 3 0x8000b410 (0x00936db3) x27 0x80029ce4
core   0: 0x8000b414 (0x012af733) and     a4, s5, s2
core   0: 3 0x8000b414 (0x012af733) x14 0xe0100000
core   0: 0x8000b418 (0x0118ccb3) xor     s9, a7, a7
core   0: 3 0x8000b418 (0x0118ccb3) x25 0x00000000
core   0: 0x8000b41c (0x01ad28b3) slt     a7, s10, s10
core   0: 3 0x8000b41c (0x01ad28b3) x17 0x00000000
core   0: 0x8000b420 (0x011d7c33) and     s8, s10, a7
core   0: 3 0x8000b420 (0x011d7c33) x24 0x00000000
core   0: 0x8000b424 (0x03db7233) remu    tp, s6, t4
core   0: 3 0x8000b424 (0x03db7233) x 4 0x00000000
core   0: 0x8000b428 (0x79304093) xori    ra, zero, 1939
core   0: 3 0x8000b428 (0x79304093) x 1 0x00000793
core   0: 0x8000b42c (0xbeb9b013) sltiu   zero, s3, -1045
core   0: 3 0x8000b42c (0xbeb9b013)
core   0: 0x8000b430 (0x012b8eb3) add     t4, s7, s2
core   0: 3 0x8000b430 (0x012b8eb3) x29 0xe692186a
core   0: 0x8000b434 (0x40ef51b3) sra     gp, t5, a4
core   0: 3 0x8000b434 (0x40ef51b3) x 3 0x1eae273d
core   0: 0x8000b438 (0x00469333) sll     t1, a3, tp
core   0: 3 0x8000b438 (0x00469333) x 6 0x00000000
core   0: 0x8000b43c (0x005bc833) xor     a6, s7, t0
core   0: 3 0x8000b43c (0x005bc833) x16 0xfffff86a
core   0: 0x8000b440 (0x01e716b3) sll     a3, a4, t5
core   0: 3 0x8000b440 (0x01e716b3) x13 0x00000000
core   0: 0x8000b444 (0x00184933) xor     s2, a6, ra
core   0: 3 0x8000b444 (0x00184933) x18 0xfffffff9
core   0: 0x8000b448 (0xeee9c713) xori    a4, s3, -274
core   0: 3 0x8000b448 (0xeee9c713) x14 0xfffffeee
core   0: 0x8000b44c (0x00c5a033) slt     zero, a1, a2
core   0: 3 0x8000b44c (0x00c5a033)
core   0: 0x8000b450 (0x01a5d033) srl     zero, a1, s10
core   0: 3 0x8000b450 (0x01a5d033)
core   0: 0x8000b454 (0x0253a8b3) mulhsu  a7, t2, t0
core   0: 3 0x8000b454 (0x0253a8b3) x17 0x00000000
core   0: 0x8000b458 (0x0da86913) ori     s2, a6, 218
core   0: 3 0x8000b458 (0x0da86913) x18 0xfffff8fa
core   0: 0x8000b45c (0x00a45b13) srli    s6, s0, 10
core   0: 3 0x8000b45c (0x00a45b13) x22 0x00000000
core   0: 0x8000b460 (0x00000013) nop
core   0: 3 0x8000b460 (0x00000013)
core   0: 0x8000b464 (0x02e42233) mulhsu  tp, s0, a4
core   0: 3 0x8000b464 (0x02e42233) x 4 0x00000000
core   0: 0x8000b468 (0x00000013) nop
core   0: 3 0x8000b468 (0x00000013)
core   0: 0x8000b46c (0x030df633) remu    a2, s11, a6
core   0: 3 0x8000b46c (0x030df633) x12 0x80029ce4
core   0: 0x8000b470 (0x0315ec33) rem     s8, a1, a7
core   0: 3 0x8000b470 (0x0315ec33) x24 0x00000000
core   0: 0x8000b474 (0x02f7fab3) remu    s5, a5, a5
core   0: 3 0x8000b474 (0x02f7fab3) x21 0x00000000
core   0: 0x8000b478 (0x00fc8b33) add     s6, s9, a5
core   0: 3 0x8000b478 (0x00fc8b33) x22 0xbb80eef2
core   0: 0x8000b47c (0xbd6e2913) slti    s2, t3, -1066
core   0: 3 0x8000b47c (0xbd6e2913) x18 0x00000000
core   0: 0x8000b480 (0x010152b3) srl     t0, sp, a6
core   0: 3 0x8000b480 (0x010152b3) x 5 0x00200000
core   0: 0x8000b484 (0x03821a33) mulh    s4, tp, s8
core   0: 3 0x8000b484 (0x03821a33) x20 0x00000000
core   0: 0x8000b488 (0x00fc0533) add     a0, s8, a5
core   0: 3 0x8000b488 (0x00fc0533) x10 0xbb80eef2
core   0: 0x8000b48c (0x26538213) addi    tp, t2, 613
core   0: 3 0x8000b48c (0x26538213) x 4 0x39e70ed0
core   0: 0x8000b490 (0x0e14a513) slti    a0, s1, 225
core   0: 3 0x8000b490 (0x0e14a513) x10 0x00000001
core   0: 0x8000b494 (0x030b9733) mulh    a4, s7, a6
core   0: 3 0x8000b494 (0x030b9733) x14 0x00000000
core   0: 0x8000b498 (0x00553db3) sltu    s11, a0, t0
core   0: 3 0x8000b498 (0x00553db3) x27 0x00000001
core   0: 0x8000b49c (0x03be8d33) mul     s10, t4, s11
core   0: 3 0x8000b49c (0x03be8d33) x26 0xe692186a
core   0: 0x8000b4a0 (0x0027dcb3) srl     s9, a5, sp
core   0: 3 0x8000b4a0 (0x0027dcb3) x25 0xbb80eef2
core   0: 0x8000b4a4 (0x02bb6733) rem     a4, s6, a1
core   0: 3 0x8000b4a4 (0x02bb6733) x14 0xbb80eef2
core   0: 0x8000b4a8 (0x039f6a63) bltu    t5, s9, pc + 52
core   0: 3 0x8000b4a8 (0x039f6a63)
core   0: 0x8000b4dc (0x034159b3) divu    s3, sp, s4
core   0: 3 0x8000b4dc (0x034159b3) x19 0xffffffff
core   0: 0x8000b4e0 (0x01038a63) beq     t2, a6, pc + 20
core   0: 3 0x8000b4e0 (0x01038a63)
core   0: 0x8000b4e4 (0xf68e1bb7) lui     s7, 0xf68e1
core   0: 3 0x8000b4e4 (0xf68e1bb7) x23 0xf68e1000
core   0: 0x8000b4e8 (0x0000dc63) bgez    ra, pc + 24
core   0: 3 0x8000b4e8 (0x0000dc63)
core   0: 0x8000b500 (0x03271263) bne     a4, s2, pc + 36
core   0: 3 0x8000b500 (0x03271263)
core   0: 0x8000b524 (0x0130cc63) blt     ra, s3, pc + 24
core   0: 3 0x8000b524 (0x0130cc63)
core   0: 0x8000b528 (0x5cc28013) addi    zero, t0, 1484
core   0: 3 0x8000b528 (0x5cc28013)
core   0: 0x8000b52c (0x0089da63) bge     s3, s0, pc + 20
core   0: 3 0x8000b52c (0x0089da63)
core   0: 0x8000b530 (0x029ade33) divu    t3, s5, s1
core   0: 3 0x8000b530 (0x029ade33) x28 0x00000000
core   0: 0x8000b534 (0x4133d013) srai    zero, t2, 19
core   0: 3 0x8000b534 (0x4133d013)
core   0: 0x8000b538 (0x6179e013) ori     zero, s3, 1559
core   0: 3 0x8000b538 (0x6179e013)
core   0: 0x8000b53c (0x0073d213) srli    tp, t2, 7
core   0: 3 0x8000b53c (0x0073d213) x 4 0x0073ce18
core   0: 0x8000b540 (0x02eb8263) beq     s7, a4, pc + 36
core   0: 3 0x8000b540 (0x02eb8263)
core   0: 0x8000b544 (0x01c10263) beq     sp, t3, pc + 4
core   0: 3 0x8000b544 (0x01c10263)
core   0: 0x8000b548 (0x03741063) bne     s0, s7, pc + 32
core   0: 3 0x8000b548 (0x03741063)
core   0: 0x8000b568 (0x418bfe13) andi    t3, s7, 1048
core   0: 3 0x8000b568 (0x418bfe13) x28 0x00000000
core   0: 0x8000b56c (0x01c6b7b3) sltu    a5, a3, t3
core   0: 3 0x8000b56c (0x01c6b7b3) x15 0x00000000
core   0: 0x8000b570 (0x41025893) srai    a7, tp, 16
core   0: 3 0x8000b570 (0x41025893) x17 0x00000073
core   0: 0x8000b574 (0x0024ca63) blt     s1, sp, pc + 20
core   0: 3 0x8000b574 (0x0024ca63)
core   0: 0x8000b578 (0x00000013) nop
core   0: 3 0x8000b578 (0x00000013)
core   0: 0x8000b57c (0x055a1263) bne     s4, s5, pc + 68
core   0: 3 0x8000b57c (0x055a1263)
core   0: 0x8000b580 (0x02e96733) rem     a4, s2, a4
core   0: 3 0x8000b580 (0x02e96733) x14 0x00000000
core   0: 0x8000b584 (0x032893b3) mulh    t2, a7, s2
core   0: 3 0x8000b584 (0x032893b3) x 7 0x00000000
core   0: 0x8000b588 (0x409c8533) sub     a0, s9, s1
core   0: 3 0x8000b588 (0x409c8533) x10 0x3b7e520e
core   0: 0x8000b58c (0x411b5913) srai    s2, s6, 17
core   0: 3 0x8000b58c (0x411b5913) x18 0xffffddc0
core   0: 0x8000b590 (0x0de8b393) sltiu   t2, a7, 222
core   0: 3 0x8000b590 (0x0de8b393) x 7 0x00000001
core   0: 0x8000b594 (0x01b79c63) bne     a5, s11, pc + 24
core   0: 3 0x8000b594 (0x01b79c63)
core   0: 0x8000b5ac (0x0176c233) xor     tp, a3, s7
core   0: 3 0x8000b5ac (0x0176c233) x 4 0xf68e1000
core   0: 0x8000b5b0 (0x02d42ab3) mulhsu  s5, s0, a3
core   0: 3 0x8000b5b0 (0x02d42ab3) x21 0x00000000
core   0: 0x8000b5b4 (0x01d55a63) bge     a0, t4, pc + 20
core   0: 3 0x8000b5b4 (0x01d55a63)
core   0: 0x8000b5c8 (0x032e5033) divu    zero, t3, s2
core   0: 3 0x8000b5c8 (0x032e5033)
core   0: 0x8000b5cc (0x030165b3) rem     a1, sp, a6
core   0: 3 0x8000b5cc (0x030165b3) x11 0xfffffd8c
core   0: 0x8000b5d0 (0x564b7893) andi    a7, s6, 1380
core   0: 3 0x8000b5d0 (0x564b7893) x17 0x00000460
core   0: 0x8000b5d4 (0x40c00a33) sub     s4, zero, a2
core   0: 3 0x8000b5d4 (0x40c00a33) x20 0x7ffd631c
core   0: 0x8000b5d8 (0x026b6263) bltu    s6, t1, pc + 36
core   0: 3 0x8000b5d8 (0x026b6263)
core   0: 0x8000b5dc (0x0257c2b3) div     t0, a5, t0
core   0: 3 0x8000b5dc (0x0257c2b3) x 5 0x00000000
core   0: 0x8000b5e0 (0x00219263) bne     gp, sp, pc + 4
core   0: 3 0x8000b5e0 (0x00219263)
core   0: 0x8000b5e4 (0x4b432093) slti    ra, t1, 1204
core   0: 3 0x8000b5e4 (0x4b432093) x 1 0x00000001
core   0: 0x8000b5e8 (0xa0513093) sltiu   ra, sp, -1531
core   0: 3 0x8000b5e8 (0xa0513093) x 1 0x00000001
core   0: 0x8000b5ec (0x2ff4c613) xori    a2, s1, 767
core   0: 3 0x8000b5ec (0x2ff4c613) x12 0x80029e1b
core   0: 0x8000b5f0 (0x0195d593) srli    a1, a1, 25
core   0: 3 0x8000b5f0 (0x0195d593) x11 0x0000007f
core   0: 0x8000b5f4 (0x04718463) beq     gp, t2, pc + 72
core   0: 3 0x8000b5f4 (0x04718463)
core   0: 0x8000b5f8 (0x027be033) rem     zero, s7, t2
core   0: 3 0x8000b5f8 (0x027be033)
core   0: 0x8000b5fc (0x0052bcb3) sltu    s9, t0, t0
core   0: 3 0x8000b5fc (0x0052bcb3) x25 0x00000000
core   0: 0x8000b600 (0x0259c733) div     a4, s3, t0
core   0: 3 0x8000b600 (0x0259c733) x14 0xffffffff
core   0: 0x8000b604 (0x01c1d593) srli    a1, gp, 28
core   0: 3 0x8000b604 (0x01c1d593) x11 0x00000001
core   0: 0x8000b608 (0x01ac9193) slli    gp, s9, 26
core   0: 3 0x8000b608 (0x01ac9193) x 3 0x00000000
core   0: 0x8000b60c (0x03d31463) bne     t1, t4, pc + 40
core   0: 3 0x8000b60c (0x03d31463)
core   0: 0x8000b634 (0x02443033) mulhu   zero, s0, tp
core   0: 3 0x8000b634 (0x02443033)
core   0: 0x8000b638 (0x00000013) nop
core   0: 3 0x8000b638 (0x00000013)
core   0: 0x8000b63c (0x0357fbb3) remu    s7, a5, s5
core   0: 3 0x8000b63c (0x0357fbb3) x23 0x00000000
core   0: 0x8000b640 (0x0230a033) mulhsu  zero, ra, gp
core   0: 3 0x8000b640 (0x0230a033)
core   0: 0x8000b644 (0x41a50b33) sub     s6, a0, s10
core   0: 3 0x8000b644 (0x41a50b33) x22 0x54ec39a4
core   0: 0x8000b648 (0x003d05b3) add     a1, s10, gp
core   0: 3 0x8000b648 (0x003d05b3) x11 0xe692186a
core   0: 0x8000b64c (0x7bfcaa93) slti    s5, s9, 1983
core   0: 3 0x8000b64c (0x7bfcaa93) x21 0x00000001
core   0: 0x8000b650 (0x000fec63) bltu    t6, zero, pc + 24
core   0: 3 0x8000b650 (0x000fec63)
core   0: 0x8000b654 (0x03e438b3) mulhu   a7, s0, t5
core   0: 3 0x8000b654 (0x03e438b3) x17 0x00000000
core   0: 0x8000b658 (0x01000d33) add     s10, zero, a6
core   0: 3 0x8000b658 (0x01000d33) x26 0xfffff86a
core   0: 0x8000b65c (0x86c23cb7) lui     s9, 0x86c23
core   0: 3 0x8000b65c (0x86c23cb7) x25 0x86c23000
core   0: 0x8000b660 (0xcb8841b7) lui     gp, 0xcb884
core   0: 3 0x8000b660 (0xcb8841b7) x 3 0xcb884000
core   0: 0x8000b664 (0x03fca6b3) mulhsu  a3, s9, t6
core   0: 3 0x8000b664 (0x03fca6b3) x13 0xc35ff8e5
core   0: 0x8000b668 (0x0204a3b3) mulhsu  t2, s1, zero
core   0: 3 0x8000b668 (0x0204a3b3) x 7 0x00000000
core   0: 0x8000b66c (0x03d90063) beq     s2, t4, pc + 32
core   0: 3 0x8000b66c (0x03d90063)
core   0: 0x8000b670 (0xef51c437) lui     s0, 0xef51c
core   0: 3 0x8000b670 (0xef51c437) x 8 0xef51c000
core   0: 0x8000b674 (0x72c1ad13) slti    s10, gp, 1836
core   0: 3 0x8000b674 (0x72c1ad13) x26 0x00000001
core   0: 0x8000b678 (0x55527313) andi    t1, tp, 1365
core   0: 3 0x8000b678 (0x55527313) x 6 0x00000000
core   0: 0x8000b67c (0x1c909417) auipc   s0, 0x1c909
core   0: 3 0x8000b67c (0x1c909417) x 8 0x9c91467c
core   0: 0x8000b680 (0x034f7bb3) remu    s7, t5, s4
core   0: 3 0x8000b680 (0x034f7bb3) x23 0x1eae273d
core   0: 0x8000b684 (0x016cf863) bgeu    s9, s6, pc + 16
core   0: 3 0x8000b684 (0x016cf863)
core   0: 0x8000b694 (0x003493b3) sll     t2, s1, gp
core   0: 3 0x8000b694 (0x003493b3) x 7 0x80029ce4
core   0: 0x8000b698 (0x00c373b3) and     t2, t1, a2
core   0: 3 0x8000b698 (0x00c373b3) x 7 0x00000000
core   0: 0x8000b69c (0x01de1f13) slli    t5, t3, 29
core   0: 3 0x8000b69c (0x01de1f13) x30 0x00000000
core   0: 0x8000b6a0 (0x00000013) nop
core   0: 3 0x8000b6a0 (0x00000013)
core   0: 0x8000b6a4 (0x0052be33) sltu    t3, t0, t0
core   0: 3 0x8000b6a4 (0x0052be33) x28 0x00000000
core   0: 0x8000b6a8 (0x03f842b3) div     t0, a6, t6
core   0: 3 0x8000b6a8 (0x03f842b3) x 5 0x00000000
core   0: 0x8000b6ac (0x00000013) nop
core   0: 3 0x8000b6ac (0x00000013)
core   0: 0x8000b6b0 (0xb98f8413) addi    s0, t6, -1128
core   0: 3 0x8000b6b0 (0xb98f8413) x 8 0x800259d0
core   0: 0x8000b6b4 (0x010365b3) or      a1, t1, a6
core   0: 3 0x8000b6b4 (0x010365b3) x11 0xfffff86a
core   0: 0x8000b6b8 (0x0527d463) bge     a5, s2, pc + 72
core   0: 3 0x8000b6b8 (0x0527d463)
core   0: 0x8000b700 (0x04bfc593) xori    a1, t6, 75
core   0: 3 0x8000b700 (0x04bfc593) x11 0x80025e73
core   0: 0x8000b704 (0x035ed7b3) divu    a5, t4, s5
core   0: 3 0x8000b704 (0x035ed7b3) x15 0xe692186a
core   0: 0x8000b708 (0x0052d9b3) srl     s3, t0, t0
core   0: 3 0x8000b708 (0x0052d9b3) x19 0x00000000
core   0: 0x8000b70c (0x1939bd13) sltiu   s10, s3, 403
core   0: 3 0x8000b70c (0x1939bd13) x26 0x00000001
core   0: 0x8000b710 (0x00699233) sll     tp, s3, t1
core   0: 3 0x8000b710 (0x00699233) x 4 0x00000000
core   0: 0x8000b714 (0xbe7ae213) ori     tp, s5, -1049
core   0: 3 0x8000b714 (0xbe7ae213) x 4 0xfffffbe7
core   0: 0x8000b718 (0x03747a63) bgeu    s0, s7, pc + 52
core   0: 3 0x8000b718 (0x03747a63)
core   0: 0x8000b74c (0x41d25293) srai    t0, tp, 29
core   0: 3 0x8000b74c (0x41d25293) x 5 0xffffffff
core   0: 0x8000b750 (0x00000013) nop
core   0: 3 0x8000b750 (0x00000013)
core   0: 0x8000b754 (0xcc3cb913) sltiu   s2, s9, -829
core   0: 3 0x8000b754 (0xcc3cb913) x18 0x00000001
core   0: 0x8000b758 (0xf5de7013) andi    zero, t3, -163
core   0: 3 0x8000b758 (0xf5de7013)
core   0: 0x8000b75c (0x60602913) slti    s2, zero, 1542
core   0: 3 0x8000b75c (0x60602913) x18 0x00000001
core   0: 0x8000b760 (0x00180c63) beq     a6, ra, pc + 24
core   0: 3 0x8000b760 (0x00180c63)
core   0: 0x8000b764 (0x00d66533) or      a0, a2, a3
core   0: 3 0x8000b764 (0x00d66533) x10 0xc35ffeff
core   0: 0x8000b768 (0x03b5dab3) divu    s5, a1, s11
core   0: 3 0x8000b768 (0x03b5dab3) x21 0x80025e73
core   0: 0x8000b76c (0x02c673b3) remu    t2, a2, a2
core   0: 3 0x8000b76c (0x02c673b3) x 7 0x00000000
core   0: 0x8000b770 (0x74bd2313) slti    t1, s10, 1867
core   0: 3 0x8000b770 (0x74bd2313) x 6 0x00000001
core   0: 0x8000b774 (0x49180d13) addi    s10, a6, 1169
core   0: 3 0x8000b774 (0x49180d13) x26 0xfffffcfb
core   0: 0x8000b778 (0x419201b3) sub     gp, tp, s9
core   0: 3 0x8000b778 (0x419201b3) x 3 0x793dcbe7
core   0: 0x8000b77c (0x01124db3) xor     s11, tp, a7
core   0: 3 0x8000b77c (0x01124db3) x27 0xfffffbe7
core   0: 0x8000b780 (0x3c8e6d13) ori     s10, t3, 968
core   0: 3 0x8000b780 (0x3c8e6d13) x26 0x000003c8
core   0: 0x8000b784 (0x01c6fc63) bgeu    a3, t3, pc + 24
core   0: 3 0x8000b784 (0x01c6fc63)
core   0: 0x8000b79c (0x219eba93) sltiu   s5, t4, 537
core   0: 3 0x8000b79c (0x219eba93) x21 0x00000000
core   0: 0x8000b7a0 (0x00cf5663) bge     t5, a2, pc + 12
core   0: 3 0x8000b7a0 (0x00cf5663)
core   0: 0x8000b7ac (0x035519b3) mulh    s3, a0, s5
core   0: 3 0x8000b7ac (0x035519b3) x19 0x00000000
core   0: 0x8000b7b0 (0x002bc633) xor     a2, s7, sp
core   0: 3 0x8000b7b0 (0x002bc633) x12 0x9eae273d
core   0: 0x8000b7b4 (0x94b3f213) andi    tp, t2, -1717
core   0: 3 0x8000b7b4 (0x94b3f213) x 4 0x00000000
core   0: 0x8000b7b8 (0x0337cdb3) div     s11, a5, s3
core   0: 3 0x8000b7b8 (0x0337cdb3) x27 0xffffffff
core   0: 0x8000b7bc (0x00001e93) slli    t4, zero, 0
core   0: 3 0x8000b7bc (0x00001e93) x29 0x00000000
core   0: 0x8000b7c0 (0x00b58eb3) add     t4, a1, a1
core   0: 3 0x8000b7c0 (0x00b58eb3) x29 0x0004bce6
core   0: 0x8000b7c4 (0x2429b893) sltiu   a7, s3, 578
core   0: 3 0x8000b7c4 (0x2429b893) x17 0x00000001
core   0: 0x8000b7c8 (0x01695533) srl     a0, s2, s6
core   0: 3 0x8000b7c8 (0x01695533) x10 0x00000000
core   0: 0x8000b7cc (0x00d272b3) and     t0, tp, a3
core   0: 3 0x8000b7cc (0x00d272b3) x 5 0x00000000
core   0: 0x8000b7d0 (0x05c30263) beq     t1, t3, pc + 68
core   0: 3 0x8000b7d0 (0x05c30263)
core   0: 0x8000b7d4 (0x01411433) sll     s0, sp, s4
core   0: 3 0x8000b7d4 (0x01411433) x 8 0x00000000
core   0: 0x8000b7d8 (0x039bb6b3) mulhu   a3, s7, s9
core   0: 3 0x8000b7d8 (0x039bb6b3) x13 0x10266e44
core   0: 0x8000b7dc (0x40a7d433) sra     s0, a5, a0
core   0: 3 0x8000b7dc (0x40a7d433) x 8 0xe692186a
core   0: 0x8000b7e0 (0x01d921b3) slt     gp, s2, t4
core   0: 3 0x8000b7e0 (0x01d921b3) x 3 0x00000001
core   0: 0x8000b7e4 (0xc4806f13) ori     t5, zero, -952
core   0: 3 0x8000b7e4 (0xc4806f13) x30 0xfffffc48
core   0: 0x8000b7e8 (0x01584cb3) xor     s9, a6, s5
core   0: 3 0x8000b7e8 (0x01584cb3) x25 0xfffff86a
core   0: 0x8000b7ec (0x03d90833) mul     a6, s2, t4
core   0: 3 0x8000b7ec (0x03d90833) x16 0x0004bce6
core   0: 0x8000b7f0 (0x032a6b33) rem     s6, s4, s2
core   0: 3 0x8000b7f0 (0x032a6b33) x22 0x00000000
core   0: 0x8000b7f4 (0x01bb59b3) srl     s3, s6, s11
core   0: 3 0x8000b7f4 (0x01bb59b3) x19 0x00000000
core   0: 0x8000b7f8 (0x00d67a63) bgeu    a2, a3, pc + 20
core   0: 3 0x8000b7f8 (0x00d67a63)
core   0: 0x8000b80c (0x9f328b93) addi    s7, t0, -1549
core   0: 3 0x8000b80c (0x9f328b93) x23 0xfffff9f3
core   0: 0x8000b810 (0x05e47263) bgeu    s0, t5, pc + 68
core   0: 3 0x8000b810 (0x05e47263)
core   0: 0x8000b814 (0x01758f33) add     t5, a1, s7
core   0: 3 0x8000b814 (0x01758f33) x30 0x80025866
core   0: 0x8000b818 (0x02925c33) divu    s8, tp, s1
core   0: 3 0x8000b818 (0x02925c33) x24 0x00000000
core   0: 0x8000b81c (0xd07fc793) xori    a5, t6, -761
core   0: 3 0x8000b81c (0xd07fc793) x15 0x7ffda33f
core   0: 0x8000b820 (0x016b9f13) slli    t5, s7, 22
core   0: 3 0x8000b820 (0x016b9f13) x30 0x7cc00000
core   0: 0x8000b824 (0x00ad7c63) bgeu    s10, a0, pc + 24
core   0: 3 0x8000b824 (0x00ad7c63)
core   0: 0x8000b83c (0x027060b3) rem     ra, zero, t2
core   0: 3 0x8000b83c (0x027060b3) x 1 0x00000000
core   0: 0x8000b840 (0x472ca793) slti    a5, s9, 1138
core   0: 3 0x8000b840 (0x472ca793) x15 0x00000001
core   0: 0x8000b844 (0x0220b733) mulhu   a4, ra, sp
core   0: 3 0x8000b844 (0x0220b733) x14 0x00000000
core   0: 0x8000b848 (0x01070863) beq     a4, a6, pc + 16
core   0: 3 0x8000b848 (0x01070863)
core   0: 0x8000b84c (0x00889e33) sll     t3, a7, s0
core   0: 3 0x8000b84c (0x00889e33) x28 0x00000400
core   0: 0x8000b850 (0x009ab8b3) sltu    a7, s5, s1
core   0: 3 0x8000b850 (0x009ab8b3) x17 0x00000001
core   0: 0x8000b854 (0x0258dab3) divu    s5, a7, t0
core   0: 3 0x8000b854 (0x0258dab3) x21 0xffffffff
core   0: 0x8000b858 (0xed978613) addi    a2, a5, -295
core   0: 3 0x8000b858 (0xed978613) x12 0xfffffeda
core   0: 0x8000b85c (0x7c617b13) andi    s6, sp, 1990
core   0: 3 0x8000b85c (0x7c617b13) x22 0x00000000
core   0: 0x8000b860 (0xccbbb393) sltiu   t2, s7, -821
core   0: 3 0x8000b860 (0xccbbb393) x 7 0x00000001
core   0: 0x8000b864 (0x024c65b3) rem     a1, s8, tp
core   0: 3 0x8000b864 (0x024c65b3) x11 0x00000000
core   0: 0x8000b868 (0x03c0f463) bgeu    ra, t3, pc + 40
core   0: 3 0x8000b868 (0x03c0f463)
core   0: 0x8000b86c (0x0055d1b3) srl     gp, a1, t0
core   0: 3 0x8000b86c (0x0055d1b3) x 3 0x00000000
core   0: 0x8000b870 (0x013de263) bltu    s11, s3, pc + 4
core   0: 3 0x8000b870 (0x013de263)
core   0: 0x8000b874 (0x01c26233) or      tp, tp, t3
core   0: 3 0x8000b874 (0x01c26233) x 4 0x00000400
core   0: 0x8000b878 (0x01d5ac33) slt     s8, a1, t4
core   0: 3 0x8000b878 (0x01d5ac33) x24 0x00000001
core   0: 0x8000b87c (0x00e1bb33) sltu    s6, gp, a4
core   0: 3 0x8000b87c (0x00e1bb33) x22 0x00000000
core   0: 0x8000b880 (0x00e923b3) slt     t2, s2, a4
core   0: 3 0x8000b880 (0x00e923b3) x 7 0x00000000
core   0: 0x8000b884 (0x14a6c593) xori    a1, a3, 330
core   0: 3 0x8000b884 (0x14a6c593) x11 0x10266f0e
core   0: 0x8000b888 (0x0023ae33) slt     t3, t2, sp
core   0: 3 0x8000b888 (0x0023ae33) x28 0x00000000
core   0: 0x8000b88c (0x01abea63) bltu    s7, s10, pc + 20
core   0: 3 0x8000b88c (0x01abea63)
core   0: 0x8000b890 (0xd524ba13) sltiu   s4, s1, -686
core   0: 3 0x8000b890 (0xd524ba13) x20 0x00000001
core   0: 0x8000b894 (0x03374733) div     a4, a4, s3
core   0: 3 0x8000b894 (0x03374733) x14 0xffffffff
core   0: 0x8000b898 (0x6ddeaa13) slti    s4, t4, 1757
core   0: 3 0x8000b898 (0x6ddeaa13) x20 0x00000000
core   0: 0x8000b89c (0x00fc6733) or      a4, s8, a5
core   0: 3 0x8000b89c (0x00fc6733) x14 0x00000001
core   0: 0x8000b8a0 (0x5b6bc193) xori    gp, s7, 1462
core   0: 3 0x8000b8a0 (0x5b6bc193) x 3 0xfffffc45
core   0: 0x8000b8a4 (0x03bcbeb3) mulhu   t4, s9, s11
core   0: 3 0x8000b8a4 (0x03bcbeb3) x29 0xfffff869
core   0: 0x8000b8a8 (0x02bdb6b3) mulhu   a3, s11, a1
core   0: 3 0x8000b8a8 (0x02bdb6b3) x13 0x10266f0d
core   0: 0x8000b8ac (0x019db233) sltu    tp, s11, s9
core   0: 3 0x8000b8ac (0x019db233) x 4 0x00000000
core   0: 0x8000b8b0 (0x034ef7b3) remu    a5, t4, s4
core   0: 3 0x8000b8b0 (0x034ef7b3) x15 0xfffff869
core   0: 0x8000b8b4 (0x03eac263) blt     s5, t5, pc + 36
core   0: 3 0x8000b8b4 (0x03eac263)
core   0: 0x8000b8d8 (0xf6f24293) xori    t0, tp, -145
core   0: 3 0x8000b8d8 (0xf6f24293) x 5 0xffffff6f
core   0: 0x8000b8dc (0x01a2ad33) slt     s10, t0, s10
core   0: 3 0x8000b8dc (0x01a2ad33) x26 0x00000001
core   0: 0x8000b8e0 (0x00c60933) add     s2, a2, a2
core   0: 3 0x8000b8e0 (0x00c60933) x18 0xfffffdb4
core   0: 0x8000b8e4 (0xb5e8a913) slti    s2, a7, -1186
core   0: 3 0x8000b8e4 (0xb5e8a913) x18 0x00000000
core   0: 0x8000b8e8 (0x039a1a63) bne     s4, s9, pc + 52
core   0: 3 0x8000b8e8 (0x039a1a63)
core   0: 0x8000b91c (0x0278d3b3) divu    t2, a7, t2
core   0: 3 0x8000b91c (0x0278d3b3) x 7 0xffffffff
core   0: 0x8000b920 (0x02337a63) bgeu    t1, gp, pc + 52
core   0: 3 0x8000b920 (0x02337a63)
core   0: 0x8000b924 (0x417bd7b3) sra     a5, s7, s7
core   0: 3 0x8000b924 (0x417bd7b3) x15 0xffffffff
core   0: 0x8000b928 (0x02bf6063) bltu    t5, a1, pc + 32
core   0: 3 0x8000b928 (0x02bf6063)
core   0: 0x8000b92c (0x005b9e13) slli    t3, s7, 5
core   0: 3 0x8000b92c (0x005b9e13) x28 0xffff3e60
core   0: 0x8000b930 (0x01094933) xor     s2, s2, a6
core   0: 3 0x8000b930 (0x01094933) x18 0x0004bce6
core   0: 0x8000b934 (0x00c37ab3) and     s5, t1, a2
core   0: 3 0x8000b934 (0x00c37ab3) x21 0x00000000
core   0: 0x8000b938 (0x00c41c63) bne     s0, a2, pc + 24
core   0: 3 0x8000b938 (0x00c41c63)
core   0: 0x8000b950 (0xfb307d93) andi    s11, zero, -77
core   0: 3 0x8000b950 (0xfb307d93) x27 0x00000000
core   0: 0x8000b954 (0x009f05b3) add     a1, t5, s1
core   0: 3 0x8000b954 (0x009f05b3) x11 0xfcc29ce4
core   0: 0x8000b958 (0x05a3f263) bgeu    t2, s10, pc + 68
core   0: 3 0x8000b958 (0x05a3f263)
core   0: 0x8000b99c (0x7f064337) lui     t1, 0x7f064
core   0: 3 0x8000b99c (0x7f064337) x 6 0x7f064000
core   0: 0x8000b9a0 (0x011e4c63) blt     t3, a7, pc + 24
core   0: 3 0x8000b9a0 (0x011e4c63)
core   0: 0x8000b9b8 (0x415cdd13) srai    s10, s9, 21
core   0: 3 0x8000b9b8 (0x415cdd13) x26 0xffffffff
core   0: 0x8000b9bc (0x02299bb3) mulh    s7, s3, sp
core   0: 3 0x8000b9bc (0x02299bb3) x23 0x00000000
core   0: 0x8000b9c0 (0x01825413) srli    s0, tp, 24
core   0: 3 0x8000b9c0 (0x01825413) x 8 0x00000000
core   0: 0x8000b9c4 (0x012e9b33) sll     s6, t4, s2
core   0: 3 0x8000b9c4 (0x012e9b33) x22 0xfffe1a40
core   0: 0x8000b9c8 (0x01b0fc63) bgeu    ra, s11, pc + 24
core   0: 3 0x8000b9c8 (0x01b0fc63)
core   0: 0x8000b9e0 (0x02ae2bb3) mulhsu  s7, t3, a0
core   0: 3 0x8000b9e0 (0x02ae2bb3) x23 0x00000000
core   0: 0x8000b9e4 (0x01bce333) or      t1, s9, s11
core   0: 3 0x8000b9e4 (0x01bce333) x 6 0xfffff86a
core   0: 0x8000b9e8 (0x0025ae33) slt     t3, a1, sp
core   0: 3 0x8000b9e8 (0x0025ae33) x28 0x00000000
core   0: 0x8000b9ec (0x415303b3) sub     t2, t1, s5
core   0: 3 0x8000b9ec (0x415303b3) x 7 0xfffff86a
core   0: 0x8000b9f0 (0xf3f8ba13) sltiu   s4, a7, -193
core   0: 3 0x8000b9f0 (0xf3f8ba13) x20 0x00000001
core   0: 0x8000b9f4 (0x02f8ea33) rem     s4, a7, a5
core   0: 3 0x8000b9f4 (0x02f8ea33) x20 0x00000000
core   0: 0x8000b9f8 (0x032848b3) div     a7, a6, s2
core   0: 3 0x8000b9f8 (0x032848b3) x17 0x00000001
core   0: 0x8000b9fc (0x00ea8c33) add     s8, s5, a4
core   0: 3 0x8000b9fc (0x00ea8c33) x24 0x00000001
core   0: 0x8000ba00 (0x00d69513) slli    a0, a3, 13
core   0: 3 0x8000ba00 (0x00d69513) x10 0xcde1a000
core   0: 0x8000ba04 (0x41cdd013) srai    zero, s11, 28
core   0: 3 0x8000ba04 (0x41cdd013)
core   0: 0x8000ba08 (0x009488b3) add     a7, s1, s1
core   0: 3 0x8000ba08 (0x009488b3) x17 0x000539c8
core   0: 0x8000ba0c (0x021ba3b3) mulhsu  t2, s7, ra
core   0: 3 0x8000ba0c (0x021ba3b3) x 7 0x00000000
core   0: 0x8000ba10 (0x02e929b3) mulhsu  s3, s2, a4
core   0: 3 0x8000ba10 (0x02e929b3) x19 0x00000000
core   0: 0x8000ba14 (0x031595b3) mulh    a1, a1, a7
core   0: 3 0x8000ba14 (0x031595b3) x11 0xffffef11
core   0: 0x8000ba18 (0x02266833) rem     a6, a2, sp
core   0: 3 0x8000ba18 (0x02266833) x16 0xfffffeda
core   0: 0x8000ba1c (0x01e1f663) bgeu    gp, t5, pc + 12
core   0: 3 0x8000ba1c (0x01e1f663)
core   0: 0x8000ba28 (0xa27bfd13) andi    s10, s7, -1497
core   0: 3 0x8000ba28 (0xa27bfd13) x26 0x00000000
core   0: 0x8000ba2c (0x4b662913) slti    s2, a2, 1206
core   0: 3 0x8000ba2c (0x4b662913) x18 0x00000001
core   0: 0x8000ba30 (0x008f3a33) sltu    s4, t5, s0
core   0: 3 0x8000ba30 (0x008f3a33) x20 0x00000000
core   0: 0x8000ba34 (0x82bd20b7) lui     ra, 0x82bd2
core   0: 3 0x8000ba34 (0x82bd20b7) x 1 0x82bd2000
core   0: 0x8000ba38 (0xbb707db7) lui     s11, 0xbb707
core   0: 3 0x8000ba38 (0xbb707db7) x27 0xbb707000
core   0: 0x8000ba3c (0xa6a76613) ori     a2, a4, -1430
core   0: 3 0x8000ba3c (0xa6a76613) x12 0xfffffa6b
core   0: 0x8000ba40 (0x03a08233) mul     tp, ra, s10
core   0: 3 0x8000ba40 (0x03a08233) x 4 0x00000000
core   0: 0x8000ba44 (0x01acc663) blt     s9, s10, pc + 12
core   0: 3 0x8000ba44 (0x01acc663)
core   0: 0x8000ba50 (0x40c9dc93) srai    s9, s3, 12
core   0: 3 0x8000ba50 (0x40c9dc93) x25 0x00000000
core   0: 0x8000ba54 (0x01a08233) add     tp, ra, s10
core   0: 3 0x8000ba54 (0x01a08233) x 4 0x82bd2000
core   0: 0x8000ba58 (0x03fb36b3) mulhu   a3, s6, t6
core   0: 3 0x8000ba58 (0x03fb36b3) x13 0x80016b53
core   0: 0x8000ba5c (0x02a3ab33) mulhsu  s6, t2, a0
core   0: 3 0x8000ba5c (0x02a3ab33) x22 0x00000000
core   0: 0x8000ba60 (0x01544cb3) xor     s9, s0, s5
core   0: 3 0x8000ba60 (0x01544cb3) x25 0x00000000
core   0: 0x8000ba64 (0x4040d033) sra     zero, ra, tp
core   0: 3 0x8000ba64 (0x4040d033)
core   0: 0x8000ba68 (0x00fc7c33) and     s8, s8, a5
core   0: 3 0x8000ba68 (0x00fc7c33) x24 0x00000001
core   0: 0x8000ba6c (0x00000013) nop
core   0: 3 0x8000ba6c (0x00000013)
core   0: 0x8000ba70 (0x03991a63) bne     s2, s9, pc + 52
core   0: 3 0x8000ba70 (0x03991a63)
core   0: 0x8000baa4 (0x003f8863) beq     t6, gp, pc + 16
core   0: 3 0x8000baa4 (0x003f8863)
core   0: 0x8000baa8 (0xfe430b13) addi    s6, t1, -28
core   0: 3 0x8000baa8 (0xfe430b13) x22 0xfffff84e
core   0: 0x8000baac (0x03d351b3) divu    gp, t1, t4
core   0: 3 0x8000baac (0x03d351b3) x 3 0x00000001
core   0: 0x8000bab0 (0x034d4733) div     a4, s10, s4
core   0: 3 0x8000bab0 (0x034d4733) x14 0xffffffff
core   0: 0x8000bab4 (0xcc2e7c13) andi    s8, t3, -830
core   0: 3 0x8000bab4 (0xcc2e7c13) x24 0x00000000
core   0: 0x8000bab8 (0xe4b5f893) andi    a7, a1, -437
core   0: 3 0x8000bab8 (0xe4b5f893) x17 0xffffee01
core   0: 0x8000babc (0x87117193) andi    gp, sp, -1935
core   0: 3 0x8000babc (0x87117193) x 3 0x80000000
core   0: 0x8000bac0 (0xf1a87e13) andi    t3, a6, -230
core   0: 3 0x8000bac0 (0xf1a87e13) x28 0xfffffe1a
core   0: 0x8000bac4 (0x4171dd93) srai    s11, gp, 23
core   0: 3 0x8000bac4 (0x4171dd93) x27 0xffffff00
core   0: 0x8000bac8 (0x03e75833) divu    a6, a4, t5
core   0: 3 0x8000bac8 (0x03e75833) x16 0x00000002
core   0: 0x8000bacc (0x40d95d13) srai    s10, s2, 13
core   0: 3 0x8000bacc (0x40d95d13) x26 0x00000000
core   0: 0x8000bad0 (0x3a0da913) slti    s2, s11, 928
core   0: 3 0x8000bad0 (0x3a0da913) x18 0x00000001
core   0: 0x8000bad4 (0x03f32733) mulhsu  a4, t1, t6
core   0: 3 0x8000bad4 (0x03f32733) x14 0xfffffc34
core   0: 0x8000bad8 (0x48a43093) sltiu   ra, s0, 1162
core   0: 3 0x8000bad8 (0x48a43093) x 1 0x00000001
core   0: 0x8000badc (0x029c2eb3) mulhsu  t4, s8, s1
core   0: 3 0x8000badc (0x029c2eb3) x29 0x00000000
core   0: 0x8000bae0 (0x034035b3) mulhu   a1, zero, s4
core   0: 3 0x8000bae0 (0x034035b3) x11 0x00000000
core   0: 0x8000bae4 (0x0534e263) bltu    s1, s3, pc + 68
core   0: 3 0x8000bae4 (0x0534e263)
core   0: 0x8000bae8 (0x00fc5993) srli    s3, s8, 15
core   0: 3 0x8000bae8 (0x00fc5993) x19 0x00000000
core   0: 0x8000baec (0xcd217c93) andi    s9, sp, -814
core   0: 3 0x8000baec (0xcd217c93) x25 0x80000000
core   0: 0x8000baf0 (0x01cc68b3) or      a7, s8, t3
core   0: 3 0x8000baf0 (0x01cc68b3) x17 0xfffffe1a
core   0: 0x8000baf4 (0x01a4c3b3) xor     t2, s1, s10
core   0: 3 0x8000baf4 (0x01a4c3b3) x 7 0x80029ce4
core   0: 0x8000baf8 (0x03f93eb3) mulhu   t4, s2, t6
core   0: 3 0x8000baf8 (0x03f93eb3) x29 0x00000000
core   0: 0x8000bafc (0x013bfeb3) and     t4, s7, s3
core   0: 3 0x8000bafc (0x013bfeb3) x29 0x00000000
core   0: 0x8000bb00 (0x74876c93) ori     s9, a4, 1864
core   0: 3 0x8000bb00 (0x74876c93) x25 0xffffff7c
core   0: 0x8000bb04 (0xd417a313) slti    t1, a5, -703
core   0: 3 0x8000bb04 (0xd417a313) x 6 0x00000000
core   0: 0x8000bb08 (0x00311b93) slli    s7, sp, 3
core   0: 3 0x8000bb08 (0x00311b93) x23 0x00000000
core   0: 0x8000bb0c (0x0396c7b3) div     a5, a3, s9
core   0: 3 0x8000bb0c (0x0396c7b3) x15 0x00f83b4e
core   0: 0x8000bb10 (0x5fb08193) addi    gp, ra, 1531
core   0: 3 0x8000bb10 (0x5fb08193) x 3 0x000005fc
core   0: 0x8000bb14 (0x03e907b3) mul     a5, s2, t5
core   0: 3 0x8000bb14 (0x03e907b3) x15 0x7cc00000
core   0: 0x8000bb18 (0x02915a33) divu    s4, sp, s1
core   0: 3 0x8000bb18 (0x02915a33) x20 0x00000000
core   0: 0x8000bb1c (0x01a66e13) ori     t3, a2, 26
core   0: 3 0x8000bb1c (0x01a66e13) x28 0xfffffa7b
core   0: 0x8000bb20 (0x00a25a33) srl     s4, tp, a0
core   0: 3 0x8000bb20 (0x00a25a33) x20 0x82bd2000
core   0: 0x8000bb24 (0x01226e33) or      t3, tp, s2
core   0: 3 0x8000bb24 (0x01226e33) x28 0x82bd2001
core   0: 0x8000bb28 (0x0581d463) bge     gp, s8, pc + 72
core   0: 3 0x8000bb28 (0x0581d463)
core   0: 0x8000bb70 (0x031137b3) mulhu   a5, sp, a7
core   0: 3 0x8000bb70 (0x031137b3) x15 0x7fffff0d
core   0: 0x8000bb74 (0x0325e7b3) rem     a5, a1, s2
core   0: 3 0x8000bb74 (0x0325e7b3) x15 0x00000000
core   0: 0x8000bb78 (0x0137d713) srli    a4, a5, 19
core   0: 3 0x8000bb78 (0x0137d713) x14 0x00000000
core   0: 0x8000bb7c (0x406dddb3) sra     s11, s11, t1
core   0: 3 0x8000bb7c (0x406dddb3) x27 0xffffff00
core   0: 0x8000bb80 (0x05977463) bgeu    a4, s9, pc + 72
core   0: 3 0x8000bb80 (0x05977463)
core   0: 0x8000bb84 (0x2c1e7d93) andi    s11, t3, 705
core   0: 3 0x8000bb84 (0x2c1e7d93) x27 0x00000001
core   0: 0x8000bb88 (0x9158c293) xori    t0, a7, -1771
core   0: 3 0x8000bb88 (0x9158c293) x 5 0x0000070f
core   0: 0x8000bb8c (0x00c5a1b3) slt     gp, a1, a2
core   0: 3 0x8000bb8c (0x00c5a1b3) x 3 0x00000000
core   0: 0x8000bb90 (0x00ce7333) and     t1, t3, a2
core   0: 3 0x8000bb90 (0x00ce7333) x 6 0x82bd2001
core   0: 0x8000bb94 (0x01873233) sltu    tp, a4, s8
core   0: 3 0x8000bb94 (0x01873233) x 4 0x00000000
core   0: 0x8000bb98 (0x03e0ca33) div     s4, ra, t5
core   0: 3 0x8000bb98 (0x03e0ca33) x20 0x00000000
core   0: 0x8000bb9c (0x41e1d193) srai    gp, gp, 30
core   0: 3 0x8000bb9c (0x41e1d193) x 3 0x00000000
core   0: 0x8000bba0 (0x02190bb3) mul     s7, s2, ra
core   0: 3 0x8000bba0 (0x02190bb3) x23 0x00000001
core   0: 0x8000bba4 (0x66a5c713) xori    a4, a1, 1642
core   0: 3 0x8000bba4 (0x66a5c713) x14 0x0000066a
core   0: 0x8000bba8 (0x01d2d0b3) srl     ra, t0, t4
core   0: 3 0x8000bba8 (0x01d2d0b3) x 1 0x0000070f
core   0: 0x8000bbac (0x021a8db3) mul     s11, s5, ra
core   0: 3 0x8000bbac (0x021a8db3) x27 0x00000000
core   0: 0x8000bbb0 (0x004dbb33) sltu    s6, s11, tp
core   0: 3 0x8000bbb0 (0x004dbb33) x22 0x00000000
core   0: 0x8000bbb4 (0x017e6d33) or      s10, t3, s7
core   0: 3 0x8000bbb4 (0x017e6d33) x26 0x82bd2001
core   0: 0x8000bbb8 (0x016b6db3) or      s11, s6, s6
core   0: 3 0x8000bbb8 (0x016b6db3) x27 0x00000000
core   0: 0x8000bbbc (0x0070d533) srl     a0, ra, t2
core   0: 3 0x8000bbbc (0x0070d533) x10 0x00000070
core   0: 0x8000bbc0 (0x02269db3) mulh    s11, a3, sp
core   0: 3 0x8000bbc0 (0x02269db3) x27 0x3fff4a56
core   0: 0x8000bbc4 (0x00908a63) beq     ra, s1, pc + 20
core   0: 3 0x8000bbc4 (0x00908a63)
core   0: 0x8000bbc8 (0x010eecb3) or      s9, t4, a6
core   0: 3 0x8000bbc8 (0x010eecb3) x25 0x00000002
core   0: 0x8000bbcc (0x02fa4b33) div     s6, s4, a5
core   0: 3 0x8000bbcc (0x02fa4b33) x22 0xffffffff
core   0: 0x8000bbd0 (0x025ff6b3) remu    a3, t6, t0
core   0: 3 0x8000bbd0 (0x025ff6b3) x13 0x000004f6
core   0: 0x8000bbd4 (0x01d5cc63) blt     a1, t4, pc + 24
core   0: 3 0x8000bbd4 (0x01d5cc63)
core   0: 0x8000bbd8 (0x020b4633) div     a2, s6, zero
core   0: 3 0x8000bbd8 (0x020b4633) x12 0xffffffff
core   0: 0x8000bbdc (0xece68313) addi    t1, a3, -306
core   0: 3 0x8000bbdc (0xece68313) x 6 0x000003c4
core   0: 0x8000bbe0 (0x030b4db3) div     s11, s6, a6
core   0: 3 0x8000bbe0 (0x030b4db3) x27 0x00000000
core   0: 0x8000bbe4 (0x03044663) blt     s0, a6, pc + 44
core   0: 3 0x8000bbe4 (0x03044663)
core   0: 0x8000bc10 (0x005bcdb3) xor     s11, s7, t0
core   0: 3 0x8000bc10 (0x005bcdb3) x27 0x0000070e
core   0: 0x8000bc14 (0x012e7e63) bgeu    t3, s2, pc + 28
core   0: 3 0x8000bc14 (0x012e7e63)
core   0: 0x8000bc30 (0x03e52ab3) mulhsu  s5, a0, t5
core   0: 3 0x8000bc30 (0x03e52ab3) x21 0x00000036
core   0: 0x8000bc34 (0x03e6ca63) blt     a3, t5, pc + 52
core   0: 3 0x8000bc34 (0x03e6ca63)
core   0: 0x8000bc68 (0x034ef533) remu    a0, t4, s4
core   0: 3 0x8000bc68 (0x034ef533) x10 0x00000000
core   0: 0x8000bc6c (0x41178eb3) sub     t4, a5, a7
core   0: 3 0x8000bc6c (0x41178eb3) x29 0x000001e6
core   0: 0x8000bc70 (0x00385793) srli    a5, a6, 3
core   0: 3 0x8000bc70 (0x00385793) x15 0x00000000
core   0: 0x8000bc74 (0x01bed6b3) srl     a3, t4, s11
core   0: 3 0x8000bc74 (0x01bed6b3) x13 0x00000000
core   0: 0x8000bc78 (0x40535513) srai    a0, t1, 5
core   0: 3 0x8000bc78 (0x40535513) x10 0x0000001e
core   0: 0x8000bc7c (0x02c55463) bge     a0, a2, pc + 40
core   0: 3 0x8000bc7c (0x02c55463)
core   0: 0x8000bca4 (0x40eed313) srai    t1, t4, 14
core   0: 3 0x8000bca4 (0x40eed313) x 6 0x00000000
core   0: 0x8000bca8 (0x02899e33) mulh    t3, s3, s0
core   0: 3 0x8000bca8 (0x02899e33) x28 0x00000000
core   0: 0x8000bcac (0x03909233) mulh    tp, ra, s9
core   0: 3 0x8000bcac (0x03909233) x 4 0x00000000
core   0: 0x8000bcb0 (0x00738033) add     zero, t2, t2
core   0: 3 0x8000bcb0 (0x00738033)
core   0: 0x8000bcb4 (0x41298833) sub     a6, s3, s2
core   0: 3 0x8000bcb4 (0x41298833) x16 0xffffffff
core   0: 0x8000bcb8 (0x0261ba33) mulhu   s4, gp, t1
core   0: 3 0x8000bcb8 (0x0261ba33) x20 0x00000000
core   0: 0x8000bcbc (0x013ae263) bltu    s5, s3, pc + 4
core   0: 3 0x8000bcbc (0x013ae263)
core   0: 0x8000bcc0 (0x010bd663) bge     s7, a6, pc + 12
core   0: 3 0x8000bcc0 (0x010bd663)
core   0: 0x8000bccc (0x038098b3) mulh    a7, ra, s8
core   0: 3 0x8000bccc (0x038098b3) x17 0x00000000
core   0: 0x8000bcd0 (0x036a2d33) mulhsu  s10, s4, s6
core   0: 3 0x8000bcd0 (0x036a2d33) x26 0x00000000
core   0: 0x8000bcd4 (0x01fad193) srli    gp, s5, 31
core   0: 3 0x8000bcd4 (0x01fad193) x 3 0x00000000
core   0: 0x8000bcd8 (0x00404a33) xor     s4, zero, tp
core   0: 3 0x8000bcd8 (0x00404a33) x20 0x00000000
core   0: 0x8000bcdc (0x02f9fbb3) remu    s7, s3, a5
core   0: 3 0x8000bcdc (0x02f9fbb3) x23 0x00000000
core   0: 0x8000bce0 (0x0a99b917) auipc   s2, 0xa99b
core   0: 3 0x8000bce0 (0x0a99b917) x18 0x8a9a6ce0
core   0: 0x8000bce4 (0x036e41b3) div     gp, t3, s6
core   0: 3 0x8000bce4 (0x036e41b3) x 3 0x00000000
core   0: 0x8000bce8 (0x003b42b3) xor     t0, s6, gp
core   0: 3 0x8000bce8 (0x003b42b3) x 5 0xffffffff
core   0: 0x8000bcec (0x65e48313) addi    t1, s1, 1630
core   0: 3 0x8000bcec (0x65e48313) x 6 0x8002a342
core   0: 0x8000bcf0 (0x41590e33) sub     t3, s2, s5
core   0: 3 0x8000bcf0 (0x41590e33) x28 0x8a9a6caa
core   0: 0x8000bcf4 (0x4066db93) srai    s7, a3, 6
core   0: 3 0x8000bcf4 (0x4066db93) x23 0x00000000
core   0: 0x8000bcf8 (0x5531fb93) andi    s7, gp, 1363
core   0: 3 0x8000bcf8 (0x5531fb93) x23 0x00000000
core   0: 0x8000bcfc (0x41f4d693) srai    a3, s1, 31
core   0: 3 0x8000bcfc (0x41f4d693) x13 0xffffffff
core   0: 0x8000bd00 (0x00b51db3) sll     s11, a0, a1
core   0: 3 0x8000bd00 (0x00b51db3) x27 0x0000001e
core   0: 0x8000bd04 (0x02c928b3) mulhsu  a7, s2, a2
core   0: 3 0x8000bd04 (0x02c928b3) x17 0x8a9a6ce0
core   0: 0x8000bd08 (0x80208c13) addi    s8, ra, -2046
core   0: 3 0x8000bd08 (0x80208c13) x24 0xffffff11
core   0: 0x8000bd0c (0x9cdca293) slti    t0, s9, -1587
core   0: 3 0x8000bd0c (0x9cdca293) x 5 0x00000000
core   0: 0x8000bd10 (0x0e6f7d13) andi    s10, t5, 230
core   0: 3 0x8000bd10 (0x0e6f7d13) x26 0x00000000
core   0: 0x8000bd14 (0x3421b393) sltiu   t2, gp, 834
core   0: 3 0x8000bd14 (0x3421b393) x 7 0x00000001
core   0: 0x8000bd18 (0x00a80433) add     s0, a6, a0
core   0: 3 0x8000bd18 (0x00a80433) x 8 0x0000001d
core   0: 0x8000bd1c (0x027b6a63) bltu    s6, t2, pc + 52
core   0: 3 0x8000bd1c (0x027b6a63)
core   0: 0x8000bd20 (0x003c1513) slli    a0, s8, 3
core   0: 3 0x8000bd20 (0x003c1513) x10 0xfffff888
core   0: 0x8000bd24 (0x03fd6063) bltu    s10, t6, pc + 32
core   0: 3 0x8000bd24 (0x03fd6063)
core   0: 0x8000bd44 (0x00c19a63) bne     gp, a2, pc + 20
core   0: 3 0x8000bd44 (0x00c19a63)
core   0: 0x8000bd58 (0x03f1aab3) mulhsu  s5, gp, t6
core   0: 3 0x8000bd58 (0x03f1aab3) x21 0x00000000
core   0: 0x8000bd5c (0x03142a33) mulhsu  s4, s0, a7
core   0: 3 0x8000bd5c (0x03142a33) x20 0x0000000f
core   0: 0x8000bd60 (0xd87ba293) slti    t0, s7, -633
core   0: 3 0x8000bd60 (0xd87ba293) x 5 0x00000000
core   0: 0x8000bd64 (0xba1caf13) slti    t5, s9, -1119
core   0: 3 0x8000bd64 (0xba1caf13) x30 0x00000000
core   0: 0x8000bd68 (0x01875833) srl     a6, a4, s8
core   0: 3 0x8000bd68 (0x01875833) x16 0x00000000
core   0: 0x8000bd6c (0x01771d93) slli    s11, a4, 23
core   0: 3 0x8000bd6c (0x01771d93) x27 0x35000000
core   0: 0x8000bd70 (0x003a6db3) or      s11, s4, gp
core   0: 3 0x8000bd70 (0x003a6db3) x27 0x0000000f
core   0: 0x8000bd74 (0x9733b693) sltiu   a3, t2, -1677
core   0: 3 0x8000bd74 (0x9733b693) x13 0x00000001
core   0: 0x8000bd78 (0x03e06463) bltu    zero, t5, pc + 40
core   0: 3 0x8000bd78 (0x03e06463)
core   0: 0x8000bd7c (0x120d3b93) sltiu   s7, s10, 288
core   0: 3 0x8000bd7c (0x120d3b93) x23 0x00000001
core   0: 0x8000bd80 (0x00abda93) srli    s5, s7, 10
core   0: 3 0x8000bd80 (0x00abda93) x21 0x00000000
core   0: 0x8000bd84 (0x00367263) bgeu    a2, gp, pc + 4
core   0: 3 0x8000bd84 (0x00367263)
core   0: 0x8000bd88 (0x012d8c33) add     s8, s11, s2
core   0: 3 0x8000bd88 (0x012d8c33) x24 0x8a9a6cef
core   0: 0x8000bd8c (0x02184ab3) div     s5, a6, ra
core   0: 3 0x8000bd8c (0x02184ab3) x21 0x00000000
core   0: 0x8000bd90 (0xde16fc93) andi    s9, a3, -543
core   0: 3 0x8000bd90 (0xde16fc93) x25 0x00000001
core   0: 0x8000bd94 (0x031a0a33) mul     s4, s4, a7
core   0: 3 0x8000bd94 (0x031a0a33) x20 0x1f0c6120
core   0: 0x8000bd98 (0x036c17b3) mulh    a5, s8, s6
core   0: 3 0x8000bd98 (0x036c17b3) x15 0x00000000
core   0: 0x8000bd9c (0xcda04293) xori    t0, zero, -806
core   0: 3 0x8000bd9c (0xcda04293) x 5 0xfffffcda
core   0: 0x8000bda0 (0x01bedbb3) srl     s7, t4, s11
core   0: 3 0x8000bda0 (0x01bedbb3) x23 0x00000000
core   0: 0x8000bda4 (0x40a25733) sra     a4, tp, a0
core   0: 3 0x8000bda4 (0x40a25733) x14 0x00000000
core   0: 0x8000bda8 (0x0192d733) srl     a4, t0, s9
core   0: 3 0x8000bda8 (0x0192d733) x14 0x7ffffe6d
core   0: 0x8000bdac (0x02255a63) bge     a0, sp, pc + 52
core   0: 3 0x8000bdac (0x02255a63)
core   0: 0x8000bde0 (0x02bd3333) mulhu   t1, s10, a1
core   0: 3 0x8000bde0 (0x02bd3333) x 6 0x00000000
core   0: 0x8000bde4 (0x002417b3) sll     a5, s0, sp
core   0: 3 0x8000bde4 (0x002417b3) x15 0x0000001d
core   0: 0x8000bde8 (0x22930d13) addi    s10, t1, 553
core   0: 3 0x8000bde8 (0x22930d13) x26 0x00000229
core   0: 0x8000bdec (0x01898c33) add     s8, s3, s8
core   0: 3 0x8000bdec (0x01898c33) x24 0x8a9a6cef
core   0: 0x8000bdf0 (0x013dec63) bltu    s11, s3, pc + 24
core   0: 3 0x8000bdf0 (0x013dec63)
core   0: 0x8000bdf4 (0xb896a313) slti    t1, a3, -1143
core   0: 3 0x8000bdf4 (0xb896a313) x 6 0x00000000
core   0: 0x8000bdf8 (0x9eec2a13) slti    s4, s8, -1554
core   0: 3 0x8000bdf8 (0x9eec2a13) x20 0x00000001
core   0: 0x8000bdfc (0x006c12b3) sll     t0, s8, t1
core   0: 3 0x8000bdfc (0x006c12b3) x 5 0x8a9a6cef
core   0: 0x8000be00 (0x00000013) nop
core   0: 3 0x8000be00 (0x00000013)
core   0: 0x8000be04 (0x02bf0ab3) mul     s5, t5, a1
core   0: 3 0x8000be04 (0x02bf0ab3) x21 0x00000000
core   0: 0x8000be08 (0x40355533) sra     a0, a0, gp
core   0: 3 0x8000be08 (0x40355533) x10 0xfffff888
core   0: 0x8000be0c (0x033f7033) remu    zero, t5, s3
core   0: 3 0x8000be0c (0x033f7033)
core   0: 0x8000be10 (0x02eb13b3) mulh    t2, s6, a4
core   0: 3 0x8000be10 (0x02eb13b3) x 7 0xffffffff
core   0: 0x8000be14 (0x9b3c8997) auipc   s3, 0x9b3c8
core   0: 3 0x8000be14 (0x9b3c8997) x19 0x1b3d3e14
core   0: 0x8000be18 (0x01fb4833) xor     a6, s6, t6
core   0: 3 0x8000be18 (0x01fb4833) x16 0x7ffda1c7
core   0: 0x8000be1c (0x00000013) nop
core   0: 3 0x8000be1c (0x00000013)
core   0: 0x8000be20 (0x5813ad93) slti    s11, t2, 1409
core   0: 3 0x8000be20 (0x5813ad93) x27 0x00000001
core   0: 0x8000be24 (0x92c02613) slti    a2, zero, -1748
core   0: 3 0x8000be24 (0x92c02613) x12 0x00000000
core   0: 0x8000be28 (0xba3bf393) andi    t2, s7, -1117
core   0: 3 0x8000be28 (0xba3bf393) x 7 0x00000000
core   0: 0x8000be2c (0x0eacc917) auipc   s2, 0xeacc
core   0: 3 0x8000be2c (0x0eacc917) x18 0x8ead7e2c
core   0: 0x8000be30 (0x00eb1413) slli    s0, s6, 14
core   0: 3 0x8000be30 (0x00eb1413) x 8 0xffffc000
core   0: 0x8000be34 (0x035d58b3) divu    a7, s10, s5
core   0: 3 0x8000be34 (0x035d58b3) x17 0xffffffff
core   0: 0x8000be38 (0x914e8193) addi    gp, t4, -1772
core   0: 3 0x8000be38 (0x914e8193) x 3 0xfffffafa
core   0: 0x8000be3c (0xd2793437) lui     s0, 0xd2793
core   0: 3 0x8000be3c (0xd2793437) x 8 0xd2793000
core   0: 0x8000be40 (0x03c67633) remu    a2, a2, t3
core   0: 3 0x8000be40 (0x03c67633) x12 0x00000000
core   0: 0x8000be44 (0x0a7e5463) bge     t3, t2, pc + 168
core   0: 3 0x8000be44 (0x0a7e5463)
core   0: 0x8000be48 (0x0011beb3) sltu    t4, gp, ra
core   0: 3 0x8000be48 (0x0011beb3) x29 0x00000000
core   0: 0x8000be4c (0x084cf663) bgeu    s9, tp, pc + 140
core   0: 3 0x8000be4c (0x084cf663)
core   0: 0x8000bed8 (0x6ddc8193) addi    gp, s9, 1757
core   0: 3 0x8000bed8 (0x6ddc8193) x 3 0x000006de
core   0: 0x8000bedc (0x005661b3) or      gp, a2, t0
core   0: 3 0x8000bedc (0x005661b3) x 3 0x8a9a6cef
core   0: 0x8000bee0 (0x008e0d33) add     s10, t3, s0
core   0: 3 0x8000bee0 (0x008e0d33) x26 0x5d139caa
core   0: 0x8000bee4 (0x0008f733) and     a4, a7, zero
core   0: 3 0x8000bee4 (0x0008f733) x14 0x00000000
core   0: 0x8000bee8 (0xefacc793) xori    a5, s9, -262
core   0: 3 0x8000bee8 (0xefacc793) x15 0xfffffefb
core   0: 0x8000beec (0x66cef393) andi    t2, t4, 1644
core   0: 3 0x8000beec (0x66cef393) x 7 0x00000000
core   0: 0x8000bef0 (0x0248a433) mulhsu  s0, a7, tp
core   0: 3 0x8000bef0 (0x0248a433) x 8 0x00000000
core   0: 0x8000bef4 (0x030b01b3) mul     gp, s6, a6
core   0: 3 0x8000bef4 (0x030b01b3) x 3 0x80025e39
core   0: 0x8000bef8 (0x0201d663) bgez    gp, pc + 44
core   0: 3 0x8000bef8 (0x0201d663)
core   0: 0x8000befc (0x43b72693) slti    a3, a4, 1083
core   0: 3 0x8000befc (0x43b72693) x13 0x00000001
core   0: 0x8000bf00 (0x01dbec63) bltu    s7, t4, pc + 24
core   0: 3 0x8000bf00 (0x01dbec63)
core   0: 0x8000bf04 (0x02c9c0b3) div     ra, s3, a2
core   0: 3 0x8000bf04 (0x02c9c0b3) x 1 0xffffffff
core   0: 0x8000bf08 (0x030cf533) remu    a0, s9, a6
core   0: 3 0x8000bf08 (0x030cf533) x10 0x00000001
core   0: 0x8000bf0c (0x020c4233) div     tp, s8, zero
core   0: 3 0x8000bf0c (0x020c4233) x 4 0xffffffff
core   0: 0x8000bf10 (0x00332cb3) slt     s9, t1, gp
core   0: 3 0x8000bf10 (0x00332cb3) x25 0x00000000
core   0: 0x8000bf14 (0x40f58ab3) sub     s5, a1, a5
core   0: 3 0x8000bf14 (0x40f58ab3) x21 0x00000105
core   0: 0x8000bf18 (0x020bf9b3) remu    s3, s7, zero
core   0: 3 0x8000bf18 (0x020bf9b3) x19 0x00000000
core   0: 0x8000bf1c (0x017d0b33) add     s6, s10, s7
core   0: 3 0x8000bf1c (0x017d0b33) x22 0x5d139caa
core   0: 0x8000bf20 (0x0381e733) rem     a4, gp, s8
core   0: 3 0x8000bf20 (0x0381e733) x14 0xf567f14a
core   0: 0x8000bf24 (0x036ab333) mulhu   t1, s5, s6
core   0: 3 0x8000bf24 (0x036ab333) x 6 0x0000005e
core   0: 0x8000bf28 (0x03076a33) rem     s4, a4, a6
core   0: 3 0x8000bf28 (0x03076a33) x20 0xf567f14a
core   0: 0x8000bf2c (0x4dde4713) xori    a4, t3, 1245
core   0: 3 0x8000bf2c (0x4dde4713) x14 0x8a9a6877
core   0: 0x8000bf30 (0x010a3433) sltu    s0, s4, a6
core   0: 3 0x8000bf30 (0x010a3433) x 8 0x00000000
core   0: 0x8000bf34 (0x035beeb3) rem     t4, s7, s5
core   0: 3 0x8000bf34 (0x035beeb3) x29 0x00000000
core   0: 0x8000bf38 (0x32b09417) auipc   s0, 0x32b09
core   0: 3 0x8000bf38 (0x32b09417) x 8 0xb2b14f38
core   0: 0x8000bf3c (0x022d8233) mul     tp, s11, sp
core   0: 3 0x8000bf3c (0x022d8233) x 4 0x80000000
core   0: 0x8000bf40 (0x010b4e63) blt     s6, a6, pc + 28
core   0: 3 0x8000bf40 (0x010b4e63)
core   0: 0x8000bf5c (0x022f1f33) mulh    t5, t5, sp
core   0: 3 0x8000bf5c (0x022f1f33) x30 0x00000000
core   0: 0x8000bf60 (0x024f7d33) remu    s10, t5, tp
core   0: 3 0x8000bf60 (0x024f7d33) x26 0x00000000
core   0: 0x8000bf64 (0x03e54333) div     t1, a0, t5
core   0: 3 0x8000bf64 (0x03e54333) x 6 0xffffffff
core   0: 0x8000bf68 (0x00000013) nop
core   0: 3 0x8000bf68 (0x00000013)
core   0: 0x8000bf6c (0x6e2a3893) sltiu   a7, s4, 1762
core   0: 3 0x8000bf6c (0x6e2a3893) x17 0x00000000
core   0: 0x8000bf70 (0x004fa083) lw      ra, 4(t6)
core   0: 3 0x8000bf70 (0x004fa083) x 1 0x80006f50 mem 0x80025e3c
core   0: 0x8000bf74 (0x00cf1333) sll     t1, t5, a2
core   0: 3 0x8000bf74 (0x00cf1333) x 6 0x00000000
core   0: 0x8000bf78 (0x00cf8f93) addi    t6, t6, 12
core   0: 3 0x8000bf78 (0x00cf8f93) x31 0x80025e44
core   0: 0x8000bf7c (0x03091db3) mulh    s11, s2, a6
core   0: 3 0x8000bf7c (0x03091db3) x27 0xc757cb70
core   0: 0x8000bf80 (0x00108e13) addi    t3, ra, 1
core   0: 3 0x8000bf80 (0x00108e13) x28 0x80006f51
core   0: 0x8000bf84 (0x000e0e67) jalr    t3, t3, 0
core   0: 3 0x8000bf84 (0x000e0e67) x28 0x8000bf88
core   0: 0x80006f50 (0x01c5a233) slt     tp, a1, t3
core   0: 3 0x80006f50 (0x01c5a233) x 4 0x00000000
core   0: 0x80006f54 (0x5af9e893) ori     a7, s3, 1455
core   0: 3 0x80006f54 (0x5af9e893) x17 0x000005af
core   0: 0x80006f58 (0xe38b6793) ori     a5, s6, -456
core   0: 3 0x80006f58 (0xe38b6793) x15 0xfffffeba
core   0: 0x80006f5c (0x40a40bb3) sub     s7, s0, a0
core   0: 3 0x80006f5c (0x40a40bb3) x23 0xb2b14f37
core   0: 0x80006f60 (0x40e15a13) srai    s4, sp, 14
core   0: 3 0x80006f60 (0x40e15a13) x20 0xfffe0000
core   0: 0x80006f64 (0x41a4d433) sra     s0, s1, s10
core   0: 3 0x80006f64 (0x41a4d433) x 8 0x80029ce4
core   0: 0x80006f68 (0xe9e9a613) slti    a2, s3, -354
core   0: 3 0x80006f68 (0xe9e9a613) x12 0x00000000
core   0: 0x80006f6c (0x01c050ef) jal     pc + 0x501c
core   0: 3 0x80006f6c (0x01c050ef) x 1 0x80006f70
core   0: 0x8000bf88 (0x00006863) bltu    zero, zero, pc + 16
core   0: 3 0x8000bf88 (0x00006863)
core   0: 0x8000bf8c (0x3909ff13) andi    t5, s3, 912
core   0: 3 0x8000bf8c (0x3909ff13) x30 0x00000000
core   0: 0x8000bf90 (0x02d11433) mulh    s0, sp, a3
core   0: 3 0x8000bf90 (0x02d11433) x 8 0xffffffff
core   0: 0x8000bf94 (0x00c75593) srli    a1, a4, 12
core   0: 3 0x8000bf94 (0x00c75593) x11 0x0008a9a6
core   0: 0x8000bf98 (0xfe0f8f93) addi    t6, t6, -32
core   0: 3 0x8000bf98 (0xfe0f8f93) x31 0x80025e24
core   0: 0x8000bf9c (0x00e5db13) srli    s6, a1, 14
core   0: 3 0x8000bf9c (0x00e5db13) x22 0x00000022
core   0: 0x8000bfa0 (0x0356bcb3) mulhu   s9, a3, s5
core   0: 3 0x8000bfa0 (0x0356bcb3) x25 0x00000000
core   0: 0x8000bfa4 (0xb9892293) slti    t0, s2, -1128
core   0: 3 0x8000bfa4 (0xb9892293) x 5 0x00000001
core   0: 0x8000bfa8 (0x00ce1b33) sll     s6, t3, a2
core   0: 3 0x8000bfa8 (0x00ce1b33) x22 0x8000bf88
core   0: 0x8000bfac (0x006d5733) srl     a4, s10, t1
core   0: 3 0x8000bfac (0x006d5733) x14 0x00000000
core   0: 0x8000bfb0 (0x001fa223) sw      ra, 4(t6)
core   0: 3 0x8000bfb0 (0x001fa223) mem 0x80025e28 0x80006f70
core   0: 0x8000bfb4 (0x54057793) andi    a5, a0, 1344
core   0: 3 0x8000bfb4 (0x54057793) x15 0x00000000
core   0: 0x8000bfb8 (0x9b1c3393) sltiu   t2, s8, -1615
core   0: 3 0x8000bfb8 (0x9b1c3393) x 7 0x00000001
core   0: 0x8000bfbc (0x41535d33) sra     s10, t1, s5
core   0: 3 0x8000bfbc (0x41535d33) x26 0x00000000
core   0: 0x8000bfc0 (0x0f4e2f13) slti    t5, t3, 244
core   0: 3 0x8000bfc0 (0x0f4e2f13) x30 0x00000001
core   0: 0x8000bfc4 (0x024f98b3) mulh    a7, t6, tp
core   0: 3 0x8000bfc4 (0x024f98b3) x17 0x00000000
core   0: 0x8000bfc8 (0xb1d6e293) ori     t0, a3, -1251
core   0: 3 0x8000bfc8 (0xb1d6e293) x 5 0xfffffb1d
core   0: 0x8000bfcc (0x028bb533) mulhu   a0, s7, s0
core   0: 3 0x8000bfcc (0x028bb533) x10 0xb2b14f36
core   0: 0x8000bfd0 (0x01860cb3) add     s9, a2, s8
core   0: 3 0x8000bfd0 (0x01860cb3) x25 0x8a9a6cef
core   0: 0x8000bfd4 (0x03d86863) bltu    a6, t4, pc + 48
core   0: 3 0x8000bfd4 (0x03d86863)
core   0: 0x8000bfd8 (0x40415a13) srai    s4, sp, 4
core   0: 3 0x8000bfd8 (0x40415a13) x20 0xf8000000
core   0: 0x8000bfdc (0x01a61233) sll     tp, a2, s10
core   0: 3 0x8000bfdc (0x01a61233) x 4 0x00000000
core   0: 0x8000bfe0 (0x00ca2733) slt     a4, s4, a2
core   0: 3 0x8000bfe0 (0x00ca2733) x14 0x00000001
core   0: 0x8000bfe4 (0xdeb0f913) andi    s2, ra, -533
core   0: 3 0x8000bfe4 (0xdeb0f913) x18 0x80006d60
core   0: 0x8000bfe8 (0x03bd4263) blt     s10, s11, pc + 36
core   0: 3 0x8000bfe8 (0x03bd4263)
core   0: 0x8000bfec (0x2dc7a217) auipc   tp, 0x2dc7a
core   0: 3 0x8000bfec (0x2dc7a217) x 4 0xadc85fec
core   0: 0x8000bff0 (0x039a60b3) rem     ra, s4, s9
core   0: 3 0x8000bff0 (0x039a60b3) x 1 0xf8000000
core   0: 0x8000bff4 (0x01a5f0b3) and     ra, a1, s10
core   0: 3 0x8000bff4 (0x01a5f0b3) x 1 0x00000000
core   0: 0x8000bff8 (0x01771db3) sll     s11, a4, s7
core   0: 3 0x8000bff8 (0x01771db3) x27 0x00800000
core   0: 0x8000bffc (0x01a2c533) xor     a0, t0, s10
core   0: 3 0x8000bffc (0x01a2c533) x10 0xfffffb1d
core   0: 0x8000c000 (0x00000013) nop
core   0: 3 0x8000c000 (0x00000013)
core   0: 0x8000c004 (0x02653233) mulhu   tp, a0, t1
core   0: 3 0x8000c004 (0x02653233) x 4 0x00000000
core   0: 0x8000c008 (0x032f4f33) div     t5, t5, s2
core   0: 3 0x8000c008 (0x032f4f33) x30 0x00000000
core   0: 0x8000c00c (0xfaca4993) xori    s3, s4, -84
core   0: 3 0x8000c00c (0xfaca4993) x19 0x07ffffac
core   0: 0x8000c010 (0x01f020b3) slt     ra, zero, t6
core   0: 3 0x8000c010 (0x01f020b3) x 1 0x00000000
core   0: 0x8000c014 (0x03fa9633) mulh    a2, s5, t6
core   0: 3 0x8000c014 (0x03fa9633) x12 0xffffff7d
core   0: 0x8000c018 (0x0052d233) srl     tp, t0, t0
core   0: 3 0x8000c018 (0x0052d233) x 4 0x00000007
core   0: 0x8000c01c (0x9e9b8d93) addi    s11, s7, -1559
core   0: 3 0x8000c01c (0x9e9b8d93) x27 0xb2b14920
core   0: 0x8000c020 (0x0279adb3) mulhsu  s11, s3, t2
core   0: 3 0x8000c020 (0x0279adb3) x27 0x00000000
core   0: 0x8000c024 (0x632ebc93) sltiu   s9, t4, 1586
core   0: 3 0x8000c024 (0x632ebc93) x25 0x00000001
core   0: 0x8000c028 (0x01769e93) slli    t4, a3, 23
core   0: 3 0x8000c028 (0x01769e93) x29 0x00800000
core   0: 0x8000c02c (0x01979313) slli    t1, a5, 25
core   0: 3 0x8000c02c (0x01979313) x 6 0x00000000
core   0: 0x8000c030 (0x02a8e7b3) rem     a5, a7, a0
core   0: 3 0x8000c030 (0x02a8e7b3) x15 0x00000000
core   0: 0x8000c034 (0x01f4a833) slt     a6, s1, t6
core   0: 3 0x8000c034 (0x01f4a833) x16 0x00000000
core   0: 0x8000c038 (0x03d5d333) divu    t1, a1, t4
core   0: 3 0x8000c038 (0x03d5d333) x 6 0x00000000
core   0: 0x8000c03c (0x013178b3) and     a7, sp, s3
core   0: 3 0x8000c03c (0x013178b3) x17 0x00000000
core   0: 0x8000c040 (0x0053d213) srli    tp, t2, 5
core   0: 3 0x8000c040 (0x0053d213) x 4 0x00000000
core   0: 0x8000c044 (0x004fa083) lw      ra, 4(t6)
core   0: 3 0x8000c044 (0x004fa083) x 1 0x80006f70 mem 0x80025e28
core   0: 0x8000c048 (0x03c9ee33) rem     t3, s3, t3
core   0: 3 0x8000c048 (0x03c9ee33) x28 0x07ffffac
core   0: 0x8000c04c (0x020f8f93) addi    t6, t6, 32
core   0: 3 0x8000c04c (0x020f8f93) x31 0x80025e44
core   0: 0x8000c050 (0x1ec84b13) xori    s6, a6, 492
core   0: 3 0x8000c050 (0x1ec84b13) x22 0x000001ec
core   0: 0x8000c054 (0xbfd23b13) sltiu   s6, tp, -1027
core   0: 3 0x8000c054 (0xbfd23b13) x22 0x00000001
core   0: 0x8000c058 (0x00008093) mv      ra, ra
core   0: 3 0x8000c058 (0x00008093) x 1 0x80006f70
core   0: 0x8000c05c (0x000080e7) jalr    ra
core   0: 3 0x8000c05c (0x000080e7) x 1 0x8000c060
core   0: 0x80006f70 (0x05c000ef) jal     pc + 0x5c
core   0: 3 0x80006f70 (0x05c000ef) x 1 0x80006f74
core   0: 0x80006fcc (0xff9ffb6f) jal     s6, pc - 0x8
core   0: 3 0x80006fcc (0xff9ffb6f) x22 0x80006fd0
core   0: 0x80006fc4 (0x00c0036f) jal     t1, pc + 0xc
core   0: 3 0x80006fc4 (0x00c0036f) x 6 0x80006fc8
core   0: 0x80006fd0 (0xfe5ffc6f) jal     s8, pc - 0x1c
core   0: 3 0x80006fd0 (0xfe5ffc6f) x24 0x80006fd4
core   0: 0x80006fb4 (0x00c0036f) jal     t1, pc + 0xc
core   0: 3 0x80006fb4 (0x00c0036f) x 6 0x80006fb8
core   0: 0x80006fc0 (0xfd1ff0ef) jal     pc - 0x30
core   0: 3 0x80006fc0 (0xfd1ff0ef) x 1 0x80006fc4
core   0: 0x80006f90 (0x010000ef) jal     pc + 0x10
core   0: 3 0x80006f90 (0x010000ef) x 1 0x80006f94
core   0: 0x80006fa0 (0xff9ff36f) jal     t1, pc - 0x8
core   0: 3 0x80006fa0 (0xff9ff36f) x 6 0x80006fa4
core   0: 0x80006f98 (0xfe5ff0ef) jal     pc - 0x1c
core   0: 3 0x80006f98 (0xfe5ff0ef) x 1 0x80006f9c
core   0: 0x80006f7c (0x010007ef) jal     a5, pc + 0x10
core   0: 3 0x80006f7c (0x010007ef) x15 0x80006f80
core   0: 0x80006f8c (0x05400eef) jal     t4, pc + 0x54
core   0: 3 0x80006f8c (0x05400eef) x29 0x80006f90
core   0: 0x80006fe0 (0xf99ff0ef) jal     pc - 0x68
core   0: 3 0x80006fe0 (0xf99ff0ef) x 1 0x80006fe4
core   0: 0x80006f78 (0x030000ef) jal     pc + 0x30
core   0: 3 0x80006f78 (0x030000ef) x 1 0x80006f7c
core   0: 0x80006fa8 (0xff5ff3ef) jal     t2, pc - 0xc
core   0: 3 0x80006fa8 (0xff5ff3ef) x 7 0x80006fac
core   0: 0x80006f9c (0x03c0036f) jal     t1, pc + 0x3c
core   0: 3 0x80006f9c (0x03c0036f) x 6 0x80006fa0
core   0: 0x80006fd8 (0xfe1ff0ef) jal     pc - 0x20
core   0: 3 0x80006fd8 (0xfe1ff0ef) x 1 0x80006fdc
core   0: 0x80006fb8 (0xfcdff1ef) jal     gp, pc - 0x34
core   0: 3 0x80006fb8 (0xfcdff1ef) x 3 0x80006fbc
core   0: 0x80006f84 (0xffdff0ef) jal     pc - 0x4
core   0: 3 0x80006f84 (0xffdff0ef) x 1 0x80006f88
core   0: 0x80006f80 (0x0480036f) jal     t1, pc + 0x48
core   0: 3 0x80006f80 (0x0480036f) x 6 0x80006f84
core   0: 0x80006fc8 (0x00c000ef) jal     pc + 0xc
core   0: 3 0x80006fc8 (0x00c000ef) x 1 0x80006fcc
core   0: 0x80006fd4 (0xfc1ff0ef) jal     pc - 0x40
core   0: 3 0x80006fd4 (0xfc1ff0ef) x 1 0x80006fd8
core   0: 0x80006f94 (0x0100036f) jal     t1, pc + 0x10
core   0: 3 0x80006f94 (0x0100036f) x 6 0x80006f98
core   0: 0x80006fa4 (0x00800def) jal     s11, pc + 0x8
core   0: 3 0x80006fa4 (0x00800def) x27 0x80006fa8
core   0: 0x80006fac (0x004002ef) jal     t0, pc + 0x4
core   0: 3 0x80006fac (0x004002ef) x 5 0x80006fb0
core   0: 0x80006fb0 (0x02c003ef) jal     t2, pc + 0x2c
core   0: 3 0x80006fb0 (0x02c003ef) x 7 0x80006fb4
core   0: 0x80006fdc (0xfe1ff3ef) jal     t2, pc - 0x20
core   0: 3 0x80006fdc (0xfe1ff3ef) x 7 0x80006fe0
core   0: 0x80006fbc (0xfb9ffaef) jal     s5, pc - 0x48
core   0: 3 0x80006fbc (0xfb9ffaef) x21 0x80006fc0
core   0: 0x80006f74 (0x014000ef) jal     pc + 0x14
core   0: 3 0x80006f74 (0x014000ef) x 1 0x80006f78
core   0: 0x80006f88 (0x05c00f6f) jal     t5, pc + 0x5c
core   0: 3 0x80006f88 (0x05c00f6f) x30 0x80006f8c
core   0: 0x80006fe4 (0x85517b13) andi    s6, sp, -1963
core   0: 3 0x80006fe4 (0x85517b13) x22 0x80000000
core   0: 0x80006fe8 (0x00019817) auipc   a6, 0x19
core   0: 3 0x80006fe8 (0x00019817) x16 0x8001ffe8
core   0: 0x80006fec (0xf3780813) addi    a6, a6, -201
core   0: 3 0x80006fec (0xf3780813) x16 0x8001ff1f
core   0: 0x80006ff0 (0x418001b3) sub     gp, zero, s8
core   0: 3 0x80006ff0 (0x418001b3) x 3 0x7fff902c
core   0: 0x80006ff4 (0x0386f633) remu    a2, a3, s8
core   0: 3 0x80006ff4 (0x0386f633) x12 0x00000001
core   0: 0x80006ff8 (0xede84583) lbu     a1, -290(a6)
core   0: 3 0x80006ff8 (0xede84583) x11 0x00000000 mem 0x8001fdfd
core   0: 0x80006ffc (0x41b4d713) srai    a4, s1, 27
core   0: 3 0x80006ffc (0x41b4d713) x14 0xfffffff0
core   0: 0x80007000 (0x07e81ea3) sh      t5, 125(a6)
core   0: 3 0x80007000 (0x07e81ea3) mem 0x8001ff9c 0x6f8c
core   0: 0x80007004 (0xa4484f03) lbu     t5, -1468(a6)
core   0: 3 0x80007004 (0xa4484f03) x30 0x00000000 mem 0x8001f963
core   0: 0x80007008 (0x01e4b1b3) sltu    gp, s1, t5
core   0: 3 0x80007008 (0x01e4b1b3) x 3 0x00000000
core   0: 0x8000700c (0x57580c83) lb      s9, 1397(a6)
core   0: 3 0x8000700c (0x57580c83) x25 0x00000000 mem 0x80020494
core   0: 0x80007010 (0x5a3e6993) ori     s3, t3, 1443
core   0: 3 0x80007010 (0x5a3e6993) x19 0x07ffffaf
core   0: 0x80007014 (0x583814a3) sh      gp, 1417(a6)
core   0: 3 0x80007014 (0x583814a3) mem 0x800204a8 0x0000
core   0: 0x80007018 (0x415cdb13) srai    s6, s9, 21
core   0: 3 0x80007018 (0x415cdb13) x22 0x00000000
core   0: 0x8000701c (0x01e2e633) or      a2, t0, t5
core   0: 3 0x8000701c (0x01e2e633) x12 0x80006fb0
core   0: 0x80007020 (0x4d280423) sb      s2, 1224(a6)
core   0: 3 0x80007020 (0x4d280423) mem 0x800203e7 0x60
core   0: 0x80007024 (0x00f1e7b3) or      a5, gp, a5
core   0: 3 0x80007024 (0x00f1e7b3) x15 0x80006f80
core   0: 0x80007028 (0x0ff81383) lh      t2, 255(a6)
core   0: 3 0x80007028 (0x0ff81383) x 7 0x00000000 mem 0x8002001e
core   0: 0x8000702c (0x014567b3) or      a5, a0, s4
core   0: 3 0x8000702c (0x014567b3) x15 0xfffffb1d
core   0: 0x80007030 (0x00c525b3) slt     a1, a0, a2
core   0: 3 0x80007030 (0x00c525b3) x11 0x00000000
core   0: 0x80007034 (0xeb97bb13) sltiu   s6, a5, -327
core   0: 3 0x80007034 (0xeb97bb13) x22 0x00000001
core   0: 0x80007038 (0x03cf17b3) mulh    a5, t5, t3
core   0: 3 0x80007038 (0x03cf17b3) x15 0x00000000
core   0: 0x8000703c (0x14385503) lhu     a0, 323(a6)
core   0: 3 0x8000703c (0x14385503) x10 0x00000000 mem 0x80020062
core   0: 0x80007040 (0xb47803a3) sb      t2, -1209(a6)
core   0: 3 0x80007040 (0xb47803a3) mem 0x8001fa66 0x0
core   0: 0x80007044 (0xc2980a23) sb      s1, -972(a6)
core   0: 3 0x80007044 (0xc2980a23) mem 0x8001fb53 0xe4
core   0: 0x80007048 (0x20757db7) lui     s11, 0x20757
core   0: 3 0x80007048 (0x20757db7) x27 0x20757000
core   0: 0x8000704c (0x00fb2f33) slt     t5, s6, a5
core   0: 3 0x8000704c (0x00fb2f33) x30 0x00000000
core   0: 0x80007050 (0x03efd933) divu    s2, t6, t5
core   0: 3 0x80007050 (0x03efd933) x18 0xffffffff
core   0: 0x80007054 (0x67380203) lb      tp, 1651(a6)
core   0: 3 0x80007054 (0x67380203) x 4 0x00000000 mem 0x80020592
core   0: 0x80007058 (0x023ddab3) divu    s5, s11, gp
core   0: 3 0x80007058 (0x023ddab3) x21 0xffffffff
core   0: 0x8000705c (0x013c8933) add     s2, s9, s3
core   0: 3 0x8000705c (0x013c8933) x18 0x07ffffaf
core   0: 0x80007060 (0x01ea1e93) slli    t4, s4, 30
core   0: 3 0x80007060 (0x01ea1e93) x29 0x00000000
core   0: 0x80007064 (0xf1282aa3) sw      s2, -235(a6)
core   0: 3 0x80007064 (0xf1282aa3) mem 0x8001fe34 0x07ffffaf
core   0: 0x80007068 (0x03091533) mulh    a0, s2, a6
core   0: 3 0x80007068 (0x03091533) x10 0xfc001021
core   0: 0x8000706c (0x02679233) mulh    tp, a5, t1
core   0: 3 0x8000706c (0x02679233) x 4 0x00000000
core   0: 0x80007070 (0x0b880723) sb      s8, 174(a6)
core   0: 3 0x80007070 (0x0b880723) mem 0x8001ffcd 0xd4
core   0: 0x80007074 (0xb0d80303) lb      t1, -1267(a6)
core   0: 3 0x80007074 (0xb0d80303) x 6 0x00000000 mem 0x8001fa2c
core   0: 0x80007078 (0x5c381283) lh      t0, 1475(a6)
core   0: 3 0x80007078 (0x5c381283) x 5 0x00000000 mem 0x800204e2
core   0: 0x8000707c (0xa2780a23) sb      t2, -1484(a6)
core   0: 3 0x8000707c (0xa2780a23) mem 0x8001f953 0x0
core   0: 0x80007080 (0x514807a3) sb      s4, 1295(a6)
core   0: 3 0x80007080 (0x514807a3) mem 0x8002042e 0x0
core   0: 0x80007084 (0x00000013) nop
core   0: 3 0x80007084 (0x00000013)
core   0: 0x80007088 (0xa6080c83) lb      s9, -1440(a6)
core   0: 3 0x80007088 (0xa6080c83) x25 0x00000000 mem 0x8001f97f
core   0: 0x8000708c (0x00000013) nop
core   0: 3 0x8000708c (0x00000013)
core   0: 0x80007090 (0x03f01eb3) mulh    t4, zero, t6
core   0: 3 0x80007090 (0x03f01eb3) x29 0x00000000
core   0: 0x80007094 (0x1a0801a3) sb      zero, 419(a6)
core   0: 3 0x80007094 (0x1a0801a3) mem 0x800200c2 0x0
core   0: 0x80007098 (0x47c84703) lbu     a4, 1148(a6)
core   0: 3 0x80007098 (0x47c84703) x14 0x00000000 mem 0x8002039b
core   0: 0x8000709c (0xcd884f03) lbu     t5, -808(a6)
core   0: 3 0x8000709c (0xcd884f03) x30 0x00000000 mem 0x8001fbf7
core   0: 0x800070a0 (0xd0950a93) addi    s5, a0, -759
core   0: 3 0x800070a0 (0xd0950a93) x21 0xfc000d2a
core   0: 0x800070a4 (0xdb580b83) lb      s7, -587(a6)
core   0: 3 0x800070a4 (0xdb580b83) x23 0x00000000 mem 0x8001fcd4
core   0: 0x800070a8 (0x0000c617) auipc   a2, 0xc
core   0: 3 0x800070a8 (0x0000c617) x12 0x800130a8
core   0: 0x800070ac (0x63160613) addi    a2, a2, 1585
core   0: 3 0x800070ac (0x63160613) x12 0x800136d9
core   0: 0x800070b0 (0x0156a6b3) slt     a3, a3, s5
core   0: 3 0x800070b0 (0x0156a6b3) x13 0x00000000
core   0: 0x800070b4 (0x50dbc737) lui     a4, 0x50dbc
core   0: 3 0x800070b4 (0x50dbc737) x14 0x50dbc000
core   0: 0x800070b8 (0x14860c03) lb      s8, 328(a2)
core   0: 3 0x800070b8 (0x14860c03) x24 0x00000000 mem 0x80013821
core   0: 0x800070bc (0x1f60fa93) andi    s5, ra, 502
core   0: 3 0x800070bc (0x1f60fa93) x21 0x00000170
core   0: 0x800070c0 (0x11560423) sb      s5, 264(a2)
core   0: 3 0x800070c0 (0x11560423) mem 0x800137e1 0x70
core   0: 0x800070c4 (0x7e260083) lb      ra, 2018(a2)
core   0: 3 0x800070c4 (0x7e260083) x 1 0x00000000 mem 0x80013ebb
core   0: 0x800070c8 (0x2f960083) lb      ra, 761(a2)
core   0: 3 0x800070c8 (0x2f960083) x 1 0x00000000 mem 0x800139d2
core   0: 0x800070cc (0x40ea50b3) sra     ra, s4, a4
core   0: 3 0x800070cc (0x40ea50b3) x 1 0xf8000000
core   0: 0x800070d0 (0x635613a3) sh      s5, 1575(a2)
core   0: 3 0x800070d0 (0x635613a3) mem 0x80013d00 0x0170
core   0: 0x800070d4 (0x49460323) sb      s4, 1158(a2)
core   0: 3 0x800070d4 (0x49460323) mem 0x80013b5f 0x0
core   0: 0x800070d8 (0x41775693) srai    a3, a4, 23
core   0: 3 0x800070d8 (0x41775693) x13 0x000000a1
core   0: 0x800070dc (0x0380bab3) mulhu   s5, ra, s8
core   0: 3 0x800070dc (0x0380bab3) x21 0x00000000
core   0: 0x800070e0 (0xa3861ea3) sh      s8, -1475(a2)
core   0: 3 0x800070e0 (0xa3861ea3) mem 0x80013116 0x0000
core   0: 0x800070e4 (0x418a0c33) sub     s8, s4, s8
core   0: 3 0x800070e4 (0x418a0c33) x24 0xf8000000
core   0: 0x800070e8 (0xfaf60683) lb      a3, -81(a2)
core   0: 3 0x800070e8 (0xfaf60683) x13 0x00000000 mem 0x80013688
core   0: 0x800070ec (0x0156ca33) xor     s4, a3, s5
core   0: 3 0x800070ec (0x0156ca33) x20 0x00000000
core   0: 0x800070f0 (0x0d064083) lbu     ra, 208(a2)
core   0: 3 0x800070f0 (0x0d064083) x 1 0x00000000 mem 0x800137a9
core   0: 0x800070f4 (0x49560ca3) sb      s5, 1177(a2)
core   0: 3 0x800070f4 (0x49560ca3) mem 0x80013b72 0x0
core   0: 0x800070f8 (0x40dc0733) sub     a4, s8, a3
core   0: 3 0x800070f8 (0x40dc0733) x14 0xf8000000
core   0: 0x800070fc (0x57264083) lbu     ra, 1394(a2)
core   0: 3 0x800070fc (0x57264083) x 1 0x00000000 mem 0x80013c4b
core   0: 0x80007100 (0xdd860683) lb      a3, -552(a2)
core   0: 3 0x80007100 (0xdd860683) x13 0x00000000 mem 0x800134b1
core   0: 0x80007104 (0xb3960a83) lb      s5, -1223(a2)
core   0: 3 0x80007104 (0xb3960a83) x21 0x00000000 mem 0x80013212
core   0: 0x80007108 (0x4e2aea93) ori     s5, s5, 1250
core   0: 3 0x80007108 (0x4e2aea93) x21 0x000004e2
core   0: 0x8000710c (0xe687a097) auipc   ra, 0xe687a
core   0: 3 0x8000710c (0xe687a097) x 1 0x6688110c
core   0: 0x80007110 (0x00d0e0b3) or      ra, ra, a3
core   0: 3 0x80007110 (0x00d0e0b3) x 1 0x6688110c
core   0: 0x80007114 (0x014c1a93) slli    s5, s8, 20
core   0: 3 0x80007114 (0x014c1a93) x21 0x00000000
core   0: 0x80007118 (0x018ab733) sltu    a4, s5, s8
core   0: 3 0x80007118 (0x018ab733) x14 0x00000001
core   0: 0x8000711c (0x01771a93) slli    s5, a4, 23
core   0: 3 0x8000711c (0x01771a93) x21 0x00800000
core   0: 0x80007120 (0x33361a03) lh      s4, 819(a2)
core   0: 3 0x80007120 (0x33361a03) x20 0x00000000 mem 0x80013a0c
core   0: 0x80007124 (0xe4560683) lb      a3, -443(a2)
core   0: 3 0x80007124 (0xe4560683) x13 0x00000000 mem 0x8001351e
core   0: 0x80007128 (0xacc64083) lbu     ra, -1332(a2)
core   0: 3 0x80007128 (0xacc64083) x 1 0x00000000 mem 0x800131a5
core   0: 0x8000712c (0x02d72c33) mulhsu  s8, a4, a3
core   0: 3 0x8000712c (0x02d72c33) x24 0x00000000
core   0: 0x80007130 (0x401a56b3) sra     a3, s4, ra
core   0: 3 0x80007130 (0x401a56b3) x13 0x00000000
core   0: 0x80007134 (0x021c1c33) mulh    s8, s8, ra
core   0: 3 0x80007134 (0x021c1c33) x24 0x00000000
core   0: 0x80007138 (0x994609a3) sb      s4, -1645(a2)
core   0: 3 0x80007138 (0x994609a3) mem 0x8001306c 0x0
core   0: 0x8000713c (0xff8616a3) sh      s8, -19(a2)
core   0: 3 0x8000713c (0xff8616a3) mem 0x800136c6 0x0000
core   0: 0x80007140 (0x401c50b3) sra     ra, s8, ra
core   0: 3 0x80007140 (0x401c50b3) x 1 0x00000000
core   0: 0x80007144 (0x6ee60323) sb      a4, 1766(a2)
core   0: 3 0x80007144 (0x6ee60323) mem 0x80013dbf 0x1
core   0: 0x80007148 (0xc087cab7) lui     s5, 0xc087c
core   0: 3 0x80007148 (0xc087cab7) x21 0xc087c000
core   0: 0x8000714c (0x014a76b3) and     a3, s4, s4
core   0: 3 0x8000714c (0x014a76b3) x13 0x00000000
core   0: 0x80007150 (0x19860c03) lb      s8, 408(a2)
core   0: 3 0x80007150 (0x19860c03) x24 0x00000000 mem 0x80013871
core   0: 0x80007154 (0x00d0fc33) and     s8, ra, a3
core   0: 3 0x80007154 (0x00d0fc33) x24 0x00000000
core   0: 0x80007158 (0x02d6c6b3) div     a3, a3, a3
core   0: 3 0x80007158 (0x02d6c6b3) x13 0xffffffff
core   0: 0x8000715c (0x1836cc13) xori    s8, a3, 387
core   0: 3 0x8000715c (0x1836cc13) x24 0xfffffe7c
core   0: 0x80007160 (0xa6a64a83) lbu     s5, -1430(a2)
core   0: 3 0x80007160 (0xa6a64a83) x21 0x00000000 mem 0x80013143
core   0: 0x80007164 (0xe6c08c13) addi    s8, ra, -404
core   0: 3 0x80007164 (0xe6c08c13) x24 0xfffffe6c
core   0: 0x80007168 (0x00e71a33) sll     s4, a4, a4
core   0: 3 0x80007168 (0x00e71a33) x20 0x00000002
core   0: 0x8000716c (0x43c60703) lb      a4, 1084(a2)
core   0: 3 0x8000716c (0x43c60703) x14 0x00000000 mem 0x80013b15
core   0: 0x80007170 (0x270e4737) lui     a4, 0x270e4
core   0: 3 0x80007170 (0x270e4737) x14 0x270e4000
core   0: 0x80007174 (0xed060a83) lb      s5, -304(a2)
core   0: 3 0x80007174 (0xed060a83) x21 0x00000000 mem 0x800135a9
core   0: 0x80007178 (0x00009897) auipc   a7, 0x9
core   0: 3 0x80007178 (0x00009897) x17 0x80010178
core   0: 0x8000717c (0x17288893) addi    a7, a7, 370
core   0: 3 0x8000717c (0x17288893) x17 0x800102ea
core   0: 0x80007180 (0xfcb8c583) lbu     a1, -53(a7)
core   0: 3 0x80007180 (0xfcb8c583) x11 0x00000000 mem 0x800102b5
core   0: 0x80007184 (0x016882a3) sb      s6, 5(a7)
core   0: 3 0x80007184 (0x016882a3) mem 0x800102ef 0x1
core   0: 0x80007188 (0x03988083) lb      ra, 57(a7)
core   0: 3 0x80007188 (0x03988083) x 1 0x00000000 mem 0x80010323
core   0: 0x8000718c (0x02962db3) mulhsu  s11, a2, s1
core   0: 3 0x8000718c (0x02962db3) x27 0xbfff4cfd
core   0: 0x80007190 (0xffe8df03) lhu     t5, -2(a7)
core   0: 3 0x80007190 (0xffe8df03) x30 0x00000000 mem 0x800102e8
core   0: 0x80007194 (0xffe8ce83) lbu     t4, -2(a7)
core   0: 3 0x80007194 (0xffe8ce83) x29 0x00000000 mem 0x800102e8
core   0: 0x80007198 (0xfc78c903) lbu     s2, -57(a7)
core   0: 3 0x80007198 (0xfc78c903) x18 0x00000000 mem 0x800102b1
core   0: 0x8000719c (0xfd4881a3) sb      s4, -61(a7)
core   0: 3 0x8000719c (0xfd4881a3) mem 0x800102ad 0x2
core   0: 0x800071a0 (0xfc388283) lb      t0, -61(a7)
core   0: 3 0x800071a0 (0xfc388283) x 5 0x00000002 mem 0x800102ad
core   0: 0x800071a4 (0x01f88ca3) sb      t6, 25(a7)
core   0: 3 0x800071a4 (0x01f88ca3) mem 0x80010303 0x44
core   0: 0x800071a8 (0x00788603) lb      a2, 7(a7)
core   0: 3 0x800071a8 (0x00788603) x12 0x00000000 mem 0x800102f1
core   0: 0x800071ac (0x00f883a3) sb      a5, 7(a7)
core   0: 3 0x800071ac (0x00f883a3) mem 0x800102f1 0x0
core   0: 0x800071b0 (0x00100513) li      a0, 1
core   0: 3 0x800071b0 (0x00100513) x10 0x00000001
core   0: 0x800071b4 (0x419c8a33) sub     s4, s9, s9
core   0: 3 0x800071b4 (0x419c8a33) x20 0x00000000
core   0: 0x800071b8 (0x0162ec33) or      s8, t0, s6
core   0: 3 0x800071b8 (0x0162ec33) x24 0x00000003
core   0: 0x800071bc (0x007fbc33) sltu    s8, t6, t2
core   0: 3 0x800071bc (0x007fbc33) x24 0x00000000
core   0: 0x800071c0 (0x03a7be33) mulhu   t3, a5, s10
core   0: 3 0x800071c0 (0x03a7be33) x28 0x00000000
core   0: 0x800071c4 (0x00000013) nop
core   0: 3 0x800071c4 (0x00000013)
core   0: 0x800071c8 (0xffd00413) li      s0, -3
core   0: 3 0x800071c8 (0xffd00413) x 8 0xfffffffd
core   0: 0x800071cc (0x41d75013) srai    zero, a4, 29
core   0: 3 0x800071cc (0x41d75013)
core   0: 0x800071d0 (0x405058b3) sra     a7, zero, t0
core   0: 3 0x800071d0 (0x405058b3) x17 0x00000000
core   0: 0x800071d4 (0x00452db3) slt     s11, a0, tp
core   0: 3 0x800071d4 (0x00452db3) x27 0x00000000
core   0: 0x800071d8 (0x00881e93) slli    t4, a6, 8
core   0: 3 0x800071d8 (0x00881e93) x29 0x01ff1f00
core   0: 0x800071dc (0x776fbd93) sltiu   s11, t6, 1910
core   0: 3 0x800071dc (0x776fbd93) x27 0x00000000
core   0: 0x800071e0 (0xffa50513) addi    a0, a0, -6
core   0: 3 0x800071e0 (0xffa50513) x10 0xfffffffb
core   0: 0x800071e4 (0x00600793) li      a5, 6
core   0: 3 0x800071e4 (0x00600793) x15 0x00000006
core   0: 0x800071e8 (0x029a86b3) mul     a3, s5, s1
core   0: 3 0x800071e8 (0x029a86b3) x13 0x00000000
core   0: 0x800071ec (0x0028c733) xor     a4, a7, sp
core   0: 3 0x800071ec (0x0028c733) x14 0x80000000
core   0: 0x800071f0 (0x00200d13) li      s10, 2
core   0: 3 0x800071f0 (0x00200d13) x26 0x00000002
core   0: 0x800071f4 (0x19ba4f17) auipc   t5, 0x19ba4
core   0: 3 0x800071f4 (0x19ba4f17) x30 0x99bab1f4
core   0: 0x800071f8 (0x00bc69b3) or      s3, s8, a1
core   0: 3 0x800071f8 (0x00bc69b3) x19 0x00000000
core   0: 0x800071fc (0x11e80293) addi    t0, a6, 286
core   0: 3 0x800071fc (0x11e80293) x 5 0x8002003d
core   0: 0x80007200 (0x01577f33) and     t5, a4, s5
core   0: 3 0x80007200 (0x01577f33) x30 0x00000000
core   0: 0x80007204 (0xe8dfb913) sltiu   s2, t6, -371
core   0: 3 0x80007204 (0xe8dfb913) x18 0x00000001
core   0: 0x80007208 (0xff978793) addi    a5, a5, -7
core   0: 3 0x80007208 (0xff978793) x15 0xffffffff
core   0: 0x8000720c (0x036e5b33) divu    s6, t3, s6
core   0: 3 0x8000720c (0x036e5b33) x22 0x00000000
core   0: 0x80007210 (0x01ddb033) sltu    zero, s11, t4
core   0: 3 0x80007210 (0x01ddb033)
core   0: 0x80007214 (0x021db0b3) mulhu   ra, s11, ra
core   0: 3 0x80007214 (0x021db0b3) x 1 0x00000000
core   0: 0x80007218 (0xffa7d4e3) bge     a5, s10, pc - 24
core   0: 3 0x80007218 (0xffa7d4e3)
core   0: 0x8000721c (0x01fe55b3) srl     a1, t3, t6
core   0: 3 0x8000721c (0x01fe55b3) x11 0x00000000
core   0: 0x80007220 (0xfa855ae3) bge     a0, s0, pc - 76
core   0: 3 0x80007220 (0xfa855ae3)
core   0: 0x80007224 (0x89ee7593) andi    a1, t3, -1890
core   0: 3 0x80007224 (0x89ee7593) x11 0x00000000
core   0: 0x80007228 (0x40685a33) sra     s4, a6, t1
core   0: 3 0x80007228 (0x40685a33) x20 0x8001ff1f
core   0: 0x8000722c (0x02b1ca63) blt     gp, a1, pc + 52
core   0: 3 0x8000722c (0x02b1ca63)
core   0: 0x80007230 (0x038b6bb3) rem     s7, s6, s8
core   0: 3 0x80007230 (0x038b6bb3) x23 0x00000000
core   0: 0x80007234 (0x01040633) add     a2, s0, a6
core   0: 3 0x80007234 (0x01040633) x12 0x8001ff1c
core   0: 0x80007238 (0x03b31633) mulh    a2, t1, s11
core   0: 3 0x80007238 (0x03b31633) x12 0x00000000
core   0: 0x8000723c (0x0056e833) or      a6, a3, t0
core   0: 3 0x8000723c (0x0056e833) x16 0x8002003d
core   0: 0x80007240 (0x35a97893) andi    a7, s2, 858
core   0: 3 0x80007240 (0x35a97893) x17 0x00000000
core   0: 0x80007244 (0xa4c4ab93) slti    s7, s1, -1460
core   0: 3 0x80007244 (0xa4c4ab93) x23 0x00000001
core   0: 0x80007248 (0x007e5733) srl     a4, t3, t2
core   0: 3 0x80007248 (0x007e5733) x14 0x00000000
core   0: 0x8000724c (0x413c5893) srai    a7, s8, 19
core   0: 3 0x8000724c (0x413c5893) x17 0x00000000
core   0: 0x80007250 (0x0580e663) bltu    ra, s8, pc + 76
core   0: 3 0x80007250 (0x0580e663)
core   0: 0x80007254 (0x04f4e863) bltu    s1, a5, pc + 80
core   0: 3 0x80007254 (0x04f4e863)
core   0: 0x800072a4 (0x030a2f33) mulhsu  t5, s4, a6
core   0: 3 0x800072a4 (0x030a2f33) x30 0xbfffff74
core   0: 0x800072a8 (0x007105b3) add     a1, sp, t2
core   0: 3 0x800072a8 (0x007105b3) x11 0x80000000
core   0: 0x800072ac (0x00e26933) or      s2, tp, a4
core   0: 3 0x800072ac (0x00e26933) x18 0x00000000
core   0: 0x800072b0 (0x345e3213) sltiu   tp, t3, 837
core   0: 3 0x800072b0 (0x345e3213) x 4 0x00000001
core   0: 0x800072b4 (0x00ef1f33) sll     t5, t5, a4
core   0: 3 0x800072b4 (0x00ef1f33) x30 0xbfffff74
core   0: 0x800072b8 (0x0276c263) blt     a3, t2, pc + 36
core   0: 3 0x800072b8 (0x0276c263)
core   0: 0x800072bc (0x013e5313) srli    t1, t3, 19
core   0: 3 0x800072bc (0x013e5313) x 6 0x00000000
core   0: 0x800072c0 (0x40300db3) sub     s11, zero, gp
core   0: 3 0x800072c0 (0x40300db3) x27 0x00000000
core   0: 0x800072c4 (0x41f55993) srai    s3, a0, 31
core   0: 3 0x800072c4 (0x41f55993) x19 0xffffffff
core   0: 0x800072c8 (0x02ffd1b3) divu    gp, t6, a5
core   0: 3 0x800072c8 (0x02ffd1b3) x 3 0x00000000
core   0: 0x800072cc (0x04f40863) beq     s0, a5, pc + 80
core   0: 3 0x800072cc (0x04f40863)
core   0: 0x800072d0 (0xa76cc013) xori    zero, s9, -1418
core   0: 3 0x800072d0 (0xa76cc013)
core   0: 0x800072d4 (0x03631263) bne     t1, s6, pc + 36
core   0: 3 0x800072d4 (0x03631263)
core   0: 0x800072d8 (0x02851733) mulh    a4, a0, s0
core   0: 3 0x800072d8 (0x02851733) x14 0x00000000
core   0: 0x800072dc (0x010246b3) xor     a3, tp, a6
core   0: 3 0x800072dc (0x010246b3) x13 0x8002003c
core   0: 0x800072e0 (0xe5823593) sltiu   a1, tp, -424
core   0: 3 0x800072e0 (0xe5823593) x11 0x00000001
core   0: 0x800072e4 (0x01a320b3) slt     ra, t1, s10
core   0: 3 0x800072e4 (0x01a320b3) x 1 0x00000001
core   0: 0x800072e8 (0x025ae063) bltu    s5, t0, pc + 32
core   0: 3 0x800072e8 (0x025ae063)
core   0: 0x80007308 (0x030ca3b3) mulhsu  t2, s9, a6
core   0: 3 0x80007308 (0x030ca3b3) x 7 0x00000000
core   0: 0x8000730c (0x0281f333) remu    t1, gp, s0
core   0: 3 0x8000730c (0x0281f333) x 6 0x00000000
core   0: 0x80007310 (0x0155f1b3) and     gp, a1, s5
core   0: 3 0x80007310 (0x0155f1b3) x 3 0x00000000
core   0: 0x80007314 (0x4051d433) sra     s0, gp, t0
core   0: 3 0x80007314 (0x4051d433) x 8 0x00000000
core   0: 0x80007318 (0x04b18663) beq     gp, a1, pc + 76
core   0: 3 0x80007318 (0x04b18663)
core   0: 0x8000731c (0xac074013) xori    zero, a4, -1344
core   0: 3 0x8000731c (0xac074013)
core   0: 0x80007320 (0x4acec693) xori    a3, t4, 1196
core   0: 3 0x80007320 (0x4acec693) x13 0x01ff1bac
core   0: 0x80007324 (0x009f6533) or      a0, t5, s1
core   0: 3 0x80007324 (0x009f6533) x10 0xbffffff4
core   0: 0x80007328 (0x04cff263) bgeu    t6, a2, pc + 68
core   0: 3 0x80007328 (0x04cff263)
core   0: 0x8000736c (0x79903393) sltiu   t2, zero, 1945
core   0: 3 0x8000736c (0x79903393) x 7 0x00000001
core   0: 0x80007370 (0x497e4b93) xori    s7, t3, 1175
core   0: 3 0x80007370 (0x497e4b93) x23 0x00000497
core   0: 0x80007374 (0x01678663) beq     a5, s6, pc + 12
core   0: 3 0x80007374 (0x01678663)
core   0: 0x80007378 (0x0178bdb3) sltu    s11, a7, s7
core   0: 3 0x80007378 (0x0178bdb3) x27 0x00000001
core   0: 0x8000737c (0xab0bf293) andi    t0, s7, -1360
core   0: 3 0x8000737c (0xab0bf293) x 5 0x00000090
core   0: 0x80007380 (0x0249d8b3) divu    a7, s3, tp
core   0: 3 0x80007380 (0x0249d8b3) x17 0xffffffff
core   0: 0x80007384 (0x36dabc93) sltiu   s9, s5, 877
core   0: 3 0x80007384 (0x36dabc93) x25 0x00000001
core   0: 0x80007388 (0xd2ff7f13) andi    t5, t5, -721
core   0: 3 0x80007388 (0xd2ff7f13) x30 0xbffffd24
core   0: 0x8000738c (0x01225ab3) srl     s5, tp, s2
core   0: 3 0x8000738c (0x01225ab3) x21 0x00000001
core   0: 0x80007390 (0x7383c513) xori    a0, t2, 1848
core   0: 3 0x80007390 (0x7383c513) x10 0x00000739
core   0: 0x80007394 (0x008000b3) add     ra, zero, s0
core   0: 3 0x80007394 (0x008000b3) x 1 0x00000000
core   0: 0x80007398 (0x67f7eb13) ori     s6, a5, 1663
core   0: 3 0x80007398 (0x67f7eb13) x22 0xffffffff
core   0: 0x8000739c (0x018691b3) sll     gp, a3, s8
core   0: 3 0x8000739c (0x018691b3) x 3 0x01ff1bac
core   0: 0x800073a0 (0x9b73a413) slti    s0, t2, -1609
core   0: 3 0x800073a0 (0x9b73a413) x 8 0x00000000
core   0: 0x800073a4 (0x0136d463) bge     a3, s3, pc + 8
core   0: 3 0x800073a4 (0x0136d463)
core   0: 0x800073ac (0x00d9b233) sltu    tp, s3, a3
core   0: 3 0x800073ac (0x00d9b233) x 4 0x00000000
core   0: 0x800073b0 (0x0372aab3) mulhsu  s5, t0, s7
core   0: 3 0x800073b0 (0x0372aab3) x21 0x00000000
core   0: 0x800073b4 (0x7aabb513) sltiu   a0, s7, 1962
core   0: 3 0x800073b4 (0x7aabb513) x10 0x00000001
core   0: 0x800073b8 (0x0161cc63) blt     gp, s6, pc + 24
core   0: 3 0x800073b8 (0x0161cc63)
core   0: 0x800073bc (0xaddec913) xori    s2, t4, -1315
core   0: 3 0x800073bc (0xaddec913) x18 0xfe00e5dd
core   0: 0x800073c0 (0x01220f33) add     t5, tp, s2
core   0: 3 0x800073c0 (0x01220f33) x30 0xfe00e5dd
core   0: 0x800073c4 (0x00175713) srli    a4, a4, 1
core   0: 3 0x800073c4 (0x00175713) x14 0x00000000
core   0: 0x800073c8 (0x09448893) addi    a7, s1, 148
core   0: 3 0x800073c8 (0x09448893) x17 0x80029d78
core   0: 0x800073cc (0x00ea0733) add     a4, s4, a4
core   0: 3 0x800073cc (0x00ea0733) x14 0x8001ff1f
core   0: 0x800073d0 (0x0027dcb3) srl     s9, a5, sp
core   0: 3 0x800073d0 (0x0027dcb3) x25 0xffffffff
core   0: 0x800073d4 (0x41425e33) sra     t3, tp, s4
core   0: 3 0x800073d4 (0x41425e33) x28 0x00000000
core   0: 0x800073d8 (0x011f7c33) and     s8, t5, a7
core   0: 3 0x800073d8 (0x011f7c33) x24 0x80008558
core   0: 0x800073dc (0x02b61a63) bne     a2, a1, pc + 52
core   0: 3 0x800073dc (0x02b61a63)
core   0: 0x80007410 (0x00aa68b3) or      a7, s4, a0
core   0: 3 0x80007410 (0x00aa68b3) x17 0x8001ff1f
core   0: 0x80007414 (0x1400ba93) sltiu   s5, ra, 320
core   0: 3 0x80007414 (0x1400ba93) x21 0x00000001
core   0: 0x80007418 (0x05c8f463) bgeu    a7, t3, pc + 72
core   0: 3 0x80007418 (0x05c8f463)
core   0: 0x80007460 (0x02a1c263) blt     gp, a0, pc + 36
core   0: 3 0x80007460 (0x02a1c263)
core   0: 0x80007464 (0x00775333) srl     t1, a4, t2
core   0: 3 0x80007464 (0x00775333) x 6 0x4000ff8f
core   0: 0x80007468 (0x0172f433) and     s0, t0, s7
core   0: 3 0x80007468 (0x0172f433) x 8 0x00000090
core   0: 0x8000746c (0x0223fa63) bgeu    t2, sp, pc + 52
core   0: 3 0x8000746c (0x0223fa63)
core   0: 0x80007470 (0x00f169b3) or      s3, sp, a5
core   0: 3 0x80007470 (0x00f169b3) x19 0xffffffff
core   0: 0x80007474 (0x03ea0db3) mul     s11, s4, t5
core   0: 3 0x80007474 (0x03ea0db3) x27 0x0ceff8c3
core   0: 0x80007478 (0x01370663) beq     a4, s3, pc + 12
core   0: 3 0x80007478 (0x01370663)
core   0: 0x8000747c (0x01cce6b3) or      a3, s9, t3
core   0: 3 0x8000747c (0x01cce6b3) x13 0xffffffff
core   0: 0x80007480 (0x01839a33) sll     s4, t2, s8
core   0: 3 0x80007480 (0x01839a33) x20 0x01000000
core   0: 0x80007484 (0x007548b3) xor     a7, a0, t2
core   0: 3 0x80007484 (0x007548b3) x17 0x00000000
core   0: 0x80007488 (0x03ce50b3) divu    ra, t3, t3
core   0: 3 0x80007488 (0x03ce50b3) x 1 0xffffffff
core   0: 0x8000748c (0x028e53b3) divu    t2, t3, s0
core   0: 3 0x8000748c (0x028e53b3) x 7 0x00000000
core   0: 0x80007490 (0x0579e263) bltu    s3, s7, pc + 68
core   0: 3 0x80007490 (0x0579e263)
core   0: 0x80007494 (0x2abeb193) sltiu   gp, t4, 683
core   0: 3 0x80007494 (0x2abeb193) x 3 0x00000000
core   0: 0x80007498 (0x02d87533) remu    a0, a6, a3
core   0: 3 0x80007498 (0x02d87533) x10 0x8002003d
core   0: 0x8000749c (0x01890863) beq     s2, s8, pc + 16
core   0: 3 0x8000749c (0x01890863)
core   0: 0x800074a0 (0x00701a93) slli    s5, zero, 7
core   0: 3 0x800074a0 (0x00701a93) x21 0x00000000
core   0: 0x800074a4 (0x01280c33) add     s8, a6, s2
core   0: 3 0x800074a4 (0x01280c33) x24 0x7e02e61a
core   0: 0x800074a8 (0x36a2c893) xori    a7, t0, 874
core   0: 3 0x800074a8 (0x36a2c893) x17 0x000003fa
core   0: 0x800074ac (0x03695c63) bge     s2, s6, pc + 56
core   0: 3 0x800074ac (0x03695c63)
core   0: 0x800074b0 (0x017db9b3) sltu    s3, s11, s7
core   0: 3 0x800074b0 (0x017db9b3) x19 0x00000000
core   0: 0x800074b4 (0x024a4263) blt     s4, tp, pc + 36
core   0: 3 0x800074b4 (0x024a4263)
core   0: 0x800074b8 (0x1172be93) sltiu   t4, t0, 279
core   0: 3 0x800074b8 (0x1172be93) x29 0x00000001
core   0: 0x800074bc (0x0dc80693) addi    a3, a6, 220
core   0: 3 0x800074bc (0x0dc80693) x13 0x80020119
core   0: 0x800074c0 (0x001b1a93) slli    s5, s6, 1
core   0: 3 0x800074c0 (0x001b1a93) x21 0xfffffffe
core   0: 0x800074c4 (0x025ce433) rem     s0, s9, t0
core   0: 3 0x800074c4 (0x025ce433) x 8 0xffffffff
core   0: 0x800074c8 (0x403d50b3) sra     ra, s10, gp
core   0: 3 0x800074c8 (0x403d50b3) x 1 0x00000002
core   0: 0x800074cc (0x0167db13) srli    s6, a5, 22
core   0: 3 0x800074cc (0x0167db13) x22 0x000003ff
core   0: 0x800074d0 (0x03c42733) mulhsu  a4, s0, t3
core   0: 3 0x800074d0 (0x03c42733) x14 0x00000000
core   0: 0x800074d4 (0x00efbf33) sltu    t5, t6, a4
core   0: 3 0x800074d4 (0x00efbf33) x30 0x00000000
core   0: 0x800074d8 (0x038af433) remu    s0, s5, s8
core   0: 3 0x800074d8 (0x038af433) x 8 0x03fa33ca
core   0: 0x800074dc (0x009dac33) slt     s8, s11, s1
core   0: 3 0x800074dc (0x009dac33) x24 0x00000000
core   0: 0x800074e0 (0xac007393) andi    t2, zero, -1344
core   0: 3 0x800074e0 (0xac007393) x 7 0x00000000
core   0: 0x800074e4 (0x05075263) bge     a4, a6, pc + 68
core   0: 3 0x800074e4 (0x05075263)
core   0: 0x80007528 (0x00000013) nop
core   0: 3 0x80007528 (0x00000013)
core   0: 0x8000752c (0x0089cb33) xor     s6, s3, s0
core   0: 3 0x8000752c (0x0089cb33) x22 0x03fa33ca
core   0: 0x80007530 (0xf1017013) andi    zero, sp, -240
core   0: 3 0x80007530 (0xf1017013)
core   0: 0x80007534 (0xfced3613) sltiu   a2, s10, -50
core   0: 3 0x80007534 (0xfced3613) x12 0x00000001
core   0: 0x80007538 (0x00000013) nop
core   0: 3 0x80007538 (0x00000013)
core   0: 0x8000753c (0x00fd35b3) sltu    a1, s10, a5
core   0: 3 0x8000753c (0x00fd35b3) x11 0x00000001
core   0: 0x80007540 (0x03c85533) divu    a0, a6, t3
core   0: 3 0x80007540 (0x03c85533) x10 0xffffffff
core   0: 0x80007544 (0x00000013) nop
core   0: 3 0x80007544 (0x00000013)
core   0: 0x80007548 (0x00b6c533) xor     a0, a3, a1
core   0: 3 0x80007548 (0x00b6c533) x10 0x80020118
core   0: 0x8000754c (0xae92cd13) xori    s10, t0, -1303
core   0: 3 0x8000754c (0xae92cd13) x26 0xfffffa79
core   0: 0x80007550 (0xc433aa13) slti    s4, t2, -957
core   0: 3 0x80007550 (0xc433aa13) x20 0x00000000
core   0: 0x80007554 (0x02c0c833) div     a6, ra, a2
core   0: 3 0x80007554 (0x02c0c833) x16 0x00000002
core   0: 0x80007558 (0x02f5eb33) rem     s6, a1, a5
core   0: 3 0x80007558 (0x02f5eb33) x22 0x00000000
core   0: 0x8000755c (0x00000013) nop
core   0: 3 0x8000755c (0x00000013)
core   0: 0x80007560 (0x2bb08293) addi    t0, ra, 699
core   0: 3 0x80007560 (0x2bb08293) x 5 0x000002bd
core   0: 0x80007564 (0x00000013) nop
core   0: 3 0x80007564 (0x00000013)
core   0: 0x80007568 (0x00a0de63) bge     ra, a0, pc + 28
core   0: 3 0x80007568 (0x00a0de63)
core   0: 0x80007584 (0x01d55633) srl     a2, a0, t4
core   0: 3 0x80007584 (0x01d55633) x12 0x4001008c
core   0: 0x80007588 (0x00a78e63) beq     a5, a0, pc + 28
core   0: 3 0x80007588 (0x00a78e63)
core   0: 0x8000758c (0x01fabe33) sltu    t3, s5, t6
core   0: 3 0x8000758c (0x01fabe33) x28 0x00000000
core   0: 0x80007590 (0x40f0d6b3) sra     a3, ra, a5
core   0: 3 0x80007590 (0x40f0d6b3) x13 0x00000000
core   0: 0x80007594 (0x41d9dd93) srai    s11, s3, 29
core   0: 3 0x80007594 (0x41d9dd93) x27 0x00000000
core   0: 0x80007598 (0x16653c13) sltiu   s8, a0, 358
core   0: 3 0x80007598 (0x16653c13) x24 0x00000000
core   0: 0x8000759c (0x0248e6b3) rem     a3, a7, tp
core   0: 3 0x8000759c (0x0248e6b3) x13 0x000003fa
core   0: 0x800075a0 (0x6b623d93) sltiu   s11, tp, 1718
core   0: 3 0x800075a0 (0x6b623d93) x27 0x00000001
core   0: 0x800075a4 (0x0170a533) slt     a0, ra, s7
core   0: 3 0x800075a4 (0x0170a533) x10 0x00000001
core   0: 0x800075a8 (0x9ae5b397) auipc   t2, 0x9ae5b
core   0: 3 0x800075a8 (0x9ae5b397) x 7 0x1ae625a8
core   0: 0x800075ac (0x007cf2b3) and     t0, s9, t2
core   0: 3 0x800075ac (0x007cf2b3) x 5 0x1ae625a8
core   0: 0x800075b0 (0x0069d013) srli    zero, s3, 6
core   0: 3 0x800075b0 (0x0069d013)
core   0: 0x800075b4 (0x00cf26b3) slt     a3, t5, a2
core   0: 3 0x800075b4 (0x00cf26b3) x13 0x00000001
core   0: 0x800075b8 (0x032f7bb3) remu    s7, t5, s2
core   0: 3 0x800075b8 (0x032f7bb3) x23 0x00000000
core   0: 0x800075bc (0x00eff663) bgeu    t6, a4, pc + 12
core   0: 3 0x800075bc (0x00eff663)
core   0: 0x800075c8 (0x997bb593) sltiu   a1, s7, -1641
core   0: 3 0x800075c8 (0x997bb593) x11 0x00000001
core   0: 0x800075cc (0x018bdc63) bge     s7, s8, pc + 24
core   0: 3 0x800075cc (0x018bdc63)
core   0: 0x800075e4 (0x026ac3b3) div     t2, s5, t1
core   0: 3 0x800075e4 (0x026ac3b3) x 7 0x00000000
core   0: 0x800075e8 (0x00471c93) slli    s9, a4, 4
core   0: 3 0x800075e8 (0x00471c93) x25 0x00000000
core   0: 0x800075ec (0x04a98463) beq     s3, a0, pc + 72
core   0: 3 0x800075ec (0x04a98463)
core   0: 0x800075f0 (0x41fa0a33) sub     s4, s4, t6
core   0: 3 0x800075f0 (0x41fa0a33) x20 0x7ffda1bc
core   0: 0x800075f4 (0x03e29333) mulh    t1, t0, t5
core   0: 3 0x800075f4 (0x03e29333) x 6 0x00000000
core   0: 0x800075f8 (0x41125693) srai    a3, tp, 17
core   0: 3 0x800075f8 (0x41125693) x13 0x00000000
core   0: 0x800075fc (0x0067e663) bltu    a5, t1, pc + 12
core   0: 3 0x800075fc (0x0067e663)
core   0: 0x80007600 (0xe0048797) auipc   a5, 0xe0048
core   0: 3 0x80007600 (0xe0048797) x15 0x6004f600
core   0: 0x80007604 (0x00000013) nop
core   0: 3 0x80007604 (0x00000013)
core   0: 0x80007608 (0x010561b3) or      gp, a0, a6
core   0: 3 0x80007608 (0x010561b3) x 3 0x00000003
core   0: 0x8000760c (0x01ae93b3) sll     t2, t4, s10
core   0: 3 0x8000760c (0x01ae93b3) x 7 0x02000000
core   0: 0x80007610 (0x02ecc6b3) div     a3, s9, a4
core   0: 3 0x80007610 (0x02ecc6b3) x13 0xffffffff
core   0: 0x80007614 (0x02811863) bne     sp, s0, pc + 48
core   0: 3 0x80007614 (0x02811863)
core   0: 0x80007644 (0x01b960b3) or      ra, s2, s11
core   0: 3 0x80007644 (0x01b960b3) x 1 0xfe00e5dd
core   0: 0x80007648 (0x036f3db3) mulhu   s11, t5, s6
core   0: 3 0x80007648 (0x036f3db3) x27 0x00000000
core   0: 0x8000764c (0xb1d1ff37) lui     t5, 0xb1d1f
core   0: 3 0x8000764c (0xb1d1ff37) x30 0xb1d1f000
core   0: 0x80007650 (0x004fa083) lw      ra, 4(t6)
core   0: 3 0x80007650 (0x004fa083) x 1 0x800023d8 mem 0x80025e48
core   0: 0x80007654 (0x020f8f93) addi    t6, t6, 32
core   0: 3 0x80007654 (0x020f8f93) x31 0x80025e64
core   0: 0x80007658 (0xb0d6a593) slti    a1, a3, -1267
core   0: 3 0x80007658 (0xb0d6a593) x11 0x00000000
core   0: 0x8000765c (0x0236a1b3) mulhsu  gp, a3, gp
core   0: 3 0x8000765c (0x0236a1b3) x 3 0xffffffff
core   0: 0x80007660 (0x00000013) nop
core   0: 3 0x80007660 (0x00000013)
core   0: 0x80007664 (0x00108713) addi    a4, ra, 1
core   0: 3 0x80007664 (0x00108713) x14 0x800023d9
core   0: 0x80007668 (0x00070767) jalr    a4, a4, 0
core   0: 3 0x80007668 (0x00070767) x14 0x8000766c
core   0: 0x800023d8 (0x01311813) slli    a6, sp, 19
core   0: 3 0x800023d8 (0x01311813) x16 0x00000000
core   0: 0x800023dc (0xe8b4cd13) xori    s10, s1, -373
core   0: 3 0x800023dc (0xe8b4cd13) x26 0x7ffd626f
core   0: 0x800023e0 (0x013b0c33) add     s8, s6, s3
core   0: 3 0x800023e0 (0x013b0c33) x24 0x00000000
core   0: 0x800023e4 (0x1debc393) xori    t2, s7, 478
core   0: 3 0x800023e4 (0x1debc393) x 7 0x000001de
core   0: 0x800023e8 (0x02f3cbb3) div     s7, t2, a5
core   0: 3 0x800023e8 (0x02f3cbb3) x23 0x00000000
core   0: 0x800023ec (0x00215e63) bge     sp, sp, pc + 28
core   0: 3 0x800023ec (0x00215e63)
core   0: 0x80002408 (0x40c9da33) sra     s4, s3, a2
core   0: 3 0x80002408 (0x40c9da33) x20 0x00000000
core   0: 0x8000240c (0x03811ab3) mulh    s5, sp, s8
core   0: 3 0x8000240c (0x03811ab3) x21 0x00000000
core   0: 0x80002410 (0x0e3f6f13) ori     t5, t5, 227
core   0: 3 0x80002410 (0x0e3f6f13) x30 0xb1d1f0e3
core   0: 0x80002414 (0x00000013) nop
core   0: 3 0x80002414 (0x00000013)
core   0: 0x80002418 (0x00bdf663) bgeu    s11, a1, pc + 12
core   0: 3 0x80002418 (0x00bdf663)
core   0: 0x80002424 (0x01106263) bltu    zero, a7, pc + 4
core   0: 3 0x80002424 (0x01106263)
core   0: 0x80002428 (0x03054263) blt     a0, a6, pc + 36
core   0: 3 0x80002428 (0x03054263)
core   0: 0x8000242c (0x05e64063) blt     a2, t5, pc + 64
core   0: 3 0x8000242c (0x05e64063)
core   0: 0x80002430 (0x01f77bb3) and     s7, a4, t6
core   0: 3 0x80002430 (0x01f77bb3) x23 0x80005664
core   0: 0x80002434 (0x413c5813) srai    a6, s8, 19
core   0: 3 0x80002434 (0x413c5813) x16 0x00000000
core   0: 0x80002438 (0x05361663) bne     a2, s3, pc + 76
core   0: 3 0x80002438 (0x05361663)
core   0: 0x80002484 (0x01ccad33) slt     s10, s9, t3
core   0: 3 0x80002484 (0x01ccad33) x26 0x00000000
core   0: 0x80002488 (0x0175e533) or      a0, a1, s7
core   0: 3 0x80002488 (0x0175e533) x10 0x80005664
core   0: 0x8000248c (0xd8b96313) ori     t1, s2, -629
core   0: 3 0x8000248c (0xd8b96313) x 6 0xfffffddf
core   0: 0x80002490 (0x04d8d663) bge     a7, a3, pc + 76
core   0: 3 0x80002490 (0x04d8d663)
core   0: 0x800024dc (0x030da233) mulhsu  tp, s11, a6
core   0: 3 0x800024dc (0x030da233) x 4 0x00000000
core   0: 0x800024e0 (0x5b9cab93) slti    s7, s9, 1465
core   0: 3 0x800024e0 (0x5b9cab93) x23 0x00000001
core   0: 0x800024e4 (0x03ebc7b3) div     a5, s7, t5
core   0: 3 0x800024e4 (0x03ebc7b3) x15 0x00000000
core   0: 0x800024e8 (0x01a38863) beq     t2, s10, pc + 16
core   0: 3 0x800024e8 (0x01a38863)
core   0: 0x800024ec (0x01062bb3) slt     s7, a2, a6
core   0: 3 0x800024ec (0x01062bb3) x23 0x00000000
core   0: 0x800024f0 (0x00c07e63) bgeu    zero, a2, pc + 28
core   0: 3 0x800024f0 (0x00c07e63)
core   0: 0x800024f4 (0x54e2e693) ori     a3, t0, 1358
core   0: 3 0x800024f4 (0x54e2e693) x13 0x1ae625ee
core   0: 0x800024f8 (0x41f586b3) sub     a3, a1, t6
core   0: 3 0x800024f8 (0x41f586b3) x13 0x7ffda19c
core   0: 0x800024fc (0x00000013) nop
core   0: 3 0x800024fc (0x00000013)
core   0: 0x80002500 (0x00740533) add     a0, s0, t2
core   0: 3 0x80002500 (0x00740533) x10 0x03fa35a8
core   0: 0x80002504 (0x581d4693) xori    a3, s10, 1409
core   0: 3 0x80002504 (0x581d4693) x13 0x00000581
core   0: 0x80002508 (0x00000013) nop
core   0: 3 0x80002508 (0x00000013)
core   0: 0x8000250c (0x02255463) bge     a0, sp, pc + 40
core   0: 3 0x8000250c (0x02255463)
core   0: 0x80002534 (0x0314c833) div     a6, s1, a7
core   0: 3 0x80002534 (0x0314c833) x16 0xffdfd060
core   0: 0x80002538 (0x031a5863) bge     s4, a7, pc + 48
core   0: 3 0x80002538 (0x031a5863)
core   0: 0x8000253c (0x02d9c3b3) div     t2, s3, a3
core   0: 3 0x8000253c (0x02d9c3b3) x 7 0x00000000
core   0: 0x80002540 (0x01073333) sltu    t1, a4, a6
core   0: 3 0x80002540 (0x01073333) x 6 0x00000001
core   0: 0x80002544 (0x41578db3) sub     s11, a5, s5
core   0: 3 0x80002544 (0x41578db3) x27 0x00000000
core   0: 0x80002548 (0x40f18f33) sub     t5, gp, a5
core   0: 3 0x80002548 (0x40f18f33) x30 0xffffffff
core   0: 0x8000254c (0xbe483413) sltiu   s0, a6, -1052
core   0: 3 0x8000254c (0xbe483413) x 8 0x00000001
core   0: 0x80002550 (0x01bf7463) bgeu    t5, s11, pc + 8
core   0: 3 0x80002550 (0x01bf7463)
core   0: 0x80002558 (0x04fd8263) beq     s11, a5, pc + 68
core   0: 3 0x80002558 (0x04fd8263)
core   0: 0x8000259c (0x41f65793) srai    a5, a2, 31
core   0: 3 0x8000259c (0x41f65793) x15 0x00000000
core   0: 0x800025a0 (0x028fb5b3) mulhu   a1, t6, s0
core   0: 3 0x800025a0 (0x028fb5b3) x11 0x00000000
core   0: 0x800025a4 (0x01341db3) sll     s11, s0, s3
core   0: 3 0x800025a4 (0x01341db3) x27 0x00000001
core   0: 0x800025a8 (0x59644617) auipc   a2, 0x59644
core   0: 3 0x800025a8 (0x59644617) x12 0xd96465a8
core   0: 0x800025ac (0x01b673b3) and     t2, a2, s11
core   0: 3 0x800025ac (0x01b673b3) x 7 0x00000000
core   0: 0x800025b0 (0x004ff1b3) and     gp, t6, tp
core   0: 3 0x800025b0 (0x004ff1b3) x 3 0x00000000
core   0: 0x800025b4 (0x02604933) div     s2, zero, t1
core   0: 3 0x800025b4 (0x02604933) x18 0x00000000
core   0: 0x800025b8 (0x00000013) nop
core   0: 3 0x800025b8 (0x00000013)
core   0: 0x800025bc (0x00ccf5b3) and     a1, s9, a2
core   0: 3 0x800025bc (0x00ccf5b3) x11 0x00000000
core   0: 0x800025c0 (0x021382b3) mul     t0, t2, ra
core   0: 3 0x800025c0 (0x021382b3) x 5 0x00000000
core   0: 0x800025c4 (0xf4f56213) ori     tp, a0, -177
core   0: 3 0x800025c4 (0xf4f56213) x 4 0xffffffef
core   0: 0x800025c8 (0x03590ab3) mul     s5, s2, s5
core   0: 3 0x800025c8 (0x03590ab3) x21 0x00000000
core   0: 0x800025cc (0x00ff5713) srli    a4, t5, 15
core   0: 3 0x800025cc (0x00ff5713) x14 0x0001ffff
core   0: 0x800025d0 (0xcfd9b693) sltiu   a3, s3, -771
core   0: 3 0x800025d0 (0xcfd9b693) x13 0x00000001
core   0: 0x800025d4 (0x011e0663) beq     t3, a7, pc + 12
core   0: 3 0x800025d4 (0x011e0663)
core   0: 0x800025d8 (0x41dada13) srai    s4, s5, 29
core   0: 3 0x800025d8 (0x41dada13) x20 0x00000000
core   0: 0x800025dc (0x40f38a33) sub     s4, t2, a5
core   0: 3 0x800025dc (0x40f38a33) x20 0x00000000
core   0: 0x800025e0 (0x87233a93) sltiu   s5, t1, -1934
core   0: 3 0x800025e0 (0x87233a93) x21 0x00000001
core   0: 0x800025e4 (0x00f7bcb3) sltu    s9, a5, a5
core   0: 3 0x800025e4 (0x00f7bcb3) x25 0x00000000
core   0: 0x800025e8 (0x04109663) bne     ra, ra, pc + 76
core   0: 3 0x800025e8 (0x04109663)
core   0: 0x800025ec (0x01ff5693) srli    a3, t5, 31
core   0: 3 0x800025ec (0x01ff5693) x13 0x00000001
core   0: 0x800025f0 (0x002bc0b3) xor     ra, s7, sp
core   0: 3 0x800025f0 (0x002bc0b3) x 1 0x80000000
core   0: 0x800025f4 (0x00000013) nop
core   0: 3 0x800025f4 (0x00000013)
core   0: 0x800025f8 (0x0244f433) remu    s0, s1, tp
core   0: 3 0x800025f8 (0x0244f433) x 8 0x80029ce4
core   0: 0x800025fc (0x003b0533) add     a0, s6, gp
core   0: 3 0x800025fc (0x003b0533) x10 0x00000000
core   0: 0x80002600 (0x5d722093) slti    ra, tp, 1495
core   0: 3 0x80002600 (0x5d722093) x 1 0x00000001
core   0: 0x80002604 (0x017ab3b3) sltu    t2, s5, s7
core   0: 3 0x80002604 (0x017ab3b3) x 7 0x00000000
core   0: 0x80002608 (0x45654a93) xori    s5, a0, 1110
core   0: 3 0x80002608 (0x45654a93) x21 0x00000456
core   0: 0x8000260c (0x03b10cb3) mul     s9, sp, s11
core   0: 3 0x8000260c (0x03b10cb3) x25 0x80000000
core   0: 0x80002610 (0x41a6d693) srai    a3, a3, 26
core   0: 3 0x80002610 (0x41a6d693) x13 0x00000000
core   0: 0x80002614 (0x0042d263) bge     t0, tp, pc + 4
core   0: 3 0x80002614 (0x0042d263)
core   0: 0x80002618 (0x02cf60b3) rem     ra, t5, a2
core   0: 3 0x80002618 (0x02cf60b3) x 1 0xffffffff
core   0: 0x8000261c (0x03602e33) mulhsu  t3, zero, s6
core   0: 3 0x8000261c (0x03602e33) x28 0x00000000
core   0: 0x80002620 (0x68b2f097) auipc   ra, 0x68b2f
core   0: 3 0x80002620 (0x68b2f097) x 1 0xe8b31620
core   0: 0x80002624 (0x02b40463) beq     s0, a1, pc + 40
core   0: 3 0x80002624 (0x02b40463)
core   0: 0x80002628 (0x02a4c433) div     s0, s1, a0
core   0: 3 0x80002628 (0x02a4c433) x 8 0xffffffff
core   0: 0x8000262c (0x036872b3) remu    t0, a6, s6
core   0: 3 0x8000262c (0x036872b3) x 5 0xffdfd060
core   0: 0x80002630 (0x02a6ab33) mulhsu  s6, a3, a0
core   0: 3 0x80002630 (0x02a6ab33) x22 0x00000000
core   0: 0x80002634 (0x02baf263) bgeu    s5, a1, pc + 36
core   0: 3 0x80002634 (0x02baf263)
core   0: 0x80002658 (0x00919e63) bne     gp, s1, pc + 28
core   0: 3 0x80002658 (0x00919e63)
core   0: 0x80002674 (0x03abcc63) blt     s7, s10, pc + 56
core   0: 3 0x80002674 (0x03abcc63)
core   0: 0x80002678 (0x01c48533) add     a0, s1, t3
core   0: 3 0x80002678 (0x01c48533) x10 0x80029ce4
core   0: 0x8000267c (0x2c7caa93) slti    s5, s9, 711
core   0: 3 0x8000267c (0x2c7caa93) x21 0x00000001
core   0: 0x80002680 (0x0072c433) xor     s0, t0, t2
core   0: 3 0x80002680 (0x0072c433) x 8 0xffdfd060
core   0: 0x80002684 (0x4056dcb3) sra     s9, a3, t0
core   0: 3 0x80002684 (0x4056dcb3) x25 0x00000000
core   0: 0x80002688 (0x03980db3) mul     s11, a6, s9
core   0: 3 0x80002688 (0x03980db3) x27 0x00000000
core   0: 0x8000268c (0x00c8cb33) xor     s6, a7, a2
core   0: 3 0x8000268c (0x00c8cb33) x22 0xd9646652
core   0: 0x80002690 (0x01d58733) add     a4, a1, t4
core   0: 3 0x80002690 (0x01d58733) x14 0x00000001
core   0: 0x80002694 (0xf6be6093) ori     ra, t3, -149
core   0: 3 0x80002694 (0xf6be6093) x 1 0xffffff6b
core   0: 0x80002698 (0x8b242193) slti    gp, s0, -1870
core   0: 3 0x80002698 (0x8b242193) x 3 0x00000001
core   0: 0x8000269c (0x0303e7b3) rem     a5, t2, a6
core   0: 3 0x8000269c (0x0303e7b3) x15 0x00000000
core   0: 0x800026a0 (0x00000013) nop
core   0: 3 0x800026a0 (0x00000013)
core   0: 0x800026a4 (0x00000013) nop
core   0: 3 0x800026a4 (0x00000013)
core   0: 0x800026a8 (0x039b3db3) mulhu   s11, s6, s9
core   0: 3 0x800026a8 (0x039b3db3) x27 0x00000000
core   0: 0x800026ac (0x35a72993) slti    s3, a4, 858
core   0: 3 0x800026ac (0x35a72993) x19 0x00000001
core   0: 0x800026b0 (0x02faa033) mulhsu  zero, s5, a5
core   0: 3 0x800026b0 (0x02faa033)
core   0: 0x800026b4 (0x0066b0b3) sltu    ra, a3, t1
core   0: 3 0x800026b4 (0x0066b0b3) x 1 0x00000001
core   0: 0x800026b8 (0x02777f33) remu    t5, a4, t2
core   0: 3 0x800026b8 (0x02777f33) x30 0x00000001
core   0: 0x800026bc (0x025b4463) blt     s6, t0, pc + 40
core   0: 3 0x800026bc (0x025b4463)
core   0: 0x800026e4 (0x035c90b3) mulh    ra, s9, s5
core   0: 3 0x800026e4 (0x035c90b3) x 1 0x00000000
core   0: 0x800026e8 (0x039fceb3) div     t4, t6, s9
core   0: 3 0x800026e8 (0x039fceb3) x29 0xffffffff
core   0: 0x800026ec (0x02d00263) beq     zero, a3, pc + 36
core   0: 3 0x800026ec (0x02d00263)
core   0: 0x80002710 (0x00c34663) blt     t1, a2, pc + 12
core   0: 3 0x80002710 (0x00c34663)
core   0: 0x80002714 (0x00f098b3) sll     a7, ra, a5
core   0: 3 0x80002714 (0x00f098b3) x17 0x00000000
core   0: 0x80002718 (0x007085b3) add     a1, ra, t2
core   0: 3 0x80002718 (0x007085b3) x11 0x00000000
core   0: 0x8000271c (0x40a78d33) sub     s10, a5, a0
core   0: 3 0x8000271c (0x40a78d33) x26 0x7ffd631c
core   0: 0x80002720 (0x40515633) sra     a2, sp, t0
core   0: 3 0x80002720 (0x40515633) x12 0x80000000
core   0: 0x80002724 (0x5d1ff593) andi    a1, t6, 1489
core   0: 3 0x80002724 (0x5d1ff593) x11 0x00000440
core   0: 0x80002728 (0xb2650593) addi    a1, a0, -1242
core   0: 3 0x80002728 (0xb2650593) x11 0x8002980a
core   0: 0x8000272c (0x00621bb3) sll     s7, tp, t1
core   0: 3 0x8000272c (0x00621bb3) x23 0xffffffde
core   0: 0x80002730 (0x01ac5533) srl     a0, s8, s10
core   0: 3 0x80002730 (0x01ac5533) x10 0x00000000
core   0: 0x80002734 (0x03e3d833) divu    a6, t2, t5
core   0: 3 0x80002734 (0x03e3d833) x16 0x00000000
core   0: 0x80002738 (0x03f2ff33) remu    t5, t0, t6
core   0: 3 0x80002738 (0x03f2ff33) x30 0x7fdd71fc
core   0: 0x8000273c (0x0be24913) xori    s2, tp, 190
core   0: 3 0x8000273c (0x0be24913) x18 0xffffff51
core   0: 0x80002740 (0x9c2afdb7) lui     s11, 0x9c2af
core   0: 3 0x80002740 (0x9c2afdb7) x27 0x9c2af000
core   0: 0x80002744 (0xc2e4c593) xori    a1, s1, -978
core   0: 3 0x80002744 (0xc2e4c593) x11 0x7ffd60ca
core   0: 0x80002748 (0x03aa3733) mulhu   a4, s4, s10
core   0: 3 0x80002748 (0x03aa3733) x14 0x00000000
core   0: 0x8000274c (0xfd85b097) auipc   ra, 0xfd85b
core   0: 3 0x8000274c (0xfd85b097) x 1 0x7d85d74c
core   0: 0x80002750 (0x00ba77b3) and     a5, s4, a1
core   0: 3 0x80002750 (0x00ba77b3) x15 0x00000000
core   0: 0x80002754 (0x00dac2b3) xor     t0, s5, a3
core   0: 3 0x80002754 (0x00dac2b3) x 5 0x00000001
core   0: 0x80002758 (0x00b35663) bge     t1, a1, pc + 12
core   0: 3 0x80002758 (0x00b35663)
core   0: 0x8000275c (0x73272997) auipc   s3, 0x73272
core   0: 3 0x8000275c (0x73272997) x19 0xf327475c
core   0: 0x80002760 (0x2850fe13) andi    t3, ra, 645
core   0: 3 0x80002760 (0x2850fe13) x28 0x00000204
core   0: 0x80002764 (0x02a3de63) bge     t2, a0, pc + 60
core   0: 3 0x80002764 (0x02a3de63)
core   0: 0x800027a0 (0x02700033) mul     zero, zero, t2
core   0: 3 0x800027a0 (0x02700033)
core   0: 0x800027a4 (0x02925663) bge     tp, s1, pc + 44
core   0: 3 0x800027a4 (0x02925663)
core   0: 0x800027d0 (0x023d5863) bge     s10, gp, pc + 48
core   0: 3 0x800027d0 (0x023d5863)
core   0: 0x80002800 (0x01368933) add     s2, a3, s3
core   0: 3 0x80002800 (0x01368933) x18 0xf327475c
core   0: 0x80002804 (0x0195e1b3) or      gp, a1, s9
core   0: 3 0x80002804 (0x0195e1b3) x 3 0x7ffd60ca
core   0: 0x80002808 (0x02b7a7b3) mulhsu  a5, a5, a1
core   0: 3 0x80002808 (0x02b7a7b3) x15 0x00000000
core   0: 0x8000280c (0x00ee1513) slli    a0, t3, 14
core   0: 3 0x8000280c (0x00ee1513) x10 0x00810000
core   0: 0x80002810 (0x00c20733) add     a4, tp, a2
core   0: 3 0x80002810 (0x00c20733) x14 0x7fffffef
core   0: 0x80002814 (0x0165d213) srli    tp, a1, 22
core   0: 3 0x80002814 (0x0165d213) x 4 0x000001ff
core   0: 0x80002818 (0x022b38b3) mulhu   a7, s6, sp
core   0: 3 0x80002818 (0x022b38b3) x17 0x6cb23329
core   0: 0x8000281c (0x93c50893) addi    a7, a0, -1732
core   0: 3 0x8000281c (0x93c50893) x17 0x0080f93c
core   0: 0x80002820 (0x02c098b3) mulh    a7, ra, a2
core   0: 3 0x80002820 (0x02c098b3) x17 0xc13d145a
core   0: 0x80002824 (0x0202d5b3) divu    a1, t0, zero
core   0: 3 0x80002824 (0x0202d5b3) x11 0xffffffff
core   0: 0x80002828 (0x008e1e13) slli    t3, t3, 8
core   0: 3 0x80002828 (0x008e1e13) x28 0x00020400
core   0: 0x8000282c (0x02e2cc63) blt     t0, a4, pc + 56
core   0: 3 0x8000282c (0x02e2cc63)
core   0: 0x80002864 (0x02d35e63) bge     t1, a3, pc + 60
core   0: 3 0x80002864 (0x02d35e63)
core   0: 0x800028a0 (0xfd03f893) andi    a7, t2, -48
core   0: 3 0x800028a0 (0xfd03f893) x17 0x00000000
core   0: 0x800028a4 (0x0247acb3) mulhsu  s9, a5, tp
core   0: 3 0x800028a4 (0x0247acb3) x25 0x00000000
core   0: 0x800028a8 (0xaf452417) auipc   s0, 0xaf452
core   0: 3 0x800028a8 (0xaf452417) x 8 0x2f4548a8
core   0: 0x800028ac (0xde4ab793) sltiu   a5, s5, -540
core   0: 3 0x800028ac (0xde4ab793) x15 0x00000001
core   0: 0x800028b0 (0x02239863) bne     t2, sp, pc + 48
core   0: 3 0x800028b0 (0x02239863)
core   0: 0x800028e0 (0x03ac5c63) bge     s8, s10, pc + 56
core   0: 3 0x800028e0 (0x03ac5c63)
core   0: 0x800028e4 (0x41200b33) sub     s6, zero, s2
core   0: 3 0x800028e4 (0x41200b33) x22 0x0cd8b8a4
core   0: 0x800028e8 (0x00746a63) bltu    s0, t2, pc + 20
core   0: 3 0x800028e8 (0x00746a63)
core   0: 0x800028ec (0x03a15633) divu    a2, sp, s10
core   0: 3 0x800028ec (0x03a15633) x12 0x00000001
core   0: 0x800028f0 (0x032f57b3) divu    a5, t5, s2
core   0: 3 0x800028f0 (0x032f57b3) x15 0x00000000
core   0: 0x800028f4 (0x015febb3) or      s7, t6, s5
core   0: 3 0x800028f4 (0x015febb3) x23 0x80025e65
core   0: 0x800028f8 (0xf962f013) andi    zero, t0, -106
core   0: 3 0x800028f8 (0xf962f013)
core   0: 0x800028fc (0x02606263) bltu    zero, t1, pc + 36
core   0: 3 0x800028fc (0x02606263)
core   0: 0x80002920 (0x00dceeb3) or      t4, s9, a3
core   0: 3 0x80002920 (0x00dceeb3) x29 0x00000000
core   0: 0x80002924 (0x03b0b433) mulhu   s0, ra, s11
core   0: 3 0x80002924 (0x03b0b433) x 8 0x4c929cd5
core   0: 0x80002928 (0x02f2b233) mulhu   tp, t0, a5
core   0: 3 0x80002928 (0x02f2b233) x 4 0x00000000
core   0: 0x8000292c (0x00000013) nop
core   0: 3 0x8000292c (0x00000013)
core   0: 0x80002930 (0x038fab33) mulhsu  s6, t6, s8
core   0: 3 0x80002930 (0x038fab33) x22 0x00000000
core   0: 0x80002934 (0x02b29e33) mulh    t3, t0, a1
core   0: 3 0x80002934 (0x02b29e33) x28 0xffffffff
core   0: 0x80002938 (0x000ee433) or      s0, t4, zero
core   0: 3 0x80002938 (0x000ee433) x 8 0x00000000
core   0: 0x8000293c (0x0364e3b3) rem     t2, s1, s6
core   0: 3 0x8000293c (0x0364e3b3) x 7 0x80029ce4
core   0: 0x80002940 (0xa9bafb93) andi    s7, s5, -1381
core   0: 3 0x80002940 (0xa9bafb93) x23 0x00000001
core   0: 0x80002944 (0x0228e5b3) rem     a1, a7, sp
core   0: 3 0x80002944 (0x0228e5b3) x11 0x00000000
core   0: 0x80002948 (0x00979e13) slli    t3, a5, 9
core   0: 3 0x80002948 (0x00979e13) x28 0x00000000
core   0: 0x8000294c (0x00000013) nop
core   0: 3 0x8000294c (0x00000013)
core   0: 0x80002950 (0x08cf3eb7) lui     t4, 0x8cf3
core   0: 3 0x80002950 (0x08cf3eb7) x29 0x08cf3000
core   0: 0x80002954 (0x01965f33) srl     t5, a2, s9
core   0: 3 0x80002954 (0x01965f33) x30 0x00000001
core   0: 0x80002958 (0xddaafc93) andi    s9, s5, -550
core   0: 3 0x80002958 (0xddaafc93) x25 0x00000000
core   0: 0x8000295c (0x02a33bb3) mulhu   s7, t1, a0
core   0: 3 0x8000295c (0x02a33bb3) x23 0x00000000
core   0: 0x80002960 (0x01c88663) beq     a7, t3, pc + 12
core   0: 3 0x80002960 (0x01c88663)
core   0: 0x8000296c (0x03128933) mul     s2, t0, a7
core   0: 3 0x8000296c (0x03128933) x18 0x00000000
core   0: 0x80002970 (0x03b4e6b3) rem     a3, s1, s11
core   0: 3 0x80002970 (0x03b4e6b3) x13 0xe3d7ace4
core   0: 0x80002974 (0x29263413) sltiu   s0, a2, 658
core   0: 3 0x80002974 (0x29263413) x 8 0x00000001
core   0: 0x80002978 (0x410ed413) srai    s0, t4, 16
core   0: 3 0x80002978 (0x410ed413) x 8 0x000008cf
core   0: 0x8000297c (0x1b546513) ori     a0, s0, 437
core   0: 3 0x8000297c (0x1b546513) x10 0x000009ff
core   0: 0x80002980 (0x415e5033) sra     zero, t3, s5
core   0: 3 0x80002980 (0x415e5033)
core   0: 0x80002984 (0x02dd9463) bne     s11, a3, pc + 40
core   0: 3 0x80002984 (0x02dd9463)
core   0: 0x800029ac (0x59c93793) sltiu   a5, s2, 1436
core   0: 3 0x800029ac (0x59c93793) x15 0x00000001
core   0: 0x800029b0 (0xf88cf593) andi    a1, s9, -120
core   0: 3 0x800029b0 (0xf88cf593) x11 0x00000000
core   0: 0x800029b4 (0x036248b3) div     a7, tp, s6
core   0: 3 0x800029b4 (0x036248b3) x17 0xffffffff
core   0: 0x800029b8 (0x023282b3) mul     t0, t0, gp
core   0: 3 0x800029b8 (0x023282b3) x 5 0x7ffd60ca
core   0: 0x800029bc (0xaf128f13) addi    t5, t0, -1295
core   0: 3 0x800029bc (0xaf128f13) x30 0x7ffd5bbb
core   0: 0x800029c0 (0x01b4ee33) or      t3, s1, s11
core   0: 3 0x800029c0 (0x01b4ee33) x28 0x9c2afce4
core   0: 0x800029c4 (0x41d18cb3) sub     s9, gp, t4
core   0: 3 0x800029c4 (0x41d18cb3) x25 0x772e30ca
core   0: 0x800029c8 (0x33674a93) xori    s5, a4, 822
core   0: 3 0x800029c8 (0x33674a93) x21 0x7ffffcd9
core   0: 0x800029cc (0x7c66c517) auipc   a0, 0x7c66c
core   0: 3 0x800029cc (0x7c66c517) x10 0xfc66e9cc
core   0: 0x800029d0 (0x055a6663) bltu    s4, s5, pc + 76
core   0: 3 0x800029d0 (0x055a6663)
core   0: 0x80002a1c (0x033c4bb3) div     s7, s8, s3
core   0: 3 0x80002a1c (0x033c4bb3) x23 0x00000000
core   0: 0x80002a20 (0x03fc0bb3) mul     s7, s8, t6
core   0: 3 0x80002a20 (0x03fc0bb3) x23 0x00000000
core   0: 0x80002a24 (0x031ec5b3) div     a1, t4, a7
core   0: 3 0x80002a24 (0x031ec5b3) x11 0xf730d000
core   0: 0x80002a28 (0x001a1ab3) sll     s5, s4, ra
core   0: 3 0x80002a28 (0x001a1ab3) x21 0x00000000
core   0: 0x80002a2c (0x20256f17) auipc   t5, 0x20256
core   0: 3 0x80002a2c (0x20256f17) x30 0xa0258a2c
core   0: 0x80002a30 (0x01fcde33) srl     t3, s9, t6
core   0: 3 0x80002a30 (0x01fcde33) x28 0x0772e30c
core   0: 0x80002a34 (0x002fc3b3) xor     t2, t6, sp
core   0: 3 0x80002a34 (0x002fc3b3) x 7 0x00025e64
core   0: 0x80002a38 (0x030cbcb3) mulhu   s9, s9, a6
core   0: 3 0x80002a38 (0x030cbcb3) x25 0x00000000
core   0: 0x80002a3c (0x6249fe17) auipc   t3, 0x6249f
core   0: 3 0x80002a3c (0x6249fe17) x28 0xe24a1a3c
core   0: 0x80002a40 (0x01c0f863) bgeu    ra, t3, pc + 16
core   0: 3 0x80002a40 (0x01c0f863)
core   0: 0x80002a44 (0x419e0f33) sub     t5, t3, s9
core   0: 3 0x80002a44 (0x419e0f33) x30 0xe24a1a3c
core   0: 0x80002a48 (0x621f7913) andi    s2, t5, 1569
core   0: 3 0x80002a48 (0x621f7913) x18 0x00000220
core   0: 0x80002a4c (0x00be6e63) bltu    t3, a1, pc + 28
core   0: 3 0x80002a4c (0x00be6e63)
core   0: 0x80002a68 (0x032a5f33) divu    t5, s4, s2
core   0: 3 0x80002a68 (0x032a5f33) x30 0x00000000
core   0: 0x80002a6c (0x00ed92b3) sll     t0, s11, a4
core   0: 3 0x80002a6c (0x00ed92b3) x 5 0x78000000
core   0: 0x80002a70 (0x7e85a013) slti    zero, a1, 2024
core   0: 3 0x80002a70 (0x7e85a013)
core   0: 0x80002a74 (0x00000013) nop
core   0: 3 0x80002a74 (0x00000013)
core   0: 0x80002a78 (0x05bd8863) beq     s11, s11, pc + 80
core   0: 3 0x80002a78 (0x05bd8863)
core   0: 0x80002ac8 (0x002c5833) srl     a6, s8, sp
core   0: 3 0x80002ac8 (0x002c5833) x16 0x00000000
core   0: 0x80002acc (0x00009a97) auipc   s5, 0x9
core   0: 3 0x80002acc (0x00009a97) x21 0x8000bacc
core   0: 0x80002ad0 (0x594a8a93) addi    s5, s5, 1428
core   0: 3 0x80002ad0 (0x594a8a93) x21 0x8000c060
core   0: 0x80002ad4 (0xc6e50c93) addi    s9, a0, -914
core   0: 3 0x80002ad4 (0xc6e50c93) x25 0xfc66e63a
core   0: 0x80002ad8 (0x15036c93) ori     s9, t1, 336
core   0: 3 0x80002ad8 (0x15036c93) x25 0x00000151
core   0: 0x80002adc (0x01031c93) slli    s9, t1, 16
core   0: 3 0x80002adc (0x01031c93) x25 0x00010000
core   0: 0x80002ae0 (0x010169b3) or      s3, sp, a6
core   0: 3 0x80002ae0 (0x010169b3) x19 0x80000000
core   0: 0x80002ae4 (0x00fc1813) slli    a6, s8, 15
core   0: 3 0x80002ae4 (0x00fc1813) x16 0x00000000
core   0: 0x80002ae8 (0x019cdb93) srli    s7, s9, 25
core   0: 3 0x80002ae8 (0x019cdb93) x23 0x00000000
core   0: 0x80002aec (0xc39a8a93) addi    s5, s5, -967
core   0: 3 0x80002aec (0xc39a8a93) x21 0x8000bc99
core   0: 0x80002af0 (0x030e1833) mulh    a6, t3, a6
core   0: 3 0x80002af0 (0x030e1833) x16 0x00000000
core   0: 0x80002af4 (0x000dfcb3) and     s9, s11, zero
core   0: 3 0x80002af4 (0x000dfcb3) x25 0x00000000
core   0: 0x80002af8 (0x015a8463) beq     s5, s5, pc + 8
core   0: 3 0x80002af8 (0x015a8463)
core   0: 0x80002b00 (0x3c7a80e7) jalr    ra, s5, 967
core   0: 3 0x80002b00 (0x3c7a80e7) x 1 0x80002b04
core   0: 0x8000c060 (0xfccf8f93) addi    t6, t6, -52
core   0: 3 0x8000c060 (0xfccf8f93) x31 0x80025e30
core   0: 0x8000c064 (0x2ef9fe13) andi    t3, s3, 751
core   0: 3 0x8000c064 (0x2ef9fe13) x28 0x00000000
core   0: 0x8000c068 (0x00148533) add     a0, s1, ra
core   0: 3 0x8000c068 (0x00148533) x10 0x0002c7e8
core   0: 0x8000c06c (0x00eafc33) and     s8, s5, a4
core   0: 3 0x8000c06c (0x00eafc33) x24 0x0000bc89
core   0: 0x8000c070 (0x07297293) andi    t0, s2, 114
core   0: 3 0x8000c070 (0x07297293) x 5 0x00000020
core   0: 0x8000c074 (0x03147a33) remu    s4, s0, a7
core   0: 3 0x8000c074 (0x03147a33) x20 0x000008cf
core   0: 0x8000c078 (0xe3b06e17) auipc   t3, 0xe3b06
core   0: 3 0x8000c078 (0xe3b06e17) x28 0x63b12078
core   0: 0x8000c07c (0x001fa223) sw      ra, 4(t6)
core   0: 3 0x8000c07c (0x001fa223) mem 0x80025e34 0x80002b04
core   0: 0x8000c080 (0x574f8313) addi    t1, t6, 1396
core   0: 3 0x8000c080 (0x574f8313) x 6 0x800263a4
core   0: 0x8000c084 (0xffffb297) auipc   t0, 0xffffb
core   0: 3 0x8000c084 (0xffffb297) x 5 0x80007084
core   0: 0x8000c088 (0x5e828293) addi    t0, t0, 1512
core   0: 3 0x8000c088 (0x5e828293) x 5 0x8000766c
core   0: 0x8000c08c (0x003a9633) sll     a2, s5, gp
core   0: 3 0x8000c08c (0x003a9633) x12 0x02f26400
core   0: 0x8000c090 (0xf0e28293) addi    t0, t0, -242
core   0: 3 0x8000c090 (0xf0e28293) x 5 0x8000757a
core   0: 0x8000c094 (0x00000013) nop
core   0: 3 0x8000c094 (0x00000013)
core   0: 0x8000c098 (0x01d5de13) srli    t3, a1, 29
core   0: 3 0x8000c098 (0x01d5de13) x28 0x00000007
core   0: 0x8000c09c (0x01781813) slli    a6, a6, 23
core   0: 3 0x8000c09c (0x01781813) x16 0x00000000
core   0: 0x8000c0a0 (0xb3494193) xori    gp, s2, -1228
core   0: 3 0x8000c0a0 (0xb3494193) x 3 0xfffff914
core   0: 0x8000c0a4 (0x0f3280e7) jalr    ra, t0, 243
core   0: 3 0x8000c0a4 (0x0f3280e7) x 1 0x8000c0a8
core   0: 0x8000766c (0x70677c13) andi    s8, a4, 1798
core   0: 3 0x8000766c (0x70677c13) x24 0x00000706
core   0: 0x80007670 (0x03a93ab3) mulhu   s5, s2, s10
core   0: 3 0x80007670 (0x03a93ab3) x21 0x0000010f
core   0: 0x80007674 (0x5bde0513) addi    a0, t3, 1469
core   0: 3 0x80007674 (0x5bde0513) x10 0x000005c4
core   0: 0x80007678 (0xff4f8f93) addi    t6, t6, -12
core   0: 3 0x80007678 (0xff4f8f93) x31 0x80025e24
core   0: 0x8000767c (0x001fa223) sw      ra, 4(t6)
core   0: 3 0x8000767c (0x001fa223) mem 0x80025e28 0x8000c0a8
core   0: 0x80007680 (0x01347c33) and     s8, s0, s3
core   0: 3 0x80007680 (0x01347c33) x24 0x00000000
core   0: 0x80007684 (0x0000d617) auipc   a2, 0xd
core   0: 3 0x80007684 (0x0000d617) x12 0x80014684
core   0: 0x80007688 (0x57e60613) addi    a2, a2, 1406
core   0: 3 0x80007688 (0x57e60613) x12 0x80014c02
core   0: 0x8000768c (0x01cc96b3) sll     a3, s9, t3
core   0: 3 0x8000768c (0x01cc96b3) x13 0x00000000
core   0: 0x80007690 (0x759604a3) sb      s9, 1865(a2)
core   0: 3 0x80007690 (0x759604a3) mem 0x8001534b 0x0
core   0: 0x80007694 (0x03cb26b3) mulhsu  a3, s6, t3
core   0: 3 0x80007694 (0x03cb26b3) x13 0x00000000
core   0: 0x80007698 (0x37ec4b13) xori    s6, s8, 894
core   0: 3 0x80007698 (0x37ec4b13) x22 0x0000037e
core   0: 0x8000769c (0x3d560b03) lb      s6, 981(a2)
core   0: 3 0x8000769c (0x3d560b03) x22 0x00000000 mem 0x80014fd7
core   0: 0x800076a0 (0x1b660ba3) sb      s6, 439(a2)
core   0: 3 0x800076a0 (0x1b660ba3) mem 0x80014db9 0x0
core   0: 0x800076a4 (0x16545b37) lui     s6, 0x16545
core   0: 3 0x800076a4 (0x16545b37) x22 0x16545000
core   0: 0x800076a8 (0x80360683) lb      a3, -2045(a2)
core   0: 3 0x800076a8 (0x80360683) x13 0x00000000 mem 0x80014405
core   0: 0x800076ac (0xd6d61e23) sh      a3, -644(a2)
core   0: 3 0x800076ac (0xd6d61e23) mem 0x8001497e 0x0000
core   0: 0x800076b0 (0x02db3b33) mulhu   s6, s6, a3
core   0: 3 0x800076b0 (0x02db3b33) x22 0x00000000
core   0: 0x800076b4 (0x6ad62123) sw      a3, 1698(a2)
core   0: 3 0x800076b4 (0x6ad62123) mem 0x800152a4 0x00000000
core   0: 0x800076b8 (0x016a0c33) add     s8, s4, s6
core   0: 3 0x800076b8 (0x016a0c33) x24 0x000008cf
core   0: 0x800076bc (0xbd460623) sb      s4, -1076(a2)
core   0: 3 0x800076bc (0xbd460623) mem 0x800147ce 0xcf
core   0: 0x800076c0 (0x69a62b03) lw      s6, 1690(a2)
core   0: 3 0x800076c0 (0x69a62b03) x22 0x00000000 mem 0x8001529c
core   0: 0x800076c4 (0x038e6b33) rem     s6, t3, s8
core   0: 3 0x800076c4 (0x038e6b33) x22 0x00000007
core   0: 0x800076c8 (0x016a7b33) and     s6, s4, s6
core   0: 3 0x800076c8 (0x016a7b33) x22 0x00000007
core   0: 0x800076cc (0xf0e64c03) lbu     s8, -242(a2)
core   0: 3 0x800076cc (0xf0e64c03) x24 0x00000000 mem 0x80014b10
core   0: 0x800076d0 (0xa6c95a17) auipc   s4, 0xa6c95
core   0: 3 0x800076d0 (0xa6c95a17) x20 0x26c9c6d0
core   0: 0x800076d4 (0xcc064a03) lbu     s4, -832(a2)
core   0: 3 0x800076d4 (0xcc064a03) x20 0x00000000 mem 0x800148c2
core   0: 0x800076d8 (0x014c1a33) sll     s4, s8, s4
core   0: 3 0x800076d8 (0x014c1a33) x20 0x00000000
core   0: 0x800076dc (0x03cb56b3) divu    a3, s6, t3
core   0: 3 0x800076dc (0x03cb56b3) x13 0x00000001
core   0: 0x800076e0 (0x039ccc33) div     s8, s9, s9
core   0: 3 0x800076e0 (0x039ccc33) x24 0xffffffff
core   0: 0x800076e4 (0x75960ca3) sb      s9, 1881(a2)
core   0: 3 0x800076e4 (0x75960ca3) mem 0x8001535b 0x0
core   0: 0x800076e8 (0x019cc6b3) xor     a3, s9, s9
core   0: 3 0x800076e8 (0x019cc6b3) x13 0x00000000
core   0: 0x800076ec (0x038c0b33) mul     s6, s8, s8
core   0: 3 0x800076ec (0x038c0b33) x22 0x00000001
core   0: 0x800076f0 (0x1b660723) sb      s6, 430(a2)
core   0: 3 0x800076f0 (0x1b660723) mem 0x80014db0 0x1
core   0: 0x800076f4 (0xb72b4c93) xori    s9, s6, -1166
core   0: 3 0x800076f4 (0xb72b4c93) x25 0xfffffb73
core   0: 0x800076f8 (0x06360b03) lb      s6, 99(a2)
core   0: 3 0x800076f8 (0x06360b03) x22 0x00000000 mem 0x80014c65
core   0: 0x800076fc (0x81961623) sh      s9, -2036(a2)
core   0: 3 0x800076fc (0x81961623) mem 0x8001440e 0xfb73
core   0: 0x80007700 (0x038a4b33) div     s6, s4, s8
core   0: 3 0x80007700 (0x038a4b33) x22 0x00000000
core   0: 0x80007704 (0x016cb6b3) sltu    a3, s9, s6
core   0: 3 0x80007704 (0x016cb6b3) x13 0x00000000
core   0: 0x80007708 (0x2f065c83) lhu     s9, 752(a2)
core   0: 3 0x80007708 (0x2f065c83) x25 0x00000000 mem 0x80014ef2
core   0: 0x8000770c (0x005e6b13) ori     s6, t3, 5
core   0: 3 0x8000770c (0x005e6b13) x22 0x00000007
core   0: 0x80007710 (0x85160c03) lb      s8, -1967(a2)
core   0: 3 0x80007710 (0x85160c03) x24 0x00000000 mem 0x80014453
core   0: 0x80007714 (0x56ab7c13) andi    s8, s6, 1386
core   0: 3 0x80007714 (0x56ab7c13) x24 0x00000002
core   0: 0x80007718 (0x02368693) addi    a3, a3, 35
core   0: 3 0x80007718 (0x02368693) x13 0x00000023
core   0: 0x8000771c (0x034c4b33) div     s6, s8, s4
core   0: 3 0x8000771c (0x034c4b33) x22 0xffffffff
core   0: 0x80007720 (0x59960b03) lb      s6, 1433(a2)
core   0: 3 0x80007720 (0x59960b03) x22 0x00000000 mem 0x8001519b
core   0: 0x80007724 (0xd026cb13) xori    s6, a3, -766
core   0: 3 0x80007724 (0xd026cb13) x22 0xfffffd21
core   0: 0x80007728 (0x373cfe13) andi    t3, s9, 883
core   0: 3 0x80007728 (0x373cfe13) x28 0x00000000
core   0: 0x8000772c (0xd5a61683) lh      a3, -678(a2)
core   0: 3 0x8000772c (0xd5a61683) x13 0x00000000 mem 0x8001495c
core   0: 0x80007730 (0xa9461923) sh      s4, -1390(a2)
core   0: 3 0x80007730 (0xa9461923) mem 0x80014694 0x0000
core   0: 0x80007734 (0x00009617) auipc   a2, 0x9
core   0: 3 0x80007734 (0x00009617) x12 0x80010734
core   0: 0x80007738 (0xdd160613) addi    a2, a2, -559
core   0: 3 0x80007738 (0xdd160613) x12 0x80010505
core   0: 0x8000773c (0x00adc5b3) xor     a1, s11, a0
core   0: 3 0x8000773c (0x00adc5b3) x11 0x9c2af5c4
core   0: 0x80007740 (0x00adc533) xor     a0, s11, a0
core   0: 3 0x80007740 (0x00adc533) x10 0x9c2af5c4
core   0: 0x80007744 (0x01560d83) lb      s11, 21(a2)
core   0: 3 0x80007744 (0x01560d83) x27 0x00000000 mem 0x8001051a
core   0: 0x80007748 (0x08060703) lb      a4, 128(a2)
core   0: 3 0x80007748 (0x08060703) x14 0x00000000 mem 0x80010585
core   0: 0x8000774c (0xabbdb713) sltiu   a4, s11, -1349
core   0: 3 0x8000774c (0xabbdb713) x14 0x00000001
core   0: 0x80007750 (0xf6b65003) lhu     zero, -149(a2)
core   0: 3 0x80007750 (0xf6b65003) mem 0x80010470
core   0: 0x80007754 (0x020df733) remu    a4, s11, zero
core   0: 3 0x80007754 (0x020df733) x14 0x00000000
core   0: 0x80007758 (0x02b71533) mulh    a0, a4, a1
core   0: 3 0x80007758 (0x02b71533) x10 0x00000000
core   0: 0x8000775c (0x02003db3) mulhu   s11, zero, zero
core   0: 3 0x8000775c (0x02003db3) x27 0x00000000
core   0: 0x80007760 (0x0ea64703) lbu     a4, 234(a2)
core   0: 3 0x80007760 (0x0ea64703) x14 0x00000000 mem 0x800105ef
core   0: 0x80007764 (0x41b40033) sub     zero, s0, s11
core   0: 3 0x80007764 (0x41b40033)
core   0: 0x80007768 (0xfae60aa3) sb      a4, -75(a2)
core   0: 3 0x80007768 (0xfae60aa3) mem 0x800104ba 0x0
core   0: 0x8000776c (0x02a02db3) mulhsu  s11, zero, a0
core   0: 3 0x8000776c (0x02a02db3) x27 0x00000000
core   0: 0x80007770 (0x04961003) lh      zero, 73(a2)
core   0: 3 0x80007770 (0x04961003) mem 0x8001054e
core   0: 0x80007774 (0x03b57733) remu    a4, a0, s11
core   0: 3 0x80007774 (0x03b57733) x14 0x00000000
core   0: 0x80007778 (0x00b60fa3) sb      a1, 31(a2)
core   0: 3 0x80007778 (0x00b60fa3) mem 0x80010524 0xc4
core   0: 0x8000777c (0x00edcdb3) xor     s11, s11, a4
core   0: 3 0x8000777c (0x00edcdb3) x27 0x00000000
core   0: 0x80007780 (0x02053733) mulhu   a4, a0, zero
core   0: 3 0x80007780 (0x02053733) x14 0x00000000
core   0: 0x80007784 (0x40045db3) sra     s11, s0, zero
core   0: 3 0x80007784 (0x40045db3) x27 0x000008cf
core   0: 0x80007788 (0x41b40033) sub     zero, s0, s11
core   0: 3 0x80007788 (0x41b40033)
core   0: 0x8000778c (0x02765003) lhu     zero, 39(a2)
core   0: 3 0x8000778c (0x02765003) mem 0x8001052c
core   0: 0x80007790 (0x00005733) srl     a4, zero, zero
core   0: 3 0x80007790 (0x00005733) x14 0x00000000
core   0: 0x80007794 (0x400d8033) sub     zero, s11, zero
core   0: 3 0x80007794 (0x400d8033)
core   0: 0x80007798 (0x08060583) lb      a1, 128(a2)
core   0: 3 0x80007798 (0x08060583) x11 0x00000000 mem 0x80010585
core   0: 0x8000779c (0x08e60623) sb      a4, 140(a2)
core   0: 3 0x8000779c (0x08e60623) mem 0x80010591 0x0
core   0: 0x800077a0 (0x02adc033) div     zero, s11, a0
core   0: 3 0x800077a0 (0x02adc033)
core   0: 0x800077a4 (0xfcb60523) sb      a1, -54(a2)
core   0: 3 0x800077a4 (0xfcb60523) mem 0x800104cf 0x0
core   0: 0x800077a8 (0x00e035b3) snez    a1, a4
core   0: 3 0x800077a8 (0x00e035b3) x11 0x00000000
core   0: 0x800077ac (0xd3b95437) lui     s0, 0xd3b95
core   0: 3 0x800077ac (0xd3b95437) x 8 0xd3b95000
core   0: 0x800077b0 (0x00a00733) add     a4, zero, a0
core   0: 3 0x800077b0 (0x00a00733) x14 0x00000000
core   0: 0x800077b4 (0x020dbdb3) mulhu   s11, s11, zero
core   0: 3 0x800077b4 (0x020dbdb3) x27 0x00000000
core   0: 0x800077b8 (0x04d65503) lhu     a0, 77(a2)
core   0: 3 0x800077b8 (0x04d65503) x10 0x00000000 mem 0x80010552
core   0: 0x800077bc (0x02841033) mulh    zero, s0, s0
core   0: 3 0x800077bc (0x02841033)
core   0: 0x800077c0 (0x78438d97) auipc   s11, 0x78438
core   0: 3 0x800077c0 (0x78438d97) x27 0xf843f7c0
core   0: 0x800077c4 (0x00805433) srl     s0, zero, s0
core   0: 3 0x800077c4 (0x00805433) x 8 0x00000000
core   0: 0x800077c8 (0xaf402713) slti    a4, zero, -1292
core   0: 3 0x800077c8 (0xaf402713) x14 0x00000000
core   0: 0x800077cc (0x02660d83) lb      s11, 38(a2)
core   0: 3 0x800077cc (0x02660d83) x27 0x00000000 mem 0x8001052b
core   0: 0x800077d0 (0xf5060d83) lb      s11, -176(a2)
core   0: 3 0x800077d0 (0xf5060d83) x27 0x00000000 mem 0x80010455
core   0: 0x800077d4 (0x02e035b3) mulhu   a1, zero, a4
core   0: 3 0x800077d4 (0x02e035b3) x11 0x00000000
core   0: 0x800077d8 (0xf2a64d83) lbu     s11, -214(a2)
core   0: 3 0x800077d8 (0xf2a64d83) x27 0x00000000 mem 0x8001042f
core   0: 0x800077dc (0x018000ef) jal     pc + 0x18
core   0: 3 0x800077dc (0x018000ef) x 1 0x800077e0
core   0: 0x800077f4 (0xff5ff0ef) jal     pc - 0xc
core   0: 3 0x800077f4 (0xff5ff0ef) x 1 0x800077f8
core   0: 0x800077e8 (0xff9ff36f) jal     t1, pc - 0x8
core   0: 3 0x800077e8 (0xff9ff36f) x 6 0x800077ec
core   0: 0x800077e0 (0x024000ef) jal     pc + 0x24
core   0: 3 0x800077e0 (0x024000ef) x 1 0x800077e4
core   0: 0x80007804 (0x008000ef) jal     pc + 0x8
core   0: 3 0x80007804 (0x008000ef) x 1 0x80007808
core   0: 0x8000780c (0xfedff2ef) jal     t0, pc - 0x14
core   0: 3 0x8000780c (0xfedff2ef) x 5 0x80007810
core   0: 0x800077f8 (0xfedff0ef) jal     pc - 0x14
core   0: 3 0x800077f8 (0xfedff0ef) x 1 0x800077fc
core   0: 0x800077e4 (0x024000ef) jal     pc + 0x24
core   0: 3 0x800077e4 (0x024000ef) x 1 0x800077e8
core   0: 0x80007808 (0x00800a6f) jal     s4, pc + 0x8
core   0: 3 0x80007808 (0x00800a6f) x20 0x8000780c
core   0: 0x80007810 (0x008000ef) jal     pc + 0x8
core   0: 3 0x80007810 (0x008000ef) x 1 0x80007814
core   0: 0x80007818 (0xfd5ff0ef) jal     pc - 0x2c
core   0: 3 0x80007818 (0xfd5ff0ef) x 1 0x8000781c
core   0: 0x800077ec (0x01000def) jal     s11, pc + 0x10
core   0: 3 0x800077ec (0x01000def) x27 0x800077f0
core   0: 0x800077fc (0xff5ff36f) jal     t1, pc - 0xc
core   0: 3 0x800077fc (0xff5ff36f) x 6 0x80007800
core   0: 0x800077f0 (0x02c000ef) jal     pc + 0x2c
core   0: 3 0x800077f0 (0x02c000ef) x 1 0x800077f4
core   0: 0x8000781c (0xff9ff0ef) jal     pc - 0x8
core   0: 3 0x8000781c (0xff9ff0ef) x 1 0x80007820
core   0: 0x80007814 (0xfedff3ef) jal     t2, pc - 0x14
core   0: 3 0x80007814 (0xfedff3ef) x 7 0x80007818
core   0: 0x80007800 (0x020000ef) jal     pc + 0x20
core   0: 3 0x80007800 (0x020000ef) x 1 0x80007804
core   0: 0x80007820 (0x01538bb3) add     s7, t2, s5
core   0: 3 0x80007820 (0x01538bb3) x23 0x80007927
core   0: 0x80007824 (0x00018197) auipc   gp, 0x18
core   0: 3 0x80007824 (0x00018197) x 3 0x8001f824
core   0: 0x80007828 (0x1a418193) addi    gp, gp, 420
core   0: 3 0x80007828 (0x1a418193) x 3 0x8001f9c8
core   0: 0x8000782c (0xfed1ca03) lbu     s4, -19(gp)
core   0: 3 0x8000782c (0xfed1ca03) x20 0x00000000 mem 0x8001f9b5
core   0: 0x80007830 (0xf501c583) lbu     a1, -176(gp)
core   0: 3 0x80007830 (0xf501c583) x11 0x00000000 mem 0x8001f918
core   0: 0x80007834 (0xfbc185a3) sb      t3, -85(gp)
core   0: 3 0x80007834 (0xfbc185a3) mem 0x8001f973 0x0
core   0: 0x80007838 (0xf0f18883) lb      a7, -241(gp)
core   0: 3 0x80007838 (0xf0f18883) x17 0x00000000 mem 0x8001f8d7
core   0: 0x8000783c (0xf6f1c903) lbu     s2, -145(gp)
core   0: 3 0x8000783c (0xf6f1c903) x18 0x00000000 mem 0x8001f937
core   0: 0x80007840 (0x02d18aa3) sb      a3, 53(gp)
core   0: 3 0x80007840 (0x02d18aa3) mem 0x8001f9fd 0x0
core   0: 0x80007844 (0x0077beb3) sltu    t4, a5, t2
core   0: 3 0x80007844 (0x0077beb3) x29 0x00000001
core   0: 0x80007848 (0x0a819383) lh      t2, 168(gp)
core   0: 3 0x80007848 (0x0a819383) x 7 0x00000000 mem 0x8001fa70
core   0: 0x8000784c (0x0731cb83) lbu     s7, 115(gp)
core   0: 3 0x8000784c (0x0731cb83) x23 0x00000000 mem 0x8001fa3b
core   0: 0x80007850 (0xdc1c4e37) lui     t3, 0xdc1c4
core   0: 3 0x80007850 (0xdc1c4e37) x28 0xdc1c4000
core   0: 0x80007854 (0x008dab33) slt     s6, s11, s0
core   0: 3 0x80007854 (0x008dab33) x22 0x00000001
core   0: 0x80007858 (0x0e719123) sh      t2, 226(gp)
core   0: 3 0x80007858 (0x0e719123) mem 0x8001faaa 0x0000
core   0: 0x8000785c (0x03f184a3) sb      t6, 41(gp)
core   0: 3 0x8000785c (0x03f184a3) mem 0x8001f9f1 0x24
core   0: 0x80007860 (0x000c2933) slt     s2, s8, zero
core   0: 3 0x80007860 (0x000c2933) x18 0x00000000
core   0: 0x80007864 (0xf091c403) lbu     s0, -247(gp)
core   0: 3 0x80007864 (0xf091c403) x 8 0x00000000 mem 0x8001f8d1
core   0: 0x80007868 (0x00000013) nop
core   0: 3 0x80007868 (0x00000013)
core   0: 0x8000786c (0xfe21de83) lhu     t4, -30(gp)
core   0: 3 0x8000786c (0xfe21de83) x29 0x00000000 mem 0x8001f9aa
core   0: 0x80007870 (0xf381df03) lhu     t5, -200(gp)
core   0: 3 0x80007870 (0xf381df03) x30 0x00000000 mem 0x8001f900
core   0: 0x80007874 (0x0371c383) lbu     t2, 55(gp)
core   0: 3 0x80007874 (0x0371c383) x 7 0x00000000 mem 0x8001f9ff
core   0: 0x80007878 (0x02d139b3) mulhu   s3, sp, a3
core   0: 3 0x80007878 (0x02d139b3) x19 0x00000000
core   0: 0x8000787c (0x021a4033) div     zero, s4, ra
core   0: 3 0x8000787c (0x021a4033)
core   0: 0x80007880 (0xfd11c583) lbu     a1, -47(gp)
core   0: 3 0x80007880 (0xfd11c583) x11 0x00000000 mem 0x8001f999
core   0: 0x80007884 (0x2468f093) andi    ra, a7, 582
core   0: 3 0x80007884 (0x2468f093) x 1 0x00000000
core   0: 0x80007888 (0x0b21c503) lbu     a0, 178(gp)
core   0: 3 0x80007888 (0x0b21c503) x10 0x00000000 mem 0x8001fa7a
core   0: 0x8000788c (0x0006a8b3) slt     a7, a3, zero
core   0: 3 0x8000788c (0x0006a8b3) x17 0x00000000
core   0: 0x80007890 (0x02bf7f33) remu    t5, t5, a1
core   0: 3 0x80007890 (0x02bf7f33) x30 0x00000000
core   0: 0x80007894 (0xfbc180a3) sb      t3, -95(gp)
core   0: 3 0x80007894 (0xfbc180a3) mem 0x8001f969 0x0
core   0: 0x80007898 (0x0a84f013) andi    zero, s1, 168
core   0: 3 0x80007898 (0x0a84f013)
core   0: 0x8000789c (0x03a19783) lh      a5, 58(gp)
core   0: 3 0x8000789c (0x03a19783) x15 0x00000000 mem 0x8001fa02
core   0: 0x800078a0 (0x00009217) auipc   tp, 0x9
core   0: 3 0x800078a0 (0x00009217) x 4 0x800108a0
core   0: 0x800078a4 (0x41220213) addi    tp, tp, 1042
core   0: 3 0x800078a4 (0x41220213) x 4 0x80010cb2
core   0: 0x800078a8 (0x00b21223) sh      a1, 4(tp)
core   0: 3 0x800078a8 (0x00b21223) mem 0x80010cb6 0x0000
core   0: 0x800078ac (0x96599997) auipc   s3, 0x96599
core   0: 3 0x800078ac (0x96599997) x19 0x165a08ac
core   0: 0x800078b0 (0x00621223) sh      t1, 4(tp)
core   0: 3 0x800078b0 (0x00621223) mem 0x80010cb6 0x7800
core   0: 0x800078b4 (0x02d25033) divu    zero, tp, a3
core   0: 3 0x800078b4 (0x02d25033)
core   0: 0x800078b8 (0x41998633) sub     a2, s3, s9
core   0: 3 0x800078b8 (0x41998633) x12 0x165a08ac
core   0: 0x800078bc (0x00420c83) lb      s9, 4(tp)
core   0: 3 0x800078bc (0x00420c83) x25 0x00000000 mem 0x80010cb6
core   0: 0x800078c0 (0x00425383) lhu     t2, 4(tp)
core   0: 3 0x800078c0 (0x00425383) x 7 0x00007800 mem 0x80010cb6
core   0: 0x800078c4 (0x00420a83) lb      s5, 4(tp)
core   0: 3 0x800078c4 (0x00420a83) x21 0x00000000 mem 0x80010cb6
core   0: 0x800078c8 (0x01520223) sb      s5, 4(tp)
core   0: 3 0x800078c8 (0x01520223) mem 0x80010cb6 0x0
core   0: 0x800078cc (0xfff24683) lbu     a3, -1(tp)
core   0: 3 0x800078cc (0xfff24683) x13 0x00000000 mem 0x80010cb1
core   0: 0x800078d0 (0xfff20903) lb      s2, -1(tp)
core   0: 3 0x800078d0 (0xfff20903) x18 0x00000000 mem 0x80010cb1
core   0: 0x800078d4 (0xfff24a03) lbu     s4, -1(tp)
core   0: 3 0x800078d4 (0xfff24a03) x20 0x00000000 mem 0x80010cb1
core   0: 0x800078d8 (0xfff20d83) lb      s11, -1(tp)
core   0: 3 0x800078d8 (0xfff20d83) x27 0x00000000 mem 0x80010cb1
core   0: 0x800078dc (0x004b9013) slli    zero, s7, 4
core   0: 3 0x800078dc (0x004b9013)
core   0: 0x800078e0 (0xfff24303) lbu     t1, -1(tp)
core   0: 3 0x800078e0 (0xfff24303) x 6 0x00000000 mem 0x80010cb1
core   0: 0x800078e4 (0x96da0b13) addi    s6, s4, -1683
core   0: 3 0x800078e4 (0x96da0b13) x22 0xfffff96d
core   0: 0x800078e8 (0x00f21723) sh      a5, 14(tp)
core   0: 3 0x800078e8 (0x00f21723) mem 0x80010cc0 0x0000
core   0: 0x800078ec (0x27a13e13) sltiu   t3, sp, 634
core   0: 3 0x800078ec (0x27a13e13) x28 0x00000000
core   0: 0x800078f0 (0x00e24903) lbu     s2, 14(tp)
core   0: 3 0x800078f0 (0x00e24903) x18 0x00000000 mem 0x80010cc0
core   0: 0x800078f4 (0x00700513) li      a0, 7
core   0: 3 0x800078f4 (0x00700513) x10 0x00000007
core   0: 0x800078f8 (0x00b00c93) li      s9, 11
core   0: 3 0x800078f8 (0x00b00c93) x25 0x0000000b
core   0: 0x800078fc (0x016156b3) srl     a3, sp, s6
core   0: 3 0x800078fc (0x016156b3) x13 0x00040000
core   0: 0x80007900 (0xea5ef293) andi    t0, t4, -347
core   0: 3 0x80007900 (0xea5ef293) x 5 0x00000000
core   0: 0x80007904 (0x00450513) addi    a0, a0, 4
core   0: 3 0x80007904 (0x00450513) x10 0x0000000b
core   0: 0x80007908 (0xff600e13) li      t3, -10
core   0: 3 0x80007908 (0xff600e13) x28 0xfffffff6
core   0: 0x8000790c (0x03ce3933) mulhu   s2, t3, t3
core   0: 3 0x8000790c (0x03ce3933) x18 0xffffffec
core   0: 0x80007910 (0xff900713) li      a4, -7
core   0: 3 0x80007910 (0xff900713) x14 0xfffffff9
core   0: 0x80007914 (0x03966f33) rem     t5, a2, s9
core   0: 3 0x80007914 (0x03966f33) x30 0x00000005
core   0: 0x80007918 (0x015087b3) add     a5, ra, s5
core   0: 3 0x80007918 (0x015087b3) x15 0x00000000
core   0: 0x8000791c (0x00ae0e13) addi    t3, t3, 10
core   0: 3 0x8000791c (0x00ae0e13) x28 0x00000000
core   0: 0x80007920 (0x006ef1b3) and     gp, t4, t1
core   0: 3 0x80007920 (0x006ef1b3) x 3 0x00000000
core   0: 0x80007924 (0xfeee4ae3) blt     t3, a4, pc - 12
core   0: 3 0x80007924 (0xfeee4ae3)
core   0: 0x80007928 (0xfd950ce3) beq     a0, s9, pc - 40
core   0: 3 0x80007928 (0xfd950ce3)
core   0: 0x80007900 (0xea5ef293) andi    t0, t4, -347
core   0: 3 0x80007900 (0xea5ef293) x 5 0x00000000
core   0: 0x80007904 (0x00450513) addi    a0, a0, 4
core   0: 3 0x80007904 (0x00450513) x10 0x0000000f
core   0: 0x80007908 (0xff600e13) li      t3, -10
core   0: 3 0x80007908 (0xff600e13) x28 0xfffffff6
core   0: 0x8000790c (0x03ce3933) mulhu   s2, t3, t3
core   0: 3 0x8000790c (0x03ce3933) x18 0xffffffec
core   0: 0x80007910 (0xff900713) li      a4, -7
core   0: 3 0x80007910 (0xff900713) x14 0xfffffff9
core   0: 0x80007914 (0x03966f33) rem     t5, a2, s9
core   0: 3 0x80007914 (0x03966f33) x30 0x00000005
core   0: 0x80007918 (0x015087b3) add     a5, ra, s5
core   0: 3 0x80007918 (0x015087b3) x15 0x00000000
core   0: 0x8000791c (0x00ae0e13) addi    t3, t3, 10
core   0: 3 0x8000791c (0x00ae0e13) x28 0x00000000
core   0: 0x80007920 (0x006ef1b3) and     gp, t4, t1
core   0: 3 0x80007920 (0x006ef1b3) x 3 0x00000000
core   0: 0x80007924 (0xfeee4ae3) blt     t3, a4, pc - 12
core   0: 3 0x80007924 (0xfeee4ae3)
core   0: 0x80007928 (0xfd950ce3) beq     a0, s9, pc - 40
core   0: 3 0x80007928 (0xfd950ce3)
core   0: 0x8000792c (0x7ea76197) auipc   gp, 0x7ea76
core   0: 3 0x8000792c (0x7ea76197) x 3 0xfea7d92c
core   0: 0x80007930 (0x00009797) auipc   a5, 0x9
core   0: 3 0x80007930 (0x00009797) x15 0x80010930
core   0: 0x80007934 (0x87a78793) addi    a5, a5, -1926
core   0: 3 0x80007934 (0x87a78793) x15 0x800101aa
core   0: 0x80007938 (0x095789a3) sb      s5, 147(a5)
core   0: 3 0x80007938 (0x095789a3) mem 0x8001023d 0x0
core   0: 0x8000793c (0x0937cb03) lbu     s6, 147(a5)
core   0: 3 0x8000793c (0x0937cb03) x22 0x00000000 mem 0x8001023d
core   0: 0x80007940 (0x09378383) lb      t2, 147(a5)
core   0: 3 0x80007940 (0x09378383) x 7 0x00000000 mem 0x8001023d
core   0: 0x80007944 (0x026fecb3) rem     s9, t6, t1
core   0: 3 0x80007944 (0x026fecb3) x25 0x80025e24
core   0: 0x80007948 (0x081789a3) sb      ra, 147(a5)
core   0: 3 0x80007948 (0x081789a3) mem 0x8001023d 0x0
core   0: 0x8000794c (0x094789a3) sb      s4, 147(a5)
core   0: 3 0x8000794c (0x094789a3) mem 0x8001023d 0x0
core   0: 0x80007950 (0x0ce7af23) sw      a4, 222(a5)
core   0: 3 0x80007950 (0x0ce7af23) mem 0x80010288 0xfffffff9
core   0: 0x80007954 (0x00b49d93) slli    s11, s1, 11
core   0: 3 0x80007954 (0x00b49d93) x27 0x14e72000
core   0: 0x80007958 (0x0de7ce03) lbu     t3, 222(a5)
core   0: 3 0x80007958 (0x0de7ce03) x28 0x000000f9 mem 0x80010288
core   0: 0x8000795c (0x0de7c883) lbu     a7, 222(a5)
core   0: 3 0x8000795c (0x0de7c883) x17 0x000000f9 mem 0x80010288
core   0: 0x80007960 (0x0153de33) srl     t3, t2, s5
core   0: 3 0x80007960 (0x0153de33) x28 0x00000000
core   0: 0x80007964 (0x0c379f23) sh      gp, 222(a5)
core   0: 3 0x80007964 (0x0c379f23) mem 0x80010288 0xd92c
core   0: 0x80007968 (0x0de78e03) lb      t3, 222(a5)
core   0: 3 0x80007968 (0x0de78e03) x28 0x0000002c mem 0x80010288
core   0: 0x8000796c (0x01706333) or      t1, zero, s7
core   0: 3 0x8000796c (0x01706333) x 6 0x00000000
core   0: 0x80007970 (0x0e65cd93) xori    s11, a1, 230
core   0: 3 0x80007970 (0x0e65cd93) x27 0x000000e6
core   0: 0x80007974 (0x0002db13) srli    s6, t0, 0
core   0: 3 0x80007974 (0x0002db13) x22 0x00000000
core   0: 0x80007978 (0x0de7db83) lhu     s7, 222(a5)
core   0: 3 0x80007978 (0x0de7db83) x23 0x0000d92c mem 0x80010288
core   0: 0x8000797c (0x0de7a603) lw      a2, 222(a5)
core   0: 3 0x8000797c (0x0de7a603) x12 0xffffd92c mem 0x80010288
core   0: 0x80007980 (0x0398b2b3) mulhu   t0, a7, s9
core   0: 3 0x80007980 (0x0398b2b3) x 5 0x0000007c
core   0: 0x80007984 (0xfff78f03) lb      t5, -1(a5)
core   0: 3 0x80007984 (0xfff78f03) x30 0x00000000 mem 0x800101a9
core   0: 0x80007988 (0xfff7cf03) lbu     t5, -1(a5)
core   0: 3 0x80007988 (0xfff7cf03) x30 0x00000000 mem 0x800101a9
core   0: 0x8000798c (0xffc78fa3) sb      t3, -1(a5)
core   0: 3 0x8000798c (0xffc78fa3) mem 0x800101a9 0x2c
core   0: 0x80007990 (0xfff78b83) lb      s7, -1(a5)
core   0: 3 0x80007990 (0xfff78b83) x23 0x0000002c mem 0x800101a9
core   0: 0x80007994 (0x00009d97) auipc   s11, 0x9
core   0: 3 0x80007994 (0x00009d97) x27 0x80010994
core   0: 0x80007998 (0xc8dd8d93) addi    s11, s11, -883
core   0: 3 0x80007998 (0xc8dd8d93) x27 0x80010621
core   0: 0x8000799c (0xeb1aac17) auipc   s8, 0xeb1aa
core   0: 3 0x8000799c (0xeb1aac17) x24 0x6b1b199c
core   0: 0x800079a0 (0x005115b3) sll     a1, sp, t0
core   0: 3 0x800079a0 (0x005115b3) x11 0x00000000
core   0: 0x800079a4 (0x45bdaf03) lw      t5, 1115(s11)
core   0: 3 0x800079a4 (0x45bdaf03) x30 0x00000000 mem 0x80010a7c
core   0: 0x800079a8 (0xd2bced13) ori     s10, s9, -725
core   0: 3 0x800079a8 (0xd2bced13) x26 0xffffff2f
core   0: 0x800079ac (0x45fdac83) lw      s9, 1119(s11)
core   0: 3 0x800079ac (0x45fdac83) x25 0x00000000 mem 0x80010a80
core   0: 0x800079b0 (0x5fad8503) lb      a0, 1530(s11)
core   0: 3 0x800079b0 (0x5fad8503) x10 0x00000000 mem 0x80010c1b
core   0: 0x800079b4 (0x0bfdada3) sw      t6, 187(s11)
core   0: 3 0x800079b4 (0x0bfdada3) mem 0x800106dc 0x80025e24
core   0: 0x800079b8 (0x024eeb33) rem     s6, t4, tp
core   0: 3 0x800079b8 (0x024eeb33) x22 0x00000000
core   0: 0x800079bc (0x669d9983) lh      s3, 1641(s11)
core   0: 3 0x800079bc (0x669d9983) x19 0x00000000 mem 0x80010c8a
core   0: 0x800079c0 (0xab9d9783) lh      a5, -1351(s11)
core   0: 3 0x800079c0 (0xab9d9783) x15 0x00000000 mem 0x800100da
core   0: 0x800079c4 (0x0b9d9a83) lh      s5, 185(s11)
core   0: 3 0x800079c4 (0x0b9d9a83) x21 0x00000000 mem 0x800106da
core   0: 0x800079c8 (0x30adc203) lbu     tp, 778(s11)
core   0: 3 0x800079c8 (0x30adc203) x 4 0x00000000 mem 0x8001092b
core   0: 0x800079cc (0xd44dc783) lbu     a5, -700(s11)
core   0: 3 0x800079cc (0xd44dc783) x15 0x00000000 mem 0x80010365
core   0: 0x800079d0 (0x00405e93) srli    t4, zero, 4
core   0: 3 0x800079d0 (0x00405e93) x29 0x00000000
core   0: 0x800079d4 (0xce3d8823) sb      gp, -784(s11)
core   0: 3 0x800079d4 (0xce3d8823) mem 0x80010311 0x2c
core   0: 0x800079d8 (0xc26dc283) lbu     t0, -986(s11)
core   0: 3 0x800079d8 (0xc26dc283) x 5 0x00000000 mem 0x80010247
core   0: 0x800079dc (0x002c2333) slt     t1, s8, sp
core   0: 3 0x800079dc (0x002c2333) x 6 0x00000000
core   0: 0x800079e0 (0x6f2d9ca3) sh      s2, 1785(s11)
core   0: 3 0x800079e0 (0x6f2d9ca3) mem 0x80010d1a 0xffec
core   0: 0x800079e4 (0x33edc383) lbu     t2, 830(s11)
core   0: 3 0x800079e4 (0x33edc383) x 7 0x00000000 mem 0x8001095f
core   0: 0x800079e8 (0x7f473393) sltiu   t2, a4, 2036
core   0: 3 0x800079e8 (0x7f473393) x 7 0x00000000
core   0: 0x800079ec (0x06adc783) lbu     a5, 106(s11)
core   0: 3 0x800079ec (0x06adc783) x15 0x00000000 mem 0x8001068b
core   0: 0x800079f0 (0x1b1c4093) xori    ra, s8, 433
core   0: 3 0x800079f0 (0x1b1c4093) x 1 0x6b1b182d
core   0: 0x800079f4 (0x01bd30b3) sltu    ra, s10, s11
core   0: 3 0x800079f4 (0x01bd30b3) x 1 0x00000000
core   0: 0x800079f8 (0x01fdde83) lhu     t4, 31(s11)
core   0: 3 0x800079f8 (0x01fdde83) x29 0x00000000 mem 0x80010640
core   0: 0x800079fc (0xeaed8e83) lb      t4, -338(s11)
core   0: 3 0x800079fc (0xeaed8e83) x29 0x00000000 mem 0x800104cf
core   0: 0x80007a00 (0x650d8623) sb      a6, 1612(s11)
core   0: 3 0x80007a00 (0x650d8623) mem 0x80010c6d 0x0
core   0: 0x80007a04 (0x02cd8b83) lb      s7, 44(s11)
core   0: 3 0x80007a04 (0x02cd8b83) x23 0x00000000 mem 0x8001064d
core   0: 0x80007a08 (0xe06d8ca3) sb      t1, -487(s11)
core   0: 3 0x80007a08 (0xe06d8ca3) mem 0x8001043a 0x0
core   0: 0x80007a0c (0x6bdd8523) sb      t4, 1706(s11)
core   0: 3 0x80007a0c (0x6bdd8523) mem 0x80010ccb 0x0
core   0: 0x80007a10 (0x0300be33) mulhu   t3, ra, a6
core   0: 3 0x80007a10 (0x0300be33) x28 0x00000000
core   0: 0x80007a14 (0x4dcd8e23) sb      t3, 1244(s11)
core   0: 3 0x80007a14 (0x4dcd8e23) mem 0x80010afd 0x0
core   0: 0x80007a18 (0x533d8023) sb      s3, 1312(s11)
core   0: 3 0x80007a18 (0x533d8023) mem 0x80010b41 0x0
core   0: 0x80007a1c (0xf26d98a3) sh      t1, -207(s11)
core   0: 3 0x80007a1c (0xf26d98a3) mem 0x80010552 0x0000
core   0: 0x80007a20 (0x028000ef) jal     pc + 0x28
core   0: 3 0x80007a20 (0x028000ef) x 1 0x80007a24
core   0: 0x80007a48 (0xfe5ff0ef) jal     pc - 0x1c
core   0: 3 0x80007a48 (0xfe5ff0ef) x 1 0x80007a4c
core   0: 0x80007a2c (0x018000ef) jal     pc + 0x18
core   0: 3 0x80007a2c (0x018000ef) x 1 0x80007a30
core   0: 0x80007a44 (0x008000ef) jal     pc + 0x8
core   0: 3 0x80007a44 (0x008000ef) x 1 0x80007a48
core   0: 0x80007a4c (0xfd9ff0ef) jal     pc - 0x28
core   0: 3 0x80007a4c (0xfd9ff0ef) x 1 0x80007a50
core   0: 0x80007a24 (0x004000ef) jal     pc + 0x4
core   0: 3 0x80007a24 (0x004000ef) x 1 0x80007a28
core   0: 0x80007a28 (0x008000ef) jal     pc + 0x8
core   0: 3 0x80007a28 (0x008000ef) x 1 0x80007a2c
core   0: 0x80007a30 (0x00c00f6f) jal     t5, pc + 0xc
core   0: 3 0x80007a30 (0x00c00f6f) x30 0x80007a34
core   0: 0x80007a3c (0xffdff36f) jal     t1, pc - 0x4
core   0: 3 0x80007a3c (0xffdff36f) x 6 0x80007a40
core   0: 0x80007a38 (0xffdff9ef) jal     s3, pc - 0x4
core   0: 3 0x80007a38 (0xffdff9ef) x19 0x80007a3c
core   0: 0x80007a34 (0x01c00d6f) jal     s10, pc + 0x1c
core   0: 3 0x80007a34 (0x01c00d6f) x26 0x80007a38
core   0: 0x80007a50 (0xff1ffa6f) jal     s4, pc - 0x10
core   0: 3 0x80007a50 (0xff1ffa6f) x20 0x80007a54
core   0: 0x80007a40 (0x014000ef) jal     pc + 0x14
core   0: 3 0x80007a40 (0x014000ef) x 1 0x80007a44
core   0: 0x80007a54 (0x035341b3) div     gp, t1, s5
core   0: 3 0x80007a54 (0x035341b3) x 3 0xffffffff
core   0: 0x80007a58 (0x00009317) auipc   t1, 0x9
core   0: 3 0x80007a58 (0x00009317) x 6 0x80010a58
core   0: 0x80007a5c (0x11a30313) addi    t1, t1, 282
core   0: 3 0x80007a5c (0x11a30313) x 6 0x80010b72
core   0: 0x80007a60 (0x0067d2b3) srl     t0, a5, t1
core   0: 3 0x80007a60 (0x0067d2b3) x 5 0x00000000
core   0: 0x80007a64 (0x00d31223) sh      a3, 4(t1)
core   0: 3 0x80007a64 (0x00d31223) mem 0x80010b76 0x0000
core   0: 0x80007a68 (0x375eba93) sltiu   s5, t4, 885
core   0: 3 0x80007a68 (0x375eba93) x21 0x00000001
core   0: 0x80007a6c (0x01a37f33) and     t5, t1, s10
core   0: 3 0x80007a6c (0x01a37f33) x30 0x80000a30
core   0: 0x80007a70 (0x01008e33) add     t3, ra, a6
core   0: 3 0x80007a70 (0x01008e33) x28 0x80007a44
core   0: 0x80007a74 (0x00835503) lhu     a0, 8(t1)
core   0: 3 0x80007a74 (0x00835503) x10 0x00000000 mem 0x80010b7a
core   0: 0x80007a78 (0x11c0ee93) ori     t4, ra, 284
core   0: 3 0x80007a78 (0x11c0ee93) x29 0x80007b5c
core   0: 0x80007a7c (0x00275b33) srl     s6, a4, sp
core   0: 3 0x80007a7c (0x00275b33) x22 0xfffffff9
core   0: 0x80007a80 (0x41b08433) sub     s0, ra, s11
core   0: 3 0x80007a80 (0x41b08433) x 8 0xffff7423
core   0: 0x80007a84 (0xa0556e93) ori     t4, a0, -1531
core   0: 3 0x80007a84 (0xa0556e93) x29 0xfffffa05
core   0: 0x80007a88 (0x405dd433) sra     s0, s11, t0
core   0: 3 0x80007a88 (0x405dd433) x 8 0x80010621
core   0: 0x80007a8c (0x41f4d193) srai    gp, s1, 31
core   0: 3 0x80007a8c (0x41f4d193) x 3 0xffffffff
core   0: 0x80007a90 (0x00bbf833) and     a6, s7, a1
core   0: 3 0x80007a90 (0x00bbf833) x16 0x00000000
core   0: 0x80007a94 (0x932301b7) lui     gp, 0x93230
core   0: 3 0x80007a94 (0x932301b7) x 3 0x93230000
core   0: 0x80007a98 (0x003305a3) sb      gp, 11(t1)
core   0: 3 0x80007a98 (0x003305a3) mem 0x80010b7d 0x0
core   0: 0x80007a9c (0x00631023) sh      t1, 0(t1)
core   0: 3 0x80007a9c (0x00631023) mem 0x80010b72 0x0b72
core   0: 0x80007aa0 (0x00834e03) lbu     t3, 8(t1)
core   0: 3 0x80007aa0 (0x00834e03) x28 0x00000000 mem 0x80010b7a
core   0: 0x80007aa4 (0xff530aa3) sb      s5, -11(t1)
core   0: 3 0x80007aa4 (0xff530aa3) mem 0x80010b67 0x1
core   0: 0x80007aa8 (0xff734203) lbu     tp, -9(t1)
core   0: 3 0x80007aa8 (0xff734203) x 4 0x00000000 mem 0x80010b69
core   0: 0x80007aac (0x0c5af013) andi    zero, s5, 197
core   0: 3 0x80007aac (0x0c5af013)
core   0: 0x80007ab0 (0x00b61613) slli    a2, a2, 11
core   0: 3 0x80007ab0 (0x00b61613) x12 0xfec96000
core   0: 0x80007ab4 (0xa2b71917) auipc   s2, 0xa2b71
core   0: 3 0x80007ab4 (0xa2b71917) x18 0x22b78ab4
core   0: 0x80007ab8 (0xa3304f13) xori    t5, zero, -1485
core   0: 3 0x80007ab8 (0xa3304f13) x30 0xfffffa33
core   0: 0x80007abc (0x031cc8b3) div     a7, s9, a7
core   0: 3 0x80007abc (0x031cc8b3) x17 0x00000000
core   0: 0x80007ac0 (0x00334e03) lbu     t3, 3(t1)
core   0: 3 0x80007ac0 (0x00334e03) x28 0x00000000 mem 0x80010b75
core   0: 0x80007ac4 (0x00230523) sb      sp, 10(t1)
core   0: 3 0x80007ac4 (0x00230523) mem 0x80010b7c 0x0
core   0: 0x80007ac8 (0x02970c33) mul     s8, a4, s1
core   0: 3 0x80007ac8 (0x02970c33) x24 0x7fedb5c4
core   0: 0x80007acc (0x01097933) and     s2, s2, a6
core   0: 3 0x80007acc (0x01097933) x18 0x00000000
core   0: 0x80007ad0 (0x0d5af817) auipc   a6, 0xd5af
core   0: 3 0x80007ad0 (0x0d5af817) x16 0x8d5b6ad0
core   0: 0x80007ad4 (0x03aa46b3) div     a3, s4, s10
core   0: 3 0x80007ad4 (0x03aa46b3) x13 0x00000000
core   0: 0x80007ad8 (0xffe30683) lb      a3, -2(t1)
core   0: 3 0x80007ad8 (0xffe30683) x13 0x00000000 mem 0x80010b70
core   0: 0x80007adc (0x6e320713) addi    a4, tp, 1763
core   0: 3 0x80007adc (0x6e320713) x14 0x000006e3
core   0: 0x80007ae0 (0x037fcab3) div     s5, t6, s7
core   0: 3 0x80007ae0 (0x037fcab3) x21 0xffffffff
core   0: 0x80007ae4 (0x19403413) sltiu   s0, zero, 404
core   0: 3 0x80007ae4 (0x19403413) x 8 0x00000001
core   0: 0x80007ae8 (0x6936bf17) auipc   t5, 0x6936b
core   0: 3 0x80007ae8 (0x6936bf17) x30 0xe9372ae8
core   0: 0x80007aec (0x00865e93) srli    t4, a2, 8
core   0: 3 0x80007aec (0x00865e93) x29 0x00fec960
core   0: 0x80007af0 (0x00234c03) lbu     s8, 2(t1)
core   0: 3 0x80007af0 (0x00234c03) x24 0x00000000 mem 0x80010b74
core   0: 0x80007af4 (0xff530e83) lb      t4, -11(t1)
core   0: 3 0x80007af4 (0xff530e83) x29 0x00000001 mem 0x80010b67
core   0: 0x80007af8 (0x013d2733) slt     a4, s10, s3
core   0: 3 0x80007af8 (0x013d2733) x14 0x00000001
core   0: 0x80007afc (0x00e657b3) srl     a5, a2, a4
core   0: 3 0x80007afc (0x00e657b3) x15 0x7f64b000
core   0: 0x80007b00 (0x018302a3) sb      s8, 5(t1)
core   0: 3 0x80007b00 (0x018302a3) mem 0x80010b77 0x0
core   0: 0x80007b04 (0x47bdb713) sltiu   a4, s11, 1147
core   0: 3 0x80007b04 (0x47bdb713) x14 0x00000000
core   0: 0x80007b08 (0x00430723) sb      tp, 14(t1)
core   0: 3 0x80007b08 (0x00430723) mem 0x80010b80 0x0
core   0: 0x80007b0c (0x00a30383) lb      t2, 10(t1)
core   0: 3 0x80007b0c (0x00a30383) x 7 0x00000000 mem 0x80010b7c
core   0: 0x80007b10 (0x00600513) li      a0, 6
core   0: 3 0x80007b10 (0x00600513) x10 0x00000006
core   0: 0x80007b14 (0x00300a93) li      s5, 3
core   0: 3 0x80007b14 (0x00300a93) x21 0x00000003
core   0: 0x80007b18 (0x03800bb3) mul     s7, zero, s8
core   0: 3 0x80007b18 (0x03800bb3) x23 0x00000000
core   0: 0x80007b1c (0xffe50513) addi    a0, a0, -2
core   0: 3 0x80007b1c (0xffe50513) x10 0x00000004
core   0: 0x80007b20 (0xff557ce3) bgeu    a0, s5, pc - 8
core   0: 3 0x80007b20 (0xff557ce3)
core   0: 0x80007b18 (0x03800bb3) mul     s7, zero, s8
core   0: 3 0x80007b18 (0x03800bb3) x23 0x00000000
core   0: 0x80007b1c (0xffe50513) addi    a0, a0, -2
core   0: 3 0x80007b1c (0xffe50513) x10 0x00000002
core   0: 0x80007b20 (0xff557ce3) bgeu    a0, s5, pc - 8
core   0: 3 0x80007b20 (0xff557ce3)
core   0: 0x80007b24 (0x02d9dd33) divu    s10, s3, a3
core   0: 3 0x80007b24 (0x02d9dd33) x26 0xffffffff
core   0: 0x80007b28 (0x00009517) auipc   a0, 0x9
core   0: 3 0x80007b28 (0x00009517) x10 0x80010b28
core   0: 0x80007b2c (0xa1f50513) addi    a0, a0, -1505
core   0: 3 0x80007b2c (0xa1f50513) x10 0x80010547
core   0: 0x80007b30 (0x00952703) lw      a4, 9(a0)
core   0: 3 0x80007b30 (0x00952703) x14 0x00000000 mem 0x80010550
core   0: 0x80007b34 (0x00152d03) lw      s10, 1(a0)
core   0: 3 0x80007b34 (0x00152d03) x26 0x00000000 mem 0x80010548
core   0: 0x80007b38 (0xff450083) lb      ra, -12(a0)
core   0: 3 0x80007b38 (0xff450083) x 1 0x00000000 mem 0x8001053b
core   0: 0x80007b3c (0x00155683) lhu     a3, 1(a0)
core   0: 3 0x80007b3c (0x00155683) x13 0x00000000 mem 0x80010548
core   0: 0x80007b40 (0x6194f293) andi    t0, s1, 1561
core   0: 3 0x80007b40 (0x6194f293) x 5 0x00000400
core   0: 0x80007b44 (0x00050303) lb      t1, 0(a0)
core   0: 3 0x80007b44 (0x00050303) x 6 0x00000000 mem 0x80010547
core   0: 0x80007b48 (0x01c50023) sb      t3, 0(a0)
core   0: 3 0x80007b48 (0x01c50023) mem 0x80010547 0x0
core   0: 0x80007b4c (0x0092d013) srli    zero, t0, 9
core   0: 3 0x80007b4c (0x0092d013)
core   0: 0x80007b50 (0x01150023) sb      a7, 0(a0)
core   0: 3 0x80007b50 (0x01150023) mem 0x80010547 0x0
core   0: 0x80007b54 (0x00054f03) lbu     t5, 0(a0)
core   0: 3 0x80007b54 (0x00054f03) x30 0x00000000 mem 0x80010547
core   0: 0x80007b58 (0x00751683) lh      a3, 7(a0)
core   0: 3 0x80007b58 (0x00751683) x13 0x00000000 mem 0x8001054e
core   0: 0x80007b5c (0x018503a3) sb      s8, 7(a0)
core   0: 3 0x80007b5c (0x018503a3) mem 0x8001054e 0x0
core   0: 0x80007b60 (0x027ffcb3) remu    s9, t6, t2
core   0: 3 0x80007b60 (0x027ffcb3) x25 0x80025e24
core   0: 0x80007b64 (0x00ba08b3) add     a7, s4, a1
core   0: 3 0x80007b64 (0x00ba08b3) x17 0x80007a54
core   0: 0x80007b68 (0x01750023) sb      s7, 0(a0)
core   0: 3 0x80007b68 (0x01750023) mem 0x80010547 0x0
core   0: 0x80007b6c (0x00650183) lb      gp, 6(a0)
core   0: 3 0x80007b6c (0x00650183) x 3 0x00000000 mem 0x8001054d
core   0: 0x80007b70 (0x01ae5033) srl     zero, t3, s10
core   0: 3 0x80007b70 (0x01ae5033)
core   0: 0x80007b74 (0x00154c03) lbu     s8, 1(a0)
core   0: 3 0x80007b74 (0x00154c03) x24 0x00000000 mem 0x80010548
core   0: 0x80007b78 (0x00154903) lbu     s2, 1(a0)
core   0: 3 0x80007b78 (0x00154903) x18 0x00000000 mem 0x80010548
core   0: 0x80007b7c (0x0000a197) auipc   gp, 0xa
core   0: 3 0x80007b7c (0x0000a197) x 3 0x80011b7c
core   0: 0x80007b80 (0xdd518193) addi    gp, gp, -555
core   0: 3 0x80007b80 (0xdd518193) x 3 0x80011951
core   0: 0x80007b84 (0x01d189a3) sb      t4, 19(gp)
core   0: 3 0x80007b84 (0x01d189a3) mem 0x80011964 0x1
core   0: 0x80007b88 (0x002d5313) srli    t1, s10, 2
core   0: 3 0x80007b88 (0x002d5313) x 6 0x00000000
core   0: 0x80007b8c (0xfcc1c003) lbu     zero, -52(gp)
core   0: 3 0x80007b8c (0xfcc1c003) mem 0x8001191d
core   0: 0x80007b90 (0x00718883) lb      a7, 7(gp)
core   0: 3 0x80007b90 (0x00718883) x17 0x00000000 mem 0x80011958
core   0: 0x80007b94 (0x007193a3) sh      t2, 7(gp)
core   0: 3 0x80007b94 (0x007193a3) mem 0x80011958 0x0000
core   0: 0x80007b98 (0xfc61afa3) sw      t1, -33(gp)
core   0: 3 0x80007b98 (0xfc61afa3) mem 0x80011930 0x00000000
core   0: 0x80007b9c (0x03818c83) lb      s9, 56(gp)
core   0: 3 0x80007b9c (0x03818c83) x25 0x00000000 mem 0x80011989
core   0: 0x80007ba0 (0x03818f03) lb      t5, 56(gp)
core   0: 3 0x80007ba0 (0x03818f03) x30 0x00000000 mem 0x80011989
core   0: 0x80007ba4 (0x0381c683) lbu     a3, 56(gp)
core   0: 3 0x80007ba4 (0x0381c683) x13 0x00000000 mem 0x80011989
core   0: 0x80007ba8 (0x03a1c903) lbu     s2, 58(gp)
core   0: 3 0x80007ba8 (0x03a1c903) x18 0x00000000 mem 0x8001198b
core   0: 0x80007bac (0x008a59b3) srl     s3, s4, s0
core   0: 3 0x80007bac (0x008a59b3) x19 0x40003d2a
core   0: 0x80007bb0 (0x03a18383) lb      t2, 58(gp)
core   0: 3 0x80007bb0 (0x03a18383) x 7 0x00000000 mem 0x8001198b
core   0: 0x80007bb4 (0x03a1c603) lbu     a2, 58(gp)
core   0: 3 0x80007bb4 (0x03a1c603) x12 0x00000000 mem 0x8001198b
core   0: 0x80007bb8 (0x03618203) lb      tp, 54(gp)
core   0: 3 0x80007bb8 (0x03618203) x 4 0x00000000 mem 0x80011987
core   0: 0x80007bbc (0x02a18b23) sb      a0, 54(gp)
core   0: 3 0x80007bbc (0x02a18b23) mem 0x80011987 0x47
core   0: 0x80007bc0 (0x02a01333) mulh    t1, zero, a0
core   0: 3 0x80007bc0 (0x02a01333) x 6 0x00000000
core   0: 0x80007bc4 (0x03c5c233) div     tp, a1, t3
core   0: 3 0x80007bc4 (0x03c5c233) x 4 0xffffffff
core   0: 0x80007bc8 (0x0361cd83) lbu     s11, 54(gp)
core   0: 3 0x80007bc8 (0x0361cd83) x27 0x00000047 mem 0x80011987
core   0: 0x80007bcc (0xff218803) lb      a6, -14(gp)
core   0: 3 0x80007bcc (0xff218803) x16 0x00000000 mem 0x80011943
core   0: 0x80007bd0 (0xff21c383) lbu     t2, -14(gp)
core   0: 3 0x80007bd0 (0xff21c383) x 7 0x00000000 mem 0x80011943
core   0: 0x80007bd4 (0x0345aa33) mulhsu  s4, a1, s4
core   0: 3 0x80007bd4 (0x0345aa33) x20 0x00000000
core   0: 0x80007bd8 (0xff21c683) lbu     a3, -14(gp)
core   0: 3 0x80007bd8 (0xff21c683) x13 0x00000000 mem 0x80011943
core   0: 0x80007bdc (0xff21ce03) lbu     t3, -14(gp)
core   0: 3 0x80007bdc (0xff21ce03) x28 0x00000000 mem 0x80011943
core   0: 0x80007be0 (0x01018983) lb      s3, 16(gp)
core   0: 3 0x80007be0 (0x01018983) x19 0x00000000 mem 0x80011961
core   0: 0x80007be4 (0x00009e97) auipc   t4, 0x9
core   0: 3 0x80007be4 (0x00009e97) x29 0x80010be4
core   0: 0x80007be8 (0xe3ae8e93) addi    t4, t4, -454
core   0: 3 0x80007be8 (0xe3ae8e93) x29 0x80010a1e
core   0: 0x80007bec (0xd4fe84a3) sb      a5, -695(t4)
core   0: 3 0x80007bec (0xd4fe84a3) mem 0x80010767 0x0
core   0: 0x80007bf0 (0x462e9823) sh      sp, 1136(t4)
core   0: 3 0x80007bf0 (0x462e9823) mem 0x80010e8e 0x0000
core   0: 0x80007bf4 (0xb3ad8397) auipc   t2, 0xb3ad8
core   0: 3 0x80007bf4 (0xb3ad8397) x 7 0x33adfbf4
core   0: 0x80007bf8 (0x98fe8203) lb      tp, -1649(t4)
core   0: 3 0x80007bf8 (0x98fe8203) x 4 0x00000000 mem 0x800103ad
core   0: 0x80007bfc (0x4f0ea123) sw      a6, 1250(t4)
core   0: 3 0x80007bfc (0x4f0ea123) mem 0x80010f00 0x00000000
core   0: 0x80007c00 (0x087c2413) slti    s0, s8, 135
core   0: 3 0x80007c00 (0x087c2413) x 8 0x00000001
core   0: 0x80007c04 (0x430e9583) lh      a1, 1072(t4)
core   0: 3 0x80007c04 (0x430e9583) x11 0x00000000 mem 0x80010e4e
core   0: 0x80007c08 (0x02a4e2b3) rem     t0, s1, a0
core   0: 3 0x80007c08 (0x02a4e2b3) x 5 0x80029ce4
core   0: 0x80007c0c (0xfdee9c03) lh      s8, -34(t4)
core   0: 3 0x80007c0c (0xfdee9c03) x24 0x00000000 mem 0x800109fc
core   0: 0x80007c10 (0x360e8083) lb      ra, 864(t4)
core   0: 3 0x80007c10 (0x360e8083) x 1 0x00000000 mem 0x80010d7e
core   0: 0x80007c14 (0x0398f633) remu    a2, a7, s9
core   0: 3 0x80007c14 (0x0398f633) x12 0x00000000
core   0: 0x80007c18 (0x1dce8203) lb      tp, 476(t4)
core   0: 3 0x80007c18 (0x1dce8203) x 4 0x00000000 mem 0x80010bfa
core   0: 0x80007c1c (0x39fe8ca3) sb      t6, 921(t4)
core   0: 3 0x80007c1c (0x39fe8ca3) mem 0x80010db7 0x24
core   0: 0x80007c20 (0x457c32b7) lui     t0, 0x457c3
core   0: 3 0x80007c20 (0x457c32b7) x 5 0x457c3000
core   0: 0x80007c24 (0x019c1a13) slli    s4, s8, 25
core   0: 3 0x80007c24 (0x019c1a13) x20 0x00000000
core   0: 0x80007c28 (0x022727b3) mulhsu  a5, a4, sp
core   0: 3 0x80007c28 (0x022727b3) x15 0x00000000
core   0: 0x80007c2c (0x8f4e9123) sh      s4, -1822(t4)
core   0: 3 0x80007c2c (0x8f4e9123) mem 0x80010300 0x0000
core   0: 0x80007c30 (0x56d13513) sltiu   a0, sp, 1389
core   0: 3 0x80007c30 (0x56d13513) x10 0x00000000
core   0: 0x80007c34 (0x41885b13) srai    s6, a6, 24
core   0: 3 0x80007c34 (0x41885b13) x22 0x00000000
core   0: 0x80007c38 (0xc31dba93) sltiu   s5, s11, -975
core   0: 3 0x80007c38 (0xc31dba93) x21 0x00000001
core   0: 0x80007c3c (0x458ed083) lhu     ra, 1112(t4)
core   0: 3 0x80007c3c (0x458ed083) x 1 0x00000000 mem 0x80010e76
core   0: 0x80007c40 (0x901af093) andi    ra, s5, -1791
core   0: 3 0x80007c40 (0x901af093) x 1 0x00000001
core   0: 0x80007c44 (0x2c6e9c23) sh      t1, 728(t4)
core   0: 3 0x80007c44 (0x2c6e9c23) mem 0x80010cf6 0x0000
core   0: 0x80007c48 (0x534e84a3) sb      s4, 1321(t4)
core   0: 3 0x80007c48 (0x534e84a3) mem 0x80010f47 0x0
core   0: 0x80007c4c (0x034ca5b3) mulhsu  a1, s9, s4
core   0: 3 0x80007c4c (0x034ca5b3) x11 0x00000000
core   0: 0x80007c50 (0x819ec903) lbu     s2, -2023(t4)
core   0: 3 0x80007c50 (0x819ec903) x18 0x00000000 mem 0x80010237
core   0: 0x80007c54 (0xf3d27013) andi    zero, tp, -195
core   0: 3 0x80007c54 (0xf3d27013)
core   0: 0x80007c58 (0xb82edc83) lhu     s9, -1150(t4)
core   0: 3 0x80007c58 (0xb82edc83) x25 0x00000000 mem 0x800105a0
core   0: 0x80007c5c (0x5d4e9183) lh      gp, 1492(t4)
core   0: 3 0x80007c5c (0x5d4e9183) x 3 0x00000000 mem 0x80010ff2
core   0: 0x80007c60 (0x00a00293) li      t0, 10
core   0: 3 0x80007c60 (0x00a00293) x 5 0x0000000a
core   0: 0x80007c64 (0x01410db3) add     s11, sp, s4
core   0: 3 0x80007c64 (0x01410db3) x27 0x80000000
core   0: 0x80007c68 (0x00a00413) li      s0, 10
core   0: 3 0x80007c68 (0x00a00413) x 8 0x0000000a
core   0: 0x80007c6c (0x0335bc33) mulhu   s8, a1, s3
core   0: 3 0x80007c6c (0x0335bc33) x24 0x00000000
core   0: 0x80007c70 (0x01277b33) and     s6, a4, s2
core   0: 3 0x80007c70 (0x01277b33) x22 0x00000000
core   0: 0x80007c74 (0x90287613) andi    a2, a6, -1790
core   0: 3 0x80007c74 (0x90287613) x12 0x00000000
core   0: 0x80007c78 (0x01a4b933) sltu    s2, s1, s10
core   0: 3 0x80007c78 (0x01a4b933) x18 0x00000000
core   0: 0x80007c7c (0x021a4e33) div     t3, s4, ra
core   0: 3 0x80007c7c (0x021a4e33) x28 0x00000000
core   0: 0x80007c80 (0x008bfd33) and     s10, s7, s0
core   0: 3 0x80007c80 (0x008bfd33) x26 0x00000000
core   0: 0x80007c84 (0xff728293) addi    t0, t0, -9
core   0: 3 0x80007c84 (0xff728293) x 5 0x00000001
core   0: 0x80007c88 (0x01a59193) slli    gp, a1, 26
core   0: 3 0x80007c88 (0x01a59193) x 3 0x00000000
core   0: 0x80007c8c (0xff800693) li      a3, -8
core   0: 3 0x80007c8c (0xff800693) x13 0xfffffff8
core   0: 0x80007c90 (0x033180b3) mul     ra, gp, s3
core   0: 3 0x80007c90 (0x033180b3) x 1 0x00000000
core   0: 0x80007c94 (0x00400593) li      a1, 4
core   0: 3 0x80007c94 (0x00400593) x11 0x00000004
core   0: 0x80007c98 (0x02a00e33) mul     t3, zero, a0
core   0: 3 0x80007c98 (0x02a00e33) x28 0x00000000
core   0: 0x80007c9c (0xc609c613) xori    a2, s3, -928
core   0: 3 0x80007c9c (0xc609c613) x12 0xfffffc60
core   0: 0x80007ca0 (0x00468693) addi    a3, a3, 4
core   0: 3 0x80007ca0 (0x00468693) x13 0xfffffffc
core   0: 0x80007ca4 (0x02a86b33) rem     s6, a6, a0
core   0: 3 0x80007ca4 (0x02a86b33) x22 0x00000000
core   0: 0x80007ca8 (0xfeb698e3) bne     a3, a1, pc - 16
core   0: 3 0x80007ca8 (0xfeb698e3)
core   0: 0x80007c98 (0x02a00e33) mul     t3, zero, a0
core   0: 3 0x80007c98 (0x02a00e33) x28 0x00000000
core   0: 0x80007c9c (0xc609c613) xori    a2, s3, -928
core   0: 3 0x80007c9c (0xc609c613) x12 0xfffffc60
core   0: 0x80007ca0 (0x00468693) addi    a3, a3, 4
core   0: 3 0x80007ca0 (0x00468693) x13 0x00000000
core   0: 0x80007ca4 (0x02a86b33) rem     s6, a6, a0
core   0: 3 0x80007ca4 (0x02a86b33) x22 0x00000000
core   0: 0x80007ca8 (0xfeb698e3) bne     a3, a1, pc - 16
core   0: 3 0x80007ca8 (0xfeb698e3)
core   0: 0x80007c98 (0x02a00e33) mul     t3, zero, a0
core   0: 3 0x80007c98 (0x02a00e33) x28 0x00000000
core   0: 0x80007c9c (0xc609c613) xori    a2, s3, -928
core   0: 3 0x80007c9c (0xc609c613) x12 0xfffffc60
core   0: 0x80007ca0 (0x00468693) addi    a3, a3, 4
core   0: 3 0x80007ca0 (0x00468693) x13 0x00000004
core   0: 0x80007ca4 (0x02a86b33) rem     s6, a6, a0
core   0: 3 0x80007ca4 (0x02a86b33) x22 0x00000000
core   0: 0x80007ca8 (0xfeb698e3) bne     a3, a1, pc - 16
core   0: 3 0x80007ca8 (0xfeb698e3)
core   0: 0x80007cac (0x02d95633) divu    a2, s2, a3
core   0: 3 0x80007cac (0x02d95633) x12 0x00000000
core   0: 0x80007cb0 (0xfc82f2e3) bgeu    t0, s0, pc - 60
core   0: 3 0x80007cb0 (0xfc82f2e3)
core   0: 0x80007cb4 (0x01a2d613) srli    a2, t0, 26
core   0: 3 0x80007cb4 (0x01a2d613) x12 0x00000000
core   0: 0x80007cb8 (0x024000ef) jal     pc + 0x24
core   0: 3 0x80007cb8 (0x024000ef) x 1 0x80007cbc
core   0: 0x80007cdc (0x018001ef) jal     gp, pc + 0x18
core   0: 3 0x80007cdc (0x018001ef) x 3 0x80007ce0
core   0: 0x80007cf4 (0xfedff0ef) jal     pc - 0x14
core   0: 3 0x80007cf4 (0xfedff0ef) x 1 0x80007cf8
core   0: 0x80007ce0 (0x044000ef) jal     pc + 0x44
core   0: 3 0x80007ce0 (0x044000ef) x 1 0x80007ce4
core   0: 0x80007d24 (0xfe1ff0ef) jal     pc - 0x20
core   0: 3 0x80007d24 (0xfe1ff0ef) x 1 0x80007d28
core   0: 0x80007d04 (0xfd1ffeef) jal     t4, pc - 0x30
core   0: 3 0x80007d04 (0xfd1ffeef) x29 0x80007d08
core   0: 0x80007cd4 (0x03c0036f) jal     t1, pc + 0x3c
core   0: 3 0x80007cd4 (0x03c0036f) x 6 0x80007cd8
core   0: 0x80007d10 (0xfe1ff0ef) jal     pc - 0x20
core   0: 3 0x80007d10 (0xfe1ff0ef) x 1 0x80007d14
core   0: 0x80007cf0 (0x0300036f) jal     t1, pc + 0x30
core   0: 3 0x80007cf0 (0x0300036f) x 6 0x80007cf4
core   0: 0x80007d20 (0xfd9ff0ef) jal     pc - 0x28
core   0: 3 0x80007d20 (0xfd9ff0ef) x 1 0x80007d24
core   0: 0x80007cf8 (0x024000ef) jal     pc + 0x24
core   0: 3 0x80007cf8 (0x024000ef) x 1 0x80007cfc
core   0: 0x80007d1c (0xff1ff76f) jal     a4, pc - 0x10
core   0: 3 0x80007d1c (0xff1ff76f) x14 0x80007d20
core   0: 0x80007d0c (0x00c000ef) jal     pc + 0xc
core   0: 3 0x80007d0c (0x00c000ef) x 1 0x80007d10
core   0: 0x80007d18 (0xfd1ff0ef) jal     pc - 0x30
core   0: 3 0x80007d18 (0xfd1ff0ef) x 1 0x80007d1c
core   0: 0x80007ce8 (0x014003ef) jal     t2, pc + 0x14
core   0: 3 0x80007ce8 (0x014003ef) x 7 0x80007cec
core   0: 0x80007cfc (0x004000ef) jal     pc + 0x4
core   0: 3 0x80007cfc (0x004000ef) x 1 0x80007d00
core   0: 0x80007d00 (0x008009ef) jal     s3, pc + 0x8
core   0: 3 0x80007d00 (0x008009ef) x19 0x80007d04
core   0: 0x80007d08 (0xfc1ff6ef) jal     a3, pc - 0x40
core   0: 3 0x80007d08 (0xfc1ff6ef) x13 0x80007d0c
core   0: 0x80007cc8 (0x010002ef) jal     t0, pc + 0x10
core   0: 3 0x80007cc8 (0x010002ef) x 5 0x80007ccc
core   0: 0x80007cd8 (0xfedff0ef) jal     pc - 0x14
core   0: 3 0x80007cd8 (0xfedff0ef) x 1 0x80007cdc
core   0: 0x80007cc4 (0x02800b6f) jal     s6, pc + 0x28
core   0: 3 0x80007cc4 (0x02800b6f) x22 0x80007cc8
core   0: 0x80007cec (0xfe5ff0ef) jal     pc - 0x1c
core   0: 3 0x80007cec (0xfe5ff0ef) x 1 0x80007cf0
core   0: 0x80007cd0 (0x044000ef) jal     pc + 0x44
core   0: 3 0x80007cd0 (0x044000ef) x 1 0x80007cd4
core   0: 0x80007d14 (0xfadff3ef) jal     t2, pc - 0x54
core   0: 3 0x80007d14 (0xfadff3ef) x 7 0x80007d18
core   0: 0x80007cc0 (0x0240036f) jal     t1, pc + 0x24
core   0: 3 0x80007cc0 (0x0240036f) x 6 0x80007cc4
core   0: 0x80007ce4 (0xfd9ff36f) jal     t1, pc - 0x28
core   0: 3 0x80007ce4 (0xfd9ff36f) x 6 0x80007ce8
core   0: 0x80007cbc (0x06c000ef) jal     pc + 0x6c
core   0: 3 0x80007cbc (0x06c000ef) x 1 0x80007cc0
core   0: 0x80007d28 (0xfa5ff36f) jal     t1, pc - 0x5c
core   0: 3 0x80007d28 (0xfa5ff36f) x 6 0x80007d2c
core   0: 0x80007ccc (0x0600036f) jal     t1, pc + 0x60
core   0: 3 0x80007ccc (0x0600036f) x 6 0x80007cd0
core   0: 0x80007d2c (0x02421c33) mulh    s8, tp, tp
core   0: 3 0x80007d2c (0x02421c33) x24 0x00000000
core   0: 0x80007d30 (0x00008397) auipc   t2, 0x8
core   0: 3 0x80007d30 (0x00008397) x 7 0x8000fd30
core   0: 0x80007d34 (0x6de38393) addi    t2, t2, 1758
core   0: 3 0x80007d34 (0x6de38393) x 7 0x8001040e
core   0: 0x80007d38 (0x672e5697) auipc   a3, 0x672e5
core   0: 3 0x80007d38 (0x672e5697) x13 0xe72ecd38
core   0: 0x80007d3c (0x00e38503) lb      a0, 14(t2)
core   0: 3 0x80007d3c (0x00e38503) x10 0x00000000 mem 0x8001041c
core   0: 0x80007d40 (0x0139b6b3) sltu    a3, s3, s3
core   0: 3 0x80007d40 (0x0139b6b3) x13 0x00000000
core   0: 0x80007d44 (0x00b5e6b3) or      a3, a1, a1
core   0: 3 0x80007d44 (0x00b5e6b3) x13 0x00000004
core   0: 0x80007d48 (0x00d1b6b3) sltu    a3, gp, a3
core   0: 3 0x80007d48 (0x00d1b6b3) x13 0x00000000
core   0: 0x80007d4c (0x0023a583) lw      a1, 2(t2)
core   0: 3 0x80007d4c (0x0023a583) x11 0x00000000 mem 0x80010410
core   0: 0x80007d50 (0x985c8997) auipc   s3, 0x985c8
core   0: 3 0x80007d50 (0x985c8997) x19 0x185cfd50
core   0: 0x80007d54 (0xff838ea3) sb      s8, -3(t2)
core   0: 3 0x80007d54 (0xff838ea3) mem 0x8001040b 0x0
core   0: 0x80007d58 (0x00b3c683) lbu     a3, 11(t2)
core   0: 3 0x80007d58 (0x00b3c683) x13 0x00000000 mem 0x80010419
core   0: 0x80007d5c (0x013596b3) sll     a3, a1, s3
core   0: 3 0x80007d5c (0x013596b3) x13 0x00000000
core   0: 0x80007d60 (0x6ef9cc13) xori    s8, s3, 1775
core   0: 3 0x80007d60 (0x6ef9cc13) x24 0x185cfbbf
core   0: 0x80007d64 (0x0023d683) lhu     a3, 2(t2)
core   0: 3 0x80007d64 (0x0023d683) x13 0x00000000 mem 0x80010410
core   0: 0x80007d68 (0x00b386a3) sb      a1, 13(t2)
core   0: 3 0x80007d68 (0x00b386a3) mem 0x8001041b 0x0
core   0: 0x80007d6c (0x0335b533) mulhu   a0, a1, s3
core   0: 3 0x80007d6c (0x0335b533) x10 0x00000000
core   0: 0x80007d70 (0x003519b3) sll     s3, a0, gp
core   0: 3 0x80007d70 (0x003519b3) x19 0x00000000
core   0: 0x80007d74 (0xff838c23) sb      s8, -8(t2)
core   0: 3 0x80007d74 (0xff838c23) mem 0x80010406 0xbf
core   0: 0x80007d78 (0x01898533) add     a0, s3, s8
core   0: 3 0x80007d78 (0x01898533) x10 0x185cfbbf
core   0: 0x80007d7c (0x013386a3) sb      s3, 13(t2)
core   0: 3 0x80007d7c (0x013386a3) mem 0x8001041b 0x0
core   0: 0x80007d80 (0x0103c183) lbu     gp, 16(t2)
core   0: 3 0x80007d80 (0x0103c183) x 3 0x00000000 mem 0x8001041e
core   0: 0x80007d84 (0xfea38e23) sb      a0, -4(t2)
core   0: 3 0x80007d84 (0xfea38e23) mem 0x8001040a 0xbf
core   0: 0x80007d88 (0x0003d683) lhu     a3, 0(t2)
core   0: 3 0x80007d88 (0x0003d683) x13 0x00000000 mem 0x8001040e
core   0: 0x80007d8c (0xc556a193) slti    gp, a3, -939
core   0: 3 0x80007d8c (0xc556a193) x 3 0x00000000
core   0: 0x80007d90 (0xffe3a583) lw      a1, -2(t2)
core   0: 3 0x80007d90 (0xffe3a583) x11 0x00000000 mem 0x8001040c
core   0: 0x80007d94 (0x3b39a993) slti    s3, s3, 947
core   0: 3 0x80007d94 (0x3b39a993) x19 0x00000001
core   0: 0x80007d98 (0x02a596b3) mulh    a3, a1, a0
core   0: 3 0x80007d98 (0x02a596b3) x13 0x00000000
core   0: 0x80007d9c (0x0053c983) lbu     s3, 5(t2)
core   0: 3 0x80007d9c (0x0053c983) x19 0x00000000 mem 0x80010413
core   0: 0x80007da0 (0x00638183) lb      gp, 6(t2)
core   0: 3 0x80007da0 (0x00638183) x 3 0x00000000 mem 0x80010414
core   0: 0x80007da4 (0xff438983) lb      s3, -12(t2)
core   0: 3 0x80007da4 (0xff438983) x19 0x00000000 mem 0x80010402
core   0: 0x80007da8 (0x00938c03) lb      s8, 9(t2)
core   0: 3 0x80007da8 (0x00938c03) x24 0x00000000 mem 0x80010417
core   0: 0x80007dac (0x0053c503) lbu     a0, 5(t2)
core   0: 3 0x80007dac (0x0053c503) x10 0x00000000 mem 0x80010413
core   0: 0x80007db0 (0x00b38683) lb      a3, 11(t2)
core   0: 3 0x80007db0 (0x00b38683) x13 0x00000000 mem 0x80010419
core   0: 0x80007db4 (0x00338983) lb      s3, 3(t2)
core   0: 3 0x80007db4 (0x00338983) x19 0x00000000 mem 0x80010411
core   0: 0x80007db8 (0x25cad197) auipc   gp, 0x25cad
core   0: 3 0x80007db8 (0x25cad197) x 3 0xa5cb4db8
core   0: 0x80007dbc (0x00000013) nop
core   0: 3 0x80007dbc (0x00000013)
core   0: 0x80007dc0 (0x00f3c983) lbu     s3, 15(t2)
core   0: 3 0x80007dc0 (0x00f3c983) x19 0x00000000 mem 0x8001041d
core   0: 0x80007dc4 (0x00a38623) sb      a0, 12(t2)
core   0: 3 0x80007dc4 (0x00a38623) mem 0x8001041a 0x0
core   0: 0x80007dc8 (0x00d380a3) sb      a3, 1(t2)
core   0: 3 0x80007dc8 (0x00d380a3) mem 0x8001040f 0x0
core   0: 0x80007dcc (0x01839023) sh      s8, 0(t2)
core   0: 3 0x80007dcc (0x01839023) mem 0x8001040e 0x0000
core   0: 0x80007dd0 (0xfea38aa3) sb      a0, -11(t2)
core   0: 3 0x80007dd0 (0xfea38aa3) mem 0x80010403 0x0
core   0: 0x80007dd4 (0x00008997) auipc   s3, 0x8
core   0: 3 0x80007dd4 (0x00008997) x19 0x8000fdd4
core   0: 0x80007dd8 (0x77b98993) addi    s3, s3, 1915
core   0: 3 0x80007dd8 (0x77b98993) x19 0x8001054f
core   0: 0x80007ddc (0xffe9c303) lbu     t1, -2(s3)
core   0: 3 0x80007ddc (0xffe9c303) x 6 0x00000000 mem 0x8001054d
core   0: 0x80007de0 (0x00199183) lh      gp, 1(s3)
core   0: 3 0x80007de0 (0x00199183) x 3 0x00000000 mem 0x80010550
core   0: 0x80007de4 (0x0065e1b3) or      gp, a1, t1
core   0: 3 0x80007de4 (0x0065e1b3) x 3 0x00000000
core   0: 0x80007de8 (0x00a986a3) sb      a0, 13(s3)
core   0: 3 0x80007de8 (0x00a986a3) mem 0x8001055c 0x0
core   0: 0x80007dec (0xb7dd8593) addi    a1, s11, -1155
core   0: 3 0x80007dec (0xb7dd8593) x11 0x7ffffb7d
core   0: 0x80007df0 (0x00e9c503) lbu     a0, 14(s3)
core   0: 3 0x80007df0 (0x00e9c503) x10 0x00000000 mem 0x8001055d
core   0: 0x80007df4 (0x02656333) rem     t1, a0, t1
core   0: 3 0x80007df4 (0x02656333) x 6 0x00000000
core   0: 0x80007df8 (0xffb98a23) sb      s11, -12(s3)
core   0: 3 0x80007df8 (0xffb98a23) mem 0x80010543 0x0
core   0: 0x80007dfc (0x02b35333) divu    t1, t1, a1
core   0: 3 0x80007dfc (0x02b35333) x 6 0x00000000
core   0: 0x80007e00 (0xffe9c783) lbu     a5, -2(s3)
core   0: 3 0x80007e00 (0xffe9c783) x15 0x00000000 mem 0x8001054d
core   0: 0x80007e04 (0x02352db3) mulhsu  s11, a0, gp
core   0: 3 0x80007e04 (0x02352db3) x27 0x00000000
core   0: 0x80007e08 (0x02a1edb3) rem     s11, gp, a0
core   0: 3 0x80007e08 (0x02a1edb3) x27 0x00000000
core   0: 0x80007e0c (0x00a996a3) sh      a0, 13(s3)
core   0: 3 0x80007e0c (0x00a996a3) mem 0x8001055c 0x0000
core   0: 0x80007e10 (0xffa98503) lb      a0, -6(s3)
core   0: 3 0x80007e10 (0xffa98503) x10 0x00000000 mem 0x80010549
core   0: 0x80007e14 (0x02a1b333) mulhu   t1, gp, a0
core   0: 3 0x80007e14 (0x02a1b333) x 6 0x00000000
core   0: 0x80007e18 (0x0231e1b3) rem     gp, gp, gp
core   0: 3 0x80007e18 (0x0231e1b3) x 3 0x00000000
core   0: 0x80007e1c (0x00f983a3) sb      a5, 7(s3)
core   0: 3 0x80007e1c (0x00f983a3) mem 0x80010556 0x0
core   0: 0x80007e20 (0x0059c783) lbu     a5, 5(s3)
core   0: 3 0x80007e20 (0x0059c783) x15 0x00000000 mem 0x80010554
core   0: 0x80007e24 (0x53930797) auipc   a5, 0x53930
core   0: 3 0x80007e24 (0x53930797) x15 0xd3937e24
core   0: 0x80007e28 (0x00f99303) lh      t1, 15(s3)
core   0: 3 0x80007e28 (0x00f99303) x 6 0x00000000 mem 0x8001055e
core   0: 0x80007e2c (0xffc9cd83) lbu     s11, -4(s3)
core   0: 3 0x80007e2c (0xffc9cd83) x27 0x00000000 mem 0x8001054b
core   0: 0x80007e30 (0x19adb593) sltiu   a1, s11, 410
core   0: 3 0x80007e30 (0x19adb593) x11 0x00000001
core   0: 0x80007e34 (0xe14f8d97) auipc   s11, 0xe14f8
core   0: 3 0x80007e34 (0xe14f8d97) x27 0x614ffe34
core   0: 0x80007e38 (0x0059ad83) lw      s11, 5(s3)
core   0: 3 0x80007e38 (0x0059ad83) x27 0x00000000 mem 0x80010554
core   0: 0x80007e3c (0xff59d503) lhu     a0, -11(s3)
core   0: 3 0x80007e3c (0xff59d503) x10 0x00000000 mem 0x80010544
core   0: 0x80007e40 (0x0039a4a3) sw      gp, 9(s3)
core   0: 3 0x80007e40 (0x0039a4a3) mem 0x80010558 0x00000000
core   0: 0x80007e44 (0x00a98023) sb      a0, 0(s3)
core   0: 3 0x80007e44 (0x00a98023) mem 0x8001054f 0x0
core   0: 0x80007e48 (0x02333333) mulhu   t1, t1, gp
core   0: 3 0x80007e48 (0x02333333) x 6 0x00000000
core   0: 0x80007e4c (0x00798d83) lb      s11, 7(s3)
core   0: 3 0x80007e4c (0x00798d83) x27 0x00000000 mem 0x80010556
core   0: 0x80007e50 (0x01b98523) sb      s11, 10(s3)
core   0: 3 0x80007e50 (0x01b98523) mem 0x80010559 0x0
core   0: 0x80007e54 (0xffa98503) lb      a0, -6(s3)
core   0: 3 0x80007e54 (0xffa98503) x10 0x00000000 mem 0x80010549
core   0: 0x80007e58 (0xffb98ca3) sb      s11, -7(s3)
core   0: 3 0x80007e58 (0xffb98ca3) mem 0x80010548 0x0
core   0: 0x80007e5c (0x00000013) nop
core   0: 3 0x80007e5c (0x00000013)
core   0: 0x80007e60 (0xdb02c317) auipc   t1, 0xdb02c
core   0: 3 0x80007e60 (0xdb02c317) x 6 0x5b033e60
core   0: 0x80007e64 (0x40a1da33) sra     s4, gp, a0
core   0: 3 0x80007e64 (0x40a1da33) x20 0x00000000
core   0: 0x80007e68 (0x03010663) beq     sp, a6, pc + 44
core   0: 3 0x80007e68 (0x03010663)
core   0: 0x80007e6c (0xa5bc2d13) slti    s10, s8, -1445
core   0: 3 0x80007e6c (0xa5bc2d13) x26 0x00000000
core   0: 0x80007e70 (0x03154663) blt     a0, a7, pc + 44
core   0: 3 0x80007e70 (0x03154663)
core   0: 0x80007e74 (0xdadf0093) addi    ra, t5, -595
core   0: 3 0x80007e74 (0xdadf0093) x 1 0xfffffdad
core   0: 0x80007e78 (0x00437cb3) and     s9, t1, tp
core   0: 3 0x80007e78 (0x00437cb3) x25 0x00000000
core   0: 0x80007e7c (0x00bfd463) bge     t6, a1, pc + 8
core   0: 3 0x80007e7c (0x00bfd463)
core   0: 0x80007e80 (0xc4b1d837) lui     a6, 0xc4b1d
core   0: 3 0x80007e80 (0xc4b1d837) x16 0xc4b1d000
core   0: 0x80007e84 (0xffdcf793) andi    a5, s9, -3
core   0: 3 0x80007e84 (0xffdcf793) x15 0x00000000
core   0: 0x80007e88 (0x01cc8bb3) add     s7, s9, t3
core   0: 3 0x80007e88 (0x01cc8bb3) x23 0x00000000
core   0: 0x80007e8c (0x014b5413) srli    s0, s6, 20
core   0: 3 0x80007e8c (0x014b5413) x 8 0x00000800
core   0: 0x80007e90 (0x47827993) andi    s3, tp, 1144
core   0: 3 0x80007e90 (0x47827993) x19 0x00000000
core   0: 0x80007e94 (0x01211813) slli    a6, sp, 18
core   0: 3 0x80007e94 (0x01211813) x16 0x00000000
core   0: 0x80007e98 (0x40fbd713) srai    a4, s7, 15
core   0: 3 0x80007e98 (0x40fbd713) x14 0x00000000
core   0: 0x80007e9c (0x24de7e93) andi    t4, t3, 589
core   0: 3 0x80007e9c (0x24de7e93) x29 0x00000000
core   0: 0x80007ea0 (0x0062be33) sltu    t3, t0, t1
core   0: 3 0x80007ea0 (0x0062be33) x28 0x00000000
core   0: 0x80007ea4 (0x022e3433) mulhu   s0, t3, sp
core   0: 3 0x80007ea4 (0x022e3433) x 8 0x00000000
core   0: 0x80007ea8 (0x02345a63) bge     s0, gp, pc + 52
core   0: 3 0x80007ea8 (0x02345a63)
core   0: 0x80007edc (0x00000013) nop
core   0: 3 0x80007edc (0x00000013)
core   0: 0x80007ee0 (0x2ef841b7) lui     gp, 0x2ef84
core   0: 3 0x80007ee0 (0x2ef841b7) x 3 0x2ef84000
core   0: 0x80007ee4 (0x04064863) bltz    a2, pc + 80
core   0: 3 0x80007ee4 (0x04064863)
core   0: 0x80007ee8 (0x03bfef33) rem     t5, t6, s11
core   0: 3 0x80007ee8 (0x03bfef33) x30 0x80025e24
core   0: 0x80007eec (0x03f6ec63) bltu    a3, t6, pc + 56
core   0: 3 0x80007eec (0x03f6ec63)
core   0: 0x80007f24 (0x0140f8b3) and     a7, ra, s4
core   0: 3 0x80007f24 (0x0140f8b3) x17 0x00000000
core   0: 0x80007f28 (0x026b7c33) remu    s8, s6, t1
core   0: 3 0x80007f28 (0x026b7c33) x24 0x24fd3e68
core   0: 0x80007f2c (0x79f1b993) sltiu   s3, gp, 1951
core   0: 3 0x80007f2c (0x79f1b993) x19 0x00000000
core   0: 0x80007f30 (0x02410a33) mul     s4, sp, tp
core   0: 3 0x80007f30 (0x02410a33) x20 0x00000000
core   0: 0x80007f34 (0x01ad67b3) or      a5, s10, s10
core   0: 3 0x80007f34 (0x01ad67b3) x15 0x00000000
core   0: 0x80007f38 (0x01228e33) add     t3, t0, s2
core   0: 3 0x80007f38 (0x01228e33) x28 0x80007ccc
core   0: 0x80007f3c (0x03022633) mulhsu  a2, tp, a6
core   0: 3 0x80007f3c (0x03022633) x12 0x00000000
core   0: 0x80007f40 (0x00ca13b3) sll     t2, s4, a2
core   0: 3 0x80007f40 (0x00ca13b3) x 7 0x00000000
core   0: 0x80007f44 (0x00560f33) add     t5, a2, t0
core   0: 3 0x80007f44 (0x00560f33) x30 0x80007ccc
core   0: 0x80007f48 (0x001d5193) srli    gp, s10, 1
core   0: 3 0x80007f48 (0x001d5193) x 3 0x00000000
core   0: 0x80007f4c (0xcfeae913) ori     s2, s5, -770
core   0: 3 0x80007f4c (0xcfeae913) x18 0xfffffcff
core   0: 0x80007f50 (0x03bcd063) bge     s9, s11, pc + 32
core   0: 3 0x80007f50 (0x03bcd063)
core   0: 0x80007f70 (0xe2290293) addi    t0, s2, -478
core   0: 3 0x80007f70 (0xe2290293) x 5 0xfffffb21
core   0: 0x80007f74 (0x3bf52db7) lui     s11, 0x3bf52
core   0: 3 0x80007f74 (0x3bf52db7) x27 0x3bf52000
core   0: 0x80007f78 (0x00c92b33) slt     s6, s2, a2
core   0: 3 0x80007f78 (0x00c92b33) x22 0x00000001
core   0: 0x80007f7c (0x007aec33) or      s8, s5, t2
core   0: 3 0x80007f7c (0x007aec33) x24 0x00000001
core   0: 0x80007f80 (0x01319593) slli    a1, gp, 19
core   0: 3 0x80007f80 (0x01319593) x11 0x00000000
core   0: 0x80007f84 (0x02d4f663) bgeu    s1, a3, pc + 44
core   0: 3 0x80007f84 (0x02d4f663)
core   0: 0x80007fb0 (0x021d7db3) remu    s11, s10, ra
core   0: 3 0x80007fb0 (0x021d7db3) x27 0x00000000
core   0: 0x80007fb4 (0x02717233) remu    tp, sp, t2
core   0: 3 0x80007fb4 (0x02717233) x 4 0x80000000
core   0: 0x80007fb8 (0x00000013) nop
core   0: 3 0x80007fb8 (0x00000013)
core   0: 0x80007fbc (0x0181d633) srl     a2, gp, s8
core   0: 3 0x80007fbc (0x0181d633) x12 0x00000000
core   0: 0x80007fc0 (0x00ea7c33) and     s8, s4, a4
core   0: 3 0x80007fc0 (0x00ea7c33) x24 0x00000000
core   0: 0x80007fc4 (0x0152ca33) xor     s4, t0, s5
core   0: 3 0x80007fc4 (0x0152ca33) x20 0xfffffb20
core   0: 0x80007fc8 (0x00000013) nop
core   0: 3 0x80007fc8 (0x00000013)
core   0: 0x80007fcc (0x41f45733) sra     a4, s0, t6
core   0: 3 0x80007fcc (0x41f45733) x14 0x00000000
core   0: 0x80007fd0 (0x02a6c5b3) div     a1, a3, a0
core   0: 3 0x80007fd0 (0x02a6c5b3) x11 0xffffffff
core   0: 0x80007fd4 (0x02a93d33) mulhu   s10, s2, a0
core   0: 3 0x80007fd4 (0x02a93d33) x26 0x00000000
core   0: 0x80007fd8 (0x4050d313) srai    t1, ra, 5
core   0: 3 0x80007fd8 (0x4050d313) x 6 0xffffffed
core   0: 0x80007fdc (0x97e1b913) sltiu   s2, gp, -1666
core   0: 3 0x80007fdc (0x97e1b913) x18 0x00000001
core   0: 0x80007fe0 (0x0068c1b3) xor     gp, a7, t1
core   0: 3 0x80007fe0 (0x0068c1b3) x 3 0xffffffed
core   0: 0x80007fe4 (0x011845b3) xor     a1, a6, a7
core   0: 3 0x80007fe4 (0x011845b3) x11 0x00000000
core   0: 0x80007fe8 (0x6d9ecc37) lui     s8, 0x6d9ec
core   0: 3 0x80007fe8 (0x6d9ecc37) x24 0x6d9ec000
core   0: 0x80007fec (0x017f5193) srli    gp, t5, 23
core   0: 3 0x80007fec (0x017f5193) x 3 0x00000100
core   0: 0x80007ff0 (0xa1dabd93) sltiu   s11, s5, -1507
core   0: 3 0x80007ff0 (0xa1dabd93) x27 0x00000001
core   0: 0x80007ff4 (0x006bfc63) bgeu    s7, t1, pc + 24
core   0: 3 0x80007ff4 (0x006bfc63)
core   0: 0x80007ff8 (0x5504d217) auipc   tp, 0x5504d
core   0: 3 0x80007ff8 (0x5504d217) x 4 0xd5054ff8
core   0: 0x80007ffc (0x0221e863) bltu    gp, sp, pc + 48
core   0: 3 0x80007ffc (0x0221e863)
core   0: 0x8000802c (0x9db76e93) ori     t4, a4, -1573
core   0: 3 0x8000802c (0x9db76e93) x29 0xfffff9db
core   0: 0x80008030 (0x02606a63) bltu    zero, t1, pc + 52
core   0: 3 0x80008030 (0x02606a63)
core   0: 0x80008064 (0x02de6eb3) rem     t4, t3, a3
core   0: 3 0x80008064 (0x02de6eb3) x29 0x80007ccc
core   0: 0x80008068 (0x03d20063) beq     tp, t4, pc + 32
core   0: 3 0x80008068 (0x03d20063)
core   0: 0x8000806c (0x04c2f863) bgeu    t0, a2, pc + 80
core   0: 3 0x8000806c (0x04c2f863)
core   0: 0x800080bc (0x402c0a33) sub     s4, s8, sp
core   0: 3 0x800080bc (0x402c0a33) x20 0xed9ec000
core   0: 0x800080c0 (0x02b85263) bge     a6, a1, pc + 36
core   0: 3 0x800080c0 (0x02b85263)
core   0: 0x800080e4 (0x0affb693) sltiu   a3, t6, 175
core   0: 3 0x800080e4 (0x0affb693) x13 0x00000000
core   0: 0x800080e8 (0x01b92eb3) slt     t4, s2, s11
core   0: 3 0x800080e8 (0x01b92eb3) x29 0x00000000
core   0: 0x800080ec (0x014bd413) srli    s0, s7, 20
core   0: 3 0x800080ec (0x014bd413) x 8 0x00000000
core   0: 0x800080f0 (0xf29c6993) ori     s3, s8, -215
core   0: 3 0x800080f0 (0xf29c6993) x19 0xffffff29
core   0: 0x800080f4 (0x407c51b3) sra     gp, s8, t2
core   0: 3 0x800080f4 (0x407c51b3) x 3 0x6d9ec000
core   0: 0x800080f8 (0x025df663) bgeu    s11, t0, pc + 44
core   0: 3 0x800080f8 (0x025df663)
core   0: 0x800080fc (0x00f34663) blt     t1, a5, pc + 12
core   0: 3 0x800080fc (0x00f34663)
core   0: 0x80008108 (0xc9186397) auipc   t2, 0xc9186
core   0: 3 0x80008108 (0xc9186397) x 7 0x4918e108
core   0: 0x8000810c (0x0cb74193) xori    gp, a4, 203
core   0: 3 0x8000810c (0x0cb74193) x 3 0x000000cb
core   0: 0x80008110 (0x03691c33) mulh    s8, s2, s6
core   0: 3 0x80008110 (0x03691c33) x24 0x00000000
core   0: 0x80008114 (0x6f56ea13) ori     s4, a3, 1781
core   0: 3 0x80008114 (0x6f56ea13) x20 0x000006f5
core   0: 0x80008118 (0x03204e63) blt     zero, s2, pc + 60
core   0: 3 0x80008118 (0x03204e63)
core   0: 0x80008154 (0x014dac33) slt     s8, s11, s4
core   0: 3 0x80008154 (0x014dac33) x24 0x00000001
core   0: 0x80008158 (0x0086a8b3) slt     a7, a3, s0
core   0: 3 0x80008158 (0x0086a8b3) x17 0x00000000
core   0: 0x8000815c (0x2806ce13) xori    t3, a3, 640
core   0: 3 0x8000815c (0x2806ce13) x28 0x00000280
core   0: 0x80008160 (0x0303c063) blt     t2, a6, pc + 32
core   0: 3 0x80008160 (0x0303c063)
core   0: 0x80008164 (0x01c16833) or      a6, sp, t3
core   0: 3 0x80008164 (0x01c16833) x16 0x80000280
core   0: 0x80008168 (0x038ad7b3) divu    a5, s5, s8
core   0: 3 0x80008168 (0x038ad7b3) x15 0x00000001
core   0: 0x8000816c (0x01dca433) slt     s0, s9, t4
core   0: 3 0x8000816c (0x01dca433) x 8 0x00000000
core   0: 0x80008170 (0x005ce6b3) or      a3, s9, t0
core   0: 3 0x80008170 (0x005ce6b3) x13 0xfffffb21
core   0: 0x80008174 (0x03c94733) div     a4, s2, t3
core   0: 3 0x80008174 (0x03c94733) x14 0x00000000
core   0: 0x80008178 (0x19410913) addi    s2, sp, 404
core   0: 3 0x80008178 (0x19410913) x18 0x80000194
core   0: 0x8000817c (0xfad6a513) slti    a0, a3, -83
core   0: 3 0x8000817c (0xfad6a513) x10 0x00000001
core   0: 0x80008180 (0x013cfcb3) and     s9, s9, s3
core   0: 3 0x80008180 (0x013cfcb3) x25 0x00000000
core   0: 0x80008184 (0x03d6c8b3) div     a7, a3, t4
core   0: 3 0x80008184 (0x03d6c8b3) x17 0xffffffff
core   0: 0x80008188 (0xb3c66d93) ori     s11, a2, -1220
core   0: 3 0x80008188 (0xb3c66d93) x27 0xfffffb3c
core   0: 0x8000818c (0x41dfd013) srai    zero, t6, 29
core   0: 3 0x8000818c (0x41dfd013)
core   0: 0x80008190 (0xb1dfee93) ori     t4, t6, -1251
core   0: 3 0x80008190 (0xb1dfee93) x29 0xffffff3d
core   0: 0x80008194 (0x039f7033) remu    zero, t5, s9
core   0: 3 0x80008194 (0x039f7033)
core   0: 0x80008198 (0x004a51b3) srl     gp, s4, tp
core   0: 3 0x80008198 (0x004a51b3) x 3 0x00000000
core   0: 0x8000819c (0x41f58e33) sub     t3, a1, t6
core   0: 3 0x8000819c (0x41f58e33) x28 0x7ffda1dc
core   0: 0x800081a0 (0x01cad9b3) srl     s3, s5, t3
core   0: 3 0x800081a0 (0x01cad9b3) x19 0x00000000
core   0: 0x800081a4 (0x018151b3) srl     gp, sp, s8
core   0: 3 0x800081a4 (0x018151b3) x 3 0x40000000
core   0: 0x800081a8 (0x021e7bb3) remu    s7, t3, ra
core   0: 3 0x800081a8 (0x021e7bb3) x23 0x7ffda1dc
core   0: 0x800081ac (0x0339c7b3) div     a5, s3, s3
core   0: 3 0x800081ac (0x0339c7b3) x15 0xffffffff
core   0: 0x800081b0 (0x044da097) auipc   ra, 0x44da
core   0: 3 0x800081b0 (0x044da097) x 1 0x844e21b0
core   0: 0x800081b4 (0x31202237) lui     tp, 0x31202
core   0: 3 0x800081b4 (0x31202237) x 4 0x31202000
core   0: 0x800081b8 (0x02cc7663) bgeu    s8, a2, pc + 44
core   0: 3 0x800081b8 (0x02cc7663)
core   0: 0x800081e4 (0x01e56863) bltu    a0, t5, pc + 16
core   0: 3 0x800081e4 (0x01e56863)
core   0: 0x800081f4 (0x772fea17) auipc   s4, 0x772fe
core   0: 3 0x800081f4 (0x772fea17) x20 0xf73061f4
core   0: 0x800081f8 (0x41225033) sra     zero, tp, s2
core   0: 3 0x800081f8 (0x41225033)
core   0: 0x800081fc (0x02936a63) bltu    t1, s1, pc + 52
core   0: 3 0x800081fc (0x02936a63)
core   0: 0x80008200 (0x92002e13) slti    t3, zero, -1760
core   0: 3 0x80008200 (0x92002e13) x28 0x00000000
core   0: 0x80008204 (0x05d89263) bne     a7, t4, pc + 68
core   0: 3 0x80008204 (0x05d89263)
core   0: 0x80008248 (0x03926263) bltu    tp, s9, pc + 36
core   0: 3 0x80008248 (0x03926263)
core   0: 0x8000824c (0x0577d863) bge     a5, s7, pc + 80
core   0: 3 0x8000824c (0x0577d863)
core   0: 0x80008250 (0x03081c33) mulh    s8, a6, a6
core   0: 3 0x80008250 (0x03081c33) x24 0x3ffffd80
core   0: 0x80008254 (0x02160663) beq     a2, ra, pc + 44
core   0: 3 0x80008254 (0x02160663)
core   0: 0x80008258 (0x00b4fdb3) and     s11, s1, a1
core   0: 3 0x80008258 (0x00b4fdb3) x27 0x00000000
core   0: 0x8000825c (0x01269613) slli    a2, a3, 18
core   0: 3 0x8000825c (0x01269613) x12 0xec840000
core   0: 0x80008260 (0x01a9e033) or      zero, s3, s10
core   0: 3 0x80008260 (0x01a9e033)
core   0: 0x80008264 (0x53f57013) andi    zero, a0, 1343
core   0: 3 0x80008264 (0x53f57013)
core   0: 0x80008268 (0x00937233) and     tp, t1, s1
core   0: 3 0x80008268 (0x00937233) x 4 0x80029ce4
core   0: 0x8000826c (0x0387adb3) mulhsu  s11, a5, s8
core   0: 3 0x8000826c (0x0387adb3) x27 0xffffffff
core   0: 0x80008270 (0x020702b3) mul     t0, a4, zero
core   0: 3 0x80008270 (0x020702b3) x 5 0x00000000
core   0: 0x80008274 (0x8f702893) slti    a7, zero, -1801
core   0: 3 0x80008274 (0x8f702893) x17 0x00000000
core   0: 0x80008278 (0x01d487b3) add     a5, s1, t4
core   0: 3 0x80008278 (0x01d487b3) x15 0x80029c21
core   0: 0x8000827c (0xda15b213) sltiu   tp, a1, -607
core   0: 3 0x8000827c (0xda15b213) x 4 0x00000001
core   0: 0x80008280 (0x03f278b3) remu    a7, tp, t6
core   0: 3 0x80008280 (0x03f278b3) x17 0x00000001
core   0: 0x80008284 (0x02ba9533) mulh    a0, s5, a1
core   0: 3 0x80008284 (0x02ba9533) x10 0x00000000
core   0: 0x80008288 (0x02cd6333) rem     t1, s10, a2
core   0: 3 0x80008288 (0x02cd6333) x 6 0x00000000
core   0: 0x8000828c (0x0368fab3) remu    s5, a7, s6
core   0: 3 0x8000828c (0x0368fab3) x21 0x00000000
core   0: 0x80008290 (0x00afb033) sltu    zero, t6, a0
core   0: 3 0x80008290 (0x00afb033)
core   0: 0x80008294 (0x01c8c663) blt     a7, t3, pc + 12
core   0: 3 0x80008294 (0x01c8c663)
core   0: 0x80008298 (0x831d4317) auipc   t1, 0x831d4
core   0: 3 0x80008298 (0x831d4317) x 6 0x031dc298
core   0: 0x8000829c (0xc5e58d37) lui     s10, 0xc5e58
core   0: 3 0x8000829c (0xc5e58d37) x26 0xc5e58000
core   0: 0x800082a0 (0x29020593) addi    a1, tp, 656
core   0: 3 0x800082a0 (0x29020593) x11 0x00000291
core   0: 0x800082a4 (0x02fabd33) mulhu   s10, s5, a5
core   0: 3 0x800082a4 (0x02fabd33) x26 0x00000000
core   0: 0x800082a8 (0x0031b1b3) sltu    gp, gp, gp
core   0: 3 0x800082a8 (0x0031b1b3) x 3 0x00000000
core   0: 0x800082ac (0x884a0b13) addi    s6, s4, -1916
core   0: 3 0x800082ac (0x884a0b13) x22 0xf7305a78
core   0: 0x800082b0 (0x01905993) srli    s3, zero, 25
core   0: 3 0x800082b0 (0x01905993) x19 0x00000000
core   0: 0x800082b4 (0x0224be33) mulhu   t3, s1, sp
core   0: 3 0x800082b4 (0x0224be33) x28 0x40014e72
core   0: 0x800082b8 (0x1b773913) sltiu   s2, a4, 439
core   0: 3 0x800082b8 (0x1b773913) x18 0x00000001
core   0: 0x800082bc (0x00932f33) slt     t5, t1, s1
core   0: 3 0x800082bc (0x00932f33) x30 0x00000000
core   0: 0x800082c0 (0x009ae8b3) or      a7, s5, s1
core   0: 3 0x800082c0 (0x009ae8b3) x17 0x80029ce4
core   0: 0x800082c4 (0x413cd413) srai    s0, s9, 19
core   0: 3 0x800082c4 (0x413cd413) x 8 0x00000000
core   0: 0x800082c8 (0x9c9d3593) sltiu   a1, s10, -1591
core   0: 3 0x800082c8 (0x9c9d3593) x11 0x00000001
core   0: 0x800082cc (0x03f270b3) remu    ra, tp, t6
core   0: 3 0x800082cc (0x03f270b3) x 1 0x00000001
core   0: 0x800082d0 (0x01946a63) bltu    s0, s9, pc + 20
core   0: 3 0x800082d0 (0x01946a63)
core   0: 0x800082d4 (0x02f23db3) mulhu   s11, tp, a5
core   0: 3 0x800082d4 (0x02f23db3) x27 0x00000000
core   0: 0x800082d8 (0x02ebf7b3) remu    a5, s7, a4
core   0: 3 0x800082d8 (0x02ebf7b3) x15 0x7ffda1dc
core   0: 0x800082dc (0x38168793) addi    a5, a3, 897
core   0: 3 0x800082dc (0x38168793) x15 0xfffffea2
core   0: 0x800082e0 (0x02ac6263) bltu    s8, a0, pc + 36
core   0: 3 0x800082e0 (0x02ac6263)
core   0: 0x800082e4 (0x8b1f3e13) sltiu   t3, t5, -1871
core   0: 3 0x800082e4 (0x8b1f3e13) x28 0x00000001
core   0: 0x800082e8 (0x00000013) nop
core   0: 3 0x800082e8 (0x00000013)
core   0: 0x800082ec (0x008a1b93) slli    s7, s4, 8
core   0: 3 0x800082ec (0x008a1b93) x23 0x3061f400
core   0: 0x800082f0 (0xe125c793) xori    a5, a1, -494
core   0: 3 0x800082f0 (0xe125c793) x15 0xfffffe13
core   0: 0x800082f4 (0x01f81533) sll     a0, a6, t6
core   0: 3 0x800082f4 (0x01f81533) x10 0x00002800
core   0: 0x800082f8 (0x036d27b3) mulhsu  a5, s10, s6
core   0: 3 0x800082f8 (0x036d27b3) x15 0x00000000
core   0: 0x800082fc (0x03f007b3) mul     a5, zero, t6
core   0: 3 0x800082fc (0x03f007b3) x15 0x00000000
core   0: 0x80008300 (0x03fe8333) mul     t1, t4, t6
core   0: 3 0x80008300 (0x03fe8333) x 6 0x7e324a94
core   0: 0x80008304 (0x0060dc93) srli    s9, ra, 6
core   0: 3 0x80008304 (0x0060dc93) x25 0x00000000
core   0: 0x80008308 (0x03798733) mul     a4, s3, s7
core   0: 3 0x80008308 (0x03798733) x14 0x00000000
core   0: 0x8000830c (0x01432833) slt     a6, t1, s4
core   0: 3 0x8000830c (0x01432833) x16 0x00000000
core   0: 0x80008310 (0x414bdd13) srai    s10, s7, 20
core   0: 3 0x80008310 (0x414bdd13) x26 0x00000306
core   0: 0x80008314 (0x03c50063) beq     a0, t3, pc + 32
core   0: 3 0x80008314 (0x03c50063)
core   0: 0x80008318 (0x02ce92b3) mulh    t0, t4, a2
core   0: 3 0x80008318 (0x02ce92b3) x 5 0x0000000e
core   0: 0x8000831c (0x94e1bb13) sltiu   s6, gp, -1714
core   0: 3 0x8000831c (0x94e1bb13) x22 0x00000001
core   0: 0x80008320 (0x03b3f6b3) remu    a3, t2, s11
core   0: 3 0x80008320 (0x03b3f6b3) x13 0x4918e108
core   0: 0x80008324 (0x014e53b3) srl     t2, t3, s4
core   0: 3 0x80008324 (0x014e53b3) x 7 0x00000000
core   0: 0x80008328 (0x01ab5b93) srli    s7, s6, 26
core   0: 3 0x80008328 (0x01ab5b93) x23 0x00000000
core   0: 0x8000832c (0xc65d9537) lui     a0, 0xc65d9
core   0: 3 0x8000832c (0xc65d9537) x10 0xc65d9000
core   0: 0x80008330 (0x3417e313) ori     t1, a5, 833
core   0: 3 0x80008330 (0x3417e313) x 6 0x00000341
core   0: 0x80008334 (0x02c02633) mulhsu  a2, zero, a2
core   0: 3 0x80008334 (0x02c02633) x12 0x00000000
core   0: 0x80008338 (0x03875233) divu    tp, a4, s8
core   0: 3 0x80008338 (0x03875233) x 4 0x00000000
core   0: 0x8000833c (0x03768f33) mul     t5, a3, s7
core   0: 3 0x8000833c (0x03768f33) x30 0x00000000
core   0: 0x80008340 (0x00515a93) srli    s5, sp, 5
core   0: 3 0x80008340 (0x00515a93) x21 0x04000000
core   0: 0x80008344 (0x015eaf33) slt     t5, t4, s5
core   0: 3 0x80008344 (0x015eaf33) x30 0x00000001
core   0: 0x80008348 (0x01c6d593) srli    a1, a3, 28
core   0: 3 0x80008348 (0x01c6d593) x11 0x00000004
core   0: 0x8000834c (0x00153bb3) sltu    s7, a0, ra
core   0: 3 0x8000834c (0x00153bb3) x23 0x00000000
core   0: 0x80008350 (0x4ca3f513) andi    a0, t2, 1226
core   0: 3 0x80008350 (0x4ca3f513) x10 0x00000000
core   0: 0x80008354 (0x03790ab3) mul     s5, s2, s7
core   0: 3 0x80008354 (0x03790ab3) x21 0x00000000
core   0: 0x80008358 (0x412cd413) srai    s0, s9, 18
core   0: 3 0x80008358 (0x412cd413) x 8 0x00000000
core   0: 0x8000835c (0x02520c63) beq     tp, t0, pc + 56
core   0: 3 0x8000835c (0x02520c63)
core   0: 0x80008360 (0x85499097) auipc   ra, 0x85499
core   0: 3 0x80008360 (0x85499097) x 1 0x054a1360
core   0: 0x80008364 (0x01a51813) slli    a6, a0, 26
core   0: 3 0x80008364 (0x01a51813) x16 0x00000000
core   0: 0x80008368 (0x0210e8b3) rem     a7, ra, ra
core   0: 3 0x80008368 (0x0210e8b3) x17 0x00000000
core   0: 0x8000836c (0x001171b3) and     gp, sp, ra
core   0: 3 0x8000836c (0x001171b3) x 3 0x00000000
core   0: 0x80008370 (0x034a53b3) divu    t2, s4, s4
core   0: 3 0x80008370 (0x034a53b3) x 7 0x00000001
core   0: 0x80008374 (0x011a7663) bgeu    s4, a7, pc + 12
core   0: 3 0x80008374 (0x011a7663)
core   0: 0x80008380 (0x01341c13) slli    s8, s0, 19
core   0: 3 0x80008380 (0x01341c13) x24 0x00000000
core   0: 0x80008384 (0x03989263) bne     a7, s9, pc + 36
core   0: 3 0x80008384 (0x03989263)
core   0: 0x80008388 (0x02d63633) mulhu   a2, a2, a3
core   0: 3 0x80008388 (0x02d63633) x12 0x00000000
core   0: 0x8000838c (0x31c7aa93) slti    s5, a5, 796
core   0: 3 0x8000838c (0x31c7aa93) x21 0x00000001
core   0: 0x80008390 (0x00125193) srli    gp, tp, 1
core   0: 3 0x80008390 (0x00125193) x 3 0x00000000
core   0: 0x80008394 (0x007209b3) add     s3, tp, t2
core   0: 3 0x80008394 (0x007209b3) x19 0x00000001
core   0: 0x80008398 (0x0275d863) bge     a1, t2, pc + 48
core   0: 3 0x80008398 (0x0275d863)
core   0: 0x800083c8 (0xaa8dcf13) xori    t5, s11, -1368
core   0: 3 0x800083c8 (0xaa8dcf13) x30 0xfffffaa8
core   0: 0x800083cc (0x01294533) xor     a0, s2, s2
core   0: 3 0x800083cc (0x01294533) x10 0x00000000
core   0: 0x800083d0 (0x02c509b3) mul     s3, a0, a2
core   0: 3 0x800083d0 (0x02c509b3) x19 0x00000000
core   0: 0x800083d4 (0x00634e33) xor     t3, t1, t1
core   0: 3 0x800083d4 (0x00634e33) x28 0x00000000
core   0: 0x800083d8 (0x001615b3) sll     a1, a2, ra
core   0: 3 0x800083d8 (0x001615b3) x11 0x00000000
core   0: 0x800083dc (0x02341db3) mulh    s11, s0, gp
core   0: 3 0x800083dc (0x02341db3) x27 0x00000000
core   0: 0x800083e0 (0x8c8f7d97) auipc   s11, 0x8c8f7
core   0: 3 0x800083e0 (0x8c8f7d97) x27 0x0c8ff3e0
core   0: 0x800083e4 (0x031189b3) mul     s3, gp, a7
core   0: 3 0x800083e4 (0x031189b3) x19 0x00000000
core   0: 0x800083e8 (0x0068e663) bltu    a7, t1, pc + 12
core   0: 3 0x800083e8 (0x0068e663)
core   0: 0x800083f4 (0x01de6c33) or      s8, t3, t4
core   0: 3 0x800083f4 (0x01de6c33) x24 0xffffff3d
core   0: 0x800083f8 (0x02dce033) rem     zero, s9, a3
core   0: 3 0x800083f8 (0x02dce033)
core   0: 0x800083fc (0x00000013) nop
core   0: 3 0x800083fc (0x00000013)
core   0: 0x80008400 (0x010d5bb3) srl     s7, s10, a6
core   0: 3 0x80008400 (0x010d5bb3) x23 0x00000306
core   0: 0x80008404 (0x018bb433) sltu    s0, s7, s8
core   0: 3 0x80008404 (0x018bb433) x 8 0x00000001
core   0: 0x80008408 (0x7fda0313) addi    t1, s4, 2045
core   0: 3 0x80008408 (0x7fda0313) x 6 0xf73069f1
core   0: 0x8000840c (0x032420b3) mulhsu  ra, s0, s2
core   0: 3 0x8000840c (0x032420b3) x 1 0x00000000
core   0: 0x80008410 (0x00247533) and     a0, s0, sp
core   0: 3 0x80008410 (0x00247533) x10 0x00000000
core   0: 0x80008414 (0xb2462913) slti    s2, a2, -1244
core   0: 3 0x80008414 (0xb2462913) x18 0x00000000
core   0: 0x80008418 (0x409109b3) sub     s3, sp, s1
core   0: 3 0x80008418 (0x409109b3) x19 0xfffd631c
core   0: 0x8000841c (0x412cb293) sltiu   t0, s9, 1042
core   0: 3 0x8000841c (0x412cb293) x 5 0x00000001
core   0: 0x80008420 (0x03dc8e63) beq     s9, t4, pc + 60
core   0: 3 0x80008420 (0x03dc8e63)
core   0: 0x80008424 (0x40c40033) sub     zero, s0, a2
core   0: 3 0x80008424 (0x40c40033)
core   0: 0x80008428 (0xb0ea51b7) lui     gp, 0xb0ea5
core   0: 3 0x80008428 (0xb0ea51b7) x 3 0xb0ea5000
core   0: 0x8000842c (0x00a5ef33) or      t5, a1, a0
core   0: 3 0x8000842c (0x00a5ef33) x30 0x00000000
core   0: 0x80008430 (0x0213b933) mulhu   s2, t2, ra
core   0: 3 0x80008430 (0x0213b933) x18 0x00000000
core   0: 0x80008434 (0x3b9bca37) lui     s4, 0x3b9bc
core   0: 3 0x80008434 (0x3b9bca37) x20 0x3b9bc000
core   0: 0x80008438 (0x03735663) bge     t1, s7, pc + 44
core   0: 3 0x80008438 (0x03735663)
core   0: 0x8000843c (0x01f61893) slli    a7, a2, 31
core   0: 3 0x8000843c (0x01f61893) x17 0x00000000
core   0: 0x80008440 (0x023faf33) mulhsu  t5, t6, gp
core   0: 3 0x80008440 (0x023faf33) x30 0xa78c7ae3
core   0: 0x80008444 (0x0015e463) bltu    a1, ra, pc + 8
core   0: 3 0x80008444 (0x0015e463)
core   0: 0x80008448 (0x0502e663) bltu    t0, a6, pc + 76
core   0: 3 0x80008448 (0x0502e663)
core   0: 0x8000844c (0x01e69813) slli    a6, a3, 30
core   0: 3 0x8000844c (0x01e69813) x16 0x00000000
core   0: 0x80008450 (0x029c4a63) blt     s8, s1, pc + 52
core   0: 3 0x80008450 (0x029c4a63)
core   0: 0x80008454 (0x0076ec33) or      s8, a3, t2
core   0: 3 0x80008454 (0x0076ec33) x24 0x4918e109
core   0: 0x80008458 (0xeeaf1737) lui     a4, 0xeeaf1
core   0: 3 0x80008458 (0xeeaf1737) x14 0xeeaf1000
core   0: 0x8000845c (0x00000013) nop
core   0: 3 0x8000845c (0x00000013)
core   0: 0x80008460 (0x03c6c6b3) div     a3, a3, t3
core   0: 3 0x80008460 (0x03c6c6b3) x13 0xffffffff
core   0: 0x80008464 (0x0179c3b3) xor     t2, s3, s7
core   0: 3 0x80008464 (0x0179c3b3) x 7 0xfffd601a
core   0: 0x80008468 (0x41195333) sra     t1, s2, a7
core   0: 3 0x80008468 (0x41195333) x 6 0x00000000
core   0: 0x8000846c (0x039e1663) bne     t3, s9, pc + 44
core   0: 3 0x8000846c (0x039e1663)
core   0: 0x80008470 (0x017cda63) bge     s9, s7, pc + 20
core   0: 3 0x80008470 (0x017cda63)
core   0: 0x80008474 (0x403ad813) srai    a6, s5, 3
core   0: 3 0x80008474 (0x403ad813) x16 0x00000000
core   0: 0x80008478 (0x0219c263) blt     s3, ra, pc + 36
core   0: 3 0x80008478 (0x0219c263)
core   0: 0x8000849c (0x02640a33) mul     s4, s0, t1
core   0: 3 0x8000849c (0x02640a33) x20 0x00000000
core   0: 0x800084a0 (0x011666b3) or      a3, a2, a7
core   0: 3 0x800084a0 (0x011666b3) x13 0x00000000
core   0: 0x800084a4 (0x023b21b3) mulhsu  gp, s6, gp
core   0: 3 0x800084a4 (0x023b21b3) x 3 0x00000000
core   0: 0x800084a8 (0x03a0deb3) divu    t4, ra, s10
core   0: 3 0x800084a8 (0x03a0deb3) x29 0x00000000
core   0: 0x800084ac (0x025b6663) bltu    s6, t0, pc + 44
core   0: 3 0x800084ac (0x025b6663)
core   0: 0x800084b0 (0x09bef8b7) lui     a7, 0x9bef
core   0: 3 0x800084b0 (0x09bef8b7) x17 0x09bef000
core   0: 0x800084b4 (0x0035c1b3) xor     gp, a1, gp
core   0: 3 0x800084b4 (0x0035c1b3) x 3 0x00000000
core   0: 0x800084b8 (0x033f6c63) bltu    t5, s3, pc + 56
core   0: 3 0x800084b8 (0x033f6c63)
core   0: 0x800084f0 (0x015d9693) slli    a3, s11, 21
core   0: 3 0x800084f0 (0x015d9693) x13 0x7c000000
core   0: 0x800084f4 (0x41c3d2b3) sra     t0, t2, t3
core   0: 3 0x800084f4 (0x41c3d2b3) x 5 0xfffd601a
core   0: 0x800084f8 (0x01ff0463) beq     t5, t6, pc + 8
core   0: 3 0x800084f8 (0x01ff0463)
core   0: 0x800084fc (0x016d3833) sltu    a6, s10, s6
core   0: 3 0x800084fc (0x016d3833) x16 0x00000000
core   0: 0x80008500 (0x038e47b3) div     a5, t3, s8
core   0: 3 0x80008500 (0x038e47b3) x15 0x00000000
core   0: 0x80008504 (0x032efa93) andi    s5, t4, 50
core   0: 3 0x80008504 (0x032efa93) x21 0x00000000
core   0: 0x80008508 (0x01d54863) blt     a0, t4, pc + 16
core   0: 3 0x80008508 (0x01d54863)
core   0: 0x8000850c (0x0472d863) bge     t0, t2, pc + 80
core   0: 3 0x8000850c (0x0472d863)
core   0: 0x8000855c (0x03064263) blt     a2, a6, pc + 36
core   0: 3 0x8000855c (0x03064263)
core   0: 0x80008560 (0x024897b3) mulh    a5, a7, tp
core   0: 3 0x80008560 (0x024897b3) x15 0x00000000
core   0: 0x80008564 (0x01b9dab3) srl     s5, s3, s11
core   0: 3 0x80008564 (0x01b9dab3) x21 0xfffd631c
core   0: 0x80008568 (0x03516eb3) rem     t4, sp, s5
core   0: 3 0x80008568 (0x03516eb3) x29 0xffffcd54
core   0: 0x8000856c (0x80bfaf13) slti    t5, t6, -2037
core   0: 3 0x8000856c (0x80bfaf13) x30 0x00000001
core   0: 0x80008570 (0x05f1c863) blt     gp, t6, pc + 80
core   0: 3 0x80008570 (0x05f1c863)
core   0: 0x80008574 (0x00fda333) slt     t1, s11, a5
core   0: 3 0x80008574 (0x00fda333) x 6 0x00000000
core   0: 0x80008578 (0x4cea7913) andi    s2, s4, 1230
core   0: 3 0x80008578 (0x4cea7913) x18 0x00000000
core   0: 0x8000857c (0x00ce9d33) sll     s10, t4, a2
core   0: 3 0x8000857c (0x00ce9d33) x26 0xffffcd54
core   0: 0x80008580 (0x40035e33) sra     t3, t1, zero
core   0: 3 0x80008580 (0x40035e33) x28 0x00000000
core   0: 0x80008584 (0x33db4f17) auipc   t5, 0x33db4
core   0: 3 0x80008584 (0x33db4f17) x30 0xb3dbc584
core   0: 0x80008588 (0x02950933) mul     s2, a0, s1
core   0: 3 0x80008588 (0x02950933) x18 0x00000000
core   0: 0x8000858c (0x89fdee97) auipc   t4, 0x89fde
core   0: 3 0x8000858c (0x89fdee97) x29 0x09fe658c
core   0: 0x80008590 (0xd6a84793) xori    a5, a6, -662
core   0: 3 0x80008590 (0xd6a84793) x15 0xfffffd6a
core   0: 0x80008594 (0x03dcf533) remu    a0, s9, t4
core   0: 3 0x80008594 (0x03dcf533) x10 0x00000000
core   0: 0x80008598 (0x039c6433) rem     s0, s8, s9
core   0: 3 0x80008598 (0x039c6433) x 8 0x4918e109
core   0: 0x8000859c (0x01ffa7b3) slt     a5, t6, t6
core   0: 3 0x8000859c (0x01ffa7b3) x15 0x00000000
core   0: 0x800085a0 (0x017da3b3) slt     t2, s11, s7
core   0: 3 0x800085a0 (0x017da3b3) x 7 0x00000000
core   0: 0x800085a4 (0x00f553b3) srl     t2, a0, a5
core   0: 3 0x800085a4 (0x00f553b3) x 7 0x00000000
core   0: 0x800085a8 (0x01442633) slt     a2, s0, s4
core   0: 3 0x800085a8 (0x01442633) x12 0x00000000
core   0: 0x800085ac (0x06720463) beq     tp, t2, pc + 104
core   0: 3 0x800085ac (0x06720463)
core   0: 0x80008614 (0x0188b233) sltu    tp, a7, s8
core   0: 3 0x80008614 (0x0188b233) x 4 0x00000001
core   0: 0x80008618 (0x0253f633) remu    a2, t2, t0
core   0: 3 0x80008618 (0x0253f633) x12 0x00000000
core   0: 0x8000861c (0x02f0b433) mulhu   s0, ra, a5
core   0: 3 0x8000861c (0x02f0b433) x 8 0x00000000
core   0: 0x80008620 (0x418588b3) sub     a7, a1, s8
core   0: 3 0x80008620 (0x418588b3) x17 0xb6e71ef7
core   0: 0x80008624 (0x01f80033) add     zero, a6, t6
core   0: 3 0x80008624 (0x01f80033)
core   0: 0x80008628 (0x02a8ef33) rem     t5, a7, a0
core   0: 3 0x80008628 (0x02a8ef33) x30 0xb6e71ef7
core   0: 0x8000862c (0x40f709b3) sub     s3, a4, a5
core   0: 3 0x8000862c (0x40f709b3) x19 0xeeaf1000
core   0: 0x80008630 (0x006f1e93) slli    t4, t5, 6
core   0: 3 0x80008630 (0x006f1e93) x29 0xb9c7bdc0
core   0: 0x80008634 (0x72874893) xori    a7, a4, 1832
core   0: 3 0x80008634 (0x72874893) x17 0xeeaf1728
core   0: 0x80008638 (0xbde2ca13) xori    s4, t0, -1058
core   0: 3 0x80008638 (0xbde2ca13) x20 0x00029bc4
core   0: 0x8000863c (0x02ee8663) beq     t4, a4, pc + 44
core   0: 3 0x8000863c (0x02ee8663)
core   0: 0x80008640 (0xae77c237) lui     tp, 0xae77c
core   0: 3 0x80008640 (0xae77c237) x 4 0xae77c000
core   0: 0x80008644 (0x02d5ce63) blt     a1, a3, pc + 60
core   0: 3 0x80008644 (0x02d5ce63)
core   0: 0x80008680 (0x037fceb3) div     t4, t6, s7
core   0: 3 0x80008680 (0x037fceb3) x29 0xffd5aaca
core   0: 0x80008684 (0x411b2093) slti    ra, s6, 1041
core   0: 3 0x80008684 (0x411b2093) x 1 0x00000001
core   0: 0x80008688 (0xfd07e193) ori     gp, a5, -48
core   0: 3 0x80008688 (0xfd07e193) x 3 0xffffffd0
core   0: 0x8000868c (0x5537c893) xori    a7, a5, 1363
core   0: 3 0x8000868c (0x5537c893) x17 0x00000553
core   0: 0x80008690 (0x0332b6b3) mulhu   a3, t0, s3
core   0: 3 0x80008690 (0x0332b6b3) x13 0xeeac9d8c
core   0: 0x80008694 (0x27f84a93) xori    s5, a6, 639
core   0: 3 0x80008694 (0x27f84a93) x21 0x0000027f
core   0: 0x80008698 (0x88f53293) sltiu   t0, a0, -1905
core   0: 3 0x80008698 (0x88f53293) x 5 0x00000001
core   0: 0x8000869c (0x02744f33) div     t5, s0, t2
core   0: 3 0x8000869c (0x02744f33) x30 0xffffffff
core   0: 0x800086a0 (0x00659f13) slli    t5, a1, 6
core   0: 3 0x800086a0 (0x00659f13) x30 0x00000000
core   0: 0x800086a4 (0x01430bb3) add     s7, t1, s4
core   0: 3 0x800086a4 (0x01430bb3) x23 0x00029bc4
core   0: 0x800086a8 (0x03e70933) mul     s2, a4, t5
core   0: 3 0x800086a8 (0x03e70933) x18 0x00000000
core   0: 0x800086ac (0x022d0733) mul     a4, s10, sp
core   0: 3 0x800086ac (0x022d0733) x14 0x00000000
core   0: 0x800086b0 (0xa057ab13) slti    s6, a5, -1531
core   0: 3 0x800086b0 (0xa057ab13) x22 0x00000000
core   0: 0x800086b4 (0x01575713) srli    a4, a4, 21
core   0: 3 0x800086b4 (0x01575713) x14 0x00000000
core   0: 0x800086b8 (0x693fb613) sltiu   a2, t6, 1683
core   0: 3 0x800086b8 (0x693fb613) x12 0x00000000
core   0: 0x800086bc (0x0022d213) srli    tp, t0, 2
core   0: 3 0x800086bc (0x0022d213) x 4 0x00000000
core   0: 0x800086c0 (0x0381d033) divu    zero, gp, s8
core   0: 3 0x800086c0 (0x0381d033)
core   0: 0x800086c4 (0x011029b3) slt     s3, zero, a7
core   0: 3 0x800086c4 (0x011029b3) x19 0x00000001
core   0: 0x800086c8 (0x566bf593) andi    a1, s7, 1382
core   0: 3 0x800086c8 (0x566bf593) x11 0x00000144
core   0: 0x800086cc (0x027a8a63) beq     s5, t2, pc + 52
core   0: 3 0x800086cc (0x027a8a63)
core   0: 0x800086d0 (0x019c3233) sltu    tp, s8, s9
core   0: 3 0x800086d0 (0x019c3233) x 4 0x00000000
core   0: 0x800086d4 (0x01d35eb3) srl     t4, t1, t4
core   0: 3 0x800086d4 (0x01d35eb3) x29 0x00000000
core   0: 0x800086d8 (0x34c27d93) andi    s11, tp, 844
core   0: 3 0x800086d8 (0x34c27d93) x27 0x00000000
core   0: 0x800086dc (0x413b8b33) sub     s6, s7, s3
core   0: 3 0x800086dc (0x413b8b33) x22 0x00029bc3
core   0: 0x800086e0 (0x015402b3) add     t0, s0, s5
core   0: 3 0x800086e0 (0x015402b3) x 5 0x0000027f
core   0: 0x800086e4 (0x0138d463) bge     a7, s3, pc + 8
core   0: 3 0x800086e4 (0x0138d463)
core   0: 0x800086ec (0x00476033) or      zero, a4, tp
core   0: 3 0x800086ec (0x00476033)
core   0: 0x800086f0 (0x008448b3) xor     a7, s0, s0
core   0: 3 0x800086f0 (0x008448b3) x17 0x00000000
core   0: 0x800086f4 (0x00deaeb3) slt     t4, t4, a3
core   0: 3 0x800086f4 (0x00deaeb3) x29 0x00000000
core   0: 0x800086f8 (0x40f10a33) sub     s4, sp, a5
core   0: 3 0x800086f8 (0x40f10a33) x20 0x80000000
core   0: 0x800086fc (0x0047fc33) and     s8, a5, tp
core   0: 3 0x800086fc (0x0047fc33) x24 0x00000000
core   0: 0x80008700 (0xb1b23793) sltiu   a5, tp, -1253
core   0: 3 0x80008700 (0xb1b23793) x15 0x00000001
core   0: 0x80008704 (0x01a425b3) slt     a1, s0, s10
core   0: 3 0x80008704 (0x01a425b3) x11 0x00000000
core   0: 0x80008708 (0x03abf063) bgeu    s7, s10, pc + 32
core   0: 3 0x80008708 (0x03abf063)
core   0: 0x8000870c (0xb500a337) lui     t1, 0xb500a
core   0: 3 0x8000870c (0xb500a337) x 6 0xb500a000
core   0: 0x80008710 (0x03af2e33) mulhsu  t3, t5, s10
core   0: 3 0x80008710 (0x03af2e33) x28 0x00000000
core   0: 0x80008714 (0x037d1033) mulh    zero, s10, s7
core   0: 3 0x80008714 (0x037d1033)
core   0: 0x80008718 (0x033a9433) mulh    s0, s5, s3
core   0: 3 0x80008718 (0x033a9433) x 8 0x00000000
core   0: 0x8000871c (0xeffc3cb7) lui     s9, 0xeffc3
core   0: 3 0x8000871c (0xeffc3cb7) x25 0xeffc3000
core   0: 0x80008720 (0x00bc26b3) slt     a3, s8, a1
core   0: 3 0x80008720 (0x00bc26b3) x13 0x00000000
core   0: 0x80008724 (0xd7867a13) andi    s4, a2, -648
core   0: 3 0x80008724 (0xd7867a13) x20 0x00000000
core   0: 0x80008728 (0xe7f38813) addi    a6, t2, -385
core   0: 3 0x80008728 (0xe7f38813) x16 0xfffffe7f
core   0: 0x8000872c (0x02bb4033) div     zero, s6, a1
core   0: 3 0x8000872c (0x02bb4033)
core   0: 0x80008730 (0x1843b913) sltiu   s2, t2, 388
core   0: 3 0x80008730 (0x1843b913) x18 0x00000001
core   0: 0x80008734 (0x02acd063) bge     s9, a0, pc + 32
core   0: 3 0x80008734 (0x02acd063)
core   0: 0x80008738 (0x03a7e0b3) rem     ra, a5, s10
core   0: 3 0x80008738 (0x03a7e0b3) x 1 0x00000001
core   0: 0x8000873c (0x009e9663) bne     t4, s1, pc + 12
core   0: 3 0x8000873c (0x009e9663)
core   0: 0x80008748 (0x03b72333) mulhsu  t1, a4, s11
core   0: 3 0x80008748 (0x03b72333) x 6 0x00000000
core   0: 0x8000874c (0x02ad5063) bge     s10, a0, pc + 32
core   0: 3 0x8000874c (0x02ad5063)
core   0: 0x80008750 (0x03bfc3b3) div     t2, t6, s11
core   0: 3 0x80008750 (0x03bfc3b3) x 7 0xffffffff
core   0: 0x80008754 (0x00ff3e33) sltu    t3, t5, a5
core   0: 3 0x80008754 (0x00ff3e33) x28 0x00000001
core   0: 0x80008758 (0x02257bb3) remu    s7, a0, sp
core   0: 3 0x80008758 (0x02257bb3) x23 0x00000000
core   0: 0x8000875c (0x009a5d13) srli    s10, s4, 9
core   0: 3 0x8000875c (0x009a5d13) x26 0x00000000
core   0: 0x80008760 (0x00000013) nop
core   0: 3 0x80008760 (0x00000013)
core   0: 0x80008764 (0xcd513813) sltiu   a6, sp, -811
core   0: 3 0x80008764 (0xcd513813) x16 0x00000001
core   0: 0x80008768 (0x40a25b13) srai    s6, tp, 10
core   0: 3 0x80008768 (0x40a25b13) x22 0x00000000
core   0: 0x8000876c (0x002fde93) srli    t4, t6, 2
core   0: 3 0x8000876c (0x002fde93) x29 0x20009789
core   0: 0x80008770 (0x01378a63) beq     a5, s3, pc + 20
core   0: 3 0x80008770 (0x01378a63)
core   0: 0x80008784 (0x02a3b733) mulhu   a4, t2, a0
core   0: 3 0x80008784 (0x02a3b733) x14 0x00000000
core   0: 0x80008788 (0x027b72b3) remu    t0, s6, t2
core   0: 3 0x80008788 (0x027b72b3) x 5 0x00000000
core   0: 0x8000878c (0x018913b3) sll     t2, s2, s8
core   0: 3 0x8000878c (0x018913b3) x 7 0x00000001
core   0: 0x80008790 (0x00f619b3) sll     s3, a2, a5
core   0: 3 0x80008790 (0x00f619b3) x19 0x00000000
core   0: 0x80008794 (0xa140b697) auipc   a3, 0xa140b
core   0: 3 0x80008794 (0xa140b697) x13 0x21413794
core   0: 0x80008798 (0x00990cb3) add     s9, s2, s1
core   0: 3 0x80008798 (0x00990cb3) x25 0x80029ce5
core   0: 0x8000879c (0x01713333) sltu    t1, sp, s7
core   0: 3 0x8000879c (0x01713333) x 6 0x00000000
core   0: 0x800087a0 (0x03122433) mulhsu  s0, tp, a7
core   0: 3 0x800087a0 (0x03122433) x 8 0x00000000
core   0: 0x800087a4 (0x00fd81b3) add     gp, s11, a5
core   0: 3 0x800087a4 (0x00fd81b3) x 3 0x00000001
core   0: 0x800087a8 (0x42dac393) xori    t2, s5, 1069
core   0: 3 0x800087a8 (0x42dac393) x 7 0x00000652
core   0: 0x800087ac (0x005016b3) sll     a3, zero, t0
core   0: 3 0x800087ac (0x005016b3) x13 0x00000000
core   0: 0x800087b0 (0x01896033) or      zero, s2, s8
core   0: 3 0x800087b0 (0x01896033)
core   0: 0x800087b4 (0x03fbfa63) bgeu    s7, t6, pc + 52
core   0: 3 0x800087b4 (0x03fbfa63)
core   0: 0x800087b8 (0xad714b13) xori    s6, sp, -1321
core   0: 3 0x800087b8 (0xad714b13) x22 0x7ffffad7
core   0: 0x800087bc (0x703d4c37) lui     s8, 0x703d4
core   0: 3 0x800087bc (0x703d4c37) x24 0x703d4000
core   0: 0x800087c0 (0x74aaf313) andi    t1, s5, 1866
core   0: 3 0x800087c0 (0x74aaf313) x 6 0x0000024a
core   0: 0x800087c4 (0x02eee9b3) rem     s3, t4, a4
core   0: 3 0x800087c4 (0x02eee9b3) x19 0x20009789
core   0: 0x800087c8 (0x00624663) blt     tp, t1, pc + 12
core   0: 3 0x800087c8 (0x00624663)
core   0: 0x800087d4 (0x020d6e33) rem     t3, s10, zero
core   0: 3 0x800087d4 (0x020d6e33) x28 0x00000000
core   0: 0x800087d8 (0x016afcb3) and     s9, s5, s6
core   0: 3 0x800087d8 (0x016afcb3) x25 0x00000257
core   0: 0x800087dc (0x00529713) slli    a4, t0, 5
core   0: 3 0x800087dc (0x00529713) x14 0x00000000
core   0: 0x800087e0 (0xb55b9e97) auipc   t4, 0xb55b9
core   0: 3 0x800087e0 (0xb55b9e97) x29 0x355c17e0
core   0: 0x800087e4 (0x03a9a533) mulhsu  a0, s3, s10
core   0: 3 0x800087e4 (0x03a9a533) x10 0x00000000
core   0: 0x800087e8 (0x02b7f733) remu    a4, a5, a1
core   0: 3 0x800087e8 (0x02b7f733) x14 0x00000001
core   0: 0x800087ec (0x41e7d6b3) sra     a3, a5, t5
core   0: 3 0x800087ec (0x41e7d6b3) x13 0x00000001
core   0: 0x800087f0 (0x03136f33) rem     t5, t1, a7
core   0: 3 0x800087f0 (0x03136f33) x30 0x0000024a
core   0: 0x800087f4 (0x228dd837) lui     a6, 0x228dd
core   0: 3 0x800087f4 (0x228dd837) x16 0x228dd000
core   0: 0x800087f8 (0x8e9ee397) auipc   t2, 0x8e9ee
core   0: 3 0x800087f8 (0x8e9ee397) x 7 0x0e9f67f8
core   0: 0x800087fc (0x41add3b3) sra     t2, s11, s10
core   0: 3 0x800087fc (0x41add3b3) x 7 0x00000000
core   0: 0x80008800 (0x00000013) nop
core   0: 3 0x80008800 (0x00000013)
core   0: 0x80008804 (0x02c40db3) mul     s11, s0, a2
core   0: 3 0x80008804 (0x02c40db3) x27 0x00000000
core   0: 0x80008808 (0x00a8d293) srli    t0, a7, 10
core   0: 3 0x80008808 (0x00a8d293) x 5 0x00000000
core   0: 0x8000880c (0x0101f533) and     a0, gp, a6
core   0: 3 0x8000880c (0x0101f533) x10 0x00000000
core   0: 0x80008810 (0x007de433) or      s0, s11, t2
core   0: 3 0x80008810 (0x007de433) x 8 0x00000000
core   0: 0x80008814 (0x037ac2b3) div     t0, s5, s7
core   0: 3 0x80008814 (0x037ac2b3) x 5 0xffffffff
core   0: 0x80008818 (0x3419bb13) sltiu   s6, s3, 833
core   0: 3 0x80008818 (0x3419bb13) x22 0x00000000
core   0: 0x8000881c (0x4080dc13) srai    s8, ra, 8
core   0: 3 0x8000881c (0x4080dc13) x24 0x00000000
core   0: 0x80008820 (0x026eb933) mulhu   s2, t4, t1
core   0: 3 0x80008820 (0x026eb933) x18 0x0000007a
core   0: 0x80008824 (0x03ea5d33) divu    s10, s4, t5
core   0: 3 0x80008824 (0x03ea5d33) x26 0x00000000
core   0: 0x80008828 (0x01cc5cb3) srl     s9, s8, t3
core   0: 3 0x80008828 (0x01cc5cb3) x25 0x00000000
core   0: 0x8000882c (0xd1b6ae93) slti    t4, a3, -741
core   0: 3 0x8000882c (0xd1b6ae93) x29 0x00000000
core   0: 0x80008830 (0x4107d2b3) sra     t0, a5, a6
core   0: 3 0x80008830 (0x4107d2b3) x 5 0x00000001
core   0: 0x80008834 (0x01e34c63) blt     t1, t5, pc + 24
core   0: 3 0x80008834 (0x01e34c63)
core   0: 0x80008838 (0x0b50a637) lui     a2, 0xb50a
core   0: 3 0x80008838 (0x0b50a637) x12 0x0b50a000
core   0: 0x8000883c (0x889ec697) auipc   a3, 0x889ec
core   0: 3 0x8000883c (0x889ec697) x13 0x089f483c
core   0: 0x80008840 (0x02976863) bltu    a4, s1, pc + 48
core   0: 3 0x80008840 (0x02976863)
core   0: 0x80008870 (0x0093df13) srli    t5, t2, 9
core   0: 3 0x80008870 (0x0093df13) x30 0x00000000
core   0: 0x80008874 (0x01ddf033) and     zero, s11, t4
core   0: 3 0x80008874 (0x01ddf033)
core   0: 0x80008878 (0x4096db13) srai    s6, a3, 9
core   0: 3 0x80008878 (0x4096db13) x22 0x00044fa4
core   0: 0x8000887c (0x01948863) beq     s1, s9, pc + 16
core   0: 3 0x8000887c (0x01948863)
core   0: 0x80008880 (0x00fd9393) slli    t2, s11, 15
core   0: 3 0x80008880 (0x00fd9393) x 7 0x00000000
core   0: 0x80008884 (0x054e1863) bne     t3, s4, pc + 80
core   0: 3 0x80008884 (0x054e1863)
core   0: 0x80008888 (0x410fd893) srai    a7, t6, 16
core   0: 3 0x80008888 (0x410fd893) x17 0xffff8002
core   0: 0x8000888c (0x01bdde93) srli    t4, s11, 27
core   0: 3 0x8000888c (0x01bdde93) x29 0x00000000
core   0: 0x80008890 (0x024f8f33) mul     t5, t6, tp
core   0: 3 0x80008890 (0x024f8f33) x30 0x00000000
core   0: 0x80008894 (0x05278863) beq     a5, s2, pc + 80
core   0: 3 0x80008894 (0x05278863)
core   0: 0x80008898 (0x02ace663) bltu    s9, a0, pc + 44
core   0: 3 0x80008898 (0x02ace663)
core   0: 0x8000889c (0xee373893) sltiu   a7, a4, -285
core   0: 3 0x8000889c (0xee373893) x17 0x00000001
core   0: 0x800088a0 (0x0371b2b3) mulhu   t0, gp, s7
core   0: 3 0x800088a0 (0x0371b2b3) x 5 0x00000000
core   0: 0x800088a4 (0xebb54293) xori    t0, a0, -325
core   0: 3 0x800088a4 (0xebb54293) x 5 0xfffffebb
core   0: 0x800088a8 (0x1d3b6a97) auipc   s5, 0x1d3b6
core   0: 3 0x800088a8 (0x1d3b6a97) x21 0x9d3be8a8
core   0: 0x800088ac (0x028267b3) rem     a5, tp, s0
core   0: 3 0x800088ac (0x028267b3) x15 0x00000000
core   0: 0x800088b0 (0x028ec1b3) div     gp, t4, s0
core   0: 3 0x800088b0 (0x028ec1b3) x 3 0xffffffff
core   0: 0x800088b4 (0x033a0333) mul     t1, s4, s3
core   0: 3 0x800088b4 (0x033a0333) x 6 0x00000000
core   0: 0x800088b8 (0x01ed5033) srl     zero, s10, t5
core   0: 3 0x800088b8 (0x01ed5033)
core   0: 0x800088bc (0x0169ef33) or      t5, s3, s6
core   0: 3 0x800088bc (0x0169ef33) x30 0x2004dfad
core   0: 0x800088c0 (0xc24b3a17) auipc   s4, 0xc24b3
core   0: 3 0x800088c0 (0xc24b3a17) x20 0x424bb8c0
core   0: 0x800088c4 (0x0138da93) srli    s5, a7, 19
core   0: 3 0x800088c4 (0x0138da93) x21 0x00000000
core   0: 0x800088c8 (0x025125b3) mulhsu  a1, sp, t0
core   0: 3 0x800088c8 (0x025125b3) x11 0x800000a2
core   0: 0x800088cc (0x01a6d893) srli    a7, a3, 26
core   0: 3 0x800088cc (0x01a6d893) x17 0x00000002
core   0: 0x800088d0 (0x024a0663) beq     s4, tp, pc + 44
core   0: 3 0x800088d0 (0x024a0663)
core   0: 0x800088d4 (0x035e0263) beq     t3, s5, pc + 36
core   0: 3 0x800088d4 (0x035e0263)
core   0: 0x800088f8 (0x00436233) or      tp, t1, tp
core   0: 3 0x800088f8 (0x00436233) x 4 0x00000000
core   0: 0x800088fc (0x0338feb3) remu    t4, a7, s3
core   0: 3 0x800088fc (0x0338feb3) x29 0x00000002
core   0: 0x80008900 (0x02bc96b3) mulh    a3, s9, a1
core   0: 3 0x80008900 (0x02bc96b3) x13 0x00000000
core   0: 0x80008904 (0x0290fc63) bgeu    ra, s1, pc + 56
core   0: 3 0x80008904 (0x0290fc63)
core   0: 0x80008908 (0x03578263) beq     a5, s5, pc + 36
core   0: 3 0x80008908 (0x03578263)
core   0: 0x8000892c (0x005a80b3) add     ra, s5, t0
core   0: 3 0x8000892c (0x005a80b3) x 1 0xfffffebb
core   0: 0x80008930 (0x0023d833) srl     a6, t2, sp
core   0: 3 0x80008930 (0x0023d833) x16 0x00000000
core   0: 0x80008934 (0x02eeee63) bltu    t4, a4, pc + 60
core   0: 3 0x80008934 (0x02eeee63)
core   0: 0x80008938 (0x02b68633) mul     a2, a3, a1
core   0: 3 0x80008938 (0x02b68633) x12 0x00000000
core   0: 0x8000893c (0x004b0c63) beq     s6, tp, pc + 24
core   0: 3 0x8000893c (0x004b0c63)
core   0: 0x80008940 (0x022b7e63) bgeu    s6, sp, pc + 60
core   0: 3 0x80008940 (0x022b7e63)
core   0: 0x80008944 (0x00000013) nop
core   0: 3 0x80008944 (0x00000013)
core   0: 0x80008948 (0x005fadb3) slt     s11, t6, t0
core   0: 3 0x80008948 (0x005fadb3) x27 0x00000001
core   0: 0x8000894c (0x008ac433) xor     s0, s5, s0
core   0: 3 0x8000894c (0x008ac433) x 8 0x00000000
core   0: 0x80008950 (0x8c5bb593) sltiu   a1, s7, -1851
core   0: 3 0x80008950 (0x8c5bb593) x11 0x00000001
core   0: 0x80008954 (0x4975a9b7) lui     s3, 0x4975a
core   0: 3 0x80008954 (0x4975a9b7) x19 0x4975a000
core   0: 0x80008958 (0x0317c863) blt     a5, a7, pc + 48
core   0: 3 0x80008958 (0x0317c863)
core   0: 0x80008988 (0x014cd513) srli    a0, s9, 20
core   0: 3 0x80008988 (0x014cd513) x10 0x00000000
core   0: 0x8000898c (0x66e8fc13) andi    s8, a7, 1646
core   0: 3 0x8000898c (0x66e8fc13) x24 0x00000002
core   0: 0x80008990 (0x5533ad93) slti    s11, t2, 1363
core   0: 3 0x80008990 (0x5533ad93) x27 0x00000001
core   0: 0x80008994 (0x4e528d93) addi    s11, t0, 1253
core   0: 3 0x80008994 (0x4e528d93) x27 0x000003a0
core   0: 0x80008998 (0xf228ba93) sltiu   s5, a7, -222
core   0: 3 0x80008998 (0xf228ba93) x21 0x00000001
core   0: 0x8000899c (0x73bbe393) ori     t2, s7, 1851
core   0: 3 0x8000899c (0x73bbe393) x 7 0x0000073b
core   0: 0x800089a0 (0x01228533) add     a0, t0, s2
core   0: 3 0x800089a0 (0x01228533) x10 0xffffff35
core   0: 0x800089a4 (0x40640d33) sub     s10, s0, t1
core   0: 3 0x800089a4 (0x40640d33) x26 0x00000000
core   0: 0x800089a8 (0x0244bab3) mulhu   s5, s1, tp
core   0: 3 0x800089a8 (0x0244bab3) x21 0x00000000
core   0: 0x800089ac (0x01e46eb3) or      t4, s0, t5
core   0: 3 0x800089ac (0x01e46eb3) x29 0x2004dfad
core   0: 0x800089b0 (0x02ecd2b3) divu    t0, s9, a4
core   0: 3 0x800089b0 (0x02ecd2b3) x 5 0x00000000
core   0: 0x800089b4 (0x416a59b3) sra     s3, s4, s6
core   0: 3 0x800089b4 (0x416a59b3) x19 0x0424bb8c
core   0: 0x800089b8 (0x017cd933) srl     s2, s9, s7
core   0: 3 0x800089b8 (0x017cd933) x18 0x00000000
core   0: 0x800089bc (0x03464663) blt     a2, s4, pc + 44
core   0: 3 0x800089bc (0x03464663)
core   0: 0x800089e8 (0x03103eb3) mulhu   t4, zero, a7
core   0: 3 0x800089e8 (0x03103eb3) x29 0x00000000
core   0: 0x800089ec (0x79efbc97) auipc   s9, 0x79efb
core   0: 3 0x800089ec (0x79efbc97) x25 0xf9f039ec
core   0: 0x800089f0 (0x58caf993) andi    s3, s5, 1420
core   0: 3 0x800089f0 (0x58caf993) x19 0x00000000
core   0: 0x800089f4 (0x539a3913) sltiu   s2, s4, 1337
core   0: 3 0x800089f4 (0x539a3913) x18 0x00000000
core   0: 0x800089f8 (0xc128f013) andi    zero, a7, -1006
core   0: 3 0x800089f8 (0xc128f013)
core   0: 0x800089fc (0x168ad597) auipc   a1, 0x168ad
core   0: 3 0x800089fc (0x168ad597) x11 0x968b59fc
core   0: 0x80008a00 (0x00e77bb3) and     s7, a4, a4
core   0: 3 0x80008a00 (0x00e77bb3) x23 0x00000001
core   0: 0x80008a04 (0x0187e733) or      a4, a5, s8
core   0: 3 0x80008a04 (0x0187e733) x14 0x00000002
core   0: 0x80008a08 (0xea96b897) auipc   a7, 0xea96b
core   0: 3 0x80008a08 (0xea96b897) x17 0x6a973a08
core   0: 0x80008a0c (0x099c8593) addi    a1, s9, 153
core   0: 3 0x80008a0c (0x099c8593) x11 0xf9f03a85
core   0: 0x80008a10 (0x35206913) ori     s2, zero, 850
core   0: 3 0x80008a10 (0x35206913) x18 0x00000352
core   0: 0x80008a14 (0x01772c33) slt     s8, a4, s7
core   0: 3 0x80008a14 (0x01772c33) x24 0x00000000
core   0: 0x80008a18 (0x03ee7263) bgeu    t3, t5, pc + 36
core   0: 3 0x80008a18 (0x03ee7263)
core   0: 0x80008a1c (0x002cdb93) srli    s7, s9, 2
core   0: 3 0x80008a1c (0x002cdb93) x23 0x3e7c0e7b
core   0: 0x80008a20 (0x0256fc63) bgeu    a3, t0, pc + 56
core   0: 3 0x80008a20 (0x0256fc63)
core   0: 0x80008a58 (0x41695e93) srai    t4, s2, 22
core   0: 3 0x80008a58 (0x41695e93) x29 0x00000000
core   0: 0x80008a5c (0x00727663) bgeu    tp, t2, pc + 12
core   0: 3 0x80008a5c (0x00727663)
core   0: 0x80008a60 (0xcef28893) addi    a7, t0, -785
core   0: 3 0x80008a60 (0xcef28893) x17 0xfffffcef
core   0: 0x80008a64 (0x00b69f13) slli    t5, a3, 11
core   0: 3 0x80008a64 (0x00b69f13) x30 0x00000000
core   0: 0x80008a68 (0x4035db93) srai    s7, a1, 3
core   0: 3 0x80008a68 (0x4035db93) x23 0xff3e0750
core   0: 0x80008a6c (0x02a0e063) bltu    ra, a0, pc + 32
core   0: 3 0x80008a6c (0x02a0e063)
core   0: 0x80008a8c (0x0145d7b3) srl     a5, a1, s4
core   0: 3 0x80008a8c (0x0145d7b3) x15 0xf9f03a85
core   0: 0x80008a90 (0x02f7b8b3) mulhu   a7, a5, a5
core   0: 3 0x80008a90 (0x02f7b8b3) x17 0xf4053344
core   0: 0x80008a94 (0x03cf81b3) mul     gp, t6, t3
core   0: 3 0x80008a94 (0x03cf81b3) x 3 0x00000000
core   0: 0x80008a98 (0x021eecb3) rem     s9, t4, ra
core   0: 3 0x80008a98 (0x021eecb3) x25 0x00000000
core   0: 0x80008a9c (0x03b22db3) mulhsu  s11, tp, s11
core   0: 3 0x80008a9c (0x03b22db3) x27 0x00000000
core   0: 0x80008aa0 (0xc699e097) auipc   ra, 0xc699e
core   0: 3 0x80008aa0 (0xc699e097) x 1 0x469a6aa0
core   0: 0x80008aa4 (0x417d2c93) slti    s9, s10, 1047
core   0: 3 0x80008aa4 (0x417d2c93) x25 0x00000001
core   0: 0x80008aa8 (0x41c9d913) srai    s2, s3, 28
core   0: 3 0x80008aa8 (0x41c9d913) x18 0x00000000
core   0: 0x80008aac (0x01a2ea63) bltu    t0, s10, pc + 20
core   0: 3 0x80008aac (0x01a2ea63)
core   0: 0x80008ab0 (0x0270fe63) bgeu    ra, t2, pc + 60
core   0: 3 0x80008ab0 (0x0270fe63)
core   0: 0x80008aec (0x40be8db3) sub     s11, t4, a1
core   0: 3 0x80008aec (0x40be8db3) x27 0x060fc57b
core   0: 0x80008af0 (0x0370d263) bge     ra, s7, pc + 36
core   0: 3 0x80008af0 (0x0370d263)
core   0: 0x80008b14 (0x41965f13) srai    t5, a2, 25
core   0: 3 0x80008b14 (0x41965f13) x30 0x00000000
core   0: 0x80008b18 (0x014fdd93) srli    s11, t6, 20
core   0: 3 0x80008b18 (0x014fdd93) x27 0x00000800
core   0: 0x80008b1c (0x68d46d93) ori     s11, s0, 1677
core   0: 3 0x80008b1c (0x68d46d93) x27 0x0000068d
core   0: 0x80008b20 (0x00333eb3) sltu    t4, t1, gp
core   0: 3 0x80008b20 (0x00333eb3) x29 0x00000000
core   0: 0x80008b24 (0x7d694313) xori    t1, s2, 2006
core   0: 3 0x80008b24 (0x7d694313) x 6 0x000007d6
core   0: 0x80008b28 (0x02f7cd33) div     s10, a5, a5
core   0: 3 0x80008b28 (0x02f7cd33) x26 0x00000001
core   0: 0x80008b2c (0x03bbf7b3) remu    a5, s7, s11
core   0: 3 0x80008b2c (0x03bbf7b3) x15 0x000001d3
core   0: 0x80008b30 (0x01ab02b3) add     t0, s6, s10
core   0: 3 0x80008b30 (0x01ab02b3) x 5 0x00044fa5
core   0: 0x80008b34 (0x03300a63) beq     zero, s3, pc + 52
core   0: 3 0x80008b34 (0x03300a63)
core   0: 0x80008b68 (0x017c36b3) sltu    a3, s8, s7
core   0: 3 0x80008b68 (0x017c36b3) x13 0x00000001
core   0: 0x80008b6c (0x01682bb3) slt     s7, a6, s6
core   0: 3 0x80008b6c (0x01682bb3) x23 0x00000001
core   0: 0x80008b70 (0x02734663) blt     t1, t2, pc + 44
core   0: 3 0x80008b70 (0x02734663)
core   0: 0x80008b74 (0x61bacc13) xori    s8, s5, 1563
core   0: 3 0x80008b74 (0x61bacc13) x24 0x0000061b
core   0: 0x80008b78 (0x40a508b3) sub     a7, a0, a0
core   0: 3 0x80008b78 (0x40a508b3) x17 0x00000000
core   0: 0x80008b7c (0x0337fa63) bgeu    a5, s3, pc + 52
core   0: 3 0x80008b7c (0x0337fa63)
core   0: 0x80008bb0 (0x029745b3) div     a1, a4, s1
core   0: 3 0x80008bb0 (0x029745b3) x11 0x00000000
core   0: 0x80008bb4 (0x017a1f33) sll     t5, s4, s7
core   0: 3 0x80008bb4 (0x017a1f33) x30 0x84977180
core   0: 0x80008bb8 (0x036909b3) mul     s3, s2, s6
core   0: 3 0x80008bb8 (0x036909b3) x19 0x00000000
core   0: 0x80008bbc (0xa6e849b7) lui     s3, 0xa6e84
core   0: 3 0x80008bbc (0xa6e849b7) x19 0xa6e84000
core   0: 0x80008bc0 (0x6a3c2893) slti    a7, s8, 1699
core   0: 3 0x80008bc0 (0x6a3c2893) x17 0x00000001
core   0: 0x80008bc4 (0x01e296b3) sll     a3, t0, t5
core   0: 3 0x80008bc4 (0x01e296b3) x13 0x00044fa5
core   0: 0x80008bc8 (0x012d8db3) add     s11, s11, s2
core   0: 3 0x80008bc8 (0x012d8db3) x27 0x0000068d
core   0: 0x80008bcc (0x02773db3) mulhu   s11, a4, t2
core   0: 3 0x80008bcc (0x02773db3) x27 0x00000000
core   0: 0x80008bd0 (0x4037d433) sra     s0, a5, gp
core   0: 3 0x80008bd0 (0x4037d433) x 8 0x000001d3
core   0: 0x80008bd4 (0x01f16cb3) or      s9, sp, t6
core   0: 3 0x80008bd4 (0x01f16cb3) x25 0x80025e24
core   0: 0x80008bd8 (0x4099deb3) sra     t4, s3, s1
core   0: 3 0x80008bd8 (0x4099deb3) x29 0xfa6e8400
core   0: 0x80008bdc (0x41c8d313) srai    t1, a7, 28
core   0: 3 0x80008bdc (0x41c8d313) x 6 0x00000000
core   0: 0x80008be0 (0x31edae93) slti    t4, s11, 798
core   0: 3 0x80008be0 (0x31edae93) x29 0x00000001
core   0: 0x80008be4 (0x40648833) sub     a6, s1, t1
core   0: 3 0x80008be4 (0x40648833) x16 0x80029ce4
core   0: 0x80008be8 (0x02756e33) rem     t3, a0, t2
core   0: 3 0x80008be8 (0x02756e33) x28 0xffffff35
core   0: 0x80008bec (0xfa8b8193) addi    gp, s7, -88
core   0: 3 0x80008bec (0xfa8b8193) x 3 0xffffffa9
core   0: 0x80008bf0 (0x001a2f33) slt     t5, s4, ra
core   0: 3 0x80008bf0 (0x001a2f33) x30 0x00000001
core   0: 0x80008bf4 (0x00ef17b3) sll     a5, t5, a4
core   0: 3 0x80008bf4 (0x00ef17b3) x15 0x00000004
core   0: 0x80008bf8 (0x9c3d8313) addi    t1, s11, -1597
core   0: 3 0x80008bf8 (0x9c3d8313) x 6 0xfffff9c3
core   0: 0x80008bfc (0xbe6bbb93) sltiu   s7, s7, -1050
core   0: 3 0x80008bfc (0xbe6bbb93) x23 0x00000001
core   0: 0x80008c00 (0x58676293) ori     t0, a4, 1414
core   0: 3 0x80008c00 (0x58676293) x 5 0x00000586
core   0: 0x80008c04 (0xdd0e4e93) xori    t4, t3, -560
core   0: 3 0x80008c04 (0xdd0e4e93) x29 0x000002e5
core   0: 0x80008c08 (0xb644e913) ori     s2, s1, -1180
core   0: 3 0x80008c08 (0xb644e913) x18 0xffffffe4
core   0: 0x80008c0c (0x01d3ac33) slt     s8, t2, t4
core   0: 3 0x80008c0c (0x01d3ac33) x24 0x00000000
core   0: 0x80008c10 (0x0211d0b3) divu    ra, gp, ra
core   0: 3 0x80008c10 (0x0211d0b3) x 1 0x00000003
core   0: 0x80008c14 (0x01259913) slli    s2, a1, 18
core   0: 3 0x80008c14 (0x01259913) x18 0x00000000
core   0: 0x80008c18 (0x02112b33) mulhsu  s6, sp, ra
core   0: 3 0x80008c18 (0x02112b33) x22 0xfffffffe
core   0: 0x80008c1c (0x034dce63) blt     s11, s4, pc + 60
core   0: 3 0x80008c1c (0x034dce63)
core   0: 0x80008c58 (0x05a6c663) blt     a3, s10, pc + 76
core   0: 3 0x80008c58 (0x05a6c663)
core   0: 0x80008c5c (0x02b325b3) mulhsu  a1, t1, a1
core   0: 3 0x80008c5c (0x02b325b3) x11 0x00000000
core   0: 0x80008c60 (0x4179dc33) sra     s8, s3, s7
core   0: 3 0x80008c60 (0x4179dc33) x24 0xd3742000
core   0: 0x80008c64 (0x016d9913) slli    s2, s11, 22
core   0: 3 0x80008c64 (0x016d9913) x18 0x00000000
core   0: 0x80008c68 (0x40b0d2b3) sra     t0, ra, a1
core   0: 3 0x80008c68 (0x40b0d2b3) x 5 0x00000003
core   0: 0x80008c6c (0x0014c833) xor     a6, s1, ra
core   0: 3 0x80008c6c (0x0014c833) x16 0x80029ce7
core   0: 0x80008c70 (0x95507d13) andi    s10, zero, -1707
core   0: 3 0x80008c70 (0x95507d13) x26 0x00000000
core   0: 0x80008c74 (0x01f70233) add     tp, a4, t6
core   0: 3 0x80008c74 (0x01f70233) x 4 0x80025e26
core   0: 0x80008c78 (0x8a1ead13) slti    s10, t4, -1887
core   0: 3 0x80008c78 (0x8a1ead13) x26 0x00000000
core   0: 0x80008c7c (0x0210c833) div     a6, ra, ra
core   0: 3 0x80008c7c (0x0210c833) x16 0x00000001
core   0: 0x80008c80 (0x01111613) slli    a2, sp, 17
core   0: 3 0x80008c80 (0x01111613) x12 0x00000000
core   0: 0x80008c84 (0x01269c33) sll     s8, a3, s2
core   0: 3 0x80008c84 (0x01269c33) x24 0x00044fa5
core   0: 0x80008c88 (0x02ca2433) mulhsu  s0, s4, a2
core   0: 3 0x80008c88 (0x02ca2433) x 8 0x00000000
core   0: 0x80008c8c (0x01ac5713) srli    a4, s8, 26
core   0: 3 0x80008c8c (0x01ac5713) x14 0x00000000
core   0: 0x80008c90 (0x015842b3) xor     t0, a6, s5
core   0: 3 0x80008c90 (0x015842b3) x 5 0x00000001
core   0: 0x80008c94 (0x049b5263) bge     s6, s1, pc + 68
core   0: 3 0x80008c94 (0x049b5263)
core   0: 0x80008cd8 (0x00000013) nop
core   0: 3 0x80008cd8 (0x00000013)
core   0: 0x80008cdc (0x02094663) bltz    s2, pc + 44
core   0: 3 0x80008cdc (0x02094663)
core   0: 0x80008ce0 (0x01429413) slli    s0, t0, 20
core   0: 3 0x80008ce0 (0x01429413) x 8 0x00100000
core   0: 0x80008ce4 (0x037dd333) divu    t1, s11, s7
core   0: 3 0x80008ce4 (0x037dd333) x 6 0x00000000
core   0: 0x80008ce8 (0x0143be33) sltu    t3, t2, s4
core   0: 3 0x80008ce8 (0x0143be33) x28 0x00000001
core   0: 0x80008cec (0x033555b3) divu    a1, a0, s3
core   0: 3 0x80008cec (0x033555b3) x11 0x00000001
core   0: 0x80008cf0 (0x00000013) nop
core   0: 3 0x80008cf0 (0x00000013)
core   0: 0x80008cf4 (0x00f6a9b3) slt     s3, a3, a5
core   0: 3 0x80008cf4 (0x00f6a9b3) x19 0x00000000
core   0: 0x80008cf8 (0x02dc9c33) mulh    s8, s9, a3
core   0: 3 0x80008cf8 (0x02dc9c33) x24 0xfffdd837
core   0: 0x80008cfc (0x0053b1b3) sltu    gp, t2, t0
core   0: 3 0x80008cfc (0x0053b1b3) x 3 0x00000000
core   0: 0x80008d00 (0x01667333) and     t1, a2, s6
core   0: 3 0x80008d00 (0x01667333) x 6 0x00000000
core   0: 0x80008d04 (0x00332b33) slt     s6, t1, gp
core   0: 3 0x80008d04 (0x00332b33) x22 0x00000000
core   0: 0x80008d08 (0x4dbf2593) slti    a1, t5, 1243
core   0: 3 0x80008d08 (0x4dbf2593) x11 0x00000001
core   0: 0x80008d0c (0x010f8663) beq     t6, a6, pc + 12
core   0: 3 0x80008d0c (0x010f8663)
core   0: 0x80008d10 (0x03e3dbb3) divu    s7, t2, t5
core   0: 3 0x80008d10 (0x03e3dbb3) x23 0x0000073b
core   0: 0x80008d14 (0xfcf6f6b7) lui     a3, 0xfcf6f
core   0: 3 0x80008d14 (0xfcf6f6b7) x13 0xfcf6f000
core   0: 0x80008d18 (0x03a49e63) bne     s1, s10, pc + 60
core   0: 3 0x80008d18 (0x03a49e63)
core   0: 0x80008d54 (0x011658b3) srl     a7, a2, a7
core   0: 3 0x80008d54 (0x011658b3) x17 0x00000000
core   0: 0x80008d58 (0x005653b3) srl     t2, a2, t0
core   0: 3 0x80008d58 (0x005653b3) x 7 0x00000000
core   0: 0x80008d5c (0x025cabb3) mulhsu  s7, s9, t0
core   0: 3 0x80008d5c (0x025cabb3) x23 0xffffffff
core   0: 0x80008d60 (0x01fe5413) srli    s0, t3, 31
core   0: 3 0x80008d60 (0x01fe5413) x 8 0x00000000
core   0: 0x80008d64 (0x01f186b3) add     a3, gp, t6
core   0: 3 0x80008d64 (0x01f186b3) x13 0x80025e24
core   0: 0x80008d68 (0x02465db3) divu    s11, a2, tp
core   0: 3 0x80008d68 (0x02465db3) x27 0x00000000
core   0: 0x80008d6c (0x0242a3b3) mulhsu  t2, t0, tp
core   0: 3 0x80008d6c (0x0242a3b3) x 7 0x00000000
core   0: 0x80008d70 (0x017e0c63) beq     t3, s7, pc + 24
core   0: 3 0x80008d70 (0x017e0c63)
core   0: 0x80008d74 (0x2f30c613) xori    a2, ra, 755
core   0: 3 0x80008d74 (0x2f30c613) x12 0x000002f0
core   0: 0x80008d78 (0x047c9863) bne     s9, t2, pc + 80
core   0: 3 0x80008d78 (0x047c9863)
core   0: 0x80008dc8 (0x033f7633) remu    a2, t5, s3
core   0: 3 0x80008dc8 (0x033f7633) x12 0x00000001
core   0: 0x80008dcc (0x01511513) slli    a0, sp, 21
core   0: 3 0x80008dcc (0x01511513) x10 0x00000000
core   0: 0x80008dd0 (0x0261f663) bgeu    gp, t1, pc + 44
core   0: 3 0x80008dd0 (0x0261f663)
core   0: 0x80008dfc (0x00000013) nop
core   0: 3 0x80008dfc (0x00000013)
core   0: 0x80008e00 (0x013312b3) sll     t0, t1, s3
core   0: 3 0x80008e00 (0x013312b3) x 5 0x00000000
core   0: 0x80008e04 (0x40ba5b13) srai    s6, s4, 11
core   0: 3 0x80008e04 (0x40ba5b13) x22 0x00084977
core   0: 0x80008e08 (0x02c27a33) remu    s4, tp, a2
core   0: 3 0x80008e08 (0x02c27a33) x20 0x00000000
core   0: 0x80008e0c (0x01e4cf33) xor     t5, s1, t5
core   0: 3 0x80008e0c (0x01e4cf33) x30 0x80029ce5
core   0: 0x80008e10 (0xfa968c93) addi    s9, a3, -87
core   0: 3 0x80008e10 (0xfa968c93) x25 0x80025dcd
core   0: 0x80008e14 (0x948698b7) lui     a7, 0x94869
core   0: 3 0x80008e14 (0x948698b7) x17 0x94869000
core   0: 0x80008e18 (0x001b1a13) slli    s4, s6, 1
core   0: 3 0x80008e18 (0x001b1a13) x20 0x001092ee
core   0: 0x80008e1c (0x009ca233) slt     tp, s9, s1
core   0: 3 0x80008e1c (0x009ca233) x 4 0x00000001
core   0: 0x80008e20 (0x9f896293) ori     t0, s2, -1544
core   0: 3 0x80008e20 (0x9f896293) x 5 0xfffff9f8
core   0: 0x80008e24 (0x01fd4833) xor     a6, s10, t6
core   0: 3 0x80008e24 (0x01fd4833) x16 0x80025e24
core   0: 0x80008e28 (0x00a622b3) slt     t0, a2, a0
core   0: 3 0x80008e28 (0x00a622b3) x 5 0x00000000
core   0: 0x80008e2c (0x03f82e33) mulhsu  t3, a6, t6
core   0: 3 0x80008e2c (0x03f82e33) x28 0xc0000005
core   0: 0x80008e30 (0x2f243293) sltiu   t0, s0, 754
core   0: 3 0x80008e30 (0x2f243293) x 5 0x00000001
core   0: 0x80008e34 (0x0284e263) bltu    s1, s0, pc + 36
core   0: 3 0x80008e34 (0x0284e263)
core   0: 0x80008e38 (0x0143d793) srli    a5, t2, 20
core   0: 3 0x80008e38 (0x0143d793) x15 0x00000000
core   0: 0x80008e3c (0x00910e33) add     t3, sp, s1
core   0: 3 0x80008e3c (0x00910e33) x28 0x00029ce4
core   0: 0x80008e40 (0x00b5e393) ori     t2, a1, 11
core   0: 3 0x80008e40 (0x00b5e393) x 7 0x0000000b
core   0: 0x80008e44 (0x05e07263) bgeu    zero, t5, pc + 68
core   0: 3 0x80008e44 (0x05e07263)
core   0: 0x80008e48 (0x013938b3) sltu    a7, s2, s3
core   0: 3 0x80008e48 (0x013938b3) x17 0x00000000
core   0: 0x80008e4c (0x405ed833) sra     a6, t4, t0
core   0: 3 0x80008e4c (0x405ed833) x16 0x00000172
core   0: 0x80008e50 (0x034e4a63) blt     t3, s4, pc + 52
core   0: 3 0x80008e50 (0x034e4a63)
core   0: 0x80008e84 (0xf73b6917) auipc   s2, 0xf73b6
core   0: 3 0x80008e84 (0xf73b6917) x18 0x773bee84
core   0: 0x80008e88 (0x00000013) nop
core   0: 3 0x80008e88 (0x00000013)
core   0: 0x80008e8c (0x00f55b93) srli    s7, a0, 15
core   0: 3 0x80008e8c (0x00f55b93) x23 0x00000000
core   0: 0x80008e90 (0x41815db3) sra     s11, sp, s8
core   0: 3 0x80008e90 (0x41815db3) x27 0xffffff00
core   0: 0x80008e94 (0x417757b3) sra     a5, a4, s7
core   0: 3 0x80008e94 (0x417757b3) x15 0x00000000
core   0: 0x80008e98 (0x00743db3) sltu    s11, s0, t2
core   0: 3 0x80008e98 (0x00743db3) x27 0x00000001
core   0: 0x80008e9c (0x02adc933) div     s2, s11, a0
core   0: 3 0x80008e9c (0x02adc933) x18 0xffffffff
core   0: 0x80008ea0 (0x41cf5b33) sra     s6, t5, t3
core   0: 3 0x80008ea0 (0x41cf5b33) x22 0xf80029ce
core   0: 0x80008ea4 (0x58e14913) xori    s2, sp, 1422
core   0: 3 0x80008ea4 (0x58e14913) x18 0x8000058e
core   0: 0x80008ea8 (0x96b00e93) li      t4, -1685
core   0: 3 0x80008ea8 (0x96b00e93) x29 0xfffff96b
core   0: 0x80008eac (0x08069463) bnez    a3, pc + 136
core   0: 3 0x80008eac (0x08069463)
core   0: 0x80008f34 (0x0122d933) srl     s2, t0, s2
core   0: 3 0x80008f34 (0x0122d933) x18 0x00000000
core   0: 0x80008f38 (0x0ca86593) ori     a1, a6, 202
core   0: 3 0x80008f38 (0x0ca86593) x11 0x000001fa
core   0: 0x80008f3c (0x00cc2933) slt     s2, s8, a2
core   0: 3 0x80008f3c (0x00cc2933) x18 0x00000001
core   0: 0x80008f40 (0x03cc7863) bgeu    s8, t3, pc + 48
core   0: 3 0x80008f40 (0x03cc7863)
core   0: 0x80008f70 (0x68236797) auipc   a5, 0x68236
core   0: 3 0x80008f70 (0x68236797) x15 0xe823ef70
core   0: 0x80008f74 (0x01679a13) slli    s4, a5, 22
core   0: 3 0x80008f74 (0x01679a13) x20 0xdc000000
core   0: 0x80008f78 (0x00000013) nop
core   0: 3 0x80008f78 (0x00000013)
core   0: 0x80008f7c (0x0075d533) srl     a0, a1, t2
core   0: 3 0x80008f7c (0x0075d533) x10 0x00000000
core   0: 0x80008f80 (0x03ae9ab3) mulh    s5, t4, s10
core   0: 3 0x80008f80 (0x03ae9ab3) x21 0x00000000
core   0: 0x80008f84 (0x005d02b3) add     t0, s10, t0
core   0: 3 0x80008f84 (0x005d02b3) x 5 0x00000001
core   0: 0x80008f88 (0xdb9c3893) sltiu   a7, s8, -583
core   0: 3 0x80008f88 (0xdb9c3893) x17 0x00000001
core   0: 0x80008f8c (0x6aee0193) addi    gp, t3, 1710
core   0: 3 0x80008f8c (0x6aee0193) x 3 0x0002a392
core   0: 0x80008f90 (0x0090cd33) xor     s10, ra, s1
core   0: 3 0x80008f90 (0x0090cd33) x26 0x80029ce7
core   0: 0x80008f94 (0x026a5263) bge     s4, t1, pc + 36
core   0: 3 0x80008f94 (0x026a5263)
core   0: 0x80008f98 (0x02f918b3) mulh    a7, s2, a5
core   0: 3 0x80008f98 (0x02f918b3) x17 0xffffffff
core   0: 0x80008f9c (0x01a1ec63) bltu    gp, s10, pc + 24
core   0: 3 0x80008f9c (0x01a1ec63)
core   0: 0x80008fb4 (0x000986b3) add     a3, s3, zero
core   0: 3 0x80008fb4 (0x000986b3) x13 0x00000000
core   0: 0x80008fb8 (0x03414863) blt     sp, s4, pc + 48
core   0: 3 0x80008fb8 (0x03414863)
core   0: 0x80008fe8 (0x03424c33) div     s8, tp, s4
core   0: 3 0x80008fe8 (0x03424c33) x24 0x00000000
core   0: 0x80008fec (0x00000013) nop
core   0: 3 0x80008fec (0x00000013)
core   0: 0x80008ff0 (0x62e5ab17) auipc   s6, 0x62e5a
core   0: 3 0x80008ff0 (0x62e5ab17) x22 0xe2e62ff0
core   0: 0x80008ff4 (0x03ded833) divu    a6, t4, t4
core   0: 3 0x80008ff4 (0x03ded833) x16 0x00000001
core   0: 0x80008ff8 (0x40a6d433) sra     s0, a3, a0
core   0: 3 0x80008ff8 (0x40a6d433) x 8 0x00000000
core   0: 0x80008ffc (0x00ad5f13) srli    t5, s10, 10
core   0: 3 0x80008ffc (0x00ad5f13) x30 0x002000a7
core   0: 0x80009000 (0xe878a213) slti    tp, a7, -377
core   0: 3 0x80009000 (0xe878a213) x 4 0x00000000
core   0: 0x80009004 (0x0073d733) srl     a4, t2, t2
core   0: 3 0x80009004 (0x0073d733) x14 0x00000000
core   0: 0x80009008 (0x0c42a213) slti    tp, t0, 196
core   0: 3 0x80009008 (0x0c42a213) x 4 0x00000001
core   0: 0x8000900c (0x418fdd13) srai    s10, t6, 24
core   0: 3 0x8000900c (0x418fdd13) x26 0xffffff80
core   0: 0x80009010 (0xce578b93) addi    s7, a5, -795
core   0: 3 0x80009010 (0xce578b93) x23 0xe823ec55
core   0: 0x80009014 (0x0094d993) srli    s3, s1, 9
core   0: 3 0x80009014 (0x0094d993) x19 0x0040014e
core   0: 0x80009018 (0x02fb7063) bgeu    s6, a5, pc + 32
core   0: 3 0x80009018 (0x02fb7063)
core   0: 0x8000901c (0x01295c93) srli    s9, s2, 18
core   0: 3 0x8000901c (0x01295c93) x25 0x00000000
core   0: 0x80009020 (0x01be5f13) srli    t5, t3, 27
core   0: 3 0x80009020 (0x01be5f13) x30 0x00000000
core   0: 0x80009024 (0x03ee5db3) divu    s11, t3, t5
core   0: 3 0x80009024 (0x03ee5db3) x27 0xffffffff
core   0: 0x80009028 (0x00000013) nop
core   0: 3 0x80009028 (0x00000013)
core   0: 0x8000902c (0x0097f933) and     s2, a5, s1
core   0: 3 0x8000902c (0x0097f933) x18 0x80028c60
core   0: 0x80009030 (0xfc90b293) sltiu   t0, ra, -55
core   0: 3 0x80009030 (0xfc90b293) x 5 0x00000001
core   0: 0x80009034 (0xb9f38913) addi    s2, t2, -1121
core   0: 3 0x80009034 (0xb9f38913) x18 0xfffffbaa
core   0: 0x80009038 (0xb3df86b7) lui     a3, 0xb3df8
core   0: 3 0x80009038 (0xb3df86b7) x13 0xb3df8000
core   0: 0x8000903c (0x00aa4933) xor     s2, s4, a0
core   0: 3 0x8000903c (0x00aa4933) x18 0xdc000000
core   0: 0x80009040 (0x01dfcbb3) xor     s7, t6, t4
core   0: 3 0x80009040 (0x01dfcbb3) x23 0x7ffda74f
core   0: 0x80009044 (0x038b63b3) rem     t2, s6, s8
core   0: 3 0x80009044 (0x038b63b3) x 7 0xe2e62ff0
core   0: 0x80009048 (0x02b887b3) mul     a5, a7, a1
core   0: 3 0x80009048 (0x02b887b3) x15 0xfffffe06
core   0: 0x8000904c (0x01cc07b3) add     a5, s8, t3
core   0: 3 0x8000904c (0x01cc07b3) x15 0x00029ce4
core   0: 0x80009050 (0x00408c33) add     s8, ra, tp
core   0: 3 0x80009050 (0x00408c33) x24 0x00000004
core   0: 0x80009054 (0x00d6bf33) sltu    t5, a3, a3
core   0: 3 0x80009054 (0x00d6bf33) x30 0x00000000
core   0: 0x80009058 (0x41d75813) srai    a6, a4, 29
core   0: 3 0x80009058 (0x41d75813) x16 0x00000000
core   0: 0x8000905c (0x4179dc93) srai    s9, s3, 23
core   0: 3 0x8000905c (0x4179dc93) x25 0x00000000
core   0: 0x80009060 (0x02f07d33) remu    s10, zero, a5
core   0: 3 0x80009060 (0x02f07d33) x26 0x00000000
core   0: 0x80009064 (0x030346b3) div     a3, t1, a6
core   0: 3 0x80009064 (0x030346b3) x13 0xffffffff
core   0: 0x80009068 (0x02761eb3) mulh    t4, a2, t2
core   0: 3 0x80009068 (0x02761eb3) x29 0xffffffff
core   0: 0x8000906c (0x41565793) srai    a5, a2, 21
core   0: 3 0x8000906c (0x41565793) x15 0x00000000
core   0: 0x80009070 (0x4080d033) sra     zero, ra, s0
core   0: 3 0x80009070 (0x4080d033)
core   0: 0x80009074 (0x02bb4c63) blt     s6, a1, pc + 56
core   0: 3 0x80009074 (0x02bb4c63)
core   0: 0x800090ac (0x010f0d33) add     s10, t5, a6
core   0: 3 0x800090ac (0x010f0d33) x26 0x00000000
core   0: 0x800090b0 (0x0075eab3) or      s5, a1, t2
core   0: 3 0x800090b0 (0x0075eab3) x21 0xe2e62ffa
core   0: 0x800090b4 (0x01271b13) slli    s6, a4, 18
core   0: 3 0x800090b4 (0x01271b13) x22 0x00000000
core   0: 0x800090b8 (0x004fa083) lw      ra, 4(t6)
core   0: 3 0x800090b8 (0x004fa083) x 1 0x8000c0a8 mem 0x80025e28
core   0: 0x800090bc (0x01af9913) slli    s2, t6, 26
core   0: 3 0x800090bc (0x01af9913) x18 0x90000000
core   0: 0x800090c0 (0x00a51b93) slli    s7, a0, 10
core   0: 3 0x800090c0 (0x00a51b93) x23 0x00000000
core   0: 0x800090c4 (0x023f8333) mul     t1, t6, gp
core   0: 3 0x800090c4 (0x023f8333) x 6 0x3f929c88
core   0: 0x800090c8 (0xbbf76e13) ori     t3, a4, -1089
core   0: 3 0x800090c8 (0xbbf76e13) x28 0xfffffbbf
core   0: 0x800090cc (0x00d011b3) sll     gp, zero, a3
core   0: 3 0x800090cc (0x00d011b3) x 3 0x00000000
core   0: 0x800090d0 (0x00cf8f93) addi    t6, t6, 12
core   0: 3 0x800090d0 (0x00cf8f93) x31 0x80025e30
core   0: 0x800090d4 (0x00000013) nop
core   0: 3 0x800090d4 (0x00000013)
core   0: 0x800090d8 (0x00008693) mv      a3, ra
core   0: 3 0x800090d8 (0x00008693) x13 0x8000c0a8
core   0: 0x800090dc (0x000686e7) jalr    a3, a3, 0
core   0: 3 0x800090dc (0x000686e7) x13 0x800090e0
core   0: 0x8000c0a8 (0x02bd85b3) mul     a1, s11, a1
core   0: 3 0x8000c0a8 (0x02bd85b3) x11 0xfffffe06
core   0: 0x8000c0ac (0x00749b93) slli    s7, s1, 7
core   0: 3 0x8000c0ac (0x00749b93) x23 0x014e7200
core   0: 0x8000c0b0 (0x020c4333) div     t1, s8, zero
core   0: 3 0x8000c0b0 (0x020c4333) x 6 0xffffffff
core   0: 0x8000c0b4 (0x0057d263) bge     a5, t0, pc + 4
core   0: 3 0x8000c0b4 (0x0057d263)
core   0: 0x8000c0b8 (0x0371fdb3) remu    s11, gp, s7
core   0: 3 0x8000c0b8 (0x0371fdb3) x27 0x00000000
core   0: 0x8000c0bc (0x02804863) blt     zero, s0, pc + 48
core   0: 3 0x8000c0bc (0x02804863)
core   0: 0x8000c0c0 (0x01aa7c63) bgeu    s4, s10, pc + 24
core   0: 3 0x8000c0c0 (0x01aa7c63)
core   0: 0x8000c0d8 (0xc16b3913) sltiu   s2, s6, -1002
core   0: 3 0x8000c0d8 (0xc16b3913) x18 0x00000001
core   0: 0x8000c0dc (0x92c37893) andi    a7, t1, -1748
core   0: 3 0x8000c0dc (0x92c37893) x17 0xfffff92c
core   0: 0x8000c0e0 (0x29850293) addi    t0, a0, 664
core   0: 3 0x8000c0e0 (0x29850293) x 5 0x00000298
core   0: 0x8000c0e4 (0x00b7de13) srli    t3, a5, 11
core   0: 3 0x8000c0e4 (0x00b7de13) x28 0x00000000
core   0: 0x8000c0e8 (0x0035b533) sltu    a0, a1, gp
core   0: 3 0x8000c0e8 (0x0035b533) x10 0x00000000
core   0: 0x8000c0ec (0x7186ed93) ori     s11, a3, 1816
core   0: 3 0x8000c0ec (0x7186ed93) x27 0x800097f8
core   0: 0x8000c0f0 (0x03d71db3) mulh    s11, a4, t4
core   0: 3 0x8000c0f0 (0x03d71db3) x27 0x00000000
core   0: 0x8000c0f4 (0x02897633) remu    a2, s2, s0
core   0: 3 0x8000c0f4 (0x02897633) x12 0x00000001
core   0: 0x8000c0f8 (0xc8967717) auipc   a4, 0xc8967
core   0: 3 0x8000c0f8 (0xc8967717) x14 0x489730f8
core   0: 0x8000c0fc (0x0142eab3) or      s5, t0, s4
core   0: 3 0x8000c0fc (0x0142eab3) x21 0xdc000298
core   0: 0x8000c100 (0xa4942097) auipc   ra, 0xa4942
core   0: 3 0x8000c100 (0xa4942097) x 1 0x2494e100
core   0: 0x8000c104 (0x03f38eb3) mul     t4, t2, t6
core   0: 3 0x8000c104 (0x03f38eb3) x29 0x70a31d00
core   0: 0x8000c108 (0x9072ed93) ori     s11, t0, -1785
core   0: 3 0x8000c108 (0x9072ed93) x27 0xfffffb9f
core   0: 0x8000c10c (0xbaf24393) xori    t2, tp, -1105
core   0: 3 0x8000c10c (0xbaf24393) x 7 0xfffffbae
core   0: 0x8000c110 (0x024e4533) div     a0, t3, tp
core   0: 3 0x8000c110 (0x024e4533) x10 0x00000000
core   0: 0x8000c114 (0x015cc6b3) xor     a3, s9, s5
core   0: 3 0x8000c114 (0x015cc6b3) x13 0xdc000298
core   0: 0x8000c118 (0x00000013) nop
core   0: 3 0x8000c118 (0x00000013)
core   0: 0x8000c11c (0x0344e7b3) rem     a5, s1, s4
core   0: 3 0x8000c11c (0x0344e7b3) x15 0xec029ce4
core   0: 0x8000c120 (0x034d2633) mulhsu  a2, s10, s4
core   0: 3 0x8000c120 (0x034d2633) x12 0x00000000
core   0: 0x8000c124 (0x00e21663) bne     tp, a4, pc + 12
core   0: 3 0x8000c124 (0x00e21663)
core   0: 0x8000c130 (0x004dd1b3) srl     gp, s11, tp
core   0: 3 0x8000c130 (0x004dd1b3) x 3 0x7ffffdcf
core   0: 0x8000c134 (0x020eac33) mulhsu  s8, t4, zero
core   0: 3 0x8000c134 (0x020eac33) x24 0x00000000
core   0: 0x8000c138 (0x02d5e6b3) rem     a3, a1, a3
core   0: 3 0x8000c138 (0x02d5e6b3) x13 0xfffffe06
core   0: 0x8000c13c (0x00000013) nop
core   0: 3 0x8000c13c (0x00000013)
core   0: 0x8000c140 (0x7b5e2e13) slti    t3, t3, 1973
core   0: 3 0x8000c140 (0x7b5e2e13) x28 0x00000001
core   0: 0x8000c144 (0x0221a7b3) mulhsu  a5, gp, sp
core   0: 3 0x8000c144 (0x0221a7b3) x15 0x3ffffee7
core   0: 0x8000c148 (0x401a5433) sra     s0, s4, ra
core   0: 3 0x8000c148 (0x401a5433) x 8 0xdc000000
core   0: 0x8000c14c (0x0191b7b3) sltu    a5, gp, s9
core   0: 3 0x8000c14c (0x0191b7b3) x15 0x00000000
core   0: 0x8000c150 (0x4cdd3b13) sltiu   s6, s10, 1229
core   0: 3 0x8000c150 (0x4cdd3b13) x22 0x00000001
core   0: 0x8000c154 (0x00000013) nop
core   0: 3 0x8000c154 (0x00000013)
core   0: 0x8000c158 (0x02e5c863) blt     a1, a4, pc + 48
core   0: 3 0x8000c158 (0x02e5c863)
core   0: 0x8000c188 (0x01f1dab3) srl     s5, gp, t6
core   0: 3 0x8000c188 (0x01f1dab3) x21 0x00007fff
core   0: 0x8000c18c (0xd0a0c693) xori    a3, ra, -758
core   0: 3 0x8000c18c (0xd0a0c693) x13 0xdb6b1c0a
core   0: 0x8000c190 (0x034c7d33) remu    s10, s8, s4
core   0: 3 0x8000c190 (0x034c7d33) x26 0x00000000
core   0: 0x8000c194 (0x20b4c037) lui     zero, 0x20b4c
core   0: 3 0x8000c194 (0x20b4c037)
core   0: 0x8000c198 (0x00d85913) srli    s2, a6, 13
core   0: 3 0x8000c198 (0x00d85913) x18 0x00000000
core   0: 0x8000c19c (0x36f23d93) sltiu   s11, tp, 879
core   0: 3 0x8000c19c (0x36f23d93) x27 0x00000001
core   0: 0x8000c1a0 (0x1dddcd13) xori    s10, s11, 477
core   0: 3 0x8000c1a0 (0x1dddcd13) x26 0x000001dc
core   0: 0x8000c1a4 (0x406659b3) sra     s3, a2, t1
core   0: 3 0x8000c1a4 (0x406659b3) x19 0x00000000
core   0: 0x8000c1a8 (0x00000013) nop
core   0: 3 0x8000c1a8 (0x00000013)
core   0: 0x8000c1ac (0x02673933) mulhu   s2, a4, t1
core   0: 3 0x8000c1ac (0x02673933) x18 0x489730f7
core   0: 0x8000c1b0 (0x02228a63) beq     t0, sp, pc + 52
core   0: 3 0x8000c1b0 (0x02228a63)
core   0: 0x8000c1b4 (0x2bf04e93) xori    t4, zero, 703
core   0: 3 0x8000c1b4 (0x2bf04e93) x29 0x000002bf
core   0: 0x8000c1b8 (0x0271e2b3) rem     t0, gp, t2
core   0: 3 0x8000c1b8 (0x0271e2b3) x 5 0x000001eb
core   0: 0x8000c1bc (0x03649bb3) mulh    s7, s1, s6
core   0: 3 0x8000c1bc (0x03649bb3) x23 0xffffffff
core   0: 0x8000c1c0 (0x02004c33) div     s8, zero, zero
core   0: 3 0x8000c1c0 (0x02004c33) x24 0xffffffff
core   0: 0x8000c1c4 (0x02bb0cb3) mul     s9, s6, a1
core   0: 3 0x8000c1c4 (0x02bb0cb3) x25 0xfffffe06
core   0: 0x8000c1c8 (0xc2638193) addi    gp, t2, -986
core   0: 3 0x8000c1c8 (0xc2638193) x 3 0xfffff7d4
core   0: 0x8000c1cc (0x00cb5093) srli    ra, s6, 12
core   0: 3 0x8000c1cc (0x00cb5093) x 1 0x00000000
core   0: 0x8000c1d0 (0x0081c633) xor     a2, gp, s0
core   0: 3 0x8000c1d0 (0x0081c633) x12 0x23fff7d4
core   0: 0x8000c1d4 (0x00000013) nop
core   0: 3 0x8000c1d4 (0x00000013)
core   0: 0x8000c1d8 (0x01b3d833) srl     a6, t2, s11
core   0: 3 0x8000c1d8 (0x01b3d833) x16 0x7ffffdd7
core   0: 0x8000c1dc (0x037ca3b3) mulhsu  t2, s9, s7
core   0: 3 0x8000c1dc (0x037ca3b3) x 7 0xfffffe06
core   0: 0x8000c1e0 (0x40760033) sub     zero, a2, t2
core   0: 3 0x8000c1e0 (0x40760033)
core   0: 0x8000c1e4 (0x00bba533) slt     a0, s7, a1
core   0: 3 0x8000c1e4 (0x00bba533) x10 0x00000000
core   0: 0x8000c1e8 (0x9c4ec393) xori    t2, t4, -1596
core   0: 3 0x8000c1e8 (0x9c4ec393) x 7 0xfffffb7b
core   0: 0x8000c1ec (0x002dfeb3) and     t4, s11, sp
core   0: 3 0x8000c1ec (0x002dfeb3) x29 0x00000000
core   0: 0x8000c1f0 (0x545a8c93) addi    s9, s5, 1349
core   0: 3 0x8000c1f0 (0x545a8c93) x25 0x00008544
core   0: 0x8000c1f4 (0x40595813) srai    a6, s2, 5
core   0: 3 0x8000c1f4 (0x40595813) x16 0x0244b987
core   0: 0x8000c1f8 (0xe2c5ab93) slti    s7, a1, -468
core   0: 3 0x8000c1f8 (0xe2c5ab93) x23 0x00000001
core   0: 0x8000c1fc (0x3b2b5b97) auipc   s7, 0x3b2b5
core   0: 3 0x8000c1fc (0x3b2b5b97) x23 0xbb2c11fc
core   0: 0x8000c200 (0x02df78b3) remu    a7, t5, a3
core   0: 3 0x8000c200 (0x02df78b3) x17 0x00000000
core   0: 0x8000c204 (0x5ee8e893) ori     a7, a7, 1518
core   0: 3 0x8000c204 (0x5ee8e893) x17 0x000005ee
core   0: 0x8000c208 (0x406dd3b3) sra     t2, s11, t1
core   0: 3 0x8000c208 (0x406dd3b3) x 7 0x00000000
core   0: 0x8000c20c (0x005c1193) slli    gp, s8, 5
core   0: 3 0x8000c20c (0x005c1193) x 3 0xffffffe0
core   0: 0x8000c210 (0x00145c33) srl     s8, s0, ra
core   0: 3 0x8000c210 (0x00145c33) x24 0xdc000000
core   0: 0x8000c214 (0x35b06c13) ori     s8, zero, 859
core   0: 3 0x8000c214 (0x35b06c13) x24 0x0000035b
core   0: 0x8000c218 (0x00218c63) beq     gp, sp, pc + 24
core   0: 3 0x8000c218 (0x00218c63)
core   0: 0x8000c21c (0x00c456b3) srl     a3, s0, a2
core   0: 3 0x8000c21c (0x00c456b3) x13 0x00000dc0
core   0: 0x8000c220 (0x003a8c63) beq     s5, gp, pc + 24
core   0: 3 0x8000c220 (0x003a8c63)
core   0: 0x8000c224 (0x001fb033) sltu    zero, t6, ra
core   0: 3 0x8000c224 (0x001fb033)
core   0: 0x8000c228 (0x015fdb33) srl     s6, t6, s5
core   0: 3 0x8000c228 (0x015fdb33) x22 0x00000001
core   0: 0x8000c22c (0x01df5a33) srl     s4, t5, t4
core   0: 3 0x8000c22c (0x01df5a33) x20 0x00000000
core   0: 0x8000c230 (0x62349d17) auipc   s10, 0x62349
core   0: 3 0x8000c230 (0x62349d17) x26 0xe2355230
core   0: 0x8000c234 (0x00805c33) srl     s8, zero, s0
core   0: 3 0x8000c234 (0x00805c33) x24 0x00000000
core   0: 0x8000c238 (0x07987863) bgeu    a6, s9, pc + 112
core   0: 3 0x8000c238 (0x07987863)
core   0: 0x8000c2a8 (0x0107f863) bgeu    a5, a6, pc + 16
core   0: 3 0x8000c2a8 (0x0107f863)
core   0: 0x8000c2ac (0x00000013) nop
core   0: 3 0x8000c2ac (0x00000013)
core   0: 0x8000c2b0 (0x76a77813) andi    a6, a4, 1898
core   0: 3 0x8000c2b0 (0x76a77813) x16 0x00000068
core   0: 0x8000c2b4 (0x03f9f263) bgeu    s3, t6, pc + 36
core   0: 3 0x8000c2b4 (0x03f9f263)
core   0: 0x8000c2b8 (0x00c7f9b3) and     s3, a5, a2
core   0: 3 0x8000c2b8 (0x00c7f9b3) x19 0x00000000
core   0: 0x8000c2bc (0x00000013) nop
core   0: 3 0x8000c2bc (0x00000013)
core   0: 0x8000c2c0 (0x01da57b3) srl     a5, s4, t4
core   0: 3 0x8000c2c0 (0x01da57b3) x15 0x00000000
core   0: 0x8000c2c4 (0x033716b3) mulh    a3, a4, s3
core   0: 3 0x8000c2c4 (0x033716b3) x13 0x00000000
core   0: 0x8000c2c8 (0x41f350b3) sra     ra, t1, t6
core   0: 3 0x8000c2c8 (0x41f350b3) x 1 0xffffffff
core   0: 0x8000c2cc (0x01ba2633) slt     a2, s4, s11
core   0: 3 0x8000c2cc (0x01ba2633) x12 0x00000001
core   0: 0x8000c2d0 (0xf92e4993) xori    s3, t3, -110
core   0: 3 0x8000c2d0 (0xf92e4993) x19 0xffffff93
core   0: 0x8000c2d4 (0x90233793) sltiu   a5, t1, -1790
core   0: 3 0x8000c2d4 (0x90233793) x15 0x00000000
core   0: 0x8000c2d8 (0x02024833) div     a6, tp, zero
core   0: 3 0x8000c2d8 (0x02024833) x16 0xffffffff
core   0: 0x8000c2dc (0x0251ee33) rem     t3, gp, t0
core   0: 3 0x8000c2dc (0x0251ee33) x28 0xffffffe0
core   0: 0x8000c2e0 (0x03720ab3) mul     s5, tp, s7
core   0: 3 0x8000c2e0 (0x03720ab3) x21 0xbb2c11fc
core   0: 0x8000c2e4 (0x41b88333) sub     t1, a7, s11
core   0: 3 0x8000c2e4 (0x41b88333) x 6 0x000005ed
core   0: 0x8000c2e8 (0x4967bd93) sltiu   s11, a5, 1174
core   0: 3 0x8000c2e8 (0x4967bd93) x27 0x00000001
core   0: 0x8000c2ec (0x00f4a333) slt     t1, s1, a5
core   0: 3 0x8000c2ec (0x00f4a333) x 6 0x00000001
core   0: 0x8000c2f0 (0x01ceee63) bltu    t4, t3, pc + 28
core   0: 3 0x8000c2f0 (0x01ceee63)
core   0: 0x8000c30c (0x01d8ac33) slt     s8, a7, t4
core   0: 3 0x8000c30c (0x01d8ac33) x24 0x00000000
core   0: 0x8000c310 (0x02443f33) mulhu   t5, s0, tp
core   0: 3 0x8000c310 (0x02443f33) x30 0x00000000
core   0: 0x8000c314 (0x00ba4833) xor     a6, s4, a1
core   0: 3 0x8000c314 (0x00ba4833) x16 0xfffffe06
core   0: 0x8000c318 (0x02cce263) bltu    s9, a2, pc + 36
core   0: 3 0x8000c318 (0x02cce263)
core   0: 0x8000c31c (0x036fe793) ori     a5, t6, 54
core   0: 3 0x8000c31c (0x036fe793) x15 0x80025e36
core   0: 0x8000c320 (0x00d61e63) bne     a2, a3, pc + 28
core   0: 3 0x8000c320 (0x00d61e63)
core   0: 0x8000c33c (0x4c024613) xori    a2, tp, 1216
core   0: 3 0x8000c33c (0x4c024613) x12 0x000004c1
core   0: 0x8000c340 (0x02471b33) mulh    s6, a4, tp
core   0: 3 0x8000c340 (0x02471b33) x22 0x00000000
core   0: 0x8000c344 (0x004fa083) lw      ra, 4(t6)
core   0: 3 0x8000c344 (0x004fa083) x 1 0x80002b04 mem 0x80025e34
core   0: 0x8000c348 (0x02f61333) mulh    t1, a2, a5
core   0: 3 0x8000c348 (0x02f61333) x 6 0xfffffd9f
core   0: 0x8000c34c (0x034f8f93) addi    t6, t6, 52
core   0: 3 0x8000c34c (0x034f8f93) x31 0x80025e64
core   0: 0x8000c350 (0xdf97b893) sltiu   a7, a5, -519
core   0: 3 0x8000c350 (0xdf97b893) x17 0x00000001
core   0: 0x8000c354 (0x03691533) mulh    a0, s2, s6
core   0: 3 0x8000c354 (0x03691533) x10 0x00000000
core   0: 0x8000c358 (0x4052db13) srai    s6, t0, 5
core   0: 3 0x8000c358 (0x4052db13) x22 0x0000000f
core   0: 0x8000c35c (0x226cc193) xori    gp, s9, 550
core   0: 3 0x8000c35c (0x226cc193) x 3 0x00008762
core   0: 0x8000c360 (0x00482eb3) slt     t4, a6, tp
core   0: 3 0x8000c360 (0x00482eb3) x29 0x00000001
core   0: 0x8000c364 (0x00aad8b3) srl     a7, s5, a0
core   0: 3 0x8000c364 (0x00aad8b3) x17 0xbb2c11fc
core   0: 0x8000c368 (0x01fe8893) addi    a7, t4, 31
core   0: 3 0x8000c368 (0x01fe8893) x17 0x00000020
core   0: 0x8000c36c (0x03910433) mul     s0, sp, s9
core   0: 3 0x8000c36c (0x03910433) x 8 0x00000000
core   0: 0x8000c370 (0x00008313) mv      t1, ra
core   0: 3 0x8000c370 (0x00008313) x 6 0x80002b04
core   0: 0x8000c374 (0x00030367) jalr    t1, t1, 0
core   0: 3 0x8000c374 (0x00030367) x 6 0x8000c378
core   0: 0x80002b04 (0x0117a433) slt     s0, a5, a7
core   0: 3 0x80002b04 (0x0117a433) x 8 0x00000001
core   0: 0x80002b08 (0x00758b33) add     s6, a1, t2
core   0: 3 0x80002b08 (0x00758b33) x22 0xfffffe06
core   0: 0x80002b0c (0x002ec663) blt     t4, sp, pc + 12
core   0: 3 0x80002b0c (0x002ec663)
core   0: 0x80002b10 (0x003c95b3) sll     a1, s9, gp
core   0: 3 0x80002b10 (0x003c95b3) x11 0x00021510
core   0: 0x80002b14 (0x01211a33) sll     s4, sp, s2
core   0: 3 0x80002b14 (0x01211a33) x20 0x00000000
core   0: 0x80002b18 (0x015c2eb3) slt     t4, s8, s5
core   0: 3 0x80002b18 (0x015c2eb3) x29 0x00000000
core   0: 0x80002b1c (0x020d79b3) remu    s3, s10, zero
core   0: 3 0x80002b1c (0x020d79b3) x19 0xe2355230
core   0: 0x80002b20 (0x019a8933) add     s2, s5, s9
core   0: 3 0x80002b20 (0x019a8933) x18 0xbb2c9740
core   0: 0x80002b24 (0x41e7d293) srai    t0, a5, 30
core   0: 3 0x80002b24 (0x41e7d293) x 5 0xfffffffe
core   0: 0x80002b28 (0x40895c33) sra     s8, s2, s0
core   0: 3 0x80002b28 (0x40895c33) x24 0xdd964ba0
core   0: 0x80002b2c (0x03813633) mulhu   a2, sp, s8
core   0: 3 0x80002b2c (0x03813633) x12 0x6ecb25d0
core   0: 0x80002b30 (0x00000013) nop
core   0: 3 0x80002b30 (0x00000013)
core   0: 0x80002b34 (0x100e6d13) ori     s10, t3, 256
core   0: 3 0x80002b34 (0x100e6d13) x26 0xffffffe0
core   0: 0x80002b38 (0x0288f5b3) remu    a1, a7, s0
core   0: 3 0x80002b38 (0x0288f5b3) x11 0x00000000
core   0: 0x80002b3c (0x4178de33) sra     t3, a7, s7
core   0: 3 0x80002b3c (0x4178de33) x28 0x00000000
core   0: 0x80002b40 (0x40815933) sra     s2, sp, s0
core   0: 3 0x80002b40 (0x40815933) x18 0xc0000000
core   0: 0x80002b44 (0x9889f513) andi    a0, s3, -1656
core   0: 3 0x80002b44 (0x9889f513) x10 0xe2355000
core   0: 0x80002b48 (0x0369d2b3) divu    t0, s3, s6
core   0: 3 0x80002b48 (0x0369d2b3) x 5 0x00000000
core   0: 0x80002b4c (0x00900293) li      t0, 9
core   0: 3 0x80002b4c (0x00900293) x 5 0x00000009
core   0: 0x80002b50 (0x03b9d933) divu    s2, s3, s11
core   0: 3 0x80002b50 (0x03b9d933) x18 0xe2355230
core   0: 0x80002b54 (0x035f5c33) divu    s8, t5, s5
core   0: 3 0x80002b54 (0x035f5c33) x24 0x00000000
core   0: 0x80002b58 (0x008dd5b3) srl     a1, s11, s0
core   0: 3 0x80002b58 (0x008dd5b3) x11 0x00000000
core   0: 0x80002b5c (0x02e93ab3) mulhu   s5, s2, a4
core   0: 3 0x80002b5c (0x02e93ab3) x21 0x402497d6
core   0: 0x80002b60 (0x00500e13) li      t3, 5
core   0: 3 0x80002b60 (0x00500e13) x28 0x00000005
core   0: 0x80002b64 (0x015e9a93) slli    s5, t4, 21
core   0: 3 0x80002b64 (0x015e9a93) x21 0x00000000
core   0: 0x80002b68 (0x004708b3) add     a7, a4, tp
core   0: 3 0x80002b68 (0x004708b3) x17 0x489730f9
core   0: 0x80002b6c (0x01ccd033) srl     zero, s9, t3
core   0: 3 0x80002b6c (0x01ccd033)
core   0: 0x80002b70 (0x00de91b3) sll     gp, t4, a3
core   0: 3 0x80002b70 (0x00de91b3) x 3 0x00000000
core   0: 0x80002b74 (0xffc28293) addi    t0, t0, -4
core   0: 3 0x80002b74 (0xffc28293) x 5 0x00000005
core   0: 0x80002b78 (0x0ac80e93) addi    t4, a6, 172
core   0: 3 0x80002b78 (0x0ac80e93) x29 0xfffffeb2
core   0: 0x80002b7c (0x3f1d3513) sltiu   a0, s10, 1009
core   0: 3 0x80002b7c (0x3f1d3513) x10 0x00000000
core   0: 0x80002b80 (0x00500613) li      a2, 5
core   0: 3 0x80002b80 (0x00500613) x12 0x00000005
core   0: 0x80002b84 (0x01829c13) slli    s8, t0, 24
core   0: 3 0x80002b84 (0x01829c13) x24 0x05000000
core   0: 0x80002b88 (0x00000013) nop
core   0: 3 0x80002b88 (0x00000013)
core   0: 0x80002b8c (0x01100f13) li      t5, 17
core   0: 3 0x80002b8c (0x01100f13) x30 0x00000011
core   0: 0x80002b90 (0x03a61c33) mulh    s8, a2, s10
core   0: 3 0x80002b90 (0x03a61c33) x24 0xffffffff
core   0: 0x80002b94 (0x023d8733) mul     a4, s11, gp
core   0: 3 0x80002b94 (0x023d8733) x14 0x00000000
core   0: 0x80002b98 (0x01658cb3) add     s9, a1, s6
core   0: 3 0x80002b98 (0x01658cb3) x25 0xfffffe06
core   0: 0x80002b9c (0x022e1733) mulh    a4, t3, sp
core   0: 3 0x80002b9c (0x022e1733) x14 0xfffffffd
core   0: 0x80002ba0 (0x00460613) addi    a2, a2, 4
core   0: 3 0x80002ba0 (0x00460613) x12 0x00000009
core   0: 0x80002ba4 (0xffe66ae3) bltu    a2, t5, pc - 12
core   0: 3 0x80002ba4 (0xffe66ae3)
core   0: 0x80002b98 (0x01658cb3) add     s9, a1, s6
core   0: 3 0x80002b98 (0x01658cb3) x25 0xfffffe06
core   0: 0x80002b9c (0x022e1733) mulh    a4, t3, sp
core   0: 3 0x80002b9c (0x022e1733) x14 0xfffffffd
core   0: 0x80002ba0 (0x00460613) addi    a2, a2, 4
core   0: 3 0x80002ba0 (0x00460613) x12 0x0000000d
core   0: 0x80002ba4 (0xffe66ae3) bltu    a2, t5, pc - 12
core   0: 3 0x80002ba4 (0xffe66ae3)
core   0: 0x80002b98 (0x01658cb3) add     s9, a1, s6
core   0: 3 0x80002b98 (0x01658cb3) x25 0xfffffe06
core   0: 0x80002b9c (0x022e1733) mulh    a4, t3, sp
core   0: 3 0x80002b9c (0x022e1733) x14 0xfffffffd
core   0: 0x80002ba0 (0x00460613) addi    a2, a2, 4
core   0: 3 0x80002ba0 (0x00460613) x12 0x00000011
core   0: 0x80002ba4 (0xffe66ae3) bltu    a2, t5, pc - 12
core   0: 3 0x80002ba4 (0xffe66ae3)
core   0: 0x80002ba8 (0x00b51733) sll     a4, a0, a1
core   0: 3 0x80002ba8 (0x00b51733) x14 0x00000000
core   0: 0x80002bac (0x02c1db33) divu    s6, gp, a2
core   0: 3 0x80002bac (0x02c1db33) x22 0x00000000
core   0: 0x80002bb0 (0x014298b3) sll     a7, t0, s4
core   0: 3 0x80002bb0 (0x014298b3) x17 0x00000005
core   0: 0x80002bb4 (0x3a18fc37) lui     s8, 0x3a18f
core   0: 3 0x80002bb4 (0x3a18fc37) x24 0x3a18f000
core   0: 0x80002bb8 (0xfbc2f8e3) bgeu    t0, t3, pc - 80
core   0: 3 0x80002bb8 (0xfbc2f8e3)
core   0: 0x80002b68 (0x004708b3) add     a7, a4, tp
core   0: 3 0x80002b68 (0x004708b3) x17 0x00000001
core   0: 0x80002b6c (0x01ccd033) srl     zero, s9, t3
core   0: 3 0x80002b6c (0x01ccd033)
core   0: 0x80002b70 (0x00de91b3) sll     gp, t4, a3
core   0: 3 0x80002b70 (0x00de91b3) x 3 0xfffffeb2
core   0: 0x80002b74 (0xffc28293) addi    t0, t0, -4
core   0: 3 0x80002b74 (0xffc28293) x 5 0x00000001
core   0: 0x80002b78 (0x0ac80e93) addi    t4, a6, 172
core   0: 3 0x80002b78 (0x0ac80e93) x29 0xfffffeb2
core   0: 0x80002b7c (0x3f1d3513) sltiu   a0, s10, 1009
core   0: 3 0x80002b7c (0x3f1d3513) x10 0x00000000
core   0: 0x80002b80 (0x00500613) li      a2, 5
core   0: 3 0x80002b80 (0x00500613) x12 0x00000005
core   0: 0x80002b84 (0x01829c13) slli    s8, t0, 24
core   0: 3 0x80002b84 (0x01829c13) x24 0x01000000
core   0: 0x80002b88 (0x00000013) nop
core   0: 3 0x80002b88 (0x00000013)
core   0: 0x80002b8c (0x01100f13) li      t5, 17
core   0: 3 0x80002b8c (0x01100f13) x30 0x00000011
core   0: 0x80002b90 (0x03a61c33) mulh    s8, a2, s10
core   0: 3 0x80002b90 (0x03a61c33) x24 0xffffffff
core   0: 0x80002b94 (0x023d8733) mul     a4, s11, gp
core   0: 3 0x80002b94 (0x023d8733) x14 0xfffffeb2
core   0: 0x80002b98 (0x01658cb3) add     s9, a1, s6
core   0: 3 0x80002b98 (0x01658cb3) x25 0x00000000
core   0: 0x80002b9c (0x022e1733) mulh    a4, t3, sp
core   0: 3 0x80002b9c (0x022e1733) x14 0xfffffffd
core   0: 0x80002ba0 (0x00460613) addi    a2, a2, 4
core   0: 3 0x80002ba0 (0x00460613) x12 0x00000009
core   0: 0x80002ba4 (0xffe66ae3) bltu    a2, t5, pc - 12
core   0: 3 0x80002ba4 (0xffe66ae3)
core   0: 0x80002b98 (0x01658cb3) add     s9, a1, s6
core   0: 3 0x80002b98 (0x01658cb3) x25 0x00000000
core   0: 0x80002b9c (0x022e1733) mulh    a4, t3, sp
core   0: 3 0x80002b9c (0x022e1733) x14 0xfffffffd
core   0: 0x80002ba0 (0x00460613) addi    a2, a2, 4
core   0: 3 0x80002ba0 (0x00460613) x12 0x0000000d
core   0: 0x80002ba4 (0xffe66ae3) bltu    a2, t5, pc - 12
core   0: 3 0x80002ba4 (0xffe66ae3)
core   0: 0x80002b98 (0x01658cb3) add     s9, a1, s6
core   0: 3 0x80002b98 (0x01658cb3) x25 0x00000000
core   0: 0x80002b9c (0x022e1733) mulh    a4, t3, sp
core   0: 3 0x80002b9c (0x022e1733) x14 0xfffffffd
core   0: 0x80002ba0 (0x00460613) addi    a2, a2, 4
core   0: 3 0x80002ba0 (0x00460613) x12 0x00000011
core   0: 0x80002ba4 (0xffe66ae3) bltu    a2, t5, pc - 12
core   0: 3 0x80002ba4 (0xffe66ae3)
core   0: 0x80002ba8 (0x00b51733) sll     a4, a0, a1
core   0: 3 0x80002ba8 (0x00b51733) x14 0x00000000
core   0: 0x80002bac (0x02c1db33) divu    s6, gp, a2
core   0: 3 0x80002bac (0x02c1db33) x22 0x0f0f0efb
core   0: 0x80002bb0 (0x014298b3) sll     a7, t0, s4
core   0: 3 0x80002bb0 (0x014298b3) x17 0x00000001
core   0: 0x80002bb4 (0x3a18fc37) lui     s8, 0x3a18f
core   0: 3 0x80002bb4 (0x3a18fc37) x24 0x3a18f000
core   0: 0x80002bb8 (0xfbc2f8e3) bgeu    t0, t3, pc - 80
core   0: 3 0x80002bb8 (0xfbc2f8e3)
core   0: 0x80002bbc (0xac57a813) slti    a6, a5, -1339
core   0: 3 0x80002bbc (0xac57a813) x16 0x00000001
core   0: 0x80002bc0 (0x02197533) remu    a0, s2, ra
core   0: 3 0x80002bc0 (0x02197533) x10 0x6235272c
core   0: 0x80002bc4 (0x8dfe6413) ori     s0, t3, -1825
core   0: 3 0x80002bc4 (0x8dfe6413) x 8 0xfffff8df
core   0: 0x80002bc8 (0xa473c317) auipc   t1, 0xa473c
core   0: 3 0x80002bc8 (0xa473c317) x 6 0x2473ebc8
core   0: 0x80002bcc (0x01a92733) slt     a4, s2, s10
core   0: 3 0x80002bcc (0x01a92733) x14 0x00000001
core   0: 0x80002bd0 (0x03e2b0b3) mulhu   ra, t0, t5
core   0: 3 0x80002bd0 (0x03e2b0b3) x 1 0x00000000
core   0: 0x80002bd4 (0x14e6ff13) andi    t5, a3, 334
core   0: 3 0x80002bd4 (0x14e6ff13) x30 0x00000000
core   0: 0x80002bd8 (0x0062b5b3) sltu    a1, t0, t1
core   0: 3 0x80002bd8 (0x0062b5b3) x11 0x00000001
core   0: 0x80002bdc (0x007b2833) slt     a6, s6, t2
core   0: 3 0x80002bdc (0x007b2833) x16 0x00000000
core   0: 0x80002be0 (0x00642333) slt     t1, s0, t1
core   0: 3 0x80002be0 (0x00642333) x 6 0x00000001
core   0: 0x80002be4 (0x41cb06b3) sub     a3, s6, t3
core   0: 3 0x80002be4 (0x41cb06b3) x13 0x0f0f0ef6
core   0: 0x80002be8 (0x022e2833) mulhsu  a6, t3, sp
core   0: 3 0x80002be8 (0x022e2833) x16 0x00000002
core   0: 0x80002bec (0x40df0933) sub     s2, t5, a3
core   0: 3 0x80002bec (0x40df0933) x18 0xf0f0f10a
core   0: 0x80002bf0 (0x0199db33) srl     s6, s3, s9
core   0: 3 0x80002bf0 (0x0199db33) x22 0xe2355230
core   0: 0x80002bf4 (0x02012d33) mulhsu  s10, sp, zero
core   0: 3 0x80002bf4 (0x02012d33) x26 0x00000000
core   0: 0x80002bf8 (0xaf6d0893) addi    a7, s10, -1290
core   0: 3 0x80002bf8 (0xaf6d0893) x17 0xfffffaf6
core   0: 0x80002bfc (0x034bf263) bgeu    s7, s4, pc + 36
core   0: 3 0x80002bfc (0x034bf263)
core   0: 0x80002c20 (0x4088d093) srai    ra, a7, 8
core   0: 3 0x80002c20 (0x4088d093) x 1 0xfffffffa
core   0: 0x80002c24 (0x01015c93) srli    s9, sp, 16
core   0: 3 0x80002c24 (0x01015c93) x25 0x00008000
core   0: 0x80002c28 (0x4032d093) srai    ra, t0, 3
core   0: 3 0x80002c28 (0x4032d093) x 1 0x00000000
core   0: 0x80002c2c (0x016b8eb3) add     t4, s7, s6
core   0: 3 0x80002c2c (0x016b8eb3) x29 0x9d61642c
core   0: 0x80002c30 (0x00444b33) xor     s6, s0, tp
core   0: 3 0x80002c30 (0x00444b33) x22 0xfffff8de
core   0: 0x80002c34 (0x009e98b3) sll     a7, t4, s1
core   0: 3 0x80002c34 (0x009e98b3) x17 0xd61642c0
core   0: 0x80002c38 (0x14723c17) auipc   s8, 0x14723
core   0: 3 0x80002c38 (0x14723c17) x24 0x94725c38
core   0: 0x80002c3c (0x03d78a33) mul     s4, a5, t4
core   0: 3 0x80002c3c (0x03d78a33) x20 0xbdab4948
core   0: 0x80002c40 (0x00b44863) blt     s0, a1, pc + 16
core   0: 3 0x80002c40 (0x00b44863)
core   0: 0x80002c50 (0x01ea8533) add     a0, s5, t5
core   0: 3 0x80002c50 (0x01ea8533) x10 0x00000000
core   0: 0x80002c54 (0x03a16633) rem     a2, sp, s10
core   0: 3 0x80002c54 (0x03a16633) x12 0x80000000
core   0: 0x80002c58 (0x00255593) srli    a1, a0, 2
core   0: 3 0x80002c58 (0x00255593) x11 0x00000000
core   0: 0x80002c5c (0x017c1e93) slli    t4, s8, 23
core   0: 3 0x80002c5c (0x017c1e93) x29 0x1c000000
core   0: 0x80002c60 (0xa98e6393) ori     t2, t3, -1384
core   0: 3 0x80002c60 (0xa98e6393) x 7 0xfffffa9d
core   0: 0x80002c64 (0x0298d233) divu    tp, a7, s1
core   0: 3 0x80002c64 (0x0298d233) x 4 0x00000001
core   0: 0x80002c68 (0x02151433) mulh    s0, a0, ra
core   0: 3 0x80002c68 (0x02151433) x 8 0x00000000
core   0: 0x80002c6c (0xf767c097) auipc   ra, 0xf767c
core   0: 3 0x80002c6c (0xf767c097) x 1 0x7767ec6c
core   0: 0x80002c70 (0x00c487b3) add     a5, s1, a2
core   0: 3 0x80002c70 (0x00c487b3) x15 0x00029ce4
core   0: 0x80002c74 (0x465d6b97) auipc   s7, 0x465d6
core   0: 3 0x80002c74 (0x465d6b97) x23 0xc65d8c74
core   0: 0x80002c78 (0x00239993) slli    s3, t2, 2
core   0: 3 0x80002c78 (0x00239993) x19 0xffffea74
core   0: 0x80002c7c (0x01c54333) xor     t1, a0, t3
core   0: 3 0x80002c7c (0x01c54333) x 6 0x00000005
core   0: 0x80002c80 (0x01b61eb3) sll     t4, a2, s11
core   0: 3 0x80002c80 (0x01b61eb3) x29 0x00000000
core   0: 0x80002c84 (0x40a453b3) sra     t2, s0, a0
core   0: 3 0x80002c84 (0x40a453b3) x 7 0x00000000
core   0: 0x80002c88 (0x0224af33) mulhsu  t5, s1, sp
core   0: 3 0x80002c88 (0x0224af33) x30 0xc0014e72
core   0: 0x80002c8c (0x00dcc433) xor     s0, s9, a3
core   0: 3 0x80002c8c (0x00dcc433) x 8 0x0f0f8ef6
core   0: 0x80002c90 (0x2a421437) lui     s0, 0x2a421
core   0: 3 0x80002c90 (0x2a421437) x 8 0x2a421000
core   0: 0x80002c94 (0x03547663) bgeu    s0, s5, pc + 44
core   0: 3 0x80002c94 (0x03547663)
core   0: 0x80002cc0 (0x03997263) bgeu    s2, s9, pc + 36
core   0: 3 0x80002cc0 (0x03997263)
core   0: 0x80002ce4 (0x05454863) blt     a0, s4, pc + 80
core   0: 3 0x80002ce4 (0x05454863)
core   0: 0x80002ce8 (0x02f575b3) remu    a1, a0, a5
core   0: 3 0x80002ce8 (0x02f575b3) x11 0x00000000
core   0: 0x80002cec (0x004b6433) or      s0, s6, tp
core   0: 3 0x80002cec (0x004b6433) x 8 0xfffff8df
core   0: 0x80002cf0 (0x01a22a33) slt     s4, tp, s10
core   0: 3 0x80002cf0 (0x01a22a33) x20 0x00000000
core   0: 0x80002cf4 (0x0068fcb3) and     s9, a7, t1
core   0: 3 0x80002cf4 (0x0068fcb3) x25 0x00000000
core   0: 0x80002cf8 (0x40540733) sub     a4, s0, t0
core   0: 3 0x80002cf8 (0x40540733) x14 0xfffff8de
core   0: 0x80002cfc (0x00000013) nop
core   0: 3 0x80002cfc (0x00000013)
core   0: 0x80002d00 (0x4023d933) sra     s2, t2, sp
core   0: 3 0x80002d00 (0x4023d933) x18 0x00000000
core   0: 0x80002d04 (0x9afb8513) addi    a0, s7, -1617
core   0: 3 0x80002d04 (0x9afb8513) x10 0xc65d8623
core   0: 0x80002d08 (0x64df8217) auipc   tp, 0x64df8
core   0: 3 0x80002d08 (0x64df8217) x 4 0xe4dfad08
core   0: 0x80002d0c (0x04fad863) bge     s5, a5, pc + 80
core   0: 3 0x80002d0c (0x04fad863)
core   0: 0x80002d10 (0x00d5d693) srli    a3, a1, 13
core   0: 3 0x80002d10 (0x00d5d693) x13 0x00000000
core   0: 0x80002d14 (0x00077733) and     a4, a4, zero
core   0: 3 0x80002d14 (0x00077733) x14 0x00000000
core   0: 0x80002d18 (0x234d0813) addi    a6, s10, 564
core   0: 3 0x80002d18 (0x234d0813) x16 0x00000234
core   0: 0x80002d1c (0x40938b33) sub     s6, t2, s1
core   0: 3 0x80002d1c (0x40938b33) x22 0x7ffd631c
core   0: 0x80002d20 (0x00000013) nop
core   0: 3 0x80002d20 (0x00000013)
core   0: 0x80002d24 (0x00e34333) xor     t1, t1, a4
core   0: 3 0x80002d24 (0x00e34333) x 6 0x00000005
core   0: 0x80002d28 (0x023fa8b3) mulhsu  a7, t6, gp
core   0: 3 0x80002d28 (0x023fa8b3) x17 0x80025f0a
core   0: 0x80002d2c (0x01c79e63) bne     a5, t3, pc + 28
core   0: 3 0x80002d2c (0x01c79e63)
core   0: 0x80002d48 (0x03939463) bne     t2, s9, pc + 40
core   0: 3 0x80002d48 (0x03939463)
core   0: 0x80002d4c (0x03d979b3) remu    s3, s2, t4
core   0: 3 0x80002d4c (0x03d979b3) x19 0x00000000
core   0: 0x80002d50 (0x0323ca33) div     s4, t2, s2
core   0: 3 0x80002d50 (0x0323ca33) x20 0xffffffff
core   0: 0x80002d54 (0x4105dd33) sra     s10, a1, a6
core   0: 3 0x80002d54 (0x4105dd33) x26 0x00000000
core   0: 0x80002d58 (0x00285093) srli    ra, a6, 2
core   0: 3 0x80002d58 (0x00285093) x 1 0x0000008d
core   0: 0x80002d5c (0x0358a933) mulhsu  s2, a7, s5
core   0: 3 0x80002d5c (0x0358a933) x18 0x00000000
core   0: 0x80002d60 (0x00d1e9b3) or      s3, gp, a3
core   0: 3 0x80002d60 (0x00d1e9b3) x19 0xfffffeb2
core   0: 0x80002d64 (0x01a8a2b3) slt     t0, a7, s10
core   0: 3 0x80002d64 (0x01a8a2b3) x 5 0x00000001
core   0: 0x80002d68 (0x01113933) sltu    s2, sp, a7
core   0: 3 0x80002d68 (0x01113933) x18 0x00000001
core   0: 0x80002d6c (0x01849263) bne     s1, s8, pc + 4
core   0: 3 0x80002d6c (0x01849263)
core   0: 0x80002d70 (0x03b747b3) div     a5, a4, s11
core   0: 3 0x80002d70 (0x03b747b3) x15 0x00000000
core   0: 0x80002d74 (0x02297cb3) remu    s9, s2, sp
core   0: 3 0x80002d74 (0x02297cb3) x25 0x00000001
core   0: 0x80002d78 (0x03ada1b3) mulhsu  gp, s11, s10
core   0: 3 0x80002d78 (0x03ada1b3) x 3 0x00000000
core   0: 0x80002d7c (0x00e29813) slli    a6, t0, 14
core   0: 3 0x80002d7c (0x00e29813) x16 0x00004000
core   0: 0x80002d80 (0x006b25b3) slt     a1, s6, t1
core   0: 3 0x80002d80 (0x006b25b3) x11 0x00000000
core   0: 0x80002d84 (0x02b58f33) mul     t5, a1, a1
core   0: 3 0x80002d84 (0x02b58f33) x30 0x00000000
core   0: 0x80002d88 (0x01881463) bne     a6, s8, pc + 8
core   0: 3 0x80002d88 (0x01881463)
core   0: 0x80002d90 (0x002c9f13) slli    t5, s9, 2
core   0: 3 0x80002d90 (0x002c9f13) x30 0x00000004
core   0: 0x80002d94 (0xd726f017) auipc   zero, 0xd726f
core   0: 3 0x80002d94 (0xd726f017)
core   0: 0x80002d98 (0x40fe8633) sub     a2, t4, a5
core   0: 3 0x80002d98 (0x40fe8633) x12 0x00000000
core   0: 0x80002d9c (0x00a27a63) bgeu    tp, a0, pc + 20
core   0: 3 0x80002d9c (0x00a27a63)
core   0: 0x80002db0 (0x89c35437) lui     s0, 0x89c35
core   0: 3 0x80002db0 (0x89c35437) x 8 0x89c35000
core   0: 0x80002db4 (0x4ba2d3b7) lui     t2, 0x4ba2d
core   0: 3 0x80002db4 (0x4ba2d3b7) x 7 0x4ba2d000
core   0: 0x80002db8 (0x0b9d8013) addi    zero, s11, 185
core   0: 3 0x80002db8 (0x0b9d8013)
core   0: 0x80002dbc (0x00b68ab3) add     s5, a3, a1
core   0: 3 0x80002dbc (0x00b68ab3) x21 0x00000000
core   0: 0x80002dc0 (0x02719463) bne     gp, t2, pc + 40
core   0: 3 0x80002dc0 (0x02719463)
core   0: 0x80002de8 (0x41cb0433) sub     s0, s6, t3
core   0: 3 0x80002de8 (0x41cb0433) x 8 0x7ffd6317
core   0: 0x80002dec (0x00cafe63) bgeu    s5, a2, pc + 28
core   0: 3 0x80002dec (0x00cafe63)
core   0: 0x80002e08 (0x42557c93) andi    s9, a0, 1061
core   0: 3 0x80002e08 (0x42557c93) x25 0x00000421
core   0: 0x80002e0c (0x41f1d6b3) sra     a3, gp, t6
core   0: 3 0x80002e0c (0x41f1d6b3) x13 0x00000000
core   0: 0x80002e10 (0x011a7d33) and     s10, s4, a7
core   0: 3 0x80002e10 (0x011a7d33) x26 0x80025f0a
core   0: 0x80002e14 (0x001558b3) srl     a7, a0, ra
core   0: 3 0x80002e14 (0x001558b3) x17 0x000632ec
core   0: 0x80002e18 (0x0114ea33) or      s4, s1, a7
core   0: 3 0x80002e18 (0x0114ea33) x20 0x8006beec
core   0: 0x80002e1c (0x41dcdd33) sra     s10, s9, t4
core   0: 3 0x80002e1c (0x41dcdd33) x26 0x00000421
core   0: 0x80002e20 (0x42076e17) auipc   t3, 0x42076
core   0: 3 0x80002e20 (0x42076e17) x28 0xc2078e20
core   0: 0x80002e24 (0x67fb53b7) lui     t2, 0x67fb5
core   0: 3 0x80002e24 (0x67fb53b7) x 7 0x67fb5000
core   0: 0x80002e28 (0x0313b333) mulhu   t1, t2, a7
core   0: 3 0x80002e28 (0x0313b333) x 6 0x00028492
core   0: 0x80002e2c (0x00c000ef) jal     pc + 0xc
core   0: 3 0x80002e2c (0x00c000ef) x 1 0x80002e30
core   0: 0x80002e38 (0xff9ff36f) jal     t1, pc - 0x8
core   0: 3 0x80002e38 (0xff9ff36f) x 6 0x80002e3c
core   0: 0x80002e30 (0x01c00bef) jal     s7, pc + 0x1c
core   0: 3 0x80002e30 (0x01c00bef) x23 0x80002e34
core   0: 0x80002e4c (0x00c00eef) jal     t4, pc + 0xc
core   0: 3 0x80002e4c (0x00c00eef) x29 0x80002e50
core   0: 0x80002e58 (0xfedff7ef) jal     a5, pc - 0x14
core   0: 3 0x80002e58 (0xfedff7ef) x15 0x80002e5c
core   0: 0x80002e44 (0x004005ef) jal     a1, pc + 0x4
core   0: 3 0x80002e44 (0x004005ef) x11 0x80002e48
core   0: 0x80002e48 (0x008000ef) jal     pc + 0x8
core   0: 3 0x80002e48 (0x008000ef) x 1 0x80002e4c
core   0: 0x80002e50 (0x0040036f) jal     t1, pc + 0x4
core   0: 3 0x80002e50 (0x0040036f) x 6 0x80002e54
core   0: 0x80002e54 (0xfedff0ef) jal     pc - 0x14
core   0: 3 0x80002e54 (0xfedff0ef) x 1 0x80002e58
core   0: 0x80002e40 (0xffdff36f) jal     t1, pc - 0x4
core   0: 3 0x80002e40 (0xffdff36f) x 6 0x80002e44
core   0: 0x80002e3c (0xff9ff36f) jal     t1, pc - 0x8
core   0: 3 0x80002e3c (0xff9ff36f) x 6 0x80002e40
core   0: 0x80002e34 (0x028000ef) jal     pc + 0x28
core   0: 3 0x80002e34 (0x028000ef) x 1 0x80002e38
core   0: 0x80002e5c (0xe6b84013) xori    zero, a6, -405
core   0: 3 0x80002e5c (0xe6b84013)
core   0: 0x80002e60 (0x028cec63) bltu    s9, s0, pc + 56
core   0: 3 0x80002e60 (0x028cec63)
core   0: 0x80002e98 (0x00d5e933) or      s2, a1, a3
core   0: 3 0x80002e98 (0x00d5e933) x18 0x80002e48
core   0: 0x80002e9c (0x02c0d933) divu    s2, ra, a2
core   0: 3 0x80002e9c (0x02c0d933) x18 0xffffffff
core   0: 0x80002ea0 (0x004f1663) bne     t5, tp, pc + 12
core   0: 3 0x80002ea0 (0x004f1663)
core   0: 0x80002eac (0x03df7b33) remu    s6, t5, t4
core   0: 3 0x80002eac (0x03df7b33) x22 0x00000004
core   0: 0x80002eb0 (0x03a17f33) remu    t5, sp, s10
core   0: 3 0x80002eb0 (0x03a17f33) x30 0x00000002
core   0: 0x80002eb4 (0x03e109b3) mul     s3, sp, t5
core   0: 3 0x80002eb4 (0x03e109b3) x19 0x00000000
core   0: 0x80002eb8 (0x0218c433) div     s0, a7, ra
core   0: 3 0x80002eb8 (0x0218c433) x 8 0x00000000
core   0: 0x80002ebc (0x0231fe63) bgeu    gp, gp, pc + 60
core   0: 3 0x80002ebc (0x0231fe63)
core   0: 0x80002ef8 (0x003b2ab3) slt     s5, s6, gp
core   0: 3 0x80002ef8 (0x003b2ab3) x21 0x00000000
core   0: 0x80002efc (0x0364c8b3) div     a7, s1, s6
core   0: 3 0x80002efc (0x0364c8b3) x17 0xe000a739
core   0: 0x80002f00 (0x015791b3) sll     gp, a5, s5
core   0: 3 0x80002f00 (0x015791b3) x 3 0x80002e5c
core   0: 0x80002f04 (0x03ed0233) mul     tp, s10, t5
core   0: 3 0x80002f04 (0x03ed0233) x 4 0x00000842
core   0: 0x80002f08 (0x03f57cb3) remu    s9, a0, t6
core   0: 3 0x80002f08 (0x03f57cb3) x25 0x465b27bf
core   0: 0x80002f0c (0x01e51313) slli    t1, a0, 30
core   0: 3 0x80002f0c (0x01e51313) x 6 0xc0000000
core   0: 0x80002f10 (0x00576c33) or      s8, a4, t0
core   0: 3 0x80002f10 (0x00576c33) x24 0x00000001
core   0: 0x80002f14 (0xb831a813) slti    a6, gp, -1149
core   0: 3 0x80002f14 (0xb831a813) x16 0x00000001
core   0: 0x80002f18 (0x005566b3) or      a3, a0, t0
core   0: 3 0x80002f18 (0x005566b3) x13 0xc65d8623
core   0: 0x80002f1c (0x26c67e93) andi    t4, a2, 620
core   0: 3 0x80002f1c (0x26c67e93) x29 0x00000000
core   0: 0x80002f20 (0x024df863) bgeu    s11, tp, pc + 48
core   0: 3 0x80002f20 (0x024df863)
core   0: 0x80002f24 (0x0107b733) sltu    a4, a5, a6
core   0: 3 0x80002f24 (0x0107b733) x14 0x00000000
core   0: 0x80002f28 (0x007c0663) beq     s8, t2, pc + 12
core   0: 3 0x80002f28 (0x007c0663)
core   0: 0x80002f2c (0x01c56f33) or      t5, a0, t3
core   0: 3 0x80002f2c (0x01c56f33) x30 0xc65f8e23
core   0: 0x80002f30 (0x021d72b3) remu    t0, s10, ra
core   0: 3 0x80002f30 (0x021d72b3) x 5 0x00000421
core   0: 0x80002f34 (0xbbb86e93) ori     t4, a6, -1093
core   0: 3 0x80002f34 (0xbbb86e93) x29 0xfffffbbb
core   0: 0x80002f38 (0x00d21393) slli    t2, tp, 13
core   0: 3 0x80002f38 (0x00d21393) x 7 0x01084000
core   0: 0x80002f3c (0xef67fb93) andi    s7, a5, -266
core   0: 3 0x80002f3c (0xef67fb93) x23 0x80002e54
core   0: 0x80002f40 (0x03bf4333) div     t1, t5, s11
core   0: 3 0x80002f40 (0x03bf4333) x 6 0xc65f8e23
core   0: 0x80002f44 (0x02c8a233) mulhsu  tp, a7, a2
core   0: 3 0x80002f44 (0x02c8a233) x 4 0x00000000
core   0: 0x80002f48 (0x416883b3) sub     t2, a7, s6
core   0: 3 0x80002f48 (0x416883b3) x 7 0xe000a735
core   0: 0x80002f4c (0x98b1fa13) andi    s4, gp, -1653
core   0: 3 0x80002f4c (0x98b1fa13) x20 0x80002808
core   0: 0x80002f50 (0x94cb0213) addi    tp, s6, -1716
core   0: 3 0x80002f50 (0x94cb0213) x 4 0xfffff950
core   0: 0x80002f54 (0x038b89b3) mul     s3, s7, s8
core   0: 3 0x80002f54 (0x038b89b3) x19 0x80002e54
core   0: 0x80002f58 (0x02acc463) blt     s9, a0, pc + 40
core   0: 3 0x80002f58 (0x02acc463)
core   0: 0x80002f5c (0x01dcbd33) sltu    s10, s9, t4
core   0: 3 0x80002f5c (0x01dcbd33) x26 0x00000001
core   0: 0x80002f60 (0x42240993) addi    s3, s0, 1058
core   0: 3 0x80002f60 (0x42240993) x19 0x00000422
core   0: 0x80002f64 (0x025a1c63) bne     s4, t0, pc + 56
core   0: 3 0x80002f64 (0x025a1c63)
core   0: 0x80002f9c (0x019f5e33) srl     t3, t5, s9
core   0: 3 0x80002f9c (0x019f5e33) x28 0x00000001
core   0: 0x80002fa0 (0x01729bb3) sll     s7, t0, s7
core   0: 3 0x80002fa0 (0x01729bb3) x23 0x42100000
core   0: 0x80002fa4 (0xbee40cb7) lui     s9, 0xbee40
core   0: 3 0x80002fa4 (0xbee40cb7) x25 0xbee40000
core   0: 0x80002fa8 (0x01ac9d33) sll     s10, s9, s10
core   0: 3 0x80002fa8 (0x01ac9d33) x26 0x7dc80000
core   0: 0x80002fac (0x03a5adb3) mulhsu  s11, a1, s10
core   0: 3 0x80002fac (0x03a5adb3) x27 0xc11c16bd
core   0: 0x80002fb0 (0x00a35a13) srli    s4, t1, 10
core   0: 3 0x80002fb0 (0x00a35a13) x20 0x003197e3
core   0: 0x80002fb4 (0xa7dcf213) andi    tp, s9, -1411
core   0: 3 0x80002fb4 (0xa7dcf213) x 4 0xbee40000
core   0: 0x80002fb8 (0x686ae893) ori     a7, s5, 1670
core   0: 3 0x80002fb8 (0x686ae893) x17 0x00000686
core   0: 0x80002fbc (0x4120d9b3) sra     s3, ra, s2
core   0: 3 0x80002fbc (0x4120d9b3) x19 0xffffffff
core   0: 0x80002fc0 (0x41a6d713) srai    a4, a3, 26
core   0: 3 0x80002fc0 (0x41a6d713) x14 0xfffffff1
core   0: 0x80002fc4 (0x000098b3) sll     a7, ra, zero
core   0: 3 0x80002fc4 (0x000098b3) x17 0x80002e38
core   0: 0x80002fc8 (0x417b83b3) sub     t2, s7, s7
core   0: 3 0x80002fc8 (0x417b83b3) x 7 0x00000000
core   0: 0x80002fcc (0x01905a63) bge     zero, s9, pc + 20
core   0: 3 0x80002fcc (0x01905a63)
core   0: 0x80002fe0 (0x00000013) nop
core   0: 3 0x80002fe0 (0x00000013)
core   0: 0x80002fe4 (0x01145ab3) srl     s5, s0, a7
core   0: 3 0x80002fe4 (0x01145ab3) x21 0x00000000
core   0: 0x80002fe8 (0x015cfd33) and     s10, s9, s5
core   0: 3 0x80002fe8 (0x015cfd33) x26 0x00000000
core   0: 0x80002fec (0x03a9aa33) mulhsu  s4, s3, s10
core   0: 3 0x80002fec (0x03a9aa33) x20 0x00000000
core   0: 0x80002ff0 (0x01371c33) sll     s8, a4, s3
core   0: 3 0x80002ff0 (0x01371c33) x24 0x80000000
core   0: 0x80002ff4 (0x0186a5b3) slt     a1, a3, s8
core   0: 3 0x80002ff4 (0x0186a5b3) x11 0x00000000
core   0: 0x80002ff8 (0x73d9f413) andi    s0, s3, 1853
core   0: 3 0x80002ff8 (0x73d9f413) x 8 0x0000073d
core   0: 0x80002ffc (0x054a1663) bne     s4, s4, pc + 76
core   0: 3 0x80002ffc (0x054a1663)
core   0: 0x80003000 (0x018c5c13) srli    s8, s8, 24
core   0: 3 0x80003000 (0x018c5c13) x24 0x00000080
core   0: 0x80003004 (0x4b444593) xori    a1, s0, 1204
core   0: 3 0x80003004 (0x4b444593) x11 0x00000389
core   0: 0x80003008 (0x018300b3) add     ra, t1, s8
core   0: 3 0x80003008 (0x018300b3) x 1 0xc65f8ea3
core   0: 0x8000300c (0xeac44f37) lui     t5, 0xeac44
core   0: 3 0x8000300c (0xeac44f37) x30 0xeac44000
core   0: 0x80003010 (0x0214f6b3) remu    a3, s1, ra
core   0: 3 0x80003010 (0x0214f6b3) x13 0x80029ce4
core   0: 0x80003014 (0x01fc5c33) srl     s8, s8, t6
core   0: 3 0x80003014 (0x01fc5c33) x24 0x00000008
core   0: 0x80003018 (0x02995db3) divu    s11, s2, s1
core   0: 3 0x80003018 (0x02995db3) x27 0x00000001
core   0: 0x8000301c (0x03acef33) rem     t5, s9, s10
core   0: 3 0x8000301c (0x03acef33) x30 0xbee40000
core   0: 0x80003020 (0x03704833) div     a6, zero, s7
core   0: 3 0x80003020 (0x03704833) x16 0x00000000
core   0: 0x80003024 (0x02a6b8b3) mulhu   a7, a3, a0
core   0: 3 0x80003024 (0x02a6b8b3) x17 0x6330c95e
core   0: 0x80003028 (0x00ed5e93) srli    t4, s10, 14
core   0: 3 0x80003028 (0x00ed5e93) x29 0x00000000
core   0: 0x8000302c (0x008a80b3) add     ra, s5, s0
core   0: 3 0x8000302c (0x008a80b3) x 1 0x0000073d
core   0: 0x80003030 (0x40b5de33) sra     t3, a1, a1
core   0: 3 0x80003030 (0x40b5de33) x28 0x00000001
core   0: 0x80003034 (0x41b45413) srai    s0, s0, 27
core   0: 3 0x80003034 (0x41b45413) x 8 0x00000000
core   0: 0x80003038 (0x00767663) bgeu    a2, t2, pc + 12
core   0: 3 0x80003038 (0x00767663)
core   0: 0x80003044 (0x00000013) nop
core   0: 3 0x80003044 (0x00000013)
core   0: 0x80003048 (0x0b876c93) ori     s9, a4, 184
core   0: 3 0x80003048 (0x0b876c93) x25 0xfffffff9
core   0: 0x8000304c (0x0317ce33) div     t3, a5, a7
core   0: 3 0x8000304c (0x0317ce33) x28 0xffffffff
core   0: 0x80003050 (0x0c32ea13) ori     s4, t0, 195
core   0: 3 0x80003050 (0x0c32ea13) x20 0x000004e3
core   0: 0x80003054 (0x3b6ecab7) lui     s5, 0x3b6ec
core   0: 3 0x80003054 (0x3b6ecab7) x21 0x3b6ec000
core   0: 0x80003058 (0x00915e63) bge     sp, s1, pc + 28
core   0: 3 0x80003058 (0x00915e63)
core   0: 0x8000305c (0xd69c2093) slti    ra, s8, -663
core   0: 3 0x8000305c (0xd69c2093) x 1 0x00000000
core   0: 0x80003060 (0x00bfc8b3) xor     a7, t6, a1
core   0: 3 0x80003060 (0x00bfc8b3) x17 0x80025ded
core   0: 0x80003064 (0x01d99333) sll     t1, s3, t4
core   0: 3 0x80003064 (0x01d99333) x 6 0xffffffff
core   0: 0x80003068 (0x41a98833) sub     a6, s3, s10
core   0: 3 0x80003068 (0x41a98833) x16 0xffffffff
core   0: 0x8000306c (0x0368dab3) divu    s5, a7, s6
core   0: 3 0x8000306c (0x0368dab3) x21 0x2000977b
core   0: 0x80003070 (0x00ae05b3) add     a1, t3, a0
core   0: 3 0x80003070 (0x00ae05b3) x11 0xc65d8622
core   0: 0x80003074 (0x008876b3) and     a3, a6, s0
core   0: 3 0x80003074 (0x008876b3) x13 0x00000000
core   0: 0x80003078 (0x018f85b3) add     a1, t6, s8
core   0: 3 0x80003078 (0x018f85b3) x11 0x80025e6c
core   0: 0x8000307c (0x02569eb3) mulh    t4, a3, t0
core   0: 3 0x8000307c (0x02569eb3) x29 0x00000000
core   0: 0x80003080 (0x0079f633) and     a2, s3, t2
core   0: 3 0x80003080 (0x0079f633) x12 0x00000000
core   0: 0x80003084 (0x01f5f033) and     zero, a1, t6
core   0: 3 0x80003084 (0x01f5f033)
core   0: 0x80003088 (0x03726db3) rem     s11, tp, s7
core   0: 3 0x80003088 (0x03726db3) x27 0xbee40000
core   0: 0x8000308c (0x022c9d33) mulh    s10, s9, sp
core   0: 3 0x8000308c (0x022c9d33) x26 0x00000003
core   0: 0x80003090 (0x037c39b3) mulhu   s3, s8, s7
core   0: 3 0x80003090 (0x037c39b3) x19 0x00000002
core   0: 0x80003094 (0x02ee0533) mul     a0, t3, a4
core   0: 3 0x80003094 (0x02ee0533) x10 0x0000000f
core   0: 0x80003098 (0x000dc733) xor     a4, s11, zero
core   0: 3 0x80003098 (0x000dc733) x14 0xbee40000
core   0: 0x8000309c (0x022696b3) mulh    a3, a3, sp
core   0: 3 0x8000309c (0x022696b3) x13 0x00000000
core   0: 0x800030a0 (0xd2d21bb7) lui     s7, 0xd2d21
core   0: 3 0x800030a0 (0xd2d21bb7) x23 0xd2d21000
core   0: 0x800030a4 (0x00baae33) slt     t3, s5, a1
core   0: 3 0x800030a4 (0x00baae33) x28 0x00000000
core   0: 0x800030a8 (0x03a466b3) rem     a3, s0, s10
core   0: 3 0x800030a8 (0x03a466b3) x13 0x00000000
core   0: 0x800030ac (0x03c57933) remu    s2, a0, t3
core   0: 3 0x800030ac (0x03c57933) x18 0x0000000f
core   0: 0x800030b0 (0x00e8d693) srli    a3, a7, 14
core   0: 3 0x800030b0 (0x00e8d693) x13 0x00020009
core   0: 0x800030b4 (0x41e15793) srai    a5, sp, 30
core   0: 3 0x800030b4 (0x41e15793) x15 0xfffffffe
core   0: 0x800030b8 (0x029013b3) mulh    t2, zero, s1
core   0: 3 0x800030b8 (0x029013b3) x 7 0x00000000
core   0: 0x800030bc (0xfa02c313) xori    t1, t0, -96
core   0: 3 0x800030bc (0xfa02c313) x 6 0xfffffb81
core   0: 0x800030c0 (0x0023b2b3) sltu    t0, t2, sp
core   0: 3 0x800030c0 (0x0023b2b3) x 5 0x00000001
core   0: 0x800030c4 (0x0157e1b3) or      gp, a5, s5
core   0: 3 0x800030c4 (0x0157e1b3) x 3 0xffffffff
core   0: 0x800030c8 (0x016f0e63) beq     t5, s6, pc + 28
core   0: 3 0x800030c8 (0x016f0e63)
core   0: 0x800030cc (0x03dabdb3) mulhu   s11, s5, t4
core   0: 3 0x800030cc (0x03dabdb3) x27 0x00000000
core   0: 0x800030d0 (0x012696b3) sll     a3, a3, s2
core   0: 3 0x800030d0 (0x012696b3) x13 0x00048000
core   0: 0x800030d4 (0x03920533) mul     a0, tp, s9
core   0: 3 0x800030d4 (0x03920533) x10 0xc7c40000
core   0: 0x800030d8 (0x0187c433) xor     s0, a5, s8
core   0: 3 0x800030d8 (0x0187c433) x 8 0xfffffff6
core   0: 0x800030dc (0x39638b13) addi    s6, t2, 918
core   0: 3 0x800030dc (0x39638b13) x22 0x00000396
core   0: 0x800030e0 (0x05716863) bltu    sp, s7, pc + 80
core   0: 3 0x800030e0 (0x05716863)
core   0: 0x80003130 (0x00000013) nop
core   0: 3 0x80003130 (0x00000013)
core   0: 0x80003134 (0x9969b793) sltiu   a5, s3, -1642
core   0: 3 0x80003134 (0x9969b793) x15 0x00000001
core   0: 0x80003138 (0xca613d97) auipc   s11, 0xca613
core   0: 3 0x80003138 (0xca613d97) x27 0x4a616138
core   0: 0x8000313c (0x01a7ddb3) srl     s11, a5, s10
core   0: 3 0x8000313c (0x01a7ddb3) x27 0x00000000
core   0: 0x80003140 (0x028509b3) mul     s3, a0, s0
core   0: 3 0x80003140 (0x028509b3) x19 0x32580000
core   0: 0x80003144 (0x037bbe33) mulhu   t3, s7, s7
core   0: 3 0x80003144 (0x037bbe33) x28 0xad9d4e9e
core   0: 0x80003148 (0x039c1333) mulh    t1, s8, s9
core   0: 3 0x80003148 (0x039c1333) x 6 0xffffffff
core   0: 0x8000314c (0x0168c5b3) xor     a1, a7, s6
core   0: 3 0x8000314c (0x0168c5b3) x11 0x80025e7b
core   0: 0x80003150 (0x40f55813) srai    a6, a0, 15
core   0: 3 0x80003150 (0x40f55813) x16 0xffff8f88
core   0: 0x80003154 (0x02725733) divu    a4, tp, t2
core   0: 3 0x80003154 (0x02725733) x14 0xffffffff
core   0: 0x80003158 (0x409bdd13) srai    s10, s7, 9
core   0: 3 0x80003158 (0x409bdd13) x26 0xffe96908
core   0: 0x8000315c (0x17927893) andi    a7, tp, 377
core   0: 3 0x8000315c (0x17927893) x17 0x00000000
core   0: 0x80003160 (0x00cd1663) bne     s10, a2, pc + 12
core   0: 3 0x80003160 (0x00cd1663)
core   0: 0x8000316c (0x05d90663) beq     s2, t4, pc + 76
core   0: 3 0x8000316c (0x05d90663)
core   0: 0x80003170 (0x017e9663) bne     t4, s7, pc + 12
core   0: 3 0x80003170 (0x017e9663)
core   0: 0x8000317c (0xfa5ec793) xori    a5, t4, -91
core   0: 3 0x8000317c (0xfa5ec793) x15 0xffffffa5
core   0: 0x80003180 (0x020158b3) divu    a7, sp, zero
core   0: 3 0x80003180 (0x020158b3) x17 0xffffffff
core   0: 0x80003184 (0x41c9deb3) sra     t4, s3, t3
core   0: 3 0x80003184 (0x41c9deb3) x29 0x00000000
core   0: 0x80003188 (0x146ce613) ori     a2, s9, 326
core   0: 3 0x80003188 (0x146ce613) x12 0xffffffff
core   0: 0x8000318c (0x40b0d233) sra     tp, ra, a1
core   0: 3 0x8000318c (0x40b0d233) x 4 0x00000000
core   0: 0x80003190 (0x03be9633) mulh    a2, t4, s11
core   0: 3 0x80003190 (0x03be9633) x12 0x00000000
core   0: 0x80003194 (0xd314cf13) xori    t5, s1, -719
core   0: 3 0x80003194 (0xd314cf13) x30 0x7ffd61d5
core   0: 0x80003198 (0x403ad693) srai    a3, s5, 3
core   0: 3 0x80003198 (0x403ad693) x13 0x040012ef
core   0: 0x8000319c (0x4148d193) srai    gp, a7, 20
core   0: 3 0x8000319c (0x4148d193) x 3 0xffffffff
core   0: 0x800031a0 (0x05f26263) bltu    tp, t6, pc + 68
core   0: 3 0x800031a0 (0x05f26263)
core   0: 0x800031e4 (0x015dbeb3) sltu    t4, s11, s5
core   0: 3 0x800031e4 (0x015dbeb3) x29 0x00000001
core   0: 0x800031e8 (0x004b3f33) sltu    t5, s6, tp
core   0: 3 0x800031e8 (0x004b3f33) x30 0x00000000
core   0: 0x800031ec (0x01ce1d93) slli    s11, t3, 28
core   0: 3 0x800031ec (0x01ce1d93) x27 0xe0000000
core   0: 0x800031f0 (0x013a33b3) sltu    t2, s4, s3
core   0: 3 0x800031f0 (0x013a33b3) x 7 0x00000001
core   0: 0x800031f4 (0x01944263) blt     s0, s9, pc + 4
core   0: 3 0x800031f4 (0x01944263)
core   0: 0x800031f8 (0x0123c597) auipc   a1, 0x123c
core   0: 3 0x800031f8 (0x0123c597) x11 0x8123f1f8
core   0: 0x800031fc (0x0269abb3) mulhsu  s7, s3, t1
core   0: 3 0x800031fc (0x0269abb3) x23 0x3257ffff
core   0: 0x80003200 (0x01c75713) srli    a4, a4, 28
core   0: 3 0x80003200 (0x01c75713) x14 0x0000000f
core   0: 0x80003204 (0x00000013) nop
core   0: 3 0x80003204 (0x00000013)
core   0: 0x80003208 (0x039221b3) mulhsu  gp, tp, s9
core   0: 3 0x80003208 (0x039221b3) x 3 0x00000000
core   0: 0x8000320c (0x018fdab3) srl     s5, t6, s8
core   0: 3 0x8000320c (0x018fdab3) x21 0x0080025e
core   0: 0x80003210 (0x035c9463) bne     s9, s5, pc + 40
core   0: 3 0x80003210 (0x035c9463)
core   0: 0x80003238 (0x02671e63) bne     a4, t1, pc + 60
core   0: 3 0x80003238 (0x02671e63)
core   0: 0x80003274 (0x03007463) bgeu    zero, a6, pc + 40
core   0: 3 0x80003274 (0x03007463)
core   0: 0x80003278 (0x0126e933) or      s2, a3, s2
core   0: 3 0x80003278 (0x0126e933) x18 0x040012ef
core   0: 0x8000327c (0x00be6a63) bltu    t3, a1, pc + 20
core   0: 3 0x8000327c (0x00be6a63)
core   0: 0x80003280 (0x019fc863) blt     t6, s9, pc + 16
core   0: 3 0x80003280 (0x019fc863)
core   0: 0x80003290 (0x017a8bb3) add     s7, s5, s7
core   0: 3 0x80003290 (0x017a8bb3) x23 0x32d8025d
core   0: 0x80003294 (0x00c62ab3) slt     s5, a2, a2
core   0: 3 0x80003294 (0x00c62ab3) x21 0x00000000
core   0: 0x80003298 (0x026c0233) mul     tp, s8, t1
core   0: 3 0x80003298 (0x026c0233) x 4 0xfffffff8
core   0: 0x8000329c (0x004f5ab3) srl     s5, t5, tp
core   0: 3 0x8000329c (0x004f5ab3) x21 0x00000000
core   0: 0x800032a0 (0x4d0a4537) lui     a0, 0x4d0a4
core   0: 3 0x800032a0 (0x4d0a4537) x10 0x4d0a4000
core   0: 0x800032a4 (0x12c1a613) slti    a2, gp, 300
core   0: 3 0x800032a4 (0x12c1a613) x12 0x00000001
core   0: 0x800032a8 (0x40bdd313) srai    t1, s11, 11
core   0: 3 0x800032a8 (0x40bdd313) x 6 0xfffc0000
core   0: 0x800032ac (0x41e185b3) sub     a1, gp, t5
core   0: 3 0x800032ac (0x41e185b3) x11 0x00000000
core   0: 0x800032b0 (0xe74a0013) addi    zero, s4, -396
core   0: 3 0x800032b0 (0xe74a0013)
core   0: 0x800032b4 (0x01ad5413) srli    s0, s10, 26
core   0: 3 0x800032b4 (0x01ad5413) x 8 0x0000003f
core   0: 0x800032b8 (0x443d2cb7) lui     s9, 0x443d2
core   0: 3 0x800032b8 (0x443d2cb7) x25 0x443d2000
core   0: 0x800032bc (0x52e7a097) auipc   ra, 0x52e7a
core   0: 3 0x800032bc (0x52e7a097) x 1 0xd2e7d2bc
core   0: 0x800032c0 (0x000cd093) srli    ra, s9, 0
core   0: 3 0x800032c0 (0x000cd093) x 1 0x443d2000
core   0: 0x800032c4 (0x20d1e297) auipc   t0, 0x20d1e
core   0: 3 0x800032c4 (0x20d1e297) x 5 0xa0d212c4
core   0: 0x800032c8 (0x00000013) nop
core   0: 3 0x800032c8 (0x00000013)
core   0: 0x800032cc (0x416602b3) sub     t0, a2, s6
core   0: 3 0x800032cc (0x416602b3) x 5 0xfffffc6b
core   0: 0x800032d0 (0xc4306d13) ori     s10, zero, -957
core   0: 3 0x800032d0 (0xc4306d13) x26 0xfffffc43
core   0: 0x800032d4 (0x029221b3) mulhsu  gp, tp, s1
core   0: 3 0x800032d4 (0x029221b3) x 3 0xfffffffb
core   0: 0x800032d8 (0x036369b3) rem     s3, t1, s6
core   0: 3 0x800032d8 (0x036369b3) x19 0xfffffdfe
core   0: 0x800032dc (0x02fd5cb3) divu    s9, s10, a5
core   0: 3 0x800032dc (0x02fd5cb3) x25 0x00000000
core   0: 0x800032e0 (0x03a95bb3) divu    s7, s2, s10
core   0: 3 0x800032e0 (0x03a95bb3) x23 0x00000000
core   0: 0x800032e4 (0xa2592717) auipc   a4, 0xa2592
core   0: 3 0x800032e4 (0xa2592717) x14 0x225952e4
core   0: 0x800032e8 (0x406086b3) sub     a3, ra, t1
core   0: 3 0x800032e8 (0x406086b3) x13 0x44412000
core   0: 0x800032ec (0x45450393) addi    t2, a0, 1108
core   0: 3 0x800032ec (0x45450393) x 7 0x4d0a4454
core   0: 0x800032f0 (0x4008d213) srai    tp, a7, 0
core   0: 3 0x800032f0 (0x4008d213) x 4 0xffffffff
core   0: 0x800032f4 (0x00e46433) or      s0, s0, a4
core   0: 3 0x800032f4 (0x00e46433) x 8 0x225952ff
core   0: 0x800032f8 (0x0cd1c513) xori    a0, gp, 205
core   0: 3 0x800032f8 (0x0cd1c513) x10 0xffffff36
core   0: 0x800032fc (0x00166e33) or      t3, a2, ra
core   0: 3 0x800032fc (0x00166e33) x28 0x443d2001
core   0: 0x80003300 (0x02deeb33) rem     s6, t4, a3
core   0: 3 0x80003300 (0x02deeb33) x22 0x00000001
core   0: 0x80003304 (0x00000013) nop
core   0: 3 0x80003304 (0x00000013)
core   0: 0x80003308 (0x9de73793) sltiu   a5, a4, -1570
core   0: 3 0x80003308 (0x9de73793) x15 0x00000001
core   0: 0x8000330c (0x01640463) beq     s0, s6, pc + 8
core   0: 3 0x8000330c (0x01640463)
core   0: 0x80003310 (0x0019d593) srli    a1, s3, 1
core   0: 3 0x80003310 (0x0019d593) x11 0x7ffffeff
core   0: 0x80003314 (0x03a19863) bne     gp, s10, pc + 48
core   0: 3 0x80003314 (0x03a19863)
core   0: 0x80003344 (0xe504c313) xori    t1, s1, -432
core   0: 3 0x80003344 (0xe504c313) x 6 0x7ffd62b4
core   0: 0x80003348 (0x03f1ec33) rem     s8, gp, t6
core   0: 3 0x80003348 (0x03f1ec33) x24 0xfffffffb
core   0: 0x8000334c (0x005878b3) and     a7, a6, t0
core   0: 3 0x8000334c (0x005878b3) x17 0xffff8c08
core   0: 0x80003350 (0x00418a63) beq     gp, tp, pc + 20
core   0: 3 0x80003350 (0x00418a63)
core   0: 0x80003354 (0x0387a5b3) mulhsu  a1, a5, s8
core   0: 3 0x80003354 (0x0387a5b3) x11 0x00000000
core   0: 0x80003358 (0x41ffd693) srai    a3, t6, 31
core   0: 3 0x80003358 (0x41ffd693) x13 0xffffffff
core   0: 0x8000335c (0x00bbfdb3) and     s11, s7, a1
core   0: 3 0x8000335c (0x00bbfdb3) x27 0x00000000
core   0: 0x80003360 (0x02e101b3) mul     gp, sp, a4
core   0: 3 0x80003360 (0x02e101b3) x 3 0x00000000
core   0: 0x80003364 (0x02d5ba33) mulhu   s4, a1, a3
core   0: 3 0x80003364 (0x02d5ba33) x20 0x00000000
core   0: 0x80003368 (0x006c0633) add     a2, s8, t1
core   0: 3 0x80003368 (0x006c0633) x12 0x7ffd62af
core   0: 0x8000336c (0x03967c63) bgeu    a2, s9, pc + 56
core   0: 3 0x8000336c (0x03967c63)
core   0: 0x800033a4 (0x40855533) sra     a0, a0, s0
core   0: 3 0x800033a4 (0x40855533) x10 0xffffffff
core   0: 0x800033a8 (0x0019d8b3) srl     a7, s3, ra
core   0: 3 0x800033a8 (0x0019d8b3) x17 0xfffffdfe
core   0: 0x800033ac (0x059bc063) blt     s7, s9, pc + 64
core   0: 3 0x800033ac (0x059bc063)
core   0: 0x800033b0 (0x018bd313) srli    t1, s7, 24
core   0: 3 0x800033b0 (0x018bd313) x 6 0x00000000
core   0: 0x800033b4 (0x00915433) srl     s0, sp, s1
core   0: 3 0x800033b4 (0x00915433) x 8 0x08000000
core   0: 0x800033b8 (0x0143a933) slt     s2, t2, s4
core   0: 3 0x800033b8 (0x0143a933) x18 0x00000000
core   0: 0x800033bc (0x00000013) nop
core   0: 3 0x800033bc (0x00000013)
core   0: 0x800033c0 (0x00d4d293) srli    t0, s1, 13
core   0: 3 0x800033c0 (0x00d4d293) x 5 0x00040014
core   0: 0x800033c4 (0x00e39c93) slli    s9, t2, 14
core   0: 3 0x800033c4 (0x00e39c93) x25 0x91150000
core   0: 0x800033c8 (0x02ecf463) bgeu    s9, a4, pc + 40
core   0: 3 0x800033c8 (0x02ecf463)
core   0: 0x800033f0 (0x018491b3) sll     gp, s1, s8
core   0: 3 0x800033f0 (0x018491b3) x 3 0x20000000
core   0: 0x800033f4 (0x01261833) sll     a6, a2, s2
core   0: 3 0x800033f4 (0x01261833) x16 0x7ffd62af
core   0: 0x800033f8 (0x01f31593) slli    a1, t1, 31
core   0: 3 0x800033f8 (0x01f31593) x11 0x00000000
core   0: 0x800033fc (0x021a2433) mulhsu  s0, s4, ra
core   0: 3 0x800033fc (0x021a2433) x 8 0x00000000
core   0: 0x80003400 (0x001e8e63) beq     t4, ra, pc + 28
core   0: 3 0x80003400 (0x001e8e63)
core   0: 0x80003404 (0x0063c633) xor     a2, t2, t1
core   0: 3 0x80003404 (0x0063c633) x12 0x4d0a4454
core   0: 0x80003408 (0x0223deb3) divu    t4, t2, sp
core   0: 3 0x80003408 (0x0223deb3) x29 0x00000000
core   0: 0x8000340c (0x03188263) beq     a7, a7, pc + 36
core   0: 3 0x8000340c (0x03188263)
core   0: 0x80003430 (0x400388b3) sub     a7, t2, zero
core   0: 3 0x80003430 (0x400388b3) x17 0x4d0a4454
core   0: 0x80003434 (0x007ca1b3) slt     gp, s9, t2
core   0: 3 0x80003434 (0x007ca1b3) x 3 0x00000001
core   0: 0x80003438 (0x00d42833) slt     a6, s0, a3
core   0: 3 0x80003438 (0x00d42833) x16 0x00000000
core   0: 0x8000343c (0x0378b233) mulhu   tp, a7, s7
core   0: 3 0x8000343c (0x0378b233) x 4 0x00000000
core   0: 0x80003440 (0x03365433) divu    s0, a2, s3
core   0: 3 0x80003440 (0x03365433) x 8 0x00000000
core   0: 0x80003444 (0x032500b3) mul     ra, a0, s2
core   0: 3 0x80003444 (0x032500b3) x 1 0x00000000
core   0: 0x80003448 (0x040a8863) beqz    s5, pc + 80
core   0: 3 0x80003448 (0x040a8863)
core   0: 0x80003498 (0x03f9c663) blt     s3, t6, pc + 44
core   0: 3 0x80003498 (0x03f9c663)
core   0: 0x8000349c (0x03d27bb3) remu    s7, tp, t4
core   0: 3 0x8000349c (0x03d27bb3) x23 0x00000000
core   0: 0x800034a0 (0x02bbc3b3) div     t2, s7, a1
core   0: 3 0x800034a0 (0x02bbc3b3) x 7 0xffffffff
core   0: 0x800034a4 (0x02fb7ab3) remu    s5, s6, a5
core   0: 3 0x800034a4 (0x02fb7ab3) x21 0x00000000
core   0: 0x800034a8 (0x63df6e13) ori     t3, t5, 1597
core   0: 3 0x800034a8 (0x63df6e13) x28 0x0000063d
core   0: 0x800034ac (0x019ac733) xor     a4, s5, s9
core   0: 3 0x800034ac (0x019ac733) x14 0x91150000
core   0: 0x800034b0 (0x05194513) xori    a0, s2, 81
core   0: 3 0x800034b0 (0x05194513) x10 0x00000051
core   0: 0x800034b4 (0xd8f35237) lui     tp, 0xd8f35
core   0: 3 0x800034b4 (0xd8f35237) x 4 0xd8f35000
core   0: 0x800034b8 (0x00574e33) xor     t3, a4, t0
core   0: 3 0x800034b8 (0x00574e33) x28 0x91110014
core   0: 0x800034bc (0x0228d2b3) divu    t0, a7, sp
core   0: 3 0x800034bc (0x0228d2b3) x 5 0x00000000
core   0: 0x800034c0 (0x013f1263) bne     t5, s3, pc + 4
core   0: 3 0x800034c0 (0x013f1263)
core   0: 0x800034c4 (0x01387863) bgeu    a6, s3, pc + 16
core   0: 3 0x800034c4 (0x01387863)
core   0: 0x800034c8 (0x00bbed33) or      s10, s7, a1
core   0: 3 0x800034c8 (0x00bbed33) x26 0x00000000
core   0: 0x800034cc (0x402fd593) srai    a1, t6, 2
core   0: 3 0x800034cc (0x402fd593) x11 0xe0009799
core   0: 0x800034d0 (0x09608793) addi    a5, ra, 150
core   0: 3 0x800034d0 (0x09608793) x15 0x00000096
core   0: 0x800034d4 (0x004f6cb3) or      s9, t5, tp
core   0: 3 0x800034d4 (0x004f6cb3) x25 0xd8f35000
core   0: 0x800034d8 (0x37083693) sltiu   a3, a6, 880
core   0: 3 0x800034d8 (0x37083693) x13 0x00000001
core   0: 0x800034dc (0x03bf7e33) remu    t3, t5, s11
core   0: 3 0x800034dc (0x03bf7e33) x28 0x00000000
core   0: 0x800034e0 (0x00bbc1b3) xor     gp, s7, a1
core   0: 3 0x800034e0 (0x00bbc1b3) x 3 0xe0009799
core   0: 0x800034e4 (0x03d99e33) mulh    t3, s3, t4
core   0: 3 0x800034e4 (0x03d99e33) x28 0x00000000
core   0: 0x800034e8 (0x02d1ecb3) rem     s9, gp, a3
core   0: 3 0x800034e8 (0x02d1ecb3) x25 0x00000000
core   0: 0x800034ec (0x03ccbab3) mulhu   s5, s9, t3
core   0: 3 0x800034ec (0x03ccbab3) x21 0x00000000
core   0: 0x800034f0 (0x010d4663) blt     s10, a6, pc + 12
core   0: 3 0x800034f0 (0x010d4663)
core   0: 0x800034f4 (0x022dd433) divu    s0, s11, sp
core   0: 3 0x800034f4 (0x022dd433) x 8 0x00000000
core   0: 0x800034f8 (0x41560db3) sub     s11, a2, s5
core   0: 3 0x800034f8 (0x41560db3) x27 0x4d0a4454
core   0: 0x800034fc (0x0c7bf263) bgeu    s7, t2, pc + 196
core   0: 3 0x800034fc (0x0c7bf263)
core   0: 0x80003500 (0x03b66733) rem     a4, a2, s11
core   0: 3 0x80003500 (0x03b66733) x14 0x00000000
core   0: 0x80003504 (0x044000ef) jal     pc + 0x44
core   0: 3 0x80003504 (0x044000ef) x 1 0x80003508
core   0: 0x80003548 (0xfe9ff0ef) jal     pc - 0x18
core   0: 3 0x80003548 (0xfe9ff0ef) x 1 0x8000354c
core   0: 0x80003530 (0x034000ef) jal     pc + 0x34
core   0: 3 0x80003530 (0x034000ef) x 1 0x80003534
core   0: 0x80003564 (0xfb9ff46f) jal     s0, pc - 0x48
core   0: 3 0x80003564 (0xfb9ff46f) x 8 0x80003568
core   0: 0x8000351c (0x008000ef) jal     pc + 0x8
core   0: 3 0x8000351c (0x008000ef) x 1 0x80003520
core   0: 0x80003524 (0x0140036f) jal     t1, pc + 0x14
core   0: 3 0x80003524 (0x0140036f) x 6 0x80003528
core   0: 0x80003538 (0xff1ff0ef) jal     pc - 0x10
core   0: 3 0x80003538 (0xff1ff0ef) x 1 0x8000353c
core   0: 0x80003528 (0x0240036f) jal     t1, pc + 0x24
core   0: 3 0x80003528 (0x0240036f) x 6 0x8000352c
core   0: 0x8000354c (0xfe9ff0ef) jal     pc - 0x18
core   0: 3 0x8000354c (0xfe9ff0ef) x 1 0x80003550
core   0: 0x80003534 (0x040000ef) jal     pc + 0x40
core   0: 3 0x80003534 (0x040000ef) x 1 0x80003538
core   0: 0x80003574 (0xfcdff36f) jal     t1, pc - 0x34
core   0: 3 0x80003574 (0xfcdff36f) x 6 0x80003578
core   0: 0x80003540 (0x018000ef) jal     pc + 0x18
core   0: 3 0x80003540 (0x018000ef) x 1 0x80003544
core   0: 0x80003558 (0xfd5ff36f) jal     t1, pc - 0x2c
core   0: 3 0x80003558 (0xfd5ff36f) x 6 0x8000355c
core   0: 0x8000352c (0xfddff0ef) jal     pc - 0x24
core   0: 3 0x8000352c (0xfddff0ef) x 1 0x80003530
core   0: 0x80003508 (0x0480046f) jal     s0, pc + 0x48
core   0: 3 0x80003508 (0x0480046f) x 8 0x8000350c
core   0: 0x80003550 (0x01c007ef) jal     a5, pc + 0x1c
core   0: 3 0x80003550 (0x01c007ef) x15 0x80003554
core   0: 0x8000356c (0xfd1ff0ef) jal     pc - 0x30
core   0: 3 0x8000356c (0xfd1ff0ef) x 1 0x80003570
core   0: 0x8000353c (0x034000ef) jal     pc + 0x34
core   0: 3 0x8000353c (0x034000ef) x 1 0x80003540
core   0: 0x80003570 (0xfb1ff0ef) jal     pc - 0x50
core   0: 3 0x80003570 (0xfb1ff0ef) x 1 0x80003574
core   0: 0x80003520 (0x034009ef) jal     s3, pc + 0x34
core   0: 3 0x80003520 (0x034009ef) x19 0x80003524
core   0: 0x80003554 (0xfb9ff36f) jal     t1, pc - 0x48
core   0: 3 0x80003554 (0xfb9ff36f) x 6 0x80003558
core   0: 0x8000350c (0x05c000ef) jal     pc + 0x5c
core   0: 3 0x8000350c (0x05c000ef) x 1 0x80003510
core   0: 0x80003568 (0xfb1ff0ef) jal     pc - 0x50
core   0: 3 0x80003568 (0xfb1ff0ef) x 1 0x8000356c
core   0: 0x80003518 (0x044002ef) jal     t0, pc + 0x44
core   0: 3 0x80003518 (0x044002ef) x 5 0x8000351c
core   0: 0x8000355c (0xfe9ff0ef) jal     pc - 0x18
core   0: 3 0x8000355c (0xfe9ff0ef) x 1 0x80003560
core   0: 0x80003544 (0x01c0026f) jal     tp, pc + 0x1c
core   0: 3 0x80003544 (0x01c0026f) x 4 0x80003548
core   0: 0x80003560 (0xfb5ff0ef) jal     pc - 0x4c
core   0: 3 0x80003560 (0xfb5ff0ef) x 1 0x80003564
core   0: 0x80003514 (0xffdff0ef) jal     pc - 0x4
core   0: 3 0x80003514 (0xffdff0ef) x 1 0x80003518
core   0: 0x80003510 (0x068000ef) jal     pc + 0x68
core   0: 3 0x80003510 (0x068000ef) x 1 0x80003514
core   0: 0x80003578 (0x00c24b33) xor     s6, tp, a2
core   0: 3 0x80003578 (0x00c24b33) x22 0xcd0a711c
core   0: 0x8000357c (0xccb8a693) slti    a3, a7, -821
core   0: 3 0x8000357c (0xccb8a693) x13 0x00000000
core   0: 0x80003580 (0x029af863) bgeu    s5, s1, pc + 48
core   0: 3 0x80003580 (0x029af863)
core   0: 0x80003584 (0x00000013) nop
core   0: 3 0x80003584 (0x00000013)
core   0: 0x80003588 (0x03db8e63) beq     s7, t4, pc + 60
core   0: 3 0x80003588 (0x03db8e63)
core   0: 0x800035c4 (0x01bb7663) bgeu    s6, s11, pc + 12
core   0: 3 0x800035c4 (0x01bb7663)
core   0: 0x800035d0 (0x01ea2cb3) slt     s9, s4, t5
core   0: 3 0x800035d0 (0x01ea2cb3) x25 0x00000000
core   0: 0x800035d4 (0x019795b3) sll     a1, a5, s9
core   0: 3 0x800035d4 (0x019795b3) x11 0x80003554
core   0: 0x800035d8 (0x036f5db3) divu    s11, t5, s6
core   0: 3 0x800035d8 (0x036f5db3) x27 0x00000000
core   0: 0x800035dc (0x02ec1333) mulh    t1, s8, a4
core   0: 3 0x800035dc (0x02ec1333) x 6 0x00000000
core   0: 0x800035e0 (0x018f4db3) xor     s11, t5, s8
core   0: 3 0x800035e0 (0x018f4db3) x27 0xfffffffb
core   0: 0x800035e4 (0x0071b033) sltu    zero, gp, t2
core   0: 3 0x800035e4 (0x0071b033)
core   0: 0x800035e8 (0x006babb3) slt     s7, s7, t1
core   0: 3 0x800035e8 (0x006babb3) x23 0x00000000
core   0: 0x800035ec (0x02244533) div     a0, s0, sp
core   0: 3 0x800035ec (0x02244533) x10 0x00000000
core   0: 0x800035f0 (0x4149d413) srai    s0, s3, 20
core   0: 3 0x800035f0 (0x4149d413) x 8 0xfffff800
core   0: 0x800035f4 (0x00000013) nop
core   0: 3 0x800035f4 (0x00000013)
core   0: 0x800035f8 (0x025741b3) div     gp, a4, t0
core   0: 3 0x800035f8 (0x025741b3) x 3 0x00000000
core   0: 0x800035fc (0x02727733) remu    a4, tp, t2
core   0: 3 0x800035fc (0x02727733) x14 0x80003548
core   0: 0x80003600 (0x025049b3) div     s3, zero, t0
core   0: 3 0x80003600 (0x025049b3) x19 0x00000000
core   0: 0x80003604 (0x18cc8a93) addi    s5, s9, 396
core   0: 3 0x80003604 (0x18cc8a93) x21 0x0000018c
core   0: 0x80003608 (0x14f3a413) slti    s0, t2, 335
core   0: 3 0x80003608 (0x14f3a413) x 8 0x00000001
core   0: 0x8000360c (0x01b6bbb3) sltu    s7, a3, s11
core   0: 3 0x8000360c (0x01b6bbb3) x23 0x00000001
core   0: 0x80003610 (0x01339993) slli    s3, t2, 19
core   0: 3 0x80003610 (0x01339993) x19 0xfff80000
core   0: 0x80003614 (0x019c9293) slli    t0, s9, 25
core   0: 3 0x80003614 (0x019c9293) x 5 0x00000000
core   0: 0x80003618 (0x01ec6663) bltu    s8, t5, pc + 12
core   0: 3 0x80003618 (0x01ec6663)
core   0: 0x8000361c (0xcdea6793) ori     a5, s4, -802
core   0: 3 0x8000361c (0xcdea6793) x15 0xfffffcde
core   0: 0x80003620 (0x015d4833) xor     a6, s10, s5
core   0: 3 0x80003620 (0x015d4833) x16 0x0000018c
core   0: 0x80003624 (0x0107eeb3) or      t4, a5, a6
core   0: 3 0x80003624 (0x0107eeb3) x29 0xfffffdde
core   0: 0x80003628 (0x36f68e93) addi    t4, a3, 879
core   0: 3 0x80003628 (0x36f68e93) x29 0x0000036f
core   0: 0x8000362c (0x00975b13) srli    s6, a4, 9
core   0: 3 0x8000362c (0x00975b13) x22 0x0040001a
core   0: 0x80003630 (0x01b6f7b3) and     a5, a3, s11
core   0: 3 0x80003630 (0x01b6f7b3) x15 0x00000000
core   0: 0x80003634 (0x402b0cb3) sub     s9, s6, sp
core   0: 3 0x80003634 (0x402b0cb3) x25 0x8040001a
core   0: 0x80003638 (0x017c9533) sll     a0, s9, s7
core   0: 3 0x80003638 (0x017c9533) x10 0x00800034
core   0: 0x8000363c (0x01b43633) sltu    a2, s0, s11
core   0: 3 0x8000363c (0x01b43633) x12 0x00000001
core   0: 0x80003640 (0x90d5f693) andi    a3, a1, -1779
core   0: 3 0x80003640 (0x90d5f693) x13 0x80003104
core   0: 0x80003644 (0x02c8eab3) rem     s5, a7, a2
core   0: 3 0x80003644 (0x02c8eab3) x21 0x00000000
core   0: 0x80003648 (0xa34dca93) xori    s5, s11, -1484
core   0: 3 0x80003648 (0xa34dca93) x21 0x000005cf
core   0: 0x8000364c (0x0000fa97) auipc   s5, 0xf
core   0: 3 0x8000364c (0x0000fa97) x21 0x8001264c
core   0: 0x80003650 (0x643a8a93) addi    s5, s5, 1603
core   0: 3 0x80003650 (0x643a8a93) x21 0x80012c8f
core   0: 0x80003654 (0x414cdc93) srai    s9, s9, 20
core   0: 3 0x80003654 (0x414cdc93) x25 0xfffff804
core   0: 0x80003658 (0x7eeac283) lbu     t0, 2030(s5)
core   0: 3 0x80003658 (0x7eeac283) x 5 0x00000000 mem 0x8001347d
core   0: 0x8000365c (0xab2ac803) lbu     a6, -1358(s5)
core   0: 3 0x8000365c (0xab2ac803) x16 0x00000000 mem 0x80012741
core   0: 0x80003660 (0x7e9a8b23) sb      s1, 2038(s5)
core   0: 3 0x80003660 (0x7e9a8b23) mem 0x80013485 0xe4
core   0: 0x80003664 (0x5f786e93) ori     t4, a6, 1527
core   0: 3 0x80003664 (0x5f786e93) x29 0x000005f7
core   0: 0x80003668 (0xf79ac303) lbu     t1, -135(s5)
core   0: 3 0x80003668 (0xf79ac303) x 6 0x00000000 mem 0x80012c08
core   0: 0x8000366c (0x1bdaa383) lw      t2, 445(s5)
core   0: 3 0x8000366c (0x1bdaa383) x 7 0x00000000 mem 0x80012e4c
core   0: 0x80003670 (0xbd4a8523) sb      s4, -1078(s5)
core   0: 3 0x80003670 (0xbd4a8523) mem 0x80012859 0x0
core   0: 0x80003674 (0x9d2a0593) addi    a1, s4, -1582
core   0: 3 0x80003674 (0x9d2a0593) x11 0xfffff9d2
core   0: 0x80003678 (0x89dadb83) lhu     s7, -1891(s5)
core   0: 3 0x80003678 (0x89dadb83) x23 0x00000000 mem 0x8001252c
core   0: 0x8000367c (0x005149b3) xor     s3, sp, t0
core   0: 3 0x8000367c (0x005149b3) x19 0x80000000
core   0: 0x80003680 (0x02817e33) remu    t3, sp, s0
core   0: 3 0x80003680 (0x02817e33) x28 0x00000000
core   0: 0x80003684 (0x013ad583) lhu     a1, 19(s5)
core   0: 3 0x80003684 (0x013ad583) x11 0x00000000 mem 0x80012ca2
core   0: 0x80003688 (0x733a9da3) sh      s3, 1851(s5)
core   0: 3 0x80003688 (0x733a9da3) mem 0x800133ca 0x0000
core   0: 0x8000368c (0x2e8a8083) lb      ra, 744(s5)
core   0: 3 0x8000368c (0x2e8a8083) x 1 0x00000000 mem 0x80012f77
core   0: 0x80003690 (0x03fe92b3) mulh    t0, t4, t6
core   0: 3 0x80003690 (0x03fe92b3) x 5 0xfffffd04
core   0: 0x80003694 (0x5a5a9383) lh      t2, 1445(s5)
core   0: 3 0x80003694 (0x5a5a9383) x 7 0x00000000 mem 0x80013234
core   0: 0x80003698 (0x41d508b3) sub     a7, a0, t4
core   0: 3 0x80003698 (0x41d508b3) x17 0x007ffa3d
core   0: 0x8000369c (0x01e7bd33) sltu    s10, a5, t5
core   0: 3 0x8000369c (0x01e7bd33) x26 0x00000000
core   0: 0x800036a0 (0x31daa283) lw      t0, 797(s5)
core   0: 3 0x800036a0 (0x31daa283) x 5 0x00000000 mem 0x80012fac
core   0: 0x800036a4 (0x03ff5c33) divu    s8, t5, t6
core   0: 3 0x800036a4 (0x03ff5c33) x24 0x00000000
core   0: 0x800036a8 (0x08be6413) ori     s0, t3, 139
core   0: 3 0x800036a8 (0x08be6413) x 8 0x0000008b
core   0: 0x800036ac (0x00449813) slli    a6, s1, 4
core   0: 3 0x800036ac (0x00449813) x16 0x0029ce40
core   0: 0x800036b0 (0xd85a81a3) sb      t0, -637(s5)
core   0: 3 0x800036b0 (0xd85a81a3) mem 0x80012a12 0x0
core   0: 0x800036b4 (0x0367a8b3) mulhsu  a7, a5, s6
core   0: 3 0x800036b4 (0x0367a8b3) x17 0x00000000
core   0: 0x800036b8 (0x038da833) mulhsu  a6, s11, s8
core   0: 3 0x800036b8 (0x038da833) x16 0x00000000
core   0: 0x800036bc (0x3c6a8fa3) sb      t1, 991(s5)
core   0: 3 0x800036bc (0x3c6a8fa3) mem 0x8001306e 0x0
core   0: 0x800036c0 (0x6528fb93) andi    s7, a7, 1618
core   0: 3 0x800036c0 (0x6528fb93) x23 0x00000000
core   0: 0x800036c4 (0xa42a8723) sb      sp, -1458(s5)
core   0: 3 0x800036c4 (0xa42a8723) mem 0x800126dd 0x0
core   0: 0x800036c8 (0xc32a8583) lb      a1, -974(s5)
core   0: 3 0x800036c8 (0xc32a8583) x11 0x00000000 mem 0x800128c1
core   0: 0x800036cc (0x004e0db3) add     s11, t3, tp
core   0: 3 0x800036cc (0x004e0db3) x27 0x80003548
core   0: 0x800036d0 (0xa4fadb03) lhu     s6, -1457(s5)
core   0: 3 0x800036d0 (0xa4fadb03) x22 0x00000000 mem 0x800126de
core   0: 0x800036d4 (0xae274a93) xori    s5, a4, -1310
core   0: 3 0x800036d4 (0xae274a93) x21 0x7fffcfaa
core   0: 0x800036d8 (0x008fdd93) srli    s11, t6, 8
core   0: 3 0x800036d8 (0x008fdd93) x27 0x0080025e
core   0: 0x800036dc (0x00ae0eb3) add     t4, t3, a0
core   0: 3 0x800036dc (0x00ae0eb3) x29 0x00800034
core   0: 0x800036e0 (0x00289663) bne     a7, sp, pc + 12
core   0: 3 0x800036e0 (0x00289663)
core   0: 0x800036ec (0x40850e33) sub     t3, a0, s0
core   0: 3 0x800036ec (0x40850e33) x28 0x007fffa9
core   0: 0x800036f0 (0x6eeef713) andi    a4, t4, 1774
core   0: 3 0x800036f0 (0x6eeef713) x14 0x00000024
core   0: 0x800036f4 (0x00bb6533) or      a0, s6, a1
core   0: 3 0x800036f4 (0x00bb6533) x10 0x00000000
core   0: 0x800036f8 (0xa4c6cc13) xori    s8, a3, -1460
core   0: 3 0x800036f8 (0xa4c6cc13) x24 0x7fffcb48
core   0: 0x800036fc (0x041df263) bgeu    s11, ra, pc + 68
core   0: 3 0x800036fc (0x041df263)
core   0: 0x80003740 (0x03798033) mul     zero, s3, s7
core   0: 3 0x80003740 (0x03798033)
core   0: 0x80003744 (0x4a9a2e13) slti    t3, s4, 1193
core   0: 3 0x80003744 (0x4a9a2e13) x28 0x00000001
core   0: 0x80003748 (0xe4142d93) slti    s11, s0, -447
core   0: 3 0x80003748 (0xe4142d93) x27 0x00000000
core   0: 0x8000374c (0x02f4a233) mulhsu  tp, s1, a5
core   0: 3 0x8000374c (0x02f4a233) x 4 0x00000000
core   0: 0x80003750 (0x02b92193) slti    gp, s2, 43
core   0: 3 0x80003750 (0x02b92193) x 3 0x00000001
core   0: 0x80003754 (0x004e9e63) bne     t4, tp, pc + 28
core   0: 3 0x80003754 (0x004e9e63)
core   0: 0x80003770 (0x03a5fc33) remu    s8, a1, s10
core   0: 3 0x80003770 (0x03a5fc33) x24 0x00000000
core   0: 0x80003774 (0x004596b3) sll     a3, a1, tp
core   0: 3 0x80003774 (0x004596b3) x13 0x00000000
core   0: 0x80003778 (0x01bbd713) srli    a4, s7, 27
core   0: 3 0x80003778 (0x01bbd713) x14 0x00000000
core   0: 0x8000377c (0x01fd9713) slli    a4, s11, 31
core   0: 3 0x8000377c (0x01fd9713) x14 0x00000000
core   0: 0x80003780 (0x030e6533) rem     a0, t3, a6
core   0: 3 0x80003780 (0x030e6533) x10 0x00000001
core   0: 0x80003784 (0x4048ddb3) sra     s11, a7, tp
core   0: 3 0x80003784 (0x4048ddb3) x27 0x00000000
core   0: 0x80003788 (0x01ee4733) xor     a4, t3, t5
core   0: 3 0x80003788 (0x01ee4733) x14 0x00000001
core   0: 0x8000378c (0x93dd6b97) auipc   s7, 0x93dd6
core   0: 3 0x8000378c (0x93dd6b97) x23 0x13dd978c
core   0: 0x80003790 (0x0151bd33) sltu    s10, gp, s5
core   0: 3 0x80003790 (0x0151bd33) x26 0x00000001
core   0: 0x80003794 (0x03668263) beq     a3, s6, pc + 36
core   0: 3 0x80003794 (0x03668263)
core   0: 0x800037b8 (0x406dd093) srai    ra, s11, 6
core   0: 3 0x800037b8 (0x406dd093) x 1 0x00000000
core   0: 0x800037bc (0x00000013) nop
core   0: 3 0x800037bc (0x00000013)
core   0: 0x800037c0 (0x038273b3) remu    t2, tp, s8
core   0: 3 0x800037c0 (0x038273b3) x 7 0x00000000
core   0: 0x800037c4 (0x0342f233) remu    tp, t0, s4
core   0: 3 0x800037c4 (0x0342f233) x 4 0x00000000
core   0: 0x800037c8 (0x00812c33) slt     s8, sp, s0
core   0: 3 0x800037c8 (0x00812c33) x24 0x00000001
core   0: 0x800037cc (0x1a8c56b7) lui     a3, 0x1a8c5
core   0: 3 0x800037cc (0x1a8c56b7) x13 0x1a8c5000
core   0: 0x800037d0 (0x06edea63) bltu    s11, a4, pc + 116
core   0: 3 0x800037d0 (0x06edea63)
core   0: 0x80003844 (0x019fe463) bltu    t6, s9, pc + 8
core   0: 3 0x80003844 (0x019fe463)
core   0: 0x8000384c (0x02c1b9b3) mulhu   s3, gp, a2
core   0: 3 0x8000384c (0x02c1b9b3) x19 0x00000000
core   0: 0x80003850 (0x03f4abb3) mulhsu  s7, s1, t6
core   0: 3 0x80003850 (0x03f4abb3) x23 0xc0001f46
core   0: 0x80003854 (0x5e24e593) ori     a1, s1, 1506
core   0: 3 0x80003854 (0x5e24e593) x11 0x80029de6
core   0: 0x80003858 (0x010d9433) sll     s0, s11, a6
core   0: 3 0x80003858 (0x010d9433) x 8 0x00000000
core   0: 0x8000385c (0x787b8a13) addi    s4, s7, 1927
core   0: 3 0x8000385c (0x787b8a13) x20 0xc00026cd
core   0: 0x80003860 (0x035e15b3) mulh    a1, t3, s5
core   0: 3 0x80003860 (0x035e15b3) x11 0x00000000
core   0: 0x80003864 (0xf1ef8513) addi    a0, t6, -226
core   0: 3 0x80003864 (0xf1ef8513) x10 0x80025d82
core   0: 0x80003868 (0x4da8c717) auipc   a4, 0x4da8c
core   0: 3 0x80003868 (0x4da8c717) x14 0xcda8f868
core   0: 0x8000386c (0x01206a63) bltu    zero, s2, pc + 20
core   0: 3 0x8000386c (0x01206a63)
core   0: 0x80003870 (0x02d298b3) mulh    a7, t0, a3
core   0: 3 0x80003870 (0x02d298b3) x17 0x00000000
core   0: 0x80003874 (0x01c0abb3) slt     s7, ra, t3
core   0: 3 0x80003874 (0x01c0abb3) x23 0x00000001
core   0: 0x80003878 (0x40045d93) srai    s11, s0, 0
core   0: 3 0x80003878 (0x40045d93) x27 0x00000000
core   0: 0x8000387c (0x014e1333) sll     t1, t3, s4
core   0: 3 0x8000387c (0x014e1333) x 6 0x00002000
core   0: 0x80003880 (0x40925613) srai    a2, tp, 9
core   0: 3 0x80003880 (0x40925613) x12 0x00000000
core   0: 0x80003884 (0x02bf5c33) divu    s8, t5, a1
core   0: 3 0x80003884 (0x02bf5c33) x24 0xffffffff
core   0: 0x80003888 (0x03758733) mul     a4, a1, s7
core   0: 3 0x80003888 (0x03758733) x14 0x00000000
core   0: 0x8000388c (0x02c845b3) div     a1, a6, a2
core   0: 3 0x8000388c (0x02c845b3) x11 0xffffffff
core   0: 0x80003890 (0x0396b9b3) mulhu   s3, a3, s9
core   0: 3 0x80003890 (0x0396b9b3) x19 0x1a8c4f2c
core   0: 0x80003894 (0x03bdd933) divu    s2, s11, s11
core   0: 3 0x80003894 (0x03bdd933) x18 0xffffffff
core   0: 0x80003898 (0x409f5913) srai    s2, t5, 9
core   0: 3 0x80003898 (0x409f5913) x18 0x00000000
core   0: 0x8000389c (0x0136c033) xor     zero, a3, s3
core   0: 3 0x8000389c (0x0136c033)
core   0: 0x800038a0 (0xc3ac5637) lui     a2, 0xc3ac5
core   0: 3 0x800038a0 (0xc3ac5637) x12 0xc3ac5000
core   0: 0x800038a4 (0x00b99c93) slli    s9, s3, 11
core   0: 3 0x800038a4 (0x00b99c93) x25 0x62796000
core   0: 0x800038a8 (0x004d2f33) slt     t5, s10, tp
core   0: 3 0x800038a8 (0x004d2f33) x30 0x00000000
core   0: 0x800038ac (0x015f5e33) srl     t3, t5, s5
core   0: 3 0x800038ac (0x015f5e33) x28 0x00000000
core   0: 0x800038b0 (0x0007b933) sltu    s2, a5, zero
core   0: 3 0x800038b0 (0x0007b933) x18 0x00000000
core   0: 0x800038b4 (0x013dd433) srl     s0, s11, s3
core   0: 3 0x800038b4 (0x013dd433) x 8 0x00000000
core   0: 0x800038b8 (0x76c2ac13) slti    s8, t0, 1900
core   0: 3 0x800038b8 (0x76c2ac13) x24 0x00000001
core   0: 0x800038bc (0x02465d33) divu    s10, a2, tp
core   0: 3 0x800038bc (0x02465d33) x26 0xffffffff
core   0: 0x800038c0 (0x02901863) bne     zero, s1, pc + 48
core   0: 3 0x800038c0 (0x02901863)
core   0: 0x800038f0 (0x00d1b3b3) sltu    t2, gp, a3
core   0: 3 0x800038f0 (0x00d1b3b3) x 7 0x00000001
core   0: 0x800038f4 (0x0234ef33) rem     t5, s1, gp
core   0: 3 0x800038f4 (0x0234ef33) x30 0x00000000
core   0: 0x800038f8 (0x0280fcb3) remu    s9, ra, s0
core   0: 3 0x800038f8 (0x0280fcb3) x25 0x00000000
core   0: 0x800038fc (0x4970a313) slti    t1, ra, 1175
core   0: 3 0x800038fc (0x4970a313) x 6 0x00000001
core   0: 0x80003900 (0x01c3adb3) slt     s11, t2, t3
core   0: 3 0x80003900 (0x01c3adb3) x27 0x00000000
core   0: 0x80003904 (0x02d82c33) mulhsu  s8, a6, a3
core   0: 3 0x80003904 (0x02d82c33) x24 0x00000000
core   0: 0x80003908 (0xf84b7f13) andi    t5, s6, -124
core   0: 3 0x80003908 (0xf84b7f13) x30 0x00000000
core   0: 0x8000390c (0x0203ba33) mulhu   s4, t2, zero
core   0: 3 0x8000390c (0x0203ba33) x20 0x00000000
core   0: 0x80003910 (0x029a26b3) mulhsu  a3, s4, s1
core   0: 3 0x80003910 (0x029a26b3) x13 0x00000000
core   0: 0x80003914 (0x0133e2b3) or      t0, t2, s3
core   0: 3 0x80003914 (0x0133e2b3) x 5 0x1a8c4f2d
core   0: 0x80003918 (0x03790c63) beq     s2, s7, pc + 56
core   0: 3 0x80003918 (0x03790c63)
core   0: 0x8000391c (0x00efaf33) slt     t5, t6, a4
core   0: 3 0x8000391c (0x00efaf33) x30 0x00000001
core   0: 0x80003920 (0x49676c13) ori     s8, a4, 1174
core   0: 3 0x80003920 (0x49676c13) x24 0x00000496
core   0: 0x80003924 (0x4084df13) srai    t5, s1, 8
core   0: 3 0x80003924 (0x4084df13) x30 0xff80029c
core   0: 0x80003928 (0x02ed8eb3) mul     t4, s11, a4
core   0: 3 0x80003928 (0x02ed8eb3) x29 0x00000000
core   0: 0x8000392c (0x314ba013) slti    zero, s7, 788
core   0: 3 0x8000392c (0x314ba013)
core   0: 0x80003930 (0x030e3433) mulhu   s0, t3, a6
core   0: 3 0x80003930 (0x030e3433) x 8 0x00000000
core   0: 0x80003934 (0x3734c593) xori    a1, s1, 883
core   0: 3 0x80003934 (0x3734c593) x11 0x80029f97
core   0: 0x80003938 (0x036b4933) div     s2, s6, s6
core   0: 3 0x80003938 (0x036b4933) x18 0xffffffff
core   0: 0x8000393c (0x041ff663) bgeu    t6, ra, pc + 76
core   0: 3 0x8000393c (0x041ff663)
core   0: 0x80003988 (0x00538333) add     t1, t2, t0
core   0: 3 0x80003988 (0x00538333) x 6 0x1a8c4f2e
core   0: 0x8000398c (0x02ab5533) divu    a0, s6, a0
core   0: 3 0x8000398c (0x02ab5533) x10 0x00000000
core   0: 0x80003990 (0x0395c5b3) div     a1, a1, s9
core   0: 3 0x80003990 (0x0395c5b3) x11 0xffffffff
core   0: 0x80003994 (0x017f4663) blt     t5, s7, pc + 12
core   0: 3 0x80003994 (0x017f4663)
core   0: 0x800039a0 (0xa72c7913) andi    s2, s8, -1422
core   0: 3 0x800039a0 (0xa72c7913) x18 0x00000012
core   0: 0x800039a4 (0x0026b233) sltu    tp, a3, sp
core   0: 3 0x800039a4 (0x0026b233) x 4 0x00000001
core   0: 0x800039a8 (0xb5cbce93) xori    t4, s7, -1188
core   0: 3 0x800039a8 (0xb5cbce93) x29 0xfffffb5d
core   0: 0x800039ac (0x459c6093) ori     ra, s8, 1113
core   0: 3 0x800039ac (0x459c6093) x 1 0x000004df
core   0: 0x800039b0 (0xc423f093) andi    ra, t2, -958
core   0: 3 0x800039b0 (0xc423f093) x 1 0x00000000
core   0: 0x800039b4 (0xc5648313) addi    t1, s1, -938
core   0: 3 0x800039b4 (0xc5648313) x 6 0x8002993a
core   0: 0x800039b8 (0x057e0863) beq     t3, s7, pc + 80
core   0: 3 0x800039b8 (0x057e0863)
core   0: 0x800039bc (0x00a09c93) slli    s9, ra, 10
core   0: 3 0x800039bc (0x00a09c93) x25 0x00000000
core   0: 0x800039c0 (0x0061f933) and     s2, gp, t1
core   0: 3 0x800039c0 (0x0061f933) x18 0x00000000
core   0: 0x800039c4 (0x024402b3) mul     t0, s0, tp
core   0: 3 0x800039c4 (0x024402b3) x 5 0x00000000
core   0: 0x800039c8 (0x00249663) bne     s1, sp, pc + 12
core   0: 3 0x800039c8 (0x00249663)
core   0: 0x800039d4 (0x00f335b3) sltu    a1, t1, a5
core   0: 3 0x800039d4 (0x00f335b3) x11 0x00000000
core   0: 0x800039d8 (0x030570b3) remu    ra, a0, a6
core   0: 3 0x800039d8 (0x030570b3) x 1 0x00000000
core   0: 0x800039dc (0x00b800b3) add     ra, a6, a1
core   0: 3 0x800039dc (0x00b800b3) x 1 0x00000000
core   0: 0x800039e0 (0xe28fb993) sltiu   s3, t6, -472
core   0: 3 0x800039e0 (0xe28fb993) x19 0x00000001
core   0: 0x800039e4 (0x02685c33) divu    s8, a6, t1
core   0: 3 0x800039e4 (0x02685c33) x24 0x00000000
core   0: 0x800039e8 (0x0301b0b3) mulhu   ra, gp, a6
core   0: 3 0x800039e8 (0x0301b0b3) x 1 0x00000000
core   0: 0x800039ec (0x002c1413) slli    s0, s8, 2
core   0: 3 0x800039ec (0x002c1413) x 8 0x00000000
core   0: 0x800039f0 (0x02533ab3) mulhu   s5, t1, t0
core   0: 3 0x800039f0 (0x02533ab3) x21 0x00000000
core   0: 0x800039f4 (0x035fc333) div     t1, t6, s5
core   0: 3 0x800039f4 (0x035fc333) x 6 0xffffffff
core   0: 0x800039f8 (0x00ef6cb3) or      s9, t5, a4
core   0: 3 0x800039f8 (0x00ef6cb3) x25 0xff80029c
core   0: 0x800039fc (0x0051c263) blt     gp, t0, pc + 4
core   0: 3 0x800039fc (0x0051c263)
core   0: 0x80003a00 (0x41230cb3) sub     s9, t1, s2
core   0: 3 0x80003a00 (0x41230cb3) x25 0xffffffff
core   0: 0x80003a04 (0x00308eb3) add     t4, ra, gp
core   0: 3 0x80003a04 (0x00308eb3) x29 0x00000001
core   0: 0x80003a08 (0x03f977b3) remu    a5, s2, t6
core   0: 3 0x80003a08 (0x03f977b3) x15 0x00000000
core   0: 0x80003a0c (0x0052ccb3) xor     s9, t0, t0
core   0: 3 0x80003a0c (0x0052ccb3) x25 0x00000000
core   0: 0x80003a10 (0x05ee4863) blt     t3, t5, pc + 80
core   0: 3 0x80003a10 (0x05ee4863)
core   0: 0x80003a14 (0x03336463) bltu    t1, s3, pc + 40
core   0: 3 0x80003a14 (0x03336463)
core   0: 0x80003a18 (0x01071a13) slli    s4, a4, 16
core   0: 3 0x80003a18 (0x01071a13) x20 0x00000000
core   0: 0x80003a1c (0x03cccc33) div     s8, s9, t3
core   0: 3 0x80003a1c (0x03cccc33) x24 0xffffffff
core   0: 0x80003a20 (0xf36b3793) sltiu   a5, s6, -202
core   0: 3 0x80003a20 (0xf36b3793) x15 0x00000001
core   0: 0x80003a24 (0x0159df33) srl     t5, s3, s5
core   0: 3 0x80003a24 (0x0159df33) x30 0x00000001
core   0: 0x80003a28 (0x01b2c863) blt     t0, s11, pc + 16
core   0: 3 0x80003a28 (0x01b2c863)
core   0: 0x80003a2c (0x0100aeb3) slt     t4, ra, a6
core   0: 3 0x80003a2c (0x0100aeb3) x29 0x00000000
core   0: 0x80003a30 (0x03b795b3) mulh    a1, a5, s11
core   0: 3 0x80003a30 (0x03b795b3) x11 0x00000000
core   0: 0x80003a34 (0xd6d3e013) ori     zero, t2, -659
core   0: 3 0x80003a34 (0xd6d3e013)
core   0: 0x80003a38 (0x9e69a813) slti    a6, s3, -1562
core   0: 3 0x80003a38 (0x9e69a813) x16 0x00000000
core   0: 0x80003a3c (0x03c4f8b3) remu    a7, s1, t3
core   0: 3 0x80003a3c (0x03c4f8b3) x17 0x80029ce4
core   0: 0x80003a40 (0x030a50b3) divu    ra, s4, a6
core   0: 3 0x80003a40 (0x030a50b3) x 1 0xffffffff
core   0: 0x80003a44 (0x00ddd413) srli    s0, s11, 13
core   0: 3 0x80003a44 (0x00ddd413) x 8 0x00000000
core   0: 0x80003a48 (0x04bc1663) bne     s8, a1, pc + 76
core   0: 3 0x80003a48 (0x04bc1663)
core   0: 0x80003a94 (0x01fb97b3) sll     a5, s7, t6
core   0: 3 0x80003a94 (0x01fb97b3) x15 0x00000010
core   0: 0x80003a98 (0x0391c733) div     a4, gp, s9
core   0: 3 0x80003a98 (0x0391c733) x14 0xffffffff
core   0: 0x80003a9c (0x7f46cd13) xori    s10, a3, 2036
core   0: 3 0x80003a9c (0x7f46cd13) x26 0x000007f4
core   0: 0x80003aa0 (0x03fd4833) div     a6, s10, t6
core   0: 3 0x80003aa0 (0x03fd4833) x16 0x00000000
core   0: 0x80003aa4 (0x031425b3) mulhsu  a1, s0, a7
core   0: 3 0x80003aa4 (0x031425b3) x11 0x00000000
core   0: 0x80003aa8 (0x00000013) nop
core   0: 3 0x80003aa8 (0x00000013)
core   0: 0x80003aac (0x037b6263) bltu    s6, s7, pc + 36
core   0: 3 0x80003aac (0x037b6263)
core   0: 0x80003ad0 (0x40515e33) sra     t3, sp, t0
core   0: 3 0x80003ad0 (0x40515e33) x28 0x80000000
core   0: 0x80003ad4 (0x66760613) addi    a2, a2, 1639
core   0: 3 0x80003ad4 (0x66760613) x12 0xc3ac5667
core   0: 0x80003ad8 (0x009c5a93) srli    s5, s8, 9
core   0: 3 0x80003ad8 (0x009c5a93) x21 0x007fffff
core   0: 0x80003adc (0x0308cf33) div     t5, a7, a6
core   0: 3 0x80003adc (0x0308cf33) x30 0xffffffff
core   0: 0x80003ae0 (0x01f12c33) slt     s8, sp, t6
core   0: 3 0x80003ae0 (0x01f12c33) x24 0x00000001
core   0: 0x80003ae4 (0x41f307b3) sub     a5, t1, t6
core   0: 3 0x80003ae4 (0x41f307b3) x15 0x7ffda19b
core   0: 0x80003ae8 (0xc78c6a13) ori     s4, s8, -904
core   0: 3 0x80003ae8 (0xc78c6a13) x20 0xfffffc79
core   0: 0x80003aec (0x03d56263) bltu    a0, t4, pc + 36
core   0: 3 0x80003aec (0x03d56263)
core   0: 0x80003af0 (0x00387e63) bgeu    a6, gp, pc + 28
core   0: 3 0x80003af0 (0x00387e63)
core   0: 0x80003af4 (0x029f1463) bne     t5, s1, pc + 40
core   0: 3 0x80003af4 (0x029f1463)
core   0: 0x80003b1c (0x00c1d793) srli    a5, gp, 12
core   0: 3 0x80003b1c (0x00c1d793) x15 0x00000000
core   0: 0x80003b20 (0x03644633) div     a2, s0, s6
core   0: 3 0x80003b20 (0x03644633) x12 0xffffffff
core   0: 0x80003b24 (0x02d423b3) mulhsu  t2, s0, a3
core   0: 3 0x80003b24 (0x02d423b3) x 7 0x00000000
core   0: 0x80003b28 (0x00b13f33) sltu    t5, sp, a1
core   0: 3 0x80003b28 (0x00b13f33) x30 0x00000000
core   0: 0x80003b2c (0x03870e33) mul     t3, a4, s8
core   0: 3 0x80003b2c (0x03870e33) x28 0xffffffff
core   0: 0x80003b30 (0xfdb68293) addi    t0, a3, -37
core   0: 3 0x80003b30 (0xfdb68293) x 5 0xffffffdb
core   0: 0x80003b34 (0x033e3633) mulhu   a2, t3, s3
core   0: 3 0x80003b34 (0x033e3633) x12 0x00000000
core   0: 0x80003b38 (0x03255263) bge     a0, s2, pc + 36
core   0: 3 0x80003b38 (0x03255263)
core   0: 0x80003b5c (0x03606e33) rem     t3, zero, s6
core   0: 3 0x80003b5c (0x03606e33) x28 0x00000000
core   0: 0x80003b60 (0x01e841b3) xor     gp, a6, t5
core   0: 3 0x80003b60 (0x01e841b3) x 3 0x00000000
core   0: 0x80003b64 (0x015152b3) srl     t0, sp, s5
core   0: 3 0x80003b64 (0x015152b3) x 5 0x00000001
core   0: 0x80003b68 (0x337b0b93) addi    s7, s6, 823
core   0: 3 0x80003b68 (0x337b0b93) x23 0x00000337
core   0: 0x80003b6c (0x66912193) slti    gp, sp, 1641
core   0: 3 0x80003b6c (0x66912193) x 3 0x00000001
core   0: 0x80003b70 (0x00f84a63) blt     a6, a5, pc + 20
core   0: 3 0x80003b70 (0x00f84a63)
core   0: 0x80003b74 (0xe7a80713) addi    a4, a6, -390
core   0: 3 0x80003b74 (0xe7a80713) x14 0xfffffe7a
core   0: 0x80003b78 (0x015a6663) bltu    s4, s5, pc + 12
core   0: 3 0x80003b78 (0x015a6663)
core   0: 0x80003b7c (0x01c1b5b3) sltu    a1, gp, t3
core   0: 3 0x80003b7c (0x01c1b5b3) x11 0x00000000
core   0: 0x80003b80 (0x024fb633) mulhu   a2, t6, tp
core   0: 3 0x80003b80 (0x024fb633) x12 0x00000000
core   0: 0x80003b84 (0x0159ed33) or      s10, s3, s5
core   0: 3 0x80003b84 (0x0159ed33) x26 0x007fffff
core   0: 0x80003b88 (0x04f39863) bne     t2, a5, pc + 80
core   0: 3 0x80003b88 (0x04f39863)
core   0: 0x80003b8c (0x01a3dcb3) srl     s9, t2, s10
core   0: 3 0x80003b8c (0x01a3dcb3) x25 0x00000000
core   0: 0x80003b90 (0x02f99733) mulh    a4, s3, a5
core   0: 3 0x80003b90 (0x02f99733) x14 0x00000000
core   0: 0x80003b94 (0x03ab9463) bne     s7, s10, pc + 40
core   0: 3 0x80003b94 (0x03ab9463)
core   0: 0x80003bbc (0x01be96b3) sll     a3, t4, s11
core   0: 3 0x80003bbc (0x01be96b3) x13 0x00000000
core   0: 0x80003bc0 (0xf0f4bc13) sltiu   s8, s1, -241
core   0: 3 0x80003bc0 (0xf0f4bc13) x24 0x00000001
core   0: 0x80003bc4 (0x74f2a913) slti    s2, t0, 1871
core   0: 3 0x80003bc4 (0x74f2a913) x18 0x00000001
core   0: 0x80003bc8 (0x0043f863) bgeu    t2, tp, pc + 16
core   0: 3 0x80003bc8 (0x0043f863)
core   0: 0x80003bcc (0x05a91263) bne     s2, s10, pc + 68
core   0: 3 0x80003bcc (0x05a91263)
core   0: 0x80003c10 (0xe515ec93) ori     s9, a1, -431
core   0: 3 0x80003c10 (0xe515ec93) x25 0xfffffe51
core   0: 0x80003c14 (0x03b4ec63) bltu    s1, s11, pc + 56
core   0: 3 0x80003c14 (0x03b4ec63)
core   0: 0x80003c18 (0xe6118893) addi    a7, gp, -415
core   0: 3 0x80003c18 (0xe6118893) x17 0xfffffe62
core   0: 0x80003c1c (0x00719c33) sll     s8, gp, t2
core   0: 3 0x80003c1c (0x00719c33) x24 0x00000001
core   0: 0x80003c20 (0x0281bcb3) mulhu   s9, gp, s0
core   0: 3 0x80003c20 (0x0281bcb3) x25 0x00000000
core   0: 0x80003c24 (0x01639e63) bne     t2, s6, pc + 28
core   0: 3 0x80003c24 (0x01639e63)
core   0: 0x80003c28 (0xc8e1a613) slti    a2, gp, -882
core   0: 3 0x80003c28 (0xc8e1a613) x12 0x00000000
core   0: 0x80003c2c (0x0f616513) ori     a0, sp, 246
core   0: 3 0x80003c2c (0x0f616513) x10 0x800000f6
core   0: 0x80003c30 (0x411a0933) sub     s2, s4, a7
core   0: 3 0x80003c30 (0x411a0933) x18 0xfffffe17
core   0: 0x80003c34 (0x2da62513) slti    a0, a2, 730
core   0: 3 0x80003c34 (0x2da62513) x10 0x00000001
core   0: 0x80003c38 (0x14d32a13) slti    s4, t1, 333
core   0: 3 0x80003c38 (0x14d32a13) x20 0x00000001
core   0: 0x80003c3c (0x00badd33) srl     s10, s5, a1
core   0: 3 0x80003c3c (0x00badd33) x26 0x007fffff
core   0: 0x80003c40 (0x0316f9b3) remu    s3, a3, a7
core   0: 3 0x80003c40 (0x0316f9b3) x19 0x00000000
core   0: 0x80003c44 (0x038a5f33) divu    t5, s4, s8
core   0: 3 0x80003c44 (0x038a5f33) x30 0x00000001
core   0: 0x80003c48 (0x01481093) slli    ra, a6, 20
core   0: 3 0x80003c48 (0x01481093) x 1 0x00000000
core   0: 0x80003c4c (0x00145293) srli    t0, s0, 1
core   0: 3 0x80003c4c (0x00145293) x 5 0x00000000
core   0: 0x80003c50 (0x02bc11b3) mulh    gp, s8, a1
core   0: 3 0x80003c50 (0x02bc11b3) x 3 0x00000000
core   0: 0x80003c54 (0x01f57663) bgeu    a0, t6, pc + 12
core   0: 3 0x80003c54 (0x01f57663)
core   0: 0x80003c58 (0x5d53be13) sltiu   t3, t2, 1493
core   0: 3 0x80003c58 (0x5d53be13) x28 0x00000001
core   0: 0x80003c5c (0x021549b3) div     s3, a0, ra
core   0: 3 0x80003c5c (0x021549b3) x19 0xffffffff
core   0: 0x80003c60 (0x84060a93) addi    s5, a2, -1984
core   0: 3 0x80003c60 (0x84060a93) x21 0xfffff840
core   0: 0x80003c64 (0x0315f463) bgeu    a1, a7, pc + 40
core   0: 3 0x80003c64 (0x0315f463)
core   0: 0x80003c68 (0x016807b3) add     a5, a6, s6
core   0: 3 0x80003c68 (0x016807b3) x15 0x00000000
core   0: 0x80003c6c (0x40708b33) sub     s6, ra, t2
core   0: 3 0x80003c6c (0x40708b33) x22 0x00000000
core   0: 0x80003c70 (0xa0a76397) auipc   t2, 0xa0a76
core   0: 3 0x80003c70 (0xa0a76397) x 7 0x20a79c70
core   0: 0x80003c74 (0x004191b3) sll     gp, gp, tp
core   0: 3 0x80003c74 (0x004191b3) x 3 0x00000000
core   0: 0x80003c78 (0xcb78fa93) andi    s5, a7, -841
core   0: 3 0x80003c78 (0xcb78fa93) x21 0xfffffc22
core   0: 0x80003c7c (0x02965033) divu    zero, a2, s1
core   0: 3 0x80003c7c (0x02965033)
core   0: 0x80003c80 (0x8562d037) lui     zero, 0x8562d
core   0: 3 0x80003c80 (0x8562d037)
core   0: 0x80003c84 (0x029f01b3) mul     gp, t5, s1
core   0: 3 0x80003c84 (0x029f01b3) x 3 0x80029ce4
core   0: 0x80003c88 (0x02063633) mulhu   a2, a2, zero
core   0: 3 0x80003c88 (0x02063633) x12 0x00000000
core   0: 0x80003c8c (0x001f4463) blt     t5, ra, pc + 8
core   0: 3 0x80003c8c (0x001f4463)
core   0: 0x80003c90 (0x410cde13) srai    t3, s9, 16
core   0: 3 0x80003c90 (0x410cde13) x28 0x00000000
core   0: 0x80003c94 (0x257e8d93) addi    s11, t4, 599
core   0: 3 0x80003c94 (0x257e8d93) x27 0x00000257
core   0: 0x80003c98 (0x53a40313) addi    t1, s0, 1338
core   0: 3 0x80003c98 (0x53a40313) x 6 0x0000053a
core   0: 0x80003c9c (0x00d46a33) or      s4, s0, a3
core   0: 3 0x80003c9c (0x00d46a33) x20 0x00000000
core   0: 0x80003ca0 (0x825d8037) lui     zero, 0x825d8
core   0: 3 0x80003ca0 (0x825d8037)
core   0: 0x80003ca4 (0x039c7863) bgeu    s8, s9, pc + 48
core   0: 3 0x80003ca4 (0x039c7863)
core   0: 0x80003cd4 (0x03870d33) mul     s10, a4, s8
core   0: 3 0x80003cd4 (0x03870d33) x26 0x00000000
core   0: 0x80003cd8 (0x0fed4a63) blt     s10, t5, pc + 244
core   0: 3 0x80003cd8 (0x0fed4a63)
core   0: 0x80003dcc (0x014568b3) or      a7, a0, s4
core   0: 3 0x80003dcc (0x014568b3) x17 0x00000001
core   0: 0x80003dd0 (0x00147a63) bgeu    s0, ra, pc + 20
core   0: 3 0x80003dd0 (0x00147a63)
core   0: 0x80003de4 (0x0934f463) bgeu    s1, s3, pc + 136
core   0: 3 0x80003de4 (0x0934f463)
core   0: 0x80003de8 (0x01cf5093) srli    ra, t5, 28
core   0: 3 0x80003de8 (0x01cf5093) x 1 0x00000000
core   0: 0x80003dec (0x016426b3) slt     a3, s0, s6
core   0: 3 0x80003dec (0x016426b3) x13 0x00000000
core   0: 0x80003df0 (0x0278a833) mulhsu  a6, a7, t2
core   0: 3 0x80003df0 (0x0278a833) x16 0x00000000
core   0: 0x80003df4 (0x2eb7ea13) ori     s4, a5, 747
core   0: 3 0x80003df4 (0x2eb7ea13) x20 0x000002eb
core   0: 0x80003df8 (0x00995733) srl     a4, s2, s1
core   0: 3 0x80003df8 (0x00995733) x14 0x0fffffe1
core   0: 0x80003dfc (0xd18d7413) andi    s0, s10, -744
core   0: 3 0x80003dfc (0xd18d7413) x 8 0x00000000
core   0: 0x80003e00 (0x02314d33) div     s10, sp, gp
core   0: 3 0x80003e00 (0x02314d33) x26 0x00000001
core   0: 0x80003e04 (0x40c88e33) sub     t3, a7, a2
core   0: 3 0x80003e04 (0x40c88e33) x28 0x00000001
core   0: 0x80003e08 (0xfa3ba317) auipc   t1, 0xfa3ba
core   0: 3 0x80003e08 (0xfa3ba317) x 6 0x7a3bde08
core   0: 0x80003e0c (0x00008797) auipc   a5, 0x8
core   0: 3 0x80003e0c (0x00008797) x15 0x8000be0c
core   0: 0x80003e10 (0x25478793) addi    a5, a5, 596
core   0: 3 0x80003e10 (0x25478793) x15 0x8000c060
core   0: 0x80003e14 (0x40adde33) sra     t3, s11, a0
core   0: 3 0x80003e14 (0x40adde33) x28 0x0000012b
core   0: 0x80003e18 (0x1d778793) addi    a5, a5, 471
core   0: 3 0x80003e18 (0x1d778793) x15 0x8000c237
core   0: 0x80003e1c (0x0171bf33) sltu    t5, gp, s7
core   0: 3 0x80003e1c (0x0171bf33) x30 0x00000000
core   0: 0x80003e20 (0x01bbbdb3) sltu    s11, s7, s11
core   0: 3 0x80003e20 (0x01bbbdb3) x27 0x00000000
core   0: 0x80003e24 (0x00000013) nop
core   0: 3 0x80003e24 (0x00000013)
core   0: 0x80003e28 (0x001f9233) sll     tp, t6, ra
core   0: 3 0x80003e28 (0x001f9233) x 4 0x80025e64
core   0: 0x80003e2c (0x036f6033) rem     zero, t5, s6
core   0: 3 0x80003e2c (0x036f6033)
core   0: 0x80003e30 (0x9ab52193) slti    gp, a0, -1621
core   0: 3 0x80003e30 (0x9ab52193) x 3 0x00000000
core   0: 0x80003e34 (0xe2a780e7) jalr    ra, a5, -470
core   0: 3 0x80003e34 (0xe2a780e7) x 1 0x80003e38
core   0: 0x8000c060 (0xfccf8f93) addi    t6, t6, -52
core   0: 3 0x8000c060 (0xfccf8f93) x31 0x80025e30
core   0: 0x8000c064 (0x2ef9fe13) andi    t3, s3, 751
core   0: 3 0x8000c064 (0x2ef9fe13) x28 0x000002ef
core   0: 0x8000c068 (0x00148533) add     a0, s1, ra
core   0: 3 0x8000c068 (0x00148533) x10 0x0002db1c
core   0: 0x8000c06c (0x00eafc33) and     s8, s5, a4
core   0: 3 0x8000c06c (0x00eafc33) x24 0x0ffffc20
core   0: 0x8000c070 (0x07297293) andi    t0, s2, 114
core   0: 3 0x8000c070 (0x07297293) x 5 0x00000012
core   0: 0x8000c074 (0x03147a33) remu    s4, s0, a7
core   0: 3 0x8000c074 (0x03147a33) x20 0x00000000
core   0: 0x8000c078 (0xe3b06e17) auipc   t3, 0xe3b06
core   0: 3 0x8000c078 (0xe3b06e17) x28 0x63b12078
core   0: 0x8000c07c (0x001fa223) sw      ra, 4(t6)
core   0: 3 0x8000c07c (0x001fa223) mem 0x80025e34 0x80003e38
core   0: 0x8000c080 (0x574f8313) addi    t1, t6, 1396
core   0: 3 0x8000c080 (0x574f8313) x 6 0x800263a4
core   0: 0x8000c084 (0xffffb297) auipc   t0, 0xffffb
core   0: 3 0x8000c084 (0xffffb297) x 5 0x80007084
core   0: 0x8000c088 (0x5e828293) addi    t0, t0, 1512
core   0: 3 0x8000c088 (0x5e828293) x 5 0x8000766c
core   0: 0x8000c08c (0x003a9633) sll     a2, s5, gp
core   0: 3 0x8000c08c (0x003a9633) x12 0xfffffc22
core   0: 0x8000c090 (0xf0e28293) addi    t0, t0, -242
core   0: 3 0x8000c090 (0xf0e28293) x 5 0x8000757a
core   0: 0x8000c094 (0x00000013) nop
core   0: 3 0x8000c094 (0x00000013)
core   0: 0x8000c098 (0x01d5de13) srli    t3, a1, 29
core   0: 3 0x8000c098 (0x01d5de13) x28 0x00000000
core   0: 0x8000c09c (0x01781813) slli    a6, a6, 23
core   0: 3 0x8000c09c (0x01781813) x16 0x00000000
core   0: 0x8000c0a0 (0xb3494193) xori    gp, s2, -1228
core   0: 3 0x8000c0a0 (0xb3494193) x 3 0x00000523
core   0: 0x8000c0a4 (0x0f3280e7) jalr    ra, t0, 243
core   0: 3 0x8000c0a4 (0x0f3280e7) x 1 0x8000c0a8
core   0: 0x8000766c (0x70677c13) andi    s8, a4, 1798
core   0: 3 0x8000766c (0x70677c13) x24 0x00000700
core   0: 0x80007670 (0x03a93ab3) mulhu   s5, s2, s10
core   0: 3 0x80007670 (0x03a93ab3) x21 0x00000000
core   0: 0x80007674 (0x5bde0513) addi    a0, t3, 1469
core   0: 3 0x80007674 (0x5bde0513) x10 0x000005bd
core   0: 0x80007678 (0xff4f8f93) addi    t6, t6, -12
core   0: 3 0x80007678 (0xff4f8f93) x31 0x80025e24
core   0: 0x8000767c (0x001fa223) sw      ra, 4(t6)
core   0: 3 0x8000767c (0x001fa223) mem 0x80025e28 0x8000c0a8
core   0: 0x80007680 (0x01347c33) and     s8, s0, s3
core   0: 3 0x80007680 (0x01347c33) x24 0x00000000
core   0: 0x80007684 (0x0000d617) auipc   a2, 0xd
core   0: 3 0x80007684 (0x0000d617) x12 0x80014684
core   0: 0x80007688 (0x57e60613) addi    a2, a2, 1406
core   0: 3 0x80007688 (0x57e60613) x12 0x80014c02
core   0: 0x8000768c (0x01cc96b3) sll     a3, s9, t3
core   0: 3 0x8000768c (0x01cc96b3) x13 0x00000000
core   0: 0x80007690 (0x759604a3) sb      s9, 1865(a2)
core   0: 3 0x80007690 (0x759604a3) mem 0x8001534b 0x0
core   0: 0x80007694 (0x03cb26b3) mulhsu  a3, s6, t3
core   0: 3 0x80007694 (0x03cb26b3) x13 0x00000000
core   0: 0x80007698 (0x37ec4b13) xori    s6, s8, 894
core   0: 3 0x80007698 (0x37ec4b13) x22 0x0000037e
core   0: 0x8000769c (0x3d560b03) lb      s6, 981(a2)
core   0: 3 0x8000769c (0x3d560b03) x22 0x00000000 mem 0x80014fd7
core   0: 0x800076a0 (0x1b660ba3) sb      s6, 439(a2)
core   0: 3 0x800076a0 (0x1b660ba3) mem 0x80014db9 0x0
core   0: 0x800076a4 (0x16545b37) lui     s6, 0x16545
core   0: 3 0x800076a4 (0x16545b37) x22 0x16545000
core   0: 0x800076a8 (0x80360683) lb      a3, -2045(a2)
core   0: 3 0x800076a8 (0x80360683) x13 0x00000000 mem 0x80014405
core   0: 0x800076ac (0xd6d61e23) sh      a3, -644(a2)
core   0: 3 0x800076ac (0xd6d61e23) mem 0x8001497e 0x0000
core   0: 0x800076b0 (0x02db3b33) mulhu   s6, s6, a3
core   0: 3 0x800076b0 (0x02db3b33) x22 0x00000000
core   0: 0x800076b4 (0x6ad62123) sw      a3, 1698(a2)
core   0: 3 0x800076b4 (0x6ad62123) mem 0x800152a4 0x00000000
core   0: 0x800076b8 (0x016a0c33) add     s8, s4, s6
core   0: 3 0x800076b8 (0x016a0c33) x24 0x00000000
core   0: 0x800076bc (0xbd460623) sb      s4, -1076(a2)
core   0: 3 0x800076bc (0xbd460623) mem 0x800147ce 0x0
core   0: 0x800076c0 (0x69a62b03) lw      s6, 1690(a2)
core   0: 3 0x800076c0 (0x69a62b03) x22 0x00000000 mem 0x8001529c
core   0: 0x800076c4 (0x038e6b33) rem     s6, t3, s8
core   0: 3 0x800076c4 (0x038e6b33) x22 0x00000000
core   0: 0x800076c8 (0x016a7b33) and     s6, s4, s6
core   0: 3 0x800076c8 (0x016a7b33) x22 0x00000000
core   0: 0x800076cc (0xf0e64c03) lbu     s8, -242(a2)
core   0: 3 0x800076cc (0xf0e64c03) x24 0x00000000 mem 0x80014b10
core   0: 0x800076d0 (0xa6c95a17) auipc   s4, 0xa6c95
core   0: 3 0x800076d0 (0xa6c95a17) x20 0x26c9c6d0
core   0: 0x800076d4 (0xcc064a03) lbu     s4, -832(a2)
core   0: 3 0x800076d4 (0xcc064a03) x20 0x00000000 mem 0x800148c2
core   0: 0x800076d8 (0x014c1a33) sll     s4, s8, s4
core   0: 3 0x800076d8 (0x014c1a33) x20 0x00000000
core   0: 0x800076dc (0x03cb56b3) divu    a3, s6, t3
core   0: 3 0x800076dc (0x03cb56b3) x13 0xffffffff
core   0: 0x800076e0 (0x039ccc33) div     s8, s9, s9
core   0: 3 0x800076e0 (0x039ccc33) x24 0xffffffff
core   0: 0x800076e4 (0x75960ca3) sb      s9, 1881(a2)
core   0: 3 0x800076e4 (0x75960ca3) mem 0x8001535b 0x0
core   0: 0x800076e8 (0x019cc6b3) xor     a3, s9, s9
core   0: 3 0x800076e8 (0x019cc6b3) x13 0x00000000
core   0: 0x800076ec (0x038c0b33) mul     s6, s8, s8
core   0: 3 0x800076ec (0x038c0b33) x22 0x00000001
core   0: 0x800076f0 (0x1b660723) sb      s6, 430(a2)
core   0: 3 0x800076f0 (0x1b660723) mem 0x80014db0 0x1
core   0: 0x800076f4 (0xb72b4c93) xori    s9, s6, -1166
core   0: 3 0x800076f4 (0xb72b4c93) x25 0xfffffb73
core   0: 0x800076f8 (0x06360b03) lb      s6, 99(a2)
core   0: 3 0x800076f8 (0x06360b03) x22 0x00000000 mem 0x80014c65
core   0: 0x800076fc (0x81961623) sh      s9, -2036(a2)
core   0: 3 0x800076fc (0x81961623) mem 0x8001440e 0xfb73
core   0: 0x80007700 (0x038a4b33) div     s6, s4, s8
core   0: 3 0x80007700 (0x038a4b33) x22 0x00000000
core   0: 0x80007704 (0x016cb6b3) sltu    a3, s9, s6
core   0: 3 0x80007704 (0x016cb6b3) x13 0x00000000
core   0: 0x80007708 (0x2f065c83) lhu     s9, 752(a2)
core   0: 3 0x80007708 (0x2f065c83) x25 0x00000000 mem 0x80014ef2
core   0: 0x8000770c (0x005e6b13) ori     s6, t3, 5
core   0: 3 0x8000770c (0x005e6b13) x22 0x00000005
core   0: 0x80007710 (0x85160c03) lb      s8, -1967(a2)
core   0: 3 0x80007710 (0x85160c03) x24 0x00000000 mem 0x80014453
core   0: 0x80007714 (0x56ab7c13) andi    s8, s6, 1386
core   0: 3 0x80007714 (0x56ab7c13) x24 0x00000000
core   0: 0x80007718 (0x02368693) addi    a3, a3, 35
core   0: 3 0x80007718 (0x02368693) x13 0x00000023
core   0: 0x8000771c (0x034c4b33) div     s6, s8, s4
core   0: 3 0x8000771c (0x034c4b33) x22 0xffffffff
core   0: 0x80007720 (0x59960b03) lb      s6, 1433(a2)
core   0: 3 0x80007720 (0x59960b03) x22 0x00000000 mem 0x8001519b
core   0: 0x80007724 (0xd026cb13) xori    s6, a3, -766
core   0: 3 0x80007724 (0xd026cb13) x22 0xfffffd21
core   0: 0x80007728 (0x373cfe13) andi    t3, s9, 883
core   0: 3 0x80007728 (0x373cfe13) x28 0x00000000
core   0: 0x8000772c (0xd5a61683) lh      a3, -678(a2)
core   0: 3 0x8000772c (0xd5a61683) x13 0x00000000 mem 0x8001495c
core   0: 0x80007730 (0xa9461923) sh      s4, -1390(a2)
core   0: 3 0x80007730 (0xa9461923) mem 0x80014694 0x0000
core   0: 0x80007734 (0x00009617) auipc   a2, 0x9
core   0: 3 0x80007734 (0x00009617) x12 0x80010734
core   0: 0x80007738 (0xdd160613) addi    a2, a2, -559
core   0: 3 0x80007738 (0xdd160613) x12 0x80010505
core   0: 0x8000773c (0x00adc5b3) xor     a1, s11, a0
core   0: 3 0x8000773c (0x00adc5b3) x11 0x000005bd
core   0: 0x80007740 (0x00adc533) xor     a0, s11, a0
core   0: 3 0x80007740 (0x00adc533) x10 0x000005bd
core   0: 0x80007744 (0x01560d83) lb      s11, 21(a2)
core   0: 3 0x80007744 (0x01560d83) x27 0x00000000 mem 0x8001051a
core   0: 0x80007748 (0x08060703) lb      a4, 128(a2)
core   0: 3 0x80007748 (0x08060703) x14 0x00000000 mem 0x80010585
core   0: 0x8000774c (0xabbdb713) sltiu   a4, s11, -1349
core   0: 3 0x8000774c (0xabbdb713) x14 0x00000001
core   0: 0x80007750 (0xf6b65003) lhu     zero, -149(a2)
core   0: 3 0x80007750 (0xf6b65003) mem 0x80010470
core   0: 0x80007754 (0x020df733) remu    a4, s11, zero
core   0: 3 0x80007754 (0x020df733) x14 0x00000000
core   0: 0x80007758 (0x02b71533) mulh    a0, a4, a1
core   0: 3 0x80007758 (0x02b71533) x10 0x00000000
core   0: 0x8000775c (0x02003db3) mulhu   s11, zero, zero
core   0: 3 0x8000775c (0x02003db3) x27 0x00000000
core   0: 0x80007760 (0x0ea64703) lbu     a4, 234(a2)
core   0: 3 0x80007760 (0x0ea64703) x14 0x00000000 mem 0x800105ef
core   0: 0x80007764 (0x41b40033) sub     zero, s0, s11
core   0: 3 0x80007764 (0x41b40033)
core   0: 0x80007768 (0xfae60aa3) sb      a4, -75(a2)
core   0: 3 0x80007768 (0xfae60aa3) mem 0x800104ba 0x0
core   0: 0x8000776c (0x02a02db3) mulhsu  s11, zero, a0
core   0: 3 0x8000776c (0x02a02db3) x27 0x00000000
core   0: 0x80007770 (0x04961003) lh      zero, 73(a2)
core   0: 3 0x80007770 (0x04961003) mem 0x8001054e
core   0: 0x80007774 (0x03b57733) remu    a4, a0, s11
core   0: 3 0x80007774 (0x03b57733) x14 0x00000000
core   0: 0x80007778 (0x00b60fa3) sb      a1, 31(a2)
core   0: 3 0x80007778 (0x00b60fa3) mem 0x80010524 0xbd
core   0: 0x8000777c (0x00edcdb3) xor     s11, s11, a4
core   0: 3 0x8000777c (0x00edcdb3) x27 0x00000000
core   0: 0x80007780 (0x02053733) mulhu   a4, a0, zero
core   0: 3 0x80007780 (0x02053733) x14 0x00000000
core   0: 0x80007784 (0x40045db3) sra     s11, s0, zero
core   0: 3 0x80007784 (0x40045db3) x27 0x00000000
core   0: 0x80007788 (0x41b40033) sub     zero, s0, s11
core   0: 3 0x80007788 (0x41b40033)
core   0: 0x8000778c (0x02765003) lhu     zero, 39(a2)
core   0: 3 0x8000778c (0x02765003) mem 0x8001052c
core   0: 0x80007790 (0x00005733) srl     a4, zero, zero
core   0: 3 0x80007790 (0x00005733) x14 0x00000000
core   0: 0x80007794 (0x400d8033) sub     zero, s11, zero
core   0: 3 0x80007794 (0x400d8033)
core   0: 0x80007798 (0x08060583) lb      a1, 128(a2)
core   0: 3 0x80007798 (0x08060583) x11 0x00000000 mem 0x80010585
core   0: 0x8000779c (0x08e60623) sb      a4, 140(a2)
core   0: 3 0x8000779c (0x08e60623) mem 0x80010591 0x0
core   0: 0x800077a0 (0x02adc033) div     zero, s11, a0
core   0: 3 0x800077a0 (0x02adc033)
core   0: 0x800077a4 (0xfcb60523) sb      a1, -54(a2)
core   0: 3 0x800077a4 (0xfcb60523) mem 0x800104cf 0x0
core   0: 0x800077a8 (0x00e035b3) snez    a1, a4
core   0: 3 0x800077a8 (0x00e035b3) x11 0x00000000
core   0: 0x800077ac (0xd3b95437) lui     s0, 0xd3b95
core   0: 3 0x800077ac (0xd3b95437) x 8 0xd3b95000
core   0: 0x800077b0 (0x00a00733) add     a4, zero, a0
core   0: 3 0x800077b0 (0x00a00733) x14 0x00000000
core   0: 0x800077b4 (0x020dbdb3) mulhu   s11, s11, zero
core   0: 3 0x800077b4 (0x020dbdb3) x27 0x00000000
core   0: 0x800077b8 (0x04d65503) lhu     a0, 77(a2)
core   0: 3 0x800077b8 (0x04d65503) x10 0x00000000 mem 0x80010552
core   0: 0x800077bc (0x02841033) mulh    zero, s0, s0
core   0: 3 0x800077bc (0x02841033)
core   0: 0x800077c0 (0x78438d97) auipc   s11, 0x78438
core   0: 3 0x800077c0 (0x78438d97) x27 0xf843f7c0
core   0: 0x800077c4 (0x00805433) srl     s0, zero, s0
core   0: 3 0x800077c4 (0x00805433) x 8 0x00000000
core   0: 0x800077c8 (0xaf402713) slti    a4, zero, -1292
core   0: 3 0x800077c8 (0xaf402713) x14 0x00000000
core   0: 0x800077cc (0x02660d83) lb      s11, 38(a2)
core   0: 3 0x800077cc (0x02660d83) x27 0x00000000 mem 0x8001052b
core   0: 0x800077d0 (0xf5060d83) lb      s11, -176(a2)
core   0: 3 0x800077d0 (0xf5060d83) x27 0x00000000 mem 0x80010455
core   0: 0x800077d4 (0x02e035b3) mulhu   a1, zero, a4
core   0: 3 0x800077d4 (0x02e035b3) x11 0x00000000
core   0: 0x800077d8 (0xf2a64d83) lbu     s11, -214(a2)
core   0: 3 0x800077d8 (0xf2a64d83) x27 0x00000000 mem 0x8001042f
core   0: 0x800077dc (0x018000ef) jal     pc + 0x18
core   0: 3 0x800077dc (0x018000ef) x 1 0x800077e0
core   0: 0x800077f4 (0xff5ff0ef) jal     pc - 0xc
core   0: 3 0x800077f4 (0xff5ff0ef) x 1 0x800077f8
core   0: 0x800077e8 (0xff9ff36f) jal     t1, pc - 0x8
core   0: 3 0x800077e8 (0xff9ff36f) x 6 0x800077ec
core   0: 0x800077e0 (0x024000ef) jal     pc + 0x24
core   0: 3 0x800077e0 (0x024000ef) x 1 0x800077e4
core   0: 0x80007804 (0x008000ef) jal     pc + 0x8
core   0: 3 0x80007804 (0x008000ef) x 1 0x80007808
core   0: 0x8000780c (0xfedff2ef) jal     t0, pc - 0x14
core   0: 3 0x8000780c (0xfedff2ef) x 5 0x80007810
core   0: 0x800077f8 (0xfedff0ef) jal     pc - 0x14
core   0: 3 0x800077f8 (0xfedff0ef) x 1 0x800077fc
core   0: 0x800077e4 (0x024000ef) jal     pc + 0x24
core   0: 3 0x800077e4 (0x024000ef) x 1 0x800077e8
core   0: 0x80007808 (0x00800a6f) jal     s4, pc + 0x8
core   0: 3 0x80007808 (0x00800a6f) x20 0x8000780c
core   0: 0x80007810 (0x008000ef) jal     pc + 0x8
core   0: 3 0x80007810 (0x008000ef) x 1 0x80007814
core   0: 0x80007818 (0xfd5ff0ef) jal     pc - 0x2c
core   0: 3 0x80007818 (0xfd5ff0ef) x 1 0x8000781c
core   0: 0x800077ec (0x01000def) jal     s11, pc + 0x10
core   0: 3 0x800077ec (0x01000def) x27 0x800077f0
core   0: 0x800077fc (0xff5ff36f) jal     t1, pc - 0xc
core   0: 3 0x800077fc (0xff5ff36f) x 6 0x80007800
core   0: 0x800077f0 (0x02c000ef) jal     pc + 0x2c
core   0: 3 0x800077f0 (0x02c000ef) x 1 0x800077f4
core   0: 0x8000781c (0xff9ff0ef) jal     pc - 0x8
core   0: 3 0x8000781c (0xff9ff0ef) x 1 0x80007820
core   0: 0x80007814 (0xfedff3ef) jal     t2, pc - 0x14
core   0: 3 0x80007814 (0xfedff3ef) x 7 0x80007818
core   0: 0x80007800 (0x020000ef) jal     pc + 0x20
core   0: 3 0x80007800 (0x020000ef) x 1 0x80007804
core   0: 0x80007820 (0x01538bb3) add     s7, t2, s5
core   0: 3 0x80007820 (0x01538bb3) x23 0x80007818
core   0: 0x80007824 (0x00018197) auipc   gp, 0x18
core   0: 3 0x80007824 (0x00018197) x 3 0x8001f824
core   0: 0x80007828 (0x1a418193) addi    gp, gp, 420
core   0: 3 0x80007828 (0x1a418193) x 3 0x8001f9c8
core   0: 0x8000782c (0xfed1ca03) lbu     s4, -19(gp)
core   0: 3 0x8000782c (0xfed1ca03) x20 0x00000000 mem 0x8001f9b5
core   0: 0x80007830 (0xf501c583) lbu     a1, -176(gp)
core   0: 3 0x80007830 (0xf501c583) x11 0x00000000 mem 0x8001f918
core   0: 0x80007834 (0xfbc185a3) sb      t3, -85(gp)
core   0: 3 0x80007834 (0xfbc185a3) mem 0x8001f973 0x0
core   0: 0x80007838 (0xf0f18883) lb      a7, -241(gp)
core   0: 3 0x80007838 (0xf0f18883) x17 0x00000000 mem 0x8001f8d7
core   0: 0x8000783c (0xf6f1c903) lbu     s2, -145(gp)
core   0: 3 0x8000783c (0xf6f1c903) x18 0x00000000 mem 0x8001f937
core   0: 0x80007840 (0x02d18aa3) sb      a3, 53(gp)
core   0: 3 0x80007840 (0x02d18aa3) mem 0x8001f9fd 0x0
core   0: 0x80007844 (0x0077beb3) sltu    t4, a5, t2
core   0: 3 0x80007844 (0x0077beb3) x29 0x00000000
core   0: 0x80007848 (0x0a819383) lh      t2, 168(gp)
core   0: 3 0x80007848 (0x0a819383) x 7 0x00000000 mem 0x8001fa70
core   0: 0x8000784c (0x0731cb83) lbu     s7, 115(gp)
core   0: 3 0x8000784c (0x0731cb83) x23 0x00000000 mem 0x8001fa3b
core   0: 0x80007850 (0xdc1c4e37) lui     t3, 0xdc1c4
core   0: 3 0x80007850 (0xdc1c4e37) x28 0xdc1c4000
core   0: 0x80007854 (0x008dab33) slt     s6, s11, s0
core   0: 3 0x80007854 (0x008dab33) x22 0x00000001
core   0: 0x80007858 (0x0e719123) sh      t2, 226(gp)
core   0: 3 0x80007858 (0x0e719123) mem 0x8001faaa 0x0000
core   0: 0x8000785c (0x03f184a3) sb      t6, 41(gp)
core   0: 3 0x8000785c (0x03f184a3) mem 0x8001f9f1 0x24
core   0: 0x80007860 (0x000c2933) slt     s2, s8, zero
core   0: 3 0x80007860 (0x000c2933) x18 0x00000000
core   0: 0x80007864 (0xf091c403) lbu     s0, -247(gp)
core   0: 3 0x80007864 (0xf091c403) x 8 0x00000000 mem 0x8001f8d1
core   0: 0x80007868 (0x00000013) nop
core   0: 3 0x80007868 (0x00000013)
core   0: 0x8000786c (0xfe21de83) lhu     t4, -30(gp)
core   0: 3 0x8000786c (0xfe21de83) x29 0x00000000 mem 0x8001f9aa
core   0: 0x80007870 (0xf381df03) lhu     t5, -200(gp)
core   0: 3 0x80007870 (0xf381df03) x30 0x00000000 mem 0x8001f900
core   0: 0x80007874 (0x0371c383) lbu     t2, 55(gp)
core   0: 3 0x80007874 (0x0371c383) x 7 0x00000000 mem 0x8001f9ff
core   0: 0x80007878 (0x02d139b3) mulhu   s3, sp, a3
core   0: 3 0x80007878 (0x02d139b3) x19 0x00000000
core   0: 0x8000787c (0x021a4033) div     zero, s4, ra
core   0: 3 0x8000787c (0x021a4033)
core   0: 0x80007880 (0xfd11c583) lbu     a1, -47(gp)
core   0: 3 0x80007880 (0xfd11c583) x11 0x00000000 mem 0x8001f999
core   0: 0x80007884 (0x2468f093) andi    ra, a7, 582
core   0: 3 0x80007884 (0x2468f093) x 1 0x00000000
core   0: 0x80007888 (0x0b21c503) lbu     a0, 178(gp)
core   0: 3 0x80007888 (0x0b21c503) x10 0x00000000 mem 0x8001fa7a
core   0: 0x8000788c (0x0006a8b3) slt     a7, a3, zero
core   0: 3 0x8000788c (0x0006a8b3) x17 0x00000000
core   0: 0x80007890 (0x02bf7f33) remu    t5, t5, a1
core   0: 3 0x80007890 (0x02bf7f33) x30 0x00000000
core   0: 0x80007894 (0xfbc180a3) sb      t3, -95(gp)
core   0: 3 0x80007894 (0xfbc180a3) mem 0x8001f969 0x0
core   0: 0x80007898 (0x0a84f013) andi    zero, s1, 168
core   0: 3 0x80007898 (0x0a84f013)
core   0: 0x8000789c (0x03a19783) lh      a5, 58(gp)
core   0: 3 0x8000789c (0x03a19783) x15 0x00000000 mem 0x8001fa02
core   0: 0x800078a0 (0x00009217) auipc   tp, 0x9
core   0: 3 0x800078a0 (0x00009217) x 4 0x800108a0
core   0: 0x800078a4 (0x41220213) addi    tp, tp, 1042
core   0: 3 0x800078a4 (0x41220213) x 4 0x80010cb2
core   0: 0x800078a8 (0x00b21223) sh      a1, 4(tp)
core   0: 3 0x800078a8 (0x00b21223) mem 0x80010cb6 0x0000
core   0: 0x800078ac (0x96599997) auipc   s3, 0x96599
core   0: 3 0x800078ac (0x96599997) x19 0x165a08ac
core   0: 0x800078b0 (0x00621223) sh      t1, 4(tp)
core   0: 3 0x800078b0 (0x00621223) mem 0x80010cb6 0x7800
core   0: 0x800078b4 (0x02d25033) divu    zero, tp, a3
core   0: 3 0x800078b4 (0x02d25033)
core   0: 0x800078b8 (0x41998633) sub     a2, s3, s9
core   0: 3 0x800078b8 (0x41998633) x12 0x165a08ac
core   0: 0x800078bc (0x00420c83) lb      s9, 4(tp)
core   0: 3 0x800078bc (0x00420c83) x25 0x00000000 mem 0x80010cb6
core   0: 0x800078c0 (0x00425383) lhu     t2, 4(tp)
core   0: 3 0x800078c0 (0x00425383) x 7 0x00007800 mem 0x80010cb6
core   0: 0x800078c4 (0x00420a83) lb      s5, 4(tp)
core   0: 3 0x800078c4 (0x00420a83) x21 0x00000000 mem 0x80010cb6
core   0: 0x800078c8 (0x01520223) sb      s5, 4(tp)
core   0: 3 0x800078c8 (0x01520223) mem 0x80010cb6 0x0
core   0: 0x800078cc (0xfff24683) lbu     a3, -1(tp)
core   0: 3 0x800078cc (0xfff24683) x13 0x00000000 mem 0x80010cb1
core   0: 0x800078d0 (0xfff20903) lb      s2, -1(tp)
core   0: 3 0x800078d0 (0xfff20903) x18 0x00000000 mem 0x80010cb1
core   0: 0x800078d4 (0xfff24a03) lbu     s4, -1(tp)
core   0: 3 0x800078d4 (0xfff24a03) x20 0x00000000 mem 0x80010cb1
core   0: 0x800078d8 (0xfff20d83) lb      s11, -1(tp)
core   0: 3 0x800078d8 (0xfff20d83) x27 0x00000000 mem 0x80010cb1
core   0: 0x800078dc (0x004b9013) slli    zero, s7, 4
core   0: 3 0x800078dc (0x004b9013)
core   0: 0x800078e0 (0xfff24303) lbu     t1, -1(tp)
core   0: 3 0x800078e0 (0xfff24303) x 6 0x00000000 mem 0x80010cb1
core   0: 0x800078e4 (0x96da0b13) addi    s6, s4, -1683
core   0: 3 0x800078e4 (0x96da0b13) x22 0xfffff96d
core   0: 0x800078e8 (0x00f21723) sh      a5, 14(tp)
core   0: 3 0x800078e8 (0x00f21723) mem 0x80010cc0 0x0000
core   0: 0x800078ec (0x27a13e13) sltiu   t3, sp, 634
core   0: 3 0x800078ec (0x27a13e13) x28 0x00000000
core   0: 0x800078f0 (0x00e24903) lbu     s2, 14(tp)
core   0: 3 0x800078f0 (0x00e24903) x18 0x00000000 mem 0x80010cc0
core   0: 0x800078f4 (0x00700513) li      a0, 7
core   0: 3 0x800078f4 (0x00700513) x10 0x00000007
core   0: 0x800078f8 (0x00b00c93) li      s9, 11
core   0: 3 0x800078f8 (0x00b00c93) x25 0x0000000b
core   0: 0x800078fc (0x016156b3) srl     a3, sp, s6
core   0: 3 0x800078fc (0x016156b3) x13 0x00040000
core   0: 0x80007900 (0xea5ef293) andi    t0, t4, -347
core   0: 3 0x80007900 (0xea5ef293) x 5 0x00000000
core   0: 0x80007904 (0x00450513) addi    a0, a0, 4
core   0: 3 0x80007904 (0x00450513) x10 0x0000000b
core   0: 0x80007908 (0xff600e13) li      t3, -10
core   0: 3 0x80007908 (0xff600e13) x28 0xfffffff6
core   0: 0x8000790c (0x03ce3933) mulhu   s2, t3, t3
core   0: 3 0x8000790c (0x03ce3933) x18 0xffffffec
core   0: 0x80007910 (0xff900713) li      a4, -7
core   0: 3 0x80007910 (0xff900713) x14 0xfffffff9
core   0: 0x80007914 (0x03966f33) rem     t5, a2, s9
core   0: 3 0x80007914 (0x03966f33) x30 0x00000005
core   0: 0x80007918 (0x015087b3) add     a5, ra, s5
core   0: 3 0x80007918 (0x015087b3) x15 0x00000000
core   0: 0x8000791c (0x00ae0e13) addi    t3, t3, 10
core   0: 3 0x8000791c (0x00ae0e13) x28 0x00000000
core   0: 0x80007920 (0x006ef1b3) and     gp, t4, t1
core   0: 3 0x80007920 (0x006ef1b3) x 3 0x00000000
core   0: 0x80007924 (0xfeee4ae3) blt     t3, a4, pc - 12
core   0: 3 0x80007924 (0xfeee4ae3)
core   0: 0x80007928 (0xfd950ce3) beq     a0, s9, pc - 40
core   0: 3 0x80007928 (0xfd950ce3)
core   0: 0x80007900 (0xea5ef293) andi    t0, t4, -347
core   0: 3 0x80007900 (0xea5ef293) x 5 0x00000000
core   0: 0x80007904 (0x00450513) addi    a0, a0, 4
core   0: 3 0x80007904 (0x00450513) x10 0x0000000f
core   0: 0x80007908 (0xff600e13) li      t3, -10
core   0: 3 0x80007908 (0xff600e13) x28 0xfffffff6
core   0: 0x8000790c (0x03ce3933) mulhu   s2, t3, t3
core   0: 3 0x8000790c (0x03ce3933) x18 0xffffffec
core   0: 0x80007910 (0xff900713) li      a4, -7
core   0: 3 0x80007910 (0xff900713) x14 0xfffffff9
core   0: 0x80007914 (0x03966f33) rem     t5, a2, s9
core   0: 3 0x80007914 (0x03966f33) x30 0x00000005
core   0: 0x80007918 (0x015087b3) add     a5, ra, s5
core   0: 3 0x80007918 (0x015087b3) x15 0x00000000
core   0: 0x8000791c (0x00ae0e13) addi    t3, t3, 10
core   0: 3 0x8000791c (0x00ae0e13) x28 0x00000000
core   0: 0x80007920 (0x006ef1b3) and     gp, t4, t1
core   0: 3 0x80007920 (0x006ef1b3) x 3 0x00000000
core   0: 0x80007924 (0xfeee4ae3) blt     t3, a4, pc - 12
core   0: 3 0x80007924 (0xfeee4ae3)
core   0: 0x80007928 (0xfd950ce3) beq     a0, s9, pc - 40
core   0: 3 0x80007928 (0xfd950ce3)
core   0: 0x8000792c (0x7ea76197) auipc   gp, 0x7ea76
core   0: 3 0x8000792c (0x7ea76197) x 3 0xfea7d92c
core   0: 0x80007930 (0x00009797) auipc   a5, 0x9
core   0: 3 0x80007930 (0x00009797) x15 0x80010930
core   0: 0x80007934 (0x87a78793) addi    a5, a5, -1926
core   0: 3 0x80007934 (0x87a78793) x15 0x800101aa
core   0: 0x80007938 (0x095789a3) sb      s5, 147(a5)
core   0: 3 0x80007938 (0x095789a3) mem 0x8001023d 0x0
core   0: 0x8000793c (0x0937cb03) lbu     s6, 147(a5)
core   0: 3 0x8000793c (0x0937cb03) x22 0x00000000 mem 0x8001023d
core   0: 0x80007940 (0x09378383) lb      t2, 147(a5)
core   0: 3 0x80007940 (0x09378383) x 7 0x00000000 mem 0x8001023d
core   0: 0x80007944 (0x026fecb3) rem     s9, t6, t1
core   0: 3 0x80007944 (0x026fecb3) x25 0x80025e24
core   0: 0x80007948 (0x081789a3) sb      ra, 147(a5)
core   0: 3 0x80007948 (0x081789a3) mem 0x8001023d 0x0
core   0: 0x8000794c (0x094789a3) sb      s4, 147(a5)
core   0: 3 0x8000794c (0x094789a3) mem 0x8001023d 0x0
core   0: 0x80007950 (0x0ce7af23) sw      a4, 222(a5)
core   0: 3 0x80007950 (0x0ce7af23) mem 0x80010288 0xfffffff9
core   0: 0x80007954 (0x00b49d93) slli    s11, s1, 11
core   0: 3 0x80007954 (0x00b49d93) x27 0x14e72000
core   0: 0x80007958 (0x0de7ce03) lbu     t3, 222(a5)
core   0: 3 0x80007958 (0x0de7ce03) x28 0x000000f9 mem 0x80010288
core   0: 0x8000795c (0x0de7c883) lbu     a7, 222(a5)
core   0: 3 0x8000795c (0x0de7c883) x17 0x000000f9 mem 0x80010288
core   0: 0x80007960 (0x0153de33) srl     t3, t2, s5
core   0: 3 0x80007960 (0x0153de33) x28 0x00000000
core   0: 0x80007964 (0x0c379f23) sh      gp, 222(a5)
core   0: 3 0x80007964 (0x0c379f23) mem 0x80010288 0xd92c
core   0: 0x80007968 (0x0de78e03) lb      t3, 222(a5)
core   0: 3 0x80007968 (0x0de78e03) x28 0x0000002c mem 0x80010288
core   0: 0x8000796c (0x01706333) or      t1, zero, s7
core   0: 3 0x8000796c (0x01706333) x 6 0x00000000
core   0: 0x80007970 (0x0e65cd93) xori    s11, a1, 230
core   0: 3 0x80007970 (0x0e65cd93) x27 0x000000e6
core   0: 0x80007974 (0x0002db13) srli    s6, t0, 0
core   0: 3 0x80007974 (0x0002db13) x22 0x00000000
core   0: 0x80007978 (0x0de7db83) lhu     s7, 222(a5)
core   0: 3 0x80007978 (0x0de7db83) x23 0x0000d92c mem 0x80010288
core   0: 0x8000797c (0x0de7a603) lw      a2, 222(a5)
core   0: 3 0x8000797c (0x0de7a603) x12 0xffffd92c mem 0x80010288
core   0: 0x80007980 (0x0398b2b3) mulhu   t0, a7, s9
core   0: 3 0x80007980 (0x0398b2b3) x 5 0x0000007c
core   0: 0x80007984 (0xfff78f03) lb      t5, -1(a5)
core   0: 3 0x80007984 (0xfff78f03) x30 0x0000002c mem 0x800101a9
core   0: 0x80007988 (0xfff7cf03) lbu     t5, -1(a5)
core   0: 3 0x80007988 (0xfff7cf03) x30 0x0000002c mem 0x800101a9
core   0: 0x8000798c (0xffc78fa3) sb      t3, -1(a5)
core   0: 3 0x8000798c (0xffc78fa3) mem 0x800101a9 0x2c
core   0: 0x80007990 (0xfff78b83) lb      s7, -1(a5)
core   0: 3 0x80007990 (0xfff78b83) x23 0x0000002c mem 0x800101a9
core   0: 0x80007994 (0x00009d97) auipc   s11, 0x9
core   0: 3 0x80007994 (0x00009d97) x27 0x80010994
core   0: 0x80007998 (0xc8dd8d93) addi    s11, s11, -883
core   0: 3 0x80007998 (0xc8dd8d93) x27 0x80010621
core   0: 0x8000799c (0xeb1aac17) auipc   s8, 0xeb1aa
core   0: 3 0x8000799c (0xeb1aac17) x24 0x6b1b199c
core   0: 0x800079a0 (0x005115b3) sll     a1, sp, t0
core   0: 3 0x800079a0 (0x005115b3) x11 0x00000000
core   0: 0x800079a4 (0x45bdaf03) lw      t5, 1115(s11)
core   0: 3 0x800079a4 (0x45bdaf03) x30 0x00000000 mem 0x80010a7c
core   0: 0x800079a8 (0xd2bced13) ori     s10, s9, -725
core   0: 3 0x800079a8 (0xd2bced13) x26 0xffffff2f
core   0: 0x800079ac (0x45fdac83) lw      s9, 1119(s11)
core   0: 3 0x800079ac (0x45fdac83) x25 0x00000000 mem 0x80010a80
core   0: 0x800079b0 (0x5fad8503) lb      a0, 1530(s11)
core   0: 3 0x800079b0 (0x5fad8503) x10 0x00000000 mem 0x80010c1b
core   0: 0x800079b4 (0x0bfdada3) sw      t6, 187(s11)
core   0: 3 0x800079b4 (0x0bfdada3) mem 0x800106dc 0x80025e24
core   0: 0x800079b8 (0x024eeb33) rem     s6, t4, tp
core   0: 3 0x800079b8 (0x024eeb33) x22 0x00000000
core   0: 0x800079bc (0x669d9983) lh      s3, 1641(s11)
core   0: 3 0x800079bc (0x669d9983) x19 0x00000000 mem 0x80010c8a
core   0: 0x800079c0 (0xab9d9783) lh      a5, -1351(s11)
core   0: 3 0x800079c0 (0xab9d9783) x15 0x00000000 mem 0x800100da
core   0: 0x800079c4 (0x0b9d9a83) lh      s5, 185(s11)
core   0: 3 0x800079c4 (0x0b9d9a83) x21 0x00000000 mem 0x800106da
core   0: 0x800079c8 (0x30adc203) lbu     tp, 778(s11)
core   0: 3 0x800079c8 (0x30adc203) x 4 0x00000000 mem 0x8001092b
core   0: 0x800079cc (0xd44dc783) lbu     a5, -700(s11)
core   0: 3 0x800079cc (0xd44dc783) x15 0x00000000 mem 0x80010365
core   0: 0x800079d0 (0x00405e93) srli    t4, zero, 4
core   0: 3 0x800079d0 (0x00405e93) x29 0x00000000
core   0: 0x800079d4 (0xce3d8823) sb      gp, -784(s11)
core   0: 3 0x800079d4 (0xce3d8823) mem 0x80010311 0x2c
core   0: 0x800079d8 (0xc26dc283) lbu     t0, -986(s11)
core   0: 3 0x800079d8 (0xc26dc283) x 5 0x00000000 mem 0x80010247
core   0: 0x800079dc (0x002c2333) slt     t1, s8, sp
core   0: 3 0x800079dc (0x002c2333) x 6 0x00000000
core   0: 0x800079e0 (0x6f2d9ca3) sh      s2, 1785(s11)
core   0: 3 0x800079e0 (0x6f2d9ca3) mem 0x80010d1a 0xffec
core   0: 0x800079e4 (0x33edc383) lbu     t2, 830(s11)
core   0: 3 0x800079e4 (0x33edc383) x 7 0x00000000 mem 0x8001095f
core   0: 0x800079e8 (0x7f473393) sltiu   t2, a4, 2036
core   0: 3 0x800079e8 (0x7f473393) x 7 0x00000000
core   0: 0x800079ec (0x06adc783) lbu     a5, 106(s11)
core   0: 3 0x800079ec (0x06adc783) x15 0x00000000 mem 0x8001068b
core   0: 0x800079f0 (0x1b1c4093) xori    ra, s8, 433
core   0: 3 0x800079f0 (0x1b1c4093) x 1 0x6b1b182d
core   0: 0x800079f4 (0x01bd30b3) sltu    ra, s10, s11
core   0: 3 0x800079f4 (0x01bd30b3) x 1 0x00000000
core   0: 0x800079f8 (0x01fdde83) lhu     t4, 31(s11)
core   0: 3 0x800079f8 (0x01fdde83) x29 0x00000000 mem 0x80010640
core   0: 0x800079fc (0xeaed8e83) lb      t4, -338(s11)
core   0: 3 0x800079fc (0xeaed8e83) x29 0x00000000 mem 0x800104cf
core   0: 0x80007a00 (0x650d8623) sb      a6, 1612(s11)
core   0: 3 0x80007a00 (0x650d8623) mem 0x80010c6d 0x0
core   0: 0x80007a04 (0x02cd8b83) lb      s7, 44(s11)
core   0: 3 0x80007a04 (0x02cd8b83) x23 0x00000000 mem 0x8001064d
core   0: 0x80007a08 (0xe06d8ca3) sb      t1, -487(s11)
core   0: 3 0x80007a08 (0xe06d8ca3) mem 0x8001043a 0x0
core   0: 0x80007a0c (0x6bdd8523) sb      t4, 1706(s11)
core   0: 3 0x80007a0c (0x6bdd8523) mem 0x80010ccb 0x0
core   0: 0x80007a10 (0x0300be33) mulhu   t3, ra, a6
core   0: 3 0x80007a10 (0x0300be33) x28 0x00000000
core   0: 0x80007a14 (0x4dcd8e23) sb      t3, 1244(s11)
core   0: 3 0x80007a14 (0x4dcd8e23) mem 0x80010afd 0x0
core   0: 0x80007a18 (0x533d8023) sb      s3, 1312(s11)
core   0: 3 0x80007a18 (0x533d8023) mem 0x80010b41 0x0
core   0: 0x80007a1c (0xf26d98a3) sh      t1, -207(s11)
core   0: 3 0x80007a1c (0xf26d98a3) mem 0x80010552 0x0000
core   0: 0x80007a20 (0x028000ef) jal     pc + 0x28
core   0: 3 0x80007a20 (0x028000ef) x 1 0x80007a24
core   0: 0x80007a48 (0xfe5ff0ef) jal     pc - 0x1c
core   0: 3 0x80007a48 (0xfe5ff0ef) x 1 0x80007a4c
core   0: 0x80007a2c (0x018000ef) jal     pc + 0x18
core   0: 3 0x80007a2c (0x018000ef) x 1 0x80007a30
core   0: 0x80007a44 (0x008000ef) jal     pc + 0x8
core   0: 3 0x80007a44 (0x008000ef) x 1 0x80007a48
core   0: 0x80007a4c (0xfd9ff0ef) jal     pc - 0x28
core   0: 3 0x80007a4c (0xfd9ff0ef) x 1 0x80007a50
core   0: 0x80007a24 (0x004000ef) jal     pc + 0x4
core   0: 3 0x80007a24 (0x004000ef) x 1 0x80007a28
core   0: 0x80007a28 (0x008000ef) jal     pc + 0x8
core   0: 3 0x80007a28 (0x008000ef) x 1 0x80007a2c
core   0: 0x80007a30 (0x00c00f6f) jal     t5, pc + 0xc
core   0: 3 0x80007a30 (0x00c00f6f) x30 0x80007a34
core   0: 0x80007a3c (0xffdff36f) jal     t1, pc - 0x4
core   0: 3 0x80007a3c (0xffdff36f) x 6 0x80007a40
core   0: 0x80007a38 (0xffdff9ef) jal     s3, pc - 0x4
core   0: 3 0x80007a38 (0xffdff9ef) x19 0x80007a3c
core   0: 0x80007a34 (0x01c00d6f) jal     s10, pc + 0x1c
core   0: 3 0x80007a34 (0x01c00d6f) x26 0x80007a38
core   0: 0x80007a50 (0xff1ffa6f) jal     s4, pc - 0x10
core   0: 3 0x80007a50 (0xff1ffa6f) x20 0x80007a54
core   0: 0x80007a40 (0x014000ef) jal     pc + 0x14
core   0: 3 0x80007a40 (0x014000ef) x 1 0x80007a44
core   0: 0x80007a54 (0x035341b3) div     gp, t1, s5
core   0: 3 0x80007a54 (0x035341b3) x 3 0xffffffff
core   0: 0x80007a58 (0x00009317) auipc   t1, 0x9
core   0: 3 0x80007a58 (0x00009317) x 6 0x80010a58
core   0: 0x80007a5c (0x11a30313) addi    t1, t1, 282
core   0: 3 0x80007a5c (0x11a30313) x 6 0x80010b72
core   0: 0x80007a60 (0x0067d2b3) srl     t0, a5, t1
core   0: 3 0x80007a60 (0x0067d2b3) x 5 0x00000000
core   0: 0x80007a64 (0x00d31223) sh      a3, 4(t1)
core   0: 3 0x80007a64 (0x00d31223) mem 0x80010b76 0x0000
core   0: 0x80007a68 (0x375eba93) sltiu   s5, t4, 885
core   0: 3 0x80007a68 (0x375eba93) x21 0x00000001
core   0: 0x80007a6c (0x01a37f33) and     t5, t1, s10
core   0: 3 0x80007a6c (0x01a37f33) x30 0x80000a30
core   0: 0x80007a70 (0x01008e33) add     t3, ra, a6
core   0: 3 0x80007a70 (0x01008e33) x28 0x80007a44
core   0: 0x80007a74 (0x00835503) lhu     a0, 8(t1)
core   0: 3 0x80007a74 (0x00835503) x10 0x00000000 mem 0x80010b7a
core   0: 0x80007a78 (0x11c0ee93) ori     t4, ra, 284
core   0: 3 0x80007a78 (0x11c0ee93) x29 0x80007b5c
core   0: 0x80007a7c (0x00275b33) srl     s6, a4, sp
core   0: 3 0x80007a7c (0x00275b33) x22 0xfffffff9
core   0: 0x80007a80 (0x41b08433) sub     s0, ra, s11
core   0: 3 0x80007a80 (0x41b08433) x 8 0xffff7423
core   0: 0x80007a84 (0xa0556e93) ori     t4, a0, -1531
core   0: 3 0x80007a84 (0xa0556e93) x29 0xfffffa05
core   0: 0x80007a88 (0x405dd433) sra     s0, s11, t0
core   0: 3 0x80007a88 (0x405dd433) x 8 0x80010621
core   0: 0x80007a8c (0x41f4d193) srai    gp, s1, 31
core   0: 3 0x80007a8c (0x41f4d193) x 3 0xffffffff
core   0: 0x80007a90 (0x00bbf833) and     a6, s7, a1
core   0: 3 0x80007a90 (0x00bbf833) x16 0x00000000
core   0: 0x80007a94 (0x932301b7) lui     gp, 0x93230
core   0: 3 0x80007a94 (0x932301b7) x 3 0x93230000
core   0: 0x80007a98 (0x003305a3) sb      gp, 11(t1)
core   0: 3 0x80007a98 (0x003305a3) mem 0x80010b7d 0x0
core   0: 0x80007a9c (0x00631023) sh      t1, 0(t1)
core   0: 3 0x80007a9c (0x00631023) mem 0x80010b72 0x0b72
core   0: 0x80007aa0 (0x00834e03) lbu     t3, 8(t1)
core   0: 3 0x80007aa0 (0x00834e03) x28 0x00000000 mem 0x80010b7a
core   0: 0x80007aa4 (0xff530aa3) sb      s5, -11(t1)
core   0: 3 0x80007aa4 (0xff530aa3) mem 0x80010b67 0x1
core   0: 0x80007aa8 (0xff734203) lbu     tp, -9(t1)
core   0: 3 0x80007aa8 (0xff734203) x 4 0x00000000 mem 0x80010b69
core   0: 0x80007aac (0x0c5af013) andi    zero, s5, 197
core   0: 3 0x80007aac (0x0c5af013)
core   0: 0x80007ab0 (0x00b61613) slli    a2, a2, 11
core   0: 3 0x80007ab0 (0x00b61613) x12 0xfec96000
core   0: 0x80007ab4 (0xa2b71917) auipc   s2, 0xa2b71
core   0: 3 0x80007ab4 (0xa2b71917) x18 0x22b78ab4
core   0: 0x80007ab8 (0xa3304f13) xori    t5, zero, -1485
core   0: 3 0x80007ab8 (0xa3304f13) x30 0xfffffa33
core   0: 0x80007abc (0x031cc8b3) div     a7, s9, a7
core   0: 3 0x80007abc (0x031cc8b3) x17 0x00000000
core   0: 0x80007ac0 (0x00334e03) lbu     t3, 3(t1)
core   0: 3 0x80007ac0 (0x00334e03) x28 0x00000000 mem 0x80010b75
core   0: 0x80007ac4 (0x00230523) sb      sp, 10(t1)
core   0: 3 0x80007ac4 (0x00230523) mem 0x80010b7c 0x0
core   0: 0x80007ac8 (0x02970c33) mul     s8, a4, s1
core   0: 3 0x80007ac8 (0x02970c33) x24 0x7fedb5c4
core   0: 0x80007acc (0x01097933) and     s2, s2, a6
core   0: 3 0x80007acc (0x01097933) x18 0x00000000
core   0: 0x80007ad0 (0x0d5af817) auipc   a6, 0xd5af
core   0: 3 0x80007ad0 (0x0d5af817) x16 0x8d5b6ad0
core   0: 0x80007ad4 (0x03aa46b3) div     a3, s4, s10
core   0: 3 0x80007ad4 (0x03aa46b3) x13 0x00000000
core   0: 0x80007ad8 (0xffe30683) lb      a3, -2(t1)
core   0: 3 0x80007ad8 (0xffe30683) x13 0x00000000 mem 0x80010b70
core   0: 0x80007adc (0x6e320713) addi    a4, tp, 1763
core   0: 3 0x80007adc (0x6e320713) x14 0x000006e3
core   0: 0x80007ae0 (0x037fcab3) div     s5, t6, s7
core   0: 3 0x80007ae0 (0x037fcab3) x21 0xffffffff
core   0: 0x80007ae4 (0x19403413) sltiu   s0, zero, 404
core   0: 3 0x80007ae4 (0x19403413) x 8 0x00000001
core   0: 0x80007ae8 (0x6936bf17) auipc   t5, 0x6936b
core   0: 3 0x80007ae8 (0x6936bf17) x30 0xe9372ae8
core   0: 0x80007aec (0x00865e93) srli    t4, a2, 8
core   0: 3 0x80007aec (0x00865e93) x29 0x00fec960
core   0: 0x80007af0 (0x00234c03) lbu     s8, 2(t1)
core   0: 3 0x80007af0 (0x00234c03) x24 0x00000000 mem 0x80010b74
core   0: 0x80007af4 (0xff530e83) lb      t4, -11(t1)
core   0: 3 0x80007af4 (0xff530e83) x29 0x00000001 mem 0x80010b67
core   0: 0x80007af8 (0x013d2733) slt     a4, s10, s3
core   0: 3 0x80007af8 (0x013d2733) x14 0x00000001
core   0: 0x80007afc (0x00e657b3) srl     a5, a2, a4
core   0: 3 0x80007afc (0x00e657b3) x15 0x7f64b000
core   0: 0x80007b00 (0x018302a3) sb      s8, 5(t1)
core   0: 3 0x80007b00 (0x018302a3) mem 0x80010b77 0x0
core   0: 0x80007b04 (0x47bdb713) sltiu   a4, s11, 1147
core   0: 3 0x80007b04 (0x47bdb713) x14 0x00000000
core   0: 0x80007b08 (0x00430723) sb      tp, 14(t1)
core   0: 3 0x80007b08 (0x00430723) mem 0x80010b80 0x0
core   0: 0x80007b0c (0x00a30383) lb      t2, 10(t1)
core   0: 3 0x80007b0c (0x00a30383) x 7 0x00000000 mem 0x80010b7c
core   0: 0x80007b10 (0x00600513) li      a0, 6
core   0: 3 0x80007b10 (0x00600513) x10 0x00000006
core   0: 0x80007b14 (0x00300a93) li      s5, 3
core   0: 3 0x80007b14 (0x00300a93) x21 0x00000003
core   0: 0x80007b18 (0x03800bb3) mul     s7, zero, s8
core   0: 3 0x80007b18 (0x03800bb3) x23 0x00000000
core   0: 0x80007b1c (0xffe50513) addi    a0, a0, -2
core   0: 3 0x80007b1c (0xffe50513) x10 0x00000004
core   0: 0x80007b20 (0xff557ce3) bgeu    a0, s5, pc - 8
core   0: 3 0x80007b20 (0xff557ce3)
core   0: 0x80007b18 (0x03800bb3) mul     s7, zero, s8
core   0: 3 0x80007b18 (0x03800bb3) x23 0x00000000
core   0: 0x80007b1c (0xffe50513) addi    a0, a0, -2
core   0: 3 0x80007b1c (0xffe50513) x10 0x00000002
core   0: 0x80007b20 (0xff557ce3) bgeu    a0, s5, pc - 8
core   0: 3 0x80007b20 (0xff557ce3)
core   0: 0x80007b24 (0x02d9dd33) divu    s10, s3, a3
core   0: 3 0x80007b24 (0x02d9dd33) x26 0xffffffff
core   0: 0x80007b28 (0x00009517) auipc   a0, 0x9
core   0: 3 0x80007b28 (0x00009517) x10 0x80010b28
core   0: 0x80007b2c (0xa1f50513) addi    a0, a0, -1505
core   0: 3 0x80007b2c (0xa1f50513) x10 0x80010547
core   0: 0x80007b30 (0x00952703) lw      a4, 9(a0)
core   0: 3 0x80007b30 (0x00952703) x14 0x00000000 mem 0x80010550
core   0: 0x80007b34 (0x00152d03) lw      s10, 1(a0)
core   0: 3 0x80007b34 (0x00152d03) x26 0x00000000 mem 0x80010548
core   0: 0x80007b38 (0xff450083) lb      ra, -12(a0)
core   0: 3 0x80007b38 (0xff450083) x 1 0x00000000 mem 0x8001053b
core   0: 0x80007b3c (0x00155683) lhu     a3, 1(a0)
core   0: 3 0x80007b3c (0x00155683) x13 0x00000000 mem 0x80010548
core   0: 0x80007b40 (0x6194f293) andi    t0, s1, 1561
core   0: 3 0x80007b40 (0x6194f293) x 5 0x00000400
core   0: 0x80007b44 (0x00050303) lb      t1, 0(a0)
core   0: 3 0x80007b44 (0x00050303) x 6 0x00000000 mem 0x80010547
core   0: 0x80007b48 (0x01c50023) sb      t3, 0(a0)
core   0: 3 0x80007b48 (0x01c50023) mem 0x80010547 0x0
core   0: 0x80007b4c (0x0092d013) srli    zero, t0, 9
core   0: 3 0x80007b4c (0x0092d013)
core   0: 0x80007b50 (0x01150023) sb      a7, 0(a0)
core   0: 3 0x80007b50 (0x01150023) mem 0x80010547 0x0
core   0: 0x80007b54 (0x00054f03) lbu     t5, 0(a0)
core   0: 3 0x80007b54 (0x00054f03) x30 0x00000000 mem 0x80010547
core   0: 0x80007b58 (0x00751683) lh      a3, 7(a0)
core   0: 3 0x80007b58 (0x00751683) x13 0x00000000 mem 0x8001054e
core   0: 0x80007b5c (0x018503a3) sb      s8, 7(a0)
core   0: 3 0x80007b5c (0x018503a3) mem 0x8001054e 0x0
core   0: 0x80007b60 (0x027ffcb3) remu    s9, t6, t2
core   0: 3 0x80007b60 (0x027ffcb3) x25 0x80025e24
core   0: 0x80007b64 (0x00ba08b3) add     a7, s4, a1
core   0: 3 0x80007b64 (0x00ba08b3) x17 0x80007a54
core   0: 0x80007b68 (0x01750023) sb      s7, 0(a0)
core   0: 3 0x80007b68 (0x01750023) mem 0x80010547 0x0
core   0: 0x80007b6c (0x00650183) lb      gp, 6(a0)
core   0: 3 0x80007b6c (0x00650183) x 3 0x00000000 mem 0x8001054d
core   0: 0x80007b70 (0x01ae5033) srl     zero, t3, s10
core   0: 3 0x80007b70 (0x01ae5033)
core   0: 0x80007b74 (0x00154c03) lbu     s8, 1(a0)
core   0: 3 0x80007b74 (0x00154c03) x24 0x00000000 mem 0x80010548
core   0: 0x80007b78 (0x00154903) lbu     s2, 1(a0)
core   0: 3 0x80007b78 (0x00154903) x18 0x00000000 mem 0x80010548
core   0: 0x80007b7c (0x0000a197) auipc   gp, 0xa
core   0: 3 0x80007b7c (0x0000a197) x 3 0x80011b7c
core   0: 0x80007b80 (0xdd518193) addi    gp, gp, -555
core   0: 3 0x80007b80 (0xdd518193) x 3 0x80011951
core   0: 0x80007b84 (0x01d189a3) sb      t4, 19(gp)
core   0: 3 0x80007b84 (0x01d189a3) mem 0x80011964 0x1
core   0: 0x80007b88 (0x002d5313) srli    t1, s10, 2
core   0: 3 0x80007b88 (0x002d5313) x 6 0x00000000
core   0: 0x80007b8c (0xfcc1c003) lbu     zero, -52(gp)
core   0: 3 0x80007b8c (0xfcc1c003) mem 0x8001191d
core   0: 0x80007b90 (0x00718883) lb      a7, 7(gp)
core   0: 3 0x80007b90 (0x00718883) x17 0x00000000 mem 0x80011958
core   0: 0x80007b94 (0x007193a3) sh      t2, 7(gp)
core   0: 3 0x80007b94 (0x007193a3) mem 0x80011958 0x0000
core   0: 0x80007b98 (0xfc61afa3) sw      t1, -33(gp)
core   0: 3 0x80007b98 (0xfc61afa3) mem 0x80011930 0x00000000
core   0: 0x80007b9c (0x03818c83) lb      s9, 56(gp)
core   0: 3 0x80007b9c (0x03818c83) x25 0x00000000 mem 0x80011989
core   0: 0x80007ba0 (0x03818f03) lb      t5, 56(gp)
core   0: 3 0x80007ba0 (0x03818f03) x30 0x00000000 mem 0x80011989
core   0: 0x80007ba4 (0x0381c683) lbu     a3, 56(gp)
core   0: 3 0x80007ba4 (0x0381c683) x13 0x00000000 mem 0x80011989
core   0: 0x80007ba8 (0x03a1c903) lbu     s2, 58(gp)
core   0: 3 0x80007ba8 (0x03a1c903) x18 0x00000000 mem 0x8001198b
core   0: 0x80007bac (0x008a59b3) srl     s3, s4, s0
core   0: 3 0x80007bac (0x008a59b3) x19 0x40003d2a
core   0: 0x80007bb0 (0x03a18383) lb      t2, 58(gp)
core   0: 3 0x80007bb0 (0x03a18383) x 7 0x00000000 mem 0x8001198b
core   0: 0x80007bb4 (0x03a1c603) lbu     a2, 58(gp)
core   0: 3 0x80007bb4 (0x03a1c603) x12 0x00000000 mem 0x8001198b
core   0: 0x80007bb8 (0x03618203) lb      tp, 54(gp)
core   0: 3 0x80007bb8 (0x03618203) x 4 0x00000047 mem 0x80011987
core   0: 0x80007bbc (0x02a18b23) sb      a0, 54(gp)
core   0: 3 0x80007bbc (0x02a18b23) mem 0x80011987 0x47
core   0: 0x80007bc0 (0x02a01333) mulh    t1, zero, a0
core   0: 3 0x80007bc0 (0x02a01333) x 6 0x00000000
core   0: 0x80007bc4 (0x03c5c233) div     tp, a1, t3
core   0: 3 0x80007bc4 (0x03c5c233) x 4 0xffffffff
core   0: 0x80007bc8 (0x0361cd83) lbu     s11, 54(gp)
core   0: 3 0x80007bc8 (0x0361cd83) x27 0x00000047 mem 0x80011987
core   0: 0x80007bcc (0xff218803) lb      a6, -14(gp)
core   0: 3 0x80007bcc (0xff218803) x16 0x00000000 mem 0x80011943
core   0: 0x80007bd0 (0xff21c383) lbu     t2, -14(gp)
core   0: 3 0x80007bd0 (0xff21c383) x 7 0x00000000 mem 0x80011943
core   0: 0x80007bd4 (0x0345aa33) mulhsu  s4, a1, s4
core   0: 3 0x80007bd4 (0x0345aa33) x20 0x00000000
core   0: 0x80007bd8 (0xff21c683) lbu     a3, -14(gp)
core   0: 3 0x80007bd8 (0xff21c683) x13 0x00000000 mem 0x80011943
core   0: 0x80007bdc (0xff21ce03) lbu     t3, -14(gp)
core   0: 3 0x80007bdc (0xff21ce03) x28 0x00000000 mem 0x80011943
core   0: 0x80007be0 (0x01018983) lb      s3, 16(gp)
core   0: 3 0x80007be0 (0x01018983) x19 0x00000000 mem 0x80011961
core   0: 0x80007be4 (0x00009e97) auipc   t4, 0x9
core   0: 3 0x80007be4 (0x00009e97) x29 0x80010be4
core   0: 0x80007be8 (0xe3ae8e93) addi    t4, t4, -454
core   0: 3 0x80007be8 (0xe3ae8e93) x29 0x80010a1e
core   0: 0x80007bec (0xd4fe84a3) sb      a5, -695(t4)
core   0: 3 0x80007bec (0xd4fe84a3) mem 0x80010767 0x0
core   0: 0x80007bf0 (0x462e9823) sh      sp, 1136(t4)
core   0: 3 0x80007bf0 (0x462e9823) mem 0x80010e8e 0x0000
core   0: 0x80007bf4 (0xb3ad8397) auipc   t2, 0xb3ad8
core   0: 3 0x80007bf4 (0xb3ad8397) x 7 0x33adfbf4
core   0: 0x80007bf8 (0x98fe8203) lb      tp, -1649(t4)
core   0: 3 0x80007bf8 (0x98fe8203) x 4 0x00000000 mem 0x800103ad
core   0: 0x80007bfc (0x4f0ea123) sw      a6, 1250(t4)
core   0: 3 0x80007bfc (0x4f0ea123) mem 0x80010f00 0x00000000
core   0: 0x80007c00 (0x087c2413) slti    s0, s8, 135
core   0: 3 0x80007c00 (0x087c2413) x 8 0x00000001
core   0: 0x80007c04 (0x430e9583) lh      a1, 1072(t4)
core   0: 3 0x80007c04 (0x430e9583) x11 0x00000000 mem 0x80010e4e
core   0: 0x80007c08 (0x02a4e2b3) rem     t0, s1, a0
core   0: 3 0x80007c08 (0x02a4e2b3) x 5 0x80029ce4
core   0: 0x80007c0c (0xfdee9c03) lh      s8, -34(t4)
core   0: 3 0x80007c0c (0xfdee9c03) x24 0x00000000 mem 0x800109fc
core   0: 0x80007c10 (0x360e8083) lb      ra, 864(t4)
core   0: 3 0x80007c10 (0x360e8083) x 1 0x00000000 mem 0x80010d7e
core   0: 0x80007c14 (0x0398f633) remu    a2, a7, s9
core   0: 3 0x80007c14 (0x0398f633) x12 0x00000000
core   0: 0x80007c18 (0x1dce8203) lb      tp, 476(t4)
core   0: 3 0x80007c18 (0x1dce8203) x 4 0x00000000 mem 0x80010bfa
core   0: 0x80007c1c (0x39fe8ca3) sb      t6, 921(t4)
core   0: 3 0x80007c1c (0x39fe8ca3) mem 0x80010db7 0x24
core   0: 0x80007c20 (0x457c32b7) lui     t0, 0x457c3
core   0: 3 0x80007c20 (0x457c32b7) x 5 0x457c3000
core   0: 0x80007c24 (0x019c1a13) slli    s4, s8, 25
core   0: 3 0x80007c24 (0x019c1a13) x20 0x00000000
core   0: 0x80007c28 (0x022727b3) mulhsu  a5, a4, sp
core   0: 3 0x80007c28 (0x022727b3) x15 0x00000000
core   0: 0x80007c2c (0x8f4e9123) sh      s4, -1822(t4)
core   0: 3 0x80007c2c (0x8f4e9123) mem 0x80010300 0x0000
core   0: 0x80007c30 (0x56d13513) sltiu   a0, sp, 1389
core   0: 3 0x80007c30 (0x56d13513) x10 0x00000000
core   0: 0x80007c34 (0x41885b13) srai    s6, a6, 24
core   0: 3 0x80007c34 (0x41885b13) x22 0x00000000
core   0: 0x80007c38 (0xc31dba93) sltiu   s5, s11, -975
core   0: 3 0x80007c38 (0xc31dba93) x21 0x00000001
core   0: 0x80007c3c (0x458ed083) lhu     ra, 1112(t4)
core   0: 3 0x80007c3c (0x458ed083) x 1 0x00000000 mem 0x80010e76
core   0: 0x80007c40 (0x901af093) andi    ra, s5, -1791
core   0: 3 0x80007c40 (0x901af093) x 1 0x00000001
core   0: 0x80007c44 (0x2c6e9c23) sh      t1, 728(t4)
core   0: 3 0x80007c44 (0x2c6e9c23) mem 0x80010cf6 0x0000
core   0: 0x80007c48 (0x534e84a3) sb      s4, 1321(t4)
core   0: 3 0x80007c48 (0x534e84a3) mem 0x80010f47 0x0
core   0: 0x80007c4c (0x034ca5b3) mulhsu  a1, s9, s4
core   0: 3 0x80007c4c (0x034ca5b3) x11 0x00000000
core   0: 0x80007c50 (0x819ec903) lbu     s2, -2023(t4)
core   0: 3 0x80007c50 (0x819ec903) x18 0x00000000 mem 0x80010237
core   0: 0x80007c54 (0xf3d27013) andi    zero, tp, -195
core   0: 3 0x80007c54 (0xf3d27013)
core   0: 0x80007c58 (0xb82edc83) lhu     s9, -1150(t4)
core   0: 3 0x80007c58 (0xb82edc83) x25 0x00000000 mem 0x800105a0
core   0: 0x80007c5c (0x5d4e9183) lh      gp, 1492(t4)
core   0: 3 0x80007c5c (0x5d4e9183) x 3 0x00000000 mem 0x80010ff2
core   0: 0x80007c60 (0x00a00293) li      t0, 10
core   0: 3 0x80007c60 (0x00a00293) x 5 0x0000000a
core   0: 0x80007c64 (0x01410db3) add     s11, sp, s4
core   0: 3 0x80007c64 (0x01410db3) x27 0x80000000
core   0: 0x80007c68 (0x00a00413) li      s0, 10
core   0: 3 0x80007c68 (0x00a00413) x 8 0x0000000a
core   0: 0x80007c6c (0x0335bc33) mulhu   s8, a1, s3
core   0: 3 0x80007c6c (0x0335bc33) x24 0x00000000
core   0: 0x80007c70 (0x01277b33) and     s6, a4, s2
core   0: 3 0x80007c70 (0x01277b33) x22 0x00000000
core   0: 0x80007c74 (0x90287613) andi    a2, a6, -1790
core   0: 3 0x80007c74 (0x90287613) x12 0x00000000
core   0: 0x80007c78 (0x01a4b933) sltu    s2, s1, s10
core   0: 3 0x80007c78 (0x01a4b933) x18 0x00000000
core   0: 0x80007c7c (0x021a4e33) div     t3, s4, ra
core   0: 3 0x80007c7c (0x021a4e33) x28 0x00000000
core   0: 0x80007c80 (0x008bfd33) and     s10, s7, s0
core   0: 3 0x80007c80 (0x008bfd33) x26 0x00000000
core   0: 0x80007c84 (0xff728293) addi    t0, t0, -9
core   0: 3 0x80007c84 (0xff728293) x 5 0x00000001
core   0: 0x80007c88 (0x01a59193) slli    gp, a1, 26
core   0: 3 0x80007c88 (0x01a59193) x 3 0x00000000
core   0: 0x80007c8c (0xff800693) li      a3, -8
core   0: 3 0x80007c8c (0xff800693) x13 0xfffffff8
core   0: 0x80007c90 (0x033180b3) mul     ra, gp, s3
core   0: 3 0x80007c90 (0x033180b3) x 1 0x00000000
core   0: 0x80007c94 (0x00400593) li      a1, 4
core   0: 3 0x80007c94 (0x00400593) x11 0x00000004
core   0: 0x80007c98 (0x02a00e33) mul     t3, zero, a0
core   0: 3 0x80007c98 (0x02a00e33) x28 0x00000000
core   0: 0x80007c9c (0xc609c613) xori    a2, s3, -928
core   0: 3 0x80007c9c (0xc609c613) x12 0xfffffc60
core   0: 0x80007ca0 (0x00468693) addi    a3, a3, 4
core   0: 3 0x80007ca0 (0x00468693) x13 0xfffffffc
core   0: 0x80007ca4 (0x02a86b33) rem     s6, a6, a0
core   0: 3 0x80007ca4 (0x02a86b33) x22 0x00000000
core   0: 0x80007ca8 (0xfeb698e3) bne     a3, a1, pc - 16
core   0: 3 0x80007ca8 (0xfeb698e3)
core   0: 0x80007c98 (0x02a00e33) mul     t3, zero, a0
core   0: 3 0x80007c98 (0x02a00e33) x28 0x00000000
core   0: 0x80007c9c (0xc609c613) xori    a2, s3, -928
core   0: 3 0x80007c9c (0xc609c613) x12 0xfffffc60
core   0: 0x80007ca0 (0x00468693) addi    a3, a3, 4
core   0: 3 0x80007ca0 (0x00468693) x13 0x00000000
core   0: 0x80007ca4 (0x02a86b33) rem     s6, a6, a0
core   0: 3 0x80007ca4 (0x02a86b33) x22 0x00000000
core   0: 0x80007ca8 (0xfeb698e3) bne     a3, a1, pc - 16
core   0: 3 0x80007ca8 (0xfeb698e3)
core   0: 0x80007c98 (0x02a00e33) mul     t3, zero, a0
core   0: 3 0x80007c98 (0x02a00e33) x28 0x00000000
core   0: 0x80007c9c (0xc609c613) xori    a2, s3, -928
core   0: 3 0x80007c9c (0xc609c613) x12 0xfffffc60
core   0: 0x80007ca0 (0x00468693) addi    a3, a3, 4
core   0: 3 0x80007ca0 (0x00468693) x13 0x00000004
core   0: 0x80007ca4 (0x02a86b33) rem     s6, a6, a0
core   0: 3 0x80007ca4 (0x02a86b33) x22 0x00000000
core   0: 0x80007ca8 (0xfeb698e3) bne     a3, a1, pc - 16
core   0: 3 0x80007ca8 (0xfeb698e3)
core   0: 0x80007cac (0x02d95633) divu    a2, s2, a3
core   0: 3 0x80007cac (0x02d95633) x12 0x00000000
core   0: 0x80007cb0 (0xfc82f2e3) bgeu    t0, s0, pc - 60
core   0: 3 0x80007cb0 (0xfc82f2e3)
core   0: 0x80007cb4 (0x01a2d613) srli    a2, t0, 26
core   0: 3 0x80007cb4 (0x01a2d613) x12 0x00000000
core   0: 0x80007cb8 (0x024000ef) jal     pc + 0x24
core   0: 3 0x80007cb8 (0x024000ef) x 1 0x80007cbc
core   0: 0x80007cdc (0x018001ef) jal     gp, pc + 0x18
core   0: 3 0x80007cdc (0x018001ef) x 3 0x80007ce0
core   0: 0x80007cf4 (0xfedff0ef) jal     pc - 0x14
core   0: 3 0x80007cf4 (0xfedff0ef) x 1 0x80007cf8
core   0: 0x80007ce0 (0x044000ef) jal     pc + 0x44
core   0: 3 0x80007ce0 (0x044000ef) x 1 0x80007ce4
core   0: 0x80007d24 (0xfe1ff0ef) jal     pc - 0x20
core   0: 3 0x80007d24 (0xfe1ff0ef) x 1 0x80007d28
core   0: 0x80007d04 (0xfd1ffeef) jal     t4, pc - 0x30
core   0: 3 0x80007d04 (0xfd1ffeef) x29 0x80007d08
core   0: 0x80007cd4 (0x03c0036f) jal     t1, pc + 0x3c
core   0: 3 0x80007cd4 (0x03c0036f) x 6 0x80007cd8
core   0: 0x80007d10 (0xfe1ff0ef) jal     pc - 0x20
core   0: 3 0x80007d10 (0xfe1ff0ef) x 1 0x80007d14
core   0: 0x80007cf0 (0x0300036f) jal     t1, pc + 0x30
core   0: 3 0x80007cf0 (0x0300036f) x 6 0x80007cf4
core   0: 0x80007d20 (0xfd9ff0ef) jal     pc - 0x28
core   0: 3 0x80007d20 (0xfd9ff0ef) x 1 0x80007d24
core   0: 0x80007cf8 (0x024000ef) jal     pc + 0x24
core   0: 3 0x80007cf8 (0x024000ef) x 1 0x80007cfc
core   0: 0x80007d1c (0xff1ff76f) jal     a4, pc - 0x10
core   0: 3 0x80007d1c (0xff1ff76f) x14 0x80007d20
core   0: 0x80007d0c (0x00c000ef) jal     pc + 0xc
core   0: 3 0x80007d0c (0x00c000ef) x 1 0x80007d10
core   0: 0x80007d18 (0xfd1ff0ef) jal     pc - 0x30
core   0: 3 0x80007d18 (0xfd1ff0ef) x 1 0x80007d1c
core   0: 0x80007ce8 (0x014003ef) jal     t2, pc + 0x14
core   0: 3 0x80007ce8 (0x014003ef) x 7 0x80007cec
core   0: 0x80007cfc (0x004000ef) jal     pc + 0x4
core   0: 3 0x80007cfc (0x004000ef) x 1 0x80007d00
core   0: 0x80007d00 (0x008009ef) jal     s3, pc + 0x8
core   0: 3 0x80007d00 (0x008009ef) x19 0x80007d04
core   0: 0x80007d08 (0xfc1ff6ef) jal     a3, pc - 0x40
core   0: 3 0x80007d08 (0xfc1ff6ef) x13 0x80007d0c
core   0: 0x80007cc8 (0x010002ef) jal     t0, pc + 0x10
core   0: 3 0x80007cc8 (0x010002ef) x 5 0x80007ccc
core   0: 0x80007cd8 (0xfedff0ef) jal     pc - 0x14
core   0: 3 0x80007cd8 (0xfedff0ef) x 1 0x80007cdc
core   0: 0x80007cc4 (0x02800b6f) jal     s6, pc + 0x28
core   0: 3 0x80007cc4 (0x02800b6f) x22 0x80007cc8
core   0: 0x80007cec (0xfe5ff0ef) jal     pc - 0x1c
core   0: 3 0x80007cec (0xfe5ff0ef) x 1 0x80007cf0
core   0: 0x80007cd0 (0x044000ef) jal     pc + 0x44
core   0: 3 0x80007cd0 (0x044000ef) x 1 0x80007cd4
core   0: 0x80007d14 (0xfadff3ef) jal     t2, pc - 0x54
core   0: 3 0x80007d14 (0xfadff3ef) x 7 0x80007d18
core   0: 0x80007cc0 (0x0240036f) jal     t1, pc + 0x24
core   0: 3 0x80007cc0 (0x0240036f) x 6 0x80007cc4
core   0: 0x80007ce4 (0xfd9ff36f) jal     t1, pc - 0x28
core   0: 3 0x80007ce4 (0xfd9ff36f) x 6 0x80007ce8
core   0: 0x80007cbc (0x06c000ef) jal     pc + 0x6c
core   0: 3 0x80007cbc (0x06c000ef) x 1 0x80007cc0
core   0: 0x80007d28 (0xfa5ff36f) jal     t1, pc - 0x5c
core   0: 3 0x80007d28 (0xfa5ff36f) x 6 0x80007d2c
core   0: 0x80007ccc (0x0600036f) jal     t1, pc + 0x60
core   0: 3 0x80007ccc (0x0600036f) x 6 0x80007cd0
core   0: 0x80007d2c (0x02421c33) mulh    s8, tp, tp
core   0: 3 0x80007d2c (0x02421c33) x24 0x00000000
core   0: 0x80007d30 (0x00008397) auipc   t2, 0x8
core   0: 3 0x80007d30 (0x00008397) x 7 0x8000fd30
core   0: 0x80007d34 (0x6de38393) addi    t2, t2, 1758
core   0: 3 0x80007d34 (0x6de38393) x 7 0x8001040e
core   0: 0x80007d38 (0x672e5697) auipc   a3, 0x672e5
core   0: 3 0x80007d38 (0x672e5697) x13 0xe72ecd38
core   0: 0x80007d3c (0x00e38503) lb      a0, 14(t2)
core   0: 3 0x80007d3c (0x00e38503) x10 0x00000000 mem 0x8001041c
core   0: 0x80007d40 (0x0139b6b3) sltu    a3, s3, s3
core   0: 3 0x80007d40 (0x0139b6b3) x13 0x00000000
core   0: 0x80007d44 (0x00b5e6b3) or      a3, a1, a1
core   0: 3 0x80007d44 (0x00b5e6b3) x13 0x00000004
core   0: 0x80007d48 (0x00d1b6b3) sltu    a3, gp, a3
core   0: 3 0x80007d48 (0x00d1b6b3) x13 0x00000000
core   0: 0x80007d4c (0x0023a583) lw      a1, 2(t2)
core   0: 3 0x80007d4c (0x0023a583) x11 0x00000000 mem 0x80010410
core   0: 0x80007d50 (0x985c8997) auipc   s3, 0x985c8
core   0: 3 0x80007d50 (0x985c8997) x19 0x185cfd50
core   0: 0x80007d54 (0xff838ea3) sb      s8, -3(t2)
core   0: 3 0x80007d54 (0xff838ea3) mem 0x8001040b 0x0
core   0: 0x80007d58 (0x00b3c683) lbu     a3, 11(t2)
core   0: 3 0x80007d58 (0x00b3c683) x13 0x00000000 mem 0x80010419
core   0: 0x80007d5c (0x013596b3) sll     a3, a1, s3
core   0: 3 0x80007d5c (0x013596b3) x13 0x00000000
core   0: 0x80007d60 (0x6ef9cc13) xori    s8, s3, 1775
core   0: 3 0x80007d60 (0x6ef9cc13) x24 0x185cfbbf
core   0: 0x80007d64 (0x0023d683) lhu     a3, 2(t2)
core   0: 3 0x80007d64 (0x0023d683) x13 0x00000000 mem 0x80010410
core   0: 0x80007d68 (0x00b386a3) sb      a1, 13(t2)
core   0: 3 0x80007d68 (0x00b386a3) mem 0x8001041b 0x0
core   0: 0x80007d6c (0x0335b533) mulhu   a0, a1, s3
core   0: 3 0x80007d6c (0x0335b533) x10 0x00000000
core   0: 0x80007d70 (0x003519b3) sll     s3, a0, gp
core   0: 3 0x80007d70 (0x003519b3) x19 0x00000000
core   0: 0x80007d74 (0xff838c23) sb      s8, -8(t2)
core   0: 3 0x80007d74 (0xff838c23) mem 0x80010406 0xbf
core   0: 0x80007d78 (0x01898533) add     a0, s3, s8
core   0: 3 0x80007d78 (0x01898533) x10 0x185cfbbf
core   0: 0x80007d7c (0x013386a3) sb      s3, 13(t2)
core   0: 3 0x80007d7c (0x013386a3) mem 0x8001041b 0x0
core   0: 0x80007d80 (0x0103c183) lbu     gp, 16(t2)
core   0: 3 0x80007d80 (0x0103c183) x 3 0x00000000 mem 0x8001041e
core   0: 0x80007d84 (0xfea38e23) sb      a0, -4(t2)
core   0: 3 0x80007d84 (0xfea38e23) mem 0x8001040a 0xbf
core   0: 0x80007d88 (0x0003d683) lhu     a3, 0(t2)
core   0: 3 0x80007d88 (0x0003d683) x13 0x00000000 mem 0x8001040e
core   0: 0x80007d8c (0xc556a193) slti    gp, a3, -939
core   0: 3 0x80007d8c (0xc556a193) x 3 0x00000000
core   0: 0x80007d90 (0xffe3a583) lw      a1, -2(t2)
core   0: 3 0x80007d90 (0xffe3a583) x11 0x00000000 mem 0x8001040c
core   0: 0x80007d94 (0x3b39a993) slti    s3, s3, 947
core   0: 3 0x80007d94 (0x3b39a993) x19 0x00000001
core   0: 0x80007d98 (0x02a596b3) mulh    a3, a1, a0
core   0: 3 0x80007d98 (0x02a596b3) x13 0x00000000
core   0: 0x80007d9c (0x0053c983) lbu     s3, 5(t2)
core   0: 3 0x80007d9c (0x0053c983) x19 0x00000000 mem 0x80010413
core   0: 0x80007da0 (0x00638183) lb      gp, 6(t2)
core   0: 3 0x80007da0 (0x00638183) x 3 0x00000000 mem 0x80010414
core   0: 0x80007da4 (0xff438983) lb      s3, -12(t2)
core   0: 3 0x80007da4 (0xff438983) x19 0x00000000 mem 0x80010402
core   0: 0x80007da8 (0x00938c03) lb      s8, 9(t2)
core   0: 3 0x80007da8 (0x00938c03) x24 0x00000000 mem 0x80010417
core   0: 0x80007dac (0x0053c503) lbu     a0, 5(t2)
core   0: 3 0x80007dac (0x0053c503) x10 0x00000000 mem 0x80010413
core   0: 0x80007db0 (0x00b38683) lb      a3, 11(t2)
core   0: 3 0x80007db0 (0x00b38683) x13 0x00000000 mem 0x80010419
core   0: 0x80007db4 (0x00338983) lb      s3, 3(t2)
core   0: 3 0x80007db4 (0x00338983) x19 0x00000000 mem 0x80010411
core   0: 0x80007db8 (0x25cad197) auipc   gp, 0x25cad
core   0: 3 0x80007db8 (0x25cad197) x 3 0xa5cb4db8
core   0: 0x80007dbc (0x00000013) nop
core   0: 3 0x80007dbc (0x00000013)
core   0: 0x80007dc0 (0x00f3c983) lbu     s3, 15(t2)
core   0: 3 0x80007dc0 (0x00f3c983) x19 0x00000000 mem 0x8001041d
core   0: 0x80007dc4 (0x00a38623) sb      a0, 12(t2)
core   0: 3 0x80007dc4 (0x00a38623) mem 0x8001041a 0x0
core   0: 0x80007dc8 (0x00d380a3) sb      a3, 1(t2)
core   0: 3 0x80007dc8 (0x00d380a3) mem 0x8001040f 0x0
core   0: 0x80007dcc (0x01839023) sh      s8, 0(t2)
core   0: 3 0x80007dcc (0x01839023) mem 0x8001040e 0x0000
core   0: 0x80007dd0 (0xfea38aa3) sb      a0, -11(t2)
core   0: 3 0x80007dd0 (0xfea38aa3) mem 0x80010403 0x0
core   0: 0x80007dd4 (0x00008997) auipc   s3, 0x8
core   0: 3 0x80007dd4 (0x00008997) x19 0x8000fdd4
core   0: 0x80007dd8 (0x77b98993) addi    s3, s3, 1915
core   0: 3 0x80007dd8 (0x77b98993) x19 0x8001054f
core   0: 0x80007ddc (0xffe9c303) lbu     t1, -2(s3)
core   0: 3 0x80007ddc (0xffe9c303) x 6 0x00000000 mem 0x8001054d
core   0: 0x80007de0 (0x00199183) lh      gp, 1(s3)
core   0: 3 0x80007de0 (0x00199183) x 3 0x00000000 mem 0x80010550
core   0: 0x80007de4 (0x0065e1b3) or      gp, a1, t1
core   0: 3 0x80007de4 (0x0065e1b3) x 3 0x00000000
core   0: 0x80007de8 (0x00a986a3) sb      a0, 13(s3)
core   0: 3 0x80007de8 (0x00a986a3) mem 0x8001055c 0x0
core   0: 0x80007dec (0xb7dd8593) addi    a1, s11, -1155
core   0: 3 0x80007dec (0xb7dd8593) x11 0x7ffffb7d
core   0: 0x80007df0 (0x00e9c503) lbu     a0, 14(s3)
core   0: 3 0x80007df0 (0x00e9c503) x10 0x00000000 mem 0x8001055d
core   0: 0x80007df4 (0x02656333) rem     t1, a0, t1
core   0: 3 0x80007df4 (0x02656333) x 6 0x00000000
core   0: 0x80007df8 (0xffb98a23) sb      s11, -12(s3)
core   0: 3 0x80007df8 (0xffb98a23) mem 0x80010543 0x0
core   0: 0x80007dfc (0x02b35333) divu    t1, t1, a1
core   0: 3 0x80007dfc (0x02b35333) x 6 0x00000000
core   0: 0x80007e00 (0xffe9c783) lbu     a5, -2(s3)
core   0: 3 0x80007e00 (0xffe9c783) x15 0x00000000 mem 0x8001054d
core   0: 0x80007e04 (0x02352db3) mulhsu  s11, a0, gp
core   0: 3 0x80007e04 (0x02352db3) x27 0x00000000
core   0: 0x80007e08 (0x02a1edb3) rem     s11, gp, a0
core   0: 3 0x80007e08 (0x02a1edb3) x27 0x00000000
core   0: 0x80007e0c (0x00a996a3) sh      a0, 13(s3)
core   0: 3 0x80007e0c (0x00a996a3) mem 0x8001055c 0x0000
core   0: 0x80007e10 (0xffa98503) lb      a0, -6(s3)
core   0: 3 0x80007e10 (0xffa98503) x10 0x00000000 mem 0x80010549
core   0: 0x80007e14 (0x02a1b333) mulhu   t1, gp, a0
core   0: 3 0x80007e14 (0x02a1b333) x 6 0x00000000
core   0: 0x80007e18 (0x0231e1b3) rem     gp, gp, gp
core   0: 3 0x80007e18 (0x0231e1b3) x 3 0x00000000
core   0: 0x80007e1c (0x00f983a3) sb      a5, 7(s3)
core   0: 3 0x80007e1c (0x00f983a3) mem 0x80010556 0x0
core   0: 0x80007e20 (0x0059c783) lbu     a5, 5(s3)
core   0: 3 0x80007e20 (0x0059c783) x15 0x00000000 mem 0x80010554
core   0: 0x80007e24 (0x53930797) auipc   a5, 0x53930
core   0: 3 0x80007e24 (0x53930797) x15 0xd3937e24
core   0: 0x80007e28 (0x00f99303) lh      t1, 15(s3)
core   0: 3 0x80007e28 (0x00f99303) x 6 0x00000000 mem 0x8001055e
core   0: 0x80007e2c (0xffc9cd83) lbu     s11, -4(s3)
core   0: 3 0x80007e2c (0xffc9cd83) x27 0x00000000 mem 0x8001054b
core   0: 0x80007e30 (0x19adb593) sltiu   a1, s11, 410
core   0: 3 0x80007e30 (0x19adb593) x11 0x00000001
core   0: 0x80007e34 (0xe14f8d97) auipc   s11, 0xe14f8
core   0: 3 0x80007e34 (0xe14f8d97) x27 0x614ffe34
core   0: 0x80007e38 (0x0059ad83) lw      s11, 5(s3)
core   0: 3 0x80007e38 (0x0059ad83) x27 0x00000000 mem 0x80010554
core   0: 0x80007e3c (0xff59d503) lhu     a0, -11(s3)
core   0: 3 0x80007e3c (0xff59d503) x10 0x00000000 mem 0x80010544
core   0: 0x80007e40 (0x0039a4a3) sw      gp, 9(s3)
core   0: 3 0x80007e40 (0x0039a4a3) mem 0x80010558 0x00000000
core   0: 0x80007e44 (0x00a98023) sb      a0, 0(s3)
core   0: 3 0x80007e44 (0x00a98023) mem 0x8001054f 0x0
core   0: 0x80007e48 (0x02333333) mulhu   t1, t1, gp
core   0: 3 0x80007e48 (0x02333333) x 6 0x00000000
core   0: 0x80007e4c (0x00798d83) lb      s11, 7(s3)
core   0: 3 0x80007e4c (0x00798d83) x27 0x00000000 mem 0x80010556
core   0: 0x80007e50 (0x01b98523) sb      s11, 10(s3)
core   0: 3 0x80007e50 (0x01b98523) mem 0x80010559 0x0
core   0: 0x80007e54 (0xffa98503) lb      a0, -6(s3)
core   0: 3 0x80007e54 (0xffa98503) x10 0x00000000 mem 0x80010549
core   0: 0x80007e58 (0xffb98ca3) sb      s11, -7(s3)
core   0: 3 0x80007e58 (0xffb98ca3) mem 0x80010548 0x0
core   0: 0x80007e5c (0x00000013) nop
core   0: 3 0x80007e5c (0x00000013)
core   0: 0x80007e60 (0xdb02c317) auipc   t1, 0xdb02c
core   0: 3 0x80007e60 (0xdb02c317) x 6 0x5b033e60
core   0: 0x80007e64 (0x40a1da33) sra     s4, gp, a0
core   0: 3 0x80007e64 (0x40a1da33) x20 0x00000000
core   0: 0x80007e68 (0x03010663) beq     sp, a6, pc + 44
core   0: 3 0x80007e68 (0x03010663)
core   0: 0x80007e6c (0xa5bc2d13) slti    s10, s8, -1445
core   0: 3 0x80007e6c (0xa5bc2d13) x26 0x00000000
core   0: 0x80007e70 (0x03154663) blt     a0, a7, pc + 44
core   0: 3 0x80007e70 (0x03154663)
core   0: 0x80007e74 (0xdadf0093) addi    ra, t5, -595
core   0: 3 0x80007e74 (0xdadf0093) x 1 0xfffffdad
core   0: 0x80007e78 (0x00437cb3) and     s9, t1, tp
core   0: 3 0x80007e78 (0x00437cb3) x25 0x00000000
core   0: 0x80007e7c (0x00bfd463) bge     t6, a1, pc + 8
core   0: 3 0x80007e7c (0x00bfd463)
core   0: 0x80007e80 (0xc4b1d837) lui     a6, 0xc4b1d
core   0: 3 0x80007e80 (0xc4b1d837) x16 0xc4b1d000
core   0: 0x80007e84 (0xffdcf793) andi    a5, s9, -3
core   0: 3 0x80007e84 (0xffdcf793) x15 0x00000000
core   0: 0x80007e88 (0x01cc8bb3) add     s7, s9, t3
core   0: 3 0x80007e88 (0x01cc8bb3) x23 0x00000000
core   0: 0x80007e8c (0x014b5413) srli    s0, s6, 20
core   0: 3 0x80007e8c (0x014b5413) x 8 0x00000800
core   0: 0x80007e90 (0x47827993) andi    s3, tp, 1144
core   0: 3 0x80007e90 (0x47827993) x19 0x00000000
core   0: 0x80007e94 (0x01211813) slli    a6, sp, 18
core   0: 3 0x80007e94 (0x01211813) x16 0x00000000
core   0: 0x80007e98 (0x40fbd713) srai    a4, s7, 15
core   0: 3 0x80007e98 (0x40fbd713) x14 0x00000000
core   0: 0x80007e9c (0x24de7e93) andi    t4, t3, 589
core   0: 3 0x80007e9c (0x24de7e93) x29 0x00000000
core   0: 0x80007ea0 (0x0062be33) sltu    t3, t0, t1
core   0: 3 0x80007ea0 (0x0062be33) x28 0x00000000
core   0: 0x80007ea4 (0x022e3433) mulhu   s0, t3, sp
core   0: 3 0x80007ea4 (0x022e3433) x 8 0x00000000
core   0: 0x80007ea8 (0x02345a63) bge     s0, gp, pc + 52
core   0: 3 0x80007ea8 (0x02345a63)
core   0: 0x80007edc (0x00000013) nop
core   0: 3 0x80007edc (0x00000013)
core   0: 0x80007ee0 (0x2ef841b7) lui     gp, 0x2ef84
core   0: 3 0x80007ee0 (0x2ef841b7) x 3 0x2ef84000
core   0: 0x80007ee4 (0x04064863) bltz    a2, pc + 80
core   0: 3 0x80007ee4 (0x04064863)
core   0: 0x80007ee8 (0x03bfef33) rem     t5, t6, s11
core   0: 3 0x80007ee8 (0x03bfef33) x30 0x80025e24
core   0: 0x80007eec (0x03f6ec63) bltu    a3, t6, pc + 56
core   0: 3 0x80007eec (0x03f6ec63)
core   0: 0x80007f24 (0x0140f8b3) and     a7, ra, s4
core   0: 3 0x80007f24 (0x0140f8b3) x17 0x00000000
core   0: 0x80007f28 (0x026b7c33) remu    s8, s6, t1
core   0: 3 0x80007f28 (0x026b7c33) x24 0x24fd3e68
core   0: 0x80007f2c (0x79f1b993) sltiu   s3, gp, 1951
core   0: 3 0x80007f2c (0x79f1b993) x19 0x00000000
core   0: 0x80007f30 (0x02410a33) mul     s4, sp, tp
core   0: 3 0x80007f30 (0x02410a33) x20 0x00000000
core   0: 0x80007f34 (0x01ad67b3) or      a5, s10, s10
core   0: 3 0x80007f34 (0x01ad67b3) x15 0x00000000
core   0: 0x80007f38 (0x01228e33) add     t3, t0, s2
core   0: 3 0x80007f38 (0x01228e33) x28 0x80007ccc
core   0: 0x80007f3c (0x03022633) mulhsu  a2, tp, a6
core   0: 3 0x80007f3c (0x03022633) x12 0x00000000
core   0: 0x80007f40 (0x00ca13b3) sll     t2, s4, a2
core   0: 3 0x80007f40 (0x00ca13b3) x 7 0x00000000
core   0: 0x80007f44 (0x00560f33) add     t5, a2, t0
core   0: 3 0x80007f44 (0x00560f33) x30 0x80007ccc
core   0: 0x80007f48 (0x001d5193) srli    gp, s10, 1
core   0: 3 0x80007f48 (0x001d5193) x 3 0x00000000
core   0: 0x80007f4c (0xcfeae913) ori     s2, s5, -770
core   0: 3 0x80007f4c (0xcfeae913) x18 0xfffffcff
core   0: 0x80007f50 (0x03bcd063) bge     s9, s11, pc + 32
core   0: 3 0x80007f50 (0x03bcd063)
core   0: 0x80007f70 (0xe2290293) addi    t0, s2, -478
core   0: 3 0x80007f70 (0xe2290293) x 5 0xfffffb21
core   0: 0x80007f74 (0x3bf52db7) lui     s11, 0x3bf52
core   0: 3 0x80007f74 (0x3bf52db7) x27 0x3bf52000
core   0: 0x80007f78 (0x00c92b33) slt     s6, s2, a2
core   0: 3 0x80007f78 (0x00c92b33) x22 0x00000001
core   0: 0x80007f7c (0x007aec33) or      s8, s5, t2
core   0: 3 0x80007f7c (0x007aec33) x24 0x00000001
core   0: 0x80007f80 (0x01319593) slli    a1, gp, 19
core   0: 3 0x80007f80 (0x01319593) x11 0x00000000
core   0: 0x80007f84 (0x02d4f663) bgeu    s1, a3, pc + 44
core   0: 3 0x80007f84 (0x02d4f663)
core   0: 0x80007fb0 (0x021d7db3) remu    s11, s10, ra
core   0: 3 0x80007fb0 (0x021d7db3) x27 0x00000000
core   0: 0x80007fb4 (0x02717233) remu    tp, sp, t2
core   0: 3 0x80007fb4 (0x02717233) x 4 0x80000000
core   0: 0x80007fb8 (0x00000013) nop
core   0: 3 0x80007fb8 (0x00000013)
core   0: 0x80007fbc (0x0181d633) srl     a2, gp, s8
core   0: 3 0x80007fbc (0x0181d633) x12 0x00000000
core   0: 0x80007fc0 (0x00ea7c33) and     s8, s4, a4
core   0: 3 0x80007fc0 (0x00ea7c33) x24 0x00000000
core   0: 0x80007fc4 (0x0152ca33) xor     s4, t0, s5
core   0: 3 0x80007fc4 (0x0152ca33) x20 0xfffffb20
core   0: 0x80007fc8 (0x00000013) nop
core   0: 3 0x80007fc8 (0x00000013)
core   0: 0x80007fcc (0x41f45733) sra     a4, s0, t6
core   0: 3 0x80007fcc (0x41f45733) x14 0x00000000
core   0: 0x80007fd0 (0x02a6c5b3) div     a1, a3, a0
core   0: 3 0x80007fd0 (0x02a6c5b3) x11 0xffffffff
core   0: 0x80007fd4 (0x02a93d33) mulhu   s10, s2, a0
core   0: 3 0x80007fd4 (0x02a93d33) x26 0x00000000
core   0: 0x80007fd8 (0x4050d313) srai    t1, ra, 5
core   0: 3 0x80007fd8 (0x4050d313) x 6 0xffffffed
core   0: 0x80007fdc (0x97e1b913) sltiu   s2, gp, -1666
core   0: 3 0x80007fdc (0x97e1b913) x18 0x00000001
core   0: 0x80007fe0 (0x0068c1b3) xor     gp, a7, t1
core   0: 3 0x80007fe0 (0x0068c1b3) x 3 0xffffffed
core   0: 0x80007fe4 (0x011845b3) xor     a1, a6, a7
core   0: 3 0x80007fe4 (0x011845b3) x11 0x00000000
core   0: 0x80007fe8 (0x6d9ecc37) lui     s8, 0x6d9ec
core   0: 3 0x80007fe8 (0x6d9ecc37) x24 0x6d9ec000
core   0: 0x80007fec (0x017f5193) srli    gp, t5, 23
core   0: 3 0x80007fec (0x017f5193) x 3 0x00000100
core   0: 0x80007ff0 (0xa1dabd93) sltiu   s11, s5, -1507
core   0: 3 0x80007ff0 (0xa1dabd93) x27 0x00000001
core   0: 0x80007ff4 (0x006bfc63) bgeu    s7, t1, pc + 24
core   0: 3 0x80007ff4 (0x006bfc63)
core   0: 0x80007ff8 (0x5504d217) auipc   tp, 0x5504d
core   0: 3 0x80007ff8 (0x5504d217) x 4 0xd5054ff8
core   0: 0x80007ffc (0x0221e863) bltu    gp, sp, pc + 48
core   0: 3 0x80007ffc (0x0221e863)
core   0: 0x8000802c (0x9db76e93) ori     t4, a4, -1573
core   0: 3 0x8000802c (0x9db76e93) x29 0xfffff9db
core   0: 0x80008030 (0x02606a63) bltu    zero, t1, pc + 52
core   0: 3 0x80008030 (0x02606a63)
core   0: 0x80008064 (0x02de6eb3) rem     t4, t3, a3
core   0: 3 0x80008064 (0x02de6eb3) x29 0x80007ccc
core   0: 0x80008068 (0x03d20063) beq     tp, t4, pc + 32
core   0: 3 0x80008068 (0x03d20063)
core   0: 0x8000806c (0x04c2f863) bgeu    t0, a2, pc + 80
core   0: 3 0x8000806c (0x04c2f863)
core   0: 0x800080bc (0x402c0a33) sub     s4, s8, sp
core   0: 3 0x800080bc (0x402c0a33) x20 0xed9ec000
core   0: 0x800080c0 (0x02b85263) bge     a6, a1, pc + 36
core   0: 3 0x800080c0 (0x02b85263)
core   0: 0x800080e4 (0x0affb693) sltiu   a3, t6, 175
core   0: 3 0x800080e4 (0x0affb693) x13 0x00000000
core   0: 0x800080e8 (0x01b92eb3) slt     t4, s2, s11
core   0: 3 0x800080e8 (0x01b92eb3) x29 0x00000000
core   0: 0x800080ec (0x014bd413) srli    s0, s7, 20
core   0: 3 0x800080ec (0x014bd413) x 8 0x00000000
core   0: 0x800080f0 (0xf29c6993) ori     s3, s8, -215
core   0: 3 0x800080f0 (0xf29c6993) x19 0xffffff29
core   0: 0x800080f4 (0x407c51b3) sra     gp, s8, t2
core   0: 3 0x800080f4 (0x407c51b3) x 3 0x6d9ec000
core   0: 0x800080f8 (0x025df663) bgeu    s11, t0, pc + 44
core   0: 3 0x800080f8 (0x025df663)
core   0: 0x800080fc (0x00f34663) blt     t1, a5, pc + 12
core   0: 3 0x800080fc (0x00f34663)
core   0: 0x80008108 (0xc9186397) auipc   t2, 0xc9186
core   0: 3 0x80008108 (0xc9186397) x 7 0x4918e108
core   0: 0x8000810c (0x0cb74193) xori    gp, a4, 203
core   0: 3 0x8000810c (0x0cb74193) x 3 0x000000cb
core   0: 0x80008110 (0x03691c33) mulh    s8, s2, s6
core   0: 3 0x80008110 (0x03691c33) x24 0x00000000
core   0: 0x80008114 (0x6f56ea13) ori     s4, a3, 1781
core   0: 3 0x80008114 (0x6f56ea13) x20 0x000006f5
core   0: 0x80008118 (0x03204e63) blt     zero, s2, pc + 60
core   0: 3 0x80008118 (0x03204e63)
core   0: 0x80008154 (0x014dac33) slt     s8, s11, s4
core   0: 3 0x80008154 (0x014dac33) x24 0x00000001
core   0: 0x80008158 (0x0086a8b3) slt     a7, a3, s0
core   0: 3 0x80008158 (0x0086a8b3) x17 0x00000000
core   0: 0x8000815c (0x2806ce13) xori    t3, a3, 640
core   0: 3 0x8000815c (0x2806ce13) x28 0x00000280
core   0: 0x80008160 (0x0303c063) blt     t2, a6, pc + 32
core   0: 3 0x80008160 (0x0303c063)
core   0: 0x80008164 (0x01c16833) or      a6, sp, t3
core   0: 3 0x80008164 (0x01c16833) x16 0x80000280
core   0: 0x80008168 (0x038ad7b3) divu    a5, s5, s8
core   0: 3 0x80008168 (0x038ad7b3) x15 0x00000001
core   0: 0x8000816c (0x01dca433) slt     s0, s9, t4
core   0: 3 0x8000816c (0x01dca433) x 8 0x00000000
core   0: 0x80008170 (0x005ce6b3) or      a3, s9, t0
core   0: 3 0x80008170 (0x005ce6b3) x13 0xfffffb21
core   0: 0x80008174 (0x03c94733) div     a4, s2, t3
core   0: 3 0x80008174 (0x03c94733) x14 0x00000000
core   0: 0x80008178 (0x19410913) addi    s2, sp, 404
core   0: 3 0x80008178 (0x19410913) x18 0x80000194
core   0: 0x8000817c (0xfad6a513) slti    a0, a3, -83
core   0: 3 0x8000817c (0xfad6a513) x10 0x00000001
core   0: 0x80008180 (0x013cfcb3) and     s9, s9, s3
core   0: 3 0x80008180 (0x013cfcb3) x25 0x00000000
core   0: 0x80008184 (0x03d6c8b3) div     a7, a3, t4
core   0: 3 0x80008184 (0x03d6c8b3) x17 0xffffffff
core   0: 0x80008188 (0xb3c66d93) ori     s11, a2, -1220
core   0: 3 0x80008188 (0xb3c66d93) x27 0xfffffb3c
core   0: 0x8000818c (0x41dfd013) srai    zero, t6, 29
core   0: 3 0x8000818c (0x41dfd013)
core   0: 0x80008190 (0xb1dfee93) ori     t4, t6, -1251
core   0: 3 0x80008190 (0xb1dfee93) x29 0xffffff3d
core   0: 0x80008194 (0x039f7033) remu    zero, t5, s9
core   0: 3 0x80008194 (0x039f7033)
core   0: 0x80008198 (0x004a51b3) srl     gp, s4, tp
core   0: 3 0x80008198 (0x004a51b3) x 3 0x00000000
core   0: 0x8000819c (0x41f58e33) sub     t3, a1, t6
core   0: 3 0x8000819c (0x41f58e33) x28 0x7ffda1dc
core   0: 0x800081a0 (0x01cad9b3) srl     s3, s5, t3
core   0: 3 0x800081a0 (0x01cad9b3) x19 0x00000000
core   0: 0x800081a4 (0x018151b3) srl     gp, sp, s8
core   0: 3 0x800081a4 (0x018151b3) x 3 0x40000000
core   0: 0x800081a8 (0x021e7bb3) remu    s7, t3, ra
core   0: 3 0x800081a8 (0x021e7bb3) x23 0x7ffda1dc
core   0: 0x800081ac (0x0339c7b3) div     a5, s3, s3
core   0: 3 0x800081ac (0x0339c7b3) x15 0xffffffff
core   0: 0x800081b0 (0x044da097) auipc   ra, 0x44da
core   0: 3 0x800081b0 (0x044da097) x 1 0x844e21b0
core   0: 0x800081b4 (0x31202237) lui     tp, 0x31202
core   0: 3 0x800081b4 (0x31202237) x 4 0x31202000
core   0: 0x800081b8 (0x02cc7663) bgeu    s8, a2, pc + 44
core   0: 3 0x800081b8 (0x02cc7663)
core   0: 0x800081e4 (0x01e56863) bltu    a0, t5, pc + 16
core   0: 3 0x800081e4 (0x01e56863)
core   0: 0x800081f4 (0x772fea17) auipc   s4, 0x772fe
core   0: 3 0x800081f4 (0x772fea17) x20 0xf73061f4
core   0: 0x800081f8 (0x41225033) sra     zero, tp, s2
core   0: 3 0x800081f8 (0x41225033)
core   0: 0x800081fc (0x02936a63) bltu    t1, s1, pc + 52
core   0: 3 0x800081fc (0x02936a63)
core   0: 0x80008200 (0x92002e13) slti    t3, zero, -1760
core   0: 3 0x80008200 (0x92002e13) x28 0x00000000
core   0: 0x80008204 (0x05d89263) bne     a7, t4, pc + 68
core   0: 3 0x80008204 (0x05d89263)
core   0: 0x80008248 (0x03926263) bltu    tp, s9, pc + 36
core   0: 3 0x80008248 (0x03926263)
core   0: 0x8000824c (0x0577d863) bge     a5, s7, pc + 80
core   0: 3 0x8000824c (0x0577d863)
core   0: 0x80008250 (0x03081c33) mulh    s8, a6, a6
core   0: 3 0x80008250 (0x03081c33) x24 0x3ffffd80
core   0: 0x80008254 (0x02160663) beq     a2, ra, pc + 44
core   0: 3 0x80008254 (0x02160663)
core   0: 0x80008258 (0x00b4fdb3) and     s11, s1, a1
core   0: 3 0x80008258 (0x00b4fdb3) x27 0x00000000
core   0: 0x8000825c (0x01269613) slli    a2, a3, 18
core   0: 3 0x8000825c (0x01269613) x12 0xec840000
core   0: 0x80008260 (0x01a9e033) or      zero, s3, s10
core   0: 3 0x80008260 (0x01a9e033)
core   0: 0x80008264 (0x53f57013) andi    zero, a0, 1343
core   0: 3 0x80008264 (0x53f57013)
core   0: 0x80008268 (0x00937233) and     tp, t1, s1
core   0: 3 0x80008268 (0x00937233) x 4 0x80029ce4
core   0: 0x8000826c (0x0387adb3) mulhsu  s11, a5, s8
core   0: 3 0x8000826c (0x0387adb3) x27 0xffffffff
core   0: 0x80008270 (0x020702b3) mul     t0, a4, zero
core   0: 3 0x80008270 (0x020702b3) x 5 0x00000000
core   0: 0x80008274 (0x8f702893) slti    a7, zero, -1801
core   0: 3 0x80008274 (0x8f702893) x17 0x00000000
core   0: 0x80008278 (0x01d487b3) add     a5, s1, t4
core   0: 3 0x80008278 (0x01d487b3) x15 0x80029c21
core   0: 0x8000827c (0xda15b213) sltiu   tp, a1, -607
core   0: 3 0x8000827c (0xda15b213) x 4 0x00000001
core   0: 0x80008280 (0x03f278b3) remu    a7, tp, t6
core   0: 3 0x80008280 (0x03f278b3) x17 0x00000001
core   0: 0x80008284 (0x02ba9533) mulh    a0, s5, a1
core   0: 3 0x80008284 (0x02ba9533) x10 0x00000000
core   0: 0x80008288 (0x02cd6333) rem     t1, s10, a2
core   0: 3 0x80008288 (0x02cd6333) x 6 0x00000000
core   0: 0x8000828c (0x0368fab3) remu    s5, a7, s6
core   0: 3 0x8000828c (0x0368fab3) x21 0x00000000
core   0: 0x80008290 (0x00afb033) sltu    zero, t6, a0
core   0: 3 0x80008290 (0x00afb033)
core   0: 0x80008294 (0x01c8c663) blt     a7, t3, pc + 12
core   0: 3 0x80008294 (0x01c8c663)
core   0: 0x80008298 (0x831d4317) auipc   t1, 0x831d4
core   0: 3 0x80008298 (0x831d4317) x 6 0x031dc298
core   0: 0x8000829c (0xc5e58d37) lui     s10, 0xc5e58
core   0: 3 0x8000829c (0xc5e58d37) x26 0xc5e58000
core   0: 0x800082a0 (0x29020593) addi    a1, tp, 656
core   0: 3 0x800082a0 (0x29020593) x11 0x00000291
core   0: 0x800082a4 (0x02fabd33) mulhu   s10, s5, a5
core   0: 3 0x800082a4 (0x02fabd33) x26 0x00000000
core   0: 0x800082a8 (0x0031b1b3) sltu    gp, gp, gp
core   0: 3 0x800082a8 (0x0031b1b3) x 3 0x00000000
core   0: 0x800082ac (0x884a0b13) addi    s6, s4, -1916
core   0: 3 0x800082ac (0x884a0b13) x22 0xf7305a78
core   0: 0x800082b0 (0x01905993) srli    s3, zero, 25
core   0: 3 0x800082b0 (0x01905993) x19 0x00000000
core   0: 0x800082b4 (0x0224be33) mulhu   t3, s1, sp
core   0: 3 0x800082b4 (0x0224be33) x28 0x40014e72
core   0: 0x800082b8 (0x1b773913) sltiu   s2, a4, 439
core   0: 3 0x800082b8 (0x1b773913) x18 0x00000001
core   0: 0x800082bc (0x00932f33) slt     t5, t1, s1
core   0: 3 0x800082bc (0x00932f33) x30 0x00000000
core   0: 0x800082c0 (0x009ae8b3) or      a7, s5, s1
core   0: 3 0x800082c0 (0x009ae8b3) x17 0x80029ce4
core   0: 0x800082c4 (0x413cd413) srai    s0, s9, 19
core   0: 3 0x800082c4 (0x413cd413) x 8 0x00000000
core   0: 0x800082c8 (0x9c9d3593) sltiu   a1, s10, -1591
core   0: 3 0x800082c8 (0x9c9d3593) x11 0x00000001
core   0: 0x800082cc (0x03f270b3) remu    ra, tp, t6
core   0: 3 0x800082cc (0x03f270b3) x 1 0x00000001
core   0: 0x800082d0 (0x01946a63) bltu    s0, s9, pc + 20
core   0: 3 0x800082d0 (0x01946a63)
core   0: 0x800082d4 (0x02f23db3) mulhu   s11, tp, a5
core   0: 3 0x800082d4 (0x02f23db3) x27 0x00000000
core   0: 0x800082d8 (0x02ebf7b3) remu    a5, s7, a4
core   0: 3 0x800082d8 (0x02ebf7b3) x15 0x7ffda1dc
core   0: 0x800082dc (0x38168793) addi    a5, a3, 897
core   0: 3 0x800082dc (0x38168793) x15 0xfffffea2
core   0: 0x800082e0 (0x02ac6263) bltu    s8, a0, pc + 36
core   0: 3 0x800082e0 (0x02ac6263)
core   0: 0x800082e4 (0x8b1f3e13) sltiu   t3, t5, -1871
core   0: 3 0x800082e4 (0x8b1f3e13) x28 0x00000001
core   0: 0x800082e8 (0x00000013) nop
core   0: 3 0x800082e8 (0x00000013)
core   0: 0x800082ec (0x008a1b93) slli    s7, s4, 8
core   0: 3 0x800082ec (0x008a1b93) x23 0x3061f400
core   0: 0x800082f0 (0xe125c793) xori    a5, a1, -494
core   0: 3 0x800082f0 (0xe125c793) x15 0xfffffe13
core   0: 0x800082f4 (0x01f81533) sll     a0, a6, t6
core   0: 3 0x800082f4 (0x01f81533) x10 0x00002800
core   0: 0x800082f8 (0x036d27b3) mulhsu  a5, s10, s6
core   0: 3 0x800082f8 (0x036d27b3) x15 0x00000000
core   0: 0x800082fc (0x03f007b3) mul     a5, zero, t6
core   0: 3 0x800082fc (0x03f007b3) x15 0x00000000
core   0: 0x80008300 (0x03fe8333) mul     t1, t4, t6
core   0: 3 0x80008300 (0x03fe8333) x 6 0x7e324a94
core   0: 0x80008304 (0x0060dc93) srli    s9, ra, 6
core   0: 3 0x80008304 (0x0060dc93) x25 0x00000000
core   0: 0x80008308 (0x03798733) mul     a4, s3, s7
core   0: 3 0x80008308 (0x03798733) x14 0x00000000
core   0: 0x8000830c (0x01432833) slt     a6, t1, s4
core   0: 3 0x8000830c (0x01432833) x16 0x00000000
core   0: 0x80008310 (0x414bdd13) srai    s10, s7, 20
core   0: 3 0x80008310 (0x414bdd13) x26 0x00000306
core   0: 0x80008314 (0x03c50063) beq     a0, t3, pc + 32
core   0: 3 0x80008314 (0x03c50063)
core   0: 0x80008318 (0x02ce92b3) mulh    t0, t4, a2
core   0: 3 0x80008318 (0x02ce92b3) x 5 0x0000000e
core   0: 0x8000831c (0x94e1bb13) sltiu   s6, gp, -1714
core   0: 3 0x8000831c (0x94e1bb13) x22 0x00000001
core   0: 0x80008320 (0x03b3f6b3) remu    a3, t2, s11
core   0: 3 0x80008320 (0x03b3f6b3) x13 0x4918e108
core   0: 0x80008324 (0x014e53b3) srl     t2, t3, s4
core   0: 3 0x80008324 (0x014e53b3) x 7 0x00000000
core   0: 0x80008328 (0x01ab5b93) srli    s7, s6, 26
core   0: 3 0x80008328 (0x01ab5b93) x23 0x00000000
core   0: 0x8000832c (0xc65d9537) lui     a0, 0xc65d9
core   0: 3 0x8000832c (0xc65d9537) x10 0xc65d9000
core   0: 0x80008330 (0x3417e313) ori     t1, a5, 833
core   0: 3 0x80008330 (0x3417e313) x 6 0x00000341
core   0: 0x80008334 (0x02c02633) mulhsu  a2, zero, a2
core   0: 3 0x80008334 (0x02c02633) x12 0x00000000
core   0: 0x80008338 (0x03875233) divu    tp, a4, s8
core   0: 3 0x80008338 (0x03875233) x 4 0x00000000
core   0: 0x8000833c (0x03768f33) mul     t5, a3, s7
core   0: 3 0x8000833c (0x03768f33) x30 0x00000000
core   0: 0x80008340 (0x00515a93) srli    s5, sp, 5
core   0: 3 0x80008340 (0x00515a93) x21 0x04000000
core   0: 0x80008344 (0x015eaf33) slt     t5, t4, s5
core   0: 3 0x80008344 (0x015eaf33) x30 0x00000001
core   0: 0x80008348 (0x01c6d593) srli    a1, a3, 28
core   0: 3 0x80008348 (0x01c6d593) x11 0x00000004
core   0: 0x8000834c (0x00153bb3) sltu    s7, a0, ra
core   0: 3 0x8000834c (0x00153bb3) x23 0x00000000
core   0: 0x80008350 (0x4ca3f513) andi    a0, t2, 1226
core   0: 3 0x80008350 (0x4ca3f513) x10 0x00000000
core   0: 0x80008354 (0x03790ab3) mul     s5, s2, s7
core   0: 3 0x80008354 (0x03790ab3) x21 0x00000000
core   0: 0x80008358 (0x412cd413) srai    s0, s9, 18
core   0: 3 0x80008358 (0x412cd413) x 8 0x00000000
core   0: 0x8000835c (0x02520c63) beq     tp, t0, pc + 56
core   0: 3 0x8000835c (0x02520c63)
core   0: 0x80008360 (0x85499097) auipc   ra, 0x85499
core   0: 3 0x80008360 (0x85499097) x 1 0x054a1360
core   0: 0x80008364 (0x01a51813) slli    a6, a0, 26
core   0: 3 0x80008364 (0x01a51813) x16 0x00000000
core   0: 0x80008368 (0x0210e8b3) rem     a7, ra, ra
core   0: 3 0x80008368 (0x0210e8b3) x17 0x00000000
core   0: 0x8000836c (0x001171b3) and     gp, sp, ra
core   0: 3 0x8000836c (0x001171b3) x 3 0x00000000
core   0: 0x80008370 (0x034a53b3) divu    t2, s4, s4
core   0: 3 0x80008370 (0x034a53b3) x 7 0x00000001
core   0: 0x80008374 (0x011a7663) bgeu    s4, a7, pc + 12
core   0: 3 0x80008374 (0x011a7663)
core   0: 0x80008380 (0x01341c13) slli    s8, s0, 19
core   0: 3 0x80008380 (0x01341c13) x24 0x00000000
core   0: 0x80008384 (0x03989263) bne     a7, s9, pc + 36
core   0: 3 0x80008384 (0x03989263)
core   0: 0x80008388 (0x02d63633) mulhu   a2, a2, a3
core   0: 3 0x80008388 (0x02d63633) x12 0x00000000
core   0: 0x8000838c (0x31c7aa93) slti    s5, a5, 796
core   0: 3 0x8000838c (0x31c7aa93) x21 0x00000001
core   0: 0x80008390 (0x00125193) srli    gp, tp, 1
core   0: 3 0x80008390 (0x00125193) x 3 0x00000000
core   0: 0x80008394 (0x007209b3) add     s3, tp, t2
core   0: 3 0x80008394 (0x007209b3) x19 0x00000001
core   0: 0x80008398 (0x0275d863) bge     a1, t2, pc + 48
core   0: 3 0x80008398 (0x0275d863)
core   0: 0x800083c8 (0xaa8dcf13) xori    t5, s11, -1368
core   0: 3 0x800083c8 (0xaa8dcf13) x30 0xfffffaa8
core   0: 0x800083cc (0x01294533) xor     a0, s2, s2
core   0: 3 0x800083cc (0x01294533) x10 0x00000000
core   0: 0x800083d0 (0x02c509b3) mul     s3, a0, a2
core   0: 3 0x800083d0 (0x02c509b3) x19 0x00000000
core   0: 0x800083d4 (0x00634e33) xor     t3, t1, t1
core   0: 3 0x800083d4 (0x00634e33) x28 0x00000000
core   0: 0x800083d8 (0x001615b3) sll     a1, a2, ra
core   0: 3 0x800083d8 (0x001615b3) x11 0x00000000
core   0: 0x800083dc (0x02341db3) mulh    s11, s0, gp
core   0: 3 0x800083dc (0x02341db3) x27 0x00000000
core   0: 0x800083e0 (0x8c8f7d97) auipc   s11, 0x8c8f7
core   0: 3 0x800083e0 (0x8c8f7d97) x27 0x0c8ff3e0
core   0: 0x800083e4 (0x031189b3) mul     s3, gp, a7
core   0: 3 0x800083e4 (0x031189b3) x19 0x00000000
core   0: 0x800083e8 (0x0068e663) bltu    a7, t1, pc + 12
core   0: 3 0x800083e8 (0x0068e663)
core   0: 0x800083f4 (0x01de6c33) or      s8, t3, t4
core   0: 3 0x800083f4 (0x01de6c33) x24 0xffffff3d
core   0: 0x800083f8 (0x02dce033) rem     zero, s9, a3
core   0: 3 0x800083f8 (0x02dce033)
core   0: 0x800083fc (0x00000013) nop
core   0: 3 0x800083fc (0x00000013)
core   0: 0x80008400 (0x010d5bb3) srl     s7, s10, a6
core   0: 3 0x80008400 (0x010d5bb3) x23 0x00000306
core   0: 0x80008404 (0x018bb433) sltu    s0, s7, s8
core   0: 3 0x80008404 (0x018bb433) x 8 0x00000001
core   0: 0x80008408 (0x7fda0313) addi    t1, s4, 2045
core   0: 3 0x80008408 (0x7fda0313) x 6 0xf73069f1
core   0: 0x8000840c (0x032420b3) mulhsu  ra, s0, s2
core   0: 3 0x8000840c (0x032420b3) x 1 0x00000000
core   0: 0x80008410 (0x00247533) and     a0, s0, sp
core   0: 3 0x80008410 (0x00247533) x10 0x00000000
core   0: 0x80008414 (0xb2462913) slti    s2, a2, -1244
core   0: 3 0x80008414 (0xb2462913) x18 0x00000000
core   0: 0x80008418 (0x409109b3) sub     s3, sp, s1
core   0: 3 0x80008418 (0x409109b3) x19 0xfffd631c
core   0: 0x8000841c (0x412cb293) sltiu   t0, s9, 1042
core   0: 3 0x8000841c (0x412cb293) x 5 0x00000001
core   0: 0x80008420 (0x03dc8e63) beq     s9, t4, pc + 60
core   0: 3 0x80008420 (0x03dc8e63)
core   0: 0x80008424 (0x40c40033) sub     zero, s0, a2
core   0: 3 0x80008424 (0x40c40033)
core   0: 0x80008428 (0xb0ea51b7) lui     gp, 0xb0ea5
core   0: 3 0x80008428 (0xb0ea51b7) x 3 0xb0ea5000
core   0: 0x8000842c (0x00a5ef33) or      t5, a1, a0
core   0: 3 0x8000842c (0x00a5ef33) x30 0x00000000
core   0: 0x80008430 (0x0213b933) mulhu   s2, t2, ra
core   0: 3 0x80008430 (0x0213b933) x18 0x00000000
core   0: 0x80008434 (0x3b9bca37) lui     s4, 0x3b9bc
core   0: 3 0x80008434 (0x3b9bca37) x20 0x3b9bc000
core   0: 0x80008438 (0x03735663) bge     t1, s7, pc + 44
core   0: 3 0x80008438 (0x03735663)
core   0: 0x8000843c (0x01f61893) slli    a7, a2, 31
core   0: 3 0x8000843c (0x01f61893) x17 0x00000000
core   0: 0x80008440 (0x023faf33) mulhsu  t5, t6, gp
core   0: 3 0x80008440 (0x023faf33) x30 0xa78c7ae3
core   0: 0x80008444 (0x0015e463) bltu    a1, ra, pc + 8
core   0: 3 0x80008444 (0x0015e463)
core   0: 0x80008448 (0x0502e663) bltu    t0, a6, pc + 76
core   0: 3 0x80008448 (0x0502e663)
core   0: 0x8000844c (0x01e69813) slli    a6, a3, 30
core   0: 3 0x8000844c (0x01e69813) x16 0x00000000
core   0: 0x80008450 (0x029c4a63) blt     s8, s1, pc + 52
core   0: 3 0x80008450 (0x029c4a63)
core   0: 0x80008454 (0x0076ec33) or      s8, a3, t2
core   0: 3 0x80008454 (0x0076ec33) x24 0x4918e109
core   0: 0x80008458 (0xeeaf1737) lui     a4, 0xeeaf1
core   0: 3 0x80008458 (0xeeaf1737) x14 0xeeaf1000
core   0: 0x8000845c (0x00000013) nop
core   0: 3 0x8000845c (0x00000013)
core   0: 0x80008460 (0x03c6c6b3) div     a3, a3, t3
core   0: 3 0x80008460 (0x03c6c6b3) x13 0xffffffff
core   0: 0x80008464 (0x0179c3b3) xor     t2, s3, s7
core   0: 3 0x80008464 (0x0179c3b3) x 7 0xfffd601a
core   0: 0x80008468 (0x41195333) sra     t1, s2, a7
core   0: 3 0x80008468 (0x41195333) x 6 0x00000000
core   0: 0x8000846c (0x039e1663) bne     t3, s9, pc + 44
core   0: 3 0x8000846c (0x039e1663)
core   0: 0x80008470 (0x017cda63) bge     s9, s7, pc + 20
core   0: 3 0x80008470 (0x017cda63)
core   0: 0x80008474 (0x403ad813) srai    a6, s5, 3
core   0: 3 0x80008474 (0x403ad813) x16 0x00000000
core   0: 0x80008478 (0x0219c263) blt     s3, ra, pc + 36
core   0: 3 0x80008478 (0x0219c263)
core   0: 0x8000849c (0x02640a33) mul     s4, s0, t1
core   0: 3 0x8000849c (0x02640a33) x20 0x00000000
core   0: 0x800084a0 (0x011666b3) or      a3, a2, a7
core   0: 3 0x800084a0 (0x011666b3) x13 0x00000000
core   0: 0x800084a4 (0x023b21b3) mulhsu  gp, s6, gp
core   0: 3 0x800084a4 (0x023b21b3) x 3 0x00000000
core   0: 0x800084a8 (0x03a0deb3) divu    t4, ra, s10
core   0: 3 0x800084a8 (0x03a0deb3) x29 0x00000000
core   0: 0x800084ac (0x025b6663) bltu    s6, t0, pc + 44
core   0: 3 0x800084ac (0x025b6663)
core   0: 0x800084b0 (0x09bef8b7) lui     a7, 0x9bef
core   0: 3 0x800084b0 (0x09bef8b7) x17 0x09bef000
core   0: 0x800084b4 (0x0035c1b3) xor     gp, a1, gp
core   0: 3 0x800084b4 (0x0035c1b3) x 3 0x00000000
core   0: 0x800084b8 (0x033f6c63) bltu    t5, s3, pc + 56
core   0: 3 0x800084b8 (0x033f6c63)
core   0: 0x800084f0 (0x015d9693) slli    a3, s11, 21
core   0: 3 0x800084f0 (0x015d9693) x13 0x7c000000
core   0: 0x800084f4 (0x41c3d2b3) sra     t0, t2, t3
core   0: 3 0x800084f4 (0x41c3d2b3) x 5 0xfffd601a
core   0: 0x800084f8 (0x01ff0463) beq     t5, t6, pc + 8
core   0: 3 0x800084f8 (0x01ff0463)
core   0: 0x800084fc (0x016d3833) sltu    a6, s10, s6
core   0: 3 0x800084fc (0x016d3833) x16 0x00000000
core   0: 0x80008500 (0x038e47b3) div     a5, t3, s8
core   0: 3 0x80008500 (0x038e47b3) x15 0x00000000
core   0: 0x80008504 (0x032efa93) andi    s5, t4, 50
core   0: 3 0x80008504 (0x032efa93) x21 0x00000000
core   0: 0x80008508 (0x01d54863) blt     a0, t4, pc + 16
core   0: 3 0x80008508 (0x01d54863)
core   0: 0x8000850c (0x0472d863) bge     t0, t2, pc + 80
core   0: 3 0x8000850c (0x0472d863)
core   0: 0x8000855c (0x03064263) blt     a2, a6, pc + 36
core   0: 3 0x8000855c (0x03064263)
core   0: 0x80008560 (0x024897b3) mulh    a5, a7, tp
core   0: 3 0x80008560 (0x024897b3) x15 0x00000000
core   0: 0x80008564 (0x01b9dab3) srl     s5, s3, s11
core   0: 3 0x80008564 (0x01b9dab3) x21 0xfffd631c
core   0: 0x80008568 (0x03516eb3) rem     t4, sp, s5
core   0: 3 0x80008568 (0x03516eb3) x29 0xffffcd54
core   0: 0x8000856c (0x80bfaf13) slti    t5, t6, -2037
core   0: 3 0x8000856c (0x80bfaf13) x30 0x00000001
core   0: 0x80008570 (0x05f1c863) blt     gp, t6, pc + 80
core   0: 3 0x80008570 (0x05f1c863)
core   0: 0x80008574 (0x00fda333) slt     t1, s11, a5
core   0: 3 0x80008574 (0x00fda333) x 6 0x00000000
core   0: 0x80008578 (0x4cea7913) andi    s2, s4, 1230
core   0: 3 0x80008578 (0x4cea7913) x18 0x00000000
core   0: 0x8000857c (0x00ce9d33) sll     s10, t4, a2
core   0: 3 0x8000857c (0x00ce9d33) x26 0xffffcd54
core   0: 0x80008580 (0x40035e33) sra     t3, t1, zero
core   0: 3 0x80008580 (0x40035e33) x28 0x00000000
core   0: 0x80008584 (0x33db4f17) auipc   t5, 0x33db4
core   0: 3 0x80008584 (0x33db4f17) x30 0xb3dbc584
core   0: 0x80008588 (0x02950933) mul     s2, a0, s1
core   0: 3 0x80008588 (0x02950933) x18 0x00000000
core   0: 0x8000858c (0x89fdee97) auipc   t4, 0x89fde
core   0: 3 0x8000858c (0x89fdee97) x29 0x09fe658c
core   0: 0x80008590 (0xd6a84793) xori    a5, a6, -662
core   0: 3 0x80008590 (0xd6a84793) x15 0xfffffd6a
core   0: 0x80008594 (0x03dcf533) remu    a0, s9, t4
core   0: 3 0x80008594 (0x03dcf533) x10 0x00000000
core   0: 0x80008598 (0x039c6433) rem     s0, s8, s9
core   0: 3 0x80008598 (0x039c6433) x 8 0x4918e109
core   0: 0x8000859c (0x01ffa7b3) slt     a5, t6, t6
core   0: 3 0x8000859c (0x01ffa7b3) x15 0x00000000
core   0: 0x800085a0 (0x017da3b3) slt     t2, s11, s7
core   0: 3 0x800085a0 (0x017da3b3) x 7 0x00000000
core   0: 0x800085a4 (0x00f553b3) srl     t2, a0, a5
core   0: 3 0x800085a4 (0x00f553b3) x 7 0x00000000
core   0: 0x800085a8 (0x01442633) slt     a2, s0, s4
core   0: 3 0x800085a8 (0x01442633) x12 0x00000000
core   0: 0x800085ac (0x06720463) beq     tp, t2, pc + 104
core   0: 3 0x800085ac (0x06720463)
core   0: 0x80008614 (0x0188b233) sltu    tp, a7, s8
core   0: 3 0x80008614 (0x0188b233) x 4 0x00000001
core   0: 0x80008618 (0x0253f633) remu    a2, t2, t0
core   0: 3 0x80008618 (0x0253f633) x12 0x00000000
core   0: 0x8000861c (0x02f0b433) mulhu   s0, ra, a5
core   0: 3 0x8000861c (0x02f0b433) x 8 0x00000000
core   0: 0x80008620 (0x418588b3) sub     a7, a1, s8
core   0: 3 0x80008620 (0x418588b3) x17 0xb6e71ef7
core   0: 0x80008624 (0x01f80033) add     zero, a6, t6
core   0: 3 0x80008624 (0x01f80033)
core   0: 0x80008628 (0x02a8ef33) rem     t5, a7, a0
core   0: 3 0x80008628 (0x02a8ef33) x30 0xb6e71ef7
core   0: 0x8000862c (0x40f709b3) sub     s3, a4, a5
core   0: 3 0x8000862c (0x40f709b3) x19 0xeeaf1000
core   0: 0x80008630 (0x006f1e93) slli    t4, t5, 6
core   0: 3 0x80008630 (0x006f1e93) x29 0xb9c7bdc0
core   0: 0x80008634 (0x72874893) xori    a7, a4, 1832
core   0: 3 0x80008634 (0x72874893) x17 0xeeaf1728
core   0: 0x80008638 (0xbde2ca13) xori    s4, t0, -1058
core   0: 3 0x80008638 (0xbde2ca13) x20 0x00029bc4
core   0: 0x8000863c (0x02ee8663) beq     t4, a4, pc + 44
core   0: 3 0x8000863c (0x02ee8663)
core   0: 0x80008640 (0xae77c237) lui     tp, 0xae77c
core   0: 3 0x80008640 (0xae77c237) x 4 0xae77c000
core   0: 0x80008644 (0x02d5ce63) blt     a1, a3, pc + 60
core   0: 3 0x80008644 (0x02d5ce63)
core   0: 0x80008680 (0x037fceb3) div     t4, t6, s7
core   0: 3 0x80008680 (0x037fceb3) x29 0xffd5aaca
core   0: 0x80008684 (0x411b2093) slti    ra, s6, 1041
core   0: 3 0x80008684 (0x411b2093) x 1 0x00000001
core   0: 0x80008688 (0xfd07e193) ori     gp, a5, -48
core   0: 3 0x80008688 (0xfd07e193) x 3 0xffffffd0
core   0: 0x8000868c (0x5537c893) xori    a7, a5, 1363
core   0: 3 0x8000868c (0x5537c893) x17 0x00000553
core   0: 0x80008690 (0x0332b6b3) mulhu   a3, t0, s3
core   0: 3 0x80008690 (0x0332b6b3) x13 0xeeac9d8c
core   0: 0x80008694 (0x27f84a93) xori    s5, a6, 639
core   0: 3 0x80008694 (0x27f84a93) x21 0x0000027f
core   0: 0x80008698 (0x88f53293) sltiu   t0, a0, -1905
core   0: 3 0x80008698 (0x88f53293) x 5 0x00000001
core   0: 0x8000869c (0x02744f33) div     t5, s0, t2
core   0: 3 0x8000869c (0x02744f33) x30 0xffffffff
core   0: 0x800086a0 (0x00659f13) slli    t5, a1, 6
core   0: 3 0x800086a0 (0x00659f13) x30 0x00000000
core   0: 0x800086a4 (0x01430bb3) add     s7, t1, s4
core   0: 3 0x800086a4 (0x01430bb3) x23 0x00029bc4
core   0: 0x800086a8 (0x03e70933) mul     s2, a4, t5
core   0: 3 0x800086a8 (0x03e70933) x18 0x00000000
core   0: 0x800086ac (0x022d0733) mul     a4, s10, sp
core   0: 3 0x800086ac (0x022d0733) x14 0x00000000
core   0: 0x800086b0 (0xa057ab13) slti    s6, a5, -1531
core   0: 3 0x800086b0 (0xa057ab13) x22 0x00000000
core   0: 0x800086b4 (0x01575713) srli    a4, a4, 21
core   0: 3 0x800086b4 (0x01575713) x14 0x00000000
core   0: 0x800086b8 (0x693fb613) sltiu   a2, t6, 1683
core   0: 3 0x800086b8 (0x693fb613) x12 0x00000000
core   0: 0x800086bc (0x0022d213) srli    tp, t0, 2
core   0: 3 0x800086bc (0x0022d213) x 4 0x00000000
core   0: 0x800086c0 (0x0381d033) divu    zero, gp, s8
core   0: 3 0x800086c0 (0x0381d033)
core   0: 0x800086c4 (0x011029b3) slt     s3, zero, a7
core   0: 3 0x800086c4 (0x011029b3) x19 0x00000001
core   0: 0x800086c8 (0x566bf593) andi    a1, s7, 1382
core   0: 3 0x800086c8 (0x566bf593) x11 0x00000144
core   0: 0x800086cc (0x027a8a63) beq     s5, t2, pc + 52
core   0: 3 0x800086cc (0x027a8a63)
core   0: 0x800086d0 (0x019c3233) sltu    tp, s8, s9
core   0: 3 0x800086d0 (0x019c3233) x 4 0x00000000
core   0: 0x800086d4 (0x01d35eb3) srl     t4, t1, t4
core   0: 3 0x800086d4 (0x01d35eb3) x29 0x00000000
core   0: 0x800086d8 (0x34c27d93) andi    s11, tp, 844
core   0: 3 0x800086d8 (0x34c27d93) x27 0x00000000
core   0: 0x800086dc (0x413b8b33) sub     s6, s7, s3
core   0: 3 0x800086dc (0x413b8b33) x22 0x00029bc3
core   0: 0x800086e0 (0x015402b3) add     t0, s0, s5
core   0: 3 0x800086e0 (0x015402b3) x 5 0x0000027f
core   0: 0x800086e4 (0x0138d463) bge     a7, s3, pc + 8
core   0: 3 0x800086e4 (0x0138d463)
core   0: 0x800086ec (0x00476033) or      zero, a4, tp
core   0: 3 0x800086ec (0x00476033)
core   0: 0x800086f0 (0x008448b3) xor     a7, s0, s0
core   0: 3 0x800086f0 (0x008448b3) x17 0x00000000
core   0: 0x800086f4 (0x00deaeb3) slt     t4, t4, a3
core   0: 3 0x800086f4 (0x00deaeb3) x29 0x00000000
core   0: 0x800086f8 (0x40f10a33) sub     s4, sp, a5
core   0: 3 0x800086f8 (0x40f10a33) x20 0x80000000
core   0: 0x800086fc (0x0047fc33) and     s8, a5, tp
core   0: 3 0x800086fc (0x0047fc33) x24 0x00000000
core   0: 0x80008700 (0xb1b23793) sltiu   a5, tp, -1253
core   0: 3 0x80008700 (0xb1b23793) x15 0x00000001
core   0: 0x80008704 (0x01a425b3) slt     a1, s0, s10
core   0: 3 0x80008704 (0x01a425b3) x11 0x00000000
core   0: 0x80008708 (0x03abf063) bgeu    s7, s10, pc + 32
core   0: 3 0x80008708 (0x03abf063)
core   0: 0x8000870c (0xb500a337) lui     t1, 0xb500a
core   0: 3 0x8000870c (0xb500a337) x 6 0xb500a000
core   0: 0x80008710 (0x03af2e33) mulhsu  t3, t5, s10
core   0: 3 0x80008710 (0x03af2e33) x28 0x00000000
core   0: 0x80008714 (0x037d1033) mulh    zero, s10, s7
core   0: 3 0x80008714 (0x037d1033)
core   0: 0x80008718 (0x033a9433) mulh    s0, s5, s3
core   0: 3 0x80008718 (0x033a9433) x 8 0x00000000
core   0: 0x8000871c (0xeffc3cb7) lui     s9, 0xeffc3
core   0: 3 0x8000871c (0xeffc3cb7) x25 0xeffc3000
core   0: 0x80008720 (0x00bc26b3) slt     a3, s8, a1
core   0: 3 0x80008720 (0x00bc26b3) x13 0x00000000
core   0: 0x80008724 (0xd7867a13) andi    s4, a2, -648
core   0: 3 0x80008724 (0xd7867a13) x20 0x00000000
core   0: 0x80008728 (0xe7f38813) addi    a6, t2, -385
core   0: 3 0x80008728 (0xe7f38813) x16 0xfffffe7f
core   0: 0x8000872c (0x02bb4033) div     zero, s6, a1
core   0: 3 0x8000872c (0x02bb4033)
core   0: 0x80008730 (0x1843b913) sltiu   s2, t2, 388
core   0: 3 0x80008730 (0x1843b913) x18 0x00000001
core   0: 0x80008734 (0x02acd063) bge     s9, a0, pc + 32
core   0: 3 0x80008734 (0x02acd063)
core   0: 0x80008738 (0x03a7e0b3) rem     ra, a5, s10
core   0: 3 0x80008738 (0x03a7e0b3) x 1 0x00000001
core   0: 0x8000873c (0x009e9663) bne     t4, s1, pc + 12
core   0: 3 0x8000873c (0x009e9663)
core   0: 0x80008748 (0x03b72333) mulhsu  t1, a4, s11
core   0: 3 0x80008748 (0x03b72333) x 6 0x00000000
core   0: 0x8000874c (0x02ad5063) bge     s10, a0, pc + 32
core   0: 3 0x8000874c (0x02ad5063)
core   0: 0x80008750 (0x03bfc3b3) div     t2, t6, s11
core   0: 3 0x80008750 (0x03bfc3b3) x 7 0xffffffff
core   0: 0x80008754 (0x00ff3e33) sltu    t3, t5, a5
core   0: 3 0x80008754 (0x00ff3e33) x28 0x00000001
core   0: 0x80008758 (0x02257bb3) remu    s7, a0, sp
core   0: 3 0x80008758 (0x02257bb3) x23 0x00000000
core   0: 0x8000875c (0x009a5d13) srli    s10, s4, 9
core   0: 3 0x8000875c (0x009a5d13) x26 0x00000000
core   0: 0x80008760 (0x00000013) nop
core   0: 3 0x80008760 (0x00000013)
core   0: 0x80008764 (0xcd513813) sltiu   a6, sp, -811
core   0: 3 0x80008764 (0xcd513813) x16 0x00000001
core   0: 0x80008768 (0x40a25b13) srai    s6, tp, 10
core   0: 3 0x80008768 (0x40a25b13) x22 0x00000000
core   0: 0x8000876c (0x002fde93) srli    t4, t6, 2
core   0: 3 0x8000876c (0x002fde93) x29 0x20009789
core   0: 0x80008770 (0x01378a63) beq     a5, s3, pc + 20
core   0: 3 0x80008770 (0x01378a63)
core   0: 0x80008784 (0x02a3b733) mulhu   a4, t2, a0
core   0: 3 0x80008784 (0x02a3b733) x14 0x00000000
core   0: 0x80008788 (0x027b72b3) remu    t0, s6, t2
core   0: 3 0x80008788 (0x027b72b3) x 5 0x00000000
core   0: 0x8000878c (0x018913b3) sll     t2, s2, s8
core   0: 3 0x8000878c (0x018913b3) x 7 0x00000001
core   0: 0x80008790 (0x00f619b3) sll     s3, a2, a5
core   0: 3 0x80008790 (0x00f619b3) x19 0x00000000
core   0: 0x80008794 (0xa140b697) auipc   a3, 0xa140b
core   0: 3 0x80008794 (0xa140b697) x13 0x21413794
core   0: 0x80008798 (0x00990cb3) add     s9, s2, s1
core   0: 3 0x80008798 (0x00990cb3) x25 0x80029ce5
core   0: 0x8000879c (0x01713333) sltu    t1, sp, s7
core   0: 3 0x8000879c (0x01713333) x 6 0x00000000
core   0: 0x800087a0 (0x03122433) mulhsu  s0, tp, a7
core   0: 3 0x800087a0 (0x03122433) x 8 0x00000000
core   0: 0x800087a4 (0x00fd81b3) add     gp, s11, a5
core   0: 3 0x800087a4 (0x00fd81b3) x 3 0x00000001
core   0: 0x800087a8 (0x42dac393) xori    t2, s5, 1069
core   0: 3 0x800087a8 (0x42dac393) x 7 0x00000652
core   0: 0x800087ac (0x005016b3) sll     a3, zero, t0
core   0: 3 0x800087ac (0x005016b3) x13 0x00000000
core   0: 0x800087b0 (0x01896033) or      zero, s2, s8
core   0: 3 0x800087b0 (0x01896033)
core   0: 0x800087b4 (0x03fbfa63) bgeu    s7, t6, pc + 52
core   0: 3 0x800087b4 (0x03fbfa63)
core   0: 0x800087b8 (0xad714b13) xori    s6, sp, -1321
core   0: 3 0x800087b8 (0xad714b13) x22 0x7ffffad7
core   0: 0x800087bc (0x703d4c37) lui     s8, 0x703d4
core   0: 3 0x800087bc (0x703d4c37) x24 0x703d4000
core   0: 0x800087c0 (0x74aaf313) andi    t1, s5, 1866
core   0: 3 0x800087c0 (0x74aaf313) x 6 0x0000024a
core   0: 0x800087c4 (0x02eee9b3) rem     s3, t4, a4
core   0: 3 0x800087c4 (0x02eee9b3) x19 0x20009789
core   0: 0x800087c8 (0x00624663) blt     tp, t1, pc + 12
core   0: 3 0x800087c8 (0x00624663)
core   0: 0x800087d4 (0x020d6e33) rem     t3, s10, zero
core   0: 3 0x800087d4 (0x020d6e33) x28 0x00000000
core   0: 0x800087d8 (0x016afcb3) and     s9, s5, s6
core   0: 3 0x800087d8 (0x016afcb3) x25 0x00000257
core   0: 0x800087dc (0x00529713) slli    a4, t0, 5
core   0: 3 0x800087dc (0x00529713) x14 0x00000000
core   0: 0x800087e0 (0xb55b9e97) auipc   t4, 0xb55b9
core   0: 3 0x800087e0 (0xb55b9e97) x29 0x355c17e0
core   0: 0x800087e4 (0x03a9a533) mulhsu  a0, s3, s10
core   0: 3 0x800087e4 (0x03a9a533) x10 0x00000000
core   0: 0x800087e8 (0x02b7f733) remu    a4, a5, a1
core   0: 3 0x800087e8 (0x02b7f733) x14 0x00000001
core   0: 0x800087ec (0x41e7d6b3) sra     a3, a5, t5
core   0: 3 0x800087ec (0x41e7d6b3) x13 0x00000001
core   0: 0x800087f0 (0x03136f33) rem     t5, t1, a7
core   0: 3 0x800087f0 (0x03136f33) x30 0x0000024a
core   0: 0x800087f4 (0x228dd837) lui     a6, 0x228dd
core   0: 3 0x800087f4 (0x228dd837) x16 0x228dd000
core   0: 0x800087f8 (0x8e9ee397) auipc   t2, 0x8e9ee
core   0: 3 0x800087f8 (0x8e9ee397) x 7 0x0e9f67f8
core   0: 0x800087fc (0x41add3b3) sra     t2, s11, s10
core   0: 3 0x800087fc (0x41add3b3) x 7 0x00000000
core   0: 0x80008800 (0x00000013) nop
core   0: 3 0x80008800 (0x00000013)
core   0: 0x80008804 (0x02c40db3) mul     s11, s0, a2
core   0: 3 0x80008804 (0x02c40db3) x27 0x00000000
core   0: 0x80008808 (0x00a8d293) srli    t0, a7, 10
core   0: 3 0x80008808 (0x00a8d293) x 5 0x00000000
core   0: 0x8000880c (0x0101f533) and     a0, gp, a6
core   0: 3 0x8000880c (0x0101f533) x10 0x00000000
core   0: 0x80008810 (0x007de433) or      s0, s11, t2
core   0: 3 0x80008810 (0x007de433) x 8 0x00000000
core   0: 0x80008814 (0x037ac2b3) div     t0, s5, s7
core   0: 3 0x80008814 (0x037ac2b3) x 5 0xffffffff
core   0: 0x80008818 (0x3419bb13) sltiu   s6, s3, 833
core   0: 3 0x80008818 (0x3419bb13) x22 0x00000000
core   0: 0x8000881c (0x4080dc13) srai    s8, ra, 8
core   0: 3 0x8000881c (0x4080dc13) x24 0x00000000
core   0: 0x80008820 (0x026eb933) mulhu   s2, t4, t1
core   0: 3 0x80008820 (0x026eb933) x18 0x0000007a
core   0: 0x80008824 (0x03ea5d33) divu    s10, s4, t5
core   0: 3 0x80008824 (0x03ea5d33) x26 0x00000000
core   0: 0x80008828 (0x01cc5cb3) srl     s9, s8, t3
core   0: 3 0x80008828 (0x01cc5cb3) x25 0x00000000
core   0: 0x8000882c (0xd1b6ae93) slti    t4, a3, -741
core   0: 3 0x8000882c (0xd1b6ae93) x29 0x00000000
core   0: 0x80008830 (0x4107d2b3) sra     t0, a5, a6
core   0: 3 0x80008830 (0x4107d2b3) x 5 0x00000001
core   0: 0x80008834 (0x01e34c63) blt     t1, t5, pc + 24
core   0: 3 0x80008834 (0x01e34c63)
core   0: 0x80008838 (0x0b50a637) lui     a2, 0xb50a
core   0: 3 0x80008838 (0x0b50a637) x12 0x0b50a000
core   0: 0x8000883c (0x889ec697) auipc   a3, 0x889ec
core   0: 3 0x8000883c (0x889ec697) x13 0x089f483c
core   0: 0x80008840 (0x02976863) bltu    a4, s1, pc + 48
core   0: 3 0x80008840 (0x02976863)
core   0: 0x80008870 (0x0093df13) srli    t5, t2, 9
core   0: 3 0x80008870 (0x0093df13) x30 0x00000000
core   0: 0x80008874 (0x01ddf033) and     zero, s11, t4
core   0: 3 0x80008874 (0x01ddf033)
core   0: 0x80008878 (0x4096db13) srai    s6, a3, 9
core   0: 3 0x80008878 (0x4096db13) x22 0x00044fa4
core   0: 0x8000887c (0x01948863) beq     s1, s9, pc + 16
core   0: 3 0x8000887c (0x01948863)
core   0: 0x80008880 (0x00fd9393) slli    t2, s11, 15
core   0: 3 0x80008880 (0x00fd9393) x 7 0x00000000
core   0: 0x80008884 (0x054e1863) bne     t3, s4, pc + 80
core   0: 3 0x80008884 (0x054e1863)
core   0: 0x80008888 (0x410fd893) srai    a7, t6, 16
core   0: 3 0x80008888 (0x410fd893) x17 0xffff8002
core   0: 0x8000888c (0x01bdde93) srli    t4, s11, 27
core   0: 3 0x8000888c (0x01bdde93) x29 0x00000000
core   0: 0x80008890 (0x024f8f33) mul     t5, t6, tp
core   0: 3 0x80008890 (0x024f8f33) x30 0x00000000
core   0: 0x80008894 (0x05278863) beq     a5, s2, pc + 80
core   0: 3 0x80008894 (0x05278863)
core   0: 0x80008898 (0x02ace663) bltu    s9, a0, pc + 44
core   0: 3 0x80008898 (0x02ace663)
core   0: 0x8000889c (0xee373893) sltiu   a7, a4, -285
core   0: 3 0x8000889c (0xee373893) x17 0x00000001
core   0: 0x800088a0 (0x0371b2b3) mulhu   t0, gp, s7
core   0: 3 0x800088a0 (0x0371b2b3) x 5 0x00000000
core   0: 0x800088a4 (0xebb54293) xori    t0, a0, -325
core   0: 3 0x800088a4 (0xebb54293) x 5 0xfffffebb
core   0: 0x800088a8 (0x1d3b6a97) auipc   s5, 0x1d3b6
core   0: 3 0x800088a8 (0x1d3b6a97) x21 0x9d3be8a8
core   0: 0x800088ac (0x028267b3) rem     a5, tp, s0
core   0: 3 0x800088ac (0x028267b3) x15 0x00000000
core   0: 0x800088b0 (0x028ec1b3) div     gp, t4, s0
core   0: 3 0x800088b0 (0x028ec1b3) x 3 0xffffffff
core   0: 0x800088b4 (0x033a0333) mul     t1, s4, s3
core   0: 3 0x800088b4 (0x033a0333) x 6 0x00000000
core   0: 0x800088b8 (0x01ed5033) srl     zero, s10, t5
core   0: 3 0x800088b8 (0x01ed5033)
core   0: 0x800088bc (0x0169ef33) or      t5, s3, s6
core   0: 3 0x800088bc (0x0169ef33) x30 0x2004dfad
core   0: 0x800088c0 (0xc24b3a17) auipc   s4, 0xc24b3
core   0: 3 0x800088c0 (0xc24b3a17) x20 0x424bb8c0
core   0: 0x800088c4 (0x0138da93) srli    s5, a7, 19
core   0: 3 0x800088c4 (0x0138da93) x21 0x00000000
core   0: 0x800088c8 (0x025125b3) mulhsu  a1, sp, t0
core   0: 3 0x800088c8 (0x025125b3) x11 0x800000a2
core   0: 0x800088cc (0x01a6d893) srli    a7, a3, 26
core   0: 3 0x800088cc (0x01a6d893) x17 0x00000002
core   0: 0x800088d0 (0x024a0663) beq     s4, tp, pc + 44
core   0: 3 0x800088d0 (0x024a0663)
core   0: 0x800088d4 (0x035e0263) beq     t3, s5, pc + 36
core   0: 3 0x800088d4 (0x035e0263)
core   0: 0x800088f8 (0x00436233) or      tp, t1, tp
core   0: 3 0x800088f8 (0x00436233) x 4 0x00000000
core   0: 0x800088fc (0x0338feb3) remu    t4, a7, s3
core   0: 3 0x800088fc (0x0338feb3) x29 0x00000002
core   0: 0x80008900 (0x02bc96b3) mulh    a3, s9, a1
core   0: 3 0x80008900 (0x02bc96b3) x13 0x00000000
core   0: 0x80008904 (0x0290fc63) bgeu    ra, s1, pc + 56
core   0: 3 0x80008904 (0x0290fc63)
core   0: 0x80008908 (0x03578263) beq     a5, s5, pc + 36
core   0: 3 0x80008908 (0x03578263)
core   0: 0x8000892c (0x005a80b3) add     ra, s5, t0
core   0: 3 0x8000892c (0x005a80b3) x 1 0xfffffebb
core   0: 0x80008930 (0x0023d833) srl     a6, t2, sp
core   0: 3 0x80008930 (0x0023d833) x16 0x00000000
core   0: 0x80008934 (0x02eeee63) bltu    t4, a4, pc + 60
core   0: 3 0x80008934 (0x02eeee63)
core   0: 0x80008938 (0x02b68633) mul     a2, a3, a1
core   0: 3 0x80008938 (0x02b68633) x12 0x00000000
core   0: 0x8000893c (0x004b0c63) beq     s6, tp, pc + 24
core   0: 3 0x8000893c (0x004b0c63)
core   0: 0x80008940 (0x022b7e63) bgeu    s6, sp, pc + 60
core   0: 3 0x80008940 (0x022b7e63)
core   0: 0x80008944 (0x00000013) nop
core   0: 3 0x80008944 (0x00000013)
core   0: 0x80008948 (0x005fadb3) slt     s11, t6, t0
core   0: 3 0x80008948 (0x005fadb3) x27 0x00000001
core   0: 0x8000894c (0x008ac433) xor     s0, s5, s0
core   0: 3 0x8000894c (0x008ac433) x 8 0x00000000
core   0: 0x80008950 (0x8c5bb593) sltiu   a1, s7, -1851
core   0: 3 0x80008950 (0x8c5bb593) x11 0x00000001
core   0: 0x80008954 (0x4975a9b7) lui     s3, 0x4975a
core   0: 3 0x80008954 (0x4975a9b7) x19 0x4975a000
core   0: 0x80008958 (0x0317c863) blt     a5, a7, pc + 48
core   0: 3 0x80008958 (0x0317c863)
core   0: 0x80008988 (0x014cd513) srli    a0, s9, 20
core   0: 3 0x80008988 (0x014cd513) x10 0x00000000
core   0: 0x8000898c (0x66e8fc13) andi    s8, a7, 1646
core   0: 3 0x8000898c (0x66e8fc13) x24 0x00000002
core   0: 0x80008990 (0x5533ad93) slti    s11, t2, 1363
core   0: 3 0x80008990 (0x5533ad93) x27 0x00000001
core   0: 0x80008994 (0x4e528d93) addi    s11, t0, 1253
core   0: 3 0x80008994 (0x4e528d93) x27 0x000003a0
core   0: 0x80008998 (0xf228ba93) sltiu   s5, a7, -222
core   0: 3 0x80008998 (0xf228ba93) x21 0x00000001
core   0: 0x8000899c (0x73bbe393) ori     t2, s7, 1851
core   0: 3 0x8000899c (0x73bbe393) x 7 0x0000073b
core   0: 0x800089a0 (0x01228533) add     a0, t0, s2
core   0: 3 0x800089a0 (0x01228533) x10 0xffffff35
core   0: 0x800089a4 (0x40640d33) sub     s10, s0, t1
core   0: 3 0x800089a4 (0x40640d33) x26 0x00000000
core   0: 0x800089a8 (0x0244bab3) mulhu   s5, s1, tp
core   0: 3 0x800089a8 (0x0244bab3) x21 0x00000000
core   0: 0x800089ac (0x01e46eb3) or      t4, s0, t5
core   0: 3 0x800089ac (0x01e46eb3) x29 0x2004dfad
core   0: 0x800089b0 (0x02ecd2b3) divu    t0, s9, a4
core   0: 3 0x800089b0 (0x02ecd2b3) x 5 0x00000000
core   0: 0x800089b4 (0x416a59b3) sra     s3, s4, s6
core   0: 3 0x800089b4 (0x416a59b3) x19 0x0424bb8c
core   0: 0x800089b8 (0x017cd933) srl     s2, s9, s7
core   0: 3 0x800089b8 (0x017cd933) x18 0x00000000
core   0: 0x800089bc (0x03464663) blt     a2, s4, pc + 44
core   0: 3 0x800089bc (0x03464663)
core   0: 0x800089e8 (0x03103eb3) mulhu   t4, zero, a7
core   0: 3 0x800089e8 (0x03103eb3) x29 0x00000000
core   0: 0x800089ec (0x79efbc97) auipc   s9, 0x79efb
core   0: 3 0x800089ec (0x79efbc97) x25 0xf9f039ec
core   0: 0x800089f0 (0x58caf993) andi    s3, s5, 1420
core   0: 3 0x800089f0 (0x58caf993) x19 0x00000000
core   0: 0x800089f4 (0x539a3913) sltiu   s2, s4, 1337
core   0: 3 0x800089f4 (0x539a3913) x18 0x00000000
core   0: 0x800089f8 (0xc128f013) andi    zero, a7, -1006
core   0: 3 0x800089f8 (0xc128f013)
core   0: 0x800089fc (0x168ad597) auipc   a1, 0x168ad
core   0: 3 0x800089fc (0x168ad597) x11 0x968b59fc
core   0: 0x80008a00 (0x00e77bb3) and     s7, a4, a4
core   0: 3 0x80008a00 (0x00e77bb3) x23 0x00000001
core   0: 0x80008a04 (0x0187e733) or      a4, a5, s8
core   0: 3 0x80008a04 (0x0187e733) x14 0x00000002
core   0: 0x80008a08 (0xea96b897) auipc   a7, 0xea96b
core   0: 3 0x80008a08 (0xea96b897) x17 0x6a973a08
core   0: 0x80008a0c (0x099c8593) addi    a1, s9, 153
core   0: 3 0x80008a0c (0x099c8593) x11 0xf9f03a85
core   0: 0x80008a10 (0x35206913) ori     s2, zero, 850
core   0: 3 0x80008a10 (0x35206913) x18 0x00000352
core   0: 0x80008a14 (0x01772c33) slt     s8, a4, s7
core   0: 3 0x80008a14 (0x01772c33) x24 0x00000000
core   0: 0x80008a18 (0x03ee7263) bgeu    t3, t5, pc + 36
core   0: 3 0x80008a18 (0x03ee7263)
core   0: 0x80008a1c (0x002cdb93) srli    s7, s9, 2
core   0: 3 0x80008a1c (0x002cdb93) x23 0x3e7c0e7b
core   0: 0x80008a20 (0x0256fc63) bgeu    a3, t0, pc + 56
core   0: 3 0x80008a20 (0x0256fc63)
core   0: 0x80008a58 (0x41695e93) srai    t4, s2, 22
core   0: 3 0x80008a58 (0x41695e93) x29 0x00000000
core   0: 0x80008a5c (0x00727663) bgeu    tp, t2, pc + 12
core   0: 3 0x80008a5c (0x00727663)
core   0: 0x80008a60 (0xcef28893) addi    a7, t0, -785
core   0: 3 0x80008a60 (0xcef28893) x17 0xfffffcef
core   0: 0x80008a64 (0x00b69f13) slli    t5, a3, 11
core   0: 3 0x80008a64 (0x00b69f13) x30 0x00000000
core   0: 0x80008a68 (0x4035db93) srai    s7, a1, 3
core   0: 3 0x80008a68 (0x4035db93) x23 0xff3e0750
core   0: 0x80008a6c (0x02a0e063) bltu    ra, a0, pc + 32
core   0: 3 0x80008a6c (0x02a0e063)
core   0: 0x80008a8c (0x0145d7b3) srl     a5, a1, s4
core   0: 3 0x80008a8c (0x0145d7b3) x15 0xf9f03a85
core   0: 0x80008a90 (0x02f7b8b3) mulhu   a7, a5, a5
core   0: 3 0x80008a90 (0x02f7b8b3) x17 0xf4053344
core   0: 0x80008a94 (0x03cf81b3) mul     gp, t6, t3
core   0: 3 0x80008a94 (0x03cf81b3) x 3 0x00000000
core   0: 0x80008a98 (0x021eecb3) rem     s9, t4, ra
core   0: 3 0x80008a98 (0x021eecb3) x25 0x00000000
core   0: 0x80008a9c (0x03b22db3) mulhsu  s11, tp, s11
core   0: 3 0x80008a9c (0x03b22db3) x27 0x00000000
core   0: 0x80008aa0 (0xc699e097) auipc   ra, 0xc699e
core   0: 3 0x80008aa0 (0xc699e097) x 1 0x469a6aa0
core   0: 0x80008aa4 (0x417d2c93) slti    s9, s10, 1047
core   0: 3 0x80008aa4 (0x417d2c93) x25 0x00000001
core   0: 0x80008aa8 (0x41c9d913) srai    s2, s3, 28
core   0: 3 0x80008aa8 (0x41c9d913) x18 0x00000000
core   0: 0x80008aac (0x01a2ea63) bltu    t0, s10, pc + 20
core   0: 3 0x80008aac (0x01a2ea63)
core   0: 0x80008ab0 (0x0270fe63) bgeu    ra, t2, pc + 60
core   0: 3 0x80008ab0 (0x0270fe63)
core   0: 0x80008aec (0x40be8db3) sub     s11, t4, a1
core   0: 3 0x80008aec (0x40be8db3) x27 0x060fc57b
core   0: 0x80008af0 (0x0370d263) bge     ra, s7, pc + 36
core   0: 3 0x80008af0 (0x0370d263)
core   0: 0x80008b14 (0x41965f13) srai    t5, a2, 25
core   0: 3 0x80008b14 (0x41965f13) x30 0x00000000
core   0: 0x80008b18 (0x014fdd93) srli    s11, t6, 20
core   0: 3 0x80008b18 (0x014fdd93) x27 0x00000800
core   0: 0x80008b1c (0x68d46d93) ori     s11, s0, 1677
core   0: 3 0x80008b1c (0x68d46d93) x27 0x0000068d
core   0: 0x80008b20 (0x00333eb3) sltu    t4, t1, gp
core   0: 3 0x80008b20 (0x00333eb3) x29 0x00000000
core   0: 0x80008b24 (0x7d694313) xori    t1, s2, 2006
core   0: 3 0x80008b24 (0x7d694313) x 6 0x000007d6
core   0: 0x80008b28 (0x02f7cd33) div     s10, a5, a5
core   0: 3 0x80008b28 (0x02f7cd33) x26 0x00000001
core   0: 0x80008b2c (0x03bbf7b3) remu    a5, s7, s11
core   0: 3 0x80008b2c (0x03bbf7b3) x15 0x000001d3
core   0: 0x80008b30 (0x01ab02b3) add     t0, s6, s10
core   0: 3 0x80008b30 (0x01ab02b3) x 5 0x00044fa5
core   0: 0x80008b34 (0x03300a63) beq     zero, s3, pc + 52
core   0: 3 0x80008b34 (0x03300a63)
core   0: 0x80008b68 (0x017c36b3) sltu    a3, s8, s7
core   0: 3 0x80008b68 (0x017c36b3) x13 0x00000001
core   0: 0x80008b6c (0x01682bb3) slt     s7, a6, s6
core   0: 3 0x80008b6c (0x01682bb3) x23 0x00000001
core   0: 0x80008b70 (0x02734663) blt     t1, t2, pc + 44
core   0: 3 0x80008b70 (0x02734663)
core   0: 0x80008b74 (0x61bacc13) xori    s8, s5, 1563
core   0: 3 0x80008b74 (0x61bacc13) x24 0x0000061b
core   0: 0x80008b78 (0x40a508b3) sub     a7, a0, a0
core   0: 3 0x80008b78 (0x40a508b3) x17 0x00000000
core   0: 0x80008b7c (0x0337fa63) bgeu    a5, s3, pc + 52
core   0: 3 0x80008b7c (0x0337fa63)
core   0: 0x80008bb0 (0x029745b3) div     a1, a4, s1
core   0: 3 0x80008bb0 (0x029745b3) x11 0x00000000
core   0: 0x80008bb4 (0x017a1f33) sll     t5, s4, s7
core   0: 3 0x80008bb4 (0x017a1f33) x30 0x84977180
core   0: 0x80008bb8 (0x036909b3) mul     s3, s2, s6
core   0: 3 0x80008bb8 (0x036909b3) x19 0x00000000
core   0: 0x80008bbc (0xa6e849b7) lui     s3, 0xa6e84
core   0: 3 0x80008bbc (0xa6e849b7) x19 0xa6e84000
core   0: 0x80008bc0 (0x6a3c2893) slti    a7, s8, 1699
core   0: 3 0x80008bc0 (0x6a3c2893) x17 0x00000001
core   0: 0x80008bc4 (0x01e296b3) sll     a3, t0, t5
core   0: 3 0x80008bc4 (0x01e296b3) x13 0x00044fa5
core   0: 0x80008bc8 (0x012d8db3) add     s11, s11, s2
core   0: 3 0x80008bc8 (0x012d8db3) x27 0x0000068d
core   0: 0x80008bcc (0x02773db3) mulhu   s11, a4, t2
core   0: 3 0x80008bcc (0x02773db3) x27 0x00000000
core   0: 0x80008bd0 (0x4037d433) sra     s0, a5, gp
core   0: 3 0x80008bd0 (0x4037d433) x 8 0x000001d3
core   0: 0x80008bd4 (0x01f16cb3) or      s9, sp, t6
core   0: 3 0x80008bd4 (0x01f16cb3) x25 0x80025e24
core   0: 0x80008bd8 (0x4099deb3) sra     t4, s3, s1
core   0: 3 0x80008bd8 (0x4099deb3) x29 0xfa6e8400
core   0: 0x80008bdc (0x41c8d313) srai    t1, a7, 28
core   0: 3 0x80008bdc (0x41c8d313) x 6 0x00000000
core   0: 0x80008be0 (0x31edae93) slti    t4, s11, 798
core   0: 3 0x80008be0 (0x31edae93) x29 0x00000001
core   0: 0x80008be4 (0x40648833) sub     a6, s1, t1
core   0: 3 0x80008be4 (0x40648833) x16 0x80029ce4
core   0: 0x80008be8 (0x02756e33) rem     t3, a0, t2
core   0: 3 0x80008be8 (0x02756e33) x28 0xffffff35
core   0: 0x80008bec (0xfa8b8193) addi    gp, s7, -88
core   0: 3 0x80008bec (0xfa8b8193) x 3 0xffffffa9
core   0: 0x80008bf0 (0x001a2f33) slt     t5, s4, ra
core   0: 3 0x80008bf0 (0x001a2f33) x30 0x00000001
core   0: 0x80008bf4 (0x00ef17b3) sll     a5, t5, a4
core   0: 3 0x80008bf4 (0x00ef17b3) x15 0x00000004
core   0: 0x80008bf8 (0x9c3d8313) addi    t1, s11, -1597
core   0: 3 0x80008bf8 (0x9c3d8313) x 6 0xfffff9c3
core   0: 0x80008bfc (0xbe6bbb93) sltiu   s7, s7, -1050
core   0: 3 0x80008bfc (0xbe6bbb93) x23 0x00000001
core   0: 0x80008c00 (0x58676293) ori     t0, a4, 1414
core   0: 3 0x80008c00 (0x58676293) x 5 0x00000586
core   0: 0x80008c04 (0xdd0e4e93) xori    t4, t3, -560
core   0: 3 0x80008c04 (0xdd0e4e93) x29 0x000002e5
core   0: 0x80008c08 (0xb644e913) ori     s2, s1, -1180
core   0: 3 0x80008c08 (0xb644e913) x18 0xffffffe4
core   0: 0x80008c0c (0x01d3ac33) slt     s8, t2, t4
core   0: 3 0x80008c0c (0x01d3ac33) x24 0x00000000
core   0: 0x80008c10 (0x0211d0b3) divu    ra, gp, ra
core   0: 3 0x80008c10 (0x0211d0b3) x 1 0x00000003
core   0: 0x80008c14 (0x01259913) slli    s2, a1, 18
core   0: 3 0x80008c14 (0x01259913) x18 0x00000000
core   0: 0x80008c18 (0x02112b33) mulhsu  s6, sp, ra
core   0: 3 0x80008c18 (0x02112b33) x22 0xfffffffe
core   0: 0x80008c1c (0x034dce63) blt     s11, s4, pc + 60
core   0: 3 0x80008c1c (0x034dce63)
core   0: 0x80008c58 (0x05a6c663) blt     a3, s10, pc + 76
core   0: 3 0x80008c58 (0x05a6c663)
core   0: 0x80008c5c (0x02b325b3) mulhsu  a1, t1, a1
core   0: 3 0x80008c5c (0x02b325b3) x11 0x00000000
core   0: 0x80008c60 (0x4179dc33) sra     s8, s3, s7
core   0: 3 0x80008c60 (0x4179dc33) x24 0xd3742000
core   0: 0x80008c64 (0x016d9913) slli    s2, s11, 22
core   0: 3 0x80008c64 (0x016d9913) x18 0x00000000
core   0: 0x80008c68 (0x40b0d2b3) sra     t0, ra, a1
core   0: 3 0x80008c68 (0x40b0d2b3) x 5 0x00000003
core   0: 0x80008c6c (0x0014c833) xor     a6, s1, ra
core   0: 3 0x80008c6c (0x0014c833) x16 0x80029ce7
core   0: 0x80008c70 (0x95507d13) andi    s10, zero, -1707
core   0: 3 0x80008c70 (0x95507d13) x26 0x00000000
core   0: 0x80008c74 (0x01f70233) add     tp, a4, t6
core   0: 3 0x80008c74 (0x01f70233) x 4 0x80025e26
core   0: 0x80008c78 (0x8a1ead13) slti    s10, t4, -1887
core   0: 3 0x80008c78 (0x8a1ead13) x26 0x00000000
core   0: 0x80008c7c (0x0210c833) div     a6, ra, ra
core   0: 3 0x80008c7c (0x0210c833) x16 0x00000001
core   0: 0x80008c80 (0x01111613) slli    a2, sp, 17
core   0: 3 0x80008c80 (0x01111613) x12 0x00000000
core   0: 0x80008c84 (0x01269c33) sll     s8, a3, s2
core   0: 3 0x80008c84 (0x01269c33) x24 0x00044fa5
core   0: 0x80008c88 (0x02ca2433) mulhsu  s0, s4, a2
core   0: 3 0x80008c88 (0x02ca2433) x 8 0x00000000
core   0: 0x80008c8c (0x01ac5713) srli    a4, s8, 26
core   0: 3 0x80008c8c (0x01ac5713) x14 0x00000000
core   0: 0x80008c90 (0x015842b3) xor     t0, a6, s5
core   0: 3 0x80008c90 (0x015842b3) x 5 0x00000001
core   0: 0x80008c94 (0x049b5263) bge     s6, s1, pc + 68
core   0: 3 0x80008c94 (0x049b5263)
core   0: 0x80008cd8 (0x00000013) nop
core   0: 3 0x80008cd8 (0x00000013)
core   0: 0x80008cdc (0x02094663) bltz    s2, pc + 44
core   0: 3 0x80008cdc (0x02094663)
core   0: 0x80008ce0 (0x01429413) slli    s0, t0, 20
core   0: 3 0x80008ce0 (0x01429413) x 8 0x00100000
core   0: 0x80008ce4 (0x037dd333) divu    t1, s11, s7
core   0: 3 0x80008ce4 (0x037dd333) x 6 0x00000000
core   0: 0x80008ce8 (0x0143be33) sltu    t3, t2, s4
core   0: 3 0x80008ce8 (0x0143be33) x28 0x00000001
core   0: 0x80008cec (0x033555b3) divu    a1, a0, s3
core   0: 3 0x80008cec (0x033555b3) x11 0x00000001
core   0: 0x80008cf0 (0x00000013) nop
core   0: 3 0x80008cf0 (0x00000013)
core   0: 0x80008cf4 (0x00f6a9b3) slt     s3, a3, a5
core   0: 3 0x80008cf4 (0x00f6a9b3) x19 0x00000000
core   0: 0x80008cf8 (0x02dc9c33) mulh    s8, s9, a3
core   0: 3 0x80008cf8 (0x02dc9c33) x24 0xfffdd837
core   0: 0x80008cfc (0x0053b1b3) sltu    gp, t2, t0
core   0: 3 0x80008cfc (0x0053b1b3) x 3 0x00000000
core   0: 0x80008d00 (0x01667333) and     t1, a2, s6
core   0: 3 0x80008d00 (0x01667333) x 6 0x00000000
core   0: 0x80008d04 (0x00332b33) slt     s6, t1, gp
core   0: 3 0x80008d04 (0x00332b33) x22 0x00000000
core   0: 0x80008d08 (0x4dbf2593) slti    a1, t5, 1243
core   0: 3 0x80008d08 (0x4dbf2593) x11 0x00000001
core   0: 0x80008d0c (0x010f8663) beq     t6, a6, pc + 12
core   0: 3 0x80008d0c (0x010f8663)
core   0: 0x80008d10 (0x03e3dbb3) divu    s7, t2, t5
core   0: 3 0x80008d10 (0x03e3dbb3) x23 0x0000073b
core   0: 0x80008d14 (0xfcf6f6b7) lui     a3, 0xfcf6f
core   0: 3 0x80008d14 (0xfcf6f6b7) x13 0xfcf6f000
core   0: 0x80008d18 (0x03a49e63) bne     s1, s10, pc + 60
core   0: 3 0x80008d18 (0x03a49e63)
core   0: 0x80008d54 (0x011658b3) srl     a7, a2, a7
core   0: 3 0x80008d54 (0x011658b3) x17 0x00000000
core   0: 0x80008d58 (0x005653b3) srl     t2, a2, t0
core   0: 3 0x80008d58 (0x005653b3) x 7 0x00000000
core   0: 0x80008d5c (0x025cabb3) mulhsu  s7, s9, t0
core   0: 3 0x80008d5c (0x025cabb3) x23 0xffffffff
core   0: 0x80008d60 (0x01fe5413) srli    s0, t3, 31
core   0: 3 0x80008d60 (0x01fe5413) x 8 0x00000000
core   0: 0x80008d64 (0x01f186b3) add     a3, gp, t6
core   0: 3 0x80008d64 (0x01f186b3) x13 0x80025e24
core   0: 0x80008d68 (0x02465db3) divu    s11, a2, tp
core   0: 3 0x80008d68 (0x02465db3) x27 0x00000000
core   0: 0x80008d6c (0x0242a3b3) mulhsu  t2, t0, tp
core   0: 3 0x80008d6c (0x0242a3b3) x 7 0x00000000
core   0: 0x80008d70 (0x017e0c63) beq     t3, s7, pc + 24
core   0: 3 0x80008d70 (0x017e0c63)
core   0: 0x80008d74 (0x2f30c613) xori    a2, ra, 755
core   0: 3 0x80008d74 (0x2f30c613) x12 0x000002f0
core   0: 0x80008d78 (0x047c9863) bne     s9, t2, pc + 80
core   0: 3 0x80008d78 (0x047c9863)
core   0: 0x80008dc8 (0x033f7633) remu    a2, t5, s3
core   0: 3 0x80008dc8 (0x033f7633) x12 0x00000001
core   0: 0x80008dcc (0x01511513) slli    a0, sp, 21
core   0: 3 0x80008dcc (0x01511513) x10 0x00000000
core   0: 0x80008dd0 (0x0261f663) bgeu    gp, t1, pc + 44
core   0: 3 0x80008dd0 (0x0261f663)
core   0: 0x80008dfc (0x00000013) nop
core   0: 3 0x80008dfc (0x00000013)
core   0: 0x80008e00 (0x013312b3) sll     t0, t1, s3
core   0: 3 0x80008e00 (0x013312b3) x 5 0x00000000
core   0: 0x80008e04 (0x40ba5b13) srai    s6, s4, 11
core   0: 3 0x80008e04 (0x40ba5b13) x22 0x00084977
core   0: 0x80008e08 (0x02c27a33) remu    s4, tp, a2
core   0: 3 0x80008e08 (0x02c27a33) x20 0x00000000
core   0: 0x80008e0c (0x01e4cf33) xor     t5, s1, t5
core   0: 3 0x80008e0c (0x01e4cf33) x30 0x80029ce5
core   0: 0x80008e10 (0xfa968c93) addi    s9, a3, -87
core   0: 3 0x80008e10 (0xfa968c93) x25 0x80025dcd
core   0: 0x80008e14 (0x948698b7) lui     a7, 0x94869
core   0: 3 0x80008e14 (0x948698b7) x17 0x94869000
core   0: 0x80008e18 (0x001b1a13) slli    s4, s6, 1
core   0: 3 0x80008e18 (0x001b1a13) x20 0x001092ee
core   0: 0x80008e1c (0x009ca233) slt     tp, s9, s1
core   0: 3 0x80008e1c (0x009ca233) x 4 0x00000001
core   0: 0x80008e20 (0x9f896293) ori     t0, s2, -1544
core   0: 3 0x80008e20 (0x9f896293) x 5 0xfffff9f8
core   0: 0x80008e24 (0x01fd4833) xor     a6, s10, t6
core   0: 3 0x80008e24 (0x01fd4833) x16 0x80025e24
core   0: 0x80008e28 (0x00a622b3) slt     t0, a2, a0
core   0: 3 0x80008e28 (0x00a622b3) x 5 0x00000000
core   0: 0x80008e2c (0x03f82e33) mulhsu  t3, a6, t6
core   0: 3 0x80008e2c (0x03f82e33) x28 0xc0000005
core   0: 0x80008e30 (0x2f243293) sltiu   t0, s0, 754
core   0: 3 0x80008e30 (0x2f243293) x 5 0x00000001
core   0: 0x80008e34 (0x0284e263) bltu    s1, s0, pc + 36
core   0: 3 0x80008e34 (0x0284e263)
core   0: 0x80008e38 (0x0143d793) srli    a5, t2, 20
core   0: 3 0x80008e38 (0x0143d793) x15 0x00000000
core   0: 0x80008e3c (0x00910e33) add     t3, sp, s1
core   0: 3 0x80008e3c (0x00910e33) x28 0x00029ce4
core   0: 0x80008e40 (0x00b5e393) ori     t2, a1, 11
core   0: 3 0x80008e40 (0x00b5e393) x 7 0x0000000b
core   0: 0x80008e44 (0x05e07263) bgeu    zero, t5, pc + 68
core   0: 3 0x80008e44 (0x05e07263)
core   0: 0x80008e48 (0x013938b3) sltu    a7, s2, s3
core   0: 3 0x80008e48 (0x013938b3) x17 0x00000000
core   0: 0x80008e4c (0x405ed833) sra     a6, t4, t0
core   0: 3 0x80008e4c (0x405ed833) x16 0x00000172
core   0: 0x80008e50 (0x034e4a63) blt     t3, s4, pc + 52
core   0: 3 0x80008e50 (0x034e4a63)
core   0: 0x80008e84 (0xf73b6917) auipc   s2, 0xf73b6
core   0: 3 0x80008e84 (0xf73b6917) x18 0x773bee84
core   0: 0x80008e88 (0x00000013) nop
core   0: 3 0x80008e88 (0x00000013)
core   0: 0x80008e8c (0x00f55b93) srli    s7, a0, 15
core   0: 3 0x80008e8c (0x00f55b93) x23 0x00000000
core   0: 0x80008e90 (0x41815db3) sra     s11, sp, s8
core   0: 3 0x80008e90 (0x41815db3) x27 0xffffff00
core   0: 0x80008e94 (0x417757b3) sra     a5, a4, s7
core   0: 3 0x80008e94 (0x417757b3) x15 0x00000000
core   0: 0x80008e98 (0x00743db3) sltu    s11, s0, t2
core   0: 3 0x80008e98 (0x00743db3) x27 0x00000001
core   0: 0x80008e9c (0x02adc933) div     s2, s11, a0
core   0: 3 0x80008e9c (0x02adc933) x18 0xffffffff
core   0: 0x80008ea0 (0x41cf5b33) sra     s6, t5, t3
core   0: 3 0x80008ea0 (0x41cf5b33) x22 0xf80029ce
core   0: 0x80008ea4 (0x58e14913) xori    s2, sp, 1422
core   0: 3 0x80008ea4 (0x58e14913) x18 0x8000058e
core   0: 0x80008ea8 (0x96b00e93) li      t4, -1685
core   0: 3 0x80008ea8 (0x96b00e93) x29 0xfffff96b
core   0: 0x80008eac (0x08069463) bnez    a3, pc + 136
core   0: 3 0x80008eac (0x08069463)
core   0: 0x80008f34 (0x0122d933) srl     s2, t0, s2
core   0: 3 0x80008f34 (0x0122d933) x18 0x00000000
core   0: 0x80008f38 (0x0ca86593) ori     a1, a6, 202
core   0: 3 0x80008f38 (0x0ca86593) x11 0x000001fa
core   0: 0x80008f3c (0x00cc2933) slt     s2, s8, a2
core   0: 3 0x80008f3c (0x00cc2933) x18 0x00000001
core   0: 0x80008f40 (0x03cc7863) bgeu    s8, t3, pc + 48
core   0: 3 0x80008f40 (0x03cc7863)
core   0: 0x80008f70 (0x68236797) auipc   a5, 0x68236
core   0: 3 0x80008f70 (0x68236797) x15 0xe823ef70
core   0: 0x80008f74 (0x01679a13) slli    s4, a5, 22
core   0: 3 0x80008f74 (0x01679a13) x20 0xdc000000
core   0: 0x80008f78 (0x00000013) nop
core   0: 3 0x80008f78 (0x00000013)
core   0: 0x80008f7c (0x0075d533) srl     a0, a1, t2
core   0: 3 0x80008f7c (0x0075d533) x10 0x00000000
core   0: 0x80008f80 (0x03ae9ab3) mulh    s5, t4, s10
core   0: 3 0x80008f80 (0x03ae9ab3) x21 0x00000000
core   0: 0x80008f84 (0x005d02b3) add     t0, s10, t0
core   0: 3 0x80008f84 (0x005d02b3) x 5 0x00000001
core   0: 0x80008f88 (0xdb9c3893) sltiu   a7, s8, -583
core   0: 3 0x80008f88 (0xdb9c3893) x17 0x00000001
core   0: 0x80008f8c (0x6aee0193) addi    gp, t3, 1710
core   0: 3 0x80008f8c (0x6aee0193) x 3 0x0002a392
core   0: 0x80008f90 (0x0090cd33) xor     s10, ra, s1
core   0: 3 0x80008f90 (0x0090cd33) x26 0x80029ce7
core   0: 0x80008f94 (0x026a5263) bge     s4, t1, pc + 36
core   0: 3 0x80008f94 (0x026a5263)
core   0: 0x80008f98 (0x02f918b3) mulh    a7, s2, a5
core   0: 3 0x80008f98 (0x02f918b3) x17 0xffffffff
core   0: 0x80008f9c (0x01a1ec63) bltu    gp, s10, pc + 24
core   0: 3 0x80008f9c (0x01a1ec63)
core   0: 0x80008fb4 (0x000986b3) add     a3, s3, zero
core   0: 3 0x80008fb4 (0x000986b3) x13 0x00000000
core   0: 0x80008fb8 (0x03414863) blt     sp, s4, pc + 48
core   0: 3 0x80008fb8 (0x03414863)
core   0: 0x80008fe8 (0x03424c33) div     s8, tp, s4
core   0: 3 0x80008fe8 (0x03424c33) x24 0x00000000
core   0: 0x80008fec (0x00000013) nop
core   0: 3 0x80008fec (0x00000013)
core   0: 0x80008ff0 (0x62e5ab17) auipc   s6, 0x62e5a
core   0: 3 0x80008ff0 (0x62e5ab17) x22 0xe2e62ff0
core   0: 0x80008ff4 (0x03ded833) divu    a6, t4, t4
core   0: 3 0x80008ff4 (0x03ded833) x16 0x00000001
core   0: 0x80008ff8 (0x40a6d433) sra     s0, a3, a0
core   0: 3 0x80008ff8 (0x40a6d433) x 8 0x00000000
core   0: 0x80008ffc (0x00ad5f13) srli    t5, s10, 10
core   0: 3 0x80008ffc (0x00ad5f13) x30 0x002000a7
core   0: 0x80009000 (0xe878a213) slti    tp, a7, -377
core   0: 3 0x80009000 (0xe878a213) x 4 0x00000000
core   0: 0x80009004 (0x0073d733) srl     a4, t2, t2
core   0: 3 0x80009004 (0x0073d733) x14 0x00000000
core   0: 0x80009008 (0x0c42a213) slti    tp, t0, 196
core   0: 3 0x80009008 (0x0c42a213) x 4 0x00000001
core   0: 0x8000900c (0x418fdd13) srai    s10, t6, 24
core   0: 3 0x8000900c (0x418fdd13) x26 0xffffff80
core   0: 0x80009010 (0xce578b93) addi    s7, a5, -795
core   0: 3 0x80009010 (0xce578b93) x23 0xe823ec55
core   0: 0x80009014 (0x0094d993) srli    s3, s1, 9
core   0: 3 0x80009014 (0x0094d993) x19 0x0040014e
core   0: 0x80009018 (0x02fb7063) bgeu    s6, a5, pc + 32
core   0: 3 0x80009018 (0x02fb7063)
core   0: 0x8000901c (0x01295c93) srli    s9, s2, 18
core   0: 3 0x8000901c (0x01295c93) x25 0x00000000
core   0: 0x80009020 (0x01be5f13) srli    t5, t3, 27
core   0: 3 0x80009020 (0x01be5f13) x30 0x00000000
core   0: 0x80009024 (0x03ee5db3) divu    s11, t3, t5
core   0: 3 0x80009024 (0x03ee5db3) x27 0xffffffff
core   0: 0x80009028 (0x00000013) nop
core   0: 3 0x80009028 (0x00000013)
core   0: 0x8000902c (0x0097f933) and     s2, a5, s1
core   0: 3 0x8000902c (0x0097f933) x18 0x80028c60
core   0: 0x80009030 (0xfc90b293) sltiu   t0, ra, -55
core   0: 3 0x80009030 (0xfc90b293) x 5 0x00000001
core   0: 0x80009034 (0xb9f38913) addi    s2, t2, -1121
core   0: 3 0x80009034 (0xb9f38913) x18 0xfffffbaa
core   0: 0x80009038 (0xb3df86b7) lui     a3, 0xb3df8
core   0: 3 0x80009038 (0xb3df86b7) x13 0xb3df8000
core   0: 0x8000903c (0x00aa4933) xor     s2, s4, a0
core   0: 3 0x8000903c (0x00aa4933) x18 0xdc000000
core   0: 0x80009040 (0x01dfcbb3) xor     s7, t6, t4
core   0: 3 0x80009040 (0x01dfcbb3) x23 0x7ffda74f
core   0: 0x80009044 (0x038b63b3) rem     t2, s6, s8
core   0: 3 0x80009044 (0x038b63b3) x 7 0xe2e62ff0
core   0: 0x80009048 (0x02b887b3) mul     a5, a7, a1
core   0: 3 0x80009048 (0x02b887b3) x15 0xfffffe06
core   0: 0x8000904c (0x01cc07b3) add     a5, s8, t3
core   0: 3 0x8000904c (0x01cc07b3) x15 0x00029ce4
core   0: 0x80009050 (0x00408c33) add     s8, ra, tp
core   0: 3 0x80009050 (0x00408c33) x24 0x00000004
core   0: 0x80009054 (0x00d6bf33) sltu    t5, a3, a3
core   0: 3 0x80009054 (0x00d6bf33) x30 0x00000000
core   0: 0x80009058 (0x41d75813) srai    a6, a4, 29
core   0: 3 0x80009058 (0x41d75813) x16 0x00000000
core   0: 0x8000905c (0x4179dc93) srai    s9, s3, 23
core   0: 3 0x8000905c (0x4179dc93) x25 0x00000000
core   0: 0x80009060 (0x02f07d33) remu    s10, zero, a5
core   0: 3 0x80009060 (0x02f07d33) x26 0x00000000
core   0: 0x80009064 (0x030346b3) div     a3, t1, a6
core   0: 3 0x80009064 (0x030346b3) x13 0xffffffff
core   0: 0x80009068 (0x02761eb3) mulh    t4, a2, t2
core   0: 3 0x80009068 (0x02761eb3) x29 0xffffffff
core   0: 0x8000906c (0x41565793) srai    a5, a2, 21
core   0: 3 0x8000906c (0x41565793) x15 0x00000000
core   0: 0x80009070 (0x4080d033) sra     zero, ra, s0
core   0: 3 0x80009070 (0x4080d033)
core   0: 0x80009074 (0x02bb4c63) blt     s6, a1, pc + 56
core   0: 3 0x80009074 (0x02bb4c63)
core   0: 0x800090ac (0x010f0d33) add     s10, t5, a6
core   0: 3 0x800090ac (0x010f0d33) x26 0x00000000
core   0: 0x800090b0 (0x0075eab3) or      s5, a1, t2
core   0: 3 0x800090b0 (0x0075eab3) x21 0xe2e62ffa
core   0: 0x800090b4 (0x01271b13) slli    s6, a4, 18
core   0: 3 0x800090b4 (0x01271b13) x22 0x00000000
core   0: 0x800090b8 (0x004fa083) lw      ra, 4(t6)
core   0: 3 0x800090b8 (0x004fa083) x 1 0x8000c0a8 mem 0x80025e28
core   0: 0x800090bc (0x01af9913) slli    s2, t6, 26
core   0: 3 0x800090bc (0x01af9913) x18 0x90000000
core   0: 0x800090c0 (0x00a51b93) slli    s7, a0, 10
core   0: 3 0x800090c0 (0x00a51b93) x23 0x00000000
core   0: 0x800090c4 (0x023f8333) mul     t1, t6, gp
core   0: 3 0x800090c4 (0x023f8333) x 6 0x3f929c88
core   0: 0x800090c8 (0xbbf76e13) ori     t3, a4, -1089
core   0: 3 0x800090c8 (0xbbf76e13) x28 0xfffffbbf
core   0: 0x800090cc (0x00d011b3) sll     gp, zero, a3
core   0: 3 0x800090cc (0x00d011b3) x 3 0x00000000
core   0: 0x800090d0 (0x00cf8f93) addi    t6, t6, 12
core   0: 3 0x800090d0 (0x00cf8f93) x31 0x80025e30
core   0: 0x800090d4 (0x00000013) nop
core   0: 3 0x800090d4 (0x00000013)
core   0: 0x800090d8 (0x00008693) mv      a3, ra
core   0: 3 0x800090d8 (0x00008693) x13 0x8000c0a8
core   0: 0x800090dc (0x000686e7) jalr    a3, a3, 0
core   0: 3 0x800090dc (0x000686e7) x13 0x800090e0
core   0: 0x8000c0a8 (0x02bd85b3) mul     a1, s11, a1
core   0: 3 0x8000c0a8 (0x02bd85b3) x11 0xfffffe06
core   0: 0x8000c0ac (0x00749b93) slli    s7, s1, 7
core   0: 3 0x8000c0ac (0x00749b93) x23 0x014e7200
core   0: 0x8000c0b0 (0x020c4333) div     t1, s8, zero
core   0: 3 0x8000c0b0 (0x020c4333) x 6 0xffffffff
core   0: 0x8000c0b4 (0x0057d263) bge     a5, t0, pc + 4
core   0: 3 0x8000c0b4 (0x0057d263)
core   0: 0x8000c0b8 (0x0371fdb3) remu    s11, gp, s7
core   0: 3 0x8000c0b8 (0x0371fdb3) x27 0x00000000
core   0: 0x8000c0bc (0x02804863) blt     zero, s0, pc + 48
core   0: 3 0x8000c0bc (0x02804863)
core   0: 0x8000c0c0 (0x01aa7c63) bgeu    s4, s10, pc + 24
core   0: 3 0x8000c0c0 (0x01aa7c63)
core   0: 0x8000c0d8 (0xc16b3913) sltiu   s2, s6, -1002
core   0: 3 0x8000c0d8 (0xc16b3913) x18 0x00000001
core   0: 0x8000c0dc (0x92c37893) andi    a7, t1, -1748
core   0: 3 0x8000c0dc (0x92c37893) x17 0xfffff92c
core   0: 0x8000c0e0 (0x29850293) addi    t0, a0, 664
core   0: 3 0x8000c0e0 (0x29850293) x 5 0x00000298
core   0: 0x8000c0e4 (0x00b7de13) srli    t3, a5, 11
core   0: 3 0x8000c0e4 (0x00b7de13) x28 0x00000000
core   0: 0x8000c0e8 (0x0035b533) sltu    a0, a1, gp
core   0: 3 0x8000c0e8 (0x0035b533) x10 0x00000000
core   0: 0x8000c0ec (0x7186ed93) ori     s11, a3, 1816
core   0: 3 0x8000c0ec (0x7186ed93) x27 0x800097f8
core   0: 0x8000c0f0 (0x03d71db3) mulh    s11, a4, t4
core   0: 3 0x8000c0f0 (0x03d71db3) x27 0x00000000
core   0: 0x8000c0f4 (0x02897633) remu    a2, s2, s0
core   0: 3 0x8000c0f4 (0x02897633) x12 0x00000001
core   0: 0x8000c0f8 (0xc8967717) auipc   a4, 0xc8967
core   0: 3 0x8000c0f8 (0xc8967717) x14 0x489730f8
core   0: 0x8000c0fc (0x0142eab3) or      s5, t0, s4
core   0: 3 0x8000c0fc (0x0142eab3) x21 0xdc000298
core   0: 0x8000c100 (0xa4942097) auipc   ra, 0xa4942
core   0: 3 0x8000c100 (0xa4942097) x 1 0x2494e100
core   0: 0x8000c104 (0x03f38eb3) mul     t4, t2, t6
core   0: 3 0x8000c104 (0x03f38eb3) x29 0x70a31d00
core   0: 0x8000c108 (0x9072ed93) ori     s11, t0, -1785
core   0: 3 0x8000c108 (0x9072ed93) x27 0xfffffb9f
core   0: 0x8000c10c (0xbaf24393) xori    t2, tp, -1105
core   0: 3 0x8000c10c (0xbaf24393) x 7 0xfffffbae
core   0: 0x8000c110 (0x024e4533) div     a0, t3, tp
core   0: 3 0x8000c110 (0x024e4533) x10 0x00000000
core   0: 0x8000c114 (0x015cc6b3) xor     a3, s9, s5
core   0: 3 0x8000c114 (0x015cc6b3) x13 0xdc000298
core   0: 0x8000c118 (0x00000013) nop
core   0: 3 0x8000c118 (0x00000013)
core   0: 0x8000c11c (0x0344e7b3) rem     a5, s1, s4
core   0: 3 0x8000c11c (0x0344e7b3) x15 0xec029ce4
core   0: 0x8000c120 (0x034d2633) mulhsu  a2, s10, s4
core   0: 3 0x8000c120 (0x034d2633) x12 0x00000000
core   0: 0x8000c124 (0x00e21663) bne     tp, a4, pc + 12
core   0: 3 0x8000c124 (0x00e21663)
core   0: 0x8000c130 (0x004dd1b3) srl     gp, s11, tp
core   0: 3 0x8000c130 (0x004dd1b3) x 3 0x7ffffdcf
core   0: 0x8000c134 (0x020eac33) mulhsu  s8, t4, zero
core   0: 3 0x8000c134 (0x020eac33) x24 0x00000000
core   0: 0x8000c138 (0x02d5e6b3) rem     a3, a1, a3
core   0: 3 0x8000c138 (0x02d5e6b3) x13 0xfffffe06
core   0: 0x8000c13c (0x00000013) nop
core   0: 3 0x8000c13c (0x00000013)
core   0: 0x8000c140 (0x7b5e2e13) slti    t3, t3, 1973
core   0: 3 0x8000c140 (0x7b5e2e13) x28 0x00000001
core   0: 0x8000c144 (0x0221a7b3) mulhsu  a5, gp, sp
core   0: 3 0x8000c144 (0x0221a7b3) x15 0x3ffffee7
core   0: 0x8000c148 (0x401a5433) sra     s0, s4, ra
core   0: 3 0x8000c148 (0x401a5433) x 8 0xdc000000
core   0: 0x8000c14c (0x0191b7b3) sltu    a5, gp, s9
core   0: 3 0x8000c14c (0x0191b7b3) x15 0x00000000
core   0: 0x8000c150 (0x4cdd3b13) sltiu   s6, s10, 1229
core   0: 3 0x8000c150 (0x4cdd3b13) x22 0x00000001
core   0: 0x8000c154 (0x00000013) nop
core   0: 3 0x8000c154 (0x00000013)
core   0: 0x8000c158 (0x02e5c863) blt     a1, a4, pc + 48
core   0: 3 0x8000c158 (0x02e5c863)
core   0: 0x8000c188 (0x01f1dab3) srl     s5, gp, t6
core   0: 3 0x8000c188 (0x01f1dab3) x21 0x00007fff
core   0: 0x8000c18c (0xd0a0c693) xori    a3, ra, -758
core   0: 3 0x8000c18c (0xd0a0c693) x13 0xdb6b1c0a
core   0: 0x8000c190 (0x034c7d33) remu    s10, s8, s4
core   0: 3 0x8000c190 (0x034c7d33) x26 0x00000000
core   0: 0x8000c194 (0x20b4c037) lui     zero, 0x20b4c
core   0: 3 0x8000c194 (0x20b4c037)
core   0: 0x8000c198 (0x00d85913) srli    s2, a6, 13
core   0: 3 0x8000c198 (0x00d85913) x18 0x00000000
core   0: 0x8000c19c (0x36f23d93) sltiu   s11, tp, 879
core   0: 3 0x8000c19c (0x36f23d93) x27 0x00000001
core   0: 0x8000c1a0 (0x1dddcd13) xori    s10, s11, 477
core   0: 3 0x8000c1a0 (0x1dddcd13) x26 0x000001dc
core   0: 0x8000c1a4 (0x406659b3) sra     s3, a2, t1
core   0: 3 0x8000c1a4 (0x406659b3) x19 0x00000000
core   0: 0x8000c1a8 (0x00000013) nop
core   0: 3 0x8000c1a8 (0x00000013)
core   0: 0x8000c1ac (0x02673933) mulhu   s2, a4, t1
core   0: 3 0x8000c1ac (0x02673933) x18 0x489730f7
core   0: 0x8000c1b0 (0x02228a63) beq     t0, sp, pc + 52
core   0: 3 0x8000c1b0 (0x02228a63)
core   0: 0x8000c1b4 (0x2bf04e93) xori    t4, zero, 703
core   0: 3 0x8000c1b4 (0x2bf04e93) x29 0x000002bf
core   0: 0x8000c1b8 (0x0271e2b3) rem     t0, gp, t2
core   0: 3 0x8000c1b8 (0x0271e2b3) x 5 0x000001eb
core   0: 0x8000c1bc (0x03649bb3) mulh    s7, s1, s6
core   0: 3 0x8000c1bc (0x03649bb3) x23 0xffffffff
core   0: 0x8000c1c0 (0x02004c33) div     s8, zero, zero
core   0: 3 0x8000c1c0 (0x02004c33) x24 0xffffffff
core   0: 0x8000c1c4 (0x02bb0cb3) mul     s9, s6, a1
core   0: 3 0x8000c1c4 (0x02bb0cb3) x25 0xfffffe06
core   0: 0x8000c1c8 (0xc2638193) addi    gp, t2, -986
core   0: 3 0x8000c1c8 (0xc2638193) x 3 0xfffff7d4
core   0: 0x8000c1cc (0x00cb5093) srli    ra, s6, 12
core   0: 3 0x8000c1cc (0x00cb5093) x 1 0x00000000
core   0: 0x8000c1d0 (0x0081c633) xor     a2, gp, s0
core   0: 3 0x8000c1d0 (0x0081c633) x12 0x23fff7d4
core   0: 0x8000c1d4 (0x00000013) nop
core   0: 3 0x8000c1d4 (0x00000013)
core   0: 0x8000c1d8 (0x01b3d833) srl     a6, t2, s11
core   0: 3 0x8000c1d8 (0x01b3d833) x16 0x7ffffdd7
core   0: 0x8000c1dc (0x037ca3b3) mulhsu  t2, s9, s7
core   0: 3 0x8000c1dc (0x037ca3b3) x 7 0xfffffe06
core   0: 0x8000c1e0 (0x40760033) sub     zero, a2, t2
core   0: 3 0x8000c1e0 (0x40760033)
core   0: 0x8000c1e4 (0x00bba533) slt     a0, s7, a1
core   0: 3 0x8000c1e4 (0x00bba533) x10 0x00000000
core   0: 0x8000c1e8 (0x9c4ec393) xori    t2, t4, -1596
core   0: 3 0x8000c1e8 (0x9c4ec393) x 7 0xfffffb7b
core   0: 0x8000c1ec (0x002dfeb3) and     t4, s11, sp
core   0: 3 0x8000c1ec (0x002dfeb3) x29 0x00000000
core   0: 0x8000c1f0 (0x545a8c93) addi    s9, s5, 1349
core   0: 3 0x8000c1f0 (0x545a8c93) x25 0x00008544
core   0: 0x8000c1f4 (0x40595813) srai    a6, s2, 5
core   0: 3 0x8000c1f4 (0x40595813) x16 0x0244b987
core   0: 0x8000c1f8 (0xe2c5ab93) slti    s7, a1, -468
core   0: 3 0x8000c1f8 (0xe2c5ab93) x23 0x00000001
core   0: 0x8000c1fc (0x3b2b5b97) auipc   s7, 0x3b2b5
core   0: 3 0x8000c1fc (0x3b2b5b97) x23 0xbb2c11fc
core   0: 0x8000c200 (0x02df78b3) remu    a7, t5, a3
core   0: 3 0x8000c200 (0x02df78b3) x17 0x00000000
core   0: 0x8000c204 (0x5ee8e893) ori     a7, a7, 1518
core   0: 3 0x8000c204 (0x5ee8e893) x17 0x000005ee
core   0: 0x8000c208 (0x406dd3b3) sra     t2, s11, t1
core   0: 3 0x8000c208 (0x406dd3b3) x 7 0x00000000
core   0: 0x8000c20c (0x005c1193) slli    gp, s8, 5
core   0: 3 0x8000c20c (0x005c1193) x 3 0xffffffe0
core   0: 0x8000c210 (0x00145c33) srl     s8, s0, ra
core   0: 3 0x8000c210 (0x00145c33) x24 0xdc000000
core   0: 0x8000c214 (0x35b06c13) ori     s8, zero, 859
core   0: 3 0x8000c214 (0x35b06c13) x24 0x0000035b
core   0: 0x8000c218 (0x00218c63) beq     gp, sp, pc + 24
core   0: 3 0x8000c218 (0x00218c63)
core   0: 0x8000c21c (0x00c456b3) srl     a3, s0, a2
core   0: 3 0x8000c21c (0x00c456b3) x13 0x00000dc0
core   0: 0x8000c220 (0x003a8c63) beq     s5, gp, pc + 24
core   0: 3 0x8000c220 (0x003a8c63)
core   0: 0x8000c224 (0x001fb033) sltu    zero, t6, ra
core   0: 3 0x8000c224 (0x001fb033)
core   0: 0x8000c228 (0x015fdb33) srl     s6, t6, s5
core   0: 3 0x8000c228 (0x015fdb33) x22 0x00000001
core   0: 0x8000c22c (0x01df5a33) srl     s4, t5, t4
core   0: 3 0x8000c22c (0x01df5a33) x20 0x00000000
core   0: 0x8000c230 (0x62349d17) auipc   s10, 0x62349
core   0: 3 0x8000c230 (0x62349d17) x26 0xe2355230
core   0: 0x8000c234 (0x00805c33) srl     s8, zero, s0
core   0: 3 0x8000c234 (0x00805c33) x24 0x00000000
core   0: 0x8000c238 (0x07987863) bgeu    a6, s9, pc + 112
core   0: 3 0x8000c238 (0x07987863)
core   0: 0x8000c2a8 (0x0107f863) bgeu    a5, a6, pc + 16
core   0: 3 0x8000c2a8 (0x0107f863)
core   0: 0x8000c2ac (0x00000013) nop
core   0: 3 0x8000c2ac (0x00000013)
core   0: 0x8000c2b0 (0x76a77813) andi    a6, a4, 1898
core   0: 3 0x8000c2b0 (0x76a77813) x16 0x00000068
core   0: 0x8000c2b4 (0x03f9f263) bgeu    s3, t6, pc + 36
core   0: 3 0x8000c2b4 (0x03f9f263)
core   0: 0x8000c2b8 (0x00c7f9b3) and     s3, a5, a2
core   0: 3 0x8000c2b8 (0x00c7f9b3) x19 0x00000000
core   0: 0x8000c2bc (0x00000013) nop
core   0: 3 0x8000c2bc (0x00000013)
core   0: 0x8000c2c0 (0x01da57b3) srl     a5, s4, t4
core   0: 3 0x8000c2c0 (0x01da57b3) x15 0x00000000
core   0: 0x8000c2c4 (0x033716b3) mulh    a3, a4, s3
core   0: 3 0x8000c2c4 (0x033716b3) x13 0x00000000
core   0: 0x8000c2c8 (0x41f350b3) sra     ra, t1, t6
core   0: 3 0x8000c2c8 (0x41f350b3) x 1 0xffffffff
core   0: 0x8000c2cc (0x01ba2633) slt     a2, s4, s11
core   0: 3 0x8000c2cc (0x01ba2633) x12 0x00000001
core   0: 0x8000c2d0 (0xf92e4993) xori    s3, t3, -110
core   0: 3 0x8000c2d0 (0xf92e4993) x19 0xffffff93
core   0: 0x8000c2d4 (0x90233793) sltiu   a5, t1, -1790
core   0: 3 0x8000c2d4 (0x90233793) x15 0x00000000
core   0: 0x8000c2d8 (0x02024833) div     a6, tp, zero
core   0: 3 0x8000c2d8 (0x02024833) x16 0xffffffff
core   0: 0x8000c2dc (0x0251ee33) rem     t3, gp, t0
core   0: 3 0x8000c2dc (0x0251ee33) x28 0xffffffe0
core   0: 0x8000c2e0 (0x03720ab3) mul     s5, tp, s7
core   0: 3 0x8000c2e0 (0x03720ab3) x21 0xbb2c11fc
core   0: 0x8000c2e4 (0x41b88333) sub     t1, a7, s11
core   0: 3 0x8000c2e4 (0x41b88333) x 6 0x000005ed
core   0: 0x8000c2e8 (0x4967bd93) sltiu   s11, a5, 1174
core   0: 3 0x8000c2e8 (0x4967bd93) x27 0x00000001
core   0: 0x8000c2ec (0x00f4a333) slt     t1, s1, a5
core   0: 3 0x8000c2ec (0x00f4a333) x 6 0x00000001
core   0: 0x8000c2f0 (0x01ceee63) bltu    t4, t3, pc + 28
core   0: 3 0x8000c2f0 (0x01ceee63)
core   0: 0x8000c30c (0x01d8ac33) slt     s8, a7, t4
core   0: 3 0x8000c30c (0x01d8ac33) x24 0x00000000
core   0: 0x8000c310 (0x02443f33) mulhu   t5, s0, tp
core   0: 3 0x8000c310 (0x02443f33) x30 0x00000000
core   0: 0x8000c314 (0x00ba4833) xor     a6, s4, a1
core   0: 3 0x8000c314 (0x00ba4833) x16 0xfffffe06
core   0: 0x8000c318 (0x02cce263) bltu    s9, a2, pc + 36
core   0: 3 0x8000c318 (0x02cce263)
core   0: 0x8000c31c (0x036fe793) ori     a5, t6, 54
core   0: 3 0x8000c31c (0x036fe793) x15 0x80025e36
core   0: 0x8000c320 (0x00d61e63) bne     a2, a3, pc + 28
core   0: 3 0x8000c320 (0x00d61e63)
core   0: 0x8000c33c (0x4c024613) xori    a2, tp, 1216
core   0: 3 0x8000c33c (0x4c024613) x12 0x000004c1
core   0: 0x8000c340 (0x02471b33) mulh    s6, a4, tp
core   0: 3 0x8000c340 (0x02471b33) x22 0x00000000
core   0: 0x8000c344 (0x004fa083) lw      ra, 4(t6)
core   0: 3 0x8000c344 (0x004fa083) x 1 0x80003e38 mem 0x80025e34
core   0: 0x8000c348 (0x02f61333) mulh    t1, a2, a5
core   0: 3 0x8000c348 (0x02f61333) x 6 0xfffffd9f
core   0: 0x8000c34c (0x034f8f93) addi    t6, t6, 52
core   0: 3 0x8000c34c (0x034f8f93) x31 0x80025e64
core   0: 0x8000c350 (0xdf97b893) sltiu   a7, a5, -519
core   0: 3 0x8000c350 (0xdf97b893) x17 0x00000001
core   0: 0x8000c354 (0x03691533) mulh    a0, s2, s6
core   0: 3 0x8000c354 (0x03691533) x10 0x00000000
core   0: 0x8000c358 (0x4052db13) srai    s6, t0, 5
core   0: 3 0x8000c358 (0x4052db13) x22 0x0000000f
core   0: 0x8000c35c (0x226cc193) xori    gp, s9, 550
core   0: 3 0x8000c35c (0x226cc193) x 3 0x00008762
core   0: 0x8000c360 (0x00482eb3) slt     t4, a6, tp
core   0: 3 0x8000c360 (0x00482eb3) x29 0x00000001
core   0: 0x8000c364 (0x00aad8b3) srl     a7, s5, a0
core   0: 3 0x8000c364 (0x00aad8b3) x17 0xbb2c11fc
core   0: 0x8000c368 (0x01fe8893) addi    a7, t4, 31
core   0: 3 0x8000c368 (0x01fe8893) x17 0x00000020
core   0: 0x8000c36c (0x03910433) mul     s0, sp, s9
core   0: 3 0x8000c36c (0x03910433) x 8 0x00000000
core   0: 0x8000c370 (0x00008313) mv      t1, ra
core   0: 3 0x8000c370 (0x00008313) x 6 0x80003e38
core   0: 0x8000c374 (0x00030367) jalr    t1, t1, 0
core   0: 3 0x8000c374 (0x00030367) x 6 0x8000c378
core   0: 0x80003e38 (0x41690e33) sub     t3, s2, s6
core   0: 3 0x80003e38 (0x41690e33) x28 0x489730e8
core   0: 0x80003e3c (0x05bb9263) bne     s7, s11, pc + 68
core   0: 3 0x80003e3c (0x05bb9263)
core   0: 0x80003e80 (0x03223db3) mulhu   s11, tp, s2
core   0: 3 0x80003e80 (0x03223db3) x27 0x00000000
core   0: 0x80003e84 (0x0b914463) blt     sp, s9, pc + 168
core   0: 3 0x80003e84 (0x0b914463)
core   0: 0x80003f2c (0x00b8f833) and     a6, a7, a1
core   0: 3 0x80003f2c (0x00b8f833) x16 0x00000000
core   0: 0x80003f30 (0x04078663) beqz    a5, pc + 76
core   0: 3 0x80003f30 (0x04078663)
core   0: 0x80003f34 (0x518ef393) andi    t2, t4, 1304
core   0: 3 0x80003f34 (0x518ef393) x 7 0x00000000
core   0: 0x80003f38 (0x036de633) rem     a2, s11, s6
core   0: 3 0x80003f38 (0x036de633) x12 0x00000000
core   0: 0x80003f3c (0x04e07863) bgeu    zero, a4, pc + 80
core   0: 3 0x80003f3c (0x04e07863)
core   0: 0x80003f40 (0x41f5db93) srai    s7, a1, 31
core   0: 3 0x80003f40 (0x41f5db93) x23 0xffffffff
core   0: 0x80003f44 (0x41398cb3) sub     s9, s3, s3
core   0: 3 0x80003f44 (0x41398cb3) x25 0x00000000
core   0: 0x80003f48 (0x0398c463) blt     a7, s9, pc + 40
core   0: 3 0x80003f48 (0x0398c463)
core   0: 0x80003f4c (0x016191b3) sll     gp, gp, s6
core   0: 3 0x80003f4c (0x016191b3) x 3 0x43b10000
core   0: 0x80003f50 (0x03a20c63) beq     tp, s10, pc + 56
core   0: 3 0x80003f50 (0x03a20c63)
core   0: 0x80003f54 (0x02316733) rem     a4, sp, gp
core   0: 3 0x80003f54 (0x02316733) x14 0xc3b10000
core   0: 0x80003f58 (0x63fb0e13) addi    t3, s6, 1599
core   0: 3 0x80003f58 (0x63fb0e13) x28 0x0000064e
core   0: 0x80003f5c (0xc2f53e97) auipc   t4, 0xc2f53
core   0: 3 0x80003f5c (0xc2f53e97) x29 0x42f56f5c
core   0: 0x80003f60 (0x2f449b37) lui     s6, 0x2f449
core   0: 3 0x80003f60 (0x2f449b37) x22 0x2f449000
core   0: 0x80003f64 (0x01620663) beq     tp, s6, pc + 12
core   0: 3 0x80003f64 (0x01620663)
core   0: 0x80003f68 (0x001fb6b3) sltu    a3, t6, ra
core   0: 3 0x80003f68 (0x001fb6b3) x13 0x00000000
core   0: 0x80003f6c (0x41c10833) sub     a6, sp, t3
core   0: 3 0x80003f6c (0x41c10833) x16 0x7ffff9b2
core   0: 0x80003f70 (0x01e3ea33) or      s4, t2, t5
core   0: 3 0x80003f70 (0x01e3ea33) x20 0x00000000
core   0: 0x80003f74 (0x01ed1b33) sll     s6, s10, t5
core   0: 3 0x80003f74 (0x01ed1b33) x22 0xe2355230
core   0: 0x80003f78 (0x01c075b3) and     a1, zero, t3
core   0: 3 0x80003f78 (0x01c075b3) x11 0x00000000
core   0: 0x80003f7c (0xad6adc17) auipc   s8, 0xad6ad
core   0: 3 0x80003f7c (0xad6adc17) x24 0x2d6b0f7c
core   0: 0x80003f80 (0x22c43c13) sltiu   s8, s0, 556
core   0: 3 0x80003f80 (0x22c43c13) x24 0x00000001
core   0: 0x80003f84 (0x01be2333) slt     t1, t3, s11
core   0: 3 0x80003f84 (0x01be2333) x 6 0x00000000
core   0: 0x80003f88 (0x026ae863) bltu    s5, t1, pc + 48
core   0: 3 0x80003f88 (0x026ae863)
core   0: 0x80003f8c (0x012e5433) srl     s0, t3, s2
core   0: 3 0x80003f8c (0x012e5433) x 8 0x00000000
core   0: 0x80003f90 (0x02a8d863) bge     a7, a0, pc + 48
core   0: 3 0x80003f90 (0x02a8d863)
core   0: 0x80003fc0 (0xb5a8a293) slti    t0, a7, -1190
core   0: 3 0x80003fc0 (0xb5a8a293) x 5 0x00000000
core   0: 0x80003fc4 (0x40925813) srai    a6, tp, 9
core   0: 3 0x80003fc4 (0x40925813) x16 0x00000000
core   0: 0x80003fc8 (0x41edda93) srai    s5, s11, 30
core   0: 3 0x80003fc8 (0x41edda93) x21 0x00000000
core   0: 0x80003fcc (0x03ee95b3) mulh    a1, t4, t5
core   0: 3 0x80003fcc (0x03ee95b3) x11 0x00000000
core   0: 0x80003fd0 (0x05416663) bltu    sp, s4, pc + 76
core   0: 3 0x80003fd0 (0x05416663)
core   0: 0x80003fd4 (0x8e2a3893) sltiu   a7, s4, -1822
core   0: 3 0x80003fd4 (0x8e2a3893) x17 0x00000001
core   0: 0x80003fd8 (0x01300663) beq     zero, s3, pc + 12
core   0: 3 0x80003fd8 (0x01300663)
core   0: 0x80003fdc (0x40895d13) srai    s10, s2, 8
core   0: 3 0x80003fdc (0x40895d13) x26 0x00489730
core   0: 0x80003fe0 (0x012150b3) srl     ra, sp, s2
core   0: 3 0x80003fe0 (0x012150b3) x 1 0x00000100
core   0: 0x80003fe4 (0x6f698837) lui     a6, 0x6f698
core   0: 3 0x80003fe4 (0x6f698837) x16 0x6f698000
core   0: 0x80003fe8 (0x00d35713) srli    a4, t1, 13
core   0: 3 0x80003fe8 (0x00d35713) x14 0x00000000
core   0: 0x80003fec (0x40300a33) sub     s4, zero, gp
core   0: 3 0x80003fec (0x40300a33) x20 0xbc4f0000
core   0: 0x80003ff0 (0x008dd3b3) srl     t2, s11, s0
core   0: 3 0x80003ff0 (0x008dd3b3) x 7 0x00000000
core   0: 0x80003ff4 (0x00ecda13) srli    s4, s9, 14
core   0: 3 0x80003ff4 (0x00ecda13) x20 0x00000000
core   0: 0x80003ff8 (0x02244733) div     a4, s0, sp
core   0: 3 0x80003ff8 (0x02244733) x14 0x00000000
core   0: 0x80003ffc (0x00757db3) and     s11, a0, t2
core   0: 3 0x80003ffc (0x00757db3) x27 0x00000000
core   0: 0x80004000 (0x025f9f33) mulh    t5, t6, t0
core   0: 3 0x80004000 (0x025f9f33) x30 0x00000000
core   0: 0x80004004 (0x02840ab3) mul     s5, s0, s0
core   0: 3 0x80004004 (0x02840ab3) x21 0x00000000
core   0: 0x80004008 (0x0399e5b3) rem     a1, s3, s9
core   0: 3 0x80004008 (0x0399e5b3) x11 0xffffff93
core   0: 0x8000400c (0x004b0863) beq     s6, tp, pc + 16
core   0: 3 0x8000400c (0x004b0863)
core   0: 0x80004010 (0x193e2c13) slti    s8, t3, 403
core   0: 3 0x80004010 (0x193e2c13) x24 0x00000000
core   0: 0x80004014 (0x00783a33) sltu    s4, a6, t2
core   0: 3 0x80004014 (0x00783a33) x20 0x00000000
core   0: 0x80004018 (0x0214a8b3) mulhsu  a7, s1, ra
core   0: 3 0x80004018 (0x0214a8b3) x17 0xffffff80
core   0: 0x8000401c (0x000d1193) slli    gp, s10, 0
core   0: 3 0x8000401c (0x000d1193) x 3 0x00489730
core   0: 0x80004020 (0x00000013) nop
core   0: 3 0x80004020 (0x00000013)
core   0: 0x80004024 (0x02f40c63) beq     s0, a5, pc + 56
core   0: 3 0x80004024 (0x02f40c63)
core   0: 0x80004028 (0x02d61033) mulh    zero, a2, a3
core   0: 3 0x80004028 (0x02d61033)
core   0: 0x8000402c (0x013262b3) or      t0, tp, s3
core   0: 3 0x8000402c (0x013262b3) x 5 0xffffff93
core   0: 0x80004030 (0x418c5a93) srai    s5, s8, 24
core   0: 3 0x80004030 (0x418c5a93) x21 0x00000000
core   0: 0x80004034 (0x032e1f33) mulh    t5, t3, s2
core   0: 3 0x80004034 (0x032e1f33) x30 0x000001c9
core   0: 0x80004038 (0x02029eb3) mulh    t4, t0, zero
core   0: 3 0x80004038 (0x02029eb3) x29 0x00000000
core   0: 0x8000403c (0x0062d6b3) srl     a3, t0, t1
core   0: 3 0x8000403c (0x0062d6b3) x13 0xffffff93
core   0: 0x80004040 (0x037c5263) bge     s8, s7, pc + 36
core   0: 3 0x80004040 (0x037c5263)
core   0: 0x80004064 (0x4f0b6b13) ori     s6, s6, 1264
core   0: 3 0x80004064 (0x4f0b6b13) x22 0xe23556f0
core   0: 0x80004068 (0x5baeb593) sltiu   a1, t4, 1466
core   0: 3 0x80004068 (0x5baeb593) x11 0x00000001
core   0: 0x8000406c (0xc7253793) sltiu   a5, a0, -910
core   0: 3 0x8000406c (0xc7253793) x15 0x00000001
core   0: 0x80004070 (0x404f8db3) sub     s11, t6, tp
core   0: 3 0x80004070 (0x404f8db3) x27 0x80025e63
core   0: 0x80004074 (0x3bc98793) addi    a5, s3, 956
core   0: 3 0x80004074 (0x3bc98793) x15 0x0000034f
core   0: 0x80004078 (0x41e15693) srai    a3, sp, 30
core   0: 3 0x80004078 (0x41e15693) x13 0xfffffffe
core   0: 0x8000407c (0x019d12b3) sll     t0, s10, s9
core   0: 3 0x8000407c (0x019d12b3) x 5 0x00489730
core   0: 0x80004080 (0x00b09a33) sll     s4, ra, a1
core   0: 3 0x80004080 (0x00b09a33) x20 0x00000200
core   0: 0x80004084 (0x016ec463) blt     t4, s6, pc + 8
core   0: 3 0x80004084 (0x016ec463)
core   0: 0x80004088 (0x42123193) sltiu   gp, tp, 1057
core   0: 3 0x80004088 (0x42123193) x 3 0x00000001
core   0: 0x8000408c (0x0031eeb3) or      t4, gp, gp
core   0: 3 0x8000408c (0x0031eeb3) x29 0x00000001
core   0: 0x80004090 (0x030d93b3) mulh    t2, s11, a6
core   0: 3 0x80004090 (0x030d93b3) x 7 0xc84c47e6
core   0: 0x80004094 (0xbf8b7013) andi    zero, s6, -1032
core   0: 3 0x80004094 (0xbf8b7013)
core   0: 0x80004098 (0x76fb0b93) addi    s7, s6, 1903
core   0: 3 0x80004098 (0x76fb0b93) x23 0xe2355e5f
core   0: 0x8000409c (0x020bf663) bgeu    s7, zero, pc + 44
core   0: 3 0x8000409c (0x020bf663)
core   0: 0x800040c8 (0x05c18663) beq     gp, t3, pc + 76
core   0: 3 0x800040c8 (0x05c18663)
core   0: 0x800040cc (0x407188b3) sub     a7, gp, t2
core   0: 3 0x800040cc (0x407188b3) x17 0x37b3b81b
core   0: 0x800040d0 (0x015bdeb3) srl     t4, s7, s5
core   0: 3 0x800040d0 (0x015bdeb3) x29 0xe2355e5f
core   0: 0x800040d4 (0x01f507b3) add     a5, a0, t6
core   0: 3 0x800040d4 (0x01f507b3) x15 0x80025e64
core   0: 0x800040d8 (0x027c1e33) mulh    t3, s8, t2
core   0: 3 0x800040d8 (0x027c1e33) x28 0x00000000
core   0: 0x800040dc (0x00000013) nop
core   0: 3 0x800040dc (0x00000013)
core   0: 0x800040e0 (0x00388b33) add     s6, a7, gp
core   0: 3 0x800040e0 (0x00388b33) x22 0x37b3b81c
core   0: 0x800040e4 (0xfa4ab513) sltiu   a0, s5, -92
core   0: 3 0x800040e4 (0xfa4ab513) x10 0x00000001
core   0: 0x800040e8 (0x00f4d3b3) srl     t2, s1, a5
core   0: 3 0x800040e8 (0x00f4d3b3) x 7 0x080029ce
core   0: 0x800040ec (0x03b50f33) mul     t5, a0, s11
core   0: 3 0x800040ec (0x03b50f33) x30 0x80025e63
core   0: 0x800040f0 (0x001fa6b3) slt     a3, t6, ra
core   0: 3 0x800040f0 (0x001fa6b3) x13 0x00000001
core   0: 0x800040f4 (0x03d3c463) blt     t2, t4, pc + 40
core   0: 3 0x800040f4 (0x03d3c463)
core   0: 0x800040f8 (0x3bca2913) slti    s2, s4, 956
core   0: 3 0x800040f8 (0x3bca2913) x18 0x00000001
core   0: 0x800040fc (0x040e8663) beqz    t4, pc + 76
core   0: 3 0x800040fc (0x040e8663)
core   0: 0x80004100 (0x039922b3) mulhsu  t0, s2, s9
core   0: 3 0x80004100 (0x039922b3) x 5 0x00000000
core   0: 0x80004104 (0x00429d13) slli    s10, t0, 4
core   0: 3 0x80004104 (0x00429d13) x26 0x00000000
core   0: 0x80004108 (0x018f5863) bge     t5, s8, pc + 16
core   0: 3 0x80004108 (0x018f5863)
core   0: 0x8000410c (0x00d9f233) and     tp, s3, a3
core   0: 3 0x8000410c (0x00d9f233) x 4 0x00000001
core   0: 0x80004110 (0x017efbb3) and     s7, t4, s7
core   0: 3 0x80004110 (0x017efbb3) x23 0xe2355e5f
core   0: 0x80004114 (0x0170fcb3) and     s9, ra, s7
core   0: 3 0x80004114 (0x0170fcb3) x25 0x00000000
core   0: 0x80004118 (0x03ce8e63) beq     t4, t3, pc + 60
core   0: 3 0x80004118 (0x03ce8e63)
core   0: 0x8000411c (0x04a5e063) bltu    a1, a0, pc + 64
core   0: 3 0x8000411c (0x04a5e063)
core   0: 0x80004120 (0x024d0ab3) mul     s5, s10, tp
core   0: 3 0x80004120 (0x024d0ab3) x21 0x00000000
core   0: 0x80004124 (0x02fb88b3) mul     a7, s7, a5
core   0: 3 0x80004124 (0x02fb88b3) x17 0x323dbf1c
core   0: 0x80004128 (0x009008b3) add     a7, zero, s1
core   0: 3 0x80004128 (0x009008b3) x17 0x80029ce4
core   0: 0x8000412c (0x04f2f863) bgeu    t0, a5, pc + 80
core   0: 3 0x8000412c (0x04f2f863)
core   0: 0x80004130 (0x03b17d33) remu    s10, sp, s11
core   0: 3 0x80004130 (0x03b17d33) x26 0x80000000
core   0: 0x80004134 (0x01e86233) or      tp, a6, t5
core   0: 3 0x80004134 (0x01e86233) x 4 0xef6bde63
core   0: 0x80004138 (0x01bcdb93) srli    s7, s9, 27
core   0: 3 0x80004138 (0x01bcdb93) x23 0x00000000
core   0: 0x8000413c (0x04ac7863) bgeu    s8, a0, pc + 80
core   0: 3 0x8000413c (0x04ac7863)
core   0: 0x80004140 (0x9c12a517) auipc   a0, 0x9c12a
core   0: 3 0x80004140 (0x9c12a517) x10 0x1c12e140
core   0: 0x80004144 (0x02b74263) blt     a4, a1, pc + 36
core   0: 3 0x80004144 (0x02b74263)
core   0: 0x80004168 (0x01ad95b3) sll     a1, s11, s10
core   0: 3 0x80004168 (0x01ad95b3) x11 0x80025e63
core   0: 0x8000416c (0x8bb460b7) lui     ra, 0x8bb46
core   0: 3 0x8000416c (0x8bb460b7) x 1 0x8bb46000
core   0: 0x80004170 (0x11a4c913) xori    s2, s1, 282
core   0: 3 0x80004170 (0x11a4c913) x18 0x80029dfe
core   0: 0x80004174 (0x56002b13) slti    s6, zero, 1376
core   0: 3 0x80004174 (0x56002b13) x22 0x00000001
core   0: 0x80004178 (0x01184333) xor     t1, a6, a7
core   0: 3 0x80004178 (0x01184333) x 6 0xef6b1ce4
core   0: 0x8000417c (0x0018ceb3) xor     t4, a7, ra
core   0: 3 0x8000417c (0x0018ceb3) x29 0x0bb6fce4
core   0: 0x80004180 (0x02e97c63) bgeu    s2, a4, pc + 56
core   0: 3 0x80004180 (0x02e97c63)
core   0: 0x800041b8 (0x0288f663) bgeu    a7, s0, pc + 44
core   0: 3 0x800041b8 (0x0288f663)
core   0: 0x800041e4 (0x0369cbb3) div     s7, s3, s6
core   0: 3 0x800041e4 (0x0369cbb3) x23 0xffffff93
core   0: 0x800041e8 (0x00ba5e63) bge     s4, a1, pc + 28
core   0: 3 0x800041e8 (0x00ba5e63)
core   0: 0x80004204 (0x41935013) srai    zero, t1, 25
core   0: 3 0x80004204 (0x41935013)
core   0: 0x80004208 (0x00000013) nop
core   0: 3 0x80004208 (0x00000013)
core   0: 0x8000420c (0x40078eb3) sub     t4, a5, zero
core   0: 3 0x8000420c (0x40078eb3) x29 0x80025e64
core   0: 0x80004210 (0x85e5f813) andi    a6, a1, -1954
core   0: 3 0x80004210 (0x85e5f813) x16 0x80025842
core   0: 0x80004214 (0x00bc1db3) sll     s11, s8, a1
core   0: 3 0x80004214 (0x00bc1db3) x27 0x00000000
core   0: 0x80004218 (0xc7650d13) addi    s10, a0, -906
core   0: 3 0x80004218 (0xc7650d13) x26 0x1c12ddb6
core   0: 0x8000421c (0xfbef4c13) xori    s8, t5, -66
core   0: 3 0x8000421c (0xfbef4c13) x24 0x7ffda1dd
core   0: 0x80004220 (0x03afe3b3) rem     t2, t6, s10
core   0: 3 0x80004220 (0x03afe3b3) x 7 0xf04dd53c
core   0: 0x80004224 (0x03c7f263) bgeu    a5, t3, pc + 36
core   0: 3 0x80004224 (0x03c7f263)
core   0: 0x80004248 (0x01b58db3) add     s11, a1, s11
core   0: 3 0x80004248 (0x01b58db3) x27 0x80025e63
core   0: 0x8000424c (0x7c6eb593) sltiu   a1, t4, 1990
core   0: 3 0x8000424c (0x7c6eb593) x11 0x00000000
core   0: 0x80004250 (0x02ec4c33) div     s8, s8, a4
core   0: 3 0x80004250 (0x02ec4c33) x24 0xffffffff
core   0: 0x80004254 (0x00000013) nop
core   0: 3 0x80004254 (0x00000013)
core   0: 0x80004258 (0x412d52b3) sra     t0, s10, s2
core   0: 3 0x80004258 (0x412d52b3) x 5 0x00000000
core   0: 0x8000425c (0x016f9613) slli    a2, t6, 22
core   0: 3 0x8000425c (0x016f9613) x12 0x99000000
core   0: 0x80004260 (0x010a0f33) add     t5, s4, a6
core   0: 3 0x80004260 (0x010a0f33) x30 0x80025a42
core   0: 0x80004264 (0x028c45b3) div     a1, s8, s0
core   0: 3 0x80004264 (0x028c45b3) x11 0xffffffff
core   0: 0x80004268 (0x0373fbb3) remu    s7, t2, s7
core   0: 3 0x80004268 (0x0373fbb3) x23 0xf04dd53c
core   0: 0x8000426c (0x4007ee93) ori     t4, a5, 1024
core   0: 3 0x8000426c (0x4007ee93) x29 0x80025e64
core   0: 0x80004270 (0x016b7d33) and     s10, s6, s6
core   0: 3 0x80004270 (0x016b7d33) x26 0x00000001
core   0: 0x80004274 (0x032319b3) mulh    s3, t1, s2
core   0: 3 0x80004274 (0x032319b3) x19 0x084a4628
core   0: 0x80004278 (0x01fe1d93) slli    s11, t3, 31
core   0: 3 0x80004278 (0x01fe1d93) x27 0x00000000
core   0: 0x8000427c (0x00531193) slli    gp, t1, 5
core   0: 3 0x8000427c (0x00531193) x 3 0xed639c80
core   0: 0x80004280 (0x0396edb3) rem     s11, a3, s9
core   0: 3 0x80004280 (0x0396edb3) x27 0x00000001
core   0: 0x80004284 (0x00595e63) bge     s2, t0, pc + 28
core   0: 3 0x80004284 (0x00595e63)
core   0: 0x80004288 (0x012db1b3) sltu    gp, s11, s2
core   0: 3 0x80004288 (0x012db1b3) x 3 0x00000001
core   0: 0x8000428c (0xaf1e8f17) auipc   t5, 0xaf1e8
core   0: 3 0x8000428c (0xaf1e8f17) x30 0x2f1ec28c
core   0: 0x80004290 (0x056d8663) beq     s11, s6, pc + 76
core   0: 3 0x80004290 (0x056d8663)
core   0: 0x800042dc (0x03c9d463) bge     s3, t3, pc + 40
core   0: 3 0x800042dc (0x03c9d463)
core   0: 0x80004304 (0x053bc663) blt     s7, s3, pc + 76
core   0: 3 0x80004304 (0x053bc663)
core   0: 0x80004350 (0x02e1a7b3) mulhsu  a5, gp, a4
core   0: 3 0x80004350 (0x02e1a7b3) x15 0x00000000
core   0: 0x80004354 (0x00000013) nop
core   0: 3 0x80004354 (0x00000013)
core   0: 0x80004358 (0x0149b633) sltu    a2, s3, s4
core   0: 3 0x80004358 (0x0149b633) x12 0x00000000
core   0: 0x8000435c (0xf7f88313) addi    t1, a7, -129
core   0: 3 0x8000435c (0xf7f88313) x 6 0x80029c63
core   0: 0x80004360 (0xc6362513) slti    a0, a2, -925
core   0: 3 0x80004360 (0xc6362513) x10 0x00000000
core   0: 0x80004364 (0x02b32333) mulhsu  t1, t1, a1
core   0: 3 0x80004364 (0x02b32333) x 6 0x80029c63
core   0: 0x80004368 (0x0235fcb3) remu    s9, a1, gp
core   0: 3 0x80004368 (0x0235fcb3) x25 0x00000000
core   0: 0x8000436c (0x03e81833) mulh    a6, a6, t5
core   0: 3 0x8000436c (0x03e81833) x16 0xe8710d36
core   0: 0x80004370 (0x4e977193) andi    gp, a4, 1257
core   0: 3 0x80004370 (0x4e977193) x 3 0x00000000
core   0: 0x80004374 (0x02721033) mulh    zero, tp, t2
core   0: 3 0x80004374 (0x02721033)
core   0: 0x80004378 (0x0253e263) bltu    t2, t0, pc + 36
core   0: 3 0x80004378 (0x0253e263)
core   0: 0x8000437c (0x0197ee63) bltu    a5, s9, pc + 28
core   0: 3 0x8000437c (0x0197ee63)
core   0: 0x80004380 (0x012d7a63) bgeu    s10, s2, pc + 20
core   0: 3 0x80004380 (0x012d7a63)
core   0: 0x80004384 (0x02ea6233) rem     tp, s4, a4
core   0: 3 0x80004384 (0x02ea6233) x 4 0x00000200
core   0: 0x80004388 (0x00d19463) bne     gp, a3, pc + 8
core   0: 3 0x80004388 (0x00d19463)
core   0: 0x80004390 (0x02065333) divu    t1, a2, zero
core   0: 3 0x80004390 (0x02065333) x 6 0xffffffff
core   0: 0x80004394 (0x00248433) add     s0, s1, sp
core   0: 3 0x80004394 (0x00248433) x 8 0x00029ce4
core   0: 0x80004398 (0x03ea97b3) mulh    a5, s5, t5
core   0: 3 0x80004398 (0x03ea97b3) x15 0x00000000
core   0: 0x8000439c (0x00185393) srli    t2, a6, 1
core   0: 3 0x8000439c (0x00185393) x 7 0x7438869b
core   0: 0x800043a0 (0x0164f863) bgeu    s1, s6, pc + 16
core   0: 3 0x800043a0 (0x0164f863)
core   0: 0x800043b0 (0x0214c2b3) div     t0, s1, ra
core   0: 3 0x800043b0 (0x0214c2b3) x 5 0x00000001
core   0: 0x800043b4 (0x03357263) bgeu    a0, s3, pc + 36
core   0: 3 0x800043b4 (0x03357263)
core   0: 0x800043b8 (0x00fec263) blt     t4, a5, pc + 4
core   0: 3 0x800043b8 (0x00fec263)
core   0: 0x800043bc (0x02306f33) rem     t5, zero, gp
core   0: 3 0x800043bc (0x02306f33) x30 0x00000000
core   0: 0x800043c0 (0x02f1cab3) div     s5, gp, a5
core   0: 3 0x800043c0 (0x02f1cab3) x21 0xffffffff
core   0: 0x800043c4 (0x400a8833) sub     a6, s5, zero
core   0: 3 0x800043c4 (0x400a8833) x16 0xffffffff
core   0: 0x800043c8 (0x0100fe63) bgeu    ra, a6, pc + 28
core   0: 3 0x800043c8 (0x0100fe63)
core   0: 0x800043cc (0x0276a7b3) mulhsu  a5, a3, t2
core   0: 3 0x800043cc (0x0276a7b3) x15 0x00000000
core   0: 0x800043d0 (0x01144ab3) xor     s5, s0, a7
core   0: 3 0x800043d0 (0x01144ab3) x21 0x80000000
core   0: 0x800043d4 (0x04386063) bltu    a6, gp, pc + 64
core   0: 3 0x800043d4 (0x04386063)
core   0: 0x800043d8 (0x8af80c13) addi    s8, a6, -1873
core   0: 3 0x800043d8 (0x8af80c13) x24 0xfffff8ae
core   0: 0x800043dc (0x036305b3) mul     a1, t1, s6
core   0: 3 0x800043dc (0x036305b3) x11 0xffffffff
core   0: 0x800043e0 (0x0021ea63) bltu    gp, sp, pc + 20
core   0: 3 0x800043e0 (0x0021ea63)
core   0: 0x800043f4 (0x02369933) mulh    s2, a3, gp
core   0: 3 0x800043f4 (0x02369933) x18 0x00000000
core   0: 0x800043f8 (0x007c15b3) sll     a1, s8, t2
core   0: 3 0x800043f8 (0x007c15b3) x11 0x70000000
core   0: 0x800043fc (0x18c6ba13) sltiu   s4, a3, 396
core   0: 3 0x800043fc (0x18c6ba13) x20 0x00000001
core   0: 0x80004400 (0x010f1613) slli    a2, t5, 16
core   0: 3 0x80004400 (0x010f1613) x12 0x00000000
core   0: 0x80004404 (0x01ba2cb3) slt     s9, s4, s11
core   0: 3 0x80004404 (0x01ba2cb3) x25 0x00000000
core   0: 0x80004408 (0x00a1e7b3) or      a5, gp, a0
core   0: 3 0x80004408 (0x00a1e7b3) x15 0x00000000
core   0: 0x8000440c (0x40b15333) sra     t1, sp, a1
core   0: 3 0x8000440c (0x40b15333) x 6 0x80000000
core   0: 0x80004410 (0x02028263) beqz    t0, pc + 36
core   0: 3 0x80004410 (0x02028263)
core   0: 0x80004414 (0x86207093) andi    ra, zero, -1950
core   0: 3 0x80004414 (0x86207093) x 1 0x00000000
core   0: 0x80004418 (0x013e7db3) and     s11, t3, s3
core   0: 3 0x80004418 (0x013e7db3) x27 0x00000000
core   0: 0x8000441c (0x00eb96b3) sll     a3, s7, a4
core   0: 3 0x8000441c (0x00eb96b3) x13 0xf04dd53c
core   0: 0x80004420 (0x02c1c7b3) div     a5, gp, a2
core   0: 3 0x80004420 (0x02c1c7b3) x15 0xffffffff
core   0: 0x80004424 (0xeae1e793) ori     a5, gp, -338
core   0: 3 0x80004424 (0xeae1e793) x15 0xfffffeae
core   0: 0x80004428 (0xf3606b13) ori     s6, zero, -202
core   0: 3 0x80004428 (0xf3606b13) x22 0xffffff36
core   0: 0x8000442c (0x04316663) bltu    sp, gp, pc + 76
core   0: 3 0x8000442c (0x04316663)
core   0: 0x80004430 (0x005a79b3) and     s3, s4, t0
core   0: 3 0x80004430 (0x005a79b3) x19 0x00000001
core   0: 0x80004434 (0x00611833) sll     a6, sp, t1
core   0: 3 0x80004434 (0x00611833) x16 0x80000000
core   0: 0x80004438 (0x00000013) nop
core   0: 3 0x80004438 (0x00000013)
core   0: 0x8000443c (0x5676ff13) andi    t5, a3, 1383
core   0: 3 0x8000443c (0x5676ff13) x30 0x00000524
core   0: 0x80004440 (0xacdc7f37) lui     t5, 0xacdc7
core   0: 3 0x80004440 (0xacdc7f37) x30 0xacdc7000
core   0: 0x80004444 (0x01e7a8b3) slt     a7, a5, t5
core   0: 3 0x80004444 (0x01e7a8b3) x17 0x00000000
core   0: 0x80004448 (0x016a65b3) or      a1, s4, s6
core   0: 3 0x80004448 (0x016a65b3) x11 0xffffff37
core   0: 0x8000444c (0x029b5bb3) divu    s7, s6, s1
core   0: 3 0x8000444c (0x029b5bb3) x23 0x00000001
core   0: 0x80004450 (0xb546a097) auipc   ra, 0xb546a
core   0: 3 0x80004450 (0xb546a097) x 1 0x3546e450
core   0: 0x80004454 (0x019da2b3) slt     t0, s11, s9
core   0: 3 0x80004454 (0x019da2b3) x 5 0x00000000
core   0: 0x80004458 (0xed16f693) andi    a3, a3, -303
core   0: 3 0x80004458 (0xed16f693) x13 0xf04dd410
core   0: 0x8000445c (0x0003d663) bgez    t2, pc + 12
core   0: 3 0x8000445c (0x0003d663)
core   0: 0x80004468 (0x818c7593) andi    a1, s8, -2024
core   0: 3 0x80004468 (0x818c7593) x11 0xfffff808
core   0: 0x8000446c (0x03339863) bne     t2, s3, pc + 48
core   0: 3 0x8000446c (0x03339863)
core   0: 0x8000449c (0x01647933) and     s2, s0, s6
core   0: 3 0x8000449c (0x01647933) x18 0x00029c24
core   0: 0x800044a0 (0x00763633) sltu    a2, a2, t2
core   0: 3 0x800044a0 (0x00763633) x12 0x00000001
core   0: 0x800044a4 (0x437d6c13) ori     s8, s10, 1079
core   0: 3 0x800044a4 (0x437d6c13) x24 0x00000437
core   0: 0x800044a8 (0x40825693) srai    a3, tp, 8
core   0: 3 0x800044a8 (0x40825693) x13 0x00000002
core   0: 0x800044ac (0x027c70b3) remu    ra, s8, t2
core   0: 3 0x800044ac (0x027c70b3) x 1 0x00000437
core   0: 0x800044b0 (0x0538f863) bgeu    a7, s3, pc + 80
core   0: 3 0x800044b0 (0x0538f863)
core   0: 0x800044b4 (0x18ccecb7) lui     s9, 0x18cce
core   0: 3 0x800044b4 (0x18ccecb7) x25 0x18cce000
core   0: 0x800044b8 (0x00c4a9b3) slt     s3, s1, a2
core   0: 3 0x800044b8 (0x00c4a9b3) x19 0x00000001
core   0: 0x800044bc (0x01bede13) srli    t3, t4, 27
core   0: 3 0x800044bc (0x01bede13) x28 0x00000010
core   0: 0x800044c0 (0x97085217) auipc   tp, 0x97085
core   0: 3 0x800044c0 (0x97085217) x 4 0x170894c0
core   0: 0x800044c4 (0x033d0a33) mul     s4, s10, s3
core   0: 3 0x800044c4 (0x033d0a33) x20 0x00000001
core   0: 0x800044c8 (0x41f30bb3) sub     s7, t1, t6
core   0: 3 0x800044c8 (0x41f30bb3) x23 0xfffda19c
core   0: 0x800044cc (0x01b1f5b3) and     a1, gp, s11
core   0: 3 0x800044cc (0x01b1f5b3) x11 0x00000000
core   0: 0x800044d0 (0x00ccfeb3) and     t4, s9, a2
core   0: 3 0x800044d0 (0x00ccfeb3) x29 0x00000000
core   0: 0x800044d4 (0x058f0263) beq     t5, s8, pc + 68
core   0: 3 0x800044d4 (0x058f0263)
core   0: 0x800044d8 (0x02f1ccb3) div     s9, gp, a5
core   0: 3 0x800044d8 (0x02f1ccb3) x25 0x00000000
core   0: 0x800044dc (0x03c06663) bltu    zero, t3, pc + 44
core   0: 3 0x800044dc (0x03c06663)
core   0: 0x80004508 (0x0355c6b3) div     a3, a1, s5
core   0: 3 0x80004508 (0x0355c6b3) x13 0x00000000
core   0: 0x8000450c (0x00a45c93) srli    s9, s0, 10
core   0: 3 0x8000450c (0x00a45c93) x25 0x000000a7
core   0: 0x80004510 (0x51b04a13) xori    s4, zero, 1307
core   0: 3 0x80004510 (0x51b04a13) x20 0x0000051b
core   0: 0x80004514 (0x022c1433) mulh    s0, s8, sp
core   0: 3 0x80004514 (0x022c1433) x 8 0xfffffde4
core   0: 0x80004518 (0x00c6b8b3) sltu    a7, a3, a2
core   0: 3 0x80004518 (0x00c6b8b3) x17 0x00000001
core   0: 0x8000451c (0x00690db3) add     s11, s2, t1
core   0: 3 0x8000451c (0x00690db3) x27 0x80029c24
core   0: 0x80004520 (0x02781833) mulh    a6, a6, t2
core   0: 3 0x80004520 (0x02781833) x16 0xc5e3bcb2
core   0: 0x80004524 (0x01508433) add     s0, ra, s5
core   0: 3 0x80004524 (0x01508433) x 8 0x80000437
core   0: 0x80004528 (0x02e1e433) rem     s0, gp, a4
core   0: 3 0x80004528 (0x02e1e433) x 8 0x00000000
core   0: 0x8000452c (0x03bad5b3) divu    a1, s5, s11
core   0: 3 0x8000452c (0x03bad5b3) x11 0x00000000
core   0: 0x80004530 (0x038ae463) bltu    s5, s8, pc + 40
core   0: 3 0x80004530 (0x038ae463)
core   0: 0x80004534 (0x00df1713) slli    a4, t5, 13
core   0: 3 0x80004534 (0x00df1713) x14 0x8e000000
core   0: 0x80004538 (0x00305233) srl     tp, zero, gp
core   0: 3 0x80004538 (0x00305233) x 4 0x00000000
core   0: 0x8000453c (0x405d0733) sub     a4, s10, t0
core   0: 3 0x8000453c (0x405d0733) x14 0x00000001
core   0: 0x80004540 (0x00e3e663) bltu    t2, a4, pc + 12
core   0: 3 0x80004540 (0x00e3e663)
core   0: 0x80004544 (0x02685833) divu    a6, a6, t1
core   0: 3 0x80004544 (0x02685833) x16 0x00000001
core   0: 0x80004548 (0x027e2ab3) mulhsu  s5, t3, t2
core   0: 3 0x80004548 (0x027e2ab3) x21 0x00000007
core   0: 0x8000454c (0x011316b3) sll     a3, t1, a7
core   0: 3 0x8000454c (0x011316b3) x13 0x00000000
core   0: 0x80004550 (0xe114ca13) xori    s4, s1, -495
core   0: 3 0x80004550 (0xe114ca13) x20 0x7ffd62f5
core   0: 0x80004554 (0x0331d433) divu    s0, gp, s3
core   0: 3 0x80004554 (0x0331d433) x 8 0x00000000
core   0: 0x80004558 (0x011a57b3) srl     a5, s4, a7
core   0: 3 0x80004558 (0x011a57b3) x15 0x3ffeb17a
core   0: 0x8000455c (0x0329a233) mulhsu  tp, s3, s2
core   0: 3 0x8000455c (0x0329a233) x 4 0x00000000
core   0: 0x80004560 (0x0077e663) bltu    a5, t2, pc + 12
core   0: 3 0x80004560 (0x0077e663)
core   0: 0x8000456c (0x02483713) sltiu   a4, a6, 36
core   0: 3 0x8000456c (0x02483713) x14 0x00000001
core   0: 0x80004570 (0x002a5bb3) srl     s7, s4, sp
core   0: 3 0x80004570 (0x002a5bb3) x23 0x7ffd62f5
core   0: 0x80004574 (0x019f1663) bne     t5, s9, pc + 12
core   0: 3 0x80004574 (0x019f1663)
core   0: 0x80004580 (0x00b42a33) slt     s4, s0, a1
core   0: 3 0x80004580 (0x00b42a33) x20 0x00000000
core   0: 0x80004584 (0x76824793) xori    a5, tp, 1896
core   0: 3 0x80004584 (0x76824793) x15 0x00000768
core   0: 0x80004588 (0x02ddd663) bge     s11, a3, pc + 44
core   0: 3 0x80004588 (0x02ddd663)
core   0: 0x8000458c (0x00cb5c33) srl     s8, s6, a2
core   0: 3 0x8000458c (0x00cb5c33) x24 0x7fffff9b
core   0: 0x80004590 (0x03dc65b3) rem     a1, s8, t4
core   0: 3 0x80004590 (0x03dc65b3) x11 0x7fffff9b
core   0: 0x80004594 (0x4940e713) ori     a4, ra, 1172
core   0: 3 0x80004594 (0x4940e713) x14 0x000004b7
core   0: 0x80004598 (0x00861ab3) sll     s5, a2, s0
core   0: 3 0x80004598 (0x00861ab3) x21 0x00000001
core   0: 0x8000459c (0x02aa96b3) mulh    a3, s5, a0
core   0: 3 0x8000459c (0x02aa96b3) x13 0x00000000
core   0: 0x800045a0 (0x0268e0b3) rem     ra, a7, t1
core   0: 3 0x800045a0 (0x0268e0b3) x 1 0x00000001
core   0: 0x800045a4 (0x012ccc33) xor     s8, s9, s2
core   0: 3 0x800045a4 (0x012ccc33) x24 0x00029c83
core   0: 0x800045a8 (0xa976b393) sltiu   t2, a3, -1385
core   0: 3 0x800045a8 (0xa976b393) x 7 0x00000001
core   0: 0x800045ac (0x032f35b3) mulhu   a1, t5, s2
core   0: 3 0x800045ac (0x032f35b3) x11 0x0001c327
core   0: 0x800045b0 (0x02ef0263) beq     t5, a4, pc + 36
core   0: 3 0x800045b0 (0x02ef0263)
core   0: 0x800045b4 (0xacb8ae97) auipc   t4, 0xacb8a
core   0: 3 0x800045b4 (0xacb8ae97) x29 0x2cb8e5b4
core   0: 0x800045b8 (0x006bdf33) srl     t5, s7, t1
core   0: 3 0x800045b8 (0x006bdf33) x30 0x7ffd62f5
core   0: 0x800045bc (0x013e0463) beq     t3, s3, pc + 8
core   0: 3 0x800045bc (0x013e0463)
core   0: 0x800045c0 (0x0154b033) sltu    zero, s1, s5
core   0: 3 0x800045c0 (0x0154b033)
core   0: 0x800045c4 (0x0029b2b3) sltu    t0, s3, sp
core   0: 3 0x800045c4 (0x0029b2b3) x 5 0x00000001
core   0: 0x800045c8 (0x41625533) sra     a0, tp, s6
core   0: 3 0x800045c8 (0x41625533) x10 0x00000000
core   0: 0x800045cc (0x037ab1b3) mulhu   gp, s5, s7
core   0: 3 0x800045cc (0x037ab1b3) x 3 0x00000000
core   0: 0x800045d0 (0x031e3333) mulhu   t1, t3, a7
core   0: 3 0x800045d0 (0x031e3333) x 6 0x00000000
core   0: 0x800045d4 (0x30810893) addi    a7, sp, 776
core   0: 3 0x800045d4 (0x30810893) x17 0x80000308
core   0: 0x800045d8 (0x0244eb33) rem     s6, s1, tp
core   0: 3 0x800045d8 (0x0244eb33) x22 0x80029ce4
core   0: 0x800045dc (0x0000f533) and     a0, ra, zero
core   0: 3 0x800045dc (0x0000f533) x10 0x00000000
core   0: 0x800045e0 (0x02e35c63) bge     t1, a4, pc + 56
core   0: 3 0x800045e0 (0x02e35c63)
core   0: 0x800045e4 (0x05009263) bne     ra, a6, pc + 68
core   0: 3 0x800045e4 (0x05009263)
core   0: 0x800045e8 (0x00e4f533) and     a0, s1, a4
core   0: 3 0x800045e8 (0x00e4f533) x10 0x000004a4
core   0: 0x800045ec (0x034fe1b3) rem     gp, t6, s4
core   0: 3 0x800045ec (0x034fe1b3) x 3 0x80025e64
core   0: 0x800045f0 (0x027d3bb3) mulhu   s7, s10, t2
core   0: 3 0x800045f0 (0x027d3bb3) x23 0x00000000
core   0: 0x800045f4 (0x02f3a9b3) mulhsu  s3, t2, a5
core   0: 3 0x800045f4 (0x02f3a9b3) x19 0x00000000
core   0: 0x800045f8 (0x417b5713) srai    a4, s6, 23
core   0: 3 0x800045f8 (0x417b5713) x14 0xffffff00
core   0: 0x800045fc (0x02c948b3) div     a7, s2, a2
core   0: 3 0x800045fc (0x02c948b3) x17 0x00029c24
core   0: 0x80004600 (0x03354cb3) div     s9, a0, s3
core   0: 3 0x80004600 (0x03354cb3) x25 0xffffffff
core   0: 0x80004604 (0x04758663) beq     a1, t2, pc + 76
core   0: 3 0x80004604 (0x04758663)
core   0: 0x80004608 (0x417d55b3) sra     a1, s10, s7
core   0: 3 0x80004608 (0x417d55b3) x11 0x00000001
core   0: 0x8000460c (0x03b97c63) bgeu    s2, s11, pc + 56
core   0: 3 0x8000460c (0x03b97c63)
core   0: 0x80004610 (0x017e5bb3) srl     s7, t3, s7
core   0: 3 0x80004610 (0x017e5bb3) x23 0x00000010
core   0: 0x80004614 (0x02a3bf33) mulhu   t5, t2, a0
core   0: 3 0x80004614 (0x02a3bf33) x30 0x00000000
core   0: 0x80004618 (0x03787933) remu    s2, a6, s7
core   0: 3 0x80004618 (0x03787933) x18 0x00000001
core   0: 0x8000461c (0x00a71013) slli    zero, a4, 10
core   0: 3 0x8000461c (0x00a71013)
core   0: 0x80004620 (0x038120b3) mulhsu  ra, sp, s8
core   0: 3 0x80004620 (0x038120b3) x 1 0xfffeb1be
core   0: 0x80004624 (0x06808197) auipc   gp, 0x6808
core   0: 3 0x80004624 (0x06808197) x 3 0x8680c624
core   0: 0x80004628 (0x02f875b3) remu    a1, a6, a5
core   0: 3 0x80004628 (0x02f875b3) x11 0x00000001
core   0: 0x8000462c (0x02380733) mul     a4, a6, gp
core   0: 3 0x8000462c (0x02380733) x14 0x8680c624
core   0: 0x80004630 (0x01989f33) sll     t5, a7, s9
core   0: 3 0x80004630 (0x01989f33) x30 0x00000000
core   0: 0x80004634 (0x004f8cb3) add     s9, t6, tp
core   0: 3 0x80004634 (0x004f8cb3) x25 0x80025e64
core   0: 0x80004638 (0x01a95333) srl     t1, s2, s10
core   0: 3 0x80004638 (0x01a95333) x 6 0x00000000
core   0: 0x8000463c (0x017da9b3) slt     s3, s11, s7
core   0: 3 0x8000463c (0x017da9b3) x19 0x00000001
core   0: 0x80004640 (0x016f8e63) beq     t6, s6, pc + 28
core   0: 3 0x80004640 (0x016f8e63)
core   0: 0x80004644 (0x69484413) xori    s0, a6, 1684
core   0: 3 0x80004644 (0x69484413) x 8 0x00000695
core   0: 0x80004648 (0x02635e63) bge     t1, t1, pc + 60
core   0: 3 0x80004648 (0x02635e63)
core   0: 0x80004684 (0x000ede63) bgez    t4, pc + 28
core   0: 3 0x80004684 (0x000ede63)
core   0: 0x800046a0 (0x02592433) mulhsu  s0, s2, t0
core   0: 3 0x800046a0 (0x02592433) x 8 0x00000000
core   0: 0x800046a4 (0x3daa8893) addi    a7, s5, 986
core   0: 3 0x800046a4 (0x3daa8893) x17 0x000003db
core   0: 0x800046a8 (0x027e4733) div     a4, t3, t2
core   0: 3 0x800046a8 (0x027e4733) x14 0x00000010
core   0: 0x800046ac (0x00000013) nop
core   0: 3 0x800046ac (0x00000013)
core   0: 0x800046b0 (0x00128cb3) add     s9, t0, ra
core   0: 3 0x800046b0 (0x00128cb3) x25 0xfffeb1bf
core   0: 0x800046b4 (0x005ab933) sltu    s2, s5, t0
core   0: 3 0x800046b4 (0x005ab933) x18 0x00000000
core   0: 0x800046b8 (0x411e0633) sub     a2, t3, a7
core   0: 3 0x800046b8 (0x411e0633) x12 0xfffffc35
core   0: 0x800046bc (0x00fc1db3) sll     s11, s8, a5
core   0: 3 0x800046bc (0x00fc1db3) x27 0x029c8300
core   0: 0x800046c0 (0x5b9a8e93) addi    t4, s5, 1465
core   0: 3 0x800046c0 (0x5b9a8e93) x29 0x000005ba
core   0: 0x800046c4 (0x00c74d33) xor     s10, a4, a2
core   0: 3 0x800046c4 (0x00c74d33) x26 0xfffffc25
core   0: 0x800046c8 (0x4102d0b3) sra     ra, t0, a6
core   0: 3 0x800046c8 (0x4102d0b3) x 1 0x00000000
core   0: 0x800046cc (0x02c74533) div     a0, a4, a2
core   0: 3 0x800046cc (0x02c74533) x10 0x00000000
core   0: 0x800046d0 (0x05d85863) bge     a6, t4, pc + 80
core   0: 3 0x800046d0 (0x05d85863)
core   0: 0x800046d4 (0x4029dc93) srai    s9, s3, 2
core   0: 3 0x800046d4 (0x4029dc93) x25 0x00000000
core   0: 0x800046d8 (0x03f92633) mulhsu  a2, s2, t6
core   0: 3 0x800046d8 (0x03f92633) x12 0x00000000
core   0: 0x800046dc (0x05ad7663) bgeu    s10, s10, pc + 76
core   0: 3 0x800046dc (0x05ad7663)
core   0: 0x80004728 (0x40a00a33) sub     s4, zero, a0
core   0: 3 0x80004728 (0x40a00a33) x20 0x00000000
core   0: 0x8000472c (0x88285eb7) lui     t4, 0x88285
core   0: 3 0x8000472c (0x88285eb7) x29 0x88285000
core   0: 0x80004730 (0x02e2f9b3) remu    s3, t0, a4
core   0: 3 0x80004730 (0x02e2f9b3) x19 0x00000001
core   0: 0x80004734 (0x03250e33) mul     t3, a0, s2
core   0: 3 0x80004734 (0x03250e33) x28 0x00000000
core   0: 0x80004738 (0x001ed263) bge     t4, ra, pc + 4
core   0: 3 0x80004738 (0x001ed263)
core   0: 0x8000473c (0x02d8b633) mulhu   a2, a7, a3
core   0: 3 0x8000473c (0x02d8b633) x12 0x00000000
core   0: 0x80004740 (0x81defd13) andi    s10, t4, -2019
core   0: 3 0x80004740 (0x81defd13) x26 0x88285000
core   0: 0x80004744 (0x0087ceb3) xor     t4, a5, s0
core   0: 3 0x80004744 (0x0087ceb3) x29 0x00000768
core   0: 0x80004748 (0x6207a913) slti    s2, a5, 1568
core   0: 3 0x80004748 (0x6207a913) x18 0x00000000
core   0: 0x8000474c (0x001f0033) add     zero, t5, ra
core   0: 3 0x8000474c (0x001f0033)
core   0: 0x80004750 (0x0093ceb3) xor     t4, t2, s1
core   0: 3 0x80004750 (0x0093ceb3) x29 0x80029ce5
core   0: 0x80004754 (0x05ee7863) bgeu    t3, t5, pc + 80
core   0: 3 0x80004754 (0x05ee7863)
core   0: 0x800047a4 (0x0108d3b3) srl     t2, a7, a6
core   0: 3 0x800047a4 (0x0108d3b3) x 7 0x000001ed
core   0: 0x800047a8 (0xf2338393) addi    t2, t2, -221
core   0: 3 0x800047a8 (0xf2338393) x 7 0x00000110
core   0: 0x800047ac (0x02c44533) div     a0, s0, a2
core   0: 3 0x800047ac (0x02c44533) x10 0xffffffff
core   0: 0x800047b0 (0x00aa1893) slli    a7, s4, 10
core   0: 3 0x800047b0 (0x00aa1893) x17 0x00000000
core   0: 0x800047b4 (0xd6b10193) addi    gp, sp, -661
core   0: 3 0x800047b4 (0xd6b10193) x 3 0x7ffffd6b
core   0: 0x800047b8 (0x2c21eb93) ori     s7, gp, 706
core   0: 3 0x800047b8 (0x2c21eb93) x23 0x7fffffeb
core   0: 0x800047bc (0x006560b3) or      ra, a0, t1
core   0: 3 0x800047bc (0x006560b3) x 1 0xffffffff
core   0: 0x800047c0 (0xd3d49d97) auipc   s11, 0xd3d49
core   0: 3 0x800047c0 (0xd3d49d97) x27 0x53d4d7c0
core   0: 0x800047c4 (0x008f17b3) sll     a5, t5, s0
core   0: 3 0x800047c4 (0x008f17b3) x15 0x00000000
core   0: 0x800047c8 (0x00f99193) slli    gp, s3, 15
core   0: 3 0x800047c8 (0x00f99193) x 3 0x00008000
core   0: 0x800047cc (0x01ed8ab3) add     s5, s11, t5
core   0: 3 0x800047cc (0x01ed8ab3) x21 0x53d4d7c0
core   0: 0x800047d0 (0x4055dd33) sra     s10, a1, t0
core   0: 3 0x800047d0 (0x4055dd33) x26 0x00000000
core   0: 0x800047d4 (0x0a047b93) andi    s7, s0, 160
core   0: 3 0x800047d4 (0x0a047b93) x23 0x00000000
core   0: 0x800047d8 (0x002a19b3) sll     s3, s4, sp
core   0: 3 0x800047d8 (0x002a19b3) x19 0x00000000
core   0: 0x800047dc (0x00621663) bne     tp, t1, pc + 12
core   0: 3 0x800047dc (0x00621663)
core   0: 0x800047e0 (0x39a94e93) xori    t4, s2, 922
core   0: 3 0x800047e0 (0x39a94e93) x29 0x0000039a
core   0: 0x800047e4 (0x416dde33) sra     t3, s11, s6
core   0: 3 0x800047e4 (0x416dde33) x28 0x053d4d7c
core   0: 0x800047e8 (0x03104463) blt     zero, a7, pc + 40
core   0: 3 0x800047e8 (0x03104463)
core   0: 0x800047ec (0x02ac1233) mulh    tp, s8, a0
core   0: 3 0x800047ec (0x02ac1233) x 4 0xffffffff
core   0: 0x800047f0 (0x02aa21b3) mulhsu  gp, s4, a0
core   0: 3 0x800047f0 (0x02aa21b3) x 3 0x00000000
core   0: 0x800047f4 (0x034d7433) remu    s0, s10, s4
core   0: 3 0x800047f4 (0x034d7433) x 8 0x00000000
core   0: 0x800047f8 (0x03951bb3) mulh    s7, a0, s9
core   0: 3 0x800047f8 (0x03951bb3) x23 0x00000000
core   0: 0x800047fc (0x03ed7233) remu    tp, s10, t5
core   0: 3 0x800047fc (0x03ed7233) x 4 0x00000000
core   0: 0x80004800 (0x1a6ab393) sltiu   t2, s5, 422
core   0: 3 0x80004800 (0x1a6ab393) x 7 0x00000000
core   0: 0x80004804 (0x016f1533) sll     a0, t5, s6
core   0: 3 0x80004804 (0x016f1533) x10 0x00000000
core   0: 0x80004808 (0x08761a63) bne     a2, t2, pc + 148
core   0: 3 0x80004808 (0x08761a63)
core   0: 0x8000480c (0x01732433) slt     s0, t1, s7
core   0: 3 0x8000480c (0x01732433) x 8 0x00000000
core   0: 0x80004810 (0x081a5063) bge     s4, ra, pc + 128
core   0: 3 0x80004810 (0x081a5063)
core   0: 0x80004890 (0x01fa9193) slli    gp, s5, 31
core   0: 3 0x80004890 (0x01fa9193) x 3 0x00000000
core   0: 0x80004894 (0x038e91b3) mulh    gp, t4, s8
core   0: 3 0x80004894 (0x038e91b3) x 3 0x00000000
core   0: 0x80004898 (0xe8d6e093) ori     ra, a3, -371
core   0: 3 0x80004898 (0xe8d6e093) x 1 0xfffffe8d
core   0: 0x8000489c (0x03646533) rem     a0, s0, s6
core   0: 3 0x8000489c (0x03646533) x10 0x00000000
core   0: 0x800048a0 (0x5a0c9db7) lui     s11, 0x5a0c9
core   0: 3 0x800048a0 (0x5a0c9db7) x27 0x5a0c9000
core   0: 0x800048a4 (0x00255613) srli    a2, a0, 2
core   0: 3 0x800048a4 (0x00255613) x12 0x00000000
core   0: 0x800048a8 (0xf218e593) ori     a1, a7, -223
core   0: 3 0x800048a8 (0xf218e593) x11 0xffffff21
core   0: 0x800048ac (0x02ba46b3) div     a3, s4, a1
core   0: 3 0x800048ac (0x02ba46b3) x13 0x00000000
core   0: 0x800048b0 (0x02d5ff33) remu    t5, a1, a3
core   0: 3 0x800048b0 (0x02d5ff33) x30 0xffffff21
core   0: 0x800048b4 (0x0084e8b3) or      a7, s1, s0
core   0: 3 0x800048b4 (0x0084e8b3) x17 0x80029ce4
core   0: 0x800048b8 (0xf7950593) addi    a1, a0, -135
core   0: 3 0x800048b8 (0xf7950593) x11 0xffffff79
core   0: 0x800048bc (0x00f72eb3) slt     t4, a4, a5
core   0: 3 0x800048bc (0x00f72eb3) x29 0x00000000
core   0: 0x800048c0 (0x023b7db3) remu    s11, s6, gp
core   0: 3 0x800048c0 (0x023b7db3) x27 0x80029ce4
core   0: 0x800048c4 (0x0263bdb3) mulhu   s11, t2, t1
core   0: 3 0x800048c4 (0x0263bdb3) x27 0x00000000
core   0: 0x800048c8 (0x013cf263) bgeu    s9, s3, pc + 4
core   0: 3 0x800048c8 (0x013cf263)
core   0: 0x800048cc (0x00738c33) add     s8, t2, t2
core   0: 3 0x800048cc (0x00738c33) x24 0x00000000
core   0: 0x800048d0 (0x01909593) slli    a1, ra, 25
core   0: 3 0x800048d0 (0x01909593) x11 0x1a000000
core   0: 0x800048d4 (0x036fa633) mulhsu  a2, t6, s6
core   0: 3 0x800048d4 (0x036fa633) x12 0xbfffe0c6
core   0: 0x800048d8 (0x03390bb3) mul     s7, s2, s3
core   0: 3 0x800048d8 (0x03390bb3) x23 0x00000000
core   0: 0x800048dc (0x88582413) slti    s0, a6, -1915
core   0: 3 0x800048dc (0x88582413) x 8 0x00000000
core   0: 0x800048e0 (0x03296bb3) rem     s7, s2, s2
core   0: 3 0x800048e0 (0x03296bb3) x23 0x00000000
core   0: 0x800048e4 (0x01132533) slt     a0, t1, a7
core   0: 3 0x800048e4 (0x01132533) x10 0x00000000
core   0: 0x800048e8 (0x1f7c0513) addi    a0, s8, 503
core   0: 3 0x800048e8 (0x1f7c0513) x10 0x000001f7
core   0: 0x800048ec (0x03b00db3) mul     s11, zero, s11
core   0: 3 0x800048ec (0x03b00db3) x27 0x00000000
core   0: 0x800048f0 (0xc2443d93) sltiu   s11, s0, -988
core   0: 3 0x800048f0 (0xc2443d93) x27 0x00000001
core   0: 0x800048f4 (0x00b31233) sll     tp, t1, a1
core   0: 3 0x800048f4 (0x00b31233) x 4 0x00000000
core   0: 0x800048f8 (0x036aa533) mulhsu  a0, s5, s6
core   0: 3 0x800048f8 (0x036aa533) x10 0x29eb46ea
core   0: 0x800048fc (0x01d0f0b3) and     ra, ra, t4
core   0: 3 0x800048fc (0x01d0f0b3) x 1 0x00000000
core   0: 0x80004900 (0x015c5a63) bge     s8, s5, pc + 20
core   0: 3 0x80004900 (0x015c5a63)
core   0: 0x80004904 (0x05ec7663) bgeu    s8, t5, pc + 76
core   0: 3 0x80004904 (0x05ec7663)
core   0: 0x80004908 (0x00b5b2b3) sltu    t0, a1, a1
core   0: 3 0x80004908 (0x00b5b2b3) x 5 0x00000000
core   0: 0x8000490c (0x04e3e063) bltu    t2, a4, pc + 64
core   0: 3 0x8000490c (0x04e3e063)
core   0: 0x8000494c (0x00669eb3) sll     t4, a3, t1
core   0: 3 0x8000494c (0x00669eb3) x29 0x00000000
core   0: 0x80004950 (0x026b7463) bgeu    s6, t1, pc + 40
core   0: 3 0x80004950 (0x026b7463)
core   0: 0x80004978 (0x01b71933) sll     s2, a4, s11
core   0: 3 0x80004978 (0x01b71933) x18 0x00000020
core   0: 0x8000497c (0x2e44cf13) xori    t5, s1, 740
core   0: 3 0x8000497c (0x2e44cf13) x30 0x80029e00
core   0: 0x80004980 (0x000ff0b3) and     ra, t6, zero
core   0: 3 0x80004980 (0x000ff0b3) x 1 0x00000000
core   0: 0x80004984 (0x00611b13) slli    s6, sp, 6
core   0: 3 0x80004984 (0x00611b13) x22 0x00000000
core   0: 0x80004988 (0xb5817513) andi    a0, sp, -1192
core   0: 3 0x80004988 (0xb5817513) x10 0x80000000
core   0: 0x8000498c (0x00000013) nop
core   0: 3 0x8000498c (0x00000013)
core   0: 0x80004990 (0x015b27b3) slt     a5, s6, s5
core   0: 3 0x80004990 (0x015b27b3) x15 0x00000001
core   0: 0x80004994 (0x56b84313) xori    t1, a6, 1387
core   0: 3 0x80004994 (0x56b84313) x 6 0x0000056a
core   0: 0x80004998 (0x02716f33) rem     t5, sp, t2
core   0: 3 0x80004998 (0x02716f33) x30 0x80000000
core   0: 0x8000499c (0x0399fd33) remu    s10, s3, s9
core   0: 3 0x8000499c (0x0399fd33) x26 0x00000000
core   0: 0x800049a0 (0x029440b3) div     ra, s0, s1
core   0: 3 0x800049a0 (0x029440b3) x 1 0x00000000
core   0: 0x800049a4 (0x0139ecb3) or      s9, s3, s3
core   0: 3 0x800049a4 (0x0139ecb3) x25 0x00000000
core   0: 0x800049a8 (0x0206d863) bgez    a3, pc + 48
core   0: 3 0x800049a8 (0x0206d863)
core   0: 0x800049d8 (0x411150b3) sra     ra, sp, a7
core   0: 3 0x800049d8 (0x411150b3) x 1 0xf8000000
core   0: 0x800049dc (0xc0a88b13) addi    s6, a7, -1014
core   0: 3 0x800049dc (0xc0a88b13) x22 0x800298ee
core   0: 0x800049e0 (0x0277ec63) bltu    a5, t2, pc + 56
core   0: 3 0x800049e0 (0x0277ec63)
core   0: 0x800049e4 (0x110cf613) andi    a2, s9, 272
core   0: 3 0x800049e4 (0x110cf613) x12 0x00000000
core   0: 0x800049e8 (0xd94bc713) xori    a4, s7, -620
core   0: 3 0x800049e8 (0xd94bc713) x14 0xfffffd94
core   0: 0x800049ec (0x4083de93) srai    t4, t2, 8
core   0: 3 0x800049ec (0x4083de93) x29 0x00000000
core   0: 0x800049f0 (0x012dd293) srli    t0, s11, 18
core   0: 3 0x800049f0 (0x012dd293) x 5 0x00000000
core   0: 0x800049f4 (0xa73e25b7) lui     a1, 0xa73e2
core   0: 3 0x800049f4 (0xa73e25b7) x11 0xa73e2000
core   0: 0x800049f8 (0x00833e33) sltu    t3, t1, s0
core   0: 3 0x800049f8 (0x00833e33) x28 0x00000000
core   0: 0x800049fc (0x03832333) mulhsu  t1, t1, s8
core   0: 3 0x800049fc (0x03832333) x 6 0x00000000
core   0: 0x80004a00 (0x2858ca13) xori    s4, a7, 645
core   0: 3 0x80004a00 (0x2858ca13) x20 0x80029e61
core   0: 0x80004a04 (0x00cce933) or      s2, s9, a2
core   0: 3 0x80004a04 (0x00cce933) x18 0x00000000
core   0: 0x80004a08 (0xbe496e93) ori     t4, s2, -1052
core   0: 3 0x80004a08 (0xbe496e93) x29 0xfffffbe4
core   0: 0x80004a0c (0x007c4463) blt     s8, t2, pc + 8
core   0: 3 0x80004a0c (0x007c4463)
core   0: 0x80004a10 (0xb92fe593) ori     a1, t6, -1134
core   0: 3 0x80004a10 (0xb92fe593) x11 0xfffffff6
core   0: 0x80004a14 (0x00089293) slli    t0, a7, 0
core   0: 3 0x80004a14 (0x00089293) x 5 0x80029ce4
core   0: 0x80004a18 (0x6d51ad93) slti    s11, gp, 1749
core   0: 3 0x80004a18 (0x6d51ad93) x27 0x00000001
core   0: 0x80004a1c (0x01ed9cb3) sll     s9, s11, t5
core   0: 3 0x80004a1c (0x01ed9cb3) x25 0x00000001
core   0: 0x80004a20 (0x41a25613) srai    a2, tp, 26
core   0: 3 0x80004a20 (0x41a25613) x12 0x00000000
core   0: 0x80004a24 (0x006262b3) or      t0, tp, t1
core   0: 3 0x80004a24 (0x006262b3) x 5 0x00000000
core   0: 0x80004a28 (0x00d08eb3) add     t4, ra, a3
core   0: 3 0x80004a28 (0x00d08eb3) x29 0xf8000000
core   0: 0x80004a2c (0x0258ce33) div     t3, a7, t0
core   0: 3 0x80004a2c (0x0258ce33) x28 0xffffffff
core   0: 0x80004a30 (0x00948433) add     s0, s1, s1
core   0: 3 0x80004a30 (0x00948433) x 8 0x000539c8
core   0: 0x80004a34 (0x05686663) bltu    a6, s6, pc + 76
core   0: 3 0x80004a34 (0x05686663)
core   0: 0x80004a80 (0x01252d33) slt     s10, a0, s2
core   0: 3 0x80004a80 (0x01252d33) x26 0x00000001
core   0: 0x80004a84 (0x02b9e263) bltu    s3, a1, pc + 36
core   0: 3 0x80004a84 (0x02b9e263)
core   0: 0x80004aa8 (0x1a5303b7) lui     t2, 0x1a530
core   0: 3 0x80004aa8 (0x1a5303b7) x 7 0x1a530000
core   0: 0x80004aac (0x01a4b533) sltu    a0, s1, s10
core   0: 3 0x80004aac (0x01a4b533) x10 0x00000000
core   0: 0x80004ab0 (0x00715913) srli    s2, sp, 7
core   0: 3 0x80004ab0 (0x00715913) x18 0x01000000
core   0: 0x80004ab4 (0x029d87b3) mul     a5, s11, s1
core   0: 3 0x80004ab4 (0x029d87b3) x15 0x80029ce4
core   0: 0x80004ab8 (0x00000013) nop
core   0: 3 0x80004ab8 (0x00000013)
core   0: 0x80004abc (0xfa464293) xori    t0, a2, -92
core   0: 3 0x80004abc (0xfa464293) x 5 0xffffffa4
core   0: 0x80004ac0 (0x40d3d893) srai    a7, t2, 13
core   0: 3 0x80004ac0 (0x40d3d893) x17 0x0000d298
core   0: 0x80004ac4 (0x41f2ddb3) sra     s11, t0, t6
core   0: 3 0x80004ac4 (0x41f2ddb3) x27 0xfffffffa
core   0: 0x80004ac8 (0x4089d633) sra     a2, s3, s0
core   0: 3 0x80004ac8 (0x4089d633) x12 0x00000000
core   0: 0x80004acc (0x03748f33) mul     t5, s1, s7
core   0: 3 0x80004acc (0x03748f33) x30 0x00000000
core   0: 0x80004ad0 (0x013b4663) blt     s6, s3, pc + 12
core   0: 3 0x80004ad0 (0x013b4663)
core   0: 0x80004adc (0x41518bb3) sub     s7, gp, s5
core   0: 3 0x80004adc (0x41518bb3) x23 0xac2b2840
core   0: 0x80004ae0 (0x02897433) remu    s0, s2, s0
core   0: 3 0x80004ae0 (0x02897433) x 8 0x00052a80
core   0: 0x80004ae4 (0x0190e6b3) or      a3, ra, s9
core   0: 3 0x80004ae4 (0x0190e6b3) x13 0xf8000001
core   0: 0x80004ae8 (0x0370b8b3) mulhu   a7, ra, s7
core   0: 3 0x80004ae8 (0x0370b8b3) x17 0xa6c9cefe
core   0: 0x80004aec (0x014c6733) or      a4, s8, s4
core   0: 3 0x80004aec (0x014c6733) x14 0x80029e61
core   0: 0x80004af0 (0x0093ed33) or      s10, t2, s1
core   0: 3 0x80004af0 (0x0093ed33) x26 0x9a539ce4
core   0: 0x80004af4 (0x03af9463) bne     t6, s10, pc + 40
core   0: 3 0x80004af4 (0x03af9463)
core   0: 0x80004b1c (0x85f53993) sltiu   s3, a0, -1953
core   0: 3 0x80004b1c (0x85f53993) x19 0x00000001
core   0: 0x80004b20 (0x1940a693) slti    a3, ra, 404
core   0: 3 0x80004b20 (0x1940a693) x13 0x00000001
core   0: 0x80004b24 (0x0112ce63) blt     t0, a7, pc + 28
core   0: 3 0x80004b24 (0x0112ce63)
core   0: 0x80004b28 (0xaa10fb93) andi    s7, ra, -1375
core   0: 3 0x80004b28 (0xaa10fb93) x23 0xf8000000
core   0: 0x80004b2c (0x01362d33) slt     s10, a2, s3
core   0: 3 0x80004b2c (0x01362d33) x26 0x00000001
core   0: 0x80004b30 (0x02c8ab33) mulhsu  s6, a7, a2
core   0: 3 0x80004b30 (0x02c8ab33) x22 0x00000000
core   0: 0x80004b34 (0x01699713) slli    a4, s3, 22
core   0: 3 0x80004b34 (0x01699713) x14 0x00400000
core   0: 0x80004b38 (0x50b90e37) lui     t3, 0x50b90
core   0: 3 0x80004b38 (0x50b90e37) x28 0x50b90000
core   0: 0x80004b3c (0x03596463) bltu    s2, s5, pc + 40
core   0: 3 0x80004b3c (0x03596463)
core   0: 0x80004b64 (0x5dd89e97) auipc   t4, 0x5dd89
core   0: 3 0x80004b64 (0x5dd89e97) x29 0xddd8db64
core   0: 0x80004b68 (0x008b7c33) and     s8, s6, s0
core   0: 3 0x80004b68 (0x008b7c33) x24 0x00000000
core   0: 0x80004b6c (0x02656333) rem     t1, a0, t1
core   0: 3 0x80004b6c (0x02656333) x 6 0x00000000
core   0: 0x80004b70 (0x08a56693) ori     a3, a0, 138
core   0: 3 0x80004b70 (0x08a56693) x13 0x0000008a
core   0: 0x80004b74 (0x02a7e7b3) rem     a5, a5, a0
core   0: 3 0x80004b74 (0x02a7e7b3) x15 0x80029ce4
core   0: 0x80004b78 (0x03204933) div     s2, zero, s2
core   0: 3 0x80004b78 (0x03204933) x18 0x00000000
core   0: 0x80004b7c (0x0302f6b3) remu    a3, t0, a6
core   0: 3 0x80004b7c (0x0302f6b3) x13 0x00000000
core   0: 0x80004b80 (0x00c1da33) srl     s4, gp, a2
core   0: 3 0x80004b80 (0x00c1da33) x20 0x00000000
core   0: 0x80004b84 (0x0296ce63) blt     a3, s1, pc + 60
core   0: 3 0x80004b84 (0x0296ce63)
core   0: 0x80004b88 (0x49143a13) sltiu   s4, s0, 1169
core   0: 3 0x80004b88 (0x49143a13) x20 0x00000000
core   0: 0x80004b8c (0x412e8433) sub     s0, t4, s2
core   0: 3 0x80004b8c (0x412e8433) x 8 0xddd8db64
core   0: 0x80004b90 (0x024cdab3) divu    s5, s9, tp
core   0: 3 0x80004b90 (0x024cdab3) x21 0xffffffff
core   0: 0x80004b94 (0x007adbb3) srl     s7, s5, t2
core   0: 3 0x80004b94 (0x007adbb3) x23 0xffffffff
core   0: 0x80004b98 (0x031b3633) mulhu   a2, s6, a7
core   0: 3 0x80004b98 (0x031b3633) x12 0x00000000
core   0: 0x80004b9c (0x6d4f4e93) xori    t4, t5, 1748
core   0: 3 0x80004b9c (0x6d4f4e93) x29 0x000006d4
core   0: 0x80004ba0 (0x008966b3) or      a3, s2, s0
core   0: 3 0x80004ba0 (0x008966b3) x13 0xddd8db64
core   0: 0x80004ba4 (0x022b7c33) remu    s8, s6, sp
core   0: 3 0x80004ba4 (0x022b7c33) x24 0x00000000
core   0: 0x80004ba8 (0x03c4f733) remu    a4, s1, t3
core   0: 3 0x80004ba8 (0x03c4f733) x14 0x2f499ce4
core   0: 0x80004bac (0x00e87533) and     a0, a6, a4
core   0: 3 0x80004bac (0x00e87533) x10 0x00000000
core   0: 0x80004bb0 (0x10691417) auipc   s0, 0x10691
core   0: 3 0x80004bb0 (0x10691417) x 8 0x90695bb0
core   0: 0x80004bb4 (0x030883b3) mul     t2, a7, a6
core   0: 3 0x80004bb4 (0x030883b3) x 7 0xa6c9cefe
core   0: 0x80004bb8 (0x0035c663) blt     a1, gp, pc + 12
core   0: 3 0x80004bb8 (0x0035c663)
core   0: 0x80004bc4 (0x400c5993) srai    s3, s8, 0
core   0: 3 0x80004bc4 (0x400c5993) x19 0x00000000
core   0: 0x80004bc8 (0x035735b3) mulhu   a1, a4, s5
core   0: 3 0x80004bc8 (0x035735b3) x11 0x2f499ce3
core   0: 0x80004bcc (0x03272b33) mulhsu  s6, a4, s2
core   0: 3 0x80004bcc (0x03272b33) x22 0x00000000
core   0: 0x80004bd0 (0x008f5c93) srli    s9, t5, 8
core   0: 3 0x80004bd0 (0x008f5c93) x25 0x00000000
core   0: 0x80004bd4 (0x04031663) bnez    t1, pc + 76
core   0: 3 0x80004bd4 (0x04031663)
core   0: 0x80004bd8 (0x00000013) nop
core   0: 3 0x80004bd8 (0x00000013)
core   0: 0x80004bdc (0x014d26b3) slt     a3, s10, s4
core   0: 3 0x80004bdc (0x014d26b3) x13 0x00000000
core   0: 0x80004be0 (0x01b19093) slli    ra, gp, 27
core   0: 3 0x80004be0 (0x01b19093) x 1 0x00000000
core   0: 0x80004be4 (0x00c45863) bge     s0, a2, pc + 16
core   0: 3 0x80004be4 (0x00c45863)
core   0: 0x80004be8 (0xad327317) auipc   t1, 0xad327
core   0: 3 0x80004be8 (0xad327317) x 6 0x2d32bbe8
core   0: 0x80004bec (0x25ed6813) ori     a6, s10, 606
core   0: 3 0x80004bec (0x25ed6813) x16 0x0000025f
core   0: 0x80004bf0 (0x01b21eb3) sll     t4, tp, s11
core   0: 3 0x80004bf0 (0x01b21eb3) x29 0x00000000
core   0: 0x80004bf4 (0x037fbeb3) mulhu   t4, t6, s7
core   0: 3 0x80004bf4 (0x037fbeb3) x29 0x80025e63
core   0: 0x80004bf8 (0x01a23633) sltu    a2, tp, s10
core   0: 3 0x80004bf8 (0x01a23633) x12 0x00000001
core   0: 0x80004bfc (0x417752b3) sra     t0, a4, s7
core   0: 3 0x80004bfc (0x417752b3) x 5 0x00000000
core   0: 0x80004c00 (0x00db4933) xor     s2, s6, a3
core   0: 3 0x80004c00 (0x00db4933) x18 0x00000000
core   0: 0x80004c04 (0x40e4d813) srai    a6, s1, 14
core   0: 3 0x80004c04 (0x40e4d813) x16 0xfffe000a
core   0: 0x80004c08 (0x00ca6663) bltu    s4, a2, pc + 12
core   0: 3 0x80004c08 (0x00ca6663)
core   0: 0x80004c14 (0x00092533) slt     a0, s2, zero
core   0: 3 0x80004c14 (0x00092533) x10 0x00000000
core   0: 0x80004c18 (0x612f8397) auipc   t2, 0x612f8
core   0: 3 0x80004c18 (0x612f8397) x 7 0xe12fcc18
core   0: 0x80004c1c (0x0107b2b3) sltu    t0, a5, a6
core   0: 3 0x80004c1c (0x0107b2b3) x 5 0x00000001
core   0: 0x80004c20 (0x41d65033) sra     zero, a2, t4
core   0: 3 0x80004c20 (0x41d65033)
core   0: 0x80004c24 (0x022b57b3) divu    a5, s6, sp
core   0: 3 0x80004c24 (0x022b57b3) x15 0x00000000
core   0: 0x80004c28 (0x052ec663) blt     t4, s2, pc + 76
core   0: 3 0x80004c28 (0x052ec663)
core   0: 0x80004c74 (0xde05ce93) xori    t4, a1, -544
core   0: 3 0x80004c74 (0xde05ce93) x29 0xd0b66103
core   0: 0x80004c78 (0x01e1aa33) slt     s4, gp, t5
core   0: 3 0x80004c78 (0x01e1aa33) x20 0x00000000
core   0: 0x80004c7c (0x03525833) divu    a6, tp, s5
core   0: 3 0x80004c7c (0x03525833) x16 0x00000000
core   0: 0x80004c80 (0x00000013) nop
core   0: 3 0x80004c80 (0x00000013)
core   0: 0x80004c84 (0x03699863) bne     s3, s6, pc + 48
core   0: 3 0x80004c84 (0x03699863)
core   0: 0x80004c88 (0x02197e33) remu    t3, s2, ra
core   0: 3 0x80004c88 (0x02197e33) x28 0x00000000
core   0: 0x80004c8c (0x02a53c33) mulhu   s8, a0, a0
core   0: 3 0x80004c8c (0x02a53c33) x24 0x00000000
core   0: 0x80004c90 (0x03b2d033) divu    zero, t0, s11
core   0: 3 0x80004c90 (0x03b2d033)
core   0: 0x80004c94 (0x02e5ea93) ori     s5, a1, 46
core   0: 3 0x80004c94 (0x02e5ea93) x21 0x2f499cef
core   0: 0x80004c98 (0x01deba33) sltu    s4, t4, t4
core   0: 3 0x80004c98 (0x01deba33) x20 0x00000000
core   0: 0x80004c9c (0x0231fdb3) remu    s11, gp, gp
core   0: 3 0x80004c9c (0x0231fdb3) x27 0x00000000
core   0: 0x80004ca0 (0x0feb6713) ori     a4, s6, 254
core   0: 3 0x80004ca0 (0x0feb6713) x14 0x000000fe
core   0: 0x80004ca4 (0x02b737b3) mulhu   a5, a4, a1
core   0: 3 0x80004ca4 (0x02b737b3) x15 0x0000002e
core   0: 0x80004ca8 (0x02f0e433) rem     s0, ra, a5
core   0: 3 0x80004ca8 (0x02f0e433) x 8 0x00000000
core   0: 0x80004cac (0x046bf663) bgeu    s7, t1, pc + 76
core   0: 3 0x80004cac (0x046bf663)
core   0: 0x80004cf8 (0x6c056893) ori     a7, a0, 1728
core   0: 3 0x80004cf8 (0x6c056893) x17 0x000006c0
core   0: 0x80004cfc (0x01214033) xor     zero, sp, s2
core   0: 3 0x80004cfc (0x01214033)
core   0: 0x80004d00 (0x343af313) andi    t1, s5, 835
core   0: 3 0x80004d00 (0x343af313) x 6 0x00000043
core   0: 0x80004d04 (0x0173d663) bge     t2, s7, pc + 12
core   0: 3 0x80004d04 (0x0173d663)
core   0: 0x80004d08 (0x011dbe33) sltu    t3, s11, a7
core   0: 3 0x80004d08 (0x011dbe33) x28 0x00000001
core   0: 0x80004d0c (0x03153bb3) mulhu   s7, a0, a7
core   0: 3 0x80004d0c (0x03153bb3) x23 0x00000000
core   0: 0x80004d10 (0x9d496f13) ori     t5, s2, -1580
core   0: 3 0x80004d10 (0x9d496f13) x30 0xfffff9d4
core   0: 0x80004d14 (0x01791033) sll     zero, s2, s7
core   0: 3 0x80004d14 (0x01791033)
core   0: 0x80004d18 (0x03135f33) divu    t5, t1, a7
core   0: 3 0x80004d18 (0x03135f33) x30 0x00000000
core   0: 0x80004d1c (0x01fe9733) sll     a4, t4, t6
core   0: 3 0x80004d1c (0x01fe9733) x14 0x0b661030
core   0: 0x80004d20 (0x40c1d713) srai    a4, gp, 12
core   0: 3 0x80004d20 (0x40c1d713) x14 0x00000000
core   0: 0x80004d24 (0x00bcfeb3) and     t4, s9, a1
core   0: 3 0x80004d24 (0x00bcfeb3) x29 0x00000000
core   0: 0x80004d28 (0x01219bb3) sll     s7, gp, s2
core   0: 3 0x80004d28 (0x01219bb3) x23 0x00000000
core   0: 0x80004d2c (0x02bf9533) mulh    a0, t6, a1
core   0: 3 0x80004d2c (0x02bf9533) x10 0xe85ba191
core   0: 0x80004d30 (0x01254933) xor     s2, a0, s2
core   0: 3 0x80004d30 (0x01254933) x18 0xe85ba191
core   0: 0x80004d34 (0x01149b33) sll     s6, s1, a7
core   0: 3 0x80004d34 (0x01149b33) x22 0x80029ce4
core   0: 0x80004d38 (0x020d0eb3) mul     t4, s10, zero
core   0: 3 0x80004d38 (0x020d0eb3) x29 0x00000000
core   0: 0x80004d3c (0x03ddf463) bgeu    s11, t4, pc + 40
core   0: 3 0x80004d3c (0x03ddf463)
core   0: 0x80004d64 (0x004e3b33) sltu    s6, t3, tp
core   0: 3 0x80004d64 (0x004e3b33) x22 0x00000000
core   0: 0x80004d68 (0x0156a9b3) slt     s3, a3, s5
core   0: 3 0x80004d68 (0x0156a9b3) x19 0x00000001
core   0: 0x80004d6c (0xc6030d17) auipc   s10, 0xc6030
core   0: 3 0x80004d6c (0xc6030d17) x26 0x46034d6c
core   0: 0x80004d70 (0x027e3f33) mulhu   t5, t3, t2
core   0: 3 0x80004d70 (0x027e3f33) x30 0x00000000
core   0: 0x80004d74 (0x0262e433) rem     s0, t0, t1
core   0: 3 0x80004d74 (0x0262e433) x 8 0x00000001
core   0: 0x80004d78 (0x00000013) nop
core   0: 3 0x80004d78 (0x00000013)
core   0: 0x80004d7c (0x030579b3) remu    s3, a0, a6
core   0: 3 0x80004d7c (0x030579b3) x19 0xe85ba191
core   0: 0x80004d80 (0x01eb3433) sltu    s0, s6, t5
core   0: 3 0x80004d80 (0x01eb3433) x 8 0x00000000
core   0: 0x80004d84 (0xcb05bf13) sltiu   t5, a1, -848
core   0: 3 0x80004d84 (0xcb05bf13) x30 0x00000001
core   0: 0x80004d88 (0x00000013) nop
core   0: 3 0x80004d88 (0x00000013)
core   0: 0x80004d8c (0x1d40f513) andi    a0, ra, 468
core   0: 3 0x80004d8c (0x1d40f513) x10 0x00000000
core   0: 0x80004d90 (0x00e2e1b3) or      gp, t0, a4
core   0: 3 0x80004d90 (0x00e2e1b3) x 3 0x00000001
core   0: 0x80004d94 (0x00000013) nop
core   0: 3 0x80004d94 (0x00000013)
core   0: 0x80004d98 (0x03ca1533) mulh    a0, s4, t3
core   0: 3 0x80004d98 (0x03ca1533) x10 0x00000000
core   0: 0x80004d9c (0x022babb3) mulhsu  s7, s7, sp
core   0: 3 0x80004d9c (0x022babb3) x23 0x00000000
core   0: 0x80004da0 (0x02dbd6b3) divu    a3, s7, a3
core   0: 3 0x80004da0 (0x02dbd6b3) x13 0xffffffff
core   0: 0x80004da4 (0x01b32933) slt     s2, t1, s11
core   0: 3 0x80004da4 (0x01b32933) x18 0x00000000
core   0: 0x80004da8 (0x0487f263) bgeu    a5, s0, pc + 68
core   0: 3 0x80004da8 (0x0487f263)
core   0: 0x80004dec (0xbc623b13) sltiu   s6, tp, -1082
core   0: 3 0x80004dec (0xbc623b13) x22 0x00000001
core   0: 0x80004df0 (0x13c08913) addi    s2, ra, 316
core   0: 3 0x80004df0 (0x13c08913) x18 0x0000013c
core   0: 0x80004df4 (0x008d0e63) beq     s10, s0, pc + 28
core   0: 3 0x80004df4 (0x008d0e63)
core   0: 0x80004df8 (0x41aedc13) srai    s8, t4, 26
core   0: 3 0x80004df8 (0x41aedc13) x24 0x00000000
core   0: 0x80004dfc (0x0185e233) or      tp, a1, s8
core   0: 3 0x80004dfc (0x0185e233) x 4 0x2f499ce3
core   0: 0x80004e00 (0x40175633) sra     a2, a4, ra
core   0: 3 0x80004e00 (0x40175633) x12 0x00000000
core   0: 0x80004e04 (0x8d382a37) lui     s4, 0x8d382
core   0: 3 0x80004e04 (0x8d382a37) x20 0x8d382000
core   0: 0x80004e08 (0x006c0db3) add     s11, s8, t1
core   0: 3 0x80004e08 (0x006c0db3) x27 0x00000043
core   0: 0x80004e0c (0x16dcb913) sltiu   s2, s9, 365
core   0: 3 0x80004e0c (0x16dcb913) x18 0x00000001
core   0: 0x80004e10 (0x0162e663) bltu    t0, s6, pc + 12
core   0: 3 0x80004e10 (0x0162e663)
core   0: 0x80004e14 (0x01711e33) sll     t3, sp, s7
core   0: 3 0x80004e14 (0x01711e33) x28 0x80000000
core   0: 0x80004e18 (0x00b70db3) add     s11, a4, a1
core   0: 3 0x80004e18 (0x00b70db3) x27 0x2f499ce3
core   0: 0x80004e1c (0x03ba5263) bge     s4, s11, pc + 36
core   0: 3 0x80004e1c (0x03ba5263)
core   0: 0x80004e20 (0x028270b3) remu    ra, tp, s0
core   0: 3 0x80004e20 (0x028270b3) x 1 0x2f499ce3
core   0: 0x80004e24 (0xe79b3417) auipc   s0, 0xe79b3
core   0: 3 0x80004e24 (0xe79b3417) x 8 0x679b7e24
core   0: 0x80004e28 (0x0278cd33) div     s10, a7, t2
core   0: 3 0x80004e28 (0x0278cd33) x26 0x00000000
core   0: 0x80004e2c (0x00907e63) bgeu    zero, s1, pc + 28
core   0: 3 0x80004e2c (0x00907e63)
core   0: 0x80004e30 (0x62fca937) lui     s2, 0x62fca
core   0: 3 0x80004e30 (0x62fca937) x18 0x62fca000
core   0: 0x80004e34 (0x0228aa33) mulhsu  s4, a7, sp
core   0: 3 0x80004e34 (0x0228aa33) x20 0x00000360
core   0: 0x80004e38 (0x00318533) add     a0, gp, gp
core   0: 3 0x80004e38 (0x00318533) x10 0x00000002
core   0: 0x80004e3c (0x03cdb1b3) mulhu   gp, s11, t3
core   0: 3 0x80004e3c (0x03cdb1b3) x 3 0x17a4ce71
core   0: 0x80004e40 (0x0193fa33) and     s4, t2, s9
core   0: 3 0x80004e40 (0x0193fa33) x20 0x00000000
core   0: 0x80004e44 (0x40100433) sub     s0, zero, ra
core   0: 3 0x80004e44 (0x40100433) x 8 0xd0b6631d
core   0: 0x80004e48 (0x0211d233) divu    tp, gp, ra
core   0: 3 0x80004e48 (0x0211d233) x 4 0x00000000
core   0: 0x80004e4c (0x00000013) nop
core   0: 3 0x80004e4c (0x00000013)
core   0: 0x80004e50 (0x04954863) blt     a0, s1, pc + 80
core   0: 3 0x80004e50 (0x04954863)
core   0: 0x80004e54 (0x01c94533) xor     a0, s2, t3
core   0: 3 0x80004e54 (0x01c94533) x10 0xe2fca000
core   0: 0x80004e58 (0x027427b3) mulhsu  a5, s0, t2
core   0: 3 0x80004e58 (0x027427b3) x15 0xd66778e5
core   0: 0x80004e5c (0x00da43b3) xor     t2, s4, a3
core   0: 3 0x80004e5c (0x00da43b3) x 7 0xffffffff
core   0: 0x80004e60 (0x317b0193) addi    gp, s6, 791
core   0: 3 0x80004e60 (0x317b0193) x 3 0x00000318
core   0: 0x80004e64 (0x00000013) nop
core   0: 3 0x80004e64 (0x00000013)
core   0: 0x80004e68 (0x01c9c8b3) xor     a7, s3, t3
core   0: 3 0x80004e68 (0x01c9c8b3) x17 0x685ba191
core   0: 0x80004e6c (0x02fb1663) bne     s6, a5, pc + 44
core   0: 3 0x80004e6c (0x02fb1663)
core   0: 0x80004e98 (0x00494863) blt     s2, tp, pc + 16
core   0: 3 0x80004e98 (0x00494863)
core   0: 0x80004e9c (0x407455b3) sra     a1, s0, t2
core   0: 3 0x80004e9c (0x407455b3) x11 0xffffffff
core   0: 0x80004ea0 (0x01fc93b3) sll     t2, s9, t6
core   0: 3 0x80004ea0 (0x01fc93b3) x 7 0x00000000
core   0: 0x80004ea4 (0xff666b93) ori     s7, a2, -10
core   0: 3 0x80004ea4 (0xff666b93) x23 0xfffffff6
core   0: 0x80004ea8 (0x0035d8b3) srl     a7, a1, gp
core   0: 3 0x80004ea8 (0x0035d8b3) x17 0x000000ff
core   0: 0x80004eac (0x02b28c63) beq     t0, a1, pc + 56
core   0: 3 0x80004eac (0x02b28c63)
core   0: 0x80004eb0 (0x7108dd97) auipc   s11, 0x7108d
core   0: 3 0x80004eb0 (0x7108dd97) x27 0xf1091eb0
core   0: 0x80004eb4 (0xedbbf797) auipc   a5, 0xedbbf
core   0: 3 0x80004eb4 (0xedbbf797) x15 0x6dbc3eb4
core   0: 0x80004eb8 (0x86bb8c93) addi    s9, s7, -1941
core   0: 3 0x80004eb8 (0x86bb8c93) x25 0xfffff861
core   0: 0x80004ebc (0x8b65b793) sltiu   a5, a1, -1866
core   0: 3 0x80004ebc (0x8b65b793) x15 0x00000000
core   0: 0x80004ec0 (0xe0af8393) addi    t2, t6, -502
core   0: 3 0x80004ec0 (0xe0af8393) x 7 0x80025c6e
core   0: 0x80004ec4 (0x029a4e63) blt     s4, s1, pc + 60
core   0: 3 0x80004ec4 (0x029a4e63)
core   0: 0x80004ec8 (0x004d9313) slli    t1, s11, 4
core   0: 3 0x80004ec8 (0x004d9313) x 6 0x1091eb00
core   0: 0x80004ecc (0xeda30037) lui     zero, 0xeda30
core   0: 3 0x80004ecc (0xeda30037)
core   0: 0x80004ed0 (0x98de3513) sltiu   a0, t3, -1651
core   0: 3 0x80004ed0 (0x98de3513) x10 0x00000001
core   0: 0x80004ed4 (0x0187d993) srli    s3, a5, 24
core   0: 3 0x80004ed4 (0x0187d993) x19 0x00000000
core   0: 0x80004ed8 (0x009529b3) slt     s3, a0, s1
core   0: 3 0x80004ed8 (0x009529b3) x19 0x00000000
core   0: 0x80004edc (0x032bd233) divu    tp, s7, s2
core   0: 3 0x80004edc (0x032bd233) x 4 0x00000002
core   0: 0x80004ee0 (0x033a12b3) mulh    t0, s4, s3
core   0: 3 0x80004ee0 (0x033a12b3) x 5 0x00000000
core   0: 0x80004ee4 (0x00a19193) slli    gp, gp, 10
core   0: 3 0x80004ee4 (0x00a19193) x 3 0x000c6000
core   0: 0x80004ee8 (0x00000013) nop
core   0: 3 0x80004ee8 (0x00000013)
core   0: 0x80004eec (0x409d5633) sra     a2, s10, s1
core   0: 3 0x80004eec (0x409d5633) x12 0x00000000
core   0: 0x80004ef0 (0x029596b3) mulh    a3, a1, s1
core   0: 3 0x80004ef0 (0x029596b3) x13 0x00000000
core   0: 0x80004ef4 (0x2ac03313) sltiu   t1, zero, 684
core   0: 3 0x80004ef4 (0x2ac03313) x 6 0x00000001
core   0: 0x80004ef8 (0x9ec27b93) andi    s7, tp, -1556
core   0: 3 0x80004ef8 (0x9ec27b93) x23 0x00000000
core   0: 0x80004efc (0x00985093) srli    ra, a6, 9
core   0: 3 0x80004efc (0x00985093) x 1 0x00000000
core   0: 0x80004f00 (0x00a61013) slli    zero, a2, 10
core   0: 3 0x80004f00 (0x00a61013)
core   0: 0x80004f04 (0x04ae0663) beq     t3, a0, pc + 76
core   0: 3 0x80004f04 (0x04ae0663)
core   0: 0x80004f08 (0x01564533) xor     a0, a2, s5
core   0: 3 0x80004f08 (0x01564533) x10 0x2f499cef
core   0: 0x80004f0c (0x00000013) nop
core   0: 3 0x80004f0c (0x00000013)
core   0: 0x80004f10 (0x005df1b3) and     gp, s11, t0
core   0: 3 0x80004f10 (0x005df1b3) x 3 0x00000000
core   0: 0x80004f14 (0xad194593) xori    a1, s2, -1327
core   0: 3 0x80004f14 (0xad194593) x11 0x9d035ad1
core   0: 0x80004f18 (0x00000013) nop
core   0: 3 0x80004f18 (0x00000013)
core   0: 0x80004f1c (0x0374a7b3) mulhsu  a5, s1, s7
core   0: 3 0x80004f1c (0x0374a7b3) x15 0x00000000
core   0: 0x80004f20 (0x010f43b3) xor     t2, t5, a6
core   0: 3 0x80004f20 (0x010f43b3) x 7 0x00000001
core   0: 0x80004f24 (0x032495b3) mulh    a1, s1, s2
core   0: 3 0x80004f24 (0x032495b3) x11 0xce82b2a3
core   0: 0x80004f28 (0x82b98093) addi    ra, s3, -2005
core   0: 3 0x80004f28 (0x82b98093) x 1 0xfffff82b
core   0: 0x80004f2c (0x034893b3) mulh    t2, a7, s4
core   0: 3 0x80004f2c (0x034893b3) x 7 0x00000000
core   0: 0x80004f30 (0x8a708313) addi    t1, ra, -1881
core   0: 3 0x80004f30 (0x8a708313) x 6 0xfffff0d2
core   0: 0x80004f34 (0x018b1413) slli    s0, s6, 24
core   0: 3 0x80004f34 (0x018b1413) x 8 0x01000000
core   0: 0x80004f38 (0x01d1f0b3) and     ra, gp, t4
core   0: 3 0x80004f38 (0x01d1f0b3) x 1 0x00000000
core   0: 0x80004f3c (0x02e1d8b3) divu    a7, gp, a4
core   0: 3 0x80004f3c (0x02e1d8b3) x17 0xffffffff
core   0: 0x80004f40 (0x0533e063) bltu    t2, s3, pc + 64
core   0: 3 0x80004f40 (0x0533e063)
core   0: 0x80004f44 (0x022a1863) bne     s4, sp, pc + 48
core   0: 3 0x80004f44 (0x022a1863)
core   0: 0x80004f74 (0x7f2c0a93) addi    s5, s8, 2034
core   0: 3 0x80004f74 (0x7f2c0a93) x21 0x000007f2
core   0: 0x80004f78 (0xd0b0cb93) xori    s7, ra, -757
core   0: 3 0x80004f78 (0xd0b0cb93) x23 0xfffffd0b
core   0: 0x80004f7c (0x01b39533) sll     a0, t2, s11
core   0: 3 0x80004f7c (0x01b39533) x10 0x00000000
core   0: 0x80004f80 (0x00e115b3) sll     a1, sp, a4
core   0: 3 0x80004f80 (0x00e115b3) x11 0x80000000
core   0: 0x80004f84 (0xebe4bd13) sltiu   s10, s1, -322
core   0: 3 0x80004f84 (0xebe4bd13) x26 0x00000001
core   0: 0x80004f88 (0x0165de63) bge     a1, s6, pc + 28
core   0: 3 0x80004f88 (0x0165de63)
core   0: 0x80004f8c (0x82767613) andi    a2, a2, -2009
core   0: 3 0x80004f8c (0x82767613) x12 0x00000000
core   0: 0x80004f90 (0xff8843b7) lui     t2, 0xff884
core   0: 3 0x80004f90 (0xff8843b7) x 7 0xff884000
core   0: 0x80004f94 (0x01fa6263) bltu    s4, t6, pc + 4
core   0: 3 0x80004f94 (0x01fa6263)
core   0: 0x80004f98 (0x001a7cb3) and     s9, s4, ra
core   0: 3 0x80004f98 (0x001a7cb3) x25 0x00000000
core   0: 0x80004f9c (0x0022c863) blt     t0, sp, pc + 16
core   0: 3 0x80004f9c (0x0022c863)
core   0: 0x80004fa0 (0x034facb3) mulhsu  s9, t6, s4
core   0: 3 0x80004fa0 (0x034facb3) x25 0x00000000
core   0: 0x80004fa4 (0x4bdac913) xori    s2, s5, 1213
core   0: 3 0x80004fa4 (0x4bdac913) x18 0x0000034f
core   0: 0x80004fa8 (0xa991e393) ori     t2, gp, -1383
core   0: 3 0x80004fa8 (0xa991e393) x 7 0xfffffa99
core   0: 0x80004fac (0x03769463) bne     a3, s7, pc + 40
core   0: 3 0x80004fac (0x03769463)
core   0: 0x80004fd4 (0x0a7f6063) bltu    t5, t2, pc + 160
core   0: 3 0x80004fd4 (0x0a7f6063)
core   0: 0x80005074 (0x03a6e3b3) rem     t2, a3, s10
core   0: 3 0x80005074 (0x03a6e3b3) x 7 0x00000000
core   0: 0x80005078 (0x00462733) slt     a4, a2, tp
core   0: 3 0x80005078 (0x00462733) x14 0x00000001
core   0: 0x8000507c (0x0c22ecb7) lui     s9, 0xc22e
core   0: 3 0x8000507c (0x0c22ecb7) x25 0x0c22e000
core   0: 0x80005080 (0x01c150b3) srl     ra, sp, t3
core   0: 3 0x80005080 (0x01c150b3) x 1 0x80000000
core   0: 0x80005084 (0x00d88663) beq     a7, a3, pc + 12
core   0: 3 0x80005084 (0x00d88663)
core   0: 0x80005088 (0x01125663) bge     tp, a7, pc + 12
core   0: 3 0x80005088 (0x01125663)
core   0: 0x80005094 (0x0014dd93) srli    s11, s1, 1
core   0: 3 0x80005094 (0x0014dd93) x27 0x40014e72
core   0: 0x80005098 (0x7d4b7713) andi    a4, s6, 2004
core   0: 3 0x80005098 (0x7d4b7713) x14 0x00000000
core   0: 0x8000509c (0x00ae5613) srli    a2, t3, 10
core   0: 3 0x8000509c (0x00ae5613) x12 0x00200000
core   0: 0x800050a0 (0x015dc1b3) xor     gp, s11, s5
core   0: 3 0x800050a0 (0x015dc1b3) x 3 0x40014980
core   0: 0x800050a4 (0x00000013) nop
core   0: 3 0x800050a4 (0x00000013)
core   0: 0x800050a8 (0x03c25bb3) divu    s7, tp, t3
core   0: 3 0x800050a8 (0x03c25bb3) x23 0x00000000
core   0: 0x800050ac (0x00c80333) add     t1, a6, a2
core   0: 3 0x800050ac (0x00c80333) x 6 0x00200000
core   0: 0x800050b0 (0xe4832013) slti    zero, t1, -440
core   0: 3 0x800050b0 (0xe4832013)
core   0: 0x800050b4 (0x1f26a713) slti    a4, a3, 498
core   0: 3 0x800050b4 (0x1f26a713) x14 0x00000001
core   0: 0x800050b8 (0x00000013) nop
core   0: 3 0x800050b8 (0x00000013)
core   0: 0x800050bc (0x003a1313) slli    t1, s4, 3
core   0: 3 0x800050bc (0x003a1313) x 6 0x00000000
core   0: 0x800050c0 (0x0022ce63) blt     t0, sp, pc + 28
core   0: 3 0x800050c0 (0x0022ce63)
core   0: 0x800050c4 (0x00a871b3) and     gp, a6, a0
core   0: 3 0x800050c4 (0x00a871b3) x 3 0x00000000
core   0: 0x800050c8 (0x023287b3) mul     a5, t0, gp
core   0: 3 0x800050c8 (0x023287b3) x15 0x00000000
core   0: 0x800050cc (0x00000013) nop
core   0: 3 0x800050cc (0x00000013)
core   0: 0x800050d0 (0x03f58ab3) mul     s5, a1, t6
core   0: 3 0x800050d0 (0x03f58ab3) x21 0x00000000
core   0: 0x800050d4 (0x73cdbb17) auipc   s6, 0x73cdb
core   0: 3 0x800050d4 (0x73cdbb17) x22 0xf3ce00d4
core   0: 0x800050d8 (0x4049d6b3) sra     a3, s3, tp
core   0: 3 0x800050d8 (0x4049d6b3) x13 0x00000000
core   0: 0x800050dc (0x011246b3) xor     a3, tp, a7
core   0: 3 0x800050dc (0x011246b3) x13 0xfffffffd
core   0: 0x800050e0 (0x030275b3) remu    a1, tp, a6
core   0: 3 0x800050e0 (0x030275b3) x11 0x00000002
core   0: 0x800050e4 (0x02a281b3) mul     gp, t0, a0
core   0: 3 0x800050e4 (0x02a281b3) x 3 0x00000000
core   0: 0x800050e8 (0x031c6c33) rem     s8, s8, a7
core   0: 3 0x800050e8 (0x031c6c33) x24 0x00000000
core   0: 0x800050ec (0x02187e63) bgeu    a6, ra, pc + 60
core   0: 3 0x800050ec (0x02187e63)
core   0: 0x800050f0 (0x0aa78693) addi    a3, a5, 170
core   0: 3 0x800050f0 (0x0aa78693) x13 0x000000aa
core   0: 0x800050f4 (0x042f4063) blt     t5, sp, pc + 64
core   0: 3 0x800050f4 (0x042f4063)
core   0: 0x800050f8 (0x01f50533) add     a0, a0, t6
core   0: 3 0x800050f8 (0x01f50533) x10 0x80025e64
core   0: 0x800050fc (0x033508b3) mul     a7, a0, s3
core   0: 3 0x800050fc (0x033508b3) x17 0x00000000
core   0: 0x80005100 (0x7a760913) addi    s2, a2, 1959
core   0: 3 0x80005100 (0x7a760913) x18 0x002007a7
core   0: 0x80005104 (0xb192ee97) auipc   t4, 0xb192e
core   0: 3 0x80005104 (0xb192ee97) x29 0x31933104
core   0: 0x80005108 (0x0176e9b3) or      s3, a3, s7
core   0: 3 0x80005108 (0x0176e9b3) x19 0x000000aa
core   0: 0x8000510c (0x04062cb7) lui     s9, 0x4062
core   0: 3 0x8000510c (0x04062cb7) x25 0x04062000
core   0: 0x80005110 (0x02529833) mulh    a6, t0, t0
core   0: 3 0x80005110 (0x02529833) x16 0x00000000
core   0: 0x80005114 (0x000e4e33) xor     t3, t3, zero
core   0: 3 0x80005114 (0x000e4e33) x28 0x80000000
core   0: 0x80005118 (0x010ff633) and     a2, t6, a6
core   0: 3 0x80005118 (0x010ff633) x12 0x00000000
core   0: 0x8000511c (0x03b69463) bne     a3, s11, pc + 40
core   0: 3 0x8000511c (0x03b69463)
core   0: 0x80005144 (0x01c71693) slli    a3, a4, 28
core   0: 3 0x80005144 (0x01c71693) x13 0x10000000
core   0: 0x80005148 (0x00048a63) beqz    s1, pc + 20
core   0: 3 0x80005148 (0x00048a63)
core   0: 0x8000514c (0x05017663) bgeu    sp, a6, pc + 76
core   0: 3 0x8000514c (0x05017663)
core   0: 0x80005198 (0xe241ea13) ori     s4, gp, -476
core   0: 3 0x80005198 (0xe241ea13) x20 0xfffffe24
core   0: 0x8000519c (0x03263933) mulhu   s2, a2, s2
core   0: 3 0x8000519c (0x03263933) x18 0x00000000
core   0: 0x800051a0 (0x01473e33) sltu    t3, a4, s4
core   0: 3 0x800051a0 (0x01473e33) x28 0x00000001
core   0: 0x800051a4 (0x039d8cb3) mul     s9, s11, s9
core   0: 3 0x800051a4 (0x039d8cb3) x25 0xc87a4000
core   0: 0x800051a8 (0x00afc433) xor     s0, t6, a0
core   0: 3 0x800051a8 (0x00afc433) x 8 0x00000000
core   0: 0x800051ac (0x7d063313) sltiu   t1, a2, 2000
core   0: 3 0x800051ac (0x7d063313) x 6 0x00000001
core   0: 0x800051b0 (0x023b3633) mulhu   a2, s6, gp
core   0: 3 0x800051b0 (0x023b3633) x12 0x00000000
core   0: 0x800051b4 (0x03c67263) bgeu    a2, t3, pc + 36
core   0: 3 0x800051b4 (0x03c67263)
core   0: 0x800051b8 (0x006f5e33) srl     t3, t5, t1
core   0: 3 0x800051b8 (0x006f5e33) x28 0x00000000
core   0: 0x800051bc (0x0361c663) blt     gp, s6, pc + 44
core   0: 3 0x800051bc (0x0361c663)
core   0: 0x800051c0 (0x017503b3) add     t2, a0, s7
core   0: 3 0x800051c0 (0x017503b3) x 7 0x80025e64
core   0: 0x800051c4 (0x40718db3) sub     s11, gp, t2
core   0: 3 0x800051c4 (0x40718db3) x27 0x7ffda19c
core   0: 0x800051c8 (0xcc9f4893) xori    a7, t5, -823
core   0: 3 0x800051c8 (0xcc9f4893) x17 0xfffffcc8
core   0: 0x800051cc (0x0457c263) blt     a5, t0, pc + 68
core   0: 3 0x800051cc (0x0457c263)
core   0: 0x800051d0 (0x0db10e93) addi    t4, sp, 219
core   0: 3 0x800051d0 (0x0db10e93) x29 0x800000db
core   0: 0x800051d4 (0x0069ccb3) xor     s9, s3, t1
core   0: 3 0x800051d4 (0x0069ccb3) x25 0x000000ab
core   0: 0x800051d8 (0x011ce433) or      s0, s9, a7
core   0: 3 0x800051d8 (0x011ce433) x 8 0xfffffceb
core   0: 0x800051dc (0x0131ce33) xor     t3, gp, s3
core   0: 3 0x800051dc (0x0131ce33) x28 0x000000aa
core   0: 0x800051e0 (0x853fb513) sltiu   a0, t6, -1965
core   0: 3 0x800051e0 (0x853fb513) x10 0x00000001
core   0: 0x800051e4 (0xba030b93) addi    s7, t1, -1120
core   0: 3 0x800051e4 (0xba030b93) x23 0xfffffba1
core   0: 0x800051e8 (0x03577cb3) remu    s9, a4, s5
core   0: 3 0x800051e8 (0x03577cb3) x25 0x00000001
core   0: 0x800051ec (0x021b6863) bltu    s6, ra, pc + 48
core   0: 3 0x800051ec (0x021b6863)
core   0: 0x800051f0 (0x01506433) or      s0, zero, s5
core   0: 3 0x800051f0 (0x01506433) x 8 0x00000000
core   0: 0x800051f4 (0x04d65663) bge     a2, a3, pc + 76
core   0: 3 0x800051f4 (0x04d65663)
core   0: 0x800051f8 (0x01f125b3) slt     a1, sp, t6
core   0: 3 0x800051f8 (0x01f125b3) x11 0x00000001
core   0: 0x800051fc (0x017eb433) sltu    s0, t4, s7
core   0: 3 0x800051fc (0x017eb433) x 8 0x00000001
core   0: 0x80005200 (0x90caf993) andi    s3, s5, -1780
core   0: 3 0x80005200 (0x90caf993) x19 0x00000000
core   0: 0x80005204 (0x031c1233) mulh    tp, s8, a7
core   0: 3 0x80005204 (0x031c1233) x 4 0x00000000
core   0: 0x80005208 (0x02b1a7b3) mulhsu  a5, gp, a1
core   0: 3 0x80005208 (0x02b1a7b3) x15 0x00000000
core   0: 0x8000520c (0x00000013) nop
core   0: 3 0x8000520c (0x00000013)
core   0: 0x80005210 (0x02e33a33) mulhu   s4, t1, a4
core   0: 3 0x80005210 (0x02e33a33) x20 0x00000000
core   0: 0x80005214 (0x04e9f863) bgeu    s3, a4, pc + 80
core   0: 3 0x80005214 (0x04e9f863)
core   0: 0x80005218 (0x074d3d13) sltiu   s10, s10, 116
core   0: 3 0x80005218 (0x074d3d13) x26 0x00000001
core   0: 0x8000521c (0x00c4d633) srl     a2, s1, a2
core   0: 3 0x8000521c (0x00c4d633) x12 0x80029ce4
core   0: 0x80005220 (0x0018fa33) and     s4, a7, ra
core   0: 3 0x80005220 (0x0018fa33) x20 0x80000000
core   0: 0x80005224 (0x0084cf33) xor     t5, s1, s0
core   0: 3 0x80005224 (0x0084cf33) x30 0x80029ce5
core   0: 0x80005228 (0x01b25693) srli    a3, tp, 27
core   0: 3 0x80005228 (0x01b25693) x13 0x00000000
core   0: 0x8000522c (0x414cbb93) sltiu   s7, s9, 1044
core   0: 3 0x8000522c (0x414cbb93) x23 0x00000001
core   0: 0x80005230 (0x010e4b33) xor     s6, t3, a6
core   0: 3 0x80005230 (0x010e4b33) x22 0x000000aa
core   0: 0x80005234 (0xa04bae97) auipc   t4, 0xa04ba
core   0: 3 0x80005234 (0xa04bae97) x29 0x204bf234
core   0: 0x80005238 (0x054e6663) bltu    t3, s4, pc + 76
core   0: 3 0x80005238 (0x054e6663)
core   0: 0x80005284 (0x025e0463) beq     t3, t0, pc + 40
core   0: 3 0x80005284 (0x025e0463)
core   0: 0x80005288 (0x008a0733) add     a4, s4, s0
core   0: 3 0x80005288 (0x008a0733) x14 0x80000001
core   0: 0x8000528c (0x01579313) slli    t1, a5, 21
core   0: 3 0x8000528c (0x01579313) x 6 0x00000000
core   0: 0x80005290 (0x0153bcb3) sltu    s9, t2, s5
core   0: 3 0x80005290 (0x0153bcb3) x25 0x00000000
core   0: 0x80005294 (0xfa752c93) slti    s9, a0, -89
core   0: 3 0x80005294 (0xfa752c93) x25 0x00000000
core   0: 0x80005298 (0x0144ef33) or      t5, s1, s4
core   0: 3 0x80005298 (0x0144ef33) x30 0x80029ce4
core   0: 0x8000529c (0x62d86013) ori     zero, a6, 1581
core   0: 3 0x8000529c (0x62d86013)
core   0: 0x800052a0 (0x01203db3) snez    s11, s2
core   0: 3 0x800052a0 (0x01203db3) x27 0x00000000
core   0: 0x800052a4 (0x02b99633) mulh    a2, s3, a1
core   0: 3 0x800052a4 (0x02b99633) x12 0x00000000
core   0: 0x800052a8 (0xd9a06217) auipc   tp, 0xd9a06
core   0: 3 0x800052a8 (0xd9a06217) x 4 0x59a0b2a8
core   0: 0x800052ac (0x00438663) beq     t2, tp, pc + 12
core   0: 3 0x800052ac (0x00438663)
core   0: 0x800052b0 (0xc39b8693) addi    a3, s7, -967
core   0: 3 0x800052b0 (0xc39b8693) x13 0xfffffc3a
core   0: 0x800052b4 (0x0113c663) blt     t2, a7, pc + 12
core   0: 3 0x800052b4 (0x0113c663)
core   0: 0x800052c0 (0x03e48533) mul     a0, s1, t5
core   0: 3 0x800052c0 (0x03e48533) x10 0xd3b6ab10
core   0: 0x800052c4 (0x01a2e6b3) or      a3, t0, s10
core   0: 3 0x800052c4 (0x01a2e6b3) x13 0x00000001
core   0: 0x800052c8 (0x028a9463) bne     s5, s0, pc + 40
core   0: 3 0x800052c8 (0x028a9463)
core   0: 0x800052f0 (0x02c74863) blt     a4, a2, pc + 48
core   0: 3 0x800052f0 (0x02c74863)
core   0: 0x80005320 (0x01099193) slli    gp, s3, 16
core   0: 3 0x80005320 (0x01099193) x 3 0x00000000
core   0: 0x80005324 (0x02bde233) rem     tp, s11, a1
core   0: 3 0x80005324 (0x02bde233) x 4 0x00000000
core   0: 0x80005328 (0x028f1b33) mulh    s6, t5, s0
core   0: 3 0x80005328 (0x028f1b33) x22 0xffffffff
core   0: 0x8000532c (0x021bea33) rem     s4, s7, ra
core   0: 3 0x8000532c (0x021bea33) x20 0x00000001
core   0: 0x80005330 (0x707f0513) addi    a0, t5, 1799
core   0: 3 0x80005330 (0x707f0513) x10 0x8002a3eb
core   0: 0x80005334 (0x3d88fb93) andi    s7, a7, 984
core   0: 3 0x80005334 (0x3d88fb93) x23 0x000000c8
core   0: 0x80005338 (0x00404e63) blt     zero, tp, pc + 28
core   0: 3 0x80005338 (0x00404e63)
core   0: 0x8000533c (0x769a6913) ori     s2, s4, 1897
core   0: 3 0x8000533c (0x769a6913) x18 0x00000769
core   0: 0x80005340 (0x0341e663) bltu    gp, s4, pc + 44
core   0: 3 0x80005340 (0x0341e663)
core   0: 0x8000536c (0x01ed1833) sll     a6, s10, t5
core   0: 3 0x8000536c (0x01ed1833) x16 0x00000010
core   0: 0x80005370 (0x00dfce33) xor     t3, t6, a3
core   0: 3 0x80005370 (0x00dfce33) x28 0x80025e65
core   0: 0x80005374 (0x03087c33) remu    s8, a6, a6
core   0: 3 0x80005374 (0x03087c33) x24 0x00000000
core   0: 0x80005378 (0x022cbbb3) mulhu   s7, s9, sp
core   0: 3 0x80005378 (0x022cbbb3) x23 0x00000000
core   0: 0x8000537c (0x03336b33) rem     s6, t1, s3
core   0: 3 0x8000537c (0x03336b33) x22 0x00000000
core   0: 0x80005380 (0x03d86e63) bltu    a6, t4, pc + 60
core   0: 3 0x80005380 (0x03d86e63)
core   0: 0x800053bc (0x5fdf2713) slti    a4, t5, 1533
core   0: 3 0x800053bc (0x5fdf2713) x14 0x00000001
core   0: 0x800053c0 (0x016cda33) srl     s4, s9, s6
core   0: 3 0x800053c0 (0x016cda33) x20 0x00000000
core   0: 0x800053c4 (0x00eb30b3) sltu    ra, s6, a4
core   0: 3 0x800053c4 (0x00eb30b3) x 1 0x00000001
core   0: 0x800053c8 (0x0067fc33) and     s8, a5, t1
core   0: 3 0x800053c8 (0x0067fc33) x24 0x00000000
core   0: 0x800053cc (0x19a6e893) ori     a7, a3, 410
core   0: 3 0x800053cc (0x19a6e893) x17 0x0000019b
core   0: 0x800053d0 (0x0140acb3) slt     s9, ra, s4
core   0: 3 0x800053d0 (0x0140acb3) x25 0x00000000
core   0: 0x800053d4 (0x011436b3) sltu    a3, s0, a7
core   0: 3 0x800053d4 (0x011436b3) x13 0x00000001
core   0: 0x800053d8 (0x86a20b97) auipc   s7, 0x86a20
core   0: 3 0x800053d8 (0x86a20b97) x23 0x06a253d8
core   0: 0x800053dc (0x047a4663) blt     s4, t2, pc + 76
core   0: 3 0x800053dc (0x047a4663)
core   0: 0x800053e0 (0x03286533) rem     a0, a6, s2
core   0: 3 0x800053e0 (0x03286533) x10 0x00000010
core   0: 0x800053e4 (0xca2c0e93) addi    t4, s8, -862
core   0: 3 0x800053e4 (0xca2c0e93) x29 0xfffffca2
core   0: 0x800053e8 (0x03b368b3) rem     a7, t1, s11
core   0: 3 0x800053e8 (0x03b368b3) x17 0x00000000
core   0: 0x800053ec (0x036e82b3) mul     t0, t4, s6
core   0: 3 0x800053ec (0x036e82b3) x 5 0x00000000
core   0: 0x800053f0 (0x00c21513) slli    a0, tp, 12
core   0: 3 0x800053f0 (0x00c21513) x10 0x00000000
core   0: 0x800053f4 (0x018633b3) sltu    t2, a2, s8
core   0: 3 0x800053f4 (0x018633b3) x 7 0x00000000
core   0: 0x800053f8 (0xcc45f593) andi    a1, a1, -828
core   0: 3 0x800053f8 (0xcc45f593) x11 0x00000000
core   0: 0x800053fc (0x0189b8b3) sltu    a7, s3, s8
core   0: 3 0x800053fc (0x0189b8b3) x17 0x00000000
core   0: 0x80005400 (0x02441e33) mulh    t3, s0, tp
core   0: 3 0x80005400 (0x02441e33) x28 0x00000000
core   0: 0x80005404 (0x00650e33) add     t3, a0, t1
core   0: 3 0x80005404 (0x00650e33) x28 0x00000000
core   0: 0x80005408 (0x013ed5b3) srl     a1, t4, s3
core   0: 3 0x80005408 (0x013ed5b3) x11 0xfffffca2
core   0: 0x8000540c (0x01d1cc33) xor     s8, gp, t4
core   0: 3 0x8000540c (0x01d1cc33) x24 0xfffffca2
core   0: 0x80005410 (0x4045da93) srai    s5, a1, 4
core   0: 3 0x80005410 (0x4045da93) x21 0xffffffca
core   0: 0x80005414 (0x034ded33) rem     s10, s11, s4
core   0: 3 0x80005414 (0x034ded33) x26 0x00000000
core   0: 0x80005418 (0x01eb6733) or      a4, s6, t5
core   0: 3 0x80005418 (0x01eb6733) x14 0x80029ce4
core   0: 0x8000541c (0x01f0d913) srli    s2, ra, 31
core   0: 3 0x8000541c (0x01f0d913) x18 0x00000000
core   0: 0x80005420 (0x03bc8b33) mul     s6, s9, s11
core   0: 3 0x80005420 (0x03bc8b33) x22 0x00000000
core   0: 0x80005424 (0xbb5c4813) xori    a6, s8, -1099
core   0: 3 0x80005424 (0xbb5c4813) x16 0x00000717
core   0: 0x80005428 (0x00c59b93) slli    s7, a1, 12
core   0: 3 0x80005428 (0x00c59b93) x23 0xffca2000
core   0: 0x8000542c (0x01aa1e63) bne     s4, s10, pc + 28
core   0: 3 0x8000542c (0x01aa1e63)
core   0: 0x80005430 (0x5a708d93) addi    s11, ra, 1447
core   0: 3 0x80005430 (0x5a708d93) x27 0x000005a8
core   0: 0x80005434 (0x03806033) rem     zero, zero, s8
core   0: 3 0x80005434 (0x03806033)
core   0: 0x80005438 (0x0326aeb3) mulhsu  t4, a3, s2
core   0: 3 0x80005438 (0x0326aeb3) x29 0x00000000
core   0: 0x8000543c (0x03b10b33) mul     s6, sp, s11
core   0: 3 0x8000543c (0x03b10b33) x22 0x00000000
core   0: 0x80005440 (0x00ac9d93) slli    s11, s9, 10
core   0: 3 0x80005440 (0x00ac9d93) x27 0x00000000
core   0: 0x80005444 (0x00f75b33) srl     s6, a4, a5
core   0: 3 0x80005444 (0x00f75b33) x22 0x80029ce4
core   0: 0x80005448 (0xb6497d13) andi    s10, s2, -1180
core   0: 3 0x80005448 (0xb6497d13) x26 0x00000000
core   0: 0x8000544c (0x40cfddb3) sra     s11, t6, a2
core   0: 3 0x8000544c (0x40cfddb3) x27 0x80025e64
core   0: 0x80005450 (0x032e3db3) mulhu   s11, t3, s2
core   0: 3 0x80005450 (0x032e3db3) x27 0x00000000
core   0: 0x80005454 (0x03d04633) div     a2, zero, t4
core   0: 3 0x80005454 (0x03d04633) x12 0xffffffff
core   0: 0x80005458 (0x035cee33) rem     t3, s9, s5
core   0: 3 0x80005458 (0x035cee33) x28 0x00000000
core   0: 0x8000545c (0x05659063) bne     a1, s6, pc + 64
core   0: 3 0x8000545c (0x05659063)
core   0: 0x8000549c (0x02726263) bltu    tp, t2, pc + 36
core   0: 3 0x8000549c (0x02726263)
core   0: 0x800054a0 (0x01485513) srli    a0, a6, 20
core   0: 3 0x800054a0 (0x01485513) x10 0x00000000
core   0: 0x800054a4 (0x00000013) nop
core   0: 3 0x800054a4 (0x00000013)
core   0: 0x800054a8 (0x40ad5933) sra     s2, s10, a0
core   0: 3 0x800054a8 (0x40ad5933) x18 0x00000000
core   0: 0x800054ac (0x9d5b7d17) auipc   s10, 0x9d5b7
core   0: 3 0x800054ac (0x9d5b7d17) x26 0x1d5bc4ac
core   0: 0x800054b0 (0x01204ab3) xor     s5, zero, s2
core   0: 3 0x800054b0 (0x01204ab3) x21 0x00000000
core   0: 0x800054b4 (0x02a876b3) remu    a3, a6, a0
core   0: 3 0x800054b4 (0x02a876b3) x13 0x00000717
core   0: 0x800054b8 (0x5a763193) sltiu   gp, a2, 1447
core   0: 3 0x800054b8 (0x5a763193) x 3 0x00000000
core   0: 0x800054bc (0x037e3e33) mulhu   t3, t3, s7
core   0: 3 0x800054bc (0x037e3e33) x28 0x00000000
core   0: 0x800054c0 (0xc2af7d93) andi    s11, t5, -982
core   0: 3 0x800054c0 (0xc2af7d93) x27 0x80029c20
core   0: 0x800054c4 (0x01bc5c13) srli    s8, s8, 27
core   0: 3 0x800054c4 (0x01bc5c13) x24 0x0000001f
core   0: 0x800054c8 (0x02e43db3) mulhu   s11, s0, a4
core   0: 3 0x800054c8 (0x02e43db3) x27 0x00000000
core   0: 0x800054cc (0x0235f9b3) remu    s3, a1, gp
core   0: 3 0x800054cc (0x0235f9b3) x19 0xfffffca2
core   0: 0x800054d0 (0x021c69b3) rem     s3, s8, ra
core   0: 3 0x800054d0 (0x021c69b3) x19 0x00000000
core   0: 0x800054d4 (0x0327f633) remu    a2, a5, s2
core   0: 3 0x800054d4 (0x0327f633) x12 0x00000000
core   0: 0x800054d8 (0x0324f863) bgeu    s1, s2, pc + 48
core   0: 3 0x800054d8 (0x0324f863)
core   0: 0x80005508 (0x0ecdf793) andi    a5, s11, 236
core   0: 3 0x80005508 (0x0ecdf793) x15 0x00000000
core   0: 0x8000550c (0x00000013) nop
core   0: 3 0x8000550c (0x00000013)
core   0: 0x80005510 (0x00eb9193) slli    gp, s7, 14
core   0: 3 0x80005510 (0x00eb9193) x 3 0x88000000
core   0: 0x80005514 (0x8c57e413) ori     s0, a5, -1851
core   0: 3 0x80005514 (0x8c57e413) x 8 0xfffff8c5
core   0: 0x80005518 (0xa9f06293) ori     t0, zero, -1377
core   0: 3 0x80005518 (0xa9f06293) x 5 0xfffffa9f
core   0: 0x8000551c (0x008c50b3) srl     ra, s8, s0
core   0: 3 0x8000551c (0x008c50b3) x 1 0x00000000
core   0: 0x80005520 (0x02313633) mulhu   a2, sp, gp
core   0: 3 0x80005520 (0x02313633) x12 0x44000000
core   0: 0x80005524 (0x00f95263) bge     s2, a5, pc + 4
core   0: 3 0x80005524 (0x00f95263)
core   0: 0x80005528 (0x00560663) beq     a2, t0, pc + 12
core   0: 3 0x80005528 (0x00560663)
core   0: 0x8000552c (0x012e4cb3) xor     s9, t3, s2
core   0: 3 0x8000552c (0x012e4cb3) x25 0x00000000
core   0: 0x80005530 (0x01981a93) slli    s5, a6, 25
core   0: 3 0x80005530 (0x01981a93) x21 0x2e000000
core   0: 0x80005534 (0x03adf6b3) remu    a3, s11, s10
core   0: 3 0x80005534 (0x03adf6b3) x13 0x00000000
core   0: 0x80005538 (0x00896eb3) or      t4, s2, s0
core   0: 3 0x80005538 (0x00896eb3) x29 0xfffff8c5
core   0: 0x8000553c (0x023475b3) remu    a1, s0, gp
core   0: 3 0x8000553c (0x023475b3) x11 0x77fff8c5
core   0: 0x80005540 (0x00f8d463) bge     a7, a5, pc + 8
core   0: 3 0x80005540 (0x00f8d463)
core   0: 0x80005548 (0x002f2433) slt     s0, t5, sp
core   0: 3 0x80005548 (0x002f2433) x 8 0x00000000
core   0: 0x8000554c (0x03402833) mulhsu  a6, zero, s4
core   0: 3 0x8000554c (0x03402833) x16 0x00000000
core   0: 0x80005550 (0x4db1c193) xori    gp, gp, 1243
core   0: 3 0x80005550 (0x4db1c193) x 3 0x880004db
core   0: 0x80005554 (0x03712f33) mulhsu  t5, sp, s7
core   0: 3 0x80005554 (0x03712f33) x30 0x801af000
core   0: 0x80005558 (0x03adfb33) remu    s6, s11, s10
core   0: 3 0x80005558 (0x03adfb33) x22 0x00000000
core   0: 0x8000555c (0x00be21b3) slt     gp, t3, a1
core   0: 3 0x8000555c (0x00be21b3) x 3 0x00000001
core   0: 0x80005560 (0x00d3ca63) blt     t2, a3, pc + 20
core   0: 3 0x80005560 (0x00d3ca63)
core   0: 0x80005564 (0x01d09c93) slli    s9, ra, 29
core   0: 3 0x80005564 (0x01d09c93) x25 0x00000000
core   0: 0x80005568 (0x01b7c0b3) xor     ra, a5, s11
core   0: 3 0x80005568 (0x01b7c0b3) x 1 0x00000000
core   0: 0x8000556c (0x012bcdb3) xor     s11, s7, s2
core   0: 3 0x8000556c (0x012bcdb3) x27 0xffca2000
core   0: 0x80005570 (0x00212d33) slt     s10, sp, sp
core   0: 3 0x80005570 (0x00212d33) x26 0x00000000
core   0: 0x80005574 (0x9e820713) addi    a4, tp, -1560
core   0: 3 0x80005574 (0x9e820713) x14 0xfffff9e8
core   0: 0x80005578 (0x01e30933) add     s2, t1, t5
core   0: 3 0x80005578 (0x01e30933) x18 0x801af000
core   0: 0x8000557c (0x02b2f3b3) remu    t2, t0, a1
core   0: 3 0x8000557c (0x02b2f3b3) x 7 0x10000915
core   0: 0x80005580 (0x012897b3) sll     a5, a7, s2
core   0: 3 0x80005580 (0x012897b3) x15 0x00000000
core   0: 0x80005584 (0x026e9a33) mulh    s4, t4, t1
core   0: 3 0x80005584 (0x026e9a33) x20 0x00000000
core   0: 0x80005588 (0x95fd9d37) lui     s10, 0x95fd9
core   0: 3 0x80005588 (0x95fd9d37) x26 0x95fd9000
core   0: 0x8000558c (0x01556663) bltu    a0, s5, pc + 12
core   0: 3 0x8000558c (0x01556663)
core   0: 0x80005598 (0x38f86d13) ori     s10, a6, 911
core   0: 3 0x80005598 (0x38f86d13) x26 0x0000038f
core   0: 0x8000559c (0x001b1313) slli    t1, s6, 1
core   0: 3 0x8000559c (0x001b1313) x 6 0x00000000
core   0: 0x800055a0 (0x41fd8933) sub     s2, s11, t6
core   0: 3 0x800055a0 (0x41fd8933) x18 0x7fc7c19c
core   0: 0x800055a4 (0xbfe52713) slti    a4, a0, -1026
core   0: 3 0x800055a4 (0xbfe52713) x14 0x00000000
core   0: 0x800055a8 (0x0022b233) sltu    tp, t0, sp
core   0: 3 0x800055a8 (0x0022b233) x 4 0x00000000
core   0: 0x800055ac (0x001a7533) and     a0, s4, ra
core   0: 3 0x800055ac (0x001a7533) x10 0x00000000
core   0: 0x800055b0 (0x05631663) bne     t1, s6, pc + 76
core   0: 3 0x800055b0 (0x05631663)
core   0: 0x800055b4 (0x408b5893) srai    a7, s6, 8
core   0: 3 0x800055b4 (0x408b5893) x17 0x00000000
core   0: 0x800055b8 (0x03f209b3) mul     s3, tp, t6
core   0: 3 0x800055b8 (0x03f209b3) x19 0x00000000
core   0: 0x800055bc (0x00f97533) and     a0, s2, a5
core   0: 3 0x800055bc (0x00f97533) x10 0x00000000
core   0: 0x800055c0 (0x4091df33) sra     t5, gp, s1
core   0: 3 0x800055c0 (0x4091df33) x30 0x00000000
core   0: 0x800055c4 (0x02db3f33) mulhu   t5, s6, a3
core   0: 3 0x800055c4 (0x02db3f33) x30 0x00000000
core   0: 0x800055c8 (0x164a95b7) lui     a1, 0x164a9
core   0: 3 0x800055c8 (0x164a95b7) x11 0x164a9000
core   0: 0x800055cc (0x0092f933) and     s2, t0, s1
core   0: 3 0x800055cc (0x0092f933) x18 0x80029884
core   0: 0x800055d0 (0x7150eb93) ori     s7, ra, 1813
core   0: 3 0x800055d0 (0x7150eb93) x23 0x00000715
core   0: 0x800055d4 (0xd83b6a93) ori     s5, s6, -637
core   0: 3 0x800055d4 (0xd83b6a93) x21 0xfffffd83
core   0: 0x800055d8 (0x0228deb3) divu    t4, a7, sp
core   0: 3 0x800055d8 (0x0228deb3) x29 0x00000000
core   0: 0x800055dc (0x0375b5b3) mulhu   a1, a1, s7
core   0: 3 0x800055dc (0x0375b5b3) x11 0x0000009d
core   0: 0x800055e0 (0x41618f33) sub     t5, gp, s6
core   0: 3 0x800055e0 (0x41618f33) x30 0x00000001
core   0: 0x800055e4 (0x03dce333) rem     t1, s9, t4
core   0: 3 0x800055e4 (0x03dce333) x 6 0x00000000
core   0: 0x800055e8 (0x0164f9b3) and     s3, s1, s6
core   0: 3 0x800055e8 (0x0164f9b3) x19 0x00000000
core   0: 0x800055ec (0x13a26663) bltu    tp, s10, pc + 300
core   0: 3 0x800055ec (0x13a26663)
core   0: 0x80005718 (0x0019dc33) srl     s8, s3, ra
core   0: 3 0x80005718 (0x0019dc33) x24 0x00000000
core   0: 0x8000571c (0x1d0fc2b7) lui     t0, 0x1d0fc
core   0: 3 0x8000571c (0x1d0fc2b7) x 5 0x1d0fc000
core   0: 0x80005720 (0x41dfd413) srai    s0, t6, 29
core   0: 3 0x80005720 (0x41dfd413) x 8 0xfffffffc
core   0: 0x80005724 (0x01e8dcb3) srl     s9, a7, t5
core   0: 3 0x80005724 (0x01e8dcb3) x25 0x00000000
core   0: 0x80005728 (0x412685b3) sub     a1, a3, s2
core   0: 3 0x80005728 (0x412685b3) x11 0x7ffd677c
core   0: 0x8000572c (0x025367b3) rem     a5, t1, t0
core   0: 3 0x8000572c (0x025367b3) x15 0x00000000
core   0: 0x80005730 (0x81d26e13) ori     t3, tp, -2019
core   0: 3 0x80005730 (0x81d26e13) x28 0xfffff81d
core   0: 0x80005734 (0x0268c663) blt     a7, t1, pc + 44
core   0: 3 0x80005734 (0x0268c663)
core   0: 0x80005738 (0x02ca06b3) mul     a3, s4, a2
core   0: 3 0x80005738 (0x02ca06b3) x13 0x00000000
core   0: 0x8000573c (0x00c40a63) beq     s0, a2, pc + 20
core   0: 3 0x8000573c (0x00c40a63)
core   0: 0x80005740 (0x02a6ec63) bltu    a3, a0, pc + 56
core   0: 3 0x80005740 (0x02a6ec63)
core   0: 0x80005744 (0x7bf6fa13) andi    s4, a3, 1983
core   0: 3 0x80005744 (0x7bf6fa13) x20 0x00000000
core   0: 0x80005748 (0x05306663) bltu    zero, s3, pc + 76
core   0: 3 0x80005748 (0x05306663)
core   0: 0x8000574c (0x021e7033) remu    zero, t3, ra
core   0: 3 0x8000574c (0x021e7033)
core   0: 0x80005750 (0x0392a333) mulhsu  t1, t0, s9
core   0: 3 0x80005750 (0x0392a333) x 6 0x00000000
core   0: 0x80005754 (0x00fe5393) srli    t2, t3, 15
core   0: 3 0x80005754 (0x00fe5393) x 7 0x0001ffff
core   0: 0x80005758 (0x00a6db33) srl     s6, a3, a0
core   0: 3 0x80005758 (0x00a6db33) x22 0x00000000
core   0: 0x8000575c (0x02504933) div     s2, zero, t0
core   0: 3 0x8000575c (0x02504933) x18 0x00000000
core   0: 0x80005760 (0x0352c463) blt     t0, s5, pc + 40
core   0: 3 0x80005760 (0x0352c463)
core   0: 0x80005764 (0x40d3dc93) srai    s9, t2, 13
core   0: 3 0x80005764 (0x40d3dc93) x25 0x0000000f
core   0: 0x80005768 (0x00e299b3) sll     s3, t0, a4
core   0: 3 0x80005768 (0x00e299b3) x19 0x1d0fc000
core   0: 0x8000576c (0x027da8b3) mulhsu  a7, s11, t2
core   0: 3 0x8000576c (0x027da8b3) x17 0xffffff94
core   0: 0x80005770 (0x41910833) sub     a6, sp, s9
core   0: 3 0x80005770 (0x41910833) x16 0x7ffffff1
core   0: 0x80005774 (0x6a237a93) andi    s5, t1, 1698
core   0: 3 0x80005774 (0x6a237a93) x21 0x00000000
core   0: 0x80005778 (0x02456463) bltu    a0, tp, pc + 40
core   0: 3 0x80005778 (0x02456463)
core   0: 0x8000577c (0x017a5db3) srl     s11, s4, s7
core   0: 3 0x8000577c (0x017a5db3) x27 0x00000000
core   0: 0x80005780 (0x02953eb3) mulhu   t4, a0, s1
core   0: 3 0x80005780 (0x02953eb3) x29 0x00000000
core   0: 0x80005784 (0x0164d193) srli    gp, s1, 22
core   0: 3 0x80005784 (0x0164d193) x 3 0x00000200
core   0: 0x80005788 (0x03315e63) bge     sp, s3, pc + 60
core   0: 3 0x80005788 (0x03315e63)
core   0: 0x8000578c (0x01636bb3) or      s7, t1, s6
core   0: 3 0x8000578c (0x01636bb3) x23 0x00000000
core   0: 0x80005790 (0xb5b90893) addi    a7, s2, -1189
core   0: 3 0x80005790 (0xb5b90893) x17 0xfffffb5b
core   0: 0x80005794 (0x00a90a33) add     s4, s2, a0
core   0: 3 0x80005794 (0x00a90a33) x20 0x00000000
core   0: 0x80005798 (0x054e1863) bne     t3, s4, pc + 80
core   0: 3 0x80005798 (0x054e1863)
core   0: 0x800057e8 (0x0218ab33) mulhsu  s6, a7, ra
core   0: 3 0x800057e8 (0x0218ab33) x22 0x00000000
core   0: 0x800057ec (0x00000013) nop
core   0: 3 0x800057ec (0x00000013)
core   0: 0x800057f0 (0x2381c513) xori    a0, gp, 568
core   0: 3 0x800057f0 (0x2381c513) x10 0x00000038
core   0: 0x800057f4 (0x023d5833) divu    a6, s10, gp
core   0: 3 0x800057f4 (0x023d5833) x16 0x00000001
core   0: 0x800057f8 (0x02e24863) blt     tp, a4, pc + 48
core   0: 3 0x800057f8 (0x02e24863)
core   0: 0x800057fc (0x00b74a33) xor     s4, a4, a1
core   0: 3 0x800057fc (0x00b74a33) x20 0x7ffd677c
core   0: 0x80005800 (0x69a22013) slti    zero, tp, 1690
core   0: 3 0x80005800 (0x69a22013)
core   0: 0x80005804 (0x1a820093) addi    ra, tp, 424
core   0: 3 0x80005804 (0x1a820093) x 1 0x000001a8
core   0: 0x80005808 (0x01a7dd13) srli    s10, a5, 26
core   0: 3 0x80005808 (0x01a7dd13) x26 0x00000000
core   0: 0x8000580c (0x00f28233) add     tp, t0, a5
core   0: 3 0x8000580c (0x00f28233) x 4 0x1d0fc000
core   0: 0x80005810 (0x3b580d93) addi    s11, a6, 949
core   0: 3 0x80005810 (0x3b580d93) x27 0x000003b6
core   0: 0x80005814 (0x3c710913) addi    s2, sp, 967
core   0: 3 0x80005814 (0x3c710913) x18 0x800003c7
core   0: 0x80005818 (0x5fc18693) addi    a3, gp, 1532
core   0: 3 0x80005818 (0x5fc18693) x13 0x000007fc
core   0: 0x8000581c (0xc3877593) andi    a1, a4, -968
core   0: 3 0x8000581c (0xc3877593) x11 0x00000000
core   0: 0x80005820 (0xcb2b7a93) andi    s5, s6, -846
core   0: 3 0x80005820 (0xcb2b7a93) x21 0x00000000
core   0: 0x80005824 (0x00000013) nop
core   0: 3 0x80005824 (0x00000013)
core   0: 0x80005828 (0xbc412d13) slti    s10, sp, -1084
core   0: 3 0x80005828 (0xbc412d13) x26 0x00000001
core   0: 0x8000582c (0x027f48b3) div     a7, t5, t2
core   0: 3 0x8000582c (0x027f48b3) x17 0x00000000
core   0: 0x80005830 (0x034da933) mulhsu  s2, s11, s4
core   0: 3 0x80005830 (0x034da933) x18 0x000001da
core   0: 0x80005834 (0x01b92933) slt     s2, s2, s11
core   0: 3 0x80005834 (0x01b92933) x18 0x00000001
core   0: 0x80005838 (0x03051c63) bne     a0, a6, pc + 56
core   0: 3 0x80005838 (0x03051c63)
core   0: 0x80005870 (0x029fcbb3) div     s7, t6, s1
core   0: 3 0x80005870 (0x029fcbb3) x23 0x00000001
core   0: 0x80005874 (0x00d19a63) bne     gp, a3, pc + 20
core   0: 3 0x80005874 (0x00d19a63)
core   0: 0x80005888 (0x41d4d9b3) sra     s3, s1, t4
core   0: 3 0x80005888 (0x41d4d9b3) x19 0x80029ce4
core   0: 0x8000588c (0x00262bb3) slt     s7, a2, sp
core   0: 3 0x8000588c (0x00262bb3) x23 0x00000000
core   0: 0x80005890 (0x03362833) mulhsu  a6, a2, s3
core   0: 3 0x80005890 (0x03362833) x16 0x2200b1ac
core   0: 0x80005894 (0x05b47263) bgeu    s0, s11, pc + 68
core   0: 3 0x80005894 (0x05b47263)
core   0: 0x800058d8 (0x03f8d263) bge     a7, t6, pc + 36
core   0: 3 0x800058d8 (0x03f8d263)
core   0: 0x800058fc (0x03fd6933) rem     s2, s10, t6
core   0: 3 0x800058fc (0x03fd6933) x18 0x00000001
core   0: 0x80005900 (0x007d80b3) add     ra, s11, t2
core   0: 3 0x80005900 (0x007d80b3) x 1 0x000203b5
core   0: 0x80005904 (0x01bbd7b3) srl     a5, s7, s11
core   0: 3 0x80005904 (0x01bbd7b3) x15 0x00000000
core   0: 0x80005908 (0x048ed863) bge     t4, s0, pc + 80
core   0: 3 0x80005908 (0x048ed863)
core   0: 0x80005958 (0x012afbb3) and     s7, s5, s2
core   0: 3 0x80005958 (0x012afbb3) x23 0x00000000
core   0: 0x8000595c (0x02c655b3) divu    a1, a2, a2
core   0: 3 0x8000595c (0x02c655b3) x11 0x00000001
core   0: 0x80005960 (0x0122f7b3) and     a5, t0, s2
core   0: 3 0x80005960 (0x0122f7b3) x15 0x00000000
core   0: 0x80005964 (0x830df213) andi    tp, s11, -2000
core   0: 3 0x80005964 (0x830df213) x 4 0x00000030
core   0: 0x80005968 (0x90eea013) slti    zero, t4, -1778
core   0: 3 0x80005968 (0x90eea013)
core   0: 0x8000596c (0x026f9233) mulh    tp, t6, t1
core   0: 3 0x8000596c (0x026f9233) x 4 0x00000000
core   0: 0x80005970 (0x00951d13) slli    s10, a0, 9
core   0: 3 0x80005970 (0x00951d13) x26 0x00007000
core   0: 0x80005974 (0x1baee313) ori     t1, t4, 442
core   0: 3 0x80005974 (0x1baee313) x 6 0x000001ba
core   0: 0x80005978 (0x41e88ab3) sub     s5, a7, t5
core   0: 3 0x80005978 (0x41e88ab3) x21 0xffffffff
core   0: 0x8000597c (0x0344d5b3) divu    a1, s1, s4
core   0: 3 0x8000597c (0x0344d5b3) x11 0x00000001
core   0: 0x80005980 (0x4604df17) auipc   t5, 0x4604d
core   0: 3 0x80005980 (0x4604df17) x30 0xc6052980
core   0: 0x80005984 (0x008f1d33) sll     s10, t5, s0
core   0: 3 0x80005984 (0x008f1d33) x26 0x00000000
core   0: 0x80005988 (0x40125a93) srai    s5, tp, 1
core   0: 3 0x80005988 (0x40125a93) x21 0x00000000
core   0: 0x8000598c (0x2a028813) addi    a6, t0, 672
core   0: 3 0x8000598c (0x2a028813) x16 0x1d0fc2a0
core   0: 0x80005990 (0x0191beb3) sltu    t4, gp, s9
core   0: 3 0x80005990 (0x0191beb3) x29 0x00000000
core   0: 0x80005994 (0x9de37093) andi    ra, t1, -1570
core   0: 3 0x80005994 (0x9de37093) x 1 0x0000019a
core   0: 0x80005998 (0xa7a70f37) lui     t5, 0xa7a70
core   0: 3 0x80005998 (0xa7a70f37) x30 0xa7a70000
core   0: 0x8000599c (0x41d58c33) sub     s8, a1, t4
core   0: 3 0x8000599c (0x41d58c33) x24 0x00000001
core   0: 0x800059a0 (0x0186fb33) and     s6, a3, s8
core   0: 3 0x800059a0 (0x0186fb33) x22 0x00000000
core   0: 0x800059a4 (0x00137eb3) and     t4, t1, ra
core   0: 3 0x800059a4 (0x00137eb3) x29 0x0000019a
core   0: 0x800059a8 (0x01703cb3) snez    s9, s7
core   0: 3 0x800059a8 (0x01703cb3) x25 0x00000000
core   0: 0x800059ac (0x02691033) mulh    zero, s2, t1
core   0: 3 0x800059ac (0x02691033)
core   0: 0x800059b0 (0x02643ab3) mulhu   s5, s0, t1
core   0: 3 0x800059b0 (0x02643ab3) x21 0x000001b9
core   0: 0x800059b4 (0x00565263) bge     a2, t0, pc + 4
core   0: 3 0x800059b4 (0x00565263)
core   0: 0x800059b8 (0x958d90b7) lui     ra, 0x958d9
core   0: 3 0x800059b8 (0x958d90b7) x 1 0x958d9000
core   0: 0x800059bc (0x007e88b3) add     a7, t4, t2
core   0: 3 0x800059bc (0x007e88b3) x17 0x00020199
core   0: 0x800059c0 (0x03680cb3) mul     s9, a6, s6
core   0: 3 0x800059c0 (0x03680cb3) x25 0x00000000
core   0: 0x800059c4 (0xa525ad93) slti    s11, a1, -1454
core   0: 3 0x800059c4 (0xa525ad93) x27 0x00000000
core   0: 0x800059c8 (0x008e0d33) add     s10, t3, s0
core   0: 3 0x800059c8 (0x008e0d33) x26 0xfffff819
core   0: 0x800059cc (0x5d9cf397) auipc   t2, 0x5d9cf
core   0: 3 0x800059cc (0x5d9cf397) x 7 0xdd9d49cc
core   0: 0x800059d0 (0x0101ce63) blt     gp, a6, pc + 28
core   0: 3 0x800059d0 (0x0101ce63)
core   0: 0x800059ec (0x42a0f513) andi    a0, ra, 1066
core   0: 3 0x800059ec (0x42a0f513) x10 0x00000000
core   0: 0x800059f0 (0x00000013) nop
core   0: 3 0x800059f0 (0x00000013)
core   0: 0x800059f4 (0xadb5bb13) sltiu   s6, a1, -1317
core   0: 3 0x800059f4 (0xadb5bb13) x22 0x00000001
core   0: 0x800059f8 (0x02027463) bgeu    tp, zero, pc + 40
core   0: 3 0x800059f8 (0x02027463)
core   0: 0x80005a20 (0x010738b3) sltu    a7, a4, a6
core   0: 3 0x80005a20 (0x010738b3) x17 0x00000001
core   0: 0x80005a24 (0x3df2f093) andi    ra, t0, 991
core   0: 3 0x80005a24 (0x3df2f093) x 1 0x00000000
core   0: 0x80005a28 (0x41f4d8b3) sra     a7, s1, t6
core   0: 3 0x80005a28 (0x41f4d8b3) x17 0xf80029ce
core   0: 0x80005a2c (0xa9fedab7) lui     s5, 0xa9fed
core   0: 3 0x80005a2c (0xa9fedab7) x21 0xa9fed000
core   0: 0x80005a30 (0x55921db7) lui     s11, 0x55921
core   0: 3 0x80005a30 (0x55921db7) x27 0x55921000
core   0: 0x80005a34 (0x00b01013) slli    zero, zero, 11
core   0: 3 0x80005a34 (0x00b01013)
core   0: 0x80005a38 (0x0339bab3) mulhu   s5, s3, s3
core   0: 3 0x80005a38 (0x0339bab3) x21 0x40029cea
core   0: 0x80005a3c (0x0cfc8c13) addi    s8, s9, 207
core   0: 3 0x80005a3c (0x0cfc8c13) x24 0x000000cf
core   0: 0x80005a40 (0x009028b3) slt     a7, zero, s1
core   0: 3 0x80005a40 (0x009028b3) x17 0x00000000
core   0: 0x80005a44 (0x01b4d0b3) srl     ra, s1, s11
core   0: 3 0x80005a44 (0x01b4d0b3) x 1 0x80029ce4
core   0: 0x80005a48 (0x03950c63) beq     a0, s9, pc + 56
core   0: 3 0x80005a48 (0x03950c63)
core   0: 0x80005a80 (0x0011ebb3) or      s7, gp, ra
core   0: 3 0x80005a80 (0x0011ebb3) x23 0x80029ee4
core   0: 0x80005a84 (0x422ce793) ori     a5, s9, 1058
core   0: 3 0x80005a84 (0x422ce793) x15 0x00000422
core   0: 0x80005a88 (0x019a0663) beq     s4, s9, pc + 12
core   0: 3 0x80005a88 (0x019a0663)
core   0: 0x80005a8c (0x01d90f33) add     t5, s2, t4
core   0: 3 0x80005a8c (0x01d90f33) x30 0x0000019b
core   0: 0x80005a90 (0xd05e5c37) lui     s8, 0xd05e5
core   0: 3 0x80005a90 (0xd05e5c37) x24 0xd05e5000
core   0: 0x80005a94 (0xccbdbc93) sltiu   s9, s11, -821
core   0: 3 0x80005a94 (0xccbdbc93) x25 0x00000001
core   0: 0x80005a98 (0x194b7893) andi    a7, s6, 404
core   0: 3 0x80005a98 (0x194b7893) x17 0x00000000
core   0: 0x80005a9c (0x40e3dd93) srai    s11, t2, 14
core   0: 3 0x80005a9c (0x40e3dd93) x27 0xffff7675
core   0: 0x80005aa0 (0x02ab5863) bge     s6, a0, pc + 48
core   0: 3 0x80005aa0 (0x02ab5863)
core   0: 0x80005ad0 (0x03ad4c33) div     s8, s10, s10
core   0: 3 0x80005ad0 (0x03ad4c33) x24 0x00000001
core   0: 0x80005ad4 (0x407adc93) srai    s9, s5, 7
core   0: 3 0x80005ad4 (0x407adc93) x25 0x00800539
core   0: 0x80005ad8 (0x4016dc93) srai    s9, a3, 1
core   0: 3 0x80005ad8 (0x4016dc93) x25 0x000003fe
core   0: 0x80005adc (0x024e1463) bne     t3, tp, pc + 40
core   0: 3 0x80005adc (0x024e1463)
core   0: 0x80005b04 (0x40ea85b3) sub     a1, s5, a4
core   0: 3 0x80005b04 (0x40ea85b3) x11 0x40029cea
core   0: 0x80005b08 (0x405ad8b3) sra     a7, s5, t0
core   0: 3 0x80005b08 (0x405ad8b3) x17 0x40029cea
core   0: 0x80005b0c (0x00000013) nop
core   0: 3 0x80005b0c (0x00000013)
core   0: 0x80005b10 (0x4b73f713) andi    a4, t2, 1207
core   0: 3 0x80005b10 (0x4b73f713) x14 0x00000084
core   0: 0x80005b14 (0x01c809b3) add     s3, a6, t3
core   0: 3 0x80005b14 (0x01c809b3) x19 0x1d0fbabd
core   0: 0x80005b18 (0x406f0c33) sub     s8, t5, t1
core   0: 3 0x80005b18 (0x406f0c33) x24 0xffffffe1
core   0: 0x80005b1c (0x05d8e863) bltu    a7, t4, pc + 80
core   0: 3 0x80005b1c (0x05d8e863)
core   0: 0x80005b20 (0x01c36863) bltu    t1, t3, pc + 16
core   0: 3 0x80005b20 (0x01c36863)
core   0: 0x80005b30 (0x03519333) mulh    t1, gp, s5
core   0: 3 0x80005b30 (0x03519333) x 6 0x00000080
core   0: 0x80005b34 (0x03f0a533) mulhsu  a0, ra, t6
core   0: 3 0x80005b34 (0x03f0a533) x10 0xc0001f46
core   0: 0x80005b38 (0x01746663) bltu    s0, s7, pc + 12
core   0: 3 0x80005b38 (0x01746663)
core   0: 0x80005b3c (0x011221b3) slt     gp, tp, a7
core   0: 3 0x80005b3c (0x011221b3) x 3 0x00000001
core   0: 0x80005b40 (0x20e36f13) ori     t5, t1, 526
core   0: 3 0x80005b40 (0x20e36f13) x30 0x0000028e
core   0: 0x80005b44 (0x006d6833) or      a6, s10, t1
core   0: 3 0x80005b44 (0x006d6833) x16 0xfffff899
core   0: 0x80005b48 (0x0325b933) mulhu   s2, a1, s2
core   0: 3 0x80005b48 (0x0325b933) x18 0x00000000
core   0: 0x80005b4c (0x76d5c513) xori    a0, a1, 1901
core   0: 3 0x80005b4c (0x76d5c513) x10 0x40029b87
core   0: 0x80005b50 (0x03666c33) rem     s8, a2, s6
core   0: 3 0x80005b50 (0x03666c33) x24 0x00000000
core   0: 0x80005b54 (0x01b5dd93) srli    s11, a1, 27
core   0: 3 0x80005b54 (0x01b5dd93) x27 0x00000008
core   0: 0x80005b58 (0x040cd663) bgez    s9, pc + 76
core   0: 3 0x80005b58 (0x040cd663)
core   0: 0x80005ba4 (0x02b0ac33) mulhsu  s8, ra, a1
core   0: 3 0x80005ba4 (0x02b0ac33) x24 0xdfff58ca
core   0: 0x80005ba8 (0x03c2f933) remu    s2, t0, t3
core   0: 3 0x80005ba8 (0x03c2f933) x18 0x1d0fc000
core   0: 0x80005bac (0x0020d593) srli    a1, ra, 2
core   0: 3 0x80005bac (0x0020d593) x11 0x2000a739
core   0: 0x80005bb0 (0x037c1db3) mulh    s11, s8, s7
core   0: 3 0x80005bb0 (0x037c1db3) x27 0x0fffffbc
core   0: 0x80005bb4 (0x016bdbb3) srl     s7, s7, s6
core   0: 3 0x80005bb4 (0x016bdbb3) x23 0x40014f72
core   0: 0x80005bb8 (0x02604233) div     tp, zero, t1
core   0: 3 0x80005bb8 (0x02604233) x 4 0x00000000
core   0: 0x80005bbc (0xe471f0b7) lui     ra, 0xe471f
core   0: 3 0x80005bbc (0xe471f0b7) x 1 0xe471f000
core   0: 0x80005bc0 (0x03da9d33) mulh    s10, s5, t4
core   0: 3 0x80005bc0 (0x03da9d33) x26 0x00000066
core   0: 0x80005bc4 (0x0360dd33) divu    s10, ra, s6
core   0: 3 0x80005bc4 (0x0360dd33) x26 0xe471f000
core   0: 0x80005bc8 (0x03b47933) remu    s2, s0, s11
core   0: 3 0x80005bc8 (0x03b47933) x18 0x0000043c
core   0: 0x80005bcc (0x0129cc33) xor     s8, s3, s2
core   0: 3 0x80005bcc (0x0129cc33) x24 0x1d0fbe81
core   0: 0x80005bd0 (0x45352393) slti    t2, a0, 1107
core   0: 3 0x80005bd0 (0x45352393) x 7 0x00000000
core   0: 0x80005bd4 (0x01e955b3) srl     a1, s2, t5
core   0: 3 0x80005bd4 (0x01e955b3) x11 0x00000000
core   0: 0x80005bd8 (0x28800893) li      a7, 648
core   0: 3 0x80005bd8 (0x28800893) x17 0x00000288
core   0: 0x80005bdc (0x1fd97e13) andi    t3, s2, 509
core   0: 3 0x80005bdc (0x1fd97e13) x28 0x0000003c
core   0: 0x80005be0 (0x40850733) sub     a4, a0, s0
core   0: 3 0x80005be0 (0x40850733) x14 0x40029b8b
core   0: 0x80005be4 (0x03607db3) remu    s11, zero, s6
core   0: 3 0x80005be4 (0x03607db3) x27 0x00000000
core   0: 0x80005be8 (0x01f18533) add     a0, gp, t6
core   0: 3 0x80005be8 (0x01f18533) x10 0x80025e65
core   0: 0x80005bec (0x028f7033) remu    zero, t5, s0
core   0: 3 0x80005bec (0x028f7033)
core   0: 0x80005bf0 (0x027a82b3) mul     t0, s5, t2
core   0: 3 0x80005bf0 (0x027a82b3) x 5 0x00000000
core   0: 0x80005bf4 (0x024b32b3) mulhu   t0, s6, tp
core   0: 3 0x80005bf4 (0x024b32b3) x 5 0x00000000
core   0: 0x80005bf8 (0x00c667b3) or      a5, a2, a2
core   0: 3 0x80005bf8 (0x00c667b3) x15 0x44000000
core   0: 0x80005bfc (0x05d78863) beq     a5, t4, pc + 80
core   0: 3 0x80005bfc (0x05d78863)
core   0: 0x80005c00 (0x032040b3) div     ra, zero, s2
core   0: 3 0x80005c00 (0x032040b3) x 1 0x00000000
core   0: 0x80005c04 (0x00836a63) bltu    t1, s0, pc + 20
core   0: 3 0x80005c04 (0x00836a63)
core   0: 0x80005c18 (0x7017f593) andi    a1, a5, 1793
core   0: 3 0x80005c18 (0x7017f593) x11 0x00000000
core   0: 0x80005c1c (0x00e65293) srli    t0, a2, 14
core   0: 3 0x80005c1c (0x00e65293) x 5 0x00011000
core   0: 0x80005c20 (0x03127c33) remu    s8, tp, a7
core   0: 3 0x80005c20 (0x03127c33) x24 0x00000000
core   0: 0x80005c24 (0x4106de13) srai    t3, a3, 16
core   0: 3 0x80005c24 (0x4106de13) x28 0x00000000
core   0: 0x80005c28 (0x02216e63) bltu    sp, sp, pc + 60
core   0: 3 0x80005c28 (0x02216e63)
core   0: 0x80005c2c (0x0b80f893) andi    a7, ra, 184
core   0: 3 0x80005c2c (0x0b80f893) x17 0x00000000
core   0: 0x80005c30 (0x426e3693) sltiu   a3, t3, 1062
core   0: 3 0x80005c30 (0x426e3693) x13 0x00000001
core   0: 0x80005c34 (0x3b7f0213) addi    tp, t5, 951
core   0: 3 0x80005c34 (0x3b7f0213) x 4 0x00000645
core   0: 0x80005c38 (0x016fd513) srli    a0, t6, 22
core   0: 3 0x80005c38 (0x016fd513) x10 0x00000200
core   0: 0x80005c3c (0xa58cbe13) sltiu   t3, s9, -1448
core   0: 3 0x80005c3c (0xa58cbe13) x28 0x00000001
core   0: 0x80005c40 (0x00b51db3) sll     s11, a0, a1
core   0: 3 0x80005c40 (0x00b51db3) x27 0x00000200
core   0: 0x80005c44 (0x0037e433) or      s0, a5, gp
core   0: 3 0x80005c44 (0x0037e433) x 8 0x44000001
core   0: 0x80005c48 (0x001cb533) sltu    a0, s9, ra
core   0: 3 0x80005c48 (0x001cb533) x10 0x00000000
core   0: 0x80005c4c (0x029a5c63) bge     s4, s1, pc + 56
core   0: 3 0x80005c4c (0x029a5c63)
core   0: 0x80005c84 (0x0253b8b3) mulhu   a7, t2, t0
core   0: 3 0x80005c84 (0x0253b8b3) x17 0x00000000
core   0: 0x80005c88 (0x01479663) bne     a5, s4, pc + 12
core   0: 3 0x80005c88 (0x01479663)
core   0: 0x80005c94 (0x0186e1b3) or      gp, a3, s8
core   0: 3 0x80005c94 (0x0186e1b3) x 3 0x00000001
core   0: 0x80005c98 (0x0316ef33) rem     t5, a3, a7
core   0: 3 0x80005c98 (0x0316ef33) x30 0x00000001
core   0: 0x80005c9c (0x6ad176b7) lui     a3, 0x6ad17
core   0: 3 0x80005c9c (0x6ad176b7) x13 0x6ad17000
core   0: 0x80005ca0 (0x02d7d463) bge     a5, a3, pc + 40
core   0: 3 0x80005ca0 (0x02d7d463)
core   0: 0x80005ca4 (0x02ea2833) mulhsu  a6, s4, a4
core   0: 3 0x80005ca4 (0x02ea2833) x16 0x2000a79d
core   0: 0x80005ca8 (0x026f75b3) remu    a1, t5, t1
core   0: 3 0x80005ca8 (0x026f75b3) x11 0x00000001
core   0: 0x80005cac (0x021c07b3) mul     a5, s8, ra
core   0: 3 0x80005cac (0x021c07b3) x15 0x00000000
core   0: 0x80005cb0 (0x38667a93) andi    s5, a2, 902
core   0: 3 0x80005cb0 (0x38667a93) x21 0x00000000
core   0: 0x80005cb4 (0x00b01533) sll     a0, zero, a1
core   0: 3 0x80005cb4 (0x00b01533) x10 0x00000000
core   0: 0x80005cb8 (0x02bf23b3) mulhsu  t2, t5, a1
core   0: 3 0x80005cb8 (0x02bf23b3) x 7 0x00000000
core   0: 0x80005cbc (0x03fad333) divu    t1, s5, t6
core   0: 3 0x80005cbc (0x03fad333) x 6 0x00000000
core   0: 0x80005cc0 (0x02f8deb3) divu    t4, a7, a5
core   0: 3 0x80005cc0 (0x02f8deb3) x29 0xffffffff
core   0: 0x80005cc4 (0x03cb0633) mul     a2, s6, t3
core   0: 3 0x80005cc4 (0x03cb0633) x12 0x00000001
core   0: 0x80005cc8 (0x9d188893) addi    a7, a7, -1583
core   0: 3 0x80005cc8 (0x9d188893) x17 0xfffff9d1
core   0: 0x80005ccc (0x001e0663) beq     t3, ra, pc + 12
core   0: 3 0x80005ccc (0x001e0663)
core   0: 0x80005cd0 (0x41de8e33) sub     t3, t4, t4
core   0: 3 0x80005cd0 (0x41de8e33) x28 0x00000000
core   0: 0x80005cd4 (0x03a48233) mul     tp, s1, s10
core   0: 3 0x80005cd4 (0x03a48233) x 4 0xc3b9c000
core   0: 0x80005cd8 (0x75c53e93) sltiu   t4, a0, 1884
core   0: 3 0x80005cd8 (0x75c53e93) x29 0x00000001
core   0: 0x80005cdc (0xffa00713) li      a4, -6
core   0: 3 0x80005cdc (0xffa00713) x14 0xfffffffa
core   0: 0x80005ce0 (0x00900d13) li      s10, 9
core   0: 3 0x80005ce0 (0x00900d13) x26 0x00000009
core   0: 0x80005ce4 (0x00000013) nop
core   0: 3 0x80005ce4 (0x00000013)
core   0: 0x80005ce8 (0x01365293) srli    t0, a2, 19
core   0: 3 0x80005ce8 (0x01365293) x 5 0x00000000
core   0: 0x80005cec (0x00170713) addi    a4, a4, 1
core   0: 3 0x80005cec (0x00170713) x14 0xfffffffb
core   0: 0x80005cf0 (0x00a00893) li      a7, 10
core   0: 3 0x80005cf0 (0x00a00893) x17 0x0000000a
core   0: 0x80005cf4 (0x003ee833) or      a6, t4, gp
core   0: 3 0x80005cf4 (0x003ee833) x16 0x00000001
core   0: 0x80005cf8 (0x00a00c93) li      s9, 10
core   0: 3 0x80005cf8 (0x00a00c93) x25 0x0000000a
core   0: 0x80005cfc (0x008cb933) sltu    s2, s9, s0
core   0: 3 0x80005cfc (0x008cb933) x18 0x00000001
core   0: 0x80005d00 (0x014eabb3) slt     s7, t4, s4
core   0: 3 0x80005d00 (0x014eabb3) x23 0x00000001
core   0: 0x80005d04 (0xff788893) addi    a7, a7, -9
core   0: 3 0x80005d04 (0xff788893) x17 0x00000001
core   0: 0x80005d08 (0xff98fae3) bgeu    a7, s9, pc - 12
core   0: 3 0x80005d08 (0xff98fae3)
core   0: 0x80005d0c (0x007835b3) sltu    a1, a6, t2
core   0: 3 0x80005d0c (0x007835b3) x11 0x00000000
core   0: 0x80005d10 (0xfda70ae3) beq     a4, s10, pc - 44
core   0: 3 0x80005d10 (0xfda70ae3)
core   0: 0x80005d14 (0x01271e93) slli    t4, a4, 18
core   0: 3 0x80005d14 (0x01271e93) x29 0xffec0000
core   0: 0x80005d18 (0x01a19293) slli    t0, gp, 26
core   0: 3 0x80005d18 (0x01a19293) x 5 0x04000000
core   0: 0x80005d1c (0x31bd3193) sltiu   gp, s10, 795
core   0: 3 0x80005d1c (0x31bd3193) x 3 0x00000001
core   0: 0x80005d20 (0x005ca0b3) slt     ra, s9, t0
core   0: 3 0x80005d20 (0x005ca0b3) x 1 0x00000001
core   0: 0x80005d24 (0x408751b3) sra     gp, a4, s0
core   0: 3 0x80005d24 (0x408751b3) x 3 0xfffffffd
core   0: 0x80005d28 (0x09c21e63) bne     tp, t3, pc + 156
core   0: 3 0x80005d28 (0x09c21e63)
core   0: 0x80005dc4 (0x55ef3613) sltiu   a2, t5, 1374
core   0: 3 0x80005dc4 (0x55ef3613) x12 0x00000001
core   0: 0x80005dc8 (0x30f5c393) xori    t2, a1, 783
core   0: 3 0x80005dc8 (0x30f5c393) x 7 0x0000030f
core   0: 0x80005dcc (0x0158feb3) and     t4, a7, s5
core   0: 3 0x80005dcc (0x0158feb3) x29 0x00000000
core   0: 0x80005dd0 (0x00000013) nop
core   0: 3 0x80005dd0 (0x00000013)
core   0: 0x80005dd4 (0x413a2813) slti    a6, s4, 1043
core   0: 3 0x80005dd4 (0x413a2813) x16 0x00000000
core   0: 0x80005dd8 (0xb7513f13) sltiu   t5, sp, -1163
core   0: 3 0x80005dd8 (0xb7513f13) x30 0x00000001
core   0: 0x80005ddc (0x0119d5b3) srl     a1, s3, a7
core   0: 3 0x80005ddc (0x0119d5b3) x11 0x0e87dd5e
core   0: 0x80005de0 (0x412a5a93) srai    s5, s4, 18
core   0: 3 0x80005de0 (0x412a5a93) x21 0x00001fff
core   0: 0x80005de4 (0x00fe5413) srli    s0, t3, 15
core   0: 3 0x80005de4 (0x00fe5413) x 8 0x00000000
core   0: 0x80005de8 (0x00b07bb3) and     s7, zero, a1
core   0: 3 0x80005de8 (0x00b07bb3) x23 0x00000000
core   0: 0x80005dec (0x04537663) bgeu    t1, t0, pc + 76
core   0: 3 0x80005dec (0x04537663)
core   0: 0x80005df0 (0x038a8433) mul     s0, s5, s8
core   0: 3 0x80005df0 (0x038a8433) x 8 0x00000000
core   0: 0x80005df4 (0x5566fb93) andi    s7, a3, 1366
core   0: 3 0x80005df4 (0x5566fb93) x23 0x00000000
core   0: 0x80005df8 (0x01be1263) bne     t3, s11, pc + 4
core   0: 3 0x80005df8 (0x01be1263)
core   0: 0x80005dfc (0x03125e33) divu    t3, tp, a7
core   0: 3 0x80005dfc (0x03125e33) x28 0xc3b9c000
core   0: 0x80005e00 (0x00b8ea63) bltu    a7, a1, pc + 20
core   0: 3 0x80005e00 (0x00b8ea63)
core   0: 0x80005e14 (0x03737833) remu    a6, t1, s7
core   0: 3 0x80005e14 (0x03737833) x16 0x00000000
core   0: 0x80005e18 (0x01d8a433) slt     s0, a7, t4
core   0: 3 0x80005e18 (0x01d8a433) x 8 0x00000000
core   0: 0x80005e1c (0x00549863) bne     s1, t0, pc + 16
core   0: 3 0x80005e1c (0x00549863)
core   0: 0x80005e2c (0x01283f33) sltu    t5, a6, s2
core   0: 3 0x80005e2c (0x01283f33) x30 0x00000001
core   0: 0x80005e30 (0x0251ac33) mulhsu  s8, gp, t0
core   0: 3 0x80005e30 (0x0251ac33) x24 0xffffffff
core   0: 0x80005e34 (0x03c4ec33) rem     s8, s1, t3
core   0: 3 0x80005e34 (0x03c4ec33) x24 0xf88f1ce4
core   0: 0x80005e38 (0x01231d33) sll     s10, t1, s2
core   0: 3 0x80005e38 (0x01231d33) x26 0x00000000
core   0: 0x80005e3c (0x01bb7cb3) and     s9, s6, s11
core   0: 3 0x80005e3c (0x01bb7cb3) x25 0x00000000
core   0: 0x80005e40 (0x021f5633) divu    a2, t5, ra
core   0: 3 0x80005e40 (0x021f5633) x12 0x00000001
core   0: 0x80005e44 (0x0100c463) blt     ra, a6, pc + 8
core   0: 3 0x80005e44 (0x0100c463)
core   0: 0x80005e48 (0xa8c52f17) auipc   t5, 0xa8c52
core   0: 3 0x80005e48 (0xa8c52f17) x30 0x28c57e48
core   0: 0x80005e4c (0x005b5913) srli    s2, s6, 5
core   0: 3 0x80005e4c (0x005b5913) x18 0x00000000
core   0: 0x80005e50 (0x03156b33) rem     s6, a0, a7
core   0: 3 0x80005e50 (0x03156b33) x22 0x00000000
core   0: 0x80005e54 (0x84ae0093) addi    ra, t3, -1974
core   0: 3 0x80005e54 (0x84ae0093) x 1 0xc3b9b84a
core   0: 0x80005e58 (0x049c4663) blt     s8, s1, pc + 76
core   0: 3 0x80005e58 (0x049c4663)
core   0: 0x80005e5c (0x02bf7033) remu    zero, t5, a1
core   0: 3 0x80005e5c (0x02bf7033)
core   0: 0x80005e60 (0x032c3ab3) mulhu   s5, s8, s2
core   0: 3 0x80005e60 (0x032c3ab3) x21 0x00000000
core   0: 0x80005e64 (0x40455513) srai    a0, a0, 4
core   0: 3 0x80005e64 (0x40455513) x10 0x00000000
core   0: 0x80005e68 (0x026fbe33) mulhu   t3, t6, t1
core   0: 3 0x80005e68 (0x026fbe33) x28 0x00000000
core   0: 0x80005e6c (0xb0682037) lui     zero, 0xb0682
core   0: 3 0x80005e6c (0xb0682037)
core   0: 0x80005e70 (0x00669c93) slli    s9, a3, 6
core   0: 3 0x80005e70 (0x00669c93) x25 0xb45c0000
core   0: 0x80005e74 (0x02056ab3) rem     s5, a0, zero
core   0: 3 0x80005e74 (0x02056ab3) x21 0x00000000
core   0: 0x80005e78 (0x00d3ed33) or      s10, t2, a3
core   0: 3 0x80005e78 (0x00d3ed33) x26 0x6ad1730f
core   0: 0x80005e7c (0x039ef933) remu    s2, t4, s9
core   0: 3 0x80005e7c (0x039ef933) x18 0x00000000
core   0: 0x80005e80 (0x009b7933) and     s2, s6, s1
core   0: 3 0x80005e80 (0x009b7933) x18 0x00000000
core   0: 0x80005e84 (0x9a56b593) sltiu   a1, a3, -1627
core   0: 3 0x80005e84 (0x9a56b593) x11 0x00000001
core   0: 0x80005e88 (0x5d0dd517) auipc   a0, 0x5d0dd
core   0: 3 0x80005e88 (0x5d0dd517) x10 0xdd0e2e88
core   0: 0x80005e8c (0x34df3293) sltiu   t0, t5, 845
core   0: 3 0x80005e8c (0x34df3293) x 5 0x00000000
core   0: 0x80005e90 (0xa7618293) addi    t0, gp, -1418
core   0: 3 0x80005e90 (0xa7618293) x 5 0xfffffa73
core   0: 0x80005e94 (0x024542b3) div     t0, a0, tp
core   0: 3 0x80005e94 (0x024542b3) x 5 0x00000000
core   0: 0x80005e98 (0x06ab4413) xori    s0, s6, 106
core   0: 3 0x80005e98 (0x06ab4413) x 8 0x0000006a
core   0: 0x80005e9c (0xe3f3c693) xori    a3, t2, -449
core   0: 3 0x80005e9c (0xe3f3c693) x13 0xfffffd30
core   0: 0x80005ea0 (0x005d8db3) add     s11, s11, t0
core   0: 3 0x80005ea0 (0x005d8db3) x27 0x00000200
core   0: 0x80005ea4 (0xf56e8693) addi    a3, t4, -170
core   0: 3 0x80005ea4 (0xf56e8693) x13 0xffffff56
core   0: 0x80005ea8 (0x0249e793) ori     a5, s3, 36
core   0: 3 0x80005ea8 (0x0249e793) x15 0x1d0fbabd
core   0: 0x80005eac (0x4176d9b3) sra     s3, a3, s7
core   0: 3 0x80005eac (0x4176d9b3) x19 0xffffff56
core   0: 0x80005eb0 (0x01db1033) sll     zero, s6, t4
core   0: 3 0x80005eb0 (0x01db1033)
core   0: 0x80005eb4 (0x0248d0b3) divu    ra, a7, tp
core   0: 3 0x80005eb4 (0x0248d0b3) x 1 0x00000000
core   0: 0x80005eb8 (0x028fd233) divu    tp, t6, s0
core   0: 3 0x80005eb8 (0x028fd233) x 4 0x01352788
core   0: 0x80005ebc (0x77d4bb93) sltiu   s7, s1, 1917
core   0: 3 0x80005ebc (0x77d4bb93) x23 0x00000000
core   0: 0x80005ec0 (0x01889e63) bne     a7, s8, pc + 28
core   0: 3 0x80005ec0 (0x01889e63)
core   0: 0x80005edc (0x01654d33) xor     s10, a0, s6
core   0: 3 0x80005edc (0x01654d33) x26 0xdd0e2e88
core   0: 0x80005ee0 (0x03ccb533) mulhu   a0, s9, t3
core   0: 3 0x80005ee0 (0x03ccb533) x10 0x00000000
core   0: 0x80005ee4 (0xfe009637) lui     a2, 0xfe009
core   0: 3 0x80005ee4 (0xfe009637) x12 0xfe009000
core   0: 0x80005ee8 (0x005755b3) srl     a1, a4, t0
core   0: 3 0x80005ee8 (0x005755b3) x11 0xfffffffb
core   0: 0x80005eec (0x0f567663) bgeu    a2, s5, pc + 236
core   0: 3 0x80005eec (0x0f567663)
core   0: 0x80005fd8 (0x404b5333) sra     t1, s6, tp
core   0: 3 0x80005fd8 (0x404b5333) x 6 0x00000000
core   0: 0x80005fdc (0x03e1aab3) mulhsu  s5, gp, t5
core   0: 3 0x80005fdc (0x03e1aab3) x21 0xffffffff
core   0: 0x80005fe0 (0x03ef92b3) mulh    t0, t6, t5
core   0: 3 0x80005fe0 (0x03ef92b3) x 5 0xeb9da16f
core   0: 0x80005fe4 (0xa4374f13) xori    t5, a4, -1469
core   0: 3 0x80005fe4 (0xa4374f13) x30 0x000005b8
core   0: 0x80005fe8 (0x0c7b6e63) bltu    s6, t2, pc + 220
core   0: 3 0x80005fe8 (0x0c7b6e63)
core   0: 0x800060c4 (0x033aec33) rem     s8, s5, s3
core   0: 3 0x800060c4 (0x033aec33) x24 0xffffffff
core   0: 0x800060c8 (0x41f85833) sra     a6, a6, t6
core   0: 3 0x800060c8 (0x41f85833) x16 0x00000000
core   0: 0x800060cc (0x01301a33) sll     s4, zero, s3
core   0: 3 0x800060cc (0x01301a33) x20 0x00000000
core   0: 0x800060d0 (0x8360ec93) ori     s9, ra, -1994
core   0: 3 0x800060d0 (0x8360ec93) x25 0xfffff836
core   0: 0x800060d4 (0x01f93533) sltu    a0, s2, t6
core   0: 3 0x800060d4 (0x01f93533) x10 0x00000001
core   0: 0x800060d8 (0x0377c533) div     a0, a5, s7
core   0: 3 0x800060d8 (0x0377c533) x10 0xffffffff
core   0: 0x800060dc (0x40fc5db3) sra     s11, s8, a5
core   0: 3 0x800060dc (0x40fc5db3) x27 0xffffffff
core   0: 0x800060e0 (0x77ee4d97) auipc   s11, 0x77ee4
core   0: 3 0x800060e0 (0x77ee4d97) x27 0xf7eea0e0
core   0: 0x800060e4 (0x578c3e93) sltiu   t4, s8, 1400
core   0: 3 0x800060e4 (0x578c3e93) x29 0x00000000
core   0: 0x800060e8 (0x40d2d633) sra     a2, t0, a3
core   0: 3 0x800060e8 (0x40d2d633) x12 0xffffffae
core   0: 0x800060ec (0x02a25263) bge     tp, a0, pc + 36
core   0: 3 0x800060ec (0x02a25263)
core   0: 0x80006110 (0x00c4cd33) xor     s10, s1, a2
core   0: 3 0x80006110 (0x00c4cd33) x26 0x7ffd634a
core   0: 0x80006114 (0x034d7e63) bgeu    s10, s4, pc + 60
core   0: 3 0x80006114 (0x034d7e63)
core   0: 0x80006150 (0x01bd4e33) xor     t3, s10, s11
core   0: 3 0x80006150 (0x01bd4e33) x28 0x8813c3aa
core   0: 0x80006154 (0x0134a3b3) slt     t2, s1, s3
core   0: 3 0x80006154 (0x0134a3b3) x 7 0x00000001
core   0: 0x80006158 (0x0020d593) srli    a1, ra, 2
core   0: 3 0x80006158 (0x0020d593) x11 0x00000000
core   0: 0x8000615c (0x4f10c913) xori    s2, ra, 1265
core   0: 3 0x8000615c (0x4f10c913) x18 0x000004f1
core   0: 0x80006160 (0x02f688b3) mul     a7, a3, a5
core   0: 3 0x80006160 (0x02f688b3) x17 0xb38dfe7e
core   0: 0x80006164 (0x0055fe33) and     t3, a1, t0
core   0: 3 0x80006164 (0x0055fe33) x28 0x00000000
core   0: 0x80006168 (0x01011e93) slli    t4, sp, 16
core   0: 3 0x80006168 (0x01011e93) x29 0x00000000
core   0: 0x8000616c (0x0155dd13) srli    s10, a1, 21
core   0: 3 0x8000616c (0x0155dd13) x26 0x00000000
core   0: 0x80006170 (0x02413db3) mulhu   s11, sp, tp
core   0: 3 0x80006170 (0x02413db3) x27 0x009a93c4
core   0: 0x80006174 (0x039ac8b3) div     a7, s5, s9
core   0: 3 0x80006174 (0x039ac8b3) x17 0x00000000
core   0: 0x80006178 (0xcb8ee693) ori     a3, t4, -840
core   0: 3 0x80006178 (0xcb8ee693) x13 0xfffffcb8
core   0: 0x8000617c (0x01108263) beq     ra, a7, pc + 4
core   0: 3 0x8000617c (0x01108263)
core   0: 0x80006180 (0x02084a33) div     s4, a6, zero
core   0: 3 0x80006180 (0x02084a33) x20 0xffffffff
core   0: 0x80006184 (0x03cb3e33) mulhu   t3, s6, t3
core   0: 3 0x80006184 (0x03cb3e33) x28 0x00000000
core   0: 0x80006188 (0x016806b3) add     a3, a6, s6
core   0: 3 0x80006188 (0x016806b3) x13 0x00000000
core   0: 0x8000618c (0x02bd5c63) bge     s10, a1, pc + 56
core   0: 3 0x8000618c (0x02bd5c63)
core   0: 0x800061c4 (0x0263e833) rem     a6, t2, t1
core   0: 3 0x800061c4 (0x0263e833) x16 0x00000001
core   0: 0x800061c8 (0x03be4863) blt     t3, s11, pc + 48
core   0: 3 0x800061c8 (0x03be4863)
core   0: 0x800061f8 (0x40a8d233) sra     tp, a7, a0
core   0: 3 0x800061f8 (0x40a8d233) x 4 0x00000000
core   0: 0x800061fc (0x0000d317) auipc   t1, 0xd
core   0: 3 0x800061fc (0x0000d317) x 6 0x800131fc
core   0: 0x80006200 (0xe5f30313) addi    t1, t1, -417
core   0: 3 0x80006200 (0xe5f30313) x 6 0x8001305b
core   0: 0x80006204 (0x00e75d33) srl     s10, a4, a4
core   0: 3 0x80006204 (0x00e75d33) x26 0x0000001f
core   0: 0x80006208 (0xffa31ca3) sh      s10, -7(t1)
core   0: 3 0x80006208 (0xffa31ca3) mem 0x80013054 0x001f
core   0: 0x8000620c (0x02ebd633) divu    a2, s7, a4
core   0: 3 0x8000620c (0x02ebd633) x12 0x00000000
core   0: 0x80006210 (0x00a34b83) lbu     s7, 10(t1)
core   0: 3 0x80006210 (0x00a34b83) x23 0x00000000 mem 0x80013065
core   0: 0x80006214 (0x013326a3) sw      s3, 13(t1)
core   0: 3 0x80006214 (0x013326a3) mem 0x80013068 0xffffff56
core   0: 0x80006218 (0x03267733) remu    a4, a2, s2
core   0: 3 0x80006218 (0x03267733) x14 0x00000000
core   0: 0x8000621c (0x01360bb3) add     s7, a2, s3
core   0: 3 0x8000621c (0x01360bb3) x23 0xffffff56
core   0: 0x80006220 (0x00e99933) sll     s2, s3, a4
core   0: 3 0x80006220 (0x00e99933) x18 0xffffff56
core   0: 0x80006224 (0x00d35603) lhu     a2, 13(t1)
core   0: 3 0x80006224 (0x00d35603) x12 0x0000ff56 mem 0x80013068
core   0: 0x80006228 (0x00c61733) sll     a4, a2, a2
core   0: 3 0x80006228 (0x00c61733) x14 0xd5800000
core   0: 0x8000622c (0xbe9b2937) lui     s2, 0xbe9b2
core   0: 3 0x8000622c (0xbe9b2937) x18 0xbe9b2000
core   0: 0x80006230 (0xffc30d03) lb      s10, -4(t1)
core   0: 3 0x80006230 (0xffc30d03) x26 0x00000000 mem 0x80013057
core   0: 0x80006234 (0xff834903) lbu     s2, -8(t1)
core   0: 3 0x80006234 (0xff834903) x18 0x00000000 mem 0x80013053
core   0: 0x80006238 (0x003d1713) slli    a4, s10, 3
core   0: 3 0x80006238 (0x003d1713) x14 0x00000000
core   0: 0x8000623c (0x037be933) rem     s2, s7, s7
core   0: 3 0x8000623c (0x037be933) x18 0x00000000
core   0: 0x80006240 (0x01771713) slli    a4, a4, 23
core   0: 3 0x80006240 (0x01771713) x14 0x00000000
core   0: 0x80006244 (0x40965613) srai    a2, a2, 9
core   0: 3 0x80006244 (0x40965613) x12 0x0000007f
core   0: 0x80006248 (0x56860b93) addi    s7, a2, 1384
core   0: 3 0x80006248 (0x56860b93) x23 0x000005e7
core   0: 0x8000624c (0x00ed5633) srl     a2, s10, a4
core   0: 3 0x8000624c (0x00ed5633) x12 0x00000000
core   0: 0x80006250 (0x00e93633) sltu    a2, s2, a4
core   0: 3 0x80006250 (0x00e93633) x12 0x00000000
core   0: 0x80006254 (0x01a9abb3) slt     s7, s3, s10
core   0: 3 0x80006254 (0x01a9abb3) x23 0x00000001
core   0: 0x80006258 (0x00d31703) lh      a4, 13(t1)
core   0: 3 0x80006258 (0x00d31703) x14 0xffffff56 mem 0x80013068
core   0: 0x8000625c (0x0129f633) and     a2, s3, s2
core   0: 3 0x8000625c (0x0129f633) x12 0x00000000
core   0: 0x80006260 (0x00634603) lbu     a2, 6(t1)
core   0: 3 0x80006260 (0x00634603) x12 0x00000000 mem 0x80013061
core   0: 0x80006264 (0x03a9a933) mulhsu  s2, s3, s10
core   0: 3 0x80006264 (0x03a9a933) x18 0x00000000
core   0: 0x80006268 (0x00c94933) xor     s2, s2, a2
core   0: 3 0x80006268 (0x00c94933) x18 0x00000000
core   0: 0x8000626c (0x03260633) mul     a2, a2, s2
core   0: 3 0x8000626c (0x03260633) x12 0x00000000
core   0: 0x80006270 (0xb7e97613) andi    a2, s2, -1154
core   0: 3 0x80006270 (0xb7e97613) x12 0x00000000
core   0: 0x80006274 (0x4179dbb3) sra     s7, s3, s7
core   0: 3 0x80006274 (0x4179dbb3) x23 0xffffffab
core   0: 0x80006278 (0x51e9e613) ori     a2, s3, 1310
core   0: 3 0x80006278 (0x51e9e613) x12 0xffffff5e
core   0: 0x8000627c (0xff430603) lb      a2, -12(t1)
core   0: 3 0x8000627c (0xff430603) x12 0x00000000 mem 0x8001304f
core   0: 0x80006280 (0x0129cbb3) xor     s7, s3, s2
core   0: 3 0x80006280 (0x0129cbb3) x23 0xffffff56
core   0: 0x80006284 (0x01230823) sb      s2, 16(t1)
core   0: 3 0x80006284 (0x01230823) mem 0x8001306b 0x0
core   0: 0x80006288 (0x03a9d9b3) divu    s3, s3, s10
core   0: 3 0x80006288 (0x03a9d9b3) x19 0xffffffff
core   0: 0x8000628c (0xff434d03) lbu     s10, -12(t1)
core   0: 3 0x8000628c (0xff434d03) x26 0x00000000 mem 0x8001304f
core   0: 0x80006290 (0x01771633) sll     a2, a4, s7
core   0: 3 0x80006290 (0x01771633) x12 0xd5800000
core   0: 0x80006294 (0x05673d13) sltiu   s10, a4, 86
core   0: 3 0x80006294 (0x05673d13) x26 0x00000000
core   0: 0x80006298 (0x03273d33) mulhu   s10, a4, s2
core   0: 3 0x80006298 (0x03273d33) x26 0x00000000
core   0: 0x8000629c (0x271d79b7) lui     s3, 0x271d7
core   0: 3 0x8000629c (0x271d79b7) x19 0x271d7000
core   0: 0x800062a0 (0xff230983) lb      s3, -14(t1)
core   0: 3 0x800062a0 (0xff230983) x19 0x00000000 mem 0x8001304d
core   0: 0x800062a4 (0x00b31d03) lh      s10, 11(t1)
core   0: 3 0x800062a4 (0x00b31d03) x26 0x00000000 mem 0x80013066
core   0: 0x800062a8 (0x037739b3) mulhu   s3, a4, s7
core   0: 3 0x800062a8 (0x037739b3) x19 0xfffffeac
core   0: 0x800062ac (0x00130d03) lb      s10, 1(t1)
core   0: 3 0x800062ac (0x00130d03) x26 0x00000000 mem 0x8001305c
core   0: 0x800062b0 (0x00930b83) lb      s7, 9(t1)
core   0: 3 0x800062b0 (0x00930b83) x23 0x00000000 mem 0x80013064
core   0: 0x800062b4 (0x03118933) mul     s2, gp, a7
core   0: 3 0x800062b4 (0x03118933) x18 0x00000000
core   0: 0x800062b8 (0x03ef6433) rem     s0, t5, t5
core   0: 3 0x800062b8 (0x03ef6433) x 8 0x00000000
core   0: 0x800062bc (0x419a07b3) sub     a5, s4, s9
core   0: 3 0x800062bc (0x419a07b3) x15 0x000007c9
core   0: 0x800062c0 (0x04878663) beq     a5, s0, pc + 76
core   0: 3 0x800062c0 (0x04878663)
core   0: 0x800062c4 (0x40900233) sub     tp, zero, s1
core   0: 3 0x800062c4 (0x40900233) x 4 0x7ffd631c
core   0: 0x800062c8 (0x46d43993) sltiu   s3, s0, 1133
core   0: 3 0x800062c8 (0x46d43993) x19 0x00000001
core   0: 0x800062cc (0x00666cb3) or      s9, a2, t1
core   0: 3 0x800062cc (0x00666cb3) x25 0xd581305b
core   0: 0x800062d0 (0x01aefab3) and     s5, t4, s10
core   0: 3 0x800062d0 (0x01aefab3) x21 0x00000000
core   0: 0x800062d4 (0x03b95bb3) divu    s7, s2, s11
core   0: 3 0x800062d4 (0x03b95bb3) x23 0x00000000
core   0: 0x800062d8 (0x02a41663) bne     s0, a0, pc + 44
core   0: 3 0x800062d8 (0x02a41663)
core   0: 0x80006304 (0x1d552db7) lui     s11, 0x1d552
core   0: 3 0x80006304 (0x1d552db7) x27 0x1d552000
core   0: 0x80006308 (0x2b1dab13) slti    s6, s11, 689
core   0: 3 0x80006308 (0x2b1dab13) x22 0x00000000
core   0: 0x8000630c (0x400d5693) srai    a3, s10, 0
core   0: 3 0x8000630c (0x400d5693) x13 0x00000000
core   0: 0x80006310 (0xacd02e93) slti    t4, zero, -1331
core   0: 3 0x80006310 (0xacd02e93) x29 0x00000000
core   0: 0x80006314 (0x40bcdcb3) sra     s9, s9, a1
core   0: 3 0x80006314 (0x40bcdcb3) x25 0xd581305b
core   0: 0x80006318 (0x4192dd13) srai    s10, t0, 25
core   0: 3 0x80006318 (0x4192dd13) x26 0xfffffff5
core   0: 0x8000631c (0x40ebdb33) sra     s6, s7, a4
core   0: 3 0x8000631c (0x40ebdb33) x22 0x00000000
core   0: 0x80006320 (0x9a37f813) andi    a6, a5, -1629
core   0: 3 0x80006320 (0x9a37f813) x16 0x00000181
core   0: 0x80006324 (0x0130ec33) or      s8, ra, s3
core   0: 3 0x80006324 (0x0130ec33) x24 0x00000001
core   0: 0x80006328 (0x40c7d933) sra     s2, a5, a2
core   0: 3 0x80006328 (0x40c7d933) x18 0x000007c9
core   0: 0x8000632c (0x0557e863) bltu    a5, s5, pc + 80
core   0: 3 0x8000632c (0x0557e863)
core   0: 0x80006330 (0x0001fa33) and     s4, gp, zero
core   0: 3 0x80006330 (0x0001fa33) x20 0x00000000
core   0: 0x80006334 (0x513a9cb7) lui     s9, 0x513a9
core   0: 3 0x80006334 (0x513a9cb7) x25 0x513a9000
core   0: 0x80006338 (0x0026f663) bgeu    a3, sp, pc + 12
core   0: 3 0x80006338 (0x0026f663)
core   0: 0x8000633c (0x037cd5b3) divu    a1, s9, s7
core   0: 3 0x8000633c (0x037cd5b3) x11 0xffffffff
core   0: 0x80006340 (0xb1d7c613) xori    a2, a5, -1251
core   0: 3 0x80006340 (0xb1d7c613) x12 0xfffffcd4
core   0: 0x80006344 (0x61072413) slti    s0, a4, 1552
core   0: 3 0x80006344 (0x61072413) x 8 0x00000001
core   0: 0x80006348 (0xb8bf2913) slti    s2, t5, -1141
core   0: 3 0x80006348 (0xb8bf2913) x18 0x00000000
core   0: 0x8000634c (0x01c5f863) bgeu    a1, t3, pc + 16
core   0: 3 0x8000634c (0x01c5f863)
core   0: 0x8000635c (0x051fe263) bltu    t6, a7, pc + 68
core   0: 3 0x8000635c (0x051fe263)
core   0: 0x80006360 (0x02646463) bltu    s0, t1, pc + 40
core   0: 3 0x80006360 (0x02646463)
core   0: 0x80006388 (0x3532a393) slti    t2, t0, 851
core   0: 3 0x80006388 (0x3532a393) x 7 0x00000001
core   0: 0x8000638c (0xc0d2a193) slti    gp, t0, -1011
core   0: 3 0x8000638c (0xc0d2a193) x 3 0x00000001
core   0: 0x80006390 (0x01b40a63) beq     s0, s11, pc + 20
core   0: 3 0x80006390 (0x01b40a63)
core   0: 0x80006394 (0x00d1e9b3) or      s3, gp, a3
core   0: 3 0x80006394 (0x00d1e9b3) x19 0x00000001
core   0: 0x80006398 (0x03a2e833) rem     a6, t0, s10
core   0: 3 0x80006398 (0x03a2e833) x16 0xffffffff
core   0: 0x8000639c (0x9e3a5317) auipc   t1, 0x9e3a5
core   0: 3 0x8000639c (0x9e3a5317) x 6 0x1e3ab39c
core   0: 0x800063a0 (0x05c9f663) bgeu    s3, t3, pc + 76
core   0: 3 0x800063a0 (0x05c9f663)
core   0: 0x800063ec (0x02918eb3) mul     t4, gp, s1
core   0: 3 0x800063ec (0x02918eb3) x29 0x80029ce4
core   0: 0x800063f0 (0x03ad62b3) rem     t0, s10, s10
core   0: 3 0x800063f0 (0x03ad62b3) x 5 0x00000000
core   0: 0x800063f4 (0x023edbb3) divu    s7, t4, gp
core   0: 3 0x800063f4 (0x023edbb3) x23 0x80029ce4
core   0: 0x800063f8 (0x005cd463) bge     s9, t0, pc + 8
core   0: 3 0x800063f8 (0x005cd463)
core   0: 0x80006400 (0x00000013) nop
core   0: 3 0x80006400 (0x00000013)
core   0: 0x80006404 (0x01a07eb3) and     t4, zero, s10
core   0: 3 0x80006404 (0x01a07eb3) x29 0x00000000
core   0: 0x80006408 (0xb3a07a37) lui     s4, 0xb3a07
core   0: 3 0x80006408 (0xb3a07a37) x20 0xb3a07000
core   0: 0x8000640c (0x98460e13) addi    t3, a2, -1660
core   0: 3 0x8000640c (0x98460e13) x28 0xfffff658
core   0: 0x80006410 (0x7627f593) andi    a1, a5, 1890
core   0: 3 0x80006410 (0x7627f593) x11 0x00000740
core   0: 0x80006414 (0xccfaac17) auipc   s8, 0xccfaa
core   0: 3 0x80006414 (0xccfaac17) x24 0x4cfb0414
core   0: 0x80006418 (0x005cde63) bge     s9, t0, pc + 28
core   0: 3 0x80006418 (0x005cde63)
core   0: 0x80006434 (0x00e1c233) xor     tp, gp, a4
core   0: 3 0x80006434 (0x00e1c233) x 4 0xffffff57
core   0: 0x80006438 (0x018585b3) add     a1, a1, s8
core   0: 3 0x80006438 (0x018585b3) x11 0x4cfb0b54
core   0: 0x8000643c (0x03d41e63) bne     s0, t4, pc + 60
core   0: 3 0x8000643c (0x03d41e63)
core   0: 0x80006478 (0x00000013) nop
core   0: 3 0x80006478 (0x00000013)
core   0: 0x8000647c (0x00bfb633) sltu    a2, t6, a1
core   0: 3 0x8000647c (0x00bfb633) x12 0x00000000
core   0: 0x80006480 (0xc3243a13) sltiu   s4, s0, -974
core   0: 3 0x80006480 (0xc3243a13) x20 0x00000001
core   0: 0x80006484 (0x41208833) sub     a6, ra, s2
core   0: 3 0x80006484 (0x41208833) x16 0x00000000
core   0: 0x80006488 (0x00869433) sll     s0, a3, s0
core   0: 3 0x80006488 (0x00869433) x 8 0x00000000
core   0: 0x8000648c (0x03d16833) rem     a6, sp, t4
core   0: 3 0x8000648c (0x03d16833) x16 0x80000000
core   0: 0x80006490 (0x629a88b7) lui     a7, 0x629a8
core   0: 3 0x80006490 (0x629a88b7) x17 0x629a8000
core   0: 0x80006494 (0xa59c8e93) addi    t4, s9, -1447
core   0: 3 0x80006494 (0xa59c8e93) x29 0x513a8a59
core   0: 0x80006498 (0xe625e293) ori     t0, a1, -414
core   0: 3 0x80006498 (0xe625e293) x 5 0xffffff76
core   0: 0x8000649c (0x019bb5b3) sltu    a1, s7, s9
core   0: 3 0x8000649c (0x019bb5b3) x11 0x00000000
core   0: 0x800064a0 (0x03415633) divu    a2, sp, s4
core   0: 3 0x800064a0 (0x03415633) x12 0x80000000
core   0: 0x800064a4 (0x03eeb333) mulhu   t1, t4, t5
core   0: 3 0x800064a4 (0x03eeb333) x 6 0x000001d0
core   0: 0x800064a8 (0x02425263) bge     tp, tp, pc + 36
core   0: 3 0x800064a8 (0x02425263)
core   0: 0x800064cc (0x023ef233) remu    tp, t4, gp
core   0: 3 0x800064cc (0x023ef233) x 4 0x00000000
core   0: 0x800064d0 (0x02adc933) div     s2, s11, a0
core   0: 3 0x800064d0 (0x02adc933) x18 0xe2aae000
core   0: 0x800064d4 (0x78844c93) xori    s9, s0, 1928
core   0: 3 0x800064d4 (0x78844c93) x25 0x00000788
core   0: 0x800064d8 (0x069f9a63) bne     t6, s1, pc + 116
core   0: 3 0x800064d8 (0x069f9a63)
core   0: 0x8000654c (0xf27bed13) ori     s10, s7, -217
core   0: 3 0x8000654c (0xf27bed13) x26 0xffffffe7
core   0: 0x80006550 (0x417e06b3) sub     a3, t3, s7
core   0: 3 0x80006550 (0x417e06b3) x13 0x7ffd5974
core   0: 0x80006554 (0x00000013) nop
core   0: 3 0x80006554 (0x00000013)
core   0: 0x80006558 (0xbf888193) addi    gp, a7, -1032
core   0: 3 0x80006558 (0xbf888193) x 3 0x629a7bf8
core   0: 0x8000655c (0x00b12f33) slt     t5, sp, a1
core   0: 3 0x8000655c (0x00b12f33) x30 0x00000001
core   0: 0x80006560 (0x018ed663) bge     t4, s8, pc + 12
core   0: 3 0x80006560 (0x018ed663)
core   0: 0x8000656c (0x025c18b3) mulh    a7, s8, t0
core   0: 3 0x8000656c (0x025c18b3) x17 0xffffffd6
core   0: 0x80006570 (0x342d3a93) sltiu   s5, s10, 834
core   0: 3 0x80006570 (0x342d3a93) x21 0x00000000
core   0: 0x80006574 (0x02072bb3) mulhsu  s7, a4, zero
core   0: 3 0x80006574 (0x02072bb3) x23 0x00000000
core   0: 0x80006578 (0x8e0f2893) slti    a7, t5, -1824
core   0: 3 0x80006578 (0x8e0f2893) x17 0x00000000
core   0: 0x8000657c (0x028cac33) mulhsu  s8, s9, s0
core   0: 3 0x8000657c (0x028cac33) x24 0x00000000
core   0: 0x80006580 (0x58fd11b7) lui     gp, 0x58fd1
core   0: 3 0x80006580 (0x58fd11b7) x 3 0x58fd1000
core   0: 0x80006584 (0x00561eb3) sll     t4, a2, t0
core   0: 3 0x80006584 (0x00561eb3) x29 0x00000000
core   0: 0x80006588 (0x373b4793) xori    a5, s6, 883
core   0: 3 0x80006588 (0x373b4793) x15 0x00000373
core   0: 0x8000658c (0x00000013) nop
core   0: 3 0x8000658c (0x00000013)
core   0: 0x80006590 (0x019267b3) or      a5, tp, s9
core   0: 3 0x80006590 (0x019267b3) x15 0x00000788
core   0: 0x80006594 (0x4f154193) xori    gp, a0, 1265
core   0: 3 0x80006594 (0x4f154193) x 3 0xfffffb0e
core   0: 0x80006598 (0x00090433) add     s0, s2, zero
core   0: 3 0x80006598 (0x00090433) x 8 0xe2aae000
core   0: 0x8000659c (0x00055933) srl     s2, a0, zero
core   0: 3 0x8000659c (0x00055933) x18 0xffffffff
core   0: 0x800065a0 (0x01275793) srli    a5, a4, 18
core   0: 3 0x800065a0 (0x01275793) x15 0x00003fff
core   0: 0x800065a4 (0x02ba07b3) mul     a5, s4, a1
core   0: 3 0x800065a4 (0x02ba07b3) x15 0x00000000
core   0: 0x800065a8 (0x01d958b3) srl     a7, s2, t4
core   0: 3 0x800065a8 (0x01d958b3) x17 0xffffffff
core   0: 0x800065ac (0x3068c093) xori    ra, a7, 774
core   0: 3 0x800065ac (0x3068c093) x 1 0xfffffcf9
core   0: 0x800065b0 (0xb9058613) addi    a2, a1, -1136
core   0: 3 0x800065b0 (0xb9058613) x12 0xfffffb90
core   0: 0x800065b4 (0x018a1eb3) sll     t4, s4, s8
core   0: 3 0x800065b4 (0x018a1eb3) x29 0x00000001
core   0: 0x800065b8 (0xdb321837) lui     a6, 0xdb321
core   0: 3 0x800065b8 (0xdb321837) x16 0xdb321000
core   0: 0x800065bc (0x406d57b3) sra     a5, s10, t1
core   0: 3 0x800065bc (0x406d57b3) x15 0xffffffff
core   0: 0x800065c0 (0x02e29633) mulh    a2, t0, a4
core   0: 3 0x800065c0 (0x02e29633) x12 0x00000000
core   0: 0x800065c4 (0x03647c33) remu    s8, s0, s6
core   0: 3 0x800065c4 (0x03647c33) x24 0xe2aae000
core   0: 0x800065c8 (0x232a0913) addi    s2, s4, 562
core   0: 3 0x800065c8 (0x232a0913) x18 0x00000233
core   0: 0x800065cc (0x411e5a13) srai    s4, t3, 17
core   0: 3 0x800065cc (0x411e5a13) x20 0xffffffff
core   0: 0x800065d0 (0x00083b33) sltu    s6, a6, zero
core   0: 3 0x800065d0 (0x00083b33) x22 0x00000000
core   0: 0x800065d4 (0x04108063) beq     ra, ra, pc + 64
core   0: 3 0x800065d4 (0x04108063)
core   0: 0x80006614 (0x018f2d33) slt     s10, t5, s8
core   0: 3 0x80006614 (0x018f2d33) x26 0x00000000
core   0: 0x80006618 (0x03eaddb3) divu    s11, s5, t5
core   0: 3 0x80006618 (0x03eaddb3) x27 0x00000000
core   0: 0x8000661c (0x31133593) sltiu   a1, t1, 785
core   0: 3 0x8000661c (0x31133593) x11 0x00000001
core   0: 0x80006620 (0x00000013) nop
core   0: 3 0x80006620 (0x00000013)
core   0: 0x80006624 (0x6c1aa1b7) lui     gp, 0x6c1aa
core   0: 3 0x80006624 (0x6c1aa1b7) x 3 0x6c1aa000
core   0: 0x80006628 (0x40d55913) srai    s2, a0, 13
core   0: 3 0x80006628 (0x40d55913) x18 0xffffffff
core   0: 0x8000662c (0x0358fc33) remu    s8, a7, s5
core   0: 3 0x8000662c (0x0358fc33) x24 0xffffffff
core   0: 0x80006630 (0x026ac263) blt     s5, t1, pc + 36
core   0: 3 0x80006630 (0x026ac263)
core   0: 0x80006654 (0x001501b3) add     gp, a0, ra
core   0: 3 0x80006654 (0x001501b3) x 3 0xfffffcf8
core   0: 0x80006658 (0x400259b3) sra     s3, tp, zero
core   0: 3 0x80006658 (0x400259b3) x19 0x00000000
core   0: 0x8000665c (0x3ecd8e93) addi    t4, s11, 1004
core   0: 3 0x8000665c (0x3ecd8e93) x29 0x000003ec
core   0: 0x80006660 (0x410eff13) andi    t5, t4, 1040
core   0: 3 0x80006660 (0x410eff13) x30 0x00000000
core   0: 0x80006664 (0x00dd75b3) and     a1, s10, a3
core   0: 3 0x80006664 (0x00dd75b3) x11 0x00000000
core   0: 0x80006668 (0x01250d33) add     s10, a0, s2
core   0: 3 0x80006668 (0x01250d33) x26 0xfffffffe
core   0: 0x8000666c (0x0002cdb3) xor     s11, t0, zero
core   0: 3 0x8000666c (0x0002cdb3) x27 0xffffff76
core   0: 0x80006670 (0xbad63d13) sltiu   s10, a2, -1107
core   0: 3 0x80006670 (0xbad63d13) x26 0x00000001
core   0: 0x80006674 (0x03161cb3) mulh    s9, a2, a7
core   0: 3 0x80006674 (0x03161cb3) x25 0x00000000
core   0: 0x80006678 (0x02597033) remu    zero, s2, t0
core   0: 3 0x80006678 (0x02597033)
core   0: 0x8000667c (0x0219ddb3) divu    s11, s3, ra
core   0: 3 0x8000667c (0x0219ddb3) x27 0x00000000
core   0: 0x80006680 (0x03fe30b3) mulhu   ra, t3, t6
core   0: 3 0x80006680 (0x03fe30b3) x 1 0x8002598f
core   0: 0x80006684 (0x40908b33) sub     s6, ra, s1
core   0: 3 0x80006684 (0x40908b33) x22 0xffffbcab
core   0: 0x80006688 (0x021aaa33) mulhsu  s4, s5, ra
core   0: 3 0x80006688 (0x021aaa33) x20 0x00000000
core   0: 0x8000668c (0x0445d863) bge     a1, tp, pc + 80
core   0: 3 0x8000668c (0x0445d863)
core   0: 0x800066dc (0x02351463) bne     a0, gp, pc + 40
core   0: 3 0x800066dc (0x02351463)
core   0: 0x80006704 (0x418ad513) srai    a0, s5, 24
core   0: 3 0x80006704 (0x418ad513) x10 0x00000000
core   0: 0x80006708 (0x01889663) bne     a7, s8, pc + 12
core   0: 3 0x80006708 (0x01889663)
core   0: 0x8000670c (0x00990663) beq     s2, s1, pc + 12
core   0: 3 0x8000670c (0x00990663)
core   0: 0x80006710 (0x3e384a13) xori    s4, a6, 995
core   0: 3 0x80006710 (0x3e384a13) x20 0xdb3213e3
core   0: 0x80006714 (0x034c6a33) rem     s4, s8, s4
core   0: 3 0x80006714 (0x034c6a33) x20 0xffffffff
core   0: 0x80006718 (0x0152a333) slt     t1, t0, s5
core   0: 3 0x80006718 (0x0152a333) x 6 0x00000001
core   0: 0x8000671c (0x0278b033) mulhu   zero, a7, t2
core   0: 3 0x8000671c (0x0278b033)
core   0: 0x80006720 (0x02181bb3) mulh    s7, a6, ra
core   0: 3 0x80006720 (0x02181bb3) x23 0x1266a183
core   0: 0x80006724 (0x039e5eb3) divu    t4, t3, s9
core   0: 3 0x80006724 (0x039e5eb3) x29 0xffffffff
core   0: 0x80006728 (0x02fc9cb3) mulh    s9, s9, a5
core   0: 3 0x80006728 (0x02fc9cb3) x25 0x00000000
core   0: 0x8000672c (0x05029663) bne     t0, a6, pc + 76
core   0: 3 0x8000672c (0x05029663)
core   0: 0x80006778 (0x037576b3) remu    a3, a0, s7
core   0: 3 0x80006778 (0x037576b3) x13 0x00000000
core   0: 0x8000677c (0x01a09293) slli    t0, ra, 26
core   0: 3 0x8000677c (0x01a09293) x 5 0x3c000000
core   0: 0x80006780 (0x006102b3) add     t0, sp, t1
core   0: 3 0x80006780 (0x006102b3) x 5 0x80000001
core   0: 0x80006784 (0x00000013) nop
core   0: 3 0x80006784 (0x00000013)
core   0: 0x80006788 (0x02ebc263) blt     s7, a4, pc + 36
core   0: 3 0x80006788 (0x02ebc263)
core   0: 0x8000678c (0x00a1a9b3) slt     s3, gp, a0
core   0: 3 0x8000678c (0x00a1a9b3) x19 0x00000001
core   0: 0x80006790 (0x00000013) nop
core   0: 3 0x80006790 (0x00000013)
core   0: 0x80006794 (0x004d7a63) bgeu    s10, tp, pc + 20
core   0: 3 0x80006794 (0x004d7a63)
core   0: 0x800067a8 (0x41ccd313) srai    t1, s9, 28
core   0: 3 0x800067a8 (0x41ccd313) x 6 0x00000000
core   0: 0x800067ac (0x00c302b3) add     t0, t1, a2
core   0: 3 0x800067ac (0x00c302b3) x 5 0x00000000
core   0: 0x800067b0 (0x00000013) nop
core   0: 3 0x800067b0 (0x00000013)
core   0: 0x800067b4 (0x0295c463) blt     a1, s1, pc + 40
core   0: 3 0x800067b4 (0x0295c463)
core   0: 0x800067b8 (0x00ba5b33) srl     s6, s4, a1
core   0: 3 0x800067b8 (0x00ba5b33) x22 0xffffffff
core   0: 0x800067bc (0x34e82097) auipc   ra, 0x34e82
core   0: 3 0x800067bc (0x34e82097) x 1 0xb4e887bc
core   0: 0x800067c0 (0x010edb13) srli    s6, t4, 16
core   0: 3 0x800067c0 (0x010edb13) x22 0x0000ffff
core   0: 0x800067c4 (0x407d56b3) sra     a3, s10, t2
core   0: 3 0x800067c4 (0x407d56b3) x13 0x00000000
core   0: 0x800067c8 (0x9d0a0c13) addi    s8, s4, -1584
core   0: 3 0x800067c8 (0x9d0a0c13) x24 0xfffff9cf
core   0: 0x800067cc (0x01a85cb3) srl     s9, a6, s10
core   0: 3 0x800067cc (0x01a85cb3) x25 0x6d990800
core   0: 0x800067d0 (0x9232c013) xori    zero, t0, -1757
core   0: 3 0x800067d0 (0x9232c013)
core   0: 0x800067d4 (0x0065bcb3) sltu    s9, a1, t1
core   0: 3 0x800067d4 (0x0065bcb3) x25 0x00000000
core   0: 0x800067d8 (0xd60c4313) xori    t1, s8, -672
core   0: 3 0x800067d8 (0xd60c4313) x 6 0x000004af
core   0: 0x800067dc (0xb19e2293) slti    t0, t3, -1255
core   0: 3 0x800067dc (0xb19e2293) x 5 0x00000001
core   0: 0x800067e0 (0x80518237) lui     tp, 0x80518
core   0: 3 0x800067e0 (0x80518237) x 4 0x80518000
core   0: 0x800067e4 (0x02352e33) mulhsu  t3, a0, gp
core   0: 3 0x800067e4 (0x02352e33) x28 0x00000000
core   0: 0x800067e8 (0x0290e233) rem     tp, ra, s1
core   0: 3 0x800067e8 (0x0290e233) x 4 0xb4e887bc
core   0: 0x800067ec (0x022718b3) mulh    a7, a4, sp
core   0: 3 0x800067ec (0x022718b3) x17 0x00000055
core   0: 0x800067f0 (0x028a65b3) rem     a1, s4, s0
core   0: 3 0x800067f0 (0x028a65b3) x11 0xffffffff
core   0: 0x800067f4 (0x0492d863) bge     t0, s1, pc + 80
core   0: 3 0x800067f4 (0x0492d863)
core   0: 0x80006844 (0x0333e913) ori     s2, t2, 51
core   0: 3 0x80006844 (0x0333e913) x18 0x00000033
core   0: 0x80006848 (0x41ccdeb3) sra     t4, s9, t3
core   0: 3 0x80006848 (0x41ccdeb3) x29 0x00000000
core   0: 0x8000684c (0x00a94eb3) xor     t4, s2, a0
core   0: 3 0x8000684c (0x00a94eb3) x29 0x00000033
core   0: 0x80006850 (0x03d486b3) mul     a3, s1, t4
core   0: 3 0x80006850 (0x03d486b3) x13 0x8085416c
core   0: 0x80006854 (0x00aa1e33) sll     t3, s4, a0
core   0: 3 0x80006854 (0x00aa1e33) x28 0xffffffff
core   0: 0x80006858 (0x75a50f13) addi    t5, a0, 1882
core   0: 3 0x80006858 (0x75a50f13) x30 0x0000075a
core   0: 0x8000685c (0x03a6d833) divu    a6, a3, s10
core   0: 3 0x8000685c (0x03a6d833) x16 0x8085416c
core   0: 0x80006860 (0xf3b2cc13) xori    s8, t0, -197
core   0: 3 0x80006860 (0xf3b2cc13) x24 0xffffff3a
core   0: 0x80006864 (0x01b99663) bne     s3, s11, pc + 12
core   0: 3 0x80006864 (0x01b99663)
core   0: 0x80006870 (0x9654c013) xori    zero, s1, -1691
core   0: 3 0x80006870 (0x9654c013)
core   0: 0x80006874 (0x095e6317) auipc   t1, 0x95e6
core   0: 3 0x80006874 (0x095e6317) x 6 0x895ec874
core   0: 0x80006878 (0x01ed13b3) sll     t2, s10, t5
core   0: 3 0x80006878 (0x01ed13b3) x 7 0x04000000
core   0: 0x8000687c (0x00cbdd33) srl     s10, s7, a2
core   0: 3 0x8000687c (0x00cbdd33) x26 0x1266a183
core   0: 0x80006880 (0x015d1863) bne     s10, s5, pc + 16
core   0: 3 0x80006880 (0x015d1863)
core   0: 0x80006890 (0x00f41f13) slli    t5, s0, 15
core   0: 3 0x80006890 (0x00f41f13) x30 0x70000000
core   0: 0x80006894 (0x40f25f33) sra     t5, tp, a5
core   0: 3 0x80006894 (0x40f25f33) x30 0xffffffff
core   0: 0x80006898 (0x003459b3) srl     s3, s0, gp
core   0: 3 0x80006898 (0x003459b3) x19 0x000000e2
core   0: 0x8000689c (0x405fd293) srai    t0, t6, 5
core   0: 3 0x8000689c (0x405fd293) x 5 0xfc0012f3
core   0: 0x800068a0 (0x02642e33) mulhsu  t3, s0, t1
core   0: 3 0x800068a0 (0x02642e33) x28 0xf04295a6
core   0: 0x800068a4 (0x03eb9863) bne     s7, t5, pc + 48
core   0: 3 0x800068a4 (0x03eb9863)
core   0: 0x800068d4 (0x030065b3) rem     a1, zero, a6
core   0: 3 0x800068d4 (0x030065b3) x11 0x00000000
core   0: 0x800068d8 (0x011f1813) slli    a6, t5, 17
core   0: 3 0x800068d8 (0x011f1813) x16 0xfffe0000
core   0: 0x800068dc (0x02838bb3) mul     s7, t2, s0
core   0: 3 0x800068dc (0x02838bb3) x23 0x00000000
core   0: 0x800068e0 (0x02411833) mulh    a6, sp, tp
core   0: 3 0x800068e0 (0x02411833) x16 0x258bbc22
core   0: 0x800068e4 (0x4055d2b3) sra     t0, a1, t0
core   0: 3 0x800068e4 (0x4055d2b3) x 5 0x00000000
core   0: 0x800068e8 (0x03447e63) bgeu    s0, s4, pc + 60
core   0: 3 0x800068e8 (0x03447e63)
core   0: 0x800068ec (0x01c61c13) slli    s8, a2, 28
core   0: 3 0x800068ec (0x01c61c13) x24 0x00000000
core   0: 0x800068f0 (0x022f3633) mulhu   a2, t5, sp
core   0: 3 0x800068f0 (0x022f3633) x12 0x7fffffff
core   0: 0x800068f4 (0x03509c63) bne     ra, s5, pc + 56
core   0: 3 0x800068f4 (0x03509c63)
core   0: 0x8000692c (0x02c50bb3) mul     s7, a0, a2
core   0: 3 0x8000692c (0x02c50bb3) x23 0x00000000
core   0: 0x80006930 (0x021123b3) mulhsu  t2, sp, ra
core   0: 3 0x80006930 (0x021123b3) x 7 0xa58bbc22
core   0: 0x80006934 (0x03d70b33) mul     s6, a4, t4
core   0: 3 0x80006934 (0x03d70b33) x22 0xffffde22
core   0: 0x80006938 (0x007b5d13) srli    s10, s6, 7
core   0: 3 0x80006938 (0x007b5d13) x26 0x01ffffbc
core   0: 0x8000693c (0x415d5833) sra     a6, s10, s5
core   0: 3 0x8000693c (0x415d5833) x16 0x01ffffbc
core   0: 0x80006940 (0x044a5663) bge     s4, tp, pc + 76
core   0: 3 0x80006940 (0x044a5663)
core   0: 0x8000698c (0x0027e7b3) or      a5, a5, sp
core   0: 3 0x8000698c (0x0027e7b3) x15 0xffffffff
core   0: 0x80006990 (0x9c070593) addi    a1, a4, -1600
core   0: 3 0x80006990 (0x9c070593) x11 0xfffff916
core   0: 0x80006994 (0x02bad463) bge     s5, a1, pc + 40
core   0: 3 0x80006994 (0x02bad463)
core   0: 0x800069bc (0x00fbc8b3) xor     a7, s7, a5
core   0: 3 0x800069bc (0x00fbc8b3) x17 0xffffffff
core   0: 0x800069c0 (0x40c4d333) sra     t1, s1, a2
core   0: 3 0x800069c0 (0x40c4d333) x 6 0xffffffff
core   0: 0x800069c4 (0xa55ca317) auipc   t1, 0xa55ca
core   0: 3 0x800069c4 (0xa55ca317) x 6 0x255d09c4
core   0: 0x800069c8 (0x0176e0b3) or      ra, a3, s7
core   0: 3 0x800069c8 (0x0176e0b3) x 1 0x8085416c
core   0: 0x800069cc (0x03c25733) divu    a4, tp, t3
core   0: 3 0x800069cc (0x03c25733) x14 0x00000000
core   0: 0x800069d0 (0x000bc0b3) xor     ra, s7, zero
core   0: 3 0x800069d0 (0x000bc0b3) x 1 0x00000000
core   0: 0x800069d4 (0x02c4c263) blt     s1, a2, pc + 36
core   0: 3 0x800069d4 (0x02c4c263)
core   0: 0x800069f8 (0x41475513) srai    a0, a4, 20
core   0: 3 0x800069f8 (0x41475513) x10 0x00000000
core   0: 0x800069fc (0x03db86b3) mul     a3, s7, t4
core   0: 3 0x800069fc (0x03db86b3) x13 0x00000000
core   0: 0x80006a00 (0x92aef313) andi    t1, t4, -1750
core   0: 3 0x80006a00 (0x92aef313) x 6 0x00000022
core   0: 0x80006a04 (0x03622533) mulhsu  a0, tp, s6
core   0: 3 0x80006a04 (0x03622533) x10 0xb4e891ab
core   0: 0x80006a08 (0xd4e53d93) sltiu   s11, a0, -690
core   0: 3 0x80006a08 (0xd4e53d93) x27 0x00000001
core   0: 0x80006a0c (0x029da233) mulhsu  tp, s11, s1
core   0: 3 0x80006a0c (0x029da233) x 4 0x00000000
core   0: 0x80006a10 (0x00000013) nop
core   0: 3 0x80006a10 (0x00000013)
core   0: 0x80006a14 (0x01a4a933) slt     s2, s1, s10
core   0: 3 0x80006a14 (0x01a4a933) x18 0x00000001
core   0: 0x80006a18 (0x00562333) slt     t1, a2, t0
core   0: 3 0x80006a18 (0x00562333) x 6 0x00000000
core   0: 0x80006a1c (0x00bc17b3) sll     a5, s8, a1
core   0: 3 0x80006a1c (0x00bc17b3) x15 0x00000000
core   0: 0x80006a20 (0x005a6033) or      zero, s4, t0
core   0: 3 0x80006a20 (0x005a6033)
core   0: 0x80006a24 (0x029535b3) mulhu   a1, a0, s1
core   0: 3 0x80006a24 (0x029535b3) x11 0x5a762185
core   0: 0x80006a28 (0x00862333) slt     t1, a2, s0
core   0: 3 0x80006a28 (0x00862333) x 6 0x00000000
core   0: 0x80006a2c (0xafa9e213) ori     tp, s3, -1286
core   0: 3 0x80006a2c (0xafa9e213) x 4 0xfffffafa
core   0: 0x80006a30 (0xb267ab93) slti    s7, a5, -1242
core   0: 3 0x80006a30 (0xb267ab93) x23 0x00000000
core   0: 0x80006a34 (0x0062ca63) blt     t0, t1, pc + 20
core   0: 3 0x80006a34 (0x0062ca63)
core   0: 0x80006a38 (0x403288b3) sub     a7, t0, gp
core   0: 3 0x80006a38 (0x403288b3) x17 0x00000308
core   0: 0x80006a3c (0x019c1f33) sll     t5, s8, s9
core   0: 3 0x80006a3c (0x019c1f33) x30 0x00000000
core   0: 0x80006a40 (0x0312aab3) mulhsu  s5, t0, a7
core   0: 3 0x80006a40 (0x0312aab3) x21 0x00000000
core   0: 0x80006a44 (0x01e00c33) add     s8, zero, t5
core   0: 3 0x80006a44 (0x01e00c33) x24 0x00000000
core   0: 0x80006a48 (0x0327e733) rem     a4, a5, s2
core   0: 3 0x80006a48 (0x0327e733) x14 0x00000000
core   0: 0x80006a4c (0x02a8c5b3) div     a1, a7, a0
core   0: 3 0x80006a4c (0x02a8c5b3) x11 0x00000000
core   0: 0x80006a50 (0x017d9cb3) sll     s9, s11, s7
core   0: 3 0x80006a50 (0x017d9cb3) x25 0x00000001
core   0: 0x80006a54 (0x01c76663) bltu    a4, t3, pc + 12
core   0: 3 0x80006a54 (0x01c76663)
core   0: 0x80006a60 (0x02dbd5b3) divu    a1, s7, a3
core   0: 3 0x80006a60 (0x02dbd5b3) x11 0xffffffff
core   0: 0x80006a64 (0x0282a7b3) mulhsu  a5, t0, s0
core   0: 3 0x80006a64 (0x0282a7b3) x15 0x00000000
core   0: 0x80006a68 (0x0389bd33) mulhu   s10, s3, s8
core   0: 3 0x80006a68 (0x0389bd33) x26 0x00000000
core   0: 0x80006a6c (0x07f49263) bne     s1, t6, pc + 100
core   0: 3 0x80006a6c (0x07f49263)
core   0: 0x80006ad0 (0x036a3633) mulhu   a2, s4, s6
core   0: 3 0x80006ad0 (0x036a3633) x12 0xffffde21
core   0: 0x80006ad4 (0x00b75cb3) srl     s9, a4, a1
core   0: 3 0x80006ad4 (0x00b75cb3) x25 0x00000000
core   0: 0x80006ad8 (0x02af0b33) mul     s6, t5, a0
core   0: 3 0x80006ad8 (0x02af0b33) x22 0x00000000
core   0: 0x80006adc (0x5e120893) addi    a7, tp, 1505
core   0: 3 0x80006adc (0x5e120893) x17 0x000000db
core   0: 0x80006ae0 (0x02792b33) mulhsu  s6, s2, t2
core   0: 3 0x80006ae0 (0x02792b33) x22 0x00000000
core   0: 0x80006ae4 (0xdb598193) addi    gp, s3, -587
core   0: 3 0x80006ae4 (0xdb598193) x 3 0xfffffe97
core   0: 0x80006ae8 (0x02cb48b3) div     a7, s6, a2
core   0: 3 0x80006ae8 (0x02cb48b3) x17 0x00000000
core   0: 0x80006aec (0x02d871b3) remu    gp, a6, a3
core   0: 3 0x80006aec (0x02d871b3) x 3 0x01ffffbc
core   0: 0x80006af0 (0x023681b3) mul     gp, a3, gp
core   0: 3 0x80006af0 (0x023681b3) x 3 0x00000000
core   0: 0x80006af4 (0x00575eb3) srl     t4, a4, t0
core   0: 3 0x80006af4 (0x00575eb3) x29 0x00000000
core   0: 0x80006af8 (0x01401b13) slli    s6, zero, 20
core   0: 3 0x80006af8 (0x01401b13) x22 0x00000000
core   0: 0x80006afc (0x01183733) sltu    a4, a6, a7
core   0: 3 0x80006afc (0x01183733) x14 0x00000000
core   0: 0x80006b00 (0x0dfe8db7) lui     s11, 0xdfe8
core   0: 3 0x80006b00 (0x0dfe8db7) x27 0x0dfe8000
core   0: 0x80006b04 (0x28ff16b7) lui     a3, 0x28ff1
core   0: 3 0x80006b04 (0x28ff16b7) x13 0x28ff1000
core   0: 0x80006b08 (0x00000013) nop
core   0: 3 0x80006b08 (0x00000013)
core   0: 0x80006b0c (0x97bda037) lui     zero, 0x97bda
core   0: 3 0x80006b0c (0x97bda037)
core   0: 0x80006b10 (0x023ca3b3) mulhsu  t2, s9, gp
core   0: 3 0x80006b10 (0x023ca3b3) x 7 0x00000000
core   0: 0x80006b14 (0x00e64533) xor     a0, a2, a4
core   0: 3 0x80006b14 (0x00e64533) x10 0xffffde21
core   0: 0x80006b18 (0x40a4dc33) sra     s8, s1, a0
core   0: 3 0x80006b18 (0x40a4dc33) x24 0xc0014e72
core   0: 0x80006b1c (0x00125b93) srli    s7, tp, 1
core   0: 3 0x80006b1c (0x00125b93) x23 0x7ffffd7d
core   0: 0x80006b20 (0x00a0f333) and     t1, ra, a0
core   0: 3 0x80006b20 (0x00a0f333) x 6 0x00000000
core   0: 0x80006b24 (0x4038d5b3) sra     a1, a7, gp
core   0: 3 0x80006b24 (0x4038d5b3) x11 0x00000000
core   0: 0x80006b28 (0x025a5c63) bge     s4, t0, pc + 56
core   0: 3 0x80006b28 (0x025a5c63)
core   0: 0x80006b2c (0x05157663) bgeu    a0, a7, pc + 76
core   0: 3 0x80006b2c (0x05157663)
core   0: 0x80006b78 (0x00575593) srli    a1, a4, 5
core   0: 3 0x80006b78 (0x00575593) x11 0x00000000
core   0: 0x80006b7c (0x016d2533) slt     a0, s10, s6
core   0: 3 0x80006b7c (0x016d2533) x10 0x00000000
core   0: 0x80006b80 (0x003d55b3) srl     a1, s10, gp
core   0: 3 0x80006b80 (0x003d55b3) x11 0x00000000
core   0: 0x80006b84 (0x0365ce63) blt     a1, s6, pc + 60
core   0: 3 0x80006b84 (0x0365ce63)
core   0: 0x80006b88 (0x02004263) bltz    zero, pc + 36
core   0: 3 0x80006b88 (0x02004263)
core   0: 0x80006b8c (0x0141feb3) and     t4, gp, s4
core   0: 3 0x80006b8c (0x0141feb3) x29 0x00000000
core   0: 0x80006b90 (0x45326c13) ori     s8, tp, 1107
core   0: 3 0x80006b90 (0x45326c13) x24 0xfffffefb
core   0: 0x80006b94 (0x40570ab3) sub     s5, a4, t0
core   0: 3 0x80006b94 (0x40570ab3) x21 0x00000000
core   0: 0x80006b98 (0x033cbb33) mulhu   s6, s9, s3
core   0: 3 0x80006b98 (0x033cbb33) x22 0x00000000
core   0: 0x80006b9c (0x003f1663) bne     t5, gp, pc + 12
core   0: 3 0x80006b9c (0x003f1663)
core   0: 0x80006ba0 (0x02d51333) mulh    t1, a0, a3
core   0: 3 0x80006ba0 (0x02d51333) x 6 0x00000000
core   0: 0x80006ba4 (0x4187d433) sra     s0, a5, s8
core   0: 3 0x80006ba4 (0x4187d433) x 8 0x00000000
core   0: 0x80006ba8 (0x02b4f8b3) remu    a7, s1, a1
core   0: 3 0x80006ba8 (0x02b4f8b3) x17 0x80029ce4
core   0: 0x80006bac (0x40a0d1b3) sra     gp, ra, a0
core   0: 3 0x80006bac (0x40a0d1b3) x 3 0x00000000
core   0: 0x80006bb0 (0x04554863) blt     a0, t0, pc + 80
core   0: 3 0x80006bb0 (0x04554863)
core   0: 0x80006bb4 (0x2b62b693) sltiu   a3, t0, 694
core   0: 3 0x80006bb4 (0x2b62b693) x13 0x00000001
core   0: 0x80006bb8 (0x0317f533) remu    a0, a5, a7
core   0: 3 0x80006bb8 (0x0317f533) x10 0x00000000
core   0: 0x80006bbc (0x5e1cf793) andi    a5, s9, 1505
core   0: 3 0x80006bbc (0x5e1cf793) x15 0x00000000
core   0: 0x80006bc0 (0xa081bd13) sltiu   s10, gp, -1528
core   0: 3 0x80006bc0 (0xa081bd13) x26 0x00000001
core   0: 0x80006bc4 (0x05d35663) bge     t1, t4, pc + 76
core   0: 3 0x80006bc4 (0x05d35663)
core   0: 0x80006c10 (0x015ab933) sltu    s2, s5, s5
core   0: 3 0x80006c10 (0x015ab933) x18 0x00000000
core   0: 0x80006c14 (0x00658e63) beq     a1, t1, pc + 28
core   0: 3 0x80006c14 (0x00658e63)
core   0: 0x80006c30 (0x01824033) xor     zero, tp, s8
core   0: 3 0x80006c30 (0x01824033)
core   0: 0x80006c34 (0x6f594413) xori    s0, s2, 1781
core   0: 3 0x80006c34 (0x6f594413) x 8 0x000006f5
core   0: 0x80006c38 (0x01845f33) srl     t5, s0, s8
core   0: 3 0x80006c38 (0x01845f33) x30 0x00000000
core   0: 0x80006c3c (0x02b69033) mulh    zero, a3, a1
core   0: 3 0x80006c3c (0x02b69033)
core   0: 0x80006c40 (0x0cdf6c17) auipc   s8, 0xcdf6
core   0: 3 0x80006c40 (0x0cdf6c17) x24 0x8cdfcc40
core   0: 0x80006c44 (0x03f17b33) remu    s6, sp, t6
core   0: 3 0x80006c44 (0x03f17b33) x22 0x80000000
core   0: 0x80006c48 (0x027f5863) bge     t5, t2, pc + 48
core   0: 3 0x80006c48 (0x027f5863)
core   0: 0x80006c78 (0x000a4d33) xor     s10, s4, zero
core   0: 3 0x80006c78 (0x000a4d33) x26 0xffffffff
core   0: 0x80006c7c (0x01886c33) or      s8, a6, s8
core   0: 3 0x80006c7c (0x01886c33) x24 0x8dfffffc
core   0: 0x80006c80 (0x00621d33) sll     s10, tp, t1
core   0: 3 0x80006c80 (0x00621d33) x26 0xfffffafa
core   0: 0x80006c84 (0x00b959b3) srl     s3, s2, a1
core   0: 3 0x80006c84 (0x00b959b3) x19 0x00000000
core   0: 0x80006c88 (0x0053f733) and     a4, t2, t0
core   0: 3 0x80006c88 (0x0053f733) x14 0x00000000
core   0: 0x80006c8c (0x418281b3) sub     gp, t0, s8
core   0: 3 0x80006c8c (0x418281b3) x 3 0x72000004
core   0: 0x80006c90 (0x03856d33) rem     s10, a0, s8
core   0: 3 0x80006c90 (0x03856d33) x26 0x00000000
core   0: 0x80006c94 (0x1e4ec693) xori    a3, t4, 484
core   0: 3 0x80006c94 (0x1e4ec693) x13 0x000001e4
core   0: 0x80006c98 (0x00a38f33) add     t5, t2, a0
core   0: 3 0x80006c98 (0x00a38f33) x30 0x00000000
core   0: 0x80006c9c (0x2379c893) xori    a7, s3, 567
core   0: 3 0x80006c9c (0x2379c893) x17 0x00000237
core   0: 0x80006ca0 (0x00b38663) beq     t2, a1, pc + 12
core   0: 3 0x80006ca0 (0x00b38663)
core   0: 0x80006cac (0x57aaba93) sltiu   s5, s5, 1402
core   0: 3 0x80006cac (0x57aaba93) x21 0x00000001
core   0: 0x80006cb0 (0x03b41a33) mulh    s4, s0, s11
core   0: 3 0x80006cb0 (0x03b41a33) x20 0x00000061
core   0: 0x80006cb4 (0x02849863) bne     s1, s0, pc + 48
core   0: 3 0x80006cb4 (0x02849863)
core   0: 0x80006ce4 (0x2286ab13) slti    s6, a3, 552
core   0: 3 0x80006ce4 (0x2286ab13) x22 0x00000001
core   0: 0x80006ce8 (0x00821a93) slli    s5, tp, 8
core   0: 3 0x80006ce8 (0x00821a93) x21 0xfffafa00
core   0: 0x80006cec (0x037442b3) div     t0, s0, s7
core   0: 3 0x80006cec (0x037442b3) x 5 0x00000000
core   0: 0x80006cf0 (0x03597933) remu    s2, s2, s5
core   0: 3 0x80006cf0 (0x03597933) x18 0x00000000
core   0: 0x80006cf4 (0xe92b22b7) lui     t0, 0xe92b2
core   0: 3 0x80006cf4 (0xe92b22b7) x 5 0xe92b2000
core   0: 0x80006cf8 (0xa605ed13) ori     s10, a1, -1440
core   0: 3 0x80006cf8 (0xa605ed13) x26 0xfffffa60
core   0: 0x80006cfc (0x010a3c33) sltu    s8, s4, a6
core   0: 3 0x80006cfc (0x010a3c33) x24 0x00000001
core   0: 0x80006d00 (0x039c4b33) div     s6, s8, s9
core   0: 3 0x80006d00 (0x039c4b33) x22 0xffffffff
core   0: 0x80006d04 (0x412d5433) sra     s0, s10, s2
core   0: 3 0x80006d04 (0x412d5433) x 8 0xfffffa60
core   0: 0x80006d08 (0x01153933) sltu    s2, a0, a7
core   0: 3 0x80006d08 (0x01153933) x18 0x00000001
core   0: 0x80006d0c (0x4063d993) srai    s3, t2, 6
core   0: 3 0x80006d0c (0x4063d993) x19 0x00000000
core   0: 0x80006d10 (0x03bbeeb3) rem     t4, s7, s11
core   0: 3 0x80006d10 (0x03bbeeb3) x29 0x020d7d7d
core   0: 0x80006d14 (0x0338b533) mulhu   a0, a7, s3
core   0: 3 0x80006d14 (0x0338b533) x10 0x00000000
core   0: 0x80006d18 (0x00b18863) beq     gp, a1, pc + 16
core   0: 3 0x80006d18 (0x00b18863)
core   0: 0x80006d1c (0x652b0993) addi    s3, s6, 1618
core   0: 3 0x80006d1c (0x652b0993) x19 0x00000651
core   0: 0x80006d20 (0x297a3213) sltiu   tp, s4, 663
core   0: 3 0x80006d20 (0x297a3213) x 4 0x00000001
core   0: 0x80006d24 (0x40830e33) sub     t3, t1, s0
core   0: 3 0x80006d24 (0x40830e33) x28 0x000005a0
core   0: 0x80006d28 (0x033900b3) mul     ra, s2, s3
core   0: 3 0x80006d28 (0x033900b3) x 1 0x00000651
core   0: 0x80006d2c (0xb6f60713) addi    a4, a2, -1169
core   0: 3 0x80006d2c (0xb6f60713) x14 0xffffd990
core   0: 0x80006d30 (0x597c5597) auipc   a1, 0x597c5
core   0: 3 0x80006d30 (0x597c5597) x11 0xd97cbd30
core   0: 0x80006d34 (0x6458e293) ori     t0, a7, 1605
core   0: 3 0x80006d34 (0x6458e293) x 5 0x00000677
core   0: 0x80006d38 (0x02743db3) mulhu   s11, s0, t2
core   0: 3 0x80006d38 (0x02743db3) x27 0x00000000
core   0: 0x80006d3c (0x4fc97597) auipc   a1, 0x4fc97
core   0: 3 0x80006d3c (0x4fc97597) x11 0xcfc9dd3c
core   0: 0x80006d40 (0x405156b3) sra     a3, sp, t0
core   0: 3 0x80006d40 (0x405156b3) x13 0xffffff00
core   0: 0x80006d44 (0x00228733) add     a4, t0, sp
core   0: 3 0x80006d44 (0x00228733) x14 0x80000677
core   0: 0x80006d48 (0x3d926d13) ori     s10, tp, 985
core   0: 3 0x80006d48 (0x3d926d13) x26 0x000003d9
core   0: 0x80006d4c (0x031cd733) divu    a4, s9, a7
core   0: 3 0x80006d4c (0x031cd733) x14 0x00000000
core   0: 0x80006d50 (0x40e9d333) sra     t1, s3, a4
core   0: 3 0x80006d50 (0x40e9d333) x 6 0x00000651
core   0: 0x80006d54 (0x009ed833) srl     a6, t4, s1
core   0: 3 0x80006d54 (0x009ed833) x16 0x0020d7d7
core   0: 0x80006d58 (0x01cade63) bge     s5, t3, pc + 28
core   0: 3 0x80006d58 (0x01cade63)
core   0: 0x80006d5c (0xda0fe013) ori     zero, t6, -608
core   0: 3 0x80006d5c (0xda0fe013)
core   0: 0x80006d60 (0x016e86b3) add     a3, t4, s6
core   0: 3 0x80006d60 (0x016e86b3) x13 0x020d7d7c
core   0: 0x80006d64 (0x001dfa63) bgeu    s11, ra, pc + 20
core   0: 3 0x80006d64 (0x001dfa63)
core   0: 0x80006d68 (0x02dee263) bltu    t4, a3, pc + 36
core   0: 3 0x80006d68 (0x02dee263)
core   0: 0x80006d6c (0x008bdd93) srli    s11, s7, 8
core   0: 3 0x80006d6c (0x008bdd93) x27 0x007ffffd
core   0: 0x80006d70 (0x023b4eb3) div     t4, s6, gp
core   0: 3 0x80006d70 (0x023b4eb3) x29 0x00000000
core   0: 0x80006d74 (0x05519063) bne     gp, s5, pc + 64
core   0: 3 0x80006d74 (0x05519063)
core   0: 0x80006db4 (0x00ff3933) sltu    s2, t5, a5
core   0: 3 0x80006db4 (0x00ff3933) x18 0x00000000
core   0: 0x80006db8 (0x4101d993) srai    s3, gp, 16
core   0: 3 0x80006db8 (0x4101d993) x19 0x00007200
core   0: 0x80006dbc (0x026b0bb3) mul     s7, s6, t1
core   0: 3 0x80006dbc (0x026b0bb3) x23 0xfffff9af
core   0: 0x80006dc0 (0x01a589b3) add     s3, a1, s10
core   0: 3 0x80006dc0 (0x01a589b3) x19 0xcfc9e115
core   0: 0x80006dc4 (0x01936433) or      s0, t1, s9
core   0: 3 0x80006dc4 (0x01936433) x 8 0x00000651
core   0: 0x80006dc8 (0x01748a33) add     s4, s1, s7
core   0: 3 0x80006dc8 (0x01748a33) x20 0x80029693
core   0: 0x80006dcc (0x404d0c33) sub     s8, s10, tp
core   0: 3 0x80006dcc (0x404d0c33) x24 0x000003d8
core   0: 0x80006dd0 (0x00a5c7b3) xor     a5, a1, a0
core   0: 3 0x80006dd0 (0x00a5c7b3) x15 0xcfc9dd3c
core   0: 0x80006dd4 (0x01e8ce63) blt     a7, t5, pc + 28
core   0: 3 0x80006dd4 (0x01e8ce63)
core   0: 0x80006dd8 (0x02448733) mul     a4, s1, tp
core   0: 3 0x80006dd8 (0x02448733) x14 0x80029ce4
core   0: 0x80006ddc (0x02f019b3) mulh    s3, zero, a5
core   0: 3 0x80006ddc (0x02f019b3) x19 0x00000000
core   0: 0x80006de0 (0x011d7b33) and     s6, s10, a7
core   0: 3 0x80006de0 (0x011d7b33) x22 0x00000211
core   0: 0x80006de4 (0x03b7e463) bltu    a5, s11, pc + 40
core   0: 3 0x80006de4 (0x03b7e463)
core   0: 0x80006de8 (0x038b8c63) beq     s7, s8, pc + 56
core   0: 3 0x80006de8 (0x038b8c63)
core   0: 0x80006dec (0xad6c2893) slti    a7, s8, -1322
core   0: 3 0x80006dec (0xad6c2893) x17 0x00000000
core   0: 0x80006df0 (0x03520263) beq     tp, s5, pc + 36
core   0: 3 0x80006df0 (0x03520263)
core   0: 0x80006df4 (0x01364463) blt     a2, s3, pc + 8
core   0: 3 0x80006df4 (0x01364463)
core   0: 0x80006dfc (0x000d8663) beqz    s11, pc + 12
core   0: 3 0x80006dfc (0x000d8663)
core   0: 0x80006e00 (0x00f05a63) bge     zero, a5, pc + 20
core   0: 3 0x80006e00 (0x00f05a63)
core   0: 0x80006e14 (0xb17bee93) ori     t4, s7, -1257
core   0: 3 0x80006e14 (0xb17bee93) x29 0xfffffbbf
core   0: 0x80006e18 (0x036bf2b3) remu    t0, s7, s6
core   0: 3 0x80006e18 (0x036bf2b3) x 5 0x0000018c
core   0: 0x80006e1c (0x0033b5b3) sltu    a1, t2, gp
core   0: 3 0x80006e1c (0x0033b5b3) x11 0x00000001
core   0: 0x80006e20 (0x01bf5733) srl     a4, t5, s11
core   0: 3 0x80006e20 (0x01bf5733) x14 0x00000000
core   0: 0x80006e24 (0x03b78463) beq     a5, s11, pc + 40
core   0: 3 0x80006e24 (0x03b78463)
core   0: 0x80006e28 (0x6532e617) auipc   a2, 0x6532e
core   0: 3 0x80006e28 (0x6532e617) x12 0xe5334e28
core   0: 0x80006e2c (0x00071663) bnez    a4, pc + 12
core   0: 3 0x80006e2c (0x00071663)
core   0: 0x80006e30 (0x407e5e93) srai    t4, t3, 7
core   0: 3 0x80006e30 (0x407e5e93) x29 0x0000000b
core   0: 0x80006e34 (0x0095f333) and     t1, a1, s1
core   0: 3 0x80006e34 (0x0095f333) x 6 0x00000000
core   0: 0x80006e38 (0x00fc5c93) srli    s9, s8, 15
core   0: 3 0x80006e38 (0x00fc5c93) x25 0x00000000
core   0: 0x80006e3c (0x415edbb3) sra     s7, t4, s5
core   0: 3 0x80006e3c (0x415edbb3) x23 0x0000000b
core   0: 0x80006e40 (0x01c758b3) srl     a7, a4, t3
core   0: 3 0x80006e40 (0x01c758b3) x17 0x00000000
core   0: 0x80006e44 (0xf16d6d13) ori     s10, s10, -234
core   0: 3 0x80006e44 (0xf16d6d13) x26 0xffffffdf
core   0: 0x80006e48 (0x01ed5cb3) srl     s9, s10, t5
core   0: 3 0x80006e48 (0x01ed5cb3) x25 0xffffffdf
core   0: 0x80006e4c (0x00e2ccb3) xor     s9, t0, a4
core   0: 3 0x80006e4c (0x00e2ccb3) x25 0x0000018c
core   0: 0x80006e50 (0xd8608813) addi    a6, ra, -634
core   0: 3 0x80006e50 (0xd8608813) x16 0x000003d7
core   0: 0x80006e54 (0x5844c213) xori    tp, s1, 1412
core   0: 3 0x80006e54 (0x5844c213) x 4 0x80029960
core   0: 0x80006e58 (0x038d6933) rem     s2, s10, s8
core   0: 3 0x80006e58 (0x038d6933) x18 0xffffffdf
core   0: 0x80006e5c (0x02d04c63) blt     zero, a3, pc + 56
core   0: 3 0x80006e5c (0x02d04c63)
core   0: 0x80006e94 (0xf28a4e93) xori    t4, s4, -216
core   0: 3 0x80006e94 (0xf28a4e93) x29 0x7ffd69bb
core   0: 0x80006e98 (0x0105b733) sltu    a4, a1, a6
core   0: 3 0x80006e98 (0x0105b733) x14 0x00000001
core   0: 0x80006e9c (0x03171bb3) mulh    s7, a4, a7
core   0: 3 0x80006e9c (0x03171bb3) x23 0x00000000
core   0: 0x80006ea0 (0x00eb4f33) xor     t5, s6, a4
core   0: 3 0x80006ea0 (0x00eb4f33) x30 0x00000210
core   0: 0x80006ea4 (0xf7c3fb13) andi    s6, t2, -132
core   0: 3 0x80006ea4 (0xf7c3fb13) x22 0x00000000
core   0: 0x80006ea8 (0x00932333) slt     t1, t1, s1
core   0: 3 0x80006ea8 (0x00932333) x 6 0x00000000
core   0: 0x80006eac (0x000897b3) sll     a5, a7, zero
core   0: 3 0x80006eac (0x000897b3) x15 0x00000000
core   0: 0x80006eb0 (0x002b4bb3) xor     s7, s6, sp
core   0: 3 0x80006eb0 (0x002b4bb3) x23 0x80000000
core   0: 0x80006eb4 (0x00000013) nop
core   0: 3 0x80006eb4 (0x00000013)
core   0: 0x80006eb8 (0xf5ffb293) sltiu   t0, t6, -161
core   0: 3 0x80006eb8 (0xf5ffb293) x 5 0x00000001
core   0: 0x80006ebc (0x0394d3b3) divu    t2, s1, s9
core   0: 3 0x80006ebc (0x0394d3b3) x 7 0x0052c10a
core   0: 0x80006ec0 (0x01d7f233) and     tp, a5, t4
core   0: 3 0x80006ec0 (0x01d7f233) x 4 0x00000000
core   0: 0x80006ec4 (0x01332333) slt     t1, t1, s3
core   0: 3 0x80006ec4 (0x01332333) x 6 0x00000000
core   0: 0x80006ec8 (0x03dbebb3) rem     s7, s7, t4
core   0: 3 0x80006ec8 (0x03dbebb3) x23 0xfffd69bb
core   0: 0x80006ecc (0x002a9e63) bne     s5, sp, pc + 28
core   0: 3 0x80006ecc (0x002a9e63)
core   0: 0x80006ee8 (0xe829ef13) ori     t5, s3, -382
core   0: 3 0x80006ee8 (0xe829ef13) x30 0xfffffe82
core   0: 0x80006eec (0x00000117) auipc   sp, 0x0
core   0: 3 0x80006eec (0x00000117) x 2 0x80006eec
core   0: 0x80006ef0 (0x00c10113) addi    sp, sp, 12
core   0: 3 0x80006ef0 (0x00c10113) x 2 0x80006ef8
core   0: 0x80006ef4 (0x00010067) jr      sp
core   0: 3 0x80006ef4 (0x00010067)
core   0: 0x80006ef8 (0x00100193) li      gp, 1
core   0: 3 0x80006ef8 (0x00100193) x 3 0x00000001
core   0: 0x80006efc (0x00000073) ecall
core   0: exception trap_machine_ecall, epc 0x80006efc
core   0: >>>>  mtvec_handler
core   0: 0x8000c388 (0xffc48493) addi    s1, s1, -4
core   0: 3 0x8000c388 (0xffc48493) x 9 0x80029ce0
core   0: 0x8000c38c (0x01f4a023) sw      t6, 0(s1)
core   0: 3 0x8000c38c (0x01f4a023) mem 0x80029ce0 0x80025e64
core   0: 0x8000c390 (0x00048fb3) add     t6, s1, zero
core   0: 3 0x8000c390 (0x00048fb3) x31 0x80029ce0
core   0: 0x8000c394 (0xf80f8f93) addi    t6, t6, -128
core   0: 3 0x8000c394 (0xf80f8f93) x31 0x80029c60
core   0: 0x8000c398 (0x001fa223) sw      ra, 4(t6)
core   0: 3 0x8000c398 (0x001fa223) mem 0x80029c64 0x00000651
core   0: 0x8000c39c (0x002fa423) sw      sp, 8(t6)
core   0: 3 0x8000c39c (0x002fa423) mem 0x80029c68 0x80006ef8
core   0: 0x8000c3a0 (0x003fa623) sw      gp, 12(t6)
core   0: 3 0x8000c3a0 (0x003fa623) mem 0x80029c6c 0x00000001
core   0: 0x8000c3a4 (0x004fa823) sw      tp, 16(t6)
core   0: 3 0x8000c3a4 (0x004fa823) mem 0x80029c70 0x00000000
core   0: 0x8000c3a8 (0x005faa23) sw      t0, 20(t6)
core   0: 3 0x8000c3a8 (0x005faa23) mem 0x80029c74 0x00000001
core   0: 0x8000c3ac (0x006fac23) sw      t1, 24(t6)
core   0: 3 0x8000c3ac (0x006fac23) mem 0x80029c78 0x00000000
core   0: 0x8000c3b0 (0x007fae23) sw      t2, 28(t6)
core   0: 3 0x8000c3b0 (0x007fae23) mem 0x80029c7c 0x0052c10a
core   0: 0x8000c3b4 (0x028fa023) sw      s0, 32(t6)
core   0: 3 0x8000c3b4 (0x028fa023) mem 0x80029c80 0x00000651
core   0: 0x8000c3b8 (0x029fa223) sw      s1, 36(t6)
core   0: 3 0x8000c3b8 (0x029fa223) mem 0x80029c84 0x80029ce0
core   0: 0x8000c3bc (0x02afa423) sw      a0, 40(t6)
core   0: 3 0x8000c3bc (0x02afa423) mem 0x80029c88 0x00000000
core   0: 0x8000c3c0 (0x02bfa623) sw      a1, 44(t6)
core   0: 3 0x8000c3c0 (0x02bfa623) mem 0x80029c8c 0x00000001
core   0: 0x8000c3c4 (0x02cfa823) sw      a2, 48(t6)
core   0: 3 0x8000c3c4 (0x02cfa823) mem 0x80029c90 0xe5334e28
core   0: 0x8000c3c8 (0x02dfaa23) sw      a3, 52(t6)
core   0: 3 0x8000c3c8 (0x02dfaa23) mem 0x80029c94 0x020d7d7c
core   0: 0x8000c3cc (0x02efac23) sw      a4, 56(t6)
core   0: 3 0x8000c3cc (0x02efac23) mem 0x80029c98 0x00000001
core   0: 0x8000c3d0 (0x02ffae23) sw      a5, 60(t6)
core   0: 3 0x8000c3d0 (0x02ffae23) mem 0x80029c9c 0x00000000
core   0: 0x8000c3d4 (0x050fa023) sw      a6, 64(t6)
core   0: 3 0x8000c3d4 (0x050fa023) mem 0x80029ca0 0x000003d7
core   0: 0x8000c3d8 (0x051fa223) sw      a7, 68(t6)
core   0: 3 0x8000c3d8 (0x051fa223) mem 0x80029ca4 0x00000000
core   0: 0x8000c3dc (0x052fa423) sw      s2, 72(t6)
core   0: 3 0x8000c3dc (0x052fa423) mem 0x80029ca8 0xffffffdf
core   0: 0x8000c3e0 (0x053fa623) sw      s3, 76(t6)
core   0: 3 0x8000c3e0 (0x053fa623) mem 0x80029cac 0x00000000
core   0: 0x8000c3e4 (0x054fa823) sw      s4, 80(t6)
core   0: 3 0x8000c3e4 (0x054fa823) mem 0x80029cb0 0x80029693
core   0: 0x8000c3e8 (0x055faa23) sw      s5, 84(t6)
core   0: 3 0x8000c3e8 (0x055faa23) mem 0x80029cb4 0xfffafa00
core   0: 0x8000c3ec (0x056fac23) sw      s6, 88(t6)
core   0: 3 0x8000c3ec (0x056fac23) mem 0x80029cb8 0x00000000
core   0: 0x8000c3f0 (0x057fae23) sw      s7, 92(t6)
core   0: 3 0x8000c3f0 (0x057fae23) mem 0x80029cbc 0xfffd69bb
core   0: 0x8000c3f4 (0x078fa023) sw      s8, 96(t6)
core   0: 3 0x8000c3f4 (0x078fa023) mem 0x80029cc0 0x000003d8
core   0: 0x8000c3f8 (0x079fa223) sw      s9, 100(t6)
core   0: 3 0x8000c3f8 (0x079fa223) mem 0x80029cc4 0x0000018c
core   0: 0x8000c3fc (0x07afa423) sw      s10, 104(t6)
core   0: 3 0x8000c3fc (0x07afa423) mem 0x80029cc8 0xffffffdf
core   0: 0x8000c400 (0x07bfa623) sw      s11, 108(t6)
core   0: 3 0x8000c400 (0x07bfa623) mem 0x80029ccc 0x007ffffd
core   0: 0x8000c404 (0x07cfa823) sw      t3, 112(t6)
core   0: 3 0x8000c404 (0x07cfa823) mem 0x80029cd0 0x000005a0
core   0: 0x8000c408 (0x07dfaa23) sw      t4, 116(t6)
core   0: 3 0x8000c408 (0x07dfaa23) mem 0x80029cd4 0x7ffd69bb
core   0: 0x8000c40c (0x07efac23) sw      t5, 120(t6)
core   0: 3 0x8000c40c (0x07efac23) mem 0x80029cd8 0xfffffe82
core   0: 0x8000c410 (0x07ffae23) sw      t6, 124(t6)
core   0: 3 0x8000c410 (0x07ffae23) mem 0x80029cdc 0x80029c60
core   0: 0x8000c414 (0x000f84b3) add     s1, t6, zero
core   0: 3 0x8000c414 (0x000f84b3) x 9 0x80029c60
core   0: 0x8000c418 (0x30002673) csrr    a2, mstatus
core   0: 3 0x8000c418 (0x30002673) x12 0x00001800
core   0: 0x8000c41c (0x34202673) csrr    a2, mcause
core   0: 3 0x8000c41c (0x34202673) x12 0x0000000b
core   0: 0x8000c420 (0x01f65613) srli    a2, a2, 31
core   0: 3 0x8000c420 (0x01f65613) x12 0x00000000
core   0: 0x8000c424 (0x40061463) bnez    a2, pc + 1032
core   0: 3 0x8000c424 (0x40061463)
core   0: 0x8000c428 (0x34102673) csrr    a2, mepc
core   0: 3 0x8000c428 (0x34102673) x12 0x80006efc
core   0: 0x8000c42c (0x34202673) csrr    a2, mcause
core   0: 3 0x8000c42c (0x34202673) x12 0x0000000b
core   0: 0x8000c430 (0x00300313) li      t1, 3
core   0: 3 0x8000c430 (0x00300313) x 6 0x00000003
core   0: 0x8000c434 (0x2a660a63) beq     a2, t1, pc + 692
core   0: 3 0x8000c434 (0x2a660a63)
core   0: 0x8000c438 (0x00800313) li      t1, 8
core   0: 3 0x8000c438 (0x00800313) x 6 0x00000008
core   0: 0x8000c43c (0x04660e63) beq     a2, t1, pc + 92
core   0: 3 0x8000c43c (0x04660e63)
core   0: 0x8000c440 (0x00900313) li      t1, 9
core   0: 3 0x8000c440 (0x00900313) x 6 0x00000009
core   0: 0x8000c444 (0x04660a63) beq     a2, t1, pc + 84
core   0: 3 0x8000c444 (0x04660a63)
core   0: 0x8000c448 (0x00b00313) li      t1, 11
core   0: 3 0x8000c448 (0x00b00313) x 6 0x0000000b
core   0: 0x8000c44c (0x04660663) beq     a2, t1, pc + 76
core   0: 3 0x8000c44c (0x04660663)
core   0: 0x8000c498 (0xffff4617) auipc   a2, 0xffff4
core   0: 3 0x8000c498 (0xffff4617) x12 0x80000498
core   0: 0x8000c49c (0xb6860613) addi    a2, a2, -1176
core   0: 3 0x8000c49c (0xb6860613) x12 0x80000000
core   0: 0x8000c4a0 (0x00062023) sw      zero, 0(a2)
core   0: 3 0x8000c4a0 (0x00062023) mem 0x80000000 0x00000000
core   0: 0x8000c4a4 (0x00162223) sw      ra, 4(a2)
core   0: 3 0x8000c4a4 (0x00162223) mem 0x80000004 0x00000651
core   0: 0x8000c4a8 (0x00262423) sw      sp, 8(a2)
core   0: 3 0x8000c4a8 (0x00262423) mem 0x80000008 0x80006ef8
core   0: 0x8000c4ac (0x00362623) sw      gp, 12(a2)
core   0: 3 0x8000c4ac (0x00362623) mem 0x8000000c 0x00000001
core   0: 0x8000c4b0 (0x00462823) sw      tp, 16(a2)
core   0: 3 0x8000c4b0 (0x00462823) mem 0x80000010 0x00000000
core   0: 0x8000c4b4 (0x00562a23) sw      t0, 20(a2)
core   0: 3 0x8000c4b4 (0x00562a23) mem 0x80000014 0x00000001
core   0: 0x8000c4b8 (0x00662c23) sw      t1, 24(a2)
core   0: 3 0x8000c4b8 (0x00662c23) mem 0x80000018 0x0000000b
core   0: 0x8000c4bc (0x00762e23) sw      t2, 28(a2)
core   0: 3 0x8000c4bc (0x00762e23) mem 0x8000001c 0x0052c10a
core   0: 0x8000c4c0 (0x02862023) sw      s0, 32(a2)
core   0: 3 0x8000c4c0 (0x02862023) mem 0x80000020 0x00000651
core   0: 0x8000c4c4 (0x02962223) sw      s1, 36(a2)
core   0: 3 0x8000c4c4 (0x02962223) mem 0x80000024 0x80029c60
core   0: 0x8000c4c8 (0x02a62423) sw      a0, 40(a2)
core   0: 3 0x8000c4c8 (0x02a62423) mem 0x80000028 0x00000000
core   0: 0x8000c4cc (0x02b62623) sw      a1, 44(a2)
core   0: 3 0x8000c4cc (0x02b62623) mem 0x8000002c 0x00000001
core   0: 0x8000c4d0 (0x02c62823) sw      a2, 48(a2)
core   0: 3 0x8000c4d0 (0x02c62823) mem 0x80000030 0x80000000
core   0: 0x8000c4d4 (0x02d62a23) sw      a3, 52(a2)
core   0: 3 0x8000c4d4 (0x02d62a23) mem 0x80000034 0x020d7d7c
core   0: 0x8000c4d8 (0x02e62c23) sw      a4, 56(a2)
core   0: 3 0x8000c4d8 (0x02e62c23) mem 0x80000038 0x00000001
core   0: 0x8000c4dc (0x02f62e23) sw      a5, 60(a2)
core   0: 3 0x8000c4dc (0x02f62e23) mem 0x8000003c 0x00000000
core   0: 0x8000c4e0 (0x05062023) sw      a6, 64(a2)
core   0: 3 0x8000c4e0 (0x05062023) mem 0x80000040 0x000003d7
core   0: 0x8000c4e4 (0x05162223) sw      a7, 68(a2)
core   0: 3 0x8000c4e4 (0x05162223) mem 0x80000044 0x00000000
core   0: 0x8000c4e8 (0x05262423) sw      s2, 72(a2)
core   0: 3 0x8000c4e8 (0x05262423) mem 0x80000048 0xffffffdf
core   0: 0x8000c4ec (0x05362623) sw      s3, 76(a2)
core   0: 3 0x8000c4ec (0x05362623) mem 0x8000004c 0x00000000
core   0: 0x8000c4f0 (0x05462823) sw      s4, 80(a2)
core   0: 3 0x8000c4f0 (0x05462823) mem 0x80000050 0x80029693
core   0: 0x8000c4f4 (0x05562a23) sw      s5, 84(a2)
core   0: 3 0x8000c4f4 (0x05562a23) mem 0x80000054 0xfffafa00
core   0: 0x8000c4f8 (0x05662c23) sw      s6, 88(a2)
core   0: 3 0x8000c4f8 (0x05662c23) mem 0x80000058 0x00000000
core   0: 0x8000c4fc (0x05762e23) sw      s7, 92(a2)
core   0: 3 0x8000c4fc (0x05762e23) mem 0x8000005c 0xfffd69bb
core   0: 0x8000c500 (0x07862023) sw      s8, 96(a2)
core   0: 3 0x8000c500 (0x07862023) mem 0x80000060 0x000003d8
core   0: 0x8000c504 (0x07962223) sw      s9, 100(a2)
core   0: 3 0x8000c504 (0x07962223) mem 0x80000064 0x0000018c
core   0: 0x8000c508 (0x07a62423) sw      s10, 104(a2)
core   0: 3 0x8000c508 (0x07a62423) mem 0x80000068 0xffffffdf
core   0: 0x8000c50c (0x07b62623) sw      s11, 108(a2)
core   0: 3 0x8000c50c (0x07b62623) mem 0x8000006c 0x007ffffd
core   0: 0x8000c510 (0x07c62823) sw      t3, 112(a2)
core   0: 3 0x8000c510 (0x07c62823) mem 0x80000070 0x000005a0
core   0: 0x8000c514 (0x07d62a23) sw      t4, 116(a2)
core   0: 3 0x8000c514 (0x07d62a23) mem 0x80000074 0x7ffd69bb
core   0: 0x8000c518 (0x07e62c23) sw      t5, 120(a2)
core   0: 3 0x8000c518 (0x07e62c23) mem 0x80000078 0xfffffe82
core   0: 0x8000c51c (0x07f62e23) sw      t6, 124(a2)
core   0: 3 0x8000c51c (0x07f62e23) mem 0x8000007c 0x80029c60
core   0: 0x8000c520 (0x00000117) auipc   sp, 0x0
core   0: 3 0x8000c520 (0x00000117) x 2 0x8000c520
core   0: 0x8000c524 (0xe5810113) addi    sp, sp, -424
core   0: 3 0x8000c524 (0xe5810113) x 2 0x8000c378
core   0: 0x8000c528 (0x00010067) jr      sp
core   0: 3 0x8000c528 (0x00010067)
core   0: 0x8000c378 (0x00004f17) auipc   t5, 0x4
core   0: 3 0x8000c378 (0x00004f17) x30 0x80010378
core   0: 0x8000c37c (0xc83f2423) sw      gp, -888(t5)
core   0: 3 0x8000c37c (0xc83f2423) mem 0x80010000 0x00000001
core   0: 0x8000c380 (0xff9ff06f) j       pc - 0x8
core   0: 3 0x8000c380 (0xff9ff06f)
core   0: 0x8000c378 (0x00004f17) auipc   t5, 0x4
core   0: 3 0x8000c378 (0x00004f17) x30 0x80010378
core   0: 0x8000c37c (0xc83f2423) sw      gp, -888(t5)
core   0: 3 0x8000c37c (0xc83f2423) mem 0x80010000 0x00000001
core   0: 0x8000c380 (0xff9ff06f) j       pc - 0x8
core   0: 3 0x8000c380 (0xff9ff06f)
core   0: 0x8000c378 (0x00004f17) auipc   t5, 0x4
core   0: 3 0x8000c378 (0x00004f17) x30 0x80010378
core   0: 0x8000c37c (0xc83f2423) sw      gp, -888(t5)
core   0: 3 0x8000c37c (0xc83f2423) mem 0x80010000 0x00000001
core   0: 0x8000c380 (0xff9ff06f) j       pc - 0x8
core   0: 3 0x8000c380 (0xff9ff06f)
core   0: 0x8000c378 (0x00004f17) auipc   t5, 0x4
core   0: 3 0x8000c378 (0x00004f17) x30 0x80010378
core   0: 0x8000c37c (0xc83f2423) sw      gp, -888(t5)
core   0: 3 0x8000c37c (0xc83f2423) mem 0x80010000 0x00000001
core   0: 0x8000c380 (0xff9ff06f) j       pc - 0x8
core   0: 3 0x8000c380 (0xff9ff06f)
core   0: 0x8000c378 (0x00004f17) auipc   t5, 0x4
core   0: 3 0x8000c378 (0x00004f17) x30 0x80010378
core   0: 0x8000c37c (0xc83f2423) sw      gp, -888(t5)
core   0: 3 0x8000c37c (0xc83f2423) mem 0x80010000 0x00000001
core   0: 0x8000c380 (0xff9ff06f) j       pc - 0x8
core   0: 3 0x8000c380 (0xff9ff06f)
core   0: 0x8000c378 (0x00004f17) auipc   t5, 0x4
core   0: 3 0x8000c378 (0x00004f17) x30 0x80010378
core   0: 0x8000c37c (0xc83f2423) sw      gp, -888(t5)
core   0: 3 0x8000c37c (0xc83f2423) mem 0x80010000 0x00000001
core   0: 0x8000c380 (0xff9ff06f) j       pc - 0x8
core   0: 3 0x8000c380 (0xff9ff06f)
core   0: 0x8000c378 (0x00004f17) auipc   t5, 0x4
core   0: 3 0x8000c378 (0x00004f17) x30 0x80010378
core   0: 0x8000c37c (0xc83f2423) sw      gp, -888(t5)
core   0: 3 0x8000c37c (0xc83f2423) mem 0x80010000 0x00000001
core   0: 0x8000c380 (0xff9ff06f) j       pc - 0x8
core   0: 3 0x8000c380 (0xff9ff06f)
core   0: 0x8000c378 (0x00004f17) auipc   t5, 0x4
core   0: 3 0x8000c378 (0x00004f17) x30 0x80010378
core   0: 0x8000c37c (0xc83f2423) sw      gp, -888(t5)
core   0: 3 0x8000c37c (0xc83f2423) mem 0x80010000 0x00000001
core   0: 0x8000c380 (0xff9ff06f) j       pc - 0x8
core   0: 3 0x8000c380 (0xff9ff06f)
core   0: 0x8000c378 (0x00004f17) auipc   t5, 0x4
core   0: 3 0x8000c378 (0x00004f17) x30 0x80010378
core   0: 0x8000c37c (0xc83f2423) sw      gp, -888(t5)
core   0: 3 0x8000c37c (0xc83f2423) mem 0x80010000 0x00000001
core   0: 0x8000c380 (0xff9ff06f) j       pc - 0x8
core   0: 3 0x8000c380 (0xff9ff06f)
core   0: 0x8000c378 (0x00004f17) auipc   t5, 0x4
core   0: 3 0x8000c378 (0x00004f17) x30 0x80010378
core   0: 0x8000c37c (0xc83f2423) sw      gp, -888(t5)
core   0: 3 0x8000c37c (0xc83f2423) mem 0x80010000 0x00000001
core   0: 0x8000c380 (0xff9ff06f) j       pc - 0x8
core   0: 3 0x8000c380 (0xff9ff06f)
core   0: 0x8000c378 (0x00004f17) auipc   t5, 0x4
core   0: 3 0x8000c378 (0x00004f17) x30 0x80010378
core   0: 0x8000c37c (0xc83f2423) sw      gp, -888(t5)
core   0: 3 0x8000c37c (0xc83f2423) mem 0x80010000 0x00000001
core   0: 0x8000c380 (0xff9ff06f) j       pc - 0x8
core   0: 3 0x8000c380 (0xff9ff06f)
core   0: 0x8000c378 (0x00004f17) auipc   t5, 0x4
core   0: 3 0x8000c378 (0x00004f17) x30 0x80010378
core   0: 0x8000c37c (0xc83f2423) sw      gp, -888(t5)
core   0: 3 0x8000c37c (0xc83f2423) mem 0x80010000 0x00000001
core   0: 0x8000c380 (0xff9ff06f) j       pc - 0x8
core   0: 3 0x8000c380 (0xff9ff06f)
core   0: 0x8000c378 (0x00004f17) auipc   t5, 0x4
core   0: 3 0x8000c378 (0x00004f17) x30 0x80010378
core   0: 0x8000c37c (0xc83f2423) sw      gp, -888(t5)
core   0: 3 0x8000c37c (0xc83f2423) mem 0x80010000 0x00000001
core   0: 0x8000c380 (0xff9ff06f) j       pc - 0x8
core   0: 3 0x8000c380 (0xff9ff06f)
core   0: 0x8000c378 (0x00004f17) auipc   t5, 0x4
core   0: 3 0x8000c378 (0x00004f17) x30 0x80010378
core   0: 0x8000c37c (0xc83f2423) sw      gp, -888(t5)
core   0: 3 0x8000c37c (0xc83f2423) mem 0x80010000 0x00000001
core   0: 0x8000c380 (0xff9ff06f) j       pc - 0x8
core   0: 3 0x8000c380 (0xff9ff06f)
core   0: 0x8000c378 (0x00004f17) auipc   t5, 0x4
core   0: 3 0x8000c378 (0x00004f17) x30 0x80010378
core   0: 0x8000c37c (0xc83f2423) sw      gp, -888(t5)
core   0: 3 0x8000c37c (0xc83f2423) mem 0x80010000 0x00000001
core   0: 0x8000c380 (0xff9ff06f) j       pc - 0x8
core   0: 3 0x8000c380 (0xff9ff06f)
core   0: 0x8000c378 (0x00004f17) auipc   t5, 0x4
core   0: 3 0x8000c378 (0x00004f17) x30 0x80010378
core   0: 0x8000c37c (0xc83f2423) sw      gp, -888(t5)
core   0: 3 0x8000c37c (0xc83f2423) mem 0x80010000 0x00000001
core   0: 0x8000c380 (0xff9ff06f) j       pc - 0x8
core   0: 3 0x8000c380 (0xff9ff06f)
core   0: 0x8000c378 (0x00004f17) auipc   t5, 0x4
core   0: 3 0x8000c378 (0x00004f17) x30 0x80010378
core   0: 0x8000c37c (0xc83f2423) sw      gp, -888(t5)
core   0: 3 0x8000c37c (0xc83f2423) mem 0x80010000 0x00000001
core   0: 0x8000c380 (0xff9ff06f) j       pc - 0x8
core   0: 3 0x8000c380 (0xff9ff06f)
core   0: 0x8000c378 (0x00004f17) auipc   t5, 0x4
core   0: 3 0x8000c378 (0x00004f17) x30 0x80010378
core   0: 0x8000c37c (0xc83f2423) sw      gp, -888(t5)
core   0: 3 0x8000c37c (0xc83f2423) mem 0x80010000 0x00000001
core   0: 0x8000c380 (0xff9ff06f) j       pc - 0x8
core   0: 3 0x8000c380 (0xff9ff06f)
core   0: 0x8000c378 (0x00004f17) auipc   t5, 0x4
core   0: 3 0x8000c378 (0x00004f17) x30 0x80010378
core   0: 0x8000c37c (0xc83f2423) sw      gp, -888(t5)
core   0: 3 0x8000c37c (0xc83f2423) mem 0x80010000 0x00000001
core   0: 0x8000c380 (0xff9ff06f) j       pc - 0x8
core   0: 3 0x8000c380 (0xff9ff06f)
core   0: 0x8000c378 (0x00004f17) auipc   t5, 0x4
core   0: 3 0x8000c378 (0x00004f17) x30 0x80010378
core   0: 0x8000c37c (0xc83f2423) sw      gp, -888(t5)
core   0: 3 0x8000c37c (0xc83f2423) mem 0x80010000 0x00000001
core   0: 0x8000c380 (0xff9ff06f) j       pc - 0x8
core   0: 3 0x8000c380 (0xff9ff06f)
core   0: 0x8000c378 (0x00004f17) auipc   t5, 0x4
core   0: 3 0x8000c378 (0x00004f17) x30 0x80010378
core   0: 0x8000c37c (0xc83f2423) sw      gp, -888(t5)
core   0: 3 0x8000c37c (0xc83f2423) mem 0x80010000 0x00000001
core   0: 0x8000c380 (0xff9ff06f) j       pc - 0x8
core   0: 3 0x8000c380 (0xff9ff06f)
core   0: 0x8000c378 (0x00004f17) auipc   t5, 0x4
core   0: 3 0x8000c378 (0x00004f17) x30 0x80010378
core   0: 0x8000c37c (0xc83f2423) sw      gp, -888(t5)
core   0: 3 0x8000c37c (0xc83f2423) mem 0x80010000 0x00000001
core   0: 0x8000c380 (0xff9ff06f) j       pc - 0x8
core   0: 3 0x8000c380 (0xff9ff06f)
core   0: 0x8000c378 (0x00004f17) auipc   t5, 0x4
core   0: 3 0x8000c378 (0x00004f17) x30 0x80010378
core   0: 0x8000c37c (0xc83f2423) sw      gp, -888(t5)
core   0: 3 0x8000c37c (0xc83f2423) mem 0x80010000 0x00000001
core   0: 0x8000c380 (0xff9ff06f) j       pc - 0x8
core   0: 3 0x8000c380 (0xff9ff06f)
core   0: 0x8000c378 (0x00004f17) auipc   t5, 0x4
core   0: 3 0x8000c378 (0x00004f17) x30 0x80010378
core   0: 0x8000c37c (0xc83f2423) sw      gp, -888(t5)
core   0: 3 0x8000c37c (0xc83f2423) mem 0x80010000 0x00000001
core   0: 0x8000c380 (0xff9ff06f) j       pc - 0x8
core   0: 3 0x8000c380 (0xff9ff06f)
core   0: 0x8000c378 (0x00004f17) auipc   t5, 0x4
core   0: 3 0x8000c378 (0x00004f17) x30 0x80010378
core   0: 0x8000c37c (0xc83f2423) sw      gp, -888(t5)
core   0: 3 0x8000c37c (0xc83f2423) mem 0x80010000 0x00000001
core   0: 0x8000c380 (0xff9ff06f) j       pc - 0x8
core   0: 3 0x8000c380 (0xff9ff06f)
core   0: 0x8000c378 (0x00004f17) auipc   t5, 0x4
core   0: 3 0x8000c378 (0x00004f17) x30 0x80010378
core   0: 0x8000c37c (0xc83f2423) sw      gp, -888(t5)
core   0: 3 0x8000c37c (0xc83f2423) mem 0x80010000 0x00000001
core   0: 0x8000c380 (0xff9ff06f) j       pc - 0x8
core   0: 3 0x8000c380 (0xff9ff06f)
core   0: 0x8000c378 (0x00004f17) auipc   t5, 0x4
core   0: 3 0x8000c378 (0x00004f17) x30 0x80010378
core   0: 0x8000c37c (0xc83f2423) sw      gp, -888(t5)
core   0: 3 0x8000c37c (0xc83f2423) mem 0x80010000 0x00000001
core   0: 0x8000c380 (0xff9ff06f) j       pc - 0x8
core   0: 3 0x8000c380 (0xff9ff06f)
core   0: 0x8000c378 (0x00004f17) auipc   t5, 0x4
core   0: 3 0x8000c378 (0x00004f17) x30 0x80010378
core   0: 0x8000c37c (0xc83f2423) sw      gp, -888(t5)
core   0: 3 0x8000c37c (0xc83f2423) mem 0x80010000 0x00000001
core   0: 0x8000c380 (0xff9ff06f) j       pc - 0x8
core   0: 3 0x8000c380 (0xff9ff06f)
core   0: 0x8000c378 (0x00004f17) auipc   t5, 0x4
core   0: 3 0x8000c378 (0x00004f17) x30 0x80010378
core   0: 0x8000c37c (0xc83f2423) sw      gp, -888(t5)
core   0: 3 0x8000c37c (0xc83f2423) mem 0x80010000 0x00000001
core   0: 0x8000c380 (0xff9ff06f) j       pc - 0x8
core   0: 3 0x8000c380 (0xff9ff06f)
core   0: 0x8000c378 (0x00004f17) auipc   t5, 0x4
core   0: 3 0x8000c378 (0x00004f17) x30 0x80010378
core   0: 0x8000c37c (0xc83f2423) sw      gp, -888(t5)
core   0: 3 0x8000c37c (0xc83f2423) mem 0x80010000 0x00000001
core   0: 0x8000c380 (0xff9ff06f) j       pc - 0x8
core   0: 3 0x8000c380 (0xff9ff06f)
core   0: 0x8000c378 (0x00004f17) auipc   t5, 0x4
core   0: 3 0x8000c378 (0x00004f17) x30 0x80010378
core   0: 0x8000c37c (0xc83f2423) sw      gp, -888(t5)
core   0: 3 0x8000c37c (0xc83f2423) mem 0x80010000 0x00000001
core   0: 0x8000c380 (0xff9ff06f) j       pc - 0x8
core   0: 3 0x8000c380 (0xff9ff06f)
core   0: 0x8000c378 (0x00004f17) auipc   t5, 0x4
core   0: 3 0x8000c378 (0x00004f17) x30 0x80010378
core   0: 0x8000c37c (0xc83f2423) sw      gp, -888(t5)
core   0: 3 0x8000c37c (0xc83f2423) mem 0x80010000 0x00000001
core   0: 0x8000c380 (0xff9ff06f) j       pc - 0x8
core   0: 3 0x8000c380 (0xff9ff06f)
core   0: 0x8000c378 (0x00004f17) auipc   t5, 0x4
core   0: 3 0x8000c378 (0x00004f17) x30 0x80010378
core   0: 0x8000c37c (0xc83f2423) sw      gp, -888(t5)
core   0: 3 0x8000c37c (0xc83f2423) mem 0x80010000 0x00000001
core   0: 0x8000c380 (0xff9ff06f) j       pc - 0x8
core   0: 3 0x8000c380 (0xff9ff06f)
core   0: 0x8000c378 (0x00004f17) auipc   t5, 0x4
core   0: 3 0x8000c378 (0x00004f17) x30 0x80010378
core   0: 0x8000c37c (0xc83f2423) sw      gp, -888(t5)
core   0: 3 0x8000c37c (0xc83f2423) mem 0x80010000 0x00000001
core   0: 0x8000c380 (0xff9ff06f) j       pc - 0x8
core   0: 3 0x8000c380 (0xff9ff06f)
core   0: 0x8000c378 (0x00004f17) auipc   t5, 0x4
core   0: 3 0x8000c378 (0x00004f17) x30 0x80010378
core   0: 0x8000c37c (0xc83f2423) sw      gp, -888(t5)
core   0: 3 0x8000c37c (0xc83f2423) mem 0x80010000 0x00000001
core   0: 0x8000c380 (0xff9ff06f) j       pc - 0x8
core   0: 3 0x8000c380 (0xff9ff06f)
core   0: 0x8000c378 (0x00004f17) auipc   t5, 0x4
core   0: 3 0x8000c378 (0x00004f17) x30 0x80010378
core   0: 0x8000c37c (0xc83f2423) sw      gp, -888(t5)
core   0: 3 0x8000c37c (0xc83f2423) mem 0x80010000 0x00000001
core   0: 0x8000c380 (0xff9ff06f) j       pc - 0x8
core   0: 3 0x8000c380 (0xff9ff06f)
core   0: 0x8000c378 (0x00004f17) auipc   t5, 0x4
core   0: 3 0x8000c378 (0x00004f17) x30 0x80010378
core   0: 0x8000c37c (0xc83f2423) sw      gp, -888(t5)
core   0: 3 0x8000c37c (0xc83f2423) mem 0x80010000 0x00000001
core   0: 0x8000c380 (0xff9ff06f) j       pc - 0x8
core   0: 3 0x8000c380 (0xff9ff06f)
core   0: 0x8000c378 (0x00004f17) auipc   t5, 0x4
core   0: 3 0x8000c378 (0x00004f17) x30 0x80010378
core   0: 0x8000c37c (0xc83f2423) sw      gp, -888(t5)
core   0: 3 0x8000c37c (0xc83f2423) mem 0x80010000 0x00000001
core   0: 0x8000c380 (0xff9ff06f) j       pc - 0x8
core   0: 3 0x8000c380 (0xff9ff06f)
core   0: 0x8000c378 (0x00004f17) auipc   t5, 0x4
core   0: 3 0x8000c378 (0x00004f17) x30 0x80010378
core   0: 0x8000c37c (0xc83f2423) sw      gp, -888(t5)
core   0: 3 0x8000c37c (0xc83f2423) mem 0x80010000 0x00000001
core   0: 0x8000c380 (0xff9ff06f) j       pc - 0x8
core   0: 3 0x8000c380 (0xff9ff06f)
core   0: 0x8000c378 (0x00004f17) auipc   t5, 0x4
core   0: 3 0x8000c378 (0x00004f17) x30 0x80010378
core   0: 0x8000c37c (0xc83f2423) sw      gp, -888(t5)
core   0: 3 0x8000c37c (0xc83f2423) mem 0x80010000 0x00000001
core   0: 0x8000c380 (0xff9ff06f) j       pc - 0x8
core   0: 3 0x8000c380 (0xff9ff06f)
core   0: 0x8000c378 (0x00004f17) auipc   t5, 0x4
core   0: 3 0x8000c378 (0x00004f17) x30 0x80010378
core   0: 0x8000c37c (0xc83f2423) sw      gp, -888(t5)
core   0: 3 0x8000c37c (0xc83f2423) mem 0x80010000 0x00000001
core   0: 0x8000c380 (0xff9ff06f) j       pc - 0x8
core   0: 3 0x8000c380 (0xff9ff06f)
core   0: 0x8000c378 (0x00004f17) auipc   t5, 0x4
core   0: 3 0x8000c378 (0x00004f17) x30 0x80010378
core   0: 0x8000c37c (0xc83f2423) sw      gp, -888(t5)
core   0: 3 0x8000c37c (0xc83f2423) mem 0x80010000 0x00000001
core   0: 0x8000c380 (0xff9ff06f) j       pc - 0x8
core   0: 3 0x8000c380 (0xff9ff06f)
core   0: 0x8000c378 (0x00004f17) auipc   t5, 0x4
core   0: 3 0x8000c378 (0x00004f17) x30 0x80010378
core   0: 0x8000c37c (0xc83f2423) sw      gp, -888(t5)
core   0: 3 0x8000c37c (0xc83f2423) mem 0x80010000 0x00000001
core   0: 0x8000c380 (0xff9ff06f) j       pc - 0x8
core   0: 3 0x8000c380 (0xff9ff06f)
core   0: 0x8000c378 (0x00004f17) auipc   t5, 0x4
core   0: 3 0x8000c378 (0x00004f17) x30 0x80010378
core   0: 0x8000c37c (0xc83f2423) sw      gp, -888(t5)
core   0: 3 0x8000c37c (0xc83f2423) mem 0x80010000 0x00000001
core   0: 0x8000c380 (0xff9ff06f) j       pc - 0x8
core   0: 3 0x8000c380 (0xff9ff06f)
core   0: 0x8000c378 (0x00004f17) auipc   t5, 0x4
core   0: 3 0x8000c378 (0x00004f17) x30 0x80010378
core   0: 0x8000c37c (0xc83f2423) sw      gp, -888(t5)
core   0: 3 0x8000c37c (0xc83f2423) mem 0x80010000 0x00000001
core   0: 0x8000c380 (0xff9ff06f) j       pc - 0x8
core   0: 3 0x8000c380 (0xff9ff06f)
core   0: 0x8000c378 (0x00004f17) auipc   t5, 0x4
core   0: 3 0x8000c378 (0x00004f17) x30 0x80010378
core   0: 0x8000c37c (0xc83f2423) sw      gp, -888(t5)
core   0: 3 0x8000c37c (0xc83f2423) mem 0x80010000 0x00000001
core   0: 0x8000c380 (0xff9ff06f) j       pc - 0x8
core   0: 3 0x8000c380 (0xff9ff06f)
core   0: 0x8000c378 (0x00004f17) auipc   t5, 0x4
core   0: 3 0x8000c378 (0x00004f17) x30 0x80010378
core   0: 0x8000c37c (0xc83f2423) sw      gp, -888(t5)
core   0: 3 0x8000c37c (0xc83f2423) mem 0x80010000 0x00000001
core   0: 0x8000c380 (0xff9ff06f) j       pc - 0x8
core   0: 3 0x8000c380 (0xff9ff06f)
core   0: 0x8000c378 (0x00004f17) auipc   t5, 0x4
core   0: 3 0x8000c378 (0x00004f17) x30 0x80010378
core   0: 0x8000c37c (0xc83f2423) sw      gp, -888(t5)
core   0: 3 0x8000c37c (0xc83f2423) mem 0x80010000 0x00000001
core   0: 0x8000c380 (0xff9ff06f) j       pc - 0x8
core   0: 3 0x8000c380 (0xff9ff06f)
core   0: 0x8000c378 (0x00004f17) auipc   t5, 0x4
core   0: 3 0x8000c378 (0x00004f17) x30 0x80010378
core   0: 0x8000c37c (0xc83f2423) sw      gp, -888(t5)
core   0: 3 0x8000c37c (0xc83f2423) mem 0x80010000 0x00000001
core   0: 0x8000c380 (0xff9ff06f) j       pc - 0x8
core   0: 3 0x8000c380 (0xff9ff06f)
core   0: 0x8000c378 (0x00004f17) auipc   t5, 0x4
core   0: 3 0x8000c378 (0x00004f17) x30 0x80010378
core   0: 0x8000c37c (0xc83f2423) sw      gp, -888(t5)
core   0: 3 0x8000c37c (0xc83f2423) mem 0x80010000 0x00000001
core   0: 0x8000c380 (0xff9ff06f) j       pc - 0x8
core   0: 3 0x8000c380 (0xff9ff06f)
core   0: 0x8000c378 (0x00004f17) auipc   t5, 0x4
core   0: 3 0x8000c378 (0x00004f17) x30 0x80010378
core   0: 0x8000c37c (0xc83f2423) sw      gp, -888(t5)
core   0: 3 0x8000c37c (0xc83f2423) mem 0x80010000 0x00000001
core   0: 0x8000c380 (0xff9ff06f) j       pc - 0x8
core   0: 3 0x8000c380 (0xff9ff06f)
core   0: 0x8000c378 (0x00004f17) auipc   t5, 0x4
core   0: 3 0x8000c378 (0x00004f17) x30 0x80010378
core   0: 0x8000c37c (0xc83f2423) sw      gp, -888(t5)
core   0: 3 0x8000c37c (0xc83f2423) mem 0x80010000 0x00000001
core   0: 0x8000c380 (0xff9ff06f) j       pc - 0x8
core   0: 3 0x8000c380 (0xff9ff06f)
core   0: 0x8000c378 (0x00004f17) auipc   t5, 0x4
core   0: 3 0x8000c378 (0x00004f17) x30 0x80010378
core   0: 0x8000c37c (0xc83f2423) sw      gp, -888(t5)
core   0: 3 0x8000c37c (0xc83f2423) mem 0x80010000 0x00000001
core   0: 0x8000c380 (0xff9ff06f) j       pc - 0x8
core   0: 3 0x8000c380 (0xff9ff06f)
core   0: 0x8000c378 (0x00004f17) auipc   t5, 0x4
core   0: 3 0x8000c378 (0x00004f17) x30 0x80010378
core   0: 0x8000c37c (0xc83f2423) sw      gp, -888(t5)
core   0: 3 0x8000c37c (0xc83f2423) mem 0x80010000 0x00000001
core   0: 0x8000c380 (0xff9ff06f) j       pc - 0x8
core   0: 3 0x8000c380 (0xff9ff06f)
core   0: 0x8000c378 (0x00004f17) auipc   t5, 0x4
core   0: 3 0x8000c378 (0x00004f17) x30 0x80010378
core   0: 0x8000c37c (0xc83f2423) sw      gp, -888(t5)
core   0: 3 0x8000c37c (0xc83f2423) mem 0x80010000 0x00000001
core   0: 0x8000c380 (0xff9ff06f) j       pc - 0x8
core   0: 3 0x8000c380 (0xff9ff06f)
core   0: 0x8000c378 (0x00004f17) auipc   t5, 0x4
core   0: 3 0x8000c378 (0x00004f17) x30 0x80010378
core   0: 0x8000c37c (0xc83f2423) sw      gp, -888(t5)
core   0: 3 0x8000c37c (0xc83f2423) mem 0x80010000 0x00000001
core   0: 0x8000c380 (0xff9ff06f) j       pc - 0x8
core   0: 3 0x8000c380 (0xff9ff06f)
core   0: 0x8000c378 (0x00004f17) auipc   t5, 0x4
core   0: 3 0x8000c378 (0x00004f17) x30 0x80010378
core   0: 0x8000c37c (0xc83f2423) sw      gp, -888(t5)
core   0: 3 0x8000c37c (0xc83f2423) mem 0x80010000 0x00000001
core   0: 0x8000c380 (0xff9ff06f) j       pc - 0x8
core   0: 3 0x8000c380 (0xff9ff06f)
core   0: 0x8000c378 (0x00004f17) auipc   t5, 0x4
core   0: 3 0x8000c378 (0x00004f17) x30 0x80010378
core   0: 0x8000c37c (0xc83f2423) sw      gp, -888(t5)
core   0: 3 0x8000c37c (0xc83f2423) mem 0x80010000 0x00000001
core   0: 0x8000c380 (0xff9ff06f) j       pc - 0x8
core   0: 3 0x8000c380 (0xff9ff06f)
core   0: 0x8000c378 (0x00004f17) auipc   t5, 0x4
core   0: 3 0x8000c378 (0x00004f17) x30 0x80010378
core   0: 0x8000c37c (0xc83f2423) sw      gp, -888(t5)
core   0: 3 0x8000c37c (0xc83f2423) mem 0x80010000 0x00000001
core   0: 0x8000c380 (0xff9ff06f) j       pc - 0x8
core   0: 3 0x8000c380 (0xff9ff06f)
core   0: 0x8000c378 (0x00004f17) auipc   t5, 0x4
core   0: 3 0x8000c378 (0x00004f17) x30 0x80010378
core   0: 0x8000c37c (0xc83f2423) sw      gp, -888(t5)
core   0: 3 0x8000c37c (0xc83f2423) mem 0x80010000 0x00000001
core   0: 0x8000c380 (0xff9ff06f) j       pc - 0x8
core   0: 3 0x8000c380 (0xff9ff06f)
core   0: 0x8000c378 (0x00004f17) auipc   t5, 0x4
core   0: 3 0x8000c378 (0x00004f17) x30 0x80010378
core   0: 0x8000c37c (0xc83f2423) sw      gp, -888(t5)
core   0: 3 0x8000c37c (0xc83f2423) mem 0x80010000 0x00000001
core   0: 0x8000c380 (0xff9ff06f) j       pc - 0x8
core   0: 3 0x8000c380 (0xff9ff06f)
core   0: 0x8000c378 (0x00004f17) auipc   t5, 0x4
core   0: 3 0x8000c378 (0x00004f17) x30 0x80010378
core   0: 0x8000c37c (0xc83f2423) sw      gp, -888(t5)
core   0: 3 0x8000c37c (0xc83f2423) mem 0x80010000 0x00000001
core   0: 0x8000c380 (0xff9ff06f) j       pc - 0x8
core   0: 3 0x8000c380 (0xff9ff06f)
core   0: 0x8000c378 (0x00004f17) auipc   t5, 0x4
core   0: 3 0x8000c378 (0x00004f17) x30 0x80010378
core   0: 0x8000c37c (0xc83f2423) sw      gp, -888(t5)
core   0: 3 0x8000c37c (0xc83f2423) mem 0x80010000 0x00000001
core   0: 0x8000c380 (0xff9ff06f) j       pc - 0x8
core   0: 3 0x8000c380 (0xff9ff06f)
core   0: 0x8000c378 (0x00004f17) auipc   t5, 0x4
core   0: 3 0x8000c378 (0x00004f17) x30 0x80010378
core   0: 0x8000c37c (0xc83f2423) sw      gp, -888(t5)
core   0: 3 0x8000c37c (0xc83f2423) mem 0x80010000 0x00000001
core   0: 0x8000c380 (0xff9ff06f) j       pc - 0x8
core   0: 3 0x8000c380 (0xff9ff06f)
core   0: 0x8000c378 (0x00004f17) auipc   t5, 0x4
core   0: 3 0x8000c378 (0x00004f17) x30 0x80010378
core   0: 0x8000c37c (0xc83f2423) sw      gp, -888(t5)
core   0: 3 0x8000c37c (0xc83f2423) mem 0x80010000 0x00000001
core   0: 0x8000c380 (0xff9ff06f) j       pc - 0x8
core   0: 3 0x8000c380 (0xff9ff06f)
core   0: 0x8000c378 (0x00004f17) auipc   t5, 0x4
core   0: 3 0x8000c378 (0x00004f17) x30 0x80010378
core   0: 0x8000c37c (0xc83f2423) sw      gp, -888(t5)
core   0: 3 0x8000c37c (0xc83f2423) mem 0x80010000 0x00000001
core   0: 0x8000c380 (0xff9ff06f) j       pc - 0x8
core   0: 3 0x8000c380 (0xff9ff06f)
core   0: 0x8000c378 (0x00004f17) auipc   t5, 0x4
core   0: 3 0x8000c378 (0x00004f17) x30 0x80010378
core   0: 0x8000c37c (0xc83f2423) sw      gp, -888(t5)
core   0: 3 0x8000c37c (0xc83f2423) mem 0x80010000 0x00000001
core   0: 0x8000c380 (0xff9ff06f) j       pc - 0x8
core   0: 3 0x8000c380 (0xff9ff06f)
core   0: 0x8000c378 (0x00004f17) auipc   t5, 0x4
core   0: 3 0x8000c378 (0x00004f17) x30 0x80010378
core   0: 0x8000c37c (0xc83f2423) sw      gp, -888(t5)
core   0: 3 0x8000c37c (0xc83f2423) mem 0x80010000 0x00000001
core   0: 0x8000c380 (0xff9ff06f) j       pc - 0x8
core   0: 3 0x8000c380 (0xff9ff06f)
core   0: 0x8000c378 (0x00004f17) auipc   t5, 0x4
core   0: 3 0x8000c378 (0x00004f17) x30 0x80010378
core   0: 0x8000c37c (0xc83f2423) sw      gp, -888(t5)
core   0: 3 0x8000c37c (0xc83f2423) mem 0x80010000 0x00000001
core   0: 0x8000c380 (0xff9ff06f) j       pc - 0x8
core   0: 3 0x8000c380 (0xff9ff06f)
core   0: 0x8000c378 (0x00004f17) auipc   t5, 0x4
core   0: 3 0x8000c378 (0x00004f17) x30 0x80010378
core   0: 0x8000c37c (0xc83f2423) sw      gp, -888(t5)
core   0: 3 0x8000c37c (0xc83f2423) mem 0x80010000 0x00000001
core   0: 0x8000c380 (0xff9ff06f) j       pc - 0x8
core   0: 3 0x8000c380 (0xff9ff06f)
core   0: 0x8000c378 (0x00004f17) auipc   t5, 0x4
core   0: 3 0x8000c378 (0x00004f17) x30 0x80010378
core   0: 0x8000c37c (0xc83f2423) sw      gp, -888(t5)
core   0: 3 0x8000c37c (0xc83f2423) mem 0x80010000 0x00000001
core   0: 0x8000c380 (0xff9ff06f) j       pc - 0x8
core   0: 3 0x8000c380 (0xff9ff06f)
core   0: 0x8000c378 (0x00004f17) auipc   t5, 0x4
core   0: 3 0x8000c378 (0x00004f17) x30 0x80010378
core   0: 0x8000c37c (0xc83f2423) sw      gp, -888(t5)
core   0: 3 0x8000c37c (0xc83f2423) mem 0x80010000 0x00000001
core   0: 0x8000c380 (0xff9ff06f) j       pc - 0x8
core   0: 3 0x8000c380 (0xff9ff06f)
core   0: 0x8000c378 (0x00004f17) auipc   t5, 0x4
core   0: 3 0x8000c378 (0x00004f17) x30 0x80010378
core   0: 0x8000c37c (0xc83f2423) sw      gp, -888(t5)
core   0: 3 0x8000c37c (0xc83f2423) mem 0x80010000 0x00000001
core   0: 0x8000c380 (0xff9ff06f) j       pc - 0x8
core   0: 3 0x8000c380 (0xff9ff06f)
core   0: 0x8000c378 (0x00004f17) auipc   t5, 0x4
core   0: 3 0x8000c378 (0x00004f17) x30 0x80010378
core   0: 0x8000c37c (0xc83f2423) sw      gp, -888(t5)
core   0: 3 0x8000c37c (0xc83f2423) mem 0x80010000 0x00000001
core   0: 0x8000c380 (0xff9ff06f) j       pc - 0x8
core   0: 3 0x8000c380 (0xff9ff06f)
core   0: 0x8000c378 (0x00004f17) auipc   t5, 0x4
core   0: 3 0x8000c378 (0x00004f17) x30 0x80010378
core   0: 0x8000c37c (0xc83f2423) sw      gp, -888(t5)
core   0: 3 0x8000c37c (0xc83f2423) mem 0x80010000 0x00000001
core   0: 0x8000c380 (0xff9ff06f) j       pc - 0x8
core   0: 3 0x8000c380 (0xff9ff06f)
core   0: 0x8000c378 (0x00004f17) auipc   t5, 0x4
core   0: 3 0x8000c378 (0x00004f17) x30 0x80010378
core   0: 0x8000c37c (0xc83f2423) sw      gp, -888(t5)
core   0: 3 0x8000c37c (0xc83f2423) mem 0x80010000 0x00000001
core   0: 0x8000c380 (0xff9ff06f) j       pc - 0x8
core   0: 3 0x8000c380 (0xff9ff06f)
core   0: 0x8000c378 (0x00004f17) auipc   t5, 0x4
core   0: 3 0x8000c378 (0x00004f17) x30 0x80010378
core   0: 0x8000c37c (0xc83f2423) sw      gp, -888(t5)
core   0: 3 0x8000c37c (0xc83f2423) mem 0x80010000 0x00000001
core   0: 0x8000c380 (0xff9ff06f) j       pc - 0x8
core   0: 3 0x8000c380 (0xff9ff06f)
core   0: 0x8000c378 (0x00004f17) auipc   t5, 0x4
core   0: 3 0x8000c378 (0x00004f17) x30 0x80010378
core   0: 0x8000c37c (0xc83f2423) sw      gp, -888(t5)
core   0: 3 0x8000c37c (0xc83f2423) mem 0x80010000 0x00000001
core   0: 0x8000c380 (0xff9ff06f) j       pc - 0x8
core   0: 3 0x8000c380 (0xff9ff06f)
core   0: 0x8000c378 (0x00004f17) auipc   t5, 0x4
core   0: 3 0x8000c378 (0x00004f17) x30 0x80010378
core   0: 0x8000c37c (0xc83f2423) sw      gp, -888(t5)
core   0: 3 0x8000c37c (0xc83f2423) mem 0x80010000 0x00000001
core   0: 0x8000c380 (0xff9ff06f) j       pc - 0x8
core   0: 3 0x8000c380 (0xff9ff06f)
core   0: 0x8000c378 (0x00004f17) auipc   t5, 0x4
core   0: 3 0x8000c378 (0x00004f17) x30 0x80010378
core   0: 0x8000c37c (0xc83f2423) sw      gp, -888(t5)
core   0: 3 0x8000c37c (0xc83f2423) mem 0x80010000 0x00000001
core   0: 0x8000c380 (0xff9ff06f) j       pc - 0x8
core   0: 3 0x8000c380 (0xff9ff06f)
core   0: 0x8000c378 (0x00004f17) auipc   t5, 0x4
core   0: 3 0x8000c378 (0x00004f17) x30 0x80010378
core   0: 0x8000c37c (0xc83f2423) sw      gp, -888(t5)
core   0: 3 0x8000c37c (0xc83f2423) mem 0x80010000 0x00000001
core   0: 0x8000c380 (0xff9ff06f) j       pc - 0x8
core   0: 3 0x8000c380 (0xff9ff06f)
core   0: 0x8000c378 (0x00004f17) auipc   t5, 0x4
core   0: 3 0x8000c378 (0x00004f17) x30 0x80010378
core   0: 0x8000c37c (0xc83f2423) sw      gp, -888(t5)
core   0: 3 0x8000c37c (0xc83f2423) mem 0x80010000 0x00000001
core   0: 0x8000c380 (0xff9ff06f) j       pc - 0x8
core   0: 3 0x8000c380 (0xff9ff06f)
core   0: 0x8000c378 (0x00004f17) auipc   t5, 0x4
core   0: 3 0x8000c378 (0x00004f17) x30 0x80010378
core   0: 0x8000c37c (0xc83f2423) sw      gp, -888(t5)
core   0: 3 0x8000c37c (0xc83f2423) mem 0x80010000 0x00000001
core   0: 0x8000c380 (0xff9ff06f) j       pc - 0x8
core   0: 3 0x8000c380 (0xff9ff06f)
core   0: 0x8000c378 (0x00004f17) auipc   t5, 0x4
core   0: 3 0x8000c378 (0x00004f17) x30 0x80010378
core   0: 0x8000c37c (0xc83f2423) sw      gp, -888(t5)
core   0: 3 0x8000c37c (0xc83f2423) mem 0x80010000 0x00000001
core   0: 0x8000c380 (0xff9ff06f) j       pc - 0x8
core   0: 3 0x8000c380 (0xff9ff06f)
core   0: 0x8000c378 (0x00004f17) auipc   t5, 0x4
core   0: 3 0x8000c378 (0x00004f17) x30 0x80010378
core   0: 0x8000c37c (0xc83f2423) sw      gp, -888(t5)
core   0: 3 0x8000c37c (0xc83f2423) mem 0x80010000 0x00000001
core   0: 0x8000c380 (0xff9ff06f) j       pc - 0x8
core   0: 3 0x8000c380 (0xff9ff06f)
core   0: 0x8000c378 (0x00004f17) auipc   t5, 0x4
core   0: 3 0x8000c378 (0x00004f17) x30 0x80010378
core   0: 0x8000c37c (0xc83f2423) sw      gp, -888(t5)
core   0: 3 0x8000c37c (0xc83f2423) mem 0x80010000 0x00000001
core   0: 0x8000c380 (0xff9ff06f) j       pc - 0x8
core   0: 3 0x8000c380 (0xff9ff06f)
core   0: 0x8000c378 (0x00004f17) auipc   t5, 0x4
core   0: 3 0x8000c378 (0x00004f17) x30 0x80010378
core   0: 0x8000c37c (0xc83f2423) sw      gp, -888(t5)
core   0: 3 0x8000c37c (0xc83f2423) mem 0x80010000 0x00000001
core   0: 0x8000c380 (0xff9ff06f) j       pc - 0x8
core   0: 3 0x8000c380 (0xff9ff06f)
core   0: 0x8000c378 (0x00004f17) auipc   t5, 0x4
core   0: 3 0x8000c378 (0x00004f17) x30 0x80010378
core   0: 0x8000c37c (0xc83f2423) sw      gp, -888(t5)
core   0: 3 0x8000c37c (0xc83f2423) mem 0x80010000 0x00000001
core   0: 0x8000c380 (0xff9ff06f) j       pc - 0x8
core   0: 3 0x8000c380 (0xff9ff06f)
core   0: 0x8000c378 (0x00004f17) auipc   t5, 0x4
core   0: 3 0x8000c378 (0x00004f17) x30 0x80010378
core   0: 0x8000c37c (0xc83f2423) sw      gp, -888(t5)
core   0: 3 0x8000c37c (0xc83f2423) mem 0x80010000 0x00000001
core   0: 0x8000c380 (0xff9ff06f) j       pc - 0x8
core   0: 3 0x8000c380 (0xff9ff06f)
core   0: 0x8000c378 (0x00004f17) auipc   t5, 0x4
core   0: 3 0x8000c378 (0x00004f17) x30 0x80010378
core   0: 0x8000c37c (0xc83f2423) sw      gp, -888(t5)
core   0: 3 0x8000c37c (0xc83f2423) mem 0x80010000 0x00000001
core   0: 0x8000c380 (0xff9ff06f) j       pc - 0x8
core   0: 3 0x8000c380 (0xff9ff06f)
core   0: 0x8000c378 (0x00004f17) auipc   t5, 0x4
core   0: 3 0x8000c378 (0x00004f17) x30 0x80010378
core   0: 0x8000c37c (0xc83f2423) sw      gp, -888(t5)
core   0: 3 0x8000c37c (0xc83f2423) mem 0x80010000 0x00000001
core   0: 0x8000c380 (0xff9ff06f) j       pc - 0x8
core   0: 3 0x8000c380 (0xff9ff06f)
core   0: 0x8000c378 (0x00004f17) auipc   t5, 0x4
core   0: 3 0x8000c378 (0x00004f17) x30 0x80010378
core   0: 0x8000c37c (0xc83f2423) sw      gp, -888(t5)
core   0: 3 0x8000c37c (0xc83f2423) mem 0x80010000 0x00000001
core   0: 0x8000c380 (0xff9ff06f) j       pc - 0x8
core   0: 3 0x8000c380 (0xff9ff06f)
core   0: 0x8000c378 (0x00004f17) auipc   t5, 0x4
core   0: 3 0x8000c378 (0x00004f17) x30 0x80010378
core   0: 0x8000c37c (0xc83f2423) sw      gp, -888(t5)
core   0: 3 0x8000c37c (0xc83f2423) mem 0x80010000 0x00000001
core   0: 0x8000c380 (0xff9ff06f) j       pc - 0x8
core   0: 3 0x8000c380 (0xff9ff06f)
core   0: 0x8000c378 (0x00004f17) auipc   t5, 0x4
core   0: 3 0x8000c378 (0x00004f17) x30 0x80010378
core   0: 0x8000c37c (0xc83f2423) sw      gp, -888(t5)
core   0: 3 0x8000c37c (0xc83f2423) mem 0x80010000 0x00000001
core   0: 0x8000c380 (0xff9ff06f) j       pc - 0x8
core   0: 3 0x8000c380 (0xff9ff06f)
core   0: 0x8000c378 (0x00004f17) auipc   t5, 0x4
core   0: 3 0x8000c378 (0x00004f17) x30 0x80010378
core   0: 0x8000c37c (0xc83f2423) sw      gp, -888(t5)
core   0: 3 0x8000c37c (0xc83f2423) mem 0x80010000 0x00000001
core   0: 0x8000c380 (0xff9ff06f) j       pc - 0x8
core   0: 3 0x8000c380 (0xff9ff06f)
core   0: 0x8000c378 (0x00004f17) auipc   t5, 0x4
core   0: 3 0x8000c378 (0x00004f17) x30 0x80010378
core   0: 0x8000c37c (0xc83f2423) sw      gp, -888(t5)
core   0: 3 0x8000c37c (0xc83f2423) mem 0x80010000 0x00000001
core   0: 0x8000c380 (0xff9ff06f) j       pc - 0x8
core   0: 3 0x8000c380 (0xff9ff06f)
core   0: 0x8000c378 (0x00004f17) auipc   t5, 0x4
core   0: 3 0x8000c378 (0x00004f17) x30 0x80010378
core   0: 0x8000c37c (0xc83f2423) sw      gp, -888(t5)
core   0: 3 0x8000c37c (0xc83f2423) mem 0x80010000 0x00000001
core   0: 0x8000c380 (0xff9ff06f) j       pc - 0x8
core   0: 3 0x8000c380 (0xff9ff06f)
core   0: 0x8000c378 (0x00004f17) auipc   t5, 0x4
core   0: 3 0x8000c378 (0x00004f17) x30 0x80010378
core   0: 0x8000c37c (0xc83f2423) sw      gp, -888(t5)
core   0: 3 0x8000c37c (0xc83f2423) mem 0x80010000 0x00000001
core   0: 0x8000c380 (0xff9ff06f) j       pc - 0x8
core   0: 3 0x8000c380 (0xff9ff06f)
core   0: 0x8000c378 (0x00004f17) auipc   t5, 0x4
core   0: 3 0x8000c378 (0x00004f17) x30 0x80010378
core   0: 0x8000c37c (0xc83f2423) sw      gp, -888(t5)
core   0: 3 0x8000c37c (0xc83f2423) mem 0x80010000 0x00000001
core   0: 0x8000c380 (0xff9ff06f) j       pc - 0x8
core   0: 3 0x8000c380 (0xff9ff06f)
core   0: 0x8000c378 (0x00004f17) auipc   t5, 0x4
core   0: 3 0x8000c378 (0x00004f17) x30 0x80010378
core   0: 0x8000c37c (0xc83f2423) sw      gp, -888(t5)
core   0: 3 0x8000c37c (0xc83f2423) mem 0x80010000 0x00000001
core   0: 0x8000c380 (0xff9ff06f) j       pc - 0x8
core   0: 3 0x8000c380 (0xff9ff06f)
core   0: 0x8000c378 (0x00004f17) auipc   t5, 0x4
core   0: 3 0x8000c378 (0x00004f17) x30 0x80010378
core   0: 0x8000c37c (0xc83f2423) sw      gp, -888(t5)
core   0: 3 0x8000c37c (0xc83f2423) mem 0x80010000 0x00000001
core   0: 0x8000c380 (0xff9ff06f) j       pc - 0x8
core   0: 3 0x8000c380 (0xff9ff06f)
core   0: 0x8000c378 (0x00004f17) auipc   t5, 0x4
core   0: 3 0x8000c378 (0x00004f17) x30 0x80010378
core   0: 0x8000c37c (0xc83f2423) sw      gp, -888(t5)
core   0: 3 0x8000c37c (0xc83f2423) mem 0x80010000 0x00000001
core   0: 0x8000c380 (0xff9ff06f) j       pc - 0x8
core   0: 3 0x8000c380 (0xff9ff06f)
core   0: 0x8000c378 (0x00004f17) auipc   t5, 0x4
core   0: 3 0x8000c378 (0x00004f17) x30 0x80010378
core   0: 0x8000c37c (0xc83f2423) sw      gp, -888(t5)
core   0: 3 0x8000c37c (0xc83f2423) mem 0x80010000 0x00000001
core   0: 0x8000c380 (0xff9ff06f) j       pc - 0x8
core   0: 3 0x8000c380 (0xff9ff06f)
core   0: 0x8000c378 (0x00004f17) auipc   t5, 0x4
core   0: 3 0x8000c378 (0x00004f17) x30 0x80010378
core   0: 0x8000c37c (0xc83f2423) sw      gp, -888(t5)
core   0: 3 0x8000c37c (0xc83f2423) mem 0x80010000 0x00000001
core   0: 0x8000c380 (0xff9ff06f) j       pc - 0x8
core   0: 3 0x8000c380 (0xff9ff06f)
core   0: 0x8000c378 (0x00004f17) auipc   t5, 0x4
core   0: 3 0x8000c378 (0x00004f17) x30 0x80010378
core   0: 0x8000c37c (0xc83f2423) sw      gp, -888(t5)
core   0: 3 0x8000c37c (0xc83f2423) mem 0x80010000 0x00000001
core   0: 0x8000c380 (0xff9ff06f) j       pc - 0x8
core   0: 3 0x8000c380 (0xff9ff06f)
core   0: 0x8000c378 (0x00004f17) auipc   t5, 0x4
core   0: 3 0x8000c378 (0x00004f17) x30 0x80010378
core   0: 0x8000c37c (0xc83f2423) sw      gp, -888(t5)
core   0: 3 0x8000c37c (0xc83f2423) mem 0x80010000 0x00000001
core   0: 0x8000c380 (0xff9ff06f) j       pc - 0x8
core   0: 3 0x8000c380 (0xff9ff06f)
core   0: 0x8000c378 (0x00004f17) auipc   t5, 0x4
core   0: 3 0x8000c378 (0x00004f17) x30 0x80010378
core   0: 0x8000c37c (0xc83f2423) sw      gp, -888(t5)
core   0: 3 0x8000c37c (0xc83f2423) mem 0x80010000 0x00000001
core   0: 0x8000c380 (0xff9ff06f) j       pc - 0x8
core   0: 3 0x8000c380 (0xff9ff06f)
core   0: 0x8000c378 (0x00004f17) auipc   t5, 0x4
core   0: 3 0x8000c378 (0x00004f17) x30 0x80010378
core   0: 0x8000c37c (0xc83f2423) sw      gp, -888(t5)
core   0: 3 0x8000c37c (0xc83f2423) mem 0x80010000 0x00000001
core   0: 0x8000c380 (0xff9ff06f) j       pc - 0x8
core   0: 3 0x8000c380 (0xff9ff06f)
core   0: 0x8000c378 (0x00004f17) auipc   t5, 0x4
core   0: 3 0x8000c378 (0x00004f17) x30 0x80010378
core   0: 0x8000c37c (0xc83f2423) sw      gp, -888(t5)
core   0: 3 0x8000c37c (0xc83f2423) mem 0x80010000 0x00000001
core   0: 0x8000c380 (0xff9ff06f) j       pc - 0x8
core   0: 3 0x8000c380 (0xff9ff06f)
core   0: 0x8000c378 (0x00004f17) auipc   t5, 0x4
core   0: 3 0x8000c378 (0x00004f17) x30 0x80010378
core   0: 0x8000c37c (0xc83f2423) sw      gp, -888(t5)
core   0: 3 0x8000c37c (0xc83f2423) mem 0x80010000 0x00000001
core   0: 0x8000c380 (0xff9ff06f) j       pc - 0x8
core   0: 3 0x8000c380 (0xff9ff06f)
core   0: 0x8000c378 (0x00004f17) auipc   t5, 0x4
core   0: 3 0x8000c378 (0x00004f17) x30 0x80010378
core   0: 0x8000c37c (0xc83f2423) sw      gp, -888(t5)
core   0: 3 0x8000c37c (0xc83f2423) mem 0x80010000 0x00000001
core   0: 0x8000c380 (0xff9ff06f) j       pc - 0x8
core   0: 3 0x8000c380 (0xff9ff06f)
core   0: 0x8000c378 (0x00004f17) auipc   t5, 0x4
core   0: 3 0x8000c378 (0x00004f17) x30 0x80010378
core   0: 0x8000c37c (0xc83f2423) sw      gp, -888(t5)
core   0: 3 0x8000c37c (0xc83f2423) mem 0x80010000 0x00000001
core   0: 0x8000c380 (0xff9ff06f) j       pc - 0x8
core   0: 3 0x8000c380 (0xff9ff06f)
core   0: 0x8000c378 (0x00004f17) auipc   t5, 0x4
core   0: 3 0x8000c378 (0x00004f17) x30 0x80010378
core   0: 0x8000c37c (0xc83f2423) sw      gp, -888(t5)
core   0: 3 0x8000c37c (0xc83f2423) mem 0x80010000 0x00000001
core   0: 0x8000c380 (0xff9ff06f) j       pc - 0x8
core   0: 3 0x8000c380 (0xff9ff06f)
core   0: 0x8000c378 (0x00004f17) auipc   t5, 0x4
core   0: 3 0x8000c378 (0x00004f17) x30 0x80010378
core   0: 0x8000c37c (0xc83f2423) sw      gp, -888(t5)
core   0: 3 0x8000c37c (0xc83f2423) mem 0x80010000 0x00000001
core   0: 0x8000c380 (0xff9ff06f) j       pc - 0x8
core   0: 3 0x8000c380 (0xff9ff06f)
core   0: 0x8000c378 (0x00004f17) auipc   t5, 0x4
core   0: 3 0x8000c378 (0x00004f17) x30 0x80010378
core   0: 0x8000c37c (0xc83f2423) sw      gp, -888(t5)
core   0: 3 0x8000c37c (0xc83f2423) mem 0x80010000 0x00000001
core   0: 0x8000c380 (0xff9ff06f) j       pc - 0x8
core   0: 3 0x8000c380 (0xff9ff06f)
core   0: 0x8000c378 (0x00004f17) auipc   t5, 0x4
core   0: 3 0x8000c378 (0x00004f17) x30 0x80010378
core   0: 0x8000c37c (0xc83f2423) sw      gp, -888(t5)
core   0: 3 0x8000c37c (0xc83f2423) mem 0x80010000 0x00000001
core   0: 0x8000c380 (0xff9ff06f) j       pc - 0x8
core   0: 3 0x8000c380 (0xff9ff06f)
core   0: 0x8000c378 (0x00004f17) auipc   t5, 0x4
core   0: 3 0x8000c378 (0x00004f17) x30 0x80010378
core   0: 0x8000c37c (0xc83f2423) sw      gp, -888(t5)
core   0: 3 0x8000c37c (0xc83f2423) mem 0x80010000 0x00000001
core   0: 0x8000c380 (0xff9ff06f) j       pc - 0x8
core   0: 3 0x8000c380 (0xff9ff06f)
core   0: 0x8000c378 (0x00004f17) auipc   t5, 0x4
core   0: 3 0x8000c378 (0x00004f17) x30 0x80010378
core   0: 0x8000c37c (0xc83f2423) sw      gp, -888(t5)
core   0: 3 0x8000c37c (0xc83f2423) mem 0x80010000 0x00000001
core   0: 0x8000c380 (0xff9ff06f) j       pc - 0x8
core   0: 3 0x8000c380 (0xff9ff06f)
core   0: 0x8000c378 (0x00004f17) auipc   t5, 0x4
core   0: 3 0x8000c378 (0x00004f17) x30 0x80010378
core   0: 0x8000c37c (0xc83f2423) sw      gp, -888(t5)
core   0: 3 0x8000c37c (0xc83f2423) mem 0x80010000 0x00000001
core   0: 0x8000c380 (0xff9ff06f) j       pc - 0x8
core   0: 3 0x8000c380 (0xff9ff06f)
core   0: 0x8000c378 (0x00004f17) auipc   t5, 0x4
core   0: 3 0x8000c378 (0x00004f17) x30 0x80010378
core   0: 0x8000c37c (0xc83f2423) sw      gp, -888(t5)
core   0: 3 0x8000c37c (0xc83f2423) mem 0x80010000 0x00000001
core   0: 0x8000c380 (0xff9ff06f) j       pc - 0x8
core   0: 3 0x8000c380 (0xff9ff06f)
core   0: 0x8000c378 (0x00004f17) auipc   t5, 0x4
core   0: 3 0x8000c378 (0x00004f17) x30 0x80010378
core   0: 0x8000c37c (0xc83f2423) sw      gp, -888(t5)
core   0: 3 0x8000c37c (0xc83f2423) mem 0x80010000 0x00000001
core   0: 0x8000c380 (0xff9ff06f) j       pc - 0x8
core   0: 3 0x8000c380 (0xff9ff06f)
core   0: 0x8000c378 (0x00004f17) auipc   t5, 0x4
core   0: 3 0x8000c378 (0x00004f17) x30 0x80010378
core   0: 0x8000c37c (0xc83f2423) sw      gp, -888(t5)
core   0: 3 0x8000c37c (0xc83f2423) mem 0x80010000 0x00000001
core   0: 0x8000c380 (0xff9ff06f) j       pc - 0x8
core   0: 3 0x8000c380 (0xff9ff06f)
core   0: 0x8000c378 (0x00004f17) auipc   t5, 0x4
core   0: 3 0x8000c378 (0x00004f17) x30 0x80010378
core   0: 0x8000c37c (0xc83f2423) sw      gp, -888(t5)
core   0: 3 0x8000c37c (0xc83f2423) mem 0x80010000 0x00000001
core   0: 0x8000c380 (0xff9ff06f) j       pc - 0x8
core   0: 3 0x8000c380 (0xff9ff06f)
core   0: 0x8000c378 (0x00004f17) auipc   t5, 0x4
core   0: 3 0x8000c378 (0x00004f17) x30 0x80010378
core   0: 0x8000c37c (0xc83f2423) sw      gp, -888(t5)
core   0: 3 0x8000c37c (0xc83f2423) mem 0x80010000 0x00000001
core   0: 0x8000c380 (0xff9ff06f) j       pc - 0x8
core   0: 3 0x8000c380 (0xff9ff06f)
core   0: 0x8000c378 (0x00004f17) auipc   t5, 0x4
core   0: 3 0x8000c378 (0x00004f17) x30 0x80010378
core   0: 0x8000c37c (0xc83f2423) sw      gp, -888(t5)
core   0: 3 0x8000c37c (0xc83f2423) mem 0x80010000 0x00000001
core   0: 0x8000c380 (0xff9ff06f) j       pc - 0x8
core   0: 3 0x8000c380 (0xff9ff06f)
core   0: 0x8000c378 (0x00004f17) auipc   t5, 0x4
core   0: 3 0x8000c378 (0x00004f17) x30 0x80010378
core   0: 0x8000c37c (0xc83f2423) sw      gp, -888(t5)
core   0: 3 0x8000c37c (0xc83f2423) mem 0x80010000 0x00000001
core   0: 0x8000c380 (0xff9ff06f) j       pc - 0x8
core   0: 3 0x8000c380 (0xff9ff06f)
core   0: 0x8000c378 (0x00004f17) auipc   t5, 0x4
core   0: 3 0x8000c378 (0x00004f17) x30 0x80010378
core   0: 0x8000c37c (0xc83f2423) sw      gp, -888(t5)
core   0: 3 0x8000c37c (0xc83f2423) mem 0x80010000 0x00000001
core   0: 0x8000c380 (0xff9ff06f) j       pc - 0x8
core   0: 3 0x8000c380 (0xff9ff06f)
core   0: 0x8000c378 (0x00004f17) auipc   t5, 0x4
core   0: 3 0x8000c378 (0x00004f17) x30 0x80010378
core   0: 0x8000c37c (0xc83f2423) sw      gp, -888(t5)
core   0: 3 0x8000c37c (0xc83f2423) mem 0x80010000 0x00000001
core   0: 0x8000c380 (0xff9ff06f) j       pc - 0x8
core   0: 3 0x8000c380 (0xff9ff06f)
core   0: 0x8000c378 (0x00004f17) auipc   t5, 0x4
core   0: 3 0x8000c378 (0x00004f17) x30 0x80010378
core   0: 0x8000c37c (0xc83f2423) sw      gp, -888(t5)
core   0: 3 0x8000c37c (0xc83f2423) mem 0x80010000 0x00000001
core   0: 0x8000c380 (0xff9ff06f) j       pc - 0x8
core   0: 3 0x8000c380 (0xff9ff06f)
core   0: 0x8000c378 (0x00004f17) auipc   t5, 0x4
core   0: 3 0x8000c378 (0x00004f17) x30 0x80010378
core   0: 0x8000c37c (0xc83f2423) sw      gp, -888(t5)
core   0: 3 0x8000c37c (0xc83f2423) mem 0x80010000 0x00000001
core   0: 0x8000c380 (0xff9ff06f) j       pc - 0x8
core   0: 3 0x8000c380 (0xff9ff06f)
core   0: 0x8000c378 (0x00004f17) auipc   t5, 0x4
core   0: 3 0x8000c378 (0x00004f17) x30 0x80010378
core   0: 0x8000c37c (0xc83f2423) sw      gp, -888(t5)
core   0: 3 0x8000c37c (0xc83f2423) mem 0x80010000 0x00000001
core   0: 0x8000c380 (0xff9ff06f) j       pc - 0x8
core   0: 3 0x8000c380 (0xff9ff06f)
core   0: 0x8000c378 (0x00004f17) auipc   t5, 0x4
core   0: 3 0x8000c378 (0x00004f17) x30 0x80010378
core   0: 0x8000c37c (0xc83f2423) sw      gp, -888(t5)
core   0: 3 0x8000c37c (0xc83f2423) mem 0x80010000 0x00000001
core   0: 0x8000c380 (0xff9ff06f) j       pc - 0x8
core   0: 3 0x8000c380 (0xff9ff06f)
core   0: 0x8000c378 (0x00004f17) auipc   t5, 0x4
core   0: 3 0x8000c378 (0x00004f17) x30 0x80010378
core   0: 0x8000c37c (0xc83f2423) sw      gp, -888(t5)
core   0: 3 0x8000c37c (0xc83f2423) mem 0x80010000 0x00000001
core   0: 0x8000c380 (0xff9ff06f) j       pc - 0x8
core   0: 3 0x8000c380 (0xff9ff06f)
core   0: 0x8000c378 (0x00004f17) auipc   t5, 0x4
core   0: 3 0x8000c378 (0x00004f17) x30 0x80010378
core   0: 0x8000c37c (0xc83f2423) sw      gp, -888(t5)
core   0: 3 0x8000c37c (0xc83f2423) mem 0x80010000 0x00000001
core   0: 0x8000c380 (0xff9ff06f) j       pc - 0x8
core   0: 3 0x8000c380 (0xff9ff06f)
core   0: 0x8000c378 (0x00004f17) auipc   t5, 0x4
core   0: 3 0x8000c378 (0x00004f17) x30 0x80010378
core   0: 0x8000c37c (0xc83f2423) sw      gp, -888(t5)
core   0: 3 0x8000c37c (0xc83f2423) mem 0x80010000 0x00000001
core   0: 0x8000c380 (0xff9ff06f) j       pc - 0x8
core   0: 3 0x8000c380 (0xff9ff06f)
core   0: 0x8000c378 (0x00004f17) auipc   t5, 0x4
core   0: 3 0x8000c378 (0x00004f17) x30 0x80010378
core   0: 0x8000c37c (0xc83f2423) sw      gp, -888(t5)
core   0: 3 0x8000c37c (0xc83f2423) mem 0x80010000 0x00000001
core   0: 0x8000c380 (0xff9ff06f) j       pc - 0x8
core   0: 3 0x8000c380 (0xff9ff06f)
core   0: 0x8000c378 (0x00004f17) auipc   t5, 0x4
core   0: 3 0x8000c378 (0x00004f17) x30 0x80010378
core   0: 0x8000c37c (0xc83f2423) sw      gp, -888(t5)
core   0: 3 0x8000c37c (0xc83f2423) mem 0x80010000 0x00000001
core   0: 0x8000c380 (0xff9ff06f) j       pc - 0x8
core   0: 3 0x8000c380 (0xff9ff06f)
core   0: 0x8000c378 (0x00004f17) auipc   t5, 0x4
core   0: 3 0x8000c378 (0x00004f17) x30 0x80010378
core   0: 0x8000c37c (0xc83f2423) sw      gp, -888(t5)
core   0: 3 0x8000c37c (0xc83f2423) mem 0x80010000 0x00000001
core   0: 0x8000c380 (0xff9ff06f) j       pc - 0x8
core   0: 3 0x8000c380 (0xff9ff06f)
core   0: 0x8000c378 (0x00004f17) auipc   t5, 0x4
core   0: 3 0x8000c378 (0x00004f17) x30 0x80010378
core   0: 0x8000c37c (0xc83f2423) sw      gp, -888(t5)
core   0: 3 0x8000c37c (0xc83f2423) mem 0x80010000 0x00000001
core   0: 0x8000c380 (0xff9ff06f) j       pc - 0x8
core   0: 3 0x8000c380 (0xff9ff06f)
core   0: 0x8000c378 (0x00004f17) auipc   t5, 0x4
core   0: 3 0x8000c378 (0x00004f17) x30 0x80010378
core   0: 0x8000c37c (0xc83f2423) sw      gp, -888(t5)
core   0: 3 0x8000c37c (0xc83f2423) mem 0x80010000 0x00000001
core   0: 0x8000c380 (0xff9ff06f) j       pc - 0x8
core   0: 3 0x8000c380 (0xff9ff06f)
core   0: 0x8000c378 (0x00004f17) auipc   t5, 0x4
core   0: 3 0x8000c378 (0x00004f17) x30 0x80010378
core   0: 0x8000c37c (0xc83f2423) sw      gp, -888(t5)
core   0: 3 0x8000c37c (0xc83f2423) mem 0x80010000 0x00000001
core   0: 0x8000c380 (0xff9ff06f) j       pc - 0x8
core   0: 3 0x8000c380 (0xff9ff06f)
core   0: 0x8000c378 (0x00004f17) auipc   t5, 0x4
core   0: 3 0x8000c378 (0x00004f17) x30 0x80010378
core   0: 0x8000c37c (0xc83f2423) sw      gp, -888(t5)
core   0: 3 0x8000c37c (0xc83f2423) mem 0x80010000 0x00000001
core   0: 0x8000c380 (0xff9ff06f) j       pc - 0x8
core   0: 3 0x8000c380 (0xff9ff06f)
core   0: 0x8000c378 (0x00004f17) auipc   t5, 0x4
core   0: 3 0x8000c378 (0x00004f17) x30 0x80010378
core   0: 0x8000c37c (0xc83f2423) sw      gp, -888(t5)
core   0: 3 0x8000c37c (0xc83f2423) mem 0x80010000 0x00000001
core   0: 0x8000c380 (0xff9ff06f) j       pc - 0x8
core   0: 3 0x8000c380 (0xff9ff06f)
core   0: 0x8000c378 (0x00004f17) auipc   t5, 0x4
core   0: 3 0x8000c378 (0x00004f17) x30 0x80010378
core   0: 0x8000c37c (0xc83f2423) sw      gp, -888(t5)
core   0: 3 0x8000c37c (0xc83f2423) mem 0x80010000 0x00000001
core   0: 0x8000c380 (0xff9ff06f) j       pc - 0x8
core   0: 3 0x8000c380 (0xff9ff06f)
core   0: 0x8000c378 (0x00004f17) auipc   t5, 0x4
core   0: 3 0x8000c378 (0x00004f17) x30 0x80010378
core   0: 0x8000c37c (0xc83f2423) sw      gp, -888(t5)
core   0: 3 0x8000c37c (0xc83f2423) mem 0x80010000 0x00000001
core   0: 0x8000c380 (0xff9ff06f) j       pc - 0x8
core   0: 3 0x8000c380 (0xff9ff06f)
core   0: 0x8000c378 (0x00004f17) auipc   t5, 0x4
core   0: 3 0x8000c378 (0x00004f17) x30 0x80010378
core   0: 0x8000c37c (0xc83f2423) sw      gp, -888(t5)
core   0: 3 0x8000c37c (0xc83f2423) mem 0x80010000 0x00000001
core   0: 0x8000c380 (0xff9ff06f) j       pc - 0x8
core   0: 3 0x8000c380 (0xff9ff06f)
core   0: 0x8000c378 (0x00004f17) auipc   t5, 0x4
core   0: 3 0x8000c378 (0x00004f17) x30 0x80010378
core   0: 0x8000c37c (0xc83f2423) sw      gp, -888(t5)
core   0: 3 0x8000c37c (0xc83f2423) mem 0x80010000 0x00000001
core   0: 0x8000c380 (0xff9ff06f) j       pc - 0x8
core   0: 3 0x8000c380 (0xff9ff06f)
core   0: 0x8000c378 (0x00004f17) auipc   t5, 0x4
core   0: 3 0x8000c378 (0x00004f17) x30 0x80010378
core   0: 0x8000c37c (0xc83f2423) sw      gp, -888(t5)
core   0: 3 0x8000c37c (0xc83f2423) mem 0x80010000 0x00000001
core   0: 0x8000c380 (0xff9ff06f) j       pc - 0x8
core   0: 3 0x8000c380 (0xff9ff06f)
core   0: 0x8000c378 (0x00004f17) auipc   t5, 0x4
core   0: 3 0x8000c378 (0x00004f17) x30 0x80010378
core   0: 0x8000c37c (0xc83f2423) sw      gp, -888(t5)
core   0: 3 0x8000c37c (0xc83f2423) mem 0x80010000 0x00000001
core   0: 0x8000c380 (0xff9ff06f) j       pc - 0x8
core   0: 3 0x8000c380 (0xff9ff06f)
core   0: 0x8000c378 (0x00004f17) auipc   t5, 0x4
core   0: 3 0x8000c378 (0x00004f17) x30 0x80010378
core   0: 0x8000c37c (0xc83f2423) sw      gp, -888(t5)
core   0: 3 0x8000c37c (0xc83f2423) mem 0x80010000 0x00000001
core   0: 0x8000c380 (0xff9ff06f) j       pc - 0x8
core   0: 3 0x8000c380 (0xff9ff06f)
core   0: 0x8000c378 (0x00004f17) auipc   t5, 0x4
core   0: 3 0x8000c378 (0x00004f17) x30 0x80010378
core   0: 0x8000c37c (0xc83f2423) sw      gp, -888(t5)
core   0: 3 0x8000c37c (0xc83f2423) mem 0x80010000 0x00000001
core   0: 0x8000c380 (0xff9ff06f) j       pc - 0x8
core   0: 3 0x8000c380 (0xff9ff06f)
core   0: 0x8000c378 (0x00004f17) auipc   t5, 0x4
core   0: 3 0x8000c378 (0x00004f17) x30 0x80010378
core   0: 0x8000c37c (0xc83f2423) sw      gp, -888(t5)
core   0: 3 0x8000c37c (0xc83f2423) mem 0x80010000 0x00000001
core   0: 0x8000c380 (0xff9ff06f) j       pc - 0x8
core   0: 3 0x8000c380 (0xff9ff06f)
core   0: 0x8000c378 (0x00004f17) auipc   t5, 0x4
core   0: 3 0x8000c378 (0x00004f17) x30 0x80010378
core   0: 0x8000c37c (0xc83f2423) sw      gp, -888(t5)
core   0: 3 0x8000c37c (0xc83f2423) mem 0x80010000 0x00000001
core   0: 0x8000c380 (0xff9ff06f) j       pc - 0x8
core   0: 3 0x8000c380 (0xff9ff06f)
core   0: 0x8000c378 (0x00004f17) auipc   t5, 0x4
core   0: 3 0x8000c378 (0x00004f17) x30 0x80010378
core   0: 0x8000c37c (0xc83f2423) sw      gp, -888(t5)
core   0: 3 0x8000c37c (0xc83f2423) mem 0x80010000 0x00000001
core   0: 0x8000c380 (0xff9ff06f) j       pc - 0x8
core   0: 3 0x8000c380 (0xff9ff06f)
core   0: 0x8000c378 (0x00004f17) auipc   t5, 0x4
core   0: 3 0x8000c378 (0x00004f17) x30 0x80010378
core   0: 0x8000c37c (0xc83f2423) sw      gp, -888(t5)
core   0: 3 0x8000c37c (0xc83f2423) mem 0x80010000 0x00000001
core   0: 0x8000c380 (0xff9ff06f) j       pc - 0x8
core   0: 3 0x8000c380 (0xff9ff06f)
core   0: 0x8000c378 (0x00004f17) auipc   t5, 0x4
core   0: 3 0x8000c378 (0x00004f17) x30 0x80010378
core   0: 0x8000c37c (0xc83f2423) sw      gp, -888(t5)
core   0: 3 0x8000c37c (0xc83f2423) mem 0x80010000 0x00000001
core   0: 0x8000c380 (0xff9ff06f) j       pc - 0x8
core   0: 3 0x8000c380 (0xff9ff06f)
core   0: 0x8000c378 (0x00004f17) auipc   t5, 0x4
core   0: 3 0x8000c378 (0x00004f17) x30 0x80010378
core   0: 0x8000c37c (0xc83f2423) sw      gp, -888(t5)
core   0: 3 0x8000c37c (0xc83f2423) mem 0x80010000 0x00000001
core   0: 0x8000c380 (0xff9ff06f) j       pc - 0x8
core   0: 3 0x8000c380 (0xff9ff06f)
core   0: 0x8000c378 (0x00004f17) auipc   t5, 0x4
core   0: 3 0x8000c378 (0x00004f17) x30 0x80010378
core   0: 0x8000c37c (0xc83f2423) sw      gp, -888(t5)
core   0: 3 0x8000c37c (0xc83f2423) mem 0x80010000 0x00000001
core   0: 0x8000c380 (0xff9ff06f) j       pc - 0x8
core   0: 3 0x8000c380 (0xff9ff06f)
core   0: 0x8000c378 (0x00004f17) auipc   t5, 0x4
core   0: 3 0x8000c378 (0x00004f17) x30 0x80010378
core   0: 0x8000c37c (0xc83f2423) sw      gp, -888(t5)
core   0: 3 0x8000c37c (0xc83f2423) mem 0x80010000 0x00000001
core   0: 0x8000c380 (0xff9ff06f) j       pc - 0x8
core   0: 3 0x8000c380 (0xff9ff06f)
core   0: 0x8000c378 (0x00004f17) auipc   t5, 0x4
core   0: 3 0x8000c378 (0x00004f17) x30 0x80010378
core   0: 0x8000c37c (0xc83f2423) sw      gp, -888(t5)
core   0: 3 0x8000c37c (0xc83f2423) mem 0x80010000 0x00000001
core   0: 0x8000c380 (0xff9ff06f) j       pc - 0x8
core   0: 3 0x8000c380 (0xff9ff06f)
core   0: 0x8000c378 (0x00004f17) auipc   t5, 0x4
core   0: 3 0x8000c378 (0x00004f17) x30 0x80010378
core   0: 0x8000c37c (0xc83f2423) sw      gp, -888(t5)
core   0: 3 0x8000c37c (0xc83f2423) mem 0x80010000 0x00000001
core   0: 0x8000c380 (0xff9ff06f) j       pc - 0x8
core   0: 3 0x8000c380 (0xff9ff06f)
core   0: 0x8000c378 (0x00004f17) auipc   t5, 0x4
core   0: 3 0x8000c378 (0x00004f17) x30 0x80010378
core   0: 0x8000c37c (0xc83f2423) sw      gp, -888(t5)
core   0: 3 0x8000c37c (0xc83f2423) mem 0x80010000 0x00000001
core   0: 0x8000c380 (0xff9ff06f) j       pc - 0x8
core   0: 3 0x8000c380 (0xff9ff06f)
core   0: 0x8000c378 (0x00004f17) auipc   t5, 0x4
core   0: 3 0x8000c378 (0x00004f17) x30 0x80010378
core   0: 0x8000c37c (0xc83f2423) sw      gp, -888(t5)
core   0: 3 0x8000c37c (0xc83f2423) mem 0x80010000 0x00000001
core   0: 0x8000c380 (0xff9ff06f) j       pc - 0x8
core   0: 3 0x8000c380 (0xff9ff06f)
core   0: 0x8000c378 (0x00004f17) auipc   t5, 0x4
core   0: 3 0x8000c378 (0x00004f17) x30 0x80010378
core   0: 0x8000c37c (0xc83f2423) sw      gp, -888(t5)
core   0: 3 0x8000c37c (0xc83f2423) mem 0x80010000 0x00000001
core   0: 0x8000c380 (0xff9ff06f) j       pc - 0x8
core   0: 3 0x8000c380 (0xff9ff06f)
core   0: 0x8000c378 (0x00004f17) auipc   t5, 0x4
core   0: 3 0x8000c378 (0x00004f17) x30 0x80010378
core   0: 0x8000c37c (0xc83f2423) sw      gp, -888(t5)
core   0: 3 0x8000c37c (0xc83f2423) mem 0x80010000 0x00000001
core   0: 0x8000c380 (0xff9ff06f) j       pc - 0x8
core   0: 3 0x8000c380 (0xff9ff06f)
core   0: 0x8000c378 (0x00004f17) auipc   t5, 0x4
core   0: 3 0x8000c378 (0x00004f17) x30 0x80010378
core   0: 0x8000c37c (0xc83f2423) sw      gp, -888(t5)
core   0: 3 0x8000c37c (0xc83f2423) mem 0x80010000 0x00000001
core   0: 0x8000c380 (0xff9ff06f) j       pc - 0x8
core   0: 3 0x8000c380 (0xff9ff06f)
core   0: 0x8000c378 (0x00004f17) auipc   t5, 0x4
core   0: 3 0x8000c378 (0x00004f17) x30 0x80010378
core   0: 0x8000c37c (0xc83f2423) sw      gp, -888(t5)
core   0: 3 0x8000c37c (0xc83f2423) mem 0x80010000 0x00000001
core   0: 0x8000c380 (0xff9ff06f) j       pc - 0x8
core   0: 3 0x8000c380 (0xff9ff06f)
core   0: 0x8000c378 (0x00004f17) auipc   t5, 0x4
core   0: 3 0x8000c378 (0x00004f17) x30 0x80010378
core   0: 0x8000c37c (0xc83f2423) sw      gp, -888(t5)
core   0: 3 0x8000c37c (0xc83f2423) mem 0x80010000 0x00000001
core   0: 0x8000c380 (0xff9ff06f) j       pc - 0x8
core   0: 3 0x8000c380 (0xff9ff06f)
core   0: 0x8000c378 (0x00004f17) auipc   t5, 0x4
core   0: 3 0x8000c378 (0x00004f17) x30 0x80010378
core   0: 0x8000c37c (0xc83f2423) sw      gp, -888(t5)
core   0: 3 0x8000c37c (0xc83f2423) mem 0x80010000 0x00000001
core   0: 0x8000c380 (0xff9ff06f) j       pc - 0x8
core   0: 3 0x8000c380 (0xff9ff06f)
core   0: 0x8000c378 (0x00004f17) auipc   t5, 0x4
core   0: 3 0x8000c378 (0x00004f17) x30 0x80010378
core   0: 0x8000c37c (0xc83f2423) sw      gp, -888(t5)
core   0: 3 0x8000c37c (0xc83f2423) mem 0x80010000 0x00000001
core   0: 0x8000c380 (0xff9ff06f) j       pc - 0x8
core   0: 3 0x8000c380 (0xff9ff06f)
core   0: 0x8000c378 (0x00004f17) auipc   t5, 0x4
core   0: 3 0x8000c378 (0x00004f17) x30 0x80010378
core   0: 0x8000c37c (0xc83f2423) sw      gp, -888(t5)
core   0: 3 0x8000c37c (0xc83f2423) mem 0x80010000 0x00000001
core   0: 0x8000c380 (0xff9ff06f) j       pc - 0x8
core   0: 3 0x8000c380 (0xff9ff06f)
core   0: 0x8000c378 (0x00004f17) auipc   t5, 0x4
core   0: 3 0x8000c378 (0x00004f17) x30 0x80010378
core   0: 0x8000c37c (0xc83f2423) sw      gp, -888(t5)
core   0: 3 0x8000c37c (0xc83f2423) mem 0x80010000 0x00000001
core   0: 0x8000c380 (0xff9ff06f) j       pc - 0x8
core   0: 3 0x8000c380 (0xff9ff06f)
core   0: 0x8000c378 (0x00004f17) auipc   t5, 0x4
core   0: 3 0x8000c378 (0x00004f17) x30 0x80010378
core   0: 0x8000c37c (0xc83f2423) sw      gp, -888(t5)
core   0: 3 0x8000c37c (0xc83f2423) mem 0x80010000 0x00000001
core   0: 0x8000c380 (0xff9ff06f) j       pc - 0x8
core   0: 3 0x8000c380 (0xff9ff06f)
core   0: 0x8000c378 (0x00004f17) auipc   t5, 0x4
core   0: 3 0x8000c378 (0x00004f17) x30 0x80010378
core   0: 0x8000c37c (0xc83f2423) sw      gp, -888(t5)
core   0: 3 0x8000c37c (0xc83f2423) mem 0x80010000 0x00000001
core   0: 0x8000c380 (0xff9ff06f) j       pc - 0x8
core   0: 3 0x8000c380 (0xff9ff06f)
core   0: 0x8000c378 (0x00004f17) auipc   t5, 0x4
core   0: 3 0x8000c378 (0x00004f17) x30 0x80010378
core   0: 0x8000c37c (0xc83f2423) sw      gp, -888(t5)
core   0: 3 0x8000c37c (0xc83f2423) mem 0x80010000 0x00000001
core   0: 0x8000c380 (0xff9ff06f) j       pc - 0x8
core   0: 3 0x8000c380 (0xff9ff06f)
core   0: 0x8000c378 (0x00004f17) auipc   t5, 0x4
core   0: 3 0x8000c378 (0x00004f17) x30 0x80010378
core   0: 0x8000c37c (0xc83f2423) sw      gp, -888(t5)
core   0: 3 0x8000c37c (0xc83f2423) mem 0x80010000 0x00000001
core   0: 0x8000c380 (0xff9ff06f) j       pc - 0x8
core   0: 3 0x8000c380 (0xff9ff06f)
core   0: 0x8000c378 (0x00004f17) auipc   t5, 0x4
core   0: 3 0x8000c378 (0x00004f17) x30 0x80010378
core   0: 0x8000c37c (0xc83f2423) sw      gp, -888(t5)
core   0: 3 0x8000c37c (0xc83f2423) mem 0x80010000 0x00000001
core   0: 0x8000c380 (0xff9ff06f) j       pc - 0x8
core   0: 3 0x8000c380 (0xff9ff06f)
core   0: 0x8000c378 (0x00004f17) auipc   t5, 0x4
core   0: 3 0x8000c378 (0x00004f17) x30 0x80010378
core   0: 0x8000c37c (0xc83f2423) sw      gp, -888(t5)
core   0: 3 0x8000c37c (0xc83f2423) mem 0x80010000 0x00000001
core   0: 0x8000c380 (0xff9ff06f) j       pc - 0x8
core   0: 3 0x8000c380 (0xff9ff06f)
core   0: 0x8000c378 (0x00004f17) auipc   t5, 0x4
core   0: 3 0x8000c378 (0x00004f17) x30 0x80010378
core   0: 0x8000c37c (0xc83f2423) sw      gp, -888(t5)
core   0: 3 0x8000c37c (0xc83f2423) mem 0x80010000 0x00000001
core   0: 0x8000c380 (0xff9ff06f) j       pc - 0x8
core   0: 3 0x8000c380 (0xff9ff06f)
core   0: 0x8000c378 (0x00004f17) auipc   t5, 0x4
core   0: 3 0x8000c378 (0x00004f17) x30 0x80010378
core   0: 0x8000c37c (0xc83f2423) sw      gp, -888(t5)
core   0: 3 0x8000c37c (0xc83f2423) mem 0x80010000 0x00000001
core   0: 0x8000c380 (0xff9ff06f) j       pc - 0x8
core   0: 3 0x8000c380 (0xff9ff06f)
core   0: 0x8000c378 (0x00004f17) auipc   t5, 0x4
core   0: 3 0x8000c378 (0x00004f17) x30 0x80010378
core   0: 0x8000c37c (0xc83f2423) sw      gp, -888(t5)
core   0: 3 0x8000c37c (0xc83f2423) mem 0x80010000 0x00000001
core   0: 0x8000c380 (0xff9ff06f) j       pc - 0x8
core   0: 3 0x8000c380 (0xff9ff06f)
core   0: 0x8000c378 (0x00004f17) auipc   t5, 0x4
core   0: 3 0x8000c378 (0x00004f17) x30 0x80010378
core   0: 0x8000c37c (0xc83f2423) sw      gp, -888(t5)
core   0: 3 0x8000c37c (0xc83f2423) mem 0x80010000 0x00000001
core   0: 0x8000c380 (0xff9ff06f) j       pc - 0x8
core   0: 3 0x8000c380 (0xff9ff06f)
core   0: 0x8000c378 (0x00004f17) auipc   t5, 0x4
core   0: 3 0x8000c378 (0x00004f17) x30 0x80010378
core   0: 0x8000c37c (0xc83f2423) sw      gp, -888(t5)
core   0: 3 0x8000c37c (0xc83f2423) mem 0x80010000 0x00000001
core   0: 0x8000c380 (0xff9ff06f) j       pc - 0x8
core   0: 3 0x8000c380 (0xff9ff06f)
core   0: 0x8000c378 (0x00004f17) auipc   t5, 0x4
core   0: 3 0x8000c378 (0x00004f17) x30 0x80010378
core   0: 0x8000c37c (0xc83f2423) sw      gp, -888(t5)
core   0: 3 0x8000c37c (0xc83f2423) mem 0x80010000 0x00000001
core   0: 0x8000c380 (0xff9ff06f) j       pc - 0x8
core   0: 3 0x8000c380 (0xff9ff06f)
core   0: 0x8000c378 (0x00004f17) auipc   t5, 0x4
core   0: 3 0x8000c378 (0x00004f17) x30 0x80010378
core   0: 0x8000c37c (0xc83f2423) sw      gp, -888(t5)
core   0: 3 0x8000c37c (0xc83f2423) mem 0x80010000 0x00000001
core   0: 0x8000c380 (0xff9ff06f) j       pc - 0x8
core   0: 3 0x8000c380 (0xff9ff06f)
core   0: 0x8000c378 (0x00004f17) auipc   t5, 0x4
core   0: 3 0x8000c378 (0x00004f17) x30 0x80010378
core   0: 0x8000c37c (0xc83f2423) sw      gp, -888(t5)
core   0: 3 0x8000c37c (0xc83f2423) mem 0x80010000 0x00000001
core   0: 0x8000c380 (0xff9ff06f) j       pc - 0x8
core   0: 3 0x8000c380 (0xff9ff06f)
core   0: 0x8000c378 (0x00004f17) auipc   t5, 0x4
core   0: 3 0x8000c378 (0x00004f17) x30 0x80010378
core   0: 0x8000c37c (0xc83f2423) sw      gp, -888(t5)
core   0: 3 0x8000c37c (0xc83f2423) mem 0x80010000 0x00000001
core   0: 0x8000c380 (0xff9ff06f) j       pc - 0x8
core   0: 3 0x8000c380 (0xff9ff06f)
core   0: 0x8000c378 (0x00004f17) auipc   t5, 0x4
core   0: 3 0x8000c378 (0x00004f17) x30 0x80010378
core   0: 0x8000c37c (0xc83f2423) sw      gp, -888(t5)
core   0: 3 0x8000c37c (0xc83f2423) mem 0x80010000 0x00000001
core   0: 0x8000c380 (0xff9ff06f) j       pc - 0x8
core   0: 3 0x8000c380 (0xff9ff06f)
core   0: 0x8000c378 (0x00004f17) auipc   t5, 0x4
core   0: 3 0x8000c378 (0x00004f17) x30 0x80010378
core   0: 0x8000c37c (0xc83f2423) sw      gp, -888(t5)
core   0: 3 0x8000c37c (0xc83f2423) mem 0x80010000 0x00000001
core   0: 0x8000c380 (0xff9ff06f) j       pc - 0x8
core   0: 3 0x8000c380 (0xff9ff06f)
core   0: 0x8000c378 (0x00004f17) auipc   t5, 0x4
core   0: 3 0x8000c378 (0x00004f17) x30 0x80010378
core   0: 0x8000c37c (0xc83f2423) sw      gp, -888(t5)
core   0: 3 0x8000c37c (0xc83f2423) mem 0x80010000 0x00000001
core   0: 0x8000c380 (0xff9ff06f) j       pc - 0x8
core   0: 3 0x8000c380 (0xff9ff06f)
core   0: 0x8000c378 (0x00004f17) auipc   t5, 0x4
core   0: 3 0x8000c378 (0x00004f17) x30 0x80010378
core   0: 0x8000c37c (0xc83f2423) sw      gp, -888(t5)
core   0: 3 0x8000c37c (0xc83f2423) mem 0x80010000 0x00000001
core   0: 0x8000c380 (0xff9ff06f) j       pc - 0x8
core   0: 3 0x8000c380 (0xff9ff06f)
core   0: 0x8000c378 (0x00004f17) auipc   t5, 0x4
core   0: 3 0x8000c378 (0x00004f17) x30 0x80010378
core   0: 0x8000c37c (0xc83f2423) sw      gp, -888(t5)
core   0: 3 0x8000c37c (0xc83f2423) mem 0x80010000 0x00000001
core   0: 0x8000c380 (0xff9ff06f) j       pc - 0x8
core   0: 3 0x8000c380 (0xff9ff06f)
core   0: 0x8000c378 (0x00004f17) auipc   t5, 0x4
core   0: 3 0x8000c378 (0x00004f17) x30 0x80010378
core   0: 0x8000c37c (0xc83f2423) sw      gp, -888(t5)
core   0: 3 0x8000c37c (0xc83f2423) mem 0x80010000 0x00000001
core   0: 0x8000c380 (0xff9ff06f) j       pc - 0x8
core   0: 3 0x8000c380 (0xff9ff06f)
core   0: 0x8000c378 (0x00004f17) auipc   t5, 0x4
core   0: 3 0x8000c378 (0x00004f17) x30 0x80010378
core   0: 0x8000c37c (0xc83f2423) sw      gp, -888(t5)
core   0: 3 0x8000c37c (0xc83f2423) mem 0x80010000 0x00000001
core   0: 0x8000c380 (0xff9ff06f) j       pc - 0x8
core   0: 3 0x8000c380 (0xff9ff06f)
core   0: 0x8000c378 (0x00004f17) auipc   t5, 0x4
core   0: 3 0x8000c378 (0x00004f17) x30 0x80010378
core   0: 0x8000c37c (0xc83f2423) sw      gp, -888(t5)
core   0: 3 0x8000c37c (0xc83f2423) mem 0x80010000 0x00000001
core   0: 0x8000c380 (0xff9ff06f) j       pc - 0x8
core   0: 3 0x8000c380 (0xff9ff06f)
core   0: 0x8000c378 (0x00004f17) auipc   t5, 0x4
core   0: 3 0x8000c378 (0x00004f17) x30 0x80010378
core   0: 0x8000c37c (0xc83f2423) sw      gp, -888(t5)
core   0: 3 0x8000c37c (0xc83f2423) mem 0x80010000 0x00000001
core   0: 0x8000c380 (0xff9ff06f) j       pc - 0x8
core   0: 3 0x8000c380 (0xff9ff06f)
core   0: 0x8000c378 (0x00004f17) auipc   t5, 0x4
core   0: 3 0x8000c378 (0x00004f17) x30 0x80010378
core   0: 0x8000c37c (0xc83f2423) sw      gp, -888(t5)
core   0: 3 0x8000c37c (0xc83f2423) mem 0x80010000 0x00000001
core   0: 0x8000c380 (0xff9ff06f) j       pc - 0x8
core   0: 3 0x8000c380 (0xff9ff06f)
core   0: 0x8000c378 (0x00004f17) auipc   t5, 0x4
core   0: 3 0x8000c378 (0x00004f17) x30 0x80010378
core   0: 0x8000c37c (0xc83f2423) sw      gp, -888(t5)
core   0: 3 0x8000c37c (0xc83f2423) mem 0x80010000 0x00000001
core   0: 0x8000c380 (0xff9ff06f) j       pc - 0x8
core   0: 3 0x8000c380 (0xff9ff06f)
core   0: 0x8000c378 (0x00004f17) auipc   t5, 0x4
core   0: 3 0x8000c378 (0x00004f17) x30 0x80010378
core   0: 0x8000c37c (0xc83f2423) sw      gp, -888(t5)
core   0: 3 0x8000c37c (0xc83f2423) mem 0x80010000 0x00000001
core   0: 0x8000c380 (0xff9ff06f) j       pc - 0x8
core   0: 3 0x8000c380 (0xff9ff06f)
core   0: 0x8000c378 (0x00004f17) auipc   t5, 0x4
core   0: 3 0x8000c378 (0x00004f17) x30 0x80010378
core   0: 0x8000c37c (0xc83f2423) sw      gp, -888(t5)
core   0: 3 0x8000c37c (0xc83f2423) mem 0x80010000 0x00000001
core   0: 0x8000c380 (0xff9ff06f) j       pc - 0x8
core   0: 3 0x8000c380 (0xff9ff06f)
core   0: 0x8000c378 (0x00004f17) auipc   t5, 0x4
core   0: 3 0x8000c378 (0x00004f17) x30 0x80010378
core   0: 0x8000c37c (0xc83f2423) sw      gp, -888(t5)
core   0: 3 0x8000c37c (0xc83f2423) mem 0x80010000 0x00000001
core   0: 0x8000c380 (0xff9ff06f) j       pc - 0x8
core   0: 3 0x8000c380 (0xff9ff06f)
core   0: 0x8000c378 (0x00004f17) auipc   t5, 0x4
core   0: 3 0x8000c378 (0x00004f17) x30 0x80010378
core   0: 0x8000c37c (0xc83f2423) sw      gp, -888(t5)
core   0: 3 0x8000c37c (0xc83f2423) mem 0x80010000 0x00000001
core   0: 0x8000c380 (0xff9ff06f) j       pc - 0x8
core   0: 3 0x8000c380 (0xff9ff06f)
core   0: 0x8000c378 (0x00004f17) auipc   t5, 0x4
core   0: 3 0x8000c378 (0x00004f17) x30 0x80010378
core   0: 0x8000c37c (0xc83f2423) sw      gp, -888(t5)
core   0: 3 0x8000c37c (0xc83f2423) mem 0x80010000 0x00000001
core   0: 0x8000c380 (0xff9ff06f) j       pc - 0x8
core   0: 3 0x8000c380 (0xff9ff06f)
core   0: 0x8000c378 (0x00004f17) auipc   t5, 0x4
core   0: 3 0x8000c378 (0x00004f17) x30 0x80010378
core   0: 0x8000c37c (0xc83f2423) sw      gp, -888(t5)
core   0: 3 0x8000c37c (0xc83f2423) mem 0x80010000 0x00000001
core   0: 0x8000c380 (0xff9ff06f) j       pc - 0x8
core   0: 3 0x8000c380 (0xff9ff06f)
core   0: 0x8000c378 (0x00004f17) auipc   t5, 0x4
core   0: 3 0x8000c378 (0x00004f17) x30 0x80010378
core   0: 0x8000c37c (0xc83f2423) sw      gp, -888(t5)
core   0: 3 0x8000c37c (0xc83f2423) mem 0x80010000 0x00000001
core   0: 0x8000c380 (0xff9ff06f) j       pc - 0x8
core   0: 3 0x8000c380 (0xff9ff06f)
core   0: 0x8000c378 (0x00004f17) auipc   t5, 0x4
core   0: 3 0x8000c378 (0x00004f17) x30 0x80010378
core   0: 0x8000c37c (0xc83f2423) sw      gp, -888(t5)
core   0: 3 0x8000c37c (0xc83f2423) mem 0x80010000 0x00000001
core   0: 0x8000c380 (0xff9ff06f) j       pc - 0x8
core   0: 3 0x8000c380 (0xff9ff06f)
core   0: 0x8000c378 (0x00004f17) auipc   t5, 0x4
core   0: 3 0x8000c378 (0x00004f17) x30 0x80010378
core   0: 0x8000c37c (0xc83f2423) sw      gp, -888(t5)
core   0: 3 0x8000c37c (0xc83f2423) mem 0x80010000 0x00000001
core   0: 0x8000c380 (0xff9ff06f) j       pc - 0x8
core   0: 3 0x8000c380 (0xff9ff06f)
core   0: 0x8000c378 (0x00004f17) auipc   t5, 0x4
core   0: 3 0x8000c378 (0x00004f17) x30 0x80010378
core   0: 0x8000c37c (0xc83f2423) sw      gp, -888(t5)
core   0: 3 0x8000c37c (0xc83f2423) mem 0x80010000 0x00000001
core   0: 0x8000c380 (0xff9ff06f) j       pc - 0x8
core   0: 3 0x8000c380 (0xff9ff06f)
core   0: 0x8000c378 (0x00004f17) auipc   t5, 0x4
core   0: 3 0x8000c378 (0x00004f17) x30 0x80010378
core   0: 0x8000c37c (0xc83f2423) sw      gp, -888(t5)
core   0: 3 0x8000c37c (0xc83f2423) mem 0x80010000 0x00000001
core   0: 0x8000c380 (0xff9ff06f) j       pc - 0x8
core   0: 3 0x8000c380 (0xff9ff06f)
core   0: 0x8000c378 (0x00004f17) auipc   t5, 0x4
core   0: 3 0x8000c378 (0x00004f17) x30 0x80010378
core   0: 0x8000c37c (0xc83f2423) sw      gp, -888(t5)
core   0: 3 0x8000c37c (0xc83f2423) mem 0x80010000 0x00000001
core   0: 0x8000c380 (0xff9ff06f) j       pc - 0x8
core   0: 3 0x8000c380 (0xff9ff06f)
core   0: 0x8000c378 (0x00004f17) auipc   t5, 0x4
core   0: 3 0x8000c378 (0x00004f17) x30 0x80010378
core   0: 0x8000c37c (0xc83f2423) sw      gp, -888(t5)
core   0: 3 0x8000c37c (0xc83f2423) mem 0x80010000 0x00000001
core   0: 0x8000c380 (0xff9ff06f) j       pc - 0x8
core   0: 3 0x8000c380 (0xff9ff06f)
core   0: 0x8000c378 (0x00004f17) auipc   t5, 0x4
core   0: 3 0x8000c378 (0x00004f17) x30 0x80010378
core   0: 0x8000c37c (0xc83f2423) sw      gp, -888(t5)
core   0: 3 0x8000c37c (0xc83f2423) mem 0x80010000 0x00000001
core   0: 0x8000c380 (0xff9ff06f) j       pc - 0x8
core   0: 3 0x8000c380 (0xff9ff06f)
core   0: 0x8000c378 (0x00004f17) auipc   t5, 0x4
core   0: 3 0x8000c378 (0x00004f17) x30 0x80010378
core   0: 0x8000c37c (0xc83f2423) sw      gp, -888(t5)
core   0: 3 0x8000c37c (0xc83f2423) mem 0x80010000 0x00000001
core   0: 0x8000c380 (0xff9ff06f) j       pc - 0x8
core   0: 3 0x8000c380 (0xff9ff06f)
core   0: 0x8000c378 (0x00004f17) auipc   t5, 0x4
core   0: 3 0x8000c378 (0x00004f17) x30 0x80010378
core   0: 0x8000c37c (0xc83f2423) sw      gp, -888(t5)
core   0: 3 0x8000c37c (0xc83f2423) mem 0x80010000 0x00000001
core   0: 0x8000c380 (0xff9ff06f) j       pc - 0x8
core   0: 3 0x8000c380 (0xff9ff06f)
core   0: 0x8000c378 (0x00004f17) auipc   t5, 0x4
core   0: 3 0x8000c378 (0x00004f17) x30 0x80010378
core   0: 0x8000c37c (0xc83f2423) sw      gp, -888(t5)
core   0: 3 0x8000c37c (0xc83f2423) mem 0x80010000 0x00000001
core   0: 0x8000c380 (0xff9ff06f) j       pc - 0x8
core   0: 3 0x8000c380 (0xff9ff06f)
core   0: 0x8000c378 (0x00004f17) auipc   t5, 0x4
core   0: 3 0x8000c378 (0x00004f17) x30 0x80010378
core   0: 0x8000c37c (0xc83f2423) sw      gp, -888(t5)
core   0: 3 0x8000c37c (0xc83f2423) mem 0x80010000 0x00000001
core   0: 0x8000c380 (0xff9ff06f) j       pc - 0x8
core   0: 3 0x8000c380 (0xff9ff06f)
core   0: 0x8000c378 (0x00004f17) auipc   t5, 0x4
core   0: 3 0x8000c378 (0x00004f17) x30 0x80010378
core   0: 0x8000c37c (0xc83f2423) sw      gp, -888(t5)
core   0: 3 0x8000c37c (0xc83f2423) mem 0x80010000 0x00000001
core   0: 0x8000c380 (0xff9ff06f) j       pc - 0x8
core   0: 3 0x8000c380 (0xff9ff06f)
core   0: 0x8000c378 (0x00004f17) auipc   t5, 0x4
core   0: 3 0x8000c378 (0x00004f17) x30 0x80010378
core   0: 0x8000c37c (0xc83f2423) sw      gp, -888(t5)
core   0: 3 0x8000c37c (0xc83f2423) mem 0x80010000 0x00000001
core   0: 0x8000c380 (0xff9ff06f) j       pc - 0x8
core   0: 3 0x8000c380 (0xff9ff06f)
core   0: 0x8000c378 (0x00004f17) auipc   t5, 0x4
core   0: 3 0x8000c378 (0x00004f17) x30 0x80010378
core   0: 0x8000c37c (0xc83f2423) sw      gp, -888(t5)
core   0: 3 0x8000c37c (0xc83f2423) mem 0x80010000 0x00000001
core   0: 0x8000c380 (0xff9ff06f) j       pc - 0x8
core   0: 3 0x8000c380 (0xff9ff06f)
core   0: 0x8000c378 (0x00004f17) auipc   t5, 0x4
core   0: 3 0x8000c378 (0x00004f17) x30 0x80010378
core   0: 0x8000c37c (0xc83f2423) sw      gp, -888(t5)
core   0: 3 0x8000c37c (0xc83f2423) mem 0x80010000 0x00000001
core   0: 0x8000c380 (0xff9ff06f) j       pc - 0x8
core   0: 3 0x8000c380 (0xff9ff06f)
core   0: 0x8000c378 (0x00004f17) auipc   t5, 0x4
core   0: 3 0x8000c378 (0x00004f17) x30 0x80010378
core   0: 0x8000c37c (0xc83f2423) sw      gp, -888(t5)
core   0: 3 0x8000c37c (0xc83f2423) mem 0x80010000 0x00000001
core   0: 0x8000c380 (0xff9ff06f) j       pc - 0x8
core   0: 3 0x8000c380 (0xff9ff06f)
core   0: 0x8000c378 (0x00004f17) auipc   t5, 0x4
core   0: 3 0x8000c378 (0x00004f17) x30 0x80010378
core   0: 0x8000c37c (0xc83f2423) sw      gp, -888(t5)
core   0: 3 0x8000c37c (0xc83f2423) mem 0x80010000 0x00000001
core   0: 0x8000c380 (0xff9ff06f) j       pc - 0x8
core   0: 3 0x8000c380 (0xff9ff06f)
core   0: 0x8000c378 (0x00004f17) auipc   t5, 0x4
core   0: 3 0x8000c378 (0x00004f17) x30 0x80010378
core   0: 0x8000c37c (0xc83f2423) sw      gp, -888(t5)
core   0: 3 0x8000c37c (0xc83f2423) mem 0x80010000 0x00000001
core   0: 0x8000c380 (0xff9ff06f) j       pc - 0x8
core   0: 3 0x8000c380 (0xff9ff06f)
core   0: 0x8000c378 (0x00004f17) auipc   t5, 0x4
core   0: 3 0x8000c378 (0x00004f17) x30 0x80010378
core   0: 0x8000c37c (0xc83f2423) sw      gp, -888(t5)
core   0: 3 0x8000c37c (0xc83f2423) mem 0x80010000 0x00000001
core   0: 0x8000c380 (0xff9ff06f) j       pc - 0x8
core   0: 3 0x8000c380 (0xff9ff06f)
core   0: 0x8000c378 (0x00004f17) auipc   t5, 0x4
core   0: 3 0x8000c378 (0x00004f17) x30 0x80010378
core   0: 0x8000c37c (0xc83f2423) sw      gp, -888(t5)
core   0: 3 0x8000c37c (0xc83f2423) mem 0x80010000 0x00000001
core   0: 0x8000c380 (0xff9ff06f) j       pc - 0x8
core   0: 3 0x8000c380 (0xff9ff06f)
core   0: 0x8000c378 (0x00004f17) auipc   t5, 0x4
core   0: 3 0x8000c378 (0x00004f17) x30 0x80010378
core   0: 0x8000c37c (0xc83f2423) sw      gp, -888(t5)
core   0: 3 0x8000c37c (0xc83f2423) mem 0x80010000 0x00000001
core   0: 0x8000c380 (0xff9ff06f) j       pc - 0x8
core   0: 3 0x8000c380 (0xff9ff06f)
core   0: 0x8000c378 (0x00004f17) auipc   t5, 0x4
core   0: 3 0x8000c378 (0x00004f17) x30 0x80010378
core   0: 0x8000c37c (0xc83f2423) sw      gp, -888(t5)
core   0: 3 0x8000c37c (0xc83f2423) mem 0x80010000 0x00000001
core   0: 0x8000c380 (0xff9ff06f) j       pc - 0x8
core   0: 3 0x8000c380 (0xff9ff06f)
core   0: 0x8000c378 (0x00004f17) auipc   t5, 0x4
core   0: 3 0x8000c378 (0x00004f17) x30 0x80010378
core   0: 0x8000c37c (0xc83f2423) sw      gp, -888(t5)
core   0: 3 0x8000c37c (0xc83f2423) mem 0x80010000 0x00000001
core   0: 0x8000c380 (0xff9ff06f) j       pc - 0x8
core   0: 3 0x8000c380 (0xff9ff06f)
core   0: 0x8000c378 (0x00004f17) auipc   t5, 0x4
core   0: 3 0x8000c378 (0x00004f17) x30 0x80010378
core   0: 0x8000c37c (0xc83f2423) sw      gp, -888(t5)
core   0: 3 0x8000c37c (0xc83f2423) mem 0x80010000 0x00000001
core   0: 0x8000c380 (0xff9ff06f) j       pc - 0x8
core   0: 3 0x8000c380 (0xff9ff06f)
core   0: 0x8000c378 (0x00004f17) auipc   t5, 0x4
core   0: 3 0x8000c378 (0x00004f17) x30 0x80010378
core   0: 0x8000c37c (0xc83f2423) sw      gp, -888(t5)
core   0: 3 0x8000c37c (0xc83f2423) mem 0x80010000 0x00000001
core   0: 0x8000c380 (0xff9ff06f) j       pc - 0x8
core   0: 3 0x8000c380 (0xff9ff06f)
core   0: 0x8000c378 (0x00004f17) auipc   t5, 0x4
core   0: 3 0x8000c378 (0x00004f17) x30 0x80010378
core   0: 0x8000c37c (0xc83f2423) sw      gp, -888(t5)
core   0: 3 0x8000c37c (0xc83f2423) mem 0x80010000 0x00000001
core   0: 0x8000c380 (0xff9ff06f) j       pc - 0x8
core   0: 3 0x8000c380 (0xff9ff06f)
core   0: 0x8000c378 (0x00004f17) auipc   t5, 0x4
core   0: 3 0x8000c378 (0x00004f17) x30 0x80010378
core   0: 0x8000c37c (0xc83f2423) sw      gp, -888(t5)
core   0: 3 0x8000c37c (0xc83f2423) mem 0x80010000 0x00000001
core   0: 0x8000c380 (0xff9ff06f) j       pc - 0x8
core   0: 3 0x8000c380 (0xff9ff06f)
core   0: 0x8000c378 (0x00004f17) auipc   t5, 0x4
core   0: 3 0x8000c378 (0x00004f17) x30 0x80010378
core   0: 0x8000c37c (0xc83f2423) sw      gp, -888(t5)
core   0: 3 0x8000c37c (0xc83f2423) mem 0x80010000 0x00000001
core   0: 0x8000c380 (0xff9ff06f) j       pc - 0x8
core   0: 3 0x8000c380 (0xff9ff06f)
core   0: 0x8000c378 (0x00004f17) auipc   t5, 0x4
core   0: 3 0x8000c378 (0x00004f17) x30 0x80010378
core   0: 0x8000c37c (0xc83f2423) sw      gp, -888(t5)
core   0: 3 0x8000c37c (0xc83f2423) mem 0x80010000 0x00000001
core   0: 0x8000c380 (0xff9ff06f) j       pc - 0x8
core   0: 3 0x8000c380 (0xff9ff06f)
core   0: 0x8000c378 (0x00004f17) auipc   t5, 0x4
core   0: 3 0x8000c378 (0x00004f17) x30 0x80010378
core   0: 0x8000c37c (0xc83f2423) sw      gp, -888(t5)
core   0: 3 0x8000c37c (0xc83f2423) mem 0x80010000 0x00000001
core   0: 0x8000c380 (0xff9ff06f) j       pc - 0x8
core   0: 3 0x8000c380 (0xff9ff06f)
core   0: 0x8000c378 (0x00004f17) auipc   t5, 0x4
core   0: 3 0x8000c378 (0x00004f17) x30 0x80010378
core   0: 0x8000c37c (0xc83f2423) sw      gp, -888(t5)
core   0: 3 0x8000c37c (0xc83f2423) mem 0x80010000 0x00000001
core   0: 0x8000c380 (0xff9ff06f) j       pc - 0x8
core   0: 3 0x8000c380 (0xff9ff06f)
core   0: 0x8000c378 (0x00004f17) auipc   t5, 0x4
core   0: 3 0x8000c378 (0x00004f17) x30 0x80010378
core   0: 0x8000c37c (0xc83f2423) sw      gp, -888(t5)
core   0: 3 0x8000c37c (0xc83f2423) mem 0x80010000 0x00000001
core   0: 0x8000c380 (0xff9ff06f) j       pc - 0x8
core   0: 3 0x8000c380 (0xff9ff06f)
core   0: 0x8000c378 (0x00004f17) auipc   t5, 0x4
core   0: 3 0x8000c378 (0x00004f17) x30 0x80010378
core   0: 0x8000c37c (0xc83f2423) sw      gp, -888(t5)
core   0: 3 0x8000c37c (0xc83f2423) mem 0x80010000 0x00000001
core   0: 0x8000c380 (0xff9ff06f) j       pc - 0x8
core   0: 3 0x8000c380 (0xff9ff06f)
core   0: 0x8000c378 (0x00004f17) auipc   t5, 0x4
core   0: 3 0x8000c378 (0x00004f17) x30 0x80010378
core   0: 0x8000c37c (0xc83f2423) sw      gp, -888(t5)
core   0: 3 0x8000c37c (0xc83f2423) mem 0x80010000 0x00000001
core   0: 0x8000c380 (0xff9ff06f) j       pc - 0x8
core   0: 3 0x8000c380 (0xff9ff06f)
core   0: 0x8000c378 (0x00004f17) auipc   t5, 0x4
core   0: 3 0x8000c378 (0x00004f17) x30 0x80010378
core   0: 0x8000c37c (0xc83f2423) sw      gp, -888(t5)
core   0: 3 0x8000c37c (0xc83f2423) mem 0x80010000 0x00000001
core   0: 0x8000c380 (0xff9ff06f) j       pc - 0x8
core   0: 3 0x8000c380 (0xff9ff06f)
core   0: 0x8000c378 (0x00004f17) auipc   t5, 0x4
core   0: 3 0x8000c378 (0x00004f17) x30 0x80010378
core   0: 0x8000c37c (0xc83f2423) sw      gp, -888(t5)
core   0: 3 0x8000c37c (0xc83f2423) mem 0x80010000 0x00000001
core   0: 0x8000c380 (0xff9ff06f) j       pc - 0x8
core   0: 3 0x8000c380 (0xff9ff06f)
core   0: 0x8000c378 (0x00004f17) auipc   t5, 0x4
core   0: 3 0x8000c378 (0x00004f17) x30 0x80010378
core   0: 0x8000c37c (0xc83f2423) sw      gp, -888(t5)
core   0: 3 0x8000c37c (0xc83f2423) mem 0x80010000 0x00000001
core   0: 0x8000c380 (0xff9ff06f) j       pc - 0x8
core   0: 3 0x8000c380 (0xff9ff06f)
core   0: 0x8000c378 (0x00004f17) auipc   t5, 0x4
core   0: 3 0x8000c378 (0x00004f17) x30 0x80010378
core   0: 0x8000c37c (0xc83f2423) sw      gp, -888(t5)
core   0: 3 0x8000c37c (0xc83f2423) mem 0x80010000 0x00000001
core   0: 0x8000c380 (0xff9ff06f) j       pc - 0x8
core   0: 3 0x8000c380 (0xff9ff06f)
core   0: 0x8000c378 (0x00004f17) auipc   t5, 0x4
core   0: 3 0x8000c378 (0x00004f17) x30 0x80010378
core   0: 0x8000c37c (0xc83f2423) sw      gp, -888(t5)
core   0: 3 0x8000c37c (0xc83f2423) mem 0x80010000 0x00000001
core   0: 0x8000c380 (0xff9ff06f) j       pc - 0x8
core   0: 3 0x8000c380 (0xff9ff06f)
core   0: 0x8000c378 (0x00004f17) auipc   t5, 0x4
core   0: 3 0x8000c378 (0x00004f17) x30 0x80010378
core   0: 0x8000c37c (0xc83f2423) sw      gp, -888(t5)
core   0: 3 0x8000c37c (0xc83f2423) mem 0x80010000 0x00000001
core   0: 0x8000c380 (0xff9ff06f) j       pc - 0x8
core   0: 3 0x8000c380 (0xff9ff06f)
core   0: 0x8000c378 (0x00004f17) auipc   t5, 0x4
core   0: 3 0x8000c378 (0x00004f17) x30 0x80010378
core   0: 0x8000c37c (0xc83f2423) sw      gp, -888(t5)
core   0: 3 0x8000c37c (0xc83f2423) mem 0x80010000 0x00000001
core   0: 0x8000c380 (0xff9ff06f) j       pc - 0x8
core   0: 3 0x8000c380 (0xff9ff06f)
core   0: 0x8000c378 (0x00004f17) auipc   t5, 0x4
core   0: 3 0x8000c378 (0x00004f17) x30 0x80010378
core   0: 0x8000c37c (0xc83f2423) sw      gp, -888(t5)
core   0: 3 0x8000c37c (0xc83f2423) mem 0x80010000 0x00000001
core   0: 0x8000c380 (0xff9ff06f) j       pc - 0x8
core   0: 3 0x8000c380 (0xff9ff06f)
core   0: 0x8000c378 (0x00004f17) auipc   t5, 0x4
core   0: 3 0x8000c378 (0x00004f17) x30 0x80010378
core   0: 0x8000c37c (0xc83f2423) sw      gp, -888(t5)
core   0: 3 0x8000c37c (0xc83f2423) mem 0x80010000 0x00000001
core   0: 0x8000c380 (0xff9ff06f) j       pc - 0x8
core   0: 3 0x8000c380 (0xff9ff06f)
core   0: 0x8000c378 (0x00004f17) auipc   t5, 0x4
core   0: 3 0x8000c378 (0x00004f17) x30 0x80010378
core   0: 0x8000c37c (0xc83f2423) sw      gp, -888(t5)
core   0: 3 0x8000c37c (0xc83f2423) mem 0x80010000 0x00000001
core   0: 0x8000c380 (0xff9ff06f) j       pc - 0x8
core   0: 3 0x8000c380 (0xff9ff06f)
core   0: 0x8000c378 (0x00004f17) auipc   t5, 0x4
core   0: 3 0x8000c378 (0x00004f17) x30 0x80010378
core   0: 0x8000c37c (0xc83f2423) sw      gp, -888(t5)
core   0: 3 0x8000c37c (0xc83f2423) mem 0x80010000 0x00000001
core   0: 0x8000c380 (0xff9ff06f) j       pc - 0x8
core   0: 3 0x8000c380 (0xff9ff06f)
core   0: 0x8000c378 (0x00004f17) auipc   t5, 0x4
core   0: 3 0x8000c378 (0x00004f17) x30 0x80010378
core   0: 0x8000c37c (0xc83f2423) sw      gp, -888(t5)
core   0: 3 0x8000c37c (0xc83f2423) mem 0x80010000 0x00000001
core   0: 0x8000c380 (0xff9ff06f) j       pc - 0x8
core   0: 3 0x8000c380 (0xff9ff06f)
core   0: 0x8000c378 (0x00004f17) auipc   t5, 0x4
core   0: 3 0x8000c378 (0x00004f17) x30 0x80010378
core   0: 0x8000c37c (0xc83f2423) sw      gp, -888(t5)
core   0: 3 0x8000c37c (0xc83f2423) mem 0x80010000 0x00000001
core   0: 0x8000c380 (0xff9ff06f) j       pc - 0x8
core   0: 3 0x8000c380 (0xff9ff06f)
core   0: 0x8000c378 (0x00004f17) auipc   t5, 0x4
core   0: 3 0x8000c378 (0x00004f17) x30 0x80010378
core   0: 0x8000c37c (0xc83f2423) sw      gp, -888(t5)
core   0: 3 0x8000c37c (0xc83f2423) mem 0x80010000 0x00000001
core   0: 0x8000c380 (0xff9ff06f) j       pc - 0x8
core   0: 3 0x8000c380 (0xff9ff06f)
core   0: 0x8000c378 (0x00004f17) auipc   t5, 0x4
core   0: 3 0x8000c378 (0x00004f17) x30 0x80010378
core   0: 0x8000c37c (0xc83f2423) sw      gp, -888(t5)
core   0: 3 0x8000c37c (0xc83f2423) mem 0x80010000 0x00000001
core   0: 0x8000c380 (0xff9ff06f) j       pc - 0x8
core   0: 3 0x8000c380 (0xff9ff06f)
core   0: 0x8000c378 (0x00004f17) auipc   t5, 0x4
core   0: 3 0x8000c378 (0x00004f17) x30 0x80010378
core   0: 0x8000c37c (0xc83f2423) sw      gp, -888(t5)
core   0: 3 0x8000c37c (0xc83f2423) mem 0x80010000 0x00000001
core   0: 0x8000c380 (0xff9ff06f) j       pc - 0x8
core   0: 3 0x8000c380 (0xff9ff06f)
core   0: 0x8000c378 (0x00004f17) auipc   t5, 0x4
core   0: 3 0x8000c378 (0x00004f17) x30 0x80010378
core   0: 0x8000c37c (0xc83f2423) sw      gp, -888(t5)
core   0: 3 0x8000c37c (0xc83f2423) mem 0x80010000 0x00000001
core   0: 0x8000c380 (0xff9ff06f) j       pc - 0x8
core   0: 3 0x8000c380 (0xff9ff06f)
core   0: 0x8000c378 (0x00004f17) auipc   t5, 0x4
core   0: 3 0x8000c378 (0x00004f17) x30 0x80010378
core   0: 0x8000c37c (0xc83f2423) sw      gp, -888(t5)
core   0: 3 0x8000c37c (0xc83f2423) mem 0x80010000 0x00000001
core   0: 0x8000c380 (0xff9ff06f) j       pc - 0x8
core   0: 3 0x8000c380 (0xff9ff06f)
core   0: 0x8000c378 (0x00004f17) auipc   t5, 0x4
core   0: 3 0x8000c378 (0x00004f17) x30 0x80010378
core   0: 0x8000c37c (0xc83f2423) sw      gp, -888(t5)
core   0: 3 0x8000c37c (0xc83f2423) mem 0x80010000 0x00000001
core   0: 0x8000c380 (0xff9ff06f) j       pc - 0x8
core   0: 3 0x8000c380 (0xff9ff06f)
core   0: 0x8000c378 (0x00004f17) auipc   t5, 0x4
core   0: 3 0x8000c378 (0x00004f17) x30 0x80010378
core   0: 0x8000c37c (0xc83f2423) sw      gp, -888(t5)
core   0: 3 0x8000c37c (0xc83f2423) mem 0x80010000 0x00000001
core   0: 0x8000c380 (0xff9ff06f) j       pc - 0x8
core   0: 3 0x8000c380 (0xff9ff06f)
core   0: 0x8000c378 (0x00004f17) auipc   t5, 0x4
core   0: 3 0x8000c378 (0x00004f17) x30 0x80010378
core   0: 0x8000c37c (0xc83f2423) sw      gp, -888(t5)
core   0: 3 0x8000c37c (0xc83f2423) mem 0x80010000 0x00000001
core   0: 0x8000c380 (0xff9ff06f) j       pc - 0x8
core   0: 3 0x8000c380 (0xff9ff06f)
core   0: 0x8000c378 (0x00004f17) auipc   t5, 0x4
core   0: 3 0x8000c378 (0x00004f17) x30 0x80010378
core   0: 0x8000c37c (0xc83f2423) sw      gp, -888(t5)
core   0: 3 0x8000c37c (0xc83f2423) mem 0x80010000 0x00000001
core   0: 0x8000c380 (0xff9ff06f) j       pc - 0x8
core   0: 3 0x8000c380 (0xff9ff06f)
core   0: 0x8000c378 (0x00004f17) auipc   t5, 0x4
core   0: 3 0x8000c378 (0x00004f17) x30 0x80010378
core   0: 0x8000c37c (0xc83f2423) sw      gp, -888(t5)
core   0: 3 0x8000c37c (0xc83f2423) mem 0x80010000 0x00000001
core   0: 0x8000c380 (0xff9ff06f) j       pc - 0x8
core   0: 3 0x8000c380 (0xff9ff06f)
core   0: 0x8000c378 (0x00004f17) auipc   t5, 0x4
core   0: 3 0x8000c378 (0x00004f17) x30 0x80010378
core   0: 0x8000c37c (0xc83f2423) sw      gp, -888(t5)
core   0: 3 0x8000c37c (0xc83f2423) mem 0x80010000 0x00000001
core   0: 0x8000c380 (0xff9ff06f) j       pc - 0x8
core   0: 3 0x8000c380 (0xff9ff06f)
core   0: 0x8000c378 (0x00004f17) auipc   t5, 0x4
core   0: 3 0x8000c378 (0x00004f17) x30 0x80010378
core   0: 0x8000c37c (0xc83f2423) sw      gp, -888(t5)
core   0: 3 0x8000c37c (0xc83f2423) mem 0x80010000 0x00000001
core   0: 0x8000c380 (0xff9ff06f) j       pc - 0x8
core   0: 3 0x8000c380 (0xff9ff06f)
core   0: 0x8000c378 (0x00004f17) auipc   t5, 0x4
core   0: 3 0x8000c378 (0x00004f17) x30 0x80010378
core   0: 0x8000c37c (0xc83f2423) sw      gp, -888(t5)
core   0: 3 0x8000c37c (0xc83f2423) mem 0x80010000 0x00000001
core   0: 0x8000c380 (0xff9ff06f) j       pc - 0x8
core   0: 3 0x8000c380 (0xff9ff06f)
core   0: 0x8000c378 (0x00004f17) auipc   t5, 0x4
core   0: 3 0x8000c378 (0x00004f17) x30 0x80010378
core   0: 0x8000c37c (0xc83f2423) sw      gp, -888(t5)
core   0: 3 0x8000c37c (0xc83f2423) mem 0x80010000 0x00000001
core   0: 0x8000c380 (0xff9ff06f) j       pc - 0x8
core   0: 3 0x8000c380 (0xff9ff06f)
core   0: 0x8000c378 (0x00004f17) auipc   t5, 0x4
core   0: 3 0x8000c378 (0x00004f17) x30 0x80010378
core   0: 0x8000c37c (0xc83f2423) sw      gp, -888(t5)
core   0: 3 0x8000c37c (0xc83f2423) mem 0x80010000 0x00000001
core   0: 0x8000c380 (0xff9ff06f) j       pc - 0x8
core   0: 3 0x8000c380 (0xff9ff06f)
core   0: 0x8000c378 (0x00004f17) auipc   t5, 0x4
core   0: 3 0x8000c378 (0x00004f17) x30 0x80010378
core   0: 0x8000c37c (0xc83f2423) sw      gp, -888(t5)
core   0: 3 0x8000c37c (0xc83f2423) mem 0x80010000 0x00000001
core   0: 0x8000c380 (0xff9ff06f) j       pc - 0x8
core   0: 3 0x8000c380 (0xff9ff06f)
core   0: 0x8000c378 (0x00004f17) auipc   t5, 0x4
core   0: 3 0x8000c378 (0x00004f17) x30 0x80010378
core   0: 0x8000c37c (0xc83f2423) sw      gp, -888(t5)
core   0: 3 0x8000c37c (0xc83f2423) mem 0x80010000 0x00000001
core   0: 0x8000c380 (0xff9ff06f) j       pc - 0x8
core   0: 3 0x8000c380 (0xff9ff06f)
core   0: 0x8000c378 (0x00004f17) auipc   t5, 0x4
core   0: 3 0x8000c378 (0x00004f17) x30 0x80010378
core   0: 0x8000c37c (0xc83f2423) sw      gp, -888(t5)
core   0: 3 0x8000c37c (0xc83f2423) mem 0x80010000 0x00000001
core   0: 0x8000c380 (0xff9ff06f) j       pc - 0x8
core   0: 3 0x8000c380 (0xff9ff06f)
core   0: 0x8000c378 (0x00004f17) auipc   t5, 0x4
core   0: 3 0x8000c378 (0x00004f17) x30 0x80010378
core   0: 0x8000c37c (0xc83f2423) sw      gp, -888(t5)
core   0: 3 0x8000c37c (0xc83f2423) mem 0x80010000 0x00000001
core   0: 0x8000c380 (0xff9ff06f) j       pc - 0x8
core   0: 3 0x8000c380 (0xff9ff06f)
core   0: 0x8000c378 (0x00004f17) auipc   t5, 0x4
core   0: 3 0x8000c378 (0x00004f17) x30 0x80010378
core   0: 0x8000c37c (0xc83f2423) sw      gp, -888(t5)
core   0: 3 0x8000c37c (0xc83f2423) mem 0x80010000 0x00000001
core   0: 0x8000c380 (0xff9ff06f) j       pc - 0x8
core   0: 3 0x8000c380 (0xff9ff06f)
core   0: 0x8000c378 (0x00004f17) auipc   t5, 0x4
core   0: 3 0x8000c378 (0x00004f17) x30 0x80010378
core   0: 0x8000c37c (0xc83f2423) sw      gp, -888(t5)
core   0: 3 0x8000c37c (0xc83f2423) mem 0x80010000 0x00000001
core   0: 0x8000c380 (0xff9ff06f) j       pc - 0x8
core   0: 3 0x8000c380 (0xff9ff06f)
core   0: 0x8000c378 (0x00004f17) auipc   t5, 0x4
core   0: 3 0x8000c378 (0x00004f17) x30 0x80010378
core   0: 0x8000c37c (0xc83f2423) sw      gp, -888(t5)
core   0: 3 0x8000c37c (0xc83f2423) mem 0x80010000 0x00000001
core   0: 0x8000c380 (0xff9ff06f) j       pc - 0x8
core   0: 3 0x8000c380 (0xff9ff06f)
core   0: 0x8000c378 (0x00004f17) auipc   t5, 0x4
core   0: 3 0x8000c378 (0x00004f17) x30 0x80010378
core   0: 0x8000c37c (0xc83f2423) sw      gp, -888(t5)
core   0: 3 0x8000c37c (0xc83f2423) mem 0x80010000 0x00000001
core   0: 0x8000c380 (0xff9ff06f) j       pc - 0x8
core   0: 3 0x8000c380 (0xff9ff06f)
core   0: 0x8000c378 (0x00004f17) auipc   t5, 0x4
core   0: 3 0x8000c378 (0x00004f17) x30 0x80010378
core   0: 0x8000c37c (0xc83f2423) sw      gp, -888(t5)
core   0: 3 0x8000c37c (0xc83f2423) mem 0x80010000 0x00000001
core   0: 0x8000c380 (0xff9ff06f) j       pc - 0x8
core   0: 3 0x8000c380 (0xff9ff06f)
core   0: 0x8000c378 (0x00004f17) auipc   t5, 0x4
core   0: 3 0x8000c378 (0x00004f17) x30 0x80010378
core   0: 0x8000c37c (0xc83f2423) sw      gp, -888(t5)
core   0: 3 0x8000c37c (0xc83f2423) mem 0x80010000 0x00000001
core   0: 0x8000c380 (0xff9ff06f) j       pc - 0x8
core   0: 3 0x8000c380 (0xff9ff06f)
core   0: 0x8000c378 (0x00004f17) auipc   t5, 0x4
core   0: 3 0x8000c378 (0x00004f17) x30 0x80010378
core   0: 0x8000c37c (0xc83f2423) sw      gp, -888(t5)
core   0: 3 0x8000c37c (0xc83f2423) mem 0x80010000 0x00000001
core   0: 0x8000c380 (0xff9ff06f) j       pc - 0x8
core   0: 3 0x8000c380 (0xff9ff06f)
core   0: 0x8000c378 (0x00004f17) auipc   t5, 0x4
core   0: 3 0x8000c378 (0x00004f17) x30 0x80010378
core   0: 0x8000c37c (0xc83f2423) sw      gp, -888(t5)
core   0: 3 0x8000c37c (0xc83f2423) mem 0x80010000 0x00000001
core   0: 0x8000c380 (0xff9ff06f) j       pc - 0x8
core   0: 3 0x8000c380 (0xff9ff06f)
core   0: 0x8000c378 (0x00004f17) auipc   t5, 0x4
core   0: 3 0x8000c378 (0x00004f17) x30 0x80010378
core   0: 0x8000c37c (0xc83f2423) sw      gp, -888(t5)
core   0: 3 0x8000c37c (0xc83f2423) mem 0x80010000 0x00000001
core   0: 0x8000c380 (0xff9ff06f) j       pc - 0x8
core   0: 3 0x8000c380 (0xff9ff06f)
core   0: 0x8000c378 (0x00004f17) auipc   t5, 0x4
core   0: 3 0x8000c378 (0x00004f17) x30 0x80010378
core   0: 0x8000c37c (0xc83f2423) sw      gp, -888(t5)
core   0: 3 0x8000c37c (0xc83f2423) mem 0x80010000 0x00000001
core   0: 0x8000c380 (0xff9ff06f) j       pc - 0x8
core   0: 3 0x8000c380 (0xff9ff06f)
core   0: 0x8000c378 (0x00004f17) auipc   t5, 0x4
core   0: 3 0x8000c378 (0x00004f17) x30 0x80010378
core   0: 0x8000c37c (0xc83f2423) sw      gp, -888(t5)
core   0: 3 0x8000c37c (0xc83f2423) mem 0x80010000 0x00000001
core   0: 0x8000c380 (0xff9ff06f) j       pc - 0x8
core   0: 3 0x8000c380 (0xff9ff06f)
core   0: 0x8000c378 (0x00004f17) auipc   t5, 0x4
core   0: 3 0x8000c378 (0x00004f17) x30 0x80010378
core   0: 0x8000c37c (0xc83f2423) sw      gp, -888(t5)
core   0: 3 0x8000c37c (0xc83f2423) mem 0x80010000 0x00000001
core   0: 0x8000c380 (0xff9ff06f) j       pc - 0x8
core   0: 3 0x8000c380 (0xff9ff06f)
core   0: 0x8000c378 (0x00004f17) auipc   t5, 0x4
core   0: 3 0x8000c378 (0x00004f17) x30 0x80010378
core   0: 0x8000c37c (0xc83f2423) sw      gp, -888(t5)
core   0: 3 0x8000c37c (0xc83f2423) mem 0x80010000 0x00000001
core   0: 0x8000c380 (0xff9ff06f) j       pc - 0x8
core   0: 3 0x8000c380 (0xff9ff06f)
core   0: 0x8000c378 (0x00004f17) auipc   t5, 0x4
core   0: 3 0x8000c378 (0x00004f17) x30 0x80010378
core   0: 0x8000c37c (0xc83f2423) sw      gp, -888(t5)
core   0: 3 0x8000c37c (0xc83f2423) mem 0x80010000 0x00000001
core   0: 0x8000c380 (0xff9ff06f) j       pc - 0x8
core   0: 3 0x8000c380 (0xff9ff06f)
core   0: 0x8000c378 (0x00004f17) auipc   t5, 0x4
core   0: 3 0x8000c378 (0x00004f17) x30 0x80010378
core   0: 0x8000c37c (0xc83f2423) sw      gp, -888(t5)
core   0: 3 0x8000c37c (0xc83f2423) mem 0x80010000 0x00000001
core   0: 0x8000c380 (0xff9ff06f) j       pc - 0x8
core   0: 3 0x8000c380 (0xff9ff06f)
core   0: 0x8000c378 (0x00004f17) auipc   t5, 0x4
core   0: 3 0x8000c378 (0x00004f17) x30 0x80010378
core   0: 0x8000c37c (0xc83f2423) sw      gp, -888(t5)
core   0: 3 0x8000c37c (0xc83f2423) mem 0x80010000 0x00000001
core   0: 0x8000c380 (0xff9ff06f) j       pc - 0x8
core   0: 3 0x8000c380 (0xff9ff06f)
core   0: 0x8000c378 (0x00004f17) auipc   t5, 0x4
core   0: 3 0x8000c378 (0x00004f17) x30 0x80010378
core   0: 0x8000c37c (0xc83f2423) sw      gp, -888(t5)
core   0: 3 0x8000c37c (0xc83f2423) mem 0x80010000 0x00000001
core   0: 0x8000c380 (0xff9ff06f) j       pc - 0x8
core   0: 3 0x8000c380 (0xff9ff06f)
core   0: 0x8000c378 (0x00004f17) auipc   t5, 0x4
core   0: 3 0x8000c378 (0x00004f17) x30 0x80010378
core   0: 0x8000c37c (0xc83f2423) sw      gp, -888(t5)
core   0: 3 0x8000c37c (0xc83f2423) mem 0x80010000 0x00000001
core   0: 0x8000c380 (0xff9ff06f) j       pc - 0x8
core   0: 3 0x8000c380 (0xff9ff06f)
core   0: 0x8000c378 (0x00004f17) auipc   t5, 0x4
core   0: 3 0x8000c378 (0x00004f17) x30 0x80010378
core   0: 0x8000c37c (0xc83f2423) sw      gp, -888(t5)
core   0: 3 0x8000c37c (0xc83f2423) mem 0x80010000 0x00000001
core   0: 0x8000c380 (0xff9ff06f) j       pc - 0x8
core   0: 3 0x8000c380 (0xff9ff06f)
core   0: 0x8000c378 (0x00004f17) auipc   t5, 0x4
core   0: 3 0x8000c378 (0x00004f17) x30 0x80010378
core   0: 0x8000c37c (0xc83f2423) sw      gp, -888(t5)
core   0: 3 0x8000c37c (0xc83f2423) mem 0x80010000 0x00000001
core   0: 0x8000c380 (0xff9ff06f) j       pc - 0x8
core   0: 3 0x8000c380 (0xff9ff06f)
core   0: 0x8000c378 (0x00004f17) auipc   t5, 0x4
core   0: 3 0x8000c378 (0x00004f17) x30 0x80010378
core   0: 0x8000c37c (0xc83f2423) sw      gp, -888(t5)
core   0: 3 0x8000c37c (0xc83f2423) mem 0x80010000 0x00000001
core   0: 0x8000c380 (0xff9ff06f) j       pc - 0x8
core   0: 3 0x8000c380 (0xff9ff06f)
core   0: 0x8000c378 (0x00004f17) auipc   t5, 0x4
core   0: 3 0x8000c378 (0x00004f17) x30 0x80010378
core   0: 0x8000c37c (0xc83f2423) sw      gp, -888(t5)
core   0: 3 0x8000c37c (0xc83f2423) mem 0x80010000 0x00000001
core   0: 0x8000c380 (0xff9ff06f) j       pc - 0x8
core   0: 3 0x8000c380 (0xff9ff06f)
core   0: 0x8000c378 (0x00004f17) auipc   t5, 0x4
core   0: 3 0x8000c378 (0x00004f17) x30 0x80010378
core   0: 0x8000c37c (0xc83f2423) sw      gp, -888(t5)
core   0: 3 0x8000c37c (0xc83f2423) mem 0x80010000 0x00000001
core   0: 0x8000c380 (0xff9ff06f) j       pc - 0x8
core   0: 3 0x8000c380 (0xff9ff06f)
core   0: 0x8000c378 (0x00004f17) auipc   t5, 0x4
core   0: 3 0x8000c378 (0x00004f17) x30 0x80010378
core   0: 0x8000c37c (0xc83f2423) sw      gp, -888(t5)
core   0: 3 0x8000c37c (0xc83f2423) mem 0x80010000 0x00000001
core   0: 0x8000c380 (0xff9ff06f) j       pc - 0x8
core   0: 3 0x8000c380 (0xff9ff06f)
core   0: 0x8000c378 (0x00004f17) auipc   t5, 0x4
core   0: 3 0x8000c378 (0x00004f17) x30 0x80010378
core   0: 0x8000c37c (0xc83f2423) sw      gp, -888(t5)
core   0: 3 0x8000c37c (0xc83f2423) mem 0x80010000 0x00000001
core   0: 0x8000c380 (0xff9ff06f) j       pc - 0x8
core   0: 3 0x8000c380 (0xff9ff06f)
core   0: 0x8000c378 (0x00004f17) auipc   t5, 0x4
core   0: 3 0x8000c378 (0x00004f17) x30 0x80010378
core   0: 0x8000c37c (0xc83f2423) sw      gp, -888(t5)
core   0: 3 0x8000c37c (0xc83f2423) mem 0x80010000 0x00000001
core   0: 0x8000c380 (0xff9ff06f) j       pc - 0x8
core   0: 3 0x8000c380 (0xff9ff06f)
core   0: 0x8000c378 (0x00004f17) auipc   t5, 0x4
core   0: 3 0x8000c378 (0x00004f17) x30 0x80010378
core   0: 0x8000c37c (0xc83f2423) sw      gp, -888(t5)
core   0: 3 0x8000c37c (0xc83f2423) mem 0x80010000 0x00000001
core   0: 0x8000c380 (0xff9ff06f) j       pc - 0x8
core   0: 3 0x8000c380 (0xff9ff06f)
core   0: 0x8000c378 (0x00004f17) auipc   t5, 0x4
core   0: 3 0x8000c378 (0x00004f17) x30 0x80010378
core   0: 0x8000c37c (0xc83f2423) sw      gp, -888(t5)
core   0: 3 0x8000c37c (0xc83f2423) mem 0x80010000 0x00000001
core   0: 0x8000c380 (0xff9ff06f) j       pc - 0x8
core   0: 3 0x8000c380 (0xff9ff06f)
core   0: 0x8000c378 (0x00004f17) auipc   t5, 0x4
core   0: 3 0x8000c378 (0x00004f17) x30 0x80010378
core   0: 0x8000c37c (0xc83f2423) sw      gp, -888(t5)
core   0: 3 0x8000c37c (0xc83f2423) mem 0x80010000 0x00000001
core   0: 0x8000c380 (0xff9ff06f) j       pc - 0x8
core   0: 3 0x8000c380 (0xff9ff06f)
core   0: 0x8000c378 (0x00004f17) auipc   t5, 0x4
core   0: 3 0x8000c378 (0x00004f17) x30 0x80010378
core   0: 0x8000c37c (0xc83f2423) sw      gp, -888(t5)
core   0: 3 0x8000c37c (0xc83f2423) mem 0x80010000 0x00000001
core   0: 0x8000c380 (0xff9ff06f) j       pc - 0x8
core   0: 3 0x8000c380 (0xff9ff06f)
core   0: 0x8000c378 (0x00004f17) auipc   t5, 0x4
core   0: 3 0x8000c378 (0x00004f17) x30 0x80010378
core   0: 0x8000c37c (0xc83f2423) sw      gp, -888(t5)
core   0: 3 0x8000c37c (0xc83f2423) mem 0x80010000 0x00000001
core   0: 0x8000c380 (0xff9ff06f) j       pc - 0x8
core   0: 3 0x8000c380 (0xff9ff06f)
core   0: 0x8000c378 (0x00004f17) auipc   t5, 0x4
core   0: 3 0x8000c378 (0x00004f17) x30 0x80010378
core   0: 0x8000c37c (0xc83f2423) sw      gp, -888(t5)
core   0: 3 0x8000c37c (0xc83f2423) mem 0x80010000 0x00000001
core   0: 0x8000c380 (0xff9ff06f) j       pc - 0x8
core   0: 3 0x8000c380 (0xff9ff06f)
core   0: 0x8000c378 (0x00004f17) auipc   t5, 0x4
core   0: 3 0x8000c378 (0x00004f17) x30 0x80010378
core   0: 0x8000c37c (0xc83f2423) sw      gp, -888(t5)
core   0: 3 0x8000c37c (0xc83f2423) mem 0x80010000 0x00000001
core   0: 0x8000c380 (0xff9ff06f) j       pc - 0x8
core   0: 3 0x8000c380 (0xff9ff06f)
core   0: 0x8000c378 (0x00004f17) auipc   t5, 0x4
core   0: 3 0x8000c378 (0x00004f17) x30 0x80010378
core   0: 0x8000c37c (0xc83f2423) sw      gp, -888(t5)
core   0: 3 0x8000c37c (0xc83f2423) mem 0x80010000 0x00000001
core   0: 0x8000c380 (0xff9ff06f) j       pc - 0x8
core   0: 3 0x8000c380 (0xff9ff06f)
core   0: 0x8000c378 (0x00004f17) auipc   t5, 0x4
core   0: 3 0x8000c378 (0x00004f17) x30 0x80010378
core   0: 0x8000c37c (0xc83f2423) sw      gp, -888(t5)
core   0: 3 0x8000c37c (0xc83f2423) mem 0x80010000 0x00000001
core   0: 0x8000c380 (0xff9ff06f) j       pc - 0x8
core   0: 3 0x8000c380 (0xff9ff06f)
core   0: 0x8000c378 (0x00004f17) auipc   t5, 0x4
core   0: 3 0x8000c378 (0x00004f17) x30 0x80010378
core   0: 0x8000c37c (0xc83f2423) sw      gp, -888(t5)
core   0: 3 0x8000c37c (0xc83f2423) mem 0x80010000 0x00000001
core   0: 0x8000c380 (0xff9ff06f) j       pc - 0x8
core   0: 3 0x8000c380 (0xff9ff06f)
core   0: 0x8000c378 (0x00004f17) auipc   t5, 0x4
core   0: 3 0x8000c378 (0x00004f17) x30 0x80010378
core   0: 0x8000c37c (0xc83f2423) sw      gp, -888(t5)
core   0: 3 0x8000c37c (0xc83f2423) mem 0x80010000 0x00000001
core   0: 0x8000c380 (0xff9ff06f) j       pc - 0x8
core   0: 3 0x8000c380 (0xff9ff06f)
core   0: 0x8000c378 (0x00004f17) auipc   t5, 0x4
core   0: 3 0x8000c378 (0x00004f17) x30 0x80010378
core   0: 0x8000c37c (0xc83f2423) sw      gp, -888(t5)
core   0: 3 0x8000c37c (0xc83f2423) mem 0x80010000 0x00000001
core   0: 0x8000c380 (0xff9ff06f) j       pc - 0x8
core   0: 3 0x8000c380 (0xff9ff06f)
core   0: 0x8000c378 (0x00004f17) auipc   t5, 0x4
core   0: 3 0x8000c378 (0x00004f17) x30 0x80010378
core   0: 0x8000c37c (0xc83f2423) sw      gp, -888(t5)
core   0: 3 0x8000c37c (0xc83f2423) mem 0x80010000 0x00000001
core   0: 0x8000c380 (0xff9ff06f) j       pc - 0x8
core   0: 3 0x8000c380 (0xff9ff06f)
core   0: 0x8000c378 (0x00004f17) auipc   t5, 0x4
core   0: 3 0x8000c378 (0x00004f17) x30 0x80010378
core   0: 0x8000c37c (0xc83f2423) sw      gp, -888(t5)
core   0: 3 0x8000c37c (0xc83f2423) mem 0x80010000 0x00000001
core   0: 0x8000c380 (0xff9ff06f) j       pc - 0x8
core   0: 3 0x8000c380 (0xff9ff06f)
core   0: 0x8000c378 (0x00004f17) auipc   t5, 0x4
core   0: 3 0x8000c378 (0x00004f17) x30 0x80010378
core   0: 0x8000c37c (0xc83f2423) sw      gp, -888(t5)
core   0: 3 0x8000c37c (0xc83f2423) mem 0x80010000 0x00000001
core   0: 0x8000c380 (0xff9ff06f) j       pc - 0x8
core   0: 3 0x8000c380 (0xff9ff06f)
core   0: 0x8000c378 (0x00004f17) auipc   t5, 0x4
core   0: 3 0x8000c378 (0x00004f17) x30 0x80010378
core   0: 0x8000c37c (0xc83f2423) sw      gp, -888(t5)
core   0: 3 0x8000c37c (0xc83f2423) mem 0x80010000 0x00000001
core   0: 0x8000c380 (0xff9ff06f) j       pc - 0x8
core   0: 3 0x8000c380 (0xff9ff06f)
core   0: 0x8000c378 (0x00004f17) auipc   t5, 0x4
core   0: 3 0x8000c378 (0x00004f17) x30 0x80010378
core   0: 0x8000c37c (0xc83f2423) sw      gp, -888(t5)
core   0: 3 0x8000c37c (0xc83f2423) mem 0x80010000 0x00000001
core   0: 0x8000c380 (0xff9ff06f) j       pc - 0x8
core   0: 3 0x8000c380 (0xff9ff06f)
core   0: 0x8000c378 (0x00004f17) auipc   t5, 0x4
core   0: 3 0x8000c378 (0x00004f17) x30 0x80010378
core   0: 0x8000c37c (0xc83f2423) sw      gp, -888(t5)
core   0: 3 0x8000c37c (0xc83f2423) mem 0x80010000 0x00000001
core   0: 0x8000c380 (0xff9ff06f) j       pc - 0x8
core   0: 3 0x8000c380 (0xff9ff06f)
core   0: 0x8000c378 (0x00004f17) auipc   t5, 0x4
core   0: 3 0x8000c378 (0x00004f17) x30 0x80010378
core   0: 0x8000c37c (0xc83f2423) sw      gp, -888(t5)
core   0: 3 0x8000c37c (0xc83f2423) mem 0x80010000 0x00000001
core   0: 0x8000c380 (0xff9ff06f) j       pc - 0x8
core   0: 3 0x8000c380 (0xff9ff06f)
core   0: 0x8000c378 (0x00004f17) auipc   t5, 0x4
core   0: 3 0x8000c378 (0x00004f17) x30 0x80010378
core   0: 0x8000c37c (0xc83f2423) sw      gp, -888(t5)
core   0: 3 0x8000c37c (0xc83f2423) mem 0x80010000 0x00000001
core   0: 0x8000c380 (0xff9ff06f) j       pc - 0x8
core   0: 3 0x8000c380 (0xff9ff06f)
core   0: 0x8000c378 (0x00004f17) auipc   t5, 0x4
core   0: 3 0x8000c378 (0x00004f17) x30 0x80010378
core   0: 0x8000c37c (0xc83f2423) sw      gp, -888(t5)
core   0: 3 0x8000c37c (0xc83f2423) mem 0x80010000 0x00000001
core   0: 0x8000c380 (0xff9ff06f) j       pc - 0x8
core   0: 3 0x8000c380 (0xff9ff06f)
core   0: 0x8000c378 (0x00004f17) auipc   t5, 0x4
core   0: 3 0x8000c378 (0x00004f17) x30 0x80010378
core   0: 0x8000c37c (0xc83f2423) sw      gp, -888(t5)
core   0: 3 0x8000c37c (0xc83f2423) mem 0x80010000 0x00000001
core   0: 0x8000c380 (0xff9ff06f) j       pc - 0x8
core   0: 3 0x8000c380 (0xff9ff06f)
core   0: 0x8000c378 (0x00004f17) auipc   t5, 0x4
core   0: 3 0x8000c378 (0x00004f17) x30 0x80010378
core   0: 0x8000c37c (0xc83f2423) sw      gp, -888(t5)
core   0: 3 0x8000c37c (0xc83f2423) mem 0x80010000 0x00000001
core   0: 0x8000c380 (0xff9ff06f) j       pc - 0x8
core   0: 3 0x8000c380 (0xff9ff06f)
core   0: 0x8000c378 (0x00004f17) auipc   t5, 0x4
core   0: 3 0x8000c378 (0x00004f17) x30 0x80010378
core   0: 0x8000c37c (0xc83f2423) sw      gp, -888(t5)
core   0: 3 0x8000c37c (0xc83f2423) mem 0x80010000 0x00000001
core   0: 0x8000c380 (0xff9ff06f) j       pc - 0x8
core   0: 3 0x8000c380 (0xff9ff06f)
core   0: 0x8000c378 (0x00004f17) auipc   t5, 0x4
core   0: 3 0x8000c378 (0x00004f17) x30 0x80010378
core   0: 0x8000c37c (0xc83f2423) sw      gp, -888(t5)
core   0: 3 0x8000c37c (0xc83f2423) mem 0x80010000 0x00000001
core   0: 0x8000c380 (0xff9ff06f) j       pc - 0x8
core   0: 3 0x8000c380 (0xff9ff06f)
core   0: 0x8000c378 (0x00004f17) auipc   t5, 0x4
core   0: 3 0x8000c378 (0x00004f17) x30 0x80010378
core   0: 0x8000c37c (0xc83f2423) sw      gp, -888(t5)
core   0: 3 0x8000c37c (0xc83f2423) mem 0x80010000 0x00000001
core   0: 0x8000c380 (0xff9ff06f) j       pc - 0x8
core   0: 3 0x8000c380 (0xff9ff06f)
core   0: 0x8000c378 (0x00004f17) auipc   t5, 0x4
core   0: 3 0x8000c378 (0x00004f17) x30 0x80010378
core   0: 0x8000c37c (0xc83f2423) sw      gp, -888(t5)
core   0: 3 0x8000c37c (0xc83f2423) mem 0x80010000 0x00000001
core   0: 0x8000c380 (0xff9ff06f) j       pc - 0x8
core   0: 3 0x8000c380 (0xff9ff06f)
core   0: 0x8000c378 (0x00004f17) auipc   t5, 0x4
core   0: 3 0x8000c378 (0x00004f17) x30 0x80010378
core   0: 0x8000c37c (0xc83f2423) sw      gp, -888(t5)
core   0: 3 0x8000c37c (0xc83f2423) mem 0x80010000 0x00000001
core   0: 0x8000c380 (0xff9ff06f) j       pc - 0x8
core   0: 3 0x8000c380 (0xff9ff06f)
core   0: 0x8000c378 (0x00004f17) auipc   t5, 0x4
core   0: 3 0x8000c378 (0x00004f17) x30 0x80010378
core   0: 0x8000c37c (0xc83f2423) sw      gp, -888(t5)
core   0: 3 0x8000c37c (0xc83f2423) mem 0x80010000 0x00000001
core   0: 0x8000c380 (0xff9ff06f) j       pc - 0x8
core   0: 3 0x8000c380 (0xff9ff06f)
core   0: 0x8000c378 (0x00004f17) auipc   t5, 0x4
core   0: 3 0x8000c378 (0x00004f17) x30 0x80010378
core   0: 0x8000c37c (0xc83f2423) sw      gp, -888(t5)
core   0: 3 0x8000c37c (0xc83f2423) mem 0x80010000 0x00000001
core   0: 0x8000c380 (0xff9ff06f) j       pc - 0x8
core   0: 3 0x8000c380 (0xff9ff06f)
core   0: 0x8000c378 (0x00004f17) auipc   t5, 0x4
core   0: 3 0x8000c378 (0x00004f17) x30 0x80010378
core   0: 0x8000c37c (0xc83f2423) sw      gp, -888(t5)
core   0: 3 0x8000c37c (0xc83f2423) mem 0x80010000 0x00000001
core   0: 0x8000c380 (0xff9ff06f) j       pc - 0x8
core   0: 3 0x8000c380 (0xff9ff06f)
core   0: 0x8000c378 (0x00004f17) auipc   t5, 0x4
core   0: 3 0x8000c378 (0x00004f17) x30 0x80010378
core   0: 0x8000c37c (0xc83f2423) sw      gp, -888(t5)
core   0: 3 0x8000c37c (0xc83f2423) mem 0x80010000 0x00000001
core   0: 0x8000c380 (0xff9ff06f) j       pc - 0x8
core   0: 3 0x8000c380 (0xff9ff06f)
core   0: 0x8000c378 (0x00004f17) auipc   t5, 0x4
core   0: 3 0x8000c378 (0x00004f17) x30 0x80010378
core   0: 0x8000c37c (0xc83f2423) sw      gp, -888(t5)
core   0: 3 0x8000c37c (0xc83f2423) mem 0x80010000 0x00000001
core   0: 0x8000c380 (0xff9ff06f) j       pc - 0x8
core   0: 3 0x8000c380 (0xff9ff06f)
core   0: 0x8000c378 (0x00004f17) auipc   t5, 0x4
core   0: 3 0x8000c378 (0x00004f17) x30 0x80010378
core   0: 0x8000c37c (0xc83f2423) sw      gp, -888(t5)
core   0: 3 0x8000c37c (0xc83f2423) mem 0x80010000 0x00000001
core   0: 0x8000c380 (0xff9ff06f) j       pc - 0x8
core   0: 3 0x8000c380 (0xff9ff06f)
core   0: 0x8000c378 (0x00004f17) auipc   t5, 0x4
core   0: 3 0x8000c378 (0x00004f17) x30 0x80010378
core   0: 0x8000c37c (0xc83f2423) sw      gp, -888(t5)
core   0: 3 0x8000c37c (0xc83f2423) mem 0x80010000 0x00000001
core   0: 0x8000c380 (0xff9ff06f) j       pc - 0x8
core   0: 3 0x8000c380 (0xff9ff06f)
core   0: 0x8000c378 (0x00004f17) auipc   t5, 0x4
core   0: 3 0x8000c378 (0x00004f17) x30 0x80010378
core   0: 0x8000c37c (0xc83f2423) sw      gp, -888(t5)
core   0: 3 0x8000c37c (0xc83f2423) mem 0x80010000 0x00000001
core   0: 0x8000c380 (0xff9ff06f) j       pc - 0x8
core   0: 3 0x8000c380 (0xff9ff06f)
core   0: 0x8000c378 (0x00004f17) auipc   t5, 0x4
core   0: 3 0x8000c378 (0x00004f17) x30 0x80010378
core   0: 0x8000c37c (0xc83f2423) sw      gp, -888(t5)
core   0: 3 0x8000c37c (0xc83f2423) mem 0x80010000 0x00000001
core   0: 0x8000c380 (0xff9ff06f) j       pc - 0x8
core   0: 3 0x8000c380 (0xff9ff06f)
core   0: 0x8000c378 (0x00004f17) auipc   t5, 0x4
core   0: 3 0x8000c378 (0x00004f17) x30 0x80010378
core   0: 0x8000c37c (0xc83f2423) sw      gp, -888(t5)
core   0: 3 0x8000c37c (0xc83f2423) mem 0x80010000 0x00000001
core   0: 0x8000c380 (0xff9ff06f) j       pc - 0x8
core   0: 3 0x8000c380 (0xff9ff06f)
core   0: 0x8000c378 (0x00004f17) auipc   t5, 0x4
core   0: 3 0x8000c378 (0x00004f17) x30 0x80010378
core   0: 0x8000c37c (0xc83f2423) sw      gp, -888(t5)
core   0: 3 0x8000c37c (0xc83f2423) mem 0x80010000 0x00000001
core   0: 0x8000c380 (0xff9ff06f) j       pc - 0x8
core   0: 3 0x8000c380 (0xff9ff06f)
core   0: 0x8000c378 (0x00004f17) auipc   t5, 0x4
core   0: 3 0x8000c378 (0x00004f17) x30 0x80010378
core   0: 0x8000c37c (0xc83f2423) sw      gp, -888(t5)
core   0: 3 0x8000c37c (0xc83f2423) mem 0x80010000 0x00000001
core   0: 0x8000c380 (0xff9ff06f) j       pc - 0x8
core   0: 3 0x8000c380 (0xff9ff06f)
core   0: 0x8000c378 (0x00004f17) auipc   t5, 0x4
core   0: 3 0x8000c378 (0x00004f17) x30 0x80010378
core   0: 0x8000c37c (0xc83f2423) sw      gp, -888(t5)
core   0: 3 0x8000c37c (0xc83f2423) mem 0x80010000 0x00000001
core   0: 0x8000c380 (0xff9ff06f) j       pc - 0x8
core   0: 3 0x8000c380 (0xff9ff06f)
core   0: 0x8000c378 (0x00004f17) auipc   t5, 0x4
core   0: 3 0x8000c378 (0x00004f17) x30 0x80010378
core   0: 0x8000c37c (0xc83f2423) sw      gp, -888(t5)
core   0: 3 0x8000c37c (0xc83f2423) mem 0x80010000 0x00000001
core   0: 0x8000c380 (0xff9ff06f) j       pc - 0x8
core   0: 3 0x8000c380 (0xff9ff06f)
core   0: 0x8000c378 (0x00004f17) auipc   t5, 0x4
core   0: 3 0x8000c378 (0x00004f17) x30 0x80010378
core   0: 0x8000c37c (0xc83f2423) sw      gp, -888(t5)
core   0: 3 0x8000c37c (0xc83f2423) mem 0x80010000 0x00000001
core   0: 0x8000c380 (0xff9ff06f) j       pc - 0x8
core   0: 3 0x8000c380 (0xff9ff06f)
core   0: 0x8000c378 (0x00004f17) auipc   t5, 0x4
core   0: 3 0x8000c378 (0x00004f17) x30 0x80010378
core   0: 0x8000c37c (0xc83f2423) sw      gp, -888(t5)
core   0: 3 0x8000c37c (0xc83f2423) mem 0x80010000 0x00000001
core   0: 0x8000c380 (0xff9ff06f) j       pc - 0x8
core   0: 3 0x8000c380 (0xff9ff06f)
core   0: 0x8000c378 (0x00004f17) auipc   t5, 0x4
core   0: 3 0x8000c378 (0x00004f17) x30 0x80010378
core   0: 0x8000c37c (0xc83f2423) sw      gp, -888(t5)
core   0: 3 0x8000c37c (0xc83f2423) mem 0x80010000 0x00000001
core   0: 0x8000c380 (0xff9ff06f) j       pc - 0x8
core   0: 3 0x8000c380 (0xff9ff06f)
core   0: 0x8000c378 (0x00004f17) auipc   t5, 0x4
core   0: 3 0x8000c378 (0x00004f17) x30 0x80010378
core   0: 0x8000c37c (0xc83f2423) sw      gp, -888(t5)
core   0: 3 0x8000c37c (0xc83f2423) mem 0x80010000 0x00000001
core   0: 0x8000c380 (0xff9ff06f) j       pc - 0x8
core   0: 3 0x8000c380 (0xff9ff06f)
core   0: 0x8000c378 (0x00004f17) auipc   t5, 0x4
core   0: 3 0x8000c378 (0x00004f17) x30 0x80010378
core   0: 0x8000c37c (0xc83f2423) sw      gp, -888(t5)
core   0: 3 0x8000c37c (0xc83f2423) mem 0x80010000 0x00000001
core   0: 0x8000c380 (0xff9ff06f) j       pc - 0x8
core   0: 3 0x8000c380 (0xff9ff06f)
core   0: 0x8000c378 (0x00004f17) auipc   t5, 0x4
core   0: 3 0x8000c378 (0x00004f17) x30 0x80010378
core   0: 0x8000c37c (0xc83f2423) sw      gp, -888(t5)
core   0: 3 0x8000c37c (0xc83f2423) mem 0x80010000 0x00000001
core   0: 0x8000c380 (0xff9ff06f) j       pc - 0x8
core   0: 3 0x8000c380 (0xff9ff06f)
core   0: 0x8000c378 (0x00004f17) auipc   t5, 0x4
core   0: 3 0x8000c378 (0x00004f17) x30 0x80010378
core   0: 0x8000c37c (0xc83f2423) sw      gp, -888(t5)
core   0: 3 0x8000c37c (0xc83f2423) mem 0x80010000 0x00000001
core   0: 0x8000c380 (0xff9ff06f) j       pc - 0x8
core   0: 3 0x8000c380 (0xff9ff06f)
core   0: 0x8000c378 (0x00004f17) auipc   t5, 0x4
core   0: 3 0x8000c378 (0x00004f17) x30 0x80010378
core   0: 0x8000c37c (0xc83f2423) sw      gp, -888(t5)
core   0: 3 0x8000c37c (0xc83f2423) mem 0x80010000 0x00000001
core   0: 0x8000c380 (0xff9ff06f) j       pc - 0x8
core   0: 3 0x8000c380 (0xff9ff06f)
core   0: 0x8000c378 (0x00004f17) auipc   t5, 0x4
core   0: 3 0x8000c378 (0x00004f17) x30 0x80010378
core   0: 0x8000c37c (0xc83f2423) sw      gp, -888(t5)
core   0: 3 0x8000c37c (0xc83f2423) mem 0x80010000 0x00000001
core   0: 0x8000c380 (0xff9ff06f) j       pc - 0x8
core   0: 3 0x8000c380 (0xff9ff06f)
core   0: 0x8000c378 (0x00004f17) auipc   t5, 0x4
core   0: 3 0x8000c378 (0x00004f17) x30 0x80010378
core   0: 0x8000c37c (0xc83f2423) sw      gp, -888(t5)
core   0: 3 0x8000c37c (0xc83f2423) mem 0x80010000 0x00000001
core   0: 0x8000c380 (0xff9ff06f) j       pc - 0x8
core   0: 3 0x8000c380 (0xff9ff06f)
core   0: 0x8000c378 (0x00004f17) auipc   t5, 0x4
core   0: 3 0x8000c378 (0x00004f17) x30 0x80010378
core   0: 0x8000c37c (0xc83f2423) sw      gp, -888(t5)
core   0: 3 0x8000c37c (0xc83f2423) mem 0x80010000 0x00000001
core   0: 0x8000c380 (0xff9ff06f) j       pc - 0x8
core   0: 3 0x8000c380 (0xff9ff06f)
core   0: 0x8000c378 (0x00004f17) auipc   t5, 0x4
core   0: 3 0x8000c378 (0x00004f17) x30 0x80010378
core   0: 0x8000c37c (0xc83f2423) sw      gp, -888(t5)
core   0: 3 0x8000c37c (0xc83f2423) mem 0x80010000 0x00000001
core   0: 0x8000c380 (0xff9ff06f) j       pc - 0x8
core   0: 3 0x8000c380 (0xff9ff06f)
core   0: 0x8000c378 (0x00004f17) auipc   t5, 0x4
core   0: 3 0x8000c378 (0x00004f17) x30 0x80010378
core   0: 0x8000c37c (0xc83f2423) sw      gp, -888(t5)
core   0: 3 0x8000c37c (0xc83f2423) mem 0x80010000 0x00000001
core   0: 0x8000c380 (0xff9ff06f) j       pc - 0x8
core   0: 3 0x8000c380 (0xff9ff06f)
core   0: 0x8000c378 (0x00004f17) auipc   t5, 0x4
core   0: 3 0x8000c378 (0x00004f17) x30 0x80010378
core   0: 0x8000c37c (0xc83f2423) sw      gp, -888(t5)
core   0: 3 0x8000c37c (0xc83f2423) mem 0x80010000 0x00000001
core   0: 0x8000c380 (0xff9ff06f) j       pc - 0x8
core   0: 3 0x8000c380 (0xff9ff06f)
core   0: 0x8000c378 (0x00004f17) auipc   t5, 0x4
core   0: 3 0x8000c378 (0x00004f17) x30 0x80010378
core   0: 0x8000c37c (0xc83f2423) sw      gp, -888(t5)
core   0: 3 0x8000c37c (0xc83f2423) mem 0x80010000 0x00000001
core   0: 0x8000c380 (0xff9ff06f) j       pc - 0x8
core   0: 3 0x8000c380 (0xff9ff06f)
core   0: 0x8000c378 (0x00004f17) auipc   t5, 0x4
core   0: 3 0x8000c378 (0x00004f17) x30 0x80010378
core   0: 0x8000c37c (0xc83f2423) sw      gp, -888(t5)
core   0: 3 0x8000c37c (0xc83f2423) mem 0x80010000 0x00000001
core   0: 0x8000c380 (0xff9ff06f) j       pc - 0x8
core   0: 3 0x8000c380 (0xff9ff06f)
core   0: 0x8000c378 (0x00004f17) auipc   t5, 0x4
core   0: 3 0x8000c378 (0x00004f17) x30 0x80010378
core   0: 0x8000c37c (0xc83f2423) sw      gp, -888(t5)
core   0: 3 0x8000c37c (0xc83f2423) mem 0x80010000 0x00000001
core   0: 0x8000c380 (0xff9ff06f) j       pc - 0x8
core   0: 3 0x8000c380 (0xff9ff06f)
core   0: 0x8000c378 (0x00004f17) auipc   t5, 0x4
core   0: 3 0x8000c378 (0x00004f17) x30 0x80010378
core   0: 0x8000c37c (0xc83f2423) sw      gp, -888(t5)
core   0: 3 0x8000c37c (0xc83f2423) mem 0x80010000 0x00000001
core   0: 0x8000c380 (0xff9ff06f) j       pc - 0x8
core   0: 3 0x8000c380 (0xff9ff06f)
core   0: 0x8000c378 (0x00004f17) auipc   t5, 0x4
core   0: 3 0x8000c378 (0x00004f17) x30 0x80010378
core   0: 0x8000c37c (0xc83f2423) sw      gp, -888(t5)
core   0: 3 0x8000c37c (0xc83f2423) mem 0x80010000 0x00000001
core   0: 0x8000c380 (0xff9ff06f) j       pc - 0x8
core   0: 3 0x8000c380 (0xff9ff06f)
core   0: 0x8000c378 (0x00004f17) auipc   t5, 0x4
core   0: 3 0x8000c378 (0x00004f17) x30 0x80010378
core   0: 0x8000c37c (0xc83f2423) sw      gp, -888(t5)
core   0: 3 0x8000c37c (0xc83f2423) mem 0x80010000 0x00000001
core   0: 0x8000c380 (0xff9ff06f) j       pc - 0x8
core   0: 3 0x8000c380 (0xff9ff06f)
core   0: 0x8000c378 (0x00004f17) auipc   t5, 0x4
core   0: 3 0x8000c378 (0x00004f17) x30 0x80010378
core   0: 0x8000c37c (0xc83f2423) sw      gp, -888(t5)
core   0: 3 0x8000c37c (0xc83f2423) mem 0x80010000 0x00000001
core   0: 0x8000c380 (0xff9ff06f) j       pc - 0x8
core   0: 3 0x8000c380 (0xff9ff06f)
core   0: 0x8000c378 (0x00004f17) auipc   t5, 0x4
core   0: 3 0x8000c378 (0x00004f17) x30 0x80010378
core   0: 0x8000c37c (0xc83f2423) sw      gp, -888(t5)
core   0: 3 0x8000c37c (0xc83f2423) mem 0x80010000 0x00000001
core   0: 0x8000c380 (0xff9ff06f) j       pc - 0x8
core   0: 3 0x8000c380 (0xff9ff06f)
core   0: 0x8000c378 (0x00004f17) auipc   t5, 0x4
core   0: 3 0x8000c378 (0x00004f17) x30 0x80010378
core   0: 0x8000c37c (0xc83f2423) sw      gp, -888(t5)
core   0: 3 0x8000c37c (0xc83f2423) mem 0x80010000 0x00000001
core   0: 0x8000c380 (0xff9ff06f) j       pc - 0x8
core   0: 3 0x8000c380 (0xff9ff06f)
core   0: 0x8000c378 (0x00004f17) auipc   t5, 0x4
core   0: 3 0x8000c378 (0x00004f17) x30 0x80010378
core   0: 0x8000c37c (0xc83f2423) sw      gp, -888(t5)
core   0: 3 0x8000c37c (0xc83f2423) mem 0x80010000 0x00000001
core   0: 0x8000c380 (0xff9ff06f) j       pc - 0x8
core   0: 3 0x8000c380 (0xff9ff06f)
core   0: 0x8000c378 (0x00004f17) auipc   t5, 0x4
core   0: 3 0x8000c378 (0x00004f17) x30 0x80010378
core   0: 0x8000c37c (0xc83f2423) sw      gp, -888(t5)
core   0: 3 0x8000c37c (0xc83f2423) mem 0x80010000 0x00000001
core   0: 0x8000c380 (0xff9ff06f) j       pc - 0x8
core   0: 3 0x8000c380 (0xff9ff06f)
core   0: 0x8000c378 (0x00004f17) auipc   t5, 0x4
core   0: 3 0x8000c378 (0x00004f17) x30 0x80010378
core   0: 0x8000c37c (0xc83f2423) sw      gp, -888(t5)
core   0: 3 0x8000c37c (0xc83f2423) mem 0x80010000 0x00000001
core   0: 0x8000c380 (0xff9ff06f) j       pc - 0x8
core   0: 3 0x8000c380 (0xff9ff06f)
core   0: 0x8000c378 (0x00004f17) auipc   t5, 0x4
core   0: 3 0x8000c378 (0x00004f17) x30 0x80010378
core   0: 0x8000c37c (0xc83f2423) sw      gp, -888(t5)
core   0: 3 0x8000c37c (0xc83f2423) mem 0x80010000 0x00000001
core   0: 0x8000c380 (0xff9ff06f) j       pc - 0x8
core   0: 3 0x8000c380 (0xff9ff06f)
core   0: 0x8000c378 (0x00004f17) auipc   t5, 0x4
core   0: 3 0x8000c378 (0x00004f17) x30 0x80010378
core   0: 0x8000c37c (0xc83f2423) sw      gp, -888(t5)
core   0: 3 0x8000c37c (0xc83f2423) mem 0x80010000 0x00000001
core   0: 0x8000c380 (0xff9ff06f) j       pc - 0x8
core   0: 3 0x8000c380 (0xff9ff06f)
core   0: 0x8000c378 (0x00004f17) auipc   t5, 0x4
core   0: 3 0x8000c378 (0x00004f17) x30 0x80010378
core   0: 0x8000c37c (0xc83f2423) sw      gp, -888(t5)
core   0: 3 0x8000c37c (0xc83f2423) mem 0x80010000 0x00000001
core   0: 0x8000c380 (0xff9ff06f) j       pc - 0x8
core   0: 3 0x8000c380 (0xff9ff06f)
core   0: 0x8000c378 (0x00004f17) auipc   t5, 0x4
core   0: 3 0x8000c378 (0x00004f17) x30 0x80010378
core   0: 0x8000c37c (0xc83f2423) sw      gp, -888(t5)
core   0: 3 0x8000c37c (0xc83f2423) mem 0x80010000 0x00000001
core   0: 0x8000c380 (0xff9ff06f) j       pc - 0x8
core   0: 3 0x8000c380 (0xff9ff06f)
core   0: 0x8000c378 (0x00004f17) auipc   t5, 0x4
core   0: 3 0x8000c378 (0x00004f17) x30 0x80010378
core   0: 0x8000c37c (0xc83f2423) sw      gp, -888(t5)
core   0: 3 0x8000c37c (0xc83f2423) mem 0x80010000 0x00000001
core   0: 0x8000c380 (0xff9ff06f) j       pc - 0x8
core   0: 3 0x8000c380 (0xff9ff06f)
core   0: 0x8000c378 (0x00004f17) auipc   t5, 0x4
core   0: 3 0x8000c378 (0x00004f17) x30 0x80010378
core   0: 0x8000c37c (0xc83f2423) sw      gp, -888(t5)
core   0: 3 0x8000c37c (0xc83f2423) mem 0x80010000 0x00000001
core   0: 0x8000c380 (0xff9ff06f) j       pc - 0x8
core   0: 3 0x8000c380 (0xff9ff06f)
core   0: 0x8000c378 (0x00004f17) auipc   t5, 0x4
core   0: 3 0x8000c378 (0x00004f17) x30 0x80010378
core   0: 0x8000c37c (0xc83f2423) sw      gp, -888(t5)
core   0: 3 0x8000c37c (0xc83f2423) mem 0x80010000 0x00000001
core   0: 0x8000c380 (0xff9ff06f) j       pc - 0x8
core   0: 3 0x8000c380 (0xff9ff06f)
core   0: 0x8000c378 (0x00004f17) auipc   t5, 0x4
core   0: 3 0x8000c378 (0x00004f17) x30 0x80010378
core   0: 0x8000c37c (0xc83f2423) sw      gp, -888(t5)
core   0: 3 0x8000c37c (0xc83f2423) mem 0x80010000 0x00000001
core   0: 0x8000c380 (0xff9ff06f) j       pc - 0x8
core   0: 3 0x8000c380 (0xff9ff06f)
core   0: 0x8000c378 (0x00004f17) auipc   t5, 0x4
core   0: 3 0x8000c378 (0x00004f17) x30 0x80010378
core   0: 0x8000c37c (0xc83f2423) sw      gp, -888(t5)
core   0: 3 0x8000c37c (0xc83f2423) mem 0x80010000 0x00000001
core   0: 0x8000c380 (0xff9ff06f) j       pc - 0x8
core   0: 3 0x8000c380 (0xff9ff06f)
core   0: 0x8000c378 (0x00004f17) auipc   t5, 0x4
core   0: 3 0x8000c378 (0x00004f17) x30 0x80010378
core   0: 0x8000c37c (0xc83f2423) sw      gp, -888(t5)
core   0: 3 0x8000c37c (0xc83f2423) mem 0x80010000 0x00000001
core   0: 0x8000c380 (0xff9ff06f) j       pc - 0x8
core   0: 3 0x8000c380 (0xff9ff06f)
core   0: 0x8000c378 (0x00004f17) auipc   t5, 0x4
core   0: 3 0x8000c378 (0x00004f17) x30 0x80010378
core   0: 0x8000c37c (0xc83f2423) sw      gp, -888(t5)
core   0: 3 0x8000c37c (0xc83f2423) mem 0x80010000 0x00000001
core   0: 0x8000c380 (0xff9ff06f) j       pc - 0x8
core   0: 3 0x8000c380 (0xff9ff06f)
core   0: 0x8000c378 (0x00004f17) auipc   t5, 0x4
core   0: 3 0x8000c378 (0x00004f17) x30 0x80010378
core   0: 0x8000c37c (0xc83f2423) sw      gp, -888(t5)
core   0: 3 0x8000c37c (0xc83f2423) mem 0x80010000 0x00000001
core   0: 0x8000c380 (0xff9ff06f) j       pc - 0x8
core   0: 3 0x8000c380 (0xff9ff06f)
core   0: 0x8000c378 (0x00004f17) auipc   t5, 0x4
core   0: 3 0x8000c378 (0x00004f17) x30 0x80010378
core   0: 0x8000c37c (0xc83f2423) sw      gp, -888(t5)
core   0: 3 0x8000c37c (0xc83f2423) mem 0x80010000 0x00000001
core   0: 0x8000c380 (0xff9ff06f) j       pc - 0x8
core   0: 3 0x8000c380 (0xff9ff06f)
core   0: 0x8000c378 (0x00004f17) auipc   t5, 0x4
core   0: 3 0x8000c378 (0x00004f17) x30 0x80010378
core   0: 0x8000c37c (0xc83f2423) sw      gp, -888(t5)
core   0: 3 0x8000c37c (0xc83f2423) mem 0x80010000 0x00000001
core   0: 0x8000c380 (0xff9ff06f) j       pc - 0x8
core   0: 3 0x8000c380 (0xff9ff06f)
core   0: 0x8000c378 (0x00004f17) auipc   t5, 0x4
core   0: 3 0x8000c378 (0x00004f17) x30 0x80010378
core   0: 0x8000c37c (0xc83f2423) sw      gp, -888(t5)
core   0: 3 0x8000c37c (0xc83f2423) mem 0x80010000 0x00000001
core   0: 0x8000c380 (0xff9ff06f) j       pc - 0x8
core   0: 3 0x8000c380 (0xff9ff06f)
core   0: 0x8000c378 (0x00004f17) auipc   t5, 0x4
core   0: 3 0x8000c378 (0x00004f17) x30 0x80010378
core   0: 0x8000c37c (0xc83f2423) sw      gp, -888(t5)
core   0: 3 0x8000c37c (0xc83f2423) mem 0x80010000 0x00000001
core   0: 0x8000c380 (0xff9ff06f) j       pc - 0x8
core   0: 3 0x8000c380 (0xff9ff06f)
core   0: 0x8000c378 (0x00004f17) auipc   t5, 0x4
core   0: 3 0x8000c378 (0x00004f17) x30 0x80010378
core   0: 0x8000c37c (0xc83f2423) sw      gp, -888(t5)
core   0: 3 0x8000c37c (0xc83f2423) mem 0x80010000 0x00000001
core   0: 0x8000c380 (0xff9ff06f) j       pc - 0x8
core   0: 3 0x8000c380 (0xff9ff06f)
core   0: 0x8000c378 (0x00004f17) auipc   t5, 0x4
core   0: 3 0x8000c378 (0x00004f17) x30 0x80010378
core   0: 0x8000c37c (0xc83f2423) sw      gp, -888(t5)
core   0: 3 0x8000c37c (0xc83f2423) mem 0x80010000 0x00000001
core   0: 0x8000c380 (0xff9ff06f) j       pc - 0x8
core   0: 3 0x8000c380 (0xff9ff06f)
core   0: 0x8000c378 (0x00004f17) auipc   t5, 0x4
core   0: 3 0x8000c378 (0x00004f17) x30 0x80010378
core   0: 0x8000c37c (0xc83f2423) sw      gp, -888(t5)
core   0: 3 0x8000c37c (0xc83f2423) mem 0x80010000 0x00000001
core   0: 0x8000c380 (0xff9ff06f) j       pc - 0x8
core   0: 3 0x8000c380 (0xff9ff06f)
core   0: 0x8000c378 (0x00004f17) auipc   t5, 0x4
core   0: 3 0x8000c378 (0x00004f17) x30 0x80010378
core   0: 0x8000c37c (0xc83f2423) sw      gp, -888(t5)
core   0: 3 0x8000c37c (0xc83f2423) mem 0x80010000 0x00000001
core   0: 0x8000c380 (0xff9ff06f) j       pc - 0x8
core   0: 3 0x8000c380 (0xff9ff06f)
core   0: 0x8000c378 (0x00004f17) auipc   t5, 0x4
core   0: 3 0x8000c378 (0x00004f17) x30 0x80010378
core   0: 0x8000c37c (0xc83f2423) sw      gp, -888(t5)
core   0: 3 0x8000c37c (0xc83f2423) mem 0x80010000 0x00000001
core   0: 0x8000c380 (0xff9ff06f) j       pc - 0x8
core   0: 3 0x8000c380 (0xff9ff06f)
core   0: 0x8000c378 (0x00004f17) auipc   t5, 0x4
core   0: 3 0x8000c378 (0x00004f17) x30 0x80010378
core   0: 0x8000c37c (0xc83f2423) sw      gp, -888(t5)
core   0: 3 0x8000c37c (0xc83f2423) mem 0x80010000 0x00000001
core   0: 0x8000c380 (0xff9ff06f) j       pc - 0x8
core   0: 3 0x8000c380 (0xff9ff06f)
core   0: 0x8000c378 (0x00004f17) auipc   t5, 0x4
core   0: 3 0x8000c378 (0x00004f17) x30 0x80010378
core   0: 0x8000c37c (0xc83f2423) sw      gp, -888(t5)
core   0: 3 0x8000c37c (0xc83f2423) mem 0x80010000 0x00000001
core   0: 0x8000c380 (0xff9ff06f) j       pc - 0x8
core   0: 3 0x8000c380 (0xff9ff06f)
core   0: 0x8000c378 (0x00004f17) auipc   t5, 0x4
core   0: 3 0x8000c378 (0x00004f17) x30 0x80010378
core   0: 0x8000c37c (0xc83f2423) sw      gp, -888(t5)
core   0: 3 0x8000c37c (0xc83f2423) mem 0x80010000 0x00000001
core   0: 0x8000c380 (0xff9ff06f) j       pc - 0x8
core   0: 3 0x8000c380 (0xff9ff06f)
core   0: 0x8000c378 (0x00004f17) auipc   t5, 0x4
core   0: 3 0x8000c378 (0x00004f17) x30 0x80010378
core   0: 0x8000c37c (0xc83f2423) sw      gp, -888(t5)
core   0: 3 0x8000c37c (0xc83f2423) mem 0x80010000 0x00000001
core   0: 0x8000c380 (0xff9ff06f) j       pc - 0x8
core   0: 3 0x8000c380 (0xff9ff06f)
core   0: 0x8000c378 (0x00004f17) auipc   t5, 0x4
core   0: 3 0x8000c378 (0x00004f17) x30 0x80010378
core   0: 0x8000c37c (0xc83f2423) sw      gp, -888(t5)
core   0: 3 0x8000c37c (0xc83f2423) mem 0x80010000 0x00000001
core   0: 0x8000c380 (0xff9ff06f) j       pc - 0x8
core   0: 3 0x8000c380 (0xff9ff06f)
core   0: 0x8000c378 (0x00004f17) auipc   t5, 0x4
core   0: 3 0x8000c378 (0x00004f17) x30 0x80010378
core   0: 0x8000c37c (0xc83f2423) sw      gp, -888(t5)
core   0: 3 0x8000c37c (0xc83f2423) mem 0x80010000 0x00000001
core   0: 0x8000c380 (0xff9ff06f) j       pc - 0x8
core   0: 3 0x8000c380 (0xff9ff06f)
core   0: 0x8000c378 (0x00004f17) auipc   t5, 0x4
core   0: 3 0x8000c378 (0x00004f17) x30 0x80010378
core   0: 0x8000c37c (0xc83f2423) sw      gp, -888(t5)
core   0: 3 0x8000c37c (0xc83f2423) mem 0x80010000 0x00000001
core   0: 0x8000c380 (0xff9ff06f) j       pc - 0x8
core   0: 3 0x8000c380 (0xff9ff06f)
core   0: 0x8000c378 (0x00004f17) auipc   t5, 0x4
core   0: 3 0x8000c378 (0x00004f17) x30 0x80010378
core   0: 0x8000c37c (0xc83f2423) sw      gp, -888(t5)
core   0: 3 0x8000c37c (0xc83f2423) mem 0x80010000 0x00000001
core   0: 0x8000c380 (0xff9ff06f) j       pc - 0x8
core   0: 3 0x8000c380 (0xff9ff06f)
core   0: 0x8000c378 (0x00004f17) auipc   t5, 0x4
core   0: 3 0x8000c378 (0x00004f17) x30 0x80010378
core   0: 0x8000c37c (0xc83f2423) sw      gp, -888(t5)
core   0: 3 0x8000c37c (0xc83f2423) mem 0x80010000 0x00000001
core   0: 0x8000c380 (0xff9ff06f) j       pc - 0x8
core   0: 3 0x8000c380 (0xff9ff06f)
core   0: 0x8000c378 (0x00004f17) auipc   t5, 0x4
core   0: 3 0x8000c378 (0x00004f17) x30 0x80010378
core   0: 0x8000c37c (0xc83f2423) sw      gp, -888(t5)
core   0: 3 0x8000c37c (0xc83f2423) mem 0x80010000 0x00000001
core   0: 0x8000c380 (0xff9ff06f) j       pc - 0x8
core   0: 3 0x8000c380 (0xff9ff06f)
core   0: 0x8000c378 (0x00004f17) auipc   t5, 0x4
core   0: 3 0x8000c378 (0x00004f17) x30 0x80010378
core   0: 0x8000c37c (0xc83f2423) sw      gp, -888(t5)
core   0: 3 0x8000c37c (0xc83f2423) mem 0x80010000 0x00000001
core   0: 0x8000c380 (0xff9ff06f) j       pc - 0x8
core   0: 3 0x8000c380 (0xff9ff06f)
core   0: 0x8000c378 (0x00004f17) auipc   t5, 0x4
core   0: 3 0x8000c378 (0x00004f17) x30 0x80010378
core   0: 0x8000c37c (0xc83f2423) sw      gp, -888(t5)
core   0: 3 0x8000c37c (0xc83f2423) mem 0x80010000 0x00000001
core   0: 0x8000c380 (0xff9ff06f) j       pc - 0x8
core   0: 3 0x8000c380 (0xff9ff06f)
core   0: 0x8000c378 (0x00004f17) auipc   t5, 0x4
core   0: 3 0x8000c378 (0x00004f17) x30 0x80010378
core   0: 0x8000c37c (0xc83f2423) sw      gp, -888(t5)
core   0: 3 0x8000c37c (0xc83f2423) mem 0x80010000 0x00000001
core   0: 0x8000c380 (0xff9ff06f) j       pc - 0x8
core   0: 3 0x8000c380 (0xff9ff06f)
core   0: 0x8000c378 (0x00004f17) auipc   t5, 0x4
core   0: 3 0x8000c378 (0x00004f17) x30 0x80010378
core   0: 0x8000c37c (0xc83f2423) sw      gp, -888(t5)
core   0: 3 0x8000c37c (0xc83f2423) mem 0x80010000 0x00000001
core   0: 0x8000c380 (0xff9ff06f) j       pc - 0x8
core   0: 3 0x8000c380 (0xff9ff06f)
core   0: 0x8000c378 (0x00004f17) auipc   t5, 0x4
core   0: 3 0x8000c378 (0x00004f17) x30 0x80010378
core   0: 0x8000c37c (0xc83f2423) sw      gp, -888(t5)
core   0: 3 0x8000c37c (0xc83f2423) mem 0x80010000 0x00000001
core   0: 0x8000c380 (0xff9ff06f) j       pc - 0x8
core   0: 3 0x8000c380 (0xff9ff06f)
core   0: 0x8000c378 (0x00004f17) auipc   t5, 0x4
core   0: 3 0x8000c378 (0x00004f17) x30 0x80010378
core   0: 0x8000c37c (0xc83f2423) sw      gp, -888(t5)
core   0: 3 0x8000c37c (0xc83f2423) mem 0x80010000 0x00000001
core   0: 0x8000c380 (0xff9ff06f) j       pc - 0x8
core   0: 3 0x8000c380 (0xff9ff06f)
core   0: 0x8000c378 (0x00004f17) auipc   t5, 0x4
core   0: 3 0x8000c378 (0x00004f17) x30 0x80010378
core   0: 0x8000c37c (0xc83f2423) sw      gp, -888(t5)
core   0: 3 0x8000c37c (0xc83f2423) mem 0x80010000 0x00000001
core   0: 0x8000c380 (0xff9ff06f) j       pc - 0x8
core   0: 3 0x8000c380 (0xff9ff06f)
core   0: 0x8000c378 (0x00004f17) auipc   t5, 0x4
core   0: 3 0x8000c378 (0x00004f17) x30 0x80010378
core   0: 0x8000c37c (0xc83f2423) sw      gp, -888(t5)
core   0: 3 0x8000c37c (0xc83f2423) mem 0x80010000 0x00000001
core   0: 0x8000c380 (0xff9ff06f) j       pc - 0x8
core   0: 3 0x8000c380 (0xff9ff06f)
core   0: 0x8000c378 (0x00004f17) auipc   t5, 0x4
core   0: 3 0x8000c378 (0x00004f17) x30 0x80010378
core   0: 0x8000c37c (0xc83f2423) sw      gp, -888(t5)
core   0: 3 0x8000c37c (0xc83f2423) mem 0x80010000 0x00000001
core   0: 0x8000c380 (0xff9ff06f) j       pc - 0x8
core   0: 3 0x8000c380 (0xff9ff06f)
core   0: 0x8000c378 (0x00004f17) auipc   t5, 0x4
core   0: 3 0x8000c378 (0x00004f17) x30 0x80010378
core   0: 0x8000c37c (0xc83f2423) sw      gp, -888(t5)
core   0: 3 0x8000c37c (0xc83f2423) mem 0x80010000 0x00000001
core   0: 0x8000c380 (0xff9ff06f) j       pc - 0x8
core   0: 3 0x8000c380 (0xff9ff06f)
core   0: 0x8000c378 (0x00004f17) auipc   t5, 0x4
core   0: 3 0x8000c378 (0x00004f17) x30 0x80010378
core   0: 0x8000c37c (0xc83f2423) sw      gp, -888(t5)
core   0: 3 0x8000c37c (0xc83f2423) mem 0x80010000 0x00000001
core   0: 0x8000c380 (0xff9ff06f) j       pc - 0x8
core   0: 3 0x8000c380 (0xff9ff06f)
core   0: 0x8000c378 (0x00004f17) auipc   t5, 0x4
core   0: 3 0x8000c378 (0x00004f17) x30 0x80010378
core   0: 0x8000c37c (0xc83f2423) sw      gp, -888(t5)
core   0: 3 0x8000c37c (0xc83f2423) mem 0x80010000 0x00000001
core   0: 0x8000c380 (0xff9ff06f) j       pc - 0x8
core   0: 3 0x8000c380 (0xff9ff06f)
core   0: 0x8000c378 (0x00004f17) auipc   t5, 0x4
core   0: 3 0x8000c378 (0x00004f17) x30 0x80010378
core   0: 0x8000c37c (0xc83f2423) sw      gp, -888(t5)
core   0: 3 0x8000c37c (0xc83f2423) mem 0x80010000 0x00000001
core   0: 0x8000c380 (0xff9ff06f) j       pc - 0x8
core   0: 3 0x8000c380 (0xff9ff06f)
core   0: 0x8000c378 (0x00004f17) auipc   t5, 0x4
core   0: 3 0x8000c378 (0x00004f17) x30 0x80010378
core   0: 0x8000c37c (0xc83f2423) sw      gp, -888(t5)
core   0: 3 0x8000c37c (0xc83f2423) mem 0x80010000 0x00000001
core   0: 0x8000c380 (0xff9ff06f) j       pc - 0x8
core   0: 3 0x8000c380 (0xff9ff06f)
core   0: 0x8000c378 (0x00004f17) auipc   t5, 0x4
core   0: 3 0x8000c378 (0x00004f17) x30 0x80010378
core   0: 0x8000c37c (0xc83f2423) sw      gp, -888(t5)
core   0: 3 0x8000c37c (0xc83f2423) mem 0x80010000 0x00000001
core   0: 0x8000c380 (0xff9ff06f) j       pc - 0x8
core   0: 3 0x8000c380 (0xff9ff06f)
core   0: 0x8000c378 (0x00004f17) auipc   t5, 0x4
core   0: 3 0x8000c378 (0x00004f17) x30 0x80010378
core   0: 0x8000c37c (0xc83f2423) sw      gp, -888(t5)
core   0: 3 0x8000c37c (0xc83f2423) mem 0x80010000 0x00000001
core   0: 0x8000c380 (0xff9ff06f) j       pc - 0x8
core   0: 3 0x8000c380 (0xff9ff06f)
core   0: 0x8000c378 (0x00004f17) auipc   t5, 0x4
core   0: 3 0x8000c378 (0x00004f17) x30 0x80010378
core   0: 0x8000c37c (0xc83f2423) sw      gp, -888(t5)
core   0: 3 0x8000c37c (0xc83f2423) mem 0x80010000 0x00000001
core   0: 0x8000c380 (0xff9ff06f) j       pc - 0x8
core   0: 3 0x8000c380 (0xff9ff06f)
core   0: 0x8000c378 (0x00004f17) auipc   t5, 0x4
core   0: 3 0x8000c378 (0x00004f17) x30 0x80010378
core   0: 0x8000c37c (0xc83f2423) sw      gp, -888(t5)
core   0: 3 0x8000c37c (0xc83f2423) mem 0x80010000 0x00000001
core   0: 0x8000c380 (0xff9ff06f) j       pc - 0x8
core   0: 3 0x8000c380 (0xff9ff06f)
core   0: 0x8000c378 (0x00004f17) auipc   t5, 0x4
core   0: 3 0x8000c378 (0x00004f17) x30 0x80010378
core   0: 0x8000c37c (0xc83f2423) sw      gp, -888(t5)
core   0: 3 0x8000c37c (0xc83f2423) mem 0x80010000 0x00000001
core   0: 0x8000c380 (0xff9ff06f) j       pc - 0x8
core   0: 3 0x8000c380 (0xff9ff06f)
core   0: 0x8000c378 (0x00004f17) auipc   t5, 0x4
core   0: 3 0x8000c378 (0x00004f17) x30 0x80010378
core   0: 0x8000c37c (0xc83f2423) sw      gp, -888(t5)
core   0: 3 0x8000c37c (0xc83f2423) mem 0x80010000 0x00000001
core   0: 0x8000c380 (0xff9ff06f) j       pc - 0x8
core   0: 3 0x8000c380 (0xff9ff06f)
core   0: 0x8000c378 (0x00004f17) auipc   t5, 0x4
core   0: 3 0x8000c378 (0x00004f17) x30 0x80010378
core   0: 0x8000c37c (0xc83f2423) sw      gp, -888(t5)
core   0: 3 0x8000c37c (0xc83f2423) mem 0x80010000 0x00000001
core   0: 0x8000c380 (0xff9ff06f) j       pc - 0x8
core   0: 3 0x8000c380 (0xff9ff06f)
core   0: 0x8000c378 (0x00004f17) auipc   t5, 0x4
core   0: 3 0x8000c378 (0x00004f17) x30 0x80010378
core   0: 0x8000c37c (0xc83f2423) sw      gp, -888(t5)
core   0: 3 0x8000c37c (0xc83f2423) mem 0x80010000 0x00000001
core   0: 0x8000c380 (0xff9ff06f) j       pc - 0x8
core   0: 3 0x8000c380 (0xff9ff06f)
core   0: 0x8000c378 (0x00004f17) auipc   t5, 0x4
core   0: 3 0x8000c378 (0x00004f17) x30 0x80010378
core   0: 0x8000c37c (0xc83f2423) sw      gp, -888(t5)
core   0: 3 0x8000c37c (0xc83f2423) mem 0x80010000 0x00000001
core   0: 0x8000c380 (0xff9ff06f) j       pc - 0x8
core   0: 3 0x8000c380 (0xff9ff06f)
core   0: 0x8000c378 (0x00004f17) auipc   t5, 0x4
core   0: 3 0x8000c378 (0x00004f17) x30 0x80010378
core   0: 0x8000c37c (0xc83f2423) sw      gp, -888(t5)
core   0: 3 0x8000c37c (0xc83f2423) mem 0x80010000 0x00000001
core   0: 0x8000c380 (0xff9ff06f) j       pc - 0x8
core   0: 3 0x8000c380 (0xff9ff06f)
core   0: 0x8000c378 (0x00004f17) auipc   t5, 0x4
core   0: 3 0x8000c378 (0x00004f17) x30 0x80010378
core   0: 0x8000c37c (0xc83f2423) sw      gp, -888(t5)
core   0: 3 0x8000c37c (0xc83f2423) mem 0x80010000 0x00000001
core   0: 0x8000c380 (0xff9ff06f) j       pc - 0x8
core   0: 3 0x8000c380 (0xff9ff06f)
core   0: 0x8000c378 (0x00004f17) auipc   t5, 0x4
core   0: 3 0x8000c378 (0x00004f17) x30 0x80010378
core   0: 0x8000c37c (0xc83f2423) sw      gp, -888(t5)
core   0: 3 0x8000c37c (0xc83f2423) mem 0x80010000 0x00000001
core   0: 0x8000c380 (0xff9ff06f) j       pc - 0x8
core   0: 3 0x8000c380 (0xff9ff06f)
core   0: 0x8000c378 (0x00004f17) auipc   t5, 0x4
core   0: 3 0x8000c378 (0x00004f17) x30 0x80010378
core   0: 0x8000c37c (0xc83f2423) sw      gp, -888(t5)
core   0: 3 0x8000c37c (0xc83f2423) mem 0x80010000 0x00000001
core   0: 0x8000c380 (0xff9ff06f) j       pc - 0x8
core   0: 3 0x8000c380 (0xff9ff06f)
core   0: 0x8000c378 (0x00004f17) auipc   t5, 0x4
core   0: 3 0x8000c378 (0x00004f17) x30 0x80010378
core   0: 0x8000c37c (0xc83f2423) sw      gp, -888(t5)
core   0: 3 0x8000c37c (0xc83f2423) mem 0x80010000 0x00000001
core   0: 0x8000c380 (0xff9ff06f) j       pc - 0x8
core   0: 3 0x8000c380 (0xff9ff06f)
core   0: 0x8000c378 (0x00004f17) auipc   t5, 0x4
core   0: 3 0x8000c378 (0x00004f17) x30 0x80010378
core   0: 0x8000c37c (0xc83f2423) sw      gp, -888(t5)
core   0: 3 0x8000c37c (0xc83f2423) mem 0x80010000 0x00000001
core   0: 0x8000c380 (0xff9ff06f) j       pc - 0x8
core   0: 3 0x8000c380 (0xff9ff06f)
core   0: 0x8000c378 (0x00004f17) auipc   t5, 0x4
core   0: 3 0x8000c378 (0x00004f17) x30 0x80010378
core   0: 0x8000c37c (0xc83f2423) sw      gp, -888(t5)
core   0: 3 0x8000c37c (0xc83f2423) mem 0x80010000 0x00000001
core   0: 0x8000c380 (0xff9ff06f) j       pc - 0x8
core   0: 3 0x8000c380 (0xff9ff06f)
core   0: 0x8000c378 (0x00004f17) auipc   t5, 0x4
core   0: 3 0x8000c378 (0x00004f17) x30 0x80010378
core   0: 0x8000c37c (0xc83f2423) sw      gp, -888(t5)
core   0: 3 0x8000c37c (0xc83f2423) mem 0x80010000 0x00000001
core   0: 0x8000c380 (0xff9ff06f) j       pc - 0x8
core   0: 3 0x8000c380 (0xff9ff06f)
core   0: 0x8000c378 (0x00004f17) auipc   t5, 0x4
core   0: 3 0x8000c378 (0x00004f17) x30 0x80010378
core   0: 0x8000c37c (0xc83f2423) sw      gp, -888(t5)
core   0: 3 0x8000c37c (0xc83f2423) mem 0x80010000 0x00000001
core   0: 0x8000c380 (0xff9ff06f) j       pc - 0x8
core   0: 3 0x8000c380 (0xff9ff06f)
core   0: 0x8000c378 (0x00004f17) auipc   t5, 0x4
core   0: 3 0x8000c378 (0x00004f17) x30 0x80010378
core   0: 0x8000c37c (0xc83f2423) sw      gp, -888(t5)
core   0: 3 0x8000c37c (0xc83f2423) mem 0x80010000 0x00000001
core   0: 0x8000c380 (0xff9ff06f) j       pc - 0x8
core   0: 3 0x8000c380 (0xff9ff06f)
core   0: 0x8000c378 (0x00004f17) auipc   t5, 0x4
core   0: 3 0x8000c378 (0x00004f17) x30 0x80010378
core   0: 0x8000c37c (0xc83f2423) sw      gp, -888(t5)
core   0: 3 0x8000c37c (0xc83f2423) mem 0x80010000 0x00000001
core   0: 0x8000c380 (0xff9ff06f) j       pc - 0x8
core   0: 3 0x8000c380 (0xff9ff06f)
core   0: 0x8000c378 (0x00004f17) auipc   t5, 0x4
core   0: 3 0x8000c378 (0x00004f17) x30 0x80010378
core   0: 0x8000c37c (0xc83f2423) sw      gp, -888(t5)
core   0: 3 0x8000c37c (0xc83f2423) mem 0x80010000 0x00000001
core   0: 0x8000c380 (0xff9ff06f) j       pc - 0x8
core   0: 3 0x8000c380 (0xff9ff06f)
core   0: 0x8000c378 (0x00004f17) auipc   t5, 0x4
core   0: 3 0x8000c378 (0x00004f17) x30 0x80010378
core   0: 0x8000c37c (0xc83f2423) sw      gp, -888(t5)
core   0: 3 0x8000c37c (0xc83f2423) mem 0x80010000 0x00000001
core   0: 0x8000c380 (0xff9ff06f) j       pc - 0x8
core   0: 3 0x8000c380 (0xff9ff06f)
core   0: 0x8000c378 (0x00004f17) auipc   t5, 0x4
core   0: 3 0x8000c378 (0x00004f17) x30 0x80010378
core   0: 0x8000c37c (0xc83f2423) sw      gp, -888(t5)
core   0: 3 0x8000c37c (0xc83f2423) mem 0x80010000 0x00000001
core   0: 0x8000c380 (0xff9ff06f) j       pc - 0x8
core   0: 3 0x8000c380 (0xff9ff06f)
core   0: 0x8000c378 (0x00004f17) auipc   t5, 0x4
core   0: 3 0x8000c378 (0x00004f17) x30 0x80010378
core   0: 0x8000c37c (0xc83f2423) sw      gp, -888(t5)
core   0: 3 0x8000c37c (0xc83f2423) mem 0x80010000 0x00000001
core   0: 0x8000c380 (0xff9ff06f) j       pc - 0x8
core   0: 3 0x8000c380 (0xff9ff06f)
core   0: 0x8000c378 (0x00004f17) auipc   t5, 0x4
core   0: 3 0x8000c378 (0x00004f17) x30 0x80010378
core   0: 0x8000c37c (0xc83f2423) sw      gp, -888(t5)
core   0: 3 0x8000c37c (0xc83f2423) mem 0x80010000 0x00000001
core   0: 0x8000c380 (0xff9ff06f) j       pc - 0x8
core   0: 3 0x8000c380 (0xff9ff06f)
core   0: 0x8000c378 (0x00004f17) auipc   t5, 0x4
core   0: 3 0x8000c378 (0x00004f17) x30 0x80010378
core   0: 0x8000c37c (0xc83f2423) sw      gp, -888(t5)
core   0: 3 0x8000c37c (0xc83f2423) mem 0x80010000 0x00000001
core   0: 0x8000c380 (0xff9ff06f) j       pc - 0x8
core   0: 3 0x8000c380 (0xff9ff06f)
core   0: 0x8000c378 (0x00004f17) auipc   t5, 0x4
core   0: 3 0x8000c378 (0x00004f17) x30 0x80010378
core   0: 0x8000c37c (0xc83f2423) sw      gp, -888(t5)
core   0: 3 0x8000c37c (0xc83f2423) mem 0x80010000 0x00000001
core   0: 0x8000c380 (0xff9ff06f) j       pc - 0x8
core   0: 3 0x8000c380 (0xff9ff06f)
core   0: 0x8000c378 (0x00004f17) auipc   t5, 0x4
core   0: 3 0x8000c378 (0x00004f17) x30 0x80010378
core   0: 0x8000c37c (0xc83f2423) sw      gp, -888(t5)
core   0: 3 0x8000c37c (0xc83f2423) mem 0x80010000 0x00000001
core   0: 0x8000c380 (0xff9ff06f) j       pc - 0x8
core   0: 3 0x8000c380 (0xff9ff06f)
core   0: 0x8000c378 (0x00004f17) auipc   t5, 0x4
core   0: 3 0x8000c378 (0x00004f17) x30 0x80010378
core   0: 0x8000c37c (0xc83f2423) sw      gp, -888(t5)
core   0: 3 0x8000c37c (0xc83f2423) mem 0x80010000 0x00000001
core   0: 0x8000c380 (0xff9ff06f) j       pc - 0x8
core   0: 3 0x8000c380 (0xff9ff06f)
core   0: 0x8000c378 (0x00004f17) auipc   t5, 0x4
core   0: 3 0x8000c378 (0x00004f17) x30 0x80010378
core   0: 0x8000c37c (0xc83f2423) sw      gp, -888(t5)
core   0: 3 0x8000c37c (0xc83f2423) mem 0x80010000 0x00000001
core   0: 0x8000c380 (0xff9ff06f) j       pc - 0x8
core   0: 3 0x8000c380 (0xff9ff06f)
core   0: 0x8000c378 (0x00004f17) auipc   t5, 0x4
core   0: 3 0x8000c378 (0x00004f17) x30 0x80010378
core   0: 0x8000c37c (0xc83f2423) sw      gp, -888(t5)
core   0: 3 0x8000c37c (0xc83f2423) mem 0x80010000 0x00000001
core   0: 0x8000c380 (0xff9ff06f) j       pc - 0x8
core   0: 3 0x8000c380 (0xff9ff06f)
core   0: 0x8000c378 (0x00004f17) auipc   t5, 0x4
core   0: 3 0x8000c378 (0x00004f17) x30 0x80010378
core   0: 0x8000c37c (0xc83f2423) sw      gp, -888(t5)
core   0: 3 0x8000c37c (0xc83f2423) mem 0x80010000 0x00000001
core   0: 0x8000c380 (0xff9ff06f) j       pc - 0x8
core   0: 3 0x8000c380 (0xff9ff06f)
core   0: 0x8000c378 (0x00004f17) auipc   t5, 0x4
core   0: 3 0x8000c378 (0x00004f17) x30 0x80010378
core   0: 0x8000c37c (0xc83f2423) sw      gp, -888(t5)
core   0: 3 0x8000c37c (0xc83f2423) mem 0x80010000 0x00000001
core   0: 0x8000c380 (0xff9ff06f) j       pc - 0x8
core   0: 3 0x8000c380 (0xff9ff06f)
core   0: 0x8000c378 (0x00004f17) auipc   t5, 0x4
core   0: 3 0x8000c378 (0x00004f17) x30 0x80010378
core   0: 0x8000c37c (0xc83f2423) sw      gp, -888(t5)
core   0: 3 0x8000c37c (0xc83f2423) mem 0x80010000 0x00000001
core   0: 0x8000c380 (0xff9ff06f) j       pc - 0x8
core   0: 3 0x8000c380 (0xff9ff06f)
core   0: 0x8000c378 (0x00004f17) auipc   t5, 0x4
core   0: 3 0x8000c378 (0x00004f17) x30 0x80010378
core   0: 0x8000c37c (0xc83f2423) sw      gp, -888(t5)
core   0: 3 0x8000c37c (0xc83f2423) mem 0x80010000 0x00000001
core   0: 0x8000c380 (0xff9ff06f) j       pc - 0x8
core   0: 3 0x8000c380 (0xff9ff06f)
core   0: 0x8000c378 (0x00004f17) auipc   t5, 0x4
core   0: 3 0x8000c378 (0x00004f17) x30 0x80010378
core   0: 0x8000c37c (0xc83f2423) sw      gp, -888(t5)
core   0: 3 0x8000c37c (0xc83f2423) mem 0x80010000 0x00000001
core   0: 0x8000c380 (0xff9ff06f) j       pc - 0x8
core   0: 3 0x8000c380 (0xff9ff06f)
core   0: 0x8000c378 (0x00004f17) auipc   t5, 0x4
core   0: 3 0x8000c378 (0x00004f17) x30 0x80010378
core   0: 0x8000c37c (0xc83f2423) sw      gp, -888(t5)
core   0: 3 0x8000c37c (0xc83f2423) mem 0x80010000 0x00000001
core   0: 0x8000c380 (0xff9ff06f) j       pc - 0x8
core   0: 3 0x8000c380 (0xff9ff06f)
core   0: 0x8000c378 (0x00004f17) auipc   t5, 0x4
core   0: 3 0x8000c378 (0x00004f17) x30 0x80010378
core   0: 0x8000c37c (0xc83f2423) sw      gp, -888(t5)
core   0: 3 0x8000c37c (0xc83f2423) mem 0x80010000 0x00000001
core   0: 0x8000c380 (0xff9ff06f) j       pc - 0x8
core   0: 3 0x8000c380 (0xff9ff06f)
core   0: 0x8000c378 (0x00004f17) auipc   t5, 0x4
core   0: 3 0x8000c378 (0x00004f17) x30 0x80010378
core   0: 0x8000c37c (0xc83f2423) sw      gp, -888(t5)
core   0: 3 0x8000c37c (0xc83f2423) mem 0x80010000 0x00000001
core   0: 0x8000c380 (0xff9ff06f) j       pc - 0x8
core   0: 3 0x8000c380 (0xff9ff06f)
core   0: 0x8000c378 (0x00004f17) auipc   t5, 0x4
core   0: 3 0x8000c378 (0x00004f17) x30 0x80010378
core   0: 0x8000c37c (0xc83f2423) sw      gp, -888(t5)
core   0: 3 0x8000c37c (0xc83f2423) mem 0x80010000 0x00000001
core   0: 0x8000c380 (0xff9ff06f) j       pc - 0x8
core   0: 3 0x8000c380 (0xff9ff06f)
core   0: 0x8000c378 (0x00004f17) auipc   t5, 0x4
core   0: 3 0x8000c378 (0x00004f17) x30 0x80010378
core   0: 0x8000c37c (0xc83f2423) sw      gp, -888(t5)
core   0: 3 0x8000c37c (0xc83f2423) mem 0x80010000 0x00000001
core   0: 0x8000c380 (0xff9ff06f) j       pc - 0x8
core   0: 3 0x8000c380 (0xff9ff06f)
core   0: 0x8000c378 (0x00004f17) auipc   t5, 0x4
core   0: 3 0x8000c378 (0x00004f17) x30 0x80010378
core   0: 0x8000c37c (0xc83f2423) sw      gp, -888(t5)
core   0: 3 0x8000c37c (0xc83f2423) mem 0x80010000 0x00000001
core   0: 0x8000c380 (0xff9ff06f) j       pc - 0x8
core   0: 3 0x8000c380 (0xff9ff06f)
core   0: 0x8000c378 (0x00004f17) auipc   t5, 0x4
core   0: 3 0x8000c378 (0x00004f17) x30 0x80010378
core   0: 0x8000c37c (0xc83f2423) sw      gp, -888(t5)
core   0: 3 0x8000c37c (0xc83f2423) mem 0x80010000 0x00000001
core   0: 0x8000c380 (0xff9ff06f) j       pc - 0x8
core   0: 3 0x8000c380 (0xff9ff06f)
core   0: 0x8000c378 (0x00004f17) auipc   t5, 0x4
core   0: 3 0x8000c378 (0x00004f17) x30 0x80010378
core   0: 0x8000c37c (0xc83f2423) sw      gp, -888(t5)
core   0: 3 0x8000c37c (0xc83f2423) mem 0x80010000 0x00000001
core   0: 0x8000c380 (0xff9ff06f) j       pc - 0x8
core   0: 3 0x8000c380 (0xff9ff06f)
core   0: 0x8000c378 (0x00004f17) auipc   t5, 0x4
core   0: 3 0x8000c378 (0x00004f17) x30 0x80010378
core   0: 0x8000c37c (0xc83f2423) sw      gp, -888(t5)
core   0: 3 0x8000c37c (0xc83f2423) mem 0x80010000 0x00000001
core   0: 0x8000c380 (0xff9ff06f) j       pc - 0x8
core   0: 3 0x8000c380 (0xff9ff06f)
core   0: 0x8000c378 (0x00004f17) auipc   t5, 0x4
core   0: 3 0x8000c378 (0x00004f17) x30 0x80010378
core   0: 0x8000c37c (0xc83f2423) sw      gp, -888(t5)
core   0: 3 0x8000c37c (0xc83f2423) mem 0x80010000 0x00000001
core   0: 0x8000c380 (0xff9ff06f) j       pc - 0x8
core   0: 3 0x8000c380 (0xff9ff06f)
core   0: 0x8000c378 (0x00004f17) auipc   t5, 0x4
core   0: 3 0x8000c378 (0x00004f17) x30 0x80010378
core   0: 0x8000c37c (0xc83f2423) sw      gp, -888(t5)
core   0: 3 0x8000c37c (0xc83f2423) mem 0x80010000 0x00000001
core   0: 0x8000c380 (0xff9ff06f) j       pc - 0x8
core   0: 3 0x8000c380 (0xff9ff06f)
core   0: 0x8000c378 (0x00004f17) auipc   t5, 0x4
core   0: 3 0x8000c378 (0x00004f17) x30 0x80010378
core   0: 0x8000c37c (0xc83f2423) sw      gp, -888(t5)
core   0: 3 0x8000c37c (0xc83f2423) mem 0x80010000 0x00000001
core   0: 0x8000c380 (0xff9ff06f) j       pc - 0x8
core   0: 3 0x8000c380 (0xff9ff06f)
core   0: 0x8000c378 (0x00004f17) auipc   t5, 0x4
core   0: 3 0x8000c378 (0x00004f17) x30 0x80010378
core   0: 0x8000c37c (0xc83f2423) sw      gp, -888(t5)
core   0: 3 0x8000c37c (0xc83f2423) mem 0x80010000 0x00000001
core   0: 0x8000c380 (0xff9ff06f) j       pc - 0x8
core   0: 3 0x8000c380 (0xff9ff06f)
core   0: 0x8000c378 (0x00004f17) auipc   t5, 0x4
core   0: 3 0x8000c378 (0x00004f17) x30 0x80010378
core   0: 0x8000c37c (0xc83f2423) sw      gp, -888(t5)
core   0: 3 0x8000c37c (0xc83f2423) mem 0x80010000 0x00000001
core   0: 0x8000c380 (0xff9ff06f) j       pc - 0x8
core   0: 3 0x8000c380 (0xff9ff06f)
core   0: 0x8000c378 (0x00004f17) auipc   t5, 0x4
core   0: 3 0x8000c378 (0x00004f17) x30 0x80010378
core   0: 0x8000c37c (0xc83f2423) sw      gp, -888(t5)
core   0: 3 0x8000c37c (0xc83f2423) mem 0x80010000 0x00000001
core   0: 0x8000c380 (0xff9ff06f) j       pc - 0x8
core   0: 3 0x8000c380 (0xff9ff06f)
core   0: 0x8000c378 (0x00004f17) auipc   t5, 0x4
core   0: 3 0x8000c378 (0x00004f17) x30 0x80010378
core   0: 0x8000c37c (0xc83f2423) sw      gp, -888(t5)
core   0: 3 0x8000c37c (0xc83f2423) mem 0x80010000 0x00000001
core   0: 0x8000c380 (0xff9ff06f) j       pc - 0x8
core   0: 3 0x8000c380 (0xff9ff06f)
core   0: 0x8000c378 (0x00004f17) auipc   t5, 0x4
core   0: 3 0x8000c378 (0x00004f17) x30 0x80010378
core   0: 0x8000c37c (0xc83f2423) sw      gp, -888(t5)
core   0: 3 0x8000c37c (0xc83f2423) mem 0x80010000 0x00000001
core   0: 0x8000c380 (0xff9ff06f) j       pc - 0x8
core   0: 3 0x8000c380 (0xff9ff06f)
core   0: 0x8000c378 (0x00004f17) auipc   t5, 0x4
core   0: 3 0x8000c378 (0x00004f17) x30 0x80010378
core   0: 0x8000c37c (0xc83f2423) sw      gp, -888(t5)
core   0: 3 0x8000c37c (0xc83f2423) mem 0x80010000 0x00000001
core   0: 0x8000c380 (0xff9ff06f) j       pc - 0x8
core   0: 3 0x8000c380 (0xff9ff06f)
core   0: 0x8000c378 (0x00004f17) auipc   t5, 0x4
core   0: 3 0x8000c378 (0x00004f17) x30 0x80010378
core   0: 0x8000c37c (0xc83f2423) sw      gp, -888(t5)
core   0: 3 0x8000c37c (0xc83f2423) mem 0x80010000 0x00000001
core   0: 0x8000c380 (0xff9ff06f) j       pc - 0x8
core   0: 3 0x8000c380 (0xff9ff06f)
core   0: 0x8000c378 (0x00004f17) auipc   t5, 0x4
core   0: 3 0x8000c378 (0x00004f17) x30 0x80010378
core   0: 0x8000c37c (0xc83f2423) sw      gp, -888(t5)
core   0: 3 0x8000c37c (0xc83f2423) mem 0x80010000 0x00000001
core   0: 0x8000c380 (0xff9ff06f) j       pc - 0x8
core   0: 3 0x8000c380 (0xff9ff06f)
core   0: 0x8000c378 (0x00004f17) auipc   t5, 0x4
core   0: 3 0x8000c378 (0x00004f17) x30 0x80010378
core   0: 0x8000c37c (0xc83f2423) sw      gp, -888(t5)
core   0: 3 0x8000c37c (0xc83f2423) mem 0x80010000 0x00000001
core   0: 0x8000c380 (0xff9ff06f) j       pc - 0x8
core   0: 3 0x8000c380 (0xff9ff06f)
core   0: 0x8000c378 (0x00004f17) auipc   t5, 0x4
core   0: 3 0x8000c378 (0x00004f17) x30 0x80010378
core   0: 0x8000c37c (0xc83f2423) sw      gp, -888(t5)
core   0: 3 0x8000c37c (0xc83f2423) mem 0x80010000 0x00000001
core   0: 0x8000c380 (0xff9ff06f) j       pc - 0x8
core   0: 3 0x8000c380 (0xff9ff06f)
core   0: 0x8000c378 (0x00004f17) auipc   t5, 0x4
core   0: 3 0x8000c378 (0x00004f17) x30 0x80010378
core   0: 0x8000c37c (0xc83f2423) sw      gp, -888(t5)
core   0: 3 0x8000c37c (0xc83f2423) mem 0x80010000 0x00000001
core   0: 0x8000c380 (0xff9ff06f) j       pc - 0x8
core   0: 3 0x8000c380 (0xff9ff06f)
core   0: 0x8000c378 (0x00004f17) auipc   t5, 0x4
core   0: 3 0x8000c378 (0x00004f17) x30 0x80010378
core   0: 0x8000c37c (0xc83f2423) sw      gp, -888(t5)
core   0: 3 0x8000c37c (0xc83f2423) mem 0x80010000 0x00000001
core   0: 0x8000c380 (0xff9ff06f) j       pc - 0x8
core   0: 3 0x8000c380 (0xff9ff06f)
core   0: 0x8000c378 (0x00004f17) auipc   t5, 0x4
core   0: 3 0x8000c378 (0x00004f17) x30 0x80010378
core   0: 0x8000c37c (0xc83f2423) sw      gp, -888(t5)
core   0: 3 0x8000c37c (0xc83f2423) mem 0x80010000 0x00000001
core   0: 0x8000c380 (0xff9ff06f) j       pc - 0x8
core   0: 3 0x8000c380 (0xff9ff06f)
core   0: 0x8000c378 (0x00004f17) auipc   t5, 0x4
core   0: 3 0x8000c378 (0x00004f17) x30 0x80010378
core   0: 0x8000c37c (0xc83f2423) sw      gp, -888(t5)
core   0: 3 0x8000c37c (0xc83f2423) mem 0x80010000 0x00000001
core   0: 0x8000c380 (0xff9ff06f) j       pc - 0x8
core   0: 3 0x8000c380 (0xff9ff06f)
core   0: 0x8000c378 (0x00004f17) auipc   t5, 0x4
core   0: 3 0x8000c378 (0x00004f17) x30 0x80010378
core   0: 0x8000c37c (0xc83f2423) sw      gp, -888(t5)
core   0: 3 0x8000c37c (0xc83f2423) mem 0x80010000 0x00000001
core   0: 0x8000c380 (0xff9ff06f) j       pc - 0x8
core   0: 3 0x8000c380 (0xff9ff06f)
core   0: 0x8000c378 (0x00004f17) auipc   t5, 0x4
core   0: 3 0x8000c378 (0x00004f17) x30 0x80010378
core   0: 0x8000c37c (0xc83f2423) sw      gp, -888(t5)
core   0: 3 0x8000c37c (0xc83f2423) mem 0x80010000 0x00000001
core   0: 0x8000c380 (0xff9ff06f) j       pc - 0x8
core   0: 3 0x8000c380 (0xff9ff06f)
core   0: 0x8000c378 (0x00004f17) auipc   t5, 0x4
core   0: 3 0x8000c378 (0x00004f17) x30 0x80010378
core   0: 0x8000c37c (0xc83f2423) sw      gp, -888(t5)
core   0: 3 0x8000c37c (0xc83f2423) mem 0x80010000 0x00000001
core   0: 0x8000c380 (0xff9ff06f) j       pc - 0x8
core   0: 3 0x8000c380 (0xff9ff06f)
core   0: 0x8000c378 (0x00004f17) auipc   t5, 0x4
core   0: 3 0x8000c378 (0x00004f17) x30 0x80010378
core   0: 0x8000c37c (0xc83f2423) sw      gp, -888(t5)
core   0: 3 0x8000c37c (0xc83f2423) mem 0x80010000 0x00000001
core   0: 0x8000c380 (0xff9ff06f) j       pc - 0x8
core   0: 3 0x8000c380 (0xff9ff06f)
core   0: 0x8000c378 (0x00004f17) auipc   t5, 0x4
core   0: 3 0x8000c378 (0x00004f17) x30 0x80010378
core   0: 0x8000c37c (0xc83f2423) sw      gp, -888(t5)
core   0: 3 0x8000c37c (0xc83f2423) mem 0x80010000 0x00000001
core   0: 0x8000c380 (0xff9ff06f) j       pc - 0x8
core   0: 3 0x8000c380 (0xff9ff06f)
core   0: 0x8000c378 (0x00004f17) auipc   t5, 0x4
core   0: 3 0x8000c378 (0x00004f17) x30 0x80010378
core   0: 0x8000c37c (0xc83f2423) sw      gp, -888(t5)
core   0: 3 0x8000c37c (0xc83f2423) mem 0x80010000 0x00000001
core   0: 0x8000c380 (0xff9ff06f) j       pc - 0x8
core   0: 3 0x8000c380 (0xff9ff06f)
core   0: 0x8000c378 (0x00004f17) auipc   t5, 0x4
core   0: 3 0x8000c378 (0x00004f17) x30 0x80010378
core   0: 0x8000c37c (0xc83f2423) sw      gp, -888(t5)
core   0: 3 0x8000c37c (0xc83f2423) mem 0x80010000 0x00000001
core   0: 0x8000c380 (0xff9ff06f) j       pc - 0x8
core   0: 3 0x8000c380 (0xff9ff06f)
core   0: 0x8000c378 (0x00004f17) auipc   t5, 0x4
core   0: 3 0x8000c378 (0x00004f17) x30 0x80010378
core   0: 0x8000c37c (0xc83f2423) sw      gp, -888(t5)
core   0: 3 0x8000c37c (0xc83f2423) mem 0x80010000 0x00000001
core   0: 0x8000c380 (0xff9ff06f) j       pc - 0x8
core   0: 3 0x8000c380 (0xff9ff06f)
core   0: 0x8000c378 (0x00004f17) auipc   t5, 0x4
core   0: 3 0x8000c378 (0x00004f17) x30 0x80010378
core   0: 0x8000c37c (0xc83f2423) sw      gp, -888(t5)
core   0: 3 0x8000c37c (0xc83f2423) mem 0x80010000 0x00000001
core   0: 0x8000c380 (0xff9ff06f) j       pc - 0x8
core   0: 3 0x8000c380 (0xff9ff06f)
core   0: 0x8000c378 (0x00004f17) auipc   t5, 0x4
core   0: 3 0x8000c378 (0x00004f17) x30 0x80010378
core   0: 0x8000c37c (0xc83f2423) sw      gp, -888(t5)
core   0: 3 0x8000c37c (0xc83f2423) mem 0x80010000 0x00000001
core   0: 0x8000c380 (0xff9ff06f) j       pc - 0x8
core   0: 3 0x8000c380 (0xff9ff06f)
core   0: 0x8000c378 (0x00004f17) auipc   t5, 0x4
core   0: 3 0x8000c378 (0x00004f17) x30 0x80010378
core   0: 0x8000c37c (0xc83f2423) sw      gp, -888(t5)
core   0: 3 0x8000c37c (0xc83f2423) mem 0x80010000 0x00000001
core   0: 0x8000c380 (0xff9ff06f) j       pc - 0x8
core   0: 3 0x8000c380 (0xff9ff06f)
core   0: 0x8000c378 (0x00004f17) auipc   t5, 0x4
core   0: 3 0x8000c378 (0x00004f17) x30 0x80010378
core   0: 0x8000c37c (0xc83f2423) sw      gp, -888(t5)
core   0: 3 0x8000c37c (0xc83f2423) mem 0x80010000 0x00000001
core   0: 0x8000c380 (0xff9ff06f) j       pc - 0x8
core   0: 3 0x8000c380 (0xff9ff06f)
core   0: 0x8000c378 (0x00004f17) auipc   t5, 0x4
core   0: 3 0x8000c378 (0x00004f17) x30 0x80010378
core   0: 0x8000c37c (0xc83f2423) sw      gp, -888(t5)
core   0: 3 0x8000c37c (0xc83f2423) mem 0x80010000 0x00000001
core   0: 0x8000c380 (0xff9ff06f) j       pc - 0x8
core   0: 3 0x8000c380 (0xff9ff06f)
core   0: 0x8000c378 (0x00004f17) auipc   t5, 0x4
core   0: 3 0x8000c378 (0x00004f17) x30 0x80010378
core   0: 0x8000c37c (0xc83f2423) sw      gp, -888(t5)
core   0: 3 0x8000c37c (0xc83f2423) mem 0x80010000 0x00000001
core   0: 0x8000c380 (0xff9ff06f) j       pc - 0x8
core   0: 3 0x8000c380 (0xff9ff06f)
core   0: 0x8000c378 (0x00004f17) auipc   t5, 0x4
core   0: 3 0x8000c378 (0x00004f17) x30 0x80010378
core   0: 0x8000c37c (0xc83f2423) sw      gp, -888(t5)
core   0: 3 0x8000c37c (0xc83f2423) mem 0x80010000 0x00000001
core   0: 0x8000c380 (0xff9ff06f) j       pc - 0x8
core   0: 3 0x8000c380 (0xff9ff06f)
core   0: 0x8000c378 (0x00004f17) auipc   t5, 0x4
core   0: 3 0x8000c378 (0x00004f17) x30 0x80010378
core   0: 0x8000c37c (0xc83f2423) sw      gp, -888(t5)
core   0: 3 0x8000c37c (0xc83f2423) mem 0x80010000 0x00000001
core   0: 0x8000c380 (0xff9ff06f) j       pc - 0x8
core   0: 3 0x8000c380 (0xff9ff06f)
core   0: 0x8000c378 (0x00004f17) auipc   t5, 0x4
core   0: 3 0x8000c378 (0x00004f17) x30 0x80010378
core   0: 0x8000c37c (0xc83f2423) sw      gp, -888(t5)
core   0: 3 0x8000c37c (0xc83f2423) mem 0x80010000 0x00000001
core   0: 0x8000c380 (0xff9ff06f) j       pc - 0x8
core   0: 3 0x8000c380 (0xff9ff06f)
core   0: 0x8000c378 (0x00004f17) auipc   t5, 0x4
core   0: 3 0x8000c378 (0x00004f17) x30 0x80010378
core   0: 0x8000c37c (0xc83f2423) sw      gp, -888(t5)
core   0: 3 0x8000c37c (0xc83f2423) mem 0x80010000 0x00000001
core   0: 0x8000c380 (0xff9ff06f) j       pc - 0x8
core   0: 3 0x8000c380 (0xff9ff06f)
core   0: 0x8000c378 (0x00004f17) auipc   t5, 0x4
core   0: 3 0x8000c378 (0x00004f17) x30 0x80010378
core   0: 0x8000c37c (0xc83f2423) sw      gp, -888(t5)
core   0: 3 0x8000c37c (0xc83f2423) mem 0x80010000 0x00000001
core   0: 0x8000c380 (0xff9ff06f) j       pc - 0x8
core   0: 3 0x8000c380 (0xff9ff06f)
core   0: 0x8000c378 (0x00004f17) auipc   t5, 0x4
core   0: 3 0x8000c378 (0x00004f17) x30 0x80010378
core   0: 0x8000c37c (0xc83f2423) sw      gp, -888(t5)
core   0: 3 0x8000c37c (0xc83f2423) mem 0x80010000 0x00000001
core   0: 0x8000c380 (0xff9ff06f) j       pc - 0x8
core   0: 3 0x8000c380 (0xff9ff06f)
core   0: 0x8000c378 (0x00004f17) auipc   t5, 0x4
core   0: 3 0x8000c378 (0x00004f17) x30 0x80010378
core   0: 0x8000c37c (0xc83f2423) sw      gp, -888(t5)
core   0: 3 0x8000c37c (0xc83f2423) mem 0x80010000 0x00000001
core   0: 0x8000c380 (0xff9ff06f) j       pc - 0x8
core   0: 3 0x8000c380 (0xff9ff06f)
core   0: 0x8000c378 (0x00004f17) auipc   t5, 0x4
core   0: 3 0x8000c378 (0x00004f17) x30 0x80010378
core   0: 0x8000c37c (0xc83f2423) sw      gp, -888(t5)
core   0: 3 0x8000c37c (0xc83f2423) mem 0x80010000 0x00000001
core   0: 0x8000c380 (0xff9ff06f) j       pc - 0x8
core   0: 3 0x8000c380 (0xff9ff06f)
core   0: 0x8000c378 (0x00004f17) auipc   t5, 0x4
core   0: 3 0x8000c378 (0x00004f17) x30 0x80010378
core   0: 0x8000c37c (0xc83f2423) sw      gp, -888(t5)
core   0: 3 0x8000c37c (0xc83f2423) mem 0x80010000 0x00000001
core   0: 0x8000c380 (0xff9ff06f) j       pc - 0x8
core   0: 3 0x8000c380 (0xff9ff06f)
core   0: 0x8000c378 (0x00004f17) auipc   t5, 0x4
core   0: 3 0x8000c378 (0x00004f17) x30 0x80010378
core   0: 0x8000c37c (0xc83f2423) sw      gp, -888(t5)
core   0: 3 0x8000c37c (0xc83f2423) mem 0x80010000 0x00000001
core   0: 0x8000c380 (0xff9ff06f) j       pc - 0x8
core   0: 3 0x8000c380 (0xff9ff06f)
core   0: 0x8000c378 (0x00004f17) auipc   t5, 0x4
core   0: 3 0x8000c378 (0x00004f17) x30 0x80010378
core   0: 0x8000c37c (0xc83f2423) sw      gp, -888(t5)
core   0: 3 0x8000c37c (0xc83f2423) mem 0x80010000 0x00000001
core   0: 0x8000c380 (0xff9ff06f) j       pc - 0x8
core   0: 3 0x8000c380 (0xff9ff06f)
core   0: 0x8000c378 (0x00004f17) auipc   t5, 0x4
core   0: 3 0x8000c378 (0x00004f17) x30 0x80010378
core   0: 0x8000c37c (0xc83f2423) sw      gp, -888(t5)
core   0: 3 0x8000c37c (0xc83f2423) mem 0x80010000 0x00000001
core   0: 0x8000c380 (0xff9ff06f) j       pc - 0x8
core   0: 3 0x8000c380 (0xff9ff06f)
core   0: 0x8000c378 (0x00004f17) auipc   t5, 0x4
core   0: 3 0x8000c378 (0x00004f17) x30 0x80010378
core   0: 0x8000c37c (0xc83f2423) sw      gp, -888(t5)
core   0: 3 0x8000c37c (0xc83f2423) mem 0x80010000 0x00000001
core   0: 0x8000c380 (0xff9ff06f) j       pc - 0x8
core   0: 3 0x8000c380 (0xff9ff06f)
core   0: 0x8000c378 (0x00004f17) auipc   t5, 0x4
core   0: 3 0x8000c378 (0x00004f17) x30 0x80010378
core   0: 0x8000c37c (0xc83f2423) sw      gp, -888(t5)
core   0: 3 0x8000c37c (0xc83f2423) mem 0x80010000 0x00000001
core   0: 0x8000c380 (0xff9ff06f) j       pc - 0x8
core   0: 3 0x8000c380 (0xff9ff06f)
core   0: 0x8000c378 (0x00004f17) auipc   t5, 0x4
core   0: 3 0x8000c378 (0x00004f17) x30 0x80010378
core   0: 0x8000c37c (0xc83f2423) sw      gp, -888(t5)
core   0: 3 0x8000c37c (0xc83f2423) mem 0x80010000 0x00000001
core   0: 0x8000c380 (0xff9ff06f) j       pc - 0x8
core   0: 3 0x8000c380 (0xff9ff06f)
core   0: 0x8000c378 (0x00004f17) auipc   t5, 0x4
core   0: 3 0x8000c378 (0x00004f17) x30 0x80010378
core   0: 0x8000c37c (0xc83f2423) sw      gp, -888(t5)
core   0: 3 0x8000c37c (0xc83f2423) mem 0x80010000 0x00000001
core   0: 0x8000c380 (0xff9ff06f) j       pc - 0x8
core   0: 3 0x8000c380 (0xff9ff06f)
core   0: 0x8000c378 (0x00004f17) auipc   t5, 0x4
core   0: 3 0x8000c378 (0x00004f17) x30 0x80010378
core   0: 0x8000c37c (0xc83f2423) sw      gp, -888(t5)
core   0: 3 0x8000c37c (0xc83f2423) mem 0x80010000 0x00000001
core   0: 0x8000c380 (0xff9ff06f) j       pc - 0x8
core   0: 3 0x8000c380 (0xff9ff06f)
core   0: 0x8000c378 (0x00004f17) auipc   t5, 0x4
core   0: 3 0x8000c378 (0x00004f17) x30 0x80010378
core   0: 0x8000c37c (0xc83f2423) sw      gp, -888(t5)
core   0: 3 0x8000c37c (0xc83f2423) mem 0x80010000 0x00000001
core   0: 0x8000c380 (0xff9ff06f) j       pc - 0x8
core   0: 3 0x8000c380 (0xff9ff06f)
core   0: 0x8000c378 (0x00004f17) auipc   t5, 0x4
core   0: 3 0x8000c378 (0x00004f17) x30 0x80010378
core   0: 0x8000c37c (0xc83f2423) sw      gp, -888(t5)
core   0: 3 0x8000c37c (0xc83f2423) mem 0x80010000 0x00000001
core   0: 0x8000c380 (0xff9ff06f) j       pc - 0x8
core   0: 3 0x8000c380 (0xff9ff06f)
core   0: 0x8000c378 (0x00004f17) auipc   t5, 0x4
core   0: 3 0x8000c378 (0x00004f17) x30 0x80010378
core   0: 0x8000c37c (0xc83f2423) sw      gp, -888(t5)
core   0: 3 0x8000c37c (0xc83f2423) mem 0x80010000 0x00000001
core   0: 0x8000c380 (0xff9ff06f) j       pc - 0x8
core   0: 3 0x8000c380 (0xff9ff06f)
core   0: 0x8000c378 (0x00004f17) auipc   t5, 0x4
core   0: 3 0x8000c378 (0x00004f17) x30 0x80010378
core   0: 0x8000c37c (0xc83f2423) sw      gp, -888(t5)
core   0: 3 0x8000c37c (0xc83f2423) mem 0x80010000 0x00000001
core   0: 0x8000c380 (0xff9ff06f) j       pc - 0x8
core   0: 3 0x8000c380 (0xff9ff06f)
core   0: 0x8000c378 (0x00004f17) auipc   t5, 0x4
core   0: 3 0x8000c378 (0x00004f17) x30 0x80010378
core   0: 0x8000c37c (0xc83f2423) sw      gp, -888(t5)
core   0: 3 0x8000c37c (0xc83f2423) mem 0x80010000 0x00000001
core   0: 0x8000c380 (0xff9ff06f) j       pc - 0x8
core   0: 3 0x8000c380 (0xff9ff06f)
core   0: 0x8000c378 (0x00004f17) auipc   t5, 0x4
core   0: 3 0x8000c378 (0x00004f17) x30 0x80010378
core   0: 0x8000c37c (0xc83f2423) sw      gp, -888(t5)
core   0: 3 0x8000c37c (0xc83f2423) mem 0x80010000 0x00000001
core   0: 0x8000c380 (0xff9ff06f) j       pc - 0x8
core   0: 3 0x8000c380 (0xff9ff06f)
core   0: 0x8000c378 (0x00004f17) auipc   t5, 0x4
core   0: 3 0x8000c378 (0x00004f17) x30 0x80010378
core   0: 0x8000c37c (0xc83f2423) sw      gp, -888(t5)
core   0: 3 0x8000c37c (0xc83f2423) mem 0x80010000 0x00000001
core   0: 0x8000c380 (0xff9ff06f) j       pc - 0x8
core   0: 3 0x8000c380 (0xff9ff06f)
core   0: 0x8000c378 (0x00004f17) auipc   t5, 0x4
core   0: 3 0x8000c378 (0x00004f17) x30 0x80010378
core   0: 0x8000c37c (0xc83f2423) sw      gp, -888(t5)
core   0: 3 0x8000c37c (0xc83f2423) mem 0x80010000 0x00000001
core   0: 0x8000c380 (0xff9ff06f) j       pc - 0x8
core   0: 3 0x8000c380 (0xff9ff06f)
core   0: 0x8000c378 (0x00004f17) auipc   t5, 0x4
core   0: 3 0x8000c378 (0x00004f17) x30 0x80010378
core   0: 0x8000c37c (0xc83f2423) sw      gp, -888(t5)
core   0: 3 0x8000c37c (0xc83f2423) mem 0x80010000 0x00000001
core   0: 0x8000c380 (0xff9ff06f) j       pc - 0x8
core   0: 3 0x8000c380 (0xff9ff06f)
core   0: 0x8000c378 (0x00004f17) auipc   t5, 0x4
core   0: 3 0x8000c378 (0x00004f17) x30 0x80010378
core   0: 0x8000c37c (0xc83f2423) sw      gp, -888(t5)
core   0: 3 0x8000c37c (0xc83f2423) mem 0x80010000 0x00000001
core   0: 0x8000c380 (0xff9ff06f) j       pc - 0x8
core   0: 3 0x8000c380 (0xff9ff06f)
core   0: 0x8000c378 (0x00004f17) auipc   t5, 0x4
core   0: 3 0x8000c378 (0x00004f17) x30 0x80010378
core   0: 0x8000c37c (0xc83f2423) sw      gp, -888(t5)
core   0: 3 0x8000c37c (0xc83f2423) mem 0x80010000 0x00000001
core   0: 0x8000c380 (0xff9ff06f) j       pc - 0x8
core   0: 3 0x8000c380 (0xff9ff06f)
core   0: 0x8000c378 (0x00004f17) auipc   t5, 0x4
core   0: 3 0x8000c378 (0x00004f17) x30 0x80010378
core   0: 0x8000c37c (0xc83f2423) sw      gp, -888(t5)
core   0: 3 0x8000c37c (0xc83f2423) mem 0x80010000 0x00000001
core   0: 0x8000c380 (0xff9ff06f) j       pc - 0x8
core   0: 3 0x8000c380 (0xff9ff06f)
core   0: 0x8000c378 (0x00004f17) auipc   t5, 0x4
core   0: 3 0x8000c378 (0x00004f17) x30 0x80010378
core   0: 0x8000c37c (0xc83f2423) sw      gp, -888(t5)
core   0: 3 0x8000c37c (0xc83f2423) mem 0x80010000 0x00000001
core   0: 0x8000c380 (0xff9ff06f) j       pc - 0x8
core   0: 3 0x8000c380 (0xff9ff06f)
core   0: 0x8000c378 (0x00004f17) auipc   t5, 0x4
core   0: 3 0x8000c378 (0x00004f17) x30 0x80010378
core   0: 0x8000c37c (0xc83f2423) sw      gp, -888(t5)
core   0: 3 0x8000c37c (0xc83f2423) mem 0x80010000 0x00000001
core   0: 0x8000c380 (0xff9ff06f) j       pc - 0x8
core   0: 3 0x8000c380 (0xff9ff06f)
core   0: 0x8000c378 (0x00004f17) auipc   t5, 0x4
core   0: 3 0x8000c378 (0x00004f17) x30 0x80010378
core   0: 0x8000c37c (0xc83f2423) sw      gp, -888(t5)
core   0: 3 0x8000c37c (0xc83f2423) mem 0x80010000 0x00000001
core   0: 0x8000c380 (0xff9ff06f) j       pc - 0x8
core   0: 3 0x8000c380 (0xff9ff06f)
core   0: 0x8000c378 (0x00004f17) auipc   t5, 0x4
core   0: 3 0x8000c378 (0x00004f17) x30 0x80010378
core   0: 0x8000c37c (0xc83f2423) sw      gp, -888(t5)
core   0: 3 0x8000c37c (0xc83f2423) mem 0x80010000 0x00000001
core   0: 0x8000c380 (0xff9ff06f) j       pc - 0x8
core   0: 3 0x8000c380 (0xff9ff06f)
core   0: 0x8000c378 (0x00004f17) auipc   t5, 0x4
core   0: 3 0x8000c378 (0x00004f17) x30 0x80010378
core   0: 0x8000c37c (0xc83f2423) sw      gp, -888(t5)
core   0: 3 0x8000c37c (0xc83f2423) mem 0x80010000 0x00000001
core   0: 0x8000c380 (0xff9ff06f) j       pc - 0x8
core   0: 3 0x8000c380 (0xff9ff06f)
core   0: 0x8000c378 (0x00004f17) auipc   t5, 0x4
core   0: 3 0x8000c378 (0x00004f17) x30 0x80010378
core   0: 0x8000c37c (0xc83f2423) sw      gp, -888(t5)
core   0: 3 0x8000c37c (0xc83f2423) mem 0x80010000 0x00000001
core   0: 0x8000c380 (0xff9ff06f) j       pc - 0x8
core   0: 3 0x8000c380 (0xff9ff06f)
core   0: 0x8000c378 (0x00004f17) auipc   t5, 0x4
core   0: 3 0x8000c378 (0x00004f17) x30 0x80010378
core   0: 0x8000c37c (0xc83f2423) sw      gp, -888(t5)
core   0: 3 0x8000c37c (0xc83f2423) mem 0x80010000 0x00000001
core   0: 0x8000c380 (0xff9ff06f) j       pc - 0x8
core   0: 3 0x8000c380 (0xff9ff06f)
core   0: 0x8000c378 (0x00004f17) auipc   t5, 0x4
core   0: 3 0x8000c378 (0x00004f17) x30 0x80010378
core   0: 0x8000c37c (0xc83f2423) sw      gp, -888(t5)
core   0: 3 0x8000c37c (0xc83f2423) mem 0x80010000 0x00000001
core   0: 0x8000c380 (0xff9ff06f) j       pc - 0x8
core   0: 3 0x8000c380 (0xff9ff06f)
core   0: 0x8000c378 (0x00004f17) auipc   t5, 0x4
core   0: 3 0x8000c378 (0x00004f17) x30 0x80010378
core   0: 0x8000c37c (0xc83f2423) sw      gp, -888(t5)
core   0: 3 0x8000c37c (0xc83f2423) mem 0x80010000 0x00000001
core   0: 0x8000c380 (0xff9ff06f) j       pc - 0x8
core   0: 3 0x8000c380 (0xff9ff06f)
core   0: 0x8000c378 (0x00004f17) auipc   t5, 0x4
core   0: 3 0x8000c378 (0x00004f17) x30 0x80010378
core   0: 0x8000c37c (0xc83f2423) sw      gp, -888(t5)
core   0: 3 0x8000c37c (0xc83f2423) mem 0x80010000 0x00000001
core   0: 0x8000c380 (0xff9ff06f) j       pc - 0x8
core   0: 3 0x8000c380 (0xff9ff06f)
core   0: 0x8000c378 (0x00004f17) auipc   t5, 0x4
core   0: 3 0x8000c378 (0x00004f17) x30 0x80010378
core   0: 0x8000c37c (0xc83f2423) sw      gp, -888(t5)
core   0: 3 0x8000c37c (0xc83f2423) mem 0x80010000 0x00000001
core   0: 0x8000c380 (0xff9ff06f) j       pc - 0x8
core   0: 3 0x8000c380 (0xff9ff06f)
core   0: 0x8000c378 (0x00004f17) auipc   t5, 0x4
core   0: 3 0x8000c378 (0x00004f17) x30 0x80010378
core   0: 0x8000c37c (0xc83f2423) sw      gp, -888(t5)
core   0: 3 0x8000c37c (0xc83f2423) mem 0x80010000 0x00000001
core   0: 0x8000c380 (0xff9ff06f) j       pc - 0x8
core   0: 3 0x8000c380 (0xff9ff06f)
core   0: 0x8000c378 (0x00004f17) auipc   t5, 0x4
core   0: 3 0x8000c378 (0x00004f17) x30 0x80010378
core   0: 0x8000c37c (0xc83f2423) sw      gp, -888(t5)
core   0: 3 0x8000c37c (0xc83f2423) mem 0x80010000 0x00000001
core   0: 0x8000c380 (0xff9ff06f) j       pc - 0x8
core   0: 3 0x8000c380 (0xff9ff06f)
core   0: 0x8000c378 (0x00004f17) auipc   t5, 0x4
core   0: 3 0x8000c378 (0x00004f17) x30 0x80010378
core   0: 0x8000c37c (0xc83f2423) sw      gp, -888(t5)
core   0: 3 0x8000c37c (0xc83f2423) mem 0x80010000 0x00000001
core   0: 0x8000c380 (0xff9ff06f) j       pc - 0x8
core   0: 3 0x8000c380 (0xff9ff06f)
core   0: 0x8000c378 (0x00004f17) auipc   t5, 0x4
core   0: 3 0x8000c378 (0x00004f17) x30 0x80010378
core   0: 0x8000c37c (0xc83f2423) sw      gp, -888(t5)
core   0: 3 0x8000c37c (0xc83f2423) mem 0x80010000 0x00000001
core   0: 0x8000c380 (0xff9ff06f) j       pc - 0x8
core   0: 3 0x8000c380 (0xff9ff06f)
core   0: 0x8000c378 (0x00004f17) auipc   t5, 0x4
core   0: 3 0x8000c378 (0x00004f17) x30 0x80010378
core   0: 0x8000c37c (0xc83f2423) sw      gp, -888(t5)
core   0: 3 0x8000c37c (0xc83f2423) mem 0x80010000 0x00000001
core   0: 0x8000c380 (0xff9ff06f) j       pc - 0x8
core   0: 3 0x8000c380 (0xff9ff06f)
core   0: 0x8000c378 (0x00004f17) auipc   t5, 0x4
core   0: 3 0x8000c378 (0x00004f17) x30 0x80010378
core   0: 0x8000c37c (0xc83f2423) sw      gp, -888(t5)
core   0: 3 0x8000c37c (0xc83f2423) mem 0x80010000 0x00000001
core   0: 0x8000c380 (0xff9ff06f) j       pc - 0x8
core   0: 3 0x8000c380 (0xff9ff06f)
core   0: 0x8000c378 (0x00004f17) auipc   t5, 0x4
core   0: 3 0x8000c378 (0x00004f17) x30 0x80010378
core   0: 0x8000c37c (0xc83f2423) sw      gp, -888(t5)
core   0: 3 0x8000c37c (0xc83f2423) mem 0x80010000 0x00000001
core   0: 0x8000c380 (0xff9ff06f) j       pc - 0x8
core   0: 3 0x8000c380 (0xff9ff06f)
core   0: 0x8000c378 (0x00004f17) auipc   t5, 0x4
core   0: 3 0x8000c378 (0x00004f17) x30 0x80010378
core   0: 0x8000c37c (0xc83f2423) sw      gp, -888(t5)
core   0: 3 0x8000c37c (0xc83f2423) mem 0x80010000 0x00000001
core   0: 0x8000c380 (0xff9ff06f) j       pc - 0x8
core   0: 3 0x8000c380 (0xff9ff06f)
core   0: 0x8000c378 (0x00004f17) auipc   t5, 0x4
core   0: 3 0x8000c378 (0x00004f17) x30 0x80010378
core   0: 0x8000c37c (0xc83f2423) sw      gp, -888(t5)
core   0: 3 0x8000c37c (0xc83f2423) mem 0x80010000 0x00000001
core   0: 0x8000c380 (0xff9ff06f) j       pc - 0x8
core   0: 3 0x8000c380 (0xff9ff06f)
core   0: 0x8000c378 (0x00004f17) auipc   t5, 0x4
core   0: 3 0x8000c378 (0x00004f17) x30 0x80010378
core   0: 0x8000c37c (0xc83f2423) sw      gp, -888(t5)
core   0: 3 0x8000c37c (0xc83f2423) mem 0x80010000 0x00000001
core   0: 0x8000c380 (0xff9ff06f) j       pc - 0x8
core   0: 3 0x8000c380 (0xff9ff06f)
core   0: 0x8000c378 (0x00004f17) auipc   t5, 0x4
core   0: 3 0x8000c378 (0x00004f17) x30 0x80010378
core   0: 0x8000c37c (0xc83f2423) sw      gp, -888(t5)
core   0: 3 0x8000c37c (0xc83f2423) mem 0x80010000 0x00000001
core   0: 0x8000c380 (0xff9ff06f) j       pc - 0x8
core   0: 3 0x8000c380 (0xff9ff06f)
core   0: 0x8000c378 (0x00004f17) auipc   t5, 0x4
core   0: 3 0x8000c378 (0x00004f17) x30 0x80010378
core   0: 0x8000c37c (0xc83f2423) sw      gp, -888(t5)
core   0: 3 0x8000c37c (0xc83f2423) mem 0x80010000 0x00000001
core   0: 0x8000c380 (0xff9ff06f) j       pc - 0x8
core   0: 3 0x8000c380 (0xff9ff06f)
core   0: 0x8000c378 (0x00004f17) auipc   t5, 0x4
core   0: 3 0x8000c378 (0x00004f17) x30 0x80010378
core   0: 0x8000c37c (0xc83f2423) sw      gp, -888(t5)
core   0: 3 0x8000c37c (0xc83f2423) mem 0x80010000 0x00000001
core   0: 0x8000c380 (0xff9ff06f) j       pc - 0x8
core   0: 3 0x8000c380 (0xff9ff06f)
core   0: 0x8000c378 (0x00004f17) auipc   t5, 0x4
core   0: 3 0x8000c378 (0x00004f17) x30 0x80010378
core   0: 0x8000c37c (0xc83f2423) sw      gp, -888(t5)
core   0: 3 0x8000c37c (0xc83f2423) mem 0x80010000 0x00000001
core   0: 0x8000c380 (0xff9ff06f) j       pc - 0x8
core   0: 3 0x8000c380 (0xff9ff06f)
core   0: 0x8000c378 (0x00004f17) auipc   t5, 0x4
core   0: 3 0x8000c378 (0x00004f17) x30 0x80010378
core   0: 0x8000c37c (0xc83f2423) sw      gp, -888(t5)
core   0: 3 0x8000c37c (0xc83f2423) mem 0x80010000 0x00000001
core   0: 0x8000c380 (0xff9ff06f) j       pc - 0x8
core   0: 3 0x8000c380 (0xff9ff06f)
core   0: 0x8000c378 (0x00004f17) auipc   t5, 0x4
core   0: 3 0x8000c378 (0x00004f17) x30 0x80010378
core   0: 0x8000c37c (0xc83f2423) sw      gp, -888(t5)
core   0: 3 0x8000c37c (0xc83f2423) mem 0x80010000 0x00000001
core   0: 0x8000c380 (0xff9ff06f) j       pc - 0x8
core   0: 3 0x8000c380 (0xff9ff06f)
core   0: 0x8000c378 (0x00004f17) auipc   t5, 0x4
core   0: 3 0x8000c378 (0x00004f17) x30 0x80010378
core   0: 0x8000c37c (0xc83f2423) sw      gp, -888(t5)
core   0: 3 0x8000c37c (0xc83f2423) mem 0x80010000 0x00000001
core   0: 0x8000c380 (0xff9ff06f) j       pc - 0x8
core   0: 3 0x8000c380 (0xff9ff06f)
core   0: 0x8000c378 (0x00004f17) auipc   t5, 0x4
core   0: 3 0x8000c378 (0x00004f17) x30 0x80010378
core   0: 0x8000c37c (0xc83f2423) sw      gp, -888(t5)
core   0: 3 0x8000c37c (0xc83f2423) mem 0x80010000 0x00000001
core   0: 0x8000c380 (0xff9ff06f) j       pc - 0x8
core   0: 3 0x8000c380 (0xff9ff06f)
core   0: 0x8000c378 (0x00004f17) auipc   t5, 0x4
core   0: 3 0x8000c378 (0x00004f17) x30 0x80010378
core   0: 0x8000c37c (0xc83f2423) sw      gp, -888(t5)
core   0: 3 0x8000c37c (0xc83f2423) mem 0x80010000 0x00000001
core   0: 0x8000c380 (0xff9ff06f) j       pc - 0x8
core   0: 3 0x8000c380 (0xff9ff06f)
core   0: 0x8000c378 (0x00004f17) auipc   t5, 0x4
core   0: 3 0x8000c378 (0x00004f17) x30 0x80010378
core   0: 0x8000c37c (0xc83f2423) sw      gp, -888(t5)
core   0: 3 0x8000c37c (0xc83f2423) mem 0x80010000 0x00000001
core   0: 0x8000c380 (0xff9ff06f) j       pc - 0x8
core   0: 3 0x8000c380 (0xff9ff06f)
core   0: 0x8000c378 (0x00004f17) auipc   t5, 0x4
core   0: 3 0x8000c378 (0x00004f17) x30 0x80010378
core   0: 0x8000c37c (0xc83f2423) sw      gp, -888(t5)
core   0: 3 0x8000c37c (0xc83f2423) mem 0x80010000 0x00000001
core   0: 0x8000c380 (0xff9ff06f) j       pc - 0x8
core   0: 3 0x8000c380 (0xff9ff06f)
core   0: 0x8000c378 (0x00004f17) auipc   t5, 0x4
core   0: 3 0x8000c378 (0x00004f17) x30 0x80010378
core   0: 0x8000c37c (0xc83f2423) sw      gp, -888(t5)
core   0: 3 0x8000c37c (0xc83f2423) mem 0x80010000 0x00000001
core   0: 0x8000c380 (0xff9ff06f) j       pc - 0x8
core   0: 3 0x8000c380 (0xff9ff06f)
core   0: 0x8000c378 (0x00004f17) auipc   t5, 0x4
core   0: 3 0x8000c378 (0x00004f17) x30 0x80010378
core   0: 0x8000c37c (0xc83f2423) sw      gp, -888(t5)
core   0: 3 0x8000c37c (0xc83f2423) mem 0x80010000 0x00000001
core   0: 0x8000c380 (0xff9ff06f) j       pc - 0x8
core   0: 3 0x8000c380 (0xff9ff06f)
core   0: 0x8000c378 (0x00004f17) auipc   t5, 0x4
core   0: 3 0x8000c378 (0x00004f17) x30 0x80010378
core   0: 0x8000c37c (0xc83f2423) sw      gp, -888(t5)
core   0: 3 0x8000c37c (0xc83f2423) mem 0x80010000 0x00000001
core   0: 0x8000c380 (0xff9ff06f) j       pc - 0x8
core   0: 3 0x8000c380 (0xff9ff06f)
core   0: 0x8000c378 (0x00004f17) auipc   t5, 0x4
core   0: 3 0x8000c378 (0x00004f17) x30 0x80010378
core   0: 0x8000c37c (0xc83f2423) sw      gp, -888(t5)
core   0: 3 0x8000c37c (0xc83f2423) mem 0x80010000 0x00000001
core   0: 0x8000c380 (0xff9ff06f) j       pc - 0x8
core   0: 3 0x8000c380 (0xff9ff06f)
core   0: 0x8000c378 (0x00004f17) auipc   t5, 0x4
core   0: 3 0x8000c378 (0x00004f17) x30 0x80010378
core   0: 0x8000c37c (0xc83f2423) sw      gp, -888(t5)
core   0: 3 0x8000c37c (0xc83f2423) mem 0x80010000 0x00000001
core   0: 0x8000c380 (0xff9ff06f) j       pc - 0x8
core   0: 3 0x8000c380 (0xff9ff06f)
core   0: 0x8000c378 (0x00004f17) auipc   t5, 0x4
core   0: 3 0x8000c378 (0x00004f17) x30 0x80010378
core   0: 0x8000c37c (0xc83f2423) sw      gp, -888(t5)
core   0: 3 0x8000c37c (0xc83f2423) mem 0x80010000 0x00000001
core   0: 0x8000c380 (0xff9ff06f) j       pc - 0x8
core   0: 3 0x8000c380 (0xff9ff06f)
core   0: 0x8000c378 (0x00004f17) auipc   t5, 0x4
core   0: 3 0x8000c378 (0x00004f17) x30 0x80010378
core   0: 0x8000c37c (0xc83f2423) sw      gp, -888(t5)
core   0: 3 0x8000c37c (0xc83f2423) mem 0x80010000 0x00000001
core   0: 0x8000c380 (0xff9ff06f) j       pc - 0x8
core   0: 3 0x8000c380 (0xff9ff06f)
core   0: 0x8000c378 (0x00004f17) auipc   t5, 0x4
core   0: 3 0x8000c378 (0x00004f17) x30 0x80010378
core   0: 0x8000c37c (0xc83f2423) sw      gp, -888(t5)
core   0: 3 0x8000c37c (0xc83f2423) mem 0x80010000 0x00000001
core   0: 0x8000c380 (0xff9ff06f) j       pc - 0x8
core   0: 3 0x8000c380 (0xff9ff06f)
core   0: 0x8000c378 (0x00004f17) auipc   t5, 0x4
core   0: 3 0x8000c378 (0x00004f17) x30 0x80010378
core   0: 0x8000c37c (0xc83f2423) sw      gp, -888(t5)
core   0: 3 0x8000c37c (0xc83f2423) mem 0x80010000 0x00000001
core   0: 0x8000c380 (0xff9ff06f) j       pc - 0x8
core   0: 3 0x8000c380 (0xff9ff06f)
core   0: 0x8000c378 (0x00004f17) auipc   t5, 0x4
core   0: 3 0x8000c378 (0x00004f17) x30 0x80010378
core   0: 0x8000c37c (0xc83f2423) sw      gp, -888(t5)
core   0: 3 0x8000c37c (0xc83f2423) mem 0x80010000 0x00000001
core   0: 0x8000c380 (0xff9ff06f) j       pc - 0x8
core   0: 3 0x8000c380 (0xff9ff06f)
core   0: 0x8000c378 (0x00004f17) auipc   t5, 0x4
core   0: 3 0x8000c378 (0x00004f17) x30 0x80010378
core   0: 0x8000c37c (0xc83f2423) sw      gp, -888(t5)
core   0: 3 0x8000c37c (0xc83f2423) mem 0x80010000 0x00000001
core   0: 0x8000c380 (0xff9ff06f) j       pc - 0x8
core   0: 3 0x8000c380 (0xff9ff06f)
core   0: 0x8000c378 (0x00004f17) auipc   t5, 0x4
core   0: 3 0x8000c378 (0x00004f17) x30 0x80010378
core   0: 0x8000c37c (0xc83f2423) sw      gp, -888(t5)
core   0: 3 0x8000c37c (0xc83f2423) mem 0x80010000 0x00000001
core   0: 0x8000c380 (0xff9ff06f) j       pc - 0x8
core   0: 3 0x8000c380 (0xff9ff06f)
core   0: 0x8000c378 (0x00004f17) auipc   t5, 0x4
core   0: 3 0x8000c378 (0x00004f17) x30 0x80010378
core   0: 0x8000c37c (0xc83f2423) sw      gp, -888(t5)
core   0: 3 0x8000c37c (0xc83f2423) mem 0x80010000 0x00000001
core   0: 0x8000c380 (0xff9ff06f) j       pc - 0x8
core   0: 3 0x8000c380 (0xff9ff06f)
core   0: 0x8000c378 (0x00004f17) auipc   t5, 0x4
core   0: 3 0x8000c378 (0x00004f17) x30 0x80010378
core   0: 0x8000c37c (0xc83f2423) sw      gp, -888(t5)
core   0: 3 0x8000c37c (0xc83f2423) mem 0x80010000 0x00000001
core   0: 0x8000c380 (0xff9ff06f) j       pc - 0x8
core   0: 3 0x8000c380 (0xff9ff06f)
core   0: 0x8000c378 (0x00004f17) auipc   t5, 0x4
core   0: 3 0x8000c378 (0x00004f17) x30 0x80010378
core   0: 0x8000c37c (0xc83f2423) sw      gp, -888(t5)
core   0: 3 0x8000c37c (0xc83f2423) mem 0x80010000 0x00000001
core   0: 0x8000c380 (0xff9ff06f) j       pc - 0x8
core   0: 3 0x8000c380 (0xff9ff06f)
core   0: 0x8000c378 (0x00004f17) auipc   t5, 0x4
core   0: 3 0x8000c378 (0x00004f17) x30 0x80010378
core   0: 0x8000c37c (0xc83f2423) sw      gp, -888(t5)
core   0: 3 0x8000c37c (0xc83f2423) mem 0x80010000 0x00000001
core   0: 0x8000c380 (0xff9ff06f) j       pc - 0x8
core   0: 3 0x8000c380 (0xff9ff06f)
core   0: 0x8000c378 (0x00004f17) auipc   t5, 0x4
core   0: 3 0x8000c378 (0x00004f17) x30 0x80010378
core   0: 0x8000c37c (0xc83f2423) sw      gp, -888(t5)
core   0: 3 0x8000c37c (0xc83f2423) mem 0x80010000 0x00000001
core   0: 0x8000c380 (0xff9ff06f) j       pc - 0x8
core   0: 3 0x8000c380 (0xff9ff06f)
core   0: 0x8000c378 (0x00004f17) auipc   t5, 0x4
core   0: 3 0x8000c378 (0x00004f17) x30 0x80010378
core   0: 0x8000c37c (0xc83f2423) sw      gp, -888(t5)
core   0: 3 0x8000c37c (0xc83f2423) mem 0x80010000 0x00000001
core   0: 0x8000c380 (0xff9ff06f) j       pc - 0x8
core   0: 3 0x8000c380 (0xff9ff06f)
core   0: 0x8000c378 (0x00004f17) auipc   t5, 0x4
core   0: 3 0x8000c378 (0x00004f17) x30 0x80010378
core   0: 0x8000c37c (0xc83f2423) sw      gp, -888(t5)
core   0: 3 0x8000c37c (0xc83f2423) mem 0x80010000 0x00000001
core   0: 0x8000c380 (0xff9ff06f) j       pc - 0x8
core   0: 3 0x8000c380 (0xff9ff06f)
core   0: 0x8000c378 (0x00004f17) auipc   t5, 0x4
core   0: 3 0x8000c378 (0x00004f17) x30 0x80010378
core   0: 0x8000c37c (0xc83f2423) sw      gp, -888(t5)
core   0: 3 0x8000c37c (0xc83f2423) mem 0x80010000 0x00000001
core   0: 0x8000c380 (0xff9ff06f) j       pc - 0x8
core   0: 3 0x8000c380 (0xff9ff06f)
core   0: 0x8000c378 (0x00004f17) auipc   t5, 0x4
core   0: 3 0x8000c378 (0x00004f17) x30 0x80010378
core   0: 0x8000c37c (0xc83f2423) sw      gp, -888(t5)
core   0: 3 0x8000c37c (0xc83f2423) mem 0x80010000 0x00000001
core   0: 0x8000c380 (0xff9ff06f) j       pc - 0x8
core   0: 3 0x8000c380 (0xff9ff06f)
core   0: 0x8000c378 (0x00004f17) auipc   t5, 0x4
core   0: 3 0x8000c378 (0x00004f17) x30 0x80010378
core   0: 0x8000c37c (0xc83f2423) sw      gp, -888(t5)
core   0: 3 0x8000c37c (0xc83f2423) mem 0x80010000 0x00000001
core   0: 0x8000c380 (0xff9ff06f) j       pc - 0x8
core   0: 3 0x8000c380 (0xff9ff06f)
core   0: 0x8000c378 (0x00004f17) auipc   t5, 0x4
core   0: 3 0x8000c378 (0x00004f17) x30 0x80010378
core   0: 0x8000c37c (0xc83f2423) sw      gp, -888(t5)
core   0: 3 0x8000c37c (0xc83f2423) mem 0x80010000 0x00000001
core   0: 0x8000c380 (0xff9ff06f) j       pc - 0x8
core   0: 3 0x8000c380 (0xff9ff06f)
core   0: 0x8000c378 (0x00004f17) auipc   t5, 0x4
core   0: 3 0x8000c378 (0x00004f17) x30 0x80010378
core   0: 0x8000c37c (0xc83f2423) sw      gp, -888(t5)
core   0: 3 0x8000c37c (0xc83f2423) mem 0x80010000 0x00000001
core   0: 0x8000c380 (0xff9ff06f) j       pc - 0x8
core   0: 3 0x8000c380 (0xff9ff06f)
core   0: 0x8000c378 (0x00004f17) auipc   t5, 0x4
core   0: 3 0x8000c378 (0x00004f17) x30 0x80010378
core   0: 0x8000c37c (0xc83f2423) sw      gp, -888(t5)
core   0: 3 0x8000c37c (0xc83f2423) mem 0x80010000 0x00000001
core   0: 0x8000c380 (0xff9ff06f) j       pc - 0x8
core   0: 3 0x8000c380 (0xff9ff06f)
core   0: 0x8000c378 (0x00004f17) auipc   t5, 0x4
core   0: 3 0x8000c378 (0x00004f17) x30 0x80010378
core   0: 0x8000c37c (0xc83f2423) sw      gp, -888(t5)
core   0: 3 0x8000c37c (0xc83f2423) mem 0x80010000 0x00000001
core   0: 0x8000c380 (0xff9ff06f) j       pc - 0x8
core   0: 3 0x8000c380 (0xff9ff06f)
core   0: 0x8000c378 (0x00004f17) auipc   t5, 0x4
core   0: 3 0x8000c378 (0x00004f17) x30 0x80010378
core   0: 0x8000c37c (0xc83f2423) sw      gp, -888(t5)
core   0: 3 0x8000c37c (0xc83f2423) mem 0x80010000 0x00000001
core   0: 0x8000c380 (0xff9ff06f) j       pc - 0x8
core   0: 3 0x8000c380 (0xff9ff06f)
core   0: 0x8000c378 (0x00004f17) auipc   t5, 0x4
core   0: 3 0x8000c378 (0x00004f17) x30 0x80010378
core   0: 0x8000c37c (0xc83f2423) sw      gp, -888(t5)
core   0: 3 0x8000c37c (0xc83f2423) mem 0x80010000 0x00000001
core   0: 0x8000c380 (0xff9ff06f) j       pc - 0x8
core   0: 3 0x8000c380 (0xff9ff06f)
core   0: 0x8000c378 (0x00004f17) auipc   t5, 0x4
core   0: 3 0x8000c378 (0x00004f17) x30 0x80010378
core   0: 0x8000c37c (0xc83f2423) sw      gp, -888(t5)
core   0: 3 0x8000c37c (0xc83f2423) mem 0x80010000 0x00000001
core   0: 0x8000c380 (0xff9ff06f) j       pc - 0x8
core   0: 3 0x8000c380 (0xff9ff06f)
core   0: 0x8000c378 (0x00004f17) auipc   t5, 0x4
core   0: 3 0x8000c378 (0x00004f17) x30 0x80010378
core   0: 0x8000c37c (0xc83f2423) sw      gp, -888(t5)
core   0: 3 0x8000c37c (0xc83f2423) mem 0x80010000 0x00000001
core   0: 0x8000c380 (0xff9ff06f) j       pc - 0x8
core   0: 3 0x8000c380 (0xff9ff06f)
core   0: 0x8000c378 (0x00004f17) auipc   t5, 0x4
core   0: 3 0x8000c378 (0x00004f17) x30 0x80010378
core   0: 0x8000c37c (0xc83f2423) sw      gp, -888(t5)
core   0: 3 0x8000c37c (0xc83f2423) mem 0x80010000 0x00000001
core   0: 0x8000c380 (0xff9ff06f) j       pc - 0x8
core   0: 3 0x8000c380 (0xff9ff06f)
core   0: 0x8000c378 (0x00004f17) auipc   t5, 0x4
core   0: 3 0x8000c378 (0x00004f17) x30 0x80010378
core   0: 0x8000c37c (0xc83f2423) sw      gp, -888(t5)
core   0: 3 0x8000c37c (0xc83f2423) mem 0x80010000 0x00000001
core   0: 0x8000c380 (0xff9ff06f) j       pc - 0x8
core   0: 3 0x8000c380 (0xff9ff06f)
core   0: 0x8000c378 (0x00004f17) auipc   t5, 0x4
core   0: 3 0x8000c378 (0x00004f17) x30 0x80010378
core   0: 0x8000c37c (0xc83f2423) sw      gp, -888(t5)
core   0: 3 0x8000c37c (0xc83f2423) mem 0x80010000 0x00000001
core   0: 0x8000c380 (0xff9ff06f) j       pc - 0x8
core   0: 3 0x8000c380 (0xff9ff06f)
core   0: 0x8000c378 (0x00004f17) auipc   t5, 0x4
core   0: 3 0x8000c378 (0x00004f17) x30 0x80010378
core   0: 0x8000c37c (0xc83f2423) sw      gp, -888(t5)
core   0: 3 0x8000c37c (0xc83f2423) mem 0x80010000 0x00000001
core   0: 0x8000c380 (0xff9ff06f) j       pc - 0x8
core   0: 3 0x8000c380 (0xff9ff06f)
core   0: 0x8000c378 (0x00004f17) auipc   t5, 0x4
core   0: 3 0x8000c378 (0x00004f17) x30 0x80010378
core   0: 0x8000c37c (0xc83f2423) sw      gp, -888(t5)
core   0: 3 0x8000c37c (0xc83f2423) mem 0x80010000 0x00000001
core   0: 0x8000c380 (0xff9ff06f) j       pc - 0x8
core   0: 3 0x8000c380 (0xff9ff06f)
core   0: 0x8000c378 (0x00004f17) auipc   t5, 0x4
core   0: 3 0x8000c378 (0x00004f17) x30 0x80010378
core   0: 0x8000c37c (0xc83f2423) sw      gp, -888(t5)
core   0: 3 0x8000c37c (0xc83f2423) mem 0x80010000 0x00000001
core   0: 0x8000c380 (0xff9ff06f) j       pc - 0x8
core   0: 3 0x8000c380 (0xff9ff06f)
core   0: 0x8000c378 (0x00004f17) auipc   t5, 0x4
core   0: 3 0x8000c378 (0x00004f17) x30 0x80010378
core   0: 0x8000c37c (0xc83f2423) sw      gp, -888(t5)
core   0: 3 0x8000c37c (0xc83f2423) mem 0x80010000 0x00000001
core   0: 0x8000c380 (0xff9ff06f) j       pc - 0x8
core   0: 3 0x8000c380 (0xff9ff06f)
core   0: 0x8000c378 (0x00004f17) auipc   t5, 0x4
core   0: 3 0x8000c378 (0x00004f17) x30 0x80010378
core   0: 0x8000c37c (0xc83f2423) sw      gp, -888(t5)
core   0: 3 0x8000c37c (0xc83f2423) mem 0x80010000 0x00000001
core   0: 0x8000c380 (0xff9ff06f) j       pc - 0x8
core   0: 3 0x8000c380 (0xff9ff06f)
core   0: 0x8000c378 (0x00004f17) auipc   t5, 0x4
core   0: 3 0x8000c378 (0x00004f17) x30 0x80010378
core   0: 0x8000c37c (0xc83f2423) sw      gp, -888(t5)
core   0: 3 0x8000c37c (0xc83f2423) mem 0x80010000 0x00000001
core   0: 0x8000c380 (0xff9ff06f) j       pc - 0x8
core   0: 3 0x8000c380 (0xff9ff06f)
core   0: 0x8000c378 (0x00004f17) auipc   t5, 0x4
core   0: 3 0x8000c378 (0x00004f17) x30 0x80010378
core   0: 0x8000c37c (0xc83f2423) sw      gp, -888(t5)
core   0: 3 0x8000c37c (0xc83f2423) mem 0x80010000 0x00000001
core   0: 0x8000c380 (0xff9ff06f) j       pc - 0x8
core   0: 3 0x8000c380 (0xff9ff06f)
core   0: 0x8000c378 (0x00004f17) auipc   t5, 0x4
core   0: 3 0x8000c378 (0x00004f17) x30 0x80010378
core   0: 0x8000c37c (0xc83f2423) sw      gp, -888(t5)
core   0: 3 0x8000c37c (0xc83f2423) mem 0x80010000 0x00000001
core   0: 0x8000c380 (0xff9ff06f) j       pc - 0x8
core   0: 3 0x8000c380 (0xff9ff06f)
core   0: 0x8000c378 (0x00004f17) auipc   t5, 0x4
core   0: 3 0x8000c378 (0x00004f17) x30 0x80010378
core   0: 0x8000c37c (0xc83f2423) sw      gp, -888(t5)
core   0: 3 0x8000c37c (0xc83f2423) mem 0x80010000 0x00000001
core   0: 0x8000c380 (0xff9ff06f) j       pc - 0x8
core   0: 3 0x8000c380 (0xff9ff06f)
core   0: 0x8000c378 (0x00004f17) auipc   t5, 0x4
core   0: 3 0x8000c378 (0x00004f17) x30 0x80010378
core   0: 0x8000c37c (0xc83f2423) sw      gp, -888(t5)
core   0: 3 0x8000c37c (0xc83f2423) mem 0x80010000 0x00000001
core   0: 0x8000c380 (0xff9ff06f) j       pc - 0x8
core   0: 3 0x8000c380 (0xff9ff06f)
core   0: 0x8000c378 (0x00004f17) auipc   t5, 0x4
core   0: 3 0x8000c378 (0x00004f17) x30 0x80010378
core   0: 0x8000c37c (0xc83f2423) sw      gp, -888(t5)
core   0: 3 0x8000c37c (0xc83f2423) mem 0x80010000 0x00000001
core   0: 0x8000c380 (0xff9ff06f) j       pc - 0x8
core   0: 3 0x8000c380 (0xff9ff06f)
core   0: 0x8000c378 (0x00004f17) auipc   t5, 0x4
core   0: 3 0x8000c378 (0x00004f17) x30 0x80010378
core   0: 0x8000c37c (0xc83f2423) sw      gp, -888(t5)
core   0: 3 0x8000c37c (0xc83f2423) mem 0x80010000 0x00000001
core   0: 0x8000c380 (0xff9ff06f) j       pc - 0x8
core   0: 3 0x8000c380 (0xff9ff06f)
core   0: 0x8000c378 (0x00004f17) auipc   t5, 0x4
core   0: 3 0x8000c378 (0x00004f17) x30 0x80010378
core   0: 0x8000c37c (0xc83f2423) sw      gp, -888(t5)
core   0: 3 0x8000c37c (0xc83f2423) mem 0x80010000 0x00000001
core   0: 0x8000c380 (0xff9ff06f) j       pc - 0x8
core   0: 3 0x8000c380 (0xff9ff06f)
core   0: 0x8000c378 (0x00004f17) auipc   t5, 0x4
core   0: 3 0x8000c378 (0x00004f17) x30 0x80010378
core   0: 0x8000c37c (0xc83f2423) sw      gp, -888(t5)
core   0: 3 0x8000c37c (0xc83f2423) mem 0x80010000 0x00000001
core   0: 0x8000c380 (0xff9ff06f) j       pc - 0x8
core   0: 3 0x8000c380 (0xff9ff06f)
core   0: 0x8000c378 (0x00004f17) auipc   t5, 0x4
core   0: 3 0x8000c378 (0x00004f17) x30 0x80010378
core   0: 0x8000c37c (0xc83f2423) sw      gp, -888(t5)
core   0: 3 0x8000c37c (0xc83f2423) mem 0x80010000 0x00000001
core   0: 0x8000c380 (0xff9ff06f) j       pc - 0x8
core   0: 3 0x8000c380 (0xff9ff06f)
core   0: 0x8000c378 (0x00004f17) auipc   t5, 0x4
core   0: 3 0x8000c378 (0x00004f17) x30 0x80010378
core   0: 0x8000c37c (0xc83f2423) sw      gp, -888(t5)
core   0: 3 0x8000c37c (0xc83f2423) mem 0x80010000 0x00000001
core   0: 0x8000c380 (0xff9ff06f) j       pc - 0x8
core   0: 3 0x8000c380 (0xff9ff06f)
core   0: 0x8000c378 (0x00004f17) auipc   t5, 0x4
core   0: 3 0x8000c378 (0x00004f17) x30 0x80010378
core   0: 0x8000c37c (0xc83f2423) sw      gp, -888(t5)
core   0: 3 0x8000c37c (0xc83f2423) mem 0x80010000 0x00000001
core   0: 0x8000c380 (0xff9ff06f) j       pc - 0x8
core   0: 3 0x8000c380 (0xff9ff06f)
core   0: 0x8000c378 (0x00004f17) auipc   t5, 0x4
core   0: 3 0x8000c378 (0x00004f17) x30 0x80010378
core   0: 0x8000c37c (0xc83f2423) sw      gp, -888(t5)
core   0: 3 0x8000c37c (0xc83f2423) mem 0x80010000 0x00000001
core   0: 0x8000c380 (0xff9ff06f) j       pc - 0x8
core   0: 3 0x8000c380 (0xff9ff06f)
core   0: 0x8000c378 (0x00004f17) auipc   t5, 0x4
core   0: 3 0x8000c378 (0x00004f17) x30 0x80010378
core   0: 0x8000c37c (0xc83f2423) sw      gp, -888(t5)
core   0: 3 0x8000c37c (0xc83f2423) mem 0x80010000 0x00000001
core   0: 0x8000c380 (0xff9ff06f) j       pc - 0x8
core   0: 3 0x8000c380 (0xff9ff06f)
core   0: 0x8000c378 (0x00004f17) auipc   t5, 0x4
core   0: 3 0x8000c378 (0x00004f17) x30 0x80010378
core   0: 0x8000c37c (0xc83f2423) sw      gp, -888(t5)
core   0: 3 0x8000c37c (0xc83f2423) mem 0x80010000 0x00000001
core   0: 0x8000c380 (0xff9ff06f) j       pc - 0x8
core   0: 3 0x8000c380 (0xff9ff06f)
core   0: 0x8000c378 (0x00004f17) auipc   t5, 0x4
core   0: 3 0x8000c378 (0x00004f17) x30 0x80010378
core   0: 0x8000c37c (0xc83f2423) sw      gp, -888(t5)
core   0: 3 0x8000c37c (0xc83f2423) mem 0x80010000 0x00000001
core   0: 0x8000c380 (0xff9ff06f) j       pc - 0x8
core   0: 3 0x8000c380 (0xff9ff06f)
core   0: 0x8000c378 (0x00004f17) auipc   t5, 0x4
core   0: 3 0x8000c378 (0x00004f17) x30 0x80010378
core   0: 0x8000c37c (0xc83f2423) sw      gp, -888(t5)
core   0: 3 0x8000c37c (0xc83f2423) mem 0x80010000 0x00000001
core   0: 0x8000c380 (0xff9ff06f) j       pc - 0x8
core   0: 3 0x8000c380 (0xff9ff06f)
core   0: 0x8000c378 (0x00004f17) auipc   t5, 0x4
core   0: 3 0x8000c378 (0x00004f17) x30 0x80010378
core   0: 0x8000c37c (0xc83f2423) sw      gp, -888(t5)
core   0: 3 0x8000c37c (0xc83f2423) mem 0x80010000 0x00000001
core   0: 0x8000c380 (0xff9ff06f) j       pc - 0x8
core   0: 3 0x8000c380 (0xff9ff06f)
core   0: 0x8000c378 (0x00004f17) auipc   t5, 0x4
core   0: 3 0x8000c378 (0x00004f17) x30 0x80010378
core   0: 0x8000c37c (0xc83f2423) sw      gp, -888(t5)
core   0: 3 0x8000c37c (0xc83f2423) mem 0x80010000 0x00000001
core   0: 0x8000c380 (0xff9ff06f) j       pc - 0x8
core   0: 3 0x8000c380 (0xff9ff06f)
core   0: 0x8000c378 (0x00004f17) auipc   t5, 0x4
core   0: 3 0x8000c378 (0x00004f17) x30 0x80010378
core   0: 0x8000c37c (0xc83f2423) sw      gp, -888(t5)
core   0: 3 0x8000c37c (0xc83f2423) mem 0x80010000 0x00000001
core   0: 0x8000c380 (0xff9ff06f) j       pc - 0x8
core   0: 3 0x8000c380 (0xff9ff06f)
core   0: 0x8000c378 (0x00004f17) auipc   t5, 0x4
core   0: 3 0x8000c378 (0x00004f17) x30 0x80010378
core   0: 0x8000c37c (0xc83f2423) sw      gp, -888(t5)
core   0: 3 0x8000c37c (0xc83f2423) mem 0x80010000 0x00000001
core   0: 0x8000c380 (0xff9ff06f) j       pc - 0x8
core   0: 3 0x8000c380 (0xff9ff06f)
core   0: 0x8000c378 (0x00004f17) auipc   t5, 0x4
core   0: 3 0x8000c378 (0x00004f17) x30 0x80010378
core   0: 0x8000c37c (0xc83f2423) sw      gp, -888(t5)
core   0: 3 0x8000c37c (0xc83f2423) mem 0x80010000 0x00000001
core   0: 0x8000c380 (0xff9ff06f) j       pc - 0x8
core   0: 3 0x8000c380 (0xff9ff06f)
core   0: 0x8000c378 (0x00004f17) auipc   t5, 0x4
core   0: 3 0x8000c378 (0x00004f17) x30 0x80010378
core   0: 0x8000c37c (0xc83f2423) sw      gp, -888(t5)
core   0: 3 0x8000c37c (0xc83f2423) mem 0x80010000 0x00000001
core   0: 0x8000c380 (0xff9ff06f) j       pc - 0x8
core   0: 3 0x8000c380 (0xff9ff06f)
core   0: 0x8000c378 (0x00004f17) auipc   t5, 0x4
core   0: 3 0x8000c378 (0x00004f17) x30 0x80010378
core   0: 0x8000c37c (0xc83f2423) sw      gp, -888(t5)
core   0: 3 0x8000c37c (0xc83f2423) mem 0x80010000 0x00000001
core   0: 0x8000c380 (0xff9ff06f) j       pc - 0x8
core   0: 3 0x8000c380 (0xff9ff06f)
core   0: 0x8000c378 (0x00004f17) auipc   t5, 0x4
core   0: 3 0x8000c378 (0x00004f17) x30 0x80010378
core   0: 0x8000c37c (0xc83f2423) sw      gp, -888(t5)
core   0: 3 0x8000c37c (0xc83f2423) mem 0x80010000 0x00000001
core   0: 0x8000c380 (0xff9ff06f) j       pc - 0x8
core   0: 3 0x8000c380 (0xff9ff06f)
core   0: 0x8000c378 (0x00004f17) auipc   t5, 0x4
core   0: 3 0x8000c378 (0x00004f17) x30 0x80010378
core   0: 0x8000c37c (0xc83f2423) sw      gp, -888(t5)
core   0: 3 0x8000c37c (0xc83f2423) mem 0x80010000 0x00000001
core   0: 0x8000c380 (0xff9ff06f) j       pc - 0x8
core   0: 3 0x8000c380 (0xff9ff06f)
core   0: 0x8000c378 (0x00004f17) auipc   t5, 0x4
core   0: 3 0x8000c378 (0x00004f17) x30 0x80010378
core   0: 0x8000c37c (0xc83f2423) sw      gp, -888(t5)
core   0: 3 0x8000c37c (0xc83f2423) mem 0x80010000 0x00000001
core   0: 0x8000c380 (0xff9ff06f) j       pc - 0x8
core   0: 3 0x8000c380 (0xff9ff06f)
core   0: 0x8000c378 (0x00004f17) auipc   t5, 0x4
core   0: 3 0x8000c378 (0x00004f17) x30 0x80010378
core   0: 0x8000c37c (0xc83f2423) sw      gp, -888(t5)
core   0: 3 0x8000c37c (0xc83f2423) mem 0x80010000 0x00000001
core   0: 0x8000c380 (0xff9ff06f) j       pc - 0x8
core   0: 3 0x8000c380 (0xff9ff06f)
core   0: 0x8000c378 (0x00004f17) auipc   t5, 0x4
core   0: 3 0x8000c378 (0x00004f17) x30 0x80010378
core   0: 0x8000c37c (0xc83f2423) sw      gp, -888(t5)
core   0: 3 0x8000c37c (0xc83f2423) mem 0x80010000 0x00000001
core   0: 0x8000c380 (0xff9ff06f) j       pc - 0x8
core   0: 3 0x8000c380 (0xff9ff06f)
core   0: 0x8000c378 (0x00004f17) auipc   t5, 0x4
core   0: 3 0x8000c378 (0x00004f17) x30 0x80010378
core   0: 0x8000c37c (0xc83f2423) sw      gp, -888(t5)
core   0: 3 0x8000c37c (0xc83f2423) mem 0x80010000 0x00000001
core   0: 0x8000c380 (0xff9ff06f) j       pc - 0x8
core   0: 3 0x8000c380 (0xff9ff06f)
core   0: 0x8000c378 (0x00004f17) auipc   t5, 0x4
core   0: 3 0x8000c378 (0x00004f17) x30 0x80010378
core   0: 0x8000c37c (0xc83f2423) sw      gp, -888(t5)
core   0: 3 0x8000c37c (0xc83f2423) mem 0x80010000 0x00000001
core   0: 0x8000c380 (0xff9ff06f) j       pc - 0x8
core   0: 3 0x8000c380 (0xff9ff06f)
core   0: 0x8000c378 (0x00004f17) auipc   t5, 0x4
core   0: 3 0x8000c378 (0x00004f17) x30 0x80010378
core   0: 0x8000c37c (0xc83f2423) sw      gp, -888(t5)
core   0: 3 0x8000c37c (0xc83f2423) mem 0x80010000 0x00000001
core   0: 0x8000c380 (0xff9ff06f) j       pc - 0x8
core   0: 3 0x8000c380 (0xff9ff06f)
core   0: 0x8000c378 (0x00004f17) auipc   t5, 0x4
core   0: 3 0x8000c378 (0x00004f17) x30 0x80010378
core   0: 0x8000c37c (0xc83f2423) sw      gp, -888(t5)
core   0: 3 0x8000c37c (0xc83f2423) mem 0x80010000 0x00000001
core   0: 0x8000c380 (0xff9ff06f) j       pc - 0x8
core   0: 3 0x8000c380 (0xff9ff06f)
core   0: 0x8000c378 (0x00004f17) auipc   t5, 0x4
core   0: 3 0x8000c378 (0x00004f17) x30 0x80010378
core   0: 0x8000c37c (0xc83f2423) sw      gp, -888(t5)
core   0: 3 0x8000c37c (0xc83f2423) mem 0x80010000 0x00000001
core   0: 0x8000c380 (0xff9ff06f) j       pc - 0x8
core   0: 3 0x8000c380 (0xff9ff06f)
core   0: 0x8000c378 (0x00004f17) auipc   t5, 0x4
core   0: 3 0x8000c378 (0x00004f17) x30 0x80010378
core   0: 0x8000c37c (0xc83f2423) sw      gp, -888(t5)
core   0: 3 0x8000c37c (0xc83f2423) mem 0x80010000 0x00000001
core   0: 0x8000c380 (0xff9ff06f) j       pc - 0x8
core   0: 3 0x8000c380 (0xff9ff06f)
core   0: 0x8000c378 (0x00004f17) auipc   t5, 0x4
core   0: 3 0x8000c378 (0x00004f17) x30 0x80010378
core   0: 0x8000c37c (0xc83f2423) sw      gp, -888(t5)
core   0: 3 0x8000c37c (0xc83f2423) mem 0x80010000 0x00000001
core   0: 0x8000c380 (0xff9ff06f) j       pc - 0x8
core   0: 3 0x8000c380 (0xff9ff06f)
core   0: 0x8000c378 (0x00004f17) auipc   t5, 0x4
core   0: 3 0x8000c378 (0x00004f17) x30 0x80010378
core   0: 0x8000c37c (0xc83f2423) sw      gp, -888(t5)
core   0: 3 0x8000c37c (0xc83f2423) mem 0x80010000 0x00000001
core   0: 0x8000c380 (0xff9ff06f) j       pc - 0x8
core   0: 3 0x8000c380 (0xff9ff06f)
core   0: 0x8000c378 (0x00004f17) auipc   t5, 0x4
core   0: 3 0x8000c378 (0x00004f17) x30 0x80010378
core   0: 0x8000c37c (0xc83f2423) sw      gp, -888(t5)
core   0: 3 0x8000c37c (0xc83f2423) mem 0x80010000 0x00000001
core   0: 0x8000c380 (0xff9ff06f) j       pc - 0x8
core   0: 3 0x8000c380 (0xff9ff06f)
core   0: 0x8000c378 (0x00004f17) auipc   t5, 0x4
core   0: 3 0x8000c378 (0x00004f17) x30 0x80010378
core   0: 0x8000c37c (0xc83f2423) sw      gp, -888(t5)
core   0: 3 0x8000c37c (0xc83f2423) mem 0x80010000 0x00000001
core   0: 0x8000c380 (0xff9ff06f) j       pc - 0x8
core   0: 3 0x8000c380 (0xff9ff06f)
core   0: 0x8000c378 (0x00004f17) auipc   t5, 0x4
core   0: 3 0x8000c378 (0x00004f17) x30 0x80010378
core   0: 0x8000c37c (0xc83f2423) sw      gp, -888(t5)
core   0: 3 0x8000c37c (0xc83f2423) mem 0x80010000 0x00000001
core   0: 0x8000c380 (0xff9ff06f) j       pc - 0x8
core   0: 3 0x8000c380 (0xff9ff06f)
core   0: 0x8000c378 (0x00004f17) auipc   t5, 0x4
core   0: 3 0x8000c378 (0x00004f17) x30 0x80010378
core   0: 0x8000c37c (0xc83f2423) sw      gp, -888(t5)
core   0: 3 0x8000c37c (0xc83f2423) mem 0x80010000 0x00000001
core   0: 0x8000c380 (0xff9ff06f) j       pc - 0x8
core   0: 3 0x8000c380 (0xff9ff06f)
core   0: 0x8000c378 (0x00004f17) auipc   t5, 0x4
core   0: 3 0x8000c378 (0x00004f17) x30 0x80010378
core   0: 0x8000c37c (0xc83f2423) sw      gp, -888(t5)
core   0: 3 0x8000c37c (0xc83f2423) mem 0x80010000 0x00000001
core   0: 0x8000c380 (0xff9ff06f) j       pc - 0x8
core   0: 3 0x8000c380 (0xff9ff06f)
core   0: 0x8000c378 (0x00004f17) auipc   t5, 0x4
core   0: 3 0x8000c378 (0x00004f17) x30 0x80010378
core   0: 0x8000c37c (0xc83f2423) sw      gp, -888(t5)
core   0: 3 0x8000c37c (0xc83f2423) mem 0x80010000 0x00000001
core   0: 0x8000c380 (0xff9ff06f) j       pc - 0x8
core   0: 3 0x8000c380 (0xff9ff06f)
core   0: 0x8000c378 (0x00004f17) auipc   t5, 0x4
core   0: 3 0x8000c378 (0x00004f17) x30 0x80010378
core   0: 0x8000c37c (0xc83f2423) sw      gp, -888(t5)
core   0: 3 0x8000c37c (0xc83f2423) mem 0x80010000 0x00000001
core   0: 0x8000c380 (0xff9ff06f) j       pc - 0x8
core   0: 3 0x8000c380 (0xff9ff06f)
core   0: 0x8000c378 (0x00004f17) auipc   t5, 0x4
core   0: 3 0x8000c378 (0x00004f17) x30 0x80010378
core   0: 0x8000c37c (0xc83f2423) sw      gp, -888(t5)
core   0: 3 0x8000c37c (0xc83f2423) mem 0x80010000 0x00000001
core   0: 0x8000c380 (0xff9ff06f) j       pc - 0x8
core   0: 3 0x8000c380 (0xff9ff06f)
core   0: 0x8000c378 (0x00004f17) auipc   t5, 0x4
core   0: 3 0x8000c378 (0x00004f17) x30 0x80010378
core   0: 0x8000c37c (0xc83f2423) sw      gp, -888(t5)
core   0: 3 0x8000c37c (0xc83f2423) mem 0x80010000 0x00000001
core   0: 0x8000c380 (0xff9ff06f) j       pc - 0x8
core   0: 3 0x8000c380 (0xff9ff06f)
core   0: 0x8000c378 (0x00004f17) auipc   t5, 0x4
core   0: 3 0x8000c378 (0x00004f17) x30 0x80010378
core   0: 0x8000c37c (0xc83f2423) sw      gp, -888(t5)
core   0: 3 0x8000c37c (0xc83f2423) mem 0x80010000 0x00000001
core   0: 0x8000c380 (0xff9ff06f) j       pc - 0x8
core   0: 3 0x8000c380 (0xff9ff06f)
core   0: 0x8000c378 (0x00004f17) auipc   t5, 0x4
core   0: 3 0x8000c378 (0x00004f17) x30 0x80010378
core   0: 0x8000c37c (0xc83f2423) sw      gp, -888(t5)
core   0: 3 0x8000c37c (0xc83f2423) mem 0x80010000 0x00000001
core   0: 0x8000c380 (0xff9ff06f) j       pc - 0x8
core   0: 3 0x8000c380 (0xff9ff06f)
core   0: 0x8000c378 (0x00004f17) auipc   t5, 0x4
core   0: 3 0x8000c378 (0x00004f17) x30 0x80010378
core   0: 0x8000c37c (0xc83f2423) sw      gp, -888(t5)
core   0: 3 0x8000c37c (0xc83f2423) mem 0x80010000 0x00000001
core   0: 0x8000c380 (0xff9ff06f) j       pc - 0x8
core   0: 3 0x8000c380 (0xff9ff06f)
core   0: 0x8000c378 (0x00004f17) auipc   t5, 0x4
core   0: 3 0x8000c378 (0x00004f17) x30 0x80010378
core   0: 0x8000c37c (0xc83f2423) sw      gp, -888(t5)
core   0: 3 0x8000c37c (0xc83f2423) mem 0x80010000 0x00000001
core   0: 0x8000c380 (0xff9ff06f) j       pc - 0x8
core   0: 3 0x8000c380 (0xff9ff06f)
core   0: 0x8000c378 (0x00004f17) auipc   t5, 0x4
core   0: 3 0x8000c378 (0x00004f17) x30 0x80010378
core   0: 0x8000c37c (0xc83f2423) sw      gp, -888(t5)
core   0: 3 0x8000c37c (0xc83f2423) mem 0x80010000 0x00000001
core   0: 0x8000c380 (0xff9ff06f) j       pc - 0x8
core   0: 3 0x8000c380 (0xff9ff06f)
core   0: 0x8000c378 (0x00004f17) auipc   t5, 0x4
core   0: 3 0x8000c378 (0x00004f17) x30 0x80010378
core   0: 0x8000c37c (0xc83f2423) sw      gp, -888(t5)
core   0: 3 0x8000c37c (0xc83f2423) mem 0x80010000 0x00000001
core   0: 0x8000c380 (0xff9ff06f) j       pc - 0x8
core   0: 3 0x8000c380 (0xff9ff06f)
core   0: 0x8000c378 (0x00004f17) auipc   t5, 0x4
core   0: 3 0x8000c378 (0x00004f17) x30 0x80010378
core   0: 0x8000c37c (0xc83f2423) sw      gp, -888(t5)
core   0: 3 0x8000c37c (0xc83f2423) mem 0x80010000 0x00000001
core   0: 0x8000c380 (0xff9ff06f) j       pc - 0x8
core   0: 3 0x8000c380 (0xff9ff06f)
core   0: 0x8000c378 (0x00004f17) auipc   t5, 0x4
core   0: 3 0x8000c378 (0x00004f17) x30 0x80010378
core   0: 0x8000c37c (0xc83f2423) sw      gp, -888(t5)
core   0: 3 0x8000c37c (0xc83f2423) mem 0x80010000 0x00000001
core   0: 0x8000c380 (0xff9ff06f) j       pc - 0x8
core   0: 3 0x8000c380 (0xff9ff06f)
core   0: 0x8000c378 (0x00004f17) auipc   t5, 0x4
core   0: 3 0x8000c378 (0x00004f17) x30 0x80010378
core   0: 0x8000c37c (0xc83f2423) sw      gp, -888(t5)
core   0: 3 0x8000c37c (0xc83f2423) mem 0x80010000 0x00000001
core   0: 0x8000c380 (0xff9ff06f) j       pc - 0x8
core   0: 3 0x8000c380 (0xff9ff06f)
core   0: 0x8000c378 (0x00004f17) auipc   t5, 0x4
core   0: 3 0x8000c378 (0x00004f17) x30 0x80010378
core   0: 0x8000c37c (0xc83f2423) sw      gp, -888(t5)
core   0: 3 0x8000c37c (0xc83f2423) mem 0x80010000 0x00000001
core   0: 0x8000c380 (0xff9ff06f) j       pc - 0x8
core   0: 3 0x8000c380 (0xff9ff06f)
core   0: 0x8000c378 (0x00004f17) auipc   t5, 0x4
core   0: 3 0x8000c378 (0x00004f17) x30 0x80010378
core   0: 0x8000c37c (0xc83f2423) sw      gp, -888(t5)
core   0: 3 0x8000c37c (0xc83f2423) mem 0x80010000 0x00000001
core   0: 0x8000c380 (0xff9ff06f) j       pc - 0x8
core   0: 3 0x8000c380 (0xff9ff06f)
core   0: 0x8000c378 (0x00004f17) auipc   t5, 0x4
core   0: 3 0x8000c378 (0x00004f17) x30 0x80010378
core   0: 0x8000c37c (0xc83f2423) sw      gp, -888(t5)
core   0: 3 0x8000c37c (0xc83f2423) mem 0x80010000 0x00000001
core   0: 0x8000c380 (0xff9ff06f) j       pc - 0x8
core   0: 3 0x8000c380 (0xff9ff06f)
core   0: 0x8000c378 (0x00004f17) auipc   t5, 0x4
core   0: 3 0x8000c378 (0x00004f17) x30 0x80010378
core   0: 0x8000c37c (0xc83f2423) sw      gp, -888(t5)
core   0: 3 0x8000c37c (0xc83f2423) mem 0x80010000 0x00000001
core   0: 0x8000c380 (0xff9ff06f) j       pc - 0x8
core   0: 3 0x8000c380 (0xff9ff06f)
core   0: 0x8000c378 (0x00004f17) auipc   t5, 0x4
core   0: 3 0x8000c378 (0x00004f17) x30 0x80010378
core   0: 0x8000c37c (0xc83f2423) sw      gp, -888(t5)
core   0: 3 0x8000c37c (0xc83f2423) mem 0x80010000 0x00000001
core   0: 0x8000c380 (0xff9ff06f) j       pc - 0x8
core   0: 3 0x8000c380 (0xff9ff06f)
core   0: 0x8000c378 (0x00004f17) auipc   t5, 0x4
core   0: 3 0x8000c378 (0x00004f17) x30 0x80010378
core   0: 0x8000c37c (0xc83f2423) sw      gp, -888(t5)
core   0: 3 0x8000c37c (0xc83f2423) mem 0x80010000 0x00000001
core   0: 0x8000c380 (0xff9ff06f) j       pc - 0x8
core   0: 3 0x8000c380 (0xff9ff06f)
core   0: 0x8000c378 (0x00004f17) auipc   t5, 0x4
core   0: 3 0x8000c378 (0x00004f17) x30 0x80010378
core   0: 0x8000c37c (0xc83f2423) sw      gp, -888(t5)
core   0: 3 0x8000c37c (0xc83f2423) mem 0x80010000 0x00000001
core   0: 0x8000c380 (0xff9ff06f) j       pc - 0x8
core   0: 3 0x8000c380 (0xff9ff06f)
core   0: 0x8000c378 (0x00004f17) auipc   t5, 0x4
core   0: 3 0x8000c378 (0x00004f17) x30 0x80010378
core   0: 0x8000c37c (0xc83f2423) sw      gp, -888(t5)
core   0: 3 0x8000c37c (0xc83f2423) mem 0x80010000 0x00000001
core   0: 0x8000c380 (0xff9ff06f) j       pc - 0x8
core   0: 3 0x8000c380 (0xff9ff06f)
core   0: 0x8000c378 (0x00004f17) auipc   t5, 0x4
core   0: 3 0x8000c378 (0x00004f17) x30 0x80010378
core   0: 0x8000c37c (0xc83f2423) sw      gp, -888(t5)
core   0: 3 0x8000c37c (0xc83f2423) mem 0x80010000 0x00000001
core   0: 0x8000c380 (0xff9ff06f) j       pc - 0x8
core   0: 3 0x8000c380 (0xff9ff06f)
core   0: 0x8000c378 (0x00004f17) auipc   t5, 0x4
core   0: 3 0x8000c378 (0x00004f17) x30 0x80010378
core   0: 0x8000c37c (0xc83f2423) sw      gp, -888(t5)
core   0: 3 0x8000c37c (0xc83f2423) mem 0x80010000 0x00000001
core   0: 0x8000c380 (0xff9ff06f) j       pc - 0x8
core   0: 3 0x8000c380 (0xff9ff06f)
core   0: 0x8000c378 (0x00004f17) auipc   t5, 0x4
core   0: 3 0x8000c378 (0x00004f17) x30 0x80010378
core   0: 0x8000c37c (0xc83f2423) sw      gp, -888(t5)
core   0: 3 0x8000c37c (0xc83f2423) mem 0x80010000 0x00000001
core   0: 0x8000c380 (0xff9ff06f) j       pc - 0x8
core   0: 3 0x8000c380 (0xff9ff06f)
core   0: 0x8000c378 (0x00004f17) auipc   t5, 0x4
core   0: 3 0x8000c378 (0x00004f17) x30 0x80010378
core   0: 0x8000c37c (0xc83f2423) sw      gp, -888(t5)
core   0: 3 0x8000c37c (0xc83f2423) mem 0x80010000 0x00000001
core   0: 0x8000c380 (0xff9ff06f) j       pc - 0x8
core   0: 3 0x8000c380 (0xff9ff06f)
core   0: 0x8000c378 (0x00004f17) auipc   t5, 0x4
core   0: 3 0x8000c378 (0x00004f17) x30 0x80010378
core   0: 0x8000c37c (0xc83f2423) sw      gp, -888(t5)
core   0: 3 0x8000c37c (0xc83f2423) mem 0x80010000 0x00000001
core   0: 0x8000c380 (0xff9ff06f) j       pc - 0x8
core   0: 3 0x8000c380 (0xff9ff06f)
core   0: 0x8000c378 (0x00004f17) auipc   t5, 0x4
core   0: 3 0x8000c378 (0x00004f17) x30 0x80010378
core   0: 0x8000c37c (0xc83f2423) sw      gp, -888(t5)
core   0: 3 0x8000c37c (0xc83f2423) mem 0x80010000 0x00000001
core   0: 0x8000c380 (0xff9ff06f) j       pc - 0x8
core   0: 3 0x8000c380 (0xff9ff06f)
core   0: 0x8000c378 (0x00004f17) auipc   t5, 0x4
core   0: 3 0x8000c378 (0x00004f17) x30 0x80010378
core   0: 0x8000c37c (0xc83f2423) sw      gp, -888(t5)
core   0: 3 0x8000c37c (0xc83f2423) mem 0x80010000 0x00000001
core   0: 0x8000c380 (0xff9ff06f) j       pc - 0x8
core   0: 3 0x8000c380 (0xff9ff06f)
core   0: 0x8000c378 (0x00004f17) auipc   t5, 0x4
core   0: 3 0x8000c378 (0x00004f17) x30 0x80010378
core   0: 0x8000c37c (0xc83f2423) sw      gp, -888(t5)
core   0: 3 0x8000c37c (0xc83f2423) mem 0x80010000 0x00000001
core   0: 0x8000c380 (0xff9ff06f) j       pc - 0x8
core   0: 3 0x8000c380 (0xff9ff06f)
core   0: 0x8000c378 (0x00004f17) auipc   t5, 0x4
core   0: 3 0x8000c378 (0x00004f17) x30 0x80010378
core   0: 0x8000c37c (0xc83f2423) sw      gp, -888(t5)
core   0: 3 0x8000c37c (0xc83f2423) mem 0x80010000 0x00000001
core   0: 0x8000c380 (0xff9ff06f) j       pc - 0x8
core   0: 3 0x8000c380 (0xff9ff06f)
core   0: 0x8000c378 (0x00004f17) auipc   t5, 0x4
core   0: 3 0x8000c378 (0x00004f17) x30 0x80010378
core   0: 0x8000c37c (0xc83f2423) sw      gp, -888(t5)
core   0: 3 0x8000c37c (0xc83f2423) mem 0x80010000 0x00000001
core   0: 0x8000c380 (0xff9ff06f) j       pc - 0x8
core   0: 3 0x8000c380 (0xff9ff06f)
core   0: 0x8000c378 (0x00004f17) auipc   t5, 0x4
core   0: 3 0x8000c378 (0x00004f17) x30 0x80010378
core   0: 0x8000c37c (0xc83f2423) sw      gp, -888(t5)
core   0: 3 0x8000c37c (0xc83f2423) mem 0x80010000 0x00000001
core   0: 0x8000c380 (0xff9ff06f) j       pc - 0x8
core   0: 3 0x8000c380 (0xff9ff06f)
core   0: 0x8000c378 (0x00004f17) auipc   t5, 0x4
core   0: 3 0x8000c378 (0x00004f17) x30 0x80010378
core   0: 0x8000c37c (0xc83f2423) sw      gp, -888(t5)
core   0: 3 0x8000c37c (0xc83f2423) mem 0x80010000 0x00000001
core   0: 0x8000c380 (0xff9ff06f) j       pc - 0x8
core   0: 3 0x8000c380 (0xff9ff06f)
core   0: 0x8000c378 (0x00004f17) auipc   t5, 0x4
core   0: 3 0x8000c378 (0x00004f17) x30 0x80010378
core   0: 0x8000c37c (0xc83f2423) sw      gp, -888(t5)
core   0: 3 0x8000c37c (0xc83f2423) mem 0x80010000 0x00000001
core   0: 0x8000c380 (0xff9ff06f) j       pc - 0x8
core   0: 3 0x8000c380 (0xff9ff06f)
core   0: 0x8000c378 (0x00004f17) auipc   t5, 0x4
core   0: 3 0x8000c378 (0x00004f17) x30 0x80010378
core   0: 0x8000c37c (0xc83f2423) sw      gp, -888(t5)
core   0: 3 0x8000c37c (0xc83f2423) mem 0x80010000 0x00000001
core   0: 0x8000c380 (0xff9ff06f) j       pc - 0x8
core   0: 3 0x8000c380 (0xff9ff06f)
core   0: 0x8000c378 (0x00004f17) auipc   t5, 0x4
core   0: 3 0x8000c378 (0x00004f17) x30 0x80010378
core   0: 0x8000c37c (0xc83f2423) sw      gp, -888(t5)
core   0: 3 0x8000c37c (0xc83f2423) mem 0x80010000 0x00000001
core   0: 0x8000c380 (0xff9ff06f) j       pc - 0x8
core   0: 3 0x8000c380 (0xff9ff06f)
core   0: 0x8000c378 (0x00004f17) auipc   t5, 0x4
core   0: 3 0x8000c378 (0x00004f17) x30 0x80010378
core   0: 0x8000c37c (0xc83f2423) sw      gp, -888(t5)
core   0: 3 0x8000c37c (0xc83f2423) mem 0x80010000 0x00000001
core   0: 0x8000c380 (0xff9ff06f) j       pc - 0x8
core   0: 3 0x8000c380 (0xff9ff06f)
core   0: 0x8000c378 (0x00004f17) auipc   t5, 0x4
core   0: 3 0x8000c378 (0x00004f17) x30 0x80010378
core   0: 0x8000c37c (0xc83f2423) sw      gp, -888(t5)
core   0: 3 0x8000c37c (0xc83f2423) mem 0x80010000 0x00000001
core   0: 0x8000c380 (0xff9ff06f) j       pc - 0x8
core   0: 3 0x8000c380 (0xff9ff06f)
core   0: 0x8000c378 (0x00004f17) auipc   t5, 0x4
core   0: 3 0x8000c378 (0x00004f17) x30 0x80010378
core   0: 0x8000c37c (0xc83f2423) sw      gp, -888(t5)
core   0: 3 0x8000c37c (0xc83f2423) mem 0x80010000 0x00000001
core   0: 0x8000c380 (0xff9ff06f) j       pc - 0x8
core   0: 3 0x8000c380 (0xff9ff06f)
core   0: 0x8000c378 (0x00004f17) auipc   t5, 0x4
core   0: 3 0x8000c378 (0x00004f17) x30 0x80010378
core   0: 0x8000c37c (0xc83f2423) sw      gp, -888(t5)
core   0: 3 0x8000c37c (0xc83f2423) mem 0x80010000 0x00000001
core   0: 0x8000c380 (0xff9ff06f) j       pc - 0x8
core   0: 3 0x8000c380 (0xff9ff06f)
core   0: 0x8000c378 (0x00004f17) auipc   t5, 0x4
core   0: 3 0x8000c378 (0x00004f17) x30 0x80010378
core   0: 0x8000c37c (0xc83f2423) sw      gp, -888(t5)
core   0: 3 0x8000c37c (0xc83f2423) mem 0x80010000 0x00000001
core   0: 0x8000c380 (0xff9ff06f) j       pc - 0x8
core   0: 3 0x8000c380 (0xff9ff06f)
core   0: 0x8000c378 (0x00004f17) auipc   t5, 0x4
core   0: 3 0x8000c378 (0x00004f17) x30 0x80010378
core   0: 0x8000c37c (0xc83f2423) sw      gp, -888(t5)
core   0: 3 0x8000c37c (0xc83f2423) mem 0x80010000 0x00000001
core   0: 0x8000c380 (0xff9ff06f) j       pc - 0x8
core   0: 3 0x8000c380 (0xff9ff06f)
core   0: 0x8000c378 (0x00004f17) auipc   t5, 0x4
core   0: 3 0x8000c378 (0x00004f17) x30 0x80010378
core   0: 0x8000c37c (0xc83f2423) sw      gp, -888(t5)
core   0: 3 0x8000c37c (0xc83f2423) mem 0x80010000 0x00000001
core   0: 0x8000c380 (0xff9ff06f) j       pc - 0x8
core   0: 3 0x8000c380 (0xff9ff06f)
core   0: 0x8000c378 (0x00004f17) auipc   t5, 0x4
core   0: 3 0x8000c378 (0x00004f17) x30 0x80010378
core   0: 0x8000c37c (0xc83f2423) sw      gp, -888(t5)
core   0: 3 0x8000c37c (0xc83f2423) mem 0x80010000 0x00000001
core   0: 0x8000c380 (0xff9ff06f) j       pc - 0x8
core   0: 3 0x8000c380 (0xff9ff06f)
core   0: 0x8000c378 (0x00004f17) auipc   t5, 0x4
core   0: 3 0x8000c378 (0x00004f17) x30 0x80010378
core   0: 0x8000c37c (0xc83f2423) sw      gp, -888(t5)
core   0: 3 0x8000c37c (0xc83f2423) mem 0x80010000 0x00000001
core   0: 0x8000c380 (0xff9ff06f) j       pc - 0x8
core   0: 3 0x8000c380 (0xff9ff06f)
core   0: 0x8000c378 (0x00004f17) auipc   t5, 0x4
core   0: 3 0x8000c378 (0x00004f17) x30 0x80010378
core   0: 0x8000c37c (0xc83f2423) sw      gp, -888(t5)
core   0: 3 0x8000c37c (0xc83f2423) mem 0x80010000 0x00000001
core   0: 0x8000c380 (0xff9ff06f) j       pc - 0x8
core   0: 3 0x8000c380 (0xff9ff06f)
core   0: 0x8000c378 (0x00004f17) auipc   t5, 0x4
core   0: 3 0x8000c378 (0x00004f17) x30 0x80010378
core   0: 0x8000c37c (0xc83f2423) sw      gp, -888(t5)
core   0: 3 0x8000c37c (0xc83f2423) mem 0x80010000 0x00000001
core   0: 0x8000c380 (0xff9ff06f) j       pc - 0x8
core   0: 3 0x8000c380 (0xff9ff06f)
core   0: 0x8000c378 (0x00004f17) auipc   t5, 0x4
core   0: 3 0x8000c378 (0x00004f17) x30 0x80010378
core   0: 0x8000c37c (0xc83f2423) sw      gp, -888(t5)
core   0: 3 0x8000c37c (0xc83f2423) mem 0x80010000 0x00000001
core   0: 0x8000c380 (0xff9ff06f) j       pc - 0x8
core   0: 3 0x8000c380 (0xff9ff06f)
core   0: 0x8000c378 (0x00004f17) auipc   t5, 0x4
core   0: 3 0x8000c378 (0x00004f17) x30 0x80010378
core   0: 0x8000c37c (0xc83f2423) sw      gp, -888(t5)
core   0: 3 0x8000c37c (0xc83f2423) mem 0x80010000 0x00000001
core   0: 0x8000c380 (0xff9ff06f) j       pc - 0x8
core   0: 3 0x8000c380 (0xff9ff06f)
core   0: 0x8000c378 (0x00004f17) auipc   t5, 0x4
core   0: 3 0x8000c378 (0x00004f17) x30 0x80010378
core   0: 0x8000c37c (0xc83f2423) sw      gp, -888(t5)
core   0: 3 0x8000c37c (0xc83f2423) mem 0x80010000 0x00000001
core   0: 0x8000c380 (0xff9ff06f) j       pc - 0x8
core   0: 3 0x8000c380 (0xff9ff06f)
core   0: 0x8000c378 (0x00004f17) auipc   t5, 0x4
core   0: 3 0x8000c378 (0x00004f17) x30 0x80010378
core   0: 0x8000c37c (0xc83f2423) sw      gp, -888(t5)
core   0: 3 0x8000c37c (0xc83f2423) mem 0x80010000 0x00000001
core   0: 0x8000c380 (0xff9ff06f) j       pc - 0x8
core   0: 3 0x8000c380 (0xff9ff06f)
core   0: 0x8000c378 (0x00004f17) auipc   t5, 0x4
core   0: 3 0x8000c378 (0x00004f17) x30 0x80010378
core   0: 0x8000c37c (0xc83f2423) sw      gp, -888(t5)
core   0: 3 0x8000c37c (0xc83f2423) mem 0x80010000 0x00000001
core   0: 0x8000c380 (0xff9ff06f) j       pc - 0x8
core   0: 3 0x8000c380 (0xff9ff06f)
core   0: 0x8000c378 (0x00004f17) auipc   t5, 0x4
core   0: 3 0x8000c378 (0x00004f17) x30 0x80010378
core   0: 0x8000c37c (0xc83f2423) sw      gp, -888(t5)
core   0: 3 0x8000c37c (0xc83f2423) mem 0x80010000 0x00000001
core   0: 0x8000c380 (0xff9ff06f) j       pc - 0x8
core   0: 3 0x8000c380 (0xff9ff06f)
core   0: 0x8000c378 (0x00004f17) auipc   t5, 0x4
core   0: 3 0x8000c378 (0x00004f17) x30 0x80010378
core   0: 0x8000c37c (0xc83f2423) sw      gp, -888(t5)
core   0: 3 0x8000c37c (0xc83f2423) mem 0x80010000 0x00000001
core   0: 0x8000c380 (0xff9ff06f) j       pc - 0x8
core   0: 3 0x8000c380 (0xff9ff06f)
core   0: 0x8000c378 (0x00004f17) auipc   t5, 0x4
core   0: 3 0x8000c378 (0x00004f17) x30 0x80010378
core   0: 0x8000c37c (0xc83f2423) sw      gp, -888(t5)
core   0: 3 0x8000c37c (0xc83f2423) mem 0x80010000 0x00000001
core   0: 0x8000c380 (0xff9ff06f) j       pc - 0x8
core   0: 3 0x8000c380 (0xff9ff06f)
core   0: 0x8000c378 (0x00004f17) auipc   t5, 0x4
core   0: 3 0x8000c378 (0x00004f17) x30 0x80010378
core   0: 0x8000c37c (0xc83f2423) sw      gp, -888(t5)
core   0: 3 0x8000c37c (0xc83f2423) mem 0x80010000 0x00000001
core   0: 0x8000c380 (0xff9ff06f) j       pc - 0x8
core   0: 3 0x8000c380 (0xff9ff06f)
core   0: 0x8000c378 (0x00004f17) auipc   t5, 0x4
core   0: 3 0x8000c378 (0x00004f17) x30 0x80010378
core   0: 0x8000c37c (0xc83f2423) sw      gp, -888(t5)
core   0: 3 0x8000c37c (0xc83f2423) mem 0x80010000 0x00000001
core   0: 0x8000c380 (0xff9ff06f) j       pc - 0x8
core   0: 3 0x8000c380 (0xff9ff06f)
core   0: 0x8000c378 (0x00004f17) auipc   t5, 0x4
core   0: 3 0x8000c378 (0x00004f17) x30 0x80010378
core   0: 0x8000c37c (0xc83f2423) sw      gp, -888(t5)
core   0: 3 0x8000c37c (0xc83f2423) mem 0x80010000 0x00000001
core   0: 0x8000c380 (0xff9ff06f) j       pc - 0x8
core   0: 3 0x8000c380 (0xff9ff06f)
core   0: 0x8000c378 (0x00004f17) auipc   t5, 0x4
core   0: 3 0x8000c378 (0x00004f17) x30 0x80010378
core   0: 0x8000c37c (0xc83f2423) sw      gp, -888(t5)
core   0: 3 0x8000c37c (0xc83f2423) mem 0x80010000 0x00000001
core   0: 0x8000c380 (0xff9ff06f) j       pc - 0x8
core   0: 3 0x8000c380 (0xff9ff06f)
core   0: 0x8000c378 (0x00004f17) auipc   t5, 0x4
core   0: 3 0x8000c378 (0x00004f17) x30 0x80010378
core   0: 0x8000c37c (0xc83f2423) sw      gp, -888(t5)
core   0: 3 0x8000c37c (0xc83f2423) mem 0x80010000 0x00000001
core   0: 0x8000c380 (0xff9ff06f) j       pc - 0x8
core   0: 3 0x8000c380 (0xff9ff06f)
core   0: 0x8000c378 (0x00004f17) auipc   t5, 0x4
core   0: 3 0x8000c378 (0x00004f17) x30 0x80010378
core   0: 0x8000c37c (0xc83f2423) sw      gp, -888(t5)
core   0: 3 0x8000c37c (0xc83f2423) mem 0x80010000 0x00000001
core   0: 0x8000c380 (0xff9ff06f) j       pc - 0x8
core   0: 3 0x8000c380 (0xff9ff06f)
core   0: 0x8000c378 (0x00004f17) auipc   t5, 0x4
core   0: 3 0x8000c378 (0x00004f17) x30 0x80010378
core   0: 0x8000c37c (0xc83f2423) sw      gp, -888(t5)
core   0: 3 0x8000c37c (0xc83f2423) mem 0x80010000 0x00000001
core   0: 0x8000c380 (0xff9ff06f) j       pc - 0x8
core   0: 3 0x8000c380 (0xff9ff06f)
core   0: 0x8000c378 (0x00004f17) auipc   t5, 0x4
core   0: 3 0x8000c378 (0x00004f17) x30 0x80010378
core   0: 0x8000c37c (0xc83f2423) sw      gp, -888(t5)
core   0: 3 0x8000c37c (0xc83f2423) mem 0x80010000 0x00000001
core   0: 0x8000c380 (0xff9ff06f) j       pc - 0x8
core   0: 3 0x8000c380 (0xff9ff06f)
core   0: 0x8000c378 (0x00004f17) auipc   t5, 0x4
core   0: 3 0x8000c378 (0x00004f17) x30 0x80010378
core   0: 0x8000c37c (0xc83f2423) sw      gp, -888(t5)
core   0: 3 0x8000c37c (0xc83f2423) mem 0x80010000 0x00000001
core   0: 0x8000c380 (0xff9ff06f) j       pc - 0x8
core   0: 3 0x8000c380 (0xff9ff06f)
core   0: 0x8000c378 (0x00004f17) auipc   t5, 0x4
core   0: 3 0x8000c378 (0x00004f17) x30 0x80010378
core   0: 0x8000c37c (0xc83f2423) sw      gp, -888(t5)
core   0: 3 0x8000c37c (0xc83f2423) mem 0x80010000 0x00000001
core   0: 0x8000c380 (0xff9ff06f) j       pc - 0x8
core   0: 3 0x8000c380 (0xff9ff06f)
core   0: 0x8000c378 (0x00004f17) auipc   t5, 0x4
core   0: 3 0x8000c378 (0x00004f17) x30 0x80010378
core   0: 0x8000c37c (0xc83f2423) sw      gp, -888(t5)
core   0: 3 0x8000c37c (0xc83f2423) mem 0x80010000 0x00000001
core   0: 0x8000c380 (0xff9ff06f) j       pc - 0x8
core   0: 3 0x8000c380 (0xff9ff06f)
core   0: 0x8000c378 (0x00004f17) auipc   t5, 0x4
core   0: 3 0x8000c378 (0x00004f17) x30 0x80010378
core   0: 0x8000c37c (0xc83f2423) sw      gp, -888(t5)
core   0: 3 0x8000c37c (0xc83f2423) mem 0x80010000 0x00000001
core   0: 0x8000c380 (0xff9ff06f) j       pc - 0x8
core   0: 3 0x8000c380 (0xff9ff06f)
core   0: 0x8000c378 (0x00004f17) auipc   t5, 0x4
core   0: 3 0x8000c378 (0x00004f17) x30 0x80010378
core   0: 0x8000c37c (0xc83f2423) sw      gp, -888(t5)
core   0: 3 0x8000c37c (0xc83f2423) mem 0x80010000 0x00000001
core   0: 0x8000c380 (0xff9ff06f) j       pc - 0x8
core   0: 3 0x8000c380 (0xff9ff06f)
core   0: 0x8000c378 (0x00004f17) auipc   t5, 0x4
core   0: 3 0x8000c378 (0x00004f17) x30 0x80010378
core   0: 0x8000c37c (0xc83f2423) sw      gp, -888(t5)
core   0: 3 0x8000c37c (0xc83f2423) mem 0x80010000 0x00000001
core   0: 0x8000c380 (0xff9ff06f) j       pc - 0x8
core   0: 3 0x8000c380 (0xff9ff06f)
core   0: 0x8000c378 (0x00004f17) auipc   t5, 0x4
core   0: 3 0x8000c378 (0x00004f17) x30 0x80010378
core   0: 0x8000c37c (0xc83f2423) sw      gp, -888(t5)
core   0: 3 0x8000c37c (0xc83f2423) mem 0x80010000 0x00000001
core   0: 0x8000c380 (0xff9ff06f) j       pc - 0x8
core   0: 3 0x8000c380 (0xff9ff06f)
core   0: 0x8000c378 (0x00004f17) auipc   t5, 0x4
core   0: 3 0x8000c378 (0x00004f17) x30 0x80010378
core   0: 0x8000c37c (0xc83f2423) sw      gp, -888(t5)
core   0: 3 0x8000c37c (0xc83f2423) mem 0x80010000 0x00000001
core   0: 0x8000c380 (0xff9ff06f) j       pc - 0x8
core   0: 3 0x8000c380 (0xff9ff06f)
core   0: 0x8000c378 (0x00004f17) auipc   t5, 0x4
core   0: 3 0x8000c378 (0x00004f17) x30 0x80010378
core   0: 0x8000c37c (0xc83f2423) sw      gp, -888(t5)
core   0: 3 0x8000c37c (0xc83f2423) mem 0x80010000 0x00000001
core   0: 0x8000c380 (0xff9ff06f) j       pc - 0x8
core   0: 3 0x8000c380 (0xff9ff06f)
core   0: 0x8000c378 (0x00004f17) auipc   t5, 0x4
core   0: 3 0x8000c378 (0x00004f17) x30 0x80010378
core   0: 0x8000c37c (0xc83f2423) sw      gp, -888(t5)
core   0: 3 0x8000c37c (0xc83f2423) mem 0x80010000 0x00000001
core   0: 0x8000c380 (0xff9ff06f) j       pc - 0x8
core   0: 3 0x8000c380 (0xff9ff06f)
core   0: 0x8000c378 (0x00004f17) auipc   t5, 0x4
core   0: 3 0x8000c378 (0x00004f17) x30 0x80010378
core   0: 0x8000c37c (0xc83f2423) sw      gp, -888(t5)
core   0: 3 0x8000c37c (0xc83f2423) mem 0x80010000 0x00000001
core   0: 0x8000c380 (0xff9ff06f) j       pc - 0x8
core   0: 3 0x8000c380 (0xff9ff06f)
core   0: 0x8000c378 (0x00004f17) auipc   t5, 0x4
core   0: 3 0x8000c378 (0x00004f17) x30 0x80010378
core   0: 0x8000c37c (0xc83f2423) sw      gp, -888(t5)
core   0: 3 0x8000c37c (0xc83f2423) mem 0x80010000 0x00000001
core   0: 0x8000c380 (0xff9ff06f) j       pc - 0x8
core   0: 3 0x8000c380 (0xff9ff06f)
core   0: 0x8000c378 (0x00004f17) auipc   t5, 0x4
core   0: 3 0x8000c378 (0x00004f17) x30 0x80010378
core   0: 0x8000c37c (0xc83f2423) sw      gp, -888(t5)
core   0: 3 0x8000c37c (0xc83f2423) mem 0x80010000 0x00000001
core   0: 0x8000c380 (0xff9ff06f) j       pc - 0x8
core   0: 3 0x8000c380 (0xff9ff06f)
core   0: 0x8000c378 (0x00004f17) auipc   t5, 0x4
core   0: 3 0x8000c378 (0x00004f17) x30 0x80010378
core   0: 0x8000c37c (0xc83f2423) sw      gp, -888(t5)
core   0: 3 0x8000c37c (0xc83f2423) mem 0x80010000 0x00000001
core   0: 0x8000c380 (0xff9ff06f) j       pc - 0x8
core   0: 3 0x8000c380 (0xff9ff06f)
core   0: 0x8000c378 (0x00004f17) auipc   t5, 0x4
core   0: 3 0x8000c378 (0x00004f17) x30 0x80010378
core   0: 0x8000c37c (0xc83f2423) sw      gp, -888(t5)
core   0: 3 0x8000c37c (0xc83f2423) mem 0x80010000 0x00000001
core   0: 0x8000c380 (0xff9ff06f) j       pc - 0x8
core   0: 3 0x8000c380 (0xff9ff06f)
core   0: 0x8000c378 (0x00004f17) auipc   t5, 0x4
core   0: 3 0x8000c378 (0x00004f17) x30 0x80010378
core   0: 0x8000c37c (0xc83f2423) sw      gp, -888(t5)
core   0: 3 0x8000c37c (0xc83f2423) mem 0x80010000 0x00000001
core   0: 0x8000c380 (0xff9ff06f) j       pc - 0x8
core   0: 3 0x8000c380 (0xff9ff06f)
core   0: 0x8000c378 (0x00004f17) auipc   t5, 0x4
core   0: 3 0x8000c378 (0x00004f17) x30 0x80010378
core   0: 0x8000c37c (0xc83f2423) sw      gp, -888(t5)
core   0: 3 0x8000c37c (0xc83f2423) mem 0x80010000 0x00000001
core   0: 0x8000c380 (0xff9ff06f) j       pc - 0x8
core   0: 3 0x8000c380 (0xff9ff06f)
core   0: 0x8000c378 (0x00004f17) auipc   t5, 0x4
core   0: 3 0x8000c378 (0x00004f17) x30 0x80010378
core   0: 0x8000c37c (0xc83f2423) sw      gp, -888(t5)
core   0: 3 0x8000c37c (0xc83f2423) mem 0x80010000 0x00000001
core   0: 0x8000c380 (0xff9ff06f) j       pc - 0x8
core   0: 3 0x8000c380 (0xff9ff06f)
core   0: 0x8000c378 (0x00004f17) auipc   t5, 0x4
core   0: 3 0x8000c378 (0x00004f17) x30 0x80010378
core   0: 0x8000c37c (0xc83f2423) sw      gp, -888(t5)
core   0: 3 0x8000c37c (0xc83f2423) mem 0x80010000 0x00000001
core   0: 0x8000c380 (0xff9ff06f) j       pc - 0x8
core   0: 3 0x8000c380 (0xff9ff06f)
core   0: 0x8000c378 (0x00004f17) auipc   t5, 0x4
core   0: 3 0x8000c378 (0x00004f17) x30 0x80010378
core   0: 0x8000c37c (0xc83f2423) sw      gp, -888(t5)
core   0: 3 0x8000c37c (0xc83f2423) mem 0x80010000 0x00000001
core   0: 0x8000c380 (0xff9ff06f) j       pc - 0x8
core   0: 3 0x8000c380 (0xff9ff06f)
core   0: 0x8000c378 (0x00004f17) auipc   t5, 0x4
core   0: 3 0x8000c378 (0x00004f17) x30 0x80010378
core   0: 0x8000c37c (0xc83f2423) sw      gp, -888(t5)
core   0: 3 0x8000c37c (0xc83f2423) mem 0x80010000 0x00000001
core   0: 0x8000c380 (0xff9ff06f) j       pc - 0x8
core   0: 3 0x8000c380 (0xff9ff06f)
core   0: 0x8000c378 (0x00004f17) auipc   t5, 0x4
core   0: 3 0x8000c378 (0x00004f17) x30 0x80010378
core   0: 0x8000c37c (0xc83f2423) sw      gp, -888(t5)
core   0: 3 0x8000c37c (0xc83f2423) mem 0x80010000 0x00000001
core   0: 0x8000c380 (0xff9ff06f) j       pc - 0x8
core   0: 3 0x8000c380 (0xff9ff06f)
core   0: 0x8000c378 (0x00004f17) auipc   t5, 0x4
core   0: 3 0x8000c378 (0x00004f17) x30 0x80010378
core   0: 0x8000c37c (0xc83f2423) sw      gp, -888(t5)
core   0: 3 0x8000c37c (0xc83f2423) mem 0x80010000 0x00000001
core   0: 0x8000c380 (0xff9ff06f) j       pc - 0x8
core   0: 3 0x8000c380 (0xff9ff06f)
core   0: 0x8000c378 (0x00004f17) auipc   t5, 0x4
core   0: 3 0x8000c378 (0x00004f17) x30 0x80010378
core   0: 0x8000c37c (0xc83f2423) sw      gp, -888(t5)
core   0: 3 0x8000c37c (0xc83f2423) mem 0x80010000 0x00000001
core   0: 0x8000c380 (0xff9ff06f) j       pc - 0x8
core   0: 3 0x8000c380 (0xff9ff06f)
core   0: 0x8000c378 (0x00004f17) auipc   t5, 0x4
core   0: 3 0x8000c378 (0x00004f17) x30 0x80010378
core   0: 0x8000c37c (0xc83f2423) sw      gp, -888(t5)
core   0: 3 0x8000c37c (0xc83f2423) mem 0x80010000 0x00000001
core   0: 0x8000c380 (0xff9ff06f) j       pc - 0x8
core   0: 3 0x8000c380 (0xff9ff06f)
core   0: 0x8000c378 (0x00004f17) auipc   t5, 0x4
core   0: 3 0x8000c378 (0x00004f17) x30 0x80010378
core   0: 0x8000c37c (0xc83f2423) sw      gp, -888(t5)
core   0: 3 0x8000c37c (0xc83f2423) mem 0x80010000 0x00000001
core   0: 0x8000c380 (0xff9ff06f) j       pc - 0x8
core   0: 3 0x8000c380 (0xff9ff06f)
core   0: 0x8000c378 (0x00004f17) auipc   t5, 0x4
core   0: 3 0x8000c378 (0x00004f17) x30 0x80010378
core   0: 0x8000c37c (0xc83f2423) sw      gp, -888(t5)
core   0: 3 0x8000c37c (0xc83f2423) mem 0x80010000 0x00000001
core   0: 0x8000c380 (0xff9ff06f) j       pc - 0x8
core   0: 3 0x8000c380 (0xff9ff06f)
core   0: 0x8000c378 (0x00004f17) auipc   t5, 0x4
core   0: 3 0x8000c378 (0x00004f17) x30 0x80010378
core   0: 0x8000c37c (0xc83f2423) sw      gp, -888(t5)
core   0: 3 0x8000c37c (0xc83f2423) mem 0x80010000 0x00000001
core   0: 0x8000c380 (0xff9ff06f) j       pc - 0x8
core   0: 3 0x8000c380 (0xff9ff06f)
core   0: 0x8000c378 (0x00004f17) auipc   t5, 0x4
core   0: 3 0x8000c378 (0x00004f17) x30 0x80010378
core   0: 0x8000c37c (0xc83f2423) sw      gp, -888(t5)
core   0: 3 0x8000c37c (0xc83f2423) mem 0x80010000 0x00000001
core   0: 0x8000c380 (0xff9ff06f) j       pc - 0x8
core   0: 3 0x8000c380 (0xff9ff06f)
core   0: 0x8000c378 (0x00004f17) auipc   t5, 0x4
core   0: 3 0x8000c378 (0x00004f17) x30 0x80010378
core   0: 0x8000c37c (0xc83f2423) sw      gp, -888(t5)
core   0: 3 0x8000c37c (0xc83f2423) mem 0x80010000 0x00000001
core   0: 0x8000c380 (0xff9ff06f) j       pc - 0x8
core   0: 3 0x8000c380 (0xff9ff06f)
core   0: 0x8000c378 (0x00004f17) auipc   t5, 0x4
core   0: 3 0x8000c378 (0x00004f17) x30 0x80010378
core   0: 0x8000c37c (0xc83f2423) sw      gp, -888(t5)
core   0: 3 0x8000c37c (0xc83f2423) mem 0x80010000 0x00000001
core   0: 0x8000c380 (0xff9ff06f) j       pc - 0x8
core   0: 3 0x8000c380 (0xff9ff06f)
core   0: 0x8000c378 (0x00004f17) auipc   t5, 0x4
core   0: 3 0x8000c378 (0x00004f17) x30 0x80010378
core   0: 0x8000c37c (0xc83f2423) sw      gp, -888(t5)
core   0: 3 0x8000c37c (0xc83f2423) mem 0x80010000 0x00000001
core   0: 0x8000c380 (0xff9ff06f) j       pc - 0x8
core   0: 3 0x8000c380 (0xff9ff06f)
core   0: 0x8000c378 (0x00004f17) auipc   t5, 0x4
core   0: 3 0x8000c378 (0x00004f17) x30 0x80010378
core   0: 0x8000c37c (0xc83f2423) sw      gp, -888(t5)
core   0: 3 0x8000c37c (0xc83f2423) mem 0x80010000 0x00000001
core   0: 0x8000c380 (0xff9ff06f) j       pc - 0x8
core   0: 3 0x8000c380 (0xff9ff06f)
core   0: 0x8000c378 (0x00004f17) auipc   t5, 0x4
core   0: 3 0x8000c378 (0x00004f17) x30 0x80010378
core   0: 0x8000c37c (0xc83f2423) sw      gp, -888(t5)
core   0: 3 0x8000c37c (0xc83f2423) mem 0x80010000 0x00000001
core   0: 0x8000c380 (0xff9ff06f) j       pc - 0x8
core   0: 3 0x8000c380 (0xff9ff06f)
core   0: 0x8000c378 (0x00004f17) auipc   t5, 0x4
core   0: 3 0x8000c378 (0x00004f17) x30 0x80010378
core   0: 0x8000c37c (0xc83f2423) sw      gp, -888(t5)
core   0: 3 0x8000c37c (0xc83f2423) mem 0x80010000 0x00000001
core   0: 0x8000c380 (0xff9ff06f) j       pc - 0x8
core   0: 3 0x8000c380 (0xff9ff06f)
core   0: 0x8000c378 (0x00004f17) auipc   t5, 0x4
core   0: 3 0x8000c378 (0x00004f17) x30 0x80010378
core   0: 0x8000c37c (0xc83f2423) sw      gp, -888(t5)
core   0: 3 0x8000c37c (0xc83f2423) mem 0x80010000 0x00000001
core   0: 0x8000c380 (0xff9ff06f) j       pc - 0x8
core   0: 3 0x8000c380 (0xff9ff06f)
core   0: 0x8000c378 (0x00004f17) auipc   t5, 0x4
core   0: 3 0x8000c378 (0x00004f17) x30 0x80010378
core   0: 0x8000c37c (0xc83f2423) sw      gp, -888(t5)
core   0: 3 0x8000c37c (0xc83f2423) mem 0x80010000 0x00000001
core   0: 0x8000c380 (0xff9ff06f) j       pc - 0x8
core   0: 3 0x8000c380 (0xff9ff06f)
core   0: 0x8000c378 (0x00004f17) auipc   t5, 0x4
core   0: 3 0x8000c378 (0x00004f17) x30 0x80010378
core   0: 0x8000c37c (0xc83f2423) sw      gp, -888(t5)
core   0: 3 0x8000c37c (0xc83f2423) mem 0x80010000 0x00000001
core   0: 0x8000c380 (0xff9ff06f) j       pc - 0x8
core   0: 3 0x8000c380 (0xff9ff06f)
core   0: 0x8000c378 (0x00004f17) auipc   t5, 0x4
core   0: 3 0x8000c378 (0x00004f17) x30 0x80010378
core   0: 0x8000c37c (0xc83f2423) sw      gp, -888(t5)
core   0: 3 0x8000c37c (0xc83f2423) mem 0x80010000 0x00000001
core   0: 0x8000c380 (0xff9ff06f) j       pc - 0x8
core   0: 3 0x8000c380 (0xff9ff06f)
core   0: 0x8000c378 (0x00004f17) auipc   t5, 0x4
core   0: 3 0x8000c378 (0x00004f17) x30 0x80010378
core   0: 0x8000c37c (0xc83f2423) sw      gp, -888(t5)
core   0: 3 0x8000c37c (0xc83f2423) mem 0x80010000 0x00000001
core   0: 0x8000c380 (0xff9ff06f) j       pc - 0x8
core   0: 3 0x8000c380 (0xff9ff06f)
core   0: 0x8000c378 (0x00004f17) auipc   t5, 0x4
core   0: 3 0x8000c378 (0x00004f17) x30 0x80010378
core   0: 0x8000c37c (0xc83f2423) sw      gp, -888(t5)
core   0: 3 0x8000c37c (0xc83f2423) mem 0x80010000 0x00000001
core   0: 0x8000c380 (0xff9ff06f) j       pc - 0x8
core   0: 3 0x8000c380 (0xff9ff06f)
core   0: 0x8000c378 (0x00004f17) auipc   t5, 0x4
core   0: 3 0x8000c378 (0x00004f17) x30 0x80010378
core   0: 0x8000c37c (0xc83f2423) sw      gp, -888(t5)
core   0: 3 0x8000c37c (0xc83f2423) mem 0x80010000 0x00000001
core   0: 0x8000c380 (0xff9ff06f) j       pc - 0x8
core   0: 3 0x8000c380 (0xff9ff06f)
core   0: 0x8000c378 (0x00004f17) auipc   t5, 0x4
core   0: 3 0x8000c378 (0x00004f17) x30 0x80010378
core   0: 0x8000c37c (0xc83f2423) sw      gp, -888(t5)
core   0: 3 0x8000c37c (0xc83f2423) mem 0x80010000 0x00000001
core   0: 0x8000c380 (0xff9ff06f) j       pc - 0x8
core   0: 3 0x8000c380 (0xff9ff06f)
core   0: 0x8000c378 (0x00004f17) auipc   t5, 0x4
core   0: 3 0x8000c378 (0x00004f17) x30 0x80010378
core   0: 0x8000c37c (0xc83f2423) sw      gp, -888(t5)
core   0: 3 0x8000c37c (0xc83f2423) mem 0x80010000 0x00000001
core   0: 0x8000c380 (0xff9ff06f) j       pc - 0x8
core   0: 3 0x8000c380 (0xff9ff06f)
core   0: 0x8000c378 (0x00004f17) auipc   t5, 0x4
core   0: 3 0x8000c378 (0x00004f17) x30 0x80010378
core   0: 0x8000c37c (0xc83f2423) sw      gp, -888(t5)
core   0: 3 0x8000c37c (0xc83f2423) mem 0x80010000 0x00000001
core   0: 0x8000c380 (0xff9ff06f) j       pc - 0x8
core   0: 3 0x8000c380 (0xff9ff06f)
core   0: 0x8000c378 (0x00004f17) auipc   t5, 0x4
core   0: 3 0x8000c378 (0x00004f17) x30 0x80010378
core   0: 0x8000c37c (0xc83f2423) sw      gp, -888(t5)
core   0: 3 0x8000c37c (0xc83f2423) mem 0x80010000 0x00000001
core   0: 0x8000c380 (0xff9ff06f) j       pc - 0x8
core   0: 3 0x8000c380 (0xff9ff06f)
core   0: 0x8000c378 (0x00004f17) auipc   t5, 0x4
core   0: 3 0x8000c378 (0x00004f17) x30 0x80010378
core   0: 0x8000c37c (0xc83f2423) sw      gp, -888(t5)
core   0: 3 0x8000c37c (0xc83f2423) mem 0x80010000 0x00000001
core   0: 0x8000c380 (0xff9ff06f) j       pc - 0x8
core   0: 3 0x8000c380 (0xff9ff06f)
core   0: 0x8000c378 (0x00004f17) auipc   t5, 0x4
core   0: 3 0x8000c378 (0x00004f17) x30 0x80010378
core   0: 0x8000c37c (0xc83f2423) sw      gp, -888(t5)
core   0: 3 0x8000c37c (0xc83f2423) mem 0x80010000 0x00000001
core   0: 0x8000c380 (0xff9ff06f) j       pc - 0x8
core   0: 3 0x8000c380 (0xff9ff06f)
core   0: 0x8000c378 (0x00004f17) auipc   t5, 0x4
core   0: 3 0x8000c378 (0x00004f17) x30 0x80010378
core   0: 0x8000c37c (0xc83f2423) sw      gp, -888(t5)
core   0: 3 0x8000c37c (0xc83f2423) mem 0x80010000 0x00000001
core   0: 0x8000c380 (0xff9ff06f) j       pc - 0x8
core   0: 3 0x8000c380 (0xff9ff06f)
core   0: 0x8000c378 (0x00004f17) auipc   t5, 0x4
core   0: 3 0x8000c378 (0x00004f17) x30 0x80010378
core   0: 0x8000c37c (0xc83f2423) sw      gp, -888(t5)
core   0: 3 0x8000c37c (0xc83f2423) mem 0x80010000 0x00000001
core   0: 0x8000c380 (0xff9ff06f) j       pc - 0x8
core   0: 3 0x8000c380 (0xff9ff06f)
core   0: 0x8000c378 (0x00004f17) auipc   t5, 0x4
core   0: 3 0x8000c378 (0x00004f17) x30 0x80010378
core   0: 0x8000c37c (0xc83f2423) sw      gp, -888(t5)
core   0: 3 0x8000c37c (0xc83f2423) mem 0x80010000 0x00000001
core   0: 0x8000c380 (0xff9ff06f) j       pc - 0x8
core   0: 3 0x8000c380 (0xff9ff06f)
core   0: 0x8000c378 (0x00004f17) auipc   t5, 0x4
core   0: 3 0x8000c378 (0x00004f17) x30 0x80010378
core   0: 0x8000c37c (0xc83f2423) sw      gp, -888(t5)
core   0: 3 0x8000c37c (0xc83f2423) mem 0x80010000 0x00000001
core   0: 0x8000c380 (0xff9ff06f) j       pc - 0x8
core   0: 3 0x8000c380 (0xff9ff06f)
core   0: 0x8000c378 (0x00004f17) auipc   t5, 0x4
core   0: 3 0x8000c378 (0x00004f17) x30 0x80010378
core   0: 0x8000c37c (0xc83f2423) sw      gp, -888(t5)
core   0: 3 0x8000c37c (0xc83f2423) mem 0x80010000 0x00000001
core   0: 0x8000c380 (0xff9ff06f) j       pc - 0x8
core   0: 3 0x8000c380 (0xff9ff06f)
core   0: 0x8000c378 (0x00004f17) auipc   t5, 0x4
core   0: 3 0x8000c378 (0x00004f17) x30 0x80010378
core   0: 0x8000c37c (0xc83f2423) sw      gp, -888(t5)
core   0: 3 0x8000c37c (0xc83f2423) mem 0x80010000 0x00000001
core   0: 0x8000c380 (0xff9ff06f) j       pc - 0x8
core   0: 3 0x8000c380 (0xff9ff06f)
core   0: 0x8000c378 (0x00004f17) auipc   t5, 0x4
core   0: 3 0x8000c378 (0x00004f17) x30 0x80010378
core   0: 0x8000c37c (0xc83f2423) sw      gp, -888(t5)
core   0: 3 0x8000c37c (0xc83f2423) mem 0x80010000 0x00000001
core   0: 0x8000c380 (0xff9ff06f) j       pc - 0x8
core   0: 3 0x8000c380 (0xff9ff06f)
core   0: 0x8000c378 (0x00004f17) auipc   t5, 0x4
core   0: 3 0x8000c378 (0x00004f17) x30 0x80010378
core   0: 0x8000c37c (0xc83f2423) sw      gp, -888(t5)
core   0: 3 0x8000c37c (0xc83f2423) mem 0x80010000 0x00000001
core   0: 0x8000c380 (0xff9ff06f) j       pc - 0x8
core   0: 3 0x8000c380 (0xff9ff06f)
core   0: 0x8000c378 (0x00004f17) auipc   t5, 0x4
core   0: 3 0x8000c378 (0x00004f17) x30 0x80010378
core   0: 0x8000c37c (0xc83f2423) sw      gp, -888(t5)
core   0: 3 0x8000c37c (0xc83f2423) mem 0x80010000 0x00000001
core   0: 0x8000c380 (0xff9ff06f) j       pc - 0x8
core   0: 3 0x8000c380 (0xff9ff06f)
core   0: 0x8000c378 (0x00004f17) auipc   t5, 0x4
core   0: 3 0x8000c378 (0x00004f17) x30 0x80010378
core   0: 0x8000c37c (0xc83f2423) sw      gp, -888(t5)
core   0: 3 0x8000c37c (0xc83f2423) mem 0x80010000 0x00000001
core   0: 0x8000c380 (0xff9ff06f) j       pc - 0x8
core   0: 3 0x8000c380 (0xff9ff06f)
core   0: 0x8000c378 (0x00004f17) auipc   t5, 0x4
core   0: 3 0x8000c378 (0x00004f17) x30 0x80010378
core   0: 0x8000c37c (0xc83f2423) sw      gp, -888(t5)
core   0: 3 0x8000c37c (0xc83f2423) mem 0x80010000 0x00000001
core   0: 0x8000c380 (0xff9ff06f) j       pc - 0x8
core   0: 3 0x8000c380 (0xff9ff06f)
core   0: 0x8000c378 (0x00004f17) auipc   t5, 0x4
core   0: 3 0x8000c378 (0x00004f17) x30 0x80010378
core   0: 0x8000c37c (0xc83f2423) sw      gp, -888(t5)
core   0: 3 0x8000c37c (0xc83f2423) mem 0x80010000 0x00000001
core   0: 0x8000c380 (0xff9ff06f) j       pc - 0x8
core   0: 3 0x8000c380 (0xff9ff06f)
core   0: 0x8000c378 (0x00004f17) auipc   t5, 0x4
core   0: 3 0x8000c378 (0x00004f17) x30 0x80010378
core   0: 0x8000c37c (0xc83f2423) sw      gp, -888(t5)
core   0: 3 0x8000c37c (0xc83f2423) mem 0x80010000 0x00000001
core   0: 0x8000c380 (0xff9ff06f) j       pc - 0x8
core   0: 3 0x8000c380 (0xff9ff06f)
core   0: 0x8000c378 (0x00004f17) auipc   t5, 0x4
core   0: 3 0x8000c378 (0x00004f17) x30 0x80010378
core   0: 0x8000c37c (0xc83f2423) sw      gp, -888(t5)
core   0: 3 0x8000c37c (0xc83f2423) mem 0x80010000 0x00000001
core   0: 0x8000c380 (0xff9ff06f) j       pc - 0x8
core   0: 3 0x8000c380 (0xff9ff06f)
core   0: 0x8000c378 (0x00004f17) auipc   t5, 0x4
core   0: 3 0x8000c378 (0x00004f17) x30 0x80010378
core   0: 0x8000c37c (0xc83f2423) sw      gp, -888(t5)
core   0: 3 0x8000c37c (0xc83f2423) mem 0x80010000 0x00000001
core   0: 0x8000c380 (0xff9ff06f) j       pc - 0x8
core   0: 3 0x8000c380 (0xff9ff06f)
core   0: 0x8000c378 (0x00004f17) auipc   t5, 0x4
core   0: 3 0x8000c378 (0x00004f17) x30 0x80010378
core   0: 0x8000c37c (0xc83f2423) sw      gp, -888(t5)
core   0: 3 0x8000c37c (0xc83f2423) mem 0x80010000 0x00000001
core   0: 0x8000c380 (0xff9ff06f) j       pc - 0x8
core   0: 3 0x8000c380 (0xff9ff06f)
core   0: 0x8000c378 (0x00004f17) auipc   t5, 0x4
core   0: 3 0x8000c378 (0x00004f17) x30 0x80010378
core   0: 0x8000c37c (0xc83f2423) sw      gp, -888(t5)
core   0: 3 0x8000c37c (0xc83f2423) mem 0x80010000 0x00000001
core   0: 0x8000c380 (0xff9ff06f) j       pc - 0x8
core   0: 3 0x8000c380 (0xff9ff06f)
core   0: 0x8000c378 (0x00004f17) auipc   t5, 0x4
core   0: 3 0x8000c378 (0x00004f17) x30 0x80010378
core   0: 0x8000c37c (0xc83f2423) sw      gp, -888(t5)
core   0: 3 0x8000c37c (0xc83f2423) mem 0x80010000 0x00000001
core   0: 0x8000c380 (0xff9ff06f) j       pc - 0x8
core   0: 3 0x8000c380 (0xff9ff06f)
core   0: 0x8000c378 (0x00004f17) auipc   t5, 0x4
core   0: 3 0x8000c378 (0x00004f17) x30 0x80010378
core   0: 0x8000c37c (0xc83f2423) sw      gp, -888(t5)
core   0: 3 0x8000c37c (0xc83f2423) mem 0x80010000 0x00000001
core   0: 0x8000c380 (0xff9ff06f) j       pc - 0x8
core   0: 3 0x8000c380 (0xff9ff06f)
core   0: 0x8000c378 (0x00004f17) auipc   t5, 0x4
core   0: 3 0x8000c378 (0x00004f17) x30 0x80010378
core   0: 0x8000c37c (0xc83f2423) sw      gp, -888(t5)
core   0: 3 0x8000c37c (0xc83f2423) mem 0x80010000 0x00000001
core   0: 0x8000c380 (0xff9ff06f) j       pc - 0x8
core   0: 3 0x8000c380 (0xff9ff06f)
core   0: 0x8000c378 (0x00004f17) auipc   t5, 0x4
core   0: 3 0x8000c378 (0x00004f17) x30 0x80010378
core   0: 0x8000c37c (0xc83f2423) sw      gp, -888(t5)
core   0: 3 0x8000c37c (0xc83f2423) mem 0x80010000 0x00000001
core   0: 0x8000c380 (0xff9ff06f) j       pc - 0x8
core   0: 3 0x8000c380 (0xff9ff06f)
core   0: 0x8000c378 (0x00004f17) auipc   t5, 0x4
core   0: 3 0x8000c378 (0x00004f17) x30 0x80010378
core   0: 0x8000c37c (0xc83f2423) sw      gp, -888(t5)
core   0: 3 0x8000c37c (0xc83f2423) mem 0x80010000 0x00000001
core   0: 0x8000c380 (0xff9ff06f) j       pc - 0x8
core   0: 3 0x8000c380 (0xff9ff06f)
core   0: 0x8000c378 (0x00004f17) auipc   t5, 0x4
core   0: 3 0x8000c378 (0x00004f17) x30 0x80010378
core   0: 0x8000c37c (0xc83f2423) sw      gp, -888(t5)
core   0: 3 0x8000c37c (0xc83f2423) mem 0x80010000 0x00000001
core   0: 0x8000c380 (0xff9ff06f) j       pc - 0x8
core   0: 3 0x8000c380 (0xff9ff06f)
core   0: 0x8000c378 (0x00004f17) auipc   t5, 0x4
core   0: 3 0x8000c378 (0x00004f17) x30 0x80010378
core   0: 0x8000c37c (0xc83f2423) sw      gp, -888(t5)
core   0: 3 0x8000c37c (0xc83f2423) mem 0x80010000 0x00000001
core   0: 0x8000c380 (0xff9ff06f) j       pc - 0x8
core   0: 3 0x8000c380 (0xff9ff06f)
core   0: 0x8000c378 (0x00004f17) auipc   t5, 0x4
core   0: 3 0x8000c378 (0x00004f17) x30 0x80010378
core   0: 0x8000c37c (0xc83f2423) sw      gp, -888(t5)
core   0: 3 0x8000c37c (0xc83f2423) mem 0x80010000 0x00000001
core   0: 0x8000c380 (0xff9ff06f) j       pc - 0x8
core   0: 3 0x8000c380 (0xff9ff06f)
core   0: 0x8000c378 (0x00004f17) auipc   t5, 0x4
core   0: 3 0x8000c378 (0x00004f17) x30 0x80010378
core   0: 0x8000c37c (0xc83f2423) sw      gp, -888(t5)
core   0: 3 0x8000c37c (0xc83f2423) mem 0x80010000 0x00000001
core   0: 0x8000c380 (0xff9ff06f) j       pc - 0x8
core   0: 3 0x8000c380 (0xff9ff06f)
core   0: 0x8000c378 (0x00004f17) auipc   t5, 0x4
core   0: 3 0x8000c378 (0x00004f17) x30 0x80010378
core   0: 0x8000c37c (0xc83f2423) sw      gp, -888(t5)
core   0: 3 0x8000c37c (0xc83f2423) mem 0x80010000 0x00000001
core   0: 0x8000c380 (0xff9ff06f) j       pc - 0x8
core   0: 3 0x8000c380 (0xff9ff06f)
core   0: 0x8000c378 (0x00004f17) auipc   t5, 0x4
core   0: 3 0x8000c378 (0x00004f17) x30 0x80010378
core   0: 0x8000c37c (0xc83f2423) sw      gp, -888(t5)
core   0: 3 0x8000c37c (0xc83f2423) mem 0x80010000 0x00000001
core   0: 0x8000c380 (0xff9ff06f) j       pc - 0x8
core   0: 3 0x8000c380 (0xff9ff06f)
core   0: 0x8000c378 (0x00004f17) auipc   t5, 0x4
core   0: 3 0x8000c378 (0x00004f17) x30 0x80010378
core   0: 0x8000c37c (0xc83f2423) sw      gp, -888(t5)
core   0: 3 0x8000c37c (0xc83f2423) mem 0x80010000 0x00000001
core   0: 0x8000c380 (0xff9ff06f) j       pc - 0x8
core   0: 3 0x8000c380 (0xff9ff06f)
core   0: 0x8000c378 (0x00004f17) auipc   t5, 0x4
core   0: 3 0x8000c378 (0x00004f17) x30 0x80010378
core   0: 0x8000c37c (0xc83f2423) sw      gp, -888(t5)
core   0: 3 0x8000c37c (0xc83f2423) mem 0x80010000 0x00000001
core   0: 0x8000c380 (0xff9ff06f) j       pc - 0x8
core   0: 3 0x8000c380 (0xff9ff06f)
core   0: 0x8000c378 (0x00004f17) auipc   t5, 0x4
core   0: 3 0x8000c378 (0x00004f17) x30 0x80010378
core   0: 0x8000c37c (0xc83f2423) sw      gp, -888(t5)
core   0: 3 0x8000c37c (0xc83f2423) mem 0x80010000 0x00000001
core   0: 0x8000c380 (0xff9ff06f) j       pc - 0x8
core   0: 3 0x8000c380 (0xff9ff06f)
core   0: 0x8000c378 (0x00004f17) auipc   t5, 0x4
core   0: 3 0x8000c378 (0x00004f17) x30 0x80010378
core   0: 0x8000c37c (0xc83f2423) sw      gp, -888(t5)
core   0: 3 0x8000c37c (0xc83f2423) mem 0x80010000 0x00000001
core   0: 0x8000c380 (0xff9ff06f) j       pc - 0x8
core   0: 3 0x8000c380 (0xff9ff06f)
core   0: 0x8000c378 (0x00004f17) auipc   t5, 0x4
core   0: 3 0x8000c378 (0x00004f17) x30 0x80010378
core   0: 0x8000c37c (0xc83f2423) sw      gp, -888(t5)
core   0: 3 0x8000c37c (0xc83f2423) mem 0x80010000 0x00000001
core   0: 0x8000c380 (0xff9ff06f) j       pc - 0x8
core   0: 3 0x8000c380 (0xff9ff06f)
core   0: 0x8000c378 (0x00004f17) auipc   t5, 0x4
core   0: 3 0x8000c378 (0x00004f17) x30 0x80010378
core   0: 0x8000c37c (0xc83f2423) sw      gp, -888(t5)
core   0: 3 0x8000c37c (0xc83f2423) mem 0x80010000 0x00000001
core   0: 0x8000c380 (0xff9ff06f) j       pc - 0x8
core   0: 3 0x8000c380 (0xff9ff06f)
core   0: 0x8000c378 (0x00004f17) auipc   t5, 0x4
core   0: 3 0x8000c378 (0x00004f17) x30 0x80010378
core   0: 0x8000c37c (0xc83f2423) sw      gp, -888(t5)
core   0: 3 0x8000c37c (0xc83f2423) mem 0x80010000 0x00000001
core   0: 0x8000c380 (0xff9ff06f) j       pc - 0x8
core   0: 3 0x8000c380 (0xff9ff06f)
core   0: 0x8000c378 (0x00004f17) auipc   t5, 0x4
core   0: 3 0x8000c378 (0x00004f17) x30 0x80010378
core   0: 0x8000c37c (0xc83f2423) sw      gp, -888(t5)
core   0: 3 0x8000c37c (0xc83f2423) mem 0x80010000 0x00000001
core   0: 0x8000c380 (0xff9ff06f) j       pc - 0x8
core   0: 3 0x8000c380 (0xff9ff06f)
core   0: 0x8000c378 (0x00004f17) auipc   t5, 0x4
core   0: 3 0x8000c378 (0x00004f17) x30 0x80010378
core   0: 0x8000c37c (0xc83f2423) sw      gp, -888(t5)
core   0: 3 0x8000c37c (0xc83f2423) mem 0x80010000 0x00000001
core   0: 0x8000c380 (0xff9ff06f) j       pc - 0x8
core   0: 3 0x8000c380 (0xff9ff06f)
core   0: 0x8000c378 (0x00004f17) auipc   t5, 0x4
core   0: 3 0x8000c378 (0x00004f17) x30 0x80010378
core   0: 0x8000c37c (0xc83f2423) sw      gp, -888(t5)
core   0: 3 0x8000c37c (0xc83f2423) mem 0x80010000 0x00000001
core   0: 0x8000c380 (0xff9ff06f) j       pc - 0x8
core   0: 3 0x8000c380 (0xff9ff06f)
core   0: 0x8000c378 (0x00004f17) auipc   t5, 0x4
core   0: 3 0x8000c378 (0x00004f17) x30 0x80010378
core   0: 0x8000c37c (0xc83f2423) sw      gp, -888(t5)
core   0: 3 0x8000c37c (0xc83f2423) mem 0x80010000 0x00000001
core   0: 0x8000c380 (0xff9ff06f) j       pc - 0x8
core   0: 3 0x8000c380 (0xff9ff06f)
core   0: 0x8000c378 (0x00004f17) auipc   t5, 0x4
core   0: 3 0x8000c378 (0x00004f17) x30 0x80010378
core   0: 0x8000c37c (0xc83f2423) sw      gp, -888(t5)
core   0: 3 0x8000c37c (0xc83f2423) mem 0x80010000 0x00000001
core   0: 0x8000c380 (0xff9ff06f) j       pc - 0x8
core   0: 3 0x8000c380 (0xff9ff06f)
core   0: 0x8000c378 (0x00004f17) auipc   t5, 0x4
core   0: 3 0x8000c378 (0x00004f17) x30 0x80010378
core   0: 0x8000c37c (0xc83f2423) sw      gp, -888(t5)
core   0: 3 0x8000c37c (0xc83f2423) mem 0x80010000 0x00000001
core   0: 0x8000c380 (0xff9ff06f) j       pc - 0x8
core   0: 3 0x8000c380 (0xff9ff06f)
core   0: 0x8000c378 (0x00004f17) auipc   t5, 0x4
core   0: 3 0x8000c378 (0x00004f17) x30 0x80010378
core   0: 0x8000c37c (0xc83f2423) sw      gp, -888(t5)
core   0: 3 0x8000c37c (0xc83f2423) mem 0x80010000 0x00000001
core   0: 0x8000c380 (0xff9ff06f) j       pc - 0x8
core   0: 3 0x8000c380 (0xff9ff06f)
core   0: 0x8000c378 (0x00004f17) auipc   t5, 0x4
core   0: 3 0x8000c378 (0x00004f17) x30 0x80010378
core   0: 0x8000c37c (0xc83f2423) sw      gp, -888(t5)
core   0: 3 0x8000c37c (0xc83f2423) mem 0x80010000 0x00000001
core   0: 0x8000c380 (0xff9ff06f) j       pc - 0x8
core   0: 3 0x8000c380 (0xff9ff06f)
core   0: 0x8000c378 (0x00004f17) auipc   t5, 0x4
core   0: 3 0x8000c378 (0x00004f17) x30 0x80010378
core   0: 0x8000c37c (0xc83f2423) sw      gp, -888(t5)
core   0: 3 0x8000c37c (0xc83f2423) mem 0x80010000 0x00000001
core   0: 0x8000c380 (0xff9ff06f) j       pc - 0x8
core   0: 3 0x8000c380 (0xff9ff06f)
core   0: 0x8000c378 (0x00004f17) auipc   t5, 0x4
core   0: 3 0x8000c378 (0x00004f17) x30 0x80010378
core   0: 0x8000c37c (0xc83f2423) sw      gp, -888(t5)
core   0: 3 0x8000c37c (0xc83f2423) mem 0x80010000 0x00000001
core   0: 0x8000c380 (0xff9ff06f) j       pc - 0x8
core   0: 3 0x8000c380 (0xff9ff06f)
core   0: 0x8000c378 (0x00004f17) auipc   t5, 0x4
core   0: 3 0x8000c378 (0x00004f17) x30 0x80010378
core   0: 0x8000c37c (0xc83f2423) sw      gp, -888(t5)
core   0: 3 0x8000c37c (0xc83f2423) mem 0x80010000 0x00000001
core   0: 0x8000c380 (0xff9ff06f) j       pc - 0x8
core   0: 3 0x8000c380 (0xff9ff06f)
core   0: 0x8000c378 (0x00004f17) auipc   t5, 0x4
core   0: 3 0x8000c378 (0x00004f17) x30 0x80010378
core   0: 0x8000c37c (0xc83f2423) sw      gp, -888(t5)
core   0: 3 0x8000c37c (0xc83f2423) mem 0x80010000 0x00000001
core   0: 0x8000c380 (0xff9ff06f) j       pc - 0x8
core   0: 3 0x8000c380 (0xff9ff06f)
core   0: 0x8000c378 (0x00004f17) auipc   t5, 0x4
core   0: 3 0x8000c378 (0x00004f17) x30 0x80010378
core   0: 0x8000c37c (0xc83f2423) sw      gp, -888(t5)
core   0: 3 0x8000c37c (0xc83f2423) mem 0x80010000 0x00000001
core   0: 0x8000c380 (0xff9ff06f) j       pc - 0x8
core   0: 3 0x8000c380 (0xff9ff06f)
core   0: 0x8000c378 (0x00004f17) auipc   t5, 0x4
core   0: 3 0x8000c378 (0x00004f17) x30 0x80010378
core   0: 0x8000c37c (0xc83f2423) sw      gp, -888(t5)
core   0: 3 0x8000c37c (0xc83f2423) mem 0x80010000 0x00000001
core   0: 0x8000c380 (0xff9ff06f) j       pc - 0x8
core   0: 3 0x8000c380 (0xff9ff06f)
core   0: 0x8000c378 (0x00004f17) auipc   t5, 0x4
core   0: 3 0x8000c378 (0x00004f17) x30 0x80010378
core   0: 0x8000c37c (0xc83f2423) sw      gp, -888(t5)
core   0: 3 0x8000c37c (0xc83f2423) mem 0x80010000 0x00000001
core   0: 0x8000c380 (0xff9ff06f) j       pc - 0x8
core   0: 3 0x8000c380 (0xff9ff06f)
core   0: 0x8000c378 (0x00004f17) auipc   t5, 0x4
core   0: 3 0x8000c378 (0x00004f17) x30 0x80010378
core   0: 0x8000c37c (0xc83f2423) sw      gp, -888(t5)
core   0: 3 0x8000c37c (0xc83f2423) mem 0x80010000 0x00000001
core   0: 0x8000c380 (0xff9ff06f) j       pc - 0x8
core   0: 3 0x8000c380 (0xff9ff06f)
core   0: 0x8000c378 (0x00004f17) auipc   t5, 0x4
core   0: 3 0x8000c378 (0x00004f17) x30 0x80010378
core   0: 0x8000c37c (0xc83f2423) sw      gp, -888(t5)
core   0: 3 0x8000c37c (0xc83f2423) mem 0x80010000 0x00000001
core   0: 0x8000c380 (0xff9ff06f) j       pc - 0x8
core   0: 3 0x8000c380 (0xff9ff06f)
core   0: 0x8000c378 (0x00004f17) auipc   t5, 0x4
core   0: 3 0x8000c378 (0x00004f17) x30 0x80010378
core   0: 0x8000c37c (0xc83f2423) sw      gp, -888(t5)
core   0: 3 0x8000c37c (0xc83f2423) mem 0x80010000 0x00000001
core   0: 0x8000c380 (0xff9ff06f) j       pc - 0x8
core   0: 3 0x8000c380 (0xff9ff06f)
core   0: 0x8000c378 (0x00004f17) auipc   t5, 0x4
core   0: 3 0x8000c378 (0x00004f17) x30 0x80010378
core   0: 0x8000c37c (0xc83f2423) sw      gp, -888(t5)
core   0: 3 0x8000c37c (0xc83f2423) mem 0x80010000 0x00000001
core   0: 0x8000c380 (0xff9ff06f) j       pc - 0x8
core   0: 3 0x8000c380 (0xff9ff06f)
core   0: 0x8000c378 (0x00004f17) auipc   t5, 0x4
core   0: 3 0x8000c378 (0x00004f17) x30 0x80010378
core   0: 0x8000c37c (0xc83f2423) sw      gp, -888(t5)
core   0: 3 0x8000c37c (0xc83f2423) mem 0x80010000 0x00000001
core   0: 0x8000c380 (0xff9ff06f) j       pc - 0x8
core   0: 3 0x8000c380 (0xff9ff06f)
core   0: 0x8000c378 (0x00004f17) auipc   t5, 0x4
core   0: 3 0x8000c378 (0x00004f17) x30 0x80010378
core   0: 0x8000c37c (0xc83f2423) sw      gp, -888(t5)
core   0: 3 0x8000c37c (0xc83f2423) mem 0x80010000 0x00000001
core   0: 0x8000c380 (0xff9ff06f) j       pc - 0x8
core   0: 3 0x8000c380 (0xff9ff06f)
core   0: 0x8000c378 (0x00004f17) auipc   t5, 0x4
core   0: 3 0x8000c378 (0x00004f17) x30 0x80010378
core   0: 0x8000c37c (0xc83f2423) sw      gp, -888(t5)
core   0: 3 0x8000c37c (0xc83f2423) mem 0x80010000 0x00000001
core   0: 0x8000c380 (0xff9ff06f) j       pc - 0x8
core   0: 3 0x8000c380 (0xff9ff06f)
core   0: 0x8000c378 (0x00004f17) auipc   t5, 0x4
core   0: 3 0x8000c378 (0x00004f17) x30 0x80010378
core   0: 0x8000c37c (0xc83f2423) sw      gp, -888(t5)
core   0: 3 0x8000c37c (0xc83f2423) mem 0x80010000 0x00000001
core   0: 0x8000c380 (0xff9ff06f) j       pc - 0x8
core   0: 3 0x8000c380 (0xff9ff06f)
core   0: 0x8000c378 (0x00004f17) auipc   t5, 0x4
core   0: 3 0x8000c378 (0x00004f17) x30 0x80010378
core   0: 0x8000c37c (0xc83f2423) sw      gp, -888(t5)
core   0: 3 0x8000c37c (0xc83f2423) mem 0x80010000 0x00000001
core   0: 0x8000c380 (0xff9ff06f) j       pc - 0x8
core   0: 3 0x8000c380 (0xff9ff06f)
core   0: 0x8000c378 (0x00004f17) auipc   t5, 0x4
core   0: 3 0x8000c378 (0x00004f17) x30 0x80010378
core   0: 0x8000c37c (0xc83f2423) sw      gp, -888(t5)
core   0: 3 0x8000c37c (0xc83f2423) mem 0x80010000 0x00000001
core   0: 0x8000c380 (0xff9ff06f) j       pc - 0x8
core   0: 3 0x8000c380 (0xff9ff06f)
core   0: 0x8000c378 (0x00004f17) auipc   t5, 0x4
core   0: 3 0x8000c378 (0x00004f17) x30 0x80010378
core   0: 0x8000c37c (0xc83f2423) sw      gp, -888(t5)
core   0: 3 0x8000c37c (0xc83f2423) mem 0x80010000 0x00000001
core   0: 0x8000c380 (0xff9ff06f) j       pc - 0x8
core   0: 3 0x8000c380 (0xff9ff06f)
core   0: 0x8000c378 (0x00004f17) auipc   t5, 0x4
core   0: 3 0x8000c378 (0x00004f17) x30 0x80010378
core   0: 0x8000c37c (0xc83f2423) sw      gp, -888(t5)
core   0: 3 0x8000c37c (0xc83f2423) mem 0x80010000 0x00000001
core   0: 0x8000c380 (0xff9ff06f) j       pc - 0x8
core   0: 3 0x8000c380 (0xff9ff06f)
core   0: 0x8000c378 (0x00004f17) auipc   t5, 0x4
core   0: 3 0x8000c378 (0x00004f17) x30 0x80010378
core   0: 0x8000c37c (0xc83f2423) sw      gp, -888(t5)
core   0: 3 0x8000c37c (0xc83f2423) mem 0x80010000 0x00000001
core   0: 0x8000c380 (0xff9ff06f) j       pc - 0x8
core   0: 3 0x8000c380 (0xff9ff06f)
core   0: 0x8000c378 (0x00004f17) auipc   t5, 0x4
core   0: 3 0x8000c378 (0x00004f17) x30 0x80010378
core   0: 0x8000c37c (0xc83f2423) sw      gp, -888(t5)
core   0: 3 0x8000c37c (0xc83f2423) mem 0x80010000 0x00000001
core   0: 0x8000c380 (0xff9ff06f) j       pc - 0x8
core   0: 3 0x8000c380 (0xff9ff06f)
core   0: 0x8000c378 (0x00004f17) auipc   t5, 0x4
core   0: 3 0x8000c378 (0x00004f17) x30 0x80010378
core   0: 0x8000c37c (0xc83f2423) sw      gp, -888(t5)
core   0: 3 0x8000c37c (0xc83f2423) mem 0x80010000 0x00000001
core   0: 0x8000c380 (0xff9ff06f) j       pc - 0x8
core   0: 3 0x8000c380 (0xff9ff06f)
core   0: 0x8000c378 (0x00004f17) auipc   t5, 0x4
core   0: 3 0x8000c378 (0x00004f17) x30 0x80010378
core   0: 0x8000c37c (0xc83f2423) sw      gp, -888(t5)
core   0: 3 0x8000c37c (0xc83f2423) mem 0x80010000 0x00000001
core   0: 0x8000c380 (0xff9ff06f) j       pc - 0x8
core   0: 3 0x8000c380 (0xff9ff06f)
core   0: 0x8000c378 (0x00004f17) auipc   t5, 0x4
core   0: 3 0x8000c378 (0x00004f17) x30 0x80010378
core   0: 0x8000c37c (0xc83f2423) sw      gp, -888(t5)
core   0: 3 0x8000c37c (0xc83f2423) mem 0x80010000 0x00000001
core   0: 0x8000c380 (0xff9ff06f) j       pc - 0x8
core   0: 3 0x8000c380 (0xff9ff06f)
core   0: 0x8000c378 (0x00004f17) auipc   t5, 0x4
core   0: 3 0x8000c378 (0x00004f17) x30 0x80010378
core   0: 0x8000c37c (0xc83f2423) sw      gp, -888(t5)
core   0: 3 0x8000c37c (0xc83f2423) mem 0x80010000 0x00000001
core   0: 0x8000c380 (0xff9ff06f) j       pc - 0x8
core   0: 3 0x8000c380 (0xff9ff06f)
core   0: 0x8000c378 (0x00004f17) auipc   t5, 0x4
core   0: 3 0x8000c378 (0x00004f17) x30 0x80010378
core   0: 0x8000c37c (0xc83f2423) sw      gp, -888(t5)
core   0: 3 0x8000c37c (0xc83f2423) mem 0x80010000 0x00000001
core   0: 0x8000c380 (0xff9ff06f) j       pc - 0x8
core   0: 3 0x8000c380 (0xff9ff06f)
core   0: 0x8000c378 (0x00004f17) auipc   t5, 0x4
core   0: 3 0x8000c378 (0x00004f17) x30 0x80010378
core   0: 0x8000c37c (0xc83f2423) sw      gp, -888(t5)
core   0: 3 0x8000c37c (0xc83f2423) mem 0x80010000 0x00000001
core   0: 0x8000c380 (0xff9ff06f) j       pc - 0x8
core   0: 3 0x8000c380 (0xff9ff06f)
core   0: 0x8000c378 (0x00004f17) auipc   t5, 0x4
core   0: 3 0x8000c378 (0x00004f17) x30 0x80010378
core   0: 0x8000c37c (0xc83f2423) sw      gp, -888(t5)
core   0: 3 0x8000c37c (0xc83f2423) mem 0x80010000 0x00000001
core   0: 0x8000c380 (0xff9ff06f) j       pc - 0x8
core   0: 3 0x8000c380 (0xff9ff06f)
core   0: 0x8000c378 (0x00004f17) auipc   t5, 0x4
core   0: 3 0x8000c378 (0x00004f17) x30 0x80010378
core   0: 0x8000c37c (0xc83f2423) sw      gp, -888(t5)
core   0: 3 0x8000c37c (0xc83f2423) mem 0x80010000 0x00000001
core   0: 0x8000c380 (0xff9ff06f) j       pc - 0x8
core   0: 3 0x8000c380 (0xff9ff06f)
core   0: 0x8000c378 (0x00004f17) auipc   t5, 0x4
core   0: 3 0x8000c378 (0x00004f17) x30 0x80010378
core   0: 0x8000c37c (0xc83f2423) sw      gp, -888(t5)
core   0: 3 0x8000c37c (0xc83f2423) mem 0x80010000 0x00000001
core   0: 0x8000c380 (0xff9ff06f) j       pc - 0x8
core   0: 3 0x8000c380 (0xff9ff06f)
core   0: 0x8000c378 (0x00004f17) auipc   t5, 0x4
core   0: 3 0x8000c378 (0x00004f17) x30 0x80010378
core   0: 0x8000c37c (0xc83f2423) sw      gp, -888(t5)
core   0: 3 0x8000c37c (0xc83f2423) mem 0x80010000 0x00000001
core   0: 0x8000c380 (0xff9ff06f) j       pc - 0x8
core   0: 3 0x8000c380 (0xff9ff06f)
core   0: 0x8000c378 (0x00004f17) auipc   t5, 0x4
core   0: 3 0x8000c378 (0x00004f17) x30 0x80010378
core   0: 0x8000c37c (0xc83f2423) sw      gp, -888(t5)
core   0: 3 0x8000c37c (0xc83f2423) mem 0x80010000 0x00000001
core   0: 0x8000c380 (0xff9ff06f) j       pc - 0x8
core   0: 3 0x8000c380 (0xff9ff06f)
core   0: 0x8000c378 (0x00004f17) auipc   t5, 0x4
core   0: 3 0x8000c378 (0x00004f17) x30 0x80010378
core   0: 0x8000c37c (0xc83f2423) sw      gp, -888(t5)
core   0: 3 0x8000c37c (0xc83f2423) mem 0x80010000 0x00000001
core   0: 0x8000c380 (0xff9ff06f) j       pc - 0x8
core   0: 3 0x8000c380 (0xff9ff06f)
core   0: 0x8000c378 (0x00004f17) auipc   t5, 0x4
core   0: 3 0x8000c378 (0x00004f17) x30 0x80010378
core   0: 0x8000c37c (0xc83f2423) sw      gp, -888(t5)
core   0: 3 0x8000c37c (0xc83f2423) mem 0x80010000 0x00000001
core   0: 0x8000c380 (0xff9ff06f) j       pc - 0x8
core   0: 3 0x8000c380 (0xff9ff06f)
core   0: 0x8000c378 (0x00004f17) auipc   t5, 0x4
core   0: 3 0x8000c378 (0x00004f17) x30 0x80010378
core   0: 0x8000c37c (0xc83f2423) sw      gp, -888(t5)
core   0: 3 0x8000c37c (0xc83f2423) mem 0x80010000 0x00000001
core   0: 0x8000c380 (0xff9ff06f) j       pc - 0x8
core   0: 3 0x8000c380 (0xff9ff06f)
core   0: 0x8000c378 (0x00004f17) auipc   t5, 0x4
core   0: 3 0x8000c378 (0x00004f17) x30 0x80010378
core   0: 0x8000c37c (0xc83f2423) sw      gp, -888(t5)
core   0: 3 0x8000c37c (0xc83f2423) mem 0x80010000 0x00000001
core   0: 0x8000c380 (0xff9ff06f) j       pc - 0x8
core   0: 3 0x8000c380 (0xff9ff06f)
core   0: 0x8000c378 (0x00004f17) auipc   t5, 0x4
core   0: 3 0x8000c378 (0x00004f17) x30 0x80010378
core   0: 0x8000c37c (0xc83f2423) sw      gp, -888(t5)
core   0: 3 0x8000c37c (0xc83f2423) mem 0x80010000 0x00000001
core   0: 0x8000c380 (0xff9ff06f) j       pc - 0x8
core   0: 3 0x8000c380 (0xff9ff06f)
core   0: 0x8000c378 (0x00004f17) auipc   t5, 0x4
core   0: 3 0x8000c378 (0x00004f17) x30 0x80010378
core   0: 0x8000c37c (0xc83f2423) sw      gp, -888(t5)
core   0: 3 0x8000c37c (0xc83f2423) mem 0x80010000 0x00000001
core   0: 0x8000c380 (0xff9ff06f) j       pc - 0x8
core   0: 3 0x8000c380 (0xff9ff06f)
core   0: 0x8000c378 (0x00004f17) auipc   t5, 0x4
core   0: 3 0x8000c378 (0x00004f17) x30 0x80010378
core   0: 0x8000c37c (0xc83f2423) sw      gp, -888(t5)
core   0: 3 0x8000c37c (0xc83f2423) mem 0x80010000 0x00000001
core   0: 0x8000c380 (0xff9ff06f) j       pc - 0x8
core   0: 3 0x8000c380 (0xff9ff06f)
core   0: 0x8000c378 (0x00004f17) auipc   t5, 0x4
core   0: 3 0x8000c378 (0x00004f17) x30 0x80010378
core   0: 0x8000c37c (0xc83f2423) sw      gp, -888(t5)
core   0: 3 0x8000c37c (0xc83f2423) mem 0x80010000 0x00000001
core   0: 0x8000c380 (0xff9ff06f) j       pc - 0x8
core   0: 3 0x8000c380 (0xff9ff06f)
core   0: 0x8000c378 (0x00004f17) auipc   t5, 0x4
core   0: 3 0x8000c378 (0x00004f17) x30 0x80010378
core   0: 0x8000c37c (0xc83f2423) sw      gp, -888(t5)
core   0: 3 0x8000c37c (0xc83f2423) mem 0x80010000 0x00000001
core   0: 0x8000c380 (0xff9ff06f) j       pc - 0x8
core   0: 3 0x8000c380 (0xff9ff06f)
core   0: 0x8000c378 (0x00004f17) auipc   t5, 0x4
core   0: 3 0x8000c378 (0x00004f17) x30 0x80010378
core   0: 0x8000c37c (0xc83f2423) sw      gp, -888(t5)
core   0: 3 0x8000c37c (0xc83f2423) mem 0x80010000 0x00000001
core   0: 0x8000c380 (0xff9ff06f) j       pc - 0x8
core   0: 3 0x8000c380 (0xff9ff06f)
core   0: 0x8000c378 (0x00004f17) auipc   t5, 0x4
core   0: 3 0x8000c378 (0x00004f17) x30 0x80010378
core   0: 0x8000c37c (0xc83f2423) sw      gp, -888(t5)
core   0: 3 0x8000c37c (0xc83f2423) mem 0x80010000 0x00000001
core   0: 0x8000c380 (0xff9ff06f) j       pc - 0x8
core   0: 3 0x8000c380 (0xff9ff06f)
core   0: 0x8000c378 (0x00004f17) auipc   t5, 0x4
core   0: 3 0x8000c378 (0x00004f17) x30 0x80010378
core   0: 0x8000c37c (0xc83f2423) sw      gp, -888(t5)
core   0: 3 0x8000c37c (0xc83f2423) mem 0x80010000 0x00000001
core   0: 0x8000c380 (0xff9ff06f) j       pc - 0x8
core   0: 3 0x8000c380 (0xff9ff06f)
core   0: 0x8000c378 (0x00004f17) auipc   t5, 0x4
core   0: 3 0x8000c378 (0x00004f17) x30 0x80010378
core   0: 0x8000c37c (0xc83f2423) sw      gp, -888(t5)
core   0: 3 0x8000c37c (0xc83f2423) mem 0x80010000 0x00000001
core   0: 0x8000c380 (0xff9ff06f) j       pc - 0x8
core   0: 3 0x8000c380 (0xff9ff06f)
core   0: 0x8000c378 (0x00004f17) auipc   t5, 0x4
core   0: 3 0x8000c378 (0x00004f17) x30 0x80010378
core   0: 0x8000c37c (0xc83f2423) sw      gp, -888(t5)
core   0: 3 0x8000c37c (0xc83f2423) mem 0x80010000 0x00000001
core   0: 0x8000c380 (0xff9ff06f) j       pc - 0x8
core   0: 3 0x8000c380 (0xff9ff06f)
core   0: 0x8000c378 (0x00004f17) auipc   t5, 0x4
core   0: 3 0x8000c378 (0x00004f17) x30 0x80010378
core   0: 0x8000c37c (0xc83f2423) sw      gp, -888(t5)
core   0: 3 0x8000c37c (0xc83f2423) mem 0x80010000 0x00000001
core   0: 0x8000c380 (0xff9ff06f) j       pc - 0x8
core   0: 3 0x8000c380 (0xff9ff06f)
core   0: 0x8000c378 (0x00004f17) auipc   t5, 0x4
core   0: 3 0x8000c378 (0x00004f17) x30 0x80010378
core   0: 0x8000c37c (0xc83f2423) sw      gp, -888(t5)
core   0: 3 0x8000c37c (0xc83f2423) mem 0x80010000 0x00000001
core   0: 0x8000c380 (0xff9ff06f) j       pc - 0x8
core   0: 3 0x8000c380 (0xff9ff06f)
core   0: 0x8000c378 (0x00004f17) auipc   t5, 0x4
core   0: 3 0x8000c378 (0x00004f17) x30 0x80010378
core   0: 0x8000c37c (0xc83f2423) sw      gp, -888(t5)
core   0: 3 0x8000c37c (0xc83f2423) mem 0x80010000 0x00000001
core   0: 0x8000c380 (0xff9ff06f) j       pc - 0x8
core   0: 3 0x8000c380 (0xff9ff06f)
core   0: 0x8000c378 (0x00004f17) auipc   t5, 0x4
core   0: 3 0x8000c378 (0x00004f17) x30 0x80010378
core   0: 0x8000c37c (0xc83f2423) sw      gp, -888(t5)
core   0: 3 0x8000c37c (0xc83f2423) mem 0x80010000 0x00000001
core   0: 0x8000c380 (0xff9ff06f) j       pc - 0x8
core   0: 3 0x8000c380 (0xff9ff06f)
core   0: 0x8000c378 (0x00004f17) auipc   t5, 0x4
core   0: 3 0x8000c378 (0x00004f17) x30 0x80010378
core   0: 0x8000c37c (0xc83f2423) sw      gp, -888(t5)
core   0: 3 0x8000c37c (0xc83f2423) mem 0x80010000 0x00000001
core   0: 0x8000c380 (0xff9ff06f) j       pc - 0x8
core   0: 3 0x8000c380 (0xff9ff06f)
core   0: 0x8000c378 (0x00004f17) auipc   t5, 0x4
core   0: 3 0x8000c378 (0x00004f17) x30 0x80010378
core   0: 0x8000c37c (0xc83f2423) sw      gp, -888(t5)
core   0: 3 0x8000c37c (0xc83f2423) mem 0x80010000 0x00000001
core   0: 0x8000c380 (0xff9ff06f) j       pc - 0x8
core   0: 3 0x8000c380 (0xff9ff06f)
core   0: 0x8000c378 (0x00004f17) auipc   t5, 0x4
core   0: 3 0x8000c378 (0x00004f17) x30 0x80010378
core   0: 0x8000c37c (0xc83f2423) sw      gp, -888(t5)
core   0: 3 0x8000c37c (0xc83f2423) mem 0x80010000 0x00000001
core   0: 0x8000c380 (0xff9ff06f) j       pc - 0x8
core   0: 3 0x8000c380 (0xff9ff06f)
core   0: 0x8000c378 (0x00004f17) auipc   t5, 0x4
core   0: 3 0x8000c378 (0x00004f17) x30 0x80010378
core   0: 0x8000c37c (0xc83f2423) sw      gp, -888(t5)
core   0: 3 0x8000c37c (0xc83f2423) mem 0x80010000 0x00000001
core   0: 0x8000c380 (0xff9ff06f) j       pc - 0x8
core   0: 3 0x8000c380 (0xff9ff06f)
core   0: 0x8000c378 (0x00004f17) auipc   t5, 0x4
core   0: 3 0x8000c378 (0x00004f17) x30 0x80010378
core   0: 0x8000c37c (0xc83f2423) sw      gp, -888(t5)
core   0: 3 0x8000c37c (0xc83f2423) mem 0x80010000 0x00000001
core   0: 0x8000c380 (0xff9ff06f) j       pc - 0x8
core   0: 3 0x8000c380 (0xff9ff06f)
core   0: 0x8000c378 (0x00004f17) auipc   t5, 0x4
core   0: 3 0x8000c378 (0x00004f17) x30 0x80010378
core   0: 0x8000c37c (0xc83f2423) sw      gp, -888(t5)
core   0: 3 0x8000c37c (0xc83f2423) mem 0x80010000 0x00000001
core   0: 0x8000c380 (0xff9ff06f) j       pc - 0x8
core   0: 3 0x8000c380 (0xff9ff06f)
core   0: 0x8000c378 (0x00004f17) auipc   t5, 0x4
core   0: 3 0x8000c378 (0x00004f17) x30 0x80010378
core   0: 0x8000c37c (0xc83f2423) sw      gp, -888(t5)
core   0: 3 0x8000c37c (0xc83f2423) mem 0x80010000 0x00000001
core   0: 0x8000c380 (0xff9ff06f) j       pc - 0x8
core   0: 3 0x8000c380 (0xff9ff06f)
core   0: 0x8000c378 (0x00004f17) auipc   t5, 0x4
core   0: 3 0x8000c378 (0x00004f17) x30 0x80010378
core   0: 0x8000c37c (0xc83f2423) sw      gp, -888(t5)
core   0: 3 0x8000c37c (0xc83f2423) mem 0x80010000 0x00000001
core   0: 0x8000c380 (0xff9ff06f) j       pc - 0x8
core   0: 3 0x8000c380 (0xff9ff06f)
core   0: 0x8000c378 (0x00004f17) auipc   t5, 0x4
core   0: 3 0x8000c378 (0x00004f17) x30 0x80010378
core   0: 0x8000c37c (0xc83f2423) sw      gp, -888(t5)
core   0: 3 0x8000c37c (0xc83f2423) mem 0x80010000 0x00000001
core   0: 0x8000c380 (0xff9ff06f) j       pc - 0x8
core   0: 3 0x8000c380 (0xff9ff06f)
core   0: 0x8000c378 (0x00004f17) auipc   t5, 0x4
core   0: 3 0x8000c378 (0x00004f17) x30 0x80010378
core   0: 0x8000c37c (0xc83f2423) sw      gp, -888(t5)
core   0: 3 0x8000c37c (0xc83f2423) mem 0x80010000 0x00000001
core   0: 0x8000c380 (0xff9ff06f) j       pc - 0x8
core   0: 3 0x8000c380 (0xff9ff06f)
core   0: 0x8000c378 (0x00004f17) auipc   t5, 0x4
core   0: 3 0x8000c378 (0x00004f17) x30 0x80010378
core   0: 0x8000c37c (0xc83f2423) sw      gp, -888(t5)
core   0: 3 0x8000c37c (0xc83f2423) mem 0x80010000 0x00000001
core   0: 0x8000c380 (0xff9ff06f) j       pc - 0x8
core   0: 3 0x8000c380 (0xff9ff06f)
core   0: 0x8000c378 (0x00004f17) auipc   t5, 0x4
core   0: 3 0x8000c378 (0x00004f17) x30 0x80010378
core   0: 0x8000c37c (0xc83f2423) sw      gp, -888(t5)
core   0: 3 0x8000c37c (0xc83f2423) mem 0x80010000 0x00000001
core   0: 0x8000c380 (0xff9ff06f) j       pc - 0x8
core   0: 3 0x8000c380 (0xff9ff06f)
core   0: 0x8000c378 (0x00004f17) auipc   t5, 0x4
core   0: 3 0x8000c378 (0x00004f17) x30 0x80010378
core   0: 0x8000c37c (0xc83f2423) sw      gp, -888(t5)
core   0: 3 0x8000c37c (0xc83f2423) mem 0x80010000 0x00000001
core   0: 0x8000c380 (0xff9ff06f) j       pc - 0x8
core   0: 3 0x8000c380 (0xff9ff06f)
core   0: 0x8000c378 (0x00004f17) auipc   t5, 0x4
core   0: 3 0x8000c378 (0x00004f17) x30 0x80010378
core   0: 0x8000c37c (0xc83f2423) sw      gp, -888(t5)
core   0: 3 0x8000c37c (0xc83f2423) mem 0x80010000 0x00000001
core   0: 0x8000c380 (0xff9ff06f) j       pc - 0x8
core   0: 3 0x8000c380 (0xff9ff06f)
core   0: 0x8000c378 (0x00004f17) auipc   t5, 0x4
core   0: 3 0x8000c378 (0x00004f17) x30 0x80010378
core   0: 0x8000c37c (0xc83f2423) sw      gp, -888(t5)
core   0: 3 0x8000c37c (0xc83f2423) mem 0x80010000 0x00000001
core   0: 0x8000c380 (0xff9ff06f) j       pc - 0x8
core   0: 3 0x8000c380 (0xff9ff06f)
core   0: 0x8000c378 (0x00004f17) auipc   t5, 0x4
core   0: 3 0x8000c378 (0x00004f17) x30 0x80010378
core   0: 0x8000c37c (0xc83f2423) sw      gp, -888(t5)
core   0: 3 0x8000c37c (0xc83f2423) mem 0x80010000 0x00000001
core   0: 0x8000c380 (0xff9ff06f) j       pc - 0x8
core   0: 3 0x8000c380 (0xff9ff06f)
core   0: 0x8000c378 (0x00004f17) auipc   t5, 0x4
core   0: 3 0x8000c378 (0x00004f17) x30 0x80010378
core   0: 0x8000c37c (0xc83f2423) sw      gp, -888(t5)
core   0: 3 0x8000c37c (0xc83f2423) mem 0x80010000 0x00000001
core   0: 0x8000c380 (0xff9ff06f) j       pc - 0x8
core   0: 3 0x8000c380 (0xff9ff06f)
core   0: 0x8000c378 (0x00004f17) auipc   t5, 0x4
core   0: 3 0x8000c378 (0x00004f17) x30 0x80010378
core   0: 0x8000c37c (0xc83f2423) sw      gp, -888(t5)
core   0: 3 0x8000c37c (0xc83f2423) mem 0x80010000 0x00000001
core   0: 0x8000c380 (0xff9ff06f) j       pc - 0x8
core   0: 3 0x8000c380 (0xff9ff06f)
core   0: 0x8000c378 (0x00004f17) auipc   t5, 0x4
core   0: 3 0x8000c378 (0x00004f17) x30 0x80010378
core   0: 0x8000c37c (0xc83f2423) sw      gp, -888(t5)
core   0: 3 0x8000c37c (0xc83f2423) mem 0x80010000 0x00000001
core   0: 0x8000c380 (0xff9ff06f) j       pc - 0x8
core   0: 3 0x8000c380 (0xff9ff06f)
core   0: 0x8000c378 (0x00004f17) auipc   t5, 0x4
core   0: 3 0x8000c378 (0x00004f17) x30 0x80010378
core   0: 0x8000c37c (0xc83f2423) sw      gp, -888(t5)
core   0: 3 0x8000c37c (0xc83f2423) mem 0x80010000 0x00000001
core   0: 0x8000c380 (0xff9ff06f) j       pc - 0x8
core   0: 3 0x8000c380 (0xff9ff06f)
core   0: 0x8000c378 (0x00004f17) auipc   t5, 0x4
core   0: 3 0x8000c378 (0x00004f17) x30 0x80010378
core   0: 0x8000c37c (0xc83f2423) sw      gp, -888(t5)
core   0: 3 0x8000c37c (0xc83f2423) mem 0x80010000 0x00000001
core   0: 0x8000c380 (0xff9ff06f) j       pc - 0x8
core   0: 3 0x8000c380 (0xff9ff06f)
core   0: 0x8000c378 (0x00004f17) auipc   t5, 0x4
core   0: 3 0x8000c378 (0x00004f17) x30 0x80010378
core   0: 0x8000c37c (0xc83f2423) sw      gp, -888(t5)
core   0: 3 0x8000c37c (0xc83f2423) mem 0x80010000 0x00000001
core   0: 0x8000c380 (0xff9ff06f) j       pc - 0x8
core   0: 3 0x8000c380 (0xff9ff06f)
core   0: 0x8000c378 (0x00004f17) auipc   t5, 0x4
core   0: 3 0x8000c378 (0x00004f17) x30 0x80010378
core   0: 0x8000c37c (0xc83f2423) sw      gp, -888(t5)
core   0: 3 0x8000c37c (0xc83f2423) mem 0x80010000 0x00000001
core   0: 0x8000c380 (0xff9ff06f) j       pc - 0x8
core   0: 3 0x8000c380 (0xff9ff06f)
core   0: 0x8000c378 (0x00004f17) auipc   t5, 0x4
core   0: 3 0x8000c378 (0x00004f17) x30 0x80010378
core   0: 0x8000c37c (0xc83f2423) sw      gp, -888(t5)
core   0: 3 0x8000c37c (0xc83f2423) mem 0x80010000 0x00000001
core   0: 0x8000c380 (0xff9ff06f) j       pc - 0x8
core   0: 3 0x8000c380 (0xff9ff06f)
core   0: 0x8000c378 (0x00004f17) auipc   t5, 0x4
core   0: 3 0x8000c378 (0x00004f17) x30 0x80010378
core   0: 0x8000c37c (0xc83f2423) sw      gp, -888(t5)
core   0: 3 0x8000c37c (0xc83f2423) mem 0x80010000 0x00000001
core   0: 0x8000c380 (0xff9ff06f) j       pc - 0x8
core   0: 3 0x8000c380 (0xff9ff06f)
core   0: 0x8000c378 (0x00004f17) auipc   t5, 0x4
core   0: 3 0x8000c378 (0x00004f17) x30 0x80010378
core   0: 0x8000c37c (0xc83f2423) sw      gp, -888(t5)
core   0: 3 0x8000c37c (0xc83f2423) mem 0x80010000 0x00000001
core   0: 0x8000c380 (0xff9ff06f) j       pc - 0x8
core   0: 3 0x8000c380 (0xff9ff06f)
core   0: 0x8000c378 (0x00004f17) auipc   t5, 0x4
core   0: 3 0x8000c378 (0x00004f17) x30 0x80010378
core   0: 0x8000c37c (0xc83f2423) sw      gp, -888(t5)
core   0: 3 0x8000c37c (0xc83f2423) mem 0x80010000 0x00000001
core   0: 0x8000c380 (0xff9ff06f) j       pc - 0x8
core   0: 3 0x8000c380 (0xff9ff06f)
core   0: 0x8000c378 (0x00004f17) auipc   t5, 0x4
core   0: 3 0x8000c378 (0x00004f17) x30 0x80010378
core   0: 0x8000c37c (0xc83f2423) sw      gp, -888(t5)
core   0: 3 0x8000c37c (0xc83f2423) mem 0x80010000 0x00000001
core   0: 0x8000c380 (0xff9ff06f) j       pc - 0x8
core   0: 3 0x8000c380 (0xff9ff06f)
core   0: 0x8000c378 (0x00004f17) auipc   t5, 0x4
core   0: 3 0x8000c378 (0x00004f17) x30 0x80010378
core   0: 0x8000c37c (0xc83f2423) sw      gp, -888(t5)
core   0: 3 0x8000c37c (0xc83f2423) mem 0x80010000 0x00000001
core   0: 0x8000c380 (0xff9ff06f) j       pc - 0x8
core   0: 3 0x8000c380 (0xff9ff06f)
core   0: 0x8000c378 (0x00004f17) auipc   t5, 0x4
core   0: 3 0x8000c378 (0x00004f17) x30 0x80010378
core   0: 0x8000c37c (0xc83f2423) sw      gp, -888(t5)
core   0: 3 0x8000c37c (0xc83f2423) mem 0x80010000 0x00000001
core   0: 0x8000c380 (0xff9ff06f) j       pc - 0x8
core   0: 3 0x8000c380 (0xff9ff06f)
core   0: 0x8000c378 (0x00004f17) auipc   t5, 0x4
core   0: 3 0x8000c378 (0x00004f17) x30 0x80010378
core   0: 0x8000c37c (0xc83f2423) sw      gp, -888(t5)
core   0: 3 0x8000c37c (0xc83f2423) mem 0x80010000 0x00000001
core   0: 0x8000c380 (0xff9ff06f) j       pc - 0x8
core   0: 3 0x8000c380 (0xff9ff06f)
core   0: 0x8000c378 (0x00004f17) auipc   t5, 0x4
core   0: 3 0x8000c378 (0x00004f17) x30 0x80010378
core   0: 0x8000c37c (0xc83f2423) sw      gp, -888(t5)
core   0: 3 0x8000c37c (0xc83f2423) mem 0x80010000 0x00000001
core   0: 0x8000c380 (0xff9ff06f) j       pc - 0x8
core   0: 3 0x8000c380 (0xff9ff06f)
core   0: 0x8000c378 (0x00004f17) auipc   t5, 0x4
core   0: 3 0x8000c378 (0x00004f17) x30 0x80010378
core   0: 0x8000c37c (0xc83f2423) sw      gp, -888(t5)
core   0: 3 0x8000c37c (0xc83f2423) mem 0x80010000 0x00000001
core   0: 0x8000c380 (0xff9ff06f) j       pc - 0x8
core   0: 3 0x8000c380 (0xff9ff06f)
core   0: 0x8000c378 (0x00004f17) auipc   t5, 0x4
core   0: 3 0x8000c378 (0x00004f17) x30 0x80010378
core   0: 0x8000c37c (0xc83f2423) sw      gp, -888(t5)
core   0: 3 0x8000c37c (0xc83f2423) mem 0x80010000 0x00000001
core   0: 0x8000c380 (0xff9ff06f) j       pc - 0x8
core   0: 3 0x8000c380 (0xff9ff06f)
core   0: 0x8000c378 (0x00004f17) auipc   t5, 0x4
core   0: 3 0x8000c378 (0x00004f17) x30 0x80010378
core   0: 0x8000c37c (0xc83f2423) sw      gp, -888(t5)
core   0: 3 0x8000c37c (0xc83f2423) mem 0x80010000 0x00000001
core   0: 0x8000c380 (0xff9ff06f) j       pc - 0x8
core   0: 3 0x8000c380 (0xff9ff06f)
core   0: 0x8000c378 (0x00004f17) auipc   t5, 0x4
core   0: 3 0x8000c378 (0x00004f17) x30 0x80010378
core   0: 0x8000c37c (0xc83f2423) sw      gp, -888(t5)
core   0: 3 0x8000c37c (0xc83f2423) mem 0x80010000 0x00000001
core   0: 0x8000c380 (0xff9ff06f) j       pc - 0x8
core   0: 3 0x8000c380 (0xff9ff06f)
core   0: 0x8000c378 (0x00004f17) auipc   t5, 0x4
core   0: 3 0x8000c378 (0x00004f17) x30 0x80010378
core   0: 0x8000c37c (0xc83f2423) sw      gp, -888(t5)
core   0: 3 0x8000c37c (0xc83f2423) mem 0x80010000 0x00000001
core   0: 0x8000c380 (0xff9ff06f) j       pc - 0x8
core   0: 3 0x8000c380 (0xff9ff06f)
core   0: 0x8000c378 (0x00004f17) auipc   t5, 0x4
core   0: 3 0x8000c378 (0x00004f17) x30 0x80010378
core   0: 0x8000c37c (0xc83f2423) sw      gp, -888(t5)
core   0: 3 0x8000c37c (0xc83f2423) mem 0x80010000 0x00000001
core   0: 0x8000c380 (0xff9ff06f) j       pc - 0x8
core   0: 3 0x8000c380 (0xff9ff06f)
core   0: 0x8000c378 (0x00004f17) auipc   t5, 0x4
core   0: 3 0x8000c378 (0x00004f17) x30 0x80010378
core   0: 0x8000c37c (0xc83f2423) sw      gp, -888(t5)
core   0: 3 0x8000c37c (0xc83f2423) mem 0x80010000 0x00000001
core   0: 0x8000c380 (0xff9ff06f) j       pc - 0x8
core   0: 3 0x8000c380 (0xff9ff06f)
core   0: 0x8000c378 (0x00004f17) auipc   t5, 0x4
core   0: 3 0x8000c378 (0x00004f17) x30 0x80010378
core   0: 0x8000c37c (0xc83f2423) sw      gp, -888(t5)
core   0: 3 0x8000c37c (0xc83f2423) mem 0x80010000 0x00000001
core   0: 0x8000c380 (0xff9ff06f) j       pc - 0x8
core   0: 3 0x8000c380 (0xff9ff06f)
core   0: 0x8000c378 (0x00004f17) auipc   t5, 0x4
core   0: 3 0x8000c378 (0x00004f17) x30 0x80010378
core   0: 0x8000c37c (0xc83f2423) sw      gp, -888(t5)
core   0: 3 0x8000c37c (0xc83f2423) mem 0x80010000 0x00000001
core   0: 0x8000c380 (0xff9ff06f) j       pc - 0x8
core   0: 3 0x8000c380 (0xff9ff06f)
core   0: 0x8000c378 (0x00004f17) auipc   t5, 0x4
core   0: 3 0x8000c378 (0x00004f17) x30 0x80010378
core   0: 0x8000c37c (0xc83f2423) sw      gp, -888(t5)
core   0: 3 0x8000c37c (0xc83f2423) mem 0x80010000 0x00000001
core   0: 0x8000c380 (0xff9ff06f) j       pc - 0x8
core   0: 3 0x8000c380 (0xff9ff06f)
core   0: 0x8000c378 (0x00004f17) auipc   t5, 0x4
core   0: 3 0x8000c378 (0x00004f17) x30 0x80010378
core   0: 0x8000c37c (0xc83f2423) sw      gp, -888(t5)
core   0: 3 0x8000c37c (0xc83f2423) mem 0x80010000 0x00000001
core   0: 0x8000c380 (0xff9ff06f) j       pc - 0x8
core   0: 3 0x8000c380 (0xff9ff06f)
core   0: 0x8000c378 (0x00004f17) auipc   t5, 0x4
core   0: 3 0x8000c378 (0x00004f17) x30 0x80010378
core   0: 0x8000c37c (0xc83f2423) sw      gp, -888(t5)
core   0: 3 0x8000c37c (0xc83f2423) mem 0x80010000 0x00000001
core   0: 0x8000c380 (0xff9ff06f) j       pc - 0x8
core   0: 3 0x8000c380 (0xff9ff06f)
core   0: 0x8000c378 (0x00004f17) auipc   t5, 0x4
core   0: 3 0x8000c378 (0x00004f17) x30 0x80010378
core   0: 0x8000c37c (0xc83f2423) sw      gp, -888(t5)
core   0: 3 0x8000c37c (0xc83f2423) mem 0x80010000 0x00000001
core   0: 0x8000c380 (0xff9ff06f) j       pc - 0x8
core   0: 3 0x8000c380 (0xff9ff06f)
core   0: 0x8000c378 (0x00004f17) auipc   t5, 0x4
core   0: 3 0x8000c378 (0x00004f17) x30 0x80010378
core   0: 0x8000c37c (0xc83f2423) sw      gp, -888(t5)
core   0: 3 0x8000c37c (0xc83f2423) mem 0x80010000 0x00000001
core   0: 0x8000c380 (0xff9ff06f) j       pc - 0x8
core   0: 3 0x8000c380 (0xff9ff06f)
core   0: 0x8000c378 (0x00004f17) auipc   t5, 0x4
core   0: 3 0x8000c378 (0x00004f17) x30 0x80010378
core   0: 0x8000c37c (0xc83f2423) sw      gp, -888(t5)
core   0: 3 0x8000c37c (0xc83f2423) mem 0x80010000 0x00000001
core   0: 0x8000c380 (0xff9ff06f) j       pc - 0x8
core   0: 3 0x8000c380 (0xff9ff06f)
core   0: 0x8000c378 (0x00004f17) auipc   t5, 0x4
core   0: 3 0x8000c378 (0x00004f17) x30 0x80010378
core   0: 0x8000c37c (0xc83f2423) sw      gp, -888(t5)
core   0: 3 0x8000c37c (0xc83f2423) mem 0x80010000 0x00000001
core   0: 0x8000c380 (0xff9ff06f) j       pc - 0x8
core   0: 3 0x8000c380 (0xff9ff06f)
core   0: 0x8000c378 (0x00004f17) auipc   t5, 0x4
core   0: 3 0x8000c378 (0x00004f17) x30 0x80010378
core   0: 0x8000c37c (0xc83f2423) sw      gp, -888(t5)
core   0: 3 0x8000c37c (0xc83f2423) mem 0x80010000 0x00000001
core   0: 0x8000c380 (0xff9ff06f) j       pc - 0x8
core   0: 3 0x8000c380 (0xff9ff06f)
core   0: 0x8000c378 (0x00004f17) auipc   t5, 0x4
core   0: 3 0x8000c378 (0x00004f17) x30 0x80010378
core   0: 0x8000c37c (0xc83f2423) sw      gp, -888(t5)
core   0: 3 0x8000c37c (0xc83f2423) mem 0x80010000 0x00000001
core   0: 0x8000c380 (0xff9ff06f) j       pc - 0x8
core   0: 3 0x8000c380 (0xff9ff06f)
core   0: 0x8000c378 (0x00004f17) auipc   t5, 0x4
core   0: 3 0x8000c378 (0x00004f17) x30 0x80010378
core   0: 0x8000c37c (0xc83f2423) sw      gp, -888(t5)
core   0: 3 0x8000c37c (0xc83f2423) mem 0x80010000 0x00000001
core   0: 0x8000c380 (0xff9ff06f) j       pc - 0x8
core   0: 3 0x8000c380 (0xff9ff06f)
core   0: 0x8000c378 (0x00004f17) auipc   t5, 0x4
core   0: 3 0x8000c378 (0x00004f17) x30 0x80010378
core   0: 0x8000c37c (0xc83f2423) sw      gp, -888(t5)
core   0: 3 0x8000c37c (0xc83f2423) mem 0x80010000 0x00000001
core   0: 0x8000c380 (0xff9ff06f) j       pc - 0x8
core   0: 3 0x8000c380 (0xff9ff06f)
core   0: 0x8000c378 (0x00004f17) auipc   t5, 0x4
core   0: 3 0x8000c378 (0x00004f17) x30 0x80010378
core   0: 0x8000c37c (0xc83f2423) sw      gp, -888(t5)
core   0: 3 0x8000c37c (0xc83f2423) mem 0x80010000 0x00000001
core   0: 0x8000c380 (0xff9ff06f) j       pc - 0x8
core   0: 3 0x8000c380 (0xff9ff06f)
core   0: 0x8000c378 (0x00004f17) auipc   t5, 0x4
core   0: 3 0x8000c378 (0x00004f17) x30 0x80010378
core   0: 0x8000c37c (0xc83f2423) sw      gp, -888(t5)
core   0: 3 0x8000c37c (0xc83f2423) mem 0x80010000 0x00000001
core   0: 0x8000c380 (0xff9ff06f) j       pc - 0x8
core   0: 3 0x8000c380 (0xff9ff06f)
core   0: 0x8000c378 (0x00004f17) auipc   t5, 0x4
core   0: 3 0x8000c378 (0x00004f17) x30 0x80010378
core   0: 0x8000c37c (0xc83f2423) sw      gp, -888(t5)
core   0: 3 0x8000c37c (0xc83f2423) mem 0x80010000 0x00000001
core   0: 0x8000c380 (0xff9ff06f) j       pc - 0x8
core   0: 3 0x8000c380 (0xff9ff06f)
core   0: 0x8000c378 (0x00004f17) auipc   t5, 0x4
core   0: 3 0x8000c378 (0x00004f17) x30 0x80010378
core   0: 0x8000c37c (0xc83f2423) sw      gp, -888(t5)
core   0: 3 0x8000c37c (0xc83f2423) mem 0x80010000 0x00000001
core   0: 0x8000c380 (0xff9ff06f) j       pc - 0x8
core   0: 3 0x8000c380 (0xff9ff06f)
core   0: 0x8000c378 (0x00004f17) auipc   t5, 0x4
core   0: 3 0x8000c378 (0x00004f17) x30 0x80010378
core   0: 0x8000c37c (0xc83f2423) sw      gp, -888(t5)
core   0: 3 0x8000c37c (0xc83f2423) mem 0x80010000 0x00000001
core   0: 0x8000c380 (0xff9ff06f) j       pc - 0x8
core   0: 3 0x8000c380 (0xff9ff06f)
core   0: 0x8000c378 (0x00004f17) auipc   t5, 0x4
core   0: 3 0x8000c378 (0x00004f17) x30 0x80010378
core   0: 0x8000c37c (0xc83f2423) sw      gp, -888(t5)
core   0: 3 0x8000c37c (0xc83f2423) mem 0x80010000 0x00000001
core   0: 0x8000c380 (0xff9ff06f) j       pc - 0x8
core   0: 3 0x8000c380 (0xff9ff06f)
core   0: 0x8000c378 (0x00004f17) auipc   t5, 0x4
core   0: 3 0x8000c378 (0x00004f17) x30 0x80010378
core   0: 0x8000c37c (0xc83f2423) sw      gp, -888(t5)
core   0: 3 0x8000c37c (0xc83f2423) mem 0x80010000 0x00000001
core   0: 0x8000c380 (0xff9ff06f) j       pc - 0x8
core   0: 3 0x8000c380 (0xff9ff06f)
core   0: 0x8000c378 (0x00004f17) auipc   t5, 0x4
core   0: 3 0x8000c378 (0x00004f17) x30 0x80010378
core   0: 0x8000c37c (0xc83f2423) sw      gp, -888(t5)
core   0: 3 0x8000c37c (0xc83f2423) mem 0x80010000 0x00000001
core   0: 0x8000c380 (0xff9ff06f) j       pc - 0x8
core   0: 3 0x8000c380 (0xff9ff06f)
core   0: 0x8000c378 (0x00004f17) auipc   t5, 0x4
core   0: 3 0x8000c378 (0x00004f17) x30 0x80010378
core   0: 0x8000c37c (0xc83f2423) sw      gp, -888(t5)
core   0: 3 0x8000c37c (0xc83f2423) mem 0x80010000 0x00000001
core   0: 0x8000c380 (0xff9ff06f) j       pc - 0x8
core   0: 3 0x8000c380 (0xff9ff06f)
core   0: 0x8000c378 (0x00004f17) auipc   t5, 0x4
core   0: 3 0x8000c378 (0x00004f17) x30 0x80010378
core   0: 0x8000c37c (0xc83f2423) sw      gp, -888(t5)
core   0: 3 0x8000c37c (0xc83f2423) mem 0x80010000 0x00000001
core   0: 0x8000c380 (0xff9ff06f) j       pc - 0x8
core   0: 3 0x8000c380 (0xff9ff06f)
core   0: 0x8000c378 (0x00004f17) auipc   t5, 0x4
core   0: 3 0x8000c378 (0x00004f17) x30 0x80010378
core   0: 0x8000c37c (0xc83f2423) sw      gp, -888(t5)
core   0: 3 0x8000c37c (0xc83f2423) mem 0x80010000 0x00000001
core   0: 0x8000c380 (0xff9ff06f) j       pc - 0x8
core   0: 3 0x8000c380 (0xff9ff06f)
core   0: 0x8000c378 (0x00004f17) auipc   t5, 0x4
core   0: 3 0x8000c378 (0x00004f17) x30 0x80010378
core   0: 0x8000c37c (0xc83f2423) sw      gp, -888(t5)
core   0: 3 0x8000c37c (0xc83f2423) mem 0x80010000 0x00000001
core   0: 0x8000c380 (0xff9ff06f) j       pc - 0x8
core   0: 3 0x8000c380 (0xff9ff06f)
core   0: 0x8000c378 (0x00004f17) auipc   t5, 0x4
core   0: 3 0x8000c378 (0x00004f17) x30 0x80010378
core   0: 0x8000c37c (0xc83f2423) sw      gp, -888(t5)
core   0: 3 0x8000c37c (0xc83f2423) mem 0x80010000 0x00000001
core   0: 0x8000c380 (0xff9ff06f) j       pc - 0x8
core   0: 3 0x8000c380 (0xff9ff06f)
core   0: 0x8000c378 (0x00004f17) auipc   t5, 0x4
core   0: 3 0x8000c378 (0x00004f17) x30 0x80010378
core   0: 0x8000c37c (0xc83f2423) sw      gp, -888(t5)
core   0: 3 0x8000c37c (0xc83f2423) mem 0x80010000 0x00000001
core   0: 0x8000c380 (0xff9ff06f) j       pc - 0x8
core   0: 3 0x8000c380 (0xff9ff06f)
core   0: 0x8000c378 (0x00004f17) auipc   t5, 0x4
core   0: 3 0x8000c378 (0x00004f17) x30 0x80010378
core   0: 0x8000c37c (0xc83f2423) sw      gp, -888(t5)
core   0: 3 0x8000c37c (0xc83f2423) mem 0x80010000 0x00000001
core   0: 0x8000c380 (0xff9ff06f) j       pc - 0x8
core   0: 3 0x8000c380 (0xff9ff06f)
core   0: 0x8000c378 (0x00004f17) auipc   t5, 0x4
core   0: 3 0x8000c378 (0x00004f17) x30 0x80010378
core   0: 0x8000c37c (0xc83f2423) sw      gp, -888(t5)
core   0: 3 0x8000c37c (0xc83f2423) mem 0x80010000 0x00000001
core   0: 0x8000c380 (0xff9ff06f) j       pc - 0x8
core   0: 3 0x8000c380 (0xff9ff06f)
core   0: 0x8000c378 (0x00004f17) auipc   t5, 0x4
core   0: 3 0x8000c378 (0x00004f17) x30 0x80010378
core   0: 0x8000c37c (0xc83f2423) sw      gp, -888(t5)
core   0: 3 0x8000c37c (0xc83f2423) mem 0x80010000 0x00000001
core   0: 0x8000c380 (0xff9ff06f) j       pc - 0x8
core   0: 3 0x8000c380 (0xff9ff06f)
core   0: 0x8000c378 (0x00004f17) auipc   t5, 0x4
core   0: 3 0x8000c378 (0x00004f17) x30 0x80010378
core   0: 0x8000c37c (0xc83f2423) sw      gp, -888(t5)
core   0: 3 0x8000c37c (0xc83f2423) mem 0x80010000 0x00000001
core   0: 0x8000c380 (0xff9ff06f) j       pc - 0x8
core   0: 3 0x8000c380 (0xff9ff06f)
core   0: 0x8000c378 (0x00004f17) auipc   t5, 0x4
core   0: 3 0x8000c378 (0x00004f17) x30 0x80010378
core   0: 0x8000c37c (0xc83f2423) sw      gp, -888(t5)
core   0: 3 0x8000c37c (0xc83f2423) mem 0x80010000 0x00000001
core   0: 0x8000c380 (0xff9ff06f) j       pc - 0x8
core   0: 3 0x8000c380 (0xff9ff06f)
core   0: 0x8000c378 (0x00004f17) auipc   t5, 0x4
core   0: 3 0x8000c378 (0x00004f17) x30 0x80010378
core   0: 0x8000c37c (0xc83f2423) sw      gp, -888(t5)
core   0: 3 0x8000c37c (0xc83f2423) mem 0x80010000 0x00000001
core   0: 0x8000c380 (0xff9ff06f) j       pc - 0x8
core   0: 3 0x8000c380 (0xff9ff06f)
core   0: 0x8000c378 (0x00004f17) auipc   t5, 0x4
core   0: 3 0x8000c378 (0x00004f17) x30 0x80010378
core   0: 0x8000c37c (0xc83f2423) sw      gp, -888(t5)
core   0: 3 0x8000c37c (0xc83f2423) mem 0x80010000 0x00000001
core   0: 0x8000c380 (0xff9ff06f) j       pc - 0x8
core   0: 3 0x8000c380 (0xff9ff06f)
core   0: 0x8000c378 (0x00004f17) auipc   t5, 0x4
core   0: 3 0x8000c378 (0x00004f17) x30 0x80010378
core   0: 0x8000c37c (0xc83f2423) sw      gp, -888(t5)
core   0: 3 0x8000c37c (0xc83f2423) mem 0x80010000 0x00000001
core   0: 0x8000c380 (0xff9ff06f) j       pc - 0x8
core   0: 3 0x8000c380 (0xff9ff06f)
core   0: 0x8000c378 (0x00004f17) auipc   t5, 0x4
core   0: 3 0x8000c378 (0x00004f17) x30 0x80010378
core   0: 0x8000c37c (0xc83f2423) sw      gp, -888(t5)
core   0: 3 0x8000c37c (0xc83f2423) mem 0x80010000 0x00000001
core   0: 0x8000c380 (0xff9ff06f) j       pc - 0x8
core   0: 3 0x8000c380 (0xff9ff06f)
core   0: 0x8000c378 (0x00004f17) auipc   t5, 0x4
core   0: 3 0x8000c378 (0x00004f17) x30 0x80010378
core   0: 0x8000c37c (0xc83f2423) sw      gp, -888(t5)
core   0: 3 0x8000c37c (0xc83f2423) mem 0x80010000 0x00000001
core   0: 0x8000c380 (0xff9ff06f) j       pc - 0x8
core   0: 3 0x8000c380 (0xff9ff06f)
core   0: 0x8000c378 (0x00004f17) auipc   t5, 0x4
core   0: 3 0x8000c378 (0x00004f17) x30 0x80010378
core   0: 0x8000c37c (0xc83f2423) sw      gp, -888(t5)
core   0: 3 0x8000c37c (0xc83f2423) mem 0x80010000 0x00000001
core   0: 0x8000c380 (0xff9ff06f) j       pc - 0x8
core   0: 3 0x8000c380 (0xff9ff06f)
core   0: 0x8000c378 (0x00004f17) auipc   t5, 0x4
core   0: 3 0x8000c378 (0x00004f17) x30 0x80010378
core   0: 0x8000c37c (0xc83f2423) sw      gp, -888(t5)
core   0: 3 0x8000c37c (0xc83f2423) mem 0x80010000 0x00000001
core   0: 0x8000c380 (0xff9ff06f) j       pc - 0x8
core   0: 3 0x8000c380 (0xff9ff06f)
core   0: 0x8000c378 (0x00004f17) auipc   t5, 0x4
core   0: 3 0x8000c378 (0x00004f17) x30 0x80010378
core   0: 0x8000c37c (0xc83f2423) sw      gp, -888(t5)
core   0: 3 0x8000c37c (0xc83f2423) mem 0x80010000 0x00000001
core   0: 0x8000c380 (0xff9ff06f) j       pc - 0x8
core   0: 3 0x8000c380 (0xff9ff06f)
core   0: 0x8000c378 (0x00004f17) auipc   t5, 0x4
core   0: 3 0x8000c378 (0x00004f17) x30 0x80010378
core   0: 0x8000c37c (0xc83f2423) sw      gp, -888(t5)
core   0: 3 0x8000c37c (0xc83f2423) mem 0x80010000 0x00000001
core   0: 0x8000c380 (0xff9ff06f) j       pc - 0x8
core   0: 3 0x8000c380 (0xff9ff06f)
core   0: 0x8000c378 (0x00004f17) auipc   t5, 0x4
core   0: 3 0x8000c378 (0x00004f17) x30 0x80010378
core   0: 0x8000c37c (0xc83f2423) sw      gp, -888(t5)
core   0: 3 0x8000c37c (0xc83f2423) mem 0x80010000 0x00000001
core   0: 0x8000c380 (0xff9ff06f) j       pc - 0x8
core   0: 3 0x8000c380 (0xff9ff06f)
core   0: 0x8000c378 (0x00004f17) auipc   t5, 0x4
core   0: 3 0x8000c378 (0x00004f17) x30 0x80010378
core   0: 0x8000c37c (0xc83f2423) sw      gp, -888(t5)
core   0: 3 0x8000c37c (0xc83f2423) mem 0x80010000 0x00000001
core   0: 0x8000c380 (0xff9ff06f) j       pc - 0x8
core   0: 3 0x8000c380 (0xff9ff06f)
core   0: 0x8000c378 (0x00004f17) auipc   t5, 0x4
core   0: 3 0x8000c378 (0x00004f17) x30 0x80010378
core   0: 0x8000c37c (0xc83f2423) sw      gp, -888(t5)
core   0: 3 0x8000c37c (0xc83f2423) mem 0x80010000 0x00000001
core   0: 0x8000c380 (0xff9ff06f) j       pc - 0x8
core   0: 3 0x8000c380 (0xff9ff06f)
core   0: 0x8000c378 (0x00004f17) auipc   t5, 0x4
core   0: 3 0x8000c378 (0x00004f17) x30 0x80010378
core   0: 0x8000c37c (0xc83f2423) sw      gp, -888(t5)
core   0: 3 0x8000c37c (0xc83f2423) mem 0x80010000 0x00000001
core   0: 0x8000c380 (0xff9ff06f) j       pc - 0x8
core   0: 3 0x8000c380 (0xff9ff06f)
core   0: 0x8000c378 (0x00004f17) auipc   t5, 0x4
core   0: 3 0x8000c378 (0x00004f17) x30 0x80010378
core   0: 0x8000c37c (0xc83f2423) sw      gp, -888(t5)
core   0: 3 0x8000c37c (0xc83f2423) mem 0x80010000 0x00000001
core   0: 0x8000c380 (0xff9ff06f) j       pc - 0x8
core   0: 3 0x8000c380 (0xff9ff06f)
core   0: 0x8000c378 (0x00004f17) auipc   t5, 0x4
core   0: 3 0x8000c378 (0x00004f17) x30 0x80010378
core   0: 0x8000c37c (0xc83f2423) sw      gp, -888(t5)
core   0: 3 0x8000c37c (0xc83f2423) mem 0x80010000 0x00000001
core   0: 0x8000c380 (0xff9ff06f) j       pc - 0x8
core   0: 3 0x8000c380 (0xff9ff06f)
core   0: 0x8000c378 (0x00004f17) auipc   t5, 0x4
core   0: 3 0x8000c378 (0x00004f17) x30 0x80010378
core   0: 0x8000c37c (0xc83f2423) sw      gp, -888(t5)
core   0: 3 0x8000c37c (0xc83f2423) mem 0x80010000 0x00000001
core   0: 0x8000c380 (0xff9ff06f) j       pc - 0x8
core   0: 3 0x8000c380 (0xff9ff06f)
core   0: 0x8000c378 (0x00004f17) auipc   t5, 0x4
core   0: 3 0x8000c378 (0x00004f17) x30 0x80010378
core   0: 0x8000c37c (0xc83f2423) sw      gp, -888(t5)
core   0: 3 0x8000c37c (0xc83f2423) mem 0x80010000 0x00000001
core   0: 0x8000c380 (0xff9ff06f) j       pc - 0x8
core   0: 3 0x8000c380 (0xff9ff06f)
core   0: 0x8000c378 (0x00004f17) auipc   t5, 0x4
core   0: 3 0x8000c378 (0x00004f17) x30 0x80010378
core   0: 0x8000c37c (0xc83f2423) sw      gp, -888(t5)
core   0: 3 0x8000c37c (0xc83f2423) mem 0x80010000 0x00000001
core   0: 0x8000c380 (0xff9ff06f) j       pc - 0x8
core   0: 3 0x8000c380 (0xff9ff06f)
core   0: 0x8000c378 (0x00004f17) auipc   t5, 0x4
core   0: 3 0x8000c378 (0x00004f17) x30 0x80010378
core   0: 0x8000c37c (0xc83f2423) sw      gp, -888(t5)
core   0: 3 0x8000c37c (0xc83f2423) mem 0x80010000 0x00000001
core   0: 0x8000c380 (0xff9ff06f) j       pc - 0x8
core   0: 3 0x8000c380 (0xff9ff06f)
core   0: 0x8000c378 (0x00004f17) auipc   t5, 0x4
core   0: 3 0x8000c378 (0x00004f17) x30 0x80010378
core   0: 0x8000c37c (0xc83f2423) sw      gp, -888(t5)
core   0: 3 0x8000c37c (0xc83f2423) mem 0x80010000 0x00000001
core   0: 0x8000c380 (0xff9ff06f) j       pc - 0x8
core   0: 3 0x8000c380 (0xff9ff06f)
core   0: 0x8000c378 (0x00004f17) auipc   t5, 0x4
core   0: 3 0x8000c378 (0x00004f17) x30 0x80010378
core   0: 0x8000c37c (0xc83f2423) sw      gp, -888(t5)
core   0: 3 0x8000c37c (0xc83f2423) mem 0x80010000 0x00000001
core   0: 0x8000c380 (0xff9ff06f) j       pc - 0x8
core   0: 3 0x8000c380 (0xff9ff06f)
core   0: 0x8000c378 (0x00004f17) auipc   t5, 0x4
core   0: 3 0x8000c378 (0x00004f17) x30 0x80010378
core   0: 0x8000c37c (0xc83f2423) sw      gp, -888(t5)
core   0: 3 0x8000c37c (0xc83f2423) mem 0x80010000 0x00000001
core   0: 0x8000c380 (0xff9ff06f) j       pc - 0x8
core   0: 3 0x8000c380 (0xff9ff06f)
core   0: 0x8000c378 (0x00004f17) auipc   t5, 0x4
core   0: 3 0x8000c378 (0x00004f17) x30 0x80010378
core   0: 0x8000c37c (0xc83f2423) sw      gp, -888(t5)
core   0: 3 0x8000c37c (0xc83f2423) mem 0x80010000 0x00000001
core   0: 0x8000c380 (0xff9ff06f) j       pc - 0x8
core   0: 3 0x8000c380 (0xff9ff06f)
core   0: 0x8000c378 (0x00004f17) auipc   t5, 0x4
core   0: 3 0x8000c378 (0x00004f17) x30 0x80010378
core   0: 0x8000c37c (0xc83f2423) sw      gp, -888(t5)
core   0: 3 0x8000c37c (0xc83f2423) mem 0x80010000 0x00000001
core   0: 0x8000c380 (0xff9ff06f) j       pc - 0x8
core   0: 3 0x8000c380 (0xff9ff06f)
core   0: 0x8000c378 (0x00004f17) auipc   t5, 0x4
core   0: 3 0x8000c378 (0x00004f17) x30 0x80010378
core   0: 0x8000c37c (0xc83f2423) sw      gp, -888(t5)
core   0: 3 0x8000c37c (0xc83f2423) mem 0x80010000 0x00000001
core   0: 0x8000c380 (0xff9ff06f) j       pc - 0x8
core   0: 3 0x8000c380 (0xff9ff06f)
core   0: 0x8000c378 (0x00004f17) auipc   t5, 0x4
core   0: 3 0x8000c378 (0x00004f17) x30 0x80010378
core   0: 0x8000c37c (0xc83f2423) sw      gp, -888(t5)
core   0: 3 0x8000c37c (0xc83f2423) mem 0x80010000 0x00000001
core   0: 0x8000c380 (0xff9ff06f) j       pc - 0x8
core   0: 3 0x8000c380 (0xff9ff06f)
core   0: 0x8000c378 (0x00004f17) auipc   t5, 0x4
core   0: 3 0x8000c378 (0x00004f17) x30 0x80010378
core   0: 0x8000c37c (0xc83f2423) sw      gp, -888(t5)
core   0: 3 0x8000c37c (0xc83f2423) mem 0x80010000 0x00000001
core   0: 0x8000c380 (0xff9ff06f) j       pc - 0x8
core   0: 3 0x8000c380 (0xff9ff06f)
core   0: 0x8000c378 (0x00004f17) auipc   t5, 0x4
core   0: 3 0x8000c378 (0x00004f17) x30 0x80010378
core   0: 0x8000c37c (0xc83f2423) sw      gp, -888(t5)
core   0: 3 0x8000c37c (0xc83f2423) mem 0x80010000 0x00000001
core   0: 0x8000c380 (0xff9ff06f) j       pc - 0x8
core   0: 3 0x8000c380 (0xff9ff06f)
core   0: 0x8000c378 (0x00004f17) auipc   t5, 0x4
core   0: 3 0x8000c378 (0x00004f17) x30 0x80010378
core   0: 0x8000c37c (0xc83f2423) sw      gp, -888(t5)
core   0: 3 0x8000c37c (0xc83f2423) mem 0x80010000 0x00000001
core   0: 0x8000c380 (0xff9ff06f) j       pc - 0x8
core   0: 3 0x8000c380 (0xff9ff06f)
core   0: 0x8000c378 (0x00004f17) auipc   t5, 0x4
core   0: 3 0x8000c378 (0x00004f17) x30 0x80010378
core   0: 0x8000c37c (0xc83f2423) sw      gp, -888(t5)
core   0: 3 0x8000c37c (0xc83f2423) mem 0x80010000 0x00000001
core   0: 0x8000c380 (0xff9ff06f) j       pc - 0x8
core   0: 3 0x8000c380 (0xff9ff06f)
core   0: 0x8000c378 (0x00004f17) auipc   t5, 0x4
core   0: 3 0x8000c378 (0x00004f17) x30 0x80010378
core   0: 0x8000c37c (0xc83f2423) sw      gp, -888(t5)
core   0: 3 0x8000c37c (0xc83f2423) mem 0x80010000 0x00000001
core   0: 0x8000c380 (0xff9ff06f) j       pc - 0x8
core   0: 3 0x8000c380 (0xff9ff06f)
core   0: 0x8000c378 (0x00004f17) auipc   t5, 0x4
core   0: 3 0x8000c378 (0x00004f17) x30 0x80010378
core   0: 0x8000c37c (0xc83f2423) sw      gp, -888(t5)
core   0: 3 0x8000c37c (0xc83f2423) mem 0x80010000 0x00000001
core   0: 0x8000c380 (0xff9ff06f) j       pc - 0x8
core   0: 3 0x8000c380 (0xff9ff06f)
core   0: 0x8000c378 (0x00004f17) auipc   t5, 0x4
core   0: 3 0x8000c378 (0x00004f17) x30 0x80010378
core   0: 0x8000c37c (0xc83f2423) sw      gp, -888(t5)
core   0: 3 0x8000c37c (0xc83f2423) mem 0x80010000 0x00000001
core   0: 0x8000c380 (0xff9ff06f) j       pc - 0x8
core   0: 3 0x8000c380 (0xff9ff06f)
core   0: 0x8000c378 (0x00004f17) auipc   t5, 0x4
core   0: 3 0x8000c378 (0x00004f17) x30 0x80010378
core   0: 0x8000c37c (0xc83f2423) sw      gp, -888(t5)
core   0: 3 0x8000c37c (0xc83f2423) mem 0x80010000 0x00000001
core   0: 0x8000c380 (0xff9ff06f) j       pc - 0x8
core   0: 3 0x8000c380 (0xff9ff06f)
core   0: 0x8000c378 (0x00004f17) auipc   t5, 0x4
core   0: 3 0x8000c378 (0x00004f17) x30 0x80010378
core   0: 0x8000c37c (0xc83f2423) sw      gp, -888(t5)
core   0: 3 0x8000c37c (0xc83f2423) mem 0x80010000 0x00000001
core   0: 0x8000c380 (0xff9ff06f) j       pc - 0x8
core   0: 3 0x8000c380 (0xff9ff06f)
core   0: 0x8000c378 (0x00004f17) auipc   t5, 0x4
core   0: 3 0x8000c378 (0x00004f17) x30 0x80010378
core   0: 0x8000c37c (0xc83f2423) sw      gp, -888(t5)
core   0: 3 0x8000c37c (0xc83f2423) mem 0x80010000 0x00000001
core   0: 0x8000c380 (0xff9ff06f) j       pc - 0x8
core   0: 3 0x8000c380 (0xff9ff06f)
core   0: 0x8000c378 (0x00004f17) auipc   t5, 0x4
core   0: 3 0x8000c378 (0x00004f17) x30 0x80010378
core   0: 0x8000c37c (0xc83f2423) sw      gp, -888(t5)
core   0: 3 0x8000c37c (0xc83f2423) mem 0x80010000 0x00000001
core   0: 0x8000c380 (0xff9ff06f) j       pc - 0x8
core   0: 3 0x8000c380 (0xff9ff06f)
core   0: 0x8000c378 (0x00004f17) auipc   t5, 0x4
core   0: 3 0x8000c378 (0x00004f17) x30 0x80010378
core   0: 0x8000c37c (0xc83f2423) sw      gp, -888(t5)
core   0: 3 0x8000c37c (0xc83f2423) mem 0x80010000 0x00000001
core   0: 0x8000c380 (0xff9ff06f) j       pc - 0x8
core   0: 3 0x8000c380 (0xff9ff06f)
core   0: 0x8000c378 (0x00004f17) auipc   t5, 0x4
core   0: 3 0x8000c378 (0x00004f17) x30 0x80010378
core   0: 0x8000c37c (0xc83f2423) sw      gp, -888(t5)
core   0: 3 0x8000c37c (0xc83f2423) mem 0x80010000 0x00000001
core   0: 0x8000c380 (0xff9ff06f) j       pc - 0x8
core   0: 3 0x8000c380 (0xff9ff06f)
core   0: 0x8000c378 (0x00004f17) auipc   t5, 0x4
core   0: 3 0x8000c378 (0x00004f17) x30 0x80010378
core   0: 0x8000c37c (0xc83f2423) sw      gp, -888(t5)
core   0: 3 0x8000c37c (0xc83f2423) mem 0x80010000 0x00000001
core   0: 0x8000c380 (0xff9ff06f) j       pc - 0x8
core   0: 3 0x8000c380 (0xff9ff06f)
core   0: 0x8000c378 (0x00004f17) auipc   t5, 0x4
core   0: 3 0x8000c378 (0x00004f17) x30 0x80010378
core   0: 0x8000c37c (0xc83f2423) sw      gp, -888(t5)
core   0: 3 0x8000c37c (0xc83f2423) mem 0x80010000 0x00000001
core   0: 0x8000c380 (0xff9ff06f) j       pc - 0x8
core   0: 3 0x8000c380 (0xff9ff06f)
core   0: 0x8000c378 (0x00004f17) auipc   t5, 0x4
core   0: 3 0x8000c378 (0x00004f17) x30 0x80010378
core   0: 0x8000c37c (0xc83f2423) sw      gp, -888(t5)
core   0: 3 0x8000c37c (0xc83f2423) mem 0x80010000 0x00000001
core   0: 0x8000c380 (0xff9ff06f) j       pc - 0x8
core   0: 3 0x8000c380 (0xff9ff06f)
core   0: 0x8000c378 (0x00004f17) auipc   t5, 0x4
core   0: 3 0x8000c378 (0x00004f17) x30 0x80010378
core   0: 0x8000c37c (0xc83f2423) sw      gp, -888(t5)
core   0: 3 0x8000c37c (0xc83f2423) mem 0x80010000 0x00000001
core   0: 0x8000c380 (0xff9ff06f) j       pc - 0x8
core   0: 3 0x8000c380 (0xff9ff06f)
core   0: 0x8000c378 (0x00004f17) auipc   t5, 0x4
core   0: 3 0x8000c378 (0x00004f17) x30 0x80010378
core   0: 0x8000c37c (0xc83f2423) sw      gp, -888(t5)
core   0: 3 0x8000c37c (0xc83f2423) mem 0x80010000 0x00000001
core   0: 0x8000c380 (0xff9ff06f) j       pc - 0x8
core   0: 3 0x8000c380 (0xff9ff06f)
core   0: 0x8000c378 (0x00004f17) auipc   t5, 0x4
core   0: 3 0x8000c378 (0x00004f17) x30 0x80010378
core   0: 0x8000c37c (0xc83f2423) sw      gp, -888(t5)
core   0: 3 0x8000c37c (0xc83f2423) mem 0x80010000 0x00000001
core   0: 0x8000c380 (0xff9ff06f) j       pc - 0x8
core   0: 3 0x8000c380 (0xff9ff06f)
core   0: 0x8000c378 (0x00004f17) auipc   t5, 0x4
core   0: 3 0x8000c378 (0x00004f17) x30 0x80010378
core   0: 0x8000c37c (0xc83f2423) sw      gp, -888(t5)
core   0: 3 0x8000c37c (0xc83f2423) mem 0x80010000 0x00000001
core   0: 0x8000c380 (0xff9ff06f) j       pc - 0x8
core   0: 3 0x8000c380 (0xff9ff06f)
core   0: 0x8000c378 (0x00004f17) auipc   t5, 0x4
core   0: 3 0x8000c378 (0x00004f17) x30 0x80010378
core   0: 0x8000c37c (0xc83f2423) sw      gp, -888(t5)
core   0: 3 0x8000c37c (0xc83f2423) mem 0x80010000 0x00000001
core   0: 0x8000c380 (0xff9ff06f) j       pc - 0x8
core   0: 3 0x8000c380 (0xff9ff06f)
core   0: 0x8000c378 (0x00004f17) auipc   t5, 0x4
core   0: 3 0x8000c378 (0x00004f17) x30 0x80010378
core   0: 0x8000c37c (0xc83f2423) sw      gp, -888(t5)
core   0: 3 0x8000c37c (0xc83f2423) mem 0x80010000 0x00000001
core   0: 0x8000c380 (0xff9ff06f) j       pc - 0x8
core   0: 3 0x8000c380 (0xff9ff06f)
core   0: 0x8000c378 (0x00004f17) auipc   t5, 0x4
core   0: 3 0x8000c378 (0x00004f17) x30 0x80010378
core   0: 0x8000c37c (0xc83f2423) sw      gp, -888(t5)
core   0: 3 0x8000c37c (0xc83f2423) mem 0x80010000 0x00000001
core   0: 0x8000c380 (0xff9ff06f) j       pc - 0x8
core   0: 3 0x8000c380 (0xff9ff06f)
core   0: 0x8000c378 (0x00004f17) auipc   t5, 0x4
core   0: 3 0x8000c378 (0x00004f17) x30 0x80010378
core   0: 0x8000c37c (0xc83f2423) sw      gp, -888(t5)
core   0: 3 0x8000c37c (0xc83f2423) mem 0x80010000 0x00000001
core   0: 0x8000c380 (0xff9ff06f) j       pc - 0x8
core   0: 3 0x8000c380 (0xff9ff06f)
core   0: 0x8000c378 (0x00004f17) auipc   t5, 0x4
core   0: 3 0x8000c378 (0x00004f17) x30 0x80010378
core   0: 0x8000c37c (0xc83f2423) sw      gp, -888(t5)
core   0: 3 0x8000c37c (0xc83f2423) mem 0x80010000 0x00000001
core   0: 0x8000c380 (0xff9ff06f) j       pc - 0x8
core   0: 3 0x8000c380 (0xff9ff06f)
core   0: 0x8000c378 (0x00004f17) auipc   t5, 0x4
core   0: 3 0x8000c378 (0x00004f17) x30 0x80010378
core   0: 0x8000c37c (0xc83f2423) sw      gp, -888(t5)
core   0: 3 0x8000c37c (0xc83f2423) mem 0x80010000 0x00000001
core   0: 0x8000c380 (0xff9ff06f) j       pc - 0x8
core   0: 3 0x8000c380 (0xff9ff06f)
core   0: 0x8000c378 (0x00004f17) auipc   t5, 0x4
core   0: 3 0x8000c378 (0x00004f17) x30 0x80010378
core   0: 0x8000c37c (0xc83f2423) sw      gp, -888(t5)
core   0: 3 0x8000c37c (0xc83f2423) mem 0x80010000 0x00000001
core   0: 0x8000c380 (0xff9ff06f) j       pc - 0x8
core   0: 3 0x8000c380 (0xff9ff06f)
core   0: 0x8000c378 (0x00004f17) auipc   t5, 0x4
core   0: 3 0x8000c378 (0x00004f17) x30 0x80010378
core   0: 0x8000c37c (0xc83f2423) sw      gp, -888(t5)
core   0: 3 0x8000c37c (0xc83f2423) mem 0x80010000 0x00000001
core   0: 0x8000c380 (0xff9ff06f) j       pc - 0x8
core   0: 3 0x8000c380 (0xff9ff06f)
core   0: 0x8000c378 (0x00004f17) auipc   t5, 0x4
core   0: 3 0x8000c378 (0x00004f17) x30 0x80010378
core   0: 0x8000c37c (0xc83f2423) sw      gp, -888(t5)
core   0: 3 0x8000c37c (0xc83f2423) mem 0x80010000 0x00000001
core   0: 0x8000c380 (0xff9ff06f) j       pc - 0x8
core   0: 3 0x8000c380 (0xff9ff06f)
core   0: 0x8000c378 (0x00004f17) auipc   t5, 0x4
core   0: 3 0x8000c378 (0x00004f17) x30 0x80010378
core   0: 0x8000c37c (0xc83f2423) sw      gp, -888(t5)
core   0: 3 0x8000c37c (0xc83f2423) mem 0x80010000 0x00000001
core   0: 0x8000c380 (0xff9ff06f) j       pc - 0x8
core   0: 3 0x8000c380 (0xff9ff06f)
core   0: 0x8000c378 (0x00004f17) auipc   t5, 0x4
core   0: 3 0x8000c378 (0x00004f17) x30 0x80010378
core   0: 0x8000c37c (0xc83f2423) sw      gp, -888(t5)
core   0: 3 0x8000c37c (0xc83f2423) mem 0x80010000 0x00000001
core   0: 0x8000c380 (0xff9ff06f) j       pc - 0x8
core   0: 3 0x8000c380 (0xff9ff06f)
core   0: 0x8000c378 (0x00004f17) auipc   t5, 0x4
core   0: 3 0x8000c378 (0x00004f17) x30 0x80010378
core   0: 0x8000c37c (0xc83f2423) sw      gp, -888(t5)
core   0: 3 0x8000c37c (0xc83f2423) mem 0x80010000 0x00000001
core   0: 0x8000c380 (0xff9ff06f) j       pc - 0x8
core   0: 3 0x8000c380 (0xff9ff06f)
core   0: 0x8000c378 (0x00004f17) auipc   t5, 0x4
core   0: 3 0x8000c378 (0x00004f17) x30 0x80010378
core   0: 0x8000c37c (0xc83f2423) sw      gp, -888(t5)
core   0: 3 0x8000c37c (0xc83f2423) mem 0x80010000 0x00000001
core   0: 0x8000c380 (0xff9ff06f) j       pc - 0x8
core   0: 3 0x8000c380 (0xff9ff06f)
core   0: 0x8000c378 (0x00004f17) auipc   t5, 0x4
core   0: 3 0x8000c378 (0x00004f17) x30 0x80010378
core   0: 0x8000c37c (0xc83f2423) sw      gp, -888(t5)
core   0: 3 0x8000c37c (0xc83f2423) mem 0x80010000 0x00000001
core   0: 0x8000c380 (0xff9ff06f) j       pc - 0x8
core   0: 3 0x8000c380 (0xff9ff06f)
core   0: 0x8000c378 (0x00004f17) auipc   t5, 0x4
core   0: 3 0x8000c378 (0x00004f17) x30 0x80010378
core   0: 0x8000c37c (0xc83f2423) sw      gp, -888(t5)
core   0: 3 0x8000c37c (0xc83f2423) mem 0x80010000 0x00000001
core   0: 0x8000c380 (0xff9ff06f) j       pc - 0x8
core   0: 3 0x8000c380 (0xff9ff06f)
core   0: 0x8000c378 (0x00004f17) auipc   t5, 0x4
core   0: 3 0x8000c378 (0x00004f17) x30 0x80010378
core   0: 0x8000c37c (0xc83f2423) sw      gp, -888(t5)
core   0: 3 0x8000c37c (0xc83f2423) mem 0x80010000 0x00000001
core   0: 0x8000c380 (0xff9ff06f) j       pc - 0x8
core   0: 3 0x8000c380 (0xff9ff06f)
core   0: 0x8000c378 (0x00004f17) auipc   t5, 0x4
core   0: 3 0x8000c378 (0x00004f17) x30 0x80010378
core   0: 0x8000c37c (0xc83f2423) sw      gp, -888(t5)
core   0: 3 0x8000c37c (0xc83f2423) mem 0x80010000 0x00000001
core   0: 0x8000c380 (0xff9ff06f) j       pc - 0x8
core   0: 3 0x8000c380 (0xff9ff06f)
core   0: 0x8000c378 (0x00004f17) auipc   t5, 0x4
core   0: 3 0x8000c378 (0x00004f17) x30 0x80010378
core   0: 0x8000c37c (0xc83f2423) sw      gp, -888(t5)
core   0: 3 0x8000c37c (0xc83f2423) mem 0x80010000 0x00000001
core   0: 0x8000c380 (0xff9ff06f) j       pc - 0x8
core   0: 3 0x8000c380 (0xff9ff06f)
core   0: 0x8000c378 (0x00004f17) auipc   t5, 0x4
core   0: 3 0x8000c378 (0x00004f17) x30 0x80010378
core   0: 0x8000c37c (0xc83f2423) sw      gp, -888(t5)
core   0: 3 0x8000c37c (0xc83f2423) mem 0x80010000 0x00000001
core   0: 0x8000c380 (0xff9ff06f) j       pc - 0x8
core   0: 3 0x8000c380 (0xff9ff06f)
core   0: 0x8000c378 (0x00004f17) auipc   t5, 0x4
core   0: 3 0x8000c378 (0x00004f17) x30 0x80010378
core   0: 0x8000c37c (0xc83f2423) sw      gp, -888(t5)
core   0: 3 0x8000c37c (0xc83f2423) mem 0x80010000 0x00000001
core   0: 0x8000c380 (0xff9ff06f) j       pc - 0x8
core   0: 3 0x8000c380 (0xff9ff06f)
core   0: 0x8000c378 (0x00004f17) auipc   t5, 0x4
core   0: 3 0x8000c378 (0x00004f17) x30 0x80010378
core   0: 0x8000c37c (0xc83f2423) sw      gp, -888(t5)
core   0: 3 0x8000c37c (0xc83f2423) mem 0x80010000 0x00000001
core   0: 0x8000c380 (0xff9ff06f) j       pc - 0x8
core   0: 3 0x8000c380 (0xff9ff06f)
core   0: 0x8000c378 (0x00004f17) auipc   t5, 0x4
core   0: 3 0x8000c378 (0x00004f17) x30 0x80010378
core   0: 0x8000c37c (0xc83f2423) sw      gp, -888(t5)
core   0: 3 0x8000c37c (0xc83f2423) mem 0x80010000 0x00000001
core   0: 0x8000c380 (0xff9ff06f) j       pc - 0x8
core   0: 3 0x8000c380 (0xff9ff06f)
core   0: 0x8000c378 (0x00004f17) auipc   t5, 0x4
core   0: 3 0x8000c378 (0x00004f17) x30 0x80010378
core   0: 0x8000c37c (0xc83f2423) sw      gp, -888(t5)
core   0: 3 0x8000c37c (0xc83f2423) mem 0x80010000 0x00000001
core   0: 0x8000c380 (0xff9ff06f) j       pc - 0x8
core   0: 3 0x8000c380 (0xff9ff06f)
core   0: 0x8000c378 (0x00004f17) auipc   t5, 0x4
core   0: 3 0x8000c378 (0x00004f17) x30 0x80010378
core   0: 0x8000c37c (0xc83f2423) sw      gp, -888(t5)
core   0: 3 0x8000c37c (0xc83f2423) mem 0x80010000 0x00000001
core   0: 0x8000c380 (0xff9ff06f) j       pc - 0x8
core   0: 3 0x8000c380 (0xff9ff06f)
core   0: 0x8000c378 (0x00004f17) auipc   t5, 0x4
core   0: 3 0x8000c378 (0x00004f17) x30 0x80010378
core   0: 0x8000c37c (0xc83f2423) sw      gp, -888(t5)
core   0: 3 0x8000c37c (0xc83f2423) mem 0x80010000 0x00000001
core   0: 0x8000c380 (0xff9ff06f) j       pc - 0x8
core   0: 3 0x8000c380 (0xff9ff06f)
core   0: 0x8000c378 (0x00004f17) auipc   t5, 0x4
core   0: 3 0x8000c378 (0x00004f17) x30 0x80010378
core   0: 0x8000c37c (0xc83f2423) sw      gp, -888(t5)
core   0: 3 0x8000c37c (0xc83f2423) mem 0x80010000 0x00000001
core   0: 0x8000c380 (0xff9ff06f) j       pc - 0x8
core   0: 3 0x8000c380 (0xff9ff06f)
core   0: 0x8000c378 (0x00004f17) auipc   t5, 0x4
core   0: 3 0x8000c378 (0x00004f17) x30 0x80010378
core   0: 0x8000c37c (0xc83f2423) sw      gp, -888(t5)
core   0: 3 0x8000c37c (0xc83f2423) mem 0x80010000 0x00000001
core   0: 0x8000c380 (0xff9ff06f) j       pc - 0x8
core   0: 3 0x8000c380 (0xff9ff06f)
core   0: 0x8000c378 (0x00004f17) auipc   t5, 0x4
core   0: 3 0x8000c378 (0x00004f17) x30 0x80010378
core   0: 0x8000c37c (0xc83f2423) sw      gp, -888(t5)
core   0: 3 0x8000c37c (0xc83f2423) mem 0x80010000 0x00000001
core   0: 0x8000c380 (0xff9ff06f) j       pc - 0x8
core   0: 3 0x8000c380 (0xff9ff06f)
core   0: 0x8000c378 (0x00004f17) auipc   t5, 0x4
core   0: 3 0x8000c378 (0x00004f17) x30 0x80010378
core   0: 0x8000c37c (0xc83f2423) sw      gp, -888(t5)
core   0: 3 0x8000c37c (0xc83f2423) mem 0x80010000 0x00000001
core   0: 0x8000c380 (0xff9ff06f) j       pc - 0x8
core   0: 3 0x8000c380 (0xff9ff06f)
core   0: 0x8000c378 (0x00004f17) auipc   t5, 0x4
core   0: 3 0x8000c378 (0x00004f17) x30 0x80010378
core   0: 0x8000c37c (0xc83f2423) sw      gp, -888(t5)
core   0: 3 0x8000c37c (0xc83f2423) mem 0x80010000 0x00000001
core   0: 0x8000c380 (0xff9ff06f) j       pc - 0x8
core   0: 3 0x8000c380 (0xff9ff06f)
core   0: 0x8000c378 (0x00004f17) auipc   t5, 0x4
core   0: 3 0x8000c378 (0x00004f17) x30 0x80010378
core   0: 0x8000c37c (0xc83f2423) sw      gp, -888(t5)
core   0: 3 0x8000c37c (0xc83f2423) mem 0x80010000 0x00000001
core   0: 0x8000c380 (0xff9ff06f) j       pc - 0x8
core   0: 3 0x8000c380 (0xff9ff06f)
core   0: 0x8000c378 (0x00004f17) auipc   t5, 0x4
core   0: 3 0x8000c378 (0x00004f17) x30 0x80010378
core   0: 0x8000c37c (0xc83f2423) sw      gp, -888(t5)
core   0: 3 0x8000c37c (0xc83f2423) mem 0x80010000 0x00000001
core   0: 0x8000c380 (0xff9ff06f) j       pc - 0x8
core   0: 3 0x8000c380 (0xff9ff06f)
core   0: 0x8000c378 (0x00004f17) auipc   t5, 0x4
core   0: 3 0x8000c378 (0x00004f17) x30 0x80010378
core   0: 0x8000c37c (0xc83f2423) sw      gp, -888(t5)
core   0: 3 0x8000c37c (0xc83f2423) mem 0x80010000 0x00000001
core   0: 0x8000c380 (0xff9ff06f) j       pc - 0x8
core   0: 3 0x8000c380 (0xff9ff06f)
core   0: 0x8000c378 (0x00004f17) auipc   t5, 0x4
core   0: 3 0x8000c378 (0x00004f17) x30 0x80010378
core   0: 0x8000c37c (0xc83f2423) sw      gp, -888(t5)
core   0: 3 0x8000c37c (0xc83f2423) mem 0x80010000 0x00000001
core   0: 0x8000c380 (0xff9ff06f) j       pc - 0x8
core   0: 3 0x8000c380 (0xff9ff06f)
core   0: 0x8000c378 (0x00004f17) auipc   t5, 0x4
core   0: 3 0x8000c378 (0x00004f17) x30 0x80010378
core   0: 0x8000c37c (0xc83f2423) sw      gp, -888(t5)
core   0: 3 0x8000c37c (0xc83f2423) mem 0x80010000 0x00000001
core   0: 0x8000c380 (0xff9ff06f) j       pc - 0x8
core   0: 3 0x8000c380 (0xff9ff06f)
core   0: 0x8000c378 (0x00004f17) auipc   t5, 0x4
core   0: 3 0x8000c378 (0x00004f17) x30 0x80010378
core   0: 0x8000c37c (0xc83f2423) sw      gp, -888(t5)
core   0: 3 0x8000c37c (0xc83f2423) mem 0x80010000 0x00000001
core   0: 0x8000c380 (0xff9ff06f) j       pc - 0x8
core   0: 3 0x8000c380 (0xff9ff06f)
core   0: 0x8000c378 (0x00004f17) auipc   t5, 0x4
core   0: 3 0x8000c378 (0x00004f17) x30 0x80010378
core   0: 0x8000c37c (0xc83f2423) sw      gp, -888(t5)
core   0: 3 0x8000c37c (0xc83f2423) mem 0x80010000 0x00000001
core   0: 0x8000c380 (0xff9ff06f) j       pc - 0x8
core   0: 3 0x8000c380 (0xff9ff06f)
core   0: 0x8000c378 (0x00004f17) auipc   t5, 0x4
core   0: 3 0x8000c378 (0x00004f17) x30 0x80010378
core   0: 0x8000c37c (0xc83f2423) sw      gp, -888(t5)
core   0: 3 0x8000c37c (0xc83f2423) mem 0x80010000 0x00000001
core   0: 0x8000c380 (0xff9ff06f) j       pc - 0x8
core   0: 3 0x8000c380 (0xff9ff06f)
core   0: 0x8000c378 (0x00004f17) auipc   t5, 0x4
core   0: 3 0x8000c378 (0x00004f17) x30 0x80010378
core   0: 0x8000c37c (0xc83f2423) sw      gp, -888(t5)
core   0: 3 0x8000c37c (0xc83f2423) mem 0x80010000 0x00000001
core   0: 0x8000c380 (0xff9ff06f) j       pc - 0x8
core   0: 3 0x8000c380 (0xff9ff06f)
core   0: 0x8000c378 (0x00004f17) auipc   t5, 0x4
core   0: 3 0x8000c378 (0x00004f17) x30 0x80010378
core   0: 0x8000c37c (0xc83f2423) sw      gp, -888(t5)
core   0: 3 0x8000c37c (0xc83f2423) mem 0x80010000 0x00000001
core   0: 0x8000c380 (0xff9ff06f) j       pc - 0x8
core   0: 3 0x8000c380 (0xff9ff06f)
core   0: 0x8000c378 (0x00004f17) auipc   t5, 0x4
core   0: 3 0x8000c378 (0x00004f17) x30 0x80010378
core   0: 0x8000c37c (0xc83f2423) sw      gp, -888(t5)
core   0: 3 0x8000c37c (0xc83f2423) mem 0x80010000 0x00000001
core   0: 0x8000c380 (0xff9ff06f) j       pc - 0x8
core   0: 3 0x8000c380 (0xff9ff06f)
core   0: 0x8000c378 (0x00004f17) auipc   t5, 0x4
core   0: 3 0x8000c378 (0x00004f17) x30 0x80010378
core   0: 0x8000c37c (0xc83f2423) sw      gp, -888(t5)
core   0: 3 0x8000c37c (0xc83f2423) mem 0x80010000 0x00000001
core   0: 0x8000c380 (0xff9ff06f) j       pc - 0x8
core   0: 3 0x8000c380 (0xff9ff06f)
core   0: 0x8000c378 (0x00004f17) auipc   t5, 0x4
core   0: 3 0x8000c378 (0x00004f17) x30 0x80010378
core   0: 0x8000c37c (0xc83f2423) sw      gp, -888(t5)
core   0: 3 0x8000c37c (0xc83f2423) mem 0x80010000 0x00000001
core   0: 0x8000c380 (0xff9ff06f) j       pc - 0x8
core   0: 3 0x8000c380 (0xff9ff06f)
core   0: 0x8000c378 (0x00004f17) auipc   t5, 0x4
core   0: 3 0x8000c378 (0x00004f17) x30 0x80010378
core   0: 0x8000c37c (0xc83f2423) sw      gp, -888(t5)
core   0: 3 0x8000c37c (0xc83f2423) mem 0x80010000 0x00000001
core   0: 0x8000c380 (0xff9ff06f) j       pc - 0x8
core   0: 3 0x8000c380 (0xff9ff06f)
core   0: 0x8000c378 (0x00004f17) auipc   t5, 0x4
core   0: 3 0x8000c378 (0x00004f17) x30 0x80010378
core   0: 0x8000c37c (0xc83f2423) sw      gp, -888(t5)
core   0: 3 0x8000c37c (0xc83f2423) mem 0x80010000 0x00000001
core   0: 0x8000c380 (0xff9ff06f) j       pc - 0x8
core   0: 3 0x8000c380 (0xff9ff06f)
core   0: 0x8000c378 (0x00004f17) auipc   t5, 0x4
core   0: 3 0x8000c378 (0x00004f17) x30 0x80010378
core   0: 0x8000c37c (0xc83f2423) sw      gp, -888(t5)
core   0: 3 0x8000c37c (0xc83f2423) mem 0x80010000 0x00000001
core   0: 0x8000c380 (0xff9ff06f) j       pc - 0x8
core   0: 3 0x8000c380 (0xff9ff06f)
core   0: 0x8000c378 (0x00004f17) auipc   t5, 0x4
core   0: 3 0x8000c378 (0x00004f17) x30 0x80010378
core   0: 0x8000c37c (0xc83f2423) sw      gp, -888(t5)
core   0: 3 0x8000c37c (0xc83f2423) mem 0x80010000 0x00000001
core   0: 0x8000c380 (0xff9ff06f) j       pc - 0x8
core   0: 3 0x8000c380 (0xff9ff06f)
core   0: 0x8000c378 (0x00004f17) auipc   t5, 0x4
core   0: 3 0x8000c378 (0x00004f17) x30 0x80010378
core   0: 0x8000c37c (0xc83f2423) sw      gp, -888(t5)
core   0: 3 0x8000c37c (0xc83f2423) mem 0x80010000 0x00000001
core   0: 0x8000c380 (0xff9ff06f) j       pc - 0x8
core   0: 3 0x8000c380 (0xff9ff06f)
core   0: 0x8000c378 (0x00004f17) auipc   t5, 0x4
core   0: 3 0x8000c378 (0x00004f17) x30 0x80010378
core   0: 0x8000c37c (0xc83f2423) sw      gp, -888(t5)
core   0: 3 0x8000c37c (0xc83f2423) mem 0x80010000 0x00000001
core   0: 0x8000c380 (0xff9ff06f) j       pc - 0x8
core   0: 3 0x8000c380 (0xff9ff06f)
core   0: 0x8000c378 (0x00004f17) auipc   t5, 0x4
core   0: 3 0x8000c378 (0x00004f17) x30 0x80010378
core   0: 0x8000c37c (0xc83f2423) sw      gp, -888(t5)
core   0: 3 0x8000c37c (0xc83f2423) mem 0x80010000 0x00000001
core   0: 0x8000c380 (0xff9ff06f) j       pc - 0x8
core   0: 3 0x8000c380 (0xff9ff06f)
core   0: 0x8000c378 (0x00004f17) auipc   t5, 0x4
core   0: 3 0x8000c378 (0x00004f17) x30 0x80010378
core   0: 0x8000c37c (0xc83f2423) sw      gp, -888(t5)
core   0: 3 0x8000c37c (0xc83f2423) mem 0x80010000 0x00000001
core   0: 0x8000c380 (0xff9ff06f) j       pc - 0x8
core   0: 3 0x8000c380 (0xff9ff06f)
core   0: 0x8000c378 (0x00004f17) auipc   t5, 0x4
core   0: 3 0x8000c378 (0x00004f17) x30 0x80010378
core   0: 0x8000c37c (0xc83f2423) sw      gp, -888(t5)
core   0: 3 0x8000c37c (0xc83f2423) mem 0x80010000 0x00000001
core   0: 0x8000c380 (0xff9ff06f) j       pc - 0x8
core   0: 3 0x8000c380 (0xff9ff06f)
core   0: 0x8000c378 (0x00004f17) auipc   t5, 0x4
core   0: 3 0x8000c378 (0x00004f17) x30 0x80010378
core   0: 0x8000c37c (0xc83f2423) sw      gp, -888(t5)
core   0: 3 0x8000c37c (0xc83f2423) mem 0x80010000 0x00000001
core   0: 0x8000c380 (0xff9ff06f) j       pc - 0x8
core   0: 3 0x8000c380 (0xff9ff06f)
core   0: 0x8000c378 (0x00004f17) auipc   t5, 0x4
core   0: 3 0x8000c378 (0x00004f17) x30 0x80010378
core   0: 0x8000c37c (0xc83f2423) sw      gp, -888(t5)
core   0: 3 0x8000c37c (0xc83f2423) mem 0x80010000 0x00000001
core   0: 0x8000c380 (0xff9ff06f) j       pc - 0x8
core   0: 3 0x8000c380 (0xff9ff06f)
core   0: 0x8000c378 (0x00004f17) auipc   t5, 0x4
core   0: 3 0x8000c378 (0x00004f17) x30 0x80010378
core   0: 0x8000c37c (0xc83f2423) sw      gp, -888(t5)
core   0: 3 0x8000c37c (0xc83f2423) mem 0x80010000 0x00000001
core   0: 0x8000c380 (0xff9ff06f) j       pc - 0x8
core   0: 3 0x8000c380 (0xff9ff06f)
core   0: 0x8000c378 (0x00004f17) auipc   t5, 0x4
core   0: 3 0x8000c378 (0x00004f17) x30 0x80010378
core   0: 0x8000c37c (0xc83f2423) sw      gp, -888(t5)
core   0: 3 0x8000c37c (0xc83f2423) mem 0x80010000 0x00000001
core   0: 0x8000c380 (0xff9ff06f) j       pc - 0x8
core   0: 3 0x8000c380 (0xff9ff06f)
core   0: 0x8000c378 (0x00004f17) auipc   t5, 0x4
core   0: 3 0x8000c378 (0x00004f17) x30 0x80010378
core   0: 0x8000c37c (0xc83f2423) sw      gp, -888(t5)
core   0: 3 0x8000c37c (0xc83f2423) mem 0x80010000 0x00000001
core   0: 0x8000c380 (0xff9ff06f) j       pc - 0x8
core   0: 3 0x8000c380 (0xff9ff06f)
core   0: 0x8000c378 (0x00004f17) auipc   t5, 0x4
core   0: 3 0x8000c378 (0x00004f17) x30 0x80010378
core   0: 0x8000c37c (0xc83f2423) sw      gp, -888(t5)
core   0: 3 0x8000c37c (0xc83f2423) mem 0x80010000 0x00000001
core   0: 0x8000c380 (0xff9ff06f) j       pc - 0x8
core   0: 3 0x8000c380 (0xff9ff06f)
core   0: 0x8000c378 (0x00004f17) auipc   t5, 0x4
core   0: 3 0x8000c378 (0x00004f17) x30 0x80010378
core   0: 0x8000c37c (0xc83f2423) sw      gp, -888(t5)
core   0: 3 0x8000c37c (0xc83f2423) mem 0x80010000 0x00000001
core   0: 0x8000c380 (0xff9ff06f) j       pc - 0x8
core   0: 3 0x8000c380 (0xff9ff06f)
core   0: 0x8000c378 (0x00004f17) auipc   t5, 0x4
core   0: 3 0x8000c378 (0x00004f17) x30 0x80010378
core   0: 0x8000c37c (0xc83f2423) sw      gp, -888(t5)
core   0: 3 0x8000c37c (0xc83f2423) mem 0x80010000 0x00000001
core   0: 0x8000c380 (0xff9ff06f) j       pc - 0x8
core   0: 3 0x8000c380 (0xff9ff06f)
core   0: 0x8000c378 (0x00004f17) auipc   t5, 0x4
core   0: 3 0x8000c378 (0x00004f17) x30 0x80010378
core   0: 0x8000c37c (0xc83f2423) sw      gp, -888(t5)
core   0: 3 0x8000c37c (0xc83f2423) mem 0x80010000 0x00000001
core   0: 0x8000c380 (0xff9ff06f) j       pc - 0x8
core   0: 3 0x8000c380 (0xff9ff06f)
core   0: 0x8000c378 (0x00004f17) auipc   t5, 0x4
core   0: 3 0x8000c378 (0x00004f17) x30 0x80010378
core   0: 0x8000c37c (0xc83f2423) sw      gp, -888(t5)
core   0: 3 0x8000c37c (0xc83f2423) mem 0x80010000 0x00000001
core   0: 0x8000c380 (0xff9ff06f) j       pc - 0x8
core   0: 3 0x8000c380 (0xff9ff06f)
core   0: 0x8000c378 (0x00004f17) auipc   t5, 0x4
core   0: 3 0x8000c378 (0x00004f17) x30 0x80010378
core   0: 0x8000c37c (0xc83f2423) sw      gp, -888(t5)
core   0: 3 0x8000c37c (0xc83f2423) mem 0x80010000 0x00000001
core   0: 0x8000c380 (0xff9ff06f) j       pc - 0x8
core   0: 3 0x8000c380 (0xff9ff06f)
core   0: 0x8000c378 (0x00004f17) auipc   t5, 0x4
core   0: 3 0x8000c378 (0x00004f17) x30 0x80010378
core   0: 0x8000c37c (0xc83f2423) sw      gp, -888(t5)
core   0: 3 0x8000c37c (0xc83f2423) mem 0x80010000 0x00000001
core   0: 0x8000c380 (0xff9ff06f) j       pc - 0x8
core   0: 3 0x8000c380 (0xff9ff06f)
core   0: 0x8000c378 (0x00004f17) auipc   t5, 0x4
core   0: 3 0x8000c378 (0x00004f17) x30 0x80010378
core   0: 0x8000c37c (0xc83f2423) sw      gp, -888(t5)
core   0: 3 0x8000c37c (0xc83f2423) mem 0x80010000 0x00000001
core   0: 0x8000c380 (0xff9ff06f) j       pc - 0x8
core   0: 3 0x8000c380 (0xff9ff06f)
core   0: 0x8000c378 (0x00004f17) auipc   t5, 0x4
core   0: 3 0x8000c378 (0x00004f17) x30 0x80010378
core   0: 0x8000c37c (0xc83f2423) sw      gp, -888(t5)
core   0: 3 0x8000c37c (0xc83f2423) mem 0x80010000 0x00000001
core   0: 0x8000c380 (0xff9ff06f) j       pc - 0x8
core   0: 3 0x8000c380 (0xff9ff06f)
core   0: 0x8000c378 (0x00004f17) auipc   t5, 0x4
core   0: 3 0x8000c378 (0x00004f17) x30 0x80010378
core   0: 0x8000c37c (0xc83f2423) sw      gp, -888(t5)
core   0: 3 0x8000c37c (0xc83f2423) mem 0x80010000 0x00000001
core   0: 0x8000c380 (0xff9ff06f) j       pc - 0x8
core   0: 3 0x8000c380 (0xff9ff06f)
core   0: 0x8000c378 (0x00004f17) auipc   t5, 0x4
core   0: 3 0x8000c378 (0x00004f17) x30 0x80010378
core   0: 0x8000c37c (0xc83f2423) sw      gp, -888(t5)
core   0: 3 0x8000c37c (0xc83f2423) mem 0x80010000 0x00000001
core   0: 0x8000c380 (0xff9ff06f) j       pc - 0x8
core   0: 3 0x8000c380 (0xff9ff06f)
core   0: 0x8000c378 (0x00004f17) auipc   t5, 0x4
core   0: 3 0x8000c378 (0x00004f17) x30 0x80010378
core   0: 0x8000c37c (0xc83f2423) sw      gp, -888(t5)
core   0: 3 0x8000c37c (0xc83f2423) mem 0x80010000 0x00000001
core   0: 0x8000c380 (0xff9ff06f) j       pc - 0x8
core   0: 3 0x8000c380 (0xff9ff06f)
core   0: 0x8000c378 (0x00004f17) auipc   t5, 0x4
core   0: 3 0x8000c378 (0x00004f17) x30 0x80010378
core   0: 0x8000c37c (0xc83f2423) sw      gp, -888(t5)
core   0: 3 0x8000c37c (0xc83f2423) mem 0x80010000 0x00000001
core   0: 0x8000c380 (0xff9ff06f) j       pc - 0x8
core   0: 3 0x8000c380 (0xff9ff06f)
core   0: 0x8000c378 (0x00004f17) auipc   t5, 0x4
core   0: 3 0x8000c378 (0x00004f17) x30 0x80010378
core   0: 0x8000c37c (0xc83f2423) sw      gp, -888(t5)
core   0: 3 0x8000c37c (0xc83f2423) mem 0x80010000 0x00000001
core   0: 0x8000c380 (0xff9ff06f) j       pc - 0x8
core   0: 3 0x8000c380 (0xff9ff06f)
core   0: 0x8000c378 (0x00004f17) auipc   t5, 0x4
core   0: 3 0x8000c378 (0x00004f17) x30 0x80010378
core   0: 0x8000c37c (0xc83f2423) sw      gp, -888(t5)
core   0: 3 0x8000c37c (0xc83f2423) mem 0x80010000 0x00000001
core   0: 0x8000c380 (0xff9ff06f) j       pc - 0x8
core   0: 3 0x8000c380 (0xff9ff06f)
core   0: 0x8000c378 (0x00004f17) auipc   t5, 0x4
core   0: 3 0x8000c378 (0x00004f17) x30 0x80010378
core   0: 0x8000c37c (0xc83f2423) sw      gp, -888(t5)
core   0: 3 0x8000c37c (0xc83f2423) mem 0x80010000 0x00000001
core   0: 0x8000c380 (0xff9ff06f) j       pc - 0x8
core   0: 3 0x8000c380 (0xff9ff06f)
core   0: 0x8000c378 (0x00004f17) auipc   t5, 0x4
core   0: 3 0x8000c378 (0x00004f17) x30 0x80010378
core   0: 0x8000c37c (0xc83f2423) sw      gp, -888(t5)
core   0: 3 0x8000c37c (0xc83f2423) mem 0x80010000 0x00000001
core   0: 0x8000c380 (0xff9ff06f) j       pc - 0x8
core   0: 3 0x8000c380 (0xff9ff06f)
core   0: 0x8000c378 (0x00004f17) auipc   t5, 0x4
core   0: 3 0x8000c378 (0x00004f17) x30 0x80010378
core   0: 0x8000c37c (0xc83f2423) sw      gp, -888(t5)
core   0: 3 0x8000c37c (0xc83f2423) mem 0x80010000 0x00000001
core   0: 0x8000c380 (0xff9ff06f) j       pc - 0x8
core   0: 3 0x8000c380 (0xff9ff06f)
core   0: 0x8000c378 (0x00004f17) auipc   t5, 0x4
core   0: 3 0x8000c378 (0x00004f17) x30 0x80010378
core   0: 0x8000c37c (0xc83f2423) sw      gp, -888(t5)
core   0: 3 0x8000c37c (0xc83f2423) mem 0x80010000 0x00000001
core   0: 0x8000c380 (0xff9ff06f) j       pc - 0x8
core   0: 3 0x8000c380 (0xff9ff06f)
core   0: 0x8000c378 (0x00004f17) auipc   t5, 0x4
core   0: 3 0x8000c378 (0x00004f17) x30 0x80010378
core   0: 0x8000c37c (0xc83f2423) sw      gp, -888(t5)
core   0: 3 0x8000c37c (0xc83f2423) mem 0x80010000 0x00000001
core   0: 0x8000c380 (0xff9ff06f) j       pc - 0x8
core   0: 3 0x8000c380 (0xff9ff06f)
core   0: 0x8000c378 (0x00004f17) auipc   t5, 0x4
core   0: 3 0x8000c378 (0x00004f17) x30 0x80010378
core   0: 0x8000c37c (0xc83f2423) sw      gp, -888(t5)
core   0: 3 0x8000c37c (0xc83f2423) mem 0x80010000 0x00000001
core   0: 0x8000c380 (0xff9ff06f) j       pc - 0x8
core   0: 3 0x8000c380 (0xff9ff06f)
core   0: 0x8000c378 (0x00004f17) auipc   t5, 0x4
core   0: 3 0x8000c378 (0x00004f17) x30 0x80010378
core   0: 0x8000c37c (0xc83f2423) sw      gp, -888(t5)
core   0: 3 0x8000c37c (0xc83f2423) mem 0x80010000 0x00000001
core   0: 0x8000c380 (0xff9ff06f) j       pc - 0x8
core   0: 3 0x8000c380 (0xff9ff06f)
core   0: 0x8000c378 (0x00004f17) auipc   t5, 0x4
core   0: 3 0x8000c378 (0x00004f17) x30 0x80010378
core   0: 0x8000c37c (0xc83f2423) sw      gp, -888(t5)
core   0: 3 0x8000c37c (0xc83f2423) mem 0x80010000 0x00000001
core   0: 0x8000c380 (0xff9ff06f) j       pc - 0x8
core   0: 3 0x8000c380 (0xff9ff06f)
core   0: 0x8000c378 (0x00004f17) auipc   t5, 0x4
core   0: 3 0x8000c378 (0x00004f17) x30 0x80010378
core   0: 0x8000c37c (0xc83f2423) sw      gp, -888(t5)
core   0: 3 0x8000c37c (0xc83f2423) mem 0x80010000 0x00000001
core   0: 0x8000c380 (0xff9ff06f) j       pc - 0x8
core   0: 3 0x8000c380 (0xff9ff06f)
core   0: 0x8000c378 (0x00004f17) auipc   t5, 0x4
core   0: 3 0x8000c378 (0x00004f17) x30 0x80010378
core   0: 0x8000c37c (0xc83f2423) sw      gp, -888(t5)
core   0: 3 0x8000c37c (0xc83f2423) mem 0x80010000 0x00000001
core   0: 0x8000c380 (0xff9ff06f) j       pc - 0x8
core   0: 3 0x8000c380 (0xff9ff06f)
core   0: 0x8000c378 (0x00004f17) auipc   t5, 0x4
core   0: 3 0x8000c378 (0x00004f17) x30 0x80010378
core   0: 0x8000c37c (0xc83f2423) sw      gp, -888(t5)
core   0: 3 0x8000c37c (0xc83f2423) mem 0x80010000 0x00000001
core   0: 0x8000c380 (0xff9ff06f) j       pc - 0x8
core   0: 3 0x8000c380 (0xff9ff06f)
core   0: 0x8000c378 (0x00004f17) auipc   t5, 0x4
core   0: 3 0x8000c378 (0x00004f17) x30 0x80010378
core   0: 0x8000c37c (0xc83f2423) sw      gp, -888(t5)
core   0: 3 0x8000c37c (0xc83f2423) mem 0x80010000 0x00000001
core   0: 0x8000c380 (0xff9ff06f) j       pc - 0x8
core   0: 3 0x8000c380 (0xff9ff06f)
core   0: 0x8000c378 (0x00004f17) auipc   t5, 0x4
core   0: 3 0x8000c378 (0x00004f17) x30 0x80010378
core   0: 0x8000c37c (0xc83f2423) sw      gp, -888(t5)
core   0: 3 0x8000c37c (0xc83f2423) mem 0x80010000 0x00000001
core   0: 0x8000c380 (0xff9ff06f) j       pc - 0x8
core   0: 3 0x8000c380 (0xff9ff06f)
core   0: 0x8000c378 (0x00004f17) auipc   t5, 0x4
core   0: 3 0x8000c378 (0x00004f17) x30 0x80010378
core   0: 0x8000c37c (0xc83f2423) sw      gp, -888(t5)
core   0: 3 0x8000c37c (0xc83f2423) mem 0x80010000 0x00000001
core   0: 0x8000c380 (0xff9ff06f) j       pc - 0x8
core   0: 3 0x8000c380 (0xff9ff06f)
core   0: 0x8000c378 (0x00004f17) auipc   t5, 0x4
core   0: 3 0x8000c378 (0x00004f17) x30 0x80010378
core   0: 0x8000c37c (0xc83f2423) sw      gp, -888(t5)
core   0: 3 0x8000c37c (0xc83f2423) mem 0x80010000 0x00000001
core   0: 0x8000c380 (0xff9ff06f) j       pc - 0x8
core   0: 3 0x8000c380 (0xff9ff06f)
core   0: 0x8000c378 (0x00004f17) auipc   t5, 0x4
core   0: 3 0x8000c378 (0x00004f17) x30 0x80010378
core   0: 0x8000c37c (0xc83f2423) sw      gp, -888(t5)
core   0: 3 0x8000c37c (0xc83f2423) mem 0x80010000 0x00000001
core   0: 0x8000c380 (0xff9ff06f) j       pc - 0x8
core   0: 3 0x8000c380 (0xff9ff06f)
core   0: 0x8000c378 (0x00004f17) auipc   t5, 0x4
core   0: 3 0x8000c378 (0x00004f17) x30 0x80010378
core   0: 0x8000c37c (0xc83f2423) sw      gp, -888(t5)
core   0: 3 0x8000c37c (0xc83f2423) mem 0x80010000 0x00000001
core   0: 0x8000c380 (0xff9ff06f) j       pc - 0x8
core   0: 3 0x8000c380 (0xff9ff06f)
core   0: 0x8000c378 (0x00004f17) auipc   t5, 0x4
core   0: 3 0x8000c378 (0x00004f17) x30 0x80010378
core   0: 0x8000c37c (0xc83f2423) sw      gp, -888(t5)
core   0: 3 0x8000c37c (0xc83f2423) mem 0x80010000 0x00000001
core   0: 0x8000c380 (0xff9ff06f) j       pc - 0x8
core   0: 3 0x8000c380 (0xff9ff06f)
core   0: 0x8000c378 (0x00004f17) auipc   t5, 0x4
core   0: 3 0x8000c378 (0x00004f17) x30 0x80010378
core   0: 0x8000c37c (0xc83f2423) sw      gp, -888(t5)
core   0: 3 0x8000c37c (0xc83f2423) mem 0x80010000 0x00000001
core   0: 0x8000c380 (0xff9ff06f) j       pc - 0x8
core   0: 3 0x8000c380 (0xff9ff06f)
core   0: 0x8000c378 (0x00004f17) auipc   t5, 0x4
core   0: 3 0x8000c378 (0x00004f17) x30 0x80010378
core   0: 0x8000c37c (0xc83f2423) sw      gp, -888(t5)
core   0: 3 0x8000c37c (0xc83f2423) mem 0x80010000 0x00000001
core   0: 0x8000c380 (0xff9ff06f) j       pc - 0x8
core   0: 3 0x8000c380 (0xff9ff06f)
core   0: 0x8000c378 (0x00004f17) auipc   t5, 0x4
core   0: 3 0x8000c378 (0x00004f17) x30 0x80010378
core   0: 0x8000c37c (0xc83f2423) sw      gp, -888(t5)
core   0: 3 0x8000c37c (0xc83f2423) mem 0x80010000 0x00000001
core   0: 0x8000c380 (0xff9ff06f) j       pc - 0x8
core   0: 3 0x8000c380 (0xff9ff06f)
core   0: 0x8000c378 (0x00004f17) auipc   t5, 0x4
core   0: 3 0x8000c378 (0x00004f17) x30 0x80010378
core   0: 0x8000c37c (0xc83f2423) sw      gp, -888(t5)
core   0: 3 0x8000c37c (0xc83f2423) mem 0x80010000 0x00000001
core   0: 0x8000c380 (0xff9ff06f) j       pc - 0x8
core   0: 3 0x8000c380 (0xff9ff06f)
core   0: 0x8000c378 (0x00004f17) auipc   t5, 0x4
core   0: 3 0x8000c378 (0x00004f17) x30 0x80010378
core   0: 0x8000c37c (0xc83f2423) sw      gp, -888(t5)
core   0: 3 0x8000c37c (0xc83f2423) mem 0x80010000 0x00000001
core   0: 0x8000c380 (0xff9ff06f) j       pc - 0x8
core   0: 3 0x8000c380 (0xff9ff06f)
core   0: 0x8000c378 (0x00004f17) auipc   t5, 0x4
core   0: 3 0x8000c378 (0x00004f17) x30 0x80010378
core   0: 0x8000c37c (0xc83f2423) sw      gp, -888(t5)
core   0: 3 0x8000c37c (0xc83f2423) mem 0x80010000 0x00000001
core   0: 0x8000c380 (0xff9ff06f) j       pc - 0x8
core   0: 3 0x8000c380 (0xff9ff06f)
core   0: 0x8000c378 (0x00004f17) auipc   t5, 0x4
core   0: 3 0x8000c378 (0x00004f17) x30 0x80010378
core   0: 0x8000c37c (0xc83f2423) sw      gp, -888(t5)
core   0: 3 0x8000c37c (0xc83f2423) mem 0x80010000 0x00000001
core   0: 0x8000c380 (0xff9ff06f) j       pc - 0x8
core   0: 3 0x8000c380 (0xff9ff06f)
core   0: 0x8000c378 (0x00004f17) auipc   t5, 0x4
core   0: 3 0x8000c378 (0x00004f17) x30 0x80010378
core   0: 0x8000c37c (0xc83f2423) sw      gp, -888(t5)
core   0: 3 0x8000c37c (0xc83f2423) mem 0x80010000 0x00000001
core   0: 0x8000c380 (0xff9ff06f) j       pc - 0x8
core   0: 3 0x8000c380 (0xff9ff06f)
core   0: 0x8000c378 (0x00004f17) auipc   t5, 0x4
core   0: 3 0x8000c378 (0x00004f17) x30 0x80010378
core   0: 0x8000c37c (0xc83f2423) sw      gp, -888(t5)
core   0: 3 0x8000c37c (0xc83f2423) mem 0x80010000 0x00000001
core   0: 0x8000c380 (0xff9ff06f) j       pc - 0x8
core   0: 3 0x8000c380 (0xff9ff06f)
core   0: 0x8000c378 (0x00004f17) auipc   t5, 0x4
core   0: 3 0x8000c378 (0x00004f17) x30 0x80010378
core   0: 0x8000c37c (0xc83f2423) sw      gp, -888(t5)
core   0: 3 0x8000c37c (0xc83f2423) mem 0x80010000 0x00000001
core   0: 0x8000c380 (0xff9ff06f) j       pc - 0x8
core   0: 3 0x8000c380 (0xff9ff06f)
core   0: 0x8000c378 (0x00004f17) auipc   t5, 0x4
core   0: 3 0x8000c378 (0x00004f17) x30 0x80010378
core   0: 0x8000c37c (0xc83f2423) sw      gp, -888(t5)
core   0: 3 0x8000c37c (0xc83f2423) mem 0x80010000 0x00000001
core   0: 0x8000c380 (0xff9ff06f) j       pc - 0x8
core   0: 3 0x8000c380 (0xff9ff06f)
core   0: 0x8000c378 (0x00004f17) auipc   t5, 0x4
core   0: 3 0x8000c378 (0x00004f17) x30 0x80010378
core   0: 0x8000c37c (0xc83f2423) sw      gp, -888(t5)
core   0: 3 0x8000c37c (0xc83f2423) mem 0x80010000 0x00000001
core   0: 0x8000c380 (0xff9ff06f) j       pc - 0x8
core   0: 3 0x8000c380 (0xff9ff06f)
core   0: 0x8000c378 (0x00004f17) auipc   t5, 0x4
core   0: 3 0x8000c378 (0x00004f17) x30 0x80010378
core   0: 0x8000c37c (0xc83f2423) sw      gp, -888(t5)
core   0: 3 0x8000c37c (0xc83f2423) mem 0x80010000 0x00000001
core   0: 0x8000c380 (0xff9ff06f) j       pc - 0x8
core   0: 3 0x8000c380 (0xff9ff06f)
core   0: 0x8000c378 (0x00004f17) auipc   t5, 0x4
core   0: 3 0x8000c378 (0x00004f17) x30 0x80010378
core   0: 0x8000c37c (0xc83f2423) sw      gp, -888(t5)
core   0: 3 0x8000c37c (0xc83f2423) mem 0x80010000 0x00000001
core   0: 0x8000c380 (0xff9ff06f) j       pc - 0x8
core   0: 3 0x8000c380 (0xff9ff06f)
core   0: 0x8000c378 (0x00004f17) auipc   t5, 0x4
core   0: 3 0x8000c378 (0x00004f17) x30 0x80010378
core   0: 0x8000c37c (0xc83f2423) sw      gp, -888(t5)
core   0: 3 0x8000c37c (0xc83f2423) mem 0x80010000 0x00000001
core   0: 0x8000c380 (0xff9ff06f) j       pc - 0x8
core   0: 3 0x8000c380 (0xff9ff06f)
core   0: 0x8000c378 (0x00004f17) auipc   t5, 0x4
core   0: 3 0x8000c378 (0x00004f17) x30 0x80010378
core   0: 0x8000c37c (0xc83f2423) sw      gp, -888(t5)
core   0: 3 0x8000c37c (0xc83f2423) mem 0x80010000 0x00000001
core   0: 0x8000c380 (0xff9ff06f) j       pc - 0x8
core   0: 3 0x8000c380 (0xff9ff06f)
core   0: 0x8000c378 (0x00004f17) auipc   t5, 0x4
core   0: 3 0x8000c378 (0x00004f17) x30 0x80010378
core   0: 0x8000c37c (0xc83f2423) sw      gp, -888(t5)
core   0: 3 0x8000c37c (0xc83f2423) mem 0x80010000 0x00000001
core   0: 0x8000c380 (0xff9ff06f) j       pc - 0x8
core   0: 3 0x8000c380 (0xff9ff06f)
core   0: 0x8000c378 (0x00004f17) auipc   t5, 0x4
core   0: 3 0x8000c378 (0x00004f17) x30 0x80010378
core   0: 0x8000c37c (0xc83f2423) sw      gp, -888(t5)
core   0: 3 0x8000c37c (0xc83f2423) mem 0x80010000 0x00000001
core   0: 0x8000c380 (0xff9ff06f) j       pc - 0x8
core   0: 3 0x8000c380 (0xff9ff06f)
core   0: 0x8000c378 (0x00004f17) auipc   t5, 0x4
core   0: 3 0x8000c378 (0x00004f17) x30 0x80010378
core   0: 0x8000c37c (0xc83f2423) sw      gp, -888(t5)
core   0: 3 0x8000c37c (0xc83f2423) mem 0x80010000 0x00000001
core   0: 0x8000c380 (0xff9ff06f) j       pc - 0x8
core   0: 3 0x8000c380 (0xff9ff06f)
core   0: 0x8000c378 (0x00004f17) auipc   t5, 0x4
core   0: 3 0x8000c378 (0x00004f17) x30 0x80010378
core   0: 0x8000c37c (0xc83f2423) sw      gp, -888(t5)
core   0: 3 0x8000c37c (0xc83f2423) mem 0x80010000 0x00000001
core   0: 0x8000c380 (0xff9ff06f) j       pc - 0x8
core   0: 3 0x8000c380 (0xff9ff06f)
core   0: 0x8000c378 (0x00004f17) auipc   t5, 0x4
core   0: 3 0x8000c378 (0x00004f17) x30 0x80010378
core   0: 0x8000c37c (0xc83f2423) sw      gp, -888(t5)
core   0: 3 0x8000c37c (0xc83f2423) mem 0x80010000 0x00000001
core   0: 0x8000c380 (0xff9ff06f) j       pc - 0x8
core   0: 3 0x8000c380 (0xff9ff06f)
core   0: 0x8000c378 (0x00004f17) auipc   t5, 0x4
core   0: 3 0x8000c378 (0x00004f17) x30 0x80010378
core   0: 0x8000c37c (0xc83f2423) sw      gp, -888(t5)
core   0: 3 0x8000c37c (0xc83f2423) mem 0x80010000 0x00000001
core   0: 0x8000c380 (0xff9ff06f) j       pc - 0x8
core   0: 3 0x8000c380 (0xff9ff06f)
core   0: 0x8000c378 (0x00004f17) auipc   t5, 0x4
core   0: 3 0x8000c378 (0x00004f17) x30 0x80010378
core   0: 0x8000c37c (0xc83f2423) sw      gp, -888(t5)
core   0: 3 0x8000c37c (0xc83f2423) mem 0x80010000 0x00000001
core   0: 0x8000c380 (0xff9ff06f) j       pc - 0x8
core   0: 3 0x8000c380 (0xff9ff06f)
core   0: 0x8000c378 (0x00004f17) auipc   t5, 0x4
core   0: 3 0x8000c378 (0x00004f17) x30 0x80010378
core   0: 0x8000c37c (0xc83f2423) sw      gp, -888(t5)
core   0: 3 0x8000c37c (0xc83f2423) mem 0x80010000 0x00000001
core   0: 0x8000c380 (0xff9ff06f) j       pc - 0x8
core   0: 3 0x8000c380 (0xff9ff06f)
core   0: 0x8000c378 (0x00004f17) auipc   t5, 0x4
core   0: 3 0x8000c378 (0x00004f17) x30 0x80010378
core   0: 0x8000c37c (0xc83f2423) sw      gp, -888(t5)
core   0: 3 0x8000c37c (0xc83f2423) mem 0x80010000 0x00000001
core   0: 0x8000c380 (0xff9ff06f) j       pc - 0x8
core   0: 3 0x8000c380 (0xff9ff06f)
core   0: 0x8000c378 (0x00004f17) auipc   t5, 0x4
core   0: 3 0x8000c378 (0x00004f17) x30 0x80010378
core   0: 0x8000c37c (0xc83f2423) sw      gp, -888(t5)
core   0: 3 0x8000c37c (0xc83f2423) mem 0x80010000 0x00000001
core   0: 0x8000c380 (0xff9ff06f) j       pc - 0x8
core   0: 3 0x8000c380 (0xff9ff06f)
core   0: 0x8000c378 (0x00004f17) auipc   t5, 0x4
core   0: 3 0x8000c378 (0x00004f17) x30 0x80010378
core   0: 0x8000c37c (0xc83f2423) sw      gp, -888(t5)
core   0: 3 0x8000c37c (0xc83f2423) mem 0x80010000 0x00000001
core   0: 0x8000c380 (0xff9ff06f) j       pc - 0x8
core   0: 3 0x8000c380 (0xff9ff06f)
core   0: 0x8000c378 (0x00004f17) auipc   t5, 0x4
core   0: 3 0x8000c378 (0x00004f17) x30 0x80010378
core   0: 0x8000c37c (0xc83f2423) sw      gp, -888(t5)
core   0: 3 0x8000c37c (0xc83f2423) mem 0x80010000 0x00000001
core   0: 0x8000c380 (0xff9ff06f) j       pc - 0x8
core   0: 3 0x8000c380 (0xff9ff06f)
core   0: 0x8000c378 (0x00004f17) auipc   t5, 0x4
core   0: 3 0x8000c378 (0x00004f17) x30 0x80010378
core   0: 0x8000c37c (0xc83f2423) sw      gp, -888(t5)
core   0: 3 0x8000c37c (0xc83f2423) mem 0x80010000 0x00000001
core   0: 0x8000c380 (0xff9ff06f) j       pc - 0x8
core   0: 3 0x8000c380 (0xff9ff06f)
core   0: 0x8000c378 (0x00004f17) auipc   t5, 0x4
core   0: 3 0x8000c378 (0x00004f17) x30 0x80010378
core   0: 0x8000c37c (0xc83f2423) sw      gp, -888(t5)
core   0: 3 0x8000c37c (0xc83f2423) mem 0x80010000 0x00000001
core   0: 0x8000c380 (0xff9ff06f) j       pc - 0x8
core   0: 3 0x8000c380 (0xff9ff06f)
core   0: 0x8000c378 (0x00004f17) auipc   t5, 0x4
core   0: 3 0x8000c378 (0x00004f17) x30 0x80010378
core   0: 0x8000c37c (0xc83f2423) sw      gp, -888(t5)
core   0: 3 0x8000c37c (0xc83f2423) mem 0x80010000 0x00000001
core   0: 0x8000c380 (0xff9ff06f) j       pc - 0x8
core   0: 3 0x8000c380 (0xff9ff06f)
core   0: 0x8000c378 (0x00004f17) auipc   t5, 0x4
core   0: 3 0x8000c378 (0x00004f17) x30 0x80010378
core   0: 0x8000c37c (0xc83f2423) sw      gp, -888(t5)
core   0: 3 0x8000c37c (0xc83f2423) mem 0x80010000 0x00000001
core   0: 0x8000c380 (0xff9ff06f) j       pc - 0x8
core   0: 3 0x8000c380 (0xff9ff06f)
core   0: 0x8000c378 (0x00004f17) auipc   t5, 0x4
core   0: 3 0x8000c378 (0x00004f17) x30 0x80010378
core   0: 0x8000c37c (0xc83f2423) sw      gp, -888(t5)
core   0: 3 0x8000c37c (0xc83f2423) mem 0x80010000 0x00000001
core   0: 0x8000c380 (0xff9ff06f) j       pc - 0x8
core   0: 3 0x8000c380 (0xff9ff06f)
core   0: 0x8000c378 (0x00004f17) auipc   t5, 0x4
core   0: 3 0x8000c378 (0x00004f17) x30 0x80010378
core   0: 0x8000c37c (0xc83f2423) sw      gp, -888(t5)
core   0: 3 0x8000c37c (0xc83f2423) mem 0x80010000 0x00000001
core   0: 0x8000c380 (0xff9ff06f) j       pc - 0x8
core   0: 3 0x8000c380 (0xff9ff06f)
core   0: 0x8000c378 (0x00004f17) auipc   t5, 0x4
core   0: 3 0x8000c378 (0x00004f17) x30 0x80010378
core   0: 0x8000c37c (0xc83f2423) sw      gp, -888(t5)
core   0: 3 0x8000c37c (0xc83f2423) mem 0x80010000 0x00000001
core   0: 0x8000c380 (0xff9ff06f) j       pc - 0x8
core   0: 3 0x8000c380 (0xff9ff06f)
core   0: 0x8000c378 (0x00004f17) auipc   t5, 0x4
core   0: 3 0x8000c378 (0x00004f17) x30 0x80010378
core   0: 0x8000c37c (0xc83f2423) sw      gp, -888(t5)
core   0: 3 0x8000c37c (0xc83f2423) mem 0x80010000 0x00000001
core   0: 0x8000c380 (0xff9ff06f) j       pc - 0x8
core   0: 3 0x8000c380 (0xff9ff06f)
core   0: 0x8000c378 (0x00004f17) auipc   t5, 0x4
core   0: 3 0x8000c378 (0x00004f17) x30 0x80010378
core   0: 0x8000c37c (0xc83f2423) sw      gp, -888(t5)
core   0: 3 0x8000c37c (0xc83f2423) mem 0x80010000 0x00000001
core   0: 0x8000c380 (0xff9ff06f) j       pc - 0x8
core   0: 3 0x8000c380 (0xff9ff06f)
core   0: 0x8000c378 (0x00004f17) auipc   t5, 0x4
core   0: 3 0x8000c378 (0x00004f17) x30 0x80010378
core   0: 0x8000c37c (0xc83f2423) sw      gp, -888(t5)
core   0: 3 0x8000c37c (0xc83f2423) mem 0x80010000 0x00000001
core   0: 0x8000c380 (0xff9ff06f) j       pc - 0x8
core   0: 3 0x8000c380 (0xff9ff06f)
core   0: 0x8000c378 (0x00004f17) auipc   t5, 0x4
core   0: 3 0x8000c378 (0x00004f17) x30 0x80010378
core   0: 0x8000c37c (0xc83f2423) sw      gp, -888(t5)
core   0: 3 0x8000c37c (0xc83f2423) mem 0x80010000 0x00000001
core   0: 0x8000c380 (0xff9ff06f) j       pc - 0x8
core   0: 3 0x8000c380 (0xff9ff06f)
core   0: 0x8000c378 (0x00004f17) auipc   t5, 0x4
core   0: 3 0x8000c378 (0x00004f17) x30 0x80010378
core   0: 0x8000c37c (0xc83f2423) sw      gp, -888(t5)
core   0: 3 0x8000c37c (0xc83f2423) mem 0x80010000 0x00000001
core   0: 0x8000c380 (0xff9ff06f) j       pc - 0x8
core   0: 3 0x8000c380 (0xff9ff06f)
core   0: 0x8000c378 (0x00004f17) auipc   t5, 0x4
core   0: 3 0x8000c378 (0x00004f17) x30 0x80010378
core   0: 0x8000c37c (0xc83f2423) sw      gp, -888(t5)
core   0: 3 0x8000c37c (0xc83f2423) mem 0x80010000 0x00000001
core   0: 0x8000c380 (0xff9ff06f) j       pc - 0x8
core   0: 3 0x8000c380 (0xff9ff06f)
core   0: 0x8000c378 (0x00004f17) auipc   t5, 0x4
core   0: 3 0x8000c378 (0x00004f17) x30 0x80010378
core   0: 0x8000c37c (0xc83f2423) sw      gp, -888(t5)
core   0: 3 0x8000c37c (0xc83f2423) mem 0x80010000 0x00000001
core   0: 0x8000c380 (0xff9ff06f) j       pc - 0x8
core   0: 3 0x8000c380 (0xff9ff06f)
core   0: 0x8000c378 (0x00004f17) auipc   t5, 0x4
core   0: 3 0x8000c378 (0x00004f17) x30 0x80010378
core   0: 0x8000c37c (0xc83f2423) sw      gp, -888(t5)
core   0: 3 0x8000c37c (0xc83f2423) mem 0x80010000 0x00000001
core   0: 0x8000c380 (0xff9ff06f) j       pc - 0x8
core   0: 3 0x8000c380 (0xff9ff06f)
core   0: 0x8000c378 (0x00004f17) auipc   t5, 0x4
core   0: 3 0x8000c378 (0x00004f17) x30 0x80010378
core   0: 0x8000c37c (0xc83f2423) sw      gp, -888(t5)
core   0: 3 0x8000c37c (0xc83f2423) mem 0x80010000 0x00000001
core   0: 0x8000c380 (0xff9ff06f) j       pc - 0x8
core   0: 3 0x8000c380 (0xff9ff06f)
core   0: 0x8000c378 (0x00004f17) auipc   t5, 0x4
core   0: 3 0x8000c378 (0x00004f17) x30 0x80010378
core   0: 0x8000c37c (0xc83f2423) sw      gp, -888(t5)
core   0: 3 0x8000c37c (0xc83f2423) mem 0x80010000 0x00000001
core   0: 0x8000c380 (0xff9ff06f) j       pc - 0x8
core   0: 3 0x8000c380 (0xff9ff06f)
core   0: 0x8000c378 (0x00004f17) auipc   t5, 0x4
core   0: 3 0x8000c378 (0x00004f17) x30 0x80010378
core   0: 0x8000c37c (0xc83f2423) sw      gp, -888(t5)
core   0: 3 0x8000c37c (0xc83f2423) mem 0x80010000 0x00000001
core   0: 0x8000c380 (0xff9ff06f) j       pc - 0x8
core   0: 3 0x8000c380 (0xff9ff06f)
core   0: 0x8000c378 (0x00004f17) auipc   t5, 0x4
core   0: 3 0x8000c378 (0x00004f17) x30 0x80010378
core   0: 0x8000c37c (0xc83f2423) sw      gp, -888(t5)
core   0: 3 0x8000c37c (0xc83f2423) mem 0x80010000 0x00000001
core   0: 0x8000c380 (0xff9ff06f) j       pc - 0x8
core   0: 3 0x8000c380 (0xff9ff06f)
core   0: 0x8000c378 (0x00004f17) auipc   t5, 0x4
core   0: 3 0x8000c378 (0x00004f17) x30 0x80010378
core   0: 0x8000c37c (0xc83f2423) sw      gp, -888(t5)
core   0: 3 0x8000c37c (0xc83f2423) mem 0x80010000 0x00000001
core   0: 0x8000c380 (0xff9ff06f) j       pc - 0x8
core   0: 3 0x8000c380 (0xff9ff06f)
core   0: 0x8000c378 (0x00004f17) auipc   t5, 0x4
core   0: 3 0x8000c378 (0x00004f17) x30 0x80010378
core   0: 0x8000c37c (0xc83f2423) sw      gp, -888(t5)
core   0: 3 0x8000c37c (0xc83f2423) mem 0x80010000 0x00000001
core   0: 0x8000c380 (0xff9ff06f) j       pc - 0x8
core   0: 3 0x8000c380 (0xff9ff06f)
core   0: 0x8000c378 (0x00004f17) auipc   t5, 0x4
core   0: 3 0x8000c378 (0x00004f17) x30 0x80010378
core   0: 0x8000c37c (0xc83f2423) sw      gp, -888(t5)
core   0: 3 0x8000c37c (0xc83f2423) mem 0x80010000 0x00000001
core   0: 0x8000c380 (0xff9ff06f) j       pc - 0x8
core   0: 3 0x8000c380 (0xff9ff06f)
core   0: 0x8000c378 (0x00004f17) auipc   t5, 0x4
core   0: 3 0x8000c378 (0x00004f17) x30 0x80010378
core   0: 0x8000c37c (0xc83f2423) sw      gp, -888(t5)
core   0: 3 0x8000c37c (0xc83f2423) mem 0x80010000 0x00000001
core   0: 0x8000c380 (0xff9ff06f) j       pc - 0x8
core   0: 3 0x8000c380 (0xff9ff06f)
core   0: 0x8000c378 (0x00004f17) auipc   t5, 0x4
core   0: 3 0x8000c378 (0x00004f17) x30 0x80010378
core   0: 0x8000c37c (0xc83f2423) sw      gp, -888(t5)
core   0: 3 0x8000c37c (0xc83f2423) mem 0x80010000 0x00000001
core   0: 0x8000c380 (0xff9ff06f) j       pc - 0x8
core   0: 3 0x8000c380 (0xff9ff06f)
core   0: 0x8000c378 (0x00004f17) auipc   t5, 0x4
core   0: 3 0x8000c378 (0x00004f17) x30 0x80010378
core   0: 0x8000c37c (0xc83f2423) sw      gp, -888(t5)
core   0: 3 0x8000c37c (0xc83f2423) mem 0x80010000 0x00000001
core   0: 0x8000c380 (0xff9ff06f) j       pc - 0x8
core   0: 3 0x8000c380 (0xff9ff06f)
core   0: 0x8000c378 (0x00004f17) auipc   t5, 0x4
core   0: 3 0x8000c378 (0x00004f17) x30 0x80010378
core   0: 0x8000c37c (0xc83f2423) sw      gp, -888(t5)
core   0: 3 0x8000c37c (0xc83f2423) mem 0x80010000 0x00000001
core   0: 0x8000c380 (0xff9ff06f) j       pc - 0x8
core   0: 3 0x8000c380 (0xff9ff06f)
core   0: 0x8000c378 (0x00004f17) auipc   t5, 0x4
core   0: 3 0x8000c378 (0x00004f17) x30 0x80010378
core   0: 0x8000c37c (0xc83f2423) sw      gp, -888(t5)
core   0: 3 0x8000c37c (0xc83f2423) mem 0x80010000 0x00000001
core   0: 0x8000c380 (0xff9ff06f) j       pc - 0x8
core   0: 3 0x8000c380 (0xff9ff06f)
core   0: 0x8000c378 (0x00004f17) auipc   t5, 0x4
core   0: 3 0x8000c378 (0x00004f17) x30 0x80010378
core   0: 0x8000c37c (0xc83f2423) sw      gp, -888(t5)
core   0: 3 0x8000c37c (0xc83f2423) mem 0x80010000 0x00000001
core   0: 0x8000c380 (0xff9ff06f) j       pc - 0x8
core   0: 3 0x8000c380 (0xff9ff06f)
core   0: 0x8000c378 (0x00004f17) auipc   t5, 0x4
core   0: 3 0x8000c378 (0x00004f17) x30 0x80010378
core   0: 0x8000c37c (0xc83f2423) sw      gp, -888(t5)
core   0: 3 0x8000c37c (0xc83f2423) mem 0x80010000 0x00000001
core   0: 0x8000c380 (0xff9ff06f) j       pc - 0x8
core   0: 3 0x8000c380 (0xff9ff06f)
core   0: 0x8000c378 (0x00004f17) auipc   t5, 0x4
core   0: 3 0x8000c378 (0x00004f17) x30 0x80010378
core   0: 0x8000c37c (0xc83f2423) sw      gp, -888(t5)
core   0: 3 0x8000c37c (0xc83f2423) mem 0x80010000 0x00000001
core   0: 0x8000c380 (0xff9ff06f) j       pc - 0x8
core   0: 3 0x8000c380 (0xff9ff06f)
core   0: 0x8000c378 (0x00004f17) auipc   t5, 0x4
core   0: 3 0x8000c378 (0x00004f17) x30 0x80010378
core   0: 0x8000c37c (0xc83f2423) sw      gp, -888(t5)
core   0: 3 0x8000c37c (0xc83f2423) mem 0x80010000 0x00000001
core   0: 0x8000c380 (0xff9ff06f) j       pc - 0x8
core   0: 3 0x8000c380 (0xff9ff06f)
core   0: 0x8000c378 (0x00004f17) auipc   t5, 0x4
core   0: 3 0x8000c378 (0x00004f17) x30 0x80010378
core   0: 0x8000c37c (0xc83f2423) sw      gp, -888(t5)
core   0: 3 0x8000c37c (0xc83f2423) mem 0x80010000 0x00000001
core   0: 0x8000c380 (0xff9ff06f) j       pc - 0x8
core   0: 3 0x8000c380 (0xff9ff06f)
core   0: 0x8000c378 (0x00004f17) auipc   t5, 0x4
core   0: 3 0x8000c378 (0x00004f17) x30 0x80010378
core   0: 0x8000c37c (0xc83f2423) sw      gp, -888(t5)
core   0: 3 0x8000c37c (0xc83f2423) mem 0x80010000 0x00000001
core   0: 0x8000c380 (0xff9ff06f) j       pc - 0x8
core   0: 3 0x8000c380 (0xff9ff06f)
core   0: 0x8000c378 (0x00004f17) auipc   t5, 0x4
core   0: 3 0x8000c378 (0x00004f17) x30 0x80010378
core   0: 0x8000c37c (0xc83f2423) sw      gp, -888(t5)
core   0: 3 0x8000c37c (0xc83f2423) mem 0x80010000 0x00000001
core   0: 0x8000c380 (0xff9ff06f) j       pc - 0x8
core   0: 3 0x8000c380 (0xff9ff06f)
core   0: 0x8000c378 (0x00004f17) auipc   t5, 0x4
core   0: 3 0x8000c378 (0x00004f17) x30 0x80010378
core   0: 0x8000c37c (0xc83f2423) sw      gp, -888(t5)
core   0: 3 0x8000c37c (0xc83f2423) mem 0x80010000 0x00000001
core   0: 0x8000c380 (0xff9ff06f) j       pc - 0x8
core   0: 3 0x8000c380 (0xff9ff06f)
core   0: 0x8000c378 (0x00004f17) auipc   t5, 0x4
core   0: 3 0x8000c378 (0x00004f17) x30 0x80010378
core   0: 0x8000c37c (0xc83f2423) sw      gp, -888(t5)
core   0: 3 0x8000c37c (0xc83f2423) mem 0x80010000 0x00000001
core   0: 0x8000c380 (0xff9ff06f) j       pc - 0x8
core   0: 3 0x8000c380 (0xff9ff06f)
core   0: 0x8000c378 (0x00004f17) auipc   t5, 0x4
core   0: 3 0x8000c378 (0x00004f17) x30 0x80010378
core   0: 0x8000c37c (0xc83f2423) sw      gp, -888(t5)
core   0: 3 0x8000c37c (0xc83f2423) mem 0x80010000 0x00000001
core   0: 0x8000c380 (0xff9ff06f) j       pc - 0x8
core   0: 3 0x8000c380 (0xff9ff06f)
core   0: 0x8000c378 (0x00004f17) auipc   t5, 0x4
core   0: 3 0x8000c378 (0x00004f17) x30 0x80010378
core   0: 0x8000c37c (0xc83f2423) sw      gp, -888(t5)
core   0: 3 0x8000c37c (0xc83f2423) mem 0x80010000 0x00000001
core   0: 0x8000c380 (0xff9ff06f) j       pc - 0x8
core   0: 3 0x8000c380 (0xff9ff06f)
core   0: 0x8000c378 (0x00004f17) auipc   t5, 0x4
core   0: 3 0x8000c378 (0x00004f17) x30 0x80010378
core   0: 0x8000c37c (0xc83f2423) sw      gp, -888(t5)
core   0: 3 0x8000c37c (0xc83f2423) mem 0x80010000 0x00000001
core   0: 0x8000c380 (0xff9ff06f) j       pc - 0x8
core   0: 3 0x8000c380 (0xff9ff06f)
core   0: 0x8000c378 (0x00004f17) auipc   t5, 0x4
core   0: 3 0x8000c378 (0x00004f17) x30 0x80010378
core   0: 0x8000c37c (0xc83f2423) sw      gp, -888(t5)
core   0: 3 0x8000c37c (0xc83f2423) mem 0x80010000 0x00000001
core   0: 0x8000c380 (0xff9ff06f) j       pc - 0x8
core   0: 3 0x8000c380 (0xff9ff06f)
core   0: 0x8000c378 (0x00004f17) auipc   t5, 0x4
core   0: 3 0x8000c378 (0x00004f17) x30 0x80010378
core   0: 0x8000c37c (0xc83f2423) sw      gp, -888(t5)
core   0: 3 0x8000c37c (0xc83f2423) mem 0x80010000 0x00000001
core   0: 0x8000c380 (0xff9ff06f) j       pc - 0x8
core   0: 3 0x8000c380 (0xff9ff06f)
core   0: 0x8000c378 (0x00004f17) auipc   t5, 0x4
core   0: 3 0x8000c378 (0x00004f17) x30 0x80010378
core   0: 0x8000c37c (0xc83f2423) sw      gp, -888(t5)
core   0: 3 0x8000c37c (0xc83f2423) mem 0x80010000 0x00000001
core   0: 0x8000c380 (0xff9ff06f) j       pc - 0x8
core   0: 3 0x8000c380 (0xff9ff06f)
core   0: 0x8000c378 (0x00004f17) auipc   t5, 0x4
core   0: 3 0x8000c378 (0x00004f17) x30 0x80010378
core   0: 0x8000c37c (0xc83f2423) sw      gp, -888(t5)
core   0: 3 0x8000c37c (0xc83f2423) mem 0x80010000 0x00000001
core   0: 0x8000c380 (0xff9ff06f) j       pc - 0x8
core   0: 3 0x8000c380 (0xff9ff06f)
core   0: 0x8000c378 (0x00004f17) auipc   t5, 0x4
core   0: 3 0x8000c378 (0x00004f17) x30 0x80010378
core   0: 0x8000c37c (0xc83f2423) sw      gp, -888(t5)
core   0: 3 0x8000c37c (0xc83f2423) mem 0x80010000 0x00000001
core   0: 0x8000c380 (0xff9ff06f) j       pc - 0x8
core   0: 3 0x8000c380 (0xff9ff06f)
core   0: 0x8000c378 (0x00004f17) auipc   t5, 0x4
core   0: 3 0x8000c378 (0x00004f17) x30 0x80010378
core   0: 0x8000c37c (0xc83f2423) sw      gp, -888(t5)
core   0: 3 0x8000c37c (0xc83f2423) mem 0x80010000 0x00000001
core   0: 0x8000c380 (0xff9ff06f) j       pc - 0x8
core   0: 3 0x8000c380 (0xff9ff06f)
core   0: 0x8000c378 (0x00004f17) auipc   t5, 0x4
core   0: 3 0x8000c378 (0x00004f17) x30 0x80010378
core   0: 0x8000c37c (0xc83f2423) sw      gp, -888(t5)
core   0: 3 0x8000c37c (0xc83f2423) mem 0x80010000 0x00000001
core   0: 0x8000c380 (0xff9ff06f) j       pc - 0x8
core   0: 3 0x8000c380 (0xff9ff06f)
core   0: 0x8000c378 (0x00004f17) auipc   t5, 0x4
core   0: 3 0x8000c378 (0x00004f17) x30 0x80010378
core   0: 0x8000c37c (0xc83f2423) sw      gp, -888(t5)
core   0: 3 0x8000c37c (0xc83f2423) mem 0x80010000 0x00000001
core   0: 0x8000c380 (0xff9ff06f) j       pc - 0x8
core   0: 3 0x8000c380 (0xff9ff06f)
core   0: 0x8000c378 (0x00004f17) auipc   t5, 0x4
core   0: 3 0x8000c378 (0x00004f17) x30 0x80010378
core   0: 0x8000c37c (0xc83f2423) sw      gp, -888(t5)
core   0: 3 0x8000c37c (0xc83f2423) mem 0x80010000 0x00000001
core   0: 0x8000c380 (0xff9ff06f) j       pc - 0x8
core   0: 3 0x8000c380 (0xff9ff06f)
core   0: 0x8000c378 (0x00004f17) auipc   t5, 0x4
core   0: 3 0x8000c378 (0x00004f17) x30 0x80010378
core   0: 0x8000c37c (0xc83f2423) sw      gp, -888(t5)
core   0: 3 0x8000c37c (0xc83f2423) mem 0x80010000 0x00000001
core   0: 0x8000c380 (0xff9ff06f) j       pc - 0x8
core   0: 3 0x8000c380 (0xff9ff06f)
core   0: 0x8000c378 (0x00004f17) auipc   t5, 0x4
core   0: 3 0x8000c378 (0x00004f17) x30 0x80010378
core   0: 0x8000c37c (0xc83f2423) sw      gp, -888(t5)
core   0: 3 0x8000c37c (0xc83f2423) mem 0x80010000 0x00000001
core   0: 0x8000c380 (0xff9ff06f) j       pc - 0x8
core   0: 3 0x8000c380 (0xff9ff06f)
core   0: 0x8000c378 (0x00004f17) auipc   t5, 0x4
core   0: 3 0x8000c378 (0x00004f17) x30 0x80010378
core   0: 0x8000c37c (0xc83f2423) sw      gp, -888(t5)
core   0: 3 0x8000c37c (0xc83f2423) mem 0x80010000 0x00000001
core   0: 0x8000c380 (0xff9ff06f) j       pc - 0x8
core   0: 3 0x8000c380 (0xff9ff06f)
core   0: 0x8000c378 (0x00004f17) auipc   t5, 0x4
core   0: 3 0x8000c378 (0x00004f17) x30 0x80010378
core   0: 0x8000c37c (0xc83f2423) sw      gp, -888(t5)
core   0: 3 0x8000c37c (0xc83f2423) mem 0x80010000 0x00000001
core   0: 0x8000c380 (0xff9ff06f) j       pc - 0x8
core   0: 3 0x8000c380 (0xff9ff06f)
core   0: 0x8000c378 (0x00004f17) auipc   t5, 0x4
core   0: 3 0x8000c378 (0x00004f17) x30 0x80010378
core   0: 0x8000c37c (0xc83f2423) sw      gp, -888(t5)
core   0: 3 0x8000c37c (0xc83f2423) mem 0x80010000 0x00000001
core   0: 0x8000c380 (0xff9ff06f) j       pc - 0x8
core   0: 3 0x8000c380 (0xff9ff06f)
core   0: 0x8000c378 (0x00004f17) auipc   t5, 0x4
core   0: 3 0x8000c378 (0x00004f17) x30 0x80010378
core   0: 0x8000c37c (0xc83f2423) sw      gp, -888(t5)
core   0: 3 0x8000c37c (0xc83f2423) mem 0x80010000 0x00000001
core   0: 0x8000c380 (0xff9ff06f) j       pc - 0x8
core   0: 3 0x8000c380 (0xff9ff06f)
core   0: 0x8000c378 (0x00004f17) auipc   t5, 0x4
core   0: 3 0x8000c378 (0x00004f17) x30 0x80010378
core   0: 0x8000c37c (0xc83f2423) sw      gp, -888(t5)
core   0: 3 0x8000c37c (0xc83f2423) mem 0x80010000 0x00000001
core   0: 0x8000c380 (0xff9ff06f) j       pc - 0x8
core   0: 3 0x8000c380 (0xff9ff06f)
core   0: 0x8000c378 (0x00004f17) auipc   t5, 0x4
core   0: 3 0x8000c378 (0x00004f17) x30 0x80010378
core   0: 0x8000c37c (0xc83f2423) sw      gp, -888(t5)
core   0: 3 0x8000c37c (0xc83f2423) mem 0x80010000 0x00000001
core   0: 0x8000c380 (0xff9ff06f) j       pc - 0x8
core   0: 3 0x8000c380 (0xff9ff06f)
core   0: 0x8000c378 (0x00004f17) auipc   t5, 0x4
core   0: 3 0x8000c378 (0x00004f17) x30 0x80010378
core   0: 0x8000c37c (0xc83f2423) sw      gp, -888(t5)
core   0: 3 0x8000c37c (0xc83f2423) mem 0x80010000 0x00000001
core   0: 0x8000c380 (0xff9ff06f) j       pc - 0x8
core   0: 3 0x8000c380 (0xff9ff06f)
core   0: 0x8000c378 (0x00004f17) auipc   t5, 0x4
core   0: 3 0x8000c378 (0x00004f17) x30 0x80010378
core   0: 0x8000c37c (0xc83f2423) sw      gp, -888(t5)
core   0: 3 0x8000c37c (0xc83f2423) mem 0x80010000 0x00000001
core   0: 0x8000c380 (0xff9ff06f) j       pc - 0x8
core   0: 3 0x8000c380 (0xff9ff06f)
core   0: 0x8000c378 (0x00004f17) auipc   t5, 0x4
core   0: 3 0x8000c378 (0x00004f17) x30 0x80010378
core   0: 0x8000c37c (0xc83f2423) sw      gp, -888(t5)
core   0: 3 0x8000c37c (0xc83f2423) mem 0x80010000 0x00000001
core   0: 0x8000c380 (0xff9ff06f) j       pc - 0x8
core   0: 3 0x8000c380 (0xff9ff06f)
core   0: 0x8000c378 (0x00004f17) auipc   t5, 0x4
core   0: 3 0x8000c378 (0x00004f17) x30 0x80010378
core   0: 0x8000c37c (0xc83f2423) sw      gp, -888(t5)
core   0: 3 0x8000c37c (0xc83f2423) mem 0x80010000 0x00000001
core   0: 0x8000c380 (0xff9ff06f) j       pc - 0x8
core   0: 3 0x8000c380 (0xff9ff06f)
core   0: 0x8000c378 (0x00004f17) auipc   t5, 0x4
core   0: 3 0x8000c378 (0x00004f17) x30 0x80010378
core   0: 0x8000c37c (0xc83f2423) sw      gp, -888(t5)
core   0: 3 0x8000c37c (0xc83f2423) mem 0x80010000 0x00000001
core   0: 0x8000c380 (0xff9ff06f) j       pc - 0x8
core   0: 3 0x8000c380 (0xff9ff06f)
core   0: 0x8000c378 (0x00004f17) auipc   t5, 0x4
core   0: 3 0x8000c378 (0x00004f17) x30 0x80010378
core   0: 0x8000c37c (0xc83f2423) sw      gp, -888(t5)
core   0: 3 0x8000c37c (0xc83f2423) mem 0x80010000 0x00000001
core   0: 0x8000c380 (0xff9ff06f) j       pc - 0x8
core   0: 3 0x8000c380 (0xff9ff06f)
core   0: 0x8000c378 (0x00004f17) auipc   t5, 0x4
core   0: 3 0x8000c378 (0x00004f17) x30 0x80010378
core   0: 0x8000c37c (0xc83f2423) sw      gp, -888(t5)
core   0: 3 0x8000c37c (0xc83f2423) mem 0x80010000 0x00000001
core   0: 0x8000c380 (0xff9ff06f) j       pc - 0x8
core   0: 3 0x8000c380 (0xff9ff06f)
core   0: 0x8000c378 (0x00004f17) auipc   t5, 0x4
core   0: 3 0x8000c378 (0x00004f17) x30 0x80010378
core   0: 0x8000c37c (0xc83f2423) sw      gp, -888(t5)
core   0: 3 0x8000c37c (0xc83f2423) mem 0x80010000 0x00000001
core   0: 0x8000c380 (0xff9ff06f) j       pc - 0x8
core   0: 3 0x8000c380 (0xff9ff06f)
core   0: 0x8000c378 (0x00004f17) auipc   t5, 0x4
core   0: 3 0x8000c378 (0x00004f17) x30 0x80010378
core   0: 0x8000c37c (0xc83f2423) sw      gp, -888(t5)
core   0: 3 0x8000c37c (0xc83f2423) mem 0x80010000 0x00000001
core   0: 0x8000c380 (0xff9ff06f) j       pc - 0x8
core   0: 3 0x8000c380 (0xff9ff06f)
core   0: 0x8000c378 (0x00004f17) auipc   t5, 0x4
core   0: 3 0x8000c378 (0x00004f17) x30 0x80010378
core   0: 0x8000c37c (0xc83f2423) sw      gp, -888(t5)
core   0: 3 0x8000c37c (0xc83f2423) mem 0x80010000 0x00000001
core   0: 0x8000c380 (0xff9ff06f) j       pc - 0x8
core   0: 3 0x8000c380 (0xff9ff06f)
core   0: 0x8000c378 (0x00004f17) auipc   t5, 0x4
core   0: 3 0x8000c378 (0x00004f17) x30 0x80010378
core   0: 0x8000c37c (0xc83f2423) sw      gp, -888(t5)
core   0: 3 0x8000c37c (0xc83f2423) mem 0x80010000 0x00000001
core   0: 0x8000c380 (0xff9ff06f) j       pc - 0x8
core   0: 3 0x8000c380 (0xff9ff06f)
core   0: 0x8000c378 (0x00004f17) auipc   t5, 0x4
core   0: 3 0x8000c378 (0x00004f17) x30 0x80010378
core   0: 0x8000c37c (0xc83f2423) sw      gp, -888(t5)
core   0: 3 0x8000c37c (0xc83f2423) mem 0x80010000 0x00000001
core   0: 0x8000c380 (0xff9ff06f) j       pc - 0x8
core   0: 3 0x8000c380 (0xff9ff06f)
core   0: 0x8000c378 (0x00004f17) auipc   t5, 0x4
core   0: 3 0x8000c378 (0x00004f17) x30 0x80010378
core   0: 0x8000c37c (0xc83f2423) sw      gp, -888(t5)
core   0: 3 0x8000c37c (0xc83f2423) mem 0x80010000 0x00000001
core   0: 0x8000c380 (0xff9ff06f) j       pc - 0x8
core   0: 3 0x8000c380 (0xff9ff06f)
core   0: 0x8000c378 (0x00004f17) auipc   t5, 0x4
core   0: 3 0x8000c378 (0x00004f17) x30 0x80010378
core   0: 0x8000c37c (0xc83f2423) sw      gp, -888(t5)
core   0: 3 0x8000c37c (0xc83f2423) mem 0x80010000 0x00000001
core   0: 0x8000c380 (0xff9ff06f) j       pc - 0x8
core   0: 3 0x8000c380 (0xff9ff06f)
core   0: 0x8000c378 (0x00004f17) auipc   t5, 0x4
core   0: 3 0x8000c378 (0x00004f17) x30 0x80010378
core   0: 0x8000c37c (0xc83f2423) sw      gp, -888(t5)
core   0: 3 0x8000c37c (0xc83f2423) mem 0x80010000 0x00000001
core   0: 0x8000c380 (0xff9ff06f) j       pc - 0x8
core   0: 3 0x8000c380 (0xff9ff06f)
core   0: 0x8000c378 (0x00004f17) auipc   t5, 0x4
core   0: 3 0x8000c378 (0x00004f17) x30 0x80010378
core   0: 0x8000c37c (0xc83f2423) sw      gp, -888(t5)
core   0: 3 0x8000c37c (0xc83f2423) mem 0x80010000 0x00000001
core   0: 0x8000c380 (0xff9ff06f) j       pc - 0x8
core   0: 3 0x8000c380 (0xff9ff06f)
core   0: 0x8000c378 (0x00004f17) auipc   t5, 0x4
core   0: 3 0x8000c378 (0x00004f17) x30 0x80010378
core   0: 0x8000c37c (0xc83f2423) sw      gp, -888(t5)
core   0: 3 0x8000c37c (0xc83f2423) mem 0x80010000 0x00000001
core   0: 0x8000c380 (0xff9ff06f) j       pc - 0x8
core   0: 3 0x8000c380 (0xff9ff06f)
core   0: 0x8000c378 (0x00004f17) auipc   t5, 0x4
core   0: 3 0x8000c378 (0x00004f17) x30 0x80010378
core   0: 0x8000c37c (0xc83f2423) sw      gp, -888(t5)
core   0: 3 0x8000c37c (0xc83f2423) mem 0x80010000 0x00000001
core   0: 0x8000c380 (0xff9ff06f) j       pc - 0x8
core   0: 3 0x8000c380 (0xff9ff06f)
core   0: 0x8000c378 (0x00004f17) auipc   t5, 0x4
core   0: 3 0x8000c378 (0x00004f17) x30 0x80010378
core   0: 0x8000c37c (0xc83f2423) sw      gp, -888(t5)
core   0: 3 0x8000c37c (0xc83f2423) mem 0x80010000 0x00000001
core   0: 0x8000c380 (0xff9ff06f) j       pc - 0x8
core   0: 3 0x8000c380 (0xff9ff06f)
core   0: 0x8000c378 (0x00004f17) auipc   t5, 0x4
core   0: 3 0x8000c378 (0x00004f17) x30 0x80010378
core   0: 0x8000c37c (0xc83f2423) sw      gp, -888(t5)
core   0: 3 0x8000c37c (0xc83f2423) mem 0x80010000 0x00000001
core   0: 0x8000c380 (0xff9ff06f) j       pc - 0x8
core   0: 3 0x8000c380 (0xff9ff06f)
core   0: 0x8000c378 (0x00004f17) auipc   t5, 0x4
core   0: 3 0x8000c378 (0x00004f17) x30 0x80010378
core   0: 0x8000c37c (0xc83f2423) sw      gp, -888(t5)
core   0: 3 0x8000c37c (0xc83f2423) mem 0x80010000 0x00000001
core   0: 0x8000c380 (0xff9ff06f) j       pc - 0x8
core   0: 3 0x8000c380 (0xff9ff06f)
core   0: 0x8000c378 (0x00004f17) auipc   t5, 0x4
core   0: 3 0x8000c378 (0x00004f17) x30 0x80010378
core   0: 0x8000c37c (0xc83f2423) sw      gp, -888(t5)
core   0: 3 0x8000c37c (0xc83f2423) mem 0x80010000 0x00000001
core   0: 0x8000c380 (0xff9ff06f) j       pc - 0x8
core   0: 3 0x8000c380 (0xff9ff06f)
core   0: 0x8000c378 (0x00004f17) auipc   t5, 0x4
core   0: 3 0x8000c378 (0x00004f17) x30 0x80010378
core   0: 0x8000c37c (0xc83f2423) sw      gp, -888(t5)
core   0: 3 0x8000c37c (0xc83f2423) mem 0x80010000 0x00000001
core   0: 0x8000c380 (0xff9ff06f) j       pc - 0x8
core   0: 3 0x8000c380 (0xff9ff06f)
core   0: 0x8000c378 (0x00004f17) auipc   t5, 0x4
core   0: 3 0x8000c378 (0x00004f17) x30 0x80010378
core   0: 0x8000c37c (0xc83f2423) sw      gp, -888(t5)
core   0: 3 0x8000c37c (0xc83f2423) mem 0x80010000 0x00000001
core   0: 0x8000c380 (0xff9ff06f) j       pc - 0x8
core   0: 3 0x8000c380 (0xff9ff06f)
core   0: 0x8000c378 (0x00004f17) auipc   t5, 0x4
core   0: 3 0x8000c378 (0x00004f17) x30 0x80010378
core   0: 0x8000c37c (0xc83f2423) sw      gp, -888(t5)
core   0: 3 0x8000c37c (0xc83f2423) mem 0x80010000 0x00000001
core   0: 0x8000c380 (0xff9ff06f) j       pc - 0x8
core   0: 3 0x8000c380 (0xff9ff06f)
core   0: 0x8000c378 (0x00004f17) auipc   t5, 0x4
core   0: 3 0x8000c378 (0x00004f17) x30 0x80010378
core   0: 0x8000c37c (0xc83f2423) sw      gp, -888(t5)
core   0: 3 0x8000c37c (0xc83f2423) mem 0x80010000 0x00000001
core   0: 0x8000c380 (0xff9ff06f) j       pc - 0x8
core   0: 3 0x8000c380 (0xff9ff06f)
core   0: 0x8000c378 (0x00004f17) auipc   t5, 0x4
core   0: 3 0x8000c378 (0x00004f17) x30 0x80010378
core   0: 0x8000c37c (0xc83f2423) sw      gp, -888(t5)
core   0: 3 0x8000c37c (0xc83f2423) mem 0x80010000 0x00000001
core   0: 0x8000c380 (0xff9ff06f) j       pc - 0x8
core   0: 3 0x8000c380 (0xff9ff06f)
core   0: 0x8000c378 (0x00004f17) auipc   t5, 0x4
core   0: 3 0x8000c378 (0x00004f17) x30 0x80010378
core   0: 0x8000c37c (0xc83f2423) sw      gp, -888(t5)
core   0: 3 0x8000c37c (0xc83f2423) mem 0x80010000 0x00000001
core   0: 0x8000c380 (0xff9ff06f) j       pc - 0x8
core   0: 3 0x8000c380 (0xff9ff06f)
core   0: 0x8000c378 (0x00004f17) auipc   t5, 0x4
core   0: 3 0x8000c378 (0x00004f17) x30 0x80010378
core   0: 0x8000c37c (0xc83f2423) sw      gp, -888(t5)
core   0: 3 0x8000c37c (0xc83f2423) mem 0x80010000 0x00000001
core   0: 0x8000c380 (0xff9ff06f) j       pc - 0x8
core   0: 3 0x8000c380 (0xff9ff06f)
core   0: 0x8000c378 (0x00004f17) auipc   t5, 0x4
core   0: 3 0x8000c378 (0x00004f17) x30 0x80010378
core   0: 0x8000c37c (0xc83f2423) sw      gp, -888(t5)
core   0: 3 0x8000c37c (0xc83f2423) mem 0x80010000 0x00000001
core   0: 0x8000c380 (0xff9ff06f) j       pc - 0x8
core   0: 3 0x8000c380 (0xff9ff06f)
core   0: 0x8000c378 (0x00004f17) auipc   t5, 0x4
core   0: 3 0x8000c378 (0x00004f17) x30 0x80010378
core   0: 0x8000c37c (0xc83f2423) sw      gp, -888(t5)
core   0: 3 0x8000c37c (0xc83f2423) mem 0x80010000 0x00000001
core   0: 0x8000c380 (0xff9ff06f) j       pc - 0x8
core   0: 3 0x8000c380 (0xff9ff06f)
core   0: 0x8000c378 (0x00004f17) auipc   t5, 0x4
core   0: 3 0x8000c378 (0x00004f17) x30 0x80010378
core   0: 0x8000c37c (0xc83f2423) sw      gp, -888(t5)
core   0: 3 0x8000c37c (0xc83f2423) mem 0x80010000 0x00000001
core   0: 0x8000c380 (0xff9ff06f) j       pc - 0x8
core   0: 3 0x8000c380 (0xff9ff06f)
core   0: 0x8000c378 (0x00004f17) auipc   t5, 0x4
core   0: 3 0x8000c378 (0x00004f17) x30 0x80010378
core   0: 0x8000c37c (0xc83f2423) sw      gp, -888(t5)
core   0: 3 0x8000c37c (0xc83f2423) mem 0x80010000 0x00000001
core   0: 0x8000c380 (0xff9ff06f) j       pc - 0x8
core   0: 3 0x8000c380 (0xff9ff06f)
core   0: 0x8000c378 (0x00004f17) auipc   t5, 0x4
core   0: 3 0x8000c378 (0x00004f17) x30 0x80010378
core   0: 0x8000c37c (0xc83f2423) sw      gp, -888(t5)
core   0: 3 0x8000c37c (0xc83f2423) mem 0x80010000 0x00000001
core   0: 0x8000c380 (0xff9ff06f) j       pc - 0x8
core   0: 3 0x8000c380 (0xff9ff06f)
core   0: 0x8000c378 (0x00004f17) auipc   t5, 0x4
core   0: 3 0x8000c378 (0x00004f17) x30 0x80010378
core   0: 0x8000c37c (0xc83f2423) sw      gp, -888(t5)
core   0: 3 0x8000c37c (0xc83f2423) mem 0x80010000 0x00000001
core   0: 0x8000c380 (0xff9ff06f) j       pc - 0x8
core   0: 3 0x8000c380 (0xff9ff06f)
core   0: 0x8000c378 (0x00004f17) auipc   t5, 0x4
core   0: 3 0x8000c378 (0x00004f17) x30 0x80010378
core   0: 0x8000c37c (0xc83f2423) sw      gp, -888(t5)
core   0: 3 0x8000c37c (0xc83f2423) mem 0x80010000 0x00000001
core   0: 0x8000c380 (0xff9ff06f) j       pc - 0x8
core   0: 3 0x8000c380 (0xff9ff06f)
core   0: 0x8000c378 (0x00004f17) auipc   t5, 0x4
core   0: 3 0x8000c378 (0x00004f17) x30 0x80010378
core   0: 0x8000c37c (0xc83f2423) sw      gp, -888(t5)
core   0: 3 0x8000c37c (0xc83f2423) mem 0x80010000 0x00000001
core   0: 0x8000c380 (0xff9ff06f) j       pc - 0x8
core   0: 3 0x8000c380 (0xff9ff06f)
core   0: 0x8000c378 (0x00004f17) auipc   t5, 0x4
core   0: 3 0x8000c378 (0x00004f17) x30 0x80010378
core   0: 0x8000c37c (0xc83f2423) sw      gp, -888(t5)
core   0: 3 0x8000c37c (0xc83f2423) mem 0x80010000 0x00000001
core   0: 0x8000c380 (0xff9ff06f) j       pc - 0x8
core   0: 3 0x8000c380 (0xff9ff06f)
core   0: 0x8000c378 (0x00004f17) auipc   t5, 0x4
core   0: 3 0x8000c378 (0x00004f17) x30 0x80010378
core   0: 0x8000c37c (0xc83f2423) sw      gp, -888(t5)
core   0: 3 0x8000c37c (0xc83f2423) mem 0x80010000 0x00000001
core   0: 0x8000c380 (0xff9ff06f) j       pc - 0x8
core   0: 3 0x8000c380 (0xff9ff06f)
core   0: 0x8000c378 (0x00004f17) auipc   t5, 0x4
core   0: 3 0x8000c378 (0x00004f17) x30 0x80010378
core   0: 0x8000c37c (0xc83f2423) sw      gp, -888(t5)
core   0: 3 0x8000c37c (0xc83f2423) mem 0x80010000 0x00000001
core   0: 0x8000c380 (0xff9ff06f) j       pc - 0x8
core   0: 3 0x8000c380 (0xff9ff06f)
core   0: 0x8000c378 (0x00004f17) auipc   t5, 0x4
core   0: 3 0x8000c378 (0x00004f17) x30 0x80010378
core   0: 0x8000c37c (0xc83f2423) sw      gp, -888(t5)
core   0: 3 0x8000c37c (0xc83f2423) mem 0x80010000 0x00000001
core   0: 0x8000c380 (0xff9ff06f) j       pc - 0x8
core   0: 3 0x8000c380 (0xff9ff06f)
core   0: 0x8000c378 (0x00004f17) auipc   t5, 0x4
core   0: 3 0x8000c378 (0x00004f17) x30 0x80010378
core   0: 0x8000c37c (0xc83f2423) sw      gp, -888(t5)
core   0: 3 0x8000c37c (0xc83f2423) mem 0x80010000 0x00000001
core   0: 0x8000c380 (0xff9ff06f) j       pc - 0x8
core   0: 3 0x8000c380 (0xff9ff06f)
core   0: 0x8000c378 (0x00004f17) auipc   t5, 0x4
core   0: 3 0x8000c378 (0x00004f17) x30 0x80010378
core   0: 0x8000c37c (0xc83f2423) sw      gp, -888(t5)
core   0: 3 0x8000c37c (0xc83f2423) mem 0x80010000 0x00000001
core   0: 0x8000c380 (0xff9ff06f) j       pc - 0x8
core   0: 3 0x8000c380 (0xff9ff06f)
core   0: 0x8000c378 (0x00004f17) auipc   t5, 0x4
core   0: 3 0x8000c378 (0x00004f17) x30 0x80010378
core   0: 0x8000c37c (0xc83f2423) sw      gp, -888(t5)
core   0: 3 0x8000c37c (0xc83f2423) mem 0x80010000 0x00000001
core   0: 0x8000c380 (0xff9ff06f) j       pc - 0x8
core   0: 3 0x8000c380 (0xff9ff06f)
core   0: 0x8000c378 (0x00004f17) auipc   t5, 0x4
core   0: 3 0x8000c378 (0x00004f17) x30 0x80010378
core   0: 0x8000c37c (0xc83f2423) sw      gp, -888(t5)
core   0: 3 0x8000c37c (0xc83f2423) mem 0x80010000 0x00000001
core   0: 0x8000c380 (0xff9ff06f) j       pc - 0x8
core   0: 3 0x8000c380 (0xff9ff06f)
core   0: 0x8000c378 (0x00004f17) auipc   t5, 0x4
core   0: 3 0x8000c378 (0x00004f17) x30 0x80010378
core   0: 0x8000c37c (0xc83f2423) sw      gp, -888(t5)
core   0: 3 0x8000c37c (0xc83f2423) mem 0x80010000 0x00000001
core   0: 0x8000c380 (0xff9ff06f) j       pc - 0x8
core   0: 3 0x8000c380 (0xff9ff06f)
core   0: 0x8000c378 (0x00004f17) auipc   t5, 0x4
core   0: 3 0x8000c378 (0x00004f17) x30 0x80010378
core   0: 0x8000c37c (0xc83f2423) sw      gp, -888(t5)
core   0: 3 0x8000c37c (0xc83f2423) mem 0x80010000 0x00000001
core   0: 0x8000c380 (0xff9ff06f) j       pc - 0x8
core   0: 3 0x8000c380 (0xff9ff06f)
core   0: 0x8000c378 (0x00004f17) auipc   t5, 0x4
core   0: 3 0x8000c378 (0x00004f17) x30 0x80010378
core   0: 0x8000c37c (0xc83f2423) sw      gp, -888(t5)
core   0: 3 0x8000c37c (0xc83f2423) mem 0x80010000 0x00000001
core   0: 0x8000c380 (0xff9ff06f) j       pc - 0x8
core   0: 3 0x8000c380 (0xff9ff06f)
core   0: 0x8000c378 (0x00004f17) auipc   t5, 0x4
core   0: 3 0x8000c378 (0x00004f17) x30 0x80010378
core   0: 0x8000c37c (0xc83f2423) sw      gp, -888(t5)
core   0: 3 0x8000c37c (0xc83f2423) mem 0x80010000 0x00000001
core   0: 0x8000c380 (0xff9ff06f) j       pc - 0x8
core   0: 3 0x8000c380 (0xff9ff06f)
core   0: 0x8000c378 (0x00004f17) auipc   t5, 0x4
core   0: 3 0x8000c378 (0x00004f17) x30 0x80010378
core   0: 0x8000c37c (0xc83f2423) sw      gp, -888(t5)
core   0: 3 0x8000c37c (0xc83f2423) mem 0x80010000 0x00000001
core   0: 0x8000c380 (0xff9ff06f) j       pc - 0x8
core   0: 3 0x8000c380 (0xff9ff06f)
core   0: 0x8000c378 (0x00004f17) auipc   t5, 0x4
core   0: 3 0x8000c378 (0x00004f17) x30 0x80010378
core   0: 0x8000c37c (0xc83f2423) sw      gp, -888(t5)
core   0: 3 0x8000c37c (0xc83f2423) mem 0x80010000 0x00000001
core   0: 0x8000c380 (0xff9ff06f) j       pc - 0x8
core   0: 3 0x8000c380 (0xff9ff06f)
core   0: 0x8000c378 (0x00004f17) auipc   t5, 0x4
core   0: 3 0x8000c378 (0x00004f17) x30 0x80010378
core   0: 0x8000c37c (0xc83f2423) sw      gp, -888(t5)
core   0: 3 0x8000c37c (0xc83f2423) mem 0x80010000 0x00000001
core   0: 0x8000c380 (0xff9ff06f) j       pc - 0x8
core   0: 3 0x8000c380 (0xff9ff06f)
core   0: 0x8000c378 (0x00004f17) auipc   t5, 0x4
core   0: 3 0x8000c378 (0x00004f17) x30 0x80010378
core   0: 0x8000c37c (0xc83f2423) sw      gp, -888(t5)
core   0: 3 0x8000c37c (0xc83f2423) mem 0x80010000 0x00000001
core   0: 0x8000c380 (0xff9ff06f) j       pc - 0x8
core   0: 3 0x8000c380 (0xff9ff06f)
core   0: 0x8000c378 (0x00004f17) auipc   t5, 0x4
core   0: 3 0x8000c378 (0x00004f17) x30 0x80010378
core   0: 0x8000c37c (0xc83f2423) sw      gp, -888(t5)
core   0: 3 0x8000c37c (0xc83f2423) mem 0x80010000 0x00000001
core   0: 0x8000c380 (0xff9ff06f) j       pc - 0x8
core   0: 3 0x8000c380 (0xff9ff06f)
core   0: 0x8000c378 (0x00004f17) auipc   t5, 0x4
core   0: 3 0x8000c378 (0x00004f17) x30 0x80010378
core   0: 0x8000c37c (0xc83f2423) sw      gp, -888(t5)
core   0: 3 0x8000c37c (0xc83f2423) mem 0x80010000 0x00000001
core   0: 0x8000c380 (0xff9ff06f) j       pc - 0x8
core   0: 3 0x8000c380 (0xff9ff06f)
core   0: 0x8000c378 (0x00004f17) auipc   t5, 0x4
core   0: 3 0x8000c378 (0x00004f17) x30 0x80010378
core   0: 0x8000c37c (0xc83f2423) sw      gp, -888(t5)
core   0: 3 0x8000c37c (0xc83f2423) mem 0x80010000 0x00000001
core   0: 0x8000c380 (0xff9ff06f) j       pc - 0x8
core   0: 3 0x8000c380 (0xff9ff06f)
core   0: 0x8000c378 (0x00004f17) auipc   t5, 0x4
core   0: 3 0x8000c378 (0x00004f17) x30 0x80010378
core   0: 0x8000c37c (0xc83f2423) sw      gp, -888(t5)
core   0: 3 0x8000c37c (0xc83f2423) mem 0x80010000 0x00000001
core   0: 0x8000c380 (0xff9ff06f) j       pc - 0x8
core   0: 3 0x8000c380 (0xff9ff06f)
core   0: 0x8000c378 (0x00004f17) auipc   t5, 0x4
core   0: 3 0x8000c378 (0x00004f17) x30 0x80010378
core   0: 0x8000c37c (0xc83f2423) sw      gp, -888(t5)
core   0: 3 0x8000c37c (0xc83f2423) mem 0x80010000 0x00000001
core   0: 0x8000c380 (0xff9ff06f) j       pc - 0x8
core   0: 3 0x8000c380 (0xff9ff06f)
core   0: 0x8000c378 (0x00004f17) auipc   t5, 0x4
core   0: 3 0x8000c378 (0x00004f17) x30 0x80010378
core   0: 0x8000c37c (0xc83f2423) sw      gp, -888(t5)
core   0: 3 0x8000c37c (0xc83f2423) mem 0x80010000 0x00000001
core   0: 0x8000c380 (0xff9ff06f) j       pc - 0x8
core   0: 3 0x8000c380 (0xff9ff06f)
core   0: 0x8000c378 (0x00004f17) auipc   t5, 0x4
core   0: 3 0x8000c378 (0x00004f17) x30 0x80010378
core   0: 0x8000c37c (0xc83f2423) sw      gp, -888(t5)
core   0: 3 0x8000c37c (0xc83f2423) mem 0x80010000 0x00000001
core   0: 0x8000c380 (0xff9ff06f) j       pc - 0x8
core   0: 3 0x8000c380 (0xff9ff06f)
core   0: 0x8000c378 (0x00004f17) auipc   t5, 0x4
core   0: 3 0x8000c378 (0x00004f17) x30 0x80010378
core   0: 0x8000c37c (0xc83f2423) sw      gp, -888(t5)
core   0: 3 0x8000c37c (0xc83f2423) mem 0x80010000 0x00000001
core   0: 0x8000c380 (0xff9ff06f) j       pc - 0x8
core   0: 3 0x8000c380 (0xff9ff06f)
core   0: 0x8000c378 (0x00004f17) auipc   t5, 0x4
core   0: 3 0x8000c378 (0x00004f17) x30 0x80010378
core   0: 0x8000c37c (0xc83f2423) sw      gp, -888(t5)
core   0: 3 0x8000c37c (0xc83f2423) mem 0x80010000 0x00000001
core   0: 0x8000c380 (0xff9ff06f) j       pc - 0x8
core   0: 3 0x8000c380 (0xff9ff06f)
core   0: 0x8000c378 (0x00004f17) auipc   t5, 0x4
core   0: 3 0x8000c378 (0x00004f17) x30 0x80010378
core   0: 0x8000c37c (0xc83f2423) sw      gp, -888(t5)
core   0: 3 0x8000c37c (0xc83f2423) mem 0x80010000 0x00000001
core   0: 0x8000c380 (0xff9ff06f) j       pc - 0x8
core   0: 3 0x8000c380 (0xff9ff06f)
core   0: 0x8000c378 (0x00004f17) auipc   t5, 0x4
core   0: 3 0x8000c378 (0x00004f17) x30 0x80010378
core   0: 0x8000c37c (0xc83f2423) sw      gp, -888(t5)
core   0: 3 0x8000c37c (0xc83f2423) mem 0x80010000 0x00000001
core   0: 0x8000c380 (0xff9ff06f) j       pc - 0x8
core   0: 3 0x8000c380 (0xff9ff06f)
core   0: 0x8000c378 (0x00004f17) auipc   t5, 0x4
core   0: 3 0x8000c378 (0x00004f17) x30 0x80010378
core   0: 0x8000c37c (0xc83f2423) sw      gp, -888(t5)
core   0: 3 0x8000c37c (0xc83f2423) mem 0x80010000 0x00000001
core   0: 0x8000c380 (0xff9ff06f) j       pc - 0x8
core   0: 3 0x8000c380 (0xff9ff06f)
core   0: 0x8000c378 (0x00004f17) auipc   t5, 0x4
core   0: 3 0x8000c378 (0x00004f17) x30 0x80010378
core   0: 0x8000c37c (0xc83f2423) sw      gp, -888(t5)
core   0: 3 0x8000c37c (0xc83f2423) mem 0x80010000 0x00000001
core   0: 0x8000c380 (0xff9ff06f) j       pc - 0x8
core   0: 3 0x8000c380 (0xff9ff06f)
core   0: 0x8000c378 (0x00004f17) auipc   t5, 0x4
core   0: 3 0x8000c378 (0x00004f17) x30 0x80010378
core   0: 0x8000c37c (0xc83f2423) sw      gp, -888(t5)
core   0: 3 0x8000c37c (0xc83f2423) mem 0x80010000 0x00000001
core   0: 0x8000c380 (0xff9ff06f) j       pc - 0x8
core   0: 3 0x8000c380 (0xff9ff06f)
core   0: 0x8000c378 (0x00004f17) auipc   t5, 0x4
core   0: 3 0x8000c378 (0x00004f17) x30 0x80010378
core   0: 0x8000c37c (0xc83f2423) sw      gp, -888(t5)
core   0: 3 0x8000c37c (0xc83f2423) mem 0x80010000 0x00000001
core   0: 0x8000c380 (0xff9ff06f) j       pc - 0x8
core   0: 3 0x8000c380 (0xff9ff06f)
core   0: 0x8000c378 (0x00004f17) auipc   t5, 0x4
core   0: 3 0x8000c378 (0x00004f17) x30 0x80010378
core   0: 0x8000c37c (0xc83f2423) sw      gp, -888(t5)
core   0: 3 0x8000c37c (0xc83f2423) mem 0x80010000 0x00000001
core   0: 0x8000c380 (0xff9ff06f) j       pc - 0x8
core   0: 3 0x8000c380 (0xff9ff06f)
core   0: 0x8000c378 (0x00004f17) auipc   t5, 0x4
core   0: 3 0x8000c378 (0x00004f17) x30 0x80010378
core   0: 0x8000c37c (0xc83f2423) sw      gp, -888(t5)
core   0: 3 0x8000c37c (0xc83f2423) mem 0x80010000 0x00000001
core   0: 0x8000c380 (0xff9ff06f) j       pc - 0x8
core   0: 3 0x8000c380 (0xff9ff06f)
core   0: 0x8000c378 (0x00004f17) auipc   t5, 0x4
core   0: 3 0x8000c378 (0x00004f17) x30 0x80010378
core   0: 0x8000c37c (0xc83f2423) sw      gp, -888(t5)
core   0: 3 0x8000c37c (0xc83f2423) mem 0x80010000 0x00000001
core   0: 0x8000c380 (0xff9ff06f) j       pc - 0x8
core   0: 3 0x8000c380 (0xff9ff06f)
core   0: 0x8000c378 (0x00004f17) auipc   t5, 0x4
core   0: 3 0x8000c378 (0x00004f17) x30 0x80010378
core   0: 0x8000c37c (0xc83f2423) sw      gp, -888(t5)
core   0: 3 0x8000c37c (0xc83f2423) mem 0x80010000 0x00000001
core   0: 0x8000c380 (0xff9ff06f) j       pc - 0x8
core   0: 3 0x8000c380 (0xff9ff06f)
core   0: 0x8000c378 (0x00004f17) auipc   t5, 0x4
core   0: 3 0x8000c378 (0x00004f17) x30 0x80010378
core   0: 0x8000c37c (0xc83f2423) sw      gp, -888(t5)
core   0: 3 0x8000c37c (0xc83f2423) mem 0x80010000 0x00000001
core   0: 0x8000c380 (0xff9ff06f) j       pc - 0x8
core   0: 3 0x8000c380 (0xff9ff06f)
core   0: 0x8000c378 (0x00004f17) auipc   t5, 0x4
core   0: 3 0x8000c378 (0x00004f17) x30 0x80010378
core   0: 0x8000c37c (0xc83f2423) sw      gp, -888(t5)
core   0: 3 0x8000c37c (0xc83f2423) mem 0x80010000 0x00000001
core   0: 0x8000c380 (0xff9ff06f) j       pc - 0x8
core   0: 3 0x8000c380 (0xff9ff06f)
core   0: 0x8000c378 (0x00004f17) auipc   t5, 0x4
core   0: 3 0x8000c378 (0x00004f17) x30 0x80010378
core   0: 0x8000c37c (0xc83f2423) sw      gp, -888(t5)
core   0: 3 0x8000c37c (0xc83f2423) mem 0x80010000 0x00000001
core   0: 0x8000c380 (0xff9ff06f) j       pc - 0x8
core   0: 3 0x8000c380 (0xff9ff06f)
core   0: 0x8000c378 (0x00004f17) auipc   t5, 0x4
core   0: 3 0x8000c378 (0x00004f17) x30 0x80010378
core   0: 0x8000c37c (0xc83f2423) sw      gp, -888(t5)
core   0: 3 0x8000c37c (0xc83f2423) mem 0x80010000 0x00000001
core   0: 0x8000c380 (0xff9ff06f) j       pc - 0x8
core   0: 3 0x8000c380 (0xff9ff06f)
core   0: 0x8000c378 (0x00004f17) auipc   t5, 0x4
core   0: 3 0x8000c378 (0x00004f17) x30 0x80010378
core   0: 0x8000c37c (0xc83f2423) sw      gp, -888(t5)
core   0: 3 0x8000c37c (0xc83f2423) mem 0x80010000 0x00000001
core   0: 0x8000c380 (0xff9ff06f) j       pc - 0x8
core   0: 3 0x8000c380 (0xff9ff06f)
core   0: 0x8000c378 (0x00004f17) auipc   t5, 0x4
core   0: 3 0x8000c378 (0x00004f17) x30 0x80010378
core   0: 0x8000c37c (0xc83f2423) sw      gp, -888(t5)
core   0: 3 0x8000c37c (0xc83f2423) mem 0x80010000 0x00000001
core   0: 0x8000c380 (0xff9ff06f) j       pc - 0x8
core   0: 3 0x8000c380 (0xff9ff06f)
core   0: 0x8000c378 (0x00004f17) auipc   t5, 0x4
core   0: 3 0x8000c378 (0x00004f17) x30 0x80010378
core   0: 0x8000c37c (0xc83f2423) sw      gp, -888(t5)
core   0: 3 0x8000c37c (0xc83f2423) mem 0x80010000 0x00000001
core   0: 0x8000c380 (0xff9ff06f) j       pc - 0x8
core   0: 3 0x8000c380 (0xff9ff06f)
core   0: 0x8000c378 (0x00004f17) auipc   t5, 0x4
core   0: 3 0x8000c378 (0x00004f17) x30 0x80010378
core   0: 0x8000c37c (0xc83f2423) sw      gp, -888(t5)
core   0: 3 0x8000c37c (0xc83f2423) mem 0x80010000 0x00000001
core   0: 0x8000c380 (0xff9ff06f) j       pc - 0x8
core   0: 3 0x8000c380 (0xff9ff06f)
core   0: 0x8000c378 (0x00004f17) auipc   t5, 0x4
core   0: 3 0x8000c378 (0x00004f17) x30 0x80010378
core   0: 0x8000c37c (0xc83f2423) sw      gp, -888(t5)
core   0: 3 0x8000c37c (0xc83f2423) mem 0x80010000 0x00000001
core   0: 0x8000c380 (0xff9ff06f) j       pc - 0x8
core   0: 3 0x8000c380 (0xff9ff06f)
core   0: 0x8000c378 (0x00004f17) auipc   t5, 0x4
core   0: 3 0x8000c378 (0x00004f17) x30 0x80010378
core   0: 0x8000c37c (0xc83f2423) sw      gp, -888(t5)
core   0: 3 0x8000c37c (0xc83f2423) mem 0x80010000 0x00000001
core   0: 0x8000c380 (0xff9ff06f) j       pc - 0x8
core   0: 3 0x8000c380 (0xff9ff06f)
core   0: 0x8000c378 (0x00004f17) auipc   t5, 0x4
core   0: 3 0x8000c378 (0x00004f17) x30 0x80010378
core   0: 0x8000c37c (0xc83f2423) sw      gp, -888(t5)
core   0: 3 0x8000c37c (0xc83f2423) mem 0x80010000 0x00000001
core   0: 0x8000c380 (0xff9ff06f) j       pc - 0x8
core   0: 3 0x8000c380 (0xff9ff06f)
core   0: 0x8000c378 (0x00004f17) auipc   t5, 0x4
core   0: 3 0x8000c378 (0x00004f17) x30 0x80010378
core   0: 0x8000c37c (0xc83f2423) sw      gp, -888(t5)
core   0: 3 0x8000c37c (0xc83f2423) mem 0x80010000 0x00000001
core   0: 0x8000c380 (0xff9ff06f) j       pc - 0x8
core   0: 3 0x8000c380 (0xff9ff06f)
core   0: 0x8000c378 (0x00004f17) auipc   t5, 0x4
core   0: 3 0x8000c378 (0x00004f17) x30 0x80010378
core   0: 0x8000c37c (0xc83f2423) sw      gp, -888(t5)
core   0: 3 0x8000c37c (0xc83f2423) mem 0x80010000 0x00000001
core   0: 0x8000c380 (0xff9ff06f) j       pc - 0x8
core   0: 3 0x8000c380 (0xff9ff06f)
core   0: 0x8000c378 (0x00004f17) auipc   t5, 0x4
core   0: 3 0x8000c378 (0x00004f17) x30 0x80010378
core   0: 0x8000c37c (0xc83f2423) sw      gp, -888(t5)
core   0: 3 0x8000c37c (0xc83f2423) mem 0x80010000 0x00000001
core   0: 0x8000c380 (0xff9ff06f) j       pc - 0x8
core   0: 3 0x8000c380 (0xff9ff06f)
core   0: 0x8000c378 (0x00004f17) auipc   t5, 0x4
core   0: 3 0x8000c378 (0x00004f17) x30 0x80010378
core   0: 0x8000c37c (0xc83f2423) sw      gp, -888(t5)
core   0: 3 0x8000c37c (0xc83f2423) mem 0x80010000 0x00000001
core   0: 0x8000c380 (0xff9ff06f) j       pc - 0x8
core   0: 3 0x8000c380 (0xff9ff06f)
core   0: 0x8000c378 (0x00004f17) auipc   t5, 0x4
core   0: 3 0x8000c378 (0x00004f17) x30 0x80010378
core   0: 0x8000c37c (0xc83f2423) sw      gp, -888(t5)
core   0: 3 0x8000c37c (0xc83f2423) mem 0x80010000 0x00000001
core   0: 0x8000c380 (0xff9ff06f) j       pc - 0x8
core   0: 3 0x8000c380 (0xff9ff06f)
core   0: 0x8000c378 (0x00004f17) auipc   t5, 0x4
core   0: 3 0x8000c378 (0x00004f17) x30 0x80010378
core   0: 0x8000c37c (0xc83f2423) sw      gp, -888(t5)
core   0: 3 0x8000c37c (0xc83f2423) mem 0x80010000 0x00000001
core   0: 0x8000c380 (0xff9ff06f) j       pc - 0x8
core   0: 3 0x8000c380 (0xff9ff06f)
core   0: 0x8000c378 (0x00004f17) auipc   t5, 0x4
core   0: 3 0x8000c378 (0x00004f17) x30 0x80010378
core   0: 0x8000c37c (0xc83f2423) sw      gp, -888(t5)
core   0: 3 0x8000c37c (0xc83f2423) mem 0x80010000 0x00000001
core   0: 0x8000c380 (0xff9ff06f) j       pc - 0x8
core   0: 3 0x8000c380 (0xff9ff06f)
core   0: 0x8000c378 (0x00004f17) auipc   t5, 0x4
core   0: 3 0x8000c378 (0x00004f17) x30 0x80010378
core   0: 0x8000c37c (0xc83f2423) sw      gp, -888(t5)
core   0: 3 0x8000c37c (0xc83f2423) mem 0x80010000 0x00000001
core   0: 0x8000c380 (0xff9ff06f) j       pc - 0x8
core   0: 3 0x8000c380 (0xff9ff06f)
core   0: 0x8000c378 (0x00004f17) auipc   t5, 0x4
core   0: 3 0x8000c378 (0x00004f17) x30 0x80010378
core   0: 0x8000c37c (0xc83f2423) sw      gp, -888(t5)
core   0: 3 0x8000c37c (0xc83f2423) mem 0x80010000 0x00000001
core   0: 0x8000c380 (0xff9ff06f) j       pc - 0x8
core   0: 3 0x8000c380 (0xff9ff06f)
core   0: 0x8000c378 (0x00004f17) auipc   t5, 0x4
core   0: 3 0x8000c378 (0x00004f17) x30 0x80010378
core   0: 0x8000c37c (0xc83f2423) sw      gp, -888(t5)
core   0: 3 0x8000c37c (0xc83f2423) mem 0x80010000 0x00000001
core   0: 0x8000c380 (0xff9ff06f) j       pc - 0x8
core   0: 3 0x8000c380 (0xff9ff06f)
core   0: 0x8000c378 (0x00004f17) auipc   t5, 0x4
core   0: 3 0x8000c378 (0x00004f17) x30 0x80010378
core   0: 0x8000c37c (0xc83f2423) sw      gp, -888(t5)
core   0: 3 0x8000c37c (0xc83f2423) mem 0x80010000 0x00000001
core   0: 0x8000c380 (0xff9ff06f) j       pc - 0x8
core   0: 3 0x8000c380 (0xff9ff06f)
core   0: 0x8000c378 (0x00004f17) auipc   t5, 0x4
core   0: 3 0x8000c378 (0x00004f17) x30 0x80010378
core   0: 0x8000c37c (0xc83f2423) sw      gp, -888(t5)
core   0: 3 0x8000c37c (0xc83f2423) mem 0x80010000 0x00000001
core   0: 0x8000c380 (0xff9ff06f) j       pc - 0x8
core   0: 3 0x8000c380 (0xff9ff06f)
core   0: 0x8000c378 (0x00004f17) auipc   t5, 0x4
core   0: 3 0x8000c378 (0x00004f17) x30 0x80010378
core   0: 0x8000c37c (0xc83f2423) sw      gp, -888(t5)
core   0: 3 0x8000c37c (0xc83f2423) mem 0x80010000 0x00000001
core   0: 0x8000c380 (0xff9ff06f) j       pc - 0x8
core   0: 3 0x8000c380 (0xff9ff06f)
core   0: 0x8000c378 (0x00004f17) auipc   t5, 0x4
core   0: 3 0x8000c378 (0x00004f17) x30 0x80010378
core   0: 0x8000c37c (0xc83f2423) sw      gp, -888(t5)
core   0: 3 0x8000c37c (0xc83f2423) mem 0x80010000 0x00000001
core   0: 0x8000c380 (0xff9ff06f) j       pc - 0x8
core   0: 3 0x8000c380 (0xff9ff06f)
core   0: 0x8000c378 (0x00004f17) auipc   t5, 0x4
core   0: 3 0x8000c378 (0x00004f17) x30 0x80010378
core   0: 0x8000c37c (0xc83f2423) sw      gp, -888(t5)
core   0: 3 0x8000c37c (0xc83f2423) mem 0x80010000 0x00000001
core   0: 0x8000c380 (0xff9ff06f) j       pc - 0x8
core   0: 3 0x8000c380 (0xff9ff06f)
core   0: 0x8000c378 (0x00004f17) auipc   t5, 0x4
core   0: 3 0x8000c378 (0x00004f17) x30 0x80010378
core   0: 0x8000c37c (0xc83f2423) sw      gp, -888(t5)
core   0: 3 0x8000c37c (0xc83f2423) mem 0x80010000 0x00000001
core   0: 0x8000c380 (0xff9ff06f) j       pc - 0x8
core   0: 3 0x8000c380 (0xff9ff06f)
core   0: 0x8000c378 (0x00004f17) auipc   t5, 0x4
core   0: 3 0x8000c378 (0x00004f17) x30 0x80010378
core   0: 0x8000c37c (0xc83f2423) sw      gp, -888(t5)
core   0: 3 0x8000c37c (0xc83f2423) mem 0x80010000 0x00000001
core   0: 0x8000c380 (0xff9ff06f) j       pc - 0x8
core   0: 3 0x8000c380 (0xff9ff06f)
core   0: 0x8000c378 (0x00004f17) auipc   t5, 0x4
core   0: 3 0x8000c378 (0x00004f17) x30 0x80010378
core   0: 0x8000c37c (0xc83f2423) sw      gp, -888(t5)
core   0: 3 0x8000c37c (0xc83f2423) mem 0x80010000 0x00000001
core   0: 0x8000c380 (0xff9ff06f) j       pc - 0x8
core   0: 3 0x8000c380 (0xff9ff06f)
core   0: 0x8000c378 (0x00004f17) auipc   t5, 0x4
core   0: 3 0x8000c378 (0x00004f17) x30 0x80010378
core   0: 0x8000c37c (0xc83f2423) sw      gp, -888(t5)
core   0: 3 0x8000c37c (0xc83f2423) mem 0x80010000 0x00000001
core   0: 0x8000c380 (0xff9ff06f) j       pc - 0x8
core   0: 3 0x8000c380 (0xff9ff06f)
core   0: 0x8000c378 (0x00004f17) auipc   t5, 0x4
core   0: 3 0x8000c378 (0x00004f17) x30 0x80010378
core   0: 0x8000c37c (0xc83f2423) sw      gp, -888(t5)
core   0: 3 0x8000c37c (0xc83f2423) mem 0x80010000 0x00000001
core   0: 0x8000c380 (0xff9ff06f) j       pc - 0x8
core   0: 3 0x8000c380 (0xff9ff06f)
core   0: 0x8000c378 (0x00004f17) auipc   t5, 0x4
core   0: 3 0x8000c378 (0x00004f17) x30 0x80010378
core   0: 0x8000c37c (0xc83f2423) sw      gp, -888(t5)
core   0: 3 0x8000c37c (0xc83f2423) mem 0x80010000 0x00000001
core   0: 0x8000c380 (0xff9ff06f) j       pc - 0x8
core   0: 3 0x8000c380 (0xff9ff06f)
core   0: 0x8000c378 (0x00004f17) auipc   t5, 0x4
core   0: 3 0x8000c378 (0x00004f17) x30 0x80010378
core   0: 0x8000c37c (0xc83f2423) sw      gp, -888(t5)
core   0: 3 0x8000c37c (0xc83f2423) mem 0x80010000 0x00000001
core   0: 0x8000c380 (0xff9ff06f) j       pc - 0x8
core   0: 3 0x8000c380 (0xff9ff06f)
core   0: 0x8000c378 (0x00004f17) auipc   t5, 0x4
core   0: 3 0x8000c378 (0x00004f17) x30 0x80010378
core   0: 0x8000c37c (0xc83f2423) sw      gp, -888(t5)
core   0: 3 0x8000c37c (0xc83f2423) mem 0x80010000 0x00000001
core   0: 0x8000c380 (0xff9ff06f) j       pc - 0x8
core   0: 3 0x8000c380 (0xff9ff06f)
core   0: 0x8000c378 (0x00004f17) auipc   t5, 0x4
core   0: 3 0x8000c378 (0x00004f17) x30 0x80010378
core   0: 0x8000c37c (0xc83f2423) sw      gp, -888(t5)
core   0: 3 0x8000c37c (0xc83f2423) mem 0x80010000 0x00000001
core   0: 0x8000c380 (0xff9ff06f) j       pc - 0x8
core   0: 3 0x8000c380 (0xff9ff06f)
core   0: 0x8000c378 (0x00004f17) auipc   t5, 0x4
core   0: 3 0x8000c378 (0x00004f17) x30 0x80010378
core   0: 0x8000c37c (0xc83f2423) sw      gp, -888(t5)
core   0: 3 0x8000c37c (0xc83f2423) mem 0x80010000 0x00000001
core   0: 0x8000c380 (0xff9ff06f) j       pc - 0x8
core   0: 3 0x8000c380 (0xff9ff06f)
core   0: 0x8000c378 (0x00004f17) auipc   t5, 0x4
core   0: 3 0x8000c378 (0x00004f17) x30 0x80010378
core   0: 0x8000c37c (0xc83f2423) sw      gp, -888(t5)
core   0: 3 0x8000c37c (0xc83f2423) mem 0x80010000 0x00000001
core   0: 0x8000c380 (0xff9ff06f) j       pc - 0x8
core   0: 3 0x8000c380 (0xff9ff06f)
core   0: 0x8000c378 (0x00004f17) auipc   t5, 0x4
core   0: 3 0x8000c378 (0x00004f17) x30 0x80010378
core   0: 0x8000c37c (0xc83f2423) sw      gp, -888(t5)
core   0: 3 0x8000c37c (0xc83f2423) mem 0x80010000 0x00000001
core   0: 0x8000c380 (0xff9ff06f) j       pc - 0x8
core   0: 3 0x8000c380 (0xff9ff06f)
core   0: 0x8000c378 (0x00004f17) auipc   t5, 0x4
core   0: 3 0x8000c378 (0x00004f17) x30 0x80010378
core   0: 0x8000c37c (0xc83f2423) sw      gp, -888(t5)
core   0: 3 0x8000c37c (0xc83f2423) mem 0x80010000 0x00000001
core   0: 0x8000c380 (0xff9ff06f) j       pc - 0x8
core   0: 3 0x8000c380 (0xff9ff06f)
core   0: 0x8000c378 (0x00004f17) auipc   t5, 0x4
core   0: 3 0x8000c378 (0x00004f17) x30 0x80010378
core   0: 0x8000c37c (0xc83f2423) sw      gp, -888(t5)
core   0: 3 0x8000c37c (0xc83f2423) mem 0x80010000 0x00000001
core   0: 0x8000c380 (0xff9ff06f) j       pc - 0x8
core   0: 3 0x8000c380 (0xff9ff06f)
core   0: 0x8000c378 (0x00004f17) auipc   t5, 0x4
core   0: 3 0x8000c378 (0x00004f17) x30 0x80010378
core   0: 0x8000c37c (0xc83f2423) sw      gp, -888(t5)
core   0: 3 0x8000c37c (0xc83f2423) mem 0x80010000 0x00000001
core   0: 0x8000c380 (0xff9ff06f) j       pc - 0x8
core   0: 3 0x8000c380 (0xff9ff06f)
core   0: 0x8000c378 (0x00004f17) auipc   t5, 0x4
core   0: 3 0x8000c378 (0x00004f17) x30 0x80010378
core   0: 0x8000c37c (0xc83f2423) sw      gp, -888(t5)
core   0: 3 0x8000c37c (0xc83f2423) mem 0x80010000 0x00000001
core   0: 0x8000c380 (0xff9ff06f) j       pc - 0x8
core   0: 3 0x8000c380 (0xff9ff06f)
core   0: 0x8000c378 (0x00004f17) auipc   t5, 0x4
core   0: 3 0x8000c378 (0x00004f17) x30 0x80010378
core   0: 0x8000c37c (0xc83f2423) sw      gp, -888(t5)
core   0: 3 0x8000c37c (0xc83f2423) mem 0x80010000 0x00000001
core   0: 0x8000c380 (0xff9ff06f) j       pc - 0x8
core   0: 3 0x8000c380 (0xff9ff06f)
core   0: 0x8000c378 (0x00004f17) auipc   t5, 0x4
core   0: 3 0x8000c378 (0x00004f17) x30 0x80010378
core   0: 0x8000c37c (0xc83f2423) sw      gp, -888(t5)
core   0: 3 0x8000c37c (0xc83f2423) mem 0x80010000 0x00000001
core   0: 0x8000c380 (0xff9ff06f) j       pc - 0x8
core   0: 3 0x8000c380 (0xff9ff06f)
core   0: 0x8000c378 (0x00004f17) auipc   t5, 0x4
core   0: 3 0x8000c378 (0x00004f17) x30 0x80010378
core   0: 0x8000c37c (0xc83f2423) sw      gp, -888(t5)
core   0: 3 0x8000c37c (0xc83f2423) mem 0x80010000 0x00000001
core   0: 0x8000c380 (0xff9ff06f) j       pc - 0x8
core   0: 3 0x8000c380 (0xff9ff06f)
core   0: 0x8000c378 (0x00004f17) auipc   t5, 0x4
core   0: 3 0x8000c378 (0x00004f17) x30 0x80010378
core   0: 0x8000c37c (0xc83f2423) sw      gp, -888(t5)
core   0: 3 0x8000c37c (0xc83f2423) mem 0x80010000 0x00000001
core   0: 0x8000c380 (0xff9ff06f) j       pc - 0x8
core   0: 3 0x8000c380 (0xff9ff06f)
core   0: 0x8000c378 (0x00004f17) auipc   t5, 0x4
core   0: 3 0x8000c378 (0x00004f17) x30 0x80010378
core   0: 0x8000c37c (0xc83f2423) sw      gp, -888(t5)
core   0: 3 0x8000c37c (0xc83f2423) mem 0x80010000 0x00000001
core   0: 0x8000c380 (0xff9ff06f) j       pc - 0x8
core   0: 3 0x8000c380 (0xff9ff06f)
core   0: 0x8000c378 (0x00004f17) auipc   t5, 0x4
core   0: 3 0x8000c378 (0x00004f17) x30 0x80010378
core   0: 0x8000c37c (0xc83f2423) sw      gp, -888(t5)
core   0: 3 0x8000c37c (0xc83f2423) mem 0x80010000 0x00000001
core   0: 0x8000c380 (0xff9ff06f) j       pc - 0x8
core   0: 3 0x8000c380 (0xff9ff06f)
core   0: 0x8000c378 (0x00004f17) auipc   t5, 0x4
core   0: 3 0x8000c378 (0x00004f17) x30 0x80010378
core   0: 0x8000c37c (0xc83f2423) sw      gp, -888(t5)
core   0: 3 0x8000c37c (0xc83f2423) mem 0x80010000 0x00000001
core   0: 0x8000c380 (0xff9ff06f) j       pc - 0x8
core   0: 3 0x8000c380 (0xff9ff06f)
core   0: 0x8000c378 (0x00004f17) auipc   t5, 0x4
core   0: 3 0x8000c378 (0x00004f17) x30 0x80010378
core   0: 0x8000c37c (0xc83f2423) sw      gp, -888(t5)
core   0: 3 0x8000c37c (0xc83f2423) mem 0x80010000 0x00000001
core   0: 0x8000c380 (0xff9ff06f) j       pc - 0x8
core   0: 3 0x8000c380 (0xff9ff06f)
core   0: 0x8000c378 (0x00004f17) auipc   t5, 0x4
core   0: 3 0x8000c378 (0x00004f17) x30 0x80010378
core   0: 0x8000c37c (0xc83f2423) sw      gp, -888(t5)
core   0: 3 0x8000c37c (0xc83f2423) mem 0x80010000 0x00000001
core   0: 0x8000c380 (0xff9ff06f) j       pc - 0x8
core   0: 3 0x8000c380 (0xff9ff06f)
core   0: 0x8000c378 (0x00004f17) auipc   t5, 0x4
core   0: 3 0x8000c378 (0x00004f17) x30 0x80010378
core   0: 0x8000c37c (0xc83f2423) sw      gp, -888(t5)
core   0: 3 0x8000c37c (0xc83f2423) mem 0x80010000 0x00000001
core   0: 0x8000c380 (0xff9ff06f) j       pc - 0x8
core   0: 3 0x8000c380 (0xff9ff06f)
core   0: 0x8000c378 (0x00004f17) auipc   t5, 0x4
core   0: 3 0x8000c378 (0x00004f17) x30 0x80010378
core   0: 0x8000c37c (0xc83f2423) sw      gp, -888(t5)
core   0: 3 0x8000c37c (0xc83f2423) mem 0x80010000 0x00000001
core   0: 0x8000c380 (0xff9ff06f) j       pc - 0x8
core   0: 3 0x8000c380 (0xff9ff06f)
core   0: 0x8000c378 (0x00004f17) auipc   t5, 0x4
core   0: 3 0x8000c378 (0x00004f17) x30 0x80010378
core   0: 0x8000c37c (0xc83f2423) sw      gp, -888(t5)
core   0: 3 0x8000c37c (0xc83f2423) mem 0x80010000 0x00000001
core   0: 0x8000c380 (0xff9ff06f) j       pc - 0x8
core   0: 3 0x8000c380 (0xff9ff06f)
core   0: 0x8000c378 (0x00004f17) auipc   t5, 0x4
core   0: 3 0x8000c378 (0x00004f17) x30 0x80010378
core   0: 0x8000c37c (0xc83f2423) sw      gp, -888(t5)
core   0: 3 0x8000c37c (0xc83f2423) mem 0x80010000 0x00000001
core   0: 0x8000c380 (0xff9ff06f) j       pc - 0x8
core   0: 3 0x8000c380 (0xff9ff06f)
core   0: 0x8000c378 (0x00004f17) auipc   t5, 0x4
core   0: 3 0x8000c378 (0x00004f17) x30 0x80010378
core   0: 0x8000c37c (0xc83f2423) sw      gp, -888(t5)
core   0: 3 0x8000c37c (0xc83f2423) mem 0x80010000 0x00000001
core   0: 0x8000c380 (0xff9ff06f) j       pc - 0x8
core   0: 3 0x8000c380 (0xff9ff06f)
core   0: 0x8000c378 (0x00004f17) auipc   t5, 0x4
core   0: 3 0x8000c378 (0x00004f17) x30 0x80010378
core   0: 0x8000c37c (0xc83f2423) sw      gp, -888(t5)
core   0: 3 0x8000c37c (0xc83f2423) mem 0x80010000 0x00000001
core   0: 0x8000c380 (0xff9ff06f) j       pc - 0x8
core   0: 3 0x8000c380 (0xff9ff06f)
core   0: 0x8000c378 (0x00004f17) auipc   t5, 0x4
core   0: 3 0x8000c378 (0x00004f17) x30 0x80010378
core   0: 0x8000c37c (0xc83f2423) sw      gp, -888(t5)
core   0: 3 0x8000c37c (0xc83f2423) mem 0x80010000 0x00000001
core   0: 0x8000c380 (0xff9ff06f) j       pc - 0x8
core   0: 3 0x8000c380 (0xff9ff06f)
core   0: 0x8000c378 (0x00004f17) auipc   t5, 0x4
core   0: 3 0x8000c378 (0x00004f17) x30 0x80010378
core   0: 0x8000c37c (0xc83f2423) sw      gp, -888(t5)
core   0: 3 0x8000c37c (0xc83f2423) mem 0x80010000 0x00000001
core   0: 0x8000c380 (0xff9ff06f) j       pc - 0x8
core   0: 3 0x8000c380 (0xff9ff06f)
core   0: 0x8000c378 (0x00004f17) auipc   t5, 0x4
core   0: 3 0x8000c378 (0x00004f17) x30 0x80010378
core   0: 0x8000c37c (0xc83f2423) sw      gp, -888(t5)
core   0: 3 0x8000c37c (0xc83f2423) mem 0x80010000 0x00000001
core   0: 0x8000c380 (0xff9ff06f) j       pc - 0x8
core   0: 3 0x8000c380 (0xff9ff06f)
core   0: 0x8000c378 (0x00004f17) auipc   t5, 0x4
core   0: 3 0x8000c378 (0x00004f17) x30 0x80010378
core   0: 0x8000c37c (0xc83f2423) sw      gp, -888(t5)
core   0: 3 0x8000c37c (0xc83f2423) mem 0x80010000 0x00000001
core   0: 0x8000c380 (0xff9ff06f) j       pc - 0x8
core   0: 3 0x8000c380 (0xff9ff06f)
core   0: 0x8000c378 (0x00004f17) auipc   t5, 0x4
core   0: 3 0x8000c378 (0x00004f17) x30 0x80010378
core   0: 0x8000c37c (0xc83f2423) sw      gp, -888(t5)
core   0: 3 0x8000c37c (0xc83f2423) mem 0x80010000 0x00000001
core   0: 0x8000c380 (0xff9ff06f) j       pc - 0x8
core   0: 3 0x8000c380 (0xff9ff06f)
core   0: 0x8000c378 (0x00004f17) auipc   t5, 0x4
core   0: 3 0x8000c378 (0x00004f17) x30 0x80010378
core   0: 0x8000c37c (0xc83f2423) sw      gp, -888(t5)
core   0: 3 0x8000c37c (0xc83f2423) mem 0x80010000 0x00000001
core   0: 0x8000c380 (0xff9ff06f) j       pc - 0x8
core   0: 3 0x8000c380 (0xff9ff06f)
core   0: 0x8000c378 (0x00004f17) auipc   t5, 0x4
core   0: 3 0x8000c378 (0x00004f17) x30 0x80010378
core   0: 0x8000c37c (0xc83f2423) sw      gp, -888(t5)
core   0: 3 0x8000c37c (0xc83f2423) mem 0x80010000 0x00000001
core   0: 0x8000c380 (0xff9ff06f) j       pc - 0x8
core   0: 3 0x8000c380 (0xff9ff06f)
core   0: 0x8000c378 (0x00004f17) auipc   t5, 0x4
core   0: 3 0x8000c378 (0x00004f17) x30 0x80010378
core   0: 0x8000c37c (0xc83f2423) sw      gp, -888(t5)
core   0: 3 0x8000c37c (0xc83f2423) mem 0x80010000 0x00000001
core   0: 0x8000c380 (0xff9ff06f) j       pc - 0x8
core   0: 3 0x8000c380 (0xff9ff06f)
core   0: 0x8000c378 (0x00004f17) auipc   t5, 0x4
core   0: 3 0x8000c378 (0x00004f17) x30 0x80010378
core   0: 0x8000c37c (0xc83f2423) sw      gp, -888(t5)
core   0: 3 0x8000c37c (0xc83f2423) mem 0x80010000 0x00000001
core   0: 0x8000c380 (0xff9ff06f) j       pc - 0x8
core   0: 3 0x8000c380 (0xff9ff06f)
core   0: 0x8000c378 (0x00004f17) auipc   t5, 0x4
core   0: 3 0x8000c378 (0x00004f17) x30 0x80010378
core   0: 0x8000c37c (0xc83f2423) sw      gp, -888(t5)
core   0: 3 0x8000c37c (0xc83f2423) mem 0x80010000 0x00000001
core   0: 0x8000c380 (0xff9ff06f) j       pc - 0x8
core   0: 3 0x8000c380 (0xff9ff06f)
core   0: 0x8000c378 (0x00004f17) auipc   t5, 0x4
core   0: 3 0x8000c378 (0x00004f17) x30 0x80010378
core   0: 0x8000c37c (0xc83f2423) sw      gp, -888(t5)
core   0: 3 0x8000c37c (0xc83f2423) mem 0x80010000 0x00000001
core   0: 0x8000c380 (0xff9ff06f) j       pc - 0x8
core   0: 3 0x8000c380 (0xff9ff06f)
core   0: 0x8000c378 (0x00004f17) auipc   t5, 0x4
core   0: 3 0x8000c378 (0x00004f17) x30 0x80010378
core   0: 0x8000c37c (0xc83f2423) sw      gp, -888(t5)
core   0: 3 0x8000c37c (0xc83f2423) mem 0x80010000 0x00000001
core   0: 0x8000c380 (0xff9ff06f) j       pc - 0x8
core   0: 3 0x8000c380 (0xff9ff06f)
core   0: 0x8000c378 (0x00004f17) auipc   t5, 0x4
core   0: 3 0x8000c378 (0x00004f17) x30 0x80010378
core   0: 0x8000c37c (0xc83f2423) sw      gp, -888(t5)
core   0: 3 0x8000c37c (0xc83f2423) mem 0x80010000 0x00000001
core   0: 0x8000c380 (0xff9ff06f) j       pc - 0x8
core   0: 3 0x8000c380 (0xff9ff06f)
core   0: 0x8000c378 (0x00004f17) auipc   t5, 0x4
core   0: 3 0x8000c378 (0x00004f17) x30 0x80010378
core   0: 0x8000c37c (0xc83f2423) sw      gp, -888(t5)
core   0: 3 0x8000c37c (0xc83f2423) mem 0x80010000 0x00000001
core   0: 0x8000c380 (0xff9ff06f) j       pc - 0x8
core   0: 3 0x8000c380 (0xff9ff06f)
core   0: 0x8000c378 (0x00004f17) auipc   t5, 0x4
core   0: 3 0x8000c378 (0x00004f17) x30 0x80010378
core   0: 0x8000c37c (0xc83f2423) sw      gp, -888(t5)
core   0: 3 0x8000c37c (0xc83f2423) mem 0x80010000 0x00000001
core   0: 0x8000c380 (0xff9ff06f) j       pc - 0x8
core   0: 3 0x8000c380 (0xff9ff06f)
core   0: 0x8000c378 (0x00004f17) auipc   t5, 0x4
core   0: 3 0x8000c378 (0x00004f17) x30 0x80010378
core   0: 0x8000c37c (0xc83f2423) sw      gp, -888(t5)
core   0: 3 0x8000c37c (0xc83f2423) mem 0x80010000 0x00000001
core   0: 0x8000c380 (0xff9ff06f) j       pc - 0x8
core   0: 3 0x8000c380 (0xff9ff06f)
core   0: 0x8000c378 (0x00004f17) auipc   t5, 0x4
core   0: 3 0x8000c378 (0x00004f17) x30 0x80010378
core   0: 0x8000c37c (0xc83f2423) sw      gp, -888(t5)
core   0: 3 0x8000c37c (0xc83f2423) mem 0x80010000 0x00000001
core   0: 0x8000c380 (0xff9ff06f) j       pc - 0x8
core   0: 3 0x8000c380 (0xff9ff06f)
core   0: 0x8000c378 (0x00004f17) auipc   t5, 0x4
core   0: 3 0x8000c378 (0x00004f17) x30 0x80010378
core   0: 0x8000c37c (0xc83f2423) sw      gp, -888(t5)
core   0: 3 0x8000c37c (0xc83f2423) mem 0x80010000 0x00000001
core   0: 0x8000c380 (0xff9ff06f) j       pc - 0x8
core   0: 3 0x8000c380 (0xff9ff06f)
core   0: 0x8000c378 (0x00004f17) auipc   t5, 0x4
core   0: 3 0x8000c378 (0x00004f17) x30 0x80010378
core   0: 0x8000c37c (0xc83f2423) sw      gp, -888(t5)
core   0: 3 0x8000c37c (0xc83f2423) mem 0x80010000 0x00000001
core   0: 0x8000c380 (0xff9ff06f) j       pc - 0x8
core   0: 3 0x8000c380 (0xff9ff06f)
core   0: 0x8000c378 (0x00004f17) auipc   t5, 0x4
core   0: 3 0x8000c378 (0x00004f17) x30 0x80010378
core   0: 0x8000c37c (0xc83f2423) sw      gp, -888(t5)
core   0: 3 0x8000c37c (0xc83f2423) mem 0x80010000 0x00000001
core   0: 0x8000c380 (0xff9ff06f) j       pc - 0x8
core   0: 3 0x8000c380 (0xff9ff06f)
core   0: 0x8000c378 (0x00004f17) auipc   t5, 0x4
core   0: 3 0x8000c378 (0x00004f17) x30 0x80010378
core   0: 0x8000c37c (0xc83f2423) sw      gp, -888(t5)
core   0: 3 0x8000c37c (0xc83f2423) mem 0x80010000 0x00000001
core   0: 0x8000c380 (0xff9ff06f) j       pc - 0x8
core   0: 3 0x8000c380 (0xff9ff06f)
core   0: 0x8000c378 (0x00004f17) auipc   t5, 0x4
core   0: 3 0x8000c378 (0x00004f17) x30 0x80010378
core   0: 0x8000c37c (0xc83f2423) sw      gp, -888(t5)
core   0: 3 0x8000c37c (0xc83f2423) mem 0x80010000 0x00000001
core   0: 0x8000c380 (0xff9ff06f) j       pc - 0x8
core   0: 3 0x8000c380 (0xff9ff06f)
core   0: 0x8000c378 (0x00004f17) auipc   t5, 0x4
core   0: 3 0x8000c378 (0x00004f17) x30 0x80010378
core   0: 0x8000c37c (0xc83f2423) sw      gp, -888(t5)
core   0: 3 0x8000c37c (0xc83f2423) mem 0x80010000 0x00000001
core   0: 0x8000c380 (0xff9ff06f) j       pc - 0x8
core   0: 3 0x8000c380 (0xff9ff06f)
core   0: 0x8000c378 (0x00004f17) auipc   t5, 0x4
core   0: 3 0x8000c378 (0x00004f17) x30 0x80010378
core   0: 0x8000c37c (0xc83f2423) sw      gp, -888(t5)
core   0: 3 0x8000c37c (0xc83f2423) mem 0x80010000 0x00000001
core   0: 0x8000c380 (0xff9ff06f) j       pc - 0x8
core   0: 3 0x8000c380 (0xff9ff06f)
core   0: 0x8000c378 (0x00004f17) auipc   t5, 0x4
core   0: 3 0x8000c378 (0x00004f17) x30 0x80010378
core   0: 0x8000c37c (0xc83f2423) sw      gp, -888(t5)
core   0: 3 0x8000c37c (0xc83f2423) mem 0x80010000 0x00000001
core   0: 0x8000c380 (0xff9ff06f) j       pc - 0x8
core   0: 3 0x8000c380 (0xff9ff06f)
core   0: 0x8000c378 (0x00004f17) auipc   t5, 0x4
core   0: 3 0x8000c378 (0x00004f17) x30 0x80010378
core   0: 0x8000c37c (0xc83f2423) sw      gp, -888(t5)
core   0: 3 0x8000c37c (0xc83f2423) mem 0x80010000 0x00000001
core   0: 0x8000c380 (0xff9ff06f) j       pc - 0x8
core   0: 3 0x8000c380 (0xff9ff06f)
core   0: 0x8000c378 (0x00004f17) auipc   t5, 0x4
core   0: 3 0x8000c378 (0x00004f17) x30 0x80010378
core   0: 0x8000c37c (0xc83f2423) sw      gp, -888(t5)
core   0: 3 0x8000c37c (0xc83f2423) mem 0x80010000 0x00000001
core   0: 0x8000c380 (0xff9ff06f) j       pc - 0x8
core   0: 3 0x8000c380 (0xff9ff06f)
core   0: 0x8000c378 (0x00004f17) auipc   t5, 0x4
core   0: 3 0x8000c378 (0x00004f17) x30 0x80010378
core   0: 0x8000c37c (0xc83f2423) sw      gp, -888(t5)
core   0: 3 0x8000c37c (0xc83f2423) mem 0x80010000 0x00000001
core   0: 0x8000c380 (0xff9ff06f) j       pc - 0x8
core   0: 3 0x8000c380 (0xff9ff06f)
core   0: 0x8000c378 (0x00004f17) auipc   t5, 0x4
core   0: 3 0x8000c378 (0x00004f17) x30 0x80010378
core   0: 0x8000c37c (0xc83f2423) sw      gp, -888(t5)
core   0: 3 0x8000c37c (0xc83f2423) mem 0x80010000 0x00000001
core   0: 0x8000c380 (0xff9ff06f) j       pc - 0x8
core   0: 3 0x8000c380 (0xff9ff06f)
core   0: 0x8000c378 (0x00004f17) auipc   t5, 0x4
core   0: 3 0x8000c378 (0x00004f17) x30 0x80010378
core   0: 0x8000c37c (0xc83f2423) sw      gp, -888(t5)
core   0: 3 0x8000c37c (0xc83f2423) mem 0x80010000 0x00000001
core   0: 0x8000c380 (0xff9ff06f) j       pc - 0x8
core   0: 3 0x8000c380 (0xff9ff06f)
core   0: 0x8000c378 (0x00004f17) auipc   t5, 0x4
core   0: 3 0x8000c378 (0x00004f17) x30 0x80010378
core   0: 0x8000c37c (0xc83f2423) sw      gp, -888(t5)
core   0: 3 0x8000c37c (0xc83f2423) mem 0x80010000 0x00000001
core   0: 0x8000c380 (0xff9ff06f) j       pc - 0x8
core   0: 3 0x8000c380 (0xff9ff06f)
core   0: 0x8000c378 (0x00004f17) auipc   t5, 0x4
core   0: 3 0x8000c378 (0x00004f17) x30 0x80010378
core   0: 0x8000c37c (0xc83f2423) sw      gp, -888(t5)
core   0: 3 0x8000c37c (0xc83f2423) mem 0x80010000 0x00000001
core   0: 0x8000c380 (0xff9ff06f) j       pc - 0x8
core   0: 3 0x8000c380 (0xff9ff06f)
core   0: 0x8000c378 (0x00004f17) auipc   t5, 0x4
core   0: 3 0x8000c378 (0x00004f17) x30 0x80010378
core   0: 0x8000c37c (0xc83f2423) sw      gp, -888(t5)
core   0: 3 0x8000c37c (0xc83f2423) mem 0x80010000 0x00000001
core   0: 0x8000c380 (0xff9ff06f) j       pc - 0x8
core   0: 3 0x8000c380 (0xff9ff06f)
core   0: 0x8000c378 (0x00004f17) auipc   t5, 0x4
core   0: 3 0x8000c378 (0x00004f17) x30 0x80010378
core   0: 0x8000c37c (0xc83f2423) sw      gp, -888(t5)
core   0: 3 0x8000c37c (0xc83f2423) mem 0x80010000 0x00000001
core   0: 0x8000c380 (0xff9ff06f) j       pc - 0x8
core   0: 3 0x8000c380 (0xff9ff06f)
core   0: 0x8000c378 (0x00004f17) auipc   t5, 0x4
core   0: 3 0x8000c378 (0x00004f17) x30 0x80010378
core   0: 0x8000c37c (0xc83f2423) sw      gp, -888(t5)
core   0: 3 0x8000c37c (0xc83f2423) mem 0x80010000 0x00000001
core   0: 0x8000c380 (0xff9ff06f) j       pc - 0x8
core   0: 3 0x8000c380 (0xff9ff06f)
core   0: 0x8000c378 (0x00004f17) auipc   t5, 0x4
core   0: 3 0x8000c378 (0x00004f17) x30 0x80010378
core   0: 0x8000c37c (0xc83f2423) sw      gp, -888(t5)
core   0: 3 0x8000c37c (0xc83f2423) mem 0x80010000 0x00000001
core   0: 0x8000c380 (0xff9ff06f) j       pc - 0x8
core   0: 3 0x8000c380 (0xff9ff06f)
core   0: 0x8000c378 (0x00004f17) auipc   t5, 0x4
core   0: 3 0x8000c378 (0x00004f17) x30 0x80010378
core   0: 0x8000c37c (0xc83f2423) sw      gp, -888(t5)
core   0: 3 0x8000c37c (0xc83f2423) mem 0x80010000 0x00000001
core   0: 0x8000c380 (0xff9ff06f) j       pc - 0x8
core   0: 3 0x8000c380 (0xff9ff06f)
core   0: 0x8000c378 (0x00004f17) auipc   t5, 0x4
core   0: 3 0x8000c378 (0x00004f17) x30 0x80010378
core   0: 0x8000c37c (0xc83f2423) sw      gp, -888(t5)
core   0: 3 0x8000c37c (0xc83f2423) mem 0x80010000 0x00000001
core   0: 0x8000c380 (0xff9ff06f) j       pc - 0x8
core   0: 3 0x8000c380 (0xff9ff06f)
core   0: 0x8000c378 (0x00004f17) auipc   t5, 0x4
core   0: 3 0x8000c378 (0x00004f17) x30 0x80010378
core   0: 0x8000c37c (0xc83f2423) sw      gp, -888(t5)
core   0: 3 0x8000c37c (0xc83f2423) mem 0x80010000 0x00000001
core   0: 0x8000c380 (0xff9ff06f) j       pc - 0x8
core   0: 3 0x8000c380 (0xff9ff06f)
core   0: 0x8000c378 (0x00004f17) auipc   t5, 0x4
core   0: 3 0x8000c378 (0x00004f17) x30 0x80010378
core   0: 0x8000c37c (0xc83f2423) sw      gp, -888(t5)
core   0: 3 0x8000c37c (0xc83f2423) mem 0x80010000 0x00000001
core   0: 0x8000c380 (0xff9ff06f) j       pc - 0x8
core   0: 3 0x8000c380 (0xff9ff06f)
core   0: 0x8000c378 (0x00004f17) auipc   t5, 0x4
core   0: 3 0x8000c378 (0x00004f17) x30 0x80010378
core   0: 0x8000c37c (0xc83f2423) sw      gp, -888(t5)
core   0: 3 0x8000c37c (0xc83f2423) mem 0x80010000 0x00000001
core   0: 0x8000c380 (0xff9ff06f) j       pc - 0x8
core   0: 3 0x8000c380 (0xff9ff06f)
core   0: 0x8000c378 (0x00004f17) auipc   t5, 0x4
core   0: 3 0x8000c378 (0x00004f17) x30 0x80010378
core   0: 0x8000c37c (0xc83f2423) sw      gp, -888(t5)
core   0: 3 0x8000c37c (0xc83f2423) mem 0x80010000 0x00000001
core   0: 0x8000c380 (0xff9ff06f) j       pc - 0x8
core   0: 3 0x8000c380 (0xff9ff06f)
core   0: 0x8000c378 (0x00004f17) auipc   t5, 0x4
core   0: 3 0x8000c378 (0x00004f17) x30 0x80010378
core   0: 0x8000c37c (0xc83f2423) sw      gp, -888(t5)
core   0: 3 0x8000c37c (0xc83f2423) mem 0x80010000 0x00000001
core   0: 0x8000c380 (0xff9ff06f) j       pc - 0x8
core   0: 3 0x8000c380 (0xff9ff06f)
core   0: 0x8000c378 (0x00004f17) auipc   t5, 0x4
core   0: 3 0x8000c378 (0x00004f17) x30 0x80010378
core   0: 0x8000c37c (0xc83f2423) sw      gp, -888(t5)
core   0: 3 0x8000c37c (0xc83f2423) mem 0x80010000 0x00000001
core   0: 0x8000c380 (0xff9ff06f) j       pc - 0x8
core   0: 3 0x8000c380 (0xff9ff06f)
core   0: 0x8000c378 (0x00004f17) auipc   t5, 0x4
core   0: 3 0x8000c378 (0x00004f17) x30 0x80010378
core   0: 0x8000c37c (0xc83f2423) sw      gp, -888(t5)
core   0: 3 0x8000c37c (0xc83f2423) mem 0x80010000 0x00000001
core   0: 0x8000c380 (0xff9ff06f) j       pc - 0x8
core   0: 3 0x8000c380 (0xff9ff06f)
core   0: 0x8000c378 (0x00004f17) auipc   t5, 0x4
core   0: 3 0x8000c378 (0x00004f17) x30 0x80010378
core   0: 0x8000c37c (0xc83f2423) sw      gp, -888(t5)
core   0: 3 0x8000c37c (0xc83f2423) mem 0x80010000 0x00000001
core   0: 0x8000c380 (0xff9ff06f) j       pc - 0x8
core   0: 3 0x8000c380 (0xff9ff06f)
core   0: 0x8000c378 (0x00004f17) auipc   t5, 0x4
core   0: 3 0x8000c378 (0x00004f17) x30 0x80010378
core   0: 0x8000c37c (0xc83f2423) sw      gp, -888(t5)
core   0: 3 0x8000c37c (0xc83f2423) mem 0x80010000 0x00000001
core   0: 0x8000c380 (0xff9ff06f) j       pc - 0x8
core   0: 3 0x8000c380 (0xff9ff06f)
core   0: 0x8000c378 (0x00004f17) auipc   t5, 0x4
core   0: 3 0x8000c378 (0x00004f17) x30 0x80010378
core   0: 0x8000c37c (0xc83f2423) sw      gp, -888(t5)
core   0: 3 0x8000c37c (0xc83f2423) mem 0x80010000 0x00000001
core   0: 0x8000c380 (0xff9ff06f) j       pc - 0x8
core   0: 3 0x8000c380 (0xff9ff06f)
core   0: 0x8000c378 (0x00004f17) auipc   t5, 0x4
core   0: 3 0x8000c378 (0x00004f17) x30 0x80010378
core   0: 0x8000c37c (0xc83f2423) sw      gp, -888(t5)
core   0: 3 0x8000c37c (0xc83f2423) mem 0x80010000 0x00000001
core   0: 0x8000c380 (0xff9ff06f) j       pc - 0x8
core   0: 3 0x8000c380 (0xff9ff06f)
core   0: 0x8000c378 (0x00004f17) auipc   t5, 0x4
core   0: 3 0x8000c378 (0x00004f17) x30 0x80010378
core   0: 0x8000c37c (0xc83f2423) sw      gp, -888(t5)
core   0: 3 0x8000c37c (0xc83f2423) mem 0x80010000 0x00000001
core   0: 0x8000c380 (0xff9ff06f) j       pc - 0x8
core   0: 3 0x8000c380 (0xff9ff06f)
core   0: 0x8000c378 (0x00004f17) auipc   t5, 0x4
core   0: 3 0x8000c378 (0x00004f17) x30 0x80010378
core   0: 0x8000c37c (0xc83f2423) sw      gp, -888(t5)
core   0: 3 0x8000c37c (0xc83f2423) mem 0x80010000 0x00000001
core   0: 0x8000c380 (0xff9ff06f) j       pc - 0x8
core   0: 3 0x8000c380 (0xff9ff06f)
core   0: 0x8000c378 (0x00004f17) auipc   t5, 0x4
core   0: 3 0x8000c378 (0x00004f17) x30 0x80010378
core   0: 0x8000c37c (0xc83f2423) sw      gp, -888(t5)
core   0: 3 0x8000c37c (0xc83f2423) mem 0x80010000 0x00000001
core   0: 0x8000c380 (0xff9ff06f) j       pc - 0x8
core   0: 3 0x8000c380 (0xff9ff06f)
core   0: 0x8000c378 (0x00004f17) auipc   t5, 0x4
core   0: 3 0x8000c378 (0x00004f17) x30 0x80010378
core   0: 0x8000c37c (0xc83f2423) sw      gp, -888(t5)
core   0: 3 0x8000c37c (0xc83f2423) mem 0x80010000 0x00000001
core   0: 0x8000c380 (0xff9ff06f) j       pc - 0x8
core   0: 3 0x8000c380 (0xff9ff06f)
core   0: 0x8000c378 (0x00004f17) auipc   t5, 0x4
core   0: 3 0x8000c378 (0x00004f17) x30 0x80010378
core   0: 0x8000c37c (0xc83f2423) sw      gp, -888(t5)
core   0: 3 0x8000c37c (0xc83f2423) mem 0x80010000 0x00000001
core   0: 0x8000c380 (0xff9ff06f) j       pc - 0x8
core   0: 3 0x8000c380 (0xff9ff06f)
core   0: 0x8000c378 (0x00004f17) auipc   t5, 0x4
core   0: 3 0x8000c378 (0x00004f17) x30 0x80010378
core   0: 0x8000c37c (0xc83f2423) sw      gp, -888(t5)
core   0: 3 0x8000c37c (0xc83f2423) mem 0x80010000 0x00000001
core   0: 0x8000c380 (0xff9ff06f) j       pc - 0x8
core   0: 3 0x8000c380 (0xff9ff06f)
core   0: 0x8000c378 (0x00004f17) auipc   t5, 0x4
core   0: 3 0x8000c378 (0x00004f17) x30 0x80010378
core   0: 0x8000c37c (0xc83f2423) sw      gp, -888(t5)
core   0: 3 0x8000c37c (0xc83f2423) mem 0x80010000 0x00000001
core   0: 0x8000c380 (0xff9ff06f) j       pc - 0x8
core   0: 3 0x8000c380 (0xff9ff06f)
core   0: 0x8000c378 (0x00004f17) auipc   t5, 0x4
core   0: 3 0x8000c378 (0x00004f17) x30 0x80010378
core   0: 0x8000c37c (0xc83f2423) sw      gp, -888(t5)
core   0: 3 0x8000c37c (0xc83f2423) mem 0x80010000 0x00000001
core   0: 0x8000c380 (0xff9ff06f) j       pc - 0x8
core   0: 3 0x8000c380 (0xff9ff06f)
core   0: 0x8000c378 (0x00004f17) auipc   t5, 0x4
core   0: 3 0x8000c378 (0x00004f17) x30 0x80010378
core   0: 0x8000c37c (0xc83f2423) sw      gp, -888(t5)
core   0: 3 0x8000c37c (0xc83f2423) mem 0x80010000 0x00000001
core   0: 0x8000c380 (0xff9ff06f) j       pc - 0x8
core   0: 3 0x8000c380 (0xff9ff06f)
core   0: 0x8000c378 (0x00004f17) auipc   t5, 0x4
core   0: 3 0x8000c378 (0x00004f17) x30 0x80010378
core   0: 0x8000c37c (0xc83f2423) sw      gp, -888(t5)
core   0: 3 0x8000c37c (0xc83f2423) mem 0x80010000 0x00000001
core   0: 0x8000c380 (0xff9ff06f) j       pc - 0x8
core   0: 3 0x8000c380 (0xff9ff06f)
core   0: 0x8000c378 (0x00004f17) auipc   t5, 0x4
core   0: 3 0x8000c378 (0x00004f17) x30 0x80010378
core   0: 0x8000c37c (0xc83f2423) sw      gp, -888(t5)
core   0: 3 0x8000c37c (0xc83f2423) mem 0x80010000 0x00000001
core   0: 0x8000c380 (0xff9ff06f) j       pc - 0x8
core   0: 3 0x8000c380 (0xff9ff06f)
core   0: 0x8000c378 (0x00004f17) auipc   t5, 0x4
core   0: 3 0x8000c378 (0x00004f17) x30 0x80010378
core   0: 0x8000c37c (0xc83f2423) sw      gp, -888(t5)
core   0: 3 0x8000c37c (0xc83f2423) mem 0x80010000 0x00000001
core   0: 0x8000c380 (0xff9ff06f) j       pc - 0x8
core   0: 3 0x8000c380 (0xff9ff06f)
core   0: 0x8000c378 (0x00004f17) auipc   t5, 0x4
core   0: 3 0x8000c378 (0x00004f17) x30 0x80010378
core   0: 0x8000c37c (0xc83f2423) sw      gp, -888(t5)
core   0: 3 0x8000c37c (0xc83f2423) mem 0x80010000 0x00000001
core   0: 0x8000c380 (0xff9ff06f) j       pc - 0x8
core   0: 3 0x8000c380 (0xff9ff06f)
core   0: 0x8000c378 (0x00004f17) auipc   t5, 0x4
core   0: 3 0x8000c378 (0x00004f17) x30 0x80010378
core   0: 0x8000c37c (0xc83f2423) sw      gp, -888(t5)
core   0: 3 0x8000c37c (0xc83f2423) mem 0x80010000 0x00000001
core   0: 0x8000c380 (0xff9ff06f) j       pc - 0x8
core   0: 3 0x8000c380 (0xff9ff06f)
core   0: 0x8000c378 (0x00004f17) auipc   t5, 0x4
core   0: 3 0x8000c378 (0x00004f17) x30 0x80010378
core   0: 0x8000c37c (0xc83f2423) sw      gp, -888(t5)
core   0: 3 0x8000c37c (0xc83f2423) mem 0x80010000 0x00000001
core   0: 0x8000c380 (0xff9ff06f) j       pc - 0x8
core   0: 3 0x8000c380 (0xff9ff06f)
core   0: 0x8000c378 (0x00004f17) auipc   t5, 0x4
core   0: 3 0x8000c378 (0x00004f17) x30 0x80010378
core   0: 0x8000c37c (0xc83f2423) sw      gp, -888(t5)
core   0: 3 0x8000c37c (0xc83f2423) mem 0x80010000 0x00000001
core   0: 0x8000c380 (0xff9ff06f) j       pc - 0x8
core   0: 3 0x8000c380 (0xff9ff06f)
core   0: 0x8000c378 (0x00004f17) auipc   t5, 0x4
core   0: 3 0x8000c378 (0x00004f17) x30 0x80010378
core   0: 0x8000c37c (0xc83f2423) sw      gp, -888(t5)
core   0: 3 0x8000c37c (0xc83f2423) mem 0x80010000 0x00000001
core   0: 0x8000c380 (0xff9ff06f) j       pc - 0x8
core   0: 3 0x8000c380 (0xff9ff06f)
core   0: 0x8000c378 (0x00004f17) auipc   t5, 0x4
core   0: 3 0x8000c378 (0x00004f17) x30 0x80010378
core   0: 0x8000c37c (0xc83f2423) sw      gp, -888(t5)
core   0: 3 0x8000c37c (0xc83f2423) mem 0x80010000 0x00000001
core   0: 0x8000c380 (0xff9ff06f) j       pc - 0x8
core   0: 3 0x8000c380 (0xff9ff06f)
core   0: 0x8000c378 (0x00004f17) auipc   t5, 0x4
core   0: 3 0x8000c378 (0x00004f17) x30 0x80010378
core   0: 0x8000c37c (0xc83f2423) sw      gp, -888(t5)
core   0: 3 0x8000c37c (0xc83f2423) mem 0x80010000 0x00000001
core   0: 0x8000c380 (0xff9ff06f) j       pc - 0x8
core   0: 3 0x8000c380 (0xff9ff06f)
core   0: 0x8000c378 (0x00004f17) auipc   t5, 0x4
core   0: 3 0x8000c378 (0x00004f17) x30 0x80010378
core   0: 0x8000c37c (0xc83f2423) sw      gp, -888(t5)
core   0: 3 0x8000c37c (0xc83f2423) mem 0x80010000 0x00000001
core   0: 0x8000c380 (0xff9ff06f) j       pc - 0x8
core   0: 3 0x8000c380 (0xff9ff06f)
core   0: 0x8000c378 (0x00004f17) auipc   t5, 0x4
core   0: 3 0x8000c378 (0x00004f17) x30 0x80010378
core   0: 0x8000c37c (0xc83f2423) sw      gp, -888(t5)
core   0: 3 0x8000c37c (0xc83f2423) mem 0x80010000 0x00000001
core   0: 0x8000c380 (0xff9ff06f) j       pc - 0x8
core   0: 3 0x8000c380 (0xff9ff06f)
core   0: 0x8000c378 (0x00004f17) auipc   t5, 0x4
core   0: 3 0x8000c378 (0x00004f17) x30 0x80010378
core   0: 0x8000c37c (0xc83f2423) sw      gp, -888(t5)
core   0: 3 0x8000c37c (0xc83f2423) mem 0x80010000 0x00000001
core   0: 0x8000c380 (0xff9ff06f) j       pc - 0x8
core   0: 3 0x8000c380 (0xff9ff06f)
core   0: 0x8000c378 (0x00004f17) auipc   t5, 0x4
core   0: 3 0x8000c378 (0x00004f17) x30 0x80010378
core   0: 0x8000c37c (0xc83f2423) sw      gp, -888(t5)
core   0: 3 0x8000c37c (0xc83f2423) mem 0x80010000 0x00000001
core   0: 0x8000c380 (0xff9ff06f) j       pc - 0x8
core   0: 3 0x8000c380 (0xff9ff06f)
core   0: 0x8000c378 (0x00004f17) auipc   t5, 0x4
core   0: 3 0x8000c378 (0x00004f17) x30 0x80010378
core   0: 0x8000c37c (0xc83f2423) sw      gp, -888(t5)
core   0: 3 0x8000c37c (0xc83f2423) mem 0x80010000 0x00000001
core   0: 0x8000c380 (0xff9ff06f) j       pc - 0x8
core   0: 3 0x8000c380 (0xff9ff06f)
core   0: 0x8000c378 (0x00004f17) auipc   t5, 0x4
core   0: 3 0x8000c378 (0x00004f17) x30 0x80010378
core   0: 0x8000c37c (0xc83f2423) sw      gp, -888(t5)
core   0: 3 0x8000c37c (0xc83f2423) mem 0x80010000 0x00000001
core   0: 0x8000c380 (0xff9ff06f) j       pc - 0x8
core   0: 3 0x8000c380 (0xff9ff06f)
core   0: 0x8000c378 (0x00004f17) auipc   t5, 0x4
core   0: 3 0x8000c378 (0x00004f17) x30 0x80010378
core   0: 0x8000c37c (0xc83f2423) sw      gp, -888(t5)
core   0: 3 0x8000c37c (0xc83f2423) mem 0x80010000 0x00000001
core   0: 0x8000c380 (0xff9ff06f) j       pc - 0x8
core   0: 3 0x8000c380 (0xff9ff06f)
core   0: 0x8000c378 (0x00004f17) auipc   t5, 0x4
core   0: 3 0x8000c378 (0x00004f17) x30 0x80010378
core   0: 0x8000c37c (0xc83f2423) sw      gp, -888(t5)
core   0: 3 0x8000c37c (0xc83f2423) mem 0x80010000 0x00000001
core   0: 0x8000c380 (0xff9ff06f) j       pc - 0x8
core   0: 3 0x8000c380 (0xff9ff06f)
core   0: 0x8000c378 (0x00004f17) auipc   t5, 0x4
core   0: 3 0x8000c378 (0x00004f17) x30 0x80010378
core   0: 0x8000c37c (0xc83f2423) sw      gp, -888(t5)
core   0: 3 0x8000c37c (0xc83f2423) mem 0x80010000 0x00000001
core   0: 0x8000c380 (0xff9ff06f) j       pc - 0x8
core   0: 3 0x8000c380 (0xff9ff06f)
core   0: 0x8000c378 (0x00004f17) auipc   t5, 0x4
core   0: 3 0x8000c378 (0x00004f17) x30 0x80010378
core   0: 0x8000c37c (0xc83f2423) sw      gp, -888(t5)
core   0: 3 0x8000c37c (0xc83f2423) mem 0x80010000 0x00000001
core   0: 0x8000c380 (0xff9ff06f) j       pc - 0x8
core   0: 3 0x8000c380 (0xff9ff06f)
core   0: 0x8000c378 (0x00004f17) auipc   t5, 0x4
core   0: 3 0x8000c378 (0x00004f17) x30 0x80010378
core   0: 0x8000c37c (0xc83f2423) sw      gp, -888(t5)
core   0: 3 0x8000c37c (0xc83f2423) mem 0x80010000 0x00000001
core   0: 0x8000c380 (0xff9ff06f) j       pc - 0x8
core   0: 3 0x8000c380 (0xff9ff06f)
core   0: 0x8000c378 (0x00004f17) auipc   t5, 0x4
core   0: 3 0x8000c378 (0x00004f17) x30 0x80010378
core   0: 0x8000c37c (0xc83f2423) sw      gp, -888(t5)
core   0: 3 0x8000c37c (0xc83f2423) mem 0x80010000 0x00000001
core   0: 0x8000c380 (0xff9ff06f) j       pc - 0x8
core   0: 3 0x8000c380 (0xff9ff06f)
core   0: 0x8000c378 (0x00004f17) auipc   t5, 0x4
core   0: 3 0x8000c378 (0x00004f17) x30 0x80010378
core   0: 0x8000c37c (0xc83f2423) sw      gp, -888(t5)
core   0: 3 0x8000c37c (0xc83f2423) mem 0x80010000 0x00000001
core   0: 0x8000c380 (0xff9ff06f) j       pc - 0x8
core   0: 3 0x8000c380 (0xff9ff06f)
core   0: 0x8000c378 (0x00004f17) auipc   t5, 0x4
core   0: 3 0x8000c378 (0x00004f17) x30 0x80010378
core   0: 0x8000c37c (0xc83f2423) sw      gp, -888(t5)
core   0: 3 0x8000c37c (0xc83f2423) mem 0x80010000 0x00000001
core   0: 0x8000c380 (0xff9ff06f) j       pc - 0x8
core   0: 3 0x8000c380 (0xff9ff06f)
core   0: 0x8000c378 (0x00004f17) auipc   t5, 0x4
core   0: 3 0x8000c378 (0x00004f17) x30 0x80010378
core   0: 0x8000c37c (0xc83f2423) sw      gp, -888(t5)
core   0: 3 0x8000c37c (0xc83f2423) mem 0x80010000 0x00000001
core   0: 0x8000c380 (0xff9ff06f) j       pc - 0x8
core   0: 3 0x8000c380 (0xff9ff06f)
core   0: 0x8000c378 (0x00004f17) auipc   t5, 0x4
core   0: 3 0x8000c378 (0x00004f17) x30 0x80010378
core   0: 0x8000c37c (0xc83f2423) sw      gp, -888(t5)
core   0: 3 0x8000c37c (0xc83f2423) mem 0x80010000 0x00000001
core   0: 0x8000c380 (0xff9ff06f) j       pc - 0x8
core   0: 3 0x8000c380 (0xff9ff06f)
core   0: 0x8000c378 (0x00004f17) auipc   t5, 0x4
core   0: 3 0x8000c378 (0x00004f17) x30 0x80010378
core   0: 0x8000c37c (0xc83f2423) sw      gp, -888(t5)
core   0: 3 0x8000c37c (0xc83f2423) mem 0x80010000 0x00000001
core   0: 0x8000c380 (0xff9ff06f) j       pc - 0x8
core   0: 3 0x8000c380 (0xff9ff06f)
core   0: 0x8000c378 (0x00004f17) auipc   t5, 0x4
core   0: 3 0x8000c378 (0x00004f17) x30 0x80010378
core   0: 0x8000c37c (0xc83f2423) sw      gp, -888(t5)
core   0: 3 0x8000c37c (0xc83f2423) mem 0x80010000 0x00000001
core   0: 0x8000c380 (0xff9ff06f) j       pc - 0x8
core   0: 3 0x8000c380 (0xff9ff06f)
core   0: 0x8000c378 (0x00004f17) auipc   t5, 0x4
core   0: 3 0x8000c378 (0x00004f17) x30 0x80010378
core   0: 0x8000c37c (0xc83f2423) sw      gp, -888(t5)
core   0: 3 0x8000c37c (0xc83f2423) mem 0x80010000 0x00000001
core   0: 0x8000c380 (0xff9ff06f) j       pc - 0x8
core   0: 3 0x8000c380 (0xff9ff06f)
core   0: 0x8000c378 (0x00004f17) auipc   t5, 0x4
core   0: 3 0x8000c378 (0x00004f17) x30 0x80010378
core   0: 0x8000c37c (0xc83f2423) sw      gp, -888(t5)
core   0: 3 0x8000c37c (0xc83f2423) mem 0x80010000 0x00000001
core   0: 0x8000c380 (0xff9ff06f) j       pc - 0x8
core   0: 3 0x8000c380 (0xff9ff06f)
core   0: 0x8000c378 (0x00004f17) auipc   t5, 0x4
core   0: 3 0x8000c378 (0x00004f17) x30 0x80010378
core   0: 0x8000c37c (0xc83f2423) sw      gp, -888(t5)
core   0: 3 0x8000c37c (0xc83f2423) mem 0x80010000 0x00000001
core   0: 0x8000c380 (0xff9ff06f) j       pc - 0x8
core   0: 3 0x8000c380 (0xff9ff06f)
core   0: 0x8000c378 (0x00004f17) auipc   t5, 0x4
core   0: 3 0x8000c378 (0x00004f17) x30 0x80010378
core   0: 0x8000c37c (0xc83f2423) sw      gp, -888(t5)
core   0: 3 0x8000c37c (0xc83f2423) mem 0x80010000 0x00000001
core   0: 0x8000c380 (0xff9ff06f) j       pc - 0x8
core   0: 3 0x8000c380 (0xff9ff06f)
core   0: 0x8000c378 (0x00004f17) auipc   t5, 0x4
core   0: 3 0x8000c378 (0x00004f17) x30 0x80010378
core   0: 0x8000c37c (0xc83f2423) sw      gp, -888(t5)
core   0: 3 0x8000c37c (0xc83f2423) mem 0x80010000 0x00000001
core   0: 0x8000c380 (0xff9ff06f) j       pc - 0x8
core   0: 3 0x8000c380 (0xff9ff06f)
core   0: 0x8000c378 (0x00004f17) auipc   t5, 0x4
core   0: 3 0x8000c378 (0x00004f17) x30 0x80010378
core   0: 0x8000c37c (0xc83f2423) sw      gp, -888(t5)
core   0: 3 0x8000c37c (0xc83f2423) mem 0x80010000 0x00000001
core   0: 0x8000c380 (0xff9ff06f) j       pc - 0x8
core   0: 3 0x8000c380 (0xff9ff06f)
core   0: 0x8000c378 (0x00004f17) auipc   t5, 0x4
core   0: 3 0x8000c378 (0x00004f17) x30 0x80010378
core   0: 0x8000c37c (0xc83f2423) sw      gp, -888(t5)
core   0: 3 0x8000c37c (0xc83f2423) mem 0x80010000 0x00000001
core   0: 0x8000c380 (0xff9ff06f) j       pc - 0x8
core   0: 3 0x8000c380 (0xff9ff06f)
core   0: 0x8000c378 (0x00004f17) auipc   t5, 0x4
core   0: 3 0x8000c378 (0x00004f17) x30 0x80010378
core   0: 0x8000c37c (0xc83f2423) sw      gp, -888(t5)
core   0: 3 0x8000c37c (0xc83f2423) mem 0x80010000 0x00000001
core   0: 0x8000c380 (0xff9ff06f) j       pc - 0x8
core   0: 3 0x8000c380 (0xff9ff06f)
core   0: 0x8000c378 (0x00004f17) auipc   t5, 0x4
core   0: 3 0x8000c378 (0x00004f17) x30 0x80010378
core   0: 0x8000c37c (0xc83f2423) sw      gp, -888(t5)
core   0: 3 0x8000c37c (0xc83f2423) mem 0x80010000 0x00000001
core   0: 0x8000c380 (0xff9ff06f) j       pc - 0x8
core   0: 3 0x8000c380 (0xff9ff06f)
core   0: 0x8000c378 (0x00004f17) auipc   t5, 0x4
core   0: 3 0x8000c378 (0x00004f17) x30 0x80010378
core   0: 0x8000c37c (0xc83f2423) sw      gp, -888(t5)
core   0: 3 0x8000c37c (0xc83f2423) mem 0x80010000 0x00000001
core   0: 0x8000c380 (0xff9ff06f) j       pc - 0x8
core   0: 3 0x8000c380 (0xff9ff06f)
core   0: 0x8000c378 (0x00004f17) auipc   t5, 0x4
core   0: 3 0x8000c378 (0x00004f17) x30 0x80010378
core   0: 0x8000c37c (0xc83f2423) sw      gp, -888(t5)
core   0: 3 0x8000c37c (0xc83f2423) mem 0x80010000 0x00000001
core   0: 0x8000c380 (0xff9ff06f) j       pc - 0x8
core   0: 3 0x8000c380 (0xff9ff06f)
core   0: 0x8000c378 (0x00004f17) auipc   t5, 0x4
core   0: 3 0x8000c378 (0x00004f17) x30 0x80010378
core   0: 0x8000c37c (0xc83f2423) sw      gp, -888(t5)
core   0: 3 0x8000c37c (0xc83f2423) mem 0x80010000 0x00000001
core   0: 0x8000c380 (0xff9ff06f) j       pc - 0x8
core   0: 3 0x8000c380 (0xff9ff06f)
core   0: 0x8000c378 (0x00004f17) auipc   t5, 0x4
core   0: 3 0x8000c378 (0x00004f17) x30 0x80010378
core   0: 0x8000c37c (0xc83f2423) sw      gp, -888(t5)
core   0: 3 0x8000c37c (0xc83f2423) mem 0x80010000 0x00000001
core   0: 0x8000c380 (0xff9ff06f) j       pc - 0x8
core   0: 3 0x8000c380 (0xff9ff06f)
core   0: 0x8000c378 (0x00004f17) auipc   t5, 0x4
core   0: 3 0x8000c378 (0x00004f17) x30 0x80010378
core   0: 0x8000c37c (0xc83f2423) sw      gp, -888(t5)
core   0: 3 0x8000c37c (0xc83f2423) mem 0x80010000 0x00000001
core   0: 0x8000c380 (0xff9ff06f) j       pc - 0x8
core   0: 3 0x8000c380 (0xff9ff06f)
core   0: 0x8000c378 (0x00004f17) auipc   t5, 0x4
core   0: 3 0x8000c378 (0x00004f17) x30 0x80010378
core   0: 0x8000c37c (0xc83f2423) sw      gp, -888(t5)
core   0: 3 0x8000c37c (0xc83f2423) mem 0x80010000 0x00000001
core   0: 0x8000c380 (0xff9ff06f) j       pc - 0x8
core   0: 3 0x8000c380 (0xff9ff06f)
core   0: 0x8000c378 (0x00004f17) auipc   t5, 0x4
core   0: 3 0x8000c378 (0x00004f17) x30 0x80010378
core   0: 0x8000c37c (0xc83f2423) sw      gp, -888(t5)
core   0: 3 0x8000c37c (0xc83f2423) mem 0x80010000 0x00000001
core   0: 0x8000c380 (0xff9ff06f) j       pc - 0x8
core   0: 3 0x8000c380 (0xff9ff06f)
core   0: 0x8000c378 (0x00004f17) auipc   t5, 0x4
core   0: 3 0x8000c378 (0x00004f17) x30 0x80010378
core   0: 0x8000c37c (0xc83f2423) sw      gp, -888(t5)
core   0: 3 0x8000c37c (0xc83f2423) mem 0x80010000 0x00000001
core   0: 0x8000c380 (0xff9ff06f) j       pc - 0x8
core   0: 3 0x8000c380 (0xff9ff06f)
core   0: 0x8000c378 (0x00004f17) auipc   t5, 0x4
core   0: 3 0x8000c378 (0x00004f17) x30 0x80010378
core   0: 0x8000c37c (0xc83f2423) sw      gp, -888(t5)
core   0: 3 0x8000c37c (0xc83f2423) mem 0x80010000 0x00000001
core   0: 0x8000c380 (0xff9ff06f) j       pc - 0x8
core   0: 3 0x8000c380 (0xff9ff06f)
core   0: 0x8000c378 (0x00004f17) auipc   t5, 0x4
core   0: 3 0x8000c378 (0x00004f17) x30 0x80010378
core   0: 0x8000c37c (0xc83f2423) sw      gp, -888(t5)
core   0: 3 0x8000c37c (0xc83f2423) mem 0x80010000 0x00000001
core   0: 0x8000c380 (0xff9ff06f) j       pc - 0x8
core   0: 3 0x8000c380 (0xff9ff06f)
core   0: 0x8000c378 (0x00004f17) auipc   t5, 0x4
core   0: 3 0x8000c378 (0x00004f17) x30 0x80010378
core   0: 0x8000c37c (0xc83f2423) sw      gp, -888(t5)
core   0: 3 0x8000c37c (0xc83f2423) mem 0x80010000 0x00000001
core   0: 0x8000c380 (0xff9ff06f) j       pc - 0x8
core   0: 3 0x8000c380 (0xff9ff06f)
core   0: 0x8000c378 (0x00004f17) auipc   t5, 0x4
core   0: 3 0x8000c378 (0x00004f17) x30 0x80010378
core   0: 0x8000c37c (0xc83f2423) sw      gp, -888(t5)
core   0: 3 0x8000c37c (0xc83f2423) mem 0x80010000 0x00000001
core   0: 0x8000c380 (0xff9ff06f) j       pc - 0x8
core   0: 3 0x8000c380 (0xff9ff06f)
core   0: 0x8000c378 (0x00004f17) auipc   t5, 0x4
core   0: 3 0x8000c378 (0x00004f17) x30 0x80010378
core   0: 0x8000c37c (0xc83f2423) sw      gp, -888(t5)
core   0: 3 0x8000c37c (0xc83f2423) mem 0x80010000 0x00000001
core   0: 0x8000c380 (0xff9ff06f) j       pc - 0x8
core   0: 3 0x8000c380 (0xff9ff06f)
core   0: 0x8000c378 (0x00004f17) auipc   t5, 0x4
core   0: 3 0x8000c378 (0x00004f17) x30 0x80010378
core   0: 0x8000c37c (0xc83f2423) sw      gp, -888(t5)
core   0: 3 0x8000c37c (0xc83f2423) mem 0x80010000 0x00000001
core   0: 0x8000c380 (0xff9ff06f) j       pc - 0x8
core   0: 3 0x8000c380 (0xff9ff06f)
core   0: 0x8000c378 (0x00004f17) auipc   t5, 0x4
core   0: 3 0x8000c378 (0x00004f17) x30 0x80010378
core   0: 0x8000c37c (0xc83f2423) sw      gp, -888(t5)
core   0: 3 0x8000c37c (0xc83f2423) mem 0x80010000 0x00000001
core   0: 0x8000c380 (0xff9ff06f) j       pc - 0x8
core   0: 3 0x8000c380 (0xff9ff06f)
core   0: 0x8000c378 (0x00004f17) auipc   t5, 0x4
core   0: 3 0x8000c378 (0x00004f17) x30 0x80010378
core   0: 0x8000c37c (0xc83f2423) sw      gp, -888(t5)
core   0: 3 0x8000c37c (0xc83f2423) mem 0x80010000 0x00000001
core   0: 0x8000c380 (0xff9ff06f) j       pc - 0x8
core   0: 3 0x8000c380 (0xff9ff06f)
core   0: 0x8000c378 (0x00004f17) auipc   t5, 0x4
core   0: 3 0x8000c378 (0x00004f17) x30 0x80010378
core   0: 0x8000c37c (0xc83f2423) sw      gp, -888(t5)
core   0: 3 0x8000c37c (0xc83f2423) mem 0x80010000 0x00000001
core   0: 0x8000c380 (0xff9ff06f) j       pc - 0x8
core   0: 3 0x8000c380 (0xff9ff06f)
core   0: 0x8000c378 (0x00004f17) auipc   t5, 0x4
core   0: 3 0x8000c378 (0x00004f17) x30 0x80010378
core   0: 0x8000c37c (0xc83f2423) sw      gp, -888(t5)
core   0: 3 0x8000c37c (0xc83f2423) mem 0x80010000 0x00000001
core   0: 0x8000c380 (0xff9ff06f) j       pc - 0x8
core   0: 3 0x8000c380 (0xff9ff06f)
core   0: 0x8000c378 (0x00004f17) auipc   t5, 0x4
core   0: 3 0x8000c378 (0x00004f17) x30 0x80010378
core   0: 0x8000c37c (0xc83f2423) sw      gp, -888(t5)
core   0: 3 0x8000c37c (0xc83f2423) mem 0x80010000 0x00000001
core   0: 0x8000c380 (0xff9ff06f) j       pc - 0x8
core   0: 3 0x8000c380 (0xff9ff06f)
core   0: 0x8000c378 (0x00004f17) auipc   t5, 0x4
core   0: 3 0x8000c378 (0x00004f17) x30 0x80010378
core   0: 0x8000c37c (0xc83f2423) sw      gp, -888(t5)
core   0: 3 0x8000c37c (0xc83f2423) mem 0x80010000 0x00000001
core   0: 0x8000c380 (0xff9ff06f) j       pc - 0x8
core   0: 3 0x8000c380 (0xff9ff06f)
core   0: 0x8000c378 (0x00004f17) auipc   t5, 0x4
core   0: 3 0x8000c378 (0x00004f17) x30 0x80010378
core   0: 0x8000c37c (0xc83f2423) sw      gp, -888(t5)
core   0: 3 0x8000c37c (0xc83f2423) mem 0x80010000 0x00000001
core   0: 0x8000c380 (0xff9ff06f) j       pc - 0x8
core   0: 3 0x8000c380 (0xff9ff06f)
core   0: 0x8000c378 (0x00004f17) auipc   t5, 0x4
core   0: 3 0x8000c378 (0x00004f17) x30 0x80010378
core   0: 0x8000c37c (0xc83f2423) sw      gp, -888(t5)
core   0: 3 0x8000c37c (0xc83f2423) mem 0x80010000 0x00000001
core   0: 0x8000c380 (0xff9ff06f) j       pc - 0x8
core   0: 3 0x8000c380 (0xff9ff06f)
core   0: 0x8000c378 (0x00004f17) auipc   t5, 0x4
core   0: 3 0x8000c378 (0x00004f17) x30 0x80010378
core   0: 0x8000c37c (0xc83f2423) sw      gp, -888(t5)
core   0: 3 0x8000c37c (0xc83f2423) mem 0x80010000 0x00000001
core   0: 0x8000c380 (0xff9ff06f) j       pc - 0x8
core   0: 3 0x8000c380 (0xff9ff06f)
core   0: 0x8000c378 (0x00004f17) auipc   t5, 0x4
core   0: 3 0x8000c378 (0x00004f17) x30 0x80010378
core   0: 0x8000c37c (0xc83f2423) sw      gp, -888(t5)
core   0: 3 0x8000c37c (0xc83f2423) mem 0x80010000 0x00000001
core   0: 0x8000c380 (0xff9ff06f) j       pc - 0x8
core   0: 3 0x8000c380 (0xff9ff06f)
core   0: 0x8000c378 (0x00004f17) auipc   t5, 0x4
core   0: 3 0x8000c378 (0x00004f17) x30 0x80010378
core   0: 0x8000c37c (0xc83f2423) sw      gp, -888(t5)
core   0: 3 0x8000c37c (0xc83f2423) mem 0x80010000 0x00000001
core   0: 0x8000c380 (0xff9ff06f) j       pc - 0x8
core   0: 3 0x8000c380 (0xff9ff06f)
core   0: 0x8000c378 (0x00004f17) auipc   t5, 0x4
core   0: 3 0x8000c378 (0x00004f17) x30 0x80010378
core   0: 0x8000c37c (0xc83f2423) sw      gp, -888(t5)
core   0: 3 0x8000c37c (0xc83f2423) mem 0x80010000 0x00000001
core   0: 0x8000c380 (0xff9ff06f) j       pc - 0x8
core   0: 3 0x8000c380 (0xff9ff06f)
core   0: 0x8000c378 (0x00004f17) auipc   t5, 0x4
core   0: 3 0x8000c378 (0x00004f17) x30 0x80010378
core   0: 0x8000c37c (0xc83f2423) sw      gp, -888(t5)
core   0: 3 0x8000c37c (0xc83f2423) mem 0x80010000 0x00000001
core   0: 0x8000c380 (0xff9ff06f) j       pc - 0x8
core   0: 3 0x8000c380 (0xff9ff06f)
core   0: 0x8000c378 (0x00004f17) auipc   t5, 0x4
core   0: 3 0x8000c378 (0x00004f17) x30 0x80010378
core   0: 0x8000c37c (0xc83f2423) sw      gp, -888(t5)
core   0: 3 0x8000c37c (0xc83f2423) mem 0x80010000 0x00000001
core   0: 0x8000c380 (0xff9ff06f) j       pc - 0x8
core   0: 3 0x8000c380 (0xff9ff06f)
core   0: 0x8000c378 (0x00004f17) auipc   t5, 0x4
core   0: 3 0x8000c378 (0x00004f17) x30 0x80010378
core   0: 0x8000c37c (0xc83f2423) sw      gp, -888(t5)
core   0: 3 0x8000c37c (0xc83f2423) mem 0x80010000 0x00000001
core   0: 0x8000c380 (0xff9ff06f) j       pc - 0x8
core   0: 3 0x8000c380 (0xff9ff06f)
core   0: 0x8000c378 (0x00004f17) auipc   t5, 0x4
core   0: 3 0x8000c378 (0x00004f17) x30 0x80010378
core   0: 0x8000c37c (0xc83f2423) sw      gp, -888(t5)
core   0: 3 0x8000c37c (0xc83f2423) mem 0x80010000 0x00000001
core   0: 0x8000c380 (0xff9ff06f) j       pc - 0x8
core   0: 3 0x8000c380 (0xff9ff06f)
core   0: 0x8000c378 (0x00004f17) auipc   t5, 0x4
core   0: 3 0x8000c378 (0x00004f17) x30 0x80010378
core   0: 0x8000c37c (0xc83f2423) sw      gp, -888(t5)
core   0: 3 0x8000c37c (0xc83f2423) mem 0x80010000 0x00000001
core   0: 0x8000c380 (0xff9ff06f) j       pc - 0x8
core   0: 3 0x8000c380 (0xff9ff06f)
core   0: 0x8000c378 (0x00004f17) auipc   t5, 0x4
core   0: 3 0x8000c378 (0x00004f17) x30 0x80010378
core   0: 0x8000c37c (0xc83f2423) sw      gp, -888(t5)
core   0: 3 0x8000c37c (0xc83f2423) mem 0x80010000 0x00000001
core   0: 0x8000c380 (0xff9ff06f) j       pc - 0x8
core   0: 3 0x8000c380 (0xff9ff06f)
core   0: 0x8000c378 (0x00004f17) auipc   t5, 0x4
core   0: 3 0x8000c378 (0x00004f17) x30 0x80010378
core   0: 0x8000c37c (0xc83f2423) sw      gp, -888(t5)
core   0: 3 0x8000c37c (0xc83f2423) mem 0x80010000 0x00000001
core   0: 0x8000c380 (0xff9ff06f) j       pc - 0x8
core   0: 3 0x8000c380 (0xff9ff06f)
core   0: 0x8000c378 (0x00004f17) auipc   t5, 0x4
core   0: 3 0x8000c378 (0x00004f17) x30 0x80010378
core   0: 0x8000c37c (0xc83f2423) sw      gp, -888(t5)
core   0: 3 0x8000c37c (0xc83f2423) mem 0x80010000 0x00000001
core   0: 0x8000c380 (0xff9ff06f) j       pc - 0x8
core   0: 3 0x8000c380 (0xff9ff06f)
core   0: 0x8000c378 (0x00004f17) auipc   t5, 0x4
core   0: 3 0x8000c378 (0x00004f17) x30 0x80010378
core   0: 0x8000c37c (0xc83f2423) sw      gp, -888(t5)
core   0: 3 0x8000c37c (0xc83f2423) mem 0x80010000 0x00000001
core   0: 0x8000c380 (0xff9ff06f) j       pc - 0x8
core   0: 3 0x8000c380 (0xff9ff06f)
core   0: 0x8000c378 (0x00004f17) auipc   t5, 0x4
core   0: 3 0x8000c378 (0x00004f17) x30 0x80010378
core   0: 0x8000c37c (0xc83f2423) sw      gp, -888(t5)
core   0: 3 0x8000c37c (0xc83f2423) mem 0x80010000 0x00000001
core   0: 0x8000c380 (0xff9ff06f) j       pc - 0x8
core   0: 3 0x8000c380 (0xff9ff06f)
core   0: 0x8000c378 (0x00004f17) auipc   t5, 0x4
core   0: 3 0x8000c378 (0x00004f17) x30 0x80010378
core   0: 0x8000c37c (0xc83f2423) sw      gp, -888(t5)
core   0: 3 0x8000c37c (0xc83f2423) mem 0x80010000 0x00000001
core   0: 0x8000c380 (0xff9ff06f) j       pc - 0x8
core   0: 3 0x8000c380 (0xff9ff06f)
core   0: 0x8000c378 (0x00004f17) auipc   t5, 0x4
core   0: 3 0x8000c378 (0x00004f17) x30 0x80010378
core   0: 0x8000c37c (0xc83f2423) sw      gp, -888(t5)
core   0: 3 0x8000c37c (0xc83f2423) mem 0x80010000 0x00000001
core   0: 0x8000c380 (0xff9ff06f) j       pc - 0x8
core   0: 3 0x8000c380 (0xff9ff06f)
core   0: 0x8000c378 (0x00004f17) auipc   t5, 0x4
core   0: 3 0x8000c378 (0x00004f17) x30 0x80010378
core   0: 0x8000c37c (0xc83f2423) sw      gp, -888(t5)
core   0: 3 0x8000c37c (0xc83f2423) mem 0x80010000 0x00000001
core   0: 0x8000c380 (0xff9ff06f) j       pc - 0x8
core   0: 3 0x8000c380 (0xff9ff06f)
core   0: 0x8000c378 (0x00004f17) auipc   t5, 0x4
core   0: 3 0x8000c378 (0x00004f17) x30 0x80010378
core   0: 0x8000c37c (0xc83f2423) sw      gp, -888(t5)
core   0: 3 0x8000c37c (0xc83f2423) mem 0x80010000 0x00000001
core   0: 0x8000c380 (0xff9ff06f) j       pc - 0x8
core   0: 3 0x8000c380 (0xff9ff06f)
core   0: 0x8000c378 (0x00004f17) auipc   t5, 0x4
core   0: 3 0x8000c378 (0x00004f17) x30 0x80010378
core   0: 0x8000c37c (0xc83f2423) sw      gp, -888(t5)
core   0: 3 0x8000c37c (0xc83f2423) mem 0x80010000 0x00000001
core   0: 0x8000c380 (0xff9ff06f) j       pc - 0x8
core   0: 3 0x8000c380 (0xff9ff06f)
core   0: 0x8000c378 (0x00004f17) auipc   t5, 0x4
core   0: 3 0x8000c378 (0x00004f17) x30 0x80010378
core   0: 0x8000c37c (0xc83f2423) sw      gp, -888(t5)
core   0: 3 0x8000c37c (0xc83f2423) mem 0x80010000 0x00000001
core   0: 0x8000c380 (0xff9ff06f) j       pc - 0x8
core   0: 3 0x8000c380 (0xff9ff06f)
core   0: 0x8000c378 (0x00004f17) auipc   t5, 0x4
core   0: 3 0x8000c378 (0x00004f17) x30 0x80010378
core   0: 0x8000c37c (0xc83f2423) sw      gp, -888(t5)
core   0: 3 0x8000c37c (0xc83f2423) mem 0x80010000 0x00000001
core   0: 0x8000c380 (0xff9ff06f) j       pc - 0x8
core   0: 3 0x8000c380 (0xff9ff06f)
core   0: 0x8000c378 (0x00004f17) auipc   t5, 0x4
core   0: 3 0x8000c378 (0x00004f17) x30 0x80010378
core   0: 0x8000c37c (0xc83f2423) sw      gp, -888(t5)
core   0: 3 0x8000c37c (0xc83f2423) mem 0x80010000 0x00000001
core   0: 0x8000c380 (0xff9ff06f) j       pc - 0x8
core   0: 3 0x8000c380 (0xff9ff06f)
core   0: 0x8000c378 (0x00004f17) auipc   t5, 0x4
core   0: 3 0x8000c378 (0x00004f17) x30 0x80010378
core   0: 0x8000c37c (0xc83f2423) sw      gp, -888(t5)
core   0: 3 0x8000c37c (0xc83f2423) mem 0x80010000 0x00000001
core   0: 0x8000c380 (0xff9ff06f) j       pc - 0x8
core   0: 3 0x8000c380 (0xff9ff06f)
core   0: 0x8000c378 (0x00004f17) auipc   t5, 0x4
core   0: 3 0x8000c378 (0x00004f17) x30 0x80010378
core   0: 0x8000c37c (0xc83f2423) sw      gp, -888(t5)
core   0: 3 0x8000c37c (0xc83f2423) mem 0x80010000 0x00000001
core   0: 0x8000c380 (0xff9ff06f) j       pc - 0x8
core   0: 3 0x8000c380 (0xff9ff06f)
core   0: 0x8000c378 (0x00004f17) auipc   t5, 0x4
core   0: 3 0x8000c378 (0x00004f17) x30 0x80010378
core   0: 0x8000c37c (0xc83f2423) sw      gp, -888(t5)
core   0: 3 0x8000c37c (0xc83f2423) mem 0x80010000 0x00000001
core   0: 0x8000c380 (0xff9ff06f) j       pc - 0x8
core   0: 3 0x8000c380 (0xff9ff06f)
core   0: 0x8000c378 (0x00004f17) auipc   t5, 0x4
core   0: 3 0x8000c378 (0x00004f17) x30 0x80010378
core   0: 0x8000c37c (0xc83f2423) sw      gp, -888(t5)
core   0: 3 0x8000c37c (0xc83f2423) mem 0x80010000 0x00000001
core   0: 0x8000c380 (0xff9ff06f) j       pc - 0x8
core   0: 3 0x8000c380 (0xff9ff06f)
core   0: 0x8000c378 (0x00004f17) auipc   t5, 0x4
core   0: 3 0x8000c378 (0x00004f17) x30 0x80010378
core   0: 0x8000c37c (0xc83f2423) sw      gp, -888(t5)
core   0: 3 0x8000c37c (0xc83f2423) mem 0x80010000 0x00000001
core   0: 0x8000c380 (0xff9ff06f) j       pc - 0x8
core   0: 3 0x8000c380 (0xff9ff06f)
core   0: 0x8000c378 (0x00004f17) auipc   t5, 0x4
core   0: 3 0x8000c378 (0x00004f17) x30 0x80010378
core   0: 0x8000c37c (0xc83f2423) sw      gp, -888(t5)
core   0: 3 0x8000c37c (0xc83f2423) mem 0x80010000 0x00000001
core   0: 0x8000c380 (0xff9ff06f) j       pc - 0x8
core   0: 3 0x8000c380 (0xff9ff06f)
core   0: 0x8000c378 (0x00004f17) auipc   t5, 0x4
core   0: 3 0x8000c378 (0x00004f17) x30 0x80010378
core   0: 0x8000c37c (0xc83f2423) sw      gp, -888(t5)
core   0: 3 0x8000c37c (0xc83f2423) mem 0x80010000 0x00000001
core   0: 0x8000c380 (0xff9ff06f) j       pc - 0x8
core   0: 3 0x8000c380 (0xff9ff06f)
core   0: 0x8000c378 (0x00004f17) auipc   t5, 0x4
core   0: 3 0x8000c378 (0x00004f17) x30 0x80010378
core   0: 0x8000c37c (0xc83f2423) sw      gp, -888(t5)
core   0: 3 0x8000c37c (0xc83f2423) mem 0x80010000 0x00000001
core   0: 0x8000c380 (0xff9ff06f) j       pc - 0x8
core   0: 3 0x8000c380 (0xff9ff06f)
core   0: 0x8000c378 (0x00004f17) auipc   t5, 0x4
core   0: 3 0x8000c378 (0x00004f17) x30 0x80010378
core   0: 0x8000c37c (0xc83f2423) sw      gp, -888(t5)
core   0: 3 0x8000c37c (0xc83f2423) mem 0x80010000 0x00000001
core   0: 0x8000c380 (0xff9ff06f) j       pc - 0x8
core   0: 3 0x8000c380 (0xff9ff06f)
core   0: 0x8000c378 (0x00004f17) auipc   t5, 0x4
core   0: 3 0x8000c378 (0x00004f17) x30 0x80010378
core   0: 0x8000c37c (0xc83f2423) sw      gp, -888(t5)
core   0: 3 0x8000c37c (0xc83f2423) mem 0x80010000 0x00000001
core   0: 0x8000c380 (0xff9ff06f) j       pc - 0x8
core   0: 3 0x8000c380 (0xff9ff06f)
core   0: 0x8000c378 (0x00004f17) auipc   t5, 0x4
core   0: 3 0x8000c378 (0x00004f17) x30 0x80010378
core   0: 0x8000c37c (0xc83f2423) sw      gp, -888(t5)
core   0: 3 0x8000c37c (0xc83f2423) mem 0x80010000 0x00000001
core   0: 0x8000c380 (0xff9ff06f) j       pc - 0x8
core   0: 3 0x8000c380 (0xff9ff06f)
core   0: 0x8000c378 (0x00004f17) auipc   t5, 0x4
core   0: 3 0x8000c378 (0x00004f17) x30 0x80010378
core   0: 0x8000c37c (0xc83f2423) sw      gp, -888(t5)
core   0: 3 0x8000c37c (0xc83f2423) mem 0x80010000 0x00000001
core   0: 0x8000c380 (0xff9ff06f) j       pc - 0x8
core   0: 3 0x8000c380 (0xff9ff06f)
core   0: 0x8000c378 (0x00004f17) auipc   t5, 0x4
core   0: 3 0x8000c378 (0x00004f17) x30 0x80010378
core   0: 0x8000c37c (0xc83f2423) sw      gp, -888(t5)
core   0: 3 0x8000c37c (0xc83f2423) mem 0x80010000 0x00000001
core   0: 0x8000c380 (0xff9ff06f) j       pc - 0x8
core   0: 3 0x8000c380 (0xff9ff06f)
core   0: 0x8000c378 (0x00004f17) auipc   t5, 0x4
core   0: 3 0x8000c378 (0x00004f17) x30 0x80010378
core   0: 0x8000c37c (0xc83f2423) sw      gp, -888(t5)
core   0: 3 0x8000c37c (0xc83f2423) mem 0x80010000 0x00000001
core   0: 0x8000c380 (0xff9ff06f) j       pc - 0x8
core   0: 3 0x8000c380 (0xff9ff06f)
core   0: 0x8000c378 (0x00004f17) auipc   t5, 0x4
core   0: 3 0x8000c378 (0x00004f17) x30 0x80010378
core   0: 0x8000c37c (0xc83f2423) sw      gp, -888(t5)
core   0: 3 0x8000c37c (0xc83f2423) mem 0x80010000 0x00000001
core   0: 0x8000c380 (0xff9ff06f) j       pc - 0x8
core   0: 3 0x8000c380 (0xff9ff06f)
core   0: 0x8000c378 (0x00004f17) auipc   t5, 0x4
core   0: 3 0x8000c378 (0x00004f17) x30 0x80010378
core   0: 0x8000c37c (0xc83f2423) sw      gp, -888(t5)
core   0: 3 0x8000c37c (0xc83f2423) mem 0x80010000 0x00000001
core   0: 0x8000c380 (0xff9ff06f) j       pc - 0x8
core   0: 3 0x8000c380 (0xff9ff06f)
core   0: 0x8000c378 (0x00004f17) auipc   t5, 0x4
core   0: 3 0x8000c378 (0x00004f17) x30 0x80010378
core   0: 0x8000c37c (0xc83f2423) sw      gp, -888(t5)
core   0: 3 0x8000c37c (0xc83f2423) mem 0x80010000 0x00000001
core   0: 0x8000c380 (0xff9ff06f) j       pc - 0x8
core   0: 3 0x8000c380 (0xff9ff06f)
core   0: 0x8000c378 (0x00004f17) auipc   t5, 0x4
core   0: 3 0x8000c378 (0x00004f17) x30 0x80010378
core   0: 0x8000c37c (0xc83f2423) sw      gp, -888(t5)
core   0: 3 0x8000c37c (0xc83f2423) mem 0x80010000 0x00000001
core   0: 0x8000c380 (0xff9ff06f) j       pc - 0x8
core   0: 3 0x8000c380 (0xff9ff06f)
core   0: 0x8000c378 (0x00004f17) auipc   t5, 0x4
core   0: 3 0x8000c378 (0x00004f17) x30 0x80010378
core   0: 0x8000c37c (0xc83f2423) sw      gp, -888(t5)
core   0: 3 0x8000c37c (0xc83f2423) mem 0x80010000 0x00000001
core   0: 0x8000c380 (0xff9ff06f) j       pc - 0x8
core   0: 3 0x8000c380 (0xff9ff06f)
core   0: 0x8000c378 (0x00004f17) auipc   t5, 0x4
core   0: 3 0x8000c378 (0x00004f17) x30 0x80010378
core   0: 0x8000c37c (0xc83f2423) sw      gp, -888(t5)
core   0: 3 0x8000c37c (0xc83f2423) mem 0x80010000 0x00000001
core   0: 0x8000c380 (0xff9ff06f) j       pc - 0x8
core   0: 3 0x8000c380 (0xff9ff06f)
core   0: 0x8000c378 (0x00004f17) auipc   t5, 0x4
core   0: 3 0x8000c378 (0x00004f17) x30 0x80010378
core   0: 0x8000c37c (0xc83f2423) sw      gp, -888(t5)
core   0: 3 0x8000c37c (0xc83f2423) mem 0x80010000 0x00000001
core   0: 0x8000c380 (0xff9ff06f) j       pc - 0x8
core   0: 3 0x8000c380 (0xff9ff06f)
core   0: 0x8000c378 (0x00004f17) auipc   t5, 0x4
core   0: 3 0x8000c378 (0x00004f17) x30 0x80010378
core   0: 0x8000c37c (0xc83f2423) sw      gp, -888(t5)
core   0: 3 0x8000c37c (0xc83f2423) mem 0x80010000 0x00000001
core   0: 0x8000c380 (0xff9ff06f) j       pc - 0x8
core   0: 3 0x8000c380 (0xff9ff06f)
core   0: 0x8000c378 (0x00004f17) auipc   t5, 0x4
core   0: 3 0x8000c378 (0x00004f17) x30 0x80010378
core   0: 0x8000c37c (0xc83f2423) sw      gp, -888(t5)
core   0: 3 0x8000c37c (0xc83f2423) mem 0x80010000 0x00000001
core   0: 0x8000c380 (0xff9ff06f) j       pc - 0x8
core   0: 3 0x8000c380 (0xff9ff06f)
core   0: 0x8000c378 (0x00004f17) auipc   t5, 0x4
core   0: 3 0x8000c378 (0x00004f17) x30 0x80010378
core   0: 0x8000c37c (0xc83f2423) sw      gp, -888(t5)
core   0: 3 0x8000c37c (0xc83f2423) mem 0x80010000 0x00000001
core   0: 0x8000c380 (0xff9ff06f) j       pc - 0x8
core   0: 3 0x8000c380 (0xff9ff06f)
core   0: 0x8000c378 (0x00004f17) auipc   t5, 0x4
core   0: 3 0x8000c378 (0x00004f17) x30 0x80010378
core   0: 0x8000c37c (0xc83f2423) sw      gp, -888(t5)
core   0: 3 0x8000c37c (0xc83f2423) mem 0x80010000 0x00000001
core   0: 0x8000c380 (0xff9ff06f) j       pc - 0x8
core   0: 3 0x8000c380 (0xff9ff06f)
core   0: 0x8000c378 (0x00004f17) auipc   t5, 0x4
core   0: 3 0x8000c378 (0x00004f17) x30 0x80010378
core   0: 0x8000c37c (0xc83f2423) sw      gp, -888(t5)
core   0: 3 0x8000c37c (0xc83f2423) mem 0x80010000 0x00000001
core   0: 0x8000c380 (0xff9ff06f) j       pc - 0x8
core   0: 3 0x8000c380 (0xff9ff06f)
core   0: 0x8000c378 (0x00004f17) auipc   t5, 0x4
core   0: 3 0x8000c378 (0x00004f17) x30 0x80010378
core   0: 0x8000c37c (0xc83f2423) sw      gp, -888(t5)
core   0: 3 0x8000c37c (0xc83f2423) mem 0x80010000 0x00000001
core   0: 0x8000c380 (0xff9ff06f) j       pc - 0x8
core   0: 3 0x8000c380 (0xff9ff06f)
core   0: 0x8000c378 (0x00004f17) auipc   t5, 0x4
core   0: 3 0x8000c378 (0x00004f17) x30 0x80010378
core   0: 0x8000c37c (0xc83f2423) sw      gp, -888(t5)
core   0: 3 0x8000c37c (0xc83f2423) mem 0x80010000 0x00000001
core   0: 0x8000c380 (0xff9ff06f) j       pc - 0x8
core   0: 3 0x8000c380 (0xff9ff06f)
core   0: 0x8000c378 (0x00004f17) auipc   t5, 0x4
core   0: 3 0x8000c378 (0x00004f17) x30 0x80010378
core   0: 0x8000c37c (0xc83f2423) sw      gp, -888(t5)
core   0: 3 0x8000c37c (0xc83f2423) mem 0x80010000 0x00000001
core   0: 0x8000c380 (0xff9ff06f) j       pc - 0x8
core   0: 3 0x8000c380 (0xff9ff06f)
core   0: 0x8000c378 (0x00004f17) auipc   t5, 0x4
core   0: 3 0x8000c378 (0x00004f17) x30 0x80010378
core   0: 0x8000c37c (0xc83f2423) sw      gp, -888(t5)
core   0: 3 0x8000c37c (0xc83f2423) mem 0x80010000 0x00000001
core   0: 0x8000c380 (0xff9ff06f) j       pc - 0x8
core   0: 3 0x8000c380 (0xff9ff06f)
core   0: 0x8000c378 (0x00004f17) auipc   t5, 0x4
core   0: 3 0x8000c378 (0x00004f17) x30 0x80010378
core   0: 0x8000c37c (0xc83f2423) sw      gp, -888(t5)
core   0: 3 0x8000c37c (0xc83f2423) mem 0x80010000 0x00000001
core   0: 0x8000c380 (0xff9ff06f) j       pc - 0x8
core   0: 3 0x8000c380 (0xff9ff06f)
core   0: 0x8000c378 (0x00004f17) auipc   t5, 0x4
core   0: 3 0x8000c378 (0x00004f17) x30 0x80010378
core   0: 0x8000c37c (0xc83f2423) sw      gp, -888(t5)
core   0: 3 0x8000c37c (0xc83f2423) mem 0x80010000 0x00000001
core   0: 0x8000c380 (0xff9ff06f) j       pc - 0x8
core   0: 3 0x8000c380 (0xff9ff06f)
core   0: 0x8000c378 (0x00004f17) auipc   t5, 0x4
core   0: 3 0x8000c378 (0x00004f17) x30 0x80010378
core   0: 0x8000c37c (0xc83f2423) sw      gp, -888(t5)
core   0: 3 0x8000c37c (0xc83f2423) mem 0x80010000 0x00000001
core   0: 0x8000c380 (0xff9ff06f) j       pc - 0x8
core   0: 3 0x8000c380 (0xff9ff06f)
core   0: 0x8000c378 (0x00004f17) auipc   t5, 0x4
core   0: 3 0x8000c378 (0x00004f17) x30 0x80010378
core   0: 0x8000c37c (0xc83f2423) sw      gp, -888(t5)
core   0: 3 0x8000c37c (0xc83f2423) mem 0x80010000 0x00000001
core   0: 0x8000c380 (0xff9ff06f) j       pc - 0x8
core   0: 3 0x8000c380 (0xff9ff06f)
core   0: 0x8000c378 (0x00004f17) auipc   t5, 0x4
core   0: 3 0x8000c378 (0x00004f17) x30 0x80010378
core   0: 0x8000c37c (0xc83f2423) sw      gp, -888(t5)
core   0: 3 0x8000c37c (0xc83f2423) mem 0x80010000 0x00000001
core   0: 0x8000c380 (0xff9ff06f) j       pc - 0x8
core   0: 3 0x8000c380 (0xff9ff06f)
core   0: 0x8000c378 (0x00004f17) auipc   t5, 0x4
core   0: 3 0x8000c378 (0x00004f17) x30 0x80010378
core   0: 0x8000c37c (0xc83f2423) sw      gp, -888(t5)
core   0: 3 0x8000c37c (0xc83f2423) mem 0x80010000 0x00000001
core   0: 0x8000c380 (0xff9ff06f) j       pc - 0x8
core   0: 3 0x8000c380 (0xff9ff06f)
core   0: 0x8000c378 (0x00004f17) auipc   t5, 0x4
core   0: 3 0x8000c378 (0x00004f17) x30 0x80010378
core   0: 0x8000c37c (0xc83f2423) sw      gp, -888(t5)
core   0: 3 0x8000c37c (0xc83f2423) mem 0x80010000 0x00000001
core   0: 0x8000c380 (0xff9ff06f) j       pc - 0x8
core   0: 3 0x8000c380 (0xff9ff06f)
core   0: 0x8000c378 (0x00004f17) auipc   t5, 0x4
core   0: 3 0x8000c378 (0x00004f17) x30 0x80010378
core   0: 0x8000c37c (0xc83f2423) sw      gp, -888(t5)
core   0: 3 0x8000c37c (0xc83f2423) mem 0x80010000 0x00000001
core   0: 0x8000c380 (0xff9ff06f) j       pc - 0x8
core   0: 3 0x8000c380 (0xff9ff06f)
core   0: 0x8000c378 (0x00004f17) auipc   t5, 0x4
core   0: 3 0x8000c378 (0x00004f17) x30 0x80010378
core   0: 0x8000c37c (0xc83f2423) sw      gp, -888(t5)
core   0: 3 0x8000c37c (0xc83f2423) mem 0x80010000 0x00000001
core   0: 0x8000c380 (0xff9ff06f) j       pc - 0x8
core   0: 3 0x8000c380 (0xff9ff06f)
core   0: 0x8000c378 (0x00004f17) auipc   t5, 0x4
core   0: 3 0x8000c378 (0x00004f17) x30 0x80010378
core   0: 0x8000c37c (0xc83f2423) sw      gp, -888(t5)
core   0: 3 0x8000c37c (0xc83f2423) mem 0x80010000 0x00000001
core   0: 0x8000c380 (0xff9ff06f) j       pc - 0x8
core   0: 3 0x8000c380 (0xff9ff06f)
core   0: 0x8000c378 (0x00004f17) auipc   t5, 0x4
core   0: 3 0x8000c378 (0x00004f17) x30 0x80010378
core   0: 0x8000c37c (0xc83f2423) sw      gp, -888(t5)
core   0: 3 0x8000c37c (0xc83f2423) mem 0x80010000 0x00000001
core   0: 0x8000c380 (0xff9ff06f) j       pc - 0x8
core   0: 3 0x8000c380 (0xff9ff06f)
core   0: 0x8000c378 (0x00004f17) auipc   t5, 0x4
core   0: 3 0x8000c378 (0x00004f17) x30 0x80010378
core   0: 0x8000c37c (0xc83f2423) sw      gp, -888(t5)
core   0: 3 0x8000c37c (0xc83f2423) mem 0x80010000 0x00000001
core   0: 0x8000c380 (0xff9ff06f) j       pc - 0x8
core   0: 3 0x8000c380 (0xff9ff06f)
core   0: 0x8000c378 (0x00004f17) auipc   t5, 0x4
core   0: 3 0x8000c378 (0x00004f17) x30 0x80010378
core   0: 0x8000c37c (0xc83f2423) sw      gp, -888(t5)
core   0: 3 0x8000c37c (0xc83f2423) mem 0x80010000 0x00000001
core   0: 0x8000c380 (0xff9ff06f) j       pc - 0x8
core   0: 3 0x8000c380 (0xff9ff06f)
core   0: 0x8000c378 (0x00004f17) auipc   t5, 0x4
core   0: 3 0x8000c378 (0x00004f17) x30 0x80010378
core   0: 0x8000c37c (0xc83f2423) sw      gp, -888(t5)
core   0: 3 0x8000c37c (0xc83f2423) mem 0x80010000 0x00000001
core   0: 0x8000c380 (0xff9ff06f) j       pc - 0x8
core   0: 3 0x8000c380 (0xff9ff06f)
core   0: 0x8000c378 (0x00004f17) auipc   t5, 0x4
core   0: 3 0x8000c378 (0x00004f17) x30 0x80010378
core   0: 0x8000c37c (0xc83f2423) sw      gp, -888(t5)
core   0: 3 0x8000c37c (0xc83f2423) mem 0x80010000 0x00000001
core   0: 0x8000c380 (0xff9ff06f) j       pc - 0x8
core   0: 3 0x8000c380 (0xff9ff06f)
core   0: 0x8000c378 (0x00004f17) auipc   t5, 0x4
core   0: 3 0x8000c378 (0x00004f17) x30 0x80010378
core   0: 0x8000c37c (0xc83f2423) sw      gp, -888(t5)
core   0: 3 0x8000c37c (0xc83f2423) mem 0x80010000 0x00000001
core   0: 0x8000c380 (0xff9ff06f) j       pc - 0x8
core   0: 3 0x8000c380 (0xff9ff06f)
core   0: 0x8000c378 (0x00004f17) auipc   t5, 0x4
core   0: 3 0x8000c378 (0x00004f17) x30 0x80010378
core   0: 0x8000c37c (0xc83f2423) sw      gp, -888(t5)
core   0: 3 0x8000c37c (0xc83f2423) mem 0x80010000 0x00000001
core   0: 0x8000c380 (0xff9ff06f) j       pc - 0x8
core   0: 3 0x8000c380 (0xff9ff06f)
core   0: 0x8000c378 (0x00004f17) auipc   t5, 0x4
core   0: 3 0x8000c378 (0x00004f17) x30 0x80010378
core   0: 0x8000c37c (0xc83f2423) sw      gp, -888(t5)
core   0: 3 0x8000c37c (0xc83f2423) mem 0x80010000 0x00000001
core   0: 0x8000c380 (0xff9ff06f) j       pc - 0x8
core   0: 3 0x8000c380 (0xff9ff06f)
core   0: 0x8000c378 (0x00004f17) auipc   t5, 0x4
core   0: 3 0x8000c378 (0x00004f17) x30 0x80010378
core   0: 0x8000c37c (0xc83f2423) sw      gp, -888(t5)
core   0: 3 0x8000c37c (0xc83f2423) mem 0x80010000 0x00000001
core   0: 0x8000c380 (0xff9ff06f) j       pc - 0x8
core   0: 3 0x8000c380 (0xff9ff06f)
core   0: 0x8000c378 (0x00004f17) auipc   t5, 0x4
core   0: 3 0x8000c378 (0x00004f17) x30 0x80010378
core   0: 0x8000c37c (0xc83f2423) sw      gp, -888(t5)
core   0: 3 0x8000c37c (0xc83f2423) mem 0x80010000 0x00000001
core   0: 0x8000c380 (0xff9ff06f) j       pc - 0x8
core   0: 3 0x8000c380 (0xff9ff06f)
core   0: 0x8000c378 (0x00004f17) auipc   t5, 0x4
core   0: 3 0x8000c378 (0x00004f17) x30 0x80010378
core   0: 0x8000c37c (0xc83f2423) sw      gp, -888(t5)
core   0: 3 0x8000c37c (0xc83f2423) mem 0x80010000 0x00000001
core   0: 0x8000c380 (0xff9ff06f) j       pc - 0x8
core   0: 3 0x8000c380 (0xff9ff06f)
core   0: 0x8000c378 (0x00004f17) auipc   t5, 0x4
core   0: 3 0x8000c378 (0x00004f17) x30 0x80010378
core   0: 0x8000c37c (0xc83f2423) sw      gp, -888(t5)
core   0: 3 0x8000c37c (0xc83f2423) mem 0x80010000 0x00000001
core   0: 0x8000c380 (0xff9ff06f) j       pc - 0x8
core   0: 3 0x8000c380 (0xff9ff06f)
core   0: 0x8000c378 (0x00004f17) auipc   t5, 0x4
core   0: 3 0x8000c378 (0x00004f17) x30 0x80010378
core   0: 0x8000c37c (0xc83f2423) sw      gp, -888(t5)
core   0: 3 0x8000c37c (0xc83f2423) mem 0x80010000 0x00000001
core   0: 0x8000c380 (0xff9ff06f) j       pc - 0x8
core   0: 3 0x8000c380 (0xff9ff06f)
core   0: 0x8000c378 (0x00004f17) auipc   t5, 0x4
core   0: 3 0x8000c378 (0x00004f17) x30 0x80010378
core   0: 0x8000c37c (0xc83f2423) sw      gp, -888(t5)
core   0: 3 0x8000c37c (0xc83f2423) mem 0x80010000 0x00000001
core   0: 0x8000c380 (0xff9ff06f) j       pc - 0x8
core   0: 3 0x8000c380 (0xff9ff06f)
core   0: 0x8000c378 (0x00004f17) auipc   t5, 0x4
core   0: 3 0x8000c378 (0x00004f17) x30 0x80010378
core   0: 0x8000c37c (0xc83f2423) sw      gp, -888(t5)
core   0: 3 0x8000c37c (0xc83f2423) mem 0x80010000 0x00000001
core   0: 0x8000c380 (0xff9ff06f) j       pc - 0x8
core   0: 3 0x8000c380 (0xff9ff06f)
core   0: 0x8000c378 (0x00004f17) auipc   t5, 0x4
core   0: 3 0x8000c378 (0x00004f17) x30 0x80010378
core   0: 0x8000c37c (0xc83f2423) sw      gp, -888(t5)
core   0: 3 0x8000c37c (0xc83f2423) mem 0x80010000 0x00000001
core   0: 0x8000c380 (0xff9ff06f) j       pc - 0x8
core   0: 3 0x8000c380 (0xff9ff06f)
core   0: 0x8000c378 (0x00004f17) auipc   t5, 0x4
core   0: 3 0x8000c378 (0x00004f17) x30 0x80010378
core   0: 0x8000c37c (0xc83f2423) sw      gp, -888(t5)
core   0: 3 0x8000c37c (0xc83f2423) mem 0x80010000 0x00000001
core   0: 0x8000c380 (0xff9ff06f) j       pc - 0x8
core   0: 3 0x8000c380 (0xff9ff06f)
core   0: 0x8000c378 (0x00004f17) auipc   t5, 0x4
core   0: 3 0x8000c378 (0x00004f17) x30 0x80010378
core   0: 0x8000c37c (0xc83f2423) sw      gp, -888(t5)
core   0: 3 0x8000c37c (0xc83f2423) mem 0x80010000 0x00000001
core   0: 0x8000c380 (0xff9ff06f) j       pc - 0x8
core   0: 3 0x8000c380 (0xff9ff06f)
core   0: 0x8000c378 (0x00004f17) auipc   t5, 0x4
core   0: 3 0x8000c378 (0x00004f17) x30 0x80010378
core   0: 0x8000c37c (0xc83f2423) sw      gp, -888(t5)
core   0: 3 0x8000c37c (0xc83f2423) mem 0x80010000 0x00000001
core   0: 0x8000c380 (0xff9ff06f) j       pc - 0x8
core   0: 3 0x8000c380 (0xff9ff06f)
core   0: 0x8000c378 (0x00004f17) auipc   t5, 0x4
core   0: 3 0x8000c378 (0x00004f17) x30 0x80010378
core   0: 0x8000c37c (0xc83f2423) sw      gp, -888(t5)
core   0: 3 0x8000c37c (0xc83f2423) mem 0x80010000 0x00000001
core   0: 0x8000c380 (0xff9ff06f) j       pc - 0x8
core   0: 3 0x8000c380 (0xff9ff06f)
core   0: 0x8000c378 (0x00004f17) auipc   t5, 0x4
core   0: 3 0x8000c378 (0x00004f17) x30 0x80010378
core   0: 0x8000c37c (0xc83f2423) sw      gp, -888(t5)
core   0: 3 0x8000c37c (0xc83f2423) mem 0x80010000 0x00000001
core   0: 0x8000c380 (0xff9ff06f) j       pc - 0x8
core   0: 3 0x8000c380 (0xff9ff06f)
core   0: 0x8000c378 (0x00004f17) auipc   t5, 0x4
core   0: 3 0x8000c378 (0x00004f17) x30 0x80010378
core   0: 0x8000c37c (0xc83f2423) sw      gp, -888(t5)
core   0: 3 0x8000c37c (0xc83f2423) mem 0x80010000 0x00000001
core   0: 0x8000c380 (0xff9ff06f) j       pc - 0x8
core   0: 3 0x8000c380 (0xff9ff06f)
core   0: 0x8000c378 (0x00004f17) auipc   t5, 0x4
core   0: 3 0x8000c378 (0x00004f17) x30 0x80010378
core   0: 0x8000c37c (0xc83f2423) sw      gp, -888(t5)
core   0: 3 0x8000c37c (0xc83f2423) mem 0x80010000 0x00000001
core   0: 0x8000c380 (0xff9ff06f) j       pc - 0x8
core   0: 3 0x8000c380 (0xff9ff06f)
core   0: 0x8000c378 (0x00004f17) auipc   t5, 0x4
core   0: 3 0x8000c378 (0x00004f17) x30 0x80010378
core   0: 0x8000c37c (0xc83f2423) sw      gp, -888(t5)
core   0: 3 0x8000c37c (0xc83f2423) mem 0x80010000 0x00000001
core   0: 0x8000c380 (0xff9ff06f) j       pc - 0x8
core   0: 3 0x8000c380 (0xff9ff06f)
core   0: 0x8000c378 (0x00004f17) auipc   t5, 0x4
core   0: 3 0x8000c378 (0x00004f17) x30 0x80010378
core   0: 0x8000c37c (0xc83f2423) sw      gp, -888(t5)
core   0: 3 0x8000c37c (0xc83f2423) mem 0x80010000 0x00000001
core   0: 0x8000c380 (0xff9ff06f) j       pc - 0x8
core   0: 3 0x8000c380 (0xff9ff06f)
core   0: 0x8000c378 (0x00004f17) auipc   t5, 0x4
core   0: 3 0x8000c378 (0x00004f17) x30 0x80010378
core   0: 0x8000c37c (0xc83f2423) sw      gp, -888(t5)
core   0: 3 0x8000c37c (0xc83f2423) mem 0x80010000 0x00000001
core   0: 0x8000c380 (0xff9ff06f) j       pc - 0x8
core   0: 3 0x8000c380 (0xff9ff06f)
core   0: 0x8000c378 (0x00004f17) auipc   t5, 0x4
core   0: 3 0x8000c378 (0x00004f17) x30 0x80010378
core   0: 0x8000c37c (0xc83f2423) sw      gp, -888(t5)
core   0: 3 0x8000c37c (0xc83f2423) mem 0x80010000 0x00000001
core   0: 0x8000c380 (0xff9ff06f) j       pc - 0x8
core   0: 3 0x8000c380 (0xff9ff06f)
core   0: 0x8000c378 (0x00004f17) auipc   t5, 0x4
core   0: 3 0x8000c378 (0x00004f17) x30 0x80010378
core   0: 0x8000c37c (0xc83f2423) sw      gp, -888(t5)
core   0: 3 0x8000c37c (0xc83f2423) mem 0x80010000 0x00000001
core   0: 0x8000c380 (0xff9ff06f) j       pc - 0x8
core   0: 3 0x8000c380 (0xff9ff06f)
core   0: 0x8000c378 (0x00004f17) auipc   t5, 0x4
core   0: 3 0x8000c378 (0x00004f17) x30 0x80010378
core   0: 0x8000c37c (0xc83f2423) sw      gp, -888(t5)
core   0: 3 0x8000c37c (0xc83f2423) mem 0x80010000 0x00000001
core   0: 0x8000c380 (0xff9ff06f) j       pc - 0x8
core   0: 3 0x8000c380 (0xff9ff06f)
core   0: 0x8000c378 (0x00004f17) auipc   t5, 0x4
core   0: 3 0x8000c378 (0x00004f17) x30 0x80010378
core   0: 0x8000c37c (0xc83f2423) sw      gp, -888(t5)
core   0: 3 0x8000c37c (0xc83f2423) mem 0x80010000 0x00000001
core   0: 0x8000c380 (0xff9ff06f) j       pc - 0x8
core   0: 3 0x8000c380 (0xff9ff06f)
core   0: 0x8000c378 (0x00004f17) auipc   t5, 0x4
core   0: 3 0x8000c378 (0x00004f17) x30 0x80010378
core   0: 0x8000c37c (0xc83f2423) sw      gp, -888(t5)
core   0: 3 0x8000c37c (0xc83f2423) mem 0x80010000 0x00000001
core   0: 0x8000c380 (0xff9ff06f) j       pc - 0x8
core   0: 3 0x8000c380 (0xff9ff06f)
core   0: 0x8000c378 (0x00004f17) auipc   t5, 0x4
core   0: 3 0x8000c378 (0x00004f17) x30 0x80010378
core   0: 0x8000c37c (0xc83f2423) sw      gp, -888(t5)
core   0: 3 0x8000c37c (0xc83f2423) mem 0x80010000 0x00000001
core   0: 0x8000c380 (0xff9ff06f) j       pc - 0x8
core   0: 3 0x8000c380 (0xff9ff06f)
core   0: 0x8000c378 (0x00004f17) auipc   t5, 0x4
core   0: 3 0x8000c378 (0x00004f17) x30 0x80010378
core   0: 0x8000c37c (0xc83f2423) sw      gp, -888(t5)
core   0: 3 0x8000c37c (0xc83f2423) mem 0x80010000 0x00000001
core   0: 0x8000c380 (0xff9ff06f) j       pc - 0x8
core   0: 3 0x8000c380 (0xff9ff06f)
core   0: 0x8000c378 (0x00004f17) auipc   t5, 0x4
core   0: 3 0x8000c378 (0x00004f17) x30 0x80010378
core   0: 0x8000c37c (0xc83f2423) sw      gp, -888(t5)
core   0: 3 0x8000c37c (0xc83f2423) mem 0x80010000 0x00000001
core   0: 0x8000c380 (0xff9ff06f) j       pc - 0x8
core   0: 3 0x8000c380 (0xff9ff06f)
core   0: 0x8000c378 (0x00004f17) auipc   t5, 0x4
core   0: 3 0x8000c378 (0x00004f17) x30 0x80010378
core   0: 0x8000c37c (0xc83f2423) sw      gp, -888(t5)
core   0: 3 0x8000c37c (0xc83f2423) mem 0x80010000 0x00000001
core   0: 0x8000c380 (0xff9ff06f) j       pc - 0x8
core   0: 3 0x8000c380 (0xff9ff06f)
core   0: 0x8000c378 (0x00004f17) auipc   t5, 0x4
core   0: 3 0x8000c378 (0x00004f17) x30 0x80010378
core   0: 0x8000c37c (0xc83f2423) sw      gp, -888(t5)
core   0: 3 0x8000c37c (0xc83f2423) mem 0x80010000 0x00000001
core   0: 0x8000c380 (0xff9ff06f) j       pc - 0x8
core   0: 3 0x8000c380 (0xff9ff06f)
core   0: 0x8000c378 (0x00004f17) auipc   t5, 0x4
core   0: 3 0x8000c378 (0x00004f17) x30 0x80010378
core   0: 0x8000c37c (0xc83f2423) sw      gp, -888(t5)
core   0: 3 0x8000c37c (0xc83f2423) mem 0x80010000 0x00000001
core   0: 0x8000c380 (0xff9ff06f) j       pc - 0x8
core   0: 3 0x8000c380 (0xff9ff06f)
core   0: 0x8000c378 (0x00004f17) auipc   t5, 0x4
core   0: 3 0x8000c378 (0x00004f17) x30 0x80010378
core   0: 0x8000c37c (0xc83f2423) sw      gp, -888(t5)
core   0: 3 0x8000c37c (0xc83f2423) mem 0x80010000 0x00000001
core   0: 0x8000c380 (0xff9ff06f) j       pc - 0x8
core   0: 3 0x8000c380 (0xff9ff06f)
core   0: 0x8000c378 (0x00004f17) auipc   t5, 0x4
core   0: 3 0x8000c378 (0x00004f17) x30 0x80010378
core   0: 0x8000c37c (0xc83f2423) sw      gp, -888(t5)
core   0: 3 0x8000c37c (0xc83f2423) mem 0x80010000 0x00000001
core   0: 0x8000c380 (0xff9ff06f) j       pc - 0x8
core   0: 3 0x8000c380 (0xff9ff06f)
core   0: 0x8000c378 (0x00004f17) auipc   t5, 0x4
core   0: 3 0x8000c378 (0x00004f17) x30 0x80010378
core   0: 0x8000c37c (0xc83f2423) sw      gp, -888(t5)
core   0: 3 0x8000c37c (0xc83f2423) mem 0x80010000 0x00000001
core   0: 0x8000c380 (0xff9ff06f) j       pc - 0x8
core   0: 3 0x8000c380 (0xff9ff06f)
core   0: 0x8000c378 (0x00004f17) auipc   t5, 0x4
core   0: 3 0x8000c378 (0x00004f17) x30 0x80010378
core   0: 0x8000c37c (0xc83f2423) sw      gp, -888(t5)
core   0: 3 0x8000c37c (0xc83f2423) mem 0x80010000 0x00000001
core   0: 0x8000c380 (0xff9ff06f) j       pc - 0x8
core   0: 3 0x8000c380 (0xff9ff06f)
core   0: 0x8000c378 (0x00004f17) auipc   t5, 0x4
core   0: 3 0x8000c378 (0x00004f17) x30 0x80010378
core   0: 0x8000c37c (0xc83f2423) sw      gp, -888(t5)
core   0: 3 0x8000c37c (0xc83f2423) mem 0x80010000 0x00000001
core   0: 0x8000c380 (0xff9ff06f) j       pc - 0x8
core   0: 3 0x8000c380 (0xff9ff06f)
core   0: 0x8000c378 (0x00004f17) auipc   t5, 0x4
core   0: 3 0x8000c378 (0x00004f17) x30 0x80010378
core   0: 0x8000c37c (0xc83f2423) sw      gp, -888(t5)
core   0: 3 0x8000c37c (0xc83f2423) mem 0x80010000 0x00000001
core   0: 0x8000c380 (0xff9ff06f) j       pc - 0x8
core   0: 3 0x8000c380 (0xff9ff06f)
core   0: 0x8000c378 (0x00004f17) auipc   t5, 0x4
core   0: 3 0x8000c378 (0x00004f17) x30 0x80010378
core   0: 0x8000c37c (0xc83f2423) sw      gp, -888(t5)
core   0: 3 0x8000c37c (0xc83f2423) mem 0x80010000 0x00000001
core   0: 0x8000c380 (0xff9ff06f) j       pc - 0x8
core   0: 3 0x8000c380 (0xff9ff06f)
core   0: 0x8000c378 (0x00004f17) auipc   t5, 0x4
core   0: 3 0x8000c378 (0x00004f17) x30 0x80010378
core   0: 0x8000c37c (0xc83f2423) sw      gp, -888(t5)
core   0: 3 0x8000c37c (0xc83f2423) mem 0x80010000 0x00000001
core   0: 0x8000c380 (0xff9ff06f) j       pc - 0x8
core   0: 3 0x8000c380 (0xff9ff06f)
core   0: 0x8000c378 (0x00004f17) auipc   t5, 0x4
core   0: 3 0x8000c378 (0x00004f17) x30 0x80010378
core   0: 0x8000c37c (0xc83f2423) sw      gp, -888(t5)
core   0: 3 0x8000c37c (0xc83f2423) mem 0x80010000 0x00000001
core   0: 0x8000c380 (0xff9ff06f) j       pc - 0x8
core   0: 3 0x8000c380 (0xff9ff06f)
core   0: 0x8000c378 (0x00004f17) auipc   t5, 0x4
core   0: 3 0x8000c378 (0x00004f17) x30 0x80010378
core   0: 0x8000c37c (0xc83f2423) sw      gp, -888(t5)
core   0: 3 0x8000c37c (0xc83f2423) mem 0x80010000 0x00000001
core   0: 0x8000c380 (0xff9ff06f) j       pc - 0x8
core   0: 3 0x8000c380 (0xff9ff06f)
core   0: 0x8000c378 (0x00004f17) auipc   t5, 0x4
core   0: 3 0x8000c378 (0x00004f17) x30 0x80010378
core   0: 0x8000c37c (0xc83f2423) sw      gp, -888(t5)
core   0: 3 0x8000c37c (0xc83f2423) mem 0x80010000 0x00000001
core   0: 0x8000c380 (0xff9ff06f) j       pc - 0x8
core   0: 3 0x8000c380 (0xff9ff06f)
core   0: 0x8000c378 (0x00004f17) auipc   t5, 0x4
core   0: 3 0x8000c378 (0x00004f17) x30 0x80010378
core   0: 0x8000c37c (0xc83f2423) sw      gp, -888(t5)
core   0: 3 0x8000c37c (0xc83f2423) mem 0x80010000 0x00000001
core   0: 0x8000c380 (0xff9ff06f) j       pc - 0x8
core   0: 3 0x8000c380 (0xff9ff06f)
core   0: 0x8000c378 (0x00004f17) auipc   t5, 0x4
core   0: 3 0x8000c378 (0x00004f17) x30 0x80010378
core   0: 0x8000c37c (0xc83f2423) sw      gp, -888(t5)
core   0: 3 0x8000c37c (0xc83f2423) mem 0x80010000 0x00000001
core   0: 0x8000c380 (0xff9ff06f) j       pc - 0x8
core   0: 3 0x8000c380 (0xff9ff06f)
core   0: 0x8000c378 (0x00004f17) auipc   t5, 0x4
core   0: 3 0x8000c378 (0x00004f17) x30 0x80010378
core   0: 0x8000c37c (0xc83f2423) sw      gp, -888(t5)
core   0: 3 0x8000c37c (0xc83f2423) mem 0x80010000 0x00000001
core   0: 0x8000c380 (0xff9ff06f) j       pc - 0x8
core   0: 3 0x8000c380 (0xff9ff06f)
core   0: 0x8000c378 (0x00004f17) auipc   t5, 0x4
core   0: 3 0x8000c378 (0x00004f17) x30 0x80010378
core   0: 0x8000c37c (0xc83f2423) sw      gp, -888(t5)
core   0: 3 0x8000c37c (0xc83f2423) mem 0x80010000 0x00000001
core   0: 0x8000c380 (0xff9ff06f) j       pc - 0x8
core   0: 3 0x8000c380 (0xff9ff06f)
core   0: 0x8000c378 (0x00004f17) auipc   t5, 0x4
core   0: 3 0x8000c378 (0x00004f17) x30 0x80010378
core   0: 0x8000c37c (0xc83f2423) sw      gp, -888(t5)
core   0: 3 0x8000c37c (0xc83f2423) mem 0x80010000 0x00000001
core   0: 0x8000c380 (0xff9ff06f) j       pc - 0x8
core   0: 3 0x8000c380 (0xff9ff06f)
core   0: 0x8000c378 (0x00004f17) auipc   t5, 0x4
core   0: 3 0x8000c378 (0x00004f17) x30 0x80010378
core   0: 0x8000c37c (0xc83f2423) sw      gp, -888(t5)
core   0: 3 0x8000c37c (0xc83f2423) mem 0x80010000 0x00000001
core   0: 0x8000c380 (0xff9ff06f) j       pc - 0x8
core   0: 3 0x8000c380 (0xff9ff06f)
core   0: 0x8000c378 (0x00004f17) auipc   t5, 0x4
core   0: 3 0x8000c378 (0x00004f17) x30 0x80010378
core   0: 0x8000c37c (0xc83f2423) sw      gp, -888(t5)
core   0: 3 0x8000c37c (0xc83f2423) mem 0x80010000 0x00000001
core   0: 0x8000c380 (0xff9ff06f) j       pc - 0x8
core   0: 3 0x8000c380 (0xff9ff06f)
core   0: 0x8000c378 (0x00004f17) auipc   t5, 0x4
core   0: 3 0x8000c378 (0x00004f17) x30 0x80010378
core   0: 0x8000c37c (0xc83f2423) sw      gp, -888(t5)
core   0: 3 0x8000c37c (0xc83f2423) mem 0x80010000 0x00000001
core   0: 0x8000c380 (0xff9ff06f) j       pc - 0x8
core   0: 3 0x8000c380 (0xff9ff06f)
core   0: 0x8000c378 (0x00004f17) auipc   t5, 0x4
core   0: 3 0x8000c378 (0x00004f17) x30 0x80010378
core   0: 0x8000c37c (0xc83f2423) sw      gp, -888(t5)
core   0: 3 0x8000c37c (0xc83f2423) mem 0x80010000 0x00000001
core   0: 0x8000c380 (0xff9ff06f) j       pc - 0x8
core   0: 3 0x8000c380 (0xff9ff06f)
core   0: 0x8000c378 (0x00004f17) auipc   t5, 0x4
core   0: 3 0x8000c378 (0x00004f17) x30 0x80010378
core   0: 0x8000c37c (0xc83f2423) sw      gp, -888(t5)
core   0: 3 0x8000c37c (0xc83f2423) mem 0x80010000 0x00000001
core   0: 0x8000c380 (0xff9ff06f) j       pc - 0x8
core   0: 3 0x8000c380 (0xff9ff06f)
core   0: 0x8000c378 (0x00004f17) auipc   t5, 0x4
core   0: 3 0x8000c378 (0x00004f17) x30 0x80010378
core   0: 0x8000c37c (0xc83f2423) sw      gp, -888(t5)
core   0: 3 0x8000c37c (0xc83f2423) mem 0x80010000 0x00000001
core   0: 0x8000c380 (0xff9ff06f) j       pc - 0x8
core   0: 3 0x8000c380 (0xff9ff06f)
core   0: 0x8000c378 (0x00004f17) auipc   t5, 0x4
core   0: 3 0x8000c378 (0x00004f17) x30 0x80010378
core   0: 0x8000c37c (0xc83f2423) sw      gp, -888(t5)
core   0: 3 0x8000c37c (0xc83f2423) mem 0x80010000 0x00000001
core   0: 0x8000c380 (0xff9ff06f) j       pc - 0x8
core   0: 3 0x8000c380 (0xff9ff06f)
core   0: 0x8000c378 (0x00004f17) auipc   t5, 0x4
core   0: 3 0x8000c378 (0x00004f17) x30 0x80010378
core   0: 0x8000c37c (0xc83f2423) sw      gp, -888(t5)
core   0: 3 0x8000c37c (0xc83f2423) mem 0x80010000 0x00000001
core   0: 0x8000c380 (0xff9ff06f) j       pc - 0x8
core   0: 3 0x8000c380 (0xff9ff06f)
core   0: 0x8000c378 (0x00004f17) auipc   t5, 0x4
core   0: 3 0x8000c378 (0x00004f17) x30 0x80010378
core   0: 0x8000c37c (0xc83f2423) sw      gp, -888(t5)
core   0: 3 0x8000c37c (0xc83f2423) mem 0x80010000 0x00000001
core   0: 0x8000c380 (0xff9ff06f) j       pc - 0x8
core   0: 3 0x8000c380 (0xff9ff06f)
core   0: 0x8000c378 (0x00004f17) auipc   t5, 0x4
core   0: 3 0x8000c378 (0x00004f17) x30 0x80010378
core   0: 0x8000c37c (0xc83f2423) sw      gp, -888(t5)
core   0: 3 0x8000c37c (0xc83f2423) mem 0x80010000 0x00000001
core   0: 0x8000c380 (0xff9ff06f) j       pc - 0x8
core   0: 3 0x8000c380 (0xff9ff06f)
core   0: 0x8000c378 (0x00004f17) auipc   t5, 0x4
core   0: 3 0x8000c378 (0x00004f17) x30 0x80010378
core   0: 0x8000c37c (0xc83f2423) sw      gp, -888(t5)
core   0: 3 0x8000c37c (0xc83f2423) mem 0x80010000 0x00000001
core   0: 0x8000c380 (0xff9ff06f) j       pc - 0x8
core   0: 3 0x8000c380 (0xff9ff06f)
core   0: 0x8000c378 (0x00004f17) auipc   t5, 0x4
core   0: 3 0x8000c378 (0x00004f17) x30 0x80010378
core   0: 0x8000c37c (0xc83f2423) sw      gp, -888(t5)
core   0: 3 0x8000c37c (0xc83f2423) mem 0x80010000 0x00000001
core   0: 0x8000c380 (0xff9ff06f) j       pc - 0x8
core   0: 3 0x8000c380 (0xff9ff06f)
core   0: 0x8000c378 (0x00004f17) auipc   t5, 0x4
core   0: 3 0x8000c378 (0x00004f17) x30 0x80010378
core   0: 0x8000c37c (0xc83f2423) sw      gp, -888(t5)
core   0: 3 0x8000c37c (0xc83f2423) mem 0x80010000 0x00000001
core   0: 0x8000c380 (0xff9ff06f) j       pc - 0x8
core   0: 3 0x8000c380 (0xff9ff06f)
core   0: 0x8000c378 (0x00004f17) auipc   t5, 0x4
core   0: 3 0x8000c378 (0x00004f17) x30 0x80010378
core   0: 0x8000c37c (0xc83f2423) sw      gp, -888(t5)
core   0: 3 0x8000c37c (0xc83f2423) mem 0x80010000 0x00000001
core   0: 0x8000c380 (0xff9ff06f) j       pc - 0x8
core   0: 3 0x8000c380 (0xff9ff06f)
core   0: 0x8000c378 (0x00004f17) auipc   t5, 0x4
core   0: 3 0x8000c378 (0x00004f17) x30 0x80010378
core   0: 0x8000c37c (0xc83f2423) sw      gp, -888(t5)
core   0: 3 0x8000c37c (0xc83f2423) mem 0x80010000 0x00000001
core   0: 0x8000c380 (0xff9ff06f) j       pc - 0x8
core   0: 3 0x8000c380 (0xff9ff06f)
core   0: 0x8000c378 (0x00004f17) auipc   t5, 0x4
core   0: 3 0x8000c378 (0x00004f17) x30 0x80010378
core   0: 0x8000c37c (0xc83f2423) sw      gp, -888(t5)
core   0: 3 0x8000c37c (0xc83f2423) mem 0x80010000 0x00000001
core   0: 0x8000c380 (0xff9ff06f) j       pc - 0x8
core   0: 3 0x8000c380 (0xff9ff06f)
core   0: 0x8000c378 (0x00004f17) auipc   t5, 0x4
core   0: 3 0x8000c378 (0x00004f17) x30 0x80010378
core   0: 0x8000c37c (0xc83f2423) sw      gp, -888(t5)
core   0: 3 0x8000c37c (0xc83f2423) mem 0x80010000 0x00000001
core   0: 0x8000c380 (0xff9ff06f) j       pc - 0x8
core   0: 3 0x8000c380 (0xff9ff06f)
core   0: 0x8000c378 (0x00004f17) auipc   t5, 0x4
core   0: 3 0x8000c378 (0x00004f17) x30 0x80010378
core   0: 0x8000c37c (0xc83f2423) sw      gp, -888(t5)
core   0: 3 0x8000c37c (0xc83f2423) mem 0x80010000 0x00000001
core   0: 0x8000c380 (0xff9ff06f) j       pc - 0x8
core   0: 3 0x8000c380 (0xff9ff06f)
core   0: 0x8000c378 (0x00004f17) auipc   t5, 0x4
core   0: 3 0x8000c378 (0x00004f17) x30 0x80010378
core   0: 0x8000c37c (0xc83f2423) sw      gp, -888(t5)
core   0: 3 0x8000c37c (0xc83f2423) mem 0x80010000 0x00000001
core   0: 0x8000c380 (0xff9ff06f) j       pc - 0x8
core   0: 3 0x8000c380 (0xff9ff06f)
core   0: 0x8000c378 (0x00004f17) auipc   t5, 0x4
core   0: 3 0x8000c378 (0x00004f17) x30 0x80010378
core   0: 0x8000c37c (0xc83f2423) sw      gp, -888(t5)
core   0: 3 0x8000c37c (0xc83f2423) mem 0x80010000 0x00000001
core   0: 0x8000c380 (0xff9ff06f) j       pc - 0x8
core   0: 3 0x8000c380 (0xff9ff06f)
core   0: 0x8000c378 (0x00004f17) auipc   t5, 0x4
core   0: 3 0x8000c378 (0x00004f17) x30 0x80010378
core   0: 0x8000c37c (0xc83f2423) sw      gp, -888(t5)
core   0: 3 0x8000c37c (0xc83f2423) mem 0x80010000 0x00000001
core   0: 0x8000c380 (0xff9ff06f) j       pc - 0x8
core   0: 3 0x8000c380 (0xff9ff06f)
core   0: 0x8000c378 (0x00004f17) auipc   t5, 0x4
core   0: 3 0x8000c378 (0x00004f17) x30 0x80010378
core   0: 0x8000c37c (0xc83f2423) sw      gp, -888(t5)
core   0: 3 0x8000c37c (0xc83f2423) mem 0x80010000 0x00000001
core   0: 0x8000c380 (0xff9ff06f) j       pc - 0x8
core   0: 3 0x8000c380 (0xff9ff06f)
core   0: 0x8000c378 (0x00004f17) auipc   t5, 0x4
core   0: 3 0x8000c378 (0x00004f17) x30 0x80010378
core   0: 0x8000c37c (0xc83f2423) sw      gp, -888(t5)
core   0: 3 0x8000c37c (0xc83f2423) mem 0x80010000 0x00000001
core   0: 0x8000c380 (0xff9ff06f) j       pc - 0x8
core   0: 3 0x8000c380 (0xff9ff06f)
core   0: 0x8000c378 (0x00004f17) auipc   t5, 0x4
core   0: 3 0x8000c378 (0x00004f17) x30 0x80010378
core   0: 0x8000c37c (0xc83f2423) sw      gp, -888(t5)
core   0: 3 0x8000c37c (0xc83f2423) mem 0x80010000 0x00000001
core   0: 0x8000c380 (0xff9ff06f) j       pc - 0x8
core   0: 3 0x8000c380 (0xff9ff06f)
core   0: 0x8000c378 (0x00004f17) auipc   t5, 0x4
core   0: 3 0x8000c378 (0x00004f17) x30 0x80010378
core   0: 0x8000c37c (0xc83f2423) sw      gp, -888(t5)
core   0: 3 0x8000c37c (0xc83f2423) mem 0x80010000 0x00000001
core   0: 0x8000c380 (0xff9ff06f) j       pc - 0x8
core   0: 3 0x8000c380 (0xff9ff06f)
core   0: 0x8000c378 (0x00004f17) auipc   t5, 0x4
core   0: 3 0x8000c378 (0x00004f17) x30 0x80010378
core   0: 0x8000c37c (0xc83f2423) sw      gp, -888(t5)
core   0: 3 0x8000c37c (0xc83f2423) mem 0x80010000 0x00000001
core   0: 0x8000c380 (0xff9ff06f) j       pc - 0x8
core   0: 3 0x8000c380 (0xff9ff06f)
core   0: 0x8000c378 (0x00004f17) auipc   t5, 0x4
core   0: 3 0x8000c378 (0x00004f17) x30 0x80010378
core   0: 0x8000c37c (0xc83f2423) sw      gp, -888(t5)
core   0: 3 0x8000c37c (0xc83f2423) mem 0x80010000 0x00000001
core   0: 0x8000c380 (0xff9ff06f) j       pc - 0x8
core   0: 3 0x8000c380 (0xff9ff06f)
core   0: 0x8000c378 (0x00004f17) auipc   t5, 0x4
core   0: 3 0x8000c378 (0x00004f17) x30 0x80010378
core   0: 0x8000c37c (0xc83f2423) sw      gp, -888(t5)
core   0: 3 0x8000c37c (0xc83f2423) mem 0x80010000 0x00000001
core   0: 0x8000c380 (0xff9ff06f) j       pc - 0x8
core   0: 3 0x8000c380 (0xff9ff06f)
core   0: 0x8000c378 (0x00004f17) auipc   t5, 0x4
core   0: 3 0x8000c378 (0x00004f17) x30 0x80010378
core   0: 0x8000c37c (0xc83f2423) sw      gp, -888(t5)
core   0: 3 0x8000c37c (0xc83f2423) mem 0x80010000 0x00000001
core   0: 0x8000c380 (0xff9ff06f) j       pc - 0x8
core   0: 3 0x8000c380 (0xff9ff06f)
core   0: 0x8000c378 (0x00004f17) auipc   t5, 0x4
core   0: 3 0x8000c378 (0x00004f17) x30 0x80010378
core   0: 0x8000c37c (0xc83f2423) sw      gp, -888(t5)
core   0: 3 0x8000c37c (0xc83f2423) mem 0x80010000 0x00000001
core   0: 0x8000c380 (0xff9ff06f) j       pc - 0x8
core   0: 3 0x8000c380 (0xff9ff06f)
core   0: 0x8000c378 (0x00004f17) auipc   t5, 0x4
core   0: 3 0x8000c378 (0x00004f17) x30 0x80010378
core   0: 0x8000c37c (0xc83f2423) sw      gp, -888(t5)
core   0: 3 0x8000c37c (0xc83f2423) mem 0x80010000 0x00000001
core   0: 0x8000c380 (0xff9ff06f) j       pc - 0x8
core   0: 3 0x8000c380 (0xff9ff06f)
core   0: 0x8000c378 (0x00004f17) auipc   t5, 0x4
core   0: 3 0x8000c378 (0x00004f17) x30 0x80010378
core   0: 0x8000c37c (0xc83f2423) sw      gp, -888(t5)
core   0: 3 0x8000c37c (0xc83f2423) mem 0x80010000 0x00000001
core   0: 0x8000c380 (0xff9ff06f) j       pc - 0x8
core   0: 3 0x8000c380 (0xff9ff06f)
core   0: 0x8000c378 (0x00004f17) auipc   t5, 0x4
core   0: 3 0x8000c378 (0x00004f17) x30 0x80010378
core   0: 0x8000c37c (0xc83f2423) sw      gp, -888(t5)
core   0: 3 0x8000c37c (0xc83f2423) mem 0x80010000 0x00000001
core   0: 0x8000c380 (0xff9ff06f) j       pc - 0x8
core   0: 3 0x8000c380 (0xff9ff06f)
core   0: 0x8000c378 (0x00004f17) auipc   t5, 0x4
core   0: 3 0x8000c378 (0x00004f17) x30 0x80010378
core   0: 0x8000c37c (0xc83f2423) sw      gp, -888(t5)
core   0: 3 0x8000c37c (0xc83f2423) mem 0x80010000 0x00000001
core   0: 0x8000c380 (0xff9ff06f) j       pc - 0x8
core   0: 3 0x8000c380 (0xff9ff06f)
core   0: 0x8000c378 (0x00004f17) auipc   t5, 0x4
core   0: 3 0x8000c378 (0x00004f17) x30 0x80010378
core   0: 0x8000c37c (0xc83f2423) sw      gp, -888(t5)
core   0: 3 0x8000c37c (0xc83f2423) mem 0x80010000 0x00000001
core   0: 0x8000c380 (0xff9ff06f) j       pc - 0x8
core   0: 3 0x8000c380 (0xff9ff06f)
core   0: 0x8000c378 (0x00004f17) auipc   t5, 0x4
core   0: 3 0x8000c378 (0x00004f17) x30 0x80010378
core   0: 0x8000c37c (0xc83f2423) sw      gp, -888(t5)
core   0: 3 0x8000c37c (0xc83f2423) mem 0x80010000 0x00000001
core   0: 0x8000c380 (0xff9ff06f) j       pc - 0x8
core   0: 3 0x8000c380 (0xff9ff06f)
core   0: 0x8000c378 (0x00004f17) auipc   t5, 0x4
core   0: 3 0x8000c378 (0x00004f17) x30 0x80010378
core   0: 0x8000c37c (0xc83f2423) sw      gp, -888(t5)
core   0: 3 0x8000c37c (0xc83f2423) mem 0x80010000 0x00000001
core   0: 0x8000c380 (0xff9ff06f) j       pc - 0x8
core   0: 3 0x8000c380 (0xff9ff06f)
core   0: 0x8000c378 (0x00004f17) auipc   t5, 0x4
core   0: 3 0x8000c378 (0x00004f17) x30 0x80010378
core   0: 0x8000c37c (0xc83f2423) sw      gp, -888(t5)
core   0: 3 0x8000c37c (0xc83f2423) mem 0x80010000 0x00000001
core   0: 0x8000c380 (0xff9ff06f) j       pc - 0x8
core   0: 3 0x8000c380 (0xff9ff06f)
core   0: 0x8000c378 (0x00004f17) auipc   t5, 0x4
core   0: 3 0x8000c378 (0x00004f17) x30 0x80010378
core   0: 0x8000c37c (0xc83f2423) sw      gp, -888(t5)
core   0: 3 0x8000c37c (0xc83f2423) mem 0x80010000 0x00000001
core   0: 0x8000c380 (0xff9ff06f) j       pc - 0x8
core   0: 3 0x8000c380 (0xff9ff06f)
core   0: 0x8000c378 (0x00004f17) auipc   t5, 0x4
core   0: 3 0x8000c378 (0x00004f17) x30 0x80010378
core   0: 0x8000c37c (0xc83f2423) sw      gp, -888(t5)
core   0: 3 0x8000c37c (0xc83f2423) mem 0x80010000 0x00000001
core   0: 0x8000c380 (0xff9ff06f) j       pc - 0x8
core   0: 3 0x8000c380 (0xff9ff06f)
core   0: 0x8000c378 (0x00004f17) auipc   t5, 0x4
core   0: 3 0x8000c378 (0x00004f17) x30 0x80010378
core   0: 0x8000c37c (0xc83f2423) sw      gp, -888(t5)
core   0: 3 0x8000c37c (0xc83f2423) mem 0x80010000 0x00000001
core   0: 0x8000c380 (0xff9ff06f) j       pc - 0x8
core   0: 3 0x8000c380 (0xff9ff06f)
core   0: 0x8000c378 (0x00004f17) auipc   t5, 0x4
core   0: 3 0x8000c378 (0x00004f17) x30 0x80010378
core   0: 0x8000c37c (0xc83f2423) sw      gp, -888(t5)
core   0: 3 0x8000c37c (0xc83f2423) mem 0x80010000 0x00000001
core   0: 0x8000c380 (0xff9ff06f) j       pc - 0x8
core   0: 3 0x8000c380 (0xff9ff06f)
core   0: 0x8000c378 (0x00004f17) auipc   t5, 0x4
core   0: 3 0x8000c378 (0x00004f17) x30 0x80010378
core   0: 0x8000c37c (0xc83f2423) sw      gp, -888(t5)
core   0: 3 0x8000c37c (0xc83f2423) mem 0x80010000 0x00000001
core   0: 0x8000c380 (0xff9ff06f) j       pc - 0x8
core   0: 3 0x8000c380 (0xff9ff06f)
core   0: 0x8000c378 (0x00004f17) auipc   t5, 0x4
core   0: 3 0x8000c378 (0x00004f17) x30 0x80010378
core   0: 0x8000c37c (0xc83f2423) sw      gp, -888(t5)
core   0: 3 0x8000c37c (0xc83f2423) mem 0x80010000 0x00000001
core   0: 0x8000c380 (0xff9ff06f) j       pc - 0x8
core   0: 3 0x8000c380 (0xff9ff06f)
core   0: 0x8000c378 (0x00004f17) auipc   t5, 0x4
core   0: 3 0x8000c378 (0x00004f17) x30 0x80010378
core   0: 0x8000c37c (0xc83f2423) sw      gp, -888(t5)
core   0: 3 0x8000c37c (0xc83f2423) mem 0x80010000 0x00000001
core   0: 0x8000c380 (0xff9ff06f) j       pc - 0x8
core   0: 3 0x8000c380 (0xff9ff06f)
core   0: 0x8000c378 (0x00004f17) auipc   t5, 0x4
core   0: 3 0x8000c378 (0x00004f17) x30 0x80010378
core   0: 0x8000c37c (0xc83f2423) sw      gp, -888(t5)
core   0: 3 0x8000c37c (0xc83f2423) mem 0x80010000 0x00000001
core   0: 0x8000c380 (0xff9ff06f) j       pc - 0x8
core   0: 3 0x8000c380 (0xff9ff06f)
core   0: 0x8000c378 (0x00004f17) auipc   t5, 0x4
core   0: 3 0x8000c378 (0x00004f17) x30 0x80010378
core   0: 0x8000c37c (0xc83f2423) sw      gp, -888(t5)
core   0: 3 0x8000c37c (0xc83f2423) mem 0x80010000 0x00000001
core   0: 0x8000c380 (0xff9ff06f) j       pc - 0x8
core   0: 3 0x8000c380 (0xff9ff06f)
core   0: 0x8000c378 (0x00004f17) auipc   t5, 0x4
core   0: 3 0x8000c378 (0x00004f17) x30 0x80010378
core   0: 0x8000c37c (0xc83f2423) sw      gp, -888(t5)
core   0: 3 0x8000c37c (0xc83f2423) mem 0x80010000 0x00000001
core   0: 0x8000c380 (0xff9ff06f) j       pc - 0x8
core   0: 3 0x8000c380 (0xff9ff06f)
core   0: 0x8000c378 (0x00004f17) auipc   t5, 0x4
core   0: 3 0x8000c378 (0x00004f17) x30 0x80010378
core   0: 0x8000c37c (0xc83f2423) sw      gp, -888(t5)
core   0: 3 0x8000c37c (0xc83f2423) mem 0x80010000 0x00000001
core   0: 0x8000c380 (0xff9ff06f) j       pc - 0x8
core   0: 3 0x8000c380 (0xff9ff06f)
core   0: 0x8000c378 (0x00004f17) auipc   t5, 0x4
core   0: 3 0x8000c378 (0x00004f17) x30 0x80010378
core   0: 0x8000c37c (0xc83f2423) sw      gp, -888(t5)
core   0: 3 0x8000c37c (0xc83f2423) mem 0x80010000 0x00000001
core   0: 0x8000c380 (0xff9ff06f) j       pc - 0x8
core   0: 3 0x8000c380 (0xff9ff06f)
core   0: 0x8000c378 (0x00004f17) auipc   t5, 0x4
core   0: 3 0x8000c378 (0x00004f17) x30 0x80010378
core   0: 0x8000c37c (0xc83f2423) sw      gp, -888(t5)
core   0: 3 0x8000c37c (0xc83f2423) mem 0x80010000 0x00000001
core   0: 0x8000c380 (0xff9ff06f) j       pc - 0x8
core   0: 3 0x8000c380 (0xff9ff06f)
core   0: 0x8000c378 (0x00004f17) auipc   t5, 0x4
core   0: 3 0x8000c378 (0x00004f17) x30 0x80010378
core   0: 0x8000c37c (0xc83f2423) sw      gp, -888(t5)
core   0: 3 0x8000c37c (0xc83f2423) mem 0x80010000 0x00000001
core   0: 0x8000c380 (0xff9ff06f) j       pc - 0x8
core   0: 3 0x8000c380 (0xff9ff06f)
core   0: 0x8000c378 (0x00004f17) auipc   t5, 0x4
core   0: 3 0x8000c378 (0x00004f17) x30 0x80010378
core   0: 0x8000c37c (0xc83f2423) sw      gp, -888(t5)
core   0: 3 0x8000c37c (0xc83f2423) mem 0x80010000 0x00000001
core   0: 0x8000c380 (0xff9ff06f) j       pc - 0x8
core   0: 3 0x8000c380 (0xff9ff06f)
core   0: 0x8000c378 (0x00004f17) auipc   t5, 0x4
core   0: 3 0x8000c378 (0x00004f17) x30 0x80010378
core   0: 0x8000c37c (0xc83f2423) sw      gp, -888(t5)
core   0: 3 0x8000c37c (0xc83f2423) mem 0x80010000 0x00000001
core   0: 0x8000c380 (0xff9ff06f) j       pc - 0x8
core   0: 3 0x8000c380 (0xff9ff06f)
core   0: 0x8000c378 (0x00004f17) auipc   t5, 0x4
core   0: 3 0x8000c378 (0x00004f17) x30 0x80010378
core   0: 0x8000c37c (0xc83f2423) sw      gp, -888(t5)
core   0: 3 0x8000c37c (0xc83f2423) mem 0x80010000 0x00000001
core   0: 0x8000c380 (0xff9ff06f) j       pc - 0x8
core   0: 3 0x8000c380 (0xff9ff06f)
core   0: 0x8000c378 (0x00004f17) auipc   t5, 0x4
core   0: 3 0x8000c378 (0x00004f17) x30 0x80010378
core   0: 0x8000c37c (0xc83f2423) sw      gp, -888(t5)
core   0: 3 0x8000c37c (0xc83f2423) mem 0x80010000 0x00000001
core   0: 0x8000c380 (0xff9ff06f) j       pc - 0x8
core   0: 3 0x8000c380 (0xff9ff06f)
core   0: 0x8000c378 (0x00004f17) auipc   t5, 0x4
core   0: 3 0x8000c378 (0x00004f17) x30 0x80010378
core   0: 0x8000c37c (0xc83f2423) sw      gp, -888(t5)
core   0: 3 0x8000c37c (0xc83f2423) mem 0x80010000 0x00000001
core   0: 0x8000c380 (0xff9ff06f) j       pc - 0x8
core   0: 3 0x8000c380 (0xff9ff06f)
core   0: 0x8000c378 (0x00004f17) auipc   t5, 0x4
core   0: 3 0x8000c378 (0x00004f17) x30 0x80010378
core   0: 0x8000c37c (0xc83f2423) sw      gp, -888(t5)
core   0: 3 0x8000c37c (0xc83f2423) mem 0x80010000 0x00000001
core   0: 0x8000c380 (0xff9ff06f) j       pc - 0x8
core   0: 3 0x8000c380 (0xff9ff06f)
core   0: 0x8000c378 (0x00004f17) auipc   t5, 0x4
core   0: 3 0x8000c378 (0x00004f17) x30 0x80010378
core   0: 0x8000c37c (0xc83f2423) sw      gp, -888(t5)
core   0: 3 0x8000c37c (0xc83f2423) mem 0x80010000 0x00000001
core   0: 0x8000c380 (0xff9ff06f) j       pc - 0x8
core   0: 3 0x8000c380 (0xff9ff06f)
core   0: 0x8000c378 (0x00004f17) auipc   t5, 0x4
core   0: 3 0x8000c378 (0x00004f17) x30 0x80010378
core   0: 0x8000c37c (0xc83f2423) sw      gp, -888(t5)
core   0: 3 0x8000c37c (0xc83f2423) mem 0x80010000 0x00000001
core   0: 0x8000c380 (0xff9ff06f) j       pc - 0x8
core   0: 3 0x8000c380 (0xff9ff06f)
core   0: 0x8000c378 (0x00004f17) auipc   t5, 0x4
core   0: 3 0x8000c378 (0x00004f17) x30 0x80010378
core   0: 0x8000c37c (0xc83f2423) sw      gp, -888(t5)
core   0: 3 0x8000c37c (0xc83f2423) mem 0x80010000 0x00000001
core   0: 0x8000c380 (0xff9ff06f) j       pc - 0x8
core   0: 3 0x8000c380 (0xff9ff06f)
core   0: 0x8000c378 (0x00004f17) auipc   t5, 0x4
core   0: 3 0x8000c378 (0x00004f17) x30 0x80010378
core   0: 0x8000c37c (0xc83f2423) sw      gp, -888(t5)
core   0: 3 0x8000c37c (0xc83f2423) mem 0x80010000 0x00000001
core   0: 0x8000c380 (0xff9ff06f) j       pc - 0x8
core   0: 3 0x8000c380 (0xff9ff06f)
core   0: 0x8000c378 (0x00004f17) auipc   t5, 0x4
core   0: 3 0x8000c378 (0x00004f17) x30 0x80010378
core   0: 0x8000c37c (0xc83f2423) sw      gp, -888(t5)
core   0: 3 0x8000c37c (0xc83f2423) mem 0x80010000 0x00000001
core   0: 0x8000c380 (0xff9ff06f) j       pc - 0x8
core   0: 3 0x8000c380 (0xff9ff06f)
core   0: 0x8000c378 (0x00004f17) auipc   t5, 0x4
core   0: 3 0x8000c378 (0x00004f17) x30 0x80010378
core   0: 0x8000c37c (0xc83f2423) sw      gp, -888(t5)
core   0: 3 0x8000c37c (0xc83f2423) mem 0x80010000 0x00000001
core   0: 0x8000c380 (0xff9ff06f) j       pc - 0x8
core   0: 3 0x8000c380 (0xff9ff06f)
core   0: 0x8000c378 (0x00004f17) auipc   t5, 0x4
core   0: 3 0x8000c378 (0x00004f17) x30 0x80010378
core   0: 0x8000c37c (0xc83f2423) sw      gp, -888(t5)
core   0: 3 0x8000c37c (0xc83f2423) mem 0x80010000 0x00000001
core   0: 0x8000c380 (0xff9ff06f) j       pc - 0x8
core   0: 3 0x8000c380 (0xff9ff06f)
core   0: 0x8000c378 (0x00004f17) auipc   t5, 0x4
core   0: 3 0x8000c378 (0x00004f17) x30 0x80010378
core   0: 0x8000c37c (0xc83f2423) sw      gp, -888(t5)
core   0: 3 0x8000c37c (0xc83f2423) mem 0x80010000 0x00000001
core   0: 0x8000c380 (0xff9ff06f) j       pc - 0x8
core   0: 3 0x8000c380 (0xff9ff06f)
core   0: 0x8000c378 (0x00004f17) auipc   t5, 0x4
core   0: 3 0x8000c378 (0x00004f17) x30 0x80010378
core   0: 0x8000c37c (0xc83f2423) sw      gp, -888(t5)
core   0: 3 0x8000c37c (0xc83f2423) mem 0x80010000 0x00000001
core   0: 0x8000c380 (0xff9ff06f) j       pc - 0x8
core   0: 3 0x8000c380 (0xff9ff06f)
core   0: 0x8000c378 (0x00004f17) auipc   t5, 0x4
core   0: 3 0x8000c378 (0x00004f17) x30 0x80010378
core   0: 0x8000c37c (0xc83f2423) sw      gp, -888(t5)
core   0: 3 0x8000c37c (0xc83f2423) mem 0x80010000 0x00000001
core   0: 0x8000c380 (0xff9ff06f) j       pc - 0x8
core   0: 3 0x8000c380 (0xff9ff06f)
core   0: 0x8000c378 (0x00004f17) auipc   t5, 0x4
core   0: 3 0x8000c378 (0x00004f17) x30 0x80010378
core   0: 0x8000c37c (0xc83f2423) sw      gp, -888(t5)
core   0: 3 0x8000c37c (0xc83f2423) mem 0x80010000 0x00000001
core   0: 0x8000c380 (0xff9ff06f) j       pc - 0x8
core   0: 3 0x8000c380 (0xff9ff06f)
core   0: 0x8000c378 (0x00004f17) auipc   t5, 0x4
core   0: 3 0x8000c378 (0x00004f17) x30 0x80010378
core   0: 0x8000c37c (0xc83f2423) sw      gp, -888(t5)
core   0: 3 0x8000c37c (0xc83f2423) mem 0x80010000 0x00000001
core   0: 0x8000c380 (0xff9ff06f) j       pc - 0x8
core   0: 3 0x8000c380 (0xff9ff06f)
core   0: 0x8000c378 (0x00004f17) auipc   t5, 0x4
core   0: 3 0x8000c378 (0x00004f17) x30 0x80010378
core   0: 0x8000c37c (0xc83f2423) sw      gp, -888(t5)
core   0: 3 0x8000c37c (0xc83f2423) mem 0x80010000 0x00000001
core   0: 0x8000c380 (0xff9ff06f) j       pc - 0x8
core   0: 3 0x8000c380 (0xff9ff06f)
core   0: 0x8000c378 (0x00004f17) auipc   t5, 0x4
core   0: 3 0x8000c378 (0x00004f17) x30 0x80010378
core   0: 0x8000c37c (0xc83f2423) sw      gp, -888(t5)
core   0: 3 0x8000c37c (0xc83f2423) mem 0x80010000 0x00000001
core   0: 0x8000c380 (0xff9ff06f) j       pc - 0x8
core   0: 3 0x8000c380 (0xff9ff06f)
core   0: 0x8000c378 (0x00004f17) auipc   t5, 0x4
core   0: 3 0x8000c378 (0x00004f17) x30 0x80010378
core   0: 0x8000c37c (0xc83f2423) sw      gp, -888(t5)
core   0: 3 0x8000c37c (0xc83f2423) mem 0x80010000 0x00000001
core   0: 0x8000c380 (0xff9ff06f) j       pc - 0x8
core   0: 3 0x8000c380 (0xff9ff06f)
core   0: 0x8000c378 (0x00004f17) auipc   t5, 0x4
core   0: 3 0x8000c378 (0x00004f17) x30 0x80010378
core   0: 0x8000c37c (0xc83f2423) sw      gp, -888(t5)
core   0: 3 0x8000c37c (0xc83f2423) mem 0x80010000 0x00000001
core   0: 0x8000c380 (0xff9ff06f) j       pc - 0x8
core   0: 3 0x8000c380 (0xff9ff06f)
core   0: 0x8000c378 (0x00004f17) auipc   t5, 0x4
core   0: 3 0x8000c378 (0x00004f17) x30 0x80010378
core   0: 0x8000c37c (0xc83f2423) sw      gp, -888(t5)
core   0: 3 0x8000c37c (0xc83f2423) mem 0x80010000 0x00000001
core   0: 0x8000c380 (0xff9ff06f) j       pc - 0x8
core   0: 3 0x8000c380 (0xff9ff06f)
core   0: 0x8000c378 (0x00004f17) auipc   t5, 0x4
core   0: 3 0x8000c378 (0x00004f17) x30 0x80010378
core   0: 0x8000c37c (0xc83f2423) sw      gp, -888(t5)
core   0: 3 0x8000c37c (0xc83f2423) mem 0x80010000 0x00000001
core   0: 0x8000c380 (0xff9ff06f) j       pc - 0x8
core   0: 3 0x8000c380 (0xff9ff06f)
core   0: 0x8000c378 (0x00004f17) auipc   t5, 0x4
core   0: 3 0x8000c378 (0x00004f17) x30 0x80010378
core   0: 0x8000c37c (0xc83f2423) sw      gp, -888(t5)
core   0: 3 0x8000c37c (0xc83f2423) mem 0x80010000 0x00000001
core   0: 0x8000c380 (0xff9ff06f) j       pc - 0x8
core   0: 3 0x8000c380 (0xff9ff06f)
core   0: 0x8000c378 (0x00004f17) auipc   t5, 0x4
core   0: 3 0x8000c378 (0x00004f17) x30 0x80010378
core   0: 0x8000c37c (0xc83f2423) sw      gp, -888(t5)
core   0: 3 0x8000c37c (0xc83f2423) mem 0x80010000 0x00000001
core   0: 0x8000c380 (0xff9ff06f) j       pc - 0x8
core   0: 3 0x8000c380 (0xff9ff06f)
core   0: 0x8000c378 (0x00004f17) auipc   t5, 0x4
core   0: 3 0x8000c378 (0x00004f17) x30 0x80010378
core   0: 0x8000c37c (0xc83f2423) sw      gp, -888(t5)
core   0: 3 0x8000c37c (0xc83f2423) mem 0x80010000 0x00000001
core   0: 0x8000c380 (0xff9ff06f) j       pc - 0x8
core   0: 3 0x8000c380 (0xff9ff06f)
core   0: 0x8000c378 (0x00004f17) auipc   t5, 0x4
core   0: 3 0x8000c378 (0x00004f17) x30 0x80010378
core   0: 0x8000c37c (0xc83f2423) sw      gp, -888(t5)
core   0: 3 0x8000c37c (0xc83f2423) mem 0x80010000 0x00000001
core   0: 0x8000c380 (0xff9ff06f) j       pc - 0x8
core   0: 3 0x8000c380 (0xff9ff06f)
core   0: 0x8000c378 (0x00004f17) auipc   t5, 0x4
core   0: 3 0x8000c378 (0x00004f17) x30 0x80010378
core   0: 0x8000c37c (0xc83f2423) sw      gp, -888(t5)
core   0: 3 0x8000c37c (0xc83f2423) mem 0x80010000 0x00000001
core   0: 0x8000c380 (0xff9ff06f) j       pc - 0x8
core   0: 3 0x8000c380 (0xff9ff06f)
core   0: 0x8000c378 (0x00004f17) auipc   t5, 0x4
core   0: 3 0x8000c378 (0x00004f17) x30 0x80010378
core   0: 0x8000c37c (0xc83f2423) sw      gp, -888(t5)
core   0: 3 0x8000c37c (0xc83f2423) mem 0x80010000 0x00000001
core   0: 0x8000c380 (0xff9ff06f) j       pc - 0x8
core   0: 3 0x8000c380 (0xff9ff06f)
core   0: 0x8000c378 (0x00004f17) auipc   t5, 0x4
core   0: 3 0x8000c378 (0x00004f17) x30 0x80010378
core   0: 0x8000c37c (0xc83f2423) sw      gp, -888(t5)
core   0: 3 0x8000c37c (0xc83f2423) mem 0x80010000 0x00000001
core   0: 0x8000c380 (0xff9ff06f) j       pc - 0x8
core   0: 3 0x8000c380 (0xff9ff06f)
core   0: 0x8000c378 (0x00004f17) auipc   t5, 0x4
core   0: 3 0x8000c378 (0x00004f17) x30 0x80010378
core   0: 0x8000c37c (0xc83f2423) sw      gp, -888(t5)
core   0: 3 0x8000c37c (0xc83f2423) mem 0x80010000 0x00000001
core   0: 0x8000c380 (0xff9ff06f) j       pc - 0x8
core   0: 3 0x8000c380 (0xff9ff06f)
core   0: 0x8000c378 (0x00004f17) auipc   t5, 0x4
core   0: 3 0x8000c378 (0x00004f17) x30 0x80010378
core   0: 0x8000c37c (0xc83f2423) sw      gp, -888(t5)
core   0: 3 0x8000c37c (0xc83f2423) mem 0x80010000 0x00000001
core   0: 0x8000c380 (0xff9ff06f) j       pc - 0x8
core   0: 3 0x8000c380 (0xff9ff06f)
core   0: 0x8000c378 (0x00004f17) auipc   t5, 0x4
core   0: 3 0x8000c378 (0x00004f17) x30 0x80010378
core   0: 0x8000c37c (0xc83f2423) sw      gp, -888(t5)
core   0: 3 0x8000c37c (0xc83f2423) mem 0x80010000 0x00000001
core   0: 0x8000c380 (0xff9ff06f) j       pc - 0x8
core   0: 3 0x8000c380 (0xff9ff06f)
core   0: 0x8000c378 (0x00004f17) auipc   t5, 0x4
core   0: 3 0x8000c378 (0x00004f17) x30 0x80010378
core   0: 0x8000c37c (0xc83f2423) sw      gp, -888(t5)
core   0: 3 0x8000c37c (0xc83f2423) mem 0x80010000 0x00000001
core   0: 0x8000c380 (0xff9ff06f) j       pc - 0x8
core   0: 3 0x8000c380 (0xff9ff06f)
core   0: 0x8000c378 (0x00004f17) auipc   t5, 0x4
core   0: 3 0x8000c378 (0x00004f17) x30 0x80010378
core   0: 0x8000c37c (0xc83f2423) sw      gp, -888(t5)
core   0: 3 0x8000c37c (0xc83f2423) mem 0x80010000 0x00000001
core   0: 0x8000c380 (0xff9ff06f) j       pc - 0x8
core   0: 3 0x8000c380 (0xff9ff06f)
core   0: 0x8000c378 (0x00004f17) auipc   t5, 0x4
core   0: 3 0x8000c378 (0x00004f17) x30 0x80010378
core   0: 0x8000c37c (0xc83f2423) sw      gp, -888(t5)
core   0: 3 0x8000c37c (0xc83f2423) mem 0x80010000 0x00000001
core   0: 0x8000c380 (0xff9ff06f) j       pc - 0x8
core   0: 3 0x8000c380 (0xff9ff06f)
core   0: 0x8000c378 (0x00004f17) auipc   t5, 0x4
core   0: 3 0x8000c378 (0x00004f17) x30 0x80010378
core   0: 0x8000c37c (0xc83f2423) sw      gp, -888(t5)
core   0: 3 0x8000c37c (0xc83f2423) mem 0x80010000 0x00000001
core   0: 0x8000c380 (0xff9ff06f) j       pc - 0x8
core   0: 3 0x8000c380 (0xff9ff06f)
core   0: 0x8000c378 (0x00004f17) auipc   t5, 0x4
core   0: 3 0x8000c378 (0x00004f17) x30 0x80010378
core   0: 0x8000c37c (0xc83f2423) sw      gp, -888(t5)
core   0: 3 0x8000c37c (0xc83f2423) mem 0x80010000 0x00000001
core   0: 0x8000c380 (0xff9ff06f) j       pc - 0x8
core   0: 3 0x8000c380 (0xff9ff06f)
core   0: 0x8000c378 (0x00004f17) auipc   t5, 0x4
core   0: 3 0x8000c378 (0x00004f17) x30 0x80010378
core   0: 0x8000c37c (0xc83f2423) sw      gp, -888(t5)
core   0: 3 0x8000c37c (0xc83f2423) mem 0x80010000 0x00000001
core   0: 0x8000c380 (0xff9ff06f) j       pc - 0x8
core   0: 3 0x8000c380 (0xff9ff06f)
core   0: 0x8000c378 (0x00004f17) auipc   t5, 0x4
core   0: 3 0x8000c378 (0x00004f17) x30 0x80010378
core   0: 0x8000c37c (0xc83f2423) sw      gp, -888(t5)
core   0: 3 0x8000c37c (0xc83f2423) mem 0x80010000 0x00000001
core   0: 0x8000c380 (0xff9ff06f) j       pc - 0x8
core   0: 3 0x8000c380 (0xff9ff06f)
core   0: 0x8000c378 (0x00004f17) auipc   t5, 0x4
core   0: 3 0x8000c378 (0x00004f17) x30 0x80010378
core   0: 0x8000c37c (0xc83f2423) sw      gp, -888(t5)
core   0: 3 0x8000c37c (0xc83f2423) mem 0x80010000 0x00000001
core   0: 0x8000c380 (0xff9ff06f) j       pc - 0x8
core   0: 3 0x8000c380 (0xff9ff06f)
core   0: 0x8000c378 (0x00004f17) auipc   t5, 0x4
core   0: 3 0x8000c378 (0x00004f17) x30 0x80010378
core   0: 0x8000c37c (0xc83f2423) sw      gp, -888(t5)
core   0: 3 0x8000c37c (0xc83f2423) mem 0x80010000 0x00000001
core   0: 0x8000c380 (0xff9ff06f) j       pc - 0x8
core   0: 3 0x8000c380 (0xff9ff06f)
core   0: 0x8000c378 (0x00004f17) auipc   t5, 0x4
core   0: 3 0x8000c378 (0x00004f17) x30 0x80010378
core   0: 0x8000c37c (0xc83f2423) sw      gp, -888(t5)
core   0: 3 0x8000c37c (0xc83f2423) mem 0x80010000 0x00000001
core   0: 0x8000c380 (0xff9ff06f) j       pc - 0x8
core   0: 3 0x8000c380 (0xff9ff06f)
core   0: 0x8000c378 (0x00004f17) auipc   t5, 0x4
core   0: 3 0x8000c378 (0x00004f17) x30 0x80010378
core   0: 0x8000c37c (0xc83f2423) sw      gp, -888(t5)
core   0: 3 0x8000c37c (0xc83f2423) mem 0x80010000 0x00000001
core   0: 0x8000c380 (0xff9ff06f) j       pc - 0x8
core   0: 3 0x8000c380 (0xff9ff06f)
core   0: 0x8000c378 (0x00004f17) auipc   t5, 0x4
core   0: 3 0x8000c378 (0x00004f17) x30 0x80010378
core   0: 0x8000c37c (0xc83f2423) sw      gp, -888(t5)
core   0: 3 0x8000c37c (0xc83f2423) mem 0x80010000 0x00000001
core   0: 0x8000c380 (0xff9ff06f) j       pc - 0x8
core   0: 3 0x8000c380 (0xff9ff06f)
core   0: 0x8000c378 (0x00004f17) auipc   t5, 0x4
core   0: 3 0x8000c378 (0x00004f17) x30 0x80010378
core   0: 0x8000c37c (0xc83f2423) sw      gp, -888(t5)
core   0: 3 0x8000c37c (0xc83f2423) mem 0x80010000 0x00000001
core   0: 0x8000c380 (0xff9ff06f) j       pc - 0x8
core   0: 3 0x8000c380 (0xff9ff06f)
core   0: 0x8000c378 (0x00004f17) auipc   t5, 0x4
core   0: 3 0x8000c378 (0x00004f17) x30 0x80010378
core   0: 0x8000c37c (0xc83f2423) sw      gp, -888(t5)
core   0: 3 0x8000c37c (0xc83f2423) mem 0x80010000 0x00000001
core   0: 0x8000c380 (0xff9ff06f) j       pc - 0x8
core   0: 3 0x8000c380 (0xff9ff06f)
core   0: 0x8000c378 (0x00004f17) auipc   t5, 0x4
core   0: 3 0x8000c378 (0x00004f17) x30 0x80010378
core   0: 0x8000c37c (0xc83f2423) sw      gp, -888(t5)
core   0: 3 0x8000c37c (0xc83f2423) mem 0x80010000 0x00000001
core   0: 0x8000c380 (0xff9ff06f) j       pc - 0x8
core   0: 3 0x8000c380 (0xff9ff06f)
core   0: 0x8000c378 (0x00004f17) auipc   t5, 0x4
core   0: 3 0x8000c378 (0x00004f17) x30 0x80010378
core   0: 0x8000c37c (0xc83f2423) sw      gp, -888(t5)
core   0: 3 0x8000c37c (0xc83f2423) mem 0x80010000 0x00000001
core   0: 0x8000c380 (0xff9ff06f) j       pc - 0x8
core   0: 3 0x8000c380 (0xff9ff06f)
core   0: 0x8000c378 (0x00004f17) auipc   t5, 0x4
core   0: 3 0x8000c378 (0x00004f17) x30 0x80010378
core   0: 0x8000c37c (0xc83f2423) sw      gp, -888(t5)
core   0: 3 0x8000c37c (0xc83f2423) mem 0x80010000 0x00000001
core   0: 0x8000c380 (0xff9ff06f) j       pc - 0x8
core   0: 3 0x8000c380 (0xff9ff06f)
core   0: 0x8000c378 (0x00004f17) auipc   t5, 0x4
core   0: 3 0x8000c378 (0x00004f17) x30 0x80010378
core   0: 0x8000c37c (0xc83f2423) sw      gp, -888(t5)
core   0: 3 0x8000c37c (0xc83f2423) mem 0x80010000 0x00000001
core   0: 0x8000c380 (0xff9ff06f) j       pc - 0x8
core   0: 3 0x8000c380 (0xff9ff06f)
core   0: 0x8000c378 (0x00004f17) auipc   t5, 0x4
core   0: 3 0x8000c378 (0x00004f17) x30 0x80010378
core   0: 0x8000c37c (0xc83f2423) sw      gp, -888(t5)
core   0: 3 0x8000c37c (0xc83f2423) mem 0x80010000 0x00000001
core   0: 0x8000c380 (0xff9ff06f) j       pc - 0x8
core   0: 3 0x8000c380 (0xff9ff06f)
core   0: 0x8000c378 (0x00004f17) auipc   t5, 0x4
core   0: 3 0x8000c378 (0x00004f17) x30 0x80010378
core   0: 0x8000c37c (0xc83f2423) sw      gp, -888(t5)
core   0: 3 0x8000c37c (0xc83f2423) mem 0x80010000 0x00000001
core   0: 0x8000c380 (0xff9ff06f) j       pc - 0x8
core   0: 3 0x8000c380 (0xff9ff06f)
core   0: 0x8000c378 (0x00004f17) auipc   t5, 0x4
core   0: 3 0x8000c378 (0x00004f17) x30 0x80010378
core   0: 0x8000c37c (0xc83f2423) sw      gp, -888(t5)
core   0: 3 0x8000c37c (0xc83f2423) mem 0x80010000 0x00000001
core   0: 0x8000c380 (0xff9ff06f) j       pc - 0x8
core   0: 3 0x8000c380 (0xff9ff06f)
core   0: 0x8000c378 (0x00004f17) auipc   t5, 0x4
core   0: 3 0x8000c378 (0x00004f17) x30 0x80010378
core   0: 0x8000c37c (0xc83f2423) sw      gp, -888(t5)
core   0: 3 0x8000c37c (0xc83f2423) mem 0x80010000 0x00000001
core   0: 0x8000c380 (0xff9ff06f) j       pc - 0x8
core   0: 3 0x8000c380 (0xff9ff06f)
core   0: 0x8000c378 (0x00004f17) auipc   t5, 0x4
core   0: 3 0x8000c378 (0x00004f17) x30 0x80010378
core   0: 0x8000c37c (0xc83f2423) sw      gp, -888(t5)
core   0: 3 0x8000c37c (0xc83f2423) mem 0x80010000 0x00000001
core   0: 0x8000c380 (0xff9ff06f) j       pc - 0x8
core   0: 3 0x8000c380 (0xff9ff06f)
core   0: 0x8000c378 (0x00004f17) auipc   t5, 0x4
core   0: 3 0x8000c378 (0x00004f17) x30 0x80010378
core   0: 0x8000c37c (0xc83f2423) sw      gp, -888(t5)
core   0: 3 0x8000c37c (0xc83f2423) mem 0x80010000 0x00000001
core   0: 0x8000c380 (0xff9ff06f) j       pc - 0x8
core   0: 3 0x8000c380 (0xff9ff06f)
core   0: 0x8000c378 (0x00004f17) auipc   t5, 0x4
core   0: 3 0x8000c378 (0x00004f17) x30 0x80010378
core   0: 0x8000c37c (0xc83f2423) sw      gp, -888(t5)
core   0: 3 0x8000c37c (0xc83f2423) mem 0x80010000 0x00000001
core   0: 0x8000c380 (0xff9ff06f) j       pc - 0x8
core   0: 3 0x8000c380 (0xff9ff06f)
core   0: 0x8000c378 (0x00004f17) auipc   t5, 0x4
core   0: 3 0x8000c378 (0x00004f17) x30 0x80010378
core   0: 0x8000c37c (0xc83f2423) sw      gp, -888(t5)
core   0: 3 0x8000c37c (0xc83f2423) mem 0x80010000 0x00000001
core   0: 0x8000c380 (0xff9ff06f) j       pc - 0x8
core   0: 3 0x8000c380 (0xff9ff06f)
core   0: 0x8000c378 (0x00004f17) auipc   t5, 0x4
core   0: 3 0x8000c378 (0x00004f17) x30 0x80010378
core   0: 0x8000c37c (0xc83f2423) sw      gp, -888(t5)
core   0: 3 0x8000c37c (0xc83f2423) mem 0x80010000 0x00000001
core   0: 0x8000c380 (0xff9ff06f) j       pc - 0x8
core   0: 3 0x8000c380 (0xff9ff06f)
core   0: 0x8000c378 (0x00004f17) auipc   t5, 0x4
core   0: 3 0x8000c378 (0x00004f17) x30 0x80010378
core   0: 0x8000c37c (0xc83f2423) sw      gp, -888(t5)
core   0: 3 0x8000c37c (0xc83f2423) mem 0x80010000 0x00000001
core   0: 0x8000c380 (0xff9ff06f) j       pc - 0x8
core   0: 3 0x8000c380 (0xff9ff06f)
core   0: 0x8000c378 (0x00004f17) auipc   t5, 0x4
core   0: 3 0x8000c378 (0x00004f17) x30 0x80010378
core   0: 0x8000c37c (0xc83f2423) sw      gp, -888(t5)
core   0: 3 0x8000c37c (0xc83f2423) mem 0x80010000 0x00000001
core   0: 0x8000c380 (0xff9ff06f) j       pc - 0x8
core   0: 3 0x8000c380 (0xff9ff06f)
core   0: 0x8000c378 (0x00004f17) auipc   t5, 0x4
core   0: 3 0x8000c378 (0x00004f17) x30 0x80010378
core   0: 0x8000c37c (0xc83f2423) sw      gp, -888(t5)
core   0: 3 0x8000c37c (0xc83f2423) mem 0x80010000 0x00000001
core   0: 0x8000c380 (0xff9ff06f) j       pc - 0x8
core   0: 3 0x8000c380 (0xff9ff06f)
core   0: 0x8000c378 (0x00004f17) auipc   t5, 0x4
core   0: 3 0x8000c378 (0x00004f17) x30 0x80010378
core   0: 0x8000c37c (0xc83f2423) sw      gp, -888(t5)
core   0: 3 0x8000c37c (0xc83f2423) mem 0x80010000 0x00000001
core   0: 0x8000c380 (0xff9ff06f) j       pc - 0x8
core   0: 3 0x8000c380 (0xff9ff06f)
core   0: 0x8000c378 (0x00004f17) auipc   t5, 0x4
core   0: 3 0x8000c378 (0x00004f17) x30 0x80010378
core   0: 0x8000c37c (0xc83f2423) sw      gp, -888(t5)
core   0: 3 0x8000c37c (0xc83f2423) mem 0x80010000 0x00000001
core   0: 0x8000c380 (0xff9ff06f) j       pc - 0x8
core   0: 3 0x8000c380 (0xff9ff06f)
core   0: 0x8000c378 (0x00004f17) auipc   t5, 0x4
core   0: 3 0x8000c378 (0x00004f17) x30 0x80010378
core   0: 0x8000c37c (0xc83f2423) sw      gp, -888(t5)
core   0: 3 0x8000c37c (0xc83f2423) mem 0x80010000 0x00000001
core   0: 0x8000c380 (0xff9ff06f) j       pc - 0x8
core   0: 3 0x8000c380 (0xff9ff06f)
core   0: 0x8000c378 (0x00004f17) auipc   t5, 0x4
core   0: 3 0x8000c378 (0x00004f17) x30 0x80010378
core   0: 0x8000c37c (0xc83f2423) sw      gp, -888(t5)
core   0: 3 0x8000c37c (0xc83f2423) mem 0x80010000 0x00000001
core   0: 0x8000c380 (0xff9ff06f) j       pc - 0x8
core   0: 3 0x8000c380 (0xff9ff06f)
core   0: 0x8000c378 (0x00004f17) auipc   t5, 0x4
core   0: 3 0x8000c378 (0x00004f17) x30 0x80010378
core   0: 0x8000c37c (0xc83f2423) sw      gp, -888(t5)
core   0: 3 0x8000c37c (0xc83f2423) mem 0x80010000 0x00000001
core   0: 0x8000c380 (0xff9ff06f) j       pc - 0x8
core   0: 3 0x8000c380 (0xff9ff06f)
core   0: 0x8000c378 (0x00004f17) auipc   t5, 0x4
core   0: 3 0x8000c378 (0x00004f17) x30 0x80010378
core   0: 0x8000c37c (0xc83f2423) sw      gp, -888(t5)
core   0: 3 0x8000c37c (0xc83f2423) mem 0x80010000 0x00000001
core   0: 0x8000c380 (0xff9ff06f) j       pc - 0x8
core   0: 3 0x8000c380 (0xff9ff06f)
core   0: 0x8000c378 (0x00004f17) auipc   t5, 0x4
core   0: 3 0x8000c378 (0x00004f17) x30 0x80010378
core   0: 0x8000c37c (0xc83f2423) sw      gp, -888(t5)
core   0: 3 0x8000c37c (0xc83f2423) mem 0x80010000 0x00000001
core   0: 0x8000c380 (0xff9ff06f) j       pc - 0x8
core   0: 3 0x8000c380 (0xff9ff06f)
core   0: 0x8000c378 (0x00004f17) auipc   t5, 0x4
core   0: 3 0x8000c378 (0x00004f17) x30 0x80010378
core   0: 0x8000c37c (0xc83f2423) sw      gp, -888(t5)
core   0: 3 0x8000c37c (0xc83f2423) mem 0x80010000 0x00000001
core   0: 0x8000c380 (0xff9ff06f) j       pc - 0x8
core   0: 3 0x8000c380 (0xff9ff06f)
core   0: 0x8000c378 (0x00004f17) auipc   t5, 0x4
core   0: 3 0x8000c378 (0x00004f17) x30 0x80010378
core   0: 0x8000c37c (0xc83f2423) sw      gp, -888(t5)
core   0: 3 0x8000c37c (0xc83f2423) mem 0x80010000 0x00000001
core   0: 0x8000c380 (0xff9ff06f) j       pc - 0x8
core   0: 3 0x8000c380 (0xff9ff06f)
core   0: 0x8000c378 (0x00004f17) auipc   t5, 0x4
core   0: 3 0x8000c378 (0x00004f17) x30 0x80010378
core   0: 0x8000c37c (0xc83f2423) sw      gp, -888(t5)
core   0: 3 0x8000c37c (0xc83f2423) mem 0x80010000 0x00000001
core   0: 0x8000c380 (0xff9ff06f) j       pc - 0x8
core   0: 3 0x8000c380 (0xff9ff06f)
core   0: 0x8000c378 (0x00004f17) auipc   t5, 0x4
core   0: 3 0x8000c378 (0x00004f17) x30 0x80010378
core   0: 0x8000c37c (0xc83f2423) sw      gp, -888(t5)
core   0: 3 0x8000c37c (0xc83f2423) mem 0x80010000 0x00000001
core   0: 0x8000c380 (0xff9ff06f) j       pc - 0x8
core   0: 3 0x8000c380 (0xff9ff06f)
core   0: 0x8000c378 (0x00004f17) auipc   t5, 0x4
core   0: 3 0x8000c378 (0x00004f17) x30 0x80010378
core   0: 0x8000c37c (0xc83f2423) sw      gp, -888(t5)
core   0: 3 0x8000c37c (0xc83f2423) mem 0x80010000 0x00000001
core   0: 0x8000c380 (0xff9ff06f) j       pc - 0x8
core   0: 3 0x8000c380 (0xff9ff06f)
core   0: 0x8000c378 (0x00004f17) auipc   t5, 0x4
core   0: 3 0x8000c378 (0x00004f17) x30 0x80010378
core   0: 0x8000c37c (0xc83f2423) sw      gp, -888(t5)
core   0: 3 0x8000c37c (0xc83f2423) mem 0x80010000 0x00000001
core   0: 0x8000c380 (0xff9ff06f) j       pc - 0x8
core   0: 3 0x8000c380 (0xff9ff06f)
core   0: 0x8000c378 (0x00004f17) auipc   t5, 0x4
core   0: 3 0x8000c378 (0x00004f17) x30 0x80010378
core   0: 0x8000c37c (0xc83f2423) sw      gp, -888(t5)
core   0: 3 0x8000c37c (0xc83f2423) mem 0x80010000 0x00000001
core   0: 0x8000c380 (0xff9ff06f) j       pc - 0x8
core   0: 3 0x8000c380 (0xff9ff06f)
core   0: 0x8000c378 (0x00004f17) auipc   t5, 0x4
core   0: 3 0x8000c378 (0x00004f17) x30 0x80010378
core   0: 0x8000c37c (0xc83f2423) sw      gp, -888(t5)
core   0: 3 0x8000c37c (0xc83f2423) mem 0x80010000 0x00000001
core   0: 0x8000c380 (0xff9ff06f) j       pc - 0x8
core   0: 3 0x8000c380 (0xff9ff06f)
core   0: 0x8000c378 (0x00004f17) auipc   t5, 0x4
core   0: 3 0x8000c378 (0x00004f17) x30 0x80010378
core   0: 0x8000c37c (0xc83f2423) sw      gp, -888(t5)
core   0: 3 0x8000c37c (0xc83f2423) mem 0x80010000 0x00000001
core   0: 0x8000c380 (0xff9ff06f) j       pc - 0x8
core   0: 3 0x8000c380 (0xff9ff06f)
core   0: 0x8000c378 (0x00004f17) auipc   t5, 0x4
core   0: 3 0x8000c378 (0x00004f17) x30 0x80010378
core   0: 0x8000c37c (0xc83f2423) sw      gp, -888(t5)
core   0: 3 0x8000c37c (0xc83f2423) mem 0x80010000 0x00000001
core   0: 0x8000c380 (0xff9ff06f) j       pc - 0x8
core   0: 3 0x8000c380 (0xff9ff06f)
core   0: 0x8000c378 (0x00004f17) auipc   t5, 0x4
core   0: 3 0x8000c378 (0x00004f17) x30 0x80010378
core   0: 0x8000c37c (0xc83f2423) sw      gp, -888(t5)
core   0: 3 0x8000c37c (0xc83f2423) mem 0x80010000 0x00000001
core   0: 0x8000c380 (0xff9ff06f) j       pc - 0x8
core   0: 3 0x8000c380 (0xff9ff06f)
core   0: 0x8000c378 (0x00004f17) auipc   t5, 0x4
core   0: 3 0x8000c378 (0x00004f17) x30 0x80010378
core   0: 0x8000c37c (0xc83f2423) sw      gp, -888(t5)
core   0: 3 0x8000c37c (0xc83f2423) mem 0x80010000 0x00000001
core   0: 0x8000c380 (0xff9ff06f) j       pc - 0x8
core   0: 3 0x8000c380 (0xff9ff06f)
core   0: 0x8000c378 (0x00004f17) auipc   t5, 0x4
core   0: 3 0x8000c378 (0x00004f17) x30 0x80010378
core   0: 0x8000c37c (0xc83f2423) sw      gp, -888(t5)
core   0: 3 0x8000c37c (0xc83f2423) mem 0x80010000 0x00000001
core   0: 0x8000c380 (0xff9ff06f) j       pc - 0x8
core   0: 3 0x8000c380 (0xff9ff06f)
core   0: 0x8000c378 (0x00004f17) auipc   t5, 0x4
core   0: 3 0x8000c378 (0x00004f17) x30 0x80010378
core   0: 0x8000c37c (0xc83f2423) sw      gp, -888(t5)
core   0: 3 0x8000c37c (0xc83f2423) mem 0x80010000 0x00000001
core   0: 0x8000c380 (0xff9ff06f) j       pc - 0x8
core   0: 3 0x8000c380 (0xff9ff06f)
core   0: 0x8000c378 (0x00004f17) auipc   t5, 0x4
core   0: 3 0x8000c378 (0x00004f17) x30 0x80010378
core   0: 0x8000c37c (0xc83f2423) sw      gp, -888(t5)
core   0: 3 0x8000c37c (0xc83f2423) mem 0x80010000 0x00000001
core   0: 0x8000c380 (0xff9ff06f) j       pc - 0x8
core   0: 3 0x8000c380 (0xff9ff06f)
core   0: 0x8000c378 (0x00004f17) auipc   t5, 0x4
core   0: 3 0x8000c378 (0x00004f17) x30 0x80010378
core   0: 0x8000c37c (0xc83f2423) sw      gp, -888(t5)
core   0: 3 0x8000c37c (0xc83f2423) mem 0x80010000 0x00000001
core   0: 0x8000c380 (0xff9ff06f) j       pc - 0x8
core   0: 3 0x8000c380 (0xff9ff06f)
core   0: 0x8000c378 (0x00004f17) auipc   t5, 0x4
core   0: 3 0x8000c378 (0x00004f17) x30 0x80010378
core   0: 0x8000c37c (0xc83f2423) sw      gp, -888(t5)
core   0: 3 0x8000c37c (0xc83f2423) mem 0x80010000 0x00000001
core   0: 0x8000c380 (0xff9ff06f) j       pc - 0x8
core   0: 3 0x8000c380 (0xff9ff06f)
core   0: 0x8000c378 (0x00004f17) auipc   t5, 0x4
core   0: 3 0x8000c378 (0x00004f17) x30 0x80010378
core   0: 0x8000c37c (0xc83f2423) sw      gp, -888(t5)
core   0: 3 0x8000c37c (0xc83f2423) mem 0x80010000 0x00000001
core   0: 0x8000c380 (0xff9ff06f) j       pc - 0x8
core   0: 3 0x8000c380 (0xff9ff06f)
core   0: 0x8000c378 (0x00004f17) auipc   t5, 0x4
core   0: 3 0x8000c378 (0x00004f17) x30 0x80010378
core   0: 0x8000c37c (0xc83f2423) sw      gp, -888(t5)
core   0: 3 0x8000c37c (0xc83f2423) mem 0x80010000 0x00000001
core   0: 0x8000c380 (0xff9ff06f) j       pc - 0x8
core   0: 3 0x8000c380 (0xff9ff06f)
core   0: 0x8000c378 (0x00004f17) auipc   t5, 0x4
core   0: 3 0x8000c378 (0x00004f17) x30 0x80010378
core   0: 0x8000c37c (0xc83f2423) sw      gp, -888(t5)
core   0: 3 0x8000c37c (0xc83f2423) mem 0x80010000 0x00000001
core   0: 0x8000c380 (0xff9ff06f) j       pc - 0x8
core   0: 3 0x8000c380 (0xff9ff06f)
core   0: 0x8000c378 (0x00004f17) auipc   t5, 0x4
core   0: 3 0x8000c378 (0x00004f17) x30 0x80010378
core   0: 0x8000c37c (0xc83f2423) sw      gp, -888(t5)
core   0: 3 0x8000c37c (0xc83f2423) mem 0x80010000 0x00000001
core   0: 0x8000c380 (0xff9ff06f) j       pc - 0x8
core   0: 3 0x8000c380 (0xff9ff06f)
core   0: 0x8000c378 (0x00004f17) auipc   t5, 0x4
core   0: 3 0x8000c378 (0x00004f17) x30 0x80010378
core   0: 0x8000c37c (0xc83f2423) sw      gp, -888(t5)
core   0: 3 0x8000c37c (0xc83f2423) mem 0x80010000 0x00000001
core   0: 0x8000c380 (0xff9ff06f) j       pc - 0x8
core   0: 3 0x8000c380 (0xff9ff06f)
core   0: 0x8000c378 (0x00004f17) auipc   t5, 0x4
core   0: 3 0x8000c378 (0x00004f17) x30 0x80010378
core   0: 0x8000c37c (0xc83f2423) sw      gp, -888(t5)
core   0: 3 0x8000c37c (0xc83f2423) mem 0x80010000 0x00000001
core   0: 0x8000c380 (0xff9ff06f) j       pc - 0x8
core   0: 3 0x8000c380 (0xff9ff06f)
core   0: 0x8000c378 (0x00004f17) auipc   t5, 0x4
core   0: 3 0x8000c378 (0x00004f17) x30 0x80010378
core   0: 0x8000c37c (0xc83f2423) sw      gp, -888(t5)
core   0: 3 0x8000c37c (0xc83f2423) mem 0x80010000 0x00000001
core   0: 0x8000c380 (0xff9ff06f) j       pc - 0x8
core   0: 3 0x8000c380 (0xff9ff06f)
core   0: 0x8000c378 (0x00004f17) auipc   t5, 0x4
core   0: 3 0x8000c378 (0x00004f17) x30 0x80010378
core   0: 0x8000c37c (0xc83f2423) sw      gp, -888(t5)
core   0: 3 0x8000c37c (0xc83f2423) mem 0x80010000 0x00000001
core   0: 0x8000c380 (0xff9ff06f) j       pc - 0x8
core   0: 3 0x8000c380 (0xff9ff06f)
core   0: 0x8000c378 (0x00004f17) auipc   t5, 0x4
core   0: 3 0x8000c378 (0x00004f17) x30 0x80010378
core   0: 0x8000c37c (0xc83f2423) sw      gp, -888(t5)
core   0: 3 0x8000c37c (0xc83f2423) mem 0x80010000 0x00000001
core   0: 0x8000c380 (0xff9ff06f) j       pc - 0x8
core   0: 3 0x8000c380 (0xff9ff06f)
core   0: 0x8000c378 (0x00004f17) auipc   t5, 0x4
core   0: 3 0x8000c378 (0x00004f17) x30 0x80010378
core   0: 0x8000c37c (0xc83f2423) sw      gp, -888(t5)
core   0: 3 0x8000c37c (0xc83f2423) mem 0x80010000 0x00000001
core   0: 0x8000c380 (0xff9ff06f) j       pc - 0x8
core   0: 3 0x8000c380 (0xff9ff06f)
core   0: 0x8000c378 (0x00004f17) auipc   t5, 0x4
core   0: 3 0x8000c378 (0x00004f17) x30 0x80010378
core   0: 0x8000c37c (0xc83f2423) sw      gp, -888(t5)
core   0: 3 0x8000c37c (0xc83f2423) mem 0x80010000 0x00000001
core   0: 0x8000c380 (0xff9ff06f) j       pc - 0x8
core   0: 3 0x8000c380 (0xff9ff06f)
core   0: 0x8000c378 (0x00004f17) auipc   t5, 0x4
core   0: 3 0x8000c378 (0x00004f17) x30 0x80010378
core   0: 0x8000c37c (0xc83f2423) sw      gp, -888(t5)
core   0: 3 0x8000c37c (0xc83f2423) mem 0x80010000 0x00000001
core   0: 0x8000c380 (0xff9ff06f) j       pc - 0x8
core   0: 3 0x8000c380 (0xff9ff06f)
core   0: 0x8000c378 (0x00004f17) auipc   t5, 0x4
core   0: 3 0x8000c378 (0x00004f17) x30 0x80010378
core   0: 0x8000c37c (0xc83f2423) sw      gp, -888(t5)
core   0: 3 0x8000c37c (0xc83f2423) mem 0x80010000 0x00000001
core   0: 0x8000c380 (0xff9ff06f) j       pc - 0x8
core   0: 3 0x8000c380 (0xff9ff06f)
core   0: 0x8000c378 (0x00004f17) auipc   t5, 0x4
core   0: 3 0x8000c378 (0x00004f17) x30 0x80010378
core   0: 0x8000c37c (0xc83f2423) sw      gp, -888(t5)
core   0: 3 0x8000c37c (0xc83f2423) mem 0x80010000 0x00000001
core   0: 0x8000c380 (0xff9ff06f) j       pc - 0x8
core   0: 3 0x8000c380 (0xff9ff06f)
core   0: 0x8000c378 (0x00004f17) auipc   t5, 0x4
core   0: 3 0x8000c378 (0x00004f17) x30 0x80010378
core   0: 0x8000c37c (0xc83f2423) sw      gp, -888(t5)
core   0: 3 0x8000c37c (0xc83f2423) mem 0x80010000 0x00000001
